<?xml version="1.0" encoding="UTF-8"?>
<testsuite xmlns:xsi="http://www.w3.org/2001/XMLSchema-instance" xsi:noNamespaceSchemaLocation="https://maven.apache.org/surefire/maven-surefire-plugin/xsd/surefire-test-report.xsd" name="org.apache.hadoop.ozone.freon.TestRandomKeyGenerator" time="112.767" tests="6" errors="1" skipped="0" failures="0">
  <properties>
    <property name="awt.toolkit" value="sun.awt.X11.XToolkit"/>
    <property name="file.encoding.pkg" value="sun.io"/>
    <property name="java.specification.version" value="1.8"/>
    <property name="sun.cpu.isalist" value=""/>
    <property name="sun.jnu.encoding" value="UTF-8"/>
    <property name="java.class.path" value="/workdir/hadoop-ozone/tools/target/test-classes:/workdir/hadoop-ozone/tools/target/classes:/home/user/.m2/repository/org/apache/hadoop/hadoop-ozone-ozone-manager/0.5.0-SNAPSHOT/hadoop-ozone-ozone-manager-0.5.0-SNAPSHOT.jar:/home/user/.m2/repository/org/apache/hadoop/hadoop-hdds-docs/0.5.0-SNAPSHOT/hadoop-hdds-docs-0.5.0-SNAPSHOT.jar:/home/user/.m2/repository/org/bouncycastle/bcprov-jdk15on/1.60/bcprov-jdk15on-1.60.jar:/home/user/.m2/repository/org/apache/hadoop/hadoop-ozone-common/0.5.0-SNAPSHOT/hadoop-ozone-common-0.5.0-SNAPSHOT.jar:/home/user/.m2/repository/org/apache/commons/commons-compress/1.4.1/commons-compress-1.4.1.jar:/home/user/.m2/repository/org/tukaani/xz/1.0/xz-1.0.jar:/home/user/.m2/repository/org/apache/hadoop/hadoop-hdfs-client/3.2.0/hadoop-hdfs-client-3.2.0.jar:/home/user/.m2/repository/com/fasterxml/jackson/core/jackson-annotations/2.9.5/jackson-annotations-2.9.5.jar:/home/user/.m2/repository/org/apache/hadoop/hadoop-hdds-common/0.5.0-SNAPSHOT/hadoop-hdds-common-0.5.0-SNAPSHOT.jar:/home/user/.m2/repository/org/apache/hadoop/hadoop-hdds-config/0.5.0-SNAPSHOT/hadoop-hdds-config-0.5.0-SNAPSHOT.jar:/home/user/.m2/repository/javax/annotation/javax.annotation-api/1.2/javax.annotation-api-1.2.jar:/home/user/.m2/repository/org/apache/ratis/ratis-server/0.4.0-2337318-SNAPSHOT/ratis-server-0.4.0-2337318-SNAPSHOT.jar:/home/user/.m2/repository/org/apache/ratis/ratis-thirdparty-misc/0.2.0/ratis-thirdparty-misc-0.2.0.jar:/home/user/.m2/repository/org/apache/ratis/ratis-proto/0.4.0-2337318-SNAPSHOT/ratis-proto-0.4.0-2337318-SNAPSHOT.jar:/home/user/.m2/repository/org/apache/ratis/ratis-common/0.4.0-2337318-SNAPSHOT/ratis-common-0.4.0-2337318-SNAPSHOT.jar:/home/user/.m2/repository/org/apache/ratis/ratis-client/0.4.0-2337318-SNAPSHOT/ratis-client-0.4.0-2337318-SNAPSHOT.jar:/home/user/.m2/repository/org/apache/ratis/ratis-metrics/0.4.0-2337318-SNAPSHOT/ratis-metrics-0.4.0-2337318-SNAPSHOT.jar:/home/user/.m2/repository/org/apache/ratis/ratis-netty/0.4.0-2337318-SNAPSHOT/ratis-netty-0.4.0-2337318-SNAPSHOT.jar:/home/user/.m2/repository/org/apache/ratis/ratis-grpc/0.4.0-2337318-SNAPSHOT/ratis-grpc-0.4.0-2337318-SNAPSHOT.jar:/home/user/.m2/repository/org/rocksdb/rocksdbjni/6.0.1/rocksdbjni-6.0.1.jar:/home/user/.m2/repository/org/apache/logging/log4j/log4j-api/2.11.0/log4j-api-2.11.0.jar:/home/user/.m2/repository/org/apache/logging/log4j/log4j-core/2.11.0/log4j-core-2.11.0.jar:/home/user/.m2/repository/com/lmax/disruptor/3.4.2/disruptor-3.4.2.jar:/home/user/.m2/repository/org/apache/commons/commons-pool2/2.6.0/commons-pool2-2.6.0.jar:/home/user/.m2/repository/org/bouncycastle/bcpkix-jdk15on/1.60/bcpkix-jdk15on-1.60.jar:/home/user/.m2/repository/commons-validator/commons-validator/1.6/commons-validator-1.6.jar:/home/user/.m2/repository/commons-digester/commons-digester/1.8.1/commons-digester-1.8.1.jar:/home/user/.m2/repository/io/jaegertracing/jaeger-client/0.33.1/jaeger-client-0.33.1.jar:/home/user/.m2/repository/io/jaegertracing/jaeger-thrift/0.33.1/jaeger-thrift-0.33.1.jar:/home/user/.m2/repository/org/apache/thrift/libthrift/0.11.0/libthrift-0.11.0.jar:/home/user/.m2/repository/com/squareup/okhttp3/okhttp/3.9.0/okhttp-3.9.0.jar:/home/user/.m2/repository/com/squareup/okio/okio/1.13.0/okio-1.13.0.jar:/home/user/.m2/repository/io/jaegertracing/jaeger-core/0.33.1/jaeger-core-0.33.1.jar:/home/user/.m2/repository/io/jaegertracing/jaeger-tracerresolver/0.33.1/jaeger-tracerresolver-0.33.1.jar:/home/user/.m2/repository/io/opentracing/contrib/opentracing-tracerresolver/0.1.5/opentracing-tracerresolver-0.1.5.jar:/home/user/.m2/repository/io/opentracing/opentracing-util/0.31.0/opentracing-util-0.31.0.jar:/home/user/.m2/repository/io/opentracing/opentracing-api/0.31.0/opentracing-api-0.31.0.jar:/home/user/.m2/repository/io/opentracing/opentracing-noop/0.31.0/opentracing-noop-0.31.0.jar:/home/user/.m2/repository/org/yaml/snakeyaml/1.16/snakeyaml-1.16.jar:/home/user/.m2/repository/org/apache/hadoop/hadoop-hdds-container-service/0.5.0-SNAPSHOT/hadoop-hdds-container-service-0.5.0-SNAPSHOT.jar:/home/user/.m2/repository/org/apache/hadoop/hadoop-hdds-client/0.5.0-SNAPSHOT/hadoop-hdds-client-0.5.0-SNAPSHOT.jar:/home/user/.m2/repository/org/apache/hadoop/hadoop-hdds-tools/0.5.0-SNAPSHOT/hadoop-hdds-tools-0.5.0-SNAPSHOT.jar:/home/user/.m2/repository/org/xerial/sqlite-jdbc/3.25.2/sqlite-jdbc-3.25.2.jar:/home/user/.m2/repository/org/apache/hadoop/hadoop-hdds-server-scm/0.5.0-SNAPSHOT/hadoop-hdds-server-scm-0.5.0-SNAPSHOT.jar:/home/user/.m2/repository/org/hamcrest/hamcrest-all/1.3/hamcrest-all-1.3.jar:/home/user/.m2/repository/info/picocli/picocli/3.9.6/picocli-3.9.6.jar:/home/user/.m2/repository/com/google/protobuf/protobuf-java/2.5.0/protobuf-java-2.5.0.jar:/home/user/.m2/repository/com/google/guava/guava/11.0.2/guava-11.0.2.jar:/home/user/.m2/repository/org/apache/hadoop/hadoop-ozone-client/0.5.0-SNAPSHOT/hadoop-ozone-client-0.5.0-SNAPSHOT.jar:/workdir/hadoop-ozone/ozonefs/target/classes:/home/user/.m2/repository/org/apache/hadoop/hadoop-hdds-server-framework/0.5.0-SNAPSHOT/hadoop-hdds-server-framework-0.5.0-SNAPSHOT.jar:/home/user/.m2/repository/org/apache/hadoop/hadoop-common/3.2.0/hadoop-common-3.2.0.jar:/home/user/.m2/repository/org/apache/hadoop/hadoop-annotations/3.2.0/hadoop-annotations-3.2.0.jar:/usr/lib/jvm/java-1.8-openjdk/jre/../lib/tools.jar:/home/user/.m2/repository/commons-cli/commons-cli/1.2/commons-cli-1.2.jar:/home/user/.m2/repository/org/apache/commons/commons-math3/3.1.1/commons-math3-3.1.1.jar:/home/user/.m2/repository/org/apache/httpcomponents/httpclient/4.5.2/httpclient-4.5.2.jar:/home/user/.m2/repository/org/apache/httpcomponents/httpcore/4.4.4/httpcore-4.4.4.jar:/home/user/.m2/repository/commons-codec/commons-codec/1.11/commons-codec-1.11.jar:/home/user/.m2/repository/commons-io/commons-io/2.5/commons-io-2.5.jar:/home/user/.m2/repository/commons-net/commons-net/3.6/commons-net-3.6.jar:/home/user/.m2/repository/commons-collections/commons-collections/3.2.2/commons-collections-3.2.2.jar:/home/user/.m2/repository/javax/servlet/javax.servlet-api/3.1.0/javax.servlet-api-3.1.0.jar:/home/user/.m2/repository/org/eclipse/jetty/jetty-server/9.3.24.v20180605/jetty-server-9.3.24.v20180605.jar:/home/user/.m2/repository/org/eclipse/jetty/jetty-http/9.3.24.v20180605/jetty-http-9.3.24.v20180605.jar:/home/user/.m2/repository/org/eclipse/jetty/jetty-io/9.3.24.v20180605/jetty-io-9.3.24.v20180605.jar:/home/user/.m2/repository/org/eclipse/jetty/jetty-util/9.3.24.v20180605/jetty-util-9.3.24.v20180605.jar:/home/user/.m2/repository/org/eclipse/jetty/jetty-servlet/9.3.24.v20180605/jetty-servlet-9.3.24.v20180605.jar:/home/user/.m2/repository/org/eclipse/jetty/jetty-security/9.3.24.v20180605/jetty-security-9.3.24.v20180605.jar:/home/user/.m2/repository/org/eclipse/jetty/jetty-webapp/9.3.24.v20180605/jetty-webapp-9.3.24.v20180605.jar:/home/user/.m2/repository/org/eclipse/jetty/jetty-xml/9.3.24.v20180605/jetty-xml-9.3.24.v20180605.jar:/home/user/.m2/repository/javax/servlet/jsp/jsp-api/2.1/jsp-api-2.1.jar:/home/user/.m2/repository/com/sun/jersey/jersey-core/1.19/jersey-core-1.19.jar:/home/user/.m2/repository/javax/ws/rs/jsr311-api/1.1.1/jsr311-api-1.1.1.jar:/home/user/.m2/repository/com/sun/jersey/jersey-servlet/1.19/jersey-servlet-1.19.jar:/home/user/.m2/repository/com/sun/jersey/jersey-json/1.19/jersey-json-1.19.jar:/home/user/.m2/repository/org/codehaus/jettison/jettison/1.1/jettison-1.1.jar:/home/user/.m2/repository/com/sun/xml/bind/jaxb-impl/2.3.0.1/jaxb-impl-2.3.0.1.jar:/home/user/.m2/repository/org/codehaus/jackson/jackson-core-asl/1.9.13/jackson-core-asl-1.9.13.jar:/home/user/.m2/repository/org/codehaus/jackson/jackson-mapper-asl/1.9.13/jackson-mapper-asl-1.9.13.jar:/home/user/.m2/repository/org/codehaus/jackson/jackson-jaxrs/1.9.13/jackson-jaxrs-1.9.13.jar:/home/user/.m2/repository/org/codehaus/jackson/jackson-xc/1.9.13/jackson-xc-1.9.13.jar:/home/user/.m2/repository/com/sun/jersey/jersey-server/1.19/jersey-server-1.19.jar:/home/user/.m2/repository/commons-logging/commons-logging/1.1.3/commons-logging-1.1.3.jar:/home/user/.m2/repository/log4j/log4j/1.2.17/log4j-1.2.17.jar:/home/user/.m2/repository/commons-beanutils/commons-beanutils/1.9.3/commons-beanutils-1.9.3.jar:/home/user/.m2/repository/org/apache/commons/commons-configuration2/2.1.1/commons-configuration2-2.1.1.jar:/home/user/.m2/repository/org/apache/commons/commons-lang3/3.7/commons-lang3-3.7.jar:/home/user/.m2/repository/org/apache/commons/commons-text/1.4/commons-text-1.4.jar:/home/user/.m2/repository/org/slf4j/slf4j-api/1.7.25/slf4j-api-1.7.25.jar:/home/user/.m2/repository/org/slf4j/slf4j-log4j12/1.7.25/slf4j-log4j12-1.7.25.jar:/home/user/.m2/repository/org/apache/avro/avro/1.7.7/avro-1.7.7.jar:/home/user/.m2/repository/com/thoughtworks/paranamer/paranamer/2.3/paranamer-2.3.jar:/home/user/.m2/repository/org/xerial/snappy/snappy-java/1.0.5/snappy-java-1.0.5.jar:/home/user/.m2/repository/com/google/re2j/re2j/1.1/re2j-1.1.jar:/home/user/.m2/repository/com/google/code/gson/gson/2.2.4/gson-2.2.4.jar:/home/user/.m2/repository/org/apache/hadoop/hadoop-auth/3.2.0/hadoop-auth-3.2.0.jar:/home/user/.m2/repository/com/nimbusds/nimbus-jose-jwt/4.41.1/nimbus-jose-jwt-4.41.1.jar:/home/user/.m2/repository/com/github/stephenc/jcip/jcip-annotations/1.0-1/jcip-annotations-1.0-1.jar:/home/user/.m2/repository/net/minidev/json-smart/2.3/json-smart-2.3.jar:/home/user/.m2/repository/net/minidev/accessors-smart/1.2/accessors-smart-1.2.jar:/home/user/.m2/repository/org/apache/curator/curator-framework/2.12.0/curator-framework-2.12.0.jar:/home/user/.m2/repository/com/jcraft/jsch/0.1.54/jsch-0.1.54.jar:/home/user/.m2/repository/org/apache/curator/curator-client/2.12.0/curator-client-2.12.0.jar:/home/user/.m2/repository/org/apache/curator/curator-recipes/2.12.0/curator-recipes-2.12.0.jar:/home/user/.m2/repository/com/google/code/findbugs/jsr305/3.0.0/jsr305-3.0.0.jar:/home/user/.m2/repository/org/apache/htrace/htrace-core4/4.1.0-incubating/htrace-core4-4.1.0-incubating.jar:/home/user/.m2/repository/org/apache/zookeeper/zookeeper/3.4.13/zookeeper-3.4.13.jar:/home/user/.m2/repository/org/apache/yetus/audience-annotations/0.5.0/audience-annotations-0.5.0.jar:/home/user/.m2/repository/org/apache/kerby/kerb-simplekdc/1.0.1/kerb-simplekdc-1.0.1.jar:/home/user/.m2/repository/org/apache/kerby/kerb-client/1.0.1/kerb-client-1.0.1.jar:/home/user/.m2/repository/org/apache/kerby/kerby-config/1.0.1/kerby-config-1.0.1.jar:/home/user/.m2/repository/org/apache/kerby/kerb-core/1.0.1/kerb-core-1.0.1.jar:/home/user/.m2/repository/org/apache/kerby/kerby-pkix/1.0.1/kerby-pkix-1.0.1.jar:/home/user/.m2/repository/org/apache/kerby/kerby-asn1/1.0.1/kerby-asn1-1.0.1.jar:/home/user/.m2/repository/org/apache/kerby/kerby-util/1.0.1/kerby-util-1.0.1.jar:/home/user/.m2/repository/org/apache/kerby/kerb-common/1.0.1/kerb-common-1.0.1.jar:/home/user/.m2/repository/org/apache/kerby/kerb-crypto/1.0.1/kerb-crypto-1.0.1.jar:/home/user/.m2/repository/org/apache/kerby/kerb-util/1.0.1/kerb-util-1.0.1.jar:/home/user/.m2/repository/org/apache/kerby/token-provider/1.0.1/token-provider-1.0.1.jar:/home/user/.m2/repository/org/apache/kerby/kerb-admin/1.0.1/kerb-admin-1.0.1.jar:/home/user/.m2/repository/org/apache/kerby/kerb-server/1.0.1/kerb-server-1.0.1.jar:/home/user/.m2/repository/org/apache/kerby/kerb-identity/1.0.1/kerb-identity-1.0.1.jar:/home/user/.m2/repository/org/apache/kerby/kerby-xdr/1.0.1/kerby-xdr-1.0.1.jar:/home/user/.m2/repository/com/fasterxml/jackson/core/jackson-databind/2.9.5/jackson-databind-2.9.5.jar:/home/user/.m2/repository/com/fasterxml/jackson/core/jackson-core/2.9.5/jackson-core-2.9.5.jar:/home/user/.m2/repository/org/codehaus/woodstox/stax2-api/3.1.4/stax2-api-3.1.4.jar:/home/user/.m2/repository/com/fasterxml/woodstox/woodstox-core/5.0.3/woodstox-core-5.0.3.jar:/home/user/.m2/repository/dnsjava/dnsjava/2.1.7/dnsjava-2.1.7.jar:/home/user/.m2/repository/org/apache/hadoop/hadoop-hdfs/3.2.0/hadoop-hdfs-3.2.0.jar:/home/user/.m2/repository/org/eclipse/jetty/jetty-util-ajax/9.3.24.v20180605/jetty-util-ajax-9.3.24.v20180605.jar:/home/user/.m2/repository/commons-daemon/commons-daemon/1.0.13/commons-daemon-1.0.13.jar:/home/user/.m2/repository/io/netty/netty/3.10.5.Final/netty-3.10.5.Final.jar:/home/user/.m2/repository/io/netty/netty-all/4.0.52.Final/netty-all-4.0.52.Final.jar:/home/user/.m2/repository/org/fusesource/leveldbjni/leveldbjni-all/1.8/leveldbjni-all-1.8.jar:/home/user/.m2/repository/com/sun/xml/bind/jaxb-core/2.3.0.1/jaxb-core-2.3.0.1.jar:/home/user/.m2/repository/javax/xml/bind/jaxb-api/2.3.0/jaxb-api-2.3.0.jar:/home/user/.m2/repository/javax/activation/activation/1.1.1/activation-1.1.1.jar:/home/user/.m2/repository/io/dropwizard/metrics/metrics-core/3.2.4/metrics-core-3.2.4.jar:/home/user/.m2/repository/org/openjdk/jmh/jmh-core/1.19/jmh-core-1.19.jar:/home/user/.m2/repository/net/sf/jopt-simple/jopt-simple/4.6/jopt-simple-4.6.jar:/home/user/.m2/repository/org/openjdk/jmh/jmh-generator-annprocess/1.19/jmh-generator-annprocess-1.19.jar:/home/user/.m2/repository/com/google/code/findbugs/findbugs/3.0.1/findbugs-3.0.1.jar:/home/user/.m2/repository/net/jcip/jcip-annotations/1.0/jcip-annotations-1.0.jar:/home/user/.m2/repository/com/google/code/findbugs/bcel-findbugs/6.0/bcel-findbugs-6.0.jar:/home/user/.m2/repository/com/google/code/findbugs/jFormatString/2.0.1/jFormatString-2.0.1.jar:/home/user/.m2/repository/dom4j/dom4j/1.6.1/dom4j-1.6.1.jar:/home/user/.m2/repository/xml-apis/xml-apis/1.0.b2/xml-apis-1.0.b2.jar:/home/user/.m2/repository/org/ow2/asm/asm-debug-all/5.0.2/asm-debug-all-5.0.2.jar:/home/user/.m2/repository/org/ow2/asm/asm-commons/5.0.2/asm-commons-5.0.2.jar:/home/user/.m2/repository/org/ow2/asm/asm-tree/5.0.2/asm-tree-5.0.2.jar:/home/user/.m2/repository/org/ow2/asm/asm/5.0.4/asm-5.0.4.jar:/home/user/.m2/repository/commons-lang/commons-lang/2.6/commons-lang-2.6.jar:/home/user/.m2/repository/com/apple/AppleJavaExtensions/1.4/AppleJavaExtensions-1.4.jar:/home/user/.m2/repository/jaxen/jaxen/1.1.6/jaxen-1.1.6.jar:/home/user/.m2/repository/junit/junit/4.11/junit-4.11.jar:/home/user/.m2/repository/org/hamcrest/hamcrest-core/1.3/hamcrest-core-1.3.jar:/home/user/.m2/repository/org/apache/hadoop/hadoop-common/3.2.0/hadoop-common-3.2.0-tests.jar:/workdir/hadoop-ozone/integration-test/target/test-classes:/home/user/.m2/repository/org/apache/hadoop/hadoop-ozone-objectstore-service/0.5.0-SNAPSHOT/hadoop-ozone-objectstore-service-0.5.0-SNAPSHOT.jar:/home/user/.m2/repository/org/apache/hadoop/hadoop-ozone-s3gateway/0.5.0-SNAPSHOT/hadoop-ozone-s3gateway-0.5.0-SNAPSHOT.jar:/home/user/.m2/repository/org/jboss/weld/servlet/weld-servlet/2.4.7.Final/weld-servlet-2.4.7.Final.jar:/home/user/.m2/repository/org/glassfish/jersey/containers/jersey-container-servlet-core/2.27/jersey-container-servlet-core-2.27.jar:/home/user/.m2/repository/org/glassfish/hk2/external/javax.inject/2.5.0-b42/javax.inject-2.5.0-b42.jar:/home/user/.m2/repository/org/glassfish/jersey/core/jersey-common/2.27/jersey-common-2.27.jar:/home/user/.m2/repository/org/glassfish/hk2/osgi-resource-locator/1.0.1/osgi-resource-locator-1.0.1.jar:/home/user/.m2/repository/javax/ws/rs/javax.ws.rs-api/2.1/javax.ws.rs-api-2.1.jar:/home/user/.m2/repository/org/glassfish/jersey/ext/cdi/jersey-cdi1x/2.27/jersey-cdi1x-2.27.jar:/home/user/.m2/repository/org/glassfish/jersey/inject/jersey-hk2/2.27/jersey-hk2-2.27.jar:/home/user/.m2/repository/org/glassfish/hk2/hk2-locator/2.5.0-b42/hk2-locator-2.5.0-b42.jar:/home/user/.m2/repository/org/javassist/javassist/3.22.0-CR2/javassist-3.22.0-CR2.jar:/home/user/.m2/repository/org/glassfish/hk2/hk2-api/2.5.0/hk2-api-2.5.0.jar:/home/user/.m2/repository/org/glassfish/hk2/external/jakarta.inject/2.5.0/jakarta.inject-2.5.0.jar:/home/user/.m2/repository/org/glassfish/hk2/hk2-utils/2.5.0/hk2-utils-2.5.0.jar:/home/user/.m2/repository/jakarta/annotation/jakarta.annotation-api/1.3.4/jakarta.annotation-api-1.3.4.jar:/home/user/.m2/repository/org/glassfish/hk2/external/aopalliance-repackaged/2.5.0/aopalliance-repackaged-2.5.0.jar:/home/user/.m2/repository/com/fasterxml/jackson/dataformat/jackson-dataformat-xml/2.9.0/jackson-dataformat-xml-2.9.0.jar:/home/user/.m2/repository/com/fasterxml/jackson/module/jackson-module-jaxb-annotations/2.9.5/jackson-module-jaxb-annotations-2.9.5.jar:/home/user/.m2/repository/javax/enterprise/cdi-api/1.2/cdi-api-1.2.jar:/home/user/.m2/repository/javax/el/javax.el-api/3.0.0/javax.el-api-3.0.0.jar:/home/user/.m2/repository/javax/interceptor/javax.interceptor-api/1.2/javax.interceptor-api-1.2.jar:/home/user/.m2/repository/javax/inject/javax.inject/1/javax.inject-1.jar:/home/user/.m2/repository/org/apache/hadoop/hadoop-ozone-csi/0.5.0-SNAPSHOT/hadoop-ozone-csi-0.5.0-SNAPSHOT.jar:/home/user/.m2/repository/com/google/protobuf/protobuf-java-util/3.5.1/protobuf-java-util-3.5.1.jar:/home/user/.m2/repository/io/grpc/grpc-netty/1.17.1/grpc-netty-1.17.1.jar:/home/user/.m2/repository/io/grpc/grpc-core/1.17.1/grpc-core-1.17.1.jar:/home/user/.m2/repository/io/grpc/grpc-context/1.17.1/grpc-context-1.17.1.jar:/home/user/.m2/repository/com/google/errorprone/error_prone_annotations/2.2.0/error_prone_annotations-2.2.0.jar:/home/user/.m2/repository/org/codehaus/mojo/animal-sniffer-annotations/1.17/animal-sniffer-annotations-1.17.jar:/home/user/.m2/repository/io/opencensus/opencensus-api/0.17.0/opencensus-api-0.17.0.jar:/home/user/.m2/repository/io/opencensus/opencensus-contrib-grpc-metrics/0.17.0/opencensus-contrib-grpc-metrics-0.17.0.jar:/home/user/.m2/repository/io/netty/netty-codec-http2/4.1.30.Final/netty-codec-http2-4.1.30.Final.jar:/home/user/.m2/repository/io/netty/netty-codec-http/4.1.30.Final/netty-codec-http-4.1.30.Final.jar:/home/user/.m2/repository/io/netty/netty-codec/4.1.30.Final/netty-codec-4.1.30.Final.jar:/home/user/.m2/repository/io/netty/netty-handler/4.1.30.Final/netty-handler-4.1.30.Final.jar:/home/user/.m2/repository/io/netty/netty-handler-proxy/4.1.30.Final/netty-handler-proxy-4.1.30.Final.jar:/home/user/.m2/repository/io/netty/netty-codec-socks/4.1.30.Final/netty-codec-socks-4.1.30.Final.jar:/home/user/.m2/repository/io/netty/netty-transport-native-epoll/4.1.30.Final/netty-transport-native-epoll-4.1.30.Final.jar:/home/user/.m2/repository/io/netty/netty-common/4.1.30.Final/netty-common-4.1.30.Final.jar:/home/user/.m2/repository/io/netty/netty-buffer/4.1.30.Final/netty-buffer-4.1.30.Final.jar:/home/user/.m2/repository/io/netty/netty-transport/4.1.30.Final/netty-transport-4.1.30.Final.jar:/home/user/.m2/repository/io/netty/netty-resolver/4.1.30.Final/netty-resolver-4.1.30.Final.jar:/home/user/.m2/repository/io/netty/netty-transport-native-unix-common/4.1.30.Final/netty-transport-native-unix-common-4.1.30.Final.jar:/home/user/.m2/repository/io/grpc/grpc-protobuf/1.17.1/grpc-protobuf-1.17.1.jar:/home/user/.m2/repository/com/google/api/grpc/proto-google-common-protos/1.0.0/proto-google-common-protos-1.0.0.jar:/home/user/.m2/repository/io/grpc/grpc-protobuf-lite/1.17.1/grpc-protobuf-lite-1.17.1.jar:/home/user/.m2/repository/io/grpc/grpc-stub/1.17.1/grpc-stub-1.17.1.jar:/home/user/.m2/repository/org/apache/hadoop/hadoop-ozone-recon/0.5.0-SNAPSHOT/hadoop-ozone-recon-0.5.0-SNAPSHOT.jar:/home/user/.m2/repository/org/apache/hadoop/hadoop-ozone-reconcodegen/0.5.0-SNAPSHOT/hadoop-ozone-reconcodegen-0.5.0-SNAPSHOT.jar:/home/user/.m2/repository/com/google/inject/extensions/guice-multibindings/4.0/guice-multibindings-4.0.jar:/home/user/.m2/repository/com/google/inject/guice/4.0/guice-4.0.jar:/home/user/.m2/repository/aopalliance/aopalliance/1.0/aopalliance-1.0.jar:/home/user/.m2/repository/com/google/inject/extensions/guice-servlet/4.0/guice-servlet-4.0.jar:/home/user/.m2/repository/org/glassfish/jersey/containers/jersey-container-servlet/2.27/jersey-container-servlet-2.27.jar:/home/user/.m2/repository/org/glassfish/hk2/guice-bridge/2.5.0/guice-bridge-2.5.0.jar:/home/user/.m2/repository/org/glassfish/jersey/core/jersey-server/2.27/jersey-server-2.27.jar:/home/user/.m2/repository/org/glassfish/jersey/core/jersey-client/2.27/jersey-client-2.27.jar:/home/user/.m2/repository/org/glassfish/jersey/media/jersey-media-jaxb/2.27/jersey-media-jaxb-2.27.jar:/home/user/.m2/repository/javax/validation/validation-api/1.1.0.Final/validation-api-1.1.0.Final.jar:/home/user/.m2/repository/org/glassfish/jersey/media/jersey-media-json-jackson/2.27/jersey-media-json-jackson-2.27.jar:/home/user/.m2/repository/org/glassfish/jersey/ext/jersey-entity-filtering/2.27/jersey-entity-filtering-2.27.jar:/home/user/.m2/repository/com/google/inject/extensions/guice-assistedinject/4.0/guice-assistedinject-4.0.jar:/home/user/.m2/repository/org/jooq/jooq/3.11.10/jooq-3.11.10.jar:/home/user/.m2/repository/org/jooq/jooq-meta/3.11.10/jooq-meta-3.11.10.jar:/home/user/.m2/repository/org/jooq/jooq-codegen/3.11.10/jooq-codegen-3.11.10.jar:/home/user/.m2/repository/com/jolbox/bonecp/0.8.0.RELEASE/bonecp-0.8.0.RELEASE.jar:/home/user/.m2/repository/org/springframework/spring-jdbc/5.1.3.RELEASE/spring-jdbc-5.1.3.RELEASE.jar:/home/user/.m2/repository/org/springframework/spring-beans/5.1.3.RELEASE/spring-beans-5.1.3.RELEASE.jar:/home/user/.m2/repository/org/springframework/spring-core/5.1.3.RELEASE/spring-core-5.1.3.RELEASE.jar:/home/user/.m2/repository/org/springframework/spring-jcl/5.1.3.RELEASE/spring-jcl-5.1.3.RELEASE.jar:/home/user/.m2/repository/org/springframework/spring-tx/5.1.3.RELEASE/spring-tx-5.1.3.RELEASE.jar:/home/user/.m2/repository/org/mockito/mockito-core/2.15.0/mockito-core-2.15.0.jar:/home/user/.m2/repository/net/bytebuddy/byte-buddy/1.7.9/byte-buddy-1.7.9.jar:/home/user/.m2/repository/net/bytebuddy/byte-buddy-agent/1.7.9/byte-buddy-agent-1.7.9.jar:/home/user/.m2/repository/org/objenesis/objenesis/1.0/objenesis-1.0.jar:"/>
    <property name="java.vm.vendor" value="IcedTea"/>
    <property name="sun.arch.data.model" value="64"/>
    <property name="test.build.dir" value="/workdir/hadoop-ozone/tools/target/test-dir"/>
    <property name="test.cache.data" value=""/>
    <property name="java.vendor.url" value="https://icedtea.classpath.org"/>
    <property name="user.timezone" value=""/>
    <property name="java.vm.specification.version" value="1.8"/>
    <property name="os.name" value="Linux"/>
    <property name="test.build.data" value="/workdir/hadoop-ozone/tools/target/test-dir"/>
    <property name="user.country" value="US"/>
    <property name="sun.java.launcher" value="SUN_STANDARD"/>
    <property name="sun.boot.library.path" value="/usr/lib/jvm/java-1.8-openjdk/jre/lib/amd64"/>
    <property name="sun.java.command" value="/workdir/hadoop-ozone/tools/target/surefire/surefirebooter332276261397893809.jar /workdir/hadoop-ozone/tools/target/surefire 2019-08-30T03-23-29_726-jvmRun1 surefire6983811187720628452tmp surefire_1167066581484762965006tmp"/>
    <property name="test" value="!TestMiniChaosOzoneCluster"/>
    <property name="surefire.test.class.path" value="/workdir/hadoop-ozone/tools/target/test-classes:/workdir/hadoop-ozone/tools/target/classes:/home/user/.m2/repository/org/apache/hadoop/hadoop-ozone-ozone-manager/0.5.0-SNAPSHOT/hadoop-ozone-ozone-manager-0.5.0-SNAPSHOT.jar:/home/user/.m2/repository/org/apache/hadoop/hadoop-hdds-docs/0.5.0-SNAPSHOT/hadoop-hdds-docs-0.5.0-SNAPSHOT.jar:/home/user/.m2/repository/org/bouncycastle/bcprov-jdk15on/1.60/bcprov-jdk15on-1.60.jar:/home/user/.m2/repository/org/apache/hadoop/hadoop-ozone-common/0.5.0-SNAPSHOT/hadoop-ozone-common-0.5.0-SNAPSHOT.jar:/home/user/.m2/repository/org/apache/commons/commons-compress/1.4.1/commons-compress-1.4.1.jar:/home/user/.m2/repository/org/tukaani/xz/1.0/xz-1.0.jar:/home/user/.m2/repository/org/apache/hadoop/hadoop-hdfs-client/3.2.0/hadoop-hdfs-client-3.2.0.jar:/home/user/.m2/repository/com/fasterxml/jackson/core/jackson-annotations/2.9.5/jackson-annotations-2.9.5.jar:/home/user/.m2/repository/org/apache/hadoop/hadoop-hdds-common/0.5.0-SNAPSHOT/hadoop-hdds-common-0.5.0-SNAPSHOT.jar:/home/user/.m2/repository/org/apache/hadoop/hadoop-hdds-config/0.5.0-SNAPSHOT/hadoop-hdds-config-0.5.0-SNAPSHOT.jar:/home/user/.m2/repository/javax/annotation/javax.annotation-api/1.2/javax.annotation-api-1.2.jar:/home/user/.m2/repository/org/apache/ratis/ratis-server/0.4.0-2337318-SNAPSHOT/ratis-server-0.4.0-2337318-SNAPSHOT.jar:/home/user/.m2/repository/org/apache/ratis/ratis-thirdparty-misc/0.2.0/ratis-thirdparty-misc-0.2.0.jar:/home/user/.m2/repository/org/apache/ratis/ratis-proto/0.4.0-2337318-SNAPSHOT/ratis-proto-0.4.0-2337318-SNAPSHOT.jar:/home/user/.m2/repository/org/apache/ratis/ratis-common/0.4.0-2337318-SNAPSHOT/ratis-common-0.4.0-2337318-SNAPSHOT.jar:/home/user/.m2/repository/org/apache/ratis/ratis-client/0.4.0-2337318-SNAPSHOT/ratis-client-0.4.0-2337318-SNAPSHOT.jar:/home/user/.m2/repository/org/apache/ratis/ratis-metrics/0.4.0-2337318-SNAPSHOT/ratis-metrics-0.4.0-2337318-SNAPSHOT.jar:/home/user/.m2/repository/org/apache/ratis/ratis-netty/0.4.0-2337318-SNAPSHOT/ratis-netty-0.4.0-2337318-SNAPSHOT.jar:/home/user/.m2/repository/org/apache/ratis/ratis-grpc/0.4.0-2337318-SNAPSHOT/ratis-grpc-0.4.0-2337318-SNAPSHOT.jar:/home/user/.m2/repository/org/rocksdb/rocksdbjni/6.0.1/rocksdbjni-6.0.1.jar:/home/user/.m2/repository/org/apache/logging/log4j/log4j-api/2.11.0/log4j-api-2.11.0.jar:/home/user/.m2/repository/org/apache/logging/log4j/log4j-core/2.11.0/log4j-core-2.11.0.jar:/home/user/.m2/repository/com/lmax/disruptor/3.4.2/disruptor-3.4.2.jar:/home/user/.m2/repository/org/apache/commons/commons-pool2/2.6.0/commons-pool2-2.6.0.jar:/home/user/.m2/repository/org/bouncycastle/bcpkix-jdk15on/1.60/bcpkix-jdk15on-1.60.jar:/home/user/.m2/repository/commons-validator/commons-validator/1.6/commons-validator-1.6.jar:/home/user/.m2/repository/commons-digester/commons-digester/1.8.1/commons-digester-1.8.1.jar:/home/user/.m2/repository/io/jaegertracing/jaeger-client/0.33.1/jaeger-client-0.33.1.jar:/home/user/.m2/repository/io/jaegertracing/jaeger-thrift/0.33.1/jaeger-thrift-0.33.1.jar:/home/user/.m2/repository/org/apache/thrift/libthrift/0.11.0/libthrift-0.11.0.jar:/home/user/.m2/repository/com/squareup/okhttp3/okhttp/3.9.0/okhttp-3.9.0.jar:/home/user/.m2/repository/com/squareup/okio/okio/1.13.0/okio-1.13.0.jar:/home/user/.m2/repository/io/jaegertracing/jaeger-core/0.33.1/jaeger-core-0.33.1.jar:/home/user/.m2/repository/io/jaegertracing/jaeger-tracerresolver/0.33.1/jaeger-tracerresolver-0.33.1.jar:/home/user/.m2/repository/io/opentracing/contrib/opentracing-tracerresolver/0.1.5/opentracing-tracerresolver-0.1.5.jar:/home/user/.m2/repository/io/opentracing/opentracing-util/0.31.0/opentracing-util-0.31.0.jar:/home/user/.m2/repository/io/opentracing/opentracing-api/0.31.0/opentracing-api-0.31.0.jar:/home/user/.m2/repository/io/opentracing/opentracing-noop/0.31.0/opentracing-noop-0.31.0.jar:/home/user/.m2/repository/org/yaml/snakeyaml/1.16/snakeyaml-1.16.jar:/home/user/.m2/repository/org/apache/hadoop/hadoop-hdds-container-service/0.5.0-SNAPSHOT/hadoop-hdds-container-service-0.5.0-SNAPSHOT.jar:/home/user/.m2/repository/org/apache/hadoop/hadoop-hdds-client/0.5.0-SNAPSHOT/hadoop-hdds-client-0.5.0-SNAPSHOT.jar:/home/user/.m2/repository/org/apache/hadoop/hadoop-hdds-tools/0.5.0-SNAPSHOT/hadoop-hdds-tools-0.5.0-SNAPSHOT.jar:/home/user/.m2/repository/org/xerial/sqlite-jdbc/3.25.2/sqlite-jdbc-3.25.2.jar:/home/user/.m2/repository/org/apache/hadoop/hadoop-hdds-server-scm/0.5.0-SNAPSHOT/hadoop-hdds-server-scm-0.5.0-SNAPSHOT.jar:/home/user/.m2/repository/org/hamcrest/hamcrest-all/1.3/hamcrest-all-1.3.jar:/home/user/.m2/repository/info/picocli/picocli/3.9.6/picocli-3.9.6.jar:/home/user/.m2/repository/com/google/protobuf/protobuf-java/2.5.0/protobuf-java-2.5.0.jar:/home/user/.m2/repository/com/google/guava/guava/11.0.2/guava-11.0.2.jar:/home/user/.m2/repository/org/apache/hadoop/hadoop-ozone-client/0.5.0-SNAPSHOT/hadoop-ozone-client-0.5.0-SNAPSHOT.jar:/workdir/hadoop-ozone/ozonefs/target/classes:/home/user/.m2/repository/org/apache/hadoop/hadoop-hdds-server-framework/0.5.0-SNAPSHOT/hadoop-hdds-server-framework-0.5.0-SNAPSHOT.jar:/home/user/.m2/repository/org/apache/hadoop/hadoop-common/3.2.0/hadoop-common-3.2.0.jar:/home/user/.m2/repository/org/apache/hadoop/hadoop-annotations/3.2.0/hadoop-annotations-3.2.0.jar:/usr/lib/jvm/java-1.8-openjdk/jre/../lib/tools.jar:/home/user/.m2/repository/commons-cli/commons-cli/1.2/commons-cli-1.2.jar:/home/user/.m2/repository/org/apache/commons/commons-math3/3.1.1/commons-math3-3.1.1.jar:/home/user/.m2/repository/org/apache/httpcomponents/httpclient/4.5.2/httpclient-4.5.2.jar:/home/user/.m2/repository/org/apache/httpcomponents/httpcore/4.4.4/httpcore-4.4.4.jar:/home/user/.m2/repository/commons-codec/commons-codec/1.11/commons-codec-1.11.jar:/home/user/.m2/repository/commons-io/commons-io/2.5/commons-io-2.5.jar:/home/user/.m2/repository/commons-net/commons-net/3.6/commons-net-3.6.jar:/home/user/.m2/repository/commons-collections/commons-collections/3.2.2/commons-collections-3.2.2.jar:/home/user/.m2/repository/javax/servlet/javax.servlet-api/3.1.0/javax.servlet-api-3.1.0.jar:/home/user/.m2/repository/org/eclipse/jetty/jetty-server/9.3.24.v20180605/jetty-server-9.3.24.v20180605.jar:/home/user/.m2/repository/org/eclipse/jetty/jetty-http/9.3.24.v20180605/jetty-http-9.3.24.v20180605.jar:/home/user/.m2/repository/org/eclipse/jetty/jetty-io/9.3.24.v20180605/jetty-io-9.3.24.v20180605.jar:/home/user/.m2/repository/org/eclipse/jetty/jetty-util/9.3.24.v20180605/jetty-util-9.3.24.v20180605.jar:/home/user/.m2/repository/org/eclipse/jetty/jetty-servlet/9.3.24.v20180605/jetty-servlet-9.3.24.v20180605.jar:/home/user/.m2/repository/org/eclipse/jetty/jetty-security/9.3.24.v20180605/jetty-security-9.3.24.v20180605.jar:/home/user/.m2/repository/org/eclipse/jetty/jetty-webapp/9.3.24.v20180605/jetty-webapp-9.3.24.v20180605.jar:/home/user/.m2/repository/org/eclipse/jetty/jetty-xml/9.3.24.v20180605/jetty-xml-9.3.24.v20180605.jar:/home/user/.m2/repository/javax/servlet/jsp/jsp-api/2.1/jsp-api-2.1.jar:/home/user/.m2/repository/com/sun/jersey/jersey-core/1.19/jersey-core-1.19.jar:/home/user/.m2/repository/javax/ws/rs/jsr311-api/1.1.1/jsr311-api-1.1.1.jar:/home/user/.m2/repository/com/sun/jersey/jersey-servlet/1.19/jersey-servlet-1.19.jar:/home/user/.m2/repository/com/sun/jersey/jersey-json/1.19/jersey-json-1.19.jar:/home/user/.m2/repository/org/codehaus/jettison/jettison/1.1/jettison-1.1.jar:/home/user/.m2/repository/com/sun/xml/bind/jaxb-impl/2.3.0.1/jaxb-impl-2.3.0.1.jar:/home/user/.m2/repository/org/codehaus/jackson/jackson-core-asl/1.9.13/jackson-core-asl-1.9.13.jar:/home/user/.m2/repository/org/codehaus/jackson/jackson-mapper-asl/1.9.13/jackson-mapper-asl-1.9.13.jar:/home/user/.m2/repository/org/codehaus/jackson/jackson-jaxrs/1.9.13/jackson-jaxrs-1.9.13.jar:/home/user/.m2/repository/org/codehaus/jackson/jackson-xc/1.9.13/jackson-xc-1.9.13.jar:/home/user/.m2/repository/com/sun/jersey/jersey-server/1.19/jersey-server-1.19.jar:/home/user/.m2/repository/commons-logging/commons-logging/1.1.3/commons-logging-1.1.3.jar:/home/user/.m2/repository/log4j/log4j/1.2.17/log4j-1.2.17.jar:/home/user/.m2/repository/commons-beanutils/commons-beanutils/1.9.3/commons-beanutils-1.9.3.jar:/home/user/.m2/repository/org/apache/commons/commons-configuration2/2.1.1/commons-configuration2-2.1.1.jar:/home/user/.m2/repository/org/apache/commons/commons-lang3/3.7/commons-lang3-3.7.jar:/home/user/.m2/repository/org/apache/commons/commons-text/1.4/commons-text-1.4.jar:/home/user/.m2/repository/org/slf4j/slf4j-api/1.7.25/slf4j-api-1.7.25.jar:/home/user/.m2/repository/org/slf4j/slf4j-log4j12/1.7.25/slf4j-log4j12-1.7.25.jar:/home/user/.m2/repository/org/apache/avro/avro/1.7.7/avro-1.7.7.jar:/home/user/.m2/repository/com/thoughtworks/paranamer/paranamer/2.3/paranamer-2.3.jar:/home/user/.m2/repository/org/xerial/snappy/snappy-java/1.0.5/snappy-java-1.0.5.jar:/home/user/.m2/repository/com/google/re2j/re2j/1.1/re2j-1.1.jar:/home/user/.m2/repository/com/google/code/gson/gson/2.2.4/gson-2.2.4.jar:/home/user/.m2/repository/org/apache/hadoop/hadoop-auth/3.2.0/hadoop-auth-3.2.0.jar:/home/user/.m2/repository/com/nimbusds/nimbus-jose-jwt/4.41.1/nimbus-jose-jwt-4.41.1.jar:/home/user/.m2/repository/com/github/stephenc/jcip/jcip-annotations/1.0-1/jcip-annotations-1.0-1.jar:/home/user/.m2/repository/net/minidev/json-smart/2.3/json-smart-2.3.jar:/home/user/.m2/repository/net/minidev/accessors-smart/1.2/accessors-smart-1.2.jar:/home/user/.m2/repository/org/apache/curator/curator-framework/2.12.0/curator-framework-2.12.0.jar:/home/user/.m2/repository/com/jcraft/jsch/0.1.54/jsch-0.1.54.jar:/home/user/.m2/repository/org/apache/curator/curator-client/2.12.0/curator-client-2.12.0.jar:/home/user/.m2/repository/org/apache/curator/curator-recipes/2.12.0/curator-recipes-2.12.0.jar:/home/user/.m2/repository/com/google/code/findbugs/jsr305/3.0.0/jsr305-3.0.0.jar:/home/user/.m2/repository/org/apache/htrace/htrace-core4/4.1.0-incubating/htrace-core4-4.1.0-incubating.jar:/home/user/.m2/repository/org/apache/zookeeper/zookeeper/3.4.13/zookeeper-3.4.13.jar:/home/user/.m2/repository/org/apache/yetus/audience-annotations/0.5.0/audience-annotations-0.5.0.jar:/home/user/.m2/repository/org/apache/kerby/kerb-simplekdc/1.0.1/kerb-simplekdc-1.0.1.jar:/home/user/.m2/repository/org/apache/kerby/kerb-client/1.0.1/kerb-client-1.0.1.jar:/home/user/.m2/repository/org/apache/kerby/kerby-config/1.0.1/kerby-config-1.0.1.jar:/home/user/.m2/repository/org/apache/kerby/kerb-core/1.0.1/kerb-core-1.0.1.jar:/home/user/.m2/repository/org/apache/kerby/kerby-pkix/1.0.1/kerby-pkix-1.0.1.jar:/home/user/.m2/repository/org/apache/kerby/kerby-asn1/1.0.1/kerby-asn1-1.0.1.jar:/home/user/.m2/repository/org/apache/kerby/kerby-util/1.0.1/kerby-util-1.0.1.jar:/home/user/.m2/repository/org/apache/kerby/kerb-common/1.0.1/kerb-common-1.0.1.jar:/home/user/.m2/repository/org/apache/kerby/kerb-crypto/1.0.1/kerb-crypto-1.0.1.jar:/home/user/.m2/repository/org/apache/kerby/kerb-util/1.0.1/kerb-util-1.0.1.jar:/home/user/.m2/repository/org/apache/kerby/token-provider/1.0.1/token-provider-1.0.1.jar:/home/user/.m2/repository/org/apache/kerby/kerb-admin/1.0.1/kerb-admin-1.0.1.jar:/home/user/.m2/repository/org/apache/kerby/kerb-server/1.0.1/kerb-server-1.0.1.jar:/home/user/.m2/repository/org/apache/kerby/kerb-identity/1.0.1/kerb-identity-1.0.1.jar:/home/user/.m2/repository/org/apache/kerby/kerby-xdr/1.0.1/kerby-xdr-1.0.1.jar:/home/user/.m2/repository/com/fasterxml/jackson/core/jackson-databind/2.9.5/jackson-databind-2.9.5.jar:/home/user/.m2/repository/com/fasterxml/jackson/core/jackson-core/2.9.5/jackson-core-2.9.5.jar:/home/user/.m2/repository/org/codehaus/woodstox/stax2-api/3.1.4/stax2-api-3.1.4.jar:/home/user/.m2/repository/com/fasterxml/woodstox/woodstox-core/5.0.3/woodstox-core-5.0.3.jar:/home/user/.m2/repository/dnsjava/dnsjava/2.1.7/dnsjava-2.1.7.jar:/home/user/.m2/repository/org/apache/hadoop/hadoop-hdfs/3.2.0/hadoop-hdfs-3.2.0.jar:/home/user/.m2/repository/org/eclipse/jetty/jetty-util-ajax/9.3.24.v20180605/jetty-util-ajax-9.3.24.v20180605.jar:/home/user/.m2/repository/commons-daemon/commons-daemon/1.0.13/commons-daemon-1.0.13.jar:/home/user/.m2/repository/io/netty/netty/3.10.5.Final/netty-3.10.5.Final.jar:/home/user/.m2/repository/io/netty/netty-all/4.0.52.Final/netty-all-4.0.52.Final.jar:/home/user/.m2/repository/org/fusesource/leveldbjni/leveldbjni-all/1.8/leveldbjni-all-1.8.jar:/home/user/.m2/repository/com/sun/xml/bind/jaxb-core/2.3.0.1/jaxb-core-2.3.0.1.jar:/home/user/.m2/repository/javax/xml/bind/jaxb-api/2.3.0/jaxb-api-2.3.0.jar:/home/user/.m2/repository/javax/activation/activation/1.1.1/activation-1.1.1.jar:/home/user/.m2/repository/io/dropwizard/metrics/metrics-core/3.2.4/metrics-core-3.2.4.jar:/home/user/.m2/repository/org/openjdk/jmh/jmh-core/1.19/jmh-core-1.19.jar:/home/user/.m2/repository/net/sf/jopt-simple/jopt-simple/4.6/jopt-simple-4.6.jar:/home/user/.m2/repository/org/openjdk/jmh/jmh-generator-annprocess/1.19/jmh-generator-annprocess-1.19.jar:/home/user/.m2/repository/com/google/code/findbugs/findbugs/3.0.1/findbugs-3.0.1.jar:/home/user/.m2/repository/net/jcip/jcip-annotations/1.0/jcip-annotations-1.0.jar:/home/user/.m2/repository/com/google/code/findbugs/bcel-findbugs/6.0/bcel-findbugs-6.0.jar:/home/user/.m2/repository/com/google/code/findbugs/jFormatString/2.0.1/jFormatString-2.0.1.jar:/home/user/.m2/repository/dom4j/dom4j/1.6.1/dom4j-1.6.1.jar:/home/user/.m2/repository/xml-apis/xml-apis/1.0.b2/xml-apis-1.0.b2.jar:/home/user/.m2/repository/org/ow2/asm/asm-debug-all/5.0.2/asm-debug-all-5.0.2.jar:/home/user/.m2/repository/org/ow2/asm/asm-commons/5.0.2/asm-commons-5.0.2.jar:/home/user/.m2/repository/org/ow2/asm/asm-tree/5.0.2/asm-tree-5.0.2.jar:/home/user/.m2/repository/org/ow2/asm/asm/5.0.4/asm-5.0.4.jar:/home/user/.m2/repository/commons-lang/commons-lang/2.6/commons-lang-2.6.jar:/home/user/.m2/repository/com/apple/AppleJavaExtensions/1.4/AppleJavaExtensions-1.4.jar:/home/user/.m2/repository/jaxen/jaxen/1.1.6/jaxen-1.1.6.jar:/home/user/.m2/repository/junit/junit/4.11/junit-4.11.jar:/home/user/.m2/repository/org/hamcrest/hamcrest-core/1.3/hamcrest-core-1.3.jar:/home/user/.m2/repository/org/apache/hadoop/hadoop-common/3.2.0/hadoop-common-3.2.0-tests.jar:/workdir/hadoop-ozone/integration-test/target/test-classes:/home/user/.m2/repository/org/apache/hadoop/hadoop-ozone-objectstore-service/0.5.0-SNAPSHOT/hadoop-ozone-objectstore-service-0.5.0-SNAPSHOT.jar:/home/user/.m2/repository/org/apache/hadoop/hadoop-ozone-s3gateway/0.5.0-SNAPSHOT/hadoop-ozone-s3gateway-0.5.0-SNAPSHOT.jar:/home/user/.m2/repository/org/jboss/weld/servlet/weld-servlet/2.4.7.Final/weld-servlet-2.4.7.Final.jar:/home/user/.m2/repository/org/glassfish/jersey/containers/jersey-container-servlet-core/2.27/jersey-container-servlet-core-2.27.jar:/home/user/.m2/repository/org/glassfish/hk2/external/javax.inject/2.5.0-b42/javax.inject-2.5.0-b42.jar:/home/user/.m2/repository/org/glassfish/jersey/core/jersey-common/2.27/jersey-common-2.27.jar:/home/user/.m2/repository/org/glassfish/hk2/osgi-resource-locator/1.0.1/osgi-resource-locator-1.0.1.jar:/home/user/.m2/repository/javax/ws/rs/javax.ws.rs-api/2.1/javax.ws.rs-api-2.1.jar:/home/user/.m2/repository/org/glassfish/jersey/ext/cdi/jersey-cdi1x/2.27/jersey-cdi1x-2.27.jar:/home/user/.m2/repository/org/glassfish/jersey/inject/jersey-hk2/2.27/jersey-hk2-2.27.jar:/home/user/.m2/repository/org/glassfish/hk2/hk2-locator/2.5.0-b42/hk2-locator-2.5.0-b42.jar:/home/user/.m2/repository/org/javassist/javassist/3.22.0-CR2/javassist-3.22.0-CR2.jar:/home/user/.m2/repository/org/glassfish/hk2/hk2-api/2.5.0/hk2-api-2.5.0.jar:/home/user/.m2/repository/org/glassfish/hk2/external/jakarta.inject/2.5.0/jakarta.inject-2.5.0.jar:/home/user/.m2/repository/org/glassfish/hk2/hk2-utils/2.5.0/hk2-utils-2.5.0.jar:/home/user/.m2/repository/jakarta/annotation/jakarta.annotation-api/1.3.4/jakarta.annotation-api-1.3.4.jar:/home/user/.m2/repository/org/glassfish/hk2/external/aopalliance-repackaged/2.5.0/aopalliance-repackaged-2.5.0.jar:/home/user/.m2/repository/com/fasterxml/jackson/dataformat/jackson-dataformat-xml/2.9.0/jackson-dataformat-xml-2.9.0.jar:/home/user/.m2/repository/com/fasterxml/jackson/module/jackson-module-jaxb-annotations/2.9.5/jackson-module-jaxb-annotations-2.9.5.jar:/home/user/.m2/repository/javax/enterprise/cdi-api/1.2/cdi-api-1.2.jar:/home/user/.m2/repository/javax/el/javax.el-api/3.0.0/javax.el-api-3.0.0.jar:/home/user/.m2/repository/javax/interceptor/javax.interceptor-api/1.2/javax.interceptor-api-1.2.jar:/home/user/.m2/repository/javax/inject/javax.inject/1/javax.inject-1.jar:/home/user/.m2/repository/org/apache/hadoop/hadoop-ozone-csi/0.5.0-SNAPSHOT/hadoop-ozone-csi-0.5.0-SNAPSHOT.jar:/home/user/.m2/repository/com/google/protobuf/protobuf-java-util/3.5.1/protobuf-java-util-3.5.1.jar:/home/user/.m2/repository/io/grpc/grpc-netty/1.17.1/grpc-netty-1.17.1.jar:/home/user/.m2/repository/io/grpc/grpc-core/1.17.1/grpc-core-1.17.1.jar:/home/user/.m2/repository/io/grpc/grpc-context/1.17.1/grpc-context-1.17.1.jar:/home/user/.m2/repository/com/google/errorprone/error_prone_annotations/2.2.0/error_prone_annotations-2.2.0.jar:/home/user/.m2/repository/org/codehaus/mojo/animal-sniffer-annotations/1.17/animal-sniffer-annotations-1.17.jar:/home/user/.m2/repository/io/opencensus/opencensus-api/0.17.0/opencensus-api-0.17.0.jar:/home/user/.m2/repository/io/opencensus/opencensus-contrib-grpc-metrics/0.17.0/opencensus-contrib-grpc-metrics-0.17.0.jar:/home/user/.m2/repository/io/netty/netty-codec-http2/4.1.30.Final/netty-codec-http2-4.1.30.Final.jar:/home/user/.m2/repository/io/netty/netty-codec-http/4.1.30.Final/netty-codec-http-4.1.30.Final.jar:/home/user/.m2/repository/io/netty/netty-codec/4.1.30.Final/netty-codec-4.1.30.Final.jar:/home/user/.m2/repository/io/netty/netty-handler/4.1.30.Final/netty-handler-4.1.30.Final.jar:/home/user/.m2/repository/io/netty/netty-handler-proxy/4.1.30.Final/netty-handler-proxy-4.1.30.Final.jar:/home/user/.m2/repository/io/netty/netty-codec-socks/4.1.30.Final/netty-codec-socks-4.1.30.Final.jar:/home/user/.m2/repository/io/netty/netty-transport-native-epoll/4.1.30.Final/netty-transport-native-epoll-4.1.30.Final.jar:/home/user/.m2/repository/io/netty/netty-common/4.1.30.Final/netty-common-4.1.30.Final.jar:/home/user/.m2/repository/io/netty/netty-buffer/4.1.30.Final/netty-buffer-4.1.30.Final.jar:/home/user/.m2/repository/io/netty/netty-transport/4.1.30.Final/netty-transport-4.1.30.Final.jar:/home/user/.m2/repository/io/netty/netty-resolver/4.1.30.Final/netty-resolver-4.1.30.Final.jar:/home/user/.m2/repository/io/netty/netty-transport-native-unix-common/4.1.30.Final/netty-transport-native-unix-common-4.1.30.Final.jar:/home/user/.m2/repository/io/grpc/grpc-protobuf/1.17.1/grpc-protobuf-1.17.1.jar:/home/user/.m2/repository/com/google/api/grpc/proto-google-common-protos/1.0.0/proto-google-common-protos-1.0.0.jar:/home/user/.m2/repository/io/grpc/grpc-protobuf-lite/1.17.1/grpc-protobuf-lite-1.17.1.jar:/home/user/.m2/repository/io/grpc/grpc-stub/1.17.1/grpc-stub-1.17.1.jar:/home/user/.m2/repository/org/apache/hadoop/hadoop-ozone-recon/0.5.0-SNAPSHOT/hadoop-ozone-recon-0.5.0-SNAPSHOT.jar:/home/user/.m2/repository/org/apache/hadoop/hadoop-ozone-reconcodegen/0.5.0-SNAPSHOT/hadoop-ozone-reconcodegen-0.5.0-SNAPSHOT.jar:/home/user/.m2/repository/com/google/inject/extensions/guice-multibindings/4.0/guice-multibindings-4.0.jar:/home/user/.m2/repository/com/google/inject/guice/4.0/guice-4.0.jar:/home/user/.m2/repository/aopalliance/aopalliance/1.0/aopalliance-1.0.jar:/home/user/.m2/repository/com/google/inject/extensions/guice-servlet/4.0/guice-servlet-4.0.jar:/home/user/.m2/repository/org/glassfish/jersey/containers/jersey-container-servlet/2.27/jersey-container-servlet-2.27.jar:/home/user/.m2/repository/org/glassfish/hk2/guice-bridge/2.5.0/guice-bridge-2.5.0.jar:/home/user/.m2/repository/org/glassfish/jersey/core/jersey-server/2.27/jersey-server-2.27.jar:/home/user/.m2/repository/org/glassfish/jersey/core/jersey-client/2.27/jersey-client-2.27.jar:/home/user/.m2/repository/org/glassfish/jersey/media/jersey-media-jaxb/2.27/jersey-media-jaxb-2.27.jar:/home/user/.m2/repository/javax/validation/validation-api/1.1.0.Final/validation-api-1.1.0.Final.jar:/home/user/.m2/repository/org/glassfish/jersey/media/jersey-media-json-jackson/2.27/jersey-media-json-jackson-2.27.jar:/home/user/.m2/repository/org/glassfish/jersey/ext/jersey-entity-filtering/2.27/jersey-entity-filtering-2.27.jar:/home/user/.m2/repository/com/google/inject/extensions/guice-assistedinject/4.0/guice-assistedinject-4.0.jar:/home/user/.m2/repository/org/jooq/jooq/3.11.10/jooq-3.11.10.jar:/home/user/.m2/repository/org/jooq/jooq-meta/3.11.10/jooq-meta-3.11.10.jar:/home/user/.m2/repository/org/jooq/jooq-codegen/3.11.10/jooq-codegen-3.11.10.jar:/home/user/.m2/repository/com/jolbox/bonecp/0.8.0.RELEASE/bonecp-0.8.0.RELEASE.jar:/home/user/.m2/repository/org/springframework/spring-jdbc/5.1.3.RELEASE/spring-jdbc-5.1.3.RELEASE.jar:/home/user/.m2/repository/org/springframework/spring-beans/5.1.3.RELEASE/spring-beans-5.1.3.RELEASE.jar:/home/user/.m2/repository/org/springframework/spring-core/5.1.3.RELEASE/spring-core-5.1.3.RELEASE.jar:/home/user/.m2/repository/org/springframework/spring-jcl/5.1.3.RELEASE/spring-jcl-5.1.3.RELEASE.jar:/home/user/.m2/repository/org/springframework/spring-tx/5.1.3.RELEASE/spring-tx-5.1.3.RELEASE.jar:/home/user/.m2/repository/org/mockito/mockito-core/2.15.0/mockito-core-2.15.0.jar:/home/user/.m2/repository/net/bytebuddy/byte-buddy/1.7.9/byte-buddy-1.7.9.jar:/home/user/.m2/repository/net/bytebuddy/byte-buddy-agent/1.7.9/byte-buddy-agent-1.7.9.jar:/home/user/.m2/repository/org/objenesis/objenesis/1.0/objenesis-1.0.jar:"/>
    <property name="sun.cpu.endian" value="little"/>
    <property name="user.home" value="/home/user"/>
    <property name="user.language" value="en"/>
    <property name="java.specification.vendor" value="Oracle Corporation"/>
    <property name="java.home" value="/usr/lib/jvm/java-1.8-openjdk/jre"/>
    <property name="java.security.krb5.conf" value="/workdir/hadoop-ozone/tools/target/test-classes/krb5.conf"/>
    <property name="basedir" value="/workdir/hadoop-ozone/tools"/>
    <property name="file.separator" value="/"/>
    <property name="line.separator" value="&#10;"/>
    <property name="java.vm.specification.vendor" value="Oracle Corporation"/>
    <property name="java.specification.name" value="Java Platform API Specification"/>
    <property name="java.awt.graphicsenv" value="sun.awt.X11GraphicsEnvironment"/>
    <property name="surefire.real.class.path" value="/workdir/hadoop-ozone/tools/target/surefire/surefirebooter332276261397893809.jar"/>
    <property name="hadoop.log.dir" value="/workdir/hadoop-ozone/tools/target/log"/>
    <property name="sun.boot.class.path" value="/usr/lib/jvm/java-1.8-openjdk/jre/lib/resources.jar:/usr/lib/jvm/java-1.8-openjdk/jre/lib/rt.jar:/usr/lib/jvm/java-1.8-openjdk/jre/lib/sunrsasign.jar:/usr/lib/jvm/java-1.8-openjdk/jre/lib/jsse.jar:/usr/lib/jvm/java-1.8-openjdk/jre/lib/jce.jar:/usr/lib/jvm/java-1.8-openjdk/jre/lib/charsets.jar:/usr/lib/jvm/java-1.8-openjdk/jre/lib/jfr.jar:/usr/lib/jvm/java-1.8-openjdk/jre/classes"/>
    <property name="sun.management.compiler" value="HotSpot 64-Bit Tiered Compilers"/>
    <property name="java.runtime.version" value="1.8.0_212-b04"/>
    <property name="java.net.preferIPv4Stack" value="true"/>
    <property name="user.name" value="jenkins1000"/>
    <property name="path.separator" value=":"/>
    <property name="java.security.egd" value="file:///dev/urandom"/>
    <property name="os.version" value="3.10.0-957.12.2.el7.x86_64"/>
    <property name="java.endorsed.dirs" value="/usr/lib/jvm/java-1.8-openjdk/jre/lib/endorsed"/>
    <property name="java.runtime.name" value="OpenJDK Runtime Environment"/>
    <property name="file.encoding" value="UTF-8"/>
    <property name="java.vm.name" value="OpenJDK 64-Bit Server VM"/>
    <property name="test.build.webapps" value=""/>
    <property name="localRepository" value="/home/user/.m2/repository"/>
    <property name="java.vendor.url.bug" value="https://icedtea.classpath.org/bugzilla"/>
    <property name="java.io.tmpdir" value="/tmp"/>
    <property name="require.test.libhadoop" value=""/>
    <property name="java.version" value="1.8.0_212"/>
    <property name="user.dir" value="/workdir/hadoop-ozone/tools"/>
    <property name="os.arch" value="amd64"/>
    <property name="java.vm.specification.name" value="Java Virtual Machine Specification"/>
    <property name="test.build.classes" value="/workdir/hadoop-ozone/tools/target/test-classes"/>
    <property name="java.awt.printerjob" value="sun.print.PSPrinterJob"/>
    <property name="sun.os.patch.level" value="unknown"/>
    <property name="hadoop.tmp.dir" value="/workdir/hadoop-ozone/tools/target/tmp"/>
    <property name="java.library.path" value="/usr/lib/jvm/java-1.8-openjdk/jre/lib/amd64/server:/usr/lib/jvm/java-1.8-openjdk/jre/lib/amd64:/usr/lib/jvm/java-1.8-openjdk/jre/../lib/amd64:/workdir/hadoop-ozone/tools/target/native/target/usr/local/lib:/workdir/hadoop-ozone/tools/../../hadoop-common-project/hadoop-common/target/native/target/usr/local/lib:/usr/java/packages/lib/amd64:/usr/lib64:/lib64:/lib:/usr/lib"/>
    <property name="java.vm.info" value="mixed mode"/>
    <property name="java.vendor" value="IcedTea"/>
    <property name="java.vm.version" value="25.212-b04"/>
    <property name="java.ext.dirs" value="/usr/lib/jvm/java-1.8-openjdk/jre/lib/ext:/usr/java/packages/lib/ext"/>
    <property name="sun.io.unicode.encoding" value="UnicodeLittle"/>
    <property name="java.class.version" value="52.0"/>
  </properties>
  <testcase name="ratisTest3" classname="org.apache.hadoop.ozone.freon.TestRandomKeyGenerator" time="10.341"/>
  <testcase name="testThreadPoolSize" classname="org.apache.hadoop.ozone.freon.TestRandomKeyGenerator" time="5.035"/>
  <testcase name="defaultTest" classname="org.apache.hadoop.ozone.freon.TestRandomKeyGenerator" time="5.032"/>
  <testcase name="bigFileThan2GB" classname="org.apache.hadoop.ozone.freon.TestRandomKeyGenerator" time="52.782">
    <error message="Allocated 0 blocks. Requested 1 blocks" type="INTERNAL_ERROR org.apache.hadoop.ozone.om.exceptions.OMException">INTERNAL_ERROR org.apache.hadoop.ozone.om.exceptions.OMException: Allocated 0 blocks. Requested 1 blocks
	at org.apache.hadoop.ozone.om.protocolPB.OzoneManagerProtocolClientSideTranslatorPB.handleError(OzoneManagerProtocolClientSideTranslatorPB.java:725)
	at org.apache.hadoop.ozone.om.protocolPB.OzoneManagerProtocolClientSideTranslatorPB.allocateBlock(OzoneManagerProtocolClientSideTranslatorPB.java:757)
	at org.apache.hadoop.ozone.client.io.BlockOutputStreamEntryPool.allocateNewBlock(BlockOutputStreamEntryPool.java:248)
	at org.apache.hadoop.ozone.client.io.BlockOutputStreamEntryPool.allocateBlockIfNeeded(BlockOutputStreamEntryPool.java:296)
	at org.apache.hadoop.ozone.client.io.KeyOutputStream.handleWrite(KeyOutputStream.java:201)
	at org.apache.hadoop.ozone.client.io.KeyOutputStream.handleRetry(KeyOutputStream.java:376)
	at org.apache.hadoop.ozone.client.io.KeyOutputStream.handleException(KeyOutputStream.java:325)
	at org.apache.hadoop.ozone.client.io.KeyOutputStream.handleFlushOrClose(KeyOutputStream.java:448)
	at org.apache.hadoop.ozone.client.io.KeyOutputStream.handleWrite(KeyOutputStream.java:235)
	at org.apache.hadoop.ozone.client.io.KeyOutputStream.write(KeyOutputStream.java:193)
	at org.apache.hadoop.ozone.client.io.OzoneOutputStream.write(OzoneOutputStream.java:49)
	at org.apache.hadoop.ozone.freon.RandomKeyGenerator.createKey(RandomKeyGenerator.java:699)
	at org.apache.hadoop.ozone.freon.RandomKeyGenerator.access$1100(RandomKeyGenerator.java:87)
	at org.apache.hadoop.ozone.freon.RandomKeyGenerator$ObjectCreator.run(RandomKeyGenerator.java:606)
	at java.util.concurrent.Executors$RunnableAdapter.call(Executors.java:511)
	at java.util.concurrent.FutureTask.run(FutureTask.java:266)
	at java.util.concurrent.ThreadPoolExecutor.runWorker(ThreadPoolExecutor.java:1149)
	at java.util.concurrent.ThreadPoolExecutor$Worker.run(ThreadPoolExecutor.java:624)
	at java.lang.Thread.run(Thread.java:748)
</error>
    <system-out><![CDATA[2019-08-30 05:17:23,787 | INFO  | SCMAudit | user=jenkins1000 | ip=192.168.36.106 | op=SEND_HEARTBEAT {datanodeUUID=73af84f3-3e88-4c8c-894c-3ad307bcac8d, command=[]} | ret=SUCCESS |  
2019-08-30 05:17:23,787 | INFO  | SCMAudit | user=jenkins1000 | ip=192.168.36.106 | op=SEND_HEARTBEAT {datanodeUUID=134d4672-e322-4e4b-b7f3-5645abb0fe8c, command=[]} | ret=SUCCESS |  
2019-08-30 05:17:23,787 | INFO  | SCMAudit | user=jenkins1000 | ip=192.168.36.106 | op=SEND_HEARTBEAT {datanodeUUID=730a25a1-dbec-44ed-975b-a44ab0096beb, command=[]} | ret=SUCCESS |  
2019-08-30 05:17:24,161 | INFO  | SCMAudit | user=jenkins1000 | ip=192.168.36.106 | op=SEND_HEARTBEAT {datanodeUUID=ea5d4b6b-4a08-401a-8c59-ecc1ca37daf5, command=[]} | ret=SUCCESS |  
2019-08-30 05:17:24,381 | INFO  | SCMAudit | user=jenkins1000 | ip=192.168.36.106 | op=SEND_HEARTBEAT {datanodeUUID=b91a4442-fd83-4a66-bee2-5c7959dbabc3, command=[]} | ret=SUCCESS |  
2019-08-30 05:17:24,787 | INFO  | SCMAudit | user=jenkins1000 | ip=192.168.36.106 | op=SEND_HEARTBEAT {datanodeUUID=73af84f3-3e88-4c8c-894c-3ad307bcac8d, command=[]} | ret=SUCCESS |  
2019-08-30 05:17:24,787 | INFO  | SCMAudit | user=jenkins1000 | ip=192.168.36.106 | op=SEND_HEARTBEAT {datanodeUUID=134d4672-e322-4e4b-b7f3-5645abb0fe8c, command=[]} | ret=SUCCESS |  
2019-08-30 05:17:24,787 | INFO  | SCMAudit | user=jenkins1000 | ip=192.168.36.106 | op=SEND_HEARTBEAT {datanodeUUID=730a25a1-dbec-44ed-975b-a44ab0096beb, command=[]} | ret=SUCCESS |  
2019-08-30 05:17:25,162 | INFO  | SCMAudit | user=jenkins1000 | ip=192.168.36.106 | op=SEND_HEARTBEAT {datanodeUUID=ea5d4b6b-4a08-401a-8c59-ecc1ca37daf5, command=[]} | ret=SUCCESS |  
2019-08-30 05:17:25,381 | INFO  | SCMAudit | user=jenkins1000 | ip=192.168.36.106 | op=SEND_HEARTBEAT {datanodeUUID=b91a4442-fd83-4a66-bee2-5c7959dbabc3, command=[]} | ret=SUCCESS |  
2019-08-30 05:17:25,786 | INFO  | SCMAudit | user=jenkins1000 | ip=192.168.36.106 | op=SEND_HEARTBEAT {datanodeUUID=134d4672-e322-4e4b-b7f3-5645abb0fe8c, command=[]} | ret=SUCCESS |  
2019-08-30 05:17:25,786 | INFO  | SCMAudit | user=jenkins1000 | ip=192.168.36.106 | op=SEND_HEARTBEAT {datanodeUUID=73af84f3-3e88-4c8c-894c-3ad307bcac8d, command=[]} | ret=SUCCESS |  
2019-08-30 05:17:25,786 | INFO  | SCMAudit | user=jenkins1000 | ip=192.168.36.106 | op=SEND_HEARTBEAT {datanodeUUID=730a25a1-dbec-44ed-975b-a44ab0096beb, command=[]} | ret=SUCCESS |  
2019-08-30 05:17:26,161 | INFO  | SCMAudit | user=jenkins1000 | ip=192.168.36.106 | op=SEND_HEARTBEAT {datanodeUUID=ea5d4b6b-4a08-401a-8c59-ecc1ca37daf5, command=[]} | ret=SUCCESS |  
2019-08-30 05:17:26,381 | INFO  | SCMAudit | user=jenkins1000 | ip=192.168.36.106 | op=SEND_HEARTBEAT {datanodeUUID=b91a4442-fd83-4a66-bee2-5c7959dbabc3, command=[]} | ret=SUCCESS |  
2019-08-30 05:17:26,787 | INFO  | SCMAudit | user=jenkins1000 | ip=192.168.36.106 | op=SEND_HEARTBEAT {datanodeUUID=134d4672-e322-4e4b-b7f3-5645abb0fe8c, command=[]} | ret=SUCCESS |  
2019-08-30 05:17:26,787 | INFO  | SCMAudit | user=jenkins1000 | ip=192.168.36.106 | op=SEND_HEARTBEAT {datanodeUUID=730a25a1-dbec-44ed-975b-a44ab0096beb, command=[]} | ret=SUCCESS |  
2019-08-30 05:17:26,787 | INFO  | SCMAudit | user=jenkins1000 | ip=192.168.36.106 | op=SEND_HEARTBEAT {datanodeUUID=73af84f3-3e88-4c8c-894c-3ad307bcac8d, command=[]} | ret=SUCCESS |  
2019-08-30 05:17:27,161 | INFO  | SCMAudit | user=jenkins1000 | ip=192.168.36.106 | op=SEND_HEARTBEAT {datanodeUUID=ea5d4b6b-4a08-401a-8c59-ecc1ca37daf5, command=[]} | ret=SUCCESS |  
2019-08-30 05:17:27,381 | INFO  | SCMAudit | user=jenkins1000 | ip=192.168.36.106 | op=SEND_HEARTBEAT {datanodeUUID=b91a4442-fd83-4a66-bee2-5c7959dbabc3, command=[]} | ret=SUCCESS |  
2019-08-30 05:17:27,787 | INFO  | SCMAudit | user=jenkins1000 | ip=192.168.36.106 | op=SEND_HEARTBEAT {datanodeUUID=134d4672-e322-4e4b-b7f3-5645abb0fe8c, command=[]} | ret=SUCCESS |  
2019-08-30 05:17:27,787 | INFO  | SCMAudit | user=jenkins1000 | ip=192.168.36.106 | op=SEND_HEARTBEAT {datanodeUUID=73af84f3-3e88-4c8c-894c-3ad307bcac8d, command=[]} | ret=SUCCESS |  
2019-08-30 05:17:27,787 | INFO  | SCMAudit | user=jenkins1000 | ip=192.168.36.106 | op=SEND_HEARTBEAT {datanodeUUID=730a25a1-dbec-44ed-975b-a44ab0096beb, command=[]} | ret=SUCCESS |  
2019-08-30 05:17:28,162 | INFO  | SCMAudit | user=jenkins1000 | ip=192.168.36.106 | op=SEND_HEARTBEAT {datanodeUUID=ea5d4b6b-4a08-401a-8c59-ecc1ca37daf5, command=[]} | ret=SUCCESS |  
2019-08-30 05:17:28,382 | INFO  | SCMAudit | user=jenkins1000 | ip=192.168.36.106 | op=SEND_HEARTBEAT {datanodeUUID=b91a4442-fd83-4a66-bee2-5c7959dbabc3, command=[]} | ret=SUCCESS |  
2019-08-30 05:17:28,790 | INFO  | SCMAudit | user=jenkins1000 | ip=192.168.36.106 | op=SEND_HEARTBEAT {datanodeUUID=134d4672-e322-4e4b-b7f3-5645abb0fe8c, command=[]} | ret=SUCCESS |  
2019-08-30 05:17:28,790 | INFO  | SCMAudit | user=jenkins1000 | ip=192.168.36.106 | op=SEND_HEARTBEAT {datanodeUUID=730a25a1-dbec-44ed-975b-a44ab0096beb, command=[]} | ret=SUCCESS |  
2019-08-30 05:17:28,790 | INFO  | SCMAudit | user=jenkins1000 | ip=192.168.36.106 | op=SEND_HEARTBEAT {datanodeUUID=73af84f3-3e88-4c8c-894c-3ad307bcac8d, command=[]} | ret=SUCCESS |  
2019-08-30 05:17:29,162 | INFO  | SCMAudit | user=jenkins1000 | ip=192.168.36.106 | op=SEND_HEARTBEAT {datanodeUUID=ea5d4b6b-4a08-401a-8c59-ecc1ca37daf5, command=[]} | ret=SUCCESS |  
2019-08-30 05:17:29,382 | INFO  | SCMAudit | user=jenkins1000 | ip=192.168.36.106 | op=SEND_HEARTBEAT {datanodeUUID=b91a4442-fd83-4a66-bee2-5c7959dbabc3, command=[]} | ret=SUCCESS |  
2019-08-30 05:17:29,787 | INFO  | SCMAudit | user=jenkins1000 | ip=192.168.36.106 | op=SEND_HEARTBEAT {datanodeUUID=730a25a1-dbec-44ed-975b-a44ab0096beb, command=[]} | ret=SUCCESS |  
2019-08-30 05:17:29,787 | INFO  | SCMAudit | user=jenkins1000 | ip=192.168.36.106 | op=SEND_HEARTBEAT {datanodeUUID=134d4672-e322-4e4b-b7f3-5645abb0fe8c, command=[]} | ret=SUCCESS |  
2019-08-30 05:17:29,788 | INFO  | SCMAudit | user=jenkins1000 | ip=192.168.36.106 | op=SEND_HEARTBEAT {datanodeUUID=73af84f3-3e88-4c8c-894c-3ad307bcac8d, command=[]} | ret=SUCCESS |  
2019-08-30 05:17:30,162 | INFO  | SCMAudit | user=jenkins1000 | ip=192.168.36.106 | op=SEND_HEARTBEAT {datanodeUUID=ea5d4b6b-4a08-401a-8c59-ecc1ca37daf5, command=[]} | ret=SUCCESS |  
2019-08-30 05:17:30,382 | INFO  | SCMAudit | user=jenkins1000 | ip=192.168.36.106 | op=SEND_HEARTBEAT {datanodeUUID=b91a4442-fd83-4a66-bee2-5c7959dbabc3, command=[]} | ret=SUCCESS |  
2019-08-30 05:17:30,787 | INFO  | SCMAudit | user=jenkins1000 | ip=192.168.36.106 | op=SEND_HEARTBEAT {datanodeUUID=134d4672-e322-4e4b-b7f3-5645abb0fe8c, command=[]} | ret=SUCCESS |  
2019-08-30 05:17:30,787 | INFO  | SCMAudit | user=jenkins1000 | ip=192.168.36.106 | op=SEND_HEARTBEAT {datanodeUUID=730a25a1-dbec-44ed-975b-a44ab0096beb, command=[]} | ret=SUCCESS |  
2019-08-30 05:17:30,788 | INFO  | SCMAudit | user=jenkins1000 | ip=192.168.36.106 | op=SEND_HEARTBEAT {datanodeUUID=73af84f3-3e88-4c8c-894c-3ad307bcac8d, command=[]} | ret=SUCCESS |  
2019-08-30 05:17:31,123 [main] INFO  freon.RandomKeyGenerator (RandomKeyGenerator.java:call(275)) - Number of Threads: 1
2019-08-30 05:17:31,124 [main] INFO  freon.RandomKeyGenerator (RandomKeyGenerator.java:call(280)) - Number of Volumes: 1.
2019-08-30 05:17:31,124 [main] INFO  freon.RandomKeyGenerator (RandomKeyGenerator.java:call(281)) - Number of Buckets per Volume: 1.
2019-08-30 05:17:31,124 [main] INFO  freon.RandomKeyGenerator (RandomKeyGenerator.java:call(282)) - Number of Keys per Bucket: 1.
2019-08-30 05:17:31,124 [main] INFO  freon.RandomKeyGenerator (RandomKeyGenerator.java:call(283)) - Key size: 2147483657 bytes
2019-08-30 05:17:31,124 [main] INFO  freon.RandomKeyGenerator (RandomKeyGenerator.java:call(284)) - Buffer size: 4096 bytes
2019-08-30 05:17:31,126 [main] INFO  freon.RandomKeyGenerator (RandomKeyGenerator.java:call(298)) - Data validation is enabled.
2019-08-30 05:17:31,126 [main] INFO  freon.RandomKeyGenerator (RandomKeyGenerator.java:call(304)) - Starting progress bar Thread.

2019-08-30 05:17:31,126 [pool-282-thread-1] INFO  rpc.RpcClient (RpcClient.java:createVolume(293)) - Creating Volume: vol-0-00977, with jenkins1000 as owner.
 0.00% |█                                                                                                    |  0/1 Time: 0:00:002019-08-30 05:17:31,133 | INFO  | OMAudit | user=jenkins1000 | ip=127.0.0.1 | op=CREATE_VOLUME {admin=jenkins1000, owner=jenkins1000, volume=vol-0-00977, creationTime=1567142251133, quotaInBytes=1152921504606846976} | ret=SUCCESS |  
2019-08-30 05:17:31,135 | INFO  | OMAudit | user=jenkins1000 | ip=127.0.0.1 | op=READ_VOLUME {volume=vol-0-00977} | ret=SUCCESS |  
2019-08-30 05:17:31,136 [pool-282-thread-1] INFO  rpc.RpcClient (RpcClient.java:createBucket(432)) - Creating Bucket: vol-0-00977/bucket-0-44205, with Versioning false and Storage Type set to DISK and Encryption set to false 
2019-08-30 05:17:31,138 | INFO  | OMAudit | user=jenkins1000 | ip=127.0.0.1 | op=CREATE_BUCKET {volume=vol-0-00977, bucket=bucket-0-44205, acls=[user:jenkins1000:a[ACCESS], group:default:a[ACCESS]], isVersionEnabled=false, storageType=DISK, creationTime=0} | ret=SUCCESS |  
2019-08-30 05:17:31,139 | INFO  | OMAudit | user=jenkins1000 | ip=127.0.0.1 | op=READ_BUCKET {volume=vol-0-00977, bucket=bucket-0-44205} | ret=SUCCESS |  
2019-08-30 05:17:31,156 | INFO  | SCMAudit | user=jenkins1000 | ip=192.168.36.106 | op=ALLOCATE_BLOCK {owner=85755eb5-052d-48fa-b271-2fe4d8754e12, size=4194304, type=RATIS, factor=THREE} | ret=SUCCESS |  
2019-08-30 05:17:31,163 | INFO  | SCMAudit | user=jenkins1000 | ip=192.168.36.106 | op=SEND_HEARTBEAT {datanodeUUID=ea5d4b6b-4a08-401a-8c59-ecc1ca37daf5, command=[]} | ret=SUCCESS |  
2019-08-30 05:17:31,171 | INFO  | OMAudit | user=jenkins1000 | ip=127.0.0.1 | op=ALLOCATE_KEY {volume=vol-0-00977, bucket=bucket-0-44205, key=key-0-32850, dataSize=2147483657, replicationType=RATIS, replicationFactor=THREE, keyLocationInfo=null} | ret=SUCCESS |  
2019-08-30 05:17:31,252 [grpc-default-executor-1] INFO  client.GrpcClientProtocolClient (GrpcClientProtocolClient.java:onNext(255)) - client-574492D41EE7->73af84f3-3e88-4c8c-894c-3ad307bcac8d: receive RaftClientReply:client-574492D41EE7->73af84f3-3e88-4c8c-894c-3ad307bcac8d@group-3CB1DFFBCDC2, cid=600, FAILED org.apache.ratis.protocol.NotLeaderException: Server 73af84f3-3e88-4c8c-894c-3ad307bcac8d is not the leader (134d4672-e322-4e4b-b7f3-5645abb0fe8c:192.168.36.106:45189). Request must be sent to leader., logIndex=0, commits[73af84f3-3e88-4c8c-894c-3ad307bcac8d:c715, 730a25a1-dbec-44ed-975b-a44ab0096beb:c715, 134d4672-e322-4e4b-b7f3-5645abb0fe8c:c715]
2019-08-30 05:17:31,284 | INFO  | DNAudit | user=null | ip=null | op=WRITE_CHUNK {blockData=conID: 3 locID: 102704234571235731 bcsId: 0} | ret=SUCCESS |  
2019-08-30 05:17:31,294 | INFO  | DNAudit | user=null | ip=null | op=WRITE_CHUNK {blockData=conID: 3 locID: 102704234571235731 bcsId: 0} | ret=SUCCESS |  
2019-08-30 05:17:31,298 | INFO  | DNAudit | user=null | ip=null | op=WRITE_CHUNK {blockData=conID: 3 locID: 102704234571235731 bcsId: 0} | ret=SUCCESS |  
2019-08-30 05:17:31,300 | INFO  | DNAudit | user=null | ip=null | op=WRITE_CHUNK {blockData=conID: 3 locID: 102704234571235731 bcsId: 0} | ret=SUCCESS |  
2019-08-30 05:17:31,307 [grpc-default-executor-1] INFO  client.GrpcClientProtocolClient (GrpcClientProtocolClient.java:onNext(255)) - client-574492D41EE7->134d4672-e322-4e4b-b7f3-5645abb0fe8c: receive RaftClientReply:client-574492D41EE7->134d4672-e322-4e4b-b7f3-5645abb0fe8c@group-3CB1DFFBCDC2, cid=600, SUCCESS, logIndex=716, commits[134d4672-e322-4e4b-b7f3-5645abb0fe8c:c716, 73af84f3-3e88-4c8c-894c-3ad307bcac8d:c715, 730a25a1-dbec-44ed-975b-a44ab0096beb:c715]
2019-08-30 05:17:31,314 | INFO  | DNAudit | user=null | ip=null | op=WRITE_CHUNK {blockData=conID: 3 locID: 102704234571235731 bcsId: 0} | ret=SUCCESS |  
2019-08-30 05:17:31,323 | INFO  | DNAudit | user=null | ip=null | op=WRITE_CHUNK {blockData=conID: 3 locID: 102704234571235731 bcsId: 0} | ret=SUCCESS |  
2019-08-30 05:17:31,325 | INFO  | DNAudit | user=null | ip=null | op=WRITE_CHUNK {blockData=conID: 3 locID: 102704234571235731 bcsId: 0} | ret=SUCCESS |  
2019-08-30 05:17:31,326 | INFO  | DNAudit | user=null | ip=null | op=PUT_BLOCK {blockData=[blockId=conID: 3 locID: 102704234571235731 bcsId: 0,size=1048576]} | ret=SUCCESS |  
2019-08-30 05:17:31,332 [grpc-default-executor-1] INFO  client.GrpcClientProtocolClient (GrpcClientProtocolClient.java:onNext(255)) - client-574492D41EE7->134d4672-e322-4e4b-b7f3-5645abb0fe8c: receive RaftClientReply:client-574492D41EE7->134d4672-e322-4e4b-b7f3-5645abb0fe8c@group-3CB1DFFBCDC2, cid=601, SUCCESS, logIndex=718, commits[134d4672-e322-4e4b-b7f3-5645abb0fe8c:c718, 73af84f3-3e88-4c8c-894c-3ad307bcac8d:c716, 730a25a1-dbec-44ed-975b-a44ab0096beb:c716]
2019-08-30 05:17:31,333 | INFO  | DNAudit | user=null | ip=null | op=WRITE_CHUNK {blockData=conID: 3 locID: 102704234571235731 bcsId: 0} | ret=SUCCESS |  
2019-08-30 05:17:31,335 | INFO  | DNAudit | user=null | ip=null | op=WRITE_CHUNK {blockData=conID: 3 locID: 102704234571235731 bcsId: 0} | ret=SUCCESS |  
2019-08-30 05:17:31,346 | INFO  | DNAudit | user=null | ip=null | op=PUT_BLOCK {blockData=[blockId=conID: 3 locID: 102704234571235731 bcsId: 0,size=1048576]} | ret=SUCCESS |  
2019-08-30 05:17:31,346 | INFO  | DNAudit | user=null | ip=null | op=PUT_BLOCK {blockData=[blockId=conID: 3 locID: 102704234571235731 bcsId: 0,size=1048576]} | ret=SUCCESS |  
2019-08-30 05:17:31,346 | INFO  | DNAudit | user=null | ip=null | op=WRITE_CHUNK {blockData=conID: 3 locID: 102704234571235731 bcsId: 0} | ret=SUCCESS |  
2019-08-30 05:17:31,347 | INFO  | DNAudit | user=null | ip=null | op=PUT_BLOCK {blockData=[blockId=conID: 3 locID: 102704234571235731 bcsId: 0,size=2097152]} | ret=SUCCESS |  
2019-08-30 05:17:31,347 [grpc-default-executor-6] INFO  client.GrpcClientProtocolClient (GrpcClientProtocolClient.java:onNext(255)) - client-574492D41EE7->134d4672-e322-4e4b-b7f3-5645abb0fe8c: receive RaftClientReply:client-574492D41EE7->134d4672-e322-4e4b-b7f3-5645abb0fe8c@group-3CB1DFFBCDC2, cid=602, SUCCESS, logIndex=719, commits[134d4672-e322-4e4b-b7f3-5645abb0fe8c:c721, 73af84f3-3e88-4c8c-894c-3ad307bcac8d:c718, 730a25a1-dbec-44ed-975b-a44ab0096beb:c718]
2019-08-30 05:17:31,350 [grpc-default-executor-6] INFO  client.GrpcClientProtocolClient (GrpcClientProtocolClient.java:onNext(255)) - client-574492D41EE7->134d4672-e322-4e4b-b7f3-5645abb0fe8c: receive RaftClientReply:client-574492D41EE7->134d4672-e322-4e4b-b7f3-5645abb0fe8c@group-3CB1DFFBCDC2, cid=603, SUCCESS, logIndex=720, commits[134d4672-e322-4e4b-b7f3-5645abb0fe8c:c721, 73af84f3-3e88-4c8c-894c-3ad307bcac8d:c718, 730a25a1-dbec-44ed-975b-a44ab0096beb:c718]
2019-08-30 05:17:31,358 | INFO  | DNAudit | user=null | ip=null | op=WRITE_CHUNK {blockData=conID: 3 locID: 102704234571235731 bcsId: 0} | ret=SUCCESS |  
2019-08-30 05:17:31,358 | INFO  | DNAudit | user=null | ip=null | op=WRITE_CHUNK {blockData=conID: 3 locID: 102704234571235731 bcsId: 0} | ret=SUCCESS |  
2019-08-30 05:17:31,381 | INFO  | SCMAudit | user=jenkins1000 | ip=192.168.36.106 | op=SEND_HEARTBEAT {datanodeUUID=b91a4442-fd83-4a66-bee2-5c7959dbabc3, command=[]} | ret=SUCCESS |  
2019-08-30 05:17:31,388 | INFO  | DNAudit | user=null | ip=null | op=WRITE_CHUNK {blockData=conID: 3 locID: 102704234571235731 bcsId: 720} | ret=SUCCESS |  
2019-08-30 05:17:31,393 | INFO  | DNAudit | user=null | ip=null | op=WRITE_CHUNK {blockData=conID: 3 locID: 102704234571235731 bcsId: 720} | ret=SUCCESS |  
2019-08-30 05:17:31,394 | INFO  | DNAudit | user=null | ip=null | op=WRITE_CHUNK {blockData=conID: 3 locID: 102704234571235731 bcsId: 720} | ret=SUCCESS |  
2019-08-30 05:17:31,401 | INFO  | DNAudit | user=null | ip=null | op=PUT_BLOCK {blockData=[blockId=conID: 3 locID: 102704234571235731 bcsId: 0,size=2097152]} | ret=SUCCESS |  
2019-08-30 05:17:31,401 | INFO  | DNAudit | user=null | ip=null | op=PUT_BLOCK {blockData=[blockId=conID: 3 locID: 102704234571235731 bcsId: 0,size=2097152]} | ret=SUCCESS |  
2019-08-30 05:17:31,402 | INFO  | DNAudit | user=null | ip=null | op=WRITE_CHUNK {blockData=conID: 3 locID: 102704234571235731 bcsId: 720} | ret=SUCCESS |  
2019-08-30 05:17:31,403 | INFO  | DNAudit | user=null | ip=null | op=PUT_BLOCK {blockData=[blockId=conID: 3 locID: 102704234571235731 bcsId: 0,size=3145728]} | ret=SUCCESS |  
2019-08-30 05:17:31,404 [grpc-default-executor-3] INFO  client.GrpcClientProtocolClient (GrpcClientProtocolClient.java:onNext(255)) - client-574492D41EE7->134d4672-e322-4e4b-b7f3-5645abb0fe8c: receive RaftClientReply:client-574492D41EE7->134d4672-e322-4e4b-b7f3-5645abb0fe8c@group-3CB1DFFBCDC2, cid=604, SUCCESS, logIndex=723, commits[134d4672-e322-4e4b-b7f3-5645abb0fe8c:c724, 73af84f3-3e88-4c8c-894c-3ad307bcac8d:c719, 730a25a1-dbec-44ed-975b-a44ab0096beb:c722]
2019-08-30 05:17:31,404 | INFO  | DNAudit | user=null | ip=null | op=WRITE_CHUNK {blockData=conID: 3 locID: 102704234571235731 bcsId: 720} | ret=SUCCESS |  
2019-08-30 05:17:31,404 | INFO  | DNAudit | user=null | ip=null | op=PUT_BLOCK {blockData=[blockId=conID: 3 locID: 102704234571235731 bcsId: 0,size=3145728]} | ret=SUCCESS |  
2019-08-30 05:17:31,404 [grpc-default-executor-3] INFO  client.GrpcClientProtocolClient (GrpcClientProtocolClient.java:onNext(255)) - client-574492D41EE7->134d4672-e322-4e4b-b7f3-5645abb0fe8c: receive RaftClientReply:client-574492D41EE7->134d4672-e322-4e4b-b7f3-5645abb0fe8c@group-3CB1DFFBCDC2, cid=605, SUCCESS, logIndex=724, commits[134d4672-e322-4e4b-b7f3-5645abb0fe8c:c724, 73af84f3-3e88-4c8c-894c-3ad307bcac8d:c722, 730a25a1-dbec-44ed-975b-a44ab0096beb:c722]
2019-08-30 05:17:31,406 | INFO  | DNAudit | user=null | ip=null | op=WRITE_CHUNK {blockData=conID: 3 locID: 102704234571235731 bcsId: 720} | ret=SUCCESS |  
2019-08-30 05:17:31,407 | INFO  | DNAudit | user=null | ip=null | op=PUT_BLOCK {blockData=[blockId=conID: 3 locID: 102704234571235731 bcsId: 0,size=3145728]} | ret=SUCCESS |  
2019-08-30 05:17:31,443 | INFO  | DNAudit | user=null | ip=null | op=WRITE_CHUNK {blockData=conID: 3 locID: 102704234571235731 bcsId: 724} | ret=SUCCESS |  
2019-08-30 05:17:31,448 | INFO  | DNAudit | user=null | ip=null | op=WRITE_CHUNK {blockData=conID: 3 locID: 102704234571235731 bcsId: 724} | ret=SUCCESS |  
2019-08-30 05:17:31,450 | INFO  | DNAudit | user=null | ip=null | op=WRITE_CHUNK {blockData=conID: 3 locID: 102704234571235731 bcsId: 724} | ret=SUCCESS |  
2019-08-30 05:17:31,456 | INFO  | DNAudit | user=null | ip=null | op=WRITE_CHUNK {blockData=conID: 3 locID: 102704234571235731 bcsId: 724} | ret=SUCCESS |  
2019-08-30 05:17:31,457 | INFO  | DNAudit | user=null | ip=null | op=PUT_BLOCK {blockData=[blockId=conID: 3 locID: 102704234571235731 bcsId: 0,size=4194304]} | ret=SUCCESS |  
2019-08-30 05:17:31,457 [grpc-default-executor-6] INFO  client.GrpcClientProtocolClient (GrpcClientProtocolClient.java:onNext(255)) - client-574492D41EE7->134d4672-e322-4e4b-b7f3-5645abb0fe8c: receive RaftClientReply:client-574492D41EE7->134d4672-e322-4e4b-b7f3-5645abb0fe8c@group-3CB1DFFBCDC2, cid=606, SUCCESS, logIndex=727, commits[134d4672-e322-4e4b-b7f3-5645abb0fe8c:c728, 73af84f3-3e88-4c8c-894c-3ad307bcac8d:c726, 730a25a1-dbec-44ed-975b-a44ab0096beb:c726]
2019-08-30 05:17:31,458 [grpc-default-executor-6] INFO  client.GrpcClientProtocolClient (GrpcClientProtocolClient.java:onNext(255)) - client-574492D41EE7->134d4672-e322-4e4b-b7f3-5645abb0fe8c: receive RaftClientReply:client-574492D41EE7->134d4672-e322-4e4b-b7f3-5645abb0fe8c@group-3CB1DFFBCDC2, cid=607, SUCCESS, logIndex=728, commits[134d4672-e322-4e4b-b7f3-5645abb0fe8c:c728, 73af84f3-3e88-4c8c-894c-3ad307bcac8d:c726, 730a25a1-dbec-44ed-975b-a44ab0096beb:c726]
2019-08-30 05:17:31,467 | INFO  | DNAudit | user=null | ip=null | op=WRITE_CHUNK {blockData=conID: 3 locID: 102704234571235731 bcsId: 724} | ret=SUCCESS |  
2019-08-30 05:17:31,467 | INFO  | DNAudit | user=null | ip=null | op=WRITE_CHUNK {blockData=conID: 3 locID: 102704234571235731 bcsId: 724} | ret=SUCCESS |  
2019-08-30 05:17:31,467 | INFO  | DNAudit | user=null | ip=null | op=PUT_BLOCK {blockData=[blockId=conID: 3 locID: 102704234571235731 bcsId: 0,size=4194304]} | ret=SUCCESS |  
2019-08-30 05:17:31,470 | INFO  | DNAudit | user=null | ip=null | op=PUT_BLOCK {blockData=[blockId=conID: 3 locID: 102704234571235731 bcsId: 0,size=4194304]} | ret=SUCCESS |  
2019-08-30 05:17:31,471 [grpc-default-executor-6] INFO  client.GrpcClientProtocolClient (GrpcClientProtocolClient.java:onNext(255)) - client-574492D41EE7->134d4672-e322-4e4b-b7f3-5645abb0fe8c: receive RaftClientReply:client-574492D41EE7->134d4672-e322-4e4b-b7f3-5645abb0fe8c@group-3CB1DFFBCDC2, cid=608, SUCCESS, logIndex=0, commits[134d4672-e322-4e4b-b7f3-5645abb0fe8c:c729, 73af84f3-3e88-4c8c-894c-3ad307bcac8d:c728, 730a25a1-dbec-44ed-975b-a44ab0096beb:c728]
2019-08-30 05:17:31,516 | INFO  | DNAudit | user=null | ip=null | op=WRITE_CHUNK {blockData=conID: 1 locID: 102704234571235732 bcsId: 0} | ret=SUCCESS |  
2019-08-30 05:17:31,523 | INFO  | DNAudit | user=null | ip=null | op=WRITE_CHUNK {blockData=conID: 1 locID: 102704234571235732 bcsId: 0} | ret=SUCCESS |  
2019-08-30 05:17:31,524 | INFO  | DNAudit | user=null | ip=null | op=WRITE_CHUNK {blockData=conID: 1 locID: 102704234571235732 bcsId: 0} | ret=SUCCESS |  
2019-08-30 05:17:31,524 | INFO  | DNAudit | user=null | ip=null | op=WRITE_CHUNK {blockData=conID: 1 locID: 102704234571235732 bcsId: 0} | ret=SUCCESS |  
2019-08-30 05:17:31,529 | INFO  | DNAudit | user=null | ip=null | op=WRITE_CHUNK {blockData=conID: 1 locID: 102704234571235732 bcsId: 0} | ret=SUCCESS |  
2019-08-30 05:17:31,530 | INFO  | DNAudit | user=null | ip=null | op=WRITE_CHUNK {blockData=conID: 1 locID: 102704234571235732 bcsId: 0} | ret=SUCCESS |  
2019-08-30 05:17:31,530 | INFO  | DNAudit | user=null | ip=null | op=WRITE_CHUNK {blockData=conID: 1 locID: 102704234571235732 bcsId: 0} | ret=SUCCESS |  
2019-08-30 05:17:31,530 | INFO  | DNAudit | user=null | ip=null | op=PUT_BLOCK {blockData=[blockId=conID: 1 locID: 102704234571235732 bcsId: 0,size=1048576]} | ret=SUCCESS |  
2019-08-30 05:17:31,532 [grpc-default-executor-3] INFO  client.GrpcClientProtocolClient (GrpcClientProtocolClient.java:onNext(255)) - client-574492D41EE7->134d4672-e322-4e4b-b7f3-5645abb0fe8c: receive RaftClientReply:client-574492D41EE7->134d4672-e322-4e4b-b7f3-5645abb0fe8c@group-3CB1DFFBCDC2, cid=609, SUCCESS, logIndex=731, commits[134d4672-e322-4e4b-b7f3-5645abb0fe8c:c732, 73af84f3-3e88-4c8c-894c-3ad307bcac8d:c728, 730a25a1-dbec-44ed-975b-a44ab0096beb:c730]
2019-08-30 05:17:31,532 [grpc-default-executor-3] INFO  client.GrpcClientProtocolClient (GrpcClientProtocolClient.java:onNext(255)) - client-574492D41EE7->134d4672-e322-4e4b-b7f3-5645abb0fe8c: receive RaftClientReply:client-574492D41EE7->134d4672-e322-4e4b-b7f3-5645abb0fe8c@group-3CB1DFFBCDC2, cid=610, SUCCESS, logIndex=732, commits[134d4672-e322-4e4b-b7f3-5645abb0fe8c:c732, 73af84f3-3e88-4c8c-894c-3ad307bcac8d:c730, 730a25a1-dbec-44ed-975b-a44ab0096beb:c730]
2019-08-30 05:17:31,548 | INFO  | DNAudit | user=null | ip=null | op=WRITE_CHUNK {blockData=conID: 1 locID: 102704234571235732 bcsId: 0} | ret=SUCCESS |  
2019-08-30 05:17:31,548 | INFO  | DNAudit | user=null | ip=null | op=WRITE_CHUNK {blockData=conID: 1 locID: 102704234571235732 bcsId: 0} | ret=SUCCESS |  
2019-08-30 05:17:31,548 | INFO  | DNAudit | user=null | ip=null | op=PUT_BLOCK {blockData=[blockId=conID: 1 locID: 102704234571235732 bcsId: 0,size=1048576]} | ret=SUCCESS |  
2019-08-30 05:17:31,549 | INFO  | DNAudit | user=null | ip=null | op=WRITE_CHUNK {blockData=conID: 1 locID: 102704234571235732 bcsId: 0} | ret=SUCCESS |  
2019-08-30 05:17:31,549 | INFO  | DNAudit | user=null | ip=null | op=PUT_BLOCK {blockData=[blockId=conID: 1 locID: 102704234571235732 bcsId: 0,size=1048576]} | ret=SUCCESS |  
2019-08-30 05:17:31,549 | INFO  | DNAudit | user=null | ip=null | op=PUT_BLOCK {blockData=[blockId=conID: 1 locID: 102704234571235732 bcsId: 0,size=2097152]} | ret=SUCCESS |  
2019-08-30 05:17:31,550 [grpc-default-executor-1] INFO  client.GrpcClientProtocolClient (GrpcClientProtocolClient.java:onNext(255)) - client-574492D41EE7->134d4672-e322-4e4b-b7f3-5645abb0fe8c: receive RaftClientReply:client-574492D41EE7->134d4672-e322-4e4b-b7f3-5645abb0fe8c@group-3CB1DFFBCDC2, cid=611, SUCCESS, logIndex=733, commits[134d4672-e322-4e4b-b7f3-5645abb0fe8c:c736, 73af84f3-3e88-4c8c-894c-3ad307bcac8d:c730, 730a25a1-dbec-44ed-975b-a44ab0096beb:c732]
2019-08-30 05:17:31,551 [grpc-default-executor-1] INFO  client.GrpcClientProtocolClient (GrpcClientProtocolClient.java:onNext(255)) - client-574492D41EE7->134d4672-e322-4e4b-b7f3-5645abb0fe8c: receive RaftClientReply:client-574492D41EE7->134d4672-e322-4e4b-b7f3-5645abb0fe8c@group-3CB1DFFBCDC2, cid=612, SUCCESS, logIndex=734, commits[134d4672-e322-4e4b-b7f3-5645abb0fe8c:c736, 73af84f3-3e88-4c8c-894c-3ad307bcac8d:c730, 730a25a1-dbec-44ed-975b-a44ab0096beb:c732]
2019-08-30 05:17:31,553 [grpc-default-executor-1] INFO  client.GrpcClientProtocolClient (GrpcClientProtocolClient.java:onNext(255)) - client-574492D41EE7->134d4672-e322-4e4b-b7f3-5645abb0fe8c: receive RaftClientReply:client-574492D41EE7->134d4672-e322-4e4b-b7f3-5645abb0fe8c@group-3CB1DFFBCDC2, cid=613, SUCCESS, logIndex=0, commits[134d4672-e322-4e4b-b7f3-5645abb0fe8c:c736, 73af84f3-3e88-4c8c-894c-3ad307bcac8d:c732, 730a25a1-dbec-44ed-975b-a44ab0096beb:c732]
2019-08-30 05:17:31,559 | INFO  | DNAudit | user=null | ip=null | op=WRITE_CHUNK {blockData=conID: 1 locID: 102704234571235732 bcsId: 0} | ret=SUCCESS |  
2019-08-30 05:17:31,560 | INFO  | DNAudit | user=null | ip=null | op=WRITE_CHUNK {blockData=conID: 1 locID: 102704234571235732 bcsId: 0} | ret=SUCCESS |  
2019-08-30 05:17:31,560 | INFO  | DNAudit | user=null | ip=null | op=PUT_BLOCK {blockData=[blockId=conID: 1 locID: 102704234571235732 bcsId: 0,size=2097152]} | ret=SUCCESS |  
2019-08-30 05:17:31,560 | INFO  | DNAudit | user=null | ip=null | op=PUT_BLOCK {blockData=[blockId=conID: 1 locID: 102704234571235732 bcsId: 0,size=2097152]} | ret=SUCCESS |  
2019-08-30 05:17:31,565 | INFO  | DNAudit | user=null | ip=null | op=WRITE_CHUNK {blockData=conID: 1 locID: 102704234571235732 bcsId: 734} | ret=SUCCESS |  
2019-08-30 05:17:31,570 | INFO  | DNAudit | user=null | ip=null | op=WRITE_CHUNK {blockData=conID: 1 locID: 102704234571235732 bcsId: 734} | ret=SUCCESS |  
2019-08-30 05:17:31,570 | INFO  | DNAudit | user=null | ip=null | op=WRITE_CHUNK {blockData=conID: 1 locID: 102704234571235732 bcsId: 734} | ret=SUCCESS |  
2019-08-30 05:17:31,580 | INFO  | DNAudit | user=null | ip=null | op=WRITE_CHUNK {blockData=conID: 1 locID: 102704234571235732 bcsId: 734} | ret=SUCCESS |  
2019-08-30 05:17:31,581 | INFO  | DNAudit | user=null | ip=null | op=PUT_BLOCK {blockData=[blockId=conID: 1 locID: 102704234571235732 bcsId: 0,size=3145728]} | ret=SUCCESS |  
2019-08-30 05:17:31,581 [grpc-default-executor-3] INFO  client.GrpcClientProtocolClient (GrpcClientProtocolClient.java:onNext(255)) - client-574492D41EE7->134d4672-e322-4e4b-b7f3-5645abb0fe8c: receive RaftClientReply:client-574492D41EE7->134d4672-e322-4e4b-b7f3-5645abb0fe8c@group-3CB1DFFBCDC2, cid=614, SUCCESS, logIndex=739, commits[134d4672-e322-4e4b-b7f3-5645abb0fe8c:c740, 73af84f3-3e88-4c8c-894c-3ad307bcac8d:c738, 730a25a1-dbec-44ed-975b-a44ab0096beb:c738]
2019-08-30 05:17:31,582 [grpc-default-executor-3] INFO  client.GrpcClientProtocolClient (GrpcClientProtocolClient.java:onNext(255)) - client-574492D41EE7->134d4672-e322-4e4b-b7f3-5645abb0fe8c: receive RaftClientReply:client-574492D41EE7->134d4672-e322-4e4b-b7f3-5645abb0fe8c@group-3CB1DFFBCDC2, cid=615, SUCCESS, logIndex=740, commits[134d4672-e322-4e4b-b7f3-5645abb0fe8c:c740, 73af84f3-3e88-4c8c-894c-3ad307bcac8d:c738, 730a25a1-dbec-44ed-975b-a44ab0096beb:c738]
2019-08-30 05:17:31,592 | INFO  | DNAudit | user=null | ip=null | op=WRITE_CHUNK {blockData=conID: 1 locID: 102704234571235732 bcsId: 734} | ret=SUCCESS |  
2019-08-30 05:17:31,592 | INFO  | DNAudit | user=null | ip=null | op=WRITE_CHUNK {blockData=conID: 1 locID: 102704234571235732 bcsId: 734} | ret=SUCCESS |  
2019-08-30 05:17:31,592 | INFO  | DNAudit | user=null | ip=null | op=PUT_BLOCK {blockData=[blockId=conID: 1 locID: 102704234571235732 bcsId: 0,size=3145728]} | ret=SUCCESS |  
2019-08-30 05:17:31,592 | INFO  | DNAudit | user=null | ip=null | op=WRITE_CHUNK {blockData=conID: 1 locID: 102704234571235732 bcsId: 740} | ret=SUCCESS |  
2019-08-30 05:17:31,593 | INFO  | DNAudit | user=null | ip=null | op=PUT_BLOCK {blockData=[blockId=conID: 1 locID: 102704234571235732 bcsId: 0,size=3145728]} | ret=SUCCESS |  
2019-08-30 05:17:31,597 | INFO  | DNAudit | user=null | ip=null | op=WRITE_CHUNK {blockData=conID: 1 locID: 102704234571235732 bcsId: 740} | ret=SUCCESS |  
2019-08-30 05:17:31,598 | INFO  | DNAudit | user=null | ip=null | op=WRITE_CHUNK {blockData=conID: 1 locID: 102704234571235732 bcsId: 740} | ret=SUCCESS |  
2019-08-30 05:17:31,610 | INFO  | DNAudit | user=null | ip=null | op=WRITE_CHUNK {blockData=conID: 1 locID: 102704234571235732 bcsId: 740} | ret=SUCCESS |  
2019-08-30 05:17:31,610 | INFO  | DNAudit | user=null | ip=null | op=PUT_BLOCK {blockData=[blockId=conID: 1 locID: 102704234571235732 bcsId: 0,size=4194304]} | ret=SUCCESS |  
2019-08-30 05:17:31,611 [grpc-default-executor-3] INFO  client.GrpcClientProtocolClient (GrpcClientProtocolClient.java:onNext(255)) - client-574492D41EE7->134d4672-e322-4e4b-b7f3-5645abb0fe8c: receive RaftClientReply:client-574492D41EE7->134d4672-e322-4e4b-b7f3-5645abb0fe8c@group-3CB1DFFBCDC2, cid=616, SUCCESS, logIndex=743, commits[134d4672-e322-4e4b-b7f3-5645abb0fe8c:c744, 73af84f3-3e88-4c8c-894c-3ad307bcac8d:c740, 730a25a1-dbec-44ed-975b-a44ab0096beb:c740]
2019-08-30 05:17:31,612 [grpc-default-executor-3] INFO  client.GrpcClientProtocolClient (GrpcClientProtocolClient.java:onNext(255)) - client-574492D41EE7->134d4672-e322-4e4b-b7f3-5645abb0fe8c: receive RaftClientReply:client-574492D41EE7->134d4672-e322-4e4b-b7f3-5645abb0fe8c@group-3CB1DFFBCDC2, cid=617, SUCCESS, logIndex=744, commits[134d4672-e322-4e4b-b7f3-5645abb0fe8c:c744, 73af84f3-3e88-4c8c-894c-3ad307bcac8d:c740, 730a25a1-dbec-44ed-975b-a44ab0096beb:c740]
2019-08-30 05:17:31,622 | INFO  | DNAudit | user=null | ip=null | op=WRITE_CHUNK {blockData=conID: 1 locID: 102704234571235732 bcsId: 740} | ret=SUCCESS |  
2019-08-30 05:17:31,622 | INFO  | DNAudit | user=null | ip=null | op=WRITE_CHUNK {blockData=conID: 1 locID: 102704234571235732 bcsId: 740} | ret=SUCCESS |  
2019-08-30 05:17:31,622 | INFO  | DNAudit | user=null | ip=null | op=PUT_BLOCK {blockData=[blockId=conID: 1 locID: 102704234571235732 bcsId: 0,size=4194304]} | ret=SUCCESS |  
2019-08-30 05:17:31,623 | INFO  | DNAudit | user=null | ip=null | op=PUT_BLOCK {blockData=[blockId=conID: 1 locID: 102704234571235732 bcsId: 0,size=4194304]} | ret=SUCCESS |  
2019-08-30 05:17:31,624 [grpc-default-executor-3] INFO  client.GrpcClientProtocolClient (GrpcClientProtocolClient.java:onNext(255)) - client-574492D41EE7->134d4672-e322-4e4b-b7f3-5645abb0fe8c: receive RaftClientReply:client-574492D41EE7->134d4672-e322-4e4b-b7f3-5645abb0fe8c@group-3CB1DFFBCDC2, cid=618, SUCCESS, logIndex=0, commits[134d4672-e322-4e4b-b7f3-5645abb0fe8c:c745, 73af84f3-3e88-4c8c-894c-3ad307bcac8d:c744, 730a25a1-dbec-44ed-975b-a44ab0096beb:c744]
2019-08-30 05:17:31,635 | INFO  | DNAudit | user=null | ip=null | op=WRITE_CHUNK {blockData=conID: 2 locID: 102704234571235733 bcsId: 0} | ret=SUCCESS |  
2019-08-30 05:17:31,640 | INFO  | DNAudit | user=null | ip=null | op=WRITE_CHUNK {blockData=conID: 2 locID: 102704234571235733 bcsId: 0} | ret=SUCCESS |  
2019-08-30 05:17:31,642 | INFO  | DNAudit | user=null | ip=null | op=WRITE_CHUNK {blockData=conID: 2 locID: 102704234571235733 bcsId: 0} | ret=SUCCESS |  
2019-08-30 05:17:31,642 | INFO  | DNAudit | user=null | ip=null | op=WRITE_CHUNK {blockData=conID: 2 locID: 102704234571235733 bcsId: 0} | ret=SUCCESS |  
2019-08-30 05:17:31,645 | INFO  | DNAudit | user=null | ip=null | op=WRITE_CHUNK {blockData=conID: 2 locID: 102704234571235733 bcsId: 0} | ret=SUCCESS |  
2019-08-30 05:17:31,645 | INFO  | DNAudit | user=null | ip=null | op=WRITE_CHUNK {blockData=conID: 2 locID: 102704234571235733 bcsId: 0} | ret=SUCCESS |  
2019-08-30 05:17:31,649 | INFO  | DNAudit | user=null | ip=null | op=WRITE_CHUNK {blockData=conID: 2 locID: 102704234571235733 bcsId: 0} | ret=SUCCESS |  
2019-08-30 05:17:31,650 | INFO  | DNAudit | user=null | ip=null | op=PUT_BLOCK {blockData=[blockId=conID: 2 locID: 102704234571235733 bcsId: 0,size=1048576]} | ret=SUCCESS |  
2019-08-30 05:17:31,651 | INFO  | DNAudit | user=null | ip=null | op=WRITE_CHUNK {blockData=conID: 2 locID: 102704234571235733 bcsId: 0} | ret=SUCCESS |  
2019-08-30 05:17:31,651 [grpc-default-executor-1] INFO  client.GrpcClientProtocolClient (GrpcClientProtocolClient.java:onNext(255)) - client-574492D41EE7->134d4672-e322-4e4b-b7f3-5645abb0fe8c: receive RaftClientReply:client-574492D41EE7->134d4672-e322-4e4b-b7f3-5645abb0fe8c@group-3CB1DFFBCDC2, cid=619, SUCCESS, logIndex=747, commits[134d4672-e322-4e4b-b7f3-5645abb0fe8c:c750, 73af84f3-3e88-4c8c-894c-3ad307bcac8d:c746, 730a25a1-dbec-44ed-975b-a44ab0096beb:c746]
2019-08-30 05:17:31,651 [grpc-default-executor-1] INFO  client.GrpcClientProtocolClient (GrpcClientProtocolClient.java:onNext(255)) - client-574492D41EE7->134d4672-e322-4e4b-b7f3-5645abb0fe8c: receive RaftClientReply:client-574492D41EE7->134d4672-e322-4e4b-b7f3-5645abb0fe8c@group-3CB1DFFBCDC2, cid=620, SUCCESS, logIndex=748, commits[134d4672-e322-4e4b-b7f3-5645abb0fe8c:c750, 73af84f3-3e88-4c8c-894c-3ad307bcac8d:c746, 730a25a1-dbec-44ed-975b-a44ab0096beb:c746]
2019-08-30 05:17:31,651 | INFO  | DNAudit | user=null | ip=null | op=PUT_BLOCK {blockData=[blockId=conID: 2 locID: 102704234571235733 bcsId: 0,size=2097152]} | ret=SUCCESS |  
2019-08-30 05:17:31,652 [grpc-default-executor-1] INFO  client.GrpcClientProtocolClient (GrpcClientProtocolClient.java:onNext(255)) - client-574492D41EE7->134d4672-e322-4e4b-b7f3-5645abb0fe8c: receive RaftClientReply:client-574492D41EE7->134d4672-e322-4e4b-b7f3-5645abb0fe8c@group-3CB1DFFBCDC2, cid=621, SUCCESS, logIndex=749, commits[134d4672-e322-4e4b-b7f3-5645abb0fe8c:c750, 73af84f3-3e88-4c8c-894c-3ad307bcac8d:c746, 730a25a1-dbec-44ed-975b-a44ab0096beb:c746]
2019-08-30 05:17:31,652 [grpc-default-executor-1] INFO  client.GrpcClientProtocolClient (GrpcClientProtocolClient.java:onNext(255)) - client-574492D41EE7->134d4672-e322-4e4b-b7f3-5645abb0fe8c: receive RaftClientReply:client-574492D41EE7->134d4672-e322-4e4b-b7f3-5645abb0fe8c@group-3CB1DFFBCDC2, cid=622, SUCCESS, logIndex=750, commits[134d4672-e322-4e4b-b7f3-5645abb0fe8c:c750, 73af84f3-3e88-4c8c-894c-3ad307bcac8d:c746, 730a25a1-dbec-44ed-975b-a44ab0096beb:c746]
2019-08-30 05:17:31,660 | INFO  | DNAudit | user=null | ip=null | op=WRITE_CHUNK {blockData=conID: 2 locID: 102704234571235733 bcsId: 0} | ret=SUCCESS |  
2019-08-30 05:17:31,660 | INFO  | DNAudit | user=null | ip=null | op=WRITE_CHUNK {blockData=conID: 2 locID: 102704234571235733 bcsId: 0} | ret=SUCCESS |  
2019-08-30 05:17:31,660 | INFO  | DNAudit | user=null | ip=null | op=PUT_BLOCK {blockData=[blockId=conID: 2 locID: 102704234571235733 bcsId: 0,size=1048576]} | ret=SUCCESS |  
2019-08-30 05:17:31,661 | INFO  | DNAudit | user=null | ip=null | op=PUT_BLOCK {blockData=[blockId=conID: 2 locID: 102704234571235733 bcsId: 0,size=1048576]} | ret=SUCCESS |  
2019-08-30 05:17:31,661 | INFO  | DNAudit | user=null | ip=null | op=WRITE_CHUNK {blockData=conID: 2 locID: 102704234571235733 bcsId: 0} | ret=SUCCESS |  
2019-08-30 05:17:31,661 | INFO  | DNAudit | user=null | ip=null | op=WRITE_CHUNK {blockData=conID: 2 locID: 102704234571235733 bcsId: 0} | ret=SUCCESS |  
2019-08-30 05:17:31,662 [grpc-default-executor-1] INFO  client.GrpcClientProtocolClient (GrpcClientProtocolClient.java:onNext(255)) - client-574492D41EE7->134d4672-e322-4e4b-b7f3-5645abb0fe8c: receive RaftClientReply:client-574492D41EE7->134d4672-e322-4e4b-b7f3-5645abb0fe8c@group-3CB1DFFBCDC2, cid=623, SUCCESS, logIndex=0, commits[134d4672-e322-4e4b-b7f3-5645abb0fe8c:c751, 73af84f3-3e88-4c8c-894c-3ad307bcac8d:c749, 730a25a1-dbec-44ed-975b-a44ab0096beb:c749]
2019-08-30 05:17:31,673 | INFO  | DNAudit | user=null | ip=null | op=PUT_BLOCK {blockData=[blockId=conID: 2 locID: 102704234571235733 bcsId: 0,size=2097152]} | ret=SUCCESS |  
2019-08-30 05:17:31,674 | INFO  | DNAudit | user=null | ip=null | op=PUT_BLOCK {blockData=[blockId=conID: 2 locID: 102704234571235733 bcsId: 0,size=2097152]} | ret=SUCCESS |  
2019-08-30 05:17:31,674 | INFO  | DNAudit | user=null | ip=null | op=WRITE_CHUNK {blockData=conID: 2 locID: 102704234571235733 bcsId: 750} | ret=SUCCESS |  
2019-08-30 05:17:31,679 | INFO  | DNAudit | user=null | ip=null | op=WRITE_CHUNK {blockData=conID: 2 locID: 102704234571235733 bcsId: 750} | ret=SUCCESS |  
2019-08-30 05:17:31,680 | INFO  | DNAudit | user=null | ip=null | op=WRITE_CHUNK {blockData=conID: 2 locID: 102704234571235733 bcsId: 750} | ret=SUCCESS |  
2019-08-30 05:17:31,688 | INFO  | DNAudit | user=null | ip=null | op=WRITE_CHUNK {blockData=conID: 2 locID: 102704234571235733 bcsId: 750} | ret=SUCCESS |  
2019-08-30 05:17:31,688 | INFO  | DNAudit | user=null | ip=null | op=PUT_BLOCK {blockData=[blockId=conID: 2 locID: 102704234571235733 bcsId: 0,size=3145728]} | ret=SUCCESS |  
2019-08-30 05:17:31,689 [grpc-default-executor-3] INFO  client.GrpcClientProtocolClient (GrpcClientProtocolClient.java:onNext(255)) - client-574492D41EE7->134d4672-e322-4e4b-b7f3-5645abb0fe8c: receive RaftClientReply:client-574492D41EE7->134d4672-e322-4e4b-b7f3-5645abb0fe8c@group-3CB1DFFBCDC2, cid=624, SUCCESS, logIndex=754, commits[134d4672-e322-4e4b-b7f3-5645abb0fe8c:c755, 73af84f3-3e88-4c8c-894c-3ad307bcac8d:c751, 730a25a1-dbec-44ed-975b-a44ab0096beb:c751]
2019-08-30 05:17:31,690 [grpc-default-executor-3] INFO  client.GrpcClientProtocolClient (GrpcClientProtocolClient.java:onNext(255)) - client-574492D41EE7->134d4672-e322-4e4b-b7f3-5645abb0fe8c: receive RaftClientReply:client-574492D41EE7->134d4672-e322-4e4b-b7f3-5645abb0fe8c@group-3CB1DFFBCDC2, cid=625, SUCCESS, logIndex=755, commits[134d4672-e322-4e4b-b7f3-5645abb0fe8c:c755, 73af84f3-3e88-4c8c-894c-3ad307bcac8d:c751, 730a25a1-dbec-44ed-975b-a44ab0096beb:c751]
2019-08-30 05:17:31,699 | INFO  | DNAudit | user=null | ip=null | op=WRITE_CHUNK {blockData=conID: 2 locID: 102704234571235733 bcsId: 750} | ret=SUCCESS |  
2019-08-30 05:17:31,700 | INFO  | DNAudit | user=null | ip=null | op=WRITE_CHUNK {blockData=conID: 2 locID: 102704234571235733 bcsId: 750} | ret=SUCCESS |  
2019-08-30 05:17:31,700 | INFO  | DNAudit | user=null | ip=null | op=PUT_BLOCK {blockData=[blockId=conID: 2 locID: 102704234571235733 bcsId: 0,size=3145728]} | ret=SUCCESS |  
2019-08-30 05:17:31,700 | INFO  | DNAudit | user=null | ip=null | op=PUT_BLOCK {blockData=[blockId=conID: 2 locID: 102704234571235733 bcsId: 0,size=3145728]} | ret=SUCCESS |  
2019-08-30 05:17:31,701 | INFO  | DNAudit | user=null | ip=null | op=WRITE_CHUNK {blockData=conID: 2 locID: 102704234571235733 bcsId: 755} | ret=SUCCESS |  
2019-08-30 05:17:31,705 | INFO  | DNAudit | user=null | ip=null | op=WRITE_CHUNK {blockData=conID: 2 locID: 102704234571235733 bcsId: 755} | ret=SUCCESS |  
2019-08-30 05:17:31,706 | INFO  | DNAudit | user=null | ip=null | op=WRITE_CHUNK {blockData=conID: 2 locID: 102704234571235733 bcsId: 755} | ret=SUCCESS |  
2019-08-30 05:17:31,715 | INFO  | DNAudit | user=null | ip=null | op=WRITE_CHUNK {blockData=conID: 2 locID: 102704234571235733 bcsId: 755} | ret=SUCCESS |  
2019-08-30 05:17:31,715 | INFO  | DNAudit | user=null | ip=null | op=PUT_BLOCK {blockData=[blockId=conID: 2 locID: 102704234571235733 bcsId: 0,size=4194304]} | ret=SUCCESS |  
2019-08-30 05:17:31,716 [grpc-default-executor-3] INFO  client.GrpcClientProtocolClient (GrpcClientProtocolClient.java:onNext(255)) - client-574492D41EE7->134d4672-e322-4e4b-b7f3-5645abb0fe8c: receive RaftClientReply:client-574492D41EE7->134d4672-e322-4e4b-b7f3-5645abb0fe8c@group-3CB1DFFBCDC2, cid=626, SUCCESS, logIndex=758, commits[134d4672-e322-4e4b-b7f3-5645abb0fe8c:c759, 73af84f3-3e88-4c8c-894c-3ad307bcac8d:c755, 730a25a1-dbec-44ed-975b-a44ab0096beb:c755]
2019-08-30 05:17:31,716 [grpc-default-executor-3] INFO  client.GrpcClientProtocolClient (GrpcClientProtocolClient.java:onNext(255)) - client-574492D41EE7->134d4672-e322-4e4b-b7f3-5645abb0fe8c: receive RaftClientReply:client-574492D41EE7->134d4672-e322-4e4b-b7f3-5645abb0fe8c@group-3CB1DFFBCDC2, cid=627, SUCCESS, logIndex=759, commits[134d4672-e322-4e4b-b7f3-5645abb0fe8c:c759, 73af84f3-3e88-4c8c-894c-3ad307bcac8d:c755, 730a25a1-dbec-44ed-975b-a44ab0096beb:c755]
2019-08-30 05:17:31,726 | INFO  | DNAudit | user=null | ip=null | op=WRITE_CHUNK {blockData=conID: 2 locID: 102704234571235733 bcsId: 755} | ret=SUCCESS |  
2019-08-30 05:17:31,726 | INFO  | DNAudit | user=null | ip=null | op=WRITE_CHUNK {blockData=conID: 2 locID: 102704234571235733 bcsId: 755} | ret=SUCCESS |  
2019-08-30 05:17:31,727 | INFO  | DNAudit | user=null | ip=null | op=PUT_BLOCK {blockData=[blockId=conID: 2 locID: 102704234571235733 bcsId: 0,size=4194304]} | ret=SUCCESS |  
2019-08-30 05:17:31,727 | INFO  | DNAudit | user=null | ip=null | op=PUT_BLOCK {blockData=[blockId=conID: 2 locID: 102704234571235733 bcsId: 0,size=4194304]} | ret=SUCCESS |  
2019-08-30 05:17:31,728 [grpc-default-executor-3] INFO  client.GrpcClientProtocolClient (GrpcClientProtocolClient.java:onNext(255)) - client-574492D41EE7->134d4672-e322-4e4b-b7f3-5645abb0fe8c: receive RaftClientReply:client-574492D41EE7->134d4672-e322-4e4b-b7f3-5645abb0fe8c@group-3CB1DFFBCDC2, cid=628, SUCCESS, logIndex=0, commits[134d4672-e322-4e4b-b7f3-5645abb0fe8c:c760, 73af84f3-3e88-4c8c-894c-3ad307bcac8d:c759, 730a25a1-dbec-44ed-975b-a44ab0096beb:c759]
2019-08-30 05:17:31,737 | INFO  | DNAudit | user=null | ip=null | op=WRITE_CHUNK {blockData=conID: 3 locID: 102704234571235734 bcsId: 0} | ret=SUCCESS |  
2019-08-30 05:17:31,743 | INFO  | DNAudit | user=null | ip=null | op=WRITE_CHUNK {blockData=conID: 3 locID: 102704234571235734 bcsId: 0} | ret=SUCCESS |  
2019-08-30 05:17:31,744 | INFO  | DNAudit | user=null | ip=null | op=WRITE_CHUNK {blockData=conID: 3 locID: 102704234571235734 bcsId: 0} | ret=SUCCESS |  
2019-08-30 05:17:31,745 | INFO  | DNAudit | user=null | ip=null | op=WRITE_CHUNK {blockData=conID: 3 locID: 102704234571235734 bcsId: 0} | ret=SUCCESS |  
2019-08-30 05:17:31,749 | INFO  | DNAudit | user=null | ip=null | op=WRITE_CHUNK {blockData=conID: 3 locID: 102704234571235734 bcsId: 0} | ret=SUCCESS |  
2019-08-30 05:17:31,749 | INFO  | DNAudit | user=null | ip=null | op=WRITE_CHUNK {blockData=conID: 3 locID: 102704234571235734 bcsId: 0} | ret=SUCCESS |  
2019-08-30 05:17:31,750 | INFO  | DNAudit | user=null | ip=null | op=WRITE_CHUNK {blockData=conID: 3 locID: 102704234571235734 bcsId: 0} | ret=SUCCESS |  
2019-08-30 05:17:31,750 | INFO  | DNAudit | user=null | ip=null | op=PUT_BLOCK {blockData=[blockId=conID: 3 locID: 102704234571235734 bcsId: 0,size=1048576]} | ret=SUCCESS |  
2019-08-30 05:17:31,751 [grpc-default-executor-1] INFO  client.GrpcClientProtocolClient (GrpcClientProtocolClient.java:onNext(255)) - client-574492D41EE7->134d4672-e322-4e4b-b7f3-5645abb0fe8c: receive RaftClientReply:client-574492D41EE7->134d4672-e322-4e4b-b7f3-5645abb0fe8c@group-3CB1DFFBCDC2, cid=629, SUCCESS, logIndex=762, commits[134d4672-e322-4e4b-b7f3-5645abb0fe8c:c763, 73af84f3-3e88-4c8c-894c-3ad307bcac8d:c761, 730a25a1-dbec-44ed-975b-a44ab0096beb:c761]
2019-08-30 05:17:31,751 [grpc-default-executor-1] INFO  client.GrpcClientProtocolClient (GrpcClientProtocolClient.java:onNext(255)) - client-574492D41EE7->134d4672-e322-4e4b-b7f3-5645abb0fe8c: receive RaftClientReply:client-574492D41EE7->134d4672-e322-4e4b-b7f3-5645abb0fe8c@group-3CB1DFFBCDC2, cid=630, SUCCESS, logIndex=763, commits[134d4672-e322-4e4b-b7f3-5645abb0fe8c:c763, 73af84f3-3e88-4c8c-894c-3ad307bcac8d:c761, 730a25a1-dbec-44ed-975b-a44ab0096beb:c761]
2019-08-30 05:17:31,760 | INFO  | DNAudit | user=null | ip=null | op=WRITE_CHUNK {blockData=conID: 3 locID: 102704234571235734 bcsId: 0} | ret=SUCCESS |  
2019-08-30 05:17:31,760 | INFO  | DNAudit | user=null | ip=null | op=WRITE_CHUNK {blockData=conID: 3 locID: 102704234571235734 bcsId: 0} | ret=SUCCESS |  
2019-08-30 05:17:31,761 | INFO  | DNAudit | user=null | ip=null | op=PUT_BLOCK {blockData=[blockId=conID: 3 locID: 102704234571235734 bcsId: 0,size=2097152]} | ret=SUCCESS |  
2019-08-30 05:17:31,761 | INFO  | DNAudit | user=null | ip=null | op=PUT_BLOCK {blockData=[blockId=conID: 3 locID: 102704234571235734 bcsId: 0,size=1048576]} | ret=SUCCESS |  
2019-08-30 05:17:31,762 | INFO  | DNAudit | user=null | ip=null | op=WRITE_CHUNK {blockData=conID: 3 locID: 102704234571235734 bcsId: 0} | ret=SUCCESS |  
2019-08-30 05:17:31,762 [grpc-default-executor-6] INFO  client.GrpcClientProtocolClient (GrpcClientProtocolClient.java:onNext(255)) - client-574492D41EE7->134d4672-e322-4e4b-b7f3-5645abb0fe8c: receive RaftClientReply:client-574492D41EE7->134d4672-e322-4e4b-b7f3-5645abb0fe8c@group-3CB1DFFBCDC2, cid=631, SUCCESS, logIndex=764, commits[134d4672-e322-4e4b-b7f3-5645abb0fe8c:c765, 73af84f3-3e88-4c8c-894c-3ad307bcac8d:c761, 730a25a1-dbec-44ed-975b-a44ab0096beb:c761]
2019-08-30 05:17:31,763 | INFO  | DNAudit | user=null | ip=null | op=PUT_BLOCK {blockData=[blockId=conID: 3 locID: 102704234571235734 bcsId: 0,size=1048576]} | ret=SUCCESS |  
2019-08-30 05:17:31,763 [grpc-default-executor-6] INFO  client.GrpcClientProtocolClient (GrpcClientProtocolClient.java:onNext(255)) - client-574492D41EE7->134d4672-e322-4e4b-b7f3-5645abb0fe8c: receive RaftClientReply:client-574492D41EE7->134d4672-e322-4e4b-b7f3-5645abb0fe8c@group-3CB1DFFBCDC2, cid=632, SUCCESS, logIndex=765, commits[134d4672-e322-4e4b-b7f3-5645abb0fe8c:c766, 73af84f3-3e88-4c8c-894c-3ad307bcac8d:c763, 730a25a1-dbec-44ed-975b-a44ab0096beb:c761]
2019-08-30 05:17:31,763 | INFO  | DNAudit | user=null | ip=null | op=WRITE_CHUNK {blockData=conID: 3 locID: 102704234571235734 bcsId: 0} | ret=SUCCESS |  
2019-08-30 05:17:31,764 | INFO  | DNAudit | user=null | ip=null | op=PUT_BLOCK {blockData=[blockId=conID: 3 locID: 102704234571235734 bcsId: 0,size=2097152]} | ret=SUCCESS |  
2019-08-30 05:17:31,764 | INFO  | DNAudit | user=null | ip=null | op=WRITE_CHUNK {blockData=conID: 3 locID: 102704234571235734 bcsId: 0} | ret=SUCCESS |  
2019-08-30 05:17:31,971 | INFO  | DNAudit | user=null | ip=null | op=PUT_BLOCK {blockData=[blockId=conID: 3 locID: 102704234571235734 bcsId: 0,size=2097152]} | ret=SUCCESS |  
2019-08-30 05:17:31,972 | INFO  | SCMAudit | user=jenkins1000 | ip=192.168.36.106 | op=SEND_HEARTBEAT {datanodeUUID=134d4672-e322-4e4b-b7f3-5645abb0fe8c, command=[]} | ret=SUCCESS |  
2019-08-30 05:17:31,972 | INFO  | SCMAudit | user=jenkins1000 | ip=192.168.36.106 | op=SEND_HEARTBEAT {datanodeUUID=73af84f3-3e88-4c8c-894c-3ad307bcac8d, command=[]} | ret=SUCCESS |  
2019-08-30 05:17:31,972 | INFO  | SCMAudit | user=jenkins1000 | ip=192.168.36.106 | op=SEND_HEARTBEAT {datanodeUUID=730a25a1-dbec-44ed-975b-a44ab0096beb, command=[]} | ret=SUCCESS |  
2019-08-30 05:17:31,972 [grpc-default-executor-6] INFO  client.GrpcClientProtocolClient (GrpcClientProtocolClient.java:onNext(255)) - client-574492D41EE7->134d4672-e322-4e4b-b7f3-5645abb0fe8c: receive RaftClientReply:client-574492D41EE7->134d4672-e322-4e4b-b7f3-5645abb0fe8c@group-3CB1DFFBCDC2, cid=633, SUCCESS, logIndex=0, commits[134d4672-e322-4e4b-b7f3-5645abb0fe8c:c767, 73af84f3-3e88-4c8c-894c-3ad307bcac8d:c763, 730a25a1-dbec-44ed-975b-a44ab0096beb:c763]
2019-08-30 05:17:31,985 | INFO  | DNAudit | user=null | ip=null | op=WRITE_CHUNK {blockData=conID: 3 locID: 102704234571235734 bcsId: 765} | ret=SUCCESS |  
2019-08-30 05:17:31,990 | INFO  | DNAudit | user=null | ip=null | op=WRITE_CHUNK {blockData=conID: 3 locID: 102704234571235734 bcsId: 765} | ret=SUCCESS |  
2019-08-30 05:17:31,990 | INFO  | DNAudit | user=null | ip=null | op=WRITE_CHUNK {blockData=conID: 3 locID: 102704234571235734 bcsId: 765} | ret=SUCCESS |  
2019-08-30 05:17:31,999 | INFO  | DNAudit | user=null | ip=null | op=WRITE_CHUNK {blockData=conID: 3 locID: 102704234571235734 bcsId: 765} | ret=SUCCESS |  
2019-08-30 05:17:32,000 | INFO  | DNAudit | user=null | ip=null | op=PUT_BLOCK {blockData=[blockId=conID: 3 locID: 102704234571235734 bcsId: 0,size=3145728]} | ret=SUCCESS |  
2019-08-30 05:17:32,000 [grpc-default-executor-1] INFO  client.GrpcClientProtocolClient (GrpcClientProtocolClient.java:onNext(255)) - client-574492D41EE7->134d4672-e322-4e4b-b7f3-5645abb0fe8c: receive RaftClientReply:client-574492D41EE7->134d4672-e322-4e4b-b7f3-5645abb0fe8c@group-3CB1DFFBCDC2, cid=634, SUCCESS, logIndex=770, commits[134d4672-e322-4e4b-b7f3-5645abb0fe8c:c771, 73af84f3-3e88-4c8c-894c-3ad307bcac8d:c769, 730a25a1-dbec-44ed-975b-a44ab0096beb:c769]
2019-08-30 05:17:32,001 [grpc-default-executor-1] INFO  client.GrpcClientProtocolClient (GrpcClientProtocolClient.java:onNext(255)) - client-574492D41EE7->134d4672-e322-4e4b-b7f3-5645abb0fe8c: receive RaftClientReply:client-574492D41EE7->134d4672-e322-4e4b-b7f3-5645abb0fe8c@group-3CB1DFFBCDC2, cid=635, SUCCESS, logIndex=771, commits[134d4672-e322-4e4b-b7f3-5645abb0fe8c:c771, 73af84f3-3e88-4c8c-894c-3ad307bcac8d:c769, 730a25a1-dbec-44ed-975b-a44ab0096beb:c769]
2019-08-30 05:17:32,011 | INFO  | DNAudit | user=null | ip=null | op=WRITE_CHUNK {blockData=conID: 3 locID: 102704234571235734 bcsId: 765} | ret=SUCCESS |  
2019-08-30 05:17:32,011 | INFO  | DNAudit | user=null | ip=null | op=WRITE_CHUNK {blockData=conID: 3 locID: 102704234571235734 bcsId: 765} | ret=SUCCESS |  
2019-08-30 05:17:32,012 | INFO  | DNAudit | user=null | ip=null | op=PUT_BLOCK {blockData=[blockId=conID: 3 locID: 102704234571235734 bcsId: 0,size=3145728]} | ret=SUCCESS |  
2019-08-30 05:17:32,012 | INFO  | DNAudit | user=null | ip=null | op=PUT_BLOCK {blockData=[blockId=conID: 3 locID: 102704234571235734 bcsId: 0,size=3145728]} | ret=SUCCESS |  
2019-08-30 05:17:32,014 | INFO  | DNAudit | user=null | ip=null | op=WRITE_CHUNK {blockData=conID: 3 locID: 102704234571235734 bcsId: 771} | ret=SUCCESS |  
2019-08-30 05:17:32,017 | INFO  | DNAudit | user=null | ip=null | op=WRITE_CHUNK {blockData=conID: 3 locID: 102704234571235734 bcsId: 771} | ret=SUCCESS |  
2019-08-30 05:17:32,018 | INFO  | DNAudit | user=null | ip=null | op=WRITE_CHUNK {blockData=conID: 3 locID: 102704234571235734 bcsId: 771} | ret=SUCCESS |  
2019-08-30 05:17:32,026 | INFO  | DNAudit | user=null | ip=null | op=WRITE_CHUNK {blockData=conID: 3 locID: 102704234571235734 bcsId: 771} | ret=SUCCESS |  
2019-08-30 05:17:32,027 | INFO  | DNAudit | user=null | ip=null | op=PUT_BLOCK {blockData=[blockId=conID: 3 locID: 102704234571235734 bcsId: 0,size=4194304]} | ret=SUCCESS |  
2019-08-30 05:17:32,027 [grpc-default-executor-3] INFO  client.GrpcClientProtocolClient (GrpcClientProtocolClient.java:onNext(255)) - client-574492D41EE7->134d4672-e322-4e4b-b7f3-5645abb0fe8c: receive RaftClientReply:client-574492D41EE7->134d4672-e322-4e4b-b7f3-5645abb0fe8c@group-3CB1DFFBCDC2, cid=636, SUCCESS, logIndex=774, commits[134d4672-e322-4e4b-b7f3-5645abb0fe8c:c775, 73af84f3-3e88-4c8c-894c-3ad307bcac8d:c771, 730a25a1-dbec-44ed-975b-a44ab0096beb:c771]
2019-08-30 05:17:32,028 [grpc-default-executor-3] INFO  client.GrpcClientProtocolClient (GrpcClientProtocolClient.java:onNext(255)) - client-574492D41EE7->134d4672-e322-4e4b-b7f3-5645abb0fe8c: receive RaftClientReply:client-574492D41EE7->134d4672-e322-4e4b-b7f3-5645abb0fe8c@group-3CB1DFFBCDC2, cid=637, SUCCESS, logIndex=775, commits[134d4672-e322-4e4b-b7f3-5645abb0fe8c:c775, 73af84f3-3e88-4c8c-894c-3ad307bcac8d:c771, 730a25a1-dbec-44ed-975b-a44ab0096beb:c771]
2019-08-30 05:17:32,038 | INFO  | DNAudit | user=null | ip=null | op=WRITE_CHUNK {blockData=conID: 3 locID: 102704234571235734 bcsId: 771} | ret=SUCCESS |  
2019-08-30 05:17:32,038 | INFO  | DNAudit | user=null | ip=null | op=WRITE_CHUNK {blockData=conID: 3 locID: 102704234571235734 bcsId: 771} | ret=SUCCESS |  
2019-08-30 05:17:32,041 | INFO  | DNAudit | user=null | ip=null | op=PUT_BLOCK {blockData=[blockId=conID: 3 locID: 102704234571235734 bcsId: 0,size=4194304]} | ret=SUCCESS |  
2019-08-30 05:17:32,041 | INFO  | DNAudit | user=null | ip=null | op=PUT_BLOCK {blockData=[blockId=conID: 3 locID: 102704234571235734 bcsId: 0,size=4194304]} | ret=SUCCESS |  
2019-08-30 05:17:32,042 [grpc-default-executor-1] INFO  client.GrpcClientProtocolClient (GrpcClientProtocolClient.java:onNext(255)) - client-574492D41EE7->134d4672-e322-4e4b-b7f3-5645abb0fe8c: receive RaftClientReply:client-574492D41EE7->134d4672-e322-4e4b-b7f3-5645abb0fe8c@group-3CB1DFFBCDC2, cid=638, SUCCESS, logIndex=0, commits[134d4672-e322-4e4b-b7f3-5645abb0fe8c:c777, 73af84f3-3e88-4c8c-894c-3ad307bcac8d:c775, 730a25a1-dbec-44ed-975b-a44ab0096beb:c775]
2019-08-30 05:17:32,057 | INFO  | DNAudit | user=null | ip=null | op=WRITE_CHUNK {blockData=conID: 1 locID: 102704234571235735 bcsId: 0} | ret=SUCCESS |  
2019-08-30 05:17:32,062 | INFO  | DNAudit | user=null | ip=null | op=WRITE_CHUNK {blockData=conID: 1 locID: 102704234571235735 bcsId: 0} | ret=SUCCESS |  
2019-08-30 05:17:32,064 | INFO  | DNAudit | user=null | ip=null | op=WRITE_CHUNK {blockData=conID: 1 locID: 102704234571235735 bcsId: 0} | ret=SUCCESS |  
2019-08-30 05:17:32,065 | INFO  | DNAudit | user=null | ip=null | op=WRITE_CHUNK {blockData=conID: 1 locID: 102704234571235735 bcsId: 0} | ret=SUCCESS |  
2019-08-30 05:17:32,067 | INFO  | DNAudit | user=null | ip=null | op=WRITE_CHUNK {blockData=conID: 1 locID: 102704234571235735 bcsId: 0} | ret=SUCCESS |  
2019-08-30 05:17:32,067 | INFO  | DNAudit | user=null | ip=null | op=WRITE_CHUNK {blockData=conID: 1 locID: 102704234571235735 bcsId: 0} | ret=SUCCESS |  
2019-08-30 05:17:32,070 | INFO  | DNAudit | user=null | ip=null | op=WRITE_CHUNK {blockData=conID: 1 locID: 102704234571235735 bcsId: 0} | ret=SUCCESS |  
2019-08-30 05:17:32,071 | INFO  | DNAudit | user=null | ip=null | op=PUT_BLOCK {blockData=[blockId=conID: 1 locID: 102704234571235735 bcsId: 0,size=1048576]} | ret=SUCCESS |  
2019-08-30 05:17:32,072 [grpc-default-executor-6] INFO  client.GrpcClientProtocolClient (GrpcClientProtocolClient.java:onNext(255)) - client-574492D41EE7->134d4672-e322-4e4b-b7f3-5645abb0fe8c: receive RaftClientReply:client-574492D41EE7->134d4672-e322-4e4b-b7f3-5645abb0fe8c@group-3CB1DFFBCDC2, cid=639, SUCCESS, logIndex=778, commits[134d4672-e322-4e4b-b7f3-5645abb0fe8c:c779, 73af84f3-3e88-4c8c-894c-3ad307bcac8d:c775, 730a25a1-dbec-44ed-975b-a44ab0096beb:c777]
2019-08-30 05:17:32,073 [grpc-default-executor-1] INFO  client.GrpcClientProtocolClient (GrpcClientProtocolClient.java:onNext(255)) - client-574492D41EE7->134d4672-e322-4e4b-b7f3-5645abb0fe8c: receive RaftClientReply:client-574492D41EE7->134d4672-e322-4e4b-b7f3-5645abb0fe8c@group-3CB1DFFBCDC2, cid=640, SUCCESS, logIndex=779, commits[134d4672-e322-4e4b-b7f3-5645abb0fe8c:c779, 73af84f3-3e88-4c8c-894c-3ad307bcac8d:c775, 730a25a1-dbec-44ed-975b-a44ab0096beb:c777]
2019-08-30 05:17:32,073 | INFO  | DNAudit | user=null | ip=null | op=WRITE_CHUNK {blockData=conID: 1 locID: 102704234571235735 bcsId: 0} | ret=SUCCESS |  
2019-08-30 05:17:32,074 | INFO  | DNAudit | user=null | ip=null | op=PUT_BLOCK {blockData=[blockId=conID: 1 locID: 102704234571235735 bcsId: 0,size=2097152]} | ret=SUCCESS |  
2019-08-30 05:17:32,074 [grpc-default-executor-3] INFO  client.GrpcClientProtocolClient (GrpcClientProtocolClient.java:onNext(255)) - client-574492D41EE7->134d4672-e322-4e4b-b7f3-5645abb0fe8c: receive RaftClientReply:client-574492D41EE7->134d4672-e322-4e4b-b7f3-5645abb0fe8c@group-3CB1DFFBCDC2, cid=641, SUCCESS, logIndex=780, commits[134d4672-e322-4e4b-b7f3-5645abb0fe8c:c781, 73af84f3-3e88-4c8c-894c-3ad307bcac8d:c777, 730a25a1-dbec-44ed-975b-a44ab0096beb:c777]
2019-08-30 05:17:32,075 [grpc-default-executor-3] INFO  client.GrpcClientProtocolClient (GrpcClientProtocolClient.java:onNext(255)) - client-574492D41EE7->134d4672-e322-4e4b-b7f3-5645abb0fe8c: receive RaftClientReply:client-574492D41EE7->134d4672-e322-4e4b-b7f3-5645abb0fe8c@group-3CB1DFFBCDC2, cid=642, SUCCESS, logIndex=781, commits[134d4672-e322-4e4b-b7f3-5645abb0fe8c:c781, 73af84f3-3e88-4c8c-894c-3ad307bcac8d:c777, 730a25a1-dbec-44ed-975b-a44ab0096beb:c777]
2019-08-30 05:17:32,083 | INFO  | DNAudit | user=null | ip=null | op=WRITE_CHUNK {blockData=conID: 1 locID: 102704234571235735 bcsId: 0} | ret=SUCCESS |  
2019-08-30 05:17:32,083 | INFO  | DNAudit | user=null | ip=null | op=PUT_BLOCK {blockData=[blockId=conID: 1 locID: 102704234571235735 bcsId: 0,size=1048576]} | ret=SUCCESS |  
2019-08-30 05:17:32,084 | INFO  | DNAudit | user=null | ip=null | op=WRITE_CHUNK {blockData=conID: 1 locID: 102704234571235735 bcsId: 0} | ret=SUCCESS |  
2019-08-30 05:17:32,084 | INFO  | DNAudit | user=null | ip=null | op=WRITE_CHUNK {blockData=conID: 1 locID: 102704234571235735 bcsId: 0} | ret=SUCCESS |  
2019-08-30 05:17:32,084 | INFO  | DNAudit | user=null | ip=null | op=PUT_BLOCK {blockData=[blockId=conID: 1 locID: 102704234571235735 bcsId: 0,size=1048576]} | ret=SUCCESS |  
2019-08-30 05:17:32,085 | INFO  | DNAudit | user=null | ip=null | op=PUT_BLOCK {blockData=[blockId=conID: 1 locID: 102704234571235735 bcsId: 0,size=2097152]} | ret=SUCCESS |  
2019-08-30 05:17:32,085 | INFO  | DNAudit | user=null | ip=null | op=WRITE_CHUNK {blockData=conID: 1 locID: 102704234571235735 bcsId: 0} | ret=SUCCESS |  
2019-08-30 05:17:32,085 | INFO  | DNAudit | user=null | ip=null | op=PUT_BLOCK {blockData=[blockId=conID: 1 locID: 102704234571235735 bcsId: 0,size=2097152]} | ret=SUCCESS |  
2019-08-30 05:17:32,085 [grpc-default-executor-3] INFO  client.GrpcClientProtocolClient (GrpcClientProtocolClient.java:onNext(255)) - client-574492D41EE7->134d4672-e322-4e4b-b7f3-5645abb0fe8c: receive RaftClientReply:client-574492D41EE7->134d4672-e322-4e4b-b7f3-5645abb0fe8c@group-3CB1DFFBCDC2, cid=643, SUCCESS, logIndex=0, commits[134d4672-e322-4e4b-b7f3-5645abb0fe8c:c783, 73af84f3-3e88-4c8c-894c-3ad307bcac8d:c779, 730a25a1-dbec-44ed-975b-a44ab0096beb:c779]
2019-08-30 05:17:32,097 | INFO  | DNAudit | user=null | ip=null | op=WRITE_CHUNK {blockData=conID: 1 locID: 102704234571235735 bcsId: 781} | ret=SUCCESS |  
2019-08-30 05:17:32,101 | INFO  | DNAudit | user=null | ip=null | op=WRITE_CHUNK {blockData=conID: 1 locID: 102704234571235735 bcsId: 781} | ret=SUCCESS |  
2019-08-30 05:17:32,102 | INFO  | DNAudit | user=null | ip=null | op=WRITE_CHUNK {blockData=conID: 1 locID: 102704234571235735 bcsId: 781} | ret=SUCCESS |  
2019-08-30 05:17:32,110 | INFO  | DNAudit | user=null | ip=null | op=WRITE_CHUNK {blockData=conID: 1 locID: 102704234571235735 bcsId: 781} | ret=SUCCESS |  
2019-08-30 05:17:32,111 | INFO  | DNAudit | user=null | ip=null | op=PUT_BLOCK {blockData=[blockId=conID: 1 locID: 102704234571235735 bcsId: 0,size=3145728]} | ret=SUCCESS |  
2019-08-30 05:17:32,111 [grpc-default-executor-1] INFO  client.GrpcClientProtocolClient (GrpcClientProtocolClient.java:onNext(255)) - client-574492D41EE7->134d4672-e322-4e4b-b7f3-5645abb0fe8c: receive RaftClientReply:client-574492D41EE7->134d4672-e322-4e4b-b7f3-5645abb0fe8c@group-3CB1DFFBCDC2, cid=644, SUCCESS, logIndex=786, commits[134d4672-e322-4e4b-b7f3-5645abb0fe8c:c787, 73af84f3-3e88-4c8c-894c-3ad307bcac8d:c785, 730a25a1-dbec-44ed-975b-a44ab0096beb:c785]
2019-08-30 05:17:32,112 [grpc-default-executor-1] INFO  client.GrpcClientProtocolClient (GrpcClientProtocolClient.java:onNext(255)) - client-574492D41EE7->134d4672-e322-4e4b-b7f3-5645abb0fe8c: receive RaftClientReply:client-574492D41EE7->134d4672-e322-4e4b-b7f3-5645abb0fe8c@group-3CB1DFFBCDC2, cid=645, SUCCESS, logIndex=787, commits[134d4672-e322-4e4b-b7f3-5645abb0fe8c:c787, 73af84f3-3e88-4c8c-894c-3ad307bcac8d:c785, 730a25a1-dbec-44ed-975b-a44ab0096beb:c785]
2019-08-30 05:17:32,121 | INFO  | DNAudit | user=null | ip=null | op=WRITE_CHUNK {blockData=conID: 1 locID: 102704234571235735 bcsId: 787} | ret=SUCCESS |  
2019-08-30 05:17:32,122 | INFO  | DNAudit | user=null | ip=null | op=WRITE_CHUNK {blockData=conID: 1 locID: 102704234571235735 bcsId: 781} | ret=SUCCESS |  
2019-08-30 05:17:32,122 | INFO  | DNAudit | user=null | ip=null | op=WRITE_CHUNK {blockData=conID: 1 locID: 102704234571235735 bcsId: 781} | ret=SUCCESS |  
2019-08-30 05:17:32,122 | INFO  | DNAudit | user=null | ip=null | op=PUT_BLOCK {blockData=[blockId=conID: 1 locID: 102704234571235735 bcsId: 0,size=3145728]} | ret=SUCCESS |  
2019-08-30 05:17:32,123 | INFO  | DNAudit | user=null | ip=null | op=PUT_BLOCK {blockData=[blockId=conID: 1 locID: 102704234571235735 bcsId: 0,size=3145728]} | ret=SUCCESS |  
2019-08-30 05:17:32,124 | INFO  | DNAudit | user=null | ip=null | op=WRITE_CHUNK {blockData=conID: 1 locID: 102704234571235735 bcsId: 787} | ret=SUCCESS |  
2019-08-30 05:17:32,125 | INFO  | DNAudit | user=null | ip=null | op=WRITE_CHUNK {blockData=conID: 1 locID: 102704234571235735 bcsId: 787} | ret=SUCCESS |  
 0.00% |█                                                                                                    |  0/1 Time: 0:00:012019-08-30 05:17:32,136 | INFO  | DNAudit | user=null | ip=null | op=WRITE_CHUNK {blockData=conID: 1 locID: 102704234571235735 bcsId: 787} | ret=SUCCESS |  
2019-08-30 05:17:32,137 | INFO  | DNAudit | user=null | ip=null | op=PUT_BLOCK {blockData=[blockId=conID: 1 locID: 102704234571235735 bcsId: 0,size=4194304]} | ret=SUCCESS |  
2019-08-30 05:17:32,137 [grpc-default-executor-1] INFO  client.GrpcClientProtocolClient (GrpcClientProtocolClient.java:onNext(255)) - client-574492D41EE7->134d4672-e322-4e4b-b7f3-5645abb0fe8c: receive RaftClientReply:client-574492D41EE7->134d4672-e322-4e4b-b7f3-5645abb0fe8c@group-3CB1DFFBCDC2, cid=646, SUCCESS, logIndex=790, commits[134d4672-e322-4e4b-b7f3-5645abb0fe8c:c791, 73af84f3-3e88-4c8c-894c-3ad307bcac8d:c787, 730a25a1-dbec-44ed-975b-a44ab0096beb:c787]
2019-08-30 05:17:32,138 [grpc-default-executor-1] INFO  client.GrpcClientProtocolClient (GrpcClientProtocolClient.java:onNext(255)) - client-574492D41EE7->134d4672-e322-4e4b-b7f3-5645abb0fe8c: receive RaftClientReply:client-574492D41EE7->134d4672-e322-4e4b-b7f3-5645abb0fe8c@group-3CB1DFFBCDC2, cid=647, SUCCESS, logIndex=791, commits[134d4672-e322-4e4b-b7f3-5645abb0fe8c:c791, 73af84f3-3e88-4c8c-894c-3ad307bcac8d:c787, 730a25a1-dbec-44ed-975b-a44ab0096beb:c787]
2019-08-30 05:17:32,157 | INFO  | DNAudit | user=null | ip=null | op=WRITE_CHUNK {blockData=conID: 1 locID: 102704234571235735 bcsId: 787} | ret=SUCCESS |  
2019-08-30 05:17:32,157 | INFO  | DNAudit | user=null | ip=null | op=WRITE_CHUNK {blockData=conID: 1 locID: 102704234571235735 bcsId: 787} | ret=SUCCESS |  
2019-08-30 05:17:32,158 | INFO  | DNAudit | user=null | ip=null | op=PUT_BLOCK {blockData=[blockId=conID: 1 locID: 102704234571235735 bcsId: 0,size=4194304]} | ret=SUCCESS |  
2019-08-30 05:17:32,158 | INFO  | DNAudit | user=null | ip=null | op=PUT_BLOCK {blockData=[blockId=conID: 1 locID: 102704234571235735 bcsId: 0,size=4194304]} | ret=SUCCESS |  
2019-08-30 05:17:32,159 [grpc-default-executor-1] INFO  client.GrpcClientProtocolClient (GrpcClientProtocolClient.java:onNext(255)) - client-574492D41EE7->134d4672-e322-4e4b-b7f3-5645abb0fe8c: receive RaftClientReply:client-574492D41EE7->134d4672-e322-4e4b-b7f3-5645abb0fe8c@group-3CB1DFFBCDC2, cid=648, SUCCESS, logIndex=0, commits[134d4672-e322-4e4b-b7f3-5645abb0fe8c:c793, 73af84f3-3e88-4c8c-894c-3ad307bcac8d:c791, 730a25a1-dbec-44ed-975b-a44ab0096beb:c791]
2019-08-30 05:17:32,162 | INFO  | SCMAudit | user=jenkins1000 | ip=192.168.36.106 | op=SEND_HEARTBEAT {datanodeUUID=ea5d4b6b-4a08-401a-8c59-ecc1ca37daf5, command=[]} | ret=SUCCESS |  
2019-08-30 05:17:32,168 | INFO  | DNAudit | user=null | ip=null | op=WRITE_CHUNK {blockData=conID: 2 locID: 102704234571301272 bcsId: 0} | ret=SUCCESS |  
2019-08-30 05:17:32,171 | INFO  | DNAudit | user=null | ip=null | op=WRITE_CHUNK {blockData=conID: 2 locID: 102704234571301272 bcsId: 0} | ret=SUCCESS |  
2019-08-30 05:17:32,171 | INFO  | DNAudit | user=null | ip=null | op=WRITE_CHUNK {blockData=conID: 2 locID: 102704234571301272 bcsId: 0} | ret=SUCCESS |  
2019-08-30 05:17:32,172 | INFO  | DNAudit | user=null | ip=null | op=WRITE_CHUNK {blockData=conID: 2 locID: 102704234571301272 bcsId: 0} | ret=SUCCESS |  
2019-08-30 05:17:32,174 | INFO  | DNAudit | user=null | ip=null | op=WRITE_CHUNK {blockData=conID: 2 locID: 102704234571301272 bcsId: 0} | ret=SUCCESS |  
2019-08-30 05:17:32,174 | INFO  | DNAudit | user=null | ip=null | op=WRITE_CHUNK {blockData=conID: 2 locID: 102704234571301272 bcsId: 0} | ret=SUCCESS |  
2019-08-30 05:17:32,184 | INFO  | DNAudit | user=null | ip=null | op=WRITE_CHUNK {blockData=conID: 2 locID: 102704234571301272 bcsId: 0} | ret=SUCCESS |  
2019-08-30 05:17:32,185 | INFO  | DNAudit | user=null | ip=null | op=PUT_BLOCK {blockData=[blockId=conID: 2 locID: 102704234571301272 bcsId: 0,size=1048576]} | ret=SUCCESS |  
2019-08-30 05:17:32,185 [grpc-default-executor-5] INFO  client.GrpcClientProtocolClient (GrpcClientProtocolClient.java:onNext(255)) - client-574492D41EE7->134d4672-e322-4e4b-b7f3-5645abb0fe8c: receive RaftClientReply:client-574492D41EE7->134d4672-e322-4e4b-b7f3-5645abb0fe8c@group-3CB1DFFBCDC2, cid=649, SUCCESS, logIndex=794, commits[134d4672-e322-4e4b-b7f3-5645abb0fe8c:c796, 73af84f3-3e88-4c8c-894c-3ad307bcac8d:c793, 730a25a1-dbec-44ed-975b-a44ab0096beb:c793]
2019-08-30 05:17:32,185 | INFO  | DNAudit | user=null | ip=null | op=WRITE_CHUNK {blockData=conID: 2 locID: 102704234571301272 bcsId: 0} | ret=SUCCESS |  
2019-08-30 05:17:32,186 | INFO  | DNAudit | user=null | ip=null | op=PUT_BLOCK {blockData=[blockId=conID: 2 locID: 102704234571301272 bcsId: 0,size=2097152]} | ret=SUCCESS |  
2019-08-30 05:17:32,186 [grpc-default-executor-5] INFO  client.GrpcClientProtocolClient (GrpcClientProtocolClient.java:onNext(255)) - client-574492D41EE7->134d4672-e322-4e4b-b7f3-5645abb0fe8c: receive RaftClientReply:client-574492D41EE7->134d4672-e322-4e4b-b7f3-5645abb0fe8c@group-3CB1DFFBCDC2, cid=650, SUCCESS, logIndex=795, commits[134d4672-e322-4e4b-b7f3-5645abb0fe8c:c797, 73af84f3-3e88-4c8c-894c-3ad307bcac8d:c793, 730a25a1-dbec-44ed-975b-a44ab0096beb:c793]
2019-08-30 05:17:32,186 [grpc-default-executor-5] INFO  client.GrpcClientProtocolClient (GrpcClientProtocolClient.java:onNext(255)) - client-574492D41EE7->134d4672-e322-4e4b-b7f3-5645abb0fe8c: receive RaftClientReply:client-574492D41EE7->134d4672-e322-4e4b-b7f3-5645abb0fe8c@group-3CB1DFFBCDC2, cid=651, SUCCESS, logIndex=796, commits[134d4672-e322-4e4b-b7f3-5645abb0fe8c:c797, 73af84f3-3e88-4c8c-894c-3ad307bcac8d:c793, 730a25a1-dbec-44ed-975b-a44ab0096beb:c793]
2019-08-30 05:17:32,187 [grpc-default-executor-5] INFO  client.GrpcClientProtocolClient (GrpcClientProtocolClient.java:onNext(255)) - client-574492D41EE7->134d4672-e322-4e4b-b7f3-5645abb0fe8c: receive RaftClientReply:client-574492D41EE7->134d4672-e322-4e4b-b7f3-5645abb0fe8c@group-3CB1DFFBCDC2, cid=652, SUCCESS, logIndex=797, commits[134d4672-e322-4e4b-b7f3-5645abb0fe8c:c797, 73af84f3-3e88-4c8c-894c-3ad307bcac8d:c793, 730a25a1-dbec-44ed-975b-a44ab0096beb:c793]
2019-08-30 05:17:32,195 | INFO  | DNAudit | user=null | ip=null | op=WRITE_CHUNK {blockData=conID: 2 locID: 102704234571301272 bcsId: 0} | ret=SUCCESS |  
2019-08-30 05:17:32,195 | INFO  | DNAudit | user=null | ip=null | op=WRITE_CHUNK {blockData=conID: 2 locID: 102704234571301272 bcsId: 0} | ret=SUCCESS |  
2019-08-30 05:17:32,196 | INFO  | DNAudit | user=null | ip=null | op=PUT_BLOCK {blockData=[blockId=conID: 2 locID: 102704234571301272 bcsId: 0,size=1048576]} | ret=SUCCESS |  
2019-08-30 05:17:32,196 | INFO  | DNAudit | user=null | ip=null | op=WRITE_CHUNK {blockData=conID: 2 locID: 102704234571301272 bcsId: 0} | ret=SUCCESS |  
2019-08-30 05:17:32,196 | INFO  | DNAudit | user=null | ip=null | op=PUT_BLOCK {blockData=[blockId=conID: 2 locID: 102704234571301272 bcsId: 0,size=2097152]} | ret=SUCCESS |  
2019-08-30 05:17:32,198 | INFO  | DNAudit | user=null | ip=null | op=PUT_BLOCK {blockData=[blockId=conID: 2 locID: 102704234571301272 bcsId: 0,size=1048576]} | ret=SUCCESS |  
2019-08-30 05:17:32,198 | INFO  | DNAudit | user=null | ip=null | op=WRITE_CHUNK {blockData=conID: 2 locID: 102704234571301272 bcsId: 0} | ret=SUCCESS |  
2019-08-30 05:17:32,198 [grpc-default-executor-5] INFO  client.GrpcClientProtocolClient (GrpcClientProtocolClient.java:onNext(255)) - client-574492D41EE7->134d4672-e322-4e4b-b7f3-5645abb0fe8c: receive RaftClientReply:client-574492D41EE7->134d4672-e322-4e4b-b7f3-5645abb0fe8c@group-3CB1DFFBCDC2, cid=653, SUCCESS, logIndex=0, commits[134d4672-e322-4e4b-b7f3-5645abb0fe8c:c801, 73af84f3-3e88-4c8c-894c-3ad307bcac8d:c795, 730a25a1-dbec-44ed-975b-a44ab0096beb:c797]
2019-08-30 05:17:32,198 | INFO  | DNAudit | user=null | ip=null | op=PUT_BLOCK {blockData=[blockId=conID: 2 locID: 102704234571301272 bcsId: 0,size=2097152]} | ret=SUCCESS |  
2019-08-30 05:17:32,206 | INFO  | DNAudit | user=null | ip=null | op=WRITE_CHUNK {blockData=conID: 2 locID: 102704234571301272 bcsId: 797} | ret=SUCCESS |  
2019-08-30 05:17:32,210 | INFO  | DNAudit | user=null | ip=null | op=WRITE_CHUNK {blockData=conID: 2 locID: 102704234571301272 bcsId: 797} | ret=SUCCESS |  
2019-08-30 05:17:32,210 | INFO  | DNAudit | user=null | ip=null | op=WRITE_CHUNK {blockData=conID: 2 locID: 102704234571301272 bcsId: 797} | ret=SUCCESS |  
2019-08-30 05:17:32,219 | INFO  | DNAudit | user=null | ip=null | op=WRITE_CHUNK {blockData=conID: 2 locID: 102704234571301272 bcsId: 797} | ret=SUCCESS |  
2019-08-30 05:17:32,219 | INFO  | DNAudit | user=null | ip=null | op=PUT_BLOCK {blockData=[blockId=conID: 2 locID: 102704234571301272 bcsId: 0,size=3145728]} | ret=SUCCESS |  
2019-08-30 05:17:32,219 [grpc-default-executor-5] INFO  client.GrpcClientProtocolClient (GrpcClientProtocolClient.java:onNext(255)) - client-574492D41EE7->134d4672-e322-4e4b-b7f3-5645abb0fe8c: receive RaftClientReply:client-574492D41EE7->134d4672-e322-4e4b-b7f3-5645abb0fe8c@group-3CB1DFFBCDC2, cid=654, SUCCESS, logIndex=802, commits[134d4672-e322-4e4b-b7f3-5645abb0fe8c:c803, 73af84f3-3e88-4c8c-894c-3ad307bcac8d:c801, 730a25a1-dbec-44ed-975b-a44ab0096beb:c801]
2019-08-30 05:17:32,220 [grpc-default-executor-5] INFO  client.GrpcClientProtocolClient (GrpcClientProtocolClient.java:onNext(255)) - client-574492D41EE7->134d4672-e322-4e4b-b7f3-5645abb0fe8c: receive RaftClientReply:client-574492D41EE7->134d4672-e322-4e4b-b7f3-5645abb0fe8c@group-3CB1DFFBCDC2, cid=655, SUCCESS, logIndex=803, commits[134d4672-e322-4e4b-b7f3-5645abb0fe8c:c803, 73af84f3-3e88-4c8c-894c-3ad307bcac8d:c801, 730a25a1-dbec-44ed-975b-a44ab0096beb:c801]
2019-08-30 05:17:32,228 | INFO  | DNAudit | user=null | ip=null | op=WRITE_CHUNK {blockData=conID: 2 locID: 102704234571301272 bcsId: 803} | ret=SUCCESS |  
2019-08-30 05:17:32,230 | INFO  | DNAudit | user=null | ip=null | op=WRITE_CHUNK {blockData=conID: 2 locID: 102704234571301272 bcsId: 797} | ret=SUCCESS |  
2019-08-30 05:17:32,230 | INFO  | DNAudit | user=null | ip=null | op=WRITE_CHUNK {blockData=conID: 2 locID: 102704234571301272 bcsId: 797} | ret=SUCCESS |  
2019-08-30 05:17:32,231 | INFO  | DNAudit | user=null | ip=null | op=WRITE_CHUNK {blockData=conID: 2 locID: 102704234571301272 bcsId: 803} | ret=SUCCESS |  
2019-08-30 05:17:32,233 | INFO  | DNAudit | user=null | ip=null | op=WRITE_CHUNK {blockData=conID: 2 locID: 102704234571301272 bcsId: 803} | ret=SUCCESS |  
2019-08-30 05:17:32,243 | INFO  | DNAudit | user=null | ip=null | op=PUT_BLOCK {blockData=[blockId=conID: 2 locID: 102704234571301272 bcsId: 0,size=3145728]} | ret=SUCCESS |  
2019-08-30 05:17:32,244 | INFO  | DNAudit | user=null | ip=null | op=WRITE_CHUNK {blockData=conID: 2 locID: 102704234571301272 bcsId: 803} | ret=SUCCESS |  
2019-08-30 05:17:32,244 | INFO  | DNAudit | user=null | ip=null | op=PUT_BLOCK {blockData=[blockId=conID: 2 locID: 102704234571301272 bcsId: 0,size=3145728]} | ret=SUCCESS |  
2019-08-30 05:17:32,245 | INFO  | DNAudit | user=null | ip=null | op=PUT_BLOCK {blockData=[blockId=conID: 2 locID: 102704234571301272 bcsId: 0,size=4194304]} | ret=SUCCESS |  
2019-08-30 05:17:32,245 [grpc-default-executor-6] INFO  client.GrpcClientProtocolClient (GrpcClientProtocolClient.java:onNext(255)) - client-574492D41EE7->134d4672-e322-4e4b-b7f3-5645abb0fe8c: receive RaftClientReply:client-574492D41EE7->134d4672-e322-4e4b-b7f3-5645abb0fe8c@group-3CB1DFFBCDC2, cid=656, SUCCESS, logIndex=806, commits[134d4672-e322-4e4b-b7f3-5645abb0fe8c:c806, 73af84f3-3e88-4c8c-894c-3ad307bcac8d:c802, 730a25a1-dbec-44ed-975b-a44ab0096beb:c803]
2019-08-30 05:17:32,245 [grpc-default-executor-6] INFO  client.GrpcClientProtocolClient (GrpcClientProtocolClient.java:onNext(255)) - client-574492D41EE7->134d4672-e322-4e4b-b7f3-5645abb0fe8c: receive RaftClientReply:client-574492D41EE7->134d4672-e322-4e4b-b7f3-5645abb0fe8c@group-3CB1DFFBCDC2, cid=657, SUCCESS, logIndex=807, commits[134d4672-e322-4e4b-b7f3-5645abb0fe8c:c807, 73af84f3-3e88-4c8c-894c-3ad307bcac8d:c803, 730a25a1-dbec-44ed-975b-a44ab0096beb:c803]
2019-08-30 05:17:32,256 | INFO  | DNAudit | user=null | ip=null | op=WRITE_CHUNK {blockData=conID: 2 locID: 102704234571301272 bcsId: 803} | ret=SUCCESS |  
2019-08-30 05:17:32,256 | INFO  | DNAudit | user=null | ip=null | op=WRITE_CHUNK {blockData=conID: 2 locID: 102704234571301272 bcsId: 803} | ret=SUCCESS |  
2019-08-30 05:17:32,259 | INFO  | DNAudit | user=null | ip=null | op=PUT_BLOCK {blockData=[blockId=conID: 2 locID: 102704234571301272 bcsId: 0,size=4194304]} | ret=SUCCESS |  
2019-08-30 05:17:32,259 | INFO  | DNAudit | user=null | ip=null | op=PUT_BLOCK {blockData=[blockId=conID: 2 locID: 102704234571301272 bcsId: 0,size=4194304]} | ret=SUCCESS |  
2019-08-30 05:17:32,259 [grpc-default-executor-3] INFO  client.GrpcClientProtocolClient (GrpcClientProtocolClient.java:onNext(255)) - client-574492D41EE7->134d4672-e322-4e4b-b7f3-5645abb0fe8c: receive RaftClientReply:client-574492D41EE7->134d4672-e322-4e4b-b7f3-5645abb0fe8c@group-3CB1DFFBCDC2, cid=658, SUCCESS, logIndex=0, commits[134d4672-e322-4e4b-b7f3-5645abb0fe8c:c809, 73af84f3-3e88-4c8c-894c-3ad307bcac8d:c807, 730a25a1-dbec-44ed-975b-a44ab0096beb:c807]
2019-08-30 05:17:32,267 | INFO  | DNAudit | user=null | ip=null | op=WRITE_CHUNK {blockData=conID: 3 locID: 102704234571301273 bcsId: 0} | ret=SUCCESS |  
2019-08-30 05:17:32,271 | INFO  | DNAudit | user=null | ip=null | op=WRITE_CHUNK {blockData=conID: 3 locID: 102704234571301273 bcsId: 0} | ret=SUCCESS |  
2019-08-30 05:17:32,272 | INFO  | DNAudit | user=null | ip=null | op=WRITE_CHUNK {blockData=conID: 3 locID: 102704234571301273 bcsId: 0} | ret=SUCCESS |  
2019-08-30 05:17:32,272 | INFO  | DNAudit | user=null | ip=null | op=WRITE_CHUNK {blockData=conID: 3 locID: 102704234571301273 bcsId: 0} | ret=SUCCESS |  
2019-08-30 05:17:32,274 | INFO  | DNAudit | user=null | ip=null | op=WRITE_CHUNK {blockData=conID: 3 locID: 102704234571301273 bcsId: 0} | ret=SUCCESS |  
2019-08-30 05:17:32,274 | INFO  | DNAudit | user=null | ip=null | op=WRITE_CHUNK {blockData=conID: 3 locID: 102704234571301273 bcsId: 0} | ret=SUCCESS |  
2019-08-30 05:17:32,281 | INFO  | DNAudit | user=null | ip=null | op=WRITE_CHUNK {blockData=conID: 3 locID: 102704234571301273 bcsId: 0} | ret=SUCCESS |  
2019-08-30 05:17:32,281 | INFO  | DNAudit | user=null | ip=null | op=PUT_BLOCK {blockData=[blockId=conID: 3 locID: 102704234571301273 bcsId: 0,size=1048576]} | ret=SUCCESS |  
2019-08-30 05:17:32,281 | INFO  | DNAudit | user=null | ip=null | op=WRITE_CHUNK {blockData=conID: 3 locID: 102704234571301273 bcsId: 0} | ret=SUCCESS |  
2019-08-30 05:17:32,281 [grpc-default-executor-1] INFO  client.GrpcClientProtocolClient (GrpcClientProtocolClient.java:onNext(255)) - client-574492D41EE7->134d4672-e322-4e4b-b7f3-5645abb0fe8c: receive RaftClientReply:client-574492D41EE7->134d4672-e322-4e4b-b7f3-5645abb0fe8c@group-3CB1DFFBCDC2, cid=659, SUCCESS, logIndex=810, commits[134d4672-e322-4e4b-b7f3-5645abb0fe8c:c813, 73af84f3-3e88-4c8c-894c-3ad307bcac8d:c807, 730a25a1-dbec-44ed-975b-a44ab0096beb:c809]
2019-08-30 05:17:32,282 | INFO  | DNAudit | user=null | ip=null | op=PUT_BLOCK {blockData=[blockId=conID: 3 locID: 102704234571301273 bcsId: 0,size=2097152]} | ret=SUCCESS |  
2019-08-30 05:17:32,282 [grpc-default-executor-1] INFO  client.GrpcClientProtocolClient (GrpcClientProtocolClient.java:onNext(255)) - client-574492D41EE7->134d4672-e322-4e4b-b7f3-5645abb0fe8c: receive RaftClientReply:client-574492D41EE7->134d4672-e322-4e4b-b7f3-5645abb0fe8c@group-3CB1DFFBCDC2, cid=660, SUCCESS, logIndex=811, commits[134d4672-e322-4e4b-b7f3-5645abb0fe8c:c813, 73af84f3-3e88-4c8c-894c-3ad307bcac8d:c809, 730a25a1-dbec-44ed-975b-a44ab0096beb:c809]
2019-08-30 05:17:32,283 [grpc-default-executor-1] INFO  client.GrpcClientProtocolClient (GrpcClientProtocolClient.java:onNext(255)) - client-574492D41EE7->134d4672-e322-4e4b-b7f3-5645abb0fe8c: receive RaftClientReply:client-574492D41EE7->134d4672-e322-4e4b-b7f3-5645abb0fe8c@group-3CB1DFFBCDC2, cid=661, SUCCESS, logIndex=812, commits[134d4672-e322-4e4b-b7f3-5645abb0fe8c:c813, 73af84f3-3e88-4c8c-894c-3ad307bcac8d:c809, 730a25a1-dbec-44ed-975b-a44ab0096beb:c809]
2019-08-30 05:17:32,283 [grpc-default-executor-1] INFO  client.GrpcClientProtocolClient (GrpcClientProtocolClient.java:onNext(255)) - client-574492D41EE7->134d4672-e322-4e4b-b7f3-5645abb0fe8c: receive RaftClientReply:client-574492D41EE7->134d4672-e322-4e4b-b7f3-5645abb0fe8c@group-3CB1DFFBCDC2, cid=662, SUCCESS, logIndex=813, commits[134d4672-e322-4e4b-b7f3-5645abb0fe8c:c813, 73af84f3-3e88-4c8c-894c-3ad307bcac8d:c809, 730a25a1-dbec-44ed-975b-a44ab0096beb:c809]
2019-08-30 05:17:32,284 | INFO  | DNAudit | user=null | ip=null | op=WRITE_CHUNK {blockData=conID: 3 locID: 102704234571301273 bcsId: 0} | ret=SUCCESS |  
2019-08-30 05:17:32,285 | INFO  | DNAudit | user=null | ip=null | op=PUT_BLOCK {blockData=[blockId=conID: 3 locID: 102704234571301273 bcsId: 0,size=1048576]} | ret=SUCCESS |  
2019-08-30 05:17:32,296 | INFO  | DNAudit | user=null | ip=null | op=WRITE_CHUNK {blockData=conID: 3 locID: 102704234571301273 bcsId: 0} | ret=SUCCESS |  
2019-08-30 05:17:32,296 | INFO  | DNAudit | user=null | ip=null | op=PUT_BLOCK {blockData=[blockId=conID: 3 locID: 102704234571301273 bcsId: 0,size=1048576]} | ret=SUCCESS |  
2019-08-30 05:17:32,296 | INFO  | DNAudit | user=null | ip=null | op=WRITE_CHUNK {blockData=conID: 3 locID: 102704234571301273 bcsId: 0} | ret=SUCCESS |  
2019-08-30 05:17:32,297 | INFO  | DNAudit | user=null | ip=null | op=PUT_BLOCK {blockData=[blockId=conID: 3 locID: 102704234571301273 bcsId: 0,size=2097152]} | ret=SUCCESS |  
2019-08-30 05:17:32,297 | INFO  | DNAudit | user=null | ip=null | op=WRITE_CHUNK {blockData=conID: 3 locID: 102704234571301273 bcsId: 0} | ret=SUCCESS |  
2019-08-30 05:17:32,297 [grpc-default-executor-1] INFO  client.GrpcClientProtocolClient (GrpcClientProtocolClient.java:onNext(255)) - client-574492D41EE7->134d4672-e322-4e4b-b7f3-5645abb0fe8c: receive RaftClientReply:client-574492D41EE7->134d4672-e322-4e4b-b7f3-5645abb0fe8c@group-3CB1DFFBCDC2, cid=663, SUCCESS, logIndex=0, commits[134d4672-e322-4e4b-b7f3-5645abb0fe8c:c814, 73af84f3-3e88-4c8c-894c-3ad307bcac8d:c811, 730a25a1-dbec-44ed-975b-a44ab0096beb:c811]
2019-08-30 05:17:32,303 | INFO  | DNAudit | user=null | ip=null | op=PUT_BLOCK {blockData=[blockId=conID: 3 locID: 102704234571301273 bcsId: 0,size=2097152]} | ret=SUCCESS |  
2019-08-30 05:17:32,305 | INFO  | DNAudit | user=null | ip=null | op=WRITE_CHUNK {blockData=conID: 3 locID: 102704234571301273 bcsId: 813} | ret=SUCCESS |  
2019-08-30 05:17:32,308 | INFO  | DNAudit | user=null | ip=null | op=WRITE_CHUNK {blockData=conID: 3 locID: 102704234571301273 bcsId: 813} | ret=SUCCESS |  
2019-08-30 05:17:32,308 | INFO  | DNAudit | user=null | ip=null | op=WRITE_CHUNK {blockData=conID: 3 locID: 102704234571301273 bcsId: 813} | ret=SUCCESS |  
2019-08-30 05:17:32,314 | INFO  | DNAudit | user=null | ip=null | op=WRITE_CHUNK {blockData=conID: 3 locID: 102704234571301273 bcsId: 813} | ret=SUCCESS |  
2019-08-30 05:17:32,315 | INFO  | DNAudit | user=null | ip=null | op=PUT_BLOCK {blockData=[blockId=conID: 3 locID: 102704234571301273 bcsId: 0,size=3145728]} | ret=SUCCESS |  
2019-08-30 05:17:32,315 [grpc-default-executor-3] INFO  client.GrpcClientProtocolClient (GrpcClientProtocolClient.java:onNext(255)) - client-574492D41EE7->134d4672-e322-4e4b-b7f3-5645abb0fe8c: receive RaftClientReply:client-574492D41EE7->134d4672-e322-4e4b-b7f3-5645abb0fe8c@group-3CB1DFFBCDC2, cid=664, SUCCESS, logIndex=818, commits[134d4672-e322-4e4b-b7f3-5645abb0fe8c:c819, 73af84f3-3e88-4c8c-894c-3ad307bcac8d:c817, 730a25a1-dbec-44ed-975b-a44ab0096beb:c817]
2019-08-30 05:17:32,316 [grpc-default-executor-3] INFO  client.GrpcClientProtocolClient (GrpcClientProtocolClient.java:onNext(255)) - client-574492D41EE7->134d4672-e322-4e4b-b7f3-5645abb0fe8c: receive RaftClientReply:client-574492D41EE7->134d4672-e322-4e4b-b7f3-5645abb0fe8c@group-3CB1DFFBCDC2, cid=665, SUCCESS, logIndex=819, commits[134d4672-e322-4e4b-b7f3-5645abb0fe8c:c819, 73af84f3-3e88-4c8c-894c-3ad307bcac8d:c817, 730a25a1-dbec-44ed-975b-a44ab0096beb:c817]
2019-08-30 05:17:32,324 | INFO  | DNAudit | user=null | ip=null | op=WRITE_CHUNK {blockData=conID: 3 locID: 102704234571301273 bcsId: 819} | ret=SUCCESS |  
2019-08-30 05:17:32,326 | INFO  | DNAudit | user=null | ip=null | op=WRITE_CHUNK {blockData=conID: 3 locID: 102704234571301273 bcsId: 813} | ret=SUCCESS |  
2019-08-30 05:17:32,328 | INFO  | DNAudit | user=null | ip=null | op=WRITE_CHUNK {blockData=conID: 3 locID: 102704234571301273 bcsId: 813} | ret=SUCCESS |  
2019-08-30 05:17:32,328 | INFO  | DNAudit | user=null | ip=null | op=PUT_BLOCK {blockData=[blockId=conID: 3 locID: 102704234571301273 bcsId: 0,size=3145728]} | ret=SUCCESS |  
2019-08-30 05:17:32,328 | INFO  | DNAudit | user=null | ip=null | op=PUT_BLOCK {blockData=[blockId=conID: 3 locID: 102704234571301273 bcsId: 0,size=3145728]} | ret=SUCCESS |  
2019-08-30 05:17:32,330 | INFO  | DNAudit | user=null | ip=null | op=WRITE_CHUNK {blockData=conID: 3 locID: 102704234571301273 bcsId: 819} | ret=SUCCESS |  
2019-08-30 05:17:32,330 | INFO  | DNAudit | user=null | ip=null | op=WRITE_CHUNK {blockData=conID: 3 locID: 102704234571301273 bcsId: 819} | ret=SUCCESS |  
2019-08-30 05:17:32,344 | INFO  | DNAudit | user=null | ip=null | op=WRITE_CHUNK {blockData=conID: 3 locID: 102704234571301273 bcsId: 819} | ret=SUCCESS |  
2019-08-30 05:17:32,345 | INFO  | DNAudit | user=null | ip=null | op=PUT_BLOCK {blockData=[blockId=conID: 3 locID: 102704234571301273 bcsId: 0,size=4194304]} | ret=SUCCESS |  
2019-08-30 05:17:32,345 [grpc-default-executor-5] INFO  client.GrpcClientProtocolClient (GrpcClientProtocolClient.java:onNext(255)) - client-574492D41EE7->134d4672-e322-4e4b-b7f3-5645abb0fe8c: receive RaftClientReply:client-574492D41EE7->134d4672-e322-4e4b-b7f3-5645abb0fe8c@group-3CB1DFFBCDC2, cid=666, SUCCESS, logIndex=822, commits[134d4672-e322-4e4b-b7f3-5645abb0fe8c:c823, 73af84f3-3e88-4c8c-894c-3ad307bcac8d:c819, 730a25a1-dbec-44ed-975b-a44ab0096beb:c819]
2019-08-30 05:17:32,346 [grpc-default-executor-5] INFO  client.GrpcClientProtocolClient (GrpcClientProtocolClient.java:onNext(255)) - client-574492D41EE7->134d4672-e322-4e4b-b7f3-5645abb0fe8c: receive RaftClientReply:client-574492D41EE7->134d4672-e322-4e4b-b7f3-5645abb0fe8c@group-3CB1DFFBCDC2, cid=667, SUCCESS, logIndex=823, commits[134d4672-e322-4e4b-b7f3-5645abb0fe8c:c823, 73af84f3-3e88-4c8c-894c-3ad307bcac8d:c819, 730a25a1-dbec-44ed-975b-a44ab0096beb:c819]
2019-08-30 05:17:32,356 | INFO  | DNAudit | user=null | ip=null | op=WRITE_CHUNK {blockData=conID: 3 locID: 102704234571301273 bcsId: 819} | ret=SUCCESS |  
2019-08-30 05:17:32,356 | INFO  | DNAudit | user=null | ip=null | op=WRITE_CHUNK {blockData=conID: 3 locID: 102704234571301273 bcsId: 819} | ret=SUCCESS |  
2019-08-30 05:17:32,359 | INFO  | DNAudit | user=null | ip=null | op=PUT_BLOCK {blockData=[blockId=conID: 3 locID: 102704234571301273 bcsId: 0,size=4194304]} | ret=SUCCESS |  
2019-08-30 05:17:32,359 | INFO  | DNAudit | user=null | ip=null | op=PUT_BLOCK {blockData=[blockId=conID: 3 locID: 102704234571301273 bcsId: 0,size=4194304]} | ret=SUCCESS |  
2019-08-30 05:17:32,360 [grpc-default-executor-5] INFO  client.GrpcClientProtocolClient (GrpcClientProtocolClient.java:onNext(255)) - client-574492D41EE7->134d4672-e322-4e4b-b7f3-5645abb0fe8c: receive RaftClientReply:client-574492D41EE7->134d4672-e322-4e4b-b7f3-5645abb0fe8c@group-3CB1DFFBCDC2, cid=668, SUCCESS, logIndex=0, commits[134d4672-e322-4e4b-b7f3-5645abb0fe8c:c825, 73af84f3-3e88-4c8c-894c-3ad307bcac8d:c823, 730a25a1-dbec-44ed-975b-a44ab0096beb:c823]
2019-08-30 05:17:32,369 | INFO  | DNAudit | user=null | ip=null | op=WRITE_CHUNK {blockData=conID: 1 locID: 102704234571301274 bcsId: 0} | ret=SUCCESS |  
2019-08-30 05:17:32,373 | INFO  | DNAudit | user=null | ip=null | op=WRITE_CHUNK {blockData=conID: 1 locID: 102704234571301274 bcsId: 0} | ret=SUCCESS |  
2019-08-30 05:17:32,373 | INFO  | DNAudit | user=null | ip=null | op=WRITE_CHUNK {blockData=conID: 1 locID: 102704234571301274 bcsId: 0} | ret=SUCCESS |  
2019-08-30 05:17:32,374 | INFO  | DNAudit | user=null | ip=null | op=WRITE_CHUNK {blockData=conID: 1 locID: 102704234571301274 bcsId: 0} | ret=SUCCESS |  
2019-08-30 05:17:32,374 | INFO  | DNAudit | user=null | ip=null | op=WRITE_CHUNK {blockData=conID: 1 locID: 102704234571301274 bcsId: 0} | ret=SUCCESS |  
2019-08-30 05:17:32,375 | INFO  | DNAudit | user=null | ip=null | op=WRITE_CHUNK {blockData=conID: 1 locID: 102704234571301274 bcsId: 0} | ret=SUCCESS |  
2019-08-30 05:17:32,382 | INFO  | SCMAudit | user=jenkins1000 | ip=192.168.36.106 | op=SEND_HEARTBEAT {datanodeUUID=b91a4442-fd83-4a66-bee2-5c7959dbabc3, command=[]} | ret=SUCCESS |  
2019-08-30 05:17:32,385 | INFO  | DNAudit | user=null | ip=null | op=WRITE_CHUNK {blockData=conID: 1 locID: 102704234571301274 bcsId: 0} | ret=SUCCESS |  
2019-08-30 05:17:32,386 | INFO  | DNAudit | user=null | ip=null | op=PUT_BLOCK {blockData=[blockId=conID: 1 locID: 102704234571301274 bcsId: 0,size=1048576]} | ret=SUCCESS |  
2019-08-30 05:17:32,387 | INFO  | DNAudit | user=null | ip=null | op=WRITE_CHUNK {blockData=conID: 1 locID: 102704234571301274 bcsId: 0} | ret=SUCCESS |  
2019-08-30 05:17:32,387 [grpc-default-executor-5] INFO  client.GrpcClientProtocolClient (GrpcClientProtocolClient.java:onNext(255)) - client-574492D41EE7->134d4672-e322-4e4b-b7f3-5645abb0fe8c: receive RaftClientReply:client-574492D41EE7->134d4672-e322-4e4b-b7f3-5645abb0fe8c@group-3CB1DFFBCDC2, cid=669, SUCCESS, logIndex=826, commits[134d4672-e322-4e4b-b7f3-5645abb0fe8c:c826, 73af84f3-3e88-4c8c-894c-3ad307bcac8d:c825, 730a25a1-dbec-44ed-975b-a44ab0096beb:c825]
2019-08-30 05:17:32,387 | INFO  | DNAudit | user=null | ip=null | op=PUT_BLOCK {blockData=[blockId=conID: 1 locID: 102704234571301274 bcsId: 0,size=2097152]} | ret=SUCCESS |  
2019-08-30 05:17:32,387 [grpc-default-executor-5] INFO  client.GrpcClientProtocolClient (GrpcClientProtocolClient.java:onNext(255)) - client-574492D41EE7->134d4672-e322-4e4b-b7f3-5645abb0fe8c: receive RaftClientReply:client-574492D41EE7->134d4672-e322-4e4b-b7f3-5645abb0fe8c@group-3CB1DFFBCDC2, cid=670, SUCCESS, logIndex=827, commits[134d4672-e322-4e4b-b7f3-5645abb0fe8c:c828, 73af84f3-3e88-4c8c-894c-3ad307bcac8d:c825, 730a25a1-dbec-44ed-975b-a44ab0096beb:c825]
2019-08-30 05:17:32,388 [grpc-default-executor-5] INFO  client.GrpcClientProtocolClient (GrpcClientProtocolClient.java:onNext(255)) - client-574492D41EE7->134d4672-e322-4e4b-b7f3-5645abb0fe8c: receive RaftClientReply:client-574492D41EE7->134d4672-e322-4e4b-b7f3-5645abb0fe8c@group-3CB1DFFBCDC2, cid=671, SUCCESS, logIndex=828, commits[134d4672-e322-4e4b-b7f3-5645abb0fe8c:c829, 73af84f3-3e88-4c8c-894c-3ad307bcac8d:c825, 730a25a1-dbec-44ed-975b-a44ab0096beb:c825]
2019-08-30 05:17:32,388 [grpc-default-executor-5] INFO  client.GrpcClientProtocolClient (GrpcClientProtocolClient.java:onNext(255)) - client-574492D41EE7->134d4672-e322-4e4b-b7f3-5645abb0fe8c: receive RaftClientReply:client-574492D41EE7->134d4672-e322-4e4b-b7f3-5645abb0fe8c@group-3CB1DFFBCDC2, cid=672, SUCCESS, logIndex=829, commits[134d4672-e322-4e4b-b7f3-5645abb0fe8c:c829, 73af84f3-3e88-4c8c-894c-3ad307bcac8d:c825, 730a25a1-dbec-44ed-975b-a44ab0096beb:c825]
2019-08-30 05:17:32,397 | INFO  | DNAudit | user=null | ip=null | op=WRITE_CHUNK {blockData=conID: 1 locID: 102704234571301274 bcsId: 0} | ret=SUCCESS |  
2019-08-30 05:17:32,397 | INFO  | DNAudit | user=null | ip=null | op=WRITE_CHUNK {blockData=conID: 1 locID: 102704234571301274 bcsId: 0} | ret=SUCCESS |  
2019-08-30 05:17:32,400 | INFO  | DNAudit | user=null | ip=null | op=PUT_BLOCK {blockData=[blockId=conID: 1 locID: 102704234571301274 bcsId: 0,size=1048576]} | ret=SUCCESS |  
2019-08-30 05:17:32,400 | INFO  | DNAudit | user=null | ip=null | op=WRITE_CHUNK {blockData=conID: 1 locID: 102704234571301274 bcsId: 0} | ret=SUCCESS |  
2019-08-30 05:17:32,400 | INFO  | DNAudit | user=null | ip=null | op=PUT_BLOCK {blockData=[blockId=conID: 1 locID: 102704234571301274 bcsId: 0,size=1048576]} | ret=SUCCESS |  
2019-08-30 05:17:32,400 | INFO  | DNAudit | user=null | ip=null | op=PUT_BLOCK {blockData=[blockId=conID: 1 locID: 102704234571301274 bcsId: 0,size=2097152]} | ret=SUCCESS |  
2019-08-30 05:17:32,400 | INFO  | DNAudit | user=null | ip=null | op=WRITE_CHUNK {blockData=conID: 1 locID: 102704234571301274 bcsId: 0} | ret=SUCCESS |  
2019-08-30 05:17:32,401 | INFO  | DNAudit | user=null | ip=null | op=PUT_BLOCK {blockData=[blockId=conID: 1 locID: 102704234571301274 bcsId: 0,size=2097152]} | ret=SUCCESS |  
2019-08-30 05:17:32,401 [grpc-default-executor-3] INFO  client.GrpcClientProtocolClient (GrpcClientProtocolClient.java:onNext(255)) - client-574492D41EE7->134d4672-e322-4e4b-b7f3-5645abb0fe8c: receive RaftClientReply:client-574492D41EE7->134d4672-e322-4e4b-b7f3-5645abb0fe8c@group-3CB1DFFBCDC2, cid=673, SUCCESS, logIndex=0, commits[134d4672-e322-4e4b-b7f3-5645abb0fe8c:c831, 73af84f3-3e88-4c8c-894c-3ad307bcac8d:c828, 730a25a1-dbec-44ed-975b-a44ab0096beb:c828]
2019-08-30 05:17:32,410 | INFO  | DNAudit | user=null | ip=null | op=WRITE_CHUNK {blockData=conID: 1 locID: 102704234571301274 bcsId: 829} | ret=SUCCESS |  
2019-08-30 05:17:32,414 | INFO  | DNAudit | user=null | ip=null | op=WRITE_CHUNK {blockData=conID: 1 locID: 102704234571301274 bcsId: 829} | ret=SUCCESS |  
2019-08-30 05:17:32,414 | INFO  | DNAudit | user=null | ip=null | op=WRITE_CHUNK {blockData=conID: 1 locID: 102704234571301274 bcsId: 829} | ret=SUCCESS |  
2019-08-30 05:17:32,422 | INFO  | DNAudit | user=null | ip=null | op=WRITE_CHUNK {blockData=conID: 1 locID: 102704234571301274 bcsId: 829} | ret=SUCCESS |  
2019-08-30 05:17:32,423 | INFO  | DNAudit | user=null | ip=null | op=PUT_BLOCK {blockData=[blockId=conID: 1 locID: 102704234571301274 bcsId: 0,size=3145728]} | ret=SUCCESS |  
2019-08-30 05:17:32,423 [grpc-default-executor-3] INFO  client.GrpcClientProtocolClient (GrpcClientProtocolClient.java:onNext(255)) - client-574492D41EE7->134d4672-e322-4e4b-b7f3-5645abb0fe8c: receive RaftClientReply:client-574492D41EE7->134d4672-e322-4e4b-b7f3-5645abb0fe8c@group-3CB1DFFBCDC2, cid=674, SUCCESS, logIndex=833, commits[134d4672-e322-4e4b-b7f3-5645abb0fe8c:c834, 73af84f3-3e88-4c8c-894c-3ad307bcac8d:c832, 730a25a1-dbec-44ed-975b-a44ab0096beb:c832]
2019-08-30 05:17:32,424 [grpc-default-executor-3] INFO  client.GrpcClientProtocolClient (GrpcClientProtocolClient.java:onNext(255)) - client-574492D41EE7->134d4672-e322-4e4b-b7f3-5645abb0fe8c: receive RaftClientReply:client-574492D41EE7->134d4672-e322-4e4b-b7f3-5645abb0fe8c@group-3CB1DFFBCDC2, cid=675, SUCCESS, logIndex=834, commits[134d4672-e322-4e4b-b7f3-5645abb0fe8c:c834, 73af84f3-3e88-4c8c-894c-3ad307bcac8d:c832, 730a25a1-dbec-44ed-975b-a44ab0096beb:c832]
2019-08-30 05:17:32,433 | INFO  | DNAudit | user=null | ip=null | op=WRITE_CHUNK {blockData=conID: 1 locID: 102704234571301274 bcsId: 834} | ret=SUCCESS |  
2019-08-30 05:17:32,434 | INFO  | DNAudit | user=null | ip=null | op=WRITE_CHUNK {blockData=conID: 1 locID: 102704234571301274 bcsId: 829} | ret=SUCCESS |  
2019-08-30 05:17:32,434 | INFO  | DNAudit | user=null | ip=null | op=WRITE_CHUNK {blockData=conID: 1 locID: 102704234571301274 bcsId: 829} | ret=SUCCESS |  
2019-08-30 05:17:32,436 | INFO  | DNAudit | user=null | ip=null | op=WRITE_CHUNK {blockData=conID: 1 locID: 102704234571301274 bcsId: 834} | ret=SUCCESS |  
2019-08-30 05:17:32,437 | INFO  | DNAudit | user=null | ip=null | op=WRITE_CHUNK {blockData=conID: 1 locID: 102704234571301274 bcsId: 834} | ret=SUCCESS |  
2019-08-30 05:17:32,437 | INFO  | DNAudit | user=null | ip=null | op=PUT_BLOCK {blockData=[blockId=conID: 1 locID: 102704234571301274 bcsId: 0,size=3145728]} | ret=SUCCESS |  
2019-08-30 05:17:32,437 | INFO  | DNAudit | user=null | ip=null | op=PUT_BLOCK {blockData=[blockId=conID: 1 locID: 102704234571301274 bcsId: 0,size=3145728]} | ret=SUCCESS |  
2019-08-30 05:17:32,449 | INFO  | DNAudit | user=null | ip=null | op=WRITE_CHUNK {blockData=conID: 1 locID: 102704234571301274 bcsId: 834} | ret=SUCCESS |  
2019-08-30 05:17:32,450 | INFO  | DNAudit | user=null | ip=null | op=PUT_BLOCK {blockData=[blockId=conID: 1 locID: 102704234571301274 bcsId: 0,size=4194304]} | ret=SUCCESS |  
2019-08-30 05:17:32,450 [grpc-default-executor-1] INFO  client.GrpcClientProtocolClient (GrpcClientProtocolClient.java:onNext(255)) - client-574492D41EE7->134d4672-e322-4e4b-b7f3-5645abb0fe8c: receive RaftClientReply:client-574492D41EE7->134d4672-e322-4e4b-b7f3-5645abb0fe8c@group-3CB1DFFBCDC2, cid=676, SUCCESS, logIndex=837, commits[134d4672-e322-4e4b-b7f3-5645abb0fe8c:c838, 73af84f3-3e88-4c8c-894c-3ad307bcac8d:c834, 730a25a1-dbec-44ed-975b-a44ab0096beb:c834]
2019-08-30 05:17:32,450 | INFO  | DNAudit | user=null | ip=null | op=WRITE_CHUNK {blockData=conID: 1 locID: 102704234571301274 bcsId: 834} | ret=SUCCESS |  
2019-08-30 05:17:32,450 [grpc-default-executor-1] INFO  client.GrpcClientProtocolClient (GrpcClientProtocolClient.java:onNext(255)) - client-574492D41EE7->134d4672-e322-4e4b-b7f3-5645abb0fe8c: receive RaftClientReply:client-574492D41EE7->134d4672-e322-4e4b-b7f3-5645abb0fe8c@group-3CB1DFFBCDC2, cid=677, SUCCESS, logIndex=838, commits[134d4672-e322-4e4b-b7f3-5645abb0fe8c:c838, 73af84f3-3e88-4c8c-894c-3ad307bcac8d:c834, 730a25a1-dbec-44ed-975b-a44ab0096beb:c834]
2019-08-30 05:17:32,451 | INFO  | DNAudit | user=null | ip=null | op=PUT_BLOCK {blockData=[blockId=conID: 1 locID: 102704234571301274 bcsId: 0,size=4194304]} | ret=SUCCESS |  
2019-08-30 05:17:32,451 | INFO  | DNAudit | user=null | ip=null | op=WRITE_CHUNK {blockData=conID: 1 locID: 102704234571301274 bcsId: 834} | ret=SUCCESS |  
2019-08-30 05:17:32,451 | INFO  | DNAudit | user=null | ip=null | op=PUT_BLOCK {blockData=[blockId=conID: 1 locID: 102704234571301274 bcsId: 0,size=4194304]} | ret=SUCCESS |  
2019-08-30 05:17:32,452 [grpc-default-executor-1] INFO  client.GrpcClientProtocolClient (GrpcClientProtocolClient.java:onNext(255)) - client-574492D41EE7->134d4672-e322-4e4b-b7f3-5645abb0fe8c: receive RaftClientReply:client-574492D41EE7->134d4672-e322-4e4b-b7f3-5645abb0fe8c@group-3CB1DFFBCDC2, cid=678, SUCCESS, logIndex=0, commits[134d4672-e322-4e4b-b7f3-5645abb0fe8c:c839, 73af84f3-3e88-4c8c-894c-3ad307bcac8d:c838, 730a25a1-dbec-44ed-975b-a44ab0096beb:c838]
2019-08-30 05:17:32,461 | INFO  | DNAudit | user=null | ip=null | op=WRITE_CHUNK {blockData=conID: 2 locID: 102704234571301275 bcsId: 0} | ret=SUCCESS |  
2019-08-30 05:17:32,463 | INFO  | DNAudit | user=null | ip=null | op=WRITE_CHUNK {blockData=conID: 2 locID: 102704234571301275 bcsId: 0} | ret=SUCCESS |  
2019-08-30 05:17:32,464 | INFO  | DNAudit | user=null | ip=null | op=WRITE_CHUNK {blockData=conID: 2 locID: 102704234571301275 bcsId: 0} | ret=SUCCESS |  
2019-08-30 05:17:32,465 | INFO  | DNAudit | user=null | ip=null | op=WRITE_CHUNK {blockData=conID: 2 locID: 102704234571301275 bcsId: 0} | ret=SUCCESS |  
2019-08-30 05:17:32,467 | INFO  | DNAudit | user=null | ip=null | op=WRITE_CHUNK {blockData=conID: 2 locID: 102704234571301275 bcsId: 0} | ret=SUCCESS |  
2019-08-30 05:17:32,467 | INFO  | DNAudit | user=null | ip=null | op=WRITE_CHUNK {blockData=conID: 2 locID: 102704234571301275 bcsId: 0} | ret=SUCCESS |  
2019-08-30 05:17:32,476 | INFO  | DNAudit | user=null | ip=null | op=WRITE_CHUNK {blockData=conID: 2 locID: 102704234571301275 bcsId: 0} | ret=SUCCESS |  
2019-08-30 05:17:32,477 | INFO  | DNAudit | user=null | ip=null | op=PUT_BLOCK {blockData=[blockId=conID: 2 locID: 102704234571301275 bcsId: 0,size=1048576]} | ret=SUCCESS |  
2019-08-30 05:17:32,477 | INFO  | DNAudit | user=null | ip=null | op=WRITE_CHUNK {blockData=conID: 2 locID: 102704234571301275 bcsId: 0} | ret=SUCCESS |  
2019-08-30 05:17:32,477 [grpc-default-executor-5] INFO  client.GrpcClientProtocolClient (GrpcClientProtocolClient.java:onNext(255)) - client-574492D41EE7->134d4672-e322-4e4b-b7f3-5645abb0fe8c: receive RaftClientReply:client-574492D41EE7->134d4672-e322-4e4b-b7f3-5645abb0fe8c@group-3CB1DFFBCDC2, cid=679, SUCCESS, logIndex=841, commits[134d4672-e322-4e4b-b7f3-5645abb0fe8c:c842, 73af84f3-3e88-4c8c-894c-3ad307bcac8d:c840, 730a25a1-dbec-44ed-975b-a44ab0096beb:c840]
2019-08-30 05:17:32,478 | INFO  | DNAudit | user=null | ip=null | op=PUT_BLOCK {blockData=[blockId=conID: 2 locID: 102704234571301275 bcsId: 0,size=2097152]} | ret=SUCCESS |  
2019-08-30 05:17:32,478 [grpc-default-executor-5] INFO  client.GrpcClientProtocolClient (GrpcClientProtocolClient.java:onNext(255)) - client-574492D41EE7->134d4672-e322-4e4b-b7f3-5645abb0fe8c: receive RaftClientReply:client-574492D41EE7->134d4672-e322-4e4b-b7f3-5645abb0fe8c@group-3CB1DFFBCDC2, cid=680, SUCCESS, logIndex=842, commits[134d4672-e322-4e4b-b7f3-5645abb0fe8c:c844, 73af84f3-3e88-4c8c-894c-3ad307bcac8d:c840, 730a25a1-dbec-44ed-975b-a44ab0096beb:c840]
2019-08-30 05:17:32,478 [grpc-default-executor-5] INFO  client.GrpcClientProtocolClient (GrpcClientProtocolClient.java:onNext(255)) - client-574492D41EE7->134d4672-e322-4e4b-b7f3-5645abb0fe8c: receive RaftClientReply:client-574492D41EE7->134d4672-e322-4e4b-b7f3-5645abb0fe8c@group-3CB1DFFBCDC2, cid=681, SUCCESS, logIndex=843, commits[134d4672-e322-4e4b-b7f3-5645abb0fe8c:c844, 73af84f3-3e88-4c8c-894c-3ad307bcac8d:c840, 730a25a1-dbec-44ed-975b-a44ab0096beb:c840]
2019-08-30 05:17:32,479 [grpc-default-executor-5] INFO  client.GrpcClientProtocolClient (GrpcClientProtocolClient.java:onNext(255)) - client-574492D41EE7->134d4672-e322-4e4b-b7f3-5645abb0fe8c: receive RaftClientReply:client-574492D41EE7->134d4672-e322-4e4b-b7f3-5645abb0fe8c@group-3CB1DFFBCDC2, cid=682, SUCCESS, logIndex=844, commits[134d4672-e322-4e4b-b7f3-5645abb0fe8c:c844, 73af84f3-3e88-4c8c-894c-3ad307bcac8d:c840, 730a25a1-dbec-44ed-975b-a44ab0096beb:c840]
2019-08-30 05:17:32,488 | INFO  | DNAudit | user=null | ip=null | op=WRITE_CHUNK {blockData=conID: 2 locID: 102704234571301275 bcsId: 0} | ret=SUCCESS |  
2019-08-30 05:17:32,488 | INFO  | DNAudit | user=null | ip=null | op=WRITE_CHUNK {blockData=conID: 2 locID: 102704234571301275 bcsId: 0} | ret=SUCCESS |  
2019-08-30 05:17:32,489 | INFO  | DNAudit | user=null | ip=null | op=PUT_BLOCK {blockData=[blockId=conID: 2 locID: 102704234571301275 bcsId: 0,size=1048576]} | ret=SUCCESS |  
2019-08-30 05:17:32,490 | INFO  | DNAudit | user=null | ip=null | op=PUT_BLOCK {blockData=[blockId=conID: 2 locID: 102704234571301275 bcsId: 0,size=1048576]} | ret=SUCCESS |  
2019-08-30 05:17:32,490 | INFO  | DNAudit | user=null | ip=null | op=WRITE_CHUNK {blockData=conID: 2 locID: 102704234571301275 bcsId: 0} | ret=SUCCESS |  
2019-08-30 05:17:32,490 | INFO  | DNAudit | user=null | ip=null | op=WRITE_CHUNK {blockData=conID: 2 locID: 102704234571301275 bcsId: 0} | ret=SUCCESS |  
2019-08-30 05:17:32,490 | INFO  | DNAudit | user=null | ip=null | op=PUT_BLOCK {blockData=[blockId=conID: 2 locID: 102704234571301275 bcsId: 0,size=2097152]} | ret=SUCCESS |  
2019-08-30 05:17:32,490 [grpc-default-executor-5] INFO  client.GrpcClientProtocolClient (GrpcClientProtocolClient.java:onNext(255)) - client-574492D41EE7->134d4672-e322-4e4b-b7f3-5645abb0fe8c: receive RaftClientReply:client-574492D41EE7->134d4672-e322-4e4b-b7f3-5645abb0fe8c@group-3CB1DFFBCDC2, cid=683, SUCCESS, logIndex=0, commits[134d4672-e322-4e4b-b7f3-5645abb0fe8c:c845, 73af84f3-3e88-4c8c-894c-3ad307bcac8d:c842, 730a25a1-dbec-44ed-975b-a44ab0096beb:c842]
2019-08-30 05:17:32,490 | INFO  | DNAudit | user=null | ip=null | op=PUT_BLOCK {blockData=[blockId=conID: 2 locID: 102704234571301275 bcsId: 0,size=2097152]} | ret=SUCCESS |  
2019-08-30 05:17:32,498 | INFO  | DNAudit | user=null | ip=null | op=WRITE_CHUNK {blockData=conID: 2 locID: 102704234571301275 bcsId: 844} | ret=SUCCESS |  
2019-08-30 05:17:32,502 | INFO  | DNAudit | user=null | ip=null | op=WRITE_CHUNK {blockData=conID: 2 locID: 102704234571301275 bcsId: 844} | ret=SUCCESS |  
2019-08-30 05:17:32,502 | INFO  | DNAudit | user=null | ip=null | op=WRITE_CHUNK {blockData=conID: 2 locID: 102704234571301275 bcsId: 844} | ret=SUCCESS |  
2019-08-30 05:17:32,510 | INFO  | DNAudit | user=null | ip=null | op=WRITE_CHUNK {blockData=conID: 2 locID: 102704234571301275 bcsId: 844} | ret=SUCCESS |  
2019-08-30 05:17:32,510 | INFO  | DNAudit | user=null | ip=null | op=PUT_BLOCK {blockData=[blockId=conID: 2 locID: 102704234571301275 bcsId: 0,size=3145728]} | ret=SUCCESS |  
2019-08-30 05:17:32,510 [grpc-default-executor-6] INFO  client.GrpcClientProtocolClient (GrpcClientProtocolClient.java:onNext(255)) - client-574492D41EE7->134d4672-e322-4e4b-b7f3-5645abb0fe8c: receive RaftClientReply:client-574492D41EE7->134d4672-e322-4e4b-b7f3-5645abb0fe8c@group-3CB1DFFBCDC2, cid=684, SUCCESS, logIndex=849, commits[134d4672-e322-4e4b-b7f3-5645abb0fe8c:c850, 73af84f3-3e88-4c8c-894c-3ad307bcac8d:c848, 730a25a1-dbec-44ed-975b-a44ab0096beb:c848]
2019-08-30 05:17:32,511 [grpc-default-executor-6] INFO  client.GrpcClientProtocolClient (GrpcClientProtocolClient.java:onNext(255)) - client-574492D41EE7->134d4672-e322-4e4b-b7f3-5645abb0fe8c: receive RaftClientReply:client-574492D41EE7->134d4672-e322-4e4b-b7f3-5645abb0fe8c@group-3CB1DFFBCDC2, cid=685, SUCCESS, logIndex=850, commits[134d4672-e322-4e4b-b7f3-5645abb0fe8c:c850, 73af84f3-3e88-4c8c-894c-3ad307bcac8d:c848, 730a25a1-dbec-44ed-975b-a44ab0096beb:c848]
2019-08-30 05:17:32,519 | INFO  | DNAudit | user=null | ip=null | op=WRITE_CHUNK {blockData=conID: 2 locID: 102704234571301275 bcsId: 850} | ret=SUCCESS |  
2019-08-30 05:17:32,519 | INFO  | DNAudit | user=null | ip=null | op=WRITE_CHUNK {blockData=conID: 2 locID: 102704234571301275 bcsId: 844} | ret=SUCCESS |  
2019-08-30 05:17:32,520 | INFO  | DNAudit | user=null | ip=null | op=WRITE_CHUNK {blockData=conID: 2 locID: 102704234571301275 bcsId: 844} | ret=SUCCESS |  
2019-08-30 05:17:32,520 | INFO  | DNAudit | user=null | ip=null | op=PUT_BLOCK {blockData=[blockId=conID: 2 locID: 102704234571301275 bcsId: 0,size=3145728]} | ret=SUCCESS |  
2019-08-30 05:17:32,521 | INFO  | DNAudit | user=null | ip=null | op=PUT_BLOCK {blockData=[blockId=conID: 2 locID: 102704234571301275 bcsId: 0,size=3145728]} | ret=SUCCESS |  
2019-08-30 05:17:32,522 | INFO  | DNAudit | user=null | ip=null | op=WRITE_CHUNK {blockData=conID: 2 locID: 102704234571301275 bcsId: 850} | ret=SUCCESS |  
2019-08-30 05:17:32,523 | INFO  | DNAudit | user=null | ip=null | op=WRITE_CHUNK {blockData=conID: 2 locID: 102704234571301275 bcsId: 850} | ret=SUCCESS |  
2019-08-30 05:17:32,533 | INFO  | DNAudit | user=null | ip=null | op=WRITE_CHUNK {blockData=conID: 2 locID: 102704234571301275 bcsId: 850} | ret=SUCCESS |  
2019-08-30 05:17:32,534 | INFO  | DNAudit | user=null | ip=null | op=PUT_BLOCK {blockData=[blockId=conID: 2 locID: 102704234571301275 bcsId: 0,size=4194304]} | ret=SUCCESS |  
2019-08-30 05:17:32,534 [grpc-default-executor-1] INFO  client.GrpcClientProtocolClient (GrpcClientProtocolClient.java:onNext(255)) - client-574492D41EE7->134d4672-e322-4e4b-b7f3-5645abb0fe8c: receive RaftClientReply:client-574492D41EE7->134d4672-e322-4e4b-b7f3-5645abb0fe8c@group-3CB1DFFBCDC2, cid=686, SUCCESS, logIndex=853, commits[134d4672-e322-4e4b-b7f3-5645abb0fe8c:c854, 73af84f3-3e88-4c8c-894c-3ad307bcac8d:c850, 730a25a1-dbec-44ed-975b-a44ab0096beb:c850]
2019-08-30 05:17:32,534 [grpc-default-executor-1] INFO  client.GrpcClientProtocolClient (GrpcClientProtocolClient.java:onNext(255)) - client-574492D41EE7->134d4672-e322-4e4b-b7f3-5645abb0fe8c: receive RaftClientReply:client-574492D41EE7->134d4672-e322-4e4b-b7f3-5645abb0fe8c@group-3CB1DFFBCDC2, cid=687, SUCCESS, logIndex=854, commits[134d4672-e322-4e4b-b7f3-5645abb0fe8c:c854, 73af84f3-3e88-4c8c-894c-3ad307bcac8d:c850, 730a25a1-dbec-44ed-975b-a44ab0096beb:c850]
2019-08-30 05:17:32,536 | INFO  | DNAudit | user=null | ip=null | op=WRITE_CHUNK {blockData=conID: 2 locID: 102704234571301275 bcsId: 850} | ret=SUCCESS |  
2019-08-30 05:17:32,537 | INFO  | DNAudit | user=null | ip=null | op=WRITE_CHUNK {blockData=conID: 2 locID: 102704234571301275 bcsId: 850} | ret=SUCCESS |  
2019-08-30 05:17:32,537 | INFO  | DNAudit | user=null | ip=null | op=PUT_BLOCK {blockData=[blockId=conID: 2 locID: 102704234571301275 bcsId: 0,size=4194304]} | ret=SUCCESS |  
2019-08-30 05:17:32,537 | INFO  | DNAudit | user=null | ip=null | op=PUT_BLOCK {blockData=[blockId=conID: 2 locID: 102704234571301275 bcsId: 0,size=4194304]} | ret=SUCCESS |  
2019-08-30 05:17:32,537 [grpc-default-executor-1] INFO  client.GrpcClientProtocolClient (GrpcClientProtocolClient.java:onNext(255)) - client-574492D41EE7->134d4672-e322-4e4b-b7f3-5645abb0fe8c: receive RaftClientReply:client-574492D41EE7->134d4672-e322-4e4b-b7f3-5645abb0fe8c@group-3CB1DFFBCDC2, cid=688, SUCCESS, logIndex=0, commits[134d4672-e322-4e4b-b7f3-5645abb0fe8c:c855, 73af84f3-3e88-4c8c-894c-3ad307bcac8d:c854, 730a25a1-dbec-44ed-975b-a44ab0096beb:c854]
2019-08-30 05:17:32,546 | INFO  | DNAudit | user=null | ip=null | op=WRITE_CHUNK {blockData=conID: 3 locID: 102704234571301276 bcsId: 0} | ret=SUCCESS |  
2019-08-30 05:17:32,549 | INFO  | DNAudit | user=null | ip=null | op=WRITE_CHUNK {blockData=conID: 3 locID: 102704234571301276 bcsId: 0} | ret=SUCCESS |  
2019-08-30 05:17:32,549 | INFO  | DNAudit | user=null | ip=null | op=WRITE_CHUNK {blockData=conID: 3 locID: 102704234571301276 bcsId: 0} | ret=SUCCESS |  
2019-08-30 05:17:32,549 | INFO  | DNAudit | user=null | ip=null | op=WRITE_CHUNK {blockData=conID: 3 locID: 102704234571301276 bcsId: 0} | ret=SUCCESS |  
2019-08-30 05:17:32,551 | INFO  | DNAudit | user=null | ip=null | op=WRITE_CHUNK {blockData=conID: 3 locID: 102704234571301276 bcsId: 0} | ret=SUCCESS |  
2019-08-30 05:17:32,552 | INFO  | DNAudit | user=null | ip=null | op=WRITE_CHUNK {blockData=conID: 3 locID: 102704234571301276 bcsId: 0} | ret=SUCCESS |  
2019-08-30 05:17:32,552 | INFO  | DNAudit | user=null | ip=null | op=WRITE_CHUNK {blockData=conID: 3 locID: 102704234571301276 bcsId: 0} | ret=SUCCESS |  
2019-08-30 05:17:32,553 | INFO  | DNAudit | user=null | ip=null | op=PUT_BLOCK {blockData=[blockId=conID: 3 locID: 102704234571301276 bcsId: 0,size=1048576]} | ret=SUCCESS |  
2019-08-30 05:17:32,553 [grpc-default-executor-5] INFO  client.GrpcClientProtocolClient (GrpcClientProtocolClient.java:onNext(255)) - client-574492D41EE7->134d4672-e322-4e4b-b7f3-5645abb0fe8c: receive RaftClientReply:client-574492D41EE7->134d4672-e322-4e4b-b7f3-5645abb0fe8c@group-3CB1DFFBCDC2, cid=689, SUCCESS, logIndex=857, commits[134d4672-e322-4e4b-b7f3-5645abb0fe8c:c858, 73af84f3-3e88-4c8c-894c-3ad307bcac8d:c854, 730a25a1-dbec-44ed-975b-a44ab0096beb:c856]
2019-08-30 05:17:32,553 [grpc-default-executor-5] INFO  client.GrpcClientProtocolClient (GrpcClientProtocolClient.java:onNext(255)) - client-574492D41EE7->134d4672-e322-4e4b-b7f3-5645abb0fe8c: receive RaftClientReply:client-574492D41EE7->134d4672-e322-4e4b-b7f3-5645abb0fe8c@group-3CB1DFFBCDC2, cid=690, SUCCESS, logIndex=858, commits[134d4672-e322-4e4b-b7f3-5645abb0fe8c:c858, 73af84f3-3e88-4c8c-894c-3ad307bcac8d:c854, 730a25a1-dbec-44ed-975b-a44ab0096beb:c856]
2019-08-30 05:17:32,571 | INFO  | DNAudit | user=null | ip=null | op=WRITE_CHUNK {blockData=conID: 3 locID: 102704234571301276 bcsId: 0} | ret=SUCCESS |  
2019-08-30 05:17:32,572 | INFO  | DNAudit | user=null | ip=null | op=PUT_BLOCK {blockData=[blockId=conID: 3 locID: 102704234571301276 bcsId: 0,size=2097152]} | ret=SUCCESS |  
2019-08-30 05:17:32,572 [grpc-default-executor-5] INFO  client.GrpcClientProtocolClient (GrpcClientProtocolClient.java:onNext(255)) - client-574492D41EE7->134d4672-e322-4e4b-b7f3-5645abb0fe8c: receive RaftClientReply:client-574492D41EE7->134d4672-e322-4e4b-b7f3-5645abb0fe8c@group-3CB1DFFBCDC2, cid=691, SUCCESS, logIndex=859, commits[134d4672-e322-4e4b-b7f3-5645abb0fe8c:c859, 73af84f3-3e88-4c8c-894c-3ad307bcac8d:c856, 730a25a1-dbec-44ed-975b-a44ab0096beb:c856]
2019-08-30 05:17:32,572 | INFO  | DNAudit | user=null | ip=null | op=WRITE_CHUNK {blockData=conID: 3 locID: 102704234571301276 bcsId: 0} | ret=SUCCESS |  
2019-08-30 05:17:32,573 | INFO  | DNAudit | user=null | ip=null | op=WRITE_CHUNK {blockData=conID: 3 locID: 102704234571301276 bcsId: 0} | ret=SUCCESS |  
2019-08-30 05:17:32,573 | INFO  | DNAudit | user=null | ip=null | op=PUT_BLOCK {blockData=[blockId=conID: 3 locID: 102704234571301276 bcsId: 0,size=1048576]} | ret=SUCCESS |  
2019-08-30 05:17:32,573 [grpc-default-executor-6] INFO  client.GrpcClientProtocolClient (GrpcClientProtocolClient.java:onNext(255)) - client-574492D41EE7->134d4672-e322-4e4b-b7f3-5645abb0fe8c: receive RaftClientReply:client-574492D41EE7->134d4672-e322-4e4b-b7f3-5645abb0fe8c@group-3CB1DFFBCDC2, cid=692, SUCCESS, logIndex=860, commits[134d4672-e322-4e4b-b7f3-5645abb0fe8c:c860, 73af84f3-3e88-4c8c-894c-3ad307bcac8d:c856, 730a25a1-dbec-44ed-975b-a44ab0096beb:c856]
2019-08-30 05:17:32,573 | INFO  | DNAudit | user=null | ip=null | op=PUT_BLOCK {blockData=[blockId=conID: 3 locID: 102704234571301276 bcsId: 0,size=1048576]} | ret=SUCCESS |  
2019-08-30 05:17:32,573 | INFO  | DNAudit | user=null | ip=null | op=WRITE_CHUNK {blockData=conID: 3 locID: 102704234571301276 bcsId: 0} | ret=SUCCESS |  
2019-08-30 05:17:32,574 | INFO  | DNAudit | user=null | ip=null | op=WRITE_CHUNK {blockData=conID: 3 locID: 102704234571301276 bcsId: 0} | ret=SUCCESS |  
2019-08-30 05:17:32,574 | INFO  | DNAudit | user=null | ip=null | op=PUT_BLOCK {blockData=[blockId=conID: 3 locID: 102704234571301276 bcsId: 0,size=2097152]} | ret=SUCCESS |  
2019-08-30 05:17:32,574 [grpc-default-executor-6] INFO  client.GrpcClientProtocolClient (GrpcClientProtocolClient.java:onNext(255)) - client-574492D41EE7->134d4672-e322-4e4b-b7f3-5645abb0fe8c: receive RaftClientReply:client-574492D41EE7->134d4672-e322-4e4b-b7f3-5645abb0fe8c@group-3CB1DFFBCDC2, cid=693, SUCCESS, logIndex=0, commits[134d4672-e322-4e4b-b7f3-5645abb0fe8c:c862, 73af84f3-3e88-4c8c-894c-3ad307bcac8d:c858, 730a25a1-dbec-44ed-975b-a44ab0096beb:c858]
2019-08-30 05:17:32,575 | INFO  | DNAudit | user=null | ip=null | op=PUT_BLOCK {blockData=[blockId=conID: 3 locID: 102704234571301276 bcsId: 0,size=2097152]} | ret=SUCCESS |  
2019-08-30 05:17:32,583 | INFO  | DNAudit | user=null | ip=null | op=WRITE_CHUNK {blockData=conID: 3 locID: 102704234571301276 bcsId: 860} | ret=SUCCESS |  
2019-08-30 05:17:32,587 | INFO  | DNAudit | user=null | ip=null | op=WRITE_CHUNK {blockData=conID: 3 locID: 102704234571301276 bcsId: 860} | ret=SUCCESS |  
2019-08-30 05:17:32,587 | INFO  | DNAudit | user=null | ip=null | op=WRITE_CHUNK {blockData=conID: 3 locID: 102704234571301276 bcsId: 860} | ret=SUCCESS |  
2019-08-30 05:17:32,590 | INFO  | DNAudit | user=null | ip=null | op=WRITE_CHUNK {blockData=conID: 3 locID: 102704234571301276 bcsId: 860} | ret=SUCCESS |  
2019-08-30 05:17:32,591 | INFO  | DNAudit | user=null | ip=null | op=PUT_BLOCK {blockData=[blockId=conID: 3 locID: 102704234571301276 bcsId: 0,size=3145728]} | ret=SUCCESS |  
2019-08-30 05:17:32,591 [grpc-default-executor-5] INFO  client.GrpcClientProtocolClient (GrpcClientProtocolClient.java:onNext(255)) - client-574492D41EE7->134d4672-e322-4e4b-b7f3-5645abb0fe8c: receive RaftClientReply:client-574492D41EE7->134d4672-e322-4e4b-b7f3-5645abb0fe8c@group-3CB1DFFBCDC2, cid=694, SUCCESS, logIndex=865, commits[134d4672-e322-4e4b-b7f3-5645abb0fe8c:c865, 73af84f3-3e88-4c8c-894c-3ad307bcac8d:c864, 730a25a1-dbec-44ed-975b-a44ab0096beb:c864]
2019-08-30 05:17:32,592 [grpc-default-executor-5] INFO  client.GrpcClientProtocolClient (GrpcClientProtocolClient.java:onNext(255)) - client-574492D41EE7->134d4672-e322-4e4b-b7f3-5645abb0fe8c: receive RaftClientReply:client-574492D41EE7->134d4672-e322-4e4b-b7f3-5645abb0fe8c@group-3CB1DFFBCDC2, cid=695, SUCCESS, logIndex=866, commits[134d4672-e322-4e4b-b7f3-5645abb0fe8c:c866, 73af84f3-3e88-4c8c-894c-3ad307bcac8d:c864, 730a25a1-dbec-44ed-975b-a44ab0096beb:c864]
2019-08-30 05:17:32,601 | INFO  | DNAudit | user=null | ip=null | op=WRITE_CHUNK {blockData=conID: 3 locID: 102704234571301276 bcsId: 866} | ret=SUCCESS |  
2019-08-30 05:17:32,602 | INFO  | DNAudit | user=null | ip=null | op=WRITE_CHUNK {blockData=conID: 3 locID: 102704234571301276 bcsId: 860} | ret=SUCCESS |  
2019-08-30 05:17:32,602 | INFO  | DNAudit | user=null | ip=null | op=WRITE_CHUNK {blockData=conID: 3 locID: 102704234571301276 bcsId: 860} | ret=SUCCESS |  
2019-08-30 05:17:32,604 | INFO  | DNAudit | user=null | ip=null | op=WRITE_CHUNK {blockData=conID: 3 locID: 102704234571301276 bcsId: 866} | ret=SUCCESS |  
2019-08-30 05:17:32,604 | INFO  | DNAudit | user=null | ip=null | op=WRITE_CHUNK {blockData=conID: 3 locID: 102704234571301276 bcsId: 866} | ret=SUCCESS |  
2019-08-30 05:17:32,616 | INFO  | DNAudit | user=null | ip=null | op=PUT_BLOCK {blockData=[blockId=conID: 3 locID: 102704234571301276 bcsId: 0,size=3145728]} | ret=SUCCESS |  
2019-08-30 05:17:32,617 | INFO  | DNAudit | user=null | ip=null | op=PUT_BLOCK {blockData=[blockId=conID: 3 locID: 102704234571301276 bcsId: 0,size=3145728]} | ret=SUCCESS |  
2019-08-30 05:17:32,617 | INFO  | DNAudit | user=null | ip=null | op=WRITE_CHUNK {blockData=conID: 3 locID: 102704234571301276 bcsId: 866} | ret=SUCCESS |  
2019-08-30 05:17:32,618 | INFO  | DNAudit | user=null | ip=null | op=PUT_BLOCK {blockData=[blockId=conID: 3 locID: 102704234571301276 bcsId: 0,size=4194304]} | ret=SUCCESS |  
2019-08-30 05:17:32,618 [grpc-default-executor-5] INFO  client.GrpcClientProtocolClient (GrpcClientProtocolClient.java:onNext(255)) - client-574492D41EE7->134d4672-e322-4e4b-b7f3-5645abb0fe8c: receive RaftClientReply:client-574492D41EE7->134d4672-e322-4e4b-b7f3-5645abb0fe8c@group-3CB1DFFBCDC2, cid=696, SUCCESS, logIndex=869, commits[134d4672-e322-4e4b-b7f3-5645abb0fe8c:c870, 73af84f3-3e88-4c8c-894c-3ad307bcac8d:c866, 730a25a1-dbec-44ed-975b-a44ab0096beb:c866]
2019-08-30 05:17:32,618 [grpc-default-executor-5] INFO  client.GrpcClientProtocolClient (GrpcClientProtocolClient.java:onNext(255)) - client-574492D41EE7->134d4672-e322-4e4b-b7f3-5645abb0fe8c: receive RaftClientReply:client-574492D41EE7->134d4672-e322-4e4b-b7f3-5645abb0fe8c@group-3CB1DFFBCDC2, cid=697, SUCCESS, logIndex=870, commits[134d4672-e322-4e4b-b7f3-5645abb0fe8c:c870, 73af84f3-3e88-4c8c-894c-3ad307bcac8d:c866, 730a25a1-dbec-44ed-975b-a44ab0096beb:c866]
2019-08-30 05:17:32,629 | INFO  | DNAudit | user=null | ip=null | op=WRITE_CHUNK {blockData=conID: 3 locID: 102704234571301276 bcsId: 866} | ret=SUCCESS |  
2019-08-30 05:17:32,629 | INFO  | DNAudit | user=null | ip=null | op=WRITE_CHUNK {blockData=conID: 3 locID: 102704234571301276 bcsId: 866} | ret=SUCCESS |  
2019-08-30 05:17:32,629 | INFO  | DNAudit | user=null | ip=null | op=PUT_BLOCK {blockData=[blockId=conID: 3 locID: 102704234571301276 bcsId: 0,size=4194304]} | ret=SUCCESS |  
2019-08-30 05:17:32,631 | INFO  | DNAudit | user=null | ip=null | op=PUT_BLOCK {blockData=[blockId=conID: 3 locID: 102704234571301276 bcsId: 0,size=4194304]} | ret=SUCCESS |  
2019-08-30 05:17:32,632 [grpc-default-executor-6] INFO  client.GrpcClientProtocolClient (GrpcClientProtocolClient.java:onNext(255)) - client-574492D41EE7->134d4672-e322-4e4b-b7f3-5645abb0fe8c: receive RaftClientReply:client-574492D41EE7->134d4672-e322-4e4b-b7f3-5645abb0fe8c@group-3CB1DFFBCDC2, cid=698, SUCCESS, logIndex=0, commits[134d4672-e322-4e4b-b7f3-5645abb0fe8c:c871, 73af84f3-3e88-4c8c-894c-3ad307bcac8d:c870, 730a25a1-dbec-44ed-975b-a44ab0096beb:c870]
2019-08-30 05:17:32,642 | INFO  | DNAudit | user=null | ip=null | op=WRITE_CHUNK {blockData=conID: 1 locID: 102704234571301277 bcsId: 0} | ret=SUCCESS |  
2019-08-30 05:17:32,646 | INFO  | DNAudit | user=null | ip=null | op=WRITE_CHUNK {blockData=conID: 1 locID: 102704234571301277 bcsId: 0} | ret=SUCCESS |  
2019-08-30 05:17:32,646 | INFO  | DNAudit | user=null | ip=null | op=WRITE_CHUNK {blockData=conID: 1 locID: 102704234571301277 bcsId: 0} | ret=SUCCESS |  
2019-08-30 05:17:32,646 | INFO  | DNAudit | user=null | ip=null | op=WRITE_CHUNK {blockData=conID: 1 locID: 102704234571301277 bcsId: 0} | ret=SUCCESS |  
2019-08-30 05:17:32,650 | INFO  | DNAudit | user=null | ip=null | op=WRITE_CHUNK {blockData=conID: 1 locID: 102704234571301277 bcsId: 0} | ret=SUCCESS |  
2019-08-30 05:17:32,650 | INFO  | DNAudit | user=null | ip=null | op=WRITE_CHUNK {blockData=conID: 1 locID: 102704234571301277 bcsId: 0} | ret=SUCCESS |  
2019-08-30 05:17:32,655 | INFO  | DNAudit | user=null | ip=null | op=WRITE_CHUNK {blockData=conID: 1 locID: 102704234571301277 bcsId: 0} | ret=SUCCESS |  
2019-08-30 05:17:32,656 | INFO  | DNAudit | user=null | ip=null | op=PUT_BLOCK {blockData=[blockId=conID: 1 locID: 102704234571301277 bcsId: 0,size=1048576]} | ret=SUCCESS |  
2019-08-30 05:17:32,656 | INFO  | DNAudit | user=null | ip=null | op=WRITE_CHUNK {blockData=conID: 1 locID: 102704234571301277 bcsId: 0} | ret=SUCCESS |  
2019-08-30 05:17:32,656 [grpc-default-executor-5] INFO  client.GrpcClientProtocolClient (GrpcClientProtocolClient.java:onNext(255)) - client-574492D41EE7->134d4672-e322-4e4b-b7f3-5645abb0fe8c: receive RaftClientReply:client-574492D41EE7->134d4672-e322-4e4b-b7f3-5645abb0fe8c@group-3CB1DFFBCDC2, cid=699, SUCCESS, logIndex=873, commits[134d4672-e322-4e4b-b7f3-5645abb0fe8c:c874, 73af84f3-3e88-4c8c-894c-3ad307bcac8d:c872, 730a25a1-dbec-44ed-975b-a44ab0096beb:c872]
2019-08-30 05:17:32,657 | INFO  | DNAudit | user=null | ip=null | op=PUT_BLOCK {blockData=[blockId=conID: 1 locID: 102704234571301277 bcsId: 0,size=2097152]} | ret=SUCCESS |  
2019-08-30 05:17:32,657 [grpc-default-executor-5] INFO  client.GrpcClientProtocolClient (GrpcClientProtocolClient.java:onNext(255)) - client-574492D41EE7->134d4672-e322-4e4b-b7f3-5645abb0fe8c: receive RaftClientReply:client-574492D41EE7->134d4672-e322-4e4b-b7f3-5645abb0fe8c@group-3CB1DFFBCDC2, cid=700, SUCCESS, logIndex=874, commits[134d4672-e322-4e4b-b7f3-5645abb0fe8c:c876, 73af84f3-3e88-4c8c-894c-3ad307bcac8d:c872, 730a25a1-dbec-44ed-975b-a44ab0096beb:c872]
2019-08-30 05:17:32,657 [grpc-default-executor-5] INFO  client.GrpcClientProtocolClient (GrpcClientProtocolClient.java:onNext(255)) - client-574492D41EE7->134d4672-e322-4e4b-b7f3-5645abb0fe8c: receive RaftClientReply:client-574492D41EE7->134d4672-e322-4e4b-b7f3-5645abb0fe8c@group-3CB1DFFBCDC2, cid=701, SUCCESS, logIndex=875, commits[134d4672-e322-4e4b-b7f3-5645abb0fe8c:c876, 73af84f3-3e88-4c8c-894c-3ad307bcac8d:c872, 730a25a1-dbec-44ed-975b-a44ab0096beb:c872]
2019-08-30 05:17:32,658 [grpc-default-executor-5] INFO  client.GrpcClientProtocolClient (GrpcClientProtocolClient.java:onNext(255)) - client-574492D41EE7->134d4672-e322-4e4b-b7f3-5645abb0fe8c: receive RaftClientReply:client-574492D41EE7->134d4672-e322-4e4b-b7f3-5645abb0fe8c@group-3CB1DFFBCDC2, cid=702, SUCCESS, logIndex=876, commits[134d4672-e322-4e4b-b7f3-5645abb0fe8c:c876, 73af84f3-3e88-4c8c-894c-3ad307bcac8d:c872, 730a25a1-dbec-44ed-975b-a44ab0096beb:c872]
2019-08-30 05:17:32,658 | INFO  | DNAudit | user=null | ip=null | op=WRITE_CHUNK {blockData=conID: 1 locID: 102704234571301277 bcsId: 0} | ret=SUCCESS |  
2019-08-30 05:17:32,659 | INFO  | DNAudit | user=null | ip=null | op=PUT_BLOCK {blockData=[blockId=conID: 1 locID: 102704234571301277 bcsId: 0,size=1048576]} | ret=SUCCESS |  
2019-08-30 05:17:32,659 | INFO  | DNAudit | user=null | ip=null | op=WRITE_CHUNK {blockData=conID: 1 locID: 102704234571301277 bcsId: 0} | ret=SUCCESS |  
2019-08-30 05:17:32,659 | INFO  | DNAudit | user=null | ip=null | op=PUT_BLOCK {blockData=[blockId=conID: 1 locID: 102704234571301277 bcsId: 0,size=1048576]} | ret=SUCCESS |  
2019-08-30 05:17:32,659 [grpc-default-executor-5] INFO  client.GrpcClientProtocolClient (GrpcClientProtocolClient.java:onNext(255)) - client-574492D41EE7->134d4672-e322-4e4b-b7f3-5645abb0fe8c: receive RaftClientReply:client-574492D41EE7->134d4672-e322-4e4b-b7f3-5645abb0fe8c@group-3CB1DFFBCDC2, cid=703, SUCCESS, logIndex=0, commits[134d4672-e322-4e4b-b7f3-5645abb0fe8c:c877, 73af84f3-3e88-4c8c-894c-3ad307bcac8d:c874, 730a25a1-dbec-44ed-975b-a44ab0096beb:c874]
2019-08-30 05:17:32,668 | INFO  | DNAudit | user=null | ip=null | op=WRITE_CHUNK {blockData=conID: 1 locID: 102704234571301277 bcsId: 876} | ret=SUCCESS |  
2019-08-30 05:17:32,670 | INFO  | DNAudit | user=null | ip=null | op=WRITE_CHUNK {blockData=conID: 1 locID: 102704234571301277 bcsId: 0} | ret=SUCCESS |  
2019-08-30 05:17:32,671 | INFO  | DNAudit | user=null | ip=null | op=WRITE_CHUNK {blockData=conID: 1 locID: 102704234571301277 bcsId: 0} | ret=SUCCESS |  
2019-08-30 05:17:32,671 | INFO  | DNAudit | user=null | ip=null | op=PUT_BLOCK {blockData=[blockId=conID: 1 locID: 102704234571301277 bcsId: 0,size=2097152]} | ret=SUCCESS |  
2019-08-30 05:17:32,671 | INFO  | DNAudit | user=null | ip=null | op=WRITE_CHUNK {blockData=conID: 1 locID: 102704234571301277 bcsId: 876} | ret=SUCCESS |  
2019-08-30 05:17:32,671 | INFO  | DNAudit | user=null | ip=null | op=PUT_BLOCK {blockData=[blockId=conID: 1 locID: 102704234571301277 bcsId: 0,size=2097152]} | ret=SUCCESS |  
2019-08-30 05:17:32,672 | INFO  | DNAudit | user=null | ip=null | op=WRITE_CHUNK {blockData=conID: 1 locID: 102704234571301277 bcsId: 876} | ret=SUCCESS |  
2019-08-30 05:17:32,683 | INFO  | DNAudit | user=null | ip=null | op=WRITE_CHUNK {blockData=conID: 1 locID: 102704234571301277 bcsId: 876} | ret=SUCCESS |  
2019-08-30 05:17:32,684 | INFO  | DNAudit | user=null | ip=null | op=PUT_BLOCK {blockData=[blockId=conID: 1 locID: 102704234571301277 bcsId: 0,size=3145728]} | ret=SUCCESS |  
2019-08-30 05:17:32,684 [grpc-default-executor-1] INFO  client.GrpcClientProtocolClient (GrpcClientProtocolClient.java:onNext(255)) - client-574492D41EE7->134d4672-e322-4e4b-b7f3-5645abb0fe8c: receive RaftClientReply:client-574492D41EE7->134d4672-e322-4e4b-b7f3-5645abb0fe8c@group-3CB1DFFBCDC2, cid=704, SUCCESS, logIndex=880, commits[134d4672-e322-4e4b-b7f3-5645abb0fe8c:c881, 73af84f3-3e88-4c8c-894c-3ad307bcac8d:c876, 730a25a1-dbec-44ed-975b-a44ab0096beb:c878]
2019-08-30 05:17:32,685 [grpc-default-executor-1] INFO  client.GrpcClientProtocolClient (GrpcClientProtocolClient.java:onNext(255)) - client-574492D41EE7->134d4672-e322-4e4b-b7f3-5645abb0fe8c: receive RaftClientReply:client-574492D41EE7->134d4672-e322-4e4b-b7f3-5645abb0fe8c@group-3CB1DFFBCDC2, cid=705, SUCCESS, logIndex=881, commits[134d4672-e322-4e4b-b7f3-5645abb0fe8c:c881, 73af84f3-3e88-4c8c-894c-3ad307bcac8d:c878, 730a25a1-dbec-44ed-975b-a44ab0096beb:c878]
2019-08-30 05:17:32,693 | INFO  | DNAudit | user=null | ip=null | op=WRITE_CHUNK {blockData=conID: 1 locID: 102704234571301277 bcsId: 881} | ret=SUCCESS |  
2019-08-30 05:17:32,695 | INFO  | DNAudit | user=null | ip=null | op=WRITE_CHUNK {blockData=conID: 1 locID: 102704234571301277 bcsId: 876} | ret=SUCCESS |  
2019-08-30 05:17:32,695 | INFO  | DNAudit | user=null | ip=null | op=WRITE_CHUNK {blockData=conID: 1 locID: 102704234571301277 bcsId: 876} | ret=SUCCESS |  
2019-08-30 05:17:32,696 | INFO  | DNAudit | user=null | ip=null | op=PUT_BLOCK {blockData=[blockId=conID: 1 locID: 102704234571301277 bcsId: 0,size=3145728]} | ret=SUCCESS |  
2019-08-30 05:17:32,696 | INFO  | DNAudit | user=null | ip=null | op=PUT_BLOCK {blockData=[blockId=conID: 1 locID: 102704234571301277 bcsId: 0,size=3145728]} | ret=SUCCESS |  
2019-08-30 05:17:32,697 | INFO  | DNAudit | user=null | ip=null | op=WRITE_CHUNK {blockData=conID: 1 locID: 102704234571301277 bcsId: 881} | ret=SUCCESS |  
2019-08-30 05:17:32,699 | INFO  | DNAudit | user=null | ip=null | op=WRITE_CHUNK {blockData=conID: 1 locID: 102704234571301277 bcsId: 881} | ret=SUCCESS |  
2019-08-30 05:17:32,710 | INFO  | DNAudit | user=null | ip=null | op=WRITE_CHUNK {blockData=conID: 1 locID: 102704234571301277 bcsId: 881} | ret=SUCCESS |  
2019-08-30 05:17:32,710 | INFO  | DNAudit | user=null | ip=null | op=PUT_BLOCK {blockData=[blockId=conID: 1 locID: 102704234571301277 bcsId: 0,size=4194304]} | ret=SUCCESS |  
2019-08-30 05:17:32,710 [grpc-default-executor-6] INFO  client.GrpcClientProtocolClient (GrpcClientProtocolClient.java:onNext(255)) - client-574492D41EE7->134d4672-e322-4e4b-b7f3-5645abb0fe8c: receive RaftClientReply:client-574492D41EE7->134d4672-e322-4e4b-b7f3-5645abb0fe8c@group-3CB1DFFBCDC2, cid=706, SUCCESS, logIndex=884, commits[134d4672-e322-4e4b-b7f3-5645abb0fe8c:c885, 73af84f3-3e88-4c8c-894c-3ad307bcac8d:c881, 730a25a1-dbec-44ed-975b-a44ab0096beb:c881]
2019-08-30 05:17:32,711 [grpc-default-executor-6] INFO  client.GrpcClientProtocolClient (GrpcClientProtocolClient.java:onNext(255)) - client-574492D41EE7->134d4672-e322-4e4b-b7f3-5645abb0fe8c: receive RaftClientReply:client-574492D41EE7->134d4672-e322-4e4b-b7f3-5645abb0fe8c@group-3CB1DFFBCDC2, cid=707, SUCCESS, logIndex=885, commits[134d4672-e322-4e4b-b7f3-5645abb0fe8c:c885, 73af84f3-3e88-4c8c-894c-3ad307bcac8d:c881, 730a25a1-dbec-44ed-975b-a44ab0096beb:c881]
2019-08-30 05:17:32,721 | INFO  | DNAudit | user=null | ip=null | op=WRITE_CHUNK {blockData=conID: 1 locID: 102704234571301277 bcsId: 881} | ret=SUCCESS |  
2019-08-30 05:17:32,721 | INFO  | DNAudit | user=null | ip=null | op=WRITE_CHUNK {blockData=conID: 1 locID: 102704234571301277 bcsId: 881} | ret=SUCCESS |  
2019-08-30 05:17:32,721 | INFO  | DNAudit | user=null | ip=null | op=PUT_BLOCK {blockData=[blockId=conID: 1 locID: 102704234571301277 bcsId: 0,size=4194304]} | ret=SUCCESS |  
2019-08-30 05:17:32,722 | INFO  | DNAudit | user=null | ip=null | op=PUT_BLOCK {blockData=[blockId=conID: 1 locID: 102704234571301277 bcsId: 0,size=4194304]} | ret=SUCCESS |  
2019-08-30 05:17:32,722 [grpc-default-executor-1] INFO  client.GrpcClientProtocolClient (GrpcClientProtocolClient.java:onNext(255)) - client-574492D41EE7->134d4672-e322-4e4b-b7f3-5645abb0fe8c: receive RaftClientReply:client-574492D41EE7->134d4672-e322-4e4b-b7f3-5645abb0fe8c@group-3CB1DFFBCDC2, cid=708, SUCCESS, logIndex=0, commits[134d4672-e322-4e4b-b7f3-5645abb0fe8c:c886, 73af84f3-3e88-4c8c-894c-3ad307bcac8d:c885, 730a25a1-dbec-44ed-975b-a44ab0096beb:c885]
2019-08-30 05:17:32,731 | INFO  | DNAudit | user=null | ip=null | op=WRITE_CHUNK {blockData=conID: 2 locID: 102704234571366814 bcsId: 0} | ret=SUCCESS |  
2019-08-30 05:17:32,734 | INFO  | DNAudit | user=null | ip=null | op=WRITE_CHUNK {blockData=conID: 2 locID: 102704234571366814 bcsId: 0} | ret=SUCCESS |  
2019-08-30 05:17:32,736 | INFO  | DNAudit | user=null | ip=null | op=WRITE_CHUNK {blockData=conID: 2 locID: 102704234571366814 bcsId: 0} | ret=SUCCESS |  
2019-08-30 05:17:32,736 | INFO  | DNAudit | user=null | ip=null | op=WRITE_CHUNK {blockData=conID: 2 locID: 102704234571366814 bcsId: 0} | ret=SUCCESS |  
2019-08-30 05:17:32,737 | INFO  | DNAudit | user=null | ip=null | op=WRITE_CHUNK {blockData=conID: 2 locID: 102704234571366814 bcsId: 0} | ret=SUCCESS |  
2019-08-30 05:17:32,738 | INFO  | DNAudit | user=null | ip=null | op=WRITE_CHUNK {blockData=conID: 2 locID: 102704234571366814 bcsId: 0} | ret=SUCCESS |  
2019-08-30 05:17:32,744 | INFO  | DNAudit | user=null | ip=null | op=WRITE_CHUNK {blockData=conID: 2 locID: 102704234571366814 bcsId: 0} | ret=SUCCESS |  
2019-08-30 05:17:32,745 | INFO  | DNAudit | user=null | ip=null | op=PUT_BLOCK {blockData=[blockId=conID: 2 locID: 102704234571366814 bcsId: 0,size=1048576]} | ret=SUCCESS |  
2019-08-30 05:17:32,745 | INFO  | DNAudit | user=null | ip=null | op=WRITE_CHUNK {blockData=conID: 2 locID: 102704234571366814 bcsId: 0} | ret=SUCCESS |  
2019-08-30 05:17:32,745 [grpc-default-executor-1] INFO  client.GrpcClientProtocolClient (GrpcClientProtocolClient.java:onNext(255)) - client-574492D41EE7->134d4672-e322-4e4b-b7f3-5645abb0fe8c: receive RaftClientReply:client-574492D41EE7->134d4672-e322-4e4b-b7f3-5645abb0fe8c@group-3CB1DFFBCDC2, cid=709, SUCCESS, logIndex=888, commits[134d4672-e322-4e4b-b7f3-5645abb0fe8c:c891, 73af84f3-3e88-4c8c-894c-3ad307bcac8d:c887, 730a25a1-dbec-44ed-975b-a44ab0096beb:c887]
2019-08-30 05:17:32,745 | INFO  | DNAudit | user=null | ip=null | op=WRITE_CHUNK {blockData=conID: 2 locID: 102704234571366814 bcsId: 0} | ret=SUCCESS |  
2019-08-30 05:17:32,745 | INFO  | DNAudit | user=null | ip=null | op=PUT_BLOCK {blockData=[blockId=conID: 2 locID: 102704234571366814 bcsId: 0,size=1048576]} | ret=SUCCESS |  
2019-08-30 05:17:32,745 [grpc-default-executor-1] INFO  client.GrpcClientProtocolClient (GrpcClientProtocolClient.java:onNext(255)) - client-574492D41EE7->134d4672-e322-4e4b-b7f3-5645abb0fe8c: receive RaftClientReply:client-574492D41EE7->134d4672-e322-4e4b-b7f3-5645abb0fe8c@group-3CB1DFFBCDC2, cid=710, SUCCESS, logIndex=889, commits[134d4672-e322-4e4b-b7f3-5645abb0fe8c:c891, 73af84f3-3e88-4c8c-894c-3ad307bcac8d:c887, 730a25a1-dbec-44ed-975b-a44ab0096beb:c887]
2019-08-30 05:17:32,746 | INFO  | DNAudit | user=null | ip=null | op=PUT_BLOCK {blockData=[blockId=conID: 2 locID: 102704234571366814 bcsId: 0,size=2097152]} | ret=SUCCESS |  
2019-08-30 05:17:32,746 [grpc-default-executor-1] INFO  client.GrpcClientProtocolClient (GrpcClientProtocolClient.java:onNext(255)) - client-574492D41EE7->134d4672-e322-4e4b-b7f3-5645abb0fe8c: receive RaftClientReply:client-574492D41EE7->134d4672-e322-4e4b-b7f3-5645abb0fe8c@group-3CB1DFFBCDC2, cid=711, SUCCESS, logIndex=890, commits[134d4672-e322-4e4b-b7f3-5645abb0fe8c:c892, 73af84f3-3e88-4c8c-894c-3ad307bcac8d:c887, 730a25a1-dbec-44ed-975b-a44ab0096beb:c889]
2019-08-30 05:17:32,747 [grpc-default-executor-1] INFO  client.GrpcClientProtocolClient (GrpcClientProtocolClient.java:onNext(255)) - client-574492D41EE7->134d4672-e322-4e4b-b7f3-5645abb0fe8c: receive RaftClientReply:client-574492D41EE7->134d4672-e322-4e4b-b7f3-5645abb0fe8c@group-3CB1DFFBCDC2, cid=712, SUCCESS, logIndex=891, commits[134d4672-e322-4e4b-b7f3-5645abb0fe8c:c892, 73af84f3-3e88-4c8c-894c-3ad307bcac8d:c887, 730a25a1-dbec-44ed-975b-a44ab0096beb:c889]
2019-08-30 05:17:32,747 | INFO  | DNAudit | user=null | ip=null | op=WRITE_CHUNK {blockData=conID: 2 locID: 102704234571366814 bcsId: 0} | ret=SUCCESS |  
2019-08-30 05:17:32,747 | INFO  | DNAudit | user=null | ip=null | op=PUT_BLOCK {blockData=[blockId=conID: 2 locID: 102704234571366814 bcsId: 0,size=1048576]} | ret=SUCCESS |  
2019-08-30 05:17:32,748 [grpc-default-executor-1] INFO  client.GrpcClientProtocolClient (GrpcClientProtocolClient.java:onNext(255)) - client-574492D41EE7->134d4672-e322-4e4b-b7f3-5645abb0fe8c: receive RaftClientReply:client-574492D41EE7->134d4672-e322-4e4b-b7f3-5645abb0fe8c@group-3CB1DFFBCDC2, cid=713, SUCCESS, logIndex=0, commits[134d4672-e322-4e4b-b7f3-5645abb0fe8c:c892, 73af84f3-3e88-4c8c-894c-3ad307bcac8d:c889, 730a25a1-dbec-44ed-975b-a44ab0096beb:c889]
2019-08-30 05:17:32,755 | INFO  | DNAudit | user=null | ip=null | op=WRITE_CHUNK {blockData=conID: 2 locID: 102704234571366814 bcsId: 891} | ret=SUCCESS |  
2019-08-30 05:17:32,759 | INFO  | DNAudit | user=null | ip=null | op=WRITE_CHUNK {blockData=conID: 2 locID: 102704234571366814 bcsId: 0} | ret=SUCCESS |  
2019-08-30 05:17:32,759 | INFO  | DNAudit | user=null | ip=null | op=PUT_BLOCK {blockData=[blockId=conID: 2 locID: 102704234571366814 bcsId: 0,size=2097152]} | ret=SUCCESS |  
2019-08-30 05:17:32,759 | INFO  | DNAudit | user=null | ip=null | op=WRITE_CHUNK {blockData=conID: 2 locID: 102704234571366814 bcsId: 0} | ret=SUCCESS |  
2019-08-30 05:17:32,759 | INFO  | DNAudit | user=null | ip=null | op=PUT_BLOCK {blockData=[blockId=conID: 2 locID: 102704234571366814 bcsId: 0,size=2097152]} | ret=SUCCESS |  
2019-08-30 05:17:32,760 | INFO  | DNAudit | user=null | ip=null | op=WRITE_CHUNK {blockData=conID: 2 locID: 102704234571366814 bcsId: 891} | ret=SUCCESS |  
2019-08-30 05:17:32,761 | INFO  | DNAudit | user=null | ip=null | op=WRITE_CHUNK {blockData=conID: 2 locID: 102704234571366814 bcsId: 891} | ret=SUCCESS |  
2019-08-30 05:17:32,762 | INFO  | DNAudit | user=null | ip=null | op=WRITE_CHUNK {blockData=conID: 2 locID: 102704234571366814 bcsId: 891} | ret=SUCCESS |  
2019-08-30 05:17:32,763 | INFO  | DNAudit | user=null | ip=null | op=PUT_BLOCK {blockData=[blockId=conID: 2 locID: 102704234571366814 bcsId: 0,size=3145728]} | ret=SUCCESS |  
2019-08-30 05:17:32,763 [grpc-default-executor-1] INFO  client.GrpcClientProtocolClient (GrpcClientProtocolClient.java:onNext(255)) - client-574492D41EE7->134d4672-e322-4e4b-b7f3-5645abb0fe8c: receive RaftClientReply:client-574492D41EE7->134d4672-e322-4e4b-b7f3-5645abb0fe8c@group-3CB1DFFBCDC2, cid=714, SUCCESS, logIndex=896, commits[134d4672-e322-4e4b-b7f3-5645abb0fe8c:c897, 73af84f3-3e88-4c8c-894c-3ad307bcac8d:c892, 730a25a1-dbec-44ed-975b-a44ab0096beb:c891]
2019-08-30 05:17:32,764 [grpc-default-executor-1] INFO  client.GrpcClientProtocolClient (GrpcClientProtocolClient.java:onNext(255)) - client-574492D41EE7->134d4672-e322-4e4b-b7f3-5645abb0fe8c: receive RaftClientReply:client-574492D41EE7->134d4672-e322-4e4b-b7f3-5645abb0fe8c@group-3CB1DFFBCDC2, cid=715, SUCCESS, logIndex=897, commits[134d4672-e322-4e4b-b7f3-5645abb0fe8c:c897, 73af84f3-3e88-4c8c-894c-3ad307bcac8d:c892, 730a25a1-dbec-44ed-975b-a44ab0096beb:c892]
2019-08-30 05:17:32,771 | INFO  | DNAudit | user=null | ip=null | op=WRITE_CHUNK {blockData=conID: 2 locID: 102704234571366814 bcsId: 897} | ret=SUCCESS |  
2019-08-30 05:17:32,773 | INFO  | DNAudit | user=null | ip=null | op=WRITE_CHUNK {blockData=conID: 2 locID: 102704234571366814 bcsId: 891} | ret=SUCCESS |  
2019-08-30 05:17:32,773 | INFO  | DNAudit | user=null | ip=null | op=WRITE_CHUNK {blockData=conID: 2 locID: 102704234571366814 bcsId: 891} | ret=SUCCESS |  
2019-08-30 05:17:32,774 | INFO  | DNAudit | user=null | ip=null | op=WRITE_CHUNK {blockData=conID: 2 locID: 102704234571366814 bcsId: 897} | ret=SUCCESS |  
2019-08-30 05:17:32,774 | INFO  | DNAudit | user=null | ip=null | op=WRITE_CHUNK {blockData=conID: 2 locID: 102704234571366814 bcsId: 897} | ret=SUCCESS |  
2019-08-30 05:17:32,785 | INFO  | DNAudit | user=null | ip=null | op=PUT_BLOCK {blockData=[blockId=conID: 2 locID: 102704234571366814 bcsId: 0,size=3145728]} | ret=SUCCESS |  
2019-08-30 05:17:32,785 | INFO  | DNAudit | user=null | ip=null | op=PUT_BLOCK {blockData=[blockId=conID: 2 locID: 102704234571366814 bcsId: 0,size=3145728]} | ret=SUCCESS |  
2019-08-30 05:17:32,786 | INFO  | DNAudit | user=null | ip=null | op=WRITE_CHUNK {blockData=conID: 2 locID: 102704234571366814 bcsId: 897} | ret=SUCCESS |  
2019-08-30 05:17:32,786 | INFO  | DNAudit | user=null | ip=null | op=PUT_BLOCK {blockData=[blockId=conID: 2 locID: 102704234571366814 bcsId: 0,size=4194304]} | ret=SUCCESS |  
2019-08-30 05:17:32,786 [grpc-default-executor-6] INFO  client.GrpcClientProtocolClient (GrpcClientProtocolClient.java:onNext(255)) - client-574492D41EE7->134d4672-e322-4e4b-b7f3-5645abb0fe8c: receive RaftClientReply:client-574492D41EE7->134d4672-e322-4e4b-b7f3-5645abb0fe8c@group-3CB1DFFBCDC2, cid=716, SUCCESS, logIndex=900, commits[134d4672-e322-4e4b-b7f3-5645abb0fe8c:c901, 73af84f3-3e88-4c8c-894c-3ad307bcac8d:c897, 730a25a1-dbec-44ed-975b-a44ab0096beb:c897]
2019-08-30 05:17:32,787 [grpc-default-executor-6] INFO  client.GrpcClientProtocolClient (GrpcClientProtocolClient.java:onNext(255)) - client-574492D41EE7->134d4672-e322-4e4b-b7f3-5645abb0fe8c: receive RaftClientReply:client-574492D41EE7->134d4672-e322-4e4b-b7f3-5645abb0fe8c@group-3CB1DFFBCDC2, cid=717, SUCCESS, logIndex=901, commits[134d4672-e322-4e4b-b7f3-5645abb0fe8c:c901, 73af84f3-3e88-4c8c-894c-3ad307bcac8d:c897, 730a25a1-dbec-44ed-975b-a44ab0096beb:c897]
2019-08-30 05:17:32,795 | INFO  | DNAudit | user=null | ip=null | op=WRITE_CHUNK {blockData=conID: 2 locID: 102704234571366814 bcsId: 897} | ret=SUCCESS |  
2019-08-30 05:17:32,796 | INFO  | DNAudit | user=null | ip=null | op=WRITE_CHUNK {blockData=conID: 2 locID: 102704234571366814 bcsId: 897} | ret=SUCCESS |  
2019-08-30 05:17:32,796 | INFO  | DNAudit | user=null | ip=null | op=PUT_BLOCK {blockData=[blockId=conID: 2 locID: 102704234571366814 bcsId: 0,size=4194304]} | ret=SUCCESS |  
2019-08-30 05:17:32,796 | INFO  | DNAudit | user=null | ip=null | op=PUT_BLOCK {blockData=[blockId=conID: 2 locID: 102704234571366814 bcsId: 0,size=4194304]} | ret=SUCCESS |  
2019-08-30 05:17:32,797 [grpc-default-executor-6] INFO  client.GrpcClientProtocolClient (GrpcClientProtocolClient.java:onNext(255)) - client-574492D41EE7->134d4672-e322-4e4b-b7f3-5645abb0fe8c: receive RaftClientReply:client-574492D41EE7->134d4672-e322-4e4b-b7f3-5645abb0fe8c@group-3CB1DFFBCDC2, cid=718, SUCCESS, logIndex=0, commits[134d4672-e322-4e4b-b7f3-5645abb0fe8c:c902, 73af84f3-3e88-4c8c-894c-3ad307bcac8d:c901, 730a25a1-dbec-44ed-975b-a44ab0096beb:c901]
2019-08-30 05:17:32,805 | INFO  | DNAudit | user=null | ip=null | op=WRITE_CHUNK {blockData=conID: 3 locID: 102704234571366815 bcsId: 0} | ret=SUCCESS |  
2019-08-30 05:17:32,807 | INFO  | DNAudit | user=null | ip=null | op=WRITE_CHUNK {blockData=conID: 3 locID: 102704234571366815 bcsId: 0} | ret=SUCCESS |  
2019-08-30 05:17:32,808 | INFO  | DNAudit | user=null | ip=null | op=WRITE_CHUNK {blockData=conID: 3 locID: 102704234571366815 bcsId: 0} | ret=SUCCESS |  
2019-08-30 05:17:32,809 | INFO  | DNAudit | user=null | ip=null | op=WRITE_CHUNK {blockData=conID: 3 locID: 102704234571366815 bcsId: 0} | ret=SUCCESS |  
2019-08-30 05:17:32,811 | INFO  | DNAudit | user=null | ip=null | op=WRITE_CHUNK {blockData=conID: 3 locID: 102704234571366815 bcsId: 0} | ret=SUCCESS |  
2019-08-30 05:17:32,811 | INFO  | DNAudit | user=null | ip=null | op=WRITE_CHUNK {blockData=conID: 3 locID: 102704234571366815 bcsId: 0} | ret=SUCCESS |  
2019-08-30 05:17:32,816 | INFO  | DNAudit | user=null | ip=null | op=WRITE_CHUNK {blockData=conID: 3 locID: 102704234571366815 bcsId: 0} | ret=SUCCESS |  
2019-08-30 05:17:32,817 | INFO  | DNAudit | user=null | ip=null | op=PUT_BLOCK {blockData=[blockId=conID: 3 locID: 102704234571366815 bcsId: 0,size=1048576]} | ret=SUCCESS |  
2019-08-30 05:17:32,818 | INFO  | DNAudit | user=null | ip=null | op=WRITE_CHUNK {blockData=conID: 3 locID: 102704234571366815 bcsId: 0} | ret=SUCCESS |  
2019-08-30 05:17:32,818 [grpc-default-executor-5] INFO  client.GrpcClientProtocolClient (GrpcClientProtocolClient.java:onNext(255)) - client-574492D41EE7->134d4672-e322-4e4b-b7f3-5645abb0fe8c: receive RaftClientReply:client-574492D41EE7->134d4672-e322-4e4b-b7f3-5645abb0fe8c@group-3CB1DFFBCDC2, cid=719, SUCCESS, logIndex=904, commits[134d4672-e322-4e4b-b7f3-5645abb0fe8c:c906, 73af84f3-3e88-4c8c-894c-3ad307bcac8d:c903, 730a25a1-dbec-44ed-975b-a44ab0096beb:c903]
2019-08-30 05:17:32,818 | INFO  | DNAudit | user=null | ip=null | op=PUT_BLOCK {blockData=[blockId=conID: 3 locID: 102704234571366815 bcsId: 0,size=2097152]} | ret=SUCCESS |  
2019-08-30 05:17:32,818 [grpc-default-executor-5] INFO  client.GrpcClientProtocolClient (GrpcClientProtocolClient.java:onNext(255)) - client-574492D41EE7->134d4672-e322-4e4b-b7f3-5645abb0fe8c: receive RaftClientReply:client-574492D41EE7->134d4672-e322-4e4b-b7f3-5645abb0fe8c@group-3CB1DFFBCDC2, cid=720, SUCCESS, logIndex=905, commits[134d4672-e322-4e4b-b7f3-5645abb0fe8c:c907, 73af84f3-3e88-4c8c-894c-3ad307bcac8d:c903, 730a25a1-dbec-44ed-975b-a44ab0096beb:c903]
2019-08-30 05:17:32,819 [grpc-default-executor-5] INFO  client.GrpcClientProtocolClient (GrpcClientProtocolClient.java:onNext(255)) - client-574492D41EE7->134d4672-e322-4e4b-b7f3-5645abb0fe8c: receive RaftClientReply:client-574492D41EE7->134d4672-e322-4e4b-b7f3-5645abb0fe8c@group-3CB1DFFBCDC2, cid=721, SUCCESS, logIndex=906, commits[134d4672-e322-4e4b-b7f3-5645abb0fe8c:c907, 73af84f3-3e88-4c8c-894c-3ad307bcac8d:c903, 730a25a1-dbec-44ed-975b-a44ab0096beb:c903]
2019-08-30 05:17:32,819 [grpc-default-executor-5] INFO  client.GrpcClientProtocolClient (GrpcClientProtocolClient.java:onNext(255)) - client-574492D41EE7->134d4672-e322-4e4b-b7f3-5645abb0fe8c: receive RaftClientReply:client-574492D41EE7->134d4672-e322-4e4b-b7f3-5645abb0fe8c@group-3CB1DFFBCDC2, cid=722, SUCCESS, logIndex=907, commits[134d4672-e322-4e4b-b7f3-5645abb0fe8c:c907, 73af84f3-3e88-4c8c-894c-3ad307bcac8d:c903, 730a25a1-dbec-44ed-975b-a44ab0096beb:c903]
2019-08-30 05:17:32,819 | INFO  | DNAudit | user=null | ip=null | op=WRITE_CHUNK {blockData=conID: 3 locID: 102704234571366815 bcsId: 0} | ret=SUCCESS |  
2019-08-30 05:17:32,819 | INFO  | DNAudit | user=null | ip=null | op=WRITE_CHUNK {blockData=conID: 3 locID: 102704234571366815 bcsId: 0} | ret=SUCCESS |  
2019-08-30 05:17:32,820 | INFO  | DNAudit | user=null | ip=null | op=PUT_BLOCK {blockData=[blockId=conID: 3 locID: 102704234571366815 bcsId: 0,size=1048576]} | ret=SUCCESS |  
2019-08-30 05:17:32,820 | INFO  | DNAudit | user=null | ip=null | op=PUT_BLOCK {blockData=[blockId=conID: 3 locID: 102704234571366815 bcsId: 0,size=1048576]} | ret=SUCCESS |  
2019-08-30 05:17:32,820 [grpc-default-executor-5] INFO  client.GrpcClientProtocolClient (GrpcClientProtocolClient.java:onNext(255)) - client-574492D41EE7->134d4672-e322-4e4b-b7f3-5645abb0fe8c: receive RaftClientReply:client-574492D41EE7->134d4672-e322-4e4b-b7f3-5645abb0fe8c@group-3CB1DFFBCDC2, cid=723, SUCCESS, logIndex=0, commits[134d4672-e322-4e4b-b7f3-5645abb0fe8c:c908, 73af84f3-3e88-4c8c-894c-3ad307bcac8d:c905, 730a25a1-dbec-44ed-975b-a44ab0096beb:c905]
2019-08-30 05:17:32,821 | INFO  | DNAudit | user=null | ip=null | op=WRITE_CHUNK {blockData=conID: 3 locID: 102704234571366815 bcsId: 0} | ret=SUCCESS |  
2019-08-30 05:17:32,821 | INFO  | DNAudit | user=null | ip=null | op=WRITE_CHUNK {blockData=conID: 3 locID: 102704234571366815 bcsId: 0} | ret=SUCCESS |  
2019-08-30 05:17:32,822 | INFO  | DNAudit | user=null | ip=null | op=PUT_BLOCK {blockData=[blockId=conID: 3 locID: 102704234571366815 bcsId: 0,size=2097152]} | ret=SUCCESS |  
2019-08-30 05:17:32,822 | INFO  | DNAudit | user=null | ip=null | op=PUT_BLOCK {blockData=[blockId=conID: 3 locID: 102704234571366815 bcsId: 0,size=2097152]} | ret=SUCCESS |  
2019-08-30 05:17:32,828 | INFO  | DNAudit | user=null | ip=null | op=WRITE_CHUNK {blockData=conID: 3 locID: 102704234571366815 bcsId: 907} | ret=SUCCESS |  
2019-08-30 05:17:32,830 | INFO  | DNAudit | user=null | ip=null | op=WRITE_CHUNK {blockData=conID: 3 locID: 102704234571366815 bcsId: 907} | ret=SUCCESS |  
2019-08-30 05:17:32,830 | INFO  | DNAudit | user=null | ip=null | op=WRITE_CHUNK {blockData=conID: 3 locID: 102704234571366815 bcsId: 907} | ret=SUCCESS |  
2019-08-30 05:17:32,890 | INFO  | DNAudit | user=null | ip=null | op=WRITE_CHUNK {blockData=conID: 3 locID: 102704234571366815 bcsId: 907} | ret=SUCCESS |  
2019-08-30 05:17:32,891 | INFO  | DNAudit | user=null | ip=null | op=PUT_BLOCK {blockData=[blockId=conID: 3 locID: 102704234571366815 bcsId: 0,size=3145728]} | ret=SUCCESS |  
2019-08-30 05:17:32,891 [grpc-default-executor-3] INFO  client.GrpcClientProtocolClient (GrpcClientProtocolClient.java:onNext(255)) - client-574492D41EE7->134d4672-e322-4e4b-b7f3-5645abb0fe8c: receive RaftClientReply:client-574492D41EE7->134d4672-e322-4e4b-b7f3-5645abb0fe8c@group-3CB1DFFBCDC2, cid=724, SUCCESS, logIndex=912, commits[134d4672-e322-4e4b-b7f3-5645abb0fe8c:c913, 73af84f3-3e88-4c8c-894c-3ad307bcac8d:c911, 730a25a1-dbec-44ed-975b-a44ab0096beb:c911]
2019-08-30 05:17:32,892 [grpc-default-executor-3] INFO  client.GrpcClientProtocolClient (GrpcClientProtocolClient.java:onNext(255)) - client-574492D41EE7->134d4672-e322-4e4b-b7f3-5645abb0fe8c: receive RaftClientReply:client-574492D41EE7->134d4672-e322-4e4b-b7f3-5645abb0fe8c@group-3CB1DFFBCDC2, cid=725, SUCCESS, logIndex=913, commits[134d4672-e322-4e4b-b7f3-5645abb0fe8c:c913, 73af84f3-3e88-4c8c-894c-3ad307bcac8d:c911, 730a25a1-dbec-44ed-975b-a44ab0096beb:c911]
2019-08-30 05:17:32,902 | INFO  | DNAudit | user=null | ip=null | op=WRITE_CHUNK {blockData=conID: 3 locID: 102704234571366815 bcsId: 913} | ret=SUCCESS |  
2019-08-30 05:17:32,903 | INFO  | DNAudit | user=null | ip=null | op=WRITE_CHUNK {blockData=conID: 3 locID: 102704234571366815 bcsId: 907} | ret=SUCCESS |  
2019-08-30 05:17:32,903 | INFO  | DNAudit | user=null | ip=null | op=WRITE_CHUNK {blockData=conID: 3 locID: 102704234571366815 bcsId: 907} | ret=SUCCESS |  
2019-08-30 05:17:32,904 | INFO  | DNAudit | user=null | ip=null | op=PUT_BLOCK {blockData=[blockId=conID: 3 locID: 102704234571366815 bcsId: 0,size=3145728]} | ret=SUCCESS |  
2019-08-30 05:17:32,904 | INFO  | DNAudit | user=null | ip=null | op=PUT_BLOCK {blockData=[blockId=conID: 3 locID: 102704234571366815 bcsId: 0,size=3145728]} | ret=SUCCESS |  
2019-08-30 05:17:32,906 | INFO  | DNAudit | user=null | ip=null | op=WRITE_CHUNK {blockData=conID: 3 locID: 102704234571366815 bcsId: 913} | ret=SUCCESS |  
2019-08-30 05:17:32,906 | INFO  | DNAudit | user=null | ip=null | op=WRITE_CHUNK {blockData=conID: 3 locID: 102704234571366815 bcsId: 913} | ret=SUCCESS |  
2019-08-30 05:17:32,916 | INFO  | DNAudit | user=null | ip=null | op=WRITE_CHUNK {blockData=conID: 3 locID: 102704234571366815 bcsId: 913} | ret=SUCCESS |  
2019-08-30 05:17:32,917 | INFO  | DNAudit | user=null | ip=null | op=PUT_BLOCK {blockData=[blockId=conID: 3 locID: 102704234571366815 bcsId: 0,size=4194304]} | ret=SUCCESS |  
2019-08-30 05:17:32,917 [grpc-default-executor-5] INFO  client.GrpcClientProtocolClient (GrpcClientProtocolClient.java:onNext(255)) - client-574492D41EE7->134d4672-e322-4e4b-b7f3-5645abb0fe8c: receive RaftClientReply:client-574492D41EE7->134d4672-e322-4e4b-b7f3-5645abb0fe8c@group-3CB1DFFBCDC2, cid=726, SUCCESS, logIndex=916, commits[134d4672-e322-4e4b-b7f3-5645abb0fe8c:c917, 73af84f3-3e88-4c8c-894c-3ad307bcac8d:c913, 730a25a1-dbec-44ed-975b-a44ab0096beb:c913]
2019-08-30 05:17:32,917 [grpc-default-executor-5] INFO  client.GrpcClientProtocolClient (GrpcClientProtocolClient.java:onNext(255)) - client-574492D41EE7->134d4672-e322-4e4b-b7f3-5645abb0fe8c: receive RaftClientReply:client-574492D41EE7->134d4672-e322-4e4b-b7f3-5645abb0fe8c@group-3CB1DFFBCDC2, cid=727, SUCCESS, logIndex=917, commits[134d4672-e322-4e4b-b7f3-5645abb0fe8c:c917, 73af84f3-3e88-4c8c-894c-3ad307bcac8d:c913, 730a25a1-dbec-44ed-975b-a44ab0096beb:c913]
2019-08-30 05:17:32,929 | INFO  | DNAudit | user=null | ip=null | op=WRITE_CHUNK {blockData=conID: 3 locID: 102704234571366815 bcsId: 913} | ret=SUCCESS |  
2019-08-30 05:17:32,929 | INFO  | DNAudit | user=null | ip=null | op=WRITE_CHUNK {blockData=conID: 3 locID: 102704234571366815 bcsId: 913} | ret=SUCCESS |  
2019-08-30 05:17:32,930 | INFO  | DNAudit | user=null | ip=null | op=PUT_BLOCK {blockData=[blockId=conID: 3 locID: 102704234571366815 bcsId: 0,size=4194304]} | ret=SUCCESS |  
2019-08-30 05:17:32,930 | INFO  | DNAudit | user=null | ip=null | op=PUT_BLOCK {blockData=[blockId=conID: 3 locID: 102704234571366815 bcsId: 0,size=4194304]} | ret=SUCCESS |  
2019-08-30 05:17:32,931 [grpc-default-executor-5] INFO  client.GrpcClientProtocolClient (GrpcClientProtocolClient.java:onNext(255)) - client-574492D41EE7->134d4672-e322-4e4b-b7f3-5645abb0fe8c: receive RaftClientReply:client-574492D41EE7->134d4672-e322-4e4b-b7f3-5645abb0fe8c@group-3CB1DFFBCDC2, cid=728, SUCCESS, logIndex=0, commits[134d4672-e322-4e4b-b7f3-5645abb0fe8c:c919, 73af84f3-3e88-4c8c-894c-3ad307bcac8d:c917, 730a25a1-dbec-44ed-975b-a44ab0096beb:c917]
2019-08-30 05:17:32,942 | INFO  | DNAudit | user=null | ip=null | op=WRITE_CHUNK {blockData=conID: 1 locID: 102704234571366816 bcsId: 0} | ret=SUCCESS |  
2019-08-30 05:17:32,947 | INFO  | DNAudit | user=null | ip=null | op=WRITE_CHUNK {blockData=conID: 1 locID: 102704234571366816 bcsId: 0} | ret=SUCCESS |  
2019-08-30 05:17:32,947 | INFO  | DNAudit | user=null | ip=null | op=WRITE_CHUNK {blockData=conID: 1 locID: 102704234571366816 bcsId: 0} | ret=SUCCESS |  
2019-08-30 05:17:32,947 | INFO  | DNAudit | user=null | ip=null | op=WRITE_CHUNK {blockData=conID: 1 locID: 102704234571366816 bcsId: 0} | ret=SUCCESS |  
2019-08-30 05:17:32,952 | INFO  | DNAudit | user=null | ip=null | op=WRITE_CHUNK {blockData=conID: 1 locID: 102704234571366816 bcsId: 0} | ret=SUCCESS |  
2019-08-30 05:17:32,952 | INFO  | DNAudit | user=null | ip=null | op=WRITE_CHUNK {blockData=conID: 1 locID: 102704234571366816 bcsId: 0} | ret=SUCCESS |  
2019-08-30 05:17:32,954 | INFO  | DNAudit | user=null | ip=null | op=WRITE_CHUNK {blockData=conID: 1 locID: 102704234571366816 bcsId: 0} | ret=SUCCESS |  
2019-08-30 05:17:32,955 | INFO  | DNAudit | user=null | ip=null | op=PUT_BLOCK {blockData=[blockId=conID: 1 locID: 102704234571366816 bcsId: 0,size=1048576]} | ret=SUCCESS |  
2019-08-30 05:17:32,955 [grpc-default-executor-5] INFO  client.GrpcClientProtocolClient (GrpcClientProtocolClient.java:onNext(255)) - client-574492D41EE7->134d4672-e322-4e4b-b7f3-5645abb0fe8c: receive RaftClientReply:client-574492D41EE7->134d4672-e322-4e4b-b7f3-5645abb0fe8c@group-3CB1DFFBCDC2, cid=729, SUCCESS, logIndex=920, commits[134d4672-e322-4e4b-b7f3-5645abb0fe8c:c920, 73af84f3-3e88-4c8c-894c-3ad307bcac8d:c919, 730a25a1-dbec-44ed-975b-a44ab0096beb:c919]
2019-08-30 05:17:32,956 | INFO  | DNAudit | user=null | ip=null | op=WRITE_CHUNK {blockData=conID: 1 locID: 102704234571366816 bcsId: 0} | ret=SUCCESS |  
2019-08-30 05:17:32,956 | INFO  | DNAudit | user=null | ip=null | op=PUT_BLOCK {blockData=[blockId=conID: 1 locID: 102704234571366816 bcsId: 0,size=2097152]} | ret=SUCCESS |  
2019-08-30 05:17:32,956 [grpc-default-executor-1] INFO  client.GrpcClientProtocolClient (GrpcClientProtocolClient.java:onNext(255)) - client-574492D41EE7->134d4672-e322-4e4b-b7f3-5645abb0fe8c: receive RaftClientReply:client-574492D41EE7->134d4672-e322-4e4b-b7f3-5645abb0fe8c@group-3CB1DFFBCDC2, cid=730, SUCCESS, logIndex=921, commits[134d4672-e322-4e4b-b7f3-5645abb0fe8c:c921, 73af84f3-3e88-4c8c-894c-3ad307bcac8d:c919, 730a25a1-dbec-44ed-975b-a44ab0096beb:c919]
2019-08-30 05:17:32,956 [grpc-default-executor-1] INFO  client.GrpcClientProtocolClient (GrpcClientProtocolClient.java:onNext(255)) - client-574492D41EE7->134d4672-e322-4e4b-b7f3-5645abb0fe8c: receive RaftClientReply:client-574492D41EE7->134d4672-e322-4e4b-b7f3-5645abb0fe8c@group-3CB1DFFBCDC2, cid=731, SUCCESS, logIndex=922, commits[134d4672-e322-4e4b-b7f3-5645abb0fe8c:c923, 73af84f3-3e88-4c8c-894c-3ad307bcac8d:c919, 730a25a1-dbec-44ed-975b-a44ab0096beb:c919]
2019-08-30 05:17:32,957 [grpc-default-executor-1] INFO  client.GrpcClientProtocolClient (GrpcClientProtocolClient.java:onNext(255)) - client-574492D41EE7->134d4672-e322-4e4b-b7f3-5645abb0fe8c: receive RaftClientReply:client-574492D41EE7->134d4672-e322-4e4b-b7f3-5645abb0fe8c@group-3CB1DFFBCDC2, cid=732, SUCCESS, logIndex=923, commits[134d4672-e322-4e4b-b7f3-5645abb0fe8c:c923, 73af84f3-3e88-4c8c-894c-3ad307bcac8d:c919, 730a25a1-dbec-44ed-975b-a44ab0096beb:c919]
2019-08-30 05:17:32,965 | INFO  | SCMAudit | user=jenkins1000 | ip=192.168.36.106 | op=SEND_HEARTBEAT {datanodeUUID=73af84f3-3e88-4c8c-894c-3ad307bcac8d, command=[]} | ret=SUCCESS |  
2019-08-30 05:17:32,968 | INFO  | DNAudit | user=null | ip=null | op=WRITE_CHUNK {blockData=conID: 1 locID: 102704234571366816 bcsId: 0} | ret=SUCCESS |  
2019-08-30 05:17:32,969 | INFO  | DNAudit | user=null | ip=null | op=WRITE_CHUNK {blockData=conID: 1 locID: 102704234571366816 bcsId: 0} | ret=SUCCESS |  
2019-08-30 05:17:32,969 | INFO  | SCMAudit | user=jenkins1000 | ip=192.168.36.106 | op=SEND_HEARTBEAT {datanodeUUID=730a25a1-dbec-44ed-975b-a44ab0096beb, command=[]} | ret=SUCCESS |  
2019-08-30 05:17:32,970 | INFO  | DNAudit | user=null | ip=null | op=PUT_BLOCK {blockData=[blockId=conID: 1 locID: 102704234571366816 bcsId: 0,size=1048576]} | ret=SUCCESS |  
2019-08-30 05:17:32,970 | INFO  | DNAudit | user=null | ip=null | op=PUT_BLOCK {blockData=[blockId=conID: 1 locID: 102704234571366816 bcsId: 0,size=1048576]} | ret=SUCCESS |  
2019-08-30 05:17:32,970 | INFO  | DNAudit | user=null | ip=null | op=WRITE_CHUNK {blockData=conID: 1 locID: 102704234571366816 bcsId: 0} | ret=SUCCESS |  
2019-08-30 05:17:32,970 | INFO  | DNAudit | user=null | ip=null | op=WRITE_CHUNK {blockData=conID: 1 locID: 102704234571366816 bcsId: 0} | ret=SUCCESS |  
2019-08-30 05:17:32,970 | INFO  | DNAudit | user=null | ip=null | op=PUT_BLOCK {blockData=[blockId=conID: 1 locID: 102704234571366816 bcsId: 0,size=2097152]} | ret=SUCCESS |  
2019-08-30 05:17:32,970 | INFO  | DNAudit | user=null | ip=null | op=PUT_BLOCK {blockData=[blockId=conID: 1 locID: 102704234571366816 bcsId: 0,size=2097152]} | ret=SUCCESS |  
2019-08-30 05:17:32,970 [grpc-default-executor-1] INFO  client.GrpcClientProtocolClient (GrpcClientProtocolClient.java:onNext(255)) - client-574492D41EE7->134d4672-e322-4e4b-b7f3-5645abb0fe8c: receive RaftClientReply:client-574492D41EE7->134d4672-e322-4e4b-b7f3-5645abb0fe8c@group-3CB1DFFBCDC2, cid=733, SUCCESS, logIndex=0, commits[134d4672-e322-4e4b-b7f3-5645abb0fe8c:c927, 73af84f3-3e88-4c8c-894c-3ad307bcac8d:c921, 730a25a1-dbec-44ed-975b-a44ab0096beb:c923]
2019-08-30 05:17:32,971 | INFO  | SCMAudit | user=jenkins1000 | ip=192.168.36.106 | op=SEND_HEARTBEAT {datanodeUUID=134d4672-e322-4e4b-b7f3-5645abb0fe8c, command=[]} | ret=SUCCESS |  
2019-08-30 05:17:32,978 | INFO  | DNAudit | user=null | ip=null | op=WRITE_CHUNK {blockData=conID: 1 locID: 102704234571366816 bcsId: 923} | ret=SUCCESS |  
2019-08-30 05:17:32,983 | INFO  | DNAudit | user=null | ip=null | op=WRITE_CHUNK {blockData=conID: 1 locID: 102704234571366816 bcsId: 923} | ret=SUCCESS |  
2019-08-30 05:17:32,983 | INFO  | DNAudit | user=null | ip=null | op=WRITE_CHUNK {blockData=conID: 1 locID: 102704234571366816 bcsId: 923} | ret=SUCCESS |  
2019-08-30 05:17:32,991 | INFO  | DNAudit | user=null | ip=null | op=WRITE_CHUNK {blockData=conID: 1 locID: 102704234571366816 bcsId: 923} | ret=SUCCESS |  
2019-08-30 05:17:32,992 | INFO  | DNAudit | user=null | ip=null | op=PUT_BLOCK {blockData=[blockId=conID: 1 locID: 102704234571366816 bcsId: 0,size=3145728]} | ret=SUCCESS |  
2019-08-30 05:17:32,992 [grpc-default-executor-1] INFO  client.GrpcClientProtocolClient (GrpcClientProtocolClient.java:onNext(255)) - client-574492D41EE7->134d4672-e322-4e4b-b7f3-5645abb0fe8c: receive RaftClientReply:client-574492D41EE7->134d4672-e322-4e4b-b7f3-5645abb0fe8c@group-3CB1DFFBCDC2, cid=734, SUCCESS, logIndex=928, commits[134d4672-e322-4e4b-b7f3-5645abb0fe8c:c929, 73af84f3-3e88-4c8c-894c-3ad307bcac8d:c927, 730a25a1-dbec-44ed-975b-a44ab0096beb:c927]
2019-08-30 05:17:32,993 [grpc-default-executor-1] INFO  client.GrpcClientProtocolClient (GrpcClientProtocolClient.java:onNext(255)) - client-574492D41EE7->134d4672-e322-4e4b-b7f3-5645abb0fe8c: receive RaftClientReply:client-574492D41EE7->134d4672-e322-4e4b-b7f3-5645abb0fe8c@group-3CB1DFFBCDC2, cid=735, SUCCESS, logIndex=929, commits[134d4672-e322-4e4b-b7f3-5645abb0fe8c:c929, 73af84f3-3e88-4c8c-894c-3ad307bcac8d:c927, 730a25a1-dbec-44ed-975b-a44ab0096beb:c927]
2019-08-30 05:17:33,127 | INFO  | DNAudit | user=null | ip=null | op=WRITE_CHUNK {blockData=conID: 1 locID: 102704234571366816 bcsId: 923} | ret=SUCCESS |  
 0.00% |█                                                                                                    |  0/1 Time: 0:00:022019-08-30 05:17:33,127 | INFO  | DNAudit | user=null | ip=null | op=WRITE_CHUNK {blockData=conID: 1 locID: 102704234571366816 bcsId: 923} | ret=SUCCESS |  
2019-08-30 05:17:33,128 | INFO  | DNAudit | user=null | ip=null | op=PUT_BLOCK {blockData=[blockId=conID: 1 locID: 102704234571366816 bcsId: 0,size=3145728]} | ret=SUCCESS |  
2019-08-30 05:17:33,128 | INFO  | DNAudit | user=null | ip=null | op=PUT_BLOCK {blockData=[blockId=conID: 1 locID: 102704234571366816 bcsId: 0,size=3145728]} | ret=SUCCESS |  
2019-08-30 05:17:33,137 | INFO  | DNAudit | user=null | ip=null | op=WRITE_CHUNK {blockData=conID: 1 locID: 102704234571366816 bcsId: 929} | ret=SUCCESS |  
2019-08-30 05:17:33,141 | INFO  | DNAudit | user=null | ip=null | op=WRITE_CHUNK {blockData=conID: 1 locID: 102704234571366816 bcsId: 929} | ret=SUCCESS |  
2019-08-30 05:17:33,141 | INFO  | DNAudit | user=null | ip=null | op=WRITE_CHUNK {blockData=conID: 1 locID: 102704234571366816 bcsId: 929} | ret=SUCCESS |  
2019-08-30 05:17:33,156 | INFO  | DNAudit | user=null | ip=null | op=WRITE_CHUNK {blockData=conID: 1 locID: 102704234571366816 bcsId: 929} | ret=SUCCESS |  
2019-08-30 05:17:33,157 | INFO  | DNAudit | user=null | ip=null | op=PUT_BLOCK {blockData=[blockId=conID: 1 locID: 102704234571366816 bcsId: 0,size=4194304]} | ret=SUCCESS |  
2019-08-30 05:17:33,157 [grpc-default-executor-1] INFO  client.GrpcClientProtocolClient (GrpcClientProtocolClient.java:onNext(255)) - client-574492D41EE7->134d4672-e322-4e4b-b7f3-5645abb0fe8c: receive RaftClientReply:client-574492D41EE7->134d4672-e322-4e4b-b7f3-5645abb0fe8c@group-3CB1DFFBCDC2, cid=736, SUCCESS, logIndex=932, commits[134d4672-e322-4e4b-b7f3-5645abb0fe8c:c933, 73af84f3-3e88-4c8c-894c-3ad307bcac8d:c930, 730a25a1-dbec-44ed-975b-a44ab0096beb:c930]
2019-08-30 05:17:33,158 [grpc-default-executor-1] INFO  client.GrpcClientProtocolClient (GrpcClientProtocolClient.java:onNext(255)) - client-574492D41EE7->134d4672-e322-4e4b-b7f3-5645abb0fe8c: receive RaftClientReply:client-574492D41EE7->134d4672-e322-4e4b-b7f3-5645abb0fe8c@group-3CB1DFFBCDC2, cid=737, SUCCESS, logIndex=933, commits[134d4672-e322-4e4b-b7f3-5645abb0fe8c:c933, 73af84f3-3e88-4c8c-894c-3ad307bcac8d:c930, 730a25a1-dbec-44ed-975b-a44ab0096beb:c930]
2019-08-30 05:17:33,162 | INFO  | SCMAudit | user=jenkins1000 | ip=192.168.36.106 | op=SEND_HEARTBEAT {datanodeUUID=ea5d4b6b-4a08-401a-8c59-ecc1ca37daf5, command=[]} | ret=SUCCESS |  
2019-08-30 05:17:33,169 | INFO  | DNAudit | user=null | ip=null | op=WRITE_CHUNK {blockData=conID: 1 locID: 102704234571366816 bcsId: 929} | ret=SUCCESS |  
2019-08-30 05:17:33,170 | INFO  | DNAudit | user=null | ip=null | op=WRITE_CHUNK {blockData=conID: 1 locID: 102704234571366816 bcsId: 929} | ret=SUCCESS |  
2019-08-30 05:17:33,180 | INFO  | DNAudit | user=null | ip=null | op=PUT_BLOCK {blockData=[blockId=conID: 1 locID: 102704234571366816 bcsId: 0,size=4194304]} | ret=SUCCESS |  
2019-08-30 05:17:33,181 | INFO  | DNAudit | user=null | ip=null | op=PUT_BLOCK {blockData=[blockId=conID: 1 locID: 102704234571366816 bcsId: 0,size=4194304]} | ret=SUCCESS |  
2019-08-30 05:17:33,181 [grpc-default-executor-3] INFO  client.GrpcClientProtocolClient (GrpcClientProtocolClient.java:onNext(255)) - client-574492D41EE7->134d4672-e322-4e4b-b7f3-5645abb0fe8c: receive RaftClientReply:client-574492D41EE7->134d4672-e322-4e4b-b7f3-5645abb0fe8c@group-3CB1DFFBCDC2, cid=738, SUCCESS, logIndex=0, commits[134d4672-e322-4e4b-b7f3-5645abb0fe8c:c935, 73af84f3-3e88-4c8c-894c-3ad307bcac8d:c933, 730a25a1-dbec-44ed-975b-a44ab0096beb:c933]
2019-08-30 05:17:33,190 | INFO  | DNAudit | user=null | ip=null | op=WRITE_CHUNK {blockData=conID: 2 locID: 102704234571366817 bcsId: 0} | ret=SUCCESS |  
2019-08-30 05:17:33,194 | INFO  | DNAudit | user=null | ip=null | op=WRITE_CHUNK {blockData=conID: 2 locID: 102704234571366817 bcsId: 0} | ret=SUCCESS |  
2019-08-30 05:17:33,194 | INFO  | DNAudit | user=null | ip=null | op=WRITE_CHUNK {blockData=conID: 2 locID: 102704234571366817 bcsId: 0} | ret=SUCCESS |  
2019-08-30 05:17:33,195 | INFO  | DNAudit | user=null | ip=null | op=WRITE_CHUNK {blockData=conID: 2 locID: 102704234571366817 bcsId: 0} | ret=SUCCESS |  
2019-08-30 05:17:33,203 | INFO  | DNAudit | user=null | ip=null | op=WRITE_CHUNK {blockData=conID: 2 locID: 102704234571366817 bcsId: 0} | ret=SUCCESS |  
2019-08-30 05:17:33,204 | INFO  | DNAudit | user=null | ip=null | op=PUT_BLOCK {blockData=[blockId=conID: 2 locID: 102704234571366817 bcsId: 0,size=1048576]} | ret=SUCCESS |  
2019-08-30 05:17:33,204 | INFO  | DNAudit | user=null | ip=null | op=WRITE_CHUNK {blockData=conID: 2 locID: 102704234571366817 bcsId: 0} | ret=SUCCESS |  
2019-08-30 05:17:33,204 | INFO  | DNAudit | user=null | ip=null | op=WRITE_CHUNK {blockData=conID: 2 locID: 102704234571366817 bcsId: 0} | ret=SUCCESS |  
2019-08-30 05:17:33,204 [grpc-default-executor-1] INFO  client.GrpcClientProtocolClient (GrpcClientProtocolClient.java:onNext(255)) - client-574492D41EE7->134d4672-e322-4e4b-b7f3-5645abb0fe8c: receive RaftClientReply:client-574492D41EE7->134d4672-e322-4e4b-b7f3-5645abb0fe8c@group-3CB1DFFBCDC2, cid=739, SUCCESS, logIndex=936, commits[134d4672-e322-4e4b-b7f3-5645abb0fe8c:c937, 73af84f3-3e88-4c8c-894c-3ad307bcac8d:c935, 730a25a1-dbec-44ed-975b-a44ab0096beb:c935]
2019-08-30 05:17:33,204 [grpc-default-executor-1] INFO  client.GrpcClientProtocolClient (GrpcClientProtocolClient.java:onNext(255)) - client-574492D41EE7->134d4672-e322-4e4b-b7f3-5645abb0fe8c: receive RaftClientReply:client-574492D41EE7->134d4672-e322-4e4b-b7f3-5645abb0fe8c@group-3CB1DFFBCDC2, cid=740, SUCCESS, logIndex=937, commits[134d4672-e322-4e4b-b7f3-5645abb0fe8c:c937, 73af84f3-3e88-4c8c-894c-3ad307bcac8d:c935, 730a25a1-dbec-44ed-975b-a44ab0096beb:c935]
2019-08-30 05:17:33,215 | INFO  | DNAudit | user=null | ip=null | op=WRITE_CHUNK {blockData=conID: 2 locID: 102704234571366817 bcsId: 0} | ret=SUCCESS |  
2019-08-30 05:17:33,215 | INFO  | DNAudit | user=null | ip=null | op=WRITE_CHUNK {blockData=conID: 2 locID: 102704234571366817 bcsId: 0} | ret=SUCCESS |  
2019-08-30 05:17:33,215 | INFO  | DNAudit | user=null | ip=null | op=WRITE_CHUNK {blockData=conID: 2 locID: 102704234571366817 bcsId: 0} | ret=SUCCESS |  
2019-08-30 05:17:33,215 | INFO  | DNAudit | user=null | ip=null | op=PUT_BLOCK {blockData=[blockId=conID: 2 locID: 102704234571366817 bcsId: 0,size=1048576]} | ret=SUCCESS |  
2019-08-30 05:17:33,215 | INFO  | DNAudit | user=null | ip=null | op=PUT_BLOCK {blockData=[blockId=conID: 2 locID: 102704234571366817 bcsId: 0,size=1048576]} | ret=SUCCESS |  
2019-08-30 05:17:33,215 | INFO  | DNAudit | user=null | ip=null | op=PUT_BLOCK {blockData=[blockId=conID: 2 locID: 102704234571366817 bcsId: 0,size=2097152]} | ret=SUCCESS |  
2019-08-30 05:17:33,216 [grpc-default-executor-3] INFO  client.GrpcClientProtocolClient (GrpcClientProtocolClient.java:onNext(255)) - client-574492D41EE7->134d4672-e322-4e4b-b7f3-5645abb0fe8c: receive RaftClientReply:client-574492D41EE7->134d4672-e322-4e4b-b7f3-5645abb0fe8c@group-3CB1DFFBCDC2, cid=741, SUCCESS, logIndex=938, commits[134d4672-e322-4e4b-b7f3-5645abb0fe8c:c939, 73af84f3-3e88-4c8c-894c-3ad307bcac8d:c935, 730a25a1-dbec-44ed-975b-a44ab0096beb:c935]
2019-08-30 05:17:33,216 [grpc-default-executor-3] INFO  client.GrpcClientProtocolClient (GrpcClientProtocolClient.java:onNext(255)) - client-574492D41EE7->134d4672-e322-4e4b-b7f3-5645abb0fe8c: receive RaftClientReply:client-574492D41EE7->134d4672-e322-4e4b-b7f3-5645abb0fe8c@group-3CB1DFFBCDC2, cid=742, SUCCESS, logIndex=939, commits[134d4672-e322-4e4b-b7f3-5645abb0fe8c:c941, 73af84f3-3e88-4c8c-894c-3ad307bcac8d:c937, 730a25a1-dbec-44ed-975b-a44ab0096beb:c937]
2019-08-30 05:17:33,223 | INFO  | DNAudit | user=null | ip=null | op=WRITE_CHUNK {blockData=conID: 2 locID: 102704234571366817 bcsId: 939} | ret=SUCCESS |  
2019-08-30 05:17:33,226 | INFO  | DNAudit | user=null | ip=null | op=WRITE_CHUNK {blockData=conID: 2 locID: 102704234571366817 bcsId: 939} | ret=SUCCESS |  
2019-08-30 05:17:33,226 | INFO  | DNAudit | user=null | ip=null | op=WRITE_CHUNK {blockData=conID: 2 locID: 102704234571366817 bcsId: 939} | ret=SUCCESS |  
2019-08-30 05:17:33,226 | INFO  | DNAudit | user=null | ip=null | op=WRITE_CHUNK {blockData=conID: 2 locID: 102704234571366817 bcsId: 0} | ret=SUCCESS |  
2019-08-30 05:17:33,227 | INFO  | DNAudit | user=null | ip=null | op=WRITE_CHUNK {blockData=conID: 2 locID: 102704234571366817 bcsId: 0} | ret=SUCCESS |  
2019-08-30 05:17:33,228 | INFO  | DNAudit | user=null | ip=null | op=PUT_BLOCK {blockData=[blockId=conID: 2 locID: 102704234571366817 bcsId: 0,size=2097152]} | ret=SUCCESS |  
2019-08-30 05:17:33,228 | INFO  | DNAudit | user=null | ip=null | op=PUT_BLOCK {blockData=[blockId=conID: 2 locID: 102704234571366817 bcsId: 0,size=2097152]} | ret=SUCCESS |  
2019-08-30 05:17:33,228 | INFO  | DNAudit | user=null | ip=null | op=WRITE_CHUNK {blockData=conID: 2 locID: 102704234571366817 bcsId: 939} | ret=SUCCESS |  
2019-08-30 05:17:33,229 | INFO  | DNAudit | user=null | ip=null | op=PUT_BLOCK {blockData=[blockId=conID: 2 locID: 102704234571366817 bcsId: 0,size=3145728]} | ret=SUCCESS |  
2019-08-30 05:17:33,229 [grpc-default-executor-3] INFO  client.GrpcClientProtocolClient (GrpcClientProtocolClient.java:onNext(255)) - client-574492D41EE7->134d4672-e322-4e4b-b7f3-5645abb0fe8c: receive RaftClientReply:client-574492D41EE7->134d4672-e322-4e4b-b7f3-5645abb0fe8c@group-3CB1DFFBCDC2, cid=743, SUCCESS, logIndex=944, commits[134d4672-e322-4e4b-b7f3-5645abb0fe8c:c945, 73af84f3-3e88-4c8c-894c-3ad307bcac8d:c941, 730a25a1-dbec-44ed-975b-a44ab0096beb:c939]
2019-08-30 05:17:33,229 [grpc-default-executor-3] INFO  client.GrpcClientProtocolClient (GrpcClientProtocolClient.java:onNext(255)) - client-574492D41EE7->134d4672-e322-4e4b-b7f3-5645abb0fe8c: receive RaftClientReply:client-574492D41EE7->134d4672-e322-4e4b-b7f3-5645abb0fe8c@group-3CB1DFFBCDC2, cid=744, SUCCESS, logIndex=945, commits[134d4672-e322-4e4b-b7f3-5645abb0fe8c:c945, 73af84f3-3e88-4c8c-894c-3ad307bcac8d:c941, 730a25a1-dbec-44ed-975b-a44ab0096beb:c941]
2019-08-30 05:17:33,230 | INFO  | DNAudit | user=null | ip=null | op=WRITE_CHUNK {blockData=conID: 2 locID: 102704234571366817 bcsId: 939} | ret=SUCCESS |  
2019-08-30 05:17:33,230 | INFO  | DNAudit | user=null | ip=null | op=PUT_BLOCK {blockData=[blockId=conID: 2 locID: 102704234571366817 bcsId: 0,size=3145728]} | ret=SUCCESS |  
2019-08-30 05:17:33,230 | INFO  | DNAudit | user=null | ip=null | op=WRITE_CHUNK {blockData=conID: 2 locID: 102704234571366817 bcsId: 939} | ret=SUCCESS |  
2019-08-30 05:17:33,231 | INFO  | DNAudit | user=null | ip=null | op=PUT_BLOCK {blockData=[blockId=conID: 2 locID: 102704234571366817 bcsId: 0,size=3145728]} | ret=SUCCESS |  
2019-08-30 05:17:33,237 | INFO  | DNAudit | user=null | ip=null | op=WRITE_CHUNK {blockData=conID: 2 locID: 102704234571366817 bcsId: 945} | ret=SUCCESS |  
2019-08-30 05:17:33,239 | INFO  | DNAudit | user=null | ip=null | op=WRITE_CHUNK {blockData=conID: 2 locID: 102704234571366817 bcsId: 945} | ret=SUCCESS |  
2019-08-30 05:17:33,240 | INFO  | DNAudit | user=null | ip=null | op=WRITE_CHUNK {blockData=conID: 2 locID: 102704234571366817 bcsId: 945} | ret=SUCCESS |  
2019-08-30 05:17:33,251 | INFO  | DNAudit | user=null | ip=null | op=WRITE_CHUNK {blockData=conID: 2 locID: 102704234571366817 bcsId: 945} | ret=SUCCESS |  
2019-08-30 05:17:33,251 | INFO  | DNAudit | user=null | ip=null | op=PUT_BLOCK {blockData=[blockId=conID: 2 locID: 102704234571366817 bcsId: 0,size=4194304]} | ret=SUCCESS |  
2019-08-30 05:17:33,252 [grpc-default-executor-1] INFO  client.GrpcClientProtocolClient (GrpcClientProtocolClient.java:onNext(255)) - client-574492D41EE7->134d4672-e322-4e4b-b7f3-5645abb0fe8c: receive RaftClientReply:client-574492D41EE7->134d4672-e322-4e4b-b7f3-5645abb0fe8c@group-3CB1DFFBCDC2, cid=745, SUCCESS, logIndex=948, commits[134d4672-e322-4e4b-b7f3-5645abb0fe8c:c949, 73af84f3-3e88-4c8c-894c-3ad307bcac8d:c947, 730a25a1-dbec-44ed-975b-a44ab0096beb:c947]
2019-08-30 05:17:33,253 [grpc-default-executor-1] INFO  client.GrpcClientProtocolClient (GrpcClientProtocolClient.java:onNext(255)) - client-574492D41EE7->134d4672-e322-4e4b-b7f3-5645abb0fe8c: receive RaftClientReply:client-574492D41EE7->134d4672-e322-4e4b-b7f3-5645abb0fe8c@group-3CB1DFFBCDC2, cid=746, SUCCESS, logIndex=949, commits[134d4672-e322-4e4b-b7f3-5645abb0fe8c:c949, 73af84f3-3e88-4c8c-894c-3ad307bcac8d:c947, 730a25a1-dbec-44ed-975b-a44ab0096beb:c947]
2019-08-30 05:17:33,262 | INFO  | DNAudit | user=null | ip=null | op=WRITE_CHUNK {blockData=conID: 2 locID: 102704234571366817 bcsId: 945} | ret=SUCCESS |  
2019-08-30 05:17:33,262 | INFO  | DNAudit | user=null | ip=null | op=WRITE_CHUNK {blockData=conID: 2 locID: 102704234571366817 bcsId: 945} | ret=SUCCESS |  
2019-08-30 05:17:33,263 | INFO  | DNAudit | user=null | ip=null | op=PUT_BLOCK {blockData=[blockId=conID: 2 locID: 102704234571366817 bcsId: 0,size=4194304]} | ret=SUCCESS |  
2019-08-30 05:17:33,263 | INFO  | DNAudit | user=null | ip=null | op=PUT_BLOCK {blockData=[blockId=conID: 2 locID: 102704234571366817 bcsId: 0,size=4194304]} | ret=SUCCESS |  
2019-08-30 05:17:33,263 [grpc-default-executor-3] INFO  client.GrpcClientProtocolClient (GrpcClientProtocolClient.java:onNext(255)) - client-574492D41EE7->134d4672-e322-4e4b-b7f3-5645abb0fe8c: receive RaftClientReply:client-574492D41EE7->134d4672-e322-4e4b-b7f3-5645abb0fe8c@group-3CB1DFFBCDC2, cid=747, SUCCESS, logIndex=0, commits[134d4672-e322-4e4b-b7f3-5645abb0fe8c:c950, 73af84f3-3e88-4c8c-894c-3ad307bcac8d:c949, 730a25a1-dbec-44ed-975b-a44ab0096beb:c949]
2019-08-30 05:17:33,269 | INFO  | DNAudit | user=null | ip=null | op=WRITE_CHUNK {blockData=conID: 3 locID: 102704234571366818 bcsId: 0} | ret=SUCCESS |  
2019-08-30 05:17:33,272 | INFO  | DNAudit | user=null | ip=null | op=WRITE_CHUNK {blockData=conID: 3 locID: 102704234571366818 bcsId: 0} | ret=SUCCESS |  
2019-08-30 05:17:33,272 | INFO  | DNAudit | user=null | ip=null | op=WRITE_CHUNK {blockData=conID: 3 locID: 102704234571366818 bcsId: 0} | ret=SUCCESS |  
2019-08-30 05:17:33,272 | INFO  | DNAudit | user=null | ip=null | op=WRITE_CHUNK {blockData=conID: 3 locID: 102704234571366818 bcsId: 0} | ret=SUCCESS |  
2019-08-30 05:17:33,274 | INFO  | DNAudit | user=null | ip=null | op=WRITE_CHUNK {blockData=conID: 3 locID: 102704234571366818 bcsId: 0} | ret=SUCCESS |  
2019-08-30 05:17:33,275 | INFO  | DNAudit | user=null | ip=null | op=WRITE_CHUNK {blockData=conID: 3 locID: 102704234571366818 bcsId: 0} | ret=SUCCESS |  
2019-08-30 05:17:33,281 | INFO  | DNAudit | user=null | ip=null | op=WRITE_CHUNK {blockData=conID: 3 locID: 102704234571366818 bcsId: 0} | ret=SUCCESS |  
2019-08-30 05:17:33,282 | INFO  | DNAudit | user=null | ip=null | op=PUT_BLOCK {blockData=[blockId=conID: 3 locID: 102704234571366818 bcsId: 0,size=1048576]} | ret=SUCCESS |  
2019-08-30 05:17:33,282 | INFO  | DNAudit | user=null | ip=null | op=WRITE_CHUNK {blockData=conID: 3 locID: 102704234571366818 bcsId: 0} | ret=SUCCESS |  
2019-08-30 05:17:33,282 [grpc-default-executor-3] INFO  client.GrpcClientProtocolClient (GrpcClientProtocolClient.java:onNext(255)) - client-574492D41EE7->134d4672-e322-4e4b-b7f3-5645abb0fe8c: receive RaftClientReply:client-574492D41EE7->134d4672-e322-4e4b-b7f3-5645abb0fe8c@group-3CB1DFFBCDC2, cid=748, SUCCESS, logIndex=952, commits[134d4672-e322-4e4b-b7f3-5645abb0fe8c:c953, 73af84f3-3e88-4c8c-894c-3ad307bcac8d:c951, 730a25a1-dbec-44ed-975b-a44ab0096beb:c951]
2019-08-30 05:17:33,282 | INFO  | DNAudit | user=null | ip=null | op=PUT_BLOCK {blockData=[blockId=conID: 3 locID: 102704234571366818 bcsId: 0,size=2097152]} | ret=SUCCESS |  
2019-08-30 05:17:33,283 [grpc-default-executor-3] INFO  client.GrpcClientProtocolClient (GrpcClientProtocolClient.java:onNext(255)) - client-574492D41EE7->134d4672-e322-4e4b-b7f3-5645abb0fe8c: receive RaftClientReply:client-574492D41EE7->134d4672-e322-4e4b-b7f3-5645abb0fe8c@group-3CB1DFFBCDC2, cid=749, SUCCESS, logIndex=953, commits[134d4672-e322-4e4b-b7f3-5645abb0fe8c:c953, 73af84f3-3e88-4c8c-894c-3ad307bcac8d:c951, 730a25a1-dbec-44ed-975b-a44ab0096beb:c951]
2019-08-30 05:17:33,283 [grpc-default-executor-3] INFO  client.GrpcClientProtocolClient (GrpcClientProtocolClient.java:onNext(255)) - client-574492D41EE7->134d4672-e322-4e4b-b7f3-5645abb0fe8c: receive RaftClientReply:client-574492D41EE7->134d4672-e322-4e4b-b7f3-5645abb0fe8c@group-3CB1DFFBCDC2, cid=750, SUCCESS, logIndex=954, commits[134d4672-e322-4e4b-b7f3-5645abb0fe8c:c955, 73af84f3-3e88-4c8c-894c-3ad307bcac8d:c951, 730a25a1-dbec-44ed-975b-a44ab0096beb:c951]
2019-08-30 05:17:33,283 [grpc-default-executor-3] INFO  client.GrpcClientProtocolClient (GrpcClientProtocolClient.java:onNext(255)) - client-574492D41EE7->134d4672-e322-4e4b-b7f3-5645abb0fe8c: receive RaftClientReply:client-574492D41EE7->134d4672-e322-4e4b-b7f3-5645abb0fe8c@group-3CB1DFFBCDC2, cid=751, SUCCESS, logIndex=955, commits[134d4672-e322-4e4b-b7f3-5645abb0fe8c:c955, 73af84f3-3e88-4c8c-894c-3ad307bcac8d:c951, 730a25a1-dbec-44ed-975b-a44ab0096beb:c951]
2019-08-30 05:17:33,285 | INFO  | DNAudit | user=null | ip=null | op=WRITE_CHUNK {blockData=conID: 3 locID: 102704234571366818 bcsId: 0} | ret=SUCCESS |  
2019-08-30 05:17:33,285 | INFO  | DNAudit | user=null | ip=null | op=PUT_BLOCK {blockData=[blockId=conID: 3 locID: 102704234571366818 bcsId: 0,size=1048576]} | ret=SUCCESS |  
2019-08-30 05:17:33,285 | INFO  | DNAudit | user=null | ip=null | op=WRITE_CHUNK {blockData=conID: 3 locID: 102704234571366818 bcsId: 0} | ret=SUCCESS |  
2019-08-30 05:17:33,286 | INFO  | DNAudit | user=null | ip=null | op=PUT_BLOCK {blockData=[blockId=conID: 3 locID: 102704234571366818 bcsId: 0,size=1048576]} | ret=SUCCESS |  
2019-08-30 05:17:33,286 | INFO  | DNAudit | user=null | ip=null | op=WRITE_CHUNK {blockData=conID: 3 locID: 102704234571366818 bcsId: 0} | ret=SUCCESS |  
2019-08-30 05:17:33,286 | INFO  | DNAudit | user=null | ip=null | op=PUT_BLOCK {blockData=[blockId=conID: 3 locID: 102704234571366818 bcsId: 0,size=2097152]} | ret=SUCCESS |  
2019-08-30 05:17:33,286 | INFO  | DNAudit | user=null | ip=null | op=WRITE_CHUNK {blockData=conID: 3 locID: 102704234571366818 bcsId: 0} | ret=SUCCESS |  
2019-08-30 05:17:33,286 [grpc-default-executor-3] INFO  client.GrpcClientProtocolClient (GrpcClientProtocolClient.java:onNext(255)) - client-574492D41EE7->134d4672-e322-4e4b-b7f3-5645abb0fe8c: receive RaftClientReply:client-574492D41EE7->134d4672-e322-4e4b-b7f3-5645abb0fe8c@group-3CB1DFFBCDC2, cid=752, SUCCESS, logIndex=0, commits[134d4672-e322-4e4b-b7f3-5645abb0fe8c:c957, 73af84f3-3e88-4c8c-894c-3ad307bcac8d:c953, 730a25a1-dbec-44ed-975b-a44ab0096beb:c953]
2019-08-30 05:17:33,286 | INFO  | DNAudit | user=null | ip=null | op=PUT_BLOCK {blockData=[blockId=conID: 3 locID: 102704234571366818 bcsId: 0,size=2097152]} | ret=SUCCESS |  
2019-08-30 05:17:33,292 | INFO  | DNAudit | user=null | ip=null | op=WRITE_CHUNK {blockData=conID: 3 locID: 102704234571366818 bcsId: 955} | ret=SUCCESS |  
2019-08-30 05:17:33,294 | INFO  | DNAudit | user=null | ip=null | op=WRITE_CHUNK {blockData=conID: 3 locID: 102704234571366818 bcsId: 955} | ret=SUCCESS |  
2019-08-30 05:17:33,295 | INFO  | DNAudit | user=null | ip=null | op=WRITE_CHUNK {blockData=conID: 3 locID: 102704234571366818 bcsId: 955} | ret=SUCCESS |  
2019-08-30 05:17:33,305 | INFO  | DNAudit | user=null | ip=null | op=WRITE_CHUNK {blockData=conID: 3 locID: 102704234571366818 bcsId: 955} | ret=SUCCESS |  
2019-08-30 05:17:33,305 | INFO  | DNAudit | user=null | ip=null | op=PUT_BLOCK {blockData=[blockId=conID: 3 locID: 102704234571366818 bcsId: 0,size=3145728]} | ret=SUCCESS |  
2019-08-30 05:17:33,305 [grpc-default-executor-3] INFO  client.GrpcClientProtocolClient (GrpcClientProtocolClient.java:onNext(255)) - client-574492D41EE7->134d4672-e322-4e4b-b7f3-5645abb0fe8c: receive RaftClientReply:client-574492D41EE7->134d4672-e322-4e4b-b7f3-5645abb0fe8c@group-3CB1DFFBCDC2, cid=753, SUCCESS, logIndex=960, commits[134d4672-e322-4e4b-b7f3-5645abb0fe8c:c961, 73af84f3-3e88-4c8c-894c-3ad307bcac8d:c955, 730a25a1-dbec-44ed-975b-a44ab0096beb:c959]
2019-08-30 05:17:33,306 [grpc-default-executor-3] INFO  client.GrpcClientProtocolClient (GrpcClientProtocolClient.java:onNext(255)) - client-574492D41EE7->134d4672-e322-4e4b-b7f3-5645abb0fe8c: receive RaftClientReply:client-574492D41EE7->134d4672-e322-4e4b-b7f3-5645abb0fe8c@group-3CB1DFFBCDC2, cid=754, SUCCESS, logIndex=961, commits[134d4672-e322-4e4b-b7f3-5645abb0fe8c:c961, 73af84f3-3e88-4c8c-894c-3ad307bcac8d:c959, 730a25a1-dbec-44ed-975b-a44ab0096beb:c959]
2019-08-30 05:17:33,306 | INFO  | DNAudit | user=null | ip=null | op=WRITE_CHUNK {blockData=conID: 3 locID: 102704234571366818 bcsId: 955} | ret=SUCCESS |  
2019-08-30 05:17:33,307 | INFO  | DNAudit | user=null | ip=null | op=WRITE_CHUNK {blockData=conID: 3 locID: 102704234571366818 bcsId: 955} | ret=SUCCESS |  
2019-08-30 05:17:33,307 | INFO  | DNAudit | user=null | ip=null | op=PUT_BLOCK {blockData=[blockId=conID: 3 locID: 102704234571366818 bcsId: 0,size=3145728]} | ret=SUCCESS |  
2019-08-30 05:17:33,308 | INFO  | DNAudit | user=null | ip=null | op=PUT_BLOCK {blockData=[blockId=conID: 3 locID: 102704234571366818 bcsId: 0,size=3145728]} | ret=SUCCESS |  
2019-08-30 05:17:33,313 | INFO  | DNAudit | user=null | ip=null | op=WRITE_CHUNK {blockData=conID: 3 locID: 102704234571366818 bcsId: 961} | ret=SUCCESS |  
2019-08-30 05:17:33,314 | INFO  | DNAudit | user=null | ip=null | op=WRITE_CHUNK {blockData=conID: 3 locID: 102704234571366818 bcsId: 961} | ret=SUCCESS |  
2019-08-30 05:17:33,314 | INFO  | DNAudit | user=null | ip=null | op=WRITE_CHUNK {blockData=conID: 3 locID: 102704234571366818 bcsId: 961} | ret=SUCCESS |  
2019-08-30 05:17:33,325 | INFO  | DNAudit | user=null | ip=null | op=WRITE_CHUNK {blockData=conID: 3 locID: 102704234571366818 bcsId: 961} | ret=SUCCESS |  
2019-08-30 05:17:33,325 | INFO  | DNAudit | user=null | ip=null | op=PUT_BLOCK {blockData=[blockId=conID: 3 locID: 102704234571366818 bcsId: 0,size=4194304]} | ret=SUCCESS |  
2019-08-30 05:17:33,325 [grpc-default-executor-3] INFO  client.GrpcClientProtocolClient (GrpcClientProtocolClient.java:onNext(255)) - client-574492D41EE7->134d4672-e322-4e4b-b7f3-5645abb0fe8c: receive RaftClientReply:client-574492D41EE7->134d4672-e322-4e4b-b7f3-5645abb0fe8c@group-3CB1DFFBCDC2, cid=755, SUCCESS, logIndex=964, commits[134d4672-e322-4e4b-b7f3-5645abb0fe8c:c965, 73af84f3-3e88-4c8c-894c-3ad307bcac8d:c963, 730a25a1-dbec-44ed-975b-a44ab0096beb:c963]
2019-08-30 05:17:33,326 [grpc-default-executor-3] INFO  client.GrpcClientProtocolClient (GrpcClientProtocolClient.java:onNext(255)) - client-574492D41EE7->134d4672-e322-4e4b-b7f3-5645abb0fe8c: receive RaftClientReply:client-574492D41EE7->134d4672-e322-4e4b-b7f3-5645abb0fe8c@group-3CB1DFFBCDC2, cid=756, SUCCESS, logIndex=965, commits[134d4672-e322-4e4b-b7f3-5645abb0fe8c:c965, 73af84f3-3e88-4c8c-894c-3ad307bcac8d:c963, 730a25a1-dbec-44ed-975b-a44ab0096beb:c963]
2019-08-30 05:17:33,335 | INFO  | DNAudit | user=null | ip=null | op=WRITE_CHUNK {blockData=conID: 3 locID: 102704234571366818 bcsId: 961} | ret=SUCCESS |  
2019-08-30 05:17:33,335 | INFO  | DNAudit | user=null | ip=null | op=WRITE_CHUNK {blockData=conID: 3 locID: 102704234571366818 bcsId: 961} | ret=SUCCESS |  
2019-08-30 05:17:33,335 | INFO  | DNAudit | user=null | ip=null | op=PUT_BLOCK {blockData=[blockId=conID: 3 locID: 102704234571366818 bcsId: 0,size=4194304]} | ret=SUCCESS |  
2019-08-30 05:17:33,335 | INFO  | DNAudit | user=null | ip=null | op=PUT_BLOCK {blockData=[blockId=conID: 3 locID: 102704234571366818 bcsId: 0,size=4194304]} | ret=SUCCESS |  
2019-08-30 05:17:33,335 [grpc-default-executor-1] INFO  client.GrpcClientProtocolClient (GrpcClientProtocolClient.java:onNext(255)) - client-574492D41EE7->134d4672-e322-4e4b-b7f3-5645abb0fe8c: receive RaftClientReply:client-574492D41EE7->134d4672-e322-4e4b-b7f3-5645abb0fe8c@group-3CB1DFFBCDC2, cid=757, SUCCESS, logIndex=0, commits[134d4672-e322-4e4b-b7f3-5645abb0fe8c:c966, 73af84f3-3e88-4c8c-894c-3ad307bcac8d:c965, 730a25a1-dbec-44ed-975b-a44ab0096beb:c965]
2019-08-30 05:17:33,342 | INFO  | DNAudit | user=null | ip=null | op=WRITE_CHUNK {blockData=conID: 1 locID: 102704234571366819 bcsId: 0} | ret=SUCCESS |  
2019-08-30 05:17:33,345 | INFO  | DNAudit | user=null | ip=null | op=WRITE_CHUNK {blockData=conID: 1 locID: 102704234571366819 bcsId: 0} | ret=SUCCESS |  
2019-08-30 05:17:33,345 | INFO  | DNAudit | user=null | ip=null | op=WRITE_CHUNK {blockData=conID: 1 locID: 102704234571366819 bcsId: 0} | ret=SUCCESS |  
2019-08-30 05:17:33,345 | INFO  | DNAudit | user=null | ip=null | op=WRITE_CHUNK {blockData=conID: 1 locID: 102704234571366819 bcsId: 0} | ret=SUCCESS |  
2019-08-30 05:17:33,346 | INFO  | DNAudit | user=null | ip=null | op=WRITE_CHUNK {blockData=conID: 1 locID: 102704234571366819 bcsId: 0} | ret=SUCCESS |  
2019-08-30 05:17:33,347 | INFO  | DNAudit | user=null | ip=null | op=PUT_BLOCK {blockData=[blockId=conID: 1 locID: 102704234571366819 bcsId: 0,size=1048576]} | ret=SUCCESS |  
2019-08-30 05:17:33,347 [grpc-default-executor-1] INFO  client.GrpcClientProtocolClient (GrpcClientProtocolClient.java:onNext(255)) - client-574492D41EE7->134d4672-e322-4e4b-b7f3-5645abb0fe8c: receive RaftClientReply:client-574492D41EE7->134d4672-e322-4e4b-b7f3-5645abb0fe8c@group-3CB1DFFBCDC2, cid=758, SUCCESS, logIndex=968, commits[134d4672-e322-4e4b-b7f3-5645abb0fe8c:c969, 73af84f3-3e88-4c8c-894c-3ad307bcac8d:c966, 730a25a1-dbec-44ed-975b-a44ab0096beb:c965]
2019-08-30 05:17:33,348 [grpc-default-executor-1] INFO  client.GrpcClientProtocolClient (GrpcClientProtocolClient.java:onNext(255)) - client-574492D41EE7->134d4672-e322-4e4b-b7f3-5645abb0fe8c: receive RaftClientReply:client-574492D41EE7->134d4672-e322-4e4b-b7f3-5645abb0fe8c@group-3CB1DFFBCDC2, cid=759, SUCCESS, logIndex=969, commits[134d4672-e322-4e4b-b7f3-5645abb0fe8c:c969, 73af84f3-3e88-4c8c-894c-3ad307bcac8d:c966, 730a25a1-dbec-44ed-975b-a44ab0096beb:c965]
2019-08-30 05:17:33,348 | INFO  | DNAudit | user=null | ip=null | op=WRITE_CHUNK {blockData=conID: 1 locID: 102704234571366819 bcsId: 0} | ret=SUCCESS |  
2019-08-30 05:17:33,348 | INFO  | DNAudit | user=null | ip=null | op=WRITE_CHUNK {blockData=conID: 1 locID: 102704234571366819 bcsId: 0} | ret=SUCCESS |  
2019-08-30 05:17:33,359 | INFO  | DNAudit | user=null | ip=null | op=WRITE_CHUNK {blockData=conID: 1 locID: 102704234571366819 bcsId: 0} | ret=SUCCESS |  
2019-08-30 05:17:33,359 | INFO  | DNAudit | user=null | ip=null | op=WRITE_CHUNK {blockData=conID: 1 locID: 102704234571366819 bcsId: 0} | ret=SUCCESS |  
2019-08-30 05:17:33,359 | INFO  | DNAudit | user=null | ip=null | op=PUT_BLOCK {blockData=[blockId=conID: 1 locID: 102704234571366819 bcsId: 0,size=1048576]} | ret=SUCCESS |  
2019-08-30 05:17:33,359 | INFO  | DNAudit | user=null | ip=null | op=PUT_BLOCK {blockData=[blockId=conID: 1 locID: 102704234571366819 bcsId: 0,size=2097152]} | ret=SUCCESS |  
2019-08-30 05:17:33,359 | INFO  | DNAudit | user=null | ip=null | op=WRITE_CHUNK {blockData=conID: 1 locID: 102704234571366819 bcsId: 0} | ret=SUCCESS |  
2019-08-30 05:17:33,360 | INFO  | DNAudit | user=null | ip=null | op=PUT_BLOCK {blockData=[blockId=conID: 1 locID: 102704234571366819 bcsId: 0,size=1048576]} | ret=SUCCESS |  
2019-08-30 05:17:33,360 [grpc-default-executor-1] INFO  client.GrpcClientProtocolClient (GrpcClientProtocolClient.java:onNext(255)) - client-574492D41EE7->134d4672-e322-4e4b-b7f3-5645abb0fe8c: receive RaftClientReply:client-574492D41EE7->134d4672-e322-4e4b-b7f3-5645abb0fe8c@group-3CB1DFFBCDC2, cid=760, SUCCESS, logIndex=970, commits[134d4672-e322-4e4b-b7f3-5645abb0fe8c:c971, 73af84f3-3e88-4c8c-894c-3ad307bcac8d:c968, 730a25a1-dbec-44ed-975b-a44ab0096beb:c966]
2019-08-30 05:17:33,361 | INFO  | DNAudit | user=null | ip=null | op=WRITE_CHUNK {blockData=conID: 1 locID: 102704234571366819 bcsId: 0} | ret=SUCCESS |  
2019-08-30 05:17:33,361 [grpc-default-executor-1] INFO  client.GrpcClientProtocolClient (GrpcClientProtocolClient.java:onNext(255)) - client-574492D41EE7->134d4672-e322-4e4b-b7f3-5645abb0fe8c: receive RaftClientReply:client-574492D41EE7->134d4672-e322-4e4b-b7f3-5645abb0fe8c@group-3CB1DFFBCDC2, cid=761, SUCCESS, logIndex=971, commits[134d4672-e322-4e4b-b7f3-5645abb0fe8c:c973, 73af84f3-3e88-4c8c-894c-3ad307bcac8d:c969, 730a25a1-dbec-44ed-975b-a44ab0096beb:c969]
2019-08-30 05:17:33,361 | INFO  | DNAudit | user=null | ip=null | op=WRITE_CHUNK {blockData=conID: 1 locID: 102704234571366819 bcsId: 0} | ret=SUCCESS |  
2019-08-30 05:17:33,364 | INFO  | DNAudit | user=null | ip=null | op=PUT_BLOCK {blockData=[blockId=conID: 1 locID: 102704234571366819 bcsId: 0,size=2097152]} | ret=SUCCESS |  
2019-08-30 05:17:33,364 | INFO  | DNAudit | user=null | ip=null | op=PUT_BLOCK {blockData=[blockId=conID: 1 locID: 102704234571366819 bcsId: 0,size=2097152]} | ret=SUCCESS |  
2019-08-30 05:17:33,367 | INFO  | DNAudit | user=null | ip=null | op=WRITE_CHUNK {blockData=conID: 1 locID: 102704234571366819 bcsId: 971} | ret=SUCCESS |  
2019-08-30 05:17:33,369 | INFO  | DNAudit | user=null | ip=null | op=WRITE_CHUNK {blockData=conID: 1 locID: 102704234571366819 bcsId: 971} | ret=SUCCESS |  
2019-08-30 05:17:33,369 | INFO  | DNAudit | user=null | ip=null | op=WRITE_CHUNK {blockData=conID: 1 locID: 102704234571366819 bcsId: 971} | ret=SUCCESS |  
2019-08-30 05:17:33,381 | INFO  | DNAudit | user=null | ip=null | op=WRITE_CHUNK {blockData=conID: 1 locID: 102704234571366819 bcsId: 971} | ret=SUCCESS |  
2019-08-30 05:17:33,382 | INFO  | DNAudit | user=null | ip=null | op=PUT_BLOCK {blockData=[blockId=conID: 1 locID: 102704234571366819 bcsId: 0,size=3145728]} | ret=SUCCESS |  
2019-08-30 05:17:33,382 | INFO  | SCMAudit | user=jenkins1000 | ip=192.168.36.106 | op=SEND_HEARTBEAT {datanodeUUID=b91a4442-fd83-4a66-bee2-5c7959dbabc3, command=[]} | ret=SUCCESS |  
2019-08-30 05:17:33,382 [grpc-default-executor-1] INFO  client.GrpcClientProtocolClient (GrpcClientProtocolClient.java:onNext(255)) - client-574492D41EE7->134d4672-e322-4e4b-b7f3-5645abb0fe8c: receive RaftClientReply:client-574492D41EE7->134d4672-e322-4e4b-b7f3-5645abb0fe8c@group-3CB1DFFBCDC2, cid=762, SUCCESS, logIndex=976, commits[134d4672-e322-4e4b-b7f3-5645abb0fe8c:c977, 73af84f3-3e88-4c8c-894c-3ad307bcac8d:c975, 730a25a1-dbec-44ed-975b-a44ab0096beb:c975]
2019-08-30 05:17:33,382 [grpc-default-executor-1] INFO  client.GrpcClientProtocolClient (GrpcClientProtocolClient.java:onNext(255)) - client-574492D41EE7->134d4672-e322-4e4b-b7f3-5645abb0fe8c: receive RaftClientReply:client-574492D41EE7->134d4672-e322-4e4b-b7f3-5645abb0fe8c@group-3CB1DFFBCDC2, cid=763, SUCCESS, logIndex=977, commits[134d4672-e322-4e4b-b7f3-5645abb0fe8c:c977, 73af84f3-3e88-4c8c-894c-3ad307bcac8d:c975, 730a25a1-dbec-44ed-975b-a44ab0096beb:c975]
2019-08-30 05:17:33,388 | INFO  | DNAudit | user=null | ip=null | op=WRITE_CHUNK {blockData=conID: 1 locID: 102704234571366819 bcsId: 971} | ret=SUCCESS |  
2019-08-30 05:17:33,388 | INFO  | DNAudit | user=null | ip=null | op=WRITE_CHUNK {blockData=conID: 1 locID: 102704234571366819 bcsId: 971} | ret=SUCCESS |  
2019-08-30 05:17:33,389 | INFO  | DNAudit | user=null | ip=null | op=WRITE_CHUNK {blockData=conID: 1 locID: 102704234571366819 bcsId: 977} | ret=SUCCESS |  
2019-08-30 05:17:33,389 | INFO  | DNAudit | user=null | ip=null | op=PUT_BLOCK {blockData=[blockId=conID: 1 locID: 102704234571366819 bcsId: 0,size=3145728]} | ret=SUCCESS |  
2019-08-30 05:17:33,389 | INFO  | DNAudit | user=null | ip=null | op=PUT_BLOCK {blockData=[blockId=conID: 1 locID: 102704234571366819 bcsId: 0,size=3145728]} | ret=SUCCESS |  
2019-08-30 05:17:33,391 | INFO  | DNAudit | user=null | ip=null | op=WRITE_CHUNK {blockData=conID: 1 locID: 102704234571366819 bcsId: 977} | ret=SUCCESS |  
2019-08-30 05:17:33,391 | INFO  | DNAudit | user=null | ip=null | op=WRITE_CHUNK {blockData=conID: 1 locID: 102704234571366819 bcsId: 977} | ret=SUCCESS |  
2019-08-30 05:17:33,403 | INFO  | DNAudit | user=null | ip=null | op=WRITE_CHUNK {blockData=conID: 1 locID: 102704234571366819 bcsId: 977} | ret=SUCCESS |  
2019-08-30 05:17:33,403 | INFO  | DNAudit | user=null | ip=null | op=PUT_BLOCK {blockData=[blockId=conID: 1 locID: 102704234571366819 bcsId: 0,size=4194304]} | ret=SUCCESS |  
2019-08-30 05:17:33,404 [grpc-default-executor-1] INFO  client.GrpcClientProtocolClient (GrpcClientProtocolClient.java:onNext(255)) - client-574492D41EE7->134d4672-e322-4e4b-b7f3-5645abb0fe8c: receive RaftClientReply:client-574492D41EE7->134d4672-e322-4e4b-b7f3-5645abb0fe8c@group-3CB1DFFBCDC2, cid=764, SUCCESS, logIndex=980, commits[134d4672-e322-4e4b-b7f3-5645abb0fe8c:c981, 73af84f3-3e88-4c8c-894c-3ad307bcac8d:c977, 730a25a1-dbec-44ed-975b-a44ab0096beb:c977]
2019-08-30 05:17:33,404 [grpc-default-executor-1] INFO  client.GrpcClientProtocolClient (GrpcClientProtocolClient.java:onNext(255)) - client-574492D41EE7->134d4672-e322-4e4b-b7f3-5645abb0fe8c: receive RaftClientReply:client-574492D41EE7->134d4672-e322-4e4b-b7f3-5645abb0fe8c@group-3CB1DFFBCDC2, cid=765, SUCCESS, logIndex=981, commits[134d4672-e322-4e4b-b7f3-5645abb0fe8c:c981, 73af84f3-3e88-4c8c-894c-3ad307bcac8d:c977, 730a25a1-dbec-44ed-975b-a44ab0096beb:c977]
2019-08-30 05:17:33,406 | INFO  | DNAudit | user=null | ip=null | op=WRITE_CHUNK {blockData=conID: 1 locID: 102704234571366819 bcsId: 977} | ret=SUCCESS |  
2019-08-30 05:17:33,406 | INFO  | DNAudit | user=null | ip=null | op=WRITE_CHUNK {blockData=conID: 1 locID: 102704234571366819 bcsId: 977} | ret=SUCCESS |  
2019-08-30 05:17:33,406 | INFO  | DNAudit | user=null | ip=null | op=PUT_BLOCK {blockData=[blockId=conID: 1 locID: 102704234571366819 bcsId: 0,size=4194304]} | ret=SUCCESS |  
2019-08-30 05:17:33,406 | INFO  | DNAudit | user=null | ip=null | op=PUT_BLOCK {blockData=[blockId=conID: 1 locID: 102704234571366819 bcsId: 0,size=4194304]} | ret=SUCCESS |  
2019-08-30 05:17:33,406 [grpc-default-executor-1] INFO  client.GrpcClientProtocolClient (GrpcClientProtocolClient.java:onNext(255)) - client-574492D41EE7->134d4672-e322-4e4b-b7f3-5645abb0fe8c: receive RaftClientReply:client-574492D41EE7->134d4672-e322-4e4b-b7f3-5645abb0fe8c@group-3CB1DFFBCDC2, cid=766, SUCCESS, logIndex=0, commits[134d4672-e322-4e4b-b7f3-5645abb0fe8c:c982, 73af84f3-3e88-4c8c-894c-3ad307bcac8d:c981, 730a25a1-dbec-44ed-975b-a44ab0096beb:c981]
2019-08-30 05:17:33,413 | INFO  | DNAudit | user=null | ip=null | op=WRITE_CHUNK {blockData=conID: 2 locID: 102704234571366820 bcsId: 0} | ret=SUCCESS |  
2019-08-30 05:17:33,416 | INFO  | DNAudit | user=null | ip=null | op=WRITE_CHUNK {blockData=conID: 2 locID: 102704234571366820 bcsId: 0} | ret=SUCCESS |  
2019-08-30 05:17:33,417 | INFO  | DNAudit | user=null | ip=null | op=WRITE_CHUNK {blockData=conID: 2 locID: 102704234571366820 bcsId: 0} | ret=SUCCESS |  
2019-08-30 05:17:33,417 | INFO  | DNAudit | user=null | ip=null | op=WRITE_CHUNK {blockData=conID: 2 locID: 102704234571366820 bcsId: 0} | ret=SUCCESS |  
2019-08-30 05:17:33,419 | INFO  | DNAudit | user=null | ip=null | op=WRITE_CHUNK {blockData=conID: 2 locID: 102704234571366820 bcsId: 0} | ret=SUCCESS |  
2019-08-30 05:17:33,419 | INFO  | DNAudit | user=null | ip=null | op=WRITE_CHUNK {blockData=conID: 2 locID: 102704234571366820 bcsId: 0} | ret=SUCCESS |  
2019-08-30 05:17:33,420 | INFO  | DNAudit | user=null | ip=null | op=WRITE_CHUNK {blockData=conID: 2 locID: 102704234571366820 bcsId: 0} | ret=SUCCESS |  
2019-08-30 05:17:33,421 | INFO  | DNAudit | user=null | ip=null | op=PUT_BLOCK {blockData=[blockId=conID: 2 locID: 102704234571366820 bcsId: 0,size=1048576]} | ret=SUCCESS |  
2019-08-30 05:17:33,421 [grpc-default-executor-1] INFO  client.GrpcClientProtocolClient (GrpcClientProtocolClient.java:onNext(255)) - client-574492D41EE7->134d4672-e322-4e4b-b7f3-5645abb0fe8c: receive RaftClientReply:client-574492D41EE7->134d4672-e322-4e4b-b7f3-5645abb0fe8c@group-3CB1DFFBCDC2, cid=767, SUCCESS, logIndex=984, commits[134d4672-e322-4e4b-b7f3-5645abb0fe8c:c985, 73af84f3-3e88-4c8c-894c-3ad307bcac8d:c983, 730a25a1-dbec-44ed-975b-a44ab0096beb:c983]
2019-08-30 05:17:33,421 [grpc-default-executor-1] INFO  client.GrpcClientProtocolClient (GrpcClientProtocolClient.java:onNext(255)) - client-574492D41EE7->134d4672-e322-4e4b-b7f3-5645abb0fe8c: receive RaftClientReply:client-574492D41EE7->134d4672-e322-4e4b-b7f3-5645abb0fe8c@group-3CB1DFFBCDC2, cid=768, SUCCESS, logIndex=985, commits[134d4672-e322-4e4b-b7f3-5645abb0fe8c:c985, 73af84f3-3e88-4c8c-894c-3ad307bcac8d:c983, 730a25a1-dbec-44ed-975b-a44ab0096beb:c983]
2019-08-30 05:17:33,432 | INFO  | DNAudit | user=null | ip=null | op=WRITE_CHUNK {blockData=conID: 2 locID: 102704234571366820 bcsId: 0} | ret=SUCCESS |  
2019-08-30 05:17:33,432 | INFO  | DNAudit | user=null | ip=null | op=PUT_BLOCK {blockData=[blockId=conID: 2 locID: 102704234571366820 bcsId: 0,size=2097152]} | ret=SUCCESS |  
2019-08-30 05:17:33,432 [grpc-default-executor-1] INFO  client.GrpcClientProtocolClient (GrpcClientProtocolClient.java:onNext(255)) - client-574492D41EE7->134d4672-e322-4e4b-b7f3-5645abb0fe8c: receive RaftClientReply:client-574492D41EE7->134d4672-e322-4e4b-b7f3-5645abb0fe8c@group-3CB1DFFBCDC2, cid=769, SUCCESS, logIndex=986, commits[134d4672-e322-4e4b-b7f3-5645abb0fe8c:c986, 73af84f3-3e88-4c8c-894c-3ad307bcac8d:c983, 730a25a1-dbec-44ed-975b-a44ab0096beb:c983]
2019-08-30 05:17:33,432 | INFO  | DNAudit | user=null | ip=null | op=WRITE_CHUNK {blockData=conID: 2 locID: 102704234571366820 bcsId: 0} | ret=SUCCESS |  
2019-08-30 05:17:33,433 | INFO  | DNAudit | user=null | ip=null | op=PUT_BLOCK {blockData=[blockId=conID: 2 locID: 102704234571366820 bcsId: 0,size=1048576]} | ret=SUCCESS |  
2019-08-30 05:17:33,433 [grpc-default-executor-6] INFO  client.GrpcClientProtocolClient (GrpcClientProtocolClient.java:onNext(255)) - client-574492D41EE7->134d4672-e322-4e4b-b7f3-5645abb0fe8c: receive RaftClientReply:client-574492D41EE7->134d4672-e322-4e4b-b7f3-5645abb0fe8c@group-3CB1DFFBCDC2, cid=770, SUCCESS, logIndex=987, commits[134d4672-e322-4e4b-b7f3-5645abb0fe8c:c987, 73af84f3-3e88-4c8c-894c-3ad307bcac8d:c983, 730a25a1-dbec-44ed-975b-a44ab0096beb:c983]
2019-08-30 05:17:33,433 | INFO  | DNAudit | user=null | ip=null | op=WRITE_CHUNK {blockData=conID: 2 locID: 102704234571366820 bcsId: 0} | ret=SUCCESS |  
2019-08-30 05:17:33,433 | INFO  | DNAudit | user=null | ip=null | op=PUT_BLOCK {blockData=[blockId=conID: 2 locID: 102704234571366820 bcsId: 0,size=1048576]} | ret=SUCCESS |  
2019-08-30 05:17:33,434 | INFO  | DNAudit | user=null | ip=null | op=WRITE_CHUNK {blockData=conID: 2 locID: 102704234571366820 bcsId: 0} | ret=SUCCESS |  
2019-08-30 05:17:33,434 | INFO  | DNAudit | user=null | ip=null | op=PUT_BLOCK {blockData=[blockId=conID: 2 locID: 102704234571366820 bcsId: 0,size=2097152]} | ret=SUCCESS |  
2019-08-30 05:17:33,434 [grpc-default-executor-1] INFO  client.GrpcClientProtocolClient (GrpcClientProtocolClient.java:onNext(255)) - client-574492D41EE7->134d4672-e322-4e4b-b7f3-5645abb0fe8c: receive RaftClientReply:client-574492D41EE7->134d4672-e322-4e4b-b7f3-5645abb0fe8c@group-3CB1DFFBCDC2, cid=771, SUCCESS, logIndex=0, commits[134d4672-e322-4e4b-b7f3-5645abb0fe8c:c989, 73af84f3-3e88-4c8c-894c-3ad307bcac8d:c985, 730a25a1-dbec-44ed-975b-a44ab0096beb:c985]
2019-08-30 05:17:33,436 | INFO  | DNAudit | user=null | ip=null | op=WRITE_CHUNK {blockData=conID: 2 locID: 102704234571366820 bcsId: 0} | ret=SUCCESS |  
2019-08-30 05:17:33,436 | INFO  | DNAudit | user=null | ip=null | op=PUT_BLOCK {blockData=[blockId=conID: 2 locID: 102704234571366820 bcsId: 0,size=2097152]} | ret=SUCCESS |  
2019-08-30 05:17:33,441 | INFO  | DNAudit | user=null | ip=null | op=WRITE_CHUNK {blockData=conID: 2 locID: 102704234571366820 bcsId: 987} | ret=SUCCESS |  
2019-08-30 05:17:33,443 | INFO  | DNAudit | user=null | ip=null | op=WRITE_CHUNK {blockData=conID: 2 locID: 102704234571366820 bcsId: 987} | ret=SUCCESS |  
2019-08-30 05:17:33,443 | INFO  | DNAudit | user=null | ip=null | op=WRITE_CHUNK {blockData=conID: 2 locID: 102704234571366820 bcsId: 987} | ret=SUCCESS |  
2019-08-30 05:17:33,453 | INFO  | DNAudit | user=null | ip=null | op=WRITE_CHUNK {blockData=conID: 2 locID: 102704234571366820 bcsId: 987} | ret=SUCCESS |  
2019-08-30 05:17:33,453 | INFO  | DNAudit | user=null | ip=null | op=PUT_BLOCK {blockData=[blockId=conID: 2 locID: 102704234571366820 bcsId: 0,size=3145728]} | ret=SUCCESS |  
2019-08-30 05:17:33,454 [grpc-default-executor-1] INFO  client.GrpcClientProtocolClient (GrpcClientProtocolClient.java:onNext(255)) - client-574492D41EE7->134d4672-e322-4e4b-b7f3-5645abb0fe8c: receive RaftClientReply:client-574492D41EE7->134d4672-e322-4e4b-b7f3-5645abb0fe8c@group-3CB1DFFBCDC2, cid=772, SUCCESS, logIndex=992, commits[134d4672-e322-4e4b-b7f3-5645abb0fe8c:c993, 73af84f3-3e88-4c8c-894c-3ad307bcac8d:c991, 730a25a1-dbec-44ed-975b-a44ab0096beb:c991]
2019-08-30 05:17:33,454 [grpc-default-executor-1] INFO  client.GrpcClientProtocolClient (GrpcClientProtocolClient.java:onNext(255)) - client-574492D41EE7->134d4672-e322-4e4b-b7f3-5645abb0fe8c: receive RaftClientReply:client-574492D41EE7->134d4672-e322-4e4b-b7f3-5645abb0fe8c@group-3CB1DFFBCDC2, cid=773, SUCCESS, logIndex=993, commits[134d4672-e322-4e4b-b7f3-5645abb0fe8c:c993, 73af84f3-3e88-4c8c-894c-3ad307bcac8d:c991, 730a25a1-dbec-44ed-975b-a44ab0096beb:c991]
2019-08-30 05:17:33,461 | INFO  | DNAudit | user=null | ip=null | op=WRITE_CHUNK {blockData=conID: 2 locID: 102704234571366820 bcsId: 993} | ret=SUCCESS |  
2019-08-30 05:17:33,463 | INFO  | DNAudit | user=null | ip=null | op=WRITE_CHUNK {blockData=conID: 2 locID: 102704234571366820 bcsId: 993} | ret=SUCCESS |  
2019-08-30 05:17:33,463 | INFO  | DNAudit | user=null | ip=null | op=WRITE_CHUNK {blockData=conID: 2 locID: 102704234571366820 bcsId: 993} | ret=SUCCESS |  
2019-08-30 05:17:33,465 | INFO  | DNAudit | user=null | ip=null | op=WRITE_CHUNK {blockData=conID: 2 locID: 102704234571366820 bcsId: 987} | ret=SUCCESS |  
2019-08-30 05:17:33,465 | INFO  | DNAudit | user=null | ip=null | op=WRITE_CHUNK {blockData=conID: 2 locID: 102704234571366820 bcsId: 987} | ret=SUCCESS |  
2019-08-30 05:17:33,467 | INFO  | DNAudit | user=null | ip=null | op=PUT_BLOCK {blockData=[blockId=conID: 2 locID: 102704234571366820 bcsId: 0,size=3145728]} | ret=SUCCESS |  
2019-08-30 05:17:33,467 | INFO  | DNAudit | user=null | ip=null | op=PUT_BLOCK {blockData=[blockId=conID: 2 locID: 102704234571366820 bcsId: 0,size=3145728]} | ret=SUCCESS |  
2019-08-30 05:17:33,468 | INFO  | DNAudit | user=null | ip=null | op=WRITE_CHUNK {blockData=conID: 2 locID: 102704234571366820 bcsId: 993} | ret=SUCCESS |  
2019-08-30 05:17:33,468 | INFO  | DNAudit | user=null | ip=null | op=PUT_BLOCK {blockData=[blockId=conID: 2 locID: 102704234571366820 bcsId: 0,size=4194304]} | ret=SUCCESS |  
2019-08-30 05:17:33,469 [grpc-default-executor-6] INFO  client.GrpcClientProtocolClient (GrpcClientProtocolClient.java:onNext(255)) - client-574492D41EE7->134d4672-e322-4e4b-b7f3-5645abb0fe8c: receive RaftClientReply:client-574492D41EE7->134d4672-e322-4e4b-b7f3-5645abb0fe8c@group-3CB1DFFBCDC2, cid=774, SUCCESS, logIndex=996, commits[134d4672-e322-4e4b-b7f3-5645abb0fe8c:c997, 73af84f3-3e88-4c8c-894c-3ad307bcac8d:c993, 730a25a1-dbec-44ed-975b-a44ab0096beb:c993]
2019-08-30 05:17:33,469 [grpc-default-executor-6] INFO  client.GrpcClientProtocolClient (GrpcClientProtocolClient.java:onNext(255)) - client-574492D41EE7->134d4672-e322-4e4b-b7f3-5645abb0fe8c: receive RaftClientReply:client-574492D41EE7->134d4672-e322-4e4b-b7f3-5645abb0fe8c@group-3CB1DFFBCDC2, cid=775, SUCCESS, logIndex=997, commits[134d4672-e322-4e4b-b7f3-5645abb0fe8c:c997, 73af84f3-3e88-4c8c-894c-3ad307bcac8d:c993, 730a25a1-dbec-44ed-975b-a44ab0096beb:c993]
2019-08-30 05:17:33,480 | INFO  | DNAudit | user=null | ip=null | op=WRITE_CHUNK {blockData=conID: 2 locID: 102704234571366820 bcsId: 993} | ret=SUCCESS |  
2019-08-30 05:17:33,480 | INFO  | DNAudit | user=null | ip=null | op=WRITE_CHUNK {blockData=conID: 2 locID: 102704234571366820 bcsId: 993} | ret=SUCCESS |  
2019-08-30 05:17:33,483 | INFO  | DNAudit | user=null | ip=null | op=PUT_BLOCK {blockData=[blockId=conID: 2 locID: 102704234571366820 bcsId: 0,size=4194304]} | ret=SUCCESS |  
2019-08-30 05:17:33,483 | INFO  | DNAudit | user=null | ip=null | op=PUT_BLOCK {blockData=[blockId=conID: 2 locID: 102704234571366820 bcsId: 0,size=4194304]} | ret=SUCCESS |  
2019-08-30 05:17:33,483 [grpc-default-executor-1] INFO  client.GrpcClientProtocolClient (GrpcClientProtocolClient.java:onNext(255)) - client-574492D41EE7->134d4672-e322-4e4b-b7f3-5645abb0fe8c: receive RaftClientReply:client-574492D41EE7->134d4672-e322-4e4b-b7f3-5645abb0fe8c@group-3CB1DFFBCDC2, cid=776, SUCCESS, logIndex=0, commits[134d4672-e322-4e4b-b7f3-5645abb0fe8c:c999, 73af84f3-3e88-4c8c-894c-3ad307bcac8d:c997, 730a25a1-dbec-44ed-975b-a44ab0096beb:c997]
2019-08-30 05:17:33,492 | INFO  | DNAudit | user=null | ip=null | op=WRITE_CHUNK {blockData=conID: 3 locID: 102704234571366821 bcsId: 0} | ret=SUCCESS |  
2019-08-30 05:17:33,494 | INFO  | DNAudit | user=null | ip=null | op=WRITE_CHUNK {blockData=conID: 3 locID: 102704234571366821 bcsId: 0} | ret=SUCCESS |  
2019-08-30 05:17:33,495 | INFO  | DNAudit | user=null | ip=null | op=WRITE_CHUNK {blockData=conID: 3 locID: 102704234571366821 bcsId: 0} | ret=SUCCESS |  
2019-08-30 05:17:33,496 | INFO  | DNAudit | user=null | ip=null | op=WRITE_CHUNK {blockData=conID: 3 locID: 102704234571366821 bcsId: 0} | ret=SUCCESS |  
2019-08-30 05:17:33,499 | INFO  | DNAudit | user=null | ip=null | op=WRITE_CHUNK {blockData=conID: 3 locID: 102704234571366821 bcsId: 0} | ret=SUCCESS |  
2019-08-30 05:17:33,499 | INFO  | DNAudit | user=null | ip=null | op=WRITE_CHUNK {blockData=conID: 3 locID: 102704234571366821 bcsId: 0} | ret=SUCCESS |  
2019-08-30 05:17:33,505 | INFO  | DNAudit | user=null | ip=null | op=WRITE_CHUNK {blockData=conID: 3 locID: 102704234571366821 bcsId: 0} | ret=SUCCESS |  
2019-08-30 05:17:33,505 | INFO  | DNAudit | user=null | ip=null | op=PUT_BLOCK {blockData=[blockId=conID: 3 locID: 102704234571366821 bcsId: 0,size=1048576]} | ret=SUCCESS |  
2019-08-30 05:17:33,505 | INFO  | DNAudit | user=null | ip=null | op=WRITE_CHUNK {blockData=conID: 3 locID: 102704234571366821 bcsId: 0} | ret=SUCCESS |  
2019-08-30 05:17:33,505 [grpc-default-executor-6] INFO  client.GrpcClientProtocolClient (GrpcClientProtocolClient.java:onNext(255)) - client-574492D41EE7->134d4672-e322-4e4b-b7f3-5645abb0fe8c: receive RaftClientReply:client-574492D41EE7->134d4672-e322-4e4b-b7f3-5645abb0fe8c@group-3CB1DFFBCDC2, cid=777, SUCCESS, logIndex=1000, commits[134d4672-e322-4e4b-b7f3-5645abb0fe8c:c1001, 73af84f3-3e88-4c8c-894c-3ad307bcac8d:c999, 730a25a1-dbec-44ed-975b-a44ab0096beb:c999]
2019-08-30 05:17:33,506 | INFO  | DNAudit | user=null | ip=null | op=PUT_BLOCK {blockData=[blockId=conID: 3 locID: 102704234571366821 bcsId: 0,size=2097152]} | ret=SUCCESS |  
2019-08-30 05:17:33,506 [grpc-default-executor-6] INFO  client.GrpcClientProtocolClient (GrpcClientProtocolClient.java:onNext(255)) - client-574492D41EE7->134d4672-e322-4e4b-b7f3-5645abb0fe8c: receive RaftClientReply:client-574492D41EE7->134d4672-e322-4e4b-b7f3-5645abb0fe8c@group-3CB1DFFBCDC2, cid=778, SUCCESS, logIndex=1001, commits[134d4672-e322-4e4b-b7f3-5645abb0fe8c:c1001, 73af84f3-3e88-4c8c-894c-3ad307bcac8d:c999, 730a25a1-dbec-44ed-975b-a44ab0096beb:c999]
2019-08-30 05:17:33,506 [grpc-default-executor-6] INFO  client.GrpcClientProtocolClient (GrpcClientProtocolClient.java:onNext(255)) - client-574492D41EE7->134d4672-e322-4e4b-b7f3-5645abb0fe8c: receive RaftClientReply:client-574492D41EE7->134d4672-e322-4e4b-b7f3-5645abb0fe8c@group-3CB1DFFBCDC2, cid=779, SUCCESS, logIndex=1002, commits[134d4672-e322-4e4b-b7f3-5645abb0fe8c:c1002, 73af84f3-3e88-4c8c-894c-3ad307bcac8d:c999, 730a25a1-dbec-44ed-975b-a44ab0096beb:c999]
2019-08-30 05:17:33,506 [grpc-default-executor-6] INFO  client.GrpcClientProtocolClient (GrpcClientProtocolClient.java:onNext(255)) - client-574492D41EE7->134d4672-e322-4e4b-b7f3-5645abb0fe8c: receive RaftClientReply:client-574492D41EE7->134d4672-e322-4e4b-b7f3-5645abb0fe8c@group-3CB1DFFBCDC2, cid=780, SUCCESS, logIndex=1003, commits[134d4672-e322-4e4b-b7f3-5645abb0fe8c:c1003, 73af84f3-3e88-4c8c-894c-3ad307bcac8d:c999, 730a25a1-dbec-44ed-975b-a44ab0096beb:c999]
2019-08-30 05:17:33,519 | INFO  | DNAudit | user=null | ip=null | op=WRITE_CHUNK {blockData=conID: 3 locID: 102704234571366821 bcsId: 0} | ret=SUCCESS |  
2019-08-30 05:17:33,519 | INFO  | DNAudit | user=null | ip=null | op=PUT_BLOCK {blockData=[blockId=conID: 3 locID: 102704234571366821 bcsId: 0,size=1048576]} | ret=SUCCESS |  
2019-08-30 05:17:33,519 | INFO  | DNAudit | user=null | ip=null | op=WRITE_CHUNK {blockData=conID: 3 locID: 102704234571366821 bcsId: 0} | ret=SUCCESS |  
2019-08-30 05:17:33,519 | INFO  | DNAudit | user=null | ip=null | op=PUT_BLOCK {blockData=[blockId=conID: 3 locID: 102704234571366821 bcsId: 0,size=1048576]} | ret=SUCCESS |  
2019-08-30 05:17:33,519 | INFO  | DNAudit | user=null | ip=null | op=WRITE_CHUNK {blockData=conID: 3 locID: 102704234571366821 bcsId: 0} | ret=SUCCESS |  
2019-08-30 05:17:33,520 | INFO  | DNAudit | user=null | ip=null | op=WRITE_CHUNK {blockData=conID: 3 locID: 102704234571366821 bcsId: 0} | ret=SUCCESS |  
2019-08-30 05:17:33,520 | INFO  | DNAudit | user=null | ip=null | op=PUT_BLOCK {blockData=[blockId=conID: 3 locID: 102704234571366821 bcsId: 0,size=2097152]} | ret=SUCCESS |  
2019-08-30 05:17:33,520 | INFO  | DNAudit | user=null | ip=null | op=PUT_BLOCK {blockData=[blockId=conID: 3 locID: 102704234571366821 bcsId: 0,size=2097152]} | ret=SUCCESS |  
2019-08-30 05:17:33,520 [grpc-default-executor-3] INFO  client.GrpcClientProtocolClient (GrpcClientProtocolClient.java:onNext(255)) - client-574492D41EE7->134d4672-e322-4e4b-b7f3-5645abb0fe8c: receive RaftClientReply:client-574492D41EE7->134d4672-e322-4e4b-b7f3-5645abb0fe8c@group-3CB1DFFBCDC2, cid=781, SUCCESS, logIndex=0, commits[134d4672-e322-4e4b-b7f3-5645abb0fe8c:c1005, 73af84f3-3e88-4c8c-894c-3ad307bcac8d:c1001, 730a25a1-dbec-44ed-975b-a44ab0096beb:c1001]
2019-08-30 05:17:33,527 | INFO  | DNAudit | user=null | ip=null | op=WRITE_CHUNK {blockData=conID: 3 locID: 102704234571366821 bcsId: 1003} | ret=SUCCESS |  
2019-08-30 05:17:33,529 | INFO  | DNAudit | user=null | ip=null | op=WRITE_CHUNK {blockData=conID: 3 locID: 102704234571366821 bcsId: 1003} | ret=SUCCESS |  
2019-08-30 05:17:33,529 | INFO  | DNAudit | user=null | ip=null | op=WRITE_CHUNK {blockData=conID: 3 locID: 102704234571366821 bcsId: 1003} | ret=SUCCESS |  
2019-08-30 05:17:33,540 | INFO  | DNAudit | user=null | ip=null | op=WRITE_CHUNK {blockData=conID: 3 locID: 102704234571366821 bcsId: 1003} | ret=SUCCESS |  
2019-08-30 05:17:33,540 | INFO  | DNAudit | user=null | ip=null | op=PUT_BLOCK {blockData=[blockId=conID: 3 locID: 102704234571366821 bcsId: 0,size=3145728]} | ret=SUCCESS |  
2019-08-30 05:17:33,541 [grpc-default-executor-3] INFO  client.GrpcClientProtocolClient (GrpcClientProtocolClient.java:onNext(255)) - client-574492D41EE7->134d4672-e322-4e4b-b7f3-5645abb0fe8c: receive RaftClientReply:client-574492D41EE7->134d4672-e322-4e4b-b7f3-5645abb0fe8c@group-3CB1DFFBCDC2, cid=782, SUCCESS, logIndex=1008, commits[134d4672-e322-4e4b-b7f3-5645abb0fe8c:c1009, 73af84f3-3e88-4c8c-894c-3ad307bcac8d:c1007, 730a25a1-dbec-44ed-975b-a44ab0096beb:c1007]
2019-08-30 05:17:33,541 [grpc-default-executor-3] INFO  client.GrpcClientProtocolClient (GrpcClientProtocolClient.java:onNext(255)) - client-574492D41EE7->134d4672-e322-4e4b-b7f3-5645abb0fe8c: receive RaftClientReply:client-574492D41EE7->134d4672-e322-4e4b-b7f3-5645abb0fe8c@group-3CB1DFFBCDC2, cid=783, SUCCESS, logIndex=1009, commits[134d4672-e322-4e4b-b7f3-5645abb0fe8c:c1009, 73af84f3-3e88-4c8c-894c-3ad307bcac8d:c1007, 730a25a1-dbec-44ed-975b-a44ab0096beb:c1007]
2019-08-30 05:17:33,549 | INFO  | DNAudit | user=null | ip=null | op=WRITE_CHUNK {blockData=conID: 3 locID: 102704234571366821 bcsId: 1009} | ret=SUCCESS |  
2019-08-30 05:17:33,551 | INFO  | DNAudit | user=null | ip=null | op=WRITE_CHUNK {blockData=conID: 3 locID: 102704234571366821 bcsId: 1009} | ret=SUCCESS |  
2019-08-30 05:17:33,551 | INFO  | DNAudit | user=null | ip=null | op=WRITE_CHUNK {blockData=conID: 3 locID: 102704234571366821 bcsId: 1009} | ret=SUCCESS |  
2019-08-30 05:17:33,551 | INFO  | DNAudit | user=null | ip=null | op=WRITE_CHUNK {blockData=conID: 3 locID: 102704234571366821 bcsId: 1003} | ret=SUCCESS |  
2019-08-30 05:17:33,551 | INFO  | DNAudit | user=null | ip=null | op=WRITE_CHUNK {blockData=conID: 3 locID: 102704234571366821 bcsId: 1003} | ret=SUCCESS |  
2019-08-30 05:17:33,552 | INFO  | DNAudit | user=null | ip=null | op=PUT_BLOCK {blockData=[blockId=conID: 3 locID: 102704234571366821 bcsId: 0,size=3145728]} | ret=SUCCESS |  
2019-08-30 05:17:33,552 | INFO  | DNAudit | user=null | ip=null | op=PUT_BLOCK {blockData=[blockId=conID: 3 locID: 102704234571366821 bcsId: 0,size=3145728]} | ret=SUCCESS |  
2019-08-30 05:17:33,555 | INFO  | DNAudit | user=null | ip=null | op=WRITE_CHUNK {blockData=conID: 3 locID: 102704234571366821 bcsId: 1009} | ret=SUCCESS |  
2019-08-30 05:17:33,555 | INFO  | DNAudit | user=null | ip=null | op=PUT_BLOCK {blockData=[blockId=conID: 3 locID: 102704234571366821 bcsId: 0,size=4194304]} | ret=SUCCESS |  
2019-08-30 05:17:33,555 [grpc-default-executor-6] INFO  client.GrpcClientProtocolClient (GrpcClientProtocolClient.java:onNext(255)) - client-574492D41EE7->134d4672-e322-4e4b-b7f3-5645abb0fe8c: receive RaftClientReply:client-574492D41EE7->134d4672-e322-4e4b-b7f3-5645abb0fe8c@group-3CB1DFFBCDC2, cid=784, SUCCESS, logIndex=1012, commits[134d4672-e322-4e4b-b7f3-5645abb0fe8c:c1013, 73af84f3-3e88-4c8c-894c-3ad307bcac8d:c1009, 730a25a1-dbec-44ed-975b-a44ab0096beb:c1009]
2019-08-30 05:17:33,556 [grpc-default-executor-6] INFO  client.GrpcClientProtocolClient (GrpcClientProtocolClient.java:onNext(255)) - client-574492D41EE7->134d4672-e322-4e4b-b7f3-5645abb0fe8c: receive RaftClientReply:client-574492D41EE7->134d4672-e322-4e4b-b7f3-5645abb0fe8c@group-3CB1DFFBCDC2, cid=785, SUCCESS, logIndex=1013, commits[134d4672-e322-4e4b-b7f3-5645abb0fe8c:c1013, 73af84f3-3e88-4c8c-894c-3ad307bcac8d:c1009, 730a25a1-dbec-44ed-975b-a44ab0096beb:c1009]
2019-08-30 05:17:33,565 | INFO  | DNAudit | user=null | ip=null | op=WRITE_CHUNK {blockData=conID: 3 locID: 102704234571366821 bcsId: 1009} | ret=SUCCESS |  
2019-08-30 05:17:33,565 | INFO  | DNAudit | user=null | ip=null | op=WRITE_CHUNK {blockData=conID: 3 locID: 102704234571366821 bcsId: 1009} | ret=SUCCESS |  
2019-08-30 05:17:33,567 | INFO  | DNAudit | user=null | ip=null | op=PUT_BLOCK {blockData=[blockId=conID: 3 locID: 102704234571366821 bcsId: 0,size=4194304]} | ret=SUCCESS |  
2019-08-30 05:17:33,567 | INFO  | DNAudit | user=null | ip=null | op=PUT_BLOCK {blockData=[blockId=conID: 3 locID: 102704234571366821 bcsId: 0,size=4194304]} | ret=SUCCESS |  
2019-08-30 05:17:33,568 [grpc-default-executor-1] INFO  client.GrpcClientProtocolClient (GrpcClientProtocolClient.java:onNext(255)) - client-574492D41EE7->134d4672-e322-4e4b-b7f3-5645abb0fe8c: receive RaftClientReply:client-574492D41EE7->134d4672-e322-4e4b-b7f3-5645abb0fe8c@group-3CB1DFFBCDC2, cid=786, SUCCESS, logIndex=0, commits[134d4672-e322-4e4b-b7f3-5645abb0fe8c:c1015, 73af84f3-3e88-4c8c-894c-3ad307bcac8d:c1013, 730a25a1-dbec-44ed-975b-a44ab0096beb:c1013]
2019-08-30 05:17:33,576 | INFO  | DNAudit | user=null | ip=null | op=WRITE_CHUNK {blockData=conID: 1 locID: 102704234571366822 bcsId: 0} | ret=SUCCESS |  
2019-08-30 05:17:33,579 | INFO  | DNAudit | user=null | ip=null | op=WRITE_CHUNK {blockData=conID: 1 locID: 102704234571366822 bcsId: 0} | ret=SUCCESS |  
2019-08-30 05:17:33,580 | INFO  | DNAudit | user=null | ip=null | op=WRITE_CHUNK {blockData=conID: 1 locID: 102704234571366822 bcsId: 0} | ret=SUCCESS |  
2019-08-30 05:17:33,580 | INFO  | DNAudit | user=null | ip=null | op=WRITE_CHUNK {blockData=conID: 1 locID: 102704234571366822 bcsId: 0} | ret=SUCCESS |  
2019-08-30 05:17:33,581 | INFO  | DNAudit | user=null | ip=null | op=WRITE_CHUNK {blockData=conID: 1 locID: 102704234571366822 bcsId: 0} | ret=SUCCESS |  
2019-08-30 05:17:33,581 | INFO  | DNAudit | user=null | ip=null | op=WRITE_CHUNK {blockData=conID: 1 locID: 102704234571366822 bcsId: 0} | ret=SUCCESS |  
2019-08-30 05:17:33,587 | INFO  | DNAudit | user=null | ip=null | op=WRITE_CHUNK {blockData=conID: 1 locID: 102704234571366822 bcsId: 0} | ret=SUCCESS |  
2019-08-30 05:17:33,587 | INFO  | DNAudit | user=null | ip=null | op=PUT_BLOCK {blockData=[blockId=conID: 1 locID: 102704234571366822 bcsId: 0,size=1048576]} | ret=SUCCESS |  
2019-08-30 05:17:33,588 | INFO  | DNAudit | user=null | ip=null | op=WRITE_CHUNK {blockData=conID: 1 locID: 102704234571366822 bcsId: 0} | ret=SUCCESS |  
2019-08-30 05:17:33,588 [grpc-default-executor-3] INFO  client.GrpcClientProtocolClient (GrpcClientProtocolClient.java:onNext(255)) - client-574492D41EE7->134d4672-e322-4e4b-b7f3-5645abb0fe8c: receive RaftClientReply:client-574492D41EE7->134d4672-e322-4e4b-b7f3-5645abb0fe8c@group-3CB1DFFBCDC2, cid=787, SUCCESS, logIndex=1016, commits[134d4672-e322-4e4b-b7f3-5645abb0fe8c:c1019, 73af84f3-3e88-4c8c-894c-3ad307bcac8d:c1015, 730a25a1-dbec-44ed-975b-a44ab0096beb:c1015]
2019-08-30 05:17:33,588 | INFO  | DNAudit | user=null | ip=null | op=PUT_BLOCK {blockData=[blockId=conID: 1 locID: 102704234571366822 bcsId: 0,size=2097152]} | ret=SUCCESS |  
2019-08-30 05:17:33,588 | INFO  | DNAudit | user=null | ip=null | op=WRITE_CHUNK {blockData=conID: 1 locID: 102704234571366822 bcsId: 0} | ret=SUCCESS |  
2019-08-30 05:17:33,588 | INFO  | DNAudit | user=null | ip=null | op=WRITE_CHUNK {blockData=conID: 1 locID: 102704234571366822 bcsId: 0} | ret=SUCCESS |  
2019-08-30 05:17:33,588 [grpc-default-executor-1] INFO  client.GrpcClientProtocolClient (GrpcClientProtocolClient.java:onNext(255)) - client-574492D41EE7->134d4672-e322-4e4b-b7f3-5645abb0fe8c: receive RaftClientReply:client-574492D41EE7->134d4672-e322-4e4b-b7f3-5645abb0fe8c@group-3CB1DFFBCDC2, cid=788, SUCCESS, logIndex=1017, commits[134d4672-e322-4e4b-b7f3-5645abb0fe8c:c1019, 73af84f3-3e88-4c8c-894c-3ad307bcac8d:c1015, 730a25a1-dbec-44ed-975b-a44ab0096beb:c1015]
2019-08-30 05:17:33,589 | INFO  | DNAudit | user=null | ip=null | op=PUT_BLOCK {blockData=[blockId=conID: 1 locID: 102704234571366822 bcsId: 0,size=1048576]} | ret=SUCCESS |  
2019-08-30 05:17:33,589 | INFO  | DNAudit | user=null | ip=null | op=WRITE_CHUNK {blockData=conID: 1 locID: 102704234571366822 bcsId: 0} | ret=SUCCESS |  
2019-08-30 05:17:33,589 [grpc-default-executor-6] INFO  client.GrpcClientProtocolClient (GrpcClientProtocolClient.java:onNext(255)) - client-574492D41EE7->134d4672-e322-4e4b-b7f3-5645abb0fe8c: receive RaftClientReply:client-574492D41EE7->134d4672-e322-4e4b-b7f3-5645abb0fe8c@group-3CB1DFFBCDC2, cid=789, SUCCESS, logIndex=1018, commits[134d4672-e322-4e4b-b7f3-5645abb0fe8c:c1019, 73af84f3-3e88-4c8c-894c-3ad307bcac8d:c1015, 730a25a1-dbec-44ed-975b-a44ab0096beb:c1015]
2019-08-30 05:17:33,589 | INFO  | DNAudit | user=null | ip=null | op=PUT_BLOCK {blockData=[blockId=conID: 1 locID: 102704234571366822 bcsId: 0,size=2097152]} | ret=SUCCESS |  
2019-08-30 05:17:33,589 [grpc-default-executor-6] INFO  client.GrpcClientProtocolClient (GrpcClientProtocolClient.java:onNext(255)) - client-574492D41EE7->134d4672-e322-4e4b-b7f3-5645abb0fe8c: receive RaftClientReply:client-574492D41EE7->134d4672-e322-4e4b-b7f3-5645abb0fe8c@group-3CB1DFFBCDC2, cid=790, SUCCESS, logIndex=1019, commits[134d4672-e322-4e4b-b7f3-5645abb0fe8c:c1019, 73af84f3-3e88-4c8c-894c-3ad307bcac8d:c1015, 730a25a1-dbec-44ed-975b-a44ab0096beb:c1015]
2019-08-30 05:17:33,589 | INFO  | DNAudit | user=null | ip=null | op=PUT_BLOCK {blockData=[blockId=conID: 1 locID: 102704234571366822 bcsId: 0,size=1048576]} | ret=SUCCESS |  
2019-08-30 05:17:33,589 | INFO  | DNAudit | user=null | ip=null | op=WRITE_CHUNK {blockData=conID: 1 locID: 102704234571366822 bcsId: 0} | ret=SUCCESS |  
2019-08-30 05:17:33,590 | INFO  | DNAudit | user=null | ip=null | op=PUT_BLOCK {blockData=[blockId=conID: 1 locID: 102704234571366822 bcsId: 0,size=2097152]} | ret=SUCCESS |  
2019-08-30 05:17:33,590 [grpc-default-executor-6] INFO  client.GrpcClientProtocolClient (GrpcClientProtocolClient.java:onNext(255)) - client-574492D41EE7->134d4672-e322-4e4b-b7f3-5645abb0fe8c: receive RaftClientReply:client-574492D41EE7->134d4672-e322-4e4b-b7f3-5645abb0fe8c@group-3CB1DFFBCDC2, cid=791, SUCCESS, logIndex=0, commits[134d4672-e322-4e4b-b7f3-5645abb0fe8c:c1023, 73af84f3-3e88-4c8c-894c-3ad307bcac8d:c1019, 730a25a1-dbec-44ed-975b-a44ab0096beb:c1019]
2019-08-30 05:17:33,597 | INFO  | DNAudit | user=null | ip=null | op=WRITE_CHUNK {blockData=conID: 1 locID: 102704234571366822 bcsId: 1019} | ret=SUCCESS |  
2019-08-30 05:17:33,599 | INFO  | DNAudit | user=null | ip=null | op=WRITE_CHUNK {blockData=conID: 1 locID: 102704234571366822 bcsId: 1019} | ret=SUCCESS |  
2019-08-30 05:17:33,600 | INFO  | DNAudit | user=null | ip=null | op=WRITE_CHUNK {blockData=conID: 1 locID: 102704234571366822 bcsId: 1019} | ret=SUCCESS |  
2019-08-30 05:17:33,609 | INFO  | DNAudit | user=null | ip=null | op=WRITE_CHUNK {blockData=conID: 1 locID: 102704234571366822 bcsId: 1019} | ret=SUCCESS |  
2019-08-30 05:17:33,609 | INFO  | DNAudit | user=null | ip=null | op=PUT_BLOCK {blockData=[blockId=conID: 1 locID: 102704234571366822 bcsId: 0,size=3145728]} | ret=SUCCESS |  
2019-08-30 05:17:33,609 [grpc-default-executor-1] INFO  client.GrpcClientProtocolClient (GrpcClientProtocolClient.java:onNext(255)) - client-574492D41EE7->134d4672-e322-4e4b-b7f3-5645abb0fe8c: receive RaftClientReply:client-574492D41EE7->134d4672-e322-4e4b-b7f3-5645abb0fe8c@group-3CB1DFFBCDC2, cid=792, SUCCESS, logIndex=1024, commits[134d4672-e322-4e4b-b7f3-5645abb0fe8c:c1025, 73af84f3-3e88-4c8c-894c-3ad307bcac8d:c1023, 730a25a1-dbec-44ed-975b-a44ab0096beb:c1023]
2019-08-30 05:17:33,610 [grpc-default-executor-1] INFO  client.GrpcClientProtocolClient (GrpcClientProtocolClient.java:onNext(255)) - client-574492D41EE7->134d4672-e322-4e4b-b7f3-5645abb0fe8c: receive RaftClientReply:client-574492D41EE7->134d4672-e322-4e4b-b7f3-5645abb0fe8c@group-3CB1DFFBCDC2, cid=793, SUCCESS, logIndex=1025, commits[134d4672-e322-4e4b-b7f3-5645abb0fe8c:c1025, 73af84f3-3e88-4c8c-894c-3ad307bcac8d:c1023, 730a25a1-dbec-44ed-975b-a44ab0096beb:c1023]
2019-08-30 05:17:33,617 | INFO  | DNAudit | user=null | ip=null | op=WRITE_CHUNK {blockData=conID: 1 locID: 102704234571366822 bcsId: 1025} | ret=SUCCESS |  
2019-08-30 05:17:33,619 | INFO  | DNAudit | user=null | ip=null | op=WRITE_CHUNK {blockData=conID: 1 locID: 102704234571366822 bcsId: 1025} | ret=SUCCESS |  
2019-08-30 05:17:33,620 | INFO  | DNAudit | user=null | ip=null | op=WRITE_CHUNK {blockData=conID: 1 locID: 102704234571366822 bcsId: 1025} | ret=SUCCESS |  
2019-08-30 05:17:33,631 | INFO  | DNAudit | user=null | ip=null | op=WRITE_CHUNK {blockData=conID: 1 locID: 102704234571366822 bcsId: 1019} | ret=SUCCESS |  
2019-08-30 05:17:33,631 | INFO  | DNAudit | user=null | ip=null | op=WRITE_CHUNK {blockData=conID: 1 locID: 102704234571366822 bcsId: 1019} | ret=SUCCESS |  
2019-08-30 05:17:33,631 | INFO  | DNAudit | user=null | ip=null | op=PUT_BLOCK {blockData=[blockId=conID: 1 locID: 102704234571366822 bcsId: 0,size=3145728]} | ret=SUCCESS |  
2019-08-30 05:17:33,631 | INFO  | DNAudit | user=null | ip=null | op=PUT_BLOCK {blockData=[blockId=conID: 1 locID: 102704234571366822 bcsId: 0,size=3145728]} | ret=SUCCESS |  
2019-08-30 05:17:33,633 | INFO  | DNAudit | user=null | ip=null | op=WRITE_CHUNK {blockData=conID: 1 locID: 102704234571366822 bcsId: 1025} | ret=SUCCESS |  
2019-08-30 05:17:33,633 | INFO  | DNAudit | user=null | ip=null | op=PUT_BLOCK {blockData=[blockId=conID: 1 locID: 102704234571366822 bcsId: 0,size=4194304]} | ret=SUCCESS |  
2019-08-30 05:17:33,633 [grpc-default-executor-1] INFO  client.GrpcClientProtocolClient (GrpcClientProtocolClient.java:onNext(255)) - client-574492D41EE7->134d4672-e322-4e4b-b7f3-5645abb0fe8c: receive RaftClientReply:client-574492D41EE7->134d4672-e322-4e4b-b7f3-5645abb0fe8c@group-3CB1DFFBCDC2, cid=794, SUCCESS, logIndex=1028, commits[134d4672-e322-4e4b-b7f3-5645abb0fe8c:c1029, 73af84f3-3e88-4c8c-894c-3ad307bcac8d:c1025, 730a25a1-dbec-44ed-975b-a44ab0096beb:c1025]
2019-08-30 05:17:33,634 [grpc-default-executor-1] INFO  client.GrpcClientProtocolClient (GrpcClientProtocolClient.java:onNext(255)) - client-574492D41EE7->134d4672-e322-4e4b-b7f3-5645abb0fe8c: receive RaftClientReply:client-574492D41EE7->134d4672-e322-4e4b-b7f3-5645abb0fe8c@group-3CB1DFFBCDC2, cid=795, SUCCESS, logIndex=1029, commits[134d4672-e322-4e4b-b7f3-5645abb0fe8c:c1029, 73af84f3-3e88-4c8c-894c-3ad307bcac8d:c1025, 730a25a1-dbec-44ed-975b-a44ab0096beb:c1025]
2019-08-30 05:17:33,649 | INFO  | DNAudit | user=null | ip=null | op=WRITE_CHUNK {blockData=conID: 1 locID: 102704234571366822 bcsId: 1025} | ret=SUCCESS |  
2019-08-30 05:17:33,649 | INFO  | DNAudit | user=null | ip=null | op=WRITE_CHUNK {blockData=conID: 1 locID: 102704234571366822 bcsId: 1025} | ret=SUCCESS |  
2019-08-30 05:17:33,652 | INFO  | DNAudit | user=null | ip=null | op=PUT_BLOCK {blockData=[blockId=conID: 1 locID: 102704234571366822 bcsId: 0,size=4194304]} | ret=SUCCESS |  
2019-08-30 05:17:33,652 | INFO  | DNAudit | user=null | ip=null | op=PUT_BLOCK {blockData=[blockId=conID: 1 locID: 102704234571366822 bcsId: 0,size=4194304]} | ret=SUCCESS |  
2019-08-30 05:17:33,653 [grpc-default-executor-1] INFO  client.GrpcClientProtocolClient (GrpcClientProtocolClient.java:onNext(255)) - client-574492D41EE7->134d4672-e322-4e4b-b7f3-5645abb0fe8c: receive RaftClientReply:client-574492D41EE7->134d4672-e322-4e4b-b7f3-5645abb0fe8c@group-3CB1DFFBCDC2, cid=796, SUCCESS, logIndex=0, commits[134d4672-e322-4e4b-b7f3-5645abb0fe8c:c1031, 73af84f3-3e88-4c8c-894c-3ad307bcac8d:c1029, 730a25a1-dbec-44ed-975b-a44ab0096beb:c1029]
2019-08-30 05:17:33,660 | INFO  | DNAudit | user=null | ip=null | op=WRITE_CHUNK {blockData=conID: 2 locID: 102704234571432359 bcsId: 0} | ret=SUCCESS |  
2019-08-30 05:17:33,663 | INFO  | DNAudit | user=null | ip=null | op=WRITE_CHUNK {blockData=conID: 2 locID: 102704234571432359 bcsId: 0} | ret=SUCCESS |  
2019-08-30 05:17:33,664 | INFO  | DNAudit | user=null | ip=null | op=WRITE_CHUNK {blockData=conID: 2 locID: 102704234571432359 bcsId: 0} | ret=SUCCESS |  
2019-08-30 05:17:33,664 | INFO  | DNAudit | user=null | ip=null | op=WRITE_CHUNK {blockData=conID: 2 locID: 102704234571432359 bcsId: 0} | ret=SUCCESS |  
2019-08-30 05:17:33,665 | INFO  | DNAudit | user=null | ip=null | op=WRITE_CHUNK {blockData=conID: 2 locID: 102704234571432359 bcsId: 0} | ret=SUCCESS |  
2019-08-30 05:17:33,666 | INFO  | DNAudit | user=null | ip=null | op=WRITE_CHUNK {blockData=conID: 2 locID: 102704234571432359 bcsId: 0} | ret=SUCCESS |  
2019-08-30 05:17:33,673 | INFO  | DNAudit | user=null | ip=null | op=WRITE_CHUNK {blockData=conID: 2 locID: 102704234571432359 bcsId: 0} | ret=SUCCESS |  
2019-08-30 05:17:33,673 | INFO  | DNAudit | user=null | ip=null | op=PUT_BLOCK {blockData=[blockId=conID: 2 locID: 102704234571432359 bcsId: 0,size=1048576]} | ret=SUCCESS |  
2019-08-30 05:17:33,674 | INFO  | DNAudit | user=null | ip=null | op=WRITE_CHUNK {blockData=conID: 2 locID: 102704234571432359 bcsId: 0} | ret=SUCCESS |  
2019-08-30 05:17:33,674 [grpc-default-executor-3] INFO  client.GrpcClientProtocolClient (GrpcClientProtocolClient.java:onNext(255)) - client-574492D41EE7->134d4672-e322-4e4b-b7f3-5645abb0fe8c: receive RaftClientReply:client-574492D41EE7->134d4672-e322-4e4b-b7f3-5645abb0fe8c@group-3CB1DFFBCDC2, cid=797, SUCCESS, logIndex=1032, commits[134d4672-e322-4e4b-b7f3-5645abb0fe8c:c1033, 73af84f3-3e88-4c8c-894c-3ad307bcac8d:c1031, 730a25a1-dbec-44ed-975b-a44ab0096beb:c1031]
2019-08-30 05:17:33,674 | INFO  | DNAudit | user=null | ip=null | op=PUT_BLOCK {blockData=[blockId=conID: 2 locID: 102704234571432359 bcsId: 0,size=2097152]} | ret=SUCCESS |  
2019-08-30 05:17:33,674 [grpc-default-executor-3] INFO  client.GrpcClientProtocolClient (GrpcClientProtocolClient.java:onNext(255)) - client-574492D41EE7->134d4672-e322-4e4b-b7f3-5645abb0fe8c: receive RaftClientReply:client-574492D41EE7->134d4672-e322-4e4b-b7f3-5645abb0fe8c@group-3CB1DFFBCDC2, cid=798, SUCCESS, logIndex=1033, commits[134d4672-e322-4e4b-b7f3-5645abb0fe8c:c1034, 73af84f3-3e88-4c8c-894c-3ad307bcac8d:c1031, 730a25a1-dbec-44ed-975b-a44ab0096beb:c1031]
2019-08-30 05:17:33,674 | INFO  | DNAudit | user=null | ip=null | op=WRITE_CHUNK {blockData=conID: 2 locID: 102704234571432359 bcsId: 0} | ret=SUCCESS |  
2019-08-30 05:17:33,675 [grpc-default-executor-1] INFO  client.GrpcClientProtocolClient (GrpcClientProtocolClient.java:onNext(255)) - client-574492D41EE7->134d4672-e322-4e4b-b7f3-5645abb0fe8c: receive RaftClientReply:client-574492D41EE7->134d4672-e322-4e4b-b7f3-5645abb0fe8c@group-3CB1DFFBCDC2, cid=799, SUCCESS, logIndex=1034, commits[134d4672-e322-4e4b-b7f3-5645abb0fe8c:c1035, 73af84f3-3e88-4c8c-894c-3ad307bcac8d:c1031, 730a25a1-dbec-44ed-975b-a44ab0096beb:c1031]
2019-08-30 05:17:33,675 | INFO  | DNAudit | user=null | ip=null | op=PUT_BLOCK {blockData=[blockId=conID: 2 locID: 102704234571432359 bcsId: 0,size=1048576]} | ret=SUCCESS |  
2019-08-30 05:17:33,675 [grpc-default-executor-1] INFO  client.GrpcClientProtocolClient (GrpcClientProtocolClient.java:onNext(255)) - client-574492D41EE7->134d4672-e322-4e4b-b7f3-5645abb0fe8c: receive RaftClientReply:client-574492D41EE7->134d4672-e322-4e4b-b7f3-5645abb0fe8c@group-3CB1DFFBCDC2, cid=800, SUCCESS, logIndex=1035, commits[134d4672-e322-4e4b-b7f3-5645abb0fe8c:c1035, 73af84f3-3e88-4c8c-894c-3ad307bcac8d:c1031, 730a25a1-dbec-44ed-975b-a44ab0096beb:c1031]
2019-08-30 05:17:33,675 | INFO  | DNAudit | user=null | ip=null | op=WRITE_CHUNK {blockData=conID: 2 locID: 102704234571432359 bcsId: 0} | ret=SUCCESS |  
2019-08-30 05:17:33,675 | INFO  | DNAudit | user=null | ip=null | op=PUT_BLOCK {blockData=[blockId=conID: 2 locID: 102704234571432359 bcsId: 0,size=1048576]} | ret=SUCCESS |  
2019-08-30 05:17:33,676 | INFO  | DNAudit | user=null | ip=null | op=WRITE_CHUNK {blockData=conID: 2 locID: 102704234571432359 bcsId: 0} | ret=SUCCESS |  
2019-08-30 05:17:33,676 | INFO  | DNAudit | user=null | ip=null | op=PUT_BLOCK {blockData=[blockId=conID: 2 locID: 102704234571432359 bcsId: 0,size=2097152]} | ret=SUCCESS |  
2019-08-30 05:17:33,676 [grpc-default-executor-3] INFO  client.GrpcClientProtocolClient (GrpcClientProtocolClient.java:onNext(255)) - client-574492D41EE7->134d4672-e322-4e4b-b7f3-5645abb0fe8c: receive RaftClientReply:client-574492D41EE7->134d4672-e322-4e4b-b7f3-5645abb0fe8c@group-3CB1DFFBCDC2, cid=801, SUCCESS, logIndex=0, commits[134d4672-e322-4e4b-b7f3-5645abb0fe8c:c1037, 73af84f3-3e88-4c8c-894c-3ad307bcac8d:c1033, 730a25a1-dbec-44ed-975b-a44ab0096beb:c1033]
2019-08-30 05:17:33,676 | INFO  | DNAudit | user=null | ip=null | op=WRITE_CHUNK {blockData=conID: 2 locID: 102704234571432359 bcsId: 0} | ret=SUCCESS |  
2019-08-30 05:17:33,677 | INFO  | DNAudit | user=null | ip=null | op=PUT_BLOCK {blockData=[blockId=conID: 2 locID: 102704234571432359 bcsId: 0,size=2097152]} | ret=SUCCESS |  
2019-08-30 05:17:33,684 | INFO  | DNAudit | user=null | ip=null | op=WRITE_CHUNK {blockData=conID: 2 locID: 102704234571432359 bcsId: 1035} | ret=SUCCESS |  
2019-08-30 05:17:33,686 | INFO  | DNAudit | user=null | ip=null | op=WRITE_CHUNK {blockData=conID: 2 locID: 102704234571432359 bcsId: 1035} | ret=SUCCESS |  
2019-08-30 05:17:33,688 | INFO  | DNAudit | user=null | ip=null | op=WRITE_CHUNK {blockData=conID: 2 locID: 102704234571432359 bcsId: 1035} | ret=SUCCESS |  
2019-08-30 05:17:33,696 | INFO  | DNAudit | user=null | ip=null | op=WRITE_CHUNK {blockData=conID: 2 locID: 102704234571432359 bcsId: 1035} | ret=SUCCESS |  
2019-08-30 05:17:33,697 | INFO  | DNAudit | user=null | ip=null | op=PUT_BLOCK {blockData=[blockId=conID: 2 locID: 102704234571432359 bcsId: 0,size=3145728]} | ret=SUCCESS |  
2019-08-30 05:17:33,697 [grpc-default-executor-6] INFO  client.GrpcClientProtocolClient (GrpcClientProtocolClient.java:onNext(255)) - client-574492D41EE7->134d4672-e322-4e4b-b7f3-5645abb0fe8c: receive RaftClientReply:client-574492D41EE7->134d4672-e322-4e4b-b7f3-5645abb0fe8c@group-3CB1DFFBCDC2, cid=802, SUCCESS, logIndex=1040, commits[134d4672-e322-4e4b-b7f3-5645abb0fe8c:c1041, 73af84f3-3e88-4c8c-894c-3ad307bcac8d:c1039, 730a25a1-dbec-44ed-975b-a44ab0096beb:c1039]
2019-08-30 05:17:33,697 [grpc-default-executor-6] INFO  client.GrpcClientProtocolClient (GrpcClientProtocolClient.java:onNext(255)) - client-574492D41EE7->134d4672-e322-4e4b-b7f3-5645abb0fe8c: receive RaftClientReply:client-574492D41EE7->134d4672-e322-4e4b-b7f3-5645abb0fe8c@group-3CB1DFFBCDC2, cid=803, SUCCESS, logIndex=1041, commits[134d4672-e322-4e4b-b7f3-5645abb0fe8c:c1041, 73af84f3-3e88-4c8c-894c-3ad307bcac8d:c1039, 730a25a1-dbec-44ed-975b-a44ab0096beb:c1039]
2019-08-30 05:17:33,705 | INFO  | DNAudit | user=null | ip=null | op=WRITE_CHUNK {blockData=conID: 2 locID: 102704234571432359 bcsId: 1041} | ret=SUCCESS |  
2019-08-30 05:17:33,708 | INFO  | DNAudit | user=null | ip=null | op=WRITE_CHUNK {blockData=conID: 2 locID: 102704234571432359 bcsId: 1041} | ret=SUCCESS |  
2019-08-30 05:17:33,708 | INFO  | DNAudit | user=null | ip=null | op=WRITE_CHUNK {blockData=conID: 2 locID: 102704234571432359 bcsId: 1041} | ret=SUCCESS |  
2019-08-30 05:17:33,709 | INFO  | DNAudit | user=null | ip=null | op=WRITE_CHUNK {blockData=conID: 2 locID: 102704234571432359 bcsId: 1035} | ret=SUCCESS |  
2019-08-30 05:17:33,709 | INFO  | DNAudit | user=null | ip=null | op=WRITE_CHUNK {blockData=conID: 2 locID: 102704234571432359 bcsId: 1035} | ret=SUCCESS |  
2019-08-30 05:17:33,710 | INFO  | DNAudit | user=null | ip=null | op=PUT_BLOCK {blockData=[blockId=conID: 2 locID: 102704234571432359 bcsId: 0,size=3145728]} | ret=SUCCESS |  
2019-08-30 05:17:33,722 | INFO  | DNAudit | user=null | ip=null | op=PUT_BLOCK {blockData=[blockId=conID: 2 locID: 102704234571432359 bcsId: 0,size=3145728]} | ret=SUCCESS |  
2019-08-30 05:17:33,723 | INFO  | DNAudit | user=null | ip=null | op=WRITE_CHUNK {blockData=conID: 2 locID: 102704234571432359 bcsId: 1041} | ret=SUCCESS |  
2019-08-30 05:17:33,723 | INFO  | DNAudit | user=null | ip=null | op=PUT_BLOCK {blockData=[blockId=conID: 2 locID: 102704234571432359 bcsId: 0,size=4194304]} | ret=SUCCESS |  
2019-08-30 05:17:33,723 [grpc-default-executor-5] INFO  client.GrpcClientProtocolClient (GrpcClientProtocolClient.java:onNext(255)) - client-574492D41EE7->134d4672-e322-4e4b-b7f3-5645abb0fe8c: receive RaftClientReply:client-574492D41EE7->134d4672-e322-4e4b-b7f3-5645abb0fe8c@group-3CB1DFFBCDC2, cid=804, SUCCESS, logIndex=1044, commits[134d4672-e322-4e4b-b7f3-5645abb0fe8c:c1045, 73af84f3-3e88-4c8c-894c-3ad307bcac8d:c1041, 730a25a1-dbec-44ed-975b-a44ab0096beb:c1041]
2019-08-30 05:17:33,724 [grpc-default-executor-5] INFO  client.GrpcClientProtocolClient (GrpcClientProtocolClient.java:onNext(255)) - client-574492D41EE7->134d4672-e322-4e4b-b7f3-5645abb0fe8c: receive RaftClientReply:client-574492D41EE7->134d4672-e322-4e4b-b7f3-5645abb0fe8c@group-3CB1DFFBCDC2, cid=805, SUCCESS, logIndex=1045, commits[134d4672-e322-4e4b-b7f3-5645abb0fe8c:c1045, 73af84f3-3e88-4c8c-894c-3ad307bcac8d:c1041, 730a25a1-dbec-44ed-975b-a44ab0096beb:c1041]
2019-08-30 05:17:33,734 | INFO  | DNAudit | user=null | ip=null | op=WRITE_CHUNK {blockData=conID: 2 locID: 102704234571432359 bcsId: 1041} | ret=SUCCESS |  
2019-08-30 05:17:33,734 | INFO  | DNAudit | user=null | ip=null | op=WRITE_CHUNK {blockData=conID: 2 locID: 102704234571432359 bcsId: 1041} | ret=SUCCESS |  
2019-08-30 05:17:33,737 | INFO  | DNAudit | user=null | ip=null | op=PUT_BLOCK {blockData=[blockId=conID: 2 locID: 102704234571432359 bcsId: 0,size=4194304]} | ret=SUCCESS |  
2019-08-30 05:17:33,737 | INFO  | DNAudit | user=null | ip=null | op=PUT_BLOCK {blockData=[blockId=conID: 2 locID: 102704234571432359 bcsId: 0,size=4194304]} | ret=SUCCESS |  
2019-08-30 05:17:33,737 [grpc-default-executor-3] INFO  client.GrpcClientProtocolClient (GrpcClientProtocolClient.java:onNext(255)) - client-574492D41EE7->134d4672-e322-4e4b-b7f3-5645abb0fe8c: receive RaftClientReply:client-574492D41EE7->134d4672-e322-4e4b-b7f3-5645abb0fe8c@group-3CB1DFFBCDC2, cid=806, SUCCESS, logIndex=0, commits[134d4672-e322-4e4b-b7f3-5645abb0fe8c:c1047, 73af84f3-3e88-4c8c-894c-3ad307bcac8d:c1045, 730a25a1-dbec-44ed-975b-a44ab0096beb:c1045]
2019-08-30 05:17:33,745 | INFO  | DNAudit | user=null | ip=null | op=WRITE_CHUNK {blockData=conID: 3 locID: 102704234571432360 bcsId: 0} | ret=SUCCESS |  
2019-08-30 05:17:33,748 | INFO  | DNAudit | user=null | ip=null | op=WRITE_CHUNK {blockData=conID: 3 locID: 102704234571432360 bcsId: 0} | ret=SUCCESS |  
2019-08-30 05:17:33,749 | INFO  | DNAudit | user=null | ip=null | op=WRITE_CHUNK {blockData=conID: 3 locID: 102704234571432360 bcsId: 0} | ret=SUCCESS |  
2019-08-30 05:17:33,749 | INFO  | DNAudit | user=null | ip=null | op=WRITE_CHUNK {blockData=conID: 3 locID: 102704234571432360 bcsId: 0} | ret=SUCCESS |  
2019-08-30 05:17:33,752 | INFO  | DNAudit | user=null | ip=null | op=WRITE_CHUNK {blockData=conID: 3 locID: 102704234571432360 bcsId: 0} | ret=SUCCESS |  
2019-08-30 05:17:33,752 | INFO  | DNAudit | user=null | ip=null | op=WRITE_CHUNK {blockData=conID: 3 locID: 102704234571432360 bcsId: 0} | ret=SUCCESS |  
2019-08-30 05:17:33,760 | INFO  | DNAudit | user=null | ip=null | op=WRITE_CHUNK {blockData=conID: 3 locID: 102704234571432360 bcsId: 0} | ret=SUCCESS |  
2019-08-30 05:17:33,761 | INFO  | DNAudit | user=null | ip=null | op=PUT_BLOCK {blockData=[blockId=conID: 3 locID: 102704234571432360 bcsId: 0,size=1048576]} | ret=SUCCESS |  
2019-08-30 05:17:33,761 | INFO  | DNAudit | user=null | ip=null | op=WRITE_CHUNK {blockData=conID: 3 locID: 102704234571432360 bcsId: 0} | ret=SUCCESS |  
2019-08-30 05:17:33,761 | INFO  | DNAudit | user=null | ip=null | op=PUT_BLOCK {blockData=[blockId=conID: 3 locID: 102704234571432360 bcsId: 0,size=2097152]} | ret=SUCCESS |  
2019-08-30 05:17:33,761 [grpc-default-executor-3] INFO  client.GrpcClientProtocolClient (GrpcClientProtocolClient.java:onNext(255)) - client-574492D41EE7->134d4672-e322-4e4b-b7f3-5645abb0fe8c: receive RaftClientReply:client-574492D41EE7->134d4672-e322-4e4b-b7f3-5645abb0fe8c@group-3CB1DFFBCDC2, cid=807, SUCCESS, logIndex=1048, commits[134d4672-e322-4e4b-b7f3-5645abb0fe8c:c1049, 73af84f3-3e88-4c8c-894c-3ad307bcac8d:c1047, 730a25a1-dbec-44ed-975b-a44ab0096beb:c1047]
2019-08-30 05:17:33,762 [grpc-default-executor-3] INFO  client.GrpcClientProtocolClient (GrpcClientProtocolClient.java:onNext(255)) - client-574492D41EE7->134d4672-e322-4e4b-b7f3-5645abb0fe8c: receive RaftClientReply:client-574492D41EE7->134d4672-e322-4e4b-b7f3-5645abb0fe8c@group-3CB1DFFBCDC2, cid=808, SUCCESS, logIndex=1049, commits[134d4672-e322-4e4b-b7f3-5645abb0fe8c:c1051, 73af84f3-3e88-4c8c-894c-3ad307bcac8d:c1047, 730a25a1-dbec-44ed-975b-a44ab0096beb:c1047]
2019-08-30 05:17:33,762 [grpc-default-executor-3] INFO  client.GrpcClientProtocolClient (GrpcClientProtocolClient.java:onNext(255)) - client-574492D41EE7->134d4672-e322-4e4b-b7f3-5645abb0fe8c: receive RaftClientReply:client-574492D41EE7->134d4672-e322-4e4b-b7f3-5645abb0fe8c@group-3CB1DFFBCDC2, cid=809, SUCCESS, logIndex=1050, commits[134d4672-e322-4e4b-b7f3-5645abb0fe8c:c1051, 73af84f3-3e88-4c8c-894c-3ad307bcac8d:c1047, 730a25a1-dbec-44ed-975b-a44ab0096beb:c1047]
2019-08-30 05:17:33,762 [grpc-default-executor-3] INFO  client.GrpcClientProtocolClient (GrpcClientProtocolClient.java:onNext(255)) - client-574492D41EE7->134d4672-e322-4e4b-b7f3-5645abb0fe8c: receive RaftClientReply:client-574492D41EE7->134d4672-e322-4e4b-b7f3-5645abb0fe8c@group-3CB1DFFBCDC2, cid=810, SUCCESS, logIndex=1051, commits[134d4672-e322-4e4b-b7f3-5645abb0fe8c:c1051, 73af84f3-3e88-4c8c-894c-3ad307bcac8d:c1047, 730a25a1-dbec-44ed-975b-a44ab0096beb:c1047]
2019-08-30 05:17:33,772 | INFO  | DNAudit | user=null | ip=null | op=WRITE_CHUNK {blockData=conID: 3 locID: 102704234571432360 bcsId: 0} | ret=SUCCESS |  
2019-08-30 05:17:33,772 | INFO  | DNAudit | user=null | ip=null | op=WRITE_CHUNK {blockData=conID: 3 locID: 102704234571432360 bcsId: 0} | ret=SUCCESS |  
2019-08-30 05:17:33,773 | INFO  | DNAudit | user=null | ip=null | op=PUT_BLOCK {blockData=[blockId=conID: 3 locID: 102704234571432360 bcsId: 0,size=1048576]} | ret=SUCCESS |  
2019-08-30 05:17:33,775 | INFO  | DNAudit | user=null | ip=null | op=PUT_BLOCK {blockData=[blockId=conID: 3 locID: 102704234571432360 bcsId: 0,size=1048576]} | ret=SUCCESS |  
2019-08-30 05:17:33,775 | INFO  | DNAudit | user=null | ip=null | op=WRITE_CHUNK {blockData=conID: 3 locID: 102704234571432360 bcsId: 0} | ret=SUCCESS |  
2019-08-30 05:17:33,775 | INFO  | DNAudit | user=null | ip=null | op=WRITE_CHUNK {blockData=conID: 3 locID: 102704234571432360 bcsId: 0} | ret=SUCCESS |  
2019-08-30 05:17:33,775 | INFO  | DNAudit | user=null | ip=null | op=PUT_BLOCK {blockData=[blockId=conID: 3 locID: 102704234571432360 bcsId: 0,size=2097152]} | ret=SUCCESS |  
2019-08-30 05:17:33,776 | INFO  | DNAudit | user=null | ip=null | op=PUT_BLOCK {blockData=[blockId=conID: 3 locID: 102704234571432360 bcsId: 0,size=2097152]} | ret=SUCCESS |  
2019-08-30 05:17:33,776 [grpc-default-executor-5] INFO  client.GrpcClientProtocolClient (GrpcClientProtocolClient.java:onNext(255)) - client-574492D41EE7->134d4672-e322-4e4b-b7f3-5645abb0fe8c: receive RaftClientReply:client-574492D41EE7->134d4672-e322-4e4b-b7f3-5645abb0fe8c@group-3CB1DFFBCDC2, cid=811, SUCCESS, logIndex=0, commits[134d4672-e322-4e4b-b7f3-5645abb0fe8c:c1053, 73af84f3-3e88-4c8c-894c-3ad307bcac8d:c1051, 730a25a1-dbec-44ed-975b-a44ab0096beb:c1049]
2019-08-30 05:17:33,784 | INFO  | DNAudit | user=null | ip=null | op=WRITE_CHUNK {blockData=conID: 3 locID: 102704234571432360 bcsId: 1051} | ret=SUCCESS |  
2019-08-30 05:17:33,785 | INFO  | DNAudit | user=null | ip=null | op=WRITE_CHUNK {blockData=conID: 3 locID: 102704234571432360 bcsId: 1051} | ret=SUCCESS |  
2019-08-30 05:17:33,786 | INFO  | DNAudit | user=null | ip=null | op=WRITE_CHUNK {blockData=conID: 3 locID: 102704234571432360 bcsId: 1051} | ret=SUCCESS |  
2019-08-30 05:17:33,796 | INFO  | DNAudit | user=null | ip=null | op=WRITE_CHUNK {blockData=conID: 3 locID: 102704234571432360 bcsId: 1051} | ret=SUCCESS |  
2019-08-30 05:17:33,796 | INFO  | DNAudit | user=null | ip=null | op=PUT_BLOCK {blockData=[blockId=conID: 3 locID: 102704234571432360 bcsId: 0,size=3145728]} | ret=SUCCESS |  
2019-08-30 05:17:33,797 [grpc-default-executor-6] INFO  client.GrpcClientProtocolClient (GrpcClientProtocolClient.java:onNext(255)) - client-574492D41EE7->134d4672-e322-4e4b-b7f3-5645abb0fe8c: receive RaftClientReply:client-574492D41EE7->134d4672-e322-4e4b-b7f3-5645abb0fe8c@group-3CB1DFFBCDC2, cid=812, SUCCESS, logIndex=1056, commits[134d4672-e322-4e4b-b7f3-5645abb0fe8c:c1057, 73af84f3-3e88-4c8c-894c-3ad307bcac8d:c1055, 730a25a1-dbec-44ed-975b-a44ab0096beb:c1055]
2019-08-30 05:17:33,797 [grpc-default-executor-6] INFO  client.GrpcClientProtocolClient (GrpcClientProtocolClient.java:onNext(255)) - client-574492D41EE7->134d4672-e322-4e4b-b7f3-5645abb0fe8c: receive RaftClientReply:client-574492D41EE7->134d4672-e322-4e4b-b7f3-5645abb0fe8c@group-3CB1DFFBCDC2, cid=813, SUCCESS, logIndex=1057, commits[134d4672-e322-4e4b-b7f3-5645abb0fe8c:c1057, 73af84f3-3e88-4c8c-894c-3ad307bcac8d:c1055, 730a25a1-dbec-44ed-975b-a44ab0096beb:c1055]
2019-08-30 05:17:33,804 | INFO  | DNAudit | user=null | ip=null | op=WRITE_CHUNK {blockData=conID: 3 locID: 102704234571432360 bcsId: 1057} | ret=SUCCESS |  
2019-08-30 05:17:33,806 | INFO  | DNAudit | user=null | ip=null | op=WRITE_CHUNK {blockData=conID: 3 locID: 102704234571432360 bcsId: 1057} | ret=SUCCESS |  
2019-08-30 05:17:33,807 | INFO  | DNAudit | user=null | ip=null | op=WRITE_CHUNK {blockData=conID: 3 locID: 102704234571432360 bcsId: 1057} | ret=SUCCESS |  
2019-08-30 05:17:33,808 | INFO  | DNAudit | user=null | ip=null | op=WRITE_CHUNK {blockData=conID: 3 locID: 102704234571432360 bcsId: 1051} | ret=SUCCESS |  
2019-08-30 05:17:33,808 | INFO  | DNAudit | user=null | ip=null | op=WRITE_CHUNK {blockData=conID: 3 locID: 102704234571432360 bcsId: 1051} | ret=SUCCESS |  
2019-08-30 05:17:33,810 | INFO  | DNAudit | user=null | ip=null | op=PUT_BLOCK {blockData=[blockId=conID: 3 locID: 102704234571432360 bcsId: 0,size=3145728]} | ret=SUCCESS |  
2019-08-30 05:17:33,810 | INFO  | DNAudit | user=null | ip=null | op=PUT_BLOCK {blockData=[blockId=conID: 3 locID: 102704234571432360 bcsId: 0,size=3145728]} | ret=SUCCESS |  
2019-08-30 05:17:33,811 | INFO  | DNAudit | user=null | ip=null | op=WRITE_CHUNK {blockData=conID: 3 locID: 102704234571432360 bcsId: 1057} | ret=SUCCESS |  
2019-08-30 05:17:33,812 | INFO  | DNAudit | user=null | ip=null | op=PUT_BLOCK {blockData=[blockId=conID: 3 locID: 102704234571432360 bcsId: 0,size=4194304]} | ret=SUCCESS |  
2019-08-30 05:17:33,812 [grpc-default-executor-5] INFO  client.GrpcClientProtocolClient (GrpcClientProtocolClient.java:onNext(255)) - client-574492D41EE7->134d4672-e322-4e4b-b7f3-5645abb0fe8c: receive RaftClientReply:client-574492D41EE7->134d4672-e322-4e4b-b7f3-5645abb0fe8c@group-3CB1DFFBCDC2, cid=814, SUCCESS, logIndex=1060, commits[134d4672-e322-4e4b-b7f3-5645abb0fe8c:c1061, 73af84f3-3e88-4c8c-894c-3ad307bcac8d:c1057, 730a25a1-dbec-44ed-975b-a44ab0096beb:c1057]
2019-08-30 05:17:33,812 [grpc-default-executor-5] INFO  client.GrpcClientProtocolClient (GrpcClientProtocolClient.java:onNext(255)) - client-574492D41EE7->134d4672-e322-4e4b-b7f3-5645abb0fe8c: receive RaftClientReply:client-574492D41EE7->134d4672-e322-4e4b-b7f3-5645abb0fe8c@group-3CB1DFFBCDC2, cid=815, SUCCESS, logIndex=1061, commits[134d4672-e322-4e4b-b7f3-5645abb0fe8c:c1061, 73af84f3-3e88-4c8c-894c-3ad307bcac8d:c1057, 730a25a1-dbec-44ed-975b-a44ab0096beb:c1057]
2019-08-30 05:17:33,823 | INFO  | DNAudit | user=null | ip=null | op=WRITE_CHUNK {blockData=conID: 3 locID: 102704234571432360 bcsId: 1057} | ret=SUCCESS |  
2019-08-30 05:17:33,823 | INFO  | DNAudit | user=null | ip=null | op=WRITE_CHUNK {blockData=conID: 3 locID: 102704234571432360 bcsId: 1057} | ret=SUCCESS |  
2019-08-30 05:17:33,825 | INFO  | DNAudit | user=null | ip=null | op=PUT_BLOCK {blockData=[blockId=conID: 3 locID: 102704234571432360 bcsId: 0,size=4194304]} | ret=SUCCESS |  
2019-08-30 05:17:33,826 | INFO  | DNAudit | user=null | ip=null | op=PUT_BLOCK {blockData=[blockId=conID: 3 locID: 102704234571432360 bcsId: 0,size=4194304]} | ret=SUCCESS |  
2019-08-30 05:17:33,826 [grpc-default-executor-5] INFO  client.GrpcClientProtocolClient (GrpcClientProtocolClient.java:onNext(255)) - client-574492D41EE7->134d4672-e322-4e4b-b7f3-5645abb0fe8c: receive RaftClientReply:client-574492D41EE7->134d4672-e322-4e4b-b7f3-5645abb0fe8c@group-3CB1DFFBCDC2, cid=816, SUCCESS, logIndex=0, commits[134d4672-e322-4e4b-b7f3-5645abb0fe8c:c1063, 73af84f3-3e88-4c8c-894c-3ad307bcac8d:c1061, 730a25a1-dbec-44ed-975b-a44ab0096beb:c1061]
2019-08-30 05:17:33,834 | INFO  | DNAudit | user=null | ip=null | op=WRITE_CHUNK {blockData=conID: 1 locID: 102704234571432361 bcsId: 0} | ret=SUCCESS |  
2019-08-30 05:17:33,836 | INFO  | DNAudit | user=null | ip=null | op=WRITE_CHUNK {blockData=conID: 1 locID: 102704234571432361 bcsId: 0} | ret=SUCCESS |  
2019-08-30 05:17:33,837 | INFO  | DNAudit | user=null | ip=null | op=WRITE_CHUNK {blockData=conID: 1 locID: 102704234571432361 bcsId: 0} | ret=SUCCESS |  
2019-08-30 05:17:33,837 | INFO  | DNAudit | user=null | ip=null | op=WRITE_CHUNK {blockData=conID: 1 locID: 102704234571432361 bcsId: 0} | ret=SUCCESS |  
2019-08-30 05:17:33,839 | INFO  | DNAudit | user=null | ip=null | op=WRITE_CHUNK {blockData=conID: 1 locID: 102704234571432361 bcsId: 0} | ret=SUCCESS |  
2019-08-30 05:17:33,839 | INFO  | DNAudit | user=null | ip=null | op=WRITE_CHUNK {blockData=conID: 1 locID: 102704234571432361 bcsId: 0} | ret=SUCCESS |  
2019-08-30 05:17:33,847 | INFO  | DNAudit | user=null | ip=null | op=WRITE_CHUNK {blockData=conID: 1 locID: 102704234571432361 bcsId: 0} | ret=SUCCESS |  
2019-08-30 05:17:33,847 | INFO  | DNAudit | user=null | ip=null | op=PUT_BLOCK {blockData=[blockId=conID: 1 locID: 102704234571432361 bcsId: 0,size=1048576]} | ret=SUCCESS |  
2019-08-30 05:17:33,848 | INFO  | DNAudit | user=null | ip=null | op=WRITE_CHUNK {blockData=conID: 1 locID: 102704234571432361 bcsId: 0} | ret=SUCCESS |  
2019-08-30 05:17:33,848 [grpc-default-executor-3] INFO  client.GrpcClientProtocolClient (GrpcClientProtocolClient.java:onNext(255)) - client-574492D41EE7->134d4672-e322-4e4b-b7f3-5645abb0fe8c: receive RaftClientReply:client-574492D41EE7->134d4672-e322-4e4b-b7f3-5645abb0fe8c@group-3CB1DFFBCDC2, cid=817, SUCCESS, logIndex=1064, commits[134d4672-e322-4e4b-b7f3-5645abb0fe8c:c1065, 73af84f3-3e88-4c8c-894c-3ad307bcac8d:c1063, 730a25a1-dbec-44ed-975b-a44ab0096beb:c1063]
2019-08-30 05:17:33,848 | INFO  | DNAudit | user=null | ip=null | op=PUT_BLOCK {blockData=[blockId=conID: 1 locID: 102704234571432361 bcsId: 0,size=2097152]} | ret=SUCCESS |  
2019-08-30 05:17:33,848 [grpc-default-executor-3] INFO  client.GrpcClientProtocolClient (GrpcClientProtocolClient.java:onNext(255)) - client-574492D41EE7->134d4672-e322-4e4b-b7f3-5645abb0fe8c: receive RaftClientReply:client-574492D41EE7->134d4672-e322-4e4b-b7f3-5645abb0fe8c@group-3CB1DFFBCDC2, cid=818, SUCCESS, logIndex=1065, commits[134d4672-e322-4e4b-b7f3-5645abb0fe8c:c1065, 73af84f3-3e88-4c8c-894c-3ad307bcac8d:c1063, 730a25a1-dbec-44ed-975b-a44ab0096beb:c1063]
2019-08-30 05:17:33,849 [grpc-default-executor-3] INFO  client.GrpcClientProtocolClient (GrpcClientProtocolClient.java:onNext(255)) - client-574492D41EE7->134d4672-e322-4e4b-b7f3-5645abb0fe8c: receive RaftClientReply:client-574492D41EE7->134d4672-e322-4e4b-b7f3-5645abb0fe8c@group-3CB1DFFBCDC2, cid=819, SUCCESS, logIndex=1066, commits[134d4672-e322-4e4b-b7f3-5645abb0fe8c:c1067, 73af84f3-3e88-4c8c-894c-3ad307bcac8d:c1063, 730a25a1-dbec-44ed-975b-a44ab0096beb:c1063]
2019-08-30 05:17:33,849 [grpc-default-executor-3] INFO  client.GrpcClientProtocolClient (GrpcClientProtocolClient.java:onNext(255)) - client-574492D41EE7->134d4672-e322-4e4b-b7f3-5645abb0fe8c: receive RaftClientReply:client-574492D41EE7->134d4672-e322-4e4b-b7f3-5645abb0fe8c@group-3CB1DFFBCDC2, cid=820, SUCCESS, logIndex=1067, commits[134d4672-e322-4e4b-b7f3-5645abb0fe8c:c1067, 73af84f3-3e88-4c8c-894c-3ad307bcac8d:c1063, 730a25a1-dbec-44ed-975b-a44ab0096beb:c1063]
2019-08-30 05:17:33,851 | INFO  | DNAudit | user=null | ip=null | op=WRITE_CHUNK {blockData=conID: 1 locID: 102704234571432361 bcsId: 0} | ret=SUCCESS |  
2019-08-30 05:17:33,851 | INFO  | DNAudit | user=null | ip=null | op=PUT_BLOCK {blockData=[blockId=conID: 1 locID: 102704234571432361 bcsId: 0,size=1048576]} | ret=SUCCESS |  
2019-08-30 05:17:33,852 | INFO  | DNAudit | user=null | ip=null | op=WRITE_CHUNK {blockData=conID: 1 locID: 102704234571432361 bcsId: 0} | ret=SUCCESS |  
2019-08-30 05:17:33,852 | INFO  | DNAudit | user=null | ip=null | op=PUT_BLOCK {blockData=[blockId=conID: 1 locID: 102704234571432361 bcsId: 0,size=1048576]} | ret=SUCCESS |  
2019-08-30 05:17:33,852 | INFO  | DNAudit | user=null | ip=null | op=WRITE_CHUNK {blockData=conID: 1 locID: 102704234571432361 bcsId: 0} | ret=SUCCESS |  
2019-08-30 05:17:33,852 | INFO  | DNAudit | user=null | ip=null | op=PUT_BLOCK {blockData=[blockId=conID: 1 locID: 102704234571432361 bcsId: 0,size=2097152]} | ret=SUCCESS |  
2019-08-30 05:17:33,852 | INFO  | DNAudit | user=null | ip=null | op=WRITE_CHUNK {blockData=conID: 1 locID: 102704234571432361 bcsId: 0} | ret=SUCCESS |  
2019-08-30 05:17:33,852 [grpc-default-executor-5] INFO  client.GrpcClientProtocolClient (GrpcClientProtocolClient.java:onNext(255)) - client-574492D41EE7->134d4672-e322-4e4b-b7f3-5645abb0fe8c: receive RaftClientReply:client-574492D41EE7->134d4672-e322-4e4b-b7f3-5645abb0fe8c@group-3CB1DFFBCDC2, cid=821, SUCCESS, logIndex=0, commits[134d4672-e322-4e4b-b7f3-5645abb0fe8c:c1069, 73af84f3-3e88-4c8c-894c-3ad307bcac8d:c1065, 730a25a1-dbec-44ed-975b-a44ab0096beb:c1065]
2019-08-30 05:17:33,853 | INFO  | DNAudit | user=null | ip=null | op=PUT_BLOCK {blockData=[blockId=conID: 1 locID: 102704234571432361 bcsId: 0,size=2097152]} | ret=SUCCESS |  
2019-08-30 05:17:33,859 | INFO  | DNAudit | user=null | ip=null | op=WRITE_CHUNK {blockData=conID: 1 locID: 102704234571432361 bcsId: 1067} | ret=SUCCESS |  
2019-08-30 05:17:33,862 | INFO  | DNAudit | user=null | ip=null | op=WRITE_CHUNK {blockData=conID: 1 locID: 102704234571432361 bcsId: 1067} | ret=SUCCESS |  
2019-08-30 05:17:33,862 | INFO  | DNAudit | user=null | ip=null | op=WRITE_CHUNK {blockData=conID: 1 locID: 102704234571432361 bcsId: 1067} | ret=SUCCESS |  
2019-08-30 05:17:33,884 | INFO  | DNAudit | user=null | ip=null | op=WRITE_CHUNK {blockData=conID: 1 locID: 102704234571432361 bcsId: 1067} | ret=SUCCESS |  
2019-08-30 05:17:33,884 | INFO  | DNAudit | user=null | ip=null | op=PUT_BLOCK {blockData=[blockId=conID: 1 locID: 102704234571432361 bcsId: 0,size=3145728]} | ret=SUCCESS |  
2019-08-30 05:17:33,885 [grpc-default-executor-5] INFO  client.GrpcClientProtocolClient (GrpcClientProtocolClient.java:onNext(255)) - client-574492D41EE7->134d4672-e322-4e4b-b7f3-5645abb0fe8c: receive RaftClientReply:client-574492D41EE7->134d4672-e322-4e4b-b7f3-5645abb0fe8c@group-3CB1DFFBCDC2, cid=822, SUCCESS, logIndex=1072, commits[134d4672-e322-4e4b-b7f3-5645abb0fe8c:c1073, 73af84f3-3e88-4c8c-894c-3ad307bcac8d:c1071, 730a25a1-dbec-44ed-975b-a44ab0096beb:c1071]
2019-08-30 05:17:33,885 [grpc-default-executor-5] INFO  client.GrpcClientProtocolClient (GrpcClientProtocolClient.java:onNext(255)) - client-574492D41EE7->134d4672-e322-4e4b-b7f3-5645abb0fe8c: receive RaftClientReply:client-574492D41EE7->134d4672-e322-4e4b-b7f3-5645abb0fe8c@group-3CB1DFFBCDC2, cid=823, SUCCESS, logIndex=1073, commits[134d4672-e322-4e4b-b7f3-5645abb0fe8c:c1073, 73af84f3-3e88-4c8c-894c-3ad307bcac8d:c1071, 730a25a1-dbec-44ed-975b-a44ab0096beb:c1071]
2019-08-30 05:17:33,886 | INFO  | DNAudit | user=null | ip=null | op=WRITE_CHUNK {blockData=conID: 1 locID: 102704234571432361 bcsId: 1067} | ret=SUCCESS |  
2019-08-30 05:17:33,886 | INFO  | DNAudit | user=null | ip=null | op=WRITE_CHUNK {blockData=conID: 1 locID: 102704234571432361 bcsId: 1067} | ret=SUCCESS |  
2019-08-30 05:17:33,886 | INFO  | DNAudit | user=null | ip=null | op=PUT_BLOCK {blockData=[blockId=conID: 1 locID: 102704234571432361 bcsId: 0,size=3145728]} | ret=SUCCESS |  
2019-08-30 05:17:33,886 | INFO  | DNAudit | user=null | ip=null | op=PUT_BLOCK {blockData=[blockId=conID: 1 locID: 102704234571432361 bcsId: 0,size=3145728]} | ret=SUCCESS |  
2019-08-30 05:17:33,891 | INFO  | DNAudit | user=null | ip=null | op=WRITE_CHUNK {blockData=conID: 1 locID: 102704234571432361 bcsId: 1073} | ret=SUCCESS |  
2019-08-30 05:17:33,894 | INFO  | DNAudit | user=null | ip=null | op=WRITE_CHUNK {blockData=conID: 1 locID: 102704234571432361 bcsId: 1073} | ret=SUCCESS |  
2019-08-30 05:17:33,895 | INFO  | DNAudit | user=null | ip=null | op=WRITE_CHUNK {blockData=conID: 1 locID: 102704234571432361 bcsId: 1073} | ret=SUCCESS |  
2019-08-30 05:17:33,904 | INFO  | DNAudit | user=null | ip=null | op=WRITE_CHUNK {blockData=conID: 1 locID: 102704234571432361 bcsId: 1073} | ret=SUCCESS |  
2019-08-30 05:17:33,904 | INFO  | DNAudit | user=null | ip=null | op=PUT_BLOCK {blockData=[blockId=conID: 1 locID: 102704234571432361 bcsId: 0,size=4194304]} | ret=SUCCESS |  
2019-08-30 05:17:33,905 [grpc-default-executor-6] INFO  client.GrpcClientProtocolClient (GrpcClientProtocolClient.java:onNext(255)) - client-574492D41EE7->134d4672-e322-4e4b-b7f3-5645abb0fe8c: receive RaftClientReply:client-574492D41EE7->134d4672-e322-4e4b-b7f3-5645abb0fe8c@group-3CB1DFFBCDC2, cid=824, SUCCESS, logIndex=1076, commits[134d4672-e322-4e4b-b7f3-5645abb0fe8c:c1077, 73af84f3-3e88-4c8c-894c-3ad307bcac8d:c1075, 730a25a1-dbec-44ed-975b-a44ab0096beb:c1075]
2019-08-30 05:17:33,905 [grpc-default-executor-6] INFO  client.GrpcClientProtocolClient (GrpcClientProtocolClient.java:onNext(255)) - client-574492D41EE7->134d4672-e322-4e4b-b7f3-5645abb0fe8c: receive RaftClientReply:client-574492D41EE7->134d4672-e322-4e4b-b7f3-5645abb0fe8c@group-3CB1DFFBCDC2, cid=825, SUCCESS, logIndex=1077, commits[134d4672-e322-4e4b-b7f3-5645abb0fe8c:c1077, 73af84f3-3e88-4c8c-894c-3ad307bcac8d:c1075, 730a25a1-dbec-44ed-975b-a44ab0096beb:c1075]
2019-08-30 05:17:33,916 | INFO  | DNAudit | user=null | ip=null | op=WRITE_CHUNK {blockData=conID: 1 locID: 102704234571432361 bcsId: 1073} | ret=SUCCESS |  
2019-08-30 05:17:33,916 | INFO  | DNAudit | user=null | ip=null | op=WRITE_CHUNK {blockData=conID: 1 locID: 102704234571432361 bcsId: 1073} | ret=SUCCESS |  
2019-08-30 05:17:33,919 | INFO  | DNAudit | user=null | ip=null | op=PUT_BLOCK {blockData=[blockId=conID: 1 locID: 102704234571432361 bcsId: 0,size=4194304]} | ret=SUCCESS |  
2019-08-30 05:17:33,919 | INFO  | DNAudit | user=null | ip=null | op=PUT_BLOCK {blockData=[blockId=conID: 1 locID: 102704234571432361 bcsId: 0,size=4194304]} | ret=SUCCESS |  
2019-08-30 05:17:33,919 [grpc-default-executor-6] INFO  client.GrpcClientProtocolClient (GrpcClientProtocolClient.java:onNext(255)) - client-574492D41EE7->134d4672-e322-4e4b-b7f3-5645abb0fe8c: receive RaftClientReply:client-574492D41EE7->134d4672-e322-4e4b-b7f3-5645abb0fe8c@group-3CB1DFFBCDC2, cid=826, SUCCESS, logIndex=0, commits[134d4672-e322-4e4b-b7f3-5645abb0fe8c:c1079, 73af84f3-3e88-4c8c-894c-3ad307bcac8d:c1077, 730a25a1-dbec-44ed-975b-a44ab0096beb:c1077]
2019-08-30 05:17:33,926 | INFO  | DNAudit | user=null | ip=null | op=WRITE_CHUNK {blockData=conID: 2 locID: 102704234571432362 bcsId: 0} | ret=SUCCESS |  
2019-08-30 05:17:33,928 | INFO  | DNAudit | user=null | ip=null | op=WRITE_CHUNK {blockData=conID: 2 locID: 102704234571432362 bcsId: 0} | ret=SUCCESS |  
2019-08-30 05:17:33,928 | INFO  | DNAudit | user=null | ip=null | op=WRITE_CHUNK {blockData=conID: 2 locID: 102704234571432362 bcsId: 0} | ret=SUCCESS |  
2019-08-30 05:17:33,929 | INFO  | DNAudit | user=null | ip=null | op=WRITE_CHUNK {blockData=conID: 2 locID: 102704234571432362 bcsId: 0} | ret=SUCCESS |  
2019-08-30 05:17:33,931 | INFO  | DNAudit | user=null | ip=null | op=WRITE_CHUNK {blockData=conID: 2 locID: 102704234571432362 bcsId: 0} | ret=SUCCESS |  
2019-08-30 05:17:33,931 | INFO  | DNAudit | user=null | ip=null | op=WRITE_CHUNK {blockData=conID: 2 locID: 102704234571432362 bcsId: 0} | ret=SUCCESS |  
2019-08-30 05:17:33,941 | INFO  | DNAudit | user=null | ip=null | op=WRITE_CHUNK {blockData=conID: 2 locID: 102704234571432362 bcsId: 0} | ret=SUCCESS |  
2019-08-30 05:17:33,941 | INFO  | DNAudit | user=null | ip=null | op=PUT_BLOCK {blockData=[blockId=conID: 2 locID: 102704234571432362 bcsId: 0,size=1048576]} | ret=SUCCESS |  
2019-08-30 05:17:33,942 | INFO  | DNAudit | user=null | ip=null | op=WRITE_CHUNK {blockData=conID: 2 locID: 102704234571432362 bcsId: 0} | ret=SUCCESS |  
2019-08-30 05:17:33,942 [grpc-default-executor-6] INFO  client.GrpcClientProtocolClient (GrpcClientProtocolClient.java:onNext(255)) - client-574492D41EE7->134d4672-e322-4e4b-b7f3-5645abb0fe8c: receive RaftClientReply:client-574492D41EE7->134d4672-e322-4e4b-b7f3-5645abb0fe8c@group-3CB1DFFBCDC2, cid=827, SUCCESS, logIndex=1080, commits[134d4672-e322-4e4b-b7f3-5645abb0fe8c:c1083, 73af84f3-3e88-4c8c-894c-3ad307bcac8d:c1079, 730a25a1-dbec-44ed-975b-a44ab0096beb:c1079]
2019-08-30 05:17:33,942 | INFO  | DNAudit | user=null | ip=null | op=PUT_BLOCK {blockData=[blockId=conID: 2 locID: 102704234571432362 bcsId: 0,size=2097152]} | ret=SUCCESS |  
2019-08-30 05:17:33,942 [grpc-default-executor-6] INFO  client.GrpcClientProtocolClient (GrpcClientProtocolClient.java:onNext(255)) - client-574492D41EE7->134d4672-e322-4e4b-b7f3-5645abb0fe8c: receive RaftClientReply:client-574492D41EE7->134d4672-e322-4e4b-b7f3-5645abb0fe8c@group-3CB1DFFBCDC2, cid=828, SUCCESS, logIndex=1081, commits[134d4672-e322-4e4b-b7f3-5645abb0fe8c:c1083, 73af84f3-3e88-4c8c-894c-3ad307bcac8d:c1079, 730a25a1-dbec-44ed-975b-a44ab0096beb:c1079]
2019-08-30 05:17:33,943 [grpc-default-executor-6] INFO  client.GrpcClientProtocolClient (GrpcClientProtocolClient.java:onNext(255)) - client-574492D41EE7->134d4672-e322-4e4b-b7f3-5645abb0fe8c: receive RaftClientReply:client-574492D41EE7->134d4672-e322-4e4b-b7f3-5645abb0fe8c@group-3CB1DFFBCDC2, cid=829, SUCCESS, logIndex=1082, commits[134d4672-e322-4e4b-b7f3-5645abb0fe8c:c1083, 73af84f3-3e88-4c8c-894c-3ad307bcac8d:c1079, 730a25a1-dbec-44ed-975b-a44ab0096beb:c1079]
2019-08-30 05:17:33,943 [grpc-default-executor-6] INFO  client.GrpcClientProtocolClient (GrpcClientProtocolClient.java:onNext(255)) - client-574492D41EE7->134d4672-e322-4e4b-b7f3-5645abb0fe8c: receive RaftClientReply:client-574492D41EE7->134d4672-e322-4e4b-b7f3-5645abb0fe8c@group-3CB1DFFBCDC2, cid=830, SUCCESS, logIndex=1083, commits[134d4672-e322-4e4b-b7f3-5645abb0fe8c:c1083, 73af84f3-3e88-4c8c-894c-3ad307bcac8d:c1079, 730a25a1-dbec-44ed-975b-a44ab0096beb:c1079]
2019-08-30 05:17:33,951 | INFO  | DNAudit | user=null | ip=null | op=WRITE_CHUNK {blockData=conID: 2 locID: 102704234571432362 bcsId: 0} | ret=SUCCESS |  
2019-08-30 05:17:33,952 | INFO  | DNAudit | user=null | ip=null | op=WRITE_CHUNK {blockData=conID: 2 locID: 102704234571432362 bcsId: 0} | ret=SUCCESS |  
2019-08-30 05:17:33,952 | INFO  | DNAudit | user=null | ip=null | op=PUT_BLOCK {blockData=[blockId=conID: 2 locID: 102704234571432362 bcsId: 0,size=1048576]} | ret=SUCCESS |  
2019-08-30 05:17:33,953 | INFO  | DNAudit | user=null | ip=null | op=WRITE_CHUNK {blockData=conID: 2 locID: 102704234571432362 bcsId: 0} | ret=SUCCESS |  
2019-08-30 05:17:33,953 | INFO  | DNAudit | user=null | ip=null | op=PUT_BLOCK {blockData=[blockId=conID: 2 locID: 102704234571432362 bcsId: 0,size=2097152]} | ret=SUCCESS |  
2019-08-30 05:17:33,954 | INFO  | DNAudit | user=null | ip=null | op=PUT_BLOCK {blockData=[blockId=conID: 2 locID: 102704234571432362 bcsId: 0,size=1048576]} | ret=SUCCESS |  
2019-08-30 05:17:33,955 | INFO  | DNAudit | user=null | ip=null | op=WRITE_CHUNK {blockData=conID: 2 locID: 102704234571432362 bcsId: 0} | ret=SUCCESS |  
2019-08-30 05:17:33,955 [grpc-default-executor-6] INFO  client.GrpcClientProtocolClient (GrpcClientProtocolClient.java:onNext(255)) - client-574492D41EE7->134d4672-e322-4e4b-b7f3-5645abb0fe8c: receive RaftClientReply:client-574492D41EE7->134d4672-e322-4e4b-b7f3-5645abb0fe8c@group-3CB1DFFBCDC2, cid=831, SUCCESS, logIndex=0, commits[134d4672-e322-4e4b-b7f3-5645abb0fe8c:c1087, 73af84f3-3e88-4c8c-894c-3ad307bcac8d:c1081, 730a25a1-dbec-44ed-975b-a44ab0096beb:c1083]
2019-08-30 05:17:33,955 | INFO  | DNAudit | user=null | ip=null | op=PUT_BLOCK {blockData=[blockId=conID: 2 locID: 102704234571432362 bcsId: 0,size=2097152]} | ret=SUCCESS |  
2019-08-30 05:17:33,962 | INFO  | DNAudit | user=null | ip=null | op=WRITE_CHUNK {blockData=conID: 2 locID: 102704234571432362 bcsId: 1083} | ret=SUCCESS |  
2019-08-30 05:17:33,964 | INFO  | DNAudit | user=null | ip=null | op=WRITE_CHUNK {blockData=conID: 2 locID: 102704234571432362 bcsId: 1083} | ret=SUCCESS |  
2019-08-30 05:17:33,965 | INFO  | DNAudit | user=null | ip=null | op=WRITE_CHUNK {blockData=conID: 2 locID: 102704234571432362 bcsId: 1083} | ret=SUCCESS |  
2019-08-30 05:17:33,966 | INFO  | SCMAudit | user=jenkins1000 | ip=192.168.36.106 | op=SEND_HEARTBEAT {datanodeUUID=73af84f3-3e88-4c8c-894c-3ad307bcac8d, command=[]} | ret=SUCCESS |  
2019-08-30 05:17:33,970 | INFO  | SCMAudit | user=jenkins1000 | ip=192.168.36.106 | op=SEND_HEARTBEAT {datanodeUUID=730a25a1-dbec-44ed-975b-a44ab0096beb, command=[]} | ret=SUCCESS |  
2019-08-30 05:17:33,971 | INFO  | SCMAudit | user=jenkins1000 | ip=192.168.36.106 | op=SEND_HEARTBEAT {datanodeUUID=134d4672-e322-4e4b-b7f3-5645abb0fe8c, command=[]} | ret=SUCCESS |  
2019-08-30 05:17:33,975 | INFO  | DNAudit | user=null | ip=null | op=WRITE_CHUNK {blockData=conID: 2 locID: 102704234571432362 bcsId: 1083} | ret=SUCCESS |  
2019-08-30 05:17:33,975 | INFO  | DNAudit | user=null | ip=null | op=PUT_BLOCK {blockData=[blockId=conID: 2 locID: 102704234571432362 bcsId: 0,size=3145728]} | ret=SUCCESS |  
2019-08-30 05:17:33,976 [grpc-default-executor-3] INFO  client.GrpcClientProtocolClient (GrpcClientProtocolClient.java:onNext(255)) - client-574492D41EE7->134d4672-e322-4e4b-b7f3-5645abb0fe8c: receive RaftClientReply:client-574492D41EE7->134d4672-e322-4e4b-b7f3-5645abb0fe8c@group-3CB1DFFBCDC2, cid=832, SUCCESS, logIndex=1088, commits[134d4672-e322-4e4b-b7f3-5645abb0fe8c:c1089, 73af84f3-3e88-4c8c-894c-3ad307bcac8d:c1087, 730a25a1-dbec-44ed-975b-a44ab0096beb:c1087]
2019-08-30 05:17:33,976 [grpc-default-executor-3] INFO  client.GrpcClientProtocolClient (GrpcClientProtocolClient.java:onNext(255)) - client-574492D41EE7->134d4672-e322-4e4b-b7f3-5645abb0fe8c: receive RaftClientReply:client-574492D41EE7->134d4672-e322-4e4b-b7f3-5645abb0fe8c@group-3CB1DFFBCDC2, cid=833, SUCCESS, logIndex=1089, commits[134d4672-e322-4e4b-b7f3-5645abb0fe8c:c1089, 73af84f3-3e88-4c8c-894c-3ad307bcac8d:c1087, 730a25a1-dbec-44ed-975b-a44ab0096beb:c1087]
2019-08-30 05:17:33,983 | INFO  | DNAudit | user=null | ip=null | op=WRITE_CHUNK {blockData=conID: 2 locID: 102704234571432362 bcsId: 1089} | ret=SUCCESS |  
2019-08-30 05:17:33,986 | INFO  | DNAudit | user=null | ip=null | op=WRITE_CHUNK {blockData=conID: 2 locID: 102704234571432362 bcsId: 1089} | ret=SUCCESS |  
2019-08-30 05:17:33,986 | INFO  | DNAudit | user=null | ip=null | op=WRITE_CHUNK {blockData=conID: 2 locID: 102704234571432362 bcsId: 1083} | ret=SUCCESS |  
2019-08-30 05:17:33,987 | INFO  | DNAudit | user=null | ip=null | op=WRITE_CHUNK {blockData=conID: 2 locID: 102704234571432362 bcsId: 1089} | ret=SUCCESS |  
2019-08-30 05:17:33,987 | INFO  | DNAudit | user=null | ip=null | op=WRITE_CHUNK {blockData=conID: 2 locID: 102704234571432362 bcsId: 1083} | ret=SUCCESS |  
2019-08-30 05:17:33,988 | INFO  | DNAudit | user=null | ip=null | op=PUT_BLOCK {blockData=[blockId=conID: 2 locID: 102704234571432362 bcsId: 0,size=3145728]} | ret=SUCCESS |  
2019-08-30 05:17:33,988 | INFO  | DNAudit | user=null | ip=null | op=WRITE_CHUNK {blockData=conID: 2 locID: 102704234571432362 bcsId: 1089} | ret=SUCCESS |  
2019-08-30 05:17:33,988 | INFO  | DNAudit | user=null | ip=null | op=PUT_BLOCK {blockData=[blockId=conID: 2 locID: 102704234571432362 bcsId: 0,size=3145728]} | ret=SUCCESS |  
2019-08-30 05:17:33,989 | INFO  | DNAudit | user=null | ip=null | op=PUT_BLOCK {blockData=[blockId=conID: 2 locID: 102704234571432362 bcsId: 0,size=4194304]} | ret=SUCCESS |  
2019-08-30 05:17:33,989 [grpc-default-executor-5] INFO  client.GrpcClientProtocolClient (GrpcClientProtocolClient.java:onNext(255)) - client-574492D41EE7->134d4672-e322-4e4b-b7f3-5645abb0fe8c: receive RaftClientReply:client-574492D41EE7->134d4672-e322-4e4b-b7f3-5645abb0fe8c@group-3CB1DFFBCDC2, cid=834, SUCCESS, logIndex=1092, commits[134d4672-e322-4e4b-b7f3-5645abb0fe8c:c1093, 73af84f3-3e88-4c8c-894c-3ad307bcac8d:c1089, 730a25a1-dbec-44ed-975b-a44ab0096beb:c1088]
2019-08-30 05:17:33,990 [grpc-default-executor-5] INFO  client.GrpcClientProtocolClient (GrpcClientProtocolClient.java:onNext(255)) - client-574492D41EE7->134d4672-e322-4e4b-b7f3-5645abb0fe8c: receive RaftClientReply:client-574492D41EE7->134d4672-e322-4e4b-b7f3-5645abb0fe8c@group-3CB1DFFBCDC2, cid=835, SUCCESS, logIndex=1093, commits[134d4672-e322-4e4b-b7f3-5645abb0fe8c:c1093, 73af84f3-3e88-4c8c-894c-3ad307bcac8d:c1089, 730a25a1-dbec-44ed-975b-a44ab0096beb:c1089]
2019-08-30 05:17:33,990 | INFO  | DNAudit | user=null | ip=null | op=WRITE_CHUNK {blockData=conID: 2 locID: 102704234571432362 bcsId: 1089} | ret=SUCCESS |  
2019-08-30 05:17:33,990 | INFO  | DNAudit | user=null | ip=null | op=WRITE_CHUNK {blockData=conID: 2 locID: 102704234571432362 bcsId: 1089} | ret=SUCCESS |  
2019-08-30 05:17:33,991 | INFO  | DNAudit | user=null | ip=null | op=PUT_BLOCK {blockData=[blockId=conID: 2 locID: 102704234571432362 bcsId: 0,size=4194304]} | ret=SUCCESS |  
2019-08-30 05:17:33,991 | INFO  | DNAudit | user=null | ip=null | op=PUT_BLOCK {blockData=[blockId=conID: 2 locID: 102704234571432362 bcsId: 0,size=4194304]} | ret=SUCCESS |  
2019-08-30 05:17:33,991 [grpc-default-executor-5] INFO  client.GrpcClientProtocolClient (GrpcClientProtocolClient.java:onNext(255)) - client-574492D41EE7->134d4672-e322-4e4b-b7f3-5645abb0fe8c: receive RaftClientReply:client-574492D41EE7->134d4672-e322-4e4b-b7f3-5645abb0fe8c@group-3CB1DFFBCDC2, cid=836, SUCCESS, logIndex=0, commits[134d4672-e322-4e4b-b7f3-5645abb0fe8c:c1094, 73af84f3-3e88-4c8c-894c-3ad307bcac8d:c1093, 730a25a1-dbec-44ed-975b-a44ab0096beb:c1093]
 0.00% |█                                                                                                    |  0/1 Time: 0:00:032019-08-30 05:17:34,279 | INFO  | SCMAudit | user=jenkins1000 | ip=192.168.36.106 | op=SEND_HEARTBEAT {datanodeUUID=ea5d4b6b-4a08-401a-8c59-ecc1ca37daf5, command=[]} | ret=SUCCESS |  
2019-08-30 05:17:34,282 | INFO  | DNAudit | user=null | ip=null | op=WRITE_CHUNK {blockData=conID: 3 locID: 102704234571432363 bcsId: 0} | ret=SUCCESS |  
2019-08-30 05:17:34,286 | INFO  | DNAudit | user=null | ip=null | op=WRITE_CHUNK {blockData=conID: 3 locID: 102704234571432363 bcsId: 0} | ret=SUCCESS |  
2019-08-30 05:17:34,286 | INFO  | DNAudit | user=null | ip=null | op=WRITE_CHUNK {blockData=conID: 3 locID: 102704234571432363 bcsId: 0} | ret=SUCCESS |  
2019-08-30 05:17:34,288 | INFO  | DNAudit | user=null | ip=null | op=WRITE_CHUNK {blockData=conID: 3 locID: 102704234571432363 bcsId: 0} | ret=SUCCESS |  
2019-08-30 05:17:34,292 | INFO  | DNAudit | user=null | ip=null | op=WRITE_CHUNK {blockData=conID: 3 locID: 102704234571432363 bcsId: 0} | ret=SUCCESS |  
2019-08-30 05:17:34,292 | INFO  | DNAudit | user=null | ip=null | op=WRITE_CHUNK {blockData=conID: 3 locID: 102704234571432363 bcsId: 0} | ret=SUCCESS |  
2019-08-30 05:17:34,297 | INFO  | DNAudit | user=null | ip=null | op=WRITE_CHUNK {blockData=conID: 3 locID: 102704234571432363 bcsId: 0} | ret=SUCCESS |  
2019-08-30 05:17:34,297 | INFO  | DNAudit | user=null | ip=null | op=PUT_BLOCK {blockData=[blockId=conID: 3 locID: 102704234571432363 bcsId: 0,size=1048576]} | ret=SUCCESS |  
2019-08-30 05:17:34,298 [grpc-default-executor-5] INFO  client.GrpcClientProtocolClient (GrpcClientProtocolClient.java:onNext(255)) - client-574492D41EE7->134d4672-e322-4e4b-b7f3-5645abb0fe8c: receive RaftClientReply:client-574492D41EE7->134d4672-e322-4e4b-b7f3-5645abb0fe8c@group-3CB1DFFBCDC2, cid=837, SUCCESS, logIndex=1096, commits[134d4672-e322-4e4b-b7f3-5645abb0fe8c:c1097, 73af84f3-3e88-4c8c-894c-3ad307bcac8d:c1095, 730a25a1-dbec-44ed-975b-a44ab0096beb:c1095]
2019-08-30 05:17:34,298 [grpc-default-executor-5] INFO  client.GrpcClientProtocolClient (GrpcClientProtocolClient.java:onNext(255)) - client-574492D41EE7->134d4672-e322-4e4b-b7f3-5645abb0fe8c: receive RaftClientReply:client-574492D41EE7->134d4672-e322-4e4b-b7f3-5645abb0fe8c@group-3CB1DFFBCDC2, cid=838, SUCCESS, logIndex=1097, commits[134d4672-e322-4e4b-b7f3-5645abb0fe8c:c1097, 73af84f3-3e88-4c8c-894c-3ad307bcac8d:c1095, 730a25a1-dbec-44ed-975b-a44ab0096beb:c1095]
2019-08-30 05:17:34,308 | INFO  | DNAudit | user=null | ip=null | op=WRITE_CHUNK {blockData=conID: 3 locID: 102704234571432363 bcsId: 0} | ret=SUCCESS |  
2019-08-30 05:17:34,308 | INFO  | DNAudit | user=null | ip=null | op=WRITE_CHUNK {blockData=conID: 3 locID: 102704234571432363 bcsId: 0} | ret=SUCCESS |  
2019-08-30 05:17:34,309 | INFO  | DNAudit | user=null | ip=null | op=PUT_BLOCK {blockData=[blockId=conID: 3 locID: 102704234571432363 bcsId: 0,size=1048576]} | ret=SUCCESS |  
2019-08-30 05:17:34,309 | INFO  | DNAudit | user=null | ip=null | op=PUT_BLOCK {blockData=[blockId=conID: 3 locID: 102704234571432363 bcsId: 0,size=2097152]} | ret=SUCCESS |  
2019-08-30 05:17:34,309 | INFO  | DNAudit | user=null | ip=null | op=WRITE_CHUNK {blockData=conID: 3 locID: 102704234571432363 bcsId: 0} | ret=SUCCESS |  
2019-08-30 05:17:34,310 | INFO  | DNAudit | user=null | ip=null | op=WRITE_CHUNK {blockData=conID: 3 locID: 102704234571432363 bcsId: 0} | ret=SUCCESS |  
2019-08-30 05:17:34,310 | INFO  | DNAudit | user=null | ip=null | op=PUT_BLOCK {blockData=[blockId=conID: 3 locID: 102704234571432363 bcsId: 0,size=1048576]} | ret=SUCCESS |  
2019-08-30 05:17:34,310 [grpc-default-executor-5] INFO  client.GrpcClientProtocolClient (GrpcClientProtocolClient.java:onNext(255)) - client-574492D41EE7->134d4672-e322-4e4b-b7f3-5645abb0fe8c: receive RaftClientReply:client-574492D41EE7->134d4672-e322-4e4b-b7f3-5645abb0fe8c@group-3CB1DFFBCDC2, cid=839, SUCCESS, logIndex=1098, commits[134d4672-e322-4e4b-b7f3-5645abb0fe8c:c1099, 73af84f3-3e88-4c8c-894c-3ad307bcac8d:c1095, 730a25a1-dbec-44ed-975b-a44ab0096beb:c1095]
2019-08-30 05:17:34,310 | INFO  | DNAudit | user=null | ip=null | op=WRITE_CHUNK {blockData=conID: 3 locID: 102704234571432363 bcsId: 0} | ret=SUCCESS |  
2019-08-30 05:17:34,311 | INFO  | DNAudit | user=null | ip=null | op=PUT_BLOCK {blockData=[blockId=conID: 3 locID: 102704234571432363 bcsId: 0,size=2097152]} | ret=SUCCESS |  
2019-08-30 05:17:34,311 | INFO  | DNAudit | user=null | ip=null | op=PUT_BLOCK {blockData=[blockId=conID: 3 locID: 102704234571432363 bcsId: 0,size=2097152]} | ret=SUCCESS |  
2019-08-30 05:17:34,312 [grpc-default-executor-5] INFO  client.GrpcClientProtocolClient (GrpcClientProtocolClient.java:onNext(255)) - client-574492D41EE7->134d4672-e322-4e4b-b7f3-5645abb0fe8c: receive RaftClientReply:client-574492D41EE7->134d4672-e322-4e4b-b7f3-5645abb0fe8c@group-3CB1DFFBCDC2, cid=840, SUCCESS, logIndex=1099, commits[134d4672-e322-4e4b-b7f3-5645abb0fe8c:c1101, 73af84f3-3e88-4c8c-894c-3ad307bcac8d:c1095, 730a25a1-dbec-44ed-975b-a44ab0096beb:c1097]
2019-08-30 05:17:34,313 [grpc-default-executor-5] INFO  client.GrpcClientProtocolClient (GrpcClientProtocolClient.java:onNext(255)) - client-574492D41EE7->134d4672-e322-4e4b-b7f3-5645abb0fe8c: receive RaftClientReply:client-574492D41EE7->134d4672-e322-4e4b-b7f3-5645abb0fe8c@group-3CB1DFFBCDC2, cid=841, SUCCESS, logIndex=0, commits[134d4672-e322-4e4b-b7f3-5645abb0fe8c:c1103, 73af84f3-3e88-4c8c-894c-3ad307bcac8d:c1099, 730a25a1-dbec-44ed-975b-a44ab0096beb:c1099]
2019-08-30 05:17:34,323 | INFO  | DNAudit | user=null | ip=null | op=WRITE_CHUNK {blockData=conID: 3 locID: 102704234571432363 bcsId: 1099} | ret=SUCCESS |  
2019-08-30 05:17:34,326 | INFO  | DNAudit | user=null | ip=null | op=WRITE_CHUNK {blockData=conID: 3 locID: 102704234571432363 bcsId: 1099} | ret=SUCCESS |  
2019-08-30 05:17:34,326 | INFO  | DNAudit | user=null | ip=null | op=WRITE_CHUNK {blockData=conID: 3 locID: 102704234571432363 bcsId: 1099} | ret=SUCCESS |  
2019-08-30 05:17:34,336 | INFO  | DNAudit | user=null | ip=null | op=WRITE_CHUNK {blockData=conID: 3 locID: 102704234571432363 bcsId: 1099} | ret=SUCCESS |  
2019-08-30 05:17:34,337 | INFO  | DNAudit | user=null | ip=null | op=PUT_BLOCK {blockData=[blockId=conID: 3 locID: 102704234571432363 bcsId: 0,size=3145728]} | ret=SUCCESS |  
2019-08-30 05:17:34,337 [grpc-default-executor-6] INFO  client.GrpcClientProtocolClient (GrpcClientProtocolClient.java:onNext(255)) - client-574492D41EE7->134d4672-e322-4e4b-b7f3-5645abb0fe8c: receive RaftClientReply:client-574492D41EE7->134d4672-e322-4e4b-b7f3-5645abb0fe8c@group-3CB1DFFBCDC2, cid=842, SUCCESS, logIndex=1104, commits[134d4672-e322-4e4b-b7f3-5645abb0fe8c:c1105, 73af84f3-3e88-4c8c-894c-3ad307bcac8d:c1103, 730a25a1-dbec-44ed-975b-a44ab0096beb:c1103]
2019-08-30 05:17:34,338 [grpc-default-executor-6] INFO  client.GrpcClientProtocolClient (GrpcClientProtocolClient.java:onNext(255)) - client-574492D41EE7->134d4672-e322-4e4b-b7f3-5645abb0fe8c: receive RaftClientReply:client-574492D41EE7->134d4672-e322-4e4b-b7f3-5645abb0fe8c@group-3CB1DFFBCDC2, cid=843, SUCCESS, logIndex=1105, commits[134d4672-e322-4e4b-b7f3-5645abb0fe8c:c1105, 73af84f3-3e88-4c8c-894c-3ad307bcac8d:c1103, 730a25a1-dbec-44ed-975b-a44ab0096beb:c1103]
2019-08-30 05:17:34,347 | INFO  | DNAudit | user=null | ip=null | op=WRITE_CHUNK {blockData=conID: 3 locID: 102704234571432363 bcsId: 1105} | ret=SUCCESS |  
2019-08-30 05:17:34,348 | INFO  | DNAudit | user=null | ip=null | op=WRITE_CHUNK {blockData=conID: 3 locID: 102704234571432363 bcsId: 1099} | ret=SUCCESS |  
2019-08-30 05:17:34,348 | INFO  | DNAudit | user=null | ip=null | op=WRITE_CHUNK {blockData=conID: 3 locID: 102704234571432363 bcsId: 1099} | ret=SUCCESS |  
2019-08-30 05:17:34,348 | INFO  | DNAudit | user=null | ip=null | op=PUT_BLOCK {blockData=[blockId=conID: 3 locID: 102704234571432363 bcsId: 0,size=3145728]} | ret=SUCCESS |  
2019-08-30 05:17:34,349 | INFO  | DNAudit | user=null | ip=null | op=PUT_BLOCK {blockData=[blockId=conID: 3 locID: 102704234571432363 bcsId: 0,size=3145728]} | ret=SUCCESS |  
2019-08-30 05:17:34,351 | INFO  | DNAudit | user=null | ip=null | op=WRITE_CHUNK {blockData=conID: 3 locID: 102704234571432363 bcsId: 1105} | ret=SUCCESS |  
2019-08-30 05:17:34,351 | INFO  | DNAudit | user=null | ip=null | op=WRITE_CHUNK {blockData=conID: 3 locID: 102704234571432363 bcsId: 1105} | ret=SUCCESS |  
2019-08-30 05:17:34,363 | INFO  | DNAudit | user=null | ip=null | op=WRITE_CHUNK {blockData=conID: 3 locID: 102704234571432363 bcsId: 1105} | ret=SUCCESS |  
2019-08-30 05:17:34,364 | INFO  | DNAudit | user=null | ip=null | op=PUT_BLOCK {blockData=[blockId=conID: 3 locID: 102704234571432363 bcsId: 0,size=4194304]} | ret=SUCCESS |  
2019-08-30 05:17:34,364 [grpc-default-executor-1] INFO  client.GrpcClientProtocolClient (GrpcClientProtocolClient.java:onNext(255)) - client-574492D41EE7->134d4672-e322-4e4b-b7f3-5645abb0fe8c: receive RaftClientReply:client-574492D41EE7->134d4672-e322-4e4b-b7f3-5645abb0fe8c@group-3CB1DFFBCDC2, cid=844, SUCCESS, logIndex=1108, commits[134d4672-e322-4e4b-b7f3-5645abb0fe8c:c1109, 73af84f3-3e88-4c8c-894c-3ad307bcac8d:c1105, 730a25a1-dbec-44ed-975b-a44ab0096beb:c1105]
2019-08-30 05:17:34,365 [grpc-default-executor-1] INFO  client.GrpcClientProtocolClient (GrpcClientProtocolClient.java:onNext(255)) - client-574492D41EE7->134d4672-e322-4e4b-b7f3-5645abb0fe8c: receive RaftClientReply:client-574492D41EE7->134d4672-e322-4e4b-b7f3-5645abb0fe8c@group-3CB1DFFBCDC2, cid=845, SUCCESS, logIndex=1109, commits[134d4672-e322-4e4b-b7f3-5645abb0fe8c:c1109, 73af84f3-3e88-4c8c-894c-3ad307bcac8d:c1105, 730a25a1-dbec-44ed-975b-a44ab0096beb:c1105]
2019-08-30 05:17:34,375 | INFO  | DNAudit | user=null | ip=null | op=WRITE_CHUNK {blockData=conID: 3 locID: 102704234571432363 bcsId: 1105} | ret=SUCCESS |  
2019-08-30 05:17:34,375 | INFO  | DNAudit | user=null | ip=null | op=WRITE_CHUNK {blockData=conID: 3 locID: 102704234571432363 bcsId: 1105} | ret=SUCCESS |  
2019-08-30 05:17:34,375 | INFO  | DNAudit | user=null | ip=null | op=PUT_BLOCK {blockData=[blockId=conID: 3 locID: 102704234571432363 bcsId: 0,size=4194304]} | ret=SUCCESS |  
2019-08-30 05:17:34,377 | INFO  | DNAudit | user=null | ip=null | op=PUT_BLOCK {blockData=[blockId=conID: 3 locID: 102704234571432363 bcsId: 0,size=4194304]} | ret=SUCCESS |  
2019-08-30 05:17:34,378 [grpc-default-executor-3] INFO  client.GrpcClientProtocolClient (GrpcClientProtocolClient.java:onNext(255)) - client-574492D41EE7->134d4672-e322-4e4b-b7f3-5645abb0fe8c: receive RaftClientReply:client-574492D41EE7->134d4672-e322-4e4b-b7f3-5645abb0fe8c@group-3CB1DFFBCDC2, cid=846, SUCCESS, logIndex=0, commits[134d4672-e322-4e4b-b7f3-5645abb0fe8c:c1110, 73af84f3-3e88-4c8c-894c-3ad307bcac8d:c1109, 730a25a1-dbec-44ed-975b-a44ab0096beb:c1109]
2019-08-30 05:17:34,382 | INFO  | SCMAudit | user=jenkins1000 | ip=192.168.36.106 | op=SEND_HEARTBEAT {datanodeUUID=b91a4442-fd83-4a66-bee2-5c7959dbabc3, command=[]} | ret=SUCCESS |  
2019-08-30 05:17:34,387 | INFO  | DNAudit | user=null | ip=null | op=WRITE_CHUNK {blockData=conID: 1 locID: 102704234571432364 bcsId: 0} | ret=SUCCESS |  
2019-08-30 05:17:34,391 | INFO  | DNAudit | user=null | ip=null | op=WRITE_CHUNK {blockData=conID: 1 locID: 102704234571432364 bcsId: 0} | ret=SUCCESS |  
2019-08-30 05:17:34,391 | INFO  | DNAudit | user=null | ip=null | op=WRITE_CHUNK {blockData=conID: 1 locID: 102704234571432364 bcsId: 0} | ret=SUCCESS |  
2019-08-30 05:17:34,392 | INFO  | DNAudit | user=null | ip=null | op=WRITE_CHUNK {blockData=conID: 1 locID: 102704234571432364 bcsId: 0} | ret=SUCCESS |  
2019-08-30 05:17:34,393 | INFO  | DNAudit | user=null | ip=null | op=WRITE_CHUNK {blockData=conID: 1 locID: 102704234571432364 bcsId: 0} | ret=SUCCESS |  
2019-08-30 05:17:34,393 | INFO  | DNAudit | user=null | ip=null | op=WRITE_CHUNK {blockData=conID: 1 locID: 102704234571432364 bcsId: 0} | ret=SUCCESS |  
2019-08-30 05:17:34,400 | INFO  | DNAudit | user=null | ip=null | op=WRITE_CHUNK {blockData=conID: 1 locID: 102704234571432364 bcsId: 0} | ret=SUCCESS |  
2019-08-30 05:17:34,401 | INFO  | DNAudit | user=null | ip=null | op=PUT_BLOCK {blockData=[blockId=conID: 1 locID: 102704234571432364 bcsId: 0,size=1048576]} | ret=SUCCESS |  
2019-08-30 05:17:34,401 | INFO  | DNAudit | user=null | ip=null | op=WRITE_CHUNK {blockData=conID: 1 locID: 102704234571432364 bcsId: 0} | ret=SUCCESS |  
2019-08-30 05:17:34,401 [grpc-default-executor-3] INFO  client.GrpcClientProtocolClient (GrpcClientProtocolClient.java:onNext(255)) - client-574492D41EE7->134d4672-e322-4e4b-b7f3-5645abb0fe8c: receive RaftClientReply:client-574492D41EE7->134d4672-e322-4e4b-b7f3-5645abb0fe8c@group-3CB1DFFBCDC2, cid=847, SUCCESS, logIndex=1112, commits[134d4672-e322-4e4b-b7f3-5645abb0fe8c:c1113, 73af84f3-3e88-4c8c-894c-3ad307bcac8d:c1111, 730a25a1-dbec-44ed-975b-a44ab0096beb:c1111]
2019-08-30 05:17:34,401 | INFO  | DNAudit | user=null | ip=null | op=PUT_BLOCK {blockData=[blockId=conID: 1 locID: 102704234571432364 bcsId: 0,size=2097152]} | ret=SUCCESS |  
2019-08-30 05:17:34,402 [grpc-default-executor-3] INFO  client.GrpcClientProtocolClient (GrpcClientProtocolClient.java:onNext(255)) - client-574492D41EE7->134d4672-e322-4e4b-b7f3-5645abb0fe8c: receive RaftClientReply:client-574492D41EE7->134d4672-e322-4e4b-b7f3-5645abb0fe8c@group-3CB1DFFBCDC2, cid=848, SUCCESS, logIndex=1113, commits[134d4672-e322-4e4b-b7f3-5645abb0fe8c:c1115, 73af84f3-3e88-4c8c-894c-3ad307bcac8d:c1111, 730a25a1-dbec-44ed-975b-a44ab0096beb:c1111]
2019-08-30 05:17:34,402 [grpc-default-executor-3] INFO  client.GrpcClientProtocolClient (GrpcClientProtocolClient.java:onNext(255)) - client-574492D41EE7->134d4672-e322-4e4b-b7f3-5645abb0fe8c: receive RaftClientReply:client-574492D41EE7->134d4672-e322-4e4b-b7f3-5645abb0fe8c@group-3CB1DFFBCDC2, cid=849, SUCCESS, logIndex=1114, commits[134d4672-e322-4e4b-b7f3-5645abb0fe8c:c1115, 73af84f3-3e88-4c8c-894c-3ad307bcac8d:c1111, 730a25a1-dbec-44ed-975b-a44ab0096beb:c1111]
2019-08-30 05:17:34,403 [grpc-default-executor-3] INFO  client.GrpcClientProtocolClient (GrpcClientProtocolClient.java:onNext(255)) - client-574492D41EE7->134d4672-e322-4e4b-b7f3-5645abb0fe8c: receive RaftClientReply:client-574492D41EE7->134d4672-e322-4e4b-b7f3-5645abb0fe8c@group-3CB1DFFBCDC2, cid=850, SUCCESS, logIndex=1115, commits[134d4672-e322-4e4b-b7f3-5645abb0fe8c:c1115, 73af84f3-3e88-4c8c-894c-3ad307bcac8d:c1111, 730a25a1-dbec-44ed-975b-a44ab0096beb:c1111]
2019-08-30 05:17:34,404 | INFO  | DNAudit | user=null | ip=null | op=WRITE_CHUNK {blockData=conID: 1 locID: 102704234571432364 bcsId: 0} | ret=SUCCESS |  
2019-08-30 05:17:34,404 | INFO  | DNAudit | user=null | ip=null | op=WRITE_CHUNK {blockData=conID: 1 locID: 102704234571432364 bcsId: 0} | ret=SUCCESS |  
2019-08-30 05:17:34,404 | INFO  | DNAudit | user=null | ip=null | op=PUT_BLOCK {blockData=[blockId=conID: 1 locID: 102704234571432364 bcsId: 0,size=1048576]} | ret=SUCCESS |  
2019-08-30 05:17:34,415 | INFO  | DNAudit | user=null | ip=null | op=PUT_BLOCK {blockData=[blockId=conID: 1 locID: 102704234571432364 bcsId: 0,size=1048576]} | ret=SUCCESS |  
2019-08-30 05:17:34,415 | INFO  | DNAudit | user=null | ip=null | op=WRITE_CHUNK {blockData=conID: 1 locID: 102704234571432364 bcsId: 0} | ret=SUCCESS |  
2019-08-30 05:17:34,416 | INFO  | DNAudit | user=null | ip=null | op=WRITE_CHUNK {blockData=conID: 1 locID: 102704234571432364 bcsId: 0} | ret=SUCCESS |  
2019-08-30 05:17:34,416 | INFO  | DNAudit | user=null | ip=null | op=PUT_BLOCK {blockData=[blockId=conID: 1 locID: 102704234571432364 bcsId: 0,size=2097152]} | ret=SUCCESS |  
2019-08-30 05:17:34,416 | INFO  | DNAudit | user=null | ip=null | op=PUT_BLOCK {blockData=[blockId=conID: 1 locID: 102704234571432364 bcsId: 0,size=2097152]} | ret=SUCCESS |  
2019-08-30 05:17:34,417 [grpc-default-executor-5] INFO  client.GrpcClientProtocolClient (GrpcClientProtocolClient.java:onNext(255)) - client-574492D41EE7->134d4672-e322-4e4b-b7f3-5645abb0fe8c: receive RaftClientReply:client-574492D41EE7->134d4672-e322-4e4b-b7f3-5645abb0fe8c@group-3CB1DFFBCDC2, cid=851, SUCCESS, logIndex=0, commits[134d4672-e322-4e4b-b7f3-5645abb0fe8c:c1118, 73af84f3-3e88-4c8c-894c-3ad307bcac8d:c1114, 730a25a1-dbec-44ed-975b-a44ab0096beb:c1113]
2019-08-30 05:17:34,425 | INFO  | DNAudit | user=null | ip=null | op=WRITE_CHUNK {blockData=conID: 1 locID: 102704234571432364 bcsId: 1115} | ret=SUCCESS |  
2019-08-30 05:17:34,427 | INFO  | DNAudit | user=null | ip=null | op=WRITE_CHUNK {blockData=conID: 1 locID: 102704234571432364 bcsId: 1115} | ret=SUCCESS |  
2019-08-30 05:17:34,428 | INFO  | DNAudit | user=null | ip=null | op=WRITE_CHUNK {blockData=conID: 1 locID: 102704234571432364 bcsId: 1115} | ret=SUCCESS |  
2019-08-30 05:17:34,438 | INFO  | DNAudit | user=null | ip=null | op=WRITE_CHUNK {blockData=conID: 1 locID: 102704234571432364 bcsId: 1115} | ret=SUCCESS |  
2019-08-30 05:17:34,438 | INFO  | DNAudit | user=null | ip=null | op=PUT_BLOCK {blockData=[blockId=conID: 1 locID: 102704234571432364 bcsId: 0,size=3145728]} | ret=SUCCESS |  
2019-08-30 05:17:34,439 [grpc-default-executor-5] INFO  client.GrpcClientProtocolClient (GrpcClientProtocolClient.java:onNext(255)) - client-574492D41EE7->134d4672-e322-4e4b-b7f3-5645abb0fe8c: receive RaftClientReply:client-574492D41EE7->134d4672-e322-4e4b-b7f3-5645abb0fe8c@group-3CB1DFFBCDC2, cid=852, SUCCESS, logIndex=1120, commits[134d4672-e322-4e4b-b7f3-5645abb0fe8c:c1121, 73af84f3-3e88-4c8c-894c-3ad307bcac8d:c1119, 730a25a1-dbec-44ed-975b-a44ab0096beb:c1119]
2019-08-30 05:17:34,439 [grpc-default-executor-5] INFO  client.GrpcClientProtocolClient (GrpcClientProtocolClient.java:onNext(255)) - client-574492D41EE7->134d4672-e322-4e4b-b7f3-5645abb0fe8c: receive RaftClientReply:client-574492D41EE7->134d4672-e322-4e4b-b7f3-5645abb0fe8c@group-3CB1DFFBCDC2, cid=853, SUCCESS, logIndex=1121, commits[134d4672-e322-4e4b-b7f3-5645abb0fe8c:c1121, 73af84f3-3e88-4c8c-894c-3ad307bcac8d:c1119, 730a25a1-dbec-44ed-975b-a44ab0096beb:c1119]
2019-08-30 05:17:34,448 | INFO  | DNAudit | user=null | ip=null | op=WRITE_CHUNK {blockData=conID: 1 locID: 102704234571432364 bcsId: 1121} | ret=SUCCESS |  
2019-08-30 05:17:34,449 | INFO  | DNAudit | user=null | ip=null | op=WRITE_CHUNK {blockData=conID: 1 locID: 102704234571432364 bcsId: 1115} | ret=SUCCESS |  
2019-08-30 05:17:34,449 | INFO  | DNAudit | user=null | ip=null | op=WRITE_CHUNK {blockData=conID: 1 locID: 102704234571432364 bcsId: 1115} | ret=SUCCESS |  
2019-08-30 05:17:34,451 | INFO  | DNAudit | user=null | ip=null | op=PUT_BLOCK {blockData=[blockId=conID: 1 locID: 102704234571432364 bcsId: 0,size=3145728]} | ret=SUCCESS |  
2019-08-30 05:17:34,451 | INFO  | DNAudit | user=null | ip=null | op=PUT_BLOCK {blockData=[blockId=conID: 1 locID: 102704234571432364 bcsId: 0,size=3145728]} | ret=SUCCESS |  
2019-08-30 05:17:34,452 | INFO  | DNAudit | user=null | ip=null | op=WRITE_CHUNK {blockData=conID: 1 locID: 102704234571432364 bcsId: 1121} | ret=SUCCESS |  
2019-08-30 05:17:34,452 | INFO  | DNAudit | user=null | ip=null | op=WRITE_CHUNK {blockData=conID: 1 locID: 102704234571432364 bcsId: 1121} | ret=SUCCESS |  
2019-08-30 05:17:34,463 | INFO  | DNAudit | user=null | ip=null | op=WRITE_CHUNK {blockData=conID: 1 locID: 102704234571432364 bcsId: 1121} | ret=SUCCESS |  
2019-08-30 05:17:34,463 | INFO  | DNAudit | user=null | ip=null | op=PUT_BLOCK {blockData=[blockId=conID: 1 locID: 102704234571432364 bcsId: 0,size=4194304]} | ret=SUCCESS |  
2019-08-30 05:17:34,463 [grpc-default-executor-6] INFO  client.GrpcClientProtocolClient (GrpcClientProtocolClient.java:onNext(255)) - client-574492D41EE7->134d4672-e322-4e4b-b7f3-5645abb0fe8c: receive RaftClientReply:client-574492D41EE7->134d4672-e322-4e4b-b7f3-5645abb0fe8c@group-3CB1DFFBCDC2, cid=854, SUCCESS, logIndex=1124, commits[134d4672-e322-4e4b-b7f3-5645abb0fe8c:c1125, 73af84f3-3e88-4c8c-894c-3ad307bcac8d:c1121, 730a25a1-dbec-44ed-975b-a44ab0096beb:c1121]
2019-08-30 05:17:34,464 [grpc-default-executor-6] INFO  client.GrpcClientProtocolClient (GrpcClientProtocolClient.java:onNext(255)) - client-574492D41EE7->134d4672-e322-4e4b-b7f3-5645abb0fe8c: receive RaftClientReply:client-574492D41EE7->134d4672-e322-4e4b-b7f3-5645abb0fe8c@group-3CB1DFFBCDC2, cid=855, SUCCESS, logIndex=1125, commits[134d4672-e322-4e4b-b7f3-5645abb0fe8c:c1125, 73af84f3-3e88-4c8c-894c-3ad307bcac8d:c1121, 730a25a1-dbec-44ed-975b-a44ab0096beb:c1121]
2019-08-30 05:17:34,472 | INFO  | DNAudit | user=null | ip=null | op=WRITE_CHUNK {blockData=conID: 1 locID: 102704234571432364 bcsId: 1121} | ret=SUCCESS |  
2019-08-30 05:17:34,473 | INFO  | DNAudit | user=null | ip=null | op=WRITE_CHUNK {blockData=conID: 1 locID: 102704234571432364 bcsId: 1121} | ret=SUCCESS |  
2019-08-30 05:17:34,475 | INFO  | DNAudit | user=null | ip=null | op=PUT_BLOCK {blockData=[blockId=conID: 1 locID: 102704234571432364 bcsId: 0,size=4194304]} | ret=SUCCESS |  
2019-08-30 05:17:34,475 | INFO  | DNAudit | user=null | ip=null | op=PUT_BLOCK {blockData=[blockId=conID: 1 locID: 102704234571432364 bcsId: 0,size=4194304]} | ret=SUCCESS |  
2019-08-30 05:17:34,476 [grpc-default-executor-5] INFO  client.GrpcClientProtocolClient (GrpcClientProtocolClient.java:onNext(255)) - client-574492D41EE7->134d4672-e322-4e4b-b7f3-5645abb0fe8c: receive RaftClientReply:client-574492D41EE7->134d4672-e322-4e4b-b7f3-5645abb0fe8c@group-3CB1DFFBCDC2, cid=856, SUCCESS, logIndex=0, commits[134d4672-e322-4e4b-b7f3-5645abb0fe8c:c1127, 73af84f3-3e88-4c8c-894c-3ad307bcac8d:c1125, 730a25a1-dbec-44ed-975b-a44ab0096beb:c1125]
2019-08-30 05:17:34,485 | INFO  | DNAudit | user=null | ip=null | op=WRITE_CHUNK {blockData=conID: 2 locID: 102704234571432365 bcsId: 0} | ret=SUCCESS |  
2019-08-30 05:17:34,489 | INFO  | DNAudit | user=null | ip=null | op=WRITE_CHUNK {blockData=conID: 2 locID: 102704234571432365 bcsId: 0} | ret=SUCCESS |  
2019-08-30 05:17:34,489 | INFO  | DNAudit | user=null | ip=null | op=WRITE_CHUNK {blockData=conID: 2 locID: 102704234571432365 bcsId: 0} | ret=SUCCESS |  
2019-08-30 05:17:34,491 | INFO  | DNAudit | user=null | ip=null | op=WRITE_CHUNK {blockData=conID: 2 locID: 102704234571432365 bcsId: 0} | ret=SUCCESS |  
2019-08-30 05:17:34,493 | INFO  | DNAudit | user=null | ip=null | op=WRITE_CHUNK {blockData=conID: 2 locID: 102704234571432365 bcsId: 0} | ret=SUCCESS |  
2019-08-30 05:17:34,494 | INFO  | DNAudit | user=null | ip=null | op=WRITE_CHUNK {blockData=conID: 2 locID: 102704234571432365 bcsId: 0} | ret=SUCCESS |  
2019-08-30 05:17:34,496 | INFO  | DNAudit | user=null | ip=null | op=WRITE_CHUNK {blockData=conID: 2 locID: 102704234571432365 bcsId: 0} | ret=SUCCESS |  
2019-08-30 05:17:34,497 | INFO  | DNAudit | user=null | ip=null | op=PUT_BLOCK {blockData=[blockId=conID: 2 locID: 102704234571432365 bcsId: 0,size=1048576]} | ret=SUCCESS |  
2019-08-30 05:17:34,497 | INFO  | DNAudit | user=null | ip=null | op=WRITE_CHUNK {blockData=conID: 2 locID: 102704234571432365 bcsId: 0} | ret=SUCCESS |  
2019-08-30 05:17:34,497 [grpc-default-executor-1] INFO  client.GrpcClientProtocolClient (GrpcClientProtocolClient.java:onNext(255)) - client-574492D41EE7->134d4672-e322-4e4b-b7f3-5645abb0fe8c: receive RaftClientReply:client-574492D41EE7->134d4672-e322-4e4b-b7f3-5645abb0fe8c@group-3CB1DFFBCDC2, cid=857, SUCCESS, logIndex=1128, commits[134d4672-e322-4e4b-b7f3-5645abb0fe8c:c1129, 73af84f3-3e88-4c8c-894c-3ad307bcac8d:c1127, 730a25a1-dbec-44ed-975b-a44ab0096beb:c1127]
2019-08-30 05:17:34,498 | INFO  | DNAudit | user=null | ip=null | op=PUT_BLOCK {blockData=[blockId=conID: 2 locID: 102704234571432365 bcsId: 0,size=2097152]} | ret=SUCCESS |  
2019-08-30 05:17:34,498 [grpc-default-executor-1] INFO  client.GrpcClientProtocolClient (GrpcClientProtocolClient.java:onNext(255)) - client-574492D41EE7->134d4672-e322-4e4b-b7f3-5645abb0fe8c: receive RaftClientReply:client-574492D41EE7->134d4672-e322-4e4b-b7f3-5645abb0fe8c@group-3CB1DFFBCDC2, cid=858, SUCCESS, logIndex=1129, commits[134d4672-e322-4e4b-b7f3-5645abb0fe8c:c1129, 73af84f3-3e88-4c8c-894c-3ad307bcac8d:c1127, 730a25a1-dbec-44ed-975b-a44ab0096beb:c1127]
2019-08-30 05:17:34,498 | INFO  | DNAudit | user=null | ip=null | op=WRITE_CHUNK {blockData=conID: 2 locID: 102704234571432365 bcsId: 0} | ret=SUCCESS |  
2019-08-30 05:17:34,498 [grpc-default-executor-1] INFO  client.GrpcClientProtocolClient (GrpcClientProtocolClient.java:onNext(255)) - client-574492D41EE7->134d4672-e322-4e4b-b7f3-5645abb0fe8c: receive RaftClientReply:client-574492D41EE7->134d4672-e322-4e4b-b7f3-5645abb0fe8c@group-3CB1DFFBCDC2, cid=859, SUCCESS, logIndex=1130, commits[134d4672-e322-4e4b-b7f3-5645abb0fe8c:c1130, 73af84f3-3e88-4c8c-894c-3ad307bcac8d:c1127, 730a25a1-dbec-44ed-975b-a44ab0096beb:c1127]
2019-08-30 05:17:34,498 | INFO  | DNAudit | user=null | ip=null | op=PUT_BLOCK {blockData=[blockId=conID: 2 locID: 102704234571432365 bcsId: 0,size=1048576]} | ret=SUCCESS |  
2019-08-30 05:17:34,499 [grpc-default-executor-1] INFO  client.GrpcClientProtocolClient (GrpcClientProtocolClient.java:onNext(255)) - client-574492D41EE7->134d4672-e322-4e4b-b7f3-5645abb0fe8c: receive RaftClientReply:client-574492D41EE7->134d4672-e322-4e4b-b7f3-5645abb0fe8c@group-3CB1DFFBCDC2, cid=860, SUCCESS, logIndex=1131, commits[134d4672-e322-4e4b-b7f3-5645abb0fe8c:c1131, 73af84f3-3e88-4c8c-894c-3ad307bcac8d:c1127, 730a25a1-dbec-44ed-975b-a44ab0096beb:c1127]
2019-08-30 05:17:34,501 | INFO  | DNAudit | user=null | ip=null | op=WRITE_CHUNK {blockData=conID: 2 locID: 102704234571432365 bcsId: 0} | ret=SUCCESS |  
2019-08-30 05:17:34,501 | INFO  | DNAudit | user=null | ip=null | op=PUT_BLOCK {blockData=[blockId=conID: 2 locID: 102704234571432365 bcsId: 0,size=1048576]} | ret=SUCCESS |  
2019-08-30 05:17:34,501 [grpc-default-executor-1] INFO  client.GrpcClientProtocolClient (GrpcClientProtocolClient.java:onNext(255)) - client-574492D41EE7->134d4672-e322-4e4b-b7f3-5645abb0fe8c: receive RaftClientReply:client-574492D41EE7->134d4672-e322-4e4b-b7f3-5645abb0fe8c@group-3CB1DFFBCDC2, cid=861, SUCCESS, logIndex=0, commits[134d4672-e322-4e4b-b7f3-5645abb0fe8c:c1133, 73af84f3-3e88-4c8c-894c-3ad307bcac8d:c1129, 730a25a1-dbec-44ed-975b-a44ab0096beb:c1129]
2019-08-30 05:17:34,501 | INFO  | DNAudit | user=null | ip=null | op=WRITE_CHUNK {blockData=conID: 2 locID: 102704234571432365 bcsId: 0} | ret=SUCCESS |  
2019-08-30 05:17:34,502 | INFO  | DNAudit | user=null | ip=null | op=PUT_BLOCK {blockData=[blockId=conID: 2 locID: 102704234571432365 bcsId: 0,size=2097152]} | ret=SUCCESS |  
2019-08-30 05:17:34,502 | INFO  | DNAudit | user=null | ip=null | op=WRITE_CHUNK {blockData=conID: 2 locID: 102704234571432365 bcsId: 0} | ret=SUCCESS |  
2019-08-30 05:17:34,502 | INFO  | DNAudit | user=null | ip=null | op=PUT_BLOCK {blockData=[blockId=conID: 2 locID: 102704234571432365 bcsId: 0,size=2097152]} | ret=SUCCESS |  
2019-08-30 05:17:34,509 | INFO  | DNAudit | user=null | ip=null | op=WRITE_CHUNK {blockData=conID: 2 locID: 102704234571432365 bcsId: 1131} | ret=SUCCESS |  
2019-08-30 05:17:34,511 | INFO  | DNAudit | user=null | ip=null | op=WRITE_CHUNK {blockData=conID: 2 locID: 102704234571432365 bcsId: 1131} | ret=SUCCESS |  
2019-08-30 05:17:34,512 | INFO  | DNAudit | user=null | ip=null | op=WRITE_CHUNK {blockData=conID: 2 locID: 102704234571432365 bcsId: 1131} | ret=SUCCESS |  
2019-08-30 05:17:34,519 | INFO  | DNAudit | user=null | ip=null | op=WRITE_CHUNK {blockData=conID: 2 locID: 102704234571432365 bcsId: 1131} | ret=SUCCESS |  
2019-08-30 05:17:34,520 | INFO  | DNAudit | user=null | ip=null | op=PUT_BLOCK {blockData=[blockId=conID: 2 locID: 102704234571432365 bcsId: 0,size=3145728]} | ret=SUCCESS |  
2019-08-30 05:17:34,520 [grpc-default-executor-1] INFO  client.GrpcClientProtocolClient (GrpcClientProtocolClient.java:onNext(255)) - client-574492D41EE7->134d4672-e322-4e4b-b7f3-5645abb0fe8c: receive RaftClientReply:client-574492D41EE7->134d4672-e322-4e4b-b7f3-5645abb0fe8c@group-3CB1DFFBCDC2, cid=862, SUCCESS, logIndex=1136, commits[134d4672-e322-4e4b-b7f3-5645abb0fe8c:c1137, 73af84f3-3e88-4c8c-894c-3ad307bcac8d:c1135, 730a25a1-dbec-44ed-975b-a44ab0096beb:c1135]
2019-08-30 05:17:34,521 [grpc-default-executor-1] INFO  client.GrpcClientProtocolClient (GrpcClientProtocolClient.java:onNext(255)) - client-574492D41EE7->134d4672-e322-4e4b-b7f3-5645abb0fe8c: receive RaftClientReply:client-574492D41EE7->134d4672-e322-4e4b-b7f3-5645abb0fe8c@group-3CB1DFFBCDC2, cid=863, SUCCESS, logIndex=1137, commits[134d4672-e322-4e4b-b7f3-5645abb0fe8c:c1137, 73af84f3-3e88-4c8c-894c-3ad307bcac8d:c1135, 730a25a1-dbec-44ed-975b-a44ab0096beb:c1135]
2019-08-30 05:17:34,529 | INFO  | DNAudit | user=null | ip=null | op=WRITE_CHUNK {blockData=conID: 2 locID: 102704234571432365 bcsId: 1137} | ret=SUCCESS |  
2019-08-30 05:17:34,529 | INFO  | DNAudit | user=null | ip=null | op=WRITE_CHUNK {blockData=conID: 2 locID: 102704234571432365 bcsId: 1131} | ret=SUCCESS |  
2019-08-30 05:17:34,530 | INFO  | DNAudit | user=null | ip=null | op=WRITE_CHUNK {blockData=conID: 2 locID: 102704234571432365 bcsId: 1131} | ret=SUCCESS |  
2019-08-30 05:17:34,530 | INFO  | DNAudit | user=null | ip=null | op=PUT_BLOCK {blockData=[blockId=conID: 2 locID: 102704234571432365 bcsId: 0,size=3145728]} | ret=SUCCESS |  
2019-08-30 05:17:34,530 | INFO  | DNAudit | user=null | ip=null | op=PUT_BLOCK {blockData=[blockId=conID: 2 locID: 102704234571432365 bcsId: 0,size=3145728]} | ret=SUCCESS |  
2019-08-30 05:17:34,532 | INFO  | DNAudit | user=null | ip=null | op=WRITE_CHUNK {blockData=conID: 2 locID: 102704234571432365 bcsId: 1137} | ret=SUCCESS |  
2019-08-30 05:17:34,533 | INFO  | DNAudit | user=null | ip=null | op=WRITE_CHUNK {blockData=conID: 2 locID: 102704234571432365 bcsId: 1137} | ret=SUCCESS |  
2019-08-30 05:17:34,542 | INFO  | DNAudit | user=null | ip=null | op=WRITE_CHUNK {blockData=conID: 2 locID: 102704234571432365 bcsId: 1137} | ret=SUCCESS |  
2019-08-30 05:17:34,543 | INFO  | DNAudit | user=null | ip=null | op=PUT_BLOCK {blockData=[blockId=conID: 2 locID: 102704234571432365 bcsId: 0,size=4194304]} | ret=SUCCESS |  
2019-08-30 05:17:34,543 [grpc-default-executor-5] INFO  client.GrpcClientProtocolClient (GrpcClientProtocolClient.java:onNext(255)) - client-574492D41EE7->134d4672-e322-4e4b-b7f3-5645abb0fe8c: receive RaftClientReply:client-574492D41EE7->134d4672-e322-4e4b-b7f3-5645abb0fe8c@group-3CB1DFFBCDC2, cid=864, SUCCESS, logIndex=1140, commits[134d4672-e322-4e4b-b7f3-5645abb0fe8c:c1141, 73af84f3-3e88-4c8c-894c-3ad307bcac8d:c1137, 730a25a1-dbec-44ed-975b-a44ab0096beb:c1137]
2019-08-30 05:17:34,544 [grpc-default-executor-5] INFO  client.GrpcClientProtocolClient (GrpcClientProtocolClient.java:onNext(255)) - client-574492D41EE7->134d4672-e322-4e4b-b7f3-5645abb0fe8c: receive RaftClientReply:client-574492D41EE7->134d4672-e322-4e4b-b7f3-5645abb0fe8c@group-3CB1DFFBCDC2, cid=865, SUCCESS, logIndex=1141, commits[134d4672-e322-4e4b-b7f3-5645abb0fe8c:c1141, 73af84f3-3e88-4c8c-894c-3ad307bcac8d:c1137, 730a25a1-dbec-44ed-975b-a44ab0096beb:c1137]
2019-08-30 05:17:34,553 | INFO  | DNAudit | user=null | ip=null | op=WRITE_CHUNK {blockData=conID: 2 locID: 102704234571432365 bcsId: 1137} | ret=SUCCESS |  
2019-08-30 05:17:34,553 | INFO  | DNAudit | user=null | ip=null | op=WRITE_CHUNK {blockData=conID: 2 locID: 102704234571432365 bcsId: 1137} | ret=SUCCESS |  
2019-08-30 05:17:34,553 | INFO  | DNAudit | user=null | ip=null | op=PUT_BLOCK {blockData=[blockId=conID: 2 locID: 102704234571432365 bcsId: 0,size=4194304]} | ret=SUCCESS |  
2019-08-30 05:17:34,553 | INFO  | DNAudit | user=null | ip=null | op=PUT_BLOCK {blockData=[blockId=conID: 2 locID: 102704234571432365 bcsId: 0,size=4194304]} | ret=SUCCESS |  
2019-08-30 05:17:34,554 [grpc-default-executor-6] INFO  client.GrpcClientProtocolClient (GrpcClientProtocolClient.java:onNext(255)) - client-574492D41EE7->134d4672-e322-4e4b-b7f3-5645abb0fe8c: receive RaftClientReply:client-574492D41EE7->134d4672-e322-4e4b-b7f3-5645abb0fe8c@group-3CB1DFFBCDC2, cid=866, SUCCESS, logIndex=0, commits[134d4672-e322-4e4b-b7f3-5645abb0fe8c:c1142, 73af84f3-3e88-4c8c-894c-3ad307bcac8d:c1141, 730a25a1-dbec-44ed-975b-a44ab0096beb:c1141]
2019-08-30 05:17:34,561 | INFO  | DNAudit | user=null | ip=null | op=WRITE_CHUNK {blockData=conID: 3 locID: 102704234571432366 bcsId: 0} | ret=SUCCESS |  
2019-08-30 05:17:34,564 | INFO  | DNAudit | user=null | ip=null | op=WRITE_CHUNK {blockData=conID: 3 locID: 102704234571432366 bcsId: 0} | ret=SUCCESS |  
2019-08-30 05:17:34,564 | INFO  | DNAudit | user=null | ip=null | op=WRITE_CHUNK {blockData=conID: 3 locID: 102704234571432366 bcsId: 0} | ret=SUCCESS |  
2019-08-30 05:17:34,566 | INFO  | DNAudit | user=null | ip=null | op=WRITE_CHUNK {blockData=conID: 3 locID: 102704234571432366 bcsId: 0} | ret=SUCCESS |  
2019-08-30 05:17:34,569 | INFO  | DNAudit | user=null | ip=null | op=WRITE_CHUNK {blockData=conID: 3 locID: 102704234571432366 bcsId: 0} | ret=SUCCESS |  
2019-08-30 05:17:34,569 | INFO  | DNAudit | user=null | ip=null | op=WRITE_CHUNK {blockData=conID: 3 locID: 102704234571432366 bcsId: 0} | ret=SUCCESS |  
2019-08-30 05:17:34,590 | INFO  | DNAudit | user=null | ip=null | op=WRITE_CHUNK {blockData=conID: 3 locID: 102704234571432366 bcsId: 0} | ret=SUCCESS |  
2019-08-30 05:17:34,591 | INFO  | DNAudit | user=null | ip=null | op=PUT_BLOCK {blockData=[blockId=conID: 3 locID: 102704234571432366 bcsId: 0,size=1048576]} | ret=SUCCESS |  
2019-08-30 05:17:34,591 | INFO  | DNAudit | user=null | ip=null | op=WRITE_CHUNK {blockData=conID: 3 locID: 102704234571432366 bcsId: 0} | ret=SUCCESS |  
2019-08-30 05:17:34,591 [grpc-default-executor-6] INFO  client.GrpcClientProtocolClient (GrpcClientProtocolClient.java:onNext(255)) - client-574492D41EE7->134d4672-e322-4e4b-b7f3-5645abb0fe8c: receive RaftClientReply:client-574492D41EE7->134d4672-e322-4e4b-b7f3-5645abb0fe8c@group-3CB1DFFBCDC2, cid=867, SUCCESS, logIndex=1144, commits[134d4672-e322-4e4b-b7f3-5645abb0fe8c:c1145, 73af84f3-3e88-4c8c-894c-3ad307bcac8d:c1142, 730a25a1-dbec-44ed-975b-a44ab0096beb:c1142]
2019-08-30 05:17:34,591 | INFO  | DNAudit | user=null | ip=null | op=PUT_BLOCK {blockData=[blockId=conID: 3 locID: 102704234571432366 bcsId: 0,size=2097152]} | ret=SUCCESS |  
2019-08-30 05:17:34,592 [grpc-default-executor-6] INFO  client.GrpcClientProtocolClient (GrpcClientProtocolClient.java:onNext(255)) - client-574492D41EE7->134d4672-e322-4e4b-b7f3-5645abb0fe8c: receive RaftClientReply:client-574492D41EE7->134d4672-e322-4e4b-b7f3-5645abb0fe8c@group-3CB1DFFBCDC2, cid=868, SUCCESS, logIndex=1145, commits[134d4672-e322-4e4b-b7f3-5645abb0fe8c:c1146, 73af84f3-3e88-4c8c-894c-3ad307bcac8d:c1143, 730a25a1-dbec-44ed-975b-a44ab0096beb:c1142]
2019-08-30 05:17:34,592 [grpc-default-executor-6] INFO  client.GrpcClientProtocolClient (GrpcClientProtocolClient.java:onNext(255)) - client-574492D41EE7->134d4672-e322-4e4b-b7f3-5645abb0fe8c: receive RaftClientReply:client-574492D41EE7->134d4672-e322-4e4b-b7f3-5645abb0fe8c@group-3CB1DFFBCDC2, cid=869, SUCCESS, logIndex=1146, commits[134d4672-e322-4e4b-b7f3-5645abb0fe8c:c1147, 73af84f3-3e88-4c8c-894c-3ad307bcac8d:c1143, 730a25a1-dbec-44ed-975b-a44ab0096beb:c1142]
2019-08-30 05:17:34,592 [grpc-default-executor-6] INFO  client.GrpcClientProtocolClient (GrpcClientProtocolClient.java:onNext(255)) - client-574492D41EE7->134d4672-e322-4e4b-b7f3-5645abb0fe8c: receive RaftClientReply:client-574492D41EE7->134d4672-e322-4e4b-b7f3-5645abb0fe8c@group-3CB1DFFBCDC2, cid=870, SUCCESS, logIndex=1147, commits[134d4672-e322-4e4b-b7f3-5645abb0fe8c:c1147, 73af84f3-3e88-4c8c-894c-3ad307bcac8d:c1143, 730a25a1-dbec-44ed-975b-a44ab0096beb:c1142]
2019-08-30 05:17:34,604 | INFO  | DNAudit | user=null | ip=null | op=WRITE_CHUNK {blockData=conID: 3 locID: 102704234571432366 bcsId: 0} | ret=SUCCESS |  
2019-08-30 05:17:34,604 | INFO  | DNAudit | user=null | ip=null | op=PUT_BLOCK {blockData=[blockId=conID: 3 locID: 102704234571432366 bcsId: 0,size=1048576]} | ret=SUCCESS |  
2019-08-30 05:17:34,605 | INFO  | DNAudit | user=null | ip=null | op=WRITE_CHUNK {blockData=conID: 3 locID: 102704234571432366 bcsId: 0} | ret=SUCCESS |  
2019-08-30 05:17:34,605 | INFO  | DNAudit | user=null | ip=null | op=PUT_BLOCK {blockData=[blockId=conID: 3 locID: 102704234571432366 bcsId: 0,size=1048576]} | ret=SUCCESS |  
2019-08-30 05:17:34,605 | INFO  | DNAudit | user=null | ip=null | op=WRITE_CHUNK {blockData=conID: 3 locID: 102704234571432366 bcsId: 0} | ret=SUCCESS |  
2019-08-30 05:17:34,605 | INFO  | DNAudit | user=null | ip=null | op=WRITE_CHUNK {blockData=conID: 3 locID: 102704234571432366 bcsId: 0} | ret=SUCCESS |  
2019-08-30 05:17:34,605 | INFO  | DNAudit | user=null | ip=null | op=PUT_BLOCK {blockData=[blockId=conID: 3 locID: 102704234571432366 bcsId: 0,size=2097152]} | ret=SUCCESS |  
2019-08-30 05:17:34,605 | INFO  | DNAudit | user=null | ip=null | op=PUT_BLOCK {blockData=[blockId=conID: 3 locID: 102704234571432366 bcsId: 0,size=2097152]} | ret=SUCCESS |  
2019-08-30 05:17:34,605 [grpc-default-executor-6] INFO  client.GrpcClientProtocolClient (GrpcClientProtocolClient.java:onNext(255)) - client-574492D41EE7->134d4672-e322-4e4b-b7f3-5645abb0fe8c: receive RaftClientReply:client-574492D41EE7->134d4672-e322-4e4b-b7f3-5645abb0fe8c@group-3CB1DFFBCDC2, cid=871, SUCCESS, logIndex=0, commits[134d4672-e322-4e4b-b7f3-5645abb0fe8c:c1149, 73af84f3-3e88-4c8c-894c-3ad307bcac8d:c1145, 730a25a1-dbec-44ed-975b-a44ab0096beb:c1145]
2019-08-30 05:17:34,613 | INFO  | DNAudit | user=null | ip=null | op=WRITE_CHUNK {blockData=conID: 3 locID: 102704234571432366 bcsId: 1147} | ret=SUCCESS |  
2019-08-30 05:17:34,615 | INFO  | DNAudit | user=null | ip=null | op=WRITE_CHUNK {blockData=conID: 3 locID: 102704234571432366 bcsId: 1147} | ret=SUCCESS |  
2019-08-30 05:17:34,615 | INFO  | DNAudit | user=null | ip=null | op=WRITE_CHUNK {blockData=conID: 3 locID: 102704234571432366 bcsId: 1147} | ret=SUCCESS |  
2019-08-30 05:17:34,623 | INFO  | DNAudit | user=null | ip=null | op=WRITE_CHUNK {blockData=conID: 3 locID: 102704234571432366 bcsId: 1147} | ret=SUCCESS |  
2019-08-30 05:17:34,624 | INFO  | DNAudit | user=null | ip=null | op=PUT_BLOCK {blockData=[blockId=conID: 3 locID: 102704234571432366 bcsId: 0,size=3145728]} | ret=SUCCESS |  
2019-08-30 05:17:34,624 [grpc-default-executor-1] INFO  client.GrpcClientProtocolClient (GrpcClientProtocolClient.java:onNext(255)) - client-574492D41EE7->134d4672-e322-4e4b-b7f3-5645abb0fe8c: receive RaftClientReply:client-574492D41EE7->134d4672-e322-4e4b-b7f3-5645abb0fe8c@group-3CB1DFFBCDC2, cid=872, SUCCESS, logIndex=1152, commits[134d4672-e322-4e4b-b7f3-5645abb0fe8c:c1153, 73af84f3-3e88-4c8c-894c-3ad307bcac8d:c1151, 730a25a1-dbec-44ed-975b-a44ab0096beb:c1151]
2019-08-30 05:17:34,625 | INFO  | DNAudit | user=null | ip=null | op=WRITE_CHUNK {blockData=conID: 3 locID: 102704234571432366 bcsId: 1147} | ret=SUCCESS |  
2019-08-30 05:17:34,625 [grpc-default-executor-1] INFO  client.GrpcClientProtocolClient (GrpcClientProtocolClient.java:onNext(255)) - client-574492D41EE7->134d4672-e322-4e4b-b7f3-5645abb0fe8c: receive RaftClientReply:client-574492D41EE7->134d4672-e322-4e4b-b7f3-5645abb0fe8c@group-3CB1DFFBCDC2, cid=873, SUCCESS, logIndex=1153, commits[134d4672-e322-4e4b-b7f3-5645abb0fe8c:c1153, 73af84f3-3e88-4c8c-894c-3ad307bcac8d:c1151, 730a25a1-dbec-44ed-975b-a44ab0096beb:c1151]
2019-08-30 05:17:34,625 | INFO  | DNAudit | user=null | ip=null | op=WRITE_CHUNK {blockData=conID: 3 locID: 102704234571432366 bcsId: 1147} | ret=SUCCESS |  
2019-08-30 05:17:34,628 | INFO  | DNAudit | user=null | ip=null | op=PUT_BLOCK {blockData=[blockId=conID: 3 locID: 102704234571432366 bcsId: 0,size=3145728]} | ret=SUCCESS |  
2019-08-30 05:17:34,628 | INFO  | DNAudit | user=null | ip=null | op=PUT_BLOCK {blockData=[blockId=conID: 3 locID: 102704234571432366 bcsId: 0,size=3145728]} | ret=SUCCESS |  
2019-08-30 05:17:34,632 | INFO  | DNAudit | user=null | ip=null | op=WRITE_CHUNK {blockData=conID: 3 locID: 102704234571432366 bcsId: 1153} | ret=SUCCESS |  
2019-08-30 05:17:34,634 | INFO  | DNAudit | user=null | ip=null | op=WRITE_CHUNK {blockData=conID: 3 locID: 102704234571432366 bcsId: 1153} | ret=SUCCESS |  
2019-08-30 05:17:34,634 | INFO  | DNAudit | user=null | ip=null | op=WRITE_CHUNK {blockData=conID: 3 locID: 102704234571432366 bcsId: 1153} | ret=SUCCESS |  
2019-08-30 05:17:34,647 | INFO  | DNAudit | user=null | ip=null | op=WRITE_CHUNK {blockData=conID: 3 locID: 102704234571432366 bcsId: 1153} | ret=SUCCESS |  
2019-08-30 05:17:34,648 | INFO  | DNAudit | user=null | ip=null | op=PUT_BLOCK {blockData=[blockId=conID: 3 locID: 102704234571432366 bcsId: 0,size=4194304]} | ret=SUCCESS |  
2019-08-30 05:17:34,648 [grpc-default-executor-5] INFO  client.GrpcClientProtocolClient (GrpcClientProtocolClient.java:onNext(255)) - client-574492D41EE7->134d4672-e322-4e4b-b7f3-5645abb0fe8c: receive RaftClientReply:client-574492D41EE7->134d4672-e322-4e4b-b7f3-5645abb0fe8c@group-3CB1DFFBCDC2, cid=874, SUCCESS, logIndex=1156, commits[134d4672-e322-4e4b-b7f3-5645abb0fe8c:c1157, 73af84f3-3e88-4c8c-894c-3ad307bcac8d:c1155, 730a25a1-dbec-44ed-975b-a44ab0096beb:c1155]
2019-08-30 05:17:34,648 [grpc-default-executor-5] INFO  client.GrpcClientProtocolClient (GrpcClientProtocolClient.java:onNext(255)) - client-574492D41EE7->134d4672-e322-4e4b-b7f3-5645abb0fe8c: receive RaftClientReply:client-574492D41EE7->134d4672-e322-4e4b-b7f3-5645abb0fe8c@group-3CB1DFFBCDC2, cid=875, SUCCESS, logIndex=1157, commits[134d4672-e322-4e4b-b7f3-5645abb0fe8c:c1157, 73af84f3-3e88-4c8c-894c-3ad307bcac8d:c1155, 730a25a1-dbec-44ed-975b-a44ab0096beb:c1155]
2019-08-30 05:17:34,659 | INFO  | DNAudit | user=null | ip=null | op=WRITE_CHUNK {blockData=conID: 3 locID: 102704234571432366 bcsId: 1153} | ret=SUCCESS |  
2019-08-30 05:17:34,659 | INFO  | DNAudit | user=null | ip=null | op=WRITE_CHUNK {blockData=conID: 3 locID: 102704234571432366 bcsId: 1153} | ret=SUCCESS |  
2019-08-30 05:17:34,662 | INFO  | DNAudit | user=null | ip=null | op=PUT_BLOCK {blockData=[blockId=conID: 3 locID: 102704234571432366 bcsId: 0,size=4194304]} | ret=SUCCESS |  
2019-08-30 05:17:34,662 | INFO  | DNAudit | user=null | ip=null | op=PUT_BLOCK {blockData=[blockId=conID: 3 locID: 102704234571432366 bcsId: 0,size=4194304]} | ret=SUCCESS |  
2019-08-30 05:17:34,662 [grpc-default-executor-5] INFO  client.GrpcClientProtocolClient (GrpcClientProtocolClient.java:onNext(255)) - client-574492D41EE7->134d4672-e322-4e4b-b7f3-5645abb0fe8c: receive RaftClientReply:client-574492D41EE7->134d4672-e322-4e4b-b7f3-5645abb0fe8c@group-3CB1DFFBCDC2, cid=876, SUCCESS, logIndex=0, commits[134d4672-e322-4e4b-b7f3-5645abb0fe8c:c1158, 73af84f3-3e88-4c8c-894c-3ad307bcac8d:c1157, 730a25a1-dbec-44ed-975b-a44ab0096beb:c1157]
2019-08-30 05:17:34,670 | INFO  | DNAudit | user=null | ip=null | op=WRITE_CHUNK {blockData=conID: 1 locID: 102704234571497903 bcsId: 0} | ret=SUCCESS |  
2019-08-30 05:17:34,672 | INFO  | DNAudit | user=null | ip=null | op=WRITE_CHUNK {blockData=conID: 1 locID: 102704234571497903 bcsId: 0} | ret=SUCCESS |  
2019-08-30 05:17:34,673 | INFO  | DNAudit | user=null | ip=null | op=WRITE_CHUNK {blockData=conID: 1 locID: 102704234571497903 bcsId: 0} | ret=SUCCESS |  
2019-08-30 05:17:34,673 | INFO  | DNAudit | user=null | ip=null | op=WRITE_CHUNK {blockData=conID: 1 locID: 102704234571497903 bcsId: 0} | ret=SUCCESS |  
2019-08-30 05:17:34,676 | INFO  | DNAudit | user=null | ip=null | op=WRITE_CHUNK {blockData=conID: 1 locID: 102704234571497903 bcsId: 0} | ret=SUCCESS |  
2019-08-30 05:17:34,676 | INFO  | DNAudit | user=null | ip=null | op=WRITE_CHUNK {blockData=conID: 1 locID: 102704234571497903 bcsId: 0} | ret=SUCCESS |  
2019-08-30 05:17:34,683 | INFO  | DNAudit | user=null | ip=null | op=WRITE_CHUNK {blockData=conID: 1 locID: 102704234571497903 bcsId: 0} | ret=SUCCESS |  
2019-08-30 05:17:34,683 | INFO  | DNAudit | user=null | ip=null | op=PUT_BLOCK {blockData=[blockId=conID: 1 locID: 102704234571497903 bcsId: 0,size=1048576]} | ret=SUCCESS |  
2019-08-30 05:17:34,684 | INFO  | DNAudit | user=null | ip=null | op=WRITE_CHUNK {blockData=conID: 1 locID: 102704234571497903 bcsId: 0} | ret=SUCCESS |  
2019-08-30 05:17:34,684 | INFO  | DNAudit | user=null | ip=null | op=PUT_BLOCK {blockData=[blockId=conID: 1 locID: 102704234571497903 bcsId: 0,size=2097152]} | ret=SUCCESS |  
2019-08-30 05:17:34,684 [grpc-default-executor-5] INFO  client.GrpcClientProtocolClient (GrpcClientProtocolClient.java:onNext(255)) - client-574492D41EE7->134d4672-e322-4e4b-b7f3-5645abb0fe8c: receive RaftClientReply:client-574492D41EE7->134d4672-e322-4e4b-b7f3-5645abb0fe8c@group-3CB1DFFBCDC2, cid=877, SUCCESS, logIndex=1160, commits[134d4672-e322-4e4b-b7f3-5645abb0fe8c:c1161, 73af84f3-3e88-4c8c-894c-3ad307bcac8d:c1159, 730a25a1-dbec-44ed-975b-a44ab0096beb:c1159]
2019-08-30 05:17:34,685 [grpc-default-executor-5] INFO  client.GrpcClientProtocolClient (GrpcClientProtocolClient.java:onNext(255)) - client-574492D41EE7->134d4672-e322-4e4b-b7f3-5645abb0fe8c: receive RaftClientReply:client-574492D41EE7->134d4672-e322-4e4b-b7f3-5645abb0fe8c@group-3CB1DFFBCDC2, cid=878, SUCCESS, logIndex=1161, commits[134d4672-e322-4e4b-b7f3-5645abb0fe8c:c1163, 73af84f3-3e88-4c8c-894c-3ad307bcac8d:c1159, 730a25a1-dbec-44ed-975b-a44ab0096beb:c1159]
2019-08-30 05:17:34,685 [grpc-default-executor-5] INFO  client.GrpcClientProtocolClient (GrpcClientProtocolClient.java:onNext(255)) - client-574492D41EE7->134d4672-e322-4e4b-b7f3-5645abb0fe8c: receive RaftClientReply:client-574492D41EE7->134d4672-e322-4e4b-b7f3-5645abb0fe8c@group-3CB1DFFBCDC2, cid=879, SUCCESS, logIndex=1162, commits[134d4672-e322-4e4b-b7f3-5645abb0fe8c:c1163, 73af84f3-3e88-4c8c-894c-3ad307bcac8d:c1159, 730a25a1-dbec-44ed-975b-a44ab0096beb:c1159]
2019-08-30 05:17:34,685 [grpc-default-executor-5] INFO  client.GrpcClientProtocolClient (GrpcClientProtocolClient.java:onNext(255)) - client-574492D41EE7->134d4672-e322-4e4b-b7f3-5645abb0fe8c: receive RaftClientReply:client-574492D41EE7->134d4672-e322-4e4b-b7f3-5645abb0fe8c@group-3CB1DFFBCDC2, cid=880, SUCCESS, logIndex=1163, commits[134d4672-e322-4e4b-b7f3-5645abb0fe8c:c1163, 73af84f3-3e88-4c8c-894c-3ad307bcac8d:c1159, 730a25a1-dbec-44ed-975b-a44ab0096beb:c1159]
2019-08-30 05:17:34,686 | INFO  | DNAudit | user=null | ip=null | op=WRITE_CHUNK {blockData=conID: 1 locID: 102704234571497903 bcsId: 0} | ret=SUCCESS |  
2019-08-30 05:17:34,686 | INFO  | DNAudit | user=null | ip=null | op=WRITE_CHUNK {blockData=conID: 1 locID: 102704234571497903 bcsId: 0} | ret=SUCCESS |  
2019-08-30 05:17:34,686 | INFO  | DNAudit | user=null | ip=null | op=PUT_BLOCK {blockData=[blockId=conID: 1 locID: 102704234571497903 bcsId: 0,size=1048576]} | ret=SUCCESS |  
2019-08-30 05:17:34,686 | INFO  | DNAudit | user=null | ip=null | op=PUT_BLOCK {blockData=[blockId=conID: 1 locID: 102704234571497903 bcsId: 0,size=1048576]} | ret=SUCCESS |  
2019-08-30 05:17:34,687 [grpc-default-executor-5] INFO  client.GrpcClientProtocolClient (GrpcClientProtocolClient.java:onNext(255)) - client-574492D41EE7->134d4672-e322-4e4b-b7f3-5645abb0fe8c: receive RaftClientReply:client-574492D41EE7->134d4672-e322-4e4b-b7f3-5645abb0fe8c@group-3CB1DFFBCDC2, cid=881, SUCCESS, logIndex=0, commits[134d4672-e322-4e4b-b7f3-5645abb0fe8c:c1165, 73af84f3-3e88-4c8c-894c-3ad307bcac8d:c1161, 730a25a1-dbec-44ed-975b-a44ab0096beb:c1161]
2019-08-30 05:17:34,693 | INFO  | DNAudit | user=null | ip=null | op=WRITE_CHUNK {blockData=conID: 1 locID: 102704234571497903 bcsId: 1163} | ret=SUCCESS |  
2019-08-30 05:17:34,696 | INFO  | DNAudit | user=null | ip=null | op=WRITE_CHUNK {blockData=conID: 1 locID: 102704234571497903 bcsId: 1163} | ret=SUCCESS |  
2019-08-30 05:17:34,697 | INFO  | DNAudit | user=null | ip=null | op=WRITE_CHUNK {blockData=conID: 1 locID: 102704234571497903 bcsId: 1163} | ret=SUCCESS |  
2019-08-30 05:17:34,697 | INFO  | DNAudit | user=null | ip=null | op=WRITE_CHUNK {blockData=conID: 1 locID: 102704234571497903 bcsId: 0} | ret=SUCCESS |  
2019-08-30 05:17:34,697 | INFO  | DNAudit | user=null | ip=null | op=PUT_BLOCK {blockData=[blockId=conID: 1 locID: 102704234571497903 bcsId: 0,size=2097152]} | ret=SUCCESS |  
2019-08-30 05:17:34,697 | INFO  | DNAudit | user=null | ip=null | op=WRITE_CHUNK {blockData=conID: 1 locID: 102704234571497903 bcsId: 0} | ret=SUCCESS |  
2019-08-30 05:17:34,698 | INFO  | DNAudit | user=null | ip=null | op=PUT_BLOCK {blockData=[blockId=conID: 1 locID: 102704234571497903 bcsId: 0,size=2097152]} | ret=SUCCESS |  
2019-08-30 05:17:34,699 | INFO  | DNAudit | user=null | ip=null | op=WRITE_CHUNK {blockData=conID: 1 locID: 102704234571497903 bcsId: 1163} | ret=SUCCESS |  
2019-08-30 05:17:34,699 | INFO  | DNAudit | user=null | ip=null | op=PUT_BLOCK {blockData=[blockId=conID: 1 locID: 102704234571497903 bcsId: 0,size=3145728]} | ret=SUCCESS |  
2019-08-30 05:17:34,700 [grpc-default-executor-5] INFO  client.GrpcClientProtocolClient (GrpcClientProtocolClient.java:onNext(255)) - client-574492D41EE7->134d4672-e322-4e4b-b7f3-5645abb0fe8c: receive RaftClientReply:client-574492D41EE7->134d4672-e322-4e4b-b7f3-5645abb0fe8c@group-3CB1DFFBCDC2, cid=882, SUCCESS, logIndex=1167, commits[134d4672-e322-4e4b-b7f3-5645abb0fe8c:c1168, 73af84f3-3e88-4c8c-894c-3ad307bcac8d:c1163, 730a25a1-dbec-44ed-975b-a44ab0096beb:c1165]
2019-08-30 05:17:34,700 [grpc-default-executor-5] INFO  client.GrpcClientProtocolClient (GrpcClientProtocolClient.java:onNext(255)) - client-574492D41EE7->134d4672-e322-4e4b-b7f3-5645abb0fe8c: receive RaftClientReply:client-574492D41EE7->134d4672-e322-4e4b-b7f3-5645abb0fe8c@group-3CB1DFFBCDC2, cid=883, SUCCESS, logIndex=1168, commits[134d4672-e322-4e4b-b7f3-5645abb0fe8c:c1168, 73af84f3-3e88-4c8c-894c-3ad307bcac8d:c1165, 730a25a1-dbec-44ed-975b-a44ab0096beb:c1165]
2019-08-30 05:17:34,702 | INFO  | DNAudit | user=null | ip=null | op=WRITE_CHUNK {blockData=conID: 1 locID: 102704234571497903 bcsId: 1163} | ret=SUCCESS |  
2019-08-30 05:17:34,702 | INFO  | DNAudit | user=null | ip=null | op=WRITE_CHUNK {blockData=conID: 1 locID: 102704234571497903 bcsId: 1163} | ret=SUCCESS |  
2019-08-30 05:17:34,708 | INFO  | DNAudit | user=null | ip=null | op=WRITE_CHUNK {blockData=conID: 1 locID: 102704234571497903 bcsId: 1168} | ret=SUCCESS |  
2019-08-30 05:17:34,710 | INFO  | DNAudit | user=null | ip=null | op=WRITE_CHUNK {blockData=conID: 1 locID: 102704234571497903 bcsId: 1168} | ret=SUCCESS |  
2019-08-30 05:17:34,710 | INFO  | DNAudit | user=null | ip=null | op=WRITE_CHUNK {blockData=conID: 1 locID: 102704234571497903 bcsId: 1168} | ret=SUCCESS |  
2019-08-30 05:17:34,713 | INFO  | DNAudit | user=null | ip=null | op=PUT_BLOCK {blockData=[blockId=conID: 1 locID: 102704234571497903 bcsId: 0,size=3145728]} | ret=SUCCESS |  
2019-08-30 05:17:34,713 | INFO  | DNAudit | user=null | ip=null | op=PUT_BLOCK {blockData=[blockId=conID: 1 locID: 102704234571497903 bcsId: 0,size=3145728]} | ret=SUCCESS |  
2019-08-30 05:17:34,716 | INFO  | DNAudit | user=null | ip=null | op=WRITE_CHUNK {blockData=conID: 1 locID: 102704234571497903 bcsId: 1168} | ret=SUCCESS |  
2019-08-30 05:17:34,717 | INFO  | DNAudit | user=null | ip=null | op=PUT_BLOCK {blockData=[blockId=conID: 1 locID: 102704234571497903 bcsId: 0,size=4194304]} | ret=SUCCESS |  
2019-08-30 05:17:34,717 [grpc-default-executor-3] INFO  client.GrpcClientProtocolClient (GrpcClientProtocolClient.java:onNext(255)) - client-574492D41EE7->134d4672-e322-4e4b-b7f3-5645abb0fe8c: receive RaftClientReply:client-574492D41EE7->134d4672-e322-4e4b-b7f3-5645abb0fe8c@group-3CB1DFFBCDC2, cid=884, SUCCESS, logIndex=1171, commits[134d4672-e322-4e4b-b7f3-5645abb0fe8c:c1172, 73af84f3-3e88-4c8c-894c-3ad307bcac8d:c1169, 730a25a1-dbec-44ed-975b-a44ab0096beb:c1169]
2019-08-30 05:17:34,718 [grpc-default-executor-3] INFO  client.GrpcClientProtocolClient (GrpcClientProtocolClient.java:onNext(255)) - client-574492D41EE7->134d4672-e322-4e4b-b7f3-5645abb0fe8c: receive RaftClientReply:client-574492D41EE7->134d4672-e322-4e4b-b7f3-5645abb0fe8c@group-3CB1DFFBCDC2, cid=885, SUCCESS, logIndex=1172, commits[134d4672-e322-4e4b-b7f3-5645abb0fe8c:c1172, 73af84f3-3e88-4c8c-894c-3ad307bcac8d:c1169, 730a25a1-dbec-44ed-975b-a44ab0096beb:c1169]
2019-08-30 05:17:34,728 | INFO  | DNAudit | user=null | ip=null | op=WRITE_CHUNK {blockData=conID: 1 locID: 102704234571497903 bcsId: 1168} | ret=SUCCESS |  
2019-08-30 05:17:34,728 | INFO  | DNAudit | user=null | ip=null | op=WRITE_CHUNK {blockData=conID: 1 locID: 102704234571497903 bcsId: 1168} | ret=SUCCESS |  
2019-08-30 05:17:34,731 | INFO  | DNAudit | user=null | ip=null | op=PUT_BLOCK {blockData=[blockId=conID: 1 locID: 102704234571497903 bcsId: 0,size=4194304]} | ret=SUCCESS |  
2019-08-30 05:17:34,731 | INFO  | DNAudit | user=null | ip=null | op=PUT_BLOCK {blockData=[blockId=conID: 1 locID: 102704234571497903 bcsId: 0,size=4194304]} | ret=SUCCESS |  
2019-08-30 05:17:34,732 [grpc-default-executor-3] INFO  client.GrpcClientProtocolClient (GrpcClientProtocolClient.java:onNext(255)) - client-574492D41EE7->134d4672-e322-4e4b-b7f3-5645abb0fe8c: receive RaftClientReply:client-574492D41EE7->134d4672-e322-4e4b-b7f3-5645abb0fe8c@group-3CB1DFFBCDC2, cid=886, SUCCESS, logIndex=0, commits[134d4672-e322-4e4b-b7f3-5645abb0fe8c:c1174, 73af84f3-3e88-4c8c-894c-3ad307bcac8d:c1172, 730a25a1-dbec-44ed-975b-a44ab0096beb:c1172]
2019-08-30 05:17:34,739 | INFO  | DNAudit | user=null | ip=null | op=WRITE_CHUNK {blockData=conID: 2 locID: 102704234571497904 bcsId: 0} | ret=SUCCESS |  
2019-08-30 05:17:34,741 | INFO  | DNAudit | user=null | ip=null | op=WRITE_CHUNK {blockData=conID: 2 locID: 102704234571497904 bcsId: 0} | ret=SUCCESS |  
2019-08-30 05:17:34,742 | INFO  | DNAudit | user=null | ip=null | op=WRITE_CHUNK {blockData=conID: 2 locID: 102704234571497904 bcsId: 0} | ret=SUCCESS |  
2019-08-30 05:17:34,743 | INFO  | DNAudit | user=null | ip=null | op=WRITE_CHUNK {blockData=conID: 2 locID: 102704234571497904 bcsId: 0} | ret=SUCCESS |  
2019-08-30 05:17:34,745 | INFO  | DNAudit | user=null | ip=null | op=WRITE_CHUNK {blockData=conID: 2 locID: 102704234571497904 bcsId: 0} | ret=SUCCESS |  
2019-08-30 05:17:34,746 | INFO  | DNAudit | user=null | ip=null | op=WRITE_CHUNK {blockData=conID: 2 locID: 102704234571497904 bcsId: 0} | ret=SUCCESS |  
2019-08-30 05:17:34,752 | INFO  | DNAudit | user=null | ip=null | op=WRITE_CHUNK {blockData=conID: 2 locID: 102704234571497904 bcsId: 0} | ret=SUCCESS |  
2019-08-30 05:17:34,752 | INFO  | DNAudit | user=null | ip=null | op=PUT_BLOCK {blockData=[blockId=conID: 2 locID: 102704234571497904 bcsId: 0,size=1048576]} | ret=SUCCESS |  
2019-08-30 05:17:34,753 | INFO  | DNAudit | user=null | ip=null | op=WRITE_CHUNK {blockData=conID: 2 locID: 102704234571497904 bcsId: 0} | ret=SUCCESS |  
2019-08-30 05:17:34,753 [grpc-default-executor-6] INFO  client.GrpcClientProtocolClient (GrpcClientProtocolClient.java:onNext(255)) - client-574492D41EE7->134d4672-e322-4e4b-b7f3-5645abb0fe8c: receive RaftClientReply:client-574492D41EE7->134d4672-e322-4e4b-b7f3-5645abb0fe8c@group-3CB1DFFBCDC2, cid=887, SUCCESS, logIndex=1175, commits[134d4672-e322-4e4b-b7f3-5645abb0fe8c:c1176, 73af84f3-3e88-4c8c-894c-3ad307bcac8d:c1174, 730a25a1-dbec-44ed-975b-a44ab0096beb:c1174]
2019-08-30 05:17:34,753 | INFO  | DNAudit | user=null | ip=null | op=PUT_BLOCK {blockData=[blockId=conID: 2 locID: 102704234571497904 bcsId: 0,size=2097152]} | ret=SUCCESS |  
2019-08-30 05:17:34,753 [grpc-default-executor-6] INFO  client.GrpcClientProtocolClient (GrpcClientProtocolClient.java:onNext(255)) - client-574492D41EE7->134d4672-e322-4e4b-b7f3-5645abb0fe8c: receive RaftClientReply:client-574492D41EE7->134d4672-e322-4e4b-b7f3-5645abb0fe8c@group-3CB1DFFBCDC2, cid=888, SUCCESS, logIndex=1176, commits[134d4672-e322-4e4b-b7f3-5645abb0fe8c:c1176, 73af84f3-3e88-4c8c-894c-3ad307bcac8d:c1174, 730a25a1-dbec-44ed-975b-a44ab0096beb:c1174]
2019-08-30 05:17:34,754 [grpc-default-executor-6] INFO  client.GrpcClientProtocolClient (GrpcClientProtocolClient.java:onNext(255)) - client-574492D41EE7->134d4672-e322-4e4b-b7f3-5645abb0fe8c: receive RaftClientReply:client-574492D41EE7->134d4672-e322-4e4b-b7f3-5645abb0fe8c@group-3CB1DFFBCDC2, cid=889, SUCCESS, logIndex=1177, commits[134d4672-e322-4e4b-b7f3-5645abb0fe8c:c1178, 73af84f3-3e88-4c8c-894c-3ad307bcac8d:c1174, 730a25a1-dbec-44ed-975b-a44ab0096beb:c1174]
2019-08-30 05:17:34,754 [grpc-default-executor-6] INFO  client.GrpcClientProtocolClient (GrpcClientProtocolClient.java:onNext(255)) - client-574492D41EE7->134d4672-e322-4e4b-b7f3-5645abb0fe8c: receive RaftClientReply:client-574492D41EE7->134d4672-e322-4e4b-b7f3-5645abb0fe8c@group-3CB1DFFBCDC2, cid=890, SUCCESS, logIndex=1178, commits[134d4672-e322-4e4b-b7f3-5645abb0fe8c:c1178, 73af84f3-3e88-4c8c-894c-3ad307bcac8d:c1174, 730a25a1-dbec-44ed-975b-a44ab0096beb:c1174]
2019-08-30 05:17:34,765 | INFO  | DNAudit | user=null | ip=null | op=WRITE_CHUNK {blockData=conID: 2 locID: 102704234571497904 bcsId: 0} | ret=SUCCESS |  
2019-08-30 05:17:34,766 | INFO  | DNAudit | user=null | ip=null | op=PUT_BLOCK {blockData=[blockId=conID: 2 locID: 102704234571497904 bcsId: 0,size=1048576]} | ret=SUCCESS |  
2019-08-30 05:17:34,766 | INFO  | DNAudit | user=null | ip=null | op=WRITE_CHUNK {blockData=conID: 2 locID: 102704234571497904 bcsId: 0} | ret=SUCCESS |  
2019-08-30 05:17:34,766 | INFO  | DNAudit | user=null | ip=null | op=WRITE_CHUNK {blockData=conID: 2 locID: 102704234571497904 bcsId: 0} | ret=SUCCESS |  
2019-08-30 05:17:34,766 | INFO  | DNAudit | user=null | ip=null | op=PUT_BLOCK {blockData=[blockId=conID: 2 locID: 102704234571497904 bcsId: 0,size=1048576]} | ret=SUCCESS |  
2019-08-30 05:17:34,767 | INFO  | DNAudit | user=null | ip=null | op=PUT_BLOCK {blockData=[blockId=conID: 2 locID: 102704234571497904 bcsId: 0,size=2097152]} | ret=SUCCESS |  
2019-08-30 05:17:34,767 | INFO  | DNAudit | user=null | ip=null | op=WRITE_CHUNK {blockData=conID: 2 locID: 102704234571497904 bcsId: 0} | ret=SUCCESS |  
2019-08-30 05:17:34,767 | INFO  | DNAudit | user=null | ip=null | op=PUT_BLOCK {blockData=[blockId=conID: 2 locID: 102704234571497904 bcsId: 0,size=2097152]} | ret=SUCCESS |  
2019-08-30 05:17:34,767 [grpc-default-executor-6] INFO  client.GrpcClientProtocolClient (GrpcClientProtocolClient.java:onNext(255)) - client-574492D41EE7->134d4672-e322-4e4b-b7f3-5645abb0fe8c: receive RaftClientReply:client-574492D41EE7->134d4672-e322-4e4b-b7f3-5645abb0fe8c@group-3CB1DFFBCDC2, cid=891, SUCCESS, logIndex=0, commits[134d4672-e322-4e4b-b7f3-5645abb0fe8c:c1180, 73af84f3-3e88-4c8c-894c-3ad307bcac8d:c1176, 730a25a1-dbec-44ed-975b-a44ab0096beb:c1176]
2019-08-30 05:17:34,774 | INFO  | DNAudit | user=null | ip=null | op=WRITE_CHUNK {blockData=conID: 2 locID: 102704234571497904 bcsId: 1178} | ret=SUCCESS |  
2019-08-30 05:17:34,777 | INFO  | DNAudit | user=null | ip=null | op=WRITE_CHUNK {blockData=conID: 2 locID: 102704234571497904 bcsId: 1178} | ret=SUCCESS |  
2019-08-30 05:17:34,781 | INFO  | DNAudit | user=null | ip=null | op=WRITE_CHUNK {blockData=conID: 2 locID: 102704234571497904 bcsId: 1178} | ret=SUCCESS |  
2019-08-30 05:17:34,788 | INFO  | DNAudit | user=null | ip=null | op=WRITE_CHUNK {blockData=conID: 2 locID: 102704234571497904 bcsId: 1178} | ret=SUCCESS |  
2019-08-30 05:17:34,788 | INFO  | DNAudit | user=null | ip=null | op=PUT_BLOCK {blockData=[blockId=conID: 2 locID: 102704234571497904 bcsId: 0,size=3145728]} | ret=SUCCESS |  
2019-08-30 05:17:34,788 [grpc-default-executor-6] INFO  client.GrpcClientProtocolClient (GrpcClientProtocolClient.java:onNext(255)) - client-574492D41EE7->134d4672-e322-4e4b-b7f3-5645abb0fe8c: receive RaftClientReply:client-574492D41EE7->134d4672-e322-4e4b-b7f3-5645abb0fe8c@group-3CB1DFFBCDC2, cid=892, SUCCESS, logIndex=1183, commits[134d4672-e322-4e4b-b7f3-5645abb0fe8c:c1184, 73af84f3-3e88-4c8c-894c-3ad307bcac8d:c1182, 730a25a1-dbec-44ed-975b-a44ab0096beb:c1182]
2019-08-30 05:17:34,790 [grpc-default-executor-6] INFO  client.GrpcClientProtocolClient (GrpcClientProtocolClient.java:onNext(255)) - client-574492D41EE7->134d4672-e322-4e4b-b7f3-5645abb0fe8c: receive RaftClientReply:client-574492D41EE7->134d4672-e322-4e4b-b7f3-5645abb0fe8c@group-3CB1DFFBCDC2, cid=893, SUCCESS, logIndex=1184, commits[134d4672-e322-4e4b-b7f3-5645abb0fe8c:c1184, 73af84f3-3e88-4c8c-894c-3ad307bcac8d:c1182, 730a25a1-dbec-44ed-975b-a44ab0096beb:c1182]
2019-08-30 05:17:34,799 | INFO  | DNAudit | user=null | ip=null | op=WRITE_CHUNK {blockData=conID: 2 locID: 102704234571497904 bcsId: 1178} | ret=SUCCESS |  
2019-08-30 05:17:34,799 | INFO  | DNAudit | user=null | ip=null | op=WRITE_CHUNK {blockData=conID: 2 locID: 102704234571497904 bcsId: 1178} | ret=SUCCESS |  
2019-08-30 05:17:34,799 | INFO  | DNAudit | user=null | ip=null | op=PUT_BLOCK {blockData=[blockId=conID: 2 locID: 102704234571497904 bcsId: 0,size=3145728]} | ret=SUCCESS |  
2019-08-30 05:17:34,800 | INFO  | DNAudit | user=null | ip=null | op=PUT_BLOCK {blockData=[blockId=conID: 2 locID: 102704234571497904 bcsId: 0,size=3145728]} | ret=SUCCESS |  
2019-08-30 05:17:34,804 | INFO  | DNAudit | user=null | ip=null | op=WRITE_CHUNK {blockData=conID: 2 locID: 102704234571497904 bcsId: 1184} | ret=SUCCESS |  
2019-08-30 05:17:34,808 | INFO  | DNAudit | user=null | ip=null | op=WRITE_CHUNK {blockData=conID: 2 locID: 102704234571497904 bcsId: 1184} | ret=SUCCESS |  
2019-08-30 05:17:34,808 | INFO  | DNAudit | user=null | ip=null | op=WRITE_CHUNK {blockData=conID: 2 locID: 102704234571497904 bcsId: 1184} | ret=SUCCESS |  
2019-08-30 05:17:34,818 | INFO  | DNAudit | user=null | ip=null | op=WRITE_CHUNK {blockData=conID: 2 locID: 102704234571497904 bcsId: 1184} | ret=SUCCESS |  
2019-08-30 05:17:34,819 | INFO  | DNAudit | user=null | ip=null | op=PUT_BLOCK {blockData=[blockId=conID: 2 locID: 102704234571497904 bcsId: 0,size=4194304]} | ret=SUCCESS |  
2019-08-30 05:17:34,820 [grpc-default-executor-3] INFO  client.GrpcClientProtocolClient (GrpcClientProtocolClient.java:onNext(255)) - client-574492D41EE7->134d4672-e322-4e4b-b7f3-5645abb0fe8c: receive RaftClientReply:client-574492D41EE7->134d4672-e322-4e4b-b7f3-5645abb0fe8c@group-3CB1DFFBCDC2, cid=894, SUCCESS, logIndex=1187, commits[134d4672-e322-4e4b-b7f3-5645abb0fe8c:c1188, 73af84f3-3e88-4c8c-894c-3ad307bcac8d:c1186, 730a25a1-dbec-44ed-975b-a44ab0096beb:c1184]
2019-08-30 05:17:34,820 [grpc-default-executor-3] INFO  client.GrpcClientProtocolClient (GrpcClientProtocolClient.java:onNext(255)) - client-574492D41EE7->134d4672-e322-4e4b-b7f3-5645abb0fe8c: receive RaftClientReply:client-574492D41EE7->134d4672-e322-4e4b-b7f3-5645abb0fe8c@group-3CB1DFFBCDC2, cid=895, SUCCESS, logIndex=1188, commits[134d4672-e322-4e4b-b7f3-5645abb0fe8c:c1188, 73af84f3-3e88-4c8c-894c-3ad307bcac8d:c1186, 730a25a1-dbec-44ed-975b-a44ab0096beb:c1186]
2019-08-30 05:17:34,829 | INFO  | DNAudit | user=null | ip=null | op=WRITE_CHUNK {blockData=conID: 2 locID: 102704234571497904 bcsId: 1184} | ret=SUCCESS |  
2019-08-30 05:17:34,829 | INFO  | DNAudit | user=null | ip=null | op=WRITE_CHUNK {blockData=conID: 2 locID: 102704234571497904 bcsId: 1184} | ret=SUCCESS |  
2019-08-30 05:17:34,829 | INFO  | DNAudit | user=null | ip=null | op=PUT_BLOCK {blockData=[blockId=conID: 2 locID: 102704234571497904 bcsId: 0,size=4194304]} | ret=SUCCESS |  
2019-08-30 05:17:34,829 | INFO  | DNAudit | user=null | ip=null | op=PUT_BLOCK {blockData=[blockId=conID: 2 locID: 102704234571497904 bcsId: 0,size=4194304]} | ret=SUCCESS |  
2019-08-30 05:17:34,830 [grpc-default-executor-3] INFO  client.GrpcClientProtocolClient (GrpcClientProtocolClient.java:onNext(255)) - client-574492D41EE7->134d4672-e322-4e4b-b7f3-5645abb0fe8c: receive RaftClientReply:client-574492D41EE7->134d4672-e322-4e4b-b7f3-5645abb0fe8c@group-3CB1DFFBCDC2, cid=896, SUCCESS, logIndex=0, commits[134d4672-e322-4e4b-b7f3-5645abb0fe8c:c1189, 73af84f3-3e88-4c8c-894c-3ad307bcac8d:c1188, 730a25a1-dbec-44ed-975b-a44ab0096beb:c1188]
2019-08-30 05:17:34,842 | INFO  | DNAudit | user=null | ip=null | op=WRITE_CHUNK {blockData=conID: 3 locID: 102704234571497905 bcsId: 0} | ret=SUCCESS |  
2019-08-30 05:17:34,845 | INFO  | DNAudit | user=null | ip=null | op=WRITE_CHUNK {blockData=conID: 3 locID: 102704234571497905 bcsId: 0} | ret=SUCCESS |  
2019-08-30 05:17:34,845 | INFO  | DNAudit | user=null | ip=null | op=WRITE_CHUNK {blockData=conID: 3 locID: 102704234571497905 bcsId: 0} | ret=SUCCESS |  
2019-08-30 05:17:34,848 | INFO  | DNAudit | user=null | ip=null | op=WRITE_CHUNK {blockData=conID: 3 locID: 102704234571497905 bcsId: 0} | ret=SUCCESS |  
2019-08-30 05:17:34,851 | INFO  | DNAudit | user=null | ip=null | op=WRITE_CHUNK {blockData=conID: 3 locID: 102704234571497905 bcsId: 0} | ret=SUCCESS |  
2019-08-30 05:17:34,851 | INFO  | DNAudit | user=null | ip=null | op=WRITE_CHUNK {blockData=conID: 3 locID: 102704234571497905 bcsId: 0} | ret=SUCCESS |  
2019-08-30 05:17:34,854 | INFO  | DNAudit | user=null | ip=null | op=WRITE_CHUNK {blockData=conID: 3 locID: 102704234571497905 bcsId: 0} | ret=SUCCESS |  
2019-08-30 05:17:34,855 | INFO  | DNAudit | user=null | ip=null | op=PUT_BLOCK {blockData=[blockId=conID: 3 locID: 102704234571497905 bcsId: 0,size=1048576]} | ret=SUCCESS |  
2019-08-30 05:17:34,855 | INFO  | DNAudit | user=null | ip=null | op=WRITE_CHUNK {blockData=conID: 3 locID: 102704234571497905 bcsId: 0} | ret=SUCCESS |  
2019-08-30 05:17:34,856 [grpc-default-executor-6] INFO  client.GrpcClientProtocolClient (GrpcClientProtocolClient.java:onNext(255)) - client-574492D41EE7->134d4672-e322-4e4b-b7f3-5645abb0fe8c: receive RaftClientReply:client-574492D41EE7->134d4672-e322-4e4b-b7f3-5645abb0fe8c@group-3CB1DFFBCDC2, cid=897, SUCCESS, logIndex=1191, commits[134d4672-e322-4e4b-b7f3-5645abb0fe8c:c1192, 73af84f3-3e88-4c8c-894c-3ad307bcac8d:c1190, 730a25a1-dbec-44ed-975b-a44ab0096beb:c1190]
2019-08-30 05:17:34,856 | INFO  | DNAudit | user=null | ip=null | op=WRITE_CHUNK {blockData=conID: 3 locID: 102704234571497905 bcsId: 0} | ret=SUCCESS |  
2019-08-30 05:17:34,856 | INFO  | DNAudit | user=null | ip=null | op=PUT_BLOCK {blockData=[blockId=conID: 3 locID: 102704234571497905 bcsId: 0,size=2097152]} | ret=SUCCESS |  
2019-08-30 05:17:34,856 | INFO  | DNAudit | user=null | ip=null | op=PUT_BLOCK {blockData=[blockId=conID: 3 locID: 102704234571497905 bcsId: 0,size=1048576]} | ret=SUCCESS |  
2019-08-30 05:17:34,856 | INFO  | DNAudit | user=null | ip=null | op=WRITE_CHUNK {blockData=conID: 3 locID: 102704234571497905 bcsId: 0} | ret=SUCCESS |  
2019-08-30 05:17:34,856 | INFO  | DNAudit | user=null | ip=null | op=PUT_BLOCK {blockData=[blockId=conID: 3 locID: 102704234571497905 bcsId: 0,size=1048576]} | ret=SUCCESS |  
2019-08-30 05:17:34,856 [grpc-default-executor-6] INFO  client.GrpcClientProtocolClient (GrpcClientProtocolClient.java:onNext(255)) - client-574492D41EE7->134d4672-e322-4e4b-b7f3-5645abb0fe8c: receive RaftClientReply:client-574492D41EE7->134d4672-e322-4e4b-b7f3-5645abb0fe8c@group-3CB1DFFBCDC2, cid=898, SUCCESS, logIndex=1192, commits[134d4672-e322-4e4b-b7f3-5645abb0fe8c:c1192, 73af84f3-3e88-4c8c-894c-3ad307bcac8d:c1190, 730a25a1-dbec-44ed-975b-a44ab0096beb:c1190]
2019-08-30 05:17:34,857 | INFO  | DNAudit | user=null | ip=null | op=WRITE_CHUNK {blockData=conID: 3 locID: 102704234571497905 bcsId: 0} | ret=SUCCESS |  
2019-08-30 05:17:34,857 | INFO  | DNAudit | user=null | ip=null | op=PUT_BLOCK {blockData=[blockId=conID: 3 locID: 102704234571497905 bcsId: 0,size=2097152]} | ret=SUCCESS |  
2019-08-30 05:17:34,857 [grpc-default-executor-6] INFO  client.GrpcClientProtocolClient (GrpcClientProtocolClient.java:onNext(255)) - client-574492D41EE7->134d4672-e322-4e4b-b7f3-5645abb0fe8c: receive RaftClientReply:client-574492D41EE7->134d4672-e322-4e4b-b7f3-5645abb0fe8c@group-3CB1DFFBCDC2, cid=899, SUCCESS, logIndex=1193, commits[134d4672-e322-4e4b-b7f3-5645abb0fe8c:c1194, 73af84f3-3e88-4c8c-894c-3ad307bcac8d:c1190, 730a25a1-dbec-44ed-975b-a44ab0096beb:c1190]
2019-08-30 05:17:34,858 | INFO  | DNAudit | user=null | ip=null | op=WRITE_CHUNK {blockData=conID: 3 locID: 102704234571497905 bcsId: 0} | ret=SUCCESS |  
2019-08-30 05:17:34,858 [grpc-default-executor-6] INFO  client.GrpcClientProtocolClient (GrpcClientProtocolClient.java:onNext(255)) - client-574492D41EE7->134d4672-e322-4e4b-b7f3-5645abb0fe8c: receive RaftClientReply:client-574492D41EE7->134d4672-e322-4e4b-b7f3-5645abb0fe8c@group-3CB1DFFBCDC2, cid=900, SUCCESS, logIndex=1194, commits[134d4672-e322-4e4b-b7f3-5645abb0fe8c:c1195, 73af84f3-3e88-4c8c-894c-3ad307bcac8d:c1190, 730a25a1-dbec-44ed-975b-a44ab0096beb:c1192]
2019-08-30 05:17:34,858 | INFO  | DNAudit | user=null | ip=null | op=PUT_BLOCK {blockData=[blockId=conID: 3 locID: 102704234571497905 bcsId: 0,size=2097152]} | ret=SUCCESS |  
2019-08-30 05:17:34,859 [grpc-default-executor-1] INFO  client.GrpcClientProtocolClient (GrpcClientProtocolClient.java:onNext(255)) - client-574492D41EE7->134d4672-e322-4e4b-b7f3-5645abb0fe8c: receive RaftClientReply:client-574492D41EE7->134d4672-e322-4e4b-b7f3-5645abb0fe8c@group-3CB1DFFBCDC2, cid=901, SUCCESS, logIndex=0, commits[134d4672-e322-4e4b-b7f3-5645abb0fe8c:c1197, 73af84f3-3e88-4c8c-894c-3ad307bcac8d:c1194, 730a25a1-dbec-44ed-975b-a44ab0096beb:c1194]
2019-08-30 05:17:34,868 | INFO  | DNAudit | user=null | ip=null | op=WRITE_CHUNK {blockData=conID: 3 locID: 102704234571497905 bcsId: 1194} | ret=SUCCESS |  
2019-08-30 05:17:34,871 | INFO  | DNAudit | user=null | ip=null | op=WRITE_CHUNK {blockData=conID: 3 locID: 102704234571497905 bcsId: 1194} | ret=SUCCESS |  
2019-08-30 05:17:34,872 | INFO  | DNAudit | user=null | ip=null | op=WRITE_CHUNK {blockData=conID: 3 locID: 102704234571497905 bcsId: 1194} | ret=SUCCESS |  
2019-08-30 05:17:34,894 | INFO  | DNAudit | user=null | ip=null | op=WRITE_CHUNK {blockData=conID: 3 locID: 102704234571497905 bcsId: 1194} | ret=SUCCESS |  
2019-08-30 05:17:34,895 | INFO  | DNAudit | user=null | ip=null | op=PUT_BLOCK {blockData=[blockId=conID: 3 locID: 102704234571497905 bcsId: 0,size=3145728]} | ret=SUCCESS |  
2019-08-30 05:17:34,895 [grpc-default-executor-1] INFO  client.GrpcClientProtocolClient (GrpcClientProtocolClient.java:onNext(255)) - client-574492D41EE7->134d4672-e322-4e4b-b7f3-5645abb0fe8c: receive RaftClientReply:client-574492D41EE7->134d4672-e322-4e4b-b7f3-5645abb0fe8c@group-3CB1DFFBCDC2, cid=902, SUCCESS, logIndex=1198, commits[134d4672-e322-4e4b-b7f3-5645abb0fe8c:c1199, 73af84f3-3e88-4c8c-894c-3ad307bcac8d:c1197, 730a25a1-dbec-44ed-975b-a44ab0096beb:c1197]
2019-08-30 05:17:34,896 [grpc-default-executor-1] INFO  client.GrpcClientProtocolClient (GrpcClientProtocolClient.java:onNext(255)) - client-574492D41EE7->134d4672-e322-4e4b-b7f3-5645abb0fe8c: receive RaftClientReply:client-574492D41EE7->134d4672-e322-4e4b-b7f3-5645abb0fe8c@group-3CB1DFFBCDC2, cid=903, SUCCESS, logIndex=1199, commits[134d4672-e322-4e4b-b7f3-5645abb0fe8c:c1199, 73af84f3-3e88-4c8c-894c-3ad307bcac8d:c1197, 730a25a1-dbec-44ed-975b-a44ab0096beb:c1197]
2019-08-30 05:17:34,904 | INFO  | DNAudit | user=null | ip=null | op=WRITE_CHUNK {blockData=conID: 3 locID: 102704234571497905 bcsId: 1199} | ret=SUCCESS |  
2019-08-30 05:17:34,906 | INFO  | DNAudit | user=null | ip=null | op=WRITE_CHUNK {blockData=conID: 3 locID: 102704234571497905 bcsId: 1194} | ret=SUCCESS |  
2019-08-30 05:17:34,906 | INFO  | DNAudit | user=null | ip=null | op=WRITE_CHUNK {blockData=conID: 3 locID: 102704234571497905 bcsId: 1194} | ret=SUCCESS |  
2019-08-30 05:17:34,907 | INFO  | DNAudit | user=null | ip=null | op=PUT_BLOCK {blockData=[blockId=conID: 3 locID: 102704234571497905 bcsId: 0,size=3145728]} | ret=SUCCESS |  
2019-08-30 05:17:34,907 | INFO  | DNAudit | user=null | ip=null | op=PUT_BLOCK {blockData=[blockId=conID: 3 locID: 102704234571497905 bcsId: 0,size=3145728]} | ret=SUCCESS |  
2019-08-30 05:17:34,907 | INFO  | DNAudit | user=null | ip=null | op=WRITE_CHUNK {blockData=conID: 3 locID: 102704234571497905 bcsId: 1199} | ret=SUCCESS |  
2019-08-30 05:17:34,908 | INFO  | DNAudit | user=null | ip=null | op=WRITE_CHUNK {blockData=conID: 3 locID: 102704234571497905 bcsId: 1199} | ret=SUCCESS |  
2019-08-30 05:17:34,920 | INFO  | DNAudit | user=null | ip=null | op=WRITE_CHUNK {blockData=conID: 3 locID: 102704234571497905 bcsId: 1199} | ret=SUCCESS |  
2019-08-30 05:17:34,920 | INFO  | DNAudit | user=null | ip=null | op=PUT_BLOCK {blockData=[blockId=conID: 3 locID: 102704234571497905 bcsId: 0,size=4194304]} | ret=SUCCESS |  
2019-08-30 05:17:34,921 [grpc-default-executor-3] INFO  client.GrpcClientProtocolClient (GrpcClientProtocolClient.java:onNext(255)) - client-574492D41EE7->134d4672-e322-4e4b-b7f3-5645abb0fe8c: receive RaftClientReply:client-574492D41EE7->134d4672-e322-4e4b-b7f3-5645abb0fe8c@group-3CB1DFFBCDC2, cid=904, SUCCESS, logIndex=1202, commits[134d4672-e322-4e4b-b7f3-5645abb0fe8c:c1203, 73af84f3-3e88-4c8c-894c-3ad307bcac8d:c1199, 730a25a1-dbec-44ed-975b-a44ab0096beb:c1199]
2019-08-30 05:17:34,921 [grpc-default-executor-3] INFO  client.GrpcClientProtocolClient (GrpcClientProtocolClient.java:onNext(255)) - client-574492D41EE7->134d4672-e322-4e4b-b7f3-5645abb0fe8c: receive RaftClientReply:client-574492D41EE7->134d4672-e322-4e4b-b7f3-5645abb0fe8c@group-3CB1DFFBCDC2, cid=905, SUCCESS, logIndex=1203, commits[134d4672-e322-4e4b-b7f3-5645abb0fe8c:c1203, 73af84f3-3e88-4c8c-894c-3ad307bcac8d:c1199, 730a25a1-dbec-44ed-975b-a44ab0096beb:c1199]
2019-08-30 05:17:34,931 | INFO  | DNAudit | user=null | ip=null | op=WRITE_CHUNK {blockData=conID: 3 locID: 102704234571497905 bcsId: 1199} | ret=SUCCESS |  
2019-08-30 05:17:34,932 | INFO  | DNAudit | user=null | ip=null | op=WRITE_CHUNK {blockData=conID: 3 locID: 102704234571497905 bcsId: 1199} | ret=SUCCESS |  
2019-08-30 05:17:34,932 | INFO  | DNAudit | user=null | ip=null | op=PUT_BLOCK {blockData=[blockId=conID: 3 locID: 102704234571497905 bcsId: 0,size=4194304]} | ret=SUCCESS |  
2019-08-30 05:17:34,932 | INFO  | DNAudit | user=null | ip=null | op=PUT_BLOCK {blockData=[blockId=conID: 3 locID: 102704234571497905 bcsId: 0,size=4194304]} | ret=SUCCESS |  
2019-08-30 05:17:34,933 [grpc-default-executor-3] INFO  client.GrpcClientProtocolClient (GrpcClientProtocolClient.java:onNext(255)) - client-574492D41EE7->134d4672-e322-4e4b-b7f3-5645abb0fe8c: receive RaftClientReply:client-574492D41EE7->134d4672-e322-4e4b-b7f3-5645abb0fe8c@group-3CB1DFFBCDC2, cid=906, SUCCESS, logIndex=0, commits[134d4672-e322-4e4b-b7f3-5645abb0fe8c:c1204, 73af84f3-3e88-4c8c-894c-3ad307bcac8d:c1203, 730a25a1-dbec-44ed-975b-a44ab0096beb:c1203]
2019-08-30 05:17:34,943 | INFO  | DNAudit | user=null | ip=null | op=WRITE_CHUNK {blockData=conID: 1 locID: 102704234571497906 bcsId: 0} | ret=SUCCESS |  
2019-08-30 05:17:34,945 | INFO  | DNAudit | user=null | ip=null | op=WRITE_CHUNK {blockData=conID: 1 locID: 102704234571497906 bcsId: 0} | ret=SUCCESS |  
2019-08-30 05:17:34,946 | INFO  | DNAudit | user=null | ip=null | op=WRITE_CHUNK {blockData=conID: 1 locID: 102704234571497906 bcsId: 0} | ret=SUCCESS |  
2019-08-30 05:17:34,946 | INFO  | DNAudit | user=null | ip=null | op=WRITE_CHUNK {blockData=conID: 1 locID: 102704234571497906 bcsId: 0} | ret=SUCCESS |  
2019-08-30 05:17:34,950 | INFO  | DNAudit | user=null | ip=null | op=WRITE_CHUNK {blockData=conID: 1 locID: 102704234571497906 bcsId: 0} | ret=SUCCESS |  
2019-08-30 05:17:34,950 | INFO  | DNAudit | user=null | ip=null | op=WRITE_CHUNK {blockData=conID: 1 locID: 102704234571497906 bcsId: 0} | ret=SUCCESS |  
2019-08-30 05:17:34,955 | INFO  | DNAudit | user=null | ip=null | op=WRITE_CHUNK {blockData=conID: 1 locID: 102704234571497906 bcsId: 0} | ret=SUCCESS |  
2019-08-30 05:17:34,956 | INFO  | DNAudit | user=null | ip=null | op=PUT_BLOCK {blockData=[blockId=conID: 1 locID: 102704234571497906 bcsId: 0,size=1048576]} | ret=SUCCESS |  
2019-08-30 05:17:34,957 | INFO  | DNAudit | user=null | ip=null | op=WRITE_CHUNK {blockData=conID: 1 locID: 102704234571497906 bcsId: 0} | ret=SUCCESS |  
2019-08-30 05:17:34,956 [grpc-default-executor-3] INFO  client.GrpcClientProtocolClient (GrpcClientProtocolClient.java:onNext(255)) - client-574492D41EE7->134d4672-e322-4e4b-b7f3-5645abb0fe8c: receive RaftClientReply:client-574492D41EE7->134d4672-e322-4e4b-b7f3-5645abb0fe8c@group-3CB1DFFBCDC2, cid=907, SUCCESS, logIndex=1206, commits[134d4672-e322-4e4b-b7f3-5645abb0fe8c:c1207, 73af84f3-3e88-4c8c-894c-3ad307bcac8d:c1205, 730a25a1-dbec-44ed-975b-a44ab0096beb:c1205]
2019-08-30 05:17:34,957 | INFO  | DNAudit | user=null | ip=null | op=WRITE_CHUNK {blockData=conID: 1 locID: 102704234571497906 bcsId: 0} | ret=SUCCESS |  
2019-08-30 05:17:34,957 | INFO  | DNAudit | user=null | ip=null | op=PUT_BLOCK {blockData=[blockId=conID: 1 locID: 102704234571497906 bcsId: 0,size=2097152]} | ret=SUCCESS |  
2019-08-30 05:17:34,957 [grpc-default-executor-3] INFO  client.GrpcClientProtocolClient (GrpcClientProtocolClient.java:onNext(255)) - client-574492D41EE7->134d4672-e322-4e4b-b7f3-5645abb0fe8c: receive RaftClientReply:client-574492D41EE7->134d4672-e322-4e4b-b7f3-5645abb0fe8c@group-3CB1DFFBCDC2, cid=908, SUCCESS, logIndex=1207, commits[134d4672-e322-4e4b-b7f3-5645abb0fe8c:c1209, 73af84f3-3e88-4c8c-894c-3ad307bcac8d:c1205, 730a25a1-dbec-44ed-975b-a44ab0096beb:c1205]
2019-08-30 05:17:34,957 | INFO  | DNAudit | user=null | ip=null | op=PUT_BLOCK {blockData=[blockId=conID: 1 locID: 102704234571497906 bcsId: 0,size=1048576]} | ret=SUCCESS |  
2019-08-30 05:17:34,958 | INFO  | DNAudit | user=null | ip=null | op=WRITE_CHUNK {blockData=conID: 1 locID: 102704234571497906 bcsId: 0} | ret=SUCCESS |  
2019-08-30 05:17:34,958 | INFO  | DNAudit | user=null | ip=null | op=PUT_BLOCK {blockData=[blockId=conID: 1 locID: 102704234571497906 bcsId: 0,size=1048576]} | ret=SUCCESS |  
2019-08-30 05:17:34,958 [grpc-default-executor-3] INFO  client.GrpcClientProtocolClient (GrpcClientProtocolClient.java:onNext(255)) - client-574492D41EE7->134d4672-e322-4e4b-b7f3-5645abb0fe8c: receive RaftClientReply:client-574492D41EE7->134d4672-e322-4e4b-b7f3-5645abb0fe8c@group-3CB1DFFBCDC2, cid=909, SUCCESS, logIndex=1208, commits[134d4672-e322-4e4b-b7f3-5645abb0fe8c:c1209, 73af84f3-3e88-4c8c-894c-3ad307bcac8d:c1205, 730a25a1-dbec-44ed-975b-a44ab0096beb:c1205]
2019-08-30 05:17:34,958 | INFO  | DNAudit | user=null | ip=null | op=WRITE_CHUNK {blockData=conID: 1 locID: 102704234571497906 bcsId: 0} | ret=SUCCESS |  
2019-08-30 05:17:34,959 | INFO  | DNAudit | user=null | ip=null | op=PUT_BLOCK {blockData=[blockId=conID: 1 locID: 102704234571497906 bcsId: 0,size=2097152]} | ret=SUCCESS |  
2019-08-30 05:17:34,959 [grpc-default-executor-3] INFO  client.GrpcClientProtocolClient (GrpcClientProtocolClient.java:onNext(255)) - client-574492D41EE7->134d4672-e322-4e4b-b7f3-5645abb0fe8c: receive RaftClientReply:client-574492D41EE7->134d4672-e322-4e4b-b7f3-5645abb0fe8c@group-3CB1DFFBCDC2, cid=910, SUCCESS, logIndex=1209, commits[134d4672-e322-4e4b-b7f3-5645abb0fe8c:c1209, 73af84f3-3e88-4c8c-894c-3ad307bcac8d:c1205, 730a25a1-dbec-44ed-975b-a44ab0096beb:c1205]
2019-08-30 05:17:34,960 [grpc-default-executor-6] INFO  client.GrpcClientProtocolClient (GrpcClientProtocolClient.java:onNext(255)) - client-574492D41EE7->134d4672-e322-4e4b-b7f3-5645abb0fe8c: receive RaftClientReply:client-574492D41EE7->134d4672-e322-4e4b-b7f3-5645abb0fe8c@group-3CB1DFFBCDC2, cid=911, SUCCESS, logIndex=0, commits[134d4672-e322-4e4b-b7f3-5645abb0fe8c:c1211, 73af84f3-3e88-4c8c-894c-3ad307bcac8d:c1209, 730a25a1-dbec-44ed-975b-a44ab0096beb:c1207]
2019-08-30 05:17:34,960 | INFO  | DNAudit | user=null | ip=null | op=WRITE_CHUNK {blockData=conID: 1 locID: 102704234571497906 bcsId: 0} | ret=SUCCESS |  
2019-08-30 05:17:34,961 | INFO  | DNAudit | user=null | ip=null | op=PUT_BLOCK {blockData=[blockId=conID: 1 locID: 102704234571497906 bcsId: 0,size=2097152]} | ret=SUCCESS |  
2019-08-30 05:17:34,966 | INFO  | SCMAudit | user=jenkins1000 | ip=192.168.36.106 | op=SEND_HEARTBEAT {datanodeUUID=73af84f3-3e88-4c8c-894c-3ad307bcac8d, command=[]} | ret=SUCCESS |  
2019-08-30 05:17:34,970 | INFO  | SCMAudit | user=jenkins1000 | ip=192.168.36.106 | op=SEND_HEARTBEAT {datanodeUUID=730a25a1-dbec-44ed-975b-a44ab0096beb, command=[]} | ret=SUCCESS |  
2019-08-30 05:17:35,214 | INFO  | DNAudit | user=null | ip=null | op=WRITE_CHUNK {blockData=conID: 1 locID: 102704234571497906 bcsId: 1209} | ret=SUCCESS |  
2019-08-30 05:17:35,215 | INFO  | SCMAudit | user=jenkins1000 | ip=192.168.36.106 | op=SEND_HEARTBEAT {datanodeUUID=134d4672-e322-4e4b-b7f3-5645abb0fe8c, command=[]} | ret=SUCCESS |  
2019-08-30 05:17:35,216 | INFO  | DNAudit | user=null | ip=null | op=WRITE_CHUNK {blockData=conID: 1 locID: 102704234571497906 bcsId: 1209} | ret=SUCCESS |  
2019-08-30 05:17:35,217 | INFO  | DNAudit | user=null | ip=null | op=WRITE_CHUNK {blockData=conID: 1 locID: 102704234571497906 bcsId: 1209} | ret=SUCCESS |  
2019-08-30 05:17:35,228 | INFO  | DNAudit | user=null | ip=null | op=WRITE_CHUNK {blockData=conID: 1 locID: 102704234571497906 bcsId: 1209} | ret=SUCCESS |  
2019-08-30 05:17:35,228 | INFO  | DNAudit | user=null | ip=null | op=PUT_BLOCK {blockData=[blockId=conID: 1 locID: 102704234571497906 bcsId: 0,size=3145728]} | ret=SUCCESS |  
2019-08-30 05:17:35,229 [grpc-default-executor-3] INFO  client.GrpcClientProtocolClient (GrpcClientProtocolClient.java:onNext(255)) - client-574492D41EE7->134d4672-e322-4e4b-b7f3-5645abb0fe8c: receive RaftClientReply:client-574492D41EE7->134d4672-e322-4e4b-b7f3-5645abb0fe8c@group-3CB1DFFBCDC2, cid=912, SUCCESS, logIndex=1214, commits[134d4672-e322-4e4b-b7f3-5645abb0fe8c:c1215, 73af84f3-3e88-4c8c-894c-3ad307bcac8d:c1213, 730a25a1-dbec-44ed-975b-a44ab0096beb:c1213]
2019-08-30 05:17:35,229 [grpc-default-executor-3] INFO  client.GrpcClientProtocolClient (GrpcClientProtocolClient.java:onNext(255)) - client-574492D41EE7->134d4672-e322-4e4b-b7f3-5645abb0fe8c: receive RaftClientReply:client-574492D41EE7->134d4672-e322-4e4b-b7f3-5645abb0fe8c@group-3CB1DFFBCDC2, cid=913, SUCCESS, logIndex=1215, commits[134d4672-e322-4e4b-b7f3-5645abb0fe8c:c1215, 73af84f3-3e88-4c8c-894c-3ad307bcac8d:c1213, 730a25a1-dbec-44ed-975b-a44ab0096beb:c1213]
2019-08-30 05:17:35,238 | INFO  | DNAudit | user=null | ip=null | op=WRITE_CHUNK {blockData=conID: 1 locID: 102704234571497906 bcsId: 1215} | ret=SUCCESS |  
2019-08-30 05:17:35,239 | INFO  | DNAudit | user=null | ip=null | op=WRITE_CHUNK {blockData=conID: 1 locID: 102704234571497906 bcsId: 1209} | ret=SUCCESS |  
2019-08-30 05:17:35,239 | INFO  | DNAudit | user=null | ip=null | op=WRITE_CHUNK {blockData=conID: 1 locID: 102704234571497906 bcsId: 1209} | ret=SUCCESS |  
2019-08-30 05:17:35,242 | INFO  | DNAudit | user=null | ip=null | op=WRITE_CHUNK {blockData=conID: 1 locID: 102704234571497906 bcsId: 1215} | ret=SUCCESS |  
2019-08-30 05:17:35,242 | INFO  | DNAudit | user=null | ip=null | op=WRITE_CHUNK {blockData=conID: 1 locID: 102704234571497906 bcsId: 1215} | ret=SUCCESS |  
2019-08-30 05:17:35,242 | INFO  | DNAudit | user=null | ip=null | op=PUT_BLOCK {blockData=[blockId=conID: 1 locID: 102704234571497906 bcsId: 0,size=3145728]} | ret=SUCCESS |  
2019-08-30 05:17:35,242 | INFO  | DNAudit | user=null | ip=null | op=PUT_BLOCK {blockData=[blockId=conID: 1 locID: 102704234571497906 bcsId: 0,size=3145728]} | ret=SUCCESS |  
2019-08-30 05:17:35,254 | INFO  | DNAudit | user=null | ip=null | op=WRITE_CHUNK {blockData=conID: 1 locID: 102704234571497906 bcsId: 1215} | ret=SUCCESS |  
2019-08-30 05:17:35,254 | INFO  | DNAudit | user=null | ip=null | op=PUT_BLOCK {blockData=[blockId=conID: 1 locID: 102704234571497906 bcsId: 0,size=4194304]} | ret=SUCCESS |  
2019-08-30 05:17:35,254 [grpc-default-executor-6] INFO  client.GrpcClientProtocolClient (GrpcClientProtocolClient.java:onNext(255)) - client-574492D41EE7->134d4672-e322-4e4b-b7f3-5645abb0fe8c: receive RaftClientReply:client-574492D41EE7->134d4672-e322-4e4b-b7f3-5645abb0fe8c@group-3CB1DFFBCDC2, cid=914, SUCCESS, logIndex=1218, commits[134d4672-e322-4e4b-b7f3-5645abb0fe8c:c1219, 73af84f3-3e88-4c8c-894c-3ad307bcac8d:c1215, 730a25a1-dbec-44ed-975b-a44ab0096beb:c1215]
2019-08-30 05:17:35,255 [grpc-default-executor-6] INFO  client.GrpcClientProtocolClient (GrpcClientProtocolClient.java:onNext(255)) - client-574492D41EE7->134d4672-e322-4e4b-b7f3-5645abb0fe8c: receive RaftClientReply:client-574492D41EE7->134d4672-e322-4e4b-b7f3-5645abb0fe8c@group-3CB1DFFBCDC2, cid=915, SUCCESS, logIndex=1219, commits[134d4672-e322-4e4b-b7f3-5645abb0fe8c:c1219, 73af84f3-3e88-4c8c-894c-3ad307bcac8d:c1215, 730a25a1-dbec-44ed-975b-a44ab0096beb:c1215]
2019-08-30 05:17:35,255 | INFO  | DNAudit | user=null | ip=null | op=WRITE_CHUNK {blockData=conID: 1 locID: 102704234571497906 bcsId: 1215} | ret=SUCCESS |  
2019-08-30 05:17:35,255 | INFO  | DNAudit | user=null | ip=null | op=WRITE_CHUNK {blockData=conID: 1 locID: 102704234571497906 bcsId: 1215} | ret=SUCCESS |  
2019-08-30 05:17:35,256 | INFO  | DNAudit | user=null | ip=null | op=PUT_BLOCK {blockData=[blockId=conID: 1 locID: 102704234571497906 bcsId: 0,size=4194304]} | ret=SUCCESS |  
2019-08-30 05:17:35,256 | INFO  | DNAudit | user=null | ip=null | op=PUT_BLOCK {blockData=[blockId=conID: 1 locID: 102704234571497906 bcsId: 0,size=4194304]} | ret=SUCCESS |  
2019-08-30 05:17:35,256 [grpc-default-executor-1] INFO  client.GrpcClientProtocolClient (GrpcClientProtocolClient.java:onNext(255)) - client-574492D41EE7->134d4672-e322-4e4b-b7f3-5645abb0fe8c: receive RaftClientReply:client-574492D41EE7->134d4672-e322-4e4b-b7f3-5645abb0fe8c@group-3CB1DFFBCDC2, cid=916, SUCCESS, logIndex=0, commits[134d4672-e322-4e4b-b7f3-5645abb0fe8c:c1220, 73af84f3-3e88-4c8c-894c-3ad307bcac8d:c1219, 730a25a1-dbec-44ed-975b-a44ab0096beb:c1219]
2019-08-30 05:17:35,264 | INFO  | DNAudit | user=null | ip=null | op=WRITE_CHUNK {blockData=conID: 2 locID: 102704234571497907 bcsId: 0} | ret=SUCCESS |  
2019-08-30 05:17:35,269 | INFO  | DNAudit | user=null | ip=null | op=WRITE_CHUNK {blockData=conID: 2 locID: 102704234571497907 bcsId: 0} | ret=SUCCESS |  
2019-08-30 05:17:35,269 | INFO  | DNAudit | user=null | ip=null | op=WRITE_CHUNK {blockData=conID: 2 locID: 102704234571497907 bcsId: 0} | ret=SUCCESS |  
2019-08-30 05:17:35,269 | INFO  | DNAudit | user=null | ip=null | op=WRITE_CHUNK {blockData=conID: 2 locID: 102704234571497907 bcsId: 0} | ret=SUCCESS |  
2019-08-30 05:17:35,272 | INFO  | DNAudit | user=null | ip=null | op=WRITE_CHUNK {blockData=conID: 2 locID: 102704234571497907 bcsId: 0} | ret=SUCCESS |  
2019-08-30 05:17:35,272 | INFO  | DNAudit | user=null | ip=null | op=WRITE_CHUNK {blockData=conID: 2 locID: 102704234571497907 bcsId: 0} | ret=SUCCESS |  
2019-08-30 05:17:35,279 | INFO  | SCMAudit | user=jenkins1000 | ip=192.168.36.106 | op=SEND_HEARTBEAT {datanodeUUID=ea5d4b6b-4a08-401a-8c59-ecc1ca37daf5, command=[]} | ret=SUCCESS |  
 0.00% |█                                                                                                    |  0/1 Time: 0:00:042019-08-30 05:17:35,280 | INFO  | DNAudit | user=null | ip=null | op=WRITE_CHUNK {blockData=conID: 2 locID: 102704234571497907 bcsId: 0} | ret=SUCCESS |  
2019-08-30 05:17:35,281 | INFO  | DNAudit | user=null | ip=null | op=PUT_BLOCK {blockData=[blockId=conID: 2 locID: 102704234571497907 bcsId: 0,size=1048576]} | ret=SUCCESS |  
2019-08-30 05:17:35,281 | INFO  | DNAudit | user=null | ip=null | op=WRITE_CHUNK {blockData=conID: 2 locID: 102704234571497907 bcsId: 0} | ret=SUCCESS |  
2019-08-30 05:17:35,281 [grpc-default-executor-6] INFO  client.GrpcClientProtocolClient (GrpcClientProtocolClient.java:onNext(255)) - client-574492D41EE7->134d4672-e322-4e4b-b7f3-5645abb0fe8c: receive RaftClientReply:client-574492D41EE7->134d4672-e322-4e4b-b7f3-5645abb0fe8c@group-3CB1DFFBCDC2, cid=917, SUCCESS, logIndex=1222, commits[134d4672-e322-4e4b-b7f3-5645abb0fe8c:c1223, 73af84f3-3e88-4c8c-894c-3ad307bcac8d:c1221, 730a25a1-dbec-44ed-975b-a44ab0096beb:c1219]
2019-08-30 05:17:35,282 | INFO  | DNAudit | user=null | ip=null | op=PUT_BLOCK {blockData=[blockId=conID: 2 locID: 102704234571497907 bcsId: 0,size=2097152]} | ret=SUCCESS |  
2019-08-30 05:17:35,282 [grpc-default-executor-6] INFO  client.GrpcClientProtocolClient (GrpcClientProtocolClient.java:onNext(255)) - client-574492D41EE7->134d4672-e322-4e4b-b7f3-5645abb0fe8c: receive RaftClientReply:client-574492D41EE7->134d4672-e322-4e4b-b7f3-5645abb0fe8c@group-3CB1DFFBCDC2, cid=918, SUCCESS, logIndex=1223, commits[134d4672-e322-4e4b-b7f3-5645abb0fe8c:c1223, 73af84f3-3e88-4c8c-894c-3ad307bcac8d:c1221, 730a25a1-dbec-44ed-975b-a44ab0096beb:c1221]
2019-08-30 05:17:35,282 [grpc-default-executor-6] INFO  client.GrpcClientProtocolClient (GrpcClientProtocolClient.java:onNext(255)) - client-574492D41EE7->134d4672-e322-4e4b-b7f3-5645abb0fe8c: receive RaftClientReply:client-574492D41EE7->134d4672-e322-4e4b-b7f3-5645abb0fe8c@group-3CB1DFFBCDC2, cid=919, SUCCESS, logIndex=1224, commits[134d4672-e322-4e4b-b7f3-5645abb0fe8c:c1225, 73af84f3-3e88-4c8c-894c-3ad307bcac8d:c1221, 730a25a1-dbec-44ed-975b-a44ab0096beb:c1221]
2019-08-30 05:17:35,283 [grpc-default-executor-6] INFO  client.GrpcClientProtocolClient (GrpcClientProtocolClient.java:onNext(255)) - client-574492D41EE7->134d4672-e322-4e4b-b7f3-5645abb0fe8c: receive RaftClientReply:client-574492D41EE7->134d4672-e322-4e4b-b7f3-5645abb0fe8c@group-3CB1DFFBCDC2, cid=920, SUCCESS, logIndex=1225, commits[134d4672-e322-4e4b-b7f3-5645abb0fe8c:c1225, 73af84f3-3e88-4c8c-894c-3ad307bcac8d:c1221, 730a25a1-dbec-44ed-975b-a44ab0096beb:c1221]
2019-08-30 05:17:35,294 | INFO  | DNAudit | user=null | ip=null | op=WRITE_CHUNK {blockData=conID: 2 locID: 102704234571497907 bcsId: 0} | ret=SUCCESS |  
2019-08-30 05:17:35,294 | INFO  | DNAudit | user=null | ip=null | op=PUT_BLOCK {blockData=[blockId=conID: 2 locID: 102704234571497907 bcsId: 0,size=1048576]} | ret=SUCCESS |  
2019-08-30 05:17:35,294 | INFO  | DNAudit | user=null | ip=null | op=WRITE_CHUNK {blockData=conID: 2 locID: 102704234571497907 bcsId: 0} | ret=SUCCESS |  
2019-08-30 05:17:35,295 | INFO  | DNAudit | user=null | ip=null | op=PUT_BLOCK {blockData=[blockId=conID: 2 locID: 102704234571497907 bcsId: 0,size=1048576]} | ret=SUCCESS |  
2019-08-30 05:17:35,295 | INFO  | DNAudit | user=null | ip=null | op=WRITE_CHUNK {blockData=conID: 2 locID: 102704234571497907 bcsId: 0} | ret=SUCCESS |  
2019-08-30 05:17:35,295 | INFO  | DNAudit | user=null | ip=null | op=WRITE_CHUNK {blockData=conID: 2 locID: 102704234571497907 bcsId: 0} | ret=SUCCESS |  
2019-08-30 05:17:35,295 | INFO  | DNAudit | user=null | ip=null | op=PUT_BLOCK {blockData=[blockId=conID: 2 locID: 102704234571497907 bcsId: 0,size=2097152]} | ret=SUCCESS |  
2019-08-30 05:17:35,295 | INFO  | DNAudit | user=null | ip=null | op=PUT_BLOCK {blockData=[blockId=conID: 2 locID: 102704234571497907 bcsId: 0,size=2097152]} | ret=SUCCESS |  
2019-08-30 05:17:35,295 [grpc-default-executor-6] INFO  client.GrpcClientProtocolClient (GrpcClientProtocolClient.java:onNext(255)) - client-574492D41EE7->134d4672-e322-4e4b-b7f3-5645abb0fe8c: receive RaftClientReply:client-574492D41EE7->134d4672-e322-4e4b-b7f3-5645abb0fe8c@group-3CB1DFFBCDC2, cid=921, SUCCESS, logIndex=0, commits[134d4672-e322-4e4b-b7f3-5645abb0fe8c:c1227, 73af84f3-3e88-4c8c-894c-3ad307bcac8d:c1223, 730a25a1-dbec-44ed-975b-a44ab0096beb:c1223]
2019-08-30 05:17:35,303 | INFO  | DNAudit | user=null | ip=null | op=WRITE_CHUNK {blockData=conID: 2 locID: 102704234571497907 bcsId: 1225} | ret=SUCCESS |  
2019-08-30 05:17:35,306 | INFO  | DNAudit | user=null | ip=null | op=WRITE_CHUNK {blockData=conID: 2 locID: 102704234571497907 bcsId: 1225} | ret=SUCCESS |  
2019-08-30 05:17:35,306 | INFO  | DNAudit | user=null | ip=null | op=WRITE_CHUNK {blockData=conID: 2 locID: 102704234571497907 bcsId: 1225} | ret=SUCCESS |  
2019-08-30 05:17:35,316 | INFO  | DNAudit | user=null | ip=null | op=WRITE_CHUNK {blockData=conID: 2 locID: 102704234571497907 bcsId: 1225} | ret=SUCCESS |  
2019-08-30 05:17:35,317 | INFO  | DNAudit | user=null | ip=null | op=PUT_BLOCK {blockData=[blockId=conID: 2 locID: 102704234571497907 bcsId: 0,size=3145728]} | ret=SUCCESS |  
2019-08-30 05:17:35,317 [grpc-default-executor-1] INFO  client.GrpcClientProtocolClient (GrpcClientProtocolClient.java:onNext(255)) - client-574492D41EE7->134d4672-e322-4e4b-b7f3-5645abb0fe8c: receive RaftClientReply:client-574492D41EE7->134d4672-e322-4e4b-b7f3-5645abb0fe8c@group-3CB1DFFBCDC2, cid=922, SUCCESS, logIndex=1230, commits[134d4672-e322-4e4b-b7f3-5645abb0fe8c:c1231, 73af84f3-3e88-4c8c-894c-3ad307bcac8d:c1229, 730a25a1-dbec-44ed-975b-a44ab0096beb:c1229]
2019-08-30 05:17:35,317 [grpc-default-executor-1] INFO  client.GrpcClientProtocolClient (GrpcClientProtocolClient.java:onNext(255)) - client-574492D41EE7->134d4672-e322-4e4b-b7f3-5645abb0fe8c: receive RaftClientReply:client-574492D41EE7->134d4672-e322-4e4b-b7f3-5645abb0fe8c@group-3CB1DFFBCDC2, cid=923, SUCCESS, logIndex=1231, commits[134d4672-e322-4e4b-b7f3-5645abb0fe8c:c1231, 73af84f3-3e88-4c8c-894c-3ad307bcac8d:c1229, 730a25a1-dbec-44ed-975b-a44ab0096beb:c1229]
2019-08-30 05:17:35,325 | INFO  | DNAudit | user=null | ip=null | op=WRITE_CHUNK {blockData=conID: 2 locID: 102704234571497907 bcsId: 1231} | ret=SUCCESS |  
2019-08-30 05:17:35,327 | INFO  | DNAudit | user=null | ip=null | op=WRITE_CHUNK {blockData=conID: 2 locID: 102704234571497907 bcsId: 1231} | ret=SUCCESS |  
2019-08-30 05:17:35,328 | INFO  | DNAudit | user=null | ip=null | op=WRITE_CHUNK {blockData=conID: 2 locID: 102704234571497907 bcsId: 1231} | ret=SUCCESS |  
2019-08-30 05:17:35,328 | INFO  | DNAudit | user=null | ip=null | op=WRITE_CHUNK {blockData=conID: 2 locID: 102704234571497907 bcsId: 1225} | ret=SUCCESS |  
2019-08-30 05:17:35,328 | INFO  | DNAudit | user=null | ip=null | op=WRITE_CHUNK {blockData=conID: 2 locID: 102704234571497907 bcsId: 1225} | ret=SUCCESS |  
2019-08-30 05:17:35,328 | INFO  | DNAudit | user=null | ip=null | op=PUT_BLOCK {blockData=[blockId=conID: 2 locID: 102704234571497907 bcsId: 0,size=3145728]} | ret=SUCCESS |  
2019-08-30 05:17:35,329 | INFO  | DNAudit | user=null | ip=null | op=PUT_BLOCK {blockData=[blockId=conID: 2 locID: 102704234571497907 bcsId: 0,size=3145728]} | ret=SUCCESS |  
2019-08-30 05:17:35,332 | INFO  | DNAudit | user=null | ip=null | op=WRITE_CHUNK {blockData=conID: 2 locID: 102704234571497907 bcsId: 1231} | ret=SUCCESS |  
2019-08-30 05:17:35,332 | INFO  | DNAudit | user=null | ip=null | op=PUT_BLOCK {blockData=[blockId=conID: 2 locID: 102704234571497907 bcsId: 0,size=4194304]} | ret=SUCCESS |  
2019-08-30 05:17:35,332 [grpc-default-executor-3] INFO  client.GrpcClientProtocolClient (GrpcClientProtocolClient.java:onNext(255)) - client-574492D41EE7->134d4672-e322-4e4b-b7f3-5645abb0fe8c: receive RaftClientReply:client-574492D41EE7->134d4672-e322-4e4b-b7f3-5645abb0fe8c@group-3CB1DFFBCDC2, cid=924, SUCCESS, logIndex=1234, commits[134d4672-e322-4e4b-b7f3-5645abb0fe8c:c1235, 73af84f3-3e88-4c8c-894c-3ad307bcac8d:c1231, 730a25a1-dbec-44ed-975b-a44ab0096beb:c1231]
2019-08-30 05:17:35,333 [grpc-default-executor-3] INFO  client.GrpcClientProtocolClient (GrpcClientProtocolClient.java:onNext(255)) - client-574492D41EE7->134d4672-e322-4e4b-b7f3-5645abb0fe8c: receive RaftClientReply:client-574492D41EE7->134d4672-e322-4e4b-b7f3-5645abb0fe8c@group-3CB1DFFBCDC2, cid=925, SUCCESS, logIndex=1235, commits[134d4672-e322-4e4b-b7f3-5645abb0fe8c:c1235, 73af84f3-3e88-4c8c-894c-3ad307bcac8d:c1231, 730a25a1-dbec-44ed-975b-a44ab0096beb:c1231]
2019-08-30 05:17:35,344 | INFO  | DNAudit | user=null | ip=null | op=WRITE_CHUNK {blockData=conID: 2 locID: 102704234571497907 bcsId: 1231} | ret=SUCCESS |  
2019-08-30 05:17:35,344 | INFO  | DNAudit | user=null | ip=null | op=WRITE_CHUNK {blockData=conID: 2 locID: 102704234571497907 bcsId: 1231} | ret=SUCCESS |  
2019-08-30 05:17:35,346 | INFO  | DNAudit | user=null | ip=null | op=PUT_BLOCK {blockData=[blockId=conID: 2 locID: 102704234571497907 bcsId: 0,size=4194304]} | ret=SUCCESS |  
2019-08-30 05:17:35,346 | INFO  | DNAudit | user=null | ip=null | op=PUT_BLOCK {blockData=[blockId=conID: 2 locID: 102704234571497907 bcsId: 0,size=4194304]} | ret=SUCCESS |  
2019-08-30 05:17:35,347 [grpc-default-executor-6] INFO  client.GrpcClientProtocolClient (GrpcClientProtocolClient.java:onNext(255)) - client-574492D41EE7->134d4672-e322-4e4b-b7f3-5645abb0fe8c: receive RaftClientReply:client-574492D41EE7->134d4672-e322-4e4b-b7f3-5645abb0fe8c@group-3CB1DFFBCDC2, cid=926, SUCCESS, logIndex=0, commits[134d4672-e322-4e4b-b7f3-5645abb0fe8c:c1237, 73af84f3-3e88-4c8c-894c-3ad307bcac8d:c1235, 730a25a1-dbec-44ed-975b-a44ab0096beb:c1235]
2019-08-30 05:17:35,354 | INFO  | DNAudit | user=null | ip=null | op=WRITE_CHUNK {blockData=conID: 3 locID: 102704234571497908 bcsId: 0} | ret=SUCCESS |  
2019-08-30 05:17:35,358 | INFO  | DNAudit | user=null | ip=null | op=WRITE_CHUNK {blockData=conID: 3 locID: 102704234571497908 bcsId: 0} | ret=SUCCESS |  
2019-08-30 05:17:35,358 | INFO  | DNAudit | user=null | ip=null | op=WRITE_CHUNK {blockData=conID: 3 locID: 102704234571497908 bcsId: 0} | ret=SUCCESS |  
2019-08-30 05:17:35,359 | INFO  | DNAudit | user=null | ip=null | op=WRITE_CHUNK {blockData=conID: 3 locID: 102704234571497908 bcsId: 0} | ret=SUCCESS |  
2019-08-30 05:17:35,360 | INFO  | DNAudit | user=null | ip=null | op=WRITE_CHUNK {blockData=conID: 3 locID: 102704234571497908 bcsId: 0} | ret=SUCCESS |  
2019-08-30 05:17:35,361 | INFO  | DNAudit | user=null | ip=null | op=WRITE_CHUNK {blockData=conID: 3 locID: 102704234571497908 bcsId: 0} | ret=SUCCESS |  
2019-08-30 05:17:35,367 | INFO  | DNAudit | user=null | ip=null | op=WRITE_CHUNK {blockData=conID: 3 locID: 102704234571497908 bcsId: 0} | ret=SUCCESS |  
2019-08-30 05:17:35,367 | INFO  | DNAudit | user=null | ip=null | op=PUT_BLOCK {blockData=[blockId=conID: 3 locID: 102704234571497908 bcsId: 0,size=1048576]} | ret=SUCCESS |  
2019-08-30 05:17:35,367 | INFO  | DNAudit | user=null | ip=null | op=WRITE_CHUNK {blockData=conID: 3 locID: 102704234571497908 bcsId: 0} | ret=SUCCESS |  
2019-08-30 05:17:35,367 [grpc-default-executor-5] INFO  client.GrpcClientProtocolClient (GrpcClientProtocolClient.java:onNext(255)) - client-574492D41EE7->134d4672-e322-4e4b-b7f3-5645abb0fe8c: receive RaftClientReply:client-574492D41EE7->134d4672-e322-4e4b-b7f3-5645abb0fe8c@group-3CB1DFFBCDC2, cid=927, SUCCESS, logIndex=1238, commits[134d4672-e322-4e4b-b7f3-5645abb0fe8c:c1240, 73af84f3-3e88-4c8c-894c-3ad307bcac8d:c1237, 730a25a1-dbec-44ed-975b-a44ab0096beb:c1237]
2019-08-30 05:17:35,368 | INFO  | DNAudit | user=null | ip=null | op=PUT_BLOCK {blockData=[blockId=conID: 3 locID: 102704234571497908 bcsId: 0,size=2097152]} | ret=SUCCESS |  
2019-08-30 05:17:35,368 [grpc-default-executor-5] INFO  client.GrpcClientProtocolClient (GrpcClientProtocolClient.java:onNext(255)) - client-574492D41EE7->134d4672-e322-4e4b-b7f3-5645abb0fe8c: receive RaftClientReply:client-574492D41EE7->134d4672-e322-4e4b-b7f3-5645abb0fe8c@group-3CB1DFFBCDC2, cid=928, SUCCESS, logIndex=1239, commits[134d4672-e322-4e4b-b7f3-5645abb0fe8c:c1241, 73af84f3-3e88-4c8c-894c-3ad307bcac8d:c1237, 730a25a1-dbec-44ed-975b-a44ab0096beb:c1237]
2019-08-30 05:17:35,368 [grpc-default-executor-5] INFO  client.GrpcClientProtocolClient (GrpcClientProtocolClient.java:onNext(255)) - client-574492D41EE7->134d4672-e322-4e4b-b7f3-5645abb0fe8c: receive RaftClientReply:client-574492D41EE7->134d4672-e322-4e4b-b7f3-5645abb0fe8c@group-3CB1DFFBCDC2, cid=929, SUCCESS, logIndex=1240, commits[134d4672-e322-4e4b-b7f3-5645abb0fe8c:c1241, 73af84f3-3e88-4c8c-894c-3ad307bcac8d:c1237, 730a25a1-dbec-44ed-975b-a44ab0096beb:c1237]
2019-08-30 05:17:35,369 | INFO  | DNAudit | user=null | ip=null | op=WRITE_CHUNK {blockData=conID: 3 locID: 102704234571497908 bcsId: 0} | ret=SUCCESS |  
2019-08-30 05:17:35,369 [grpc-default-executor-5] INFO  client.GrpcClientProtocolClient (GrpcClientProtocolClient.java:onNext(255)) - client-574492D41EE7->134d4672-e322-4e4b-b7f3-5645abb0fe8c: receive RaftClientReply:client-574492D41EE7->134d4672-e322-4e4b-b7f3-5645abb0fe8c@group-3CB1DFFBCDC2, cid=930, SUCCESS, logIndex=1241, commits[134d4672-e322-4e4b-b7f3-5645abb0fe8c:c1241, 73af84f3-3e88-4c8c-894c-3ad307bcac8d:c1237, 730a25a1-dbec-44ed-975b-a44ab0096beb:c1237]
2019-08-30 05:17:35,378 | INFO  | DNAudit | user=null | ip=null | op=WRITE_CHUNK {blockData=conID: 3 locID: 102704234571497908 bcsId: 0} | ret=SUCCESS |  
2019-08-30 05:17:35,378 | INFO  | DNAudit | user=null | ip=null | op=PUT_BLOCK {blockData=[blockId=conID: 3 locID: 102704234571497908 bcsId: 0,size=1048576]} | ret=SUCCESS |  
2019-08-30 05:17:35,379 | INFO  | DNAudit | user=null | ip=null | op=PUT_BLOCK {blockData=[blockId=conID: 3 locID: 102704234571497908 bcsId: 0,size=1048576]} | ret=SUCCESS |  
2019-08-30 05:17:35,380 | INFO  | DNAudit | user=null | ip=null | op=WRITE_CHUNK {blockData=conID: 3 locID: 102704234571497908 bcsId: 0} | ret=SUCCESS |  
2019-08-30 05:17:35,380 | INFO  | DNAudit | user=null | ip=null | op=WRITE_CHUNK {blockData=conID: 3 locID: 102704234571497908 bcsId: 0} | ret=SUCCESS |  
2019-08-30 05:17:35,380 | INFO  | DNAudit | user=null | ip=null | op=PUT_BLOCK {blockData=[blockId=conID: 3 locID: 102704234571497908 bcsId: 0,size=2097152]} | ret=SUCCESS |  
2019-08-30 05:17:35,380 | INFO  | DNAudit | user=null | ip=null | op=PUT_BLOCK {blockData=[blockId=conID: 3 locID: 102704234571497908 bcsId: 0,size=2097152]} | ret=SUCCESS |  
2019-08-30 05:17:35,380 [grpc-default-executor-3] INFO  client.GrpcClientProtocolClient (GrpcClientProtocolClient.java:onNext(255)) - client-574492D41EE7->134d4672-e322-4e4b-b7f3-5645abb0fe8c: receive RaftClientReply:client-574492D41EE7->134d4672-e322-4e4b-b7f3-5645abb0fe8c@group-3CB1DFFBCDC2, cid=931, SUCCESS, logIndex=0, commits[134d4672-e322-4e4b-b7f3-5645abb0fe8c:c1243, 73af84f3-3e88-4c8c-894c-3ad307bcac8d:c1239, 730a25a1-dbec-44ed-975b-a44ab0096beb:c1239]
2019-08-30 05:17:35,382 | INFO  | SCMAudit | user=jenkins1000 | ip=192.168.36.106 | op=SEND_HEARTBEAT {datanodeUUID=b91a4442-fd83-4a66-bee2-5c7959dbabc3, command=[]} | ret=SUCCESS |  
2019-08-30 05:17:35,387 | INFO  | DNAudit | user=null | ip=null | op=WRITE_CHUNK {blockData=conID: 3 locID: 102704234571497908 bcsId: 1241} | ret=SUCCESS |  
2019-08-30 05:17:35,390 | INFO  | DNAudit | user=null | ip=null | op=WRITE_CHUNK {blockData=conID: 3 locID: 102704234571497908 bcsId: 1241} | ret=SUCCESS |  
2019-08-30 05:17:35,390 | INFO  | DNAudit | user=null | ip=null | op=WRITE_CHUNK {blockData=conID: 3 locID: 102704234571497908 bcsId: 1241} | ret=SUCCESS |  
2019-08-30 05:17:35,397 | INFO  | DNAudit | user=null | ip=null | op=WRITE_CHUNK {blockData=conID: 3 locID: 102704234571497908 bcsId: 1241} | ret=SUCCESS |  
2019-08-30 05:17:35,397 | INFO  | DNAudit | user=null | ip=null | op=PUT_BLOCK {blockData=[blockId=conID: 3 locID: 102704234571497908 bcsId: 0,size=3145728]} | ret=SUCCESS |  
2019-08-30 05:17:35,397 [grpc-default-executor-3] INFO  client.GrpcClientProtocolClient (GrpcClientProtocolClient.java:onNext(255)) - client-574492D41EE7->134d4672-e322-4e4b-b7f3-5645abb0fe8c: receive RaftClientReply:client-574492D41EE7->134d4672-e322-4e4b-b7f3-5645abb0fe8c@group-3CB1DFFBCDC2, cid=932, SUCCESS, logIndex=1246, commits[134d4672-e322-4e4b-b7f3-5645abb0fe8c:c1247, 73af84f3-3e88-4c8c-894c-3ad307bcac8d:c1245, 730a25a1-dbec-44ed-975b-a44ab0096beb:c1245]
2019-08-30 05:17:35,398 [grpc-default-executor-3] INFO  client.GrpcClientProtocolClient (GrpcClientProtocolClient.java:onNext(255)) - client-574492D41EE7->134d4672-e322-4e4b-b7f3-5645abb0fe8c: receive RaftClientReply:client-574492D41EE7->134d4672-e322-4e4b-b7f3-5645abb0fe8c@group-3CB1DFFBCDC2, cid=933, SUCCESS, logIndex=1247, commits[134d4672-e322-4e4b-b7f3-5645abb0fe8c:c1247, 73af84f3-3e88-4c8c-894c-3ad307bcac8d:c1245, 730a25a1-dbec-44ed-975b-a44ab0096beb:c1245]
2019-08-30 05:17:35,405 | INFO  | DNAudit | user=null | ip=null | op=WRITE_CHUNK {blockData=conID: 3 locID: 102704234571497908 bcsId: 1247} | ret=SUCCESS |  
2019-08-30 05:17:35,407 | INFO  | DNAudit | user=null | ip=null | op=WRITE_CHUNK {blockData=conID: 3 locID: 102704234571497908 bcsId: 1241} | ret=SUCCESS |  
2019-08-30 05:17:35,407 | INFO  | DNAudit | user=null | ip=null | op=WRITE_CHUNK {blockData=conID: 3 locID: 102704234571497908 bcsId: 1241} | ret=SUCCESS |  
2019-08-30 05:17:35,407 | INFO  | DNAudit | user=null | ip=null | op=WRITE_CHUNK {blockData=conID: 3 locID: 102704234571497908 bcsId: 1247} | ret=SUCCESS |  
2019-08-30 05:17:35,408 | INFO  | DNAudit | user=null | ip=null | op=WRITE_CHUNK {blockData=conID: 3 locID: 102704234571497908 bcsId: 1247} | ret=SUCCESS |  
2019-08-30 05:17:35,409 | INFO  | DNAudit | user=null | ip=null | op=PUT_BLOCK {blockData=[blockId=conID: 3 locID: 102704234571497908 bcsId: 0,size=3145728]} | ret=SUCCESS |  
2019-08-30 05:17:35,410 | INFO  | DNAudit | user=null | ip=null | op=PUT_BLOCK {blockData=[blockId=conID: 3 locID: 102704234571497908 bcsId: 0,size=3145728]} | ret=SUCCESS |  
2019-08-30 05:17:35,410 | INFO  | DNAudit | user=null | ip=null | op=WRITE_CHUNK {blockData=conID: 3 locID: 102704234571497908 bcsId: 1247} | ret=SUCCESS |  
2019-08-30 05:17:35,411 | INFO  | DNAudit | user=null | ip=null | op=PUT_BLOCK {blockData=[blockId=conID: 3 locID: 102704234571497908 bcsId: 0,size=4194304]} | ret=SUCCESS |  
2019-08-30 05:17:35,411 [grpc-default-executor-6] INFO  client.GrpcClientProtocolClient (GrpcClientProtocolClient.java:onNext(255)) - client-574492D41EE7->134d4672-e322-4e4b-b7f3-5645abb0fe8c: receive RaftClientReply:client-574492D41EE7->134d4672-e322-4e4b-b7f3-5645abb0fe8c@group-3CB1DFFBCDC2, cid=934, SUCCESS, logIndex=1250, commits[134d4672-e322-4e4b-b7f3-5645abb0fe8c:c1251, 73af84f3-3e88-4c8c-894c-3ad307bcac8d:c1247, 730a25a1-dbec-44ed-975b-a44ab0096beb:c1247]
2019-08-30 05:17:35,411 [grpc-default-executor-6] INFO  client.GrpcClientProtocolClient (GrpcClientProtocolClient.java:onNext(255)) - client-574492D41EE7->134d4672-e322-4e4b-b7f3-5645abb0fe8c: receive RaftClientReply:client-574492D41EE7->134d4672-e322-4e4b-b7f3-5645abb0fe8c@group-3CB1DFFBCDC2, cid=935, SUCCESS, logIndex=1251, commits[134d4672-e322-4e4b-b7f3-5645abb0fe8c:c1251, 73af84f3-3e88-4c8c-894c-3ad307bcac8d:c1247, 730a25a1-dbec-44ed-975b-a44ab0096beb:c1247]
2019-08-30 05:17:35,413 | INFO  | DNAudit | user=null | ip=null | op=WRITE_CHUNK {blockData=conID: 3 locID: 102704234571497908 bcsId: 1247} | ret=SUCCESS |  
2019-08-30 05:17:35,413 | INFO  | DNAudit | user=null | ip=null | op=PUT_BLOCK {blockData=[blockId=conID: 3 locID: 102704234571497908 bcsId: 0,size=4194304]} | ret=SUCCESS |  
2019-08-30 05:17:35,415 | INFO  | DNAudit | user=null | ip=null | op=WRITE_CHUNK {blockData=conID: 3 locID: 102704234571497908 bcsId: 1247} | ret=SUCCESS |  
2019-08-30 05:17:35,415 | INFO  | DNAudit | user=null | ip=null | op=PUT_BLOCK {blockData=[blockId=conID: 3 locID: 102704234571497908 bcsId: 0,size=4194304]} | ret=SUCCESS |  
2019-08-30 05:17:35,415 [grpc-default-executor-6] INFO  client.GrpcClientProtocolClient (GrpcClientProtocolClient.java:onNext(255)) - client-574492D41EE7->134d4672-e322-4e4b-b7f3-5645abb0fe8c: receive RaftClientReply:client-574492D41EE7->134d4672-e322-4e4b-b7f3-5645abb0fe8c@group-3CB1DFFBCDC2, cid=936, SUCCESS, logIndex=0, commits[134d4672-e322-4e4b-b7f3-5645abb0fe8c:c1252, 73af84f3-3e88-4c8c-894c-3ad307bcac8d:c1251, 730a25a1-dbec-44ed-975b-a44ab0096beb:c1251]
2019-08-30 05:17:35,423 | INFO  | DNAudit | user=null | ip=null | op=WRITE_CHUNK {blockData=conID: 1 locID: 102704234571563445 bcsId: 0} | ret=SUCCESS |  
2019-08-30 05:17:35,427 | INFO  | DNAudit | user=null | ip=null | op=WRITE_CHUNK {blockData=conID: 1 locID: 102704234571563445 bcsId: 0} | ret=SUCCESS |  
2019-08-30 05:17:35,428 | INFO  | DNAudit | user=null | ip=null | op=WRITE_CHUNK {blockData=conID: 1 locID: 102704234571563445 bcsId: 0} | ret=SUCCESS |  
2019-08-30 05:17:35,428 | INFO  | DNAudit | user=null | ip=null | op=WRITE_CHUNK {blockData=conID: 1 locID: 102704234571563445 bcsId: 0} | ret=SUCCESS |  
2019-08-30 05:17:35,429 | INFO  | DNAudit | user=null | ip=null | op=WRITE_CHUNK {blockData=conID: 1 locID: 102704234571563445 bcsId: 0} | ret=SUCCESS |  
2019-08-30 05:17:35,429 | INFO  | DNAudit | user=null | ip=null | op=WRITE_CHUNK {blockData=conID: 1 locID: 102704234571563445 bcsId: 0} | ret=SUCCESS |  
2019-08-30 05:17:35,439 | INFO  | DNAudit | user=null | ip=null | op=WRITE_CHUNK {blockData=conID: 1 locID: 102704234571563445 bcsId: 0} | ret=SUCCESS |  
2019-08-30 05:17:35,440 | INFO  | DNAudit | user=null | ip=null | op=PUT_BLOCK {blockData=[blockId=conID: 1 locID: 102704234571563445 bcsId: 0,size=1048576]} | ret=SUCCESS |  
2019-08-30 05:17:35,440 | INFO  | DNAudit | user=null | ip=null | op=WRITE_CHUNK {blockData=conID: 1 locID: 102704234571563445 bcsId: 0} | ret=SUCCESS |  
2019-08-30 05:17:35,440 [grpc-default-executor-5] INFO  client.GrpcClientProtocolClient (GrpcClientProtocolClient.java:onNext(255)) - client-574492D41EE7->134d4672-e322-4e4b-b7f3-5645abb0fe8c: receive RaftClientReply:client-574492D41EE7->134d4672-e322-4e4b-b7f3-5645abb0fe8c@group-3CB1DFFBCDC2, cid=937, SUCCESS, logIndex=1254, commits[134d4672-e322-4e4b-b7f3-5645abb0fe8c:c1257, 73af84f3-3e88-4c8c-894c-3ad307bcac8d:c1253, 730a25a1-dbec-44ed-975b-a44ab0096beb:c1253]
2019-08-30 05:17:35,440 | INFO  | DNAudit | user=null | ip=null | op=PUT_BLOCK {blockData=[blockId=conID: 1 locID: 102704234571563445 bcsId: 0,size=2097152]} | ret=SUCCESS |  
2019-08-30 05:17:35,441 [grpc-default-executor-5] INFO  client.GrpcClientProtocolClient (GrpcClientProtocolClient.java:onNext(255)) - client-574492D41EE7->134d4672-e322-4e4b-b7f3-5645abb0fe8c: receive RaftClientReply:client-574492D41EE7->134d4672-e322-4e4b-b7f3-5645abb0fe8c@group-3CB1DFFBCDC2, cid=938, SUCCESS, logIndex=1255, commits[134d4672-e322-4e4b-b7f3-5645abb0fe8c:c1257, 73af84f3-3e88-4c8c-894c-3ad307bcac8d:c1253, 730a25a1-dbec-44ed-975b-a44ab0096beb:c1253]
2019-08-30 05:17:35,441 [grpc-default-executor-5] INFO  client.GrpcClientProtocolClient (GrpcClientProtocolClient.java:onNext(255)) - client-574492D41EE7->134d4672-e322-4e4b-b7f3-5645abb0fe8c: receive RaftClientReply:client-574492D41EE7->134d4672-e322-4e4b-b7f3-5645abb0fe8c@group-3CB1DFFBCDC2, cid=939, SUCCESS, logIndex=1256, commits[134d4672-e322-4e4b-b7f3-5645abb0fe8c:c1257, 73af84f3-3e88-4c8c-894c-3ad307bcac8d:c1253, 730a25a1-dbec-44ed-975b-a44ab0096beb:c1253]
2019-08-30 05:17:35,441 [grpc-default-executor-5] INFO  client.GrpcClientProtocolClient (GrpcClientProtocolClient.java:onNext(255)) - client-574492D41EE7->134d4672-e322-4e4b-b7f3-5645abb0fe8c: receive RaftClientReply:client-574492D41EE7->134d4672-e322-4e4b-b7f3-5645abb0fe8c@group-3CB1DFFBCDC2, cid=940, SUCCESS, logIndex=1257, commits[134d4672-e322-4e4b-b7f3-5645abb0fe8c:c1257, 73af84f3-3e88-4c8c-894c-3ad307bcac8d:c1253, 730a25a1-dbec-44ed-975b-a44ab0096beb:c1253]
2019-08-30 05:17:35,449 | INFO  | DNAudit | user=null | ip=null | op=WRITE_CHUNK {blockData=conID: 1 locID: 102704234571563445 bcsId: 0} | ret=SUCCESS |  
2019-08-30 05:17:35,449 | INFO  | DNAudit | user=null | ip=null | op=WRITE_CHUNK {blockData=conID: 1 locID: 102704234571563445 bcsId: 0} | ret=SUCCESS |  
2019-08-30 05:17:35,449 | INFO  | DNAudit | user=null | ip=null | op=PUT_BLOCK {blockData=[blockId=conID: 1 locID: 102704234571563445 bcsId: 0,size=1048576]} | ret=SUCCESS |  
2019-08-30 05:17:35,449 | INFO  | DNAudit | user=null | ip=null | op=PUT_BLOCK {blockData=[blockId=conID: 1 locID: 102704234571563445 bcsId: 0,size=1048576]} | ret=SUCCESS |  
2019-08-30 05:17:35,449 [grpc-default-executor-5] INFO  client.GrpcClientProtocolClient (GrpcClientProtocolClient.java:onNext(255)) - client-574492D41EE7->134d4672-e322-4e4b-b7f3-5645abb0fe8c: receive RaftClientReply:client-574492D41EE7->134d4672-e322-4e4b-b7f3-5645abb0fe8c@group-3CB1DFFBCDC2, cid=941, SUCCESS, logIndex=0, commits[134d4672-e322-4e4b-b7f3-5645abb0fe8c:c1258, 73af84f3-3e88-4c8c-894c-3ad307bcac8d:c1255, 730a25a1-dbec-44ed-975b-a44ab0096beb:c1255]
2019-08-30 05:17:35,452 | INFO  | DNAudit | user=null | ip=null | op=WRITE_CHUNK {blockData=conID: 1 locID: 102704234571563445 bcsId: 0} | ret=SUCCESS |  
2019-08-30 05:17:35,452 | INFO  | DNAudit | user=null | ip=null | op=PUT_BLOCK {blockData=[blockId=conID: 1 locID: 102704234571563445 bcsId: 0,size=2097152]} | ret=SUCCESS |  
2019-08-30 05:17:35,452 | INFO  | DNAudit | user=null | ip=null | op=WRITE_CHUNK {blockData=conID: 1 locID: 102704234571563445 bcsId: 0} | ret=SUCCESS |  
2019-08-30 05:17:35,452 | INFO  | DNAudit | user=null | ip=null | op=PUT_BLOCK {blockData=[blockId=conID: 1 locID: 102704234571563445 bcsId: 0,size=2097152]} | ret=SUCCESS |  
2019-08-30 05:17:35,457 | INFO  | DNAudit | user=null | ip=null | op=WRITE_CHUNK {blockData=conID: 1 locID: 102704234571563445 bcsId: 1257} | ret=SUCCESS |  
2019-08-30 05:17:35,459 | INFO  | DNAudit | user=null | ip=null | op=WRITE_CHUNK {blockData=conID: 1 locID: 102704234571563445 bcsId: 1257} | ret=SUCCESS |  
2019-08-30 05:17:35,459 | INFO  | DNAudit | user=null | ip=null | op=WRITE_CHUNK {blockData=conID: 1 locID: 102704234571563445 bcsId: 1257} | ret=SUCCESS |  
2019-08-30 05:17:35,470 | INFO  | DNAudit | user=null | ip=null | op=WRITE_CHUNK {blockData=conID: 1 locID: 102704234571563445 bcsId: 1257} | ret=SUCCESS |  
2019-08-30 05:17:35,470 | INFO  | DNAudit | user=null | ip=null | op=PUT_BLOCK {blockData=[blockId=conID: 1 locID: 102704234571563445 bcsId: 0,size=3145728]} | ret=SUCCESS |  
2019-08-30 05:17:35,470 [grpc-default-executor-6] INFO  client.GrpcClientProtocolClient (GrpcClientProtocolClient.java:onNext(255)) - client-574492D41EE7->134d4672-e322-4e4b-b7f3-5645abb0fe8c: receive RaftClientReply:client-574492D41EE7->134d4672-e322-4e4b-b7f3-5645abb0fe8c@group-3CB1DFFBCDC2, cid=942, SUCCESS, logIndex=1261, commits[134d4672-e322-4e4b-b7f3-5645abb0fe8c:c1262, 73af84f3-3e88-4c8c-894c-3ad307bcac8d:c1260, 730a25a1-dbec-44ed-975b-a44ab0096beb:c1260]
2019-08-30 05:17:35,471 [grpc-default-executor-6] INFO  client.GrpcClientProtocolClient (GrpcClientProtocolClient.java:onNext(255)) - client-574492D41EE7->134d4672-e322-4e4b-b7f3-5645abb0fe8c: receive RaftClientReply:client-574492D41EE7->134d4672-e322-4e4b-b7f3-5645abb0fe8c@group-3CB1DFFBCDC2, cid=943, SUCCESS, logIndex=1262, commits[134d4672-e322-4e4b-b7f3-5645abb0fe8c:c1262, 73af84f3-3e88-4c8c-894c-3ad307bcac8d:c1260, 730a25a1-dbec-44ed-975b-a44ab0096beb:c1260]
2019-08-30 05:17:35,473 | INFO  | DNAudit | user=null | ip=null | op=WRITE_CHUNK {blockData=conID: 1 locID: 102704234571563445 bcsId: 1257} | ret=SUCCESS |  
2019-08-30 05:17:35,473 | INFO  | DNAudit | user=null | ip=null | op=WRITE_CHUNK {blockData=conID: 1 locID: 102704234571563445 bcsId: 1257} | ret=SUCCESS |  
2019-08-30 05:17:35,473 | INFO  | DNAudit | user=null | ip=null | op=PUT_BLOCK {blockData=[blockId=conID: 1 locID: 102704234571563445 bcsId: 0,size=3145728]} | ret=SUCCESS |  
2019-08-30 05:17:35,474 | INFO  | DNAudit | user=null | ip=null | op=PUT_BLOCK {blockData=[blockId=conID: 1 locID: 102704234571563445 bcsId: 0,size=3145728]} | ret=SUCCESS |  
2019-08-30 05:17:35,477 | INFO  | DNAudit | user=null | ip=null | op=WRITE_CHUNK {blockData=conID: 1 locID: 102704234571563445 bcsId: 1262} | ret=SUCCESS |  
2019-08-30 05:17:35,481 | INFO  | DNAudit | user=null | ip=null | op=WRITE_CHUNK {blockData=conID: 1 locID: 102704234571563445 bcsId: 1262} | ret=SUCCESS |  
2019-08-30 05:17:35,481 | INFO  | DNAudit | user=null | ip=null | op=WRITE_CHUNK {blockData=conID: 1 locID: 102704234571563445 bcsId: 1262} | ret=SUCCESS |  
2019-08-30 05:17:35,491 | INFO  | DNAudit | user=null | ip=null | op=WRITE_CHUNK {blockData=conID: 1 locID: 102704234571563445 bcsId: 1262} | ret=SUCCESS |  
2019-08-30 05:17:35,491 | INFO  | DNAudit | user=null | ip=null | op=PUT_BLOCK {blockData=[blockId=conID: 1 locID: 102704234571563445 bcsId: 0,size=4194304]} | ret=SUCCESS |  
2019-08-30 05:17:35,491 [grpc-default-executor-6] INFO  client.GrpcClientProtocolClient (GrpcClientProtocolClient.java:onNext(255)) - client-574492D41EE7->134d4672-e322-4e4b-b7f3-5645abb0fe8c: receive RaftClientReply:client-574492D41EE7->134d4672-e322-4e4b-b7f3-5645abb0fe8c@group-3CB1DFFBCDC2, cid=944, SUCCESS, logIndex=1265, commits[134d4672-e322-4e4b-b7f3-5645abb0fe8c:c1266, 73af84f3-3e88-4c8c-894c-3ad307bcac8d:c1264, 730a25a1-dbec-44ed-975b-a44ab0096beb:c1264]
2019-08-30 05:17:35,492 [grpc-default-executor-6] INFO  client.GrpcClientProtocolClient (GrpcClientProtocolClient.java:onNext(255)) - client-574492D41EE7->134d4672-e322-4e4b-b7f3-5645abb0fe8c: receive RaftClientReply:client-574492D41EE7->134d4672-e322-4e4b-b7f3-5645abb0fe8c@group-3CB1DFFBCDC2, cid=945, SUCCESS, logIndex=1266, commits[134d4672-e322-4e4b-b7f3-5645abb0fe8c:c1266, 73af84f3-3e88-4c8c-894c-3ad307bcac8d:c1264, 730a25a1-dbec-44ed-975b-a44ab0096beb:c1264]
2019-08-30 05:17:35,506 | INFO  | DNAudit | user=null | ip=null | op=WRITE_CHUNK {blockData=conID: 1 locID: 102704234571563445 bcsId: 1262} | ret=SUCCESS |  
2019-08-30 05:17:35,506 | INFO  | DNAudit | user=null | ip=null | op=WRITE_CHUNK {blockData=conID: 1 locID: 102704234571563445 bcsId: 1262} | ret=SUCCESS |  
2019-08-30 05:17:35,507 | INFO  | DNAudit | user=null | ip=null | op=PUT_BLOCK {blockData=[blockId=conID: 1 locID: 102704234571563445 bcsId: 0,size=4194304]} | ret=SUCCESS |  
2019-08-30 05:17:35,508 | INFO  | DNAudit | user=null | ip=null | op=PUT_BLOCK {blockData=[blockId=conID: 1 locID: 102704234571563445 bcsId: 0,size=4194304]} | ret=SUCCESS |  
2019-08-30 05:17:35,508 [grpc-default-executor-6] INFO  client.GrpcClientProtocolClient (GrpcClientProtocolClient.java:onNext(255)) - client-574492D41EE7->134d4672-e322-4e4b-b7f3-5645abb0fe8c: receive RaftClientReply:client-574492D41EE7->134d4672-e322-4e4b-b7f3-5645abb0fe8c@group-3CB1DFFBCDC2, cid=946, SUCCESS, logIndex=0, commits[134d4672-e322-4e4b-b7f3-5645abb0fe8c:c1268, 73af84f3-3e88-4c8c-894c-3ad307bcac8d:c1266, 730a25a1-dbec-44ed-975b-a44ab0096beb:c1266]
2019-08-30 05:17:35,516 | INFO  | DNAudit | user=null | ip=null | op=WRITE_CHUNK {blockData=conID: 2 locID: 102704234571563446 bcsId: 0} | ret=SUCCESS |  
2019-08-30 05:17:35,518 | INFO  | DNAudit | user=null | ip=null | op=WRITE_CHUNK {blockData=conID: 2 locID: 102704234571563446 bcsId: 0} | ret=SUCCESS |  
2019-08-30 05:17:35,519 | INFO  | DNAudit | user=null | ip=null | op=WRITE_CHUNK {blockData=conID: 2 locID: 102704234571563446 bcsId: 0} | ret=SUCCESS |  
2019-08-30 05:17:35,519 | INFO  | DNAudit | user=null | ip=null | op=WRITE_CHUNK {blockData=conID: 2 locID: 102704234571563446 bcsId: 0} | ret=SUCCESS |  
2019-08-30 05:17:35,521 | INFO  | DNAudit | user=null | ip=null | op=WRITE_CHUNK {blockData=conID: 2 locID: 102704234571563446 bcsId: 0} | ret=SUCCESS |  
2019-08-30 05:17:35,521 | INFO  | DNAudit | user=null | ip=null | op=WRITE_CHUNK {blockData=conID: 2 locID: 102704234571563446 bcsId: 0} | ret=SUCCESS |  
2019-08-30 05:17:35,524 | INFO  | DNAudit | user=null | ip=null | op=WRITE_CHUNK {blockData=conID: 2 locID: 102704234571563446 bcsId: 0} | ret=SUCCESS |  
2019-08-30 05:17:35,525 | INFO  | DNAudit | user=null | ip=null | op=PUT_BLOCK {blockData=[blockId=conID: 2 locID: 102704234571563446 bcsId: 0,size=1048576]} | ret=SUCCESS |  
2019-08-30 05:17:35,525 [grpc-default-executor-5] INFO  client.GrpcClientProtocolClient (GrpcClientProtocolClient.java:onNext(255)) - client-574492D41EE7->134d4672-e322-4e4b-b7f3-5645abb0fe8c: receive RaftClientReply:client-574492D41EE7->134d4672-e322-4e4b-b7f3-5645abb0fe8c@group-3CB1DFFBCDC2, cid=947, SUCCESS, logIndex=1269, commits[134d4672-e322-4e4b-b7f3-5645abb0fe8c:c1270, 73af84f3-3e88-4c8c-894c-3ad307bcac8d:c1268, 730a25a1-dbec-44ed-975b-a44ab0096beb:c1268]
2019-08-30 05:17:35,525 [grpc-default-executor-6] INFO  client.GrpcClientProtocolClient (GrpcClientProtocolClient.java:onNext(255)) - client-574492D41EE7->134d4672-e322-4e4b-b7f3-5645abb0fe8c: receive RaftClientReply:client-574492D41EE7->134d4672-e322-4e4b-b7f3-5645abb0fe8c@group-3CB1DFFBCDC2, cid=948, SUCCESS, logIndex=1270, commits[134d4672-e322-4e4b-b7f3-5645abb0fe8c:c1270, 73af84f3-3e88-4c8c-894c-3ad307bcac8d:c1268, 730a25a1-dbec-44ed-975b-a44ab0096beb:c1268]
2019-08-30 05:17:35,527 | INFO  | DNAudit | user=null | ip=null | op=WRITE_CHUNK {blockData=conID: 2 locID: 102704234571563446 bcsId: 0} | ret=SUCCESS |  
2019-08-30 05:17:35,527 | INFO  | DNAudit | user=null | ip=null | op=WRITE_CHUNK {blockData=conID: 2 locID: 102704234571563446 bcsId: 0} | ret=SUCCESS |  
2019-08-30 05:17:35,527 | INFO  | DNAudit | user=null | ip=null | op=PUT_BLOCK {blockData=[blockId=conID: 2 locID: 102704234571563446 bcsId: 0,size=2097152]} | ret=SUCCESS |  
2019-08-30 05:17:35,527 | INFO  | DNAudit | user=null | ip=null | op=PUT_BLOCK {blockData=[blockId=conID: 2 locID: 102704234571563446 bcsId: 0,size=1048576]} | ret=SUCCESS |  
2019-08-30 05:17:35,527 [grpc-default-executor-6] INFO  client.GrpcClientProtocolClient (GrpcClientProtocolClient.java:onNext(255)) - client-574492D41EE7->134d4672-e322-4e4b-b7f3-5645abb0fe8c: receive RaftClientReply:client-574492D41EE7->134d4672-e322-4e4b-b7f3-5645abb0fe8c@group-3CB1DFFBCDC2, cid=949, SUCCESS, logIndex=1271, commits[134d4672-e322-4e4b-b7f3-5645abb0fe8c:c1272, 73af84f3-3e88-4c8c-894c-3ad307bcac8d:c1268, 730a25a1-dbec-44ed-975b-a44ab0096beb:c1268]
2019-08-30 05:17:35,528 [grpc-default-executor-6] INFO  client.GrpcClientProtocolClient (GrpcClientProtocolClient.java:onNext(255)) - client-574492D41EE7->134d4672-e322-4e4b-b7f3-5645abb0fe8c: receive RaftClientReply:client-574492D41EE7->134d4672-e322-4e4b-b7f3-5645abb0fe8c@group-3CB1DFFBCDC2, cid=950, SUCCESS, logIndex=1272, commits[134d4672-e322-4e4b-b7f3-5645abb0fe8c:c1272, 73af84f3-3e88-4c8c-894c-3ad307bcac8d:c1270, 730a25a1-dbec-44ed-975b-a44ab0096beb:c1268]
2019-08-30 05:17:35,538 | INFO  | DNAudit | user=null | ip=null | op=WRITE_CHUNK {blockData=conID: 2 locID: 102704234571563446 bcsId: 0} | ret=SUCCESS |  
2019-08-30 05:17:35,538 | INFO  | DNAudit | user=null | ip=null | op=PUT_BLOCK {blockData=[blockId=conID: 2 locID: 102704234571563446 bcsId: 0,size=1048576]} | ret=SUCCESS |  
2019-08-30 05:17:35,538 [grpc-default-executor-6] INFO  client.GrpcClientProtocolClient (GrpcClientProtocolClient.java:onNext(255)) - client-574492D41EE7->134d4672-e322-4e4b-b7f3-5645abb0fe8c: receive RaftClientReply:client-574492D41EE7->134d4672-e322-4e4b-b7f3-5645abb0fe8c@group-3CB1DFFBCDC2, cid=951, SUCCESS, logIndex=0, commits[134d4672-e322-4e4b-b7f3-5645abb0fe8c:c1272, 73af84f3-3e88-4c8c-894c-3ad307bcac8d:c1270, 730a25a1-dbec-44ed-975b-a44ab0096beb:c1270]
2019-08-30 05:17:35,545 | INFO  | DNAudit | user=null | ip=null | op=WRITE_CHUNK {blockData=conID: 2 locID: 102704234571563446 bcsId: 1272} | ret=SUCCESS |  
2019-08-30 05:17:35,547 | INFO  | DNAudit | user=null | ip=null | op=WRITE_CHUNK {blockData=conID: 2 locID: 102704234571563446 bcsId: 1272} | ret=SUCCESS |  
2019-08-30 05:17:35,548 | INFO  | DNAudit | user=null | ip=null | op=WRITE_CHUNK {blockData=conID: 2 locID: 102704234571563446 bcsId: 1272} | ret=SUCCESS |  
2019-08-30 05:17:35,557 | INFO  | DNAudit | user=null | ip=null | op=WRITE_CHUNK {blockData=conID: 2 locID: 102704234571563446 bcsId: 0} | ret=SUCCESS |  
2019-08-30 05:17:35,557 | INFO  | DNAudit | user=null | ip=null | op=WRITE_CHUNK {blockData=conID: 2 locID: 102704234571563446 bcsId: 0} | ret=SUCCESS |  
2019-08-30 05:17:35,558 | INFO  | DNAudit | user=null | ip=null | op=PUT_BLOCK {blockData=[blockId=conID: 2 locID: 102704234571563446 bcsId: 0,size=2097152]} | ret=SUCCESS |  
2019-08-30 05:17:35,558 | INFO  | DNAudit | user=null | ip=null | op=WRITE_CHUNK {blockData=conID: 2 locID: 102704234571563446 bcsId: 1272} | ret=SUCCESS |  
2019-08-30 05:17:35,558 | INFO  | DNAudit | user=null | ip=null | op=PUT_BLOCK {blockData=[blockId=conID: 2 locID: 102704234571563446 bcsId: 0,size=2097152]} | ret=SUCCESS |  
2019-08-30 05:17:35,558 | INFO  | DNAudit | user=null | ip=null | op=PUT_BLOCK {blockData=[blockId=conID: 2 locID: 102704234571563446 bcsId: 0,size=3145728]} | ret=SUCCESS |  
2019-08-30 05:17:35,558 [grpc-default-executor-5] INFO  client.GrpcClientProtocolClient (GrpcClientProtocolClient.java:onNext(255)) - client-574492D41EE7->134d4672-e322-4e4b-b7f3-5645abb0fe8c: receive RaftClientReply:client-574492D41EE7->134d4672-e322-4e4b-b7f3-5645abb0fe8c@group-3CB1DFFBCDC2, cid=952, SUCCESS, logIndex=1277, commits[134d4672-e322-4e4b-b7f3-5645abb0fe8c:c1278, 73af84f3-3e88-4c8c-894c-3ad307bcac8d:c1276, 730a25a1-dbec-44ed-975b-a44ab0096beb:c1276]
2019-08-30 05:17:35,559 [grpc-default-executor-5] INFO  client.GrpcClientProtocolClient (GrpcClientProtocolClient.java:onNext(255)) - client-574492D41EE7->134d4672-e322-4e4b-b7f3-5645abb0fe8c: receive RaftClientReply:client-574492D41EE7->134d4672-e322-4e4b-b7f3-5645abb0fe8c@group-3CB1DFFBCDC2, cid=953, SUCCESS, logIndex=1278, commits[134d4672-e322-4e4b-b7f3-5645abb0fe8c:c1278, 73af84f3-3e88-4c8c-894c-3ad307bcac8d:c1276, 730a25a1-dbec-44ed-975b-a44ab0096beb:c1276]
2019-08-30 05:17:35,565 | INFO  | DNAudit | user=null | ip=null | op=WRITE_CHUNK {blockData=conID: 2 locID: 102704234571563446 bcsId: 1278} | ret=SUCCESS |  
2019-08-30 05:17:35,567 | INFO  | DNAudit | user=null | ip=null | op=WRITE_CHUNK {blockData=conID: 2 locID: 102704234571563446 bcsId: 1278} | ret=SUCCESS |  
2019-08-30 05:17:35,568 | INFO  | DNAudit | user=null | ip=null | op=WRITE_CHUNK {blockData=conID: 2 locID: 102704234571563446 bcsId: 1278} | ret=SUCCESS |  
2019-08-30 05:17:35,569 | INFO  | DNAudit | user=null | ip=null | op=WRITE_CHUNK {blockData=conID: 2 locID: 102704234571563446 bcsId: 1272} | ret=SUCCESS |  
2019-08-30 05:17:35,569 | INFO  | DNAudit | user=null | ip=null | op=WRITE_CHUNK {blockData=conID: 2 locID: 102704234571563446 bcsId: 1272} | ret=SUCCESS |  
2019-08-30 05:17:35,572 | INFO  | DNAudit | user=null | ip=null | op=PUT_BLOCK {blockData=[blockId=conID: 2 locID: 102704234571563446 bcsId: 0,size=3145728]} | ret=SUCCESS |  
2019-08-30 05:17:35,572 | INFO  | DNAudit | user=null | ip=null | op=PUT_BLOCK {blockData=[blockId=conID: 2 locID: 102704234571563446 bcsId: 0,size=3145728]} | ret=SUCCESS |  
2019-08-30 05:17:35,573 | INFO  | DNAudit | user=null | ip=null | op=WRITE_CHUNK {blockData=conID: 2 locID: 102704234571563446 bcsId: 1278} | ret=SUCCESS |  
2019-08-30 05:17:35,573 | INFO  | DNAudit | user=null | ip=null | op=PUT_BLOCK {blockData=[blockId=conID: 2 locID: 102704234571563446 bcsId: 0,size=4194304]} | ret=SUCCESS |  
2019-08-30 05:17:35,573 [grpc-default-executor-5] INFO  client.GrpcClientProtocolClient (GrpcClientProtocolClient.java:onNext(255)) - client-574492D41EE7->134d4672-e322-4e4b-b7f3-5645abb0fe8c: receive RaftClientReply:client-574492D41EE7->134d4672-e322-4e4b-b7f3-5645abb0fe8c@group-3CB1DFFBCDC2, cid=954, SUCCESS, logIndex=1281, commits[134d4672-e322-4e4b-b7f3-5645abb0fe8c:c1282, 73af84f3-3e88-4c8c-894c-3ad307bcac8d:c1278, 730a25a1-dbec-44ed-975b-a44ab0096beb:c1278]
2019-08-30 05:17:35,574 [grpc-default-executor-5] INFO  client.GrpcClientProtocolClient (GrpcClientProtocolClient.java:onNext(255)) - client-574492D41EE7->134d4672-e322-4e4b-b7f3-5645abb0fe8c: receive RaftClientReply:client-574492D41EE7->134d4672-e322-4e4b-b7f3-5645abb0fe8c@group-3CB1DFFBCDC2, cid=955, SUCCESS, logIndex=1282, commits[134d4672-e322-4e4b-b7f3-5645abb0fe8c:c1282, 73af84f3-3e88-4c8c-894c-3ad307bcac8d:c1278, 730a25a1-dbec-44ed-975b-a44ab0096beb:c1278]
2019-08-30 05:17:35,584 | INFO  | DNAudit | user=null | ip=null | op=WRITE_CHUNK {blockData=conID: 2 locID: 102704234571563446 bcsId: 1278} | ret=SUCCESS |  
2019-08-30 05:17:35,584 | INFO  | DNAudit | user=null | ip=null | op=WRITE_CHUNK {blockData=conID: 2 locID: 102704234571563446 bcsId: 1278} | ret=SUCCESS |  
2019-08-30 05:17:35,584 | INFO  | DNAudit | user=null | ip=null | op=PUT_BLOCK {blockData=[blockId=conID: 2 locID: 102704234571563446 bcsId: 0,size=4194304]} | ret=SUCCESS |  
2019-08-30 05:17:35,585 | INFO  | DNAudit | user=null | ip=null | op=PUT_BLOCK {blockData=[blockId=conID: 2 locID: 102704234571563446 bcsId: 0,size=4194304]} | ret=SUCCESS |  
2019-08-30 05:17:35,586 [grpc-default-executor-5] INFO  client.GrpcClientProtocolClient (GrpcClientProtocolClient.java:onNext(255)) - client-574492D41EE7->134d4672-e322-4e4b-b7f3-5645abb0fe8c: receive RaftClientReply:client-574492D41EE7->134d4672-e322-4e4b-b7f3-5645abb0fe8c@group-3CB1DFFBCDC2, cid=956, SUCCESS, logIndex=0, commits[134d4672-e322-4e4b-b7f3-5645abb0fe8c:c1284, 73af84f3-3e88-4c8c-894c-3ad307bcac8d:c1282, 730a25a1-dbec-44ed-975b-a44ab0096beb:c1282]
2019-08-30 05:17:35,592 | INFO  | DNAudit | user=null | ip=null | op=WRITE_CHUNK {blockData=conID: 3 locID: 102704234571563447 bcsId: 0} | ret=SUCCESS |  
2019-08-30 05:17:35,594 | INFO  | DNAudit | user=null | ip=null | op=WRITE_CHUNK {blockData=conID: 3 locID: 102704234571563447 bcsId: 0} | ret=SUCCESS |  
2019-08-30 05:17:35,595 | INFO  | DNAudit | user=null | ip=null | op=WRITE_CHUNK {blockData=conID: 3 locID: 102704234571563447 bcsId: 0} | ret=SUCCESS |  
2019-08-30 05:17:35,595 | INFO  | DNAudit | user=null | ip=null | op=WRITE_CHUNK {blockData=conID: 3 locID: 102704234571563447 bcsId: 0} | ret=SUCCESS |  
2019-08-30 05:17:35,596 | INFO  | DNAudit | user=null | ip=null | op=WRITE_CHUNK {blockData=conID: 3 locID: 102704234571563447 bcsId: 0} | ret=SUCCESS |  
2019-08-30 05:17:35,597 | INFO  | DNAudit | user=null | ip=null | op=WRITE_CHUNK {blockData=conID: 3 locID: 102704234571563447 bcsId: 0} | ret=SUCCESS |  
2019-08-30 05:17:35,604 | INFO  | DNAudit | user=null | ip=null | op=WRITE_CHUNK {blockData=conID: 3 locID: 102704234571563447 bcsId: 0} | ret=SUCCESS |  
2019-08-30 05:17:35,605 | INFO  | DNAudit | user=null | ip=null | op=PUT_BLOCK {blockData=[blockId=conID: 3 locID: 102704234571563447 bcsId: 0,size=1048576]} | ret=SUCCESS |  
2019-08-30 05:17:35,605 [grpc-default-executor-5] INFO  client.GrpcClientProtocolClient (GrpcClientProtocolClient.java:onNext(255)) - client-574492D41EE7->134d4672-e322-4e4b-b7f3-5645abb0fe8c: receive RaftClientReply:client-574492D41EE7->134d4672-e322-4e4b-b7f3-5645abb0fe8c@group-3CB1DFFBCDC2, cid=957, SUCCESS, logIndex=1285, commits[134d4672-e322-4e4b-b7f3-5645abb0fe8c:c1287, 73af84f3-3e88-4c8c-894c-3ad307bcac8d:c1284, 730a25a1-dbec-44ed-975b-a44ab0096beb:c1284]
2019-08-30 05:17:35,605 | INFO  | DNAudit | user=null | ip=null | op=WRITE_CHUNK {blockData=conID: 3 locID: 102704234571563447 bcsId: 0} | ret=SUCCESS |  
2019-08-30 05:17:35,606 | INFO  | DNAudit | user=null | ip=null | op=WRITE_CHUNK {blockData=conID: 3 locID: 102704234571563447 bcsId: 0} | ret=SUCCESS |  
2019-08-30 05:17:35,606 | INFO  | DNAudit | user=null | ip=null | op=WRITE_CHUNK {blockData=conID: 3 locID: 102704234571563447 bcsId: 0} | ret=SUCCESS |  
2019-08-30 05:17:35,606 | INFO  | DNAudit | user=null | ip=null | op=PUT_BLOCK {blockData=[blockId=conID: 3 locID: 102704234571563447 bcsId: 0,size=2097152]} | ret=SUCCESS |  
2019-08-30 05:17:35,606 [grpc-default-executor-5] INFO  client.GrpcClientProtocolClient (GrpcClientProtocolClient.java:onNext(255)) - client-574492D41EE7->134d4672-e322-4e4b-b7f3-5645abb0fe8c: receive RaftClientReply:client-574492D41EE7->134d4672-e322-4e4b-b7f3-5645abb0fe8c@group-3CB1DFFBCDC2, cid=958, SUCCESS, logIndex=1286, commits[134d4672-e322-4e4b-b7f3-5645abb0fe8c:c1288, 73af84f3-3e88-4c8c-894c-3ad307bcac8d:c1284, 730a25a1-dbec-44ed-975b-a44ab0096beb:c1284]
2019-08-30 05:17:35,606 | INFO  | DNAudit | user=null | ip=null | op=PUT_BLOCK {blockData=[blockId=conID: 3 locID: 102704234571563447 bcsId: 0,size=1048576]} | ret=SUCCESS |  
2019-08-30 05:17:35,606 [grpc-default-executor-5] INFO  client.GrpcClientProtocolClient (GrpcClientProtocolClient.java:onNext(255)) - client-574492D41EE7->134d4672-e322-4e4b-b7f3-5645abb0fe8c: receive RaftClientReply:client-574492D41EE7->134d4672-e322-4e4b-b7f3-5645abb0fe8c@group-3CB1DFFBCDC2, cid=959, SUCCESS, logIndex=1287, commits[134d4672-e322-4e4b-b7f3-5645abb0fe8c:c1288, 73af84f3-3e88-4c8c-894c-3ad307bcac8d:c1284, 730a25a1-dbec-44ed-975b-a44ab0096beb:c1284]
2019-08-30 05:17:35,607 | INFO  | DNAudit | user=null | ip=null | op=WRITE_CHUNK {blockData=conID: 3 locID: 102704234571563447 bcsId: 0} | ret=SUCCESS |  
2019-08-30 05:17:35,607 | INFO  | DNAudit | user=null | ip=null | op=PUT_BLOCK {blockData=[blockId=conID: 3 locID: 102704234571563447 bcsId: 0,size=1048576]} | ret=SUCCESS |  
2019-08-30 05:17:35,607 [grpc-default-executor-5] INFO  client.GrpcClientProtocolClient (GrpcClientProtocolClient.java:onNext(255)) - client-574492D41EE7->134d4672-e322-4e4b-b7f3-5645abb0fe8c: receive RaftClientReply:client-574492D41EE7->134d4672-e322-4e4b-b7f3-5645abb0fe8c@group-3CB1DFFBCDC2, cid=960, SUCCESS, logIndex=1288, commits[134d4672-e322-4e4b-b7f3-5645abb0fe8c:c1289, 73af84f3-3e88-4c8c-894c-3ad307bcac8d:c1285, 730a25a1-dbec-44ed-975b-a44ab0096beb:c1285]
2019-08-30 05:17:35,607 | INFO  | DNAudit | user=null | ip=null | op=PUT_BLOCK {blockData=[blockId=conID: 3 locID: 102704234571563447 bcsId: 0,size=2097152]} | ret=SUCCESS |  
2019-08-30 05:17:35,607 | INFO  | DNAudit | user=null | ip=null | op=WRITE_CHUNK {blockData=conID: 3 locID: 102704234571563447 bcsId: 0} | ret=SUCCESS |  
2019-08-30 05:17:35,607 | INFO  | DNAudit | user=null | ip=null | op=PUT_BLOCK {blockData=[blockId=conID: 3 locID: 102704234571563447 bcsId: 0,size=2097152]} | ret=SUCCESS |  
2019-08-30 05:17:35,608 [grpc-default-executor-5] INFO  client.GrpcClientProtocolClient (GrpcClientProtocolClient.java:onNext(255)) - client-574492D41EE7->134d4672-e322-4e4b-b7f3-5645abb0fe8c: receive RaftClientReply:client-574492D41EE7->134d4672-e322-4e4b-b7f3-5645abb0fe8c@group-3CB1DFFBCDC2, cid=961, SUCCESS, logIndex=0, commits[134d4672-e322-4e4b-b7f3-5645abb0fe8c:c1292, 73af84f3-3e88-4c8c-894c-3ad307bcac8d:c1288, 730a25a1-dbec-44ed-975b-a44ab0096beb:c1288]
2019-08-30 05:17:35,615 | INFO  | DNAudit | user=null | ip=null | op=WRITE_CHUNK {blockData=conID: 3 locID: 102704234571563447 bcsId: 1288} | ret=SUCCESS |  
2019-08-30 05:17:35,617 | INFO  | DNAudit | user=null | ip=null | op=WRITE_CHUNK {blockData=conID: 3 locID: 102704234571563447 bcsId: 1288} | ret=SUCCESS |  
2019-08-30 05:17:35,618 | INFO  | DNAudit | user=null | ip=null | op=WRITE_CHUNK {blockData=conID: 3 locID: 102704234571563447 bcsId: 1288} | ret=SUCCESS |  
2019-08-30 05:17:35,627 | INFO  | DNAudit | user=null | ip=null | op=WRITE_CHUNK {blockData=conID: 3 locID: 102704234571563447 bcsId: 1288} | ret=SUCCESS |  
2019-08-30 05:17:35,628 | INFO  | DNAudit | user=null | ip=null | op=PUT_BLOCK {blockData=[blockId=conID: 3 locID: 102704234571563447 bcsId: 0,size=3145728]} | ret=SUCCESS |  
2019-08-30 05:17:35,628 [grpc-default-executor-3] INFO  client.GrpcClientProtocolClient (GrpcClientProtocolClient.java:onNext(255)) - client-574492D41EE7->134d4672-e322-4e4b-b7f3-5645abb0fe8c: receive RaftClientReply:client-574492D41EE7->134d4672-e322-4e4b-b7f3-5645abb0fe8c@group-3CB1DFFBCDC2, cid=962, SUCCESS, logIndex=1293, commits[134d4672-e322-4e4b-b7f3-5645abb0fe8c:c1294, 73af84f3-3e88-4c8c-894c-3ad307bcac8d:c1292, 730a25a1-dbec-44ed-975b-a44ab0096beb:c1292]
2019-08-30 05:17:35,629 [grpc-default-executor-3] INFO  client.GrpcClientProtocolClient (GrpcClientProtocolClient.java:onNext(255)) - client-574492D41EE7->134d4672-e322-4e4b-b7f3-5645abb0fe8c: receive RaftClientReply:client-574492D41EE7->134d4672-e322-4e4b-b7f3-5645abb0fe8c@group-3CB1DFFBCDC2, cid=963, SUCCESS, logIndex=1294, commits[134d4672-e322-4e4b-b7f3-5645abb0fe8c:c1294, 73af84f3-3e88-4c8c-894c-3ad307bcac8d:c1292, 730a25a1-dbec-44ed-975b-a44ab0096beb:c1292]
2019-08-30 05:17:35,635 | INFO  | DNAudit | user=null | ip=null | op=WRITE_CHUNK {blockData=conID: 3 locID: 102704234571563447 bcsId: 1294} | ret=SUCCESS |  
2019-08-30 05:17:35,637 | INFO  | DNAudit | user=null | ip=null | op=WRITE_CHUNK {blockData=conID: 3 locID: 102704234571563447 bcsId: 1294} | ret=SUCCESS |  
2019-08-30 05:17:35,638 | INFO  | DNAudit | user=null | ip=null | op=WRITE_CHUNK {blockData=conID: 3 locID: 102704234571563447 bcsId: 1294} | ret=SUCCESS |  
2019-08-30 05:17:35,639 | INFO  | DNAudit | user=null | ip=null | op=WRITE_CHUNK {blockData=conID: 3 locID: 102704234571563447 bcsId: 1288} | ret=SUCCESS |  
2019-08-30 05:17:35,639 | INFO  | DNAudit | user=null | ip=null | op=WRITE_CHUNK {blockData=conID: 3 locID: 102704234571563447 bcsId: 1288} | ret=SUCCESS |  
2019-08-30 05:17:35,641 | INFO  | DNAudit | user=null | ip=null | op=PUT_BLOCK {blockData=[blockId=conID: 3 locID: 102704234571563447 bcsId: 0,size=3145728]} | ret=SUCCESS |  
2019-08-30 05:17:35,642 | INFO  | DNAudit | user=null | ip=null | op=PUT_BLOCK {blockData=[blockId=conID: 3 locID: 102704234571563447 bcsId: 0,size=3145728]} | ret=SUCCESS |  
2019-08-30 05:17:35,642 | INFO  | DNAudit | user=null | ip=null | op=WRITE_CHUNK {blockData=conID: 3 locID: 102704234571563447 bcsId: 1294} | ret=SUCCESS |  
2019-08-30 05:17:35,643 | INFO  | DNAudit | user=null | ip=null | op=PUT_BLOCK {blockData=[blockId=conID: 3 locID: 102704234571563447 bcsId: 0,size=4194304]} | ret=SUCCESS |  
2019-08-30 05:17:35,643 [grpc-default-executor-3] INFO  client.GrpcClientProtocolClient (GrpcClientProtocolClient.java:onNext(255)) - client-574492D41EE7->134d4672-e322-4e4b-b7f3-5645abb0fe8c: receive RaftClientReply:client-574492D41EE7->134d4672-e322-4e4b-b7f3-5645abb0fe8c@group-3CB1DFFBCDC2, cid=964, SUCCESS, logIndex=1297, commits[134d4672-e322-4e4b-b7f3-5645abb0fe8c:c1298, 73af84f3-3e88-4c8c-894c-3ad307bcac8d:c1294, 730a25a1-dbec-44ed-975b-a44ab0096beb:c1294]
2019-08-30 05:17:35,643 [grpc-default-executor-3] INFO  client.GrpcClientProtocolClient (GrpcClientProtocolClient.java:onNext(255)) - client-574492D41EE7->134d4672-e322-4e4b-b7f3-5645abb0fe8c: receive RaftClientReply:client-574492D41EE7->134d4672-e322-4e4b-b7f3-5645abb0fe8c@group-3CB1DFFBCDC2, cid=965, SUCCESS, logIndex=1298, commits[134d4672-e322-4e4b-b7f3-5645abb0fe8c:c1298, 73af84f3-3e88-4c8c-894c-3ad307bcac8d:c1294, 730a25a1-dbec-44ed-975b-a44ab0096beb:c1294]
2019-08-30 05:17:35,654 | INFO  | DNAudit | user=null | ip=null | op=WRITE_CHUNK {blockData=conID: 3 locID: 102704234571563447 bcsId: 1294} | ret=SUCCESS |  
2019-08-30 05:17:35,654 | INFO  | DNAudit | user=null | ip=null | op=WRITE_CHUNK {blockData=conID: 3 locID: 102704234571563447 bcsId: 1294} | ret=SUCCESS |  
2019-08-30 05:17:35,657 | INFO  | DNAudit | user=null | ip=null | op=PUT_BLOCK {blockData=[blockId=conID: 3 locID: 102704234571563447 bcsId: 0,size=4194304]} | ret=SUCCESS |  
2019-08-30 05:17:35,657 | INFO  | DNAudit | user=null | ip=null | op=PUT_BLOCK {blockData=[blockId=conID: 3 locID: 102704234571563447 bcsId: 0,size=4194304]} | ret=SUCCESS |  
2019-08-30 05:17:35,658 [grpc-default-executor-3] INFO  client.GrpcClientProtocolClient (GrpcClientProtocolClient.java:onNext(255)) - client-574492D41EE7->134d4672-e322-4e4b-b7f3-5645abb0fe8c: receive RaftClientReply:client-574492D41EE7->134d4672-e322-4e4b-b7f3-5645abb0fe8c@group-3CB1DFFBCDC2, cid=966, SUCCESS, logIndex=0, commits[134d4672-e322-4e4b-b7f3-5645abb0fe8c:c1300, 73af84f3-3e88-4c8c-894c-3ad307bcac8d:c1298, 730a25a1-dbec-44ed-975b-a44ab0096beb:c1298]
2019-08-30 05:17:35,664 | INFO  | DNAudit | user=null | ip=null | op=WRITE_CHUNK {blockData=conID: 1 locID: 102704234571563448 bcsId: 0} | ret=SUCCESS |  
2019-08-30 05:17:35,668 | INFO  | DNAudit | user=null | ip=null | op=WRITE_CHUNK {blockData=conID: 1 locID: 102704234571563448 bcsId: 0} | ret=SUCCESS |  
2019-08-30 05:17:35,668 | INFO  | DNAudit | user=null | ip=null | op=WRITE_CHUNK {blockData=conID: 1 locID: 102704234571563448 bcsId: 0} | ret=SUCCESS |  
2019-08-30 05:17:35,669 | INFO  | DNAudit | user=null | ip=null | op=WRITE_CHUNK {blockData=conID: 1 locID: 102704234571563448 bcsId: 0} | ret=SUCCESS |  
2019-08-30 05:17:35,670 | INFO  | DNAudit | user=null | ip=null | op=WRITE_CHUNK {blockData=conID: 1 locID: 102704234571563448 bcsId: 0} | ret=SUCCESS |  
2019-08-30 05:17:35,670 | INFO  | DNAudit | user=null | ip=null | op=WRITE_CHUNK {blockData=conID: 1 locID: 102704234571563448 bcsId: 0} | ret=SUCCESS |  
2019-08-30 05:17:35,677 | INFO  | DNAudit | user=null | ip=null | op=WRITE_CHUNK {blockData=conID: 1 locID: 102704234571563448 bcsId: 0} | ret=SUCCESS |  
2019-08-30 05:17:35,677 | INFO  | DNAudit | user=null | ip=null | op=PUT_BLOCK {blockData=[blockId=conID: 1 locID: 102704234571563448 bcsId: 0,size=1048576]} | ret=SUCCESS |  
2019-08-30 05:17:35,678 | INFO  | DNAudit | user=null | ip=null | op=WRITE_CHUNK {blockData=conID: 1 locID: 102704234571563448 bcsId: 0} | ret=SUCCESS |  
2019-08-30 05:17:35,678 [grpc-default-executor-1] INFO  client.GrpcClientProtocolClient (GrpcClientProtocolClient.java:onNext(255)) - client-574492D41EE7->134d4672-e322-4e4b-b7f3-5645abb0fe8c: receive RaftClientReply:client-574492D41EE7->134d4672-e322-4e4b-b7f3-5645abb0fe8c@group-3CB1DFFBCDC2, cid=967, SUCCESS, logIndex=1301, commits[134d4672-e322-4e4b-b7f3-5645abb0fe8c:c1302, 73af84f3-3e88-4c8c-894c-3ad307bcac8d:c1300, 730a25a1-dbec-44ed-975b-a44ab0096beb:c1300]
2019-08-30 05:17:35,678 | INFO  | DNAudit | user=null | ip=null | op=PUT_BLOCK {blockData=[blockId=conID: 1 locID: 102704234571563448 bcsId: 0,size=2097152]} | ret=SUCCESS |  
2019-08-30 05:17:35,678 [grpc-default-executor-1] INFO  client.GrpcClientProtocolClient (GrpcClientProtocolClient.java:onNext(255)) - client-574492D41EE7->134d4672-e322-4e4b-b7f3-5645abb0fe8c: receive RaftClientReply:client-574492D41EE7->134d4672-e322-4e4b-b7f3-5645abb0fe8c@group-3CB1DFFBCDC2, cid=968, SUCCESS, logIndex=1302, commits[134d4672-e322-4e4b-b7f3-5645abb0fe8c:c1304, 73af84f3-3e88-4c8c-894c-3ad307bcac8d:c1300, 730a25a1-dbec-44ed-975b-a44ab0096beb:c1300]
2019-08-30 05:17:35,678 | INFO  | DNAudit | user=null | ip=null | op=WRITE_CHUNK {blockData=conID: 1 locID: 102704234571563448 bcsId: 0} | ret=SUCCESS |  
2019-08-30 05:17:35,679 [grpc-default-executor-1] INFO  client.GrpcClientProtocolClient (GrpcClientProtocolClient.java:onNext(255)) - client-574492D41EE7->134d4672-e322-4e4b-b7f3-5645abb0fe8c: receive RaftClientReply:client-574492D41EE7->134d4672-e322-4e4b-b7f3-5645abb0fe8c@group-3CB1DFFBCDC2, cid=969, SUCCESS, logIndex=1303, commits[134d4672-e322-4e4b-b7f3-5645abb0fe8c:c1304, 73af84f3-3e88-4c8c-894c-3ad307bcac8d:c1300, 730a25a1-dbec-44ed-975b-a44ab0096beb:c1300]
2019-08-30 05:17:35,679 [grpc-default-executor-1] INFO  client.GrpcClientProtocolClient (GrpcClientProtocolClient.java:onNext(255)) - client-574492D41EE7->134d4672-e322-4e4b-b7f3-5645abb0fe8c: receive RaftClientReply:client-574492D41EE7->134d4672-e322-4e4b-b7f3-5645abb0fe8c@group-3CB1DFFBCDC2, cid=970, SUCCESS, logIndex=1304, commits[134d4672-e322-4e4b-b7f3-5645abb0fe8c:c1304, 73af84f3-3e88-4c8c-894c-3ad307bcac8d:c1300, 730a25a1-dbec-44ed-975b-a44ab0096beb:c1300]
2019-08-30 05:17:35,681 | INFO  | DNAudit | user=null | ip=null | op=WRITE_CHUNK {blockData=conID: 1 locID: 102704234571563448 bcsId: 0} | ret=SUCCESS |  
2019-08-30 05:17:35,681 | INFO  | DNAudit | user=null | ip=null | op=PUT_BLOCK {blockData=[blockId=conID: 1 locID: 102704234571563448 bcsId: 0,size=1048576]} | ret=SUCCESS |  
2019-08-30 05:17:35,691 | INFO  | DNAudit | user=null | ip=null | op=PUT_BLOCK {blockData=[blockId=conID: 1 locID: 102704234571563448 bcsId: 0,size=1048576]} | ret=SUCCESS |  
2019-08-30 05:17:35,692 | INFO  | DNAudit | user=null | ip=null | op=WRITE_CHUNK {blockData=conID: 1 locID: 102704234571563448 bcsId: 0} | ret=SUCCESS |  
2019-08-30 05:17:35,692 | INFO  | DNAudit | user=null | ip=null | op=PUT_BLOCK {blockData=[blockId=conID: 1 locID: 102704234571563448 bcsId: 0,size=2097152]} | ret=SUCCESS |  
2019-08-30 05:17:35,692 | INFO  | DNAudit | user=null | ip=null | op=WRITE_CHUNK {blockData=conID: 1 locID: 102704234571563448 bcsId: 0} | ret=SUCCESS |  
2019-08-30 05:17:35,692 | INFO  | DNAudit | user=null | ip=null | op=PUT_BLOCK {blockData=[blockId=conID: 1 locID: 102704234571563448 bcsId: 0,size=2097152]} | ret=SUCCESS |  
2019-08-30 05:17:35,692 [grpc-default-executor-6] INFO  client.GrpcClientProtocolClient (GrpcClientProtocolClient.java:onNext(255)) - client-574492D41EE7->134d4672-e322-4e4b-b7f3-5645abb0fe8c: receive RaftClientReply:client-574492D41EE7->134d4672-e322-4e4b-b7f3-5645abb0fe8c@group-3CB1DFFBCDC2, cid=971, SUCCESS, logIndex=0, commits[134d4672-e322-4e4b-b7f3-5645abb0fe8c:c1306, 73af84f3-3e88-4c8c-894c-3ad307bcac8d:c1302, 730a25a1-dbec-44ed-975b-a44ab0096beb:c1302]
2019-08-30 05:17:35,699 | INFO  | DNAudit | user=null | ip=null | op=WRITE_CHUNK {blockData=conID: 1 locID: 102704234571563448 bcsId: 1304} | ret=SUCCESS |  
2019-08-30 05:17:35,701 | INFO  | DNAudit | user=null | ip=null | op=WRITE_CHUNK {blockData=conID: 1 locID: 102704234571563448 bcsId: 1304} | ret=SUCCESS |  
2019-08-30 05:17:35,704 | INFO  | DNAudit | user=null | ip=null | op=WRITE_CHUNK {blockData=conID: 1 locID: 102704234571563448 bcsId: 1304} | ret=SUCCESS |  
2019-08-30 05:17:35,711 | INFO  | DNAudit | user=null | ip=null | op=WRITE_CHUNK {blockData=conID: 1 locID: 102704234571563448 bcsId: 1304} | ret=SUCCESS |  
2019-08-30 05:17:35,711 | INFO  | DNAudit | user=null | ip=null | op=PUT_BLOCK {blockData=[blockId=conID: 1 locID: 102704234571563448 bcsId: 0,size=3145728]} | ret=SUCCESS |  
2019-08-30 05:17:35,711 [grpc-default-executor-3] INFO  client.GrpcClientProtocolClient (GrpcClientProtocolClient.java:onNext(255)) - client-574492D41EE7->134d4672-e322-4e4b-b7f3-5645abb0fe8c: receive RaftClientReply:client-574492D41EE7->134d4672-e322-4e4b-b7f3-5645abb0fe8c@group-3CB1DFFBCDC2, cid=972, SUCCESS, logIndex=1309, commits[134d4672-e322-4e4b-b7f3-5645abb0fe8c:c1310, 73af84f3-3e88-4c8c-894c-3ad307bcac8d:c1308, 730a25a1-dbec-44ed-975b-a44ab0096beb:c1308]
2019-08-30 05:17:35,711 [grpc-default-executor-3] INFO  client.GrpcClientProtocolClient (GrpcClientProtocolClient.java:onNext(255)) - client-574492D41EE7->134d4672-e322-4e4b-b7f3-5645abb0fe8c: receive RaftClientReply:client-574492D41EE7->134d4672-e322-4e4b-b7f3-5645abb0fe8c@group-3CB1DFFBCDC2, cid=973, SUCCESS, logIndex=1310, commits[134d4672-e322-4e4b-b7f3-5645abb0fe8c:c1310, 73af84f3-3e88-4c8c-894c-3ad307bcac8d:c1308, 730a25a1-dbec-44ed-975b-a44ab0096beb:c1308]
2019-08-30 05:17:35,712 | INFO  | DNAudit | user=null | ip=null | op=WRITE_CHUNK {blockData=conID: 1 locID: 102704234571563448 bcsId: 1304} | ret=SUCCESS |  
2019-08-30 05:17:35,713 | INFO  | DNAudit | user=null | ip=null | op=WRITE_CHUNK {blockData=conID: 1 locID: 102704234571563448 bcsId: 1304} | ret=SUCCESS |  
2019-08-30 05:17:35,714 | INFO  | DNAudit | user=null | ip=null | op=PUT_BLOCK {blockData=[blockId=conID: 1 locID: 102704234571563448 bcsId: 0,size=3145728]} | ret=SUCCESS |  
2019-08-30 05:17:35,715 | INFO  | DNAudit | user=null | ip=null | op=PUT_BLOCK {blockData=[blockId=conID: 1 locID: 102704234571563448 bcsId: 0,size=3145728]} | ret=SUCCESS |  
2019-08-30 05:17:35,718 | INFO  | DNAudit | user=null | ip=null | op=WRITE_CHUNK {blockData=conID: 1 locID: 102704234571563448 bcsId: 1310} | ret=SUCCESS |  
2019-08-30 05:17:35,720 | INFO  | DNAudit | user=null | ip=null | op=WRITE_CHUNK {blockData=conID: 1 locID: 102704234571563448 bcsId: 1310} | ret=SUCCESS |  
2019-08-30 05:17:35,721 | INFO  | DNAudit | user=null | ip=null | op=WRITE_CHUNK {blockData=conID: 1 locID: 102704234571563448 bcsId: 1310} | ret=SUCCESS |  
2019-08-30 05:17:35,729 | INFO  | DNAudit | user=null | ip=null | op=WRITE_CHUNK {blockData=conID: 1 locID: 102704234571563448 bcsId: 1310} | ret=SUCCESS |  
2019-08-30 05:17:35,729 | INFO  | DNAudit | user=null | ip=null | op=PUT_BLOCK {blockData=[blockId=conID: 1 locID: 102704234571563448 bcsId: 0,size=4194304]} | ret=SUCCESS |  
2019-08-30 05:17:35,729 [grpc-default-executor-3] INFO  client.GrpcClientProtocolClient (GrpcClientProtocolClient.java:onNext(255)) - client-574492D41EE7->134d4672-e322-4e4b-b7f3-5645abb0fe8c: receive RaftClientReply:client-574492D41EE7->134d4672-e322-4e4b-b7f3-5645abb0fe8c@group-3CB1DFFBCDC2, cid=974, SUCCESS, logIndex=1313, commits[134d4672-e322-4e4b-b7f3-5645abb0fe8c:c1314, 73af84f3-3e88-4c8c-894c-3ad307bcac8d:c1312, 730a25a1-dbec-44ed-975b-a44ab0096beb:c1312]
2019-08-30 05:17:35,730 [grpc-default-executor-3] INFO  client.GrpcClientProtocolClient (GrpcClientProtocolClient.java:onNext(255)) - client-574492D41EE7->134d4672-e322-4e4b-b7f3-5645abb0fe8c: receive RaftClientReply:client-574492D41EE7->134d4672-e322-4e4b-b7f3-5645abb0fe8c@group-3CB1DFFBCDC2, cid=975, SUCCESS, logIndex=1314, commits[134d4672-e322-4e4b-b7f3-5645abb0fe8c:c1314, 73af84f3-3e88-4c8c-894c-3ad307bcac8d:c1312, 730a25a1-dbec-44ed-975b-a44ab0096beb:c1312]
2019-08-30 05:17:35,753 | INFO  | DNAudit | user=null | ip=null | op=WRITE_CHUNK {blockData=conID: 1 locID: 102704234571563448 bcsId: 1310} | ret=SUCCESS |  
2019-08-30 05:17:35,754 | INFO  | DNAudit | user=null | ip=null | op=WRITE_CHUNK {blockData=conID: 1 locID: 102704234571563448 bcsId: 1310} | ret=SUCCESS |  
2019-08-30 05:17:35,756 | INFO  | DNAudit | user=null | ip=null | op=PUT_BLOCK {blockData=[blockId=conID: 1 locID: 102704234571563448 bcsId: 0,size=4194304]} | ret=SUCCESS |  
2019-08-30 05:17:35,756 | INFO  | DNAudit | user=null | ip=null | op=PUT_BLOCK {blockData=[blockId=conID: 1 locID: 102704234571563448 bcsId: 0,size=4194304]} | ret=SUCCESS |  
2019-08-30 05:17:35,757 [grpc-default-executor-3] INFO  client.GrpcClientProtocolClient (GrpcClientProtocolClient.java:onNext(255)) - client-574492D41EE7->134d4672-e322-4e4b-b7f3-5645abb0fe8c: receive RaftClientReply:client-574492D41EE7->134d4672-e322-4e4b-b7f3-5645abb0fe8c@group-3CB1DFFBCDC2, cid=976, SUCCESS, logIndex=0, commits[134d4672-e322-4e4b-b7f3-5645abb0fe8c:c1316, 73af84f3-3e88-4c8c-894c-3ad307bcac8d:c1314, 730a25a1-dbec-44ed-975b-a44ab0096beb:c1314]
2019-08-30 05:17:35,765 | INFO  | DNAudit | user=null | ip=null | op=WRITE_CHUNK {blockData=conID: 2 locID: 102704234571563449 bcsId: 0} | ret=SUCCESS |  
2019-08-30 05:17:35,766 | INFO  | DNAudit | user=null | ip=null | op=WRITE_CHUNK {blockData=conID: 2 locID: 102704234571563449 bcsId: 0} | ret=SUCCESS |  
2019-08-30 05:17:35,767 | INFO  | DNAudit | user=null | ip=null | op=WRITE_CHUNK {blockData=conID: 2 locID: 102704234571563449 bcsId: 0} | ret=SUCCESS |  
2019-08-30 05:17:35,767 | INFO  | DNAudit | user=null | ip=null | op=WRITE_CHUNK {blockData=conID: 2 locID: 102704234571563449 bcsId: 0} | ret=SUCCESS |  
2019-08-30 05:17:35,769 | INFO  | DNAudit | user=null | ip=null | op=WRITE_CHUNK {blockData=conID: 2 locID: 102704234571563449 bcsId: 0} | ret=SUCCESS |  
2019-08-30 05:17:35,770 | INFO  | DNAudit | user=null | ip=null | op=WRITE_CHUNK {blockData=conID: 2 locID: 102704234571563449 bcsId: 0} | ret=SUCCESS |  
2019-08-30 05:17:35,774 | INFO  | DNAudit | user=null | ip=null | op=WRITE_CHUNK {blockData=conID: 2 locID: 102704234571563449 bcsId: 0} | ret=SUCCESS |  
2019-08-30 05:17:35,775 | INFO  | DNAudit | user=null | ip=null | op=PUT_BLOCK {blockData=[blockId=conID: 2 locID: 102704234571563449 bcsId: 0,size=1048576]} | ret=SUCCESS |  
2019-08-30 05:17:35,775 [grpc-default-executor-6] INFO  client.GrpcClientProtocolClient (GrpcClientProtocolClient.java:onNext(255)) - client-574492D41EE7->134d4672-e322-4e4b-b7f3-5645abb0fe8c: receive RaftClientReply:client-574492D41EE7->134d4672-e322-4e4b-b7f3-5645abb0fe8c@group-3CB1DFFBCDC2, cid=977, SUCCESS, logIndex=1317, commits[134d4672-e322-4e4b-b7f3-5645abb0fe8c:c1320, 73af84f3-3e88-4c8c-894c-3ad307bcac8d:c1316, 730a25a1-dbec-44ed-975b-a44ab0096beb:c1316]
2019-08-30 05:17:35,775 | INFO  | DNAudit | user=null | ip=null | op=WRITE_CHUNK {blockData=conID: 2 locID: 102704234571563449 bcsId: 0} | ret=SUCCESS |  
2019-08-30 05:17:35,775 [grpc-default-executor-6] INFO  client.GrpcClientProtocolClient (GrpcClientProtocolClient.java:onNext(255)) - client-574492D41EE7->134d4672-e322-4e4b-b7f3-5645abb0fe8c: receive RaftClientReply:client-574492D41EE7->134d4672-e322-4e4b-b7f3-5645abb0fe8c@group-3CB1DFFBCDC2, cid=978, SUCCESS, logIndex=1318, commits[134d4672-e322-4e4b-b7f3-5645abb0fe8c:c1320, 73af84f3-3e88-4c8c-894c-3ad307bcac8d:c1316, 730a25a1-dbec-44ed-975b-a44ab0096beb:c1316]
2019-08-30 05:17:35,775 | INFO  | DNAudit | user=null | ip=null | op=WRITE_CHUNK {blockData=conID: 2 locID: 102704234571563449 bcsId: 0} | ret=SUCCESS |  
2019-08-30 05:17:35,775 | INFO  | DNAudit | user=null | ip=null | op=PUT_BLOCK {blockData=[blockId=conID: 2 locID: 102704234571563449 bcsId: 0,size=2097152]} | ret=SUCCESS |  
2019-08-30 05:17:35,776 [grpc-default-executor-6] INFO  client.GrpcClientProtocolClient (GrpcClientProtocolClient.java:onNext(255)) - client-574492D41EE7->134d4672-e322-4e4b-b7f3-5645abb0fe8c: receive RaftClientReply:client-574492D41EE7->134d4672-e322-4e4b-b7f3-5645abb0fe8c@group-3CB1DFFBCDC2, cid=979, SUCCESS, logIndex=1319, commits[134d4672-e322-4e4b-b7f3-5645abb0fe8c:c1320, 73af84f3-3e88-4c8c-894c-3ad307bcac8d:c1316, 730a25a1-dbec-44ed-975b-a44ab0096beb:c1316]
2019-08-30 05:17:35,776 | INFO  | DNAudit | user=null | ip=null | op=PUT_BLOCK {blockData=[blockId=conID: 2 locID: 102704234571563449 bcsId: 0,size=1048576]} | ret=SUCCESS |  
2019-08-30 05:17:35,776 | INFO  | DNAudit | user=null | ip=null | op=WRITE_CHUNK {blockData=conID: 2 locID: 102704234571563449 bcsId: 0} | ret=SUCCESS |  
2019-08-30 05:17:35,776 | INFO  | DNAudit | user=null | ip=null | op=WRITE_CHUNK {blockData=conID: 2 locID: 102704234571563449 bcsId: 0} | ret=SUCCESS |  
2019-08-30 05:17:35,776 [grpc-default-executor-6] INFO  client.GrpcClientProtocolClient (GrpcClientProtocolClient.java:onNext(255)) - client-574492D41EE7->134d4672-e322-4e4b-b7f3-5645abb0fe8c: receive RaftClientReply:client-574492D41EE7->134d4672-e322-4e4b-b7f3-5645abb0fe8c@group-3CB1DFFBCDC2, cid=980, SUCCESS, logIndex=1320, commits[134d4672-e322-4e4b-b7f3-5645abb0fe8c:c1320, 73af84f3-3e88-4c8c-894c-3ad307bcac8d:c1319, 730a25a1-dbec-44ed-975b-a44ab0096beb:c1316]
2019-08-30 05:17:35,776 | INFO  | DNAudit | user=null | ip=null | op=PUT_BLOCK {blockData=[blockId=conID: 2 locID: 102704234571563449 bcsId: 0,size=1048576]} | ret=SUCCESS |  
2019-08-30 05:17:35,777 | INFO  | DNAudit | user=null | ip=null | op=PUT_BLOCK {blockData=[blockId=conID: 2 locID: 102704234571563449 bcsId: 0,size=2097152]} | ret=SUCCESS |  
2019-08-30 05:17:35,777 | INFO  | DNAudit | user=null | ip=null | op=WRITE_CHUNK {blockData=conID: 2 locID: 102704234571563449 bcsId: 0} | ret=SUCCESS |  
2019-08-30 05:17:35,777 | INFO  | DNAudit | user=null | ip=null | op=PUT_BLOCK {blockData=[blockId=conID: 2 locID: 102704234571563449 bcsId: 0,size=2097152]} | ret=SUCCESS |  
2019-08-30 05:17:35,777 [grpc-default-executor-6] INFO  client.GrpcClientProtocolClient (GrpcClientProtocolClient.java:onNext(255)) - client-574492D41EE7->134d4672-e322-4e4b-b7f3-5645abb0fe8c: receive RaftClientReply:client-574492D41EE7->134d4672-e322-4e4b-b7f3-5645abb0fe8c@group-3CB1DFFBCDC2, cid=981, SUCCESS, logIndex=0, commits[134d4672-e322-4e4b-b7f3-5645abb0fe8c:c1323, 73af84f3-3e88-4c8c-894c-3ad307bcac8d:c1320, 730a25a1-dbec-44ed-975b-a44ab0096beb:c1319]
2019-08-30 05:17:35,785 | INFO  | DNAudit | user=null | ip=null | op=WRITE_CHUNK {blockData=conID: 2 locID: 102704234571563449 bcsId: 1320} | ret=SUCCESS |  
2019-08-30 05:17:35,788 | INFO  | DNAudit | user=null | ip=null | op=WRITE_CHUNK {blockData=conID: 2 locID: 102704234571563449 bcsId: 1320} | ret=SUCCESS |  
2019-08-30 05:17:35,788 | INFO  | DNAudit | user=null | ip=null | op=WRITE_CHUNK {blockData=conID: 2 locID: 102704234571563449 bcsId: 1320} | ret=SUCCESS |  
2019-08-30 05:17:35,799 | INFO  | DNAudit | user=null | ip=null | op=WRITE_CHUNK {blockData=conID: 2 locID: 102704234571563449 bcsId: 1320} | ret=SUCCESS |  
2019-08-30 05:17:35,800 | INFO  | DNAudit | user=null | ip=null | op=PUT_BLOCK {blockData=[blockId=conID: 2 locID: 102704234571563449 bcsId: 0,size=3145728]} | ret=SUCCESS |  
2019-08-30 05:17:35,800 [grpc-default-executor-6] INFO  client.GrpcClientProtocolClient (GrpcClientProtocolClient.java:onNext(255)) - client-574492D41EE7->134d4672-e322-4e4b-b7f3-5645abb0fe8c: receive RaftClientReply:client-574492D41EE7->134d4672-e322-4e4b-b7f3-5645abb0fe8c@group-3CB1DFFBCDC2, cid=982, SUCCESS, logIndex=1324, commits[134d4672-e322-4e4b-b7f3-5645abb0fe8c:c1325, 73af84f3-3e88-4c8c-894c-3ad307bcac8d:c1323, 730a25a1-dbec-44ed-975b-a44ab0096beb:c1323]
2019-08-30 05:17:35,800 [grpc-default-executor-6] INFO  client.GrpcClientProtocolClient (GrpcClientProtocolClient.java:onNext(255)) - client-574492D41EE7->134d4672-e322-4e4b-b7f3-5645abb0fe8c: receive RaftClientReply:client-574492D41EE7->134d4672-e322-4e4b-b7f3-5645abb0fe8c@group-3CB1DFFBCDC2, cid=983, SUCCESS, logIndex=1325, commits[134d4672-e322-4e4b-b7f3-5645abb0fe8c:c1325, 73af84f3-3e88-4c8c-894c-3ad307bcac8d:c1323, 730a25a1-dbec-44ed-975b-a44ab0096beb:c1323]
2019-08-30 05:17:35,808 | INFO  | DNAudit | user=null | ip=null | op=WRITE_CHUNK {blockData=conID: 2 locID: 102704234571563449 bcsId: 1325} | ret=SUCCESS |  
2019-08-30 05:17:35,811 | INFO  | DNAudit | user=null | ip=null | op=WRITE_CHUNK {blockData=conID: 2 locID: 102704234571563449 bcsId: 1325} | ret=SUCCESS |  
2019-08-30 05:17:35,811 | INFO  | DNAudit | user=null | ip=null | op=WRITE_CHUNK {blockData=conID: 2 locID: 102704234571563449 bcsId: 1325} | ret=SUCCESS |  
2019-08-30 05:17:35,811 | INFO  | DNAudit | user=null | ip=null | op=WRITE_CHUNK {blockData=conID: 2 locID: 102704234571563449 bcsId: 1320} | ret=SUCCESS |  
2019-08-30 05:17:35,811 | INFO  | DNAudit | user=null | ip=null | op=WRITE_CHUNK {blockData=conID: 2 locID: 102704234571563449 bcsId: 1320} | ret=SUCCESS |  
2019-08-30 05:17:35,982 | INFO  | DNAudit | user=null | ip=null | op=PUT_BLOCK {blockData=[blockId=conID: 2 locID: 102704234571563449 bcsId: 0,size=3145728]} | ret=SUCCESS |  
2019-08-30 05:17:35,982 | INFO  | DNAudit | user=null | ip=null | op=PUT_BLOCK {blockData=[blockId=conID: 2 locID: 102704234571563449 bcsId: 0,size=3145728]} | ret=SUCCESS |  
2019-08-30 05:17:35,983 | INFO  | SCMAudit | user=jenkins1000 | ip=192.168.36.106 | op=SEND_HEARTBEAT {datanodeUUID=73af84f3-3e88-4c8c-894c-3ad307bcac8d, command=[]} | ret=SUCCESS |  
2019-08-30 05:17:35,983 | INFO  | SCMAudit | user=jenkins1000 | ip=192.168.36.106 | op=SEND_HEARTBEAT {datanodeUUID=730a25a1-dbec-44ed-975b-a44ab0096beb, command=[]} | ret=SUCCESS |  
2019-08-30 05:17:35,984 | INFO  | DNAudit | user=null | ip=null | op=WRITE_CHUNK {blockData=conID: 2 locID: 102704234571563449 bcsId: 1325} | ret=SUCCESS |  
2019-08-30 05:17:35,985 | INFO  | DNAudit | user=null | ip=null | op=PUT_BLOCK {blockData=[blockId=conID: 2 locID: 102704234571563449 bcsId: 0,size=4194304]} | ret=SUCCESS |  
2019-08-30 05:17:35,985 [grpc-default-executor-1] INFO  client.GrpcClientProtocolClient (GrpcClientProtocolClient.java:onNext(255)) - client-574492D41EE7->134d4672-e322-4e4b-b7f3-5645abb0fe8c: receive RaftClientReply:client-574492D41EE7->134d4672-e322-4e4b-b7f3-5645abb0fe8c@group-3CB1DFFBCDC2, cid=984, SUCCESS, logIndex=1328, commits[134d4672-e322-4e4b-b7f3-5645abb0fe8c:c1329, 73af84f3-3e88-4c8c-894c-3ad307bcac8d:c1325, 730a25a1-dbec-44ed-975b-a44ab0096beb:c1325]
2019-08-30 05:17:35,985 [grpc-default-executor-1] INFO  client.GrpcClientProtocolClient (GrpcClientProtocolClient.java:onNext(255)) - client-574492D41EE7->134d4672-e322-4e4b-b7f3-5645abb0fe8c: receive RaftClientReply:client-574492D41EE7->134d4672-e322-4e4b-b7f3-5645abb0fe8c@group-3CB1DFFBCDC2, cid=985, SUCCESS, logIndex=1329, commits[134d4672-e322-4e4b-b7f3-5645abb0fe8c:c1329, 73af84f3-3e88-4c8c-894c-3ad307bcac8d:c1325, 730a25a1-dbec-44ed-975b-a44ab0096beb:c1325]
2019-08-30 05:17:36,017 | INFO  | DNAudit | user=null | ip=null | op=WRITE_CHUNK {blockData=conID: 2 locID: 102704234571563449 bcsId: 1325} | ret=SUCCESS |  
2019-08-30 05:17:36,017 | INFO  | DNAudit | user=null | ip=null | op=WRITE_CHUNK {blockData=conID: 2 locID: 102704234571563449 bcsId: 1325} | ret=SUCCESS |  
2019-08-30 05:17:36,018 | INFO  | DNAudit | user=null | ip=null | op=PUT_BLOCK {blockData=[blockId=conID: 2 locID: 102704234571563449 bcsId: 0,size=4194304]} | ret=SUCCESS |  
2019-08-30 05:17:36,018 | INFO  | DNAudit | user=null | ip=null | op=PUT_BLOCK {blockData=[blockId=conID: 2 locID: 102704234571563449 bcsId: 0,size=4194304]} | ret=SUCCESS |  
2019-08-30 05:17:36,018 [grpc-default-executor-6] INFO  client.GrpcClientProtocolClient (GrpcClientProtocolClient.java:onNext(255)) - client-574492D41EE7->134d4672-e322-4e4b-b7f3-5645abb0fe8c: receive RaftClientReply:client-574492D41EE7->134d4672-e322-4e4b-b7f3-5645abb0fe8c@group-3CB1DFFBCDC2, cid=986, SUCCESS, logIndex=0, commits[134d4672-e322-4e4b-b7f3-5645abb0fe8c:c1329, 73af84f3-3e88-4c8c-894c-3ad307bcac8d:c1329, 730a25a1-dbec-44ed-975b-a44ab0096beb:c1329]
2019-08-30 05:17:36,029 | INFO  | DNAudit | user=null | ip=null | op=WRITE_CHUNK {blockData=conID: 3 locID: 102704234571563450 bcsId: 0} | ret=SUCCESS |  
2019-08-30 05:17:36,033 | INFO  | DNAudit | user=null | ip=null | op=WRITE_CHUNK {blockData=conID: 3 locID: 102704234571563450 bcsId: 0} | ret=SUCCESS |  
2019-08-30 05:17:36,033 | INFO  | DNAudit | user=null | ip=null | op=WRITE_CHUNK {blockData=conID: 3 locID: 102704234571563450 bcsId: 0} | ret=SUCCESS |  
2019-08-30 05:17:36,036 | INFO  | DNAudit | user=null | ip=null | op=WRITE_CHUNK {blockData=conID: 3 locID: 102704234571563450 bcsId: 0} | ret=SUCCESS |  
2019-08-30 05:17:36,036 | INFO  | DNAudit | user=null | ip=null | op=WRITE_CHUNK {blockData=conID: 3 locID: 102704234571563450 bcsId: 0} | ret=SUCCESS |  
2019-08-30 05:17:36,036 | INFO  | DNAudit | user=null | ip=null | op=WRITE_CHUNK {blockData=conID: 3 locID: 102704234571563450 bcsId: 0} | ret=SUCCESS |  
2019-08-30 05:17:36,042 | INFO  | DNAudit | user=null | ip=null | op=WRITE_CHUNK {blockData=conID: 3 locID: 102704234571563450 bcsId: 0} | ret=SUCCESS |  
2019-08-30 05:17:36,042 | INFO  | DNAudit | user=null | ip=null | op=PUT_BLOCK {blockData=[blockId=conID: 3 locID: 102704234571563450 bcsId: 0,size=1048576]} | ret=SUCCESS |  
2019-08-30 05:17:36,043 | INFO  | DNAudit | user=null | ip=null | op=WRITE_CHUNK {blockData=conID: 3 locID: 102704234571563450 bcsId: 0} | ret=SUCCESS |  
2019-08-30 05:17:36,043 [grpc-default-executor-6] INFO  client.GrpcClientProtocolClient (GrpcClientProtocolClient.java:onNext(255)) - client-574492D41EE7->134d4672-e322-4e4b-b7f3-5645abb0fe8c: receive RaftClientReply:client-574492D41EE7->134d4672-e322-4e4b-b7f3-5645abb0fe8c@group-3CB1DFFBCDC2, cid=987, SUCCESS, logIndex=1332, commits[134d4672-e322-4e4b-b7f3-5645abb0fe8c:c1335, 73af84f3-3e88-4c8c-894c-3ad307bcac8d:c1331, 730a25a1-dbec-44ed-975b-a44ab0096beb:c1331]
2019-08-30 05:17:36,043 | INFO  | DNAudit | user=null | ip=null | op=WRITE_CHUNK {blockData=conID: 3 locID: 102704234571563450 bcsId: 0} | ret=SUCCESS |  
2019-08-30 05:17:36,043 | INFO  | DNAudit | user=null | ip=null | op=PUT_BLOCK {blockData=[blockId=conID: 3 locID: 102704234571563450 bcsId: 0,size=1048576]} | ret=SUCCESS |  
2019-08-30 05:17:36,043 [grpc-default-executor-6] INFO  client.GrpcClientProtocolClient (GrpcClientProtocolClient.java:onNext(255)) - client-574492D41EE7->134d4672-e322-4e4b-b7f3-5645abb0fe8c: receive RaftClientReply:client-574492D41EE7->134d4672-e322-4e4b-b7f3-5645abb0fe8c@group-3CB1DFFBCDC2, cid=988, SUCCESS, logIndex=1333, commits[134d4672-e322-4e4b-b7f3-5645abb0fe8c:c1335, 73af84f3-3e88-4c8c-894c-3ad307bcac8d:c1331, 730a25a1-dbec-44ed-975b-a44ab0096beb:c1331]
2019-08-30 05:17:36,044 | INFO  | DNAudit | user=null | ip=null | op=PUT_BLOCK {blockData=[blockId=conID: 3 locID: 102704234571563450 bcsId: 0,size=2097152]} | ret=SUCCESS |  
2019-08-30 05:17:36,044 [grpc-default-executor-6] INFO  client.GrpcClientProtocolClient (GrpcClientProtocolClient.java:onNext(255)) - client-574492D41EE7->134d4672-e322-4e4b-b7f3-5645abb0fe8c: receive RaftClientReply:client-574492D41EE7->134d4672-e322-4e4b-b7f3-5645abb0fe8c@group-3CB1DFFBCDC2, cid=989, SUCCESS, logIndex=1334, commits[134d4672-e322-4e4b-b7f3-5645abb0fe8c:c1336, 73af84f3-3e88-4c8c-894c-3ad307bcac8d:c1331, 730a25a1-dbec-44ed-975b-a44ab0096beb:c1333]
2019-08-30 05:17:36,044 [grpc-default-executor-6] INFO  client.GrpcClientProtocolClient (GrpcClientProtocolClient.java:onNext(255)) - client-574492D41EE7->134d4672-e322-4e4b-b7f3-5645abb0fe8c: receive RaftClientReply:client-574492D41EE7->134d4672-e322-4e4b-b7f3-5645abb0fe8c@group-3CB1DFFBCDC2, cid=990, SUCCESS, logIndex=1335, commits[134d4672-e322-4e4b-b7f3-5645abb0fe8c:c1336, 73af84f3-3e88-4c8c-894c-3ad307bcac8d:c1331, 730a25a1-dbec-44ed-975b-a44ab0096beb:c1333]
2019-08-30 05:17:36,045 | INFO  | DNAudit | user=null | ip=null | op=WRITE_CHUNK {blockData=conID: 3 locID: 102704234571563450 bcsId: 0} | ret=SUCCESS |  
2019-08-30 05:17:36,046 | INFO  | DNAudit | user=null | ip=null | op=PUT_BLOCK {blockData=[blockId=conID: 3 locID: 102704234571563450 bcsId: 0,size=1048576]} | ret=SUCCESS |  
2019-08-30 05:17:36,046 [grpc-default-executor-3] INFO  client.GrpcClientProtocolClient (GrpcClientProtocolClient.java:onNext(255)) - client-574492D41EE7->134d4672-e322-4e4b-b7f3-5645abb0fe8c: receive RaftClientReply:client-574492D41EE7->134d4672-e322-4e4b-b7f3-5645abb0fe8c@group-3CB1DFFBCDC2, cid=991, SUCCESS, logIndex=0, commits[134d4672-e322-4e4b-b7f3-5645abb0fe8c:c1336, 73af84f3-3e88-4c8c-894c-3ad307bcac8d:c1333, 730a25a1-dbec-44ed-975b-a44ab0096beb:c1333]
2019-08-30 05:17:36,056 | INFO  | DNAudit | user=null | ip=null | op=WRITE_CHUNK {blockData=conID: 3 locID: 102704234571563450 bcsId: 0} | ret=SUCCESS |  
2019-08-30 05:17:36,057 | INFO  | DNAudit | user=null | ip=null | op=PUT_BLOCK {blockData=[blockId=conID: 3 locID: 102704234571563450 bcsId: 0,size=2097152]} | ret=SUCCESS |  
2019-08-30 05:17:36,057 | INFO  | DNAudit | user=null | ip=null | op=WRITE_CHUNK {blockData=conID: 3 locID: 102704234571563450 bcsId: 0} | ret=SUCCESS |  
2019-08-30 05:17:36,057 | INFO  | DNAudit | user=null | ip=null | op=PUT_BLOCK {blockData=[blockId=conID: 3 locID: 102704234571563450 bcsId: 0,size=2097152]} | ret=SUCCESS |  
2019-08-30 05:17:36,057 | INFO  | DNAudit | user=null | ip=null | op=WRITE_CHUNK {blockData=conID: 3 locID: 102704234571563450 bcsId: 1335} | ret=SUCCESS |  
2019-08-30 05:17:36,057 | INFO  | DNAudit | user=null | ip=null | op=WRITE_CHUNK {blockData=conID: 3 locID: 102704234571563450 bcsId: 1335} | ret=SUCCESS |  
2019-08-30 05:17:36,057 | INFO  | DNAudit | user=null | ip=null | op=WRITE_CHUNK {blockData=conID: 3 locID: 102704234571563450 bcsId: 1335} | ret=SUCCESS |  
2019-08-30 05:17:36,069 | INFO  | DNAudit | user=null | ip=null | op=WRITE_CHUNK {blockData=conID: 3 locID: 102704234571563450 bcsId: 1335} | ret=SUCCESS |  
2019-08-30 05:17:36,069 | INFO  | DNAudit | user=null | ip=null | op=PUT_BLOCK {blockData=[blockId=conID: 3 locID: 102704234571563450 bcsId: 0,size=3145728]} | ret=SUCCESS |  
2019-08-30 05:17:36,070 [grpc-default-executor-1] INFO  client.GrpcClientProtocolClient (GrpcClientProtocolClient.java:onNext(255)) - client-574492D41EE7->134d4672-e322-4e4b-b7f3-5645abb0fe8c: receive RaftClientReply:client-574492D41EE7->134d4672-e322-4e4b-b7f3-5645abb0fe8c@group-3CB1DFFBCDC2, cid=992, SUCCESS, logIndex=1340, commits[134d4672-e322-4e4b-b7f3-5645abb0fe8c:c1341, 73af84f3-3e88-4c8c-894c-3ad307bcac8d:c1336, 730a25a1-dbec-44ed-975b-a44ab0096beb:c1336]
2019-08-30 05:17:36,070 [grpc-default-executor-1] INFO  client.GrpcClientProtocolClient (GrpcClientProtocolClient.java:onNext(255)) - client-574492D41EE7->134d4672-e322-4e4b-b7f3-5645abb0fe8c: receive RaftClientReply:client-574492D41EE7->134d4672-e322-4e4b-b7f3-5645abb0fe8c@group-3CB1DFFBCDC2, cid=993, SUCCESS, logIndex=1341, commits[134d4672-e322-4e4b-b7f3-5645abb0fe8c:c1341, 73af84f3-3e88-4c8c-894c-3ad307bcac8d:c1336, 730a25a1-dbec-44ed-975b-a44ab0096beb:c1336]
2019-08-30 05:17:36,072 | INFO  | DNAudit | user=null | ip=null | op=WRITE_CHUNK {blockData=conID: 3 locID: 102704234571563450 bcsId: 1335} | ret=SUCCESS |  
2019-08-30 05:17:36,072 | INFO  | DNAudit | user=null | ip=null | op=WRITE_CHUNK {blockData=conID: 3 locID: 102704234571563450 bcsId: 1335} | ret=SUCCESS |  
2019-08-30 05:17:36,072 | INFO  | DNAudit | user=null | ip=null | op=PUT_BLOCK {blockData=[blockId=conID: 3 locID: 102704234571563450 bcsId: 0,size=3145728]} | ret=SUCCESS |  
2019-08-30 05:17:36,077 | INFO  | DNAudit | user=null | ip=null | op=WRITE_CHUNK {blockData=conID: 3 locID: 102704234571563450 bcsId: 1341} | ret=SUCCESS |  
2019-08-30 05:17:36,080 | INFO  | DNAudit | user=null | ip=null | op=WRITE_CHUNK {blockData=conID: 3 locID: 102704234571563450 bcsId: 1341} | ret=SUCCESS |  
2019-08-30 05:17:36,080 | INFO  | DNAudit | user=null | ip=null | op=WRITE_CHUNK {blockData=conID: 3 locID: 102704234571563450 bcsId: 1341} | ret=SUCCESS |  
2019-08-30 05:17:36,083 | INFO  | DNAudit | user=null | ip=null | op=PUT_BLOCK {blockData=[blockId=conID: 3 locID: 102704234571563450 bcsId: 0,size=3145728]} | ret=SUCCESS |  
2019-08-30 05:17:36,086 | INFO  | DNAudit | user=null | ip=null | op=WRITE_CHUNK {blockData=conID: 3 locID: 102704234571563450 bcsId: 1341} | ret=SUCCESS |  
2019-08-30 05:17:36,087 | INFO  | DNAudit | user=null | ip=null | op=PUT_BLOCK {blockData=[blockId=conID: 3 locID: 102704234571563450 bcsId: 0,size=4194304]} | ret=SUCCESS |  
2019-08-30 05:17:36,087 [grpc-default-executor-3] INFO  client.GrpcClientProtocolClient (GrpcClientProtocolClient.java:onNext(255)) - client-574492D41EE7->134d4672-e322-4e4b-b7f3-5645abb0fe8c: receive RaftClientReply:client-574492D41EE7->134d4672-e322-4e4b-b7f3-5645abb0fe8c@group-3CB1DFFBCDC2, cid=994, SUCCESS, logIndex=1344, commits[134d4672-e322-4e4b-b7f3-5645abb0fe8c:c1345, 73af84f3-3e88-4c8c-894c-3ad307bcac8d:c1342, 730a25a1-dbec-44ed-975b-a44ab0096beb:c1342]
2019-08-30 05:17:36,088 [grpc-default-executor-3] INFO  client.GrpcClientProtocolClient (GrpcClientProtocolClient.java:onNext(255)) - client-574492D41EE7->134d4672-e322-4e4b-b7f3-5645abb0fe8c: receive RaftClientReply:client-574492D41EE7->134d4672-e322-4e4b-b7f3-5645abb0fe8c@group-3CB1DFFBCDC2, cid=995, SUCCESS, logIndex=1345, commits[134d4672-e322-4e4b-b7f3-5645abb0fe8c:c1345, 73af84f3-3e88-4c8c-894c-3ad307bcac8d:c1342, 730a25a1-dbec-44ed-975b-a44ab0096beb:c1342]
2019-08-30 05:17:36,098 | INFO  | DNAudit | user=null | ip=null | op=WRITE_CHUNK {blockData=conID: 3 locID: 102704234571563450 bcsId: 1341} | ret=SUCCESS |  
2019-08-30 05:17:36,098 | INFO  | DNAudit | user=null | ip=null | op=WRITE_CHUNK {blockData=conID: 3 locID: 102704234571563450 bcsId: 1341} | ret=SUCCESS |  
2019-08-30 05:17:36,098 | INFO  | DNAudit | user=null | ip=null | op=PUT_BLOCK {blockData=[blockId=conID: 3 locID: 102704234571563450 bcsId: 0,size=4194304]} | ret=SUCCESS |  
2019-08-30 05:17:36,101 | INFO  | DNAudit | user=null | ip=null | op=PUT_BLOCK {blockData=[blockId=conID: 3 locID: 102704234571563450 bcsId: 0,size=4194304]} | ret=SUCCESS |  
2019-08-30 05:17:36,101 [grpc-default-executor-3] INFO  client.GrpcClientProtocolClient (GrpcClientProtocolClient.java:onNext(255)) - client-574492D41EE7->134d4672-e322-4e4b-b7f3-5645abb0fe8c: receive RaftClientReply:client-574492D41EE7->134d4672-e322-4e4b-b7f3-5645abb0fe8c@group-3CB1DFFBCDC2, cid=996, SUCCESS, logIndex=0, commits[134d4672-e322-4e4b-b7f3-5645abb0fe8c:c1347, 73af84f3-3e88-4c8c-894c-3ad307bcac8d:c1345, 730a25a1-dbec-44ed-975b-a44ab0096beb:c1345]
2019-08-30 05:17:36,109 | INFO  | DNAudit | user=null | ip=null | op=WRITE_CHUNK {blockData=conID: 1 locID: 102704234571628987 bcsId: 0} | ret=SUCCESS |  
2019-08-30 05:17:36,111 | INFO  | DNAudit | user=null | ip=null | op=WRITE_CHUNK {blockData=conID: 1 locID: 102704234571628987 bcsId: 0} | ret=SUCCESS |  
2019-08-30 05:17:36,112 | INFO  | DNAudit | user=null | ip=null | op=WRITE_CHUNK {blockData=conID: 1 locID: 102704234571628987 bcsId: 0} | ret=SUCCESS |  
2019-08-30 05:17:36,112 | INFO  | DNAudit | user=null | ip=null | op=WRITE_CHUNK {blockData=conID: 1 locID: 102704234571628987 bcsId: 0} | ret=SUCCESS |  
2019-08-30 05:17:36,114 | INFO  | DNAudit | user=null | ip=null | op=WRITE_CHUNK {blockData=conID: 1 locID: 102704234571628987 bcsId: 0} | ret=SUCCESS |  
2019-08-30 05:17:36,114 | INFO  | DNAudit | user=null | ip=null | op=WRITE_CHUNK {blockData=conID: 1 locID: 102704234571628987 bcsId: 0} | ret=SUCCESS |  
2019-08-30 05:17:36,122 | INFO  | DNAudit | user=null | ip=null | op=WRITE_CHUNK {blockData=conID: 1 locID: 102704234571628987 bcsId: 0} | ret=SUCCESS |  
2019-08-30 05:17:36,123 | INFO  | DNAudit | user=null | ip=null | op=PUT_BLOCK {blockData=[blockId=conID: 1 locID: 102704234571628987 bcsId: 0,size=1048576]} | ret=SUCCESS |  
2019-08-30 05:17:36,123 [grpc-default-executor-6] INFO  client.GrpcClientProtocolClient (GrpcClientProtocolClient.java:onNext(255)) - client-574492D41EE7->134d4672-e322-4e4b-b7f3-5645abb0fe8c: receive RaftClientReply:client-574492D41EE7->134d4672-e322-4e4b-b7f3-5645abb0fe8c@group-3CB1DFFBCDC2, cid=997, SUCCESS, logIndex=1348, commits[134d4672-e322-4e4b-b7f3-5645abb0fe8c:c1351, 73af84f3-3e88-4c8c-894c-3ad307bcac8d:c1347, 730a25a1-dbec-44ed-975b-a44ab0096beb:c1347]
2019-08-30 05:17:36,123 | INFO  | DNAudit | user=null | ip=null | op=WRITE_CHUNK {blockData=conID: 1 locID: 102704234571628987 bcsId: 0} | ret=SUCCESS |  
2019-08-30 05:17:36,123 | INFO  | DNAudit | user=null | ip=null | op=PUT_BLOCK {blockData=[blockId=conID: 1 locID: 102704234571628987 bcsId: 0,size=2097152]} | ret=SUCCESS |  
2019-08-30 05:17:36,123 [grpc-default-executor-6] INFO  client.GrpcClientProtocolClient (GrpcClientProtocolClient.java:onNext(255)) - client-574492D41EE7->134d4672-e322-4e4b-b7f3-5645abb0fe8c: receive RaftClientReply:client-574492D41EE7->134d4672-e322-4e4b-b7f3-5645abb0fe8c@group-3CB1DFFBCDC2, cid=998, SUCCESS, logIndex=1349, commits[134d4672-e322-4e4b-b7f3-5645abb0fe8c:c1351, 73af84f3-3e88-4c8c-894c-3ad307bcac8d:c1347, 730a25a1-dbec-44ed-975b-a44ab0096beb:c1347]
2019-08-30 05:17:36,124 [grpc-default-executor-6] INFO  client.GrpcClientProtocolClient (GrpcClientProtocolClient.java:onNext(255)) - client-574492D41EE7->134d4672-e322-4e4b-b7f3-5645abb0fe8c: receive RaftClientReply:client-574492D41EE7->134d4672-e322-4e4b-b7f3-5645abb0fe8c@group-3CB1DFFBCDC2, cid=999, SUCCESS, logIndex=1350, commits[134d4672-e322-4e4b-b7f3-5645abb0fe8c:c1351, 73af84f3-3e88-4c8c-894c-3ad307bcac8d:c1347, 730a25a1-dbec-44ed-975b-a44ab0096beb:c1347]
2019-08-30 05:17:36,124 [grpc-default-executor-6] INFO  client.GrpcClientProtocolClient (GrpcClientProtocolClient.java:onNext(255)) - client-574492D41EE7->134d4672-e322-4e4b-b7f3-5645abb0fe8c: receive RaftClientReply:client-574492D41EE7->134d4672-e322-4e4b-b7f3-5645abb0fe8c@group-3CB1DFFBCDC2, cid=1000, SUCCESS, logIndex=1351, commits[134d4672-e322-4e4b-b7f3-5645abb0fe8c:c1351, 73af84f3-3e88-4c8c-894c-3ad307bcac8d:c1347, 730a25a1-dbec-44ed-975b-a44ab0096beb:c1347]
2019-08-30 05:17:36,125 | INFO  | DNAudit | user=null | ip=null | op=WRITE_CHUNK {blockData=conID: 1 locID: 102704234571628987 bcsId: 0} | ret=SUCCESS |  
2019-08-30 05:17:36,136 | INFO  | DNAudit | user=null | ip=null | op=WRITE_CHUNK {blockData=conID: 1 locID: 102704234571628987 bcsId: 0} | ret=SUCCESS |  
2019-08-30 05:17:36,136 | INFO  | DNAudit | user=null | ip=null | op=PUT_BLOCK {blockData=[blockId=conID: 1 locID: 102704234571628987 bcsId: 0,size=1048576]} | ret=SUCCESS |  
2019-08-30 05:17:36,137 | INFO  | DNAudit | user=null | ip=null | op=PUT_BLOCK {blockData=[blockId=conID: 1 locID: 102704234571628987 bcsId: 0,size=1048576]} | ret=SUCCESS |  
2019-08-30 05:17:36,137 | INFO  | DNAudit | user=null | ip=null | op=WRITE_CHUNK {blockData=conID: 1 locID: 102704234571628987 bcsId: 0} | ret=SUCCESS |  
2019-08-30 05:17:36,137 | INFO  | DNAudit | user=null | ip=null | op=PUT_BLOCK {blockData=[blockId=conID: 1 locID: 102704234571628987 bcsId: 0,size=2097152]} | ret=SUCCESS |  
2019-08-30 05:17:36,137 | INFO  | DNAudit | user=null | ip=null | op=WRITE_CHUNK {blockData=conID: 1 locID: 102704234571628987 bcsId: 0} | ret=SUCCESS |  
2019-08-30 05:17:36,137 [grpc-default-executor-1] INFO  client.GrpcClientProtocolClient (GrpcClientProtocolClient.java:onNext(255)) - client-574492D41EE7->134d4672-e322-4e4b-b7f3-5645abb0fe8c: receive RaftClientReply:client-574492D41EE7->134d4672-e322-4e4b-b7f3-5645abb0fe8c@group-3CB1DFFBCDC2, cid=1001, SUCCESS, logIndex=0, commits[134d4672-e322-4e4b-b7f3-5645abb0fe8c:c1355, 73af84f3-3e88-4c8c-894c-3ad307bcac8d:c1349, 730a25a1-dbec-44ed-975b-a44ab0096beb:c1351]
2019-08-30 05:17:36,137 | INFO  | DNAudit | user=null | ip=null | op=PUT_BLOCK {blockData=[blockId=conID: 1 locID: 102704234571628987 bcsId: 0,size=2097152]} | ret=SUCCESS |  
2019-08-30 05:17:36,143 | INFO  | DNAudit | user=null | ip=null | op=WRITE_CHUNK {blockData=conID: 1 locID: 102704234571628987 bcsId: 1351} | ret=SUCCESS |  
2019-08-30 05:17:36,145 | INFO  | DNAudit | user=null | ip=null | op=WRITE_CHUNK {blockData=conID: 1 locID: 102704234571628987 bcsId: 1351} | ret=SUCCESS |  
2019-08-30 05:17:36,145 | INFO  | DNAudit | user=null | ip=null | op=WRITE_CHUNK {blockData=conID: 1 locID: 102704234571628987 bcsId: 1351} | ret=SUCCESS |  
2019-08-30 05:17:36,155 | INFO  | DNAudit | user=null | ip=null | op=WRITE_CHUNK {blockData=conID: 1 locID: 102704234571628987 bcsId: 1351} | ret=SUCCESS |  
2019-08-30 05:17:36,156 | INFO  | DNAudit | user=null | ip=null | op=PUT_BLOCK {blockData=[blockId=conID: 1 locID: 102704234571628987 bcsId: 0,size=3145728]} | ret=SUCCESS |  
2019-08-30 05:17:36,156 [grpc-default-executor-3] INFO  client.GrpcClientProtocolClient (GrpcClientProtocolClient.java:onNext(255)) - client-574492D41EE7->134d4672-e322-4e4b-b7f3-5645abb0fe8c: receive RaftClientReply:client-574492D41EE7->134d4672-e322-4e4b-b7f3-5645abb0fe8c@group-3CB1DFFBCDC2, cid=1002, SUCCESS, logIndex=1356, commits[134d4672-e322-4e4b-b7f3-5645abb0fe8c:c1357, 73af84f3-3e88-4c8c-894c-3ad307bcac8d:c1355, 730a25a1-dbec-44ed-975b-a44ab0096beb:c1355]
2019-08-30 05:17:36,156 [grpc-default-executor-3] INFO  client.GrpcClientProtocolClient (GrpcClientProtocolClient.java:onNext(255)) - client-574492D41EE7->134d4672-e322-4e4b-b7f3-5645abb0fe8c: receive RaftClientReply:client-574492D41EE7->134d4672-e322-4e4b-b7f3-5645abb0fe8c@group-3CB1DFFBCDC2, cid=1003, SUCCESS, logIndex=1357, commits[134d4672-e322-4e4b-b7f3-5645abb0fe8c:c1357, 73af84f3-3e88-4c8c-894c-3ad307bcac8d:c1355, 730a25a1-dbec-44ed-975b-a44ab0096beb:c1355]
2019-08-30 05:17:36,163 | INFO  | DNAudit | user=null | ip=null | op=WRITE_CHUNK {blockData=conID: 1 locID: 102704234571628987 bcsId: 1357} | ret=SUCCESS |  
2019-08-30 05:17:36,165 | INFO  | DNAudit | user=null | ip=null | op=WRITE_CHUNK {blockData=conID: 1 locID: 102704234571628987 bcsId: 1357} | ret=SUCCESS |  
2019-08-30 05:17:36,165 | INFO  | DNAudit | user=null | ip=null | op=WRITE_CHUNK {blockData=conID: 1 locID: 102704234571628987 bcsId: 1351} | ret=SUCCESS |  
2019-08-30 05:17:36,165 | INFO  | DNAudit | user=null | ip=null | op=WRITE_CHUNK {blockData=conID: 1 locID: 102704234571628987 bcsId: 1351} | ret=SUCCESS |  
2019-08-30 05:17:36,165 | INFO  | DNAudit | user=null | ip=null | op=WRITE_CHUNK {blockData=conID: 1 locID: 102704234571628987 bcsId: 1357} | ret=SUCCESS |  
2019-08-30 05:17:36,166 | INFO  | DNAudit | user=null | ip=null | op=PUT_BLOCK {blockData=[blockId=conID: 1 locID: 102704234571628987 bcsId: 0,size=3145728]} | ret=SUCCESS |  
2019-08-30 05:17:36,167 | INFO  | DNAudit | user=null | ip=null | op=WRITE_CHUNK {blockData=conID: 1 locID: 102704234571628987 bcsId: 1357} | ret=SUCCESS |  
2019-08-30 05:17:36,167 | INFO  | DNAudit | user=null | ip=null | op=PUT_BLOCK {blockData=[blockId=conID: 1 locID: 102704234571628987 bcsId: 0,size=3145728]} | ret=SUCCESS |  
2019-08-30 05:17:36,167 | INFO  | DNAudit | user=null | ip=null | op=PUT_BLOCK {blockData=[blockId=conID: 1 locID: 102704234571628987 bcsId: 0,size=4194304]} | ret=SUCCESS |  
2019-08-30 05:17:36,168 [grpc-default-executor-1] INFO  client.GrpcClientProtocolClient (GrpcClientProtocolClient.java:onNext(255)) - client-574492D41EE7->134d4672-e322-4e4b-b7f3-5645abb0fe8c: receive RaftClientReply:client-574492D41EE7->134d4672-e322-4e4b-b7f3-5645abb0fe8c@group-3CB1DFFBCDC2, cid=1004, SUCCESS, logIndex=1360, commits[134d4672-e322-4e4b-b7f3-5645abb0fe8c:c1361, 73af84f3-3e88-4c8c-894c-3ad307bcac8d:c1356, 730a25a1-dbec-44ed-975b-a44ab0096beb:c1357]
2019-08-30 05:17:36,168 [grpc-default-executor-1] INFO  client.GrpcClientProtocolClient (GrpcClientProtocolClient.java:onNext(255)) - client-574492D41EE7->134d4672-e322-4e4b-b7f3-5645abb0fe8c: receive RaftClientReply:client-574492D41EE7->134d4672-e322-4e4b-b7f3-5645abb0fe8c@group-3CB1DFFBCDC2, cid=1005, SUCCESS, logIndex=1361, commits[134d4672-e322-4e4b-b7f3-5645abb0fe8c:c1361, 73af84f3-3e88-4c8c-894c-3ad307bcac8d:c1357, 730a25a1-dbec-44ed-975b-a44ab0096beb:c1357]
2019-08-30 05:17:36,185 | INFO  | DNAudit | user=null | ip=null | op=WRITE_CHUNK {blockData=conID: 1 locID: 102704234571628987 bcsId: 1357} | ret=SUCCESS |  
2019-08-30 05:17:36,185 | INFO  | DNAudit | user=null | ip=null | op=WRITE_CHUNK {blockData=conID: 1 locID: 102704234571628987 bcsId: 1357} | ret=SUCCESS |  
2019-08-30 05:17:36,185 | INFO  | DNAudit | user=null | ip=null | op=PUT_BLOCK {blockData=[blockId=conID: 1 locID: 102704234571628987 bcsId: 0,size=4194304]} | ret=SUCCESS |  
2019-08-30 05:17:36,190 | INFO  | DNAudit | user=null | ip=null | op=PUT_BLOCK {blockData=[blockId=conID: 1 locID: 102704234571628987 bcsId: 0,size=4194304]} | ret=SUCCESS |  
2019-08-30 05:17:36,191 [grpc-default-executor-1] INFO  client.GrpcClientProtocolClient (GrpcClientProtocolClient.java:onNext(255)) - client-574492D41EE7->134d4672-e322-4e4b-b7f3-5645abb0fe8c: receive RaftClientReply:client-574492D41EE7->134d4672-e322-4e4b-b7f3-5645abb0fe8c@group-3CB1DFFBCDC2, cid=1006, SUCCESS, logIndex=0, commits[134d4672-e322-4e4b-b7f3-5645abb0fe8c:c1362, 73af84f3-3e88-4c8c-894c-3ad307bcac8d:c1361, 730a25a1-dbec-44ed-975b-a44ab0096beb:c1361]
2019-08-30 05:17:36,198 | INFO  | DNAudit | user=null | ip=null | op=WRITE_CHUNK {blockData=conID: 2 locID: 102704234571628988 bcsId: 0} | ret=SUCCESS |  
2019-08-30 05:17:36,200 | INFO  | DNAudit | user=null | ip=null | op=WRITE_CHUNK {blockData=conID: 2 locID: 102704234571628988 bcsId: 0} | ret=SUCCESS |  
2019-08-30 05:17:36,201 | INFO  | DNAudit | user=null | ip=null | op=WRITE_CHUNK {blockData=conID: 2 locID: 102704234571628988 bcsId: 0} | ret=SUCCESS |  
2019-08-30 05:17:36,201 | INFO  | DNAudit | user=null | ip=null | op=WRITE_CHUNK {blockData=conID: 2 locID: 102704234571628988 bcsId: 0} | ret=SUCCESS |  
2019-08-30 05:17:36,202 | INFO  | DNAudit | user=null | ip=null | op=WRITE_CHUNK {blockData=conID: 2 locID: 102704234571628988 bcsId: 0} | ret=SUCCESS |  
2019-08-30 05:17:36,202 | INFO  | DNAudit | user=null | ip=null | op=WRITE_CHUNK {blockData=conID: 2 locID: 102704234571628988 bcsId: 0} | ret=SUCCESS |  
2019-08-30 05:17:36,211 | INFO  | DNAudit | user=null | ip=null | op=WRITE_CHUNK {blockData=conID: 2 locID: 102704234571628988 bcsId: 0} | ret=SUCCESS |  
2019-08-30 05:17:36,211 | INFO  | DNAudit | user=null | ip=null | op=PUT_BLOCK {blockData=[blockId=conID: 2 locID: 102704234571628988 bcsId: 0,size=1048576]} | ret=SUCCESS |  
2019-08-30 05:17:36,212 [grpc-default-executor-1] INFO  client.GrpcClientProtocolClient (GrpcClientProtocolClient.java:onNext(255)) - client-574492D41EE7->134d4672-e322-4e4b-b7f3-5645abb0fe8c: receive RaftClientReply:client-574492D41EE7->134d4672-e322-4e4b-b7f3-5645abb0fe8c@group-3CB1DFFBCDC2, cid=1007, SUCCESS, logIndex=1364, commits[134d4672-e322-4e4b-b7f3-5645abb0fe8c:c1367, 73af84f3-3e88-4c8c-894c-3ad307bcac8d:c1363, 730a25a1-dbec-44ed-975b-a44ab0096beb:c1363]
2019-08-30 05:17:36,212 | INFO  | DNAudit | user=null | ip=null | op=WRITE_CHUNK {blockData=conID: 2 locID: 102704234571628988 bcsId: 0} | ret=SUCCESS |  
2019-08-30 05:17:36,212 [grpc-default-executor-1] INFO  client.GrpcClientProtocolClient (GrpcClientProtocolClient.java:onNext(255)) - client-574492D41EE7->134d4672-e322-4e4b-b7f3-5645abb0fe8c: receive RaftClientReply:client-574492D41EE7->134d4672-e322-4e4b-b7f3-5645abb0fe8c@group-3CB1DFFBCDC2, cid=1008, SUCCESS, logIndex=1365, commits[134d4672-e322-4e4b-b7f3-5645abb0fe8c:c1367, 73af84f3-3e88-4c8c-894c-3ad307bcac8d:c1363, 730a25a1-dbec-44ed-975b-a44ab0096beb:c1363]
2019-08-30 05:17:36,212 | INFO  | DNAudit | user=null | ip=null | op=PUT_BLOCK {blockData=[blockId=conID: 2 locID: 102704234571628988 bcsId: 0,size=2097152]} | ret=SUCCESS |  
2019-08-30 05:17:36,212 [grpc-default-executor-1] INFO  client.GrpcClientProtocolClient (GrpcClientProtocolClient.java:onNext(255)) - client-574492D41EE7->134d4672-e322-4e4b-b7f3-5645abb0fe8c: receive RaftClientReply:client-574492D41EE7->134d4672-e322-4e4b-b7f3-5645abb0fe8c@group-3CB1DFFBCDC2, cid=1009, SUCCESS, logIndex=1366, commits[134d4672-e322-4e4b-b7f3-5645abb0fe8c:c1367, 73af84f3-3e88-4c8c-894c-3ad307bcac8d:c1363, 730a25a1-dbec-44ed-975b-a44ab0096beb:c1363]
2019-08-30 05:17:36,213 [grpc-default-executor-1] INFO  client.GrpcClientProtocolClient (GrpcClientProtocolClient.java:onNext(255)) - client-574492D41EE7->134d4672-e322-4e4b-b7f3-5645abb0fe8c: receive RaftClientReply:client-574492D41EE7->134d4672-e322-4e4b-b7f3-5645abb0fe8c@group-3CB1DFFBCDC2, cid=1010, SUCCESS, logIndex=1367, commits[134d4672-e322-4e4b-b7f3-5645abb0fe8c:c1367, 73af84f3-3e88-4c8c-894c-3ad307bcac8d:c1363, 730a25a1-dbec-44ed-975b-a44ab0096beb:c1363]
2019-08-30 05:17:36,215 | INFO  | SCMAudit | user=jenkins1000 | ip=192.168.36.106 | op=SEND_HEARTBEAT {datanodeUUID=134d4672-e322-4e4b-b7f3-5645abb0fe8c, command=[]} | ret=SUCCESS |  
2019-08-30 05:17:36,221 | INFO  | DNAudit | user=null | ip=null | op=WRITE_CHUNK {blockData=conID: 2 locID: 102704234571628988 bcsId: 0} | ret=SUCCESS |  
2019-08-30 05:17:36,221 | INFO  | DNAudit | user=null | ip=null | op=WRITE_CHUNK {blockData=conID: 2 locID: 102704234571628988 bcsId: 0} | ret=SUCCESS |  
2019-08-30 05:17:36,221 | INFO  | DNAudit | user=null | ip=null | op=PUT_BLOCK {blockData=[blockId=conID: 2 locID: 102704234571628988 bcsId: 0,size=1048576]} | ret=SUCCESS |  
2019-08-30 05:17:36,223 | INFO  | DNAudit | user=null | ip=null | op=PUT_BLOCK {blockData=[blockId=conID: 2 locID: 102704234571628988 bcsId: 0,size=1048576]} | ret=SUCCESS |  
2019-08-30 05:17:36,223 | INFO  | DNAudit | user=null | ip=null | op=WRITE_CHUNK {blockData=conID: 2 locID: 102704234571628988 bcsId: 0} | ret=SUCCESS |  
2019-08-30 05:17:36,223 | INFO  | DNAudit | user=null | ip=null | op=PUT_BLOCK {blockData=[blockId=conID: 2 locID: 102704234571628988 bcsId: 0,size=2097152]} | ret=SUCCESS |  
2019-08-30 05:17:36,223 | INFO  | DNAudit | user=null | ip=null | op=WRITE_CHUNK {blockData=conID: 2 locID: 102704234571628988 bcsId: 0} | ret=SUCCESS |  
2019-08-30 05:17:36,223 [grpc-default-executor-3] INFO  client.GrpcClientProtocolClient (GrpcClientProtocolClient.java:onNext(255)) - client-574492D41EE7->134d4672-e322-4e4b-b7f3-5645abb0fe8c: receive RaftClientReply:client-574492D41EE7->134d4672-e322-4e4b-b7f3-5645abb0fe8c@group-3CB1DFFBCDC2, cid=1011, SUCCESS, logIndex=0, commits[134d4672-e322-4e4b-b7f3-5645abb0fe8c:c1370, 73af84f3-3e88-4c8c-894c-3ad307bcac8d:c1367, 730a25a1-dbec-44ed-975b-a44ab0096beb:c1365]
2019-08-30 05:17:36,223 | INFO  | DNAudit | user=null | ip=null | op=PUT_BLOCK {blockData=[blockId=conID: 2 locID: 102704234571628988 bcsId: 0,size=2097152]} | ret=SUCCESS |  
2019-08-30 05:17:36,230 | INFO  | DNAudit | user=null | ip=null | op=WRITE_CHUNK {blockData=conID: 2 locID: 102704234571628988 bcsId: 1367} | ret=SUCCESS |  
2019-08-30 05:17:36,232 | INFO  | DNAudit | user=null | ip=null | op=WRITE_CHUNK {blockData=conID: 2 locID: 102704234571628988 bcsId: 1367} | ret=SUCCESS |  
2019-08-30 05:17:36,232 | INFO  | DNAudit | user=null | ip=null | op=WRITE_CHUNK {blockData=conID: 2 locID: 102704234571628988 bcsId: 1367} | ret=SUCCESS |  
2019-08-30 05:17:36,241 | INFO  | DNAudit | user=null | ip=null | op=WRITE_CHUNK {blockData=conID: 2 locID: 102704234571628988 bcsId: 1367} | ret=SUCCESS |  
2019-08-30 05:17:36,241 | INFO  | DNAudit | user=null | ip=null | op=PUT_BLOCK {blockData=[blockId=conID: 2 locID: 102704234571628988 bcsId: 0,size=3145728]} | ret=SUCCESS |  
2019-08-30 05:17:36,241 [grpc-default-executor-3] INFO  client.GrpcClientProtocolClient (GrpcClientProtocolClient.java:onNext(255)) - client-574492D41EE7->134d4672-e322-4e4b-b7f3-5645abb0fe8c: receive RaftClientReply:client-574492D41EE7->134d4672-e322-4e4b-b7f3-5645abb0fe8c@group-3CB1DFFBCDC2, cid=1012, SUCCESS, logIndex=1372, commits[134d4672-e322-4e4b-b7f3-5645abb0fe8c:c1373, 73af84f3-3e88-4c8c-894c-3ad307bcac8d:c1371, 730a25a1-dbec-44ed-975b-a44ab0096beb:c1371]
2019-08-30 05:17:36,242 [grpc-default-executor-3] INFO  client.GrpcClientProtocolClient (GrpcClientProtocolClient.java:onNext(255)) - client-574492D41EE7->134d4672-e322-4e4b-b7f3-5645abb0fe8c: receive RaftClientReply:client-574492D41EE7->134d4672-e322-4e4b-b7f3-5645abb0fe8c@group-3CB1DFFBCDC2, cid=1013, SUCCESS, logIndex=1373, commits[134d4672-e322-4e4b-b7f3-5645abb0fe8c:c1373, 73af84f3-3e88-4c8c-894c-3ad307bcac8d:c1371, 730a25a1-dbec-44ed-975b-a44ab0096beb:c1371]
2019-08-30 05:17:36,249 | INFO  | DNAudit | user=null | ip=null | op=WRITE_CHUNK {blockData=conID: 2 locID: 102704234571628988 bcsId: 1373} | ret=SUCCESS |  
2019-08-30 05:17:36,251 | INFO  | DNAudit | user=null | ip=null | op=WRITE_CHUNK {blockData=conID: 2 locID: 102704234571628988 bcsId: 1373} | ret=SUCCESS |  
2019-08-30 05:17:36,251 | INFO  | DNAudit | user=null | ip=null | op=WRITE_CHUNK {blockData=conID: 2 locID: 102704234571628988 bcsId: 1373} | ret=SUCCESS |  
2019-08-30 05:17:36,251 | INFO  | DNAudit | user=null | ip=null | op=WRITE_CHUNK {blockData=conID: 2 locID: 102704234571628988 bcsId: 1367} | ret=SUCCESS |  
2019-08-30 05:17:36,251 | INFO  | DNAudit | user=null | ip=null | op=WRITE_CHUNK {blockData=conID: 2 locID: 102704234571628988 bcsId: 1367} | ret=SUCCESS |  
2019-08-30 05:17:36,254 | INFO  | DNAudit | user=null | ip=null | op=PUT_BLOCK {blockData=[blockId=conID: 2 locID: 102704234571628988 bcsId: 0,size=3145728]} | ret=SUCCESS |  
2019-08-30 05:17:36,254 | INFO  | DNAudit | user=null | ip=null | op=PUT_BLOCK {blockData=[blockId=conID: 2 locID: 102704234571628988 bcsId: 0,size=3145728]} | ret=SUCCESS |  
2019-08-30 05:17:36,254 | INFO  | DNAudit | user=null | ip=null | op=WRITE_CHUNK {blockData=conID: 2 locID: 102704234571628988 bcsId: 1373} | ret=SUCCESS |  
2019-08-30 05:17:36,255 | INFO  | DNAudit | user=null | ip=null | op=PUT_BLOCK {blockData=[blockId=conID: 2 locID: 102704234571628988 bcsId: 0,size=4194304]} | ret=SUCCESS |  
2019-08-30 05:17:36,255 [grpc-default-executor-6] INFO  client.GrpcClientProtocolClient (GrpcClientProtocolClient.java:onNext(255)) - client-574492D41EE7->134d4672-e322-4e4b-b7f3-5645abb0fe8c: receive RaftClientReply:client-574492D41EE7->134d4672-e322-4e4b-b7f3-5645abb0fe8c@group-3CB1DFFBCDC2, cid=1014, SUCCESS, logIndex=1376, commits[134d4672-e322-4e4b-b7f3-5645abb0fe8c:c1377, 73af84f3-3e88-4c8c-894c-3ad307bcac8d:c1373, 730a25a1-dbec-44ed-975b-a44ab0096beb:c1373]
2019-08-30 05:17:36,255 [grpc-default-executor-6] INFO  client.GrpcClientProtocolClient (GrpcClientProtocolClient.java:onNext(255)) - client-574492D41EE7->134d4672-e322-4e4b-b7f3-5645abb0fe8c: receive RaftClientReply:client-574492D41EE7->134d4672-e322-4e4b-b7f3-5645abb0fe8c@group-3CB1DFFBCDC2, cid=1015, SUCCESS, logIndex=1377, commits[134d4672-e322-4e4b-b7f3-5645abb0fe8c:c1377, 73af84f3-3e88-4c8c-894c-3ad307bcac8d:c1373, 730a25a1-dbec-44ed-975b-a44ab0096beb:c1373]
2019-08-30 05:17:36,264 | INFO  | DNAudit | user=null | ip=null | op=WRITE_CHUNK {blockData=conID: 2 locID: 102704234571628988 bcsId: 1373} | ret=SUCCESS |  
2019-08-30 05:17:36,264 | INFO  | DNAudit | user=null | ip=null | op=WRITE_CHUNK {blockData=conID: 2 locID: 102704234571628988 bcsId: 1373} | ret=SUCCESS |  
2019-08-30 05:17:36,265 | INFO  | DNAudit | user=null | ip=null | op=PUT_BLOCK {blockData=[blockId=conID: 2 locID: 102704234571628988 bcsId: 0,size=4194304]} | ret=SUCCESS |  
2019-08-30 05:17:36,265 | INFO  | DNAudit | user=null | ip=null | op=PUT_BLOCK {blockData=[blockId=conID: 2 locID: 102704234571628988 bcsId: 0,size=4194304]} | ret=SUCCESS |  
2019-08-30 05:17:36,265 [grpc-default-executor-6] INFO  client.GrpcClientProtocolClient (GrpcClientProtocolClient.java:onNext(255)) - client-574492D41EE7->134d4672-e322-4e4b-b7f3-5645abb0fe8c: receive RaftClientReply:client-574492D41EE7->134d4672-e322-4e4b-b7f3-5645abb0fe8c@group-3CB1DFFBCDC2, cid=1016, SUCCESS, logIndex=0, commits[134d4672-e322-4e4b-b7f3-5645abb0fe8c:c1378, 73af84f3-3e88-4c8c-894c-3ad307bcac8d:c1377, 730a25a1-dbec-44ed-975b-a44ab0096beb:c1377]
2019-08-30 05:17:36,271 | INFO  | DNAudit | user=null | ip=null | op=WRITE_CHUNK {blockData=conID: 3 locID: 102704234571628989 bcsId: 0} | ret=SUCCESS |  
2019-08-30 05:17:36,273 | INFO  | DNAudit | user=null | ip=null | op=WRITE_CHUNK {blockData=conID: 3 locID: 102704234571628989 bcsId: 0} | ret=SUCCESS |  
2019-08-30 05:17:36,276 | INFO  | DNAudit | user=null | ip=null | op=WRITE_CHUNK {blockData=conID: 3 locID: 102704234571628989 bcsId: 0} | ret=SUCCESS |  
2019-08-30 05:17:36,277 | INFO  | DNAudit | user=null | ip=null | op=WRITE_CHUNK {blockData=conID: 3 locID: 102704234571628989 bcsId: 0} | ret=SUCCESS |  
2019-08-30 05:17:36,279 | INFO  | DNAudit | user=null | ip=null | op=WRITE_CHUNK {blockData=conID: 3 locID: 102704234571628989 bcsId: 0} | ret=SUCCESS |  
2019-08-30 05:17:36,279 | INFO  | DNAudit | user=null | ip=null | op=WRITE_CHUNK {blockData=conID: 3 locID: 102704234571628989 bcsId: 0} | ret=SUCCESS |  
 0.00% |█                                                                                                    |  0/1 Time: 0:00:052019-08-30 05:17:36,280 | INFO  | SCMAudit | user=jenkins1000 | ip=192.168.36.106 | op=SEND_HEARTBEAT {datanodeUUID=ea5d4b6b-4a08-401a-8c59-ecc1ca37daf5, command=[]} | ret=SUCCESS |  
2019-08-30 05:17:36,289 | INFO  | DNAudit | user=null | ip=null | op=WRITE_CHUNK {blockData=conID: 3 locID: 102704234571628989 bcsId: 0} | ret=SUCCESS |  
2019-08-30 05:17:36,289 | INFO  | DNAudit | user=null | ip=null | op=PUT_BLOCK {blockData=[blockId=conID: 3 locID: 102704234571628989 bcsId: 0,size=1048576]} | ret=SUCCESS |  
2019-08-30 05:17:36,289 [grpc-default-executor-3] INFO  client.GrpcClientProtocolClient (GrpcClientProtocolClient.java:onNext(255)) - client-574492D41EE7->134d4672-e322-4e4b-b7f3-5645abb0fe8c: receive RaftClientReply:client-574492D41EE7->134d4672-e322-4e4b-b7f3-5645abb0fe8c@group-3CB1DFFBCDC2, cid=1017, SUCCESS, logIndex=1380, commits[134d4672-e322-4e4b-b7f3-5645abb0fe8c:c1381, 73af84f3-3e88-4c8c-894c-3ad307bcac8d:c1379, 730a25a1-dbec-44ed-975b-a44ab0096beb:c1379]
2019-08-30 05:17:36,290 | INFO  | DNAudit | user=null | ip=null | op=WRITE_CHUNK {blockData=conID: 3 locID: 102704234571628989 bcsId: 0} | ret=SUCCESS |  
2019-08-30 05:17:36,290 [grpc-default-executor-3] INFO  client.GrpcClientProtocolClient (GrpcClientProtocolClient.java:onNext(255)) - client-574492D41EE7->134d4672-e322-4e4b-b7f3-5645abb0fe8c: receive RaftClientReply:client-574492D41EE7->134d4672-e322-4e4b-b7f3-5645abb0fe8c@group-3CB1DFFBCDC2, cid=1018, SUCCESS, logIndex=1381, commits[134d4672-e322-4e4b-b7f3-5645abb0fe8c:c1382, 73af84f3-3e88-4c8c-894c-3ad307bcac8d:c1379, 730a25a1-dbec-44ed-975b-a44ab0096beb:c1379]
2019-08-30 05:17:36,291 | INFO  | DNAudit | user=null | ip=null | op=WRITE_CHUNK {blockData=conID: 3 locID: 102704234571628989 bcsId: 0} | ret=SUCCESS |  
2019-08-30 05:17:36,291 | INFO  | DNAudit | user=null | ip=null | op=PUT_BLOCK {blockData=[blockId=conID: 3 locID: 102704234571628989 bcsId: 0,size=2097152]} | ret=SUCCESS |  
2019-08-30 05:17:36,291 | INFO  | DNAudit | user=null | ip=null | op=PUT_BLOCK {blockData=[blockId=conID: 3 locID: 102704234571628989 bcsId: 0,size=1048576]} | ret=SUCCESS |  
2019-08-30 05:17:36,291 [grpc-default-executor-1] INFO  client.GrpcClientProtocolClient (GrpcClientProtocolClient.java:onNext(255)) - client-574492D41EE7->134d4672-e322-4e4b-b7f3-5645abb0fe8c: receive RaftClientReply:client-574492D41EE7->134d4672-e322-4e4b-b7f3-5645abb0fe8c@group-3CB1DFFBCDC2, cid=1019, SUCCESS, logIndex=1382, commits[134d4672-e322-4e4b-b7f3-5645abb0fe8c:c1383, 73af84f3-3e88-4c8c-894c-3ad307bcac8d:c1379, 730a25a1-dbec-44ed-975b-a44ab0096beb:c1379]
2019-08-30 05:17:36,291 | INFO  | DNAudit | user=null | ip=null | op=WRITE_CHUNK {blockData=conID: 3 locID: 102704234571628989 bcsId: 0} | ret=SUCCESS |  
2019-08-30 05:17:36,291 | INFO  | DNAudit | user=null | ip=null | op=PUT_BLOCK {blockData=[blockId=conID: 3 locID: 102704234571628989 bcsId: 0,size=1048576]} | ret=SUCCESS |  
2019-08-30 05:17:36,291 [grpc-default-executor-1] INFO  client.GrpcClientProtocolClient (GrpcClientProtocolClient.java:onNext(255)) - client-574492D41EE7->134d4672-e322-4e4b-b7f3-5645abb0fe8c: receive RaftClientReply:client-574492D41EE7->134d4672-e322-4e4b-b7f3-5645abb0fe8c@group-3CB1DFFBCDC2, cid=1020, SUCCESS, logIndex=1383, commits[134d4672-e322-4e4b-b7f3-5645abb0fe8c:c1384, 73af84f3-3e88-4c8c-894c-3ad307bcac8d:c1379, 730a25a1-dbec-44ed-975b-a44ab0096beb:c1381]
2019-08-30 05:17:36,291 | INFO  | DNAudit | user=null | ip=null | op=WRITE_CHUNK {blockData=conID: 3 locID: 102704234571628989 bcsId: 0} | ret=SUCCESS |  
2019-08-30 05:17:36,292 | INFO  | DNAudit | user=null | ip=null | op=WRITE_CHUNK {blockData=conID: 3 locID: 102704234571628989 bcsId: 0} | ret=SUCCESS |  
2019-08-30 05:17:36,292 | INFO  | DNAudit | user=null | ip=null | op=PUT_BLOCK {blockData=[blockId=conID: 3 locID: 102704234571628989 bcsId: 0,size=2097152]} | ret=SUCCESS |  
2019-08-30 05:17:36,292 | INFO  | DNAudit | user=null | ip=null | op=PUT_BLOCK {blockData=[blockId=conID: 3 locID: 102704234571628989 bcsId: 0,size=2097152]} | ret=SUCCESS |  
2019-08-30 05:17:36,293 [grpc-default-executor-1] INFO  client.GrpcClientProtocolClient (GrpcClientProtocolClient.java:onNext(255)) - client-574492D41EE7->134d4672-e322-4e4b-b7f3-5645abb0fe8c: receive RaftClientReply:client-574492D41EE7->134d4672-e322-4e4b-b7f3-5645abb0fe8c@group-3CB1DFFBCDC2, cid=1021, SUCCESS, logIndex=0, commits[134d4672-e322-4e4b-b7f3-5645abb0fe8c:c1386, 73af84f3-3e88-4c8c-894c-3ad307bcac8d:c1382, 730a25a1-dbec-44ed-975b-a44ab0096beb:c1382]
2019-08-30 05:17:36,299 | INFO  | DNAudit | user=null | ip=null | op=WRITE_CHUNK {blockData=conID: 3 locID: 102704234571628989 bcsId: 1383} | ret=SUCCESS |  
2019-08-30 05:17:36,301 | INFO  | DNAudit | user=null | ip=null | op=WRITE_CHUNK {blockData=conID: 3 locID: 102704234571628989 bcsId: 1383} | ret=SUCCESS |  
2019-08-30 05:17:36,301 | INFO  | DNAudit | user=null | ip=null | op=WRITE_CHUNK {blockData=conID: 3 locID: 102704234571628989 bcsId: 1383} | ret=SUCCESS |  
2019-08-30 05:17:36,307 | INFO  | DNAudit | user=null | ip=null | op=WRITE_CHUNK {blockData=conID: 3 locID: 102704234571628989 bcsId: 1383} | ret=SUCCESS |  
2019-08-30 05:17:36,308 | INFO  | DNAudit | user=null | ip=null | op=PUT_BLOCK {blockData=[blockId=conID: 3 locID: 102704234571628989 bcsId: 0,size=3145728]} | ret=SUCCESS |  
2019-08-30 05:17:36,308 [grpc-default-executor-1] INFO  client.GrpcClientProtocolClient (GrpcClientProtocolClient.java:onNext(255)) - client-574492D41EE7->134d4672-e322-4e4b-b7f3-5645abb0fe8c: receive RaftClientReply:client-574492D41EE7->134d4672-e322-4e4b-b7f3-5645abb0fe8c@group-3CB1DFFBCDC2, cid=1022, SUCCESS, logIndex=1388, commits[134d4672-e322-4e4b-b7f3-5645abb0fe8c:c1389, 73af84f3-3e88-4c8c-894c-3ad307bcac8d:c1387, 730a25a1-dbec-44ed-975b-a44ab0096beb:c1387]
2019-08-30 05:17:36,308 [grpc-default-executor-1] INFO  client.GrpcClientProtocolClient (GrpcClientProtocolClient.java:onNext(255)) - client-574492D41EE7->134d4672-e322-4e4b-b7f3-5645abb0fe8c: receive RaftClientReply:client-574492D41EE7->134d4672-e322-4e4b-b7f3-5645abb0fe8c@group-3CB1DFFBCDC2, cid=1023, SUCCESS, logIndex=1389, commits[134d4672-e322-4e4b-b7f3-5645abb0fe8c:c1389, 73af84f3-3e88-4c8c-894c-3ad307bcac8d:c1387, 730a25a1-dbec-44ed-975b-a44ab0096beb:c1387]
2019-08-30 05:17:36,310 | INFO  | DNAudit | user=null | ip=null | op=WRITE_CHUNK {blockData=conID: 3 locID: 102704234571628989 bcsId: 1383} | ret=SUCCESS |  
2019-08-30 05:17:36,310 | INFO  | DNAudit | user=null | ip=null | op=WRITE_CHUNK {blockData=conID: 3 locID: 102704234571628989 bcsId: 1383} | ret=SUCCESS |  
2019-08-30 05:17:36,310 | INFO  | DNAudit | user=null | ip=null | op=PUT_BLOCK {blockData=[blockId=conID: 3 locID: 102704234571628989 bcsId: 0,size=3145728]} | ret=SUCCESS |  
2019-08-30 05:17:36,310 | INFO  | DNAudit | user=null | ip=null | op=PUT_BLOCK {blockData=[blockId=conID: 3 locID: 102704234571628989 bcsId: 0,size=3145728]} | ret=SUCCESS |  
2019-08-30 05:17:36,314 | INFO  | DNAudit | user=null | ip=null | op=WRITE_CHUNK {blockData=conID: 3 locID: 102704234571628989 bcsId: 1389} | ret=SUCCESS |  
2019-08-30 05:17:36,316 | INFO  | DNAudit | user=null | ip=null | op=WRITE_CHUNK {blockData=conID: 3 locID: 102704234571628989 bcsId: 1389} | ret=SUCCESS |  
2019-08-30 05:17:36,316 | INFO  | DNAudit | user=null | ip=null | op=WRITE_CHUNK {blockData=conID: 3 locID: 102704234571628989 bcsId: 1389} | ret=SUCCESS |  
2019-08-30 05:17:36,327 | INFO  | DNAudit | user=null | ip=null | op=WRITE_CHUNK {blockData=conID: 3 locID: 102704234571628989 bcsId: 1389} | ret=SUCCESS |  
2019-08-30 05:17:36,327 | INFO  | DNAudit | user=null | ip=null | op=PUT_BLOCK {blockData=[blockId=conID: 3 locID: 102704234571628989 bcsId: 0,size=4194304]} | ret=SUCCESS |  
2019-08-30 05:17:36,327 [grpc-default-executor-1] INFO  client.GrpcClientProtocolClient (GrpcClientProtocolClient.java:onNext(255)) - client-574492D41EE7->134d4672-e322-4e4b-b7f3-5645abb0fe8c: receive RaftClientReply:client-574492D41EE7->134d4672-e322-4e4b-b7f3-5645abb0fe8c@group-3CB1DFFBCDC2, cid=1024, SUCCESS, logIndex=1391, commits[134d4672-e322-4e4b-b7f3-5645abb0fe8c:c1392, 73af84f3-3e88-4c8c-894c-3ad307bcac8d:c1390, 730a25a1-dbec-44ed-975b-a44ab0096beb:c1390]
2019-08-30 05:17:36,328 [grpc-default-executor-1] INFO  client.GrpcClientProtocolClient (GrpcClientProtocolClient.java:onNext(255)) - client-574492D41EE7->134d4672-e322-4e4b-b7f3-5645abb0fe8c: receive RaftClientReply:client-574492D41EE7->134d4672-e322-4e4b-b7f3-5645abb0fe8c@group-3CB1DFFBCDC2, cid=1025, SUCCESS, logIndex=1392, commits[134d4672-e322-4e4b-b7f3-5645abb0fe8c:c1392, 73af84f3-3e88-4c8c-894c-3ad307bcac8d:c1390, 730a25a1-dbec-44ed-975b-a44ab0096beb:c1390]
2019-08-30 05:17:36,338 | INFO  | DNAudit | user=null | ip=null | op=WRITE_CHUNK {blockData=conID: 3 locID: 102704234571628989 bcsId: 1389} | ret=SUCCESS |  
2019-08-30 05:17:36,338 | INFO  | DNAudit | user=null | ip=null | op=WRITE_CHUNK {blockData=conID: 3 locID: 102704234571628989 bcsId: 1389} | ret=SUCCESS |  
2019-08-30 05:17:36,341 | INFO  | DNAudit | user=null | ip=null | op=PUT_BLOCK {blockData=[blockId=conID: 3 locID: 102704234571628989 bcsId: 0,size=4194304]} | ret=SUCCESS |  
2019-08-30 05:17:36,341 | INFO  | DNAudit | user=null | ip=null | op=PUT_BLOCK {blockData=[blockId=conID: 3 locID: 102704234571628989 bcsId: 0,size=4194304]} | ret=SUCCESS |  
2019-08-30 05:17:36,342 [grpc-default-executor-1] INFO  client.GrpcClientProtocolClient (GrpcClientProtocolClient.java:onNext(255)) - client-574492D41EE7->134d4672-e322-4e4b-b7f3-5645abb0fe8c: receive RaftClientReply:client-574492D41EE7->134d4672-e322-4e4b-b7f3-5645abb0fe8c@group-3CB1DFFBCDC2, cid=1026, SUCCESS, logIndex=0, commits[134d4672-e322-4e4b-b7f3-5645abb0fe8c:c1394, 73af84f3-3e88-4c8c-894c-3ad307bcac8d:c1392, 730a25a1-dbec-44ed-975b-a44ab0096beb:c1392]
2019-08-30 05:17:36,348 | INFO  | DNAudit | user=null | ip=null | op=WRITE_CHUNK {blockData=conID: 1 locID: 102704234571628990 bcsId: 0} | ret=SUCCESS |  
2019-08-30 05:17:36,351 | INFO  | DNAudit | user=null | ip=null | op=WRITE_CHUNK {blockData=conID: 1 locID: 102704234571628990 bcsId: 0} | ret=SUCCESS |  
2019-08-30 05:17:36,351 | INFO  | DNAudit | user=null | ip=null | op=WRITE_CHUNK {blockData=conID: 1 locID: 102704234571628990 bcsId: 0} | ret=SUCCESS |  
2019-08-30 05:17:36,351 | INFO  | DNAudit | user=null | ip=null | op=WRITE_CHUNK {blockData=conID: 1 locID: 102704234571628990 bcsId: 0} | ret=SUCCESS |  
2019-08-30 05:17:36,353 | INFO  | DNAudit | user=null | ip=null | op=WRITE_CHUNK {blockData=conID: 1 locID: 102704234571628990 bcsId: 0} | ret=SUCCESS |  
2019-08-30 05:17:36,354 | INFO  | DNAudit | user=null | ip=null | op=WRITE_CHUNK {blockData=conID: 1 locID: 102704234571628990 bcsId: 0} | ret=SUCCESS |  
2019-08-30 05:17:36,361 | INFO  | DNAudit | user=null | ip=null | op=WRITE_CHUNK {blockData=conID: 1 locID: 102704234571628990 bcsId: 0} | ret=SUCCESS |  
2019-08-30 05:17:36,361 | INFO  | DNAudit | user=null | ip=null | op=PUT_BLOCK {blockData=[blockId=conID: 1 locID: 102704234571628990 bcsId: 0,size=1048576]} | ret=SUCCESS |  
2019-08-30 05:17:36,361 [grpc-default-executor-3] INFO  client.GrpcClientProtocolClient (GrpcClientProtocolClient.java:onNext(255)) - client-574492D41EE7->134d4672-e322-4e4b-b7f3-5645abb0fe8c: receive RaftClientReply:client-574492D41EE7->134d4672-e322-4e4b-b7f3-5645abb0fe8c@group-3CB1DFFBCDC2, cid=1027, SUCCESS, logIndex=1395, commits[134d4672-e322-4e4b-b7f3-5645abb0fe8c:c1397, 73af84f3-3e88-4c8c-894c-3ad307bcac8d:c1394, 730a25a1-dbec-44ed-975b-a44ab0096beb:c1394]
2019-08-30 05:17:36,362 | INFO  | DNAudit | user=null | ip=null | op=WRITE_CHUNK {blockData=conID: 1 locID: 102704234571628990 bcsId: 0} | ret=SUCCESS |  
2019-08-30 05:17:36,362 | INFO  | DNAudit | user=null | ip=null | op=PUT_BLOCK {blockData=[blockId=conID: 1 locID: 102704234571628990 bcsId: 0,size=2097152]} | ret=SUCCESS |  
2019-08-30 05:17:36,362 | INFO  | DNAudit | user=null | ip=null | op=WRITE_CHUNK {blockData=conID: 1 locID: 102704234571628990 bcsId: 0} | ret=SUCCESS |  
2019-08-30 05:17:36,362 [grpc-default-executor-1] INFO  client.GrpcClientProtocolClient (GrpcClientProtocolClient.java:onNext(255)) - client-574492D41EE7->134d4672-e322-4e4b-b7f3-5645abb0fe8c: receive RaftClientReply:client-574492D41EE7->134d4672-e322-4e4b-b7f3-5645abb0fe8c@group-3CB1DFFBCDC2, cid=1028, SUCCESS, logIndex=1396, commits[134d4672-e322-4e4b-b7f3-5645abb0fe8c:c1398, 73af84f3-3e88-4c8c-894c-3ad307bcac8d:c1394, 730a25a1-dbec-44ed-975b-a44ab0096beb:c1394]
2019-08-30 05:17:36,362 [grpc-default-executor-1] INFO  client.GrpcClientProtocolClient (GrpcClientProtocolClient.java:onNext(255)) - client-574492D41EE7->134d4672-e322-4e4b-b7f3-5645abb0fe8c: receive RaftClientReply:client-574492D41EE7->134d4672-e322-4e4b-b7f3-5645abb0fe8c@group-3CB1DFFBCDC2, cid=1029, SUCCESS, logIndex=1397, commits[134d4672-e322-4e4b-b7f3-5645abb0fe8c:c1398, 73af84f3-3e88-4c8c-894c-3ad307bcac8d:c1394, 730a25a1-dbec-44ed-975b-a44ab0096beb:c1394]
2019-08-30 05:17:36,363 | INFO  | DNAudit | user=null | ip=null | op=WRITE_CHUNK {blockData=conID: 1 locID: 102704234571628990 bcsId: 0} | ret=SUCCESS |  
2019-08-30 05:17:36,363 [grpc-default-executor-3] INFO  client.GrpcClientProtocolClient (GrpcClientProtocolClient.java:onNext(255)) - client-574492D41EE7->134d4672-e322-4e4b-b7f3-5645abb0fe8c: receive RaftClientReply:client-574492D41EE7->134d4672-e322-4e4b-b7f3-5645abb0fe8c@group-3CB1DFFBCDC2, cid=1030, SUCCESS, logIndex=1398, commits[134d4672-e322-4e4b-b7f3-5645abb0fe8c:c1398, 73af84f3-3e88-4c8c-894c-3ad307bcac8d:c1395, 730a25a1-dbec-44ed-975b-a44ab0096beb:c1394]
2019-08-30 05:17:36,363 | INFO  | DNAudit | user=null | ip=null | op=PUT_BLOCK {blockData=[blockId=conID: 1 locID: 102704234571628990 bcsId: 0,size=1048576]} | ret=SUCCESS |  
2019-08-30 05:17:36,363 | INFO  | DNAudit | user=null | ip=null | op=WRITE_CHUNK {blockData=conID: 1 locID: 102704234571628990 bcsId: 0} | ret=SUCCESS |  
2019-08-30 05:17:36,363 | INFO  | DNAudit | user=null | ip=null | op=PUT_BLOCK {blockData=[blockId=conID: 1 locID: 102704234571628990 bcsId: 0,size=2097152]} | ret=SUCCESS |  
2019-08-30 05:17:36,365 | INFO  | DNAudit | user=null | ip=null | op=PUT_BLOCK {blockData=[blockId=conID: 1 locID: 102704234571628990 bcsId: 0,size=1048576]} | ret=SUCCESS |  
2019-08-30 05:17:36,366 | INFO  | DNAudit | user=null | ip=null | op=WRITE_CHUNK {blockData=conID: 1 locID: 102704234571628990 bcsId: 0} | ret=SUCCESS |  
2019-08-30 05:17:36,366 | INFO  | DNAudit | user=null | ip=null | op=PUT_BLOCK {blockData=[blockId=conID: 1 locID: 102704234571628990 bcsId: 0,size=2097152]} | ret=SUCCESS |  
2019-08-30 05:17:36,366 [grpc-default-executor-3] INFO  client.GrpcClientProtocolClient (GrpcClientProtocolClient.java:onNext(255)) - client-574492D41EE7->134d4672-e322-4e4b-b7f3-5645abb0fe8c: receive RaftClientReply:client-574492D41EE7->134d4672-e322-4e4b-b7f3-5645abb0fe8c@group-3CB1DFFBCDC2, cid=1031, SUCCESS, logIndex=0, commits[134d4672-e322-4e4b-b7f3-5645abb0fe8c:c1402, 73af84f3-3e88-4c8c-894c-3ad307bcac8d:c1398, 730a25a1-dbec-44ed-975b-a44ab0096beb:c1396]
2019-08-30 05:17:36,377 | INFO  | DNAudit | user=null | ip=null | op=WRITE_CHUNK {blockData=conID: 1 locID: 102704234571628990 bcsId: 1398} | ret=SUCCESS |  
2019-08-30 05:17:36,379 | INFO  | DNAudit | user=null | ip=null | op=WRITE_CHUNK {blockData=conID: 1 locID: 102704234571628990 bcsId: 1398} | ret=SUCCESS |  
2019-08-30 05:17:36,381 | INFO  | DNAudit | user=null | ip=null | op=WRITE_CHUNK {blockData=conID: 1 locID: 102704234571628990 bcsId: 1398} | ret=SUCCESS |  
2019-08-30 05:17:36,382 | INFO  | SCMAudit | user=jenkins1000 | ip=192.168.36.106 | op=SEND_HEARTBEAT {datanodeUUID=b91a4442-fd83-4a66-bee2-5c7959dbabc3, command=[]} | ret=SUCCESS |  
2019-08-30 05:17:36,392 | INFO  | DNAudit | user=null | ip=null | op=WRITE_CHUNK {blockData=conID: 1 locID: 102704234571628990 bcsId: 1398} | ret=SUCCESS |  
2019-08-30 05:17:36,392 | INFO  | DNAudit | user=null | ip=null | op=PUT_BLOCK {blockData=[blockId=conID: 1 locID: 102704234571628990 bcsId: 0,size=3145728]} | ret=SUCCESS |  
2019-08-30 05:17:36,392 [grpc-default-executor-3] INFO  client.GrpcClientProtocolClient (GrpcClientProtocolClient.java:onNext(255)) - client-574492D41EE7->134d4672-e322-4e4b-b7f3-5645abb0fe8c: receive RaftClientReply:client-574492D41EE7->134d4672-e322-4e4b-b7f3-5645abb0fe8c@group-3CB1DFFBCDC2, cid=1032, SUCCESS, logIndex=1403, commits[134d4672-e322-4e4b-b7f3-5645abb0fe8c:c1404, 73af84f3-3e88-4c8c-894c-3ad307bcac8d:c1402, 730a25a1-dbec-44ed-975b-a44ab0096beb:c1402]
2019-08-30 05:17:36,393 [grpc-default-executor-3] INFO  client.GrpcClientProtocolClient (GrpcClientProtocolClient.java:onNext(255)) - client-574492D41EE7->134d4672-e322-4e4b-b7f3-5645abb0fe8c: receive RaftClientReply:client-574492D41EE7->134d4672-e322-4e4b-b7f3-5645abb0fe8c@group-3CB1DFFBCDC2, cid=1033, SUCCESS, logIndex=1404, commits[134d4672-e322-4e4b-b7f3-5645abb0fe8c:c1404, 73af84f3-3e88-4c8c-894c-3ad307bcac8d:c1402, 730a25a1-dbec-44ed-975b-a44ab0096beb:c1402]
2019-08-30 05:17:36,400 | INFO  | DNAudit | user=null | ip=null | op=WRITE_CHUNK {blockData=conID: 1 locID: 102704234571628990 bcsId: 1404} | ret=SUCCESS |  
2019-08-30 05:17:36,401 | INFO  | DNAudit | user=null | ip=null | op=WRITE_CHUNK {blockData=conID: 1 locID: 102704234571628990 bcsId: 1404} | ret=SUCCESS |  
2019-08-30 05:17:36,403 | INFO  | DNAudit | user=null | ip=null | op=WRITE_CHUNK {blockData=conID: 1 locID: 102704234571628990 bcsId: 1398} | ret=SUCCESS |  
2019-08-30 05:17:36,403 | INFO  | DNAudit | user=null | ip=null | op=WRITE_CHUNK {blockData=conID: 1 locID: 102704234571628990 bcsId: 1398} | ret=SUCCESS |  
2019-08-30 05:17:36,403 | INFO  | DNAudit | user=null | ip=null | op=PUT_BLOCK {blockData=[blockId=conID: 1 locID: 102704234571628990 bcsId: 0,size=3145728]} | ret=SUCCESS |  
2019-08-30 05:17:36,403 | INFO  | DNAudit | user=null | ip=null | op=PUT_BLOCK {blockData=[blockId=conID: 1 locID: 102704234571628990 bcsId: 0,size=3145728]} | ret=SUCCESS |  
2019-08-30 05:17:36,404 | INFO  | DNAudit | user=null | ip=null | op=WRITE_CHUNK {blockData=conID: 1 locID: 102704234571628990 bcsId: 1404} | ret=SUCCESS |  
2019-08-30 05:17:36,404 | INFO  | DNAudit | user=null | ip=null | op=WRITE_CHUNK {blockData=conID: 1 locID: 102704234571628990 bcsId: 1404} | ret=SUCCESS |  
2019-08-30 05:17:36,405 | INFO  | DNAudit | user=null | ip=null | op=PUT_BLOCK {blockData=[blockId=conID: 1 locID: 102704234571628990 bcsId: 0,size=4194304]} | ret=SUCCESS |  
2019-08-30 05:17:36,405 [grpc-default-executor-1] INFO  client.GrpcClientProtocolClient (GrpcClientProtocolClient.java:onNext(255)) - client-574492D41EE7->134d4672-e322-4e4b-b7f3-5645abb0fe8c: receive RaftClientReply:client-574492D41EE7->134d4672-e322-4e4b-b7f3-5645abb0fe8c@group-3CB1DFFBCDC2, cid=1034, SUCCESS, logIndex=1407, commits[134d4672-e322-4e4b-b7f3-5645abb0fe8c:c1408, 73af84f3-3e88-4c8c-894c-3ad307bcac8d:c1404, 730a25a1-dbec-44ed-975b-a44ab0096beb:c1404]
2019-08-30 05:17:36,405 [grpc-default-executor-1] INFO  client.GrpcClientProtocolClient (GrpcClientProtocolClient.java:onNext(255)) - client-574492D41EE7->134d4672-e322-4e4b-b7f3-5645abb0fe8c: receive RaftClientReply:client-574492D41EE7->134d4672-e322-4e4b-b7f3-5645abb0fe8c@group-3CB1DFFBCDC2, cid=1035, SUCCESS, logIndex=1408, commits[134d4672-e322-4e4b-b7f3-5645abb0fe8c:c1408, 73af84f3-3e88-4c8c-894c-3ad307bcac8d:c1404, 730a25a1-dbec-44ed-975b-a44ab0096beb:c1404]
2019-08-30 05:17:36,416 | INFO  | DNAudit | user=null | ip=null | op=WRITE_CHUNK {blockData=conID: 1 locID: 102704234571628990 bcsId: 1404} | ret=SUCCESS |  
2019-08-30 05:17:36,416 | INFO  | DNAudit | user=null | ip=null | op=PUT_BLOCK {blockData=[blockId=conID: 1 locID: 102704234571628990 bcsId: 0,size=4194304]} | ret=SUCCESS |  
2019-08-30 05:17:36,417 | INFO  | DNAudit | user=null | ip=null | op=WRITE_CHUNK {blockData=conID: 1 locID: 102704234571628990 bcsId: 1404} | ret=SUCCESS |  
2019-08-30 05:17:36,417 | INFO  | DNAudit | user=null | ip=null | op=PUT_BLOCK {blockData=[blockId=conID: 1 locID: 102704234571628990 bcsId: 0,size=4194304]} | ret=SUCCESS |  
2019-08-30 05:17:36,417 [grpc-default-executor-1] INFO  client.GrpcClientProtocolClient (GrpcClientProtocolClient.java:onNext(255)) - client-574492D41EE7->134d4672-e322-4e4b-b7f3-5645abb0fe8c: receive RaftClientReply:client-574492D41EE7->134d4672-e322-4e4b-b7f3-5645abb0fe8c@group-3CB1DFFBCDC2, cid=1036, SUCCESS, logIndex=0, commits[134d4672-e322-4e4b-b7f3-5645abb0fe8c:c1409, 73af84f3-3e88-4c8c-894c-3ad307bcac8d:c1408, 730a25a1-dbec-44ed-975b-a44ab0096beb:c1408]
2019-08-30 05:17:36,423 | INFO  | DNAudit | user=null | ip=null | op=WRITE_CHUNK {blockData=conID: 2 locID: 102704234571628991 bcsId: 0} | ret=SUCCESS |  
2019-08-30 05:17:36,426 | INFO  | DNAudit | user=null | ip=null | op=WRITE_CHUNK {blockData=conID: 2 locID: 102704234571628991 bcsId: 0} | ret=SUCCESS |  
2019-08-30 05:17:36,427 | INFO  | DNAudit | user=null | ip=null | op=WRITE_CHUNK {blockData=conID: 2 locID: 102704234571628991 bcsId: 0} | ret=SUCCESS |  
2019-08-30 05:17:36,427 | INFO  | DNAudit | user=null | ip=null | op=WRITE_CHUNK {blockData=conID: 2 locID: 102704234571628991 bcsId: 0} | ret=SUCCESS |  
2019-08-30 05:17:36,428 | INFO  | DNAudit | user=null | ip=null | op=WRITE_CHUNK {blockData=conID: 2 locID: 102704234571628991 bcsId: 0} | ret=SUCCESS |  
2019-08-30 05:17:36,428 | INFO  | DNAudit | user=null | ip=null | op=WRITE_CHUNK {blockData=conID: 2 locID: 102704234571628991 bcsId: 0} | ret=SUCCESS |  
2019-08-30 05:17:36,436 | INFO  | DNAudit | user=null | ip=null | op=WRITE_CHUNK {blockData=conID: 2 locID: 102704234571628991 bcsId: 0} | ret=SUCCESS |  
2019-08-30 05:17:36,436 | INFO  | DNAudit | user=null | ip=null | op=PUT_BLOCK {blockData=[blockId=conID: 2 locID: 102704234571628991 bcsId: 0,size=1048576]} | ret=SUCCESS |  
2019-08-30 05:17:36,436 | INFO  | DNAudit | user=null | ip=null | op=WRITE_CHUNK {blockData=conID: 2 locID: 102704234571628991 bcsId: 0} | ret=SUCCESS |  
2019-08-30 05:17:36,436 [grpc-default-executor-3] INFO  client.GrpcClientProtocolClient (GrpcClientProtocolClient.java:onNext(255)) - client-574492D41EE7->134d4672-e322-4e4b-b7f3-5645abb0fe8c: receive RaftClientReply:client-574492D41EE7->134d4672-e322-4e4b-b7f3-5645abb0fe8c@group-3CB1DFFBCDC2, cid=1037, SUCCESS, logIndex=1411, commits[134d4672-e322-4e4b-b7f3-5645abb0fe8c:c1413, 73af84f3-3e88-4c8c-894c-3ad307bcac8d:c1410, 730a25a1-dbec-44ed-975b-a44ab0096beb:c1410]
2019-08-30 05:17:36,437 | INFO  | DNAudit | user=null | ip=null | op=PUT_BLOCK {blockData=[blockId=conID: 2 locID: 102704234571628991 bcsId: 0,size=2097152]} | ret=SUCCESS |  
2019-08-30 05:17:36,437 [grpc-default-executor-3] INFO  client.GrpcClientProtocolClient (GrpcClientProtocolClient.java:onNext(255)) - client-574492D41EE7->134d4672-e322-4e4b-b7f3-5645abb0fe8c: receive RaftClientReply:client-574492D41EE7->134d4672-e322-4e4b-b7f3-5645abb0fe8c@group-3CB1DFFBCDC2, cid=1038, SUCCESS, logIndex=1412, commits[134d4672-e322-4e4b-b7f3-5645abb0fe8c:c1414, 73af84f3-3e88-4c8c-894c-3ad307bcac8d:c1410, 730a25a1-dbec-44ed-975b-a44ab0096beb:c1410]
2019-08-30 05:17:36,437 | INFO  | DNAudit | user=null | ip=null | op=WRITE_CHUNK {blockData=conID: 2 locID: 102704234571628991 bcsId: 0} | ret=SUCCESS |  
2019-08-30 05:17:36,437 [grpc-default-executor-3] INFO  client.GrpcClientProtocolClient (GrpcClientProtocolClient.java:onNext(255)) - client-574492D41EE7->134d4672-e322-4e4b-b7f3-5645abb0fe8c: receive RaftClientReply:client-574492D41EE7->134d4672-e322-4e4b-b7f3-5645abb0fe8c@group-3CB1DFFBCDC2, cid=1039, SUCCESS, logIndex=1413, commits[134d4672-e322-4e4b-b7f3-5645abb0fe8c:c1414, 73af84f3-3e88-4c8c-894c-3ad307bcac8d:c1410, 730a25a1-dbec-44ed-975b-a44ab0096beb:c1410]
2019-08-30 05:17:36,437 | INFO  | DNAudit | user=null | ip=null | op=PUT_BLOCK {blockData=[blockId=conID: 2 locID: 102704234571628991 bcsId: 0,size=1048576]} | ret=SUCCESS |  
2019-08-30 05:17:36,437 [grpc-default-executor-3] INFO  client.GrpcClientProtocolClient (GrpcClientProtocolClient.java:onNext(255)) - client-574492D41EE7->134d4672-e322-4e4b-b7f3-5645abb0fe8c: receive RaftClientReply:client-574492D41EE7->134d4672-e322-4e4b-b7f3-5645abb0fe8c@group-3CB1DFFBCDC2, cid=1040, SUCCESS, logIndex=1414, commits[134d4672-e322-4e4b-b7f3-5645abb0fe8c:c1414, 73af84f3-3e88-4c8c-894c-3ad307bcac8d:c1410, 730a25a1-dbec-44ed-975b-a44ab0096beb:c1410]
2019-08-30 05:17:36,439 | INFO  | DNAudit | user=null | ip=null | op=WRITE_CHUNK {blockData=conID: 2 locID: 102704234571628991 bcsId: 0} | ret=SUCCESS |  
2019-08-30 05:17:36,439 | INFO  | DNAudit | user=null | ip=null | op=PUT_BLOCK {blockData=[blockId=conID: 2 locID: 102704234571628991 bcsId: 0,size=1048576]} | ret=SUCCESS |  
2019-08-30 05:17:36,440 [grpc-default-executor-3] INFO  client.GrpcClientProtocolClient (GrpcClientProtocolClient.java:onNext(255)) - client-574492D41EE7->134d4672-e322-4e4b-b7f3-5645abb0fe8c: receive RaftClientReply:client-574492D41EE7->134d4672-e322-4e4b-b7f3-5645abb0fe8c@group-3CB1DFFBCDC2, cid=1041, SUCCESS, logIndex=0, commits[134d4672-e322-4e4b-b7f3-5645abb0fe8c:c1415, 73af84f3-3e88-4c8c-894c-3ad307bcac8d:c1412, 730a25a1-dbec-44ed-975b-a44ab0096beb:c1412]
2019-08-30 05:17:36,445 | INFO  | DNAudit | user=null | ip=null | op=WRITE_CHUNK {blockData=conID: 2 locID: 102704234571628991 bcsId: 1414} | ret=SUCCESS |  
2019-08-30 05:17:36,448 | INFO  | DNAudit | user=null | ip=null | op=WRITE_CHUNK {blockData=conID: 2 locID: 102704234571628991 bcsId: 1414} | ret=SUCCESS |  
2019-08-30 05:17:36,448 | INFO  | DNAudit | user=null | ip=null | op=WRITE_CHUNK {blockData=conID: 2 locID: 102704234571628991 bcsId: 1414} | ret=SUCCESS |  
2019-08-30 05:17:36,450 | INFO  | DNAudit | user=null | ip=null | op=WRITE_CHUNK {blockData=conID: 2 locID: 102704234571628991 bcsId: 0} | ret=SUCCESS |  
2019-08-30 05:17:36,451 | INFO  | DNAudit | user=null | ip=null | op=PUT_BLOCK {blockData=[blockId=conID: 2 locID: 102704234571628991 bcsId: 0,size=2097152]} | ret=SUCCESS |  
2019-08-30 05:17:36,451 | INFO  | DNAudit | user=null | ip=null | op=WRITE_CHUNK {blockData=conID: 2 locID: 102704234571628991 bcsId: 0} | ret=SUCCESS |  
2019-08-30 05:17:36,451 | INFO  | DNAudit | user=null | ip=null | op=PUT_BLOCK {blockData=[blockId=conID: 2 locID: 102704234571628991 bcsId: 0,size=2097152]} | ret=SUCCESS |  
2019-08-30 05:17:36,462 | INFO  | DNAudit | user=null | ip=null | op=WRITE_CHUNK {blockData=conID: 2 locID: 102704234571628991 bcsId: 1414} | ret=SUCCESS |  
2019-08-30 05:17:36,463 | INFO  | DNAudit | user=null | ip=null | op=PUT_BLOCK {blockData=[blockId=conID: 2 locID: 102704234571628991 bcsId: 0,size=3145728]} | ret=SUCCESS |  
2019-08-30 05:17:36,463 [grpc-default-executor-1] INFO  client.GrpcClientProtocolClient (GrpcClientProtocolClient.java:onNext(255)) - client-574492D41EE7->134d4672-e322-4e4b-b7f3-5645abb0fe8c: receive RaftClientReply:client-574492D41EE7->134d4672-e322-4e4b-b7f3-5645abb0fe8c@group-3CB1DFFBCDC2, cid=1042, SUCCESS, logIndex=1419, commits[134d4672-e322-4e4b-b7f3-5645abb0fe8c:c1420, 73af84f3-3e88-4c8c-894c-3ad307bcac8d:c1414, 730a25a1-dbec-44ed-975b-a44ab0096beb:c1415]
2019-08-30 05:17:36,463 [grpc-default-executor-1] INFO  client.GrpcClientProtocolClient (GrpcClientProtocolClient.java:onNext(255)) - client-574492D41EE7->134d4672-e322-4e4b-b7f3-5645abb0fe8c: receive RaftClientReply:client-574492D41EE7->134d4672-e322-4e4b-b7f3-5645abb0fe8c@group-3CB1DFFBCDC2, cid=1043, SUCCESS, logIndex=1420, commits[134d4672-e322-4e4b-b7f3-5645abb0fe8c:c1420, 73af84f3-3e88-4c8c-894c-3ad307bcac8d:c1415, 730a25a1-dbec-44ed-975b-a44ab0096beb:c1415]
2019-08-30 05:17:36,465 | INFO  | DNAudit | user=null | ip=null | op=WRITE_CHUNK {blockData=conID: 2 locID: 102704234571628991 bcsId: 1414} | ret=SUCCESS |  
2019-08-30 05:17:36,465 | INFO  | DNAudit | user=null | ip=null | op=WRITE_CHUNK {blockData=conID: 2 locID: 102704234571628991 bcsId: 1414} | ret=SUCCESS |  
2019-08-30 05:17:36,465 | INFO  | DNAudit | user=null | ip=null | op=PUT_BLOCK {blockData=[blockId=conID: 2 locID: 102704234571628991 bcsId: 0,size=3145728]} | ret=SUCCESS |  
2019-08-30 05:17:36,465 | INFO  | DNAudit | user=null | ip=null | op=PUT_BLOCK {blockData=[blockId=conID: 2 locID: 102704234571628991 bcsId: 0,size=3145728]} | ret=SUCCESS |  
2019-08-30 05:17:36,469 | INFO  | DNAudit | user=null | ip=null | op=WRITE_CHUNK {blockData=conID: 2 locID: 102704234571628991 bcsId: 1420} | ret=SUCCESS |  
2019-08-30 05:17:36,471 | INFO  | DNAudit | user=null | ip=null | op=WRITE_CHUNK {blockData=conID: 2 locID: 102704234571628991 bcsId: 1420} | ret=SUCCESS |  
2019-08-30 05:17:36,471 | INFO  | DNAudit | user=null | ip=null | op=WRITE_CHUNK {blockData=conID: 2 locID: 102704234571628991 bcsId: 1420} | ret=SUCCESS |  
2019-08-30 05:17:36,479 | INFO  | DNAudit | user=null | ip=null | op=WRITE_CHUNK {blockData=conID: 2 locID: 102704234571628991 bcsId: 1420} | ret=SUCCESS |  
2019-08-30 05:17:36,480 | INFO  | DNAudit | user=null | ip=null | op=PUT_BLOCK {blockData=[blockId=conID: 2 locID: 102704234571628991 bcsId: 0,size=4194304]} | ret=SUCCESS |  
2019-08-30 05:17:36,480 [grpc-default-executor-3] INFO  client.GrpcClientProtocolClient (GrpcClientProtocolClient.java:onNext(255)) - client-574492D41EE7->134d4672-e322-4e4b-b7f3-5645abb0fe8c: receive RaftClientReply:client-574492D41EE7->134d4672-e322-4e4b-b7f3-5645abb0fe8c@group-3CB1DFFBCDC2, cid=1044, SUCCESS, logIndex=1423, commits[134d4672-e322-4e4b-b7f3-5645abb0fe8c:c1424, 73af84f3-3e88-4c8c-894c-3ad307bcac8d:c1421, 730a25a1-dbec-44ed-975b-a44ab0096beb:c1421]
2019-08-30 05:17:36,480 [grpc-default-executor-3] INFO  client.GrpcClientProtocolClient (GrpcClientProtocolClient.java:onNext(255)) - client-574492D41EE7->134d4672-e322-4e4b-b7f3-5645abb0fe8c: receive RaftClientReply:client-574492D41EE7->134d4672-e322-4e4b-b7f3-5645abb0fe8c@group-3CB1DFFBCDC2, cid=1045, SUCCESS, logIndex=1424, commits[134d4672-e322-4e4b-b7f3-5645abb0fe8c:c1424, 73af84f3-3e88-4c8c-894c-3ad307bcac8d:c1421, 730a25a1-dbec-44ed-975b-a44ab0096beb:c1421]
2019-08-30 05:17:36,489 | INFO  | DNAudit | user=null | ip=null | op=WRITE_CHUNK {blockData=conID: 2 locID: 102704234571628991 bcsId: 1420} | ret=SUCCESS |  
2019-08-30 05:17:36,489 | INFO  | DNAudit | user=null | ip=null | op=WRITE_CHUNK {blockData=conID: 2 locID: 102704234571628991 bcsId: 1420} | ret=SUCCESS |  
2019-08-30 05:17:36,492 | INFO  | DNAudit | user=null | ip=null | op=PUT_BLOCK {blockData=[blockId=conID: 2 locID: 102704234571628991 bcsId: 0,size=4194304]} | ret=SUCCESS |  
2019-08-30 05:17:36,492 | INFO  | DNAudit | user=null | ip=null | op=PUT_BLOCK {blockData=[blockId=conID: 2 locID: 102704234571628991 bcsId: 0,size=4194304]} | ret=SUCCESS |  
2019-08-30 05:17:36,493 [grpc-default-executor-3] INFO  client.GrpcClientProtocolClient (GrpcClientProtocolClient.java:onNext(255)) - client-574492D41EE7->134d4672-e322-4e4b-b7f3-5645abb0fe8c: receive RaftClientReply:client-574492D41EE7->134d4672-e322-4e4b-b7f3-5645abb0fe8c@group-3CB1DFFBCDC2, cid=1046, SUCCESS, logIndex=0, commits[134d4672-e322-4e4b-b7f3-5645abb0fe8c:c1426, 73af84f3-3e88-4c8c-894c-3ad307bcac8d:c1424, 730a25a1-dbec-44ed-975b-a44ab0096beb:c1424]
2019-08-30 05:17:36,500 | INFO  | DNAudit | user=null | ip=null | op=WRITE_CHUNK {blockData=conID: 3 locID: 102704234571628992 bcsId: 0} | ret=SUCCESS |  
2019-08-30 05:17:36,502 | INFO  | DNAudit | user=null | ip=null | op=WRITE_CHUNK {blockData=conID: 3 locID: 102704234571628992 bcsId: 0} | ret=SUCCESS |  
2019-08-30 05:17:36,504 | INFO  | DNAudit | user=null | ip=null | op=WRITE_CHUNK {blockData=conID: 3 locID: 102704234571628992 bcsId: 0} | ret=SUCCESS |  
2019-08-30 05:17:36,504 | INFO  | DNAudit | user=null | ip=null | op=WRITE_CHUNK {blockData=conID: 3 locID: 102704234571628992 bcsId: 0} | ret=SUCCESS |  
2019-08-30 05:17:36,508 | INFO  | DNAudit | user=null | ip=null | op=WRITE_CHUNK {blockData=conID: 3 locID: 102704234571628992 bcsId: 0} | ret=SUCCESS |  
2019-08-30 05:17:36,509 | INFO  | DNAudit | user=null | ip=null | op=WRITE_CHUNK {blockData=conID: 3 locID: 102704234571628992 bcsId: 0} | ret=SUCCESS |  
2019-08-30 05:17:36,511 | INFO  | DNAudit | user=null | ip=null | op=WRITE_CHUNK {blockData=conID: 3 locID: 102704234571628992 bcsId: 0} | ret=SUCCESS |  
2019-08-30 05:17:36,512 | INFO  | DNAudit | user=null | ip=null | op=PUT_BLOCK {blockData=[blockId=conID: 3 locID: 102704234571628992 bcsId: 0,size=1048576]} | ret=SUCCESS |  
2019-08-30 05:17:36,512 | INFO  | DNAudit | user=null | ip=null | op=WRITE_CHUNK {blockData=conID: 3 locID: 102704234571628992 bcsId: 0} | ret=SUCCESS |  
2019-08-30 05:17:36,512 [grpc-default-executor-5] INFO  client.GrpcClientProtocolClient (GrpcClientProtocolClient.java:onNext(255)) - client-574492D41EE7->134d4672-e322-4e4b-b7f3-5645abb0fe8c: receive RaftClientReply:client-574492D41EE7->134d4672-e322-4e4b-b7f3-5645abb0fe8c@group-3CB1DFFBCDC2, cid=1047, SUCCESS, logIndex=1427, commits[134d4672-e322-4e4b-b7f3-5645abb0fe8c:c1428, 73af84f3-3e88-4c8c-894c-3ad307bcac8d:c1426, 730a25a1-dbec-44ed-975b-a44ab0096beb:c1426]
2019-08-30 05:17:36,512 | INFO  | DNAudit | user=null | ip=null | op=PUT_BLOCK {blockData=[blockId=conID: 3 locID: 102704234571628992 bcsId: 0,size=2097152]} | ret=SUCCESS |  
2019-08-30 05:17:36,512 [grpc-default-executor-5] INFO  client.GrpcClientProtocolClient (GrpcClientProtocolClient.java:onNext(255)) - client-574492D41EE7->134d4672-e322-4e4b-b7f3-5645abb0fe8c: receive RaftClientReply:client-574492D41EE7->134d4672-e322-4e4b-b7f3-5645abb0fe8c@group-3CB1DFFBCDC2, cid=1048, SUCCESS, logIndex=1428, commits[134d4672-e322-4e4b-b7f3-5645abb0fe8c:c1430, 73af84f3-3e88-4c8c-894c-3ad307bcac8d:c1426, 730a25a1-dbec-44ed-975b-a44ab0096beb:c1426]
2019-08-30 05:17:36,513 [grpc-default-executor-5] INFO  client.GrpcClientProtocolClient (GrpcClientProtocolClient.java:onNext(255)) - client-574492D41EE7->134d4672-e322-4e4b-b7f3-5645abb0fe8c: receive RaftClientReply:client-574492D41EE7->134d4672-e322-4e4b-b7f3-5645abb0fe8c@group-3CB1DFFBCDC2, cid=1049, SUCCESS, logIndex=1429, commits[134d4672-e322-4e4b-b7f3-5645abb0fe8c:c1430, 73af84f3-3e88-4c8c-894c-3ad307bcac8d:c1426, 730a25a1-dbec-44ed-975b-a44ab0096beb:c1426]
2019-08-30 05:17:36,513 | INFO  | DNAudit | user=null | ip=null | op=WRITE_CHUNK {blockData=conID: 3 locID: 102704234571628992 bcsId: 0} | ret=SUCCESS |  
2019-08-30 05:17:36,513 | INFO  | DNAudit | user=null | ip=null | op=PUT_BLOCK {blockData=[blockId=conID: 3 locID: 102704234571628992 bcsId: 0,size=1048576]} | ret=SUCCESS |  
2019-08-30 05:17:36,513 [grpc-default-executor-5] INFO  client.GrpcClientProtocolClient (GrpcClientProtocolClient.java:onNext(255)) - client-574492D41EE7->134d4672-e322-4e4b-b7f3-5645abb0fe8c: receive RaftClientReply:client-574492D41EE7->134d4672-e322-4e4b-b7f3-5645abb0fe8c@group-3CB1DFFBCDC2, cid=1050, SUCCESS, logIndex=1430, commits[134d4672-e322-4e4b-b7f3-5645abb0fe8c:c1430, 73af84f3-3e88-4c8c-894c-3ad307bcac8d:c1426, 730a25a1-dbec-44ed-975b-a44ab0096beb:c1426]
2019-08-30 05:17:36,514 | INFO  | DNAudit | user=null | ip=null | op=WRITE_CHUNK {blockData=conID: 3 locID: 102704234571628992 bcsId: 0} | ret=SUCCESS |  
2019-08-30 05:17:36,514 | INFO  | DNAudit | user=null | ip=null | op=PUT_BLOCK {blockData=[blockId=conID: 3 locID: 102704234571628992 bcsId: 0,size=1048576]} | ret=SUCCESS |  
2019-08-30 05:17:36,514 [grpc-default-executor-5] INFO  client.GrpcClientProtocolClient (GrpcClientProtocolClient.java:onNext(255)) - client-574492D41EE7->134d4672-e322-4e4b-b7f3-5645abb0fe8c: receive RaftClientReply:client-574492D41EE7->134d4672-e322-4e4b-b7f3-5645abb0fe8c@group-3CB1DFFBCDC2, cid=1051, SUCCESS, logIndex=0, commits[134d4672-e322-4e4b-b7f3-5645abb0fe8c:c1432, 73af84f3-3e88-4c8c-894c-3ad307bcac8d:c1428, 730a25a1-dbec-44ed-975b-a44ab0096beb:c1428]
2019-08-30 05:17:36,515 | INFO  | DNAudit | user=null | ip=null | op=WRITE_CHUNK {blockData=conID: 3 locID: 102704234571628992 bcsId: 0} | ret=SUCCESS |  
2019-08-30 05:17:36,515 | INFO  | DNAudit | user=null | ip=null | op=PUT_BLOCK {blockData=[blockId=conID: 3 locID: 102704234571628992 bcsId: 0,size=2097152]} | ret=SUCCESS |  
2019-08-30 05:17:36,515 | INFO  | DNAudit | user=null | ip=null | op=WRITE_CHUNK {blockData=conID: 3 locID: 102704234571628992 bcsId: 0} | ret=SUCCESS |  
2019-08-30 05:17:36,515 | INFO  | DNAudit | user=null | ip=null | op=PUT_BLOCK {blockData=[blockId=conID: 3 locID: 102704234571628992 bcsId: 0,size=2097152]} | ret=SUCCESS |  
2019-08-30 05:17:36,522 | INFO  | DNAudit | user=null | ip=null | op=WRITE_CHUNK {blockData=conID: 3 locID: 102704234571628992 bcsId: 1430} | ret=SUCCESS |  
2019-08-30 05:17:36,525 | INFO  | DNAudit | user=null | ip=null | op=WRITE_CHUNK {blockData=conID: 3 locID: 102704234571628992 bcsId: 1430} | ret=SUCCESS |  
2019-08-30 05:17:36,525 | INFO  | DNAudit | user=null | ip=null | op=WRITE_CHUNK {blockData=conID: 3 locID: 102704234571628992 bcsId: 1430} | ret=SUCCESS |  
2019-08-30 05:17:36,566 | INFO  | DNAudit | user=null | ip=null | op=WRITE_CHUNK {blockData=conID: 3 locID: 102704234571628992 bcsId: 1430} | ret=SUCCESS |  
2019-08-30 05:17:36,566 | INFO  | DNAudit | user=null | ip=null | op=PUT_BLOCK {blockData=[blockId=conID: 3 locID: 102704234571628992 bcsId: 0,size=3145728]} | ret=SUCCESS |  
2019-08-30 05:17:36,566 [grpc-default-executor-6] INFO  client.GrpcClientProtocolClient (GrpcClientProtocolClient.java:onNext(255)) - client-574492D41EE7->134d4672-e322-4e4b-b7f3-5645abb0fe8c: receive RaftClientReply:client-574492D41EE7->134d4672-e322-4e4b-b7f3-5645abb0fe8c@group-3CB1DFFBCDC2, cid=1052, SUCCESS, logIndex=1435, commits[134d4672-e322-4e4b-b7f3-5645abb0fe8c:c1436, 73af84f3-3e88-4c8c-894c-3ad307bcac8d:c1434, 730a25a1-dbec-44ed-975b-a44ab0096beb:c1434]
2019-08-30 05:17:36,567 [grpc-default-executor-6] INFO  client.GrpcClientProtocolClient (GrpcClientProtocolClient.java:onNext(255)) - client-574492D41EE7->134d4672-e322-4e4b-b7f3-5645abb0fe8c: receive RaftClientReply:client-574492D41EE7->134d4672-e322-4e4b-b7f3-5645abb0fe8c@group-3CB1DFFBCDC2, cid=1053, SUCCESS, logIndex=1436, commits[134d4672-e322-4e4b-b7f3-5645abb0fe8c:c1436, 73af84f3-3e88-4c8c-894c-3ad307bcac8d:c1434, 730a25a1-dbec-44ed-975b-a44ab0096beb:c1434]
2019-08-30 05:17:36,576 | INFO  | DNAudit | user=null | ip=null | op=WRITE_CHUNK {blockData=conID: 3 locID: 102704234571628992 bcsId: 1436} | ret=SUCCESS |  
2019-08-30 05:17:36,580 | INFO  | DNAudit | user=null | ip=null | op=WRITE_CHUNK {blockData=conID: 3 locID: 102704234571628992 bcsId: 1436} | ret=SUCCESS |  
2019-08-30 05:17:36,580 | INFO  | DNAudit | user=null | ip=null | op=WRITE_CHUNK {blockData=conID: 3 locID: 102704234571628992 bcsId: 1436} | ret=SUCCESS |  
2019-08-30 05:17:36,582 | INFO  | DNAudit | user=null | ip=null | op=WRITE_CHUNK {blockData=conID: 3 locID: 102704234571628992 bcsId: 1430} | ret=SUCCESS |  
2019-08-30 05:17:36,582 | INFO  | DNAudit | user=null | ip=null | op=WRITE_CHUNK {blockData=conID: 3 locID: 102704234571628992 bcsId: 1430} | ret=SUCCESS |  
2019-08-30 05:17:36,583 | INFO  | DNAudit | user=null | ip=null | op=PUT_BLOCK {blockData=[blockId=conID: 3 locID: 102704234571628992 bcsId: 0,size=3145728]} | ret=SUCCESS |  
2019-08-30 05:17:36,585 | INFO  | DNAudit | user=null | ip=null | op=WRITE_CHUNK {blockData=conID: 3 locID: 102704234571628992 bcsId: 1436} | ret=SUCCESS |  
2019-08-30 05:17:36,586 | INFO  | DNAudit | user=null | ip=null | op=PUT_BLOCK {blockData=[blockId=conID: 3 locID: 102704234571628992 bcsId: 0,size=3145728]} | ret=SUCCESS |  
2019-08-30 05:17:36,586 | INFO  | DNAudit | user=null | ip=null | op=PUT_BLOCK {blockData=[blockId=conID: 3 locID: 102704234571628992 bcsId: 0,size=4194304]} | ret=SUCCESS |  
2019-08-30 05:17:36,586 [grpc-default-executor-1] INFO  client.GrpcClientProtocolClient (GrpcClientProtocolClient.java:onNext(255)) - client-574492D41EE7->134d4672-e322-4e4b-b7f3-5645abb0fe8c: receive RaftClientReply:client-574492D41EE7->134d4672-e322-4e4b-b7f3-5645abb0fe8c@group-3CB1DFFBCDC2, cid=1054, SUCCESS, logIndex=1439, commits[134d4672-e322-4e4b-b7f3-5645abb0fe8c:c1440, 73af84f3-3e88-4c8c-894c-3ad307bcac8d:c1436, 730a25a1-dbec-44ed-975b-a44ab0096beb:c1435]
2019-08-30 05:17:36,587 [grpc-default-executor-1] INFO  client.GrpcClientProtocolClient (GrpcClientProtocolClient.java:onNext(255)) - client-574492D41EE7->134d4672-e322-4e4b-b7f3-5645abb0fe8c: receive RaftClientReply:client-574492D41EE7->134d4672-e322-4e4b-b7f3-5645abb0fe8c@group-3CB1DFFBCDC2, cid=1055, SUCCESS, logIndex=1440, commits[134d4672-e322-4e4b-b7f3-5645abb0fe8c:c1440, 73af84f3-3e88-4c8c-894c-3ad307bcac8d:c1436, 730a25a1-dbec-44ed-975b-a44ab0096beb:c1436]
2019-08-30 05:17:36,597 | INFO  | DNAudit | user=null | ip=null | op=WRITE_CHUNK {blockData=conID: 3 locID: 102704234571628992 bcsId: 1436} | ret=SUCCESS |  
2019-08-30 05:17:36,597 | INFO  | DNAudit | user=null | ip=null | op=WRITE_CHUNK {blockData=conID: 3 locID: 102704234571628992 bcsId: 1436} | ret=SUCCESS |  
2019-08-30 05:17:36,597 | INFO  | DNAudit | user=null | ip=null | op=PUT_BLOCK {blockData=[blockId=conID: 3 locID: 102704234571628992 bcsId: 0,size=4194304]} | ret=SUCCESS |  
2019-08-30 05:17:36,597 | INFO  | DNAudit | user=null | ip=null | op=PUT_BLOCK {blockData=[blockId=conID: 3 locID: 102704234571628992 bcsId: 0,size=4194304]} | ret=SUCCESS |  
2019-08-30 05:17:36,598 [grpc-default-executor-1] INFO  client.GrpcClientProtocolClient (GrpcClientProtocolClient.java:onNext(255)) - client-574492D41EE7->134d4672-e322-4e4b-b7f3-5645abb0fe8c: receive RaftClientReply:client-574492D41EE7->134d4672-e322-4e4b-b7f3-5645abb0fe8c@group-3CB1DFFBCDC2, cid=1056, SUCCESS, logIndex=0, commits[134d4672-e322-4e4b-b7f3-5645abb0fe8c:c1441, 73af84f3-3e88-4c8c-894c-3ad307bcac8d:c1440, 730a25a1-dbec-44ed-975b-a44ab0096beb:c1440]
2019-08-30 05:17:36,754 | INFO  | DNAudit | user=null | ip=null | op=WRITE_CHUNK {blockData=conID: 1 locID: 102704234571628993 bcsId: 0} | ret=SUCCESS |  
2019-08-30 05:17:36,758 | INFO  | DNAudit | user=null | ip=null | op=WRITE_CHUNK {blockData=conID: 1 locID: 102704234571628993 bcsId: 0} | ret=SUCCESS |  
2019-08-30 05:17:36,759 | INFO  | DNAudit | user=null | ip=null | op=WRITE_CHUNK {blockData=conID: 1 locID: 102704234571628993 bcsId: 0} | ret=SUCCESS |  
2019-08-30 05:17:36,760 | INFO  | DNAudit | user=null | ip=null | op=WRITE_CHUNK {blockData=conID: 1 locID: 102704234571628993 bcsId: 0} | ret=SUCCESS |  
2019-08-30 05:17:36,761 | INFO  | DNAudit | user=null | ip=null | op=WRITE_CHUNK {blockData=conID: 1 locID: 102704234571628993 bcsId: 0} | ret=SUCCESS |  
2019-08-30 05:17:36,762 | INFO  | DNAudit | user=null | ip=null | op=WRITE_CHUNK {blockData=conID: 1 locID: 102704234571628993 bcsId: 0} | ret=SUCCESS |  
2019-08-30 05:17:36,772 | INFO  | DNAudit | user=null | ip=null | op=WRITE_CHUNK {blockData=conID: 1 locID: 102704234571628993 bcsId: 0} | ret=SUCCESS |  
2019-08-30 05:17:36,773 | INFO  | DNAudit | user=null | ip=null | op=PUT_BLOCK {blockData=[blockId=conID: 1 locID: 102704234571628993 bcsId: 0,size=1048576]} | ret=SUCCESS |  
2019-08-30 05:17:36,773 [grpc-default-executor-5] INFO  client.GrpcClientProtocolClient (GrpcClientProtocolClient.java:onNext(255)) - client-574492D41EE7->134d4672-e322-4e4b-b7f3-5645abb0fe8c: receive RaftClientReply:client-574492D41EE7->134d4672-e322-4e4b-b7f3-5645abb0fe8c@group-3CB1DFFBCDC2, cid=1057, SUCCESS, logIndex=1442, commits[134d4672-e322-4e4b-b7f3-5645abb0fe8c:c1444, 73af84f3-3e88-4c8c-894c-3ad307bcac8d:c1441, 730a25a1-dbec-44ed-975b-a44ab0096beb:c1441]
2019-08-30 05:17:36,774 | INFO  | DNAudit | user=null | ip=null | op=WRITE_CHUNK {blockData=conID: 1 locID: 102704234571628993 bcsId: 0} | ret=SUCCESS |  
2019-08-30 05:17:36,774 | INFO  | DNAudit | user=null | ip=null | op=PUT_BLOCK {blockData=[blockId=conID: 1 locID: 102704234571628993 bcsId: 0,size=2097152]} | ret=SUCCESS |  
2019-08-30 05:17:36,774 [grpc-default-executor-5] INFO  client.GrpcClientProtocolClient (GrpcClientProtocolClient.java:onNext(255)) - client-574492D41EE7->134d4672-e322-4e4b-b7f3-5645abb0fe8c: receive RaftClientReply:client-574492D41EE7->134d4672-e322-4e4b-b7f3-5645abb0fe8c@group-3CB1DFFBCDC2, cid=1058, SUCCESS, logIndex=1443, commits[134d4672-e322-4e4b-b7f3-5645abb0fe8c:c1445, 73af84f3-3e88-4c8c-894c-3ad307bcac8d:c1441, 730a25a1-dbec-44ed-975b-a44ab0096beb:c1441]
2019-08-30 05:17:36,774 [grpc-default-executor-5] INFO  client.GrpcClientProtocolClient (GrpcClientProtocolClient.java:onNext(255)) - client-574492D41EE7->134d4672-e322-4e4b-b7f3-5645abb0fe8c: receive RaftClientReply:client-574492D41EE7->134d4672-e322-4e4b-b7f3-5645abb0fe8c@group-3CB1DFFBCDC2, cid=1059, SUCCESS, logIndex=1444, commits[134d4672-e322-4e4b-b7f3-5645abb0fe8c:c1445, 73af84f3-3e88-4c8c-894c-3ad307bcac8d:c1441, 730a25a1-dbec-44ed-975b-a44ab0096beb:c1441]
2019-08-30 05:17:36,775 [grpc-default-executor-5] INFO  client.GrpcClientProtocolClient (GrpcClientProtocolClient.java:onNext(255)) - client-574492D41EE7->134d4672-e322-4e4b-b7f3-5645abb0fe8c: receive RaftClientReply:client-574492D41EE7->134d4672-e322-4e4b-b7f3-5645abb0fe8c@group-3CB1DFFBCDC2, cid=1060, SUCCESS, logIndex=1445, commits[134d4672-e322-4e4b-b7f3-5645abb0fe8c:c1445, 73af84f3-3e88-4c8c-894c-3ad307bcac8d:c1441, 730a25a1-dbec-44ed-975b-a44ab0096beb:c1441]
2019-08-30 05:17:36,784 | INFO  | DNAudit | user=null | ip=null | op=WRITE_CHUNK {blockData=conID: 1 locID: 102704234571628993 bcsId: 0} | ret=SUCCESS |  
2019-08-30 05:17:36,784 | INFO  | DNAudit | user=null | ip=null | op=WRITE_CHUNK {blockData=conID: 1 locID: 102704234571628993 bcsId: 0} | ret=SUCCESS |  
2019-08-30 05:17:36,785 | INFO  | DNAudit | user=null | ip=null | op=PUT_BLOCK {blockData=[blockId=conID: 1 locID: 102704234571628993 bcsId: 0,size=1048576]} | ret=SUCCESS |  
2019-08-30 05:17:36,787 | INFO  | DNAudit | user=null | ip=null | op=PUT_BLOCK {blockData=[blockId=conID: 1 locID: 102704234571628993 bcsId: 0,size=1048576]} | ret=SUCCESS |  
2019-08-30 05:17:36,787 | INFO  | DNAudit | user=null | ip=null | op=WRITE_CHUNK {blockData=conID: 1 locID: 102704234571628993 bcsId: 0} | ret=SUCCESS |  
2019-08-30 05:17:36,788 | INFO  | DNAudit | user=null | ip=null | op=WRITE_CHUNK {blockData=conID: 1 locID: 102704234571628993 bcsId: 0} | ret=SUCCESS |  
2019-08-30 05:17:36,788 | INFO  | DNAudit | user=null | ip=null | op=PUT_BLOCK {blockData=[blockId=conID: 1 locID: 102704234571628993 bcsId: 0,size=2097152]} | ret=SUCCESS |  
2019-08-30 05:17:36,788 | INFO  | DNAudit | user=null | ip=null | op=PUT_BLOCK {blockData=[blockId=conID: 1 locID: 102704234571628993 bcsId: 0,size=2097152]} | ret=SUCCESS |  
2019-08-30 05:17:36,788 [grpc-default-executor-5] INFO  client.GrpcClientProtocolClient (GrpcClientProtocolClient.java:onNext(255)) - client-574492D41EE7->134d4672-e322-4e4b-b7f3-5645abb0fe8c: receive RaftClientReply:client-574492D41EE7->134d4672-e322-4e4b-b7f3-5645abb0fe8c@group-3CB1DFFBCDC2, cid=1061, SUCCESS, logIndex=0, commits[134d4672-e322-4e4b-b7f3-5645abb0fe8c:c1447, 73af84f3-3e88-4c8c-894c-3ad307bcac8d:c1443, 730a25a1-dbec-44ed-975b-a44ab0096beb:c1443]
2019-08-30 05:17:36,796 | INFO  | DNAudit | user=null | ip=null | op=WRITE_CHUNK {blockData=conID: 1 locID: 102704234571628993 bcsId: 1445} | ret=SUCCESS |  
2019-08-30 05:17:36,799 | INFO  | DNAudit | user=null | ip=null | op=WRITE_CHUNK {blockData=conID: 1 locID: 102704234571628993 bcsId: 1445} | ret=SUCCESS |  
2019-08-30 05:17:36,800 | INFO  | DNAudit | user=null | ip=null | op=WRITE_CHUNK {blockData=conID: 1 locID: 102704234571628993 bcsId: 1445} | ret=SUCCESS |  
2019-08-30 05:17:36,809 | INFO  | DNAudit | user=null | ip=null | op=WRITE_CHUNK {blockData=conID: 1 locID: 102704234571628993 bcsId: 1445} | ret=SUCCESS |  
2019-08-30 05:17:36,809 | INFO  | DNAudit | user=null | ip=null | op=PUT_BLOCK {blockData=[blockId=conID: 1 locID: 102704234571628993 bcsId: 0,size=3145728]} | ret=SUCCESS |  
2019-08-30 05:17:36,810 [grpc-default-executor-5] INFO  client.GrpcClientProtocolClient (GrpcClientProtocolClient.java:onNext(255)) - client-574492D41EE7->134d4672-e322-4e4b-b7f3-5645abb0fe8c: receive RaftClientReply:client-574492D41EE7->134d4672-e322-4e4b-b7f3-5645abb0fe8c@group-3CB1DFFBCDC2, cid=1062, SUCCESS, logIndex=1450, commits[134d4672-e322-4e4b-b7f3-5645abb0fe8c:c1451, 73af84f3-3e88-4c8c-894c-3ad307bcac8d:c1449, 730a25a1-dbec-44ed-975b-a44ab0096beb:c1449]
2019-08-30 05:17:36,810 [grpc-default-executor-5] INFO  client.GrpcClientProtocolClient (GrpcClientProtocolClient.java:onNext(255)) - client-574492D41EE7->134d4672-e322-4e4b-b7f3-5645abb0fe8c: receive RaftClientReply:client-574492D41EE7->134d4672-e322-4e4b-b7f3-5645abb0fe8c@group-3CB1DFFBCDC2, cid=1063, SUCCESS, logIndex=1451, commits[134d4672-e322-4e4b-b7f3-5645abb0fe8c:c1451, 73af84f3-3e88-4c8c-894c-3ad307bcac8d:c1449, 730a25a1-dbec-44ed-975b-a44ab0096beb:c1449]
2019-08-30 05:17:36,820 | INFO  | DNAudit | user=null | ip=null | op=WRITE_CHUNK {blockData=conID: 1 locID: 102704234571628993 bcsId: 1445} | ret=SUCCESS |  
2019-08-30 05:17:36,820 | INFO  | DNAudit | user=null | ip=null | op=WRITE_CHUNK {blockData=conID: 1 locID: 102704234571628993 bcsId: 1445} | ret=SUCCESS |  
2019-08-30 05:17:36,821 | INFO  | DNAudit | user=null | ip=null | op=PUT_BLOCK {blockData=[blockId=conID: 1 locID: 102704234571628993 bcsId: 0,size=3145728]} | ret=SUCCESS |  
2019-08-30 05:17:36,821 | INFO  | DNAudit | user=null | ip=null | op=PUT_BLOCK {blockData=[blockId=conID: 1 locID: 102704234571628993 bcsId: 0,size=3145728]} | ret=SUCCESS |  
2019-08-30 05:17:36,821 | INFO  | DNAudit | user=null | ip=null | op=WRITE_CHUNK {blockData=conID: 1 locID: 102704234571628993 bcsId: 1451} | ret=SUCCESS |  
2019-08-30 05:17:36,824 | INFO  | DNAudit | user=null | ip=null | op=WRITE_CHUNK {blockData=conID: 1 locID: 102704234571628993 bcsId: 1451} | ret=SUCCESS |  
2019-08-30 05:17:36,825 | INFO  | DNAudit | user=null | ip=null | op=WRITE_CHUNK {blockData=conID: 1 locID: 102704234571628993 bcsId: 1451} | ret=SUCCESS |  
2019-08-30 05:17:36,834 | INFO  | DNAudit | user=null | ip=null | op=WRITE_CHUNK {blockData=conID: 1 locID: 102704234571628993 bcsId: 1451} | ret=SUCCESS |  
2019-08-30 05:17:36,835 | INFO  | DNAudit | user=null | ip=null | op=PUT_BLOCK {blockData=[blockId=conID: 1 locID: 102704234571628993 bcsId: 0,size=4194304]} | ret=SUCCESS |  
2019-08-30 05:17:36,835 [grpc-default-executor-1] INFO  client.GrpcClientProtocolClient (GrpcClientProtocolClient.java:onNext(255)) - client-574492D41EE7->134d4672-e322-4e4b-b7f3-5645abb0fe8c: receive RaftClientReply:client-574492D41EE7->134d4672-e322-4e4b-b7f3-5645abb0fe8c@group-3CB1DFFBCDC2, cid=1064, SUCCESS, logIndex=1454, commits[134d4672-e322-4e4b-b7f3-5645abb0fe8c:c1455, 73af84f3-3e88-4c8c-894c-3ad307bcac8d:c1451, 730a25a1-dbec-44ed-975b-a44ab0096beb:c1451]
2019-08-30 05:17:36,835 [grpc-default-executor-1] INFO  client.GrpcClientProtocolClient (GrpcClientProtocolClient.java:onNext(255)) - client-574492D41EE7->134d4672-e322-4e4b-b7f3-5645abb0fe8c: receive RaftClientReply:client-574492D41EE7->134d4672-e322-4e4b-b7f3-5645abb0fe8c@group-3CB1DFFBCDC2, cid=1065, SUCCESS, logIndex=1455, commits[134d4672-e322-4e4b-b7f3-5645abb0fe8c:c1455, 73af84f3-3e88-4c8c-894c-3ad307bcac8d:c1451, 730a25a1-dbec-44ed-975b-a44ab0096beb:c1451]
2019-08-30 05:17:36,858 | INFO  | DNAudit | user=null | ip=null | op=WRITE_CHUNK {blockData=conID: 1 locID: 102704234571628993 bcsId: 1451} | ret=SUCCESS |  
2019-08-30 05:17:36,858 | INFO  | DNAudit | user=null | ip=null | op=WRITE_CHUNK {blockData=conID: 1 locID: 102704234571628993 bcsId: 1451} | ret=SUCCESS |  
2019-08-30 05:17:36,861 | INFO  | DNAudit | user=null | ip=null | op=PUT_BLOCK {blockData=[blockId=conID: 1 locID: 102704234571628993 bcsId: 0,size=4194304]} | ret=SUCCESS |  
2019-08-30 05:17:36,861 | INFO  | DNAudit | user=null | ip=null | op=PUT_BLOCK {blockData=[blockId=conID: 1 locID: 102704234571628993 bcsId: 0,size=4194304]} | ret=SUCCESS |  
2019-08-30 05:17:36,862 [grpc-default-executor-1] INFO  client.GrpcClientProtocolClient (GrpcClientProtocolClient.java:onNext(255)) - client-574492D41EE7->134d4672-e322-4e4b-b7f3-5645abb0fe8c: receive RaftClientReply:client-574492D41EE7->134d4672-e322-4e4b-b7f3-5645abb0fe8c@group-3CB1DFFBCDC2, cid=1066, SUCCESS, logIndex=0, commits[134d4672-e322-4e4b-b7f3-5645abb0fe8c:c1457, 73af84f3-3e88-4c8c-894c-3ad307bcac8d:c1455, 730a25a1-dbec-44ed-975b-a44ab0096beb:c1455]
2019-08-30 05:17:36,871 | INFO  | DNAudit | user=null | ip=null | op=WRITE_CHUNK {blockData=conID: 2 locID: 102704234571628994 bcsId: 0} | ret=SUCCESS |  
2019-08-30 05:17:36,875 | INFO  | DNAudit | user=null | ip=null | op=WRITE_CHUNK {blockData=conID: 2 locID: 102704234571628994 bcsId: 0} | ret=SUCCESS |  
2019-08-30 05:17:36,875 | INFO  | DNAudit | user=null | ip=null | op=WRITE_CHUNK {blockData=conID: 2 locID: 102704234571628994 bcsId: 0} | ret=SUCCESS |  
2019-08-30 05:17:36,876 | INFO  | DNAudit | user=null | ip=null | op=WRITE_CHUNK {blockData=conID: 2 locID: 102704234571628994 bcsId: 0} | ret=SUCCESS |  
2019-08-30 05:17:36,878 | INFO  | DNAudit | user=null | ip=null | op=WRITE_CHUNK {blockData=conID: 2 locID: 102704234571628994 bcsId: 0} | ret=SUCCESS |  
2019-08-30 05:17:36,879 | INFO  | DNAudit | user=null | ip=null | op=WRITE_CHUNK {blockData=conID: 2 locID: 102704234571628994 bcsId: 0} | ret=SUCCESS |  
2019-08-30 05:17:36,884 | INFO  | DNAudit | user=null | ip=null | op=WRITE_CHUNK {blockData=conID: 2 locID: 102704234571628994 bcsId: 0} | ret=SUCCESS |  
2019-08-30 05:17:36,885 | INFO  | DNAudit | user=null | ip=null | op=PUT_BLOCK {blockData=[blockId=conID: 2 locID: 102704234571628994 bcsId: 0,size=1048576]} | ret=SUCCESS |  
2019-08-30 05:17:36,885 [grpc-default-executor-6] INFO  client.GrpcClientProtocolClient (GrpcClientProtocolClient.java:onNext(255)) - client-574492D41EE7->134d4672-e322-4e4b-b7f3-5645abb0fe8c: receive RaftClientReply:client-574492D41EE7->134d4672-e322-4e4b-b7f3-5645abb0fe8c@group-3CB1DFFBCDC2, cid=1067, SUCCESS, logIndex=1458, commits[134d4672-e322-4e4b-b7f3-5645abb0fe8c:c1459, 73af84f3-3e88-4c8c-894c-3ad307bcac8d:c1457, 730a25a1-dbec-44ed-975b-a44ab0096beb:c1457]
2019-08-30 05:17:36,886 [grpc-default-executor-6] INFO  client.GrpcClientProtocolClient (GrpcClientProtocolClient.java:onNext(255)) - client-574492D41EE7->134d4672-e322-4e4b-b7f3-5645abb0fe8c: receive RaftClientReply:client-574492D41EE7->134d4672-e322-4e4b-b7f3-5645abb0fe8c@group-3CB1DFFBCDC2, cid=1068, SUCCESS, logIndex=1459, commits[134d4672-e322-4e4b-b7f3-5645abb0fe8c:c1459, 73af84f3-3e88-4c8c-894c-3ad307bcac8d:c1457, 730a25a1-dbec-44ed-975b-a44ab0096beb:c1457]
2019-08-30 05:17:36,887 | INFO  | DNAudit | user=null | ip=null | op=WRITE_CHUNK {blockData=conID: 2 locID: 102704234571628994 bcsId: 0} | ret=SUCCESS |  
2019-08-30 05:17:36,887 | INFO  | DNAudit | user=null | ip=null | op=PUT_BLOCK {blockData=[blockId=conID: 2 locID: 102704234571628994 bcsId: 0,size=2097152]} | ret=SUCCESS |  
2019-08-30 05:17:36,888 [grpc-default-executor-1] INFO  client.GrpcClientProtocolClient (GrpcClientProtocolClient.java:onNext(255)) - client-574492D41EE7->134d4672-e322-4e4b-b7f3-5645abb0fe8c: receive RaftClientReply:client-574492D41EE7->134d4672-e322-4e4b-b7f3-5645abb0fe8c@group-3CB1DFFBCDC2, cid=1069, SUCCESS, logIndex=1460, commits[134d4672-e322-4e4b-b7f3-5645abb0fe8c:c1461, 73af84f3-3e88-4c8c-894c-3ad307bcac8d:c1457, 730a25a1-dbec-44ed-975b-a44ab0096beb:c1457]
2019-08-30 05:17:36,888 [grpc-default-executor-1] INFO  client.GrpcClientProtocolClient (GrpcClientProtocolClient.java:onNext(255)) - client-574492D41EE7->134d4672-e322-4e4b-b7f3-5645abb0fe8c: receive RaftClientReply:client-574492D41EE7->134d4672-e322-4e4b-b7f3-5645abb0fe8c@group-3CB1DFFBCDC2, cid=1070, SUCCESS, logIndex=1461, commits[134d4672-e322-4e4b-b7f3-5645abb0fe8c:c1461, 73af84f3-3e88-4c8c-894c-3ad307bcac8d:c1457, 730a25a1-dbec-44ed-975b-a44ab0096beb:c1457]
2019-08-30 05:17:36,898 | INFO  | DNAudit | user=null | ip=null | op=WRITE_CHUNK {blockData=conID: 2 locID: 102704234571628994 bcsId: 0} | ret=SUCCESS |  
2019-08-30 05:17:36,898 | INFO  | DNAudit | user=null | ip=null | op=WRITE_CHUNK {blockData=conID: 2 locID: 102704234571628994 bcsId: 0} | ret=SUCCESS |  
2019-08-30 05:17:36,899 | INFO  | DNAudit | user=null | ip=null | op=PUT_BLOCK {blockData=[blockId=conID: 2 locID: 102704234571628994 bcsId: 0,size=1048576]} | ret=SUCCESS |  
2019-08-30 05:17:36,899 | INFO  | DNAudit | user=null | ip=null | op=PUT_BLOCK {blockData=[blockId=conID: 2 locID: 102704234571628994 bcsId: 0,size=1048576]} | ret=SUCCESS |  
2019-08-30 05:17:36,899 | INFO  | DNAudit | user=null | ip=null | op=WRITE_CHUNK {blockData=conID: 2 locID: 102704234571628994 bcsId: 0} | ret=SUCCESS |  
2019-08-30 05:17:36,899 | INFO  | DNAudit | user=null | ip=null | op=PUT_BLOCK {blockData=[blockId=conID: 2 locID: 102704234571628994 bcsId: 0,size=2097152]} | ret=SUCCESS |  
2019-08-30 05:17:36,899 [grpc-default-executor-5] INFO  client.GrpcClientProtocolClient (GrpcClientProtocolClient.java:onNext(255)) - client-574492D41EE7->134d4672-e322-4e4b-b7f3-5645abb0fe8c: receive RaftClientReply:client-574492D41EE7->134d4672-e322-4e4b-b7f3-5645abb0fe8c@group-3CB1DFFBCDC2, cid=1071, SUCCESS, logIndex=0, commits[134d4672-e322-4e4b-b7f3-5645abb0fe8c:c1463, 73af84f3-3e88-4c8c-894c-3ad307bcac8d:c1459, 730a25a1-dbec-44ed-975b-a44ab0096beb:c1459]
2019-08-30 05:17:36,900 | INFO  | DNAudit | user=null | ip=null | op=WRITE_CHUNK {blockData=conID: 2 locID: 102704234571628994 bcsId: 0} | ret=SUCCESS |  
2019-08-30 05:17:36,900 | INFO  | DNAudit | user=null | ip=null | op=PUT_BLOCK {blockData=[blockId=conID: 2 locID: 102704234571628994 bcsId: 0,size=2097152]} | ret=SUCCESS |  
2019-08-30 05:17:36,908 | INFO  | DNAudit | user=null | ip=null | op=WRITE_CHUNK {blockData=conID: 2 locID: 102704234571628994 bcsId: 1461} | ret=SUCCESS |  
2019-08-30 05:17:36,910 | INFO  | DNAudit | user=null | ip=null | op=WRITE_CHUNK {blockData=conID: 2 locID: 102704234571628994 bcsId: 1461} | ret=SUCCESS |  
2019-08-30 05:17:36,912 | INFO  | DNAudit | user=null | ip=null | op=WRITE_CHUNK {blockData=conID: 2 locID: 102704234571628994 bcsId: 1461} | ret=SUCCESS |  
2019-08-30 05:17:36,921 | INFO  | DNAudit | user=null | ip=null | op=WRITE_CHUNK {blockData=conID: 2 locID: 102704234571628994 bcsId: 1461} | ret=SUCCESS |  
2019-08-30 05:17:36,921 | INFO  | DNAudit | user=null | ip=null | op=PUT_BLOCK {blockData=[blockId=conID: 2 locID: 102704234571628994 bcsId: 0,size=3145728]} | ret=SUCCESS |  
2019-08-30 05:17:36,921 [grpc-default-executor-5] INFO  client.GrpcClientProtocolClient (GrpcClientProtocolClient.java:onNext(255)) - client-574492D41EE7->134d4672-e322-4e4b-b7f3-5645abb0fe8c: receive RaftClientReply:client-574492D41EE7->134d4672-e322-4e4b-b7f3-5645abb0fe8c@group-3CB1DFFBCDC2, cid=1072, SUCCESS, logIndex=1466, commits[134d4672-e322-4e4b-b7f3-5645abb0fe8c:c1467, 73af84f3-3e88-4c8c-894c-3ad307bcac8d:c1465, 730a25a1-dbec-44ed-975b-a44ab0096beb:c1465]
2019-08-30 05:17:36,922 [grpc-default-executor-5] INFO  client.GrpcClientProtocolClient (GrpcClientProtocolClient.java:onNext(255)) - client-574492D41EE7->134d4672-e322-4e4b-b7f3-5645abb0fe8c: receive RaftClientReply:client-574492D41EE7->134d4672-e322-4e4b-b7f3-5645abb0fe8c@group-3CB1DFFBCDC2, cid=1073, SUCCESS, logIndex=1467, commits[134d4672-e322-4e4b-b7f3-5645abb0fe8c:c1467, 73af84f3-3e88-4c8c-894c-3ad307bcac8d:c1465, 730a25a1-dbec-44ed-975b-a44ab0096beb:c1465]
2019-08-30 05:17:36,929 | INFO  | DNAudit | user=null | ip=null | op=WRITE_CHUNK {blockData=conID: 2 locID: 102704234571628994 bcsId: 1467} | ret=SUCCESS |  
2019-08-30 05:17:36,932 | INFO  | DNAudit | user=null | ip=null | op=WRITE_CHUNK {blockData=conID: 2 locID: 102704234571628994 bcsId: 1461} | ret=SUCCESS |  
2019-08-30 05:17:36,932 | INFO  | DNAudit | user=null | ip=null | op=WRITE_CHUNK {blockData=conID: 2 locID: 102704234571628994 bcsId: 1467} | ret=SUCCESS |  
2019-08-30 05:17:36,932 | INFO  | DNAudit | user=null | ip=null | op=WRITE_CHUNK {blockData=conID: 2 locID: 102704234571628994 bcsId: 1461} | ret=SUCCESS |  
2019-08-30 05:17:36,933 | INFO  | DNAudit | user=null | ip=null | op=PUT_BLOCK {blockData=[blockId=conID: 2 locID: 102704234571628994 bcsId: 0,size=3145728]} | ret=SUCCESS |  
2019-08-30 05:17:36,933 | INFO  | DNAudit | user=null | ip=null | op=WRITE_CHUNK {blockData=conID: 2 locID: 102704234571628994 bcsId: 1467} | ret=SUCCESS |  
2019-08-30 05:17:36,934 | INFO  | DNAudit | user=null | ip=null | op=WRITE_CHUNK {blockData=conID: 2 locID: 102704234571628994 bcsId: 1467} | ret=SUCCESS |  
2019-08-30 05:17:36,934 | INFO  | DNAudit | user=null | ip=null | op=PUT_BLOCK {blockData=[blockId=conID: 2 locID: 102704234571628994 bcsId: 0,size=4194304]} | ret=SUCCESS |  
2019-08-30 05:17:36,934 [grpc-default-executor-5] INFO  client.GrpcClientProtocolClient (GrpcClientProtocolClient.java:onNext(255)) - client-574492D41EE7->134d4672-e322-4e4b-b7f3-5645abb0fe8c: receive RaftClientReply:client-574492D41EE7->134d4672-e322-4e4b-b7f3-5645abb0fe8c@group-3CB1DFFBCDC2, cid=1074, SUCCESS, logIndex=1470, commits[134d4672-e322-4e4b-b7f3-5645abb0fe8c:c1471, 73af84f3-3e88-4c8c-894c-3ad307bcac8d:c1467, 730a25a1-dbec-44ed-975b-a44ab0096beb:c1466]
2019-08-30 05:17:36,935 [grpc-default-executor-5] INFO  client.GrpcClientProtocolClient (GrpcClientProtocolClient.java:onNext(255)) - client-574492D41EE7->134d4672-e322-4e4b-b7f3-5645abb0fe8c: receive RaftClientReply:client-574492D41EE7->134d4672-e322-4e4b-b7f3-5645abb0fe8c@group-3CB1DFFBCDC2, cid=1075, SUCCESS, logIndex=1471, commits[134d4672-e322-4e4b-b7f3-5645abb0fe8c:c1471, 73af84f3-3e88-4c8c-894c-3ad307bcac8d:c1467, 730a25a1-dbec-44ed-975b-a44ab0096beb:c1466]
2019-08-30 05:17:36,945 | INFO  | DNAudit | user=null | ip=null | op=PUT_BLOCK {blockData=[blockId=conID: 2 locID: 102704234571628994 bcsId: 0,size=3145728]} | ret=SUCCESS |  
2019-08-30 05:17:36,946 | INFO  | DNAudit | user=null | ip=null | op=WRITE_CHUNK {blockData=conID: 2 locID: 102704234571628994 bcsId: 1467} | ret=SUCCESS |  
2019-08-30 05:17:36,946 | INFO  | DNAudit | user=null | ip=null | op=PUT_BLOCK {blockData=[blockId=conID: 2 locID: 102704234571628994 bcsId: 0,size=4194304]} | ret=SUCCESS |  
2019-08-30 05:17:36,946 [grpc-default-executor-1] INFO  client.GrpcClientProtocolClient (GrpcClientProtocolClient.java:onNext(255)) - client-574492D41EE7->134d4672-e322-4e4b-b7f3-5645abb0fe8c: receive RaftClientReply:client-574492D41EE7->134d4672-e322-4e4b-b7f3-5645abb0fe8c@group-3CB1DFFBCDC2, cid=1076, SUCCESS, logIndex=0, commits[134d4672-e322-4e4b-b7f3-5645abb0fe8c:c1471, 73af84f3-3e88-4c8c-894c-3ad307bcac8d:c1467, 730a25a1-dbec-44ed-975b-a44ab0096beb:c1467]
2019-08-30 05:17:36,947 | INFO  | DNAudit | user=null | ip=null | op=WRITE_CHUNK {blockData=conID: 2 locID: 102704234571628994 bcsId: 1467} | ret=SUCCESS |  
2019-08-30 05:17:36,947 | INFO  | DNAudit | user=null | ip=null | op=PUT_BLOCK {blockData=[blockId=conID: 2 locID: 102704234571628994 bcsId: 0,size=4194304]} | ret=SUCCESS |  
2019-08-30 05:17:36,948 [grpc-default-executor-1] INFO  client.GrpcClientProtocolClient (GrpcClientProtocolClient.java:onNext(255)) - client-574492D41EE7->134d4672-e322-4e4b-b7f3-5645abb0fe8c: receive RaftClientReply:client-574492D41EE7->134d4672-e322-4e4b-b7f3-5645abb0fe8c@group-3CB1DFFBCDC2, cid=1077, SUCCESS, logIndex=0, commits[134d4672-e322-4e4b-b7f3-5645abb0fe8c:c1473, 73af84f3-3e88-4c8c-894c-3ad307bcac8d:c1471, 730a25a1-dbec-44ed-975b-a44ab0096beb:c1471]
2019-08-30 05:17:36,955 | INFO  | DNAudit | user=null | ip=null | op=WRITE_CHUNK {blockData=conID: 3 locID: 102704234571628995 bcsId: 0} | ret=SUCCESS |  
2019-08-30 05:17:36,959 | INFO  | DNAudit | user=null | ip=null | op=WRITE_CHUNK {blockData=conID: 3 locID: 102704234571628995 bcsId: 0} | ret=SUCCESS |  
2019-08-30 05:17:36,959 | INFO  | DNAudit | user=null | ip=null | op=WRITE_CHUNK {blockData=conID: 3 locID: 102704234571628995 bcsId: 0} | ret=SUCCESS |  
2019-08-30 05:17:36,959 | INFO  | DNAudit | user=null | ip=null | op=WRITE_CHUNK {blockData=conID: 3 locID: 102704234571628995 bcsId: 0} | ret=SUCCESS |  
2019-08-30 05:17:36,962 | INFO  | DNAudit | user=null | ip=null | op=WRITE_CHUNK {blockData=conID: 3 locID: 102704234571628995 bcsId: 0} | ret=SUCCESS |  
2019-08-30 05:17:36,963 | INFO  | DNAudit | user=null | ip=null | op=WRITE_CHUNK {blockData=conID: 3 locID: 102704234571628995 bcsId: 0} | ret=SUCCESS |  
2019-08-30 05:17:36,968 | INFO  | DNAudit | user=null | ip=null | op=WRITE_CHUNK {blockData=conID: 3 locID: 102704234571628995 bcsId: 0} | ret=SUCCESS |  
2019-08-30 05:17:36,968 | INFO  | DNAudit | user=null | ip=null | op=PUT_BLOCK {blockData=[blockId=conID: 3 locID: 102704234571628995 bcsId: 0,size=1048576]} | ret=SUCCESS |  
2019-08-30 05:17:36,969 [grpc-default-executor-3] INFO  client.GrpcClientProtocolClient (GrpcClientProtocolClient.java:onNext(255)) - client-574492D41EE7->134d4672-e322-4e4b-b7f3-5645abb0fe8c: receive RaftClientReply:client-574492D41EE7->134d4672-e322-4e4b-b7f3-5645abb0fe8c@group-3CB1DFFBCDC2, cid=1078, SUCCESS, logIndex=1474, commits[134d4672-e322-4e4b-b7f3-5645abb0fe8c:c1475, 73af84f3-3e88-4c8c-894c-3ad307bcac8d:c1473, 730a25a1-dbec-44ed-975b-a44ab0096beb:c1473]
2019-08-30 05:17:36,969 | INFO  | DNAudit | user=null | ip=null | op=WRITE_CHUNK {blockData=conID: 3 locID: 102704234571628995 bcsId: 0} | ret=SUCCESS |  
2019-08-30 05:17:36,969 | INFO  | DNAudit | user=null | ip=null | op=PUT_BLOCK {blockData=[blockId=conID: 3 locID: 102704234571628995 bcsId: 0,size=2097152]} | ret=SUCCESS |  
2019-08-30 05:17:36,969 [grpc-default-executor-3] INFO  client.GrpcClientProtocolClient (GrpcClientProtocolClient.java:onNext(255)) - client-574492D41EE7->134d4672-e322-4e4b-b7f3-5645abb0fe8c: receive RaftClientReply:client-574492D41EE7->134d4672-e322-4e4b-b7f3-5645abb0fe8c@group-3CB1DFFBCDC2, cid=1079, SUCCESS, logIndex=1475, commits[134d4672-e322-4e4b-b7f3-5645abb0fe8c:c1476, 73af84f3-3e88-4c8c-894c-3ad307bcac8d:c1473, 730a25a1-dbec-44ed-975b-a44ab0096beb:c1473]
2019-08-30 05:17:36,970 [grpc-default-executor-3] INFO  client.GrpcClientProtocolClient (GrpcClientProtocolClient.java:onNext(255)) - client-574492D41EE7->134d4672-e322-4e4b-b7f3-5645abb0fe8c: receive RaftClientReply:client-574492D41EE7->134d4672-e322-4e4b-b7f3-5645abb0fe8c@group-3CB1DFFBCDC2, cid=1080, SUCCESS, logIndex=1476, commits[134d4672-e322-4e4b-b7f3-5645abb0fe8c:c1477, 73af84f3-3e88-4c8c-894c-3ad307bcac8d:c1473, 730a25a1-dbec-44ed-975b-a44ab0096beb:c1473]
2019-08-30 05:17:36,970 [grpc-default-executor-3] INFO  client.GrpcClientProtocolClient (GrpcClientProtocolClient.java:onNext(255)) - client-574492D41EE7->134d4672-e322-4e4b-b7f3-5645abb0fe8c: receive RaftClientReply:client-574492D41EE7->134d4672-e322-4e4b-b7f3-5645abb0fe8c@group-3CB1DFFBCDC2, cid=1081, SUCCESS, logIndex=1477, commits[134d4672-e322-4e4b-b7f3-5645abb0fe8c:c1477, 73af84f3-3e88-4c8c-894c-3ad307bcac8d:c1473, 730a25a1-dbec-44ed-975b-a44ab0096beb:c1473]
2019-08-30 05:17:36,981 | INFO  | DNAudit | user=null | ip=null | op=WRITE_CHUNK {blockData=conID: 3 locID: 102704234571628995 bcsId: 0} | ret=SUCCESS |  
2019-08-30 05:17:36,982 | INFO  | DNAudit | user=null | ip=null | op=WRITE_CHUNK {blockData=conID: 3 locID: 102704234571628995 bcsId: 0} | ret=SUCCESS |  
2019-08-30 05:17:36,982 | INFO  | DNAudit | user=null | ip=null | op=PUT_BLOCK {blockData=[blockId=conID: 3 locID: 102704234571628995 bcsId: 0,size=1048576]} | ret=SUCCESS |  
2019-08-30 05:17:36,982 | INFO  | DNAudit | user=null | ip=null | op=PUT_BLOCK {blockData=[blockId=conID: 3 locID: 102704234571628995 bcsId: 0,size=1048576]} | ret=SUCCESS |  
2019-08-30 05:17:36,982 | INFO  | DNAudit | user=null | ip=null | op=WRITE_CHUNK {blockData=conID: 3 locID: 102704234571628995 bcsId: 0} | ret=SUCCESS |  
2019-08-30 05:17:36,983 | INFO  | DNAudit | user=null | ip=null | op=WRITE_CHUNK {blockData=conID: 3 locID: 102704234571628995 bcsId: 0} | ret=SUCCESS |  
2019-08-30 05:17:36,983 | INFO  | DNAudit | user=null | ip=null | op=PUT_BLOCK {blockData=[blockId=conID: 3 locID: 102704234571628995 bcsId: 0,size=2097152]} | ret=SUCCESS |  
2019-08-30 05:17:36,983 | INFO  | DNAudit | user=null | ip=null | op=PUT_BLOCK {blockData=[blockId=conID: 3 locID: 102704234571628995 bcsId: 0,size=2097152]} | ret=SUCCESS |  
2019-08-30 05:17:36,983 | INFO  | SCMAudit | user=jenkins1000 | ip=192.168.36.106 | op=SEND_HEARTBEAT {datanodeUUID=730a25a1-dbec-44ed-975b-a44ab0096beb, command=[]} | ret=SUCCESS |  
2019-08-30 05:17:36,983 | INFO  | SCMAudit | user=jenkins1000 | ip=192.168.36.106 | op=SEND_HEARTBEAT {datanodeUUID=73af84f3-3e88-4c8c-894c-3ad307bcac8d, command=[]} | ret=SUCCESS |  
2019-08-30 05:17:36,983 [grpc-default-executor-3] INFO  client.GrpcClientProtocolClient (GrpcClientProtocolClient.java:onNext(255)) - client-574492D41EE7->134d4672-e322-4e4b-b7f3-5645abb0fe8c: receive RaftClientReply:client-574492D41EE7->134d4672-e322-4e4b-b7f3-5645abb0fe8c@group-3CB1DFFBCDC2, cid=1082, SUCCESS, logIndex=0, commits[134d4672-e322-4e4b-b7f3-5645abb0fe8c:c1481, 73af84f3-3e88-4c8c-894c-3ad307bcac8d:c1477, 730a25a1-dbec-44ed-975b-a44ab0096beb:c1475]
2019-08-30 05:17:36,990 | INFO  | DNAudit | user=null | ip=null | op=WRITE_CHUNK {blockData=conID: 3 locID: 102704234571628995 bcsId: 1477} | ret=SUCCESS |  
2019-08-30 05:17:36,993 | INFO  | DNAudit | user=null | ip=null | op=WRITE_CHUNK {blockData=conID: 3 locID: 102704234571628995 bcsId: 1477} | ret=SUCCESS |  
2019-08-30 05:17:36,993 | INFO  | DNAudit | user=null | ip=null | op=WRITE_CHUNK {blockData=conID: 3 locID: 102704234571628995 bcsId: 1477} | ret=SUCCESS |  
2019-08-30 05:17:37,004 | INFO  | DNAudit | user=null | ip=null | op=WRITE_CHUNK {blockData=conID: 3 locID: 102704234571628995 bcsId: 1477} | ret=SUCCESS |  
2019-08-30 05:17:37,004 | INFO  | DNAudit | user=null | ip=null | op=PUT_BLOCK {blockData=[blockId=conID: 3 locID: 102704234571628995 bcsId: 0,size=3145728]} | ret=SUCCESS |  
2019-08-30 05:17:37,004 [grpc-default-executor-1] INFO  client.GrpcClientProtocolClient (GrpcClientProtocolClient.java:onNext(255)) - client-574492D41EE7->134d4672-e322-4e4b-b7f3-5645abb0fe8c: receive RaftClientReply:client-574492D41EE7->134d4672-e322-4e4b-b7f3-5645abb0fe8c@group-3CB1DFFBCDC2, cid=1083, SUCCESS, logIndex=1482, commits[134d4672-e322-4e4b-b7f3-5645abb0fe8c:c1483, 73af84f3-3e88-4c8c-894c-3ad307bcac8d:c1481, 730a25a1-dbec-44ed-975b-a44ab0096beb:c1481]
2019-08-30 05:17:37,005 [grpc-default-executor-1] INFO  client.GrpcClientProtocolClient (GrpcClientProtocolClient.java:onNext(255)) - client-574492D41EE7->134d4672-e322-4e4b-b7f3-5645abb0fe8c: receive RaftClientReply:client-574492D41EE7->134d4672-e322-4e4b-b7f3-5645abb0fe8c@group-3CB1DFFBCDC2, cid=1084, SUCCESS, logIndex=1483, commits[134d4672-e322-4e4b-b7f3-5645abb0fe8c:c1483, 73af84f3-3e88-4c8c-894c-3ad307bcac8d:c1481, 730a25a1-dbec-44ed-975b-a44ab0096beb:c1481]
2019-08-30 05:17:37,012 | INFO  | DNAudit | user=null | ip=null | op=WRITE_CHUNK {blockData=conID: 3 locID: 102704234571628995 bcsId: 1483} | ret=SUCCESS |  
2019-08-30 05:17:37,014 | INFO  | DNAudit | user=null | ip=null | op=WRITE_CHUNK {blockData=conID: 3 locID: 102704234571628995 bcsId: 1483} | ret=SUCCESS |  
2019-08-30 05:17:37,014 | INFO  | DNAudit | user=null | ip=null | op=WRITE_CHUNK {blockData=conID: 3 locID: 102704234571628995 bcsId: 1483} | ret=SUCCESS |  
2019-08-30 05:17:37,017 | INFO  | DNAudit | user=null | ip=null | op=WRITE_CHUNK {blockData=conID: 3 locID: 102704234571628995 bcsId: 1477} | ret=SUCCESS |  
2019-08-30 05:17:37,018 | INFO  | DNAudit | user=null | ip=null | op=WRITE_CHUNK {blockData=conID: 3 locID: 102704234571628995 bcsId: 1477} | ret=SUCCESS |  
2019-08-30 05:17:37,018 | INFO  | DNAudit | user=null | ip=null | op=PUT_BLOCK {blockData=[blockId=conID: 3 locID: 102704234571628995 bcsId: 0,size=3145728]} | ret=SUCCESS |  
2019-08-30 05:17:37,018 | INFO  | DNAudit | user=null | ip=null | op=PUT_BLOCK {blockData=[blockId=conID: 3 locID: 102704234571628995 bcsId: 0,size=3145728]} | ret=SUCCESS |  
2019-08-30 05:17:37,019 | INFO  | DNAudit | user=null | ip=null | op=WRITE_CHUNK {blockData=conID: 3 locID: 102704234571628995 bcsId: 1483} | ret=SUCCESS |  
2019-08-30 05:17:37,019 | INFO  | DNAudit | user=null | ip=null | op=PUT_BLOCK {blockData=[blockId=conID: 3 locID: 102704234571628995 bcsId: 0,size=4194304]} | ret=SUCCESS |  
2019-08-30 05:17:37,019 [grpc-default-executor-6] INFO  client.GrpcClientProtocolClient (GrpcClientProtocolClient.java:onNext(255)) - client-574492D41EE7->134d4672-e322-4e4b-b7f3-5645abb0fe8c: receive RaftClientReply:client-574492D41EE7->134d4672-e322-4e4b-b7f3-5645abb0fe8c@group-3CB1DFFBCDC2, cid=1085, SUCCESS, logIndex=1486, commits[134d4672-e322-4e4b-b7f3-5645abb0fe8c:c1487, 73af84f3-3e88-4c8c-894c-3ad307bcac8d:c1483, 730a25a1-dbec-44ed-975b-a44ab0096beb:c1483]
2019-08-30 05:17:37,020 [grpc-default-executor-6] INFO  client.GrpcClientProtocolClient (GrpcClientProtocolClient.java:onNext(255)) - client-574492D41EE7->134d4672-e322-4e4b-b7f3-5645abb0fe8c: receive RaftClientReply:client-574492D41EE7->134d4672-e322-4e4b-b7f3-5645abb0fe8c@group-3CB1DFFBCDC2, cid=1086, SUCCESS, logIndex=1487, commits[134d4672-e322-4e4b-b7f3-5645abb0fe8c:c1487, 73af84f3-3e88-4c8c-894c-3ad307bcac8d:c1483, 730a25a1-dbec-44ed-975b-a44ab0096beb:c1483]
2019-08-30 05:17:37,031 | INFO  | DNAudit | user=null | ip=null | op=WRITE_CHUNK {blockData=conID: 3 locID: 102704234571628995 bcsId: 1483} | ret=SUCCESS |  
2019-08-30 05:17:37,031 | INFO  | DNAudit | user=null | ip=null | op=WRITE_CHUNK {blockData=conID: 3 locID: 102704234571628995 bcsId: 1483} | ret=SUCCESS |  
2019-08-30 05:17:37,033 | INFO  | DNAudit | user=null | ip=null | op=PUT_BLOCK {blockData=[blockId=conID: 3 locID: 102704234571628995 bcsId: 0,size=4194304]} | ret=SUCCESS |  
2019-08-30 05:17:37,033 | INFO  | DNAudit | user=null | ip=null | op=PUT_BLOCK {blockData=[blockId=conID: 3 locID: 102704234571628995 bcsId: 0,size=4194304]} | ret=SUCCESS |  
2019-08-30 05:17:37,034 [grpc-default-executor-6] INFO  client.GrpcClientProtocolClient (GrpcClientProtocolClient.java:onNext(255)) - client-574492D41EE7->134d4672-e322-4e4b-b7f3-5645abb0fe8c: receive RaftClientReply:client-574492D41EE7->134d4672-e322-4e4b-b7f3-5645abb0fe8c@group-3CB1DFFBCDC2, cid=1087, SUCCESS, logIndex=0, commits[134d4672-e322-4e4b-b7f3-5645abb0fe8c:c1489, 73af84f3-3e88-4c8c-894c-3ad307bcac8d:c1487, 730a25a1-dbec-44ed-975b-a44ab0096beb:c1487]
2019-08-30 05:17:37,042 | INFO  | DNAudit | user=null | ip=null | op=WRITE_CHUNK {blockData=conID: 1 locID: 102704234571694532 bcsId: 0} | ret=SUCCESS |  
2019-08-30 05:17:37,047 | INFO  | DNAudit | user=null | ip=null | op=WRITE_CHUNK {blockData=conID: 1 locID: 102704234571694532 bcsId: 0} | ret=SUCCESS |  
2019-08-30 05:17:37,047 | INFO  | DNAudit | user=null | ip=null | op=WRITE_CHUNK {blockData=conID: 1 locID: 102704234571694532 bcsId: 0} | ret=SUCCESS |  
2019-08-30 05:17:37,049 | INFO  | DNAudit | user=null | ip=null | op=WRITE_CHUNK {blockData=conID: 1 locID: 102704234571694532 bcsId: 0} | ret=SUCCESS |  
2019-08-30 05:17:37,049 | INFO  | DNAudit | user=null | ip=null | op=WRITE_CHUNK {blockData=conID: 1 locID: 102704234571694532 bcsId: 0} | ret=SUCCESS |  
2019-08-30 05:17:37,050 | INFO  | DNAudit | user=null | ip=null | op=WRITE_CHUNK {blockData=conID: 1 locID: 102704234571694532 bcsId: 0} | ret=SUCCESS |  
2019-08-30 05:17:37,054 | INFO  | DNAudit | user=null | ip=null | op=WRITE_CHUNK {blockData=conID: 1 locID: 102704234571694532 bcsId: 0} | ret=SUCCESS |  
2019-08-30 05:17:37,054 | INFO  | DNAudit | user=null | ip=null | op=PUT_BLOCK {blockData=[blockId=conID: 1 locID: 102704234571694532 bcsId: 0,size=1048576]} | ret=SUCCESS |  
2019-08-30 05:17:37,054 [grpc-default-executor-1] INFO  client.GrpcClientProtocolClient (GrpcClientProtocolClient.java:onNext(255)) - client-574492D41EE7->134d4672-e322-4e4b-b7f3-5645abb0fe8c: receive RaftClientReply:client-574492D41EE7->134d4672-e322-4e4b-b7f3-5645abb0fe8c@group-3CB1DFFBCDC2, cid=1088, SUCCESS, logIndex=1490, commits[134d4672-e322-4e4b-b7f3-5645abb0fe8c:c1492, 73af84f3-3e88-4c8c-894c-3ad307bcac8d:c1489, 730a25a1-dbec-44ed-975b-a44ab0096beb:c1489]
2019-08-30 05:17:37,055 | INFO  | DNAudit | user=null | ip=null | op=WRITE_CHUNK {blockData=conID: 1 locID: 102704234571694532 bcsId: 0} | ret=SUCCESS |  
2019-08-30 05:17:37,055 | INFO  | DNAudit | user=null | ip=null | op=PUT_BLOCK {blockData=[blockId=conID: 1 locID: 102704234571694532 bcsId: 0,size=2097152]} | ret=SUCCESS |  
2019-08-30 05:17:37,055 [grpc-default-executor-1] INFO  client.GrpcClientProtocolClient (GrpcClientProtocolClient.java:onNext(255)) - client-574492D41EE7->134d4672-e322-4e4b-b7f3-5645abb0fe8c: receive RaftClientReply:client-574492D41EE7->134d4672-e322-4e4b-b7f3-5645abb0fe8c@group-3CB1DFFBCDC2, cid=1089, SUCCESS, logIndex=1491, commits[134d4672-e322-4e4b-b7f3-5645abb0fe8c:c1493, 73af84f3-3e88-4c8c-894c-3ad307bcac8d:c1489, 730a25a1-dbec-44ed-975b-a44ab0096beb:c1489]
2019-08-30 05:17:37,055 [grpc-default-executor-1] INFO  client.GrpcClientProtocolClient (GrpcClientProtocolClient.java:onNext(255)) - client-574492D41EE7->134d4672-e322-4e4b-b7f3-5645abb0fe8c: receive RaftClientReply:client-574492D41EE7->134d4672-e322-4e4b-b7f3-5645abb0fe8c@group-3CB1DFFBCDC2, cid=1090, SUCCESS, logIndex=1492, commits[134d4672-e322-4e4b-b7f3-5645abb0fe8c:c1493, 73af84f3-3e88-4c8c-894c-3ad307bcac8d:c1489, 730a25a1-dbec-44ed-975b-a44ab0096beb:c1489]
2019-08-30 05:17:37,056 [grpc-default-executor-1] INFO  client.GrpcClientProtocolClient (GrpcClientProtocolClient.java:onNext(255)) - client-574492D41EE7->134d4672-e322-4e4b-b7f3-5645abb0fe8c: receive RaftClientReply:client-574492D41EE7->134d4672-e322-4e4b-b7f3-5645abb0fe8c@group-3CB1DFFBCDC2, cid=1091, SUCCESS, logIndex=1493, commits[134d4672-e322-4e4b-b7f3-5645abb0fe8c:c1493, 73af84f3-3e88-4c8c-894c-3ad307bcac8d:c1489, 730a25a1-dbec-44ed-975b-a44ab0096beb:c1489]
2019-08-30 05:17:37,064 | INFO  | DNAudit | user=null | ip=null | op=WRITE_CHUNK {blockData=conID: 1 locID: 102704234571694532 bcsId: 0} | ret=SUCCESS |  
2019-08-30 05:17:37,064 | INFO  | DNAudit | user=null | ip=null | op=WRITE_CHUNK {blockData=conID: 1 locID: 102704234571694532 bcsId: 0} | ret=SUCCESS |  
2019-08-30 05:17:37,064 | INFO  | DNAudit | user=null | ip=null | op=PUT_BLOCK {blockData=[blockId=conID: 1 locID: 102704234571694532 bcsId: 0,size=1048576]} | ret=SUCCESS |  
2019-08-30 05:17:37,064 | INFO  | DNAudit | user=null | ip=null | op=PUT_BLOCK {blockData=[blockId=conID: 1 locID: 102704234571694532 bcsId: 0,size=1048576]} | ret=SUCCESS |  
2019-08-30 05:17:37,064 | INFO  | DNAudit | user=null | ip=null | op=WRITE_CHUNK {blockData=conID: 1 locID: 102704234571694532 bcsId: 0} | ret=SUCCESS |  
2019-08-30 05:17:37,065 | INFO  | DNAudit | user=null | ip=null | op=WRITE_CHUNK {blockData=conID: 1 locID: 102704234571694532 bcsId: 0} | ret=SUCCESS |  
2019-08-30 05:17:37,065 [grpc-default-executor-1] INFO  client.GrpcClientProtocolClient (GrpcClientProtocolClient.java:onNext(255)) - client-574492D41EE7->134d4672-e322-4e4b-b7f3-5645abb0fe8c: receive RaftClientReply:client-574492D41EE7->134d4672-e322-4e4b-b7f3-5645abb0fe8c@group-3CB1DFFBCDC2, cid=1092, SUCCESS, logIndex=0, commits[134d4672-e322-4e4b-b7f3-5645abb0fe8c:c1494, 73af84f3-3e88-4c8c-894c-3ad307bcac8d:c1492, 730a25a1-dbec-44ed-975b-a44ab0096beb:c1492]
2019-08-30 05:17:37,066 | INFO  | DNAudit | user=null | ip=null | op=PUT_BLOCK {blockData=[blockId=conID: 1 locID: 102704234571694532 bcsId: 0,size=2097152]} | ret=SUCCESS |  
2019-08-30 05:17:37,066 | INFO  | DNAudit | user=null | ip=null | op=PUT_BLOCK {blockData=[blockId=conID: 1 locID: 102704234571694532 bcsId: 0,size=2097152]} | ret=SUCCESS |  
2019-08-30 05:17:37,070 | INFO  | DNAudit | user=null | ip=null | op=WRITE_CHUNK {blockData=conID: 1 locID: 102704234571694532 bcsId: 1493} | ret=SUCCESS |  
2019-08-30 05:17:37,073 | INFO  | DNAudit | user=null | ip=null | op=WRITE_CHUNK {blockData=conID: 1 locID: 102704234571694532 bcsId: 1493} | ret=SUCCESS |  
2019-08-30 05:17:37,073 | INFO  | DNAudit | user=null | ip=null | op=WRITE_CHUNK {blockData=conID: 1 locID: 102704234571694532 bcsId: 1493} | ret=SUCCESS |  
2019-08-30 05:17:37,081 | INFO  | DNAudit | user=null | ip=null | op=WRITE_CHUNK {blockData=conID: 1 locID: 102704234571694532 bcsId: 1493} | ret=SUCCESS |  
2019-08-30 05:17:37,082 | INFO  | DNAudit | user=null | ip=null | op=PUT_BLOCK {blockData=[blockId=conID: 1 locID: 102704234571694532 bcsId: 0,size=3145728]} | ret=SUCCESS |  
2019-08-30 05:17:37,082 [grpc-default-executor-1] INFO  client.GrpcClientProtocolClient (GrpcClientProtocolClient.java:onNext(255)) - client-574492D41EE7->134d4672-e322-4e4b-b7f3-5645abb0fe8c: receive RaftClientReply:client-574492D41EE7->134d4672-e322-4e4b-b7f3-5645abb0fe8c@group-3CB1DFFBCDC2, cid=1093, SUCCESS, logIndex=1497, commits[134d4672-e322-4e4b-b7f3-5645abb0fe8c:c1498, 73af84f3-3e88-4c8c-894c-3ad307bcac8d:c1496, 730a25a1-dbec-44ed-975b-a44ab0096beb:c1496]
2019-08-30 05:17:37,082 [grpc-default-executor-1] INFO  client.GrpcClientProtocolClient (GrpcClientProtocolClient.java:onNext(255)) - client-574492D41EE7->134d4672-e322-4e4b-b7f3-5645abb0fe8c: receive RaftClientReply:client-574492D41EE7->134d4672-e322-4e4b-b7f3-5645abb0fe8c@group-3CB1DFFBCDC2, cid=1094, SUCCESS, logIndex=1498, commits[134d4672-e322-4e4b-b7f3-5645abb0fe8c:c1498, 73af84f3-3e88-4c8c-894c-3ad307bcac8d:c1496, 730a25a1-dbec-44ed-975b-a44ab0096beb:c1496]
2019-08-30 05:17:37,088 | INFO  | DNAudit | user=null | ip=null | op=WRITE_CHUNK {blockData=conID: 1 locID: 102704234571694532 bcsId: 1498} | ret=SUCCESS |  
2019-08-30 05:17:37,090 | INFO  | DNAudit | user=null | ip=null | op=WRITE_CHUNK {blockData=conID: 1 locID: 102704234571694532 bcsId: 1498} | ret=SUCCESS |  
2019-08-30 05:17:37,091 | INFO  | DNAudit | user=null | ip=null | op=WRITE_CHUNK {blockData=conID: 1 locID: 102704234571694532 bcsId: 1498} | ret=SUCCESS |  
2019-08-30 05:17:37,091 | INFO  | DNAudit | user=null | ip=null | op=WRITE_CHUNK {blockData=conID: 1 locID: 102704234571694532 bcsId: 1493} | ret=SUCCESS |  
2019-08-30 05:17:37,092 | INFO  | DNAudit | user=null | ip=null | op=WRITE_CHUNK {blockData=conID: 1 locID: 102704234571694532 bcsId: 1493} | ret=SUCCESS |  
2019-08-30 05:17:37,094 | INFO  | DNAudit | user=null | ip=null | op=PUT_BLOCK {blockData=[blockId=conID: 1 locID: 102704234571694532 bcsId: 0,size=3145728]} | ret=SUCCESS |  
2019-08-30 05:17:37,094 | INFO  | DNAudit | user=null | ip=null | op=PUT_BLOCK {blockData=[blockId=conID: 1 locID: 102704234571694532 bcsId: 0,size=3145728]} | ret=SUCCESS |  
2019-08-30 05:17:37,095 | INFO  | DNAudit | user=null | ip=null | op=WRITE_CHUNK {blockData=conID: 1 locID: 102704234571694532 bcsId: 1498} | ret=SUCCESS |  
2019-08-30 05:17:37,095 | INFO  | DNAudit | user=null | ip=null | op=PUT_BLOCK {blockData=[blockId=conID: 1 locID: 102704234571694532 bcsId: 0,size=4194304]} | ret=SUCCESS |  
2019-08-30 05:17:37,095 [grpc-default-executor-5] INFO  client.GrpcClientProtocolClient (GrpcClientProtocolClient.java:onNext(255)) - client-574492D41EE7->134d4672-e322-4e4b-b7f3-5645abb0fe8c: receive RaftClientReply:client-574492D41EE7->134d4672-e322-4e4b-b7f3-5645abb0fe8c@group-3CB1DFFBCDC2, cid=1095, SUCCESS, logIndex=1501, commits[134d4672-e322-4e4b-b7f3-5645abb0fe8c:c1502, 73af84f3-3e88-4c8c-894c-3ad307bcac8d:c1498, 730a25a1-dbec-44ed-975b-a44ab0096beb:c1498]
2019-08-30 05:17:37,096 [grpc-default-executor-5] INFO  client.GrpcClientProtocolClient (GrpcClientProtocolClient.java:onNext(255)) - client-574492D41EE7->134d4672-e322-4e4b-b7f3-5645abb0fe8c: receive RaftClientReply:client-574492D41EE7->134d4672-e322-4e4b-b7f3-5645abb0fe8c@group-3CB1DFFBCDC2, cid=1096, SUCCESS, logIndex=1502, commits[134d4672-e322-4e4b-b7f3-5645abb0fe8c:c1502, 73af84f3-3e88-4c8c-894c-3ad307bcac8d:c1498, 730a25a1-dbec-44ed-975b-a44ab0096beb:c1498]
2019-08-30 05:17:37,097 | INFO  | DNAudit | user=null | ip=null | op=WRITE_CHUNK {blockData=conID: 1 locID: 102704234571694532 bcsId: 1498} | ret=SUCCESS |  
2019-08-30 05:17:37,099 | INFO  | DNAudit | user=null | ip=null | op=WRITE_CHUNK {blockData=conID: 1 locID: 102704234571694532 bcsId: 1498} | ret=SUCCESS |  
2019-08-30 05:17:37,100 | INFO  | DNAudit | user=null | ip=null | op=PUT_BLOCK {blockData=[blockId=conID: 1 locID: 102704234571694532 bcsId: 0,size=4194304]} | ret=SUCCESS |  
2019-08-30 05:17:37,100 | INFO  | DNAudit | user=null | ip=null | op=PUT_BLOCK {blockData=[blockId=conID: 1 locID: 102704234571694532 bcsId: 0,size=4194304]} | ret=SUCCESS |  
2019-08-30 05:17:37,101 [grpc-default-executor-5] INFO  client.GrpcClientProtocolClient (GrpcClientProtocolClient.java:onNext(255)) - client-574492D41EE7->134d4672-e322-4e4b-b7f3-5645abb0fe8c: receive RaftClientReply:client-574492D41EE7->134d4672-e322-4e4b-b7f3-5645abb0fe8c@group-3CB1DFFBCDC2, cid=1097, SUCCESS, logIndex=0, commits[134d4672-e322-4e4b-b7f3-5645abb0fe8c:c1504, 73af84f3-3e88-4c8c-894c-3ad307bcac8d:c1502, 730a25a1-dbec-44ed-975b-a44ab0096beb:c1502]
2019-08-30 05:17:37,107 | INFO  | DNAudit | user=null | ip=null | op=WRITE_CHUNK {blockData=conID: 2 locID: 102704234571694533 bcsId: 0} | ret=SUCCESS |  
2019-08-30 05:17:37,109 | INFO  | DNAudit | user=null | ip=null | op=WRITE_CHUNK {blockData=conID: 2 locID: 102704234571694533 bcsId: 0} | ret=SUCCESS |  
2019-08-30 05:17:37,109 | INFO  | DNAudit | user=null | ip=null | op=WRITE_CHUNK {blockData=conID: 2 locID: 102704234571694533 bcsId: 0} | ret=SUCCESS |  
2019-08-30 05:17:37,110 | INFO  | DNAudit | user=null | ip=null | op=WRITE_CHUNK {blockData=conID: 2 locID: 102704234571694533 bcsId: 0} | ret=SUCCESS |  
2019-08-30 05:17:37,112 | INFO  | DNAudit | user=null | ip=null | op=WRITE_CHUNK {blockData=conID: 2 locID: 102704234571694533 bcsId: 0} | ret=SUCCESS |  
2019-08-30 05:17:37,112 | INFO  | DNAudit | user=null | ip=null | op=WRITE_CHUNK {blockData=conID: 2 locID: 102704234571694533 bcsId: 0} | ret=SUCCESS |  
2019-08-30 05:17:37,118 | INFO  | DNAudit | user=null | ip=null | op=WRITE_CHUNK {blockData=conID: 2 locID: 102704234571694533 bcsId: 0} | ret=SUCCESS |  
2019-08-30 05:17:37,118 | INFO  | DNAudit | user=null | ip=null | op=PUT_BLOCK {blockData=[blockId=conID: 2 locID: 102704234571694533 bcsId: 0,size=1048576]} | ret=SUCCESS |  
2019-08-30 05:17:37,118 [grpc-default-executor-1] INFO  client.GrpcClientProtocolClient (GrpcClientProtocolClient.java:onNext(255)) - client-574492D41EE7->134d4672-e322-4e4b-b7f3-5645abb0fe8c: receive RaftClientReply:client-574492D41EE7->134d4672-e322-4e4b-b7f3-5645abb0fe8c@group-3CB1DFFBCDC2, cid=1098, SUCCESS, logIndex=1505, commits[134d4672-e322-4e4b-b7f3-5645abb0fe8c:c1506, 73af84f3-3e88-4c8c-894c-3ad307bcac8d:c1504, 730a25a1-dbec-44ed-975b-a44ab0096beb:c1504]
2019-08-30 05:17:37,119 | INFO  | DNAudit | user=null | ip=null | op=WRITE_CHUNK {blockData=conID: 2 locID: 102704234571694533 bcsId: 0} | ret=SUCCESS |  
2019-08-30 05:17:37,119 [grpc-default-executor-1] INFO  client.GrpcClientProtocolClient (GrpcClientProtocolClient.java:onNext(255)) - client-574492D41EE7->134d4672-e322-4e4b-b7f3-5645abb0fe8c: receive RaftClientReply:client-574492D41EE7->134d4672-e322-4e4b-b7f3-5645abb0fe8c@group-3CB1DFFBCDC2, cid=1099, SUCCESS, logIndex=1506, commits[134d4672-e322-4e4b-b7f3-5645abb0fe8c:c1506, 73af84f3-3e88-4c8c-894c-3ad307bcac8d:c1504, 730a25a1-dbec-44ed-975b-a44ab0096beb:c1504]
2019-08-30 05:17:37,119 | INFO  | DNAudit | user=null | ip=null | op=PUT_BLOCK {blockData=[blockId=conID: 2 locID: 102704234571694533 bcsId: 0,size=2097152]} | ret=SUCCESS |  
2019-08-30 05:17:37,119 [grpc-default-executor-1] INFO  client.GrpcClientProtocolClient (GrpcClientProtocolClient.java:onNext(255)) - client-574492D41EE7->134d4672-e322-4e4b-b7f3-5645abb0fe8c: receive RaftClientReply:client-574492D41EE7->134d4672-e322-4e4b-b7f3-5645abb0fe8c@group-3CB1DFFBCDC2, cid=1100, SUCCESS, logIndex=1507, commits[134d4672-e322-4e4b-b7f3-5645abb0fe8c:c1508, 73af84f3-3e88-4c8c-894c-3ad307bcac8d:c1504, 730a25a1-dbec-44ed-975b-a44ab0096beb:c1504]
2019-08-30 05:17:37,119 [grpc-default-executor-1] INFO  client.GrpcClientProtocolClient (GrpcClientProtocolClient.java:onNext(255)) - client-574492D41EE7->134d4672-e322-4e4b-b7f3-5645abb0fe8c: receive RaftClientReply:client-574492D41EE7->134d4672-e322-4e4b-b7f3-5645abb0fe8c@group-3CB1DFFBCDC2, cid=1101, SUCCESS, logIndex=1508, commits[134d4672-e322-4e4b-b7f3-5645abb0fe8c:c1508, 73af84f3-3e88-4c8c-894c-3ad307bcac8d:c1504, 730a25a1-dbec-44ed-975b-a44ab0096beb:c1504]
2019-08-30 05:17:37,121 | INFO  | DNAudit | user=null | ip=null | op=WRITE_CHUNK {blockData=conID: 2 locID: 102704234571694533 bcsId: 0} | ret=SUCCESS |  
2019-08-30 05:17:37,122 | INFO  | DNAudit | user=null | ip=null | op=PUT_BLOCK {blockData=[blockId=conID: 2 locID: 102704234571694533 bcsId: 0,size=1048576]} | ret=SUCCESS |  
2019-08-30 05:17:37,122 | INFO  | DNAudit | user=null | ip=null | op=WRITE_CHUNK {blockData=conID: 2 locID: 102704234571694533 bcsId: 0} | ret=SUCCESS |  
2019-08-30 05:17:37,122 | INFO  | DNAudit | user=null | ip=null | op=PUT_BLOCK {blockData=[blockId=conID: 2 locID: 102704234571694533 bcsId: 0,size=1048576]} | ret=SUCCESS |  
2019-08-30 05:17:37,122 | INFO  | DNAudit | user=null | ip=null | op=WRITE_CHUNK {blockData=conID: 2 locID: 102704234571694533 bcsId: 0} | ret=SUCCESS |  
2019-08-30 05:17:37,122 | INFO  | DNAudit | user=null | ip=null | op=WRITE_CHUNK {blockData=conID: 2 locID: 102704234571694533 bcsId: 0} | ret=SUCCESS |  
2019-08-30 05:17:37,122 | INFO  | DNAudit | user=null | ip=null | op=PUT_BLOCK {blockData=[blockId=conID: 2 locID: 102704234571694533 bcsId: 0,size=2097152]} | ret=SUCCESS |  
2019-08-30 05:17:37,122 [grpc-default-executor-1] INFO  client.GrpcClientProtocolClient (GrpcClientProtocolClient.java:onNext(255)) - client-574492D41EE7->134d4672-e322-4e4b-b7f3-5645abb0fe8c: receive RaftClientReply:client-574492D41EE7->134d4672-e322-4e4b-b7f3-5645abb0fe8c@group-3CB1DFFBCDC2, cid=1102, SUCCESS, logIndex=0, commits[134d4672-e322-4e4b-b7f3-5645abb0fe8c:c1510, 73af84f3-3e88-4c8c-894c-3ad307bcac8d:c1506, 730a25a1-dbec-44ed-975b-a44ab0096beb:c1506]
2019-08-30 05:17:37,123 | INFO  | DNAudit | user=null | ip=null | op=PUT_BLOCK {blockData=[blockId=conID: 2 locID: 102704234571694533 bcsId: 0,size=2097152]} | ret=SUCCESS |  
2019-08-30 05:17:37,128 | INFO  | DNAudit | user=null | ip=null | op=WRITE_CHUNK {blockData=conID: 2 locID: 102704234571694533 bcsId: 1508} | ret=SUCCESS |  
2019-08-30 05:17:37,130 | INFO  | DNAudit | user=null | ip=null | op=WRITE_CHUNK {blockData=conID: 2 locID: 102704234571694533 bcsId: 1508} | ret=SUCCESS |  
2019-08-30 05:17:37,130 | INFO  | DNAudit | user=null | ip=null | op=WRITE_CHUNK {blockData=conID: 2 locID: 102704234571694533 bcsId: 1508} | ret=SUCCESS |  
2019-08-30 05:17:37,166 | INFO  | DNAudit | user=null | ip=null | op=WRITE_CHUNK {blockData=conID: 2 locID: 102704234571694533 bcsId: 1508} | ret=SUCCESS |  
2019-08-30 05:17:37,166 | INFO  | DNAudit | user=null | ip=null | op=PUT_BLOCK {blockData=[blockId=conID: 2 locID: 102704234571694533 bcsId: 0,size=3145728]} | ret=SUCCESS |  
2019-08-30 05:17:37,167 [grpc-default-executor-1] INFO  client.GrpcClientProtocolClient (GrpcClientProtocolClient.java:onNext(255)) - client-574492D41EE7->134d4672-e322-4e4b-b7f3-5645abb0fe8c: receive RaftClientReply:client-574492D41EE7->134d4672-e322-4e4b-b7f3-5645abb0fe8c@group-3CB1DFFBCDC2, cid=1103, SUCCESS, logIndex=1513, commits[134d4672-e322-4e4b-b7f3-5645abb0fe8c:c1514, 73af84f3-3e88-4c8c-894c-3ad307bcac8d:c1512, 730a25a1-dbec-44ed-975b-a44ab0096beb:c1512]
2019-08-30 05:17:37,167 [grpc-default-executor-1] INFO  client.GrpcClientProtocolClient (GrpcClientProtocolClient.java:onNext(255)) - client-574492D41EE7->134d4672-e322-4e4b-b7f3-5645abb0fe8c: receive RaftClientReply:client-574492D41EE7->134d4672-e322-4e4b-b7f3-5645abb0fe8c@group-3CB1DFFBCDC2, cid=1104, SUCCESS, logIndex=1514, commits[134d4672-e322-4e4b-b7f3-5645abb0fe8c:c1514, 73af84f3-3e88-4c8c-894c-3ad307bcac8d:c1512, 730a25a1-dbec-44ed-975b-a44ab0096beb:c1512]
2019-08-30 05:17:37,167 | INFO  | DNAudit | user=null | ip=null | op=WRITE_CHUNK {blockData=conID: 2 locID: 102704234571694533 bcsId: 1508} | ret=SUCCESS |  
2019-08-30 05:17:37,167 | INFO  | DNAudit | user=null | ip=null | op=WRITE_CHUNK {blockData=conID: 2 locID: 102704234571694533 bcsId: 1508} | ret=SUCCESS |  
2019-08-30 05:17:37,168 | INFO  | DNAudit | user=null | ip=null | op=PUT_BLOCK {blockData=[blockId=conID: 2 locID: 102704234571694533 bcsId: 0,size=3145728]} | ret=SUCCESS |  
2019-08-30 05:17:37,168 | INFO  | DNAudit | user=null | ip=null | op=PUT_BLOCK {blockData=[blockId=conID: 2 locID: 102704234571694533 bcsId: 0,size=3145728]} | ret=SUCCESS |  
2019-08-30 05:17:37,174 | INFO  | DNAudit | user=null | ip=null | op=WRITE_CHUNK {blockData=conID: 2 locID: 102704234571694533 bcsId: 1514} | ret=SUCCESS |  
2019-08-30 05:17:37,175 | INFO  | DNAudit | user=null | ip=null | op=WRITE_CHUNK {blockData=conID: 2 locID: 102704234571694533 bcsId: 1514} | ret=SUCCESS |  
2019-08-30 05:17:37,176 | INFO  | DNAudit | user=null | ip=null | op=WRITE_CHUNK {blockData=conID: 2 locID: 102704234571694533 bcsId: 1514} | ret=SUCCESS |  
2019-08-30 05:17:37,181 | INFO  | DNAudit | user=null | ip=null | op=WRITE_CHUNK {blockData=conID: 2 locID: 102704234571694533 bcsId: 1514} | ret=SUCCESS |  
2019-08-30 05:17:37,182 | INFO  | DNAudit | user=null | ip=null | op=PUT_BLOCK {blockData=[blockId=conID: 2 locID: 102704234571694533 bcsId: 0,size=4194304]} | ret=SUCCESS |  
2019-08-30 05:17:37,182 [grpc-default-executor-1] INFO  client.GrpcClientProtocolClient (GrpcClientProtocolClient.java:onNext(255)) - client-574492D41EE7->134d4672-e322-4e4b-b7f3-5645abb0fe8c: receive RaftClientReply:client-574492D41EE7->134d4672-e322-4e4b-b7f3-5645abb0fe8c@group-3CB1DFFBCDC2, cid=1105, SUCCESS, logIndex=1517, commits[134d4672-e322-4e4b-b7f3-5645abb0fe8c:c1518, 73af84f3-3e88-4c8c-894c-3ad307bcac8d:c1516, 730a25a1-dbec-44ed-975b-a44ab0096beb:c1514]
2019-08-30 05:17:37,183 [grpc-default-executor-1] INFO  client.GrpcClientProtocolClient (GrpcClientProtocolClient.java:onNext(255)) - client-574492D41EE7->134d4672-e322-4e4b-b7f3-5645abb0fe8c: receive RaftClientReply:client-574492D41EE7->134d4672-e322-4e4b-b7f3-5645abb0fe8c@group-3CB1DFFBCDC2, cid=1106, SUCCESS, logIndex=1518, commits[134d4672-e322-4e4b-b7f3-5645abb0fe8c:c1518, 73af84f3-3e88-4c8c-894c-3ad307bcac8d:c1516, 730a25a1-dbec-44ed-975b-a44ab0096beb:c1516]
2019-08-30 05:17:37,184 | INFO  | DNAudit | user=null | ip=null | op=WRITE_CHUNK {blockData=conID: 2 locID: 102704234571694533 bcsId: 1514} | ret=SUCCESS |  
2019-08-30 05:17:37,184 | INFO  | DNAudit | user=null | ip=null | op=WRITE_CHUNK {blockData=conID: 2 locID: 102704234571694533 bcsId: 1514} | ret=SUCCESS |  
2019-08-30 05:17:37,184 | INFO  | DNAudit | user=null | ip=null | op=PUT_BLOCK {blockData=[blockId=conID: 2 locID: 102704234571694533 bcsId: 0,size=4194304]} | ret=SUCCESS |  
2019-08-30 05:17:37,196 | INFO  | DNAudit | user=null | ip=null | op=PUT_BLOCK {blockData=[blockId=conID: 2 locID: 102704234571694533 bcsId: 0,size=4194304]} | ret=SUCCESS |  
2019-08-30 05:17:37,197 [grpc-default-executor-1] INFO  client.GrpcClientProtocolClient (GrpcClientProtocolClient.java:onNext(255)) - client-574492D41EE7->134d4672-e322-4e4b-b7f3-5645abb0fe8c: receive RaftClientReply:client-574492D41EE7->134d4672-e322-4e4b-b7f3-5645abb0fe8c@group-3CB1DFFBCDC2, cid=1107, SUCCESS, logIndex=0, commits[134d4672-e322-4e4b-b7f3-5645abb0fe8c:c1520, 73af84f3-3e88-4c8c-894c-3ad307bcac8d:c1518, 730a25a1-dbec-44ed-975b-a44ab0096beb:c1518]
2019-08-30 05:17:37,203 | INFO  | DNAudit | user=null | ip=null | op=WRITE_CHUNK {blockData=conID: 3 locID: 102704234571694534 bcsId: 0} | ret=SUCCESS |  
2019-08-30 05:17:37,206 | INFO  | DNAudit | user=null | ip=null | op=WRITE_CHUNK {blockData=conID: 3 locID: 102704234571694534 bcsId: 0} | ret=SUCCESS |  
2019-08-30 05:17:37,206 | INFO  | DNAudit | user=null | ip=null | op=WRITE_CHUNK {blockData=conID: 3 locID: 102704234571694534 bcsId: 0} | ret=SUCCESS |  
2019-08-30 05:17:37,206 | INFO  | DNAudit | user=null | ip=null | op=WRITE_CHUNK {blockData=conID: 3 locID: 102704234571694534 bcsId: 0} | ret=SUCCESS |  
2019-08-30 05:17:37,208 | INFO  | DNAudit | user=null | ip=null | op=WRITE_CHUNK {blockData=conID: 3 locID: 102704234571694534 bcsId: 0} | ret=SUCCESS |  
2019-08-30 05:17:37,208 | INFO  | DNAudit | user=null | ip=null | op=WRITE_CHUNK {blockData=conID: 3 locID: 102704234571694534 bcsId: 0} | ret=SUCCESS |  
2019-08-30 05:17:37,215 | INFO  | DNAudit | user=null | ip=null | op=WRITE_CHUNK {blockData=conID: 3 locID: 102704234571694534 bcsId: 0} | ret=SUCCESS |  
2019-08-30 05:17:37,216 | INFO  | DNAudit | user=null | ip=null | op=PUT_BLOCK {blockData=[blockId=conID: 3 locID: 102704234571694534 bcsId: 0,size=1048576]} | ret=SUCCESS |  
2019-08-30 05:17:37,217 | INFO  | DNAudit | user=null | ip=null | op=WRITE_CHUNK {blockData=conID: 3 locID: 102704234571694534 bcsId: 0} | ret=SUCCESS |  
2019-08-30 05:17:37,216 [grpc-default-executor-1] INFO  client.GrpcClientProtocolClient (GrpcClientProtocolClient.java:onNext(255)) - client-574492D41EE7->134d4672-e322-4e4b-b7f3-5645abb0fe8c: receive RaftClientReply:client-574492D41EE7->134d4672-e322-4e4b-b7f3-5645abb0fe8c@group-3CB1DFFBCDC2, cid=1108, SUCCESS, logIndex=1521, commits[134d4672-e322-4e4b-b7f3-5645abb0fe8c:c1523, 73af84f3-3e88-4c8c-894c-3ad307bcac8d:c1520, 730a25a1-dbec-44ed-975b-a44ab0096beb:c1520]
2019-08-30 05:17:37,217 | INFO  | DNAudit | user=null | ip=null | op=PUT_BLOCK {blockData=[blockId=conID: 3 locID: 102704234571694534 bcsId: 0,size=2097152]} | ret=SUCCESS |  
2019-08-30 05:17:37,217 [grpc-default-executor-1] INFO  client.GrpcClientProtocolClient (GrpcClientProtocolClient.java:onNext(255)) - client-574492D41EE7->134d4672-e322-4e4b-b7f3-5645abb0fe8c: receive RaftClientReply:client-574492D41EE7->134d4672-e322-4e4b-b7f3-5645abb0fe8c@group-3CB1DFFBCDC2, cid=1109, SUCCESS, logIndex=1522, commits[134d4672-e322-4e4b-b7f3-5645abb0fe8c:c1524, 73af84f3-3e88-4c8c-894c-3ad307bcac8d:c1520, 730a25a1-dbec-44ed-975b-a44ab0096beb:c1520]
2019-08-30 05:17:37,217 | INFO  | DNAudit | user=null | ip=null | op=WRITE_CHUNK {blockData=conID: 3 locID: 102704234571694534 bcsId: 0} | ret=SUCCESS |  
2019-08-30 05:17:37,217 [grpc-default-executor-1] INFO  client.GrpcClientProtocolClient (GrpcClientProtocolClient.java:onNext(255)) - client-574492D41EE7->134d4672-e322-4e4b-b7f3-5645abb0fe8c: receive RaftClientReply:client-574492D41EE7->134d4672-e322-4e4b-b7f3-5645abb0fe8c@group-3CB1DFFBCDC2, cid=1110, SUCCESS, logIndex=1523, commits[134d4672-e322-4e4b-b7f3-5645abb0fe8c:c1524, 73af84f3-3e88-4c8c-894c-3ad307bcac8d:c1520, 730a25a1-dbec-44ed-975b-a44ab0096beb:c1520]
2019-08-30 05:17:37,217 [grpc-default-executor-1] INFO  client.GrpcClientProtocolClient (GrpcClientProtocolClient.java:onNext(255)) - client-574492D41EE7->134d4672-e322-4e4b-b7f3-5645abb0fe8c: receive RaftClientReply:client-574492D41EE7->134d4672-e322-4e4b-b7f3-5645abb0fe8c@group-3CB1DFFBCDC2, cid=1111, SUCCESS, logIndex=1524, commits[134d4672-e322-4e4b-b7f3-5645abb0fe8c:c1524, 73af84f3-3e88-4c8c-894c-3ad307bcac8d:c1520, 730a25a1-dbec-44ed-975b-a44ab0096beb:c1520]
2019-08-30 05:17:37,218 | INFO  | SCMAudit | user=jenkins1000 | ip=192.168.36.106 | op=SEND_HEARTBEAT {datanodeUUID=134d4672-e322-4e4b-b7f3-5645abb0fe8c, command=[]} | ret=SUCCESS |  
2019-08-30 05:17:37,219 | INFO  | DNAudit | user=null | ip=null | op=WRITE_CHUNK {blockData=conID: 3 locID: 102704234571694534 bcsId: 0} | ret=SUCCESS |  
2019-08-30 05:17:37,219 | INFO  | DNAudit | user=null | ip=null | op=PUT_BLOCK {blockData=[blockId=conID: 3 locID: 102704234571694534 bcsId: 0,size=1048576]} | ret=SUCCESS |  
2019-08-30 05:17:37,220 | INFO  | DNAudit | user=null | ip=null | op=WRITE_CHUNK {blockData=conID: 3 locID: 102704234571694534 bcsId: 0} | ret=SUCCESS |  
2019-08-30 05:17:37,230 | INFO  | DNAudit | user=null | ip=null | op=PUT_BLOCK {blockData=[blockId=conID: 3 locID: 102704234571694534 bcsId: 0,size=1048576]} | ret=SUCCESS |  
2019-08-30 05:17:37,230 | INFO  | DNAudit | user=null | ip=null | op=WRITE_CHUNK {blockData=conID: 3 locID: 102704234571694534 bcsId: 0} | ret=SUCCESS |  
2019-08-30 05:17:37,230 | INFO  | DNAudit | user=null | ip=null | op=PUT_BLOCK {blockData=[blockId=conID: 3 locID: 102704234571694534 bcsId: 0,size=2097152]} | ret=SUCCESS |  
2019-08-30 05:17:37,230 [grpc-default-executor-1] INFO  client.GrpcClientProtocolClient (GrpcClientProtocolClient.java:onNext(255)) - client-574492D41EE7->134d4672-e322-4e4b-b7f3-5645abb0fe8c: receive RaftClientReply:client-574492D41EE7->134d4672-e322-4e4b-b7f3-5645abb0fe8c@group-3CB1DFFBCDC2, cid=1112, SUCCESS, logIndex=0, commits[134d4672-e322-4e4b-b7f3-5645abb0fe8c:c1527, 73af84f3-3e88-4c8c-894c-3ad307bcac8d:c1523, 730a25a1-dbec-44ed-975b-a44ab0096beb:c1522]
2019-08-30 05:17:37,230 | INFO  | DNAudit | user=null | ip=null | op=PUT_BLOCK {blockData=[blockId=conID: 3 locID: 102704234571694534 bcsId: 0,size=2097152]} | ret=SUCCESS |  
2019-08-30 05:17:37,236 | INFO  | DNAudit | user=null | ip=null | op=WRITE_CHUNK {blockData=conID: 3 locID: 102704234571694534 bcsId: 1524} | ret=SUCCESS |  
2019-08-30 05:17:37,238 | INFO  | DNAudit | user=null | ip=null | op=WRITE_CHUNK {blockData=conID: 3 locID: 102704234571694534 bcsId: 1524} | ret=SUCCESS |  
2019-08-30 05:17:37,239 | INFO  | DNAudit | user=null | ip=null | op=WRITE_CHUNK {blockData=conID: 3 locID: 102704234571694534 bcsId: 1524} | ret=SUCCESS |  
2019-08-30 05:17:37,249 | INFO  | DNAudit | user=null | ip=null | op=WRITE_CHUNK {blockData=conID: 3 locID: 102704234571694534 bcsId: 1524} | ret=SUCCESS |  
2019-08-30 05:17:37,249 | INFO  | DNAudit | user=null | ip=null | op=PUT_BLOCK {blockData=[blockId=conID: 3 locID: 102704234571694534 bcsId: 0,size=3145728]} | ret=SUCCESS |  
2019-08-30 05:17:37,249 [grpc-default-executor-6] INFO  client.GrpcClientProtocolClient (GrpcClientProtocolClient.java:onNext(255)) - client-574492D41EE7->134d4672-e322-4e4b-b7f3-5645abb0fe8c: receive RaftClientReply:client-574492D41EE7->134d4672-e322-4e4b-b7f3-5645abb0fe8c@group-3CB1DFFBCDC2, cid=1113, SUCCESS, logIndex=1529, commits[134d4672-e322-4e4b-b7f3-5645abb0fe8c:c1530, 73af84f3-3e88-4c8c-894c-3ad307bcac8d:c1528, 730a25a1-dbec-44ed-975b-a44ab0096beb:c1528]
2019-08-30 05:17:37,249 [grpc-default-executor-6] INFO  client.GrpcClientProtocolClient (GrpcClientProtocolClient.java:onNext(255)) - client-574492D41EE7->134d4672-e322-4e4b-b7f3-5645abb0fe8c: receive RaftClientReply:client-574492D41EE7->134d4672-e322-4e4b-b7f3-5645abb0fe8c@group-3CB1DFFBCDC2, cid=1114, SUCCESS, logIndex=1530, commits[134d4672-e322-4e4b-b7f3-5645abb0fe8c:c1530, 73af84f3-3e88-4c8c-894c-3ad307bcac8d:c1528, 730a25a1-dbec-44ed-975b-a44ab0096beb:c1528]
2019-08-30 05:17:37,256 | INFO  | DNAudit | user=null | ip=null | op=WRITE_CHUNK {blockData=conID: 3 locID: 102704234571694534 bcsId: 1530} | ret=SUCCESS |  
2019-08-30 05:17:37,258 | INFO  | DNAudit | user=null | ip=null | op=WRITE_CHUNK {blockData=conID: 3 locID: 102704234571694534 bcsId: 1530} | ret=SUCCESS |  
2019-08-30 05:17:37,259 | INFO  | DNAudit | user=null | ip=null | op=WRITE_CHUNK {blockData=conID: 3 locID: 102704234571694534 bcsId: 1530} | ret=SUCCESS |  
2019-08-30 05:17:37,260 | INFO  | DNAudit | user=null | ip=null | op=WRITE_CHUNK {blockData=conID: 3 locID: 102704234571694534 bcsId: 1524} | ret=SUCCESS |  
2019-08-30 05:17:37,260 | INFO  | DNAudit | user=null | ip=null | op=WRITE_CHUNK {blockData=conID: 3 locID: 102704234571694534 bcsId: 1524} | ret=SUCCESS |  
2019-08-30 05:17:37,263 | INFO  | DNAudit | user=null | ip=null | op=PUT_BLOCK {blockData=[blockId=conID: 3 locID: 102704234571694534 bcsId: 0,size=3145728]} | ret=SUCCESS |  
2019-08-30 05:17:37,263 | INFO  | DNAudit | user=null | ip=null | op=PUT_BLOCK {blockData=[blockId=conID: 3 locID: 102704234571694534 bcsId: 0,size=3145728]} | ret=SUCCESS |  
2019-08-30 05:17:37,263 | INFO  | DNAudit | user=null | ip=null | op=WRITE_CHUNK {blockData=conID: 3 locID: 102704234571694534 bcsId: 1530} | ret=SUCCESS |  
2019-08-30 05:17:37,264 | INFO  | DNAudit | user=null | ip=null | op=PUT_BLOCK {blockData=[blockId=conID: 3 locID: 102704234571694534 bcsId: 0,size=4194304]} | ret=SUCCESS |  
2019-08-30 05:17:37,264 [grpc-default-executor-6] INFO  client.GrpcClientProtocolClient (GrpcClientProtocolClient.java:onNext(255)) - client-574492D41EE7->134d4672-e322-4e4b-b7f3-5645abb0fe8c: receive RaftClientReply:client-574492D41EE7->134d4672-e322-4e4b-b7f3-5645abb0fe8c@group-3CB1DFFBCDC2, cid=1115, SUCCESS, logIndex=1533, commits[134d4672-e322-4e4b-b7f3-5645abb0fe8c:c1534, 73af84f3-3e88-4c8c-894c-3ad307bcac8d:c1530, 730a25a1-dbec-44ed-975b-a44ab0096beb:c1530]
2019-08-30 05:17:37,265 [grpc-default-executor-6] INFO  client.GrpcClientProtocolClient (GrpcClientProtocolClient.java:onNext(255)) - client-574492D41EE7->134d4672-e322-4e4b-b7f3-5645abb0fe8c: receive RaftClientReply:client-574492D41EE7->134d4672-e322-4e4b-b7f3-5645abb0fe8c@group-3CB1DFFBCDC2, cid=1116, SUCCESS, logIndex=1534, commits[134d4672-e322-4e4b-b7f3-5645abb0fe8c:c1534, 73af84f3-3e88-4c8c-894c-3ad307bcac8d:c1530, 730a25a1-dbec-44ed-975b-a44ab0096beb:c1530]
2019-08-30 05:17:37,275 | INFO  | DNAudit | user=null | ip=null | op=WRITE_CHUNK {blockData=conID: 3 locID: 102704234571694534 bcsId: 1530} | ret=SUCCESS |  
2019-08-30 05:17:37,275 | INFO  | DNAudit | user=null | ip=null | op=WRITE_CHUNK {blockData=conID: 3 locID: 102704234571694534 bcsId: 1530} | ret=SUCCESS |  
2019-08-30 05:17:37,275 | INFO  | DNAudit | user=null | ip=null | op=PUT_BLOCK {blockData=[blockId=conID: 3 locID: 102704234571694534 bcsId: 0,size=4194304]} | ret=SUCCESS |  
2019-08-30 05:17:37,275 | INFO  | DNAudit | user=null | ip=null | op=PUT_BLOCK {blockData=[blockId=conID: 3 locID: 102704234571694534 bcsId: 0,size=4194304]} | ret=SUCCESS |  
2019-08-30 05:17:37,276 [grpc-default-executor-1] INFO  client.GrpcClientProtocolClient (GrpcClientProtocolClient.java:onNext(255)) - client-574492D41EE7->134d4672-e322-4e4b-b7f3-5645abb0fe8c: receive RaftClientReply:client-574492D41EE7->134d4672-e322-4e4b-b7f3-5645abb0fe8c@group-3CB1DFFBCDC2, cid=1117, SUCCESS, logIndex=0, commits[134d4672-e322-4e4b-b7f3-5645abb0fe8c:c1534, 73af84f3-3e88-4c8c-894c-3ad307bcac8d:c1534, 730a25a1-dbec-44ed-975b-a44ab0096beb:c1534]
2019-08-30 05:17:37,280 | INFO  | SCMAudit | user=jenkins1000 | ip=192.168.36.106 | op=SEND_HEARTBEAT {datanodeUUID=ea5d4b6b-4a08-401a-8c59-ecc1ca37daf5, command=[]} | ret=SUCCESS |  
 0.00% |█                                                                                                    |  0/1 Time: 0:00:062019-08-30 05:17:37,282 | INFO  | DNAudit | user=null | ip=null | op=WRITE_CHUNK {blockData=conID: 1 locID: 102704234571694535 bcsId: 0} | ret=SUCCESS |  
2019-08-30 05:17:37,285 | INFO  | DNAudit | user=null | ip=null | op=WRITE_CHUNK {blockData=conID: 1 locID: 102704234571694535 bcsId: 0} | ret=SUCCESS |  
2019-08-30 05:17:37,285 | INFO  | DNAudit | user=null | ip=null | op=WRITE_CHUNK {blockData=conID: 1 locID: 102704234571694535 bcsId: 0} | ret=SUCCESS |  
2019-08-30 05:17:37,285 | INFO  | DNAudit | user=null | ip=null | op=WRITE_CHUNK {blockData=conID: 1 locID: 102704234571694535 bcsId: 0} | ret=SUCCESS |  
2019-08-30 05:17:37,287 | INFO  | DNAudit | user=null | ip=null | op=WRITE_CHUNK {blockData=conID: 1 locID: 102704234571694535 bcsId: 0} | ret=SUCCESS |  
2019-08-30 05:17:37,287 | INFO  | DNAudit | user=null | ip=null | op=WRITE_CHUNK {blockData=conID: 1 locID: 102704234571694535 bcsId: 0} | ret=SUCCESS |  
2019-08-30 05:17:37,295 | INFO  | DNAudit | user=null | ip=null | op=WRITE_CHUNK {blockData=conID: 1 locID: 102704234571694535 bcsId: 0} | ret=SUCCESS |  
2019-08-30 05:17:37,295 | INFO  | DNAudit | user=null | ip=null | op=PUT_BLOCK {blockData=[blockId=conID: 1 locID: 102704234571694535 bcsId: 0,size=1048576]} | ret=SUCCESS |  
2019-08-30 05:17:37,295 [grpc-default-executor-6] INFO  client.GrpcClientProtocolClient (GrpcClientProtocolClient.java:onNext(255)) - client-574492D41EE7->134d4672-e322-4e4b-b7f3-5645abb0fe8c: receive RaftClientReply:client-574492D41EE7->134d4672-e322-4e4b-b7f3-5645abb0fe8c@group-3CB1DFFBCDC2, cid=1118, SUCCESS, logIndex=1537, commits[134d4672-e322-4e4b-b7f3-5645abb0fe8c:c1538, 73af84f3-3e88-4c8c-894c-3ad307bcac8d:c1536, 730a25a1-dbec-44ed-975b-a44ab0096beb:c1536]
2019-08-30 05:17:37,296 | INFO  | DNAudit | user=null | ip=null | op=WRITE_CHUNK {blockData=conID: 1 locID: 102704234571694535 bcsId: 0} | ret=SUCCESS |  
2019-08-30 05:17:37,296 [grpc-default-executor-5] INFO  client.GrpcClientProtocolClient (GrpcClientProtocolClient.java:onNext(255)) - client-574492D41EE7->134d4672-e322-4e4b-b7f3-5645abb0fe8c: receive RaftClientReply:client-574492D41EE7->134d4672-e322-4e4b-b7f3-5645abb0fe8c@group-3CB1DFFBCDC2, cid=1119, SUCCESS, logIndex=1538, commits[134d4672-e322-4e4b-b7f3-5645abb0fe8c:c1538, 73af84f3-3e88-4c8c-894c-3ad307bcac8d:c1536, 730a25a1-dbec-44ed-975b-a44ab0096beb:c1536]
2019-08-30 05:17:37,296 | INFO  | DNAudit | user=null | ip=null | op=PUT_BLOCK {blockData=[blockId=conID: 1 locID: 102704234571694535 bcsId: 0,size=2097152]} | ret=SUCCESS |  
2019-08-30 05:17:37,296 [grpc-default-executor-5] INFO  client.GrpcClientProtocolClient (GrpcClientProtocolClient.java:onNext(255)) - client-574492D41EE7->134d4672-e322-4e4b-b7f3-5645abb0fe8c: receive RaftClientReply:client-574492D41EE7->134d4672-e322-4e4b-b7f3-5645abb0fe8c@group-3CB1DFFBCDC2, cid=1120, SUCCESS, logIndex=1539, commits[134d4672-e322-4e4b-b7f3-5645abb0fe8c:c1540, 73af84f3-3e88-4c8c-894c-3ad307bcac8d:c1536, 730a25a1-dbec-44ed-975b-a44ab0096beb:c1536]
2019-08-30 05:17:37,296 | INFO  | DNAudit | user=null | ip=null | op=WRITE_CHUNK {blockData=conID: 1 locID: 102704234571694535 bcsId: 0} | ret=SUCCESS |  
2019-08-30 05:17:37,297 [grpc-default-executor-5] INFO  client.GrpcClientProtocolClient (GrpcClientProtocolClient.java:onNext(255)) - client-574492D41EE7->134d4672-e322-4e4b-b7f3-5645abb0fe8c: receive RaftClientReply:client-574492D41EE7->134d4672-e322-4e4b-b7f3-5645abb0fe8c@group-3CB1DFFBCDC2, cid=1121, SUCCESS, logIndex=1540, commits[134d4672-e322-4e4b-b7f3-5645abb0fe8c:c1540, 73af84f3-3e88-4c8c-894c-3ad307bcac8d:c1536, 730a25a1-dbec-44ed-975b-a44ab0096beb:c1536]
2019-08-30 05:17:37,297 | INFO  | DNAudit | user=null | ip=null | op=PUT_BLOCK {blockData=[blockId=conID: 1 locID: 102704234571694535 bcsId: 0,size=1048576]} | ret=SUCCESS |  
2019-08-30 05:17:37,299 | INFO  | DNAudit | user=null | ip=null | op=WRITE_CHUNK {blockData=conID: 1 locID: 102704234571694535 bcsId: 0} | ret=SUCCESS |  
2019-08-30 05:17:37,299 | INFO  | DNAudit | user=null | ip=null | op=PUT_BLOCK {blockData=[blockId=conID: 1 locID: 102704234571694535 bcsId: 0,size=1048576]} | ret=SUCCESS |  
2019-08-30 05:17:37,299 [grpc-default-executor-5] INFO  client.GrpcClientProtocolClient (GrpcClientProtocolClient.java:onNext(255)) - client-574492D41EE7->134d4672-e322-4e4b-b7f3-5645abb0fe8c: receive RaftClientReply:client-574492D41EE7->134d4672-e322-4e4b-b7f3-5645abb0fe8c@group-3CB1DFFBCDC2, cid=1122, SUCCESS, logIndex=0, commits[134d4672-e322-4e4b-b7f3-5645abb0fe8c:c1542, 73af84f3-3e88-4c8c-894c-3ad307bcac8d:c1538, 730a25a1-dbec-44ed-975b-a44ab0096beb:c1538]
2019-08-30 05:17:37,306 | INFO  | DNAudit | user=null | ip=null | op=WRITE_CHUNK {blockData=conID: 1 locID: 102704234571694535 bcsId: 1540} | ret=SUCCESS |  
2019-08-30 05:17:37,308 | INFO  | DNAudit | user=null | ip=null | op=WRITE_CHUNK {blockData=conID: 1 locID: 102704234571694535 bcsId: 1540} | ret=SUCCESS |  
2019-08-30 05:17:37,308 | INFO  | DNAudit | user=null | ip=null | op=WRITE_CHUNK {blockData=conID: 1 locID: 102704234571694535 bcsId: 1540} | ret=SUCCESS |  
2019-08-30 05:17:37,310 | INFO  | DNAudit | user=null | ip=null | op=WRITE_CHUNK {blockData=conID: 1 locID: 102704234571694535 bcsId: 0} | ret=SUCCESS |  
2019-08-30 05:17:37,310 | INFO  | DNAudit | user=null | ip=null | op=PUT_BLOCK {blockData=[blockId=conID: 1 locID: 102704234571694535 bcsId: 0,size=2097152]} | ret=SUCCESS |  
2019-08-30 05:17:37,310 | INFO  | DNAudit | user=null | ip=null | op=WRITE_CHUNK {blockData=conID: 1 locID: 102704234571694535 bcsId: 0} | ret=SUCCESS |  
2019-08-30 05:17:37,310 | INFO  | DNAudit | user=null | ip=null | op=PUT_BLOCK {blockData=[blockId=conID: 1 locID: 102704234571694535 bcsId: 0,size=2097152]} | ret=SUCCESS |  
2019-08-30 05:17:37,311 | INFO  | DNAudit | user=null | ip=null | op=WRITE_CHUNK {blockData=conID: 1 locID: 102704234571694535 bcsId: 1540} | ret=SUCCESS |  
2019-08-30 05:17:37,311 | INFO  | DNAudit | user=null | ip=null | op=PUT_BLOCK {blockData=[blockId=conID: 1 locID: 102704234571694535 bcsId: 0,size=3145728]} | ret=SUCCESS |  
2019-08-30 05:17:37,311 [grpc-default-executor-1] INFO  client.GrpcClientProtocolClient (GrpcClientProtocolClient.java:onNext(255)) - client-574492D41EE7->134d4672-e322-4e4b-b7f3-5645abb0fe8c: receive RaftClientReply:client-574492D41EE7->134d4672-e322-4e4b-b7f3-5645abb0fe8c@group-3CB1DFFBCDC2, cid=1123, SUCCESS, logIndex=1545, commits[134d4672-e322-4e4b-b7f3-5645abb0fe8c:c1546, 73af84f3-3e88-4c8c-894c-3ad307bcac8d:c1540, 730a25a1-dbec-44ed-975b-a44ab0096beb:c1542]
2019-08-30 05:17:37,312 [grpc-default-executor-1] INFO  client.GrpcClientProtocolClient (GrpcClientProtocolClient.java:onNext(255)) - client-574492D41EE7->134d4672-e322-4e4b-b7f3-5645abb0fe8c: receive RaftClientReply:client-574492D41EE7->134d4672-e322-4e4b-b7f3-5645abb0fe8c@group-3CB1DFFBCDC2, cid=1124, SUCCESS, logIndex=1546, commits[134d4672-e322-4e4b-b7f3-5645abb0fe8c:c1546, 73af84f3-3e88-4c8c-894c-3ad307bcac8d:c1542, 730a25a1-dbec-44ed-975b-a44ab0096beb:c1542]
2019-08-30 05:17:37,318 | INFO  | DNAudit | user=null | ip=null | op=WRITE_CHUNK {blockData=conID: 1 locID: 102704234571694535 bcsId: 1546} | ret=SUCCESS |  
2019-08-30 05:17:37,319 | INFO  | DNAudit | user=null | ip=null | op=WRITE_CHUNK {blockData=conID: 1 locID: 102704234571694535 bcsId: 1546} | ret=SUCCESS |  
2019-08-30 05:17:37,320 | INFO  | DNAudit | user=null | ip=null | op=WRITE_CHUNK {blockData=conID: 1 locID: 102704234571694535 bcsId: 1546} | ret=SUCCESS |  
2019-08-30 05:17:37,323 | INFO  | DNAudit | user=null | ip=null | op=WRITE_CHUNK {blockData=conID: 1 locID: 102704234571694535 bcsId: 1540} | ret=SUCCESS |  
2019-08-30 05:17:37,323 | INFO  | DNAudit | user=null | ip=null | op=WRITE_CHUNK {blockData=conID: 1 locID: 102704234571694535 bcsId: 1540} | ret=SUCCESS |  
2019-08-30 05:17:37,323 | INFO  | DNAudit | user=null | ip=null | op=PUT_BLOCK {blockData=[blockId=conID: 1 locID: 102704234571694535 bcsId: 0,size=3145728]} | ret=SUCCESS |  
2019-08-30 05:17:37,323 | INFO  | DNAudit | user=null | ip=null | op=PUT_BLOCK {blockData=[blockId=conID: 1 locID: 102704234571694535 bcsId: 0,size=3145728]} | ret=SUCCESS |  
2019-08-30 05:17:37,326 | INFO  | DNAudit | user=null | ip=null | op=WRITE_CHUNK {blockData=conID: 1 locID: 102704234571694535 bcsId: 1546} | ret=SUCCESS |  
2019-08-30 05:17:37,326 | INFO  | DNAudit | user=null | ip=null | op=PUT_BLOCK {blockData=[blockId=conID: 1 locID: 102704234571694535 bcsId: 0,size=4194304]} | ret=SUCCESS |  
2019-08-30 05:17:37,326 [grpc-default-executor-1] INFO  client.GrpcClientProtocolClient (GrpcClientProtocolClient.java:onNext(255)) - client-574492D41EE7->134d4672-e322-4e4b-b7f3-5645abb0fe8c: receive RaftClientReply:client-574492D41EE7->134d4672-e322-4e4b-b7f3-5645abb0fe8c@group-3CB1DFFBCDC2, cid=1125, SUCCESS, logIndex=1549, commits[134d4672-e322-4e4b-b7f3-5645abb0fe8c:c1550, 73af84f3-3e88-4c8c-894c-3ad307bcac8d:c1546, 730a25a1-dbec-44ed-975b-a44ab0096beb:c1546]
2019-08-30 05:17:37,326 [grpc-default-executor-1] INFO  client.GrpcClientProtocolClient (GrpcClientProtocolClient.java:onNext(255)) - client-574492D41EE7->134d4672-e322-4e4b-b7f3-5645abb0fe8c: receive RaftClientReply:client-574492D41EE7->134d4672-e322-4e4b-b7f3-5645abb0fe8c@group-3CB1DFFBCDC2, cid=1126, SUCCESS, logIndex=1550, commits[134d4672-e322-4e4b-b7f3-5645abb0fe8c:c1550, 73af84f3-3e88-4c8c-894c-3ad307bcac8d:c1546, 730a25a1-dbec-44ed-975b-a44ab0096beb:c1546]
2019-08-30 05:17:37,337 | INFO  | DNAudit | user=null | ip=null | op=WRITE_CHUNK {blockData=conID: 1 locID: 102704234571694535 bcsId: 1546} | ret=SUCCESS |  
2019-08-30 05:17:37,338 | INFO  | DNAudit | user=null | ip=null | op=WRITE_CHUNK {blockData=conID: 1 locID: 102704234571694535 bcsId: 1546} | ret=SUCCESS |  
2019-08-30 05:17:37,340 | INFO  | DNAudit | user=null | ip=null | op=PUT_BLOCK {blockData=[blockId=conID: 1 locID: 102704234571694535 bcsId: 0,size=4194304]} | ret=SUCCESS |  
2019-08-30 05:17:37,340 | INFO  | DNAudit | user=null | ip=null | op=PUT_BLOCK {blockData=[blockId=conID: 1 locID: 102704234571694535 bcsId: 0,size=4194304]} | ret=SUCCESS |  
2019-08-30 05:17:37,341 [grpc-default-executor-1] INFO  client.GrpcClientProtocolClient (GrpcClientProtocolClient.java:onNext(255)) - client-574492D41EE7->134d4672-e322-4e4b-b7f3-5645abb0fe8c: receive RaftClientReply:client-574492D41EE7->134d4672-e322-4e4b-b7f3-5645abb0fe8c@group-3CB1DFFBCDC2, cid=1127, SUCCESS, logIndex=0, commits[134d4672-e322-4e4b-b7f3-5645abb0fe8c:c1552, 73af84f3-3e88-4c8c-894c-3ad307bcac8d:c1550, 730a25a1-dbec-44ed-975b-a44ab0096beb:c1550]
2019-08-30 05:17:37,347 | INFO  | DNAudit | user=null | ip=null | op=WRITE_CHUNK {blockData=conID: 2 locID: 102704234571694536 bcsId: 0} | ret=SUCCESS |  
2019-08-30 05:17:37,349 | INFO  | DNAudit | user=null | ip=null | op=WRITE_CHUNK {blockData=conID: 2 locID: 102704234571694536 bcsId: 0} | ret=SUCCESS |  
2019-08-30 05:17:37,349 | INFO  | DNAudit | user=null | ip=null | op=WRITE_CHUNK {blockData=conID: 2 locID: 102704234571694536 bcsId: 0} | ret=SUCCESS |  
2019-08-30 05:17:37,349 | INFO  | DNAudit | user=null | ip=null | op=WRITE_CHUNK {blockData=conID: 2 locID: 102704234571694536 bcsId: 0} | ret=SUCCESS |  
2019-08-30 05:17:37,351 | INFO  | DNAudit | user=null | ip=null | op=WRITE_CHUNK {blockData=conID: 2 locID: 102704234571694536 bcsId: 0} | ret=SUCCESS |  
2019-08-30 05:17:37,351 | INFO  | DNAudit | user=null | ip=null | op=WRITE_CHUNK {blockData=conID: 2 locID: 102704234571694536 bcsId: 0} | ret=SUCCESS |  
2019-08-30 05:17:37,358 | INFO  | DNAudit | user=null | ip=null | op=WRITE_CHUNK {blockData=conID: 2 locID: 102704234571694536 bcsId: 0} | ret=SUCCESS |  
2019-08-30 05:17:37,358 | INFO  | DNAudit | user=null | ip=null | op=PUT_BLOCK {blockData=[blockId=conID: 2 locID: 102704234571694536 bcsId: 0,size=1048576]} | ret=SUCCESS |  
2019-08-30 05:17:37,359 | INFO  | DNAudit | user=null | ip=null | op=WRITE_CHUNK {blockData=conID: 2 locID: 102704234571694536 bcsId: 0} | ret=SUCCESS |  
2019-08-30 05:17:37,359 [grpc-default-executor-5] INFO  client.GrpcClientProtocolClient (GrpcClientProtocolClient.java:onNext(255)) - client-574492D41EE7->134d4672-e322-4e4b-b7f3-5645abb0fe8c: receive RaftClientReply:client-574492D41EE7->134d4672-e322-4e4b-b7f3-5645abb0fe8c@group-3CB1DFFBCDC2, cid=1128, SUCCESS, logIndex=1553, commits[134d4672-e322-4e4b-b7f3-5645abb0fe8c:c1554, 73af84f3-3e88-4c8c-894c-3ad307bcac8d:c1552, 730a25a1-dbec-44ed-975b-a44ab0096beb:c1552]
2019-08-30 05:17:37,359 | INFO  | DNAudit | user=null | ip=null | op=PUT_BLOCK {blockData=[blockId=conID: 2 locID: 102704234571694536 bcsId: 0,size=2097152]} | ret=SUCCESS |  
2019-08-30 05:17:37,359 [grpc-default-executor-5] INFO  client.GrpcClientProtocolClient (GrpcClientProtocolClient.java:onNext(255)) - client-574492D41EE7->134d4672-e322-4e4b-b7f3-5645abb0fe8c: receive RaftClientReply:client-574492D41EE7->134d4672-e322-4e4b-b7f3-5645abb0fe8c@group-3CB1DFFBCDC2, cid=1129, SUCCESS, logIndex=1554, commits[134d4672-e322-4e4b-b7f3-5645abb0fe8c:c1556, 73af84f3-3e88-4c8c-894c-3ad307bcac8d:c1552, 730a25a1-dbec-44ed-975b-a44ab0096beb:c1552]
2019-08-30 05:17:37,359 [grpc-default-executor-5] INFO  client.GrpcClientProtocolClient (GrpcClientProtocolClient.java:onNext(255)) - client-574492D41EE7->134d4672-e322-4e4b-b7f3-5645abb0fe8c: receive RaftClientReply:client-574492D41EE7->134d4672-e322-4e4b-b7f3-5645abb0fe8c@group-3CB1DFFBCDC2, cid=1130, SUCCESS, logIndex=1555, commits[134d4672-e322-4e4b-b7f3-5645abb0fe8c:c1556, 73af84f3-3e88-4c8c-894c-3ad307bcac8d:c1552, 730a25a1-dbec-44ed-975b-a44ab0096beb:c1552]
2019-08-30 05:17:37,359 [grpc-default-executor-5] INFO  client.GrpcClientProtocolClient (GrpcClientProtocolClient.java:onNext(255)) - client-574492D41EE7->134d4672-e322-4e4b-b7f3-5645abb0fe8c: receive RaftClientReply:client-574492D41EE7->134d4672-e322-4e4b-b7f3-5645abb0fe8c@group-3CB1DFFBCDC2, cid=1131, SUCCESS, logIndex=1556, commits[134d4672-e322-4e4b-b7f3-5645abb0fe8c:c1556, 73af84f3-3e88-4c8c-894c-3ad307bcac8d:c1552, 730a25a1-dbec-44ed-975b-a44ab0096beb:c1552]
2019-08-30 05:17:37,361 | INFO  | DNAudit | user=null | ip=null | op=WRITE_CHUNK {blockData=conID: 2 locID: 102704234571694536 bcsId: 0} | ret=SUCCESS |  
2019-08-30 05:17:37,361 | INFO  | DNAudit | user=null | ip=null | op=WRITE_CHUNK {blockData=conID: 2 locID: 102704234571694536 bcsId: 0} | ret=SUCCESS |  
2019-08-30 05:17:37,361 | INFO  | DNAudit | user=null | ip=null | op=PUT_BLOCK {blockData=[blockId=conID: 2 locID: 102704234571694536 bcsId: 0,size=1048576]} | ret=SUCCESS |  
2019-08-30 05:17:37,362 | INFO  | DNAudit | user=null | ip=null | op=PUT_BLOCK {blockData=[blockId=conID: 2 locID: 102704234571694536 bcsId: 0,size=1048576]} | ret=SUCCESS |  
2019-08-30 05:17:37,362 | INFO  | DNAudit | user=null | ip=null | op=WRITE_CHUNK {blockData=conID: 2 locID: 102704234571694536 bcsId: 0} | ret=SUCCESS |  
2019-08-30 05:17:37,363 | INFO  | DNAudit | user=null | ip=null | op=PUT_BLOCK {blockData=[blockId=conID: 2 locID: 102704234571694536 bcsId: 0,size=2097152]} | ret=SUCCESS |  
2019-08-30 05:17:37,363 | INFO  | DNAudit | user=null | ip=null | op=WRITE_CHUNK {blockData=conID: 2 locID: 102704234571694536 bcsId: 0} | ret=SUCCESS |  
2019-08-30 05:17:37,363 | INFO  | DNAudit | user=null | ip=null | op=PUT_BLOCK {blockData=[blockId=conID: 2 locID: 102704234571694536 bcsId: 0,size=2097152]} | ret=SUCCESS |  
2019-08-30 05:17:37,363 [grpc-default-executor-5] INFO  client.GrpcClientProtocolClient (GrpcClientProtocolClient.java:onNext(255)) - client-574492D41EE7->134d4672-e322-4e4b-b7f3-5645abb0fe8c: receive RaftClientReply:client-574492D41EE7->134d4672-e322-4e4b-b7f3-5645abb0fe8c@group-3CB1DFFBCDC2, cid=1132, SUCCESS, logIndex=0, commits[134d4672-e322-4e4b-b7f3-5645abb0fe8c:c1558, 73af84f3-3e88-4c8c-894c-3ad307bcac8d:c1556, 730a25a1-dbec-44ed-975b-a44ab0096beb:c1554]
2019-08-30 05:17:37,473 | INFO  | SCMAudit | user=jenkins1000 | ip=192.168.36.106 | op=SEND_HEARTBEAT {datanodeUUID=b91a4442-fd83-4a66-bee2-5c7959dbabc3, command=[]} | ret=SUCCESS |  
2019-08-30 05:17:37,475 | INFO  | DNAudit | user=null | ip=null | op=WRITE_CHUNK {blockData=conID: 2 locID: 102704234571694536 bcsId: 1556} | ret=SUCCESS |  
2019-08-30 05:17:37,477 | INFO  | DNAudit | user=null | ip=null | op=WRITE_CHUNK {blockData=conID: 2 locID: 102704234571694536 bcsId: 1556} | ret=SUCCESS |  
2019-08-30 05:17:37,477 | INFO  | DNAudit | user=null | ip=null | op=WRITE_CHUNK {blockData=conID: 2 locID: 102704234571694536 bcsId: 1556} | ret=SUCCESS |  
2019-08-30 05:17:37,487 | INFO  | DNAudit | user=null | ip=null | op=WRITE_CHUNK {blockData=conID: 2 locID: 102704234571694536 bcsId: 1556} | ret=SUCCESS |  
2019-08-30 05:17:37,488 | INFO  | DNAudit | user=null | ip=null | op=PUT_BLOCK {blockData=[blockId=conID: 2 locID: 102704234571694536 bcsId: 0,size=3145728]} | ret=SUCCESS |  
2019-08-30 05:17:37,488 [grpc-default-executor-3] INFO  client.GrpcClientProtocolClient (GrpcClientProtocolClient.java:onNext(255)) - client-574492D41EE7->134d4672-e322-4e4b-b7f3-5645abb0fe8c: receive RaftClientReply:client-574492D41EE7->134d4672-e322-4e4b-b7f3-5645abb0fe8c@group-3CB1DFFBCDC2, cid=1133, SUCCESS, logIndex=1560, commits[134d4672-e322-4e4b-b7f3-5645abb0fe8c:c1561, 73af84f3-3e88-4c8c-894c-3ad307bcac8d:c1559, 730a25a1-dbec-44ed-975b-a44ab0096beb:c1559]
2019-08-30 05:17:37,489 [grpc-default-executor-3] INFO  client.GrpcClientProtocolClient (GrpcClientProtocolClient.java:onNext(255)) - client-574492D41EE7->134d4672-e322-4e4b-b7f3-5645abb0fe8c: receive RaftClientReply:client-574492D41EE7->134d4672-e322-4e4b-b7f3-5645abb0fe8c@group-3CB1DFFBCDC2, cid=1134, SUCCESS, logIndex=1561, commits[134d4672-e322-4e4b-b7f3-5645abb0fe8c:c1561, 73af84f3-3e88-4c8c-894c-3ad307bcac8d:c1559, 730a25a1-dbec-44ed-975b-a44ab0096beb:c1559]
2019-08-30 05:17:37,495 | INFO  | DNAudit | user=null | ip=null | op=WRITE_CHUNK {blockData=conID: 2 locID: 102704234571694536 bcsId: 1561} | ret=SUCCESS |  
2019-08-30 05:17:37,498 | INFO  | DNAudit | user=null | ip=null | op=WRITE_CHUNK {blockData=conID: 2 locID: 102704234571694536 bcsId: 1561} | ret=SUCCESS |  
2019-08-30 05:17:37,498 | INFO  | DNAudit | user=null | ip=null | op=WRITE_CHUNK {blockData=conID: 2 locID: 102704234571694536 bcsId: 1561} | ret=SUCCESS |  
2019-08-30 05:17:37,499 | INFO  | DNAudit | user=null | ip=null | op=WRITE_CHUNK {blockData=conID: 2 locID: 102704234571694536 bcsId: 1556} | ret=SUCCESS |  
2019-08-30 05:17:37,499 | INFO  | DNAudit | user=null | ip=null | op=WRITE_CHUNK {blockData=conID: 2 locID: 102704234571694536 bcsId: 1556} | ret=SUCCESS |  
2019-08-30 05:17:37,499 | INFO  | DNAudit | user=null | ip=null | op=PUT_BLOCK {blockData=[blockId=conID: 2 locID: 102704234571694536 bcsId: 0,size=3145728]} | ret=SUCCESS |  
2019-08-30 05:17:37,499 | INFO  | DNAudit | user=null | ip=null | op=PUT_BLOCK {blockData=[blockId=conID: 2 locID: 102704234571694536 bcsId: 0,size=3145728]} | ret=SUCCESS |  
2019-08-30 05:17:37,500 | INFO  | DNAudit | user=null | ip=null | op=WRITE_CHUNK {blockData=conID: 2 locID: 102704234571694536 bcsId: 1561} | ret=SUCCESS |  
2019-08-30 05:17:37,501 | INFO  | DNAudit | user=null | ip=null | op=PUT_BLOCK {blockData=[blockId=conID: 2 locID: 102704234571694536 bcsId: 0,size=4194304]} | ret=SUCCESS |  
2019-08-30 05:17:37,501 [grpc-default-executor-3] INFO  client.GrpcClientProtocolClient (GrpcClientProtocolClient.java:onNext(255)) - client-574492D41EE7->134d4672-e322-4e4b-b7f3-5645abb0fe8c: receive RaftClientReply:client-574492D41EE7->134d4672-e322-4e4b-b7f3-5645abb0fe8c@group-3CB1DFFBCDC2, cid=1135, SUCCESS, logIndex=1564, commits[134d4672-e322-4e4b-b7f3-5645abb0fe8c:c1565, 73af84f3-3e88-4c8c-894c-3ad307bcac8d:c1561, 730a25a1-dbec-44ed-975b-a44ab0096beb:c1561]
2019-08-30 05:17:37,502 [grpc-default-executor-3] INFO  client.GrpcClientProtocolClient (GrpcClientProtocolClient.java:onNext(255)) - client-574492D41EE7->134d4672-e322-4e4b-b7f3-5645abb0fe8c: receive RaftClientReply:client-574492D41EE7->134d4672-e322-4e4b-b7f3-5645abb0fe8c@group-3CB1DFFBCDC2, cid=1136, SUCCESS, logIndex=1565, commits[134d4672-e322-4e4b-b7f3-5645abb0fe8c:c1565, 73af84f3-3e88-4c8c-894c-3ad307bcac8d:c1561, 730a25a1-dbec-44ed-975b-a44ab0096beb:c1561]
2019-08-30 05:17:37,512 | INFO  | DNAudit | user=null | ip=null | op=WRITE_CHUNK {blockData=conID: 2 locID: 102704234571694536 bcsId: 1561} | ret=SUCCESS |  
2019-08-30 05:17:37,512 | INFO  | DNAudit | user=null | ip=null | op=WRITE_CHUNK {blockData=conID: 2 locID: 102704234571694536 bcsId: 1561} | ret=SUCCESS |  
2019-08-30 05:17:37,515 | INFO  | DNAudit | user=null | ip=null | op=PUT_BLOCK {blockData=[blockId=conID: 2 locID: 102704234571694536 bcsId: 0,size=4194304]} | ret=SUCCESS |  
2019-08-30 05:17:37,515 | INFO  | DNAudit | user=null | ip=null | op=PUT_BLOCK {blockData=[blockId=conID: 2 locID: 102704234571694536 bcsId: 0,size=4194304]} | ret=SUCCESS |  
2019-08-30 05:17:37,515 [grpc-default-executor-1] INFO  client.GrpcClientProtocolClient (GrpcClientProtocolClient.java:onNext(255)) - client-574492D41EE7->134d4672-e322-4e4b-b7f3-5645abb0fe8c: receive RaftClientReply:client-574492D41EE7->134d4672-e322-4e4b-b7f3-5645abb0fe8c@group-3CB1DFFBCDC2, cid=1137, SUCCESS, logIndex=0, commits[134d4672-e322-4e4b-b7f3-5645abb0fe8c:c1566, 73af84f3-3e88-4c8c-894c-3ad307bcac8d:c1565, 730a25a1-dbec-44ed-975b-a44ab0096beb:c1565]
2019-08-30 05:17:37,522 | INFO  | DNAudit | user=null | ip=null | op=WRITE_CHUNK {blockData=conID: 3 locID: 102704234571694537 bcsId: 0} | ret=SUCCESS |  
2019-08-30 05:17:37,525 | INFO  | DNAudit | user=null | ip=null | op=WRITE_CHUNK {blockData=conID: 3 locID: 102704234571694537 bcsId: 0} | ret=SUCCESS |  
2019-08-30 05:17:37,525 | INFO  | DNAudit | user=null | ip=null | op=WRITE_CHUNK {blockData=conID: 3 locID: 102704234571694537 bcsId: 0} | ret=SUCCESS |  
2019-08-30 05:17:37,525 | INFO  | DNAudit | user=null | ip=null | op=WRITE_CHUNK {blockData=conID: 3 locID: 102704234571694537 bcsId: 0} | ret=SUCCESS |  
2019-08-30 05:17:37,528 | INFO  | DNAudit | user=null | ip=null | op=WRITE_CHUNK {blockData=conID: 3 locID: 102704234571694537 bcsId: 0} | ret=SUCCESS |  
2019-08-30 05:17:37,528 | INFO  | DNAudit | user=null | ip=null | op=WRITE_CHUNK {blockData=conID: 3 locID: 102704234571694537 bcsId: 0} | ret=SUCCESS |  
2019-08-30 05:17:37,535 | INFO  | DNAudit | user=null | ip=null | op=WRITE_CHUNK {blockData=conID: 3 locID: 102704234571694537 bcsId: 0} | ret=SUCCESS |  
2019-08-30 05:17:37,535 | INFO  | DNAudit | user=null | ip=null | op=PUT_BLOCK {blockData=[blockId=conID: 3 locID: 102704234571694537 bcsId: 0,size=1048576]} | ret=SUCCESS |  
2019-08-30 05:17:37,535 [grpc-default-executor-1] INFO  client.GrpcClientProtocolClient (GrpcClientProtocolClient.java:onNext(255)) - client-574492D41EE7->134d4672-e322-4e4b-b7f3-5645abb0fe8c: receive RaftClientReply:client-574492D41EE7->134d4672-e322-4e4b-b7f3-5645abb0fe8c@group-3CB1DFFBCDC2, cid=1138, SUCCESS, logIndex=1568, commits[134d4672-e322-4e4b-b7f3-5645abb0fe8c:c1569, 73af84f3-3e88-4c8c-894c-3ad307bcac8d:c1567, 730a25a1-dbec-44ed-975b-a44ab0096beb:c1567]
2019-08-30 05:17:37,536 | INFO  | DNAudit | user=null | ip=null | op=WRITE_CHUNK {blockData=conID: 3 locID: 102704234571694537 bcsId: 0} | ret=SUCCESS |  
2019-08-30 05:17:37,536 [grpc-default-executor-1] INFO  client.GrpcClientProtocolClient (GrpcClientProtocolClient.java:onNext(255)) - client-574492D41EE7->134d4672-e322-4e4b-b7f3-5645abb0fe8c: receive RaftClientReply:client-574492D41EE7->134d4672-e322-4e4b-b7f3-5645abb0fe8c@group-3CB1DFFBCDC2, cid=1139, SUCCESS, logIndex=1569, commits[134d4672-e322-4e4b-b7f3-5645abb0fe8c:c1569, 73af84f3-3e88-4c8c-894c-3ad307bcac8d:c1567, 730a25a1-dbec-44ed-975b-a44ab0096beb:c1567]
2019-08-30 05:17:37,536 | INFO  | DNAudit | user=null | ip=null | op=PUT_BLOCK {blockData=[blockId=conID: 3 locID: 102704234571694537 bcsId: 0,size=2097152]} | ret=SUCCESS |  
2019-08-30 05:17:37,536 [grpc-default-executor-1] INFO  client.GrpcClientProtocolClient (GrpcClientProtocolClient.java:onNext(255)) - client-574492D41EE7->134d4672-e322-4e4b-b7f3-5645abb0fe8c: receive RaftClientReply:client-574492D41EE7->134d4672-e322-4e4b-b7f3-5645abb0fe8c@group-3CB1DFFBCDC2, cid=1140, SUCCESS, logIndex=1570, commits[134d4672-e322-4e4b-b7f3-5645abb0fe8c:c1571, 73af84f3-3e88-4c8c-894c-3ad307bcac8d:c1567, 730a25a1-dbec-44ed-975b-a44ab0096beb:c1567]
2019-08-30 05:17:37,536 [grpc-default-executor-1] INFO  client.GrpcClientProtocolClient (GrpcClientProtocolClient.java:onNext(255)) - client-574492D41EE7->134d4672-e322-4e4b-b7f3-5645abb0fe8c: receive RaftClientReply:client-574492D41EE7->134d4672-e322-4e4b-b7f3-5645abb0fe8c@group-3CB1DFFBCDC2, cid=1141, SUCCESS, logIndex=1571, commits[134d4672-e322-4e4b-b7f3-5645abb0fe8c:c1571, 73af84f3-3e88-4c8c-894c-3ad307bcac8d:c1567, 730a25a1-dbec-44ed-975b-a44ab0096beb:c1567]
2019-08-30 05:17:37,537 | INFO  | DNAudit | user=null | ip=null | op=WRITE_CHUNK {blockData=conID: 3 locID: 102704234571694537 bcsId: 0} | ret=SUCCESS |  
2019-08-30 05:17:37,537 | INFO  | DNAudit | user=null | ip=null | op=WRITE_CHUNK {blockData=conID: 3 locID: 102704234571694537 bcsId: 0} | ret=SUCCESS |  
2019-08-30 05:17:37,537 | INFO  | DNAudit | user=null | ip=null | op=PUT_BLOCK {blockData=[blockId=conID: 3 locID: 102704234571694537 bcsId: 0,size=1048576]} | ret=SUCCESS |  
2019-08-30 05:17:37,538 | INFO  | DNAudit | user=null | ip=null | op=PUT_BLOCK {blockData=[blockId=conID: 3 locID: 102704234571694537 bcsId: 0,size=1048576]} | ret=SUCCESS |  
2019-08-30 05:17:37,538 | INFO  | DNAudit | user=null | ip=null | op=WRITE_CHUNK {blockData=conID: 3 locID: 102704234571694537 bcsId: 0} | ret=SUCCESS |  
2019-08-30 05:17:37,538 | INFO  | DNAudit | user=null | ip=null | op=PUT_BLOCK {blockData=[blockId=conID: 3 locID: 102704234571694537 bcsId: 0,size=2097152]} | ret=SUCCESS |  
2019-08-30 05:17:37,538 [grpc-default-executor-1] INFO  client.GrpcClientProtocolClient (GrpcClientProtocolClient.java:onNext(255)) - client-574492D41EE7->134d4672-e322-4e4b-b7f3-5645abb0fe8c: receive RaftClientReply:client-574492D41EE7->134d4672-e322-4e4b-b7f3-5645abb0fe8c@group-3CB1DFFBCDC2, cid=1142, SUCCESS, logIndex=0, commits[134d4672-e322-4e4b-b7f3-5645abb0fe8c:c1573, 73af84f3-3e88-4c8c-894c-3ad307bcac8d:c1569, 730a25a1-dbec-44ed-975b-a44ab0096beb:c1569]
2019-08-30 05:17:37,538 | INFO  | DNAudit | user=null | ip=null | op=WRITE_CHUNK {blockData=conID: 3 locID: 102704234571694537 bcsId: 0} | ret=SUCCESS |  
2019-08-30 05:17:37,538 | INFO  | DNAudit | user=null | ip=null | op=PUT_BLOCK {blockData=[blockId=conID: 3 locID: 102704234571694537 bcsId: 0,size=2097152]} | ret=SUCCESS |  
2019-08-30 05:17:37,544 | INFO  | DNAudit | user=null | ip=null | op=WRITE_CHUNK {blockData=conID: 3 locID: 102704234571694537 bcsId: 1571} | ret=SUCCESS |  
2019-08-30 05:17:37,546 | INFO  | DNAudit | user=null | ip=null | op=WRITE_CHUNK {blockData=conID: 3 locID: 102704234571694537 bcsId: 1571} | ret=SUCCESS |  
2019-08-30 05:17:37,546 | INFO  | DNAudit | user=null | ip=null | op=WRITE_CHUNK {blockData=conID: 3 locID: 102704234571694537 bcsId: 1571} | ret=SUCCESS |  
2019-08-30 05:17:37,557 | INFO  | DNAudit | user=null | ip=null | op=WRITE_CHUNK {blockData=conID: 3 locID: 102704234571694537 bcsId: 1571} | ret=SUCCESS |  
2019-08-30 05:17:37,557 | INFO  | DNAudit | user=null | ip=null | op=PUT_BLOCK {blockData=[blockId=conID: 3 locID: 102704234571694537 bcsId: 0,size=3145728]} | ret=SUCCESS |  
2019-08-30 05:17:37,557 [grpc-default-executor-1] INFO  client.GrpcClientProtocolClient (GrpcClientProtocolClient.java:onNext(255)) - client-574492D41EE7->134d4672-e322-4e4b-b7f3-5645abb0fe8c: receive RaftClientReply:client-574492D41EE7->134d4672-e322-4e4b-b7f3-5645abb0fe8c@group-3CB1DFFBCDC2, cid=1143, SUCCESS, logIndex=1576, commits[134d4672-e322-4e4b-b7f3-5645abb0fe8c:c1577, 73af84f3-3e88-4c8c-894c-3ad307bcac8d:c1575, 730a25a1-dbec-44ed-975b-a44ab0096beb:c1575]
2019-08-30 05:17:37,557 [grpc-default-executor-1] INFO  client.GrpcClientProtocolClient (GrpcClientProtocolClient.java:onNext(255)) - client-574492D41EE7->134d4672-e322-4e4b-b7f3-5645abb0fe8c: receive RaftClientReply:client-574492D41EE7->134d4672-e322-4e4b-b7f3-5645abb0fe8c@group-3CB1DFFBCDC2, cid=1144, SUCCESS, logIndex=1577, commits[134d4672-e322-4e4b-b7f3-5645abb0fe8c:c1577, 73af84f3-3e88-4c8c-894c-3ad307bcac8d:c1575, 730a25a1-dbec-44ed-975b-a44ab0096beb:c1575]
2019-08-30 05:17:37,567 | INFO  | DNAudit | user=null | ip=null | op=WRITE_CHUNK {blockData=conID: 3 locID: 102704234571694537 bcsId: 1577} | ret=SUCCESS |  
2019-08-30 05:17:37,568 | INFO  | DNAudit | user=null | ip=null | op=WRITE_CHUNK {blockData=conID: 3 locID: 102704234571694537 bcsId: 1571} | ret=SUCCESS |  
2019-08-30 05:17:37,568 | INFO  | DNAudit | user=null | ip=null | op=WRITE_CHUNK {blockData=conID: 3 locID: 102704234571694537 bcsId: 1571} | ret=SUCCESS |  
2019-08-30 05:17:37,569 | INFO  | DNAudit | user=null | ip=null | op=WRITE_CHUNK {blockData=conID: 3 locID: 102704234571694537 bcsId: 1577} | ret=SUCCESS |  
2019-08-30 05:17:37,569 | INFO  | DNAudit | user=null | ip=null | op=WRITE_CHUNK {blockData=conID: 3 locID: 102704234571694537 bcsId: 1577} | ret=SUCCESS |  
2019-08-30 05:17:37,569 | INFO  | DNAudit | user=null | ip=null | op=PUT_BLOCK {blockData=[blockId=conID: 3 locID: 102704234571694537 bcsId: 0,size=3145728]} | ret=SUCCESS |  
2019-08-30 05:17:37,581 | INFO  | DNAudit | user=null | ip=null | op=PUT_BLOCK {blockData=[blockId=conID: 3 locID: 102704234571694537 bcsId: 0,size=3145728]} | ret=SUCCESS |  
2019-08-30 05:17:37,581 | INFO  | DNAudit | user=null | ip=null | op=WRITE_CHUNK {blockData=conID: 3 locID: 102704234571694537 bcsId: 1577} | ret=SUCCESS |  
2019-08-30 05:17:37,582 | INFO  | DNAudit | user=null | ip=null | op=PUT_BLOCK {blockData=[blockId=conID: 3 locID: 102704234571694537 bcsId: 0,size=4194304]} | ret=SUCCESS |  
2019-08-30 05:17:37,582 [grpc-default-executor-5] INFO  client.GrpcClientProtocolClient (GrpcClientProtocolClient.java:onNext(255)) - client-574492D41EE7->134d4672-e322-4e4b-b7f3-5645abb0fe8c: receive RaftClientReply:client-574492D41EE7->134d4672-e322-4e4b-b7f3-5645abb0fe8c@group-3CB1DFFBCDC2, cid=1145, SUCCESS, logIndex=1580, commits[134d4672-e322-4e4b-b7f3-5645abb0fe8c:c1581, 73af84f3-3e88-4c8c-894c-3ad307bcac8d:c1577, 730a25a1-dbec-44ed-975b-a44ab0096beb:c1577]
2019-08-30 05:17:37,582 | INFO  | DNAudit | user=null | ip=null | op=WRITE_CHUNK {blockData=conID: 3 locID: 102704234571694537 bcsId: 1577} | ret=SUCCESS |  
2019-08-30 05:17:37,583 | INFO  | DNAudit | user=null | ip=null | op=WRITE_CHUNK {blockData=conID: 3 locID: 102704234571694537 bcsId: 1577} | ret=SUCCESS |  
2019-08-30 05:17:37,583 | INFO  | DNAudit | user=null | ip=null | op=PUT_BLOCK {blockData=[blockId=conID: 3 locID: 102704234571694537 bcsId: 0,size=4194304]} | ret=SUCCESS |  
2019-08-30 05:17:37,583 [grpc-default-executor-3] INFO  client.GrpcClientProtocolClient (GrpcClientProtocolClient.java:onNext(255)) - client-574492D41EE7->134d4672-e322-4e4b-b7f3-5645abb0fe8c: receive RaftClientReply:client-574492D41EE7->134d4672-e322-4e4b-b7f3-5645abb0fe8c@group-3CB1DFFBCDC2, cid=1146, SUCCESS, logIndex=1581, commits[134d4672-e322-4e4b-b7f3-5645abb0fe8c:c1581, 73af84f3-3e88-4c8c-894c-3ad307bcac8d:c1577, 730a25a1-dbec-44ed-975b-a44ab0096beb:c1577]
2019-08-30 05:17:37,583 | INFO  | DNAudit | user=null | ip=null | op=PUT_BLOCK {blockData=[blockId=conID: 3 locID: 102704234571694537 bcsId: 0,size=4194304]} | ret=SUCCESS |  
2019-08-30 05:17:37,584 [grpc-default-executor-3] INFO  client.GrpcClientProtocolClient (GrpcClientProtocolClient.java:onNext(255)) - client-574492D41EE7->134d4672-e322-4e4b-b7f3-5645abb0fe8c: receive RaftClientReply:client-574492D41EE7->134d4672-e322-4e4b-b7f3-5645abb0fe8c@group-3CB1DFFBCDC2, cid=1147, SUCCESS, logIndex=0, commits[134d4672-e322-4e4b-b7f3-5645abb0fe8c:c1582, 73af84f3-3e88-4c8c-894c-3ad307bcac8d:c1581, 730a25a1-dbec-44ed-975b-a44ab0096beb:c1581]
2019-08-30 05:17:37,592 | INFO  | DNAudit | user=null | ip=null | op=WRITE_CHUNK {blockData=conID: 1 locID: 102704234571694538 bcsId: 0} | ret=SUCCESS |  
2019-08-30 05:17:37,594 | INFO  | DNAudit | user=null | ip=null | op=WRITE_CHUNK {blockData=conID: 1 locID: 102704234571694538 bcsId: 0} | ret=SUCCESS |  
2019-08-30 05:17:37,595 | INFO  | DNAudit | user=null | ip=null | op=WRITE_CHUNK {blockData=conID: 1 locID: 102704234571694538 bcsId: 0} | ret=SUCCESS |  
2019-08-30 05:17:37,595 | INFO  | DNAudit | user=null | ip=null | op=WRITE_CHUNK {blockData=conID: 1 locID: 102704234571694538 bcsId: 0} | ret=SUCCESS |  
2019-08-30 05:17:37,598 | INFO  | DNAudit | user=null | ip=null | op=WRITE_CHUNK {blockData=conID: 1 locID: 102704234571694538 bcsId: 0} | ret=SUCCESS |  
2019-08-30 05:17:37,598 | INFO  | DNAudit | user=null | ip=null | op=WRITE_CHUNK {blockData=conID: 1 locID: 102704234571694538 bcsId: 0} | ret=SUCCESS |  
2019-08-30 05:17:37,604 | INFO  | DNAudit | user=null | ip=null | op=WRITE_CHUNK {blockData=conID: 1 locID: 102704234571694538 bcsId: 0} | ret=SUCCESS |  
2019-08-30 05:17:37,605 | INFO  | DNAudit | user=null | ip=null | op=PUT_BLOCK {blockData=[blockId=conID: 1 locID: 102704234571694538 bcsId: 0,size=1048576]} | ret=SUCCESS |  
2019-08-30 05:17:37,605 [grpc-default-executor-1] INFO  client.GrpcClientProtocolClient (GrpcClientProtocolClient.java:onNext(255)) - client-574492D41EE7->134d4672-e322-4e4b-b7f3-5645abb0fe8c: receive RaftClientReply:client-574492D41EE7->134d4672-e322-4e4b-b7f3-5645abb0fe8c@group-3CB1DFFBCDC2, cid=1148, SUCCESS, logIndex=1584, commits[134d4672-e322-4e4b-b7f3-5645abb0fe8c:c1585, 73af84f3-3e88-4c8c-894c-3ad307bcac8d:c1583, 730a25a1-dbec-44ed-975b-a44ab0096beb:c1583]
2019-08-30 05:17:37,605 | INFO  | DNAudit | user=null | ip=null | op=WRITE_CHUNK {blockData=conID: 1 locID: 102704234571694538 bcsId: 0} | ret=SUCCESS |  
2019-08-30 05:17:37,605 [grpc-default-executor-1] INFO  client.GrpcClientProtocolClient (GrpcClientProtocolClient.java:onNext(255)) - client-574492D41EE7->134d4672-e322-4e4b-b7f3-5645abb0fe8c: receive RaftClientReply:client-574492D41EE7->134d4672-e322-4e4b-b7f3-5645abb0fe8c@group-3CB1DFFBCDC2, cid=1149, SUCCESS, logIndex=1585, commits[134d4672-e322-4e4b-b7f3-5645abb0fe8c:c1585, 73af84f3-3e88-4c8c-894c-3ad307bcac8d:c1583, 730a25a1-dbec-44ed-975b-a44ab0096beb:c1583]
2019-08-30 05:17:37,606 | INFO  | DNAudit | user=null | ip=null | op=PUT_BLOCK {blockData=[blockId=conID: 1 locID: 102704234571694538 bcsId: 0,size=2097152]} | ret=SUCCESS |  
2019-08-30 05:17:37,606 [grpc-default-executor-5] INFO  client.GrpcClientProtocolClient (GrpcClientProtocolClient.java:onNext(255)) - client-574492D41EE7->134d4672-e322-4e4b-b7f3-5645abb0fe8c: receive RaftClientReply:client-574492D41EE7->134d4672-e322-4e4b-b7f3-5645abb0fe8c@group-3CB1DFFBCDC2, cid=1150, SUCCESS, logIndex=1586, commits[134d4672-e322-4e4b-b7f3-5645abb0fe8c:c1587, 73af84f3-3e88-4c8c-894c-3ad307bcac8d:c1583, 730a25a1-dbec-44ed-975b-a44ab0096beb:c1583]
2019-08-30 05:17:37,606 [grpc-default-executor-5] INFO  client.GrpcClientProtocolClient (GrpcClientProtocolClient.java:onNext(255)) - client-574492D41EE7->134d4672-e322-4e4b-b7f3-5645abb0fe8c: receive RaftClientReply:client-574492D41EE7->134d4672-e322-4e4b-b7f3-5645abb0fe8c@group-3CB1DFFBCDC2, cid=1151, SUCCESS, logIndex=1587, commits[134d4672-e322-4e4b-b7f3-5645abb0fe8c:c1587, 73af84f3-3e88-4c8c-894c-3ad307bcac8d:c1583, 730a25a1-dbec-44ed-975b-a44ab0096beb:c1583]
2019-08-30 05:17:37,619 | INFO  | DNAudit | user=null | ip=null | op=WRITE_CHUNK {blockData=conID: 1 locID: 102704234571694538 bcsId: 0} | ret=SUCCESS |  
2019-08-30 05:17:37,619 | INFO  | DNAudit | user=null | ip=null | op=WRITE_CHUNK {blockData=conID: 1 locID: 102704234571694538 bcsId: 0} | ret=SUCCESS |  
2019-08-30 05:17:37,619 | INFO  | DNAudit | user=null | ip=null | op=PUT_BLOCK {blockData=[blockId=conID: 1 locID: 102704234571694538 bcsId: 0,size=1048576]} | ret=SUCCESS |  
2019-08-30 05:17:37,619 | INFO  | DNAudit | user=null | ip=null | op=PUT_BLOCK {blockData=[blockId=conID: 1 locID: 102704234571694538 bcsId: 0,size=1048576]} | ret=SUCCESS |  
2019-08-30 05:17:37,620 | INFO  | DNAudit | user=null | ip=null | op=WRITE_CHUNK {blockData=conID: 1 locID: 102704234571694538 bcsId: 0} | ret=SUCCESS |  
2019-08-30 05:17:37,620 | INFO  | DNAudit | user=null | ip=null | op=WRITE_CHUNK {blockData=conID: 1 locID: 102704234571694538 bcsId: 0} | ret=SUCCESS |  
2019-08-30 05:17:37,620 [grpc-default-executor-5] INFO  client.GrpcClientProtocolClient (GrpcClientProtocolClient.java:onNext(255)) - client-574492D41EE7->134d4672-e322-4e4b-b7f3-5645abb0fe8c: receive RaftClientReply:client-574492D41EE7->134d4672-e322-4e4b-b7f3-5645abb0fe8c@group-3CB1DFFBCDC2, cid=1152, SUCCESS, logIndex=0, commits[134d4672-e322-4e4b-b7f3-5645abb0fe8c:c1589, 73af84f3-3e88-4c8c-894c-3ad307bcac8d:c1585, 730a25a1-dbec-44ed-975b-a44ab0096beb:c1585]
2019-08-30 05:17:37,620 | INFO  | DNAudit | user=null | ip=null | op=PUT_BLOCK {blockData=[blockId=conID: 1 locID: 102704234571694538 bcsId: 0,size=2097152]} | ret=SUCCESS |  
2019-08-30 05:17:37,620 | INFO  | DNAudit | user=null | ip=null | op=PUT_BLOCK {blockData=[blockId=conID: 1 locID: 102704234571694538 bcsId: 0,size=2097152]} | ret=SUCCESS |  
2019-08-30 05:17:37,627 | INFO  | DNAudit | user=null | ip=null | op=WRITE_CHUNK {blockData=conID: 1 locID: 102704234571694538 bcsId: 1587} | ret=SUCCESS |  
2019-08-30 05:17:37,628 | INFO  | DNAudit | user=null | ip=null | op=WRITE_CHUNK {blockData=conID: 1 locID: 102704234571694538 bcsId: 1587} | ret=SUCCESS |  
2019-08-30 05:17:37,629 | INFO  | DNAudit | user=null | ip=null | op=WRITE_CHUNK {blockData=conID: 1 locID: 102704234571694538 bcsId: 1587} | ret=SUCCESS |  
2019-08-30 05:17:37,639 | INFO  | DNAudit | user=null | ip=null | op=WRITE_CHUNK {blockData=conID: 1 locID: 102704234571694538 bcsId: 1587} | ret=SUCCESS |  
2019-08-30 05:17:37,639 | INFO  | DNAudit | user=null | ip=null | op=PUT_BLOCK {blockData=[blockId=conID: 1 locID: 102704234571694538 bcsId: 0,size=3145728]} | ret=SUCCESS |  
2019-08-30 05:17:37,639 [grpc-default-executor-1] INFO  client.GrpcClientProtocolClient (GrpcClientProtocolClient.java:onNext(255)) - client-574492D41EE7->134d4672-e322-4e4b-b7f3-5645abb0fe8c: receive RaftClientReply:client-574492D41EE7->134d4672-e322-4e4b-b7f3-5645abb0fe8c@group-3CB1DFFBCDC2, cid=1153, SUCCESS, logIndex=1592, commits[134d4672-e322-4e4b-b7f3-5645abb0fe8c:c1593, 73af84f3-3e88-4c8c-894c-3ad307bcac8d:c1591, 730a25a1-dbec-44ed-975b-a44ab0096beb:c1591]
2019-08-30 05:17:37,640 [grpc-default-executor-1] INFO  client.GrpcClientProtocolClient (GrpcClientProtocolClient.java:onNext(255)) - client-574492D41EE7->134d4672-e322-4e4b-b7f3-5645abb0fe8c: receive RaftClientReply:client-574492D41EE7->134d4672-e322-4e4b-b7f3-5645abb0fe8c@group-3CB1DFFBCDC2, cid=1154, SUCCESS, logIndex=1593, commits[134d4672-e322-4e4b-b7f3-5645abb0fe8c:c1593, 73af84f3-3e88-4c8c-894c-3ad307bcac8d:c1591, 730a25a1-dbec-44ed-975b-a44ab0096beb:c1591]
2019-08-30 05:17:37,640 | INFO  | DNAudit | user=null | ip=null | op=WRITE_CHUNK {blockData=conID: 1 locID: 102704234571694538 bcsId: 1587} | ret=SUCCESS |  
2019-08-30 05:17:37,641 | INFO  | DNAudit | user=null | ip=null | op=WRITE_CHUNK {blockData=conID: 1 locID: 102704234571694538 bcsId: 1587} | ret=SUCCESS |  
2019-08-30 05:17:37,643 | INFO  | DNAudit | user=null | ip=null | op=PUT_BLOCK {blockData=[blockId=conID: 1 locID: 102704234571694538 bcsId: 0,size=3145728]} | ret=SUCCESS |  
2019-08-30 05:17:37,643 | INFO  | DNAudit | user=null | ip=null | op=PUT_BLOCK {blockData=[blockId=conID: 1 locID: 102704234571694538 bcsId: 0,size=3145728]} | ret=SUCCESS |  
2019-08-30 05:17:37,649 | INFO  | DNAudit | user=null | ip=null | op=WRITE_CHUNK {blockData=conID: 1 locID: 102704234571694538 bcsId: 1593} | ret=SUCCESS |  
2019-08-30 05:17:37,650 | INFO  | DNAudit | user=null | ip=null | op=WRITE_CHUNK {blockData=conID: 1 locID: 102704234571694538 bcsId: 1593} | ret=SUCCESS |  
2019-08-30 05:17:37,650 | INFO  | DNAudit | user=null | ip=null | op=WRITE_CHUNK {blockData=conID: 1 locID: 102704234571694538 bcsId: 1593} | ret=SUCCESS |  
2019-08-30 05:17:37,663 | INFO  | DNAudit | user=null | ip=null | op=WRITE_CHUNK {blockData=conID: 1 locID: 102704234571694538 bcsId: 1593} | ret=SUCCESS |  
2019-08-30 05:17:37,663 | INFO  | DNAudit | user=null | ip=null | op=PUT_BLOCK {blockData=[blockId=conID: 1 locID: 102704234571694538 bcsId: 0,size=4194304]} | ret=SUCCESS |  
2019-08-30 05:17:37,663 [grpc-default-executor-5] INFO  client.GrpcClientProtocolClient (GrpcClientProtocolClient.java:onNext(255)) - client-574492D41EE7->134d4672-e322-4e4b-b7f3-5645abb0fe8c: receive RaftClientReply:client-574492D41EE7->134d4672-e322-4e4b-b7f3-5645abb0fe8c@group-3CB1DFFBCDC2, cid=1155, SUCCESS, logIndex=1596, commits[134d4672-e322-4e4b-b7f3-5645abb0fe8c:c1597, 73af84f3-3e88-4c8c-894c-3ad307bcac8d:c1595, 730a25a1-dbec-44ed-975b-a44ab0096beb:c1595]
2019-08-30 05:17:37,664 [grpc-default-executor-5] INFO  client.GrpcClientProtocolClient (GrpcClientProtocolClient.java:onNext(255)) - client-574492D41EE7->134d4672-e322-4e4b-b7f3-5645abb0fe8c: receive RaftClientReply:client-574492D41EE7->134d4672-e322-4e4b-b7f3-5645abb0fe8c@group-3CB1DFFBCDC2, cid=1156, SUCCESS, logIndex=1597, commits[134d4672-e322-4e4b-b7f3-5645abb0fe8c:c1597, 73af84f3-3e88-4c8c-894c-3ad307bcac8d:c1595, 730a25a1-dbec-44ed-975b-a44ab0096beb:c1595]
2019-08-30 05:17:37,673 | INFO  | DNAudit | user=null | ip=null | op=WRITE_CHUNK {blockData=conID: 1 locID: 102704234571694538 bcsId: 1593} | ret=SUCCESS |  
2019-08-30 05:17:37,673 | INFO  | DNAudit | user=null | ip=null | op=WRITE_CHUNK {blockData=conID: 1 locID: 102704234571694538 bcsId: 1593} | ret=SUCCESS |  
2019-08-30 05:17:37,673 | INFO  | DNAudit | user=null | ip=null | op=PUT_BLOCK {blockData=[blockId=conID: 1 locID: 102704234571694538 bcsId: 0,size=4194304]} | ret=SUCCESS |  
2019-08-30 05:17:37,674 | INFO  | DNAudit | user=null | ip=null | op=PUT_BLOCK {blockData=[blockId=conID: 1 locID: 102704234571694538 bcsId: 0,size=4194304]} | ret=SUCCESS |  
2019-08-30 05:17:37,674 [grpc-default-executor-5] INFO  client.GrpcClientProtocolClient (GrpcClientProtocolClient.java:onNext(255)) - client-574492D41EE7->134d4672-e322-4e4b-b7f3-5645abb0fe8c: receive RaftClientReply:client-574492D41EE7->134d4672-e322-4e4b-b7f3-5645abb0fe8c@group-3CB1DFFBCDC2, cid=1157, SUCCESS, logIndex=0, commits[134d4672-e322-4e4b-b7f3-5645abb0fe8c:c1598, 73af84f3-3e88-4c8c-894c-3ad307bcac8d:c1597, 730a25a1-dbec-44ed-975b-a44ab0096beb:c1597]
2019-08-30 05:17:37,679 | INFO  | DNAudit | user=null | ip=null | op=WRITE_CHUNK {blockData=conID: 2 locID: 102704234571694539 bcsId: 0} | ret=SUCCESS |  
2019-08-30 05:17:37,683 | INFO  | DNAudit | user=null | ip=null | op=WRITE_CHUNK {blockData=conID: 2 locID: 102704234571694539 bcsId: 0} | ret=SUCCESS |  
2019-08-30 05:17:37,683 | INFO  | DNAudit | user=null | ip=null | op=WRITE_CHUNK {blockData=conID: 2 locID: 102704234571694539 bcsId: 0} | ret=SUCCESS |  
2019-08-30 05:17:37,683 | INFO  | DNAudit | user=null | ip=null | op=WRITE_CHUNK {blockData=conID: 2 locID: 102704234571694539 bcsId: 0} | ret=SUCCESS |  
2019-08-30 05:17:37,684 | INFO  | DNAudit | user=null | ip=null | op=WRITE_CHUNK {blockData=conID: 2 locID: 102704234571694539 bcsId: 0} | ret=SUCCESS |  
2019-08-30 05:17:37,684 | INFO  | DNAudit | user=null | ip=null | op=WRITE_CHUNK {blockData=conID: 2 locID: 102704234571694539 bcsId: 0} | ret=SUCCESS |  
2019-08-30 05:17:37,694 | INFO  | DNAudit | user=null | ip=null | op=WRITE_CHUNK {blockData=conID: 2 locID: 102704234571694539 bcsId: 0} | ret=SUCCESS |  
2019-08-30 05:17:37,695 | INFO  | DNAudit | user=null | ip=null | op=PUT_BLOCK {blockData=[blockId=conID: 2 locID: 102704234571694539 bcsId: 0,size=1048576]} | ret=SUCCESS |  
2019-08-30 05:17:37,695 | INFO  | DNAudit | user=null | ip=null | op=WRITE_CHUNK {blockData=conID: 2 locID: 102704234571694539 bcsId: 0} | ret=SUCCESS |  
2019-08-30 05:17:37,695 [grpc-default-executor-6] INFO  client.GrpcClientProtocolClient (GrpcClientProtocolClient.java:onNext(255)) - client-574492D41EE7->134d4672-e322-4e4b-b7f3-5645abb0fe8c: receive RaftClientReply:client-574492D41EE7->134d4672-e322-4e4b-b7f3-5645abb0fe8c@group-3CB1DFFBCDC2, cid=1158, SUCCESS, logIndex=1600, commits[134d4672-e322-4e4b-b7f3-5645abb0fe8c:c1603, 73af84f3-3e88-4c8c-894c-3ad307bcac8d:c1599, 730a25a1-dbec-44ed-975b-a44ab0096beb:c1599]
2019-08-30 05:17:37,695 | INFO  | DNAudit | user=null | ip=null | op=PUT_BLOCK {blockData=[blockId=conID: 2 locID: 102704234571694539 bcsId: 0,size=2097152]} | ret=SUCCESS |  
2019-08-30 05:17:37,696 [grpc-default-executor-6] INFO  client.GrpcClientProtocolClient (GrpcClientProtocolClient.java:onNext(255)) - client-574492D41EE7->134d4672-e322-4e4b-b7f3-5645abb0fe8c: receive RaftClientReply:client-574492D41EE7->134d4672-e322-4e4b-b7f3-5645abb0fe8c@group-3CB1DFFBCDC2, cid=1159, SUCCESS, logIndex=1601, commits[134d4672-e322-4e4b-b7f3-5645abb0fe8c:c1603, 73af84f3-3e88-4c8c-894c-3ad307bcac8d:c1599, 730a25a1-dbec-44ed-975b-a44ab0096beb:c1599]
2019-08-30 05:17:37,696 [grpc-default-executor-6] INFO  client.GrpcClientProtocolClient (GrpcClientProtocolClient.java:onNext(255)) - client-574492D41EE7->134d4672-e322-4e4b-b7f3-5645abb0fe8c: receive RaftClientReply:client-574492D41EE7->134d4672-e322-4e4b-b7f3-5645abb0fe8c@group-3CB1DFFBCDC2, cid=1160, SUCCESS, logIndex=1602, commits[134d4672-e322-4e4b-b7f3-5645abb0fe8c:c1603, 73af84f3-3e88-4c8c-894c-3ad307bcac8d:c1599, 730a25a1-dbec-44ed-975b-a44ab0096beb:c1599]
2019-08-30 05:17:37,696 [grpc-default-executor-6] INFO  client.GrpcClientProtocolClient (GrpcClientProtocolClient.java:onNext(255)) - client-574492D41EE7->134d4672-e322-4e4b-b7f3-5645abb0fe8c: receive RaftClientReply:client-574492D41EE7->134d4672-e322-4e4b-b7f3-5645abb0fe8c@group-3CB1DFFBCDC2, cid=1161, SUCCESS, logIndex=1603, commits[134d4672-e322-4e4b-b7f3-5645abb0fe8c:c1603, 73af84f3-3e88-4c8c-894c-3ad307bcac8d:c1599, 730a25a1-dbec-44ed-975b-a44ab0096beb:c1599]
2019-08-30 05:17:37,704 | INFO  | DNAudit | user=null | ip=null | op=WRITE_CHUNK {blockData=conID: 2 locID: 102704234571694539 bcsId: 0} | ret=SUCCESS |  
2019-08-30 05:17:37,704 | INFO  | DNAudit | user=null | ip=null | op=WRITE_CHUNK {blockData=conID: 2 locID: 102704234571694539 bcsId: 0} | ret=SUCCESS |  
2019-08-30 05:17:37,704 | INFO  | DNAudit | user=null | ip=null | op=PUT_BLOCK {blockData=[blockId=conID: 2 locID: 102704234571694539 bcsId: 0,size=1048576]} | ret=SUCCESS |  
2019-08-30 05:17:37,704 | INFO  | DNAudit | user=null | ip=null | op=PUT_BLOCK {blockData=[blockId=conID: 2 locID: 102704234571694539 bcsId: 0,size=1048576]} | ret=SUCCESS |  
2019-08-30 05:17:37,704 [grpc-default-executor-6] INFO  client.GrpcClientProtocolClient (GrpcClientProtocolClient.java:onNext(255)) - client-574492D41EE7->134d4672-e322-4e4b-b7f3-5645abb0fe8c: receive RaftClientReply:client-574492D41EE7->134d4672-e322-4e4b-b7f3-5645abb0fe8c@group-3CB1DFFBCDC2, cid=1162, SUCCESS, logIndex=0, commits[134d4672-e322-4e4b-b7f3-5645abb0fe8c:c1604, 73af84f3-3e88-4c8c-894c-3ad307bcac8d:c1601, 730a25a1-dbec-44ed-975b-a44ab0096beb:c1601]
2019-08-30 05:17:37,707 | INFO  | DNAudit | user=null | ip=null | op=WRITE_CHUNK {blockData=conID: 2 locID: 102704234571694539 bcsId: 0} | ret=SUCCESS |  
2019-08-30 05:17:37,707 | INFO  | DNAudit | user=null | ip=null | op=WRITE_CHUNK {blockData=conID: 2 locID: 102704234571694539 bcsId: 0} | ret=SUCCESS |  
2019-08-30 05:17:37,707 | INFO  | DNAudit | user=null | ip=null | op=PUT_BLOCK {blockData=[blockId=conID: 2 locID: 102704234571694539 bcsId: 0,size=2097152]} | ret=SUCCESS |  
2019-08-30 05:17:37,707 | INFO  | DNAudit | user=null | ip=null | op=PUT_BLOCK {blockData=[blockId=conID: 2 locID: 102704234571694539 bcsId: 0,size=2097152]} | ret=SUCCESS |  
2019-08-30 05:17:37,710 | INFO  | DNAudit | user=null | ip=null | op=WRITE_CHUNK {blockData=conID: 2 locID: 102704234571694539 bcsId: 1603} | ret=SUCCESS |  
2019-08-30 05:17:37,713 | INFO  | DNAudit | user=null | ip=null | op=WRITE_CHUNK {blockData=conID: 2 locID: 102704234571694539 bcsId: 1603} | ret=SUCCESS |  
2019-08-30 05:17:37,713 | INFO  | DNAudit | user=null | ip=null | op=WRITE_CHUNK {blockData=conID: 2 locID: 102704234571694539 bcsId: 1603} | ret=SUCCESS |  
2019-08-30 05:17:37,715 | INFO  | DNAudit | user=null | ip=null | op=WRITE_CHUNK {blockData=conID: 2 locID: 102704234571694539 bcsId: 1603} | ret=SUCCESS |  
2019-08-30 05:17:37,715 | INFO  | DNAudit | user=null | ip=null | op=PUT_BLOCK {blockData=[blockId=conID: 2 locID: 102704234571694539 bcsId: 0,size=3145728]} | ret=SUCCESS |  
2019-08-30 05:17:37,716 [grpc-default-executor-6] INFO  client.GrpcClientProtocolClient (GrpcClientProtocolClient.java:onNext(255)) - client-574492D41EE7->134d4672-e322-4e4b-b7f3-5645abb0fe8c: receive RaftClientReply:client-574492D41EE7->134d4672-e322-4e4b-b7f3-5645abb0fe8c@group-3CB1DFFBCDC2, cid=1163, SUCCESS, logIndex=1608, commits[134d4672-e322-4e4b-b7f3-5645abb0fe8c:c1609, 73af84f3-3e88-4c8c-894c-3ad307bcac8d:c1603, 730a25a1-dbec-44ed-975b-a44ab0096beb:c1607]
2019-08-30 05:17:37,716 [grpc-default-executor-6] INFO  client.GrpcClientProtocolClient (GrpcClientProtocolClient.java:onNext(255)) - client-574492D41EE7->134d4672-e322-4e4b-b7f3-5645abb0fe8c: receive RaftClientReply:client-574492D41EE7->134d4672-e322-4e4b-b7f3-5645abb0fe8c@group-3CB1DFFBCDC2, cid=1164, SUCCESS, logIndex=1609, commits[134d4672-e322-4e4b-b7f3-5645abb0fe8c:c1609, 73af84f3-3e88-4c8c-894c-3ad307bcac8d:c1603, 730a25a1-dbec-44ed-975b-a44ab0096beb:c1607]
2019-08-30 05:17:37,717 | INFO  | DNAudit | user=null | ip=null | op=WRITE_CHUNK {blockData=conID: 2 locID: 102704234571694539 bcsId: 1603} | ret=SUCCESS |  
2019-08-30 05:17:37,717 | INFO  | DNAudit | user=null | ip=null | op=WRITE_CHUNK {blockData=conID: 2 locID: 102704234571694539 bcsId: 1603} | ret=SUCCESS |  
2019-08-30 05:17:37,717 | INFO  | DNAudit | user=null | ip=null | op=PUT_BLOCK {blockData=[blockId=conID: 2 locID: 102704234571694539 bcsId: 0,size=3145728]} | ret=SUCCESS |  
2019-08-30 05:17:37,717 | INFO  | DNAudit | user=null | ip=null | op=PUT_BLOCK {blockData=[blockId=conID: 2 locID: 102704234571694539 bcsId: 0,size=3145728]} | ret=SUCCESS |  
2019-08-30 05:17:37,722 | INFO  | DNAudit | user=null | ip=null | op=WRITE_CHUNK {blockData=conID: 2 locID: 102704234571694539 bcsId: 1609} | ret=SUCCESS |  
2019-08-30 05:17:37,723 | INFO  | DNAudit | user=null | ip=null | op=WRITE_CHUNK {blockData=conID: 2 locID: 102704234571694539 bcsId: 1609} | ret=SUCCESS |  
2019-08-30 05:17:37,724 | INFO  | DNAudit | user=null | ip=null | op=WRITE_CHUNK {blockData=conID: 2 locID: 102704234571694539 bcsId: 1609} | ret=SUCCESS |  
2019-08-30 05:17:37,733 | INFO  | DNAudit | user=null | ip=null | op=WRITE_CHUNK {blockData=conID: 2 locID: 102704234571694539 bcsId: 1609} | ret=SUCCESS |  
2019-08-30 05:17:37,733 | INFO  | DNAudit | user=null | ip=null | op=PUT_BLOCK {blockData=[blockId=conID: 2 locID: 102704234571694539 bcsId: 0,size=4194304]} | ret=SUCCESS |  
2019-08-30 05:17:37,733 [grpc-default-executor-3] INFO  client.GrpcClientProtocolClient (GrpcClientProtocolClient.java:onNext(255)) - client-574492D41EE7->134d4672-e322-4e4b-b7f3-5645abb0fe8c: receive RaftClientReply:client-574492D41EE7->134d4672-e322-4e4b-b7f3-5645abb0fe8c@group-3CB1DFFBCDC2, cid=1165, SUCCESS, logIndex=1612, commits[134d4672-e322-4e4b-b7f3-5645abb0fe8c:c1613, 73af84f3-3e88-4c8c-894c-3ad307bcac8d:c1611, 730a25a1-dbec-44ed-975b-a44ab0096beb:c1611]
2019-08-30 05:17:37,733 [grpc-default-executor-3] INFO  client.GrpcClientProtocolClient (GrpcClientProtocolClient.java:onNext(255)) - client-574492D41EE7->134d4672-e322-4e4b-b7f3-5645abb0fe8c: receive RaftClientReply:client-574492D41EE7->134d4672-e322-4e4b-b7f3-5645abb0fe8c@group-3CB1DFFBCDC2, cid=1166, SUCCESS, logIndex=1613, commits[134d4672-e322-4e4b-b7f3-5645abb0fe8c:c1613, 73af84f3-3e88-4c8c-894c-3ad307bcac8d:c1611, 730a25a1-dbec-44ed-975b-a44ab0096beb:c1611]
2019-08-30 05:17:37,742 | INFO  | DNAudit | user=null | ip=null | op=WRITE_CHUNK {blockData=conID: 2 locID: 102704234571694539 bcsId: 1609} | ret=SUCCESS |  
2019-08-30 05:17:37,743 | INFO  | DNAudit | user=null | ip=null | op=WRITE_CHUNK {blockData=conID: 2 locID: 102704234571694539 bcsId: 1609} | ret=SUCCESS |  
2019-08-30 05:17:37,745 | INFO  | DNAudit | user=null | ip=null | op=PUT_BLOCK {blockData=[blockId=conID: 2 locID: 102704234571694539 bcsId: 0,size=4194304]} | ret=SUCCESS |  
2019-08-30 05:17:37,745 | INFO  | DNAudit | user=null | ip=null | op=PUT_BLOCK {blockData=[blockId=conID: 2 locID: 102704234571694539 bcsId: 0,size=4194304]} | ret=SUCCESS |  
2019-08-30 05:17:37,746 [grpc-default-executor-3] INFO  client.GrpcClientProtocolClient (GrpcClientProtocolClient.java:onNext(255)) - client-574492D41EE7->134d4672-e322-4e4b-b7f3-5645abb0fe8c: receive RaftClientReply:client-574492D41EE7->134d4672-e322-4e4b-b7f3-5645abb0fe8c@group-3CB1DFFBCDC2, cid=1167, SUCCESS, logIndex=0, commits[134d4672-e322-4e4b-b7f3-5645abb0fe8c:c1615, 73af84f3-3e88-4c8c-894c-3ad307bcac8d:c1613, 730a25a1-dbec-44ed-975b-a44ab0096beb:c1613]
2019-08-30 05:17:37,751 | INFO  | DNAudit | user=null | ip=null | op=WRITE_CHUNK {blockData=conID: 3 locID: 102704234571760076 bcsId: 0} | ret=SUCCESS |  
2019-08-30 05:17:37,754 | INFO  | DNAudit | user=null | ip=null | op=WRITE_CHUNK {blockData=conID: 3 locID: 102704234571760076 bcsId: 0} | ret=SUCCESS |  
2019-08-30 05:17:37,754 | INFO  | DNAudit | user=null | ip=null | op=WRITE_CHUNK {blockData=conID: 3 locID: 102704234571760076 bcsId: 0} | ret=SUCCESS |  
2019-08-30 05:17:37,755 | INFO  | DNAudit | user=null | ip=null | op=WRITE_CHUNK {blockData=conID: 3 locID: 102704234571760076 bcsId: 0} | ret=SUCCESS |  
2019-08-30 05:17:37,756 | INFO  | DNAudit | user=null | ip=null | op=WRITE_CHUNK {blockData=conID: 3 locID: 102704234571760076 bcsId: 0} | ret=SUCCESS |  
2019-08-30 05:17:37,756 | INFO  | DNAudit | user=null | ip=null | op=WRITE_CHUNK {blockData=conID: 3 locID: 102704234571760076 bcsId: 0} | ret=SUCCESS |  
2019-08-30 05:17:37,767 | INFO  | DNAudit | user=null | ip=null | op=WRITE_CHUNK {blockData=conID: 3 locID: 102704234571760076 bcsId: 0} | ret=SUCCESS |  
2019-08-30 05:17:37,768 | INFO  | DNAudit | user=null | ip=null | op=PUT_BLOCK {blockData=[blockId=conID: 3 locID: 102704234571760076 bcsId: 0,size=1048576]} | ret=SUCCESS |  
2019-08-30 05:17:37,768 [grpc-default-executor-6] INFO  client.GrpcClientProtocolClient (GrpcClientProtocolClient.java:onNext(255)) - client-574492D41EE7->134d4672-e322-4e4b-b7f3-5645abb0fe8c: receive RaftClientReply:client-574492D41EE7->134d4672-e322-4e4b-b7f3-5645abb0fe8c@group-3CB1DFFBCDC2, cid=1168, SUCCESS, logIndex=1616, commits[134d4672-e322-4e4b-b7f3-5645abb0fe8c:c1617, 73af84f3-3e88-4c8c-894c-3ad307bcac8d:c1615, 730a25a1-dbec-44ed-975b-a44ab0096beb:c1615]
2019-08-30 05:17:37,768 [grpc-default-executor-6] INFO  client.GrpcClientProtocolClient (GrpcClientProtocolClient.java:onNext(255)) - client-574492D41EE7->134d4672-e322-4e4b-b7f3-5645abb0fe8c: receive RaftClientReply:client-574492D41EE7->134d4672-e322-4e4b-b7f3-5645abb0fe8c@group-3CB1DFFBCDC2, cid=1169, SUCCESS, logIndex=1617, commits[134d4672-e322-4e4b-b7f3-5645abb0fe8c:c1617, 73af84f3-3e88-4c8c-894c-3ad307bcac8d:c1615, 730a25a1-dbec-44ed-975b-a44ab0096beb:c1615]
2019-08-30 05:17:37,770 | INFO  | DNAudit | user=null | ip=null | op=WRITE_CHUNK {blockData=conID: 3 locID: 102704234571760076 bcsId: 0} | ret=SUCCESS |  
2019-08-30 05:17:37,770 | INFO  | DNAudit | user=null | ip=null | op=PUT_BLOCK {blockData=[blockId=conID: 3 locID: 102704234571760076 bcsId: 0,size=2097152]} | ret=SUCCESS |  
2019-08-30 05:17:37,770 [grpc-default-executor-3] INFO  client.GrpcClientProtocolClient (GrpcClientProtocolClient.java:onNext(255)) - client-574492D41EE7->134d4672-e322-4e4b-b7f3-5645abb0fe8c: receive RaftClientReply:client-574492D41EE7->134d4672-e322-4e4b-b7f3-5645abb0fe8c@group-3CB1DFFBCDC2, cid=1170, SUCCESS, logIndex=1618, commits[134d4672-e322-4e4b-b7f3-5645abb0fe8c:c1619, 73af84f3-3e88-4c8c-894c-3ad307bcac8d:c1615, 730a25a1-dbec-44ed-975b-a44ab0096beb:c1615]
2019-08-30 05:17:37,770 [grpc-default-executor-3] INFO  client.GrpcClientProtocolClient (GrpcClientProtocolClient.java:onNext(255)) - client-574492D41EE7->134d4672-e322-4e4b-b7f3-5645abb0fe8c: receive RaftClientReply:client-574492D41EE7->134d4672-e322-4e4b-b7f3-5645abb0fe8c@group-3CB1DFFBCDC2, cid=1171, SUCCESS, logIndex=1619, commits[134d4672-e322-4e4b-b7f3-5645abb0fe8c:c1619, 73af84f3-3e88-4c8c-894c-3ad307bcac8d:c1615, 730a25a1-dbec-44ed-975b-a44ab0096beb:c1615]
2019-08-30 05:17:37,781 | INFO  | DNAudit | user=null | ip=null | op=WRITE_CHUNK {blockData=conID: 3 locID: 102704234571760076 bcsId: 0} | ret=SUCCESS |  
2019-08-30 05:17:37,781 | INFO  | DNAudit | user=null | ip=null | op=WRITE_CHUNK {blockData=conID: 3 locID: 102704234571760076 bcsId: 0} | ret=SUCCESS |  
2019-08-30 05:17:37,781 | INFO  | DNAudit | user=null | ip=null | op=PUT_BLOCK {blockData=[blockId=conID: 3 locID: 102704234571760076 bcsId: 0,size=1048576]} | ret=SUCCESS |  
2019-08-30 05:17:37,781 | INFO  | DNAudit | user=null | ip=null | op=PUT_BLOCK {blockData=[blockId=conID: 3 locID: 102704234571760076 bcsId: 0,size=1048576]} | ret=SUCCESS |  
2019-08-30 05:17:37,781 [grpc-default-executor-3] INFO  client.GrpcClientProtocolClient (GrpcClientProtocolClient.java:onNext(255)) - client-574492D41EE7->134d4672-e322-4e4b-b7f3-5645abb0fe8c: receive RaftClientReply:client-574492D41EE7->134d4672-e322-4e4b-b7f3-5645abb0fe8c@group-3CB1DFFBCDC2, cid=1172, SUCCESS, logIndex=0, commits[134d4672-e322-4e4b-b7f3-5645abb0fe8c:c1620, 73af84f3-3e88-4c8c-894c-3ad307bcac8d:c1617, 730a25a1-dbec-44ed-975b-a44ab0096beb:c1617]
2019-08-30 05:17:37,784 | INFO  | DNAudit | user=null | ip=null | op=WRITE_CHUNK {blockData=conID: 3 locID: 102704234571760076 bcsId: 0} | ret=SUCCESS |  
2019-08-30 05:17:37,784 | INFO  | DNAudit | user=null | ip=null | op=WRITE_CHUNK {blockData=conID: 3 locID: 102704234571760076 bcsId: 0} | ret=SUCCESS |  
2019-08-30 05:17:37,784 | INFO  | DNAudit | user=null | ip=null | op=PUT_BLOCK {blockData=[blockId=conID: 3 locID: 102704234571760076 bcsId: 0,size=2097152]} | ret=SUCCESS |  
2019-08-30 05:17:37,784 | INFO  | DNAudit | user=null | ip=null | op=PUT_BLOCK {blockData=[blockId=conID: 3 locID: 102704234571760076 bcsId: 0,size=2097152]} | ret=SUCCESS |  
2019-08-30 05:17:37,788 | INFO  | DNAudit | user=null | ip=null | op=WRITE_CHUNK {blockData=conID: 3 locID: 102704234571760076 bcsId: 1619} | ret=SUCCESS |  
2019-08-30 05:17:37,789 | INFO  | DNAudit | user=null | ip=null | op=WRITE_CHUNK {blockData=conID: 3 locID: 102704234571760076 bcsId: 1619} | ret=SUCCESS |  
2019-08-30 05:17:37,790 | INFO  | DNAudit | user=null | ip=null | op=WRITE_CHUNK {blockData=conID: 3 locID: 102704234571760076 bcsId: 1619} | ret=SUCCESS |  
2019-08-30 05:17:37,799 | INFO  | DNAudit | user=null | ip=null | op=WRITE_CHUNK {blockData=conID: 3 locID: 102704234571760076 bcsId: 1619} | ret=SUCCESS |  
2019-08-30 05:17:37,799 | INFO  | DNAudit | user=null | ip=null | op=PUT_BLOCK {blockData=[blockId=conID: 3 locID: 102704234571760076 bcsId: 0,size=3145728]} | ret=SUCCESS |  
2019-08-30 05:17:37,799 [grpc-default-executor-6] INFO  client.GrpcClientProtocolClient (GrpcClientProtocolClient.java:onNext(255)) - client-574492D41EE7->134d4672-e322-4e4b-b7f3-5645abb0fe8c: receive RaftClientReply:client-574492D41EE7->134d4672-e322-4e4b-b7f3-5645abb0fe8c@group-3CB1DFFBCDC2, cid=1173, SUCCESS, logIndex=1624, commits[134d4672-e322-4e4b-b7f3-5645abb0fe8c:c1625, 73af84f3-3e88-4c8c-894c-3ad307bcac8d:c1623, 730a25a1-dbec-44ed-975b-a44ab0096beb:c1623]
2019-08-30 05:17:37,800 [grpc-default-executor-6] INFO  client.GrpcClientProtocolClient (GrpcClientProtocolClient.java:onNext(255)) - client-574492D41EE7->134d4672-e322-4e4b-b7f3-5645abb0fe8c: receive RaftClientReply:client-574492D41EE7->134d4672-e322-4e4b-b7f3-5645abb0fe8c@group-3CB1DFFBCDC2, cid=1174, SUCCESS, logIndex=1625, commits[134d4672-e322-4e4b-b7f3-5645abb0fe8c:c1625, 73af84f3-3e88-4c8c-894c-3ad307bcac8d:c1623, 730a25a1-dbec-44ed-975b-a44ab0096beb:c1623]
2019-08-30 05:17:37,800 | INFO  | DNAudit | user=null | ip=null | op=WRITE_CHUNK {blockData=conID: 3 locID: 102704234571760076 bcsId: 1619} | ret=SUCCESS |  
2019-08-30 05:17:37,800 | INFO  | DNAudit | user=null | ip=null | op=WRITE_CHUNK {blockData=conID: 3 locID: 102704234571760076 bcsId: 1619} | ret=SUCCESS |  
2019-08-30 05:17:37,803 | INFO  | DNAudit | user=null | ip=null | op=PUT_BLOCK {blockData=[blockId=conID: 3 locID: 102704234571760076 bcsId: 0,size=3145728]} | ret=SUCCESS |  
2019-08-30 05:17:37,803 | INFO  | DNAudit | user=null | ip=null | op=PUT_BLOCK {blockData=[blockId=conID: 3 locID: 102704234571760076 bcsId: 0,size=3145728]} | ret=SUCCESS |  
2019-08-30 05:17:37,806 | INFO  | DNAudit | user=null | ip=null | op=WRITE_CHUNK {blockData=conID: 3 locID: 102704234571760076 bcsId: 1625} | ret=SUCCESS |  
2019-08-30 05:17:37,807 | INFO  | DNAudit | user=null | ip=null | op=WRITE_CHUNK {blockData=conID: 3 locID: 102704234571760076 bcsId: 1625} | ret=SUCCESS |  
2019-08-30 05:17:37,808 | INFO  | DNAudit | user=null | ip=null | op=WRITE_CHUNK {blockData=conID: 3 locID: 102704234571760076 bcsId: 1625} | ret=SUCCESS |  
2019-08-30 05:17:37,818 | INFO  | DNAudit | user=null | ip=null | op=WRITE_CHUNK {blockData=conID: 3 locID: 102704234571760076 bcsId: 1625} | ret=SUCCESS |  
2019-08-30 05:17:37,818 | INFO  | DNAudit | user=null | ip=null | op=PUT_BLOCK {blockData=[blockId=conID: 3 locID: 102704234571760076 bcsId: 0,size=4194304]} | ret=SUCCESS |  
2019-08-30 05:17:37,818 [grpc-default-executor-6] INFO  client.GrpcClientProtocolClient (GrpcClientProtocolClient.java:onNext(255)) - client-574492D41EE7->134d4672-e322-4e4b-b7f3-5645abb0fe8c: receive RaftClientReply:client-574492D41EE7->134d4672-e322-4e4b-b7f3-5645abb0fe8c@group-3CB1DFFBCDC2, cid=1175, SUCCESS, logIndex=1628, commits[134d4672-e322-4e4b-b7f3-5645abb0fe8c:c1629, 73af84f3-3e88-4c8c-894c-3ad307bcac8d:c1627, 730a25a1-dbec-44ed-975b-a44ab0096beb:c1627]
2019-08-30 05:17:37,819 [grpc-default-executor-6] INFO  client.GrpcClientProtocolClient (GrpcClientProtocolClient.java:onNext(255)) - client-574492D41EE7->134d4672-e322-4e4b-b7f3-5645abb0fe8c: receive RaftClientReply:client-574492D41EE7->134d4672-e322-4e4b-b7f3-5645abb0fe8c@group-3CB1DFFBCDC2, cid=1176, SUCCESS, logIndex=1629, commits[134d4672-e322-4e4b-b7f3-5645abb0fe8c:c1629, 73af84f3-3e88-4c8c-894c-3ad307bcac8d:c1627, 730a25a1-dbec-44ed-975b-a44ab0096beb:c1627]
2019-08-30 05:17:37,830 | INFO  | DNAudit | user=null | ip=null | op=WRITE_CHUNK {blockData=conID: 3 locID: 102704234571760076 bcsId: 1625} | ret=SUCCESS |  
2019-08-30 05:17:37,830 | INFO  | DNAudit | user=null | ip=null | op=WRITE_CHUNK {blockData=conID: 3 locID: 102704234571760076 bcsId: 1625} | ret=SUCCESS |  
2019-08-30 05:17:37,833 | INFO  | DNAudit | user=null | ip=null | op=PUT_BLOCK {blockData=[blockId=conID: 3 locID: 102704234571760076 bcsId: 0,size=4194304]} | ret=SUCCESS |  
2019-08-30 05:17:37,833 | INFO  | DNAudit | user=null | ip=null | op=PUT_BLOCK {blockData=[blockId=conID: 3 locID: 102704234571760076 bcsId: 0,size=4194304]} | ret=SUCCESS |  
2019-08-30 05:17:37,833 [grpc-default-executor-6] INFO  client.GrpcClientProtocolClient (GrpcClientProtocolClient.java:onNext(255)) - client-574492D41EE7->134d4672-e322-4e4b-b7f3-5645abb0fe8c: receive RaftClientReply:client-574492D41EE7->134d4672-e322-4e4b-b7f3-5645abb0fe8c@group-3CB1DFFBCDC2, cid=1177, SUCCESS, logIndex=0, commits[134d4672-e322-4e4b-b7f3-5645abb0fe8c:c1631, 73af84f3-3e88-4c8c-894c-3ad307bcac8d:c1629, 730a25a1-dbec-44ed-975b-a44ab0096beb:c1629]
2019-08-30 05:17:37,840 | INFO  | DNAudit | user=null | ip=null | op=WRITE_CHUNK {blockData=conID: 1 locID: 102704234571760077 bcsId: 0} | ret=SUCCESS |  
2019-08-30 05:17:37,843 | INFO  | DNAudit | user=null | ip=null | op=WRITE_CHUNK {blockData=conID: 1 locID: 102704234571760077 bcsId: 0} | ret=SUCCESS |  
2019-08-30 05:17:37,843 | INFO  | DNAudit | user=null | ip=null | op=WRITE_CHUNK {blockData=conID: 1 locID: 102704234571760077 bcsId: 0} | ret=SUCCESS |  
2019-08-30 05:17:37,843 | INFO  | DNAudit | user=null | ip=null | op=WRITE_CHUNK {blockData=conID: 1 locID: 102704234571760077 bcsId: 0} | ret=SUCCESS |  
2019-08-30 05:17:37,844 | INFO  | DNAudit | user=null | ip=null | op=WRITE_CHUNK {blockData=conID: 1 locID: 102704234571760077 bcsId: 0} | ret=SUCCESS |  
2019-08-30 05:17:37,845 | INFO  | DNAudit | user=null | ip=null | op=WRITE_CHUNK {blockData=conID: 1 locID: 102704234571760077 bcsId: 0} | ret=SUCCESS |  
2019-08-30 05:17:37,852 | INFO  | DNAudit | user=null | ip=null | op=WRITE_CHUNK {blockData=conID: 1 locID: 102704234571760077 bcsId: 0} | ret=SUCCESS |  
2019-08-30 05:17:37,853 | INFO  | DNAudit | user=null | ip=null | op=PUT_BLOCK {blockData=[blockId=conID: 1 locID: 102704234571760077 bcsId: 0,size=1048576]} | ret=SUCCESS |  
2019-08-30 05:17:37,853 | INFO  | DNAudit | user=null | ip=null | op=WRITE_CHUNK {blockData=conID: 1 locID: 102704234571760077 bcsId: 0} | ret=SUCCESS |  
2019-08-30 05:17:37,853 [grpc-default-executor-3] INFO  client.GrpcClientProtocolClient (GrpcClientProtocolClient.java:onNext(255)) - client-574492D41EE7->134d4672-e322-4e4b-b7f3-5645abb0fe8c: receive RaftClientReply:client-574492D41EE7->134d4672-e322-4e4b-b7f3-5645abb0fe8c@group-3CB1DFFBCDC2, cid=1178, SUCCESS, logIndex=1632, commits[134d4672-e322-4e4b-b7f3-5645abb0fe8c:c1633, 73af84f3-3e88-4c8c-894c-3ad307bcac8d:c1631, 730a25a1-dbec-44ed-975b-a44ab0096beb:c1631]
2019-08-30 05:17:37,854 | INFO  | DNAudit | user=null | ip=null | op=PUT_BLOCK {blockData=[blockId=conID: 1 locID: 102704234571760077 bcsId: 0,size=2097152]} | ret=SUCCESS |  
2019-08-30 05:17:37,854 [grpc-default-executor-3] INFO  client.GrpcClientProtocolClient (GrpcClientProtocolClient.java:onNext(255)) - client-574492D41EE7->134d4672-e322-4e4b-b7f3-5645abb0fe8c: receive RaftClientReply:client-574492D41EE7->134d4672-e322-4e4b-b7f3-5645abb0fe8c@group-3CB1DFFBCDC2, cid=1179, SUCCESS, logIndex=1633, commits[134d4672-e322-4e4b-b7f3-5645abb0fe8c:c1634, 73af84f3-3e88-4c8c-894c-3ad307bcac8d:c1631, 730a25a1-dbec-44ed-975b-a44ab0096beb:c1631]
2019-08-30 05:17:37,854 [grpc-default-executor-3] INFO  client.GrpcClientProtocolClient (GrpcClientProtocolClient.java:onNext(255)) - client-574492D41EE7->134d4672-e322-4e4b-b7f3-5645abb0fe8c: receive RaftClientReply:client-574492D41EE7->134d4672-e322-4e4b-b7f3-5645abb0fe8c@group-3CB1DFFBCDC2, cid=1180, SUCCESS, logIndex=1634, commits[134d4672-e322-4e4b-b7f3-5645abb0fe8c:c1635, 73af84f3-3e88-4c8c-894c-3ad307bcac8d:c1631, 730a25a1-dbec-44ed-975b-a44ab0096beb:c1631]
2019-08-30 05:17:37,854 | INFO  | DNAudit | user=null | ip=null | op=WRITE_CHUNK {blockData=conID: 1 locID: 102704234571760077 bcsId: 0} | ret=SUCCESS |  
2019-08-30 05:17:37,854 [grpc-default-executor-3] INFO  client.GrpcClientProtocolClient (GrpcClientProtocolClient.java:onNext(255)) - client-574492D41EE7->134d4672-e322-4e4b-b7f3-5645abb0fe8c: receive RaftClientReply:client-574492D41EE7->134d4672-e322-4e4b-b7f3-5645abb0fe8c@group-3CB1DFFBCDC2, cid=1181, SUCCESS, logIndex=1635, commits[134d4672-e322-4e4b-b7f3-5645abb0fe8c:c1635, 73af84f3-3e88-4c8c-894c-3ad307bcac8d:c1631, 730a25a1-dbec-44ed-975b-a44ab0096beb:c1631]
2019-08-30 05:17:37,855 | INFO  | DNAudit | user=null | ip=null | op=PUT_BLOCK {blockData=[blockId=conID: 1 locID: 102704234571760077 bcsId: 0,size=1048576]} | ret=SUCCESS |  
2019-08-30 05:17:37,856 | INFO  | DNAudit | user=null | ip=null | op=WRITE_CHUNK {blockData=conID: 1 locID: 102704234571760077 bcsId: 0} | ret=SUCCESS |  
2019-08-30 05:17:37,857 | INFO  | DNAudit | user=null | ip=null | op=PUT_BLOCK {blockData=[blockId=conID: 1 locID: 102704234571760077 bcsId: 0,size=1048576]} | ret=SUCCESS |  
2019-08-30 05:17:37,857 [grpc-default-executor-3] INFO  client.GrpcClientProtocolClient (GrpcClientProtocolClient.java:onNext(255)) - client-574492D41EE7->134d4672-e322-4e4b-b7f3-5645abb0fe8c: receive RaftClientReply:client-574492D41EE7->134d4672-e322-4e4b-b7f3-5645abb0fe8c@group-3CB1DFFBCDC2, cid=1182, SUCCESS, logIndex=0, commits[134d4672-e322-4e4b-b7f3-5645abb0fe8c:c1637, 73af84f3-3e88-4c8c-894c-3ad307bcac8d:c1633, 730a25a1-dbec-44ed-975b-a44ab0096beb:c1633]
2019-08-30 05:17:37,864 | INFO  | DNAudit | user=null | ip=null | op=WRITE_CHUNK {blockData=conID: 1 locID: 102704234571760077 bcsId: 1635} | ret=SUCCESS |  
2019-08-30 05:17:37,865 | INFO  | DNAudit | user=null | ip=null | op=WRITE_CHUNK {blockData=conID: 1 locID: 102704234571760077 bcsId: 1635} | ret=SUCCESS |  
2019-08-30 05:17:37,865 | INFO  | DNAudit | user=null | ip=null | op=WRITE_CHUNK {blockData=conID: 1 locID: 102704234571760077 bcsId: 1635} | ret=SUCCESS |  
2019-08-30 05:17:37,867 | INFO  | DNAudit | user=null | ip=null | op=WRITE_CHUNK {blockData=conID: 1 locID: 102704234571760077 bcsId: 0} | ret=SUCCESS |  
2019-08-30 05:17:37,868 | INFO  | DNAudit | user=null | ip=null | op=PUT_BLOCK {blockData=[blockId=conID: 1 locID: 102704234571760077 bcsId: 0,size=2097152]} | ret=SUCCESS |  
2019-08-30 05:17:37,868 | INFO  | DNAudit | user=null | ip=null | op=WRITE_CHUNK {blockData=conID: 1 locID: 102704234571760077 bcsId: 0} | ret=SUCCESS |  
2019-08-30 05:17:37,868 | INFO  | DNAudit | user=null | ip=null | op=PUT_BLOCK {blockData=[blockId=conID: 1 locID: 102704234571760077 bcsId: 0,size=2097152]} | ret=SUCCESS |  
2019-08-30 05:17:37,870 | INFO  | DNAudit | user=null | ip=null | op=WRITE_CHUNK {blockData=conID: 1 locID: 102704234571760077 bcsId: 1635} | ret=SUCCESS |  
2019-08-30 05:17:37,871 | INFO  | DNAudit | user=null | ip=null | op=PUT_BLOCK {blockData=[blockId=conID: 1 locID: 102704234571760077 bcsId: 0,size=3145728]} | ret=SUCCESS |  
2019-08-30 05:17:37,871 [grpc-default-executor-5] INFO  client.GrpcClientProtocolClient (GrpcClientProtocolClient.java:onNext(255)) - client-574492D41EE7->134d4672-e322-4e4b-b7f3-5645abb0fe8c: receive RaftClientReply:client-574492D41EE7->134d4672-e322-4e4b-b7f3-5645abb0fe8c@group-3CB1DFFBCDC2, cid=1183, SUCCESS, logIndex=1640, commits[134d4672-e322-4e4b-b7f3-5645abb0fe8c:c1641, 73af84f3-3e88-4c8c-894c-3ad307bcac8d:c1635, 730a25a1-dbec-44ed-975b-a44ab0096beb:c1637]
2019-08-30 05:17:37,871 [grpc-default-executor-5] INFO  client.GrpcClientProtocolClient (GrpcClientProtocolClient.java:onNext(255)) - client-574492D41EE7->134d4672-e322-4e4b-b7f3-5645abb0fe8c: receive RaftClientReply:client-574492D41EE7->134d4672-e322-4e4b-b7f3-5645abb0fe8c@group-3CB1DFFBCDC2, cid=1184, SUCCESS, logIndex=1641, commits[134d4672-e322-4e4b-b7f3-5645abb0fe8c:c1641, 73af84f3-3e88-4c8c-894c-3ad307bcac8d:c1637, 730a25a1-dbec-44ed-975b-a44ab0096beb:c1637]
2019-08-30 05:17:37,877 | INFO  | DNAudit | user=null | ip=null | op=WRITE_CHUNK {blockData=conID: 1 locID: 102704234571760077 bcsId: 1641} | ret=SUCCESS |  
2019-08-30 05:17:37,879 | INFO  | DNAudit | user=null | ip=null | op=WRITE_CHUNK {blockData=conID: 1 locID: 102704234571760077 bcsId: 1641} | ret=SUCCESS |  
2019-08-30 05:17:37,879 | INFO  | DNAudit | user=null | ip=null | op=WRITE_CHUNK {blockData=conID: 1 locID: 102704234571760077 bcsId: 1641} | ret=SUCCESS |  
2019-08-30 05:17:37,882 | INFO  | DNAudit | user=null | ip=null | op=WRITE_CHUNK {blockData=conID: 1 locID: 102704234571760077 bcsId: 1635} | ret=SUCCESS |  
2019-08-30 05:17:37,882 | INFO  | DNAudit | user=null | ip=null | op=WRITE_CHUNK {blockData=conID: 1 locID: 102704234571760077 bcsId: 1635} | ret=SUCCESS |  
2019-08-30 05:17:37,882 | INFO  | DNAudit | user=null | ip=null | op=PUT_BLOCK {blockData=[blockId=conID: 1 locID: 102704234571760077 bcsId: 0,size=3145728]} | ret=SUCCESS |  
2019-08-30 05:17:37,882 | INFO  | DNAudit | user=null | ip=null | op=PUT_BLOCK {blockData=[blockId=conID: 1 locID: 102704234571760077 bcsId: 0,size=3145728]} | ret=SUCCESS |  
2019-08-30 05:17:37,885 | INFO  | DNAudit | user=null | ip=null | op=WRITE_CHUNK {blockData=conID: 1 locID: 102704234571760077 bcsId: 1641} | ret=SUCCESS |  
2019-08-30 05:17:37,885 | INFO  | DNAudit | user=null | ip=null | op=PUT_BLOCK {blockData=[blockId=conID: 1 locID: 102704234571760077 bcsId: 0,size=4194304]} | ret=SUCCESS |  
2019-08-30 05:17:37,886 [grpc-default-executor-6] INFO  client.GrpcClientProtocolClient (GrpcClientProtocolClient.java:onNext(255)) - client-574492D41EE7->134d4672-e322-4e4b-b7f3-5645abb0fe8c: receive RaftClientReply:client-574492D41EE7->134d4672-e322-4e4b-b7f3-5645abb0fe8c@group-3CB1DFFBCDC2, cid=1185, SUCCESS, logIndex=1643, commits[134d4672-e322-4e4b-b7f3-5645abb0fe8c:c1644, 73af84f3-3e88-4c8c-894c-3ad307bcac8d:c1641, 730a25a1-dbec-44ed-975b-a44ab0096beb:c1641]
2019-08-30 05:17:37,886 [grpc-default-executor-6] INFO  client.GrpcClientProtocolClient (GrpcClientProtocolClient.java:onNext(255)) - client-574492D41EE7->134d4672-e322-4e4b-b7f3-5645abb0fe8c: receive RaftClientReply:client-574492D41EE7->134d4672-e322-4e4b-b7f3-5645abb0fe8c@group-3CB1DFFBCDC2, cid=1186, SUCCESS, logIndex=1644, commits[134d4672-e322-4e4b-b7f3-5645abb0fe8c:c1644, 73af84f3-3e88-4c8c-894c-3ad307bcac8d:c1641, 730a25a1-dbec-44ed-975b-a44ab0096beb:c1641]
2019-08-30 05:17:37,897 | INFO  | DNAudit | user=null | ip=null | op=WRITE_CHUNK {blockData=conID: 1 locID: 102704234571760077 bcsId: 1641} | ret=SUCCESS |  
2019-08-30 05:17:37,897 | INFO  | DNAudit | user=null | ip=null | op=WRITE_CHUNK {blockData=conID: 1 locID: 102704234571760077 bcsId: 1641} | ret=SUCCESS |  
2019-08-30 05:17:37,900 | INFO  | DNAudit | user=null | ip=null | op=PUT_BLOCK {blockData=[blockId=conID: 1 locID: 102704234571760077 bcsId: 0,size=4194304]} | ret=SUCCESS |  
2019-08-30 05:17:37,900 | INFO  | DNAudit | user=null | ip=null | op=PUT_BLOCK {blockData=[blockId=conID: 1 locID: 102704234571760077 bcsId: 0,size=4194304]} | ret=SUCCESS |  
2019-08-30 05:17:37,900 [grpc-default-executor-3] INFO  client.GrpcClientProtocolClient (GrpcClientProtocolClient.java:onNext(255)) - client-574492D41EE7->134d4672-e322-4e4b-b7f3-5645abb0fe8c: receive RaftClientReply:client-574492D41EE7->134d4672-e322-4e4b-b7f3-5645abb0fe8c@group-3CB1DFFBCDC2, cid=1187, SUCCESS, logIndex=0, commits[134d4672-e322-4e4b-b7f3-5645abb0fe8c:c1646, 73af84f3-3e88-4c8c-894c-3ad307bcac8d:c1644, 730a25a1-dbec-44ed-975b-a44ab0096beb:c1644]
2019-08-30 05:17:37,906 | INFO  | DNAudit | user=null | ip=null | op=WRITE_CHUNK {blockData=conID: 2 locID: 102704234571760078 bcsId: 0} | ret=SUCCESS |  
2019-08-30 05:17:37,909 | INFO  | DNAudit | user=null | ip=null | op=WRITE_CHUNK {blockData=conID: 2 locID: 102704234571760078 bcsId: 0} | ret=SUCCESS |  
2019-08-30 05:17:37,910 | INFO  | DNAudit | user=null | ip=null | op=WRITE_CHUNK {blockData=conID: 2 locID: 102704234571760078 bcsId: 0} | ret=SUCCESS |  
2019-08-30 05:17:37,910 | INFO  | DNAudit | user=null | ip=null | op=WRITE_CHUNK {blockData=conID: 2 locID: 102704234571760078 bcsId: 0} | ret=SUCCESS |  
2019-08-30 05:17:37,910 | INFO  | DNAudit | user=null | ip=null | op=WRITE_CHUNK {blockData=conID: 2 locID: 102704234571760078 bcsId: 0} | ret=SUCCESS |  
2019-08-30 05:17:37,912 | INFO  | DNAudit | user=null | ip=null | op=WRITE_CHUNK {blockData=conID: 2 locID: 102704234571760078 bcsId: 0} | ret=SUCCESS |  
2019-08-30 05:17:37,919 | INFO  | DNAudit | user=null | ip=null | op=WRITE_CHUNK {blockData=conID: 2 locID: 102704234571760078 bcsId: 0} | ret=SUCCESS |  
2019-08-30 05:17:37,919 | INFO  | DNAudit | user=null | ip=null | op=PUT_BLOCK {blockData=[blockId=conID: 2 locID: 102704234571760078 bcsId: 0,size=1048576]} | ret=SUCCESS |  
2019-08-30 05:17:37,919 | INFO  | DNAudit | user=null | ip=null | op=WRITE_CHUNK {blockData=conID: 2 locID: 102704234571760078 bcsId: 0} | ret=SUCCESS |  
2019-08-30 05:17:37,919 [grpc-default-executor-1] INFO  client.GrpcClientProtocolClient (GrpcClientProtocolClient.java:onNext(255)) - client-574492D41EE7->134d4672-e322-4e4b-b7f3-5645abb0fe8c: receive RaftClientReply:client-574492D41EE7->134d4672-e322-4e4b-b7f3-5645abb0fe8c@group-3CB1DFFBCDC2, cid=1188, SUCCESS, logIndex=1647, commits[134d4672-e322-4e4b-b7f3-5645abb0fe8c:c1649, 73af84f3-3e88-4c8c-894c-3ad307bcac8d:c1646, 730a25a1-dbec-44ed-975b-a44ab0096beb:c1646]
2019-08-30 05:17:37,920 | INFO  | DNAudit | user=null | ip=null | op=PUT_BLOCK {blockData=[blockId=conID: 2 locID: 102704234571760078 bcsId: 0,size=2097152]} | ret=SUCCESS |  
2019-08-30 05:17:37,920 [grpc-default-executor-1] INFO  client.GrpcClientProtocolClient (GrpcClientProtocolClient.java:onNext(255)) - client-574492D41EE7->134d4672-e322-4e4b-b7f3-5645abb0fe8c: receive RaftClientReply:client-574492D41EE7->134d4672-e322-4e4b-b7f3-5645abb0fe8c@group-3CB1DFFBCDC2, cid=1189, SUCCESS, logIndex=1648, commits[134d4672-e322-4e4b-b7f3-5645abb0fe8c:c1650, 73af84f3-3e88-4c8c-894c-3ad307bcac8d:c1646, 730a25a1-dbec-44ed-975b-a44ab0096beb:c1646]
2019-08-30 05:17:37,920 [grpc-default-executor-1] INFO  client.GrpcClientProtocolClient (GrpcClientProtocolClient.java:onNext(255)) - client-574492D41EE7->134d4672-e322-4e4b-b7f3-5645abb0fe8c: receive RaftClientReply:client-574492D41EE7->134d4672-e322-4e4b-b7f3-5645abb0fe8c@group-3CB1DFFBCDC2, cid=1190, SUCCESS, logIndex=1649, commits[134d4672-e322-4e4b-b7f3-5645abb0fe8c:c1650, 73af84f3-3e88-4c8c-894c-3ad307bcac8d:c1646, 730a25a1-dbec-44ed-975b-a44ab0096beb:c1646]
2019-08-30 05:17:37,920 [grpc-default-executor-1] INFO  client.GrpcClientProtocolClient (GrpcClientProtocolClient.java:onNext(255)) - client-574492D41EE7->134d4672-e322-4e4b-b7f3-5645abb0fe8c: receive RaftClientReply:client-574492D41EE7->134d4672-e322-4e4b-b7f3-5645abb0fe8c@group-3CB1DFFBCDC2, cid=1191, SUCCESS, logIndex=1650, commits[134d4672-e322-4e4b-b7f3-5645abb0fe8c:c1650, 73af84f3-3e88-4c8c-894c-3ad307bcac8d:c1646, 730a25a1-dbec-44ed-975b-a44ab0096beb:c1646]
2019-08-30 05:17:37,922 | INFO  | DNAudit | user=null | ip=null | op=WRITE_CHUNK {blockData=conID: 2 locID: 102704234571760078 bcsId: 0} | ret=SUCCESS |  
2019-08-30 05:17:37,922 | INFO  | DNAudit | user=null | ip=null | op=WRITE_CHUNK {blockData=conID: 2 locID: 102704234571760078 bcsId: 0} | ret=SUCCESS |  
2019-08-30 05:17:37,933 | INFO  | DNAudit | user=null | ip=null | op=PUT_BLOCK {blockData=[blockId=conID: 2 locID: 102704234571760078 bcsId: 0,size=1048576]} | ret=SUCCESS |  
2019-08-30 05:17:37,933 | INFO  | DNAudit | user=null | ip=null | op=PUT_BLOCK {blockData=[blockId=conID: 2 locID: 102704234571760078 bcsId: 0,size=1048576]} | ret=SUCCESS |  
2019-08-30 05:17:37,933 | INFO  | DNAudit | user=null | ip=null | op=WRITE_CHUNK {blockData=conID: 2 locID: 102704234571760078 bcsId: 0} | ret=SUCCESS |  
2019-08-30 05:17:37,933 | INFO  | DNAudit | user=null | ip=null | op=PUT_BLOCK {blockData=[blockId=conID: 2 locID: 102704234571760078 bcsId: 0,size=2097152]} | ret=SUCCESS |  
2019-08-30 05:17:37,933 | INFO  | DNAudit | user=null | ip=null | op=WRITE_CHUNK {blockData=conID: 2 locID: 102704234571760078 bcsId: 0} | ret=SUCCESS |  
2019-08-30 05:17:37,934 | INFO  | DNAudit | user=null | ip=null | op=PUT_BLOCK {blockData=[blockId=conID: 2 locID: 102704234571760078 bcsId: 0,size=2097152]} | ret=SUCCESS |  
2019-08-30 05:17:37,934 [grpc-default-executor-3] INFO  client.GrpcClientProtocolClient (GrpcClientProtocolClient.java:onNext(255)) - client-574492D41EE7->134d4672-e322-4e4b-b7f3-5645abb0fe8c: receive RaftClientReply:client-574492D41EE7->134d4672-e322-4e4b-b7f3-5645abb0fe8c@group-3CB1DFFBCDC2, cid=1192, SUCCESS, logIndex=0, commits[134d4672-e322-4e4b-b7f3-5645abb0fe8c:c1652, 73af84f3-3e88-4c8c-894c-3ad307bcac8d:c1648, 730a25a1-dbec-44ed-975b-a44ab0096beb:c1648]
2019-08-30 05:17:37,939 | INFO  | DNAudit | user=null | ip=null | op=WRITE_CHUNK {blockData=conID: 2 locID: 102704234571760078 bcsId: 1650} | ret=SUCCESS |  
2019-08-30 05:17:37,942 | INFO  | DNAudit | user=null | ip=null | op=WRITE_CHUNK {blockData=conID: 2 locID: 102704234571760078 bcsId: 1650} | ret=SUCCESS |  
2019-08-30 05:17:37,943 | INFO  | DNAudit | user=null | ip=null | op=WRITE_CHUNK {blockData=conID: 2 locID: 102704234571760078 bcsId: 1650} | ret=SUCCESS |  
2019-08-30 05:17:37,952 | INFO  | DNAudit | user=null | ip=null | op=WRITE_CHUNK {blockData=conID: 2 locID: 102704234571760078 bcsId: 1650} | ret=SUCCESS |  
2019-08-30 05:17:37,952 | INFO  | DNAudit | user=null | ip=null | op=PUT_BLOCK {blockData=[blockId=conID: 2 locID: 102704234571760078 bcsId: 0,size=3145728]} | ret=SUCCESS |  
2019-08-30 05:17:37,952 [grpc-default-executor-1] INFO  client.GrpcClientProtocolClient (GrpcClientProtocolClient.java:onNext(255)) - client-574492D41EE7->134d4672-e322-4e4b-b7f3-5645abb0fe8c: receive RaftClientReply:client-574492D41EE7->134d4672-e322-4e4b-b7f3-5645abb0fe8c@group-3CB1DFFBCDC2, cid=1193, SUCCESS, logIndex=1655, commits[134d4672-e322-4e4b-b7f3-5645abb0fe8c:c1656, 73af84f3-3e88-4c8c-894c-3ad307bcac8d:c1654, 730a25a1-dbec-44ed-975b-a44ab0096beb:c1654]
2019-08-30 05:17:37,953 [grpc-default-executor-1] INFO  client.GrpcClientProtocolClient (GrpcClientProtocolClient.java:onNext(255)) - client-574492D41EE7->134d4672-e322-4e4b-b7f3-5645abb0fe8c: receive RaftClientReply:client-574492D41EE7->134d4672-e322-4e4b-b7f3-5645abb0fe8c@group-3CB1DFFBCDC2, cid=1194, SUCCESS, logIndex=1656, commits[134d4672-e322-4e4b-b7f3-5645abb0fe8c:c1656, 73af84f3-3e88-4c8c-894c-3ad307bcac8d:c1654, 730a25a1-dbec-44ed-975b-a44ab0096beb:c1654]
2019-08-30 05:17:37,958 | INFO  | DNAudit | user=null | ip=null | op=WRITE_CHUNK {blockData=conID: 2 locID: 102704234571760078 bcsId: 1656} | ret=SUCCESS |  
2019-08-30 05:17:37,960 | INFO  | DNAudit | user=null | ip=null | op=WRITE_CHUNK {blockData=conID: 2 locID: 102704234571760078 bcsId: 1656} | ret=SUCCESS |  
2019-08-30 05:17:37,961 | INFO  | DNAudit | user=null | ip=null | op=WRITE_CHUNK {blockData=conID: 2 locID: 102704234571760078 bcsId: 1656} | ret=SUCCESS |  
2019-08-30 05:17:37,963 | INFO  | DNAudit | user=null | ip=null | op=WRITE_CHUNK {blockData=conID: 2 locID: 102704234571760078 bcsId: 1650} | ret=SUCCESS |  
2019-08-30 05:17:37,963 | INFO  | DNAudit | user=null | ip=null | op=WRITE_CHUNK {blockData=conID: 2 locID: 102704234571760078 bcsId: 1650} | ret=SUCCESS |  
2019-08-30 05:17:37,964 | INFO  | DNAudit | user=null | ip=null | op=PUT_BLOCK {blockData=[blockId=conID: 2 locID: 102704234571760078 bcsId: 0,size=3145728]} | ret=SUCCESS |  
2019-08-30 05:17:37,966 | INFO  | DNAudit | user=null | ip=null | op=PUT_BLOCK {blockData=[blockId=conID: 2 locID: 102704234571760078 bcsId: 0,size=3145728]} | ret=SUCCESS |  
2019-08-30 05:17:37,967 | INFO  | DNAudit | user=null | ip=null | op=WRITE_CHUNK {blockData=conID: 2 locID: 102704234571760078 bcsId: 1656} | ret=SUCCESS |  
2019-08-30 05:17:37,967 | INFO  | DNAudit | user=null | ip=null | op=PUT_BLOCK {blockData=[blockId=conID: 2 locID: 102704234571760078 bcsId: 0,size=4194304]} | ret=SUCCESS |  
2019-08-30 05:17:37,967 [grpc-default-executor-6] INFO  client.GrpcClientProtocolClient (GrpcClientProtocolClient.java:onNext(255)) - client-574492D41EE7->134d4672-e322-4e4b-b7f3-5645abb0fe8c: receive RaftClientReply:client-574492D41EE7->134d4672-e322-4e4b-b7f3-5645abb0fe8c@group-3CB1DFFBCDC2, cid=1195, SUCCESS, logIndex=1659, commits[134d4672-e322-4e4b-b7f3-5645abb0fe8c:c1660, 73af84f3-3e88-4c8c-894c-3ad307bcac8d:c1656, 730a25a1-dbec-44ed-975b-a44ab0096beb:c1656]
2019-08-30 05:17:37,967 [grpc-default-executor-6] INFO  client.GrpcClientProtocolClient (GrpcClientProtocolClient.java:onNext(255)) - client-574492D41EE7->134d4672-e322-4e4b-b7f3-5645abb0fe8c: receive RaftClientReply:client-574492D41EE7->134d4672-e322-4e4b-b7f3-5645abb0fe8c@group-3CB1DFFBCDC2, cid=1196, SUCCESS, logIndex=1660, commits[134d4672-e322-4e4b-b7f3-5645abb0fe8c:c1660, 73af84f3-3e88-4c8c-894c-3ad307bcac8d:c1656, 730a25a1-dbec-44ed-975b-a44ab0096beb:c1656]
2019-08-30 05:17:37,977 | INFO  | DNAudit | user=null | ip=null | op=WRITE_CHUNK {blockData=conID: 2 locID: 102704234571760078 bcsId: 1656} | ret=SUCCESS |  
2019-08-30 05:17:37,977 | INFO  | DNAudit | user=null | ip=null | op=WRITE_CHUNK {blockData=conID: 2 locID: 102704234571760078 bcsId: 1656} | ret=SUCCESS |  
2019-08-30 05:17:37,979 | INFO  | DNAudit | user=null | ip=null | op=PUT_BLOCK {blockData=[blockId=conID: 2 locID: 102704234571760078 bcsId: 0,size=4194304]} | ret=SUCCESS |  
2019-08-30 05:17:37,979 | INFO  | DNAudit | user=null | ip=null | op=PUT_BLOCK {blockData=[blockId=conID: 2 locID: 102704234571760078 bcsId: 0,size=4194304]} | ret=SUCCESS |  
2019-08-30 05:17:37,980 [grpc-default-executor-3] INFO  client.GrpcClientProtocolClient (GrpcClientProtocolClient.java:onNext(255)) - client-574492D41EE7->134d4672-e322-4e4b-b7f3-5645abb0fe8c: receive RaftClientReply:client-574492D41EE7->134d4672-e322-4e4b-b7f3-5645abb0fe8c@group-3CB1DFFBCDC2, cid=1197, SUCCESS, logIndex=0, commits[134d4672-e322-4e4b-b7f3-5645abb0fe8c:c1662, 73af84f3-3e88-4c8c-894c-3ad307bcac8d:c1660, 730a25a1-dbec-44ed-975b-a44ab0096beb:c1660]
2019-08-30 05:17:37,983 | INFO  | SCMAudit | user=jenkins1000 | ip=192.168.36.106 | op=SEND_HEARTBEAT {datanodeUUID=730a25a1-dbec-44ed-975b-a44ab0096beb, command=[]} | ret=SUCCESS |  
2019-08-30 05:17:37,983 | INFO  | SCMAudit | user=jenkins1000 | ip=192.168.36.106 | op=SEND_HEARTBEAT {datanodeUUID=73af84f3-3e88-4c8c-894c-3ad307bcac8d, command=[]} | ret=SUCCESS |  
2019-08-30 05:17:37,986 | INFO  | DNAudit | user=null | ip=null | op=WRITE_CHUNK {blockData=conID: 3 locID: 102704234571760079 bcsId: 0} | ret=SUCCESS |  
2019-08-30 05:17:37,989 | INFO  | DNAudit | user=null | ip=null | op=WRITE_CHUNK {blockData=conID: 3 locID: 102704234571760079 bcsId: 0} | ret=SUCCESS |  
2019-08-30 05:17:37,989 | INFO  | DNAudit | user=null | ip=null | op=WRITE_CHUNK {blockData=conID: 3 locID: 102704234571760079 bcsId: 0} | ret=SUCCESS |  
2019-08-30 05:17:37,989 | INFO  | DNAudit | user=null | ip=null | op=WRITE_CHUNK {blockData=conID: 3 locID: 102704234571760079 bcsId: 0} | ret=SUCCESS |  
2019-08-30 05:17:37,990 | INFO  | DNAudit | user=null | ip=null | op=WRITE_CHUNK {blockData=conID: 3 locID: 102704234571760079 bcsId: 0} | ret=SUCCESS |  
2019-08-30 05:17:37,991 | INFO  | DNAudit | user=null | ip=null | op=WRITE_CHUNK {blockData=conID: 3 locID: 102704234571760079 bcsId: 0} | ret=SUCCESS |  
2019-08-30 05:17:37,999 | INFO  | DNAudit | user=null | ip=null | op=WRITE_CHUNK {blockData=conID: 3 locID: 102704234571760079 bcsId: 0} | ret=SUCCESS |  
2019-08-30 05:17:37,999 | INFO  | DNAudit | user=null | ip=null | op=PUT_BLOCK {blockData=[blockId=conID: 3 locID: 102704234571760079 bcsId: 0,size=1048576]} | ret=SUCCESS |  
2019-08-30 05:17:38,000 [grpc-default-executor-1] INFO  client.GrpcClientProtocolClient (GrpcClientProtocolClient.java:onNext(255)) - client-574492D41EE7->134d4672-e322-4e4b-b7f3-5645abb0fe8c: receive RaftClientReply:client-574492D41EE7->134d4672-e322-4e4b-b7f3-5645abb0fe8c@group-3CB1DFFBCDC2, cid=1198, SUCCESS, logIndex=1663, commits[134d4672-e322-4e4b-b7f3-5645abb0fe8c:c1664, 73af84f3-3e88-4c8c-894c-3ad307bcac8d:c1660, 730a25a1-dbec-44ed-975b-a44ab0096beb:c1662]
2019-08-30 05:17:38,000 | INFO  | DNAudit | user=null | ip=null | op=WRITE_CHUNK {blockData=conID: 3 locID: 102704234571760079 bcsId: 0} | ret=SUCCESS |  
2019-08-30 05:17:38,000 [grpc-default-executor-1] INFO  client.GrpcClientProtocolClient (GrpcClientProtocolClient.java:onNext(255)) - client-574492D41EE7->134d4672-e322-4e4b-b7f3-5645abb0fe8c: receive RaftClientReply:client-574492D41EE7->134d4672-e322-4e4b-b7f3-5645abb0fe8c@group-3CB1DFFBCDC2, cid=1199, SUCCESS, logIndex=1664, commits[134d4672-e322-4e4b-b7f3-5645abb0fe8c:c1664, 73af84f3-3e88-4c8c-894c-3ad307bcac8d:c1662, 730a25a1-dbec-44ed-975b-a44ab0096beb:c1662]
2019-08-30 05:17:38,000 | INFO  | DNAudit | user=null | ip=null | op=PUT_BLOCK {blockData=[blockId=conID: 3 locID: 102704234571760079 bcsId: 0,size=2097152]} | ret=SUCCESS |  
2019-08-30 05:17:38,001 [grpc-default-executor-1] INFO  client.GrpcClientProtocolClient (GrpcClientProtocolClient.java:onNext(255)) - client-574492D41EE7->134d4672-e322-4e4b-b7f3-5645abb0fe8c: receive RaftClientReply:client-574492D41EE7->134d4672-e322-4e4b-b7f3-5645abb0fe8c@group-3CB1DFFBCDC2, cid=1200, SUCCESS, logIndex=1665, commits[134d4672-e322-4e4b-b7f3-5645abb0fe8c:c1666, 73af84f3-3e88-4c8c-894c-3ad307bcac8d:c1662, 730a25a1-dbec-44ed-975b-a44ab0096beb:c1662]
2019-08-30 05:17:38,001 [grpc-default-executor-1] INFO  client.GrpcClientProtocolClient (GrpcClientProtocolClient.java:onNext(255)) - client-574492D41EE7->134d4672-e322-4e4b-b7f3-5645abb0fe8c: receive RaftClientReply:client-574492D41EE7->134d4672-e322-4e4b-b7f3-5645abb0fe8c@group-3CB1DFFBCDC2, cid=1201, SUCCESS, logIndex=1666, commits[134d4672-e322-4e4b-b7f3-5645abb0fe8c:c1666, 73af84f3-3e88-4c8c-894c-3ad307bcac8d:c1662, 730a25a1-dbec-44ed-975b-a44ab0096beb:c1662]
2019-08-30 05:17:38,001 | INFO  | DNAudit | user=null | ip=null | op=WRITE_CHUNK {blockData=conID: 3 locID: 102704234571760079 bcsId: 0} | ret=SUCCESS |  
2019-08-30 05:17:38,001 | INFO  | DNAudit | user=null | ip=null | op=PUT_BLOCK {blockData=[blockId=conID: 3 locID: 102704234571760079 bcsId: 0,size=1048576]} | ret=SUCCESS |  
2019-08-30 05:17:38,002 | INFO  | DNAudit | user=null | ip=null | op=WRITE_CHUNK {blockData=conID: 3 locID: 102704234571760079 bcsId: 0} | ret=SUCCESS |  
2019-08-30 05:17:38,003 | INFO  | DNAudit | user=null | ip=null | op=PUT_BLOCK {blockData=[blockId=conID: 3 locID: 102704234571760079 bcsId: 0,size=1048576]} | ret=SUCCESS |  
2019-08-30 05:17:38,003 [grpc-default-executor-6] INFO  client.GrpcClientProtocolClient (GrpcClientProtocolClient.java:onNext(255)) - client-574492D41EE7->134d4672-e322-4e4b-b7f3-5645abb0fe8c: receive RaftClientReply:client-574492D41EE7->134d4672-e322-4e4b-b7f3-5645abb0fe8c@group-3CB1DFFBCDC2, cid=1202, SUCCESS, logIndex=0, commits[134d4672-e322-4e4b-b7f3-5645abb0fe8c:c1668, 73af84f3-3e88-4c8c-894c-3ad307bcac8d:c1664, 730a25a1-dbec-44ed-975b-a44ab0096beb:c1664]
2019-08-30 05:17:38,003 | INFO  | DNAudit | user=null | ip=null | op=WRITE_CHUNK {blockData=conID: 3 locID: 102704234571760079 bcsId: 0} | ret=SUCCESS |  
2019-08-30 05:17:38,003 | INFO  | DNAudit | user=null | ip=null | op=WRITE_CHUNK {blockData=conID: 3 locID: 102704234571760079 bcsId: 0} | ret=SUCCESS |  
2019-08-30 05:17:38,003 | INFO  | DNAudit | user=null | ip=null | op=PUT_BLOCK {blockData=[blockId=conID: 3 locID: 102704234571760079 bcsId: 0,size=2097152]} | ret=SUCCESS |  
2019-08-30 05:17:38,004 | INFO  | DNAudit | user=null | ip=null | op=PUT_BLOCK {blockData=[blockId=conID: 3 locID: 102704234571760079 bcsId: 0,size=2097152]} | ret=SUCCESS |  
2019-08-30 05:17:38,008 | INFO  | DNAudit | user=null | ip=null | op=WRITE_CHUNK {blockData=conID: 3 locID: 102704234571760079 bcsId: 1666} | ret=SUCCESS |  
2019-08-30 05:17:38,010 | INFO  | DNAudit | user=null | ip=null | op=WRITE_CHUNK {blockData=conID: 3 locID: 102704234571760079 bcsId: 1666} | ret=SUCCESS |  
2019-08-30 05:17:38,010 | INFO  | DNAudit | user=null | ip=null | op=WRITE_CHUNK {blockData=conID: 3 locID: 102704234571760079 bcsId: 1666} | ret=SUCCESS |  
2019-08-30 05:17:38,042 | INFO  | DNAudit | user=null | ip=null | op=WRITE_CHUNK {blockData=conID: 3 locID: 102704234571760079 bcsId: 1666} | ret=SUCCESS |  
2019-08-30 05:17:38,042 | INFO  | DNAudit | user=null | ip=null | op=PUT_BLOCK {blockData=[blockId=conID: 3 locID: 102704234571760079 bcsId: 0,size=3145728]} | ret=SUCCESS |  
2019-08-30 05:17:38,042 [grpc-default-executor-5] INFO  client.GrpcClientProtocolClient (GrpcClientProtocolClient.java:onNext(255)) - client-574492D41EE7->134d4672-e322-4e4b-b7f3-5645abb0fe8c: receive RaftClientReply:client-574492D41EE7->134d4672-e322-4e4b-b7f3-5645abb0fe8c@group-3CB1DFFBCDC2, cid=1203, SUCCESS, logIndex=1671, commits[134d4672-e322-4e4b-b7f3-5645abb0fe8c:c1672, 73af84f3-3e88-4c8c-894c-3ad307bcac8d:c1670, 730a25a1-dbec-44ed-975b-a44ab0096beb:c1670]
2019-08-30 05:17:38,043 [grpc-default-executor-5] INFO  client.GrpcClientProtocolClient (GrpcClientProtocolClient.java:onNext(255)) - client-574492D41EE7->134d4672-e322-4e4b-b7f3-5645abb0fe8c: receive RaftClientReply:client-574492D41EE7->134d4672-e322-4e4b-b7f3-5645abb0fe8c@group-3CB1DFFBCDC2, cid=1204, SUCCESS, logIndex=1672, commits[134d4672-e322-4e4b-b7f3-5645abb0fe8c:c1672, 73af84f3-3e88-4c8c-894c-3ad307bcac8d:c1670, 730a25a1-dbec-44ed-975b-a44ab0096beb:c1670]
2019-08-30 05:17:38,048 | INFO  | DNAudit | user=null | ip=null | op=WRITE_CHUNK {blockData=conID: 3 locID: 102704234571760079 bcsId: 1672} | ret=SUCCESS |  
2019-08-30 05:17:38,050 | INFO  | DNAudit | user=null | ip=null | op=WRITE_CHUNK {blockData=conID: 3 locID: 102704234571760079 bcsId: 1672} | ret=SUCCESS |  
2019-08-30 05:17:38,050 | INFO  | DNAudit | user=null | ip=null | op=WRITE_CHUNK {blockData=conID: 3 locID: 102704234571760079 bcsId: 1672} | ret=SUCCESS |  
2019-08-30 05:17:38,058 | INFO  | DNAudit | user=null | ip=null | op=WRITE_CHUNK {blockData=conID: 3 locID: 102704234571760079 bcsId: 1666} | ret=SUCCESS |  
2019-08-30 05:17:38,058 | INFO  | DNAudit | user=null | ip=null | op=PUT_BLOCK {blockData=[blockId=conID: 3 locID: 102704234571760079 bcsId: 0,size=3145728]} | ret=SUCCESS |  
2019-08-30 05:17:38,058 | INFO  | DNAudit | user=null | ip=null | op=WRITE_CHUNK {blockData=conID: 3 locID: 102704234571760079 bcsId: 1666} | ret=SUCCESS |  
2019-08-30 05:17:38,058 | INFO  | DNAudit | user=null | ip=null | op=PUT_BLOCK {blockData=[blockId=conID: 3 locID: 102704234571760079 bcsId: 0,size=3145728]} | ret=SUCCESS |  
2019-08-30 05:17:38,161 | INFO  | DNAudit | user=null | ip=null | op=WRITE_CHUNK {blockData=conID: 3 locID: 102704234571760079 bcsId: 1672} | ret=SUCCESS |  
2019-08-30 05:17:38,161 | INFO  | DNAudit | user=null | ip=null | op=PUT_BLOCK {blockData=[blockId=conID: 3 locID: 102704234571760079 bcsId: 0,size=4194304]} | ret=SUCCESS |  
2019-08-30 05:17:38,161 [grpc-default-executor-5] INFO  client.GrpcClientProtocolClient (GrpcClientProtocolClient.java:onNext(255)) - client-574492D41EE7->134d4672-e322-4e4b-b7f3-5645abb0fe8c: receive RaftClientReply:client-574492D41EE7->134d4672-e322-4e4b-b7f3-5645abb0fe8c@group-3CB1DFFBCDC2, cid=1205, SUCCESS, logIndex=1675, commits[134d4672-e322-4e4b-b7f3-5645abb0fe8c:c1676, 73af84f3-3e88-4c8c-894c-3ad307bcac8d:c1672, 730a25a1-dbec-44ed-975b-a44ab0096beb:c1672]
2019-08-30 05:17:38,162 [grpc-default-executor-5] INFO  client.GrpcClientProtocolClient (GrpcClientProtocolClient.java:onNext(255)) - client-574492D41EE7->134d4672-e322-4e4b-b7f3-5645abb0fe8c: receive RaftClientReply:client-574492D41EE7->134d4672-e322-4e4b-b7f3-5645abb0fe8c@group-3CB1DFFBCDC2, cid=1206, SUCCESS, logIndex=1676, commits[134d4672-e322-4e4b-b7f3-5645abb0fe8c:c1676, 73af84f3-3e88-4c8c-894c-3ad307bcac8d:c1672, 730a25a1-dbec-44ed-975b-a44ab0096beb:c1672]
2019-08-30 05:17:38,174 | INFO  | DNAudit | user=null | ip=null | op=WRITE_CHUNK {blockData=conID: 3 locID: 102704234571760079 bcsId: 1672} | ret=SUCCESS |  
2019-08-30 05:17:38,174 | INFO  | DNAudit | user=null | ip=null | op=WRITE_CHUNK {blockData=conID: 3 locID: 102704234571760079 bcsId: 1672} | ret=SUCCESS |  
2019-08-30 05:17:38,174 | INFO  | DNAudit | user=null | ip=null | op=PUT_BLOCK {blockData=[blockId=conID: 3 locID: 102704234571760079 bcsId: 0,size=4194304]} | ret=SUCCESS |  
2019-08-30 05:17:38,174 | INFO  | DNAudit | user=null | ip=null | op=PUT_BLOCK {blockData=[blockId=conID: 3 locID: 102704234571760079 bcsId: 0,size=4194304]} | ret=SUCCESS |  
2019-08-30 05:17:38,175 [grpc-default-executor-5] INFO  client.GrpcClientProtocolClient (GrpcClientProtocolClient.java:onNext(255)) - client-574492D41EE7->134d4672-e322-4e4b-b7f3-5645abb0fe8c: receive RaftClientReply:client-574492D41EE7->134d4672-e322-4e4b-b7f3-5645abb0fe8c@group-3CB1DFFBCDC2, cid=1207, SUCCESS, logIndex=0, commits[134d4672-e322-4e4b-b7f3-5645abb0fe8c:c1677, 73af84f3-3e88-4c8c-894c-3ad307bcac8d:c1676, 730a25a1-dbec-44ed-975b-a44ab0096beb:c1676]
2019-08-30 05:17:38,182 | INFO  | DNAudit | user=null | ip=null | op=WRITE_CHUNK {blockData=conID: 1 locID: 102704234571760080 bcsId: 0} | ret=SUCCESS |  
2019-08-30 05:17:38,184 | INFO  | DNAudit | user=null | ip=null | op=WRITE_CHUNK {blockData=conID: 1 locID: 102704234571760080 bcsId: 0} | ret=SUCCESS |  
2019-08-30 05:17:38,185 | INFO  | DNAudit | user=null | ip=null | op=WRITE_CHUNK {blockData=conID: 1 locID: 102704234571760080 bcsId: 0} | ret=SUCCESS |  
2019-08-30 05:17:38,185 | INFO  | DNAudit | user=null | ip=null | op=WRITE_CHUNK {blockData=conID: 1 locID: 102704234571760080 bcsId: 0} | ret=SUCCESS |  
2019-08-30 05:17:38,186 | INFO  | DNAudit | user=null | ip=null | op=WRITE_CHUNK {blockData=conID: 1 locID: 102704234571760080 bcsId: 0} | ret=SUCCESS |  
2019-08-30 05:17:38,187 | INFO  | DNAudit | user=null | ip=null | op=WRITE_CHUNK {blockData=conID: 1 locID: 102704234571760080 bcsId: 0} | ret=SUCCESS |  
2019-08-30 05:17:38,187 | INFO  | DNAudit | user=null | ip=null | op=WRITE_CHUNK {blockData=conID: 1 locID: 102704234571760080 bcsId: 0} | ret=SUCCESS |  
2019-08-30 05:17:38,187 | INFO  | DNAudit | user=null | ip=null | op=PUT_BLOCK {blockData=[blockId=conID: 1 locID: 102704234571760080 bcsId: 0,size=1048576]} | ret=SUCCESS |  
2019-08-30 05:17:38,187 [grpc-default-executor-6] INFO  client.GrpcClientProtocolClient (GrpcClientProtocolClient.java:onNext(255)) - client-574492D41EE7->134d4672-e322-4e4b-b7f3-5645abb0fe8c: receive RaftClientReply:client-574492D41EE7->134d4672-e322-4e4b-b7f3-5645abb0fe8c@group-3CB1DFFBCDC2, cid=1208, SUCCESS, logIndex=1679, commits[134d4672-e322-4e4b-b7f3-5645abb0fe8c:c1680, 73af84f3-3e88-4c8c-894c-3ad307bcac8d:c1677, 730a25a1-dbec-44ed-975b-a44ab0096beb:c1676]
2019-08-30 05:17:38,188 [grpc-default-executor-6] INFO  client.GrpcClientProtocolClient (GrpcClientProtocolClient.java:onNext(255)) - client-574492D41EE7->134d4672-e322-4e4b-b7f3-5645abb0fe8c: receive RaftClientReply:client-574492D41EE7->134d4672-e322-4e4b-b7f3-5645abb0fe8c@group-3CB1DFFBCDC2, cid=1209, SUCCESS, logIndex=1680, commits[134d4672-e322-4e4b-b7f3-5645abb0fe8c:c1680, 73af84f3-3e88-4c8c-894c-3ad307bcac8d:c1677, 730a25a1-dbec-44ed-975b-a44ab0096beb:c1676]
2019-08-30 05:17:38,199 | INFO  | DNAudit | user=null | ip=null | op=WRITE_CHUNK {blockData=conID: 1 locID: 102704234571760080 bcsId: 0} | ret=SUCCESS |  
2019-08-30 05:17:38,199 | INFO  | DNAudit | user=null | ip=null | op=PUT_BLOCK {blockData=[blockId=conID: 1 locID: 102704234571760080 bcsId: 0,size=2097152]} | ret=SUCCESS |  
2019-08-30 05:17:38,200 [grpc-default-executor-1] INFO  client.GrpcClientProtocolClient (GrpcClientProtocolClient.java:onNext(255)) - client-574492D41EE7->134d4672-e322-4e4b-b7f3-5645abb0fe8c: receive RaftClientReply:client-574492D41EE7->134d4672-e322-4e4b-b7f3-5645abb0fe8c@group-3CB1DFFBCDC2, cid=1210, SUCCESS, logIndex=1681, commits[134d4672-e322-4e4b-b7f3-5645abb0fe8c:c1682, 73af84f3-3e88-4c8c-894c-3ad307bcac8d:c1677, 730a25a1-dbec-44ed-975b-a44ab0096beb:c1677]
2019-08-30 05:17:38,200 | INFO  | DNAudit | user=null | ip=null | op=WRITE_CHUNK {blockData=conID: 1 locID: 102704234571760080 bcsId: 0} | ret=SUCCESS |  
2019-08-30 05:17:38,200 [grpc-default-executor-1] INFO  client.GrpcClientProtocolClient (GrpcClientProtocolClient.java:onNext(255)) - client-574492D41EE7->134d4672-e322-4e4b-b7f3-5645abb0fe8c: receive RaftClientReply:client-574492D41EE7->134d4672-e322-4e4b-b7f3-5645abb0fe8c@group-3CB1DFFBCDC2, cid=1211, SUCCESS, logIndex=1682, commits[134d4672-e322-4e4b-b7f3-5645abb0fe8c:c1682, 73af84f3-3e88-4c8c-894c-3ad307bcac8d:c1677, 730a25a1-dbec-44ed-975b-a44ab0096beb:c1677]
2019-08-30 05:17:38,200 | INFO  | DNAudit | user=null | ip=null | op=PUT_BLOCK {blockData=[blockId=conID: 1 locID: 102704234571760080 bcsId: 0,size=1048576]} | ret=SUCCESS |  
2019-08-30 05:17:38,202 | INFO  | DNAudit | user=null | ip=null | op=WRITE_CHUNK {blockData=conID: 1 locID: 102704234571760080 bcsId: 0} | ret=SUCCESS |  
2019-08-30 05:17:38,202 | INFO  | DNAudit | user=null | ip=null | op=PUT_BLOCK {blockData=[blockId=conID: 1 locID: 102704234571760080 bcsId: 0,size=1048576]} | ret=SUCCESS |  
2019-08-30 05:17:38,202 [grpc-default-executor-1] INFO  client.GrpcClientProtocolClient (GrpcClientProtocolClient.java:onNext(255)) - client-574492D41EE7->134d4672-e322-4e4b-b7f3-5645abb0fe8c: receive RaftClientReply:client-574492D41EE7->134d4672-e322-4e4b-b7f3-5645abb0fe8c@group-3CB1DFFBCDC2, cid=1212, SUCCESS, logIndex=0, commits[134d4672-e322-4e4b-b7f3-5645abb0fe8c:c1684, 73af84f3-3e88-4c8c-894c-3ad307bcac8d:c1680, 730a25a1-dbec-44ed-975b-a44ab0096beb:c1680]
2019-08-30 05:17:38,208 | INFO  | DNAudit | user=null | ip=null | op=WRITE_CHUNK {blockData=conID: 1 locID: 102704234571760080 bcsId: 1682} | ret=SUCCESS |  
2019-08-30 05:17:38,211 | INFO  | DNAudit | user=null | ip=null | op=WRITE_CHUNK {blockData=conID: 1 locID: 102704234571760080 bcsId: 1682} | ret=SUCCESS |  
2019-08-30 05:17:38,211 | INFO  | DNAudit | user=null | ip=null | op=WRITE_CHUNK {blockData=conID: 1 locID: 102704234571760080 bcsId: 1682} | ret=SUCCESS |  
2019-08-30 05:17:38,213 | INFO  | DNAudit | user=null | ip=null | op=WRITE_CHUNK {blockData=conID: 1 locID: 102704234571760080 bcsId: 0} | ret=SUCCESS |  
2019-08-30 05:17:38,213 | INFO  | DNAudit | user=null | ip=null | op=WRITE_CHUNK {blockData=conID: 1 locID: 102704234571760080 bcsId: 0} | ret=SUCCESS |  
2019-08-30 05:17:38,213 | INFO  | DNAudit | user=null | ip=null | op=PUT_BLOCK {blockData=[blockId=conID: 1 locID: 102704234571760080 bcsId: 0,size=2097152]} | ret=SUCCESS |  
2019-08-30 05:17:38,213 | INFO  | DNAudit | user=null | ip=null | op=PUT_BLOCK {blockData=[blockId=conID: 1 locID: 102704234571760080 bcsId: 0,size=2097152]} | ret=SUCCESS |  
2019-08-30 05:17:38,214 | INFO  | DNAudit | user=null | ip=null | op=WRITE_CHUNK {blockData=conID: 1 locID: 102704234571760080 bcsId: 1682} | ret=SUCCESS |  
2019-08-30 05:17:38,214 | INFO  | DNAudit | user=null | ip=null | op=PUT_BLOCK {blockData=[blockId=conID: 1 locID: 102704234571760080 bcsId: 0,size=3145728]} | ret=SUCCESS |  
2019-08-30 05:17:38,214 [grpc-default-executor-1] INFO  client.GrpcClientProtocolClient (GrpcClientProtocolClient.java:onNext(255)) - client-574492D41EE7->134d4672-e322-4e4b-b7f3-5645abb0fe8c: receive RaftClientReply:client-574492D41EE7->134d4672-e322-4e4b-b7f3-5645abb0fe8c@group-3CB1DFFBCDC2, cid=1213, SUCCESS, logIndex=1687, commits[134d4672-e322-4e4b-b7f3-5645abb0fe8c:c1688, 73af84f3-3e88-4c8c-894c-3ad307bcac8d:c1684, 730a25a1-dbec-44ed-975b-a44ab0096beb:c1682]
2019-08-30 05:17:38,215 [grpc-default-executor-1] INFO  client.GrpcClientProtocolClient (GrpcClientProtocolClient.java:onNext(255)) - client-574492D41EE7->134d4672-e322-4e4b-b7f3-5645abb0fe8c: receive RaftClientReply:client-574492D41EE7->134d4672-e322-4e4b-b7f3-5645abb0fe8c@group-3CB1DFFBCDC2, cid=1214, SUCCESS, logIndex=1688, commits[134d4672-e322-4e4b-b7f3-5645abb0fe8c:c1688, 73af84f3-3e88-4c8c-894c-3ad307bcac8d:c1684, 730a25a1-dbec-44ed-975b-a44ab0096beb:c1684]
2019-08-30 05:17:38,215 | INFO  | DNAudit | user=null | ip=null | op=WRITE_CHUNK {blockData=conID: 1 locID: 102704234571760080 bcsId: 1682} | ret=SUCCESS |  
2019-08-30 05:17:38,215 | INFO  | DNAudit | user=null | ip=null | op=WRITE_CHUNK {blockData=conID: 1 locID: 102704234571760080 bcsId: 1682} | ret=SUCCESS |  
2019-08-30 05:17:38,216 | INFO  | DNAudit | user=null | ip=null | op=PUT_BLOCK {blockData=[blockId=conID: 1 locID: 102704234571760080 bcsId: 0,size=3145728]} | ret=SUCCESS |  
2019-08-30 05:17:38,216 | INFO  | DNAudit | user=null | ip=null | op=PUT_BLOCK {blockData=[blockId=conID: 1 locID: 102704234571760080 bcsId: 0,size=3145728]} | ret=SUCCESS |  
2019-08-30 05:17:38,216 | INFO  | SCMAudit | user=jenkins1000 | ip=192.168.36.106 | op=SEND_HEARTBEAT {datanodeUUID=134d4672-e322-4e4b-b7f3-5645abb0fe8c, command=[]} | ret=SUCCESS |  
2019-08-30 05:17:38,221 | INFO  | DNAudit | user=null | ip=null | op=WRITE_CHUNK {blockData=conID: 1 locID: 102704234571760080 bcsId: 1688} | ret=SUCCESS |  
2019-08-30 05:17:38,223 | INFO  | DNAudit | user=null | ip=null | op=WRITE_CHUNK {blockData=conID: 1 locID: 102704234571760080 bcsId: 1688} | ret=SUCCESS |  
2019-08-30 05:17:38,223 | INFO  | DNAudit | user=null | ip=null | op=WRITE_CHUNK {blockData=conID: 1 locID: 102704234571760080 bcsId: 1688} | ret=SUCCESS |  
2019-08-30 05:17:38,233 | INFO  | DNAudit | user=null | ip=null | op=WRITE_CHUNK {blockData=conID: 1 locID: 102704234571760080 bcsId: 1688} | ret=SUCCESS |  
2019-08-30 05:17:38,233 | INFO  | DNAudit | user=null | ip=null | op=PUT_BLOCK {blockData=[blockId=conID: 1 locID: 102704234571760080 bcsId: 0,size=4194304]} | ret=SUCCESS |  
2019-08-30 05:17:38,233 [grpc-default-executor-1] INFO  client.GrpcClientProtocolClient (GrpcClientProtocolClient.java:onNext(255)) - client-574492D41EE7->134d4672-e322-4e4b-b7f3-5645abb0fe8c: receive RaftClientReply:client-574492D41EE7->134d4672-e322-4e4b-b7f3-5645abb0fe8c@group-3CB1DFFBCDC2, cid=1215, SUCCESS, logIndex=1691, commits[134d4672-e322-4e4b-b7f3-5645abb0fe8c:c1692, 73af84f3-3e88-4c8c-894c-3ad307bcac8d:c1690, 730a25a1-dbec-44ed-975b-a44ab0096beb:c1690]
2019-08-30 05:17:38,234 [grpc-default-executor-1] INFO  client.GrpcClientProtocolClient (GrpcClientProtocolClient.java:onNext(255)) - client-574492D41EE7->134d4672-e322-4e4b-b7f3-5645abb0fe8c: receive RaftClientReply:client-574492D41EE7->134d4672-e322-4e4b-b7f3-5645abb0fe8c@group-3CB1DFFBCDC2, cid=1216, SUCCESS, logIndex=1692, commits[134d4672-e322-4e4b-b7f3-5645abb0fe8c:c1692, 73af84f3-3e88-4c8c-894c-3ad307bcac8d:c1690, 730a25a1-dbec-44ed-975b-a44ab0096beb:c1690]
2019-08-30 05:17:38,245 | INFO  | DNAudit | user=null | ip=null | op=WRITE_CHUNK {blockData=conID: 1 locID: 102704234571760080 bcsId: 1688} | ret=SUCCESS |  
2019-08-30 05:17:38,245 | INFO  | DNAudit | user=null | ip=null | op=WRITE_CHUNK {blockData=conID: 1 locID: 102704234571760080 bcsId: 1688} | ret=SUCCESS |  
2019-08-30 05:17:38,247 | INFO  | DNAudit | user=null | ip=null | op=PUT_BLOCK {blockData=[blockId=conID: 1 locID: 102704234571760080 bcsId: 0,size=4194304]} | ret=SUCCESS |  
2019-08-30 05:17:38,248 | INFO  | DNAudit | user=null | ip=null | op=PUT_BLOCK {blockData=[blockId=conID: 1 locID: 102704234571760080 bcsId: 0,size=4194304]} | ret=SUCCESS |  
2019-08-30 05:17:38,248 [grpc-default-executor-1] INFO  client.GrpcClientProtocolClient (GrpcClientProtocolClient.java:onNext(255)) - client-574492D41EE7->134d4672-e322-4e4b-b7f3-5645abb0fe8c: receive RaftClientReply:client-574492D41EE7->134d4672-e322-4e4b-b7f3-5645abb0fe8c@group-3CB1DFFBCDC2, cid=1217, SUCCESS, logIndex=0, commits[134d4672-e322-4e4b-b7f3-5645abb0fe8c:c1694, 73af84f3-3e88-4c8c-894c-3ad307bcac8d:c1692, 730a25a1-dbec-44ed-975b-a44ab0096beb:c1692]
2019-08-30 05:17:38,254 | INFO  | DNAudit | user=null | ip=null | op=WRITE_CHUNK {blockData=conID: 2 locID: 102704234571760081 bcsId: 0} | ret=SUCCESS |  
2019-08-30 05:17:38,256 | INFO  | DNAudit | user=null | ip=null | op=WRITE_CHUNK {blockData=conID: 2 locID: 102704234571760081 bcsId: 0} | ret=SUCCESS |  
2019-08-30 05:17:38,256 | INFO  | DNAudit | user=null | ip=null | op=WRITE_CHUNK {blockData=conID: 2 locID: 102704234571760081 bcsId: 0} | ret=SUCCESS |  
2019-08-30 05:17:38,256 | INFO  | DNAudit | user=null | ip=null | op=WRITE_CHUNK {blockData=conID: 2 locID: 102704234571760081 bcsId: 0} | ret=SUCCESS |  
2019-08-30 05:17:38,258 | INFO  | DNAudit | user=null | ip=null | op=WRITE_CHUNK {blockData=conID: 2 locID: 102704234571760081 bcsId: 0} | ret=SUCCESS |  
2019-08-30 05:17:38,258 | INFO  | DNAudit | user=null | ip=null | op=WRITE_CHUNK {blockData=conID: 2 locID: 102704234571760081 bcsId: 0} | ret=SUCCESS |  
2019-08-30 05:17:38,266 | INFO  | DNAudit | user=null | ip=null | op=WRITE_CHUNK {blockData=conID: 2 locID: 102704234571760081 bcsId: 0} | ret=SUCCESS |  
2019-08-30 05:17:38,266 | INFO  | DNAudit | user=null | ip=null | op=PUT_BLOCK {blockData=[blockId=conID: 2 locID: 102704234571760081 bcsId: 0,size=1048576]} | ret=SUCCESS |  
2019-08-30 05:17:38,266 [grpc-default-executor-1] INFO  client.GrpcClientProtocolClient (GrpcClientProtocolClient.java:onNext(255)) - client-574492D41EE7->134d4672-e322-4e4b-b7f3-5645abb0fe8c: receive RaftClientReply:client-574492D41EE7->134d4672-e322-4e4b-b7f3-5645abb0fe8c@group-3CB1DFFBCDC2, cid=1218, SUCCESS, logIndex=1695, commits[134d4672-e322-4e4b-b7f3-5645abb0fe8c:c1696, 73af84f3-3e88-4c8c-894c-3ad307bcac8d:c1694, 730a25a1-dbec-44ed-975b-a44ab0096beb:c1694]
2019-08-30 05:17:38,267 | INFO  | DNAudit | user=null | ip=null | op=WRITE_CHUNK {blockData=conID: 2 locID: 102704234571760081 bcsId: 0} | ret=SUCCESS |  
2019-08-30 05:17:38,267 [grpc-default-executor-1] INFO  client.GrpcClientProtocolClient (GrpcClientProtocolClient.java:onNext(255)) - client-574492D41EE7->134d4672-e322-4e4b-b7f3-5645abb0fe8c: receive RaftClientReply:client-574492D41EE7->134d4672-e322-4e4b-b7f3-5645abb0fe8c@group-3CB1DFFBCDC2, cid=1219, SUCCESS, logIndex=1696, commits[134d4672-e322-4e4b-b7f3-5645abb0fe8c:c1696, 73af84f3-3e88-4c8c-894c-3ad307bcac8d:c1694, 730a25a1-dbec-44ed-975b-a44ab0096beb:c1694]
2019-08-30 05:17:38,267 | INFO  | DNAudit | user=null | ip=null | op=PUT_BLOCK {blockData=[blockId=conID: 2 locID: 102704234571760081 bcsId: 0,size=2097152]} | ret=SUCCESS |  
2019-08-30 05:17:38,267 [grpc-default-executor-1] INFO  client.GrpcClientProtocolClient (GrpcClientProtocolClient.java:onNext(255)) - client-574492D41EE7->134d4672-e322-4e4b-b7f3-5645abb0fe8c: receive RaftClientReply:client-574492D41EE7->134d4672-e322-4e4b-b7f3-5645abb0fe8c@group-3CB1DFFBCDC2, cid=1220, SUCCESS, logIndex=1697, commits[134d4672-e322-4e4b-b7f3-5645abb0fe8c:c1698, 73af84f3-3e88-4c8c-894c-3ad307bcac8d:c1694, 730a25a1-dbec-44ed-975b-a44ab0096beb:c1694]
2019-08-30 05:17:38,268 [grpc-default-executor-1] INFO  client.GrpcClientProtocolClient (GrpcClientProtocolClient.java:onNext(255)) - client-574492D41EE7->134d4672-e322-4e4b-b7f3-5645abb0fe8c: receive RaftClientReply:client-574492D41EE7->134d4672-e322-4e4b-b7f3-5645abb0fe8c@group-3CB1DFFBCDC2, cid=1221, SUCCESS, logIndex=1698, commits[134d4672-e322-4e4b-b7f3-5645abb0fe8c:c1698, 73af84f3-3e88-4c8c-894c-3ad307bcac8d:c1694, 730a25a1-dbec-44ed-975b-a44ab0096beb:c1694]
2019-08-30 05:17:38,280 | INFO  | DNAudit | user=null | ip=null | op=WRITE_CHUNK {blockData=conID: 2 locID: 102704234571760081 bcsId: 0} | ret=SUCCESS |  
2019-08-30 05:17:38,280 | INFO  | SCMAudit | user=jenkins1000 | ip=192.168.36.106 | op=SEND_HEARTBEAT {datanodeUUID=ea5d4b6b-4a08-401a-8c59-ecc1ca37daf5, command=[]} | ret=SUCCESS |  
2019-08-30 05:17:38,280 | INFO  | DNAudit | user=null | ip=null | op=PUT_BLOCK {blockData=[blockId=conID: 2 locID: 102704234571760081 bcsId: 0,size=1048576]} | ret=SUCCESS |  
 0.00% |█                                                                                                    |  0/1 Time: 0:00:072019-08-30 05:17:38,281 | INFO  | DNAudit | user=null | ip=null | op=WRITE_CHUNK {blockData=conID: 2 locID: 102704234571760081 bcsId: 0} | ret=SUCCESS |  
2019-08-30 05:17:38,281 | INFO  | DNAudit | user=null | ip=null | op=PUT_BLOCK {blockData=[blockId=conID: 2 locID: 102704234571760081 bcsId: 0,size=1048576]} | ret=SUCCESS |  
2019-08-30 05:17:38,281 | INFO  | DNAudit | user=null | ip=null | op=WRITE_CHUNK {blockData=conID: 2 locID: 102704234571760081 bcsId: 0} | ret=SUCCESS |  
2019-08-30 05:17:38,281 | INFO  | DNAudit | user=null | ip=null | op=PUT_BLOCK {blockData=[blockId=conID: 2 locID: 102704234571760081 bcsId: 0,size=2097152]} | ret=SUCCESS |  
2019-08-30 05:17:38,281 | INFO  | DNAudit | user=null | ip=null | op=WRITE_CHUNK {blockData=conID: 2 locID: 102704234571760081 bcsId: 0} | ret=SUCCESS |  
2019-08-30 05:17:38,281 [grpc-default-executor-1] INFO  client.GrpcClientProtocolClient (GrpcClientProtocolClient.java:onNext(255)) - client-574492D41EE7->134d4672-e322-4e4b-b7f3-5645abb0fe8c: receive RaftClientReply:client-574492D41EE7->134d4672-e322-4e4b-b7f3-5645abb0fe8c@group-3CB1DFFBCDC2, cid=1222, SUCCESS, logIndex=0, commits[134d4672-e322-4e4b-b7f3-5645abb0fe8c:c1700, 73af84f3-3e88-4c8c-894c-3ad307bcac8d:c1696, 730a25a1-dbec-44ed-975b-a44ab0096beb:c1696]
2019-08-30 05:17:38,281 | INFO  | DNAudit | user=null | ip=null | op=PUT_BLOCK {blockData=[blockId=conID: 2 locID: 102704234571760081 bcsId: 0,size=2097152]} | ret=SUCCESS |  
2019-08-30 05:17:38,286 | INFO  | DNAudit | user=null | ip=null | op=WRITE_CHUNK {blockData=conID: 2 locID: 102704234571760081 bcsId: 1698} | ret=SUCCESS |  
2019-08-30 05:17:38,288 | INFO  | DNAudit | user=null | ip=null | op=WRITE_CHUNK {blockData=conID: 2 locID: 102704234571760081 bcsId: 1698} | ret=SUCCESS |  
2019-08-30 05:17:38,288 | INFO  | DNAudit | user=null | ip=null | op=WRITE_CHUNK {blockData=conID: 2 locID: 102704234571760081 bcsId: 1698} | ret=SUCCESS |  
2019-08-30 05:17:38,299 | INFO  | DNAudit | user=null | ip=null | op=WRITE_CHUNK {blockData=conID: 2 locID: 102704234571760081 bcsId: 1698} | ret=SUCCESS |  
2019-08-30 05:17:38,299 | INFO  | DNAudit | user=null | ip=null | op=PUT_BLOCK {blockData=[blockId=conID: 2 locID: 102704234571760081 bcsId: 0,size=3145728]} | ret=SUCCESS |  
2019-08-30 05:17:38,299 [grpc-default-executor-5] INFO  client.GrpcClientProtocolClient (GrpcClientProtocolClient.java:onNext(255)) - client-574492D41EE7->134d4672-e322-4e4b-b7f3-5645abb0fe8c: receive RaftClientReply:client-574492D41EE7->134d4672-e322-4e4b-b7f3-5645abb0fe8c@group-3CB1DFFBCDC2, cid=1223, SUCCESS, logIndex=1703, commits[134d4672-e322-4e4b-b7f3-5645abb0fe8c:c1704, 73af84f3-3e88-4c8c-894c-3ad307bcac8d:c1702, 730a25a1-dbec-44ed-975b-a44ab0096beb:c1702]
2019-08-30 05:17:38,300 [grpc-default-executor-5] INFO  client.GrpcClientProtocolClient (GrpcClientProtocolClient.java:onNext(255)) - client-574492D41EE7->134d4672-e322-4e4b-b7f3-5645abb0fe8c: receive RaftClientReply:client-574492D41EE7->134d4672-e322-4e4b-b7f3-5645abb0fe8c@group-3CB1DFFBCDC2, cid=1224, SUCCESS, logIndex=1704, commits[134d4672-e322-4e4b-b7f3-5645abb0fe8c:c1704, 73af84f3-3e88-4c8c-894c-3ad307bcac8d:c1702, 730a25a1-dbec-44ed-975b-a44ab0096beb:c1702]
2019-08-30 05:17:38,306 | INFO  | DNAudit | user=null | ip=null | op=WRITE_CHUNK {blockData=conID: 2 locID: 102704234571760081 bcsId: 1704} | ret=SUCCESS |  
2019-08-30 05:17:38,308 | INFO  | DNAudit | user=null | ip=null | op=WRITE_CHUNK {blockData=conID: 2 locID: 102704234571760081 bcsId: 1704} | ret=SUCCESS |  
2019-08-30 05:17:38,308 | INFO  | DNAudit | user=null | ip=null | op=WRITE_CHUNK {blockData=conID: 2 locID: 102704234571760081 bcsId: 1704} | ret=SUCCESS |  
2019-08-30 05:17:38,316 | INFO  | DNAudit | user=null | ip=null | op=WRITE_CHUNK {blockData=conID: 2 locID: 102704234571760081 bcsId: 1698} | ret=SUCCESS |  
2019-08-30 05:17:38,316 | INFO  | DNAudit | user=null | ip=null | op=WRITE_CHUNK {blockData=conID: 2 locID: 102704234571760081 bcsId: 1698} | ret=SUCCESS |  
2019-08-30 05:17:38,320 | INFO  | DNAudit | user=null | ip=null | op=PUT_BLOCK {blockData=[blockId=conID: 2 locID: 102704234571760081 bcsId: 0,size=3145728]} | ret=SUCCESS |  
2019-08-30 05:17:38,320 | INFO  | DNAudit | user=null | ip=null | op=PUT_BLOCK {blockData=[blockId=conID: 2 locID: 102704234571760081 bcsId: 0,size=3145728]} | ret=SUCCESS |  
2019-08-30 05:17:38,321 | INFO  | DNAudit | user=null | ip=null | op=WRITE_CHUNK {blockData=conID: 2 locID: 102704234571760081 bcsId: 1704} | ret=SUCCESS |  
2019-08-30 05:17:38,321 | INFO  | DNAudit | user=null | ip=null | op=PUT_BLOCK {blockData=[blockId=conID: 2 locID: 102704234571760081 bcsId: 0,size=4194304]} | ret=SUCCESS |  
2019-08-30 05:17:38,321 [grpc-default-executor-6] INFO  client.GrpcClientProtocolClient (GrpcClientProtocolClient.java:onNext(255)) - client-574492D41EE7->134d4672-e322-4e4b-b7f3-5645abb0fe8c: receive RaftClientReply:client-574492D41EE7->134d4672-e322-4e4b-b7f3-5645abb0fe8c@group-3CB1DFFBCDC2, cid=1225, SUCCESS, logIndex=1707, commits[134d4672-e322-4e4b-b7f3-5645abb0fe8c:c1708, 73af84f3-3e88-4c8c-894c-3ad307bcac8d:c1704, 730a25a1-dbec-44ed-975b-a44ab0096beb:c1704]
2019-08-30 05:17:38,322 [grpc-default-executor-6] INFO  client.GrpcClientProtocolClient (GrpcClientProtocolClient.java:onNext(255)) - client-574492D41EE7->134d4672-e322-4e4b-b7f3-5645abb0fe8c: receive RaftClientReply:client-574492D41EE7->134d4672-e322-4e4b-b7f3-5645abb0fe8c@group-3CB1DFFBCDC2, cid=1226, SUCCESS, logIndex=1708, commits[134d4672-e322-4e4b-b7f3-5645abb0fe8c:c1708, 73af84f3-3e88-4c8c-894c-3ad307bcac8d:c1704, 730a25a1-dbec-44ed-975b-a44ab0096beb:c1704]
2019-08-30 05:17:38,332 | INFO  | DNAudit | user=null | ip=null | op=WRITE_CHUNK {blockData=conID: 2 locID: 102704234571760081 bcsId: 1704} | ret=SUCCESS |  
2019-08-30 05:17:38,333 | INFO  | DNAudit | user=null | ip=null | op=PUT_BLOCK {blockData=[blockId=conID: 2 locID: 102704234571760081 bcsId: 0,size=4194304]} | ret=SUCCESS |  
2019-08-30 05:17:38,333 | INFO  | DNAudit | user=null | ip=null | op=WRITE_CHUNK {blockData=conID: 2 locID: 102704234571760081 bcsId: 1704} | ret=SUCCESS |  
2019-08-30 05:17:38,333 | INFO  | DNAudit | user=null | ip=null | op=PUT_BLOCK {blockData=[blockId=conID: 2 locID: 102704234571760081 bcsId: 0,size=4194304]} | ret=SUCCESS |  
2019-08-30 05:17:38,333 [grpc-default-executor-6] INFO  client.GrpcClientProtocolClient (GrpcClientProtocolClient.java:onNext(255)) - client-574492D41EE7->134d4672-e322-4e4b-b7f3-5645abb0fe8c: receive RaftClientReply:client-574492D41EE7->134d4672-e322-4e4b-b7f3-5645abb0fe8c@group-3CB1DFFBCDC2, cid=1227, SUCCESS, logIndex=0, commits[134d4672-e322-4e4b-b7f3-5645abb0fe8c:c1709, 73af84f3-3e88-4c8c-894c-3ad307bcac8d:c1708, 730a25a1-dbec-44ed-975b-a44ab0096beb:c1708]
2019-08-30 05:17:38,339 | INFO  | DNAudit | user=null | ip=null | op=WRITE_CHUNK {blockData=conID: 3 locID: 102704234571760082 bcsId: 0} | ret=SUCCESS |  
2019-08-30 05:17:38,342 | INFO  | DNAudit | user=null | ip=null | op=WRITE_CHUNK {blockData=conID: 3 locID: 102704234571760082 bcsId: 0} | ret=SUCCESS |  
2019-08-30 05:17:38,342 | INFO  | DNAudit | user=null | ip=null | op=WRITE_CHUNK {blockData=conID: 3 locID: 102704234571760082 bcsId: 0} | ret=SUCCESS |  
2019-08-30 05:17:38,342 | INFO  | DNAudit | user=null | ip=null | op=WRITE_CHUNK {blockData=conID: 3 locID: 102704234571760082 bcsId: 0} | ret=SUCCESS |  
2019-08-30 05:17:38,343 | INFO  | DNAudit | user=null | ip=null | op=WRITE_CHUNK {blockData=conID: 3 locID: 102704234571760082 bcsId: 0} | ret=SUCCESS |  
2019-08-30 05:17:38,343 | INFO  | DNAudit | user=null | ip=null | op=WRITE_CHUNK {blockData=conID: 3 locID: 102704234571760082 bcsId: 0} | ret=SUCCESS |  
2019-08-30 05:17:38,352 | INFO  | DNAudit | user=null | ip=null | op=WRITE_CHUNK {blockData=conID: 3 locID: 102704234571760082 bcsId: 0} | ret=SUCCESS |  
2019-08-30 05:17:38,352 | INFO  | DNAudit | user=null | ip=null | op=PUT_BLOCK {blockData=[blockId=conID: 3 locID: 102704234571760082 bcsId: 0,size=1048576]} | ret=SUCCESS |  
2019-08-30 05:17:38,352 [grpc-default-executor-1] INFO  client.GrpcClientProtocolClient (GrpcClientProtocolClient.java:onNext(255)) - client-574492D41EE7->134d4672-e322-4e4b-b7f3-5645abb0fe8c: receive RaftClientReply:client-574492D41EE7->134d4672-e322-4e4b-b7f3-5645abb0fe8c@group-3CB1DFFBCDC2, cid=1228, SUCCESS, logIndex=1711, commits[134d4672-e322-4e4b-b7f3-5645abb0fe8c:c1713, 73af84f3-3e88-4c8c-894c-3ad307bcac8d:c1710, 730a25a1-dbec-44ed-975b-a44ab0096beb:c1710]
2019-08-30 05:17:38,353 | INFO  | DNAudit | user=null | ip=null | op=WRITE_CHUNK {blockData=conID: 3 locID: 102704234571760082 bcsId: 0} | ret=SUCCESS |  
2019-08-30 05:17:38,353 | INFO  | DNAudit | user=null | ip=null | op=PUT_BLOCK {blockData=[blockId=conID: 3 locID: 102704234571760082 bcsId: 0,size=2097152]} | ret=SUCCESS |  
2019-08-30 05:17:38,353 | INFO  | DNAudit | user=null | ip=null | op=WRITE_CHUNK {blockData=conID: 3 locID: 102704234571760082 bcsId: 0} | ret=SUCCESS |  
2019-08-30 05:17:38,353 | INFO  | DNAudit | user=null | ip=null | op=WRITE_CHUNK {blockData=conID: 3 locID: 102704234571760082 bcsId: 0} | ret=SUCCESS |  
2019-08-30 05:17:38,353 [grpc-default-executor-1] INFO  client.GrpcClientProtocolClient (GrpcClientProtocolClient.java:onNext(255)) - client-574492D41EE7->134d4672-e322-4e4b-b7f3-5645abb0fe8c: receive RaftClientReply:client-574492D41EE7->134d4672-e322-4e4b-b7f3-5645abb0fe8c@group-3CB1DFFBCDC2, cid=1229, SUCCESS, logIndex=1712, commits[134d4672-e322-4e4b-b7f3-5645abb0fe8c:c1714, 73af84f3-3e88-4c8c-894c-3ad307bcac8d:c1710, 730a25a1-dbec-44ed-975b-a44ab0096beb:c1710]
2019-08-30 05:17:38,353 | INFO  | DNAudit | user=null | ip=null | op=PUT_BLOCK {blockData=[blockId=conID: 3 locID: 102704234571760082 bcsId: 0,size=1048576]} | ret=SUCCESS |  
2019-08-30 05:17:38,353 [grpc-default-executor-1] INFO  client.GrpcClientProtocolClient (GrpcClientProtocolClient.java:onNext(255)) - client-574492D41EE7->134d4672-e322-4e4b-b7f3-5645abb0fe8c: receive RaftClientReply:client-574492D41EE7->134d4672-e322-4e4b-b7f3-5645abb0fe8c@group-3CB1DFFBCDC2, cid=1230, SUCCESS, logIndex=1713, commits[134d4672-e322-4e4b-b7f3-5645abb0fe8c:c1714, 73af84f3-3e88-4c8c-894c-3ad307bcac8d:c1710, 730a25a1-dbec-44ed-975b-a44ab0096beb:c1710]
2019-08-30 05:17:38,354 [grpc-default-executor-1] INFO  client.GrpcClientProtocolClient (GrpcClientProtocolClient.java:onNext(255)) - client-574492D41EE7->134d4672-e322-4e4b-b7f3-5645abb0fe8c: receive RaftClientReply:client-574492D41EE7->134d4672-e322-4e4b-b7f3-5645abb0fe8c@group-3CB1DFFBCDC2, cid=1231, SUCCESS, logIndex=1714, commits[134d4672-e322-4e4b-b7f3-5645abb0fe8c:c1715, 73af84f3-3e88-4c8c-894c-3ad307bcac8d:c1711, 730a25a1-dbec-44ed-975b-a44ab0096beb:c1711]
2019-08-30 05:17:38,354 | INFO  | DNAudit | user=null | ip=null | op=PUT_BLOCK {blockData=[blockId=conID: 3 locID: 102704234571760082 bcsId: 0,size=1048576]} | ret=SUCCESS |  
2019-08-30 05:17:38,354 | INFO  | DNAudit | user=null | ip=null | op=WRITE_CHUNK {blockData=conID: 3 locID: 102704234571760082 bcsId: 0} | ret=SUCCESS |  
2019-08-30 05:17:38,354 | INFO  | DNAudit | user=null | ip=null | op=WRITE_CHUNK {blockData=conID: 3 locID: 102704234571760082 bcsId: 0} | ret=SUCCESS |  
2019-08-30 05:17:38,354 | INFO  | DNAudit | user=null | ip=null | op=PUT_BLOCK {blockData=[blockId=conID: 3 locID: 102704234571760082 bcsId: 0,size=2097152]} | ret=SUCCESS |  
2019-08-30 05:17:38,354 | INFO  | DNAudit | user=null | ip=null | op=PUT_BLOCK {blockData=[blockId=conID: 3 locID: 102704234571760082 bcsId: 0,size=2097152]} | ret=SUCCESS |  
2019-08-30 05:17:38,355 [grpc-default-executor-6] INFO  client.GrpcClientProtocolClient (GrpcClientProtocolClient.java:onNext(255)) - client-574492D41EE7->134d4672-e322-4e4b-b7f3-5645abb0fe8c: receive RaftClientReply:client-574492D41EE7->134d4672-e322-4e4b-b7f3-5645abb0fe8c@group-3CB1DFFBCDC2, cid=1232, SUCCESS, logIndex=0, commits[134d4672-e322-4e4b-b7f3-5645abb0fe8c:c1716, 73af84f3-3e88-4c8c-894c-3ad307bcac8d:c1712, 730a25a1-dbec-44ed-975b-a44ab0096beb:c1712]
2019-08-30 05:17:38,361 | INFO  | DNAudit | user=null | ip=null | op=WRITE_CHUNK {blockData=conID: 3 locID: 102704234571760082 bcsId: 1714} | ret=SUCCESS |  
2019-08-30 05:17:38,364 | INFO  | DNAudit | user=null | ip=null | op=WRITE_CHUNK {blockData=conID: 3 locID: 102704234571760082 bcsId: 1714} | ret=SUCCESS |  
2019-08-30 05:17:38,364 | INFO  | DNAudit | user=null | ip=null | op=WRITE_CHUNK {blockData=conID: 3 locID: 102704234571760082 bcsId: 1714} | ret=SUCCESS |  
2019-08-30 05:17:38,374 | INFO  | DNAudit | user=null | ip=null | op=WRITE_CHUNK {blockData=conID: 3 locID: 102704234571760082 bcsId: 1714} | ret=SUCCESS |  
2019-08-30 05:17:38,374 | INFO  | DNAudit | user=null | ip=null | op=PUT_BLOCK {blockData=[blockId=conID: 3 locID: 102704234571760082 bcsId: 0,size=3145728]} | ret=SUCCESS |  
2019-08-30 05:17:38,374 [grpc-default-executor-6] INFO  client.GrpcClientProtocolClient (GrpcClientProtocolClient.java:onNext(255)) - client-574492D41EE7->134d4672-e322-4e4b-b7f3-5645abb0fe8c: receive RaftClientReply:client-574492D41EE7->134d4672-e322-4e4b-b7f3-5645abb0fe8c@group-3CB1DFFBCDC2, cid=1233, SUCCESS, logIndex=1719, commits[134d4672-e322-4e4b-b7f3-5645abb0fe8c:c1720, 73af84f3-3e88-4c8c-894c-3ad307bcac8d:c1718, 730a25a1-dbec-44ed-975b-a44ab0096beb:c1718]
2019-08-30 05:17:38,375 [grpc-default-executor-6] INFO  client.GrpcClientProtocolClient (GrpcClientProtocolClient.java:onNext(255)) - client-574492D41EE7->134d4672-e322-4e4b-b7f3-5645abb0fe8c: receive RaftClientReply:client-574492D41EE7->134d4672-e322-4e4b-b7f3-5645abb0fe8c@group-3CB1DFFBCDC2, cid=1234, SUCCESS, logIndex=1720, commits[134d4672-e322-4e4b-b7f3-5645abb0fe8c:c1720, 73af84f3-3e88-4c8c-894c-3ad307bcac8d:c1718, 730a25a1-dbec-44ed-975b-a44ab0096beb:c1718]
2019-08-30 05:17:38,380 | INFO  | DNAudit | user=null | ip=null | op=WRITE_CHUNK {blockData=conID: 3 locID: 102704234571760082 bcsId: 1720} | ret=SUCCESS |  
2019-08-30 05:17:38,382 | INFO  | DNAudit | user=null | ip=null | op=WRITE_CHUNK {blockData=conID: 3 locID: 102704234571760082 bcsId: 1720} | ret=SUCCESS |  
2019-08-30 05:17:38,382 | INFO  | DNAudit | user=null | ip=null | op=WRITE_CHUNK {blockData=conID: 3 locID: 102704234571760082 bcsId: 1720} | ret=SUCCESS |  
2019-08-30 05:17:38,385 | INFO  | DNAudit | user=null | ip=null | op=WRITE_CHUNK {blockData=conID: 3 locID: 102704234571760082 bcsId: 1714} | ret=SUCCESS |  
2019-08-30 05:17:38,385 | INFO  | DNAudit | user=null | ip=null | op=WRITE_CHUNK {blockData=conID: 3 locID: 102704234571760082 bcsId: 1714} | ret=SUCCESS |  
2019-08-30 05:17:38,388 | INFO  | DNAudit | user=null | ip=null | op=PUT_BLOCK {blockData=[blockId=conID: 3 locID: 102704234571760082 bcsId: 0,size=3145728]} | ret=SUCCESS |  
2019-08-30 05:17:38,388 | INFO  | DNAudit | user=null | ip=null | op=PUT_BLOCK {blockData=[blockId=conID: 3 locID: 102704234571760082 bcsId: 0,size=3145728]} | ret=SUCCESS |  
2019-08-30 05:17:38,388 | INFO  | DNAudit | user=null | ip=null | op=WRITE_CHUNK {blockData=conID: 3 locID: 102704234571760082 bcsId: 1720} | ret=SUCCESS |  
2019-08-30 05:17:38,389 | INFO  | DNAudit | user=null | ip=null | op=PUT_BLOCK {blockData=[blockId=conID: 3 locID: 102704234571760082 bcsId: 0,size=4194304]} | ret=SUCCESS |  
2019-08-30 05:17:38,389 [grpc-default-executor-3] INFO  client.GrpcClientProtocolClient (GrpcClientProtocolClient.java:onNext(255)) - client-574492D41EE7->134d4672-e322-4e4b-b7f3-5645abb0fe8c: receive RaftClientReply:client-574492D41EE7->134d4672-e322-4e4b-b7f3-5645abb0fe8c@group-3CB1DFFBCDC2, cid=1235, SUCCESS, logIndex=1723, commits[134d4672-e322-4e4b-b7f3-5645abb0fe8c:c1724, 73af84f3-3e88-4c8c-894c-3ad307bcac8d:c1720, 730a25a1-dbec-44ed-975b-a44ab0096beb:c1720]
2019-08-30 05:17:38,389 [grpc-default-executor-3] INFO  client.GrpcClientProtocolClient (GrpcClientProtocolClient.java:onNext(255)) - client-574492D41EE7->134d4672-e322-4e4b-b7f3-5645abb0fe8c: receive RaftClientReply:client-574492D41EE7->134d4672-e322-4e4b-b7f3-5645abb0fe8c@group-3CB1DFFBCDC2, cid=1236, SUCCESS, logIndex=1724, commits[134d4672-e322-4e4b-b7f3-5645abb0fe8c:c1724, 73af84f3-3e88-4c8c-894c-3ad307bcac8d:c1720, 730a25a1-dbec-44ed-975b-a44ab0096beb:c1720]
2019-08-30 05:17:38,399 | INFO  | DNAudit | user=null | ip=null | op=WRITE_CHUNK {blockData=conID: 3 locID: 102704234571760082 bcsId: 1720} | ret=SUCCESS |  
2019-08-30 05:17:38,399 | INFO  | DNAudit | user=null | ip=null | op=WRITE_CHUNK {blockData=conID: 3 locID: 102704234571760082 bcsId: 1720} | ret=SUCCESS |  
2019-08-30 05:17:38,400 | INFO  | DNAudit | user=null | ip=null | op=PUT_BLOCK {blockData=[blockId=conID: 3 locID: 102704234571760082 bcsId: 0,size=4194304]} | ret=SUCCESS |  
2019-08-30 05:17:38,401 | INFO  | DNAudit | user=null | ip=null | op=PUT_BLOCK {blockData=[blockId=conID: 3 locID: 102704234571760082 bcsId: 0,size=4194304]} | ret=SUCCESS |  
2019-08-30 05:17:38,401 [grpc-default-executor-3] INFO  client.GrpcClientProtocolClient (GrpcClientProtocolClient.java:onNext(255)) - client-574492D41EE7->134d4672-e322-4e4b-b7f3-5645abb0fe8c: receive RaftClientReply:client-574492D41EE7->134d4672-e322-4e4b-b7f3-5645abb0fe8c@group-3CB1DFFBCDC2, cid=1237, SUCCESS, logIndex=0, commits[134d4672-e322-4e4b-b7f3-5645abb0fe8c:c1726, 73af84f3-3e88-4c8c-894c-3ad307bcac8d:c1724, 730a25a1-dbec-44ed-975b-a44ab0096beb:c1724]
2019-08-30 05:17:38,417 | INFO  | SCMAudit | user=jenkins1000 | ip=192.168.36.106 | op=ALLOCATE_BLOCK {owner=85755eb5-052d-48fa-b271-2fe4d8754e12, size=4194304, type=RATIS, factor=THREE} | ret=SUCCESS |  
2019-08-30 05:17:38,421 | INFO  | OMAudit | user=jenkins1000 | ip=127.0.0.1 | op=ALLOCATE_BLOCK {volume=vol-0-00977, bucket=bucket-0-44205, key=key-0-32850, dataSize=0, replicationType=null, replicationFactor=null, keyLocationInfo=null, clientID=102704234570776978} | ret=SUCCESS |  
2019-08-30 05:17:38,429 | INFO  | DNAudit | user=null | ip=null | op=WRITE_CHUNK {blockData=conID: 1 locID: 102704235047616979 bcsId: 0} | ret=SUCCESS |  
2019-08-30 05:17:38,430 | INFO  | DNAudit | user=null | ip=null | op=WRITE_CHUNK {blockData=conID: 1 locID: 102704235047616979 bcsId: 0} | ret=SUCCESS |  
2019-08-30 05:17:38,431 | INFO  | DNAudit | user=null | ip=null | op=WRITE_CHUNK {blockData=conID: 1 locID: 102704235047616979 bcsId: 0} | ret=SUCCESS |  
2019-08-30 05:17:38,431 | INFO  | DNAudit | user=null | ip=null | op=WRITE_CHUNK {blockData=conID: 1 locID: 102704235047616979 bcsId: 0} | ret=SUCCESS |  
2019-08-30 05:17:38,433 | INFO  | DNAudit | user=null | ip=null | op=WRITE_CHUNK {blockData=conID: 1 locID: 102704235047616979 bcsId: 0} | ret=SUCCESS |  
2019-08-30 05:17:38,433 | INFO  | DNAudit | user=null | ip=null | op=WRITE_CHUNK {blockData=conID: 1 locID: 102704235047616979 bcsId: 0} | ret=SUCCESS |  
2019-08-30 05:17:38,441 | INFO  | DNAudit | user=null | ip=null | op=WRITE_CHUNK {blockData=conID: 1 locID: 102704235047616979 bcsId: 0} | ret=SUCCESS |  
2019-08-30 05:17:38,442 | INFO  | DNAudit | user=null | ip=null | op=PUT_BLOCK {blockData=[blockId=conID: 1 locID: 102704235047616979 bcsId: 0,size=1048576]} | ret=SUCCESS |  
2019-08-30 05:17:38,442 [grpc-default-executor-3] INFO  client.GrpcClientProtocolClient (GrpcClientProtocolClient.java:onNext(255)) - client-574492D41EE7->134d4672-e322-4e4b-b7f3-5645abb0fe8c: receive RaftClientReply:client-574492D41EE7->134d4672-e322-4e4b-b7f3-5645abb0fe8c@group-3CB1DFFBCDC2, cid=1238, SUCCESS, logIndex=1727, commits[134d4672-e322-4e4b-b7f3-5645abb0fe8c:c1728, 73af84f3-3e88-4c8c-894c-3ad307bcac8d:c1726, 730a25a1-dbec-44ed-975b-a44ab0096beb:c1726]
2019-08-30 05:17:38,442 | INFO  | DNAudit | user=null | ip=null | op=WRITE_CHUNK {blockData=conID: 1 locID: 102704235047616979 bcsId: 0} | ret=SUCCESS |  
2019-08-30 05:17:38,442 [grpc-default-executor-3] INFO  client.GrpcClientProtocolClient (GrpcClientProtocolClient.java:onNext(255)) - client-574492D41EE7->134d4672-e322-4e4b-b7f3-5645abb0fe8c: receive RaftClientReply:client-574492D41EE7->134d4672-e322-4e4b-b7f3-5645abb0fe8c@group-3CB1DFFBCDC2, cid=1239, SUCCESS, logIndex=1728, commits[134d4672-e322-4e4b-b7f3-5645abb0fe8c:c1728, 73af84f3-3e88-4c8c-894c-3ad307bcac8d:c1726, 730a25a1-dbec-44ed-975b-a44ab0096beb:c1726]
2019-08-30 05:17:38,443 | INFO  | DNAudit | user=null | ip=null | op=PUT_BLOCK {blockData=[blockId=conID: 1 locID: 102704235047616979 bcsId: 0,size=2097152]} | ret=SUCCESS |  
2019-08-30 05:17:38,443 [grpc-default-executor-3] INFO  client.GrpcClientProtocolClient (GrpcClientProtocolClient.java:onNext(255)) - client-574492D41EE7->134d4672-e322-4e4b-b7f3-5645abb0fe8c: receive RaftClientReply:client-574492D41EE7->134d4672-e322-4e4b-b7f3-5645abb0fe8c@group-3CB1DFFBCDC2, cid=1240, SUCCESS, logIndex=1729, commits[134d4672-e322-4e4b-b7f3-5645abb0fe8c:c1730, 73af84f3-3e88-4c8c-894c-3ad307bcac8d:c1726, 730a25a1-dbec-44ed-975b-a44ab0096beb:c1726]
2019-08-30 05:17:38,443 [grpc-default-executor-3] INFO  client.GrpcClientProtocolClient (GrpcClientProtocolClient.java:onNext(255)) - client-574492D41EE7->134d4672-e322-4e4b-b7f3-5645abb0fe8c: receive RaftClientReply:client-574492D41EE7->134d4672-e322-4e4b-b7f3-5645abb0fe8c@group-3CB1DFFBCDC2, cid=1241, SUCCESS, logIndex=1730, commits[134d4672-e322-4e4b-b7f3-5645abb0fe8c:c1730, 73af84f3-3e88-4c8c-894c-3ad307bcac8d:c1726, 730a25a1-dbec-44ed-975b-a44ab0096beb:c1726]
2019-08-30 05:17:38,455 | INFO  | DNAudit | user=null | ip=null | op=WRITE_CHUNK {blockData=conID: 1 locID: 102704235047616979 bcsId: 0} | ret=SUCCESS |  
2019-08-30 05:17:38,455 | INFO  | DNAudit | user=null | ip=null | op=PUT_BLOCK {blockData=[blockId=conID: 1 locID: 102704235047616979 bcsId: 0,size=1048576]} | ret=SUCCESS |  
2019-08-30 05:17:38,456 | INFO  | DNAudit | user=null | ip=null | op=WRITE_CHUNK {blockData=conID: 1 locID: 102704235047616979 bcsId: 0} | ret=SUCCESS |  
2019-08-30 05:17:38,456 | INFO  | DNAudit | user=null | ip=null | op=PUT_BLOCK {blockData=[blockId=conID: 1 locID: 102704235047616979 bcsId: 0,size=1048576]} | ret=SUCCESS |  
2019-08-30 05:17:38,456 | INFO  | DNAudit | user=null | ip=null | op=WRITE_CHUNK {blockData=conID: 1 locID: 102704235047616979 bcsId: 0} | ret=SUCCESS |  
2019-08-30 05:17:38,456 | INFO  | DNAudit | user=null | ip=null | op=PUT_BLOCK {blockData=[blockId=conID: 1 locID: 102704235047616979 bcsId: 0,size=2097152]} | ret=SUCCESS |  
2019-08-30 05:17:38,456 [grpc-default-executor-3] INFO  client.GrpcClientProtocolClient (GrpcClientProtocolClient.java:onNext(255)) - client-574492D41EE7->134d4672-e322-4e4b-b7f3-5645abb0fe8c: receive RaftClientReply:client-574492D41EE7->134d4672-e322-4e4b-b7f3-5645abb0fe8c@group-3CB1DFFBCDC2, cid=1242, SUCCESS, logIndex=0, commits[134d4672-e322-4e4b-b7f3-5645abb0fe8c:c1732, 73af84f3-3e88-4c8c-894c-3ad307bcac8d:c1728, 730a25a1-dbec-44ed-975b-a44ab0096beb:c1728]
2019-08-30 05:17:38,456 | INFO  | DNAudit | user=null | ip=null | op=WRITE_CHUNK {blockData=conID: 1 locID: 102704235047616979 bcsId: 0} | ret=SUCCESS |  
2019-08-30 05:17:38,456 | INFO  | DNAudit | user=null | ip=null | op=PUT_BLOCK {blockData=[blockId=conID: 1 locID: 102704235047616979 bcsId: 0,size=2097152]} | ret=SUCCESS |  
2019-08-30 05:17:38,462 | INFO  | DNAudit | user=null | ip=null | op=WRITE_CHUNK {blockData=conID: 1 locID: 102704235047616979 bcsId: 1730} | ret=SUCCESS |  
2019-08-30 05:17:38,464 | INFO  | DNAudit | user=null | ip=null | op=WRITE_CHUNK {blockData=conID: 1 locID: 102704235047616979 bcsId: 1730} | ret=SUCCESS |  
2019-08-30 05:17:38,464 | INFO  | DNAudit | user=null | ip=null | op=WRITE_CHUNK {blockData=conID: 1 locID: 102704235047616979 bcsId: 1730} | ret=SUCCESS |  
2019-08-30 05:17:38,472 | INFO  | SCMAudit | user=jenkins1000 | ip=192.168.36.106 | op=SEND_HEARTBEAT {datanodeUUID=b91a4442-fd83-4a66-bee2-5c7959dbabc3, command=[]} | ret=SUCCESS |  
2019-08-30 05:17:38,474 | INFO  | DNAudit | user=null | ip=null | op=WRITE_CHUNK {blockData=conID: 1 locID: 102704235047616979 bcsId: 1730} | ret=SUCCESS |  
2019-08-30 05:17:38,474 | INFO  | DNAudit | user=null | ip=null | op=PUT_BLOCK {blockData=[blockId=conID: 1 locID: 102704235047616979 bcsId: 0,size=3145728]} | ret=SUCCESS |  
2019-08-30 05:17:38,475 [grpc-default-executor-1] INFO  client.GrpcClientProtocolClient (GrpcClientProtocolClient.java:onNext(255)) - client-574492D41EE7->134d4672-e322-4e4b-b7f3-5645abb0fe8c: receive RaftClientReply:client-574492D41EE7->134d4672-e322-4e4b-b7f3-5645abb0fe8c@group-3CB1DFFBCDC2, cid=1243, SUCCESS, logIndex=1735, commits[134d4672-e322-4e4b-b7f3-5645abb0fe8c:c1736, 73af84f3-3e88-4c8c-894c-3ad307bcac8d:c1734, 730a25a1-dbec-44ed-975b-a44ab0096beb:c1734]
2019-08-30 05:17:38,475 [grpc-default-executor-1] INFO  client.GrpcClientProtocolClient (GrpcClientProtocolClient.java:onNext(255)) - client-574492D41EE7->134d4672-e322-4e4b-b7f3-5645abb0fe8c: receive RaftClientReply:client-574492D41EE7->134d4672-e322-4e4b-b7f3-5645abb0fe8c@group-3CB1DFFBCDC2, cid=1244, SUCCESS, logIndex=1736, commits[134d4672-e322-4e4b-b7f3-5645abb0fe8c:c1736, 73af84f3-3e88-4c8c-894c-3ad307bcac8d:c1734, 730a25a1-dbec-44ed-975b-a44ab0096beb:c1734]
2019-08-30 05:17:38,481 | INFO  | DNAudit | user=null | ip=null | op=WRITE_CHUNK {blockData=conID: 1 locID: 102704235047616979 bcsId: 1736} | ret=SUCCESS |  
2019-08-30 05:17:38,483 | INFO  | DNAudit | user=null | ip=null | op=WRITE_CHUNK {blockData=conID: 1 locID: 102704235047616979 bcsId: 1736} | ret=SUCCESS |  
2019-08-30 05:17:38,483 | INFO  | DNAudit | user=null | ip=null | op=WRITE_CHUNK {blockData=conID: 1 locID: 102704235047616979 bcsId: 1736} | ret=SUCCESS |  
2019-08-30 05:17:38,486 | INFO  | DNAudit | user=null | ip=null | op=WRITE_CHUNK {blockData=conID: 1 locID: 102704235047616979 bcsId: 1730} | ret=SUCCESS |  
2019-08-30 05:17:38,486 | INFO  | DNAudit | user=null | ip=null | op=WRITE_CHUNK {blockData=conID: 1 locID: 102704235047616979 bcsId: 1730} | ret=SUCCESS |  
2019-08-30 05:17:38,489 | INFO  | DNAudit | user=null | ip=null | op=PUT_BLOCK {blockData=[blockId=conID: 1 locID: 102704235047616979 bcsId: 0,size=3145728]} | ret=SUCCESS |  
2019-08-30 05:17:38,489 | INFO  | DNAudit | user=null | ip=null | op=PUT_BLOCK {blockData=[blockId=conID: 1 locID: 102704235047616979 bcsId: 0,size=3145728]} | ret=SUCCESS |  
2019-08-30 05:17:38,489 | INFO  | DNAudit | user=null | ip=null | op=WRITE_CHUNK {blockData=conID: 1 locID: 102704235047616979 bcsId: 1736} | ret=SUCCESS |  
2019-08-30 05:17:38,489 | INFO  | DNAudit | user=null | ip=null | op=PUT_BLOCK {blockData=[blockId=conID: 1 locID: 102704235047616979 bcsId: 0,size=4194304]} | ret=SUCCESS |  
2019-08-30 05:17:38,490 [grpc-default-executor-3] INFO  client.GrpcClientProtocolClient (GrpcClientProtocolClient.java:onNext(255)) - client-574492D41EE7->134d4672-e322-4e4b-b7f3-5645abb0fe8c: receive RaftClientReply:client-574492D41EE7->134d4672-e322-4e4b-b7f3-5645abb0fe8c@group-3CB1DFFBCDC2, cid=1245, SUCCESS, logIndex=1739, commits[134d4672-e322-4e4b-b7f3-5645abb0fe8c:c1740, 73af84f3-3e88-4c8c-894c-3ad307bcac8d:c1736, 730a25a1-dbec-44ed-975b-a44ab0096beb:c1736]
2019-08-30 05:17:38,490 [grpc-default-executor-3] INFO  client.GrpcClientProtocolClient (GrpcClientProtocolClient.java:onNext(255)) - client-574492D41EE7->134d4672-e322-4e4b-b7f3-5645abb0fe8c: receive RaftClientReply:client-574492D41EE7->134d4672-e322-4e4b-b7f3-5645abb0fe8c@group-3CB1DFFBCDC2, cid=1246, SUCCESS, logIndex=1740, commits[134d4672-e322-4e4b-b7f3-5645abb0fe8c:c1740, 73af84f3-3e88-4c8c-894c-3ad307bcac8d:c1736, 730a25a1-dbec-44ed-975b-a44ab0096beb:c1736]
2019-08-30 05:17:38,501 | INFO  | DNAudit | user=null | ip=null | op=WRITE_CHUNK {blockData=conID: 1 locID: 102704235047616979 bcsId: 1736} | ret=SUCCESS |  
2019-08-30 05:17:38,501 | INFO  | DNAudit | user=null | ip=null | op=WRITE_CHUNK {blockData=conID: 1 locID: 102704235047616979 bcsId: 1736} | ret=SUCCESS |  
2019-08-30 05:17:38,504 | INFO  | DNAudit | user=null | ip=null | op=PUT_BLOCK {blockData=[blockId=conID: 1 locID: 102704235047616979 bcsId: 0,size=4194304]} | ret=SUCCESS |  
2019-08-30 05:17:38,504 | INFO  | DNAudit | user=null | ip=null | op=PUT_BLOCK {blockData=[blockId=conID: 1 locID: 102704235047616979 bcsId: 0,size=4194304]} | ret=SUCCESS |  
2019-08-30 05:17:38,505 [grpc-default-executor-3] INFO  client.GrpcClientProtocolClient (GrpcClientProtocolClient.java:onNext(255)) - client-574492D41EE7->134d4672-e322-4e4b-b7f3-5645abb0fe8c: receive RaftClientReply:client-574492D41EE7->134d4672-e322-4e4b-b7f3-5645abb0fe8c@group-3CB1DFFBCDC2, cid=1247, SUCCESS, logIndex=0, commits[134d4672-e322-4e4b-b7f3-5645abb0fe8c:c1742, 73af84f3-3e88-4c8c-894c-3ad307bcac8d:c1740, 730a25a1-dbec-44ed-975b-a44ab0096beb:c1740]
2019-08-30 05:17:38,509 | INFO  | SCMAudit | user=jenkins1000 | ip=192.168.36.106 | op=ALLOCATE_BLOCK {owner=85755eb5-052d-48fa-b271-2fe4d8754e12, size=4194304, type=RATIS, factor=THREE} | ret=SUCCESS |  
2019-08-30 05:17:38,512 | INFO  | OMAudit | user=jenkins1000 | ip=127.0.0.1 | op=ALLOCATE_BLOCK {volume=vol-0-00977, bucket=bucket-0-44205, key=key-0-32850, dataSize=0, replicationType=null, replicationFactor=null, keyLocationInfo=null, clientID=102704234570776978} | ret=SUCCESS |  
2019-08-30 05:17:38,519 | INFO  | DNAudit | user=null | ip=null | op=WRITE_CHUNK {blockData=conID: 2 locID: 102704235053646292 bcsId: 0} | ret=SUCCESS |  
2019-08-30 05:17:38,521 | INFO  | DNAudit | user=null | ip=null | op=WRITE_CHUNK {blockData=conID: 2 locID: 102704235053646292 bcsId: 0} | ret=SUCCESS |  
2019-08-30 05:17:38,521 | INFO  | DNAudit | user=null | ip=null | op=WRITE_CHUNK {blockData=conID: 2 locID: 102704235053646292 bcsId: 0} | ret=SUCCESS |  
2019-08-30 05:17:38,521 | INFO  | DNAudit | user=null | ip=null | op=WRITE_CHUNK {blockData=conID: 2 locID: 102704235053646292 bcsId: 0} | ret=SUCCESS |  
2019-08-30 05:17:38,523 | INFO  | DNAudit | user=null | ip=null | op=WRITE_CHUNK {blockData=conID: 2 locID: 102704235053646292 bcsId: 0} | ret=SUCCESS |  
2019-08-30 05:17:38,523 | INFO  | DNAudit | user=null | ip=null | op=WRITE_CHUNK {blockData=conID: 2 locID: 102704235053646292 bcsId: 0} | ret=SUCCESS |  
2019-08-30 05:17:38,531 | INFO  | DNAudit | user=null | ip=null | op=WRITE_CHUNK {blockData=conID: 2 locID: 102704235053646292 bcsId: 0} | ret=SUCCESS |  
2019-08-30 05:17:38,532 | INFO  | DNAudit | user=null | ip=null | op=PUT_BLOCK {blockData=[blockId=conID: 2 locID: 102704235053646292 bcsId: 0,size=1048576]} | ret=SUCCESS |  
2019-08-30 05:17:38,532 [grpc-default-executor-6] INFO  client.GrpcClientProtocolClient (GrpcClientProtocolClient.java:onNext(255)) - client-574492D41EE7->134d4672-e322-4e4b-b7f3-5645abb0fe8c: receive RaftClientReply:client-574492D41EE7->134d4672-e322-4e4b-b7f3-5645abb0fe8c@group-3CB1DFFBCDC2, cid=1248, SUCCESS, logIndex=1743, commits[134d4672-e322-4e4b-b7f3-5645abb0fe8c:c1744, 73af84f3-3e88-4c8c-894c-3ad307bcac8d:c1742, 730a25a1-dbec-44ed-975b-a44ab0096beb:c1742]
2019-08-30 05:17:38,532 | INFO  | DNAudit | user=null | ip=null | op=WRITE_CHUNK {blockData=conID: 2 locID: 102704235053646292 bcsId: 0} | ret=SUCCESS |  
2019-08-30 05:17:38,532 [grpc-default-executor-3] INFO  client.GrpcClientProtocolClient (GrpcClientProtocolClient.java:onNext(255)) - client-574492D41EE7->134d4672-e322-4e4b-b7f3-5645abb0fe8c: receive RaftClientReply:client-574492D41EE7->134d4672-e322-4e4b-b7f3-5645abb0fe8c@group-3CB1DFFBCDC2, cid=1249, SUCCESS, logIndex=1744, commits[134d4672-e322-4e4b-b7f3-5645abb0fe8c:c1744, 73af84f3-3e88-4c8c-894c-3ad307bcac8d:c1742, 730a25a1-dbec-44ed-975b-a44ab0096beb:c1742]
2019-08-30 05:17:38,533 | INFO  | DNAudit | user=null | ip=null | op=PUT_BLOCK {blockData=[blockId=conID: 2 locID: 102704235053646292 bcsId: 0,size=2097152]} | ret=SUCCESS |  
2019-08-30 05:17:38,533 [grpc-default-executor-3] INFO  client.GrpcClientProtocolClient (GrpcClientProtocolClient.java:onNext(255)) - client-574492D41EE7->134d4672-e322-4e4b-b7f3-5645abb0fe8c: receive RaftClientReply:client-574492D41EE7->134d4672-e322-4e4b-b7f3-5645abb0fe8c@group-3CB1DFFBCDC2, cid=1250, SUCCESS, logIndex=1745, commits[134d4672-e322-4e4b-b7f3-5645abb0fe8c:c1746, 73af84f3-3e88-4c8c-894c-3ad307bcac8d:c1742, 730a25a1-dbec-44ed-975b-a44ab0096beb:c1742]
2019-08-30 05:17:38,533 [grpc-default-executor-3] INFO  client.GrpcClientProtocolClient (GrpcClientProtocolClient.java:onNext(255)) - client-574492D41EE7->134d4672-e322-4e4b-b7f3-5645abb0fe8c: receive RaftClientReply:client-574492D41EE7->134d4672-e322-4e4b-b7f3-5645abb0fe8c@group-3CB1DFFBCDC2, cid=1251, SUCCESS, logIndex=1746, commits[134d4672-e322-4e4b-b7f3-5645abb0fe8c:c1746, 73af84f3-3e88-4c8c-894c-3ad307bcac8d:c1742, 730a25a1-dbec-44ed-975b-a44ab0096beb:c1742]
2019-08-30 05:17:38,533 | INFO  | DNAudit | user=null | ip=null | op=WRITE_CHUNK {blockData=conID: 2 locID: 102704235053646292 bcsId: 0} | ret=SUCCESS |  
2019-08-30 05:17:38,534 | INFO  | DNAudit | user=null | ip=null | op=PUT_BLOCK {blockData=[blockId=conID: 2 locID: 102704235053646292 bcsId: 0,size=1048576]} | ret=SUCCESS |  
2019-08-30 05:17:38,534 | INFO  | DNAudit | user=null | ip=null | op=WRITE_CHUNK {blockData=conID: 2 locID: 102704235053646292 bcsId: 0} | ret=SUCCESS |  
2019-08-30 05:17:38,535 | INFO  | DNAudit | user=null | ip=null | op=PUT_BLOCK {blockData=[blockId=conID: 2 locID: 102704235053646292 bcsId: 0,size=1048576]} | ret=SUCCESS |  
2019-08-30 05:17:38,535 | INFO  | DNAudit | user=null | ip=null | op=WRITE_CHUNK {blockData=conID: 2 locID: 102704235053646292 bcsId: 0} | ret=SUCCESS |  
2019-08-30 05:17:38,535 [grpc-default-executor-5] INFO  client.GrpcClientProtocolClient (GrpcClientProtocolClient.java:onNext(255)) - client-574492D41EE7->134d4672-e322-4e4b-b7f3-5645abb0fe8c: receive RaftClientReply:client-574492D41EE7->134d4672-e322-4e4b-b7f3-5645abb0fe8c@group-3CB1DFFBCDC2, cid=1252, SUCCESS, logIndex=0, commits[134d4672-e322-4e4b-b7f3-5645abb0fe8c:c1748, 73af84f3-3e88-4c8c-894c-3ad307bcac8d:c1744, 730a25a1-dbec-44ed-975b-a44ab0096beb:c1744]
2019-08-30 05:17:38,535 | INFO  | DNAudit | user=null | ip=null | op=WRITE_CHUNK {blockData=conID: 2 locID: 102704235053646292 bcsId: 0} | ret=SUCCESS |  
2019-08-30 05:17:38,536 | INFO  | DNAudit | user=null | ip=null | op=PUT_BLOCK {blockData=[blockId=conID: 2 locID: 102704235053646292 bcsId: 0,size=2097152]} | ret=SUCCESS |  
2019-08-30 05:17:38,536 | INFO  | DNAudit | user=null | ip=null | op=PUT_BLOCK {blockData=[blockId=conID: 2 locID: 102704235053646292 bcsId: 0,size=2097152]} | ret=SUCCESS |  
2019-08-30 05:17:38,542 | INFO  | DNAudit | user=null | ip=null | op=WRITE_CHUNK {blockData=conID: 2 locID: 102704235053646292 bcsId: 1746} | ret=SUCCESS |  
2019-08-30 05:17:38,543 | INFO  | DNAudit | user=null | ip=null | op=WRITE_CHUNK {blockData=conID: 2 locID: 102704235053646292 bcsId: 1746} | ret=SUCCESS |  
2019-08-30 05:17:38,544 | INFO  | DNAudit | user=null | ip=null | op=WRITE_CHUNK {blockData=conID: 2 locID: 102704235053646292 bcsId: 1746} | ret=SUCCESS |  
2019-08-30 05:17:38,553 | INFO  | DNAudit | user=null | ip=null | op=WRITE_CHUNK {blockData=conID: 2 locID: 102704235053646292 bcsId: 1746} | ret=SUCCESS |  
2019-08-30 05:17:38,553 | INFO  | DNAudit | user=null | ip=null | op=PUT_BLOCK {blockData=[blockId=conID: 2 locID: 102704235053646292 bcsId: 0,size=3145728]} | ret=SUCCESS |  
2019-08-30 05:17:38,553 [grpc-default-executor-5] INFO  client.GrpcClientProtocolClient (GrpcClientProtocolClient.java:onNext(255)) - client-574492D41EE7->134d4672-e322-4e4b-b7f3-5645abb0fe8c: receive RaftClientReply:client-574492D41EE7->134d4672-e322-4e4b-b7f3-5645abb0fe8c@group-3CB1DFFBCDC2, cid=1253, SUCCESS, logIndex=1751, commits[134d4672-e322-4e4b-b7f3-5645abb0fe8c:c1752, 73af84f3-3e88-4c8c-894c-3ad307bcac8d:c1750, 730a25a1-dbec-44ed-975b-a44ab0096beb:c1750]
2019-08-30 05:17:38,554 [grpc-default-executor-5] INFO  client.GrpcClientProtocolClient (GrpcClientProtocolClient.java:onNext(255)) - client-574492D41EE7->134d4672-e322-4e4b-b7f3-5645abb0fe8c: receive RaftClientReply:client-574492D41EE7->134d4672-e322-4e4b-b7f3-5645abb0fe8c@group-3CB1DFFBCDC2, cid=1254, SUCCESS, logIndex=1752, commits[134d4672-e322-4e4b-b7f3-5645abb0fe8c:c1752, 73af84f3-3e88-4c8c-894c-3ad307bcac8d:c1750, 730a25a1-dbec-44ed-975b-a44ab0096beb:c1750]
2019-08-30 05:17:38,559 | INFO  | DNAudit | user=null | ip=null | op=WRITE_CHUNK {blockData=conID: 2 locID: 102704235053646292 bcsId: 1752} | ret=SUCCESS |  
2019-08-30 05:17:38,561 | INFO  | DNAudit | user=null | ip=null | op=WRITE_CHUNK {blockData=conID: 2 locID: 102704235053646292 bcsId: 1752} | ret=SUCCESS |  
2019-08-30 05:17:38,561 | INFO  | DNAudit | user=null | ip=null | op=WRITE_CHUNK {blockData=conID: 2 locID: 102704235053646292 bcsId: 1752} | ret=SUCCESS |  
2019-08-30 05:17:38,563 | INFO  | DNAudit | user=null | ip=null | op=WRITE_CHUNK {blockData=conID: 2 locID: 102704235053646292 bcsId: 1746} | ret=SUCCESS |  
2019-08-30 05:17:38,563 | INFO  | DNAudit | user=null | ip=null | op=WRITE_CHUNK {blockData=conID: 2 locID: 102704235053646292 bcsId: 1746} | ret=SUCCESS |  
2019-08-30 05:17:38,563 | INFO  | DNAudit | user=null | ip=null | op=PUT_BLOCK {blockData=[blockId=conID: 2 locID: 102704235053646292 bcsId: 0,size=3145728]} | ret=SUCCESS |  
2019-08-30 05:17:38,563 | INFO  | DNAudit | user=null | ip=null | op=PUT_BLOCK {blockData=[blockId=conID: 2 locID: 102704235053646292 bcsId: 0,size=3145728]} | ret=SUCCESS |  
2019-08-30 05:17:38,566 | INFO  | DNAudit | user=null | ip=null | op=WRITE_CHUNK {blockData=conID: 2 locID: 102704235053646292 bcsId: 1752} | ret=SUCCESS |  
2019-08-30 05:17:38,566 | INFO  | DNAudit | user=null | ip=null | op=PUT_BLOCK {blockData=[blockId=conID: 2 locID: 102704235053646292 bcsId: 0,size=4194304]} | ret=SUCCESS |  
2019-08-30 05:17:38,567 [grpc-default-executor-6] INFO  client.GrpcClientProtocolClient (GrpcClientProtocolClient.java:onNext(255)) - client-574492D41EE7->134d4672-e322-4e4b-b7f3-5645abb0fe8c: receive RaftClientReply:client-574492D41EE7->134d4672-e322-4e4b-b7f3-5645abb0fe8c@group-3CB1DFFBCDC2, cid=1255, SUCCESS, logIndex=1755, commits[134d4672-e322-4e4b-b7f3-5645abb0fe8c:c1756, 73af84f3-3e88-4c8c-894c-3ad307bcac8d:c1752, 730a25a1-dbec-44ed-975b-a44ab0096beb:c1752]
2019-08-30 05:17:38,567 [grpc-default-executor-6] INFO  client.GrpcClientProtocolClient (GrpcClientProtocolClient.java:onNext(255)) - client-574492D41EE7->134d4672-e322-4e4b-b7f3-5645abb0fe8c: receive RaftClientReply:client-574492D41EE7->134d4672-e322-4e4b-b7f3-5645abb0fe8c@group-3CB1DFFBCDC2, cid=1256, SUCCESS, logIndex=1756, commits[134d4672-e322-4e4b-b7f3-5645abb0fe8c:c1756, 73af84f3-3e88-4c8c-894c-3ad307bcac8d:c1752, 730a25a1-dbec-44ed-975b-a44ab0096beb:c1752]
2019-08-30 05:17:38,576 | INFO  | DNAudit | user=null | ip=null | op=WRITE_CHUNK {blockData=conID: 2 locID: 102704235053646292 bcsId: 1752} | ret=SUCCESS |  
2019-08-30 05:17:38,576 | INFO  | DNAudit | user=null | ip=null | op=WRITE_CHUNK {blockData=conID: 2 locID: 102704235053646292 bcsId: 1752} | ret=SUCCESS |  
2019-08-30 05:17:38,578 | INFO  | DNAudit | user=null | ip=null | op=PUT_BLOCK {blockData=[blockId=conID: 2 locID: 102704235053646292 bcsId: 0,size=4194304]} | ret=SUCCESS |  
2019-08-30 05:17:38,578 | INFO  | DNAudit | user=null | ip=null | op=PUT_BLOCK {blockData=[blockId=conID: 2 locID: 102704235053646292 bcsId: 0,size=4194304]} | ret=SUCCESS |  
2019-08-30 05:17:38,578 [grpc-default-executor-6] INFO  client.GrpcClientProtocolClient (GrpcClientProtocolClient.java:onNext(255)) - client-574492D41EE7->134d4672-e322-4e4b-b7f3-5645abb0fe8c: receive RaftClientReply:client-574492D41EE7->134d4672-e322-4e4b-b7f3-5645abb0fe8c@group-3CB1DFFBCDC2, cid=1257, SUCCESS, logIndex=0, commits[134d4672-e322-4e4b-b7f3-5645abb0fe8c:c1758, 73af84f3-3e88-4c8c-894c-3ad307bcac8d:c1756, 730a25a1-dbec-44ed-975b-a44ab0096beb:c1756]
2019-08-30 05:17:38,582 | INFO  | SCMAudit | user=jenkins1000 | ip=192.168.36.106 | op=ALLOCATE_BLOCK {owner=85755eb5-052d-48fa-b271-2fe4d8754e12, size=4194304, type=RATIS, factor=THREE} | ret=SUCCESS |  
2019-08-30 05:17:38,585 | INFO  | OMAudit | user=jenkins1000 | ip=127.0.0.1 | op=ALLOCATE_BLOCK {volume=vol-0-00977, bucket=bucket-0-44205, key=key-0-32850, dataSize=0, replicationType=null, replicationFactor=null, keyLocationInfo=null, clientID=102704234570776978} | ret=SUCCESS |  
2019-08-30 05:17:38,592 | INFO  | DNAudit | user=null | ip=null | op=WRITE_CHUNK {blockData=conID: 3 locID: 102704235058430421 bcsId: 0} | ret=SUCCESS |  
2019-08-30 05:17:38,594 | INFO  | DNAudit | user=null | ip=null | op=WRITE_CHUNK {blockData=conID: 3 locID: 102704235058430421 bcsId: 0} | ret=SUCCESS |  
2019-08-30 05:17:38,594 | INFO  | DNAudit | user=null | ip=null | op=WRITE_CHUNK {blockData=conID: 3 locID: 102704235058430421 bcsId: 0} | ret=SUCCESS |  
2019-08-30 05:17:38,594 | INFO  | DNAudit | user=null | ip=null | op=WRITE_CHUNK {blockData=conID: 3 locID: 102704235058430421 bcsId: 0} | ret=SUCCESS |  
2019-08-30 05:17:38,595 | INFO  | DNAudit | user=null | ip=null | op=WRITE_CHUNK {blockData=conID: 3 locID: 102704235058430421 bcsId: 0} | ret=SUCCESS |  
2019-08-30 05:17:38,595 | INFO  | DNAudit | user=null | ip=null | op=WRITE_CHUNK {blockData=conID: 3 locID: 102704235058430421 bcsId: 0} | ret=SUCCESS |  
2019-08-30 05:17:38,602 | INFO  | DNAudit | user=null | ip=null | op=WRITE_CHUNK {blockData=conID: 3 locID: 102704235058430421 bcsId: 0} | ret=SUCCESS |  
2019-08-30 05:17:38,603 | INFO  | DNAudit | user=null | ip=null | op=PUT_BLOCK {blockData=[blockId=conID: 3 locID: 102704235058430421 bcsId: 0,size=1048576]} | ret=SUCCESS |  
2019-08-30 05:17:38,603 [grpc-default-executor-1] INFO  client.GrpcClientProtocolClient (GrpcClientProtocolClient.java:onNext(255)) - client-574492D41EE7->134d4672-e322-4e4b-b7f3-5645abb0fe8c: receive RaftClientReply:client-574492D41EE7->134d4672-e322-4e4b-b7f3-5645abb0fe8c@group-3CB1DFFBCDC2, cid=1258, SUCCESS, logIndex=1759, commits[134d4672-e322-4e4b-b7f3-5645abb0fe8c:c1760, 73af84f3-3e88-4c8c-894c-3ad307bcac8d:c1758, 730a25a1-dbec-44ed-975b-a44ab0096beb:c1758]
2019-08-30 05:17:38,603 | INFO  | DNAudit | user=null | ip=null | op=WRITE_CHUNK {blockData=conID: 3 locID: 102704235058430421 bcsId: 0} | ret=SUCCESS |  
2019-08-30 05:17:38,603 | INFO  | DNAudit | user=null | ip=null | op=PUT_BLOCK {blockData=[blockId=conID: 3 locID: 102704235058430421 bcsId: 0,size=2097152]} | ret=SUCCESS |  
2019-08-30 05:17:38,603 [grpc-default-executor-1] INFO  client.GrpcClientProtocolClient (GrpcClientProtocolClient.java:onNext(255)) - client-574492D41EE7->134d4672-e322-4e4b-b7f3-5645abb0fe8c: receive RaftClientReply:client-574492D41EE7->134d4672-e322-4e4b-b7f3-5645abb0fe8c@group-3CB1DFFBCDC2, cid=1259, SUCCESS, logIndex=1760, commits[134d4672-e322-4e4b-b7f3-5645abb0fe8c:c1762, 73af84f3-3e88-4c8c-894c-3ad307bcac8d:c1758, 730a25a1-dbec-44ed-975b-a44ab0096beb:c1758]
2019-08-30 05:17:38,604 [grpc-default-executor-1] INFO  client.GrpcClientProtocolClient (GrpcClientProtocolClient.java:onNext(255)) - client-574492D41EE7->134d4672-e322-4e4b-b7f3-5645abb0fe8c: receive RaftClientReply:client-574492D41EE7->134d4672-e322-4e4b-b7f3-5645abb0fe8c@group-3CB1DFFBCDC2, cid=1260, SUCCESS, logIndex=1761, commits[134d4672-e322-4e4b-b7f3-5645abb0fe8c:c1762, 73af84f3-3e88-4c8c-894c-3ad307bcac8d:c1758, 730a25a1-dbec-44ed-975b-a44ab0096beb:c1758]
2019-08-30 05:17:38,604 [grpc-default-executor-1] INFO  client.GrpcClientProtocolClient (GrpcClientProtocolClient.java:onNext(255)) - client-574492D41EE7->134d4672-e322-4e4b-b7f3-5645abb0fe8c: receive RaftClientReply:client-574492D41EE7->134d4672-e322-4e4b-b7f3-5645abb0fe8c@group-3CB1DFFBCDC2, cid=1261, SUCCESS, logIndex=1762, commits[134d4672-e322-4e4b-b7f3-5645abb0fe8c:c1762, 73af84f3-3e88-4c8c-894c-3ad307bcac8d:c1758, 730a25a1-dbec-44ed-975b-a44ab0096beb:c1758]
2019-08-30 05:17:38,615 | INFO  | DNAudit | user=null | ip=null | op=WRITE_CHUNK {blockData=conID: 3 locID: 102704235058430421 bcsId: 0} | ret=SUCCESS |  
2019-08-30 05:17:38,616 | INFO  | DNAudit | user=null | ip=null | op=WRITE_CHUNK {blockData=conID: 3 locID: 102704235058430421 bcsId: 0} | ret=SUCCESS |  
2019-08-30 05:17:38,616 | INFO  | DNAudit | user=null | ip=null | op=PUT_BLOCK {blockData=[blockId=conID: 3 locID: 102704235058430421 bcsId: 0,size=1048576]} | ret=SUCCESS |  
2019-08-30 05:17:38,616 | INFO  | DNAudit | user=null | ip=null | op=PUT_BLOCK {blockData=[blockId=conID: 3 locID: 102704235058430421 bcsId: 0,size=1048576]} | ret=SUCCESS |  
2019-08-30 05:17:38,616 | INFO  | DNAudit | user=null | ip=null | op=WRITE_CHUNK {blockData=conID: 3 locID: 102704235058430421 bcsId: 0} | ret=SUCCESS |  
2019-08-30 05:17:38,617 | INFO  | DNAudit | user=null | ip=null | op=PUT_BLOCK {blockData=[blockId=conID: 3 locID: 102704235058430421 bcsId: 0,size=2097152]} | ret=SUCCESS |  
2019-08-30 05:17:38,617 [grpc-default-executor-1] INFO  client.GrpcClientProtocolClient (GrpcClientProtocolClient.java:onNext(255)) - client-574492D41EE7->134d4672-e322-4e4b-b7f3-5645abb0fe8c: receive RaftClientReply:client-574492D41EE7->134d4672-e322-4e4b-b7f3-5645abb0fe8c@group-3CB1DFFBCDC2, cid=1262, SUCCESS, logIndex=0, commits[134d4672-e322-4e4b-b7f3-5645abb0fe8c:c1764, 73af84f3-3e88-4c8c-894c-3ad307bcac8d:c1760, 730a25a1-dbec-44ed-975b-a44ab0096beb:c1760]
2019-08-30 05:17:38,617 | INFO  | DNAudit | user=null | ip=null | op=WRITE_CHUNK {blockData=conID: 3 locID: 102704235058430421 bcsId: 0} | ret=SUCCESS |  
2019-08-30 05:17:38,618 | INFO  | DNAudit | user=null | ip=null | op=PUT_BLOCK {blockData=[blockId=conID: 3 locID: 102704235058430421 bcsId: 0,size=2097152]} | ret=SUCCESS |  
2019-08-30 05:17:38,622 | INFO  | DNAudit | user=null | ip=null | op=WRITE_CHUNK {blockData=conID: 3 locID: 102704235058430421 bcsId: 1762} | ret=SUCCESS |  
2019-08-30 05:17:38,624 | INFO  | DNAudit | user=null | ip=null | op=WRITE_CHUNK {blockData=conID: 3 locID: 102704235058430421 bcsId: 1762} | ret=SUCCESS |  
2019-08-30 05:17:38,625 | INFO  | DNAudit | user=null | ip=null | op=WRITE_CHUNK {blockData=conID: 3 locID: 102704235058430421 bcsId: 1762} | ret=SUCCESS |  
2019-08-30 05:17:38,632 | INFO  | DNAudit | user=null | ip=null | op=WRITE_CHUNK {blockData=conID: 3 locID: 102704235058430421 bcsId: 1762} | ret=SUCCESS |  
2019-08-30 05:17:38,632 | INFO  | DNAudit | user=null | ip=null | op=PUT_BLOCK {blockData=[blockId=conID: 3 locID: 102704235058430421 bcsId: 0,size=3145728]} | ret=SUCCESS |  
2019-08-30 05:17:38,633 [grpc-default-executor-1] INFO  client.GrpcClientProtocolClient (GrpcClientProtocolClient.java:onNext(255)) - client-574492D41EE7->134d4672-e322-4e4b-b7f3-5645abb0fe8c: receive RaftClientReply:client-574492D41EE7->134d4672-e322-4e4b-b7f3-5645abb0fe8c@group-3CB1DFFBCDC2, cid=1263, SUCCESS, logIndex=1766, commits[134d4672-e322-4e4b-b7f3-5645abb0fe8c:c1767, 73af84f3-3e88-4c8c-894c-3ad307bcac8d:c1765, 730a25a1-dbec-44ed-975b-a44ab0096beb:c1765]
2019-08-30 05:17:38,633 [grpc-default-executor-1] INFO  client.GrpcClientProtocolClient (GrpcClientProtocolClient.java:onNext(255)) - client-574492D41EE7->134d4672-e322-4e4b-b7f3-5645abb0fe8c: receive RaftClientReply:client-574492D41EE7->134d4672-e322-4e4b-b7f3-5645abb0fe8c@group-3CB1DFFBCDC2, cid=1264, SUCCESS, logIndex=1767, commits[134d4672-e322-4e4b-b7f3-5645abb0fe8c:c1767, 73af84f3-3e88-4c8c-894c-3ad307bcac8d:c1765, 730a25a1-dbec-44ed-975b-a44ab0096beb:c1765]
2019-08-30 05:17:38,634 | INFO  | DNAudit | user=null | ip=null | op=WRITE_CHUNK {blockData=conID: 3 locID: 102704235058430421 bcsId: 1762} | ret=SUCCESS |  
2019-08-30 05:17:38,634 | INFO  | DNAudit | user=null | ip=null | op=WRITE_CHUNK {blockData=conID: 3 locID: 102704235058430421 bcsId: 1762} | ret=SUCCESS |  
2019-08-30 05:17:38,634 | INFO  | DNAudit | user=null | ip=null | op=PUT_BLOCK {blockData=[blockId=conID: 3 locID: 102704235058430421 bcsId: 0,size=3145728]} | ret=SUCCESS |  
2019-08-30 05:17:38,634 | INFO  | DNAudit | user=null | ip=null | op=PUT_BLOCK {blockData=[blockId=conID: 3 locID: 102704235058430421 bcsId: 0,size=3145728]} | ret=SUCCESS |  
2019-08-30 05:17:38,638 | INFO  | DNAudit | user=null | ip=null | op=WRITE_CHUNK {blockData=conID: 3 locID: 102704235058430421 bcsId: 1767} | ret=SUCCESS |  
2019-08-30 05:17:38,640 | INFO  | DNAudit | user=null | ip=null | op=WRITE_CHUNK {blockData=conID: 3 locID: 102704235058430421 bcsId: 1767} | ret=SUCCESS |  
2019-08-30 05:17:38,641 | INFO  | DNAudit | user=null | ip=null | op=WRITE_CHUNK {blockData=conID: 3 locID: 102704235058430421 bcsId: 1767} | ret=SUCCESS |  
2019-08-30 05:17:38,652 | INFO  | DNAudit | user=null | ip=null | op=WRITE_CHUNK {blockData=conID: 3 locID: 102704235058430421 bcsId: 1767} | ret=SUCCESS |  
2019-08-30 05:17:38,652 | INFO  | DNAudit | user=null | ip=null | op=PUT_BLOCK {blockData=[blockId=conID: 3 locID: 102704235058430421 bcsId: 0,size=4194304]} | ret=SUCCESS |  
2019-08-30 05:17:38,652 [grpc-default-executor-6] INFO  client.GrpcClientProtocolClient (GrpcClientProtocolClient.java:onNext(255)) - client-574492D41EE7->134d4672-e322-4e4b-b7f3-5645abb0fe8c: receive RaftClientReply:client-574492D41EE7->134d4672-e322-4e4b-b7f3-5645abb0fe8c@group-3CB1DFFBCDC2, cid=1265, SUCCESS, logIndex=1770, commits[134d4672-e322-4e4b-b7f3-5645abb0fe8c:c1771, 73af84f3-3e88-4c8c-894c-3ad307bcac8d:c1769, 730a25a1-dbec-44ed-975b-a44ab0096beb:c1769]
2019-08-30 05:17:38,653 [grpc-default-executor-6] INFO  client.GrpcClientProtocolClient (GrpcClientProtocolClient.java:onNext(255)) - client-574492D41EE7->134d4672-e322-4e4b-b7f3-5645abb0fe8c: receive RaftClientReply:client-574492D41EE7->134d4672-e322-4e4b-b7f3-5645abb0fe8c@group-3CB1DFFBCDC2, cid=1266, SUCCESS, logIndex=1771, commits[134d4672-e322-4e4b-b7f3-5645abb0fe8c:c1771, 73af84f3-3e88-4c8c-894c-3ad307bcac8d:c1769, 730a25a1-dbec-44ed-975b-a44ab0096beb:c1769]
2019-08-30 05:17:38,665 | INFO  | DNAudit | user=null | ip=null | op=WRITE_CHUNK {blockData=conID: 3 locID: 102704235058430421 bcsId: 1767} | ret=SUCCESS |  
2019-08-30 05:17:38,665 | INFO  | DNAudit | user=null | ip=null | op=WRITE_CHUNK {blockData=conID: 3 locID: 102704235058430421 bcsId: 1767} | ret=SUCCESS |  
2019-08-30 05:17:38,665 | INFO  | DNAudit | user=null | ip=null | op=PUT_BLOCK {blockData=[blockId=conID: 3 locID: 102704235058430421 bcsId: 0,size=4194304]} | ret=SUCCESS |  
2019-08-30 05:17:38,666 | INFO  | DNAudit | user=null | ip=null | op=PUT_BLOCK {blockData=[blockId=conID: 3 locID: 102704235058430421 bcsId: 0,size=4194304]} | ret=SUCCESS |  
2019-08-30 05:17:38,666 [grpc-default-executor-6] INFO  client.GrpcClientProtocolClient (GrpcClientProtocolClient.java:onNext(255)) - client-574492D41EE7->134d4672-e322-4e4b-b7f3-5645abb0fe8c: receive RaftClientReply:client-574492D41EE7->134d4672-e322-4e4b-b7f3-5645abb0fe8c@group-3CB1DFFBCDC2, cid=1267, SUCCESS, logIndex=0, commits[134d4672-e322-4e4b-b7f3-5645abb0fe8c:c1772, 73af84f3-3e88-4c8c-894c-3ad307bcac8d:c1771, 730a25a1-dbec-44ed-975b-a44ab0096beb:c1771]
2019-08-30 05:17:38,671 | INFO  | SCMAudit | user=jenkins1000 | ip=192.168.36.106 | op=ALLOCATE_BLOCK {owner=85755eb5-052d-48fa-b271-2fe4d8754e12, size=4194304, type=RATIS, factor=THREE} | ret=SUCCESS |  
2019-08-30 05:17:38,675 | INFO  | OMAudit | user=jenkins1000 | ip=127.0.0.1 | op=ALLOCATE_BLOCK {volume=vol-0-00977, bucket=bucket-0-44205, key=key-0-32850, dataSize=0, replicationType=null, replicationFactor=null, keyLocationInfo=null, clientID=102704234570776978} | ret=SUCCESS |  
2019-08-30 05:17:38,682 | INFO  | DNAudit | user=null | ip=null | op=WRITE_CHUNK {blockData=conID: 1 locID: 102704235064263126 bcsId: 0} | ret=SUCCESS |  
2019-08-30 05:17:38,684 | INFO  | DNAudit | user=null | ip=null | op=WRITE_CHUNK {blockData=conID: 1 locID: 102704235064263126 bcsId: 0} | ret=SUCCESS |  
2019-08-30 05:17:38,684 | INFO  | DNAudit | user=null | ip=null | op=WRITE_CHUNK {blockData=conID: 1 locID: 102704235064263126 bcsId: 0} | ret=SUCCESS |  
2019-08-30 05:17:38,685 | INFO  | DNAudit | user=null | ip=null | op=WRITE_CHUNK {blockData=conID: 1 locID: 102704235064263126 bcsId: 0} | ret=SUCCESS |  
2019-08-30 05:17:38,686 | INFO  | DNAudit | user=null | ip=null | op=WRITE_CHUNK {blockData=conID: 1 locID: 102704235064263126 bcsId: 0} | ret=SUCCESS |  
2019-08-30 05:17:38,686 | INFO  | DNAudit | user=null | ip=null | op=WRITE_CHUNK {blockData=conID: 1 locID: 102704235064263126 bcsId: 0} | ret=SUCCESS |  
2019-08-30 05:17:38,695 | INFO  | DNAudit | user=null | ip=null | op=WRITE_CHUNK {blockData=conID: 1 locID: 102704235064263126 bcsId: 0} | ret=SUCCESS |  
2019-08-30 05:17:38,695 | INFO  | DNAudit | user=null | ip=null | op=PUT_BLOCK {blockData=[blockId=conID: 1 locID: 102704235064263126 bcsId: 0,size=1048576]} | ret=SUCCESS |  
2019-08-30 05:17:38,696 [grpc-default-executor-6] INFO  client.GrpcClientProtocolClient (GrpcClientProtocolClient.java:onNext(255)) - client-574492D41EE7->134d4672-e322-4e4b-b7f3-5645abb0fe8c: receive RaftClientReply:client-574492D41EE7->134d4672-e322-4e4b-b7f3-5645abb0fe8c@group-3CB1DFFBCDC2, cid=1268, SUCCESS, logIndex=1774, commits[134d4672-e322-4e4b-b7f3-5645abb0fe8c:c1777, 73af84f3-3e88-4c8c-894c-3ad307bcac8d:c1773, 730a25a1-dbec-44ed-975b-a44ab0096beb:c1773]
2019-08-30 05:17:38,696 | INFO  | DNAudit | user=null | ip=null | op=WRITE_CHUNK {blockData=conID: 1 locID: 102704235064263126 bcsId: 0} | ret=SUCCESS |  
2019-08-30 05:17:38,696 [grpc-default-executor-6] INFO  client.GrpcClientProtocolClient (GrpcClientProtocolClient.java:onNext(255)) - client-574492D41EE7->134d4672-e322-4e4b-b7f3-5645abb0fe8c: receive RaftClientReply:client-574492D41EE7->134d4672-e322-4e4b-b7f3-5645abb0fe8c@group-3CB1DFFBCDC2, cid=1269, SUCCESS, logIndex=1775, commits[134d4672-e322-4e4b-b7f3-5645abb0fe8c:c1777, 73af84f3-3e88-4c8c-894c-3ad307bcac8d:c1773, 730a25a1-dbec-44ed-975b-a44ab0096beb:c1773]
2019-08-30 05:17:38,696 | INFO  | DNAudit | user=null | ip=null | op=PUT_BLOCK {blockData=[blockId=conID: 1 locID: 102704235064263126 bcsId: 0,size=2097152]} | ret=SUCCESS |  
2019-08-30 05:17:38,696 [grpc-default-executor-6] INFO  client.GrpcClientProtocolClient (GrpcClientProtocolClient.java:onNext(255)) - client-574492D41EE7->134d4672-e322-4e4b-b7f3-5645abb0fe8c: receive RaftClientReply:client-574492D41EE7->134d4672-e322-4e4b-b7f3-5645abb0fe8c@group-3CB1DFFBCDC2, cid=1270, SUCCESS, logIndex=1776, commits[134d4672-e322-4e4b-b7f3-5645abb0fe8c:c1777, 73af84f3-3e88-4c8c-894c-3ad307bcac8d:c1773, 730a25a1-dbec-44ed-975b-a44ab0096beb:c1773]
2019-08-30 05:17:38,697 [grpc-default-executor-6] INFO  client.GrpcClientProtocolClient (GrpcClientProtocolClient.java:onNext(255)) - client-574492D41EE7->134d4672-e322-4e4b-b7f3-5645abb0fe8c: receive RaftClientReply:client-574492D41EE7->134d4672-e322-4e4b-b7f3-5645abb0fe8c@group-3CB1DFFBCDC2, cid=1271, SUCCESS, logIndex=1777, commits[134d4672-e322-4e4b-b7f3-5645abb0fe8c:c1777, 73af84f3-3e88-4c8c-894c-3ad307bcac8d:c1773, 730a25a1-dbec-44ed-975b-a44ab0096beb:c1773]
2019-08-30 05:17:38,698 | INFO  | DNAudit | user=null | ip=null | op=WRITE_CHUNK {blockData=conID: 1 locID: 102704235064263126 bcsId: 0} | ret=SUCCESS |  
2019-08-30 05:17:38,709 | INFO  | DNAudit | user=null | ip=null | op=WRITE_CHUNK {blockData=conID: 1 locID: 102704235064263126 bcsId: 0} | ret=SUCCESS |  
2019-08-30 05:17:38,709 | INFO  | DNAudit | user=null | ip=null | op=PUT_BLOCK {blockData=[blockId=conID: 1 locID: 102704235064263126 bcsId: 0,size=1048576]} | ret=SUCCESS |  
2019-08-30 05:17:38,709 | INFO  | DNAudit | user=null | ip=null | op=WRITE_CHUNK {blockData=conID: 1 locID: 102704235064263126 bcsId: 0} | ret=SUCCESS |  
2019-08-30 05:17:38,709 | INFO  | DNAudit | user=null | ip=null | op=PUT_BLOCK {blockData=[blockId=conID: 1 locID: 102704235064263126 bcsId: 0,size=2097152]} | ret=SUCCESS |  
2019-08-30 05:17:38,709 | INFO  | DNAudit | user=null | ip=null | op=PUT_BLOCK {blockData=[blockId=conID: 1 locID: 102704235064263126 bcsId: 0,size=1048576]} | ret=SUCCESS |  
2019-08-30 05:17:38,710 | INFO  | DNAudit | user=null | ip=null | op=WRITE_CHUNK {blockData=conID: 1 locID: 102704235064263126 bcsId: 0} | ret=SUCCESS |  
2019-08-30 05:17:38,710 | INFO  | DNAudit | user=null | ip=null | op=PUT_BLOCK {blockData=[blockId=conID: 1 locID: 102704235064263126 bcsId: 0,size=2097152]} | ret=SUCCESS |  
2019-08-30 05:17:38,710 [grpc-default-executor-6] INFO  client.GrpcClientProtocolClient (GrpcClientProtocolClient.java:onNext(255)) - client-574492D41EE7->134d4672-e322-4e4b-b7f3-5645abb0fe8c: receive RaftClientReply:client-574492D41EE7->134d4672-e322-4e4b-b7f3-5645abb0fe8c@group-3CB1DFFBCDC2, cid=1272, SUCCESS, logIndex=0, commits[134d4672-e322-4e4b-b7f3-5645abb0fe8c:c1781, 73af84f3-3e88-4c8c-894c-3ad307bcac8d:c1777, 730a25a1-dbec-44ed-975b-a44ab0096beb:c1775]
2019-08-30 05:17:38,715 | INFO  | DNAudit | user=null | ip=null | op=WRITE_CHUNK {blockData=conID: 1 locID: 102704235064263126 bcsId: 1777} | ret=SUCCESS |  
2019-08-30 05:17:38,717 | INFO  | DNAudit | user=null | ip=null | op=WRITE_CHUNK {blockData=conID: 1 locID: 102704235064263126 bcsId: 1777} | ret=SUCCESS |  
2019-08-30 05:17:38,717 | INFO  | DNAudit | user=null | ip=null | op=WRITE_CHUNK {blockData=conID: 1 locID: 102704235064263126 bcsId: 1777} | ret=SUCCESS |  
2019-08-30 05:17:38,729 | INFO  | DNAudit | user=null | ip=null | op=WRITE_CHUNK {blockData=conID: 1 locID: 102704235064263126 bcsId: 1777} | ret=SUCCESS |  
2019-08-30 05:17:38,729 | INFO  | DNAudit | user=null | ip=null | op=PUT_BLOCK {blockData=[blockId=conID: 1 locID: 102704235064263126 bcsId: 0,size=3145728]} | ret=SUCCESS |  
2019-08-30 05:17:38,729 [grpc-default-executor-6] INFO  client.GrpcClientProtocolClient (GrpcClientProtocolClient.java:onNext(255)) - client-574492D41EE7->134d4672-e322-4e4b-b7f3-5645abb0fe8c: receive RaftClientReply:client-574492D41EE7->134d4672-e322-4e4b-b7f3-5645abb0fe8c@group-3CB1DFFBCDC2, cid=1273, SUCCESS, logIndex=1782, commits[134d4672-e322-4e4b-b7f3-5645abb0fe8c:c1783, 73af84f3-3e88-4c8c-894c-3ad307bcac8d:c1781, 730a25a1-dbec-44ed-975b-a44ab0096beb:c1781]
2019-08-30 05:17:38,730 [grpc-default-executor-6] INFO  client.GrpcClientProtocolClient (GrpcClientProtocolClient.java:onNext(255)) - client-574492D41EE7->134d4672-e322-4e4b-b7f3-5645abb0fe8c: receive RaftClientReply:client-574492D41EE7->134d4672-e322-4e4b-b7f3-5645abb0fe8c@group-3CB1DFFBCDC2, cid=1274, SUCCESS, logIndex=1783, commits[134d4672-e322-4e4b-b7f3-5645abb0fe8c:c1783, 73af84f3-3e88-4c8c-894c-3ad307bcac8d:c1781, 730a25a1-dbec-44ed-975b-a44ab0096beb:c1781]
2019-08-30 05:17:38,735 | INFO  | DNAudit | user=null | ip=null | op=WRITE_CHUNK {blockData=conID: 1 locID: 102704235064263126 bcsId: 1783} | ret=SUCCESS |  
2019-08-30 05:17:38,737 | INFO  | DNAudit | user=null | ip=null | op=WRITE_CHUNK {blockData=conID: 1 locID: 102704235064263126 bcsId: 1783} | ret=SUCCESS |  
2019-08-30 05:17:38,737 | INFO  | DNAudit | user=null | ip=null | op=WRITE_CHUNK {blockData=conID: 1 locID: 102704235064263126 bcsId: 1783} | ret=SUCCESS |  
2019-08-30 05:17:38,741 | INFO  | DNAudit | user=null | ip=null | op=WRITE_CHUNK {blockData=conID: 1 locID: 102704235064263126 bcsId: 1777} | ret=SUCCESS |  
2019-08-30 05:17:38,741 | INFO  | DNAudit | user=null | ip=null | op=WRITE_CHUNK {blockData=conID: 1 locID: 102704235064263126 bcsId: 1777} | ret=SUCCESS |  
2019-08-30 05:17:38,741 | INFO  | DNAudit | user=null | ip=null | op=PUT_BLOCK {blockData=[blockId=conID: 1 locID: 102704235064263126 bcsId: 0,size=3145728]} | ret=SUCCESS |  
2019-08-30 05:17:38,741 | INFO  | DNAudit | user=null | ip=null | op=PUT_BLOCK {blockData=[blockId=conID: 1 locID: 102704235064263126 bcsId: 0,size=3145728]} | ret=SUCCESS |  
2019-08-30 05:17:38,744 | INFO  | DNAudit | user=null | ip=null | op=WRITE_CHUNK {blockData=conID: 1 locID: 102704235064263126 bcsId: 1783} | ret=SUCCESS |  
2019-08-30 05:17:38,744 | INFO  | DNAudit | user=null | ip=null | op=PUT_BLOCK {blockData=[blockId=conID: 1 locID: 102704235064263126 bcsId: 0,size=4194304]} | ret=SUCCESS |  
2019-08-30 05:17:38,744 [grpc-default-executor-6] INFO  client.GrpcClientProtocolClient (GrpcClientProtocolClient.java:onNext(255)) - client-574492D41EE7->134d4672-e322-4e4b-b7f3-5645abb0fe8c: receive RaftClientReply:client-574492D41EE7->134d4672-e322-4e4b-b7f3-5645abb0fe8c@group-3CB1DFFBCDC2, cid=1275, SUCCESS, logIndex=1786, commits[134d4672-e322-4e4b-b7f3-5645abb0fe8c:c1787, 73af84f3-3e88-4c8c-894c-3ad307bcac8d:c1783, 730a25a1-dbec-44ed-975b-a44ab0096beb:c1783]
2019-08-30 05:17:38,851 [grpc-default-executor-6] INFO  client.GrpcClientProtocolClient (GrpcClientProtocolClient.java:onNext(255)) - client-574492D41EE7->134d4672-e322-4e4b-b7f3-5645abb0fe8c: receive RaftClientReply:client-574492D41EE7->134d4672-e322-4e4b-b7f3-5645abb0fe8c@group-3CB1DFFBCDC2, cid=1276, SUCCESS, logIndex=1787, commits[134d4672-e322-4e4b-b7f3-5645abb0fe8c:c1787, 73af84f3-3e88-4c8c-894c-3ad307bcac8d:c1783, 730a25a1-dbec-44ed-975b-a44ab0096beb:c1783]
2019-08-30 05:17:38,852 | INFO  | DNAudit | user=null | ip=null | op=WRITE_CHUNK {blockData=conID: 1 locID: 102704235064263126 bcsId: 1783} | ret=SUCCESS |  
2019-08-30 05:17:38,852 | INFO  | DNAudit | user=null | ip=null | op=WRITE_CHUNK {blockData=conID: 1 locID: 102704235064263126 bcsId: 1783} | ret=SUCCESS |  
2019-08-30 05:17:38,866 | INFO  | DNAudit | user=null | ip=null | op=PUT_BLOCK {blockData=[blockId=conID: 1 locID: 102704235064263126 bcsId: 0,size=4194304]} | ret=SUCCESS |  
2019-08-30 05:17:38,866 | INFO  | DNAudit | user=null | ip=null | op=PUT_BLOCK {blockData=[blockId=conID: 1 locID: 102704235064263126 bcsId: 0,size=4194304]} | ret=SUCCESS |  
2019-08-30 05:17:38,866 [grpc-default-executor-6] INFO  client.GrpcClientProtocolClient (GrpcClientProtocolClient.java:onNext(255)) - client-574492D41EE7->134d4672-e322-4e4b-b7f3-5645abb0fe8c: receive RaftClientReply:client-574492D41EE7->134d4672-e322-4e4b-b7f3-5645abb0fe8c@group-3CB1DFFBCDC2, cid=1277, SUCCESS, logIndex=0, commits[134d4672-e322-4e4b-b7f3-5645abb0fe8c:c1789, 73af84f3-3e88-4c8c-894c-3ad307bcac8d:c1787, 730a25a1-dbec-44ed-975b-a44ab0096beb:c1787]
2019-08-30 05:17:38,872 | INFO  | SCMAudit | user=jenkins1000 | ip=192.168.36.106 | op=ALLOCATE_BLOCK {owner=85755eb5-052d-48fa-b271-2fe4d8754e12, size=4194304, type=RATIS, factor=THREE} | ret=SUCCESS |  
2019-08-30 05:17:38,875 | INFO  | OMAudit | user=jenkins1000 | ip=127.0.0.1 | op=ALLOCATE_BLOCK {volume=vol-0-00977, bucket=bucket-0-44205, key=key-0-32850, dataSize=0, replicationType=null, replicationFactor=null, keyLocationInfo=null, clientID=102704234570776978} | ret=SUCCESS |  
2019-08-30 05:17:38,882 | INFO  | DNAudit | user=null | ip=null | op=WRITE_CHUNK {blockData=conID: 2 locID: 102704235077370327 bcsId: 0} | ret=SUCCESS |  
2019-08-30 05:17:38,886 | INFO  | DNAudit | user=null | ip=null | op=WRITE_CHUNK {blockData=conID: 2 locID: 102704235077370327 bcsId: 0} | ret=SUCCESS |  
2019-08-30 05:17:38,886 | INFO  | DNAudit | user=null | ip=null | op=WRITE_CHUNK {blockData=conID: 2 locID: 102704235077370327 bcsId: 0} | ret=SUCCESS |  
2019-08-30 05:17:38,886 | INFO  | DNAudit | user=null | ip=null | op=WRITE_CHUNK {blockData=conID: 2 locID: 102704235077370327 bcsId: 0} | ret=SUCCESS |  
2019-08-30 05:17:38,887 | INFO  | DNAudit | user=null | ip=null | op=WRITE_CHUNK {blockData=conID: 2 locID: 102704235077370327 bcsId: 0} | ret=SUCCESS |  
2019-08-30 05:17:38,888 | INFO  | DNAudit | user=null | ip=null | op=WRITE_CHUNK {blockData=conID: 2 locID: 102704235077370327 bcsId: 0} | ret=SUCCESS |  
2019-08-30 05:17:38,895 | INFO  | DNAudit | user=null | ip=null | op=WRITE_CHUNK {blockData=conID: 2 locID: 102704235077370327 bcsId: 0} | ret=SUCCESS |  
2019-08-30 05:17:38,896 | INFO  | DNAudit | user=null | ip=null | op=PUT_BLOCK {blockData=[blockId=conID: 2 locID: 102704235077370327 bcsId: 0,size=1048576]} | ret=SUCCESS |  
2019-08-30 05:17:38,896 [grpc-default-executor-3] INFO  client.GrpcClientProtocolClient (GrpcClientProtocolClient.java:onNext(255)) - client-574492D41EE7->134d4672-e322-4e4b-b7f3-5645abb0fe8c: receive RaftClientReply:client-574492D41EE7->134d4672-e322-4e4b-b7f3-5645abb0fe8c@group-3CB1DFFBCDC2, cid=1278, SUCCESS, logIndex=1790, commits[134d4672-e322-4e4b-b7f3-5645abb0fe8c:c1791, 73af84f3-3e88-4c8c-894c-3ad307bcac8d:c1789, 730a25a1-dbec-44ed-975b-a44ab0096beb:c1789]
2019-08-30 05:17:38,896 [grpc-default-executor-3] INFO  client.GrpcClientProtocolClient (GrpcClientProtocolClient.java:onNext(255)) - client-574492D41EE7->134d4672-e322-4e4b-b7f3-5645abb0fe8c: receive RaftClientReply:client-574492D41EE7->134d4672-e322-4e4b-b7f3-5645abb0fe8c@group-3CB1DFFBCDC2, cid=1279, SUCCESS, logIndex=1791, commits[134d4672-e322-4e4b-b7f3-5645abb0fe8c:c1791, 73af84f3-3e88-4c8c-894c-3ad307bcac8d:c1789, 730a25a1-dbec-44ed-975b-a44ab0096beb:c1789]
2019-08-30 05:17:38,898 | INFO  | DNAudit | user=null | ip=null | op=WRITE_CHUNK {blockData=conID: 2 locID: 102704235077370327 bcsId: 0} | ret=SUCCESS |  
2019-08-30 05:17:38,898 | INFO  | DNAudit | user=null | ip=null | op=PUT_BLOCK {blockData=[blockId=conID: 2 locID: 102704235077370327 bcsId: 0,size=2097152]} | ret=SUCCESS |  
2019-08-30 05:17:38,898 [grpc-default-executor-3] INFO  client.GrpcClientProtocolClient (GrpcClientProtocolClient.java:onNext(255)) - client-574492D41EE7->134d4672-e322-4e4b-b7f3-5645abb0fe8c: receive RaftClientReply:client-574492D41EE7->134d4672-e322-4e4b-b7f3-5645abb0fe8c@group-3CB1DFFBCDC2, cid=1280, SUCCESS, logIndex=1792, commits[134d4672-e322-4e4b-b7f3-5645abb0fe8c:c1793, 73af84f3-3e88-4c8c-894c-3ad307bcac8d:c1789, 730a25a1-dbec-44ed-975b-a44ab0096beb:c1789]
2019-08-30 05:17:38,899 [grpc-default-executor-3] INFO  client.GrpcClientProtocolClient (GrpcClientProtocolClient.java:onNext(255)) - client-574492D41EE7->134d4672-e322-4e4b-b7f3-5645abb0fe8c: receive RaftClientReply:client-574492D41EE7->134d4672-e322-4e4b-b7f3-5645abb0fe8c@group-3CB1DFFBCDC2, cid=1281, SUCCESS, logIndex=1793, commits[134d4672-e322-4e4b-b7f3-5645abb0fe8c:c1793, 73af84f3-3e88-4c8c-894c-3ad307bcac8d:c1789, 730a25a1-dbec-44ed-975b-a44ab0096beb:c1789]
2019-08-30 05:17:38,909 | INFO  | DNAudit | user=null | ip=null | op=WRITE_CHUNK {blockData=conID: 2 locID: 102704235077370327 bcsId: 0} | ret=SUCCESS |  
2019-08-30 05:17:38,910 | INFO  | DNAudit | user=null | ip=null | op=WRITE_CHUNK {blockData=conID: 2 locID: 102704235077370327 bcsId: 0} | ret=SUCCESS |  
2019-08-30 05:17:38,910 | INFO  | DNAudit | user=null | ip=null | op=PUT_BLOCK {blockData=[blockId=conID: 2 locID: 102704235077370327 bcsId: 0,size=1048576]} | ret=SUCCESS |  
2019-08-30 05:17:38,910 | INFO  | DNAudit | user=null | ip=null | op=PUT_BLOCK {blockData=[blockId=conID: 2 locID: 102704235077370327 bcsId: 0,size=1048576]} | ret=SUCCESS |  
2019-08-30 05:17:38,910 | INFO  | DNAudit | user=null | ip=null | op=WRITE_CHUNK {blockData=conID: 2 locID: 102704235077370327 bcsId: 0} | ret=SUCCESS |  
2019-08-30 05:17:38,910 [grpc-default-executor-6] INFO  client.GrpcClientProtocolClient (GrpcClientProtocolClient.java:onNext(255)) - client-574492D41EE7->134d4672-e322-4e4b-b7f3-5645abb0fe8c: receive RaftClientReply:client-574492D41EE7->134d4672-e322-4e4b-b7f3-5645abb0fe8c@group-3CB1DFFBCDC2, cid=1282, SUCCESS, logIndex=0, commits[134d4672-e322-4e4b-b7f3-5645abb0fe8c:c1795, 73af84f3-3e88-4c8c-894c-3ad307bcac8d:c1791, 730a25a1-dbec-44ed-975b-a44ab0096beb:c1791]
2019-08-30 05:17:38,911 | INFO  | DNAudit | user=null | ip=null | op=PUT_BLOCK {blockData=[blockId=conID: 2 locID: 102704235077370327 bcsId: 0,size=2097152]} | ret=SUCCESS |  
2019-08-30 05:17:38,911 | INFO  | DNAudit | user=null | ip=null | op=WRITE_CHUNK {blockData=conID: 2 locID: 102704235077370327 bcsId: 0} | ret=SUCCESS |  
2019-08-30 05:17:38,911 | INFO  | DNAudit | user=null | ip=null | op=PUT_BLOCK {blockData=[blockId=conID: 2 locID: 102704235077370327 bcsId: 0,size=2097152]} | ret=SUCCESS |  
2019-08-30 05:17:38,918 | INFO  | DNAudit | user=null | ip=null | op=WRITE_CHUNK {blockData=conID: 2 locID: 102704235077370327 bcsId: 1793} | ret=SUCCESS |  
2019-08-30 05:17:38,920 | INFO  | DNAudit | user=null | ip=null | op=WRITE_CHUNK {blockData=conID: 2 locID: 102704235077370327 bcsId: 1793} | ret=SUCCESS |  
2019-08-30 05:17:38,922 | INFO  | DNAudit | user=null | ip=null | op=WRITE_CHUNK {blockData=conID: 2 locID: 102704235077370327 bcsId: 1793} | ret=SUCCESS |  
2019-08-30 05:17:38,932 | INFO  | DNAudit | user=null | ip=null | op=WRITE_CHUNK {blockData=conID: 2 locID: 102704235077370327 bcsId: 1793} | ret=SUCCESS |  
2019-08-30 05:17:38,940 [grpc-default-executor-3] INFO  client.GrpcClientProtocolClient (GrpcClientProtocolClient.java:onNext(255)) - client-574492D41EE7->134d4672-e322-4e4b-b7f3-5645abb0fe8c: receive RaftClientReply:client-574492D41EE7->134d4672-e322-4e4b-b7f3-5645abb0fe8c@group-3CB1DFFBCDC2, cid=1283, SUCCESS, logIndex=1798, commits[134d4672-e322-4e4b-b7f3-5645abb0fe8c:c1798, 73af84f3-3e88-4c8c-894c-3ad307bcac8d:c1797, 730a25a1-dbec-44ed-975b-a44ab0096beb:c1793]
2019-08-30 05:17:38,941 | INFO  | DNAudit | user=null | ip=null | op=PUT_BLOCK {blockData=[blockId=conID: 2 locID: 102704235077370327 bcsId: 0,size=3145728]} | ret=SUCCESS |  
2019-08-30 05:17:38,944 [grpc-default-executor-6] INFO  client.GrpcClientProtocolClient (GrpcClientProtocolClient.java:onNext(255)) - client-574492D41EE7->134d4672-e322-4e4b-b7f3-5645abb0fe8c: receive RaftClientReply:client-574492D41EE7->134d4672-e322-4e4b-b7f3-5645abb0fe8c@group-3CB1DFFBCDC2, cid=1284, SUCCESS, logIndex=1799, commits[134d4672-e322-4e4b-b7f3-5645abb0fe8c:c1799, 73af84f3-3e88-4c8c-894c-3ad307bcac8d:c1797, 730a25a1-dbec-44ed-975b-a44ab0096beb:c1797]
2019-08-30 05:17:38,946 | INFO  | DNAudit | user=null | ip=null | op=WRITE_CHUNK {blockData=conID: 2 locID: 102704235077370327 bcsId: 1793} | ret=SUCCESS |  
2019-08-30 05:17:38,948 | INFO  | DNAudit | user=null | ip=null | op=WRITE_CHUNK {blockData=conID: 2 locID: 102704235077370327 bcsId: 1793} | ret=SUCCESS |  
2019-08-30 05:17:38,948 | INFO  | DNAudit | user=null | ip=null | op=PUT_BLOCK {blockData=[blockId=conID: 2 locID: 102704235077370327 bcsId: 0,size=3145728]} | ret=SUCCESS |  
2019-08-30 05:17:38,956 | INFO  | DNAudit | user=null | ip=null | op=WRITE_CHUNK {blockData=conID: 2 locID: 102704235077370327 bcsId: 1799} | ret=SUCCESS |  
2019-08-30 05:17:38,959 | INFO  | DNAudit | user=null | ip=null | op=WRITE_CHUNK {blockData=conID: 2 locID: 102704235077370327 bcsId: 1799} | ret=SUCCESS |  
2019-08-30 05:17:38,961 | INFO  | DNAudit | user=null | ip=null | op=PUT_BLOCK {blockData=[blockId=conID: 2 locID: 102704235077370327 bcsId: 0,size=3145728]} | ret=SUCCESS |  
2019-08-30 05:17:38,963 | INFO  | DNAudit | user=null | ip=null | op=WRITE_CHUNK {blockData=conID: 2 locID: 102704235077370327 bcsId: 1799} | ret=SUCCESS |  
2019-08-30 05:17:38,971 | INFO  | DNAudit | user=null | ip=null | op=WRITE_CHUNK {blockData=conID: 2 locID: 102704235077370327 bcsId: 1799} | ret=SUCCESS |  
2019-08-30 05:17:38,972 | INFO  | DNAudit | user=null | ip=null | op=PUT_BLOCK {blockData=[blockId=conID: 2 locID: 102704235077370327 bcsId: 0,size=4194304]} | ret=SUCCESS |  
2019-08-30 05:17:38,972 [grpc-default-executor-3] INFO  client.GrpcClientProtocolClient (GrpcClientProtocolClient.java:onNext(255)) - client-574492D41EE7->134d4672-e322-4e4b-b7f3-5645abb0fe8c: receive RaftClientReply:client-574492D41EE7->134d4672-e322-4e4b-b7f3-5645abb0fe8c@group-3CB1DFFBCDC2, cid=1285, SUCCESS, logIndex=1802, commits[134d4672-e322-4e4b-b7f3-5645abb0fe8c:c1803, 73af84f3-3e88-4c8c-894c-3ad307bcac8d:c1801, 730a25a1-dbec-44ed-975b-a44ab0096beb:c1801]
2019-08-30 05:17:38,972 [grpc-default-executor-3] INFO  client.GrpcClientProtocolClient (GrpcClientProtocolClient.java:onNext(255)) - client-574492D41EE7->134d4672-e322-4e4b-b7f3-5645abb0fe8c: receive RaftClientReply:client-574492D41EE7->134d4672-e322-4e4b-b7f3-5645abb0fe8c@group-3CB1DFFBCDC2, cid=1286, SUCCESS, logIndex=1803, commits[134d4672-e322-4e4b-b7f3-5645abb0fe8c:c1803, 73af84f3-3e88-4c8c-894c-3ad307bcac8d:c1801, 730a25a1-dbec-44ed-975b-a44ab0096beb:c1801]
2019-08-30 05:17:38,973 | INFO  | DNAudit | user=null | ip=null | op=WRITE_CHUNK {blockData=conID: 2 locID: 102704235077370327 bcsId: 1799} | ret=SUCCESS |  
2019-08-30 05:17:38,973 | INFO  | DNAudit | user=null | ip=null | op=WRITE_CHUNK {blockData=conID: 2 locID: 102704235077370327 bcsId: 1799} | ret=SUCCESS |  
2019-08-30 05:17:38,976 | INFO  | DNAudit | user=null | ip=null | op=PUT_BLOCK {blockData=[blockId=conID: 2 locID: 102704235077370327 bcsId: 0,size=4194304]} | ret=SUCCESS |  
2019-08-30 05:17:38,976 | INFO  | DNAudit | user=null | ip=null | op=PUT_BLOCK {blockData=[blockId=conID: 2 locID: 102704235077370327 bcsId: 0,size=4194304]} | ret=SUCCESS |  
2019-08-30 05:17:38,976 [grpc-default-executor-1] INFO  client.GrpcClientProtocolClient (GrpcClientProtocolClient.java:onNext(255)) - client-574492D41EE7->134d4672-e322-4e4b-b7f3-5645abb0fe8c: receive RaftClientReply:client-574492D41EE7->134d4672-e322-4e4b-b7f3-5645abb0fe8c@group-3CB1DFFBCDC2, cid=1287, SUCCESS, logIndex=0, commits[134d4672-e322-4e4b-b7f3-5645abb0fe8c:c1805, 73af84f3-3e88-4c8c-894c-3ad307bcac8d:c1803, 730a25a1-dbec-44ed-975b-a44ab0096beb:c1803]
2019-08-30 05:17:38,981 | INFO  | SCMAudit | user=jenkins1000 | ip=192.168.36.106 | op=ALLOCATE_BLOCK {owner=85755eb5-052d-48fa-b271-2fe4d8754e12, size=4194304, type=RATIS, factor=THREE} | ret=SUCCESS |  
2019-08-30 05:17:38,983 | INFO  | SCMAudit | user=jenkins1000 | ip=192.168.36.106 | op=SEND_HEARTBEAT {datanodeUUID=73af84f3-3e88-4c8c-894c-3ad307bcac8d, command=[]} | ret=SUCCESS |  
2019-08-30 05:17:38,983 | INFO  | SCMAudit | user=jenkins1000 | ip=192.168.36.106 | op=SEND_HEARTBEAT {datanodeUUID=730a25a1-dbec-44ed-975b-a44ab0096beb, command=[]} | ret=SUCCESS |  
2019-08-30 05:17:38,983 | INFO  | OMAudit | user=jenkins1000 | ip=127.0.0.1 | op=ALLOCATE_BLOCK {volume=vol-0-00977, bucket=bucket-0-44205, key=key-0-32850, dataSize=0, replicationType=null, replicationFactor=null, keyLocationInfo=null, clientID=102704234570776978} | ret=SUCCESS |  
2019-08-30 05:17:38,990 | INFO  | DNAudit | user=null | ip=null | op=WRITE_CHUNK {blockData=conID: 3 locID: 102704235084579288 bcsId: 0} | ret=SUCCESS |  
2019-08-30 05:17:38,994 | INFO  | DNAudit | user=null | ip=null | op=WRITE_CHUNK {blockData=conID: 3 locID: 102704235084579288 bcsId: 0} | ret=SUCCESS |  
2019-08-30 05:17:38,994 | INFO  | DNAudit | user=null | ip=null | op=WRITE_CHUNK {blockData=conID: 3 locID: 102704235084579288 bcsId: 0} | ret=SUCCESS |  
2019-08-30 05:17:38,996 | INFO  | DNAudit | user=null | ip=null | op=WRITE_CHUNK {blockData=conID: 3 locID: 102704235084579288 bcsId: 0} | ret=SUCCESS |  
2019-08-30 05:17:38,996 | INFO  | DNAudit | user=null | ip=null | op=WRITE_CHUNK {blockData=conID: 3 locID: 102704235084579288 bcsId: 0} | ret=SUCCESS |  
2019-08-30 05:17:38,996 | INFO  | DNAudit | user=null | ip=null | op=WRITE_CHUNK {blockData=conID: 3 locID: 102704235084579288 bcsId: 0} | ret=SUCCESS |  
2019-08-30 05:17:39,003 | INFO  | DNAudit | user=null | ip=null | op=WRITE_CHUNK {blockData=conID: 3 locID: 102704235084579288 bcsId: 0} | ret=SUCCESS |  
2019-08-30 05:17:39,003 | INFO  | DNAudit | user=null | ip=null | op=PUT_BLOCK {blockData=[blockId=conID: 3 locID: 102704235084579288 bcsId: 0,size=1048576]} | ret=SUCCESS |  
2019-08-30 05:17:39,003 | INFO  | DNAudit | user=null | ip=null | op=WRITE_CHUNK {blockData=conID: 3 locID: 102704235084579288 bcsId: 0} | ret=SUCCESS |  
2019-08-30 05:17:39,003 [grpc-default-executor-1] INFO  client.GrpcClientProtocolClient (GrpcClientProtocolClient.java:onNext(255)) - client-574492D41EE7->134d4672-e322-4e4b-b7f3-5645abb0fe8c: receive RaftClientReply:client-574492D41EE7->134d4672-e322-4e4b-b7f3-5645abb0fe8c@group-3CB1DFFBCDC2, cid=1288, SUCCESS, logIndex=1806, commits[134d4672-e322-4e4b-b7f3-5645abb0fe8c:c1808, 73af84f3-3e88-4c8c-894c-3ad307bcac8d:c1805, 730a25a1-dbec-44ed-975b-a44ab0096beb:c1805]
2019-08-30 05:17:39,004 | INFO  | DNAudit | user=null | ip=null | op=PUT_BLOCK {blockData=[blockId=conID: 3 locID: 102704235084579288 bcsId: 0,size=2097152]} | ret=SUCCESS |  
2019-08-30 05:17:39,004 [grpc-default-executor-1] INFO  client.GrpcClientProtocolClient (GrpcClientProtocolClient.java:onNext(255)) - client-574492D41EE7->134d4672-e322-4e4b-b7f3-5645abb0fe8c: receive RaftClientReply:client-574492D41EE7->134d4672-e322-4e4b-b7f3-5645abb0fe8c@group-3CB1DFFBCDC2, cid=1289, SUCCESS, logIndex=1807, commits[134d4672-e322-4e4b-b7f3-5645abb0fe8c:c1809, 73af84f3-3e88-4c8c-894c-3ad307bcac8d:c1805, 730a25a1-dbec-44ed-975b-a44ab0096beb:c1805]
2019-08-30 05:17:39,004 [grpc-default-executor-1] INFO  client.GrpcClientProtocolClient (GrpcClientProtocolClient.java:onNext(255)) - client-574492D41EE7->134d4672-e322-4e4b-b7f3-5645abb0fe8c: receive RaftClientReply:client-574492D41EE7->134d4672-e322-4e4b-b7f3-5645abb0fe8c@group-3CB1DFFBCDC2, cid=1290, SUCCESS, logIndex=1808, commits[134d4672-e322-4e4b-b7f3-5645abb0fe8c:c1809, 73af84f3-3e88-4c8c-894c-3ad307bcac8d:c1805, 730a25a1-dbec-44ed-975b-a44ab0096beb:c1805]
2019-08-30 05:17:39,004 [grpc-default-executor-1] INFO  client.GrpcClientProtocolClient (GrpcClientProtocolClient.java:onNext(255)) - client-574492D41EE7->134d4672-e322-4e4b-b7f3-5645abb0fe8c: receive RaftClientReply:client-574492D41EE7->134d4672-e322-4e4b-b7f3-5645abb0fe8c@group-3CB1DFFBCDC2, cid=1291, SUCCESS, logIndex=1809, commits[134d4672-e322-4e4b-b7f3-5645abb0fe8c:c1809, 73af84f3-3e88-4c8c-894c-3ad307bcac8d:c1805, 730a25a1-dbec-44ed-975b-a44ab0096beb:c1805]
2019-08-30 05:17:39,006 | INFO  | DNAudit | user=null | ip=null | op=WRITE_CHUNK {blockData=conID: 3 locID: 102704235084579288 bcsId: 0} | ret=SUCCESS |  
2019-08-30 05:17:39,006 | INFO  | DNAudit | user=null | ip=null | op=WRITE_CHUNK {blockData=conID: 3 locID: 102704235084579288 bcsId: 0} | ret=SUCCESS |  
2019-08-30 05:17:39,006 | INFO  | DNAudit | user=null | ip=null | op=PUT_BLOCK {blockData=[blockId=conID: 3 locID: 102704235084579288 bcsId: 0,size=1048576]} | ret=SUCCESS |  
2019-08-30 05:17:39,006 | INFO  | DNAudit | user=null | ip=null | op=WRITE_CHUNK {blockData=conID: 3 locID: 102704235084579288 bcsId: 0} | ret=SUCCESS |  
2019-08-30 05:17:39,018 | INFO  | DNAudit | user=null | ip=null | op=PUT_BLOCK {blockData=[blockId=conID: 3 locID: 102704235084579288 bcsId: 0,size=2097152]} | ret=SUCCESS |  
2019-08-30 05:17:39,018 | INFO  | DNAudit | user=null | ip=null | op=PUT_BLOCK {blockData=[blockId=conID: 3 locID: 102704235084579288 bcsId: 0,size=1048576]} | ret=SUCCESS |  
2019-08-30 05:17:39,018 | INFO  | DNAudit | user=null | ip=null | op=WRITE_CHUNK {blockData=conID: 3 locID: 102704235084579288 bcsId: 0} | ret=SUCCESS |  
2019-08-30 05:17:39,018 | INFO  | DNAudit | user=null | ip=null | op=PUT_BLOCK {blockData=[blockId=conID: 3 locID: 102704235084579288 bcsId: 0,size=2097152]} | ret=SUCCESS |  
2019-08-30 05:17:39,018 [grpc-default-executor-1] INFO  client.GrpcClientProtocolClient (GrpcClientProtocolClient.java:onNext(255)) - client-574492D41EE7->134d4672-e322-4e4b-b7f3-5645abb0fe8c: receive RaftClientReply:client-574492D41EE7->134d4672-e322-4e4b-b7f3-5645abb0fe8c@group-3CB1DFFBCDC2, cid=1292, SUCCESS, logIndex=0, commits[134d4672-e322-4e4b-b7f3-5645abb0fe8c:c1812, 73af84f3-3e88-4c8c-894c-3ad307bcac8d:c1809, 730a25a1-dbec-44ed-975b-a44ab0096beb:c1807]
2019-08-30 05:17:39,025 | INFO  | DNAudit | user=null | ip=null | op=WRITE_CHUNK {blockData=conID: 3 locID: 102704235084579288 bcsId: 1809} | ret=SUCCESS |  
2019-08-30 05:17:39,027 | INFO  | DNAudit | user=null | ip=null | op=WRITE_CHUNK {blockData=conID: 3 locID: 102704235084579288 bcsId: 1809} | ret=SUCCESS |  
2019-08-30 05:17:39,028 | INFO  | DNAudit | user=null | ip=null | op=WRITE_CHUNK {blockData=conID: 3 locID: 102704235084579288 bcsId: 1809} | ret=SUCCESS |  
2019-08-30 05:17:39,037 | INFO  | DNAudit | user=null | ip=null | op=WRITE_CHUNK {blockData=conID: 3 locID: 102704235084579288 bcsId: 1809} | ret=SUCCESS |  
2019-08-30 05:17:39,038 | INFO  | DNAudit | user=null | ip=null | op=PUT_BLOCK {blockData=[blockId=conID: 3 locID: 102704235084579288 bcsId: 0,size=3145728]} | ret=SUCCESS |  
2019-08-30 05:17:39,038 [grpc-default-executor-1] INFO  client.GrpcClientProtocolClient (GrpcClientProtocolClient.java:onNext(255)) - client-574492D41EE7->134d4672-e322-4e4b-b7f3-5645abb0fe8c: receive RaftClientReply:client-574492D41EE7->134d4672-e322-4e4b-b7f3-5645abb0fe8c@group-3CB1DFFBCDC2, cid=1293, SUCCESS, logIndex=1814, commits[134d4672-e322-4e4b-b7f3-5645abb0fe8c:c1815, 73af84f3-3e88-4c8c-894c-3ad307bcac8d:c1813, 730a25a1-dbec-44ed-975b-a44ab0096beb:c1813]
2019-08-30 05:17:39,038 [grpc-default-executor-1] INFO  client.GrpcClientProtocolClient (GrpcClientProtocolClient.java:onNext(255)) - client-574492D41EE7->134d4672-e322-4e4b-b7f3-5645abb0fe8c: receive RaftClientReply:client-574492D41EE7->134d4672-e322-4e4b-b7f3-5645abb0fe8c@group-3CB1DFFBCDC2, cid=1294, SUCCESS, logIndex=1815, commits[134d4672-e322-4e4b-b7f3-5645abb0fe8c:c1815, 73af84f3-3e88-4c8c-894c-3ad307bcac8d:c1813, 730a25a1-dbec-44ed-975b-a44ab0096beb:c1813]
2019-08-30 05:17:39,044 | INFO  | DNAudit | user=null | ip=null | op=WRITE_CHUNK {blockData=conID: 3 locID: 102704235084579288 bcsId: 1815} | ret=SUCCESS |  
2019-08-30 05:17:39,046 | INFO  | DNAudit | user=null | ip=null | op=WRITE_CHUNK {blockData=conID: 3 locID: 102704235084579288 bcsId: 1815} | ret=SUCCESS |  
2019-08-30 05:17:39,046 | INFO  | DNAudit | user=null | ip=null | op=WRITE_CHUNK {blockData=conID: 3 locID: 102704235084579288 bcsId: 1815} | ret=SUCCESS |  
2019-08-30 05:17:39,047 | INFO  | DNAudit | user=null | ip=null | op=WRITE_CHUNK {blockData=conID: 3 locID: 102704235084579288 bcsId: 1809} | ret=SUCCESS |  
2019-08-30 05:17:39,047 | INFO  | DNAudit | user=null | ip=null | op=WRITE_CHUNK {blockData=conID: 3 locID: 102704235084579288 bcsId: 1809} | ret=SUCCESS |  
2019-08-30 05:17:39,049 | INFO  | DNAudit | user=null | ip=null | op=PUT_BLOCK {blockData=[blockId=conID: 3 locID: 102704235084579288 bcsId: 0,size=3145728]} | ret=SUCCESS |  
2019-08-30 05:17:39,049 | INFO  | DNAudit | user=null | ip=null | op=PUT_BLOCK {blockData=[blockId=conID: 3 locID: 102704235084579288 bcsId: 0,size=3145728]} | ret=SUCCESS |  
2019-08-30 05:17:39,051 | INFO  | DNAudit | user=null | ip=null | op=WRITE_CHUNK {blockData=conID: 3 locID: 102704235084579288 bcsId: 1815} | ret=SUCCESS |  
2019-08-30 05:17:39,051 | INFO  | DNAudit | user=null | ip=null | op=PUT_BLOCK {blockData=[blockId=conID: 3 locID: 102704235084579288 bcsId: 0,size=4194304]} | ret=SUCCESS |  
2019-08-30 05:17:39,051 [grpc-default-executor-1] INFO  client.GrpcClientProtocolClient (GrpcClientProtocolClient.java:onNext(255)) - client-574492D41EE7->134d4672-e322-4e4b-b7f3-5645abb0fe8c: receive RaftClientReply:client-574492D41EE7->134d4672-e322-4e4b-b7f3-5645abb0fe8c@group-3CB1DFFBCDC2, cid=1295, SUCCESS, logIndex=1818, commits[134d4672-e322-4e4b-b7f3-5645abb0fe8c:c1819, 73af84f3-3e88-4c8c-894c-3ad307bcac8d:c1815, 730a25a1-dbec-44ed-975b-a44ab0096beb:c1815]
2019-08-30 05:17:39,052 [grpc-default-executor-1] INFO  client.GrpcClientProtocolClient (GrpcClientProtocolClient.java:onNext(255)) - client-574492D41EE7->134d4672-e322-4e4b-b7f3-5645abb0fe8c: receive RaftClientReply:client-574492D41EE7->134d4672-e322-4e4b-b7f3-5645abb0fe8c@group-3CB1DFFBCDC2, cid=1296, SUCCESS, logIndex=1819, commits[134d4672-e322-4e4b-b7f3-5645abb0fe8c:c1819, 73af84f3-3e88-4c8c-894c-3ad307bcac8d:c1815, 730a25a1-dbec-44ed-975b-a44ab0096beb:c1815]
2019-08-30 05:17:39,061 | INFO  | DNAudit | user=null | ip=null | op=WRITE_CHUNK {blockData=conID: 3 locID: 102704235084579288 bcsId: 1815} | ret=SUCCESS |  
2019-08-30 05:17:39,061 | INFO  | DNAudit | user=null | ip=null | op=WRITE_CHUNK {blockData=conID: 3 locID: 102704235084579288 bcsId: 1815} | ret=SUCCESS |  
2019-08-30 05:17:39,063 | INFO  | DNAudit | user=null | ip=null | op=PUT_BLOCK {blockData=[blockId=conID: 3 locID: 102704235084579288 bcsId: 0,size=4194304]} | ret=SUCCESS |  
2019-08-30 05:17:39,063 | INFO  | DNAudit | user=null | ip=null | op=PUT_BLOCK {blockData=[blockId=conID: 3 locID: 102704235084579288 bcsId: 0,size=4194304]} | ret=SUCCESS |  
2019-08-30 05:17:39,063 [grpc-default-executor-3] INFO  client.GrpcClientProtocolClient (GrpcClientProtocolClient.java:onNext(255)) - client-574492D41EE7->134d4672-e322-4e4b-b7f3-5645abb0fe8c: receive RaftClientReply:client-574492D41EE7->134d4672-e322-4e4b-b7f3-5645abb0fe8c@group-3CB1DFFBCDC2, cid=1297, SUCCESS, logIndex=0, commits[134d4672-e322-4e4b-b7f3-5645abb0fe8c:c1821, 73af84f3-3e88-4c8c-894c-3ad307bcac8d:c1819, 730a25a1-dbec-44ed-975b-a44ab0096beb:c1819]
2019-08-30 05:17:39,067 | INFO  | SCMAudit | user=jenkins1000 | ip=192.168.36.106 | op=ALLOCATE_BLOCK {owner=85755eb5-052d-48fa-b271-2fe4d8754e12, size=4194304, type=RATIS, factor=THREE} | ret=SUCCESS |  
2019-08-30 05:17:39,070 | INFO  | OMAudit | user=jenkins1000 | ip=127.0.0.1 | op=ALLOCATE_BLOCK {volume=vol-0-00977, bucket=bucket-0-44205, key=key-0-32850, dataSize=0, replicationType=null, replicationFactor=null, keyLocationInfo=null, clientID=102704234570776978} | ret=SUCCESS |  
2019-08-30 05:17:39,077 | INFO  | DNAudit | user=null | ip=null | op=WRITE_CHUNK {blockData=conID: 1 locID: 102704235090215385 bcsId: 0} | ret=SUCCESS |  
2019-08-30 05:17:39,080 | INFO  | DNAudit | user=null | ip=null | op=WRITE_CHUNK {blockData=conID: 1 locID: 102704235090215385 bcsId: 0} | ret=SUCCESS |  
2019-08-30 05:17:39,080 | INFO  | DNAudit | user=null | ip=null | op=WRITE_CHUNK {blockData=conID: 1 locID: 102704235090215385 bcsId: 0} | ret=SUCCESS |  
2019-08-30 05:17:39,080 | INFO  | DNAudit | user=null | ip=null | op=WRITE_CHUNK {blockData=conID: 1 locID: 102704235090215385 bcsId: 0} | ret=SUCCESS |  
2019-08-30 05:17:39,082 | INFO  | DNAudit | user=null | ip=null | op=WRITE_CHUNK {blockData=conID: 1 locID: 102704235090215385 bcsId: 0} | ret=SUCCESS |  
2019-08-30 05:17:39,082 | INFO  | DNAudit | user=null | ip=null | op=WRITE_CHUNK {blockData=conID: 1 locID: 102704235090215385 bcsId: 0} | ret=SUCCESS |  
2019-08-30 05:17:39,089 | INFO  | DNAudit | user=null | ip=null | op=WRITE_CHUNK {blockData=conID: 1 locID: 102704235090215385 bcsId: 0} | ret=SUCCESS |  
2019-08-30 05:17:39,089 | INFO  | DNAudit | user=null | ip=null | op=PUT_BLOCK {blockData=[blockId=conID: 1 locID: 102704235090215385 bcsId: 0,size=1048576]} | ret=SUCCESS |  
2019-08-30 05:17:39,089 [grpc-default-executor-1] INFO  client.GrpcClientProtocolClient (GrpcClientProtocolClient.java:onNext(255)) - client-574492D41EE7->134d4672-e322-4e4b-b7f3-5645abb0fe8c: receive RaftClientReply:client-574492D41EE7->134d4672-e322-4e4b-b7f3-5645abb0fe8c@group-3CB1DFFBCDC2, cid=1298, SUCCESS, logIndex=1822, commits[134d4672-e322-4e4b-b7f3-5645abb0fe8c:c1824, 73af84f3-3e88-4c8c-894c-3ad307bcac8d:c1821, 730a25a1-dbec-44ed-975b-a44ab0096beb:c1821]
2019-08-30 05:17:39,089 | INFO  | DNAudit | user=null | ip=null | op=WRITE_CHUNK {blockData=conID: 1 locID: 102704235090215385 bcsId: 0} | ret=SUCCESS |  
2019-08-30 05:17:39,090 [grpc-default-executor-1] INFO  client.GrpcClientProtocolClient (GrpcClientProtocolClient.java:onNext(255)) - client-574492D41EE7->134d4672-e322-4e4b-b7f3-5645abb0fe8c: receive RaftClientReply:client-574492D41EE7->134d4672-e322-4e4b-b7f3-5645abb0fe8c@group-3CB1DFFBCDC2, cid=1299, SUCCESS, logIndex=1823, commits[134d4672-e322-4e4b-b7f3-5645abb0fe8c:c1825, 73af84f3-3e88-4c8c-894c-3ad307bcac8d:c1821, 730a25a1-dbec-44ed-975b-a44ab0096beb:c1821]
2019-08-30 05:17:39,090 | INFO  | DNAudit | user=null | ip=null | op=WRITE_CHUNK {blockData=conID: 1 locID: 102704235090215385 bcsId: 0} | ret=SUCCESS |  
2019-08-30 05:17:39,090 | INFO  | DNAudit | user=null | ip=null | op=PUT_BLOCK {blockData=[blockId=conID: 1 locID: 102704235090215385 bcsId: 0,size=2097152]} | ret=SUCCESS |  
2019-08-30 05:17:39,090 | INFO  | DNAudit | user=null | ip=null | op=WRITE_CHUNK {blockData=conID: 1 locID: 102704235090215385 bcsId: 0} | ret=SUCCESS |  
2019-08-30 05:17:39,090 [grpc-default-executor-1] INFO  client.GrpcClientProtocolClient (GrpcClientProtocolClient.java:onNext(255)) - client-574492D41EE7->134d4672-e322-4e4b-b7f3-5645abb0fe8c: receive RaftClientReply:client-574492D41EE7->134d4672-e322-4e4b-b7f3-5645abb0fe8c@group-3CB1DFFBCDC2, cid=1300, SUCCESS, logIndex=1824, commits[134d4672-e322-4e4b-b7f3-5645abb0fe8c:c1825, 73af84f3-3e88-4c8c-894c-3ad307bcac8d:c1821, 730a25a1-dbec-44ed-975b-a44ab0096beb:c1821]
2019-08-30 05:17:39,090 | INFO  | DNAudit | user=null | ip=null | op=PUT_BLOCK {blockData=[blockId=conID: 1 locID: 102704235090215385 bcsId: 0,size=1048576]} | ret=SUCCESS |  
2019-08-30 05:17:39,090 [grpc-default-executor-1] INFO  client.GrpcClientProtocolClient (GrpcClientProtocolClient.java:onNext(255)) - client-574492D41EE7->134d4672-e322-4e4b-b7f3-5645abb0fe8c: receive RaftClientReply:client-574492D41EE7->134d4672-e322-4e4b-b7f3-5645abb0fe8c@group-3CB1DFFBCDC2, cid=1301, SUCCESS, logIndex=1825, commits[134d4672-e322-4e4b-b7f3-5645abb0fe8c:c1826, 73af84f3-3e88-4c8c-894c-3ad307bcac8d:c1822, 730a25a1-dbec-44ed-975b-a44ab0096beb:c1823]
2019-08-30 05:17:39,091 | INFO  | DNAudit | user=null | ip=null | op=WRITE_CHUNK {blockData=conID: 1 locID: 102704235090215385 bcsId: 0} | ret=SUCCESS |  
2019-08-30 05:17:39,091 | INFO  | DNAudit | user=null | ip=null | op=PUT_BLOCK {blockData=[blockId=conID: 1 locID: 102704235090215385 bcsId: 0,size=1048576]} | ret=SUCCESS |  
2019-08-30 05:17:39,091 | INFO  | DNAudit | user=null | ip=null | op=WRITE_CHUNK {blockData=conID: 1 locID: 102704235090215385 bcsId: 0} | ret=SUCCESS |  
2019-08-30 05:17:39,092 | INFO  | DNAudit | user=null | ip=null | op=PUT_BLOCK {blockData=[blockId=conID: 1 locID: 102704235090215385 bcsId: 0,size=2097152]} | ret=SUCCESS |  
2019-08-30 05:17:39,092 | INFO  | DNAudit | user=null | ip=null | op=PUT_BLOCK {blockData=[blockId=conID: 1 locID: 102704235090215385 bcsId: 0,size=2097152]} | ret=SUCCESS |  
2019-08-30 05:17:39,092 [grpc-default-executor-1] INFO  client.GrpcClientProtocolClient (GrpcClientProtocolClient.java:onNext(255)) - client-574492D41EE7->134d4672-e322-4e4b-b7f3-5645abb0fe8c: receive RaftClientReply:client-574492D41EE7->134d4672-e322-4e4b-b7f3-5645abb0fe8c@group-3CB1DFFBCDC2, cid=1302, SUCCESS, logIndex=0, commits[134d4672-e322-4e4b-b7f3-5645abb0fe8c:c1827, 73af84f3-3e88-4c8c-894c-3ad307bcac8d:c1823, 730a25a1-dbec-44ed-975b-a44ab0096beb:c1824]
2019-08-30 05:17:39,098 | INFO  | DNAudit | user=null | ip=null | op=WRITE_CHUNK {blockData=conID: 1 locID: 102704235090215385 bcsId: 1825} | ret=SUCCESS |  
2019-08-30 05:17:39,100 | INFO  | DNAudit | user=null | ip=null | op=WRITE_CHUNK {blockData=conID: 1 locID: 102704235090215385 bcsId: 1825} | ret=SUCCESS |  
2019-08-30 05:17:39,100 | INFO  | DNAudit | user=null | ip=null | op=WRITE_CHUNK {blockData=conID: 1 locID: 102704235090215385 bcsId: 1825} | ret=SUCCESS |  
2019-08-30 05:17:39,102 | INFO  | DNAudit | user=null | ip=null | op=WRITE_CHUNK {blockData=conID: 1 locID: 102704235090215385 bcsId: 1825} | ret=SUCCESS |  
2019-08-30 05:17:39,103 | INFO  | DNAudit | user=null | ip=null | op=PUT_BLOCK {blockData=[blockId=conID: 1 locID: 102704235090215385 bcsId: 0,size=3145728]} | ret=SUCCESS |  
2019-08-30 05:17:39,103 [grpc-default-executor-1] INFO  client.GrpcClientProtocolClient (GrpcClientProtocolClient.java:onNext(255)) - client-574492D41EE7->134d4672-e322-4e4b-b7f3-5645abb0fe8c: receive RaftClientReply:client-574492D41EE7->134d4672-e322-4e4b-b7f3-5645abb0fe8c@group-3CB1DFFBCDC2, cid=1303, SUCCESS, logIndex=1830, commits[134d4672-e322-4e4b-b7f3-5645abb0fe8c:c1831, 73af84f3-3e88-4c8c-894c-3ad307bcac8d:c1829, 730a25a1-dbec-44ed-975b-a44ab0096beb:c1829]
2019-08-30 05:17:39,103 [grpc-default-executor-1] INFO  client.GrpcClientProtocolClient (GrpcClientProtocolClient.java:onNext(255)) - client-574492D41EE7->134d4672-e322-4e4b-b7f3-5645abb0fe8c: receive RaftClientReply:client-574492D41EE7->134d4672-e322-4e4b-b7f3-5645abb0fe8c@group-3CB1DFFBCDC2, cid=1304, SUCCESS, logIndex=1831, commits[134d4672-e322-4e4b-b7f3-5645abb0fe8c:c1831, 73af84f3-3e88-4c8c-894c-3ad307bcac8d:c1829, 730a25a1-dbec-44ed-975b-a44ab0096beb:c1829]
2019-08-30 05:17:39,109 | INFO  | DNAudit | user=null | ip=null | op=WRITE_CHUNK {blockData=conID: 1 locID: 102704235090215385 bcsId: 1831} | ret=SUCCESS |  
2019-08-30 05:17:39,112 | INFO  | DNAudit | user=null | ip=null | op=WRITE_CHUNK {blockData=conID: 1 locID: 102704235090215385 bcsId: 1831} | ret=SUCCESS |  
2019-08-30 05:17:39,112 | INFO  | DNAudit | user=null | ip=null | op=WRITE_CHUNK {blockData=conID: 1 locID: 102704235090215385 bcsId: 1831} | ret=SUCCESS |  
2019-08-30 05:17:39,112 | INFO  | DNAudit | user=null | ip=null | op=WRITE_CHUNK {blockData=conID: 1 locID: 102704235090215385 bcsId: 1825} | ret=SUCCESS |  
2019-08-30 05:17:39,113 | INFO  | DNAudit | user=null | ip=null | op=PUT_BLOCK {blockData=[blockId=conID: 1 locID: 102704235090215385 bcsId: 0,size=3145728]} | ret=SUCCESS |  
2019-08-30 05:17:39,113 | INFO  | DNAudit | user=null | ip=null | op=WRITE_CHUNK {blockData=conID: 1 locID: 102704235090215385 bcsId: 1825} | ret=SUCCESS |  
2019-08-30 05:17:39,113 | INFO  | DNAudit | user=null | ip=null | op=PUT_BLOCK {blockData=[blockId=conID: 1 locID: 102704235090215385 bcsId: 0,size=3145728]} | ret=SUCCESS |  
2019-08-30 05:17:39,124 | INFO  | DNAudit | user=null | ip=null | op=WRITE_CHUNK {blockData=conID: 1 locID: 102704235090215385 bcsId: 1831} | ret=SUCCESS |  
2019-08-30 05:17:39,125 | INFO  | DNAudit | user=null | ip=null | op=PUT_BLOCK {blockData=[blockId=conID: 1 locID: 102704235090215385 bcsId: 0,size=4194304]} | ret=SUCCESS |  
2019-08-30 05:17:39,125 [grpc-default-executor-6] INFO  client.GrpcClientProtocolClient (GrpcClientProtocolClient.java:onNext(255)) - client-574492D41EE7->134d4672-e322-4e4b-b7f3-5645abb0fe8c: receive RaftClientReply:client-574492D41EE7->134d4672-e322-4e4b-b7f3-5645abb0fe8c@group-3CB1DFFBCDC2, cid=1305, SUCCESS, logIndex=1834, commits[134d4672-e322-4e4b-b7f3-5645abb0fe8c:c1835, 73af84f3-3e88-4c8c-894c-3ad307bcac8d:c1831, 730a25a1-dbec-44ed-975b-a44ab0096beb:c1831]
2019-08-30 05:17:39,125 [grpc-default-executor-6] INFO  client.GrpcClientProtocolClient (GrpcClientProtocolClient.java:onNext(255)) - client-574492D41EE7->134d4672-e322-4e4b-b7f3-5645abb0fe8c: receive RaftClientReply:client-574492D41EE7->134d4672-e322-4e4b-b7f3-5645abb0fe8c@group-3CB1DFFBCDC2, cid=1306, SUCCESS, logIndex=1835, commits[134d4672-e322-4e4b-b7f3-5645abb0fe8c:c1835, 73af84f3-3e88-4c8c-894c-3ad307bcac8d:c1831, 730a25a1-dbec-44ed-975b-a44ab0096beb:c1831]
2019-08-30 05:17:39,128 | INFO  | DNAudit | user=null | ip=null | op=WRITE_CHUNK {blockData=conID: 1 locID: 102704235090215385 bcsId: 1831} | ret=SUCCESS |  
2019-08-30 05:17:39,128 | INFO  | DNAudit | user=null | ip=null | op=WRITE_CHUNK {blockData=conID: 1 locID: 102704235090215385 bcsId: 1831} | ret=SUCCESS |  
2019-08-30 05:17:39,128 | INFO  | DNAudit | user=null | ip=null | op=PUT_BLOCK {blockData=[blockId=conID: 1 locID: 102704235090215385 bcsId: 0,size=4194304]} | ret=SUCCESS |  
2019-08-30 05:17:39,128 | INFO  | DNAudit | user=null | ip=null | op=PUT_BLOCK {blockData=[blockId=conID: 1 locID: 102704235090215385 bcsId: 0,size=4194304]} | ret=SUCCESS |  
2019-08-30 05:17:39,128 [grpc-default-executor-5] INFO  client.GrpcClientProtocolClient (GrpcClientProtocolClient.java:onNext(255)) - client-574492D41EE7->134d4672-e322-4e4b-b7f3-5645abb0fe8c: receive RaftClientReply:client-574492D41EE7->134d4672-e322-4e4b-b7f3-5645abb0fe8c@group-3CB1DFFBCDC2, cid=1307, SUCCESS, logIndex=0, commits[134d4672-e322-4e4b-b7f3-5645abb0fe8c:c1836, 73af84f3-3e88-4c8c-894c-3ad307bcac8d:c1835, 730a25a1-dbec-44ed-975b-a44ab0096beb:c1835]
2019-08-30 05:17:39,133 | INFO  | SCMAudit | user=jenkins1000 | ip=192.168.36.106 | op=ALLOCATE_BLOCK {owner=85755eb5-052d-48fa-b271-2fe4d8754e12, size=4194304, type=RATIS, factor=THREE} | ret=SUCCESS |  
2019-08-30 05:17:39,136 | INFO  | OMAudit | user=jenkins1000 | ip=127.0.0.1 | op=ALLOCATE_BLOCK {volume=vol-0-00977, bucket=bucket-0-44205, key=key-0-32850, dataSize=0, replicationType=null, replicationFactor=null, keyLocationInfo=null, clientID=102704234570776978} | ret=SUCCESS |  
2019-08-30 05:17:39,143 | INFO  | DNAudit | user=null | ip=null | op=WRITE_CHUNK {blockData=conID: 2 locID: 102704235094540762 bcsId: 0} | ret=SUCCESS |  
2019-08-30 05:17:39,145 | INFO  | DNAudit | user=null | ip=null | op=WRITE_CHUNK {blockData=conID: 2 locID: 102704235094540762 bcsId: 0} | ret=SUCCESS |  
2019-08-30 05:17:39,146 | INFO  | DNAudit | user=null | ip=null | op=WRITE_CHUNK {blockData=conID: 2 locID: 102704235094540762 bcsId: 0} | ret=SUCCESS |  
2019-08-30 05:17:39,146 | INFO  | DNAudit | user=null | ip=null | op=WRITE_CHUNK {blockData=conID: 2 locID: 102704235094540762 bcsId: 0} | ret=SUCCESS |  
2019-08-30 05:17:39,147 | INFO  | DNAudit | user=null | ip=null | op=WRITE_CHUNK {blockData=conID: 2 locID: 102704235094540762 bcsId: 0} | ret=SUCCESS |  
2019-08-30 05:17:39,148 | INFO  | DNAudit | user=null | ip=null | op=WRITE_CHUNK {blockData=conID: 2 locID: 102704235094540762 bcsId: 0} | ret=SUCCESS |  
2019-08-30 05:17:39,150 | INFO  | DNAudit | user=null | ip=null | op=WRITE_CHUNK {blockData=conID: 2 locID: 102704235094540762 bcsId: 0} | ret=SUCCESS |  
2019-08-30 05:17:39,150 | INFO  | DNAudit | user=null | ip=null | op=PUT_BLOCK {blockData=[blockId=conID: 2 locID: 102704235094540762 bcsId: 0,size=1048576]} | ret=SUCCESS |  
2019-08-30 05:17:39,150 [grpc-default-executor-5] INFO  client.GrpcClientProtocolClient (GrpcClientProtocolClient.java:onNext(255)) - client-574492D41EE7->134d4672-e322-4e4b-b7f3-5645abb0fe8c: receive RaftClientReply:client-574492D41EE7->134d4672-e322-4e4b-b7f3-5645abb0fe8c@group-3CB1DFFBCDC2, cid=1308, SUCCESS, logIndex=1837, commits[134d4672-e322-4e4b-b7f3-5645abb0fe8c:c1838, 73af84f3-3e88-4c8c-894c-3ad307bcac8d:c1835, 730a25a1-dbec-44ed-975b-a44ab0096beb:c1836]
2019-08-30 05:17:39,151 | INFO  | DNAudit | user=null | ip=null | op=WRITE_CHUNK {blockData=conID: 2 locID: 102704235094540762 bcsId: 0} | ret=SUCCESS |  
2019-08-30 05:17:39,151 [grpc-default-executor-5] INFO  client.GrpcClientProtocolClient (GrpcClientProtocolClient.java:onNext(255)) - client-574492D41EE7->134d4672-e322-4e4b-b7f3-5645abb0fe8c: receive RaftClientReply:client-574492D41EE7->134d4672-e322-4e4b-b7f3-5645abb0fe8c@group-3CB1DFFBCDC2, cid=1309, SUCCESS, logIndex=1838, commits[134d4672-e322-4e4b-b7f3-5645abb0fe8c:c1838, 73af84f3-3e88-4c8c-894c-3ad307bcac8d:c1835, 730a25a1-dbec-44ed-975b-a44ab0096beb:c1836]
2019-08-30 05:17:39,151 | INFO  | DNAudit | user=null | ip=null | op=PUT_BLOCK {blockData=[blockId=conID: 2 locID: 102704235094540762 bcsId: 0,size=2097152]} | ret=SUCCESS |  
2019-08-30 05:17:39,151 [grpc-default-executor-5] INFO  client.GrpcClientProtocolClient (GrpcClientProtocolClient.java:onNext(255)) - client-574492D41EE7->134d4672-e322-4e4b-b7f3-5645abb0fe8c: receive RaftClientReply:client-574492D41EE7->134d4672-e322-4e4b-b7f3-5645abb0fe8c@group-3CB1DFFBCDC2, cid=1310, SUCCESS, logIndex=1839, commits[134d4672-e322-4e4b-b7f3-5645abb0fe8c:c1840, 73af84f3-3e88-4c8c-894c-3ad307bcac8d:c1835, 730a25a1-dbec-44ed-975b-a44ab0096beb:c1836]
2019-08-30 05:17:39,152 [grpc-default-executor-6] INFO  client.GrpcClientProtocolClient (GrpcClientProtocolClient.java:onNext(255)) - client-574492D41EE7->134d4672-e322-4e4b-b7f3-5645abb0fe8c: receive RaftClientReply:client-574492D41EE7->134d4672-e322-4e4b-b7f3-5645abb0fe8c@group-3CB1DFFBCDC2, cid=1311, SUCCESS, logIndex=1840, commits[134d4672-e322-4e4b-b7f3-5645abb0fe8c:c1840, 73af84f3-3e88-4c8c-894c-3ad307bcac8d:c1836, 730a25a1-dbec-44ed-975b-a44ab0096beb:c1836]
2019-08-30 05:17:39,162 | INFO  | DNAudit | user=null | ip=null | op=WRITE_CHUNK {blockData=conID: 2 locID: 102704235094540762 bcsId: 0} | ret=SUCCESS |  
2019-08-30 05:17:39,163 | INFO  | DNAudit | user=null | ip=null | op=WRITE_CHUNK {blockData=conID: 2 locID: 102704235094540762 bcsId: 0} | ret=SUCCESS |  
2019-08-30 05:17:39,163 | INFO  | DNAudit | user=null | ip=null | op=PUT_BLOCK {blockData=[blockId=conID: 2 locID: 102704235094540762 bcsId: 0,size=1048576]} | ret=SUCCESS |  
2019-08-30 05:17:39,163 | INFO  | DNAudit | user=null | ip=null | op=WRITE_CHUNK {blockData=conID: 2 locID: 102704235094540762 bcsId: 0} | ret=SUCCESS |  
2019-08-30 05:17:39,163 | INFO  | DNAudit | user=null | ip=null | op=PUT_BLOCK {blockData=[blockId=conID: 2 locID: 102704235094540762 bcsId: 0,size=1048576]} | ret=SUCCESS |  
2019-08-30 05:17:39,163 | INFO  | DNAudit | user=null | ip=null | op=PUT_BLOCK {blockData=[blockId=conID: 2 locID: 102704235094540762 bcsId: 0,size=2097152]} | ret=SUCCESS |  
2019-08-30 05:17:39,164 | INFO  | DNAudit | user=null | ip=null | op=WRITE_CHUNK {blockData=conID: 2 locID: 102704235094540762 bcsId: 0} | ret=SUCCESS |  
2019-08-30 05:17:39,164 | INFO  | DNAudit | user=null | ip=null | op=PUT_BLOCK {blockData=[blockId=conID: 2 locID: 102704235094540762 bcsId: 0,size=2097152]} | ret=SUCCESS |  
2019-08-30 05:17:39,164 [grpc-default-executor-6] INFO  client.GrpcClientProtocolClient (GrpcClientProtocolClient.java:onNext(255)) - client-574492D41EE7->134d4672-e322-4e4b-b7f3-5645abb0fe8c: receive RaftClientReply:client-574492D41EE7->134d4672-e322-4e4b-b7f3-5645abb0fe8c@group-3CB1DFFBCDC2, cid=1312, SUCCESS, logIndex=0, commits[134d4672-e322-4e4b-b7f3-5645abb0fe8c:c1842, 73af84f3-3e88-4c8c-894c-3ad307bcac8d:c1840, 730a25a1-dbec-44ed-975b-a44ab0096beb:c1838]
2019-08-30 05:17:39,171 | INFO  | DNAudit | user=null | ip=null | op=WRITE_CHUNK {blockData=conID: 2 locID: 102704235094540762 bcsId: 1840} | ret=SUCCESS |  
2019-08-30 05:17:39,172 | INFO  | DNAudit | user=null | ip=null | op=WRITE_CHUNK {blockData=conID: 2 locID: 102704235094540762 bcsId: 1840} | ret=SUCCESS |  
2019-08-30 05:17:39,172 | INFO  | DNAudit | user=null | ip=null | op=WRITE_CHUNK {blockData=conID: 2 locID: 102704235094540762 bcsId: 1840} | ret=SUCCESS |  
2019-08-30 05:17:39,182 | INFO  | DNAudit | user=null | ip=null | op=WRITE_CHUNK {blockData=conID: 2 locID: 102704235094540762 bcsId: 1840} | ret=SUCCESS |  
2019-08-30 05:17:39,183 | INFO  | DNAudit | user=null | ip=null | op=PUT_BLOCK {blockData=[blockId=conID: 2 locID: 102704235094540762 bcsId: 0,size=3145728]} | ret=SUCCESS |  
2019-08-30 05:17:39,183 [grpc-default-executor-5] INFO  client.GrpcClientProtocolClient (GrpcClientProtocolClient.java:onNext(255)) - client-574492D41EE7->134d4672-e322-4e4b-b7f3-5645abb0fe8c: receive RaftClientReply:client-574492D41EE7->134d4672-e322-4e4b-b7f3-5645abb0fe8c@group-3CB1DFFBCDC2, cid=1313, SUCCESS, logIndex=1844, commits[134d4672-e322-4e4b-b7f3-5645abb0fe8c:c1845, 73af84f3-3e88-4c8c-894c-3ad307bcac8d:c1843, 730a25a1-dbec-44ed-975b-a44ab0096beb:c1843]
2019-08-30 05:17:39,183 [grpc-default-executor-5] INFO  client.GrpcClientProtocolClient (GrpcClientProtocolClient.java:onNext(255)) - client-574492D41EE7->134d4672-e322-4e4b-b7f3-5645abb0fe8c: receive RaftClientReply:client-574492D41EE7->134d4672-e322-4e4b-b7f3-5645abb0fe8c@group-3CB1DFFBCDC2, cid=1314, SUCCESS, logIndex=1845, commits[134d4672-e322-4e4b-b7f3-5645abb0fe8c:c1845, 73af84f3-3e88-4c8c-894c-3ad307bcac8d:c1843, 730a25a1-dbec-44ed-975b-a44ab0096beb:c1843]
2019-08-30 05:17:39,189 | INFO  | DNAudit | user=null | ip=null | op=WRITE_CHUNK {blockData=conID: 2 locID: 102704235094540762 bcsId: 1845} | ret=SUCCESS |  
2019-08-30 05:17:39,191 | INFO  | DNAudit | user=null | ip=null | op=WRITE_CHUNK {blockData=conID: 2 locID: 102704235094540762 bcsId: 1845} | ret=SUCCESS |  
2019-08-30 05:17:39,191 | INFO  | DNAudit | user=null | ip=null | op=WRITE_CHUNK {blockData=conID: 2 locID: 102704235094540762 bcsId: 1845} | ret=SUCCESS |  
2019-08-30 05:17:39,194 | INFO  | DNAudit | user=null | ip=null | op=WRITE_CHUNK {blockData=conID: 2 locID: 102704235094540762 bcsId: 1840} | ret=SUCCESS |  
2019-08-30 05:17:39,194 | INFO  | DNAudit | user=null | ip=null | op=WRITE_CHUNK {blockData=conID: 2 locID: 102704235094540762 bcsId: 1840} | ret=SUCCESS |  
2019-08-30 05:17:39,194 | INFO  | DNAudit | user=null | ip=null | op=PUT_BLOCK {blockData=[blockId=conID: 2 locID: 102704235094540762 bcsId: 0,size=3145728]} | ret=SUCCESS |  
2019-08-30 05:17:39,194 | INFO  | DNAudit | user=null | ip=null | op=PUT_BLOCK {blockData=[blockId=conID: 2 locID: 102704235094540762 bcsId: 0,size=3145728]} | ret=SUCCESS |  
2019-08-30 05:17:39,195 | INFO  | DNAudit | user=null | ip=null | op=WRITE_CHUNK {blockData=conID: 2 locID: 102704235094540762 bcsId: 1845} | ret=SUCCESS |  
2019-08-30 05:17:39,195 | INFO  | DNAudit | user=null | ip=null | op=PUT_BLOCK {blockData=[blockId=conID: 2 locID: 102704235094540762 bcsId: 0,size=4194304]} | ret=SUCCESS |  
2019-08-30 05:17:39,195 [grpc-default-executor-1] INFO  client.GrpcClientProtocolClient (GrpcClientProtocolClient.java:onNext(255)) - client-574492D41EE7->134d4672-e322-4e4b-b7f3-5645abb0fe8c: receive RaftClientReply:client-574492D41EE7->134d4672-e322-4e4b-b7f3-5645abb0fe8c@group-3CB1DFFBCDC2, cid=1315, SUCCESS, logIndex=1847, commits[134d4672-e322-4e4b-b7f3-5645abb0fe8c:c1848, 73af84f3-3e88-4c8c-894c-3ad307bcac8d:c1845, 730a25a1-dbec-44ed-975b-a44ab0096beb:c1845]
2019-08-30 05:17:39,196 [grpc-default-executor-1] INFO  client.GrpcClientProtocolClient (GrpcClientProtocolClient.java:onNext(255)) - client-574492D41EE7->134d4672-e322-4e4b-b7f3-5645abb0fe8c: receive RaftClientReply:client-574492D41EE7->134d4672-e322-4e4b-b7f3-5645abb0fe8c@group-3CB1DFFBCDC2, cid=1316, SUCCESS, logIndex=1848, commits[134d4672-e322-4e4b-b7f3-5645abb0fe8c:c1848, 73af84f3-3e88-4c8c-894c-3ad307bcac8d:c1845, 730a25a1-dbec-44ed-975b-a44ab0096beb:c1845]
2019-08-30 05:17:39,196 | INFO  | DNAudit | user=null | ip=null | op=WRITE_CHUNK {blockData=conID: 2 locID: 102704235094540762 bcsId: 1845} | ret=SUCCESS |  
2019-08-30 05:17:39,196 | INFO  | DNAudit | user=null | ip=null | op=WRITE_CHUNK {blockData=conID: 2 locID: 102704235094540762 bcsId: 1845} | ret=SUCCESS |  
2019-08-30 05:17:39,199 | INFO  | DNAudit | user=null | ip=null | op=PUT_BLOCK {blockData=[blockId=conID: 2 locID: 102704235094540762 bcsId: 0,size=4194304]} | ret=SUCCESS |  
2019-08-30 05:17:39,199 | INFO  | DNAudit | user=null | ip=null | op=PUT_BLOCK {blockData=[blockId=conID: 2 locID: 102704235094540762 bcsId: 0,size=4194304]} | ret=SUCCESS |  
2019-08-30 05:17:39,199 [grpc-default-executor-1] INFO  client.GrpcClientProtocolClient (GrpcClientProtocolClient.java:onNext(255)) - client-574492D41EE7->134d4672-e322-4e4b-b7f3-5645abb0fe8c: receive RaftClientReply:client-574492D41EE7->134d4672-e322-4e4b-b7f3-5645abb0fe8c@group-3CB1DFFBCDC2, cid=1317, SUCCESS, logIndex=0, commits[134d4672-e322-4e4b-b7f3-5645abb0fe8c:c1850, 73af84f3-3e88-4c8c-894c-3ad307bcac8d:c1848, 730a25a1-dbec-44ed-975b-a44ab0096beb:c1848]
2019-08-30 05:17:39,203 | INFO  | SCMAudit | user=jenkins1000 | ip=192.168.36.106 | op=ALLOCATE_BLOCK {owner=85755eb5-052d-48fa-b271-2fe4d8754e12, size=4194304, type=RATIS, factor=THREE} | ret=SUCCESS |  
2019-08-30 05:17:39,205 | INFO  | OMAudit | user=jenkins1000 | ip=127.0.0.1 | op=ALLOCATE_BLOCK {volume=vol-0-00977, bucket=bucket-0-44205, key=key-0-32850, dataSize=0, replicationType=null, replicationFactor=null, keyLocationInfo=null, clientID=102704234570776978} | ret=SUCCESS |  
2019-08-30 05:17:39,211 | INFO  | DNAudit | user=null | ip=null | op=WRITE_CHUNK {blockData=conID: 3 locID: 102704235099128283 bcsId: 0} | ret=SUCCESS |  
2019-08-30 05:17:39,213 | INFO  | DNAudit | user=null | ip=null | op=WRITE_CHUNK {blockData=conID: 3 locID: 102704235099128283 bcsId: 0} | ret=SUCCESS |  
2019-08-30 05:17:39,213 | INFO  | DNAudit | user=null | ip=null | op=WRITE_CHUNK {blockData=conID: 3 locID: 102704235099128283 bcsId: 0} | ret=SUCCESS |  
2019-08-30 05:17:39,213 | INFO  | DNAudit | user=null | ip=null | op=WRITE_CHUNK {blockData=conID: 3 locID: 102704235099128283 bcsId: 0} | ret=SUCCESS |  
2019-08-30 05:17:39,215 | INFO  | DNAudit | user=null | ip=null | op=WRITE_CHUNK {blockData=conID: 3 locID: 102704235099128283 bcsId: 0} | ret=SUCCESS |  
2019-08-30 05:17:39,215 | INFO  | DNAudit | user=null | ip=null | op=WRITE_CHUNK {blockData=conID: 3 locID: 102704235099128283 bcsId: 0} | ret=SUCCESS |  
2019-08-30 05:17:39,216 | INFO  | SCMAudit | user=jenkins1000 | ip=192.168.36.106 | op=SEND_HEARTBEAT {datanodeUUID=134d4672-e322-4e4b-b7f3-5645abb0fe8c, command=[]} | ret=SUCCESS |  
2019-08-30 05:17:39,224 | INFO  | DNAudit | user=null | ip=null | op=WRITE_CHUNK {blockData=conID: 3 locID: 102704235099128283 bcsId: 0} | ret=SUCCESS |  
2019-08-30 05:17:39,224 | INFO  | DNAudit | user=null | ip=null | op=PUT_BLOCK {blockData=[blockId=conID: 3 locID: 102704235099128283 bcsId: 0,size=1048576]} | ret=SUCCESS |  
2019-08-30 05:17:39,224 [grpc-default-executor-1] INFO  client.GrpcClientProtocolClient (GrpcClientProtocolClient.java:onNext(255)) - client-574492D41EE7->134d4672-e322-4e4b-b7f3-5645abb0fe8c: receive RaftClientReply:client-574492D41EE7->134d4672-e322-4e4b-b7f3-5645abb0fe8c@group-3CB1DFFBCDC2, cid=1318, SUCCESS, logIndex=1851, commits[134d4672-e322-4e4b-b7f3-5645abb0fe8c:c1852, 73af84f3-3e88-4c8c-894c-3ad307bcac8d:c1850, 730a25a1-dbec-44ed-975b-a44ab0096beb:c1850]
2019-08-30 05:17:39,225 [grpc-default-executor-1] INFO  client.GrpcClientProtocolClient (GrpcClientProtocolClient.java:onNext(255)) - client-574492D41EE7->134d4672-e322-4e4b-b7f3-5645abb0fe8c: receive RaftClientReply:client-574492D41EE7->134d4672-e322-4e4b-b7f3-5645abb0fe8c@group-3CB1DFFBCDC2, cid=1319, SUCCESS, logIndex=1852, commits[134d4672-e322-4e4b-b7f3-5645abb0fe8c:c1852, 73af84f3-3e88-4c8c-894c-3ad307bcac8d:c1850, 730a25a1-dbec-44ed-975b-a44ab0096beb:c1850]
2019-08-30 05:17:39,226 | INFO  | DNAudit | user=null | ip=null | op=WRITE_CHUNK {blockData=conID: 3 locID: 102704235099128283 bcsId: 0} | ret=SUCCESS |  
2019-08-30 05:17:39,226 | INFO  | DNAudit | user=null | ip=null | op=PUT_BLOCK {blockData=[blockId=conID: 3 locID: 102704235099128283 bcsId: 0,size=2097152]} | ret=SUCCESS |  
2019-08-30 05:17:39,226 [grpc-default-executor-6] INFO  client.GrpcClientProtocolClient (GrpcClientProtocolClient.java:onNext(255)) - client-574492D41EE7->134d4672-e322-4e4b-b7f3-5645abb0fe8c: receive RaftClientReply:client-574492D41EE7->134d4672-e322-4e4b-b7f3-5645abb0fe8c@group-3CB1DFFBCDC2, cid=1320, SUCCESS, logIndex=1853, commits[134d4672-e322-4e4b-b7f3-5645abb0fe8c:c1854, 73af84f3-3e88-4c8c-894c-3ad307bcac8d:c1850, 730a25a1-dbec-44ed-975b-a44ab0096beb:c1850]
2019-08-30 05:17:39,227 [grpc-default-executor-6] INFO  client.GrpcClientProtocolClient (GrpcClientProtocolClient.java:onNext(255)) - client-574492D41EE7->134d4672-e322-4e4b-b7f3-5645abb0fe8c: receive RaftClientReply:client-574492D41EE7->134d4672-e322-4e4b-b7f3-5645abb0fe8c@group-3CB1DFFBCDC2, cid=1321, SUCCESS, logIndex=1854, commits[134d4672-e322-4e4b-b7f3-5645abb0fe8c:c1854, 73af84f3-3e88-4c8c-894c-3ad307bcac8d:c1850, 730a25a1-dbec-44ed-975b-a44ab0096beb:c1850]
2019-08-30 05:17:39,237 | INFO  | DNAudit | user=null | ip=null | op=WRITE_CHUNK {blockData=conID: 3 locID: 102704235099128283 bcsId: 0} | ret=SUCCESS |  
2019-08-30 05:17:39,237 | INFO  | DNAudit | user=null | ip=null | op=WRITE_CHUNK {blockData=conID: 3 locID: 102704235099128283 bcsId: 0} | ret=SUCCESS |  
2019-08-30 05:17:39,237 | INFO  | DNAudit | user=null | ip=null | op=PUT_BLOCK {blockData=[blockId=conID: 3 locID: 102704235099128283 bcsId: 0,size=1048576]} | ret=SUCCESS |  
2019-08-30 05:17:39,237 | INFO  | DNAudit | user=null | ip=null | op=PUT_BLOCK {blockData=[blockId=conID: 3 locID: 102704235099128283 bcsId: 0,size=1048576]} | ret=SUCCESS |  
2019-08-30 05:17:39,237 [grpc-default-executor-1] INFO  client.GrpcClientProtocolClient (GrpcClientProtocolClient.java:onNext(255)) - client-574492D41EE7->134d4672-e322-4e4b-b7f3-5645abb0fe8c: receive RaftClientReply:client-574492D41EE7->134d4672-e322-4e4b-b7f3-5645abb0fe8c@group-3CB1DFFBCDC2, cid=1322, SUCCESS, logIndex=0, commits[134d4672-e322-4e4b-b7f3-5645abb0fe8c:c1854, 73af84f3-3e88-4c8c-894c-3ad307bcac8d:c1852, 730a25a1-dbec-44ed-975b-a44ab0096beb:c1852]
2019-08-30 05:17:39,238 | INFO  | DNAudit | user=null | ip=null | op=WRITE_CHUNK {blockData=conID: 3 locID: 102704235099128283 bcsId: 0} | ret=SUCCESS |  
2019-08-30 05:17:39,238 | INFO  | DNAudit | user=null | ip=null | op=PUT_BLOCK {blockData=[blockId=conID: 3 locID: 102704235099128283 bcsId: 0,size=2097152]} | ret=SUCCESS |  
2019-08-30 05:17:39,239 | INFO  | DNAudit | user=null | ip=null | op=WRITE_CHUNK {blockData=conID: 3 locID: 102704235099128283 bcsId: 0} | ret=SUCCESS |  
2019-08-30 05:17:39,239 | INFO  | DNAudit | user=null | ip=null | op=PUT_BLOCK {blockData=[blockId=conID: 3 locID: 102704235099128283 bcsId: 0,size=2097152]} | ret=SUCCESS |  
2019-08-30 05:17:39,243 | INFO  | DNAudit | user=null | ip=null | op=WRITE_CHUNK {blockData=conID: 3 locID: 102704235099128283 bcsId: 1854} | ret=SUCCESS |  
2019-08-30 05:17:39,245 | INFO  | DNAudit | user=null | ip=null | op=WRITE_CHUNK {blockData=conID: 3 locID: 102704235099128283 bcsId: 1854} | ret=SUCCESS |  
2019-08-30 05:17:39,245 | INFO  | DNAudit | user=null | ip=null | op=WRITE_CHUNK {blockData=conID: 3 locID: 102704235099128283 bcsId: 1854} | ret=SUCCESS |  
2019-08-30 05:17:39,255 | INFO  | DNAudit | user=null | ip=null | op=WRITE_CHUNK {blockData=conID: 3 locID: 102704235099128283 bcsId: 1854} | ret=SUCCESS |  
2019-08-30 05:17:39,256 | INFO  | DNAudit | user=null | ip=null | op=PUT_BLOCK {blockData=[blockId=conID: 3 locID: 102704235099128283 bcsId: 0,size=3145728]} | ret=SUCCESS |  
2019-08-30 05:17:39,256 [grpc-default-executor-1] INFO  client.GrpcClientProtocolClient (GrpcClientProtocolClient.java:onNext(255)) - client-574492D41EE7->134d4672-e322-4e4b-b7f3-5645abb0fe8c: receive RaftClientReply:client-574492D41EE7->134d4672-e322-4e4b-b7f3-5645abb0fe8c@group-3CB1DFFBCDC2, cid=1323, SUCCESS, logIndex=1859, commits[134d4672-e322-4e4b-b7f3-5645abb0fe8c:c1860, 73af84f3-3e88-4c8c-894c-3ad307bcac8d:c1858, 730a25a1-dbec-44ed-975b-a44ab0096beb:c1858]
2019-08-30 05:17:39,256 [grpc-default-executor-1] INFO  client.GrpcClientProtocolClient (GrpcClientProtocolClient.java:onNext(255)) - client-574492D41EE7->134d4672-e322-4e4b-b7f3-5645abb0fe8c: receive RaftClientReply:client-574492D41EE7->134d4672-e322-4e4b-b7f3-5645abb0fe8c@group-3CB1DFFBCDC2, cid=1324, SUCCESS, logIndex=1860, commits[134d4672-e322-4e4b-b7f3-5645abb0fe8c:c1860, 73af84f3-3e88-4c8c-894c-3ad307bcac8d:c1858, 730a25a1-dbec-44ed-975b-a44ab0096beb:c1858]
2019-08-30 05:17:39,262 | INFO  | DNAudit | user=null | ip=null | op=WRITE_CHUNK {blockData=conID: 3 locID: 102704235099128283 bcsId: 1860} | ret=SUCCESS |  
2019-08-30 05:17:39,263 | INFO  | DNAudit | user=null | ip=null | op=WRITE_CHUNK {blockData=conID: 3 locID: 102704235099128283 bcsId: 1860} | ret=SUCCESS |  
2019-08-30 05:17:39,263 | INFO  | DNAudit | user=null | ip=null | op=WRITE_CHUNK {blockData=conID: 3 locID: 102704235099128283 bcsId: 1860} | ret=SUCCESS |  
2019-08-30 05:17:39,267 | INFO  | DNAudit | user=null | ip=null | op=WRITE_CHUNK {blockData=conID: 3 locID: 102704235099128283 bcsId: 1854} | ret=SUCCESS |  
2019-08-30 05:17:39,267 | INFO  | DNAudit | user=null | ip=null | op=WRITE_CHUNK {blockData=conID: 3 locID: 102704235099128283 bcsId: 1854} | ret=SUCCESS |  
2019-08-30 05:17:39,270 | INFO  | DNAudit | user=null | ip=null | op=PUT_BLOCK {blockData=[blockId=conID: 3 locID: 102704235099128283 bcsId: 0,size=3145728]} | ret=SUCCESS |  
2019-08-30 05:17:39,270 | INFO  | DNAudit | user=null | ip=null | op=PUT_BLOCK {blockData=[blockId=conID: 3 locID: 102704235099128283 bcsId: 0,size=3145728]} | ret=SUCCESS |  
2019-08-30 05:17:39,270 | INFO  | DNAudit | user=null | ip=null | op=WRITE_CHUNK {blockData=conID: 3 locID: 102704235099128283 bcsId: 1860} | ret=SUCCESS |  
2019-08-30 05:17:39,271 | INFO  | DNAudit | user=null | ip=null | op=PUT_BLOCK {blockData=[blockId=conID: 3 locID: 102704235099128283 bcsId: 0,size=4194304]} | ret=SUCCESS |  
2019-08-30 05:17:39,271 [grpc-default-executor-5] INFO  client.GrpcClientProtocolClient (GrpcClientProtocolClient.java:onNext(255)) - client-574492D41EE7->134d4672-e322-4e4b-b7f3-5645abb0fe8c: receive RaftClientReply:client-574492D41EE7->134d4672-e322-4e4b-b7f3-5645abb0fe8c@group-3CB1DFFBCDC2, cid=1325, SUCCESS, logIndex=1863, commits[134d4672-e322-4e4b-b7f3-5645abb0fe8c:c1863, 73af84f3-3e88-4c8c-894c-3ad307bcac8d:c1860, 730a25a1-dbec-44ed-975b-a44ab0096beb:c1860]
2019-08-30 05:17:39,271 [grpc-default-executor-5] INFO  client.GrpcClientProtocolClient (GrpcClientProtocolClient.java:onNext(255)) - client-574492D41EE7->134d4672-e322-4e4b-b7f3-5645abb0fe8c: receive RaftClientReply:client-574492D41EE7->134d4672-e322-4e4b-b7f3-5645abb0fe8c@group-3CB1DFFBCDC2, cid=1326, SUCCESS, logIndex=1864, commits[134d4672-e322-4e4b-b7f3-5645abb0fe8c:c1864, 73af84f3-3e88-4c8c-894c-3ad307bcac8d:c1860, 730a25a1-dbec-44ed-975b-a44ab0096beb:c1860]
 0.00% |█                                                                                                    |  0/1 Time: 0:00:082019-08-30 05:17:39,281 | INFO  | SCMAudit | user=jenkins1000 | ip=192.168.36.106 | op=SEND_HEARTBEAT {datanodeUUID=ea5d4b6b-4a08-401a-8c59-ecc1ca37daf5, command=[]} | ret=SUCCESS |  
2019-08-30 05:17:39,282 | INFO  | DNAudit | user=null | ip=null | op=WRITE_CHUNK {blockData=conID: 3 locID: 102704235099128283 bcsId: 1860} | ret=SUCCESS |  
2019-08-30 05:17:39,282 | INFO  | DNAudit | user=null | ip=null | op=WRITE_CHUNK {blockData=conID: 3 locID: 102704235099128283 bcsId: 1860} | ret=SUCCESS |  
2019-08-30 05:17:39,285 | INFO  | DNAudit | user=null | ip=null | op=PUT_BLOCK {blockData=[blockId=conID: 3 locID: 102704235099128283 bcsId: 0,size=4194304]} | ret=SUCCESS |  
2019-08-30 05:17:39,285 | INFO  | DNAudit | user=null | ip=null | op=PUT_BLOCK {blockData=[blockId=conID: 3 locID: 102704235099128283 bcsId: 0,size=4194304]} | ret=SUCCESS |  
2019-08-30 05:17:39,285 [grpc-default-executor-6] INFO  client.GrpcClientProtocolClient (GrpcClientProtocolClient.java:onNext(255)) - client-574492D41EE7->134d4672-e322-4e4b-b7f3-5645abb0fe8c: receive RaftClientReply:client-574492D41EE7->134d4672-e322-4e4b-b7f3-5645abb0fe8c@group-3CB1DFFBCDC2, cid=1327, SUCCESS, logIndex=0, commits[134d4672-e322-4e4b-b7f3-5645abb0fe8c:c1866, 73af84f3-3e88-4c8c-894c-3ad307bcac8d:c1864, 730a25a1-dbec-44ed-975b-a44ab0096beb:c1864]
2019-08-30 05:17:39,289 | INFO  | SCMAudit | user=jenkins1000 | ip=192.168.36.106 | op=ALLOCATE_BLOCK {owner=85755eb5-052d-48fa-b271-2fe4d8754e12, size=4194304, type=RATIS, factor=THREE} | ret=SUCCESS |  
2019-08-30 05:17:39,291 | INFO  | OMAudit | user=jenkins1000 | ip=127.0.0.1 | op=ALLOCATE_BLOCK {volume=vol-0-00977, bucket=bucket-0-44205, key=key-0-32850, dataSize=0, replicationType=null, replicationFactor=null, keyLocationInfo=null, clientID=102704234570776978} | ret=SUCCESS |  
2019-08-30 05:17:39,297 | INFO  | DNAudit | user=null | ip=null | op=WRITE_CHUNK {blockData=conID: 1 locID: 102704235104764380 bcsId: 0} | ret=SUCCESS |  
2019-08-30 05:17:39,299 | INFO  | DNAudit | user=null | ip=null | op=WRITE_CHUNK {blockData=conID: 1 locID: 102704235104764380 bcsId: 0} | ret=SUCCESS |  
2019-08-30 05:17:39,299 | INFO  | DNAudit | user=null | ip=null | op=WRITE_CHUNK {blockData=conID: 1 locID: 102704235104764380 bcsId: 0} | ret=SUCCESS |  
2019-08-30 05:17:39,299 | INFO  | DNAudit | user=null | ip=null | op=WRITE_CHUNK {blockData=conID: 1 locID: 102704235104764380 bcsId: 0} | ret=SUCCESS |  
2019-08-30 05:17:39,301 | INFO  | DNAudit | user=null | ip=null | op=WRITE_CHUNK {blockData=conID: 1 locID: 102704235104764380 bcsId: 0} | ret=SUCCESS |  
2019-08-30 05:17:39,301 | INFO  | DNAudit | user=null | ip=null | op=WRITE_CHUNK {blockData=conID: 1 locID: 102704235104764380 bcsId: 0} | ret=SUCCESS |  
2019-08-30 05:17:39,310 | INFO  | DNAudit | user=null | ip=null | op=WRITE_CHUNK {blockData=conID: 1 locID: 102704235104764380 bcsId: 0} | ret=SUCCESS |  
2019-08-30 05:17:39,310 | INFO  | DNAudit | user=null | ip=null | op=PUT_BLOCK {blockData=[blockId=conID: 1 locID: 102704235104764380 bcsId: 0,size=1048576]} | ret=SUCCESS |  
2019-08-30 05:17:39,310 [grpc-default-executor-1] INFO  client.GrpcClientProtocolClient (GrpcClientProtocolClient.java:onNext(255)) - client-574492D41EE7->134d4672-e322-4e4b-b7f3-5645abb0fe8c: receive RaftClientReply:client-574492D41EE7->134d4672-e322-4e4b-b7f3-5645abb0fe8c@group-3CB1DFFBCDC2, cid=1328, SUCCESS, logIndex=1867, commits[134d4672-e322-4e4b-b7f3-5645abb0fe8c:c1868, 73af84f3-3e88-4c8c-894c-3ad307bcac8d:c1866, 730a25a1-dbec-44ed-975b-a44ab0096beb:c1866]
2019-08-30 05:17:39,311 | INFO  | DNAudit | user=null | ip=null | op=WRITE_CHUNK {blockData=conID: 1 locID: 102704235104764380 bcsId: 0} | ret=SUCCESS |  
2019-08-30 05:17:39,311 [grpc-default-executor-6] INFO  client.GrpcClientProtocolClient (GrpcClientProtocolClient.java:onNext(255)) - client-574492D41EE7->134d4672-e322-4e4b-b7f3-5645abb0fe8c: receive RaftClientReply:client-574492D41EE7->134d4672-e322-4e4b-b7f3-5645abb0fe8c@group-3CB1DFFBCDC2, cid=1329, SUCCESS, logIndex=1868, commits[134d4672-e322-4e4b-b7f3-5645abb0fe8c:c1868, 73af84f3-3e88-4c8c-894c-3ad307bcac8d:c1866, 730a25a1-dbec-44ed-975b-a44ab0096beb:c1866]
2019-08-30 05:17:39,311 | INFO  | DNAudit | user=null | ip=null | op=PUT_BLOCK {blockData=[blockId=conID: 1 locID: 102704235104764380 bcsId: 0,size=2097152]} | ret=SUCCESS |  
2019-08-30 05:17:39,311 [grpc-default-executor-6] INFO  client.GrpcClientProtocolClient (GrpcClientProtocolClient.java:onNext(255)) - client-574492D41EE7->134d4672-e322-4e4b-b7f3-5645abb0fe8c: receive RaftClientReply:client-574492D41EE7->134d4672-e322-4e4b-b7f3-5645abb0fe8c@group-3CB1DFFBCDC2, cid=1330, SUCCESS, logIndex=1869, commits[134d4672-e322-4e4b-b7f3-5645abb0fe8c:c1870, 73af84f3-3e88-4c8c-894c-3ad307bcac8d:c1866, 730a25a1-dbec-44ed-975b-a44ab0096beb:c1866]
2019-08-30 05:17:39,312 [grpc-default-executor-6] INFO  client.GrpcClientProtocolClient (GrpcClientProtocolClient.java:onNext(255)) - client-574492D41EE7->134d4672-e322-4e4b-b7f3-5645abb0fe8c: receive RaftClientReply:client-574492D41EE7->134d4672-e322-4e4b-b7f3-5645abb0fe8c@group-3CB1DFFBCDC2, cid=1331, SUCCESS, logIndex=1870, commits[134d4672-e322-4e4b-b7f3-5645abb0fe8c:c1870, 73af84f3-3e88-4c8c-894c-3ad307bcac8d:c1866, 730a25a1-dbec-44ed-975b-a44ab0096beb:c1866]
2019-08-30 05:17:39,312 | INFO  | DNAudit | user=null | ip=null | op=WRITE_CHUNK {blockData=conID: 1 locID: 102704235104764380 bcsId: 0} | ret=SUCCESS |  
2019-08-30 05:17:39,312 | INFO  | DNAudit | user=null | ip=null | op=PUT_BLOCK {blockData=[blockId=conID: 1 locID: 102704235104764380 bcsId: 0,size=1048576]} | ret=SUCCESS |  
2019-08-30 05:17:39,314 | INFO  | DNAudit | user=null | ip=null | op=WRITE_CHUNK {blockData=conID: 1 locID: 102704235104764380 bcsId: 0} | ret=SUCCESS |  
2019-08-30 05:17:39,314 | INFO  | DNAudit | user=null | ip=null | op=PUT_BLOCK {blockData=[blockId=conID: 1 locID: 102704235104764380 bcsId: 0,size=1048576]} | ret=SUCCESS |  
2019-08-30 05:17:39,314 | INFO  | DNAudit | user=null | ip=null | op=WRITE_CHUNK {blockData=conID: 1 locID: 102704235104764380 bcsId: 0} | ret=SUCCESS |  
2019-08-30 05:17:39,315 [grpc-default-executor-6] INFO  client.GrpcClientProtocolClient (GrpcClientProtocolClient.java:onNext(255)) - client-574492D41EE7->134d4672-e322-4e4b-b7f3-5645abb0fe8c: receive RaftClientReply:client-574492D41EE7->134d4672-e322-4e4b-b7f3-5645abb0fe8c@group-3CB1DFFBCDC2, cid=1332, SUCCESS, logIndex=0, commits[134d4672-e322-4e4b-b7f3-5645abb0fe8c:c1872, 73af84f3-3e88-4c8c-894c-3ad307bcac8d:c1868, 730a25a1-dbec-44ed-975b-a44ab0096beb:c1868]
2019-08-30 05:17:39,315 | INFO  | DNAudit | user=null | ip=null | op=PUT_BLOCK {blockData=[blockId=conID: 1 locID: 102704235104764380 bcsId: 0,size=2097152]} | ret=SUCCESS |  
2019-08-30 05:17:39,320 | INFO  | DNAudit | user=null | ip=null | op=WRITE_CHUNK {blockData=conID: 1 locID: 102704235104764380 bcsId: 1870} | ret=SUCCESS |  
2019-08-30 05:17:39,321 | INFO  | DNAudit | user=null | ip=null | op=WRITE_CHUNK {blockData=conID: 1 locID: 102704235104764380 bcsId: 1870} | ret=SUCCESS |  
2019-08-30 05:17:39,322 | INFO  | DNAudit | user=null | ip=null | op=WRITE_CHUNK {blockData=conID: 1 locID: 102704235104764380 bcsId: 1870} | ret=SUCCESS |  
2019-08-30 05:17:39,325 | INFO  | DNAudit | user=null | ip=null | op=WRITE_CHUNK {blockData=conID: 1 locID: 102704235104764380 bcsId: 0} | ret=SUCCESS |  
2019-08-30 05:17:39,325 | INFO  | DNAudit | user=null | ip=null | op=PUT_BLOCK {blockData=[blockId=conID: 1 locID: 102704235104764380 bcsId: 0,size=2097152]} | ret=SUCCESS |  
2019-08-30 05:17:39,339 | INFO  | DNAudit | user=null | ip=null | op=WRITE_CHUNK {blockData=conID: 1 locID: 102704235104764380 bcsId: 1870} | ret=SUCCESS |  
2019-08-30 05:17:39,339 | INFO  | DNAudit | user=null | ip=null | op=PUT_BLOCK {blockData=[blockId=conID: 1 locID: 102704235104764380 bcsId: 0,size=3145728]} | ret=SUCCESS |  
2019-08-30 05:17:39,339 [grpc-default-executor-6] INFO  client.GrpcClientProtocolClient (GrpcClientProtocolClient.java:onNext(255)) - client-574492D41EE7->134d4672-e322-4e4b-b7f3-5645abb0fe8c: receive RaftClientReply:client-574492D41EE7->134d4672-e322-4e4b-b7f3-5645abb0fe8c@group-3CB1DFFBCDC2, cid=1333, SUCCESS, logIndex=1875, commits[134d4672-e322-4e4b-b7f3-5645abb0fe8c:c1876, 73af84f3-3e88-4c8c-894c-3ad307bcac8d:c1873, 730a25a1-dbec-44ed-975b-a44ab0096beb:c1873]
2019-08-30 05:17:39,340 [grpc-default-executor-6] INFO  client.GrpcClientProtocolClient (GrpcClientProtocolClient.java:onNext(255)) - client-574492D41EE7->134d4672-e322-4e4b-b7f3-5645abb0fe8c: receive RaftClientReply:client-574492D41EE7->134d4672-e322-4e4b-b7f3-5645abb0fe8c@group-3CB1DFFBCDC2, cid=1334, SUCCESS, logIndex=1876, commits[134d4672-e322-4e4b-b7f3-5645abb0fe8c:c1876, 73af84f3-3e88-4c8c-894c-3ad307bcac8d:c1873, 730a25a1-dbec-44ed-975b-a44ab0096beb:c1873]
2019-08-30 05:17:39,342 | INFO  | DNAudit | user=null | ip=null | op=WRITE_CHUNK {blockData=conID: 1 locID: 102704235104764380 bcsId: 1870} | ret=SUCCESS |  
2019-08-30 05:17:39,342 | INFO  | DNAudit | user=null | ip=null | op=WRITE_CHUNK {blockData=conID: 1 locID: 102704235104764380 bcsId: 1870} | ret=SUCCESS |  
2019-08-30 05:17:39,342 | INFO  | DNAudit | user=null | ip=null | op=PUT_BLOCK {blockData=[blockId=conID: 1 locID: 102704235104764380 bcsId: 0,size=3145728]} | ret=SUCCESS |  
2019-08-30 05:17:39,342 | INFO  | DNAudit | user=null | ip=null | op=PUT_BLOCK {blockData=[blockId=conID: 1 locID: 102704235104764380 bcsId: 0,size=3145728]} | ret=SUCCESS |  
2019-08-30 05:17:39,346 | INFO  | DNAudit | user=null | ip=null | op=WRITE_CHUNK {blockData=conID: 1 locID: 102704235104764380 bcsId: 1876} | ret=SUCCESS |  
2019-08-30 05:17:39,347 | INFO  | DNAudit | user=null | ip=null | op=WRITE_CHUNK {blockData=conID: 1 locID: 102704235104764380 bcsId: 1876} | ret=SUCCESS |  
2019-08-30 05:17:39,347 | INFO  | DNAudit | user=null | ip=null | op=WRITE_CHUNK {blockData=conID: 1 locID: 102704235104764380 bcsId: 1876} | ret=SUCCESS |  
2019-08-30 05:17:39,358 | INFO  | DNAudit | user=null | ip=null | op=WRITE_CHUNK {blockData=conID: 1 locID: 102704235104764380 bcsId: 1876} | ret=SUCCESS |  
2019-08-30 05:17:39,358 | INFO  | DNAudit | user=null | ip=null | op=PUT_BLOCK {blockData=[blockId=conID: 1 locID: 102704235104764380 bcsId: 0,size=4194304]} | ret=SUCCESS |  
2019-08-30 05:17:39,358 [grpc-default-executor-1] INFO  client.GrpcClientProtocolClient (GrpcClientProtocolClient.java:onNext(255)) - client-574492D41EE7->134d4672-e322-4e4b-b7f3-5645abb0fe8c: receive RaftClientReply:client-574492D41EE7->134d4672-e322-4e4b-b7f3-5645abb0fe8c@group-3CB1DFFBCDC2, cid=1335, SUCCESS, logIndex=1878, commits[134d4672-e322-4e4b-b7f3-5645abb0fe8c:c1879, 73af84f3-3e88-4c8c-894c-3ad307bcac8d:c1877, 730a25a1-dbec-44ed-975b-a44ab0096beb:c1877]
2019-08-30 05:17:39,359 [grpc-default-executor-1] INFO  client.GrpcClientProtocolClient (GrpcClientProtocolClient.java:onNext(255)) - client-574492D41EE7->134d4672-e322-4e4b-b7f3-5645abb0fe8c: receive RaftClientReply:client-574492D41EE7->134d4672-e322-4e4b-b7f3-5645abb0fe8c@group-3CB1DFFBCDC2, cid=1336, SUCCESS, logIndex=1879, commits[134d4672-e322-4e4b-b7f3-5645abb0fe8c:c1879, 73af84f3-3e88-4c8c-894c-3ad307bcac8d:c1877, 730a25a1-dbec-44ed-975b-a44ab0096beb:c1877]
2019-08-30 05:17:39,371 | INFO  | DNAudit | user=null | ip=null | op=WRITE_CHUNK {blockData=conID: 1 locID: 102704235104764380 bcsId: 1876} | ret=SUCCESS |  
2019-08-30 05:17:39,372 | INFO  | DNAudit | user=null | ip=null | op=WRITE_CHUNK {blockData=conID: 1 locID: 102704235104764380 bcsId: 1876} | ret=SUCCESS |  
2019-08-30 05:17:39,372 | INFO  | DNAudit | user=null | ip=null | op=PUT_BLOCK {blockData=[blockId=conID: 1 locID: 102704235104764380 bcsId: 0,size=4194304]} | ret=SUCCESS |  
2019-08-30 05:17:39,372 | INFO  | DNAudit | user=null | ip=null | op=PUT_BLOCK {blockData=[blockId=conID: 1 locID: 102704235104764380 bcsId: 0,size=4194304]} | ret=SUCCESS |  
2019-08-30 05:17:39,372 [grpc-default-executor-1] INFO  client.GrpcClientProtocolClient (GrpcClientProtocolClient.java:onNext(255)) - client-574492D41EE7->134d4672-e322-4e4b-b7f3-5645abb0fe8c: receive RaftClientReply:client-574492D41EE7->134d4672-e322-4e4b-b7f3-5645abb0fe8c@group-3CB1DFFBCDC2, cid=1337, SUCCESS, logIndex=0, commits[134d4672-e322-4e4b-b7f3-5645abb0fe8c:c1880, 73af84f3-3e88-4c8c-894c-3ad307bcac8d:c1879, 730a25a1-dbec-44ed-975b-a44ab0096beb:c1879]
2019-08-30 05:17:39,376 | INFO  | SCMAudit | user=jenkins1000 | ip=192.168.36.106 | op=ALLOCATE_BLOCK {owner=85755eb5-052d-48fa-b271-2fe4d8754e12, size=4194304, type=RATIS, factor=THREE} | ret=SUCCESS |  
2019-08-30 05:17:39,378 | INFO  | OMAudit | user=jenkins1000 | ip=127.0.0.1 | op=ALLOCATE_BLOCK {volume=vol-0-00977, bucket=bucket-0-44205, key=key-0-32850, dataSize=0, replicationType=null, replicationFactor=null, keyLocationInfo=null, clientID=102704234570776978} | ret=SUCCESS |  
2019-08-30 05:17:39,384 | INFO  | DNAudit | user=null | ip=null | op=WRITE_CHUNK {blockData=conID: 2 locID: 102704235110466013 bcsId: 0} | ret=SUCCESS |  
2019-08-30 05:17:39,386 | INFO  | DNAudit | user=null | ip=null | op=WRITE_CHUNK {blockData=conID: 2 locID: 102704235110466013 bcsId: 0} | ret=SUCCESS |  
2019-08-30 05:17:39,386 | INFO  | DNAudit | user=null | ip=null | op=WRITE_CHUNK {blockData=conID: 2 locID: 102704235110466013 bcsId: 0} | ret=SUCCESS |  
2019-08-30 05:17:39,387 | INFO  | DNAudit | user=null | ip=null | op=WRITE_CHUNK {blockData=conID: 2 locID: 102704235110466013 bcsId: 0} | ret=SUCCESS |  
2019-08-30 05:17:39,388 | INFO  | DNAudit | user=null | ip=null | op=WRITE_CHUNK {blockData=conID: 2 locID: 102704235110466013 bcsId: 0} | ret=SUCCESS |  
2019-08-30 05:17:39,389 | INFO  | DNAudit | user=null | ip=null | op=WRITE_CHUNK {blockData=conID: 2 locID: 102704235110466013 bcsId: 0} | ret=SUCCESS |  
2019-08-30 05:17:39,409 | INFO  | DNAudit | user=null | ip=null | op=WRITE_CHUNK {blockData=conID: 2 locID: 102704235110466013 bcsId: 0} | ret=SUCCESS |  
2019-08-30 05:17:39,410 | INFO  | DNAudit | user=null | ip=null | op=PUT_BLOCK {blockData=[blockId=conID: 2 locID: 102704235110466013 bcsId: 0,size=1048576]} | ret=SUCCESS |  
2019-08-30 05:17:39,410 [grpc-default-executor-5] INFO  client.GrpcClientProtocolClient (GrpcClientProtocolClient.java:onNext(255)) - client-574492D41EE7->134d4672-e322-4e4b-b7f3-5645abb0fe8c: receive RaftClientReply:client-574492D41EE7->134d4672-e322-4e4b-b7f3-5645abb0fe8c@group-3CB1DFFBCDC2, cid=1338, SUCCESS, logIndex=1882, commits[134d4672-e322-4e4b-b7f3-5645abb0fe8c:c1883, 73af84f3-3e88-4c8c-894c-3ad307bcac8d:c1881, 730a25a1-dbec-44ed-975b-a44ab0096beb:c1879]
2019-08-30 05:17:39,410 | INFO  | DNAudit | user=null | ip=null | op=WRITE_CHUNK {blockData=conID: 2 locID: 102704235110466013 bcsId: 0} | ret=SUCCESS |  
2019-08-30 05:17:39,411 [grpc-default-executor-6] INFO  client.GrpcClientProtocolClient (GrpcClientProtocolClient.java:onNext(255)) - client-574492D41EE7->134d4672-e322-4e4b-b7f3-5645abb0fe8c: receive RaftClientReply:client-574492D41EE7->134d4672-e322-4e4b-b7f3-5645abb0fe8c@group-3CB1DFFBCDC2, cid=1339, SUCCESS, logIndex=1883, commits[134d4672-e322-4e4b-b7f3-5645abb0fe8c:c1883, 73af84f3-3e88-4c8c-894c-3ad307bcac8d:c1881, 730a25a1-dbec-44ed-975b-a44ab0096beb:c1881]
2019-08-30 05:17:39,411 | INFO  | DNAudit | user=null | ip=null | op=PUT_BLOCK {blockData=[blockId=conID: 2 locID: 102704235110466013 bcsId: 0,size=2097152]} | ret=SUCCESS |  
2019-08-30 05:17:39,411 [grpc-default-executor-6] INFO  client.GrpcClientProtocolClient (GrpcClientProtocolClient.java:onNext(255)) - client-574492D41EE7->134d4672-e322-4e4b-b7f3-5645abb0fe8c: receive RaftClientReply:client-574492D41EE7->134d4672-e322-4e4b-b7f3-5645abb0fe8c@group-3CB1DFFBCDC2, cid=1340, SUCCESS, logIndex=1884, commits[134d4672-e322-4e4b-b7f3-5645abb0fe8c:c1885, 73af84f3-3e88-4c8c-894c-3ad307bcac8d:c1881, 730a25a1-dbec-44ed-975b-a44ab0096beb:c1881]
2019-08-30 05:17:39,411 [grpc-default-executor-6] INFO  client.GrpcClientProtocolClient (GrpcClientProtocolClient.java:onNext(255)) - client-574492D41EE7->134d4672-e322-4e4b-b7f3-5645abb0fe8c: receive RaftClientReply:client-574492D41EE7->134d4672-e322-4e4b-b7f3-5645abb0fe8c@group-3CB1DFFBCDC2, cid=1341, SUCCESS, logIndex=1885, commits[134d4672-e322-4e4b-b7f3-5645abb0fe8c:c1885, 73af84f3-3e88-4c8c-894c-3ad307bcac8d:c1881, 730a25a1-dbec-44ed-975b-a44ab0096beb:c1881]
2019-08-30 05:17:39,413 | INFO  | DNAudit | user=null | ip=null | op=WRITE_CHUNK {blockData=conID: 2 locID: 102704235110466013 bcsId: 0} | ret=SUCCESS |  
2019-08-30 05:17:39,413 | INFO  | DNAudit | user=null | ip=null | op=PUT_BLOCK {blockData=[blockId=conID: 2 locID: 102704235110466013 bcsId: 0,size=1048576]} | ret=SUCCESS |  
2019-08-30 05:17:39,424 | INFO  | DNAudit | user=null | ip=null | op=WRITE_CHUNK {blockData=conID: 2 locID: 102704235110466013 bcsId: 0} | ret=SUCCESS |  
2019-08-30 05:17:39,424 | INFO  | DNAudit | user=null | ip=null | op=WRITE_CHUNK {blockData=conID: 2 locID: 102704235110466013 bcsId: 0} | ret=SUCCESS |  
2019-08-30 05:17:39,424 | INFO  | DNAudit | user=null | ip=null | op=PUT_BLOCK {blockData=[blockId=conID: 2 locID: 102704235110466013 bcsId: 0,size=1048576]} | ret=SUCCESS |  
2019-08-30 05:17:39,424 | INFO  | DNAudit | user=null | ip=null | op=PUT_BLOCK {blockData=[blockId=conID: 2 locID: 102704235110466013 bcsId: 0,size=2097152]} | ret=SUCCESS |  
2019-08-30 05:17:39,424 | INFO  | DNAudit | user=null | ip=null | op=WRITE_CHUNK {blockData=conID: 2 locID: 102704235110466013 bcsId: 0} | ret=SUCCESS |  
2019-08-30 05:17:39,425 | INFO  | DNAudit | user=null | ip=null | op=PUT_BLOCK {blockData=[blockId=conID: 2 locID: 102704235110466013 bcsId: 0,size=2097152]} | ret=SUCCESS |  
2019-08-30 05:17:39,425 [grpc-default-executor-5] INFO  client.GrpcClientProtocolClient (GrpcClientProtocolClient.java:onNext(255)) - client-574492D41EE7->134d4672-e322-4e4b-b7f3-5645abb0fe8c: receive RaftClientReply:client-574492D41EE7->134d4672-e322-4e4b-b7f3-5645abb0fe8c@group-3CB1DFFBCDC2, cid=1342, SUCCESS, logIndex=0, commits[134d4672-e322-4e4b-b7f3-5645abb0fe8c:c1887, 73af84f3-3e88-4c8c-894c-3ad307bcac8d:c1883, 730a25a1-dbec-44ed-975b-a44ab0096beb:c1883]
2019-08-30 05:17:39,430 | INFO  | DNAudit | user=null | ip=null | op=WRITE_CHUNK {blockData=conID: 2 locID: 102704235110466013 bcsId: 1885} | ret=SUCCESS |  
2019-08-30 05:17:39,432 | INFO  | DNAudit | user=null | ip=null | op=WRITE_CHUNK {blockData=conID: 2 locID: 102704235110466013 bcsId: 1885} | ret=SUCCESS |  
2019-08-30 05:17:39,432 | INFO  | DNAudit | user=null | ip=null | op=WRITE_CHUNK {blockData=conID: 2 locID: 102704235110466013 bcsId: 1885} | ret=SUCCESS |  
2019-08-30 05:17:39,443 | INFO  | DNAudit | user=null | ip=null | op=WRITE_CHUNK {blockData=conID: 2 locID: 102704235110466013 bcsId: 1885} | ret=SUCCESS |  
2019-08-30 05:17:39,443 | INFO  | DNAudit | user=null | ip=null | op=PUT_BLOCK {blockData=[blockId=conID: 2 locID: 102704235110466013 bcsId: 0,size=3145728]} | ret=SUCCESS |  
2019-08-30 05:17:39,443 [grpc-default-executor-6] INFO  client.GrpcClientProtocolClient (GrpcClientProtocolClient.java:onNext(255)) - client-574492D41EE7->134d4672-e322-4e4b-b7f3-5645abb0fe8c: receive RaftClientReply:client-574492D41EE7->134d4672-e322-4e4b-b7f3-5645abb0fe8c@group-3CB1DFFBCDC2, cid=1343, SUCCESS, logIndex=1890, commits[134d4672-e322-4e4b-b7f3-5645abb0fe8c:c1891, 73af84f3-3e88-4c8c-894c-3ad307bcac8d:c1889, 730a25a1-dbec-44ed-975b-a44ab0096beb:c1889]
2019-08-30 05:17:39,444 [grpc-default-executor-6] INFO  client.GrpcClientProtocolClient (GrpcClientProtocolClient.java:onNext(255)) - client-574492D41EE7->134d4672-e322-4e4b-b7f3-5645abb0fe8c: receive RaftClientReply:client-574492D41EE7->134d4672-e322-4e4b-b7f3-5645abb0fe8c@group-3CB1DFFBCDC2, cid=1344, SUCCESS, logIndex=1891, commits[134d4672-e322-4e4b-b7f3-5645abb0fe8c:c1891, 73af84f3-3e88-4c8c-894c-3ad307bcac8d:c1889, 730a25a1-dbec-44ed-975b-a44ab0096beb:c1889]
2019-08-30 05:17:39,547 | INFO  | DNAudit | user=null | ip=null | op=WRITE_CHUNK {blockData=conID: 2 locID: 102704235110466013 bcsId: 1891} | ret=SUCCESS |  
2019-08-30 05:17:39,548 | INFO  | SCMAudit | user=jenkins1000 | ip=192.168.36.106 | op=SEND_HEARTBEAT {datanodeUUID=b91a4442-fd83-4a66-bee2-5c7959dbabc3, command=[]} | ret=SUCCESS |  
2019-08-30 05:17:39,548 | INFO  | DNAudit | user=null | ip=null | op=WRITE_CHUNK {blockData=conID: 2 locID: 102704235110466013 bcsId: 1885} | ret=SUCCESS |  
2019-08-30 05:17:39,548 | INFO  | DNAudit | user=null | ip=null | op=WRITE_CHUNK {blockData=conID: 2 locID: 102704235110466013 bcsId: 1885} | ret=SUCCESS |  
2019-08-30 05:17:39,549 | INFO  | DNAudit | user=null | ip=null | op=WRITE_CHUNK {blockData=conID: 2 locID: 102704235110466013 bcsId: 1891} | ret=SUCCESS |  
2019-08-30 05:17:39,549 | INFO  | DNAudit | user=null | ip=null | op=WRITE_CHUNK {blockData=conID: 2 locID: 102704235110466013 bcsId: 1891} | ret=SUCCESS |  
2019-08-30 05:17:39,558 | INFO  | DNAudit | user=null | ip=null | op=PUT_BLOCK {blockData=[blockId=conID: 2 locID: 102704235110466013 bcsId: 0,size=3145728]} | ret=SUCCESS |  
2019-08-30 05:17:39,559 | INFO  | DNAudit | user=null | ip=null | op=PUT_BLOCK {blockData=[blockId=conID: 2 locID: 102704235110466013 bcsId: 0,size=3145728]} | ret=SUCCESS |  
2019-08-30 05:17:39,560 | INFO  | DNAudit | user=null | ip=null | op=WRITE_CHUNK {blockData=conID: 2 locID: 102704235110466013 bcsId: 1891} | ret=SUCCESS |  
2019-08-30 05:17:39,560 | INFO  | DNAudit | user=null | ip=null | op=PUT_BLOCK {blockData=[blockId=conID: 2 locID: 102704235110466013 bcsId: 0,size=4194304]} | ret=SUCCESS |  
2019-08-30 05:17:39,561 [grpc-default-executor-1] INFO  client.GrpcClientProtocolClient (GrpcClientProtocolClient.java:onNext(255)) - client-574492D41EE7->134d4672-e322-4e4b-b7f3-5645abb0fe8c: receive RaftClientReply:client-574492D41EE7->134d4672-e322-4e4b-b7f3-5645abb0fe8c@group-3CB1DFFBCDC2, cid=1345, SUCCESS, logIndex=1894, commits[134d4672-e322-4e4b-b7f3-5645abb0fe8c:c1895, 73af84f3-3e88-4c8c-894c-3ad307bcac8d:c1891, 730a25a1-dbec-44ed-975b-a44ab0096beb:c1891]
2019-08-30 05:17:39,561 [grpc-default-executor-1] INFO  client.GrpcClientProtocolClient (GrpcClientProtocolClient.java:onNext(255)) - client-574492D41EE7->134d4672-e322-4e4b-b7f3-5645abb0fe8c: receive RaftClientReply:client-574492D41EE7->134d4672-e322-4e4b-b7f3-5645abb0fe8c@group-3CB1DFFBCDC2, cid=1346, SUCCESS, logIndex=1895, commits[134d4672-e322-4e4b-b7f3-5645abb0fe8c:c1895, 73af84f3-3e88-4c8c-894c-3ad307bcac8d:c1891, 730a25a1-dbec-44ed-975b-a44ab0096beb:c1891]
2019-08-30 05:17:39,563 | INFO  | DNAudit | user=null | ip=null | op=WRITE_CHUNK {blockData=conID: 2 locID: 102704235110466013 bcsId: 1891} | ret=SUCCESS |  
2019-08-30 05:17:39,563 | INFO  | DNAudit | user=null | ip=null | op=WRITE_CHUNK {blockData=conID: 2 locID: 102704235110466013 bcsId: 1891} | ret=SUCCESS |  
2019-08-30 05:17:39,577 | INFO  | DNAudit | user=null | ip=null | op=PUT_BLOCK {blockData=[blockId=conID: 2 locID: 102704235110466013 bcsId: 0,size=4194304]} | ret=SUCCESS |  
2019-08-30 05:17:39,578 | INFO  | DNAudit | user=null | ip=null | op=PUT_BLOCK {blockData=[blockId=conID: 2 locID: 102704235110466013 bcsId: 0,size=4194304]} | ret=SUCCESS |  
2019-08-30 05:17:39,580 [grpc-default-executor-6] INFO  client.GrpcClientProtocolClient (GrpcClientProtocolClient.java:onNext(255)) - client-574492D41EE7->134d4672-e322-4e4b-b7f3-5645abb0fe8c: receive RaftClientReply:client-574492D41EE7->134d4672-e322-4e4b-b7f3-5645abb0fe8c@group-3CB1DFFBCDC2, cid=1347, SUCCESS, logIndex=0, commits[134d4672-e322-4e4b-b7f3-5645abb0fe8c:c1897, 73af84f3-3e88-4c8c-894c-3ad307bcac8d:c1895, 730a25a1-dbec-44ed-975b-a44ab0096beb:c1895]
2019-08-30 05:17:39,587 | INFO  | SCMAudit | user=jenkins1000 | ip=192.168.36.106 | op=ALLOCATE_BLOCK {owner=85755eb5-052d-48fa-b271-2fe4d8754e12, size=4194304, type=RATIS, factor=THREE} | ret=SUCCESS |  
2019-08-30 05:17:39,591 | INFO  | OMAudit | user=jenkins1000 | ip=127.0.0.1 | op=ALLOCATE_BLOCK {volume=vol-0-00977, bucket=bucket-0-44205, key=key-0-32850, dataSize=0, replicationType=null, replicationFactor=null, keyLocationInfo=null, clientID=102704234570776978} | ret=SUCCESS |  
2019-08-30 05:17:39,598 | INFO  | DNAudit | user=null | ip=null | op=WRITE_CHUNK {blockData=conID: 3 locID: 102704235124294110 bcsId: 0} | ret=SUCCESS |  
2019-08-30 05:17:39,602 | INFO  | DNAudit | user=null | ip=null | op=WRITE_CHUNK {blockData=conID: 3 locID: 102704235124294110 bcsId: 0} | ret=SUCCESS |  
2019-08-30 05:17:39,602 | INFO  | DNAudit | user=null | ip=null | op=WRITE_CHUNK {blockData=conID: 3 locID: 102704235124294110 bcsId: 0} | ret=SUCCESS |  
2019-08-30 05:17:39,602 | INFO  | DNAudit | user=null | ip=null | op=WRITE_CHUNK {blockData=conID: 3 locID: 102704235124294110 bcsId: 0} | ret=SUCCESS |  
2019-08-30 05:17:39,603 | INFO  | DNAudit | user=null | ip=null | op=WRITE_CHUNK {blockData=conID: 3 locID: 102704235124294110 bcsId: 0} | ret=SUCCESS |  
2019-08-30 05:17:39,604 | INFO  | DNAudit | user=null | ip=null | op=WRITE_CHUNK {blockData=conID: 3 locID: 102704235124294110 bcsId: 0} | ret=SUCCESS |  
2019-08-30 05:17:39,611 | INFO  | DNAudit | user=null | ip=null | op=WRITE_CHUNK {blockData=conID: 3 locID: 102704235124294110 bcsId: 0} | ret=SUCCESS |  
2019-08-30 05:17:39,612 | INFO  | DNAudit | user=null | ip=null | op=PUT_BLOCK {blockData=[blockId=conID: 3 locID: 102704235124294110 bcsId: 0,size=1048576]} | ret=SUCCESS |  
2019-08-30 05:17:39,612 [grpc-default-executor-5] INFO  client.GrpcClientProtocolClient (GrpcClientProtocolClient.java:onNext(255)) - client-574492D41EE7->134d4672-e322-4e4b-b7f3-5645abb0fe8c: receive RaftClientReply:client-574492D41EE7->134d4672-e322-4e4b-b7f3-5645abb0fe8c@group-3CB1DFFBCDC2, cid=1348, SUCCESS, logIndex=1898, commits[134d4672-e322-4e4b-b7f3-5645abb0fe8c:c1900, 73af84f3-3e88-4c8c-894c-3ad307bcac8d:c1897, 730a25a1-dbec-44ed-975b-a44ab0096beb:c1897]
2019-08-30 05:17:39,612 | INFO  | DNAudit | user=null | ip=null | op=WRITE_CHUNK {blockData=conID: 3 locID: 102704235124294110 bcsId: 0} | ret=SUCCESS |  
2019-08-30 05:17:39,612 | INFO  | DNAudit | user=null | ip=null | op=WRITE_CHUNK {blockData=conID: 3 locID: 102704235124294110 bcsId: 0} | ret=SUCCESS |  
2019-08-30 05:17:39,612 [grpc-default-executor-5] INFO  client.GrpcClientProtocolClient (GrpcClientProtocolClient.java:onNext(255)) - client-574492D41EE7->134d4672-e322-4e4b-b7f3-5645abb0fe8c: receive RaftClientReply:client-574492D41EE7->134d4672-e322-4e4b-b7f3-5645abb0fe8c@group-3CB1DFFBCDC2, cid=1349, SUCCESS, logIndex=1899, commits[134d4672-e322-4e4b-b7f3-5645abb0fe8c:c1901, 73af84f3-3e88-4c8c-894c-3ad307bcac8d:c1897, 730a25a1-dbec-44ed-975b-a44ab0096beb:c1897]
2019-08-30 05:17:39,613 | INFO  | DNAudit | user=null | ip=null | op=PUT_BLOCK {blockData=[blockId=conID: 3 locID: 102704235124294110 bcsId: 0,size=2097152]} | ret=SUCCESS |  
2019-08-30 05:17:39,613 [grpc-default-executor-5] INFO  client.GrpcClientProtocolClient (GrpcClientProtocolClient.java:onNext(255)) - client-574492D41EE7->134d4672-e322-4e4b-b7f3-5645abb0fe8c: receive RaftClientReply:client-574492D41EE7->134d4672-e322-4e4b-b7f3-5645abb0fe8c@group-3CB1DFFBCDC2, cid=1350, SUCCESS, logIndex=1900, commits[134d4672-e322-4e4b-b7f3-5645abb0fe8c:c1902, 73af84f3-3e88-4c8c-894c-3ad307bcac8d:c1897, 730a25a1-dbec-44ed-975b-a44ab0096beb:c1898]
2019-08-30 05:17:39,613 | INFO  | DNAudit | user=null | ip=null | op=WRITE_CHUNK {blockData=conID: 3 locID: 102704235124294110 bcsId: 0} | ret=SUCCESS |  
2019-08-30 05:17:39,613 | INFO  | DNAudit | user=null | ip=null | op=PUT_BLOCK {blockData=[blockId=conID: 3 locID: 102704235124294110 bcsId: 0,size=1048576]} | ret=SUCCESS |  
2019-08-30 05:17:39,613 [grpc-default-executor-6] INFO  client.GrpcClientProtocolClient (GrpcClientProtocolClient.java:onNext(255)) - client-574492D41EE7->134d4672-e322-4e4b-b7f3-5645abb0fe8c: receive RaftClientReply:client-574492D41EE7->134d4672-e322-4e4b-b7f3-5645abb0fe8c@group-3CB1DFFBCDC2, cid=1351, SUCCESS, logIndex=1901, commits[134d4672-e322-4e4b-b7f3-5645abb0fe8c:c1902, 73af84f3-3e88-4c8c-894c-3ad307bcac8d:c1897, 730a25a1-dbec-44ed-975b-a44ab0096beb:c1898]
2019-08-30 05:17:39,615 | INFO  | DNAudit | user=null | ip=null | op=PUT_BLOCK {blockData=[blockId=conID: 3 locID: 102704235124294110 bcsId: 0,size=1048576]} | ret=SUCCESS |  
2019-08-30 05:17:39,615 | INFO  | DNAudit | user=null | ip=null | op=WRITE_CHUNK {blockData=conID: 3 locID: 102704235124294110 bcsId: 0} | ret=SUCCESS |  
2019-08-30 05:17:39,616 | INFO  | DNAudit | user=null | ip=null | op=PUT_BLOCK {blockData=[blockId=conID: 3 locID: 102704235124294110 bcsId: 0,size=2097152]} | ret=SUCCESS |  
2019-08-30 05:17:39,616 [grpc-default-executor-6] INFO  client.GrpcClientProtocolClient (GrpcClientProtocolClient.java:onNext(255)) - client-574492D41EE7->134d4672-e322-4e4b-b7f3-5645abb0fe8c: receive RaftClientReply:client-574492D41EE7->134d4672-e322-4e4b-b7f3-5645abb0fe8c@group-3CB1DFFBCDC2, cid=1352, SUCCESS, logIndex=0, commits[134d4672-e322-4e4b-b7f3-5645abb0fe8c:c1903, 73af84f3-3e88-4c8c-894c-3ad307bcac8d:c1899, 730a25a1-dbec-44ed-975b-a44ab0096beb:c1899]
2019-08-30 05:17:39,622 | INFO  | DNAudit | user=null | ip=null | op=WRITE_CHUNK {blockData=conID: 3 locID: 102704235124294110 bcsId: 1901} | ret=SUCCESS |  
2019-08-30 05:17:39,624 | INFO  | DNAudit | user=null | ip=null | op=WRITE_CHUNK {blockData=conID: 3 locID: 102704235124294110 bcsId: 1901} | ret=SUCCESS |  
2019-08-30 05:17:39,625 | INFO  | DNAudit | user=null | ip=null | op=WRITE_CHUNK {blockData=conID: 3 locID: 102704235124294110 bcsId: 1901} | ret=SUCCESS |  
2019-08-30 05:17:39,626 | INFO  | DNAudit | user=null | ip=null | op=WRITE_CHUNK {blockData=conID: 3 locID: 102704235124294110 bcsId: 0} | ret=SUCCESS |  
2019-08-30 05:17:39,626 | INFO  | DNAudit | user=null | ip=null | op=PUT_BLOCK {blockData=[blockId=conID: 3 locID: 102704235124294110 bcsId: 0,size=2097152]} | ret=SUCCESS |  
2019-08-30 05:17:39,628 | INFO  | DNAudit | user=null | ip=null | op=WRITE_CHUNK {blockData=conID: 3 locID: 102704235124294110 bcsId: 1901} | ret=SUCCESS |  
2019-08-30 05:17:39,629 | INFO  | DNAudit | user=null | ip=null | op=PUT_BLOCK {blockData=[blockId=conID: 3 locID: 102704235124294110 bcsId: 0,size=3145728]} | ret=SUCCESS |  
2019-08-30 05:17:39,629 [grpc-default-executor-6] INFO  client.GrpcClientProtocolClient (GrpcClientProtocolClient.java:onNext(255)) - client-574492D41EE7->134d4672-e322-4e4b-b7f3-5645abb0fe8c: receive RaftClientReply:client-574492D41EE7->134d4672-e322-4e4b-b7f3-5645abb0fe8c@group-3CB1DFFBCDC2, cid=1353, SUCCESS, logIndex=1906, commits[134d4672-e322-4e4b-b7f3-5645abb0fe8c:c1907, 73af84f3-3e88-4c8c-894c-3ad307bcac8d:c1901, 730a25a1-dbec-44ed-975b-a44ab0096beb:c1905]
2019-08-30 05:17:39,629 [grpc-default-executor-6] INFO  client.GrpcClientProtocolClient (GrpcClientProtocolClient.java:onNext(255)) - client-574492D41EE7->134d4672-e322-4e4b-b7f3-5645abb0fe8c: receive RaftClientReply:client-574492D41EE7->134d4672-e322-4e4b-b7f3-5645abb0fe8c@group-3CB1DFFBCDC2, cid=1354, SUCCESS, logIndex=1907, commits[134d4672-e322-4e4b-b7f3-5645abb0fe8c:c1907, 73af84f3-3e88-4c8c-894c-3ad307bcac8d:c1901, 730a25a1-dbec-44ed-975b-a44ab0096beb:c1905]
2019-08-30 05:17:39,635 | INFO  | DNAudit | user=null | ip=null | op=WRITE_CHUNK {blockData=conID: 3 locID: 102704235124294110 bcsId: 1907} | ret=SUCCESS |  
2019-08-30 05:17:39,638 | INFO  | DNAudit | user=null | ip=null | op=WRITE_CHUNK {blockData=conID: 3 locID: 102704235124294110 bcsId: 1907} | ret=SUCCESS |  
2019-08-30 05:17:39,638 | INFO  | DNAudit | user=null | ip=null | op=WRITE_CHUNK {blockData=conID: 3 locID: 102704235124294110 bcsId: 1907} | ret=SUCCESS |  
2019-08-30 05:17:39,641 | INFO  | DNAudit | user=null | ip=null | op=WRITE_CHUNK {blockData=conID: 3 locID: 102704235124294110 bcsId: 1901} | ret=SUCCESS |  
2019-08-30 05:17:39,652 | INFO  | DNAudit | user=null | ip=null | op=WRITE_CHUNK {blockData=conID: 3 locID: 102704235124294110 bcsId: 1901} | ret=SUCCESS |  
2019-08-30 05:17:39,653 | INFO  | DNAudit | user=null | ip=null | op=PUT_BLOCK {blockData=[blockId=conID: 3 locID: 102704235124294110 bcsId: 0,size=3145728]} | ret=SUCCESS |  
2019-08-30 05:17:39,653 | INFO  | DNAudit | user=null | ip=null | op=WRITE_CHUNK {blockData=conID: 3 locID: 102704235124294110 bcsId: 1907} | ret=SUCCESS |  
2019-08-30 05:17:39,653 | INFO  | DNAudit | user=null | ip=null | op=PUT_BLOCK {blockData=[blockId=conID: 3 locID: 102704235124294110 bcsId: 0,size=3145728]} | ret=SUCCESS |  
2019-08-30 05:17:39,653 | INFO  | DNAudit | user=null | ip=null | op=PUT_BLOCK {blockData=[blockId=conID: 3 locID: 102704235124294110 bcsId: 0,size=4194304]} | ret=SUCCESS |  
2019-08-30 05:17:39,653 [grpc-default-executor-6] INFO  client.GrpcClientProtocolClient (GrpcClientProtocolClient.java:onNext(255)) - client-574492D41EE7->134d4672-e322-4e4b-b7f3-5645abb0fe8c: receive RaftClientReply:client-574492D41EE7->134d4672-e322-4e4b-b7f3-5645abb0fe8c@group-3CB1DFFBCDC2, cid=1355, SUCCESS, logIndex=1910, commits[134d4672-e322-4e4b-b7f3-5645abb0fe8c:c1911, 73af84f3-3e88-4c8c-894c-3ad307bcac8d:c1907, 730a25a1-dbec-44ed-975b-a44ab0096beb:c1907]
2019-08-30 05:17:39,653 [grpc-default-executor-6] INFO  client.GrpcClientProtocolClient (GrpcClientProtocolClient.java:onNext(255)) - client-574492D41EE7->134d4672-e322-4e4b-b7f3-5645abb0fe8c: receive RaftClientReply:client-574492D41EE7->134d4672-e322-4e4b-b7f3-5645abb0fe8c@group-3CB1DFFBCDC2, cid=1356, SUCCESS, logIndex=1911, commits[134d4672-e322-4e4b-b7f3-5645abb0fe8c:c1911, 73af84f3-3e88-4c8c-894c-3ad307bcac8d:c1907, 730a25a1-dbec-44ed-975b-a44ab0096beb:c1907]
2019-08-30 05:17:39,654 | INFO  | DNAudit | user=null | ip=null | op=WRITE_CHUNK {blockData=conID: 3 locID: 102704235124294110 bcsId: 1907} | ret=SUCCESS |  
2019-08-30 05:17:39,654 | INFO  | DNAudit | user=null | ip=null | op=WRITE_CHUNK {blockData=conID: 3 locID: 102704235124294110 bcsId: 1907} | ret=SUCCESS |  
2019-08-30 05:17:39,654 | INFO  | DNAudit | user=null | ip=null | op=PUT_BLOCK {blockData=[blockId=conID: 3 locID: 102704235124294110 bcsId: 0,size=4194304]} | ret=SUCCESS |  
2019-08-30 05:17:39,654 | INFO  | DNAudit | user=null | ip=null | op=PUT_BLOCK {blockData=[blockId=conID: 3 locID: 102704235124294110 bcsId: 0,size=4194304]} | ret=SUCCESS |  
2019-08-30 05:17:39,654 [grpc-default-executor-6] INFO  client.GrpcClientProtocolClient (GrpcClientProtocolClient.java:onNext(255)) - client-574492D41EE7->134d4672-e322-4e4b-b7f3-5645abb0fe8c: receive RaftClientReply:client-574492D41EE7->134d4672-e322-4e4b-b7f3-5645abb0fe8c@group-3CB1DFFBCDC2, cid=1357, SUCCESS, logIndex=0, commits[134d4672-e322-4e4b-b7f3-5645abb0fe8c:c1912, 73af84f3-3e88-4c8c-894c-3ad307bcac8d:c1911, 730a25a1-dbec-44ed-975b-a44ab0096beb:c1911]
2019-08-30 05:17:39,658 | INFO  | SCMAudit | user=jenkins1000 | ip=192.168.36.106 | op=ALLOCATE_BLOCK {owner=85755eb5-052d-48fa-b271-2fe4d8754e12, size=4194304, type=RATIS, factor=THREE} | ret=SUCCESS |  
2019-08-30 05:17:39,660 | INFO  | OMAudit | user=jenkins1000 | ip=127.0.0.1 | op=ALLOCATE_BLOCK {volume=vol-0-00977, bucket=bucket-0-44205, key=key-0-32850, dataSize=0, replicationType=null, replicationFactor=null, keyLocationInfo=null, clientID=102704234570776978} | ret=SUCCESS |  
2019-08-30 05:17:39,666 | INFO  | DNAudit | user=null | ip=null | op=WRITE_CHUNK {blockData=conID: 1 locID: 102704235128947167 bcsId: 0} | ret=SUCCESS |  
2019-08-30 05:17:39,669 | INFO  | DNAudit | user=null | ip=null | op=WRITE_CHUNK {blockData=conID: 1 locID: 102704235128947167 bcsId: 0} | ret=SUCCESS |  
2019-08-30 05:17:39,669 | INFO  | DNAudit | user=null | ip=null | op=WRITE_CHUNK {blockData=conID: 1 locID: 102704235128947167 bcsId: 0} | ret=SUCCESS |  
2019-08-30 05:17:39,669 | INFO  | DNAudit | user=null | ip=null | op=WRITE_CHUNK {blockData=conID: 1 locID: 102704235128947167 bcsId: 0} | ret=SUCCESS |  
2019-08-30 05:17:39,672 | INFO  | DNAudit | user=null | ip=null | op=WRITE_CHUNK {blockData=conID: 1 locID: 102704235128947167 bcsId: 0} | ret=SUCCESS |  
2019-08-30 05:17:39,672 | INFO  | DNAudit | user=null | ip=null | op=WRITE_CHUNK {blockData=conID: 1 locID: 102704235128947167 bcsId: 0} | ret=SUCCESS |  
2019-08-30 05:17:39,676 | INFO  | DNAudit | user=null | ip=null | op=WRITE_CHUNK {blockData=conID: 1 locID: 102704235128947167 bcsId: 0} | ret=SUCCESS |  
2019-08-30 05:17:39,677 | INFO  | DNAudit | user=null | ip=null | op=PUT_BLOCK {blockData=[blockId=conID: 1 locID: 102704235128947167 bcsId: 0,size=1048576]} | ret=SUCCESS |  
2019-08-30 05:17:39,677 [grpc-default-executor-1] INFO  client.GrpcClientProtocolClient (GrpcClientProtocolClient.java:onNext(255)) - client-574492D41EE7->134d4672-e322-4e4b-b7f3-5645abb0fe8c: receive RaftClientReply:client-574492D41EE7->134d4672-e322-4e4b-b7f3-5645abb0fe8c@group-3CB1DFFBCDC2, cid=1358, SUCCESS, logIndex=1914, commits[134d4672-e322-4e4b-b7f3-5645abb0fe8c:c1915, 73af84f3-3e88-4c8c-894c-3ad307bcac8d:c1913, 730a25a1-dbec-44ed-975b-a44ab0096beb:c1913]
2019-08-30 05:17:39,677 [grpc-default-executor-1] INFO  client.GrpcClientProtocolClient (GrpcClientProtocolClient.java:onNext(255)) - client-574492D41EE7->134d4672-e322-4e4b-b7f3-5645abb0fe8c: receive RaftClientReply:client-574492D41EE7->134d4672-e322-4e4b-b7f3-5645abb0fe8c@group-3CB1DFFBCDC2, cid=1359, SUCCESS, logIndex=1915, commits[134d4672-e322-4e4b-b7f3-5645abb0fe8c:c1915, 73af84f3-3e88-4c8c-894c-3ad307bcac8d:c1913, 730a25a1-dbec-44ed-975b-a44ab0096beb:c1913]
2019-08-30 05:17:39,679 | INFO  | DNAudit | user=null | ip=null | op=WRITE_CHUNK {blockData=conID: 1 locID: 102704235128947167 bcsId: 0} | ret=SUCCESS |  
2019-08-30 05:17:39,679 | INFO  | DNAudit | user=null | ip=null | op=PUT_BLOCK {blockData=[blockId=conID: 1 locID: 102704235128947167 bcsId: 0,size=2097152]} | ret=SUCCESS |  
2019-08-30 05:17:39,679 [grpc-default-executor-6] INFO  client.GrpcClientProtocolClient (GrpcClientProtocolClient.java:onNext(255)) - client-574492D41EE7->134d4672-e322-4e4b-b7f3-5645abb0fe8c: receive RaftClientReply:client-574492D41EE7->134d4672-e322-4e4b-b7f3-5645abb0fe8c@group-3CB1DFFBCDC2, cid=1360, SUCCESS, logIndex=1916, commits[134d4672-e322-4e4b-b7f3-5645abb0fe8c:c1917, 73af84f3-3e88-4c8c-894c-3ad307bcac8d:c1913, 730a25a1-dbec-44ed-975b-a44ab0096beb:c1913]
2019-08-30 05:17:39,680 [grpc-default-executor-6] INFO  client.GrpcClientProtocolClient (GrpcClientProtocolClient.java:onNext(255)) - client-574492D41EE7->134d4672-e322-4e4b-b7f3-5645abb0fe8c: receive RaftClientReply:client-574492D41EE7->134d4672-e322-4e4b-b7f3-5645abb0fe8c@group-3CB1DFFBCDC2, cid=1361, SUCCESS, logIndex=1917, commits[134d4672-e322-4e4b-b7f3-5645abb0fe8c:c1917, 73af84f3-3e88-4c8c-894c-3ad307bcac8d:c1913, 730a25a1-dbec-44ed-975b-a44ab0096beb:c1913]
2019-08-30 05:17:39,692 | INFO  | DNAudit | user=null | ip=null | op=WRITE_CHUNK {blockData=conID: 1 locID: 102704235128947167 bcsId: 0} | ret=SUCCESS |  
2019-08-30 05:17:39,692 | INFO  | DNAudit | user=null | ip=null | op=WRITE_CHUNK {blockData=conID: 1 locID: 102704235128947167 bcsId: 0} | ret=SUCCESS |  
2019-08-30 05:17:39,693 | INFO  | DNAudit | user=null | ip=null | op=PUT_BLOCK {blockData=[blockId=conID: 1 locID: 102704235128947167 bcsId: 0,size=1048576]} | ret=SUCCESS |  
2019-08-30 05:17:39,693 | INFO  | DNAudit | user=null | ip=null | op=PUT_BLOCK {blockData=[blockId=conID: 1 locID: 102704235128947167 bcsId: 0,size=1048576]} | ret=SUCCESS |  
2019-08-30 05:17:39,693 [grpc-default-executor-1] INFO  client.GrpcClientProtocolClient (GrpcClientProtocolClient.java:onNext(255)) - client-574492D41EE7->134d4672-e322-4e4b-b7f3-5645abb0fe8c: receive RaftClientReply:client-574492D41EE7->134d4672-e322-4e4b-b7f3-5645abb0fe8c@group-3CB1DFFBCDC2, cid=1362, SUCCESS, logIndex=0, commits[134d4672-e322-4e4b-b7f3-5645abb0fe8c:c1919, 73af84f3-3e88-4c8c-894c-3ad307bcac8d:c1915, 730a25a1-dbec-44ed-975b-a44ab0096beb:c1915]
2019-08-30 05:17:39,699 | INFO  | DNAudit | user=null | ip=null | op=WRITE_CHUNK {blockData=conID: 1 locID: 102704235128947167 bcsId: 1917} | ret=SUCCESS |  
2019-08-30 05:17:39,701 | INFO  | DNAudit | user=null | ip=null | op=WRITE_CHUNK {blockData=conID: 1 locID: 102704235128947167 bcsId: 1917} | ret=SUCCESS |  
2019-08-30 05:17:39,702 | INFO  | DNAudit | user=null | ip=null | op=WRITE_CHUNK {blockData=conID: 1 locID: 102704235128947167 bcsId: 1917} | ret=SUCCESS |  
2019-08-30 05:17:39,703 | INFO  | DNAudit | user=null | ip=null | op=WRITE_CHUNK {blockData=conID: 1 locID: 102704235128947167 bcsId: 0} | ret=SUCCESS |  
2019-08-30 05:17:39,703 | INFO  | DNAudit | user=null | ip=null | op=WRITE_CHUNK {blockData=conID: 1 locID: 102704235128947167 bcsId: 0} | ret=SUCCESS |  
2019-08-30 05:17:39,704 | INFO  | DNAudit | user=null | ip=null | op=PUT_BLOCK {blockData=[blockId=conID: 1 locID: 102704235128947167 bcsId: 0,size=2097152]} | ret=SUCCESS |  
2019-08-30 05:17:39,704 | INFO  | DNAudit | user=null | ip=null | op=PUT_BLOCK {blockData=[blockId=conID: 1 locID: 102704235128947167 bcsId: 0,size=2097152]} | ret=SUCCESS |  
2019-08-30 05:17:39,707 | INFO  | DNAudit | user=null | ip=null | op=WRITE_CHUNK {blockData=conID: 1 locID: 102704235128947167 bcsId: 1917} | ret=SUCCESS |  
2019-08-30 05:17:39,707 | INFO  | DNAudit | user=null | ip=null | op=PUT_BLOCK {blockData=[blockId=conID: 1 locID: 102704235128947167 bcsId: 0,size=3145728]} | ret=SUCCESS |  
2019-08-30 05:17:39,707 [grpc-default-executor-1] INFO  client.GrpcClientProtocolClient (GrpcClientProtocolClient.java:onNext(255)) - client-574492D41EE7->134d4672-e322-4e4b-b7f3-5645abb0fe8c: receive RaftClientReply:client-574492D41EE7->134d4672-e322-4e4b-b7f3-5645abb0fe8c@group-3CB1DFFBCDC2, cid=1363, SUCCESS, logIndex=1921, commits[134d4672-e322-4e4b-b7f3-5645abb0fe8c:c1922, 73af84f3-3e88-4c8c-894c-3ad307bcac8d:c1919, 730a25a1-dbec-44ed-975b-a44ab0096beb:c1919]
2019-08-30 05:17:39,708 [grpc-default-executor-1] INFO  client.GrpcClientProtocolClient (GrpcClientProtocolClient.java:onNext(255)) - client-574492D41EE7->134d4672-e322-4e4b-b7f3-5645abb0fe8c: receive RaftClientReply:client-574492D41EE7->134d4672-e322-4e4b-b7f3-5645abb0fe8c@group-3CB1DFFBCDC2, cid=1364, SUCCESS, logIndex=1922, commits[134d4672-e322-4e4b-b7f3-5645abb0fe8c:c1922, 73af84f3-3e88-4c8c-894c-3ad307bcac8d:c1919, 730a25a1-dbec-44ed-975b-a44ab0096beb:c1919]
2019-08-30 05:17:39,713 | INFO  | DNAudit | user=null | ip=null | op=WRITE_CHUNK {blockData=conID: 1 locID: 102704235128947167 bcsId: 1922} | ret=SUCCESS |  
2019-08-30 05:17:39,715 | INFO  | DNAudit | user=null | ip=null | op=WRITE_CHUNK {blockData=conID: 1 locID: 102704235128947167 bcsId: 1922} | ret=SUCCESS |  
2019-08-30 05:17:39,716 | INFO  | DNAudit | user=null | ip=null | op=WRITE_CHUNK {blockData=conID: 1 locID: 102704235128947167 bcsId: 1922} | ret=SUCCESS |  
2019-08-30 05:17:39,719 | INFO  | DNAudit | user=null | ip=null | op=WRITE_CHUNK {blockData=conID: 1 locID: 102704235128947167 bcsId: 1917} | ret=SUCCESS |  
2019-08-30 05:17:39,719 | INFO  | DNAudit | user=null | ip=null | op=WRITE_CHUNK {blockData=conID: 1 locID: 102704235128947167 bcsId: 1917} | ret=SUCCESS |  
2019-08-30 05:17:39,723 | INFO  | DNAudit | user=null | ip=null | op=PUT_BLOCK {blockData=[blockId=conID: 1 locID: 102704235128947167 bcsId: 0,size=3145728]} | ret=SUCCESS |  
2019-08-30 05:17:39,723 | INFO  | DNAudit | user=null | ip=null | op=PUT_BLOCK {blockData=[blockId=conID: 1 locID: 102704235128947167 bcsId: 0,size=3145728]} | ret=SUCCESS |  
2019-08-30 05:17:39,723 | INFO  | DNAudit | user=null | ip=null | op=WRITE_CHUNK {blockData=conID: 1 locID: 102704235128947167 bcsId: 1922} | ret=SUCCESS |  
2019-08-30 05:17:39,723 | INFO  | DNAudit | user=null | ip=null | op=PUT_BLOCK {blockData=[blockId=conID: 1 locID: 102704235128947167 bcsId: 0,size=4194304]} | ret=SUCCESS |  
2019-08-30 05:17:39,723 [grpc-default-executor-1] INFO  client.GrpcClientProtocolClient (GrpcClientProtocolClient.java:onNext(255)) - client-574492D41EE7->134d4672-e322-4e4b-b7f3-5645abb0fe8c: receive RaftClientReply:client-574492D41EE7->134d4672-e322-4e4b-b7f3-5645abb0fe8c@group-3CB1DFFBCDC2, cid=1365, SUCCESS, logIndex=1925, commits[134d4672-e322-4e4b-b7f3-5645abb0fe8c:c1926, 73af84f3-3e88-4c8c-894c-3ad307bcac8d:c1922, 730a25a1-dbec-44ed-975b-a44ab0096beb:c1922]
2019-08-30 05:17:39,724 [grpc-default-executor-1] INFO  client.GrpcClientProtocolClient (GrpcClientProtocolClient.java:onNext(255)) - client-574492D41EE7->134d4672-e322-4e4b-b7f3-5645abb0fe8c: receive RaftClientReply:client-574492D41EE7->134d4672-e322-4e4b-b7f3-5645abb0fe8c@group-3CB1DFFBCDC2, cid=1366, SUCCESS, logIndex=1926, commits[134d4672-e322-4e4b-b7f3-5645abb0fe8c:c1926, 73af84f3-3e88-4c8c-894c-3ad307bcac8d:c1922, 730a25a1-dbec-44ed-975b-a44ab0096beb:c1922]
2019-08-30 05:17:39,735 | INFO  | DNAudit | user=null | ip=null | op=WRITE_CHUNK {blockData=conID: 1 locID: 102704235128947167 bcsId: 1922} | ret=SUCCESS |  
2019-08-30 05:17:39,735 | INFO  | DNAudit | user=null | ip=null | op=WRITE_CHUNK {blockData=conID: 1 locID: 102704235128947167 bcsId: 1922} | ret=SUCCESS |  
2019-08-30 05:17:39,737 | INFO  | DNAudit | user=null | ip=null | op=PUT_BLOCK {blockData=[blockId=conID: 1 locID: 102704235128947167 bcsId: 0,size=4194304]} | ret=SUCCESS |  
2019-08-30 05:17:39,737 | INFO  | DNAudit | user=null | ip=null | op=PUT_BLOCK {blockData=[blockId=conID: 1 locID: 102704235128947167 bcsId: 0,size=4194304]} | ret=SUCCESS |  
2019-08-30 05:17:39,738 [grpc-default-executor-6] INFO  client.GrpcClientProtocolClient (GrpcClientProtocolClient.java:onNext(255)) - client-574492D41EE7->134d4672-e322-4e4b-b7f3-5645abb0fe8c: receive RaftClientReply:client-574492D41EE7->134d4672-e322-4e4b-b7f3-5645abb0fe8c@group-3CB1DFFBCDC2, cid=1367, SUCCESS, logIndex=0, commits[134d4672-e322-4e4b-b7f3-5645abb0fe8c:c1927, 73af84f3-3e88-4c8c-894c-3ad307bcac8d:c1926, 730a25a1-dbec-44ed-975b-a44ab0096beb:c1926]
2019-08-30 05:17:39,743 | INFO  | SCMAudit | user=jenkins1000 | ip=192.168.36.106 | op=ALLOCATE_BLOCK {owner=85755eb5-052d-48fa-b271-2fe4d8754e12, size=4194304, type=RATIS, factor=THREE} | ret=SUCCESS |  
2019-08-30 05:17:39,747 | INFO  | OMAudit | user=jenkins1000 | ip=127.0.0.1 | op=ALLOCATE_BLOCK {volume=vol-0-00977, bucket=bucket-0-44205, key=key-0-32850, dataSize=0, replicationType=null, replicationFactor=null, keyLocationInfo=null, clientID=102704234570776978} | ret=SUCCESS |  
2019-08-30 05:17:39,752 | INFO  | DNAudit | user=null | ip=null | op=WRITE_CHUNK {blockData=conID: 2 locID: 102704235134517728 bcsId: 0} | ret=SUCCESS |  
2019-08-30 05:17:39,754 | INFO  | DNAudit | user=null | ip=null | op=WRITE_CHUNK {blockData=conID: 2 locID: 102704235134517728 bcsId: 0} | ret=SUCCESS |  
2019-08-30 05:17:39,755 | INFO  | DNAudit | user=null | ip=null | op=WRITE_CHUNK {blockData=conID: 2 locID: 102704235134517728 bcsId: 0} | ret=SUCCESS |  
2019-08-30 05:17:39,756 | INFO  | DNAudit | user=null | ip=null | op=WRITE_CHUNK {blockData=conID: 2 locID: 102704235134517728 bcsId: 0} | ret=SUCCESS |  
2019-08-30 05:17:39,757 | INFO  | DNAudit | user=null | ip=null | op=WRITE_CHUNK {blockData=conID: 2 locID: 102704235134517728 bcsId: 0} | ret=SUCCESS |  
2019-08-30 05:17:39,757 | INFO  | DNAudit | user=null | ip=null | op=WRITE_CHUNK {blockData=conID: 2 locID: 102704235134517728 bcsId: 0} | ret=SUCCESS |  
2019-08-30 05:17:39,766 | INFO  | DNAudit | user=null | ip=null | op=WRITE_CHUNK {blockData=conID: 2 locID: 102704235134517728 bcsId: 0} | ret=SUCCESS |  
2019-08-30 05:17:39,767 | INFO  | DNAudit | user=null | ip=null | op=PUT_BLOCK {blockData=[blockId=conID: 2 locID: 102704235134517728 bcsId: 0,size=1048576]} | ret=SUCCESS |  
2019-08-30 05:17:39,767 [grpc-default-executor-1] INFO  client.GrpcClientProtocolClient (GrpcClientProtocolClient.java:onNext(255)) - client-574492D41EE7->134d4672-e322-4e4b-b7f3-5645abb0fe8c: receive RaftClientReply:client-574492D41EE7->134d4672-e322-4e4b-b7f3-5645abb0fe8c@group-3CB1DFFBCDC2, cid=1368, SUCCESS, logIndex=1929, commits[134d4672-e322-4e4b-b7f3-5645abb0fe8c:c1930, 73af84f3-3e88-4c8c-894c-3ad307bcac8d:c1928, 730a25a1-dbec-44ed-975b-a44ab0096beb:c1928]
2019-08-30 05:17:39,767 [grpc-default-executor-1] INFO  client.GrpcClientProtocolClient (GrpcClientProtocolClient.java:onNext(255)) - client-574492D41EE7->134d4672-e322-4e4b-b7f3-5645abb0fe8c: receive RaftClientReply:client-574492D41EE7->134d4672-e322-4e4b-b7f3-5645abb0fe8c@group-3CB1DFFBCDC2, cid=1369, SUCCESS, logIndex=1930, commits[134d4672-e322-4e4b-b7f3-5645abb0fe8c:c1930, 73af84f3-3e88-4c8c-894c-3ad307bcac8d:c1928, 730a25a1-dbec-44ed-975b-a44ab0096beb:c1928]
2019-08-30 05:17:39,777 | INFO  | DNAudit | user=null | ip=null | op=WRITE_CHUNK {blockData=conID: 2 locID: 102704235134517728 bcsId: 0} | ret=SUCCESS |  
2019-08-30 05:17:39,777 | INFO  | DNAudit | user=null | ip=null | op=PUT_BLOCK {blockData=[blockId=conID: 2 locID: 102704235134517728 bcsId: 0,size=2097152]} | ret=SUCCESS |  
2019-08-30 05:17:39,777 [grpc-default-executor-1] INFO  client.GrpcClientProtocolClient (GrpcClientProtocolClient.java:onNext(255)) - client-574492D41EE7->134d4672-e322-4e4b-b7f3-5645abb0fe8c: receive RaftClientReply:client-574492D41EE7->134d4672-e322-4e4b-b7f3-5645abb0fe8c@group-3CB1DFFBCDC2, cid=1370, SUCCESS, logIndex=1931, commits[134d4672-e322-4e4b-b7f3-5645abb0fe8c:c1932, 73af84f3-3e88-4c8c-894c-3ad307bcac8d:c1928, 730a25a1-dbec-44ed-975b-a44ab0096beb:c1928]
2019-08-30 05:17:39,777 | INFO  | DNAudit | user=null | ip=null | op=WRITE_CHUNK {blockData=conID: 2 locID: 102704235134517728 bcsId: 0} | ret=SUCCESS |  
2019-08-30 05:17:39,778 [grpc-default-executor-1] INFO  client.GrpcClientProtocolClient (GrpcClientProtocolClient.java:onNext(255)) - client-574492D41EE7->134d4672-e322-4e4b-b7f3-5645abb0fe8c: receive RaftClientReply:client-574492D41EE7->134d4672-e322-4e4b-b7f3-5645abb0fe8c@group-3CB1DFFBCDC2, cid=1371, SUCCESS, logIndex=1932, commits[134d4672-e322-4e4b-b7f3-5645abb0fe8c:c1932, 73af84f3-3e88-4c8c-894c-3ad307bcac8d:c1928, 730a25a1-dbec-44ed-975b-a44ab0096beb:c1928]
2019-08-30 05:17:39,778 | INFO  | DNAudit | user=null | ip=null | op=PUT_BLOCK {blockData=[blockId=conID: 2 locID: 102704235134517728 bcsId: 0,size=1048576]} | ret=SUCCESS |  
2019-08-30 05:17:39,778 | INFO  | DNAudit | user=null | ip=null | op=WRITE_CHUNK {blockData=conID: 2 locID: 102704235134517728 bcsId: 0} | ret=SUCCESS |  
2019-08-30 05:17:39,778 | INFO  | DNAudit | user=null | ip=null | op=PUT_BLOCK {blockData=[blockId=conID: 2 locID: 102704235134517728 bcsId: 0,size=1048576]} | ret=SUCCESS |  
2019-08-30 05:17:39,779 [grpc-default-executor-1] INFO  client.GrpcClientProtocolClient (GrpcClientProtocolClient.java:onNext(255)) - client-574492D41EE7->134d4672-e322-4e4b-b7f3-5645abb0fe8c: receive RaftClientReply:client-574492D41EE7->134d4672-e322-4e4b-b7f3-5645abb0fe8c@group-3CB1DFFBCDC2, cid=1372, SUCCESS, logIndex=0, commits[134d4672-e322-4e4b-b7f3-5645abb0fe8c:c1933, 73af84f3-3e88-4c8c-894c-3ad307bcac8d:c1930, 730a25a1-dbec-44ed-975b-a44ab0096beb:c1930]
2019-08-30 05:17:39,785 | INFO  | DNAudit | user=null | ip=null | op=WRITE_CHUNK {blockData=conID: 2 locID: 102704235134517728 bcsId: 1932} | ret=SUCCESS |  
2019-08-30 05:17:39,788 | INFO  | DNAudit | user=null | ip=null | op=WRITE_CHUNK {blockData=conID: 2 locID: 102704235134517728 bcsId: 1932} | ret=SUCCESS |  
2019-08-30 05:17:39,788 | INFO  | DNAudit | user=null | ip=null | op=WRITE_CHUNK {blockData=conID: 2 locID: 102704235134517728 bcsId: 1932} | ret=SUCCESS |  
2019-08-30 05:17:39,796 | INFO  | DNAudit | user=null | ip=null | op=WRITE_CHUNK {blockData=conID: 2 locID: 102704235134517728 bcsId: 0} | ret=SUCCESS |  
2019-08-30 05:17:39,796 | INFO  | DNAudit | user=null | ip=null | op=WRITE_CHUNK {blockData=conID: 2 locID: 102704235134517728 bcsId: 0} | ret=SUCCESS |  
2019-08-30 05:17:39,797 | INFO  | DNAudit | user=null | ip=null | op=PUT_BLOCK {blockData=[blockId=conID: 2 locID: 102704235134517728 bcsId: 0,size=2097152]} | ret=SUCCESS |  
2019-08-30 05:17:39,797 | INFO  | DNAudit | user=null | ip=null | op=WRITE_CHUNK {blockData=conID: 2 locID: 102704235134517728 bcsId: 1932} | ret=SUCCESS |  
2019-08-30 05:17:39,797 | INFO  | DNAudit | user=null | ip=null | op=PUT_BLOCK {blockData=[blockId=conID: 2 locID: 102704235134517728 bcsId: 0,size=2097152]} | ret=SUCCESS |  
2019-08-30 05:17:39,797 | INFO  | DNAudit | user=null | ip=null | op=PUT_BLOCK {blockData=[blockId=conID: 2 locID: 102704235134517728 bcsId: 0,size=3145728]} | ret=SUCCESS |  
2019-08-30 05:17:39,797 [grpc-default-executor-5] INFO  client.GrpcClientProtocolClient (GrpcClientProtocolClient.java:onNext(255)) - client-574492D41EE7->134d4672-e322-4e4b-b7f3-5645abb0fe8c: receive RaftClientReply:client-574492D41EE7->134d4672-e322-4e4b-b7f3-5645abb0fe8c@group-3CB1DFFBCDC2, cid=1373, SUCCESS, logIndex=1937, commits[134d4672-e322-4e4b-b7f3-5645abb0fe8c:c1938, 73af84f3-3e88-4c8c-894c-3ad307bcac8d:c1936, 730a25a1-dbec-44ed-975b-a44ab0096beb:c1936]
2019-08-30 05:17:39,797 [grpc-default-executor-5] INFO  client.GrpcClientProtocolClient (GrpcClientProtocolClient.java:onNext(255)) - client-574492D41EE7->134d4672-e322-4e4b-b7f3-5645abb0fe8c: receive RaftClientReply:client-574492D41EE7->134d4672-e322-4e4b-b7f3-5645abb0fe8c@group-3CB1DFFBCDC2, cid=1374, SUCCESS, logIndex=1938, commits[134d4672-e322-4e4b-b7f3-5645abb0fe8c:c1938, 73af84f3-3e88-4c8c-894c-3ad307bcac8d:c1936, 730a25a1-dbec-44ed-975b-a44ab0096beb:c1936]
2019-08-30 05:17:39,804 | INFO  | DNAudit | user=null | ip=null | op=WRITE_CHUNK {blockData=conID: 2 locID: 102704235134517728 bcsId: 1938} | ret=SUCCESS |  
2019-08-30 05:17:39,806 | INFO  | DNAudit | user=null | ip=null | op=WRITE_CHUNK {blockData=conID: 2 locID: 102704235134517728 bcsId: 1938} | ret=SUCCESS |  
2019-08-30 05:17:39,806 | INFO  | DNAudit | user=null | ip=null | op=WRITE_CHUNK {blockData=conID: 2 locID: 102704235134517728 bcsId: 1938} | ret=SUCCESS |  
2019-08-30 05:17:39,810 | INFO  | DNAudit | user=null | ip=null | op=WRITE_CHUNK {blockData=conID: 2 locID: 102704235134517728 bcsId: 1932} | ret=SUCCESS |  
2019-08-30 05:17:39,810 | INFO  | DNAudit | user=null | ip=null | op=WRITE_CHUNK {blockData=conID: 2 locID: 102704235134517728 bcsId: 1932} | ret=SUCCESS |  
2019-08-30 05:17:39,810 | INFO  | DNAudit | user=null | ip=null | op=PUT_BLOCK {blockData=[blockId=conID: 2 locID: 102704235134517728 bcsId: 0,size=3145728]} | ret=SUCCESS |  
2019-08-30 05:17:39,810 | INFO  | DNAudit | user=null | ip=null | op=PUT_BLOCK {blockData=[blockId=conID: 2 locID: 102704235134517728 bcsId: 0,size=3145728]} | ret=SUCCESS |  
2019-08-30 05:17:39,822 | INFO  | DNAudit | user=null | ip=null | op=WRITE_CHUNK {blockData=conID: 2 locID: 102704235134517728 bcsId: 1938} | ret=SUCCESS |  
2019-08-30 05:17:39,822 | INFO  | DNAudit | user=null | ip=null | op=PUT_BLOCK {blockData=[blockId=conID: 2 locID: 102704235134517728 bcsId: 0,size=4194304]} | ret=SUCCESS |  
2019-08-30 05:17:39,823 [grpc-default-executor-5] INFO  client.GrpcClientProtocolClient (GrpcClientProtocolClient.java:onNext(255)) - client-574492D41EE7->134d4672-e322-4e4b-b7f3-5645abb0fe8c: receive RaftClientReply:client-574492D41EE7->134d4672-e322-4e4b-b7f3-5645abb0fe8c@group-3CB1DFFBCDC2, cid=1375, SUCCESS, logIndex=1941, commits[134d4672-e322-4e4b-b7f3-5645abb0fe8c:c1942, 73af84f3-3e88-4c8c-894c-3ad307bcac8d:c1938, 730a25a1-dbec-44ed-975b-a44ab0096beb:c1938]
2019-08-30 05:17:39,823 [grpc-default-executor-5] INFO  client.GrpcClientProtocolClient (GrpcClientProtocolClient.java:onNext(255)) - client-574492D41EE7->134d4672-e322-4e4b-b7f3-5645abb0fe8c: receive RaftClientReply:client-574492D41EE7->134d4672-e322-4e4b-b7f3-5645abb0fe8c@group-3CB1DFFBCDC2, cid=1376, SUCCESS, logIndex=1942, commits[134d4672-e322-4e4b-b7f3-5645abb0fe8c:c1942, 73af84f3-3e88-4c8c-894c-3ad307bcac8d:c1938, 730a25a1-dbec-44ed-975b-a44ab0096beb:c1938]
2019-08-30 05:17:39,833 | INFO  | DNAudit | user=null | ip=null | op=WRITE_CHUNK {blockData=conID: 2 locID: 102704235134517728 bcsId: 1938} | ret=SUCCESS |  
2019-08-30 05:17:39,834 | INFO  | DNAudit | user=null | ip=null | op=WRITE_CHUNK {blockData=conID: 2 locID: 102704235134517728 bcsId: 1938} | ret=SUCCESS |  
2019-08-30 05:17:39,836 | INFO  | DNAudit | user=null | ip=null | op=PUT_BLOCK {blockData=[blockId=conID: 2 locID: 102704235134517728 bcsId: 0,size=4194304]} | ret=SUCCESS |  
2019-08-30 05:17:39,836 | INFO  | DNAudit | user=null | ip=null | op=PUT_BLOCK {blockData=[blockId=conID: 2 locID: 102704235134517728 bcsId: 0,size=4194304]} | ret=SUCCESS |  
2019-08-30 05:17:39,837 [grpc-default-executor-5] INFO  client.GrpcClientProtocolClient (GrpcClientProtocolClient.java:onNext(255)) - client-574492D41EE7->134d4672-e322-4e4b-b7f3-5645abb0fe8c: receive RaftClientReply:client-574492D41EE7->134d4672-e322-4e4b-b7f3-5645abb0fe8c@group-3CB1DFFBCDC2, cid=1377, SUCCESS, logIndex=0, commits[134d4672-e322-4e4b-b7f3-5645abb0fe8c:c1944, 73af84f3-3e88-4c8c-894c-3ad307bcac8d:c1942, 730a25a1-dbec-44ed-975b-a44ab0096beb:c1942]
2019-08-30 05:17:39,842 | INFO  | SCMAudit | user=jenkins1000 | ip=192.168.36.106 | op=ALLOCATE_BLOCK {owner=85755eb5-052d-48fa-b271-2fe4d8754e12, size=4194304, type=RATIS, factor=THREE} | ret=SUCCESS |  
2019-08-30 05:17:39,844 | INFO  | OMAudit | user=jenkins1000 | ip=127.0.0.1 | op=ALLOCATE_BLOCK {volume=vol-0-00977, bucket=bucket-0-44205, key=key-0-32850, dataSize=0, replicationType=null, replicationFactor=null, keyLocationInfo=null, clientID=102704234570776978} | ret=SUCCESS |  
2019-08-30 05:17:39,852 | INFO  | DNAudit | user=null | ip=null | op=WRITE_CHUNK {blockData=conID: 3 locID: 102704235141005793 bcsId: 0} | ret=SUCCESS |  
2019-08-30 05:17:39,853 | INFO  | DNAudit | user=null | ip=null | op=WRITE_CHUNK {blockData=conID: 3 locID: 102704235141005793 bcsId: 0} | ret=SUCCESS |  
2019-08-30 05:17:39,854 | INFO  | DNAudit | user=null | ip=null | op=WRITE_CHUNK {blockData=conID: 3 locID: 102704235141005793 bcsId: 0} | ret=SUCCESS |  
2019-08-30 05:17:39,855 | INFO  | DNAudit | user=null | ip=null | op=WRITE_CHUNK {blockData=conID: 3 locID: 102704235141005793 bcsId: 0} | ret=SUCCESS |  
2019-08-30 05:17:39,855 | INFO  | DNAudit | user=null | ip=null | op=WRITE_CHUNK {blockData=conID: 3 locID: 102704235141005793 bcsId: 0} | ret=SUCCESS |  
2019-08-30 05:17:39,862 | INFO  | DNAudit | user=null | ip=null | op=WRITE_CHUNK {blockData=conID: 3 locID: 102704235141005793 bcsId: 0} | ret=SUCCESS |  
2019-08-30 05:17:39,864 | INFO  | DNAudit | user=null | ip=null | op=WRITE_CHUNK {blockData=conID: 3 locID: 102704235141005793 bcsId: 0} | ret=SUCCESS |  
2019-08-30 05:17:39,865 | INFO  | DNAudit | user=null | ip=null | op=PUT_BLOCK {blockData=[blockId=conID: 3 locID: 102704235141005793 bcsId: 0,size=1048576]} | ret=SUCCESS |  
2019-08-30 05:17:39,865 [grpc-default-executor-6] INFO  client.GrpcClientProtocolClient (GrpcClientProtocolClient.java:onNext(255)) - client-574492D41EE7->134d4672-e322-4e4b-b7f3-5645abb0fe8c: receive RaftClientReply:client-574492D41EE7->134d4672-e322-4e4b-b7f3-5645abb0fe8c@group-3CB1DFFBCDC2, cid=1378, SUCCESS, logIndex=1945, commits[134d4672-e322-4e4b-b7f3-5645abb0fe8c:c1947, 73af84f3-3e88-4c8c-894c-3ad307bcac8d:c1944, 730a25a1-dbec-44ed-975b-a44ab0096beb:c1944]
2019-08-30 05:17:39,865 | INFO  | DNAudit | user=null | ip=null | op=WRITE_CHUNK {blockData=conID: 3 locID: 102704235141005793 bcsId: 0} | ret=SUCCESS |  
2019-08-30 05:17:39,865 [grpc-default-executor-6] INFO  client.GrpcClientProtocolClient (GrpcClientProtocolClient.java:onNext(255)) - client-574492D41EE7->134d4672-e322-4e4b-b7f3-5645abb0fe8c: receive RaftClientReply:client-574492D41EE7->134d4672-e322-4e4b-b7f3-5645abb0fe8c@group-3CB1DFFBCDC2, cid=1379, SUCCESS, logIndex=1946, commits[134d4672-e322-4e4b-b7f3-5645abb0fe8c:c1948, 73af84f3-3e88-4c8c-894c-3ad307bcac8d:c1944, 730a25a1-dbec-44ed-975b-a44ab0096beb:c1944]
2019-08-30 05:17:39,866 | INFO  | DNAudit | user=null | ip=null | op=PUT_BLOCK {blockData=[blockId=conID: 3 locID: 102704235141005793 bcsId: 0,size=2097152]} | ret=SUCCESS |  
2019-08-30 05:17:39,866 [grpc-default-executor-6] INFO  client.GrpcClientProtocolClient (GrpcClientProtocolClient.java:onNext(255)) - client-574492D41EE7->134d4672-e322-4e4b-b7f3-5645abb0fe8c: receive RaftClientReply:client-574492D41EE7->134d4672-e322-4e4b-b7f3-5645abb0fe8c@group-3CB1DFFBCDC2, cid=1380, SUCCESS, logIndex=1947, commits[134d4672-e322-4e4b-b7f3-5645abb0fe8c:c1948, 73af84f3-3e88-4c8c-894c-3ad307bcac8d:c1944, 730a25a1-dbec-44ed-975b-a44ab0096beb:c1944]
2019-08-30 05:17:39,866 [grpc-default-executor-6] INFO  client.GrpcClientProtocolClient (GrpcClientProtocolClient.java:onNext(255)) - client-574492D41EE7->134d4672-e322-4e4b-b7f3-5645abb0fe8c: receive RaftClientReply:client-574492D41EE7->134d4672-e322-4e4b-b7f3-5645abb0fe8c@group-3CB1DFFBCDC2, cid=1381, SUCCESS, logIndex=1948, commits[134d4672-e322-4e4b-b7f3-5645abb0fe8c:c1948, 73af84f3-3e88-4c8c-894c-3ad307bcac8d:c1944, 730a25a1-dbec-44ed-975b-a44ab0096beb:c1944]
2019-08-30 05:17:39,875 | INFO  | DNAudit | user=null | ip=null | op=WRITE_CHUNK {blockData=conID: 3 locID: 102704235141005793 bcsId: 0} | ret=SUCCESS |  
2019-08-30 05:17:39,875 | INFO  | DNAudit | user=null | ip=null | op=WRITE_CHUNK {blockData=conID: 3 locID: 102704235141005793 bcsId: 0} | ret=SUCCESS |  
2019-08-30 05:17:39,876 | INFO  | DNAudit | user=null | ip=null | op=PUT_BLOCK {blockData=[blockId=conID: 3 locID: 102704235141005793 bcsId: 0,size=1048576]} | ret=SUCCESS |  
2019-08-30 05:17:39,876 | INFO  | DNAudit | user=null | ip=null | op=WRITE_CHUNK {blockData=conID: 3 locID: 102704235141005793 bcsId: 0} | ret=SUCCESS |  
2019-08-30 05:17:39,876 | INFO  | DNAudit | user=null | ip=null | op=PUT_BLOCK {blockData=[blockId=conID: 3 locID: 102704235141005793 bcsId: 0,size=2097152]} | ret=SUCCESS |  
2019-08-30 05:17:39,877 | INFO  | DNAudit | user=null | ip=null | op=PUT_BLOCK {blockData=[blockId=conID: 3 locID: 102704235141005793 bcsId: 0,size=1048576]} | ret=SUCCESS |  
2019-08-30 05:17:39,878 | INFO  | DNAudit | user=null | ip=null | op=WRITE_CHUNK {blockData=conID: 3 locID: 102704235141005793 bcsId: 0} | ret=SUCCESS |  
2019-08-30 05:17:39,878 | INFO  | DNAudit | user=null | ip=null | op=PUT_BLOCK {blockData=[blockId=conID: 3 locID: 102704235141005793 bcsId: 0,size=2097152]} | ret=SUCCESS |  
2019-08-30 05:17:39,878 [grpc-default-executor-6] INFO  client.GrpcClientProtocolClient (GrpcClientProtocolClient.java:onNext(255)) - client-574492D41EE7->134d4672-e322-4e4b-b7f3-5645abb0fe8c: receive RaftClientReply:client-574492D41EE7->134d4672-e322-4e4b-b7f3-5645abb0fe8c@group-3CB1DFFBCDC2, cid=1382, SUCCESS, logIndex=0, commits[134d4672-e322-4e4b-b7f3-5645abb0fe8c:c1952, 73af84f3-3e88-4c8c-894c-3ad307bcac8d:c1948, 730a25a1-dbec-44ed-975b-a44ab0096beb:c1946]
2019-08-30 05:17:39,887 | INFO  | DNAudit | user=null | ip=null | op=WRITE_CHUNK {blockData=conID: 3 locID: 102704235141005793 bcsId: 1948} | ret=SUCCESS |  
2019-08-30 05:17:39,890 | INFO  | DNAudit | user=null | ip=null | op=WRITE_CHUNK {blockData=conID: 3 locID: 102704235141005793 bcsId: 1948} | ret=SUCCESS |  
2019-08-30 05:17:39,890 | INFO  | DNAudit | user=null | ip=null | op=WRITE_CHUNK {blockData=conID: 3 locID: 102704235141005793 bcsId: 1948} | ret=SUCCESS |  
2019-08-30 05:17:39,905 | INFO  | DNAudit | user=null | ip=null | op=WRITE_CHUNK {blockData=conID: 3 locID: 102704235141005793 bcsId: 1948} | ret=SUCCESS |  
2019-08-30 05:17:39,906 | INFO  | DNAudit | user=null | ip=null | op=PUT_BLOCK {blockData=[blockId=conID: 3 locID: 102704235141005793 bcsId: 0,size=3145728]} | ret=SUCCESS |  
2019-08-30 05:17:39,906 [grpc-default-executor-6] INFO  client.GrpcClientProtocolClient (GrpcClientProtocolClient.java:onNext(255)) - client-574492D41EE7->134d4672-e322-4e4b-b7f3-5645abb0fe8c: receive RaftClientReply:client-574492D41EE7->134d4672-e322-4e4b-b7f3-5645abb0fe8c@group-3CB1DFFBCDC2, cid=1383, SUCCESS, logIndex=1953, commits[134d4672-e322-4e4b-b7f3-5645abb0fe8c:c1954, 73af84f3-3e88-4c8c-894c-3ad307bcac8d:c1952, 730a25a1-dbec-44ed-975b-a44ab0096beb:c1952]
2019-08-30 05:17:39,906 [grpc-default-executor-6] INFO  client.GrpcClientProtocolClient (GrpcClientProtocolClient.java:onNext(255)) - client-574492D41EE7->134d4672-e322-4e4b-b7f3-5645abb0fe8c: receive RaftClientReply:client-574492D41EE7->134d4672-e322-4e4b-b7f3-5645abb0fe8c@group-3CB1DFFBCDC2, cid=1384, SUCCESS, logIndex=1954, commits[134d4672-e322-4e4b-b7f3-5645abb0fe8c:c1954, 73af84f3-3e88-4c8c-894c-3ad307bcac8d:c1952, 730a25a1-dbec-44ed-975b-a44ab0096beb:c1952]
2019-08-30 05:17:39,913 | INFO  | DNAudit | user=null | ip=null | op=WRITE_CHUNK {blockData=conID: 3 locID: 102704235141005793 bcsId: 1954} | ret=SUCCESS |  
2019-08-30 05:17:39,915 | INFO  | DNAudit | user=null | ip=null | op=WRITE_CHUNK {blockData=conID: 3 locID: 102704235141005793 bcsId: 1954} | ret=SUCCESS |  
2019-08-30 05:17:39,916 | INFO  | DNAudit | user=null | ip=null | op=WRITE_CHUNK {blockData=conID: 3 locID: 102704235141005793 bcsId: 1954} | ret=SUCCESS |  
2019-08-30 05:17:39,916 | INFO  | DNAudit | user=null | ip=null | op=WRITE_CHUNK {blockData=conID: 3 locID: 102704235141005793 bcsId: 1948} | ret=SUCCESS |  
2019-08-30 05:17:39,916 | INFO  | DNAudit | user=null | ip=null | op=WRITE_CHUNK {blockData=conID: 3 locID: 102704235141005793 bcsId: 1948} | ret=SUCCESS |  
2019-08-30 05:17:39,918 | INFO  | DNAudit | user=null | ip=null | op=PUT_BLOCK {blockData=[blockId=conID: 3 locID: 102704235141005793 bcsId: 0,size=3145728]} | ret=SUCCESS |  
2019-08-30 05:17:39,918 | INFO  | DNAudit | user=null | ip=null | op=WRITE_CHUNK {blockData=conID: 3 locID: 102704235141005793 bcsId: 1954} | ret=SUCCESS |  
2019-08-30 05:17:39,919 | INFO  | DNAudit | user=null | ip=null | op=PUT_BLOCK {blockData=[blockId=conID: 3 locID: 102704235141005793 bcsId: 0,size=3145728]} | ret=SUCCESS |  
2019-08-30 05:17:39,919 | INFO  | DNAudit | user=null | ip=null | op=PUT_BLOCK {blockData=[blockId=conID: 3 locID: 102704235141005793 bcsId: 0,size=4194304]} | ret=SUCCESS |  
2019-08-30 05:17:39,919 [grpc-default-executor-1] INFO  client.GrpcClientProtocolClient (GrpcClientProtocolClient.java:onNext(255)) - client-574492D41EE7->134d4672-e322-4e4b-b7f3-5645abb0fe8c: receive RaftClientReply:client-574492D41EE7->134d4672-e322-4e4b-b7f3-5645abb0fe8c@group-3CB1DFFBCDC2, cid=1385, SUCCESS, logIndex=1957, commits[134d4672-e322-4e4b-b7f3-5645abb0fe8c:c1958, 73af84f3-3e88-4c8c-894c-3ad307bcac8d:c1954, 730a25a1-dbec-44ed-975b-a44ab0096beb:c1953]
2019-08-30 05:17:39,919 [grpc-default-executor-1] INFO  client.GrpcClientProtocolClient (GrpcClientProtocolClient.java:onNext(255)) - client-574492D41EE7->134d4672-e322-4e4b-b7f3-5645abb0fe8c: receive RaftClientReply:client-574492D41EE7->134d4672-e322-4e4b-b7f3-5645abb0fe8c@group-3CB1DFFBCDC2, cid=1386, SUCCESS, logIndex=1958, commits[134d4672-e322-4e4b-b7f3-5645abb0fe8c:c1958, 73af84f3-3e88-4c8c-894c-3ad307bcac8d:c1954, 730a25a1-dbec-44ed-975b-a44ab0096beb:c1954]
2019-08-30 05:17:39,930 | INFO  | DNAudit | user=null | ip=null | op=WRITE_CHUNK {blockData=conID: 3 locID: 102704235141005793 bcsId: 1954} | ret=SUCCESS |  
2019-08-30 05:17:39,930 | INFO  | DNAudit | user=null | ip=null | op=WRITE_CHUNK {blockData=conID: 3 locID: 102704235141005793 bcsId: 1954} | ret=SUCCESS |  
2019-08-30 05:17:39,930 | INFO  | DNAudit | user=null | ip=null | op=PUT_BLOCK {blockData=[blockId=conID: 3 locID: 102704235141005793 bcsId: 0,size=4194304]} | ret=SUCCESS |  
2019-08-30 05:17:39,931 | INFO  | DNAudit | user=null | ip=null | op=PUT_BLOCK {blockData=[blockId=conID: 3 locID: 102704235141005793 bcsId: 0,size=4194304]} | ret=SUCCESS |  
2019-08-30 05:17:39,931 [grpc-default-executor-1] INFO  client.GrpcClientProtocolClient (GrpcClientProtocolClient.java:onNext(255)) - client-574492D41EE7->134d4672-e322-4e4b-b7f3-5645abb0fe8c: receive RaftClientReply:client-574492D41EE7->134d4672-e322-4e4b-b7f3-5645abb0fe8c@group-3CB1DFFBCDC2, cid=1387, SUCCESS, logIndex=0, commits[134d4672-e322-4e4b-b7f3-5645abb0fe8c:c1959, 73af84f3-3e88-4c8c-894c-3ad307bcac8d:c1958, 730a25a1-dbec-44ed-975b-a44ab0096beb:c1958]
2019-08-30 05:17:39,935 | INFO  | SCMAudit | user=jenkins1000 | ip=192.168.36.106 | op=ALLOCATE_BLOCK {owner=85755eb5-052d-48fa-b271-2fe4d8754e12, size=4194304, type=RATIS, factor=THREE} | ret=SUCCESS |  
2019-08-30 05:17:39,939 | INFO  | OMAudit | user=jenkins1000 | ip=127.0.0.1 | op=ALLOCATE_BLOCK {volume=vol-0-00977, bucket=bucket-0-44205, key=key-0-32850, dataSize=0, replicationType=null, replicationFactor=null, keyLocationInfo=null, clientID=102704234570776978} | ret=SUCCESS |  
2019-08-30 05:17:39,946 | INFO  | DNAudit | user=null | ip=null | op=WRITE_CHUNK {blockData=conID: 1 locID: 102704235147100642 bcsId: 0} | ret=SUCCESS |  
2019-08-30 05:17:39,948 | INFO  | DNAudit | user=null | ip=null | op=WRITE_CHUNK {blockData=conID: 1 locID: 102704235147100642 bcsId: 0} | ret=SUCCESS |  
2019-08-30 05:17:39,949 | INFO  | DNAudit | user=null | ip=null | op=WRITE_CHUNK {blockData=conID: 1 locID: 102704235147100642 bcsId: 0} | ret=SUCCESS |  
2019-08-30 05:17:39,949 | INFO  | DNAudit | user=null | ip=null | op=WRITE_CHUNK {blockData=conID: 1 locID: 102704235147100642 bcsId: 0} | ret=SUCCESS |  
2019-08-30 05:17:39,950 | INFO  | DNAudit | user=null | ip=null | op=WRITE_CHUNK {blockData=conID: 1 locID: 102704235147100642 bcsId: 0} | ret=SUCCESS |  
2019-08-30 05:17:39,950 | INFO  | DNAudit | user=null | ip=null | op=WRITE_CHUNK {blockData=conID: 1 locID: 102704235147100642 bcsId: 0} | ret=SUCCESS |  
2019-08-30 05:17:39,959 | INFO  | DNAudit | user=null | ip=null | op=WRITE_CHUNK {blockData=conID: 1 locID: 102704235147100642 bcsId: 0} | ret=SUCCESS |  
2019-08-30 05:17:39,959 | INFO  | DNAudit | user=null | ip=null | op=PUT_BLOCK {blockData=[blockId=conID: 1 locID: 102704235147100642 bcsId: 0,size=1048576]} | ret=SUCCESS |  
2019-08-30 05:17:39,960 [grpc-default-executor-6] INFO  client.GrpcClientProtocolClient (GrpcClientProtocolClient.java:onNext(255)) - client-574492D41EE7->134d4672-e322-4e4b-b7f3-5645abb0fe8c: receive RaftClientReply:client-574492D41EE7->134d4672-e322-4e4b-b7f3-5645abb0fe8c@group-3CB1DFFBCDC2, cid=1388, SUCCESS, logIndex=1960, commits[134d4672-e322-4e4b-b7f3-5645abb0fe8c:c1963, 73af84f3-3e88-4c8c-894c-3ad307bcac8d:c1959, 730a25a1-dbec-44ed-975b-a44ab0096beb:c1959]
2019-08-30 05:17:39,960 | INFO  | DNAudit | user=null | ip=null | op=WRITE_CHUNK {blockData=conID: 1 locID: 102704235147100642 bcsId: 0} | ret=SUCCESS |  
2019-08-30 05:17:39,960 | INFO  | DNAudit | user=null | ip=null | op=PUT_BLOCK {blockData=[blockId=conID: 1 locID: 102704235147100642 bcsId: 0,size=2097152]} | ret=SUCCESS |  
2019-08-30 05:17:39,960 [grpc-default-executor-6] INFO  client.GrpcClientProtocolClient (GrpcClientProtocolClient.java:onNext(255)) - client-574492D41EE7->134d4672-e322-4e4b-b7f3-5645abb0fe8c: receive RaftClientReply:client-574492D41EE7->134d4672-e322-4e4b-b7f3-5645abb0fe8c@group-3CB1DFFBCDC2, cid=1389, SUCCESS, logIndex=1961, commits[134d4672-e322-4e4b-b7f3-5645abb0fe8c:c1963, 73af84f3-3e88-4c8c-894c-3ad307bcac8d:c1959, 730a25a1-dbec-44ed-975b-a44ab0096beb:c1959]
2019-08-30 05:17:39,960 | INFO  | DNAudit | user=null | ip=null | op=WRITE_CHUNK {blockData=conID: 1 locID: 102704235147100642 bcsId: 0} | ret=SUCCESS |  
2019-08-30 05:17:39,961 [grpc-default-executor-6] INFO  client.GrpcClientProtocolClient (GrpcClientProtocolClient.java:onNext(255)) - client-574492D41EE7->134d4672-e322-4e4b-b7f3-5645abb0fe8c: receive RaftClientReply:client-574492D41EE7->134d4672-e322-4e4b-b7f3-5645abb0fe8c@group-3CB1DFFBCDC2, cid=1390, SUCCESS, logIndex=1962, commits[134d4672-e322-4e4b-b7f3-5645abb0fe8c:c1963, 73af84f3-3e88-4c8c-894c-3ad307bcac8d:c1959, 730a25a1-dbec-44ed-975b-a44ab0096beb:c1959]
2019-08-30 05:17:39,961 [grpc-default-executor-6] INFO  client.GrpcClientProtocolClient (GrpcClientProtocolClient.java:onNext(255)) - client-574492D41EE7->134d4672-e322-4e4b-b7f3-5645abb0fe8c: receive RaftClientReply:client-574492D41EE7->134d4672-e322-4e4b-b7f3-5645abb0fe8c@group-3CB1DFFBCDC2, cid=1391, SUCCESS, logIndex=1963, commits[134d4672-e322-4e4b-b7f3-5645abb0fe8c:c1963, 73af84f3-3e88-4c8c-894c-3ad307bcac8d:c1959, 730a25a1-dbec-44ed-975b-a44ab0096beb:c1959]
2019-08-30 05:17:39,961 | INFO  | DNAudit | user=null | ip=null | op=WRITE_CHUNK {blockData=conID: 1 locID: 102704235147100642 bcsId: 0} | ret=SUCCESS |  
2019-08-30 05:17:39,961 | INFO  | DNAudit | user=null | ip=null | op=PUT_BLOCK {blockData=[blockId=conID: 1 locID: 102704235147100642 bcsId: 0,size=1048576]} | ret=SUCCESS |  
2019-08-30 05:17:39,964 | INFO  | DNAudit | user=null | ip=null | op=PUT_BLOCK {blockData=[blockId=conID: 1 locID: 102704235147100642 bcsId: 0,size=1048576]} | ret=SUCCESS |  
2019-08-30 05:17:39,964 | INFO  | DNAudit | user=null | ip=null | op=WRITE_CHUNK {blockData=conID: 1 locID: 102704235147100642 bcsId: 0} | ret=SUCCESS |  
2019-08-30 05:17:39,964 | INFO  | DNAudit | user=null | ip=null | op=WRITE_CHUNK {blockData=conID: 1 locID: 102704235147100642 bcsId: 0} | ret=SUCCESS |  
2019-08-30 05:17:39,964 | INFO  | DNAudit | user=null | ip=null | op=PUT_BLOCK {blockData=[blockId=conID: 1 locID: 102704235147100642 bcsId: 0,size=2097152]} | ret=SUCCESS |  
2019-08-30 05:17:39,964 | INFO  | DNAudit | user=null | ip=null | op=PUT_BLOCK {blockData=[blockId=conID: 1 locID: 102704235147100642 bcsId: 0,size=2097152]} | ret=SUCCESS |  
2019-08-30 05:17:39,964 [grpc-default-executor-6] INFO  client.GrpcClientProtocolClient (GrpcClientProtocolClient.java:onNext(255)) - client-574492D41EE7->134d4672-e322-4e4b-b7f3-5645abb0fe8c: receive RaftClientReply:client-574492D41EE7->134d4672-e322-4e4b-b7f3-5645abb0fe8c@group-3CB1DFFBCDC2, cid=1392, SUCCESS, logIndex=0, commits[134d4672-e322-4e4b-b7f3-5645abb0fe8c:c1965, 73af84f3-3e88-4c8c-894c-3ad307bcac8d:c1961, 730a25a1-dbec-44ed-975b-a44ab0096beb:c1961]
2019-08-30 05:17:39,970 | INFO  | DNAudit | user=null | ip=null | op=WRITE_CHUNK {blockData=conID: 1 locID: 102704235147100642 bcsId: 1963} | ret=SUCCESS |  
2019-08-30 05:17:39,972 | INFO  | DNAudit | user=null | ip=null | op=WRITE_CHUNK {blockData=conID: 1 locID: 102704235147100642 bcsId: 1963} | ret=SUCCESS |  
2019-08-30 05:17:39,972 | INFO  | DNAudit | user=null | ip=null | op=WRITE_CHUNK {blockData=conID: 1 locID: 102704235147100642 bcsId: 1963} | ret=SUCCESS |  
2019-08-30 05:17:39,982 | INFO  | DNAudit | user=null | ip=null | op=WRITE_CHUNK {blockData=conID: 1 locID: 102704235147100642 bcsId: 1963} | ret=SUCCESS |  
2019-08-30 05:17:39,983 | INFO  | DNAudit | user=null | ip=null | op=PUT_BLOCK {blockData=[blockId=conID: 1 locID: 102704235147100642 bcsId: 0,size=3145728]} | ret=SUCCESS |  
2019-08-30 05:17:39,983 [grpc-default-executor-1] INFO  client.GrpcClientProtocolClient (GrpcClientProtocolClient.java:onNext(255)) - client-574492D41EE7->134d4672-e322-4e4b-b7f3-5645abb0fe8c: receive RaftClientReply:client-574492D41EE7->134d4672-e322-4e4b-b7f3-5645abb0fe8c@group-3CB1DFFBCDC2, cid=1393, SUCCESS, logIndex=1968, commits[134d4672-e322-4e4b-b7f3-5645abb0fe8c:c1969, 73af84f3-3e88-4c8c-894c-3ad307bcac8d:c1967, 730a25a1-dbec-44ed-975b-a44ab0096beb:c1967]
2019-08-30 05:17:39,983 | INFO  | SCMAudit | user=jenkins1000 | ip=192.168.36.106 | op=SEND_HEARTBEAT {datanodeUUID=73af84f3-3e88-4c8c-894c-3ad307bcac8d, command=[]} | ret=SUCCESS |  
2019-08-30 05:17:39,983 | INFO  | SCMAudit | user=jenkins1000 | ip=192.168.36.106 | op=SEND_HEARTBEAT {datanodeUUID=730a25a1-dbec-44ed-975b-a44ab0096beb, command=[]} | ret=SUCCESS |  
2019-08-30 05:17:39,983 [grpc-default-executor-1] INFO  client.GrpcClientProtocolClient (GrpcClientProtocolClient.java:onNext(255)) - client-574492D41EE7->134d4672-e322-4e4b-b7f3-5645abb0fe8c: receive RaftClientReply:client-574492D41EE7->134d4672-e322-4e4b-b7f3-5645abb0fe8c@group-3CB1DFFBCDC2, cid=1394, SUCCESS, logIndex=1969, commits[134d4672-e322-4e4b-b7f3-5645abb0fe8c:c1969, 73af84f3-3e88-4c8c-894c-3ad307bcac8d:c1967, 730a25a1-dbec-44ed-975b-a44ab0096beb:c1967]
2019-08-30 05:17:39,989 | INFO  | DNAudit | user=null | ip=null | op=WRITE_CHUNK {blockData=conID: 1 locID: 102704235147100642 bcsId: 1969} | ret=SUCCESS |  
2019-08-30 05:17:39,991 | INFO  | DNAudit | user=null | ip=null | op=WRITE_CHUNK {blockData=conID: 1 locID: 102704235147100642 bcsId: 1969} | ret=SUCCESS |  
2019-08-30 05:17:39,991 | INFO  | DNAudit | user=null | ip=null | op=WRITE_CHUNK {blockData=conID: 1 locID: 102704235147100642 bcsId: 1969} | ret=SUCCESS |  
2019-08-30 05:17:39,994 | INFO  | DNAudit | user=null | ip=null | op=WRITE_CHUNK {blockData=conID: 1 locID: 102704235147100642 bcsId: 1963} | ret=SUCCESS |  
2019-08-30 05:17:39,994 | INFO  | DNAudit | user=null | ip=null | op=WRITE_CHUNK {blockData=conID: 1 locID: 102704235147100642 bcsId: 1963} | ret=SUCCESS |  
2019-08-30 05:17:39,994 | INFO  | DNAudit | user=null | ip=null | op=PUT_BLOCK {blockData=[blockId=conID: 1 locID: 102704235147100642 bcsId: 0,size=3145728]} | ret=SUCCESS |  
2019-08-30 05:17:39,994 | INFO  | DNAudit | user=null | ip=null | op=PUT_BLOCK {blockData=[blockId=conID: 1 locID: 102704235147100642 bcsId: 0,size=3145728]} | ret=SUCCESS |  
2019-08-30 05:17:39,997 | INFO  | DNAudit | user=null | ip=null | op=WRITE_CHUNK {blockData=conID: 1 locID: 102704235147100642 bcsId: 1969} | ret=SUCCESS |  
2019-08-30 05:17:39,997 | INFO  | DNAudit | user=null | ip=null | op=PUT_BLOCK {blockData=[blockId=conID: 1 locID: 102704235147100642 bcsId: 0,size=4194304]} | ret=SUCCESS |  
2019-08-30 05:17:39,997 [grpc-default-executor-3] INFO  client.GrpcClientProtocolClient (GrpcClientProtocolClient.java:onNext(255)) - client-574492D41EE7->134d4672-e322-4e4b-b7f3-5645abb0fe8c: receive RaftClientReply:client-574492D41EE7->134d4672-e322-4e4b-b7f3-5645abb0fe8c@group-3CB1DFFBCDC2, cid=1395, SUCCESS, logIndex=1972, commits[134d4672-e322-4e4b-b7f3-5645abb0fe8c:c1973, 73af84f3-3e88-4c8c-894c-3ad307bcac8d:c1969, 730a25a1-dbec-44ed-975b-a44ab0096beb:c1969]
2019-08-30 05:17:39,998 [grpc-default-executor-3] INFO  client.GrpcClientProtocolClient (GrpcClientProtocolClient.java:onNext(255)) - client-574492D41EE7->134d4672-e322-4e4b-b7f3-5645abb0fe8c: receive RaftClientReply:client-574492D41EE7->134d4672-e322-4e4b-b7f3-5645abb0fe8c@group-3CB1DFFBCDC2, cid=1396, SUCCESS, logIndex=1973, commits[134d4672-e322-4e4b-b7f3-5645abb0fe8c:c1973, 73af84f3-3e88-4c8c-894c-3ad307bcac8d:c1969, 730a25a1-dbec-44ed-975b-a44ab0096beb:c1969]
2019-08-30 05:17:40,008 | INFO  | DNAudit | user=null | ip=null | op=WRITE_CHUNK {blockData=conID: 1 locID: 102704235147100642 bcsId: 1969} | ret=SUCCESS |  
2019-08-30 05:17:40,008 | INFO  | DNAudit | user=null | ip=null | op=WRITE_CHUNK {blockData=conID: 1 locID: 102704235147100642 bcsId: 1969} | ret=SUCCESS |  
2019-08-30 05:17:40,008 | INFO  | DNAudit | user=null | ip=null | op=PUT_BLOCK {blockData=[blockId=conID: 1 locID: 102704235147100642 bcsId: 0,size=4194304]} | ret=SUCCESS |  
2019-08-30 05:17:40,008 | INFO  | DNAudit | user=null | ip=null | op=PUT_BLOCK {blockData=[blockId=conID: 1 locID: 102704235147100642 bcsId: 0,size=4194304]} | ret=SUCCESS |  
2019-08-30 05:17:40,009 [grpc-default-executor-1] INFO  client.GrpcClientProtocolClient (GrpcClientProtocolClient.java:onNext(255)) - client-574492D41EE7->134d4672-e322-4e4b-b7f3-5645abb0fe8c: receive RaftClientReply:client-574492D41EE7->134d4672-e322-4e4b-b7f3-5645abb0fe8c@group-3CB1DFFBCDC2, cid=1397, SUCCESS, logIndex=0, commits[134d4672-e322-4e4b-b7f3-5645abb0fe8c:c1974, 73af84f3-3e88-4c8c-894c-3ad307bcac8d:c1973, 730a25a1-dbec-44ed-975b-a44ab0096beb:c1973]
2019-08-30 05:17:40,012 | INFO  | SCMAudit | user=jenkins1000 | ip=192.168.36.106 | op=ALLOCATE_BLOCK {owner=85755eb5-052d-48fa-b271-2fe4d8754e12, size=4194304, type=RATIS, factor=THREE} | ret=SUCCESS |  
2019-08-30 05:17:40,014 | INFO  | OMAudit | user=jenkins1000 | ip=127.0.0.1 | op=ALLOCATE_BLOCK {volume=vol-0-00977, bucket=bucket-0-44205, key=key-0-32850, dataSize=0, replicationType=null, replicationFactor=null, keyLocationInfo=null, clientID=102704234570776978} | ret=SUCCESS |  
2019-08-30 05:17:40,020 | INFO  | DNAudit | user=null | ip=null | op=WRITE_CHUNK {blockData=conID: 2 locID: 102704235152146915 bcsId: 0} | ret=SUCCESS |  
2019-08-30 05:17:40,022 | INFO  | DNAudit | user=null | ip=null | op=WRITE_CHUNK {blockData=conID: 2 locID: 102704235152146915 bcsId: 0} | ret=SUCCESS |  
2019-08-30 05:17:40,022 | INFO  | DNAudit | user=null | ip=null | op=WRITE_CHUNK {blockData=conID: 2 locID: 102704235152146915 bcsId: 0} | ret=SUCCESS |  
2019-08-30 05:17:40,023 | INFO  | DNAudit | user=null | ip=null | op=WRITE_CHUNK {blockData=conID: 2 locID: 102704235152146915 bcsId: 0} | ret=SUCCESS |  
2019-08-30 05:17:40,026 | INFO  | DNAudit | user=null | ip=null | op=WRITE_CHUNK {blockData=conID: 2 locID: 102704235152146915 bcsId: 0} | ret=SUCCESS |  
2019-08-30 05:17:40,026 | INFO  | DNAudit | user=null | ip=null | op=WRITE_CHUNK {blockData=conID: 2 locID: 102704235152146915 bcsId: 0} | ret=SUCCESS |  
2019-08-30 05:17:40,032 | INFO  | DNAudit | user=null | ip=null | op=WRITE_CHUNK {blockData=conID: 2 locID: 102704235152146915 bcsId: 0} | ret=SUCCESS |  
2019-08-30 05:17:40,033 | INFO  | DNAudit | user=null | ip=null | op=PUT_BLOCK {blockData=[blockId=conID: 2 locID: 102704235152146915 bcsId: 0,size=1048576]} | ret=SUCCESS |  
2019-08-30 05:17:40,033 [grpc-default-executor-3] INFO  client.GrpcClientProtocolClient (GrpcClientProtocolClient.java:onNext(255)) - client-574492D41EE7->134d4672-e322-4e4b-b7f3-5645abb0fe8c: receive RaftClientReply:client-574492D41EE7->134d4672-e322-4e4b-b7f3-5645abb0fe8c@group-3CB1DFFBCDC2, cid=1398, SUCCESS, logIndex=1976, commits[134d4672-e322-4e4b-b7f3-5645abb0fe8c:c1977, 73af84f3-3e88-4c8c-894c-3ad307bcac8d:c1975, 730a25a1-dbec-44ed-975b-a44ab0096beb:c1975]
2019-08-30 05:17:40,034 | INFO  | DNAudit | user=null | ip=null | op=WRITE_CHUNK {blockData=conID: 2 locID: 102704235152146915 bcsId: 0} | ret=SUCCESS |  
2019-08-30 05:17:40,034 [grpc-default-executor-1] INFO  client.GrpcClientProtocolClient (GrpcClientProtocolClient.java:onNext(255)) - client-574492D41EE7->134d4672-e322-4e4b-b7f3-5645abb0fe8c: receive RaftClientReply:client-574492D41EE7->134d4672-e322-4e4b-b7f3-5645abb0fe8c@group-3CB1DFFBCDC2, cid=1399, SUCCESS, logIndex=1977, commits[134d4672-e322-4e4b-b7f3-5645abb0fe8c:c1977, 73af84f3-3e88-4c8c-894c-3ad307bcac8d:c1975, 730a25a1-dbec-44ed-975b-a44ab0096beb:c1975]
2019-08-30 05:17:40,034 | INFO  | DNAudit | user=null | ip=null | op=PUT_BLOCK {blockData=[blockId=conID: 2 locID: 102704235152146915 bcsId: 0,size=2097152]} | ret=SUCCESS |  
2019-08-30 05:17:40,034 [grpc-default-executor-1] INFO  client.GrpcClientProtocolClient (GrpcClientProtocolClient.java:onNext(255)) - client-574492D41EE7->134d4672-e322-4e4b-b7f3-5645abb0fe8c: receive RaftClientReply:client-574492D41EE7->134d4672-e322-4e4b-b7f3-5645abb0fe8c@group-3CB1DFFBCDC2, cid=1400, SUCCESS, logIndex=1978, commits[134d4672-e322-4e4b-b7f3-5645abb0fe8c:c1979, 73af84f3-3e88-4c8c-894c-3ad307bcac8d:c1975, 730a25a1-dbec-44ed-975b-a44ab0096beb:c1975]
2019-08-30 05:17:40,034 [grpc-default-executor-1] INFO  client.GrpcClientProtocolClient (GrpcClientProtocolClient.java:onNext(255)) - client-574492D41EE7->134d4672-e322-4e4b-b7f3-5645abb0fe8c: receive RaftClientReply:client-574492D41EE7->134d4672-e322-4e4b-b7f3-5645abb0fe8c@group-3CB1DFFBCDC2, cid=1401, SUCCESS, logIndex=1979, commits[134d4672-e322-4e4b-b7f3-5645abb0fe8c:c1979, 73af84f3-3e88-4c8c-894c-3ad307bcac8d:c1975, 730a25a1-dbec-44ed-975b-a44ab0096beb:c1975]
2019-08-30 05:17:40,045 | INFO  | DNAudit | user=null | ip=null | op=WRITE_CHUNK {blockData=conID: 2 locID: 102704235152146915 bcsId: 0} | ret=SUCCESS |  
2019-08-30 05:17:40,045 | INFO  | DNAudit | user=null | ip=null | op=PUT_BLOCK {blockData=[blockId=conID: 2 locID: 102704235152146915 bcsId: 0,size=1048576]} | ret=SUCCESS |  
2019-08-30 05:17:40,045 | INFO  | DNAudit | user=null | ip=null | op=WRITE_CHUNK {blockData=conID: 2 locID: 102704235152146915 bcsId: 0} | ret=SUCCESS |  
2019-08-30 05:17:40,046 | INFO  | DNAudit | user=null | ip=null | op=PUT_BLOCK {blockData=[blockId=conID: 2 locID: 102704235152146915 bcsId: 0,size=1048576]} | ret=SUCCESS |  
2019-08-30 05:17:40,046 | INFO  | DNAudit | user=null | ip=null | op=WRITE_CHUNK {blockData=conID: 2 locID: 102704235152146915 bcsId: 0} | ret=SUCCESS |  
2019-08-30 05:17:40,046 | INFO  | DNAudit | user=null | ip=null | op=PUT_BLOCK {blockData=[blockId=conID: 2 locID: 102704235152146915 bcsId: 0,size=2097152]} | ret=SUCCESS |  
2019-08-30 05:17:40,046 [grpc-default-executor-1] INFO  client.GrpcClientProtocolClient (GrpcClientProtocolClient.java:onNext(255)) - client-574492D41EE7->134d4672-e322-4e4b-b7f3-5645abb0fe8c: receive RaftClientReply:client-574492D41EE7->134d4672-e322-4e4b-b7f3-5645abb0fe8c@group-3CB1DFFBCDC2, cid=1402, SUCCESS, logIndex=0, commits[134d4672-e322-4e4b-b7f3-5645abb0fe8c:c1981, 73af84f3-3e88-4c8c-894c-3ad307bcac8d:c1977, 730a25a1-dbec-44ed-975b-a44ab0096beb:c1977]
2019-08-30 05:17:40,046 | INFO  | DNAudit | user=null | ip=null | op=WRITE_CHUNK {blockData=conID: 2 locID: 102704235152146915 bcsId: 0} | ret=SUCCESS |  
2019-08-30 05:17:40,046 | INFO  | DNAudit | user=null | ip=null | op=PUT_BLOCK {blockData=[blockId=conID: 2 locID: 102704235152146915 bcsId: 0,size=2097152]} | ret=SUCCESS |  
2019-08-30 05:17:40,051 | INFO  | DNAudit | user=null | ip=null | op=WRITE_CHUNK {blockData=conID: 2 locID: 102704235152146915 bcsId: 1979} | ret=SUCCESS |  
2019-08-30 05:17:40,054 | INFO  | DNAudit | user=null | ip=null | op=WRITE_CHUNK {blockData=conID: 2 locID: 102704235152146915 bcsId: 1979} | ret=SUCCESS |  
2019-08-30 05:17:40,054 | INFO  | DNAudit | user=null | ip=null | op=WRITE_CHUNK {blockData=conID: 2 locID: 102704235152146915 bcsId: 1979} | ret=SUCCESS |  
2019-08-30 05:17:40,066 | INFO  | DNAudit | user=null | ip=null | op=WRITE_CHUNK {blockData=conID: 2 locID: 102704235152146915 bcsId: 1979} | ret=SUCCESS |  
2019-08-30 05:17:40,066 | INFO  | DNAudit | user=null | ip=null | op=PUT_BLOCK {blockData=[blockId=conID: 2 locID: 102704235152146915 bcsId: 0,size=3145728]} | ret=SUCCESS |  
2019-08-30 05:17:40,066 [grpc-default-executor-6] INFO  client.GrpcClientProtocolClient (GrpcClientProtocolClient.java:onNext(255)) - client-574492D41EE7->134d4672-e322-4e4b-b7f3-5645abb0fe8c: receive RaftClientReply:client-574492D41EE7->134d4672-e322-4e4b-b7f3-5645abb0fe8c@group-3CB1DFFBCDC2, cid=1403, SUCCESS, logIndex=1984, commits[134d4672-e322-4e4b-b7f3-5645abb0fe8c:c1985, 73af84f3-3e88-4c8c-894c-3ad307bcac8d:c1983, 730a25a1-dbec-44ed-975b-a44ab0096beb:c1983]
2019-08-30 05:17:40,067 [grpc-default-executor-6] INFO  client.GrpcClientProtocolClient (GrpcClientProtocolClient.java:onNext(255)) - client-574492D41EE7->134d4672-e322-4e4b-b7f3-5645abb0fe8c: receive RaftClientReply:client-574492D41EE7->134d4672-e322-4e4b-b7f3-5645abb0fe8c@group-3CB1DFFBCDC2, cid=1404, SUCCESS, logIndex=1985, commits[134d4672-e322-4e4b-b7f3-5645abb0fe8c:c1985, 73af84f3-3e88-4c8c-894c-3ad307bcac8d:c1983, 730a25a1-dbec-44ed-975b-a44ab0096beb:c1983]
2019-08-30 05:17:40,072 | INFO  | DNAudit | user=null | ip=null | op=WRITE_CHUNK {blockData=conID: 2 locID: 102704235152146915 bcsId: 1985} | ret=SUCCESS |  
2019-08-30 05:17:40,074 | INFO  | DNAudit | user=null | ip=null | op=WRITE_CHUNK {blockData=conID: 2 locID: 102704235152146915 bcsId: 1985} | ret=SUCCESS |  
2019-08-30 05:17:40,074 | INFO  | DNAudit | user=null | ip=null | op=WRITE_CHUNK {blockData=conID: 2 locID: 102704235152146915 bcsId: 1985} | ret=SUCCESS |  
2019-08-30 05:17:40,077 | INFO  | DNAudit | user=null | ip=null | op=WRITE_CHUNK {blockData=conID: 2 locID: 102704235152146915 bcsId: 1979} | ret=SUCCESS |  
2019-08-30 05:17:40,077 | INFO  | DNAudit | user=null | ip=null | op=WRITE_CHUNK {blockData=conID: 2 locID: 102704235152146915 bcsId: 1979} | ret=SUCCESS |  
2019-08-30 05:17:40,080 | INFO  | DNAudit | user=null | ip=null | op=PUT_BLOCK {blockData=[blockId=conID: 2 locID: 102704235152146915 bcsId: 0,size=3145728]} | ret=SUCCESS |  
2019-08-30 05:17:40,080 | INFO  | DNAudit | user=null | ip=null | op=PUT_BLOCK {blockData=[blockId=conID: 2 locID: 102704235152146915 bcsId: 0,size=3145728]} | ret=SUCCESS |  
2019-08-30 05:17:40,081 | INFO  | DNAudit | user=null | ip=null | op=WRITE_CHUNK {blockData=conID: 2 locID: 102704235152146915 bcsId: 1985} | ret=SUCCESS |  
2019-08-30 05:17:40,081 | INFO  | DNAudit | user=null | ip=null | op=PUT_BLOCK {blockData=[blockId=conID: 2 locID: 102704235152146915 bcsId: 0,size=4194304]} | ret=SUCCESS |  
2019-08-30 05:17:40,081 [grpc-default-executor-1] INFO  client.GrpcClientProtocolClient (GrpcClientProtocolClient.java:onNext(255)) - client-574492D41EE7->134d4672-e322-4e4b-b7f3-5645abb0fe8c: receive RaftClientReply:client-574492D41EE7->134d4672-e322-4e4b-b7f3-5645abb0fe8c@group-3CB1DFFBCDC2, cid=1405, SUCCESS, logIndex=1988, commits[134d4672-e322-4e4b-b7f3-5645abb0fe8c:c1989, 73af84f3-3e88-4c8c-894c-3ad307bcac8d:c1985, 730a25a1-dbec-44ed-975b-a44ab0096beb:c1985]
2019-08-30 05:17:40,081 [grpc-default-executor-1] INFO  client.GrpcClientProtocolClient (GrpcClientProtocolClient.java:onNext(255)) - client-574492D41EE7->134d4672-e322-4e4b-b7f3-5645abb0fe8c: receive RaftClientReply:client-574492D41EE7->134d4672-e322-4e4b-b7f3-5645abb0fe8c@group-3CB1DFFBCDC2, cid=1406, SUCCESS, logIndex=1989, commits[134d4672-e322-4e4b-b7f3-5645abb0fe8c:c1989, 73af84f3-3e88-4c8c-894c-3ad307bcac8d:c1985, 730a25a1-dbec-44ed-975b-a44ab0096beb:c1985]
2019-08-30 05:17:40,092 | INFO  | DNAudit | user=null | ip=null | op=WRITE_CHUNK {blockData=conID: 2 locID: 102704235152146915 bcsId: 1985} | ret=SUCCESS |  
2019-08-30 05:17:40,092 | INFO  | DNAudit | user=null | ip=null | op=WRITE_CHUNK {blockData=conID: 2 locID: 102704235152146915 bcsId: 1985} | ret=SUCCESS |  
2019-08-30 05:17:40,094 | INFO  | DNAudit | user=null | ip=null | op=PUT_BLOCK {blockData=[blockId=conID: 2 locID: 102704235152146915 bcsId: 0,size=4194304]} | ret=SUCCESS |  
2019-08-30 05:17:40,094 | INFO  | DNAudit | user=null | ip=null | op=PUT_BLOCK {blockData=[blockId=conID: 2 locID: 102704235152146915 bcsId: 0,size=4194304]} | ret=SUCCESS |  
2019-08-30 05:17:40,094 [grpc-default-executor-1] INFO  client.GrpcClientProtocolClient (GrpcClientProtocolClient.java:onNext(255)) - client-574492D41EE7->134d4672-e322-4e4b-b7f3-5645abb0fe8c: receive RaftClientReply:client-574492D41EE7->134d4672-e322-4e4b-b7f3-5645abb0fe8c@group-3CB1DFFBCDC2, cid=1407, SUCCESS, logIndex=0, commits[134d4672-e322-4e4b-b7f3-5645abb0fe8c:c1991, 73af84f3-3e88-4c8c-894c-3ad307bcac8d:c1989, 730a25a1-dbec-44ed-975b-a44ab0096beb:c1989]
2019-08-30 05:17:40,098 | INFO  | SCMAudit | user=jenkins1000 | ip=192.168.36.106 | op=ALLOCATE_BLOCK {owner=85755eb5-052d-48fa-b271-2fe4d8754e12, size=4194304, type=RATIS, factor=THREE} | ret=SUCCESS |  
2019-08-30 05:17:40,100 | INFO  | OMAudit | user=jenkins1000 | ip=127.0.0.1 | op=ALLOCATE_BLOCK {volume=vol-0-00977, bucket=bucket-0-44205, key=key-0-32850, dataSize=0, replicationType=null, replicationFactor=null, keyLocationInfo=null, clientID=102704234570776978} | ret=SUCCESS |  
2019-08-30 05:17:40,106 | INFO  | DNAudit | user=null | ip=null | op=WRITE_CHUNK {blockData=conID: 3 locID: 102704235157783012 bcsId: 0} | ret=SUCCESS |  
2019-08-30 05:17:40,109 | INFO  | DNAudit | user=null | ip=null | op=WRITE_CHUNK {blockData=conID: 3 locID: 102704235157783012 bcsId: 0} | ret=SUCCESS |  
2019-08-30 05:17:40,109 | INFO  | DNAudit | user=null | ip=null | op=WRITE_CHUNK {blockData=conID: 3 locID: 102704235157783012 bcsId: 0} | ret=SUCCESS |  
2019-08-30 05:17:40,109 | INFO  | DNAudit | user=null | ip=null | op=WRITE_CHUNK {blockData=conID: 3 locID: 102704235157783012 bcsId: 0} | ret=SUCCESS |  
2019-08-30 05:17:40,110 | INFO  | DNAudit | user=null | ip=null | op=WRITE_CHUNK {blockData=conID: 3 locID: 102704235157783012 bcsId: 0} | ret=SUCCESS |  
2019-08-30 05:17:40,111 | INFO  | DNAudit | user=null | ip=null | op=WRITE_CHUNK {blockData=conID: 3 locID: 102704235157783012 bcsId: 0} | ret=SUCCESS |  
2019-08-30 05:17:40,118 | INFO  | DNAudit | user=null | ip=null | op=WRITE_CHUNK {blockData=conID: 3 locID: 102704235157783012 bcsId: 0} | ret=SUCCESS |  
2019-08-30 05:17:40,118 | INFO  | DNAudit | user=null | ip=null | op=PUT_BLOCK {blockData=[blockId=conID: 3 locID: 102704235157783012 bcsId: 0,size=1048576]} | ret=SUCCESS |  
2019-08-30 05:17:40,118 | INFO  | DNAudit | user=null | ip=null | op=WRITE_CHUNK {blockData=conID: 3 locID: 102704235157783012 bcsId: 0} | ret=SUCCESS |  
2019-08-30 05:17:40,118 [grpc-default-executor-6] INFO  client.GrpcClientProtocolClient (GrpcClientProtocolClient.java:onNext(255)) - client-574492D41EE7->134d4672-e322-4e4b-b7f3-5645abb0fe8c: receive RaftClientReply:client-574492D41EE7->134d4672-e322-4e4b-b7f3-5645abb0fe8c@group-3CB1DFFBCDC2, cid=1408, SUCCESS, logIndex=1992, commits[134d4672-e322-4e4b-b7f3-5645abb0fe8c:c1994, 73af84f3-3e88-4c8c-894c-3ad307bcac8d:c1991, 730a25a1-dbec-44ed-975b-a44ab0096beb:c1991]
2019-08-30 05:17:40,119 | INFO  | DNAudit | user=null | ip=null | op=PUT_BLOCK {blockData=[blockId=conID: 3 locID: 102704235157783012 bcsId: 0,size=2097152]} | ret=SUCCESS |  
2019-08-30 05:17:40,119 [grpc-default-executor-6] INFO  client.GrpcClientProtocolClient (GrpcClientProtocolClient.java:onNext(255)) - client-574492D41EE7->134d4672-e322-4e4b-b7f3-5645abb0fe8c: receive RaftClientReply:client-574492D41EE7->134d4672-e322-4e4b-b7f3-5645abb0fe8c@group-3CB1DFFBCDC2, cid=1409, SUCCESS, logIndex=1993, commits[134d4672-e322-4e4b-b7f3-5645abb0fe8c:c1995, 73af84f3-3e88-4c8c-894c-3ad307bcac8d:c1991, 730a25a1-dbec-44ed-975b-a44ab0096beb:c1991]
2019-08-30 05:17:40,119 [grpc-default-executor-6] INFO  client.GrpcClientProtocolClient (GrpcClientProtocolClient.java:onNext(255)) - client-574492D41EE7->134d4672-e322-4e4b-b7f3-5645abb0fe8c: receive RaftClientReply:client-574492D41EE7->134d4672-e322-4e4b-b7f3-5645abb0fe8c@group-3CB1DFFBCDC2, cid=1410, SUCCESS, logIndex=1994, commits[134d4672-e322-4e4b-b7f3-5645abb0fe8c:c1995, 73af84f3-3e88-4c8c-894c-3ad307bcac8d:c1991, 730a25a1-dbec-44ed-975b-a44ab0096beb:c1991]
2019-08-30 05:17:40,119 [grpc-default-executor-6] INFO  client.GrpcClientProtocolClient (GrpcClientProtocolClient.java:onNext(255)) - client-574492D41EE7->134d4672-e322-4e4b-b7f3-5645abb0fe8c: receive RaftClientReply:client-574492D41EE7->134d4672-e322-4e4b-b7f3-5645abb0fe8c@group-3CB1DFFBCDC2, cid=1411, SUCCESS, logIndex=1995, commits[134d4672-e322-4e4b-b7f3-5645abb0fe8c:c1995, 73af84f3-3e88-4c8c-894c-3ad307bcac8d:c1991, 730a25a1-dbec-44ed-975b-a44ab0096beb:c1991]
2019-08-30 05:17:40,121 | INFO  | DNAudit | user=null | ip=null | op=WRITE_CHUNK {blockData=conID: 3 locID: 102704235157783012 bcsId: 0} | ret=SUCCESS |  
2019-08-30 05:17:40,121 | INFO  | DNAudit | user=null | ip=null | op=PUT_BLOCK {blockData=[blockId=conID: 3 locID: 102704235157783012 bcsId: 0,size=1048576]} | ret=SUCCESS |  
2019-08-30 05:17:40,121 | INFO  | DNAudit | user=null | ip=null | op=WRITE_CHUNK {blockData=conID: 3 locID: 102704235157783012 bcsId: 0} | ret=SUCCESS |  
2019-08-30 05:17:40,121 | INFO  | DNAudit | user=null | ip=null | op=PUT_BLOCK {blockData=[blockId=conID: 3 locID: 102704235157783012 bcsId: 0,size=1048576]} | ret=SUCCESS |  
2019-08-30 05:17:40,121 | INFO  | DNAudit | user=null | ip=null | op=WRITE_CHUNK {blockData=conID: 3 locID: 102704235157783012 bcsId: 0} | ret=SUCCESS |  
2019-08-30 05:17:40,121 [grpc-default-executor-3] INFO  client.GrpcClientProtocolClient (GrpcClientProtocolClient.java:onNext(255)) - client-574492D41EE7->134d4672-e322-4e4b-b7f3-5645abb0fe8c: receive RaftClientReply:client-574492D41EE7->134d4672-e322-4e4b-b7f3-5645abb0fe8c@group-3CB1DFFBCDC2, cid=1412, SUCCESS, logIndex=0, commits[134d4672-e322-4e4b-b7f3-5645abb0fe8c:c1996, 73af84f3-3e88-4c8c-894c-3ad307bcac8d:c1993, 730a25a1-dbec-44ed-975b-a44ab0096beb:c1993]
2019-08-30 05:17:40,122 | INFO  | DNAudit | user=null | ip=null | op=PUT_BLOCK {blockData=[blockId=conID: 3 locID: 102704235157783012 bcsId: 0,size=2097152]} | ret=SUCCESS |  
2019-08-30 05:17:40,122 | INFO  | DNAudit | user=null | ip=null | op=WRITE_CHUNK {blockData=conID: 3 locID: 102704235157783012 bcsId: 0} | ret=SUCCESS |  
2019-08-30 05:17:40,123 | INFO  | DNAudit | user=null | ip=null | op=PUT_BLOCK {blockData=[blockId=conID: 3 locID: 102704235157783012 bcsId: 0,size=2097152]} | ret=SUCCESS |  
2019-08-30 05:17:40,127 | INFO  | DNAudit | user=null | ip=null | op=WRITE_CHUNK {blockData=conID: 3 locID: 102704235157783012 bcsId: 1995} | ret=SUCCESS |  
2019-08-30 05:17:40,129 | INFO  | DNAudit | user=null | ip=null | op=WRITE_CHUNK {blockData=conID: 3 locID: 102704235157783012 bcsId: 1995} | ret=SUCCESS |  
2019-08-30 05:17:40,130 | INFO  | DNAudit | user=null | ip=null | op=WRITE_CHUNK {blockData=conID: 3 locID: 102704235157783012 bcsId: 1995} | ret=SUCCESS |  
2019-08-30 05:17:40,138 | INFO  | DNAudit | user=null | ip=null | op=WRITE_CHUNK {blockData=conID: 3 locID: 102704235157783012 bcsId: 1995} | ret=SUCCESS |  
2019-08-30 05:17:40,138 | INFO  | DNAudit | user=null | ip=null | op=PUT_BLOCK {blockData=[blockId=conID: 3 locID: 102704235157783012 bcsId: 0,size=3145728]} | ret=SUCCESS |  
2019-08-30 05:17:40,138 [grpc-default-executor-3] INFO  client.GrpcClientProtocolClient (GrpcClientProtocolClient.java:onNext(255)) - client-574492D41EE7->134d4672-e322-4e4b-b7f3-5645abb0fe8c: receive RaftClientReply:client-574492D41EE7->134d4672-e322-4e4b-b7f3-5645abb0fe8c@group-3CB1DFFBCDC2, cid=1413, SUCCESS, logIndex=2000, commits[134d4672-e322-4e4b-b7f3-5645abb0fe8c:c2001, 73af84f3-3e88-4c8c-894c-3ad307bcac8d:c1999, 730a25a1-dbec-44ed-975b-a44ab0096beb:c1999]
2019-08-30 05:17:40,138 [grpc-default-executor-3] INFO  client.GrpcClientProtocolClient (GrpcClientProtocolClient.java:onNext(255)) - client-574492D41EE7->134d4672-e322-4e4b-b7f3-5645abb0fe8c: receive RaftClientReply:client-574492D41EE7->134d4672-e322-4e4b-b7f3-5645abb0fe8c@group-3CB1DFFBCDC2, cid=1414, SUCCESS, logIndex=2001, commits[134d4672-e322-4e4b-b7f3-5645abb0fe8c:c2001, 73af84f3-3e88-4c8c-894c-3ad307bcac8d:c1999, 730a25a1-dbec-44ed-975b-a44ab0096beb:c1999]
2019-08-30 05:17:40,254 | INFO  | SCMAudit | user=jenkins1000 | ip=192.168.36.106 | op=SEND_HEARTBEAT {datanodeUUID=134d4672-e322-4e4b-b7f3-5645abb0fe8c, command=[]} | ret=SUCCESS |  
2019-08-30 05:17:40,254 | INFO  | DNAudit | user=null | ip=null | op=WRITE_CHUNK {blockData=conID: 3 locID: 102704235157783012 bcsId: 1995} | ret=SUCCESS |  
2019-08-30 05:17:40,255 | INFO  | DNAudit | user=null | ip=null | op=WRITE_CHUNK {blockData=conID: 3 locID: 102704235157783012 bcsId: 1995} | ret=SUCCESS |  
2019-08-30 05:17:40,255 | INFO  | DNAudit | user=null | ip=null | op=PUT_BLOCK {blockData=[blockId=conID: 3 locID: 102704235157783012 bcsId: 0,size=3145728]} | ret=SUCCESS |  
2019-08-30 05:17:40,255 | INFO  | DNAudit | user=null | ip=null | op=PUT_BLOCK {blockData=[blockId=conID: 3 locID: 102704235157783012 bcsId: 0,size=3145728]} | ret=SUCCESS |  
2019-08-30 05:17:40,256 | INFO  | DNAudit | user=null | ip=null | op=WRITE_CHUNK {blockData=conID: 3 locID: 102704235157783012 bcsId: 2001} | ret=SUCCESS |  
2019-08-30 05:17:40,259 | INFO  | DNAudit | user=null | ip=null | op=WRITE_CHUNK {blockData=conID: 3 locID: 102704235157783012 bcsId: 2001} | ret=SUCCESS |  
2019-08-30 05:17:40,259 | INFO  | DNAudit | user=null | ip=null | op=WRITE_CHUNK {blockData=conID: 3 locID: 102704235157783012 bcsId: 2001} | ret=SUCCESS |  
2019-08-30 05:17:40,269 | INFO  | DNAudit | user=null | ip=null | op=WRITE_CHUNK {blockData=conID: 3 locID: 102704235157783012 bcsId: 2001} | ret=SUCCESS |  
2019-08-30 05:17:40,269 | INFO  | DNAudit | user=null | ip=null | op=PUT_BLOCK {blockData=[blockId=conID: 3 locID: 102704235157783012 bcsId: 0,size=4194304]} | ret=SUCCESS |  
2019-08-30 05:17:40,269 [grpc-default-executor-3] INFO  client.GrpcClientProtocolClient (GrpcClientProtocolClient.java:onNext(255)) - client-574492D41EE7->134d4672-e322-4e4b-b7f3-5645abb0fe8c: receive RaftClientReply:client-574492D41EE7->134d4672-e322-4e4b-b7f3-5645abb0fe8c@group-3CB1DFFBCDC2, cid=1415, SUCCESS, logIndex=2004, commits[134d4672-e322-4e4b-b7f3-5645abb0fe8c:c2005, 73af84f3-3e88-4c8c-894c-3ad307bcac8d:c2002, 730a25a1-dbec-44ed-975b-a44ab0096beb:c2002]
2019-08-30 05:17:40,270 [grpc-default-executor-3] INFO  client.GrpcClientProtocolClient (GrpcClientProtocolClient.java:onNext(255)) - client-574492D41EE7->134d4672-e322-4e4b-b7f3-5645abb0fe8c: receive RaftClientReply:client-574492D41EE7->134d4672-e322-4e4b-b7f3-5645abb0fe8c@group-3CB1DFFBCDC2, cid=1416, SUCCESS, logIndex=2005, commits[134d4672-e322-4e4b-b7f3-5645abb0fe8c:c2005, 73af84f3-3e88-4c8c-894c-3ad307bcac8d:c2002, 730a25a1-dbec-44ed-975b-a44ab0096beb:c2002]
2019-08-30 05:17:40,280 | INFO  | DNAudit | user=null | ip=null | op=WRITE_CHUNK {blockData=conID: 3 locID: 102704235157783012 bcsId: 2001} | ret=SUCCESS |  
2019-08-30 05:17:40,280 | INFO  | DNAudit | user=null | ip=null | op=WRITE_CHUNK {blockData=conID: 3 locID: 102704235157783012 bcsId: 2001} | ret=SUCCESS |  
2019-08-30 05:17:40,281 | INFO  | SCMAudit | user=jenkins1000 | ip=192.168.36.106 | op=SEND_HEARTBEAT {datanodeUUID=ea5d4b6b-4a08-401a-8c59-ecc1ca37daf5, command=[]} | ret=SUCCESS |  
 0.00% |█                                                                                                    |  0/1 Time: 0:00:092019-08-30 05:17:40,283 | INFO  | DNAudit | user=null | ip=null | op=PUT_BLOCK {blockData=[blockId=conID: 3 locID: 102704235157783012 bcsId: 0,size=4194304]} | ret=SUCCESS |  
2019-08-30 05:17:40,284 | INFO  | DNAudit | user=null | ip=null | op=PUT_BLOCK {blockData=[blockId=conID: 3 locID: 102704235157783012 bcsId: 0,size=4194304]} | ret=SUCCESS |  
2019-08-30 05:17:40,284 [grpc-default-executor-3] INFO  client.GrpcClientProtocolClient (GrpcClientProtocolClient.java:onNext(255)) - client-574492D41EE7->134d4672-e322-4e4b-b7f3-5645abb0fe8c: receive RaftClientReply:client-574492D41EE7->134d4672-e322-4e4b-b7f3-5645abb0fe8c@group-3CB1DFFBCDC2, cid=1417, SUCCESS, logIndex=0, commits[134d4672-e322-4e4b-b7f3-5645abb0fe8c:c2007, 73af84f3-3e88-4c8c-894c-3ad307bcac8d:c2005, 730a25a1-dbec-44ed-975b-a44ab0096beb:c2005]
2019-08-30 05:17:40,289 | INFO  | SCMAudit | user=jenkins1000 | ip=192.168.36.106 | op=ALLOCATE_BLOCK {owner=85755eb5-052d-48fa-b271-2fe4d8754e12, size=4194304, type=RATIS, factor=THREE} | ret=SUCCESS |  
2019-08-30 05:17:40,292 | INFO  | OMAudit | user=jenkins1000 | ip=127.0.0.1 | op=ALLOCATE_BLOCK {volume=vol-0-00977, bucket=bucket-0-44205, key=key-0-32850, dataSize=0, replicationType=null, replicationFactor=null, keyLocationInfo=null, clientID=102704234570776978} | ret=SUCCESS |  
2019-08-30 05:17:40,307 | INFO  | DNAudit | user=null | ip=null | op=WRITE_CHUNK {blockData=conID: 1 locID: 102704235170300389 bcsId: 0} | ret=SUCCESS |  
2019-08-30 05:17:40,310 | INFO  | DNAudit | user=null | ip=null | op=WRITE_CHUNK {blockData=conID: 1 locID: 102704235170300389 bcsId: 0} | ret=SUCCESS |  
2019-08-30 05:17:40,311 | INFO  | DNAudit | user=null | ip=null | op=WRITE_CHUNK {blockData=conID: 1 locID: 102704235170300389 bcsId: 0} | ret=SUCCESS |  
2019-08-30 05:17:40,312 | INFO  | DNAudit | user=null | ip=null | op=WRITE_CHUNK {blockData=conID: 1 locID: 102704235170300389 bcsId: 0} | ret=SUCCESS |  
2019-08-30 05:17:40,314 | INFO  | DNAudit | user=null | ip=null | op=WRITE_CHUNK {blockData=conID: 1 locID: 102704235170300389 bcsId: 0} | ret=SUCCESS |  
2019-08-30 05:17:40,315 | INFO  | DNAudit | user=null | ip=null | op=WRITE_CHUNK {blockData=conID: 1 locID: 102704235170300389 bcsId: 0} | ret=SUCCESS |  
2019-08-30 05:17:40,321 | INFO  | DNAudit | user=null | ip=null | op=WRITE_CHUNK {blockData=conID: 1 locID: 102704235170300389 bcsId: 0} | ret=SUCCESS |  
2019-08-30 05:17:40,321 | INFO  | DNAudit | user=null | ip=null | op=PUT_BLOCK {blockData=[blockId=conID: 1 locID: 102704235170300389 bcsId: 0,size=1048576]} | ret=SUCCESS |  
2019-08-30 05:17:40,322 | INFO  | DNAudit | user=null | ip=null | op=WRITE_CHUNK {blockData=conID: 1 locID: 102704235170300389 bcsId: 0} | ret=SUCCESS |  
2019-08-30 05:17:40,322 | INFO  | DNAudit | user=null | ip=null | op=PUT_BLOCK {blockData=[blockId=conID: 1 locID: 102704235170300389 bcsId: 0,size=2097152]} | ret=SUCCESS |  
2019-08-30 05:17:40,322 [grpc-default-executor-1] INFO  client.GrpcClientProtocolClient (GrpcClientProtocolClient.java:onNext(255)) - client-574492D41EE7->134d4672-e322-4e4b-b7f3-5645abb0fe8c: receive RaftClientReply:client-574492D41EE7->134d4672-e322-4e4b-b7f3-5645abb0fe8c@group-3CB1DFFBCDC2, cid=1418, SUCCESS, logIndex=2008, commits[134d4672-e322-4e4b-b7f3-5645abb0fe8c:c2011, 73af84f3-3e88-4c8c-894c-3ad307bcac8d:c2005, 730a25a1-dbec-44ed-975b-a44ab0096beb:c2007]
2019-08-30 05:17:40,323 [grpc-default-executor-1] INFO  client.GrpcClientProtocolClient (GrpcClientProtocolClient.java:onNext(255)) - client-574492D41EE7->134d4672-e322-4e4b-b7f3-5645abb0fe8c: receive RaftClientReply:client-574492D41EE7->134d4672-e322-4e4b-b7f3-5645abb0fe8c@group-3CB1DFFBCDC2, cid=1419, SUCCESS, logIndex=2009, commits[134d4672-e322-4e4b-b7f3-5645abb0fe8c:c2011, 73af84f3-3e88-4c8c-894c-3ad307bcac8d:c2007, 730a25a1-dbec-44ed-975b-a44ab0096beb:c2007]
2019-08-30 05:17:40,323 [grpc-default-executor-1] INFO  client.GrpcClientProtocolClient (GrpcClientProtocolClient.java:onNext(255)) - client-574492D41EE7->134d4672-e322-4e4b-b7f3-5645abb0fe8c: receive RaftClientReply:client-574492D41EE7->134d4672-e322-4e4b-b7f3-5645abb0fe8c@group-3CB1DFFBCDC2, cid=1420, SUCCESS, logIndex=2010, commits[134d4672-e322-4e4b-b7f3-5645abb0fe8c:c2011, 73af84f3-3e88-4c8c-894c-3ad307bcac8d:c2007, 730a25a1-dbec-44ed-975b-a44ab0096beb:c2007]
2019-08-30 05:17:40,323 [grpc-default-executor-1] INFO  client.GrpcClientProtocolClient (GrpcClientProtocolClient.java:onNext(255)) - client-574492D41EE7->134d4672-e322-4e4b-b7f3-5645abb0fe8c: receive RaftClientReply:client-574492D41EE7->134d4672-e322-4e4b-b7f3-5645abb0fe8c@group-3CB1DFFBCDC2, cid=1421, SUCCESS, logIndex=2011, commits[134d4672-e322-4e4b-b7f3-5645abb0fe8c:c2011, 73af84f3-3e88-4c8c-894c-3ad307bcac8d:c2007, 730a25a1-dbec-44ed-975b-a44ab0096beb:c2007]
2019-08-30 05:17:40,324 | INFO  | DNAudit | user=null | ip=null | op=WRITE_CHUNK {blockData=conID: 1 locID: 102704235170300389 bcsId: 0} | ret=SUCCESS |  
2019-08-30 05:17:40,324 | INFO  | DNAudit | user=null | ip=null | op=WRITE_CHUNK {blockData=conID: 1 locID: 102704235170300389 bcsId: 0} | ret=SUCCESS |  
2019-08-30 05:17:40,324 | INFO  | DNAudit | user=null | ip=null | op=PUT_BLOCK {blockData=[blockId=conID: 1 locID: 102704235170300389 bcsId: 0,size=1048576]} | ret=SUCCESS |  
2019-08-30 05:17:40,335 | INFO  | DNAudit | user=null | ip=null | op=PUT_BLOCK {blockData=[blockId=conID: 1 locID: 102704235170300389 bcsId: 0,size=1048576]} | ret=SUCCESS |  
2019-08-30 05:17:40,335 | INFO  | DNAudit | user=null | ip=null | op=WRITE_CHUNK {blockData=conID: 1 locID: 102704235170300389 bcsId: 0} | ret=SUCCESS |  
2019-08-30 05:17:40,336 | INFO  | DNAudit | user=null | ip=null | op=PUT_BLOCK {blockData=[blockId=conID: 1 locID: 102704235170300389 bcsId: 0,size=2097152]} | ret=SUCCESS |  
2019-08-30 05:17:40,336 | INFO  | DNAudit | user=null | ip=null | op=WRITE_CHUNK {blockData=conID: 1 locID: 102704235170300389 bcsId: 0} | ret=SUCCESS |  
2019-08-30 05:17:40,336 | INFO  | DNAudit | user=null | ip=null | op=PUT_BLOCK {blockData=[blockId=conID: 1 locID: 102704235170300389 bcsId: 0,size=2097152]} | ret=SUCCESS |  
2019-08-30 05:17:40,337 [grpc-default-executor-1] INFO  client.GrpcClientProtocolClient (GrpcClientProtocolClient.java:onNext(255)) - client-574492D41EE7->134d4672-e322-4e4b-b7f3-5645abb0fe8c: receive RaftClientReply:client-574492D41EE7->134d4672-e322-4e4b-b7f3-5645abb0fe8c@group-3CB1DFFBCDC2, cid=1422, SUCCESS, logIndex=0, commits[134d4672-e322-4e4b-b7f3-5645abb0fe8c:c2013, 73af84f3-3e88-4c8c-894c-3ad307bcac8d:c2009, 730a25a1-dbec-44ed-975b-a44ab0096beb:c2009]
2019-08-30 05:17:40,346 | INFO  | DNAudit | user=null | ip=null | op=WRITE_CHUNK {blockData=conID: 1 locID: 102704235170300389 bcsId: 2011} | ret=SUCCESS |  
2019-08-30 05:17:40,349 | INFO  | DNAudit | user=null | ip=null | op=WRITE_CHUNK {blockData=conID: 1 locID: 102704235170300389 bcsId: 2011} | ret=SUCCESS |  
2019-08-30 05:17:40,349 | INFO  | DNAudit | user=null | ip=null | op=WRITE_CHUNK {blockData=conID: 1 locID: 102704235170300389 bcsId: 2011} | ret=SUCCESS |  
2019-08-30 05:17:40,358 | INFO  | DNAudit | user=null | ip=null | op=WRITE_CHUNK {blockData=conID: 1 locID: 102704235170300389 bcsId: 2011} | ret=SUCCESS |  
2019-08-30 05:17:40,359 | INFO  | DNAudit | user=null | ip=null | op=PUT_BLOCK {blockData=[blockId=conID: 1 locID: 102704235170300389 bcsId: 0,size=3145728]} | ret=SUCCESS |  
2019-08-30 05:17:40,359 [grpc-default-executor-3] INFO  client.GrpcClientProtocolClient (GrpcClientProtocolClient.java:onNext(255)) - client-574492D41EE7->134d4672-e322-4e4b-b7f3-5645abb0fe8c: receive RaftClientReply:client-574492D41EE7->134d4672-e322-4e4b-b7f3-5645abb0fe8c@group-3CB1DFFBCDC2, cid=1423, SUCCESS, logIndex=2016, commits[134d4672-e322-4e4b-b7f3-5645abb0fe8c:c2017, 73af84f3-3e88-4c8c-894c-3ad307bcac8d:c2015, 730a25a1-dbec-44ed-975b-a44ab0096beb:c2015]
2019-08-30 05:17:40,360 [grpc-default-executor-3] INFO  client.GrpcClientProtocolClient (GrpcClientProtocolClient.java:onNext(255)) - client-574492D41EE7->134d4672-e322-4e4b-b7f3-5645abb0fe8c: receive RaftClientReply:client-574492D41EE7->134d4672-e322-4e4b-b7f3-5645abb0fe8c@group-3CB1DFFBCDC2, cid=1424, SUCCESS, logIndex=2017, commits[134d4672-e322-4e4b-b7f3-5645abb0fe8c:c2017, 73af84f3-3e88-4c8c-894c-3ad307bcac8d:c2015, 730a25a1-dbec-44ed-975b-a44ab0096beb:c2015]
2019-08-30 05:17:40,371 | INFO  | DNAudit | user=null | ip=null | op=WRITE_CHUNK {blockData=conID: 1 locID: 102704235170300389 bcsId: 2017} | ret=SUCCESS |  
2019-08-30 05:17:40,371 | INFO  | DNAudit | user=null | ip=null | op=WRITE_CHUNK {blockData=conID: 1 locID: 102704235170300389 bcsId: 2011} | ret=SUCCESS |  
2019-08-30 05:17:40,371 | INFO  | DNAudit | user=null | ip=null | op=WRITE_CHUNK {blockData=conID: 1 locID: 102704235170300389 bcsId: 2011} | ret=SUCCESS |  
2019-08-30 05:17:40,372 | INFO  | DNAudit | user=null | ip=null | op=PUT_BLOCK {blockData=[blockId=conID: 1 locID: 102704235170300389 bcsId: 0,size=3145728]} | ret=SUCCESS |  
2019-08-30 05:17:40,372 | INFO  | DNAudit | user=null | ip=null | op=PUT_BLOCK {blockData=[blockId=conID: 1 locID: 102704235170300389 bcsId: 0,size=3145728]} | ret=SUCCESS |  
2019-08-30 05:17:40,374 | INFO  | DNAudit | user=null | ip=null | op=WRITE_CHUNK {blockData=conID: 1 locID: 102704235170300389 bcsId: 2017} | ret=SUCCESS |  
2019-08-30 05:17:40,374 | INFO  | DNAudit | user=null | ip=null | op=WRITE_CHUNK {blockData=conID: 1 locID: 102704235170300389 bcsId: 2017} | ret=SUCCESS |  
2019-08-30 05:17:40,398 | INFO  | DNAudit | user=null | ip=null | op=WRITE_CHUNK {blockData=conID: 1 locID: 102704235170300389 bcsId: 2017} | ret=SUCCESS |  
2019-08-30 05:17:40,399 | INFO  | DNAudit | user=null | ip=null | op=PUT_BLOCK {blockData=[blockId=conID: 1 locID: 102704235170300389 bcsId: 0,size=4194304]} | ret=SUCCESS |  
2019-08-30 05:17:40,399 [grpc-default-executor-6] INFO  client.GrpcClientProtocolClient (GrpcClientProtocolClient.java:onNext(255)) - client-574492D41EE7->134d4672-e322-4e4b-b7f3-5645abb0fe8c: receive RaftClientReply:client-574492D41EE7->134d4672-e322-4e4b-b7f3-5645abb0fe8c@group-3CB1DFFBCDC2, cid=1425, SUCCESS, logIndex=2020, commits[134d4672-e322-4e4b-b7f3-5645abb0fe8c:c2020, 73af84f3-3e88-4c8c-894c-3ad307bcac8d:c2017, 730a25a1-dbec-44ed-975b-a44ab0096beb:c2017]
2019-08-30 05:17:40,400 [grpc-default-executor-6] INFO  client.GrpcClientProtocolClient (GrpcClientProtocolClient.java:onNext(255)) - client-574492D41EE7->134d4672-e322-4e4b-b7f3-5645abb0fe8c: receive RaftClientReply:client-574492D41EE7->134d4672-e322-4e4b-b7f3-5645abb0fe8c@group-3CB1DFFBCDC2, cid=1426, SUCCESS, logIndex=2021, commits[134d4672-e322-4e4b-b7f3-5645abb0fe8c:c2021, 73af84f3-3e88-4c8c-894c-3ad307bcac8d:c2017, 730a25a1-dbec-44ed-975b-a44ab0096beb:c2017]
2019-08-30 05:17:40,418 | INFO  | DNAudit | user=null | ip=null | op=WRITE_CHUNK {blockData=conID: 1 locID: 102704235170300389 bcsId: 2017} | ret=SUCCESS |  
2019-08-30 05:17:40,418 | INFO  | DNAudit | user=null | ip=null | op=WRITE_CHUNK {blockData=conID: 1 locID: 102704235170300389 bcsId: 2017} | ret=SUCCESS |  
2019-08-30 05:17:40,421 | INFO  | DNAudit | user=null | ip=null | op=PUT_BLOCK {blockData=[blockId=conID: 1 locID: 102704235170300389 bcsId: 0,size=4194304]} | ret=SUCCESS |  
2019-08-30 05:17:40,421 | INFO  | DNAudit | user=null | ip=null | op=PUT_BLOCK {blockData=[blockId=conID: 1 locID: 102704235170300389 bcsId: 0,size=4194304]} | ret=SUCCESS |  
2019-08-30 05:17:40,422 [grpc-default-executor-6] INFO  client.GrpcClientProtocolClient (GrpcClientProtocolClient.java:onNext(255)) - client-574492D41EE7->134d4672-e322-4e4b-b7f3-5645abb0fe8c: receive RaftClientReply:client-574492D41EE7->134d4672-e322-4e4b-b7f3-5645abb0fe8c@group-3CB1DFFBCDC2, cid=1427, SUCCESS, logIndex=0, commits[134d4672-e322-4e4b-b7f3-5645abb0fe8c:c2023, 73af84f3-3e88-4c8c-894c-3ad307bcac8d:c2021, 730a25a1-dbec-44ed-975b-a44ab0096beb:c2021]
2019-08-30 05:17:40,427 | INFO  | SCMAudit | user=jenkins1000 | ip=192.168.36.106 | op=ALLOCATE_BLOCK {owner=85755eb5-052d-48fa-b271-2fe4d8754e12, size=4194304, type=RATIS, factor=THREE} | ret=SUCCESS |  
2019-08-30 05:17:40,430 | INFO  | OMAudit | user=jenkins1000 | ip=127.0.0.1 | op=ALLOCATE_BLOCK {volume=vol-0-00977, bucket=bucket-0-44205, key=key-0-32850, dataSize=0, replicationType=null, replicationFactor=null, keyLocationInfo=null, clientID=102704234570776978} | ret=SUCCESS |  
2019-08-30 05:17:40,440 | INFO  | DNAudit | user=null | ip=null | op=WRITE_CHUNK {blockData=conID: 2 locID: 102704235179344358 bcsId: 0} | ret=SUCCESS |  
2019-08-30 05:17:40,444 | INFO  | DNAudit | user=null | ip=null | op=WRITE_CHUNK {blockData=conID: 2 locID: 102704235179344358 bcsId: 0} | ret=SUCCESS |  
2019-08-30 05:17:40,445 | INFO  | DNAudit | user=null | ip=null | op=WRITE_CHUNK {blockData=conID: 2 locID: 102704235179344358 bcsId: 0} | ret=SUCCESS |  
2019-08-30 05:17:40,446 | INFO  | DNAudit | user=null | ip=null | op=WRITE_CHUNK {blockData=conID: 2 locID: 102704235179344358 bcsId: 0} | ret=SUCCESS |  
2019-08-30 05:17:40,449 | INFO  | DNAudit | user=null | ip=null | op=WRITE_CHUNK {blockData=conID: 2 locID: 102704235179344358 bcsId: 0} | ret=SUCCESS |  
2019-08-30 05:17:40,449 | INFO  | DNAudit | user=null | ip=null | op=WRITE_CHUNK {blockData=conID: 2 locID: 102704235179344358 bcsId: 0} | ret=SUCCESS |  
2019-08-30 05:17:40,453 | INFO  | DNAudit | user=null | ip=null | op=WRITE_CHUNK {blockData=conID: 2 locID: 102704235179344358 bcsId: 0} | ret=SUCCESS |  
2019-08-30 05:17:40,454 | INFO  | DNAudit | user=null | ip=null | op=PUT_BLOCK {blockData=[blockId=conID: 2 locID: 102704235179344358 bcsId: 0,size=1048576]} | ret=SUCCESS |  
2019-08-30 05:17:40,455 | INFO  | DNAudit | user=null | ip=null | op=WRITE_CHUNK {blockData=conID: 2 locID: 102704235179344358 bcsId: 0} | ret=SUCCESS |  
2019-08-30 05:17:40,455 [grpc-default-executor-3] INFO  client.GrpcClientProtocolClient (GrpcClientProtocolClient.java:onNext(255)) - client-574492D41EE7->134d4672-e322-4e4b-b7f3-5645abb0fe8c: receive RaftClientReply:client-574492D41EE7->134d4672-e322-4e4b-b7f3-5645abb0fe8c@group-3CB1DFFBCDC2, cid=1428, SUCCESS, logIndex=2024, commits[134d4672-e322-4e4b-b7f3-5645abb0fe8c:c2025, 73af84f3-3e88-4c8c-894c-3ad307bcac8d:c2023, 730a25a1-dbec-44ed-975b-a44ab0096beb:c2023]
2019-08-30 05:17:40,455 | INFO  | DNAudit | user=null | ip=null | op=PUT_BLOCK {blockData=[blockId=conID: 2 locID: 102704235179344358 bcsId: 0,size=2097152]} | ret=SUCCESS |  
2019-08-30 05:17:40,455 [grpc-default-executor-3] INFO  client.GrpcClientProtocolClient (GrpcClientProtocolClient.java:onNext(255)) - client-574492D41EE7->134d4672-e322-4e4b-b7f3-5645abb0fe8c: receive RaftClientReply:client-574492D41EE7->134d4672-e322-4e4b-b7f3-5645abb0fe8c@group-3CB1DFFBCDC2, cid=1429, SUCCESS, logIndex=2025, commits[134d4672-e322-4e4b-b7f3-5645abb0fe8c:c2025, 73af84f3-3e88-4c8c-894c-3ad307bcac8d:c2023, 730a25a1-dbec-44ed-975b-a44ab0096beb:c2023]
2019-08-30 05:17:40,456 [grpc-default-executor-3] INFO  client.GrpcClientProtocolClient (GrpcClientProtocolClient.java:onNext(255)) - client-574492D41EE7->134d4672-e322-4e4b-b7f3-5645abb0fe8c: receive RaftClientReply:client-574492D41EE7->134d4672-e322-4e4b-b7f3-5645abb0fe8c@group-3CB1DFFBCDC2, cid=1430, SUCCESS, logIndex=2026, commits[134d4672-e322-4e4b-b7f3-5645abb0fe8c:c2027, 73af84f3-3e88-4c8c-894c-3ad307bcac8d:c2023, 730a25a1-dbec-44ed-975b-a44ab0096beb:c2023]
2019-08-30 05:17:40,457 | INFO  | DNAudit | user=null | ip=null | op=WRITE_CHUNK {blockData=conID: 2 locID: 102704235179344358 bcsId: 0} | ret=SUCCESS |  
2019-08-30 05:17:40,456 [grpc-default-executor-3] INFO  client.GrpcClientProtocolClient (GrpcClientProtocolClient.java:onNext(255)) - client-574492D41EE7->134d4672-e322-4e4b-b7f3-5645abb0fe8c: receive RaftClientReply:client-574492D41EE7->134d4672-e322-4e4b-b7f3-5645abb0fe8c@group-3CB1DFFBCDC2, cid=1431, SUCCESS, logIndex=2027, commits[134d4672-e322-4e4b-b7f3-5645abb0fe8c:c2027, 73af84f3-3e88-4c8c-894c-3ad307bcac8d:c2023, 730a25a1-dbec-44ed-975b-a44ab0096beb:c2023]
2019-08-30 05:17:40,468 | INFO  | DNAudit | user=null | ip=null | op=WRITE_CHUNK {blockData=conID: 2 locID: 102704235179344358 bcsId: 0} | ret=SUCCESS |  
2019-08-30 05:17:40,468 | INFO  | DNAudit | user=null | ip=null | op=PUT_BLOCK {blockData=[blockId=conID: 2 locID: 102704235179344358 bcsId: 0,size=1048576]} | ret=SUCCESS |  
2019-08-30 05:17:40,468 | INFO  | DNAudit | user=null | ip=null | op=PUT_BLOCK {blockData=[blockId=conID: 2 locID: 102704235179344358 bcsId: 0,size=1048576]} | ret=SUCCESS |  
2019-08-30 05:17:40,469 | INFO  | DNAudit | user=null | ip=null | op=WRITE_CHUNK {blockData=conID: 2 locID: 102704235179344358 bcsId: 0} | ret=SUCCESS |  
2019-08-30 05:17:40,469 | INFO  | DNAudit | user=null | ip=null | op=WRITE_CHUNK {blockData=conID: 2 locID: 102704235179344358 bcsId: 0} | ret=SUCCESS |  
2019-08-30 05:17:40,469 | INFO  | DNAudit | user=null | ip=null | op=PUT_BLOCK {blockData=[blockId=conID: 2 locID: 102704235179344358 bcsId: 0,size=2097152]} | ret=SUCCESS |  
2019-08-30 05:17:40,469 | INFO  | DNAudit | user=null | ip=null | op=PUT_BLOCK {blockData=[blockId=conID: 2 locID: 102704235179344358 bcsId: 0,size=2097152]} | ret=SUCCESS |  
2019-08-30 05:17:40,469 [grpc-default-executor-5] INFO  client.GrpcClientProtocolClient (GrpcClientProtocolClient.java:onNext(255)) - client-574492D41EE7->134d4672-e322-4e4b-b7f3-5645abb0fe8c: receive RaftClientReply:client-574492D41EE7->134d4672-e322-4e4b-b7f3-5645abb0fe8c@group-3CB1DFFBCDC2, cid=1432, SUCCESS, logIndex=0, commits[134d4672-e322-4e4b-b7f3-5645abb0fe8c:c2029, 73af84f3-3e88-4c8c-894c-3ad307bcac8d:c2025, 730a25a1-dbec-44ed-975b-a44ab0096beb:c2025]
2019-08-30 05:17:40,479 | INFO  | DNAudit | user=null | ip=null | op=WRITE_CHUNK {blockData=conID: 2 locID: 102704235179344358 bcsId: 2027} | ret=SUCCESS |  
2019-08-30 05:17:40,482 | INFO  | DNAudit | user=null | ip=null | op=WRITE_CHUNK {blockData=conID: 2 locID: 102704235179344358 bcsId: 2027} | ret=SUCCESS |  
2019-08-30 05:17:40,482 | INFO  | DNAudit | user=null | ip=null | op=WRITE_CHUNK {blockData=conID: 2 locID: 102704235179344358 bcsId: 2027} | ret=SUCCESS |  
2019-08-30 05:17:40,492 | INFO  | DNAudit | user=null | ip=null | op=WRITE_CHUNK {blockData=conID: 2 locID: 102704235179344358 bcsId: 2027} | ret=SUCCESS |  
2019-08-30 05:17:40,493 | INFO  | DNAudit | user=null | ip=null | op=PUT_BLOCK {blockData=[blockId=conID: 2 locID: 102704235179344358 bcsId: 0,size=3145728]} | ret=SUCCESS |  
2019-08-30 05:17:40,493 [grpc-default-executor-3] INFO  client.GrpcClientProtocolClient (GrpcClientProtocolClient.java:onNext(255)) - client-574492D41EE7->134d4672-e322-4e4b-b7f3-5645abb0fe8c: receive RaftClientReply:client-574492D41EE7->134d4672-e322-4e4b-b7f3-5645abb0fe8c@group-3CB1DFFBCDC2, cid=1433, SUCCESS, logIndex=2031, commits[134d4672-e322-4e4b-b7f3-5645abb0fe8c:c2032, 73af84f3-3e88-4c8c-894c-3ad307bcac8d:c2030, 730a25a1-dbec-44ed-975b-a44ab0096beb:c2030]
2019-08-30 05:17:40,494 [grpc-default-executor-3] INFO  client.GrpcClientProtocolClient (GrpcClientProtocolClient.java:onNext(255)) - client-574492D41EE7->134d4672-e322-4e4b-b7f3-5645abb0fe8c: receive RaftClientReply:client-574492D41EE7->134d4672-e322-4e4b-b7f3-5645abb0fe8c@group-3CB1DFFBCDC2, cid=1434, SUCCESS, logIndex=2032, commits[134d4672-e322-4e4b-b7f3-5645abb0fe8c:c2032, 73af84f3-3e88-4c8c-894c-3ad307bcac8d:c2030, 730a25a1-dbec-44ed-975b-a44ab0096beb:c2030]
2019-08-30 05:17:40,503 | INFO  | DNAudit | user=null | ip=null | op=WRITE_CHUNK {blockData=conID: 2 locID: 102704235179344358 bcsId: 2032} | ret=SUCCESS |  
2019-08-30 05:17:40,504 | INFO  | DNAudit | user=null | ip=null | op=WRITE_CHUNK {blockData=conID: 2 locID: 102704235179344358 bcsId: 2027} | ret=SUCCESS |  
2019-08-30 05:17:40,504 | INFO  | DNAudit | user=null | ip=null | op=WRITE_CHUNK {blockData=conID: 2 locID: 102704235179344358 bcsId: 2027} | ret=SUCCESS |  
2019-08-30 05:17:40,504 | INFO  | DNAudit | user=null | ip=null | op=PUT_BLOCK {blockData=[blockId=conID: 2 locID: 102704235179344358 bcsId: 0,size=3145728]} | ret=SUCCESS |  
2019-08-30 05:17:40,505 | INFO  | DNAudit | user=null | ip=null | op=PUT_BLOCK {blockData=[blockId=conID: 2 locID: 102704235179344358 bcsId: 0,size=3145728]} | ret=SUCCESS |  
2019-08-30 05:17:40,506 | INFO  | DNAudit | user=null | ip=null | op=WRITE_CHUNK {blockData=conID: 2 locID: 102704235179344358 bcsId: 2032} | ret=SUCCESS |  
2019-08-30 05:17:40,508 | INFO  | DNAudit | user=null | ip=null | op=WRITE_CHUNK {blockData=conID: 2 locID: 102704235179344358 bcsId: 2032} | ret=SUCCESS |  
2019-08-30 05:17:40,518 | INFO  | DNAudit | user=null | ip=null | op=WRITE_CHUNK {blockData=conID: 2 locID: 102704235179344358 bcsId: 2032} | ret=SUCCESS |  
2019-08-30 05:17:40,519 | INFO  | DNAudit | user=null | ip=null | op=PUT_BLOCK {blockData=[blockId=conID: 2 locID: 102704235179344358 bcsId: 0,size=4194304]} | ret=SUCCESS |  
2019-08-30 05:17:40,520 [grpc-default-executor-3] INFO  client.GrpcClientProtocolClient (GrpcClientProtocolClient.java:onNext(255)) - client-574492D41EE7->134d4672-e322-4e4b-b7f3-5645abb0fe8c: receive RaftClientReply:client-574492D41EE7->134d4672-e322-4e4b-b7f3-5645abb0fe8c@group-3CB1DFFBCDC2, cid=1435, SUCCESS, logIndex=2035, commits[134d4672-e322-4e4b-b7f3-5645abb0fe8c:c2036, 73af84f3-3e88-4c8c-894c-3ad307bcac8d:c2032, 730a25a1-dbec-44ed-975b-a44ab0096beb:c2032]
2019-08-30 05:17:40,521 | INFO  | DNAudit | user=null | ip=null | op=WRITE_CHUNK {blockData=conID: 2 locID: 102704235179344358 bcsId: 2032} | ret=SUCCESS |  
2019-08-30 05:17:40,521 | INFO  | DNAudit | user=null | ip=null | op=WRITE_CHUNK {blockData=conID: 2 locID: 102704235179344358 bcsId: 2032} | ret=SUCCESS |  
2019-08-30 05:17:40,521 | INFO  | DNAudit | user=null | ip=null | op=PUT_BLOCK {blockData=[blockId=conID: 2 locID: 102704235179344358 bcsId: 0,size=4194304]} | ret=SUCCESS |  
2019-08-30 05:17:40,521 [grpc-default-executor-3] INFO  client.GrpcClientProtocolClient (GrpcClientProtocolClient.java:onNext(255)) - client-574492D41EE7->134d4672-e322-4e4b-b7f3-5645abb0fe8c: receive RaftClientReply:client-574492D41EE7->134d4672-e322-4e4b-b7f3-5645abb0fe8c@group-3CB1DFFBCDC2, cid=1436, SUCCESS, logIndex=2036, commits[134d4672-e322-4e4b-b7f3-5645abb0fe8c:c2036, 73af84f3-3e88-4c8c-894c-3ad307bcac8d:c2032, 730a25a1-dbec-44ed-975b-a44ab0096beb:c2032]
2019-08-30 05:17:40,521 | INFO  | DNAudit | user=null | ip=null | op=PUT_BLOCK {blockData=[blockId=conID: 2 locID: 102704235179344358 bcsId: 0,size=4194304]} | ret=SUCCESS |  
2019-08-30 05:17:40,522 [grpc-default-executor-3] INFO  client.GrpcClientProtocolClient (GrpcClientProtocolClient.java:onNext(255)) - client-574492D41EE7->134d4672-e322-4e4b-b7f3-5645abb0fe8c: receive RaftClientReply:client-574492D41EE7->134d4672-e322-4e4b-b7f3-5645abb0fe8c@group-3CB1DFFBCDC2, cid=1437, SUCCESS, logIndex=0, commits[134d4672-e322-4e4b-b7f3-5645abb0fe8c:c2037, 73af84f3-3e88-4c8c-894c-3ad307bcac8d:c2036, 730a25a1-dbec-44ed-975b-a44ab0096beb:c2036]
2019-08-30 05:17:40,527 | INFO  | SCMAudit | user=jenkins1000 | ip=192.168.36.106 | op=ALLOCATE_BLOCK {owner=85755eb5-052d-48fa-b271-2fe4d8754e12, size=4194304, type=RATIS, factor=THREE} | ret=SUCCESS |  
2019-08-30 05:17:40,530 | INFO  | OMAudit | user=jenkins1000 | ip=127.0.0.1 | op=ALLOCATE_BLOCK {volume=vol-0-00977, bucket=bucket-0-44205, key=key-0-32850, dataSize=0, replicationType=null, replicationFactor=null, keyLocationInfo=null, clientID=102704234570776978} | ret=SUCCESS |  
2019-08-30 05:17:40,538 | INFO  | DNAudit | user=null | ip=null | op=WRITE_CHUNK {blockData=conID: 3 locID: 102704235185897959 bcsId: 0} | ret=SUCCESS |  
2019-08-30 05:17:40,541 | INFO  | DNAudit | user=null | ip=null | op=WRITE_CHUNK {blockData=conID: 3 locID: 102704235185897959 bcsId: 0} | ret=SUCCESS |  
2019-08-30 05:17:40,542 | INFO  | DNAudit | user=null | ip=null | op=WRITE_CHUNK {blockData=conID: 3 locID: 102704235185897959 bcsId: 0} | ret=SUCCESS |  
2019-08-30 05:17:40,542 | INFO  | DNAudit | user=null | ip=null | op=WRITE_CHUNK {blockData=conID: 3 locID: 102704235185897959 bcsId: 0} | ret=SUCCESS |  
2019-08-30 05:17:40,545 | INFO  | DNAudit | user=null | ip=null | op=WRITE_CHUNK {blockData=conID: 3 locID: 102704235185897959 bcsId: 0} | ret=SUCCESS |  
2019-08-30 05:17:40,545 | INFO  | DNAudit | user=null | ip=null | op=WRITE_CHUNK {blockData=conID: 3 locID: 102704235185897959 bcsId: 0} | ret=SUCCESS |  
2019-08-30 05:17:40,548 | INFO  | SCMAudit | user=jenkins1000 | ip=192.168.36.106 | op=SEND_HEARTBEAT {datanodeUUID=b91a4442-fd83-4a66-bee2-5c7959dbabc3, command=[]} | ret=SUCCESS |  
2019-08-30 05:17:40,551 | INFO  | DNAudit | user=null | ip=null | op=WRITE_CHUNK {blockData=conID: 3 locID: 102704235185897959 bcsId: 0} | ret=SUCCESS |  
2019-08-30 05:17:40,551 | INFO  | DNAudit | user=null | ip=null | op=PUT_BLOCK {blockData=[blockId=conID: 3 locID: 102704235185897959 bcsId: 0,size=1048576]} | ret=SUCCESS |  
2019-08-30 05:17:40,552 | INFO  | DNAudit | user=null | ip=null | op=WRITE_CHUNK {blockData=conID: 3 locID: 102704235185897959 bcsId: 0} | ret=SUCCESS |  
2019-08-30 05:17:40,552 | INFO  | DNAudit | user=null | ip=null | op=PUT_BLOCK {blockData=[blockId=conID: 3 locID: 102704235185897959 bcsId: 0,size=2097152]} | ret=SUCCESS |  
2019-08-30 05:17:40,552 [grpc-default-executor-5] INFO  client.GrpcClientProtocolClient (GrpcClientProtocolClient.java:onNext(255)) - client-574492D41EE7->134d4672-e322-4e4b-b7f3-5645abb0fe8c: receive RaftClientReply:client-574492D41EE7->134d4672-e322-4e4b-b7f3-5645abb0fe8c@group-3CB1DFFBCDC2, cid=1438, SUCCESS, logIndex=2039, commits[134d4672-e322-4e4b-b7f3-5645abb0fe8c:c2040, 73af84f3-3e88-4c8c-894c-3ad307bcac8d:c2038, 730a25a1-dbec-44ed-975b-a44ab0096beb:c2038]
2019-08-30 05:17:40,552 [grpc-default-executor-5] INFO  client.GrpcClientProtocolClient (GrpcClientProtocolClient.java:onNext(255)) - client-574492D41EE7->134d4672-e322-4e4b-b7f3-5645abb0fe8c: receive RaftClientReply:client-574492D41EE7->134d4672-e322-4e4b-b7f3-5645abb0fe8c@group-3CB1DFFBCDC2, cid=1439, SUCCESS, logIndex=2040, commits[134d4672-e322-4e4b-b7f3-5645abb0fe8c:c2041, 73af84f3-3e88-4c8c-894c-3ad307bcac8d:c2038, 730a25a1-dbec-44ed-975b-a44ab0096beb:c2038]
2019-08-30 05:17:40,553 [grpc-default-executor-5] INFO  client.GrpcClientProtocolClient (GrpcClientProtocolClient.java:onNext(255)) - client-574492D41EE7->134d4672-e322-4e4b-b7f3-5645abb0fe8c: receive RaftClientReply:client-574492D41EE7->134d4672-e322-4e4b-b7f3-5645abb0fe8c@group-3CB1DFFBCDC2, cid=1440, SUCCESS, logIndex=2041, commits[134d4672-e322-4e4b-b7f3-5645abb0fe8c:c2042, 73af84f3-3e88-4c8c-894c-3ad307bcac8d:c2038, 730a25a1-dbec-44ed-975b-a44ab0096beb:c2038]
2019-08-30 05:17:40,553 [grpc-default-executor-5] INFO  client.GrpcClientProtocolClient (GrpcClientProtocolClient.java:onNext(255)) - client-574492D41EE7->134d4672-e322-4e4b-b7f3-5645abb0fe8c: receive RaftClientReply:client-574492D41EE7->134d4672-e322-4e4b-b7f3-5645abb0fe8c@group-3CB1DFFBCDC2, cid=1441, SUCCESS, logIndex=2042, commits[134d4672-e322-4e4b-b7f3-5645abb0fe8c:c2042, 73af84f3-3e88-4c8c-894c-3ad307bcac8d:c2038, 730a25a1-dbec-44ed-975b-a44ab0096beb:c2038]
2019-08-30 05:17:40,554 | INFO  | DNAudit | user=null | ip=null | op=WRITE_CHUNK {blockData=conID: 3 locID: 102704235185897959 bcsId: 0} | ret=SUCCESS |  
2019-08-30 05:17:40,554 | INFO  | DNAudit | user=null | ip=null | op=PUT_BLOCK {blockData=[blockId=conID: 3 locID: 102704235185897959 bcsId: 0,size=1048576]} | ret=SUCCESS |  
2019-08-30 05:17:40,565 | INFO  | DNAudit | user=null | ip=null | op=WRITE_CHUNK {blockData=conID: 3 locID: 102704235185897959 bcsId: 0} | ret=SUCCESS |  
2019-08-30 05:17:40,565 | INFO  | DNAudit | user=null | ip=null | op=PUT_BLOCK {blockData=[blockId=conID: 3 locID: 102704235185897959 bcsId: 0,size=1048576]} | ret=SUCCESS |  
2019-08-30 05:17:40,566 [grpc-default-executor-5] INFO  client.GrpcClientProtocolClient (GrpcClientProtocolClient.java:onNext(255)) - client-574492D41EE7->134d4672-e322-4e4b-b7f3-5645abb0fe8c: receive RaftClientReply:client-574492D41EE7->134d4672-e322-4e4b-b7f3-5645abb0fe8c@group-3CB1DFFBCDC2, cid=1442, SUCCESS, logIndex=0, commits[134d4672-e322-4e4b-b7f3-5645abb0fe8c:c2043, 73af84f3-3e88-4c8c-894c-3ad307bcac8d:c2040, 730a25a1-dbec-44ed-975b-a44ab0096beb:c2040]
2019-08-30 05:17:40,568 | INFO  | DNAudit | user=null | ip=null | op=WRITE_CHUNK {blockData=conID: 3 locID: 102704235185897959 bcsId: 0} | ret=SUCCESS |  
2019-08-30 05:17:40,568 | INFO  | DNAudit | user=null | ip=null | op=PUT_BLOCK {blockData=[blockId=conID: 3 locID: 102704235185897959 bcsId: 0,size=2097152]} | ret=SUCCESS |  
2019-08-30 05:17:40,574 | INFO  | DNAudit | user=null | ip=null | op=WRITE_CHUNK {blockData=conID: 3 locID: 102704235185897959 bcsId: 2042} | ret=SUCCESS |  
2019-08-30 05:17:40,577 | INFO  | DNAudit | user=null | ip=null | op=WRITE_CHUNK {blockData=conID: 3 locID: 102704235185897959 bcsId: 2042} | ret=SUCCESS |  
2019-08-30 05:17:40,577 | INFO  | DNAudit | user=null | ip=null | op=WRITE_CHUNK {blockData=conID: 3 locID: 102704235185897959 bcsId: 2042} | ret=SUCCESS |  
2019-08-30 05:17:40,578 | INFO  | DNAudit | user=null | ip=null | op=WRITE_CHUNK {blockData=conID: 3 locID: 102704235185897959 bcsId: 0} | ret=SUCCESS |  
2019-08-30 05:17:40,578 | INFO  | DNAudit | user=null | ip=null | op=PUT_BLOCK {blockData=[blockId=conID: 3 locID: 102704235185897959 bcsId: 0,size=2097152]} | ret=SUCCESS |  
2019-08-30 05:17:40,579 | INFO  | DNAudit | user=null | ip=null | op=WRITE_CHUNK {blockData=conID: 3 locID: 102704235185897959 bcsId: 2042} | ret=SUCCESS |  
2019-08-30 05:17:40,580 | INFO  | DNAudit | user=null | ip=null | op=PUT_BLOCK {blockData=[blockId=conID: 3 locID: 102704235185897959 bcsId: 0,size=3145728]} | ret=SUCCESS |  
2019-08-30 05:17:40,580 [grpc-default-executor-1] INFO  client.GrpcClientProtocolClient (GrpcClientProtocolClient.java:onNext(255)) - client-574492D41EE7->134d4672-e322-4e4b-b7f3-5645abb0fe8c: receive RaftClientReply:client-574492D41EE7->134d4672-e322-4e4b-b7f3-5645abb0fe8c@group-3CB1DFFBCDC2, cid=1443, SUCCESS, logIndex=2047, commits[134d4672-e322-4e4b-b7f3-5645abb0fe8c:c2048, 73af84f3-3e88-4c8c-894c-3ad307bcac8d:c2042, 730a25a1-dbec-44ed-975b-a44ab0096beb:c2046]
2019-08-30 05:17:40,580 [grpc-default-executor-1] INFO  client.GrpcClientProtocolClient (GrpcClientProtocolClient.java:onNext(255)) - client-574492D41EE7->134d4672-e322-4e4b-b7f3-5645abb0fe8c: receive RaftClientReply:client-574492D41EE7->134d4672-e322-4e4b-b7f3-5645abb0fe8c@group-3CB1DFFBCDC2, cid=1444, SUCCESS, logIndex=2048, commits[134d4672-e322-4e4b-b7f3-5645abb0fe8c:c2048, 73af84f3-3e88-4c8c-894c-3ad307bcac8d:c2046, 730a25a1-dbec-44ed-975b-a44ab0096beb:c2046]
2019-08-30 05:17:40,588 | INFO  | DNAudit | user=null | ip=null | op=WRITE_CHUNK {blockData=conID: 3 locID: 102704235185897959 bcsId: 2048} | ret=SUCCESS |  
2019-08-30 05:17:40,590 | INFO  | DNAudit | user=null | ip=null | op=WRITE_CHUNK {blockData=conID: 3 locID: 102704235185897959 bcsId: 2048} | ret=SUCCESS |  
2019-08-30 05:17:40,591 | INFO  | DNAudit | user=null | ip=null | op=WRITE_CHUNK {blockData=conID: 3 locID: 102704235185897959 bcsId: 2048} | ret=SUCCESS |  
2019-08-30 05:17:40,592 | INFO  | DNAudit | user=null | ip=null | op=WRITE_CHUNK {blockData=conID: 3 locID: 102704235185897959 bcsId: 2042} | ret=SUCCESS |  
2019-08-30 05:17:40,592 | INFO  | DNAudit | user=null | ip=null | op=PUT_BLOCK {blockData=[blockId=conID: 3 locID: 102704235185897959 bcsId: 0,size=3145728]} | ret=SUCCESS |  
2019-08-30 05:17:40,593 | INFO  | DNAudit | user=null | ip=null | op=WRITE_CHUNK {blockData=conID: 3 locID: 102704235185897959 bcsId: 2042} | ret=SUCCESS |  
2019-08-30 05:17:40,593 | INFO  | DNAudit | user=null | ip=null | op=PUT_BLOCK {blockData=[blockId=conID: 3 locID: 102704235185897959 bcsId: 0,size=3145728]} | ret=SUCCESS |  
2019-08-30 05:17:40,595 | INFO  | DNAudit | user=null | ip=null | op=WRITE_CHUNK {blockData=conID: 3 locID: 102704235185897959 bcsId: 2048} | ret=SUCCESS |  
2019-08-30 05:17:40,595 | INFO  | DNAudit | user=null | ip=null | op=PUT_BLOCK {blockData=[blockId=conID: 3 locID: 102704235185897959 bcsId: 0,size=4194304]} | ret=SUCCESS |  
2019-08-30 05:17:40,595 [grpc-default-executor-5] INFO  client.GrpcClientProtocolClient (GrpcClientProtocolClient.java:onNext(255)) - client-574492D41EE7->134d4672-e322-4e4b-b7f3-5645abb0fe8c: receive RaftClientReply:client-574492D41EE7->134d4672-e322-4e4b-b7f3-5645abb0fe8c@group-3CB1DFFBCDC2, cid=1445, SUCCESS, logIndex=2051, commits[134d4672-e322-4e4b-b7f3-5645abb0fe8c:c2052, 73af84f3-3e88-4c8c-894c-3ad307bcac8d:c2048, 730a25a1-dbec-44ed-975b-a44ab0096beb:c2048]
2019-08-30 05:17:40,596 [grpc-default-executor-5] INFO  client.GrpcClientProtocolClient (GrpcClientProtocolClient.java:onNext(255)) - client-574492D41EE7->134d4672-e322-4e4b-b7f3-5645abb0fe8c: receive RaftClientReply:client-574492D41EE7->134d4672-e322-4e4b-b7f3-5645abb0fe8c@group-3CB1DFFBCDC2, cid=1446, SUCCESS, logIndex=2052, commits[134d4672-e322-4e4b-b7f3-5645abb0fe8c:c2052, 73af84f3-3e88-4c8c-894c-3ad307bcac8d:c2048, 730a25a1-dbec-44ed-975b-a44ab0096beb:c2048]
2019-08-30 05:17:40,605 | INFO  | DNAudit | user=null | ip=null | op=WRITE_CHUNK {blockData=conID: 3 locID: 102704235185897959 bcsId: 2048} | ret=SUCCESS |  
2019-08-30 05:17:40,605 | INFO  | DNAudit | user=null | ip=null | op=WRITE_CHUNK {blockData=conID: 3 locID: 102704235185897959 bcsId: 2048} | ret=SUCCESS |  
2019-08-30 05:17:40,605 | INFO  | DNAudit | user=null | ip=null | op=PUT_BLOCK {blockData=[blockId=conID: 3 locID: 102704235185897959 bcsId: 0,size=4194304]} | ret=SUCCESS |  
2019-08-30 05:17:40,605 | INFO  | DNAudit | user=null | ip=null | op=PUT_BLOCK {blockData=[blockId=conID: 3 locID: 102704235185897959 bcsId: 0,size=4194304]} | ret=SUCCESS |  
2019-08-30 05:17:40,606 [grpc-default-executor-5] INFO  client.GrpcClientProtocolClient (GrpcClientProtocolClient.java:onNext(255)) - client-574492D41EE7->134d4672-e322-4e4b-b7f3-5645abb0fe8c: receive RaftClientReply:client-574492D41EE7->134d4672-e322-4e4b-b7f3-5645abb0fe8c@group-3CB1DFFBCDC2, cid=1447, SUCCESS, logIndex=0, commits[134d4672-e322-4e4b-b7f3-5645abb0fe8c:c2053, 73af84f3-3e88-4c8c-894c-3ad307bcac8d:c2052, 730a25a1-dbec-44ed-975b-a44ab0096beb:c2052]
2019-08-30 05:17:40,612 | INFO  | SCMAudit | user=jenkins1000 | ip=192.168.36.106 | op=ALLOCATE_BLOCK {owner=85755eb5-052d-48fa-b271-2fe4d8754e12, size=4194304, type=RATIS, factor=THREE} | ret=SUCCESS |  
2019-08-30 05:17:40,615 | INFO  | OMAudit | user=jenkins1000 | ip=127.0.0.1 | op=ALLOCATE_BLOCK {volume=vol-0-00977, bucket=bucket-0-44205, key=key-0-32850, dataSize=0, replicationType=null, replicationFactor=null, keyLocationInfo=null, clientID=102704234570776978} | ret=SUCCESS |  
2019-08-30 05:17:40,624 | INFO  | DNAudit | user=null | ip=null | op=WRITE_CHUNK {blockData=conID: 1 locID: 102704235191468520 bcsId: 0} | ret=SUCCESS |  
2019-08-30 05:17:40,628 | INFO  | DNAudit | user=null | ip=null | op=WRITE_CHUNK {blockData=conID: 1 locID: 102704235191468520 bcsId: 0} | ret=SUCCESS |  
2019-08-30 05:17:40,628 | INFO  | DNAudit | user=null | ip=null | op=WRITE_CHUNK {blockData=conID: 1 locID: 102704235191468520 bcsId: 0} | ret=SUCCESS |  
2019-08-30 05:17:40,628 | INFO  | DNAudit | user=null | ip=null | op=WRITE_CHUNK {blockData=conID: 1 locID: 102704235191468520 bcsId: 0} | ret=SUCCESS |  
2019-08-30 05:17:40,631 | INFO  | DNAudit | user=null | ip=null | op=WRITE_CHUNK {blockData=conID: 1 locID: 102704235191468520 bcsId: 0} | ret=SUCCESS |  
2019-08-30 05:17:40,632 | INFO  | DNAudit | user=null | ip=null | op=WRITE_CHUNK {blockData=conID: 1 locID: 102704235191468520 bcsId: 0} | ret=SUCCESS |  
2019-08-30 05:17:40,636 | INFO  | DNAudit | user=null | ip=null | op=WRITE_CHUNK {blockData=conID: 1 locID: 102704235191468520 bcsId: 0} | ret=SUCCESS |  
2019-08-30 05:17:40,637 | INFO  | DNAudit | user=null | ip=null | op=PUT_BLOCK {blockData=[blockId=conID: 1 locID: 102704235191468520 bcsId: 0,size=1048576]} | ret=SUCCESS |  
2019-08-30 05:17:40,637 | INFO  | DNAudit | user=null | ip=null | op=WRITE_CHUNK {blockData=conID: 1 locID: 102704235191468520 bcsId: 0} | ret=SUCCESS |  
2019-08-30 05:17:40,637 [grpc-default-executor-6] INFO  client.GrpcClientProtocolClient (GrpcClientProtocolClient.java:onNext(255)) - client-574492D41EE7->134d4672-e322-4e4b-b7f3-5645abb0fe8c: receive RaftClientReply:client-574492D41EE7->134d4672-e322-4e4b-b7f3-5645abb0fe8c@group-3CB1DFFBCDC2, cid=1448, SUCCESS, logIndex=2055, commits[134d4672-e322-4e4b-b7f3-5645abb0fe8c:c2056, 73af84f3-3e88-4c8c-894c-3ad307bcac8d:c2054, 730a25a1-dbec-44ed-975b-a44ab0096beb:c2054]
2019-08-30 05:17:40,638 | INFO  | DNAudit | user=null | ip=null | op=PUT_BLOCK {blockData=[blockId=conID: 1 locID: 102704235191468520 bcsId: 0,size=2097152]} | ret=SUCCESS |  
2019-08-30 05:17:40,638 [grpc-default-executor-6] INFO  client.GrpcClientProtocolClient (GrpcClientProtocolClient.java:onNext(255)) - client-574492D41EE7->134d4672-e322-4e4b-b7f3-5645abb0fe8c: receive RaftClientReply:client-574492D41EE7->134d4672-e322-4e4b-b7f3-5645abb0fe8c@group-3CB1DFFBCDC2, cid=1449, SUCCESS, logIndex=2056, commits[134d4672-e322-4e4b-b7f3-5645abb0fe8c:c2058, 73af84f3-3e88-4c8c-894c-3ad307bcac8d:c2054, 730a25a1-dbec-44ed-975b-a44ab0096beb:c2054]
2019-08-30 05:17:40,638 [grpc-default-executor-6] INFO  client.GrpcClientProtocolClient (GrpcClientProtocolClient.java:onNext(255)) - client-574492D41EE7->134d4672-e322-4e4b-b7f3-5645abb0fe8c: receive RaftClientReply:client-574492D41EE7->134d4672-e322-4e4b-b7f3-5645abb0fe8c@group-3CB1DFFBCDC2, cid=1450, SUCCESS, logIndex=2057, commits[134d4672-e322-4e4b-b7f3-5645abb0fe8c:c2058, 73af84f3-3e88-4c8c-894c-3ad307bcac8d:c2054, 730a25a1-dbec-44ed-975b-a44ab0096beb:c2054]
2019-08-30 05:17:40,639 | INFO  | DNAudit | user=null | ip=null | op=WRITE_CHUNK {blockData=conID: 1 locID: 102704235191468520 bcsId: 0} | ret=SUCCESS |  
2019-08-30 05:17:40,639 | INFO  | DNAudit | user=null | ip=null | op=WRITE_CHUNK {blockData=conID: 1 locID: 102704235191468520 bcsId: 0} | ret=SUCCESS |  
2019-08-30 05:17:40,639 | INFO  | DNAudit | user=null | ip=null | op=PUT_BLOCK {blockData=[blockId=conID: 1 locID: 102704235191468520 bcsId: 0,size=1048576]} | ret=SUCCESS |  
2019-08-30 05:17:40,639 | INFO  | DNAudit | user=null | ip=null | op=PUT_BLOCK {blockData=[blockId=conID: 1 locID: 102704235191468520 bcsId: 0,size=1048576]} | ret=SUCCESS |  
2019-08-30 05:17:40,639 [grpc-default-executor-6] INFO  client.GrpcClientProtocolClient (GrpcClientProtocolClient.java:onNext(255)) - client-574492D41EE7->134d4672-e322-4e4b-b7f3-5645abb0fe8c: receive RaftClientReply:client-574492D41EE7->134d4672-e322-4e4b-b7f3-5645abb0fe8c@group-3CB1DFFBCDC2, cid=1451, SUCCESS, logIndex=2058, commits[134d4672-e322-4e4b-b7f3-5645abb0fe8c:c2058, 73af84f3-3e88-4c8c-894c-3ad307bcac8d:c2054, 730a25a1-dbec-44ed-975b-a44ab0096beb:c2054]
2019-08-30 05:17:40,640 | INFO  | DNAudit | user=null | ip=null | op=WRITE_CHUNK {blockData=conID: 1 locID: 102704235191468520 bcsId: 0} | ret=SUCCESS |  
2019-08-30 05:17:40,641 | INFO  | DNAudit | user=null | ip=null | op=WRITE_CHUNK {blockData=conID: 1 locID: 102704235191468520 bcsId: 0} | ret=SUCCESS |  
2019-08-30 05:17:40,641 | INFO  | DNAudit | user=null | ip=null | op=PUT_BLOCK {blockData=[blockId=conID: 1 locID: 102704235191468520 bcsId: 0,size=2097152]} | ret=SUCCESS |  
2019-08-30 05:17:40,641 | INFO  | DNAudit | user=null | ip=null | op=PUT_BLOCK {blockData=[blockId=conID: 1 locID: 102704235191468520 bcsId: 0,size=2097152]} | ret=SUCCESS |  
2019-08-30 05:17:40,641 [grpc-default-executor-6] INFO  client.GrpcClientProtocolClient (GrpcClientProtocolClient.java:onNext(255)) - client-574492D41EE7->134d4672-e322-4e4b-b7f3-5645abb0fe8c: receive RaftClientReply:client-574492D41EE7->134d4672-e322-4e4b-b7f3-5645abb0fe8c@group-3CB1DFFBCDC2, cid=1452, SUCCESS, logIndex=0, commits[134d4672-e322-4e4b-b7f3-5645abb0fe8c:c2060, 73af84f3-3e88-4c8c-894c-3ad307bcac8d:c2056, 730a25a1-dbec-44ed-975b-a44ab0096beb:c2056]
2019-08-30 05:17:40,650 | INFO  | DNAudit | user=null | ip=null | op=WRITE_CHUNK {blockData=conID: 1 locID: 102704235191468520 bcsId: 2058} | ret=SUCCESS |  
2019-08-30 05:17:40,653 | INFO  | DNAudit | user=null | ip=null | op=WRITE_CHUNK {blockData=conID: 1 locID: 102704235191468520 bcsId: 2058} | ret=SUCCESS |  
2019-08-30 05:17:40,653 | INFO  | DNAudit | user=null | ip=null | op=WRITE_CHUNK {blockData=conID: 1 locID: 102704235191468520 bcsId: 2058} | ret=SUCCESS |  
2019-08-30 05:17:40,661 | INFO  | DNAudit | user=null | ip=null | op=WRITE_CHUNK {blockData=conID: 1 locID: 102704235191468520 bcsId: 2058} | ret=SUCCESS |  
2019-08-30 05:17:40,662 | INFO  | DNAudit | user=null | ip=null | op=PUT_BLOCK {blockData=[blockId=conID: 1 locID: 102704235191468520 bcsId: 0,size=3145728]} | ret=SUCCESS |  
2019-08-30 05:17:40,662 [grpc-default-executor-6] INFO  client.GrpcClientProtocolClient (GrpcClientProtocolClient.java:onNext(255)) - client-574492D41EE7->134d4672-e322-4e4b-b7f3-5645abb0fe8c: receive RaftClientReply:client-574492D41EE7->134d4672-e322-4e4b-b7f3-5645abb0fe8c@group-3CB1DFFBCDC2, cid=1453, SUCCESS, logIndex=2063, commits[134d4672-e322-4e4b-b7f3-5645abb0fe8c:c2064, 73af84f3-3e88-4c8c-894c-3ad307bcac8d:c2062, 730a25a1-dbec-44ed-975b-a44ab0096beb:c2062]
2019-08-30 05:17:40,663 [grpc-default-executor-6] INFO  client.GrpcClientProtocolClient (GrpcClientProtocolClient.java:onNext(255)) - client-574492D41EE7->134d4672-e322-4e4b-b7f3-5645abb0fe8c: receive RaftClientReply:client-574492D41EE7->134d4672-e322-4e4b-b7f3-5645abb0fe8c@group-3CB1DFFBCDC2, cid=1454, SUCCESS, logIndex=2064, commits[134d4672-e322-4e4b-b7f3-5645abb0fe8c:c2064, 73af84f3-3e88-4c8c-894c-3ad307bcac8d:c2062, 730a25a1-dbec-44ed-975b-a44ab0096beb:c2062]
2019-08-30 05:17:40,671 | INFO  | DNAudit | user=null | ip=null | op=WRITE_CHUNK {blockData=conID: 1 locID: 102704235191468520 bcsId: 2064} | ret=SUCCESS |  
2019-08-30 05:17:40,673 | INFO  | DNAudit | user=null | ip=null | op=WRITE_CHUNK {blockData=conID: 1 locID: 102704235191468520 bcsId: 2064} | ret=SUCCESS |  
2019-08-30 05:17:40,674 | INFO  | DNAudit | user=null | ip=null | op=WRITE_CHUNK {blockData=conID: 1 locID: 102704235191468520 bcsId: 2064} | ret=SUCCESS |  
2019-08-30 05:17:40,681 | INFO  | DNAudit | user=null | ip=null | op=WRITE_CHUNK {blockData=conID: 1 locID: 102704235191468520 bcsId: 2058} | ret=SUCCESS |  
2019-08-30 05:17:40,681 | INFO  | DNAudit | user=null | ip=null | op=WRITE_CHUNK {blockData=conID: 1 locID: 102704235191468520 bcsId: 2058} | ret=SUCCESS |  
2019-08-30 05:17:40,682 | INFO  | DNAudit | user=null | ip=null | op=PUT_BLOCK {blockData=[blockId=conID: 1 locID: 102704235191468520 bcsId: 0,size=3145728]} | ret=SUCCESS |  
2019-08-30 05:17:40,682 | INFO  | DNAudit | user=null | ip=null | op=PUT_BLOCK {blockData=[blockId=conID: 1 locID: 102704235191468520 bcsId: 0,size=3145728]} | ret=SUCCESS |  
2019-08-30 05:17:40,685 | INFO  | DNAudit | user=null | ip=null | op=WRITE_CHUNK {blockData=conID: 1 locID: 102704235191468520 bcsId: 2064} | ret=SUCCESS |  
2019-08-30 05:17:40,685 | INFO  | DNAudit | user=null | ip=null | op=PUT_BLOCK {blockData=[blockId=conID: 1 locID: 102704235191468520 bcsId: 0,size=4194304]} | ret=SUCCESS |  
2019-08-30 05:17:40,685 [grpc-default-executor-3] INFO  client.GrpcClientProtocolClient (GrpcClientProtocolClient.java:onNext(255)) - client-574492D41EE7->134d4672-e322-4e4b-b7f3-5645abb0fe8c: receive RaftClientReply:client-574492D41EE7->134d4672-e322-4e4b-b7f3-5645abb0fe8c@group-3CB1DFFBCDC2, cid=1455, SUCCESS, logIndex=2067, commits[134d4672-e322-4e4b-b7f3-5645abb0fe8c:c2067, 73af84f3-3e88-4c8c-894c-3ad307bcac8d:c2064, 730a25a1-dbec-44ed-975b-a44ab0096beb:c2064]
2019-08-30 05:17:40,686 [grpc-default-executor-3] INFO  client.GrpcClientProtocolClient (GrpcClientProtocolClient.java:onNext(255)) - client-574492D41EE7->134d4672-e322-4e4b-b7f3-5645abb0fe8c: receive RaftClientReply:client-574492D41EE7->134d4672-e322-4e4b-b7f3-5645abb0fe8c@group-3CB1DFFBCDC2, cid=1456, SUCCESS, logIndex=2068, commits[134d4672-e322-4e4b-b7f3-5645abb0fe8c:c2068, 73af84f3-3e88-4c8c-894c-3ad307bcac8d:c2064, 730a25a1-dbec-44ed-975b-a44ab0096beb:c2064]
2019-08-30 05:17:40,700 | INFO  | DNAudit | user=null | ip=null | op=WRITE_CHUNK {blockData=conID: 1 locID: 102704235191468520 bcsId: 2064} | ret=SUCCESS |  
2019-08-30 05:17:40,700 | INFO  | DNAudit | user=null | ip=null | op=WRITE_CHUNK {blockData=conID: 1 locID: 102704235191468520 bcsId: 2064} | ret=SUCCESS |  
2019-08-30 05:17:40,701 | INFO  | DNAudit | user=null | ip=null | op=PUT_BLOCK {blockData=[blockId=conID: 1 locID: 102704235191468520 bcsId: 0,size=4194304]} | ret=SUCCESS |  
2019-08-30 05:17:40,703 | INFO  | DNAudit | user=null | ip=null | op=PUT_BLOCK {blockData=[blockId=conID: 1 locID: 102704235191468520 bcsId: 0,size=4194304]} | ret=SUCCESS |  
2019-08-30 05:17:40,704 [grpc-default-executor-3] INFO  client.GrpcClientProtocolClient (GrpcClientProtocolClient.java:onNext(255)) - client-574492D41EE7->134d4672-e322-4e4b-b7f3-5645abb0fe8c: receive RaftClientReply:client-574492D41EE7->134d4672-e322-4e4b-b7f3-5645abb0fe8c@group-3CB1DFFBCDC2, cid=1457, SUCCESS, logIndex=0, commits[134d4672-e322-4e4b-b7f3-5645abb0fe8c:c2070, 73af84f3-3e88-4c8c-894c-3ad307bcac8d:c2068, 730a25a1-dbec-44ed-975b-a44ab0096beb:c2068]
2019-08-30 05:17:40,709 | INFO  | SCMAudit | user=jenkins1000 | ip=192.168.36.106 | op=ALLOCATE_BLOCK {owner=85755eb5-052d-48fa-b271-2fe4d8754e12, size=4194304, type=RATIS, factor=THREE} | ret=SUCCESS |  
2019-08-30 05:17:40,712 | INFO  | OMAudit | user=jenkins1000 | ip=127.0.0.1 | op=ALLOCATE_BLOCK {volume=vol-0-00977, bucket=bucket-0-44205, key=key-0-32850, dataSize=0, replicationType=null, replicationFactor=null, keyLocationInfo=null, clientID=102704234570776978} | ret=SUCCESS |  
2019-08-30 05:17:40,722 | INFO  | DNAudit | user=null | ip=null | op=WRITE_CHUNK {blockData=conID: 2 locID: 102704235197825513 bcsId: 0} | ret=SUCCESS |  
2019-08-30 05:17:40,726 | INFO  | DNAudit | user=null | ip=null | op=WRITE_CHUNK {blockData=conID: 2 locID: 102704235197825513 bcsId: 0} | ret=SUCCESS |  
2019-08-30 05:17:40,726 | INFO  | DNAudit | user=null | ip=null | op=WRITE_CHUNK {blockData=conID: 2 locID: 102704235197825513 bcsId: 0} | ret=SUCCESS |  
2019-08-30 05:17:40,726 | INFO  | DNAudit | user=null | ip=null | op=WRITE_CHUNK {blockData=conID: 2 locID: 102704235197825513 bcsId: 0} | ret=SUCCESS |  
2019-08-30 05:17:40,729 | INFO  | DNAudit | user=null | ip=null | op=WRITE_CHUNK {blockData=conID: 2 locID: 102704235197825513 bcsId: 0} | ret=SUCCESS |  
2019-08-30 05:17:40,729 | INFO  | DNAudit | user=null | ip=null | op=WRITE_CHUNK {blockData=conID: 2 locID: 102704235197825513 bcsId: 0} | ret=SUCCESS |  
2019-08-30 05:17:40,736 | INFO  | DNAudit | user=null | ip=null | op=WRITE_CHUNK {blockData=conID: 2 locID: 102704235197825513 bcsId: 0} | ret=SUCCESS |  
2019-08-30 05:17:40,736 | INFO  | DNAudit | user=null | ip=null | op=PUT_BLOCK {blockData=[blockId=conID: 2 locID: 102704235197825513 bcsId: 0,size=1048576]} | ret=SUCCESS |  
2019-08-30 05:17:40,736 [grpc-default-executor-5] INFO  client.GrpcClientProtocolClient (GrpcClientProtocolClient.java:onNext(255)) - client-574492D41EE7->134d4672-e322-4e4b-b7f3-5645abb0fe8c: receive RaftClientReply:client-574492D41EE7->134d4672-e322-4e4b-b7f3-5645abb0fe8c@group-3CB1DFFBCDC2, cid=1458, SUCCESS, logIndex=2071, commits[134d4672-e322-4e4b-b7f3-5645abb0fe8c:c2072, 73af84f3-3e88-4c8c-894c-3ad307bcac8d:c2070, 730a25a1-dbec-44ed-975b-a44ab0096beb:c2070]
2019-08-30 05:17:40,737 [grpc-default-executor-5] INFO  client.GrpcClientProtocolClient (GrpcClientProtocolClient.java:onNext(255)) - client-574492D41EE7->134d4672-e322-4e4b-b7f3-5645abb0fe8c: receive RaftClientReply:client-574492D41EE7->134d4672-e322-4e4b-b7f3-5645abb0fe8c@group-3CB1DFFBCDC2, cid=1459, SUCCESS, logIndex=2072, commits[134d4672-e322-4e4b-b7f3-5645abb0fe8c:c2072, 73af84f3-3e88-4c8c-894c-3ad307bcac8d:c2070, 730a25a1-dbec-44ed-975b-a44ab0096beb:c2070]
2019-08-30 05:17:40,738 | INFO  | DNAudit | user=null | ip=null | op=WRITE_CHUNK {blockData=conID: 2 locID: 102704235197825513 bcsId: 0} | ret=SUCCESS |  
2019-08-30 05:17:40,739 | INFO  | DNAudit | user=null | ip=null | op=PUT_BLOCK {blockData=[blockId=conID: 2 locID: 102704235197825513 bcsId: 0,size=2097152]} | ret=SUCCESS |  
2019-08-30 05:17:40,739 [grpc-default-executor-5] INFO  client.GrpcClientProtocolClient (GrpcClientProtocolClient.java:onNext(255)) - client-574492D41EE7->134d4672-e322-4e4b-b7f3-5645abb0fe8c: receive RaftClientReply:client-574492D41EE7->134d4672-e322-4e4b-b7f3-5645abb0fe8c@group-3CB1DFFBCDC2, cid=1460, SUCCESS, logIndex=2073, commits[134d4672-e322-4e4b-b7f3-5645abb0fe8c:c2073, 73af84f3-3e88-4c8c-894c-3ad307bcac8d:c2070, 730a25a1-dbec-44ed-975b-a44ab0096beb:c2070]
2019-08-30 05:17:40,739 [grpc-default-executor-5] INFO  client.GrpcClientProtocolClient (GrpcClientProtocolClient.java:onNext(255)) - client-574492D41EE7->134d4672-e322-4e4b-b7f3-5645abb0fe8c: receive RaftClientReply:client-574492D41EE7->134d4672-e322-4e4b-b7f3-5645abb0fe8c@group-3CB1DFFBCDC2, cid=1461, SUCCESS, logIndex=2074, commits[134d4672-e322-4e4b-b7f3-5645abb0fe8c:c2074, 73af84f3-3e88-4c8c-894c-3ad307bcac8d:c2070, 730a25a1-dbec-44ed-975b-a44ab0096beb:c2070]
2019-08-30 05:17:40,749 | INFO  | DNAudit | user=null | ip=null | op=WRITE_CHUNK {blockData=conID: 2 locID: 102704235197825513 bcsId: 0} | ret=SUCCESS |  
2019-08-30 05:17:40,749 | INFO  | DNAudit | user=null | ip=null | op=WRITE_CHUNK {blockData=conID: 2 locID: 102704235197825513 bcsId: 0} | ret=SUCCESS |  
2019-08-30 05:17:40,749 | INFO  | DNAudit | user=null | ip=null | op=PUT_BLOCK {blockData=[blockId=conID: 2 locID: 102704235197825513 bcsId: 0,size=1048576]} | ret=SUCCESS |  
2019-08-30 05:17:40,750 | INFO  | DNAudit | user=null | ip=null | op=PUT_BLOCK {blockData=[blockId=conID: 2 locID: 102704235197825513 bcsId: 0,size=1048576]} | ret=SUCCESS |  
2019-08-30 05:17:40,750 [grpc-default-executor-5] INFO  client.GrpcClientProtocolClient (GrpcClientProtocolClient.java:onNext(255)) - client-574492D41EE7->134d4672-e322-4e4b-b7f3-5645abb0fe8c: receive RaftClientReply:client-574492D41EE7->134d4672-e322-4e4b-b7f3-5645abb0fe8c@group-3CB1DFFBCDC2, cid=1462, SUCCESS, logIndex=0, commits[134d4672-e322-4e4b-b7f3-5645abb0fe8c:c2076, 73af84f3-3e88-4c8c-894c-3ad307bcac8d:c2072, 730a25a1-dbec-44ed-975b-a44ab0096beb:c2072]
2019-08-30 05:17:40,752 | INFO  | DNAudit | user=null | ip=null | op=WRITE_CHUNK {blockData=conID: 2 locID: 102704235197825513 bcsId: 0} | ret=SUCCESS |  
2019-08-30 05:17:40,752 | INFO  | DNAudit | user=null | ip=null | op=PUT_BLOCK {blockData=[blockId=conID: 2 locID: 102704235197825513 bcsId: 0,size=2097152]} | ret=SUCCESS |  
2019-08-30 05:17:40,752 | INFO  | DNAudit | user=null | ip=null | op=WRITE_CHUNK {blockData=conID: 2 locID: 102704235197825513 bcsId: 0} | ret=SUCCESS |  
2019-08-30 05:17:40,752 | INFO  | DNAudit | user=null | ip=null | op=PUT_BLOCK {blockData=[blockId=conID: 2 locID: 102704235197825513 bcsId: 0,size=2097152]} | ret=SUCCESS |  
2019-08-30 05:17:40,759 | INFO  | DNAudit | user=null | ip=null | op=WRITE_CHUNK {blockData=conID: 2 locID: 102704235197825513 bcsId: 2074} | ret=SUCCESS |  
2019-08-30 05:17:40,761 | INFO  | DNAudit | user=null | ip=null | op=WRITE_CHUNK {blockData=conID: 2 locID: 102704235197825513 bcsId: 2074} | ret=SUCCESS |  
2019-08-30 05:17:40,762 | INFO  | DNAudit | user=null | ip=null | op=WRITE_CHUNK {blockData=conID: 2 locID: 102704235197825513 bcsId: 2074} | ret=SUCCESS |  
2019-08-30 05:17:40,772 | INFO  | DNAudit | user=null | ip=null | op=WRITE_CHUNK {blockData=conID: 2 locID: 102704235197825513 bcsId: 2074} | ret=SUCCESS |  
2019-08-30 05:17:40,772 | INFO  | DNAudit | user=null | ip=null | op=PUT_BLOCK {blockData=[blockId=conID: 2 locID: 102704235197825513 bcsId: 0,size=3145728]} | ret=SUCCESS |  
2019-08-30 05:17:40,772 [grpc-default-executor-3] INFO  client.GrpcClientProtocolClient (GrpcClientProtocolClient.java:onNext(255)) - client-574492D41EE7->134d4672-e322-4e4b-b7f3-5645abb0fe8c: receive RaftClientReply:client-574492D41EE7->134d4672-e322-4e4b-b7f3-5645abb0fe8c@group-3CB1DFFBCDC2, cid=1463, SUCCESS, logIndex=2079, commits[134d4672-e322-4e4b-b7f3-5645abb0fe8c:c2080, 73af84f3-3e88-4c8c-894c-3ad307bcac8d:c2078, 730a25a1-dbec-44ed-975b-a44ab0096beb:c2078]
2019-08-30 05:17:40,773 [grpc-default-executor-3] INFO  client.GrpcClientProtocolClient (GrpcClientProtocolClient.java:onNext(255)) - client-574492D41EE7->134d4672-e322-4e4b-b7f3-5645abb0fe8c: receive RaftClientReply:client-574492D41EE7->134d4672-e322-4e4b-b7f3-5645abb0fe8c@group-3CB1DFFBCDC2, cid=1464, SUCCESS, logIndex=2080, commits[134d4672-e322-4e4b-b7f3-5645abb0fe8c:c2080, 73af84f3-3e88-4c8c-894c-3ad307bcac8d:c2078, 730a25a1-dbec-44ed-975b-a44ab0096beb:c2078]
2019-08-30 05:17:40,780 | INFO  | DNAudit | user=null | ip=null | op=WRITE_CHUNK {blockData=conID: 2 locID: 102704235197825513 bcsId: 2080} | ret=SUCCESS |  
2019-08-30 05:17:40,783 | INFO  | DNAudit | user=null | ip=null | op=WRITE_CHUNK {blockData=conID: 2 locID: 102704235197825513 bcsId: 2074} | ret=SUCCESS |  
2019-08-30 05:17:40,783 | INFO  | DNAudit | user=null | ip=null | op=WRITE_CHUNK {blockData=conID: 2 locID: 102704235197825513 bcsId: 2074} | ret=SUCCESS |  
2019-08-30 05:17:40,783 | INFO  | DNAudit | user=null | ip=null | op=WRITE_CHUNK {blockData=conID: 2 locID: 102704235197825513 bcsId: 2080} | ret=SUCCESS |  
2019-08-30 05:17:40,783 | INFO  | DNAudit | user=null | ip=null | op=WRITE_CHUNK {blockData=conID: 2 locID: 102704235197825513 bcsId: 2080} | ret=SUCCESS |  
2019-08-30 05:17:40,784 | INFO  | DNAudit | user=null | ip=null | op=PUT_BLOCK {blockData=[blockId=conID: 2 locID: 102704235197825513 bcsId: 0,size=3145728]} | ret=SUCCESS |  
2019-08-30 05:17:40,785 | INFO  | DNAudit | user=null | ip=null | op=PUT_BLOCK {blockData=[blockId=conID: 2 locID: 102704235197825513 bcsId: 0,size=3145728]} | ret=SUCCESS |  
2019-08-30 05:17:40,785 | INFO  | DNAudit | user=null | ip=null | op=WRITE_CHUNK {blockData=conID: 2 locID: 102704235197825513 bcsId: 2080} | ret=SUCCESS |  
2019-08-30 05:17:40,786 | INFO  | DNAudit | user=null | ip=null | op=PUT_BLOCK {blockData=[blockId=conID: 2 locID: 102704235197825513 bcsId: 0,size=4194304]} | ret=SUCCESS |  
2019-08-30 05:17:40,786 [grpc-default-executor-5] INFO  client.GrpcClientProtocolClient (GrpcClientProtocolClient.java:onNext(255)) - client-574492D41EE7->134d4672-e322-4e4b-b7f3-5645abb0fe8c: receive RaftClientReply:client-574492D41EE7->134d4672-e322-4e4b-b7f3-5645abb0fe8c@group-3CB1DFFBCDC2, cid=1465, SUCCESS, logIndex=2083, commits[134d4672-e322-4e4b-b7f3-5645abb0fe8c:c2084, 73af84f3-3e88-4c8c-894c-3ad307bcac8d:c2079, 730a25a1-dbec-44ed-975b-a44ab0096beb:c2080]
2019-08-30 05:17:40,786 [grpc-default-executor-5] INFO  client.GrpcClientProtocolClient (GrpcClientProtocolClient.java:onNext(255)) - client-574492D41EE7->134d4672-e322-4e4b-b7f3-5645abb0fe8c: receive RaftClientReply:client-574492D41EE7->134d4672-e322-4e4b-b7f3-5645abb0fe8c@group-3CB1DFFBCDC2, cid=1466, SUCCESS, logIndex=2084, commits[134d4672-e322-4e4b-b7f3-5645abb0fe8c:c2084, 73af84f3-3e88-4c8c-894c-3ad307bcac8d:c2080, 730a25a1-dbec-44ed-975b-a44ab0096beb:c2080]
2019-08-30 05:17:40,788 | INFO  | DNAudit | user=null | ip=null | op=WRITE_CHUNK {blockData=conID: 2 locID: 102704235197825513 bcsId: 2080} | ret=SUCCESS |  
2019-08-30 05:17:40,789 | INFO  | DNAudit | user=null | ip=null | op=WRITE_CHUNK {blockData=conID: 2 locID: 102704235197825513 bcsId: 2080} | ret=SUCCESS |  
2019-08-30 05:17:40,789 | INFO  | DNAudit | user=null | ip=null | op=PUT_BLOCK {blockData=[blockId=conID: 2 locID: 102704235197825513 bcsId: 0,size=4194304]} | ret=SUCCESS |  
2019-08-30 05:17:40,789 | INFO  | DNAudit | user=null | ip=null | op=PUT_BLOCK {blockData=[blockId=conID: 2 locID: 102704235197825513 bcsId: 0,size=4194304]} | ret=SUCCESS |  
2019-08-30 05:17:40,790 [grpc-default-executor-5] INFO  client.GrpcClientProtocolClient (GrpcClientProtocolClient.java:onNext(255)) - client-574492D41EE7->134d4672-e322-4e4b-b7f3-5645abb0fe8c: receive RaftClientReply:client-574492D41EE7->134d4672-e322-4e4b-b7f3-5645abb0fe8c@group-3CB1DFFBCDC2, cid=1467, SUCCESS, logIndex=0, commits[134d4672-e322-4e4b-b7f3-5645abb0fe8c:c2085, 73af84f3-3e88-4c8c-894c-3ad307bcac8d:c2084, 730a25a1-dbec-44ed-975b-a44ab0096beb:c2084]
2019-08-30 05:17:40,794 | INFO  | SCMAudit | user=jenkins1000 | ip=192.168.36.106 | op=ALLOCATE_BLOCK {owner=85755eb5-052d-48fa-b271-2fe4d8754e12, size=4194304, type=RATIS, factor=THREE} | ret=SUCCESS |  
2019-08-30 05:17:40,796 | INFO  | OMAudit | user=jenkins1000 | ip=127.0.0.1 | op=ALLOCATE_BLOCK {volume=vol-0-00977, bucket=bucket-0-44205, key=key-0-32850, dataSize=0, replicationType=null, replicationFactor=null, keyLocationInfo=null, clientID=102704234570776978} | ret=SUCCESS |  
2019-08-30 05:17:40,804 | INFO  | DNAudit | user=null | ip=null | op=WRITE_CHUNK {blockData=conID: 3 locID: 102704235203396074 bcsId: 0} | ret=SUCCESS |  
2019-08-30 05:17:40,807 | INFO  | DNAudit | user=null | ip=null | op=WRITE_CHUNK {blockData=conID: 3 locID: 102704235203396074 bcsId: 0} | ret=SUCCESS |  
2019-08-30 05:17:40,808 | INFO  | DNAudit | user=null | ip=null | op=WRITE_CHUNK {blockData=conID: 3 locID: 102704235203396074 bcsId: 0} | ret=SUCCESS |  
2019-08-30 05:17:40,808 | INFO  | DNAudit | user=null | ip=null | op=WRITE_CHUNK {blockData=conID: 3 locID: 102704235203396074 bcsId: 0} | ret=SUCCESS |  
2019-08-30 05:17:40,810 | INFO  | DNAudit | user=null | ip=null | op=WRITE_CHUNK {blockData=conID: 3 locID: 102704235203396074 bcsId: 0} | ret=SUCCESS |  
2019-08-30 05:17:40,811 | INFO  | DNAudit | user=null | ip=null | op=WRITE_CHUNK {blockData=conID: 3 locID: 102704235203396074 bcsId: 0} | ret=SUCCESS |  
2019-08-30 05:17:40,817 | INFO  | DNAudit | user=null | ip=null | op=WRITE_CHUNK {blockData=conID: 3 locID: 102704235203396074 bcsId: 0} | ret=SUCCESS |  
2019-08-30 05:17:40,817 | INFO  | DNAudit | user=null | ip=null | op=PUT_BLOCK {blockData=[blockId=conID: 3 locID: 102704235203396074 bcsId: 0,size=1048576]} | ret=SUCCESS |  
2019-08-30 05:17:40,818 | INFO  | DNAudit | user=null | ip=null | op=WRITE_CHUNK {blockData=conID: 3 locID: 102704235203396074 bcsId: 0} | ret=SUCCESS |  
2019-08-30 05:17:40,818 [grpc-default-executor-1] INFO  client.GrpcClientProtocolClient (GrpcClientProtocolClient.java:onNext(255)) - client-574492D41EE7->134d4672-e322-4e4b-b7f3-5645abb0fe8c: receive RaftClientReply:client-574492D41EE7->134d4672-e322-4e4b-b7f3-5645abb0fe8c@group-3CB1DFFBCDC2, cid=1468, SUCCESS, logIndex=2087, commits[134d4672-e322-4e4b-b7f3-5645abb0fe8c:c2088, 73af84f3-3e88-4c8c-894c-3ad307bcac8d:c2086, 730a25a1-dbec-44ed-975b-a44ab0096beb:c2086]
2019-08-30 05:17:40,818 | INFO  | DNAudit | user=null | ip=null | op=PUT_BLOCK {blockData=[blockId=conID: 3 locID: 102704235203396074 bcsId: 0,size=2097152]} | ret=SUCCESS |  
2019-08-30 05:17:40,818 [grpc-default-executor-1] INFO  client.GrpcClientProtocolClient (GrpcClientProtocolClient.java:onNext(255)) - client-574492D41EE7->134d4672-e322-4e4b-b7f3-5645abb0fe8c: receive RaftClientReply:client-574492D41EE7->134d4672-e322-4e4b-b7f3-5645abb0fe8c@group-3CB1DFFBCDC2, cid=1469, SUCCESS, logIndex=2088, commits[134d4672-e322-4e4b-b7f3-5645abb0fe8c:c2088, 73af84f3-3e88-4c8c-894c-3ad307bcac8d:c2086, 730a25a1-dbec-44ed-975b-a44ab0096beb:c2086]
2019-08-30 05:17:40,819 [grpc-default-executor-1] INFO  client.GrpcClientProtocolClient (GrpcClientProtocolClient.java:onNext(255)) - client-574492D41EE7->134d4672-e322-4e4b-b7f3-5645abb0fe8c: receive RaftClientReply:client-574492D41EE7->134d4672-e322-4e4b-b7f3-5645abb0fe8c@group-3CB1DFFBCDC2, cid=1470, SUCCESS, logIndex=2089, commits[134d4672-e322-4e4b-b7f3-5645abb0fe8c:c2090, 73af84f3-3e88-4c8c-894c-3ad307bcac8d:c2086, 730a25a1-dbec-44ed-975b-a44ab0096beb:c2086]
2019-08-30 05:17:40,819 [grpc-default-executor-1] INFO  client.GrpcClientProtocolClient (GrpcClientProtocolClient.java:onNext(255)) - client-574492D41EE7->134d4672-e322-4e4b-b7f3-5645abb0fe8c: receive RaftClientReply:client-574492D41EE7->134d4672-e322-4e4b-b7f3-5645abb0fe8c@group-3CB1DFFBCDC2, cid=1471, SUCCESS, logIndex=2090, commits[134d4672-e322-4e4b-b7f3-5645abb0fe8c:c2090, 73af84f3-3e88-4c8c-894c-3ad307bcac8d:c2086, 730a25a1-dbec-44ed-975b-a44ab0096beb:c2086]
2019-08-30 05:17:40,830 | INFO  | DNAudit | user=null | ip=null | op=WRITE_CHUNK {blockData=conID: 3 locID: 102704235203396074 bcsId: 0} | ret=SUCCESS |  
2019-08-30 05:17:40,830 | INFO  | DNAudit | user=null | ip=null | op=PUT_BLOCK {blockData=[blockId=conID: 3 locID: 102704235203396074 bcsId: 0,size=1048576]} | ret=SUCCESS |  
2019-08-30 05:17:40,831 | INFO  | DNAudit | user=null | ip=null | op=WRITE_CHUNK {blockData=conID: 3 locID: 102704235203396074 bcsId: 0} | ret=SUCCESS |  
2019-08-30 05:17:40,831 | INFO  | DNAudit | user=null | ip=null | op=PUT_BLOCK {blockData=[blockId=conID: 3 locID: 102704235203396074 bcsId: 0,size=1048576]} | ret=SUCCESS |  
2019-08-30 05:17:40,831 | INFO  | DNAudit | user=null | ip=null | op=WRITE_CHUNK {blockData=conID: 3 locID: 102704235203396074 bcsId: 0} | ret=SUCCESS |  
2019-08-30 05:17:40,831 | INFO  | DNAudit | user=null | ip=null | op=WRITE_CHUNK {blockData=conID: 3 locID: 102704235203396074 bcsId: 0} | ret=SUCCESS |  
2019-08-30 05:17:40,831 | INFO  | DNAudit | user=null | ip=null | op=PUT_BLOCK {blockData=[blockId=conID: 3 locID: 102704235203396074 bcsId: 0,size=2097152]} | ret=SUCCESS |  
2019-08-30 05:17:40,831 | INFO  | DNAudit | user=null | ip=null | op=PUT_BLOCK {blockData=[blockId=conID: 3 locID: 102704235203396074 bcsId: 0,size=2097152]} | ret=SUCCESS |  
2019-08-30 05:17:40,832 [grpc-default-executor-5] INFO  client.GrpcClientProtocolClient (GrpcClientProtocolClient.java:onNext(255)) - client-574492D41EE7->134d4672-e322-4e4b-b7f3-5645abb0fe8c: receive RaftClientReply:client-574492D41EE7->134d4672-e322-4e4b-b7f3-5645abb0fe8c@group-3CB1DFFBCDC2, cid=1472, SUCCESS, logIndex=0, commits[134d4672-e322-4e4b-b7f3-5645abb0fe8c:c2092, 73af84f3-3e88-4c8c-894c-3ad307bcac8d:c2088, 730a25a1-dbec-44ed-975b-a44ab0096beb:c2088]
2019-08-30 05:17:40,839 | INFO  | DNAudit | user=null | ip=null | op=WRITE_CHUNK {blockData=conID: 3 locID: 102704235203396074 bcsId: 2090} | ret=SUCCESS |  
2019-08-30 05:17:40,842 | INFO  | DNAudit | user=null | ip=null | op=WRITE_CHUNK {blockData=conID: 3 locID: 102704235203396074 bcsId: 2090} | ret=SUCCESS |  
2019-08-30 05:17:40,842 | INFO  | DNAudit | user=null | ip=null | op=WRITE_CHUNK {blockData=conID: 3 locID: 102704235203396074 bcsId: 2090} | ret=SUCCESS |  
2019-08-30 05:17:40,854 | INFO  | DNAudit | user=null | ip=null | op=WRITE_CHUNK {blockData=conID: 3 locID: 102704235203396074 bcsId: 2090} | ret=SUCCESS |  
2019-08-30 05:17:40,855 | INFO  | DNAudit | user=null | ip=null | op=PUT_BLOCK {blockData=[blockId=conID: 3 locID: 102704235203396074 bcsId: 0,size=3145728]} | ret=SUCCESS |  
2019-08-30 05:17:40,855 [grpc-default-executor-5] INFO  client.GrpcClientProtocolClient (GrpcClientProtocolClient.java:onNext(255)) - client-574492D41EE7->134d4672-e322-4e4b-b7f3-5645abb0fe8c: receive RaftClientReply:client-574492D41EE7->134d4672-e322-4e4b-b7f3-5645abb0fe8c@group-3CB1DFFBCDC2, cid=1473, SUCCESS, logIndex=2094, commits[134d4672-e322-4e4b-b7f3-5645abb0fe8c:c2095, 73af84f3-3e88-4c8c-894c-3ad307bcac8d:c2093, 730a25a1-dbec-44ed-975b-a44ab0096beb:c2093]
2019-08-30 05:17:40,856 [grpc-default-executor-5] INFO  client.GrpcClientProtocolClient (GrpcClientProtocolClient.java:onNext(255)) - client-574492D41EE7->134d4672-e322-4e4b-b7f3-5645abb0fe8c: receive RaftClientReply:client-574492D41EE7->134d4672-e322-4e4b-b7f3-5645abb0fe8c@group-3CB1DFFBCDC2, cid=1474, SUCCESS, logIndex=2095, commits[134d4672-e322-4e4b-b7f3-5645abb0fe8c:c2095, 73af84f3-3e88-4c8c-894c-3ad307bcac8d:c2093, 730a25a1-dbec-44ed-975b-a44ab0096beb:c2093]
2019-08-30 05:17:40,863 | INFO  | DNAudit | user=null | ip=null | op=WRITE_CHUNK {blockData=conID: 3 locID: 102704235203396074 bcsId: 2095} | ret=SUCCESS |  
2019-08-30 05:17:40,866 | INFO  | DNAudit | user=null | ip=null | op=WRITE_CHUNK {blockData=conID: 3 locID: 102704235203396074 bcsId: 2090} | ret=SUCCESS |  
2019-08-30 05:17:40,866 | INFO  | DNAudit | user=null | ip=null | op=WRITE_CHUNK {blockData=conID: 3 locID: 102704235203396074 bcsId: 2095} | ret=SUCCESS |  
2019-08-30 05:17:40,866 | INFO  | DNAudit | user=null | ip=null | op=PUT_BLOCK {blockData=[blockId=conID: 3 locID: 102704235203396074 bcsId: 0,size=3145728]} | ret=SUCCESS |  
2019-08-30 05:17:40,866 | INFO  | DNAudit | user=null | ip=null | op=WRITE_CHUNK {blockData=conID: 3 locID: 102704235203396074 bcsId: 2090} | ret=SUCCESS |  
2019-08-30 05:17:40,866 | INFO  | DNAudit | user=null | ip=null | op=WRITE_CHUNK {blockData=conID: 3 locID: 102704235203396074 bcsId: 2095} | ret=SUCCESS |  
2019-08-30 05:17:40,867 | INFO  | DNAudit | user=null | ip=null | op=PUT_BLOCK {blockData=[blockId=conID: 3 locID: 102704235203396074 bcsId: 0,size=3145728]} | ret=SUCCESS |  
2019-08-30 05:17:40,868 | INFO  | DNAudit | user=null | ip=null | op=WRITE_CHUNK {blockData=conID: 3 locID: 102704235203396074 bcsId: 2095} | ret=SUCCESS |  
2019-08-30 05:17:40,869 | INFO  | DNAudit | user=null | ip=null | op=PUT_BLOCK {blockData=[blockId=conID: 3 locID: 102704235203396074 bcsId: 0,size=4194304]} | ret=SUCCESS |  
2019-08-30 05:17:40,869 [grpc-default-executor-3] INFO  client.GrpcClientProtocolClient (GrpcClientProtocolClient.java:onNext(255)) - client-574492D41EE7->134d4672-e322-4e4b-b7f3-5645abb0fe8c: receive RaftClientReply:client-574492D41EE7->134d4672-e322-4e4b-b7f3-5645abb0fe8c@group-3CB1DFFBCDC2, cid=1475, SUCCESS, logIndex=2098, commits[134d4672-e322-4e4b-b7f3-5645abb0fe8c:c2099, 73af84f3-3e88-4c8c-894c-3ad307bcac8d:c2095, 730a25a1-dbec-44ed-975b-a44ab0096beb:c2095]
2019-08-30 05:17:40,870 [grpc-default-executor-3] INFO  client.GrpcClientProtocolClient (GrpcClientProtocolClient.java:onNext(255)) - client-574492D41EE7->134d4672-e322-4e4b-b7f3-5645abb0fe8c: receive RaftClientReply:client-574492D41EE7->134d4672-e322-4e4b-b7f3-5645abb0fe8c@group-3CB1DFFBCDC2, cid=1476, SUCCESS, logIndex=2099, commits[134d4672-e322-4e4b-b7f3-5645abb0fe8c:c2099, 73af84f3-3e88-4c8c-894c-3ad307bcac8d:c2095, 730a25a1-dbec-44ed-975b-a44ab0096beb:c2095]
2019-08-30 05:17:40,870 | INFO  | DNAudit | user=null | ip=null | op=WRITE_CHUNK {blockData=conID: 3 locID: 102704235203396074 bcsId: 2095} | ret=SUCCESS |  
2019-08-30 05:17:40,870 | INFO  | DNAudit | user=null | ip=null | op=WRITE_CHUNK {blockData=conID: 3 locID: 102704235203396074 bcsId: 2095} | ret=SUCCESS |  
2019-08-30 05:17:40,870 | INFO  | DNAudit | user=null | ip=null | op=PUT_BLOCK {blockData=[blockId=conID: 3 locID: 102704235203396074 bcsId: 0,size=4194304]} | ret=SUCCESS |  
2019-08-30 05:17:40,870 | INFO  | DNAudit | user=null | ip=null | op=PUT_BLOCK {blockData=[blockId=conID: 3 locID: 102704235203396074 bcsId: 0,size=4194304]} | ret=SUCCESS |  
2019-08-30 05:17:40,871 [grpc-default-executor-1] INFO  client.GrpcClientProtocolClient (GrpcClientProtocolClient.java:onNext(255)) - client-574492D41EE7->134d4672-e322-4e4b-b7f3-5645abb0fe8c: receive RaftClientReply:client-574492D41EE7->134d4672-e322-4e4b-b7f3-5645abb0fe8c@group-3CB1DFFBCDC2, cid=1477, SUCCESS, logIndex=0, commits[134d4672-e322-4e4b-b7f3-5645abb0fe8c:c2100, 73af84f3-3e88-4c8c-894c-3ad307bcac8d:c2099, 730a25a1-dbec-44ed-975b-a44ab0096beb:c2099]
2019-08-30 05:17:40,876 | INFO  | SCMAudit | user=jenkins1000 | ip=192.168.36.106 | op=ALLOCATE_BLOCK {owner=85755eb5-052d-48fa-b271-2fe4d8754e12, size=4194304, type=RATIS, factor=THREE} | ret=SUCCESS |  
2019-08-30 05:17:40,878 | INFO  | OMAudit | user=jenkins1000 | ip=127.0.0.1 | op=ALLOCATE_BLOCK {volume=vol-0-00977, bucket=bucket-0-44205, key=key-0-32850, dataSize=0, replicationType=null, replicationFactor=null, keyLocationInfo=null, clientID=102704234570776978} | ret=SUCCESS |  
2019-08-30 05:17:40,886 | INFO  | DNAudit | user=null | ip=null | op=WRITE_CHUNK {blockData=conID: 1 locID: 102704235208704491 bcsId: 0} | ret=SUCCESS |  
2019-08-30 05:17:40,888 | INFO  | DNAudit | user=null | ip=null | op=WRITE_CHUNK {blockData=conID: 1 locID: 102704235208704491 bcsId: 0} | ret=SUCCESS |  
2019-08-30 05:17:40,888 | INFO  | DNAudit | user=null | ip=null | op=WRITE_CHUNK {blockData=conID: 1 locID: 102704235208704491 bcsId: 0} | ret=SUCCESS |  
2019-08-30 05:17:40,889 | INFO  | DNAudit | user=null | ip=null | op=WRITE_CHUNK {blockData=conID: 1 locID: 102704235208704491 bcsId: 0} | ret=SUCCESS |  
2019-08-30 05:17:40,890 | INFO  | DNAudit | user=null | ip=null | op=WRITE_CHUNK {blockData=conID: 1 locID: 102704235208704491 bcsId: 0} | ret=SUCCESS |  
2019-08-30 05:17:40,891 | INFO  | DNAudit | user=null | ip=null | op=WRITE_CHUNK {blockData=conID: 1 locID: 102704235208704491 bcsId: 0} | ret=SUCCESS |  
2019-08-30 05:17:40,899 | INFO  | DNAudit | user=null | ip=null | op=WRITE_CHUNK {blockData=conID: 1 locID: 102704235208704491 bcsId: 0} | ret=SUCCESS |  
2019-08-30 05:17:40,899 | INFO  | DNAudit | user=null | ip=null | op=PUT_BLOCK {blockData=[blockId=conID: 1 locID: 102704235208704491 bcsId: 0,size=1048576]} | ret=SUCCESS |  
2019-08-30 05:17:40,899 [grpc-default-executor-1] INFO  client.GrpcClientProtocolClient (GrpcClientProtocolClient.java:onNext(255)) - client-574492D41EE7->134d4672-e322-4e4b-b7f3-5645abb0fe8c: receive RaftClientReply:client-574492D41EE7->134d4672-e322-4e4b-b7f3-5645abb0fe8c@group-3CB1DFFBCDC2, cid=1478, SUCCESS, logIndex=2102, commits[134d4672-e322-4e4b-b7f3-5645abb0fe8c:c2105, 73af84f3-3e88-4c8c-894c-3ad307bcac8d:c2101, 730a25a1-dbec-44ed-975b-a44ab0096beb:c2101]
2019-08-30 05:17:40,900 | INFO  | DNAudit | user=null | ip=null | op=WRITE_CHUNK {blockData=conID: 1 locID: 102704235208704491 bcsId: 0} | ret=SUCCESS |  
2019-08-30 05:17:40,900 | INFO  | DNAudit | user=null | ip=null | op=PUT_BLOCK {blockData=[blockId=conID: 1 locID: 102704235208704491 bcsId: 0,size=2097152]} | ret=SUCCESS |  
2019-08-30 05:17:40,900 [grpc-default-executor-1] INFO  client.GrpcClientProtocolClient (GrpcClientProtocolClient.java:onNext(255)) - client-574492D41EE7->134d4672-e322-4e4b-b7f3-5645abb0fe8c: receive RaftClientReply:client-574492D41EE7->134d4672-e322-4e4b-b7f3-5645abb0fe8c@group-3CB1DFFBCDC2, cid=1479, SUCCESS, logIndex=2103, commits[134d4672-e322-4e4b-b7f3-5645abb0fe8c:c2105, 73af84f3-3e88-4c8c-894c-3ad307bcac8d:c2101, 730a25a1-dbec-44ed-975b-a44ab0096beb:c2101]
2019-08-30 05:17:40,900 [grpc-default-executor-1] INFO  client.GrpcClientProtocolClient (GrpcClientProtocolClient.java:onNext(255)) - client-574492D41EE7->134d4672-e322-4e4b-b7f3-5645abb0fe8c: receive RaftClientReply:client-574492D41EE7->134d4672-e322-4e4b-b7f3-5645abb0fe8c@group-3CB1DFFBCDC2, cid=1480, SUCCESS, logIndex=2104, commits[134d4672-e322-4e4b-b7f3-5645abb0fe8c:c2105, 73af84f3-3e88-4c8c-894c-3ad307bcac8d:c2101, 730a25a1-dbec-44ed-975b-a44ab0096beb:c2101]
2019-08-30 05:17:40,901 [grpc-default-executor-1] INFO  client.GrpcClientProtocolClient (GrpcClientProtocolClient.java:onNext(255)) - client-574492D41EE7->134d4672-e322-4e4b-b7f3-5645abb0fe8c: receive RaftClientReply:client-574492D41EE7->134d4672-e322-4e4b-b7f3-5645abb0fe8c@group-3CB1DFFBCDC2, cid=1481, SUCCESS, logIndex=2105, commits[134d4672-e322-4e4b-b7f3-5645abb0fe8c:c2105, 73af84f3-3e88-4c8c-894c-3ad307bcac8d:c2101, 730a25a1-dbec-44ed-975b-a44ab0096beb:c2101]
2019-08-30 05:17:40,901 | INFO  | DNAudit | user=null | ip=null | op=WRITE_CHUNK {blockData=conID: 1 locID: 102704235208704491 bcsId: 0} | ret=SUCCESS |  
2019-08-30 05:17:40,901 | INFO  | DNAudit | user=null | ip=null | op=WRITE_CHUNK {blockData=conID: 1 locID: 102704235208704491 bcsId: 0} | ret=SUCCESS |  
2019-08-30 05:17:40,901 | INFO  | DNAudit | user=null | ip=null | op=PUT_BLOCK {blockData=[blockId=conID: 1 locID: 102704235208704491 bcsId: 0,size=1048576]} | ret=SUCCESS |  
2019-08-30 05:17:40,901 | INFO  | DNAudit | user=null | ip=null | op=PUT_BLOCK {blockData=[blockId=conID: 1 locID: 102704235208704491 bcsId: 0,size=1048576]} | ret=SUCCESS |  
2019-08-30 05:17:40,902 [grpc-default-executor-3] INFO  client.GrpcClientProtocolClient (GrpcClientProtocolClient.java:onNext(255)) - client-574492D41EE7->134d4672-e322-4e4b-b7f3-5645abb0fe8c: receive RaftClientReply:client-574492D41EE7->134d4672-e322-4e4b-b7f3-5645abb0fe8c@group-3CB1DFFBCDC2, cid=1482, SUCCESS, logIndex=0, commits[134d4672-e322-4e4b-b7f3-5645abb0fe8c:c2106, 73af84f3-3e88-4c8c-894c-3ad307bcac8d:c2103, 730a25a1-dbec-44ed-975b-a44ab0096beb:c2103]
2019-08-30 05:17:40,903 | INFO  | DNAudit | user=null | ip=null | op=WRITE_CHUNK {blockData=conID: 1 locID: 102704235208704491 bcsId: 0} | ret=SUCCESS |  
2019-08-30 05:17:40,903 | INFO  | DNAudit | user=null | ip=null | op=WRITE_CHUNK {blockData=conID: 1 locID: 102704235208704491 bcsId: 0} | ret=SUCCESS |  
2019-08-30 05:17:40,903 | INFO  | DNAudit | user=null | ip=null | op=PUT_BLOCK {blockData=[blockId=conID: 1 locID: 102704235208704491 bcsId: 0,size=2097152]} | ret=SUCCESS |  
2019-08-30 05:17:40,903 | INFO  | DNAudit | user=null | ip=null | op=PUT_BLOCK {blockData=[blockId=conID: 1 locID: 102704235208704491 bcsId: 0,size=2097152]} | ret=SUCCESS |  
2019-08-30 05:17:40,909 | INFO  | DNAudit | user=null | ip=null | op=WRITE_CHUNK {blockData=conID: 1 locID: 102704235208704491 bcsId: 2105} | ret=SUCCESS |  
2019-08-30 05:17:40,911 | INFO  | DNAudit | user=null | ip=null | op=WRITE_CHUNK {blockData=conID: 1 locID: 102704235208704491 bcsId: 2105} | ret=SUCCESS |  
2019-08-30 05:17:40,912 | INFO  | DNAudit | user=null | ip=null | op=WRITE_CHUNK {blockData=conID: 1 locID: 102704235208704491 bcsId: 2105} | ret=SUCCESS |  
2019-08-30 05:17:40,927 | INFO  | DNAudit | user=null | ip=null | op=WRITE_CHUNK {blockData=conID: 1 locID: 102704235208704491 bcsId: 2105} | ret=SUCCESS |  
2019-08-30 05:17:40,927 | INFO  | DNAudit | user=null | ip=null | op=PUT_BLOCK {blockData=[blockId=conID: 1 locID: 102704235208704491 bcsId: 0,size=3145728]} | ret=SUCCESS |  
2019-08-30 05:17:40,928 [grpc-default-executor-3] INFO  client.GrpcClientProtocolClient (GrpcClientProtocolClient.java:onNext(255)) - client-574492D41EE7->134d4672-e322-4e4b-b7f3-5645abb0fe8c: receive RaftClientReply:client-574492D41EE7->134d4672-e322-4e4b-b7f3-5645abb0fe8c@group-3CB1DFFBCDC2, cid=1483, SUCCESS, logIndex=2110, commits[134d4672-e322-4e4b-b7f3-5645abb0fe8c:c2111, 73af84f3-3e88-4c8c-894c-3ad307bcac8d:c2109, 730a25a1-dbec-44ed-975b-a44ab0096beb:c2109]
2019-08-30 05:17:40,928 [grpc-default-executor-3] INFO  client.GrpcClientProtocolClient (GrpcClientProtocolClient.java:onNext(255)) - client-574492D41EE7->134d4672-e322-4e4b-b7f3-5645abb0fe8c: receive RaftClientReply:client-574492D41EE7->134d4672-e322-4e4b-b7f3-5645abb0fe8c@group-3CB1DFFBCDC2, cid=1484, SUCCESS, logIndex=2111, commits[134d4672-e322-4e4b-b7f3-5645abb0fe8c:c2111, 73af84f3-3e88-4c8c-894c-3ad307bcac8d:c2109, 730a25a1-dbec-44ed-975b-a44ab0096beb:c2109]
2019-08-30 05:17:40,935 | INFO  | DNAudit | user=null | ip=null | op=WRITE_CHUNK {blockData=conID: 1 locID: 102704235208704491 bcsId: 2111} | ret=SUCCESS |  
2019-08-30 05:17:40,938 | INFO  | DNAudit | user=null | ip=null | op=WRITE_CHUNK {blockData=conID: 1 locID: 102704235208704491 bcsId: 2111} | ret=SUCCESS |  
2019-08-30 05:17:40,939 | INFO  | DNAudit | user=null | ip=null | op=WRITE_CHUNK {blockData=conID: 1 locID: 102704235208704491 bcsId: 2111} | ret=SUCCESS |  
2019-08-30 05:17:40,940 | INFO  | DNAudit | user=null | ip=null | op=WRITE_CHUNK {blockData=conID: 1 locID: 102704235208704491 bcsId: 2105} | ret=SUCCESS |  
2019-08-30 05:17:40,940 | INFO  | DNAudit | user=null | ip=null | op=WRITE_CHUNK {blockData=conID: 1 locID: 102704235208704491 bcsId: 2105} | ret=SUCCESS |  
2019-08-30 05:17:40,941 | INFO  | DNAudit | user=null | ip=null | op=PUT_BLOCK {blockData=[blockId=conID: 1 locID: 102704235208704491 bcsId: 0,size=3145728]} | ret=SUCCESS |  
2019-08-30 05:17:40,941 | INFO  | DNAudit | user=null | ip=null | op=PUT_BLOCK {blockData=[blockId=conID: 1 locID: 102704235208704491 bcsId: 0,size=3145728]} | ret=SUCCESS |  
2019-08-30 05:17:40,953 | INFO  | DNAudit | user=null | ip=null | op=WRITE_CHUNK {blockData=conID: 1 locID: 102704235208704491 bcsId: 2111} | ret=SUCCESS |  
2019-08-30 05:17:40,953 | INFO  | DNAudit | user=null | ip=null | op=PUT_BLOCK {blockData=[blockId=conID: 1 locID: 102704235208704491 bcsId: 0,size=4194304]} | ret=SUCCESS |  
2019-08-30 05:17:40,954 [grpc-default-executor-5] INFO  client.GrpcClientProtocolClient (GrpcClientProtocolClient.java:onNext(255)) - client-574492D41EE7->134d4672-e322-4e4b-b7f3-5645abb0fe8c: receive RaftClientReply:client-574492D41EE7->134d4672-e322-4e4b-b7f3-5645abb0fe8c@group-3CB1DFFBCDC2, cid=1485, SUCCESS, logIndex=2114, commits[134d4672-e322-4e4b-b7f3-5645abb0fe8c:c2115, 73af84f3-3e88-4c8c-894c-3ad307bcac8d:c2111, 730a25a1-dbec-44ed-975b-a44ab0096beb:c2111]
2019-08-30 05:17:40,954 [grpc-default-executor-5] INFO  client.GrpcClientProtocolClient (GrpcClientProtocolClient.java:onNext(255)) - client-574492D41EE7->134d4672-e322-4e4b-b7f3-5645abb0fe8c: receive RaftClientReply:client-574492D41EE7->134d4672-e322-4e4b-b7f3-5645abb0fe8c@group-3CB1DFFBCDC2, cid=1486, SUCCESS, logIndex=2115, commits[134d4672-e322-4e4b-b7f3-5645abb0fe8c:c2115, 73af84f3-3e88-4c8c-894c-3ad307bcac8d:c2111, 730a25a1-dbec-44ed-975b-a44ab0096beb:c2111]
2019-08-30 05:17:41,117 | INFO  | DNAudit | user=null | ip=null | op=WRITE_CHUNK {blockData=conID: 1 locID: 102704235208704491 bcsId: 2111} | ret=SUCCESS |  
2019-08-30 05:17:41,117 | INFO  | DNAudit | user=null | ip=null | op=WRITE_CHUNK {blockData=conID: 1 locID: 102704235208704491 bcsId: 2111} | ret=SUCCESS |  
2019-08-30 05:17:41,118 | INFO  | SCMAudit | user=jenkins1000 | ip=192.168.36.106 | op=SEND_HEARTBEAT {datanodeUUID=730a25a1-dbec-44ed-975b-a44ab0096beb, command=[]} | ret=SUCCESS |  
2019-08-30 05:17:41,118 | INFO  | SCMAudit | user=jenkins1000 | ip=192.168.36.106 | op=SEND_HEARTBEAT {datanodeUUID=73af84f3-3e88-4c8c-894c-3ad307bcac8d, command=[]} | ret=SUCCESS |  
2019-08-30 05:17:41,118 | INFO  | DNAudit | user=null | ip=null | op=PUT_BLOCK {blockData=[blockId=conID: 1 locID: 102704235208704491 bcsId: 0,size=4194304]} | ret=SUCCESS |  
2019-08-30 05:17:41,119 | INFO  | DNAudit | user=null | ip=null | op=PUT_BLOCK {blockData=[blockId=conID: 1 locID: 102704235208704491 bcsId: 0,size=4194304]} | ret=SUCCESS |  
2019-08-30 05:17:41,118 [grpc-default-executor-5] INFO  client.GrpcClientProtocolClient (GrpcClientProtocolClient.java:onNext(255)) - client-574492D41EE7->134d4672-e322-4e4b-b7f3-5645abb0fe8c: receive RaftClientReply:client-574492D41EE7->134d4672-e322-4e4b-b7f3-5645abb0fe8c@group-3CB1DFFBCDC2, cid=1487, SUCCESS, logIndex=0, commits[134d4672-e322-4e4b-b7f3-5645abb0fe8c:c2115, 73af84f3-3e88-4c8c-894c-3ad307bcac8d:c2115, 730a25a1-dbec-44ed-975b-a44ab0096beb:c2115]
2019-08-30 05:17:41,125 | INFO  | SCMAudit | user=jenkins1000 | ip=192.168.36.106 | op=ALLOCATE_BLOCK {owner=85755eb5-052d-48fa-b271-2fe4d8754e12, size=4194304, type=RATIS, factor=THREE} | ret=SUCCESS |  
2019-08-30 05:17:41,129 | INFO  | OMAudit | user=jenkins1000 | ip=127.0.0.1 | op=ALLOCATE_BLOCK {volume=vol-0-00977, bucket=bucket-0-44205, key=key-0-32850, dataSize=0, replicationType=null, replicationFactor=null, keyLocationInfo=null, clientID=102704234570776978} | ret=SUCCESS |  
2019-08-30 05:17:41,137 | INFO  | DNAudit | user=null | ip=null | op=WRITE_CHUNK {blockData=conID: 2 locID: 102704235225088492 bcsId: 0} | ret=SUCCESS |  
2019-08-30 05:17:41,140 | INFO  | DNAudit | user=null | ip=null | op=WRITE_CHUNK {blockData=conID: 2 locID: 102704235225088492 bcsId: 0} | ret=SUCCESS |  
2019-08-30 05:17:41,140 | INFO  | DNAudit | user=null | ip=null | op=WRITE_CHUNK {blockData=conID: 2 locID: 102704235225088492 bcsId: 0} | ret=SUCCESS |  
2019-08-30 05:17:41,140 | INFO  | DNAudit | user=null | ip=null | op=WRITE_CHUNK {blockData=conID: 2 locID: 102704235225088492 bcsId: 0} | ret=SUCCESS |  
2019-08-30 05:17:41,142 | INFO  | DNAudit | user=null | ip=null | op=WRITE_CHUNK {blockData=conID: 2 locID: 102704235225088492 bcsId: 0} | ret=SUCCESS |  
2019-08-30 05:17:41,142 | INFO  | DNAudit | user=null | ip=null | op=WRITE_CHUNK {blockData=conID: 2 locID: 102704235225088492 bcsId: 0} | ret=SUCCESS |  
2019-08-30 05:17:41,149 | INFO  | DNAudit | user=null | ip=null | op=WRITE_CHUNK {blockData=conID: 2 locID: 102704235225088492 bcsId: 0} | ret=SUCCESS |  
2019-08-30 05:17:41,150 | INFO  | DNAudit | user=null | ip=null | op=PUT_BLOCK {blockData=[blockId=conID: 2 locID: 102704235225088492 bcsId: 0,size=1048576]} | ret=SUCCESS |  
2019-08-30 05:17:41,150 | INFO  | DNAudit | user=null | ip=null | op=WRITE_CHUNK {blockData=conID: 2 locID: 102704235225088492 bcsId: 0} | ret=SUCCESS |  
2019-08-30 05:17:41,150 [grpc-default-executor-3] INFO  client.GrpcClientProtocolClient (GrpcClientProtocolClient.java:onNext(255)) - client-574492D41EE7->134d4672-e322-4e4b-b7f3-5645abb0fe8c: receive RaftClientReply:client-574492D41EE7->134d4672-e322-4e4b-b7f3-5645abb0fe8c@group-3CB1DFFBCDC2, cid=1488, SUCCESS, logIndex=2118, commits[134d4672-e322-4e4b-b7f3-5645abb0fe8c:c2120, 73af84f3-3e88-4c8c-894c-3ad307bcac8d:c2117, 730a25a1-dbec-44ed-975b-a44ab0096beb:c2117]
2019-08-30 05:17:41,151 | INFO  | DNAudit | user=null | ip=null | op=PUT_BLOCK {blockData=[blockId=conID: 2 locID: 102704235225088492 bcsId: 0,size=2097152]} | ret=SUCCESS |  
2019-08-30 05:17:41,151 [grpc-default-executor-3] INFO  client.GrpcClientProtocolClient (GrpcClientProtocolClient.java:onNext(255)) - client-574492D41EE7->134d4672-e322-4e4b-b7f3-5645abb0fe8c: receive RaftClientReply:client-574492D41EE7->134d4672-e322-4e4b-b7f3-5645abb0fe8c@group-3CB1DFFBCDC2, cid=1489, SUCCESS, logIndex=2119, commits[134d4672-e322-4e4b-b7f3-5645abb0fe8c:c2121, 73af84f3-3e88-4c8c-894c-3ad307bcac8d:c2117, 730a25a1-dbec-44ed-975b-a44ab0096beb:c2117]
2019-08-30 05:17:41,151 [grpc-default-executor-3] INFO  client.GrpcClientProtocolClient (GrpcClientProtocolClient.java:onNext(255)) - client-574492D41EE7->134d4672-e322-4e4b-b7f3-5645abb0fe8c: receive RaftClientReply:client-574492D41EE7->134d4672-e322-4e4b-b7f3-5645abb0fe8c@group-3CB1DFFBCDC2, cid=1490, SUCCESS, logIndex=2120, commits[134d4672-e322-4e4b-b7f3-5645abb0fe8c:c2121, 73af84f3-3e88-4c8c-894c-3ad307bcac8d:c2117, 730a25a1-dbec-44ed-975b-a44ab0096beb:c2117]
2019-08-30 05:17:41,151 [grpc-default-executor-3] INFO  client.GrpcClientProtocolClient (GrpcClientProtocolClient.java:onNext(255)) - client-574492D41EE7->134d4672-e322-4e4b-b7f3-5645abb0fe8c: receive RaftClientReply:client-574492D41EE7->134d4672-e322-4e4b-b7f3-5645abb0fe8c@group-3CB1DFFBCDC2, cid=1491, SUCCESS, logIndex=2121, commits[134d4672-e322-4e4b-b7f3-5645abb0fe8c:c2121, 73af84f3-3e88-4c8c-894c-3ad307bcac8d:c2117, 730a25a1-dbec-44ed-975b-a44ab0096beb:c2117]
2019-08-30 05:17:41,152 | INFO  | DNAudit | user=null | ip=null | op=WRITE_CHUNK {blockData=conID: 2 locID: 102704235225088492 bcsId: 0} | ret=SUCCESS |  
2019-08-30 05:17:41,152 | INFO  | DNAudit | user=null | ip=null | op=WRITE_CHUNK {blockData=conID: 2 locID: 102704235225088492 bcsId: 0} | ret=SUCCESS |  
2019-08-30 05:17:41,153 | INFO  | DNAudit | user=null | ip=null | op=PUT_BLOCK {blockData=[blockId=conID: 2 locID: 102704235225088492 bcsId: 0,size=1048576]} | ret=SUCCESS |  
2019-08-30 05:17:41,153 | INFO  | DNAudit | user=null | ip=null | op=PUT_BLOCK {blockData=[blockId=conID: 2 locID: 102704235225088492 bcsId: 0,size=1048576]} | ret=SUCCESS |  
2019-08-30 05:17:41,153 [grpc-default-executor-3] INFO  client.GrpcClientProtocolClient (GrpcClientProtocolClient.java:onNext(255)) - client-574492D41EE7->134d4672-e322-4e4b-b7f3-5645abb0fe8c: receive RaftClientReply:client-574492D41EE7->134d4672-e322-4e4b-b7f3-5645abb0fe8c@group-3CB1DFFBCDC2, cid=1492, SUCCESS, logIndex=0, commits[134d4672-e322-4e4b-b7f3-5645abb0fe8c:c2122, 73af84f3-3e88-4c8c-894c-3ad307bcac8d:c2119, 730a25a1-dbec-44ed-975b-a44ab0096beb:c2119]
2019-08-30 05:17:41,160 | INFO  | DNAudit | user=null | ip=null | op=WRITE_CHUNK {blockData=conID: 2 locID: 102704235225088492 bcsId: 2121} | ret=SUCCESS |  
2019-08-30 05:17:41,163 | INFO  | DNAudit | user=null | ip=null | op=WRITE_CHUNK {blockData=conID: 2 locID: 102704235225088492 bcsId: 2121} | ret=SUCCESS |  
2019-08-30 05:17:41,164 | INFO  | DNAudit | user=null | ip=null | op=WRITE_CHUNK {blockData=conID: 2 locID: 102704235225088492 bcsId: 0} | ret=SUCCESS |  
2019-08-30 05:17:41,164 | INFO  | DNAudit | user=null | ip=null | op=WRITE_CHUNK {blockData=conID: 2 locID: 102704235225088492 bcsId: 2121} | ret=SUCCESS |  
2019-08-30 05:17:41,164 | INFO  | DNAudit | user=null | ip=null | op=PUT_BLOCK {blockData=[blockId=conID: 2 locID: 102704235225088492 bcsId: 0,size=2097152]} | ret=SUCCESS |  
2019-08-30 05:17:41,166 | INFO  | DNAudit | user=null | ip=null | op=WRITE_CHUNK {blockData=conID: 2 locID: 102704235225088492 bcsId: 0} | ret=SUCCESS |  
2019-08-30 05:17:41,166 | INFO  | DNAudit | user=null | ip=null | op=PUT_BLOCK {blockData=[blockId=conID: 2 locID: 102704235225088492 bcsId: 0,size=2097152]} | ret=SUCCESS |  
2019-08-30 05:17:41,178 | INFO  | DNAudit | user=null | ip=null | op=WRITE_CHUNK {blockData=conID: 2 locID: 102704235225088492 bcsId: 2121} | ret=SUCCESS |  
2019-08-30 05:17:41,178 | INFO  | DNAudit | user=null | ip=null | op=PUT_BLOCK {blockData=[blockId=conID: 2 locID: 102704235225088492 bcsId: 0,size=3145728]} | ret=SUCCESS |  
2019-08-30 05:17:41,178 [grpc-default-executor-3] INFO  client.GrpcClientProtocolClient (GrpcClientProtocolClient.java:onNext(255)) - client-574492D41EE7->134d4672-e322-4e4b-b7f3-5645abb0fe8c: receive RaftClientReply:client-574492D41EE7->134d4672-e322-4e4b-b7f3-5645abb0fe8c@group-3CB1DFFBCDC2, cid=1493, SUCCESS, logIndex=2126, commits[134d4672-e322-4e4b-b7f3-5645abb0fe8c:c2127, 73af84f3-3e88-4c8c-894c-3ad307bcac8d:c2123, 730a25a1-dbec-44ed-975b-a44ab0096beb:c2123]
2019-08-30 05:17:41,182 | INFO  | DNAudit | user=null | ip=null | op=WRITE_CHUNK {blockData=conID: 2 locID: 102704235225088492 bcsId: 2121} | ret=SUCCESS |  
2019-08-30 05:17:41,182 [grpc-default-executor-3] INFO  client.GrpcClientProtocolClient (GrpcClientProtocolClient.java:onNext(255)) - client-574492D41EE7->134d4672-e322-4e4b-b7f3-5645abb0fe8c: receive RaftClientReply:client-574492D41EE7->134d4672-e322-4e4b-b7f3-5645abb0fe8c@group-3CB1DFFBCDC2, cid=1494, SUCCESS, logIndex=2127, commits[134d4672-e322-4e4b-b7f3-5645abb0fe8c:c2127, 73af84f3-3e88-4c8c-894c-3ad307bcac8d:c2123, 730a25a1-dbec-44ed-975b-a44ab0096beb:c2123]
2019-08-30 05:17:41,182 | INFO  | DNAudit | user=null | ip=null | op=WRITE_CHUNK {blockData=conID: 2 locID: 102704235225088492 bcsId: 2121} | ret=SUCCESS |  
2019-08-30 05:17:41,182 | INFO  | DNAudit | user=null | ip=null | op=PUT_BLOCK {blockData=[blockId=conID: 2 locID: 102704235225088492 bcsId: 0,size=3145728]} | ret=SUCCESS |  
2019-08-30 05:17:41,182 | INFO  | DNAudit | user=null | ip=null | op=PUT_BLOCK {blockData=[blockId=conID: 2 locID: 102704235225088492 bcsId: 0,size=3145728]} | ret=SUCCESS |  
2019-08-30 05:17:41,189 | INFO  | DNAudit | user=null | ip=null | op=WRITE_CHUNK {blockData=conID: 2 locID: 102704235225088492 bcsId: 2127} | ret=SUCCESS |  
2019-08-30 05:17:41,192 | INFO  | DNAudit | user=null | ip=null | op=WRITE_CHUNK {blockData=conID: 2 locID: 102704235225088492 bcsId: 2127} | ret=SUCCESS |  
2019-08-30 05:17:41,192 | INFO  | DNAudit | user=null | ip=null | op=WRITE_CHUNK {blockData=conID: 2 locID: 102704235225088492 bcsId: 2127} | ret=SUCCESS |  
2019-08-30 05:17:41,202 | INFO  | DNAudit | user=null | ip=null | op=WRITE_CHUNK {blockData=conID: 2 locID: 102704235225088492 bcsId: 2127} | ret=SUCCESS |  
2019-08-30 05:17:41,202 | INFO  | DNAudit | user=null | ip=null | op=PUT_BLOCK {blockData=[blockId=conID: 2 locID: 102704235225088492 bcsId: 0,size=4194304]} | ret=SUCCESS |  
2019-08-30 05:17:41,202 [grpc-default-executor-3] INFO  client.GrpcClientProtocolClient (GrpcClientProtocolClient.java:onNext(255)) - client-574492D41EE7->134d4672-e322-4e4b-b7f3-5645abb0fe8c: receive RaftClientReply:client-574492D41EE7->134d4672-e322-4e4b-b7f3-5645abb0fe8c@group-3CB1DFFBCDC2, cid=1495, SUCCESS, logIndex=2130, commits[134d4672-e322-4e4b-b7f3-5645abb0fe8c:c2131, 73af84f3-3e88-4c8c-894c-3ad307bcac8d:c2129, 730a25a1-dbec-44ed-975b-a44ab0096beb:c2129]
2019-08-30 05:17:41,202 [grpc-default-executor-3] INFO  client.GrpcClientProtocolClient (GrpcClientProtocolClient.java:onNext(255)) - client-574492D41EE7->134d4672-e322-4e4b-b7f3-5645abb0fe8c: receive RaftClientReply:client-574492D41EE7->134d4672-e322-4e4b-b7f3-5645abb0fe8c@group-3CB1DFFBCDC2, cid=1496, SUCCESS, logIndex=2131, commits[134d4672-e322-4e4b-b7f3-5645abb0fe8c:c2131, 73af84f3-3e88-4c8c-894c-3ad307bcac8d:c2129, 730a25a1-dbec-44ed-975b-a44ab0096beb:c2129]
2019-08-30 05:17:41,203 | INFO  | DNAudit | user=null | ip=null | op=WRITE_CHUNK {blockData=conID: 2 locID: 102704235225088492 bcsId: 2127} | ret=SUCCESS |  
2019-08-30 05:17:41,203 | INFO  | DNAudit | user=null | ip=null | op=WRITE_CHUNK {blockData=conID: 2 locID: 102704235225088492 bcsId: 2127} | ret=SUCCESS |  
2019-08-30 05:17:41,203 | INFO  | DNAudit | user=null | ip=null | op=PUT_BLOCK {blockData=[blockId=conID: 2 locID: 102704235225088492 bcsId: 0,size=4194304]} | ret=SUCCESS |  
2019-08-30 05:17:41,203 | INFO  | DNAudit | user=null | ip=null | op=PUT_BLOCK {blockData=[blockId=conID: 2 locID: 102704235225088492 bcsId: 0,size=4194304]} | ret=SUCCESS |  
2019-08-30 05:17:41,204 [grpc-default-executor-1] INFO  client.GrpcClientProtocolClient (GrpcClientProtocolClient.java:onNext(255)) - client-574492D41EE7->134d4672-e322-4e4b-b7f3-5645abb0fe8c: receive RaftClientReply:client-574492D41EE7->134d4672-e322-4e4b-b7f3-5645abb0fe8c@group-3CB1DFFBCDC2, cid=1497, SUCCESS, logIndex=0, commits[134d4672-e322-4e4b-b7f3-5645abb0fe8c:c2132, 73af84f3-3e88-4c8c-894c-3ad307bcac8d:c2131, 730a25a1-dbec-44ed-975b-a44ab0096beb:c2131]
2019-08-30 05:17:41,210 | INFO  | SCMAudit | user=jenkins1000 | ip=192.168.36.106 | op=ALLOCATE_BLOCK {owner=85755eb5-052d-48fa-b271-2fe4d8754e12, size=4194304, type=RATIS, factor=THREE} | ret=SUCCESS |  
2019-08-30 05:17:41,213 | INFO  | OMAudit | user=jenkins1000 | ip=127.0.0.1 | op=ALLOCATE_BLOCK {volume=vol-0-00977, bucket=bucket-0-44205, key=key-0-32850, dataSize=0, replicationType=null, replicationFactor=null, keyLocationInfo=null, clientID=102704234570776978} | ret=SUCCESS |  
2019-08-30 05:17:41,221 | INFO  | DNAudit | user=null | ip=null | op=WRITE_CHUNK {blockData=conID: 3 locID: 102704235230593517 bcsId: 0} | ret=SUCCESS |  
2019-08-30 05:17:41,223 | INFO  | DNAudit | user=null | ip=null | op=WRITE_CHUNK {blockData=conID: 3 locID: 102704235230593517 bcsId: 0} | ret=SUCCESS |  
2019-08-30 05:17:41,223 | INFO  | DNAudit | user=null | ip=null | op=WRITE_CHUNK {blockData=conID: 3 locID: 102704235230593517 bcsId: 0} | ret=SUCCESS |  
2019-08-30 05:17:41,224 | INFO  | DNAudit | user=null | ip=null | op=WRITE_CHUNK {blockData=conID: 3 locID: 102704235230593517 bcsId: 0} | ret=SUCCESS |  
2019-08-30 05:17:41,225 | INFO  | DNAudit | user=null | ip=null | op=WRITE_CHUNK {blockData=conID: 3 locID: 102704235230593517 bcsId: 0} | ret=SUCCESS |  
2019-08-30 05:17:41,225 | INFO  | DNAudit | user=null | ip=null | op=WRITE_CHUNK {blockData=conID: 3 locID: 102704235230593517 bcsId: 0} | ret=SUCCESS |  
2019-08-30 05:17:41,235 | INFO  | DNAudit | user=null | ip=null | op=WRITE_CHUNK {blockData=conID: 3 locID: 102704235230593517 bcsId: 0} | ret=SUCCESS |  
2019-08-30 05:17:41,235 | INFO  | DNAudit | user=null | ip=null | op=PUT_BLOCK {blockData=[blockId=conID: 3 locID: 102704235230593517 bcsId: 0,size=1048576]} | ret=SUCCESS |  
2019-08-30 05:17:41,235 [grpc-default-executor-1] INFO  client.GrpcClientProtocolClient (GrpcClientProtocolClient.java:onNext(255)) - client-574492D41EE7->134d4672-e322-4e4b-b7f3-5645abb0fe8c: receive RaftClientReply:client-574492D41EE7->134d4672-e322-4e4b-b7f3-5645abb0fe8c@group-3CB1DFFBCDC2, cid=1498, SUCCESS, logIndex=2134, commits[134d4672-e322-4e4b-b7f3-5645abb0fe8c:c2137, 73af84f3-3e88-4c8c-894c-3ad307bcac8d:c2133, 730a25a1-dbec-44ed-975b-a44ab0096beb:c2133]
2019-08-30 05:17:41,236 | INFO  | DNAudit | user=null | ip=null | op=WRITE_CHUNK {blockData=conID: 3 locID: 102704235230593517 bcsId: 0} | ret=SUCCESS |  
2019-08-30 05:17:41,236 | INFO  | DNAudit | user=null | ip=null | op=WRITE_CHUNK {blockData=conID: 3 locID: 102704235230593517 bcsId: 0} | ret=SUCCESS |  
2019-08-30 05:17:41,236 | INFO  | DNAudit | user=null | ip=null | op=WRITE_CHUNK {blockData=conID: 3 locID: 102704235230593517 bcsId: 0} | ret=SUCCESS |  
2019-08-30 05:17:41,236 [grpc-default-executor-1] INFO  client.GrpcClientProtocolClient (GrpcClientProtocolClient.java:onNext(255)) - client-574492D41EE7->134d4672-e322-4e4b-b7f3-5645abb0fe8c: receive RaftClientReply:client-574492D41EE7->134d4672-e322-4e4b-b7f3-5645abb0fe8c@group-3CB1DFFBCDC2, cid=1499, SUCCESS, logIndex=2135, commits[134d4672-e322-4e4b-b7f3-5645abb0fe8c:c2137, 73af84f3-3e88-4c8c-894c-3ad307bcac8d:c2133, 730a25a1-dbec-44ed-975b-a44ab0096beb:c2133]
2019-08-30 05:17:41,236 | INFO  | DNAudit | user=null | ip=null | op=PUT_BLOCK {blockData=[blockId=conID: 3 locID: 102704235230593517 bcsId: 0,size=2097152]} | ret=SUCCESS |  
2019-08-30 05:17:41,236 | INFO  | DNAudit | user=null | ip=null | op=PUT_BLOCK {blockData=[blockId=conID: 3 locID: 102704235230593517 bcsId: 0,size=1048576]} | ret=SUCCESS |  
2019-08-30 05:17:41,236 | INFO  | DNAudit | user=null | ip=null | op=PUT_BLOCK {blockData=[blockId=conID: 3 locID: 102704235230593517 bcsId: 0,size=1048576]} | ret=SUCCESS |  
2019-08-30 05:17:41,236 [grpc-default-executor-1] INFO  client.GrpcClientProtocolClient (GrpcClientProtocolClient.java:onNext(255)) - client-574492D41EE7->134d4672-e322-4e4b-b7f3-5645abb0fe8c: receive RaftClientReply:client-574492D41EE7->134d4672-e322-4e4b-b7f3-5645abb0fe8c@group-3CB1DFFBCDC2, cid=1500, SUCCESS, logIndex=2136, commits[134d4672-e322-4e4b-b7f3-5645abb0fe8c:c2138, 73af84f3-3e88-4c8c-894c-3ad307bcac8d:c2137, 730a25a1-dbec-44ed-975b-a44ab0096beb:c2137]
2019-08-30 05:17:41,237 | INFO  | DNAudit | user=null | ip=null | op=WRITE_CHUNK {blockData=conID: 3 locID: 102704235230593517 bcsId: 0} | ret=SUCCESS |  
2019-08-30 05:17:41,237 | INFO  | DNAudit | user=null | ip=null | op=WRITE_CHUNK {blockData=conID: 3 locID: 102704235230593517 bcsId: 0} | ret=SUCCESS |  
2019-08-30 05:17:41,237 | INFO  | DNAudit | user=null | ip=null | op=PUT_BLOCK {blockData=[blockId=conID: 3 locID: 102704235230593517 bcsId: 0,size=2097152]} | ret=SUCCESS |  
2019-08-30 05:17:41,237 | INFO  | DNAudit | user=null | ip=null | op=PUT_BLOCK {blockData=[blockId=conID: 3 locID: 102704235230593517 bcsId: 0,size=2097152]} | ret=SUCCESS |  
2019-08-30 05:17:41,237 [grpc-default-executor-5] INFO  client.GrpcClientProtocolClient (GrpcClientProtocolClient.java:onNext(255)) - client-574492D41EE7->134d4672-e322-4e4b-b7f3-5645abb0fe8c: receive RaftClientReply:client-574492D41EE7->134d4672-e322-4e4b-b7f3-5645abb0fe8c@group-3CB1DFFBCDC2, cid=1501, SUCCESS, logIndex=2137, commits[134d4672-e322-4e4b-b7f3-5645abb0fe8c:c2139, 73af84f3-3e88-4c8c-894c-3ad307bcac8d:c2137, 730a25a1-dbec-44ed-975b-a44ab0096beb:c2137]
2019-08-30 05:17:41,243 | INFO  | DNAudit | user=null | ip=null | op=WRITE_CHUNK {blockData=conID: 3 locID: 102704235230593517 bcsId: 2137} | ret=SUCCESS |  
2019-08-30 05:17:41,246 | INFO  | DNAudit | user=null | ip=null | op=WRITE_CHUNK {blockData=conID: 3 locID: 102704235230593517 bcsId: 2137} | ret=SUCCESS |  
2019-08-30 05:17:41,246 | INFO  | DNAudit | user=null | ip=null | op=WRITE_CHUNK {blockData=conID: 3 locID: 102704235230593517 bcsId: 2137} | ret=SUCCESS |  
2019-08-30 05:17:41,247 | INFO  | DNAudit | user=null | ip=null | op=WRITE_CHUNK {blockData=conID: 3 locID: 102704235230593517 bcsId: 2137} | ret=SUCCESS |  
2019-08-30 05:17:41,248 | INFO  | DNAudit | user=null | ip=null | op=WRITE_CHUNK {blockData=conID: 3 locID: 102704235230593517 bcsId: 2137} | ret=SUCCESS |  
2019-08-30 05:17:41,248 | INFO  | DNAudit | user=null | ip=null | op=WRITE_CHUNK {blockData=conID: 3 locID: 102704235230593517 bcsId: 2137} | ret=SUCCESS |  
2019-08-30 05:17:41,254 | INFO  | SCMAudit | user=jenkins1000 | ip=192.168.36.106 | op=SEND_HEARTBEAT {datanodeUUID=134d4672-e322-4e4b-b7f3-5645abb0fe8c, command=[]} | ret=SUCCESS |  
2019-08-30 05:17:41,256 | INFO  | DNAudit | user=null | ip=null | op=WRITE_CHUNK {blockData=conID: 3 locID: 102704235230593517 bcsId: 2137} | ret=SUCCESS |  
2019-08-30 05:17:41,257 [grpc-default-executor-1] INFO  client.GrpcClientProtocolClient (GrpcClientProtocolClient.java:onNext(255)) - client-574492D41EE7->134d4672-e322-4e4b-b7f3-5645abb0fe8c: receive RaftClientReply:client-574492D41EE7->134d4672-e322-4e4b-b7f3-5645abb0fe8c@group-3CB1DFFBCDC2, cid=1502, SUCCESS, logIndex=2140, commits[134d4672-e322-4e4b-b7f3-5645abb0fe8c:c2141, 73af84f3-3e88-4c8c-894c-3ad307bcac8d:c2139, 730a25a1-dbec-44ed-975b-a44ab0096beb:c2139]
2019-08-30 05:17:41,259 | INFO  | DNAudit | user=null | ip=null | op=PUT_BLOCK {blockData=[blockId=conID: 3 locID: 102704235230593517 bcsId: 0,size=3145728]} | ret=SUCCESS |  
2019-08-30 05:17:41,259 | INFO  | DNAudit | user=null | ip=null | op=WRITE_CHUNK {blockData=conID: 3 locID: 102704235230593517 bcsId: 2137} | ret=SUCCESS |  
2019-08-30 05:17:41,259 [grpc-default-executor-1] INFO  client.GrpcClientProtocolClient (GrpcClientProtocolClient.java:onNext(255)) - client-574492D41EE7->134d4672-e322-4e4b-b7f3-5645abb0fe8c: receive RaftClientReply:client-574492D41EE7->134d4672-e322-4e4b-b7f3-5645abb0fe8c@group-3CB1DFFBCDC2, cid=1503, SUCCESS, logIndex=2141, commits[134d4672-e322-4e4b-b7f3-5645abb0fe8c:c2143, 73af84f3-3e88-4c8c-894c-3ad307bcac8d:c2139, 730a25a1-dbec-44ed-975b-a44ab0096beb:c2139]
2019-08-30 05:17:41,259 | INFO  | DNAudit | user=null | ip=null | op=PUT_BLOCK {blockData=[blockId=conID: 3 locID: 102704235230593517 bcsId: 0,size=4194304]} | ret=SUCCESS |  
2019-08-30 05:17:41,260 [grpc-default-executor-1] INFO  client.GrpcClientProtocolClient (GrpcClientProtocolClient.java:onNext(255)) - client-574492D41EE7->134d4672-e322-4e4b-b7f3-5645abb0fe8c: receive RaftClientReply:client-574492D41EE7->134d4672-e322-4e4b-b7f3-5645abb0fe8c@group-3CB1DFFBCDC2, cid=1504, SUCCESS, logIndex=2142, commits[134d4672-e322-4e4b-b7f3-5645abb0fe8c:c2143, 73af84f3-3e88-4c8c-894c-3ad307bcac8d:c2139, 730a25a1-dbec-44ed-975b-a44ab0096beb:c2139]
2019-08-30 05:17:41,260 | INFO  | DNAudit | user=null | ip=null | op=WRITE_CHUNK {blockData=conID: 3 locID: 102704235230593517 bcsId: 2137} | ret=SUCCESS |  
2019-08-30 05:17:41,260 | INFO  | DNAudit | user=null | ip=null | op=WRITE_CHUNK {blockData=conID: 3 locID: 102704235230593517 bcsId: 2137} | ret=SUCCESS |  
2019-08-30 05:17:41,260 [grpc-default-executor-6] INFO  client.GrpcClientProtocolClient (GrpcClientProtocolClient.java:onNext(255)) - client-574492D41EE7->134d4672-e322-4e4b-b7f3-5645abb0fe8c: receive RaftClientReply:client-574492D41EE7->134d4672-e322-4e4b-b7f3-5645abb0fe8c@group-3CB1DFFBCDC2, cid=1505, SUCCESS, logIndex=2143, commits[134d4672-e322-4e4b-b7f3-5645abb0fe8c:c2143, 73af84f3-3e88-4c8c-894c-3ad307bcac8d:c2139, 730a25a1-dbec-44ed-975b-a44ab0096beb:c2139]
2019-08-30 05:17:41,261 | INFO  | DNAudit | user=null | ip=null | op=PUT_BLOCK {blockData=[blockId=conID: 3 locID: 102704235230593517 bcsId: 0,size=3145728]} | ret=SUCCESS |  
2019-08-30 05:17:41,261 | INFO  | DNAudit | user=null | ip=null | op=PUT_BLOCK {blockData=[blockId=conID: 3 locID: 102704235230593517 bcsId: 0,size=3145728]} | ret=SUCCESS |  
2019-08-30 05:17:41,261 | INFO  | DNAudit | user=null | ip=null | op=WRITE_CHUNK {blockData=conID: 3 locID: 102704235230593517 bcsId: 2137} | ret=SUCCESS |  
2019-08-30 05:17:41,262 | INFO  | DNAudit | user=null | ip=null | op=PUT_BLOCK {blockData=[blockId=conID: 3 locID: 102704235230593517 bcsId: 0,size=4194304]} | ret=SUCCESS |  
2019-08-30 05:17:41,262 | INFO  | DNAudit | user=null | ip=null | op=WRITE_CHUNK {blockData=conID: 3 locID: 102704235230593517 bcsId: 2137} | ret=SUCCESS |  
2019-08-30 05:17:41,262 | INFO  | DNAudit | user=null | ip=null | op=PUT_BLOCK {blockData=[blockId=conID: 3 locID: 102704235230593517 bcsId: 0,size=4194304]} | ret=SUCCESS |  
2019-08-30 05:17:41,262 [grpc-default-executor-1] INFO  client.GrpcClientProtocolClient (GrpcClientProtocolClient.java:onNext(255)) - client-574492D41EE7->134d4672-e322-4e4b-b7f3-5645abb0fe8c: receive RaftClientReply:client-574492D41EE7->134d4672-e322-4e4b-b7f3-5645abb0fe8c@group-3CB1DFFBCDC2, cid=1506, SUCCESS, logIndex=0, commits[134d4672-e322-4e4b-b7f3-5645abb0fe8c:c2145, 73af84f3-3e88-4c8c-894c-3ad307bcac8d:c2141, 730a25a1-dbec-44ed-975b-a44ab0096beb:c2141]
2019-08-30 05:17:41,263 [grpc-default-executor-1] INFO  client.GrpcClientProtocolClient (GrpcClientProtocolClient.java:onNext(255)) - client-574492D41EE7->134d4672-e322-4e4b-b7f3-5645abb0fe8c: receive RaftClientReply:client-574492D41EE7->134d4672-e322-4e4b-b7f3-5645abb0fe8c@group-3CB1DFFBCDC2, cid=1507, SUCCESS, logIndex=0, commits[134d4672-e322-4e4b-b7f3-5645abb0fe8c:c2146, 73af84f3-3e88-4c8c-894c-3ad307bcac8d:c2143, 730a25a1-dbec-44ed-975b-a44ab0096beb:c2143]
2019-08-30 05:17:41,267 | INFO  | SCMAudit | user=jenkins1000 | ip=192.168.36.106 | op=ALLOCATE_BLOCK {owner=85755eb5-052d-48fa-b271-2fe4d8754e12, size=4194304, type=RATIS, factor=THREE} | ret=SUCCESS |  
2019-08-30 05:17:41,270 | INFO  | OMAudit | user=jenkins1000 | ip=127.0.0.1 | op=ALLOCATE_BLOCK {volume=vol-0-00977, bucket=bucket-0-44205, key=key-0-32850, dataSize=0, replicationType=null, replicationFactor=null, keyLocationInfo=null, clientID=102704234570776978} | ret=SUCCESS |  
2019-08-30 05:17:41,276 | INFO  | DNAudit | user=null | ip=null | op=WRITE_CHUNK {blockData=conID: 1 locID: 102704235234394606 bcsId: 0} | ret=SUCCESS |  
2019-08-30 05:17:41,279 | INFO  | DNAudit | user=null | ip=null | op=WRITE_CHUNK {blockData=conID: 1 locID: 102704235234394606 bcsId: 0} | ret=SUCCESS |  
2019-08-30 05:17:41,279 | INFO  | DNAudit | user=null | ip=null | op=WRITE_CHUNK {blockData=conID: 1 locID: 102704235234394606 bcsId: 0} | ret=SUCCESS |  
2019-08-30 05:17:41,279 | INFO  | DNAudit | user=null | ip=null | op=WRITE_CHUNK {blockData=conID: 1 locID: 102704235234394606 bcsId: 0} | ret=SUCCESS |  
2019-08-30 05:17:41,280 | INFO  | DNAudit | user=null | ip=null | op=WRITE_CHUNK {blockData=conID: 1 locID: 102704235234394606 bcsId: 0} | ret=SUCCESS |  
2019-08-30 05:17:41,280 | INFO  | DNAudit | user=null | ip=null | op=WRITE_CHUNK {blockData=conID: 1 locID: 102704235234394606 bcsId: 0} | ret=SUCCESS |  
2019-08-30 05:17:41,281 | INFO  | SCMAudit | user=jenkins1000 | ip=192.168.36.106 | op=SEND_HEARTBEAT {datanodeUUID=ea5d4b6b-4a08-401a-8c59-ecc1ca37daf5, command=[]} | ret=SUCCESS |  
 0.00% |█                                                                                                    |  0/1 Time: 0:00:102019-08-30 05:17:41,289 | INFO  | DNAudit | user=null | ip=null | op=WRITE_CHUNK {blockData=conID: 1 locID: 102704235234394606 bcsId: 0} | ret=SUCCESS |  
2019-08-30 05:17:41,290 | INFO  | DNAudit | user=null | ip=null | op=PUT_BLOCK {blockData=[blockId=conID: 1 locID: 102704235234394606 bcsId: 0,size=1048576]} | ret=SUCCESS |  
2019-08-30 05:17:41,290 [grpc-default-executor-6] INFO  client.GrpcClientProtocolClient (GrpcClientProtocolClient.java:onNext(255)) - client-574492D41EE7->134d4672-e322-4e4b-b7f3-5645abb0fe8c: receive RaftClientReply:client-574492D41EE7->134d4672-e322-4e4b-b7f3-5645abb0fe8c@group-3CB1DFFBCDC2, cid=1508, SUCCESS, logIndex=2147, commits[134d4672-e322-4e4b-b7f3-5645abb0fe8c:c2150, 73af84f3-3e88-4c8c-894c-3ad307bcac8d:c2146, 730a25a1-dbec-44ed-975b-a44ab0096beb:c2146]
2019-08-30 05:17:41,290 | INFO  | DNAudit | user=null | ip=null | op=WRITE_CHUNK {blockData=conID: 1 locID: 102704235234394606 bcsId: 0} | ret=SUCCESS |  
2019-08-30 05:17:41,290 | INFO  | DNAudit | user=null | ip=null | op=WRITE_CHUNK {blockData=conID: 1 locID: 102704235234394606 bcsId: 0} | ret=SUCCESS |  
2019-08-30 05:17:41,290 [grpc-default-executor-6] INFO  client.GrpcClientProtocolClient (GrpcClientProtocolClient.java:onNext(255)) - client-574492D41EE7->134d4672-e322-4e4b-b7f3-5645abb0fe8c: receive RaftClientReply:client-574492D41EE7->134d4672-e322-4e4b-b7f3-5645abb0fe8c@group-3CB1DFFBCDC2, cid=1509, SUCCESS, logIndex=2148, commits[134d4672-e322-4e4b-b7f3-5645abb0fe8c:c2150, 73af84f3-3e88-4c8c-894c-3ad307bcac8d:c2146, 730a25a1-dbec-44ed-975b-a44ab0096beb:c2146]
2019-08-30 05:17:41,290 | INFO  | DNAudit | user=null | ip=null | op=PUT_BLOCK {blockData=[blockId=conID: 1 locID: 102704235234394606 bcsId: 0,size=2097152]} | ret=SUCCESS |  
2019-08-30 05:17:41,291 [grpc-default-executor-6] INFO  client.GrpcClientProtocolClient (GrpcClientProtocolClient.java:onNext(255)) - client-574492D41EE7->134d4672-e322-4e4b-b7f3-5645abb0fe8c: receive RaftClientReply:client-574492D41EE7->134d4672-e322-4e4b-b7f3-5645abb0fe8c@group-3CB1DFFBCDC2, cid=1510, SUCCESS, logIndex=2149, commits[134d4672-e322-4e4b-b7f3-5645abb0fe8c:c2151, 73af84f3-3e88-4c8c-894c-3ad307bcac8d:c2147, 730a25a1-dbec-44ed-975b-a44ab0096beb:c2146]
2019-08-30 05:17:41,291 [grpc-default-executor-6] INFO  client.GrpcClientProtocolClient (GrpcClientProtocolClient.java:onNext(255)) - client-574492D41EE7->134d4672-e322-4e4b-b7f3-5645abb0fe8c: receive RaftClientReply:client-574492D41EE7->134d4672-e322-4e4b-b7f3-5645abb0fe8c@group-3CB1DFFBCDC2, cid=1511, SUCCESS, logIndex=2150, commits[134d4672-e322-4e4b-b7f3-5645abb0fe8c:c2151, 73af84f3-3e88-4c8c-894c-3ad307bcac8d:c2147, 730a25a1-dbec-44ed-975b-a44ab0096beb:c2146]
2019-08-30 05:17:41,292 | INFO  | DNAudit | user=null | ip=null | op=WRITE_CHUNK {blockData=conID: 1 locID: 102704235234394606 bcsId: 0} | ret=SUCCESS |  
2019-08-30 05:17:41,304 | INFO  | DNAudit | user=null | ip=null | op=PUT_BLOCK {blockData=[blockId=conID: 1 locID: 102704235234394606 bcsId: 0,size=1048576]} | ret=SUCCESS |  
2019-08-30 05:17:41,304 | INFO  | DNAudit | user=null | ip=null | op=PUT_BLOCK {blockData=[blockId=conID: 1 locID: 102704235234394606 bcsId: 0,size=1048576]} | ret=SUCCESS |  
2019-08-30 05:17:41,304 | INFO  | DNAudit | user=null | ip=null | op=WRITE_CHUNK {blockData=conID: 1 locID: 102704235234394606 bcsId: 0} | ret=SUCCESS |  
2019-08-30 05:17:41,304 | INFO  | DNAudit | user=null | ip=null | op=PUT_BLOCK {blockData=[blockId=conID: 1 locID: 102704235234394606 bcsId: 0,size=2097152]} | ret=SUCCESS |  
2019-08-30 05:17:41,304 | INFO  | DNAudit | user=null | ip=null | op=WRITE_CHUNK {blockData=conID: 1 locID: 102704235234394606 bcsId: 0} | ret=SUCCESS |  
2019-08-30 05:17:41,305 | INFO  | DNAudit | user=null | ip=null | op=PUT_BLOCK {blockData=[blockId=conID: 1 locID: 102704235234394606 bcsId: 0,size=2097152]} | ret=SUCCESS |  
2019-08-30 05:17:41,305 [grpc-default-executor-6] INFO  client.GrpcClientProtocolClient (GrpcClientProtocolClient.java:onNext(255)) - client-574492D41EE7->134d4672-e322-4e4b-b7f3-5645abb0fe8c: receive RaftClientReply:client-574492D41EE7->134d4672-e322-4e4b-b7f3-5645abb0fe8c@group-3CB1DFFBCDC2, cid=1512, SUCCESS, logIndex=0, commits[134d4672-e322-4e4b-b7f3-5645abb0fe8c:c2154, 73af84f3-3e88-4c8c-894c-3ad307bcac8d:c2150, 730a25a1-dbec-44ed-975b-a44ab0096beb:c2148]
2019-08-30 05:17:41,311 | INFO  | DNAudit | user=null | ip=null | op=WRITE_CHUNK {blockData=conID: 1 locID: 102704235234394606 bcsId: 2150} | ret=SUCCESS |  
2019-08-30 05:17:41,313 | INFO  | DNAudit | user=null | ip=null | op=WRITE_CHUNK {blockData=conID: 1 locID: 102704235234394606 bcsId: 2150} | ret=SUCCESS |  
2019-08-30 05:17:41,313 | INFO  | DNAudit | user=null | ip=null | op=WRITE_CHUNK {blockData=conID: 1 locID: 102704235234394606 bcsId: 2150} | ret=SUCCESS |  
2019-08-30 05:17:41,323 | INFO  | DNAudit | user=null | ip=null | op=WRITE_CHUNK {blockData=conID: 1 locID: 102704235234394606 bcsId: 2150} | ret=SUCCESS |  
2019-08-30 05:17:41,323 | INFO  | DNAudit | user=null | ip=null | op=PUT_BLOCK {blockData=[blockId=conID: 1 locID: 102704235234394606 bcsId: 0,size=3145728]} | ret=SUCCESS |  
2019-08-30 05:17:41,323 [grpc-default-executor-1] INFO  client.GrpcClientProtocolClient (GrpcClientProtocolClient.java:onNext(255)) - client-574492D41EE7->134d4672-e322-4e4b-b7f3-5645abb0fe8c: receive RaftClientReply:client-574492D41EE7->134d4672-e322-4e4b-b7f3-5645abb0fe8c@group-3CB1DFFBCDC2, cid=1513, SUCCESS, logIndex=2155, commits[134d4672-e322-4e4b-b7f3-5645abb0fe8c:c2156, 73af84f3-3e88-4c8c-894c-3ad307bcac8d:c2154, 730a25a1-dbec-44ed-975b-a44ab0096beb:c2154]
2019-08-30 05:17:41,324 [grpc-default-executor-1] INFO  client.GrpcClientProtocolClient (GrpcClientProtocolClient.java:onNext(255)) - client-574492D41EE7->134d4672-e322-4e4b-b7f3-5645abb0fe8c: receive RaftClientReply:client-574492D41EE7->134d4672-e322-4e4b-b7f3-5645abb0fe8c@group-3CB1DFFBCDC2, cid=1514, SUCCESS, logIndex=2156, commits[134d4672-e322-4e4b-b7f3-5645abb0fe8c:c2156, 73af84f3-3e88-4c8c-894c-3ad307bcac8d:c2154, 730a25a1-dbec-44ed-975b-a44ab0096beb:c2154]
2019-08-30 05:17:41,330 | INFO  | DNAudit | user=null | ip=null | op=WRITE_CHUNK {blockData=conID: 1 locID: 102704235234394606 bcsId: 2156} | ret=SUCCESS |  
2019-08-30 05:17:41,332 | INFO  | DNAudit | user=null | ip=null | op=WRITE_CHUNK {blockData=conID: 1 locID: 102704235234394606 bcsId: 2156} | ret=SUCCESS |  
2019-08-30 05:17:41,333 | INFO  | DNAudit | user=null | ip=null | op=WRITE_CHUNK {blockData=conID: 1 locID: 102704235234394606 bcsId: 2156} | ret=SUCCESS |  
2019-08-30 05:17:41,334 | INFO  | DNAudit | user=null | ip=null | op=WRITE_CHUNK {blockData=conID: 1 locID: 102704235234394606 bcsId: 2150} | ret=SUCCESS |  
2019-08-30 05:17:41,334 | INFO  | DNAudit | user=null | ip=null | op=WRITE_CHUNK {blockData=conID: 1 locID: 102704235234394606 bcsId: 2150} | ret=SUCCESS |  
2019-08-30 05:17:41,337 | INFO  | DNAudit | user=null | ip=null | op=PUT_BLOCK {blockData=[blockId=conID: 1 locID: 102704235234394606 bcsId: 0,size=3145728]} | ret=SUCCESS |  
2019-08-30 05:17:41,337 | INFO  | DNAudit | user=null | ip=null | op=PUT_BLOCK {blockData=[blockId=conID: 1 locID: 102704235234394606 bcsId: 0,size=3145728]} | ret=SUCCESS |  
2019-08-30 05:17:41,337 | INFO  | DNAudit | user=null | ip=null | op=WRITE_CHUNK {blockData=conID: 1 locID: 102704235234394606 bcsId: 2156} | ret=SUCCESS |  
2019-08-30 05:17:41,338 | INFO  | DNAudit | user=null | ip=null | op=PUT_BLOCK {blockData=[blockId=conID: 1 locID: 102704235234394606 bcsId: 0,size=4194304]} | ret=SUCCESS |  
2019-08-30 05:17:41,338 [grpc-default-executor-5] INFO  client.GrpcClientProtocolClient (GrpcClientProtocolClient.java:onNext(255)) - client-574492D41EE7->134d4672-e322-4e4b-b7f3-5645abb0fe8c: receive RaftClientReply:client-574492D41EE7->134d4672-e322-4e4b-b7f3-5645abb0fe8c@group-3CB1DFFBCDC2, cid=1515, SUCCESS, logIndex=2159, commits[134d4672-e322-4e4b-b7f3-5645abb0fe8c:c2160, 73af84f3-3e88-4c8c-894c-3ad307bcac8d:c2156, 730a25a1-dbec-44ed-975b-a44ab0096beb:c2156]
2019-08-30 05:17:41,338 [grpc-default-executor-5] INFO  client.GrpcClientProtocolClient (GrpcClientProtocolClient.java:onNext(255)) - client-574492D41EE7->134d4672-e322-4e4b-b7f3-5645abb0fe8c: receive RaftClientReply:client-574492D41EE7->134d4672-e322-4e4b-b7f3-5645abb0fe8c@group-3CB1DFFBCDC2, cid=1516, SUCCESS, logIndex=2160, commits[134d4672-e322-4e4b-b7f3-5645abb0fe8c:c2160, 73af84f3-3e88-4c8c-894c-3ad307bcac8d:c2156, 730a25a1-dbec-44ed-975b-a44ab0096beb:c2156]
2019-08-30 05:17:41,349 | INFO  | DNAudit | user=null | ip=null | op=WRITE_CHUNK {blockData=conID: 1 locID: 102704235234394606 bcsId: 2156} | ret=SUCCESS |  
2019-08-30 05:17:41,349 | INFO  | DNAudit | user=null | ip=null | op=WRITE_CHUNK {blockData=conID: 1 locID: 102704235234394606 bcsId: 2156} | ret=SUCCESS |  
2019-08-30 05:17:41,350 | INFO  | DNAudit | user=null | ip=null | op=PUT_BLOCK {blockData=[blockId=conID: 1 locID: 102704235234394606 bcsId: 0,size=4194304]} | ret=SUCCESS |  
2019-08-30 05:17:41,350 | INFO  | DNAudit | user=null | ip=null | op=PUT_BLOCK {blockData=[blockId=conID: 1 locID: 102704235234394606 bcsId: 0,size=4194304]} | ret=SUCCESS |  
2019-08-30 05:17:41,350 [grpc-default-executor-5] INFO  client.GrpcClientProtocolClient (GrpcClientProtocolClient.java:onNext(255)) - client-574492D41EE7->134d4672-e322-4e4b-b7f3-5645abb0fe8c: receive RaftClientReply:client-574492D41EE7->134d4672-e322-4e4b-b7f3-5645abb0fe8c@group-3CB1DFFBCDC2, cid=1517, SUCCESS, logIndex=0, commits[134d4672-e322-4e4b-b7f3-5645abb0fe8c:c2161, 73af84f3-3e88-4c8c-894c-3ad307bcac8d:c2160, 730a25a1-dbec-44ed-975b-a44ab0096beb:c2160]
2019-08-30 05:17:41,355 | INFO  | SCMAudit | user=jenkins1000 | ip=192.168.36.106 | op=ALLOCATE_BLOCK {owner=85755eb5-052d-48fa-b271-2fe4d8754e12, size=4194304, type=RATIS, factor=THREE} | ret=SUCCESS |  
2019-08-30 05:17:41,358 | INFO  | OMAudit | user=jenkins1000 | ip=127.0.0.1 | op=ALLOCATE_BLOCK {volume=vol-0-00977, bucket=bucket-0-44205, key=key-0-32850, dataSize=0, replicationType=null, replicationFactor=null, keyLocationInfo=null, clientID=102704234570776978} | ret=SUCCESS |  
2019-08-30 05:17:41,364 | INFO  | DNAudit | user=null | ip=null | op=WRITE_CHUNK {blockData=conID: 2 locID: 102704235240161775 bcsId: 0} | ret=SUCCESS |  
2019-08-30 05:17:41,367 | INFO  | DNAudit | user=null | ip=null | op=WRITE_CHUNK {blockData=conID: 2 locID: 102704235240161775 bcsId: 0} | ret=SUCCESS |  
2019-08-30 05:17:41,367 | INFO  | DNAudit | user=null | ip=null | op=WRITE_CHUNK {blockData=conID: 2 locID: 102704235240161775 bcsId: 0} | ret=SUCCESS |  
2019-08-30 05:17:41,368 | INFO  | DNAudit | user=null | ip=null | op=WRITE_CHUNK {blockData=conID: 2 locID: 102704235240161775 bcsId: 0} | ret=SUCCESS |  
2019-08-30 05:17:41,369 | INFO  | DNAudit | user=null | ip=null | op=WRITE_CHUNK {blockData=conID: 2 locID: 102704235240161775 bcsId: 0} | ret=SUCCESS |  
2019-08-30 05:17:41,369 | INFO  | DNAudit | user=null | ip=null | op=WRITE_CHUNK {blockData=conID: 2 locID: 102704235240161775 bcsId: 0} | ret=SUCCESS |  
2019-08-30 05:17:41,379 | INFO  | DNAudit | user=null | ip=null | op=WRITE_CHUNK {blockData=conID: 2 locID: 102704235240161775 bcsId: 0} | ret=SUCCESS |  
2019-08-30 05:17:41,379 | INFO  | DNAudit | user=null | ip=null | op=PUT_BLOCK {blockData=[blockId=conID: 2 locID: 102704235240161775 bcsId: 0,size=1048576]} | ret=SUCCESS |  
2019-08-30 05:17:41,380 [grpc-default-executor-6] INFO  client.GrpcClientProtocolClient (GrpcClientProtocolClient.java:onNext(255)) - client-574492D41EE7->134d4672-e322-4e4b-b7f3-5645abb0fe8c: receive RaftClientReply:client-574492D41EE7->134d4672-e322-4e4b-b7f3-5645abb0fe8c@group-3CB1DFFBCDC2, cid=1518, SUCCESS, logIndex=2163, commits[134d4672-e322-4e4b-b7f3-5645abb0fe8c:c2164, 73af84f3-3e88-4c8c-894c-3ad307bcac8d:c2162, 730a25a1-dbec-44ed-975b-a44ab0096beb:c2162]
2019-08-30 05:17:41,380 [grpc-default-executor-6] INFO  client.GrpcClientProtocolClient (GrpcClientProtocolClient.java:onNext(255)) - client-574492D41EE7->134d4672-e322-4e4b-b7f3-5645abb0fe8c: receive RaftClientReply:client-574492D41EE7->134d4672-e322-4e4b-b7f3-5645abb0fe8c@group-3CB1DFFBCDC2, cid=1519, SUCCESS, logIndex=2164, commits[134d4672-e322-4e4b-b7f3-5645abb0fe8c:c2164, 73af84f3-3e88-4c8c-894c-3ad307bcac8d:c2162, 730a25a1-dbec-44ed-975b-a44ab0096beb:c2162]
2019-08-30 05:17:41,389 | INFO  | DNAudit | user=null | ip=null | op=WRITE_CHUNK {blockData=conID: 2 locID: 102704235240161775 bcsId: 0} | ret=SUCCESS |  
2019-08-30 05:17:41,390 | INFO  | DNAudit | user=null | ip=null | op=PUT_BLOCK {blockData=[blockId=conID: 2 locID: 102704235240161775 bcsId: 0,size=2097152]} | ret=SUCCESS |  
2019-08-30 05:17:41,390 | INFO  | DNAudit | user=null | ip=null | op=WRITE_CHUNK {blockData=conID: 2 locID: 102704235240161775 bcsId: 0} | ret=SUCCESS |  
2019-08-30 05:17:41,390 [grpc-default-executor-6] INFO  client.GrpcClientProtocolClient (GrpcClientProtocolClient.java:onNext(255)) - client-574492D41EE7->134d4672-e322-4e4b-b7f3-5645abb0fe8c: receive RaftClientReply:client-574492D41EE7->134d4672-e322-4e4b-b7f3-5645abb0fe8c@group-3CB1DFFBCDC2, cid=1520, SUCCESS, logIndex=2165, commits[134d4672-e322-4e4b-b7f3-5645abb0fe8c:c2166, 73af84f3-3e88-4c8c-894c-3ad307bcac8d:c2162, 730a25a1-dbec-44ed-975b-a44ab0096beb:c2162]
2019-08-30 05:17:41,390 | INFO  | DNAudit | user=null | ip=null | op=WRITE_CHUNK {blockData=conID: 2 locID: 102704235240161775 bcsId: 0} | ret=SUCCESS |  
2019-08-30 05:17:41,390 | INFO  | DNAudit | user=null | ip=null | op=PUT_BLOCK {blockData=[blockId=conID: 2 locID: 102704235240161775 bcsId: 0,size=1048576]} | ret=SUCCESS |  
2019-08-30 05:17:41,390 [grpc-default-executor-5] INFO  client.GrpcClientProtocolClient (GrpcClientProtocolClient.java:onNext(255)) - client-574492D41EE7->134d4672-e322-4e4b-b7f3-5645abb0fe8c: receive RaftClientReply:client-574492D41EE7->134d4672-e322-4e4b-b7f3-5645abb0fe8c@group-3CB1DFFBCDC2, cid=1521, SUCCESS, logIndex=2166, commits[134d4672-e322-4e4b-b7f3-5645abb0fe8c:c2166, 73af84f3-3e88-4c8c-894c-3ad307bcac8d:c2162, 730a25a1-dbec-44ed-975b-a44ab0096beb:c2163]
2019-08-30 05:17:41,391 | INFO  | DNAudit | user=null | ip=null | op=PUT_BLOCK {blockData=[blockId=conID: 2 locID: 102704235240161775 bcsId: 0,size=1048576]} | ret=SUCCESS |  
2019-08-30 05:17:41,392 [grpc-default-executor-5] INFO  client.GrpcClientProtocolClient (GrpcClientProtocolClient.java:onNext(255)) - client-574492D41EE7->134d4672-e322-4e4b-b7f3-5645abb0fe8c: receive RaftClientReply:client-574492D41EE7->134d4672-e322-4e4b-b7f3-5645abb0fe8c@group-3CB1DFFBCDC2, cid=1522, SUCCESS, logIndex=0, commits[134d4672-e322-4e4b-b7f3-5645abb0fe8c:c2168, 73af84f3-3e88-4c8c-894c-3ad307bcac8d:c2164, 730a25a1-dbec-44ed-975b-a44ab0096beb:c2164]
2019-08-30 05:17:41,398 | INFO  | DNAudit | user=null | ip=null | op=WRITE_CHUNK {blockData=conID: 2 locID: 102704235240161775 bcsId: 2166} | ret=SUCCESS |  
2019-08-30 05:17:41,400 | INFO  | DNAudit | user=null | ip=null | op=WRITE_CHUNK {blockData=conID: 2 locID: 102704235240161775 bcsId: 2166} | ret=SUCCESS |  
2019-08-30 05:17:41,400 | INFO  | DNAudit | user=null | ip=null | op=WRITE_CHUNK {blockData=conID: 2 locID: 102704235240161775 bcsId: 2166} | ret=SUCCESS |  
2019-08-30 05:17:41,410 | INFO  | DNAudit | user=null | ip=null | op=WRITE_CHUNK {blockData=conID: 2 locID: 102704235240161775 bcsId: 0} | ret=SUCCESS |  
2019-08-30 05:17:41,410 | INFO  | DNAudit | user=null | ip=null | op=WRITE_CHUNK {blockData=conID: 2 locID: 102704235240161775 bcsId: 0} | ret=SUCCESS |  
2019-08-30 05:17:41,410 | INFO  | DNAudit | user=null | ip=null | op=WRITE_CHUNK {blockData=conID: 2 locID: 102704235240161775 bcsId: 2166} | ret=SUCCESS |  
2019-08-30 05:17:41,410 | INFO  | DNAudit | user=null | ip=null | op=PUT_BLOCK {blockData=[blockId=conID: 2 locID: 102704235240161775 bcsId: 0,size=2097152]} | ret=SUCCESS |  
2019-08-30 05:17:41,410 | INFO  | DNAudit | user=null | ip=null | op=PUT_BLOCK {blockData=[blockId=conID: 2 locID: 102704235240161775 bcsId: 0,size=2097152]} | ret=SUCCESS |  
2019-08-30 05:17:41,410 | INFO  | DNAudit | user=null | ip=null | op=PUT_BLOCK {blockData=[blockId=conID: 2 locID: 102704235240161775 bcsId: 0,size=3145728]} | ret=SUCCESS |  
2019-08-30 05:17:41,411 [grpc-default-executor-6] INFO  client.GrpcClientProtocolClient (GrpcClientProtocolClient.java:onNext(255)) - client-574492D41EE7->134d4672-e322-4e4b-b7f3-5645abb0fe8c: receive RaftClientReply:client-574492D41EE7->134d4672-e322-4e4b-b7f3-5645abb0fe8c@group-3CB1DFFBCDC2, cid=1523, SUCCESS, logIndex=2171, commits[134d4672-e322-4e4b-b7f3-5645abb0fe8c:c2172, 73af84f3-3e88-4c8c-894c-3ad307bcac8d:c2170, 730a25a1-dbec-44ed-975b-a44ab0096beb:c2170]
2019-08-30 05:17:41,411 [grpc-default-executor-6] INFO  client.GrpcClientProtocolClient (GrpcClientProtocolClient.java:onNext(255)) - client-574492D41EE7->134d4672-e322-4e4b-b7f3-5645abb0fe8c: receive RaftClientReply:client-574492D41EE7->134d4672-e322-4e4b-b7f3-5645abb0fe8c@group-3CB1DFFBCDC2, cid=1524, SUCCESS, logIndex=2172, commits[134d4672-e322-4e4b-b7f3-5645abb0fe8c:c2172, 73af84f3-3e88-4c8c-894c-3ad307bcac8d:c2170, 730a25a1-dbec-44ed-975b-a44ab0096beb:c2170]
2019-08-30 05:17:41,417 | INFO  | DNAudit | user=null | ip=null | op=WRITE_CHUNK {blockData=conID: 2 locID: 102704235240161775 bcsId: 2172} | ret=SUCCESS |  
2019-08-30 05:17:41,432 | INFO  | DNAudit | user=null | ip=null | op=WRITE_CHUNK {blockData=conID: 2 locID: 102704235240161775 bcsId: 2172} | ret=SUCCESS |  
2019-08-30 05:17:41,433 | INFO  | DNAudit | user=null | ip=null | op=WRITE_CHUNK {blockData=conID: 2 locID: 102704235240161775 bcsId: 2172} | ret=SUCCESS |  
2019-08-30 05:17:41,433 | INFO  | DNAudit | user=null | ip=null | op=WRITE_CHUNK {blockData=conID: 2 locID: 102704235240161775 bcsId: 2166} | ret=SUCCESS |  
2019-08-30 05:17:41,433 | INFO  | DNAudit | user=null | ip=null | op=WRITE_CHUNK {blockData=conID: 2 locID: 102704235240161775 bcsId: 2166} | ret=SUCCESS |  
2019-08-30 05:17:41,435 | INFO  | DNAudit | user=null | ip=null | op=PUT_BLOCK {blockData=[blockId=conID: 2 locID: 102704235240161775 bcsId: 0,size=3145728]} | ret=SUCCESS |  
2019-08-30 05:17:41,435 | INFO  | DNAudit | user=null | ip=null | op=PUT_BLOCK {blockData=[blockId=conID: 2 locID: 102704235240161775 bcsId: 0,size=3145728]} | ret=SUCCESS |  
2019-08-30 05:17:41,435 | INFO  | DNAudit | user=null | ip=null | op=WRITE_CHUNK {blockData=conID: 2 locID: 102704235240161775 bcsId: 2172} | ret=SUCCESS |  
2019-08-30 05:17:41,435 | INFO  | DNAudit | user=null | ip=null | op=PUT_BLOCK {blockData=[blockId=conID: 2 locID: 102704235240161775 bcsId: 0,size=4194304]} | ret=SUCCESS |  
2019-08-30 05:17:41,435 [grpc-default-executor-1] INFO  client.GrpcClientProtocolClient (GrpcClientProtocolClient.java:onNext(255)) - client-574492D41EE7->134d4672-e322-4e4b-b7f3-5645abb0fe8c: receive RaftClientReply:client-574492D41EE7->134d4672-e322-4e4b-b7f3-5645abb0fe8c@group-3CB1DFFBCDC2, cid=1525, SUCCESS, logIndex=2175, commits[134d4672-e322-4e4b-b7f3-5645abb0fe8c:c2176, 73af84f3-3e88-4c8c-894c-3ad307bcac8d:c2171, 730a25a1-dbec-44ed-975b-a44ab0096beb:c2172]
2019-08-30 05:17:41,436 [grpc-default-executor-1] INFO  client.GrpcClientProtocolClient (GrpcClientProtocolClient.java:onNext(255)) - client-574492D41EE7->134d4672-e322-4e4b-b7f3-5645abb0fe8c: receive RaftClientReply:client-574492D41EE7->134d4672-e322-4e4b-b7f3-5645abb0fe8c@group-3CB1DFFBCDC2, cid=1526, SUCCESS, logIndex=2176, commits[134d4672-e322-4e4b-b7f3-5645abb0fe8c:c2176, 73af84f3-3e88-4c8c-894c-3ad307bcac8d:c2172, 730a25a1-dbec-44ed-975b-a44ab0096beb:c2172]
2019-08-30 05:17:41,446 | INFO  | DNAudit | user=null | ip=null | op=WRITE_CHUNK {blockData=conID: 2 locID: 102704235240161775 bcsId: 2172} | ret=SUCCESS |  
2019-08-30 05:17:41,447 | INFO  | DNAudit | user=null | ip=null | op=PUT_BLOCK {blockData=[blockId=conID: 2 locID: 102704235240161775 bcsId: 0,size=4194304]} | ret=SUCCESS |  
2019-08-30 05:17:41,447 | INFO  | DNAudit | user=null | ip=null | op=WRITE_CHUNK {blockData=conID: 2 locID: 102704235240161775 bcsId: 2172} | ret=SUCCESS |  
2019-08-30 05:17:41,447 | INFO  | DNAudit | user=null | ip=null | op=PUT_BLOCK {blockData=[blockId=conID: 2 locID: 102704235240161775 bcsId: 0,size=4194304]} | ret=SUCCESS |  
2019-08-30 05:17:41,448 [grpc-default-executor-6] INFO  client.GrpcClientProtocolClient (GrpcClientProtocolClient.java:onNext(255)) - client-574492D41EE7->134d4672-e322-4e4b-b7f3-5645abb0fe8c: receive RaftClientReply:client-574492D41EE7->134d4672-e322-4e4b-b7f3-5645abb0fe8c@group-3CB1DFFBCDC2, cid=1527, SUCCESS, logIndex=0, commits[134d4672-e322-4e4b-b7f3-5645abb0fe8c:c2177, 73af84f3-3e88-4c8c-894c-3ad307bcac8d:c2176, 730a25a1-dbec-44ed-975b-a44ab0096beb:c2176]
2019-08-30 05:17:41,452 | INFO  | SCMAudit | user=jenkins1000 | ip=192.168.36.106 | op=ALLOCATE_BLOCK {owner=85755eb5-052d-48fa-b271-2fe4d8754e12, size=4194304, type=RATIS, factor=THREE} | ret=SUCCESS |  
2019-08-30 05:17:41,454 | INFO  | OMAudit | user=jenkins1000 | ip=127.0.0.1 | op=ALLOCATE_BLOCK {volume=vol-0-00977, bucket=bucket-0-44205, key=key-0-32850, dataSize=0, replicationType=null, replicationFactor=null, keyLocationInfo=null, clientID=102704234570776978} | ret=SUCCESS |  
2019-08-30 05:17:41,461 | INFO  | DNAudit | user=null | ip=null | op=WRITE_CHUNK {blockData=conID: 3 locID: 102704235246518768 bcsId: 0} | ret=SUCCESS |  
2019-08-30 05:17:41,464 | INFO  | DNAudit | user=null | ip=null | op=WRITE_CHUNK {blockData=conID: 3 locID: 102704235246518768 bcsId: 0} | ret=SUCCESS |  
2019-08-30 05:17:41,465 | INFO  | DNAudit | user=null | ip=null | op=WRITE_CHUNK {blockData=conID: 3 locID: 102704235246518768 bcsId: 0} | ret=SUCCESS |  
2019-08-30 05:17:41,466 | INFO  | DNAudit | user=null | ip=null | op=WRITE_CHUNK {blockData=conID: 3 locID: 102704235246518768 bcsId: 0} | ret=SUCCESS |  
2019-08-30 05:17:41,466 | INFO  | DNAudit | user=null | ip=null | op=WRITE_CHUNK {blockData=conID: 3 locID: 102704235246518768 bcsId: 0} | ret=SUCCESS |  
2019-08-30 05:17:41,466 | INFO  | DNAudit | user=null | ip=null | op=WRITE_CHUNK {blockData=conID: 3 locID: 102704235246518768 bcsId: 0} | ret=SUCCESS |  
2019-08-30 05:17:41,474 | INFO  | DNAudit | user=null | ip=null | op=WRITE_CHUNK {blockData=conID: 3 locID: 102704235246518768 bcsId: 0} | ret=SUCCESS |  
2019-08-30 05:17:41,474 | INFO  | DNAudit | user=null | ip=null | op=PUT_BLOCK {blockData=[blockId=conID: 3 locID: 102704235246518768 bcsId: 0,size=1048576]} | ret=SUCCESS |  
2019-08-30 05:17:41,475 | INFO  | DNAudit | user=null | ip=null | op=WRITE_CHUNK {blockData=conID: 3 locID: 102704235246518768 bcsId: 0} | ret=SUCCESS |  
2019-08-30 05:17:41,475 [grpc-default-executor-1] INFO  client.GrpcClientProtocolClient (GrpcClientProtocolClient.java:onNext(255)) - client-574492D41EE7->134d4672-e322-4e4b-b7f3-5645abb0fe8c: receive RaftClientReply:client-574492D41EE7->134d4672-e322-4e4b-b7f3-5645abb0fe8c@group-3CB1DFFBCDC2, cid=1528, SUCCESS, logIndex=2179, commits[134d4672-e322-4e4b-b7f3-5645abb0fe8c:c2179, 73af84f3-3e88-4c8c-894c-3ad307bcac8d:c2178, 730a25a1-dbec-44ed-975b-a44ab0096beb:c2178]
2019-08-30 05:17:41,475 | INFO  | DNAudit | user=null | ip=null | op=PUT_BLOCK {blockData=[blockId=conID: 3 locID: 102704235246518768 bcsId: 0,size=2097152]} | ret=SUCCESS |  
2019-08-30 05:17:41,475 [grpc-default-executor-1] INFO  client.GrpcClientProtocolClient (GrpcClientProtocolClient.java:onNext(255)) - client-574492D41EE7->134d4672-e322-4e4b-b7f3-5645abb0fe8c: receive RaftClientReply:client-574492D41EE7->134d4672-e322-4e4b-b7f3-5645abb0fe8c@group-3CB1DFFBCDC2, cid=1529, SUCCESS, logIndex=2180, commits[134d4672-e322-4e4b-b7f3-5645abb0fe8c:c2182, 73af84f3-3e88-4c8c-894c-3ad307bcac8d:c2178, 730a25a1-dbec-44ed-975b-a44ab0096beb:c2178]
2019-08-30 05:17:41,476 [grpc-default-executor-1] INFO  client.GrpcClientProtocolClient (GrpcClientProtocolClient.java:onNext(255)) - client-574492D41EE7->134d4672-e322-4e4b-b7f3-5645abb0fe8c: receive RaftClientReply:client-574492D41EE7->134d4672-e322-4e4b-b7f3-5645abb0fe8c@group-3CB1DFFBCDC2, cid=1530, SUCCESS, logIndex=2181, commits[134d4672-e322-4e4b-b7f3-5645abb0fe8c:c2182, 73af84f3-3e88-4c8c-894c-3ad307bcac8d:c2178, 730a25a1-dbec-44ed-975b-a44ab0096beb:c2178]
2019-08-30 05:17:41,476 [grpc-default-executor-1] INFO  client.GrpcClientProtocolClient (GrpcClientProtocolClient.java:onNext(255)) - client-574492D41EE7->134d4672-e322-4e4b-b7f3-5645abb0fe8c: receive RaftClientReply:client-574492D41EE7->134d4672-e322-4e4b-b7f3-5645abb0fe8c@group-3CB1DFFBCDC2, cid=1531, SUCCESS, logIndex=2182, commits[134d4672-e322-4e4b-b7f3-5645abb0fe8c:c2182, 73af84f3-3e88-4c8c-894c-3ad307bcac8d:c2178, 730a25a1-dbec-44ed-975b-a44ab0096beb:c2178]
2019-08-30 05:17:41,477 | INFO  | DNAudit | user=null | ip=null | op=WRITE_CHUNK {blockData=conID: 3 locID: 102704235246518768 bcsId: 0} | ret=SUCCESS |  
2019-08-30 05:17:41,477 | INFO  | DNAudit | user=null | ip=null | op=WRITE_CHUNK {blockData=conID: 3 locID: 102704235246518768 bcsId: 0} | ret=SUCCESS |  
2019-08-30 05:17:41,489 | INFO  | DNAudit | user=null | ip=null | op=PUT_BLOCK {blockData=[blockId=conID: 3 locID: 102704235246518768 bcsId: 0,size=1048576]} | ret=SUCCESS |  
2019-08-30 05:17:41,489 | INFO  | DNAudit | user=null | ip=null | op=PUT_BLOCK {blockData=[blockId=conID: 3 locID: 102704235246518768 bcsId: 0,size=1048576]} | ret=SUCCESS |  
2019-08-30 05:17:41,489 | INFO  | DNAudit | user=null | ip=null | op=WRITE_CHUNK {blockData=conID: 3 locID: 102704235246518768 bcsId: 0} | ret=SUCCESS |  
2019-08-30 05:17:41,490 | INFO  | DNAudit | user=null | ip=null | op=WRITE_CHUNK {blockData=conID: 3 locID: 102704235246518768 bcsId: 0} | ret=SUCCESS |  
2019-08-30 05:17:41,490 | INFO  | DNAudit | user=null | ip=null | op=PUT_BLOCK {blockData=[blockId=conID: 3 locID: 102704235246518768 bcsId: 0,size=2097152]} | ret=SUCCESS |  
2019-08-30 05:17:41,490 | INFO  | DNAudit | user=null | ip=null | op=PUT_BLOCK {blockData=[blockId=conID: 3 locID: 102704235246518768 bcsId: 0,size=2097152]} | ret=SUCCESS |  
2019-08-30 05:17:41,490 [grpc-default-executor-6] INFO  client.GrpcClientProtocolClient (GrpcClientProtocolClient.java:onNext(255)) - client-574492D41EE7->134d4672-e322-4e4b-b7f3-5645abb0fe8c: receive RaftClientReply:client-574492D41EE7->134d4672-e322-4e4b-b7f3-5645abb0fe8c@group-3CB1DFFBCDC2, cid=1532, SUCCESS, logIndex=0, commits[134d4672-e322-4e4b-b7f3-5645abb0fe8c:c2185, 73af84f3-3e88-4c8c-894c-3ad307bcac8d:c2180, 730a25a1-dbec-44ed-975b-a44ab0096beb:c2181]
2019-08-30 05:17:41,497 | INFO  | DNAudit | user=null | ip=null | op=WRITE_CHUNK {blockData=conID: 3 locID: 102704235246518768 bcsId: 2182} | ret=SUCCESS |  
2019-08-30 05:17:41,499 | INFO  | DNAudit | user=null | ip=null | op=WRITE_CHUNK {blockData=conID: 3 locID: 102704235246518768 bcsId: 2182} | ret=SUCCESS |  
2019-08-30 05:17:41,500 | INFO  | DNAudit | user=null | ip=null | op=WRITE_CHUNK {blockData=conID: 3 locID: 102704235246518768 bcsId: 2182} | ret=SUCCESS |  
2019-08-30 05:17:41,510 | INFO  | DNAudit | user=null | ip=null | op=WRITE_CHUNK {blockData=conID: 3 locID: 102704235246518768 bcsId: 2182} | ret=SUCCESS |  
2019-08-30 05:17:41,510 | INFO  | DNAudit | user=null | ip=null | op=PUT_BLOCK {blockData=[blockId=conID: 3 locID: 102704235246518768 bcsId: 0,size=3145728]} | ret=SUCCESS |  
2019-08-30 05:17:41,511 [grpc-default-executor-5] INFO  client.GrpcClientProtocolClient (GrpcClientProtocolClient.java:onNext(255)) - client-574492D41EE7->134d4672-e322-4e4b-b7f3-5645abb0fe8c: receive RaftClientReply:client-574492D41EE7->134d4672-e322-4e4b-b7f3-5645abb0fe8c@group-3CB1DFFBCDC2, cid=1533, SUCCESS, logIndex=2187, commits[134d4672-e322-4e4b-b7f3-5645abb0fe8c:c2188, 73af84f3-3e88-4c8c-894c-3ad307bcac8d:c2186, 730a25a1-dbec-44ed-975b-a44ab0096beb:c2186]
2019-08-30 05:17:41,511 [grpc-default-executor-5] INFO  client.GrpcClientProtocolClient (GrpcClientProtocolClient.java:onNext(255)) - client-574492D41EE7->134d4672-e322-4e4b-b7f3-5645abb0fe8c: receive RaftClientReply:client-574492D41EE7->134d4672-e322-4e4b-b7f3-5645abb0fe8c@group-3CB1DFFBCDC2, cid=1534, SUCCESS, logIndex=2188, commits[134d4672-e322-4e4b-b7f3-5645abb0fe8c:c2188, 73af84f3-3e88-4c8c-894c-3ad307bcac8d:c2186, 730a25a1-dbec-44ed-975b-a44ab0096beb:c2186]
2019-08-30 05:17:41,519 | INFO  | DNAudit | user=null | ip=null | op=WRITE_CHUNK {blockData=conID: 3 locID: 102704235246518768 bcsId: 2188} | ret=SUCCESS |  
2019-08-30 05:17:41,521 | INFO  | DNAudit | user=null | ip=null | op=WRITE_CHUNK {blockData=conID: 3 locID: 102704235246518768 bcsId: 2182} | ret=SUCCESS |  
2019-08-30 05:17:41,522 | INFO  | DNAudit | user=null | ip=null | op=WRITE_CHUNK {blockData=conID: 3 locID: 102704235246518768 bcsId: 2182} | ret=SUCCESS |  
2019-08-30 05:17:41,522 | INFO  | DNAudit | user=null | ip=null | op=PUT_BLOCK {blockData=[blockId=conID: 3 locID: 102704235246518768 bcsId: 0,size=3145728]} | ret=SUCCESS |  
2019-08-30 05:17:41,522 | INFO  | DNAudit | user=null | ip=null | op=WRITE_CHUNK {blockData=conID: 3 locID: 102704235246518768 bcsId: 2188} | ret=SUCCESS |  
2019-08-30 05:17:41,522 | INFO  | DNAudit | user=null | ip=null | op=WRITE_CHUNK {blockData=conID: 3 locID: 102704235246518768 bcsId: 2188} | ret=SUCCESS |  
2019-08-30 05:17:41,523 | INFO  | DNAudit | user=null | ip=null | op=WRITE_CHUNK {blockData=conID: 3 locID: 102704235246518768 bcsId: 2188} | ret=SUCCESS |  
2019-08-30 05:17:41,524 | INFO  | DNAudit | user=null | ip=null | op=PUT_BLOCK {blockData=[blockId=conID: 3 locID: 102704235246518768 bcsId: 0,size=3145728]} | ret=SUCCESS |  
2019-08-30 05:17:41,524 | INFO  | DNAudit | user=null | ip=null | op=PUT_BLOCK {blockData=[blockId=conID: 3 locID: 102704235246518768 bcsId: 0,size=4194304]} | ret=SUCCESS |  
2019-08-30 05:17:41,524 [grpc-default-executor-6] INFO  client.GrpcClientProtocolClient (GrpcClientProtocolClient.java:onNext(255)) - client-574492D41EE7->134d4672-e322-4e4b-b7f3-5645abb0fe8c: receive RaftClientReply:client-574492D41EE7->134d4672-e322-4e4b-b7f3-5645abb0fe8c@group-3CB1DFFBCDC2, cid=1535, SUCCESS, logIndex=2191, commits[134d4672-e322-4e4b-b7f3-5645abb0fe8c:c2192, 73af84f3-3e88-4c8c-894c-3ad307bcac8d:c2188, 730a25a1-dbec-44ed-975b-a44ab0096beb:c2187]
2019-08-30 05:17:41,525 [grpc-default-executor-6] INFO  client.GrpcClientProtocolClient (GrpcClientProtocolClient.java:onNext(255)) - client-574492D41EE7->134d4672-e322-4e4b-b7f3-5645abb0fe8c: receive RaftClientReply:client-574492D41EE7->134d4672-e322-4e4b-b7f3-5645abb0fe8c@group-3CB1DFFBCDC2, cid=1536, SUCCESS, logIndex=2192, commits[134d4672-e322-4e4b-b7f3-5645abb0fe8c:c2192, 73af84f3-3e88-4c8c-894c-3ad307bcac8d:c2188, 730a25a1-dbec-44ed-975b-a44ab0096beb:c2188]
2019-08-30 05:17:41,526 | INFO  | DNAudit | user=null | ip=null | op=WRITE_CHUNK {blockData=conID: 3 locID: 102704235246518768 bcsId: 2188} | ret=SUCCESS |  
2019-08-30 05:17:41,526 | INFO  | DNAudit | user=null | ip=null | op=WRITE_CHUNK {blockData=conID: 3 locID: 102704235246518768 bcsId: 2188} | ret=SUCCESS |  
2019-08-30 05:17:41,539 | INFO  | DNAudit | user=null | ip=null | op=PUT_BLOCK {blockData=[blockId=conID: 3 locID: 102704235246518768 bcsId: 0,size=4194304]} | ret=SUCCESS |  
2019-08-30 05:17:41,539 | INFO  | DNAudit | user=null | ip=null | op=PUT_BLOCK {blockData=[blockId=conID: 3 locID: 102704235246518768 bcsId: 0,size=4194304]} | ret=SUCCESS |  
2019-08-30 05:17:41,540 [grpc-default-executor-6] INFO  client.GrpcClientProtocolClient (GrpcClientProtocolClient.java:onNext(255)) - client-574492D41EE7->134d4672-e322-4e4b-b7f3-5645abb0fe8c: receive RaftClientReply:client-574492D41EE7->134d4672-e322-4e4b-b7f3-5645abb0fe8c@group-3CB1DFFBCDC2, cid=1537, SUCCESS, logIndex=0, commits[134d4672-e322-4e4b-b7f3-5645abb0fe8c:c2194, 73af84f3-3e88-4c8c-894c-3ad307bcac8d:c2192, 730a25a1-dbec-44ed-975b-a44ab0096beb:c2192]
2019-08-30 05:17:41,545 | INFO  | SCMAudit | user=jenkins1000 | ip=192.168.36.106 | op=ALLOCATE_BLOCK {owner=85755eb5-052d-48fa-b271-2fe4d8754e12, size=4194304, type=RATIS, factor=THREE} | ret=SUCCESS |  
2019-08-30 05:17:41,548 | INFO  | OMAudit | user=jenkins1000 | ip=127.0.0.1 | op=ALLOCATE_BLOCK {volume=vol-0-00977, bucket=bucket-0-44205, key=key-0-32850, dataSize=0, replicationType=null, replicationFactor=null, keyLocationInfo=null, clientID=102704234570776978} | ret=SUCCESS |  
2019-08-30 05:17:41,549 | INFO  | SCMAudit | user=jenkins1000 | ip=192.168.36.106 | op=SEND_HEARTBEAT {datanodeUUID=b91a4442-fd83-4a66-bee2-5c7959dbabc3, command=[]} | ret=SUCCESS |  
2019-08-30 05:17:41,556 | INFO  | DNAudit | user=null | ip=null | op=WRITE_CHUNK {blockData=conID: 1 locID: 102704235252613617 bcsId: 0} | ret=SUCCESS |  
2019-08-30 05:17:41,557 | INFO  | DNAudit | user=null | ip=null | op=WRITE_CHUNK {blockData=conID: 1 locID: 102704235252613617 bcsId: 0} | ret=SUCCESS |  
2019-08-30 05:17:41,558 | INFO  | DNAudit | user=null | ip=null | op=WRITE_CHUNK {blockData=conID: 1 locID: 102704235252613617 bcsId: 0} | ret=SUCCESS |  
2019-08-30 05:17:41,559 | INFO  | DNAudit | user=null | ip=null | op=WRITE_CHUNK {blockData=conID: 1 locID: 102704235252613617 bcsId: 0} | ret=SUCCESS |  
2019-08-30 05:17:41,561 | INFO  | DNAudit | user=null | ip=null | op=WRITE_CHUNK {blockData=conID: 1 locID: 102704235252613617 bcsId: 0} | ret=SUCCESS |  
2019-08-30 05:17:41,562 | INFO  | DNAudit | user=null | ip=null | op=WRITE_CHUNK {blockData=conID: 1 locID: 102704235252613617 bcsId: 0} | ret=SUCCESS |  
2019-08-30 05:17:41,568 | INFO  | DNAudit | user=null | ip=null | op=WRITE_CHUNK {blockData=conID: 1 locID: 102704235252613617 bcsId: 0} | ret=SUCCESS |  
2019-08-30 05:17:41,569 | INFO  | DNAudit | user=null | ip=null | op=PUT_BLOCK {blockData=[blockId=conID: 1 locID: 102704235252613617 bcsId: 0,size=1048576]} | ret=SUCCESS |  
2019-08-30 05:17:41,569 [grpc-default-executor-1] INFO  client.GrpcClientProtocolClient (GrpcClientProtocolClient.java:onNext(255)) - client-574492D41EE7->134d4672-e322-4e4b-b7f3-5645abb0fe8c: receive RaftClientReply:client-574492D41EE7->134d4672-e322-4e4b-b7f3-5645abb0fe8c@group-3CB1DFFBCDC2, cid=1538, SUCCESS, logIndex=2195, commits[134d4672-e322-4e4b-b7f3-5645abb0fe8c:c2196, 73af84f3-3e88-4c8c-894c-3ad307bcac8d:c2194, 730a25a1-dbec-44ed-975b-a44ab0096beb:c2194]
2019-08-30 05:17:41,569 [grpc-default-executor-1] INFO  client.GrpcClientProtocolClient (GrpcClientProtocolClient.java:onNext(255)) - client-574492D41EE7->134d4672-e322-4e4b-b7f3-5645abb0fe8c: receive RaftClientReply:client-574492D41EE7->134d4672-e322-4e4b-b7f3-5645abb0fe8c@group-3CB1DFFBCDC2, cid=1539, SUCCESS, logIndex=2196, commits[134d4672-e322-4e4b-b7f3-5645abb0fe8c:c2196, 73af84f3-3e88-4c8c-894c-3ad307bcac8d:c2194, 730a25a1-dbec-44ed-975b-a44ab0096beb:c2194]
2019-08-30 05:17:41,570 | INFO  | DNAudit | user=null | ip=null | op=WRITE_CHUNK {blockData=conID: 1 locID: 102704235252613617 bcsId: 0} | ret=SUCCESS |  
2019-08-30 05:17:41,570 | INFO  | DNAudit | user=null | ip=null | op=PUT_BLOCK {blockData=[blockId=conID: 1 locID: 102704235252613617 bcsId: 0,size=2097152]} | ret=SUCCESS |  
2019-08-30 05:17:41,570 [grpc-default-executor-1] INFO  client.GrpcClientProtocolClient (GrpcClientProtocolClient.java:onNext(255)) - client-574492D41EE7->134d4672-e322-4e4b-b7f3-5645abb0fe8c: receive RaftClientReply:client-574492D41EE7->134d4672-e322-4e4b-b7f3-5645abb0fe8c@group-3CB1DFFBCDC2, cid=1540, SUCCESS, logIndex=2197, commits[134d4672-e322-4e4b-b7f3-5645abb0fe8c:c2198, 73af84f3-3e88-4c8c-894c-3ad307bcac8d:c2194, 730a25a1-dbec-44ed-975b-a44ab0096beb:c2194]
2019-08-30 05:17:41,570 [grpc-default-executor-1] INFO  client.GrpcClientProtocolClient (GrpcClientProtocolClient.java:onNext(255)) - client-574492D41EE7->134d4672-e322-4e4b-b7f3-5645abb0fe8c: receive RaftClientReply:client-574492D41EE7->134d4672-e322-4e4b-b7f3-5645abb0fe8c@group-3CB1DFFBCDC2, cid=1541, SUCCESS, logIndex=2198, commits[134d4672-e322-4e4b-b7f3-5645abb0fe8c:c2198, 73af84f3-3e88-4c8c-894c-3ad307bcac8d:c2194, 730a25a1-dbec-44ed-975b-a44ab0096beb:c2194]
2019-08-30 05:17:41,583 | INFO  | DNAudit | user=null | ip=null | op=WRITE_CHUNK {blockData=conID: 1 locID: 102704235252613617 bcsId: 0} | ret=SUCCESS |  
2019-08-30 05:17:41,583 | INFO  | DNAudit | user=null | ip=null | op=WRITE_CHUNK {blockData=conID: 1 locID: 102704235252613617 bcsId: 0} | ret=SUCCESS |  
2019-08-30 05:17:41,583 | INFO  | DNAudit | user=null | ip=null | op=PUT_BLOCK {blockData=[blockId=conID: 1 locID: 102704235252613617 bcsId: 0,size=1048576]} | ret=SUCCESS |  
2019-08-30 05:17:41,584 | INFO  | DNAudit | user=null | ip=null | op=PUT_BLOCK {blockData=[blockId=conID: 1 locID: 102704235252613617 bcsId: 0,size=1048576]} | ret=SUCCESS |  
2019-08-30 05:17:41,584 | INFO  | DNAudit | user=null | ip=null | op=WRITE_CHUNK {blockData=conID: 1 locID: 102704235252613617 bcsId: 0} | ret=SUCCESS |  
2019-08-30 05:17:41,584 [grpc-default-executor-1] INFO  client.GrpcClientProtocolClient (GrpcClientProtocolClient.java:onNext(255)) - client-574492D41EE7->134d4672-e322-4e4b-b7f3-5645abb0fe8c: receive RaftClientReply:client-574492D41EE7->134d4672-e322-4e4b-b7f3-5645abb0fe8c@group-3CB1DFFBCDC2, cid=1542, SUCCESS, logIndex=0, commits[134d4672-e322-4e4b-b7f3-5645abb0fe8c:c2200, 73af84f3-3e88-4c8c-894c-3ad307bcac8d:c2196, 730a25a1-dbec-44ed-975b-a44ab0096beb:c2196]
2019-08-30 05:17:41,584 | INFO  | DNAudit | user=null | ip=null | op=WRITE_CHUNK {blockData=conID: 1 locID: 102704235252613617 bcsId: 0} | ret=SUCCESS |  
2019-08-30 05:17:41,584 | INFO  | DNAudit | user=null | ip=null | op=PUT_BLOCK {blockData=[blockId=conID: 1 locID: 102704235252613617 bcsId: 0,size=2097152]} | ret=SUCCESS |  
2019-08-30 05:17:41,584 | INFO  | DNAudit | user=null | ip=null | op=PUT_BLOCK {blockData=[blockId=conID: 1 locID: 102704235252613617 bcsId: 0,size=2097152]} | ret=SUCCESS |  
2019-08-30 05:17:41,590 | INFO  | DNAudit | user=null | ip=null | op=WRITE_CHUNK {blockData=conID: 1 locID: 102704235252613617 bcsId: 2198} | ret=SUCCESS |  
2019-08-30 05:17:41,592 | INFO  | DNAudit | user=null | ip=null | op=WRITE_CHUNK {blockData=conID: 1 locID: 102704235252613617 bcsId: 2198} | ret=SUCCESS |  
2019-08-30 05:17:41,592 | INFO  | DNAudit | user=null | ip=null | op=WRITE_CHUNK {blockData=conID: 1 locID: 102704235252613617 bcsId: 2198} | ret=SUCCESS |  
2019-08-30 05:17:41,603 | INFO  | DNAudit | user=null | ip=null | op=WRITE_CHUNK {blockData=conID: 1 locID: 102704235252613617 bcsId: 2198} | ret=SUCCESS |  
2019-08-30 05:17:41,603 | INFO  | DNAudit | user=null | ip=null | op=PUT_BLOCK {blockData=[blockId=conID: 1 locID: 102704235252613617 bcsId: 0,size=3145728]} | ret=SUCCESS |  
2019-08-30 05:17:41,603 [grpc-default-executor-5] INFO  client.GrpcClientProtocolClient (GrpcClientProtocolClient.java:onNext(255)) - client-574492D41EE7->134d4672-e322-4e4b-b7f3-5645abb0fe8c: receive RaftClientReply:client-574492D41EE7->134d4672-e322-4e4b-b7f3-5645abb0fe8c@group-3CB1DFFBCDC2, cid=1543, SUCCESS, logIndex=2203, commits[134d4672-e322-4e4b-b7f3-5645abb0fe8c:c2204, 73af84f3-3e88-4c8c-894c-3ad307bcac8d:c2202, 730a25a1-dbec-44ed-975b-a44ab0096beb:c2202]
2019-08-30 05:17:41,604 [grpc-default-executor-5] INFO  client.GrpcClientProtocolClient (GrpcClientProtocolClient.java:onNext(255)) - client-574492D41EE7->134d4672-e322-4e4b-b7f3-5645abb0fe8c: receive RaftClientReply:client-574492D41EE7->134d4672-e322-4e4b-b7f3-5645abb0fe8c@group-3CB1DFFBCDC2, cid=1544, SUCCESS, logIndex=2204, commits[134d4672-e322-4e4b-b7f3-5645abb0fe8c:c2204, 73af84f3-3e88-4c8c-894c-3ad307bcac8d:c2202, 730a25a1-dbec-44ed-975b-a44ab0096beb:c2202]
2019-08-30 05:17:41,610 | INFO  | DNAudit | user=null | ip=null | op=WRITE_CHUNK {blockData=conID: 1 locID: 102704235252613617 bcsId: 2204} | ret=SUCCESS |  
2019-08-30 05:17:41,612 | INFO  | DNAudit | user=null | ip=null | op=WRITE_CHUNK {blockData=conID: 1 locID: 102704235252613617 bcsId: 2204} | ret=SUCCESS |  
2019-08-30 05:17:41,613 | INFO  | DNAudit | user=null | ip=null | op=WRITE_CHUNK {blockData=conID: 1 locID: 102704235252613617 bcsId: 2204} | ret=SUCCESS |  
2019-08-30 05:17:41,615 | INFO  | DNAudit | user=null | ip=null | op=WRITE_CHUNK {blockData=conID: 1 locID: 102704235252613617 bcsId: 2198} | ret=SUCCESS |  
2019-08-30 05:17:41,615 | INFO  | DNAudit | user=null | ip=null | op=WRITE_CHUNK {blockData=conID: 1 locID: 102704235252613617 bcsId: 2198} | ret=SUCCESS |  
2019-08-30 05:17:41,615 | INFO  | DNAudit | user=null | ip=null | op=PUT_BLOCK {blockData=[blockId=conID: 1 locID: 102704235252613617 bcsId: 0,size=3145728]} | ret=SUCCESS |  
2019-08-30 05:17:41,616 | INFO  | DNAudit | user=null | ip=null | op=PUT_BLOCK {blockData=[blockId=conID: 1 locID: 102704235252613617 bcsId: 0,size=3145728]} | ret=SUCCESS |  
2019-08-30 05:17:41,618 | INFO  | DNAudit | user=null | ip=null | op=WRITE_CHUNK {blockData=conID: 1 locID: 102704235252613617 bcsId: 2204} | ret=SUCCESS |  
2019-08-30 05:17:41,619 | INFO  | DNAudit | user=null | ip=null | op=PUT_BLOCK {blockData=[blockId=conID: 1 locID: 102704235252613617 bcsId: 0,size=4194304]} | ret=SUCCESS |  
2019-08-30 05:17:41,619 [grpc-default-executor-6] INFO  client.GrpcClientProtocolClient (GrpcClientProtocolClient.java:onNext(255)) - client-574492D41EE7->134d4672-e322-4e4b-b7f3-5645abb0fe8c: receive RaftClientReply:client-574492D41EE7->134d4672-e322-4e4b-b7f3-5645abb0fe8c@group-3CB1DFFBCDC2, cid=1545, SUCCESS, logIndex=2207, commits[134d4672-e322-4e4b-b7f3-5645abb0fe8c:c2208, 73af84f3-3e88-4c8c-894c-3ad307bcac8d:c2204, 730a25a1-dbec-44ed-975b-a44ab0096beb:c2204]
2019-08-30 05:17:41,619 [grpc-default-executor-6] INFO  client.GrpcClientProtocolClient (GrpcClientProtocolClient.java:onNext(255)) - client-574492D41EE7->134d4672-e322-4e4b-b7f3-5645abb0fe8c: receive RaftClientReply:client-574492D41EE7->134d4672-e322-4e4b-b7f3-5645abb0fe8c@group-3CB1DFFBCDC2, cid=1546, SUCCESS, logIndex=2208, commits[134d4672-e322-4e4b-b7f3-5645abb0fe8c:c2208, 73af84f3-3e88-4c8c-894c-3ad307bcac8d:c2204, 730a25a1-dbec-44ed-975b-a44ab0096beb:c2204]
2019-08-30 05:17:41,630 | INFO  | DNAudit | user=null | ip=null | op=WRITE_CHUNK {blockData=conID: 1 locID: 102704235252613617 bcsId: 2204} | ret=SUCCESS |  
2019-08-30 05:17:41,630 | INFO  | DNAudit | user=null | ip=null | op=WRITE_CHUNK {blockData=conID: 1 locID: 102704235252613617 bcsId: 2204} | ret=SUCCESS |  
2019-08-30 05:17:41,632 | INFO  | DNAudit | user=null | ip=null | op=PUT_BLOCK {blockData=[blockId=conID: 1 locID: 102704235252613617 bcsId: 0,size=4194304]} | ret=SUCCESS |  
2019-08-30 05:17:41,633 | INFO  | DNAudit | user=null | ip=null | op=PUT_BLOCK {blockData=[blockId=conID: 1 locID: 102704235252613617 bcsId: 0,size=4194304]} | ret=SUCCESS |  
2019-08-30 05:17:41,633 [grpc-default-executor-5] INFO  client.GrpcClientProtocolClient (GrpcClientProtocolClient.java:onNext(255)) - client-574492D41EE7->134d4672-e322-4e4b-b7f3-5645abb0fe8c: receive RaftClientReply:client-574492D41EE7->134d4672-e322-4e4b-b7f3-5645abb0fe8c@group-3CB1DFFBCDC2, cid=1547, SUCCESS, logIndex=0, commits[134d4672-e322-4e4b-b7f3-5645abb0fe8c:c2210, 73af84f3-3e88-4c8c-894c-3ad307bcac8d:c2208, 730a25a1-dbec-44ed-975b-a44ab0096beb:c2208]
2019-08-30 05:17:41,637 | INFO  | SCMAudit | user=jenkins1000 | ip=192.168.36.106 | op=ALLOCATE_BLOCK {owner=85755eb5-052d-48fa-b271-2fe4d8754e12, size=4194304, type=RATIS, factor=THREE} | ret=SUCCESS |  
2019-08-30 05:17:41,639 | INFO  | OMAudit | user=jenkins1000 | ip=127.0.0.1 | op=ALLOCATE_BLOCK {volume=vol-0-00977, bucket=bucket-0-44205, key=key-0-32850, dataSize=0, replicationType=null, replicationFactor=null, keyLocationInfo=null, clientID=102704234570776978} | ret=SUCCESS |  
2019-08-30 05:17:41,645 | INFO  | DNAudit | user=null | ip=null | op=WRITE_CHUNK {blockData=conID: 2 locID: 102704235258642930 bcsId: 0} | ret=SUCCESS |  
2019-08-30 05:17:41,648 | INFO  | DNAudit | user=null | ip=null | op=WRITE_CHUNK {blockData=conID: 2 locID: 102704235258642930 bcsId: 0} | ret=SUCCESS |  
2019-08-30 05:17:41,648 | INFO  | DNAudit | user=null | ip=null | op=WRITE_CHUNK {blockData=conID: 2 locID: 102704235258642930 bcsId: 0} | ret=SUCCESS |  
2019-08-30 05:17:41,649 | INFO  | DNAudit | user=null | ip=null | op=WRITE_CHUNK {blockData=conID: 2 locID: 102704235258642930 bcsId: 0} | ret=SUCCESS |  
2019-08-30 05:17:41,651 | INFO  | DNAudit | user=null | ip=null | op=WRITE_CHUNK {blockData=conID: 2 locID: 102704235258642930 bcsId: 0} | ret=SUCCESS |  
2019-08-30 05:17:41,652 | INFO  | DNAudit | user=null | ip=null | op=WRITE_CHUNK {blockData=conID: 2 locID: 102704235258642930 bcsId: 0} | ret=SUCCESS |  
2019-08-30 05:17:41,659 | INFO  | DNAudit | user=null | ip=null | op=WRITE_CHUNK {blockData=conID: 2 locID: 102704235258642930 bcsId: 0} | ret=SUCCESS |  
2019-08-30 05:17:41,659 | INFO  | DNAudit | user=null | ip=null | op=PUT_BLOCK {blockData=[blockId=conID: 2 locID: 102704235258642930 bcsId: 0,size=1048576]} | ret=SUCCESS |  
2019-08-30 05:17:41,659 | INFO  | DNAudit | user=null | ip=null | op=WRITE_CHUNK {blockData=conID: 2 locID: 102704235258642930 bcsId: 0} | ret=SUCCESS |  
2019-08-30 05:17:41,659 [grpc-default-executor-1] INFO  client.GrpcClientProtocolClient (GrpcClientProtocolClient.java:onNext(255)) - client-574492D41EE7->134d4672-e322-4e4b-b7f3-5645abb0fe8c: receive RaftClientReply:client-574492D41EE7->134d4672-e322-4e4b-b7f3-5645abb0fe8c@group-3CB1DFFBCDC2, cid=1548, SUCCESS, logIndex=2211, commits[134d4672-e322-4e4b-b7f3-5645abb0fe8c:c2212, 73af84f3-3e88-4c8c-894c-3ad307bcac8d:c2210, 730a25a1-dbec-44ed-975b-a44ab0096beb:c2210]
2019-08-30 05:17:41,660 | INFO  | DNAudit | user=null | ip=null | op=PUT_BLOCK {blockData=[blockId=conID: 2 locID: 102704235258642930 bcsId: 0,size=2097152]} | ret=SUCCESS |  
2019-08-30 05:17:41,660 [grpc-default-executor-1] INFO  client.GrpcClientProtocolClient (GrpcClientProtocolClient.java:onNext(255)) - client-574492D41EE7->134d4672-e322-4e4b-b7f3-5645abb0fe8c: receive RaftClientReply:client-574492D41EE7->134d4672-e322-4e4b-b7f3-5645abb0fe8c@group-3CB1DFFBCDC2, cid=1549, SUCCESS, logIndex=2212, commits[134d4672-e322-4e4b-b7f3-5645abb0fe8c:c2214, 73af84f3-3e88-4c8c-894c-3ad307bcac8d:c2210, 730a25a1-dbec-44ed-975b-a44ab0096beb:c2210]
2019-08-30 05:17:41,660 [grpc-default-executor-1] INFO  client.GrpcClientProtocolClient (GrpcClientProtocolClient.java:onNext(255)) - client-574492D41EE7->134d4672-e322-4e4b-b7f3-5645abb0fe8c: receive RaftClientReply:client-574492D41EE7->134d4672-e322-4e4b-b7f3-5645abb0fe8c@group-3CB1DFFBCDC2, cid=1550, SUCCESS, logIndex=2213, commits[134d4672-e322-4e4b-b7f3-5645abb0fe8c:c2214, 73af84f3-3e88-4c8c-894c-3ad307bcac8d:c2210, 730a25a1-dbec-44ed-975b-a44ab0096beb:c2210]
2019-08-30 05:17:41,660 [grpc-default-executor-1] INFO  client.GrpcClientProtocolClient (GrpcClientProtocolClient.java:onNext(255)) - client-574492D41EE7->134d4672-e322-4e4b-b7f3-5645abb0fe8c: receive RaftClientReply:client-574492D41EE7->134d4672-e322-4e4b-b7f3-5645abb0fe8c@group-3CB1DFFBCDC2, cid=1551, SUCCESS, logIndex=2214, commits[134d4672-e322-4e4b-b7f3-5645abb0fe8c:c2214, 73af84f3-3e88-4c8c-894c-3ad307bcac8d:c2210, 730a25a1-dbec-44ed-975b-a44ab0096beb:c2210]
2019-08-30 05:17:41,670 | INFO  | DNAudit | user=null | ip=null | op=WRITE_CHUNK {blockData=conID: 2 locID: 102704235258642930 bcsId: 0} | ret=SUCCESS |  
2019-08-30 05:17:41,670 | INFO  | DNAudit | user=null | ip=null | op=PUT_BLOCK {blockData=[blockId=conID: 2 locID: 102704235258642930 bcsId: 0,size=1048576]} | ret=SUCCESS |  
2019-08-30 05:17:41,673 | INFO  | DNAudit | user=null | ip=null | op=WRITE_CHUNK {blockData=conID: 2 locID: 102704235258642930 bcsId: 0} | ret=SUCCESS |  
2019-08-30 05:17:41,673 | INFO  | DNAudit | user=null | ip=null | op=PUT_BLOCK {blockData=[blockId=conID: 2 locID: 102704235258642930 bcsId: 0,size=1048576]} | ret=SUCCESS |  
2019-08-30 05:17:41,673 | INFO  | DNAudit | user=null | ip=null | op=WRITE_CHUNK {blockData=conID: 2 locID: 102704235258642930 bcsId: 0} | ret=SUCCESS |  
2019-08-30 05:17:41,673 [grpc-default-executor-1] INFO  client.GrpcClientProtocolClient (GrpcClientProtocolClient.java:onNext(255)) - client-574492D41EE7->134d4672-e322-4e4b-b7f3-5645abb0fe8c: receive RaftClientReply:client-574492D41EE7->134d4672-e322-4e4b-b7f3-5645abb0fe8c@group-3CB1DFFBCDC2, cid=1552, SUCCESS, logIndex=0, commits[134d4672-e322-4e4b-b7f3-5645abb0fe8c:c2215, 73af84f3-3e88-4c8c-894c-3ad307bcac8d:c2212, 730a25a1-dbec-44ed-975b-a44ab0096beb:c2212]
2019-08-30 05:17:41,674 | INFO  | DNAudit | user=null | ip=null | op=PUT_BLOCK {blockData=[blockId=conID: 2 locID: 102704235258642930 bcsId: 0,size=2097152]} | ret=SUCCESS |  
2019-08-30 05:17:41,674 | INFO  | DNAudit | user=null | ip=null | op=WRITE_CHUNK {blockData=conID: 2 locID: 102704235258642930 bcsId: 0} | ret=SUCCESS |  
2019-08-30 05:17:41,675 | INFO  | DNAudit | user=null | ip=null | op=PUT_BLOCK {blockData=[blockId=conID: 2 locID: 102704235258642930 bcsId: 0,size=2097152]} | ret=SUCCESS |  
2019-08-30 05:17:41,680 | INFO  | DNAudit | user=null | ip=null | op=WRITE_CHUNK {blockData=conID: 2 locID: 102704235258642930 bcsId: 2214} | ret=SUCCESS |  
2019-08-30 05:17:41,681 | INFO  | DNAudit | user=null | ip=null | op=WRITE_CHUNK {blockData=conID: 2 locID: 102704235258642930 bcsId: 2214} | ret=SUCCESS |  
2019-08-30 05:17:41,682 | INFO  | DNAudit | user=null | ip=null | op=WRITE_CHUNK {blockData=conID: 2 locID: 102704235258642930 bcsId: 2214} | ret=SUCCESS |  
2019-08-30 05:17:41,693 | INFO  | DNAudit | user=null | ip=null | op=WRITE_CHUNK {blockData=conID: 2 locID: 102704235258642930 bcsId: 2214} | ret=SUCCESS |  
2019-08-30 05:17:41,693 | INFO  | DNAudit | user=null | ip=null | op=PUT_BLOCK {blockData=[blockId=conID: 2 locID: 102704235258642930 bcsId: 0,size=3145728]} | ret=SUCCESS |  
2019-08-30 05:17:41,694 [grpc-default-executor-1] INFO  client.GrpcClientProtocolClient (GrpcClientProtocolClient.java:onNext(255)) - client-574492D41EE7->134d4672-e322-4e4b-b7f3-5645abb0fe8c: receive RaftClientReply:client-574492D41EE7->134d4672-e322-4e4b-b7f3-5645abb0fe8c@group-3CB1DFFBCDC2, cid=1553, SUCCESS, logIndex=2219, commits[134d4672-e322-4e4b-b7f3-5645abb0fe8c:c2220, 73af84f3-3e88-4c8c-894c-3ad307bcac8d:c2218, 730a25a1-dbec-44ed-975b-a44ab0096beb:c2214]
2019-08-30 05:17:41,694 [grpc-default-executor-1] INFO  client.GrpcClientProtocolClient (GrpcClientProtocolClient.java:onNext(255)) - client-574492D41EE7->134d4672-e322-4e4b-b7f3-5645abb0fe8c: receive RaftClientReply:client-574492D41EE7->134d4672-e322-4e4b-b7f3-5645abb0fe8c@group-3CB1DFFBCDC2, cid=1554, SUCCESS, logIndex=2220, commits[134d4672-e322-4e4b-b7f3-5645abb0fe8c:c2220, 73af84f3-3e88-4c8c-894c-3ad307bcac8d:c2218, 730a25a1-dbec-44ed-975b-a44ab0096beb:c2218]
2019-08-30 05:17:41,694 | INFO  | DNAudit | user=null | ip=null | op=WRITE_CHUNK {blockData=conID: 2 locID: 102704235258642930 bcsId: 2214} | ret=SUCCESS |  
2019-08-30 05:17:41,694 | INFO  | DNAudit | user=null | ip=null | op=PUT_BLOCK {blockData=[blockId=conID: 2 locID: 102704235258642930 bcsId: 0,size=3145728]} | ret=SUCCESS |  
2019-08-30 05:17:41,695 | INFO  | DNAudit | user=null | ip=null | op=WRITE_CHUNK {blockData=conID: 2 locID: 102704235258642930 bcsId: 2214} | ret=SUCCESS |  
2019-08-30 05:17:41,695 | INFO  | DNAudit | user=null | ip=null | op=PUT_BLOCK {blockData=[blockId=conID: 2 locID: 102704235258642930 bcsId: 0,size=3145728]} | ret=SUCCESS |  
2019-08-30 05:17:41,700 | INFO  | DNAudit | user=null | ip=null | op=WRITE_CHUNK {blockData=conID: 2 locID: 102704235258642930 bcsId: 2220} | ret=SUCCESS |  
2019-08-30 05:17:41,803 | INFO  | DNAudit | user=null | ip=null | op=WRITE_CHUNK {blockData=conID: 2 locID: 102704235258642930 bcsId: 2220} | ret=SUCCESS |  
2019-08-30 05:17:41,803 | INFO  | DNAudit | user=null | ip=null | op=WRITE_CHUNK {blockData=conID: 2 locID: 102704235258642930 bcsId: 2220} | ret=SUCCESS |  
2019-08-30 05:17:41,813 | INFO  | DNAudit | user=null | ip=null | op=WRITE_CHUNK {blockData=conID: 2 locID: 102704235258642930 bcsId: 2220} | ret=SUCCESS |  
2019-08-30 05:17:41,813 | INFO  | DNAudit | user=null | ip=null | op=PUT_BLOCK {blockData=[blockId=conID: 2 locID: 102704235258642930 bcsId: 0,size=4194304]} | ret=SUCCESS |  
2019-08-30 05:17:41,813 [grpc-default-executor-5] INFO  client.GrpcClientProtocolClient (GrpcClientProtocolClient.java:onNext(255)) - client-574492D41EE7->134d4672-e322-4e4b-b7f3-5645abb0fe8c: receive RaftClientReply:client-574492D41EE7->134d4672-e322-4e4b-b7f3-5645abb0fe8c@group-3CB1DFFBCDC2, cid=1555, SUCCESS, logIndex=2222, commits[134d4672-e322-4e4b-b7f3-5645abb0fe8c:c2223, 73af84f3-3e88-4c8c-894c-3ad307bcac8d:c2221, 730a25a1-dbec-44ed-975b-a44ab0096beb:c2221]
2019-08-30 05:17:41,814 [grpc-default-executor-5] INFO  client.GrpcClientProtocolClient (GrpcClientProtocolClient.java:onNext(255)) - client-574492D41EE7->134d4672-e322-4e4b-b7f3-5645abb0fe8c: receive RaftClientReply:client-574492D41EE7->134d4672-e322-4e4b-b7f3-5645abb0fe8c@group-3CB1DFFBCDC2, cid=1556, SUCCESS, logIndex=2223, commits[134d4672-e322-4e4b-b7f3-5645abb0fe8c:c2223, 73af84f3-3e88-4c8c-894c-3ad307bcac8d:c2221, 730a25a1-dbec-44ed-975b-a44ab0096beb:c2221]
2019-08-30 05:17:41,824 | INFO  | DNAudit | user=null | ip=null | op=WRITE_CHUNK {blockData=conID: 2 locID: 102704235258642930 bcsId: 2220} | ret=SUCCESS |  
2019-08-30 05:17:41,825 | INFO  | DNAudit | user=null | ip=null | op=WRITE_CHUNK {blockData=conID: 2 locID: 102704235258642930 bcsId: 2220} | ret=SUCCESS |  
2019-08-30 05:17:41,825 | INFO  | DNAudit | user=null | ip=null | op=PUT_BLOCK {blockData=[blockId=conID: 2 locID: 102704235258642930 bcsId: 0,size=4194304]} | ret=SUCCESS |  
2019-08-30 05:17:41,825 | INFO  | DNAudit | user=null | ip=null | op=PUT_BLOCK {blockData=[blockId=conID: 2 locID: 102704235258642930 bcsId: 0,size=4194304]} | ret=SUCCESS |  
2019-08-30 05:17:41,825 [grpc-default-executor-5] INFO  client.GrpcClientProtocolClient (GrpcClientProtocolClient.java:onNext(255)) - client-574492D41EE7->134d4672-e322-4e4b-b7f3-5645abb0fe8c: receive RaftClientReply:client-574492D41EE7->134d4672-e322-4e4b-b7f3-5645abb0fe8c@group-3CB1DFFBCDC2, cid=1557, SUCCESS, logIndex=0, commits[134d4672-e322-4e4b-b7f3-5645abb0fe8c:c2224, 73af84f3-3e88-4c8c-894c-3ad307bcac8d:c2223, 730a25a1-dbec-44ed-975b-a44ab0096beb:c2223]
2019-08-30 05:17:41,829 | INFO  | SCMAudit | user=jenkins1000 | ip=192.168.36.106 | op=ALLOCATE_BLOCK {owner=85755eb5-052d-48fa-b271-2fe4d8754e12, size=4194304, type=RATIS, factor=THREE} | ret=SUCCESS |  
2019-08-30 05:17:41,831 | INFO  | OMAudit | user=jenkins1000 | ip=127.0.0.1 | op=ALLOCATE_BLOCK {volume=vol-0-00977, bucket=bucket-0-44205, key=key-0-32850, dataSize=0, replicationType=null, replicationFactor=null, keyLocationInfo=null, clientID=102704234570776978} | ret=SUCCESS |  
2019-08-30 05:17:41,839 | INFO  | DNAudit | user=null | ip=null | op=WRITE_CHUNK {blockData=conID: 3 locID: 102704235271225843 bcsId: 0} | ret=SUCCESS |  
2019-08-30 05:17:41,841 | INFO  | DNAudit | user=null | ip=null | op=WRITE_CHUNK {blockData=conID: 3 locID: 102704235271225843 bcsId: 0} | ret=SUCCESS |  
2019-08-30 05:17:41,842 | INFO  | DNAudit | user=null | ip=null | op=WRITE_CHUNK {blockData=conID: 3 locID: 102704235271225843 bcsId: 0} | ret=SUCCESS |  
2019-08-30 05:17:41,842 | INFO  | DNAudit | user=null | ip=null | op=WRITE_CHUNK {blockData=conID: 3 locID: 102704235271225843 bcsId: 0} | ret=SUCCESS |  
2019-08-30 05:17:41,843 | INFO  | DNAudit | user=null | ip=null | op=WRITE_CHUNK {blockData=conID: 3 locID: 102704235271225843 bcsId: 0} | ret=SUCCESS |  
2019-08-30 05:17:41,844 | INFO  | DNAudit | user=null | ip=null | op=WRITE_CHUNK {blockData=conID: 3 locID: 102704235271225843 bcsId: 0} | ret=SUCCESS |  
2019-08-30 05:17:41,851 | INFO  | DNAudit | user=null | ip=null | op=WRITE_CHUNK {blockData=conID: 3 locID: 102704235271225843 bcsId: 0} | ret=SUCCESS |  
2019-08-30 05:17:41,852 | INFO  | DNAudit | user=null | ip=null | op=PUT_BLOCK {blockData=[blockId=conID: 3 locID: 102704235271225843 bcsId: 0,size=1048576]} | ret=SUCCESS |  
2019-08-30 05:17:41,852 [grpc-default-executor-6] INFO  client.GrpcClientProtocolClient (GrpcClientProtocolClient.java:onNext(255)) - client-574492D41EE7->134d4672-e322-4e4b-b7f3-5645abb0fe8c: receive RaftClientReply:client-574492D41EE7->134d4672-e322-4e4b-b7f3-5645abb0fe8c@group-3CB1DFFBCDC2, cid=1558, SUCCESS, logIndex=2226, commits[134d4672-e322-4e4b-b7f3-5645abb0fe8c:c2228, 73af84f3-3e88-4c8c-894c-3ad307bcac8d:c2225, 730a25a1-dbec-44ed-975b-a44ab0096beb:c2225]
2019-08-30 05:17:41,853 | INFO  | DNAudit | user=null | ip=null | op=WRITE_CHUNK {blockData=conID: 3 locID: 102704235271225843 bcsId: 0} | ret=SUCCESS |  
2019-08-30 05:17:41,853 | INFO  | DNAudit | user=null | ip=null | op=WRITE_CHUNK {blockData=conID: 3 locID: 102704235271225843 bcsId: 0} | ret=SUCCESS |  
2019-08-30 05:17:41,853 [grpc-default-executor-6] INFO  client.GrpcClientProtocolClient (GrpcClientProtocolClient.java:onNext(255)) - client-574492D41EE7->134d4672-e322-4e4b-b7f3-5645abb0fe8c: receive RaftClientReply:client-574492D41EE7->134d4672-e322-4e4b-b7f3-5645abb0fe8c@group-3CB1DFFBCDC2, cid=1559, SUCCESS, logIndex=2227, commits[134d4672-e322-4e4b-b7f3-5645abb0fe8c:c2229, 73af84f3-3e88-4c8c-894c-3ad307bcac8d:c2225, 730a25a1-dbec-44ed-975b-a44ab0096beb:c2225]
2019-08-30 05:17:41,853 | INFO  | DNAudit | user=null | ip=null | op=PUT_BLOCK {blockData=[blockId=conID: 3 locID: 102704235271225843 bcsId: 0,size=2097152]} | ret=SUCCESS |  
2019-08-30 05:17:41,853 [grpc-default-executor-6] INFO  client.GrpcClientProtocolClient (GrpcClientProtocolClient.java:onNext(255)) - client-574492D41EE7->134d4672-e322-4e4b-b7f3-5645abb0fe8c: receive RaftClientReply:client-574492D41EE7->134d4672-e322-4e4b-b7f3-5645abb0fe8c@group-3CB1DFFBCDC2, cid=1560, SUCCESS, logIndex=2228, commits[134d4672-e322-4e4b-b7f3-5645abb0fe8c:c2230, 73af84f3-3e88-4c8c-894c-3ad307bcac8d:c2226, 730a25a1-dbec-44ed-975b-a44ab0096beb:c2225]
2019-08-30 05:17:41,853 | INFO  | DNAudit | user=null | ip=null | op=WRITE_CHUNK {blockData=conID: 3 locID: 102704235271225843 bcsId: 0} | ret=SUCCESS |  
2019-08-30 05:17:41,854 | INFO  | DNAudit | user=null | ip=null | op=PUT_BLOCK {blockData=[blockId=conID: 3 locID: 102704235271225843 bcsId: 0,size=1048576]} | ret=SUCCESS |  
2019-08-30 05:17:41,854 [grpc-default-executor-6] INFO  client.GrpcClientProtocolClient (GrpcClientProtocolClient.java:onNext(255)) - client-574492D41EE7->134d4672-e322-4e4b-b7f3-5645abb0fe8c: receive RaftClientReply:client-574492D41EE7->134d4672-e322-4e4b-b7f3-5645abb0fe8c@group-3CB1DFFBCDC2, cid=1561, SUCCESS, logIndex=2229, commits[134d4672-e322-4e4b-b7f3-5645abb0fe8c:c2230, 73af84f3-3e88-4c8c-894c-3ad307bcac8d:c2226, 730a25a1-dbec-44ed-975b-a44ab0096beb:c2225]
2019-08-30 05:17:41,854 | INFO  | DNAudit | user=null | ip=null | op=WRITE_CHUNK {blockData=conID: 3 locID: 102704235271225843 bcsId: 0} | ret=SUCCESS |  
2019-08-30 05:17:41,856 | INFO  | DNAudit | user=null | ip=null | op=PUT_BLOCK {blockData=[blockId=conID: 3 locID: 102704235271225843 bcsId: 0,size=1048576]} | ret=SUCCESS |  
2019-08-30 05:17:41,856 | INFO  | DNAudit | user=null | ip=null | op=WRITE_CHUNK {blockData=conID: 3 locID: 102704235271225843 bcsId: 0} | ret=SUCCESS |  
2019-08-30 05:17:41,856 | INFO  | DNAudit | user=null | ip=null | op=PUT_BLOCK {blockData=[blockId=conID: 3 locID: 102704235271225843 bcsId: 0,size=2097152]} | ret=SUCCESS |  
2019-08-30 05:17:41,856 [grpc-default-executor-6] INFO  client.GrpcClientProtocolClient (GrpcClientProtocolClient.java:onNext(255)) - client-574492D41EE7->134d4672-e322-4e4b-b7f3-5645abb0fe8c: receive RaftClientReply:client-574492D41EE7->134d4672-e322-4e4b-b7f3-5645abb0fe8c@group-3CB1DFFBCDC2, cid=1562, SUCCESS, logIndex=0, commits[134d4672-e322-4e4b-b7f3-5645abb0fe8c:c2232, 73af84f3-3e88-4c8c-894c-3ad307bcac8d:c2227, 730a25a1-dbec-44ed-975b-a44ab0096beb:c2228]
2019-08-30 05:17:41,864 | INFO  | DNAudit | user=null | ip=null | op=WRITE_CHUNK {blockData=conID: 3 locID: 102704235271225843 bcsId: 2229} | ret=SUCCESS |  
2019-08-30 05:17:41,866 | INFO  | DNAudit | user=null | ip=null | op=WRITE_CHUNK {blockData=conID: 3 locID: 102704235271225843 bcsId: 2229} | ret=SUCCESS |  
2019-08-30 05:17:41,866 | INFO  | DNAudit | user=null | ip=null | op=PUT_BLOCK {blockData=[blockId=conID: 3 locID: 102704235271225843 bcsId: 0,size=2097152]} | ret=SUCCESS |  
2019-08-30 05:17:41,867 | INFO  | DNAudit | user=null | ip=null | op=WRITE_CHUNK {blockData=conID: 3 locID: 102704235271225843 bcsId: 2229} | ret=SUCCESS |  
2019-08-30 05:17:41,868 | INFO  | DNAudit | user=null | ip=null | op=WRITE_CHUNK {blockData=conID: 3 locID: 102704235271225843 bcsId: 2229} | ret=SUCCESS |  
2019-08-30 05:17:41,869 | INFO  | DNAudit | user=null | ip=null | op=PUT_BLOCK {blockData=[blockId=conID: 3 locID: 102704235271225843 bcsId: 0,size=3145728]} | ret=SUCCESS |  
2019-08-30 05:17:41,869 | INFO  | DNAudit | user=null | ip=null | op=WRITE_CHUNK {blockData=conID: 3 locID: 102704235271225843 bcsId: 2229} | ret=SUCCESS |  
2019-08-30 05:17:41,869 [grpc-default-executor-6] INFO  client.GrpcClientProtocolClient (GrpcClientProtocolClient.java:onNext(255)) - client-574492D41EE7->134d4672-e322-4e4b-b7f3-5645abb0fe8c: receive RaftClientReply:client-574492D41EE7->134d4672-e322-4e4b-b7f3-5645abb0fe8c@group-3CB1DFFBCDC2, cid=1563, SUCCESS, logIndex=2234, commits[134d4672-e322-4e4b-b7f3-5645abb0fe8c:c2235, 73af84f3-3e88-4c8c-894c-3ad307bcac8d:c2233, 730a25a1-dbec-44ed-975b-a44ab0096beb:c2233]
2019-08-30 05:17:41,869 | INFO  | DNAudit | user=null | ip=null | op=PUT_BLOCK {blockData=[blockId=conID: 3 locID: 102704235271225843 bcsId: 0,size=3145728]} | ret=SUCCESS |  
2019-08-30 05:17:41,870 | INFO  | DNAudit | user=null | ip=null | op=WRITE_CHUNK {blockData=conID: 3 locID: 102704235271225843 bcsId: 2229} | ret=SUCCESS |  
2019-08-30 05:17:41,870 [grpc-default-executor-6] INFO  client.GrpcClientProtocolClient (GrpcClientProtocolClient.java:onNext(255)) - client-574492D41EE7->134d4672-e322-4e4b-b7f3-5645abb0fe8c: receive RaftClientReply:client-574492D41EE7->134d4672-e322-4e4b-b7f3-5645abb0fe8c@group-3CB1DFFBCDC2, cid=1564, SUCCESS, logIndex=2235, commits[134d4672-e322-4e4b-b7f3-5645abb0fe8c:c2235, 73af84f3-3e88-4c8c-894c-3ad307bcac8d:c2233, 730a25a1-dbec-44ed-975b-a44ab0096beb:c2233]
2019-08-30 05:17:41,870 | INFO  | DNAudit | user=null | ip=null | op=PUT_BLOCK {blockData=[blockId=conID: 3 locID: 102704235271225843 bcsId: 0,size=3145728]} | ret=SUCCESS |  
2019-08-30 05:17:41,877 | INFO  | DNAudit | user=null | ip=null | op=WRITE_CHUNK {blockData=conID: 3 locID: 102704235271225843 bcsId: 2235} | ret=SUCCESS |  
2019-08-30 05:17:41,906 | INFO  | DNAudit | user=null | ip=null | op=WRITE_CHUNK {blockData=conID: 3 locID: 102704235271225843 bcsId: 2235} | ret=SUCCESS |  
2019-08-30 05:17:41,906 | INFO  | DNAudit | user=null | ip=null | op=WRITE_CHUNK {blockData=conID: 3 locID: 102704235271225843 bcsId: 2235} | ret=SUCCESS |  
2019-08-30 05:17:41,919 | INFO  | DNAudit | user=null | ip=null | op=WRITE_CHUNK {blockData=conID: 3 locID: 102704235271225843 bcsId: 2235} | ret=SUCCESS |  
2019-08-30 05:17:41,919 [grpc-default-executor-1] INFO  client.GrpcClientProtocolClient (GrpcClientProtocolClient.java:onNext(255)) - client-574492D41EE7->134d4672-e322-4e4b-b7f3-5645abb0fe8c: receive RaftClientReply:client-574492D41EE7->134d4672-e322-4e4b-b7f3-5645abb0fe8c@group-3CB1DFFBCDC2, cid=1565, SUCCESS, logIndex=2238, commits[134d4672-e322-4e4b-b7f3-5645abb0fe8c:c2239, 73af84f3-3e88-4c8c-894c-3ad307bcac8d:c2237, 730a25a1-dbec-44ed-975b-a44ab0096beb:c2237]
2019-08-30 05:17:41,919 | INFO  | DNAudit | user=null | ip=null | op=PUT_BLOCK {blockData=[blockId=conID: 3 locID: 102704235271225843 bcsId: 0,size=4194304]} | ret=SUCCESS |  
2019-08-30 05:17:41,920 [grpc-default-executor-1] INFO  client.GrpcClientProtocolClient (GrpcClientProtocolClient.java:onNext(255)) - client-574492D41EE7->134d4672-e322-4e4b-b7f3-5645abb0fe8c: receive RaftClientReply:client-574492D41EE7->134d4672-e322-4e4b-b7f3-5645abb0fe8c@group-3CB1DFFBCDC2, cid=1566, SUCCESS, logIndex=2239, commits[134d4672-e322-4e4b-b7f3-5645abb0fe8c:c2239, 73af84f3-3e88-4c8c-894c-3ad307bcac8d:c2237, 730a25a1-dbec-44ed-975b-a44ab0096beb:c2237]
2019-08-30 05:17:41,932 | INFO  | DNAudit | user=null | ip=null | op=WRITE_CHUNK {blockData=conID: 3 locID: 102704235271225843 bcsId: 2235} | ret=SUCCESS |  
2019-08-30 05:17:41,933 | INFO  | DNAudit | user=null | ip=null | op=WRITE_CHUNK {blockData=conID: 3 locID: 102704235271225843 bcsId: 2235} | ret=SUCCESS |  
2019-08-30 05:17:41,934 | INFO  | DNAudit | user=null | ip=null | op=PUT_BLOCK {blockData=[blockId=conID: 3 locID: 102704235271225843 bcsId: 0,size=4194304]} | ret=SUCCESS |  
2019-08-30 05:17:41,934 | INFO  | DNAudit | user=null | ip=null | op=PUT_BLOCK {blockData=[blockId=conID: 3 locID: 102704235271225843 bcsId: 0,size=4194304]} | ret=SUCCESS |  
2019-08-30 05:17:41,935 [grpc-default-executor-1] INFO  client.GrpcClientProtocolClient (GrpcClientProtocolClient.java:onNext(255)) - client-574492D41EE7->134d4672-e322-4e4b-b7f3-5645abb0fe8c: receive RaftClientReply:client-574492D41EE7->134d4672-e322-4e4b-b7f3-5645abb0fe8c@group-3CB1DFFBCDC2, cid=1567, SUCCESS, logIndex=0, commits[134d4672-e322-4e4b-b7f3-5645abb0fe8c:c2241, 73af84f3-3e88-4c8c-894c-3ad307bcac8d:c2239, 730a25a1-dbec-44ed-975b-a44ab0096beb:c2239]
2019-08-30 05:17:41,942 | INFO  | SCMAudit | user=jenkins1000 | ip=192.168.36.106 | op=ALLOCATE_BLOCK {owner=85755eb5-052d-48fa-b271-2fe4d8754e12, size=4194304, type=RATIS, factor=THREE} | ret=SUCCESS |  
2019-08-30 05:17:41,945 | INFO  | OMAudit | user=jenkins1000 | ip=127.0.0.1 | op=ALLOCATE_BLOCK {volume=vol-0-00977, bucket=bucket-0-44205, key=key-0-32850, dataSize=0, replicationType=null, replicationFactor=null, keyLocationInfo=null, clientID=102704234570776978} | ret=SUCCESS |  
2019-08-30 05:17:41,957 | INFO  | DNAudit | user=null | ip=null | op=WRITE_CHUNK {blockData=conID: 1 locID: 102704235278631412 bcsId: 0} | ret=SUCCESS |  
2019-08-30 05:17:41,959 | INFO  | DNAudit | user=null | ip=null | op=WRITE_CHUNK {blockData=conID: 1 locID: 102704235278631412 bcsId: 0} | ret=SUCCESS |  
2019-08-30 05:17:41,959 | INFO  | DNAudit | user=null | ip=null | op=WRITE_CHUNK {blockData=conID: 1 locID: 102704235278631412 bcsId: 0} | ret=SUCCESS |  
2019-08-30 05:17:41,960 | INFO  | DNAudit | user=null | ip=null | op=WRITE_CHUNK {blockData=conID: 1 locID: 102704235278631412 bcsId: 0} | ret=SUCCESS |  
2019-08-30 05:17:41,961 | INFO  | DNAudit | user=null | ip=null | op=WRITE_CHUNK {blockData=conID: 1 locID: 102704235278631412 bcsId: 0} | ret=SUCCESS |  
2019-08-30 05:17:41,962 | INFO  | DNAudit | user=null | ip=null | op=WRITE_CHUNK {blockData=conID: 1 locID: 102704235278631412 bcsId: 0} | ret=SUCCESS |  
2019-08-30 05:17:41,971 | INFO  | DNAudit | user=null | ip=null | op=WRITE_CHUNK {blockData=conID: 1 locID: 102704235278631412 bcsId: 0} | ret=SUCCESS |  
2019-08-30 05:17:41,971 | INFO  | DNAudit | user=null | ip=null | op=PUT_BLOCK {blockData=[blockId=conID: 1 locID: 102704235278631412 bcsId: 0,size=1048576]} | ret=SUCCESS |  
2019-08-30 05:17:41,972 | INFO  | DNAudit | user=null | ip=null | op=WRITE_CHUNK {blockData=conID: 1 locID: 102704235278631412 bcsId: 0} | ret=SUCCESS |  
2019-08-30 05:17:41,972 [grpc-default-executor-6] INFO  client.GrpcClientProtocolClient (GrpcClientProtocolClient.java:onNext(255)) - client-574492D41EE7->134d4672-e322-4e4b-b7f3-5645abb0fe8c: receive RaftClientReply:client-574492D41EE7->134d4672-e322-4e4b-b7f3-5645abb0fe8c@group-3CB1DFFBCDC2, cid=1568, SUCCESS, logIndex=2242, commits[134d4672-e322-4e4b-b7f3-5645abb0fe8c:c2245, 73af84f3-3e88-4c8c-894c-3ad307bcac8d:c2241, 730a25a1-dbec-44ed-975b-a44ab0096beb:c2241]
2019-08-30 05:17:41,972 | INFO  | DNAudit | user=null | ip=null | op=PUT_BLOCK {blockData=[blockId=conID: 1 locID: 102704235278631412 bcsId: 0,size=2097152]} | ret=SUCCESS |  
2019-08-30 05:17:41,972 [grpc-default-executor-6] INFO  client.GrpcClientProtocolClient (GrpcClientProtocolClient.java:onNext(255)) - client-574492D41EE7->134d4672-e322-4e4b-b7f3-5645abb0fe8c: receive RaftClientReply:client-574492D41EE7->134d4672-e322-4e4b-b7f3-5645abb0fe8c@group-3CB1DFFBCDC2, cid=1569, SUCCESS, logIndex=2243, commits[134d4672-e322-4e4b-b7f3-5645abb0fe8c:c2245, 73af84f3-3e88-4c8c-894c-3ad307bcac8d:c2241, 730a25a1-dbec-44ed-975b-a44ab0096beb:c2241]
2019-08-30 05:17:41,972 [grpc-default-executor-6] INFO  client.GrpcClientProtocolClient (GrpcClientProtocolClient.java:onNext(255)) - client-574492D41EE7->134d4672-e322-4e4b-b7f3-5645abb0fe8c: receive RaftClientReply:client-574492D41EE7->134d4672-e322-4e4b-b7f3-5645abb0fe8c@group-3CB1DFFBCDC2, cid=1570, SUCCESS, logIndex=2244, commits[134d4672-e322-4e4b-b7f3-5645abb0fe8c:c2245, 73af84f3-3e88-4c8c-894c-3ad307bcac8d:c2241, 730a25a1-dbec-44ed-975b-a44ab0096beb:c2241]
2019-08-30 05:17:41,973 [grpc-default-executor-6] INFO  client.GrpcClientProtocolClient (GrpcClientProtocolClient.java:onNext(255)) - client-574492D41EE7->134d4672-e322-4e4b-b7f3-5645abb0fe8c: receive RaftClientReply:client-574492D41EE7->134d4672-e322-4e4b-b7f3-5645abb0fe8c@group-3CB1DFFBCDC2, cid=1571, SUCCESS, logIndex=2245, commits[134d4672-e322-4e4b-b7f3-5645abb0fe8c:c2245, 73af84f3-3e88-4c8c-894c-3ad307bcac8d:c2241, 730a25a1-dbec-44ed-975b-a44ab0096beb:c2241]
2019-08-30 05:17:41,983 | INFO  | DNAudit | user=null | ip=null | op=WRITE_CHUNK {blockData=conID: 1 locID: 102704235278631412 bcsId: 0} | ret=SUCCESS |  
2019-08-30 05:17:41,983 | INFO  | DNAudit | user=null | ip=null | op=WRITE_CHUNK {blockData=conID: 1 locID: 102704235278631412 bcsId: 0} | ret=SUCCESS |  
2019-08-30 05:17:41,983 | INFO  | DNAudit | user=null | ip=null | op=PUT_BLOCK {blockData=[blockId=conID: 1 locID: 102704235278631412 bcsId: 0,size=1048576]} | ret=SUCCESS |  
2019-08-30 05:17:41,983 | INFO  | DNAudit | user=null | ip=null | op=PUT_BLOCK {blockData=[blockId=conID: 1 locID: 102704235278631412 bcsId: 0,size=1048576]} | ret=SUCCESS |  
2019-08-30 05:17:41,983 | INFO  | DNAudit | user=null | ip=null | op=WRITE_CHUNK {blockData=conID: 1 locID: 102704235278631412 bcsId: 0} | ret=SUCCESS |  
2019-08-30 05:17:41,983 | INFO  | DNAudit | user=null | ip=null | op=PUT_BLOCK {blockData=[blockId=conID: 1 locID: 102704235278631412 bcsId: 0,size=2097152]} | ret=SUCCESS |  
2019-08-30 05:17:41,983 [grpc-default-executor-1] INFO  client.GrpcClientProtocolClient (GrpcClientProtocolClient.java:onNext(255)) - client-574492D41EE7->134d4672-e322-4e4b-b7f3-5645abb0fe8c: receive RaftClientReply:client-574492D41EE7->134d4672-e322-4e4b-b7f3-5645abb0fe8c@group-3CB1DFFBCDC2, cid=1572, SUCCESS, logIndex=0, commits[134d4672-e322-4e4b-b7f3-5645abb0fe8c:c2245, 73af84f3-3e88-4c8c-894c-3ad307bcac8d:c2245, 730a25a1-dbec-44ed-975b-a44ab0096beb:c2245]
2019-08-30 05:17:41,984 | INFO  | DNAudit | user=null | ip=null | op=WRITE_CHUNK {blockData=conID: 1 locID: 102704235278631412 bcsId: 0} | ret=SUCCESS |  
2019-08-30 05:17:41,984 | INFO  | DNAudit | user=null | ip=null | op=PUT_BLOCK {blockData=[blockId=conID: 1 locID: 102704235278631412 bcsId: 0,size=2097152]} | ret=SUCCESS |  
2019-08-30 05:17:41,990 | INFO  | DNAudit | user=null | ip=null | op=WRITE_CHUNK {blockData=conID: 1 locID: 102704235278631412 bcsId: 2245} | ret=SUCCESS |  
2019-08-30 05:17:41,992 | INFO  | DNAudit | user=null | ip=null | op=WRITE_CHUNK {blockData=conID: 1 locID: 102704235278631412 bcsId: 2245} | ret=SUCCESS |  
2019-08-30 05:17:41,992 | INFO  | DNAudit | user=null | ip=null | op=WRITE_CHUNK {blockData=conID: 1 locID: 102704235278631412 bcsId: 2245} | ret=SUCCESS |  
2019-08-30 05:17:42,003 | INFO  | DNAudit | user=null | ip=null | op=WRITE_CHUNK {blockData=conID: 1 locID: 102704235278631412 bcsId: 2245} | ret=SUCCESS |  
2019-08-30 05:17:42,004 | INFO  | DNAudit | user=null | ip=null | op=PUT_BLOCK {blockData=[blockId=conID: 1 locID: 102704235278631412 bcsId: 0,size=3145728]} | ret=SUCCESS |  
2019-08-30 05:17:42,004 [grpc-default-executor-6] INFO  client.GrpcClientProtocolClient (GrpcClientProtocolClient.java:onNext(255)) - client-574492D41EE7->134d4672-e322-4e4b-b7f3-5645abb0fe8c: receive RaftClientReply:client-574492D41EE7->134d4672-e322-4e4b-b7f3-5645abb0fe8c@group-3CB1DFFBCDC2, cid=1573, SUCCESS, logIndex=2247, commits[134d4672-e322-4e4b-b7f3-5645abb0fe8c:c2248, 73af84f3-3e88-4c8c-894c-3ad307bcac8d:c2246, 730a25a1-dbec-44ed-975b-a44ab0096beb:c2246]
2019-08-30 05:17:42,004 [grpc-default-executor-6] INFO  client.GrpcClientProtocolClient (GrpcClientProtocolClient.java:onNext(255)) - client-574492D41EE7->134d4672-e322-4e4b-b7f3-5645abb0fe8c: receive RaftClientReply:client-574492D41EE7->134d4672-e322-4e4b-b7f3-5645abb0fe8c@group-3CB1DFFBCDC2, cid=1574, SUCCESS, logIndex=2248, commits[134d4672-e322-4e4b-b7f3-5645abb0fe8c:c2248, 73af84f3-3e88-4c8c-894c-3ad307bcac8d:c2246, 730a25a1-dbec-44ed-975b-a44ab0096beb:c2246]
2019-08-30 05:17:42,010 | INFO  | DNAudit | user=null | ip=null | op=WRITE_CHUNK {blockData=conID: 1 locID: 102704235278631412 bcsId: 2248} | ret=SUCCESS |  
2019-08-30 05:17:42,012 | INFO  | DNAudit | user=null | ip=null | op=WRITE_CHUNK {blockData=conID: 1 locID: 102704235278631412 bcsId: 2248} | ret=SUCCESS |  
2019-08-30 05:17:42,012 | INFO  | DNAudit | user=null | ip=null | op=WRITE_CHUNK {blockData=conID: 1 locID: 102704235278631412 bcsId: 2248} | ret=SUCCESS |  
2019-08-30 05:17:42,015 | INFO  | DNAudit | user=null | ip=null | op=WRITE_CHUNK {blockData=conID: 1 locID: 102704235278631412 bcsId: 2245} | ret=SUCCESS |  
2019-08-30 05:17:42,015 | INFO  | DNAudit | user=null | ip=null | op=WRITE_CHUNK {blockData=conID: 1 locID: 102704235278631412 bcsId: 2245} | ret=SUCCESS |  
2019-08-30 05:17:42,015 | INFO  | DNAudit | user=null | ip=null | op=PUT_BLOCK {blockData=[blockId=conID: 1 locID: 102704235278631412 bcsId: 0,size=3145728]} | ret=SUCCESS |  
2019-08-30 05:17:42,015 | INFO  | DNAudit | user=null | ip=null | op=PUT_BLOCK {blockData=[blockId=conID: 1 locID: 102704235278631412 bcsId: 0,size=3145728]} | ret=SUCCESS |  
2019-08-30 05:17:42,018 | INFO  | DNAudit | user=null | ip=null | op=WRITE_CHUNK {blockData=conID: 1 locID: 102704235278631412 bcsId: 2248} | ret=SUCCESS |  
2019-08-30 05:17:42,018 | INFO  | DNAudit | user=null | ip=null | op=PUT_BLOCK {blockData=[blockId=conID: 1 locID: 102704235278631412 bcsId: 0,size=4194304]} | ret=SUCCESS |  
2019-08-30 05:17:42,018 [grpc-default-executor-5] INFO  client.GrpcClientProtocolClient (GrpcClientProtocolClient.java:onNext(255)) - client-574492D41EE7->134d4672-e322-4e4b-b7f3-5645abb0fe8c: receive RaftClientReply:client-574492D41EE7->134d4672-e322-4e4b-b7f3-5645abb0fe8c@group-3CB1DFFBCDC2, cid=1575, SUCCESS, logIndex=2251, commits[134d4672-e322-4e4b-b7f3-5645abb0fe8c:c2252, 73af84f3-3e88-4c8c-894c-3ad307bcac8d:c2248, 730a25a1-dbec-44ed-975b-a44ab0096beb:c2248]
2019-08-30 05:17:42,020 [grpc-default-executor-5] INFO  client.GrpcClientProtocolClient (GrpcClientProtocolClient.java:onNext(255)) - client-574492D41EE7->134d4672-e322-4e4b-b7f3-5645abb0fe8c: receive RaftClientReply:client-574492D41EE7->134d4672-e322-4e4b-b7f3-5645abb0fe8c@group-3CB1DFFBCDC2, cid=1576, SUCCESS, logIndex=2252, commits[134d4672-e322-4e4b-b7f3-5645abb0fe8c:c2252, 73af84f3-3e88-4c8c-894c-3ad307bcac8d:c2248, 730a25a1-dbec-44ed-975b-a44ab0096beb:c2248]
2019-08-30 05:17:42,032 | INFO  | DNAudit | user=null | ip=null | op=WRITE_CHUNK {blockData=conID: 1 locID: 102704235278631412 bcsId: 2248} | ret=SUCCESS |  
2019-08-30 05:17:42,032 | INFO  | DNAudit | user=null | ip=null | op=WRITE_CHUNK {blockData=conID: 1 locID: 102704235278631412 bcsId: 2248} | ret=SUCCESS |  
2019-08-30 05:17:42,044 | INFO  | DNAudit | user=null | ip=null | op=PUT_BLOCK {blockData=[blockId=conID: 1 locID: 102704235278631412 bcsId: 0,size=4194304]} | ret=SUCCESS |  
2019-08-30 05:17:42,044 | INFO  | DNAudit | user=null | ip=null | op=PUT_BLOCK {blockData=[blockId=conID: 1 locID: 102704235278631412 bcsId: 0,size=4194304]} | ret=SUCCESS |  
2019-08-30 05:17:42,045 [grpc-default-executor-1] INFO  client.GrpcClientProtocolClient (GrpcClientProtocolClient.java:onNext(255)) - client-574492D41EE7->134d4672-e322-4e4b-b7f3-5645abb0fe8c: receive RaftClientReply:client-574492D41EE7->134d4672-e322-4e4b-b7f3-5645abb0fe8c@group-3CB1DFFBCDC2, cid=1577, SUCCESS, logIndex=0, commits[134d4672-e322-4e4b-b7f3-5645abb0fe8c:c2254, 73af84f3-3e88-4c8c-894c-3ad307bcac8d:c2252, 730a25a1-dbec-44ed-975b-a44ab0096beb:c2252]
2019-08-30 05:17:42,050 | INFO  | SCMAudit | user=jenkins1000 | ip=192.168.36.106 | op=ALLOCATE_BLOCK {owner=85755eb5-052d-48fa-b271-2fe4d8754e12, size=4194304, type=RATIS, factor=THREE} | ret=SUCCESS |  
2019-08-30 05:17:42,053 | INFO  | OMAudit | user=jenkins1000 | ip=127.0.0.1 | op=ALLOCATE_BLOCK {volume=vol-0-00977, bucket=bucket-0-44205, key=key-0-32850, dataSize=0, replicationType=null, replicationFactor=null, keyLocationInfo=null, clientID=102704234570776978} | ret=SUCCESS |  
2019-08-30 05:17:42,063 | INFO  | DNAudit | user=null | ip=null | op=WRITE_CHUNK {blockData=conID: 2 locID: 102704235285709301 bcsId: 0} | ret=SUCCESS |  
2019-08-30 05:17:42,065 | INFO  | DNAudit | user=null | ip=null | op=WRITE_CHUNK {blockData=conID: 2 locID: 102704235285709301 bcsId: 0} | ret=SUCCESS |  
2019-08-30 05:17:42,066 | INFO  | DNAudit | user=null | ip=null | op=WRITE_CHUNK {blockData=conID: 2 locID: 102704235285709301 bcsId: 0} | ret=SUCCESS |  
2019-08-30 05:17:42,066 | INFO  | DNAudit | user=null | ip=null | op=WRITE_CHUNK {blockData=conID: 2 locID: 102704235285709301 bcsId: 0} | ret=SUCCESS |  
2019-08-30 05:17:42,067 | INFO  | DNAudit | user=null | ip=null | op=WRITE_CHUNK {blockData=conID: 2 locID: 102704235285709301 bcsId: 0} | ret=SUCCESS |  
2019-08-30 05:17:42,068 | INFO  | DNAudit | user=null | ip=null | op=WRITE_CHUNK {blockData=conID: 2 locID: 102704235285709301 bcsId: 0} | ret=SUCCESS |  
2019-08-30 05:17:42,080 | INFO  | DNAudit | user=null | ip=null | op=WRITE_CHUNK {blockData=conID: 2 locID: 102704235285709301 bcsId: 0} | ret=SUCCESS |  
2019-08-30 05:17:42,081 | INFO  | DNAudit | user=null | ip=null | op=PUT_BLOCK {blockData=[blockId=conID: 2 locID: 102704235285709301 bcsId: 0,size=1048576]} | ret=SUCCESS |  
2019-08-30 05:17:42,081 | INFO  | DNAudit | user=null | ip=null | op=WRITE_CHUNK {blockData=conID: 2 locID: 102704235285709301 bcsId: 0} | ret=SUCCESS |  
2019-08-30 05:17:42,081 [grpc-default-executor-5] INFO  client.GrpcClientProtocolClient (GrpcClientProtocolClient.java:onNext(255)) - client-574492D41EE7->134d4672-e322-4e4b-b7f3-5645abb0fe8c: receive RaftClientReply:client-574492D41EE7->134d4672-e322-4e4b-b7f3-5645abb0fe8c@group-3CB1DFFBCDC2, cid=1578, SUCCESS, logIndex=2255, commits[134d4672-e322-4e4b-b7f3-5645abb0fe8c:c2256, 73af84f3-3e88-4c8c-894c-3ad307bcac8d:c2254, 730a25a1-dbec-44ed-975b-a44ab0096beb:c2254]
2019-08-30 05:17:42,082 | INFO  | DNAudit | user=null | ip=null | op=PUT_BLOCK {blockData=[blockId=conID: 2 locID: 102704235285709301 bcsId: 0,size=2097152]} | ret=SUCCESS |  
2019-08-30 05:17:42,082 [grpc-default-executor-5] INFO  client.GrpcClientProtocolClient (GrpcClientProtocolClient.java:onNext(255)) - client-574492D41EE7->134d4672-e322-4e4b-b7f3-5645abb0fe8c: receive RaftClientReply:client-574492D41EE7->134d4672-e322-4e4b-b7f3-5645abb0fe8c@group-3CB1DFFBCDC2, cid=1579, SUCCESS, logIndex=2256, commits[134d4672-e322-4e4b-b7f3-5645abb0fe8c:c2258, 73af84f3-3e88-4c8c-894c-3ad307bcac8d:c2254, 730a25a1-dbec-44ed-975b-a44ab0096beb:c2254]
2019-08-30 05:17:42,082 [grpc-default-executor-5] INFO  client.GrpcClientProtocolClient (GrpcClientProtocolClient.java:onNext(255)) - client-574492D41EE7->134d4672-e322-4e4b-b7f3-5645abb0fe8c: receive RaftClientReply:client-574492D41EE7->134d4672-e322-4e4b-b7f3-5645abb0fe8c@group-3CB1DFFBCDC2, cid=1580, SUCCESS, logIndex=2257, commits[134d4672-e322-4e4b-b7f3-5645abb0fe8c:c2258, 73af84f3-3e88-4c8c-894c-3ad307bcac8d:c2254, 730a25a1-dbec-44ed-975b-a44ab0096beb:c2254]
2019-08-30 05:17:42,082 [grpc-default-executor-5] INFO  client.GrpcClientProtocolClient (GrpcClientProtocolClient.java:onNext(255)) - client-574492D41EE7->134d4672-e322-4e4b-b7f3-5645abb0fe8c: receive RaftClientReply:client-574492D41EE7->134d4672-e322-4e4b-b7f3-5645abb0fe8c@group-3CB1DFFBCDC2, cid=1581, SUCCESS, logIndex=2258, commits[134d4672-e322-4e4b-b7f3-5645abb0fe8c:c2258, 73af84f3-3e88-4c8c-894c-3ad307bcac8d:c2254, 730a25a1-dbec-44ed-975b-a44ab0096beb:c2254]
2019-08-30 05:17:42,092 | INFO  | DNAudit | user=null | ip=null | op=WRITE_CHUNK {blockData=conID: 2 locID: 102704235285709301 bcsId: 0} | ret=SUCCESS |  
2019-08-30 05:17:42,093 | INFO  | DNAudit | user=null | ip=null | op=WRITE_CHUNK {blockData=conID: 2 locID: 102704235285709301 bcsId: 0} | ret=SUCCESS |  
2019-08-30 05:17:42,093 | INFO  | DNAudit | user=null | ip=null | op=PUT_BLOCK {blockData=[blockId=conID: 2 locID: 102704235285709301 bcsId: 0,size=1048576]} | ret=SUCCESS |  
2019-08-30 05:17:42,093 | INFO  | DNAudit | user=null | ip=null | op=WRITE_CHUNK {blockData=conID: 2 locID: 102704235285709301 bcsId: 0} | ret=SUCCESS |  
2019-08-30 05:17:42,093 | INFO  | DNAudit | user=null | ip=null | op=PUT_BLOCK {blockData=[blockId=conID: 2 locID: 102704235285709301 bcsId: 0,size=2097152]} | ret=SUCCESS |  
2019-08-30 05:17:42,094 | INFO  | DNAudit | user=null | ip=null | op=PUT_BLOCK {blockData=[blockId=conID: 2 locID: 102704235285709301 bcsId: 0,size=1048576]} | ret=SUCCESS |  
2019-08-30 05:17:42,095 | INFO  | DNAudit | user=null | ip=null | op=WRITE_CHUNK {blockData=conID: 2 locID: 102704235285709301 bcsId: 0} | ret=SUCCESS |  
2019-08-30 05:17:42,095 | INFO  | DNAudit | user=null | ip=null | op=PUT_BLOCK {blockData=[blockId=conID: 2 locID: 102704235285709301 bcsId: 0,size=2097152]} | ret=SUCCESS |  
2019-08-30 05:17:42,095 [grpc-default-executor-5] INFO  client.GrpcClientProtocolClient (GrpcClientProtocolClient.java:onNext(255)) - client-574492D41EE7->134d4672-e322-4e4b-b7f3-5645abb0fe8c: receive RaftClientReply:client-574492D41EE7->134d4672-e322-4e4b-b7f3-5645abb0fe8c@group-3CB1DFFBCDC2, cid=1582, SUCCESS, logIndex=0, commits[134d4672-e322-4e4b-b7f3-5645abb0fe8c:c2261, 73af84f3-3e88-4c8c-894c-3ad307bcac8d:c2258, 730a25a1-dbec-44ed-975b-a44ab0096beb:c2256]
2019-08-30 05:17:42,102 | INFO  | DNAudit | user=null | ip=null | op=WRITE_CHUNK {blockData=conID: 2 locID: 102704235285709301 bcsId: 2258} | ret=SUCCESS |  
2019-08-30 05:17:42,104 | INFO  | DNAudit | user=null | ip=null | op=WRITE_CHUNK {blockData=conID: 2 locID: 102704235285709301 bcsId: 2258} | ret=SUCCESS |  
2019-08-30 05:17:42,104 | INFO  | DNAudit | user=null | ip=null | op=WRITE_CHUNK {blockData=conID: 2 locID: 102704235285709301 bcsId: 2258} | ret=SUCCESS |  
2019-08-30 05:17:42,115 | INFO  | DNAudit | user=null | ip=null | op=WRITE_CHUNK {blockData=conID: 2 locID: 102704235285709301 bcsId: 2258} | ret=SUCCESS |  
2019-08-30 05:17:42,115 | INFO  | DNAudit | user=null | ip=null | op=PUT_BLOCK {blockData=[blockId=conID: 2 locID: 102704235285709301 bcsId: 0,size=3145728]} | ret=SUCCESS |  
2019-08-30 05:17:42,115 [grpc-default-executor-5] INFO  client.GrpcClientProtocolClient (GrpcClientProtocolClient.java:onNext(255)) - client-574492D41EE7->134d4672-e322-4e4b-b7f3-5645abb0fe8c: receive RaftClientReply:client-574492D41EE7->134d4672-e322-4e4b-b7f3-5645abb0fe8c@group-3CB1DFFBCDC2, cid=1583, SUCCESS, logIndex=2262, commits[134d4672-e322-4e4b-b7f3-5645abb0fe8c:c2263, 73af84f3-3e88-4c8c-894c-3ad307bcac8d:c2261, 730a25a1-dbec-44ed-975b-a44ab0096beb:c2261]
2019-08-30 05:17:42,116 [grpc-default-executor-5] INFO  client.GrpcClientProtocolClient (GrpcClientProtocolClient.java:onNext(255)) - client-574492D41EE7->134d4672-e322-4e4b-b7f3-5645abb0fe8c: receive RaftClientReply:client-574492D41EE7->134d4672-e322-4e4b-b7f3-5645abb0fe8c@group-3CB1DFFBCDC2, cid=1584, SUCCESS, logIndex=2263, commits[134d4672-e322-4e4b-b7f3-5645abb0fe8c:c2263, 73af84f3-3e88-4c8c-894c-3ad307bcac8d:c2261, 730a25a1-dbec-44ed-975b-a44ab0096beb:c2261]
2019-08-30 05:17:42,117 | INFO  | SCMAudit | user=jenkins1000 | ip=192.168.36.106 | op=SEND_HEARTBEAT {datanodeUUID=73af84f3-3e88-4c8c-894c-3ad307bcac8d, command=[]} | ret=SUCCESS |  
2019-08-30 05:17:42,117 | INFO  | SCMAudit | user=jenkins1000 | ip=192.168.36.106 | op=SEND_HEARTBEAT {datanodeUUID=730a25a1-dbec-44ed-975b-a44ab0096beb, command=[]} | ret=SUCCESS |  
2019-08-30 05:17:42,122 | INFO  | DNAudit | user=null | ip=null | op=WRITE_CHUNK {blockData=conID: 2 locID: 102704235285709301 bcsId: 2263} | ret=SUCCESS |  
2019-08-30 05:17:42,124 | INFO  | DNAudit | user=null | ip=null | op=WRITE_CHUNK {blockData=conID: 2 locID: 102704235285709301 bcsId: 2263} | ret=SUCCESS |  
2019-08-30 05:17:42,125 | INFO  | DNAudit | user=null | ip=null | op=WRITE_CHUNK {blockData=conID: 2 locID: 102704235285709301 bcsId: 2263} | ret=SUCCESS |  
2019-08-30 05:17:42,127 | INFO  | DNAudit | user=null | ip=null | op=WRITE_CHUNK {blockData=conID: 2 locID: 102704235285709301 bcsId: 2258} | ret=SUCCESS |  
2019-08-30 05:17:42,128 | INFO  | DNAudit | user=null | ip=null | op=WRITE_CHUNK {blockData=conID: 2 locID: 102704235285709301 bcsId: 2258} | ret=SUCCESS |  
2019-08-30 05:17:42,130 | INFO  | DNAudit | user=null | ip=null | op=PUT_BLOCK {blockData=[blockId=conID: 2 locID: 102704235285709301 bcsId: 0,size=3145728]} | ret=SUCCESS |  
2019-08-30 05:17:42,130 | INFO  | DNAudit | user=null | ip=null | op=PUT_BLOCK {blockData=[blockId=conID: 2 locID: 102704235285709301 bcsId: 0,size=3145728]} | ret=SUCCESS |  
2019-08-30 05:17:42,130 | INFO  | DNAudit | user=null | ip=null | op=WRITE_CHUNK {blockData=conID: 2 locID: 102704235285709301 bcsId: 2263} | ret=SUCCESS |  
2019-08-30 05:17:42,131 | INFO  | DNAudit | user=null | ip=null | op=PUT_BLOCK {blockData=[blockId=conID: 2 locID: 102704235285709301 bcsId: 0,size=4194304]} | ret=SUCCESS |  
2019-08-30 05:17:42,131 [grpc-default-executor-5] INFO  client.GrpcClientProtocolClient (GrpcClientProtocolClient.java:onNext(255)) - client-574492D41EE7->134d4672-e322-4e4b-b7f3-5645abb0fe8c: receive RaftClientReply:client-574492D41EE7->134d4672-e322-4e4b-b7f3-5645abb0fe8c@group-3CB1DFFBCDC2, cid=1585, SUCCESS, logIndex=2266, commits[134d4672-e322-4e4b-b7f3-5645abb0fe8c:c2267, 73af84f3-3e88-4c8c-894c-3ad307bcac8d:c2263, 730a25a1-dbec-44ed-975b-a44ab0096beb:c2263]
2019-08-30 05:17:42,131 [grpc-default-executor-5] INFO  client.GrpcClientProtocolClient (GrpcClientProtocolClient.java:onNext(255)) - client-574492D41EE7->134d4672-e322-4e4b-b7f3-5645abb0fe8c: receive RaftClientReply:client-574492D41EE7->134d4672-e322-4e4b-b7f3-5645abb0fe8c@group-3CB1DFFBCDC2, cid=1586, SUCCESS, logIndex=2267, commits[134d4672-e322-4e4b-b7f3-5645abb0fe8c:c2267, 73af84f3-3e88-4c8c-894c-3ad307bcac8d:c2263, 730a25a1-dbec-44ed-975b-a44ab0096beb:c2263]
2019-08-30 05:17:42,132 | INFO  | DNAudit | user=null | ip=null | op=WRITE_CHUNK {blockData=conID: 2 locID: 102704235285709301 bcsId: 2263} | ret=SUCCESS |  
2019-08-30 05:17:42,132 | INFO  | DNAudit | user=null | ip=null | op=WRITE_CHUNK {blockData=conID: 2 locID: 102704235285709301 bcsId: 2263} | ret=SUCCESS |  
2019-08-30 05:17:42,135 | INFO  | DNAudit | user=null | ip=null | op=PUT_BLOCK {blockData=[blockId=conID: 2 locID: 102704235285709301 bcsId: 0,size=4194304]} | ret=SUCCESS |  
2019-08-30 05:17:42,135 | INFO  | DNAudit | user=null | ip=null | op=PUT_BLOCK {blockData=[blockId=conID: 2 locID: 102704235285709301 bcsId: 0,size=4194304]} | ret=SUCCESS |  
2019-08-30 05:17:42,135 [grpc-default-executor-3] INFO  client.GrpcClientProtocolClient (GrpcClientProtocolClient.java:onNext(255)) - client-574492D41EE7->134d4672-e322-4e4b-b7f3-5645abb0fe8c: receive RaftClientReply:client-574492D41EE7->134d4672-e322-4e4b-b7f3-5645abb0fe8c@group-3CB1DFFBCDC2, cid=1587, SUCCESS, logIndex=0, commits[134d4672-e322-4e4b-b7f3-5645abb0fe8c:c2269, 73af84f3-3e88-4c8c-894c-3ad307bcac8d:c2267, 730a25a1-dbec-44ed-975b-a44ab0096beb:c2267]
2019-08-30 05:17:42,140 | INFO  | SCMAudit | user=jenkins1000 | ip=192.168.36.106 | op=ALLOCATE_BLOCK {owner=85755eb5-052d-48fa-b271-2fe4d8754e12, size=4194304, type=RATIS, factor=THREE} | ret=SUCCESS |  
2019-08-30 05:17:42,142 | INFO  | OMAudit | user=jenkins1000 | ip=127.0.0.1 | op=ALLOCATE_BLOCK {volume=vol-0-00977, bucket=bucket-0-44205, key=key-0-32850, dataSize=0, replicationType=null, replicationFactor=null, keyLocationInfo=null, clientID=102704234570776978} | ret=SUCCESS |  
2019-08-30 05:17:42,148 | INFO  | DNAudit | user=null | ip=null | op=WRITE_CHUNK {blockData=conID: 3 locID: 102704235291607542 bcsId: 0} | ret=SUCCESS |  
2019-08-30 05:17:42,151 | INFO  | DNAudit | user=null | ip=null | op=WRITE_CHUNK {blockData=conID: 3 locID: 102704235291607542 bcsId: 0} | ret=SUCCESS |  
2019-08-30 05:17:42,151 | INFO  | DNAudit | user=null | ip=null | op=WRITE_CHUNK {blockData=conID: 3 locID: 102704235291607542 bcsId: 0} | ret=SUCCESS |  
2019-08-30 05:17:42,151 | INFO  | DNAudit | user=null | ip=null | op=WRITE_CHUNK {blockData=conID: 3 locID: 102704235291607542 bcsId: 0} | ret=SUCCESS |  
2019-08-30 05:17:42,152 | INFO  | DNAudit | user=null | ip=null | op=WRITE_CHUNK {blockData=conID: 3 locID: 102704235291607542 bcsId: 0} | ret=SUCCESS |  
2019-08-30 05:17:42,153 | INFO  | DNAudit | user=null | ip=null | op=WRITE_CHUNK {blockData=conID: 3 locID: 102704235291607542 bcsId: 0} | ret=SUCCESS |  
2019-08-30 05:17:42,161 | INFO  | DNAudit | user=null | ip=null | op=WRITE_CHUNK {blockData=conID: 3 locID: 102704235291607542 bcsId: 0} | ret=SUCCESS |  
2019-08-30 05:17:42,162 | INFO  | DNAudit | user=null | ip=null | op=PUT_BLOCK {blockData=[blockId=conID: 3 locID: 102704235291607542 bcsId: 0,size=1048576]} | ret=SUCCESS |  
2019-08-30 05:17:42,162 [grpc-default-executor-5] INFO  client.GrpcClientProtocolClient (GrpcClientProtocolClient.java:onNext(255)) - client-574492D41EE7->134d4672-e322-4e4b-b7f3-5645abb0fe8c: receive RaftClientReply:client-574492D41EE7->134d4672-e322-4e4b-b7f3-5645abb0fe8c@group-3CB1DFFBCDC2, cid=1588, SUCCESS, logIndex=2270, commits[134d4672-e322-4e4b-b7f3-5645abb0fe8c:c2273, 73af84f3-3e88-4c8c-894c-3ad307bcac8d:c2269, 730a25a1-dbec-44ed-975b-a44ab0096beb:c2269]
2019-08-30 05:17:42,162 | INFO  | DNAudit | user=null | ip=null | op=WRITE_CHUNK {blockData=conID: 3 locID: 102704235291607542 bcsId: 0} | ret=SUCCESS |  
2019-08-30 05:17:42,162 [grpc-default-executor-5] INFO  client.GrpcClientProtocolClient (GrpcClientProtocolClient.java:onNext(255)) - client-574492D41EE7->134d4672-e322-4e4b-b7f3-5645abb0fe8c: receive RaftClientReply:client-574492D41EE7->134d4672-e322-4e4b-b7f3-5645abb0fe8c@group-3CB1DFFBCDC2, cid=1589, SUCCESS, logIndex=2271, commits[134d4672-e322-4e4b-b7f3-5645abb0fe8c:c2273, 73af84f3-3e88-4c8c-894c-3ad307bcac8d:c2269, 730a25a1-dbec-44ed-975b-a44ab0096beb:c2269]
2019-08-30 05:17:42,162 | INFO  | DNAudit | user=null | ip=null | op=PUT_BLOCK {blockData=[blockId=conID: 3 locID: 102704235291607542 bcsId: 0,size=2097152]} | ret=SUCCESS |  
2019-08-30 05:17:42,163 [grpc-default-executor-5] INFO  client.GrpcClientProtocolClient (GrpcClientProtocolClient.java:onNext(255)) - client-574492D41EE7->134d4672-e322-4e4b-b7f3-5645abb0fe8c: receive RaftClientReply:client-574492D41EE7->134d4672-e322-4e4b-b7f3-5645abb0fe8c@group-3CB1DFFBCDC2, cid=1590, SUCCESS, logIndex=2272, commits[134d4672-e322-4e4b-b7f3-5645abb0fe8c:c2273, 73af84f3-3e88-4c8c-894c-3ad307bcac8d:c2269, 730a25a1-dbec-44ed-975b-a44ab0096beb:c2269]
2019-08-30 05:17:42,163 [grpc-default-executor-5] INFO  client.GrpcClientProtocolClient (GrpcClientProtocolClient.java:onNext(255)) - client-574492D41EE7->134d4672-e322-4e4b-b7f3-5645abb0fe8c: receive RaftClientReply:client-574492D41EE7->134d4672-e322-4e4b-b7f3-5645abb0fe8c@group-3CB1DFFBCDC2, cid=1591, SUCCESS, logIndex=2273, commits[134d4672-e322-4e4b-b7f3-5645abb0fe8c:c2273, 73af84f3-3e88-4c8c-894c-3ad307bcac8d:c2269, 730a25a1-dbec-44ed-975b-a44ab0096beb:c2269]
2019-08-30 05:17:42,164 | INFO  | DNAudit | user=null | ip=null | op=WRITE_CHUNK {blockData=conID: 3 locID: 102704235291607542 bcsId: 0} | ret=SUCCESS |  
2019-08-30 05:17:42,166 | INFO  | DNAudit | user=null | ip=null | op=WRITE_CHUNK {blockData=conID: 3 locID: 102704235291607542 bcsId: 0} | ret=SUCCESS |  
2019-08-30 05:17:42,166 | INFO  | DNAudit | user=null | ip=null | op=PUT_BLOCK {blockData=[blockId=conID: 3 locID: 102704235291607542 bcsId: 0,size=1048576]} | ret=SUCCESS |  
2019-08-30 05:17:42,166 | INFO  | DNAudit | user=null | ip=null | op=WRITE_CHUNK {blockData=conID: 3 locID: 102704235291607542 bcsId: 0} | ret=SUCCESS |  
2019-08-30 05:17:42,166 | INFO  | DNAudit | user=null | ip=null | op=PUT_BLOCK {blockData=[blockId=conID: 3 locID: 102704235291607542 bcsId: 0,size=2097152]} | ret=SUCCESS |  
2019-08-30 05:17:42,167 | INFO  | DNAudit | user=null | ip=null | op=PUT_BLOCK {blockData=[blockId=conID: 3 locID: 102704235291607542 bcsId: 0,size=1048576]} | ret=SUCCESS |  
2019-08-30 05:17:42,168 | INFO  | DNAudit | user=null | ip=null | op=WRITE_CHUNK {blockData=conID: 3 locID: 102704235291607542 bcsId: 0} | ret=SUCCESS |  
2019-08-30 05:17:42,168 | INFO  | DNAudit | user=null | ip=null | op=PUT_BLOCK {blockData=[blockId=conID: 3 locID: 102704235291607542 bcsId: 0,size=2097152]} | ret=SUCCESS |  
2019-08-30 05:17:42,168 [grpc-default-executor-5] INFO  client.GrpcClientProtocolClient (GrpcClientProtocolClient.java:onNext(255)) - client-574492D41EE7->134d4672-e322-4e4b-b7f3-5645abb0fe8c: receive RaftClientReply:client-574492D41EE7->134d4672-e322-4e4b-b7f3-5645abb0fe8c@group-3CB1DFFBCDC2, cid=1592, SUCCESS, logIndex=0, commits[134d4672-e322-4e4b-b7f3-5645abb0fe8c:c2277, 73af84f3-3e88-4c8c-894c-3ad307bcac8d:c2271, 730a25a1-dbec-44ed-975b-a44ab0096beb:c2273]
2019-08-30 05:17:42,174 | INFO  | DNAudit | user=null | ip=null | op=WRITE_CHUNK {blockData=conID: 3 locID: 102704235291607542 bcsId: 2273} | ret=SUCCESS |  
2019-08-30 05:17:42,176 | INFO  | DNAudit | user=null | ip=null | op=WRITE_CHUNK {blockData=conID: 3 locID: 102704235291607542 bcsId: 2273} | ret=SUCCESS |  
2019-08-30 05:17:42,176 | INFO  | DNAudit | user=null | ip=null | op=WRITE_CHUNK {blockData=conID: 3 locID: 102704235291607542 bcsId: 2273} | ret=SUCCESS |  
2019-08-30 05:17:42,185 | INFO  | DNAudit | user=null | ip=null | op=WRITE_CHUNK {blockData=conID: 3 locID: 102704235291607542 bcsId: 2273} | ret=SUCCESS |  
2019-08-30 05:17:42,186 | INFO  | DNAudit | user=null | ip=null | op=PUT_BLOCK {blockData=[blockId=conID: 3 locID: 102704235291607542 bcsId: 0,size=3145728]} | ret=SUCCESS |  
2019-08-30 05:17:42,186 [grpc-default-executor-5] INFO  client.GrpcClientProtocolClient (GrpcClientProtocolClient.java:onNext(255)) - client-574492D41EE7->134d4672-e322-4e4b-b7f3-5645abb0fe8c: receive RaftClientReply:client-574492D41EE7->134d4672-e322-4e4b-b7f3-5645abb0fe8c@group-3CB1DFFBCDC2, cid=1593, SUCCESS, logIndex=2278, commits[134d4672-e322-4e4b-b7f3-5645abb0fe8c:c2279, 73af84f3-3e88-4c8c-894c-3ad307bcac8d:c2277, 730a25a1-dbec-44ed-975b-a44ab0096beb:c2277]
2019-08-30 05:17:42,186 [grpc-default-executor-5] INFO  client.GrpcClientProtocolClient (GrpcClientProtocolClient.java:onNext(255)) - client-574492D41EE7->134d4672-e322-4e4b-b7f3-5645abb0fe8c: receive RaftClientReply:client-574492D41EE7->134d4672-e322-4e4b-b7f3-5645abb0fe8c@group-3CB1DFFBCDC2, cid=1594, SUCCESS, logIndex=2279, commits[134d4672-e322-4e4b-b7f3-5645abb0fe8c:c2279, 73af84f3-3e88-4c8c-894c-3ad307bcac8d:c2277, 730a25a1-dbec-44ed-975b-a44ab0096beb:c2277]
2019-08-30 05:17:42,191 | INFO  | DNAudit | user=null | ip=null | op=WRITE_CHUNK {blockData=conID: 3 locID: 102704235291607542 bcsId: 2279} | ret=SUCCESS |  
2019-08-30 05:17:42,194 | INFO  | DNAudit | user=null | ip=null | op=WRITE_CHUNK {blockData=conID: 3 locID: 102704235291607542 bcsId: 2279} | ret=SUCCESS |  
2019-08-30 05:17:42,194 | INFO  | DNAudit | user=null | ip=null | op=WRITE_CHUNK {blockData=conID: 3 locID: 102704235291607542 bcsId: 2279} | ret=SUCCESS |  
2019-08-30 05:17:42,195 | INFO  | DNAudit | user=null | ip=null | op=WRITE_CHUNK {blockData=conID: 3 locID: 102704235291607542 bcsId: 2273} | ret=SUCCESS |  
2019-08-30 05:17:42,195 | INFO  | DNAudit | user=null | ip=null | op=WRITE_CHUNK {blockData=conID: 3 locID: 102704235291607542 bcsId: 2273} | ret=SUCCESS |  
2019-08-30 05:17:42,198 | INFO  | DNAudit | user=null | ip=null | op=PUT_BLOCK {blockData=[blockId=conID: 3 locID: 102704235291607542 bcsId: 0,size=3145728]} | ret=SUCCESS |  
2019-08-30 05:17:42,198 | INFO  | DNAudit | user=null | ip=null | op=PUT_BLOCK {blockData=[blockId=conID: 3 locID: 102704235291607542 bcsId: 0,size=3145728]} | ret=SUCCESS |  
2019-08-30 05:17:42,198 | INFO  | DNAudit | user=null | ip=null | op=WRITE_CHUNK {blockData=conID: 3 locID: 102704235291607542 bcsId: 2279} | ret=SUCCESS |  
2019-08-30 05:17:42,199 | INFO  | DNAudit | user=null | ip=null | op=PUT_BLOCK {blockData=[blockId=conID: 3 locID: 102704235291607542 bcsId: 0,size=4194304]} | ret=SUCCESS |  
2019-08-30 05:17:42,199 [grpc-default-executor-3] INFO  client.GrpcClientProtocolClient (GrpcClientProtocolClient.java:onNext(255)) - client-574492D41EE7->134d4672-e322-4e4b-b7f3-5645abb0fe8c: receive RaftClientReply:client-574492D41EE7->134d4672-e322-4e4b-b7f3-5645abb0fe8c@group-3CB1DFFBCDC2, cid=1595, SUCCESS, logIndex=2282, commits[134d4672-e322-4e4b-b7f3-5645abb0fe8c:c2283, 73af84f3-3e88-4c8c-894c-3ad307bcac8d:c2279, 730a25a1-dbec-44ed-975b-a44ab0096beb:c2279]
2019-08-30 05:17:42,199 [grpc-default-executor-3] INFO  client.GrpcClientProtocolClient (GrpcClientProtocolClient.java:onNext(255)) - client-574492D41EE7->134d4672-e322-4e4b-b7f3-5645abb0fe8c: receive RaftClientReply:client-574492D41EE7->134d4672-e322-4e4b-b7f3-5645abb0fe8c@group-3CB1DFFBCDC2, cid=1596, SUCCESS, logIndex=2283, commits[134d4672-e322-4e4b-b7f3-5645abb0fe8c:c2283, 73af84f3-3e88-4c8c-894c-3ad307bcac8d:c2279, 730a25a1-dbec-44ed-975b-a44ab0096beb:c2279]
2019-08-30 05:17:42,216 | INFO  | DNAudit | user=null | ip=null | op=WRITE_CHUNK {blockData=conID: 3 locID: 102704235291607542 bcsId: 2279} | ret=SUCCESS |  
2019-08-30 05:17:42,216 | INFO  | DNAudit | user=null | ip=null | op=WRITE_CHUNK {blockData=conID: 3 locID: 102704235291607542 bcsId: 2279} | ret=SUCCESS |  
2019-08-30 05:17:42,217 | INFO  | DNAudit | user=null | ip=null | op=PUT_BLOCK {blockData=[blockId=conID: 3 locID: 102704235291607542 bcsId: 0,size=4194304]} | ret=SUCCESS |  
2019-08-30 05:17:42,217 | INFO  | DNAudit | user=null | ip=null | op=PUT_BLOCK {blockData=[blockId=conID: 3 locID: 102704235291607542 bcsId: 0,size=4194304]} | ret=SUCCESS |  
2019-08-30 05:17:42,218 [grpc-default-executor-3] INFO  client.GrpcClientProtocolClient (GrpcClientProtocolClient.java:onNext(255)) - client-574492D41EE7->134d4672-e322-4e4b-b7f3-5645abb0fe8c: receive RaftClientReply:client-574492D41EE7->134d4672-e322-4e4b-b7f3-5645abb0fe8c@group-3CB1DFFBCDC2, cid=1597, SUCCESS, logIndex=0, commits[134d4672-e322-4e4b-b7f3-5645abb0fe8c:c2285, 73af84f3-3e88-4c8c-894c-3ad307bcac8d:c2283, 730a25a1-dbec-44ed-975b-a44ab0096beb:c2283]
2019-08-30 05:17:42,224 | INFO  | SCMAudit | user=jenkins1000 | ip=192.168.36.106 | op=ALLOCATE_BLOCK {owner=85755eb5-052d-48fa-b271-2fe4d8754e12, size=4194304, type=RATIS, factor=THREE} | ret=SUCCESS |  
2019-08-30 05:17:42,228 | INFO  | OMAudit | user=jenkins1000 | ip=127.0.0.1 | op=ALLOCATE_BLOCK {volume=vol-0-00977, bucket=bucket-0-44205, key=key-0-32850, dataSize=0, replicationType=null, replicationFactor=null, keyLocationInfo=null, clientID=102704234570776978} | ret=SUCCESS |  
2019-08-30 05:17:42,238 | INFO  | DNAudit | user=null | ip=null | op=WRITE_CHUNK {blockData=conID: 1 locID: 102704235297112567 bcsId: 0} | ret=SUCCESS |  
2019-08-30 05:17:42,240 | INFO  | DNAudit | user=null | ip=null | op=WRITE_CHUNK {blockData=conID: 1 locID: 102704235297112567 bcsId: 0} | ret=SUCCESS |  
2019-08-30 05:17:42,241 | INFO  | DNAudit | user=null | ip=null | op=WRITE_CHUNK {blockData=conID: 1 locID: 102704235297112567 bcsId: 0} | ret=SUCCESS |  
2019-08-30 05:17:42,243 | INFO  | DNAudit | user=null | ip=null | op=WRITE_CHUNK {blockData=conID: 1 locID: 102704235297112567 bcsId: 0} | ret=SUCCESS |  
2019-08-30 05:17:42,244 | INFO  | DNAudit | user=null | ip=null | op=WRITE_CHUNK {blockData=conID: 1 locID: 102704235297112567 bcsId: 0} | ret=SUCCESS |  
2019-08-30 05:17:42,244 | INFO  | DNAudit | user=null | ip=null | op=WRITE_CHUNK {blockData=conID: 1 locID: 102704235297112567 bcsId: 0} | ret=SUCCESS |  
2019-08-30 05:17:42,251 | INFO  | DNAudit | user=null | ip=null | op=WRITE_CHUNK {blockData=conID: 1 locID: 102704235297112567 bcsId: 0} | ret=SUCCESS |  
2019-08-30 05:17:42,251 | INFO  | DNAudit | user=null | ip=null | op=PUT_BLOCK {blockData=[blockId=conID: 1 locID: 102704235297112567 bcsId: 0,size=1048576]} | ret=SUCCESS |  
2019-08-30 05:17:42,252 | INFO  | DNAudit | user=null | ip=null | op=WRITE_CHUNK {blockData=conID: 1 locID: 102704235297112567 bcsId: 0} | ret=SUCCESS |  
2019-08-30 05:17:42,252 [grpc-default-executor-6] INFO  client.GrpcClientProtocolClient (GrpcClientProtocolClient.java:onNext(255)) - client-574492D41EE7->134d4672-e322-4e4b-b7f3-5645abb0fe8c: receive RaftClientReply:client-574492D41EE7->134d4672-e322-4e4b-b7f3-5645abb0fe8c@group-3CB1DFFBCDC2, cid=1598, SUCCESS, logIndex=2286, commits[134d4672-e322-4e4b-b7f3-5645abb0fe8c:c2287, 73af84f3-3e88-4c8c-894c-3ad307bcac8d:c2285, 730a25a1-dbec-44ed-975b-a44ab0096beb:c2285]
2019-08-30 05:17:42,252 | INFO  | DNAudit | user=null | ip=null | op=PUT_BLOCK {blockData=[blockId=conID: 1 locID: 102704235297112567 bcsId: 0,size=2097152]} | ret=SUCCESS |  
2019-08-30 05:17:42,252 [grpc-default-executor-6] INFO  client.GrpcClientProtocolClient (GrpcClientProtocolClient.java:onNext(255)) - client-574492D41EE7->134d4672-e322-4e4b-b7f3-5645abb0fe8c: receive RaftClientReply:client-574492D41EE7->134d4672-e322-4e4b-b7f3-5645abb0fe8c@group-3CB1DFFBCDC2, cid=1599, SUCCESS, logIndex=2287, commits[134d4672-e322-4e4b-b7f3-5645abb0fe8c:c2289, 73af84f3-3e88-4c8c-894c-3ad307bcac8d:c2285, 730a25a1-dbec-44ed-975b-a44ab0096beb:c2285]
2019-08-30 05:17:42,252 [grpc-default-executor-6] INFO  client.GrpcClientProtocolClient (GrpcClientProtocolClient.java:onNext(255)) - client-574492D41EE7->134d4672-e322-4e4b-b7f3-5645abb0fe8c: receive RaftClientReply:client-574492D41EE7->134d4672-e322-4e4b-b7f3-5645abb0fe8c@group-3CB1DFFBCDC2, cid=1600, SUCCESS, logIndex=2288, commits[134d4672-e322-4e4b-b7f3-5645abb0fe8c:c2289, 73af84f3-3e88-4c8c-894c-3ad307bcac8d:c2285, 730a25a1-dbec-44ed-975b-a44ab0096beb:c2285]
2019-08-30 05:17:42,253 [grpc-default-executor-6] INFO  client.GrpcClientProtocolClient (GrpcClientProtocolClient.java:onNext(255)) - client-574492D41EE7->134d4672-e322-4e4b-b7f3-5645abb0fe8c: receive RaftClientReply:client-574492D41EE7->134d4672-e322-4e4b-b7f3-5645abb0fe8c@group-3CB1DFFBCDC2, cid=1601, SUCCESS, logIndex=2289, commits[134d4672-e322-4e4b-b7f3-5645abb0fe8c:c2289, 73af84f3-3e88-4c8c-894c-3ad307bcac8d:c2285, 730a25a1-dbec-44ed-975b-a44ab0096beb:c2285]
2019-08-30 05:17:42,255 | INFO  | SCMAudit | user=jenkins1000 | ip=192.168.36.106 | op=SEND_HEARTBEAT {datanodeUUID=134d4672-e322-4e4b-b7f3-5645abb0fe8c, command=[]} | ret=SUCCESS |  
2019-08-30 05:17:42,264 | INFO  | DNAudit | user=null | ip=null | op=WRITE_CHUNK {blockData=conID: 1 locID: 102704235297112567 bcsId: 0} | ret=SUCCESS |  
2019-08-30 05:17:42,265 | INFO  | DNAudit | user=null | ip=null | op=PUT_BLOCK {blockData=[blockId=conID: 1 locID: 102704235297112567 bcsId: 0,size=1048576]} | ret=SUCCESS |  
2019-08-30 05:17:42,265 | INFO  | DNAudit | user=null | ip=null | op=WRITE_CHUNK {blockData=conID: 1 locID: 102704235297112567 bcsId: 0} | ret=SUCCESS |  
2019-08-30 05:17:42,265 | INFO  | DNAudit | user=null | ip=null | op=PUT_BLOCK {blockData=[blockId=conID: 1 locID: 102704235297112567 bcsId: 0,size=1048576]} | ret=SUCCESS |  
2019-08-30 05:17:42,265 | INFO  | DNAudit | user=null | ip=null | op=WRITE_CHUNK {blockData=conID: 1 locID: 102704235297112567 bcsId: 0} | ret=SUCCESS |  
2019-08-30 05:17:42,265 | INFO  | DNAudit | user=null | ip=null | op=WRITE_CHUNK {blockData=conID: 1 locID: 102704235297112567 bcsId: 0} | ret=SUCCESS |  
2019-08-30 05:17:42,265 | INFO  | DNAudit | user=null | ip=null | op=PUT_BLOCK {blockData=[blockId=conID: 1 locID: 102704235297112567 bcsId: 0,size=2097152]} | ret=SUCCESS |  
2019-08-30 05:17:42,265 [grpc-default-executor-6] INFO  client.GrpcClientProtocolClient (GrpcClientProtocolClient.java:onNext(255)) - client-574492D41EE7->134d4672-e322-4e4b-b7f3-5645abb0fe8c: receive RaftClientReply:client-574492D41EE7->134d4672-e322-4e4b-b7f3-5645abb0fe8c@group-3CB1DFFBCDC2, cid=1602, SUCCESS, logIndex=0, commits[134d4672-e322-4e4b-b7f3-5645abb0fe8c:c2291, 73af84f3-3e88-4c8c-894c-3ad307bcac8d:c2287, 730a25a1-dbec-44ed-975b-a44ab0096beb:c2287]
2019-08-30 05:17:42,266 | INFO  | DNAudit | user=null | ip=null | op=PUT_BLOCK {blockData=[blockId=conID: 1 locID: 102704235297112567 bcsId: 0,size=2097152]} | ret=SUCCESS |  
2019-08-30 05:17:42,271 | INFO  | DNAudit | user=null | ip=null | op=WRITE_CHUNK {blockData=conID: 1 locID: 102704235297112567 bcsId: 2289} | ret=SUCCESS |  
2019-08-30 05:17:42,273 | INFO  | DNAudit | user=null | ip=null | op=WRITE_CHUNK {blockData=conID: 1 locID: 102704235297112567 bcsId: 2289} | ret=SUCCESS |  
2019-08-30 05:17:42,273 | INFO  | DNAudit | user=null | ip=null | op=WRITE_CHUNK {blockData=conID: 1 locID: 102704235297112567 bcsId: 2289} | ret=SUCCESS |  
2019-08-30 05:17:42,280 | INFO  | SCMAudit | user=jenkins1000 | ip=192.168.36.106 | op=SEND_HEARTBEAT {datanodeUUID=ea5d4b6b-4a08-401a-8c59-ecc1ca37daf5, command=[]} | ret=SUCCESS |  
 0.00% |█                                                                                                    |  0/1 Time: 0:00:112019-08-30 05:17:42,285 | INFO  | DNAudit | user=null | ip=null | op=WRITE_CHUNK {blockData=conID: 1 locID: 102704235297112567 bcsId: 2289} | ret=SUCCESS |  
2019-08-30 05:17:42,285 | INFO  | DNAudit | user=null | ip=null | op=PUT_BLOCK {blockData=[blockId=conID: 1 locID: 102704235297112567 bcsId: 0,size=3145728]} | ret=SUCCESS |  
2019-08-30 05:17:42,285 [grpc-default-executor-5] INFO  client.GrpcClientProtocolClient (GrpcClientProtocolClient.java:onNext(255)) - client-574492D41EE7->134d4672-e322-4e4b-b7f3-5645abb0fe8c: receive RaftClientReply:client-574492D41EE7->134d4672-e322-4e4b-b7f3-5645abb0fe8c@group-3CB1DFFBCDC2, cid=1603, SUCCESS, logIndex=2294, commits[134d4672-e322-4e4b-b7f3-5645abb0fe8c:c2295, 73af84f3-3e88-4c8c-894c-3ad307bcac8d:c2293, 730a25a1-dbec-44ed-975b-a44ab0096beb:c2293]
2019-08-30 05:17:42,286 [grpc-default-executor-5] INFO  client.GrpcClientProtocolClient (GrpcClientProtocolClient.java:onNext(255)) - client-574492D41EE7->134d4672-e322-4e4b-b7f3-5645abb0fe8c: receive RaftClientReply:client-574492D41EE7->134d4672-e322-4e4b-b7f3-5645abb0fe8c@group-3CB1DFFBCDC2, cid=1604, SUCCESS, logIndex=2295, commits[134d4672-e322-4e4b-b7f3-5645abb0fe8c:c2295, 73af84f3-3e88-4c8c-894c-3ad307bcac8d:c2293, 730a25a1-dbec-44ed-975b-a44ab0096beb:c2293]
2019-08-30 05:17:42,292 | INFO  | DNAudit | user=null | ip=null | op=WRITE_CHUNK {blockData=conID: 1 locID: 102704235297112567 bcsId: 2295} | ret=SUCCESS |  
2019-08-30 05:17:42,293 | INFO  | DNAudit | user=null | ip=null | op=WRITE_CHUNK {blockData=conID: 1 locID: 102704235297112567 bcsId: 2295} | ret=SUCCESS |  
2019-08-30 05:17:42,294 | INFO  | DNAudit | user=null | ip=null | op=WRITE_CHUNK {blockData=conID: 1 locID: 102704235297112567 bcsId: 2295} | ret=SUCCESS |  
2019-08-30 05:17:42,296 | INFO  | DNAudit | user=null | ip=null | op=WRITE_CHUNK {blockData=conID: 1 locID: 102704235297112567 bcsId: 2289} | ret=SUCCESS |  
2019-08-30 05:17:42,296 | INFO  | DNAudit | user=null | ip=null | op=WRITE_CHUNK {blockData=conID: 1 locID: 102704235297112567 bcsId: 2289} | ret=SUCCESS |  
2019-08-30 05:17:42,296 | INFO  | DNAudit | user=null | ip=null | op=PUT_BLOCK {blockData=[blockId=conID: 1 locID: 102704235297112567 bcsId: 0,size=3145728]} | ret=SUCCESS |  
2019-08-30 05:17:42,297 | INFO  | DNAudit | user=null | ip=null | op=PUT_BLOCK {blockData=[blockId=conID: 1 locID: 102704235297112567 bcsId: 0,size=3145728]} | ret=SUCCESS |  
2019-08-30 05:17:42,299 | INFO  | DNAudit | user=null | ip=null | op=WRITE_CHUNK {blockData=conID: 1 locID: 102704235297112567 bcsId: 2295} | ret=SUCCESS |  
2019-08-30 05:17:42,299 | INFO  | DNAudit | user=null | ip=null | op=PUT_BLOCK {blockData=[blockId=conID: 1 locID: 102704235297112567 bcsId: 0,size=4194304]} | ret=SUCCESS |  
2019-08-30 05:17:42,300 [grpc-default-executor-6] INFO  client.GrpcClientProtocolClient (GrpcClientProtocolClient.java:onNext(255)) - client-574492D41EE7->134d4672-e322-4e4b-b7f3-5645abb0fe8c: receive RaftClientReply:client-574492D41EE7->134d4672-e322-4e4b-b7f3-5645abb0fe8c@group-3CB1DFFBCDC2, cid=1605, SUCCESS, logIndex=2298, commits[134d4672-e322-4e4b-b7f3-5645abb0fe8c:c2299, 73af84f3-3e88-4c8c-894c-3ad307bcac8d:c2295, 730a25a1-dbec-44ed-975b-a44ab0096beb:c2295]
2019-08-30 05:17:42,300 [grpc-default-executor-6] INFO  client.GrpcClientProtocolClient (GrpcClientProtocolClient.java:onNext(255)) - client-574492D41EE7->134d4672-e322-4e4b-b7f3-5645abb0fe8c: receive RaftClientReply:client-574492D41EE7->134d4672-e322-4e4b-b7f3-5645abb0fe8c@group-3CB1DFFBCDC2, cid=1606, SUCCESS, logIndex=2299, commits[134d4672-e322-4e4b-b7f3-5645abb0fe8c:c2299, 73af84f3-3e88-4c8c-894c-3ad307bcac8d:c2295, 730a25a1-dbec-44ed-975b-a44ab0096beb:c2295]
2019-08-30 05:17:42,311 | INFO  | DNAudit | user=null | ip=null | op=WRITE_CHUNK {blockData=conID: 1 locID: 102704235297112567 bcsId: 2295} | ret=SUCCESS |  
2019-08-30 05:17:42,311 | INFO  | DNAudit | user=null | ip=null | op=WRITE_CHUNK {blockData=conID: 1 locID: 102704235297112567 bcsId: 2295} | ret=SUCCESS |  
2019-08-30 05:17:42,314 | INFO  | DNAudit | user=null | ip=null | op=PUT_BLOCK {blockData=[blockId=conID: 1 locID: 102704235297112567 bcsId: 0,size=4194304]} | ret=SUCCESS |  
2019-08-30 05:17:42,314 | INFO  | DNAudit | user=null | ip=null | op=PUT_BLOCK {blockData=[blockId=conID: 1 locID: 102704235297112567 bcsId: 0,size=4194304]} | ret=SUCCESS |  
2019-08-30 05:17:42,314 [grpc-default-executor-6] INFO  client.GrpcClientProtocolClient (GrpcClientProtocolClient.java:onNext(255)) - client-574492D41EE7->134d4672-e322-4e4b-b7f3-5645abb0fe8c: receive RaftClientReply:client-574492D41EE7->134d4672-e322-4e4b-b7f3-5645abb0fe8c@group-3CB1DFFBCDC2, cid=1607, SUCCESS, logIndex=0, commits[134d4672-e322-4e4b-b7f3-5645abb0fe8c:c2301, 73af84f3-3e88-4c8c-894c-3ad307bcac8d:c2299, 730a25a1-dbec-44ed-975b-a44ab0096beb:c2299]
2019-08-30 05:17:42,319 | INFO  | SCMAudit | user=jenkins1000 | ip=192.168.36.106 | op=ALLOCATE_BLOCK {owner=85755eb5-052d-48fa-b271-2fe4d8754e12, size=4194304, type=RATIS, factor=THREE} | ret=SUCCESS |  
2019-08-30 05:17:42,321 | INFO  | OMAudit | user=jenkins1000 | ip=127.0.0.1 | op=ALLOCATE_BLOCK {volume=vol-0-00977, bucket=bucket-0-44205, key=key-0-32850, dataSize=0, replicationType=null, replicationFactor=null, keyLocationInfo=null, clientID=102704234570776978} | ret=SUCCESS |  
2019-08-30 05:17:42,327 | INFO  | DNAudit | user=null | ip=null | op=WRITE_CHUNK {blockData=conID: 2 locID: 102704235303272952 bcsId: 0} | ret=SUCCESS |  
2019-08-30 05:17:42,329 | INFO  | DNAudit | user=null | ip=null | op=WRITE_CHUNK {blockData=conID: 2 locID: 102704235303272952 bcsId: 0} | ret=SUCCESS |  
2019-08-30 05:17:42,329 | INFO  | DNAudit | user=null | ip=null | op=WRITE_CHUNK {blockData=conID: 2 locID: 102704235303272952 bcsId: 0} | ret=SUCCESS |  
2019-08-30 05:17:42,330 | INFO  | DNAudit | user=null | ip=null | op=WRITE_CHUNK {blockData=conID: 2 locID: 102704235303272952 bcsId: 0} | ret=SUCCESS |  
2019-08-30 05:17:42,331 | INFO  | DNAudit | user=null | ip=null | op=WRITE_CHUNK {blockData=conID: 2 locID: 102704235303272952 bcsId: 0} | ret=SUCCESS |  
2019-08-30 05:17:42,332 | INFO  | DNAudit | user=null | ip=null | op=WRITE_CHUNK {blockData=conID: 2 locID: 102704235303272952 bcsId: 0} | ret=SUCCESS |  
2019-08-30 05:17:42,344 | INFO  | DNAudit | user=null | ip=null | op=WRITE_CHUNK {blockData=conID: 2 locID: 102704235303272952 bcsId: 0} | ret=SUCCESS |  
2019-08-30 05:17:42,344 | INFO  | DNAudit | user=null | ip=null | op=PUT_BLOCK {blockData=[blockId=conID: 2 locID: 102704235303272952 bcsId: 0,size=1048576]} | ret=SUCCESS |  
2019-08-30 05:17:42,344 [grpc-default-executor-3] INFO  client.GrpcClientProtocolClient (GrpcClientProtocolClient.java:onNext(255)) - client-574492D41EE7->134d4672-e322-4e4b-b7f3-5645abb0fe8c: receive RaftClientReply:client-574492D41EE7->134d4672-e322-4e4b-b7f3-5645abb0fe8c@group-3CB1DFFBCDC2, cid=1608, SUCCESS, logIndex=2302, commits[134d4672-e322-4e4b-b7f3-5645abb0fe8c:c2305, 73af84f3-3e88-4c8c-894c-3ad307bcac8d:c2301, 730a25a1-dbec-44ed-975b-a44ab0096beb:c2301]
2019-08-30 05:17:42,345 | INFO  | DNAudit | user=null | ip=null | op=WRITE_CHUNK {blockData=conID: 2 locID: 102704235303272952 bcsId: 0} | ret=SUCCESS |  
2019-08-30 05:17:42,345 [grpc-default-executor-3] INFO  client.GrpcClientProtocolClient (GrpcClientProtocolClient.java:onNext(255)) - client-574492D41EE7->134d4672-e322-4e4b-b7f3-5645abb0fe8c: receive RaftClientReply:client-574492D41EE7->134d4672-e322-4e4b-b7f3-5645abb0fe8c@group-3CB1DFFBCDC2, cid=1609, SUCCESS, logIndex=2303, commits[134d4672-e322-4e4b-b7f3-5645abb0fe8c:c2305, 73af84f3-3e88-4c8c-894c-3ad307bcac8d:c2301, 730a25a1-dbec-44ed-975b-a44ab0096beb:c2301]
2019-08-30 05:17:42,345 | INFO  | DNAudit | user=null | ip=null | op=PUT_BLOCK {blockData=[blockId=conID: 2 locID: 102704235303272952 bcsId: 0,size=2097152]} | ret=SUCCESS |  
2019-08-30 05:17:42,345 [grpc-default-executor-3] INFO  client.GrpcClientProtocolClient (GrpcClientProtocolClient.java:onNext(255)) - client-574492D41EE7->134d4672-e322-4e4b-b7f3-5645abb0fe8c: receive RaftClientReply:client-574492D41EE7->134d4672-e322-4e4b-b7f3-5645abb0fe8c@group-3CB1DFFBCDC2, cid=1610, SUCCESS, logIndex=2304, commits[134d4672-e322-4e4b-b7f3-5645abb0fe8c:c2305, 73af84f3-3e88-4c8c-894c-3ad307bcac8d:c2301, 730a25a1-dbec-44ed-975b-a44ab0096beb:c2301]
2019-08-30 05:17:42,345 [grpc-default-executor-3] INFO  client.GrpcClientProtocolClient (GrpcClientProtocolClient.java:onNext(255)) - client-574492D41EE7->134d4672-e322-4e4b-b7f3-5645abb0fe8c: receive RaftClientReply:client-574492D41EE7->134d4672-e322-4e4b-b7f3-5645abb0fe8c@group-3CB1DFFBCDC2, cid=1611, SUCCESS, logIndex=2305, commits[134d4672-e322-4e4b-b7f3-5645abb0fe8c:c2305, 73af84f3-3e88-4c8c-894c-3ad307bcac8d:c2301, 730a25a1-dbec-44ed-975b-a44ab0096beb:c2301]
2019-08-30 05:17:42,355 | INFO  | DNAudit | user=null | ip=null | op=WRITE_CHUNK {blockData=conID: 2 locID: 102704235303272952 bcsId: 0} | ret=SUCCESS |  
2019-08-30 05:17:42,356 | INFO  | DNAudit | user=null | ip=null | op=WRITE_CHUNK {blockData=conID: 2 locID: 102704235303272952 bcsId: 0} | ret=SUCCESS |  
2019-08-30 05:17:42,356 | INFO  | DNAudit | user=null | ip=null | op=PUT_BLOCK {blockData=[blockId=conID: 2 locID: 102704235303272952 bcsId: 0,size=1048576]} | ret=SUCCESS |  
2019-08-30 05:17:42,356 | INFO  | DNAudit | user=null | ip=null | op=WRITE_CHUNK {blockData=conID: 2 locID: 102704235303272952 bcsId: 0} | ret=SUCCESS |  
2019-08-30 05:17:42,356 | INFO  | DNAudit | user=null | ip=null | op=PUT_BLOCK {blockData=[blockId=conID: 2 locID: 102704235303272952 bcsId: 0,size=2097152]} | ret=SUCCESS |  
2019-08-30 05:17:42,358 | INFO  | DNAudit | user=null | ip=null | op=PUT_BLOCK {blockData=[blockId=conID: 2 locID: 102704235303272952 bcsId: 0,size=1048576]} | ret=SUCCESS |  
2019-08-30 05:17:42,358 | INFO  | DNAudit | user=null | ip=null | op=WRITE_CHUNK {blockData=conID: 2 locID: 102704235303272952 bcsId: 0} | ret=SUCCESS |  
2019-08-30 05:17:42,358 [grpc-default-executor-3] INFO  client.GrpcClientProtocolClient (GrpcClientProtocolClient.java:onNext(255)) - client-574492D41EE7->134d4672-e322-4e4b-b7f3-5645abb0fe8c: receive RaftClientReply:client-574492D41EE7->134d4672-e322-4e4b-b7f3-5645abb0fe8c@group-3CB1DFFBCDC2, cid=1612, SUCCESS, logIndex=0, commits[134d4672-e322-4e4b-b7f3-5645abb0fe8c:c2309, 73af84f3-3e88-4c8c-894c-3ad307bcac8d:c2303, 730a25a1-dbec-44ed-975b-a44ab0096beb:c2305]
2019-08-30 05:17:42,358 | INFO  | DNAudit | user=null | ip=null | op=PUT_BLOCK {blockData=[blockId=conID: 2 locID: 102704235303272952 bcsId: 0,size=2097152]} | ret=SUCCESS |  
2019-08-30 05:17:42,364 | INFO  | DNAudit | user=null | ip=null | op=WRITE_CHUNK {blockData=conID: 2 locID: 102704235303272952 bcsId: 2305} | ret=SUCCESS |  
2019-08-30 05:17:42,366 | INFO  | DNAudit | user=null | ip=null | op=WRITE_CHUNK {blockData=conID: 2 locID: 102704235303272952 bcsId: 2305} | ret=SUCCESS |  
2019-08-30 05:17:42,366 | INFO  | DNAudit | user=null | ip=null | op=WRITE_CHUNK {blockData=conID: 2 locID: 102704235303272952 bcsId: 2305} | ret=SUCCESS |  
2019-08-30 05:17:42,377 | INFO  | DNAudit | user=null | ip=null | op=WRITE_CHUNK {blockData=conID: 2 locID: 102704235303272952 bcsId: 2305} | ret=SUCCESS |  
2019-08-30 05:17:42,377 | INFO  | DNAudit | user=null | ip=null | op=PUT_BLOCK {blockData=[blockId=conID: 2 locID: 102704235303272952 bcsId: 0,size=3145728]} | ret=SUCCESS |  
2019-08-30 05:17:42,377 [grpc-default-executor-5] INFO  client.GrpcClientProtocolClient (GrpcClientProtocolClient.java:onNext(255)) - client-574492D41EE7->134d4672-e322-4e4b-b7f3-5645abb0fe8c: receive RaftClientReply:client-574492D41EE7->134d4672-e322-4e4b-b7f3-5645abb0fe8c@group-3CB1DFFBCDC2, cid=1613, SUCCESS, logIndex=2310, commits[134d4672-e322-4e4b-b7f3-5645abb0fe8c:c2311, 73af84f3-3e88-4c8c-894c-3ad307bcac8d:c2309, 730a25a1-dbec-44ed-975b-a44ab0096beb:c2309]
2019-08-30 05:17:42,378 [grpc-default-executor-5] INFO  client.GrpcClientProtocolClient (GrpcClientProtocolClient.java:onNext(255)) - client-574492D41EE7->134d4672-e322-4e4b-b7f3-5645abb0fe8c: receive RaftClientReply:client-574492D41EE7->134d4672-e322-4e4b-b7f3-5645abb0fe8c@group-3CB1DFFBCDC2, cid=1614, SUCCESS, logIndex=2311, commits[134d4672-e322-4e4b-b7f3-5645abb0fe8c:c2311, 73af84f3-3e88-4c8c-894c-3ad307bcac8d:c2309, 730a25a1-dbec-44ed-975b-a44ab0096beb:c2309]
2019-08-30 05:17:42,384 | INFO  | DNAudit | user=null | ip=null | op=WRITE_CHUNK {blockData=conID: 2 locID: 102704235303272952 bcsId: 2311} | ret=SUCCESS |  
2019-08-30 05:17:42,385 | INFO  | DNAudit | user=null | ip=null | op=WRITE_CHUNK {blockData=conID: 2 locID: 102704235303272952 bcsId: 2311} | ret=SUCCESS |  
2019-08-30 05:17:42,385 | INFO  | DNAudit | user=null | ip=null | op=WRITE_CHUNK {blockData=conID: 2 locID: 102704235303272952 bcsId: 2311} | ret=SUCCESS |  
2019-08-30 05:17:42,388 | INFO  | DNAudit | user=null | ip=null | op=WRITE_CHUNK {blockData=conID: 2 locID: 102704235303272952 bcsId: 2305} | ret=SUCCESS |  
2019-08-30 05:17:42,388 | INFO  | DNAudit | user=null | ip=null | op=WRITE_CHUNK {blockData=conID: 2 locID: 102704235303272952 bcsId: 2305} | ret=SUCCESS |  
2019-08-30 05:17:42,392 | INFO  | DNAudit | user=null | ip=null | op=PUT_BLOCK {blockData=[blockId=conID: 2 locID: 102704235303272952 bcsId: 0,size=3145728]} | ret=SUCCESS |  
2019-08-30 05:17:42,392 | INFO  | DNAudit | user=null | ip=null | op=PUT_BLOCK {blockData=[blockId=conID: 2 locID: 102704235303272952 bcsId: 0,size=3145728]} | ret=SUCCESS |  
2019-08-30 05:17:42,392 | INFO  | DNAudit | user=null | ip=null | op=WRITE_CHUNK {blockData=conID: 2 locID: 102704235303272952 bcsId: 2311} | ret=SUCCESS |  
2019-08-30 05:17:42,392 | INFO  | DNAudit | user=null | ip=null | op=PUT_BLOCK {blockData=[blockId=conID: 2 locID: 102704235303272952 bcsId: 0,size=4194304]} | ret=SUCCESS |  
2019-08-30 05:17:42,392 [grpc-default-executor-6] INFO  client.GrpcClientProtocolClient (GrpcClientProtocolClient.java:onNext(255)) - client-574492D41EE7->134d4672-e322-4e4b-b7f3-5645abb0fe8c: receive RaftClientReply:client-574492D41EE7->134d4672-e322-4e4b-b7f3-5645abb0fe8c@group-3CB1DFFBCDC2, cid=1615, SUCCESS, logIndex=2314, commits[134d4672-e322-4e4b-b7f3-5645abb0fe8c:c2315, 73af84f3-3e88-4c8c-894c-3ad307bcac8d:c2311, 730a25a1-dbec-44ed-975b-a44ab0096beb:c2311]
2019-08-30 05:17:42,393 [grpc-default-executor-6] INFO  client.GrpcClientProtocolClient (GrpcClientProtocolClient.java:onNext(255)) - client-574492D41EE7->134d4672-e322-4e4b-b7f3-5645abb0fe8c: receive RaftClientReply:client-574492D41EE7->134d4672-e322-4e4b-b7f3-5645abb0fe8c@group-3CB1DFFBCDC2, cid=1616, SUCCESS, logIndex=2315, commits[134d4672-e322-4e4b-b7f3-5645abb0fe8c:c2315, 73af84f3-3e88-4c8c-894c-3ad307bcac8d:c2311, 730a25a1-dbec-44ed-975b-a44ab0096beb:c2311]
2019-08-30 05:17:42,405 | INFO  | DNAudit | user=null | ip=null | op=WRITE_CHUNK {blockData=conID: 2 locID: 102704235303272952 bcsId: 2311} | ret=SUCCESS |  
2019-08-30 05:17:42,405 | INFO  | DNAudit | user=null | ip=null | op=WRITE_CHUNK {blockData=conID: 2 locID: 102704235303272952 bcsId: 2311} | ret=SUCCESS |  
2019-08-30 05:17:42,405 | INFO  | DNAudit | user=null | ip=null | op=PUT_BLOCK {blockData=[blockId=conID: 2 locID: 102704235303272952 bcsId: 0,size=4194304]} | ret=SUCCESS |  
2019-08-30 05:17:42,406 | INFO  | DNAudit | user=null | ip=null | op=PUT_BLOCK {blockData=[blockId=conID: 2 locID: 102704235303272952 bcsId: 0,size=4194304]} | ret=SUCCESS |  
2019-08-30 05:17:42,406 [grpc-default-executor-6] INFO  client.GrpcClientProtocolClient (GrpcClientProtocolClient.java:onNext(255)) - client-574492D41EE7->134d4672-e322-4e4b-b7f3-5645abb0fe8c: receive RaftClientReply:client-574492D41EE7->134d4672-e322-4e4b-b7f3-5645abb0fe8c@group-3CB1DFFBCDC2, cid=1617, SUCCESS, logIndex=0, commits[134d4672-e322-4e4b-b7f3-5645abb0fe8c:c2316, 73af84f3-3e88-4c8c-894c-3ad307bcac8d:c2315, 730a25a1-dbec-44ed-975b-a44ab0096beb:c2315]
2019-08-30 05:17:42,410 | INFO  | SCMAudit | user=jenkins1000 | ip=192.168.36.106 | op=ALLOCATE_BLOCK {owner=85755eb5-052d-48fa-b271-2fe4d8754e12, size=4194304, type=RATIS, factor=THREE} | ret=SUCCESS |  
2019-08-30 05:17:42,412 | INFO  | OMAudit | user=jenkins1000 | ip=127.0.0.1 | op=ALLOCATE_BLOCK {volume=vol-0-00977, bucket=bucket-0-44205, key=key-0-32850, dataSize=0, replicationType=null, replicationFactor=null, keyLocationInfo=null, clientID=102704234570776978} | ret=SUCCESS |  
2019-08-30 05:17:42,419 | INFO  | DNAudit | user=null | ip=null | op=WRITE_CHUNK {blockData=conID: 3 locID: 102704235309302265 bcsId: 0} | ret=SUCCESS |  
2019-08-30 05:17:42,421 | INFO  | DNAudit | user=null | ip=null | op=WRITE_CHUNK {blockData=conID: 3 locID: 102704235309302265 bcsId: 0} | ret=SUCCESS |  
2019-08-30 05:17:42,421 | INFO  | DNAudit | user=null | ip=null | op=WRITE_CHUNK {blockData=conID: 3 locID: 102704235309302265 bcsId: 0} | ret=SUCCESS |  
2019-08-30 05:17:42,421 | INFO  | DNAudit | user=null | ip=null | op=WRITE_CHUNK {blockData=conID: 3 locID: 102704235309302265 bcsId: 0} | ret=SUCCESS |  
2019-08-30 05:17:42,423 | INFO  | DNAudit | user=null | ip=null | op=WRITE_CHUNK {blockData=conID: 3 locID: 102704235309302265 bcsId: 0} | ret=SUCCESS |  
2019-08-30 05:17:42,423 | INFO  | DNAudit | user=null | ip=null | op=WRITE_CHUNK {blockData=conID: 3 locID: 102704235309302265 bcsId: 0} | ret=SUCCESS |  
2019-08-30 05:17:42,426 | INFO  | DNAudit | user=null | ip=null | op=WRITE_CHUNK {blockData=conID: 3 locID: 102704235309302265 bcsId: 0} | ret=SUCCESS |  
2019-08-30 05:17:42,427 | INFO  | DNAudit | user=null | ip=null | op=PUT_BLOCK {blockData=[blockId=conID: 3 locID: 102704235309302265 bcsId: 0,size=1048576]} | ret=SUCCESS |  
2019-08-30 05:17:42,427 | INFO  | DNAudit | user=null | ip=null | op=WRITE_CHUNK {blockData=conID: 3 locID: 102704235309302265 bcsId: 0} | ret=SUCCESS |  
2019-08-30 05:17:42,427 [grpc-default-executor-3] INFO  client.GrpcClientProtocolClient (GrpcClientProtocolClient.java:onNext(255)) - client-574492D41EE7->134d4672-e322-4e4b-b7f3-5645abb0fe8c: receive RaftClientReply:client-574492D41EE7->134d4672-e322-4e4b-b7f3-5645abb0fe8c@group-3CB1DFFBCDC2, cid=1618, SUCCESS, logIndex=2318, commits[134d4672-e322-4e4b-b7f3-5645abb0fe8c:c2319, 73af84f3-3e88-4c8c-894c-3ad307bcac8d:c2317, 730a25a1-dbec-44ed-975b-a44ab0096beb:c2317]
2019-08-30 05:17:42,427 | INFO  | DNAudit | user=null | ip=null | op=PUT_BLOCK {blockData=[blockId=conID: 3 locID: 102704235309302265 bcsId: 0,size=2097152]} | ret=SUCCESS |  
2019-08-30 05:17:42,427 [grpc-default-executor-3] INFO  client.GrpcClientProtocolClient (GrpcClientProtocolClient.java:onNext(255)) - client-574492D41EE7->134d4672-e322-4e4b-b7f3-5645abb0fe8c: receive RaftClientReply:client-574492D41EE7->134d4672-e322-4e4b-b7f3-5645abb0fe8c@group-3CB1DFFBCDC2, cid=1619, SUCCESS, logIndex=2319, commits[134d4672-e322-4e4b-b7f3-5645abb0fe8c:c2321, 73af84f3-3e88-4c8c-894c-3ad307bcac8d:c2317, 730a25a1-dbec-44ed-975b-a44ab0096beb:c2317]
2019-08-30 05:17:42,427 [grpc-default-executor-3] INFO  client.GrpcClientProtocolClient (GrpcClientProtocolClient.java:onNext(255)) - client-574492D41EE7->134d4672-e322-4e4b-b7f3-5645abb0fe8c: receive RaftClientReply:client-574492D41EE7->134d4672-e322-4e4b-b7f3-5645abb0fe8c@group-3CB1DFFBCDC2, cid=1620, SUCCESS, logIndex=2320, commits[134d4672-e322-4e4b-b7f3-5645abb0fe8c:c2321, 73af84f3-3e88-4c8c-894c-3ad307bcac8d:c2317, 730a25a1-dbec-44ed-975b-a44ab0096beb:c2317]
2019-08-30 05:17:42,428 [grpc-default-executor-3] INFO  client.GrpcClientProtocolClient (GrpcClientProtocolClient.java:onNext(255)) - client-574492D41EE7->134d4672-e322-4e4b-b7f3-5645abb0fe8c: receive RaftClientReply:client-574492D41EE7->134d4672-e322-4e4b-b7f3-5645abb0fe8c@group-3CB1DFFBCDC2, cid=1621, SUCCESS, logIndex=2321, commits[134d4672-e322-4e4b-b7f3-5645abb0fe8c:c2321, 73af84f3-3e88-4c8c-894c-3ad307bcac8d:c2317, 730a25a1-dbec-44ed-975b-a44ab0096beb:c2317]
2019-08-30 05:17:42,452 | INFO  | DNAudit | user=null | ip=null | op=WRITE_CHUNK {blockData=conID: 3 locID: 102704235309302265 bcsId: 0} | ret=SUCCESS |  
2019-08-30 05:17:42,452 | INFO  | DNAudit | user=null | ip=null | op=WRITE_CHUNK {blockData=conID: 3 locID: 102704235309302265 bcsId: 0} | ret=SUCCESS |  
2019-08-30 05:17:42,452 | INFO  | DNAudit | user=null | ip=null | op=PUT_BLOCK {blockData=[blockId=conID: 3 locID: 102704235309302265 bcsId: 0,size=1048576]} | ret=SUCCESS |  
2019-08-30 05:17:42,453 | INFO  | DNAudit | user=null | ip=null | op=WRITE_CHUNK {blockData=conID: 3 locID: 102704235309302265 bcsId: 0} | ret=SUCCESS |  
2019-08-30 05:17:42,453 | INFO  | DNAudit | user=null | ip=null | op=PUT_BLOCK {blockData=[blockId=conID: 3 locID: 102704235309302265 bcsId: 0,size=1048576]} | ret=SUCCESS |  
2019-08-30 05:17:42,453 | INFO  | DNAudit | user=null | ip=null | op=PUT_BLOCK {blockData=[blockId=conID: 3 locID: 102704235309302265 bcsId: 0,size=2097152]} | ret=SUCCESS |  
2019-08-30 05:17:42,453 | INFO  | DNAudit | user=null | ip=null | op=WRITE_CHUNK {blockData=conID: 3 locID: 102704235309302265 bcsId: 0} | ret=SUCCESS |  
2019-08-30 05:17:42,454 | INFO  | DNAudit | user=null | ip=null | op=PUT_BLOCK {blockData=[blockId=conID: 3 locID: 102704235309302265 bcsId: 0,size=2097152]} | ret=SUCCESS |  
2019-08-30 05:17:42,454 [grpc-default-executor-1] INFO  client.GrpcClientProtocolClient (GrpcClientProtocolClient.java:onNext(255)) - client-574492D41EE7->134d4672-e322-4e4b-b7f3-5645abb0fe8c: receive RaftClientReply:client-574492D41EE7->134d4672-e322-4e4b-b7f3-5645abb0fe8c@group-3CB1DFFBCDC2, cid=1622, SUCCESS, logIndex=0, commits[134d4672-e322-4e4b-b7f3-5645abb0fe8c:c2323, 73af84f3-3e88-4c8c-894c-3ad307bcac8d:c2319, 730a25a1-dbec-44ed-975b-a44ab0096beb:c2319]
2019-08-30 05:17:42,462 | INFO  | DNAudit | user=null | ip=null | op=WRITE_CHUNK {blockData=conID: 3 locID: 102704235309302265 bcsId: 2321} | ret=SUCCESS |  
2019-08-30 05:17:42,464 | INFO  | DNAudit | user=null | ip=null | op=WRITE_CHUNK {blockData=conID: 3 locID: 102704235309302265 bcsId: 2321} | ret=SUCCESS |  
2019-08-30 05:17:42,464 | INFO  | DNAudit | user=null | ip=null | op=WRITE_CHUNK {blockData=conID: 3 locID: 102704235309302265 bcsId: 2321} | ret=SUCCESS |  
2019-08-30 05:17:42,475 | INFO  | DNAudit | user=null | ip=null | op=WRITE_CHUNK {blockData=conID: 3 locID: 102704235309302265 bcsId: 2321} | ret=SUCCESS |  
2019-08-30 05:17:42,476 | INFO  | DNAudit | user=null | ip=null | op=PUT_BLOCK {blockData=[blockId=conID: 3 locID: 102704235309302265 bcsId: 0,size=3145728]} | ret=SUCCESS |  
2019-08-30 05:17:42,476 [grpc-default-executor-3] INFO  client.GrpcClientProtocolClient (GrpcClientProtocolClient.java:onNext(255)) - client-574492D41EE7->134d4672-e322-4e4b-b7f3-5645abb0fe8c: receive RaftClientReply:client-574492D41EE7->134d4672-e322-4e4b-b7f3-5645abb0fe8c@group-3CB1DFFBCDC2, cid=1623, SUCCESS, logIndex=2325, commits[134d4672-e322-4e4b-b7f3-5645abb0fe8c:c2326, 73af84f3-3e88-4c8c-894c-3ad307bcac8d:c2324, 730a25a1-dbec-44ed-975b-a44ab0096beb:c2324]
2019-08-30 05:17:42,476 [grpc-default-executor-3] INFO  client.GrpcClientProtocolClient (GrpcClientProtocolClient.java:onNext(255)) - client-574492D41EE7->134d4672-e322-4e4b-b7f3-5645abb0fe8c: receive RaftClientReply:client-574492D41EE7->134d4672-e322-4e4b-b7f3-5645abb0fe8c@group-3CB1DFFBCDC2, cid=1624, SUCCESS, logIndex=2326, commits[134d4672-e322-4e4b-b7f3-5645abb0fe8c:c2326, 73af84f3-3e88-4c8c-894c-3ad307bcac8d:c2324, 730a25a1-dbec-44ed-975b-a44ab0096beb:c2324]
2019-08-30 05:17:42,576 | INFO  | DNAudit | user=null | ip=null | op=WRITE_CHUNK {blockData=conID: 3 locID: 102704235309302265 bcsId: 2321} | ret=SUCCESS |  
2019-08-30 05:17:42,576 | INFO  | DNAudit | user=null | ip=null | op=WRITE_CHUNK {blockData=conID: 3 locID: 102704235309302265 bcsId: 2321} | ret=SUCCESS |  
2019-08-30 05:17:42,576 | INFO  | SCMAudit | user=jenkins1000 | ip=192.168.36.106 | op=SEND_HEARTBEAT {datanodeUUID=b91a4442-fd83-4a66-bee2-5c7959dbabc3, command=[]} | ret=SUCCESS |  
2019-08-30 05:17:42,578 | INFO  | DNAudit | user=null | ip=null | op=WRITE_CHUNK {blockData=conID: 3 locID: 102704235309302265 bcsId: 2326} | ret=SUCCESS |  
2019-08-30 05:17:42,581 | INFO  | DNAudit | user=null | ip=null | op=WRITE_CHUNK {blockData=conID: 3 locID: 102704235309302265 bcsId: 2326} | ret=SUCCESS |  
2019-08-30 05:17:42,581 | INFO  | DNAudit | user=null | ip=null | op=WRITE_CHUNK {blockData=conID: 3 locID: 102704235309302265 bcsId: 2326} | ret=SUCCESS |  
2019-08-30 05:17:42,588 | INFO  | DNAudit | user=null | ip=null | op=PUT_BLOCK {blockData=[blockId=conID: 3 locID: 102704235309302265 bcsId: 0,size=3145728]} | ret=SUCCESS |  
2019-08-30 05:17:42,588 | INFO  | DNAudit | user=null | ip=null | op=PUT_BLOCK {blockData=[blockId=conID: 3 locID: 102704235309302265 bcsId: 0,size=3145728]} | ret=SUCCESS |  
2019-08-30 05:17:42,591 | INFO  | DNAudit | user=null | ip=null | op=WRITE_CHUNK {blockData=conID: 3 locID: 102704235309302265 bcsId: 2326} | ret=SUCCESS |  
2019-08-30 05:17:42,592 | INFO  | DNAudit | user=null | ip=null | op=PUT_BLOCK {blockData=[blockId=conID: 3 locID: 102704235309302265 bcsId: 0,size=4194304]} | ret=SUCCESS |  
2019-08-30 05:17:42,592 [grpc-default-executor-1] INFO  client.GrpcClientProtocolClient (GrpcClientProtocolClient.java:onNext(255)) - client-574492D41EE7->134d4672-e322-4e4b-b7f3-5645abb0fe8c: receive RaftClientReply:client-574492D41EE7->134d4672-e322-4e4b-b7f3-5645abb0fe8c@group-3CB1DFFBCDC2, cid=1625, SUCCESS, logIndex=2329, commits[134d4672-e322-4e4b-b7f3-5645abb0fe8c:c2330, 73af84f3-3e88-4c8c-894c-3ad307bcac8d:c2326, 730a25a1-dbec-44ed-975b-a44ab0096beb:c2326]
2019-08-30 05:17:42,592 [grpc-default-executor-1] INFO  client.GrpcClientProtocolClient (GrpcClientProtocolClient.java:onNext(255)) - client-574492D41EE7->134d4672-e322-4e4b-b7f3-5645abb0fe8c: receive RaftClientReply:client-574492D41EE7->134d4672-e322-4e4b-b7f3-5645abb0fe8c@group-3CB1DFFBCDC2, cid=1626, SUCCESS, logIndex=2330, commits[134d4672-e322-4e4b-b7f3-5645abb0fe8c:c2330, 73af84f3-3e88-4c8c-894c-3ad307bcac8d:c2326, 730a25a1-dbec-44ed-975b-a44ab0096beb:c2326]
2019-08-30 05:17:42,602 | INFO  | DNAudit | user=null | ip=null | op=WRITE_CHUNK {blockData=conID: 3 locID: 102704235309302265 bcsId: 2326} | ret=SUCCESS |  
2019-08-30 05:17:42,602 | INFO  | DNAudit | user=null | ip=null | op=WRITE_CHUNK {blockData=conID: 3 locID: 102704235309302265 bcsId: 2326} | ret=SUCCESS |  
2019-08-30 05:17:42,605 | INFO  | DNAudit | user=null | ip=null | op=PUT_BLOCK {blockData=[blockId=conID: 3 locID: 102704235309302265 bcsId: 0,size=4194304]} | ret=SUCCESS |  
2019-08-30 05:17:42,605 | INFO  | DNAudit | user=null | ip=null | op=PUT_BLOCK {blockData=[blockId=conID: 3 locID: 102704235309302265 bcsId: 0,size=4194304]} | ret=SUCCESS |  
2019-08-30 05:17:42,605 [grpc-default-executor-5] INFO  client.GrpcClientProtocolClient (GrpcClientProtocolClient.java:onNext(255)) - client-574492D41EE7->134d4672-e322-4e4b-b7f3-5645abb0fe8c: receive RaftClientReply:client-574492D41EE7->134d4672-e322-4e4b-b7f3-5645abb0fe8c@group-3CB1DFFBCDC2, cid=1627, SUCCESS, logIndex=0, commits[134d4672-e322-4e4b-b7f3-5645abb0fe8c:c2332, 73af84f3-3e88-4c8c-894c-3ad307bcac8d:c2330, 730a25a1-dbec-44ed-975b-a44ab0096beb:c2330]
2019-08-30 05:17:42,611 | INFO  | SCMAudit | user=jenkins1000 | ip=192.168.36.106 | op=ALLOCATE_BLOCK {owner=85755eb5-052d-48fa-b271-2fe4d8754e12, size=4194304, type=RATIS, factor=THREE} | ret=SUCCESS |  
2019-08-30 05:17:42,614 | INFO  | OMAudit | user=jenkins1000 | ip=127.0.0.1 | op=ALLOCATE_BLOCK {volume=vol-0-00977, bucket=bucket-0-44205, key=key-0-32850, dataSize=0, replicationType=null, replicationFactor=null, keyLocationInfo=null, clientID=102704234570776978} | ret=SUCCESS |  
2019-08-30 05:17:42,623 | INFO  | DNAudit | user=null | ip=null | op=WRITE_CHUNK {blockData=conID: 1 locID: 102704235322475002 bcsId: 0} | ret=SUCCESS |  
2019-08-30 05:17:42,626 | INFO  | DNAudit | user=null | ip=null | op=WRITE_CHUNK {blockData=conID: 1 locID: 102704235322475002 bcsId: 0} | ret=SUCCESS |  
2019-08-30 05:17:42,626 | INFO  | DNAudit | user=null | ip=null | op=WRITE_CHUNK {blockData=conID: 1 locID: 102704235322475002 bcsId: 0} | ret=SUCCESS |  
2019-08-30 05:17:42,626 | INFO  | DNAudit | user=null | ip=null | op=WRITE_CHUNK {blockData=conID: 1 locID: 102704235322475002 bcsId: 0} | ret=SUCCESS |  
2019-08-30 05:17:42,629 | INFO  | DNAudit | user=null | ip=null | op=WRITE_CHUNK {blockData=conID: 1 locID: 102704235322475002 bcsId: 0} | ret=SUCCESS |  
2019-08-30 05:17:42,629 | INFO  | DNAudit | user=null | ip=null | op=WRITE_CHUNK {blockData=conID: 1 locID: 102704235322475002 bcsId: 0} | ret=SUCCESS |  
2019-08-30 05:17:42,635 | INFO  | DNAudit | user=null | ip=null | op=WRITE_CHUNK {blockData=conID: 1 locID: 102704235322475002 bcsId: 0} | ret=SUCCESS |  
2019-08-30 05:17:42,636 | INFO  | DNAudit | user=null | ip=null | op=PUT_BLOCK {blockData=[blockId=conID: 1 locID: 102704235322475002 bcsId: 0,size=1048576]} | ret=SUCCESS |  
2019-08-30 05:17:42,636 [grpc-default-executor-5] INFO  client.GrpcClientProtocolClient (GrpcClientProtocolClient.java:onNext(255)) - client-574492D41EE7->134d4672-e322-4e4b-b7f3-5645abb0fe8c: receive RaftClientReply:client-574492D41EE7->134d4672-e322-4e4b-b7f3-5645abb0fe8c@group-3CB1DFFBCDC2, cid=1628, SUCCESS, logIndex=2333, commits[134d4672-e322-4e4b-b7f3-5645abb0fe8c:c2334, 73af84f3-3e88-4c8c-894c-3ad307bcac8d:c2332, 730a25a1-dbec-44ed-975b-a44ab0096beb:c2332]
2019-08-30 05:17:42,636 | INFO  | DNAudit | user=null | ip=null | op=WRITE_CHUNK {blockData=conID: 1 locID: 102704235322475002 bcsId: 0} | ret=SUCCESS |  
2019-08-30 05:17:42,636 [grpc-default-executor-5] INFO  client.GrpcClientProtocolClient (GrpcClientProtocolClient.java:onNext(255)) - client-574492D41EE7->134d4672-e322-4e4b-b7f3-5645abb0fe8c: receive RaftClientReply:client-574492D41EE7->134d4672-e322-4e4b-b7f3-5645abb0fe8c@group-3CB1DFFBCDC2, cid=1629, SUCCESS, logIndex=2334, commits[134d4672-e322-4e4b-b7f3-5645abb0fe8c:c2335, 73af84f3-3e88-4c8c-894c-3ad307bcac8d:c2332, 730a25a1-dbec-44ed-975b-a44ab0096beb:c2332]
2019-08-30 05:17:42,637 | INFO  | DNAudit | user=null | ip=null | op=PUT_BLOCK {blockData=[blockId=conID: 1 locID: 102704235322475002 bcsId: 0,size=2097152]} | ret=SUCCESS |  
2019-08-30 05:17:42,637 [grpc-default-executor-5] INFO  client.GrpcClientProtocolClient (GrpcClientProtocolClient.java:onNext(255)) - client-574492D41EE7->134d4672-e322-4e4b-b7f3-5645abb0fe8c: receive RaftClientReply:client-574492D41EE7->134d4672-e322-4e4b-b7f3-5645abb0fe8c@group-3CB1DFFBCDC2, cid=1630, SUCCESS, logIndex=2335, commits[134d4672-e322-4e4b-b7f3-5645abb0fe8c:c2336, 73af84f3-3e88-4c8c-894c-3ad307bcac8d:c2332, 730a25a1-dbec-44ed-975b-a44ab0096beb:c2332]
2019-08-30 05:17:42,637 | INFO  | DNAudit | user=null | ip=null | op=WRITE_CHUNK {blockData=conID: 1 locID: 102704235322475002 bcsId: 0} | ret=SUCCESS |  
2019-08-30 05:17:42,637 [grpc-default-executor-5] INFO  client.GrpcClientProtocolClient (GrpcClientProtocolClient.java:onNext(255)) - client-574492D41EE7->134d4672-e322-4e4b-b7f3-5645abb0fe8c: receive RaftClientReply:client-574492D41EE7->134d4672-e322-4e4b-b7f3-5645abb0fe8c@group-3CB1DFFBCDC2, cid=1631, SUCCESS, logIndex=2336, commits[134d4672-e322-4e4b-b7f3-5645abb0fe8c:c2336, 73af84f3-3e88-4c8c-894c-3ad307bcac8d:c2332, 730a25a1-dbec-44ed-975b-a44ab0096beb:c2332]
2019-08-30 05:17:42,637 | INFO  | DNAudit | user=null | ip=null | op=PUT_BLOCK {blockData=[blockId=conID: 1 locID: 102704235322475002 bcsId: 0,size=1048576]} | ret=SUCCESS |  
2019-08-30 05:17:42,638 | INFO  | DNAudit | user=null | ip=null | op=WRITE_CHUNK {blockData=conID: 1 locID: 102704235322475002 bcsId: 0} | ret=SUCCESS |  
2019-08-30 05:17:42,638 | INFO  | DNAudit | user=null | ip=null | op=PUT_BLOCK {blockData=[blockId=conID: 1 locID: 102704235322475002 bcsId: 0,size=1048576]} | ret=SUCCESS |  
2019-08-30 05:17:42,638 [grpc-default-executor-5] INFO  client.GrpcClientProtocolClient (GrpcClientProtocolClient.java:onNext(255)) - client-574492D41EE7->134d4672-e322-4e4b-b7f3-5645abb0fe8c: receive RaftClientReply:client-574492D41EE7->134d4672-e322-4e4b-b7f3-5645abb0fe8c@group-3CB1DFFBCDC2, cid=1632, SUCCESS, logIndex=0, commits[134d4672-e322-4e4b-b7f3-5645abb0fe8c:c2338, 73af84f3-3e88-4c8c-894c-3ad307bcac8d:c2334, 730a25a1-dbec-44ed-975b-a44ab0096beb:c2334]
2019-08-30 05:17:42,639 | INFO  | DNAudit | user=null | ip=null | op=WRITE_CHUNK {blockData=conID: 1 locID: 102704235322475002 bcsId: 0} | ret=SUCCESS |  
2019-08-30 05:17:42,646 | INFO  | DNAudit | user=null | ip=null | op=WRITE_CHUNK {blockData=conID: 1 locID: 102704235322475002 bcsId: 2336} | ret=SUCCESS |  
2019-08-30 05:17:42,648 | INFO  | DNAudit | user=null | ip=null | op=WRITE_CHUNK {blockData=conID: 1 locID: 102704235322475002 bcsId: 2336} | ret=SUCCESS |  
2019-08-30 05:17:42,648 | INFO  | DNAudit | user=null | ip=null | op=WRITE_CHUNK {blockData=conID: 1 locID: 102704235322475002 bcsId: 2336} | ret=SUCCESS |  
2019-08-30 05:17:42,649 | INFO  | DNAudit | user=null | ip=null | op=WRITE_CHUNK {blockData=conID: 1 locID: 102704235322475002 bcsId: 0} | ret=SUCCESS |  
2019-08-30 05:17:42,650 | INFO  | DNAudit | user=null | ip=null | op=PUT_BLOCK {blockData=[blockId=conID: 1 locID: 102704235322475002 bcsId: 0,size=2097152]} | ret=SUCCESS |  
2019-08-30 05:17:42,650 | INFO  | DNAudit | user=null | ip=null | op=PUT_BLOCK {blockData=[blockId=conID: 1 locID: 102704235322475002 bcsId: 0,size=2097152]} | ret=SUCCESS |  
2019-08-30 05:17:42,652 | INFO  | DNAudit | user=null | ip=null | op=WRITE_CHUNK {blockData=conID: 1 locID: 102704235322475002 bcsId: 2336} | ret=SUCCESS |  
2019-08-30 05:17:42,653 | INFO  | DNAudit | user=null | ip=null | op=PUT_BLOCK {blockData=[blockId=conID: 1 locID: 102704235322475002 bcsId: 0,size=3145728]} | ret=SUCCESS |  
2019-08-30 05:17:42,653 [grpc-default-executor-1] INFO  client.GrpcClientProtocolClient (GrpcClientProtocolClient.java:onNext(255)) - client-574492D41EE7->134d4672-e322-4e4b-b7f3-5645abb0fe8c: receive RaftClientReply:client-574492D41EE7->134d4672-e322-4e4b-b7f3-5645abb0fe8c@group-3CB1DFFBCDC2, cid=1633, SUCCESS, logIndex=2341, commits[134d4672-e322-4e4b-b7f3-5645abb0fe8c:c2342, 73af84f3-3e88-4c8c-894c-3ad307bcac8d:c2339, 730a25a1-dbec-44ed-975b-a44ab0096beb:c2339]
2019-08-30 05:17:42,653 [grpc-default-executor-1] INFO  client.GrpcClientProtocolClient (GrpcClientProtocolClient.java:onNext(255)) - client-574492D41EE7->134d4672-e322-4e4b-b7f3-5645abb0fe8c: receive RaftClientReply:client-574492D41EE7->134d4672-e322-4e4b-b7f3-5645abb0fe8c@group-3CB1DFFBCDC2, cid=1634, SUCCESS, logIndex=2342, commits[134d4672-e322-4e4b-b7f3-5645abb0fe8c:c2342, 73af84f3-3e88-4c8c-894c-3ad307bcac8d:c2339, 730a25a1-dbec-44ed-975b-a44ab0096beb:c2339]
2019-08-30 05:17:42,660 | INFO  | DNAudit | user=null | ip=null | op=WRITE_CHUNK {blockData=conID: 1 locID: 102704235322475002 bcsId: 2342} | ret=SUCCESS |  
2019-08-30 05:17:42,661 | INFO  | DNAudit | user=null | ip=null | op=WRITE_CHUNK {blockData=conID: 1 locID: 102704235322475002 bcsId: 2342} | ret=SUCCESS |  
2019-08-30 05:17:42,662 | INFO  | DNAudit | user=null | ip=null | op=WRITE_CHUNK {blockData=conID: 1 locID: 102704235322475002 bcsId: 2342} | ret=SUCCESS |  
2019-08-30 05:17:42,665 | INFO  | DNAudit | user=null | ip=null | op=WRITE_CHUNK {blockData=conID: 1 locID: 102704235322475002 bcsId: 2336} | ret=SUCCESS |  
2019-08-30 05:17:42,665 | INFO  | DNAudit | user=null | ip=null | op=WRITE_CHUNK {blockData=conID: 1 locID: 102704235322475002 bcsId: 2336} | ret=SUCCESS |  
2019-08-30 05:17:42,666 | INFO  | DNAudit | user=null | ip=null | op=PUT_BLOCK {blockData=[blockId=conID: 1 locID: 102704235322475002 bcsId: 0,size=3145728]} | ret=SUCCESS |  
2019-08-30 05:17:42,666 | INFO  | DNAudit | user=null | ip=null | op=PUT_BLOCK {blockData=[blockId=conID: 1 locID: 102704235322475002 bcsId: 0,size=3145728]} | ret=SUCCESS |  
2019-08-30 05:17:42,678 | INFO  | DNAudit | user=null | ip=null | op=WRITE_CHUNK {blockData=conID: 1 locID: 102704235322475002 bcsId: 2342} | ret=SUCCESS |  
2019-08-30 05:17:42,679 | INFO  | DNAudit | user=null | ip=null | op=PUT_BLOCK {blockData=[blockId=conID: 1 locID: 102704235322475002 bcsId: 0,size=4194304]} | ret=SUCCESS |  
2019-08-30 05:17:42,679 [grpc-default-executor-1] INFO  client.GrpcClientProtocolClient (GrpcClientProtocolClient.java:onNext(255)) - client-574492D41EE7->134d4672-e322-4e4b-b7f3-5645abb0fe8c: receive RaftClientReply:client-574492D41EE7->134d4672-e322-4e4b-b7f3-5645abb0fe8c@group-3CB1DFFBCDC2, cid=1635, SUCCESS, logIndex=2344, commits[134d4672-e322-4e4b-b7f3-5645abb0fe8c:c2345, 73af84f3-3e88-4c8c-894c-3ad307bcac8d:c2342, 730a25a1-dbec-44ed-975b-a44ab0096beb:c2342]
2019-08-30 05:17:42,679 [grpc-default-executor-5] INFO  client.GrpcClientProtocolClient (GrpcClientProtocolClient.java:onNext(255)) - client-574492D41EE7->134d4672-e322-4e4b-b7f3-5645abb0fe8c: receive RaftClientReply:client-574492D41EE7->134d4672-e322-4e4b-b7f3-5645abb0fe8c@group-3CB1DFFBCDC2, cid=1636, SUCCESS, logIndex=2345, commits[134d4672-e322-4e4b-b7f3-5645abb0fe8c:c2345, 73af84f3-3e88-4c8c-894c-3ad307bcac8d:c2342, 730a25a1-dbec-44ed-975b-a44ab0096beb:c2342]
2019-08-30 05:17:42,702 | INFO  | DNAudit | user=null | ip=null | op=WRITE_CHUNK {blockData=conID: 1 locID: 102704235322475002 bcsId: 2342} | ret=SUCCESS |  
2019-08-30 05:17:42,702 | INFO  | DNAudit | user=null | ip=null | op=WRITE_CHUNK {blockData=conID: 1 locID: 102704235322475002 bcsId: 2342} | ret=SUCCESS |  
2019-08-30 05:17:42,704 | INFO  | DNAudit | user=null | ip=null | op=PUT_BLOCK {blockData=[blockId=conID: 1 locID: 102704235322475002 bcsId: 0,size=4194304]} | ret=SUCCESS |  
2019-08-30 05:17:42,704 | INFO  | DNAudit | user=null | ip=null | op=PUT_BLOCK {blockData=[blockId=conID: 1 locID: 102704235322475002 bcsId: 0,size=4194304]} | ret=SUCCESS |  
2019-08-30 05:17:42,704 [grpc-default-executor-1] INFO  client.GrpcClientProtocolClient (GrpcClientProtocolClient.java:onNext(255)) - client-574492D41EE7->134d4672-e322-4e4b-b7f3-5645abb0fe8c: receive RaftClientReply:client-574492D41EE7->134d4672-e322-4e4b-b7f3-5645abb0fe8c@group-3CB1DFFBCDC2, cid=1637, SUCCESS, logIndex=0, commits[134d4672-e322-4e4b-b7f3-5645abb0fe8c:c2346, 73af84f3-3e88-4c8c-894c-3ad307bcac8d:c2345, 730a25a1-dbec-44ed-975b-a44ab0096beb:c2345]
2019-08-30 05:17:42,710 | INFO  | SCMAudit | user=jenkins1000 | ip=192.168.36.106 | op=ALLOCATE_BLOCK {owner=85755eb5-052d-48fa-b271-2fe4d8754e12, size=4194304, type=RATIS, factor=THREE} | ret=SUCCESS |  
2019-08-30 05:17:42,713 | INFO  | OMAudit | user=jenkins1000 | ip=127.0.0.1 | op=ALLOCATE_BLOCK {volume=vol-0-00977, bucket=bucket-0-44205, key=key-0-32850, dataSize=0, replicationType=null, replicationFactor=null, keyLocationInfo=null, clientID=102704234570776978} | ret=SUCCESS |  
2019-08-30 05:17:42,720 | INFO  | DNAudit | user=null | ip=null | op=WRITE_CHUNK {blockData=conID: 2 locID: 102704235328963067 bcsId: 0} | ret=SUCCESS |  
2019-08-30 05:17:42,724 | INFO  | DNAudit | user=null | ip=null | op=WRITE_CHUNK {blockData=conID: 2 locID: 102704235328963067 bcsId: 0} | ret=SUCCESS |  
2019-08-30 05:17:42,724 | INFO  | DNAudit | user=null | ip=null | op=WRITE_CHUNK {blockData=conID: 2 locID: 102704235328963067 bcsId: 0} | ret=SUCCESS |  
2019-08-30 05:17:42,724 | INFO  | DNAudit | user=null | ip=null | op=WRITE_CHUNK {blockData=conID: 2 locID: 102704235328963067 bcsId: 0} | ret=SUCCESS |  
2019-08-30 05:17:42,725 | INFO  | DNAudit | user=null | ip=null | op=WRITE_CHUNK {blockData=conID: 2 locID: 102704235328963067 bcsId: 0} | ret=SUCCESS |  
2019-08-30 05:17:42,725 | INFO  | DNAudit | user=null | ip=null | op=WRITE_CHUNK {blockData=conID: 2 locID: 102704235328963067 bcsId: 0} | ret=SUCCESS |  
2019-08-30 05:17:42,733 | INFO  | DNAudit | user=null | ip=null | op=WRITE_CHUNK {blockData=conID: 2 locID: 102704235328963067 bcsId: 0} | ret=SUCCESS |  
2019-08-30 05:17:42,733 | INFO  | DNAudit | user=null | ip=null | op=PUT_BLOCK {blockData=[blockId=conID: 2 locID: 102704235328963067 bcsId: 0,size=1048576]} | ret=SUCCESS |  
2019-08-30 05:17:42,734 | INFO  | DNAudit | user=null | ip=null | op=WRITE_CHUNK {blockData=conID: 2 locID: 102704235328963067 bcsId: 0} | ret=SUCCESS |  
2019-08-30 05:17:42,733 [grpc-default-executor-5] INFO  client.GrpcClientProtocolClient (GrpcClientProtocolClient.java:onNext(255)) - client-574492D41EE7->134d4672-e322-4e4b-b7f3-5645abb0fe8c: receive RaftClientReply:client-574492D41EE7->134d4672-e322-4e4b-b7f3-5645abb0fe8c@group-3CB1DFFBCDC2, cid=1638, SUCCESS, logIndex=2348, commits[134d4672-e322-4e4b-b7f3-5645abb0fe8c:c2350, 73af84f3-3e88-4c8c-894c-3ad307bcac8d:c2347, 730a25a1-dbec-44ed-975b-a44ab0096beb:c2347]
2019-08-30 05:17:42,734 | INFO  | DNAudit | user=null | ip=null | op=PUT_BLOCK {blockData=[blockId=conID: 2 locID: 102704235328963067 bcsId: 0,size=2097152]} | ret=SUCCESS |  
2019-08-30 05:17:42,734 [grpc-default-executor-5] INFO  client.GrpcClientProtocolClient (GrpcClientProtocolClient.java:onNext(255)) - client-574492D41EE7->134d4672-e322-4e4b-b7f3-5645abb0fe8c: receive RaftClientReply:client-574492D41EE7->134d4672-e322-4e4b-b7f3-5645abb0fe8c@group-3CB1DFFBCDC2, cid=1639, SUCCESS, logIndex=2349, commits[134d4672-e322-4e4b-b7f3-5645abb0fe8c:c2351, 73af84f3-3e88-4c8c-894c-3ad307bcac8d:c2347, 730a25a1-dbec-44ed-975b-a44ab0096beb:c2347]
2019-08-30 05:17:42,734 | INFO  | DNAudit | user=null | ip=null | op=WRITE_CHUNK {blockData=conID: 2 locID: 102704235328963067 bcsId: 0} | ret=SUCCESS |  
2019-08-30 05:17:42,734 [grpc-default-executor-6] INFO  client.GrpcClientProtocolClient (GrpcClientProtocolClient.java:onNext(255)) - client-574492D41EE7->134d4672-e322-4e4b-b7f3-5645abb0fe8c: receive RaftClientReply:client-574492D41EE7->134d4672-e322-4e4b-b7f3-5645abb0fe8c@group-3CB1DFFBCDC2, cid=1640, SUCCESS, logIndex=2350, commits[134d4672-e322-4e4b-b7f3-5645abb0fe8c:c2351, 73af84f3-3e88-4c8c-894c-3ad307bcac8d:c2347, 730a25a1-dbec-44ed-975b-a44ab0096beb:c2347]
2019-08-30 05:17:42,734 | INFO  | DNAudit | user=null | ip=null | op=PUT_BLOCK {blockData=[blockId=conID: 2 locID: 102704235328963067 bcsId: 0,size=1048576]} | ret=SUCCESS |  
2019-08-30 05:17:42,735 [grpc-default-executor-6] INFO  client.GrpcClientProtocolClient (GrpcClientProtocolClient.java:onNext(255)) - client-574492D41EE7->134d4672-e322-4e4b-b7f3-5645abb0fe8c: receive RaftClientReply:client-574492D41EE7->134d4672-e322-4e4b-b7f3-5645abb0fe8c@group-3CB1DFFBCDC2, cid=1641, SUCCESS, logIndex=2351, commits[134d4672-e322-4e4b-b7f3-5645abb0fe8c:c2351, 73af84f3-3e88-4c8c-894c-3ad307bcac8d:c2347, 730a25a1-dbec-44ed-975b-a44ab0096beb:c2347]
2019-08-30 05:17:42,735 | INFO  | DNAudit | user=null | ip=null | op=WRITE_CHUNK {blockData=conID: 2 locID: 102704235328963067 bcsId: 0} | ret=SUCCESS |  
2019-08-30 05:17:42,735 | INFO  | DNAudit | user=null | ip=null | op=PUT_BLOCK {blockData=[blockId=conID: 2 locID: 102704235328963067 bcsId: 0,size=1048576]} | ret=SUCCESS |  
2019-08-30 05:17:42,735 [grpc-default-executor-5] INFO  client.GrpcClientProtocolClient (GrpcClientProtocolClient.java:onNext(255)) - client-574492D41EE7->134d4672-e322-4e4b-b7f3-5645abb0fe8c: receive RaftClientReply:client-574492D41EE7->134d4672-e322-4e4b-b7f3-5645abb0fe8c@group-3CB1DFFBCDC2, cid=1642, SUCCESS, logIndex=0, commits[134d4672-e322-4e4b-b7f3-5645abb0fe8c:c2352, 73af84f3-3e88-4c8c-894c-3ad307bcac8d:c2349, 730a25a1-dbec-44ed-975b-a44ab0096beb:c2349]
2019-08-30 05:17:42,742 | INFO  | DNAudit | user=null | ip=null | op=WRITE_CHUNK {blockData=conID: 2 locID: 102704235328963067 bcsId: 2351} | ret=SUCCESS |  
2019-08-30 05:17:42,744 | INFO  | DNAudit | user=null | ip=null | op=WRITE_CHUNK {blockData=conID: 2 locID: 102704235328963067 bcsId: 2351} | ret=SUCCESS |  
2019-08-30 05:17:42,744 | INFO  | DNAudit | user=null | ip=null | op=WRITE_CHUNK {blockData=conID: 2 locID: 102704235328963067 bcsId: 2351} | ret=SUCCESS |  
2019-08-30 05:17:42,746 | INFO  | DNAudit | user=null | ip=null | op=WRITE_CHUNK {blockData=conID: 2 locID: 102704235328963067 bcsId: 0} | ret=SUCCESS |  
2019-08-30 05:17:42,747 | INFO  | DNAudit | user=null | ip=null | op=PUT_BLOCK {blockData=[blockId=conID: 2 locID: 102704235328963067 bcsId: 0,size=2097152]} | ret=SUCCESS |  
2019-08-30 05:17:42,748 | INFO  | DNAudit | user=null | ip=null | op=WRITE_CHUNK {blockData=conID: 2 locID: 102704235328963067 bcsId: 0} | ret=SUCCESS |  
2019-08-30 05:17:42,749 | INFO  | DNAudit | user=null | ip=null | op=PUT_BLOCK {blockData=[blockId=conID: 2 locID: 102704235328963067 bcsId: 0,size=2097152]} | ret=SUCCESS |  
2019-08-30 05:17:42,760 | INFO  | DNAudit | user=null | ip=null | op=WRITE_CHUNK {blockData=conID: 2 locID: 102704235328963067 bcsId: 2351} | ret=SUCCESS |  
2019-08-30 05:17:42,760 | INFO  | DNAudit | user=null | ip=null | op=PUT_BLOCK {blockData=[blockId=conID: 2 locID: 102704235328963067 bcsId: 0,size=3145728]} | ret=SUCCESS |  
2019-08-30 05:17:42,760 [grpc-default-executor-1] INFO  client.GrpcClientProtocolClient (GrpcClientProtocolClient.java:onNext(255)) - client-574492D41EE7->134d4672-e322-4e4b-b7f3-5645abb0fe8c: receive RaftClientReply:client-574492D41EE7->134d4672-e322-4e4b-b7f3-5645abb0fe8c@group-3CB1DFFBCDC2, cid=1643, SUCCESS, logIndex=2356, commits[134d4672-e322-4e4b-b7f3-5645abb0fe8c:c2357, 73af84f3-3e88-4c8c-894c-3ad307bcac8d:c2351, 730a25a1-dbec-44ed-975b-a44ab0096beb:c2352]
2019-08-30 05:17:42,761 [grpc-default-executor-1] INFO  client.GrpcClientProtocolClient (GrpcClientProtocolClient.java:onNext(255)) - client-574492D41EE7->134d4672-e322-4e4b-b7f3-5645abb0fe8c: receive RaftClientReply:client-574492D41EE7->134d4672-e322-4e4b-b7f3-5645abb0fe8c@group-3CB1DFFBCDC2, cid=1644, SUCCESS, logIndex=2357, commits[134d4672-e322-4e4b-b7f3-5645abb0fe8c:c2357, 73af84f3-3e88-4c8c-894c-3ad307bcac8d:c2352, 730a25a1-dbec-44ed-975b-a44ab0096beb:c2352]
2019-08-30 05:17:42,762 | INFO  | DNAudit | user=null | ip=null | op=WRITE_CHUNK {blockData=conID: 2 locID: 102704235328963067 bcsId: 2351} | ret=SUCCESS |  
2019-08-30 05:17:42,762 | INFO  | DNAudit | user=null | ip=null | op=WRITE_CHUNK {blockData=conID: 2 locID: 102704235328963067 bcsId: 2351} | ret=SUCCESS |  
2019-08-30 05:17:42,762 | INFO  | DNAudit | user=null | ip=null | op=PUT_BLOCK {blockData=[blockId=conID: 2 locID: 102704235328963067 bcsId: 0,size=3145728]} | ret=SUCCESS |  
2019-08-30 05:17:42,762 | INFO  | DNAudit | user=null | ip=null | op=PUT_BLOCK {blockData=[blockId=conID: 2 locID: 102704235328963067 bcsId: 0,size=3145728]} | ret=SUCCESS |  
2019-08-30 05:17:42,769 | INFO  | DNAudit | user=null | ip=null | op=WRITE_CHUNK {blockData=conID: 2 locID: 102704235328963067 bcsId: 2357} | ret=SUCCESS |  
2019-08-30 05:17:42,770 | INFO  | DNAudit | user=null | ip=null | op=WRITE_CHUNK {blockData=conID: 2 locID: 102704235328963067 bcsId: 2357} | ret=SUCCESS |  
2019-08-30 05:17:42,770 | INFO  | DNAudit | user=null | ip=null | op=WRITE_CHUNK {blockData=conID: 2 locID: 102704235328963067 bcsId: 2357} | ret=SUCCESS |  
2019-08-30 05:17:42,776 | INFO  | DNAudit | user=null | ip=null | op=WRITE_CHUNK {blockData=conID: 2 locID: 102704235328963067 bcsId: 2357} | ret=SUCCESS |  
2019-08-30 05:17:42,777 | INFO  | DNAudit | user=null | ip=null | op=PUT_BLOCK {blockData=[blockId=conID: 2 locID: 102704235328963067 bcsId: 0,size=4194304]} | ret=SUCCESS |  
2019-08-30 05:17:42,777 [grpc-default-executor-5] INFO  client.GrpcClientProtocolClient (GrpcClientProtocolClient.java:onNext(255)) - client-574492D41EE7->134d4672-e322-4e4b-b7f3-5645abb0fe8c: receive RaftClientReply:client-574492D41EE7->134d4672-e322-4e4b-b7f3-5645abb0fe8c@group-3CB1DFFBCDC2, cid=1645, SUCCESS, logIndex=2360, commits[134d4672-e322-4e4b-b7f3-5645abb0fe8c:c2361, 73af84f3-3e88-4c8c-894c-3ad307bcac8d:c2358, 730a25a1-dbec-44ed-975b-a44ab0096beb:c2358]
2019-08-30 05:17:42,777 [grpc-default-executor-5] INFO  client.GrpcClientProtocolClient (GrpcClientProtocolClient.java:onNext(255)) - client-574492D41EE7->134d4672-e322-4e4b-b7f3-5645abb0fe8c: receive RaftClientReply:client-574492D41EE7->134d4672-e322-4e4b-b7f3-5645abb0fe8c@group-3CB1DFFBCDC2, cid=1646, SUCCESS, logIndex=2361, commits[134d4672-e322-4e4b-b7f3-5645abb0fe8c:c2361, 73af84f3-3e88-4c8c-894c-3ad307bcac8d:c2358, 730a25a1-dbec-44ed-975b-a44ab0096beb:c2358]
2019-08-30 05:17:42,788 | INFO  | DNAudit | user=null | ip=null | op=WRITE_CHUNK {blockData=conID: 2 locID: 102704235328963067 bcsId: 2357} | ret=SUCCESS |  
2019-08-30 05:17:42,788 | INFO  | DNAudit | user=null | ip=null | op=WRITE_CHUNK {blockData=conID: 2 locID: 102704235328963067 bcsId: 2357} | ret=SUCCESS |  
2019-08-30 05:17:42,788 | INFO  | DNAudit | user=null | ip=null | op=PUT_BLOCK {blockData=[blockId=conID: 2 locID: 102704235328963067 bcsId: 0,size=4194304]} | ret=SUCCESS |  
2019-08-30 05:17:42,788 | INFO  | DNAudit | user=null | ip=null | op=PUT_BLOCK {blockData=[blockId=conID: 2 locID: 102704235328963067 bcsId: 0,size=4194304]} | ret=SUCCESS |  
2019-08-30 05:17:42,789 [grpc-default-executor-6] INFO  client.GrpcClientProtocolClient (GrpcClientProtocolClient.java:onNext(255)) - client-574492D41EE7->134d4672-e322-4e4b-b7f3-5645abb0fe8c: receive RaftClientReply:client-574492D41EE7->134d4672-e322-4e4b-b7f3-5645abb0fe8c@group-3CB1DFFBCDC2, cid=1647, SUCCESS, logIndex=0, commits[134d4672-e322-4e4b-b7f3-5645abb0fe8c:c2362, 73af84f3-3e88-4c8c-894c-3ad307bcac8d:c2361, 730a25a1-dbec-44ed-975b-a44ab0096beb:c2361]
2019-08-30 05:17:42,793 | INFO  | SCMAudit | user=jenkins1000 | ip=192.168.36.106 | op=ALLOCATE_BLOCK {owner=85755eb5-052d-48fa-b271-2fe4d8754e12, size=4194304, type=RATIS, factor=THREE} | ret=SUCCESS |  
2019-08-30 05:17:42,795 | INFO  | OMAudit | user=jenkins1000 | ip=127.0.0.1 | op=ALLOCATE_BLOCK {volume=vol-0-00977, bucket=bucket-0-44205, key=key-0-32850, dataSize=0, replicationType=null, replicationFactor=null, keyLocationInfo=null, clientID=102704234570776978} | ret=SUCCESS |  
2019-08-30 05:17:42,802 | INFO  | DNAudit | user=null | ip=null | op=WRITE_CHUNK {blockData=conID: 3 locID: 102704235334402556 bcsId: 0} | ret=SUCCESS |  
2019-08-30 05:17:42,804 | INFO  | DNAudit | user=null | ip=null | op=WRITE_CHUNK {blockData=conID: 3 locID: 102704235334402556 bcsId: 0} | ret=SUCCESS |  
2019-08-30 05:17:42,805 | INFO  | DNAudit | user=null | ip=null | op=WRITE_CHUNK {blockData=conID: 3 locID: 102704235334402556 bcsId: 0} | ret=SUCCESS |  
2019-08-30 05:17:42,805 | INFO  | DNAudit | user=null | ip=null | op=WRITE_CHUNK {blockData=conID: 3 locID: 102704235334402556 bcsId: 0} | ret=SUCCESS |  
2019-08-30 05:17:42,806 | INFO  | DNAudit | user=null | ip=null | op=WRITE_CHUNK {blockData=conID: 3 locID: 102704235334402556 bcsId: 0} | ret=SUCCESS |  
2019-08-30 05:17:42,807 | INFO  | DNAudit | user=null | ip=null | op=WRITE_CHUNK {blockData=conID: 3 locID: 102704235334402556 bcsId: 0} | ret=SUCCESS |  
2019-08-30 05:17:42,819 | INFO  | DNAudit | user=null | ip=null | op=WRITE_CHUNK {blockData=conID: 3 locID: 102704235334402556 bcsId: 0} | ret=SUCCESS |  
2019-08-30 05:17:42,820 | INFO  | DNAudit | user=null | ip=null | op=PUT_BLOCK {blockData=[blockId=conID: 3 locID: 102704235334402556 bcsId: 0,size=1048576]} | ret=SUCCESS |  
2019-08-30 05:17:42,820 [grpc-default-executor-1] INFO  client.GrpcClientProtocolClient (GrpcClientProtocolClient.java:onNext(255)) - client-574492D41EE7->134d4672-e322-4e4b-b7f3-5645abb0fe8c: receive RaftClientReply:client-574492D41EE7->134d4672-e322-4e4b-b7f3-5645abb0fe8c@group-3CB1DFFBCDC2, cid=1648, SUCCESS, logIndex=2364, commits[134d4672-e322-4e4b-b7f3-5645abb0fe8c:c2367, 73af84f3-3e88-4c8c-894c-3ad307bcac8d:c2363, 730a25a1-dbec-44ed-975b-a44ab0096beb:c2363]
2019-08-30 05:17:42,820 | INFO  | DNAudit | user=null | ip=null | op=WRITE_CHUNK {blockData=conID: 3 locID: 102704235334402556 bcsId: 0} | ret=SUCCESS |  
2019-08-30 05:17:42,820 [grpc-default-executor-1] INFO  client.GrpcClientProtocolClient (GrpcClientProtocolClient.java:onNext(255)) - client-574492D41EE7->134d4672-e322-4e4b-b7f3-5645abb0fe8c: receive RaftClientReply:client-574492D41EE7->134d4672-e322-4e4b-b7f3-5645abb0fe8c@group-3CB1DFFBCDC2, cid=1649, SUCCESS, logIndex=2365, commits[134d4672-e322-4e4b-b7f3-5645abb0fe8c:c2367, 73af84f3-3e88-4c8c-894c-3ad307bcac8d:c2363, 730a25a1-dbec-44ed-975b-a44ab0096beb:c2363]
2019-08-30 05:17:42,821 | INFO  | DNAudit | user=null | ip=null | op=PUT_BLOCK {blockData=[blockId=conID: 3 locID: 102704235334402556 bcsId: 0,size=2097152]} | ret=SUCCESS |  
2019-08-30 05:17:42,821 [grpc-default-executor-1] INFO  client.GrpcClientProtocolClient (GrpcClientProtocolClient.java:onNext(255)) - client-574492D41EE7->134d4672-e322-4e4b-b7f3-5645abb0fe8c: receive RaftClientReply:client-574492D41EE7->134d4672-e322-4e4b-b7f3-5645abb0fe8c@group-3CB1DFFBCDC2, cid=1650, SUCCESS, logIndex=2366, commits[134d4672-e322-4e4b-b7f3-5645abb0fe8c:c2367, 73af84f3-3e88-4c8c-894c-3ad307bcac8d:c2363, 730a25a1-dbec-44ed-975b-a44ab0096beb:c2363]
2019-08-30 05:17:42,821 [grpc-default-executor-1] INFO  client.GrpcClientProtocolClient (GrpcClientProtocolClient.java:onNext(255)) - client-574492D41EE7->134d4672-e322-4e4b-b7f3-5645abb0fe8c: receive RaftClientReply:client-574492D41EE7->134d4672-e322-4e4b-b7f3-5645abb0fe8c@group-3CB1DFFBCDC2, cid=1651, SUCCESS, logIndex=2367, commits[134d4672-e322-4e4b-b7f3-5645abb0fe8c:c2367, 73af84f3-3e88-4c8c-894c-3ad307bcac8d:c2363, 730a25a1-dbec-44ed-975b-a44ab0096beb:c2363]
2019-08-30 05:17:42,831 | INFO  | DNAudit | user=null | ip=null | op=WRITE_CHUNK {blockData=conID: 3 locID: 102704235334402556 bcsId: 0} | ret=SUCCESS |  
2019-08-30 05:17:42,831 | INFO  | DNAudit | user=null | ip=null | op=WRITE_CHUNK {blockData=conID: 3 locID: 102704235334402556 bcsId: 0} | ret=SUCCESS |  
2019-08-30 05:17:42,831 | INFO  | DNAudit | user=null | ip=null | op=PUT_BLOCK {blockData=[blockId=conID: 3 locID: 102704235334402556 bcsId: 0,size=1048576]} | ret=SUCCESS |  
2019-08-30 05:17:42,831 | INFO  | DNAudit | user=null | ip=null | op=PUT_BLOCK {blockData=[blockId=conID: 3 locID: 102704235334402556 bcsId: 0,size=1048576]} | ret=SUCCESS |  
2019-08-30 05:17:42,831 [grpc-default-executor-6] INFO  client.GrpcClientProtocolClient (GrpcClientProtocolClient.java:onNext(255)) - client-574492D41EE7->134d4672-e322-4e4b-b7f3-5645abb0fe8c: receive RaftClientReply:client-574492D41EE7->134d4672-e322-4e4b-b7f3-5645abb0fe8c@group-3CB1DFFBCDC2, cid=1652, SUCCESS, logIndex=0, commits[134d4672-e322-4e4b-b7f3-5645abb0fe8c:c2367, 73af84f3-3e88-4c8c-894c-3ad307bcac8d:c2365, 730a25a1-dbec-44ed-975b-a44ab0096beb:c2365]
2019-08-30 05:17:42,834 | INFO  | DNAudit | user=null | ip=null | op=WRITE_CHUNK {blockData=conID: 3 locID: 102704235334402556 bcsId: 0} | ret=SUCCESS |  
2019-08-30 05:17:42,834 | INFO  | DNAudit | user=null | ip=null | op=WRITE_CHUNK {blockData=conID: 3 locID: 102704235334402556 bcsId: 0} | ret=SUCCESS |  
2019-08-30 05:17:42,834 | INFO  | DNAudit | user=null | ip=null | op=PUT_BLOCK {blockData=[blockId=conID: 3 locID: 102704235334402556 bcsId: 0,size=2097152]} | ret=SUCCESS |  
2019-08-30 05:17:42,834 | INFO  | DNAudit | user=null | ip=null | op=PUT_BLOCK {blockData=[blockId=conID: 3 locID: 102704235334402556 bcsId: 0,size=2097152]} | ret=SUCCESS |  
2019-08-30 05:17:42,837 | INFO  | DNAudit | user=null | ip=null | op=WRITE_CHUNK {blockData=conID: 3 locID: 102704235334402556 bcsId: 2367} | ret=SUCCESS |  
2019-08-30 05:17:42,838 | INFO  | DNAudit | user=null | ip=null | op=WRITE_CHUNK {blockData=conID: 3 locID: 102704235334402556 bcsId: 2367} | ret=SUCCESS |  
2019-08-30 05:17:42,839 | INFO  | DNAudit | user=null | ip=null | op=WRITE_CHUNK {blockData=conID: 3 locID: 102704235334402556 bcsId: 2367} | ret=SUCCESS |  
2019-08-30 05:17:42,884 | INFO  | DNAudit | user=null | ip=null | op=WRITE_CHUNK {blockData=conID: 3 locID: 102704235334402556 bcsId: 2367} | ret=SUCCESS |  
2019-08-30 05:17:42,885 | INFO  | DNAudit | user=null | ip=null | op=PUT_BLOCK {blockData=[blockId=conID: 3 locID: 102704235334402556 bcsId: 0,size=3145728]} | ret=SUCCESS |  
2019-08-30 05:17:42,885 [grpc-default-executor-6] INFO  client.GrpcClientProtocolClient (GrpcClientProtocolClient.java:onNext(255)) - client-574492D41EE7->134d4672-e322-4e4b-b7f3-5645abb0fe8c: receive RaftClientReply:client-574492D41EE7->134d4672-e322-4e4b-b7f3-5645abb0fe8c@group-3CB1DFFBCDC2, cid=1653, SUCCESS, logIndex=2372, commits[134d4672-e322-4e4b-b7f3-5645abb0fe8c:c2373, 73af84f3-3e88-4c8c-894c-3ad307bcac8d:c2371, 730a25a1-dbec-44ed-975b-a44ab0096beb:c2371]
2019-08-30 05:17:42,885 [grpc-default-executor-6] INFO  client.GrpcClientProtocolClient (GrpcClientProtocolClient.java:onNext(255)) - client-574492D41EE7->134d4672-e322-4e4b-b7f3-5645abb0fe8c: receive RaftClientReply:client-574492D41EE7->134d4672-e322-4e4b-b7f3-5645abb0fe8c@group-3CB1DFFBCDC2, cid=1654, SUCCESS, logIndex=2373, commits[134d4672-e322-4e4b-b7f3-5645abb0fe8c:c2373, 73af84f3-3e88-4c8c-894c-3ad307bcac8d:c2371, 730a25a1-dbec-44ed-975b-a44ab0096beb:c2371]
2019-08-30 05:17:42,891 | INFO  | DNAudit | user=null | ip=null | op=WRITE_CHUNK {blockData=conID: 3 locID: 102704235334402556 bcsId: 2373} | ret=SUCCESS |  
2019-08-30 05:17:42,894 | INFO  | DNAudit | user=null | ip=null | op=WRITE_CHUNK {blockData=conID: 3 locID: 102704235334402556 bcsId: 2373} | ret=SUCCESS |  
2019-08-30 05:17:42,894 | INFO  | DNAudit | user=null | ip=null | op=WRITE_CHUNK {blockData=conID: 3 locID: 102704235334402556 bcsId: 2373} | ret=SUCCESS |  
2019-08-30 05:17:42,894 | INFO  | DNAudit | user=null | ip=null | op=WRITE_CHUNK {blockData=conID: 3 locID: 102704235334402556 bcsId: 2367} | ret=SUCCESS |  
2019-08-30 05:17:42,894 | INFO  | DNAudit | user=null | ip=null | op=WRITE_CHUNK {blockData=conID: 3 locID: 102704235334402556 bcsId: 2367} | ret=SUCCESS |  
2019-08-30 05:17:42,894 | INFO  | DNAudit | user=null | ip=null | op=PUT_BLOCK {blockData=[blockId=conID: 3 locID: 102704235334402556 bcsId: 0,size=3145728]} | ret=SUCCESS |  
2019-08-30 05:17:42,894 | INFO  | DNAudit | user=null | ip=null | op=PUT_BLOCK {blockData=[blockId=conID: 3 locID: 102704235334402556 bcsId: 0,size=3145728]} | ret=SUCCESS |  
2019-08-30 05:17:42,897 | INFO  | DNAudit | user=null | ip=null | op=WRITE_CHUNK {blockData=conID: 3 locID: 102704235334402556 bcsId: 2373} | ret=SUCCESS |  
2019-08-30 05:17:42,897 | INFO  | DNAudit | user=null | ip=null | op=PUT_BLOCK {blockData=[blockId=conID: 3 locID: 102704235334402556 bcsId: 0,size=4194304]} | ret=SUCCESS |  
2019-08-30 05:17:42,897 [grpc-default-executor-6] INFO  client.GrpcClientProtocolClient (GrpcClientProtocolClient.java:onNext(255)) - client-574492D41EE7->134d4672-e322-4e4b-b7f3-5645abb0fe8c: receive RaftClientReply:client-574492D41EE7->134d4672-e322-4e4b-b7f3-5645abb0fe8c@group-3CB1DFFBCDC2, cid=1655, SUCCESS, logIndex=2376, commits[134d4672-e322-4e4b-b7f3-5645abb0fe8c:c2377, 73af84f3-3e88-4c8c-894c-3ad307bcac8d:c2373, 730a25a1-dbec-44ed-975b-a44ab0096beb:c2373]
2019-08-30 05:17:42,898 [grpc-default-executor-6] INFO  client.GrpcClientProtocolClient (GrpcClientProtocolClient.java:onNext(255)) - client-574492D41EE7->134d4672-e322-4e4b-b7f3-5645abb0fe8c: receive RaftClientReply:client-574492D41EE7->134d4672-e322-4e4b-b7f3-5645abb0fe8c@group-3CB1DFFBCDC2, cid=1656, SUCCESS, logIndex=2377, commits[134d4672-e322-4e4b-b7f3-5645abb0fe8c:c2377, 73af84f3-3e88-4c8c-894c-3ad307bcac8d:c2373, 730a25a1-dbec-44ed-975b-a44ab0096beb:c2373]
2019-08-30 05:17:42,900 | INFO  | DNAudit | user=null | ip=null | op=WRITE_CHUNK {blockData=conID: 3 locID: 102704235334402556 bcsId: 2373} | ret=SUCCESS |  
2019-08-30 05:17:42,900 | INFO  | DNAudit | user=null | ip=null | op=WRITE_CHUNK {blockData=conID: 3 locID: 102704235334402556 bcsId: 2373} | ret=SUCCESS |  
2019-08-30 05:17:42,902 | INFO  | DNAudit | user=null | ip=null | op=PUT_BLOCK {blockData=[blockId=conID: 3 locID: 102704235334402556 bcsId: 0,size=4194304]} | ret=SUCCESS |  
2019-08-30 05:17:42,902 | INFO  | DNAudit | user=null | ip=null | op=PUT_BLOCK {blockData=[blockId=conID: 3 locID: 102704235334402556 bcsId: 0,size=4194304]} | ret=SUCCESS |  
2019-08-30 05:17:42,902 [grpc-default-executor-6] INFO  client.GrpcClientProtocolClient (GrpcClientProtocolClient.java:onNext(255)) - client-574492D41EE7->134d4672-e322-4e4b-b7f3-5645abb0fe8c: receive RaftClientReply:client-574492D41EE7->134d4672-e322-4e4b-b7f3-5645abb0fe8c@group-3CB1DFFBCDC2, cid=1657, SUCCESS, logIndex=0, commits[134d4672-e322-4e4b-b7f3-5645abb0fe8c:c2379, 73af84f3-3e88-4c8c-894c-3ad307bcac8d:c2377, 730a25a1-dbec-44ed-975b-a44ab0096beb:c2377]
2019-08-30 05:17:42,906 | INFO  | SCMAudit | user=jenkins1000 | ip=192.168.36.106 | op=ALLOCATE_BLOCK {owner=85755eb5-052d-48fa-b271-2fe4d8754e12, size=4194304, type=RATIS, factor=THREE} | ret=SUCCESS |  
2019-08-30 05:17:42,908 | INFO  | OMAudit | user=jenkins1000 | ip=127.0.0.1 | op=ALLOCATE_BLOCK {volume=vol-0-00977, bucket=bucket-0-44205, key=key-0-32850, dataSize=0, replicationType=null, replicationFactor=null, keyLocationInfo=null, clientID=102704234570776978} | ret=SUCCESS |  
2019-08-30 05:17:42,919 | INFO  | DNAudit | user=null | ip=null | op=WRITE_CHUNK {blockData=conID: 1 locID: 102704235341808125 bcsId: 0} | ret=SUCCESS |  
2019-08-30 05:17:42,921 | INFO  | DNAudit | user=null | ip=null | op=WRITE_CHUNK {blockData=conID: 1 locID: 102704235341808125 bcsId: 0} | ret=SUCCESS |  
2019-08-30 05:17:42,922 | INFO  | DNAudit | user=null | ip=null | op=WRITE_CHUNK {blockData=conID: 1 locID: 102704235341808125 bcsId: 0} | ret=SUCCESS |  
2019-08-30 05:17:42,922 | INFO  | DNAudit | user=null | ip=null | op=WRITE_CHUNK {blockData=conID: 1 locID: 102704235341808125 bcsId: 0} | ret=SUCCESS |  
2019-08-30 05:17:42,924 | INFO  | DNAudit | user=null | ip=null | op=WRITE_CHUNK {blockData=conID: 1 locID: 102704235341808125 bcsId: 0} | ret=SUCCESS |  
2019-08-30 05:17:42,924 | INFO  | DNAudit | user=null | ip=null | op=WRITE_CHUNK {blockData=conID: 1 locID: 102704235341808125 bcsId: 0} | ret=SUCCESS |  
2019-08-30 05:17:42,932 | INFO  | DNAudit | user=null | ip=null | op=WRITE_CHUNK {blockData=conID: 1 locID: 102704235341808125 bcsId: 0} | ret=SUCCESS |  
2019-08-30 05:17:42,933 | INFO  | DNAudit | user=null | ip=null | op=PUT_BLOCK {blockData=[blockId=conID: 1 locID: 102704235341808125 bcsId: 0,size=1048576]} | ret=SUCCESS |  
2019-08-30 05:17:42,933 [grpc-default-executor-1] INFO  client.GrpcClientProtocolClient (GrpcClientProtocolClient.java:onNext(255)) - client-574492D41EE7->134d4672-e322-4e4b-b7f3-5645abb0fe8c: receive RaftClientReply:client-574492D41EE7->134d4672-e322-4e4b-b7f3-5645abb0fe8c@group-3CB1DFFBCDC2, cid=1658, SUCCESS, logIndex=2380, commits[134d4672-e322-4e4b-b7f3-5645abb0fe8c:c2382, 73af84f3-3e88-4c8c-894c-3ad307bcac8d:c2379, 730a25a1-dbec-44ed-975b-a44ab0096beb:c2379]
2019-08-30 05:17:42,933 | INFO  | DNAudit | user=null | ip=null | op=WRITE_CHUNK {blockData=conID: 1 locID: 102704235341808125 bcsId: 0} | ret=SUCCESS |  
2019-08-30 05:17:42,933 [grpc-default-executor-1] INFO  client.GrpcClientProtocolClient (GrpcClientProtocolClient.java:onNext(255)) - client-574492D41EE7->134d4672-e322-4e4b-b7f3-5645abb0fe8c: receive RaftClientReply:client-574492D41EE7->134d4672-e322-4e4b-b7f3-5645abb0fe8c@group-3CB1DFFBCDC2, cid=1659, SUCCESS, logIndex=2381, commits[134d4672-e322-4e4b-b7f3-5645abb0fe8c:c2383, 73af84f3-3e88-4c8c-894c-3ad307bcac8d:c2379, 730a25a1-dbec-44ed-975b-a44ab0096beb:c2379]
2019-08-30 05:17:42,934 | INFO  | DNAudit | user=null | ip=null | op=PUT_BLOCK {blockData=[blockId=conID: 1 locID: 102704235341808125 bcsId: 0,size=2097152]} | ret=SUCCESS |  
2019-08-30 05:17:42,934 [grpc-default-executor-1] INFO  client.GrpcClientProtocolClient (GrpcClientProtocolClient.java:onNext(255)) - client-574492D41EE7->134d4672-e322-4e4b-b7f3-5645abb0fe8c: receive RaftClientReply:client-574492D41EE7->134d4672-e322-4e4b-b7f3-5645abb0fe8c@group-3CB1DFFBCDC2, cid=1660, SUCCESS, logIndex=2382, commits[134d4672-e322-4e4b-b7f3-5645abb0fe8c:c2383, 73af84f3-3e88-4c8c-894c-3ad307bcac8d:c2379, 730a25a1-dbec-44ed-975b-a44ab0096beb:c2379]
2019-08-30 05:17:42,934 [grpc-default-executor-1] INFO  client.GrpcClientProtocolClient (GrpcClientProtocolClient.java:onNext(255)) - client-574492D41EE7->134d4672-e322-4e4b-b7f3-5645abb0fe8c: receive RaftClientReply:client-574492D41EE7->134d4672-e322-4e4b-b7f3-5645abb0fe8c@group-3CB1DFFBCDC2, cid=1661, SUCCESS, logIndex=2383, commits[134d4672-e322-4e4b-b7f3-5645abb0fe8c:c2383, 73af84f3-3e88-4c8c-894c-3ad307bcac8d:c2379, 730a25a1-dbec-44ed-975b-a44ab0096beb:c2379]
2019-08-30 05:17:42,934 | INFO  | DNAudit | user=null | ip=null | op=WRITE_CHUNK {blockData=conID: 1 locID: 102704235341808125 bcsId: 0} | ret=SUCCESS |  
2019-08-30 05:17:42,934 | INFO  | DNAudit | user=null | ip=null | op=PUT_BLOCK {blockData=[blockId=conID: 1 locID: 102704235341808125 bcsId: 0,size=1048576]} | ret=SUCCESS |  
2019-08-30 05:17:42,935 | INFO  | DNAudit | user=null | ip=null | op=WRITE_CHUNK {blockData=conID: 1 locID: 102704235341808125 bcsId: 0} | ret=SUCCESS |  
2019-08-30 05:17:42,936 | INFO  | DNAudit | user=null | ip=null | op=PUT_BLOCK {blockData=[blockId=conID: 1 locID: 102704235341808125 bcsId: 0,size=1048576]} | ret=SUCCESS |  
2019-08-30 05:17:42,936 [grpc-default-executor-1] INFO  client.GrpcClientProtocolClient (GrpcClientProtocolClient.java:onNext(255)) - client-574492D41EE7->134d4672-e322-4e4b-b7f3-5645abb0fe8c: receive RaftClientReply:client-574492D41EE7->134d4672-e322-4e4b-b7f3-5645abb0fe8c@group-3CB1DFFBCDC2, cid=1662, SUCCESS, logIndex=0, commits[134d4672-e322-4e4b-b7f3-5645abb0fe8c:c2384, 73af84f3-3e88-4c8c-894c-3ad307bcac8d:c2381, 730a25a1-dbec-44ed-975b-a44ab0096beb:c2381]
2019-08-30 05:17:42,936 | INFO  | DNAudit | user=null | ip=null | op=WRITE_CHUNK {blockData=conID: 1 locID: 102704235341808125 bcsId: 0} | ret=SUCCESS |  
2019-08-30 05:17:42,936 | INFO  | DNAudit | user=null | ip=null | op=PUT_BLOCK {blockData=[blockId=conID: 1 locID: 102704235341808125 bcsId: 0,size=2097152]} | ret=SUCCESS |  
2019-08-30 05:17:42,938 | INFO  | DNAudit | user=null | ip=null | op=WRITE_CHUNK {blockData=conID: 1 locID: 102704235341808125 bcsId: 0} | ret=SUCCESS |  
2019-08-30 05:17:42,938 | INFO  | DNAudit | user=null | ip=null | op=PUT_BLOCK {blockData=[blockId=conID: 1 locID: 102704235341808125 bcsId: 0,size=2097152]} | ret=SUCCESS |  
2019-08-30 05:17:42,941 | INFO  | DNAudit | user=null | ip=null | op=WRITE_CHUNK {blockData=conID: 1 locID: 102704235341808125 bcsId: 2383} | ret=SUCCESS |  
2019-08-30 05:17:42,943 | INFO  | DNAudit | user=null | ip=null | op=WRITE_CHUNK {blockData=conID: 1 locID: 102704235341808125 bcsId: 2383} | ret=SUCCESS |  
2019-08-30 05:17:42,944 | INFO  | DNAudit | user=null | ip=null | op=WRITE_CHUNK {blockData=conID: 1 locID: 102704235341808125 bcsId: 2383} | ret=SUCCESS |  
2019-08-30 05:17:42,972 | INFO  | DNAudit | user=null | ip=null | op=WRITE_CHUNK {blockData=conID: 1 locID: 102704235341808125 bcsId: 2383} | ret=SUCCESS |  
2019-08-30 05:17:42,973 | INFO  | DNAudit | user=null | ip=null | op=PUT_BLOCK {blockData=[blockId=conID: 1 locID: 102704235341808125 bcsId: 0,size=3145728]} | ret=SUCCESS |  
2019-08-30 05:17:42,973 [grpc-default-executor-3] INFO  client.GrpcClientProtocolClient (GrpcClientProtocolClient.java:onNext(255)) - client-574492D41EE7->134d4672-e322-4e4b-b7f3-5645abb0fe8c: receive RaftClientReply:client-574492D41EE7->134d4672-e322-4e4b-b7f3-5645abb0fe8c@group-3CB1DFFBCDC2, cid=1663, SUCCESS, logIndex=2388, commits[134d4672-e322-4e4b-b7f3-5645abb0fe8c:c2389, 73af84f3-3e88-4c8c-894c-3ad307bcac8d:c2387, 730a25a1-dbec-44ed-975b-a44ab0096beb:c2387]
2019-08-30 05:17:42,973 [grpc-default-executor-3] INFO  client.GrpcClientProtocolClient (GrpcClientProtocolClient.java:onNext(255)) - client-574492D41EE7->134d4672-e322-4e4b-b7f3-5645abb0fe8c: receive RaftClientReply:client-574492D41EE7->134d4672-e322-4e4b-b7f3-5645abb0fe8c@group-3CB1DFFBCDC2, cid=1664, SUCCESS, logIndex=2389, commits[134d4672-e322-4e4b-b7f3-5645abb0fe8c:c2389, 73af84f3-3e88-4c8c-894c-3ad307bcac8d:c2387, 730a25a1-dbec-44ed-975b-a44ab0096beb:c2387]
2019-08-30 05:17:42,981 | INFO  | DNAudit | user=null | ip=null | op=WRITE_CHUNK {blockData=conID: 1 locID: 102704235341808125 bcsId: 2389} | ret=SUCCESS |  
2019-08-30 05:17:42,982 | INFO  | DNAudit | user=null | ip=null | op=WRITE_CHUNK {blockData=conID: 1 locID: 102704235341808125 bcsId: 2389} | ret=SUCCESS |  
2019-08-30 05:17:42,983 | INFO  | DNAudit | user=null | ip=null | op=WRITE_CHUNK {blockData=conID: 1 locID: 102704235341808125 bcsId: 2389} | ret=SUCCESS |  
2019-08-30 05:17:42,984 | INFO  | DNAudit | user=null | ip=null | op=WRITE_CHUNK {blockData=conID: 1 locID: 102704235341808125 bcsId: 2383} | ret=SUCCESS |  
2019-08-30 05:17:42,984 | INFO  | DNAudit | user=null | ip=null | op=WRITE_CHUNK {blockData=conID: 1 locID: 102704235341808125 bcsId: 2383} | ret=SUCCESS |  
2019-08-30 05:17:42,986 | INFO  | DNAudit | user=null | ip=null | op=PUT_BLOCK {blockData=[blockId=conID: 1 locID: 102704235341808125 bcsId: 0,size=3145728]} | ret=SUCCESS |  
2019-08-30 05:17:42,986 | INFO  | DNAudit | user=null | ip=null | op=PUT_BLOCK {blockData=[blockId=conID: 1 locID: 102704235341808125 bcsId: 0,size=3145728]} | ret=SUCCESS |  
2019-08-30 05:17:42,986 | INFO  | DNAudit | user=null | ip=null | op=WRITE_CHUNK {blockData=conID: 1 locID: 102704235341808125 bcsId: 2389} | ret=SUCCESS |  
2019-08-30 05:17:42,987 | INFO  | DNAudit | user=null | ip=null | op=PUT_BLOCK {blockData=[blockId=conID: 1 locID: 102704235341808125 bcsId: 0,size=4194304]} | ret=SUCCESS |  
2019-08-30 05:17:42,987 [grpc-default-executor-6] INFO  client.GrpcClientProtocolClient (GrpcClientProtocolClient.java:onNext(255)) - client-574492D41EE7->134d4672-e322-4e4b-b7f3-5645abb0fe8c: receive RaftClientReply:client-574492D41EE7->134d4672-e322-4e4b-b7f3-5645abb0fe8c@group-3CB1DFFBCDC2, cid=1665, SUCCESS, logIndex=2392, commits[134d4672-e322-4e4b-b7f3-5645abb0fe8c:c2393, 73af84f3-3e88-4c8c-894c-3ad307bcac8d:c2389, 730a25a1-dbec-44ed-975b-a44ab0096beb:c2389]
2019-08-30 05:17:42,987 [grpc-default-executor-6] INFO  client.GrpcClientProtocolClient (GrpcClientProtocolClient.java:onNext(255)) - client-574492D41EE7->134d4672-e322-4e4b-b7f3-5645abb0fe8c: receive RaftClientReply:client-574492D41EE7->134d4672-e322-4e4b-b7f3-5645abb0fe8c@group-3CB1DFFBCDC2, cid=1666, SUCCESS, logIndex=2393, commits[134d4672-e322-4e4b-b7f3-5645abb0fe8c:c2393, 73af84f3-3e88-4c8c-894c-3ad307bcac8d:c2389, 730a25a1-dbec-44ed-975b-a44ab0096beb:c2389]
2019-08-30 05:17:42,998 | INFO  | DNAudit | user=null | ip=null | op=WRITE_CHUNK {blockData=conID: 1 locID: 102704235341808125 bcsId: 2389} | ret=SUCCESS |  
2019-08-30 05:17:42,998 | INFO  | DNAudit | user=null | ip=null | op=WRITE_CHUNK {blockData=conID: 1 locID: 102704235341808125 bcsId: 2389} | ret=SUCCESS |  
2019-08-30 05:17:43,001 | INFO  | DNAudit | user=null | ip=null | op=PUT_BLOCK {blockData=[blockId=conID: 1 locID: 102704235341808125 bcsId: 0,size=4194304]} | ret=SUCCESS |  
2019-08-30 05:17:43,001 | INFO  | DNAudit | user=null | ip=null | op=PUT_BLOCK {blockData=[blockId=conID: 1 locID: 102704235341808125 bcsId: 0,size=4194304]} | ret=SUCCESS |  
2019-08-30 05:17:43,001 [grpc-default-executor-6] INFO  client.GrpcClientProtocolClient (GrpcClientProtocolClient.java:onNext(255)) - client-574492D41EE7->134d4672-e322-4e4b-b7f3-5645abb0fe8c: receive RaftClientReply:client-574492D41EE7->134d4672-e322-4e4b-b7f3-5645abb0fe8c@group-3CB1DFFBCDC2, cid=1667, SUCCESS, logIndex=0, commits[134d4672-e322-4e4b-b7f3-5645abb0fe8c:c2395, 73af84f3-3e88-4c8c-894c-3ad307bcac8d:c2393, 730a25a1-dbec-44ed-975b-a44ab0096beb:c2393]
2019-08-30 05:17:43,005 | INFO  | SCMAudit | user=jenkins1000 | ip=192.168.36.106 | op=ALLOCATE_BLOCK {owner=85755eb5-052d-48fa-b271-2fe4d8754e12, size=4194304, type=RATIS, factor=THREE} | ret=SUCCESS |  
2019-08-30 05:17:43,007 | INFO  | OMAudit | user=jenkins1000 | ip=127.0.0.1 | op=ALLOCATE_BLOCK {volume=vol-0-00977, bucket=bucket-0-44205, key=key-0-32850, dataSize=0, replicationType=null, replicationFactor=null, keyLocationInfo=null, clientID=102704234570776978} | ret=SUCCESS |  
2019-08-30 05:17:43,014 | INFO  | DNAudit | user=null | ip=null | op=WRITE_CHUNK {blockData=conID: 2 locID: 102704235348296190 bcsId: 0} | ret=SUCCESS |  
2019-08-30 05:17:43,016 | INFO  | DNAudit | user=null | ip=null | op=WRITE_CHUNK {blockData=conID: 2 locID: 102704235348296190 bcsId: 0} | ret=SUCCESS |  
2019-08-30 05:17:43,016 | INFO  | DNAudit | user=null | ip=null | op=WRITE_CHUNK {blockData=conID: 2 locID: 102704235348296190 bcsId: 0} | ret=SUCCESS |  
2019-08-30 05:17:43,017 | INFO  | DNAudit | user=null | ip=null | op=WRITE_CHUNK {blockData=conID: 2 locID: 102704235348296190 bcsId: 0} | ret=SUCCESS |  
2019-08-30 05:17:43,019 | INFO  | DNAudit | user=null | ip=null | op=WRITE_CHUNK {blockData=conID: 2 locID: 102704235348296190 bcsId: 0} | ret=SUCCESS |  
2019-08-30 05:17:43,019 | INFO  | DNAudit | user=null | ip=null | op=WRITE_CHUNK {blockData=conID: 2 locID: 102704235348296190 bcsId: 0} | ret=SUCCESS |  
2019-08-30 05:17:43,026 | INFO  | DNAudit | user=null | ip=null | op=WRITE_CHUNK {blockData=conID: 2 locID: 102704235348296190 bcsId: 0} | ret=SUCCESS |  
2019-08-30 05:17:43,027 | INFO  | DNAudit | user=null | ip=null | op=PUT_BLOCK {blockData=[blockId=conID: 2 locID: 102704235348296190 bcsId: 0,size=1048576]} | ret=SUCCESS |  
2019-08-30 05:17:43,027 | INFO  | DNAudit | user=null | ip=null | op=WRITE_CHUNK {blockData=conID: 2 locID: 102704235348296190 bcsId: 0} | ret=SUCCESS |  
2019-08-30 05:17:43,027 [grpc-default-executor-6] INFO  client.GrpcClientProtocolClient (GrpcClientProtocolClient.java:onNext(255)) - client-574492D41EE7->134d4672-e322-4e4b-b7f3-5645abb0fe8c: receive RaftClientReply:client-574492D41EE7->134d4672-e322-4e4b-b7f3-5645abb0fe8c@group-3CB1DFFBCDC2, cid=1668, SUCCESS, logIndex=2396, commits[134d4672-e322-4e4b-b7f3-5645abb0fe8c:c2397, 73af84f3-3e88-4c8c-894c-3ad307bcac8d:c2395, 730a25a1-dbec-44ed-975b-a44ab0096beb:c2395]
2019-08-30 05:17:43,027 | INFO  | DNAudit | user=null | ip=null | op=PUT_BLOCK {blockData=[blockId=conID: 2 locID: 102704235348296190 bcsId: 0,size=2097152]} | ret=SUCCESS |  
2019-08-30 05:17:43,027 [grpc-default-executor-5] INFO  client.GrpcClientProtocolClient (GrpcClientProtocolClient.java:onNext(255)) - client-574492D41EE7->134d4672-e322-4e4b-b7f3-5645abb0fe8c: receive RaftClientReply:client-574492D41EE7->134d4672-e322-4e4b-b7f3-5645abb0fe8c@group-3CB1DFFBCDC2, cid=1669, SUCCESS, logIndex=2397, commits[134d4672-e322-4e4b-b7f3-5645abb0fe8c:c2398, 73af84f3-3e88-4c8c-894c-3ad307bcac8d:c2395, 730a25a1-dbec-44ed-975b-a44ab0096beb:c2395]
2019-08-30 05:17:43,028 [grpc-default-executor-5] INFO  client.GrpcClientProtocolClient (GrpcClientProtocolClient.java:onNext(255)) - client-574492D41EE7->134d4672-e322-4e4b-b7f3-5645abb0fe8c: receive RaftClientReply:client-574492D41EE7->134d4672-e322-4e4b-b7f3-5645abb0fe8c@group-3CB1DFFBCDC2, cid=1670, SUCCESS, logIndex=2398, commits[134d4672-e322-4e4b-b7f3-5645abb0fe8c:c2399, 73af84f3-3e88-4c8c-894c-3ad307bcac8d:c2395, 730a25a1-dbec-44ed-975b-a44ab0096beb:c2395]
2019-08-30 05:17:43,028 [grpc-default-executor-5] INFO  client.GrpcClientProtocolClient (GrpcClientProtocolClient.java:onNext(255)) - client-574492D41EE7->134d4672-e322-4e4b-b7f3-5645abb0fe8c: receive RaftClientReply:client-574492D41EE7->134d4672-e322-4e4b-b7f3-5645abb0fe8c@group-3CB1DFFBCDC2, cid=1671, SUCCESS, logIndex=2399, commits[134d4672-e322-4e4b-b7f3-5645abb0fe8c:c2399, 73af84f3-3e88-4c8c-894c-3ad307bcac8d:c2395, 730a25a1-dbec-44ed-975b-a44ab0096beb:c2395]
2019-08-30 05:17:43,041 | INFO  | DNAudit | user=null | ip=null | op=WRITE_CHUNK {blockData=conID: 2 locID: 102704235348296190 bcsId: 0} | ret=SUCCESS |  
2019-08-30 05:17:43,041 | INFO  | DNAudit | user=null | ip=null | op=WRITE_CHUNK {blockData=conID: 2 locID: 102704235348296190 bcsId: 0} | ret=SUCCESS |  
2019-08-30 05:17:43,041 | INFO  | DNAudit | user=null | ip=null | op=PUT_BLOCK {blockData=[blockId=conID: 2 locID: 102704235348296190 bcsId: 0,size=1048576]} | ret=SUCCESS |  
2019-08-30 05:17:43,041 | INFO  | DNAudit | user=null | ip=null | op=PUT_BLOCK {blockData=[blockId=conID: 2 locID: 102704235348296190 bcsId: 0,size=1048576]} | ret=SUCCESS |  
2019-08-30 05:17:43,042 | INFO  | DNAudit | user=null | ip=null | op=WRITE_CHUNK {blockData=conID: 2 locID: 102704235348296190 bcsId: 0} | ret=SUCCESS |  
2019-08-30 05:17:43,042 | INFO  | DNAudit | user=null | ip=null | op=PUT_BLOCK {blockData=[blockId=conID: 2 locID: 102704235348296190 bcsId: 0,size=2097152]} | ret=SUCCESS |  
2019-08-30 05:17:43,042 [grpc-default-executor-5] INFO  client.GrpcClientProtocolClient (GrpcClientProtocolClient.java:onNext(255)) - client-574492D41EE7->134d4672-e322-4e4b-b7f3-5645abb0fe8c: receive RaftClientReply:client-574492D41EE7->134d4672-e322-4e4b-b7f3-5645abb0fe8c@group-3CB1DFFBCDC2, cid=1672, SUCCESS, logIndex=0, commits[134d4672-e322-4e4b-b7f3-5645abb0fe8c:c2402, 73af84f3-3e88-4c8c-894c-3ad307bcac8d:c2397, 730a25a1-dbec-44ed-975b-a44ab0096beb:c2398]
2019-08-30 05:17:43,050 | INFO  | DNAudit | user=null | ip=null | op=WRITE_CHUNK {blockData=conID: 2 locID: 102704235348296190 bcsId: 2399} | ret=SUCCESS |  
2019-08-30 05:17:43,051 | INFO  | DNAudit | user=null | ip=null | op=WRITE_CHUNK {blockData=conID: 2 locID: 102704235348296190 bcsId: 0} | ret=SUCCESS |  
2019-08-30 05:17:43,052 | INFO  | DNAudit | user=null | ip=null | op=PUT_BLOCK {blockData=[blockId=conID: 2 locID: 102704235348296190 bcsId: 0,size=2097152]} | ret=SUCCESS |  
2019-08-30 05:17:43,052 | INFO  | DNAudit | user=null | ip=null | op=WRITE_CHUNK {blockData=conID: 2 locID: 102704235348296190 bcsId: 2399} | ret=SUCCESS |  
2019-08-30 05:17:43,053 | INFO  | DNAudit | user=null | ip=null | op=WRITE_CHUNK {blockData=conID: 2 locID: 102704235348296190 bcsId: 2399} | ret=SUCCESS |  
2019-08-30 05:17:43,054 | INFO  | DNAudit | user=null | ip=null | op=WRITE_CHUNK {blockData=conID: 2 locID: 102704235348296190 bcsId: 2399} | ret=SUCCESS |  
2019-08-30 05:17:43,054 | INFO  | DNAudit | user=null | ip=null | op=PUT_BLOCK {blockData=[blockId=conID: 2 locID: 102704235348296190 bcsId: 0,size=3145728]} | ret=SUCCESS |  
2019-08-30 05:17:43,054 [grpc-default-executor-6] INFO  client.GrpcClientProtocolClient (GrpcClientProtocolClient.java:onNext(255)) - client-574492D41EE7->134d4672-e322-4e4b-b7f3-5645abb0fe8c: receive RaftClientReply:client-574492D41EE7->134d4672-e322-4e4b-b7f3-5645abb0fe8c@group-3CB1DFFBCDC2, cid=1673, SUCCESS, logIndex=2404, commits[134d4672-e322-4e4b-b7f3-5645abb0fe8c:c2405, 73af84f3-3e88-4c8c-894c-3ad307bcac8d:c2403, 730a25a1-dbec-44ed-975b-a44ab0096beb:c2399]
2019-08-30 05:17:43,055 [grpc-default-executor-6] INFO  client.GrpcClientProtocolClient (GrpcClientProtocolClient.java:onNext(255)) - client-574492D41EE7->134d4672-e322-4e4b-b7f3-5645abb0fe8c: receive RaftClientReply:client-574492D41EE7->134d4672-e322-4e4b-b7f3-5645abb0fe8c@group-3CB1DFFBCDC2, cid=1674, SUCCESS, logIndex=2405, commits[134d4672-e322-4e4b-b7f3-5645abb0fe8c:c2405, 73af84f3-3e88-4c8c-894c-3ad307bcac8d:c2403, 730a25a1-dbec-44ed-975b-a44ab0096beb:c2403]
2019-08-30 05:17:43,055 | INFO  | DNAudit | user=null | ip=null | op=WRITE_CHUNK {blockData=conID: 2 locID: 102704235348296190 bcsId: 2399} | ret=SUCCESS |  
2019-08-30 05:17:43,055 | INFO  | DNAudit | user=null | ip=null | op=PUT_BLOCK {blockData=[blockId=conID: 2 locID: 102704235348296190 bcsId: 0,size=3145728]} | ret=SUCCESS |  
2019-08-30 05:17:43,056 | INFO  | DNAudit | user=null | ip=null | op=WRITE_CHUNK {blockData=conID: 2 locID: 102704235348296190 bcsId: 2399} | ret=SUCCESS |  
2019-08-30 05:17:43,056 | INFO  | DNAudit | user=null | ip=null | op=PUT_BLOCK {blockData=[blockId=conID: 2 locID: 102704235348296190 bcsId: 0,size=3145728]} | ret=SUCCESS |  
2019-08-30 05:17:43,061 | INFO  | DNAudit | user=null | ip=null | op=WRITE_CHUNK {blockData=conID: 2 locID: 102704235348296190 bcsId: 2405} | ret=SUCCESS |  
2019-08-30 05:17:43,063 | INFO  | DNAudit | user=null | ip=null | op=WRITE_CHUNK {blockData=conID: 2 locID: 102704235348296190 bcsId: 2405} | ret=SUCCESS |  
2019-08-30 05:17:43,063 | INFO  | DNAudit | user=null | ip=null | op=WRITE_CHUNK {blockData=conID: 2 locID: 102704235348296190 bcsId: 2405} | ret=SUCCESS |  
2019-08-30 05:17:43,074 | INFO  | DNAudit | user=null | ip=null | op=WRITE_CHUNK {blockData=conID: 2 locID: 102704235348296190 bcsId: 2405} | ret=SUCCESS |  
2019-08-30 05:17:43,074 | INFO  | DNAudit | user=null | ip=null | op=PUT_BLOCK {blockData=[blockId=conID: 2 locID: 102704235348296190 bcsId: 0,size=4194304]} | ret=SUCCESS |  
2019-08-30 05:17:43,074 [grpc-default-executor-5] INFO  client.GrpcClientProtocolClient (GrpcClientProtocolClient.java:onNext(255)) - client-574492D41EE7->134d4672-e322-4e4b-b7f3-5645abb0fe8c: receive RaftClientReply:client-574492D41EE7->134d4672-e322-4e4b-b7f3-5645abb0fe8c@group-3CB1DFFBCDC2, cid=1675, SUCCESS, logIndex=2408, commits[134d4672-e322-4e4b-b7f3-5645abb0fe8c:c2409, 73af84f3-3e88-4c8c-894c-3ad307bcac8d:c2407, 730a25a1-dbec-44ed-975b-a44ab0096beb:c2407]
2019-08-30 05:17:43,075 [grpc-default-executor-5] INFO  client.GrpcClientProtocolClient (GrpcClientProtocolClient.java:onNext(255)) - client-574492D41EE7->134d4672-e322-4e4b-b7f3-5645abb0fe8c: receive RaftClientReply:client-574492D41EE7->134d4672-e322-4e4b-b7f3-5645abb0fe8c@group-3CB1DFFBCDC2, cid=1676, SUCCESS, logIndex=2409, commits[134d4672-e322-4e4b-b7f3-5645abb0fe8c:c2409, 73af84f3-3e88-4c8c-894c-3ad307bcac8d:c2407, 730a25a1-dbec-44ed-975b-a44ab0096beb:c2407]
2019-08-30 05:17:43,085 | INFO  | DNAudit | user=null | ip=null | op=WRITE_CHUNK {blockData=conID: 2 locID: 102704235348296190 bcsId: 2405} | ret=SUCCESS |  
2019-08-30 05:17:43,085 | INFO  | DNAudit | user=null | ip=null | op=WRITE_CHUNK {blockData=conID: 2 locID: 102704235348296190 bcsId: 2405} | ret=SUCCESS |  
2019-08-30 05:17:43,086 | INFO  | DNAudit | user=null | ip=null | op=PUT_BLOCK {blockData=[blockId=conID: 2 locID: 102704235348296190 bcsId: 0,size=4194304]} | ret=SUCCESS |  
2019-08-30 05:17:43,086 | INFO  | DNAudit | user=null | ip=null | op=PUT_BLOCK {blockData=[blockId=conID: 2 locID: 102704235348296190 bcsId: 0,size=4194304]} | ret=SUCCESS |  
2019-08-30 05:17:43,086 [grpc-default-executor-6] INFO  client.GrpcClientProtocolClient (GrpcClientProtocolClient.java:onNext(255)) - client-574492D41EE7->134d4672-e322-4e4b-b7f3-5645abb0fe8c: receive RaftClientReply:client-574492D41EE7->134d4672-e322-4e4b-b7f3-5645abb0fe8c@group-3CB1DFFBCDC2, cid=1677, SUCCESS, logIndex=0, commits[134d4672-e322-4e4b-b7f3-5645abb0fe8c:c2410, 73af84f3-3e88-4c8c-894c-3ad307bcac8d:c2409, 730a25a1-dbec-44ed-975b-a44ab0096beb:c2409]
2019-08-30 05:17:43,090 | INFO  | SCMAudit | user=jenkins1000 | ip=192.168.36.106 | op=ALLOCATE_BLOCK {owner=85755eb5-052d-48fa-b271-2fe4d8754e12, size=4194304, type=RATIS, factor=THREE} | ret=SUCCESS |  
2019-08-30 05:17:43,094 | INFO  | OMAudit | user=jenkins1000 | ip=127.0.0.1 | op=ALLOCATE_BLOCK {volume=vol-0-00977, bucket=bucket-0-44205, key=key-0-32850, dataSize=0, replicationType=null, replicationFactor=null, keyLocationInfo=null, clientID=102704234570776978} | ret=SUCCESS |  
2019-08-30 05:17:43,100 | INFO  | DNAudit | user=null | ip=null | op=WRITE_CHUNK {blockData=conID: 3 locID: 102704235353866751 bcsId: 0} | ret=SUCCESS |  
2019-08-30 05:17:43,102 | INFO  | DNAudit | user=null | ip=null | op=WRITE_CHUNK {blockData=conID: 3 locID: 102704235353866751 bcsId: 0} | ret=SUCCESS |  
2019-08-30 05:17:43,103 | INFO  | DNAudit | user=null | ip=null | op=WRITE_CHUNK {blockData=conID: 3 locID: 102704235353866751 bcsId: 0} | ret=SUCCESS |  
2019-08-30 05:17:43,103 | INFO  | DNAudit | user=null | ip=null | op=WRITE_CHUNK {blockData=conID: 3 locID: 102704235353866751 bcsId: 0} | ret=SUCCESS |  
2019-08-30 05:17:43,104 | INFO  | DNAudit | user=null | ip=null | op=WRITE_CHUNK {blockData=conID: 3 locID: 102704235353866751 bcsId: 0} | ret=SUCCESS |  
2019-08-30 05:17:43,105 | INFO  | DNAudit | user=null | ip=null | op=WRITE_CHUNK {blockData=conID: 3 locID: 102704235353866751 bcsId: 0} | ret=SUCCESS |  
2019-08-30 05:17:43,113 | INFO  | DNAudit | user=null | ip=null | op=WRITE_CHUNK {blockData=conID: 3 locID: 102704235353866751 bcsId: 0} | ret=SUCCESS |  
2019-08-30 05:17:43,113 | INFO  | DNAudit | user=null | ip=null | op=PUT_BLOCK {blockData=[blockId=conID: 3 locID: 102704235353866751 bcsId: 0,size=1048576]} | ret=SUCCESS |  
2019-08-30 05:17:43,113 [grpc-default-executor-1] INFO  client.GrpcClientProtocolClient (GrpcClientProtocolClient.java:onNext(255)) - client-574492D41EE7->134d4672-e322-4e4b-b7f3-5645abb0fe8c: receive RaftClientReply:client-574492D41EE7->134d4672-e322-4e4b-b7f3-5645abb0fe8c@group-3CB1DFFBCDC2, cid=1678, SUCCESS, logIndex=2412, commits[134d4672-e322-4e4b-b7f3-5645abb0fe8c:c2415, 73af84f3-3e88-4c8c-894c-3ad307bcac8d:c2411, 730a25a1-dbec-44ed-975b-a44ab0096beb:c2411]
2019-08-30 05:17:43,114 | INFO  | DNAudit | user=null | ip=null | op=WRITE_CHUNK {blockData=conID: 3 locID: 102704235353866751 bcsId: 0} | ret=SUCCESS |  
2019-08-30 05:17:43,114 [grpc-default-executor-1] INFO  client.GrpcClientProtocolClient (GrpcClientProtocolClient.java:onNext(255)) - client-574492D41EE7->134d4672-e322-4e4b-b7f3-5645abb0fe8c: receive RaftClientReply:client-574492D41EE7->134d4672-e322-4e4b-b7f3-5645abb0fe8c@group-3CB1DFFBCDC2, cid=1679, SUCCESS, logIndex=2413, commits[134d4672-e322-4e4b-b7f3-5645abb0fe8c:c2415, 73af84f3-3e88-4c8c-894c-3ad307bcac8d:c2411, 730a25a1-dbec-44ed-975b-a44ab0096beb:c2411]
2019-08-30 05:17:43,114 | INFO  | DNAudit | user=null | ip=null | op=PUT_BLOCK {blockData=[blockId=conID: 3 locID: 102704235353866751 bcsId: 0,size=2097152]} | ret=SUCCESS |  
2019-08-30 05:17:43,114 [grpc-default-executor-1] INFO  client.GrpcClientProtocolClient (GrpcClientProtocolClient.java:onNext(255)) - client-574492D41EE7->134d4672-e322-4e4b-b7f3-5645abb0fe8c: receive RaftClientReply:client-574492D41EE7->134d4672-e322-4e4b-b7f3-5645abb0fe8c@group-3CB1DFFBCDC2, cid=1680, SUCCESS, logIndex=2414, commits[134d4672-e322-4e4b-b7f3-5645abb0fe8c:c2415, 73af84f3-3e88-4c8c-894c-3ad307bcac8d:c2411, 730a25a1-dbec-44ed-975b-a44ab0096beb:c2411]
2019-08-30 05:17:43,114 [grpc-default-executor-1] INFO  client.GrpcClientProtocolClient (GrpcClientProtocolClient.java:onNext(255)) - client-574492D41EE7->134d4672-e322-4e4b-b7f3-5645abb0fe8c: receive RaftClientReply:client-574492D41EE7->134d4672-e322-4e4b-b7f3-5645abb0fe8c@group-3CB1DFFBCDC2, cid=1681, SUCCESS, logIndex=2415, commits[134d4672-e322-4e4b-b7f3-5645abb0fe8c:c2415, 73af84f3-3e88-4c8c-894c-3ad307bcac8d:c2411, 730a25a1-dbec-44ed-975b-a44ab0096beb:c2411]
2019-08-30 05:17:43,115 | INFO  | DNAudit | user=null | ip=null | op=WRITE_CHUNK {blockData=conID: 3 locID: 102704235353866751 bcsId: 0} | ret=SUCCESS |  
2019-08-30 05:17:43,117 | INFO  | SCMAudit | user=jenkins1000 | ip=192.168.36.106 | op=SEND_HEARTBEAT {datanodeUUID=730a25a1-dbec-44ed-975b-a44ab0096beb, command=[]} | ret=SUCCESS |  
2019-08-30 05:17:43,117 | INFO  | SCMAudit | user=jenkins1000 | ip=192.168.36.106 | op=SEND_HEARTBEAT {datanodeUUID=73af84f3-3e88-4c8c-894c-3ad307bcac8d, command=[]} | ret=SUCCESS |  
2019-08-30 05:17:43,126 | INFO  | DNAudit | user=null | ip=null | op=WRITE_CHUNK {blockData=conID: 3 locID: 102704235353866751 bcsId: 0} | ret=SUCCESS |  
2019-08-30 05:17:43,127 | INFO  | DNAudit | user=null | ip=null | op=PUT_BLOCK {blockData=[blockId=conID: 3 locID: 102704235353866751 bcsId: 0,size=1048576]} | ret=SUCCESS |  
2019-08-30 05:17:43,127 | INFO  | DNAudit | user=null | ip=null | op=PUT_BLOCK {blockData=[blockId=conID: 3 locID: 102704235353866751 bcsId: 0,size=1048576]} | ret=SUCCESS |  
2019-08-30 05:17:43,127 | INFO  | DNAudit | user=null | ip=null | op=WRITE_CHUNK {blockData=conID: 3 locID: 102704235353866751 bcsId: 0} | ret=SUCCESS |  
2019-08-30 05:17:43,127 | INFO  | DNAudit | user=null | ip=null | op=WRITE_CHUNK {blockData=conID: 3 locID: 102704235353866751 bcsId: 0} | ret=SUCCESS |  
2019-08-30 05:17:43,127 | INFO  | DNAudit | user=null | ip=null | op=PUT_BLOCK {blockData=[blockId=conID: 3 locID: 102704235353866751 bcsId: 0,size=2097152]} | ret=SUCCESS |  
2019-08-30 05:17:43,127 | INFO  | DNAudit | user=null | ip=null | op=PUT_BLOCK {blockData=[blockId=conID: 3 locID: 102704235353866751 bcsId: 0,size=2097152]} | ret=SUCCESS |  
2019-08-30 05:17:43,127 [grpc-default-executor-1] INFO  client.GrpcClientProtocolClient (GrpcClientProtocolClient.java:onNext(255)) - client-574492D41EE7->134d4672-e322-4e4b-b7f3-5645abb0fe8c: receive RaftClientReply:client-574492D41EE7->134d4672-e322-4e4b-b7f3-5645abb0fe8c@group-3CB1DFFBCDC2, cid=1682, SUCCESS, logIndex=0, commits[134d4672-e322-4e4b-b7f3-5645abb0fe8c:c2419, 73af84f3-3e88-4c8c-894c-3ad307bcac8d:c2413, 730a25a1-dbec-44ed-975b-a44ab0096beb:c2415]
2019-08-30 05:17:43,132 | INFO  | DNAudit | user=null | ip=null | op=WRITE_CHUNK {blockData=conID: 3 locID: 102704235353866751 bcsId: 2415} | ret=SUCCESS |  
2019-08-30 05:17:43,134 | INFO  | DNAudit | user=null | ip=null | op=WRITE_CHUNK {blockData=conID: 3 locID: 102704235353866751 bcsId: 2415} | ret=SUCCESS |  
2019-08-30 05:17:43,134 | INFO  | DNAudit | user=null | ip=null | op=WRITE_CHUNK {blockData=conID: 3 locID: 102704235353866751 bcsId: 2415} | ret=SUCCESS |  
2019-08-30 05:17:43,145 | INFO  | DNAudit | user=null | ip=null | op=WRITE_CHUNK {blockData=conID: 3 locID: 102704235353866751 bcsId: 2415} | ret=SUCCESS |  
2019-08-30 05:17:43,145 | INFO  | DNAudit | user=null | ip=null | op=PUT_BLOCK {blockData=[blockId=conID: 3 locID: 102704235353866751 bcsId: 0,size=3145728]} | ret=SUCCESS |  
2019-08-30 05:17:43,146 [grpc-default-executor-5] INFO  client.GrpcClientProtocolClient (GrpcClientProtocolClient.java:onNext(255)) - client-574492D41EE7->134d4672-e322-4e4b-b7f3-5645abb0fe8c: receive RaftClientReply:client-574492D41EE7->134d4672-e322-4e4b-b7f3-5645abb0fe8c@group-3CB1DFFBCDC2, cid=1683, SUCCESS, logIndex=2420, commits[134d4672-e322-4e4b-b7f3-5645abb0fe8c:c2421, 73af84f3-3e88-4c8c-894c-3ad307bcac8d:c2419, 730a25a1-dbec-44ed-975b-a44ab0096beb:c2419]
2019-08-30 05:17:43,146 [grpc-default-executor-5] INFO  client.GrpcClientProtocolClient (GrpcClientProtocolClient.java:onNext(255)) - client-574492D41EE7->134d4672-e322-4e4b-b7f3-5645abb0fe8c: receive RaftClientReply:client-574492D41EE7->134d4672-e322-4e4b-b7f3-5645abb0fe8c@group-3CB1DFFBCDC2, cid=1684, SUCCESS, logIndex=2421, commits[134d4672-e322-4e4b-b7f3-5645abb0fe8c:c2421, 73af84f3-3e88-4c8c-894c-3ad307bcac8d:c2419, 730a25a1-dbec-44ed-975b-a44ab0096beb:c2419]
2019-08-30 05:17:43,151 | INFO  | DNAudit | user=null | ip=null | op=WRITE_CHUNK {blockData=conID: 3 locID: 102704235353866751 bcsId: 2421} | ret=SUCCESS |  
2019-08-30 05:17:43,153 | INFO  | DNAudit | user=null | ip=null | op=WRITE_CHUNK {blockData=conID: 3 locID: 102704235353866751 bcsId: 2421} | ret=SUCCESS |  
2019-08-30 05:17:43,153 | INFO  | DNAudit | user=null | ip=null | op=WRITE_CHUNK {blockData=conID: 3 locID: 102704235353866751 bcsId: 2421} | ret=SUCCESS |  
2019-08-30 05:17:43,157 | INFO  | DNAudit | user=null | ip=null | op=WRITE_CHUNK {blockData=conID: 3 locID: 102704235353866751 bcsId: 2415} | ret=SUCCESS |  
2019-08-30 05:17:43,157 | INFO  | DNAudit | user=null | ip=null | op=WRITE_CHUNK {blockData=conID: 3 locID: 102704235353866751 bcsId: 2415} | ret=SUCCESS |  
2019-08-30 05:17:43,157 | INFO  | DNAudit | user=null | ip=null | op=PUT_BLOCK {blockData=[blockId=conID: 3 locID: 102704235353866751 bcsId: 0,size=3145728]} | ret=SUCCESS |  
2019-08-30 05:17:43,157 | INFO  | DNAudit | user=null | ip=null | op=PUT_BLOCK {blockData=[blockId=conID: 3 locID: 102704235353866751 bcsId: 0,size=3145728]} | ret=SUCCESS |  
2019-08-30 05:17:43,160 | INFO  | DNAudit | user=null | ip=null | op=WRITE_CHUNK {blockData=conID: 3 locID: 102704235353866751 bcsId: 2421} | ret=SUCCESS |  
2019-08-30 05:17:43,160 | INFO  | DNAudit | user=null | ip=null | op=PUT_BLOCK {blockData=[blockId=conID: 3 locID: 102704235353866751 bcsId: 0,size=4194304]} | ret=SUCCESS |  
2019-08-30 05:17:43,160 [grpc-default-executor-1] INFO  client.GrpcClientProtocolClient (GrpcClientProtocolClient.java:onNext(255)) - client-574492D41EE7->134d4672-e322-4e4b-b7f3-5645abb0fe8c: receive RaftClientReply:client-574492D41EE7->134d4672-e322-4e4b-b7f3-5645abb0fe8c@group-3CB1DFFBCDC2, cid=1685, SUCCESS, logIndex=2424, commits[134d4672-e322-4e4b-b7f3-5645abb0fe8c:c2425, 73af84f3-3e88-4c8c-894c-3ad307bcac8d:c2421, 730a25a1-dbec-44ed-975b-a44ab0096beb:c2421]
2019-08-30 05:17:43,161 [grpc-default-executor-1] INFO  client.GrpcClientProtocolClient (GrpcClientProtocolClient.java:onNext(255)) - client-574492D41EE7->134d4672-e322-4e4b-b7f3-5645abb0fe8c: receive RaftClientReply:client-574492D41EE7->134d4672-e322-4e4b-b7f3-5645abb0fe8c@group-3CB1DFFBCDC2, cid=1686, SUCCESS, logIndex=2425, commits[134d4672-e322-4e4b-b7f3-5645abb0fe8c:c2425, 73af84f3-3e88-4c8c-894c-3ad307bcac8d:c2421, 730a25a1-dbec-44ed-975b-a44ab0096beb:c2421]
2019-08-30 05:17:43,170 | INFO  | DNAudit | user=null | ip=null | op=WRITE_CHUNK {blockData=conID: 3 locID: 102704235353866751 bcsId: 2421} | ret=SUCCESS |  
2019-08-30 05:17:43,170 | INFO  | DNAudit | user=null | ip=null | op=WRITE_CHUNK {blockData=conID: 3 locID: 102704235353866751 bcsId: 2421} | ret=SUCCESS |  
2019-08-30 05:17:43,171 | INFO  | DNAudit | user=null | ip=null | op=PUT_BLOCK {blockData=[blockId=conID: 3 locID: 102704235353866751 bcsId: 0,size=4194304]} | ret=SUCCESS |  
2019-08-30 05:17:43,171 | INFO  | DNAudit | user=null | ip=null | op=PUT_BLOCK {blockData=[blockId=conID: 3 locID: 102704235353866751 bcsId: 0,size=4194304]} | ret=SUCCESS |  
2019-08-30 05:17:43,172 [grpc-default-executor-5] INFO  client.GrpcClientProtocolClient (GrpcClientProtocolClient.java:onNext(255)) - client-574492D41EE7->134d4672-e322-4e4b-b7f3-5645abb0fe8c: receive RaftClientReply:client-574492D41EE7->134d4672-e322-4e4b-b7f3-5645abb0fe8c@group-3CB1DFFBCDC2, cid=1687, SUCCESS, logIndex=0, commits[134d4672-e322-4e4b-b7f3-5645abb0fe8c:c2427, 73af84f3-3e88-4c8c-894c-3ad307bcac8d:c2425, 730a25a1-dbec-44ed-975b-a44ab0096beb:c2425]
2019-08-30 05:17:43,175 | INFO  | SCMAudit | user=jenkins1000 | ip=192.168.36.106 | op=ALLOCATE_BLOCK {owner=85755eb5-052d-48fa-b271-2fe4d8754e12, size=4194304, type=RATIS, factor=THREE} | ret=SUCCESS |  
2019-08-30 05:17:43,177 | INFO  | OMAudit | user=jenkins1000 | ip=127.0.0.1 | op=ALLOCATE_BLOCK {volume=vol-0-00977, bucket=bucket-0-44205, key=key-0-32850, dataSize=0, replicationType=null, replicationFactor=null, keyLocationInfo=null, clientID=102704234570776978} | ret=SUCCESS |  
2019-08-30 05:17:43,182 | INFO  | DNAudit | user=null | ip=null | op=WRITE_CHUNK {blockData=conID: 1 locID: 102704235359437312 bcsId: 0} | ret=SUCCESS |  
2019-08-30 05:17:43,184 | INFO  | DNAudit | user=null | ip=null | op=WRITE_CHUNK {blockData=conID: 1 locID: 102704235359437312 bcsId: 0} | ret=SUCCESS |  
2019-08-30 05:17:43,184 | INFO  | DNAudit | user=null | ip=null | op=WRITE_CHUNK {blockData=conID: 1 locID: 102704235359437312 bcsId: 0} | ret=SUCCESS |  
2019-08-30 05:17:43,184 | INFO  | DNAudit | user=null | ip=null | op=WRITE_CHUNK {blockData=conID: 1 locID: 102704235359437312 bcsId: 0} | ret=SUCCESS |  
2019-08-30 05:17:43,186 | INFO  | DNAudit | user=null | ip=null | op=WRITE_CHUNK {blockData=conID: 1 locID: 102704235359437312 bcsId: 0} | ret=SUCCESS |  
2019-08-30 05:17:43,187 | INFO  | DNAudit | user=null | ip=null | op=WRITE_CHUNK {blockData=conID: 1 locID: 102704235359437312 bcsId: 0} | ret=SUCCESS |  
2019-08-30 05:17:43,194 | INFO  | DNAudit | user=null | ip=null | op=WRITE_CHUNK {blockData=conID: 1 locID: 102704235359437312 bcsId: 0} | ret=SUCCESS |  
2019-08-30 05:17:43,195 | INFO  | DNAudit | user=null | ip=null | op=PUT_BLOCK {blockData=[blockId=conID: 1 locID: 102704235359437312 bcsId: 0,size=1048576]} | ret=SUCCESS |  
2019-08-30 05:17:43,195 [grpc-default-executor-6] INFO  client.GrpcClientProtocolClient (GrpcClientProtocolClient.java:onNext(255)) - client-574492D41EE7->134d4672-e322-4e4b-b7f3-5645abb0fe8c: receive RaftClientReply:client-574492D41EE7->134d4672-e322-4e4b-b7f3-5645abb0fe8c@group-3CB1DFFBCDC2, cid=1688, SUCCESS, logIndex=2428, commits[134d4672-e322-4e4b-b7f3-5645abb0fe8c:c2429, 73af84f3-3e88-4c8c-894c-3ad307bcac8d:c2427, 730a25a1-dbec-44ed-975b-a44ab0096beb:c2427]
2019-08-30 05:17:43,195 [grpc-default-executor-6] INFO  client.GrpcClientProtocolClient (GrpcClientProtocolClient.java:onNext(255)) - client-574492D41EE7->134d4672-e322-4e4b-b7f3-5645abb0fe8c: receive RaftClientReply:client-574492D41EE7->134d4672-e322-4e4b-b7f3-5645abb0fe8c@group-3CB1DFFBCDC2, cid=1689, SUCCESS, logIndex=2429, commits[134d4672-e322-4e4b-b7f3-5645abb0fe8c:c2429, 73af84f3-3e88-4c8c-894c-3ad307bcac8d:c2427, 730a25a1-dbec-44ed-975b-a44ab0096beb:c2427]
2019-08-30 05:17:43,202 | INFO  | DNAudit | user=null | ip=null | op=WRITE_CHUNK {blockData=conID: 1 locID: 102704235359437312 bcsId: 0} | ret=SUCCESS |  
2019-08-30 05:17:43,202 | INFO  | DNAudit | user=null | ip=null | op=PUT_BLOCK {blockData=[blockId=conID: 1 locID: 102704235359437312 bcsId: 0,size=2097152]} | ret=SUCCESS |  
2019-08-30 05:17:43,203 [grpc-default-executor-6] INFO  client.GrpcClientProtocolClient (GrpcClientProtocolClient.java:onNext(255)) - client-574492D41EE7->134d4672-e322-4e4b-b7f3-5645abb0fe8c: receive RaftClientReply:client-574492D41EE7->134d4672-e322-4e4b-b7f3-5645abb0fe8c@group-3CB1DFFBCDC2, cid=1690, SUCCESS, logIndex=2430, commits[134d4672-e322-4e4b-b7f3-5645abb0fe8c:c2431, 73af84f3-3e88-4c8c-894c-3ad307bcac8d:c2427, 730a25a1-dbec-44ed-975b-a44ab0096beb:c2427]
2019-08-30 05:17:43,203 | INFO  | DNAudit | user=null | ip=null | op=WRITE_CHUNK {blockData=conID: 1 locID: 102704235359437312 bcsId: 0} | ret=SUCCESS |  
2019-08-30 05:17:43,203 | INFO  | DNAudit | user=null | ip=null | op=PUT_BLOCK {blockData=[blockId=conID: 1 locID: 102704235359437312 bcsId: 0,size=1048576]} | ret=SUCCESS |  
2019-08-30 05:17:43,203 [grpc-default-executor-1] INFO  client.GrpcClientProtocolClient (GrpcClientProtocolClient.java:onNext(255)) - client-574492D41EE7->134d4672-e322-4e4b-b7f3-5645abb0fe8c: receive RaftClientReply:client-574492D41EE7->134d4672-e322-4e4b-b7f3-5645abb0fe8c@group-3CB1DFFBCDC2, cid=1691, SUCCESS, logIndex=2431, commits[134d4672-e322-4e4b-b7f3-5645abb0fe8c:c2431, 73af84f3-3e88-4c8c-894c-3ad307bcac8d:c2427, 730a25a1-dbec-44ed-975b-a44ab0096beb:c2427]
2019-08-30 05:17:43,204 | INFO  | DNAudit | user=null | ip=null | op=WRITE_CHUNK {blockData=conID: 1 locID: 102704235359437312 bcsId: 0} | ret=SUCCESS |  
2019-08-30 05:17:43,204 | INFO  | DNAudit | user=null | ip=null | op=WRITE_CHUNK {blockData=conID: 1 locID: 102704235359437312 bcsId: 0} | ret=SUCCESS |  
2019-08-30 05:17:43,204 | INFO  | DNAudit | user=null | ip=null | op=PUT_BLOCK {blockData=[blockId=conID: 1 locID: 102704235359437312 bcsId: 0,size=1048576]} | ret=SUCCESS |  
2019-08-30 05:17:43,204 [grpc-default-executor-6] INFO  client.GrpcClientProtocolClient (GrpcClientProtocolClient.java:onNext(255)) - client-574492D41EE7->134d4672-e322-4e4b-b7f3-5645abb0fe8c: receive RaftClientReply:client-574492D41EE7->134d4672-e322-4e4b-b7f3-5645abb0fe8c@group-3CB1DFFBCDC2, cid=1692, SUCCESS, logIndex=0, commits[134d4672-e322-4e4b-b7f3-5645abb0fe8c:c2433, 73af84f3-3e88-4c8c-894c-3ad307bcac8d:c2429, 730a25a1-dbec-44ed-975b-a44ab0096beb:c2429]
2019-08-30 05:17:43,204 | INFO  | DNAudit | user=null | ip=null | op=PUT_BLOCK {blockData=[blockId=conID: 1 locID: 102704235359437312 bcsId: 0,size=2097152]} | ret=SUCCESS |  
2019-08-30 05:17:43,205 | INFO  | DNAudit | user=null | ip=null | op=WRITE_CHUNK {blockData=conID: 1 locID: 102704235359437312 bcsId: 0} | ret=SUCCESS |  
2019-08-30 05:17:43,205 | INFO  | DNAudit | user=null | ip=null | op=PUT_BLOCK {blockData=[blockId=conID: 1 locID: 102704235359437312 bcsId: 0,size=2097152]} | ret=SUCCESS |  
2019-08-30 05:17:43,209 | INFO  | DNAudit | user=null | ip=null | op=WRITE_CHUNK {blockData=conID: 1 locID: 102704235359437312 bcsId: 2431} | ret=SUCCESS |  
 0.00% |█                                                                                                    |  0/1 Time: 0:00:122019-08-30 05:17:43,299 | INFO  | SCMAudit | user=jenkins1000 | ip=192.168.36.106 | op=SEND_HEARTBEAT {datanodeUUID=ea5d4b6b-4a08-401a-8c59-ecc1ca37daf5, command=[]} | ret=SUCCESS |  
2019-08-30 05:17:43,299 | INFO  | SCMAudit | user=jenkins1000 | ip=192.168.36.106 | op=SEND_HEARTBEAT {datanodeUUID=134d4672-e322-4e4b-b7f3-5645abb0fe8c, command=[]} | ret=SUCCESS |  
2019-08-30 05:17:43,300 | INFO  | DNAudit | user=null | ip=null | op=WRITE_CHUNK {blockData=conID: 1 locID: 102704235359437312 bcsId: 2431} | ret=SUCCESS |  
2019-08-30 05:17:43,301 | INFO  | DNAudit | user=null | ip=null | op=WRITE_CHUNK {blockData=conID: 1 locID: 102704235359437312 bcsId: 2431} | ret=SUCCESS |  
2019-08-30 05:17:43,310 | INFO  | DNAudit | user=null | ip=null | op=WRITE_CHUNK {blockData=conID: 1 locID: 102704235359437312 bcsId: 2431} | ret=SUCCESS |  
2019-08-30 05:17:43,311 | INFO  | DNAudit | user=null | ip=null | op=PUT_BLOCK {blockData=[blockId=conID: 1 locID: 102704235359437312 bcsId: 0,size=3145728]} | ret=SUCCESS |  
2019-08-30 05:17:43,311 [grpc-default-executor-1] INFO  client.GrpcClientProtocolClient (GrpcClientProtocolClient.java:onNext(255)) - client-574492D41EE7->134d4672-e322-4e4b-b7f3-5645abb0fe8c: receive RaftClientReply:client-574492D41EE7->134d4672-e322-4e4b-b7f3-5645abb0fe8c@group-3CB1DFFBCDC2, cid=1693, SUCCESS, logIndex=2436, commits[134d4672-e322-4e4b-b7f3-5645abb0fe8c:c2437, 73af84f3-3e88-4c8c-894c-3ad307bcac8d:c2435, 730a25a1-dbec-44ed-975b-a44ab0096beb:c2435]
2019-08-30 05:17:43,311 [grpc-default-executor-1] INFO  client.GrpcClientProtocolClient (GrpcClientProtocolClient.java:onNext(255)) - client-574492D41EE7->134d4672-e322-4e4b-b7f3-5645abb0fe8c: receive RaftClientReply:client-574492D41EE7->134d4672-e322-4e4b-b7f3-5645abb0fe8c@group-3CB1DFFBCDC2, cid=1694, SUCCESS, logIndex=2437, commits[134d4672-e322-4e4b-b7f3-5645abb0fe8c:c2437, 73af84f3-3e88-4c8c-894c-3ad307bcac8d:c2435, 730a25a1-dbec-44ed-975b-a44ab0096beb:c2435]
2019-08-30 05:17:43,319 | INFO  | DNAudit | user=null | ip=null | op=WRITE_CHUNK {blockData=conID: 1 locID: 102704235359437312 bcsId: 2437} | ret=SUCCESS |  
2019-08-30 05:17:43,321 | INFO  | DNAudit | user=null | ip=null | op=WRITE_CHUNK {blockData=conID: 1 locID: 102704235359437312 bcsId: 2437} | ret=SUCCESS |  
2019-08-30 05:17:43,321 | INFO  | DNAudit | user=null | ip=null | op=WRITE_CHUNK {blockData=conID: 1 locID: 102704235359437312 bcsId: 2437} | ret=SUCCESS |  
2019-08-30 05:17:43,322 | INFO  | DNAudit | user=null | ip=null | op=WRITE_CHUNK {blockData=conID: 1 locID: 102704235359437312 bcsId: 2431} | ret=SUCCESS |  
2019-08-30 05:17:43,322 | INFO  | DNAudit | user=null | ip=null | op=WRITE_CHUNK {blockData=conID: 1 locID: 102704235359437312 bcsId: 2431} | ret=SUCCESS |  
2019-08-30 05:17:43,325 | INFO  | DNAudit | user=null | ip=null | op=PUT_BLOCK {blockData=[blockId=conID: 1 locID: 102704235359437312 bcsId: 0,size=3145728]} | ret=SUCCESS |  
2019-08-30 05:17:43,325 | INFO  | DNAudit | user=null | ip=null | op=PUT_BLOCK {blockData=[blockId=conID: 1 locID: 102704235359437312 bcsId: 0,size=3145728]} | ret=SUCCESS |  
2019-08-30 05:17:43,326 | INFO  | DNAudit | user=null | ip=null | op=WRITE_CHUNK {blockData=conID: 1 locID: 102704235359437312 bcsId: 2437} | ret=SUCCESS |  
2019-08-30 05:17:43,326 | INFO  | DNAudit | user=null | ip=null | op=PUT_BLOCK {blockData=[blockId=conID: 1 locID: 102704235359437312 bcsId: 0,size=4194304]} | ret=SUCCESS |  
2019-08-30 05:17:43,326 [grpc-default-executor-1] INFO  client.GrpcClientProtocolClient (GrpcClientProtocolClient.java:onNext(255)) - client-574492D41EE7->134d4672-e322-4e4b-b7f3-5645abb0fe8c: receive RaftClientReply:client-574492D41EE7->134d4672-e322-4e4b-b7f3-5645abb0fe8c@group-3CB1DFFBCDC2, cid=1695, SUCCESS, logIndex=2440, commits[134d4672-e322-4e4b-b7f3-5645abb0fe8c:c2441, 73af84f3-3e88-4c8c-894c-3ad307bcac8d:c2437, 730a25a1-dbec-44ed-975b-a44ab0096beb:c2437]
2019-08-30 05:17:43,326 [grpc-default-executor-1] INFO  client.GrpcClientProtocolClient (GrpcClientProtocolClient.java:onNext(255)) - client-574492D41EE7->134d4672-e322-4e4b-b7f3-5645abb0fe8c: receive RaftClientReply:client-574492D41EE7->134d4672-e322-4e4b-b7f3-5645abb0fe8c@group-3CB1DFFBCDC2, cid=1696, SUCCESS, logIndex=2441, commits[134d4672-e322-4e4b-b7f3-5645abb0fe8c:c2441, 73af84f3-3e88-4c8c-894c-3ad307bcac8d:c2437, 730a25a1-dbec-44ed-975b-a44ab0096beb:c2437]
2019-08-30 05:17:43,338 | INFO  | DNAudit | user=null | ip=null | op=WRITE_CHUNK {blockData=conID: 1 locID: 102704235359437312 bcsId: 2437} | ret=SUCCESS |  
2019-08-30 05:17:43,338 | INFO  | DNAudit | user=null | ip=null | op=WRITE_CHUNK {blockData=conID: 1 locID: 102704235359437312 bcsId: 2437} | ret=SUCCESS |  
2019-08-30 05:17:43,338 | INFO  | DNAudit | user=null | ip=null | op=PUT_BLOCK {blockData=[blockId=conID: 1 locID: 102704235359437312 bcsId: 0,size=4194304]} | ret=SUCCESS |  
2019-08-30 05:17:43,341 | INFO  | DNAudit | user=null | ip=null | op=PUT_BLOCK {blockData=[blockId=conID: 1 locID: 102704235359437312 bcsId: 0,size=4194304]} | ret=SUCCESS |  
2019-08-30 05:17:43,341 [grpc-default-executor-1] INFO  client.GrpcClientProtocolClient (GrpcClientProtocolClient.java:onNext(255)) - client-574492D41EE7->134d4672-e322-4e4b-b7f3-5645abb0fe8c: receive RaftClientReply:client-574492D41EE7->134d4672-e322-4e4b-b7f3-5645abb0fe8c@group-3CB1DFFBCDC2, cid=1697, SUCCESS, logIndex=0, commits[134d4672-e322-4e4b-b7f3-5645abb0fe8c:c2442, 73af84f3-3e88-4c8c-894c-3ad307bcac8d:c2441, 730a25a1-dbec-44ed-975b-a44ab0096beb:c2441]
2019-08-30 05:17:43,345 | INFO  | SCMAudit | user=jenkins1000 | ip=192.168.36.106 | op=ALLOCATE_BLOCK {owner=85755eb5-052d-48fa-b271-2fe4d8754e12, size=4194304, type=RATIS, factor=THREE} | ret=SUCCESS |  
2019-08-30 05:17:43,347 | INFO  | OMAudit | user=jenkins1000 | ip=127.0.0.1 | op=ALLOCATE_BLOCK {volume=vol-0-00977, bucket=bucket-0-44205, key=key-0-32850, dataSize=0, replicationType=null, replicationFactor=null, keyLocationInfo=null, clientID=102704234570776978} | ret=SUCCESS |  
2019-08-30 05:17:43,354 | INFO  | DNAudit | user=null | ip=null | op=WRITE_CHUNK {blockData=conID: 2 locID: 102704235370578433 bcsId: 0} | ret=SUCCESS |  
2019-08-30 05:17:43,357 | INFO  | DNAudit | user=null | ip=null | op=WRITE_CHUNK {blockData=conID: 2 locID: 102704235370578433 bcsId: 0} | ret=SUCCESS |  
2019-08-30 05:17:43,358 | INFO  | DNAudit | user=null | ip=null | op=WRITE_CHUNK {blockData=conID: 2 locID: 102704235370578433 bcsId: 0} | ret=SUCCESS |  
2019-08-30 05:17:43,360 | INFO  | DNAudit | user=null | ip=null | op=WRITE_CHUNK {blockData=conID: 2 locID: 102704235370578433 bcsId: 0} | ret=SUCCESS |  
2019-08-30 05:17:43,362 | INFO  | DNAudit | user=null | ip=null | op=WRITE_CHUNK {blockData=conID: 2 locID: 102704235370578433 bcsId: 0} | ret=SUCCESS |  
2019-08-30 05:17:43,362 | INFO  | DNAudit | user=null | ip=null | op=WRITE_CHUNK {blockData=conID: 2 locID: 102704235370578433 bcsId: 0} | ret=SUCCESS |  
2019-08-30 05:17:43,367 | INFO  | DNAudit | user=null | ip=null | op=WRITE_CHUNK {blockData=conID: 2 locID: 102704235370578433 bcsId: 0} | ret=SUCCESS |  
2019-08-30 05:17:43,367 | INFO  | DNAudit | user=null | ip=null | op=PUT_BLOCK {blockData=[blockId=conID: 2 locID: 102704235370578433 bcsId: 0,size=1048576]} | ret=SUCCESS |  
2019-08-30 05:17:43,368 [grpc-default-executor-3] INFO  client.GrpcClientProtocolClient (GrpcClientProtocolClient.java:onNext(255)) - client-574492D41EE7->134d4672-e322-4e4b-b7f3-5645abb0fe8c: receive RaftClientReply:client-574492D41EE7->134d4672-e322-4e4b-b7f3-5645abb0fe8c@group-3CB1DFFBCDC2, cid=1698, SUCCESS, logIndex=2444, commits[134d4672-e322-4e4b-b7f3-5645abb0fe8c:c2445, 73af84f3-3e88-4c8c-894c-3ad307bcac8d:c2443, 730a25a1-dbec-44ed-975b-a44ab0096beb:c2443]
2019-08-30 05:17:43,368 [grpc-default-executor-3] INFO  client.GrpcClientProtocolClient (GrpcClientProtocolClient.java:onNext(255)) - client-574492D41EE7->134d4672-e322-4e4b-b7f3-5645abb0fe8c: receive RaftClientReply:client-574492D41EE7->134d4672-e322-4e4b-b7f3-5645abb0fe8c@group-3CB1DFFBCDC2, cid=1699, SUCCESS, logIndex=2445, commits[134d4672-e322-4e4b-b7f3-5645abb0fe8c:c2445, 73af84f3-3e88-4c8c-894c-3ad307bcac8d:c2443, 730a25a1-dbec-44ed-975b-a44ab0096beb:c2443]
2019-08-30 05:17:43,378 | INFO  | DNAudit | user=null | ip=null | op=WRITE_CHUNK {blockData=conID: 2 locID: 102704235370578433 bcsId: 0} | ret=SUCCESS |  
2019-08-30 05:17:43,379 | INFO  | DNAudit | user=null | ip=null | op=PUT_BLOCK {blockData=[blockId=conID: 2 locID: 102704235370578433 bcsId: 0,size=2097152]} | ret=SUCCESS |  
2019-08-30 05:17:43,379 [grpc-default-executor-1] INFO  client.GrpcClientProtocolClient (GrpcClientProtocolClient.java:onNext(255)) - client-574492D41EE7->134d4672-e322-4e4b-b7f3-5645abb0fe8c: receive RaftClientReply:client-574492D41EE7->134d4672-e322-4e4b-b7f3-5645abb0fe8c@group-3CB1DFFBCDC2, cid=1700, SUCCESS, logIndex=2446, commits[134d4672-e322-4e4b-b7f3-5645abb0fe8c:c2447, 73af84f3-3e88-4c8c-894c-3ad307bcac8d:c2443, 730a25a1-dbec-44ed-975b-a44ab0096beb:c2443]
2019-08-30 05:17:43,379 | INFO  | DNAudit | user=null | ip=null | op=WRITE_CHUNK {blockData=conID: 2 locID: 102704235370578433 bcsId: 0} | ret=SUCCESS |  
2019-08-30 05:17:43,379 | INFO  | DNAudit | user=null | ip=null | op=PUT_BLOCK {blockData=[blockId=conID: 2 locID: 102704235370578433 bcsId: 0,size=1048576]} | ret=SUCCESS |  
2019-08-30 05:17:43,379 [grpc-default-executor-6] INFO  client.GrpcClientProtocolClient (GrpcClientProtocolClient.java:onNext(255)) - client-574492D41EE7->134d4672-e322-4e4b-b7f3-5645abb0fe8c: receive RaftClientReply:client-574492D41EE7->134d4672-e322-4e4b-b7f3-5645abb0fe8c@group-3CB1DFFBCDC2, cid=1701, SUCCESS, logIndex=2447, commits[134d4672-e322-4e4b-b7f3-5645abb0fe8c:c2447, 73af84f3-3e88-4c8c-894c-3ad307bcac8d:c2443, 730a25a1-dbec-44ed-975b-a44ab0096beb:c2443]
2019-08-30 05:17:43,381 | INFO  | DNAudit | user=null | ip=null | op=WRITE_CHUNK {blockData=conID: 2 locID: 102704235370578433 bcsId: 0} | ret=SUCCESS |  
2019-08-30 05:17:43,381 | INFO  | DNAudit | user=null | ip=null | op=PUT_BLOCK {blockData=[blockId=conID: 2 locID: 102704235370578433 bcsId: 0,size=1048576]} | ret=SUCCESS |  
2019-08-30 05:17:43,381 [grpc-default-executor-6] INFO  client.GrpcClientProtocolClient (GrpcClientProtocolClient.java:onNext(255)) - client-574492D41EE7->134d4672-e322-4e4b-b7f3-5645abb0fe8c: receive RaftClientReply:client-574492D41EE7->134d4672-e322-4e4b-b7f3-5645abb0fe8c@group-3CB1DFFBCDC2, cid=1702, SUCCESS, logIndex=0, commits[134d4672-e322-4e4b-b7f3-5645abb0fe8c:c2449, 73af84f3-3e88-4c8c-894c-3ad307bcac8d:c2445, 730a25a1-dbec-44ed-975b-a44ab0096beb:c2445]
2019-08-30 05:17:43,389 | INFO  | DNAudit | user=null | ip=null | op=WRITE_CHUNK {blockData=conID: 2 locID: 102704235370578433 bcsId: 2447} | ret=SUCCESS |  
2019-08-30 05:17:43,391 | INFO  | DNAudit | user=null | ip=null | op=WRITE_CHUNK {blockData=conID: 2 locID: 102704235370578433 bcsId: 2447} | ret=SUCCESS |  
2019-08-30 05:17:43,391 | INFO  | DNAudit | user=null | ip=null | op=WRITE_CHUNK {blockData=conID: 2 locID: 102704235370578433 bcsId: 2447} | ret=SUCCESS |  
2019-08-30 05:17:43,392 | INFO  | DNAudit | user=null | ip=null | op=WRITE_CHUNK {blockData=conID: 2 locID: 102704235370578433 bcsId: 0} | ret=SUCCESS |  
2019-08-30 05:17:43,392 | INFO  | DNAudit | user=null | ip=null | op=PUT_BLOCK {blockData=[blockId=conID: 2 locID: 102704235370578433 bcsId: 0,size=2097152]} | ret=SUCCESS |  
2019-08-30 05:17:43,392 | INFO  | DNAudit | user=null | ip=null | op=WRITE_CHUNK {blockData=conID: 2 locID: 102704235370578433 bcsId: 0} | ret=SUCCESS |  
2019-08-30 05:17:43,392 | INFO  | DNAudit | user=null | ip=null | op=PUT_BLOCK {blockData=[blockId=conID: 2 locID: 102704235370578433 bcsId: 0,size=2097152]} | ret=SUCCESS |  
2019-08-30 05:17:43,393 | INFO  | DNAudit | user=null | ip=null | op=WRITE_CHUNK {blockData=conID: 2 locID: 102704235370578433 bcsId: 2447} | ret=SUCCESS |  
2019-08-30 05:17:43,393 | INFO  | DNAudit | user=null | ip=null | op=PUT_BLOCK {blockData=[blockId=conID: 2 locID: 102704235370578433 bcsId: 0,size=3145728]} | ret=SUCCESS |  
2019-08-30 05:17:43,394 [grpc-default-executor-1] INFO  client.GrpcClientProtocolClient (GrpcClientProtocolClient.java:onNext(255)) - client-574492D41EE7->134d4672-e322-4e4b-b7f3-5645abb0fe8c: receive RaftClientReply:client-574492D41EE7->134d4672-e322-4e4b-b7f3-5645abb0fe8c@group-3CB1DFFBCDC2, cid=1703, SUCCESS, logIndex=2452, commits[134d4672-e322-4e4b-b7f3-5645abb0fe8c:c2453, 73af84f3-3e88-4c8c-894c-3ad307bcac8d:c2447, 730a25a1-dbec-44ed-975b-a44ab0096beb:c2449]
2019-08-30 05:17:43,394 [grpc-default-executor-1] INFO  client.GrpcClientProtocolClient (GrpcClientProtocolClient.java:onNext(255)) - client-574492D41EE7->134d4672-e322-4e4b-b7f3-5645abb0fe8c: receive RaftClientReply:client-574492D41EE7->134d4672-e322-4e4b-b7f3-5645abb0fe8c@group-3CB1DFFBCDC2, cid=1704, SUCCESS, logIndex=2453, commits[134d4672-e322-4e4b-b7f3-5645abb0fe8c:c2453, 73af84f3-3e88-4c8c-894c-3ad307bcac8d:c2449, 730a25a1-dbec-44ed-975b-a44ab0096beb:c2449]
2019-08-30 05:17:43,396 | INFO  | DNAudit | user=null | ip=null | op=WRITE_CHUNK {blockData=conID: 2 locID: 102704235370578433 bcsId: 2447} | ret=SUCCESS |  
2019-08-30 05:17:43,396 | INFO  | DNAudit | user=null | ip=null | op=WRITE_CHUNK {blockData=conID: 2 locID: 102704235370578433 bcsId: 2447} | ret=SUCCESS |  
2019-08-30 05:17:43,397 | INFO  | DNAudit | user=null | ip=null | op=PUT_BLOCK {blockData=[blockId=conID: 2 locID: 102704235370578433 bcsId: 0,size=3145728]} | ret=SUCCESS |  
2019-08-30 05:17:43,397 | INFO  | DNAudit | user=null | ip=null | op=PUT_BLOCK {blockData=[blockId=conID: 2 locID: 102704235370578433 bcsId: 0,size=3145728]} | ret=SUCCESS |  
2019-08-30 05:17:43,400 | INFO  | DNAudit | user=null | ip=null | op=WRITE_CHUNK {blockData=conID: 2 locID: 102704235370578433 bcsId: 2453} | ret=SUCCESS |  
2019-08-30 05:17:43,402 | INFO  | DNAudit | user=null | ip=null | op=WRITE_CHUNK {blockData=conID: 2 locID: 102704235370578433 bcsId: 2453} | ret=SUCCESS |  
2019-08-30 05:17:43,403 | INFO  | DNAudit | user=null | ip=null | op=WRITE_CHUNK {blockData=conID: 2 locID: 102704235370578433 bcsId: 2453} | ret=SUCCESS |  
2019-08-30 05:17:43,411 | INFO  | DNAudit | user=null | ip=null | op=WRITE_CHUNK {blockData=conID: 2 locID: 102704235370578433 bcsId: 2453} | ret=SUCCESS |  
2019-08-30 05:17:43,412 | INFO  | DNAudit | user=null | ip=null | op=PUT_BLOCK {blockData=[blockId=conID: 2 locID: 102704235370578433 bcsId: 0,size=4194304]} | ret=SUCCESS |  
2019-08-30 05:17:43,412 [grpc-default-executor-3] INFO  client.GrpcClientProtocolClient (GrpcClientProtocolClient.java:onNext(255)) - client-574492D41EE7->134d4672-e322-4e4b-b7f3-5645abb0fe8c: receive RaftClientReply:client-574492D41EE7->134d4672-e322-4e4b-b7f3-5645abb0fe8c@group-3CB1DFFBCDC2, cid=1705, SUCCESS, logIndex=2456, commits[134d4672-e322-4e4b-b7f3-5645abb0fe8c:c2456, 73af84f3-3e88-4c8c-894c-3ad307bcac8d:c2454, 730a25a1-dbec-44ed-975b-a44ab0096beb:c2454]
2019-08-30 05:17:43,412 [grpc-default-executor-3] INFO  client.GrpcClientProtocolClient (GrpcClientProtocolClient.java:onNext(255)) - client-574492D41EE7->134d4672-e322-4e4b-b7f3-5645abb0fe8c: receive RaftClientReply:client-574492D41EE7->134d4672-e322-4e4b-b7f3-5645abb0fe8c@group-3CB1DFFBCDC2, cid=1706, SUCCESS, logIndex=2457, commits[134d4672-e322-4e4b-b7f3-5645abb0fe8c:c2457, 73af84f3-3e88-4c8c-894c-3ad307bcac8d:c2454, 730a25a1-dbec-44ed-975b-a44ab0096beb:c2454]
2019-08-30 05:17:43,423 | INFO  | DNAudit | user=null | ip=null | op=WRITE_CHUNK {blockData=conID: 2 locID: 102704235370578433 bcsId: 2453} | ret=SUCCESS |  
2019-08-30 05:17:43,423 | INFO  | DNAudit | user=null | ip=null | op=WRITE_CHUNK {blockData=conID: 2 locID: 102704235370578433 bcsId: 2453} | ret=SUCCESS |  
2019-08-30 05:17:43,426 | INFO  | DNAudit | user=null | ip=null | op=PUT_BLOCK {blockData=[blockId=conID: 2 locID: 102704235370578433 bcsId: 0,size=4194304]} | ret=SUCCESS |  
2019-08-30 05:17:43,426 | INFO  | DNAudit | user=null | ip=null | op=PUT_BLOCK {blockData=[blockId=conID: 2 locID: 102704235370578433 bcsId: 0,size=4194304]} | ret=SUCCESS |  
2019-08-30 05:17:43,426 [grpc-default-executor-3] INFO  client.GrpcClientProtocolClient (GrpcClientProtocolClient.java:onNext(255)) - client-574492D41EE7->134d4672-e322-4e4b-b7f3-5645abb0fe8c: receive RaftClientReply:client-574492D41EE7->134d4672-e322-4e4b-b7f3-5645abb0fe8c@group-3CB1DFFBCDC2, cid=1707, SUCCESS, logIndex=0, commits[134d4672-e322-4e4b-b7f3-5645abb0fe8c:c2459, 73af84f3-3e88-4c8c-894c-3ad307bcac8d:c2457, 730a25a1-dbec-44ed-975b-a44ab0096beb:c2457]
2019-08-30 05:17:43,430 | INFO  | SCMAudit | user=jenkins1000 | ip=192.168.36.106 | op=ALLOCATE_BLOCK {owner=85755eb5-052d-48fa-b271-2fe4d8754e12, size=4194304, type=RATIS, factor=THREE} | ret=SUCCESS |  
2019-08-30 05:17:43,432 | INFO  | OMAudit | user=jenkins1000 | ip=127.0.0.1 | op=ALLOCATE_BLOCK {volume=vol-0-00977, bucket=bucket-0-44205, key=key-0-32850, dataSize=0, replicationType=null, replicationFactor=null, keyLocationInfo=null, clientID=102704234570776978} | ret=SUCCESS |  
2019-08-30 05:17:43,440 | INFO  | DNAudit | user=null | ip=null | op=WRITE_CHUNK {blockData=conID: 3 locID: 102704235376148994 bcsId: 0} | ret=SUCCESS |  
2019-08-30 05:17:43,442 | INFO  | DNAudit | user=null | ip=null | op=WRITE_CHUNK {blockData=conID: 3 locID: 102704235376148994 bcsId: 0} | ret=SUCCESS |  
2019-08-30 05:17:43,443 | INFO  | DNAudit | user=null | ip=null | op=WRITE_CHUNK {blockData=conID: 3 locID: 102704235376148994 bcsId: 0} | ret=SUCCESS |  
2019-08-30 05:17:43,444 | INFO  | DNAudit | user=null | ip=null | op=WRITE_CHUNK {blockData=conID: 3 locID: 102704235376148994 bcsId: 0} | ret=SUCCESS |  
2019-08-30 05:17:43,446 | INFO  | DNAudit | user=null | ip=null | op=WRITE_CHUNK {blockData=conID: 3 locID: 102704235376148994 bcsId: 0} | ret=SUCCESS |  
2019-08-30 05:17:43,446 | INFO  | DNAudit | user=null | ip=null | op=WRITE_CHUNK {blockData=conID: 3 locID: 102704235376148994 bcsId: 0} | ret=SUCCESS |  
2019-08-30 05:17:43,452 | INFO  | DNAudit | user=null | ip=null | op=WRITE_CHUNK {blockData=conID: 3 locID: 102704235376148994 bcsId: 0} | ret=SUCCESS |  
2019-08-30 05:17:43,453 | INFO  | DNAudit | user=null | ip=null | op=PUT_BLOCK {blockData=[blockId=conID: 3 locID: 102704235376148994 bcsId: 0,size=1048576]} | ret=SUCCESS |  
2019-08-30 05:17:43,453 [grpc-default-executor-3] INFO  client.GrpcClientProtocolClient (GrpcClientProtocolClient.java:onNext(255)) - client-574492D41EE7->134d4672-e322-4e4b-b7f3-5645abb0fe8c: receive RaftClientReply:client-574492D41EE7->134d4672-e322-4e4b-b7f3-5645abb0fe8c@group-3CB1DFFBCDC2, cid=1708, SUCCESS, logIndex=2460, commits[134d4672-e322-4e4b-b7f3-5645abb0fe8c:c2461, 73af84f3-3e88-4c8c-894c-3ad307bcac8d:c2459, 730a25a1-dbec-44ed-975b-a44ab0096beb:c2459]
2019-08-30 05:17:43,453 | INFO  | DNAudit | user=null | ip=null | op=WRITE_CHUNK {blockData=conID: 3 locID: 102704235376148994 bcsId: 0} | ret=SUCCESS |  
2019-08-30 05:17:43,453 [grpc-default-executor-1] INFO  client.GrpcClientProtocolClient (GrpcClientProtocolClient.java:onNext(255)) - client-574492D41EE7->134d4672-e322-4e4b-b7f3-5645abb0fe8c: receive RaftClientReply:client-574492D41EE7->134d4672-e322-4e4b-b7f3-5645abb0fe8c@group-3CB1DFFBCDC2, cid=1709, SUCCESS, logIndex=2461, commits[134d4672-e322-4e4b-b7f3-5645abb0fe8c:c2461, 73af84f3-3e88-4c8c-894c-3ad307bcac8d:c2459, 730a25a1-dbec-44ed-975b-a44ab0096beb:c2459]
2019-08-30 05:17:43,454 [grpc-default-executor-1] INFO  client.GrpcClientProtocolClient (GrpcClientProtocolClient.java:onNext(255)) - client-574492D41EE7->134d4672-e322-4e4b-b7f3-5645abb0fe8c: receive RaftClientReply:client-574492D41EE7->134d4672-e322-4e4b-b7f3-5645abb0fe8c@group-3CB1DFFBCDC2, cid=1710, SUCCESS, logIndex=2462, commits[134d4672-e322-4e4b-b7f3-5645abb0fe8c:c2463, 73af84f3-3e88-4c8c-894c-3ad307bcac8d:c2459, 730a25a1-dbec-44ed-975b-a44ab0096beb:c2459]
2019-08-30 05:17:43,454 | INFO  | DNAudit | user=null | ip=null | op=PUT_BLOCK {blockData=[blockId=conID: 3 locID: 102704235376148994 bcsId: 0,size=2097152]} | ret=SUCCESS |  
2019-08-30 05:17:43,455 [grpc-default-executor-1] INFO  client.GrpcClientProtocolClient (GrpcClientProtocolClient.java:onNext(255)) - client-574492D41EE7->134d4672-e322-4e4b-b7f3-5645abb0fe8c: receive RaftClientReply:client-574492D41EE7->134d4672-e322-4e4b-b7f3-5645abb0fe8c@group-3CB1DFFBCDC2, cid=1711, SUCCESS, logIndex=2463, commits[134d4672-e322-4e4b-b7f3-5645abb0fe8c:c2463, 73af84f3-3e88-4c8c-894c-3ad307bcac8d:c2459, 730a25a1-dbec-44ed-975b-a44ab0096beb:c2459]
2019-08-30 05:17:43,466 | INFO  | DNAudit | user=null | ip=null | op=WRITE_CHUNK {blockData=conID: 3 locID: 102704235376148994 bcsId: 0} | ret=SUCCESS |  
2019-08-30 05:17:43,466 | INFO  | DNAudit | user=null | ip=null | op=PUT_BLOCK {blockData=[blockId=conID: 3 locID: 102704235376148994 bcsId: 0,size=1048576]} | ret=SUCCESS |  
2019-08-30 05:17:43,466 | INFO  | DNAudit | user=null | ip=null | op=WRITE_CHUNK {blockData=conID: 3 locID: 102704235376148994 bcsId: 0} | ret=SUCCESS |  
2019-08-30 05:17:43,466 | INFO  | DNAudit | user=null | ip=null | op=PUT_BLOCK {blockData=[blockId=conID: 3 locID: 102704235376148994 bcsId: 0,size=1048576]} | ret=SUCCESS |  
2019-08-30 05:17:43,467 | INFO  | DNAudit | user=null | ip=null | op=WRITE_CHUNK {blockData=conID: 3 locID: 102704235376148994 bcsId: 0} | ret=SUCCESS |  
2019-08-30 05:17:43,467 | INFO  | DNAudit | user=null | ip=null | op=PUT_BLOCK {blockData=[blockId=conID: 3 locID: 102704235376148994 bcsId: 0,size=2097152]} | ret=SUCCESS |  
2019-08-30 05:17:43,467 | INFO  | DNAudit | user=null | ip=null | op=WRITE_CHUNK {blockData=conID: 3 locID: 102704235376148994 bcsId: 0} | ret=SUCCESS |  
2019-08-30 05:17:43,467 [grpc-default-executor-5] INFO  client.GrpcClientProtocolClient (GrpcClientProtocolClient.java:onNext(255)) - client-574492D41EE7->134d4672-e322-4e4b-b7f3-5645abb0fe8c: receive RaftClientReply:client-574492D41EE7->134d4672-e322-4e4b-b7f3-5645abb0fe8c@group-3CB1DFFBCDC2, cid=1712, SUCCESS, logIndex=0, commits[134d4672-e322-4e4b-b7f3-5645abb0fe8c:c2465, 73af84f3-3e88-4c8c-894c-3ad307bcac8d:c2461, 730a25a1-dbec-44ed-975b-a44ab0096beb:c2461]
2019-08-30 05:17:43,467 | INFO  | DNAudit | user=null | ip=null | op=PUT_BLOCK {blockData=[blockId=conID: 3 locID: 102704235376148994 bcsId: 0,size=2097152]} | ret=SUCCESS |  
2019-08-30 05:17:43,474 | INFO  | DNAudit | user=null | ip=null | op=WRITE_CHUNK {blockData=conID: 3 locID: 102704235376148994 bcsId: 2463} | ret=SUCCESS |  
2019-08-30 05:17:43,475 | INFO  | DNAudit | user=null | ip=null | op=WRITE_CHUNK {blockData=conID: 3 locID: 102704235376148994 bcsId: 2463} | ret=SUCCESS |  
2019-08-30 05:17:43,476 | INFO  | DNAudit | user=null | ip=null | op=WRITE_CHUNK {blockData=conID: 3 locID: 102704235376148994 bcsId: 2463} | ret=SUCCESS |  
2019-08-30 05:17:43,485 | INFO  | DNAudit | user=null | ip=null | op=WRITE_CHUNK {blockData=conID: 3 locID: 102704235376148994 bcsId: 2463} | ret=SUCCESS |  
2019-08-30 05:17:43,486 | INFO  | DNAudit | user=null | ip=null | op=PUT_BLOCK {blockData=[blockId=conID: 3 locID: 102704235376148994 bcsId: 0,size=3145728]} | ret=SUCCESS |  
2019-08-30 05:17:43,486 [grpc-default-executor-5] INFO  client.GrpcClientProtocolClient (GrpcClientProtocolClient.java:onNext(255)) - client-574492D41EE7->134d4672-e322-4e4b-b7f3-5645abb0fe8c: receive RaftClientReply:client-574492D41EE7->134d4672-e322-4e4b-b7f3-5645abb0fe8c@group-3CB1DFFBCDC2, cid=1713, SUCCESS, logIndex=2468, commits[134d4672-e322-4e4b-b7f3-5645abb0fe8c:c2469, 73af84f3-3e88-4c8c-894c-3ad307bcac8d:c2467, 730a25a1-dbec-44ed-975b-a44ab0096beb:c2467]
2019-08-30 05:17:43,486 [grpc-default-executor-5] INFO  client.GrpcClientProtocolClient (GrpcClientProtocolClient.java:onNext(255)) - client-574492D41EE7->134d4672-e322-4e4b-b7f3-5645abb0fe8c: receive RaftClientReply:client-574492D41EE7->134d4672-e322-4e4b-b7f3-5645abb0fe8c@group-3CB1DFFBCDC2, cid=1714, SUCCESS, logIndex=2469, commits[134d4672-e322-4e4b-b7f3-5645abb0fe8c:c2469, 73af84f3-3e88-4c8c-894c-3ad307bcac8d:c2467, 730a25a1-dbec-44ed-975b-a44ab0096beb:c2467]
2019-08-30 05:17:43,492 | INFO  | DNAudit | user=null | ip=null | op=WRITE_CHUNK {blockData=conID: 3 locID: 102704235376148994 bcsId: 2469} | ret=SUCCESS |  
2019-08-30 05:17:43,494 | INFO  | DNAudit | user=null | ip=null | op=WRITE_CHUNK {blockData=conID: 3 locID: 102704235376148994 bcsId: 2469} | ret=SUCCESS |  
2019-08-30 05:17:43,495 | INFO  | DNAudit | user=null | ip=null | op=WRITE_CHUNK {blockData=conID: 3 locID: 102704235376148994 bcsId: 2469} | ret=SUCCESS |  
2019-08-30 05:17:43,497 | INFO  | DNAudit | user=null | ip=null | op=WRITE_CHUNK {blockData=conID: 3 locID: 102704235376148994 bcsId: 2463} | ret=SUCCESS |  
2019-08-30 05:17:43,497 | INFO  | DNAudit | user=null | ip=null | op=WRITE_CHUNK {blockData=conID: 3 locID: 102704235376148994 bcsId: 2463} | ret=SUCCESS |  
2019-08-30 05:17:43,497 | INFO  | DNAudit | user=null | ip=null | op=PUT_BLOCK {blockData=[blockId=conID: 3 locID: 102704235376148994 bcsId: 0,size=3145728]} | ret=SUCCESS |  
2019-08-30 05:17:43,497 | INFO  | DNAudit | user=null | ip=null | op=PUT_BLOCK {blockData=[blockId=conID: 3 locID: 102704235376148994 bcsId: 0,size=3145728]} | ret=SUCCESS |  
2019-08-30 05:17:43,500 | INFO  | DNAudit | user=null | ip=null | op=WRITE_CHUNK {blockData=conID: 3 locID: 102704235376148994 bcsId: 2469} | ret=SUCCESS |  
2019-08-30 05:17:43,500 | INFO  | DNAudit | user=null | ip=null | op=PUT_BLOCK {blockData=[blockId=conID: 3 locID: 102704235376148994 bcsId: 0,size=4194304]} | ret=SUCCESS |  
2019-08-30 05:17:43,500 [grpc-default-executor-5] INFO  client.GrpcClientProtocolClient (GrpcClientProtocolClient.java:onNext(255)) - client-574492D41EE7->134d4672-e322-4e4b-b7f3-5645abb0fe8c: receive RaftClientReply:client-574492D41EE7->134d4672-e322-4e4b-b7f3-5645abb0fe8c@group-3CB1DFFBCDC2, cid=1715, SUCCESS, logIndex=2472, commits[134d4672-e322-4e4b-b7f3-5645abb0fe8c:c2473, 73af84f3-3e88-4c8c-894c-3ad307bcac8d:c2469, 730a25a1-dbec-44ed-975b-a44ab0096beb:c2469]
2019-08-30 05:17:43,501 [grpc-default-executor-5] INFO  client.GrpcClientProtocolClient (GrpcClientProtocolClient.java:onNext(255)) - client-574492D41EE7->134d4672-e322-4e4b-b7f3-5645abb0fe8c: receive RaftClientReply:client-574492D41EE7->134d4672-e322-4e4b-b7f3-5645abb0fe8c@group-3CB1DFFBCDC2, cid=1716, SUCCESS, logIndex=2473, commits[134d4672-e322-4e4b-b7f3-5645abb0fe8c:c2473, 73af84f3-3e88-4c8c-894c-3ad307bcac8d:c2469, 730a25a1-dbec-44ed-975b-a44ab0096beb:c2469]
2019-08-30 05:17:43,516 | INFO  | DNAudit | user=null | ip=null | op=WRITE_CHUNK {blockData=conID: 3 locID: 102704235376148994 bcsId: 2469} | ret=SUCCESS |  
2019-08-30 05:17:43,517 | INFO  | DNAudit | user=null | ip=null | op=WRITE_CHUNK {blockData=conID: 3 locID: 102704235376148994 bcsId: 2469} | ret=SUCCESS |  
2019-08-30 05:17:43,517 | INFO  | DNAudit | user=null | ip=null | op=PUT_BLOCK {blockData=[blockId=conID: 3 locID: 102704235376148994 bcsId: 0,size=4194304]} | ret=SUCCESS |  
2019-08-30 05:17:43,518 | INFO  | DNAudit | user=null | ip=null | op=PUT_BLOCK {blockData=[blockId=conID: 3 locID: 102704235376148994 bcsId: 0,size=4194304]} | ret=SUCCESS |  
2019-08-30 05:17:43,518 [grpc-default-executor-5] INFO  client.GrpcClientProtocolClient (GrpcClientProtocolClient.java:onNext(255)) - client-574492D41EE7->134d4672-e322-4e4b-b7f3-5645abb0fe8c: receive RaftClientReply:client-574492D41EE7->134d4672-e322-4e4b-b7f3-5645abb0fe8c@group-3CB1DFFBCDC2, cid=1717, SUCCESS, logIndex=0, commits[134d4672-e322-4e4b-b7f3-5645abb0fe8c:c2475, 73af84f3-3e88-4c8c-894c-3ad307bcac8d:c2473, 730a25a1-dbec-44ed-975b-a44ab0096beb:c2473]
2019-08-30 05:17:43,523 | INFO  | SCMAudit | user=jenkins1000 | ip=192.168.36.106 | op=ALLOCATE_BLOCK {owner=85755eb5-052d-48fa-b271-2fe4d8754e12, size=4194304, type=RATIS, factor=THREE} | ret=SUCCESS |  
2019-08-30 05:17:43,525 | INFO  | OMAudit | user=jenkins1000 | ip=127.0.0.1 | op=ALLOCATE_BLOCK {volume=vol-0-00977, bucket=bucket-0-44205, key=key-0-32850, dataSize=0, replicationType=null, replicationFactor=null, keyLocationInfo=null, clientID=102704234570776978} | ret=SUCCESS |  
2019-08-30 05:17:43,532 | INFO  | DNAudit | user=null | ip=null | op=WRITE_CHUNK {blockData=conID: 1 locID: 102704235382243843 bcsId: 0} | ret=SUCCESS |  
2019-08-30 05:17:43,535 | INFO  | DNAudit | user=null | ip=null | op=WRITE_CHUNK {blockData=conID: 1 locID: 102704235382243843 bcsId: 0} | ret=SUCCESS |  
2019-08-30 05:17:43,535 | INFO  | DNAudit | user=null | ip=null | op=WRITE_CHUNK {blockData=conID: 1 locID: 102704235382243843 bcsId: 0} | ret=SUCCESS |  
2019-08-30 05:17:43,536 | INFO  | DNAudit | user=null | ip=null | op=WRITE_CHUNK {blockData=conID: 1 locID: 102704235382243843 bcsId: 0} | ret=SUCCESS |  
2019-08-30 05:17:43,537 | INFO  | DNAudit | user=null | ip=null | op=WRITE_CHUNK {blockData=conID: 1 locID: 102704235382243843 bcsId: 0} | ret=SUCCESS |  
2019-08-30 05:17:43,538 | INFO  | DNAudit | user=null | ip=null | op=WRITE_CHUNK {blockData=conID: 1 locID: 102704235382243843 bcsId: 0} | ret=SUCCESS |  
2019-08-30 05:17:43,560 | INFO  | DNAudit | user=null | ip=null | op=WRITE_CHUNK {blockData=conID: 1 locID: 102704235382243843 bcsId: 0} | ret=SUCCESS |  
2019-08-30 05:17:43,560 | INFO  | DNAudit | user=null | ip=null | op=PUT_BLOCK {blockData=[blockId=conID: 1 locID: 102704235382243843 bcsId: 0,size=1048576]} | ret=SUCCESS |  
2019-08-30 05:17:43,561 [grpc-default-executor-1] INFO  client.GrpcClientProtocolClient (GrpcClientProtocolClient.java:onNext(255)) - client-574492D41EE7->134d4672-e322-4e4b-b7f3-5645abb0fe8c: receive RaftClientReply:client-574492D41EE7->134d4672-e322-4e4b-b7f3-5645abb0fe8c@group-3CB1DFFBCDC2, cid=1718, SUCCESS, logIndex=2476, commits[134d4672-e322-4e4b-b7f3-5645abb0fe8c:c2477, 73af84f3-3e88-4c8c-894c-3ad307bcac8d:c2475, 730a25a1-dbec-44ed-975b-a44ab0096beb:c2475]
2019-08-30 05:17:43,561 | INFO  | DNAudit | user=null | ip=null | op=WRITE_CHUNK {blockData=conID: 1 locID: 102704235382243843 bcsId: 0} | ret=SUCCESS |  
2019-08-30 05:17:43,561 [grpc-default-executor-1] INFO  client.GrpcClientProtocolClient (GrpcClientProtocolClient.java:onNext(255)) - client-574492D41EE7->134d4672-e322-4e4b-b7f3-5645abb0fe8c: receive RaftClientReply:client-574492D41EE7->134d4672-e322-4e4b-b7f3-5645abb0fe8c@group-3CB1DFFBCDC2, cid=1719, SUCCESS, logIndex=2477, commits[134d4672-e322-4e4b-b7f3-5645abb0fe8c:c2477, 73af84f3-3e88-4c8c-894c-3ad307bcac8d:c2475, 730a25a1-dbec-44ed-975b-a44ab0096beb:c2475]
2019-08-30 05:17:43,562 | INFO  | DNAudit | user=null | ip=null | op=PUT_BLOCK {blockData=[blockId=conID: 1 locID: 102704235382243843 bcsId: 0,size=2097152]} | ret=SUCCESS |  
2019-08-30 05:17:43,562 [grpc-default-executor-1] INFO  client.GrpcClientProtocolClient (GrpcClientProtocolClient.java:onNext(255)) - client-574492D41EE7->134d4672-e322-4e4b-b7f3-5645abb0fe8c: receive RaftClientReply:client-574492D41EE7->134d4672-e322-4e4b-b7f3-5645abb0fe8c@group-3CB1DFFBCDC2, cid=1720, SUCCESS, logIndex=2478, commits[134d4672-e322-4e4b-b7f3-5645abb0fe8c:c2479, 73af84f3-3e88-4c8c-894c-3ad307bcac8d:c2475, 730a25a1-dbec-44ed-975b-a44ab0096beb:c2475]
2019-08-30 05:17:43,562 [grpc-default-executor-1] INFO  client.GrpcClientProtocolClient (GrpcClientProtocolClient.java:onNext(255)) - client-574492D41EE7->134d4672-e322-4e4b-b7f3-5645abb0fe8c: receive RaftClientReply:client-574492D41EE7->134d4672-e322-4e4b-b7f3-5645abb0fe8c@group-3CB1DFFBCDC2, cid=1721, SUCCESS, logIndex=2479, commits[134d4672-e322-4e4b-b7f3-5645abb0fe8c:c2479, 73af84f3-3e88-4c8c-894c-3ad307bcac8d:c2475, 730a25a1-dbec-44ed-975b-a44ab0096beb:c2475]
2019-08-30 05:17:43,574 | INFO  | DNAudit | user=null | ip=null | op=WRITE_CHUNK {blockData=conID: 1 locID: 102704235382243843 bcsId: 0} | ret=SUCCESS |  
2019-08-30 05:17:43,574 | INFO  | DNAudit | user=null | ip=null | op=PUT_BLOCK {blockData=[blockId=conID: 1 locID: 102704235382243843 bcsId: 0,size=1048576]} | ret=SUCCESS |  
2019-08-30 05:17:43,575 | INFO  | DNAudit | user=null | ip=null | op=WRITE_CHUNK {blockData=conID: 1 locID: 102704235382243843 bcsId: 0} | ret=SUCCESS |  
2019-08-30 05:17:43,575 | INFO  | DNAudit | user=null | ip=null | op=PUT_BLOCK {blockData=[blockId=conID: 1 locID: 102704235382243843 bcsId: 0,size=1048576]} | ret=SUCCESS |  
2019-08-30 05:17:43,575 | INFO  | DNAudit | user=null | ip=null | op=WRITE_CHUNK {blockData=conID: 1 locID: 102704235382243843 bcsId: 0} | ret=SUCCESS |  
2019-08-30 05:17:43,575 | INFO  | DNAudit | user=null | ip=null | op=WRITE_CHUNK {blockData=conID: 1 locID: 102704235382243843 bcsId: 0} | ret=SUCCESS |  
2019-08-30 05:17:43,575 | INFO  | DNAudit | user=null | ip=null | op=PUT_BLOCK {blockData=[blockId=conID: 1 locID: 102704235382243843 bcsId: 0,size=2097152]} | ret=SUCCESS |  
2019-08-30 05:17:43,575 | INFO  | DNAudit | user=null | ip=null | op=PUT_BLOCK {blockData=[blockId=conID: 1 locID: 102704235382243843 bcsId: 0,size=2097152]} | ret=SUCCESS |  
2019-08-30 05:17:43,575 [grpc-default-executor-1] INFO  client.GrpcClientProtocolClient (GrpcClientProtocolClient.java:onNext(255)) - client-574492D41EE7->134d4672-e322-4e4b-b7f3-5645abb0fe8c: receive RaftClientReply:client-574492D41EE7->134d4672-e322-4e4b-b7f3-5645abb0fe8c@group-3CB1DFFBCDC2, cid=1722, SUCCESS, logIndex=0, commits[134d4672-e322-4e4b-b7f3-5645abb0fe8c:c2481, 73af84f3-3e88-4c8c-894c-3ad307bcac8d:c2477, 730a25a1-dbec-44ed-975b-a44ab0096beb:c2477]
2019-08-30 05:17:43,577 | INFO  | SCMAudit | user=jenkins1000 | ip=192.168.36.106 | op=SEND_HEARTBEAT {datanodeUUID=b91a4442-fd83-4a66-bee2-5c7959dbabc3, command=[]} | ret=SUCCESS |  
2019-08-30 05:17:43,584 | INFO  | DNAudit | user=null | ip=null | op=WRITE_CHUNK {blockData=conID: 1 locID: 102704235382243843 bcsId: 2479} | ret=SUCCESS |  
2019-08-30 05:17:43,587 | INFO  | DNAudit | user=null | ip=null | op=WRITE_CHUNK {blockData=conID: 1 locID: 102704235382243843 bcsId: 2479} | ret=SUCCESS |  
2019-08-30 05:17:43,587 | INFO  | DNAudit | user=null | ip=null | op=WRITE_CHUNK {blockData=conID: 1 locID: 102704235382243843 bcsId: 2479} | ret=SUCCESS |  
2019-08-30 05:17:43,596 | INFO  | DNAudit | user=null | ip=null | op=WRITE_CHUNK {blockData=conID: 1 locID: 102704235382243843 bcsId: 2479} | ret=SUCCESS |  
2019-08-30 05:17:43,597 | INFO  | DNAudit | user=null | ip=null | op=PUT_BLOCK {blockData=[blockId=conID: 1 locID: 102704235382243843 bcsId: 0,size=3145728]} | ret=SUCCESS |  
2019-08-30 05:17:43,597 [grpc-default-executor-3] INFO  client.GrpcClientProtocolClient (GrpcClientProtocolClient.java:onNext(255)) - client-574492D41EE7->134d4672-e322-4e4b-b7f3-5645abb0fe8c: receive RaftClientReply:client-574492D41EE7->134d4672-e322-4e4b-b7f3-5645abb0fe8c@group-3CB1DFFBCDC2, cid=1723, SUCCESS, logIndex=2484, commits[134d4672-e322-4e4b-b7f3-5645abb0fe8c:c2485, 73af84f3-3e88-4c8c-894c-3ad307bcac8d:c2483, 730a25a1-dbec-44ed-975b-a44ab0096beb:c2483]
2019-08-30 05:17:43,598 [grpc-default-executor-3] INFO  client.GrpcClientProtocolClient (GrpcClientProtocolClient.java:onNext(255)) - client-574492D41EE7->134d4672-e322-4e4b-b7f3-5645abb0fe8c: receive RaftClientReply:client-574492D41EE7->134d4672-e322-4e4b-b7f3-5645abb0fe8c@group-3CB1DFFBCDC2, cid=1724, SUCCESS, logIndex=2485, commits[134d4672-e322-4e4b-b7f3-5645abb0fe8c:c2485, 73af84f3-3e88-4c8c-894c-3ad307bcac8d:c2483, 730a25a1-dbec-44ed-975b-a44ab0096beb:c2483]
2019-08-30 05:17:43,605 | INFO  | DNAudit | user=null | ip=null | op=WRITE_CHUNK {blockData=conID: 1 locID: 102704235382243843 bcsId: 2485} | ret=SUCCESS |  
2019-08-30 05:17:43,607 | INFO  | DNAudit | user=null | ip=null | op=WRITE_CHUNK {blockData=conID: 1 locID: 102704235382243843 bcsId: 2485} | ret=SUCCESS |  
2019-08-30 05:17:43,607 | INFO  | DNAudit | user=null | ip=null | op=WRITE_CHUNK {blockData=conID: 1 locID: 102704235382243843 bcsId: 2485} | ret=SUCCESS |  
2019-08-30 05:17:43,608 | INFO  | DNAudit | user=null | ip=null | op=WRITE_CHUNK {blockData=conID: 1 locID: 102704235382243843 bcsId: 2479} | ret=SUCCESS |  
2019-08-30 05:17:43,608 | INFO  | DNAudit | user=null | ip=null | op=WRITE_CHUNK {blockData=conID: 1 locID: 102704235382243843 bcsId: 2479} | ret=SUCCESS |  
2019-08-30 05:17:43,608 | INFO  | DNAudit | user=null | ip=null | op=PUT_BLOCK {blockData=[blockId=conID: 1 locID: 102704235382243843 bcsId: 0,size=3145728]} | ret=SUCCESS |  
2019-08-30 05:17:43,609 | INFO  | DNAudit | user=null | ip=null | op=PUT_BLOCK {blockData=[blockId=conID: 1 locID: 102704235382243843 bcsId: 0,size=3145728]} | ret=SUCCESS |  
2019-08-30 05:17:43,611 | INFO  | DNAudit | user=null | ip=null | op=WRITE_CHUNK {blockData=conID: 1 locID: 102704235382243843 bcsId: 2485} | ret=SUCCESS |  
2019-08-30 05:17:43,612 | INFO  | DNAudit | user=null | ip=null | op=PUT_BLOCK {blockData=[blockId=conID: 1 locID: 102704235382243843 bcsId: 0,size=4194304]} | ret=SUCCESS |  
2019-08-30 05:17:43,612 [grpc-default-executor-1] INFO  client.GrpcClientProtocolClient (GrpcClientProtocolClient.java:onNext(255)) - client-574492D41EE7->134d4672-e322-4e4b-b7f3-5645abb0fe8c: receive RaftClientReply:client-574492D41EE7->134d4672-e322-4e4b-b7f3-5645abb0fe8c@group-3CB1DFFBCDC2, cid=1725, SUCCESS, logIndex=2488, commits[134d4672-e322-4e4b-b7f3-5645abb0fe8c:c2489, 73af84f3-3e88-4c8c-894c-3ad307bcac8d:c2485, 730a25a1-dbec-44ed-975b-a44ab0096beb:c2485]
2019-08-30 05:17:43,612 [grpc-default-executor-1] INFO  client.GrpcClientProtocolClient (GrpcClientProtocolClient.java:onNext(255)) - client-574492D41EE7->134d4672-e322-4e4b-b7f3-5645abb0fe8c: receive RaftClientReply:client-574492D41EE7->134d4672-e322-4e4b-b7f3-5645abb0fe8c@group-3CB1DFFBCDC2, cid=1726, SUCCESS, logIndex=2489, commits[134d4672-e322-4e4b-b7f3-5645abb0fe8c:c2489, 73af84f3-3e88-4c8c-894c-3ad307bcac8d:c2485, 730a25a1-dbec-44ed-975b-a44ab0096beb:c2485]
2019-08-30 05:17:43,623 | INFO  | DNAudit | user=null | ip=null | op=WRITE_CHUNK {blockData=conID: 1 locID: 102704235382243843 bcsId: 2485} | ret=SUCCESS |  
2019-08-30 05:17:43,623 | INFO  | DNAudit | user=null | ip=null | op=WRITE_CHUNK {blockData=conID: 1 locID: 102704235382243843 bcsId: 2485} | ret=SUCCESS |  
2019-08-30 05:17:43,623 | INFO  | DNAudit | user=null | ip=null | op=PUT_BLOCK {blockData=[blockId=conID: 1 locID: 102704235382243843 bcsId: 0,size=4194304]} | ret=SUCCESS |  
2019-08-30 05:17:43,624 | INFO  | DNAudit | user=null | ip=null | op=PUT_BLOCK {blockData=[blockId=conID: 1 locID: 102704235382243843 bcsId: 0,size=4194304]} | ret=SUCCESS |  
2019-08-30 05:17:43,624 [grpc-default-executor-1] INFO  client.GrpcClientProtocolClient (GrpcClientProtocolClient.java:onNext(255)) - client-574492D41EE7->134d4672-e322-4e4b-b7f3-5645abb0fe8c: receive RaftClientReply:client-574492D41EE7->134d4672-e322-4e4b-b7f3-5645abb0fe8c@group-3CB1DFFBCDC2, cid=1727, SUCCESS, logIndex=0, commits[134d4672-e322-4e4b-b7f3-5645abb0fe8c:c2490, 73af84f3-3e88-4c8c-894c-3ad307bcac8d:c2489, 730a25a1-dbec-44ed-975b-a44ab0096beb:c2489]
2019-08-30 05:17:43,629 | INFO  | SCMAudit | user=jenkins1000 | ip=192.168.36.106 | op=ALLOCATE_BLOCK {owner=85755eb5-052d-48fa-b271-2fe4d8754e12, size=4194304, type=RATIS, factor=THREE} | ret=SUCCESS |  
2019-08-30 05:17:43,632 | INFO  | OMAudit | user=jenkins1000 | ip=127.0.0.1 | op=ALLOCATE_BLOCK {volume=vol-0-00977, bucket=bucket-0-44205, key=key-0-32850, dataSize=0, replicationType=null, replicationFactor=null, keyLocationInfo=null, clientID=102704234570776978} | ret=SUCCESS |  
2019-08-30 05:17:43,639 | INFO  | DNAudit | user=null | ip=null | op=WRITE_CHUNK {blockData=conID: 2 locID: 102704235389190660 bcsId: 0} | ret=SUCCESS |  
2019-08-30 05:17:43,643 | INFO  | DNAudit | user=null | ip=null | op=WRITE_CHUNK {blockData=conID: 2 locID: 102704235389190660 bcsId: 0} | ret=SUCCESS |  
2019-08-30 05:17:43,643 | INFO  | DNAudit | user=null | ip=null | op=WRITE_CHUNK {blockData=conID: 2 locID: 102704235389190660 bcsId: 0} | ret=SUCCESS |  
2019-08-30 05:17:43,643 | INFO  | DNAudit | user=null | ip=null | op=WRITE_CHUNK {blockData=conID: 2 locID: 102704235389190660 bcsId: 0} | ret=SUCCESS |  
2019-08-30 05:17:43,644 | INFO  | DNAudit | user=null | ip=null | op=WRITE_CHUNK {blockData=conID: 2 locID: 102704235389190660 bcsId: 0} | ret=SUCCESS |  
2019-08-30 05:17:43,645 | INFO  | DNAudit | user=null | ip=null | op=WRITE_CHUNK {blockData=conID: 2 locID: 102704235389190660 bcsId: 0} | ret=SUCCESS |  
2019-08-30 05:17:43,652 | INFO  | DNAudit | user=null | ip=null | op=WRITE_CHUNK {blockData=conID: 2 locID: 102704235389190660 bcsId: 0} | ret=SUCCESS |  
2019-08-30 05:17:43,652 | INFO  | DNAudit | user=null | ip=null | op=PUT_BLOCK {blockData=[blockId=conID: 2 locID: 102704235389190660 bcsId: 0,size=1048576]} | ret=SUCCESS |  
2019-08-30 05:17:43,652 [grpc-default-executor-5] INFO  client.GrpcClientProtocolClient (GrpcClientProtocolClient.java:onNext(255)) - client-574492D41EE7->134d4672-e322-4e4b-b7f3-5645abb0fe8c: receive RaftClientReply:client-574492D41EE7->134d4672-e322-4e4b-b7f3-5645abb0fe8c@group-3CB1DFFBCDC2, cid=1728, SUCCESS, logIndex=2492, commits[134d4672-e322-4e4b-b7f3-5645abb0fe8c:c2494, 73af84f3-3e88-4c8c-894c-3ad307bcac8d:c2491, 730a25a1-dbec-44ed-975b-a44ab0096beb:c2491]
2019-08-30 05:17:43,653 | INFO  | DNAudit | user=null | ip=null | op=WRITE_CHUNK {blockData=conID: 2 locID: 102704235389190660 bcsId: 0} | ret=SUCCESS |  
2019-08-30 05:17:43,653 | INFO  | DNAudit | user=null | ip=null | op=WRITE_CHUNK {blockData=conID: 2 locID: 102704235389190660 bcsId: 0} | ret=SUCCESS |  
2019-08-30 05:17:43,653 | INFO  | DNAudit | user=null | ip=null | op=PUT_BLOCK {blockData=[blockId=conID: 2 locID: 102704235389190660 bcsId: 0,size=2097152]} | ret=SUCCESS |  
2019-08-30 05:17:43,653 [grpc-default-executor-5] INFO  client.GrpcClientProtocolClient (GrpcClientProtocolClient.java:onNext(255)) - client-574492D41EE7->134d4672-e322-4e4b-b7f3-5645abb0fe8c: receive RaftClientReply:client-574492D41EE7->134d4672-e322-4e4b-b7f3-5645abb0fe8c@group-3CB1DFFBCDC2, cid=1729, SUCCESS, logIndex=2493, commits[134d4672-e322-4e4b-b7f3-5645abb0fe8c:c2495, 73af84f3-3e88-4c8c-894c-3ad307bcac8d:c2491, 730a25a1-dbec-44ed-975b-a44ab0096beb:c2491]
2019-08-30 05:17:43,653 | INFO  | DNAudit | user=null | ip=null | op=WRITE_CHUNK {blockData=conID: 2 locID: 102704235389190660 bcsId: 0} | ret=SUCCESS |  
2019-08-30 05:17:43,653 | INFO  | DNAudit | user=null | ip=null | op=PUT_BLOCK {blockData=[blockId=conID: 2 locID: 102704235389190660 bcsId: 0,size=1048576]} | ret=SUCCESS |  
2019-08-30 05:17:43,653 [grpc-default-executor-5] INFO  client.GrpcClientProtocolClient (GrpcClientProtocolClient.java:onNext(255)) - client-574492D41EE7->134d4672-e322-4e4b-b7f3-5645abb0fe8c: receive RaftClientReply:client-574492D41EE7->134d4672-e322-4e4b-b7f3-5645abb0fe8c@group-3CB1DFFBCDC2, cid=1730, SUCCESS, logIndex=2494, commits[134d4672-e322-4e4b-b7f3-5645abb0fe8c:c2495, 73af84f3-3e88-4c8c-894c-3ad307bcac8d:c2491, 730a25a1-dbec-44ed-975b-a44ab0096beb:c2491]
2019-08-30 05:17:43,654 | INFO  | DNAudit | user=null | ip=null | op=PUT_BLOCK {blockData=[blockId=conID: 2 locID: 102704235389190660 bcsId: 0,size=1048576]} | ret=SUCCESS |  
2019-08-30 05:17:43,654 [grpc-default-executor-5] INFO  client.GrpcClientProtocolClient (GrpcClientProtocolClient.java:onNext(255)) - client-574492D41EE7->134d4672-e322-4e4b-b7f3-5645abb0fe8c: receive RaftClientReply:client-574492D41EE7->134d4672-e322-4e4b-b7f3-5645abb0fe8c@group-3CB1DFFBCDC2, cid=1731, SUCCESS, logIndex=2495, commits[134d4672-e322-4e4b-b7f3-5645abb0fe8c:c2496, 73af84f3-3e88-4c8c-894c-3ad307bcac8d:c2493, 730a25a1-dbec-44ed-975b-a44ab0096beb:c2493]
2019-08-30 05:17:43,657 | INFO  | DNAudit | user=null | ip=null | op=WRITE_CHUNK {blockData=conID: 2 locID: 102704235389190660 bcsId: 0} | ret=SUCCESS |  
2019-08-30 05:17:43,657 | INFO  | DNAudit | user=null | ip=null | op=WRITE_CHUNK {blockData=conID: 2 locID: 102704235389190660 bcsId: 0} | ret=SUCCESS |  
2019-08-30 05:17:43,657 | INFO  | DNAudit | user=null | ip=null | op=PUT_BLOCK {blockData=[blockId=conID: 2 locID: 102704235389190660 bcsId: 0,size=2097152]} | ret=SUCCESS |  
2019-08-30 05:17:43,657 | INFO  | DNAudit | user=null | ip=null | op=PUT_BLOCK {blockData=[blockId=conID: 2 locID: 102704235389190660 bcsId: 0,size=2097152]} | ret=SUCCESS |  
2019-08-30 05:17:43,661 | INFO  | DNAudit | user=null | ip=null | op=WRITE_CHUNK {blockData=conID: 2 locID: 102704235389190660 bcsId: 2495} | ret=SUCCESS |  
2019-08-30 05:17:43,663 | INFO  | DNAudit | user=null | ip=null | op=WRITE_CHUNK {blockData=conID: 2 locID: 102704235389190660 bcsId: 2495} | ret=SUCCESS |  
2019-08-30 05:17:43,663 | INFO  | DNAudit | user=null | ip=null | op=WRITE_CHUNK {blockData=conID: 2 locID: 102704235389190660 bcsId: 2495} | ret=SUCCESS |  
2019-08-30 05:17:43,668 | INFO  | DNAudit | user=null | ip=null | op=WRITE_CHUNK {blockData=conID: 2 locID: 102704235389190660 bcsId: 2495} | ret=SUCCESS |  
2019-08-30 05:17:43,669 [grpc-default-executor-1] INFO  client.GrpcClientProtocolClient (GrpcClientProtocolClient.java:onNext(255)) - client-574492D41EE7->134d4672-e322-4e4b-b7f3-5645abb0fe8c: receive RaftClientReply:client-574492D41EE7->134d4672-e322-4e4b-b7f3-5645abb0fe8c@group-3CB1DFFBCDC2, cid=1732, SUCCESS, logIndex=2500, commits[134d4672-e322-4e4b-b7f3-5645abb0fe8c:c2501, 73af84f3-3e88-4c8c-894c-3ad307bcac8d:c2498, 730a25a1-dbec-44ed-975b-a44ab0096beb:c2498]
2019-08-30 05:17:43,669 | INFO  | DNAudit | user=null | ip=null | op=PUT_BLOCK {blockData=[blockId=conID: 2 locID: 102704235389190660 bcsId: 0,size=3145728]} | ret=SUCCESS |  
2019-08-30 05:17:43,670 [grpc-default-executor-1] INFO  client.GrpcClientProtocolClient (GrpcClientProtocolClient.java:onNext(255)) - client-574492D41EE7->134d4672-e322-4e4b-b7f3-5645abb0fe8c: receive RaftClientReply:client-574492D41EE7->134d4672-e322-4e4b-b7f3-5645abb0fe8c@group-3CB1DFFBCDC2, cid=1733, SUCCESS, logIndex=2501, commits[134d4672-e322-4e4b-b7f3-5645abb0fe8c:c2501, 73af84f3-3e88-4c8c-894c-3ad307bcac8d:c2498, 730a25a1-dbec-44ed-975b-a44ab0096beb:c2498]
2019-08-30 05:17:43,676 | INFO  | DNAudit | user=null | ip=null | op=WRITE_CHUNK {blockData=conID: 2 locID: 102704235389190660 bcsId: 2501} | ret=SUCCESS |  
2019-08-30 05:17:43,678 | INFO  | DNAudit | user=null | ip=null | op=WRITE_CHUNK {blockData=conID: 2 locID: 102704235389190660 bcsId: 2501} | ret=SUCCESS |  
2019-08-30 05:17:43,679 | INFO  | DNAudit | user=null | ip=null | op=WRITE_CHUNK {blockData=conID: 2 locID: 102704235389190660 bcsId: 2501} | ret=SUCCESS |  
2019-08-30 05:17:43,680 | INFO  | DNAudit | user=null | ip=null | op=WRITE_CHUNK {blockData=conID: 2 locID: 102704235389190660 bcsId: 2495} | ret=SUCCESS |  
2019-08-30 05:17:43,681 | INFO  | DNAudit | user=null | ip=null | op=PUT_BLOCK {blockData=[blockId=conID: 2 locID: 102704235389190660 bcsId: 0,size=3145728]} | ret=SUCCESS |  
2019-08-30 05:17:43,681 | INFO  | DNAudit | user=null | ip=null | op=WRITE_CHUNK {blockData=conID: 2 locID: 102704235389190660 bcsId: 2495} | ret=SUCCESS |  
2019-08-30 05:17:43,681 | INFO  | DNAudit | user=null | ip=null | op=PUT_BLOCK {blockData=[blockId=conID: 2 locID: 102704235389190660 bcsId: 0,size=3145728]} | ret=SUCCESS |  
2019-08-30 05:17:43,682 | INFO  | DNAudit | user=null | ip=null | op=WRITE_CHUNK {blockData=conID: 2 locID: 102704235389190660 bcsId: 2501} | ret=SUCCESS |  
2019-08-30 05:17:43,682 | INFO  | DNAudit | user=null | ip=null | op=PUT_BLOCK {blockData=[blockId=conID: 2 locID: 102704235389190660 bcsId: 0,size=4194304]} | ret=SUCCESS |  
2019-08-30 05:17:43,682 [grpc-default-executor-3] INFO  client.GrpcClientProtocolClient (GrpcClientProtocolClient.java:onNext(255)) - client-574492D41EE7->134d4672-e322-4e4b-b7f3-5645abb0fe8c: receive RaftClientReply:client-574492D41EE7->134d4672-e322-4e4b-b7f3-5645abb0fe8c@group-3CB1DFFBCDC2, cid=1734, SUCCESS, logIndex=2504, commits[134d4672-e322-4e4b-b7f3-5645abb0fe8c:c2505, 73af84f3-3e88-4c8c-894c-3ad307bcac8d:c2501, 730a25a1-dbec-44ed-975b-a44ab0096beb:c2501]
2019-08-30 05:17:43,683 [grpc-default-executor-3] INFO  client.GrpcClientProtocolClient (GrpcClientProtocolClient.java:onNext(255)) - client-574492D41EE7->134d4672-e322-4e4b-b7f3-5645abb0fe8c: receive RaftClientReply:client-574492D41EE7->134d4672-e322-4e4b-b7f3-5645abb0fe8c@group-3CB1DFFBCDC2, cid=1735, SUCCESS, logIndex=2505, commits[134d4672-e322-4e4b-b7f3-5645abb0fe8c:c2505, 73af84f3-3e88-4c8c-894c-3ad307bcac8d:c2501, 730a25a1-dbec-44ed-975b-a44ab0096beb:c2501]
2019-08-30 05:17:43,683 | INFO  | DNAudit | user=null | ip=null | op=WRITE_CHUNK {blockData=conID: 2 locID: 102704235389190660 bcsId: 2501} | ret=SUCCESS |  
2019-08-30 05:17:43,683 | INFO  | DNAudit | user=null | ip=null | op=WRITE_CHUNK {blockData=conID: 2 locID: 102704235389190660 bcsId: 2501} | ret=SUCCESS |  
2019-08-30 05:17:43,684 | INFO  | DNAudit | user=null | ip=null | op=PUT_BLOCK {blockData=[blockId=conID: 2 locID: 102704235389190660 bcsId: 0,size=4194304]} | ret=SUCCESS |  
2019-08-30 05:17:43,684 | INFO  | DNAudit | user=null | ip=null | op=PUT_BLOCK {blockData=[blockId=conID: 2 locID: 102704235389190660 bcsId: 0,size=4194304]} | ret=SUCCESS |  
2019-08-30 05:17:43,684 [grpc-default-executor-3] INFO  client.GrpcClientProtocolClient (GrpcClientProtocolClient.java:onNext(255)) - client-574492D41EE7->134d4672-e322-4e4b-b7f3-5645abb0fe8c: receive RaftClientReply:client-574492D41EE7->134d4672-e322-4e4b-b7f3-5645abb0fe8c@group-3CB1DFFBCDC2, cid=1736, SUCCESS, logIndex=0, commits[134d4672-e322-4e4b-b7f3-5645abb0fe8c:c2506, 73af84f3-3e88-4c8c-894c-3ad307bcac8d:c2505, 730a25a1-dbec-44ed-975b-a44ab0096beb:c2505]
2019-08-30 05:17:43,688 | INFO  | SCMAudit | user=jenkins1000 | ip=192.168.36.106 | op=ALLOCATE_BLOCK {owner=85755eb5-052d-48fa-b271-2fe4d8754e12, size=4194304, type=RATIS, factor=THREE} | ret=SUCCESS |  
2019-08-30 05:17:43,691 | INFO  | OMAudit | user=jenkins1000 | ip=127.0.0.1 | op=ALLOCATE_BLOCK {volume=vol-0-00977, bucket=bucket-0-44205, key=key-0-32850, dataSize=0, replicationType=null, replicationFactor=null, keyLocationInfo=null, clientID=102704234570776978} | ret=SUCCESS |  
2019-08-30 05:17:43,698 | INFO  | DNAudit | user=null | ip=null | op=WRITE_CHUNK {blockData=conID: 3 locID: 102704235393057285 bcsId: 0} | ret=SUCCESS |  
2019-08-30 05:17:43,700 | INFO  | DNAudit | user=null | ip=null | op=WRITE_CHUNK {blockData=conID: 3 locID: 102704235393057285 bcsId: 0} | ret=SUCCESS |  
2019-08-30 05:17:43,701 | INFO  | DNAudit | user=null | ip=null | op=WRITE_CHUNK {blockData=conID: 3 locID: 102704235393057285 bcsId: 0} | ret=SUCCESS |  
2019-08-30 05:17:43,701 | INFO  | DNAudit | user=null | ip=null | op=WRITE_CHUNK {blockData=conID: 3 locID: 102704235393057285 bcsId: 0} | ret=SUCCESS |  
2019-08-30 05:17:43,703 | INFO  | DNAudit | user=null | ip=null | op=WRITE_CHUNK {blockData=conID: 3 locID: 102704235393057285 bcsId: 0} | ret=SUCCESS |  
2019-08-30 05:17:43,703 | INFO  | DNAudit | user=null | ip=null | op=WRITE_CHUNK {blockData=conID: 3 locID: 102704235393057285 bcsId: 0} | ret=SUCCESS |  
2019-08-30 05:17:43,710 | INFO  | DNAudit | user=null | ip=null | op=WRITE_CHUNK {blockData=conID: 3 locID: 102704235393057285 bcsId: 0} | ret=SUCCESS |  
2019-08-30 05:17:43,711 | INFO  | DNAudit | user=null | ip=null | op=PUT_BLOCK {blockData=[blockId=conID: 3 locID: 102704235393057285 bcsId: 0,size=1048576]} | ret=SUCCESS |  
2019-08-30 05:17:43,711 | INFO  | DNAudit | user=null | ip=null | op=WRITE_CHUNK {blockData=conID: 3 locID: 102704235393057285 bcsId: 0} | ret=SUCCESS |  
2019-08-30 05:17:43,711 [grpc-default-executor-1] INFO  client.GrpcClientProtocolClient (GrpcClientProtocolClient.java:onNext(255)) - client-574492D41EE7->134d4672-e322-4e4b-b7f3-5645abb0fe8c: receive RaftClientReply:client-574492D41EE7->134d4672-e322-4e4b-b7f3-5645abb0fe8c@group-3CB1DFFBCDC2, cid=1737, SUCCESS, logIndex=2508, commits[134d4672-e322-4e4b-b7f3-5645abb0fe8c:c2510, 73af84f3-3e88-4c8c-894c-3ad307bcac8d:c2505, 730a25a1-dbec-44ed-975b-a44ab0096beb:c2507]
2019-08-30 05:17:43,711 | INFO  | DNAudit | user=null | ip=null | op=PUT_BLOCK {blockData=[blockId=conID: 3 locID: 102704235393057285 bcsId: 0,size=2097152]} | ret=SUCCESS |  
2019-08-30 05:17:43,711 [grpc-default-executor-1] INFO  client.GrpcClientProtocolClient (GrpcClientProtocolClient.java:onNext(255)) - client-574492D41EE7->134d4672-e322-4e4b-b7f3-5645abb0fe8c: receive RaftClientReply:client-574492D41EE7->134d4672-e322-4e4b-b7f3-5645abb0fe8c@group-3CB1DFFBCDC2, cid=1738, SUCCESS, logIndex=2509, commits[134d4672-e322-4e4b-b7f3-5645abb0fe8c:c2511, 73af84f3-3e88-4c8c-894c-3ad307bcac8d:c2507, 730a25a1-dbec-44ed-975b-a44ab0096beb:c2507]
2019-08-30 05:17:43,712 [grpc-default-executor-1] INFO  client.GrpcClientProtocolClient (GrpcClientProtocolClient.java:onNext(255)) - client-574492D41EE7->134d4672-e322-4e4b-b7f3-5645abb0fe8c: receive RaftClientReply:client-574492D41EE7->134d4672-e322-4e4b-b7f3-5645abb0fe8c@group-3CB1DFFBCDC2, cid=1739, SUCCESS, logIndex=2510, commits[134d4672-e322-4e4b-b7f3-5645abb0fe8c:c2511, 73af84f3-3e88-4c8c-894c-3ad307bcac8d:c2507, 730a25a1-dbec-44ed-975b-a44ab0096beb:c2507]
2019-08-30 05:17:43,712 [grpc-default-executor-1] INFO  client.GrpcClientProtocolClient (GrpcClientProtocolClient.java:onNext(255)) - client-574492D41EE7->134d4672-e322-4e4b-b7f3-5645abb0fe8c: receive RaftClientReply:client-574492D41EE7->134d4672-e322-4e4b-b7f3-5645abb0fe8c@group-3CB1DFFBCDC2, cid=1740, SUCCESS, logIndex=2511, commits[134d4672-e322-4e4b-b7f3-5645abb0fe8c:c2511, 73af84f3-3e88-4c8c-894c-3ad307bcac8d:c2507, 730a25a1-dbec-44ed-975b-a44ab0096beb:c2507]
2019-08-30 05:17:43,712 | INFO  | DNAudit | user=null | ip=null | op=WRITE_CHUNK {blockData=conID: 3 locID: 102704235393057285 bcsId: 0} | ret=SUCCESS |  
2019-08-30 05:17:43,713 | INFO  | DNAudit | user=null | ip=null | op=WRITE_CHUNK {blockData=conID: 3 locID: 102704235393057285 bcsId: 0} | ret=SUCCESS |  
2019-08-30 05:17:43,713 | INFO  | DNAudit | user=null | ip=null | op=PUT_BLOCK {blockData=[blockId=conID: 3 locID: 102704235393057285 bcsId: 0,size=1048576]} | ret=SUCCESS |  
2019-08-30 05:17:43,714 | INFO  | DNAudit | user=null | ip=null | op=WRITE_CHUNK {blockData=conID: 3 locID: 102704235393057285 bcsId: 0} | ret=SUCCESS |  
2019-08-30 05:17:43,714 | INFO  | DNAudit | user=null | ip=null | op=PUT_BLOCK {blockData=[blockId=conID: 3 locID: 102704235393057285 bcsId: 0,size=2097152]} | ret=SUCCESS |  
2019-08-30 05:17:43,715 | INFO  | DNAudit | user=null | ip=null | op=PUT_BLOCK {blockData=[blockId=conID: 3 locID: 102704235393057285 bcsId: 0,size=1048576]} | ret=SUCCESS |  
2019-08-30 05:17:43,716 | INFO  | DNAudit | user=null | ip=null | op=WRITE_CHUNK {blockData=conID: 3 locID: 102704235393057285 bcsId: 0} | ret=SUCCESS |  
2019-08-30 05:17:43,716 [grpc-default-executor-1] INFO  client.GrpcClientProtocolClient (GrpcClientProtocolClient.java:onNext(255)) - client-574492D41EE7->134d4672-e322-4e4b-b7f3-5645abb0fe8c: receive RaftClientReply:client-574492D41EE7->134d4672-e322-4e4b-b7f3-5645abb0fe8c@group-3CB1DFFBCDC2, cid=1741, SUCCESS, logIndex=0, commits[134d4672-e322-4e4b-b7f3-5645abb0fe8c:c2515, 73af84f3-3e88-4c8c-894c-3ad307bcac8d:c2511, 730a25a1-dbec-44ed-975b-a44ab0096beb:c2510]
2019-08-30 05:17:43,716 | INFO  | DNAudit | user=null | ip=null | op=PUT_BLOCK {blockData=[blockId=conID: 3 locID: 102704235393057285 bcsId: 0,size=2097152]} | ret=SUCCESS |  
2019-08-30 05:17:43,722 | INFO  | DNAudit | user=null | ip=null | op=WRITE_CHUNK {blockData=conID: 3 locID: 102704235393057285 bcsId: 2511} | ret=SUCCESS |  
2019-08-30 05:17:43,725 | INFO  | DNAudit | user=null | ip=null | op=WRITE_CHUNK {blockData=conID: 3 locID: 102704235393057285 bcsId: 2511} | ret=SUCCESS |  
2019-08-30 05:17:43,725 | INFO  | DNAudit | user=null | ip=null | op=WRITE_CHUNK {blockData=conID: 3 locID: 102704235393057285 bcsId: 2511} | ret=SUCCESS |  
2019-08-30 05:17:43,747 | INFO  | DNAudit | user=null | ip=null | op=WRITE_CHUNK {blockData=conID: 3 locID: 102704235393057285 bcsId: 2511} | ret=SUCCESS |  
2019-08-30 05:17:43,748 | INFO  | DNAudit | user=null | ip=null | op=PUT_BLOCK {blockData=[blockId=conID: 3 locID: 102704235393057285 bcsId: 0,size=3145728]} | ret=SUCCESS |  
2019-08-30 05:17:43,748 [grpc-default-executor-3] INFO  client.GrpcClientProtocolClient (GrpcClientProtocolClient.java:onNext(255)) - client-574492D41EE7->134d4672-e322-4e4b-b7f3-5645abb0fe8c: receive RaftClientReply:client-574492D41EE7->134d4672-e322-4e4b-b7f3-5645abb0fe8c@group-3CB1DFFBCDC2, cid=1742, SUCCESS, logIndex=2516, commits[134d4672-e322-4e4b-b7f3-5645abb0fe8c:c2517, 73af84f3-3e88-4c8c-894c-3ad307bcac8d:c2515, 730a25a1-dbec-44ed-975b-a44ab0096beb:c2515]
2019-08-30 05:17:43,748 [grpc-default-executor-3] INFO  client.GrpcClientProtocolClient (GrpcClientProtocolClient.java:onNext(255)) - client-574492D41EE7->134d4672-e322-4e4b-b7f3-5645abb0fe8c: receive RaftClientReply:client-574492D41EE7->134d4672-e322-4e4b-b7f3-5645abb0fe8c@group-3CB1DFFBCDC2, cid=1743, SUCCESS, logIndex=2517, commits[134d4672-e322-4e4b-b7f3-5645abb0fe8c:c2517, 73af84f3-3e88-4c8c-894c-3ad307bcac8d:c2515, 730a25a1-dbec-44ed-975b-a44ab0096beb:c2515]
2019-08-30 05:17:43,755 | INFO  | DNAudit | user=null | ip=null | op=WRITE_CHUNK {blockData=conID: 3 locID: 102704235393057285 bcsId: 2517} | ret=SUCCESS |  
2019-08-30 05:17:43,757 | INFO  | DNAudit | user=null | ip=null | op=WRITE_CHUNK {blockData=conID: 3 locID: 102704235393057285 bcsId: 2517} | ret=SUCCESS |  
2019-08-30 05:17:43,757 | INFO  | DNAudit | user=null | ip=null | op=WRITE_CHUNK {blockData=conID: 3 locID: 102704235393057285 bcsId: 2517} | ret=SUCCESS |  
2019-08-30 05:17:43,762 | INFO  | DNAudit | user=null | ip=null | op=WRITE_CHUNK {blockData=conID: 3 locID: 102704235393057285 bcsId: 2511} | ret=SUCCESS |  
2019-08-30 05:17:43,762 | INFO  | DNAudit | user=null | ip=null | op=WRITE_CHUNK {blockData=conID: 3 locID: 102704235393057285 bcsId: 2511} | ret=SUCCESS |  
2019-08-30 05:17:43,773 | INFO  | DNAudit | user=null | ip=null | op=PUT_BLOCK {blockData=[blockId=conID: 3 locID: 102704235393057285 bcsId: 0,size=3145728]} | ret=SUCCESS |  
2019-08-30 05:17:43,773 | INFO  | DNAudit | user=null | ip=null | op=PUT_BLOCK {blockData=[blockId=conID: 3 locID: 102704235393057285 bcsId: 0,size=3145728]} | ret=SUCCESS |  
2019-08-30 05:17:43,774 | INFO  | DNAudit | user=null | ip=null | op=WRITE_CHUNK {blockData=conID: 3 locID: 102704235393057285 bcsId: 2517} | ret=SUCCESS |  
2019-08-30 05:17:43,774 | INFO  | DNAudit | user=null | ip=null | op=PUT_BLOCK {blockData=[blockId=conID: 3 locID: 102704235393057285 bcsId: 0,size=4194304]} | ret=SUCCESS |  
2019-08-30 05:17:43,774 [grpc-default-executor-3] INFO  client.GrpcClientProtocolClient (GrpcClientProtocolClient.java:onNext(255)) - client-574492D41EE7->134d4672-e322-4e4b-b7f3-5645abb0fe8c: receive RaftClientReply:client-574492D41EE7->134d4672-e322-4e4b-b7f3-5645abb0fe8c@group-3CB1DFFBCDC2, cid=1744, SUCCESS, logIndex=2520, commits[134d4672-e322-4e4b-b7f3-5645abb0fe8c:c2521, 73af84f3-3e88-4c8c-894c-3ad307bcac8d:c2517, 730a25a1-dbec-44ed-975b-a44ab0096beb:c2517]
2019-08-30 05:17:43,775 [grpc-default-executor-3] INFO  client.GrpcClientProtocolClient (GrpcClientProtocolClient.java:onNext(255)) - client-574492D41EE7->134d4672-e322-4e4b-b7f3-5645abb0fe8c: receive RaftClientReply:client-574492D41EE7->134d4672-e322-4e4b-b7f3-5645abb0fe8c@group-3CB1DFFBCDC2, cid=1745, SUCCESS, logIndex=2521, commits[134d4672-e322-4e4b-b7f3-5645abb0fe8c:c2521, 73af84f3-3e88-4c8c-894c-3ad307bcac8d:c2517, 730a25a1-dbec-44ed-975b-a44ab0096beb:c2517]
2019-08-30 05:17:43,785 | INFO  | DNAudit | user=null | ip=null | op=WRITE_CHUNK {blockData=conID: 3 locID: 102704235393057285 bcsId: 2517} | ret=SUCCESS |  
2019-08-30 05:17:43,785 | INFO  | DNAudit | user=null | ip=null | op=WRITE_CHUNK {blockData=conID: 3 locID: 102704235393057285 bcsId: 2517} | ret=SUCCESS |  
2019-08-30 05:17:43,788 | INFO  | DNAudit | user=null | ip=null | op=PUT_BLOCK {blockData=[blockId=conID: 3 locID: 102704235393057285 bcsId: 0,size=4194304]} | ret=SUCCESS |  
2019-08-30 05:17:43,788 | INFO  | DNAudit | user=null | ip=null | op=PUT_BLOCK {blockData=[blockId=conID: 3 locID: 102704235393057285 bcsId: 0,size=4194304]} | ret=SUCCESS |  
2019-08-30 05:17:43,789 [grpc-default-executor-1] INFO  client.GrpcClientProtocolClient (GrpcClientProtocolClient.java:onNext(255)) - client-574492D41EE7->134d4672-e322-4e4b-b7f3-5645abb0fe8c: receive RaftClientReply:client-574492D41EE7->134d4672-e322-4e4b-b7f3-5645abb0fe8c@group-3CB1DFFBCDC2, cid=1746, SUCCESS, logIndex=0, commits[134d4672-e322-4e4b-b7f3-5645abb0fe8c:c2523, 73af84f3-3e88-4c8c-894c-3ad307bcac8d:c2521, 730a25a1-dbec-44ed-975b-a44ab0096beb:c2521]
2019-08-30 05:17:43,794 | INFO  | SCMAudit | user=jenkins1000 | ip=192.168.36.106 | op=ALLOCATE_BLOCK {owner=85755eb5-052d-48fa-b271-2fe4d8754e12, size=4194304, type=RATIS, factor=THREE} | ret=SUCCESS |  
2019-08-30 05:17:43,797 | INFO  | OMAudit | user=jenkins1000 | ip=127.0.0.1 | op=ALLOCATE_BLOCK {volume=vol-0-00977, bucket=bucket-0-44205, key=key-0-32850, dataSize=0, replicationType=null, replicationFactor=null, keyLocationInfo=null, clientID=102704234570776978} | ret=SUCCESS |  
2019-08-30 05:17:43,805 | INFO  | DNAudit | user=null | ip=null | op=WRITE_CHUNK {blockData=conID: 1 locID: 102704235400004102 bcsId: 0} | ret=SUCCESS |  
2019-08-30 05:17:43,808 | INFO  | DNAudit | user=null | ip=null | op=WRITE_CHUNK {blockData=conID: 1 locID: 102704235400004102 bcsId: 0} | ret=SUCCESS |  
2019-08-30 05:17:43,808 | INFO  | DNAudit | user=null | ip=null | op=WRITE_CHUNK {blockData=conID: 1 locID: 102704235400004102 bcsId: 0} | ret=SUCCESS |  
2019-08-30 05:17:43,808 | INFO  | DNAudit | user=null | ip=null | op=WRITE_CHUNK {blockData=conID: 1 locID: 102704235400004102 bcsId: 0} | ret=SUCCESS |  
2019-08-30 05:17:43,811 | INFO  | DNAudit | user=null | ip=null | op=WRITE_CHUNK {blockData=conID: 1 locID: 102704235400004102 bcsId: 0} | ret=SUCCESS |  
2019-08-30 05:17:43,811 | INFO  | DNAudit | user=null | ip=null | op=WRITE_CHUNK {blockData=conID: 1 locID: 102704235400004102 bcsId: 0} | ret=SUCCESS |  
2019-08-30 05:17:43,817 | INFO  | DNAudit | user=null | ip=null | op=WRITE_CHUNK {blockData=conID: 1 locID: 102704235400004102 bcsId: 0} | ret=SUCCESS |  
2019-08-30 05:17:43,818 | INFO  | DNAudit | user=null | ip=null | op=PUT_BLOCK {blockData=[blockId=conID: 1 locID: 102704235400004102 bcsId: 0,size=1048576]} | ret=SUCCESS |  
2019-08-30 05:17:43,818 | INFO  | DNAudit | user=null | ip=null | op=WRITE_CHUNK {blockData=conID: 1 locID: 102704235400004102 bcsId: 0} | ret=SUCCESS |  
2019-08-30 05:17:43,818 [grpc-default-executor-6] INFO  client.GrpcClientProtocolClient (GrpcClientProtocolClient.java:onNext(255)) - client-574492D41EE7->134d4672-e322-4e4b-b7f3-5645abb0fe8c: receive RaftClientReply:client-574492D41EE7->134d4672-e322-4e4b-b7f3-5645abb0fe8c@group-3CB1DFFBCDC2, cid=1747, SUCCESS, logIndex=2524, commits[134d4672-e322-4e4b-b7f3-5645abb0fe8c:c2525, 73af84f3-3e88-4c8c-894c-3ad307bcac8d:c2523, 730a25a1-dbec-44ed-975b-a44ab0096beb:c2523]
2019-08-30 05:17:43,819 | INFO  | DNAudit | user=null | ip=null | op=PUT_BLOCK {blockData=[blockId=conID: 1 locID: 102704235400004102 bcsId: 0,size=2097152]} | ret=SUCCESS |  
2019-08-30 05:17:43,819 [grpc-default-executor-6] INFO  client.GrpcClientProtocolClient (GrpcClientProtocolClient.java:onNext(255)) - client-574492D41EE7->134d4672-e322-4e4b-b7f3-5645abb0fe8c: receive RaftClientReply:client-574492D41EE7->134d4672-e322-4e4b-b7f3-5645abb0fe8c@group-3CB1DFFBCDC2, cid=1748, SUCCESS, logIndex=2525, commits[134d4672-e322-4e4b-b7f3-5645abb0fe8c:c2526, 73af84f3-3e88-4c8c-894c-3ad307bcac8d:c2523, 730a25a1-dbec-44ed-975b-a44ab0096beb:c2523]
2019-08-30 05:17:43,819 [grpc-default-executor-6] INFO  client.GrpcClientProtocolClient (GrpcClientProtocolClient.java:onNext(255)) - client-574492D41EE7->134d4672-e322-4e4b-b7f3-5645abb0fe8c: receive RaftClientReply:client-574492D41EE7->134d4672-e322-4e4b-b7f3-5645abb0fe8c@group-3CB1DFFBCDC2, cid=1749, SUCCESS, logIndex=2526, commits[134d4672-e322-4e4b-b7f3-5645abb0fe8c:c2527, 73af84f3-3e88-4c8c-894c-3ad307bcac8d:c2523, 730a25a1-dbec-44ed-975b-a44ab0096beb:c2523]
2019-08-30 05:17:43,819 [grpc-default-executor-6] INFO  client.GrpcClientProtocolClient (GrpcClientProtocolClient.java:onNext(255)) - client-574492D41EE7->134d4672-e322-4e4b-b7f3-5645abb0fe8c: receive RaftClientReply:client-574492D41EE7->134d4672-e322-4e4b-b7f3-5645abb0fe8c@group-3CB1DFFBCDC2, cid=1750, SUCCESS, logIndex=2527, commits[134d4672-e322-4e4b-b7f3-5645abb0fe8c:c2527, 73af84f3-3e88-4c8c-894c-3ad307bcac8d:c2523, 730a25a1-dbec-44ed-975b-a44ab0096beb:c2523]
2019-08-30 05:17:43,831 | INFO  | DNAudit | user=null | ip=null | op=WRITE_CHUNK {blockData=conID: 1 locID: 102704235400004102 bcsId: 0} | ret=SUCCESS |  
2019-08-30 05:17:43,832 | INFO  | DNAudit | user=null | ip=null | op=WRITE_CHUNK {blockData=conID: 1 locID: 102704235400004102 bcsId: 0} | ret=SUCCESS |  
2019-08-30 05:17:43,832 | INFO  | DNAudit | user=null | ip=null | op=PUT_BLOCK {blockData=[blockId=conID: 1 locID: 102704235400004102 bcsId: 0,size=1048576]} | ret=SUCCESS |  
2019-08-30 05:17:43,832 | INFO  | DNAudit | user=null | ip=null | op=PUT_BLOCK {blockData=[blockId=conID: 1 locID: 102704235400004102 bcsId: 0,size=1048576]} | ret=SUCCESS |  
2019-08-30 05:17:43,832 | INFO  | DNAudit | user=null | ip=null | op=WRITE_CHUNK {blockData=conID: 1 locID: 102704235400004102 bcsId: 0} | ret=SUCCESS |  
2019-08-30 05:17:43,832 | INFO  | DNAudit | user=null | ip=null | op=WRITE_CHUNK {blockData=conID: 1 locID: 102704235400004102 bcsId: 0} | ret=SUCCESS |  
2019-08-30 05:17:43,833 | INFO  | DNAudit | user=null | ip=null | op=PUT_BLOCK {blockData=[blockId=conID: 1 locID: 102704235400004102 bcsId: 0,size=2097152]} | ret=SUCCESS |  
2019-08-30 05:17:43,833 | INFO  | DNAudit | user=null | ip=null | op=PUT_BLOCK {blockData=[blockId=conID: 1 locID: 102704235400004102 bcsId: 0,size=2097152]} | ret=SUCCESS |  
2019-08-30 05:17:43,833 [grpc-default-executor-5] INFO  client.GrpcClientProtocolClient (GrpcClientProtocolClient.java:onNext(255)) - client-574492D41EE7->134d4672-e322-4e4b-b7f3-5645abb0fe8c: receive RaftClientReply:client-574492D41EE7->134d4672-e322-4e4b-b7f3-5645abb0fe8c@group-3CB1DFFBCDC2, cid=1751, SUCCESS, logIndex=0, commits[134d4672-e322-4e4b-b7f3-5645abb0fe8c:c2531, 73af84f3-3e88-4c8c-894c-3ad307bcac8d:c2525, 730a25a1-dbec-44ed-975b-a44ab0096beb:c2527]
2019-08-30 05:17:43,840 | INFO  | DNAudit | user=null | ip=null | op=WRITE_CHUNK {blockData=conID: 1 locID: 102704235400004102 bcsId: 2527} | ret=SUCCESS |  
2019-08-30 05:17:43,842 | INFO  | DNAudit | user=null | ip=null | op=WRITE_CHUNK {blockData=conID: 1 locID: 102704235400004102 bcsId: 2527} | ret=SUCCESS |  
2019-08-30 05:17:43,843 | INFO  | DNAudit | user=null | ip=null | op=WRITE_CHUNK {blockData=conID: 1 locID: 102704235400004102 bcsId: 2527} | ret=SUCCESS |  
2019-08-30 05:17:43,853 | INFO  | DNAudit | user=null | ip=null | op=WRITE_CHUNK {blockData=conID: 1 locID: 102704235400004102 bcsId: 2527} | ret=SUCCESS |  
2019-08-30 05:17:43,853 | INFO  | DNAudit | user=null | ip=null | op=PUT_BLOCK {blockData=[blockId=conID: 1 locID: 102704235400004102 bcsId: 0,size=3145728]} | ret=SUCCESS |  
2019-08-30 05:17:43,854 [grpc-default-executor-5] INFO  client.GrpcClientProtocolClient (GrpcClientProtocolClient.java:onNext(255)) - client-574492D41EE7->134d4672-e322-4e4b-b7f3-5645abb0fe8c: receive RaftClientReply:client-574492D41EE7->134d4672-e322-4e4b-b7f3-5645abb0fe8c@group-3CB1DFFBCDC2, cid=1752, SUCCESS, logIndex=2532, commits[134d4672-e322-4e4b-b7f3-5645abb0fe8c:c2533, 73af84f3-3e88-4c8c-894c-3ad307bcac8d:c2531, 730a25a1-dbec-44ed-975b-a44ab0096beb:c2531]
2019-08-30 05:17:43,854 [grpc-default-executor-5] INFO  client.GrpcClientProtocolClient (GrpcClientProtocolClient.java:onNext(255)) - client-574492D41EE7->134d4672-e322-4e4b-b7f3-5645abb0fe8c: receive RaftClientReply:client-574492D41EE7->134d4672-e322-4e4b-b7f3-5645abb0fe8c@group-3CB1DFFBCDC2, cid=1753, SUCCESS, logIndex=2533, commits[134d4672-e322-4e4b-b7f3-5645abb0fe8c:c2533, 73af84f3-3e88-4c8c-894c-3ad307bcac8d:c2531, 730a25a1-dbec-44ed-975b-a44ab0096beb:c2531]
2019-08-30 05:17:43,861 | INFO  | DNAudit | user=null | ip=null | op=WRITE_CHUNK {blockData=conID: 1 locID: 102704235400004102 bcsId: 2533} | ret=SUCCESS |  
2019-08-30 05:17:43,864 | INFO  | DNAudit | user=null | ip=null | op=WRITE_CHUNK {blockData=conID: 1 locID: 102704235400004102 bcsId: 2533} | ret=SUCCESS |  
2019-08-30 05:17:43,864 | INFO  | DNAudit | user=null | ip=null | op=WRITE_CHUNK {blockData=conID: 1 locID: 102704235400004102 bcsId: 2533} | ret=SUCCESS |  
2019-08-30 05:17:43,865 | INFO  | DNAudit | user=null | ip=null | op=WRITE_CHUNK {blockData=conID: 1 locID: 102704235400004102 bcsId: 2527} | ret=SUCCESS |  
2019-08-30 05:17:43,865 | INFO  | DNAudit | user=null | ip=null | op=WRITE_CHUNK {blockData=conID: 1 locID: 102704235400004102 bcsId: 2527} | ret=SUCCESS |  
2019-08-30 05:17:43,865 | INFO  | DNAudit | user=null | ip=null | op=PUT_BLOCK {blockData=[blockId=conID: 1 locID: 102704235400004102 bcsId: 0,size=3145728]} | ret=SUCCESS |  
2019-08-30 05:17:43,865 | INFO  | DNAudit | user=null | ip=null | op=PUT_BLOCK {blockData=[blockId=conID: 1 locID: 102704235400004102 bcsId: 0,size=3145728]} | ret=SUCCESS |  
2019-08-30 05:17:43,868 | INFO  | DNAudit | user=null | ip=null | op=WRITE_CHUNK {blockData=conID: 1 locID: 102704235400004102 bcsId: 2533} | ret=SUCCESS |  
2019-08-30 05:17:43,868 | INFO  | DNAudit | user=null | ip=null | op=PUT_BLOCK {blockData=[blockId=conID: 1 locID: 102704235400004102 bcsId: 0,size=4194304]} | ret=SUCCESS |  
2019-08-30 05:17:43,868 [grpc-default-executor-5] INFO  client.GrpcClientProtocolClient (GrpcClientProtocolClient.java:onNext(255)) - client-574492D41EE7->134d4672-e322-4e4b-b7f3-5645abb0fe8c: receive RaftClientReply:client-574492D41EE7->134d4672-e322-4e4b-b7f3-5645abb0fe8c@group-3CB1DFFBCDC2, cid=1754, SUCCESS, logIndex=2536, commits[134d4672-e322-4e4b-b7f3-5645abb0fe8c:c2537, 73af84f3-3e88-4c8c-894c-3ad307bcac8d:c2533, 730a25a1-dbec-44ed-975b-a44ab0096beb:c2533]
2019-08-30 05:17:43,869 [grpc-default-executor-5] INFO  client.GrpcClientProtocolClient (GrpcClientProtocolClient.java:onNext(255)) - client-574492D41EE7->134d4672-e322-4e4b-b7f3-5645abb0fe8c: receive RaftClientReply:client-574492D41EE7->134d4672-e322-4e4b-b7f3-5645abb0fe8c@group-3CB1DFFBCDC2, cid=1755, SUCCESS, logIndex=2537, commits[134d4672-e322-4e4b-b7f3-5645abb0fe8c:c2537, 73af84f3-3e88-4c8c-894c-3ad307bcac8d:c2533, 730a25a1-dbec-44ed-975b-a44ab0096beb:c2533]
2019-08-30 05:17:43,879 | INFO  | DNAudit | user=null | ip=null | op=WRITE_CHUNK {blockData=conID: 1 locID: 102704235400004102 bcsId: 2533} | ret=SUCCESS |  
2019-08-30 05:17:43,879 | INFO  | DNAudit | user=null | ip=null | op=WRITE_CHUNK {blockData=conID: 1 locID: 102704235400004102 bcsId: 2533} | ret=SUCCESS |  
2019-08-30 05:17:43,882 | INFO  | DNAudit | user=null | ip=null | op=PUT_BLOCK {blockData=[blockId=conID: 1 locID: 102704235400004102 bcsId: 0,size=4194304]} | ret=SUCCESS |  
2019-08-30 05:17:43,882 | INFO  | DNAudit | user=null | ip=null | op=PUT_BLOCK {blockData=[blockId=conID: 1 locID: 102704235400004102 bcsId: 0,size=4194304]} | ret=SUCCESS |  
2019-08-30 05:17:43,883 [grpc-default-executor-5] INFO  client.GrpcClientProtocolClient (GrpcClientProtocolClient.java:onNext(255)) - client-574492D41EE7->134d4672-e322-4e4b-b7f3-5645abb0fe8c: receive RaftClientReply:client-574492D41EE7->134d4672-e322-4e4b-b7f3-5645abb0fe8c@group-3CB1DFFBCDC2, cid=1756, SUCCESS, logIndex=0, commits[134d4672-e322-4e4b-b7f3-5645abb0fe8c:c2539, 73af84f3-3e88-4c8c-894c-3ad307bcac8d:c2537, 730a25a1-dbec-44ed-975b-a44ab0096beb:c2537]
2019-08-30 05:17:43,888 | INFO  | SCMAudit | user=jenkins1000 | ip=192.168.36.106 | op=ALLOCATE_BLOCK {owner=85755eb5-052d-48fa-b271-2fe4d8754e12, size=4194304, type=RATIS, factor=THREE} | ret=SUCCESS |  
2019-08-30 05:17:43,891 | INFO  | OMAudit | user=jenkins1000 | ip=127.0.0.1 | op=ALLOCATE_BLOCK {volume=vol-0-00977, bucket=bucket-0-44205, key=key-0-32850, dataSize=0, replicationType=null, replicationFactor=null, keyLocationInfo=null, clientID=102704234570776978} | ret=SUCCESS |  
2019-08-30 05:17:43,898 | INFO  | DNAudit | user=null | ip=null | op=WRITE_CHUNK {blockData=conID: 2 locID: 102704235406164487 bcsId: 0} | ret=SUCCESS |  
2019-08-30 05:17:43,901 | INFO  | DNAudit | user=null | ip=null | op=WRITE_CHUNK {blockData=conID: 2 locID: 102704235406164487 bcsId: 0} | ret=SUCCESS |  
2019-08-30 05:17:43,902 | INFO  | DNAudit | user=null | ip=null | op=WRITE_CHUNK {blockData=conID: 2 locID: 102704235406164487 bcsId: 0} | ret=SUCCESS |  
2019-08-30 05:17:43,902 | INFO  | DNAudit | user=null | ip=null | op=WRITE_CHUNK {blockData=conID: 2 locID: 102704235406164487 bcsId: 0} | ret=SUCCESS |  
2019-08-30 05:17:43,904 | INFO  | DNAudit | user=null | ip=null | op=WRITE_CHUNK {blockData=conID: 2 locID: 102704235406164487 bcsId: 0} | ret=SUCCESS |  
2019-08-30 05:17:43,904 | INFO  | DNAudit | user=null | ip=null | op=WRITE_CHUNK {blockData=conID: 2 locID: 102704235406164487 bcsId: 0} | ret=SUCCESS |  
2019-08-30 05:17:43,911 | INFO  | DNAudit | user=null | ip=null | op=WRITE_CHUNK {blockData=conID: 2 locID: 102704235406164487 bcsId: 0} | ret=SUCCESS |  
2019-08-30 05:17:43,911 | INFO  | DNAudit | user=null | ip=null | op=PUT_BLOCK {blockData=[blockId=conID: 2 locID: 102704235406164487 bcsId: 0,size=1048576]} | ret=SUCCESS |  
2019-08-30 05:17:43,911 [grpc-default-executor-5] INFO  client.GrpcClientProtocolClient (GrpcClientProtocolClient.java:onNext(255)) - client-574492D41EE7->134d4672-e322-4e4b-b7f3-5645abb0fe8c: receive RaftClientReply:client-574492D41EE7->134d4672-e322-4e4b-b7f3-5645abb0fe8c@group-3CB1DFFBCDC2, cid=1757, SUCCESS, logIndex=2540, commits[134d4672-e322-4e4b-b7f3-5645abb0fe8c:c2541, 73af84f3-3e88-4c8c-894c-3ad307bcac8d:c2539, 730a25a1-dbec-44ed-975b-a44ab0096beb:c2539]
2019-08-30 05:17:43,912 | INFO  | DNAudit | user=null | ip=null | op=WRITE_CHUNK {blockData=conID: 2 locID: 102704235406164487 bcsId: 0} | ret=SUCCESS |  
2019-08-30 05:17:43,912 [grpc-default-executor-5] INFO  client.GrpcClientProtocolClient (GrpcClientProtocolClient.java:onNext(255)) - client-574492D41EE7->134d4672-e322-4e4b-b7f3-5645abb0fe8c: receive RaftClientReply:client-574492D41EE7->134d4672-e322-4e4b-b7f3-5645abb0fe8c@group-3CB1DFFBCDC2, cid=1758, SUCCESS, logIndex=2541, commits[134d4672-e322-4e4b-b7f3-5645abb0fe8c:c2541, 73af84f3-3e88-4c8c-894c-3ad307bcac8d:c2539, 730a25a1-dbec-44ed-975b-a44ab0096beb:c2539]
2019-08-30 05:17:43,912 | INFO  | DNAudit | user=null | ip=null | op=PUT_BLOCK {blockData=[blockId=conID: 2 locID: 102704235406164487 bcsId: 0,size=2097152]} | ret=SUCCESS |  
2019-08-30 05:17:43,912 [grpc-default-executor-5] INFO  client.GrpcClientProtocolClient (GrpcClientProtocolClient.java:onNext(255)) - client-574492D41EE7->134d4672-e322-4e4b-b7f3-5645abb0fe8c: receive RaftClientReply:client-574492D41EE7->134d4672-e322-4e4b-b7f3-5645abb0fe8c@group-3CB1DFFBCDC2, cid=1759, SUCCESS, logIndex=2542, commits[134d4672-e322-4e4b-b7f3-5645abb0fe8c:c2543, 73af84f3-3e88-4c8c-894c-3ad307bcac8d:c2539, 730a25a1-dbec-44ed-975b-a44ab0096beb:c2539]
2019-08-30 05:17:43,913 [grpc-default-executor-5] INFO  client.GrpcClientProtocolClient (GrpcClientProtocolClient.java:onNext(255)) - client-574492D41EE7->134d4672-e322-4e4b-b7f3-5645abb0fe8c: receive RaftClientReply:client-574492D41EE7->134d4672-e322-4e4b-b7f3-5645abb0fe8c@group-3CB1DFFBCDC2, cid=1760, SUCCESS, logIndex=2543, commits[134d4672-e322-4e4b-b7f3-5645abb0fe8c:c2543, 73af84f3-3e88-4c8c-894c-3ad307bcac8d:c2539, 730a25a1-dbec-44ed-975b-a44ab0096beb:c2539]
2019-08-30 05:17:43,924 | INFO  | DNAudit | user=null | ip=null | op=WRITE_CHUNK {blockData=conID: 2 locID: 102704235406164487 bcsId: 0} | ret=SUCCESS |  
2019-08-30 05:17:43,924 | INFO  | DNAudit | user=null | ip=null | op=PUT_BLOCK {blockData=[blockId=conID: 2 locID: 102704235406164487 bcsId: 0,size=1048576]} | ret=SUCCESS |  
2019-08-30 05:17:43,925 | INFO  | DNAudit | user=null | ip=null | op=WRITE_CHUNK {blockData=conID: 2 locID: 102704235406164487 bcsId: 0} | ret=SUCCESS |  
2019-08-30 05:17:43,925 | INFO  | DNAudit | user=null | ip=null | op=PUT_BLOCK {blockData=[blockId=conID: 2 locID: 102704235406164487 bcsId: 0,size=1048576]} | ret=SUCCESS |  
2019-08-30 05:17:43,925 | INFO  | DNAudit | user=null | ip=null | op=WRITE_CHUNK {blockData=conID: 2 locID: 102704235406164487 bcsId: 0} | ret=SUCCESS |  
2019-08-30 05:17:43,925 | INFO  | DNAudit | user=null | ip=null | op=WRITE_CHUNK {blockData=conID: 2 locID: 102704235406164487 bcsId: 0} | ret=SUCCESS |  
2019-08-30 05:17:43,925 | INFO  | DNAudit | user=null | ip=null | op=PUT_BLOCK {blockData=[blockId=conID: 2 locID: 102704235406164487 bcsId: 0,size=2097152]} | ret=SUCCESS |  
2019-08-30 05:17:43,926 [grpc-default-executor-5] INFO  client.GrpcClientProtocolClient (GrpcClientProtocolClient.java:onNext(255)) - client-574492D41EE7->134d4672-e322-4e4b-b7f3-5645abb0fe8c: receive RaftClientReply:client-574492D41EE7->134d4672-e322-4e4b-b7f3-5645abb0fe8c@group-3CB1DFFBCDC2, cid=1761, SUCCESS, logIndex=0, commits[134d4672-e322-4e4b-b7f3-5645abb0fe8c:c2545, 73af84f3-3e88-4c8c-894c-3ad307bcac8d:c2541, 730a25a1-dbec-44ed-975b-a44ab0096beb:c2541]
2019-08-30 05:17:43,926 | INFO  | DNAudit | user=null | ip=null | op=PUT_BLOCK {blockData=[blockId=conID: 2 locID: 102704235406164487 bcsId: 0,size=2097152]} | ret=SUCCESS |  
2019-08-30 05:17:43,933 | INFO  | DNAudit | user=null | ip=null | op=WRITE_CHUNK {blockData=conID: 2 locID: 102704235406164487 bcsId: 2543} | ret=SUCCESS |  
2019-08-30 05:17:43,934 | INFO  | DNAudit | user=null | ip=null | op=WRITE_CHUNK {blockData=conID: 2 locID: 102704235406164487 bcsId: 2543} | ret=SUCCESS |  
2019-08-30 05:17:43,934 | INFO  | DNAudit | user=null | ip=null | op=WRITE_CHUNK {blockData=conID: 2 locID: 102704235406164487 bcsId: 2543} | ret=SUCCESS |  
2019-08-30 05:17:44,129 | INFO  | SCMAudit | user=jenkins1000 | ip=192.168.36.106 | op=SEND_HEARTBEAT {datanodeUUID=730a25a1-dbec-44ed-975b-a44ab0096beb, command=[]} | ret=SUCCESS |  
2019-08-30 05:17:44,129 | INFO  | SCMAudit | user=jenkins1000 | ip=192.168.36.106 | op=SEND_HEARTBEAT {datanodeUUID=73af84f3-3e88-4c8c-894c-3ad307bcac8d, command=[]} | ret=SUCCESS |  
2019-08-30 05:17:44,129 | INFO  | DNAudit | user=null | ip=null | op=WRITE_CHUNK {blockData=conID: 2 locID: 102704235406164487 bcsId: 2543} | ret=SUCCESS |  
2019-08-30 05:17:44,130 | INFO  | DNAudit | user=null | ip=null | op=PUT_BLOCK {blockData=[blockId=conID: 2 locID: 102704235406164487 bcsId: 0,size=3145728]} | ret=SUCCESS |  
2019-08-30 05:17:44,130 [grpc-default-executor-5] INFO  client.GrpcClientProtocolClient (GrpcClientProtocolClient.java:onNext(255)) - client-574492D41EE7->134d4672-e322-4e4b-b7f3-5645abb0fe8c: receive RaftClientReply:client-574492D41EE7->134d4672-e322-4e4b-b7f3-5645abb0fe8c@group-3CB1DFFBCDC2, cid=1762, SUCCESS, logIndex=2548, commits[134d4672-e322-4e4b-b7f3-5645abb0fe8c:c2549, 73af84f3-3e88-4c8c-894c-3ad307bcac8d:c2547, 730a25a1-dbec-44ed-975b-a44ab0096beb:c2547]
2019-08-30 05:17:44,130 [grpc-default-executor-5] INFO  client.GrpcClientProtocolClient (GrpcClientProtocolClient.java:onNext(255)) - client-574492D41EE7->134d4672-e322-4e4b-b7f3-5645abb0fe8c: receive RaftClientReply:client-574492D41EE7->134d4672-e322-4e4b-b7f3-5645abb0fe8c@group-3CB1DFFBCDC2, cid=1763, SUCCESS, logIndex=2549, commits[134d4672-e322-4e4b-b7f3-5645abb0fe8c:c2549, 73af84f3-3e88-4c8c-894c-3ad307bcac8d:c2547, 730a25a1-dbec-44ed-975b-a44ab0096beb:c2547]
2019-08-30 05:17:44,139 | INFO  | DNAudit | user=null | ip=null | op=WRITE_CHUNK {blockData=conID: 2 locID: 102704235406164487 bcsId: 2549} | ret=SUCCESS |  
2019-08-30 05:17:44,140 | INFO  | DNAudit | user=null | ip=null | op=WRITE_CHUNK {blockData=conID: 2 locID: 102704235406164487 bcsId: 2543} | ret=SUCCESS |  
2019-08-30 05:17:44,140 | INFO  | DNAudit | user=null | ip=null | op=WRITE_CHUNK {blockData=conID: 2 locID: 102704235406164487 bcsId: 2543} | ret=SUCCESS |  
2019-08-30 05:17:44,141 | INFO  | DNAudit | user=null | ip=null | op=PUT_BLOCK {blockData=[blockId=conID: 2 locID: 102704235406164487 bcsId: 0,size=3145728]} | ret=SUCCESS |  
2019-08-30 05:17:44,141 | INFO  | DNAudit | user=null | ip=null | op=PUT_BLOCK {blockData=[blockId=conID: 2 locID: 102704235406164487 bcsId: 0,size=3145728]} | ret=SUCCESS |  
2019-08-30 05:17:44,142 | INFO  | DNAudit | user=null | ip=null | op=WRITE_CHUNK {blockData=conID: 2 locID: 102704235406164487 bcsId: 2549} | ret=SUCCESS |  
2019-08-30 05:17:44,142 | INFO  | DNAudit | user=null | ip=null | op=WRITE_CHUNK {blockData=conID: 2 locID: 102704235406164487 bcsId: 2549} | ret=SUCCESS |  
2019-08-30 05:17:44,155 | INFO  | DNAudit | user=null | ip=null | op=WRITE_CHUNK {blockData=conID: 2 locID: 102704235406164487 bcsId: 2549} | ret=SUCCESS |  
2019-08-30 05:17:44,156 | INFO  | DNAudit | user=null | ip=null | op=PUT_BLOCK {blockData=[blockId=conID: 2 locID: 102704235406164487 bcsId: 0,size=4194304]} | ret=SUCCESS |  
2019-08-30 05:17:44,156 [grpc-default-executor-5] INFO  client.GrpcClientProtocolClient (GrpcClientProtocolClient.java:onNext(255)) - client-574492D41EE7->134d4672-e322-4e4b-b7f3-5645abb0fe8c: receive RaftClientReply:client-574492D41EE7->134d4672-e322-4e4b-b7f3-5645abb0fe8c@group-3CB1DFFBCDC2, cid=1764, SUCCESS, logIndex=2552, commits[134d4672-e322-4e4b-b7f3-5645abb0fe8c:c2553, 73af84f3-3e88-4c8c-894c-3ad307bcac8d:c2549, 730a25a1-dbec-44ed-975b-a44ab0096beb:c2549]
2019-08-30 05:17:44,156 [grpc-default-executor-5] INFO  client.GrpcClientProtocolClient (GrpcClientProtocolClient.java:onNext(255)) - client-574492D41EE7->134d4672-e322-4e4b-b7f3-5645abb0fe8c: receive RaftClientReply:client-574492D41EE7->134d4672-e322-4e4b-b7f3-5645abb0fe8c@group-3CB1DFFBCDC2, cid=1765, SUCCESS, logIndex=2553, commits[134d4672-e322-4e4b-b7f3-5645abb0fe8c:c2553, 73af84f3-3e88-4c8c-894c-3ad307bcac8d:c2549, 730a25a1-dbec-44ed-975b-a44ab0096beb:c2549]
2019-08-30 05:17:44,167 | INFO  | DNAudit | user=null | ip=null | op=WRITE_CHUNK {blockData=conID: 2 locID: 102704235406164487 bcsId: 2549} | ret=SUCCESS |  
2019-08-30 05:17:44,167 | INFO  | DNAudit | user=null | ip=null | op=WRITE_CHUNK {blockData=conID: 2 locID: 102704235406164487 bcsId: 2549} | ret=SUCCESS |  
2019-08-30 05:17:44,167 | INFO  | DNAudit | user=null | ip=null | op=PUT_BLOCK {blockData=[blockId=conID: 2 locID: 102704235406164487 bcsId: 0,size=4194304]} | ret=SUCCESS |  
2019-08-30 05:17:44,167 | INFO  | DNAudit | user=null | ip=null | op=PUT_BLOCK {blockData=[blockId=conID: 2 locID: 102704235406164487 bcsId: 0,size=4194304]} | ret=SUCCESS |  
2019-08-30 05:17:44,172 [grpc-default-executor-5] INFO  client.GrpcClientProtocolClient (GrpcClientProtocolClient.java:onNext(255)) - client-574492D41EE7->134d4672-e322-4e4b-b7f3-5645abb0fe8c: receive RaftClientReply:client-574492D41EE7->134d4672-e322-4e4b-b7f3-5645abb0fe8c@group-3CB1DFFBCDC2, cid=1766, SUCCESS, logIndex=0, commits[134d4672-e322-4e4b-b7f3-5645abb0fe8c:c2554, 73af84f3-3e88-4c8c-894c-3ad307bcac8d:c2553, 730a25a1-dbec-44ed-975b-a44ab0096beb:c2553]
2019-08-30 05:17:44,178 | INFO  | SCMAudit | user=jenkins1000 | ip=192.168.36.106 | op=ALLOCATE_BLOCK {owner=85755eb5-052d-48fa-b271-2fe4d8754e12, size=4194304, type=RATIS, factor=THREE} | ret=SUCCESS |  
2019-08-30 05:17:44,181 | INFO  | OMAudit | user=jenkins1000 | ip=127.0.0.1 | op=ALLOCATE_BLOCK {volume=vol-0-00977, bucket=bucket-0-44205, key=key-0-32850, dataSize=0, replicationType=null, replicationFactor=null, keyLocationInfo=null, clientID=102704234570776978} | ret=SUCCESS |  
2019-08-30 05:17:44,191 | INFO  | DNAudit | user=null | ip=null | op=WRITE_CHUNK {blockData=conID: 3 locID: 102704235425169928 bcsId: 0} | ret=SUCCESS |  
2019-08-30 05:17:44,195 | INFO  | DNAudit | user=null | ip=null | op=WRITE_CHUNK {blockData=conID: 3 locID: 102704235425169928 bcsId: 0} | ret=SUCCESS |  
2019-08-30 05:17:44,195 | INFO  | DNAudit | user=null | ip=null | op=WRITE_CHUNK {blockData=conID: 3 locID: 102704235425169928 bcsId: 0} | ret=SUCCESS |  
2019-08-30 05:17:44,196 | INFO  | DNAudit | user=null | ip=null | op=WRITE_CHUNK {blockData=conID: 3 locID: 102704235425169928 bcsId: 0} | ret=SUCCESS |  
2019-08-30 05:17:44,200 | INFO  | DNAudit | user=null | ip=null | op=WRITE_CHUNK {blockData=conID: 3 locID: 102704235425169928 bcsId: 0} | ret=SUCCESS |  
2019-08-30 05:17:44,200 | INFO  | DNAudit | user=null | ip=null | op=WRITE_CHUNK {blockData=conID: 3 locID: 102704235425169928 bcsId: 0} | ret=SUCCESS |  
2019-08-30 05:17:44,205 | INFO  | DNAudit | user=null | ip=null | op=WRITE_CHUNK {blockData=conID: 3 locID: 102704235425169928 bcsId: 0} | ret=SUCCESS |  
2019-08-30 05:17:44,206 | INFO  | DNAudit | user=null | ip=null | op=PUT_BLOCK {blockData=[blockId=conID: 3 locID: 102704235425169928 bcsId: 0,size=1048576]} | ret=SUCCESS |  
2019-08-30 05:17:44,206 | INFO  | DNAudit | user=null | ip=null | op=WRITE_CHUNK {blockData=conID: 3 locID: 102704235425169928 bcsId: 0} | ret=SUCCESS |  
2019-08-30 05:17:44,207 | INFO  | DNAudit | user=null | ip=null | op=WRITE_CHUNK {blockData=conID: 3 locID: 102704235425169928 bcsId: 0} | ret=SUCCESS |  
2019-08-30 05:17:44,206 [grpc-default-executor-5] INFO  client.GrpcClientProtocolClient (GrpcClientProtocolClient.java:onNext(255)) - client-574492D41EE7->134d4672-e322-4e4b-b7f3-5645abb0fe8c: receive RaftClientReply:client-574492D41EE7->134d4672-e322-4e4b-b7f3-5645abb0fe8c@group-3CB1DFFBCDC2, cid=1767, SUCCESS, logIndex=2556, commits[134d4672-e322-4e4b-b7f3-5645abb0fe8c:c2557, 73af84f3-3e88-4c8c-894c-3ad307bcac8d:c2555, 730a25a1-dbec-44ed-975b-a44ab0096beb:c2555]
2019-08-30 05:17:44,207 | INFO  | DNAudit | user=null | ip=null | op=WRITE_CHUNK {blockData=conID: 3 locID: 102704235425169928 bcsId: 0} | ret=SUCCESS |  
2019-08-30 05:17:44,207 | INFO  | DNAudit | user=null | ip=null | op=PUT_BLOCK {blockData=[blockId=conID: 3 locID: 102704235425169928 bcsId: 0,size=2097152]} | ret=SUCCESS |  
2019-08-30 05:17:44,207 | INFO  | DNAudit | user=null | ip=null | op=PUT_BLOCK {blockData=[blockId=conID: 3 locID: 102704235425169928 bcsId: 0,size=1048576]} | ret=SUCCESS |  
2019-08-30 05:17:44,207 | INFO  | DNAudit | user=null | ip=null | op=PUT_BLOCK {blockData=[blockId=conID: 3 locID: 102704235425169928 bcsId: 0,size=1048576]} | ret=SUCCESS |  
2019-08-30 05:17:44,208 [grpc-default-executor-5] INFO  client.GrpcClientProtocolClient (GrpcClientProtocolClient.java:onNext(255)) - client-574492D41EE7->134d4672-e322-4e4b-b7f3-5645abb0fe8c: receive RaftClientReply:client-574492D41EE7->134d4672-e322-4e4b-b7f3-5645abb0fe8c@group-3CB1DFFBCDC2, cid=1768, SUCCESS, logIndex=2557, commits[134d4672-e322-4e4b-b7f3-5645abb0fe8c:c2557, 73af84f3-3e88-4c8c-894c-3ad307bcac8d:c2555, 730a25a1-dbec-44ed-975b-a44ab0096beb:c2555]
2019-08-30 05:17:44,208 | INFO  | DNAudit | user=null | ip=null | op=WRITE_CHUNK {blockData=conID: 3 locID: 102704235425169928 bcsId: 0} | ret=SUCCESS |  
2019-08-30 05:17:44,208 | INFO  | DNAudit | user=null | ip=null | op=WRITE_CHUNK {blockData=conID: 3 locID: 102704235425169928 bcsId: 0} | ret=SUCCESS |  
2019-08-30 05:17:44,209 | INFO  | DNAudit | user=null | ip=null | op=PUT_BLOCK {blockData=[blockId=conID: 3 locID: 102704235425169928 bcsId: 0,size=2097152]} | ret=SUCCESS |  
2019-08-30 05:17:44,209 [grpc-default-executor-5] INFO  client.GrpcClientProtocolClient (GrpcClientProtocolClient.java:onNext(255)) - client-574492D41EE7->134d4672-e322-4e4b-b7f3-5645abb0fe8c: receive RaftClientReply:client-574492D41EE7->134d4672-e322-4e4b-b7f3-5645abb0fe8c@group-3CB1DFFBCDC2, cid=1769, SUCCESS, logIndex=2558, commits[134d4672-e322-4e4b-b7f3-5645abb0fe8c:c2559, 73af84f3-3e88-4c8c-894c-3ad307bcac8d:c2555, 730a25a1-dbec-44ed-975b-a44ab0096beb:c2555]
2019-08-30 05:17:44,209 | INFO  | DNAudit | user=null | ip=null | op=PUT_BLOCK {blockData=[blockId=conID: 3 locID: 102704235425169928 bcsId: 0,size=2097152]} | ret=SUCCESS |  
2019-08-30 05:17:44,209 [grpc-default-executor-5] INFO  client.GrpcClientProtocolClient (GrpcClientProtocolClient.java:onNext(255)) - client-574492D41EE7->134d4672-e322-4e4b-b7f3-5645abb0fe8c: receive RaftClientReply:client-574492D41EE7->134d4672-e322-4e4b-b7f3-5645abb0fe8c@group-3CB1DFFBCDC2, cid=1770, SUCCESS, logIndex=2559, commits[134d4672-e322-4e4b-b7f3-5645abb0fe8c:c2559, 73af84f3-3e88-4c8c-894c-3ad307bcac8d:c2555, 730a25a1-dbec-44ed-975b-a44ab0096beb:c2555]
2019-08-30 05:17:44,210 [grpc-default-executor-5] INFO  client.GrpcClientProtocolClient (GrpcClientProtocolClient.java:onNext(255)) - client-574492D41EE7->134d4672-e322-4e4b-b7f3-5645abb0fe8c: receive RaftClientReply:client-574492D41EE7->134d4672-e322-4e4b-b7f3-5645abb0fe8c@group-3CB1DFFBCDC2, cid=1771, SUCCESS, logIndex=0, commits[134d4672-e322-4e4b-b7f3-5645abb0fe8c:c2563, 73af84f3-3e88-4c8c-894c-3ad307bcac8d:c2559, 730a25a1-dbec-44ed-975b-a44ab0096beb:c2559]
2019-08-30 05:17:44,219 | INFO  | DNAudit | user=null | ip=null | op=WRITE_CHUNK {blockData=conID: 3 locID: 102704235425169928 bcsId: 2559} | ret=SUCCESS |  
2019-08-30 05:17:44,221 | INFO  | DNAudit | user=null | ip=null | op=WRITE_CHUNK {blockData=conID: 3 locID: 102704235425169928 bcsId: 2559} | ret=SUCCESS |  
2019-08-30 05:17:44,222 | INFO  | DNAudit | user=null | ip=null | op=WRITE_CHUNK {blockData=conID: 3 locID: 102704235425169928 bcsId: 2559} | ret=SUCCESS |  
2019-08-30 05:17:44,231 | INFO  | DNAudit | user=null | ip=null | op=WRITE_CHUNK {blockData=conID: 3 locID: 102704235425169928 bcsId: 2559} | ret=SUCCESS |  
2019-08-30 05:17:44,232 | INFO  | DNAudit | user=null | ip=null | op=PUT_BLOCK {blockData=[blockId=conID: 3 locID: 102704235425169928 bcsId: 0,size=3145728]} | ret=SUCCESS |  
2019-08-30 05:17:44,232 [grpc-default-executor-1] INFO  client.GrpcClientProtocolClient (GrpcClientProtocolClient.java:onNext(255)) - client-574492D41EE7->134d4672-e322-4e4b-b7f3-5645abb0fe8c: receive RaftClientReply:client-574492D41EE7->134d4672-e322-4e4b-b7f3-5645abb0fe8c@group-3CB1DFFBCDC2, cid=1772, SUCCESS, logIndex=2564, commits[134d4672-e322-4e4b-b7f3-5645abb0fe8c:c2565, 73af84f3-3e88-4c8c-894c-3ad307bcac8d:c2563, 730a25a1-dbec-44ed-975b-a44ab0096beb:c2563]
2019-08-30 05:17:44,233 [grpc-default-executor-1] INFO  client.GrpcClientProtocolClient (GrpcClientProtocolClient.java:onNext(255)) - client-574492D41EE7->134d4672-e322-4e4b-b7f3-5645abb0fe8c: receive RaftClientReply:client-574492D41EE7->134d4672-e322-4e4b-b7f3-5645abb0fe8c@group-3CB1DFFBCDC2, cid=1773, SUCCESS, logIndex=2565, commits[134d4672-e322-4e4b-b7f3-5645abb0fe8c:c2565, 73af84f3-3e88-4c8c-894c-3ad307bcac8d:c2563, 730a25a1-dbec-44ed-975b-a44ab0096beb:c2563]
2019-08-30 05:17:44,241 | INFO  | DNAudit | user=null | ip=null | op=WRITE_CHUNK {blockData=conID: 3 locID: 102704235425169928 bcsId: 2565} | ret=SUCCESS |  
2019-08-30 05:17:44,243 | INFO  | DNAudit | user=null | ip=null | op=WRITE_CHUNK {blockData=conID: 3 locID: 102704235425169928 bcsId: 2559} | ret=SUCCESS |  
2019-08-30 05:17:44,243 | INFO  | DNAudit | user=null | ip=null | op=WRITE_CHUNK {blockData=conID: 3 locID: 102704235425169928 bcsId: 2559} | ret=SUCCESS |  
2019-08-30 05:17:44,243 | INFO  | DNAudit | user=null | ip=null | op=PUT_BLOCK {blockData=[blockId=conID: 3 locID: 102704235425169928 bcsId: 0,size=3145728]} | ret=SUCCESS |  
2019-08-30 05:17:44,243 | INFO  | DNAudit | user=null | ip=null | op=PUT_BLOCK {blockData=[blockId=conID: 3 locID: 102704235425169928 bcsId: 0,size=3145728]} | ret=SUCCESS |  
2019-08-30 05:17:44,244 | INFO  | DNAudit | user=null | ip=null | op=WRITE_CHUNK {blockData=conID: 3 locID: 102704235425169928 bcsId: 2565} | ret=SUCCESS |  
2019-08-30 05:17:44,244 | INFO  | DNAudit | user=null | ip=null | op=WRITE_CHUNK {blockData=conID: 3 locID: 102704235425169928 bcsId: 2565} | ret=SUCCESS |  
2019-08-30 05:17:44,259 | INFO  | DNAudit | user=null | ip=null | op=WRITE_CHUNK {blockData=conID: 3 locID: 102704235425169928 bcsId: 2565} | ret=SUCCESS |  
2019-08-30 05:17:44,260 | INFO  | DNAudit | user=null | ip=null | op=PUT_BLOCK {blockData=[blockId=conID: 3 locID: 102704235425169928 bcsId: 0,size=4194304]} | ret=SUCCESS |  
2019-08-30 05:17:44,260 [grpc-default-executor-6] INFO  client.GrpcClientProtocolClient (GrpcClientProtocolClient.java:onNext(255)) - client-574492D41EE7->134d4672-e322-4e4b-b7f3-5645abb0fe8c: receive RaftClientReply:client-574492D41EE7->134d4672-e322-4e4b-b7f3-5645abb0fe8c@group-3CB1DFFBCDC2, cid=1774, SUCCESS, logIndex=2568, commits[134d4672-e322-4e4b-b7f3-5645abb0fe8c:c2569, 73af84f3-3e88-4c8c-894c-3ad307bcac8d:c2565, 730a25a1-dbec-44ed-975b-a44ab0096beb:c2565]
2019-08-30 05:17:44,260 [grpc-default-executor-6] INFO  client.GrpcClientProtocolClient (GrpcClientProtocolClient.java:onNext(255)) - client-574492D41EE7->134d4672-e322-4e4b-b7f3-5645abb0fe8c: receive RaftClientReply:client-574492D41EE7->134d4672-e322-4e4b-b7f3-5645abb0fe8c@group-3CB1DFFBCDC2, cid=1775, SUCCESS, logIndex=2569, commits[134d4672-e322-4e4b-b7f3-5645abb0fe8c:c2569, 73af84f3-3e88-4c8c-894c-3ad307bcac8d:c2565, 730a25a1-dbec-44ed-975b-a44ab0096beb:c2565]
2019-08-30 05:17:44,271 | INFO  | DNAudit | user=null | ip=null | op=WRITE_CHUNK {blockData=conID: 3 locID: 102704235425169928 bcsId: 2565} | ret=SUCCESS |  
2019-08-30 05:17:44,271 | INFO  | DNAudit | user=null | ip=null | op=WRITE_CHUNK {blockData=conID: 3 locID: 102704235425169928 bcsId: 2565} | ret=SUCCESS |  
2019-08-30 05:17:44,272 | INFO  | DNAudit | user=null | ip=null | op=PUT_BLOCK {blockData=[blockId=conID: 3 locID: 102704235425169928 bcsId: 0,size=4194304]} | ret=SUCCESS |  
2019-08-30 05:17:44,272 | INFO  | DNAudit | user=null | ip=null | op=PUT_BLOCK {blockData=[blockId=conID: 3 locID: 102704235425169928 bcsId: 0,size=4194304]} | ret=SUCCESS |  
2019-08-30 05:17:44,273 [grpc-default-executor-6] INFO  client.GrpcClientProtocolClient (GrpcClientProtocolClient.java:onNext(255)) - client-574492D41EE7->134d4672-e322-4e4b-b7f3-5645abb0fe8c: receive RaftClientReply:client-574492D41EE7->134d4672-e322-4e4b-b7f3-5645abb0fe8c@group-3CB1DFFBCDC2, cid=1776, SUCCESS, logIndex=0, commits[134d4672-e322-4e4b-b7f3-5645abb0fe8c:c2571, 73af84f3-3e88-4c8c-894c-3ad307bcac8d:c2569, 730a25a1-dbec-44ed-975b-a44ab0096beb:c2569]
2019-08-30 05:17:44,278 | INFO  | SCMAudit | user=jenkins1000 | ip=192.168.36.106 | op=ALLOCATE_BLOCK {owner=85755eb5-052d-48fa-b271-2fe4d8754e12, size=4194304, type=RATIS, factor=THREE} | ret=SUCCESS |  
2019-08-30 05:17:44,281 | INFO  | OMAudit | user=jenkins1000 | ip=127.0.0.1 | op=ALLOCATE_BLOCK {volume=vol-0-00977, bucket=bucket-0-44205, key=key-0-32850, dataSize=0, replicationType=null, replicationFactor=null, keyLocationInfo=null, clientID=102704234570776978} | ret=SUCCESS |  
2019-08-30 05:17:44,289 | INFO  | DNAudit | user=null | ip=null | op=WRITE_CHUNK {blockData=conID: 1 locID: 102704235431723529 bcsId: 0} | ret=SUCCESS |  
2019-08-30 05:17:44,291 | INFO  | DNAudit | user=null | ip=null | op=WRITE_CHUNK {blockData=conID: 1 locID: 102704235431723529 bcsId: 0} | ret=SUCCESS |  
2019-08-30 05:17:44,292 | INFO  | DNAudit | user=null | ip=null | op=WRITE_CHUNK {blockData=conID: 1 locID: 102704235431723529 bcsId: 0} | ret=SUCCESS |  
2019-08-30 05:17:44,292 | INFO  | DNAudit | user=null | ip=null | op=WRITE_CHUNK {blockData=conID: 1 locID: 102704235431723529 bcsId: 0} | ret=SUCCESS |  
2019-08-30 05:17:44,295 | INFO  | DNAudit | user=null | ip=null | op=WRITE_CHUNK {blockData=conID: 1 locID: 102704235431723529 bcsId: 0} | ret=SUCCESS |  
2019-08-30 05:17:44,295 | INFO  | DNAudit | user=null | ip=null | op=WRITE_CHUNK {blockData=conID: 1 locID: 102704235431723529 bcsId: 0} | ret=SUCCESS |  
 0.00% |█                                                                                                    |  0/1 Time: 0:00:132019-08-30 05:17:44,299 | INFO  | SCMAudit | user=jenkins1000 | ip=192.168.36.106 | op=SEND_HEARTBEAT {datanodeUUID=ea5d4b6b-4a08-401a-8c59-ecc1ca37daf5, command=[]} | ret=SUCCESS |  
2019-08-30 05:17:44,299 | INFO  | SCMAudit | user=jenkins1000 | ip=192.168.36.106 | op=SEND_HEARTBEAT {datanodeUUID=134d4672-e322-4e4b-b7f3-5645abb0fe8c, command=[]} | ret=SUCCESS |  
2019-08-30 05:17:44,301 | INFO  | DNAudit | user=null | ip=null | op=WRITE_CHUNK {blockData=conID: 1 locID: 102704235431723529 bcsId: 0} | ret=SUCCESS |  
2019-08-30 05:17:44,302 | INFO  | DNAudit | user=null | ip=null | op=PUT_BLOCK {blockData=[blockId=conID: 1 locID: 102704235431723529 bcsId: 0,size=1048576]} | ret=SUCCESS |  
2019-08-30 05:17:44,302 [grpc-default-executor-3] INFO  client.GrpcClientProtocolClient (GrpcClientProtocolClient.java:onNext(255)) - client-574492D41EE7->134d4672-e322-4e4b-b7f3-5645abb0fe8c: receive RaftClientReply:client-574492D41EE7->134d4672-e322-4e4b-b7f3-5645abb0fe8c@group-3CB1DFFBCDC2, cid=1777, SUCCESS, logIndex=2572, commits[134d4672-e322-4e4b-b7f3-5645abb0fe8c:c2573, 73af84f3-3e88-4c8c-894c-3ad307bcac8d:c2571, 730a25a1-dbec-44ed-975b-a44ab0096beb:c2571]
2019-08-30 05:17:44,303 [grpc-default-executor-3] INFO  client.GrpcClientProtocolClient (GrpcClientProtocolClient.java:onNext(255)) - client-574492D41EE7->134d4672-e322-4e4b-b7f3-5645abb0fe8c: receive RaftClientReply:client-574492D41EE7->134d4672-e322-4e4b-b7f3-5645abb0fe8c@group-3CB1DFFBCDC2, cid=1778, SUCCESS, logIndex=2573, commits[134d4672-e322-4e4b-b7f3-5645abb0fe8c:c2573, 73af84f3-3e88-4c8c-894c-3ad307bcac8d:c2571, 730a25a1-dbec-44ed-975b-a44ab0096beb:c2571]
2019-08-30 05:17:44,303 | INFO  | DNAudit | user=null | ip=null | op=WRITE_CHUNK {blockData=conID: 1 locID: 102704235431723529 bcsId: 0} | ret=SUCCESS |  
2019-08-30 05:17:44,303 | INFO  | DNAudit | user=null | ip=null | op=PUT_BLOCK {blockData=[blockId=conID: 1 locID: 102704235431723529 bcsId: 0,size=2097152]} | ret=SUCCESS |  
2019-08-30 05:17:44,303 [grpc-default-executor-6] INFO  client.GrpcClientProtocolClient (GrpcClientProtocolClient.java:onNext(255)) - client-574492D41EE7->134d4672-e322-4e4b-b7f3-5645abb0fe8c: receive RaftClientReply:client-574492D41EE7->134d4672-e322-4e4b-b7f3-5645abb0fe8c@group-3CB1DFFBCDC2, cid=1779, SUCCESS, logIndex=2574, commits[134d4672-e322-4e4b-b7f3-5645abb0fe8c:c2575, 73af84f3-3e88-4c8c-894c-3ad307bcac8d:c2571, 730a25a1-dbec-44ed-975b-a44ab0096beb:c2571]
2019-08-30 05:17:44,304 [grpc-default-executor-6] INFO  client.GrpcClientProtocolClient (GrpcClientProtocolClient.java:onNext(255)) - client-574492D41EE7->134d4672-e322-4e4b-b7f3-5645abb0fe8c: receive RaftClientReply:client-574492D41EE7->134d4672-e322-4e4b-b7f3-5645abb0fe8c@group-3CB1DFFBCDC2, cid=1780, SUCCESS, logIndex=2575, commits[134d4672-e322-4e4b-b7f3-5645abb0fe8c:c2575, 73af84f3-3e88-4c8c-894c-3ad307bcac8d:c2571, 730a25a1-dbec-44ed-975b-a44ab0096beb:c2571]
2019-08-30 05:17:44,315 | INFO  | DNAudit | user=null | ip=null | op=WRITE_CHUNK {blockData=conID: 1 locID: 102704235431723529 bcsId: 0} | ret=SUCCESS |  
2019-08-30 05:17:44,316 | INFO  | DNAudit | user=null | ip=null | op=PUT_BLOCK {blockData=[blockId=conID: 1 locID: 102704235431723529 bcsId: 0,size=1048576]} | ret=SUCCESS |  
2019-08-30 05:17:44,316 | INFO  | DNAudit | user=null | ip=null | op=WRITE_CHUNK {blockData=conID: 1 locID: 102704235431723529 bcsId: 0} | ret=SUCCESS |  
2019-08-30 05:17:44,316 | INFO  | DNAudit | user=null | ip=null | op=PUT_BLOCK {blockData=[blockId=conID: 1 locID: 102704235431723529 bcsId: 0,size=1048576]} | ret=SUCCESS |  
2019-08-30 05:17:44,317 | INFO  | DNAudit | user=null | ip=null | op=WRITE_CHUNK {blockData=conID: 1 locID: 102704235431723529 bcsId: 0} | ret=SUCCESS |  
2019-08-30 05:17:44,317 | INFO  | DNAudit | user=null | ip=null | op=WRITE_CHUNK {blockData=conID: 1 locID: 102704235431723529 bcsId: 0} | ret=SUCCESS |  
2019-08-30 05:17:44,317 | INFO  | DNAudit | user=null | ip=null | op=PUT_BLOCK {blockData=[blockId=conID: 1 locID: 102704235431723529 bcsId: 0,size=2097152]} | ret=SUCCESS |  
2019-08-30 05:17:44,317 [grpc-default-executor-6] INFO  client.GrpcClientProtocolClient (GrpcClientProtocolClient.java:onNext(255)) - client-574492D41EE7->134d4672-e322-4e4b-b7f3-5645abb0fe8c: receive RaftClientReply:client-574492D41EE7->134d4672-e322-4e4b-b7f3-5645abb0fe8c@group-3CB1DFFBCDC2, cid=1781, SUCCESS, logIndex=0, commits[134d4672-e322-4e4b-b7f3-5645abb0fe8c:c2577, 73af84f3-3e88-4c8c-894c-3ad307bcac8d:c2573, 730a25a1-dbec-44ed-975b-a44ab0096beb:c2573]
2019-08-30 05:17:44,317 | INFO  | DNAudit | user=null | ip=null | op=PUT_BLOCK {blockData=[blockId=conID: 1 locID: 102704235431723529 bcsId: 0,size=2097152]} | ret=SUCCESS |  
2019-08-30 05:17:44,323 | INFO  | DNAudit | user=null | ip=null | op=WRITE_CHUNK {blockData=conID: 1 locID: 102704235431723529 bcsId: 2575} | ret=SUCCESS |  
2019-08-30 05:17:44,325 | INFO  | DNAudit | user=null | ip=null | op=WRITE_CHUNK {blockData=conID: 1 locID: 102704235431723529 bcsId: 2575} | ret=SUCCESS |  
2019-08-30 05:17:44,326 | INFO  | DNAudit | user=null | ip=null | op=WRITE_CHUNK {blockData=conID: 1 locID: 102704235431723529 bcsId: 2575} | ret=SUCCESS |  
2019-08-30 05:17:44,336 | INFO  | DNAudit | user=null | ip=null | op=WRITE_CHUNK {blockData=conID: 1 locID: 102704235431723529 bcsId: 2575} | ret=SUCCESS |  
2019-08-30 05:17:44,337 | INFO  | DNAudit | user=null | ip=null | op=PUT_BLOCK {blockData=[blockId=conID: 1 locID: 102704235431723529 bcsId: 0,size=3145728]} | ret=SUCCESS |  
2019-08-30 05:17:44,337 [grpc-default-executor-6] INFO  client.GrpcClientProtocolClient (GrpcClientProtocolClient.java:onNext(255)) - client-574492D41EE7->134d4672-e322-4e4b-b7f3-5645abb0fe8c: receive RaftClientReply:client-574492D41EE7->134d4672-e322-4e4b-b7f3-5645abb0fe8c@group-3CB1DFFBCDC2, cid=1782, SUCCESS, logIndex=2580, commits[134d4672-e322-4e4b-b7f3-5645abb0fe8c:c2581, 73af84f3-3e88-4c8c-894c-3ad307bcac8d:c2579, 730a25a1-dbec-44ed-975b-a44ab0096beb:c2579]
2019-08-30 05:17:44,337 [grpc-default-executor-6] INFO  client.GrpcClientProtocolClient (GrpcClientProtocolClient.java:onNext(255)) - client-574492D41EE7->134d4672-e322-4e4b-b7f3-5645abb0fe8c: receive RaftClientReply:client-574492D41EE7->134d4672-e322-4e4b-b7f3-5645abb0fe8c@group-3CB1DFFBCDC2, cid=1783, SUCCESS, logIndex=2581, commits[134d4672-e322-4e4b-b7f3-5645abb0fe8c:c2581, 73af84f3-3e88-4c8c-894c-3ad307bcac8d:c2579, 730a25a1-dbec-44ed-975b-a44ab0096beb:c2579]
2019-08-30 05:17:44,344 | INFO  | DNAudit | user=null | ip=null | op=WRITE_CHUNK {blockData=conID: 1 locID: 102704235431723529 bcsId: 2581} | ret=SUCCESS |  
2019-08-30 05:17:44,347 | INFO  | DNAudit | user=null | ip=null | op=WRITE_CHUNK {blockData=conID: 1 locID: 102704235431723529 bcsId: 2581} | ret=SUCCESS |  
2019-08-30 05:17:44,347 | INFO  | DNAudit | user=null | ip=null | op=WRITE_CHUNK {blockData=conID: 1 locID: 102704235431723529 bcsId: 2581} | ret=SUCCESS |  
2019-08-30 05:17:44,348 | INFO  | DNAudit | user=null | ip=null | op=WRITE_CHUNK {blockData=conID: 1 locID: 102704235431723529 bcsId: 2575} | ret=SUCCESS |  
2019-08-30 05:17:44,348 | INFO  | DNAudit | user=null | ip=null | op=WRITE_CHUNK {blockData=conID: 1 locID: 102704235431723529 bcsId: 2575} | ret=SUCCESS |  
2019-08-30 05:17:44,348 | INFO  | DNAudit | user=null | ip=null | op=PUT_BLOCK {blockData=[blockId=conID: 1 locID: 102704235431723529 bcsId: 0,size=3145728]} | ret=SUCCESS |  
2019-08-30 05:17:44,348 | INFO  | DNAudit | user=null | ip=null | op=PUT_BLOCK {blockData=[blockId=conID: 1 locID: 102704235431723529 bcsId: 0,size=3145728]} | ret=SUCCESS |  
2019-08-30 05:17:44,352 | INFO  | DNAudit | user=null | ip=null | op=WRITE_CHUNK {blockData=conID: 1 locID: 102704235431723529 bcsId: 2581} | ret=SUCCESS |  
2019-08-30 05:17:44,353 | INFO  | DNAudit | user=null | ip=null | op=PUT_BLOCK {blockData=[blockId=conID: 1 locID: 102704235431723529 bcsId: 0,size=4194304]} | ret=SUCCESS |  
2019-08-30 05:17:44,353 [grpc-default-executor-1] INFO  client.GrpcClientProtocolClient (GrpcClientProtocolClient.java:onNext(255)) - client-574492D41EE7->134d4672-e322-4e4b-b7f3-5645abb0fe8c: receive RaftClientReply:client-574492D41EE7->134d4672-e322-4e4b-b7f3-5645abb0fe8c@group-3CB1DFFBCDC2, cid=1784, SUCCESS, logIndex=2584, commits[134d4672-e322-4e4b-b7f3-5645abb0fe8c:c2585, 73af84f3-3e88-4c8c-894c-3ad307bcac8d:c2581, 730a25a1-dbec-44ed-975b-a44ab0096beb:c2581]
2019-08-30 05:17:44,354 [grpc-default-executor-1] INFO  client.GrpcClientProtocolClient (GrpcClientProtocolClient.java:onNext(255)) - client-574492D41EE7->134d4672-e322-4e4b-b7f3-5645abb0fe8c: receive RaftClientReply:client-574492D41EE7->134d4672-e322-4e4b-b7f3-5645abb0fe8c@group-3CB1DFFBCDC2, cid=1785, SUCCESS, logIndex=2585, commits[134d4672-e322-4e4b-b7f3-5645abb0fe8c:c2585, 73af84f3-3e88-4c8c-894c-3ad307bcac8d:c2581, 730a25a1-dbec-44ed-975b-a44ab0096beb:c2581]
2019-08-30 05:17:44,364 | INFO  | DNAudit | user=null | ip=null | op=WRITE_CHUNK {blockData=conID: 1 locID: 102704235431723529 bcsId: 2581} | ret=SUCCESS |  
2019-08-30 05:17:44,364 | INFO  | DNAudit | user=null | ip=null | op=WRITE_CHUNK {blockData=conID: 1 locID: 102704235431723529 bcsId: 2581} | ret=SUCCESS |  
2019-08-30 05:17:44,364 | INFO  | DNAudit | user=null | ip=null | op=PUT_BLOCK {blockData=[blockId=conID: 1 locID: 102704235431723529 bcsId: 0,size=4194304]} | ret=SUCCESS |  
2019-08-30 05:17:44,364 | INFO  | DNAudit | user=null | ip=null | op=PUT_BLOCK {blockData=[blockId=conID: 1 locID: 102704235431723529 bcsId: 0,size=4194304]} | ret=SUCCESS |  
2019-08-30 05:17:44,365 [grpc-default-executor-1] INFO  client.GrpcClientProtocolClient (GrpcClientProtocolClient.java:onNext(255)) - client-574492D41EE7->134d4672-e322-4e4b-b7f3-5645abb0fe8c: receive RaftClientReply:client-574492D41EE7->134d4672-e322-4e4b-b7f3-5645abb0fe8c@group-3CB1DFFBCDC2, cid=1786, SUCCESS, logIndex=0, commits[134d4672-e322-4e4b-b7f3-5645abb0fe8c:c2586, 73af84f3-3e88-4c8c-894c-3ad307bcac8d:c2585, 730a25a1-dbec-44ed-975b-a44ab0096beb:c2585]
2019-08-30 05:17:44,370 | INFO  | SCMAudit | user=jenkins1000 | ip=192.168.36.106 | op=ALLOCATE_BLOCK {owner=85755eb5-052d-48fa-b271-2fe4d8754e12, size=4194304, type=RATIS, factor=THREE} | ret=SUCCESS |  
2019-08-30 05:17:44,372 | INFO  | OMAudit | user=jenkins1000 | ip=127.0.0.1 | op=ALLOCATE_BLOCK {volume=vol-0-00977, bucket=bucket-0-44205, key=key-0-32850, dataSize=0, replicationType=null, replicationFactor=null, keyLocationInfo=null, clientID=102704234570776978} | ret=SUCCESS |  
2019-08-30 05:17:44,379 | INFO  | DNAudit | user=null | ip=null | op=WRITE_CHUNK {blockData=conID: 2 locID: 102704235437752842 bcsId: 0} | ret=SUCCESS |  
2019-08-30 05:17:44,383 | INFO  | DNAudit | user=null | ip=null | op=WRITE_CHUNK {blockData=conID: 2 locID: 102704235437752842 bcsId: 0} | ret=SUCCESS |  
2019-08-30 05:17:44,386 | INFO  | DNAudit | user=null | ip=null | op=WRITE_CHUNK {blockData=conID: 2 locID: 102704235437752842 bcsId: 0} | ret=SUCCESS |  
2019-08-30 05:17:44,387 | INFO  | DNAudit | user=null | ip=null | op=WRITE_CHUNK {blockData=conID: 2 locID: 102704235437752842 bcsId: 0} | ret=SUCCESS |  
2019-08-30 05:17:44,390 | INFO  | DNAudit | user=null | ip=null | op=WRITE_CHUNK {blockData=conID: 2 locID: 102704235437752842 bcsId: 0} | ret=SUCCESS |  
2019-08-30 05:17:44,390 | INFO  | DNAudit | user=null | ip=null | op=WRITE_CHUNK {blockData=conID: 2 locID: 102704235437752842 bcsId: 0} | ret=SUCCESS |  
2019-08-30 05:17:44,395 | INFO  | DNAudit | user=null | ip=null | op=WRITE_CHUNK {blockData=conID: 2 locID: 102704235437752842 bcsId: 0} | ret=SUCCESS |  
2019-08-30 05:17:44,396 | INFO  | DNAudit | user=null | ip=null | op=PUT_BLOCK {blockData=[blockId=conID: 2 locID: 102704235437752842 bcsId: 0,size=1048576]} | ret=SUCCESS |  
2019-08-30 05:17:44,396 [grpc-default-executor-1] INFO  client.GrpcClientProtocolClient (GrpcClientProtocolClient.java:onNext(255)) - client-574492D41EE7->134d4672-e322-4e4b-b7f3-5645abb0fe8c: receive RaftClientReply:client-574492D41EE7->134d4672-e322-4e4b-b7f3-5645abb0fe8c@group-3CB1DFFBCDC2, cid=1787, SUCCESS, logIndex=2588, commits[134d4672-e322-4e4b-b7f3-5645abb0fe8c:c2589, 73af84f3-3e88-4c8c-894c-3ad307bcac8d:c2587, 730a25a1-dbec-44ed-975b-a44ab0096beb:c2587]
2019-08-30 05:17:44,397 [grpc-default-executor-1] INFO  client.GrpcClientProtocolClient (GrpcClientProtocolClient.java:onNext(255)) - client-574492D41EE7->134d4672-e322-4e4b-b7f3-5645abb0fe8c: receive RaftClientReply:client-574492D41EE7->134d4672-e322-4e4b-b7f3-5645abb0fe8c@group-3CB1DFFBCDC2, cid=1788, SUCCESS, logIndex=2589, commits[134d4672-e322-4e4b-b7f3-5645abb0fe8c:c2589, 73af84f3-3e88-4c8c-894c-3ad307bcac8d:c2587, 730a25a1-dbec-44ed-975b-a44ab0096beb:c2587]
2019-08-30 05:17:44,407 | INFO  | DNAudit | user=null | ip=null | op=WRITE_CHUNK {blockData=conID: 2 locID: 102704235437752842 bcsId: 0} | ret=SUCCESS |  
2019-08-30 05:17:44,408 | INFO  | DNAudit | user=null | ip=null | op=PUT_BLOCK {blockData=[blockId=conID: 2 locID: 102704235437752842 bcsId: 0,size=2097152]} | ret=SUCCESS |  
2019-08-30 05:17:44,408 | INFO  | DNAudit | user=null | ip=null | op=WRITE_CHUNK {blockData=conID: 2 locID: 102704235437752842 bcsId: 0} | ret=SUCCESS |  
2019-08-30 05:17:44,408 [grpc-default-executor-1] INFO  client.GrpcClientProtocolClient (GrpcClientProtocolClient.java:onNext(255)) - client-574492D41EE7->134d4672-e322-4e4b-b7f3-5645abb0fe8c: receive RaftClientReply:client-574492D41EE7->134d4672-e322-4e4b-b7f3-5645abb0fe8c@group-3CB1DFFBCDC2, cid=1789, SUCCESS, logIndex=2590, commits[134d4672-e322-4e4b-b7f3-5645abb0fe8c:c2590, 73af84f3-3e88-4c8c-894c-3ad307bcac8d:c2587, 730a25a1-dbec-44ed-975b-a44ab0096beb:c2587]
2019-08-30 05:17:44,408 | INFO  | DNAudit | user=null | ip=null | op=PUT_BLOCK {blockData=[blockId=conID: 2 locID: 102704235437752842 bcsId: 0,size=1048576]} | ret=SUCCESS |  
2019-08-30 05:17:44,408 [grpc-default-executor-1] INFO  client.GrpcClientProtocolClient (GrpcClientProtocolClient.java:onNext(255)) - client-574492D41EE7->134d4672-e322-4e4b-b7f3-5645abb0fe8c: receive RaftClientReply:client-574492D41EE7->134d4672-e322-4e4b-b7f3-5645abb0fe8c@group-3CB1DFFBCDC2, cid=1790, SUCCESS, logIndex=2591, commits[134d4672-e322-4e4b-b7f3-5645abb0fe8c:c2591, 73af84f3-3e88-4c8c-894c-3ad307bcac8d:c2587, 730a25a1-dbec-44ed-975b-a44ab0096beb:c2588]
2019-08-30 05:17:44,410 | INFO  | DNAudit | user=null | ip=null | op=WRITE_CHUNK {blockData=conID: 2 locID: 102704235437752842 bcsId: 0} | ret=SUCCESS |  
2019-08-30 05:17:44,410 | INFO  | DNAudit | user=null | ip=null | op=PUT_BLOCK {blockData=[blockId=conID: 2 locID: 102704235437752842 bcsId: 0,size=1048576]} | ret=SUCCESS |  
2019-08-30 05:17:44,410 [grpc-default-executor-1] INFO  client.GrpcClientProtocolClient (GrpcClientProtocolClient.java:onNext(255)) - client-574492D41EE7->134d4672-e322-4e4b-b7f3-5645abb0fe8c: receive RaftClientReply:client-574492D41EE7->134d4672-e322-4e4b-b7f3-5645abb0fe8c@group-3CB1DFFBCDC2, cid=1791, SUCCESS, logIndex=0, commits[134d4672-e322-4e4b-b7f3-5645abb0fe8c:c2593, 73af84f3-3e88-4c8c-894c-3ad307bcac8d:c2589, 730a25a1-dbec-44ed-975b-a44ab0096beb:c2589]
2019-08-30 05:17:44,416 | INFO  | DNAudit | user=null | ip=null | op=WRITE_CHUNK {blockData=conID: 2 locID: 102704235437752842 bcsId: 2591} | ret=SUCCESS |  
2019-08-30 05:17:44,418 | INFO  | DNAudit | user=null | ip=null | op=WRITE_CHUNK {blockData=conID: 2 locID: 102704235437752842 bcsId: 2591} | ret=SUCCESS |  
2019-08-30 05:17:44,419 | INFO  | DNAudit | user=null | ip=null | op=WRITE_CHUNK {blockData=conID: 2 locID: 102704235437752842 bcsId: 2591} | ret=SUCCESS |  
2019-08-30 05:17:44,421 | INFO  | DNAudit | user=null | ip=null | op=WRITE_CHUNK {blockData=conID: 2 locID: 102704235437752842 bcsId: 0} | ret=SUCCESS |  
2019-08-30 05:17:44,421 | INFO  | DNAudit | user=null | ip=null | op=PUT_BLOCK {blockData=[blockId=conID: 2 locID: 102704235437752842 bcsId: 0,size=2097152]} | ret=SUCCESS |  
2019-08-30 05:17:44,421 | INFO  | DNAudit | user=null | ip=null | op=WRITE_CHUNK {blockData=conID: 2 locID: 102704235437752842 bcsId: 0} | ret=SUCCESS |  
2019-08-30 05:17:44,421 | INFO  | DNAudit | user=null | ip=null | op=PUT_BLOCK {blockData=[blockId=conID: 2 locID: 102704235437752842 bcsId: 0,size=2097152]} | ret=SUCCESS |  
2019-08-30 05:17:44,422 | INFO  | DNAudit | user=null | ip=null | op=WRITE_CHUNK {blockData=conID: 2 locID: 102704235437752842 bcsId: 2591} | ret=SUCCESS |  
2019-08-30 05:17:44,423 | INFO  | DNAudit | user=null | ip=null | op=PUT_BLOCK {blockData=[blockId=conID: 2 locID: 102704235437752842 bcsId: 0,size=3145728]} | ret=SUCCESS |  
2019-08-30 05:17:44,423 [grpc-default-executor-6] INFO  client.GrpcClientProtocolClient (GrpcClientProtocolClient.java:onNext(255)) - client-574492D41EE7->134d4672-e322-4e4b-b7f3-5645abb0fe8c: receive RaftClientReply:client-574492D41EE7->134d4672-e322-4e4b-b7f3-5645abb0fe8c@group-3CB1DFFBCDC2, cid=1792, SUCCESS, logIndex=2596, commits[134d4672-e322-4e4b-b7f3-5645abb0fe8c:c2597, 73af84f3-3e88-4c8c-894c-3ad307bcac8d:c2591, 730a25a1-dbec-44ed-975b-a44ab0096beb:c2593]
2019-08-30 05:17:44,423 [grpc-default-executor-6] INFO  client.GrpcClientProtocolClient (GrpcClientProtocolClient.java:onNext(255)) - client-574492D41EE7->134d4672-e322-4e4b-b7f3-5645abb0fe8c: receive RaftClientReply:client-574492D41EE7->134d4672-e322-4e4b-b7f3-5645abb0fe8c@group-3CB1DFFBCDC2, cid=1793, SUCCESS, logIndex=2597, commits[134d4672-e322-4e4b-b7f3-5645abb0fe8c:c2597, 73af84f3-3e88-4c8c-894c-3ad307bcac8d:c2593, 730a25a1-dbec-44ed-975b-a44ab0096beb:c2593]
2019-08-30 05:17:44,425 | INFO  | DNAudit | user=null | ip=null | op=WRITE_CHUNK {blockData=conID: 2 locID: 102704235437752842 bcsId: 2591} | ret=SUCCESS |  
2019-08-30 05:17:44,426 | INFO  | DNAudit | user=null | ip=null | op=WRITE_CHUNK {blockData=conID: 2 locID: 102704235437752842 bcsId: 2591} | ret=SUCCESS |  
2019-08-30 05:17:44,426 | INFO  | DNAudit | user=null | ip=null | op=PUT_BLOCK {blockData=[blockId=conID: 2 locID: 102704235437752842 bcsId: 0,size=3145728]} | ret=SUCCESS |  
2019-08-30 05:17:44,426 | INFO  | DNAudit | user=null | ip=null | op=PUT_BLOCK {blockData=[blockId=conID: 2 locID: 102704235437752842 bcsId: 0,size=3145728]} | ret=SUCCESS |  
2019-08-30 05:17:44,430 | INFO  | DNAudit | user=null | ip=null | op=WRITE_CHUNK {blockData=conID: 2 locID: 102704235437752842 bcsId: 2597} | ret=SUCCESS |  
2019-08-30 05:17:44,431 | INFO  | DNAudit | user=null | ip=null | op=WRITE_CHUNK {blockData=conID: 2 locID: 102704235437752842 bcsId: 2597} | ret=SUCCESS |  
2019-08-30 05:17:44,431 | INFO  | DNAudit | user=null | ip=null | op=WRITE_CHUNK {blockData=conID: 2 locID: 102704235437752842 bcsId: 2597} | ret=SUCCESS |  
2019-08-30 05:17:44,443 | INFO  | DNAudit | user=null | ip=null | op=WRITE_CHUNK {blockData=conID: 2 locID: 102704235437752842 bcsId: 2597} | ret=SUCCESS |  
2019-08-30 05:17:44,444 | INFO  | DNAudit | user=null | ip=null | op=PUT_BLOCK {blockData=[blockId=conID: 2 locID: 102704235437752842 bcsId: 0,size=4194304]} | ret=SUCCESS |  
2019-08-30 05:17:44,444 [grpc-default-executor-6] INFO  client.GrpcClientProtocolClient (GrpcClientProtocolClient.java:onNext(255)) - client-574492D41EE7->134d4672-e322-4e4b-b7f3-5645abb0fe8c: receive RaftClientReply:client-574492D41EE7->134d4672-e322-4e4b-b7f3-5645abb0fe8c@group-3CB1DFFBCDC2, cid=1794, SUCCESS, logIndex=2599, commits[134d4672-e322-4e4b-b7f3-5645abb0fe8c:c2599, 73af84f3-3e88-4c8c-894c-3ad307bcac8d:c2598, 730a25a1-dbec-44ed-975b-a44ab0096beb:c2598]
2019-08-30 05:17:44,445 [grpc-default-executor-6] INFO  client.GrpcClientProtocolClient (GrpcClientProtocolClient.java:onNext(255)) - client-574492D41EE7->134d4672-e322-4e4b-b7f3-5645abb0fe8c: receive RaftClientReply:client-574492D41EE7->134d4672-e322-4e4b-b7f3-5645abb0fe8c@group-3CB1DFFBCDC2, cid=1795, SUCCESS, logIndex=2600, commits[134d4672-e322-4e4b-b7f3-5645abb0fe8c:c2600, 73af84f3-3e88-4c8c-894c-3ad307bcac8d:c2598, 730a25a1-dbec-44ed-975b-a44ab0096beb:c2598]
2019-08-30 05:17:44,455 | INFO  | DNAudit | user=null | ip=null | op=WRITE_CHUNK {blockData=conID: 2 locID: 102704235437752842 bcsId: 2597} | ret=SUCCESS |  
2019-08-30 05:17:44,455 | INFO  | DNAudit | user=null | ip=null | op=WRITE_CHUNK {blockData=conID: 2 locID: 102704235437752842 bcsId: 2597} | ret=SUCCESS |  
2019-08-30 05:17:44,458 | INFO  | DNAudit | user=null | ip=null | op=PUT_BLOCK {blockData=[blockId=conID: 2 locID: 102704235437752842 bcsId: 0,size=4194304]} | ret=SUCCESS |  
2019-08-30 05:17:44,458 | INFO  | DNAudit | user=null | ip=null | op=PUT_BLOCK {blockData=[blockId=conID: 2 locID: 102704235437752842 bcsId: 0,size=4194304]} | ret=SUCCESS |  
2019-08-30 05:17:44,459 [grpc-default-executor-6] INFO  client.GrpcClientProtocolClient (GrpcClientProtocolClient.java:onNext(255)) - client-574492D41EE7->134d4672-e322-4e4b-b7f3-5645abb0fe8c: receive RaftClientReply:client-574492D41EE7->134d4672-e322-4e4b-b7f3-5645abb0fe8c@group-3CB1DFFBCDC2, cid=1796, SUCCESS, logIndex=0, commits[134d4672-e322-4e4b-b7f3-5645abb0fe8c:c2602, 73af84f3-3e88-4c8c-894c-3ad307bcac8d:c2600, 730a25a1-dbec-44ed-975b-a44ab0096beb:c2600]
2019-08-30 05:17:44,463 | INFO  | SCMAudit | user=jenkins1000 | ip=192.168.36.106 | op=ALLOCATE_BLOCK {owner=85755eb5-052d-48fa-b271-2fe4d8754e12, size=4194304, type=RATIS, factor=THREE} | ret=SUCCESS |  
2019-08-30 05:17:44,465 | INFO  | OMAudit | user=jenkins1000 | ip=127.0.0.1 | op=ALLOCATE_BLOCK {volume=vol-0-00977, bucket=bucket-0-44205, key=key-0-32850, dataSize=0, replicationType=null, replicationFactor=null, keyLocationInfo=null, clientID=102704234570776978} | ret=SUCCESS |  
2019-08-30 05:17:44,472 | INFO  | DNAudit | user=null | ip=null | op=WRITE_CHUNK {blockData=conID: 3 locID: 102704235443782155 bcsId: 0} | ret=SUCCESS |  
2019-08-30 05:17:44,474 | INFO  | DNAudit | user=null | ip=null | op=WRITE_CHUNK {blockData=conID: 3 locID: 102704235443782155 bcsId: 0} | ret=SUCCESS |  
2019-08-30 05:17:44,474 | INFO  | DNAudit | user=null | ip=null | op=WRITE_CHUNK {blockData=conID: 3 locID: 102704235443782155 bcsId: 0} | ret=SUCCESS |  
2019-08-30 05:17:44,475 | INFO  | DNAudit | user=null | ip=null | op=WRITE_CHUNK {blockData=conID: 3 locID: 102704235443782155 bcsId: 0} | ret=SUCCESS |  
2019-08-30 05:17:44,477 | INFO  | DNAudit | user=null | ip=null | op=WRITE_CHUNK {blockData=conID: 3 locID: 102704235443782155 bcsId: 0} | ret=SUCCESS |  
2019-08-30 05:17:44,477 | INFO  | DNAudit | user=null | ip=null | op=WRITE_CHUNK {blockData=conID: 3 locID: 102704235443782155 bcsId: 0} | ret=SUCCESS |  
2019-08-30 05:17:44,483 | INFO  | DNAudit | user=null | ip=null | op=WRITE_CHUNK {blockData=conID: 3 locID: 102704235443782155 bcsId: 0} | ret=SUCCESS |  
2019-08-30 05:17:44,484 | INFO  | DNAudit | user=null | ip=null | op=PUT_BLOCK {blockData=[blockId=conID: 3 locID: 102704235443782155 bcsId: 0,size=1048576]} | ret=SUCCESS |  
2019-08-30 05:17:44,485 [grpc-default-executor-6] INFO  client.GrpcClientProtocolClient (GrpcClientProtocolClient.java:onNext(255)) - client-574492D41EE7->134d4672-e322-4e4b-b7f3-5645abb0fe8c: receive RaftClientReply:client-574492D41EE7->134d4672-e322-4e4b-b7f3-5645abb0fe8c@group-3CB1DFFBCDC2, cid=1797, SUCCESS, logIndex=2603, commits[134d4672-e322-4e4b-b7f3-5645abb0fe8c:c2603, 73af84f3-3e88-4c8c-894c-3ad307bcac8d:c2602, 730a25a1-dbec-44ed-975b-a44ab0096beb:c2602]
2019-08-30 05:17:44,485 | INFO  | DNAudit | user=null | ip=null | op=WRITE_CHUNK {blockData=conID: 3 locID: 102704235443782155 bcsId: 0} | ret=SUCCESS |  
2019-08-30 05:17:44,486 | INFO  | DNAudit | user=null | ip=null | op=PUT_BLOCK {blockData=[blockId=conID: 3 locID: 102704235443782155 bcsId: 0,size=2097152]} | ret=SUCCESS |  
2019-08-30 05:17:44,486 [grpc-default-executor-6] INFO  client.GrpcClientProtocolClient (GrpcClientProtocolClient.java:onNext(255)) - client-574492D41EE7->134d4672-e322-4e4b-b7f3-5645abb0fe8c: receive RaftClientReply:client-574492D41EE7->134d4672-e322-4e4b-b7f3-5645abb0fe8c@group-3CB1DFFBCDC2, cid=1798, SUCCESS, logIndex=2604, commits[134d4672-e322-4e4b-b7f3-5645abb0fe8c:c2604, 73af84f3-3e88-4c8c-894c-3ad307bcac8d:c2602, 730a25a1-dbec-44ed-975b-a44ab0096beb:c2602]
2019-08-30 05:17:44,486 [grpc-default-executor-6] INFO  client.GrpcClientProtocolClient (GrpcClientProtocolClient.java:onNext(255)) - client-574492D41EE7->134d4672-e322-4e4b-b7f3-5645abb0fe8c: receive RaftClientReply:client-574492D41EE7->134d4672-e322-4e4b-b7f3-5645abb0fe8c@group-3CB1DFFBCDC2, cid=1799, SUCCESS, logIndex=2605, commits[134d4672-e322-4e4b-b7f3-5645abb0fe8c:c2606, 73af84f3-3e88-4c8c-894c-3ad307bcac8d:c2602, 730a25a1-dbec-44ed-975b-a44ab0096beb:c2602]
2019-08-30 05:17:44,487 [grpc-default-executor-6] INFO  client.GrpcClientProtocolClient (GrpcClientProtocolClient.java:onNext(255)) - client-574492D41EE7->134d4672-e322-4e4b-b7f3-5645abb0fe8c: receive RaftClientReply:client-574492D41EE7->134d4672-e322-4e4b-b7f3-5645abb0fe8c@group-3CB1DFFBCDC2, cid=1800, SUCCESS, logIndex=2606, commits[134d4672-e322-4e4b-b7f3-5645abb0fe8c:c2606, 73af84f3-3e88-4c8c-894c-3ad307bcac8d:c2602, 730a25a1-dbec-44ed-975b-a44ab0096beb:c2602]
2019-08-30 05:17:44,494 | INFO  | DNAudit | user=null | ip=null | op=WRITE_CHUNK {blockData=conID: 3 locID: 102704235443782155 bcsId: 0} | ret=SUCCESS |  
2019-08-30 05:17:44,495 | INFO  | DNAudit | user=null | ip=null | op=WRITE_CHUNK {blockData=conID: 3 locID: 102704235443782155 bcsId: 0} | ret=SUCCESS |  
2019-08-30 05:17:44,495 | INFO  | DNAudit | user=null | ip=null | op=PUT_BLOCK {blockData=[blockId=conID: 3 locID: 102704235443782155 bcsId: 0,size=1048576]} | ret=SUCCESS |  
2019-08-30 05:17:44,496 | INFO  | DNAudit | user=null | ip=null | op=PUT_BLOCK {blockData=[blockId=conID: 3 locID: 102704235443782155 bcsId: 0,size=1048576]} | ret=SUCCESS |  
2019-08-30 05:17:44,496 | INFO  | DNAudit | user=null | ip=null | op=WRITE_CHUNK {blockData=conID: 3 locID: 102704235443782155 bcsId: 0} | ret=SUCCESS |  
2019-08-30 05:17:44,496 [grpc-default-executor-6] INFO  client.GrpcClientProtocolClient (GrpcClientProtocolClient.java:onNext(255)) - client-574492D41EE7->134d4672-e322-4e4b-b7f3-5645abb0fe8c: receive RaftClientReply:client-574492D41EE7->134d4672-e322-4e4b-b7f3-5645abb0fe8c@group-3CB1DFFBCDC2, cid=1801, SUCCESS, logIndex=0, commits[134d4672-e322-4e4b-b7f3-5645abb0fe8c:c2608, 73af84f3-3e88-4c8c-894c-3ad307bcac8d:c2604, 730a25a1-dbec-44ed-975b-a44ab0096beb:c2604]
2019-08-30 05:17:44,496 | INFO  | DNAudit | user=null | ip=null | op=PUT_BLOCK {blockData=[blockId=conID: 3 locID: 102704235443782155 bcsId: 0,size=2097152]} | ret=SUCCESS |  
2019-08-30 05:17:44,498 | INFO  | DNAudit | user=null | ip=null | op=WRITE_CHUNK {blockData=conID: 3 locID: 102704235443782155 bcsId: 0} | ret=SUCCESS |  
2019-08-30 05:17:44,498 | INFO  | DNAudit | user=null | ip=null | op=PUT_BLOCK {blockData=[blockId=conID: 3 locID: 102704235443782155 bcsId: 0,size=2097152]} | ret=SUCCESS |  
2019-08-30 05:17:44,502 | INFO  | DNAudit | user=null | ip=null | op=WRITE_CHUNK {blockData=conID: 3 locID: 102704235443782155 bcsId: 2606} | ret=SUCCESS |  
2019-08-30 05:17:44,505 | INFO  | DNAudit | user=null | ip=null | op=WRITE_CHUNK {blockData=conID: 3 locID: 102704235443782155 bcsId: 2606} | ret=SUCCESS |  
2019-08-30 05:17:44,505 | INFO  | DNAudit | user=null | ip=null | op=WRITE_CHUNK {blockData=conID: 3 locID: 102704235443782155 bcsId: 2606} | ret=SUCCESS |  
2019-08-30 05:17:44,533 | INFO  | DNAudit | user=null | ip=null | op=WRITE_CHUNK {blockData=conID: 3 locID: 102704235443782155 bcsId: 2606} | ret=SUCCESS |  
2019-08-30 05:17:44,534 | INFO  | DNAudit | user=null | ip=null | op=PUT_BLOCK {blockData=[blockId=conID: 3 locID: 102704235443782155 bcsId: 0,size=3145728]} | ret=SUCCESS |  
2019-08-30 05:17:44,534 [grpc-default-executor-1] INFO  client.GrpcClientProtocolClient (GrpcClientProtocolClient.java:onNext(255)) - client-574492D41EE7->134d4672-e322-4e4b-b7f3-5645abb0fe8c: receive RaftClientReply:client-574492D41EE7->134d4672-e322-4e4b-b7f3-5645abb0fe8c@group-3CB1DFFBCDC2, cid=1802, SUCCESS, logIndex=2611, commits[134d4672-e322-4e4b-b7f3-5645abb0fe8c:c2612, 73af84f3-3e88-4c8c-894c-3ad307bcac8d:c2610, 730a25a1-dbec-44ed-975b-a44ab0096beb:c2610]
2019-08-30 05:17:44,538 [grpc-default-executor-1] INFO  client.GrpcClientProtocolClient (GrpcClientProtocolClient.java:onNext(255)) - client-574492D41EE7->134d4672-e322-4e4b-b7f3-5645abb0fe8c: receive RaftClientReply:client-574492D41EE7->134d4672-e322-4e4b-b7f3-5645abb0fe8c@group-3CB1DFFBCDC2, cid=1803, SUCCESS, logIndex=2612, commits[134d4672-e322-4e4b-b7f3-5645abb0fe8c:c2612, 73af84f3-3e88-4c8c-894c-3ad307bcac8d:c2610, 730a25a1-dbec-44ed-975b-a44ab0096beb:c2610]
2019-08-30 05:17:44,545 | INFO  | DNAudit | user=null | ip=null | op=WRITE_CHUNK {blockData=conID: 3 locID: 102704235443782155 bcsId: 2606} | ret=SUCCESS |  
2019-08-30 05:17:44,545 | INFO  | DNAudit | user=null | ip=null | op=WRITE_CHUNK {blockData=conID: 3 locID: 102704235443782155 bcsId: 2606} | ret=SUCCESS |  
2019-08-30 05:17:44,546 | INFO  | DNAudit | user=null | ip=null | op=PUT_BLOCK {blockData=[blockId=conID: 3 locID: 102704235443782155 bcsId: 0,size=3145728]} | ret=SUCCESS |  
2019-08-30 05:17:44,546 | INFO  | DNAudit | user=null | ip=null | op=PUT_BLOCK {blockData=[blockId=conID: 3 locID: 102704235443782155 bcsId: 0,size=3145728]} | ret=SUCCESS |  
2019-08-30 05:17:44,546 | INFO  | DNAudit | user=null | ip=null | op=WRITE_CHUNK {blockData=conID: 3 locID: 102704235443782155 bcsId: 2612} | ret=SUCCESS |  
2019-08-30 05:17:44,548 | INFO  | DNAudit | user=null | ip=null | op=WRITE_CHUNK {blockData=conID: 3 locID: 102704235443782155 bcsId: 2612} | ret=SUCCESS |  
2019-08-30 05:17:44,551 | INFO  | DNAudit | user=null | ip=null | op=WRITE_CHUNK {blockData=conID: 3 locID: 102704235443782155 bcsId: 2612} | ret=SUCCESS |  
2019-08-30 05:17:44,559 | INFO  | DNAudit | user=null | ip=null | op=WRITE_CHUNK {blockData=conID: 3 locID: 102704235443782155 bcsId: 2612} | ret=SUCCESS |  
2019-08-30 05:17:44,560 | INFO  | DNAudit | user=null | ip=null | op=PUT_BLOCK {blockData=[blockId=conID: 3 locID: 102704235443782155 bcsId: 0,size=4194304]} | ret=SUCCESS |  
2019-08-30 05:17:44,560 [grpc-default-executor-1] INFO  client.GrpcClientProtocolClient (GrpcClientProtocolClient.java:onNext(255)) - client-574492D41EE7->134d4672-e322-4e4b-b7f3-5645abb0fe8c: receive RaftClientReply:client-574492D41EE7->134d4672-e322-4e4b-b7f3-5645abb0fe8c@group-3CB1DFFBCDC2, cid=1804, SUCCESS, logIndex=2614, commits[134d4672-e322-4e4b-b7f3-5645abb0fe8c:c2615, 73af84f3-3e88-4c8c-894c-3ad307bcac8d:c2612, 730a25a1-dbec-44ed-975b-a44ab0096beb:c2612]
2019-08-30 05:17:44,560 [grpc-default-executor-1] INFO  client.GrpcClientProtocolClient (GrpcClientProtocolClient.java:onNext(255)) - client-574492D41EE7->134d4672-e322-4e4b-b7f3-5645abb0fe8c: receive RaftClientReply:client-574492D41EE7->134d4672-e322-4e4b-b7f3-5645abb0fe8c@group-3CB1DFFBCDC2, cid=1805, SUCCESS, logIndex=2615, commits[134d4672-e322-4e4b-b7f3-5645abb0fe8c:c2615, 73af84f3-3e88-4c8c-894c-3ad307bcac8d:c2612, 730a25a1-dbec-44ed-975b-a44ab0096beb:c2612]
2019-08-30 05:17:44,572 | INFO  | DNAudit | user=null | ip=null | op=WRITE_CHUNK {blockData=conID: 3 locID: 102704235443782155 bcsId: 2612} | ret=SUCCESS |  
2019-08-30 05:17:44,572 | INFO  | DNAudit | user=null | ip=null | op=WRITE_CHUNK {blockData=conID: 3 locID: 102704235443782155 bcsId: 2612} | ret=SUCCESS |  
2019-08-30 05:17:44,572 | INFO  | DNAudit | user=null | ip=null | op=PUT_BLOCK {blockData=[blockId=conID: 3 locID: 102704235443782155 bcsId: 0,size=4194304]} | ret=SUCCESS |  
2019-08-30 05:17:44,572 | INFO  | DNAudit | user=null | ip=null | op=PUT_BLOCK {blockData=[blockId=conID: 3 locID: 102704235443782155 bcsId: 0,size=4194304]} | ret=SUCCESS |  
2019-08-30 05:17:44,573 [grpc-default-executor-1] INFO  client.GrpcClientProtocolClient (GrpcClientProtocolClient.java:onNext(255)) - client-574492D41EE7->134d4672-e322-4e4b-b7f3-5645abb0fe8c: receive RaftClientReply:client-574492D41EE7->134d4672-e322-4e4b-b7f3-5645abb0fe8c@group-3CB1DFFBCDC2, cid=1806, SUCCESS, logIndex=0, commits[134d4672-e322-4e4b-b7f3-5645abb0fe8c:c2616, 73af84f3-3e88-4c8c-894c-3ad307bcac8d:c2615, 730a25a1-dbec-44ed-975b-a44ab0096beb:c2615]
2019-08-30 05:17:44,577 | INFO  | SCMAudit | user=jenkins1000 | ip=192.168.36.106 | op=SEND_HEARTBEAT {datanodeUUID=b91a4442-fd83-4a66-bee2-5c7959dbabc3, command=[]} | ret=SUCCESS |  
2019-08-30 05:17:44,580 | INFO  | SCMAudit | user=jenkins1000 | ip=192.168.36.106 | op=ALLOCATE_BLOCK {owner=85755eb5-052d-48fa-b271-2fe4d8754e12, size=4194304, type=RATIS, factor=THREE} | ret=SUCCESS |  
2019-08-30 05:17:44,582 | INFO  | OMAudit | user=jenkins1000 | ip=127.0.0.1 | op=ALLOCATE_BLOCK {volume=vol-0-00977, bucket=bucket-0-44205, key=key-0-32850, dataSize=0, replicationType=null, replicationFactor=null, keyLocationInfo=null, clientID=102704234570776978} | ret=SUCCESS |  
2019-08-30 05:17:44,590 | INFO  | DNAudit | user=null | ip=null | op=WRITE_CHUNK {blockData=conID: 1 locID: 102704235451515404 bcsId: 0} | ret=SUCCESS |  
2019-08-30 05:17:44,593 | INFO  | DNAudit | user=null | ip=null | op=WRITE_CHUNK {blockData=conID: 1 locID: 102704235451515404 bcsId: 0} | ret=SUCCESS |  
2019-08-30 05:17:44,593 | INFO  | DNAudit | user=null | ip=null | op=WRITE_CHUNK {blockData=conID: 1 locID: 102704235451515404 bcsId: 0} | ret=SUCCESS |  
2019-08-30 05:17:44,593 | INFO  | DNAudit | user=null | ip=null | op=WRITE_CHUNK {blockData=conID: 1 locID: 102704235451515404 bcsId: 0} | ret=SUCCESS |  
2019-08-30 05:17:44,595 | INFO  | DNAudit | user=null | ip=null | op=WRITE_CHUNK {blockData=conID: 1 locID: 102704235451515404 bcsId: 0} | ret=SUCCESS |  
2019-08-30 05:17:44,595 | INFO  | DNAudit | user=null | ip=null | op=WRITE_CHUNK {blockData=conID: 1 locID: 102704235451515404 bcsId: 0} | ret=SUCCESS |  
2019-08-30 05:17:44,603 | INFO  | DNAudit | user=null | ip=null | op=WRITE_CHUNK {blockData=conID: 1 locID: 102704235451515404 bcsId: 0} | ret=SUCCESS |  
2019-08-30 05:17:44,603 | INFO  | DNAudit | user=null | ip=null | op=PUT_BLOCK {blockData=[blockId=conID: 1 locID: 102704235451515404 bcsId: 0,size=1048576]} | ret=SUCCESS |  
2019-08-30 05:17:44,603 | INFO  | DNAudit | user=null | ip=null | op=WRITE_CHUNK {blockData=conID: 1 locID: 102704235451515404 bcsId: 0} | ret=SUCCESS |  
2019-08-30 05:17:44,603 [grpc-default-executor-1] INFO  client.GrpcClientProtocolClient (GrpcClientProtocolClient.java:onNext(255)) - client-574492D41EE7->134d4672-e322-4e4b-b7f3-5645abb0fe8c: receive RaftClientReply:client-574492D41EE7->134d4672-e322-4e4b-b7f3-5645abb0fe8c@group-3CB1DFFBCDC2, cid=1807, SUCCESS, logIndex=2618, commits[134d4672-e322-4e4b-b7f3-5645abb0fe8c:c2619, 73af84f3-3e88-4c8c-894c-3ad307bcac8d:c2615, 730a25a1-dbec-44ed-975b-a44ab0096beb:c2617]
2019-08-30 05:17:44,604 | INFO  | DNAudit | user=null | ip=null | op=PUT_BLOCK {blockData=[blockId=conID: 1 locID: 102704235451515404 bcsId: 0,size=2097152]} | ret=SUCCESS |  
2019-08-30 05:17:44,604 | INFO  | DNAudit | user=null | ip=null | op=WRITE_CHUNK {blockData=conID: 1 locID: 102704235451515404 bcsId: 0} | ret=SUCCESS |  
2019-08-30 05:17:44,604 [grpc-default-executor-1] INFO  client.GrpcClientProtocolClient (GrpcClientProtocolClient.java:onNext(255)) - client-574492D41EE7->134d4672-e322-4e4b-b7f3-5645abb0fe8c: receive RaftClientReply:client-574492D41EE7->134d4672-e322-4e4b-b7f3-5645abb0fe8c@group-3CB1DFFBCDC2, cid=1808, SUCCESS, logIndex=2619, commits[134d4672-e322-4e4b-b7f3-5645abb0fe8c:c2621, 73af84f3-3e88-4c8c-894c-3ad307bcac8d:c2617, 730a25a1-dbec-44ed-975b-a44ab0096beb:c2617]
2019-08-30 05:17:44,604 | INFO  | DNAudit | user=null | ip=null | op=PUT_BLOCK {blockData=[blockId=conID: 1 locID: 102704235451515404 bcsId: 0,size=1048576]} | ret=SUCCESS |  
2019-08-30 05:17:44,604 [grpc-default-executor-1] INFO  client.GrpcClientProtocolClient (GrpcClientProtocolClient.java:onNext(255)) - client-574492D41EE7->134d4672-e322-4e4b-b7f3-5645abb0fe8c: receive RaftClientReply:client-574492D41EE7->134d4672-e322-4e4b-b7f3-5645abb0fe8c@group-3CB1DFFBCDC2, cid=1809, SUCCESS, logIndex=2620, commits[134d4672-e322-4e4b-b7f3-5645abb0fe8c:c2621, 73af84f3-3e88-4c8c-894c-3ad307bcac8d:c2617, 730a25a1-dbec-44ed-975b-a44ab0096beb:c2617]
2019-08-30 05:17:44,604 [grpc-default-executor-3] INFO  client.GrpcClientProtocolClient (GrpcClientProtocolClient.java:onNext(255)) - client-574492D41EE7->134d4672-e322-4e4b-b7f3-5645abb0fe8c: receive RaftClientReply:client-574492D41EE7->134d4672-e322-4e4b-b7f3-5645abb0fe8c@group-3CB1DFFBCDC2, cid=1810, SUCCESS, logIndex=2621, commits[134d4672-e322-4e4b-b7f3-5645abb0fe8c:c2622, 73af84f3-3e88-4c8c-894c-3ad307bcac8d:c2617, 730a25a1-dbec-44ed-975b-a44ab0096beb:c2619]
2019-08-30 05:17:44,606 | INFO  | DNAudit | user=null | ip=null | op=WRITE_CHUNK {blockData=conID: 1 locID: 102704235451515404 bcsId: 0} | ret=SUCCESS |  
2019-08-30 05:17:44,606 | INFO  | DNAudit | user=null | ip=null | op=PUT_BLOCK {blockData=[blockId=conID: 1 locID: 102704235451515404 bcsId: 0,size=1048576]} | ret=SUCCESS |  
2019-08-30 05:17:44,607 [grpc-default-executor-3] INFO  client.GrpcClientProtocolClient (GrpcClientProtocolClient.java:onNext(255)) - client-574492D41EE7->134d4672-e322-4e4b-b7f3-5645abb0fe8c: receive RaftClientReply:client-574492D41EE7->134d4672-e322-4e4b-b7f3-5645abb0fe8c@group-3CB1DFFBCDC2, cid=1811, SUCCESS, logIndex=0, commits[134d4672-e322-4e4b-b7f3-5645abb0fe8c:c2622, 73af84f3-3e88-4c8c-894c-3ad307bcac8d:c2619, 730a25a1-dbec-44ed-975b-a44ab0096beb:c2619]
2019-08-30 05:17:44,614 | INFO  | DNAudit | user=null | ip=null | op=WRITE_CHUNK {blockData=conID: 1 locID: 102704235451515404 bcsId: 2621} | ret=SUCCESS |  
2019-08-30 05:17:44,616 | INFO  | DNAudit | user=null | ip=null | op=WRITE_CHUNK {blockData=conID: 1 locID: 102704235451515404 bcsId: 2621} | ret=SUCCESS |  
2019-08-30 05:17:44,616 | INFO  | DNAudit | user=null | ip=null | op=WRITE_CHUNK {blockData=conID: 1 locID: 102704235451515404 bcsId: 2621} | ret=SUCCESS |  
2019-08-30 05:17:44,617 | INFO  | DNAudit | user=null | ip=null | op=WRITE_CHUNK {blockData=conID: 1 locID: 102704235451515404 bcsId: 0} | ret=SUCCESS |  
2019-08-30 05:17:44,617 | INFO  | DNAudit | user=null | ip=null | op=PUT_BLOCK {blockData=[blockId=conID: 1 locID: 102704235451515404 bcsId: 0,size=2097152]} | ret=SUCCESS |  
2019-08-30 05:17:44,618 | INFO  | DNAudit | user=null | ip=null | op=WRITE_CHUNK {blockData=conID: 1 locID: 102704235451515404 bcsId: 0} | ret=SUCCESS |  
2019-08-30 05:17:44,618 | INFO  | DNAudit | user=null | ip=null | op=PUT_BLOCK {blockData=[blockId=conID: 1 locID: 102704235451515404 bcsId: 0,size=2097152]} | ret=SUCCESS |  
2019-08-30 05:17:44,619 | INFO  | DNAudit | user=null | ip=null | op=WRITE_CHUNK {blockData=conID: 1 locID: 102704235451515404 bcsId: 2621} | ret=SUCCESS |  
2019-08-30 05:17:44,619 | INFO  | DNAudit | user=null | ip=null | op=PUT_BLOCK {blockData=[blockId=conID: 1 locID: 102704235451515404 bcsId: 0,size=3145728]} | ret=SUCCESS |  
2019-08-30 05:17:44,619 [grpc-default-executor-1] INFO  client.GrpcClientProtocolClient (GrpcClientProtocolClient.java:onNext(255)) - client-574492D41EE7->134d4672-e322-4e4b-b7f3-5645abb0fe8c: receive RaftClientReply:client-574492D41EE7->134d4672-e322-4e4b-b7f3-5645abb0fe8c@group-3CB1DFFBCDC2, cid=1812, SUCCESS, logIndex=2626, commits[134d4672-e322-4e4b-b7f3-5645abb0fe8c:c2627, 73af84f3-3e88-4c8c-894c-3ad307bcac8d:c2621, 730a25a1-dbec-44ed-975b-a44ab0096beb:c2622]
2019-08-30 05:17:44,620 | INFO  | DNAudit | user=null | ip=null | op=WRITE_CHUNK {blockData=conID: 1 locID: 102704235451515404 bcsId: 2621} | ret=SUCCESS |  
2019-08-30 05:17:44,620 [grpc-default-executor-1] INFO  client.GrpcClientProtocolClient (GrpcClientProtocolClient.java:onNext(255)) - client-574492D41EE7->134d4672-e322-4e4b-b7f3-5645abb0fe8c: receive RaftClientReply:client-574492D41EE7->134d4672-e322-4e4b-b7f3-5645abb0fe8c@group-3CB1DFFBCDC2, cid=1813, SUCCESS, logIndex=2627, commits[134d4672-e322-4e4b-b7f3-5645abb0fe8c:c2627, 73af84f3-3e88-4c8c-894c-3ad307bcac8d:c2621, 730a25a1-dbec-44ed-975b-a44ab0096beb:c2622]
2019-08-30 05:17:44,620 | INFO  | DNAudit | user=null | ip=null | op=WRITE_CHUNK {blockData=conID: 1 locID: 102704235451515404 bcsId: 2621} | ret=SUCCESS |  
2019-08-30 05:17:44,620 | INFO  | DNAudit | user=null | ip=null | op=PUT_BLOCK {blockData=[blockId=conID: 1 locID: 102704235451515404 bcsId: 0,size=3145728]} | ret=SUCCESS |  
2019-08-30 05:17:44,620 | INFO  | DNAudit | user=null | ip=null | op=PUT_BLOCK {blockData=[blockId=conID: 1 locID: 102704235451515404 bcsId: 0,size=3145728]} | ret=SUCCESS |  
2019-08-30 05:17:44,627 | INFO  | DNAudit | user=null | ip=null | op=WRITE_CHUNK {blockData=conID: 1 locID: 102704235451515404 bcsId: 2627} | ret=SUCCESS |  
2019-08-30 05:17:44,628 | INFO  | DNAudit | user=null | ip=null | op=WRITE_CHUNK {blockData=conID: 1 locID: 102704235451515404 bcsId: 2627} | ret=SUCCESS |  
2019-08-30 05:17:44,629 | INFO  | DNAudit | user=null | ip=null | op=WRITE_CHUNK {blockData=conID: 1 locID: 102704235451515404 bcsId: 2627} | ret=SUCCESS |  
2019-08-30 05:17:44,640 | INFO  | DNAudit | user=null | ip=null | op=WRITE_CHUNK {blockData=conID: 1 locID: 102704235451515404 bcsId: 2627} | ret=SUCCESS |  
2019-08-30 05:17:44,640 | INFO  | DNAudit | user=null | ip=null | op=PUT_BLOCK {blockData=[blockId=conID: 1 locID: 102704235451515404 bcsId: 0,size=4194304]} | ret=SUCCESS |  
2019-08-30 05:17:44,640 [grpc-default-executor-1] INFO  client.GrpcClientProtocolClient (GrpcClientProtocolClient.java:onNext(255)) - client-574492D41EE7->134d4672-e322-4e4b-b7f3-5645abb0fe8c: receive RaftClientReply:client-574492D41EE7->134d4672-e322-4e4b-b7f3-5645abb0fe8c@group-3CB1DFFBCDC2, cid=1814, SUCCESS, logIndex=2630, commits[134d4672-e322-4e4b-b7f3-5645abb0fe8c:c2631, 73af84f3-3e88-4c8c-894c-3ad307bcac8d:c2629, 730a25a1-dbec-44ed-975b-a44ab0096beb:c2629]
2019-08-30 05:17:44,641 [grpc-default-executor-1] INFO  client.GrpcClientProtocolClient (GrpcClientProtocolClient.java:onNext(255)) - client-574492D41EE7->134d4672-e322-4e4b-b7f3-5645abb0fe8c: receive RaftClientReply:client-574492D41EE7->134d4672-e322-4e4b-b7f3-5645abb0fe8c@group-3CB1DFFBCDC2, cid=1815, SUCCESS, logIndex=2631, commits[134d4672-e322-4e4b-b7f3-5645abb0fe8c:c2631, 73af84f3-3e88-4c8c-894c-3ad307bcac8d:c2629, 730a25a1-dbec-44ed-975b-a44ab0096beb:c2629]
2019-08-30 05:17:44,651 | INFO  | DNAudit | user=null | ip=null | op=WRITE_CHUNK {blockData=conID: 1 locID: 102704235451515404 bcsId: 2627} | ret=SUCCESS |  
2019-08-30 05:17:44,651 | INFO  | DNAudit | user=null | ip=null | op=WRITE_CHUNK {blockData=conID: 1 locID: 102704235451515404 bcsId: 2627} | ret=SUCCESS |  
2019-08-30 05:17:44,652 | INFO  | DNAudit | user=null | ip=null | op=PUT_BLOCK {blockData=[blockId=conID: 1 locID: 102704235451515404 bcsId: 0,size=4194304]} | ret=SUCCESS |  
2019-08-30 05:17:44,654 | INFO  | DNAudit | user=null | ip=null | op=PUT_BLOCK {blockData=[blockId=conID: 1 locID: 102704235451515404 bcsId: 0,size=4194304]} | ret=SUCCESS |  
2019-08-30 05:17:44,655 [grpc-default-executor-1] INFO  client.GrpcClientProtocolClient (GrpcClientProtocolClient.java:onNext(255)) - client-574492D41EE7->134d4672-e322-4e4b-b7f3-5645abb0fe8c: receive RaftClientReply:client-574492D41EE7->134d4672-e322-4e4b-b7f3-5645abb0fe8c@group-3CB1DFFBCDC2, cid=1816, SUCCESS, logIndex=0, commits[134d4672-e322-4e4b-b7f3-5645abb0fe8c:c2633, 73af84f3-3e88-4c8c-894c-3ad307bcac8d:c2631, 730a25a1-dbec-44ed-975b-a44ab0096beb:c2631]
2019-08-30 05:17:44,661 | INFO  | SCMAudit | user=jenkins1000 | ip=192.168.36.106 | op=ALLOCATE_BLOCK {owner=85755eb5-052d-48fa-b271-2fe4d8754e12, size=4194304, type=RATIS, factor=THREE} | ret=SUCCESS |  
2019-08-30 05:17:44,665 | INFO  | OMAudit | user=jenkins1000 | ip=127.0.0.1 | op=ALLOCATE_BLOCK {volume=vol-0-00977, bucket=bucket-0-44205, key=key-0-32850, dataSize=0, replicationType=null, replicationFactor=null, keyLocationInfo=null, clientID=102704234570776978} | ret=SUCCESS |  
2019-08-30 05:17:44,672 | INFO  | DNAudit | user=null | ip=null | op=WRITE_CHUNK {blockData=conID: 2 locID: 102704235456823821 bcsId: 0} | ret=SUCCESS |  
2019-08-30 05:17:44,675 | INFO  | DNAudit | user=null | ip=null | op=WRITE_CHUNK {blockData=conID: 2 locID: 102704235456823821 bcsId: 0} | ret=SUCCESS |  
2019-08-30 05:17:44,676 | INFO  | DNAudit | user=null | ip=null | op=WRITE_CHUNK {blockData=conID: 2 locID: 102704235456823821 bcsId: 0} | ret=SUCCESS |  
2019-08-30 05:17:44,676 | INFO  | DNAudit | user=null | ip=null | op=WRITE_CHUNK {blockData=conID: 2 locID: 102704235456823821 bcsId: 0} | ret=SUCCESS |  
2019-08-30 05:17:44,678 | INFO  | DNAudit | user=null | ip=null | op=WRITE_CHUNK {blockData=conID: 2 locID: 102704235456823821 bcsId: 0} | ret=SUCCESS |  
2019-08-30 05:17:44,678 | INFO  | DNAudit | user=null | ip=null | op=WRITE_CHUNK {blockData=conID: 2 locID: 102704235456823821 bcsId: 0} | ret=SUCCESS |  
2019-08-30 05:17:44,685 | INFO  | DNAudit | user=null | ip=null | op=WRITE_CHUNK {blockData=conID: 2 locID: 102704235456823821 bcsId: 0} | ret=SUCCESS |  
2019-08-30 05:17:44,685 | INFO  | DNAudit | user=null | ip=null | op=PUT_BLOCK {blockData=[blockId=conID: 2 locID: 102704235456823821 bcsId: 0,size=1048576]} | ret=SUCCESS |  
2019-08-30 05:17:44,686 | INFO  | DNAudit | user=null | ip=null | op=WRITE_CHUNK {blockData=conID: 2 locID: 102704235456823821 bcsId: 0} | ret=SUCCESS |  
2019-08-30 05:17:44,686 [grpc-default-executor-1] INFO  client.GrpcClientProtocolClient (GrpcClientProtocolClient.java:onNext(255)) - client-574492D41EE7->134d4672-e322-4e4b-b7f3-5645abb0fe8c: receive RaftClientReply:client-574492D41EE7->134d4672-e322-4e4b-b7f3-5645abb0fe8c@group-3CB1DFFBCDC2, cid=1817, SUCCESS, logIndex=2634, commits[134d4672-e322-4e4b-b7f3-5645abb0fe8c:c2635, 73af84f3-3e88-4c8c-894c-3ad307bcac8d:c2633, 730a25a1-dbec-44ed-975b-a44ab0096beb:c2633]
2019-08-30 05:17:44,686 | INFO  | DNAudit | user=null | ip=null | op=PUT_BLOCK {blockData=[blockId=conID: 2 locID: 102704235456823821 bcsId: 0,size=2097152]} | ret=SUCCESS |  
2019-08-30 05:17:44,686 | INFO  | DNAudit | user=null | ip=null | op=WRITE_CHUNK {blockData=conID: 2 locID: 102704235456823821 bcsId: 0} | ret=SUCCESS |  
2019-08-30 05:17:44,686 [grpc-default-executor-1] INFO  client.GrpcClientProtocolClient (GrpcClientProtocolClient.java:onNext(255)) - client-574492D41EE7->134d4672-e322-4e4b-b7f3-5645abb0fe8c: receive RaftClientReply:client-574492D41EE7->134d4672-e322-4e4b-b7f3-5645abb0fe8c@group-3CB1DFFBCDC2, cid=1818, SUCCESS, logIndex=2635, commits[134d4672-e322-4e4b-b7f3-5645abb0fe8c:c2635, 73af84f3-3e88-4c8c-894c-3ad307bcac8d:c2633, 730a25a1-dbec-44ed-975b-a44ab0096beb:c2633]
2019-08-30 05:17:44,687 | INFO  | DNAudit | user=null | ip=null | op=PUT_BLOCK {blockData=[blockId=conID: 2 locID: 102704235456823821 bcsId: 0,size=1048576]} | ret=SUCCESS |  
2019-08-30 05:17:44,687 [grpc-default-executor-1] INFO  client.GrpcClientProtocolClient (GrpcClientProtocolClient.java:onNext(255)) - client-574492D41EE7->134d4672-e322-4e4b-b7f3-5645abb0fe8c: receive RaftClientReply:client-574492D41EE7->134d4672-e322-4e4b-b7f3-5645abb0fe8c@group-3CB1DFFBCDC2, cid=1819, SUCCESS, logIndex=2636, commits[134d4672-e322-4e4b-b7f3-5645abb0fe8c:c2637, 73af84f3-3e88-4c8c-894c-3ad307bcac8d:c2633, 730a25a1-dbec-44ed-975b-a44ab0096beb:c2633]
2019-08-30 05:17:44,687 [grpc-default-executor-1] INFO  client.GrpcClientProtocolClient (GrpcClientProtocolClient.java:onNext(255)) - client-574492D41EE7->134d4672-e322-4e4b-b7f3-5645abb0fe8c: receive RaftClientReply:client-574492D41EE7->134d4672-e322-4e4b-b7f3-5645abb0fe8c@group-3CB1DFFBCDC2, cid=1820, SUCCESS, logIndex=2637, commits[134d4672-e322-4e4b-b7f3-5645abb0fe8c:c2637, 73af84f3-3e88-4c8c-894c-3ad307bcac8d:c2633, 730a25a1-dbec-44ed-975b-a44ab0096beb:c2633]
2019-08-30 05:17:44,688 | INFO  | DNAudit | user=null | ip=null | op=WRITE_CHUNK {blockData=conID: 2 locID: 102704235456823821 bcsId: 0} | ret=SUCCESS |  
2019-08-30 05:17:44,689 | INFO  | DNAudit | user=null | ip=null | op=PUT_BLOCK {blockData=[blockId=conID: 2 locID: 102704235456823821 bcsId: 0,size=1048576]} | ret=SUCCESS |  
2019-08-30 05:17:44,689 [grpc-default-executor-1] INFO  client.GrpcClientProtocolClient (GrpcClientProtocolClient.java:onNext(255)) - client-574492D41EE7->134d4672-e322-4e4b-b7f3-5645abb0fe8c: receive RaftClientReply:client-574492D41EE7->134d4672-e322-4e4b-b7f3-5645abb0fe8c@group-3CB1DFFBCDC2, cid=1821, SUCCESS, logIndex=0, commits[134d4672-e322-4e4b-b7f3-5645abb0fe8c:c2638, 73af84f3-3e88-4c8c-894c-3ad307bcac8d:c2635, 730a25a1-dbec-44ed-975b-a44ab0096beb:c2635]
2019-08-30 05:17:44,696 | INFO  | DNAudit | user=null | ip=null | op=WRITE_CHUNK {blockData=conID: 2 locID: 102704235456823821 bcsId: 2637} | ret=SUCCESS |  
2019-08-30 05:17:44,697 | INFO  | DNAudit | user=null | ip=null | op=WRITE_CHUNK {blockData=conID: 2 locID: 102704235456823821 bcsId: 2637} | ret=SUCCESS |  
2019-08-30 05:17:44,698 | INFO  | DNAudit | user=null | ip=null | op=WRITE_CHUNK {blockData=conID: 2 locID: 102704235456823821 bcsId: 2637} | ret=SUCCESS |  
2019-08-30 05:17:44,700 | INFO  | DNAudit | user=null | ip=null | op=WRITE_CHUNK {blockData=conID: 2 locID: 102704235456823821 bcsId: 0} | ret=SUCCESS |  
2019-08-30 05:17:44,700 | INFO  | DNAudit | user=null | ip=null | op=PUT_BLOCK {blockData=[blockId=conID: 2 locID: 102704235456823821 bcsId: 0,size=2097152]} | ret=SUCCESS |  
2019-08-30 05:17:44,700 | INFO  | DNAudit | user=null | ip=null | op=WRITE_CHUNK {blockData=conID: 2 locID: 102704235456823821 bcsId: 0} | ret=SUCCESS |  
2019-08-30 05:17:44,700 | INFO  | DNAudit | user=null | ip=null | op=PUT_BLOCK {blockData=[blockId=conID: 2 locID: 102704235456823821 bcsId: 0,size=2097152]} | ret=SUCCESS |  
2019-08-30 05:17:44,701 | INFO  | DNAudit | user=null | ip=null | op=WRITE_CHUNK {blockData=conID: 2 locID: 102704235456823821 bcsId: 2637} | ret=SUCCESS |  
2019-08-30 05:17:44,702 | INFO  | DNAudit | user=null | ip=null | op=PUT_BLOCK {blockData=[blockId=conID: 2 locID: 102704235456823821 bcsId: 0,size=3145728]} | ret=SUCCESS |  
2019-08-30 05:17:44,702 [grpc-default-executor-1] INFO  client.GrpcClientProtocolClient (GrpcClientProtocolClient.java:onNext(255)) - client-574492D41EE7->134d4672-e322-4e4b-b7f3-5645abb0fe8c: receive RaftClientReply:client-574492D41EE7->134d4672-e322-4e4b-b7f3-5645abb0fe8c@group-3CB1DFFBCDC2, cid=1822, SUCCESS, logIndex=2641, commits[134d4672-e322-4e4b-b7f3-5645abb0fe8c:c2642, 73af84f3-3e88-4c8c-894c-3ad307bcac8d:c2637, 730a25a1-dbec-44ed-975b-a44ab0096beb:c2639]
2019-08-30 05:17:44,702 [grpc-default-executor-1] INFO  client.GrpcClientProtocolClient (GrpcClientProtocolClient.java:onNext(255)) - client-574492D41EE7->134d4672-e322-4e4b-b7f3-5645abb0fe8c: receive RaftClientReply:client-574492D41EE7->134d4672-e322-4e4b-b7f3-5645abb0fe8c@group-3CB1DFFBCDC2, cid=1823, SUCCESS, logIndex=2642, commits[134d4672-e322-4e4b-b7f3-5645abb0fe8c:c2642, 73af84f3-3e88-4c8c-894c-3ad307bcac8d:c2639, 730a25a1-dbec-44ed-975b-a44ab0096beb:c2639]
2019-08-30 05:17:44,703 | INFO  | DNAudit | user=null | ip=null | op=WRITE_CHUNK {blockData=conID: 2 locID: 102704235456823821 bcsId: 2637} | ret=SUCCESS |  
2019-08-30 05:17:44,703 | INFO  | DNAudit | user=null | ip=null | op=WRITE_CHUNK {blockData=conID: 2 locID: 102704235456823821 bcsId: 2637} | ret=SUCCESS |  
2019-08-30 05:17:44,703 | INFO  | DNAudit | user=null | ip=null | op=PUT_BLOCK {blockData=[blockId=conID: 2 locID: 102704235456823821 bcsId: 0,size=3145728]} | ret=SUCCESS |  
2019-08-30 05:17:44,703 | INFO  | DNAudit | user=null | ip=null | op=PUT_BLOCK {blockData=[blockId=conID: 2 locID: 102704235456823821 bcsId: 0,size=3145728]} | ret=SUCCESS |  
2019-08-30 05:17:44,709 | INFO  | DNAudit | user=null | ip=null | op=WRITE_CHUNK {blockData=conID: 2 locID: 102704235456823821 bcsId: 2642} | ret=SUCCESS |  
2019-08-30 05:17:44,711 | INFO  | DNAudit | user=null | ip=null | op=WRITE_CHUNK {blockData=conID: 2 locID: 102704235456823821 bcsId: 2642} | ret=SUCCESS |  
2019-08-30 05:17:44,713 | INFO  | DNAudit | user=null | ip=null | op=WRITE_CHUNK {blockData=conID: 2 locID: 102704235456823821 bcsId: 2642} | ret=SUCCESS |  
2019-08-30 05:17:44,725 | INFO  | DNAudit | user=null | ip=null | op=WRITE_CHUNK {blockData=conID: 2 locID: 102704235456823821 bcsId: 2642} | ret=SUCCESS |  
2019-08-30 05:17:44,726 | INFO  | DNAudit | user=null | ip=null | op=PUT_BLOCK {blockData=[blockId=conID: 2 locID: 102704235456823821 bcsId: 0,size=4194304]} | ret=SUCCESS |  
2019-08-30 05:17:44,726 [grpc-default-executor-1] INFO  client.GrpcClientProtocolClient (GrpcClientProtocolClient.java:onNext(255)) - client-574492D41EE7->134d4672-e322-4e4b-b7f3-5645abb0fe8c: receive RaftClientReply:client-574492D41EE7->134d4672-e322-4e4b-b7f3-5645abb0fe8c@group-3CB1DFFBCDC2, cid=1824, SUCCESS, logIndex=2645, commits[134d4672-e322-4e4b-b7f3-5645abb0fe8c:c2646, 73af84f3-3e88-4c8c-894c-3ad307bcac8d:c2644, 730a25a1-dbec-44ed-975b-a44ab0096beb:c2644]
2019-08-30 05:17:44,727 [grpc-default-executor-1] INFO  client.GrpcClientProtocolClient (GrpcClientProtocolClient.java:onNext(255)) - client-574492D41EE7->134d4672-e322-4e4b-b7f3-5645abb0fe8c: receive RaftClientReply:client-574492D41EE7->134d4672-e322-4e4b-b7f3-5645abb0fe8c@group-3CB1DFFBCDC2, cid=1825, SUCCESS, logIndex=2646, commits[134d4672-e322-4e4b-b7f3-5645abb0fe8c:c2646, 73af84f3-3e88-4c8c-894c-3ad307bcac8d:c2644, 730a25a1-dbec-44ed-975b-a44ab0096beb:c2644]
2019-08-30 05:17:44,734 | INFO  | DNAudit | user=null | ip=null | op=WRITE_CHUNK {blockData=conID: 2 locID: 102704235456823821 bcsId: 2642} | ret=SUCCESS |  
2019-08-30 05:17:44,734 | INFO  | DNAudit | user=null | ip=null | op=WRITE_CHUNK {blockData=conID: 2 locID: 102704235456823821 bcsId: 2642} | ret=SUCCESS |  
2019-08-30 05:17:44,735 | INFO  | DNAudit | user=null | ip=null | op=PUT_BLOCK {blockData=[blockId=conID: 2 locID: 102704235456823821 bcsId: 0,size=4194304]} | ret=SUCCESS |  
2019-08-30 05:17:44,737 | INFO  | DNAudit | user=null | ip=null | op=PUT_BLOCK {blockData=[blockId=conID: 2 locID: 102704235456823821 bcsId: 0,size=4194304]} | ret=SUCCESS |  
2019-08-30 05:17:44,738 [grpc-default-executor-3] INFO  client.GrpcClientProtocolClient (GrpcClientProtocolClient.java:onNext(255)) - client-574492D41EE7->134d4672-e322-4e4b-b7f3-5645abb0fe8c: receive RaftClientReply:client-574492D41EE7->134d4672-e322-4e4b-b7f3-5645abb0fe8c@group-3CB1DFFBCDC2, cid=1826, SUCCESS, logIndex=0, commits[134d4672-e322-4e4b-b7f3-5645abb0fe8c:c2647, 73af84f3-3e88-4c8c-894c-3ad307bcac8d:c2646, 730a25a1-dbec-44ed-975b-a44ab0096beb:c2646]
2019-08-30 05:17:44,744 | INFO  | SCMAudit | user=jenkins1000 | ip=192.168.36.106 | op=ALLOCATE_BLOCK {owner=85755eb5-052d-48fa-b271-2fe4d8754e12, size=4194304, type=RATIS, factor=THREE} | ret=SUCCESS |  
2019-08-30 05:17:44,749 | INFO  | OMAudit | user=jenkins1000 | ip=127.0.0.1 | op=ALLOCATE_BLOCK {volume=vol-0-00977, bucket=bucket-0-44205, key=key-0-32850, dataSize=0, replicationType=null, replicationFactor=null, keyLocationInfo=null, clientID=102704234570776978} | ret=SUCCESS |  
2019-08-30 05:17:44,759 | INFO  | DNAudit | user=null | ip=null | op=WRITE_CHUNK {blockData=conID: 3 locID: 102704235462263310 bcsId: 0} | ret=SUCCESS |  
2019-08-30 05:17:44,761 | INFO  | DNAudit | user=null | ip=null | op=WRITE_CHUNK {blockData=conID: 3 locID: 102704235462263310 bcsId: 0} | ret=SUCCESS |  
2019-08-30 05:17:44,763 | INFO  | DNAudit | user=null | ip=null | op=WRITE_CHUNK {blockData=conID: 3 locID: 102704235462263310 bcsId: 0} | ret=SUCCESS |  
2019-08-30 05:17:44,764 | INFO  | DNAudit | user=null | ip=null | op=WRITE_CHUNK {blockData=conID: 3 locID: 102704235462263310 bcsId: 0} | ret=SUCCESS |  
2019-08-30 05:17:44,767 | INFO  | DNAudit | user=null | ip=null | op=WRITE_CHUNK {blockData=conID: 3 locID: 102704235462263310 bcsId: 0} | ret=SUCCESS |  
2019-08-30 05:17:44,768 | INFO  | DNAudit | user=null | ip=null | op=WRITE_CHUNK {blockData=conID: 3 locID: 102704235462263310 bcsId: 0} | ret=SUCCESS |  
2019-08-30 05:17:44,772 | INFO  | DNAudit | user=null | ip=null | op=WRITE_CHUNK {blockData=conID: 3 locID: 102704235462263310 bcsId: 0} | ret=SUCCESS |  
2019-08-30 05:17:44,773 | INFO  | DNAudit | user=null | ip=null | op=PUT_BLOCK {blockData=[blockId=conID: 3 locID: 102704235462263310 bcsId: 0,size=1048576]} | ret=SUCCESS |  
2019-08-30 05:17:44,774 | INFO  | DNAudit | user=null | ip=null | op=WRITE_CHUNK {blockData=conID: 3 locID: 102704235462263310 bcsId: 0} | ret=SUCCESS |  
2019-08-30 05:17:44,774 | INFO  | DNAudit | user=null | ip=null | op=WRITE_CHUNK {blockData=conID: 3 locID: 102704235462263310 bcsId: 0} | ret=SUCCESS |  
2019-08-30 05:17:44,774 | INFO  | DNAudit | user=null | ip=null | op=PUT_BLOCK {blockData=[blockId=conID: 3 locID: 102704235462263310 bcsId: 0,size=1048576]} | ret=SUCCESS |  
2019-08-30 05:17:44,774 | INFO  | DNAudit | user=null | ip=null | op=WRITE_CHUNK {blockData=conID: 3 locID: 102704235462263310 bcsId: 0} | ret=SUCCESS |  
2019-08-30 05:17:44,774 | INFO  | DNAudit | user=null | ip=null | op=PUT_BLOCK {blockData=[blockId=conID: 3 locID: 102704235462263310 bcsId: 0,size=1048576]} | ret=SUCCESS |  
2019-08-30 05:17:44,775 | INFO  | DNAudit | user=null | ip=null | op=PUT_BLOCK {blockData=[blockId=conID: 3 locID: 102704235462263310 bcsId: 0,size=2097152]} | ret=SUCCESS |  
2019-08-30 05:17:44,775 [grpc-default-executor-1] INFO  client.GrpcClientProtocolClient (GrpcClientProtocolClient.java:onNext(255)) - client-574492D41EE7->134d4672-e322-4e4b-b7f3-5645abb0fe8c: receive RaftClientReply:client-574492D41EE7->134d4672-e322-4e4b-b7f3-5645abb0fe8c@group-3CB1DFFBCDC2, cid=1827, SUCCESS, logIndex=2649, commits[134d4672-e322-4e4b-b7f3-5645abb0fe8c:c2650, 73af84f3-3e88-4c8c-894c-3ad307bcac8d:c2646, 730a25a1-dbec-44ed-975b-a44ab0096beb:c2648]
2019-08-30 05:17:44,776 [grpc-default-executor-1] INFO  client.GrpcClientProtocolClient (GrpcClientProtocolClient.java:onNext(255)) - client-574492D41EE7->134d4672-e322-4e4b-b7f3-5645abb0fe8c: receive RaftClientReply:client-574492D41EE7->134d4672-e322-4e4b-b7f3-5645abb0fe8c@group-3CB1DFFBCDC2, cid=1828, SUCCESS, logIndex=2650, commits[134d4672-e322-4e4b-b7f3-5645abb0fe8c:c2652, 73af84f3-3e88-4c8c-894c-3ad307bcac8d:c2648, 730a25a1-dbec-44ed-975b-a44ab0096beb:c2648]
2019-08-30 05:17:44,776 [grpc-default-executor-1] INFO  client.GrpcClientProtocolClient (GrpcClientProtocolClient.java:onNext(255)) - client-574492D41EE7->134d4672-e322-4e4b-b7f3-5645abb0fe8c: receive RaftClientReply:client-574492D41EE7->134d4672-e322-4e4b-b7f3-5645abb0fe8c@group-3CB1DFFBCDC2, cid=1829, SUCCESS, logIndex=2651, commits[134d4672-e322-4e4b-b7f3-5645abb0fe8c:c2652, 73af84f3-3e88-4c8c-894c-3ad307bcac8d:c2648, 730a25a1-dbec-44ed-975b-a44ab0096beb:c2648]
2019-08-30 05:17:44,777 [grpc-default-executor-1] INFO  client.GrpcClientProtocolClient (GrpcClientProtocolClient.java:onNext(255)) - client-574492D41EE7->134d4672-e322-4e4b-b7f3-5645abb0fe8c: receive RaftClientReply:client-574492D41EE7->134d4672-e322-4e4b-b7f3-5645abb0fe8c@group-3CB1DFFBCDC2, cid=1830, SUCCESS, logIndex=2652, commits[134d4672-e322-4e4b-b7f3-5645abb0fe8c:c2652, 73af84f3-3e88-4c8c-894c-3ad307bcac8d:c2648, 730a25a1-dbec-44ed-975b-a44ab0096beb:c2648]
2019-08-30 05:17:44,778 [grpc-default-executor-1] INFO  client.GrpcClientProtocolClient (GrpcClientProtocolClient.java:onNext(255)) - client-574492D41EE7->134d4672-e322-4e4b-b7f3-5645abb0fe8c: receive RaftClientReply:client-574492D41EE7->134d4672-e322-4e4b-b7f3-5645abb0fe8c@group-3CB1DFFBCDC2, cid=1831, SUCCESS, logIndex=0, commits[134d4672-e322-4e4b-b7f3-5645abb0fe8c:c2654, 73af84f3-3e88-4c8c-894c-3ad307bcac8d:c2650, 730a25a1-dbec-44ed-975b-a44ab0096beb:c2650]
2019-08-30 05:17:44,787 | INFO  | DNAudit | user=null | ip=null | op=WRITE_CHUNK {blockData=conID: 3 locID: 102704235462263310 bcsId: 2652} | ret=SUCCESS |  
2019-08-30 05:17:44,788 | INFO  | DNAudit | user=null | ip=null | op=WRITE_CHUNK {blockData=conID: 3 locID: 102704235462263310 bcsId: 2652} | ret=SUCCESS |  
2019-08-30 05:17:44,788 | INFO  | DNAudit | user=null | ip=null | op=WRITE_CHUNK {blockData=conID: 3 locID: 102704235462263310 bcsId: 0} | ret=SUCCESS |  
2019-08-30 05:17:44,788 | INFO  | DNAudit | user=null | ip=null | op=WRITE_CHUNK {blockData=conID: 3 locID: 102704235462263310 bcsId: 0} | ret=SUCCESS |  
2019-08-30 05:17:44,789 | INFO  | DNAudit | user=null | ip=null | op=PUT_BLOCK {blockData=[blockId=conID: 3 locID: 102704235462263310 bcsId: 0,size=2097152]} | ret=SUCCESS |  
2019-08-30 05:17:44,789 | INFO  | DNAudit | user=null | ip=null | op=PUT_BLOCK {blockData=[blockId=conID: 3 locID: 102704235462263310 bcsId: 0,size=2097152]} | ret=SUCCESS |  
2019-08-30 05:17:44,789 | INFO  | DNAudit | user=null | ip=null | op=WRITE_CHUNK {blockData=conID: 3 locID: 102704235462263310 bcsId: 2652} | ret=SUCCESS |  
2019-08-30 05:17:44,790 | INFO  | DNAudit | user=null | ip=null | op=WRITE_CHUNK {blockData=conID: 3 locID: 102704235462263310 bcsId: 2652} | ret=SUCCESS |  
2019-08-30 05:17:44,790 | INFO  | DNAudit | user=null | ip=null | op=PUT_BLOCK {blockData=[blockId=conID: 3 locID: 102704235462263310 bcsId: 0,size=3145728]} | ret=SUCCESS |  
2019-08-30 05:17:44,791 [grpc-default-executor-5] INFO  client.GrpcClientProtocolClient (GrpcClientProtocolClient.java:onNext(255)) - client-574492D41EE7->134d4672-e322-4e4b-b7f3-5645abb0fe8c: receive RaftClientReply:client-574492D41EE7->134d4672-e322-4e4b-b7f3-5645abb0fe8c@group-3CB1DFFBCDC2, cid=1832, SUCCESS, logIndex=2657, commits[134d4672-e322-4e4b-b7f3-5645abb0fe8c:c2658, 73af84f3-3e88-4c8c-894c-3ad307bcac8d:c2654, 730a25a1-dbec-44ed-975b-a44ab0096beb:c2652]
2019-08-30 05:17:44,791 [grpc-default-executor-5] INFO  client.GrpcClientProtocolClient (GrpcClientProtocolClient.java:onNext(255)) - client-574492D41EE7->134d4672-e322-4e4b-b7f3-5645abb0fe8c: receive RaftClientReply:client-574492D41EE7->134d4672-e322-4e4b-b7f3-5645abb0fe8c@group-3CB1DFFBCDC2, cid=1833, SUCCESS, logIndex=2658, commits[134d4672-e322-4e4b-b7f3-5645abb0fe8c:c2658, 73af84f3-3e88-4c8c-894c-3ad307bcac8d:c2654, 730a25a1-dbec-44ed-975b-a44ab0096beb:c2654]
2019-08-30 05:17:44,792 | INFO  | DNAudit | user=null | ip=null | op=WRITE_CHUNK {blockData=conID: 3 locID: 102704235462263310 bcsId: 2652} | ret=SUCCESS |  
2019-08-30 05:17:44,792 | INFO  | DNAudit | user=null | ip=null | op=WRITE_CHUNK {blockData=conID: 3 locID: 102704235462263310 bcsId: 2652} | ret=SUCCESS |  
2019-08-30 05:17:44,792 | INFO  | DNAudit | user=null | ip=null | op=PUT_BLOCK {blockData=[blockId=conID: 3 locID: 102704235462263310 bcsId: 0,size=3145728]} | ret=SUCCESS |  
2019-08-30 05:17:44,792 | INFO  | DNAudit | user=null | ip=null | op=PUT_BLOCK {blockData=[blockId=conID: 3 locID: 102704235462263310 bcsId: 0,size=3145728]} | ret=SUCCESS |  
2019-08-30 05:17:44,799 | INFO  | DNAudit | user=null | ip=null | op=WRITE_CHUNK {blockData=conID: 3 locID: 102704235462263310 bcsId: 2658} | ret=SUCCESS |  
2019-08-30 05:17:44,955 | INFO  | DNAudit | user=null | ip=null | op=WRITE_CHUNK {blockData=conID: 3 locID: 102704235462263310 bcsId: 2658} | ret=SUCCESS |  
2019-08-30 05:17:44,955 | INFO  | DNAudit | user=null | ip=null | op=WRITE_CHUNK {blockData=conID: 3 locID: 102704235462263310 bcsId: 2658} | ret=SUCCESS |  
2019-08-30 05:17:44,967 | INFO  | DNAudit | user=null | ip=null | op=WRITE_CHUNK {blockData=conID: 3 locID: 102704235462263310 bcsId: 2658} | ret=SUCCESS |  
2019-08-30 05:17:44,967 | INFO  | DNAudit | user=null | ip=null | op=PUT_BLOCK {blockData=[blockId=conID: 3 locID: 102704235462263310 bcsId: 0,size=4194304]} | ret=SUCCESS |  
2019-08-30 05:17:44,968 [grpc-default-executor-6] INFO  client.GrpcClientProtocolClient (GrpcClientProtocolClient.java:onNext(255)) - client-574492D41EE7->134d4672-e322-4e4b-b7f3-5645abb0fe8c: receive RaftClientReply:client-574492D41EE7->134d4672-e322-4e4b-b7f3-5645abb0fe8c@group-3CB1DFFBCDC2, cid=1834, SUCCESS, logIndex=2661, commits[134d4672-e322-4e4b-b7f3-5645abb0fe8c:c2662, 73af84f3-3e88-4c8c-894c-3ad307bcac8d:c2659, 730a25a1-dbec-44ed-975b-a44ab0096beb:c2659]
2019-08-30 05:17:44,968 [grpc-default-executor-6] INFO  client.GrpcClientProtocolClient (GrpcClientProtocolClient.java:onNext(255)) - client-574492D41EE7->134d4672-e322-4e4b-b7f3-5645abb0fe8c: receive RaftClientReply:client-574492D41EE7->134d4672-e322-4e4b-b7f3-5645abb0fe8c@group-3CB1DFFBCDC2, cid=1835, SUCCESS, logIndex=2662, commits[134d4672-e322-4e4b-b7f3-5645abb0fe8c:c2662, 73af84f3-3e88-4c8c-894c-3ad307bcac8d:c2659, 730a25a1-dbec-44ed-975b-a44ab0096beb:c2659]
2019-08-30 05:17:44,979 | INFO  | DNAudit | user=null | ip=null | op=WRITE_CHUNK {blockData=conID: 3 locID: 102704235462263310 bcsId: 2658} | ret=SUCCESS |  
2019-08-30 05:17:44,979 | INFO  | DNAudit | user=null | ip=null | op=WRITE_CHUNK {blockData=conID: 3 locID: 102704235462263310 bcsId: 2658} | ret=SUCCESS |  
2019-08-30 05:17:44,982 | INFO  | DNAudit | user=null | ip=null | op=PUT_BLOCK {blockData=[blockId=conID: 3 locID: 102704235462263310 bcsId: 0,size=4194304]} | ret=SUCCESS |  
2019-08-30 05:17:44,982 | INFO  | DNAudit | user=null | ip=null | op=PUT_BLOCK {blockData=[blockId=conID: 3 locID: 102704235462263310 bcsId: 0,size=4194304]} | ret=SUCCESS |  
2019-08-30 05:17:44,983 [grpc-default-executor-6] INFO  client.GrpcClientProtocolClient (GrpcClientProtocolClient.java:onNext(255)) - client-574492D41EE7->134d4672-e322-4e4b-b7f3-5645abb0fe8c: receive RaftClientReply:client-574492D41EE7->134d4672-e322-4e4b-b7f3-5645abb0fe8c@group-3CB1DFFBCDC2, cid=1836, SUCCESS, logIndex=0, commits[134d4672-e322-4e4b-b7f3-5645abb0fe8c:c2664, 73af84f3-3e88-4c8c-894c-3ad307bcac8d:c2662, 730a25a1-dbec-44ed-975b-a44ab0096beb:c2662]
2019-08-30 05:17:44,987 | INFO  | SCMAudit | user=jenkins1000 | ip=192.168.36.106 | op=ALLOCATE_BLOCK {owner=85755eb5-052d-48fa-b271-2fe4d8754e12, size=4194304, type=RATIS, factor=THREE} | ret=SUCCESS |  
2019-08-30 05:17:44,990 | INFO  | OMAudit | user=jenkins1000 | ip=127.0.0.1 | op=ALLOCATE_BLOCK {volume=vol-0-00977, bucket=bucket-0-44205, key=key-0-32850, dataSize=0, replicationType=null, replicationFactor=null, keyLocationInfo=null, clientID=102704234570776978} | ret=SUCCESS |  
2019-08-30 05:17:44,999 | INFO  | DNAudit | user=null | ip=null | op=WRITE_CHUNK {blockData=conID: 1 locID: 102704235478188559 bcsId: 0} | ret=SUCCESS |  
2019-08-30 05:17:45,003 | INFO  | DNAudit | user=null | ip=null | op=WRITE_CHUNK {blockData=conID: 1 locID: 102704235478188559 bcsId: 0} | ret=SUCCESS |  
2019-08-30 05:17:45,003 | INFO  | DNAudit | user=null | ip=null | op=WRITE_CHUNK {blockData=conID: 1 locID: 102704235478188559 bcsId: 0} | ret=SUCCESS |  
2019-08-30 05:17:45,003 | INFO  | DNAudit | user=null | ip=null | op=WRITE_CHUNK {blockData=conID: 1 locID: 102704235478188559 bcsId: 0} | ret=SUCCESS |  
2019-08-30 05:17:45,004 | INFO  | DNAudit | user=null | ip=null | op=WRITE_CHUNK {blockData=conID: 1 locID: 102704235478188559 bcsId: 0} | ret=SUCCESS |  
2019-08-30 05:17:45,005 | INFO  | DNAudit | user=null | ip=null | op=WRITE_CHUNK {blockData=conID: 1 locID: 102704235478188559 bcsId: 0} | ret=SUCCESS |  
2019-08-30 05:17:45,016 | INFO  | DNAudit | user=null | ip=null | op=WRITE_CHUNK {blockData=conID: 1 locID: 102704235478188559 bcsId: 0} | ret=SUCCESS |  
2019-08-30 05:17:45,016 | INFO  | DNAudit | user=null | ip=null | op=PUT_BLOCK {blockData=[blockId=conID: 1 locID: 102704235478188559 bcsId: 0,size=1048576]} | ret=SUCCESS |  
2019-08-30 05:17:45,016 [grpc-default-executor-5] INFO  client.GrpcClientProtocolClient (GrpcClientProtocolClient.java:onNext(255)) - client-574492D41EE7->134d4672-e322-4e4b-b7f3-5645abb0fe8c: receive RaftClientReply:client-574492D41EE7->134d4672-e322-4e4b-b7f3-5645abb0fe8c@group-3CB1DFFBCDC2, cid=1837, SUCCESS, logIndex=2665, commits[134d4672-e322-4e4b-b7f3-5645abb0fe8c:c2668, 73af84f3-3e88-4c8c-894c-3ad307bcac8d:c2664, 730a25a1-dbec-44ed-975b-a44ab0096beb:c2664]
2019-08-30 05:17:45,017 | INFO  | DNAudit | user=null | ip=null | op=WRITE_CHUNK {blockData=conID: 1 locID: 102704235478188559 bcsId: 0} | ret=SUCCESS |  
2019-08-30 05:17:45,017 [grpc-default-executor-5] INFO  client.GrpcClientProtocolClient (GrpcClientProtocolClient.java:onNext(255)) - client-574492D41EE7->134d4672-e322-4e4b-b7f3-5645abb0fe8c: receive RaftClientReply:client-574492D41EE7->134d4672-e322-4e4b-b7f3-5645abb0fe8c@group-3CB1DFFBCDC2, cid=1838, SUCCESS, logIndex=2666, commits[134d4672-e322-4e4b-b7f3-5645abb0fe8c:c2668, 73af84f3-3e88-4c8c-894c-3ad307bcac8d:c2664, 730a25a1-dbec-44ed-975b-a44ab0096beb:c2664]
2019-08-30 05:17:45,017 | INFO  | DNAudit | user=null | ip=null | op=PUT_BLOCK {blockData=[blockId=conID: 1 locID: 102704235478188559 bcsId: 0,size=2097152]} | ret=SUCCESS |  
2019-08-30 05:17:45,017 [grpc-default-executor-5] INFO  client.GrpcClientProtocolClient (GrpcClientProtocolClient.java:onNext(255)) - client-574492D41EE7->134d4672-e322-4e4b-b7f3-5645abb0fe8c: receive RaftClientReply:client-574492D41EE7->134d4672-e322-4e4b-b7f3-5645abb0fe8c@group-3CB1DFFBCDC2, cid=1839, SUCCESS, logIndex=2667, commits[134d4672-e322-4e4b-b7f3-5645abb0fe8c:c2668, 73af84f3-3e88-4c8c-894c-3ad307bcac8d:c2664, 730a25a1-dbec-44ed-975b-a44ab0096beb:c2664]
2019-08-30 05:17:45,017 [grpc-default-executor-5] INFO  client.GrpcClientProtocolClient (GrpcClientProtocolClient.java:onNext(255)) - client-574492D41EE7->134d4672-e322-4e4b-b7f3-5645abb0fe8c: receive RaftClientReply:client-574492D41EE7->134d4672-e322-4e4b-b7f3-5645abb0fe8c@group-3CB1DFFBCDC2, cid=1840, SUCCESS, logIndex=2668, commits[134d4672-e322-4e4b-b7f3-5645abb0fe8c:c2668, 73af84f3-3e88-4c8c-894c-3ad307bcac8d:c2664, 730a25a1-dbec-44ed-975b-a44ab0096beb:c2664]
2019-08-30 05:17:45,027 | INFO  | DNAudit | user=null | ip=null | op=WRITE_CHUNK {blockData=conID: 1 locID: 102704235478188559 bcsId: 0} | ret=SUCCESS |  
2019-08-30 05:17:45,027 | INFO  | DNAudit | user=null | ip=null | op=WRITE_CHUNK {blockData=conID: 1 locID: 102704235478188559 bcsId: 0} | ret=SUCCESS |  
2019-08-30 05:17:45,030 | INFO  | DNAudit | user=null | ip=null | op=PUT_BLOCK {blockData=[blockId=conID: 1 locID: 102704235478188559 bcsId: 0,size=1048576]} | ret=SUCCESS |  
2019-08-30 05:17:45,030 | INFO  | DNAudit | user=null | ip=null | op=PUT_BLOCK {blockData=[blockId=conID: 1 locID: 102704235478188559 bcsId: 0,size=1048576]} | ret=SUCCESS |  
2019-08-30 05:17:45,030 | INFO  | DNAudit | user=null | ip=null | op=WRITE_CHUNK {blockData=conID: 1 locID: 102704235478188559 bcsId: 0} | ret=SUCCESS |  
2019-08-30 05:17:45,030 | INFO  | DNAudit | user=null | ip=null | op=WRITE_CHUNK {blockData=conID: 1 locID: 102704235478188559 bcsId: 0} | ret=SUCCESS |  
2019-08-30 05:17:45,031 | INFO  | DNAudit | user=null | ip=null | op=PUT_BLOCK {blockData=[blockId=conID: 1 locID: 102704235478188559 bcsId: 0,size=2097152]} | ret=SUCCESS |  
2019-08-30 05:17:45,031 | INFO  | DNAudit | user=null | ip=null | op=PUT_BLOCK {blockData=[blockId=conID: 1 locID: 102704235478188559 bcsId: 0,size=2097152]} | ret=SUCCESS |  
2019-08-30 05:17:45,031 [grpc-default-executor-1] INFO  client.GrpcClientProtocolClient (GrpcClientProtocolClient.java:onNext(255)) - client-574492D41EE7->134d4672-e322-4e4b-b7f3-5645abb0fe8c: receive RaftClientReply:client-574492D41EE7->134d4672-e322-4e4b-b7f3-5645abb0fe8c@group-3CB1DFFBCDC2, cid=1841, SUCCESS, logIndex=0, commits[134d4672-e322-4e4b-b7f3-5645abb0fe8c:c2670, 73af84f3-3e88-4c8c-894c-3ad307bcac8d:c2667, 730a25a1-dbec-44ed-975b-a44ab0096beb:c2667]
2019-08-30 05:17:45,039 | INFO  | DNAudit | user=null | ip=null | op=WRITE_CHUNK {blockData=conID: 1 locID: 102704235478188559 bcsId: 2668} | ret=SUCCESS |  
2019-08-30 05:17:45,042 | INFO  | DNAudit | user=null | ip=null | op=WRITE_CHUNK {blockData=conID: 1 locID: 102704235478188559 bcsId: 2668} | ret=SUCCESS |  
2019-08-30 05:17:45,042 | INFO  | DNAudit | user=null | ip=null | op=WRITE_CHUNK {blockData=conID: 1 locID: 102704235478188559 bcsId: 2668} | ret=SUCCESS |  
2019-08-30 05:17:45,052 | INFO  | DNAudit | user=null | ip=null | op=WRITE_CHUNK {blockData=conID: 1 locID: 102704235478188559 bcsId: 2668} | ret=SUCCESS |  
2019-08-30 05:17:45,053 | INFO  | DNAudit | user=null | ip=null | op=PUT_BLOCK {blockData=[blockId=conID: 1 locID: 102704235478188559 bcsId: 0,size=3145728]} | ret=SUCCESS |  
2019-08-30 05:17:45,053 [grpc-default-executor-1] INFO  client.GrpcClientProtocolClient (GrpcClientProtocolClient.java:onNext(255)) - client-574492D41EE7->134d4672-e322-4e4b-b7f3-5645abb0fe8c: receive RaftClientReply:client-574492D41EE7->134d4672-e322-4e4b-b7f3-5645abb0fe8c@group-3CB1DFFBCDC2, cid=1842, SUCCESS, logIndex=2673, commits[134d4672-e322-4e4b-b7f3-5645abb0fe8c:c2674, 73af84f3-3e88-4c8c-894c-3ad307bcac8d:c2672, 730a25a1-dbec-44ed-975b-a44ab0096beb:c2672]
2019-08-30 05:17:45,053 [grpc-default-executor-1] INFO  client.GrpcClientProtocolClient (GrpcClientProtocolClient.java:onNext(255)) - client-574492D41EE7->134d4672-e322-4e4b-b7f3-5645abb0fe8c: receive RaftClientReply:client-574492D41EE7->134d4672-e322-4e4b-b7f3-5645abb0fe8c@group-3CB1DFFBCDC2, cid=1843, SUCCESS, logIndex=2674, commits[134d4672-e322-4e4b-b7f3-5645abb0fe8c:c2674, 73af84f3-3e88-4c8c-894c-3ad307bcac8d:c2672, 730a25a1-dbec-44ed-975b-a44ab0096beb:c2672]
2019-08-30 05:17:45,060 | INFO  | DNAudit | user=null | ip=null | op=WRITE_CHUNK {blockData=conID: 1 locID: 102704235478188559 bcsId: 2674} | ret=SUCCESS |  
2019-08-30 05:17:45,062 | INFO  | DNAudit | user=null | ip=null | op=WRITE_CHUNK {blockData=conID: 1 locID: 102704235478188559 bcsId: 2674} | ret=SUCCESS |  
2019-08-30 05:17:45,063 | INFO  | DNAudit | user=null | ip=null | op=WRITE_CHUNK {blockData=conID: 1 locID: 102704235478188559 bcsId: 2674} | ret=SUCCESS |  
2019-08-30 05:17:45,065 | INFO  | DNAudit | user=null | ip=null | op=WRITE_CHUNK {blockData=conID: 1 locID: 102704235478188559 bcsId: 2668} | ret=SUCCESS |  
2019-08-30 05:17:45,065 | INFO  | DNAudit | user=null | ip=null | op=WRITE_CHUNK {blockData=conID: 1 locID: 102704235478188559 bcsId: 2668} | ret=SUCCESS |  
2019-08-30 05:17:45,065 | INFO  | DNAudit | user=null | ip=null | op=PUT_BLOCK {blockData=[blockId=conID: 1 locID: 102704235478188559 bcsId: 0,size=3145728]} | ret=SUCCESS |  
2019-08-30 05:17:45,066 | INFO  | DNAudit | user=null | ip=null | op=PUT_BLOCK {blockData=[blockId=conID: 1 locID: 102704235478188559 bcsId: 0,size=3145728]} | ret=SUCCESS |  
2019-08-30 05:17:45,077 | INFO  | DNAudit | user=null | ip=null | op=WRITE_CHUNK {blockData=conID: 1 locID: 102704235478188559 bcsId: 2674} | ret=SUCCESS |  
2019-08-30 05:17:45,078 | INFO  | DNAudit | user=null | ip=null | op=PUT_BLOCK {blockData=[blockId=conID: 1 locID: 102704235478188559 bcsId: 0,size=4194304]} | ret=SUCCESS |  
2019-08-30 05:17:45,078 [grpc-default-executor-6] INFO  client.GrpcClientProtocolClient (GrpcClientProtocolClient.java:onNext(255)) - client-574492D41EE7->134d4672-e322-4e4b-b7f3-5645abb0fe8c: receive RaftClientReply:client-574492D41EE7->134d4672-e322-4e4b-b7f3-5645abb0fe8c@group-3CB1DFFBCDC2, cid=1844, SUCCESS, logIndex=2676, commits[134d4672-e322-4e4b-b7f3-5645abb0fe8c:c2677, 73af84f3-3e88-4c8c-894c-3ad307bcac8d:c2674, 730a25a1-dbec-44ed-975b-a44ab0096beb:c2674]
2019-08-30 05:17:45,078 [grpc-default-executor-6] INFO  client.GrpcClientProtocolClient (GrpcClientProtocolClient.java:onNext(255)) - client-574492D41EE7->134d4672-e322-4e4b-b7f3-5645abb0fe8c: receive RaftClientReply:client-574492D41EE7->134d4672-e322-4e4b-b7f3-5645abb0fe8c@group-3CB1DFFBCDC2, cid=1845, SUCCESS, logIndex=2677, commits[134d4672-e322-4e4b-b7f3-5645abb0fe8c:c2677, 73af84f3-3e88-4c8c-894c-3ad307bcac8d:c2674, 730a25a1-dbec-44ed-975b-a44ab0096beb:c2674]
2019-08-30 05:17:45,089 | INFO  | DNAudit | user=null | ip=null | op=WRITE_CHUNK {blockData=conID: 1 locID: 102704235478188559 bcsId: 2674} | ret=SUCCESS |  
2019-08-30 05:17:45,089 | INFO  | DNAudit | user=null | ip=null | op=WRITE_CHUNK {blockData=conID: 1 locID: 102704235478188559 bcsId: 2674} | ret=SUCCESS |  
2019-08-30 05:17:45,089 | INFO  | DNAudit | user=null | ip=null | op=PUT_BLOCK {blockData=[blockId=conID: 1 locID: 102704235478188559 bcsId: 0,size=4194304]} | ret=SUCCESS |  
2019-08-30 05:17:45,089 | INFO  | DNAudit | user=null | ip=null | op=PUT_BLOCK {blockData=[blockId=conID: 1 locID: 102704235478188559 bcsId: 0,size=4194304]} | ret=SUCCESS |  
2019-08-30 05:17:45,089 [grpc-default-executor-6] INFO  client.GrpcClientProtocolClient (GrpcClientProtocolClient.java:onNext(255)) - client-574492D41EE7->134d4672-e322-4e4b-b7f3-5645abb0fe8c: receive RaftClientReply:client-574492D41EE7->134d4672-e322-4e4b-b7f3-5645abb0fe8c@group-3CB1DFFBCDC2, cid=1846, SUCCESS, logIndex=0, commits[134d4672-e322-4e4b-b7f3-5645abb0fe8c:c2678, 73af84f3-3e88-4c8c-894c-3ad307bcac8d:c2677, 730a25a1-dbec-44ed-975b-a44ab0096beb:c2677]
2019-08-30 05:17:45,094 | INFO  | SCMAudit | user=jenkins1000 | ip=192.168.36.106 | op=ALLOCATE_BLOCK {owner=85755eb5-052d-48fa-b271-2fe4d8754e12, size=4194304, type=RATIS, factor=THREE} | ret=SUCCESS |  
2019-08-30 05:17:45,096 | INFO  | OMAudit | user=jenkins1000 | ip=127.0.0.1 | op=ALLOCATE_BLOCK {volume=vol-0-00977, bucket=bucket-0-44205, key=key-0-32850, dataSize=0, replicationType=null, replicationFactor=null, keyLocationInfo=null, clientID=102704234570776978} | ret=SUCCESS |  
2019-08-30 05:17:45,103 | INFO  | DNAudit | user=null | ip=null | op=WRITE_CHUNK {blockData=conID: 2 locID: 102704235485135376 bcsId: 0} | ret=SUCCESS |  
2019-08-30 05:17:45,106 | INFO  | DNAudit | user=null | ip=null | op=WRITE_CHUNK {blockData=conID: 2 locID: 102704235485135376 bcsId: 0} | ret=SUCCESS |  
2019-08-30 05:17:45,106 | INFO  | DNAudit | user=null | ip=null | op=WRITE_CHUNK {blockData=conID: 2 locID: 102704235485135376 bcsId: 0} | ret=SUCCESS |  
2019-08-30 05:17:45,106 | INFO  | DNAudit | user=null | ip=null | op=WRITE_CHUNK {blockData=conID: 2 locID: 102704235485135376 bcsId: 0} | ret=SUCCESS |  
2019-08-30 05:17:45,107 | INFO  | DNAudit | user=null | ip=null | op=WRITE_CHUNK {blockData=conID: 2 locID: 102704235485135376 bcsId: 0} | ret=SUCCESS |  
2019-08-30 05:17:45,107 | INFO  | DNAudit | user=null | ip=null | op=WRITE_CHUNK {blockData=conID: 2 locID: 102704235485135376 bcsId: 0} | ret=SUCCESS |  
2019-08-30 05:17:45,115 | INFO  | DNAudit | user=null | ip=null | op=WRITE_CHUNK {blockData=conID: 2 locID: 102704235485135376 bcsId: 0} | ret=SUCCESS |  
2019-08-30 05:17:45,116 | INFO  | DNAudit | user=null | ip=null | op=PUT_BLOCK {blockData=[blockId=conID: 2 locID: 102704235485135376 bcsId: 0,size=1048576]} | ret=SUCCESS |  
2019-08-30 05:17:45,116 | INFO  | DNAudit | user=null | ip=null | op=WRITE_CHUNK {blockData=conID: 2 locID: 102704235485135376 bcsId: 0} | ret=SUCCESS |  
2019-08-30 05:17:45,116 [grpc-default-executor-1] INFO  client.GrpcClientProtocolClient (GrpcClientProtocolClient.java:onNext(255)) - client-574492D41EE7->134d4672-e322-4e4b-b7f3-5645abb0fe8c: receive RaftClientReply:client-574492D41EE7->134d4672-e322-4e4b-b7f3-5645abb0fe8c@group-3CB1DFFBCDC2, cid=1847, SUCCESS, logIndex=2680, commits[134d4672-e322-4e4b-b7f3-5645abb0fe8c:c2682, 73af84f3-3e88-4c8c-894c-3ad307bcac8d:c2679, 730a25a1-dbec-44ed-975b-a44ab0096beb:c2679]
2019-08-30 05:17:45,116 | INFO  | DNAudit | user=null | ip=null | op=PUT_BLOCK {blockData=[blockId=conID: 2 locID: 102704235485135376 bcsId: 0,size=2097152]} | ret=SUCCESS |  
2019-08-30 05:17:45,116 [grpc-default-executor-1] INFO  client.GrpcClientProtocolClient (GrpcClientProtocolClient.java:onNext(255)) - client-574492D41EE7->134d4672-e322-4e4b-b7f3-5645abb0fe8c: receive RaftClientReply:client-574492D41EE7->134d4672-e322-4e4b-b7f3-5645abb0fe8c@group-3CB1DFFBCDC2, cid=1848, SUCCESS, logIndex=2681, commits[134d4672-e322-4e4b-b7f3-5645abb0fe8c:c2683, 73af84f3-3e88-4c8c-894c-3ad307bcac8d:c2679, 730a25a1-dbec-44ed-975b-a44ab0096beb:c2679]
2019-08-30 05:17:45,117 [grpc-default-executor-1] INFO  client.GrpcClientProtocolClient (GrpcClientProtocolClient.java:onNext(255)) - client-574492D41EE7->134d4672-e322-4e4b-b7f3-5645abb0fe8c: receive RaftClientReply:client-574492D41EE7->134d4672-e322-4e4b-b7f3-5645abb0fe8c@group-3CB1DFFBCDC2, cid=1849, SUCCESS, logIndex=2682, commits[134d4672-e322-4e4b-b7f3-5645abb0fe8c:c2683, 73af84f3-3e88-4c8c-894c-3ad307bcac8d:c2679, 730a25a1-dbec-44ed-975b-a44ab0096beb:c2679]
2019-08-30 05:17:45,117 [grpc-default-executor-1] INFO  client.GrpcClientProtocolClient (GrpcClientProtocolClient.java:onNext(255)) - client-574492D41EE7->134d4672-e322-4e4b-b7f3-5645abb0fe8c: receive RaftClientReply:client-574492D41EE7->134d4672-e322-4e4b-b7f3-5645abb0fe8c@group-3CB1DFFBCDC2, cid=1850, SUCCESS, logIndex=2683, commits[134d4672-e322-4e4b-b7f3-5645abb0fe8c:c2683, 73af84f3-3e88-4c8c-894c-3ad307bcac8d:c2679, 730a25a1-dbec-44ed-975b-a44ab0096beb:c2679]
2019-08-30 05:17:45,118 | INFO  | DNAudit | user=null | ip=null | op=WRITE_CHUNK {blockData=conID: 2 locID: 102704235485135376 bcsId: 0} | ret=SUCCESS |  
2019-08-30 05:17:45,118 | INFO  | DNAudit | user=null | ip=null | op=WRITE_CHUNK {blockData=conID: 2 locID: 102704235485135376 bcsId: 0} | ret=SUCCESS |  
2019-08-30 05:17:45,129 | INFO  | SCMAudit | user=jenkins1000 | ip=192.168.36.106 | op=SEND_HEARTBEAT {datanodeUUID=730a25a1-dbec-44ed-975b-a44ab0096beb, command=[]} | ret=SUCCESS |  
2019-08-30 05:17:45,129 | INFO  | SCMAudit | user=jenkins1000 | ip=192.168.36.106 | op=SEND_HEARTBEAT {datanodeUUID=73af84f3-3e88-4c8c-894c-3ad307bcac8d, command=[]} | ret=SUCCESS |  
2019-08-30 05:17:45,130 | INFO  | DNAudit | user=null | ip=null | op=PUT_BLOCK {blockData=[blockId=conID: 2 locID: 102704235485135376 bcsId: 0,size=1048576]} | ret=SUCCESS |  
2019-08-30 05:17:45,130 | INFO  | DNAudit | user=null | ip=null | op=PUT_BLOCK {blockData=[blockId=conID: 2 locID: 102704235485135376 bcsId: 0,size=1048576]} | ret=SUCCESS |  
2019-08-30 05:17:45,130 | INFO  | DNAudit | user=null | ip=null | op=WRITE_CHUNK {blockData=conID: 2 locID: 102704235485135376 bcsId: 0} | ret=SUCCESS |  
2019-08-30 05:17:45,130 | INFO  | DNAudit | user=null | ip=null | op=WRITE_CHUNK {blockData=conID: 2 locID: 102704235485135376 bcsId: 0} | ret=SUCCESS |  
2019-08-30 05:17:45,130 | INFO  | DNAudit | user=null | ip=null | op=PUT_BLOCK {blockData=[blockId=conID: 2 locID: 102704235485135376 bcsId: 0,size=2097152]} | ret=SUCCESS |  
2019-08-30 05:17:45,130 | INFO  | DNAudit | user=null | ip=null | op=PUT_BLOCK {blockData=[blockId=conID: 2 locID: 102704235485135376 bcsId: 0,size=2097152]} | ret=SUCCESS |  
2019-08-30 05:17:45,131 [grpc-default-executor-1] INFO  client.GrpcClientProtocolClient (GrpcClientProtocolClient.java:onNext(255)) - client-574492D41EE7->134d4672-e322-4e4b-b7f3-5645abb0fe8c: receive RaftClientReply:client-574492D41EE7->134d4672-e322-4e4b-b7f3-5645abb0fe8c@group-3CB1DFFBCDC2, cid=1851, SUCCESS, logIndex=0, commits[134d4672-e322-4e4b-b7f3-5645abb0fe8c:c2685, 73af84f3-3e88-4c8c-894c-3ad307bcac8d:c2681, 730a25a1-dbec-44ed-975b-a44ab0096beb:c2682]
2019-08-30 05:17:45,137 | INFO  | DNAudit | user=null | ip=null | op=WRITE_CHUNK {blockData=conID: 2 locID: 102704235485135376 bcsId: 2683} | ret=SUCCESS |  
2019-08-30 05:17:45,139 | INFO  | DNAudit | user=null | ip=null | op=WRITE_CHUNK {blockData=conID: 2 locID: 102704235485135376 bcsId: 2683} | ret=SUCCESS |  
2019-08-30 05:17:45,140 | INFO  | DNAudit | user=null | ip=null | op=WRITE_CHUNK {blockData=conID: 2 locID: 102704235485135376 bcsId: 2683} | ret=SUCCESS |  
2019-08-30 05:17:45,150 | INFO  | DNAudit | user=null | ip=null | op=WRITE_CHUNK {blockData=conID: 2 locID: 102704235485135376 bcsId: 2683} | ret=SUCCESS |  
2019-08-30 05:17:45,150 | INFO  | DNAudit | user=null | ip=null | op=PUT_BLOCK {blockData=[blockId=conID: 2 locID: 102704235485135376 bcsId: 0,size=3145728]} | ret=SUCCESS |  
2019-08-30 05:17:45,150 [grpc-default-executor-1] INFO  client.GrpcClientProtocolClient (GrpcClientProtocolClient.java:onNext(255)) - client-574492D41EE7->134d4672-e322-4e4b-b7f3-5645abb0fe8c: receive RaftClientReply:client-574492D41EE7->134d4672-e322-4e4b-b7f3-5645abb0fe8c@group-3CB1DFFBCDC2, cid=1852, SUCCESS, logIndex=2688, commits[134d4672-e322-4e4b-b7f3-5645abb0fe8c:c2689, 73af84f3-3e88-4c8c-894c-3ad307bcac8d:c2687, 730a25a1-dbec-44ed-975b-a44ab0096beb:c2687]
2019-08-30 05:17:45,151 [grpc-default-executor-1] INFO  client.GrpcClientProtocolClient (GrpcClientProtocolClient.java:onNext(255)) - client-574492D41EE7->134d4672-e322-4e4b-b7f3-5645abb0fe8c: receive RaftClientReply:client-574492D41EE7->134d4672-e322-4e4b-b7f3-5645abb0fe8c@group-3CB1DFFBCDC2, cid=1853, SUCCESS, logIndex=2689, commits[134d4672-e322-4e4b-b7f3-5645abb0fe8c:c2689, 73af84f3-3e88-4c8c-894c-3ad307bcac8d:c2687, 730a25a1-dbec-44ed-975b-a44ab0096beb:c2687]
2019-08-30 05:17:45,158 | INFO  | DNAudit | user=null | ip=null | op=WRITE_CHUNK {blockData=conID: 2 locID: 102704235485135376 bcsId: 2689} | ret=SUCCESS |  
2019-08-30 05:17:45,159 | INFO  | DNAudit | user=null | ip=null | op=WRITE_CHUNK {blockData=conID: 2 locID: 102704235485135376 bcsId: 2689} | ret=SUCCESS |  
2019-08-30 05:17:45,159 | INFO  | DNAudit | user=null | ip=null | op=WRITE_CHUNK {blockData=conID: 2 locID: 102704235485135376 bcsId: 2689} | ret=SUCCESS |  
2019-08-30 05:17:45,161 | INFO  | DNAudit | user=null | ip=null | op=WRITE_CHUNK {blockData=conID: 2 locID: 102704235485135376 bcsId: 2683} | ret=SUCCESS |  
2019-08-30 05:17:45,161 | INFO  | DNAudit | user=null | ip=null | op=WRITE_CHUNK {blockData=conID: 2 locID: 102704235485135376 bcsId: 2683} | ret=SUCCESS |  
2019-08-30 05:17:45,162 | INFO  | DNAudit | user=null | ip=null | op=PUT_BLOCK {blockData=[blockId=conID: 2 locID: 102704235485135376 bcsId: 0,size=3145728]} | ret=SUCCESS |  
2019-08-30 05:17:45,162 | INFO  | DNAudit | user=null | ip=null | op=PUT_BLOCK {blockData=[blockId=conID: 2 locID: 102704235485135376 bcsId: 0,size=3145728]} | ret=SUCCESS |  
2019-08-30 05:17:45,163 | INFO  | DNAudit | user=null | ip=null | op=WRITE_CHUNK {blockData=conID: 2 locID: 102704235485135376 bcsId: 2689} | ret=SUCCESS |  
2019-08-30 05:17:45,163 | INFO  | DNAudit | user=null | ip=null | op=PUT_BLOCK {blockData=[blockId=conID: 2 locID: 102704235485135376 bcsId: 0,size=4194304]} | ret=SUCCESS |  
2019-08-30 05:17:45,163 [grpc-default-executor-3] INFO  client.GrpcClientProtocolClient (GrpcClientProtocolClient.java:onNext(255)) - client-574492D41EE7->134d4672-e322-4e4b-b7f3-5645abb0fe8c: receive RaftClientReply:client-574492D41EE7->134d4672-e322-4e4b-b7f3-5645abb0fe8c@group-3CB1DFFBCDC2, cid=1854, SUCCESS, logIndex=2692, commits[134d4672-e322-4e4b-b7f3-5645abb0fe8c:c2693, 73af84f3-3e88-4c8c-894c-3ad307bcac8d:c2689, 730a25a1-dbec-44ed-975b-a44ab0096beb:c2689]
2019-08-30 05:17:45,164 [grpc-default-executor-3] INFO  client.GrpcClientProtocolClient (GrpcClientProtocolClient.java:onNext(255)) - client-574492D41EE7->134d4672-e322-4e4b-b7f3-5645abb0fe8c: receive RaftClientReply:client-574492D41EE7->134d4672-e322-4e4b-b7f3-5645abb0fe8c@group-3CB1DFFBCDC2, cid=1855, SUCCESS, logIndex=2693, commits[134d4672-e322-4e4b-b7f3-5645abb0fe8c:c2693, 73af84f3-3e88-4c8c-894c-3ad307bcac8d:c2689, 730a25a1-dbec-44ed-975b-a44ab0096beb:c2689]
2019-08-30 05:17:45,175 | INFO  | DNAudit | user=null | ip=null | op=WRITE_CHUNK {blockData=conID: 2 locID: 102704235485135376 bcsId: 2689} | ret=SUCCESS |  
2019-08-30 05:17:45,175 | INFO  | DNAudit | user=null | ip=null | op=WRITE_CHUNK {blockData=conID: 2 locID: 102704235485135376 bcsId: 2689} | ret=SUCCESS |  
2019-08-30 05:17:45,177 | INFO  | DNAudit | user=null | ip=null | op=PUT_BLOCK {blockData=[blockId=conID: 2 locID: 102704235485135376 bcsId: 0,size=4194304]} | ret=SUCCESS |  
2019-08-30 05:17:45,177 | INFO  | DNAudit | user=null | ip=null | op=PUT_BLOCK {blockData=[blockId=conID: 2 locID: 102704235485135376 bcsId: 0,size=4194304]} | ret=SUCCESS |  
2019-08-30 05:17:45,178 [grpc-default-executor-3] INFO  client.GrpcClientProtocolClient (GrpcClientProtocolClient.java:onNext(255)) - client-574492D41EE7->134d4672-e322-4e4b-b7f3-5645abb0fe8c: receive RaftClientReply:client-574492D41EE7->134d4672-e322-4e4b-b7f3-5645abb0fe8c@group-3CB1DFFBCDC2, cid=1856, SUCCESS, logIndex=0, commits[134d4672-e322-4e4b-b7f3-5645abb0fe8c:c2695, 73af84f3-3e88-4c8c-894c-3ad307bcac8d:c2693, 730a25a1-dbec-44ed-975b-a44ab0096beb:c2693]
2019-08-30 05:17:45,183 | INFO  | SCMAudit | user=jenkins1000 | ip=192.168.36.106 | op=ALLOCATE_BLOCK {owner=85755eb5-052d-48fa-b271-2fe4d8754e12, size=4194304, type=RATIS, factor=THREE} | ret=SUCCESS |  
2019-08-30 05:17:45,187 | INFO  | OMAudit | user=jenkins1000 | ip=127.0.0.1 | op=ALLOCATE_BLOCK {volume=vol-0-00977, bucket=bucket-0-44205, key=key-0-32850, dataSize=0, replicationType=null, replicationFactor=null, keyLocationInfo=null, clientID=102704234570776978} | ret=SUCCESS |  
2019-08-30 05:17:45,194 | INFO  | DNAudit | user=null | ip=null | op=WRITE_CHUNK {blockData=conID: 3 locID: 102704235491033617 bcsId: 0} | ret=SUCCESS |  
2019-08-30 05:17:45,197 | INFO  | DNAudit | user=null | ip=null | op=WRITE_CHUNK {blockData=conID: 3 locID: 102704235491033617 bcsId: 0} | ret=SUCCESS |  
2019-08-30 05:17:45,197 | INFO  | DNAudit | user=null | ip=null | op=WRITE_CHUNK {blockData=conID: 3 locID: 102704235491033617 bcsId: 0} | ret=SUCCESS |  
2019-08-30 05:17:45,197 | INFO  | DNAudit | user=null | ip=null | op=WRITE_CHUNK {blockData=conID: 3 locID: 102704235491033617 bcsId: 0} | ret=SUCCESS |  
2019-08-30 05:17:45,199 | INFO  | DNAudit | user=null | ip=null | op=WRITE_CHUNK {blockData=conID: 3 locID: 102704235491033617 bcsId: 0} | ret=SUCCESS |  
2019-08-30 05:17:45,199 | INFO  | DNAudit | user=null | ip=null | op=WRITE_CHUNK {blockData=conID: 3 locID: 102704235491033617 bcsId: 0} | ret=SUCCESS |  
2019-08-30 05:17:45,213 | INFO  | DNAudit | user=null | ip=null | op=WRITE_CHUNK {blockData=conID: 3 locID: 102704235491033617 bcsId: 0} | ret=SUCCESS |  
2019-08-30 05:17:45,213 | INFO  | DNAudit | user=null | ip=null | op=PUT_BLOCK {blockData=[blockId=conID: 3 locID: 102704235491033617 bcsId: 0,size=1048576]} | ret=SUCCESS |  
2019-08-30 05:17:45,213 [grpc-default-executor-3] INFO  client.GrpcClientProtocolClient (GrpcClientProtocolClient.java:onNext(255)) - client-574492D41EE7->134d4672-e322-4e4b-b7f3-5645abb0fe8c: receive RaftClientReply:client-574492D41EE7->134d4672-e322-4e4b-b7f3-5645abb0fe8c@group-3CB1DFFBCDC2, cid=1857, SUCCESS, logIndex=2696, commits[134d4672-e322-4e4b-b7f3-5645abb0fe8c:c2699, 73af84f3-3e88-4c8c-894c-3ad307bcac8d:c2695, 730a25a1-dbec-44ed-975b-a44ab0096beb:c2695]
2019-08-30 05:17:45,214 | INFO  | DNAudit | user=null | ip=null | op=WRITE_CHUNK {blockData=conID: 3 locID: 102704235491033617 bcsId: 0} | ret=SUCCESS |  
2019-08-30 05:17:45,214 | INFO  | DNAudit | user=null | ip=null | op=PUT_BLOCK {blockData=[blockId=conID: 3 locID: 102704235491033617 bcsId: 0,size=2097152]} | ret=SUCCESS |  
2019-08-30 05:17:45,214 [grpc-default-executor-3] INFO  client.GrpcClientProtocolClient (GrpcClientProtocolClient.java:onNext(255)) - client-574492D41EE7->134d4672-e322-4e4b-b7f3-5645abb0fe8c: receive RaftClientReply:client-574492D41EE7->134d4672-e322-4e4b-b7f3-5645abb0fe8c@group-3CB1DFFBCDC2, cid=1858, SUCCESS, logIndex=2697, commits[134d4672-e322-4e4b-b7f3-5645abb0fe8c:c2699, 73af84f3-3e88-4c8c-894c-3ad307bcac8d:c2695, 730a25a1-dbec-44ed-975b-a44ab0096beb:c2695]
2019-08-30 05:17:45,214 [grpc-default-executor-3] INFO  client.GrpcClientProtocolClient (GrpcClientProtocolClient.java:onNext(255)) - client-574492D41EE7->134d4672-e322-4e4b-b7f3-5645abb0fe8c: receive RaftClientReply:client-574492D41EE7->134d4672-e322-4e4b-b7f3-5645abb0fe8c@group-3CB1DFFBCDC2, cid=1859, SUCCESS, logIndex=2698, commits[134d4672-e322-4e4b-b7f3-5645abb0fe8c:c2699, 73af84f3-3e88-4c8c-894c-3ad307bcac8d:c2695, 730a25a1-dbec-44ed-975b-a44ab0096beb:c2695]
2019-08-30 05:17:45,215 [grpc-default-executor-3] INFO  client.GrpcClientProtocolClient (GrpcClientProtocolClient.java:onNext(255)) - client-574492D41EE7->134d4672-e322-4e4b-b7f3-5645abb0fe8c: receive RaftClientReply:client-574492D41EE7->134d4672-e322-4e4b-b7f3-5645abb0fe8c@group-3CB1DFFBCDC2, cid=1860, SUCCESS, logIndex=2699, commits[134d4672-e322-4e4b-b7f3-5645abb0fe8c:c2699, 73af84f3-3e88-4c8c-894c-3ad307bcac8d:c2695, 730a25a1-dbec-44ed-975b-a44ab0096beb:c2695]
2019-08-30 05:17:45,224 | INFO  | DNAudit | user=null | ip=null | op=WRITE_CHUNK {blockData=conID: 3 locID: 102704235491033617 bcsId: 0} | ret=SUCCESS |  
2019-08-30 05:17:45,224 | INFO  | DNAudit | user=null | ip=null | op=WRITE_CHUNK {blockData=conID: 3 locID: 102704235491033617 bcsId: 0} | ret=SUCCESS |  
2019-08-30 05:17:45,224 | INFO  | DNAudit | user=null | ip=null | op=PUT_BLOCK {blockData=[blockId=conID: 3 locID: 102704235491033617 bcsId: 0,size=1048576]} | ret=SUCCESS |  
2019-08-30 05:17:45,225 | INFO  | DNAudit | user=null | ip=null | op=WRITE_CHUNK {blockData=conID: 3 locID: 102704235491033617 bcsId: 0} | ret=SUCCESS |  
2019-08-30 05:17:45,225 | INFO  | DNAudit | user=null | ip=null | op=PUT_BLOCK {blockData=[blockId=conID: 3 locID: 102704235491033617 bcsId: 0,size=1048576]} | ret=SUCCESS |  
2019-08-30 05:17:45,226 | INFO  | DNAudit | user=null | ip=null | op=WRITE_CHUNK {blockData=conID: 3 locID: 102704235491033617 bcsId: 0} | ret=SUCCESS |  
2019-08-30 05:17:45,226 | INFO  | DNAudit | user=null | ip=null | op=PUT_BLOCK {blockData=[blockId=conID: 3 locID: 102704235491033617 bcsId: 0,size=2097152]} | ret=SUCCESS |  
2019-08-30 05:17:45,226 | INFO  | DNAudit | user=null | ip=null | op=PUT_BLOCK {blockData=[blockId=conID: 3 locID: 102704235491033617 bcsId: 0,size=2097152]} | ret=SUCCESS |  
2019-08-30 05:17:45,226 [grpc-default-executor-1] INFO  client.GrpcClientProtocolClient (GrpcClientProtocolClient.java:onNext(255)) - client-574492D41EE7->134d4672-e322-4e4b-b7f3-5645abb0fe8c: receive RaftClientReply:client-574492D41EE7->134d4672-e322-4e4b-b7f3-5645abb0fe8c@group-3CB1DFFBCDC2, cid=1861, SUCCESS, logIndex=0, commits[134d4672-e322-4e4b-b7f3-5645abb0fe8c:c2702, 73af84f3-3e88-4c8c-894c-3ad307bcac8d:c2698, 730a25a1-dbec-44ed-975b-a44ab0096beb:c2697]
2019-08-30 05:17:45,234 | INFO  | DNAudit | user=null | ip=null | op=WRITE_CHUNK {blockData=conID: 3 locID: 102704235491033617 bcsId: 2699} | ret=SUCCESS |  
2019-08-30 05:17:45,236 | INFO  | DNAudit | user=null | ip=null | op=WRITE_CHUNK {blockData=conID: 3 locID: 102704235491033617 bcsId: 2699} | ret=SUCCESS |  
2019-08-30 05:17:45,237 | INFO  | DNAudit | user=null | ip=null | op=WRITE_CHUNK {blockData=conID: 3 locID: 102704235491033617 bcsId: 2699} | ret=SUCCESS |  
2019-08-30 05:17:45,245 | INFO  | DNAudit | user=null | ip=null | op=WRITE_CHUNK {blockData=conID: 3 locID: 102704235491033617 bcsId: 2699} | ret=SUCCESS |  
2019-08-30 05:17:45,245 | INFO  | DNAudit | user=null | ip=null | op=PUT_BLOCK {blockData=[blockId=conID: 3 locID: 102704235491033617 bcsId: 0,size=3145728]} | ret=SUCCESS |  
2019-08-30 05:17:45,245 [grpc-default-executor-5] INFO  client.GrpcClientProtocolClient (GrpcClientProtocolClient.java:onNext(255)) - client-574492D41EE7->134d4672-e322-4e4b-b7f3-5645abb0fe8c: receive RaftClientReply:client-574492D41EE7->134d4672-e322-4e4b-b7f3-5645abb0fe8c@group-3CB1DFFBCDC2, cid=1862, SUCCESS, logIndex=2704, commits[134d4672-e322-4e4b-b7f3-5645abb0fe8c:c2705, 73af84f3-3e88-4c8c-894c-3ad307bcac8d:c2703, 730a25a1-dbec-44ed-975b-a44ab0096beb:c2703]
2019-08-30 05:17:45,246 [grpc-default-executor-5] INFO  client.GrpcClientProtocolClient (GrpcClientProtocolClient.java:onNext(255)) - client-574492D41EE7->134d4672-e322-4e4b-b7f3-5645abb0fe8c: receive RaftClientReply:client-574492D41EE7->134d4672-e322-4e4b-b7f3-5645abb0fe8c@group-3CB1DFFBCDC2, cid=1863, SUCCESS, logIndex=2705, commits[134d4672-e322-4e4b-b7f3-5645abb0fe8c:c2705, 73af84f3-3e88-4c8c-894c-3ad307bcac8d:c2703, 730a25a1-dbec-44ed-975b-a44ab0096beb:c2703]
2019-08-30 05:17:45,253 | INFO  | DNAudit | user=null | ip=null | op=WRITE_CHUNK {blockData=conID: 3 locID: 102704235491033617 bcsId: 2705} | ret=SUCCESS |  
2019-08-30 05:17:45,255 | INFO  | DNAudit | user=null | ip=null | op=WRITE_CHUNK {blockData=conID: 3 locID: 102704235491033617 bcsId: 2699} | ret=SUCCESS |  
2019-08-30 05:17:45,255 | INFO  | DNAudit | user=null | ip=null | op=WRITE_CHUNK {blockData=conID: 3 locID: 102704235491033617 bcsId: 2699} | ret=SUCCESS |  
2019-08-30 05:17:45,256 | INFO  | DNAudit | user=null | ip=null | op=WRITE_CHUNK {blockData=conID: 3 locID: 102704235491033617 bcsId: 2705} | ret=SUCCESS |  
2019-08-30 05:17:45,256 | INFO  | DNAudit | user=null | ip=null | op=WRITE_CHUNK {blockData=conID: 3 locID: 102704235491033617 bcsId: 2705} | ret=SUCCESS |  
2019-08-30 05:17:45,277 | INFO  | DNAudit | user=null | ip=null | op=PUT_BLOCK {blockData=[blockId=conID: 3 locID: 102704235491033617 bcsId: 0,size=3145728]} | ret=SUCCESS |  
2019-08-30 05:17:45,277 | INFO  | DNAudit | user=null | ip=null | op=PUT_BLOCK {blockData=[blockId=conID: 3 locID: 102704235491033617 bcsId: 0,size=3145728]} | ret=SUCCESS |  
2019-08-30 05:17:45,277 | INFO  | DNAudit | user=null | ip=null | op=WRITE_CHUNK {blockData=conID: 3 locID: 102704235491033617 bcsId: 2705} | ret=SUCCESS |  
2019-08-30 05:17:45,278 | INFO  | DNAudit | user=null | ip=null | op=PUT_BLOCK {blockData=[blockId=conID: 3 locID: 102704235491033617 bcsId: 0,size=4194304]} | ret=SUCCESS |  
2019-08-30 05:17:45,278 [grpc-default-executor-3] INFO  client.GrpcClientProtocolClient (GrpcClientProtocolClient.java:onNext(255)) - client-574492D41EE7->134d4672-e322-4e4b-b7f3-5645abb0fe8c: receive RaftClientReply:client-574492D41EE7->134d4672-e322-4e4b-b7f3-5645abb0fe8c@group-3CB1DFFBCDC2, cid=1864, SUCCESS, logIndex=2708, commits[134d4672-e322-4e4b-b7f3-5645abb0fe8c:c2709, 73af84f3-3e88-4c8c-894c-3ad307bcac8d:c2705, 730a25a1-dbec-44ed-975b-a44ab0096beb:c2705]
2019-08-30 05:17:45,279 [grpc-default-executor-3] INFO  client.GrpcClientProtocolClient (GrpcClientProtocolClient.java:onNext(255)) - client-574492D41EE7->134d4672-e322-4e4b-b7f3-5645abb0fe8c: receive RaftClientReply:client-574492D41EE7->134d4672-e322-4e4b-b7f3-5645abb0fe8c@group-3CB1DFFBCDC2, cid=1865, SUCCESS, logIndex=2709, commits[134d4672-e322-4e4b-b7f3-5645abb0fe8c:c2709, 73af84f3-3e88-4c8c-894c-3ad307bcac8d:c2705, 730a25a1-dbec-44ed-975b-a44ab0096beb:c2705]
2019-08-30 05:17:45,289 | INFO  | DNAudit | user=null | ip=null | op=WRITE_CHUNK {blockData=conID: 3 locID: 102704235491033617 bcsId: 2705} | ret=SUCCESS |  
2019-08-30 05:17:45,289 | INFO  | DNAudit | user=null | ip=null | op=WRITE_CHUNK {blockData=conID: 3 locID: 102704235491033617 bcsId: 2705} | ret=SUCCESS |  
2019-08-30 05:17:45,289 | INFO  | DNAudit | user=null | ip=null | op=PUT_BLOCK {blockData=[blockId=conID: 3 locID: 102704235491033617 bcsId: 0,size=4194304]} | ret=SUCCESS |  
2019-08-30 05:17:45,289 | INFO  | DNAudit | user=null | ip=null | op=PUT_BLOCK {blockData=[blockId=conID: 3 locID: 102704235491033617 bcsId: 0,size=4194304]} | ret=SUCCESS |  
2019-08-30 05:17:45,290 [grpc-default-executor-5] INFO  client.GrpcClientProtocolClient (GrpcClientProtocolClient.java:onNext(255)) - client-574492D41EE7->134d4672-e322-4e4b-b7f3-5645abb0fe8c: receive RaftClientReply:client-574492D41EE7->134d4672-e322-4e4b-b7f3-5645abb0fe8c@group-3CB1DFFBCDC2, cid=1866, SUCCESS, logIndex=0, commits[134d4672-e322-4e4b-b7f3-5645abb0fe8c:c2710, 73af84f3-3e88-4c8c-894c-3ad307bcac8d:c2709, 730a25a1-dbec-44ed-975b-a44ab0096beb:c2709]
2019-08-30 05:17:45,297 | INFO  | SCMAudit | user=jenkins1000 | ip=192.168.36.106 | op=ALLOCATE_BLOCK {owner=85755eb5-052d-48fa-b271-2fe4d8754e12, size=4194304, type=RATIS, factor=THREE} | ret=SUCCESS |  
 0.00% |█                                                                                                    |  0/1 Time: 0:00:142019-08-30 05:17:45,299 | INFO  | SCMAudit | user=jenkins1000 | ip=192.168.36.106 | op=SEND_HEARTBEAT {datanodeUUID=ea5d4b6b-4a08-401a-8c59-ecc1ca37daf5, command=[]} | ret=SUCCESS |  
2019-08-30 05:17:45,299 | INFO  | SCMAudit | user=jenkins1000 | ip=192.168.36.106 | op=SEND_HEARTBEAT {datanodeUUID=134d4672-e322-4e4b-b7f3-5645abb0fe8c, command=[]} | ret=SUCCESS |  
2019-08-30 05:17:45,301 | INFO  | OMAudit | user=jenkins1000 | ip=127.0.0.1 | op=ALLOCATE_BLOCK {volume=vol-0-00977, bucket=bucket-0-44205, key=key-0-32850, dataSize=0, replicationType=null, replicationFactor=null, keyLocationInfo=null, clientID=102704234570776978} | ret=SUCCESS |  
2019-08-30 05:17:45,309 | INFO  | DNAudit | user=null | ip=null | op=WRITE_CHUNK {blockData=conID: 1 locID: 102704235498504722 bcsId: 0} | ret=SUCCESS |  
2019-08-30 05:17:45,314 | INFO  | DNAudit | user=null | ip=null | op=WRITE_CHUNK {blockData=conID: 1 locID: 102704235498504722 bcsId: 0} | ret=SUCCESS |  
2019-08-30 05:17:45,314 | INFO  | DNAudit | user=null | ip=null | op=WRITE_CHUNK {blockData=conID: 1 locID: 102704235498504722 bcsId: 0} | ret=SUCCESS |  
2019-08-30 05:17:45,314 | INFO  | DNAudit | user=null | ip=null | op=WRITE_CHUNK {blockData=conID: 1 locID: 102704235498504722 bcsId: 0} | ret=SUCCESS |  
2019-08-30 05:17:45,316 | INFO  | DNAudit | user=null | ip=null | op=WRITE_CHUNK {blockData=conID: 1 locID: 102704235498504722 bcsId: 0} | ret=SUCCESS |  
2019-08-30 05:17:45,316 | INFO  | DNAudit | user=null | ip=null | op=WRITE_CHUNK {blockData=conID: 1 locID: 102704235498504722 bcsId: 0} | ret=SUCCESS |  
2019-08-30 05:17:45,322 | INFO  | DNAudit | user=null | ip=null | op=WRITE_CHUNK {blockData=conID: 1 locID: 102704235498504722 bcsId: 0} | ret=SUCCESS |  
2019-08-30 05:17:45,322 | INFO  | DNAudit | user=null | ip=null | op=PUT_BLOCK {blockData=[blockId=conID: 1 locID: 102704235498504722 bcsId: 0,size=1048576]} | ret=SUCCESS |  
2019-08-30 05:17:45,323 | INFO  | DNAudit | user=null | ip=null | op=WRITE_CHUNK {blockData=conID: 1 locID: 102704235498504722 bcsId: 0} | ret=SUCCESS |  
2019-08-30 05:17:45,323 [grpc-default-executor-6] INFO  client.GrpcClientProtocolClient (GrpcClientProtocolClient.java:onNext(255)) - client-574492D41EE7->134d4672-e322-4e4b-b7f3-5645abb0fe8c: receive RaftClientReply:client-574492D41EE7->134d4672-e322-4e4b-b7f3-5645abb0fe8c@group-3CB1DFFBCDC2, cid=1867, SUCCESS, logIndex=2712, commits[134d4672-e322-4e4b-b7f3-5645abb0fe8c:c2713, 73af84f3-3e88-4c8c-894c-3ad307bcac8d:c2711, 730a25a1-dbec-44ed-975b-a44ab0096beb:c2711]
2019-08-30 05:17:45,323 | INFO  | DNAudit | user=null | ip=null | op=PUT_BLOCK {blockData=[blockId=conID: 1 locID: 102704235498504722 bcsId: 0,size=2097152]} | ret=SUCCESS |  
2019-08-30 05:17:45,323 | INFO  | DNAudit | user=null | ip=null | op=WRITE_CHUNK {blockData=conID: 1 locID: 102704235498504722 bcsId: 0} | ret=SUCCESS |  
2019-08-30 05:17:45,323 [grpc-default-executor-3] INFO  client.GrpcClientProtocolClient (GrpcClientProtocolClient.java:onNext(255)) - client-574492D41EE7->134d4672-e322-4e4b-b7f3-5645abb0fe8c: receive RaftClientReply:client-574492D41EE7->134d4672-e322-4e4b-b7f3-5645abb0fe8c@group-3CB1DFFBCDC2, cid=1868, SUCCESS, logIndex=2713, commits[134d4672-e322-4e4b-b7f3-5645abb0fe8c:c2715, 73af84f3-3e88-4c8c-894c-3ad307bcac8d:c2711, 730a25a1-dbec-44ed-975b-a44ab0096beb:c2711]
2019-08-30 05:17:45,323 [grpc-default-executor-3] INFO  client.GrpcClientProtocolClient (GrpcClientProtocolClient.java:onNext(255)) - client-574492D41EE7->134d4672-e322-4e4b-b7f3-5645abb0fe8c: receive RaftClientReply:client-574492D41EE7->134d4672-e322-4e4b-b7f3-5645abb0fe8c@group-3CB1DFFBCDC2, cid=1869, SUCCESS, logIndex=2714, commits[134d4672-e322-4e4b-b7f3-5645abb0fe8c:c2715, 73af84f3-3e88-4c8c-894c-3ad307bcac8d:c2711, 730a25a1-dbec-44ed-975b-a44ab0096beb:c2711]
2019-08-30 05:17:45,324 [grpc-default-executor-3] INFO  client.GrpcClientProtocolClient (GrpcClientProtocolClient.java:onNext(255)) - client-574492D41EE7->134d4672-e322-4e4b-b7f3-5645abb0fe8c: receive RaftClientReply:client-574492D41EE7->134d4672-e322-4e4b-b7f3-5645abb0fe8c@group-3CB1DFFBCDC2, cid=1870, SUCCESS, logIndex=2715, commits[134d4672-e322-4e4b-b7f3-5645abb0fe8c:c2715, 73af84f3-3e88-4c8c-894c-3ad307bcac8d:c2711, 730a25a1-dbec-44ed-975b-a44ab0096beb:c2712]
2019-08-30 05:17:45,324 | INFO  | DNAudit | user=null | ip=null | op=WRITE_CHUNK {blockData=conID: 1 locID: 102704235498504722 bcsId: 0} | ret=SUCCESS |  
2019-08-30 05:17:45,324 | INFO  | DNAudit | user=null | ip=null | op=PUT_BLOCK {blockData=[blockId=conID: 1 locID: 102704235498504722 bcsId: 0,size=1048576]} | ret=SUCCESS |  
2019-08-30 05:17:45,326 | INFO  | DNAudit | user=null | ip=null | op=PUT_BLOCK {blockData=[blockId=conID: 1 locID: 102704235498504722 bcsId: 0,size=1048576]} | ret=SUCCESS |  
2019-08-30 05:17:45,326 | INFO  | DNAudit | user=null | ip=null | op=WRITE_CHUNK {blockData=conID: 1 locID: 102704235498504722 bcsId: 0} | ret=SUCCESS |  
2019-08-30 05:17:45,326 [grpc-default-executor-3] INFO  client.GrpcClientProtocolClient (GrpcClientProtocolClient.java:onNext(255)) - client-574492D41EE7->134d4672-e322-4e4b-b7f3-5645abb0fe8c: receive RaftClientReply:client-574492D41EE7->134d4672-e322-4e4b-b7f3-5645abb0fe8c@group-3CB1DFFBCDC2, cid=1871, SUCCESS, logIndex=0, commits[134d4672-e322-4e4b-b7f3-5645abb0fe8c:c2717, 73af84f3-3e88-4c8c-894c-3ad307bcac8d:c2713, 730a25a1-dbec-44ed-975b-a44ab0096beb:c2713]
2019-08-30 05:17:45,327 | INFO  | DNAudit | user=null | ip=null | op=PUT_BLOCK {blockData=[blockId=conID: 1 locID: 102704235498504722 bcsId: 0,size=2097152]} | ret=SUCCESS |  
2019-08-30 05:17:45,333 | INFO  | DNAudit | user=null | ip=null | op=WRITE_CHUNK {blockData=conID: 1 locID: 102704235498504722 bcsId: 2715} | ret=SUCCESS |  
2019-08-30 05:17:45,336 | INFO  | DNAudit | user=null | ip=null | op=WRITE_CHUNK {blockData=conID: 1 locID: 102704235498504722 bcsId: 2715} | ret=SUCCESS |  
2019-08-30 05:17:45,336 | INFO  | DNAudit | user=null | ip=null | op=WRITE_CHUNK {blockData=conID: 1 locID: 102704235498504722 bcsId: 2715} | ret=SUCCESS |  
2019-08-30 05:17:45,337 | INFO  | DNAudit | user=null | ip=null | op=WRITE_CHUNK {blockData=conID: 1 locID: 102704235498504722 bcsId: 0} | ret=SUCCESS |  
2019-08-30 05:17:45,338 | INFO  | DNAudit | user=null | ip=null | op=PUT_BLOCK {blockData=[blockId=conID: 1 locID: 102704235498504722 bcsId: 0,size=2097152]} | ret=SUCCESS |  
2019-08-30 05:17:45,338 | INFO  | DNAudit | user=null | ip=null | op=WRITE_CHUNK {blockData=conID: 1 locID: 102704235498504722 bcsId: 2715} | ret=SUCCESS |  
2019-08-30 05:17:45,338 | INFO  | DNAudit | user=null | ip=null | op=PUT_BLOCK {blockData=[blockId=conID: 1 locID: 102704235498504722 bcsId: 0,size=3145728]} | ret=SUCCESS |  
2019-08-30 05:17:45,338 [grpc-default-executor-5] INFO  client.GrpcClientProtocolClient (GrpcClientProtocolClient.java:onNext(255)) - client-574492D41EE7->134d4672-e322-4e4b-b7f3-5645abb0fe8c: receive RaftClientReply:client-574492D41EE7->134d4672-e322-4e4b-b7f3-5645abb0fe8c@group-3CB1DFFBCDC2, cid=1872, SUCCESS, logIndex=2720, commits[134d4672-e322-4e4b-b7f3-5645abb0fe8c:c2721, 73af84f3-3e88-4c8c-894c-3ad307bcac8d:c2715, 730a25a1-dbec-44ed-975b-a44ab0096beb:c2719]
2019-08-30 05:17:45,339 [grpc-default-executor-5] INFO  client.GrpcClientProtocolClient (GrpcClientProtocolClient.java:onNext(255)) - client-574492D41EE7->134d4672-e322-4e4b-b7f3-5645abb0fe8c: receive RaftClientReply:client-574492D41EE7->134d4672-e322-4e4b-b7f3-5645abb0fe8c@group-3CB1DFFBCDC2, cid=1873, SUCCESS, logIndex=2721, commits[134d4672-e322-4e4b-b7f3-5645abb0fe8c:c2721, 73af84f3-3e88-4c8c-894c-3ad307bcac8d:c2719, 730a25a1-dbec-44ed-975b-a44ab0096beb:c2719]
2019-08-30 05:17:45,340 | INFO  | DNAudit | user=null | ip=null | op=WRITE_CHUNK {blockData=conID: 1 locID: 102704235498504722 bcsId: 2715} | ret=SUCCESS |  
2019-08-30 05:17:45,340 | INFO  | DNAudit | user=null | ip=null | op=WRITE_CHUNK {blockData=conID: 1 locID: 102704235498504722 bcsId: 2715} | ret=SUCCESS |  
2019-08-30 05:17:45,340 | INFO  | DNAudit | user=null | ip=null | op=PUT_BLOCK {blockData=[blockId=conID: 1 locID: 102704235498504722 bcsId: 0,size=3145728]} | ret=SUCCESS |  
2019-08-30 05:17:45,340 | INFO  | DNAudit | user=null | ip=null | op=PUT_BLOCK {blockData=[blockId=conID: 1 locID: 102704235498504722 bcsId: 0,size=3145728]} | ret=SUCCESS |  
2019-08-30 05:17:45,345 | INFO  | DNAudit | user=null | ip=null | op=WRITE_CHUNK {blockData=conID: 1 locID: 102704235498504722 bcsId: 2721} | ret=SUCCESS |  
2019-08-30 05:17:45,347 | INFO  | DNAudit | user=null | ip=null | op=WRITE_CHUNK {blockData=conID: 1 locID: 102704235498504722 bcsId: 2721} | ret=SUCCESS |  
2019-08-30 05:17:45,348 | INFO  | DNAudit | user=null | ip=null | op=WRITE_CHUNK {blockData=conID: 1 locID: 102704235498504722 bcsId: 2721} | ret=SUCCESS |  
2019-08-30 05:17:45,358 | INFO  | DNAudit | user=null | ip=null | op=WRITE_CHUNK {blockData=conID: 1 locID: 102704235498504722 bcsId: 2721} | ret=SUCCESS |  
2019-08-30 05:17:45,358 | INFO  | DNAudit | user=null | ip=null | op=PUT_BLOCK {blockData=[blockId=conID: 1 locID: 102704235498504722 bcsId: 0,size=4194304]} | ret=SUCCESS |  
2019-08-30 05:17:45,358 [grpc-default-executor-3] INFO  client.GrpcClientProtocolClient (GrpcClientProtocolClient.java:onNext(255)) - client-574492D41EE7->134d4672-e322-4e4b-b7f3-5645abb0fe8c: receive RaftClientReply:client-574492D41EE7->134d4672-e322-4e4b-b7f3-5645abb0fe8c@group-3CB1DFFBCDC2, cid=1874, SUCCESS, logIndex=2724, commits[134d4672-e322-4e4b-b7f3-5645abb0fe8c:c2725, 73af84f3-3e88-4c8c-894c-3ad307bcac8d:c2723, 730a25a1-dbec-44ed-975b-a44ab0096beb:c2723]
2019-08-30 05:17:45,359 [grpc-default-executor-3] INFO  client.GrpcClientProtocolClient (GrpcClientProtocolClient.java:onNext(255)) - client-574492D41EE7->134d4672-e322-4e4b-b7f3-5645abb0fe8c: receive RaftClientReply:client-574492D41EE7->134d4672-e322-4e4b-b7f3-5645abb0fe8c@group-3CB1DFFBCDC2, cid=1875, SUCCESS, logIndex=2725, commits[134d4672-e322-4e4b-b7f3-5645abb0fe8c:c2725, 73af84f3-3e88-4c8c-894c-3ad307bcac8d:c2723, 730a25a1-dbec-44ed-975b-a44ab0096beb:c2723]
2019-08-30 05:17:45,369 | INFO  | DNAudit | user=null | ip=null | op=WRITE_CHUNK {blockData=conID: 1 locID: 102704235498504722 bcsId: 2721} | ret=SUCCESS |  
2019-08-30 05:17:45,369 | INFO  | DNAudit | user=null | ip=null | op=WRITE_CHUNK {blockData=conID: 1 locID: 102704235498504722 bcsId: 2721} | ret=SUCCESS |  
2019-08-30 05:17:45,373 | INFO  | DNAudit | user=null | ip=null | op=PUT_BLOCK {blockData=[blockId=conID: 1 locID: 102704235498504722 bcsId: 0,size=4194304]} | ret=SUCCESS |  
2019-08-30 05:17:45,373 | INFO  | DNAudit | user=null | ip=null | op=PUT_BLOCK {blockData=[blockId=conID: 1 locID: 102704235498504722 bcsId: 0,size=4194304]} | ret=SUCCESS |  
2019-08-30 05:17:45,373 [grpc-default-executor-5] INFO  client.GrpcClientProtocolClient (GrpcClientProtocolClient.java:onNext(255)) - client-574492D41EE7->134d4672-e322-4e4b-b7f3-5645abb0fe8c: receive RaftClientReply:client-574492D41EE7->134d4672-e322-4e4b-b7f3-5645abb0fe8c@group-3CB1DFFBCDC2, cid=1876, SUCCESS, logIndex=0, commits[134d4672-e322-4e4b-b7f3-5645abb0fe8c:c2726, 73af84f3-3e88-4c8c-894c-3ad307bcac8d:c2725, 730a25a1-dbec-44ed-975b-a44ab0096beb:c2725]
2019-08-30 05:17:45,377 | INFO  | SCMAudit | user=jenkins1000 | ip=192.168.36.106 | op=ALLOCATE_BLOCK {owner=85755eb5-052d-48fa-b271-2fe4d8754e12, size=4194304, type=RATIS, factor=THREE} | ret=SUCCESS |  
2019-08-30 05:17:45,379 | INFO  | OMAudit | user=jenkins1000 | ip=127.0.0.1 | op=ALLOCATE_BLOCK {volume=vol-0-00977, bucket=bucket-0-44205, key=key-0-32850, dataSize=0, replicationType=null, replicationFactor=null, keyLocationInfo=null, clientID=102704234570776978} | ret=SUCCESS |  
2019-08-30 05:17:45,385 | INFO  | DNAudit | user=null | ip=null | op=WRITE_CHUNK {blockData=conID: 2 locID: 102704235503747603 bcsId: 0} | ret=SUCCESS |  
2019-08-30 05:17:45,390 | INFO  | DNAudit | user=null | ip=null | op=WRITE_CHUNK {blockData=conID: 2 locID: 102704235503747603 bcsId: 0} | ret=SUCCESS |  
2019-08-30 05:17:45,390 | INFO  | DNAudit | user=null | ip=null | op=WRITE_CHUNK {blockData=conID: 2 locID: 102704235503747603 bcsId: 0} | ret=SUCCESS |  
2019-08-30 05:17:45,390 | INFO  | DNAudit | user=null | ip=null | op=WRITE_CHUNK {blockData=conID: 2 locID: 102704235503747603 bcsId: 0} | ret=SUCCESS |  
2019-08-30 05:17:45,391 | INFO  | DNAudit | user=null | ip=null | op=WRITE_CHUNK {blockData=conID: 2 locID: 102704235503747603 bcsId: 0} | ret=SUCCESS |  
2019-08-30 05:17:45,391 | INFO  | DNAudit | user=null | ip=null | op=WRITE_CHUNK {blockData=conID: 2 locID: 102704235503747603 bcsId: 0} | ret=SUCCESS |  
2019-08-30 05:17:45,398 | INFO  | DNAudit | user=null | ip=null | op=WRITE_CHUNK {blockData=conID: 2 locID: 102704235503747603 bcsId: 0} | ret=SUCCESS |  
2019-08-30 05:17:45,399 | INFO  | DNAudit | user=null | ip=null | op=PUT_BLOCK {blockData=[blockId=conID: 2 locID: 102704235503747603 bcsId: 0,size=1048576]} | ret=SUCCESS |  
2019-08-30 05:17:45,399 [grpc-default-executor-5] INFO  client.GrpcClientProtocolClient (GrpcClientProtocolClient.java:onNext(255)) - client-574492D41EE7->134d4672-e322-4e4b-b7f3-5645abb0fe8c: receive RaftClientReply:client-574492D41EE7->134d4672-e322-4e4b-b7f3-5645abb0fe8c@group-3CB1DFFBCDC2, cid=1877, SUCCESS, logIndex=2728, commits[134d4672-e322-4e4b-b7f3-5645abb0fe8c:c2730, 73af84f3-3e88-4c8c-894c-3ad307bcac8d:c2727, 730a25a1-dbec-44ed-975b-a44ab0096beb:c2727]
2019-08-30 05:17:45,399 | INFO  | DNAudit | user=null | ip=null | op=WRITE_CHUNK {blockData=conID: 2 locID: 102704235503747603 bcsId: 0} | ret=SUCCESS |  
2019-08-30 05:17:45,400 | INFO  | DNAudit | user=null | ip=null | op=WRITE_CHUNK {blockData=conID: 2 locID: 102704235503747603 bcsId: 0} | ret=SUCCESS |  
2019-08-30 05:17:45,400 [grpc-default-executor-5] INFO  client.GrpcClientProtocolClient (GrpcClientProtocolClient.java:onNext(255)) - client-574492D41EE7->134d4672-e322-4e4b-b7f3-5645abb0fe8c: receive RaftClientReply:client-574492D41EE7->134d4672-e322-4e4b-b7f3-5645abb0fe8c@group-3CB1DFFBCDC2, cid=1878, SUCCESS, logIndex=2729, commits[134d4672-e322-4e4b-b7f3-5645abb0fe8c:c2731, 73af84f3-3e88-4c8c-894c-3ad307bcac8d:c2727, 730a25a1-dbec-44ed-975b-a44ab0096beb:c2727]
2019-08-30 05:17:45,400 | INFO  | DNAudit | user=null | ip=null | op=PUT_BLOCK {blockData=[blockId=conID: 2 locID: 102704235503747603 bcsId: 0,size=2097152]} | ret=SUCCESS |  
2019-08-30 05:17:45,400 [grpc-default-executor-5] INFO  client.GrpcClientProtocolClient (GrpcClientProtocolClient.java:onNext(255)) - client-574492D41EE7->134d4672-e322-4e4b-b7f3-5645abb0fe8c: receive RaftClientReply:client-574492D41EE7->134d4672-e322-4e4b-b7f3-5645abb0fe8c@group-3CB1DFFBCDC2, cid=1879, SUCCESS, logIndex=2730, commits[134d4672-e322-4e4b-b7f3-5645abb0fe8c:c2731, 73af84f3-3e88-4c8c-894c-3ad307bcac8d:c2727, 730a25a1-dbec-44ed-975b-a44ab0096beb:c2727]
2019-08-30 05:17:45,401 [grpc-default-executor-5] INFO  client.GrpcClientProtocolClient (GrpcClientProtocolClient.java:onNext(255)) - client-574492D41EE7->134d4672-e322-4e4b-b7f3-5645abb0fe8c: receive RaftClientReply:client-574492D41EE7->134d4672-e322-4e4b-b7f3-5645abb0fe8c@group-3CB1DFFBCDC2, cid=1880, SUCCESS, logIndex=2731, commits[134d4672-e322-4e4b-b7f3-5645abb0fe8c:c2732, 73af84f3-3e88-4c8c-894c-3ad307bcac8d:c2728, 730a25a1-dbec-44ed-975b-a44ab0096beb:c2727]
2019-08-30 05:17:45,401 | INFO  | DNAudit | user=null | ip=null | op=WRITE_CHUNK {blockData=conID: 2 locID: 102704235503747603 bcsId: 0} | ret=SUCCESS |  
2019-08-30 05:17:45,401 | INFO  | DNAudit | user=null | ip=null | op=PUT_BLOCK {blockData=[blockId=conID: 2 locID: 102704235503747603 bcsId: 0,size=1048576]} | ret=SUCCESS |  
2019-08-30 05:17:45,412 | INFO  | DNAudit | user=null | ip=null | op=PUT_BLOCK {blockData=[blockId=conID: 2 locID: 102704235503747603 bcsId: 0,size=1048576]} | ret=SUCCESS |  
2019-08-30 05:17:45,412 | INFO  | DNAudit | user=null | ip=null | op=WRITE_CHUNK {blockData=conID: 2 locID: 102704235503747603 bcsId: 0} | ret=SUCCESS |  
2019-08-30 05:17:45,412 | INFO  | DNAudit | user=null | ip=null | op=WRITE_CHUNK {blockData=conID: 2 locID: 102704235503747603 bcsId: 0} | ret=SUCCESS |  
2019-08-30 05:17:45,412 | INFO  | DNAudit | user=null | ip=null | op=PUT_BLOCK {blockData=[blockId=conID: 2 locID: 102704235503747603 bcsId: 0,size=2097152]} | ret=SUCCESS |  
2019-08-30 05:17:45,412 | INFO  | DNAudit | user=null | ip=null | op=PUT_BLOCK {blockData=[blockId=conID: 2 locID: 102704235503747603 bcsId: 0,size=2097152]} | ret=SUCCESS |  
2019-08-30 05:17:45,412 [grpc-default-executor-5] INFO  client.GrpcClientProtocolClient (GrpcClientProtocolClient.java:onNext(255)) - client-574492D41EE7->134d4672-e322-4e4b-b7f3-5645abb0fe8c: receive RaftClientReply:client-574492D41EE7->134d4672-e322-4e4b-b7f3-5645abb0fe8c@group-3CB1DFFBCDC2, cid=1881, SUCCESS, logIndex=0, commits[134d4672-e322-4e4b-b7f3-5645abb0fe8c:c2733, 73af84f3-3e88-4c8c-894c-3ad307bcac8d:c2729, 730a25a1-dbec-44ed-975b-a44ab0096beb:c2729]
2019-08-30 05:17:45,419 | INFO  | DNAudit | user=null | ip=null | op=WRITE_CHUNK {blockData=conID: 2 locID: 102704235503747603 bcsId: 2731} | ret=SUCCESS |  
2019-08-30 05:17:45,422 | INFO  | DNAudit | user=null | ip=null | op=WRITE_CHUNK {blockData=conID: 2 locID: 102704235503747603 bcsId: 2731} | ret=SUCCESS |  
2019-08-30 05:17:45,422 | INFO  | DNAudit | user=null | ip=null | op=WRITE_CHUNK {blockData=conID: 2 locID: 102704235503747603 bcsId: 2731} | ret=SUCCESS |  
2019-08-30 05:17:45,432 | INFO  | DNAudit | user=null | ip=null | op=WRITE_CHUNK {blockData=conID: 2 locID: 102704235503747603 bcsId: 2731} | ret=SUCCESS |  
2019-08-30 05:17:45,432 | INFO  | DNAudit | user=null | ip=null | op=PUT_BLOCK {blockData=[blockId=conID: 2 locID: 102704235503747603 bcsId: 0,size=3145728]} | ret=SUCCESS |  
2019-08-30 05:17:45,433 [grpc-default-executor-6] INFO  client.GrpcClientProtocolClient (GrpcClientProtocolClient.java:onNext(255)) - client-574492D41EE7->134d4672-e322-4e4b-b7f3-5645abb0fe8c: receive RaftClientReply:client-574492D41EE7->134d4672-e322-4e4b-b7f3-5645abb0fe8c@group-3CB1DFFBCDC2, cid=1882, SUCCESS, logIndex=2736, commits[134d4672-e322-4e4b-b7f3-5645abb0fe8c:c2737, 73af84f3-3e88-4c8c-894c-3ad307bcac8d:c2735, 730a25a1-dbec-44ed-975b-a44ab0096beb:c2735]
2019-08-30 05:17:45,433 [grpc-default-executor-6] INFO  client.GrpcClientProtocolClient (GrpcClientProtocolClient.java:onNext(255)) - client-574492D41EE7->134d4672-e322-4e4b-b7f3-5645abb0fe8c: receive RaftClientReply:client-574492D41EE7->134d4672-e322-4e4b-b7f3-5645abb0fe8c@group-3CB1DFFBCDC2, cid=1883, SUCCESS, logIndex=2737, commits[134d4672-e322-4e4b-b7f3-5645abb0fe8c:c2737, 73af84f3-3e88-4c8c-894c-3ad307bcac8d:c2735, 730a25a1-dbec-44ed-975b-a44ab0096beb:c2735]
2019-08-30 05:17:45,440 | INFO  | DNAudit | user=null | ip=null | op=WRITE_CHUNK {blockData=conID: 2 locID: 102704235503747603 bcsId: 2737} | ret=SUCCESS |  
2019-08-30 05:17:45,442 | INFO  | DNAudit | user=null | ip=null | op=WRITE_CHUNK {blockData=conID: 2 locID: 102704235503747603 bcsId: 2737} | ret=SUCCESS |  
2019-08-30 05:17:45,442 | INFO  | DNAudit | user=null | ip=null | op=WRITE_CHUNK {blockData=conID: 2 locID: 102704235503747603 bcsId: 2737} | ret=SUCCESS |  
2019-08-30 05:17:45,444 | INFO  | DNAudit | user=null | ip=null | op=WRITE_CHUNK {blockData=conID: 2 locID: 102704235503747603 bcsId: 2731} | ret=SUCCESS |  
2019-08-30 05:17:45,444 | INFO  | DNAudit | user=null | ip=null | op=WRITE_CHUNK {blockData=conID: 2 locID: 102704235503747603 bcsId: 2731} | ret=SUCCESS |  
2019-08-30 05:17:45,447 | INFO  | DNAudit | user=null | ip=null | op=PUT_BLOCK {blockData=[blockId=conID: 2 locID: 102704235503747603 bcsId: 0,size=3145728]} | ret=SUCCESS |  
2019-08-30 05:17:45,447 | INFO  | DNAudit | user=null | ip=null | op=PUT_BLOCK {blockData=[blockId=conID: 2 locID: 102704235503747603 bcsId: 0,size=3145728]} | ret=SUCCESS |  
2019-08-30 05:17:45,447 | INFO  | DNAudit | user=null | ip=null | op=WRITE_CHUNK {blockData=conID: 2 locID: 102704235503747603 bcsId: 2737} | ret=SUCCESS |  
2019-08-30 05:17:45,448 | INFO  | DNAudit | user=null | ip=null | op=PUT_BLOCK {blockData=[blockId=conID: 2 locID: 102704235503747603 bcsId: 0,size=4194304]} | ret=SUCCESS |  
2019-08-30 05:17:45,448 [grpc-default-executor-3] INFO  client.GrpcClientProtocolClient (GrpcClientProtocolClient.java:onNext(255)) - client-574492D41EE7->134d4672-e322-4e4b-b7f3-5645abb0fe8c: receive RaftClientReply:client-574492D41EE7->134d4672-e322-4e4b-b7f3-5645abb0fe8c@group-3CB1DFFBCDC2, cid=1884, SUCCESS, logIndex=2740, commits[134d4672-e322-4e4b-b7f3-5645abb0fe8c:c2740, 73af84f3-3e88-4c8c-894c-3ad307bcac8d:c2737, 730a25a1-dbec-44ed-975b-a44ab0096beb:c2737]
2019-08-30 05:17:45,448 [grpc-default-executor-3] INFO  client.GrpcClientProtocolClient (GrpcClientProtocolClient.java:onNext(255)) - client-574492D41EE7->134d4672-e322-4e4b-b7f3-5645abb0fe8c: receive RaftClientReply:client-574492D41EE7->134d4672-e322-4e4b-b7f3-5645abb0fe8c@group-3CB1DFFBCDC2, cid=1885, SUCCESS, logIndex=2741, commits[134d4672-e322-4e4b-b7f3-5645abb0fe8c:c2741, 73af84f3-3e88-4c8c-894c-3ad307bcac8d:c2737, 730a25a1-dbec-44ed-975b-a44ab0096beb:c2737]
2019-08-30 05:17:45,459 | INFO  | DNAudit | user=null | ip=null | op=WRITE_CHUNK {blockData=conID: 2 locID: 102704235503747603 bcsId: 2737} | ret=SUCCESS |  
2019-08-30 05:17:45,459 | INFO  | DNAudit | user=null | ip=null | op=WRITE_CHUNK {blockData=conID: 2 locID: 102704235503747603 bcsId: 2737} | ret=SUCCESS |  
2019-08-30 05:17:45,462 | INFO  | DNAudit | user=null | ip=null | op=PUT_BLOCK {blockData=[blockId=conID: 2 locID: 102704235503747603 bcsId: 0,size=4194304]} | ret=SUCCESS |  
2019-08-30 05:17:45,462 | INFO  | DNAudit | user=null | ip=null | op=PUT_BLOCK {blockData=[blockId=conID: 2 locID: 102704235503747603 bcsId: 0,size=4194304]} | ret=SUCCESS |  
2019-08-30 05:17:45,463 [grpc-default-executor-5] INFO  client.GrpcClientProtocolClient (GrpcClientProtocolClient.java:onNext(255)) - client-574492D41EE7->134d4672-e322-4e4b-b7f3-5645abb0fe8c: receive RaftClientReply:client-574492D41EE7->134d4672-e322-4e4b-b7f3-5645abb0fe8c@group-3CB1DFFBCDC2, cid=1886, SUCCESS, logIndex=0, commits[134d4672-e322-4e4b-b7f3-5645abb0fe8c:c2742, 73af84f3-3e88-4c8c-894c-3ad307bcac8d:c2741, 730a25a1-dbec-44ed-975b-a44ab0096beb:c2741]
2019-08-30 05:17:45,467 | INFO  | SCMAudit | user=jenkins1000 | ip=192.168.36.106 | op=ALLOCATE_BLOCK {owner=85755eb5-052d-48fa-b271-2fe4d8754e12, size=4194304, type=RATIS, factor=THREE} | ret=SUCCESS |  
2019-08-30 05:17:45,470 | INFO  | OMAudit | user=jenkins1000 | ip=127.0.0.1 | op=ALLOCATE_BLOCK {volume=vol-0-00977, bucket=bucket-0-44205, key=key-0-32850, dataSize=0, replicationType=null, replicationFactor=null, keyLocationInfo=null, clientID=102704234570776978} | ret=SUCCESS |  
2019-08-30 05:17:45,478 | INFO  | DNAudit | user=null | ip=null | op=WRITE_CHUNK {blockData=conID: 3 locID: 102704235509645844 bcsId: 0} | ret=SUCCESS |  
2019-08-30 05:17:45,480 | INFO  | DNAudit | user=null | ip=null | op=WRITE_CHUNK {blockData=conID: 3 locID: 102704235509645844 bcsId: 0} | ret=SUCCESS |  
2019-08-30 05:17:45,481 | INFO  | DNAudit | user=null | ip=null | op=WRITE_CHUNK {blockData=conID: 3 locID: 102704235509645844 bcsId: 0} | ret=SUCCESS |  
2019-08-30 05:17:45,481 | INFO  | DNAudit | user=null | ip=null | op=WRITE_CHUNK {blockData=conID: 3 locID: 102704235509645844 bcsId: 0} | ret=SUCCESS |  
2019-08-30 05:17:45,483 | INFO  | DNAudit | user=null | ip=null | op=WRITE_CHUNK {blockData=conID: 3 locID: 102704235509645844 bcsId: 0} | ret=SUCCESS |  
2019-08-30 05:17:45,483 | INFO  | DNAudit | user=null | ip=null | op=WRITE_CHUNK {blockData=conID: 3 locID: 102704235509645844 bcsId: 0} | ret=SUCCESS |  
2019-08-30 05:17:45,493 | INFO  | DNAudit | user=null | ip=null | op=WRITE_CHUNK {blockData=conID: 3 locID: 102704235509645844 bcsId: 0} | ret=SUCCESS |  
2019-08-30 05:17:45,494 | INFO  | DNAudit | user=null | ip=null | op=PUT_BLOCK {blockData=[blockId=conID: 3 locID: 102704235509645844 bcsId: 0,size=1048576]} | ret=SUCCESS |  
2019-08-30 05:17:45,494 | INFO  | DNAudit | user=null | ip=null | op=WRITE_CHUNK {blockData=conID: 3 locID: 102704235509645844 bcsId: 0} | ret=SUCCESS |  
2019-08-30 05:17:45,495 | INFO  | DNAudit | user=null | ip=null | op=PUT_BLOCK {blockData=[blockId=conID: 3 locID: 102704235509645844 bcsId: 0,size=2097152]} | ret=SUCCESS |  
2019-08-30 05:17:45,494 [grpc-default-executor-6] INFO  client.GrpcClientProtocolClient (GrpcClientProtocolClient.java:onNext(255)) - client-574492D41EE7->134d4672-e322-4e4b-b7f3-5645abb0fe8c: receive RaftClientReply:client-574492D41EE7->134d4672-e322-4e4b-b7f3-5645abb0fe8c@group-3CB1DFFBCDC2, cid=1887, SUCCESS, logIndex=2744, commits[134d4672-e322-4e4b-b7f3-5645abb0fe8c:c2747, 73af84f3-3e88-4c8c-894c-3ad307bcac8d:c2743, 730a25a1-dbec-44ed-975b-a44ab0096beb:c2743]
2019-08-30 05:17:45,495 [grpc-default-executor-6] INFO  client.GrpcClientProtocolClient (GrpcClientProtocolClient.java:onNext(255)) - client-574492D41EE7->134d4672-e322-4e4b-b7f3-5645abb0fe8c: receive RaftClientReply:client-574492D41EE7->134d4672-e322-4e4b-b7f3-5645abb0fe8c@group-3CB1DFFBCDC2, cid=1888, SUCCESS, logIndex=2745, commits[134d4672-e322-4e4b-b7f3-5645abb0fe8c:c2747, 73af84f3-3e88-4c8c-894c-3ad307bcac8d:c2743, 730a25a1-dbec-44ed-975b-a44ab0096beb:c2743]
2019-08-30 05:17:45,496 [grpc-default-executor-6] INFO  client.GrpcClientProtocolClient (GrpcClientProtocolClient.java:onNext(255)) - client-574492D41EE7->134d4672-e322-4e4b-b7f3-5645abb0fe8c: receive RaftClientReply:client-574492D41EE7->134d4672-e322-4e4b-b7f3-5645abb0fe8c@group-3CB1DFFBCDC2, cid=1889, SUCCESS, logIndex=2746, commits[134d4672-e322-4e4b-b7f3-5645abb0fe8c:c2747, 73af84f3-3e88-4c8c-894c-3ad307bcac8d:c2743, 730a25a1-dbec-44ed-975b-a44ab0096beb:c2743]
2019-08-30 05:17:45,496 [grpc-default-executor-6] INFO  client.GrpcClientProtocolClient (GrpcClientProtocolClient.java:onNext(255)) - client-574492D41EE7->134d4672-e322-4e4b-b7f3-5645abb0fe8c: receive RaftClientReply:client-574492D41EE7->134d4672-e322-4e4b-b7f3-5645abb0fe8c@group-3CB1DFFBCDC2, cid=1890, SUCCESS, logIndex=2747, commits[134d4672-e322-4e4b-b7f3-5645abb0fe8c:c2747, 73af84f3-3e88-4c8c-894c-3ad307bcac8d:c2743, 730a25a1-dbec-44ed-975b-a44ab0096beb:c2743]
2019-08-30 05:17:45,496 | INFO  | DNAudit | user=null | ip=null | op=WRITE_CHUNK {blockData=conID: 3 locID: 102704235509645844 bcsId: 0} | ret=SUCCESS |  
2019-08-30 05:17:45,497 | INFO  | DNAudit | user=null | ip=null | op=WRITE_CHUNK {blockData=conID: 3 locID: 102704235509645844 bcsId: 0} | ret=SUCCESS |  
2019-08-30 05:17:45,497 | INFO  | DNAudit | user=null | ip=null | op=PUT_BLOCK {blockData=[blockId=conID: 3 locID: 102704235509645844 bcsId: 0,size=1048576]} | ret=SUCCESS |  
2019-08-30 05:17:45,497 | INFO  | DNAudit | user=null | ip=null | op=PUT_BLOCK {blockData=[blockId=conID: 3 locID: 102704235509645844 bcsId: 0,size=1048576]} | ret=SUCCESS |  
2019-08-30 05:17:45,497 | INFO  | DNAudit | user=null | ip=null | op=WRITE_CHUNK {blockData=conID: 3 locID: 102704235509645844 bcsId: 0} | ret=SUCCESS |  
2019-08-30 05:17:45,497 | INFO  | DNAudit | user=null | ip=null | op=WRITE_CHUNK {blockData=conID: 3 locID: 102704235509645844 bcsId: 0} | ret=SUCCESS |  
2019-08-30 05:17:45,497 | INFO  | DNAudit | user=null | ip=null | op=PUT_BLOCK {blockData=[blockId=conID: 3 locID: 102704235509645844 bcsId: 0,size=2097152]} | ret=SUCCESS |  
2019-08-30 05:17:45,497 | INFO  | DNAudit | user=null | ip=null | op=PUT_BLOCK {blockData=[blockId=conID: 3 locID: 102704235509645844 bcsId: 0,size=2097152]} | ret=SUCCESS |  
2019-08-30 05:17:45,497 [grpc-default-executor-6] INFO  client.GrpcClientProtocolClient (GrpcClientProtocolClient.java:onNext(255)) - client-574492D41EE7->134d4672-e322-4e4b-b7f3-5645abb0fe8c: receive RaftClientReply:client-574492D41EE7->134d4672-e322-4e4b-b7f3-5645abb0fe8c@group-3CB1DFFBCDC2, cid=1891, SUCCESS, logIndex=0, commits[134d4672-e322-4e4b-b7f3-5645abb0fe8c:c2748, 73af84f3-3e88-4c8c-894c-3ad307bcac8d:c2747, 730a25a1-dbec-44ed-975b-a44ab0096beb:c2747]
2019-08-30 05:17:45,505 | INFO  | DNAudit | user=null | ip=null | op=WRITE_CHUNK {blockData=conID: 3 locID: 102704235509645844 bcsId: 2747} | ret=SUCCESS |  
2019-08-30 05:17:45,507 | INFO  | DNAudit | user=null | ip=null | op=WRITE_CHUNK {blockData=conID: 3 locID: 102704235509645844 bcsId: 2747} | ret=SUCCESS |  
2019-08-30 05:17:45,508 | INFO  | DNAudit | user=null | ip=null | op=WRITE_CHUNK {blockData=conID: 3 locID: 102704235509645844 bcsId: 2747} | ret=SUCCESS |  
2019-08-30 05:17:45,526 | INFO  | DNAudit | user=null | ip=null | op=WRITE_CHUNK {blockData=conID: 3 locID: 102704235509645844 bcsId: 2747} | ret=SUCCESS |  
2019-08-30 05:17:45,526 | INFO  | DNAudit | user=null | ip=null | op=PUT_BLOCK {blockData=[blockId=conID: 3 locID: 102704235509645844 bcsId: 0,size=3145728]} | ret=SUCCESS |  
2019-08-30 05:17:45,526 [grpc-default-executor-5] INFO  client.GrpcClientProtocolClient (GrpcClientProtocolClient.java:onNext(255)) - client-574492D41EE7->134d4672-e322-4e4b-b7f3-5645abb0fe8c: receive RaftClientReply:client-574492D41EE7->134d4672-e322-4e4b-b7f3-5645abb0fe8c@group-3CB1DFFBCDC2, cid=1892, SUCCESS, logIndex=2750, commits[134d4672-e322-4e4b-b7f3-5645abb0fe8c:c2751, 73af84f3-3e88-4c8c-894c-3ad307bcac8d:c2749, 730a25a1-dbec-44ed-975b-a44ab0096beb:c2749]
2019-08-30 05:17:45,527 [grpc-default-executor-5] INFO  client.GrpcClientProtocolClient (GrpcClientProtocolClient.java:onNext(255)) - client-574492D41EE7->134d4672-e322-4e4b-b7f3-5645abb0fe8c: receive RaftClientReply:client-574492D41EE7->134d4672-e322-4e4b-b7f3-5645abb0fe8c@group-3CB1DFFBCDC2, cid=1893, SUCCESS, logIndex=2751, commits[134d4672-e322-4e4b-b7f3-5645abb0fe8c:c2751, 73af84f3-3e88-4c8c-894c-3ad307bcac8d:c2749, 730a25a1-dbec-44ed-975b-a44ab0096beb:c2749]
2019-08-30 05:17:45,527 | INFO  | DNAudit | user=null | ip=null | op=WRITE_CHUNK {blockData=conID: 3 locID: 102704235509645844 bcsId: 2747} | ret=SUCCESS |  
2019-08-30 05:17:45,528 | INFO  | DNAudit | user=null | ip=null | op=WRITE_CHUNK {blockData=conID: 3 locID: 102704235509645844 bcsId: 2747} | ret=SUCCESS |  
2019-08-30 05:17:45,528 | INFO  | DNAudit | user=null | ip=null | op=PUT_BLOCK {blockData=[blockId=conID: 3 locID: 102704235509645844 bcsId: 0,size=3145728]} | ret=SUCCESS |  
2019-08-30 05:17:45,529 | INFO  | DNAudit | user=null | ip=null | op=PUT_BLOCK {blockData=[blockId=conID: 3 locID: 102704235509645844 bcsId: 0,size=3145728]} | ret=SUCCESS |  
2019-08-30 05:17:45,535 | INFO  | DNAudit | user=null | ip=null | op=WRITE_CHUNK {blockData=conID: 3 locID: 102704235509645844 bcsId: 2751} | ret=SUCCESS |  
2019-08-30 05:17:45,537 | INFO  | DNAudit | user=null | ip=null | op=WRITE_CHUNK {blockData=conID: 3 locID: 102704235509645844 bcsId: 2751} | ret=SUCCESS |  
2019-08-30 05:17:45,538 | INFO  | DNAudit | user=null | ip=null | op=WRITE_CHUNK {blockData=conID: 3 locID: 102704235509645844 bcsId: 2751} | ret=SUCCESS |  
2019-08-30 05:17:45,547 | INFO  | DNAudit | user=null | ip=null | op=WRITE_CHUNK {blockData=conID: 3 locID: 102704235509645844 bcsId: 2751} | ret=SUCCESS |  
2019-08-30 05:17:45,548 | INFO  | DNAudit | user=null | ip=null | op=PUT_BLOCK {blockData=[blockId=conID: 3 locID: 102704235509645844 bcsId: 0,size=4194304]} | ret=SUCCESS |  
2019-08-30 05:17:45,548 [grpc-default-executor-6] INFO  client.GrpcClientProtocolClient (GrpcClientProtocolClient.java:onNext(255)) - client-574492D41EE7->134d4672-e322-4e4b-b7f3-5645abb0fe8c: receive RaftClientReply:client-574492D41EE7->134d4672-e322-4e4b-b7f3-5645abb0fe8c@group-3CB1DFFBCDC2, cid=1894, SUCCESS, logIndex=2754, commits[134d4672-e322-4e4b-b7f3-5645abb0fe8c:c2755, 73af84f3-3e88-4c8c-894c-3ad307bcac8d:c2753, 730a25a1-dbec-44ed-975b-a44ab0096beb:c2753]
2019-08-30 05:17:45,548 [grpc-default-executor-6] INFO  client.GrpcClientProtocolClient (GrpcClientProtocolClient.java:onNext(255)) - client-574492D41EE7->134d4672-e322-4e4b-b7f3-5645abb0fe8c: receive RaftClientReply:client-574492D41EE7->134d4672-e322-4e4b-b7f3-5645abb0fe8c@group-3CB1DFFBCDC2, cid=1895, SUCCESS, logIndex=2755, commits[134d4672-e322-4e4b-b7f3-5645abb0fe8c:c2755, 73af84f3-3e88-4c8c-894c-3ad307bcac8d:c2753, 730a25a1-dbec-44ed-975b-a44ab0096beb:c2753]
2019-08-30 05:17:45,559 | INFO  | DNAudit | user=null | ip=null | op=WRITE_CHUNK {blockData=conID: 3 locID: 102704235509645844 bcsId: 2751} | ret=SUCCESS |  
2019-08-30 05:17:45,559 | INFO  | DNAudit | user=null | ip=null | op=WRITE_CHUNK {blockData=conID: 3 locID: 102704235509645844 bcsId: 2751} | ret=SUCCESS |  
2019-08-30 05:17:45,561 | INFO  | DNAudit | user=null | ip=null | op=PUT_BLOCK {blockData=[blockId=conID: 3 locID: 102704235509645844 bcsId: 0,size=4194304]} | ret=SUCCESS |  
2019-08-30 05:17:45,561 | INFO  | DNAudit | user=null | ip=null | op=PUT_BLOCK {blockData=[blockId=conID: 3 locID: 102704235509645844 bcsId: 0,size=4194304]} | ret=SUCCESS |  
2019-08-30 05:17:45,561 [grpc-default-executor-5] INFO  client.GrpcClientProtocolClient (GrpcClientProtocolClient.java:onNext(255)) - client-574492D41EE7->134d4672-e322-4e4b-b7f3-5645abb0fe8c: receive RaftClientReply:client-574492D41EE7->134d4672-e322-4e4b-b7f3-5645abb0fe8c@group-3CB1DFFBCDC2, cid=1896, SUCCESS, logIndex=0, commits[134d4672-e322-4e4b-b7f3-5645abb0fe8c:c2757, 73af84f3-3e88-4c8c-894c-3ad307bcac8d:c2755, 730a25a1-dbec-44ed-975b-a44ab0096beb:c2755]
2019-08-30 05:17:45,568 | INFO  | SCMAudit | user=jenkins1000 | ip=192.168.36.106 | op=ALLOCATE_BLOCK {owner=85755eb5-052d-48fa-b271-2fe4d8754e12, size=4194304, type=RATIS, factor=THREE} | ret=SUCCESS |  
2019-08-30 05:17:45,572 | INFO  | OMAudit | user=jenkins1000 | ip=127.0.0.1 | op=ALLOCATE_BLOCK {volume=vol-0-00977, bucket=bucket-0-44205, key=key-0-32850, dataSize=0, replicationType=null, replicationFactor=null, keyLocationInfo=null, clientID=102704234570776978} | ret=SUCCESS |  
2019-08-30 05:17:45,578 | INFO  | SCMAudit | user=jenkins1000 | ip=192.168.36.106 | op=SEND_HEARTBEAT {datanodeUUID=b91a4442-fd83-4a66-bee2-5c7959dbabc3, command=[]} | ret=SUCCESS |  
2019-08-30 05:17:45,581 | INFO  | DNAudit | user=null | ip=null | op=WRITE_CHUNK {blockData=conID: 1 locID: 102704235516264981 bcsId: 0} | ret=SUCCESS |  
2019-08-30 05:17:45,584 | INFO  | DNAudit | user=null | ip=null | op=WRITE_CHUNK {blockData=conID: 1 locID: 102704235516264981 bcsId: 0} | ret=SUCCESS |  
2019-08-30 05:17:45,584 | INFO  | DNAudit | user=null | ip=null | op=WRITE_CHUNK {blockData=conID: 1 locID: 102704235516264981 bcsId: 0} | ret=SUCCESS |  
2019-08-30 05:17:45,585 | INFO  | DNAudit | user=null | ip=null | op=WRITE_CHUNK {blockData=conID: 1 locID: 102704235516264981 bcsId: 0} | ret=SUCCESS |  
2019-08-30 05:17:45,586 | INFO  | DNAudit | user=null | ip=null | op=WRITE_CHUNK {blockData=conID: 1 locID: 102704235516264981 bcsId: 0} | ret=SUCCESS |  
2019-08-30 05:17:45,587 | INFO  | DNAudit | user=null | ip=null | op=WRITE_CHUNK {blockData=conID: 1 locID: 102704235516264981 bcsId: 0} | ret=SUCCESS |  
2019-08-30 05:17:45,594 | INFO  | DNAudit | user=null | ip=null | op=WRITE_CHUNK {blockData=conID: 1 locID: 102704235516264981 bcsId: 0} | ret=SUCCESS |  
2019-08-30 05:17:45,595 | INFO  | DNAudit | user=null | ip=null | op=PUT_BLOCK {blockData=[blockId=conID: 1 locID: 102704235516264981 bcsId: 0,size=1048576]} | ret=SUCCESS |  
2019-08-30 05:17:45,595 | INFO  | DNAudit | user=null | ip=null | op=WRITE_CHUNK {blockData=conID: 1 locID: 102704235516264981 bcsId: 0} | ret=SUCCESS |  
2019-08-30 05:17:45,595 | INFO  | DNAudit | user=null | ip=null | op=WRITE_CHUNK {blockData=conID: 1 locID: 102704235516264981 bcsId: 0} | ret=SUCCESS |  
2019-08-30 05:17:45,596 [grpc-default-executor-1] INFO  client.GrpcClientProtocolClient (GrpcClientProtocolClient.java:onNext(255)) - client-574492D41EE7->134d4672-e322-4e4b-b7f3-5645abb0fe8c: receive RaftClientReply:client-574492D41EE7->134d4672-e322-4e4b-b7f3-5645abb0fe8c@group-3CB1DFFBCDC2, cid=1897, SUCCESS, logIndex=2758, commits[134d4672-e322-4e4b-b7f3-5645abb0fe8c:c2761, 73af84f3-3e88-4c8c-894c-3ad307bcac8d:c2757, 730a25a1-dbec-44ed-975b-a44ab0096beb:c2757]
2019-08-30 05:17:45,596 | INFO  | DNAudit | user=null | ip=null | op=PUT_BLOCK {blockData=[blockId=conID: 1 locID: 102704235516264981 bcsId: 0,size=2097152]} | ret=SUCCESS |  
2019-08-30 05:17:45,596 | INFO  | DNAudit | user=null | ip=null | op=WRITE_CHUNK {blockData=conID: 1 locID: 102704235516264981 bcsId: 0} | ret=SUCCESS |  
2019-08-30 05:17:45,596 [grpc-default-executor-1] INFO  client.GrpcClientProtocolClient (GrpcClientProtocolClient.java:onNext(255)) - client-574492D41EE7->134d4672-e322-4e4b-b7f3-5645abb0fe8c: receive RaftClientReply:client-574492D41EE7->134d4672-e322-4e4b-b7f3-5645abb0fe8c@group-3CB1DFFBCDC2, cid=1898, SUCCESS, logIndex=2759, commits[134d4672-e322-4e4b-b7f3-5645abb0fe8c:c2761, 73af84f3-3e88-4c8c-894c-3ad307bcac8d:c2757, 730a25a1-dbec-44ed-975b-a44ab0096beb:c2757]
2019-08-30 05:17:45,597 [grpc-default-executor-1] INFO  client.GrpcClientProtocolClient (GrpcClientProtocolClient.java:onNext(255)) - client-574492D41EE7->134d4672-e322-4e4b-b7f3-5645abb0fe8c: receive RaftClientReply:client-574492D41EE7->134d4672-e322-4e4b-b7f3-5645abb0fe8c@group-3CB1DFFBCDC2, cid=1899, SUCCESS, logIndex=2760, commits[134d4672-e322-4e4b-b7f3-5645abb0fe8c:c2761, 73af84f3-3e88-4c8c-894c-3ad307bcac8d:c2757, 730a25a1-dbec-44ed-975b-a44ab0096beb:c2757]
2019-08-30 05:17:45,597 [grpc-default-executor-1] INFO  client.GrpcClientProtocolClient (GrpcClientProtocolClient.java:onNext(255)) - client-574492D41EE7->134d4672-e322-4e4b-b7f3-5645abb0fe8c: receive RaftClientReply:client-574492D41EE7->134d4672-e322-4e4b-b7f3-5645abb0fe8c@group-3CB1DFFBCDC2, cid=1900, SUCCESS, logIndex=2761, commits[134d4672-e322-4e4b-b7f3-5645abb0fe8c:c2762, 73af84f3-3e88-4c8c-894c-3ad307bcac8d:c2757, 730a25a1-dbec-44ed-975b-a44ab0096beb:c2758]
2019-08-30 05:17:45,607 | INFO  | DNAudit | user=null | ip=null | op=PUT_BLOCK {blockData=[blockId=conID: 1 locID: 102704235516264981 bcsId: 0,size=1048576]} | ret=SUCCESS |  
2019-08-30 05:17:45,607 | INFO  | DNAudit | user=null | ip=null | op=WRITE_CHUNK {blockData=conID: 1 locID: 102704235516264981 bcsId: 0} | ret=SUCCESS |  
2019-08-30 05:17:45,607 | INFO  | DNAudit | user=null | ip=null | op=PUT_BLOCK {blockData=[blockId=conID: 1 locID: 102704235516264981 bcsId: 0,size=2097152]} | ret=SUCCESS |  
2019-08-30 05:17:45,608 | INFO  | DNAudit | user=null | ip=null | op=PUT_BLOCK {blockData=[blockId=conID: 1 locID: 102704235516264981 bcsId: 0,size=1048576]} | ret=SUCCESS |  
2019-08-30 05:17:45,608 | INFO  | DNAudit | user=null | ip=null | op=WRITE_CHUNK {blockData=conID: 1 locID: 102704235516264981 bcsId: 0} | ret=SUCCESS |  
2019-08-30 05:17:45,608 [grpc-default-executor-1] INFO  client.GrpcClientProtocolClient (GrpcClientProtocolClient.java:onNext(255)) - client-574492D41EE7->134d4672-e322-4e4b-b7f3-5645abb0fe8c: receive RaftClientReply:client-574492D41EE7->134d4672-e322-4e4b-b7f3-5645abb0fe8c@group-3CB1DFFBCDC2, cid=1901, SUCCESS, logIndex=0, commits[134d4672-e322-4e4b-b7f3-5645abb0fe8c:c2765, 73af84f3-3e88-4c8c-894c-3ad307bcac8d:c2760, 730a25a1-dbec-44ed-975b-a44ab0096beb:c2761]
2019-08-30 05:17:45,608 | INFO  | DNAudit | user=null | ip=null | op=PUT_BLOCK {blockData=[blockId=conID: 1 locID: 102704235516264981 bcsId: 0,size=2097152]} | ret=SUCCESS |  
2019-08-30 05:17:45,616 | INFO  | DNAudit | user=null | ip=null | op=WRITE_CHUNK {blockData=conID: 1 locID: 102704235516264981 bcsId: 2761} | ret=SUCCESS |  
2019-08-30 05:17:45,617 | INFO  | DNAudit | user=null | ip=null | op=WRITE_CHUNK {blockData=conID: 1 locID: 102704235516264981 bcsId: 2761} | ret=SUCCESS |  
2019-08-30 05:17:45,618 | INFO  | DNAudit | user=null | ip=null | op=WRITE_CHUNK {blockData=conID: 1 locID: 102704235516264981 bcsId: 2761} | ret=SUCCESS |  
2019-08-30 05:17:45,631 | INFO  | DNAudit | user=null | ip=null | op=WRITE_CHUNK {blockData=conID: 1 locID: 102704235516264981 bcsId: 2761} | ret=SUCCESS |  
2019-08-30 05:17:45,632 | INFO  | DNAudit | user=null | ip=null | op=PUT_BLOCK {blockData=[blockId=conID: 1 locID: 102704235516264981 bcsId: 0,size=3145728]} | ret=SUCCESS |  
2019-08-30 05:17:45,632 [grpc-default-executor-5] INFO  client.GrpcClientProtocolClient (GrpcClientProtocolClient.java:onNext(255)) - client-574492D41EE7->134d4672-e322-4e4b-b7f3-5645abb0fe8c: receive RaftClientReply:client-574492D41EE7->134d4672-e322-4e4b-b7f3-5645abb0fe8c@group-3CB1DFFBCDC2, cid=1902, SUCCESS, logIndex=2766, commits[134d4672-e322-4e4b-b7f3-5645abb0fe8c:c2767, 73af84f3-3e88-4c8c-894c-3ad307bcac8d:c2765, 730a25a1-dbec-44ed-975b-a44ab0096beb:c2765]
2019-08-30 05:17:45,633 [grpc-default-executor-5] INFO  client.GrpcClientProtocolClient (GrpcClientProtocolClient.java:onNext(255)) - client-574492D41EE7->134d4672-e322-4e4b-b7f3-5645abb0fe8c: receive RaftClientReply:client-574492D41EE7->134d4672-e322-4e4b-b7f3-5645abb0fe8c@group-3CB1DFFBCDC2, cid=1903, SUCCESS, logIndex=2767, commits[134d4672-e322-4e4b-b7f3-5645abb0fe8c:c2767, 73af84f3-3e88-4c8c-894c-3ad307bcac8d:c2765, 730a25a1-dbec-44ed-975b-a44ab0096beb:c2765]
2019-08-30 05:17:45,641 | INFO  | DNAudit | user=null | ip=null | op=WRITE_CHUNK {blockData=conID: 1 locID: 102704235516264981 bcsId: 2767} | ret=SUCCESS |  
2019-08-30 05:17:45,642 | INFO  | DNAudit | user=null | ip=null | op=WRITE_CHUNK {blockData=conID: 1 locID: 102704235516264981 bcsId: 2761} | ret=SUCCESS |  
2019-08-30 05:17:45,643 | INFO  | DNAudit | user=null | ip=null | op=WRITE_CHUNK {blockData=conID: 1 locID: 102704235516264981 bcsId: 2767} | ret=SUCCESS |  
2019-08-30 05:17:45,643 | INFO  | DNAudit | user=null | ip=null | op=WRITE_CHUNK {blockData=conID: 1 locID: 102704235516264981 bcsId: 2761} | ret=SUCCESS |  
2019-08-30 05:17:45,643 | INFO  | DNAudit | user=null | ip=null | op=WRITE_CHUNK {blockData=conID: 1 locID: 102704235516264981 bcsId: 2767} | ret=SUCCESS |  
2019-08-30 05:17:45,644 | INFO  | DNAudit | user=null | ip=null | op=PUT_BLOCK {blockData=[blockId=conID: 1 locID: 102704235516264981 bcsId: 0,size=3145728]} | ret=SUCCESS |  
2019-08-30 05:17:45,644 | INFO  | DNAudit | user=null | ip=null | op=WRITE_CHUNK {blockData=conID: 1 locID: 102704235516264981 bcsId: 2767} | ret=SUCCESS |  
2019-08-30 05:17:45,645 | INFO  | DNAudit | user=null | ip=null | op=PUT_BLOCK {blockData=[blockId=conID: 1 locID: 102704235516264981 bcsId: 0,size=4194304]} | ret=SUCCESS |  
2019-08-30 05:17:45,645 [grpc-default-executor-5] INFO  client.GrpcClientProtocolClient (GrpcClientProtocolClient.java:onNext(255)) - client-574492D41EE7->134d4672-e322-4e4b-b7f3-5645abb0fe8c: receive RaftClientReply:client-574492D41EE7->134d4672-e322-4e4b-b7f3-5645abb0fe8c@group-3CB1DFFBCDC2, cid=1904, SUCCESS, logIndex=2770, commits[134d4672-e322-4e4b-b7f3-5645abb0fe8c:c2771, 73af84f3-3e88-4c8c-894c-3ad307bcac8d:c2766, 730a25a1-dbec-44ed-975b-a44ab0096beb:c2767]
2019-08-30 05:17:45,645 | INFO  | DNAudit | user=null | ip=null | op=PUT_BLOCK {blockData=[blockId=conID: 1 locID: 102704235516264981 bcsId: 0,size=3145728]} | ret=SUCCESS |  
2019-08-30 05:17:45,645 [grpc-default-executor-6] INFO  client.GrpcClientProtocolClient (GrpcClientProtocolClient.java:onNext(255)) - client-574492D41EE7->134d4672-e322-4e4b-b7f3-5645abb0fe8c: receive RaftClientReply:client-574492D41EE7->134d4672-e322-4e4b-b7f3-5645abb0fe8c@group-3CB1DFFBCDC2, cid=1905, SUCCESS, logIndex=2771, commits[134d4672-e322-4e4b-b7f3-5645abb0fe8c:c2771, 73af84f3-3e88-4c8c-894c-3ad307bcac8d:c2766, 730a25a1-dbec-44ed-975b-a44ab0096beb:c2767]
2019-08-30 05:17:45,646 | INFO  | DNAudit | user=null | ip=null | op=WRITE_CHUNK {blockData=conID: 1 locID: 102704235516264981 bcsId: 2767} | ret=SUCCESS |  
2019-08-30 05:17:45,646 [grpc-default-executor-6] INFO  client.GrpcClientProtocolClient (GrpcClientProtocolClient.java:onNext(255)) - client-574492D41EE7->134d4672-e322-4e4b-b7f3-5645abb0fe8c: receive RaftClientReply:client-574492D41EE7->134d4672-e322-4e4b-b7f3-5645abb0fe8c@group-3CB1DFFBCDC2, cid=1906, SUCCESS, logIndex=0, commits[134d4672-e322-4e4b-b7f3-5645abb0fe8c:c2771, 73af84f3-3e88-4c8c-894c-3ad307bcac8d:c2767, 730a25a1-dbec-44ed-975b-a44ab0096beb:c2767]
2019-08-30 05:17:45,657 | INFO  | DNAudit | user=null | ip=null | op=WRITE_CHUNK {blockData=conID: 1 locID: 102704235516264981 bcsId: 2767} | ret=SUCCESS |  
2019-08-30 05:17:45,658 | INFO  | DNAudit | user=null | ip=null | op=PUT_BLOCK {blockData=[blockId=conID: 1 locID: 102704235516264981 bcsId: 0,size=4194304]} | ret=SUCCESS |  
2019-08-30 05:17:45,658 | INFO  | DNAudit | user=null | ip=null | op=PUT_BLOCK {blockData=[blockId=conID: 1 locID: 102704235516264981 bcsId: 0,size=4194304]} | ret=SUCCESS |  
2019-08-30 05:17:45,658 [grpc-default-executor-6] INFO  client.GrpcClientProtocolClient (GrpcClientProtocolClient.java:onNext(255)) - client-574492D41EE7->134d4672-e322-4e4b-b7f3-5645abb0fe8c: receive RaftClientReply:client-574492D41EE7->134d4672-e322-4e4b-b7f3-5645abb0fe8c@group-3CB1DFFBCDC2, cid=1907, SUCCESS, logIndex=0, commits[134d4672-e322-4e4b-b7f3-5645abb0fe8c:c2773, 73af84f3-3e88-4c8c-894c-3ad307bcac8d:c2771, 730a25a1-dbec-44ed-975b-a44ab0096beb:c2771]
2019-08-30 05:17:45,662 | INFO  | SCMAudit | user=jenkins1000 | ip=192.168.36.106 | op=ALLOCATE_BLOCK {owner=85755eb5-052d-48fa-b271-2fe4d8754e12, size=4194304, type=RATIS, factor=THREE} | ret=SUCCESS |  
2019-08-30 05:17:45,665 | INFO  | OMAudit | user=jenkins1000 | ip=127.0.0.1 | op=ALLOCATE_BLOCK {volume=vol-0-00977, bucket=bucket-0-44205, key=key-0-32850, dataSize=0, replicationType=null, replicationFactor=null, keyLocationInfo=null, clientID=102704234570776978} | ret=SUCCESS |  
2019-08-30 05:17:45,671 | INFO  | DNAudit | user=null | ip=null | op=WRITE_CHUNK {blockData=conID: 2 locID: 102704235522425366 bcsId: 0} | ret=SUCCESS |  
 0.00% |█                                                                                                    |  0/1 Time: 0:00:152019-08-30 05:17:46,316 | INFO  | DNAudit | user=null | ip=null | op=WRITE_CHUNK {blockData=conID: 2 locID: 102704235522425366 bcsId: 0} | ret=SUCCESS |  
2019-08-30 05:17:46,316 | INFO  | SCMAudit | user=jenkins1000 | ip=192.168.36.106 | op=SEND_HEARTBEAT {datanodeUUID=ea5d4b6b-4a08-401a-8c59-ecc1ca37daf5, command=[]} | ret=SUCCESS |  
2019-08-30 05:17:46,316 | INFO  | SCMAudit | user=jenkins1000 | ip=192.168.36.106 | op=SEND_HEARTBEAT {datanodeUUID=134d4672-e322-4e4b-b7f3-5645abb0fe8c, command=[]} | ret=SUCCESS |  
2019-08-30 05:17:46,316 | INFO  | SCMAudit | user=jenkins1000 | ip=192.168.36.106 | op=SEND_HEARTBEAT {datanodeUUID=730a25a1-dbec-44ed-975b-a44ab0096beb, command=[]} | ret=SUCCESS |  
2019-08-30 05:17:46,316 | INFO  | SCMAudit | user=jenkins1000 | ip=192.168.36.106 | op=SEND_HEARTBEAT {datanodeUUID=73af84f3-3e88-4c8c-894c-3ad307bcac8d, command=[]} | ret=SUCCESS |  
2019-08-30 05:17:46,320 | INFO  | DNAudit | user=null | ip=null | op=WRITE_CHUNK {blockData=conID: 2 locID: 102704235522425366 bcsId: 0} | ret=SUCCESS |  
2019-08-30 05:17:46,320 | INFO  | DNAudit | user=null | ip=null | op=WRITE_CHUNK {blockData=conID: 2 locID: 102704235522425366 bcsId: 0} | ret=SUCCESS |  
2019-08-30 05:17:46,324 | INFO  | DNAudit | user=null | ip=null | op=WRITE_CHUNK {blockData=conID: 2 locID: 102704235522425366 bcsId: 0} | ret=SUCCESS |  
2019-08-30 05:17:46,324 | INFO  | DNAudit | user=null | ip=null | op=WRITE_CHUNK {blockData=conID: 2 locID: 102704235522425366 bcsId: 0} | ret=SUCCESS |  
2019-08-30 05:17:46,328 | INFO  | DNAudit | user=null | ip=null | op=WRITE_CHUNK {blockData=conID: 2 locID: 102704235522425366 bcsId: 0} | ret=SUCCESS |  
2019-08-30 05:17:46,329 | INFO  | DNAudit | user=null | ip=null | op=PUT_BLOCK {blockData=[blockId=conID: 2 locID: 102704235522425366 bcsId: 0,size=1048576]} | ret=SUCCESS |  
2019-08-30 05:17:46,330 | INFO  | DNAudit | user=null | ip=null | op=WRITE_CHUNK {blockData=conID: 2 locID: 102704235522425366 bcsId: 0} | ret=SUCCESS |  
2019-08-30 05:17:46,329 [grpc-default-executor-6] INFO  client.GrpcClientProtocolClient (GrpcClientProtocolClient.java:onNext(255)) - client-574492D41EE7->134d4672-e322-4e4b-b7f3-5645abb0fe8c: receive RaftClientReply:client-574492D41EE7->134d4672-e322-4e4b-b7f3-5645abb0fe8c@group-3CB1DFFBCDC2, cid=1908, SUCCESS, logIndex=2774, commits[134d4672-e322-4e4b-b7f3-5645abb0fe8c:c2775, 73af84f3-3e88-4c8c-894c-3ad307bcac8d:c2773, 730a25a1-dbec-44ed-975b-a44ab0096beb:c2773]
2019-08-30 05:17:46,330 | INFO  | DNAudit | user=null | ip=null | op=PUT_BLOCK {blockData=[blockId=conID: 2 locID: 102704235522425366 bcsId: 0,size=2097152]} | ret=SUCCESS |  
2019-08-30 05:17:46,331 | INFO  | DNAudit | user=null | ip=null | op=WRITE_CHUNK {blockData=conID: 2 locID: 102704235522425366 bcsId: 0} | ret=SUCCESS |  
2019-08-30 05:17:46,331 | INFO  | DNAudit | user=null | ip=null | op=PUT_BLOCK {blockData=[blockId=conID: 2 locID: 102704235522425366 bcsId: 0,size=1048576]} | ret=SUCCESS |  
2019-08-30 05:17:46,331 | INFO  | DNAudit | user=null | ip=null | op=WRITE_CHUNK {blockData=conID: 2 locID: 102704235522425366 bcsId: 0} | ret=SUCCESS |  
2019-08-30 05:17:46,331 [grpc-default-executor-6] INFO  client.GrpcClientProtocolClient (GrpcClientProtocolClient.java:onNext(255)) - client-574492D41EE7->134d4672-e322-4e4b-b7f3-5645abb0fe8c: receive RaftClientReply:client-574492D41EE7->134d4672-e322-4e4b-b7f3-5645abb0fe8c@group-3CB1DFFBCDC2, cid=1909, SUCCESS, logIndex=2775, commits[134d4672-e322-4e4b-b7f3-5645abb0fe8c:c2777, 73af84f3-3e88-4c8c-894c-3ad307bcac8d:c2773, 730a25a1-dbec-44ed-975b-a44ab0096beb:c2773]
2019-08-30 05:17:46,332 | INFO  | DNAudit | user=null | ip=null | op=PUT_BLOCK {blockData=[blockId=conID: 2 locID: 102704235522425366 bcsId: 0,size=1048576]} | ret=SUCCESS |  
2019-08-30 05:17:46,332 | INFO  | DNAudit | user=null | ip=null | op=WRITE_CHUNK {blockData=conID: 2 locID: 102704235522425366 bcsId: 0} | ret=SUCCESS |  
2019-08-30 05:17:46,332 [grpc-default-executor-6] INFO  client.GrpcClientProtocolClient (GrpcClientProtocolClient.java:onNext(255)) - client-574492D41EE7->134d4672-e322-4e4b-b7f3-5645abb0fe8c: receive RaftClientReply:client-574492D41EE7->134d4672-e322-4e4b-b7f3-5645abb0fe8c@group-3CB1DFFBCDC2, cid=1910, SUCCESS, logIndex=2776, commits[134d4672-e322-4e4b-b7f3-5645abb0fe8c:c2777, 73af84f3-3e88-4c8c-894c-3ad307bcac8d:c2773, 730a25a1-dbec-44ed-975b-a44ab0096beb:c2773]
2019-08-30 05:17:46,332 | INFO  | DNAudit | user=null | ip=null | op=PUT_BLOCK {blockData=[blockId=conID: 2 locID: 102704235522425366 bcsId: 0,size=2097152]} | ret=SUCCESS |  
2019-08-30 05:17:46,332 [grpc-default-executor-6] INFO  client.GrpcClientProtocolClient (GrpcClientProtocolClient.java:onNext(255)) - client-574492D41EE7->134d4672-e322-4e4b-b7f3-5645abb0fe8c: receive RaftClientReply:client-574492D41EE7->134d4672-e322-4e4b-b7f3-5645abb0fe8c@group-3CB1DFFBCDC2, cid=1911, SUCCESS, logIndex=2777, commits[134d4672-e322-4e4b-b7f3-5645abb0fe8c:c2778, 73af84f3-3e88-4c8c-894c-3ad307bcac8d:c2775, 730a25a1-dbec-44ed-975b-a44ab0096beb:c2773]
2019-08-30 05:17:46,333 [grpc-default-executor-6] INFO  client.GrpcClientProtocolClient (GrpcClientProtocolClient.java:onNext(255)) - client-574492D41EE7->134d4672-e322-4e4b-b7f3-5645abb0fe8c: receive RaftClientReply:client-574492D41EE7->134d4672-e322-4e4b-b7f3-5645abb0fe8c@group-3CB1DFFBCDC2, cid=1912, SUCCESS, logIndex=0, commits[134d4672-e322-4e4b-b7f3-5645abb0fe8c:c2781, 73af84f3-3e88-4c8c-894c-3ad307bcac8d:c2775, 730a25a1-dbec-44ed-975b-a44ab0096beb:c2777]
2019-08-30 05:17:46,342 | INFO  | DNAudit | user=null | ip=null | op=WRITE_CHUNK {blockData=conID: 2 locID: 102704235522425366 bcsId: 0} | ret=SUCCESS |  
2019-08-30 05:17:46,343 | INFO  | DNAudit | user=null | ip=null | op=PUT_BLOCK {blockData=[blockId=conID: 2 locID: 102704235522425366 bcsId: 0,size=2097152]} | ret=SUCCESS |  
2019-08-30 05:17:46,343 | INFO  | DNAudit | user=null | ip=null | op=WRITE_CHUNK {blockData=conID: 2 locID: 102704235522425366 bcsId: 2777} | ret=SUCCESS |  
2019-08-30 05:17:46,347 | INFO  | DNAudit | user=null | ip=null | op=WRITE_CHUNK {blockData=conID: 2 locID: 102704235522425366 bcsId: 2777} | ret=SUCCESS |  
2019-08-30 05:17:46,347 | INFO  | DNAudit | user=null | ip=null | op=WRITE_CHUNK {blockData=conID: 2 locID: 102704235522425366 bcsId: 2777} | ret=SUCCESS |  
2019-08-30 05:17:46,356 | INFO  | DNAudit | user=null | ip=null | op=WRITE_CHUNK {blockData=conID: 2 locID: 102704235522425366 bcsId: 2777} | ret=SUCCESS |  
2019-08-30 05:17:46,357 | INFO  | DNAudit | user=null | ip=null | op=PUT_BLOCK {blockData=[blockId=conID: 2 locID: 102704235522425366 bcsId: 0,size=3145728]} | ret=SUCCESS |  
2019-08-30 05:17:46,357 [grpc-default-executor-3] INFO  client.GrpcClientProtocolClient (GrpcClientProtocolClient.java:onNext(255)) - client-574492D41EE7->134d4672-e322-4e4b-b7f3-5645abb0fe8c: receive RaftClientReply:client-574492D41EE7->134d4672-e322-4e4b-b7f3-5645abb0fe8c@group-3CB1DFFBCDC2, cid=1913, SUCCESS, logIndex=2782, commits[134d4672-e322-4e4b-b7f3-5645abb0fe8c:c2783, 73af84f3-3e88-4c8c-894c-3ad307bcac8d:c2781, 730a25a1-dbec-44ed-975b-a44ab0096beb:c2781]
2019-08-30 05:17:46,357 [grpc-default-executor-3] INFO  client.GrpcClientProtocolClient (GrpcClientProtocolClient.java:onNext(255)) - client-574492D41EE7->134d4672-e322-4e4b-b7f3-5645abb0fe8c: receive RaftClientReply:client-574492D41EE7->134d4672-e322-4e4b-b7f3-5645abb0fe8c@group-3CB1DFFBCDC2, cid=1914, SUCCESS, logIndex=2783, commits[134d4672-e322-4e4b-b7f3-5645abb0fe8c:c2783, 73af84f3-3e88-4c8c-894c-3ad307bcac8d:c2781, 730a25a1-dbec-44ed-975b-a44ab0096beb:c2781]
2019-08-30 05:17:46,365 | INFO  | DNAudit | user=null | ip=null | op=WRITE_CHUNK {blockData=conID: 2 locID: 102704235522425366 bcsId: 2783} | ret=SUCCESS |  
2019-08-30 05:17:46,368 | INFO  | DNAudit | user=null | ip=null | op=WRITE_CHUNK {blockData=conID: 2 locID: 102704235522425366 bcsId: 2777} | ret=SUCCESS |  
2019-08-30 05:17:46,368 | INFO  | DNAudit | user=null | ip=null | op=WRITE_CHUNK {blockData=conID: 2 locID: 102704235522425366 bcsId: 2777} | ret=SUCCESS |  
2019-08-30 05:17:46,368 | INFO  | DNAudit | user=null | ip=null | op=WRITE_CHUNK {blockData=conID: 2 locID: 102704235522425366 bcsId: 2783} | ret=SUCCESS |  
2019-08-30 05:17:46,368 | INFO  | DNAudit | user=null | ip=null | op=WRITE_CHUNK {blockData=conID: 2 locID: 102704235522425366 bcsId: 2783} | ret=SUCCESS |  
2019-08-30 05:17:46,380 | INFO  | DNAudit | user=null | ip=null | op=PUT_BLOCK {blockData=[blockId=conID: 2 locID: 102704235522425366 bcsId: 0,size=3145728]} | ret=SUCCESS |  
2019-08-30 05:17:46,380 | INFO  | DNAudit | user=null | ip=null | op=WRITE_CHUNK {blockData=conID: 2 locID: 102704235522425366 bcsId: 2783} | ret=SUCCESS |  
2019-08-30 05:17:46,380 | INFO  | DNAudit | user=null | ip=null | op=PUT_BLOCK {blockData=[blockId=conID: 2 locID: 102704235522425366 bcsId: 0,size=3145728]} | ret=SUCCESS |  
2019-08-30 05:17:46,380 | INFO  | DNAudit | user=null | ip=null | op=PUT_BLOCK {blockData=[blockId=conID: 2 locID: 102704235522425366 bcsId: 0,size=4194304]} | ret=SUCCESS |  
2019-08-30 05:17:46,380 [grpc-default-executor-3] INFO  client.GrpcClientProtocolClient (GrpcClientProtocolClient.java:onNext(255)) - client-574492D41EE7->134d4672-e322-4e4b-b7f3-5645abb0fe8c: receive RaftClientReply:client-574492D41EE7->134d4672-e322-4e4b-b7f3-5645abb0fe8c@group-3CB1DFFBCDC2, cid=1915, SUCCESS, logIndex=2786, commits[134d4672-e322-4e4b-b7f3-5645abb0fe8c:c2787, 73af84f3-3e88-4c8c-894c-3ad307bcac8d:c2783, 730a25a1-dbec-44ed-975b-a44ab0096beb:c2782]
2019-08-30 05:17:46,381 [grpc-default-executor-3] INFO  client.GrpcClientProtocolClient (GrpcClientProtocolClient.java:onNext(255)) - client-574492D41EE7->134d4672-e322-4e4b-b7f3-5645abb0fe8c: receive RaftClientReply:client-574492D41EE7->134d4672-e322-4e4b-b7f3-5645abb0fe8c@group-3CB1DFFBCDC2, cid=1916, SUCCESS, logIndex=2787, commits[134d4672-e322-4e4b-b7f3-5645abb0fe8c:c2787, 73af84f3-3e88-4c8c-894c-3ad307bcac8d:c2783, 730a25a1-dbec-44ed-975b-a44ab0096beb:c2783]
2019-08-30 05:17:46,393 | INFO  | DNAudit | user=null | ip=null | op=WRITE_CHUNK {blockData=conID: 2 locID: 102704235522425366 bcsId: 2783} | ret=SUCCESS |  
2019-08-30 05:17:46,393 | INFO  | DNAudit | user=null | ip=null | op=WRITE_CHUNK {blockData=conID: 2 locID: 102704235522425366 bcsId: 2783} | ret=SUCCESS |  
2019-08-30 05:17:46,394 | INFO  | DNAudit | user=null | ip=null | op=PUT_BLOCK {blockData=[blockId=conID: 2 locID: 102704235522425366 bcsId: 0,size=4194304]} | ret=SUCCESS |  
2019-08-30 05:17:46,394 | INFO  | DNAudit | user=null | ip=null | op=PUT_BLOCK {blockData=[blockId=conID: 2 locID: 102704235522425366 bcsId: 0,size=4194304]} | ret=SUCCESS |  
2019-08-30 05:17:46,395 [grpc-default-executor-3] INFO  client.GrpcClientProtocolClient (GrpcClientProtocolClient.java:onNext(255)) - client-574492D41EE7->134d4672-e322-4e4b-b7f3-5645abb0fe8c: receive RaftClientReply:client-574492D41EE7->134d4672-e322-4e4b-b7f3-5645abb0fe8c@group-3CB1DFFBCDC2, cid=1917, SUCCESS, logIndex=0, commits[134d4672-e322-4e4b-b7f3-5645abb0fe8c:c2789, 73af84f3-3e88-4c8c-894c-3ad307bcac8d:c2787, 730a25a1-dbec-44ed-975b-a44ab0096beb:c2787]
2019-08-30 05:17:46,400 | INFO  | SCMAudit | user=jenkins1000 | ip=192.168.36.106 | op=ALLOCATE_BLOCK {owner=85755eb5-052d-48fa-b271-2fe4d8754e12, size=4194304, type=RATIS, factor=THREE} | ret=SUCCESS |  
2019-08-30 05:17:46,403 | INFO  | OMAudit | user=jenkins1000 | ip=127.0.0.1 | op=ALLOCATE_BLOCK {volume=vol-0-00977, bucket=bucket-0-44205, key=key-0-32850, dataSize=0, replicationType=null, replicationFactor=null, keyLocationInfo=null, clientID=102704234570776978} | ret=SUCCESS |  
2019-08-30 05:17:46,414 | INFO  | DNAudit | user=null | ip=null | op=WRITE_CHUNK {blockData=conID: 3 locID: 102704235570790935 bcsId: 0} | ret=SUCCESS |  
2019-08-30 05:17:46,417 | INFO  | DNAudit | user=null | ip=null | op=WRITE_CHUNK {blockData=conID: 3 locID: 102704235570790935 bcsId: 0} | ret=SUCCESS |  
2019-08-30 05:17:46,418 | INFO  | DNAudit | user=null | ip=null | op=WRITE_CHUNK {blockData=conID: 3 locID: 102704235570790935 bcsId: 0} | ret=SUCCESS |  
2019-08-30 05:17:46,419 | INFO  | DNAudit | user=null | ip=null | op=WRITE_CHUNK {blockData=conID: 3 locID: 102704235570790935 bcsId: 0} | ret=SUCCESS |  
2019-08-30 05:17:46,420 | INFO  | DNAudit | user=null | ip=null | op=WRITE_CHUNK {blockData=conID: 3 locID: 102704235570790935 bcsId: 0} | ret=SUCCESS |  
2019-08-30 05:17:46,421 | INFO  | DNAudit | user=null | ip=null | op=WRITE_CHUNK {blockData=conID: 3 locID: 102704235570790935 bcsId: 0} | ret=SUCCESS |  
2019-08-30 05:17:46,427 | INFO  | DNAudit | user=null | ip=null | op=WRITE_CHUNK {blockData=conID: 3 locID: 102704235570790935 bcsId: 0} | ret=SUCCESS |  
2019-08-30 05:17:46,428 | INFO  | DNAudit | user=null | ip=null | op=PUT_BLOCK {blockData=[blockId=conID: 3 locID: 102704235570790935 bcsId: 0,size=1048576]} | ret=SUCCESS |  
2019-08-30 05:17:46,428 | INFO  | DNAudit | user=null | ip=null | op=WRITE_CHUNK {blockData=conID: 3 locID: 102704235570790935 bcsId: 0} | ret=SUCCESS |  
2019-08-30 05:17:46,428 [grpc-default-executor-6] INFO  client.GrpcClientProtocolClient (GrpcClientProtocolClient.java:onNext(255)) - client-574492D41EE7->134d4672-e322-4e4b-b7f3-5645abb0fe8c: receive RaftClientReply:client-574492D41EE7->134d4672-e322-4e4b-b7f3-5645abb0fe8c@group-3CB1DFFBCDC2, cid=1918, SUCCESS, logIndex=2790, commits[134d4672-e322-4e4b-b7f3-5645abb0fe8c:c2791, 73af84f3-3e88-4c8c-894c-3ad307bcac8d:c2789, 730a25a1-dbec-44ed-975b-a44ab0096beb:c2789]
2019-08-30 05:17:46,428 | INFO  | DNAudit | user=null | ip=null | op=PUT_BLOCK {blockData=[blockId=conID: 3 locID: 102704235570790935 bcsId: 0,size=2097152]} | ret=SUCCESS |  
2019-08-30 05:17:46,429 [grpc-default-executor-6] INFO  client.GrpcClientProtocolClient (GrpcClientProtocolClient.java:onNext(255)) - client-574492D41EE7->134d4672-e322-4e4b-b7f3-5645abb0fe8c: receive RaftClientReply:client-574492D41EE7->134d4672-e322-4e4b-b7f3-5645abb0fe8c@group-3CB1DFFBCDC2, cid=1919, SUCCESS, logIndex=2791, commits[134d4672-e322-4e4b-b7f3-5645abb0fe8c:c2793, 73af84f3-3e88-4c8c-894c-3ad307bcac8d:c2789, 730a25a1-dbec-44ed-975b-a44ab0096beb:c2789]
2019-08-30 05:17:46,429 [grpc-default-executor-6] INFO  client.GrpcClientProtocolClient (GrpcClientProtocolClient.java:onNext(255)) - client-574492D41EE7->134d4672-e322-4e4b-b7f3-5645abb0fe8c: receive RaftClientReply:client-574492D41EE7->134d4672-e322-4e4b-b7f3-5645abb0fe8c@group-3CB1DFFBCDC2, cid=1920, SUCCESS, logIndex=2792, commits[134d4672-e322-4e4b-b7f3-5645abb0fe8c:c2793, 73af84f3-3e88-4c8c-894c-3ad307bcac8d:c2789, 730a25a1-dbec-44ed-975b-a44ab0096beb:c2789]
2019-08-30 05:17:46,429 [grpc-default-executor-6] INFO  client.GrpcClientProtocolClient (GrpcClientProtocolClient.java:onNext(255)) - client-574492D41EE7->134d4672-e322-4e4b-b7f3-5645abb0fe8c: receive RaftClientReply:client-574492D41EE7->134d4672-e322-4e4b-b7f3-5645abb0fe8c@group-3CB1DFFBCDC2, cid=1921, SUCCESS, logIndex=2793, commits[134d4672-e322-4e4b-b7f3-5645abb0fe8c:c2793, 73af84f3-3e88-4c8c-894c-3ad307bcac8d:c2789, 730a25a1-dbec-44ed-975b-a44ab0096beb:c2789]
2019-08-30 05:17:46,431 | INFO  | DNAudit | user=null | ip=null | op=WRITE_CHUNK {blockData=conID: 3 locID: 102704235570790935 bcsId: 0} | ret=SUCCESS |  
2019-08-30 05:17:46,431 | INFO  | DNAudit | user=null | ip=null | op=WRITE_CHUNK {blockData=conID: 3 locID: 102704235570790935 bcsId: 0} | ret=SUCCESS |  
2019-08-30 05:17:46,431 | INFO  | DNAudit | user=null | ip=null | op=PUT_BLOCK {blockData=[blockId=conID: 3 locID: 102704235570790935 bcsId: 0,size=1048576]} | ret=SUCCESS |  
2019-08-30 05:17:46,442 | INFO  | DNAudit | user=null | ip=null | op=PUT_BLOCK {blockData=[blockId=conID: 3 locID: 102704235570790935 bcsId: 0,size=1048576]} | ret=SUCCESS |  
2019-08-30 05:17:46,442 | INFO  | DNAudit | user=null | ip=null | op=WRITE_CHUNK {blockData=conID: 3 locID: 102704235570790935 bcsId: 0} | ret=SUCCESS |  
2019-08-30 05:17:46,443 | INFO  | DNAudit | user=null | ip=null | op=WRITE_CHUNK {blockData=conID: 3 locID: 102704235570790935 bcsId: 0} | ret=SUCCESS |  
2019-08-30 05:17:46,443 | INFO  | DNAudit | user=null | ip=null | op=PUT_BLOCK {blockData=[blockId=conID: 3 locID: 102704235570790935 bcsId: 0,size=2097152]} | ret=SUCCESS |  
2019-08-30 05:17:46,443 | INFO  | DNAudit | user=null | ip=null | op=PUT_BLOCK {blockData=[blockId=conID: 3 locID: 102704235570790935 bcsId: 0,size=2097152]} | ret=SUCCESS |  
2019-08-30 05:17:46,443 [grpc-default-executor-6] INFO  client.GrpcClientProtocolClient (GrpcClientProtocolClient.java:onNext(255)) - client-574492D41EE7->134d4672-e322-4e4b-b7f3-5645abb0fe8c: receive RaftClientReply:client-574492D41EE7->134d4672-e322-4e4b-b7f3-5645abb0fe8c@group-3CB1DFFBCDC2, cid=1922, SUCCESS, logIndex=0, commits[134d4672-e322-4e4b-b7f3-5645abb0fe8c:c2795, 73af84f3-3e88-4c8c-894c-3ad307bcac8d:c2791, 730a25a1-dbec-44ed-975b-a44ab0096beb:c2791]
2019-08-30 05:17:46,450 | INFO  | DNAudit | user=null | ip=null | op=WRITE_CHUNK {blockData=conID: 3 locID: 102704235570790935 bcsId: 2793} | ret=SUCCESS |  
2019-08-30 05:17:46,452 | INFO  | DNAudit | user=null | ip=null | op=WRITE_CHUNK {blockData=conID: 3 locID: 102704235570790935 bcsId: 2793} | ret=SUCCESS |  
2019-08-30 05:17:46,452 | INFO  | DNAudit | user=null | ip=null | op=WRITE_CHUNK {blockData=conID: 3 locID: 102704235570790935 bcsId: 2793} | ret=SUCCESS |  
2019-08-30 05:17:46,462 | INFO  | DNAudit | user=null | ip=null | op=WRITE_CHUNK {blockData=conID: 3 locID: 102704235570790935 bcsId: 2793} | ret=SUCCESS |  
2019-08-30 05:17:46,463 | INFO  | DNAudit | user=null | ip=null | op=PUT_BLOCK {blockData=[blockId=conID: 3 locID: 102704235570790935 bcsId: 0,size=3145728]} | ret=SUCCESS |  
2019-08-30 05:17:46,463 [grpc-default-executor-6] INFO  client.GrpcClientProtocolClient (GrpcClientProtocolClient.java:onNext(255)) - client-574492D41EE7->134d4672-e322-4e4b-b7f3-5645abb0fe8c: receive RaftClientReply:client-574492D41EE7->134d4672-e322-4e4b-b7f3-5645abb0fe8c@group-3CB1DFFBCDC2, cid=1923, SUCCESS, logIndex=2798, commits[134d4672-e322-4e4b-b7f3-5645abb0fe8c:c2799, 73af84f3-3e88-4c8c-894c-3ad307bcac8d:c2797, 730a25a1-dbec-44ed-975b-a44ab0096beb:c2797]
2019-08-30 05:17:46,463 [grpc-default-executor-6] INFO  client.GrpcClientProtocolClient (GrpcClientProtocolClient.java:onNext(255)) - client-574492D41EE7->134d4672-e322-4e4b-b7f3-5645abb0fe8c: receive RaftClientReply:client-574492D41EE7->134d4672-e322-4e4b-b7f3-5645abb0fe8c@group-3CB1DFFBCDC2, cid=1924, SUCCESS, logIndex=2799, commits[134d4672-e322-4e4b-b7f3-5645abb0fe8c:c2799, 73af84f3-3e88-4c8c-894c-3ad307bcac8d:c2797, 730a25a1-dbec-44ed-975b-a44ab0096beb:c2797]
2019-08-30 05:17:46,469 | INFO  | DNAudit | user=null | ip=null | op=WRITE_CHUNK {blockData=conID: 3 locID: 102704235570790935 bcsId: 2799} | ret=SUCCESS |  
2019-08-30 05:17:46,472 | INFO  | DNAudit | user=null | ip=null | op=WRITE_CHUNK {blockData=conID: 3 locID: 102704235570790935 bcsId: 2799} | ret=SUCCESS |  
2019-08-30 05:17:46,472 | INFO  | DNAudit | user=null | ip=null | op=WRITE_CHUNK {blockData=conID: 3 locID: 102704235570790935 bcsId: 2799} | ret=SUCCESS |  
2019-08-30 05:17:46,474 | INFO  | DNAudit | user=null | ip=null | op=WRITE_CHUNK {blockData=conID: 3 locID: 102704235570790935 bcsId: 2793} | ret=SUCCESS |  
2019-08-30 05:17:46,474 | INFO  | DNAudit | user=null | ip=null | op=WRITE_CHUNK {blockData=conID: 3 locID: 102704235570790935 bcsId: 2793} | ret=SUCCESS |  
2019-08-30 05:17:46,476 | INFO  | DNAudit | user=null | ip=null | op=PUT_BLOCK {blockData=[blockId=conID: 3 locID: 102704235570790935 bcsId: 0,size=3145728]} | ret=SUCCESS |  
2019-08-30 05:17:46,476 | INFO  | DNAudit | user=null | ip=null | op=PUT_BLOCK {blockData=[blockId=conID: 3 locID: 102704235570790935 bcsId: 0,size=3145728]} | ret=SUCCESS |  
2019-08-30 05:17:46,476 | INFO  | DNAudit | user=null | ip=null | op=WRITE_CHUNK {blockData=conID: 3 locID: 102704235570790935 bcsId: 2799} | ret=SUCCESS |  
2019-08-30 05:17:46,477 | INFO  | DNAudit | user=null | ip=null | op=PUT_BLOCK {blockData=[blockId=conID: 3 locID: 102704235570790935 bcsId: 0,size=4194304]} | ret=SUCCESS |  
2019-08-30 05:17:46,477 [grpc-default-executor-1] INFO  client.GrpcClientProtocolClient (GrpcClientProtocolClient.java:onNext(255)) - client-574492D41EE7->134d4672-e322-4e4b-b7f3-5645abb0fe8c: receive RaftClientReply:client-574492D41EE7->134d4672-e322-4e4b-b7f3-5645abb0fe8c@group-3CB1DFFBCDC2, cid=1925, SUCCESS, logIndex=2802, commits[134d4672-e322-4e4b-b7f3-5645abb0fe8c:c2803, 73af84f3-3e88-4c8c-894c-3ad307bcac8d:c2799, 730a25a1-dbec-44ed-975b-a44ab0096beb:c2799]
2019-08-30 05:17:46,477 [grpc-default-executor-1] INFO  client.GrpcClientProtocolClient (GrpcClientProtocolClient.java:onNext(255)) - client-574492D41EE7->134d4672-e322-4e4b-b7f3-5645abb0fe8c: receive RaftClientReply:client-574492D41EE7->134d4672-e322-4e4b-b7f3-5645abb0fe8c@group-3CB1DFFBCDC2, cid=1926, SUCCESS, logIndex=2803, commits[134d4672-e322-4e4b-b7f3-5645abb0fe8c:c2803, 73af84f3-3e88-4c8c-894c-3ad307bcac8d:c2799, 730a25a1-dbec-44ed-975b-a44ab0096beb:c2799]
2019-08-30 05:17:46,487 | INFO  | DNAudit | user=null | ip=null | op=WRITE_CHUNK {blockData=conID: 3 locID: 102704235570790935 bcsId: 2799} | ret=SUCCESS |  
2019-08-30 05:17:46,487 | INFO  | DNAudit | user=null | ip=null | op=WRITE_CHUNK {blockData=conID: 3 locID: 102704235570790935 bcsId: 2799} | ret=SUCCESS |  
2019-08-30 05:17:46,489 | INFO  | DNAudit | user=null | ip=null | op=PUT_BLOCK {blockData=[blockId=conID: 3 locID: 102704235570790935 bcsId: 0,size=4194304]} | ret=SUCCESS |  
2019-08-30 05:17:46,489 | INFO  | DNAudit | user=null | ip=null | op=PUT_BLOCK {blockData=[blockId=conID: 3 locID: 102704235570790935 bcsId: 0,size=4194304]} | ret=SUCCESS |  
2019-08-30 05:17:46,490 [grpc-default-executor-1] INFO  client.GrpcClientProtocolClient (GrpcClientProtocolClient.java:onNext(255)) - client-574492D41EE7->134d4672-e322-4e4b-b7f3-5645abb0fe8c: receive RaftClientReply:client-574492D41EE7->134d4672-e322-4e4b-b7f3-5645abb0fe8c@group-3CB1DFFBCDC2, cid=1927, SUCCESS, logIndex=0, commits[134d4672-e322-4e4b-b7f3-5645abb0fe8c:c2805, 73af84f3-3e88-4c8c-894c-3ad307bcac8d:c2803, 730a25a1-dbec-44ed-975b-a44ab0096beb:c2803]
2019-08-30 05:17:46,494 | INFO  | SCMAudit | user=jenkins1000 | ip=192.168.36.106 | op=ALLOCATE_BLOCK {owner=85755eb5-052d-48fa-b271-2fe4d8754e12, size=4194304, type=RATIS, factor=THREE} | ret=SUCCESS |  
2019-08-30 05:17:46,497 | INFO  | OMAudit | user=jenkins1000 | ip=127.0.0.1 | op=ALLOCATE_BLOCK {volume=vol-0-00977, bucket=bucket-0-44205, key=key-0-32850, dataSize=0, replicationType=null, replicationFactor=null, keyLocationInfo=null, clientID=102704234570776978} | ret=SUCCESS |  
2019-08-30 05:17:46,504 | INFO  | DNAudit | user=null | ip=null | op=WRITE_CHUNK {blockData=conID: 1 locID: 102704235576951320 bcsId: 0} | ret=SUCCESS |  
2019-08-30 05:17:46,507 | INFO  | DNAudit | user=null | ip=null | op=WRITE_CHUNK {blockData=conID: 1 locID: 102704235576951320 bcsId: 0} | ret=SUCCESS |  
2019-08-30 05:17:46,507 | INFO  | DNAudit | user=null | ip=null | op=WRITE_CHUNK {blockData=conID: 1 locID: 102704235576951320 bcsId: 0} | ret=SUCCESS |  
2019-08-30 05:17:46,507 | INFO  | DNAudit | user=null | ip=null | op=WRITE_CHUNK {blockData=conID: 1 locID: 102704235576951320 bcsId: 0} | ret=SUCCESS |  
2019-08-30 05:17:46,508 | INFO  | DNAudit | user=null | ip=null | op=WRITE_CHUNK {blockData=conID: 1 locID: 102704235576951320 bcsId: 0} | ret=SUCCESS |  
2019-08-30 05:17:46,509 | INFO  | DNAudit | user=null | ip=null | op=WRITE_CHUNK {blockData=conID: 1 locID: 102704235576951320 bcsId: 0} | ret=SUCCESS |  
2019-08-30 05:17:46,518 | INFO  | DNAudit | user=null | ip=null | op=WRITE_CHUNK {blockData=conID: 1 locID: 102704235576951320 bcsId: 0} | ret=SUCCESS |  
2019-08-30 05:17:46,518 | INFO  | DNAudit | user=null | ip=null | op=PUT_BLOCK {blockData=[blockId=conID: 1 locID: 102704235576951320 bcsId: 0,size=1048576]} | ret=SUCCESS |  
2019-08-30 05:17:46,518 [grpc-default-executor-6] INFO  client.GrpcClientProtocolClient (GrpcClientProtocolClient.java:onNext(255)) - client-574492D41EE7->134d4672-e322-4e4b-b7f3-5645abb0fe8c: receive RaftClientReply:client-574492D41EE7->134d4672-e322-4e4b-b7f3-5645abb0fe8c@group-3CB1DFFBCDC2, cid=1928, SUCCESS, logIndex=2806, commits[134d4672-e322-4e4b-b7f3-5645abb0fe8c:c2809, 73af84f3-3e88-4c8c-894c-3ad307bcac8d:c2805, 730a25a1-dbec-44ed-975b-a44ab0096beb:c2805]
2019-08-30 05:17:46,518 | INFO  | DNAudit | user=null | ip=null | op=WRITE_CHUNK {blockData=conID: 1 locID: 102704235576951320 bcsId: 0} | ret=SUCCESS |  
2019-08-30 05:17:46,519 [grpc-default-executor-6] INFO  client.GrpcClientProtocolClient (GrpcClientProtocolClient.java:onNext(255)) - client-574492D41EE7->134d4672-e322-4e4b-b7f3-5645abb0fe8c: receive RaftClientReply:client-574492D41EE7->134d4672-e322-4e4b-b7f3-5645abb0fe8c@group-3CB1DFFBCDC2, cid=1929, SUCCESS, logIndex=2807, commits[134d4672-e322-4e4b-b7f3-5645abb0fe8c:c2809, 73af84f3-3e88-4c8c-894c-3ad307bcac8d:c2805, 730a25a1-dbec-44ed-975b-a44ab0096beb:c2805]
2019-08-30 05:17:46,519 | INFO  | DNAudit | user=null | ip=null | op=WRITE_CHUNK {blockData=conID: 1 locID: 102704235576951320 bcsId: 0} | ret=SUCCESS |  
2019-08-30 05:17:46,519 | INFO  | DNAudit | user=null | ip=null | op=PUT_BLOCK {blockData=[blockId=conID: 1 locID: 102704235576951320 bcsId: 0,size=2097152]} | ret=SUCCESS |  
2019-08-30 05:17:46,519 [grpc-default-executor-6] INFO  client.GrpcClientProtocolClient (GrpcClientProtocolClient.java:onNext(255)) - client-574492D41EE7->134d4672-e322-4e4b-b7f3-5645abb0fe8c: receive RaftClientReply:client-574492D41EE7->134d4672-e322-4e4b-b7f3-5645abb0fe8c@group-3CB1DFFBCDC2, cid=1930, SUCCESS, logIndex=2808, commits[134d4672-e322-4e4b-b7f3-5645abb0fe8c:c2809, 73af84f3-3e88-4c8c-894c-3ad307bcac8d:c2805, 730a25a1-dbec-44ed-975b-a44ab0096beb:c2805]
2019-08-30 05:17:46,519 | INFO  | DNAudit | user=null | ip=null | op=PUT_BLOCK {blockData=[blockId=conID: 1 locID: 102704235576951320 bcsId: 0,size=1048576]} | ret=SUCCESS |  
2019-08-30 05:17:46,519 [grpc-default-executor-6] INFO  client.GrpcClientProtocolClient (GrpcClientProtocolClient.java:onNext(255)) - client-574492D41EE7->134d4672-e322-4e4b-b7f3-5645abb0fe8c: receive RaftClientReply:client-574492D41EE7->134d4672-e322-4e4b-b7f3-5645abb0fe8c@group-3CB1DFFBCDC2, cid=1931, SUCCESS, logIndex=2809, commits[134d4672-e322-4e4b-b7f3-5645abb0fe8c:c2810, 73af84f3-3e88-4c8c-894c-3ad307bcac8d:c2807, 730a25a1-dbec-44ed-975b-a44ab0096beb:c2805]
2019-08-30 05:17:46,520 | INFO  | DNAudit | user=null | ip=null | op=WRITE_CHUNK {blockData=conID: 1 locID: 102704235576951320 bcsId: 0} | ret=SUCCESS |  
2019-08-30 05:17:46,520 | INFO  | DNAudit | user=null | ip=null | op=PUT_BLOCK {blockData=[blockId=conID: 1 locID: 102704235576951320 bcsId: 0,size=1048576]} | ret=SUCCESS |  
2019-08-30 05:17:46,520 | INFO  | DNAudit | user=null | ip=null | op=WRITE_CHUNK {blockData=conID: 1 locID: 102704235576951320 bcsId: 0} | ret=SUCCESS |  
2019-08-30 05:17:46,520 [grpc-default-executor-1] INFO  client.GrpcClientProtocolClient (GrpcClientProtocolClient.java:onNext(255)) - client-574492D41EE7->134d4672-e322-4e4b-b7f3-5645abb0fe8c: receive RaftClientReply:client-574492D41EE7->134d4672-e322-4e4b-b7f3-5645abb0fe8c@group-3CB1DFFBCDC2, cid=1932, SUCCESS, logIndex=0, commits[134d4672-e322-4e4b-b7f3-5645abb0fe8c:c2810, 73af84f3-3e88-4c8c-894c-3ad307bcac8d:c2807, 730a25a1-dbec-44ed-975b-a44ab0096beb:c2807]
2019-08-30 05:17:46,520 | INFO  | DNAudit | user=null | ip=null | op=PUT_BLOCK {blockData=[blockId=conID: 1 locID: 102704235576951320 bcsId: 0,size=2097152]} | ret=SUCCESS |  
2019-08-30 05:17:46,522 | INFO  | DNAudit | user=null | ip=null | op=WRITE_CHUNK {blockData=conID: 1 locID: 102704235576951320 bcsId: 0} | ret=SUCCESS |  
2019-08-30 05:17:46,523 | INFO  | DNAudit | user=null | ip=null | op=PUT_BLOCK {blockData=[blockId=conID: 1 locID: 102704235576951320 bcsId: 0,size=2097152]} | ret=SUCCESS |  
2019-08-30 05:17:46,526 | INFO  | DNAudit | user=null | ip=null | op=WRITE_CHUNK {blockData=conID: 1 locID: 102704235576951320 bcsId: 2809} | ret=SUCCESS |  
2019-08-30 05:17:46,528 | INFO  | DNAudit | user=null | ip=null | op=WRITE_CHUNK {blockData=conID: 1 locID: 102704235576951320 bcsId: 2809} | ret=SUCCESS |  
2019-08-30 05:17:46,529 | INFO  | DNAudit | user=null | ip=null | op=WRITE_CHUNK {blockData=conID: 1 locID: 102704235576951320 bcsId: 2809} | ret=SUCCESS |  
2019-08-30 05:17:46,545 | INFO  | DNAudit | user=null | ip=null | op=WRITE_CHUNK {blockData=conID: 1 locID: 102704235576951320 bcsId: 2809} | ret=SUCCESS |  
2019-08-30 05:17:46,546 | INFO  | DNAudit | user=null | ip=null | op=PUT_BLOCK {blockData=[blockId=conID: 1 locID: 102704235576951320 bcsId: 0,size=3145728]} | ret=SUCCESS |  
2019-08-30 05:17:46,546 [grpc-default-executor-6] INFO  client.GrpcClientProtocolClient (GrpcClientProtocolClient.java:onNext(255)) - client-574492D41EE7->134d4672-e322-4e4b-b7f3-5645abb0fe8c: receive RaftClientReply:client-574492D41EE7->134d4672-e322-4e4b-b7f3-5645abb0fe8c@group-3CB1DFFBCDC2, cid=1933, SUCCESS, logIndex=2814, commits[134d4672-e322-4e4b-b7f3-5645abb0fe8c:c2815, 73af84f3-3e88-4c8c-894c-3ad307bcac8d:c2813, 730a25a1-dbec-44ed-975b-a44ab0096beb:c2813]
2019-08-30 05:17:46,546 [grpc-default-executor-6] INFO  client.GrpcClientProtocolClient (GrpcClientProtocolClient.java:onNext(255)) - client-574492D41EE7->134d4672-e322-4e4b-b7f3-5645abb0fe8c: receive RaftClientReply:client-574492D41EE7->134d4672-e322-4e4b-b7f3-5645abb0fe8c@group-3CB1DFFBCDC2, cid=1934, SUCCESS, logIndex=2815, commits[134d4672-e322-4e4b-b7f3-5645abb0fe8c:c2815, 73af84f3-3e88-4c8c-894c-3ad307bcac8d:c2813, 730a25a1-dbec-44ed-975b-a44ab0096beb:c2813]
2019-08-30 05:17:46,552 | INFO  | DNAudit | user=null | ip=null | op=WRITE_CHUNK {blockData=conID: 1 locID: 102704235576951320 bcsId: 2815} | ret=SUCCESS |  
2019-08-30 05:17:46,554 | INFO  | DNAudit | user=null | ip=null | op=WRITE_CHUNK {blockData=conID: 1 locID: 102704235576951320 bcsId: 2815} | ret=SUCCESS |  
2019-08-30 05:17:46,554 | INFO  | DNAudit | user=null | ip=null | op=WRITE_CHUNK {blockData=conID: 1 locID: 102704235576951320 bcsId: 2815} | ret=SUCCESS |  
2019-08-30 05:17:46,556 | INFO  | DNAudit | user=null | ip=null | op=WRITE_CHUNK {blockData=conID: 1 locID: 102704235576951320 bcsId: 2809} | ret=SUCCESS |  
2019-08-30 05:17:46,556 | INFO  | DNAudit | user=null | ip=null | op=WRITE_CHUNK {blockData=conID: 1 locID: 102704235576951320 bcsId: 2809} | ret=SUCCESS |  
2019-08-30 05:17:46,560 | INFO  | DNAudit | user=null | ip=null | op=PUT_BLOCK {blockData=[blockId=conID: 1 locID: 102704235576951320 bcsId: 0,size=3145728]} | ret=SUCCESS |  
2019-08-30 05:17:46,560 | INFO  | DNAudit | user=null | ip=null | op=PUT_BLOCK {blockData=[blockId=conID: 1 locID: 102704235576951320 bcsId: 0,size=3145728]} | ret=SUCCESS |  
2019-08-30 05:17:46,560 | INFO  | DNAudit | user=null | ip=null | op=WRITE_CHUNK {blockData=conID: 1 locID: 102704235576951320 bcsId: 2815} | ret=SUCCESS |  
2019-08-30 05:17:46,560 | INFO  | DNAudit | user=null | ip=null | op=PUT_BLOCK {blockData=[blockId=conID: 1 locID: 102704235576951320 bcsId: 0,size=4194304]} | ret=SUCCESS |  
2019-08-30 05:17:46,561 [grpc-default-executor-5] INFO  client.GrpcClientProtocolClient (GrpcClientProtocolClient.java:onNext(255)) - client-574492D41EE7->134d4672-e322-4e4b-b7f3-5645abb0fe8c: receive RaftClientReply:client-574492D41EE7->134d4672-e322-4e4b-b7f3-5645abb0fe8c@group-3CB1DFFBCDC2, cid=1935, SUCCESS, logIndex=2818, commits[134d4672-e322-4e4b-b7f3-5645abb0fe8c:c2819, 73af84f3-3e88-4c8c-894c-3ad307bcac8d:c2815, 730a25a1-dbec-44ed-975b-a44ab0096beb:c2815]
2019-08-30 05:17:46,561 [grpc-default-executor-5] INFO  client.GrpcClientProtocolClient (GrpcClientProtocolClient.java:onNext(255)) - client-574492D41EE7->134d4672-e322-4e4b-b7f3-5645abb0fe8c: receive RaftClientReply:client-574492D41EE7->134d4672-e322-4e4b-b7f3-5645abb0fe8c@group-3CB1DFFBCDC2, cid=1936, SUCCESS, logIndex=2819, commits[134d4672-e322-4e4b-b7f3-5645abb0fe8c:c2819, 73af84f3-3e88-4c8c-894c-3ad307bcac8d:c2815, 730a25a1-dbec-44ed-975b-a44ab0096beb:c2815]
2019-08-30 05:17:46,572 | INFO  | DNAudit | user=null | ip=null | op=WRITE_CHUNK {blockData=conID: 1 locID: 102704235576951320 bcsId: 2815} | ret=SUCCESS |  
2019-08-30 05:17:46,572 | INFO  | DNAudit | user=null | ip=null | op=WRITE_CHUNK {blockData=conID: 1 locID: 102704235576951320 bcsId: 2815} | ret=SUCCESS |  
2019-08-30 05:17:46,572 | INFO  | DNAudit | user=null | ip=null | op=PUT_BLOCK {blockData=[blockId=conID: 1 locID: 102704235576951320 bcsId: 0,size=4194304]} | ret=SUCCESS |  
2019-08-30 05:17:46,572 | INFO  | DNAudit | user=null | ip=null | op=PUT_BLOCK {blockData=[blockId=conID: 1 locID: 102704235576951320 bcsId: 0,size=4194304]} | ret=SUCCESS |  
2019-08-30 05:17:46,572 [grpc-default-executor-1] INFO  client.GrpcClientProtocolClient (GrpcClientProtocolClient.java:onNext(255)) - client-574492D41EE7->134d4672-e322-4e4b-b7f3-5645abb0fe8c: receive RaftClientReply:client-574492D41EE7->134d4672-e322-4e4b-b7f3-5645abb0fe8c@group-3CB1DFFBCDC2, cid=1937, SUCCESS, logIndex=0, commits[134d4672-e322-4e4b-b7f3-5645abb0fe8c:c2820, 73af84f3-3e88-4c8c-894c-3ad307bcac8d:c2819, 730a25a1-dbec-44ed-975b-a44ab0096beb:c2819]
2019-08-30 05:17:46,576 | INFO  | SCMAudit | user=jenkins1000 | ip=192.168.36.106 | op=ALLOCATE_BLOCK {owner=85755eb5-052d-48fa-b271-2fe4d8754e12, size=4194304, type=RATIS, factor=THREE} | ret=SUCCESS |  
2019-08-30 05:17:46,578 | INFO  | SCMAudit | user=jenkins1000 | ip=192.168.36.106 | op=SEND_HEARTBEAT {datanodeUUID=b91a4442-fd83-4a66-bee2-5c7959dbabc3, command=[]} | ret=SUCCESS |  
2019-08-30 05:17:46,578 | INFO  | OMAudit | user=jenkins1000 | ip=127.0.0.1 | op=ALLOCATE_BLOCK {volume=vol-0-00977, bucket=bucket-0-44205, key=key-0-32850, dataSize=0, replicationType=null, replicationFactor=null, keyLocationInfo=null, clientID=102704234570776978} | ret=SUCCESS |  
2019-08-30 05:17:46,584 | INFO  | DNAudit | user=null | ip=null | op=WRITE_CHUNK {blockData=conID: 2 locID: 102704235582325273 bcsId: 0} | ret=SUCCESS |  
2019-08-30 05:17:46,587 | INFO  | DNAudit | user=null | ip=null | op=WRITE_CHUNK {blockData=conID: 2 locID: 102704235582325273 bcsId: 0} | ret=SUCCESS |  
2019-08-30 05:17:46,587 | INFO  | DNAudit | user=null | ip=null | op=WRITE_CHUNK {blockData=conID: 2 locID: 102704235582325273 bcsId: 0} | ret=SUCCESS |  
2019-08-30 05:17:46,588 | INFO  | DNAudit | user=null | ip=null | op=WRITE_CHUNK {blockData=conID: 2 locID: 102704235582325273 bcsId: 0} | ret=SUCCESS |  
2019-08-30 05:17:46,589 | INFO  | DNAudit | user=null | ip=null | op=WRITE_CHUNK {blockData=conID: 2 locID: 102704235582325273 bcsId: 0} | ret=SUCCESS |  
2019-08-30 05:17:46,590 | INFO  | DNAudit | user=null | ip=null | op=WRITE_CHUNK {blockData=conID: 2 locID: 102704235582325273 bcsId: 0} | ret=SUCCESS |  
2019-08-30 05:17:46,604 | INFO  | DNAudit | user=null | ip=null | op=WRITE_CHUNK {blockData=conID: 2 locID: 102704235582325273 bcsId: 0} | ret=SUCCESS |  
2019-08-30 05:17:46,604 | INFO  | DNAudit | user=null | ip=null | op=PUT_BLOCK {blockData=[blockId=conID: 2 locID: 102704235582325273 bcsId: 0,size=1048576]} | ret=SUCCESS |  
2019-08-30 05:17:46,605 [grpc-default-executor-6] INFO  client.GrpcClientProtocolClient (GrpcClientProtocolClient.java:onNext(255)) - client-574492D41EE7->134d4672-e322-4e4b-b7f3-5645abb0fe8c: receive RaftClientReply:client-574492D41EE7->134d4672-e322-4e4b-b7f3-5645abb0fe8c@group-3CB1DFFBCDC2, cid=1938, SUCCESS, logIndex=2822, commits[134d4672-e322-4e4b-b7f3-5645abb0fe8c:c2823, 73af84f3-3e88-4c8c-894c-3ad307bcac8d:c2821, 730a25a1-dbec-44ed-975b-a44ab0096beb:c2821]
2019-08-30 05:17:46,605 | INFO  | DNAudit | user=null | ip=null | op=WRITE_CHUNK {blockData=conID: 2 locID: 102704235582325273 bcsId: 0} | ret=SUCCESS |  
2019-08-30 05:17:46,605 [grpc-default-executor-6] INFO  client.GrpcClientProtocolClient (GrpcClientProtocolClient.java:onNext(255)) - client-574492D41EE7->134d4672-e322-4e4b-b7f3-5645abb0fe8c: receive RaftClientReply:client-574492D41EE7->134d4672-e322-4e4b-b7f3-5645abb0fe8c@group-3CB1DFFBCDC2, cid=1939, SUCCESS, logIndex=2823, commits[134d4672-e322-4e4b-b7f3-5645abb0fe8c:c2823, 73af84f3-3e88-4c8c-894c-3ad307bcac8d:c2821, 730a25a1-dbec-44ed-975b-a44ab0096beb:c2821]
2019-08-30 05:17:46,605 | INFO  | DNAudit | user=null | ip=null | op=PUT_BLOCK {blockData=[blockId=conID: 2 locID: 102704235582325273 bcsId: 0,size=2097152]} | ret=SUCCESS |  
2019-08-30 05:17:46,605 [grpc-default-executor-6] INFO  client.GrpcClientProtocolClient (GrpcClientProtocolClient.java:onNext(255)) - client-574492D41EE7->134d4672-e322-4e4b-b7f3-5645abb0fe8c: receive RaftClientReply:client-574492D41EE7->134d4672-e322-4e4b-b7f3-5645abb0fe8c@group-3CB1DFFBCDC2, cid=1940, SUCCESS, logIndex=2824, commits[134d4672-e322-4e4b-b7f3-5645abb0fe8c:c2825, 73af84f3-3e88-4c8c-894c-3ad307bcac8d:c2821, 730a25a1-dbec-44ed-975b-a44ab0096beb:c2821]
2019-08-30 05:17:46,606 [grpc-default-executor-6] INFO  client.GrpcClientProtocolClient (GrpcClientProtocolClient.java:onNext(255)) - client-574492D41EE7->134d4672-e322-4e4b-b7f3-5645abb0fe8c: receive RaftClientReply:client-574492D41EE7->134d4672-e322-4e4b-b7f3-5645abb0fe8c@group-3CB1DFFBCDC2, cid=1941, SUCCESS, logIndex=2825, commits[134d4672-e322-4e4b-b7f3-5645abb0fe8c:c2825, 73af84f3-3e88-4c8c-894c-3ad307bcac8d:c2821, 730a25a1-dbec-44ed-975b-a44ab0096beb:c2821]
2019-08-30 05:17:46,618 | INFO  | DNAudit | user=null | ip=null | op=WRITE_CHUNK {blockData=conID: 2 locID: 102704235582325273 bcsId: 0} | ret=SUCCESS |  
2019-08-30 05:17:46,618 | INFO  | DNAudit | user=null | ip=null | op=PUT_BLOCK {blockData=[blockId=conID: 2 locID: 102704235582325273 bcsId: 0,size=1048576]} | ret=SUCCESS |  
2019-08-30 05:17:46,619 | INFO  | DNAudit | user=null | ip=null | op=WRITE_CHUNK {blockData=conID: 2 locID: 102704235582325273 bcsId: 0} | ret=SUCCESS |  
2019-08-30 05:17:46,619 | INFO  | DNAudit | user=null | ip=null | op=PUT_BLOCK {blockData=[blockId=conID: 2 locID: 102704235582325273 bcsId: 0,size=1048576]} | ret=SUCCESS |  
2019-08-30 05:17:46,619 | INFO  | DNAudit | user=null | ip=null | op=WRITE_CHUNK {blockData=conID: 2 locID: 102704235582325273 bcsId: 0} | ret=SUCCESS |  
2019-08-30 05:17:46,619 [grpc-default-executor-6] INFO  client.GrpcClientProtocolClient (GrpcClientProtocolClient.java:onNext(255)) - client-574492D41EE7->134d4672-e322-4e4b-b7f3-5645abb0fe8c: receive RaftClientReply:client-574492D41EE7->134d4672-e322-4e4b-b7f3-5645abb0fe8c@group-3CB1DFFBCDC2, cid=1942, SUCCESS, logIndex=0, commits[134d4672-e322-4e4b-b7f3-5645abb0fe8c:c2827, 73af84f3-3e88-4c8c-894c-3ad307bcac8d:c2823, 730a25a1-dbec-44ed-975b-a44ab0096beb:c2823]
2019-08-30 05:17:46,619 | INFO  | DNAudit | user=null | ip=null | op=WRITE_CHUNK {blockData=conID: 2 locID: 102704235582325273 bcsId: 0} | ret=SUCCESS |  
2019-08-30 05:17:46,619 | INFO  | DNAudit | user=null | ip=null | op=PUT_BLOCK {blockData=[blockId=conID: 2 locID: 102704235582325273 bcsId: 0,size=2097152]} | ret=SUCCESS |  
2019-08-30 05:17:46,620 | INFO  | DNAudit | user=null | ip=null | op=PUT_BLOCK {blockData=[blockId=conID: 2 locID: 102704235582325273 bcsId: 0,size=2097152]} | ret=SUCCESS |  
2019-08-30 05:17:46,626 | INFO  | DNAudit | user=null | ip=null | op=WRITE_CHUNK {blockData=conID: 2 locID: 102704235582325273 bcsId: 2825} | ret=SUCCESS |  
2019-08-30 05:17:46,627 | INFO  | DNAudit | user=null | ip=null | op=WRITE_CHUNK {blockData=conID: 2 locID: 102704235582325273 bcsId: 2825} | ret=SUCCESS |  
2019-08-30 05:17:46,627 | INFO  | DNAudit | user=null | ip=null | op=WRITE_CHUNK {blockData=conID: 2 locID: 102704235582325273 bcsId: 2825} | ret=SUCCESS |  
2019-08-30 05:17:46,634 | INFO  | DNAudit | user=null | ip=null | op=WRITE_CHUNK {blockData=conID: 2 locID: 102704235582325273 bcsId: 2825} | ret=SUCCESS |  
2019-08-30 05:17:46,634 | INFO  | DNAudit | user=null | ip=null | op=PUT_BLOCK {blockData=[blockId=conID: 2 locID: 102704235582325273 bcsId: 0,size=3145728]} | ret=SUCCESS |  
2019-08-30 05:17:46,635 [grpc-default-executor-1] INFO  client.GrpcClientProtocolClient (GrpcClientProtocolClient.java:onNext(255)) - client-574492D41EE7->134d4672-e322-4e4b-b7f3-5645abb0fe8c: receive RaftClientReply:client-574492D41EE7->134d4672-e322-4e4b-b7f3-5645abb0fe8c@group-3CB1DFFBCDC2, cid=1943, SUCCESS, logIndex=2830, commits[134d4672-e322-4e4b-b7f3-5645abb0fe8c:c2831, 73af84f3-3e88-4c8c-894c-3ad307bcac8d:c2829, 730a25a1-dbec-44ed-975b-a44ab0096beb:c2829]
2019-08-30 05:17:46,635 [grpc-default-executor-1] INFO  client.GrpcClientProtocolClient (GrpcClientProtocolClient.java:onNext(255)) - client-574492D41EE7->134d4672-e322-4e4b-b7f3-5645abb0fe8c: receive RaftClientReply:client-574492D41EE7->134d4672-e322-4e4b-b7f3-5645abb0fe8c@group-3CB1DFFBCDC2, cid=1944, SUCCESS, logIndex=2831, commits[134d4672-e322-4e4b-b7f3-5645abb0fe8c:c2831, 73af84f3-3e88-4c8c-894c-3ad307bcac8d:c2829, 730a25a1-dbec-44ed-975b-a44ab0096beb:c2829]
2019-08-30 05:17:46,637 | INFO  | DNAudit | user=null | ip=null | op=WRITE_CHUNK {blockData=conID: 2 locID: 102704235582325273 bcsId: 2825} | ret=SUCCESS |  
2019-08-30 05:17:46,637 | INFO  | DNAudit | user=null | ip=null | op=WRITE_CHUNK {blockData=conID: 2 locID: 102704235582325273 bcsId: 2825} | ret=SUCCESS |  
2019-08-30 05:17:46,637 | INFO  | DNAudit | user=null | ip=null | op=PUT_BLOCK {blockData=[blockId=conID: 2 locID: 102704235582325273 bcsId: 0,size=3145728]} | ret=SUCCESS |  
2019-08-30 05:17:46,641 | INFO  | DNAudit | user=null | ip=null | op=WRITE_CHUNK {blockData=conID: 2 locID: 102704235582325273 bcsId: 2831} | ret=SUCCESS |  
2019-08-30 05:17:46,642 | INFO  | DNAudit | user=null | ip=null | op=WRITE_CHUNK {blockData=conID: 2 locID: 102704235582325273 bcsId: 2831} | ret=SUCCESS |  
2019-08-30 05:17:46,643 | INFO  | DNAudit | user=null | ip=null | op=WRITE_CHUNK {blockData=conID: 2 locID: 102704235582325273 bcsId: 2831} | ret=SUCCESS |  
2019-08-30 05:17:46,648 | INFO  | DNAudit | user=null | ip=null | op=PUT_BLOCK {blockData=[blockId=conID: 2 locID: 102704235582325273 bcsId: 0,size=3145728]} | ret=SUCCESS |  
2019-08-30 05:17:46,651 | INFO  | DNAudit | user=null | ip=null | op=WRITE_CHUNK {blockData=conID: 2 locID: 102704235582325273 bcsId: 2831} | ret=SUCCESS |  
2019-08-30 05:17:46,652 | INFO  | DNAudit | user=null | ip=null | op=PUT_BLOCK {blockData=[blockId=conID: 2 locID: 102704235582325273 bcsId: 0,size=4194304]} | ret=SUCCESS |  
2019-08-30 05:17:46,652 [grpc-default-executor-1] INFO  client.GrpcClientProtocolClient (GrpcClientProtocolClient.java:onNext(255)) - client-574492D41EE7->134d4672-e322-4e4b-b7f3-5645abb0fe8c: receive RaftClientReply:client-574492D41EE7->134d4672-e322-4e4b-b7f3-5645abb0fe8c@group-3CB1DFFBCDC2, cid=1945, SUCCESS, logIndex=2834, commits[134d4672-e322-4e4b-b7f3-5645abb0fe8c:c2835, 73af84f3-3e88-4c8c-894c-3ad307bcac8d:c2832, 730a25a1-dbec-44ed-975b-a44ab0096beb:c2832]
2019-08-30 05:17:46,652 [grpc-default-executor-1] INFO  client.GrpcClientProtocolClient (GrpcClientProtocolClient.java:onNext(255)) - client-574492D41EE7->134d4672-e322-4e4b-b7f3-5645abb0fe8c: receive RaftClientReply:client-574492D41EE7->134d4672-e322-4e4b-b7f3-5645abb0fe8c@group-3CB1DFFBCDC2, cid=1946, SUCCESS, logIndex=2835, commits[134d4672-e322-4e4b-b7f3-5645abb0fe8c:c2835, 73af84f3-3e88-4c8c-894c-3ad307bcac8d:c2832, 730a25a1-dbec-44ed-975b-a44ab0096beb:c2832]
2019-08-30 05:17:46,665 | INFO  | DNAudit | user=null | ip=null | op=WRITE_CHUNK {blockData=conID: 2 locID: 102704235582325273 bcsId: 2831} | ret=SUCCESS |  
2019-08-30 05:17:46,665 | INFO  | DNAudit | user=null | ip=null | op=WRITE_CHUNK {blockData=conID: 2 locID: 102704235582325273 bcsId: 2831} | ret=SUCCESS |  
2019-08-30 05:17:46,676 | INFO  | DNAudit | user=null | ip=null | op=PUT_BLOCK {blockData=[blockId=conID: 2 locID: 102704235582325273 bcsId: 0,size=4194304]} | ret=SUCCESS |  
2019-08-30 05:17:46,676 | INFO  | DNAudit | user=null | ip=null | op=PUT_BLOCK {blockData=[blockId=conID: 2 locID: 102704235582325273 bcsId: 0,size=4194304]} | ret=SUCCESS |  
2019-08-30 05:17:46,677 [grpc-default-executor-6] INFO  client.GrpcClientProtocolClient (GrpcClientProtocolClient.java:onNext(255)) - client-574492D41EE7->134d4672-e322-4e4b-b7f3-5645abb0fe8c: receive RaftClientReply:client-574492D41EE7->134d4672-e322-4e4b-b7f3-5645abb0fe8c@group-3CB1DFFBCDC2, cid=1947, SUCCESS, logIndex=0, commits[134d4672-e322-4e4b-b7f3-5645abb0fe8c:c2837, 73af84f3-3e88-4c8c-894c-3ad307bcac8d:c2835, 730a25a1-dbec-44ed-975b-a44ab0096beb:c2835]
2019-08-30 05:17:46,686 | INFO  | SCMAudit | user=jenkins1000 | ip=192.168.36.106 | op=ALLOCATE_BLOCK {owner=85755eb5-052d-48fa-b271-2fe4d8754e12, size=4194304, type=RATIS, factor=THREE} | ret=SUCCESS |  
2019-08-30 05:17:46,690 | INFO  | OMAudit | user=jenkins1000 | ip=127.0.0.1 | op=ALLOCATE_BLOCK {volume=vol-0-00977, bucket=bucket-0-44205, key=key-0-32850, dataSize=0, replicationType=null, replicationFactor=null, keyLocationInfo=null, clientID=102704234570776978} | ret=SUCCESS |  
2019-08-30 05:17:46,698 | INFO  | DNAudit | user=null | ip=null | op=WRITE_CHUNK {blockData=conID: 3 locID: 102704235589534234 bcsId: 0} | ret=SUCCESS |  
2019-08-30 05:17:46,700 | INFO  | DNAudit | user=null | ip=null | op=WRITE_CHUNK {blockData=conID: 3 locID: 102704235589534234 bcsId: 0} | ret=SUCCESS |  
2019-08-30 05:17:46,701 | INFO  | DNAudit | user=null | ip=null | op=WRITE_CHUNK {blockData=conID: 3 locID: 102704235589534234 bcsId: 0} | ret=SUCCESS |  
2019-08-30 05:17:46,702 | INFO  | DNAudit | user=null | ip=null | op=WRITE_CHUNK {blockData=conID: 3 locID: 102704235589534234 bcsId: 0} | ret=SUCCESS |  
2019-08-30 05:17:46,702 | INFO  | DNAudit | user=null | ip=null | op=WRITE_CHUNK {blockData=conID: 3 locID: 102704235589534234 bcsId: 0} | ret=SUCCESS |  
2019-08-30 05:17:46,703 | INFO  | DNAudit | user=null | ip=null | op=WRITE_CHUNK {blockData=conID: 3 locID: 102704235589534234 bcsId: 0} | ret=SUCCESS |  
2019-08-30 05:17:46,710 | INFO  | DNAudit | user=null | ip=null | op=WRITE_CHUNK {blockData=conID: 3 locID: 102704235589534234 bcsId: 0} | ret=SUCCESS |  
2019-08-30 05:17:46,710 | INFO  | DNAudit | user=null | ip=null | op=PUT_BLOCK {blockData=[blockId=conID: 3 locID: 102704235589534234 bcsId: 0,size=1048576]} | ret=SUCCESS |  
2019-08-30 05:17:46,711 [grpc-default-executor-1] INFO  client.GrpcClientProtocolClient (GrpcClientProtocolClient.java:onNext(255)) - client-574492D41EE7->134d4672-e322-4e4b-b7f3-5645abb0fe8c: receive RaftClientReply:client-574492D41EE7->134d4672-e322-4e4b-b7f3-5645abb0fe8c@group-3CB1DFFBCDC2, cid=1948, SUCCESS, logIndex=2838, commits[134d4672-e322-4e4b-b7f3-5645abb0fe8c:c2839, 73af84f3-3e88-4c8c-894c-3ad307bcac8d:c2837, 730a25a1-dbec-44ed-975b-a44ab0096beb:c2837]
2019-08-30 05:17:46,711 | INFO  | DNAudit | user=null | ip=null | op=WRITE_CHUNK {blockData=conID: 3 locID: 102704235589534234 bcsId: 0} | ret=SUCCESS |  
2019-08-30 05:17:46,711 | INFO  | DNAudit | user=null | ip=null | op=PUT_BLOCK {blockData=[blockId=conID: 3 locID: 102704235589534234 bcsId: 0,size=2097152]} | ret=SUCCESS |  
2019-08-30 05:17:46,711 [grpc-default-executor-1] INFO  client.GrpcClientProtocolClient (GrpcClientProtocolClient.java:onNext(255)) - client-574492D41EE7->134d4672-e322-4e4b-b7f3-5645abb0fe8c: receive RaftClientReply:client-574492D41EE7->134d4672-e322-4e4b-b7f3-5645abb0fe8c@group-3CB1DFFBCDC2, cid=1949, SUCCESS, logIndex=2839, commits[134d4672-e322-4e4b-b7f3-5645abb0fe8c:c2841, 73af84f3-3e88-4c8c-894c-3ad307bcac8d:c2837, 730a25a1-dbec-44ed-975b-a44ab0096beb:c2837]
2019-08-30 05:17:46,711 [grpc-default-executor-1] INFO  client.GrpcClientProtocolClient (GrpcClientProtocolClient.java:onNext(255)) - client-574492D41EE7->134d4672-e322-4e4b-b7f3-5645abb0fe8c: receive RaftClientReply:client-574492D41EE7->134d4672-e322-4e4b-b7f3-5645abb0fe8c@group-3CB1DFFBCDC2, cid=1950, SUCCESS, logIndex=2840, commits[134d4672-e322-4e4b-b7f3-5645abb0fe8c:c2841, 73af84f3-3e88-4c8c-894c-3ad307bcac8d:c2837, 730a25a1-dbec-44ed-975b-a44ab0096beb:c2837]
2019-08-30 05:17:46,712 [grpc-default-executor-1] INFO  client.GrpcClientProtocolClient (GrpcClientProtocolClient.java:onNext(255)) - client-574492D41EE7->134d4672-e322-4e4b-b7f3-5645abb0fe8c: receive RaftClientReply:client-574492D41EE7->134d4672-e322-4e4b-b7f3-5645abb0fe8c@group-3CB1DFFBCDC2, cid=1951, SUCCESS, logIndex=2841, commits[134d4672-e322-4e4b-b7f3-5645abb0fe8c:c2841, 73af84f3-3e88-4c8c-894c-3ad307bcac8d:c2837, 730a25a1-dbec-44ed-975b-a44ab0096beb:c2837]
2019-08-30 05:17:46,713 | INFO  | DNAudit | user=null | ip=null | op=WRITE_CHUNK {blockData=conID: 3 locID: 102704235589534234 bcsId: 0} | ret=SUCCESS |  
2019-08-30 05:17:46,714 | INFO  | DNAudit | user=null | ip=null | op=WRITE_CHUNK {blockData=conID: 3 locID: 102704235589534234 bcsId: 0} | ret=SUCCESS |  
2019-08-30 05:17:46,714 | INFO  | DNAudit | user=null | ip=null | op=PUT_BLOCK {blockData=[blockId=conID: 3 locID: 102704235589534234 bcsId: 0,size=1048576]} | ret=SUCCESS |  
2019-08-30 05:17:46,725 | INFO  | DNAudit | user=null | ip=null | op=PUT_BLOCK {blockData=[blockId=conID: 3 locID: 102704235589534234 bcsId: 0,size=1048576]} | ret=SUCCESS |  
2019-08-30 05:17:46,725 | INFO  | DNAudit | user=null | ip=null | op=WRITE_CHUNK {blockData=conID: 3 locID: 102704235589534234 bcsId: 0} | ret=SUCCESS |  
2019-08-30 05:17:46,725 | INFO  | DNAudit | user=null | ip=null | op=WRITE_CHUNK {blockData=conID: 3 locID: 102704235589534234 bcsId: 0} | ret=SUCCESS |  
2019-08-30 05:17:46,725 | INFO  | DNAudit | user=null | ip=null | op=PUT_BLOCK {blockData=[blockId=conID: 3 locID: 102704235589534234 bcsId: 0,size=2097152]} | ret=SUCCESS |  
2019-08-30 05:17:46,725 | INFO  | DNAudit | user=null | ip=null | op=PUT_BLOCK {blockData=[blockId=conID: 3 locID: 102704235589534234 bcsId: 0,size=2097152]} | ret=SUCCESS |  
2019-08-30 05:17:46,725 [grpc-default-executor-1] INFO  client.GrpcClientProtocolClient (GrpcClientProtocolClient.java:onNext(255)) - client-574492D41EE7->134d4672-e322-4e4b-b7f3-5645abb0fe8c: receive RaftClientReply:client-574492D41EE7->134d4672-e322-4e4b-b7f3-5645abb0fe8c@group-3CB1DFFBCDC2, cid=1952, SUCCESS, logIndex=0, commits[134d4672-e322-4e4b-b7f3-5645abb0fe8c:c2843, 73af84f3-3e88-4c8c-894c-3ad307bcac8d:c2839, 730a25a1-dbec-44ed-975b-a44ab0096beb:c2839]
2019-08-30 05:17:46,733 | INFO  | DNAudit | user=null | ip=null | op=WRITE_CHUNK {blockData=conID: 3 locID: 102704235589534234 bcsId: 2841} | ret=SUCCESS |  
2019-08-30 05:17:46,735 | INFO  | DNAudit | user=null | ip=null | op=WRITE_CHUNK {blockData=conID: 3 locID: 102704235589534234 bcsId: 2841} | ret=SUCCESS |  
2019-08-30 05:17:46,735 | INFO  | DNAudit | user=null | ip=null | op=WRITE_CHUNK {blockData=conID: 3 locID: 102704235589534234 bcsId: 2841} | ret=SUCCESS |  
2019-08-30 05:17:46,745 | INFO  | DNAudit | user=null | ip=null | op=WRITE_CHUNK {blockData=conID: 3 locID: 102704235589534234 bcsId: 2841} | ret=SUCCESS |  
2019-08-30 05:17:46,746 | INFO  | DNAudit | user=null | ip=null | op=PUT_BLOCK {blockData=[blockId=conID: 3 locID: 102704235589534234 bcsId: 0,size=3145728]} | ret=SUCCESS |  
2019-08-30 05:17:46,746 [grpc-default-executor-5] INFO  client.GrpcClientProtocolClient (GrpcClientProtocolClient.java:onNext(255)) - client-574492D41EE7->134d4672-e322-4e4b-b7f3-5645abb0fe8c: receive RaftClientReply:client-574492D41EE7->134d4672-e322-4e4b-b7f3-5645abb0fe8c@group-3CB1DFFBCDC2, cid=1953, SUCCESS, logIndex=2846, commits[134d4672-e322-4e4b-b7f3-5645abb0fe8c:c2847, 73af84f3-3e88-4c8c-894c-3ad307bcac8d:c2845, 730a25a1-dbec-44ed-975b-a44ab0096beb:c2845]
2019-08-30 05:17:46,746 [grpc-default-executor-5] INFO  client.GrpcClientProtocolClient (GrpcClientProtocolClient.java:onNext(255)) - client-574492D41EE7->134d4672-e322-4e4b-b7f3-5645abb0fe8c: receive RaftClientReply:client-574492D41EE7->134d4672-e322-4e4b-b7f3-5645abb0fe8c@group-3CB1DFFBCDC2, cid=1954, SUCCESS, logIndex=2847, commits[134d4672-e322-4e4b-b7f3-5645abb0fe8c:c2847, 73af84f3-3e88-4c8c-894c-3ad307bcac8d:c2845, 730a25a1-dbec-44ed-975b-a44ab0096beb:c2845]
2019-08-30 05:17:46,754 | INFO  | DNAudit | user=null | ip=null | op=WRITE_CHUNK {blockData=conID: 3 locID: 102704235589534234 bcsId: 2847} | ret=SUCCESS |  
2019-08-30 05:17:46,756 | INFO  | DNAudit | user=null | ip=null | op=WRITE_CHUNK {blockData=conID: 3 locID: 102704235589534234 bcsId: 2847} | ret=SUCCESS |  
2019-08-30 05:17:46,757 | INFO  | DNAudit | user=null | ip=null | op=WRITE_CHUNK {blockData=conID: 3 locID: 102704235589534234 bcsId: 2847} | ret=SUCCESS |  
2019-08-30 05:17:46,758 | INFO  | DNAudit | user=null | ip=null | op=WRITE_CHUNK {blockData=conID: 3 locID: 102704235589534234 bcsId: 2841} | ret=SUCCESS |  
2019-08-30 05:17:46,759 | INFO  | DNAudit | user=null | ip=null | op=WRITE_CHUNK {blockData=conID: 3 locID: 102704235589534234 bcsId: 2841} | ret=SUCCESS |  
2019-08-30 05:17:46,770 | INFO  | DNAudit | user=null | ip=null | op=PUT_BLOCK {blockData=[blockId=conID: 3 locID: 102704235589534234 bcsId: 0,size=3145728]} | ret=SUCCESS |  
2019-08-30 05:17:46,770 | INFO  | DNAudit | user=null | ip=null | op=PUT_BLOCK {blockData=[blockId=conID: 3 locID: 102704235589534234 bcsId: 0,size=3145728]} | ret=SUCCESS |  
2019-08-30 05:17:46,771 | INFO  | DNAudit | user=null | ip=null | op=WRITE_CHUNK {blockData=conID: 3 locID: 102704235589534234 bcsId: 2847} | ret=SUCCESS |  
2019-08-30 05:17:46,771 | INFO  | DNAudit | user=null | ip=null | op=PUT_BLOCK {blockData=[blockId=conID: 3 locID: 102704235589534234 bcsId: 0,size=4194304]} | ret=SUCCESS |  
2019-08-30 05:17:46,771 [grpc-default-executor-6] INFO  client.GrpcClientProtocolClient (GrpcClientProtocolClient.java:onNext(255)) - client-574492D41EE7->134d4672-e322-4e4b-b7f3-5645abb0fe8c: receive RaftClientReply:client-574492D41EE7->134d4672-e322-4e4b-b7f3-5645abb0fe8c@group-3CB1DFFBCDC2, cid=1955, SUCCESS, logIndex=2850, commits[134d4672-e322-4e4b-b7f3-5645abb0fe8c:c2851, 73af84f3-3e88-4c8c-894c-3ad307bcac8d:c2847, 730a25a1-dbec-44ed-975b-a44ab0096beb:c2847]
2019-08-30 05:17:46,772 [grpc-default-executor-6] INFO  client.GrpcClientProtocolClient (GrpcClientProtocolClient.java:onNext(255)) - client-574492D41EE7->134d4672-e322-4e4b-b7f3-5645abb0fe8c: receive RaftClientReply:client-574492D41EE7->134d4672-e322-4e4b-b7f3-5645abb0fe8c@group-3CB1DFFBCDC2, cid=1956, SUCCESS, logIndex=2851, commits[134d4672-e322-4e4b-b7f3-5645abb0fe8c:c2851, 73af84f3-3e88-4c8c-894c-3ad307bcac8d:c2847, 730a25a1-dbec-44ed-975b-a44ab0096beb:c2847]
2019-08-30 05:17:46,783 | INFO  | DNAudit | user=null | ip=null | op=WRITE_CHUNK {blockData=conID: 3 locID: 102704235589534234 bcsId: 2847} | ret=SUCCESS |  
2019-08-30 05:17:46,783 | INFO  | DNAudit | user=null | ip=null | op=WRITE_CHUNK {blockData=conID: 3 locID: 102704235589534234 bcsId: 2847} | ret=SUCCESS |  
2019-08-30 05:17:46,783 | INFO  | DNAudit | user=null | ip=null | op=PUT_BLOCK {blockData=[blockId=conID: 3 locID: 102704235589534234 bcsId: 0,size=4194304]} | ret=SUCCESS |  
2019-08-30 05:17:46,783 | INFO  | DNAudit | user=null | ip=null | op=PUT_BLOCK {blockData=[blockId=conID: 3 locID: 102704235589534234 bcsId: 0,size=4194304]} | ret=SUCCESS |  
2019-08-30 05:17:46,783 [grpc-default-executor-6] INFO  client.GrpcClientProtocolClient (GrpcClientProtocolClient.java:onNext(255)) - client-574492D41EE7->134d4672-e322-4e4b-b7f3-5645abb0fe8c: receive RaftClientReply:client-574492D41EE7->134d4672-e322-4e4b-b7f3-5645abb0fe8c@group-3CB1DFFBCDC2, cid=1957, SUCCESS, logIndex=0, commits[134d4672-e322-4e4b-b7f3-5645abb0fe8c:c2852, 73af84f3-3e88-4c8c-894c-3ad307bcac8d:c2851, 730a25a1-dbec-44ed-975b-a44ab0096beb:c2851]
2019-08-30 05:17:46,790 | INFO  | SCMAudit | user=jenkins1000 | ip=192.168.36.106 | op=ALLOCATE_BLOCK {owner=85755eb5-052d-48fa-b271-2fe4d8754e12, size=4194304, type=RATIS, factor=THREE} | ret=SUCCESS |  
2019-08-30 05:17:46,793 | INFO  | OMAudit | user=jenkins1000 | ip=127.0.0.1 | op=ALLOCATE_BLOCK {volume=vol-0-00977, bucket=bucket-0-44205, key=key-0-32850, dataSize=0, replicationType=null, replicationFactor=null, keyLocationInfo=null, clientID=102704234570776978} | ret=SUCCESS |  
2019-08-30 05:17:46,802 | INFO  | DNAudit | user=null | ip=null | op=WRITE_CHUNK {blockData=conID: 1 locID: 102704235596284443 bcsId: 0} | ret=SUCCESS |  
2019-08-30 05:17:46,804 | INFO  | DNAudit | user=null | ip=null | op=WRITE_CHUNK {blockData=conID: 1 locID: 102704235596284443 bcsId: 0} | ret=SUCCESS |  
2019-08-30 05:17:46,804 | INFO  | DNAudit | user=null | ip=null | op=WRITE_CHUNK {blockData=conID: 1 locID: 102704235596284443 bcsId: 0} | ret=SUCCESS |  
2019-08-30 05:17:46,804 | INFO  | DNAudit | user=null | ip=null | op=WRITE_CHUNK {blockData=conID: 1 locID: 102704235596284443 bcsId: 0} | ret=SUCCESS |  
2019-08-30 05:17:46,806 | INFO  | DNAudit | user=null | ip=null | op=WRITE_CHUNK {blockData=conID: 1 locID: 102704235596284443 bcsId: 0} | ret=SUCCESS |  
2019-08-30 05:17:46,806 | INFO  | DNAudit | user=null | ip=null | op=WRITE_CHUNK {blockData=conID: 1 locID: 102704235596284443 bcsId: 0} | ret=SUCCESS |  
2019-08-30 05:17:46,816 | INFO  | DNAudit | user=null | ip=null | op=WRITE_CHUNK {blockData=conID: 1 locID: 102704235596284443 bcsId: 0} | ret=SUCCESS |  
2019-08-30 05:17:46,816 | INFO  | DNAudit | user=null | ip=null | op=PUT_BLOCK {blockData=[blockId=conID: 1 locID: 102704235596284443 bcsId: 0,size=1048576]} | ret=SUCCESS |  
2019-08-30 05:17:46,817 [grpc-default-executor-5] INFO  client.GrpcClientProtocolClient (GrpcClientProtocolClient.java:onNext(255)) - client-574492D41EE7->134d4672-e322-4e4b-b7f3-5645abb0fe8c: receive RaftClientReply:client-574492D41EE7->134d4672-e322-4e4b-b7f3-5645abb0fe8c@group-3CB1DFFBCDC2, cid=1958, SUCCESS, logIndex=2854, commits[134d4672-e322-4e4b-b7f3-5645abb0fe8c:c2855, 73af84f3-3e88-4c8c-894c-3ad307bcac8d:c2853, 730a25a1-dbec-44ed-975b-a44ab0096beb:c2853]
2019-08-30 05:17:46,817 [grpc-default-executor-5] INFO  client.GrpcClientProtocolClient (GrpcClientProtocolClient.java:onNext(255)) - client-574492D41EE7->134d4672-e322-4e4b-b7f3-5645abb0fe8c: receive RaftClientReply:client-574492D41EE7->134d4672-e322-4e4b-b7f3-5645abb0fe8c@group-3CB1DFFBCDC2, cid=1959, SUCCESS, logIndex=2855, commits[134d4672-e322-4e4b-b7f3-5645abb0fe8c:c2855, 73af84f3-3e88-4c8c-894c-3ad307bcac8d:c2853, 730a25a1-dbec-44ed-975b-a44ab0096beb:c2853]
2019-08-30 05:17:46,826 | INFO  | DNAudit | user=null | ip=null | op=WRITE_CHUNK {blockData=conID: 1 locID: 102704235596284443 bcsId: 0} | ret=SUCCESS |  
2019-08-30 05:17:46,826 | INFO  | DNAudit | user=null | ip=null | op=PUT_BLOCK {blockData=[blockId=conID: 1 locID: 102704235596284443 bcsId: 0,size=2097152]} | ret=SUCCESS |  
2019-08-30 05:17:46,826 [grpc-default-executor-5] INFO  client.GrpcClientProtocolClient (GrpcClientProtocolClient.java:onNext(255)) - client-574492D41EE7->134d4672-e322-4e4b-b7f3-5645abb0fe8c: receive RaftClientReply:client-574492D41EE7->134d4672-e322-4e4b-b7f3-5645abb0fe8c@group-3CB1DFFBCDC2, cid=1960, SUCCESS, logIndex=2856, commits[134d4672-e322-4e4b-b7f3-5645abb0fe8c:c2857, 73af84f3-3e88-4c8c-894c-3ad307bcac8d:c2853, 730a25a1-dbec-44ed-975b-a44ab0096beb:c2853]
2019-08-30 05:17:46,827 [grpc-default-executor-5] INFO  client.GrpcClientProtocolClient (GrpcClientProtocolClient.java:onNext(255)) - client-574492D41EE7->134d4672-e322-4e4b-b7f3-5645abb0fe8c: receive RaftClientReply:client-574492D41EE7->134d4672-e322-4e4b-b7f3-5645abb0fe8c@group-3CB1DFFBCDC2, cid=1961, SUCCESS, logIndex=2857, commits[134d4672-e322-4e4b-b7f3-5645abb0fe8c:c2857, 73af84f3-3e88-4c8c-894c-3ad307bcac8d:c2853, 730a25a1-dbec-44ed-975b-a44ab0096beb:c2853]
2019-08-30 05:17:46,835 | INFO  | DNAudit | user=null | ip=null | op=WRITE_CHUNK {blockData=conID: 1 locID: 102704235596284443 bcsId: 0} | ret=SUCCESS |  
2019-08-30 05:17:46,836 | INFO  | DNAudit | user=null | ip=null | op=PUT_BLOCK {blockData=[blockId=conID: 1 locID: 102704235596284443 bcsId: 0,size=1048576]} | ret=SUCCESS |  
2019-08-30 05:17:46,838 | INFO  | DNAudit | user=null | ip=null | op=WRITE_CHUNK {blockData=conID: 1 locID: 102704235596284443 bcsId: 0} | ret=SUCCESS |  
2019-08-30 05:17:46,838 | INFO  | DNAudit | user=null | ip=null | op=PUT_BLOCK {blockData=[blockId=conID: 1 locID: 102704235596284443 bcsId: 0,size=1048576]} | ret=SUCCESS |  
2019-08-30 05:17:46,838 [grpc-default-executor-5] INFO  client.GrpcClientProtocolClient (GrpcClientProtocolClient.java:onNext(255)) - client-574492D41EE7->134d4672-e322-4e4b-b7f3-5645abb0fe8c: receive RaftClientReply:client-574492D41EE7->134d4672-e322-4e4b-b7f3-5645abb0fe8c@group-3CB1DFFBCDC2, cid=1962, SUCCESS, logIndex=0, commits[134d4672-e322-4e4b-b7f3-5645abb0fe8c:c2859, 73af84f3-3e88-4c8c-894c-3ad307bcac8d:c2855, 730a25a1-dbec-44ed-975b-a44ab0096beb:c2855]
2019-08-30 05:17:46,838 | INFO  | DNAudit | user=null | ip=null | op=WRITE_CHUNK {blockData=conID: 1 locID: 102704235596284443 bcsId: 0} | ret=SUCCESS |  
2019-08-30 05:17:46,839 | INFO  | DNAudit | user=null | ip=null | op=PUT_BLOCK {blockData=[blockId=conID: 1 locID: 102704235596284443 bcsId: 0,size=2097152]} | ret=SUCCESS |  
2019-08-30 05:17:46,839 | INFO  | DNAudit | user=null | ip=null | op=WRITE_CHUNK {blockData=conID: 1 locID: 102704235596284443 bcsId: 0} | ret=SUCCESS |  
2019-08-30 05:17:46,839 | INFO  | DNAudit | user=null | ip=null | op=PUT_BLOCK {blockData=[blockId=conID: 1 locID: 102704235596284443 bcsId: 0,size=2097152]} | ret=SUCCESS |  
2019-08-30 05:17:46,845 | INFO  | DNAudit | user=null | ip=null | op=WRITE_CHUNK {blockData=conID: 1 locID: 102704235596284443 bcsId: 2857} | ret=SUCCESS |  
2019-08-30 05:17:46,847 | INFO  | DNAudit | user=null | ip=null | op=WRITE_CHUNK {blockData=conID: 1 locID: 102704235596284443 bcsId: 2857} | ret=SUCCESS |  
2019-08-30 05:17:46,847 | INFO  | DNAudit | user=null | ip=null | op=WRITE_CHUNK {blockData=conID: 1 locID: 102704235596284443 bcsId: 2857} | ret=SUCCESS |  
2019-08-30 05:17:46,860 | INFO  | DNAudit | user=null | ip=null | op=WRITE_CHUNK {blockData=conID: 1 locID: 102704235596284443 bcsId: 2857} | ret=SUCCESS |  
2019-08-30 05:17:46,861 | INFO  | DNAudit | user=null | ip=null | op=PUT_BLOCK {blockData=[blockId=conID: 1 locID: 102704235596284443 bcsId: 0,size=3145728]} | ret=SUCCESS |  
2019-08-30 05:17:46,861 [grpc-default-executor-1] INFO  client.GrpcClientProtocolClient (GrpcClientProtocolClient.java:onNext(255)) - client-574492D41EE7->134d4672-e322-4e4b-b7f3-5645abb0fe8c: receive RaftClientReply:client-574492D41EE7->134d4672-e322-4e4b-b7f3-5645abb0fe8c@group-3CB1DFFBCDC2, cid=1963, SUCCESS, logIndex=2862, commits[134d4672-e322-4e4b-b7f3-5645abb0fe8c:c2863, 73af84f3-3e88-4c8c-894c-3ad307bcac8d:c2861, 730a25a1-dbec-44ed-975b-a44ab0096beb:c2857]
2019-08-30 05:17:46,861 [grpc-default-executor-1] INFO  client.GrpcClientProtocolClient (GrpcClientProtocolClient.java:onNext(255)) - client-574492D41EE7->134d4672-e322-4e4b-b7f3-5645abb0fe8c: receive RaftClientReply:client-574492D41EE7->134d4672-e322-4e4b-b7f3-5645abb0fe8c@group-3CB1DFFBCDC2, cid=1964, SUCCESS, logIndex=2863, commits[134d4672-e322-4e4b-b7f3-5645abb0fe8c:c2863, 73af84f3-3e88-4c8c-894c-3ad307bcac8d:c2861, 730a25a1-dbec-44ed-975b-a44ab0096beb:c2861]
2019-08-30 05:17:46,862 | INFO  | DNAudit | user=null | ip=null | op=WRITE_CHUNK {blockData=conID: 1 locID: 102704235596284443 bcsId: 2857} | ret=SUCCESS |  
2019-08-30 05:17:46,862 | INFO  | DNAudit | user=null | ip=null | op=WRITE_CHUNK {blockData=conID: 1 locID: 102704235596284443 bcsId: 2857} | ret=SUCCESS |  
2019-08-30 05:17:46,862 | INFO  | DNAudit | user=null | ip=null | op=PUT_BLOCK {blockData=[blockId=conID: 1 locID: 102704235596284443 bcsId: 0,size=3145728]} | ret=SUCCESS |  
2019-08-30 05:17:46,863 | INFO  | DNAudit | user=null | ip=null | op=PUT_BLOCK {blockData=[blockId=conID: 1 locID: 102704235596284443 bcsId: 0,size=3145728]} | ret=SUCCESS |  
2019-08-30 05:17:46,868 | INFO  | DNAudit | user=null | ip=null | op=WRITE_CHUNK {blockData=conID: 1 locID: 102704235596284443 bcsId: 2863} | ret=SUCCESS |  
2019-08-30 05:17:46,870 | INFO  | DNAudit | user=null | ip=null | op=WRITE_CHUNK {blockData=conID: 1 locID: 102704235596284443 bcsId: 2863} | ret=SUCCESS |  
2019-08-30 05:17:46,870 | INFO  | DNAudit | user=null | ip=null | op=WRITE_CHUNK {blockData=conID: 1 locID: 102704235596284443 bcsId: 2863} | ret=SUCCESS |  
2019-08-30 05:17:46,881 | INFO  | DNAudit | user=null | ip=null | op=WRITE_CHUNK {blockData=conID: 1 locID: 102704235596284443 bcsId: 2863} | ret=SUCCESS |  
2019-08-30 05:17:46,881 | INFO  | DNAudit | user=null | ip=null | op=PUT_BLOCK {blockData=[blockId=conID: 1 locID: 102704235596284443 bcsId: 0,size=4194304]} | ret=SUCCESS |  
2019-08-30 05:17:46,881 [grpc-default-executor-3] INFO  client.GrpcClientProtocolClient (GrpcClientProtocolClient.java:onNext(255)) - client-574492D41EE7->134d4672-e322-4e4b-b7f3-5645abb0fe8c: receive RaftClientReply:client-574492D41EE7->134d4672-e322-4e4b-b7f3-5645abb0fe8c@group-3CB1DFFBCDC2, cid=1965, SUCCESS, logIndex=2866, commits[134d4672-e322-4e4b-b7f3-5645abb0fe8c:c2867, 73af84f3-3e88-4c8c-894c-3ad307bcac8d:c2865, 730a25a1-dbec-44ed-975b-a44ab0096beb:c2865]
2019-08-30 05:17:46,881 [grpc-default-executor-3] INFO  client.GrpcClientProtocolClient (GrpcClientProtocolClient.java:onNext(255)) - client-574492D41EE7->134d4672-e322-4e4b-b7f3-5645abb0fe8c: receive RaftClientReply:client-574492D41EE7->134d4672-e322-4e4b-b7f3-5645abb0fe8c@group-3CB1DFFBCDC2, cid=1966, SUCCESS, logIndex=2867, commits[134d4672-e322-4e4b-b7f3-5645abb0fe8c:c2867, 73af84f3-3e88-4c8c-894c-3ad307bcac8d:c2865, 730a25a1-dbec-44ed-975b-a44ab0096beb:c2865]
2019-08-30 05:17:46,892 | INFO  | DNAudit | user=null | ip=null | op=WRITE_CHUNK {blockData=conID: 1 locID: 102704235596284443 bcsId: 2863} | ret=SUCCESS |  
2019-08-30 05:17:46,893 | INFO  | DNAudit | user=null | ip=null | op=WRITE_CHUNK {blockData=conID: 1 locID: 102704235596284443 bcsId: 2863} | ret=SUCCESS |  
2019-08-30 05:17:46,895 | INFO  | DNAudit | user=null | ip=null | op=PUT_BLOCK {blockData=[blockId=conID: 1 locID: 102704235596284443 bcsId: 0,size=4194304]} | ret=SUCCESS |  
2019-08-30 05:17:46,895 | INFO  | DNAudit | user=null | ip=null | op=PUT_BLOCK {blockData=[blockId=conID: 1 locID: 102704235596284443 bcsId: 0,size=4194304]} | ret=SUCCESS |  
2019-08-30 05:17:46,896 [grpc-default-executor-1] INFO  client.GrpcClientProtocolClient (GrpcClientProtocolClient.java:onNext(255)) - client-574492D41EE7->134d4672-e322-4e4b-b7f3-5645abb0fe8c: receive RaftClientReply:client-574492D41EE7->134d4672-e322-4e4b-b7f3-5645abb0fe8c@group-3CB1DFFBCDC2, cid=1967, SUCCESS, logIndex=0, commits[134d4672-e322-4e4b-b7f3-5645abb0fe8c:c2869, 73af84f3-3e88-4c8c-894c-3ad307bcac8d:c2867, 730a25a1-dbec-44ed-975b-a44ab0096beb:c2867]
2019-08-30 05:17:46,901 | INFO  | SCMAudit | user=jenkins1000 | ip=192.168.36.106 | op=ALLOCATE_BLOCK {owner=85755eb5-052d-48fa-b271-2fe4d8754e12, size=4194304, type=RATIS, factor=THREE} | ret=SUCCESS |  
2019-08-30 05:17:46,904 | INFO  | OMAudit | user=jenkins1000 | ip=127.0.0.1 | op=ALLOCATE_BLOCK {volume=vol-0-00977, bucket=bucket-0-44205, key=key-0-32850, dataSize=0, replicationType=null, replicationFactor=null, keyLocationInfo=null, clientID=102704234570776978} | ret=SUCCESS |  
2019-08-30 05:17:46,911 | INFO  | DNAudit | user=null | ip=null | op=WRITE_CHUNK {blockData=conID: 2 locID: 102704235603624476 bcsId: 0} | ret=SUCCESS |  
2019-08-30 05:17:46,914 | INFO  | DNAudit | user=null | ip=null | op=WRITE_CHUNK {blockData=conID: 2 locID: 102704235603624476 bcsId: 0} | ret=SUCCESS |  
2019-08-30 05:17:46,914 | INFO  | DNAudit | user=null | ip=null | op=WRITE_CHUNK {blockData=conID: 2 locID: 102704235603624476 bcsId: 0} | ret=SUCCESS |  
2019-08-30 05:17:46,915 | INFO  | DNAudit | user=null | ip=null | op=WRITE_CHUNK {blockData=conID: 2 locID: 102704235603624476 bcsId: 0} | ret=SUCCESS |  
2019-08-30 05:17:46,916 | INFO  | DNAudit | user=null | ip=null | op=WRITE_CHUNK {blockData=conID: 2 locID: 102704235603624476 bcsId: 0} | ret=SUCCESS |  
2019-08-30 05:17:46,920 | INFO  | DNAudit | user=null | ip=null | op=WRITE_CHUNK {blockData=conID: 2 locID: 102704235603624476 bcsId: 0} | ret=SUCCESS |  
2019-08-30 05:17:46,924 | INFO  | DNAudit | user=null | ip=null | op=WRITE_CHUNK {blockData=conID: 2 locID: 102704235603624476 bcsId: 0} | ret=SUCCESS |  
2019-08-30 05:17:46,924 | INFO  | DNAudit | user=null | ip=null | op=PUT_BLOCK {blockData=[blockId=conID: 2 locID: 102704235603624476 bcsId: 0,size=1048576]} | ret=SUCCESS |  
2019-08-30 05:17:46,924 [grpc-default-executor-5] INFO  client.GrpcClientProtocolClient (GrpcClientProtocolClient.java:onNext(255)) - client-574492D41EE7->134d4672-e322-4e4b-b7f3-5645abb0fe8c: receive RaftClientReply:client-574492D41EE7->134d4672-e322-4e4b-b7f3-5645abb0fe8c@group-3CB1DFFBCDC2, cid=1968, SUCCESS, logIndex=2870, commits[134d4672-e322-4e4b-b7f3-5645abb0fe8c:c2871, 73af84f3-3e88-4c8c-894c-3ad307bcac8d:c2869, 730a25a1-dbec-44ed-975b-a44ab0096beb:c2869]
2019-08-30 05:17:46,925 [grpc-default-executor-5] INFO  client.GrpcClientProtocolClient (GrpcClientProtocolClient.java:onNext(255)) - client-574492D41EE7->134d4672-e322-4e4b-b7f3-5645abb0fe8c: receive RaftClientReply:client-574492D41EE7->134d4672-e322-4e4b-b7f3-5645abb0fe8c@group-3CB1DFFBCDC2, cid=1969, SUCCESS, logIndex=2871, commits[134d4672-e322-4e4b-b7f3-5645abb0fe8c:c2871, 73af84f3-3e88-4c8c-894c-3ad307bcac8d:c2869, 730a25a1-dbec-44ed-975b-a44ab0096beb:c2869]
2019-08-30 05:17:46,935 | INFO  | DNAudit | user=null | ip=null | op=WRITE_CHUNK {blockData=conID: 2 locID: 102704235603624476 bcsId: 0} | ret=SUCCESS |  
2019-08-30 05:17:46,935 | INFO  | DNAudit | user=null | ip=null | op=WRITE_CHUNK {blockData=conID: 2 locID: 102704235603624476 bcsId: 0} | ret=SUCCESS |  
2019-08-30 05:17:46,935 | INFO  | DNAudit | user=null | ip=null | op=PUT_BLOCK {blockData=[blockId=conID: 2 locID: 102704235603624476 bcsId: 0,size=2097152]} | ret=SUCCESS |  
2019-08-30 05:17:46,935 [grpc-default-executor-3] INFO  client.GrpcClientProtocolClient (GrpcClientProtocolClient.java:onNext(255)) - client-574492D41EE7->134d4672-e322-4e4b-b7f3-5645abb0fe8c: receive RaftClientReply:client-574492D41EE7->134d4672-e322-4e4b-b7f3-5645abb0fe8c@group-3CB1DFFBCDC2, cid=1970, SUCCESS, logIndex=2872, commits[134d4672-e322-4e4b-b7f3-5645abb0fe8c:c2873, 73af84f3-3e88-4c8c-894c-3ad307bcac8d:c2869, 730a25a1-dbec-44ed-975b-a44ab0096beb:c2869]
2019-08-30 05:17:46,936 | INFO  | DNAudit | user=null | ip=null | op=PUT_BLOCK {blockData=[blockId=conID: 2 locID: 102704235603624476 bcsId: 0,size=1048576]} | ret=SUCCESS |  
2019-08-30 05:17:46,936 [grpc-default-executor-3] INFO  client.GrpcClientProtocolClient (GrpcClientProtocolClient.java:onNext(255)) - client-574492D41EE7->134d4672-e322-4e4b-b7f3-5645abb0fe8c: receive RaftClientReply:client-574492D41EE7->134d4672-e322-4e4b-b7f3-5645abb0fe8c@group-3CB1DFFBCDC2, cid=1971, SUCCESS, logIndex=2873, commits[134d4672-e322-4e4b-b7f3-5645abb0fe8c:c2874, 73af84f3-3e88-4c8c-894c-3ad307bcac8d:c2869, 730a25a1-dbec-44ed-975b-a44ab0096beb:c2871]
2019-08-30 05:17:46,938 | INFO  | DNAudit | user=null | ip=null | op=WRITE_CHUNK {blockData=conID: 2 locID: 102704235603624476 bcsId: 0} | ret=SUCCESS |  
2019-08-30 05:17:46,938 | INFO  | DNAudit | user=null | ip=null | op=PUT_BLOCK {blockData=[blockId=conID: 2 locID: 102704235603624476 bcsId: 0,size=1048576]} | ret=SUCCESS |  
2019-08-30 05:17:46,938 [grpc-default-executor-3] INFO  client.GrpcClientProtocolClient (GrpcClientProtocolClient.java:onNext(255)) - client-574492D41EE7->134d4672-e322-4e4b-b7f3-5645abb0fe8c: receive RaftClientReply:client-574492D41EE7->134d4672-e322-4e4b-b7f3-5645abb0fe8c@group-3CB1DFFBCDC2, cid=1972, SUCCESS, logIndex=0, commits[134d4672-e322-4e4b-b7f3-5645abb0fe8c:c2875, 73af84f3-3e88-4c8c-894c-3ad307bcac8d:c2871, 730a25a1-dbec-44ed-975b-a44ab0096beb:c2871]
2019-08-30 05:17:46,944 | INFO  | DNAudit | user=null | ip=null | op=WRITE_CHUNK {blockData=conID: 2 locID: 102704235603624476 bcsId: 2873} | ret=SUCCESS |  
2019-08-30 05:17:46,947 | INFO  | DNAudit | user=null | ip=null | op=WRITE_CHUNK {blockData=conID: 2 locID: 102704235603624476 bcsId: 2873} | ret=SUCCESS |  
2019-08-30 05:17:46,947 | INFO  | DNAudit | user=null | ip=null | op=WRITE_CHUNK {blockData=conID: 2 locID: 102704235603624476 bcsId: 2873} | ret=SUCCESS |  
2019-08-30 05:17:46,949 | INFO  | DNAudit | user=null | ip=null | op=WRITE_CHUNK {blockData=conID: 2 locID: 102704235603624476 bcsId: 0} | ret=SUCCESS |  
2019-08-30 05:17:46,949 | INFO  | DNAudit | user=null | ip=null | op=PUT_BLOCK {blockData=[blockId=conID: 2 locID: 102704235603624476 bcsId: 0,size=2097152]} | ret=SUCCESS |  
2019-08-30 05:17:46,951 | INFO  | DNAudit | user=null | ip=null | op=WRITE_CHUNK {blockData=conID: 2 locID: 102704235603624476 bcsId: 0} | ret=SUCCESS |  
2019-08-30 05:17:46,951 | INFO  | DNAudit | user=null | ip=null | op=PUT_BLOCK {blockData=[blockId=conID: 2 locID: 102704235603624476 bcsId: 0,size=2097152]} | ret=SUCCESS |  
2019-08-30 05:17:46,962 | INFO  | DNAudit | user=null | ip=null | op=WRITE_CHUNK {blockData=conID: 2 locID: 102704235603624476 bcsId: 2873} | ret=SUCCESS |  
2019-08-30 05:17:46,962 | INFO  | DNAudit | user=null | ip=null | op=PUT_BLOCK {blockData=[blockId=conID: 2 locID: 102704235603624476 bcsId: 0,size=3145728]} | ret=SUCCESS |  
2019-08-30 05:17:46,962 [grpc-default-executor-5] INFO  client.GrpcClientProtocolClient (GrpcClientProtocolClient.java:onNext(255)) - client-574492D41EE7->134d4672-e322-4e4b-b7f3-5645abb0fe8c: receive RaftClientReply:client-574492D41EE7->134d4672-e322-4e4b-b7f3-5645abb0fe8c@group-3CB1DFFBCDC2, cid=1973, SUCCESS, logIndex=2878, commits[134d4672-e322-4e4b-b7f3-5645abb0fe8c:c2879, 73af84f3-3e88-4c8c-894c-3ad307bcac8d:c2873, 730a25a1-dbec-44ed-975b-a44ab0096beb:c2875]
2019-08-30 05:17:46,963 [grpc-default-executor-5] INFO  client.GrpcClientProtocolClient (GrpcClientProtocolClient.java:onNext(255)) - client-574492D41EE7->134d4672-e322-4e4b-b7f3-5645abb0fe8c: receive RaftClientReply:client-574492D41EE7->134d4672-e322-4e4b-b7f3-5645abb0fe8c@group-3CB1DFFBCDC2, cid=1974, SUCCESS, logIndex=2879, commits[134d4672-e322-4e4b-b7f3-5645abb0fe8c:c2879, 73af84f3-3e88-4c8c-894c-3ad307bcac8d:c2875, 730a25a1-dbec-44ed-975b-a44ab0096beb:c2875]
2019-08-30 05:17:46,963 | INFO  | DNAudit | user=null | ip=null | op=WRITE_CHUNK {blockData=conID: 2 locID: 102704235603624476 bcsId: 2873} | ret=SUCCESS |  
2019-08-30 05:17:46,964 | INFO  | DNAudit | user=null | ip=null | op=PUT_BLOCK {blockData=[blockId=conID: 2 locID: 102704235603624476 bcsId: 0,size=3145728]} | ret=SUCCESS |  
2019-08-30 05:17:46,964 | INFO  | DNAudit | user=null | ip=null | op=WRITE_CHUNK {blockData=conID: 2 locID: 102704235603624476 bcsId: 2873} | ret=SUCCESS |  
2019-08-30 05:17:46,964 | INFO  | DNAudit | user=null | ip=null | op=PUT_BLOCK {blockData=[blockId=conID: 2 locID: 102704235603624476 bcsId: 0,size=3145728]} | ret=SUCCESS |  
2019-08-30 05:17:46,969 | INFO  | DNAudit | user=null | ip=null | op=WRITE_CHUNK {blockData=conID: 2 locID: 102704235603624476 bcsId: 2879} | ret=SUCCESS |  
2019-08-30 05:17:46,971 | INFO  | DNAudit | user=null | ip=null | op=WRITE_CHUNK {blockData=conID: 2 locID: 102704235603624476 bcsId: 2879} | ret=SUCCESS |  
2019-08-30 05:17:46,971 | INFO  | DNAudit | user=null | ip=null | op=WRITE_CHUNK {blockData=conID: 2 locID: 102704235603624476 bcsId: 2879} | ret=SUCCESS |  
2019-08-30 05:17:46,982 | INFO  | DNAudit | user=null | ip=null | op=WRITE_CHUNK {blockData=conID: 2 locID: 102704235603624476 bcsId: 2879} | ret=SUCCESS |  
2019-08-30 05:17:46,982 | INFO  | DNAudit | user=null | ip=null | op=PUT_BLOCK {blockData=[blockId=conID: 2 locID: 102704235603624476 bcsId: 0,size=4194304]} | ret=SUCCESS |  
2019-08-30 05:17:46,982 [grpc-default-executor-5] INFO  client.GrpcClientProtocolClient (GrpcClientProtocolClient.java:onNext(255)) - client-574492D41EE7->134d4672-e322-4e4b-b7f3-5645abb0fe8c: receive RaftClientReply:client-574492D41EE7->134d4672-e322-4e4b-b7f3-5645abb0fe8c@group-3CB1DFFBCDC2, cid=1975, SUCCESS, logIndex=2882, commits[134d4672-e322-4e4b-b7f3-5645abb0fe8c:c2883, 73af84f3-3e88-4c8c-894c-3ad307bcac8d:c2881, 730a25a1-dbec-44ed-975b-a44ab0096beb:c2881]
2019-08-30 05:17:46,983 [grpc-default-executor-5] INFO  client.GrpcClientProtocolClient (GrpcClientProtocolClient.java:onNext(255)) - client-574492D41EE7->134d4672-e322-4e4b-b7f3-5645abb0fe8c: receive RaftClientReply:client-574492D41EE7->134d4672-e322-4e4b-b7f3-5645abb0fe8c@group-3CB1DFFBCDC2, cid=1976, SUCCESS, logIndex=2883, commits[134d4672-e322-4e4b-b7f3-5645abb0fe8c:c2883, 73af84f3-3e88-4c8c-894c-3ad307bcac8d:c2881, 730a25a1-dbec-44ed-975b-a44ab0096beb:c2881]
2019-08-30 05:17:46,995 | INFO  | DNAudit | user=null | ip=null | op=WRITE_CHUNK {blockData=conID: 2 locID: 102704235603624476 bcsId: 2879} | ret=SUCCESS |  
2019-08-30 05:17:46,995 | INFO  | DNAudit | user=null | ip=null | op=WRITE_CHUNK {blockData=conID: 2 locID: 102704235603624476 bcsId: 2879} | ret=SUCCESS |  
2019-08-30 05:17:47,006 | INFO  | DNAudit | user=null | ip=null | op=PUT_BLOCK {blockData=[blockId=conID: 2 locID: 102704235603624476 bcsId: 0,size=4194304]} | ret=SUCCESS |  
2019-08-30 05:17:47,007 | INFO  | DNAudit | user=null | ip=null | op=PUT_BLOCK {blockData=[blockId=conID: 2 locID: 102704235603624476 bcsId: 0,size=4194304]} | ret=SUCCESS |  
2019-08-30 05:17:47,007 [grpc-default-executor-5] INFO  client.GrpcClientProtocolClient (GrpcClientProtocolClient.java:onNext(255)) - client-574492D41EE7->134d4672-e322-4e4b-b7f3-5645abb0fe8c: receive RaftClientReply:client-574492D41EE7->134d4672-e322-4e4b-b7f3-5645abb0fe8c@group-3CB1DFFBCDC2, cid=1977, SUCCESS, logIndex=0, commits[134d4672-e322-4e4b-b7f3-5645abb0fe8c:c2885, 73af84f3-3e88-4c8c-894c-3ad307bcac8d:c2883, 730a25a1-dbec-44ed-975b-a44ab0096beb:c2883]
2019-08-30 05:17:47,012 | INFO  | SCMAudit | user=jenkins1000 | ip=192.168.36.106 | op=ALLOCATE_BLOCK {owner=85755eb5-052d-48fa-b271-2fe4d8754e12, size=4194304, type=RATIS, factor=THREE} | ret=SUCCESS |  
2019-08-30 05:17:47,014 | INFO  | OMAudit | user=jenkins1000 | ip=127.0.0.1 | op=ALLOCATE_BLOCK {volume=vol-0-00977, bucket=bucket-0-44205, key=key-0-32850, dataSize=0, replicationType=null, replicationFactor=null, keyLocationInfo=null, clientID=102704234570776978} | ret=SUCCESS |  
2019-08-30 05:17:47,021 | INFO  | DNAudit | user=null | ip=null | op=WRITE_CHUNK {blockData=conID: 3 locID: 102704235610898973 bcsId: 0} | ret=SUCCESS |  
2019-08-30 05:17:47,023 | INFO  | DNAudit | user=null | ip=null | op=WRITE_CHUNK {blockData=conID: 3 locID: 102704235610898973 bcsId: 0} | ret=SUCCESS |  
2019-08-30 05:17:47,023 | INFO  | DNAudit | user=null | ip=null | op=WRITE_CHUNK {blockData=conID: 3 locID: 102704235610898973 bcsId: 0} | ret=SUCCESS |  
2019-08-30 05:17:47,024 | INFO  | DNAudit | user=null | ip=null | op=WRITE_CHUNK {blockData=conID: 3 locID: 102704235610898973 bcsId: 0} | ret=SUCCESS |  
2019-08-30 05:17:47,025 | INFO  | DNAudit | user=null | ip=null | op=WRITE_CHUNK {blockData=conID: 3 locID: 102704235610898973 bcsId: 0} | ret=SUCCESS |  
2019-08-30 05:17:47,026 | INFO  | DNAudit | user=null | ip=null | op=WRITE_CHUNK {blockData=conID: 3 locID: 102704235610898973 bcsId: 0} | ret=SUCCESS |  
2019-08-30 05:17:47,034 | INFO  | DNAudit | user=null | ip=null | op=WRITE_CHUNK {blockData=conID: 3 locID: 102704235610898973 bcsId: 0} | ret=SUCCESS |  
2019-08-30 05:17:47,034 | INFO  | DNAudit | user=null | ip=null | op=PUT_BLOCK {blockData=[blockId=conID: 3 locID: 102704235610898973 bcsId: 0,size=1048576]} | ret=SUCCESS |  
2019-08-30 05:17:47,034 [grpc-default-executor-1] INFO  client.GrpcClientProtocolClient (GrpcClientProtocolClient.java:onNext(255)) - client-574492D41EE7->134d4672-e322-4e4b-b7f3-5645abb0fe8c: receive RaftClientReply:client-574492D41EE7->134d4672-e322-4e4b-b7f3-5645abb0fe8c@group-3CB1DFFBCDC2, cid=1978, SUCCESS, logIndex=2886, commits[134d4672-e322-4e4b-b7f3-5645abb0fe8c:c2889, 73af84f3-3e88-4c8c-894c-3ad307bcac8d:c2885, 730a25a1-dbec-44ed-975b-a44ab0096beb:c2885]
2019-08-30 05:17:47,035 | INFO  | DNAudit | user=null | ip=null | op=WRITE_CHUNK {blockData=conID: 3 locID: 102704235610898973 bcsId: 0} | ret=SUCCESS |  
2019-08-30 05:17:47,035 [grpc-default-executor-1] INFO  client.GrpcClientProtocolClient (GrpcClientProtocolClient.java:onNext(255)) - client-574492D41EE7->134d4672-e322-4e4b-b7f3-5645abb0fe8c: receive RaftClientReply:client-574492D41EE7->134d4672-e322-4e4b-b7f3-5645abb0fe8c@group-3CB1DFFBCDC2, cid=1979, SUCCESS, logIndex=2887, commits[134d4672-e322-4e4b-b7f3-5645abb0fe8c:c2889, 73af84f3-3e88-4c8c-894c-3ad307bcac8d:c2885, 730a25a1-dbec-44ed-975b-a44ab0096beb:c2885]
2019-08-30 05:17:47,035 | INFO  | DNAudit | user=null | ip=null | op=PUT_BLOCK {blockData=[blockId=conID: 3 locID: 102704235610898973 bcsId: 0,size=2097152]} | ret=SUCCESS |  
2019-08-30 05:17:47,035 [grpc-default-executor-1] INFO  client.GrpcClientProtocolClient (GrpcClientProtocolClient.java:onNext(255)) - client-574492D41EE7->134d4672-e322-4e4b-b7f3-5645abb0fe8c: receive RaftClientReply:client-574492D41EE7->134d4672-e322-4e4b-b7f3-5645abb0fe8c@group-3CB1DFFBCDC2, cid=1980, SUCCESS, logIndex=2888, commits[134d4672-e322-4e4b-b7f3-5645abb0fe8c:c2889, 73af84f3-3e88-4c8c-894c-3ad307bcac8d:c2885, 730a25a1-dbec-44ed-975b-a44ab0096beb:c2885]
2019-08-30 05:17:47,035 [grpc-default-executor-1] INFO  client.GrpcClientProtocolClient (GrpcClientProtocolClient.java:onNext(255)) - client-574492D41EE7->134d4672-e322-4e4b-b7f3-5645abb0fe8c: receive RaftClientReply:client-574492D41EE7->134d4672-e322-4e4b-b7f3-5645abb0fe8c@group-3CB1DFFBCDC2, cid=1981, SUCCESS, logIndex=2889, commits[134d4672-e322-4e4b-b7f3-5645abb0fe8c:c2889, 73af84f3-3e88-4c8c-894c-3ad307bcac8d:c2885, 730a25a1-dbec-44ed-975b-a44ab0096beb:c2885]
2019-08-30 05:17:47,036 | INFO  | DNAudit | user=null | ip=null | op=WRITE_CHUNK {blockData=conID: 3 locID: 102704235610898973 bcsId: 0} | ret=SUCCESS |  
2019-08-30 05:17:47,036 | INFO  | DNAudit | user=null | ip=null | op=PUT_BLOCK {blockData=[blockId=conID: 3 locID: 102704235610898973 bcsId: 0,size=1048576]} | ret=SUCCESS |  
2019-08-30 05:17:47,037 | INFO  | DNAudit | user=null | ip=null | op=WRITE_CHUNK {blockData=conID: 3 locID: 102704235610898973 bcsId: 0} | ret=SUCCESS |  
2019-08-30 05:17:47,037 | INFO  | DNAudit | user=null | ip=null | op=PUT_BLOCK {blockData=[blockId=conID: 3 locID: 102704235610898973 bcsId: 0,size=1048576]} | ret=SUCCESS |  
2019-08-30 05:17:47,117 | INFO  | DNAudit | user=null | ip=null | op=WRITE_CHUNK {blockData=conID: 3 locID: 102704235610898973 bcsId: 0} | ret=SUCCESS |  
2019-08-30 05:17:47,117 | INFO  | DNAudit | user=null | ip=null | op=WRITE_CHUNK {blockData=conID: 3 locID: 102704235610898973 bcsId: 0} | ret=SUCCESS |  
2019-08-30 05:17:47,117 [grpc-default-executor-1] INFO  client.GrpcClientProtocolClient (GrpcClientProtocolClient.java:onNext(255)) - client-574492D41EE7->134d4672-e322-4e4b-b7f3-5645abb0fe8c: receive RaftClientReply:client-574492D41EE7->134d4672-e322-4e4b-b7f3-5645abb0fe8c@group-3CB1DFFBCDC2, cid=1982, SUCCESS, logIndex=0, commits[134d4672-e322-4e4b-b7f3-5645abb0fe8c:c2890, 73af84f3-3e88-4c8c-894c-3ad307bcac8d:c2887, 730a25a1-dbec-44ed-975b-a44ab0096beb:c2887]
2019-08-30 05:17:47,118 | INFO  | DNAudit | user=null | ip=null | op=PUT_BLOCK {blockData=[blockId=conID: 3 locID: 102704235610898973 bcsId: 0,size=2097152]} | ret=SUCCESS |  
2019-08-30 05:17:47,118 | INFO  | DNAudit | user=null | ip=null | op=PUT_BLOCK {blockData=[blockId=conID: 3 locID: 102704235610898973 bcsId: 0,size=2097152]} | ret=SUCCESS |  
2019-08-30 05:17:47,128 | INFO  | DNAudit | user=null | ip=null | op=WRITE_CHUNK {blockData=conID: 3 locID: 102704235610898973 bcsId: 2889} | ret=SUCCESS |  
2019-08-30 05:17:47,132 | INFO  | DNAudit | user=null | ip=null | op=WRITE_CHUNK {blockData=conID: 3 locID: 102704235610898973 bcsId: 2889} | ret=SUCCESS |  
2019-08-30 05:17:47,133 | INFO  | DNAudit | user=null | ip=null | op=WRITE_CHUNK {blockData=conID: 3 locID: 102704235610898973 bcsId: 2889} | ret=SUCCESS |  
2019-08-30 05:17:47,144 | INFO  | DNAudit | user=null | ip=null | op=WRITE_CHUNK {blockData=conID: 3 locID: 102704235610898973 bcsId: 2889} | ret=SUCCESS |  
2019-08-30 05:17:47,145 | INFO  | DNAudit | user=null | ip=null | op=PUT_BLOCK {blockData=[blockId=conID: 3 locID: 102704235610898973 bcsId: 0,size=3145728]} | ret=SUCCESS |  
2019-08-30 05:17:47,145 [grpc-default-executor-6] INFO  client.GrpcClientProtocolClient (GrpcClientProtocolClient.java:onNext(255)) - client-574492D41EE7->134d4672-e322-4e4b-b7f3-5645abb0fe8c: receive RaftClientReply:client-574492D41EE7->134d4672-e322-4e4b-b7f3-5645abb0fe8c@group-3CB1DFFBCDC2, cid=1983, SUCCESS, logIndex=2894, commits[134d4672-e322-4e4b-b7f3-5645abb0fe8c:c2895, 73af84f3-3e88-4c8c-894c-3ad307bcac8d:c2893, 730a25a1-dbec-44ed-975b-a44ab0096beb:c2893]
2019-08-30 05:17:47,145 [grpc-default-executor-6] INFO  client.GrpcClientProtocolClient (GrpcClientProtocolClient.java:onNext(255)) - client-574492D41EE7->134d4672-e322-4e4b-b7f3-5645abb0fe8c: receive RaftClientReply:client-574492D41EE7->134d4672-e322-4e4b-b7f3-5645abb0fe8c@group-3CB1DFFBCDC2, cid=1984, SUCCESS, logIndex=2895, commits[134d4672-e322-4e4b-b7f3-5645abb0fe8c:c2895, 73af84f3-3e88-4c8c-894c-3ad307bcac8d:c2893, 730a25a1-dbec-44ed-975b-a44ab0096beb:c2893]
2019-08-30 05:17:47,154 | INFO  | DNAudit | user=null | ip=null | op=WRITE_CHUNK {blockData=conID: 3 locID: 102704235610898973 bcsId: 2895} | ret=SUCCESS |  
2019-08-30 05:17:47,157 | INFO  | DNAudit | user=null | ip=null | op=WRITE_CHUNK {blockData=conID: 3 locID: 102704235610898973 bcsId: 2895} | ret=SUCCESS |  
2019-08-30 05:17:47,158 | INFO  | DNAudit | user=null | ip=null | op=WRITE_CHUNK {blockData=conID: 3 locID: 102704235610898973 bcsId: 2895} | ret=SUCCESS |  
2019-08-30 05:17:47,169 | INFO  | DNAudit | user=null | ip=null | op=WRITE_CHUNK {blockData=conID: 3 locID: 102704235610898973 bcsId: 2889} | ret=SUCCESS |  
2019-08-30 05:17:47,169 | INFO  | DNAudit | user=null | ip=null | op=WRITE_CHUNK {blockData=conID: 3 locID: 102704235610898973 bcsId: 2889} | ret=SUCCESS |  
2019-08-30 05:17:47,169 | INFO  | DNAudit | user=null | ip=null | op=PUT_BLOCK {blockData=[blockId=conID: 3 locID: 102704235610898973 bcsId: 0,size=3145728]} | ret=SUCCESS |  
2019-08-30 05:17:47,169 | INFO  | DNAudit | user=null | ip=null | op=PUT_BLOCK {blockData=[blockId=conID: 3 locID: 102704235610898973 bcsId: 0,size=3145728]} | ret=SUCCESS |  
2019-08-30 05:17:47,171 | INFO  | DNAudit | user=null | ip=null | op=WRITE_CHUNK {blockData=conID: 3 locID: 102704235610898973 bcsId: 2895} | ret=SUCCESS |  
2019-08-30 05:17:47,172 | INFO  | DNAudit | user=null | ip=null | op=PUT_BLOCK {blockData=[blockId=conID: 3 locID: 102704235610898973 bcsId: 0,size=4194304]} | ret=SUCCESS |  
2019-08-30 05:17:47,172 [grpc-default-executor-1] INFO  client.GrpcClientProtocolClient (GrpcClientProtocolClient.java:onNext(255)) - client-574492D41EE7->134d4672-e322-4e4b-b7f3-5645abb0fe8c: receive RaftClientReply:client-574492D41EE7->134d4672-e322-4e4b-b7f3-5645abb0fe8c@group-3CB1DFFBCDC2, cid=1985, SUCCESS, logIndex=2898, commits[134d4672-e322-4e4b-b7f3-5645abb0fe8c:c2899, 73af84f3-3e88-4c8c-894c-3ad307bcac8d:c2895, 730a25a1-dbec-44ed-975b-a44ab0096beb:c2895]
2019-08-30 05:17:47,173 [grpc-default-executor-1] INFO  client.GrpcClientProtocolClient (GrpcClientProtocolClient.java:onNext(255)) - client-574492D41EE7->134d4672-e322-4e4b-b7f3-5645abb0fe8c: receive RaftClientReply:client-574492D41EE7->134d4672-e322-4e4b-b7f3-5645abb0fe8c@group-3CB1DFFBCDC2, cid=1986, SUCCESS, logIndex=2899, commits[134d4672-e322-4e4b-b7f3-5645abb0fe8c:c2899, 73af84f3-3e88-4c8c-894c-3ad307bcac8d:c2895, 730a25a1-dbec-44ed-975b-a44ab0096beb:c2895]
2019-08-30 05:17:47,183 | INFO  | DNAudit | user=null | ip=null | op=WRITE_CHUNK {blockData=conID: 3 locID: 102704235610898973 bcsId: 2895} | ret=SUCCESS |  
2019-08-30 05:17:47,183 | INFO  | DNAudit | user=null | ip=null | op=WRITE_CHUNK {blockData=conID: 3 locID: 102704235610898973 bcsId: 2895} | ret=SUCCESS |  
2019-08-30 05:17:47,183 | INFO  | DNAudit | user=null | ip=null | op=PUT_BLOCK {blockData=[blockId=conID: 3 locID: 102704235610898973 bcsId: 0,size=4194304]} | ret=SUCCESS |  
2019-08-30 05:17:47,183 | INFO  | DNAudit | user=null | ip=null | op=PUT_BLOCK {blockData=[blockId=conID: 3 locID: 102704235610898973 bcsId: 0,size=4194304]} | ret=SUCCESS |  
2019-08-30 05:17:47,184 [grpc-default-executor-1] INFO  client.GrpcClientProtocolClient (GrpcClientProtocolClient.java:onNext(255)) - client-574492D41EE7->134d4672-e322-4e4b-b7f3-5645abb0fe8c: receive RaftClientReply:client-574492D41EE7->134d4672-e322-4e4b-b7f3-5645abb0fe8c@group-3CB1DFFBCDC2, cid=1987, SUCCESS, logIndex=0, commits[134d4672-e322-4e4b-b7f3-5645abb0fe8c:c2900, 73af84f3-3e88-4c8c-894c-3ad307bcac8d:c2899, 730a25a1-dbec-44ed-975b-a44ab0096beb:c2899]
2019-08-30 05:17:47,190 | INFO  | SCMAudit | user=jenkins1000 | ip=192.168.36.106 | op=ALLOCATE_BLOCK {owner=85755eb5-052d-48fa-b271-2fe4d8754e12, size=4194304, type=RATIS, factor=THREE} | ret=SUCCESS |  
2019-08-30 05:17:47,193 | INFO  | OMAudit | user=jenkins1000 | ip=127.0.0.1 | op=ALLOCATE_BLOCK {volume=vol-0-00977, bucket=bucket-0-44205, key=key-0-32850, dataSize=0, replicationType=null, replicationFactor=null, keyLocationInfo=null, clientID=102704234570776978} | ret=SUCCESS |  
2019-08-30 05:17:47,202 | INFO  | DNAudit | user=null | ip=null | op=WRITE_CHUNK {blockData=conID: 1 locID: 102704235622564382 bcsId: 0} | ret=SUCCESS |  
2019-08-30 05:17:47,206 | INFO  | DNAudit | user=null | ip=null | op=WRITE_CHUNK {blockData=conID: 1 locID: 102704235622564382 bcsId: 0} | ret=SUCCESS |  
2019-08-30 05:17:47,207 | INFO  | DNAudit | user=null | ip=null | op=WRITE_CHUNK {blockData=conID: 1 locID: 102704235622564382 bcsId: 0} | ret=SUCCESS |  
2019-08-30 05:17:47,211 | INFO  | DNAudit | user=null | ip=null | op=WRITE_CHUNK {blockData=conID: 1 locID: 102704235622564382 bcsId: 0} | ret=SUCCESS |  
2019-08-30 05:17:47,211 | INFO  | DNAudit | user=null | ip=null | op=WRITE_CHUNK {blockData=conID: 1 locID: 102704235622564382 bcsId: 0} | ret=SUCCESS |  
2019-08-30 05:17:47,212 | INFO  | DNAudit | user=null | ip=null | op=WRITE_CHUNK {blockData=conID: 1 locID: 102704235622564382 bcsId: 0} | ret=SUCCESS |  
2019-08-30 05:17:47,216 | INFO  | DNAudit | user=null | ip=null | op=WRITE_CHUNK {blockData=conID: 1 locID: 102704235622564382 bcsId: 0} | ret=SUCCESS |  
2019-08-30 05:17:47,216 | INFO  | DNAudit | user=null | ip=null | op=PUT_BLOCK {blockData=[blockId=conID: 1 locID: 102704235622564382 bcsId: 0,size=1048576]} | ret=SUCCESS |  
2019-08-30 05:17:47,216 | INFO  | DNAudit | user=null | ip=null | op=WRITE_CHUNK {blockData=conID: 1 locID: 102704235622564382 bcsId: 0} | ret=SUCCESS |  
2019-08-30 05:17:47,216 [grpc-default-executor-1] INFO  client.GrpcClientProtocolClient (GrpcClientProtocolClient.java:onNext(255)) - client-574492D41EE7->134d4672-e322-4e4b-b7f3-5645abb0fe8c: receive RaftClientReply:client-574492D41EE7->134d4672-e322-4e4b-b7f3-5645abb0fe8c@group-3CB1DFFBCDC2, cid=1988, SUCCESS, logIndex=2901, commits[134d4672-e322-4e4b-b7f3-5645abb0fe8c:c2903, 73af84f3-3e88-4c8c-894c-3ad307bcac8d:c2900, 730a25a1-dbec-44ed-975b-a44ab0096beb:c2900]
2019-08-30 05:17:47,217 | INFO  | DNAudit | user=null | ip=null | op=PUT_BLOCK {blockData=[blockId=conID: 1 locID: 102704235622564382 bcsId: 0,size=2097152]} | ret=SUCCESS |  
2019-08-30 05:17:47,217 | INFO  | DNAudit | user=null | ip=null | op=WRITE_CHUNK {blockData=conID: 1 locID: 102704235622564382 bcsId: 0} | ret=SUCCESS |  
2019-08-30 05:17:47,217 [grpc-default-executor-1] INFO  client.GrpcClientProtocolClient (GrpcClientProtocolClient.java:onNext(255)) - client-574492D41EE7->134d4672-e322-4e4b-b7f3-5645abb0fe8c: receive RaftClientReply:client-574492D41EE7->134d4672-e322-4e4b-b7f3-5645abb0fe8c@group-3CB1DFFBCDC2, cid=1989, SUCCESS, logIndex=2902, commits[134d4672-e322-4e4b-b7f3-5645abb0fe8c:c2904, 73af84f3-3e88-4c8c-894c-3ad307bcac8d:c2900, 730a25a1-dbec-44ed-975b-a44ab0096beb:c2900]
2019-08-30 05:17:47,217 | INFO  | DNAudit | user=null | ip=null | op=PUT_BLOCK {blockData=[blockId=conID: 1 locID: 102704235622564382 bcsId: 0,size=1048576]} | ret=SUCCESS |  
2019-08-30 05:17:47,217 | INFO  | DNAudit | user=null | ip=null | op=WRITE_CHUNK {blockData=conID: 1 locID: 102704235622564382 bcsId: 0} | ret=SUCCESS |  
2019-08-30 05:17:47,218 | INFO  | DNAudit | user=null | ip=null | op=PUT_BLOCK {blockData=[blockId=conID: 1 locID: 102704235622564382 bcsId: 0,size=1048576]} | ret=SUCCESS |  
2019-08-30 05:17:47,218 [grpc-default-executor-1] INFO  client.GrpcClientProtocolClient (GrpcClientProtocolClient.java:onNext(255)) - client-574492D41EE7->134d4672-e322-4e4b-b7f3-5645abb0fe8c: receive RaftClientReply:client-574492D41EE7->134d4672-e322-4e4b-b7f3-5645abb0fe8c@group-3CB1DFFBCDC2, cid=1990, SUCCESS, logIndex=2903, commits[134d4672-e322-4e4b-b7f3-5645abb0fe8c:c2904, 73af84f3-3e88-4c8c-894c-3ad307bcac8d:c2900, 730a25a1-dbec-44ed-975b-a44ab0096beb:c2900]
2019-08-30 05:17:47,218 [grpc-default-executor-1] INFO  client.GrpcClientProtocolClient (GrpcClientProtocolClient.java:onNext(255)) - client-574492D41EE7->134d4672-e322-4e4b-b7f3-5645abb0fe8c: receive RaftClientReply:client-574492D41EE7->134d4672-e322-4e4b-b7f3-5645abb0fe8c@group-3CB1DFFBCDC2, cid=1991, SUCCESS, logIndex=2904, commits[134d4672-e322-4e4b-b7f3-5645abb0fe8c:c2904, 73af84f3-3e88-4c8c-894c-3ad307bcac8d:c2900, 730a25a1-dbec-44ed-975b-a44ab0096beb:c2900]
2019-08-30 05:17:47,219 [grpc-default-executor-1] INFO  client.GrpcClientProtocolClient (GrpcClientProtocolClient.java:onNext(255)) - client-574492D41EE7->134d4672-e322-4e4b-b7f3-5645abb0fe8c: receive RaftClientReply:client-574492D41EE7->134d4672-e322-4e4b-b7f3-5645abb0fe8c@group-3CB1DFFBCDC2, cid=1992, SUCCESS, logIndex=0, commits[134d4672-e322-4e4b-b7f3-5645abb0fe8c:c2905, 73af84f3-3e88-4c8c-894c-3ad307bcac8d:c2902, 730a25a1-dbec-44ed-975b-a44ab0096beb:c2902]
2019-08-30 05:17:47,220 | INFO  | DNAudit | user=null | ip=null | op=WRITE_CHUNK {blockData=conID: 1 locID: 102704235622564382 bcsId: 0} | ret=SUCCESS |  
2019-08-30 05:17:47,220 | INFO  | DNAudit | user=null | ip=null | op=WRITE_CHUNK {blockData=conID: 1 locID: 102704235622564382 bcsId: 0} | ret=SUCCESS |  
2019-08-30 05:17:47,220 | INFO  | DNAudit | user=null | ip=null | op=PUT_BLOCK {blockData=[blockId=conID: 1 locID: 102704235622564382 bcsId: 0,size=2097152]} | ret=SUCCESS |  
2019-08-30 05:17:47,221 | INFO  | DNAudit | user=null | ip=null | op=PUT_BLOCK {blockData=[blockId=conID: 1 locID: 102704235622564382 bcsId: 0,size=2097152]} | ret=SUCCESS |  
2019-08-30 05:17:47,226 | INFO  | DNAudit | user=null | ip=null | op=WRITE_CHUNK {blockData=conID: 1 locID: 102704235622564382 bcsId: 2904} | ret=SUCCESS |  
2019-08-30 05:17:47,228 | INFO  | DNAudit | user=null | ip=null | op=WRITE_CHUNK {blockData=conID: 1 locID: 102704235622564382 bcsId: 2904} | ret=SUCCESS |  
2019-08-30 05:17:47,229 | INFO  | DNAudit | user=null | ip=null | op=WRITE_CHUNK {blockData=conID: 1 locID: 102704235622564382 bcsId: 2904} | ret=SUCCESS |  
2019-08-30 05:17:47,238 | INFO  | DNAudit | user=null | ip=null | op=WRITE_CHUNK {blockData=conID: 1 locID: 102704235622564382 bcsId: 2904} | ret=SUCCESS |  
2019-08-30 05:17:47,239 | INFO  | DNAudit | user=null | ip=null | op=PUT_BLOCK {blockData=[blockId=conID: 1 locID: 102704235622564382 bcsId: 0,size=3145728]} | ret=SUCCESS |  
2019-08-30 05:17:47,239 [grpc-default-executor-3] INFO  client.GrpcClientProtocolClient (GrpcClientProtocolClient.java:onNext(255)) - client-574492D41EE7->134d4672-e322-4e4b-b7f3-5645abb0fe8c: receive RaftClientReply:client-574492D41EE7->134d4672-e322-4e4b-b7f3-5645abb0fe8c@group-3CB1DFFBCDC2, cid=1993, SUCCESS, logIndex=2909, commits[134d4672-e322-4e4b-b7f3-5645abb0fe8c:c2910, 73af84f3-3e88-4c8c-894c-3ad307bcac8d:c2908, 730a25a1-dbec-44ed-975b-a44ab0096beb:c2908]
2019-08-30 05:17:47,239 [grpc-default-executor-3] INFO  client.GrpcClientProtocolClient (GrpcClientProtocolClient.java:onNext(255)) - client-574492D41EE7->134d4672-e322-4e4b-b7f3-5645abb0fe8c: receive RaftClientReply:client-574492D41EE7->134d4672-e322-4e4b-b7f3-5645abb0fe8c@group-3CB1DFFBCDC2, cid=1994, SUCCESS, logIndex=2910, commits[134d4672-e322-4e4b-b7f3-5645abb0fe8c:c2910, 73af84f3-3e88-4c8c-894c-3ad307bcac8d:c2908, 730a25a1-dbec-44ed-975b-a44ab0096beb:c2908]
2019-08-30 05:17:47,246 | INFO  | DNAudit | user=null | ip=null | op=WRITE_CHUNK {blockData=conID: 1 locID: 102704235622564382 bcsId: 2910} | ret=SUCCESS |  
2019-08-30 05:17:47,249 | INFO  | DNAudit | user=null | ip=null | op=WRITE_CHUNK {blockData=conID: 1 locID: 102704235622564382 bcsId: 2910} | ret=SUCCESS |  
2019-08-30 05:17:47,249 | INFO  | DNAudit | user=null | ip=null | op=WRITE_CHUNK {blockData=conID: 1 locID: 102704235622564382 bcsId: 2910} | ret=SUCCESS |  
2019-08-30 05:17:47,249 | INFO  | DNAudit | user=null | ip=null | op=WRITE_CHUNK {blockData=conID: 1 locID: 102704235622564382 bcsId: 2904} | ret=SUCCESS |  
2019-08-30 05:17:47,250 | INFO  | DNAudit | user=null | ip=null | op=WRITE_CHUNK {blockData=conID: 1 locID: 102704235622564382 bcsId: 2904} | ret=SUCCESS |  
2019-08-30 05:17:47,250 | INFO  | DNAudit | user=null | ip=null | op=PUT_BLOCK {blockData=[blockId=conID: 1 locID: 102704235622564382 bcsId: 0,size=3145728]} | ret=SUCCESS |  
2019-08-30 05:17:47,250 | INFO  | DNAudit | user=null | ip=null | op=PUT_BLOCK {blockData=[blockId=conID: 1 locID: 102704235622564382 bcsId: 0,size=3145728]} | ret=SUCCESS |  
2019-08-30 05:17:47,253 | INFO  | DNAudit | user=null | ip=null | op=WRITE_CHUNK {blockData=conID: 1 locID: 102704235622564382 bcsId: 2910} | ret=SUCCESS |  
2019-08-30 05:17:47,253 | INFO  | DNAudit | user=null | ip=null | op=PUT_BLOCK {blockData=[blockId=conID: 1 locID: 102704235622564382 bcsId: 0,size=4194304]} | ret=SUCCESS |  
2019-08-30 05:17:47,253 [grpc-default-executor-3] INFO  client.GrpcClientProtocolClient (GrpcClientProtocolClient.java:onNext(255)) - client-574492D41EE7->134d4672-e322-4e4b-b7f3-5645abb0fe8c: receive RaftClientReply:client-574492D41EE7->134d4672-e322-4e4b-b7f3-5645abb0fe8c@group-3CB1DFFBCDC2, cid=1995, SUCCESS, logIndex=2913, commits[134d4672-e322-4e4b-b7f3-5645abb0fe8c:c2914, 73af84f3-3e88-4c8c-894c-3ad307bcac8d:c2910, 730a25a1-dbec-44ed-975b-a44ab0096beb:c2910]
2019-08-30 05:17:47,254 [grpc-default-executor-3] INFO  client.GrpcClientProtocolClient (GrpcClientProtocolClient.java:onNext(255)) - client-574492D41EE7->134d4672-e322-4e4b-b7f3-5645abb0fe8c: receive RaftClientReply:client-574492D41EE7->134d4672-e322-4e4b-b7f3-5645abb0fe8c@group-3CB1DFFBCDC2, cid=1996, SUCCESS, logIndex=2914, commits[134d4672-e322-4e4b-b7f3-5645abb0fe8c:c2914, 73af84f3-3e88-4c8c-894c-3ad307bcac8d:c2910, 730a25a1-dbec-44ed-975b-a44ab0096beb:c2910]
2019-08-30 05:17:47,264 | INFO  | DNAudit | user=null | ip=null | op=WRITE_CHUNK {blockData=conID: 1 locID: 102704235622564382 bcsId: 2910} | ret=SUCCESS |  
2019-08-30 05:17:47,264 | INFO  | DNAudit | user=null | ip=null | op=WRITE_CHUNK {blockData=conID: 1 locID: 102704235622564382 bcsId: 2910} | ret=SUCCESS |  
2019-08-30 05:17:47,265 | INFO  | DNAudit | user=null | ip=null | op=PUT_BLOCK {blockData=[blockId=conID: 1 locID: 102704235622564382 bcsId: 0,size=4194304]} | ret=SUCCESS |  
2019-08-30 05:17:47,265 | INFO  | DNAudit | user=null | ip=null | op=PUT_BLOCK {blockData=[blockId=conID: 1 locID: 102704235622564382 bcsId: 0,size=4194304]} | ret=SUCCESS |  
2019-08-30 05:17:47,266 [grpc-default-executor-3] INFO  client.GrpcClientProtocolClient (GrpcClientProtocolClient.java:onNext(255)) - client-574492D41EE7->134d4672-e322-4e4b-b7f3-5645abb0fe8c: receive RaftClientReply:client-574492D41EE7->134d4672-e322-4e4b-b7f3-5645abb0fe8c@group-3CB1DFFBCDC2, cid=1997, SUCCESS, logIndex=0, commits[134d4672-e322-4e4b-b7f3-5645abb0fe8c:c2916, 73af84f3-3e88-4c8c-894c-3ad307bcac8d:c2914, 730a25a1-dbec-44ed-975b-a44ab0096beb:c2914]
2019-08-30 05:17:47,271 | INFO  | SCMAudit | user=jenkins1000 | ip=192.168.36.106 | op=ALLOCATE_BLOCK {owner=85755eb5-052d-48fa-b271-2fe4d8754e12, size=4194304, type=RATIS, factor=THREE} | ret=SUCCESS |  
2019-08-30 05:17:47,275 | INFO  | OMAudit | user=jenkins1000 | ip=127.0.0.1 | op=ALLOCATE_BLOCK {volume=vol-0-00977, bucket=bucket-0-44205, key=key-0-32850, dataSize=0, replicationType=null, replicationFactor=null, keyLocationInfo=null, clientID=102704234570776978} | ret=SUCCESS |  
2019-08-30 05:17:47,283 | INFO  | DNAudit | user=null | ip=null | op=WRITE_CHUNK {blockData=conID: 2 locID: 102704235627872799 bcsId: 0} | ret=SUCCESS |  
2019-08-30 05:17:47,285 | INFO  | DNAudit | user=null | ip=null | op=WRITE_CHUNK {blockData=conID: 2 locID: 102704235627872799 bcsId: 0} | ret=SUCCESS |  
2019-08-30 05:17:47,286 | INFO  | DNAudit | user=null | ip=null | op=WRITE_CHUNK {blockData=conID: 2 locID: 102704235627872799 bcsId: 0} | ret=SUCCESS |  
2019-08-30 05:17:47,286 | INFO  | DNAudit | user=null | ip=null | op=WRITE_CHUNK {blockData=conID: 2 locID: 102704235627872799 bcsId: 0} | ret=SUCCESS |  
2019-08-30 05:17:47,288 | INFO  | DNAudit | user=null | ip=null | op=WRITE_CHUNK {blockData=conID: 2 locID: 102704235627872799 bcsId: 0} | ret=SUCCESS |  
2019-08-30 05:17:47,288 | INFO  | DNAudit | user=null | ip=null | op=WRITE_CHUNK {blockData=conID: 2 locID: 102704235627872799 bcsId: 0} | ret=SUCCESS |  
2019-08-30 05:17:47,299 | INFO  | DNAudit | user=null | ip=null | op=WRITE_CHUNK {blockData=conID: 2 locID: 102704235627872799 bcsId: 0} | ret=SUCCESS |  
2019-08-30 05:17:47,300 | INFO  | DNAudit | user=null | ip=null | op=PUT_BLOCK {blockData=[blockId=conID: 2 locID: 102704235627872799 bcsId: 0,size=1048576]} | ret=SUCCESS |  
2019-08-30 05:17:47,300 | INFO  | DNAudit | user=null | ip=null | op=WRITE_CHUNK {blockData=conID: 2 locID: 102704235627872799 bcsId: 0} | ret=SUCCESS |  
2019-08-30 05:17:47,300 [grpc-default-executor-1] INFO  client.GrpcClientProtocolClient (GrpcClientProtocolClient.java:onNext(255)) - client-574492D41EE7->134d4672-e322-4e4b-b7f3-5645abb0fe8c: receive RaftClientReply:client-574492D41EE7->134d4672-e322-4e4b-b7f3-5645abb0fe8c@group-3CB1DFFBCDC2, cid=1998, SUCCESS, logIndex=2917, commits[134d4672-e322-4e4b-b7f3-5645abb0fe8c:c2918, 73af84f3-3e88-4c8c-894c-3ad307bcac8d:c2916, 730a25a1-dbec-44ed-975b-a44ab0096beb:c2916]
2019-08-30 05:17:47,301 | INFO  | DNAudit | user=null | ip=null | op=PUT_BLOCK {blockData=[blockId=conID: 2 locID: 102704235627872799 bcsId: 0,size=2097152]} | ret=SUCCESS |  
2019-08-30 05:17:47,301 | INFO  | DNAudit | user=null | ip=null | op=WRITE_CHUNK {blockData=conID: 2 locID: 102704235627872799 bcsId: 0} | ret=SUCCESS |  
2019-08-30 05:17:47,301 [grpc-default-executor-1] INFO  client.GrpcClientProtocolClient (GrpcClientProtocolClient.java:onNext(255)) - client-574492D41EE7->134d4672-e322-4e4b-b7f3-5645abb0fe8c: receive RaftClientReply:client-574492D41EE7->134d4672-e322-4e4b-b7f3-5645abb0fe8c@group-3CB1DFFBCDC2, cid=1999, SUCCESS, logIndex=2918, commits[134d4672-e322-4e4b-b7f3-5645abb0fe8c:c2920, 73af84f3-3e88-4c8c-894c-3ad307bcac8d:c2916, 730a25a1-dbec-44ed-975b-a44ab0096beb:c2916]
2019-08-30 05:17:47,301 | INFO  | DNAudit | user=null | ip=null | op=PUT_BLOCK {blockData=[blockId=conID: 2 locID: 102704235627872799 bcsId: 0,size=1048576]} | ret=SUCCESS |  
2019-08-30 05:17:47,302 [grpc-default-executor-1] INFO  client.GrpcClientProtocolClient (GrpcClientProtocolClient.java:onNext(255)) - client-574492D41EE7->134d4672-e322-4e4b-b7f3-5645abb0fe8c: receive RaftClientReply:client-574492D41EE7->134d4672-e322-4e4b-b7f3-5645abb0fe8c@group-3CB1DFFBCDC2, cid=2000, SUCCESS, logIndex=2919, commits[134d4672-e322-4e4b-b7f3-5645abb0fe8c:c2920, 73af84f3-3e88-4c8c-894c-3ad307bcac8d:c2916, 730a25a1-dbec-44ed-975b-a44ab0096beb:c2916]
2019-08-30 05:17:47,302 [grpc-default-executor-1] INFO  client.GrpcClientProtocolClient (GrpcClientProtocolClient.java:onNext(255)) - client-574492D41EE7->134d4672-e322-4e4b-b7f3-5645abb0fe8c: receive RaftClientReply:client-574492D41EE7->134d4672-e322-4e4b-b7f3-5645abb0fe8c@group-3CB1DFFBCDC2, cid=2001, SUCCESS, logIndex=2920, commits[134d4672-e322-4e4b-b7f3-5645abb0fe8c:c2920, 73af84f3-3e88-4c8c-894c-3ad307bcac8d:c2916, 730a25a1-dbec-44ed-975b-a44ab0096beb:c2916]
2019-08-30 05:17:47,312 | INFO  | DNAudit | user=null | ip=null | op=WRITE_CHUNK {blockData=conID: 2 locID: 102704235627872799 bcsId: 0} | ret=SUCCESS |  
2019-08-30 05:17:47,312 | INFO  | DNAudit | user=null | ip=null | op=PUT_BLOCK {blockData=[blockId=conID: 2 locID: 102704235627872799 bcsId: 0,size=1048576]} | ret=SUCCESS |  
2019-08-30 05:17:47,313 [grpc-default-executor-1] INFO  client.GrpcClientProtocolClient (GrpcClientProtocolClient.java:onNext(255)) - client-574492D41EE7->134d4672-e322-4e4b-b7f3-5645abb0fe8c: receive RaftClientReply:client-574492D41EE7->134d4672-e322-4e4b-b7f3-5645abb0fe8c@group-3CB1DFFBCDC2, cid=2002, SUCCESS, logIndex=0, commits[134d4672-e322-4e4b-b7f3-5645abb0fe8c:c2921, 73af84f3-3e88-4c8c-894c-3ad307bcac8d:c2918, 730a25a1-dbec-44ed-975b-a44ab0096beb:c2918]
2019-08-30 05:17:47,313 | INFO  | SCMAudit | user=jenkins1000 | ip=192.168.36.106 | op=SEND_HEARTBEAT {datanodeUUID=134d4672-e322-4e4b-b7f3-5645abb0fe8c, command=[]} | ret=SUCCESS |  
 0.00% |█                                                                                                    |  0/1 Time: 0:00:162019-08-30 05:17:47,314 | INFO  | SCMAudit | user=jenkins1000 | ip=192.168.36.106 | op=SEND_HEARTBEAT {datanodeUUID=ea5d4b6b-4a08-401a-8c59-ecc1ca37daf5, command=[]} | ret=SUCCESS |  
2019-08-30 05:17:47,314 | INFO  | DNAudit | user=null | ip=null | op=WRITE_CHUNK {blockData=conID: 2 locID: 102704235627872799 bcsId: 0} | ret=SUCCESS |  
2019-08-30 05:17:47,314 | INFO  | DNAudit | user=null | ip=null | op=PUT_BLOCK {blockData=[blockId=conID: 2 locID: 102704235627872799 bcsId: 0,size=2097152]} | ret=SUCCESS |  
2019-08-30 05:17:47,315 | INFO  | SCMAudit | user=jenkins1000 | ip=192.168.36.106 | op=SEND_HEARTBEAT {datanodeUUID=73af84f3-3e88-4c8c-894c-3ad307bcac8d, command=[]} | ret=SUCCESS |  
2019-08-30 05:17:47,315 | INFO  | SCMAudit | user=jenkins1000 | ip=192.168.36.106 | op=SEND_HEARTBEAT {datanodeUUID=730a25a1-dbec-44ed-975b-a44ab0096beb, command=[]} | ret=SUCCESS |  
2019-08-30 05:17:47,320 | INFO  | DNAudit | user=null | ip=null | op=WRITE_CHUNK {blockData=conID: 2 locID: 102704235627872799 bcsId: 2920} | ret=SUCCESS |  
2019-08-30 05:17:47,323 | INFO  | DNAudit | user=null | ip=null | op=WRITE_CHUNK {blockData=conID: 2 locID: 102704235627872799 bcsId: 2920} | ret=SUCCESS |  
2019-08-30 05:17:47,323 | INFO  | DNAudit | user=null | ip=null | op=WRITE_CHUNK {blockData=conID: 2 locID: 102704235627872799 bcsId: 2920} | ret=SUCCESS |  
2019-08-30 05:17:47,325 | INFO  | DNAudit | user=null | ip=null | op=WRITE_CHUNK {blockData=conID: 2 locID: 102704235627872799 bcsId: 0} | ret=SUCCESS |  
2019-08-30 05:17:47,326 | INFO  | DNAudit | user=null | ip=null | op=PUT_BLOCK {blockData=[blockId=conID: 2 locID: 102704235627872799 bcsId: 0,size=2097152]} | ret=SUCCESS |  
2019-08-30 05:17:47,328 | INFO  | DNAudit | user=null | ip=null | op=WRITE_CHUNK {blockData=conID: 2 locID: 102704235627872799 bcsId: 2920} | ret=SUCCESS |  
2019-08-30 05:17:47,328 | INFO  | DNAudit | user=null | ip=null | op=PUT_BLOCK {blockData=[blockId=conID: 2 locID: 102704235627872799 bcsId: 0,size=3145728]} | ret=SUCCESS |  
2019-08-30 05:17:47,329 [grpc-default-executor-6] INFO  client.GrpcClientProtocolClient (GrpcClientProtocolClient.java:onNext(255)) - client-574492D41EE7->134d4672-e322-4e4b-b7f3-5645abb0fe8c: receive RaftClientReply:client-574492D41EE7->134d4672-e322-4e4b-b7f3-5645abb0fe8c@group-3CB1DFFBCDC2, cid=2003, SUCCESS, logIndex=2924, commits[134d4672-e322-4e4b-b7f3-5645abb0fe8c:c2925, 73af84f3-3e88-4c8c-894c-3ad307bcac8d:c2923, 730a25a1-dbec-44ed-975b-a44ab0096beb:c2920]
2019-08-30 05:17:47,329 [grpc-default-executor-6] INFO  client.GrpcClientProtocolClient (GrpcClientProtocolClient.java:onNext(255)) - client-574492D41EE7->134d4672-e322-4e4b-b7f3-5645abb0fe8c: receive RaftClientReply:client-574492D41EE7->134d4672-e322-4e4b-b7f3-5645abb0fe8c@group-3CB1DFFBCDC2, cid=2004, SUCCESS, logIndex=2925, commits[134d4672-e322-4e4b-b7f3-5645abb0fe8c:c2925, 73af84f3-3e88-4c8c-894c-3ad307bcac8d:c2923, 730a25a1-dbec-44ed-975b-a44ab0096beb:c2920]
2019-08-30 05:17:47,336 | INFO  | DNAudit | user=null | ip=null | op=WRITE_CHUNK {blockData=conID: 2 locID: 102704235627872799 bcsId: 2925} | ret=SUCCESS |  
2019-08-30 05:17:47,338 | INFO  | DNAudit | user=null | ip=null | op=WRITE_CHUNK {blockData=conID: 2 locID: 102704235627872799 bcsId: 2925} | ret=SUCCESS |  
2019-08-30 05:17:47,338 | INFO  | DNAudit | user=null | ip=null | op=WRITE_CHUNK {blockData=conID: 2 locID: 102704235627872799 bcsId: 2925} | ret=SUCCESS |  
2019-08-30 05:17:47,339 | INFO  | DNAudit | user=null | ip=null | op=WRITE_CHUNK {blockData=conID: 2 locID: 102704235627872799 bcsId: 2920} | ret=SUCCESS |  
2019-08-30 05:17:47,339 | INFO  | DNAudit | user=null | ip=null | op=PUT_BLOCK {blockData=[blockId=conID: 2 locID: 102704235627872799 bcsId: 0,size=3145728]} | ret=SUCCESS |  
2019-08-30 05:17:47,342 | INFO  | DNAudit | user=null | ip=null | op=WRITE_CHUNK {blockData=conID: 2 locID: 102704235627872799 bcsId: 2920} | ret=SUCCESS |  
2019-08-30 05:17:47,342 | INFO  | DNAudit | user=null | ip=null | op=PUT_BLOCK {blockData=[blockId=conID: 2 locID: 102704235627872799 bcsId: 0,size=3145728]} | ret=SUCCESS |  
2019-08-30 05:17:47,343 | INFO  | DNAudit | user=null | ip=null | op=WRITE_CHUNK {blockData=conID: 2 locID: 102704235627872799 bcsId: 2925} | ret=SUCCESS |  
2019-08-30 05:17:47,343 | INFO  | DNAudit | user=null | ip=null | op=PUT_BLOCK {blockData=[blockId=conID: 2 locID: 102704235627872799 bcsId: 0,size=4194304]} | ret=SUCCESS |  
2019-08-30 05:17:47,343 [grpc-default-executor-1] INFO  client.GrpcClientProtocolClient (GrpcClientProtocolClient.java:onNext(255)) - client-574492D41EE7->134d4672-e322-4e4b-b7f3-5645abb0fe8c: receive RaftClientReply:client-574492D41EE7->134d4672-e322-4e4b-b7f3-5645abb0fe8c@group-3CB1DFFBCDC2, cid=2005, SUCCESS, logIndex=2928, commits[134d4672-e322-4e4b-b7f3-5645abb0fe8c:c2929, 73af84f3-3e88-4c8c-894c-3ad307bcac8d:c2925, 730a25a1-dbec-44ed-975b-a44ab0096beb:c2925]
2019-08-30 05:17:47,344 [grpc-default-executor-1] INFO  client.GrpcClientProtocolClient (GrpcClientProtocolClient.java:onNext(255)) - client-574492D41EE7->134d4672-e322-4e4b-b7f3-5645abb0fe8c: receive RaftClientReply:client-574492D41EE7->134d4672-e322-4e4b-b7f3-5645abb0fe8c@group-3CB1DFFBCDC2, cid=2006, SUCCESS, logIndex=2929, commits[134d4672-e322-4e4b-b7f3-5645abb0fe8c:c2929, 73af84f3-3e88-4c8c-894c-3ad307bcac8d:c2925, 730a25a1-dbec-44ed-975b-a44ab0096beb:c2925]
2019-08-30 05:17:47,354 | INFO  | DNAudit | user=null | ip=null | op=WRITE_CHUNK {blockData=conID: 2 locID: 102704235627872799 bcsId: 2925} | ret=SUCCESS |  
2019-08-30 05:17:47,354 | INFO  | DNAudit | user=null | ip=null | op=WRITE_CHUNK {blockData=conID: 2 locID: 102704235627872799 bcsId: 2925} | ret=SUCCESS |  
2019-08-30 05:17:47,355 | INFO  | DNAudit | user=null | ip=null | op=PUT_BLOCK {blockData=[blockId=conID: 2 locID: 102704235627872799 bcsId: 0,size=4194304]} | ret=SUCCESS |  
2019-08-30 05:17:47,355 | INFO  | DNAudit | user=null | ip=null | op=PUT_BLOCK {blockData=[blockId=conID: 2 locID: 102704235627872799 bcsId: 0,size=4194304]} | ret=SUCCESS |  
2019-08-30 05:17:47,355 [grpc-default-executor-1] INFO  client.GrpcClientProtocolClient (GrpcClientProtocolClient.java:onNext(255)) - client-574492D41EE7->134d4672-e322-4e4b-b7f3-5645abb0fe8c: receive RaftClientReply:client-574492D41EE7->134d4672-e322-4e4b-b7f3-5645abb0fe8c@group-3CB1DFFBCDC2, cid=2007, SUCCESS, logIndex=0, commits[134d4672-e322-4e4b-b7f3-5645abb0fe8c:c2930, 73af84f3-3e88-4c8c-894c-3ad307bcac8d:c2929, 730a25a1-dbec-44ed-975b-a44ab0096beb:c2929]
2019-08-30 05:17:47,361 | INFO  | SCMAudit | user=jenkins1000 | ip=192.168.36.106 | op=ALLOCATE_BLOCK {owner=85755eb5-052d-48fa-b271-2fe4d8754e12, size=4194304, type=RATIS, factor=THREE} | ret=SUCCESS |  
2019-08-30 05:17:47,364 | INFO  | OMAudit | user=jenkins1000 | ip=127.0.0.1 | op=ALLOCATE_BLOCK {volume=vol-0-00977, bucket=bucket-0-44205, key=key-0-32850, dataSize=0, replicationType=null, replicationFactor=null, keyLocationInfo=null, clientID=102704234570776978} | ret=SUCCESS |  
2019-08-30 05:17:47,373 | INFO  | DNAudit | user=null | ip=null | op=WRITE_CHUNK {blockData=conID: 3 locID: 102704235633705504 bcsId: 0} | ret=SUCCESS |  
2019-08-30 05:17:47,375 | INFO  | DNAudit | user=null | ip=null | op=WRITE_CHUNK {blockData=conID: 3 locID: 102704235633705504 bcsId: 0} | ret=SUCCESS |  
2019-08-30 05:17:47,375 | INFO  | DNAudit | user=null | ip=null | op=WRITE_CHUNK {blockData=conID: 3 locID: 102704235633705504 bcsId: 0} | ret=SUCCESS |  
2019-08-30 05:17:47,379 | INFO  | DNAudit | user=null | ip=null | op=WRITE_CHUNK {blockData=conID: 3 locID: 102704235633705504 bcsId: 0} | ret=SUCCESS |  
2019-08-30 05:17:47,381 | INFO  | DNAudit | user=null | ip=null | op=WRITE_CHUNK {blockData=conID: 3 locID: 102704235633705504 bcsId: 0} | ret=SUCCESS |  
2019-08-30 05:17:47,381 | INFO  | DNAudit | user=null | ip=null | op=WRITE_CHUNK {blockData=conID: 3 locID: 102704235633705504 bcsId: 0} | ret=SUCCESS |  
2019-08-30 05:17:47,386 | INFO  | DNAudit | user=null | ip=null | op=WRITE_CHUNK {blockData=conID: 3 locID: 102704235633705504 bcsId: 0} | ret=SUCCESS |  
2019-08-30 05:17:47,387 | INFO  | DNAudit | user=null | ip=null | op=PUT_BLOCK {blockData=[blockId=conID: 3 locID: 102704235633705504 bcsId: 0,size=1048576]} | ret=SUCCESS |  
2019-08-30 05:17:47,388 | INFO  | DNAudit | user=null | ip=null | op=WRITE_CHUNK {blockData=conID: 3 locID: 102704235633705504 bcsId: 0} | ret=SUCCESS |  
2019-08-30 05:17:47,388 [grpc-default-executor-3] INFO  client.GrpcClientProtocolClient (GrpcClientProtocolClient.java:onNext(255)) - client-574492D41EE7->134d4672-e322-4e4b-b7f3-5645abb0fe8c: receive RaftClientReply:client-574492D41EE7->134d4672-e322-4e4b-b7f3-5645abb0fe8c@group-3CB1DFFBCDC2, cid=2008, SUCCESS, logIndex=2932, commits[134d4672-e322-4e4b-b7f3-5645abb0fe8c:c2933, 73af84f3-3e88-4c8c-894c-3ad307bcac8d:c2931, 730a25a1-dbec-44ed-975b-a44ab0096beb:c2931]
2019-08-30 05:17:47,388 | INFO  | DNAudit | user=null | ip=null | op=PUT_BLOCK {blockData=[blockId=conID: 3 locID: 102704235633705504 bcsId: 0,size=2097152]} | ret=SUCCESS |  
2019-08-30 05:17:47,388 [grpc-default-executor-3] INFO  client.GrpcClientProtocolClient (GrpcClientProtocolClient.java:onNext(255)) - client-574492D41EE7->134d4672-e322-4e4b-b7f3-5645abb0fe8c: receive RaftClientReply:client-574492D41EE7->134d4672-e322-4e4b-b7f3-5645abb0fe8c@group-3CB1DFFBCDC2, cid=2009, SUCCESS, logIndex=2933, commits[134d4672-e322-4e4b-b7f3-5645abb0fe8c:c2935, 73af84f3-3e88-4c8c-894c-3ad307bcac8d:c2931, 730a25a1-dbec-44ed-975b-a44ab0096beb:c2931]
2019-08-30 05:17:47,389 | INFO  | DNAudit | user=null | ip=null | op=WRITE_CHUNK {blockData=conID: 3 locID: 102704235633705504 bcsId: 0} | ret=SUCCESS |  
2019-08-30 05:17:47,389 [grpc-default-executor-3] INFO  client.GrpcClientProtocolClient (GrpcClientProtocolClient.java:onNext(255)) - client-574492D41EE7->134d4672-e322-4e4b-b7f3-5645abb0fe8c: receive RaftClientReply:client-574492D41EE7->134d4672-e322-4e4b-b7f3-5645abb0fe8c@group-3CB1DFFBCDC2, cid=2010, SUCCESS, logIndex=2934, commits[134d4672-e322-4e4b-b7f3-5645abb0fe8c:c2935, 73af84f3-3e88-4c8c-894c-3ad307bcac8d:c2931, 730a25a1-dbec-44ed-975b-a44ab0096beb:c2931]
2019-08-30 05:17:47,389 | INFO  | DNAudit | user=null | ip=null | op=PUT_BLOCK {blockData=[blockId=conID: 3 locID: 102704235633705504 bcsId: 0,size=1048576]} | ret=SUCCESS |  
2019-08-30 05:17:47,389 | INFO  | DNAudit | user=null | ip=null | op=WRITE_CHUNK {blockData=conID: 3 locID: 102704235633705504 bcsId: 0} | ret=SUCCESS |  
2019-08-30 05:17:47,390 | INFO  | DNAudit | user=null | ip=null | op=PUT_BLOCK {blockData=[blockId=conID: 3 locID: 102704235633705504 bcsId: 0,size=1048576]} | ret=SUCCESS |  
2019-08-30 05:17:47,390 | INFO  | DNAudit | user=null | ip=null | op=WRITE_CHUNK {blockData=conID: 3 locID: 102704235633705504 bcsId: 0} | ret=SUCCESS |  
2019-08-30 05:17:47,390 | INFO  | DNAudit | user=null | ip=null | op=WRITE_CHUNK {blockData=conID: 3 locID: 102704235633705504 bcsId: 0} | ret=SUCCESS |  
2019-08-30 05:17:47,390 | INFO  | DNAudit | user=null | ip=null | op=PUT_BLOCK {blockData=[blockId=conID: 3 locID: 102704235633705504 bcsId: 0,size=2097152]} | ret=SUCCESS |  
2019-08-30 05:17:47,390 | INFO  | DNAudit | user=null | ip=null | op=PUT_BLOCK {blockData=[blockId=conID: 3 locID: 102704235633705504 bcsId: 0,size=2097152]} | ret=SUCCESS |  
2019-08-30 05:17:47,391 [grpc-default-executor-3] INFO  client.GrpcClientProtocolClient (GrpcClientProtocolClient.java:onNext(255)) - client-574492D41EE7->134d4672-e322-4e4b-b7f3-5645abb0fe8c: receive RaftClientReply:client-574492D41EE7->134d4672-e322-4e4b-b7f3-5645abb0fe8c@group-3CB1DFFBCDC2, cid=2011, SUCCESS, logIndex=2935, commits[134d4672-e322-4e4b-b7f3-5645abb0fe8c:c2935, 73af84f3-3e88-4c8c-894c-3ad307bcac8d:c2931, 730a25a1-dbec-44ed-975b-a44ab0096beb:c2931]
2019-08-30 05:17:47,392 [grpc-default-executor-3] INFO  client.GrpcClientProtocolClient (GrpcClientProtocolClient.java:onNext(255)) - client-574492D41EE7->134d4672-e322-4e4b-b7f3-5645abb0fe8c: receive RaftClientReply:client-574492D41EE7->134d4672-e322-4e4b-b7f3-5645abb0fe8c@group-3CB1DFFBCDC2, cid=2012, SUCCESS, logIndex=0, commits[134d4672-e322-4e4b-b7f3-5645abb0fe8c:c2939, 73af84f3-3e88-4c8c-894c-3ad307bcac8d:c2935, 730a25a1-dbec-44ed-975b-a44ab0096beb:c2935]
2019-08-30 05:17:47,399 | INFO  | DNAudit | user=null | ip=null | op=WRITE_CHUNK {blockData=conID: 3 locID: 102704235633705504 bcsId: 2935} | ret=SUCCESS |  
2019-08-30 05:17:47,401 | INFO  | DNAudit | user=null | ip=null | op=WRITE_CHUNK {blockData=conID: 3 locID: 102704235633705504 bcsId: 2935} | ret=SUCCESS |  
2019-08-30 05:17:47,402 | INFO  | DNAudit | user=null | ip=null | op=WRITE_CHUNK {blockData=conID: 3 locID: 102704235633705504 bcsId: 2935} | ret=SUCCESS |  
2019-08-30 05:17:47,411 | INFO  | DNAudit | user=null | ip=null | op=WRITE_CHUNK {blockData=conID: 3 locID: 102704235633705504 bcsId: 2935} | ret=SUCCESS |  
2019-08-30 05:17:47,412 | INFO  | DNAudit | user=null | ip=null | op=PUT_BLOCK {blockData=[blockId=conID: 3 locID: 102704235633705504 bcsId: 0,size=3145728]} | ret=SUCCESS |  
2019-08-30 05:17:47,412 [grpc-default-executor-5] INFO  client.GrpcClientProtocolClient (GrpcClientProtocolClient.java:onNext(255)) - client-574492D41EE7->134d4672-e322-4e4b-b7f3-5645abb0fe8c: receive RaftClientReply:client-574492D41EE7->134d4672-e322-4e4b-b7f3-5645abb0fe8c@group-3CB1DFFBCDC2, cid=2013, SUCCESS, logIndex=2940, commits[134d4672-e322-4e4b-b7f3-5645abb0fe8c:c2941, 73af84f3-3e88-4c8c-894c-3ad307bcac8d:c2939, 730a25a1-dbec-44ed-975b-a44ab0096beb:c2939]
2019-08-30 05:17:47,412 [grpc-default-executor-5] INFO  client.GrpcClientProtocolClient (GrpcClientProtocolClient.java:onNext(255)) - client-574492D41EE7->134d4672-e322-4e4b-b7f3-5645abb0fe8c: receive RaftClientReply:client-574492D41EE7->134d4672-e322-4e4b-b7f3-5645abb0fe8c@group-3CB1DFFBCDC2, cid=2014, SUCCESS, logIndex=2941, commits[134d4672-e322-4e4b-b7f3-5645abb0fe8c:c2941, 73af84f3-3e88-4c8c-894c-3ad307bcac8d:c2939, 730a25a1-dbec-44ed-975b-a44ab0096beb:c2939]
2019-08-30 05:17:47,420 | INFO  | DNAudit | user=null | ip=null | op=WRITE_CHUNK {blockData=conID: 3 locID: 102704235633705504 bcsId: 2941} | ret=SUCCESS |  
2019-08-30 05:17:47,421 | INFO  | DNAudit | user=null | ip=null | op=WRITE_CHUNK {blockData=conID: 3 locID: 102704235633705504 bcsId: 2941} | ret=SUCCESS |  
2019-08-30 05:17:47,421 | INFO  | DNAudit | user=null | ip=null | op=WRITE_CHUNK {blockData=conID: 3 locID: 102704235633705504 bcsId: 2941} | ret=SUCCESS |  
2019-08-30 05:17:47,423 | INFO  | DNAudit | user=null | ip=null | op=WRITE_CHUNK {blockData=conID: 3 locID: 102704235633705504 bcsId: 2935} | ret=SUCCESS |  
2019-08-30 05:17:47,423 | INFO  | DNAudit | user=null | ip=null | op=WRITE_CHUNK {blockData=conID: 3 locID: 102704235633705504 bcsId: 2935} | ret=SUCCESS |  
2019-08-30 05:17:47,424 | INFO  | DNAudit | user=null | ip=null | op=PUT_BLOCK {blockData=[blockId=conID: 3 locID: 102704235633705504 bcsId: 0,size=3145728]} | ret=SUCCESS |  
2019-08-30 05:17:47,424 | INFO  | DNAudit | user=null | ip=null | op=PUT_BLOCK {blockData=[blockId=conID: 3 locID: 102704235633705504 bcsId: 0,size=3145728]} | ret=SUCCESS |  
2019-08-30 05:17:47,425 | INFO  | DNAudit | user=null | ip=null | op=WRITE_CHUNK {blockData=conID: 3 locID: 102704235633705504 bcsId: 2941} | ret=SUCCESS |  
2019-08-30 05:17:47,425 | INFO  | DNAudit | user=null | ip=null | op=PUT_BLOCK {blockData=[blockId=conID: 3 locID: 102704235633705504 bcsId: 0,size=4194304]} | ret=SUCCESS |  
2019-08-30 05:17:47,425 [grpc-default-executor-6] INFO  client.GrpcClientProtocolClient (GrpcClientProtocolClient.java:onNext(255)) - client-574492D41EE7->134d4672-e322-4e4b-b7f3-5645abb0fe8c: receive RaftClientReply:client-574492D41EE7->134d4672-e322-4e4b-b7f3-5645abb0fe8c@group-3CB1DFFBCDC2, cid=2015, SUCCESS, logIndex=2944, commits[134d4672-e322-4e4b-b7f3-5645abb0fe8c:c2944, 73af84f3-3e88-4c8c-894c-3ad307bcac8d:c2941, 730a25a1-dbec-44ed-975b-a44ab0096beb:c2941]
2019-08-30 05:17:47,426 [grpc-default-executor-6] INFO  client.GrpcClientProtocolClient (GrpcClientProtocolClient.java:onNext(255)) - client-574492D41EE7->134d4672-e322-4e4b-b7f3-5645abb0fe8c: receive RaftClientReply:client-574492D41EE7->134d4672-e322-4e4b-b7f3-5645abb0fe8c@group-3CB1DFFBCDC2, cid=2016, SUCCESS, logIndex=2945, commits[134d4672-e322-4e4b-b7f3-5645abb0fe8c:c2945, 73af84f3-3e88-4c8c-894c-3ad307bcac8d:c2941, 730a25a1-dbec-44ed-975b-a44ab0096beb:c2941]
2019-08-30 05:17:47,439 | INFO  | DNAudit | user=null | ip=null | op=WRITE_CHUNK {blockData=conID: 3 locID: 102704235633705504 bcsId: 2941} | ret=SUCCESS |  
2019-08-30 05:17:47,439 | INFO  | DNAudit | user=null | ip=null | op=WRITE_CHUNK {blockData=conID: 3 locID: 102704235633705504 bcsId: 2941} | ret=SUCCESS |  
2019-08-30 05:17:47,441 | INFO  | DNAudit | user=null | ip=null | op=PUT_BLOCK {blockData=[blockId=conID: 3 locID: 102704235633705504 bcsId: 0,size=4194304]} | ret=SUCCESS |  
2019-08-30 05:17:47,441 | INFO  | DNAudit | user=null | ip=null | op=PUT_BLOCK {blockData=[blockId=conID: 3 locID: 102704235633705504 bcsId: 0,size=4194304]} | ret=SUCCESS |  
2019-08-30 05:17:47,442 [grpc-default-executor-6] INFO  client.GrpcClientProtocolClient (GrpcClientProtocolClient.java:onNext(255)) - client-574492D41EE7->134d4672-e322-4e4b-b7f3-5645abb0fe8c: receive RaftClientReply:client-574492D41EE7->134d4672-e322-4e4b-b7f3-5645abb0fe8c@group-3CB1DFFBCDC2, cid=2017, SUCCESS, logIndex=0, commits[134d4672-e322-4e4b-b7f3-5645abb0fe8c:c2947, 73af84f3-3e88-4c8c-894c-3ad307bcac8d:c2945, 730a25a1-dbec-44ed-975b-a44ab0096beb:c2945]
2019-08-30 05:17:47,447 | INFO  | SCMAudit | user=jenkins1000 | ip=192.168.36.106 | op=ALLOCATE_BLOCK {owner=85755eb5-052d-48fa-b271-2fe4d8754e12, size=4194304, type=RATIS, factor=THREE} | ret=SUCCESS |  
2019-08-30 05:17:47,449 | INFO  | OMAudit | user=jenkins1000 | ip=127.0.0.1 | op=ALLOCATE_BLOCK {volume=vol-0-00977, bucket=bucket-0-44205, key=key-0-32850, dataSize=0, replicationType=null, replicationFactor=null, keyLocationInfo=null, clientID=102704234570776978} | ret=SUCCESS |  
2019-08-30 05:17:47,456 | INFO  | DNAudit | user=null | ip=null | op=WRITE_CHUNK {blockData=conID: 1 locID: 102704235639407137 bcsId: 0} | ret=SUCCESS |  
2019-08-30 05:17:47,459 | INFO  | DNAudit | user=null | ip=null | op=WRITE_CHUNK {blockData=conID: 1 locID: 102704235639407137 bcsId: 0} | ret=SUCCESS |  
2019-08-30 05:17:47,459 | INFO  | DNAudit | user=null | ip=null | op=WRITE_CHUNK {blockData=conID: 1 locID: 102704235639407137 bcsId: 0} | ret=SUCCESS |  
2019-08-30 05:17:47,460 | INFO  | DNAudit | user=null | ip=null | op=WRITE_CHUNK {blockData=conID: 1 locID: 102704235639407137 bcsId: 0} | ret=SUCCESS |  
2019-08-30 05:17:47,462 | INFO  | DNAudit | user=null | ip=null | op=WRITE_CHUNK {blockData=conID: 1 locID: 102704235639407137 bcsId: 0} | ret=SUCCESS |  
2019-08-30 05:17:47,462 | INFO  | DNAudit | user=null | ip=null | op=WRITE_CHUNK {blockData=conID: 1 locID: 102704235639407137 bcsId: 0} | ret=SUCCESS |  
2019-08-30 05:17:47,469 | INFO  | DNAudit | user=null | ip=null | op=WRITE_CHUNK {blockData=conID: 1 locID: 102704235639407137 bcsId: 0} | ret=SUCCESS |  
2019-08-30 05:17:47,470 | INFO  | DNAudit | user=null | ip=null | op=PUT_BLOCK {blockData=[blockId=conID: 1 locID: 102704235639407137 bcsId: 0,size=1048576]} | ret=SUCCESS |  
2019-08-30 05:17:47,470 [grpc-default-executor-3] INFO  client.GrpcClientProtocolClient (GrpcClientProtocolClient.java:onNext(255)) - client-574492D41EE7->134d4672-e322-4e4b-b7f3-5645abb0fe8c: receive RaftClientReply:client-574492D41EE7->134d4672-e322-4e4b-b7f3-5645abb0fe8c@group-3CB1DFFBCDC2, cid=2018, SUCCESS, logIndex=2948, commits[134d4672-e322-4e4b-b7f3-5645abb0fe8c:c2949, 73af84f3-3e88-4c8c-894c-3ad307bcac8d:c2947, 730a25a1-dbec-44ed-975b-a44ab0096beb:c2947]
2019-08-30 05:17:47,470 | INFO  | DNAudit | user=null | ip=null | op=WRITE_CHUNK {blockData=conID: 1 locID: 102704235639407137 bcsId: 0} | ret=SUCCESS |  
2019-08-30 05:17:47,471 | INFO  | DNAudit | user=null | ip=null | op=PUT_BLOCK {blockData=[blockId=conID: 1 locID: 102704235639407137 bcsId: 0,size=2097152]} | ret=SUCCESS |  
2019-08-30 05:17:47,471 [grpc-default-executor-3] INFO  client.GrpcClientProtocolClient (GrpcClientProtocolClient.java:onNext(255)) - client-574492D41EE7->134d4672-e322-4e4b-b7f3-5645abb0fe8c: receive RaftClientReply:client-574492D41EE7->134d4672-e322-4e4b-b7f3-5645abb0fe8c@group-3CB1DFFBCDC2, cid=2019, SUCCESS, logIndex=2949, commits[134d4672-e322-4e4b-b7f3-5645abb0fe8c:c2951, 73af84f3-3e88-4c8c-894c-3ad307bcac8d:c2947, 730a25a1-dbec-44ed-975b-a44ab0096beb:c2947]
2019-08-30 05:17:47,471 [grpc-default-executor-3] INFO  client.GrpcClientProtocolClient (GrpcClientProtocolClient.java:onNext(255)) - client-574492D41EE7->134d4672-e322-4e4b-b7f3-5645abb0fe8c: receive RaftClientReply:client-574492D41EE7->134d4672-e322-4e4b-b7f3-5645abb0fe8c@group-3CB1DFFBCDC2, cid=2020, SUCCESS, logIndex=2950, commits[134d4672-e322-4e4b-b7f3-5645abb0fe8c:c2951, 73af84f3-3e88-4c8c-894c-3ad307bcac8d:c2947, 730a25a1-dbec-44ed-975b-a44ab0096beb:c2947]
2019-08-30 05:17:47,471 [grpc-default-executor-3] INFO  client.GrpcClientProtocolClient (GrpcClientProtocolClient.java:onNext(255)) - client-574492D41EE7->134d4672-e322-4e4b-b7f3-5645abb0fe8c: receive RaftClientReply:client-574492D41EE7->134d4672-e322-4e4b-b7f3-5645abb0fe8c@group-3CB1DFFBCDC2, cid=2021, SUCCESS, logIndex=2951, commits[134d4672-e322-4e4b-b7f3-5645abb0fe8c:c2951, 73af84f3-3e88-4c8c-894c-3ad307bcac8d:c2947, 730a25a1-dbec-44ed-975b-a44ab0096beb:c2947]
2019-08-30 05:17:47,484 | INFO  | DNAudit | user=null | ip=null | op=WRITE_CHUNK {blockData=conID: 1 locID: 102704235639407137 bcsId: 0} | ret=SUCCESS |  
2019-08-30 05:17:47,484 | INFO  | DNAudit | user=null | ip=null | op=PUT_BLOCK {blockData=[blockId=conID: 1 locID: 102704235639407137 bcsId: 0,size=1048576]} | ret=SUCCESS |  
2019-08-30 05:17:47,484 | INFO  | DNAudit | user=null | ip=null | op=WRITE_CHUNK {blockData=conID: 1 locID: 102704235639407137 bcsId: 0} | ret=SUCCESS |  
2019-08-30 05:17:47,485 | INFO  | DNAudit | user=null | ip=null | op=PUT_BLOCK {blockData=[blockId=conID: 1 locID: 102704235639407137 bcsId: 0,size=1048576]} | ret=SUCCESS |  
2019-08-30 05:17:47,485 | INFO  | DNAudit | user=null | ip=null | op=WRITE_CHUNK {blockData=conID: 1 locID: 102704235639407137 bcsId: 0} | ret=SUCCESS |  
2019-08-30 05:17:47,485 | INFO  | DNAudit | user=null | ip=null | op=WRITE_CHUNK {blockData=conID: 1 locID: 102704235639407137 bcsId: 0} | ret=SUCCESS |  
2019-08-30 05:17:47,485 | INFO  | DNAudit | user=null | ip=null | op=PUT_BLOCK {blockData=[blockId=conID: 1 locID: 102704235639407137 bcsId: 0,size=2097152]} | ret=SUCCESS |  
2019-08-30 05:17:47,485 | INFO  | DNAudit | user=null | ip=null | op=PUT_BLOCK {blockData=[blockId=conID: 1 locID: 102704235639407137 bcsId: 0,size=2097152]} | ret=SUCCESS |  
2019-08-30 05:17:47,485 [grpc-default-executor-1] INFO  client.GrpcClientProtocolClient (GrpcClientProtocolClient.java:onNext(255)) - client-574492D41EE7->134d4672-e322-4e4b-b7f3-5645abb0fe8c: receive RaftClientReply:client-574492D41EE7->134d4672-e322-4e4b-b7f3-5645abb0fe8c@group-3CB1DFFBCDC2, cid=2022, SUCCESS, logIndex=0, commits[134d4672-e322-4e4b-b7f3-5645abb0fe8c:c2953, 73af84f3-3e88-4c8c-894c-3ad307bcac8d:c2949, 730a25a1-dbec-44ed-975b-a44ab0096beb:c2949]
2019-08-30 05:17:47,492 | INFO  | DNAudit | user=null | ip=null | op=WRITE_CHUNK {blockData=conID: 1 locID: 102704235639407137 bcsId: 2951} | ret=SUCCESS |  
2019-08-30 05:17:47,494 | INFO  | DNAudit | user=null | ip=null | op=WRITE_CHUNK {blockData=conID: 1 locID: 102704235639407137 bcsId: 2951} | ret=SUCCESS |  
2019-08-30 05:17:47,495 | INFO  | DNAudit | user=null | ip=null | op=WRITE_CHUNK {blockData=conID: 1 locID: 102704235639407137 bcsId: 2951} | ret=SUCCESS |  
2019-08-30 05:17:47,504 | INFO  | DNAudit | user=null | ip=null | op=WRITE_CHUNK {blockData=conID: 1 locID: 102704235639407137 bcsId: 2951} | ret=SUCCESS |  
2019-08-30 05:17:47,505 | INFO  | DNAudit | user=null | ip=null | op=PUT_BLOCK {blockData=[blockId=conID: 1 locID: 102704235639407137 bcsId: 0,size=3145728]} | ret=SUCCESS |  
2019-08-30 05:17:47,505 [grpc-default-executor-5] INFO  client.GrpcClientProtocolClient (GrpcClientProtocolClient.java:onNext(255)) - client-574492D41EE7->134d4672-e322-4e4b-b7f3-5645abb0fe8c: receive RaftClientReply:client-574492D41EE7->134d4672-e322-4e4b-b7f3-5645abb0fe8c@group-3CB1DFFBCDC2, cid=2023, SUCCESS, logIndex=2956, commits[134d4672-e322-4e4b-b7f3-5645abb0fe8c:c2957, 73af84f3-3e88-4c8c-894c-3ad307bcac8d:c2955, 730a25a1-dbec-44ed-975b-a44ab0096beb:c2955]
2019-08-30 05:17:47,505 [grpc-default-executor-5] INFO  client.GrpcClientProtocolClient (GrpcClientProtocolClient.java:onNext(255)) - client-574492D41EE7->134d4672-e322-4e4b-b7f3-5645abb0fe8c: receive RaftClientReply:client-574492D41EE7->134d4672-e322-4e4b-b7f3-5645abb0fe8c@group-3CB1DFFBCDC2, cid=2024, SUCCESS, logIndex=2957, commits[134d4672-e322-4e4b-b7f3-5645abb0fe8c:c2957, 73af84f3-3e88-4c8c-894c-3ad307bcac8d:c2955, 730a25a1-dbec-44ed-975b-a44ab0096beb:c2955]
2019-08-30 05:17:47,512 | INFO  | DNAudit | user=null | ip=null | op=WRITE_CHUNK {blockData=conID: 1 locID: 102704235639407137 bcsId: 2957} | ret=SUCCESS |  
2019-08-30 05:17:47,514 | INFO  | DNAudit | user=null | ip=null | op=WRITE_CHUNK {blockData=conID: 1 locID: 102704235639407137 bcsId: 2957} | ret=SUCCESS |  
2019-08-30 05:17:47,514 | INFO  | DNAudit | user=null | ip=null | op=WRITE_CHUNK {blockData=conID: 1 locID: 102704235639407137 bcsId: 2957} | ret=SUCCESS |  
2019-08-30 05:17:47,515 | INFO  | DNAudit | user=null | ip=null | op=WRITE_CHUNK {blockData=conID: 1 locID: 102704235639407137 bcsId: 2951} | ret=SUCCESS |  
2019-08-30 05:17:47,516 | INFO  | DNAudit | user=null | ip=null | op=WRITE_CHUNK {blockData=conID: 1 locID: 102704235639407137 bcsId: 2951} | ret=SUCCESS |  
2019-08-30 05:17:47,516 | INFO  | DNAudit | user=null | ip=null | op=PUT_BLOCK {blockData=[blockId=conID: 1 locID: 102704235639407137 bcsId: 0,size=3145728]} | ret=SUCCESS |  
2019-08-30 05:17:47,516 | INFO  | DNAudit | user=null | ip=null | op=PUT_BLOCK {blockData=[blockId=conID: 1 locID: 102704235639407137 bcsId: 0,size=3145728]} | ret=SUCCESS |  
2019-08-30 05:17:47,519 | INFO  | DNAudit | user=null | ip=null | op=WRITE_CHUNK {blockData=conID: 1 locID: 102704235639407137 bcsId: 2957} | ret=SUCCESS |  
2019-08-30 05:17:47,519 | INFO  | DNAudit | user=null | ip=null | op=PUT_BLOCK {blockData=[blockId=conID: 1 locID: 102704235639407137 bcsId: 0,size=4194304]} | ret=SUCCESS |  
2019-08-30 05:17:47,519 [grpc-default-executor-5] INFO  client.GrpcClientProtocolClient (GrpcClientProtocolClient.java:onNext(255)) - client-574492D41EE7->134d4672-e322-4e4b-b7f3-5645abb0fe8c: receive RaftClientReply:client-574492D41EE7->134d4672-e322-4e4b-b7f3-5645abb0fe8c@group-3CB1DFFBCDC2, cid=2025, SUCCESS, logIndex=2960, commits[134d4672-e322-4e4b-b7f3-5645abb0fe8c:c2960, 73af84f3-3e88-4c8c-894c-3ad307bcac8d:c2957, 730a25a1-dbec-44ed-975b-a44ab0096beb:c2957]
2019-08-30 05:17:47,519 [grpc-default-executor-5] INFO  client.GrpcClientProtocolClient (GrpcClientProtocolClient.java:onNext(255)) - client-574492D41EE7->134d4672-e322-4e4b-b7f3-5645abb0fe8c: receive RaftClientReply:client-574492D41EE7->134d4672-e322-4e4b-b7f3-5645abb0fe8c@group-3CB1DFFBCDC2, cid=2026, SUCCESS, logIndex=2961, commits[134d4672-e322-4e4b-b7f3-5645abb0fe8c:c2961, 73af84f3-3e88-4c8c-894c-3ad307bcac8d:c2957, 730a25a1-dbec-44ed-975b-a44ab0096beb:c2957]
2019-08-30 05:17:47,530 | INFO  | DNAudit | user=null | ip=null | op=WRITE_CHUNK {blockData=conID: 1 locID: 102704235639407137 bcsId: 2957} | ret=SUCCESS |  
2019-08-30 05:17:47,530 | INFO  | DNAudit | user=null | ip=null | op=WRITE_CHUNK {blockData=conID: 1 locID: 102704235639407137 bcsId: 2957} | ret=SUCCESS |  
2019-08-30 05:17:47,533 | INFO  | DNAudit | user=null | ip=null | op=PUT_BLOCK {blockData=[blockId=conID: 1 locID: 102704235639407137 bcsId: 0,size=4194304]} | ret=SUCCESS |  
2019-08-30 05:17:47,533 | INFO  | DNAudit | user=null | ip=null | op=PUT_BLOCK {blockData=[blockId=conID: 1 locID: 102704235639407137 bcsId: 0,size=4194304]} | ret=SUCCESS |  
2019-08-30 05:17:47,533 [grpc-default-executor-5] INFO  client.GrpcClientProtocolClient (GrpcClientProtocolClient.java:onNext(255)) - client-574492D41EE7->134d4672-e322-4e4b-b7f3-5645abb0fe8c: receive RaftClientReply:client-574492D41EE7->134d4672-e322-4e4b-b7f3-5645abb0fe8c@group-3CB1DFFBCDC2, cid=2027, SUCCESS, logIndex=0, commits[134d4672-e322-4e4b-b7f3-5645abb0fe8c:c2963, 73af84f3-3e88-4c8c-894c-3ad307bcac8d:c2961, 730a25a1-dbec-44ed-975b-a44ab0096beb:c2961]
2019-08-30 05:17:47,538 | INFO  | SCMAudit | user=jenkins1000 | ip=192.168.36.106 | op=ALLOCATE_BLOCK {owner=85755eb5-052d-48fa-b271-2fe4d8754e12, size=4194304, type=RATIS, factor=THREE} | ret=SUCCESS |  
2019-08-30 05:17:47,540 | INFO  | OMAudit | user=jenkins1000 | ip=127.0.0.1 | op=ALLOCATE_BLOCK {volume=vol-0-00977, bucket=bucket-0-44205, key=key-0-32850, dataSize=0, replicationType=null, replicationFactor=null, keyLocationInfo=null, clientID=102704234570776978} | ret=SUCCESS |  
2019-08-30 05:17:47,547 | INFO  | DNAudit | user=null | ip=null | op=WRITE_CHUNK {blockData=conID: 2 locID: 102704235645370914 bcsId: 0} | ret=SUCCESS |  
2019-08-30 05:17:47,550 | INFO  | DNAudit | user=null | ip=null | op=WRITE_CHUNK {blockData=conID: 2 locID: 102704235645370914 bcsId: 0} | ret=SUCCESS |  
2019-08-30 05:17:47,551 | INFO  | DNAudit | user=null | ip=null | op=WRITE_CHUNK {blockData=conID: 2 locID: 102704235645370914 bcsId: 0} | ret=SUCCESS |  
2019-08-30 05:17:47,551 | INFO  | DNAudit | user=null | ip=null | op=WRITE_CHUNK {blockData=conID: 2 locID: 102704235645370914 bcsId: 0} | ret=SUCCESS |  
2019-08-30 05:17:47,552 | INFO  | DNAudit | user=null | ip=null | op=WRITE_CHUNK {blockData=conID: 2 locID: 102704235645370914 bcsId: 0} | ret=SUCCESS |  
2019-08-30 05:17:47,553 | INFO  | DNAudit | user=null | ip=null | op=WRITE_CHUNK {blockData=conID: 2 locID: 102704235645370914 bcsId: 0} | ret=SUCCESS |  
2019-08-30 05:17:47,562 | INFO  | DNAudit | user=null | ip=null | op=WRITE_CHUNK {blockData=conID: 2 locID: 102704235645370914 bcsId: 0} | ret=SUCCESS |  
2019-08-30 05:17:47,562 | INFO  | DNAudit | user=null | ip=null | op=PUT_BLOCK {blockData=[blockId=conID: 2 locID: 102704235645370914 bcsId: 0,size=1048576]} | ret=SUCCESS |  
2019-08-30 05:17:47,563 [grpc-default-executor-5] INFO  client.GrpcClientProtocolClient (GrpcClientProtocolClient.java:onNext(255)) - client-574492D41EE7->134d4672-e322-4e4b-b7f3-5645abb0fe8c: receive RaftClientReply:client-574492D41EE7->134d4672-e322-4e4b-b7f3-5645abb0fe8c@group-3CB1DFFBCDC2, cid=2028, SUCCESS, logIndex=2964, commits[134d4672-e322-4e4b-b7f3-5645abb0fe8c:c2965, 73af84f3-3e88-4c8c-894c-3ad307bcac8d:c2963, 730a25a1-dbec-44ed-975b-a44ab0096beb:c2963]
2019-08-30 05:17:47,563 [grpc-default-executor-5] INFO  client.GrpcClientProtocolClient (GrpcClientProtocolClient.java:onNext(255)) - client-574492D41EE7->134d4672-e322-4e4b-b7f3-5645abb0fe8c: receive RaftClientReply:client-574492D41EE7->134d4672-e322-4e4b-b7f3-5645abb0fe8c@group-3CB1DFFBCDC2, cid=2029, SUCCESS, logIndex=2965, commits[134d4672-e322-4e4b-b7f3-5645abb0fe8c:c2965, 73af84f3-3e88-4c8c-894c-3ad307bcac8d:c2963, 730a25a1-dbec-44ed-975b-a44ab0096beb:c2963]
2019-08-30 05:17:47,574 | INFO  | DNAudit | user=null | ip=null | op=WRITE_CHUNK {blockData=conID: 2 locID: 102704235645370914 bcsId: 0} | ret=SUCCESS |  
2019-08-30 05:17:47,574 | INFO  | DNAudit | user=null | ip=null | op=WRITE_CHUNK {blockData=conID: 2 locID: 102704235645370914 bcsId: 0} | ret=SUCCESS |  
2019-08-30 05:17:47,575 | INFO  | DNAudit | user=null | ip=null | op=PUT_BLOCK {blockData=[blockId=conID: 2 locID: 102704235645370914 bcsId: 0,size=1048576]} | ret=SUCCESS |  
2019-08-30 05:17:47,575 | INFO  | DNAudit | user=null | ip=null | op=PUT_BLOCK {blockData=[blockId=conID: 2 locID: 102704235645370914 bcsId: 0,size=2097152]} | ret=SUCCESS |  
2019-08-30 05:17:47,575 | INFO  | DNAudit | user=null | ip=null | op=WRITE_CHUNK {blockData=conID: 2 locID: 102704235645370914 bcsId: 0} | ret=SUCCESS |  
2019-08-30 05:17:47,576 | INFO  | DNAudit | user=null | ip=null | op=PUT_BLOCK {blockData=[blockId=conID: 2 locID: 102704235645370914 bcsId: 0,size=2097152]} | ret=SUCCESS |  
2019-08-30 05:17:47,576 [grpc-default-executor-5] INFO  client.GrpcClientProtocolClient (GrpcClientProtocolClient.java:onNext(255)) - client-574492D41EE7->134d4672-e322-4e4b-b7f3-5645abb0fe8c: receive RaftClientReply:client-574492D41EE7->134d4672-e322-4e4b-b7f3-5645abb0fe8c@group-3CB1DFFBCDC2, cid=2030, SUCCESS, logIndex=2966, commits[134d4672-e322-4e4b-b7f3-5645abb0fe8c:c2967, 73af84f3-3e88-4c8c-894c-3ad307bcac8d:c2963, 730a25a1-dbec-44ed-975b-a44ab0096beb:c2963]
2019-08-30 05:17:47,577 [grpc-default-executor-5] INFO  client.GrpcClientProtocolClient (GrpcClientProtocolClient.java:onNext(255)) - client-574492D41EE7->134d4672-e322-4e4b-b7f3-5645abb0fe8c: receive RaftClientReply:client-574492D41EE7->134d4672-e322-4e4b-b7f3-5645abb0fe8c@group-3CB1DFFBCDC2, cid=2031, SUCCESS, logIndex=2967, commits[134d4672-e322-4e4b-b7f3-5645abb0fe8c:c2969, 73af84f3-3e88-4c8c-894c-3ad307bcac8d:c2963, 730a25a1-dbec-44ed-975b-a44ab0096beb:c2965]
2019-08-30 05:17:47,578 | INFO  | SCMAudit | user=jenkins1000 | ip=192.168.36.106 | op=SEND_HEARTBEAT {datanodeUUID=b91a4442-fd83-4a66-bee2-5c7959dbabc3, command=[]} | ret=SUCCESS |  
2019-08-30 05:17:47,579 | INFO  | DNAudit | user=null | ip=null | op=WRITE_CHUNK {blockData=conID: 2 locID: 102704235645370914 bcsId: 0} | ret=SUCCESS |  
2019-08-30 05:17:47,579 | INFO  | DNAudit | user=null | ip=null | op=PUT_BLOCK {blockData=[blockId=conID: 2 locID: 102704235645370914 bcsId: 0,size=1048576]} | ret=SUCCESS |  
2019-08-30 05:17:47,580 | INFO  | DNAudit | user=null | ip=null | op=WRITE_CHUNK {blockData=conID: 2 locID: 102704235645370914 bcsId: 0} | ret=SUCCESS |  
2019-08-30 05:17:47,580 | INFO  | DNAudit | user=null | ip=null | op=PUT_BLOCK {blockData=[blockId=conID: 2 locID: 102704235645370914 bcsId: 0,size=2097152]} | ret=SUCCESS |  
2019-08-30 05:17:47,580 [grpc-default-executor-5] INFO  client.GrpcClientProtocolClient (GrpcClientProtocolClient.java:onNext(255)) - client-574492D41EE7->134d4672-e322-4e4b-b7f3-5645abb0fe8c: receive RaftClientReply:client-574492D41EE7->134d4672-e322-4e4b-b7f3-5645abb0fe8c@group-3CB1DFFBCDC2, cid=2032, SUCCESS, logIndex=0, commits[134d4672-e322-4e4b-b7f3-5645abb0fe8c:c2970, 73af84f3-3e88-4c8c-894c-3ad307bcac8d:c2965, 730a25a1-dbec-44ed-975b-a44ab0096beb:c2967]
2019-08-30 05:17:47,587 | INFO  | DNAudit | user=null | ip=null | op=WRITE_CHUNK {blockData=conID: 2 locID: 102704235645370914 bcsId: 2967} | ret=SUCCESS |  
2019-08-30 05:17:47,589 | INFO  | DNAudit | user=null | ip=null | op=WRITE_CHUNK {blockData=conID: 2 locID: 102704235645370914 bcsId: 2967} | ret=SUCCESS |  
2019-08-30 05:17:47,590 | INFO  | DNAudit | user=null | ip=null | op=WRITE_CHUNK {blockData=conID: 2 locID: 102704235645370914 bcsId: 2967} | ret=SUCCESS |  
2019-08-30 05:17:47,601 | INFO  | DNAudit | user=null | ip=null | op=WRITE_CHUNK {blockData=conID: 2 locID: 102704235645370914 bcsId: 2967} | ret=SUCCESS |  
2019-08-30 05:17:47,602 | INFO  | DNAudit | user=null | ip=null | op=PUT_BLOCK {blockData=[blockId=conID: 2 locID: 102704235645370914 bcsId: 0,size=3145728]} | ret=SUCCESS |  
2019-08-30 05:17:47,602 [grpc-default-executor-5] INFO  client.GrpcClientProtocolClient (GrpcClientProtocolClient.java:onNext(255)) - client-574492D41EE7->134d4672-e322-4e4b-b7f3-5645abb0fe8c: receive RaftClientReply:client-574492D41EE7->134d4672-e322-4e4b-b7f3-5645abb0fe8c@group-3CB1DFFBCDC2, cid=2033, SUCCESS, logIndex=2972, commits[134d4672-e322-4e4b-b7f3-5645abb0fe8c:c2973, 73af84f3-3e88-4c8c-894c-3ad307bcac8d:c2967, 730a25a1-dbec-44ed-975b-a44ab0096beb:c2971]
2019-08-30 05:17:47,602 [grpc-default-executor-5] INFO  client.GrpcClientProtocolClient (GrpcClientProtocolClient.java:onNext(255)) - client-574492D41EE7->134d4672-e322-4e4b-b7f3-5645abb0fe8c: receive RaftClientReply:client-574492D41EE7->134d4672-e322-4e4b-b7f3-5645abb0fe8c@group-3CB1DFFBCDC2, cid=2034, SUCCESS, logIndex=2973, commits[134d4672-e322-4e4b-b7f3-5645abb0fe8c:c2973, 73af84f3-3e88-4c8c-894c-3ad307bcac8d:c2971, 730a25a1-dbec-44ed-975b-a44ab0096beb:c2971]
2019-08-30 05:17:47,603 | INFO  | DNAudit | user=null | ip=null | op=WRITE_CHUNK {blockData=conID: 2 locID: 102704235645370914 bcsId: 2967} | ret=SUCCESS |  
2019-08-30 05:17:47,603 | INFO  | DNAudit | user=null | ip=null | op=PUT_BLOCK {blockData=[blockId=conID: 2 locID: 102704235645370914 bcsId: 0,size=3145728]} | ret=SUCCESS |  
2019-08-30 05:17:47,603 | INFO  | DNAudit | user=null | ip=null | op=WRITE_CHUNK {blockData=conID: 2 locID: 102704235645370914 bcsId: 2967} | ret=SUCCESS |  
2019-08-30 05:17:47,603 | INFO  | DNAudit | user=null | ip=null | op=PUT_BLOCK {blockData=[blockId=conID: 2 locID: 102704235645370914 bcsId: 0,size=3145728]} | ret=SUCCESS |  
2019-08-30 05:17:47,609 | INFO  | DNAudit | user=null | ip=null | op=WRITE_CHUNK {blockData=conID: 2 locID: 102704235645370914 bcsId: 2973} | ret=SUCCESS |  
2019-08-30 05:17:47,611 | INFO  | DNAudit | user=null | ip=null | op=WRITE_CHUNK {blockData=conID: 2 locID: 102704235645370914 bcsId: 2973} | ret=SUCCESS |  
2019-08-30 05:17:47,611 | INFO  | DNAudit | user=null | ip=null | op=WRITE_CHUNK {blockData=conID: 2 locID: 102704235645370914 bcsId: 2973} | ret=SUCCESS |  
2019-08-30 05:17:47,623 | INFO  | DNAudit | user=null | ip=null | op=WRITE_CHUNK {blockData=conID: 2 locID: 102704235645370914 bcsId: 2973} | ret=SUCCESS |  
2019-08-30 05:17:47,623 | INFO  | DNAudit | user=null | ip=null | op=PUT_BLOCK {blockData=[blockId=conID: 2 locID: 102704235645370914 bcsId: 0,size=4194304]} | ret=SUCCESS |  
2019-08-30 05:17:47,623 [grpc-default-executor-3] INFO  client.GrpcClientProtocolClient (GrpcClientProtocolClient.java:onNext(255)) - client-574492D41EE7->134d4672-e322-4e4b-b7f3-5645abb0fe8c: receive RaftClientReply:client-574492D41EE7->134d4672-e322-4e4b-b7f3-5645abb0fe8c@group-3CB1DFFBCDC2, cid=2035, SUCCESS, logIndex=2976, commits[134d4672-e322-4e4b-b7f3-5645abb0fe8c:c2977, 73af84f3-3e88-4c8c-894c-3ad307bcac8d:c2975, 730a25a1-dbec-44ed-975b-a44ab0096beb:c2975]
2019-08-30 05:17:47,624 [grpc-default-executor-3] INFO  client.GrpcClientProtocolClient (GrpcClientProtocolClient.java:onNext(255)) - client-574492D41EE7->134d4672-e322-4e4b-b7f3-5645abb0fe8c: receive RaftClientReply:client-574492D41EE7->134d4672-e322-4e4b-b7f3-5645abb0fe8c@group-3CB1DFFBCDC2, cid=2036, SUCCESS, logIndex=2977, commits[134d4672-e322-4e4b-b7f3-5645abb0fe8c:c2977, 73af84f3-3e88-4c8c-894c-3ad307bcac8d:c2975, 730a25a1-dbec-44ed-975b-a44ab0096beb:c2975]
2019-08-30 05:17:47,636 | INFO  | DNAudit | user=null | ip=null | op=WRITE_CHUNK {blockData=conID: 2 locID: 102704235645370914 bcsId: 2973} | ret=SUCCESS |  
2019-08-30 05:17:47,636 | INFO  | DNAudit | user=null | ip=null | op=WRITE_CHUNK {blockData=conID: 2 locID: 102704235645370914 bcsId: 2973} | ret=SUCCESS |  
2019-08-30 05:17:47,636 | INFO  | DNAudit | user=null | ip=null | op=PUT_BLOCK {blockData=[blockId=conID: 2 locID: 102704235645370914 bcsId: 0,size=4194304]} | ret=SUCCESS |  
2019-08-30 05:17:47,636 | INFO  | DNAudit | user=null | ip=null | op=PUT_BLOCK {blockData=[blockId=conID: 2 locID: 102704235645370914 bcsId: 0,size=4194304]} | ret=SUCCESS |  
2019-08-30 05:17:47,637 [grpc-default-executor-3] INFO  client.GrpcClientProtocolClient (GrpcClientProtocolClient.java:onNext(255)) - client-574492D41EE7->134d4672-e322-4e4b-b7f3-5645abb0fe8c: receive RaftClientReply:client-574492D41EE7->134d4672-e322-4e4b-b7f3-5645abb0fe8c@group-3CB1DFFBCDC2, cid=2037, SUCCESS, logIndex=0, commits[134d4672-e322-4e4b-b7f3-5645abb0fe8c:c2978, 73af84f3-3e88-4c8c-894c-3ad307bcac8d:c2977, 730a25a1-dbec-44ed-975b-a44ab0096beb:c2977]
2019-08-30 05:17:47,641 | INFO  | SCMAudit | user=jenkins1000 | ip=192.168.36.106 | op=ALLOCATE_BLOCK {owner=85755eb5-052d-48fa-b271-2fe4d8754e12, size=4194304, type=RATIS, factor=THREE} | ret=SUCCESS |  
2019-08-30 05:17:47,644 | INFO  | OMAudit | user=jenkins1000 | ip=127.0.0.1 | op=ALLOCATE_BLOCK {volume=vol-0-00977, bucket=bucket-0-44205, key=key-0-32850, dataSize=0, replicationType=null, replicationFactor=null, keyLocationInfo=null, clientID=102704234570776978} | ret=SUCCESS |  
2019-08-30 05:17:47,650 | INFO  | DNAudit | user=null | ip=null | op=WRITE_CHUNK {blockData=conID: 3 locID: 102704235652121123 bcsId: 0} | ret=SUCCESS |  
2019-08-30 05:17:47,653 | INFO  | DNAudit | user=null | ip=null | op=WRITE_CHUNK {blockData=conID: 3 locID: 102704235652121123 bcsId: 0} | ret=SUCCESS |  
2019-08-30 05:17:47,653 | INFO  | DNAudit | user=null | ip=null | op=WRITE_CHUNK {blockData=conID: 3 locID: 102704235652121123 bcsId: 0} | ret=SUCCESS |  
2019-08-30 05:17:47,653 | INFO  | DNAudit | user=null | ip=null | op=WRITE_CHUNK {blockData=conID: 3 locID: 102704235652121123 bcsId: 0} | ret=SUCCESS |  
2019-08-30 05:17:47,655 | INFO  | DNAudit | user=null | ip=null | op=WRITE_CHUNK {blockData=conID: 3 locID: 102704235652121123 bcsId: 0} | ret=SUCCESS |  
2019-08-30 05:17:47,655 | INFO  | DNAudit | user=null | ip=null | op=WRITE_CHUNK {blockData=conID: 3 locID: 102704235652121123 bcsId: 0} | ret=SUCCESS |  
2019-08-30 05:17:47,661 | INFO  | DNAudit | user=null | ip=null | op=WRITE_CHUNK {blockData=conID: 3 locID: 102704235652121123 bcsId: 0} | ret=SUCCESS |  
2019-08-30 05:17:47,662 | INFO  | DNAudit | user=null | ip=null | op=PUT_BLOCK {blockData=[blockId=conID: 3 locID: 102704235652121123 bcsId: 0,size=1048576]} | ret=SUCCESS |  
2019-08-30 05:17:47,662 [grpc-default-executor-5] INFO  client.GrpcClientProtocolClient (GrpcClientProtocolClient.java:onNext(255)) - client-574492D41EE7->134d4672-e322-4e4b-b7f3-5645abb0fe8c: receive RaftClientReply:client-574492D41EE7->134d4672-e322-4e4b-b7f3-5645abb0fe8c@group-3CB1DFFBCDC2, cid=2038, SUCCESS, logIndex=2980, commits[134d4672-e322-4e4b-b7f3-5645abb0fe8c:c2981, 73af84f3-3e88-4c8c-894c-3ad307bcac8d:c2979, 730a25a1-dbec-44ed-975b-a44ab0096beb:c2979]
2019-08-30 05:17:47,663 | INFO  | DNAudit | user=null | ip=null | op=WRITE_CHUNK {blockData=conID: 3 locID: 102704235652121123 bcsId: 0} | ret=SUCCESS |  
2019-08-30 05:17:47,663 [grpc-default-executor-5] INFO  client.GrpcClientProtocolClient (GrpcClientProtocolClient.java:onNext(255)) - client-574492D41EE7->134d4672-e322-4e4b-b7f3-5645abb0fe8c: receive RaftClientReply:client-574492D41EE7->134d4672-e322-4e4b-b7f3-5645abb0fe8c@group-3CB1DFFBCDC2, cid=2039, SUCCESS, logIndex=2981, commits[134d4672-e322-4e4b-b7f3-5645abb0fe8c:c2981, 73af84f3-3e88-4c8c-894c-3ad307bcac8d:c2979, 730a25a1-dbec-44ed-975b-a44ab0096beb:c2979]
2019-08-30 05:17:47,663 | INFO  | DNAudit | user=null | ip=null | op=PUT_BLOCK {blockData=[blockId=conID: 3 locID: 102704235652121123 bcsId: 0,size=2097152]} | ret=SUCCESS |  
2019-08-30 05:17:47,663 [grpc-default-executor-5] INFO  client.GrpcClientProtocolClient (GrpcClientProtocolClient.java:onNext(255)) - client-574492D41EE7->134d4672-e322-4e4b-b7f3-5645abb0fe8c: receive RaftClientReply:client-574492D41EE7->134d4672-e322-4e4b-b7f3-5645abb0fe8c@group-3CB1DFFBCDC2, cid=2040, SUCCESS, logIndex=2982, commits[134d4672-e322-4e4b-b7f3-5645abb0fe8c:c2983, 73af84f3-3e88-4c8c-894c-3ad307bcac8d:c2979, 730a25a1-dbec-44ed-975b-a44ab0096beb:c2979]
2019-08-30 05:17:47,664 [grpc-default-executor-5] INFO  client.GrpcClientProtocolClient (GrpcClientProtocolClient.java:onNext(255)) - client-574492D41EE7->134d4672-e322-4e4b-b7f3-5645abb0fe8c: receive RaftClientReply:client-574492D41EE7->134d4672-e322-4e4b-b7f3-5645abb0fe8c@group-3CB1DFFBCDC2, cid=2041, SUCCESS, logIndex=2983, commits[134d4672-e322-4e4b-b7f3-5645abb0fe8c:c2983, 73af84f3-3e88-4c8c-894c-3ad307bcac8d:c2979, 730a25a1-dbec-44ed-975b-a44ab0096beb:c2979]
2019-08-30 05:17:47,673 | INFO  | DNAudit | user=null | ip=null | op=WRITE_CHUNK {blockData=conID: 3 locID: 102704235652121123 bcsId: 0} | ret=SUCCESS |  
2019-08-30 05:17:47,674 | INFO  | DNAudit | user=null | ip=null | op=PUT_BLOCK {blockData=[blockId=conID: 3 locID: 102704235652121123 bcsId: 0,size=1048576]} | ret=SUCCESS |  
2019-08-30 05:17:47,674 | INFO  | DNAudit | user=null | ip=null | op=WRITE_CHUNK {blockData=conID: 3 locID: 102704235652121123 bcsId: 0} | ret=SUCCESS |  
2019-08-30 05:17:47,675 | INFO  | DNAudit | user=null | ip=null | op=PUT_BLOCK {blockData=[blockId=conID: 3 locID: 102704235652121123 bcsId: 0,size=1048576]} | ret=SUCCESS |  
2019-08-30 05:17:47,675 | INFO  | DNAudit | user=null | ip=null | op=WRITE_CHUNK {blockData=conID: 3 locID: 102704235652121123 bcsId: 0} | ret=SUCCESS |  
2019-08-30 05:17:47,675 | INFO  | DNAudit | user=null | ip=null | op=WRITE_CHUNK {blockData=conID: 3 locID: 102704235652121123 bcsId: 0} | ret=SUCCESS |  
2019-08-30 05:17:47,675 | INFO  | DNAudit | user=null | ip=null | op=PUT_BLOCK {blockData=[blockId=conID: 3 locID: 102704235652121123 bcsId: 0,size=2097152]} | ret=SUCCESS |  
2019-08-30 05:17:47,675 | INFO  | DNAudit | user=null | ip=null | op=PUT_BLOCK {blockData=[blockId=conID: 3 locID: 102704235652121123 bcsId: 0,size=2097152]} | ret=SUCCESS |  
2019-08-30 05:17:47,675 [grpc-default-executor-5] INFO  client.GrpcClientProtocolClient (GrpcClientProtocolClient.java:onNext(255)) - client-574492D41EE7->134d4672-e322-4e4b-b7f3-5645abb0fe8c: receive RaftClientReply:client-574492D41EE7->134d4672-e322-4e4b-b7f3-5645abb0fe8c@group-3CB1DFFBCDC2, cid=2042, SUCCESS, logIndex=0, commits[134d4672-e322-4e4b-b7f3-5645abb0fe8c:c2985, 73af84f3-3e88-4c8c-894c-3ad307bcac8d:c2981, 730a25a1-dbec-44ed-975b-a44ab0096beb:c2981]
2019-08-30 05:17:47,682 | INFO  | DNAudit | user=null | ip=null | op=WRITE_CHUNK {blockData=conID: 3 locID: 102704235652121123 bcsId: 2983} | ret=SUCCESS |  
2019-08-30 05:17:47,684 | INFO  | DNAudit | user=null | ip=null | op=WRITE_CHUNK {blockData=conID: 3 locID: 102704235652121123 bcsId: 2983} | ret=SUCCESS |  
2019-08-30 05:17:47,684 | INFO  | DNAudit | user=null | ip=null | op=WRITE_CHUNK {blockData=conID: 3 locID: 102704235652121123 bcsId: 2983} | ret=SUCCESS |  
2019-08-30 05:17:47,695 | INFO  | DNAudit | user=null | ip=null | op=WRITE_CHUNK {blockData=conID: 3 locID: 102704235652121123 bcsId: 2983} | ret=SUCCESS |  
2019-08-30 05:17:47,695 | INFO  | DNAudit | user=null | ip=null | op=PUT_BLOCK {blockData=[blockId=conID: 3 locID: 102704235652121123 bcsId: 0,size=3145728]} | ret=SUCCESS |  
2019-08-30 05:17:47,699 [grpc-default-executor-1] INFO  client.GrpcClientProtocolClient (GrpcClientProtocolClient.java:onNext(255)) - client-574492D41EE7->134d4672-e322-4e4b-b7f3-5645abb0fe8c: receive RaftClientReply:client-574492D41EE7->134d4672-e322-4e4b-b7f3-5645abb0fe8c@group-3CB1DFFBCDC2, cid=2043, SUCCESS, logIndex=2987, commits[134d4672-e322-4e4b-b7f3-5645abb0fe8c:c2988, 73af84f3-3e88-4c8c-894c-3ad307bcac8d:c2986, 730a25a1-dbec-44ed-975b-a44ab0096beb:c2986]
2019-08-30 05:17:47,700 [grpc-default-executor-1] INFO  client.GrpcClientProtocolClient (GrpcClientProtocolClient.java:onNext(255)) - client-574492D41EE7->134d4672-e322-4e4b-b7f3-5645abb0fe8c: receive RaftClientReply:client-574492D41EE7->134d4672-e322-4e4b-b7f3-5645abb0fe8c@group-3CB1DFFBCDC2, cid=2044, SUCCESS, logIndex=2988, commits[134d4672-e322-4e4b-b7f3-5645abb0fe8c:c2988, 73af84f3-3e88-4c8c-894c-3ad307bcac8d:c2986, 730a25a1-dbec-44ed-975b-a44ab0096beb:c2986]
2019-08-30 05:17:47,707 | INFO  | DNAudit | user=null | ip=null | op=WRITE_CHUNK {blockData=conID: 3 locID: 102704235652121123 bcsId: 2988} | ret=SUCCESS |  
2019-08-30 05:17:47,707 | INFO  | DNAudit | user=null | ip=null | op=WRITE_CHUNK {blockData=conID: 3 locID: 102704235652121123 bcsId: 2983} | ret=SUCCESS |  
2019-08-30 05:17:47,707 | INFO  | DNAudit | user=null | ip=null | op=WRITE_CHUNK {blockData=conID: 3 locID: 102704235652121123 bcsId: 2983} | ret=SUCCESS |  
2019-08-30 05:17:47,707 | INFO  | DNAudit | user=null | ip=null | op=PUT_BLOCK {blockData=[blockId=conID: 3 locID: 102704235652121123 bcsId: 0,size=3145728]} | ret=SUCCESS |  
2019-08-30 05:17:47,707 | INFO  | DNAudit | user=null | ip=null | op=PUT_BLOCK {blockData=[blockId=conID: 3 locID: 102704235652121123 bcsId: 0,size=3145728]} | ret=SUCCESS |  
2019-08-30 05:17:47,709 | INFO  | DNAudit | user=null | ip=null | op=WRITE_CHUNK {blockData=conID: 3 locID: 102704235652121123 bcsId: 2988} | ret=SUCCESS |  
2019-08-30 05:17:47,709 | INFO  | DNAudit | user=null | ip=null | op=WRITE_CHUNK {blockData=conID: 3 locID: 102704235652121123 bcsId: 2988} | ret=SUCCESS |  
2019-08-30 05:17:47,721 | INFO  | DNAudit | user=null | ip=null | op=WRITE_CHUNK {blockData=conID: 3 locID: 102704235652121123 bcsId: 2988} | ret=SUCCESS |  
2019-08-30 05:17:47,721 | INFO  | DNAudit | user=null | ip=null | op=PUT_BLOCK {blockData=[blockId=conID: 3 locID: 102704235652121123 bcsId: 0,size=4194304]} | ret=SUCCESS |  
2019-08-30 05:17:47,721 [grpc-default-executor-5] INFO  client.GrpcClientProtocolClient (GrpcClientProtocolClient.java:onNext(255)) - client-574492D41EE7->134d4672-e322-4e4b-b7f3-5645abb0fe8c: receive RaftClientReply:client-574492D41EE7->134d4672-e322-4e4b-b7f3-5645abb0fe8c@group-3CB1DFFBCDC2, cid=2045, SUCCESS, logIndex=2991, commits[134d4672-e322-4e4b-b7f3-5645abb0fe8c:c2992, 73af84f3-3e88-4c8c-894c-3ad307bcac8d:c2988, 730a25a1-dbec-44ed-975b-a44ab0096beb:c2988]
2019-08-30 05:17:47,722 [grpc-default-executor-5] INFO  client.GrpcClientProtocolClient (GrpcClientProtocolClient.java:onNext(255)) - client-574492D41EE7->134d4672-e322-4e4b-b7f3-5645abb0fe8c: receive RaftClientReply:client-574492D41EE7->134d4672-e322-4e4b-b7f3-5645abb0fe8c@group-3CB1DFFBCDC2, cid=2046, SUCCESS, logIndex=2992, commits[134d4672-e322-4e4b-b7f3-5645abb0fe8c:c2992, 73af84f3-3e88-4c8c-894c-3ad307bcac8d:c2988, 730a25a1-dbec-44ed-975b-a44ab0096beb:c2988]
2019-08-30 05:17:47,722 | INFO  | DNAudit | user=null | ip=null | op=WRITE_CHUNK {blockData=conID: 3 locID: 102704235652121123 bcsId: 2988} | ret=SUCCESS |  
2019-08-30 05:17:47,722 | INFO  | DNAudit | user=null | ip=null | op=PUT_BLOCK {blockData=[blockId=conID: 3 locID: 102704235652121123 bcsId: 0,size=4194304]} | ret=SUCCESS |  
2019-08-30 05:17:47,724 | INFO  | DNAudit | user=null | ip=null | op=WRITE_CHUNK {blockData=conID: 3 locID: 102704235652121123 bcsId: 2988} | ret=SUCCESS |  
2019-08-30 05:17:47,724 | INFO  | DNAudit | user=null | ip=null | op=PUT_BLOCK {blockData=[blockId=conID: 3 locID: 102704235652121123 bcsId: 0,size=4194304]} | ret=SUCCESS |  
2019-08-30 05:17:47,725 [grpc-default-executor-5] INFO  client.GrpcClientProtocolClient (GrpcClientProtocolClient.java:onNext(255)) - client-574492D41EE7->134d4672-e322-4e4b-b7f3-5645abb0fe8c: receive RaftClientReply:client-574492D41EE7->134d4672-e322-4e4b-b7f3-5645abb0fe8c@group-3CB1DFFBCDC2, cid=2047, SUCCESS, logIndex=0, commits[134d4672-e322-4e4b-b7f3-5645abb0fe8c:c2993, 73af84f3-3e88-4c8c-894c-3ad307bcac8d:c2992, 730a25a1-dbec-44ed-975b-a44ab0096beb:c2992]
2019-08-30 05:17:47,730 | INFO  | SCMAudit | user=jenkins1000 | ip=192.168.36.106 | op=ALLOCATE_BLOCK {owner=85755eb5-052d-48fa-b271-2fe4d8754e12, size=4194304, type=RATIS, factor=THREE} | ret=SUCCESS |  
2019-08-30 05:17:47,733 | INFO  | OMAudit | user=jenkins1000 | ip=127.0.0.1 | op=ALLOCATE_BLOCK {volume=vol-0-00977, bucket=bucket-0-44205, key=key-0-32850, dataSize=0, replicationType=null, replicationFactor=null, keyLocationInfo=null, clientID=102704234570776978} | ret=SUCCESS |  
2019-08-30 05:17:47,740 | INFO  | DNAudit | user=null | ip=null | op=WRITE_CHUNK {blockData=conID: 1 locID: 102704235657953828 bcsId: 0} | ret=SUCCESS |  
2019-08-30 05:17:47,743 | INFO  | DNAudit | user=null | ip=null | op=WRITE_CHUNK {blockData=conID: 1 locID: 102704235657953828 bcsId: 0} | ret=SUCCESS |  
2019-08-30 05:17:47,744 | INFO  | DNAudit | user=null | ip=null | op=WRITE_CHUNK {blockData=conID: 1 locID: 102704235657953828 bcsId: 0} | ret=SUCCESS |  
2019-08-30 05:17:47,744 | INFO  | DNAudit | user=null | ip=null | op=WRITE_CHUNK {blockData=conID: 1 locID: 102704235657953828 bcsId: 0} | ret=SUCCESS |  
2019-08-30 05:17:47,745 | INFO  | DNAudit | user=null | ip=null | op=WRITE_CHUNK {blockData=conID: 1 locID: 102704235657953828 bcsId: 0} | ret=SUCCESS |  
2019-08-30 05:17:47,746 | INFO  | DNAudit | user=null | ip=null | op=WRITE_CHUNK {blockData=conID: 1 locID: 102704235657953828 bcsId: 0} | ret=SUCCESS |  
2019-08-30 05:17:47,753 | INFO  | DNAudit | user=null | ip=null | op=WRITE_CHUNK {blockData=conID: 1 locID: 102704235657953828 bcsId: 0} | ret=SUCCESS |  
2019-08-30 05:17:47,754 | INFO  | DNAudit | user=null | ip=null | op=PUT_BLOCK {blockData=[blockId=conID: 1 locID: 102704235657953828 bcsId: 0,size=1048576]} | ret=SUCCESS |  
2019-08-30 05:17:47,754 [grpc-default-executor-5] INFO  client.GrpcClientProtocolClient (GrpcClientProtocolClient.java:onNext(255)) - client-574492D41EE7->134d4672-e322-4e4b-b7f3-5645abb0fe8c: receive RaftClientReply:client-574492D41EE7->134d4672-e322-4e4b-b7f3-5645abb0fe8c@group-3CB1DFFBCDC2, cid=2048, SUCCESS, logIndex=2995, commits[134d4672-e322-4e4b-b7f3-5645abb0fe8c:c2996, 73af84f3-3e88-4c8c-894c-3ad307bcac8d:c2994, 730a25a1-dbec-44ed-975b-a44ab0096beb:c2994]
2019-08-30 05:17:47,754 [grpc-default-executor-5] INFO  client.GrpcClientProtocolClient (GrpcClientProtocolClient.java:onNext(255)) - client-574492D41EE7->134d4672-e322-4e4b-b7f3-5645abb0fe8c: receive RaftClientReply:client-574492D41EE7->134d4672-e322-4e4b-b7f3-5645abb0fe8c@group-3CB1DFFBCDC2, cid=2049, SUCCESS, logIndex=2996, commits[134d4672-e322-4e4b-b7f3-5645abb0fe8c:c2996, 73af84f3-3e88-4c8c-894c-3ad307bcac8d:c2994, 730a25a1-dbec-44ed-975b-a44ab0096beb:c2994]
2019-08-30 05:17:47,755 | INFO  | DNAudit | user=null | ip=null | op=WRITE_CHUNK {blockData=conID: 1 locID: 102704235657953828 bcsId: 0} | ret=SUCCESS |  
2019-08-30 05:17:47,755 | INFO  | DNAudit | user=null | ip=null | op=PUT_BLOCK {blockData=[blockId=conID: 1 locID: 102704235657953828 bcsId: 0,size=2097152]} | ret=SUCCESS |  
2019-08-30 05:17:47,755 [grpc-default-executor-5] INFO  client.GrpcClientProtocolClient (GrpcClientProtocolClient.java:onNext(255)) - client-574492D41EE7->134d4672-e322-4e4b-b7f3-5645abb0fe8c: receive RaftClientReply:client-574492D41EE7->134d4672-e322-4e4b-b7f3-5645abb0fe8c@group-3CB1DFFBCDC2, cid=2050, SUCCESS, logIndex=2997, commits[134d4672-e322-4e4b-b7f3-5645abb0fe8c:c2997, 73af84f3-3e88-4c8c-894c-3ad307bcac8d:c2994, 730a25a1-dbec-44ed-975b-a44ab0096beb:c2994]
2019-08-30 05:17:47,756 | INFO  | DNAudit | user=null | ip=null | op=WRITE_CHUNK {blockData=conID: 1 locID: 102704235657953828 bcsId: 0} | ret=SUCCESS |  
2019-08-30 05:17:47,756 [grpc-default-executor-5] INFO  client.GrpcClientProtocolClient (GrpcClientProtocolClient.java:onNext(255)) - client-574492D41EE7->134d4672-e322-4e4b-b7f3-5645abb0fe8c: receive RaftClientReply:client-574492D41EE7->134d4672-e322-4e4b-b7f3-5645abb0fe8c@group-3CB1DFFBCDC2, cid=2051, SUCCESS, logIndex=2998, commits[134d4672-e322-4e4b-b7f3-5645abb0fe8c:c2998, 73af84f3-3e88-4c8c-894c-3ad307bcac8d:c2994, 730a25a1-dbec-44ed-975b-a44ab0096beb:c2994]
2019-08-30 05:17:47,756 | INFO  | DNAudit | user=null | ip=null | op=PUT_BLOCK {blockData=[blockId=conID: 1 locID: 102704235657953828 bcsId: 0,size=1048576]} | ret=SUCCESS |  
2019-08-30 05:17:47,757 | INFO  | DNAudit | user=null | ip=null | op=WRITE_CHUNK {blockData=conID: 1 locID: 102704235657953828 bcsId: 0} | ret=SUCCESS |  
2019-08-30 05:17:47,757 | INFO  | DNAudit | user=null | ip=null | op=PUT_BLOCK {blockData=[blockId=conID: 1 locID: 102704235657953828 bcsId: 0,size=1048576]} | ret=SUCCESS |  
2019-08-30 05:17:47,757 [grpc-default-executor-5] INFO  client.GrpcClientProtocolClient (GrpcClientProtocolClient.java:onNext(255)) - client-574492D41EE7->134d4672-e322-4e4b-b7f3-5645abb0fe8c: receive RaftClientReply:client-574492D41EE7->134d4672-e322-4e4b-b7f3-5645abb0fe8c@group-3CB1DFFBCDC2, cid=2052, SUCCESS, logIndex=0, commits[134d4672-e322-4e4b-b7f3-5645abb0fe8c:c3000, 73af84f3-3e88-4c8c-894c-3ad307bcac8d:c2996, 730a25a1-dbec-44ed-975b-a44ab0096beb:c2996]
2019-08-30 05:17:47,764 | INFO  | DNAudit | user=null | ip=null | op=WRITE_CHUNK {blockData=conID: 1 locID: 102704235657953828 bcsId: 2998} | ret=SUCCESS |  
2019-08-30 05:17:47,766 | INFO  | DNAudit | user=null | ip=null | op=WRITE_CHUNK {blockData=conID: 1 locID: 102704235657953828 bcsId: 2998} | ret=SUCCESS |  
2019-08-30 05:17:47,766 | INFO  | DNAudit | user=null | ip=null | op=WRITE_CHUNK {blockData=conID: 1 locID: 102704235657953828 bcsId: 2998} | ret=SUCCESS |  
2019-08-30 05:17:47,768 | INFO  | DNAudit | user=null | ip=null | op=WRITE_CHUNK {blockData=conID: 1 locID: 102704235657953828 bcsId: 0} | ret=SUCCESS |  
2019-08-30 05:17:47,768 | INFO  | DNAudit | user=null | ip=null | op=PUT_BLOCK {blockData=[blockId=conID: 1 locID: 102704235657953828 bcsId: 0,size=2097152]} | ret=SUCCESS |  
2019-08-30 05:17:47,770 | INFO  | DNAudit | user=null | ip=null | op=WRITE_CHUNK {blockData=conID: 1 locID: 102704235657953828 bcsId: 0} | ret=SUCCESS |  
2019-08-30 05:17:47,770 | INFO  | DNAudit | user=null | ip=null | op=PUT_BLOCK {blockData=[blockId=conID: 1 locID: 102704235657953828 bcsId: 0,size=2097152]} | ret=SUCCESS |  
2019-08-30 05:17:47,783 | INFO  | DNAudit | user=null | ip=null | op=WRITE_CHUNK {blockData=conID: 1 locID: 102704235657953828 bcsId: 2998} | ret=SUCCESS |  
2019-08-30 05:17:47,783 | INFO  | DNAudit | user=null | ip=null | op=PUT_BLOCK {blockData=[blockId=conID: 1 locID: 102704235657953828 bcsId: 0,size=3145728]} | ret=SUCCESS |  
2019-08-30 05:17:47,783 [grpc-default-executor-3] INFO  client.GrpcClientProtocolClient (GrpcClientProtocolClient.java:onNext(255)) - client-574492D41EE7->134d4672-e322-4e4b-b7f3-5645abb0fe8c: receive RaftClientReply:client-574492D41EE7->134d4672-e322-4e4b-b7f3-5645abb0fe8c@group-3CB1DFFBCDC2, cid=2053, SUCCESS, logIndex=3003, commits[134d4672-e322-4e4b-b7f3-5645abb0fe8c:c3004, 73af84f3-3e88-4c8c-894c-3ad307bcac8d:c2998, 730a25a1-dbec-44ed-975b-a44ab0096beb:c3000]
2019-08-30 05:17:47,784 [grpc-default-executor-3] INFO  client.GrpcClientProtocolClient (GrpcClientProtocolClient.java:onNext(255)) - client-574492D41EE7->134d4672-e322-4e4b-b7f3-5645abb0fe8c: receive RaftClientReply:client-574492D41EE7->134d4672-e322-4e4b-b7f3-5645abb0fe8c@group-3CB1DFFBCDC2, cid=2054, SUCCESS, logIndex=3004, commits[134d4672-e322-4e4b-b7f3-5645abb0fe8c:c3004, 73af84f3-3e88-4c8c-894c-3ad307bcac8d:c3000, 730a25a1-dbec-44ed-975b-a44ab0096beb:c3000]
2019-08-30 05:17:47,790 | INFO  | DNAudit | user=null | ip=null | op=WRITE_CHUNK {blockData=conID: 1 locID: 102704235657953828 bcsId: 3004} | ret=SUCCESS |  
2019-08-30 05:17:47,792 | INFO  | DNAudit | user=null | ip=null | op=WRITE_CHUNK {blockData=conID: 1 locID: 102704235657953828 bcsId: 3004} | ret=SUCCESS |  
2019-08-30 05:17:47,793 | INFO  | DNAudit | user=null | ip=null | op=WRITE_CHUNK {blockData=conID: 1 locID: 102704235657953828 bcsId: 3004} | ret=SUCCESS |  
2019-08-30 05:17:47,794 | INFO  | DNAudit | user=null | ip=null | op=WRITE_CHUNK {blockData=conID: 1 locID: 102704235657953828 bcsId: 2998} | ret=SUCCESS |  
2019-08-30 05:17:47,795 | INFO  | DNAudit | user=null | ip=null | op=WRITE_CHUNK {blockData=conID: 1 locID: 102704235657953828 bcsId: 2998} | ret=SUCCESS |  
2019-08-30 05:17:47,795 | INFO  | DNAudit | user=null | ip=null | op=PUT_BLOCK {blockData=[blockId=conID: 1 locID: 102704235657953828 bcsId: 0,size=3145728]} | ret=SUCCESS |  
2019-08-30 05:17:47,795 | INFO  | DNAudit | user=null | ip=null | op=PUT_BLOCK {blockData=[blockId=conID: 1 locID: 102704235657953828 bcsId: 0,size=3145728]} | ret=SUCCESS |  
2019-08-30 05:17:47,799 | INFO  | DNAudit | user=null | ip=null | op=WRITE_CHUNK {blockData=conID: 1 locID: 102704235657953828 bcsId: 3004} | ret=SUCCESS |  
2019-08-30 05:17:47,799 | INFO  | DNAudit | user=null | ip=null | op=PUT_BLOCK {blockData=[blockId=conID: 1 locID: 102704235657953828 bcsId: 0,size=4194304]} | ret=SUCCESS |  
2019-08-30 05:17:47,799 [grpc-default-executor-3] INFO  client.GrpcClientProtocolClient (GrpcClientProtocolClient.java:onNext(255)) - client-574492D41EE7->134d4672-e322-4e4b-b7f3-5645abb0fe8c: receive RaftClientReply:client-574492D41EE7->134d4672-e322-4e4b-b7f3-5645abb0fe8c@group-3CB1DFFBCDC2, cid=2055, SUCCESS, logIndex=3006, commits[134d4672-e322-4e4b-b7f3-5645abb0fe8c:c3007, 73af84f3-3e88-4c8c-894c-3ad307bcac8d:c3004, 730a25a1-dbec-44ed-975b-a44ab0096beb:c3004]
2019-08-30 05:17:47,800 [grpc-default-executor-3] INFO  client.GrpcClientProtocolClient (GrpcClientProtocolClient.java:onNext(255)) - client-574492D41EE7->134d4672-e322-4e4b-b7f3-5645abb0fe8c: receive RaftClientReply:client-574492D41EE7->134d4672-e322-4e4b-b7f3-5645abb0fe8c@group-3CB1DFFBCDC2, cid=2056, SUCCESS, logIndex=3007, commits[134d4672-e322-4e4b-b7f3-5645abb0fe8c:c3007, 73af84f3-3e88-4c8c-894c-3ad307bcac8d:c3004, 730a25a1-dbec-44ed-975b-a44ab0096beb:c3004]
2019-08-30 05:17:47,810 | INFO  | DNAudit | user=null | ip=null | op=WRITE_CHUNK {blockData=conID: 1 locID: 102704235657953828 bcsId: 3004} | ret=SUCCESS |  
2019-08-30 05:17:47,810 | INFO  | DNAudit | user=null | ip=null | op=WRITE_CHUNK {blockData=conID: 1 locID: 102704235657953828 bcsId: 3004} | ret=SUCCESS |  
2019-08-30 05:17:47,811 | INFO  | DNAudit | user=null | ip=null | op=PUT_BLOCK {blockData=[blockId=conID: 1 locID: 102704235657953828 bcsId: 0,size=4194304]} | ret=SUCCESS |  
2019-08-30 05:17:47,811 | INFO  | DNAudit | user=null | ip=null | op=PUT_BLOCK {blockData=[blockId=conID: 1 locID: 102704235657953828 bcsId: 0,size=4194304]} | ret=SUCCESS |  
2019-08-30 05:17:47,811 [grpc-default-executor-3] INFO  client.GrpcClientProtocolClient (GrpcClientProtocolClient.java:onNext(255)) - client-574492D41EE7->134d4672-e322-4e4b-b7f3-5645abb0fe8c: receive RaftClientReply:client-574492D41EE7->134d4672-e322-4e4b-b7f3-5645abb0fe8c@group-3CB1DFFBCDC2, cid=2057, SUCCESS, logIndex=0, commits[134d4672-e322-4e4b-b7f3-5645abb0fe8c:c3008, 73af84f3-3e88-4c8c-894c-3ad307bcac8d:c3007, 730a25a1-dbec-44ed-975b-a44ab0096beb:c3007]
2019-08-30 05:17:47,817 | INFO  | SCMAudit | user=jenkins1000 | ip=192.168.36.106 | op=ALLOCATE_BLOCK {owner=85755eb5-052d-48fa-b271-2fe4d8754e12, size=4194304, type=RATIS, factor=THREE} | ret=SUCCESS |  
2019-08-30 05:17:47,820 | INFO  | OMAudit | user=jenkins1000 | ip=127.0.0.1 | op=ALLOCATE_BLOCK {volume=vol-0-00977, bucket=bucket-0-44205, key=key-0-32850, dataSize=0, replicationType=null, replicationFactor=null, keyLocationInfo=null, clientID=102704234570776978} | ret=SUCCESS |  
2019-08-30 05:17:47,828 | INFO  | DNAudit | user=null | ip=null | op=WRITE_CHUNK {blockData=conID: 2 locID: 102704235663655461 bcsId: 0} | ret=SUCCESS |  
2019-08-30 05:17:47,831 | INFO  | DNAudit | user=null | ip=null | op=WRITE_CHUNK {blockData=conID: 2 locID: 102704235663655461 bcsId: 0} | ret=SUCCESS |  
2019-08-30 05:17:47,831 | INFO  | DNAudit | user=null | ip=null | op=WRITE_CHUNK {blockData=conID: 2 locID: 102704235663655461 bcsId: 0} | ret=SUCCESS |  
2019-08-30 05:17:47,832 | INFO  | DNAudit | user=null | ip=null | op=WRITE_CHUNK {blockData=conID: 2 locID: 102704235663655461 bcsId: 0} | ret=SUCCESS |  
2019-08-30 05:17:47,833 | INFO  | DNAudit | user=null | ip=null | op=WRITE_CHUNK {blockData=conID: 2 locID: 102704235663655461 bcsId: 0} | ret=SUCCESS |  
2019-08-30 05:17:47,833 | INFO  | DNAudit | user=null | ip=null | op=WRITE_CHUNK {blockData=conID: 2 locID: 102704235663655461 bcsId: 0} | ret=SUCCESS |  
2019-08-30 05:17:47,840 | INFO  | DNAudit | user=null | ip=null | op=WRITE_CHUNK {blockData=conID: 2 locID: 102704235663655461 bcsId: 0} | ret=SUCCESS |  
2019-08-30 05:17:47,840 | INFO  | DNAudit | user=null | ip=null | op=PUT_BLOCK {blockData=[blockId=conID: 2 locID: 102704235663655461 bcsId: 0,size=1048576]} | ret=SUCCESS |  
2019-08-30 05:17:47,841 | INFO  | DNAudit | user=null | ip=null | op=WRITE_CHUNK {blockData=conID: 2 locID: 102704235663655461 bcsId: 0} | ret=SUCCESS |  
2019-08-30 05:17:47,841 | INFO  | DNAudit | user=null | ip=null | op=PUT_BLOCK {blockData=[blockId=conID: 2 locID: 102704235663655461 bcsId: 0,size=2097152]} | ret=SUCCESS |  
2019-08-30 05:17:47,841 [grpc-default-executor-1] INFO  client.GrpcClientProtocolClient (GrpcClientProtocolClient.java:onNext(255)) - client-574492D41EE7->134d4672-e322-4e4b-b7f3-5645abb0fe8c: receive RaftClientReply:client-574492D41EE7->134d4672-e322-4e4b-b7f3-5645abb0fe8c@group-3CB1DFFBCDC2, cid=2058, SUCCESS, logIndex=3010, commits[134d4672-e322-4e4b-b7f3-5645abb0fe8c:c3011, 73af84f3-3e88-4c8c-894c-3ad307bcac8d:c3009, 730a25a1-dbec-44ed-975b-a44ab0096beb:c3009]
2019-08-30 05:17:47,841 [grpc-default-executor-1] INFO  client.GrpcClientProtocolClient (GrpcClientProtocolClient.java:onNext(255)) - client-574492D41EE7->134d4672-e322-4e4b-b7f3-5645abb0fe8c: receive RaftClientReply:client-574492D41EE7->134d4672-e322-4e4b-b7f3-5645abb0fe8c@group-3CB1DFFBCDC2, cid=2059, SUCCESS, logIndex=3011, commits[134d4672-e322-4e4b-b7f3-5645abb0fe8c:c3013, 73af84f3-3e88-4c8c-894c-3ad307bcac8d:c3009, 730a25a1-dbec-44ed-975b-a44ab0096beb:c3009]
2019-08-30 05:17:47,841 [grpc-default-executor-1] INFO  client.GrpcClientProtocolClient (GrpcClientProtocolClient.java:onNext(255)) - client-574492D41EE7->134d4672-e322-4e4b-b7f3-5645abb0fe8c: receive RaftClientReply:client-574492D41EE7->134d4672-e322-4e4b-b7f3-5645abb0fe8c@group-3CB1DFFBCDC2, cid=2060, SUCCESS, logIndex=3012, commits[134d4672-e322-4e4b-b7f3-5645abb0fe8c:c3013, 73af84f3-3e88-4c8c-894c-3ad307bcac8d:c3009, 730a25a1-dbec-44ed-975b-a44ab0096beb:c3009]
2019-08-30 05:17:47,842 [grpc-default-executor-1] INFO  client.GrpcClientProtocolClient (GrpcClientProtocolClient.java:onNext(255)) - client-574492D41EE7->134d4672-e322-4e4b-b7f3-5645abb0fe8c: receive RaftClientReply:client-574492D41EE7->134d4672-e322-4e4b-b7f3-5645abb0fe8c@group-3CB1DFFBCDC2, cid=2061, SUCCESS, logIndex=3013, commits[134d4672-e322-4e4b-b7f3-5645abb0fe8c:c3013, 73af84f3-3e88-4c8c-894c-3ad307bcac8d:c3009, 730a25a1-dbec-44ed-975b-a44ab0096beb:c3009]
2019-08-30 05:17:47,850 | INFO  | DNAudit | user=null | ip=null | op=WRITE_CHUNK {blockData=conID: 2 locID: 102704235663655461 bcsId: 0} | ret=SUCCESS |  
2019-08-30 05:17:47,850 | INFO  | DNAudit | user=null | ip=null | op=WRITE_CHUNK {blockData=conID: 2 locID: 102704235663655461 bcsId: 0} | ret=SUCCESS |  
2019-08-30 05:17:47,851 | INFO  | DNAudit | user=null | ip=null | op=PUT_BLOCK {blockData=[blockId=conID: 2 locID: 102704235663655461 bcsId: 0,size=1048576]} | ret=SUCCESS |  
2019-08-30 05:17:47,851 | INFO  | DNAudit | user=null | ip=null | op=WRITE_CHUNK {blockData=conID: 2 locID: 102704235663655461 bcsId: 0} | ret=SUCCESS |  
2019-08-30 05:17:47,851 | INFO  | DNAudit | user=null | ip=null | op=PUT_BLOCK {blockData=[blockId=conID: 2 locID: 102704235663655461 bcsId: 0,size=2097152]} | ret=SUCCESS |  
2019-08-30 05:17:47,851 | INFO  | DNAudit | user=null | ip=null | op=PUT_BLOCK {blockData=[blockId=conID: 2 locID: 102704235663655461 bcsId: 0,size=1048576]} | ret=SUCCESS |  
2019-08-30 05:17:47,852 | INFO  | DNAudit | user=null | ip=null | op=WRITE_CHUNK {blockData=conID: 2 locID: 102704235663655461 bcsId: 0} | ret=SUCCESS |  
2019-08-30 05:17:47,852 | INFO  | DNAudit | user=null | ip=null | op=PUT_BLOCK {blockData=[blockId=conID: 2 locID: 102704235663655461 bcsId: 0,size=2097152]} | ret=SUCCESS |  
2019-08-30 05:17:47,852 [grpc-default-executor-1] INFO  client.GrpcClientProtocolClient (GrpcClientProtocolClient.java:onNext(255)) - client-574492D41EE7->134d4672-e322-4e4b-b7f3-5645abb0fe8c: receive RaftClientReply:client-574492D41EE7->134d4672-e322-4e4b-b7f3-5645abb0fe8c@group-3CB1DFFBCDC2, cid=2062, SUCCESS, logIndex=0, commits[134d4672-e322-4e4b-b7f3-5645abb0fe8c:c3017, 73af84f3-3e88-4c8c-894c-3ad307bcac8d:c3011, 730a25a1-dbec-44ed-975b-a44ab0096beb:c3013]
2019-08-30 05:17:47,859 | INFO  | DNAudit | user=null | ip=null | op=WRITE_CHUNK {blockData=conID: 2 locID: 102704235663655461 bcsId: 3013} | ret=SUCCESS |  
2019-08-30 05:17:47,861 | INFO  | DNAudit | user=null | ip=null | op=WRITE_CHUNK {blockData=conID: 2 locID: 102704235663655461 bcsId: 3013} | ret=SUCCESS |  
2019-08-30 05:17:47,862 | INFO  | DNAudit | user=null | ip=null | op=WRITE_CHUNK {blockData=conID: 2 locID: 102704235663655461 bcsId: 3013} | ret=SUCCESS |  
2019-08-30 05:17:47,871 | INFO  | DNAudit | user=null | ip=null | op=WRITE_CHUNK {blockData=conID: 2 locID: 102704235663655461 bcsId: 3013} | ret=SUCCESS |  
2019-08-30 05:17:47,871 | INFO  | DNAudit | user=null | ip=null | op=PUT_BLOCK {blockData=[blockId=conID: 2 locID: 102704235663655461 bcsId: 0,size=3145728]} | ret=SUCCESS |  
2019-08-30 05:17:47,871 [grpc-default-executor-1] INFO  client.GrpcClientProtocolClient (GrpcClientProtocolClient.java:onNext(255)) - client-574492D41EE7->134d4672-e322-4e4b-b7f3-5645abb0fe8c: receive RaftClientReply:client-574492D41EE7->134d4672-e322-4e4b-b7f3-5645abb0fe8c@group-3CB1DFFBCDC2, cid=2063, SUCCESS, logIndex=3018, commits[134d4672-e322-4e4b-b7f3-5645abb0fe8c:c3019, 73af84f3-3e88-4c8c-894c-3ad307bcac8d:c3017, 730a25a1-dbec-44ed-975b-a44ab0096beb:c3017]
2019-08-30 05:17:47,872 [grpc-default-executor-1] INFO  client.GrpcClientProtocolClient (GrpcClientProtocolClient.java:onNext(255)) - client-574492D41EE7->134d4672-e322-4e4b-b7f3-5645abb0fe8c: receive RaftClientReply:client-574492D41EE7->134d4672-e322-4e4b-b7f3-5645abb0fe8c@group-3CB1DFFBCDC2, cid=2064, SUCCESS, logIndex=3019, commits[134d4672-e322-4e4b-b7f3-5645abb0fe8c:c3019, 73af84f3-3e88-4c8c-894c-3ad307bcac8d:c3017, 730a25a1-dbec-44ed-975b-a44ab0096beb:c3017]
2019-08-30 05:17:47,873 | INFO  | DNAudit | user=null | ip=null | op=WRITE_CHUNK {blockData=conID: 2 locID: 102704235663655461 bcsId: 3013} | ret=SUCCESS |  
2019-08-30 05:17:47,873 | INFO  | DNAudit | user=null | ip=null | op=WRITE_CHUNK {blockData=conID: 2 locID: 102704235663655461 bcsId: 3013} | ret=SUCCESS |  
2019-08-30 05:17:47,876 | INFO  | DNAudit | user=null | ip=null | op=PUT_BLOCK {blockData=[blockId=conID: 2 locID: 102704235663655461 bcsId: 0,size=3145728]} | ret=SUCCESS |  
2019-08-30 05:17:47,876 | INFO  | DNAudit | user=null | ip=null | op=PUT_BLOCK {blockData=[blockId=conID: 2 locID: 102704235663655461 bcsId: 0,size=3145728]} | ret=SUCCESS |  
2019-08-30 05:17:47,879 | INFO  | DNAudit | user=null | ip=null | op=WRITE_CHUNK {blockData=conID: 2 locID: 102704235663655461 bcsId: 3019} | ret=SUCCESS |  
2019-08-30 05:17:47,881 | INFO  | DNAudit | user=null | ip=null | op=WRITE_CHUNK {blockData=conID: 2 locID: 102704235663655461 bcsId: 3019} | ret=SUCCESS |  
2019-08-30 05:17:47,882 | INFO  | DNAudit | user=null | ip=null | op=WRITE_CHUNK {blockData=conID: 2 locID: 102704235663655461 bcsId: 3019} | ret=SUCCESS |  
2019-08-30 05:17:47,890 | INFO  | DNAudit | user=null | ip=null | op=WRITE_CHUNK {blockData=conID: 2 locID: 102704235663655461 bcsId: 3019} | ret=SUCCESS |  
2019-08-30 05:17:47,891 | INFO  | DNAudit | user=null | ip=null | op=PUT_BLOCK {blockData=[blockId=conID: 2 locID: 102704235663655461 bcsId: 0,size=4194304]} | ret=SUCCESS |  
2019-08-30 05:17:47,891 [grpc-default-executor-6] INFO  client.GrpcClientProtocolClient (GrpcClientProtocolClient.java:onNext(255)) - client-574492D41EE7->134d4672-e322-4e4b-b7f3-5645abb0fe8c: receive RaftClientReply:client-574492D41EE7->134d4672-e322-4e4b-b7f3-5645abb0fe8c@group-3CB1DFFBCDC2, cid=2065, SUCCESS, logIndex=3022, commits[134d4672-e322-4e4b-b7f3-5645abb0fe8c:c3023, 73af84f3-3e88-4c8c-894c-3ad307bcac8d:c3021, 730a25a1-dbec-44ed-975b-a44ab0096beb:c3021]
2019-08-30 05:17:47,891 [grpc-default-executor-6] INFO  client.GrpcClientProtocolClient (GrpcClientProtocolClient.java:onNext(255)) - client-574492D41EE7->134d4672-e322-4e4b-b7f3-5645abb0fe8c: receive RaftClientReply:client-574492D41EE7->134d4672-e322-4e4b-b7f3-5645abb0fe8c@group-3CB1DFFBCDC2, cid=2066, SUCCESS, logIndex=3023, commits[134d4672-e322-4e4b-b7f3-5645abb0fe8c:c3023, 73af84f3-3e88-4c8c-894c-3ad307bcac8d:c3021, 730a25a1-dbec-44ed-975b-a44ab0096beb:c3021]
2019-08-30 05:17:47,908 | INFO  | DNAudit | user=null | ip=null | op=WRITE_CHUNK {blockData=conID: 2 locID: 102704235663655461 bcsId: 3019} | ret=SUCCESS |  
2019-08-30 05:17:47,909 | INFO  | DNAudit | user=null | ip=null | op=WRITE_CHUNK {blockData=conID: 2 locID: 102704235663655461 bcsId: 3019} | ret=SUCCESS |  
2019-08-30 05:17:47,909 | INFO  | DNAudit | user=null | ip=null | op=PUT_BLOCK {blockData=[blockId=conID: 2 locID: 102704235663655461 bcsId: 0,size=4194304]} | ret=SUCCESS |  
2019-08-30 05:17:47,909 | INFO  | DNAudit | user=null | ip=null | op=PUT_BLOCK {blockData=[blockId=conID: 2 locID: 102704235663655461 bcsId: 0,size=4194304]} | ret=SUCCESS |  
2019-08-30 05:17:47,909 [grpc-default-executor-6] INFO  client.GrpcClientProtocolClient (GrpcClientProtocolClient.java:onNext(255)) - client-574492D41EE7->134d4672-e322-4e4b-b7f3-5645abb0fe8c: receive RaftClientReply:client-574492D41EE7->134d4672-e322-4e4b-b7f3-5645abb0fe8c@group-3CB1DFFBCDC2, cid=2067, SUCCESS, logIndex=0, commits[134d4672-e322-4e4b-b7f3-5645abb0fe8c:c3024, 73af84f3-3e88-4c8c-894c-3ad307bcac8d:c3023, 730a25a1-dbec-44ed-975b-a44ab0096beb:c3023]
2019-08-30 05:17:47,915 | INFO  | SCMAudit | user=jenkins1000 | ip=192.168.36.106 | op=ALLOCATE_BLOCK {owner=85755eb5-052d-48fa-b271-2fe4d8754e12, size=4194304, type=RATIS, factor=THREE} | ret=SUCCESS |  
2019-08-30 05:17:47,918 | INFO  | OMAudit | user=jenkins1000 | ip=127.0.0.1 | op=ALLOCATE_BLOCK {volume=vol-0-00977, bucket=bucket-0-44205, key=key-0-32850, dataSize=0, replicationType=null, replicationFactor=null, keyLocationInfo=null, clientID=102704234570776978} | ret=SUCCESS |  
2019-08-30 05:17:48,079 | INFO  | DNAudit | user=null | ip=null | op=WRITE_CHUNK {blockData=conID: 3 locID: 102704235670077990 bcsId: 0} | ret=SUCCESS |  
2019-08-30 05:17:48,083 | INFO  | DNAudit | user=null | ip=null | op=WRITE_CHUNK {blockData=conID: 3 locID: 102704235670077990 bcsId: 0} | ret=SUCCESS |  
2019-08-30 05:17:48,083 | INFO  | DNAudit | user=null | ip=null | op=WRITE_CHUNK {blockData=conID: 3 locID: 102704235670077990 bcsId: 0} | ret=SUCCESS |  
2019-08-30 05:17:48,084 | INFO  | DNAudit | user=null | ip=null | op=WRITE_CHUNK {blockData=conID: 3 locID: 102704235670077990 bcsId: 0} | ret=SUCCESS |  
2019-08-30 05:17:48,084 | INFO  | DNAudit | user=null | ip=null | op=WRITE_CHUNK {blockData=conID: 3 locID: 102704235670077990 bcsId: 0} | ret=SUCCESS |  
2019-08-30 05:17:48,085 | INFO  | DNAudit | user=null | ip=null | op=WRITE_CHUNK {blockData=conID: 3 locID: 102704235670077990 bcsId: 0} | ret=SUCCESS |  
2019-08-30 05:17:48,107 | INFO  | DNAudit | user=null | ip=null | op=WRITE_CHUNK {blockData=conID: 3 locID: 102704235670077990 bcsId: 0} | ret=SUCCESS |  
2019-08-30 05:17:48,108 | INFO  | DNAudit | user=null | ip=null | op=PUT_BLOCK {blockData=[blockId=conID: 3 locID: 102704235670077990 bcsId: 0,size=1048576]} | ret=SUCCESS |  
2019-08-30 05:17:48,108 [grpc-default-executor-5] INFO  client.GrpcClientProtocolClient (GrpcClientProtocolClient.java:onNext(255)) - client-574492D41EE7->134d4672-e322-4e4b-b7f3-5645abb0fe8c: receive RaftClientReply:client-574492D41EE7->134d4672-e322-4e4b-b7f3-5645abb0fe8c@group-3CB1DFFBCDC2, cid=2068, SUCCESS, logIndex=3026, commits[134d4672-e322-4e4b-b7f3-5645abb0fe8c:c3028, 73af84f3-3e88-4c8c-894c-3ad307bcac8d:c3025, 730a25a1-dbec-44ed-975b-a44ab0096beb:c3025]
2019-08-30 05:17:48,108 | INFO  | DNAudit | user=null | ip=null | op=WRITE_CHUNK {blockData=conID: 3 locID: 102704235670077990 bcsId: 0} | ret=SUCCESS |  
2019-08-30 05:17:48,109 [grpc-default-executor-5] INFO  client.GrpcClientProtocolClient (GrpcClientProtocolClient.java:onNext(255)) - client-574492D41EE7->134d4672-e322-4e4b-b7f3-5645abb0fe8c: receive RaftClientReply:client-574492D41EE7->134d4672-e322-4e4b-b7f3-5645abb0fe8c@group-3CB1DFFBCDC2, cid=2069, SUCCESS, logIndex=3027, commits[134d4672-e322-4e4b-b7f3-5645abb0fe8c:c3029, 73af84f3-3e88-4c8c-894c-3ad307bcac8d:c3025, 730a25a1-dbec-44ed-975b-a44ab0096beb:c3025]
2019-08-30 05:17:48,109 | INFO  | DNAudit | user=null | ip=null | op=PUT_BLOCK {blockData=[blockId=conID: 3 locID: 102704235670077990 bcsId: 0,size=2097152]} | ret=SUCCESS |  
2019-08-30 05:17:48,109 | INFO  | DNAudit | user=null | ip=null | op=WRITE_CHUNK {blockData=conID: 3 locID: 102704235670077990 bcsId: 0} | ret=SUCCESS |  
2019-08-30 05:17:48,109 | INFO  | DNAudit | user=null | ip=null | op=WRITE_CHUNK {blockData=conID: 3 locID: 102704235670077990 bcsId: 0} | ret=SUCCESS |  
2019-08-30 05:17:48,109 [grpc-default-executor-5] INFO  client.GrpcClientProtocolClient (GrpcClientProtocolClient.java:onNext(255)) - client-574492D41EE7->134d4672-e322-4e4b-b7f3-5645abb0fe8c: receive RaftClientReply:client-574492D41EE7->134d4672-e322-4e4b-b7f3-5645abb0fe8c@group-3CB1DFFBCDC2, cid=2070, SUCCESS, logIndex=3028, commits[134d4672-e322-4e4b-b7f3-5645abb0fe8c:c3029, 73af84f3-3e88-4c8c-894c-3ad307bcac8d:c3025, 730a25a1-dbec-44ed-975b-a44ab0096beb:c3025]
2019-08-30 05:17:48,110 | INFO  | DNAudit | user=null | ip=null | op=PUT_BLOCK {blockData=[blockId=conID: 3 locID: 102704235670077990 bcsId: 0,size=1048576]} | ret=SUCCESS |  
2019-08-30 05:17:48,110 | INFO  | DNAudit | user=null | ip=null | op=PUT_BLOCK {blockData=[blockId=conID: 3 locID: 102704235670077990 bcsId: 0,size=1048576]} | ret=SUCCESS |  
2019-08-30 05:17:48,110 [grpc-default-executor-5] INFO  client.GrpcClientProtocolClient (GrpcClientProtocolClient.java:onNext(255)) - client-574492D41EE7->134d4672-e322-4e4b-b7f3-5645abb0fe8c: receive RaftClientReply:client-574492D41EE7->134d4672-e322-4e4b-b7f3-5645abb0fe8c@group-3CB1DFFBCDC2, cid=2071, SUCCESS, logIndex=3029, commits[134d4672-e322-4e4b-b7f3-5645abb0fe8c:c3030, 73af84f3-3e88-4c8c-894c-3ad307bcac8d:c3027, 730a25a1-dbec-44ed-975b-a44ab0096beb:c3027]
2019-08-30 05:17:48,110 | INFO  | DNAudit | user=null | ip=null | op=WRITE_CHUNK {blockData=conID: 3 locID: 102704235670077990 bcsId: 0} | ret=SUCCESS |  
2019-08-30 05:17:48,111 | INFO  | DNAudit | user=null | ip=null | op=WRITE_CHUNK {blockData=conID: 3 locID: 102704235670077990 bcsId: 0} | ret=SUCCESS |  
2019-08-30 05:17:48,111 | INFO  | DNAudit | user=null | ip=null | op=PUT_BLOCK {blockData=[blockId=conID: 3 locID: 102704235670077990 bcsId: 0,size=2097152]} | ret=SUCCESS |  
2019-08-30 05:17:48,111 | INFO  | DNAudit | user=null | ip=null | op=PUT_BLOCK {blockData=[blockId=conID: 3 locID: 102704235670077990 bcsId: 0,size=2097152]} | ret=SUCCESS |  
2019-08-30 05:17:48,117 | INFO  | DNAudit | user=null | ip=null | op=WRITE_CHUNK {blockData=conID: 3 locID: 102704235670077990 bcsId: 3029} | ret=SUCCESS |  
2019-08-30 05:17:48,120 | INFO  | DNAudit | user=null | ip=null | op=WRITE_CHUNK {blockData=conID: 3 locID: 102704235670077990 bcsId: 3029} | ret=SUCCESS |  
2019-08-30 05:17:48,120 | INFO  | DNAudit | user=null | ip=null | op=WRITE_CHUNK {blockData=conID: 3 locID: 102704235670077990 bcsId: 3029} | ret=SUCCESS |  
2019-08-30 05:17:48,130 | INFO  | DNAudit | user=null | ip=null | op=WRITE_CHUNK {blockData=conID: 3 locID: 102704235670077990 bcsId: 3029} | ret=SUCCESS |  
2019-08-30 05:17:48,130 | INFO  | DNAudit | user=null | ip=null | op=PUT_BLOCK {blockData=[blockId=conID: 3 locID: 102704235670077990 bcsId: 0,size=3145728]} | ret=SUCCESS |  
2019-08-30 05:17:48,130 [grpc-default-executor-6] INFO  client.GrpcClientProtocolClient (GrpcClientProtocolClient.java:onNext(255)) - client-574492D41EE7->134d4672-e322-4e4b-b7f3-5645abb0fe8c: receive RaftClientReply:client-574492D41EE7->134d4672-e322-4e4b-b7f3-5645abb0fe8c@group-3CB1DFFBCDC2, cid=2072, SUCCESS, logIndex=3034, commits[134d4672-e322-4e4b-b7f3-5645abb0fe8c:c3035, 73af84f3-3e88-4c8c-894c-3ad307bcac8d:c3033, 730a25a1-dbec-44ed-975b-a44ab0096beb:c3033]
2019-08-30 05:17:48,131 [grpc-default-executor-6] INFO  client.GrpcClientProtocolClient (GrpcClientProtocolClient.java:onNext(255)) - client-574492D41EE7->134d4672-e322-4e4b-b7f3-5645abb0fe8c: receive RaftClientReply:client-574492D41EE7->134d4672-e322-4e4b-b7f3-5645abb0fe8c@group-3CB1DFFBCDC2, cid=2073, SUCCESS, logIndex=3035, commits[134d4672-e322-4e4b-b7f3-5645abb0fe8c:c3035, 73af84f3-3e88-4c8c-894c-3ad307bcac8d:c3033, 730a25a1-dbec-44ed-975b-a44ab0096beb:c3033]
2019-08-30 05:17:48,138 | INFO  | DNAudit | user=null | ip=null | op=WRITE_CHUNK {blockData=conID: 3 locID: 102704235670077990 bcsId: 3035} | ret=SUCCESS |  
2019-08-30 05:17:48,141 | INFO  | DNAudit | user=null | ip=null | op=WRITE_CHUNK {blockData=conID: 3 locID: 102704235670077990 bcsId: 3035} | ret=SUCCESS |  
2019-08-30 05:17:48,141 | INFO  | DNAudit | user=null | ip=null | op=WRITE_CHUNK {blockData=conID: 3 locID: 102704235670077990 bcsId: 3035} | ret=SUCCESS |  
2019-08-30 05:17:48,143 | INFO  | DNAudit | user=null | ip=null | op=WRITE_CHUNK {blockData=conID: 3 locID: 102704235670077990 bcsId: 3029} | ret=SUCCESS |  
2019-08-30 05:17:48,143 | INFO  | DNAudit | user=null | ip=null | op=WRITE_CHUNK {blockData=conID: 3 locID: 102704235670077990 bcsId: 3029} | ret=SUCCESS |  
2019-08-30 05:17:48,159 | INFO  | DNAudit | user=null | ip=null | op=PUT_BLOCK {blockData=[blockId=conID: 3 locID: 102704235670077990 bcsId: 0,size=3145728]} | ret=SUCCESS |  
2019-08-30 05:17:48,159 | INFO  | DNAudit | user=null | ip=null | op=PUT_BLOCK {blockData=[blockId=conID: 3 locID: 102704235670077990 bcsId: 0,size=3145728]} | ret=SUCCESS |  
2019-08-30 05:17:48,159 | INFO  | DNAudit | user=null | ip=null | op=WRITE_CHUNK {blockData=conID: 3 locID: 102704235670077990 bcsId: 3035} | ret=SUCCESS |  
2019-08-30 05:17:48,160 | INFO  | DNAudit | user=null | ip=null | op=PUT_BLOCK {blockData=[blockId=conID: 3 locID: 102704235670077990 bcsId: 0,size=4194304]} | ret=SUCCESS |  
2019-08-30 05:17:48,160 [grpc-default-executor-5] INFO  client.GrpcClientProtocolClient (GrpcClientProtocolClient.java:onNext(255)) - client-574492D41EE7->134d4672-e322-4e4b-b7f3-5645abb0fe8c: receive RaftClientReply:client-574492D41EE7->134d4672-e322-4e4b-b7f3-5645abb0fe8c@group-3CB1DFFBCDC2, cid=2074, SUCCESS, logIndex=3038, commits[134d4672-e322-4e4b-b7f3-5645abb0fe8c:c3039, 73af84f3-3e88-4c8c-894c-3ad307bcac8d:c3035, 730a25a1-dbec-44ed-975b-a44ab0096beb:c3035]
2019-08-30 05:17:48,160 [grpc-default-executor-5] INFO  client.GrpcClientProtocolClient (GrpcClientProtocolClient.java:onNext(255)) - client-574492D41EE7->134d4672-e322-4e4b-b7f3-5645abb0fe8c: receive RaftClientReply:client-574492D41EE7->134d4672-e322-4e4b-b7f3-5645abb0fe8c@group-3CB1DFFBCDC2, cid=2075, SUCCESS, logIndex=3039, commits[134d4672-e322-4e4b-b7f3-5645abb0fe8c:c3039, 73af84f3-3e88-4c8c-894c-3ad307bcac8d:c3035, 730a25a1-dbec-44ed-975b-a44ab0096beb:c3035]
2019-08-30 05:17:48,174 | INFO  | DNAudit | user=null | ip=null | op=WRITE_CHUNK {blockData=conID: 3 locID: 102704235670077990 bcsId: 3035} | ret=SUCCESS |  
2019-08-30 05:17:48,174 | INFO  | DNAudit | user=null | ip=null | op=WRITE_CHUNK {blockData=conID: 3 locID: 102704235670077990 bcsId: 3035} | ret=SUCCESS |  
2019-08-30 05:17:48,174 | INFO  | DNAudit | user=null | ip=null | op=PUT_BLOCK {blockData=[blockId=conID: 3 locID: 102704235670077990 bcsId: 0,size=4194304]} | ret=SUCCESS |  
2019-08-30 05:17:48,175 | INFO  | DNAudit | user=null | ip=null | op=PUT_BLOCK {blockData=[blockId=conID: 3 locID: 102704235670077990 bcsId: 0,size=4194304]} | ret=SUCCESS |  
2019-08-30 05:17:48,175 [grpc-default-executor-5] INFO  client.GrpcClientProtocolClient (GrpcClientProtocolClient.java:onNext(255)) - client-574492D41EE7->134d4672-e322-4e4b-b7f3-5645abb0fe8c: receive RaftClientReply:client-574492D41EE7->134d4672-e322-4e4b-b7f3-5645abb0fe8c@group-3CB1DFFBCDC2, cid=2076, SUCCESS, logIndex=0, commits[134d4672-e322-4e4b-b7f3-5645abb0fe8c:c3040, 73af84f3-3e88-4c8c-894c-3ad307bcac8d:c3039, 730a25a1-dbec-44ed-975b-a44ab0096beb:c3039]
2019-08-30 05:17:48,180 | INFO  | SCMAudit | user=jenkins1000 | ip=192.168.36.106 | op=ALLOCATE_BLOCK {owner=85755eb5-052d-48fa-b271-2fe4d8754e12, size=4194304, type=RATIS, factor=THREE} | ret=SUCCESS |  
2019-08-30 05:17:48,184 | INFO  | OMAudit | user=jenkins1000 | ip=127.0.0.1 | op=ALLOCATE_BLOCK {volume=vol-0-00977, bucket=bucket-0-44205, key=key-0-32850, dataSize=0, replicationType=null, replicationFactor=null, keyLocationInfo=null, clientID=102704234570776978} | ret=SUCCESS |  
2019-08-30 05:17:48,192 | INFO  | DNAudit | user=null | ip=null | op=WRITE_CHUNK {blockData=conID: 1 locID: 102704235687445031 bcsId: 0} | ret=SUCCESS |  
2019-08-30 05:17:48,194 | INFO  | DNAudit | user=null | ip=null | op=WRITE_CHUNK {blockData=conID: 1 locID: 102704235687445031 bcsId: 0} | ret=SUCCESS |  
2019-08-30 05:17:48,194 | INFO  | DNAudit | user=null | ip=null | op=WRITE_CHUNK {blockData=conID: 1 locID: 102704235687445031 bcsId: 0} | ret=SUCCESS |  
2019-08-30 05:17:48,195 | INFO  | DNAudit | user=null | ip=null | op=WRITE_CHUNK {blockData=conID: 1 locID: 102704235687445031 bcsId: 0} | ret=SUCCESS |  
2019-08-30 05:17:48,195 | INFO  | DNAudit | user=null | ip=null | op=WRITE_CHUNK {blockData=conID: 1 locID: 102704235687445031 bcsId: 0} | ret=SUCCESS |  
2019-08-30 05:17:48,196 | INFO  | DNAudit | user=null | ip=null | op=WRITE_CHUNK {blockData=conID: 1 locID: 102704235687445031 bcsId: 0} | ret=SUCCESS |  
2019-08-30 05:17:48,206 | INFO  | DNAudit | user=null | ip=null | op=WRITE_CHUNK {blockData=conID: 1 locID: 102704235687445031 bcsId: 0} | ret=SUCCESS |  
2019-08-30 05:17:48,207 | INFO  | DNAudit | user=null | ip=null | op=PUT_BLOCK {blockData=[blockId=conID: 1 locID: 102704235687445031 bcsId: 0,size=1048576]} | ret=SUCCESS |  
2019-08-30 05:17:48,207 [grpc-default-executor-6] INFO  client.GrpcClientProtocolClient (GrpcClientProtocolClient.java:onNext(255)) - client-574492D41EE7->134d4672-e322-4e4b-b7f3-5645abb0fe8c: receive RaftClientReply:client-574492D41EE7->134d4672-e322-4e4b-b7f3-5645abb0fe8c@group-3CB1DFFBCDC2, cid=2077, SUCCESS, logIndex=3041, commits[134d4672-e322-4e4b-b7f3-5645abb0fe8c:c3044, 73af84f3-3e88-4c8c-894c-3ad307bcac8d:c3040, 730a25a1-dbec-44ed-975b-a44ab0096beb:c3040]
2019-08-30 05:17:48,207 | INFO  | DNAudit | user=null | ip=null | op=WRITE_CHUNK {blockData=conID: 1 locID: 102704235687445031 bcsId: 0} | ret=SUCCESS |  
2019-08-30 05:17:48,207 [grpc-default-executor-6] INFO  client.GrpcClientProtocolClient (GrpcClientProtocolClient.java:onNext(255)) - client-574492D41EE7->134d4672-e322-4e4b-b7f3-5645abb0fe8c: receive RaftClientReply:client-574492D41EE7->134d4672-e322-4e4b-b7f3-5645abb0fe8c@group-3CB1DFFBCDC2, cid=2078, SUCCESS, logIndex=3042, commits[134d4672-e322-4e4b-b7f3-5645abb0fe8c:c3044, 73af84f3-3e88-4c8c-894c-3ad307bcac8d:c3040, 730a25a1-dbec-44ed-975b-a44ab0096beb:c3040]
2019-08-30 05:17:48,207 | INFO  | DNAudit | user=null | ip=null | op=PUT_BLOCK {blockData=[blockId=conID: 1 locID: 102704235687445031 bcsId: 0,size=2097152]} | ret=SUCCESS |  
2019-08-30 05:17:48,207 [grpc-default-executor-6] INFO  client.GrpcClientProtocolClient (GrpcClientProtocolClient.java:onNext(255)) - client-574492D41EE7->134d4672-e322-4e4b-b7f3-5645abb0fe8c: receive RaftClientReply:client-574492D41EE7->134d4672-e322-4e4b-b7f3-5645abb0fe8c@group-3CB1DFFBCDC2, cid=2079, SUCCESS, logIndex=3043, commits[134d4672-e322-4e4b-b7f3-5645abb0fe8c:c3044, 73af84f3-3e88-4c8c-894c-3ad307bcac8d:c3040, 730a25a1-dbec-44ed-975b-a44ab0096beb:c3040]
2019-08-30 05:17:48,208 [grpc-default-executor-6] INFO  client.GrpcClientProtocolClient (GrpcClientProtocolClient.java:onNext(255)) - client-574492D41EE7->134d4672-e322-4e4b-b7f3-5645abb0fe8c: receive RaftClientReply:client-574492D41EE7->134d4672-e322-4e4b-b7f3-5645abb0fe8c@group-3CB1DFFBCDC2, cid=2080, SUCCESS, logIndex=3044, commits[134d4672-e322-4e4b-b7f3-5645abb0fe8c:c3044, 73af84f3-3e88-4c8c-894c-3ad307bcac8d:c3040, 730a25a1-dbec-44ed-975b-a44ab0096beb:c3040]
2019-08-30 05:17:48,219 | INFO  | DNAudit | user=null | ip=null | op=WRITE_CHUNK {blockData=conID: 1 locID: 102704235687445031 bcsId: 0} | ret=SUCCESS |  
2019-08-30 05:17:48,219 | INFO  | DNAudit | user=null | ip=null | op=WRITE_CHUNK {blockData=conID: 1 locID: 102704235687445031 bcsId: 0} | ret=SUCCESS |  
2019-08-30 05:17:48,231 | INFO  | DNAudit | user=null | ip=null | op=PUT_BLOCK {blockData=[blockId=conID: 1 locID: 102704235687445031 bcsId: 0,size=1048576]} | ret=SUCCESS |  
2019-08-30 05:17:48,231 | INFO  | DNAudit | user=null | ip=null | op=WRITE_CHUNK {blockData=conID: 1 locID: 102704235687445031 bcsId: 0} | ret=SUCCESS |  
2019-08-30 05:17:48,232 | INFO  | DNAudit | user=null | ip=null | op=PUT_BLOCK {blockData=[blockId=conID: 1 locID: 102704235687445031 bcsId: 0,size=2097152]} | ret=SUCCESS |  
2019-08-30 05:17:48,232 | INFO  | DNAudit | user=null | ip=null | op=PUT_BLOCK {blockData=[blockId=conID: 1 locID: 102704235687445031 bcsId: 0,size=1048576]} | ret=SUCCESS |  
2019-08-30 05:17:48,232 [grpc-default-executor-6] INFO  client.GrpcClientProtocolClient (GrpcClientProtocolClient.java:onNext(255)) - client-574492D41EE7->134d4672-e322-4e4b-b7f3-5645abb0fe8c: receive RaftClientReply:client-574492D41EE7->134d4672-e322-4e4b-b7f3-5645abb0fe8c@group-3CB1DFFBCDC2, cid=2081, SUCCESS, logIndex=0, commits[134d4672-e322-4e4b-b7f3-5645abb0fe8c:c3048, 73af84f3-3e88-4c8c-894c-3ad307bcac8d:c3042, 730a25a1-dbec-44ed-975b-a44ab0096beb:c3044]
2019-08-30 05:17:48,232 | INFO  | DNAudit | user=null | ip=null | op=WRITE_CHUNK {blockData=conID: 1 locID: 102704235687445031 bcsId: 0} | ret=SUCCESS |  
2019-08-30 05:17:48,233 | INFO  | DNAudit | user=null | ip=null | op=PUT_BLOCK {blockData=[blockId=conID: 1 locID: 102704235687445031 bcsId: 0,size=2097152]} | ret=SUCCESS |  
2019-08-30 05:17:48,238 | INFO  | DNAudit | user=null | ip=null | op=WRITE_CHUNK {blockData=conID: 1 locID: 102704235687445031 bcsId: 3044} | ret=SUCCESS |  
2019-08-30 05:17:48,240 | INFO  | DNAudit | user=null | ip=null | op=WRITE_CHUNK {blockData=conID: 1 locID: 102704235687445031 bcsId: 3044} | ret=SUCCESS |  
2019-08-30 05:17:48,241 | INFO  | DNAudit | user=null | ip=null | op=WRITE_CHUNK {blockData=conID: 1 locID: 102704235687445031 bcsId: 3044} | ret=SUCCESS |  
2019-08-30 05:17:48,252 | INFO  | DNAudit | user=null | ip=null | op=WRITE_CHUNK {blockData=conID: 1 locID: 102704235687445031 bcsId: 3044} | ret=SUCCESS |  
2019-08-30 05:17:48,252 | INFO  | DNAudit | user=null | ip=null | op=PUT_BLOCK {blockData=[blockId=conID: 1 locID: 102704235687445031 bcsId: 0,size=3145728]} | ret=SUCCESS |  
2019-08-30 05:17:48,252 [grpc-default-executor-6] INFO  client.GrpcClientProtocolClient (GrpcClientProtocolClient.java:onNext(255)) - client-574492D41EE7->134d4672-e322-4e4b-b7f3-5645abb0fe8c: receive RaftClientReply:client-574492D41EE7->134d4672-e322-4e4b-b7f3-5645abb0fe8c@group-3CB1DFFBCDC2, cid=2082, SUCCESS, logIndex=3049, commits[134d4672-e322-4e4b-b7f3-5645abb0fe8c:c3050, 73af84f3-3e88-4c8c-894c-3ad307bcac8d:c3048, 730a25a1-dbec-44ed-975b-a44ab0096beb:c3048]
2019-08-30 05:17:48,253 [grpc-default-executor-1] INFO  client.GrpcClientProtocolClient (GrpcClientProtocolClient.java:onNext(255)) - client-574492D41EE7->134d4672-e322-4e4b-b7f3-5645abb0fe8c: receive RaftClientReply:client-574492D41EE7->134d4672-e322-4e4b-b7f3-5645abb0fe8c@group-3CB1DFFBCDC2, cid=2083, SUCCESS, logIndex=3050, commits[134d4672-e322-4e4b-b7f3-5645abb0fe8c:c3050, 73af84f3-3e88-4c8c-894c-3ad307bcac8d:c3048, 730a25a1-dbec-44ed-975b-a44ab0096beb:c3048]
2019-08-30 05:17:48,258 | INFO  | DNAudit | user=null | ip=null | op=WRITE_CHUNK {blockData=conID: 1 locID: 102704235687445031 bcsId: 3050} | ret=SUCCESS |  
2019-08-30 05:17:48,261 | INFO  | DNAudit | user=null | ip=null | op=WRITE_CHUNK {blockData=conID: 1 locID: 102704235687445031 bcsId: 3050} | ret=SUCCESS |  
2019-08-30 05:17:48,262 | INFO  | DNAudit | user=null | ip=null | op=WRITE_CHUNK {blockData=conID: 1 locID: 102704235687445031 bcsId: 3050} | ret=SUCCESS |  
2019-08-30 05:17:48,265 | INFO  | DNAudit | user=null | ip=null | op=WRITE_CHUNK {blockData=conID: 1 locID: 102704235687445031 bcsId: 3044} | ret=SUCCESS |  
2019-08-30 05:17:48,265 | INFO  | DNAudit | user=null | ip=null | op=WRITE_CHUNK {blockData=conID: 1 locID: 102704235687445031 bcsId: 3044} | ret=SUCCESS |  
2019-08-30 05:17:48,276 | INFO  | DNAudit | user=null | ip=null | op=PUT_BLOCK {blockData=[blockId=conID: 1 locID: 102704235687445031 bcsId: 0,size=3145728]} | ret=SUCCESS |  
2019-08-30 05:17:48,276 | INFO  | DNAudit | user=null | ip=null | op=PUT_BLOCK {blockData=[blockId=conID: 1 locID: 102704235687445031 bcsId: 0,size=3145728]} | ret=SUCCESS |  
2019-08-30 05:17:48,276 | INFO  | DNAudit | user=null | ip=null | op=WRITE_CHUNK {blockData=conID: 1 locID: 102704235687445031 bcsId: 3050} | ret=SUCCESS |  
2019-08-30 05:17:48,276 | INFO  | DNAudit | user=null | ip=null | op=PUT_BLOCK {blockData=[blockId=conID: 1 locID: 102704235687445031 bcsId: 0,size=4194304]} | ret=SUCCESS |  
2019-08-30 05:17:48,277 [grpc-default-executor-6] INFO  client.GrpcClientProtocolClient (GrpcClientProtocolClient.java:onNext(255)) - client-574492D41EE7->134d4672-e322-4e4b-b7f3-5645abb0fe8c: receive RaftClientReply:client-574492D41EE7->134d4672-e322-4e4b-b7f3-5645abb0fe8c@group-3CB1DFFBCDC2, cid=2084, SUCCESS, logIndex=3053, commits[134d4672-e322-4e4b-b7f3-5645abb0fe8c:c3054, 73af84f3-3e88-4c8c-894c-3ad307bcac8d:c3050, 730a25a1-dbec-44ed-975b-a44ab0096beb:c3050]
2019-08-30 05:17:48,277 [grpc-default-executor-6] INFO  client.GrpcClientProtocolClient (GrpcClientProtocolClient.java:onNext(255)) - client-574492D41EE7->134d4672-e322-4e4b-b7f3-5645abb0fe8c: receive RaftClientReply:client-574492D41EE7->134d4672-e322-4e4b-b7f3-5645abb0fe8c@group-3CB1DFFBCDC2, cid=2085, SUCCESS, logIndex=3054, commits[134d4672-e322-4e4b-b7f3-5645abb0fe8c:c3054, 73af84f3-3e88-4c8c-894c-3ad307bcac8d:c3050, 730a25a1-dbec-44ed-975b-a44ab0096beb:c3050]
2019-08-30 05:17:48,289 | INFO  | DNAudit | user=null | ip=null | op=WRITE_CHUNK {blockData=conID: 1 locID: 102704235687445031 bcsId: 3050} | ret=SUCCESS |  
2019-08-30 05:17:48,290 | INFO  | DNAudit | user=null | ip=null | op=WRITE_CHUNK {blockData=conID: 1 locID: 102704235687445031 bcsId: 3050} | ret=SUCCESS |  
2019-08-30 05:17:48,303 | INFO  | DNAudit | user=null | ip=null | op=PUT_BLOCK {blockData=[blockId=conID: 1 locID: 102704235687445031 bcsId: 0,size=4194304]} | ret=SUCCESS |  
2019-08-30 05:17:48,303 | INFO  | DNAudit | user=null | ip=null | op=PUT_BLOCK {blockData=[blockId=conID: 1 locID: 102704235687445031 bcsId: 0,size=4194304]} | ret=SUCCESS |  
2019-08-30 05:17:48,303 [grpc-default-executor-6] INFO  client.GrpcClientProtocolClient (GrpcClientProtocolClient.java:onNext(255)) - client-574492D41EE7->134d4672-e322-4e4b-b7f3-5645abb0fe8c: receive RaftClientReply:client-574492D41EE7->134d4672-e322-4e4b-b7f3-5645abb0fe8c@group-3CB1DFFBCDC2, cid=2086, SUCCESS, logIndex=0, commits[134d4672-e322-4e4b-b7f3-5645abb0fe8c:c3056, 73af84f3-3e88-4c8c-894c-3ad307bcac8d:c3054, 730a25a1-dbec-44ed-975b-a44ab0096beb:c3054]
2019-08-30 05:17:48,310 | INFO  | SCMAudit | user=jenkins1000 | ip=192.168.36.106 | op=ALLOCATE_BLOCK {owner=85755eb5-052d-48fa-b271-2fe4d8754e12, size=4194304, type=RATIS, factor=THREE} | ret=SUCCESS |  
2019-08-30 05:17:48,313 | INFO  | SCMAudit | user=jenkins1000 | ip=192.168.36.106 | op=SEND_HEARTBEAT {datanodeUUID=134d4672-e322-4e4b-b7f3-5645abb0fe8c, command=[]} | ret=SUCCESS |  
2019-08-30 05:17:48,314 | INFO  | SCMAudit | user=jenkins1000 | ip=192.168.36.106 | op=SEND_HEARTBEAT {datanodeUUID=ea5d4b6b-4a08-401a-8c59-ecc1ca37daf5, command=[]} | ret=SUCCESS |  
2019-08-30 05:17:48,314 | INFO  | OMAudit | user=jenkins1000 | ip=127.0.0.1 | op=ALLOCATE_BLOCK {volume=vol-0-00977, bucket=bucket-0-44205, key=key-0-32850, dataSize=0, replicationType=null, replicationFactor=null, keyLocationInfo=null, clientID=102704234570776978} | ret=SUCCESS |  
 0.00% |█                                                                                                    |  0/1 Time: 0:00:172019-08-30 05:17:48,315 | INFO  | SCMAudit | user=jenkins1000 | ip=192.168.36.106 | op=SEND_HEARTBEAT {datanodeUUID=730a25a1-dbec-44ed-975b-a44ab0096beb, command=[]} | ret=SUCCESS |  
2019-08-30 05:17:48,316 | INFO  | SCMAudit | user=jenkins1000 | ip=192.168.36.106 | op=SEND_HEARTBEAT {datanodeUUID=73af84f3-3e88-4c8c-894c-3ad307bcac8d, command=[]} | ret=SUCCESS |  
2019-08-30 05:17:48,324 | INFO  | DNAudit | user=null | ip=null | op=WRITE_CHUNK {blockData=conID: 2 locID: 102704235695964712 bcsId: 0} | ret=SUCCESS |  
2019-08-30 05:17:48,325 | INFO  | DNAudit | user=null | ip=null | op=WRITE_CHUNK {blockData=conID: 2 locID: 102704235695964712 bcsId: 0} | ret=SUCCESS |  
2019-08-30 05:17:48,325 | INFO  | DNAudit | user=null | ip=null | op=WRITE_CHUNK {blockData=conID: 2 locID: 102704235695964712 bcsId: 0} | ret=SUCCESS |  
2019-08-30 05:17:48,327 | INFO  | DNAudit | user=null | ip=null | op=WRITE_CHUNK {blockData=conID: 2 locID: 102704235695964712 bcsId: 0} | ret=SUCCESS |  
2019-08-30 05:17:48,328 | INFO  | DNAudit | user=null | ip=null | op=WRITE_CHUNK {blockData=conID: 2 locID: 102704235695964712 bcsId: 0} | ret=SUCCESS |  
2019-08-30 05:17:48,329 | INFO  | DNAudit | user=null | ip=null | op=WRITE_CHUNK {blockData=conID: 2 locID: 102704235695964712 bcsId: 0} | ret=SUCCESS |  
2019-08-30 05:17:48,339 | INFO  | DNAudit | user=null | ip=null | op=WRITE_CHUNK {blockData=conID: 2 locID: 102704235695964712 bcsId: 0} | ret=SUCCESS |  
2019-08-30 05:17:48,339 | INFO  | DNAudit | user=null | ip=null | op=PUT_BLOCK {blockData=[blockId=conID: 2 locID: 102704235695964712 bcsId: 0,size=1048576]} | ret=SUCCESS |  
2019-08-30 05:17:48,339 [grpc-default-executor-1] INFO  client.GrpcClientProtocolClient (GrpcClientProtocolClient.java:onNext(255)) - client-574492D41EE7->134d4672-e322-4e4b-b7f3-5645abb0fe8c: receive RaftClientReply:client-574492D41EE7->134d4672-e322-4e4b-b7f3-5645abb0fe8c@group-3CB1DFFBCDC2, cid=2087, SUCCESS, logIndex=3057, commits[134d4672-e322-4e4b-b7f3-5645abb0fe8c:c3058, 73af84f3-3e88-4c8c-894c-3ad307bcac8d:c3056, 730a25a1-dbec-44ed-975b-a44ab0096beb:c3056]
2019-08-30 05:17:48,339 [grpc-default-executor-1] INFO  client.GrpcClientProtocolClient (GrpcClientProtocolClient.java:onNext(255)) - client-574492D41EE7->134d4672-e322-4e4b-b7f3-5645abb0fe8c: receive RaftClientReply:client-574492D41EE7->134d4672-e322-4e4b-b7f3-5645abb0fe8c@group-3CB1DFFBCDC2, cid=2088, SUCCESS, logIndex=3058, commits[134d4672-e322-4e4b-b7f3-5645abb0fe8c:c3058, 73af84f3-3e88-4c8c-894c-3ad307bcac8d:c3056, 730a25a1-dbec-44ed-975b-a44ab0096beb:c3056]
2019-08-30 05:17:48,351 | INFO  | DNAudit | user=null | ip=null | op=WRITE_CHUNK {blockData=conID: 2 locID: 102704235695964712 bcsId: 0} | ret=SUCCESS |  
2019-08-30 05:17:48,351 | INFO  | DNAudit | user=null | ip=null | op=PUT_BLOCK {blockData=[blockId=conID: 2 locID: 102704235695964712 bcsId: 0,size=2097152]} | ret=SUCCESS |  
2019-08-30 05:17:48,351 [grpc-default-executor-1] INFO  client.GrpcClientProtocolClient (GrpcClientProtocolClient.java:onNext(255)) - client-574492D41EE7->134d4672-e322-4e4b-b7f3-5645abb0fe8c: receive RaftClientReply:client-574492D41EE7->134d4672-e322-4e4b-b7f3-5645abb0fe8c@group-3CB1DFFBCDC2, cid=2089, SUCCESS, logIndex=3059, commits[134d4672-e322-4e4b-b7f3-5645abb0fe8c:c3060, 73af84f3-3e88-4c8c-894c-3ad307bcac8d:c3056, 730a25a1-dbec-44ed-975b-a44ab0096beb:c3056]
2019-08-30 05:17:48,352 [grpc-default-executor-1] INFO  client.GrpcClientProtocolClient (GrpcClientProtocolClient.java:onNext(255)) - client-574492D41EE7->134d4672-e322-4e4b-b7f3-5645abb0fe8c: receive RaftClientReply:client-574492D41EE7->134d4672-e322-4e4b-b7f3-5645abb0fe8c@group-3CB1DFFBCDC2, cid=2090, SUCCESS, logIndex=3060, commits[134d4672-e322-4e4b-b7f3-5645abb0fe8c:c3060, 73af84f3-3e88-4c8c-894c-3ad307bcac8d:c3056, 730a25a1-dbec-44ed-975b-a44ab0096beb:c3056]
2019-08-30 05:17:48,362 | INFO  | DNAudit | user=null | ip=null | op=WRITE_CHUNK {blockData=conID: 2 locID: 102704235695964712 bcsId: 0} | ret=SUCCESS |  
2019-08-30 05:17:48,362 | INFO  | DNAudit | user=null | ip=null | op=WRITE_CHUNK {blockData=conID: 2 locID: 102704235695964712 bcsId: 0} | ret=SUCCESS |  
2019-08-30 05:17:48,362 | INFO  | DNAudit | user=null | ip=null | op=PUT_BLOCK {blockData=[blockId=conID: 2 locID: 102704235695964712 bcsId: 0,size=1048576]} | ret=SUCCESS |  
2019-08-30 05:17:48,362 | INFO  | DNAudit | user=null | ip=null | op=PUT_BLOCK {blockData=[blockId=conID: 2 locID: 102704235695964712 bcsId: 0,size=1048576]} | ret=SUCCESS |  
2019-08-30 05:17:48,362 [grpc-default-executor-1] INFO  client.GrpcClientProtocolClient (GrpcClientProtocolClient.java:onNext(255)) - client-574492D41EE7->134d4672-e322-4e4b-b7f3-5645abb0fe8c: receive RaftClientReply:client-574492D41EE7->134d4672-e322-4e4b-b7f3-5645abb0fe8c@group-3CB1DFFBCDC2, cid=2091, SUCCESS, logIndex=0, commits[134d4672-e322-4e4b-b7f3-5645abb0fe8c:c3062, 73af84f3-3e88-4c8c-894c-3ad307bcac8d:c3058, 730a25a1-dbec-44ed-975b-a44ab0096beb:c3058]
2019-08-30 05:17:48,365 | INFO  | DNAudit | user=null | ip=null | op=WRITE_CHUNK {blockData=conID: 2 locID: 102704235695964712 bcsId: 0} | ret=SUCCESS |  
2019-08-30 05:17:48,365 | INFO  | DNAudit | user=null | ip=null | op=WRITE_CHUNK {blockData=conID: 2 locID: 102704235695964712 bcsId: 0} | ret=SUCCESS |  
2019-08-30 05:17:48,365 | INFO  | DNAudit | user=null | ip=null | op=PUT_BLOCK {blockData=[blockId=conID: 2 locID: 102704235695964712 bcsId: 0,size=2097152]} | ret=SUCCESS |  
2019-08-30 05:17:48,365 | INFO  | DNAudit | user=null | ip=null | op=PUT_BLOCK {blockData=[blockId=conID: 2 locID: 102704235695964712 bcsId: 0,size=2097152]} | ret=SUCCESS |  
2019-08-30 05:17:48,369 | INFO  | DNAudit | user=null | ip=null | op=WRITE_CHUNK {blockData=conID: 2 locID: 102704235695964712 bcsId: 3060} | ret=SUCCESS |  
2019-08-30 05:17:48,371 | INFO  | DNAudit | user=null | ip=null | op=WRITE_CHUNK {blockData=conID: 2 locID: 102704235695964712 bcsId: 3060} | ret=SUCCESS |  
2019-08-30 05:17:48,371 | INFO  | DNAudit | user=null | ip=null | op=WRITE_CHUNK {blockData=conID: 2 locID: 102704235695964712 bcsId: 3060} | ret=SUCCESS |  
2019-08-30 05:17:48,388 | INFO  | DNAudit | user=null | ip=null | op=WRITE_CHUNK {blockData=conID: 2 locID: 102704235695964712 bcsId: 3060} | ret=SUCCESS |  
2019-08-30 05:17:48,388 | INFO  | DNAudit | user=null | ip=null | op=PUT_BLOCK {blockData=[blockId=conID: 2 locID: 102704235695964712 bcsId: 0,size=3145728]} | ret=SUCCESS |  
2019-08-30 05:17:48,388 [grpc-default-executor-6] INFO  client.GrpcClientProtocolClient (GrpcClientProtocolClient.java:onNext(255)) - client-574492D41EE7->134d4672-e322-4e4b-b7f3-5645abb0fe8c: receive RaftClientReply:client-574492D41EE7->134d4672-e322-4e4b-b7f3-5645abb0fe8c@group-3CB1DFFBCDC2, cid=2092, SUCCESS, logIndex=3065, commits[134d4672-e322-4e4b-b7f3-5645abb0fe8c:c3066, 73af84f3-3e88-4c8c-894c-3ad307bcac8d:c3064, 730a25a1-dbec-44ed-975b-a44ab0096beb:c3064]
2019-08-30 05:17:48,388 [grpc-default-executor-6] INFO  client.GrpcClientProtocolClient (GrpcClientProtocolClient.java:onNext(255)) - client-574492D41EE7->134d4672-e322-4e4b-b7f3-5645abb0fe8c: receive RaftClientReply:client-574492D41EE7->134d4672-e322-4e4b-b7f3-5645abb0fe8c@group-3CB1DFFBCDC2, cid=2093, SUCCESS, logIndex=3066, commits[134d4672-e322-4e4b-b7f3-5645abb0fe8c:c3066, 73af84f3-3e88-4c8c-894c-3ad307bcac8d:c3064, 730a25a1-dbec-44ed-975b-a44ab0096beb:c3064]
2019-08-30 05:17:48,395 | INFO  | DNAudit | user=null | ip=null | op=WRITE_CHUNK {blockData=conID: 2 locID: 102704235695964712 bcsId: 3066} | ret=SUCCESS |  
2019-08-30 05:17:48,397 | INFO  | DNAudit | user=null | ip=null | op=WRITE_CHUNK {blockData=conID: 2 locID: 102704235695964712 bcsId: 3066} | ret=SUCCESS |  
2019-08-30 05:17:48,397 | INFO  | DNAudit | user=null | ip=null | op=WRITE_CHUNK {blockData=conID: 2 locID: 102704235695964712 bcsId: 3066} | ret=SUCCESS |  
2019-08-30 05:17:48,398 | INFO  | DNAudit | user=null | ip=null | op=WRITE_CHUNK {blockData=conID: 2 locID: 102704235695964712 bcsId: 3060} | ret=SUCCESS |  
2019-08-30 05:17:48,398 | INFO  | DNAudit | user=null | ip=null | op=WRITE_CHUNK {blockData=conID: 2 locID: 102704235695964712 bcsId: 3060} | ret=SUCCESS |  
2019-08-30 05:17:48,399 | INFO  | DNAudit | user=null | ip=null | op=PUT_BLOCK {blockData=[blockId=conID: 2 locID: 102704235695964712 bcsId: 0,size=3145728]} | ret=SUCCESS |  
2019-08-30 05:17:48,399 | INFO  | DNAudit | user=null | ip=null | op=PUT_BLOCK {blockData=[blockId=conID: 2 locID: 102704235695964712 bcsId: 0,size=3145728]} | ret=SUCCESS |  
2019-08-30 05:17:48,400 | INFO  | DNAudit | user=null | ip=null | op=WRITE_CHUNK {blockData=conID: 2 locID: 102704235695964712 bcsId: 3066} | ret=SUCCESS |  
2019-08-30 05:17:48,400 | INFO  | DNAudit | user=null | ip=null | op=PUT_BLOCK {blockData=[blockId=conID: 2 locID: 102704235695964712 bcsId: 0,size=4194304]} | ret=SUCCESS |  
2019-08-30 05:17:48,400 [grpc-default-executor-6] INFO  client.GrpcClientProtocolClient (GrpcClientProtocolClient.java:onNext(255)) - client-574492D41EE7->134d4672-e322-4e4b-b7f3-5645abb0fe8c: receive RaftClientReply:client-574492D41EE7->134d4672-e322-4e4b-b7f3-5645abb0fe8c@group-3CB1DFFBCDC2, cid=2094, SUCCESS, logIndex=3069, commits[134d4672-e322-4e4b-b7f3-5645abb0fe8c:c3070, 73af84f3-3e88-4c8c-894c-3ad307bcac8d:c3066, 730a25a1-dbec-44ed-975b-a44ab0096beb:c3066]
2019-08-30 05:17:48,401 [grpc-default-executor-6] INFO  client.GrpcClientProtocolClient (GrpcClientProtocolClient.java:onNext(255)) - client-574492D41EE7->134d4672-e322-4e4b-b7f3-5645abb0fe8c: receive RaftClientReply:client-574492D41EE7->134d4672-e322-4e4b-b7f3-5645abb0fe8c@group-3CB1DFFBCDC2, cid=2095, SUCCESS, logIndex=3070, commits[134d4672-e322-4e4b-b7f3-5645abb0fe8c:c3070, 73af84f3-3e88-4c8c-894c-3ad307bcac8d:c3066, 730a25a1-dbec-44ed-975b-a44ab0096beb:c3066]
2019-08-30 05:17:48,417 | INFO  | DNAudit | user=null | ip=null | op=WRITE_CHUNK {blockData=conID: 2 locID: 102704235695964712 bcsId: 3066} | ret=SUCCESS |  
2019-08-30 05:17:48,417 | INFO  | DNAudit | user=null | ip=null | op=PUT_BLOCK {blockData=[blockId=conID: 2 locID: 102704235695964712 bcsId: 0,size=4194304]} | ret=SUCCESS |  
2019-08-30 05:17:48,417 | INFO  | DNAudit | user=null | ip=null | op=WRITE_CHUNK {blockData=conID: 2 locID: 102704235695964712 bcsId: 3066} | ret=SUCCESS |  
2019-08-30 05:17:48,418 | INFO  | DNAudit | user=null | ip=null | op=PUT_BLOCK {blockData=[blockId=conID: 2 locID: 102704235695964712 bcsId: 0,size=4194304]} | ret=SUCCESS |  
2019-08-30 05:17:48,419 [grpc-default-executor-6] INFO  client.GrpcClientProtocolClient (GrpcClientProtocolClient.java:onNext(255)) - client-574492D41EE7->134d4672-e322-4e4b-b7f3-5645abb0fe8c: receive RaftClientReply:client-574492D41EE7->134d4672-e322-4e4b-b7f3-5645abb0fe8c@group-3CB1DFFBCDC2, cid=2096, SUCCESS, logIndex=0, commits[134d4672-e322-4e4b-b7f3-5645abb0fe8c:c3072, 73af84f3-3e88-4c8c-894c-3ad307bcac8d:c3070, 730a25a1-dbec-44ed-975b-a44ab0096beb:c3070]
2019-08-30 05:17:48,422 | INFO  | SCMAudit | user=jenkins1000 | ip=192.168.36.106 | op=ALLOCATE_BLOCK {owner=85755eb5-052d-48fa-b271-2fe4d8754e12, size=4194304, type=RATIS, factor=THREE} | ret=SUCCESS |  
2019-08-30 05:17:48,425 | INFO  | OMAudit | user=jenkins1000 | ip=127.0.0.1 | op=ALLOCATE_BLOCK {volume=vol-0-00977, bucket=bucket-0-44205, key=key-0-32850, dataSize=0, replicationType=null, replicationFactor=null, keyLocationInfo=null, clientID=102704234570776978} | ret=SUCCESS |  
2019-08-30 05:17:48,431 | INFO  | DNAudit | user=null | ip=null | op=WRITE_CHUNK {blockData=conID: 3 locID: 102704235703304745 bcsId: 0} | ret=SUCCESS |  
2019-08-30 05:17:48,433 | INFO  | DNAudit | user=null | ip=null | op=WRITE_CHUNK {blockData=conID: 3 locID: 102704235703304745 bcsId: 0} | ret=SUCCESS |  
2019-08-30 05:17:48,434 | INFO  | DNAudit | user=null | ip=null | op=WRITE_CHUNK {blockData=conID: 3 locID: 102704235703304745 bcsId: 0} | ret=SUCCESS |  
2019-08-30 05:17:48,434 | INFO  | DNAudit | user=null | ip=null | op=WRITE_CHUNK {blockData=conID: 3 locID: 102704235703304745 bcsId: 0} | ret=SUCCESS |  
2019-08-30 05:17:48,435 | INFO  | DNAudit | user=null | ip=null | op=WRITE_CHUNK {blockData=conID: 3 locID: 102704235703304745 bcsId: 0} | ret=SUCCESS |  
2019-08-30 05:17:48,435 | INFO  | DNAudit | user=null | ip=null | op=WRITE_CHUNK {blockData=conID: 3 locID: 102704235703304745 bcsId: 0} | ret=SUCCESS |  
2019-08-30 05:17:48,443 | INFO  | DNAudit | user=null | ip=null | op=WRITE_CHUNK {blockData=conID: 3 locID: 102704235703304745 bcsId: 0} | ret=SUCCESS |  
2019-08-30 05:17:48,444 | INFO  | DNAudit | user=null | ip=null | op=PUT_BLOCK {blockData=[blockId=conID: 3 locID: 102704235703304745 bcsId: 0,size=1048576]} | ret=SUCCESS |  
2019-08-30 05:17:48,444 | INFO  | DNAudit | user=null | ip=null | op=WRITE_CHUNK {blockData=conID: 3 locID: 102704235703304745 bcsId: 0} | ret=SUCCESS |  
2019-08-30 05:17:48,444 [grpc-default-executor-5] INFO  client.GrpcClientProtocolClient (GrpcClientProtocolClient.java:onNext(255)) - client-574492D41EE7->134d4672-e322-4e4b-b7f3-5645abb0fe8c: receive RaftClientReply:client-574492D41EE7->134d4672-e322-4e4b-b7f3-5645abb0fe8c@group-3CB1DFFBCDC2, cid=2097, SUCCESS, logIndex=3073, commits[134d4672-e322-4e4b-b7f3-5645abb0fe8c:c3075, 73af84f3-3e88-4c8c-894c-3ad307bcac8d:c3072, 730a25a1-dbec-44ed-975b-a44ab0096beb:c3072]
2019-08-30 05:17:48,444 | INFO  | DNAudit | user=null | ip=null | op=PUT_BLOCK {blockData=[blockId=conID: 3 locID: 102704235703304745 bcsId: 0,size=2097152]} | ret=SUCCESS |  
2019-08-30 05:17:48,444 [grpc-default-executor-5] INFO  client.GrpcClientProtocolClient (GrpcClientProtocolClient.java:onNext(255)) - client-574492D41EE7->134d4672-e322-4e4b-b7f3-5645abb0fe8c: receive RaftClientReply:client-574492D41EE7->134d4672-e322-4e4b-b7f3-5645abb0fe8c@group-3CB1DFFBCDC2, cid=2098, SUCCESS, logIndex=3074, commits[134d4672-e322-4e4b-b7f3-5645abb0fe8c:c3076, 73af84f3-3e88-4c8c-894c-3ad307bcac8d:c3072, 730a25a1-dbec-44ed-975b-a44ab0096beb:c3072]
2019-08-30 05:17:48,444 [grpc-default-executor-5] INFO  client.GrpcClientProtocolClient (GrpcClientProtocolClient.java:onNext(255)) - client-574492D41EE7->134d4672-e322-4e4b-b7f3-5645abb0fe8c: receive RaftClientReply:client-574492D41EE7->134d4672-e322-4e4b-b7f3-5645abb0fe8c@group-3CB1DFFBCDC2, cid=2099, SUCCESS, logIndex=3075, commits[134d4672-e322-4e4b-b7f3-5645abb0fe8c:c3076, 73af84f3-3e88-4c8c-894c-3ad307bcac8d:c3072, 730a25a1-dbec-44ed-975b-a44ab0096beb:c3072]
2019-08-30 05:17:48,444 [grpc-default-executor-5] INFO  client.GrpcClientProtocolClient (GrpcClientProtocolClient.java:onNext(255)) - client-574492D41EE7->134d4672-e322-4e4b-b7f3-5645abb0fe8c: receive RaftClientReply:client-574492D41EE7->134d4672-e322-4e4b-b7f3-5645abb0fe8c@group-3CB1DFFBCDC2, cid=2100, SUCCESS, logIndex=3076, commits[134d4672-e322-4e4b-b7f3-5645abb0fe8c:c3076, 73af84f3-3e88-4c8c-894c-3ad307bcac8d:c3072, 730a25a1-dbec-44ed-975b-a44ab0096beb:c3072]
2019-08-30 05:17:48,446 | INFO  | DNAudit | user=null | ip=null | op=WRITE_CHUNK {blockData=conID: 3 locID: 102704235703304745 bcsId: 0} | ret=SUCCESS |  
2019-08-30 05:17:48,446 | INFO  | DNAudit | user=null | ip=null | op=WRITE_CHUNK {blockData=conID: 3 locID: 102704235703304745 bcsId: 0} | ret=SUCCESS |  
2019-08-30 05:17:48,446 | INFO  | DNAudit | user=null | ip=null | op=PUT_BLOCK {blockData=[blockId=conID: 3 locID: 102704235703304745 bcsId: 0,size=1048576]} | ret=SUCCESS |  
2019-08-30 05:17:48,458 | INFO  | DNAudit | user=null | ip=null | op=PUT_BLOCK {blockData=[blockId=conID: 3 locID: 102704235703304745 bcsId: 0,size=1048576]} | ret=SUCCESS |  
2019-08-30 05:17:48,458 | INFO  | DNAudit | user=null | ip=null | op=WRITE_CHUNK {blockData=conID: 3 locID: 102704235703304745 bcsId: 0} | ret=SUCCESS |  
2019-08-30 05:17:48,458 | INFO  | DNAudit | user=null | ip=null | op=WRITE_CHUNK {blockData=conID: 3 locID: 102704235703304745 bcsId: 0} | ret=SUCCESS |  
2019-08-30 05:17:48,458 | INFO  | DNAudit | user=null | ip=null | op=PUT_BLOCK {blockData=[blockId=conID: 3 locID: 102704235703304745 bcsId: 0,size=2097152]} | ret=SUCCESS |  
2019-08-30 05:17:48,458 | INFO  | DNAudit | user=null | ip=null | op=PUT_BLOCK {blockData=[blockId=conID: 3 locID: 102704235703304745 bcsId: 0,size=2097152]} | ret=SUCCESS |  
2019-08-30 05:17:48,458 [grpc-default-executor-1] INFO  client.GrpcClientProtocolClient (GrpcClientProtocolClient.java:onNext(255)) - client-574492D41EE7->134d4672-e322-4e4b-b7f3-5645abb0fe8c: receive RaftClientReply:client-574492D41EE7->134d4672-e322-4e4b-b7f3-5645abb0fe8c@group-3CB1DFFBCDC2, cid=2101, SUCCESS, logIndex=0, commits[134d4672-e322-4e4b-b7f3-5645abb0fe8c:c3077, 73af84f3-3e88-4c8c-894c-3ad307bcac8d:c3074, 730a25a1-dbec-44ed-975b-a44ab0096beb:c3074]
2019-08-30 05:17:48,465 | INFO  | DNAudit | user=null | ip=null | op=WRITE_CHUNK {blockData=conID: 3 locID: 102704235703304745 bcsId: 3076} | ret=SUCCESS |  
2019-08-30 05:17:48,467 | INFO  | DNAudit | user=null | ip=null | op=WRITE_CHUNK {blockData=conID: 3 locID: 102704235703304745 bcsId: 3076} | ret=SUCCESS |  
2019-08-30 05:17:48,467 | INFO  | DNAudit | user=null | ip=null | op=WRITE_CHUNK {blockData=conID: 3 locID: 102704235703304745 bcsId: 3076} | ret=SUCCESS |  
2019-08-30 05:17:48,478 | INFO  | DNAudit | user=null | ip=null | op=WRITE_CHUNK {blockData=conID: 3 locID: 102704235703304745 bcsId: 3076} | ret=SUCCESS |  
2019-08-30 05:17:48,478 | INFO  | DNAudit | user=null | ip=null | op=PUT_BLOCK {blockData=[blockId=conID: 3 locID: 102704235703304745 bcsId: 0,size=3145728]} | ret=SUCCESS |  
2019-08-30 05:17:48,478 [grpc-default-executor-5] INFO  client.GrpcClientProtocolClient (GrpcClientProtocolClient.java:onNext(255)) - client-574492D41EE7->134d4672-e322-4e4b-b7f3-5645abb0fe8c: receive RaftClientReply:client-574492D41EE7->134d4672-e322-4e4b-b7f3-5645abb0fe8c@group-3CB1DFFBCDC2, cid=2102, SUCCESS, logIndex=3081, commits[134d4672-e322-4e4b-b7f3-5645abb0fe8c:c3082, 73af84f3-3e88-4c8c-894c-3ad307bcac8d:c3080, 730a25a1-dbec-44ed-975b-a44ab0096beb:c3080]
2019-08-30 05:17:48,478 [grpc-default-executor-5] INFO  client.GrpcClientProtocolClient (GrpcClientProtocolClient.java:onNext(255)) - client-574492D41EE7->134d4672-e322-4e4b-b7f3-5645abb0fe8c: receive RaftClientReply:client-574492D41EE7->134d4672-e322-4e4b-b7f3-5645abb0fe8c@group-3CB1DFFBCDC2, cid=2103, SUCCESS, logIndex=3082, commits[134d4672-e322-4e4b-b7f3-5645abb0fe8c:c3082, 73af84f3-3e88-4c8c-894c-3ad307bcac8d:c3080, 730a25a1-dbec-44ed-975b-a44ab0096beb:c3080]
2019-08-30 05:17:48,484 | INFO  | DNAudit | user=null | ip=null | op=WRITE_CHUNK {blockData=conID: 3 locID: 102704235703304745 bcsId: 3082} | ret=SUCCESS |  
2019-08-30 05:17:48,486 | INFO  | DNAudit | user=null | ip=null | op=WRITE_CHUNK {blockData=conID: 3 locID: 102704235703304745 bcsId: 3082} | ret=SUCCESS |  
2019-08-30 05:17:48,486 | INFO  | DNAudit | user=null | ip=null | op=WRITE_CHUNK {blockData=conID: 3 locID: 102704235703304745 bcsId: 3082} | ret=SUCCESS |  
2019-08-30 05:17:48,489 | INFO  | DNAudit | user=null | ip=null | op=WRITE_CHUNK {blockData=conID: 3 locID: 102704235703304745 bcsId: 3076} | ret=SUCCESS |  
2019-08-30 05:17:48,489 | INFO  | DNAudit | user=null | ip=null | op=WRITE_CHUNK {blockData=conID: 3 locID: 102704235703304745 bcsId: 3076} | ret=SUCCESS |  
2019-08-30 05:17:48,492 | INFO  | DNAudit | user=null | ip=null | op=PUT_BLOCK {blockData=[blockId=conID: 3 locID: 102704235703304745 bcsId: 0,size=3145728]} | ret=SUCCESS |  
2019-08-30 05:17:48,492 | INFO  | DNAudit | user=null | ip=null | op=PUT_BLOCK {blockData=[blockId=conID: 3 locID: 102704235703304745 bcsId: 0,size=3145728]} | ret=SUCCESS |  
2019-08-30 05:17:48,492 | INFO  | DNAudit | user=null | ip=null | op=WRITE_CHUNK {blockData=conID: 3 locID: 102704235703304745 bcsId: 3082} | ret=SUCCESS |  
2019-08-30 05:17:48,493 | INFO  | DNAudit | user=null | ip=null | op=PUT_BLOCK {blockData=[blockId=conID: 3 locID: 102704235703304745 bcsId: 0,size=4194304]} | ret=SUCCESS |  
2019-08-30 05:17:48,493 [grpc-default-executor-5] INFO  client.GrpcClientProtocolClient (GrpcClientProtocolClient.java:onNext(255)) - client-574492D41EE7->134d4672-e322-4e4b-b7f3-5645abb0fe8c: receive RaftClientReply:client-574492D41EE7->134d4672-e322-4e4b-b7f3-5645abb0fe8c@group-3CB1DFFBCDC2, cid=2104, SUCCESS, logIndex=3085, commits[134d4672-e322-4e4b-b7f3-5645abb0fe8c:c3086, 73af84f3-3e88-4c8c-894c-3ad307bcac8d:c3082, 730a25a1-dbec-44ed-975b-a44ab0096beb:c3082]
2019-08-30 05:17:48,493 [grpc-default-executor-5] INFO  client.GrpcClientProtocolClient (GrpcClientProtocolClient.java:onNext(255)) - client-574492D41EE7->134d4672-e322-4e4b-b7f3-5645abb0fe8c: receive RaftClientReply:client-574492D41EE7->134d4672-e322-4e4b-b7f3-5645abb0fe8c@group-3CB1DFFBCDC2, cid=2105, SUCCESS, logIndex=3086, commits[134d4672-e322-4e4b-b7f3-5645abb0fe8c:c3086, 73af84f3-3e88-4c8c-894c-3ad307bcac8d:c3082, 730a25a1-dbec-44ed-975b-a44ab0096beb:c3082]
2019-08-30 05:17:48,505 | INFO  | DNAudit | user=null | ip=null | op=WRITE_CHUNK {blockData=conID: 3 locID: 102704235703304745 bcsId: 3082} | ret=SUCCESS |  
2019-08-30 05:17:48,506 | INFO  | DNAudit | user=null | ip=null | op=WRITE_CHUNK {blockData=conID: 3 locID: 102704235703304745 bcsId: 3082} | ret=SUCCESS |  
2019-08-30 05:17:48,518 | INFO  | DNAudit | user=null | ip=null | op=PUT_BLOCK {blockData=[blockId=conID: 3 locID: 102704235703304745 bcsId: 0,size=4194304]} | ret=SUCCESS |  
2019-08-30 05:17:48,518 | INFO  | DNAudit | user=null | ip=null | op=PUT_BLOCK {blockData=[blockId=conID: 3 locID: 102704235703304745 bcsId: 0,size=4194304]} | ret=SUCCESS |  
2019-08-30 05:17:48,519 [grpc-default-executor-5] INFO  client.GrpcClientProtocolClient (GrpcClientProtocolClient.java:onNext(255)) - client-574492D41EE7->134d4672-e322-4e4b-b7f3-5645abb0fe8c: receive RaftClientReply:client-574492D41EE7->134d4672-e322-4e4b-b7f3-5645abb0fe8c@group-3CB1DFFBCDC2, cid=2106, SUCCESS, logIndex=0, commits[134d4672-e322-4e4b-b7f3-5645abb0fe8c:c3088, 73af84f3-3e88-4c8c-894c-3ad307bcac8d:c3086, 730a25a1-dbec-44ed-975b-a44ab0096beb:c3086]
2019-08-30 05:17:48,523 | INFO  | SCMAudit | user=jenkins1000 | ip=192.168.36.106 | op=ALLOCATE_BLOCK {owner=85755eb5-052d-48fa-b271-2fe4d8754e12, size=4194304, type=RATIS, factor=THREE} | ret=SUCCESS |  
2019-08-30 05:17:48,525 | INFO  | OMAudit | user=jenkins1000 | ip=127.0.0.1 | op=ALLOCATE_BLOCK {volume=vol-0-00977, bucket=bucket-0-44205, key=key-0-32850, dataSize=0, replicationType=null, replicationFactor=null, keyLocationInfo=null, clientID=102704234570776978} | ret=SUCCESS |  
2019-08-30 05:17:48,531 | INFO  | DNAudit | user=null | ip=null | op=WRITE_CHUNK {blockData=conID: 1 locID: 102704235709858346 bcsId: 0} | ret=SUCCESS |  
2019-08-30 05:17:48,533 | INFO  | DNAudit | user=null | ip=null | op=WRITE_CHUNK {blockData=conID: 1 locID: 102704235709858346 bcsId: 0} | ret=SUCCESS |  
2019-08-30 05:17:48,533 | INFO  | DNAudit | user=null | ip=null | op=WRITE_CHUNK {blockData=conID: 1 locID: 102704235709858346 bcsId: 0} | ret=SUCCESS |  
2019-08-30 05:17:48,533 | INFO  | DNAudit | user=null | ip=null | op=WRITE_CHUNK {blockData=conID: 1 locID: 102704235709858346 bcsId: 0} | ret=SUCCESS |  
2019-08-30 05:17:48,534 | INFO  | DNAudit | user=null | ip=null | op=WRITE_CHUNK {blockData=conID: 1 locID: 102704235709858346 bcsId: 0} | ret=SUCCESS |  
2019-08-30 05:17:48,535 | INFO  | DNAudit | user=null | ip=null | op=WRITE_CHUNK {blockData=conID: 1 locID: 102704235709858346 bcsId: 0} | ret=SUCCESS |  
2019-08-30 05:17:48,545 | INFO  | DNAudit | user=null | ip=null | op=WRITE_CHUNK {blockData=conID: 1 locID: 102704235709858346 bcsId: 0} | ret=SUCCESS |  
2019-08-30 05:17:48,545 | INFO  | DNAudit | user=null | ip=null | op=PUT_BLOCK {blockData=[blockId=conID: 1 locID: 102704235709858346 bcsId: 0,size=1048576]} | ret=SUCCESS |  
2019-08-30 05:17:48,545 [grpc-default-executor-5] INFO  client.GrpcClientProtocolClient (GrpcClientProtocolClient.java:onNext(255)) - client-574492D41EE7->134d4672-e322-4e4b-b7f3-5645abb0fe8c: receive RaftClientReply:client-574492D41EE7->134d4672-e322-4e4b-b7f3-5645abb0fe8c@group-3CB1DFFBCDC2, cid=2107, SUCCESS, logIndex=3089, commits[134d4672-e322-4e4b-b7f3-5645abb0fe8c:c3090, 73af84f3-3e88-4c8c-894c-3ad307bcac8d:c3088, 730a25a1-dbec-44ed-975b-a44ab0096beb:c3088]
2019-08-30 05:17:48,545 [grpc-default-executor-5] INFO  client.GrpcClientProtocolClient (GrpcClientProtocolClient.java:onNext(255)) - client-574492D41EE7->134d4672-e322-4e4b-b7f3-5645abb0fe8c: receive RaftClientReply:client-574492D41EE7->134d4672-e322-4e4b-b7f3-5645abb0fe8c@group-3CB1DFFBCDC2, cid=2108, SUCCESS, logIndex=3090, commits[134d4672-e322-4e4b-b7f3-5645abb0fe8c:c3090, 73af84f3-3e88-4c8c-894c-3ad307bcac8d:c3088, 730a25a1-dbec-44ed-975b-a44ab0096beb:c3088]
2019-08-30 05:17:48,555 | INFO  | DNAudit | user=null | ip=null | op=WRITE_CHUNK {blockData=conID: 1 locID: 102704235709858346 bcsId: 0} | ret=SUCCESS |  
2019-08-30 05:17:48,555 | INFO  | DNAudit | user=null | ip=null | op=PUT_BLOCK {blockData=[blockId=conID: 1 locID: 102704235709858346 bcsId: 0,size=2097152]} | ret=SUCCESS |  
2019-08-30 05:17:48,555 [grpc-default-executor-5] INFO  client.GrpcClientProtocolClient (GrpcClientProtocolClient.java:onNext(255)) - client-574492D41EE7->134d4672-e322-4e4b-b7f3-5645abb0fe8c: receive RaftClientReply:client-574492D41EE7->134d4672-e322-4e4b-b7f3-5645abb0fe8c@group-3CB1DFFBCDC2, cid=2109, SUCCESS, logIndex=3091, commits[134d4672-e322-4e4b-b7f3-5645abb0fe8c:c3092, 73af84f3-3e88-4c8c-894c-3ad307bcac8d:c3088, 730a25a1-dbec-44ed-975b-a44ab0096beb:c3088]
2019-08-30 05:17:48,556 [grpc-default-executor-5] INFO  client.GrpcClientProtocolClient (GrpcClientProtocolClient.java:onNext(255)) - client-574492D41EE7->134d4672-e322-4e4b-b7f3-5645abb0fe8c: receive RaftClientReply:client-574492D41EE7->134d4672-e322-4e4b-b7f3-5645abb0fe8c@group-3CB1DFFBCDC2, cid=2110, SUCCESS, logIndex=3092, commits[134d4672-e322-4e4b-b7f3-5645abb0fe8c:c3092, 73af84f3-3e88-4c8c-894c-3ad307bcac8d:c3088, 730a25a1-dbec-44ed-975b-a44ab0096beb:c3088]
2019-08-30 05:17:48,557 | INFO  | DNAudit | user=null | ip=null | op=WRITE_CHUNK {blockData=conID: 1 locID: 102704235709858346 bcsId: 0} | ret=SUCCESS |  
2019-08-30 05:17:48,557 | INFO  | DNAudit | user=null | ip=null | op=WRITE_CHUNK {blockData=conID: 1 locID: 102704235709858346 bcsId: 0} | ret=SUCCESS |  
2019-08-30 05:17:48,570 | INFO  | DNAudit | user=null | ip=null | op=PUT_BLOCK {blockData=[blockId=conID: 1 locID: 102704235709858346 bcsId: 0,size=1048576]} | ret=SUCCESS |  
2019-08-30 05:17:48,571 | INFO  | DNAudit | user=null | ip=null | op=PUT_BLOCK {blockData=[blockId=conID: 1 locID: 102704235709858346 bcsId: 0,size=1048576]} | ret=SUCCESS |  
2019-08-30 05:17:48,571 [grpc-default-executor-1] INFO  client.GrpcClientProtocolClient (GrpcClientProtocolClient.java:onNext(255)) - client-574492D41EE7->134d4672-e322-4e4b-b7f3-5645abb0fe8c: receive RaftClientReply:client-574492D41EE7->134d4672-e322-4e4b-b7f3-5645abb0fe8c@group-3CB1DFFBCDC2, cid=2111, SUCCESS, logIndex=0, commits[134d4672-e322-4e4b-b7f3-5645abb0fe8c:c3094, 73af84f3-3e88-4c8c-894c-3ad307bcac8d:c3090, 730a25a1-dbec-44ed-975b-a44ab0096beb:c3090]
2019-08-30 05:17:48,577 | INFO  | DNAudit | user=null | ip=null | op=WRITE_CHUNK {blockData=conID: 1 locID: 102704235709858346 bcsId: 3092} | ret=SUCCESS |  
2019-08-30 05:17:48,578 | INFO  | SCMAudit | user=jenkins1000 | ip=192.168.36.106 | op=SEND_HEARTBEAT {datanodeUUID=b91a4442-fd83-4a66-bee2-5c7959dbabc3, command=[]} | ret=SUCCESS |  
2019-08-30 05:17:48,579 | INFO  | DNAudit | user=null | ip=null | op=WRITE_CHUNK {blockData=conID: 1 locID: 102704235709858346 bcsId: 3092} | ret=SUCCESS |  
2019-08-30 05:17:48,579 | INFO  | DNAudit | user=null | ip=null | op=WRITE_CHUNK {blockData=conID: 1 locID: 102704235709858346 bcsId: 3092} | ret=SUCCESS |  
2019-08-30 05:17:48,590 | INFO  | DNAudit | user=null | ip=null | op=WRITE_CHUNK {blockData=conID: 1 locID: 102704235709858346 bcsId: 0} | ret=SUCCESS |  
2019-08-30 05:17:48,590 | INFO  | DNAudit | user=null | ip=null | op=WRITE_CHUNK {blockData=conID: 1 locID: 102704235709858346 bcsId: 0} | ret=SUCCESS |  
2019-08-30 05:17:48,590 | INFO  | DNAudit | user=null | ip=null | op=WRITE_CHUNK {blockData=conID: 1 locID: 102704235709858346 bcsId: 3092} | ret=SUCCESS |  
2019-08-30 05:17:48,590 | INFO  | DNAudit | user=null | ip=null | op=PUT_BLOCK {blockData=[blockId=conID: 1 locID: 102704235709858346 bcsId: 0,size=2097152]} | ret=SUCCESS |  
2019-08-30 05:17:48,590 | INFO  | DNAudit | user=null | ip=null | op=PUT_BLOCK {blockData=[blockId=conID: 1 locID: 102704235709858346 bcsId: 0,size=2097152]} | ret=SUCCESS |  
2019-08-30 05:17:48,591 | INFO  | DNAudit | user=null | ip=null | op=PUT_BLOCK {blockData=[blockId=conID: 1 locID: 102704235709858346 bcsId: 0,size=3145728]} | ret=SUCCESS |  
2019-08-30 05:17:48,591 [grpc-default-executor-1] INFO  client.GrpcClientProtocolClient (GrpcClientProtocolClient.java:onNext(255)) - client-574492D41EE7->134d4672-e322-4e4b-b7f3-5645abb0fe8c: receive RaftClientReply:client-574492D41EE7->134d4672-e322-4e4b-b7f3-5645abb0fe8c@group-3CB1DFFBCDC2, cid=2112, SUCCESS, logIndex=3097, commits[134d4672-e322-4e4b-b7f3-5645abb0fe8c:c3098, 73af84f3-3e88-4c8c-894c-3ad307bcac8d:c3096, 730a25a1-dbec-44ed-975b-a44ab0096beb:c3096]
2019-08-30 05:17:48,591 [grpc-default-executor-1] INFO  client.GrpcClientProtocolClient (GrpcClientProtocolClient.java:onNext(255)) - client-574492D41EE7->134d4672-e322-4e4b-b7f3-5645abb0fe8c: receive RaftClientReply:client-574492D41EE7->134d4672-e322-4e4b-b7f3-5645abb0fe8c@group-3CB1DFFBCDC2, cid=2113, SUCCESS, logIndex=3098, commits[134d4672-e322-4e4b-b7f3-5645abb0fe8c:c3098, 73af84f3-3e88-4c8c-894c-3ad307bcac8d:c3096, 730a25a1-dbec-44ed-975b-a44ab0096beb:c3096]
2019-08-30 05:17:48,597 | INFO  | DNAudit | user=null | ip=null | op=WRITE_CHUNK {blockData=conID: 1 locID: 102704235709858346 bcsId: 3098} | ret=SUCCESS |  
2019-08-30 05:17:48,599 | INFO  | DNAudit | user=null | ip=null | op=WRITE_CHUNK {blockData=conID: 1 locID: 102704235709858346 bcsId: 3098} | ret=SUCCESS |  
2019-08-30 05:17:48,599 | INFO  | DNAudit | user=null | ip=null | op=WRITE_CHUNK {blockData=conID: 1 locID: 102704235709858346 bcsId: 3098} | ret=SUCCESS |  
2019-08-30 05:17:48,606 | INFO  | DNAudit | user=null | ip=null | op=WRITE_CHUNK {blockData=conID: 1 locID: 102704235709858346 bcsId: 3092} | ret=SUCCESS |  
2019-08-30 05:17:48,606 | INFO  | DNAudit | user=null | ip=null | op=WRITE_CHUNK {blockData=conID: 1 locID: 102704235709858346 bcsId: 3092} | ret=SUCCESS |  
2019-08-30 05:17:48,616 | INFO  | DNAudit | user=null | ip=null | op=PUT_BLOCK {blockData=[blockId=conID: 1 locID: 102704235709858346 bcsId: 0,size=3145728]} | ret=SUCCESS |  
2019-08-30 05:17:48,616 | INFO  | DNAudit | user=null | ip=null | op=PUT_BLOCK {blockData=[blockId=conID: 1 locID: 102704235709858346 bcsId: 0,size=3145728]} | ret=SUCCESS |  
2019-08-30 05:17:48,616 | INFO  | DNAudit | user=null | ip=null | op=WRITE_CHUNK {blockData=conID: 1 locID: 102704235709858346 bcsId: 3098} | ret=SUCCESS |  
2019-08-30 05:17:48,616 | INFO  | DNAudit | user=null | ip=null | op=PUT_BLOCK {blockData=[blockId=conID: 1 locID: 102704235709858346 bcsId: 0,size=4194304]} | ret=SUCCESS |  
2019-08-30 05:17:48,616 [grpc-default-executor-3] INFO  client.GrpcClientProtocolClient (GrpcClientProtocolClient.java:onNext(255)) - client-574492D41EE7->134d4672-e322-4e4b-b7f3-5645abb0fe8c: receive RaftClientReply:client-574492D41EE7->134d4672-e322-4e4b-b7f3-5645abb0fe8c@group-3CB1DFFBCDC2, cid=2114, SUCCESS, logIndex=3101, commits[134d4672-e322-4e4b-b7f3-5645abb0fe8c:c3102, 73af84f3-3e88-4c8c-894c-3ad307bcac8d:c3097, 730a25a1-dbec-44ed-975b-a44ab0096beb:c3098]
2019-08-30 05:17:48,617 [grpc-default-executor-3] INFO  client.GrpcClientProtocolClient (GrpcClientProtocolClient.java:onNext(255)) - client-574492D41EE7->134d4672-e322-4e4b-b7f3-5645abb0fe8c: receive RaftClientReply:client-574492D41EE7->134d4672-e322-4e4b-b7f3-5645abb0fe8c@group-3CB1DFFBCDC2, cid=2115, SUCCESS, logIndex=3102, commits[134d4672-e322-4e4b-b7f3-5645abb0fe8c:c3102, 73af84f3-3e88-4c8c-894c-3ad307bcac8d:c3098, 730a25a1-dbec-44ed-975b-a44ab0096beb:c3098]
2019-08-30 05:17:48,617 | INFO  | DNAudit | user=null | ip=null | op=WRITE_CHUNK {blockData=conID: 1 locID: 102704235709858346 bcsId: 3098} | ret=SUCCESS |  
2019-08-30 05:17:48,618 | INFO  | DNAudit | user=null | ip=null | op=PUT_BLOCK {blockData=[blockId=conID: 1 locID: 102704235709858346 bcsId: 0,size=4194304]} | ret=SUCCESS |  
2019-08-30 05:17:48,618 | INFO  | DNAudit | user=null | ip=null | op=WRITE_CHUNK {blockData=conID: 1 locID: 102704235709858346 bcsId: 3098} | ret=SUCCESS |  
2019-08-30 05:17:48,618 | INFO  | DNAudit | user=null | ip=null | op=PUT_BLOCK {blockData=[blockId=conID: 1 locID: 102704235709858346 bcsId: 0,size=4194304]} | ret=SUCCESS |  
2019-08-30 05:17:48,618 [grpc-default-executor-3] INFO  client.GrpcClientProtocolClient (GrpcClientProtocolClient.java:onNext(255)) - client-574492D41EE7->134d4672-e322-4e4b-b7f3-5645abb0fe8c: receive RaftClientReply:client-574492D41EE7->134d4672-e322-4e4b-b7f3-5645abb0fe8c@group-3CB1DFFBCDC2, cid=2116, SUCCESS, logIndex=0, commits[134d4672-e322-4e4b-b7f3-5645abb0fe8c:c3103, 73af84f3-3e88-4c8c-894c-3ad307bcac8d:c3102, 730a25a1-dbec-44ed-975b-a44ab0096beb:c3102]
2019-08-30 05:17:48,624 | INFO  | SCMAudit | user=jenkins1000 | ip=192.168.36.106 | op=ALLOCATE_BLOCK {owner=85755eb5-052d-48fa-b271-2fe4d8754e12, size=4194304, type=RATIS, factor=THREE} | ret=SUCCESS |  
2019-08-30 05:17:48,626 | INFO  | OMAudit | user=jenkins1000 | ip=127.0.0.1 | op=ALLOCATE_BLOCK {volume=vol-0-00977, bucket=bucket-0-44205, key=key-0-32850, dataSize=0, replicationType=null, replicationFactor=null, keyLocationInfo=null, clientID=102704234570776978} | ret=SUCCESS |  
2019-08-30 05:17:48,633 | INFO  | DNAudit | user=null | ip=null | op=WRITE_CHUNK {blockData=conID: 2 locID: 102704235716477483 bcsId: 0} | ret=SUCCESS |  
2019-08-30 05:17:48,635 | INFO  | DNAudit | user=null | ip=null | op=WRITE_CHUNK {blockData=conID: 2 locID: 102704235716477483 bcsId: 0} | ret=SUCCESS |  
2019-08-30 05:17:48,635 | INFO  | DNAudit | user=null | ip=null | op=WRITE_CHUNK {blockData=conID: 2 locID: 102704235716477483 bcsId: 0} | ret=SUCCESS |  
2019-08-30 05:17:48,636 | INFO  | DNAudit | user=null | ip=null | op=WRITE_CHUNK {blockData=conID: 2 locID: 102704235716477483 bcsId: 0} | ret=SUCCESS |  
2019-08-30 05:17:48,636 | INFO  | DNAudit | user=null | ip=null | op=WRITE_CHUNK {blockData=conID: 2 locID: 102704235716477483 bcsId: 0} | ret=SUCCESS |  
2019-08-30 05:17:48,636 | INFO  | DNAudit | user=null | ip=null | op=WRITE_CHUNK {blockData=conID: 2 locID: 102704235716477483 bcsId: 0} | ret=SUCCESS |  
2019-08-30 05:17:48,646 | INFO  | DNAudit | user=null | ip=null | op=WRITE_CHUNK {blockData=conID: 2 locID: 102704235716477483 bcsId: 0} | ret=SUCCESS |  
2019-08-30 05:17:48,646 | INFO  | DNAudit | user=null | ip=null | op=PUT_BLOCK {blockData=[blockId=conID: 2 locID: 102704235716477483 bcsId: 0,size=1048576]} | ret=SUCCESS |  
2019-08-30 05:17:48,646 [grpc-default-executor-5] INFO  client.GrpcClientProtocolClient (GrpcClientProtocolClient.java:onNext(255)) - client-574492D41EE7->134d4672-e322-4e4b-b7f3-5645abb0fe8c: receive RaftClientReply:client-574492D41EE7->134d4672-e322-4e4b-b7f3-5645abb0fe8c@group-3CB1DFFBCDC2, cid=2117, SUCCESS, logIndex=3105, commits[134d4672-e322-4e4b-b7f3-5645abb0fe8c:c3105, 73af84f3-3e88-4c8c-894c-3ad307bcac8d:c3104, 730a25a1-dbec-44ed-975b-a44ab0096beb:c3104]
2019-08-30 05:17:48,646 | INFO  | DNAudit | user=null | ip=null | op=WRITE_CHUNK {blockData=conID: 2 locID: 102704235716477483 bcsId: 0} | ret=SUCCESS |  
2019-08-30 05:17:48,646 [grpc-default-executor-5] INFO  client.GrpcClientProtocolClient (GrpcClientProtocolClient.java:onNext(255)) - client-574492D41EE7->134d4672-e322-4e4b-b7f3-5645abb0fe8c: receive RaftClientReply:client-574492D41EE7->134d4672-e322-4e4b-b7f3-5645abb0fe8c@group-3CB1DFFBCDC2, cid=2118, SUCCESS, logIndex=3106, commits[134d4672-e322-4e4b-b7f3-5645abb0fe8c:c3108, 73af84f3-3e88-4c8c-894c-3ad307bcac8d:c3104, 730a25a1-dbec-44ed-975b-a44ab0096beb:c3104]
2019-08-30 05:17:48,647 | INFO  | DNAudit | user=null | ip=null | op=PUT_BLOCK {blockData=[blockId=conID: 2 locID: 102704235716477483 bcsId: 0,size=2097152]} | ret=SUCCESS |  
2019-08-30 05:17:48,647 [grpc-default-executor-5] INFO  client.GrpcClientProtocolClient (GrpcClientProtocolClient.java:onNext(255)) - client-574492D41EE7->134d4672-e322-4e4b-b7f3-5645abb0fe8c: receive RaftClientReply:client-574492D41EE7->134d4672-e322-4e4b-b7f3-5645abb0fe8c@group-3CB1DFFBCDC2, cid=2119, SUCCESS, logIndex=3107, commits[134d4672-e322-4e4b-b7f3-5645abb0fe8c:c3108, 73af84f3-3e88-4c8c-894c-3ad307bcac8d:c3104, 730a25a1-dbec-44ed-975b-a44ab0096beb:c3104]
2019-08-30 05:17:48,647 [grpc-default-executor-5] INFO  client.GrpcClientProtocolClient (GrpcClientProtocolClient.java:onNext(255)) - client-574492D41EE7->134d4672-e322-4e4b-b7f3-5645abb0fe8c: receive RaftClientReply:client-574492D41EE7->134d4672-e322-4e4b-b7f3-5645abb0fe8c@group-3CB1DFFBCDC2, cid=2120, SUCCESS, logIndex=3108, commits[134d4672-e322-4e4b-b7f3-5645abb0fe8c:c3108, 73af84f3-3e88-4c8c-894c-3ad307bcac8d:c3104, 730a25a1-dbec-44ed-975b-a44ab0096beb:c3104]
2019-08-30 05:17:48,657 | INFO  | DNAudit | user=null | ip=null | op=WRITE_CHUNK {blockData=conID: 2 locID: 102704235716477483 bcsId: 0} | ret=SUCCESS |  
2019-08-30 05:17:48,657 | INFO  | DNAudit | user=null | ip=null | op=WRITE_CHUNK {blockData=conID: 2 locID: 102704235716477483 bcsId: 0} | ret=SUCCESS |  
2019-08-30 05:17:48,659 | INFO  | DNAudit | user=null | ip=null | op=PUT_BLOCK {blockData=[blockId=conID: 2 locID: 102704235716477483 bcsId: 0,size=1048576]} | ret=SUCCESS |  
2019-08-30 05:17:48,659 | INFO  | DNAudit | user=null | ip=null | op=PUT_BLOCK {blockData=[blockId=conID: 2 locID: 102704235716477483 bcsId: 0,size=1048576]} | ret=SUCCESS |  
2019-08-30 05:17:48,659 | INFO  | DNAudit | user=null | ip=null | op=WRITE_CHUNK {blockData=conID: 2 locID: 102704235716477483 bcsId: 0} | ret=SUCCESS |  
2019-08-30 05:17:48,659 | INFO  | DNAudit | user=null | ip=null | op=WRITE_CHUNK {blockData=conID: 2 locID: 102704235716477483 bcsId: 0} | ret=SUCCESS |  
2019-08-30 05:17:48,659 [grpc-default-executor-5] INFO  client.GrpcClientProtocolClient (GrpcClientProtocolClient.java:onNext(255)) - client-574492D41EE7->134d4672-e322-4e4b-b7f3-5645abb0fe8c: receive RaftClientReply:client-574492D41EE7->134d4672-e322-4e4b-b7f3-5645abb0fe8c@group-3CB1DFFBCDC2, cid=2121, SUCCESS, logIndex=0, commits[134d4672-e322-4e4b-b7f3-5645abb0fe8c:c3110, 73af84f3-3e88-4c8c-894c-3ad307bcac8d:c3108, 730a25a1-dbec-44ed-975b-a44ab0096beb:c3108]
2019-08-30 05:17:48,660 | INFO  | DNAudit | user=null | ip=null | op=PUT_BLOCK {blockData=[blockId=conID: 2 locID: 102704235716477483 bcsId: 0,size=2097152]} | ret=SUCCESS |  
2019-08-30 05:17:48,660 | INFO  | DNAudit | user=null | ip=null | op=PUT_BLOCK {blockData=[blockId=conID: 2 locID: 102704235716477483 bcsId: 0,size=2097152]} | ret=SUCCESS |  
2019-08-30 05:17:48,665 | INFO  | DNAudit | user=null | ip=null | op=WRITE_CHUNK {blockData=conID: 2 locID: 102704235716477483 bcsId: 3108} | ret=SUCCESS |  
2019-08-30 05:17:48,667 | INFO  | DNAudit | user=null | ip=null | op=WRITE_CHUNK {blockData=conID: 2 locID: 102704235716477483 bcsId: 3108} | ret=SUCCESS |  
2019-08-30 05:17:48,667 | INFO  | DNAudit | user=null | ip=null | op=WRITE_CHUNK {blockData=conID: 2 locID: 102704235716477483 bcsId: 3108} | ret=SUCCESS |  
2019-08-30 05:17:48,678 | INFO  | DNAudit | user=null | ip=null | op=WRITE_CHUNK {blockData=conID: 2 locID: 102704235716477483 bcsId: 3108} | ret=SUCCESS |  
2019-08-30 05:17:48,678 | INFO  | DNAudit | user=null | ip=null | op=PUT_BLOCK {blockData=[blockId=conID: 2 locID: 102704235716477483 bcsId: 0,size=3145728]} | ret=SUCCESS |  
2019-08-30 05:17:48,678 [grpc-default-executor-6] INFO  client.GrpcClientProtocolClient (GrpcClientProtocolClient.java:onNext(255)) - client-574492D41EE7->134d4672-e322-4e4b-b7f3-5645abb0fe8c: receive RaftClientReply:client-574492D41EE7->134d4672-e322-4e4b-b7f3-5645abb0fe8c@group-3CB1DFFBCDC2, cid=2122, SUCCESS, logIndex=3111, commits[134d4672-e322-4e4b-b7f3-5645abb0fe8c:c3112, 73af84f3-3e88-4c8c-894c-3ad307bcac8d:c3110, 730a25a1-dbec-44ed-975b-a44ab0096beb:c3110]
2019-08-30 05:17:48,679 [grpc-default-executor-6] INFO  client.GrpcClientProtocolClient (GrpcClientProtocolClient.java:onNext(255)) - client-574492D41EE7->134d4672-e322-4e4b-b7f3-5645abb0fe8c: receive RaftClientReply:client-574492D41EE7->134d4672-e322-4e4b-b7f3-5645abb0fe8c@group-3CB1DFFBCDC2, cid=2123, SUCCESS, logIndex=3112, commits[134d4672-e322-4e4b-b7f3-5645abb0fe8c:c3112, 73af84f3-3e88-4c8c-894c-3ad307bcac8d:c3110, 730a25a1-dbec-44ed-975b-a44ab0096beb:c3110]
2019-08-30 05:17:48,684 | INFO  | DNAudit | user=null | ip=null | op=WRITE_CHUNK {blockData=conID: 2 locID: 102704235716477483 bcsId: 3112} | ret=SUCCESS |  
2019-08-30 05:17:48,686 | INFO  | DNAudit | user=null | ip=null | op=WRITE_CHUNK {blockData=conID: 2 locID: 102704235716477483 bcsId: 3112} | ret=SUCCESS |  
2019-08-30 05:17:48,686 | INFO  | DNAudit | user=null | ip=null | op=WRITE_CHUNK {blockData=conID: 2 locID: 102704235716477483 bcsId: 3112} | ret=SUCCESS |  
2019-08-30 05:17:48,691 | INFO  | DNAudit | user=null | ip=null | op=WRITE_CHUNK {blockData=conID: 2 locID: 102704235716477483 bcsId: 3108} | ret=SUCCESS |  
2019-08-30 05:17:48,691 | INFO  | DNAudit | user=null | ip=null | op=WRITE_CHUNK {blockData=conID: 2 locID: 102704235716477483 bcsId: 3108} | ret=SUCCESS |  
2019-08-30 05:17:48,691 | INFO  | DNAudit | user=null | ip=null | op=PUT_BLOCK {blockData=[blockId=conID: 2 locID: 102704235716477483 bcsId: 0,size=3145728]} | ret=SUCCESS |  
2019-08-30 05:17:48,691 | INFO  | DNAudit | user=null | ip=null | op=PUT_BLOCK {blockData=[blockId=conID: 2 locID: 102704235716477483 bcsId: 0,size=3145728]} | ret=SUCCESS |  
2019-08-30 05:17:48,704 | INFO  | DNAudit | user=null | ip=null | op=WRITE_CHUNK {blockData=conID: 2 locID: 102704235716477483 bcsId: 3112} | ret=SUCCESS |  
2019-08-30 05:17:48,705 | INFO  | DNAudit | user=null | ip=null | op=PUT_BLOCK {blockData=[blockId=conID: 2 locID: 102704235716477483 bcsId: 0,size=4194304]} | ret=SUCCESS |  
2019-08-30 05:17:48,705 [grpc-default-executor-3] INFO  client.GrpcClientProtocolClient (GrpcClientProtocolClient.java:onNext(255)) - client-574492D41EE7->134d4672-e322-4e4b-b7f3-5645abb0fe8c: receive RaftClientReply:client-574492D41EE7->134d4672-e322-4e4b-b7f3-5645abb0fe8c@group-3CB1DFFBCDC2, cid=2124, SUCCESS, logIndex=3115, commits[134d4672-e322-4e4b-b7f3-5645abb0fe8c:c3116, 73af84f3-3e88-4c8c-894c-3ad307bcac8d:c3112, 730a25a1-dbec-44ed-975b-a44ab0096beb:c3112]
2019-08-30 05:17:48,705 [grpc-default-executor-3] INFO  client.GrpcClientProtocolClient (GrpcClientProtocolClient.java:onNext(255)) - client-574492D41EE7->134d4672-e322-4e4b-b7f3-5645abb0fe8c: receive RaftClientReply:client-574492D41EE7->134d4672-e322-4e4b-b7f3-5645abb0fe8c@group-3CB1DFFBCDC2, cid=2125, SUCCESS, logIndex=3116, commits[134d4672-e322-4e4b-b7f3-5645abb0fe8c:c3116, 73af84f3-3e88-4c8c-894c-3ad307bcac8d:c3112, 730a25a1-dbec-44ed-975b-a44ab0096beb:c3112]
2019-08-30 05:17:48,716 | INFO  | DNAudit | user=null | ip=null | op=WRITE_CHUNK {blockData=conID: 2 locID: 102704235716477483 bcsId: 3112} | ret=SUCCESS |  
2019-08-30 05:17:48,716 | INFO  | DNAudit | user=null | ip=null | op=WRITE_CHUNK {blockData=conID: 2 locID: 102704235716477483 bcsId: 3112} | ret=SUCCESS |  
2019-08-30 05:17:48,719 | INFO  | DNAudit | user=null | ip=null | op=PUT_BLOCK {blockData=[blockId=conID: 2 locID: 102704235716477483 bcsId: 0,size=4194304]} | ret=SUCCESS |  
2019-08-30 05:17:48,719 | INFO  | DNAudit | user=null | ip=null | op=PUT_BLOCK {blockData=[blockId=conID: 2 locID: 102704235716477483 bcsId: 0,size=4194304]} | ret=SUCCESS |  
2019-08-30 05:17:48,719 [grpc-default-executor-1] INFO  client.GrpcClientProtocolClient (GrpcClientProtocolClient.java:onNext(255)) - client-574492D41EE7->134d4672-e322-4e4b-b7f3-5645abb0fe8c: receive RaftClientReply:client-574492D41EE7->134d4672-e322-4e4b-b7f3-5645abb0fe8c@group-3CB1DFFBCDC2, cid=2126, SUCCESS, logIndex=0, commits[134d4672-e322-4e4b-b7f3-5645abb0fe8c:c3118, 73af84f3-3e88-4c8c-894c-3ad307bcac8d:c3116, 730a25a1-dbec-44ed-975b-a44ab0096beb:c3116]
2019-08-30 05:17:48,724 | INFO  | SCMAudit | user=jenkins1000 | ip=192.168.36.106 | op=ALLOCATE_BLOCK {owner=85755eb5-052d-48fa-b271-2fe4d8754e12, size=4194304, type=RATIS, factor=THREE} | ret=SUCCESS |  
2019-08-30 05:17:48,726 | INFO  | OMAudit | user=jenkins1000 | ip=127.0.0.1 | op=ALLOCATE_BLOCK {volume=vol-0-00977, bucket=bucket-0-44205, key=key-0-32850, dataSize=0, replicationType=null, replicationFactor=null, keyLocationInfo=null, clientID=102704234570776978} | ret=SUCCESS |  
2019-08-30 05:17:48,733 | INFO  | DNAudit | user=null | ip=null | op=WRITE_CHUNK {blockData=conID: 3 locID: 102704235723096620 bcsId: 0} | ret=SUCCESS |  
2019-08-30 05:17:48,735 | INFO  | DNAudit | user=null | ip=null | op=WRITE_CHUNK {blockData=conID: 3 locID: 102704235723096620 bcsId: 0} | ret=SUCCESS |  
2019-08-30 05:17:48,735 | INFO  | DNAudit | user=null | ip=null | op=WRITE_CHUNK {blockData=conID: 3 locID: 102704235723096620 bcsId: 0} | ret=SUCCESS |  
2019-08-30 05:17:48,736 | INFO  | DNAudit | user=null | ip=null | op=WRITE_CHUNK {blockData=conID: 3 locID: 102704235723096620 bcsId: 0} | ret=SUCCESS |  
2019-08-30 05:17:48,737 | INFO  | DNAudit | user=null | ip=null | op=WRITE_CHUNK {blockData=conID: 3 locID: 102704235723096620 bcsId: 0} | ret=SUCCESS |  
2019-08-30 05:17:48,738 | INFO  | DNAudit | user=null | ip=null | op=WRITE_CHUNK {blockData=conID: 3 locID: 102704235723096620 bcsId: 0} | ret=SUCCESS |  
2019-08-30 05:17:48,747 | INFO  | DNAudit | user=null | ip=null | op=WRITE_CHUNK {blockData=conID: 3 locID: 102704235723096620 bcsId: 0} | ret=SUCCESS |  
2019-08-30 05:17:48,747 | INFO  | DNAudit | user=null | ip=null | op=PUT_BLOCK {blockData=[blockId=conID: 3 locID: 102704235723096620 bcsId: 0,size=1048576]} | ret=SUCCESS |  
2019-08-30 05:17:48,747 [grpc-default-executor-3] INFO  client.GrpcClientProtocolClient (GrpcClientProtocolClient.java:onNext(255)) - client-574492D41EE7->134d4672-e322-4e4b-b7f3-5645abb0fe8c: receive RaftClientReply:client-574492D41EE7->134d4672-e322-4e4b-b7f3-5645abb0fe8c@group-3CB1DFFBCDC2, cid=2127, SUCCESS, logIndex=3119, commits[134d4672-e322-4e4b-b7f3-5645abb0fe8c:c3120, 73af84f3-3e88-4c8c-894c-3ad307bcac8d:c3118, 730a25a1-dbec-44ed-975b-a44ab0096beb:c3118]
2019-08-30 05:17:48,748 [grpc-default-executor-3] INFO  client.GrpcClientProtocolClient (GrpcClientProtocolClient.java:onNext(255)) - client-574492D41EE7->134d4672-e322-4e4b-b7f3-5645abb0fe8c: receive RaftClientReply:client-574492D41EE7->134d4672-e322-4e4b-b7f3-5645abb0fe8c@group-3CB1DFFBCDC2, cid=2128, SUCCESS, logIndex=3120, commits[134d4672-e322-4e4b-b7f3-5645abb0fe8c:c3120, 73af84f3-3e88-4c8c-894c-3ad307bcac8d:c3118, 730a25a1-dbec-44ed-975b-a44ab0096beb:c3118]
2019-08-30 05:17:48,759 | INFO  | DNAudit | user=null | ip=null | op=WRITE_CHUNK {blockData=conID: 3 locID: 102704235723096620 bcsId: 0} | ret=SUCCESS |  
2019-08-30 05:17:48,760 | INFO  | DNAudit | user=null | ip=null | op=PUT_BLOCK {blockData=[blockId=conID: 3 locID: 102704235723096620 bcsId: 0,size=2097152]} | ret=SUCCESS |  
2019-08-30 05:17:48,760 [grpc-default-executor-6] INFO  client.GrpcClientProtocolClient (GrpcClientProtocolClient.java:onNext(255)) - client-574492D41EE7->134d4672-e322-4e4b-b7f3-5645abb0fe8c: receive RaftClientReply:client-574492D41EE7->134d4672-e322-4e4b-b7f3-5645abb0fe8c@group-3CB1DFFBCDC2, cid=2129, SUCCESS, logIndex=3121, commits[134d4672-e322-4e4b-b7f3-5645abb0fe8c:c3122, 73af84f3-3e88-4c8c-894c-3ad307bcac8d:c3118, 730a25a1-dbec-44ed-975b-a44ab0096beb:c3118]
2019-08-30 05:17:48,760 [grpc-default-executor-6] INFO  client.GrpcClientProtocolClient (GrpcClientProtocolClient.java:onNext(255)) - client-574492D41EE7->134d4672-e322-4e4b-b7f3-5645abb0fe8c: receive RaftClientReply:client-574492D41EE7->134d4672-e322-4e4b-b7f3-5645abb0fe8c@group-3CB1DFFBCDC2, cid=2130, SUCCESS, logIndex=3122, commits[134d4672-e322-4e4b-b7f3-5645abb0fe8c:c3122, 73af84f3-3e88-4c8c-894c-3ad307bcac8d:c3118, 730a25a1-dbec-44ed-975b-a44ab0096beb:c3118]
2019-08-30 05:17:48,772 | INFO  | DNAudit | user=null | ip=null | op=WRITE_CHUNK {blockData=conID: 3 locID: 102704235723096620 bcsId: 0} | ret=SUCCESS |  
2019-08-30 05:17:48,772 | INFO  | DNAudit | user=null | ip=null | op=WRITE_CHUNK {blockData=conID: 3 locID: 102704235723096620 bcsId: 0} | ret=SUCCESS |  
2019-08-30 05:17:48,773 | INFO  | DNAudit | user=null | ip=null | op=PUT_BLOCK {blockData=[blockId=conID: 3 locID: 102704235723096620 bcsId: 0,size=1048576]} | ret=SUCCESS |  
2019-08-30 05:17:48,773 | INFO  | DNAudit | user=null | ip=null | op=PUT_BLOCK {blockData=[blockId=conID: 3 locID: 102704235723096620 bcsId: 0,size=1048576]} | ret=SUCCESS |  
2019-08-30 05:17:48,773 [grpc-default-executor-6] INFO  client.GrpcClientProtocolClient (GrpcClientProtocolClient.java:onNext(255)) - client-574492D41EE7->134d4672-e322-4e4b-b7f3-5645abb0fe8c: receive RaftClientReply:client-574492D41EE7->134d4672-e322-4e4b-b7f3-5645abb0fe8c@group-3CB1DFFBCDC2, cid=2131, SUCCESS, logIndex=0, commits[134d4672-e322-4e4b-b7f3-5645abb0fe8c:c3124, 73af84f3-3e88-4c8c-894c-3ad307bcac8d:c3120, 730a25a1-dbec-44ed-975b-a44ab0096beb:c3120]
2019-08-30 05:17:48,779 | INFO  | DNAudit | user=null | ip=null | op=WRITE_CHUNK {blockData=conID: 3 locID: 102704235723096620 bcsId: 3122} | ret=SUCCESS |  
2019-08-30 05:17:48,781 | INFO  | DNAudit | user=null | ip=null | op=WRITE_CHUNK {blockData=conID: 3 locID: 102704235723096620 bcsId: 3122} | ret=SUCCESS |  
2019-08-30 05:17:48,781 | INFO  | DNAudit | user=null | ip=null | op=WRITE_CHUNK {blockData=conID: 3 locID: 102704235723096620 bcsId: 3122} | ret=SUCCESS |  
2019-08-30 05:17:48,785 | INFO  | DNAudit | user=null | ip=null | op=WRITE_CHUNK {blockData=conID: 3 locID: 102704235723096620 bcsId: 0} | ret=SUCCESS |  
2019-08-30 05:17:48,785 | INFO  | DNAudit | user=null | ip=null | op=WRITE_CHUNK {blockData=conID: 3 locID: 102704235723096620 bcsId: 0} | ret=SUCCESS |  
2019-08-30 05:17:48,785 | INFO  | DNAudit | user=null | ip=null | op=PUT_BLOCK {blockData=[blockId=conID: 3 locID: 102704235723096620 bcsId: 0,size=2097152]} | ret=SUCCESS |  
2019-08-30 05:17:48,785 | INFO  | DNAudit | user=null | ip=null | op=PUT_BLOCK {blockData=[blockId=conID: 3 locID: 102704235723096620 bcsId: 0,size=2097152]} | ret=SUCCESS |  
2019-08-30 05:17:48,798 | INFO  | DNAudit | user=null | ip=null | op=WRITE_CHUNK {blockData=conID: 3 locID: 102704235723096620 bcsId: 3122} | ret=SUCCESS |  
2019-08-30 05:17:48,798 | INFO  | DNAudit | user=null | ip=null | op=PUT_BLOCK {blockData=[blockId=conID: 3 locID: 102704235723096620 bcsId: 0,size=3145728]} | ret=SUCCESS |  
2019-08-30 05:17:48,799 [grpc-default-executor-1] INFO  client.GrpcClientProtocolClient (GrpcClientProtocolClient.java:onNext(255)) - client-574492D41EE7->134d4672-e322-4e4b-b7f3-5645abb0fe8c: receive RaftClientReply:client-574492D41EE7->134d4672-e322-4e4b-b7f3-5645abb0fe8c@group-3CB1DFFBCDC2, cid=2132, SUCCESS, logIndex=3127, commits[134d4672-e322-4e4b-b7f3-5645abb0fe8c:c3128, 73af84f3-3e88-4c8c-894c-3ad307bcac8d:c3124, 730a25a1-dbec-44ed-975b-a44ab0096beb:c3124]
2019-08-30 05:17:48,799 [grpc-default-executor-1] INFO  client.GrpcClientProtocolClient (GrpcClientProtocolClient.java:onNext(255)) - client-574492D41EE7->134d4672-e322-4e4b-b7f3-5645abb0fe8c: receive RaftClientReply:client-574492D41EE7->134d4672-e322-4e4b-b7f3-5645abb0fe8c@group-3CB1DFFBCDC2, cid=2133, SUCCESS, logIndex=3128, commits[134d4672-e322-4e4b-b7f3-5645abb0fe8c:c3128, 73af84f3-3e88-4c8c-894c-3ad307bcac8d:c3124, 730a25a1-dbec-44ed-975b-a44ab0096beb:c3124]
2019-08-30 05:17:48,805 | INFO  | DNAudit | user=null | ip=null | op=WRITE_CHUNK {blockData=conID: 3 locID: 102704235723096620 bcsId: 3128} | ret=SUCCESS |  
2019-08-30 05:17:48,807 | INFO  | DNAudit | user=null | ip=null | op=WRITE_CHUNK {blockData=conID: 3 locID: 102704235723096620 bcsId: 3128} | ret=SUCCESS |  
2019-08-30 05:17:48,808 | INFO  | DNAudit | user=null | ip=null | op=WRITE_CHUNK {blockData=conID: 3 locID: 102704235723096620 bcsId: 3128} | ret=SUCCESS |  
2019-08-30 05:17:48,811 | INFO  | DNAudit | user=null | ip=null | op=WRITE_CHUNK {blockData=conID: 3 locID: 102704235723096620 bcsId: 3122} | ret=SUCCESS |  
2019-08-30 05:17:48,811 | INFO  | DNAudit | user=null | ip=null | op=WRITE_CHUNK {blockData=conID: 3 locID: 102704235723096620 bcsId: 3122} | ret=SUCCESS |  
2019-08-30 05:17:48,830 | INFO  | DNAudit | user=null | ip=null | op=PUT_BLOCK {blockData=[blockId=conID: 3 locID: 102704235723096620 bcsId: 0,size=3145728]} | ret=SUCCESS |  
2019-08-30 05:17:48,831 | INFO  | DNAudit | user=null | ip=null | op=PUT_BLOCK {blockData=[blockId=conID: 3 locID: 102704235723096620 bcsId: 0,size=3145728]} | ret=SUCCESS |  
2019-08-30 05:17:48,831 | INFO  | DNAudit | user=null | ip=null | op=WRITE_CHUNK {blockData=conID: 3 locID: 102704235723096620 bcsId: 3128} | ret=SUCCESS |  
2019-08-30 05:17:48,831 | INFO  | DNAudit | user=null | ip=null | op=PUT_BLOCK {blockData=[blockId=conID: 3 locID: 102704235723096620 bcsId: 0,size=4194304]} | ret=SUCCESS |  
2019-08-30 05:17:48,831 [grpc-default-executor-6] INFO  client.GrpcClientProtocolClient (GrpcClientProtocolClient.java:onNext(255)) - client-574492D41EE7->134d4672-e322-4e4b-b7f3-5645abb0fe8c: receive RaftClientReply:client-574492D41EE7->134d4672-e322-4e4b-b7f3-5645abb0fe8c@group-3CB1DFFBCDC2, cid=2134, SUCCESS, logIndex=3131, commits[134d4672-e322-4e4b-b7f3-5645abb0fe8c:c3131, 73af84f3-3e88-4c8c-894c-3ad307bcac8d:c3128, 730a25a1-dbec-44ed-975b-a44ab0096beb:c3128]
2019-08-30 05:17:48,832 [grpc-default-executor-6] INFO  client.GrpcClientProtocolClient (GrpcClientProtocolClient.java:onNext(255)) - client-574492D41EE7->134d4672-e322-4e4b-b7f3-5645abb0fe8c: receive RaftClientReply:client-574492D41EE7->134d4672-e322-4e4b-b7f3-5645abb0fe8c@group-3CB1DFFBCDC2, cid=2135, SUCCESS, logIndex=3132, commits[134d4672-e322-4e4b-b7f3-5645abb0fe8c:c3132, 73af84f3-3e88-4c8c-894c-3ad307bcac8d:c3128, 730a25a1-dbec-44ed-975b-a44ab0096beb:c3128]
2019-08-30 05:17:48,849 | INFO  | DNAudit | user=null | ip=null | op=WRITE_CHUNK {blockData=conID: 3 locID: 102704235723096620 bcsId: 3128} | ret=SUCCESS |  
2019-08-30 05:17:48,849 | INFO  | DNAudit | user=null | ip=null | op=WRITE_CHUNK {blockData=conID: 3 locID: 102704235723096620 bcsId: 3128} | ret=SUCCESS |  
2019-08-30 05:17:48,851 | INFO  | DNAudit | user=null | ip=null | op=PUT_BLOCK {blockData=[blockId=conID: 3 locID: 102704235723096620 bcsId: 0,size=4194304]} | ret=SUCCESS |  
2019-08-30 05:17:48,851 | INFO  | DNAudit | user=null | ip=null | op=PUT_BLOCK {blockData=[blockId=conID: 3 locID: 102704235723096620 bcsId: 0,size=4194304]} | ret=SUCCESS |  
2019-08-30 05:17:48,851 [grpc-default-executor-3] INFO  client.GrpcClientProtocolClient (GrpcClientProtocolClient.java:onNext(255)) - client-574492D41EE7->134d4672-e322-4e4b-b7f3-5645abb0fe8c: receive RaftClientReply:client-574492D41EE7->134d4672-e322-4e4b-b7f3-5645abb0fe8c@group-3CB1DFFBCDC2, cid=2136, SUCCESS, logIndex=0, commits[134d4672-e322-4e4b-b7f3-5645abb0fe8c:c3134, 73af84f3-3e88-4c8c-894c-3ad307bcac8d:c3132, 730a25a1-dbec-44ed-975b-a44ab0096beb:c3132]
2019-08-30 05:17:48,856 | INFO  | SCMAudit | user=jenkins1000 | ip=192.168.36.106 | op=ALLOCATE_BLOCK {owner=85755eb5-052d-48fa-b271-2fe4d8754e12, size=4194304, type=RATIS, factor=THREE} | ret=SUCCESS |  
2019-08-30 05:17:48,859 | INFO  | OMAudit | user=jenkins1000 | ip=127.0.0.1 | op=ALLOCATE_BLOCK {volume=vol-0-00977, bucket=bucket-0-44205, key=key-0-32850, dataSize=0, replicationType=null, replicationFactor=null, keyLocationInfo=null, clientID=102704234570776978} | ret=SUCCESS |  
2019-08-30 05:17:48,865 | INFO  | DNAudit | user=null | ip=null | op=WRITE_CHUNK {blockData=conID: 1 locID: 102704235731747373 bcsId: 0} | ret=SUCCESS |  
2019-08-30 05:17:48,869 | INFO  | DNAudit | user=null | ip=null | op=WRITE_CHUNK {blockData=conID: 1 locID: 102704235731747373 bcsId: 0} | ret=SUCCESS |  
2019-08-30 05:17:48,869 | INFO  | DNAudit | user=null | ip=null | op=WRITE_CHUNK {blockData=conID: 1 locID: 102704235731747373 bcsId: 0} | ret=SUCCESS |  
2019-08-30 05:17:48,869 | INFO  | DNAudit | user=null | ip=null | op=WRITE_CHUNK {blockData=conID: 1 locID: 102704235731747373 bcsId: 0} | ret=SUCCESS |  
2019-08-30 05:17:48,870 | INFO  | DNAudit | user=null | ip=null | op=WRITE_CHUNK {blockData=conID: 1 locID: 102704235731747373 bcsId: 0} | ret=SUCCESS |  
2019-08-30 05:17:48,871 | INFO  | DNAudit | user=null | ip=null | op=WRITE_CHUNK {blockData=conID: 1 locID: 102704235731747373 bcsId: 0} | ret=SUCCESS |  
2019-08-30 05:17:48,879 | INFO  | DNAudit | user=null | ip=null | op=WRITE_CHUNK {blockData=conID: 1 locID: 102704235731747373 bcsId: 0} | ret=SUCCESS |  
2019-08-30 05:17:48,879 | INFO  | DNAudit | user=null | ip=null | op=PUT_BLOCK {blockData=[blockId=conID: 1 locID: 102704235731747373 bcsId: 0,size=1048576]} | ret=SUCCESS |  
2019-08-30 05:17:48,879 [grpc-default-executor-5] INFO  client.GrpcClientProtocolClient (GrpcClientProtocolClient.java:onNext(255)) - client-574492D41EE7->134d4672-e322-4e4b-b7f3-5645abb0fe8c: receive RaftClientReply:client-574492D41EE7->134d4672-e322-4e4b-b7f3-5645abb0fe8c@group-3CB1DFFBCDC2, cid=2137, SUCCESS, logIndex=3135, commits[134d4672-e322-4e4b-b7f3-5645abb0fe8c:c3136, 73af84f3-3e88-4c8c-894c-3ad307bcac8d:c3134, 730a25a1-dbec-44ed-975b-a44ab0096beb:c3134]
2019-08-30 05:17:48,880 | INFO  | DNAudit | user=null | ip=null | op=WRITE_CHUNK {blockData=conID: 1 locID: 102704235731747373 bcsId: 0} | ret=SUCCESS |  
2019-08-30 05:17:48,880 [grpc-default-executor-5] INFO  client.GrpcClientProtocolClient (GrpcClientProtocolClient.java:onNext(255)) - client-574492D41EE7->134d4672-e322-4e4b-b7f3-5645abb0fe8c: receive RaftClientReply:client-574492D41EE7->134d4672-e322-4e4b-b7f3-5645abb0fe8c@group-3CB1DFFBCDC2, cid=2138, SUCCESS, logIndex=3136, commits[134d4672-e322-4e4b-b7f3-5645abb0fe8c:c3138, 73af84f3-3e88-4c8c-894c-3ad307bcac8d:c3134, 730a25a1-dbec-44ed-975b-a44ab0096beb:c3134]
2019-08-30 05:17:48,880 | INFO  | DNAudit | user=null | ip=null | op=WRITE_CHUNK {blockData=conID: 1 locID: 102704235731747373 bcsId: 0} | ret=SUCCESS |  
2019-08-30 05:17:48,881 | INFO  | DNAudit | user=null | ip=null | op=PUT_BLOCK {blockData=[blockId=conID: 1 locID: 102704235731747373 bcsId: 0,size=2097152]} | ret=SUCCESS |  
2019-08-30 05:17:48,881 [grpc-default-executor-5] INFO  client.GrpcClientProtocolClient (GrpcClientProtocolClient.java:onNext(255)) - client-574492D41EE7->134d4672-e322-4e4b-b7f3-5645abb0fe8c: receive RaftClientReply:client-574492D41EE7->134d4672-e322-4e4b-b7f3-5645abb0fe8c@group-3CB1DFFBCDC2, cid=2139, SUCCESS, logIndex=3137, commits[134d4672-e322-4e4b-b7f3-5645abb0fe8c:c3138, 73af84f3-3e88-4c8c-894c-3ad307bcac8d:c3134, 730a25a1-dbec-44ed-975b-a44ab0096beb:c3134]
2019-08-30 05:17:48,881 | INFO  | DNAudit | user=null | ip=null | op=WRITE_CHUNK {blockData=conID: 1 locID: 102704235731747373 bcsId: 0} | ret=SUCCESS |  
2019-08-30 05:17:48,881 | INFO  | DNAudit | user=null | ip=null | op=PUT_BLOCK {blockData=[blockId=conID: 1 locID: 102704235731747373 bcsId: 0,size=1048576]} | ret=SUCCESS |  
2019-08-30 05:17:48,881 [grpc-default-executor-3] INFO  client.GrpcClientProtocolClient (GrpcClientProtocolClient.java:onNext(255)) - client-574492D41EE7->134d4672-e322-4e4b-b7f3-5645abb0fe8c: receive RaftClientReply:client-574492D41EE7->134d4672-e322-4e4b-b7f3-5645abb0fe8c@group-3CB1DFFBCDC2, cid=2140, SUCCESS, logIndex=3138, commits[134d4672-e322-4e4b-b7f3-5645abb0fe8c:c3139, 73af84f3-3e88-4c8c-894c-3ad307bcac8d:c3135, 730a25a1-dbec-44ed-975b-a44ab0096beb:c3134]
2019-08-30 05:17:48,883 | INFO  | DNAudit | user=null | ip=null | op=PUT_BLOCK {blockData=[blockId=conID: 1 locID: 102704235731747373 bcsId: 0,size=1048576]} | ret=SUCCESS |  
2019-08-30 05:17:48,884 | INFO  | DNAudit | user=null | ip=null | op=WRITE_CHUNK {blockData=conID: 1 locID: 102704235731747373 bcsId: 0} | ret=SUCCESS |  
2019-08-30 05:17:48,884 | INFO  | DNAudit | user=null | ip=null | op=PUT_BLOCK {blockData=[blockId=conID: 1 locID: 102704235731747373 bcsId: 0,size=2097152]} | ret=SUCCESS |  
2019-08-30 05:17:48,884 [grpc-default-executor-3] INFO  client.GrpcClientProtocolClient (GrpcClientProtocolClient.java:onNext(255)) - client-574492D41EE7->134d4672-e322-4e4b-b7f3-5645abb0fe8c: receive RaftClientReply:client-574492D41EE7->134d4672-e322-4e4b-b7f3-5645abb0fe8c@group-3CB1DFFBCDC2, cid=2141, SUCCESS, logIndex=0, commits[134d4672-e322-4e4b-b7f3-5645abb0fe8c:c3140, 73af84f3-3e88-4c8c-894c-3ad307bcac8d:c3136, 730a25a1-dbec-44ed-975b-a44ab0096beb:c3136]
2019-08-30 05:17:48,885 | INFO  | DNAudit | user=null | ip=null | op=WRITE_CHUNK {blockData=conID: 1 locID: 102704235731747373 bcsId: 0} | ret=SUCCESS |  
2019-08-30 05:17:48,885 | INFO  | DNAudit | user=null | ip=null | op=PUT_BLOCK {blockData=[blockId=conID: 1 locID: 102704235731747373 bcsId: 0,size=2097152]} | ret=SUCCESS |  
2019-08-30 05:17:48,890 | INFO  | DNAudit | user=null | ip=null | op=WRITE_CHUNK {blockData=conID: 1 locID: 102704235731747373 bcsId: 3138} | ret=SUCCESS |  
2019-08-30 05:17:48,893 | INFO  | DNAudit | user=null | ip=null | op=WRITE_CHUNK {blockData=conID: 1 locID: 102704235731747373 bcsId: 3138} | ret=SUCCESS |  
2019-08-30 05:17:48,893 | INFO  | DNAudit | user=null | ip=null | op=WRITE_CHUNK {blockData=conID: 1 locID: 102704235731747373 bcsId: 3138} | ret=SUCCESS |  
2019-08-30 05:17:48,895 | INFO  | DNAudit | user=null | ip=null | op=WRITE_CHUNK {blockData=conID: 1 locID: 102704235731747373 bcsId: 3138} | ret=SUCCESS |  
2019-08-30 05:17:48,895 | INFO  | DNAudit | user=null | ip=null | op=PUT_BLOCK {blockData=[blockId=conID: 1 locID: 102704235731747373 bcsId: 0,size=3145728]} | ret=SUCCESS |  
2019-08-30 05:17:48,895 [grpc-default-executor-3] INFO  client.GrpcClientProtocolClient (GrpcClientProtocolClient.java:onNext(255)) - client-574492D41EE7->134d4672-e322-4e4b-b7f3-5645abb0fe8c: receive RaftClientReply:client-574492D41EE7->134d4672-e322-4e4b-b7f3-5645abb0fe8c@group-3CB1DFFBCDC2, cid=2142, SUCCESS, logIndex=3143, commits[134d4672-e322-4e4b-b7f3-5645abb0fe8c:c3144, 73af84f3-3e88-4c8c-894c-3ad307bcac8d:c3142, 730a25a1-dbec-44ed-975b-a44ab0096beb:c3142]
2019-08-30 05:17:48,896 [grpc-default-executor-3] INFO  client.GrpcClientProtocolClient (GrpcClientProtocolClient.java:onNext(255)) - client-574492D41EE7->134d4672-e322-4e4b-b7f3-5645abb0fe8c: receive RaftClientReply:client-574492D41EE7->134d4672-e322-4e4b-b7f3-5645abb0fe8c@group-3CB1DFFBCDC2, cid=2143, SUCCESS, logIndex=3144, commits[134d4672-e322-4e4b-b7f3-5645abb0fe8c:c3144, 73af84f3-3e88-4c8c-894c-3ad307bcac8d:c3142, 730a25a1-dbec-44ed-975b-a44ab0096beb:c3142]
2019-08-30 05:17:48,898 | INFO  | DNAudit | user=null | ip=null | op=WRITE_CHUNK {blockData=conID: 1 locID: 102704235731747373 bcsId: 3138} | ret=SUCCESS |  
2019-08-30 05:17:48,898 | INFO  | DNAudit | user=null | ip=null | op=WRITE_CHUNK {blockData=conID: 1 locID: 102704235731747373 bcsId: 3138} | ret=SUCCESS |  
2019-08-30 05:17:48,898 | INFO  | DNAudit | user=null | ip=null | op=PUT_BLOCK {blockData=[blockId=conID: 1 locID: 102704235731747373 bcsId: 0,size=3145728]} | ret=SUCCESS |  
2019-08-30 05:17:48,898 | INFO  | DNAudit | user=null | ip=null | op=PUT_BLOCK {blockData=[blockId=conID: 1 locID: 102704235731747373 bcsId: 0,size=3145728]} | ret=SUCCESS |  
2019-08-30 05:17:48,902 | INFO  | DNAudit | user=null | ip=null | op=WRITE_CHUNK {blockData=conID: 1 locID: 102704235731747373 bcsId: 3144} | ret=SUCCESS |  
2019-08-30 05:17:48,904 | INFO  | DNAudit | user=null | ip=null | op=WRITE_CHUNK {blockData=conID: 1 locID: 102704235731747373 bcsId: 3144} | ret=SUCCESS |  
2019-08-30 05:17:48,904 | INFO  | DNAudit | user=null | ip=null | op=WRITE_CHUNK {blockData=conID: 1 locID: 102704235731747373 bcsId: 3144} | ret=SUCCESS |  
2019-08-30 05:17:48,914 | INFO  | DNAudit | user=null | ip=null | op=WRITE_CHUNK {blockData=conID: 1 locID: 102704235731747373 bcsId: 3144} | ret=SUCCESS |  
2019-08-30 05:17:48,915 | INFO  | DNAudit | user=null | ip=null | op=PUT_BLOCK {blockData=[blockId=conID: 1 locID: 102704235731747373 bcsId: 0,size=4194304]} | ret=SUCCESS |  
2019-08-30 05:17:48,915 [grpc-default-executor-6] INFO  client.GrpcClientProtocolClient (GrpcClientProtocolClient.java:onNext(255)) - client-574492D41EE7->134d4672-e322-4e4b-b7f3-5645abb0fe8c: receive RaftClientReply:client-574492D41EE7->134d4672-e322-4e4b-b7f3-5645abb0fe8c@group-3CB1DFFBCDC2, cid=2144, SUCCESS, logIndex=3147, commits[134d4672-e322-4e4b-b7f3-5645abb0fe8c:c3148, 73af84f3-3e88-4c8c-894c-3ad307bcac8d:c3145, 730a25a1-dbec-44ed-975b-a44ab0096beb:c3144]
2019-08-30 05:17:48,915 [grpc-default-executor-6] INFO  client.GrpcClientProtocolClient (GrpcClientProtocolClient.java:onNext(255)) - client-574492D41EE7->134d4672-e322-4e4b-b7f3-5645abb0fe8c: receive RaftClientReply:client-574492D41EE7->134d4672-e322-4e4b-b7f3-5645abb0fe8c@group-3CB1DFFBCDC2, cid=2145, SUCCESS, logIndex=3148, commits[134d4672-e322-4e4b-b7f3-5645abb0fe8c:c3148, 73af84f3-3e88-4c8c-894c-3ad307bcac8d:c3145, 730a25a1-dbec-44ed-975b-a44ab0096beb:c3145]
2019-08-30 05:17:48,918 | INFO  | DNAudit | user=null | ip=null | op=WRITE_CHUNK {blockData=conID: 1 locID: 102704235731747373 bcsId: 3144} | ret=SUCCESS |  
2019-08-30 05:17:48,918 | INFO  | DNAudit | user=null | ip=null | op=WRITE_CHUNK {blockData=conID: 1 locID: 102704235731747373 bcsId: 3144} | ret=SUCCESS |  
2019-08-30 05:17:48,918 | INFO  | DNAudit | user=null | ip=null | op=PUT_BLOCK {blockData=[blockId=conID: 1 locID: 102704235731747373 bcsId: 0,size=4194304]} | ret=SUCCESS |  
2019-08-30 05:17:48,918 | INFO  | DNAudit | user=null | ip=null | op=PUT_BLOCK {blockData=[blockId=conID: 1 locID: 102704235731747373 bcsId: 0,size=4194304]} | ret=SUCCESS |  
2019-08-30 05:17:48,918 [grpc-default-executor-6] INFO  client.GrpcClientProtocolClient (GrpcClientProtocolClient.java:onNext(255)) - client-574492D41EE7->134d4672-e322-4e4b-b7f3-5645abb0fe8c: receive RaftClientReply:client-574492D41EE7->134d4672-e322-4e4b-b7f3-5645abb0fe8c@group-3CB1DFFBCDC2, cid=2146, SUCCESS, logIndex=0, commits[134d4672-e322-4e4b-b7f3-5645abb0fe8c:c3149, 73af84f3-3e88-4c8c-894c-3ad307bcac8d:c3148, 730a25a1-dbec-44ed-975b-a44ab0096beb:c3148]
2019-08-30 05:17:48,923 | INFO  | SCMAudit | user=jenkins1000 | ip=192.168.36.106 | op=ALLOCATE_BLOCK {owner=85755eb5-052d-48fa-b271-2fe4d8754e12, size=4194304, type=RATIS, factor=THREE} | ret=SUCCESS |  
2019-08-30 05:17:48,926 | INFO  | OMAudit | user=jenkins1000 | ip=127.0.0.1 | op=ALLOCATE_BLOCK {volume=vol-0-00977, bucket=bucket-0-44205, key=key-0-32850, dataSize=0, replicationType=null, replicationFactor=null, keyLocationInfo=null, clientID=102704234570776978} | ret=SUCCESS |  
2019-08-30 05:17:49,073 | INFO  | DNAudit | user=null | ip=null | op=WRITE_CHUNK {blockData=conID: 2 locID: 102704235736138286 bcsId: 0} | ret=SUCCESS |  
2019-08-30 05:17:49,073 | INFO  | DNAudit | user=null | ip=null | op=WRITE_CHUNK {blockData=conID: 2 locID: 102704235736138286 bcsId: 0} | ret=SUCCESS |  
2019-08-30 05:17:49,076 | INFO  | DNAudit | user=null | ip=null | op=WRITE_CHUNK {blockData=conID: 2 locID: 102704235736138286 bcsId: 0} | ret=SUCCESS |  
2019-08-30 05:17:49,076 | INFO  | DNAudit | user=null | ip=null | op=WRITE_CHUNK {blockData=conID: 2 locID: 102704235736138286 bcsId: 0} | ret=SUCCESS |  
2019-08-30 05:17:49,079 | INFO  | DNAudit | user=null | ip=null | op=WRITE_CHUNK {blockData=conID: 2 locID: 102704235736138286 bcsId: 0} | ret=SUCCESS |  
2019-08-30 05:17:49,080 | INFO  | DNAudit | user=null | ip=null | op=WRITE_CHUNK {blockData=conID: 2 locID: 102704235736138286 bcsId: 0} | ret=SUCCESS |  
2019-08-30 05:17:49,087 | INFO  | DNAudit | user=null | ip=null | op=WRITE_CHUNK {blockData=conID: 2 locID: 102704235736138286 bcsId: 0} | ret=SUCCESS |  
2019-08-30 05:17:49,088 | INFO  | DNAudit | user=null | ip=null | op=PUT_BLOCK {blockData=[blockId=conID: 2 locID: 102704235736138286 bcsId: 0,size=1048576]} | ret=SUCCESS |  
2019-08-30 05:17:49,088 | INFO  | DNAudit | user=null | ip=null | op=WRITE_CHUNK {blockData=conID: 2 locID: 102704235736138286 bcsId: 0} | ret=SUCCESS |  
2019-08-30 05:17:49,088 [grpc-default-executor-6] INFO  client.GrpcClientProtocolClient (GrpcClientProtocolClient.java:onNext(255)) - client-574492D41EE7->134d4672-e322-4e4b-b7f3-5645abb0fe8c: receive RaftClientReply:client-574492D41EE7->134d4672-e322-4e4b-b7f3-5645abb0fe8c@group-3CB1DFFBCDC2, cid=2147, SUCCESS, logIndex=3151, commits[134d4672-e322-4e4b-b7f3-5645abb0fe8c:c3152, 73af84f3-3e88-4c8c-894c-3ad307bcac8d:c3150, 730a25a1-dbec-44ed-975b-a44ab0096beb:c3150]
2019-08-30 05:17:49,088 | INFO  | DNAudit | user=null | ip=null | op=WRITE_CHUNK {blockData=conID: 2 locID: 102704235736138286 bcsId: 0} | ret=SUCCESS |  
2019-08-30 05:17:49,088 | INFO  | DNAudit | user=null | ip=null | op=PUT_BLOCK {blockData=[blockId=conID: 2 locID: 102704235736138286 bcsId: 0,size=1048576]} | ret=SUCCESS |  
2019-08-30 05:17:49,089 | INFO  | DNAudit | user=null | ip=null | op=PUT_BLOCK {blockData=[blockId=conID: 2 locID: 102704235736138286 bcsId: 0,size=2097152]} | ret=SUCCESS |  
2019-08-30 05:17:49,089 [grpc-default-executor-6] INFO  client.GrpcClientProtocolClient (GrpcClientProtocolClient.java:onNext(255)) - client-574492D41EE7->134d4672-e322-4e4b-b7f3-5645abb0fe8c: receive RaftClientReply:client-574492D41EE7->134d4672-e322-4e4b-b7f3-5645abb0fe8c@group-3CB1DFFBCDC2, cid=2148, SUCCESS, logIndex=3152, commits[134d4672-e322-4e4b-b7f3-5645abb0fe8c:c3154, 73af84f3-3e88-4c8c-894c-3ad307bcac8d:c3150, 730a25a1-dbec-44ed-975b-a44ab0096beb:c3150]
2019-08-30 05:17:49,089 [grpc-default-executor-6] INFO  client.GrpcClientProtocolClient (GrpcClientProtocolClient.java:onNext(255)) - client-574492D41EE7->134d4672-e322-4e4b-b7f3-5645abb0fe8c: receive RaftClientReply:client-574492D41EE7->134d4672-e322-4e4b-b7f3-5645abb0fe8c@group-3CB1DFFBCDC2, cid=2149, SUCCESS, logIndex=3153, commits[134d4672-e322-4e4b-b7f3-5645abb0fe8c:c3155, 73af84f3-3e88-4c8c-894c-3ad307bcac8d:c3150, 730a25a1-dbec-44ed-975b-a44ab0096beb:c3152]
2019-08-30 05:17:49,089 [grpc-default-executor-6] INFO  client.GrpcClientProtocolClient (GrpcClientProtocolClient.java:onNext(255)) - client-574492D41EE7->134d4672-e322-4e4b-b7f3-5645abb0fe8c: receive RaftClientReply:client-574492D41EE7->134d4672-e322-4e4b-b7f3-5645abb0fe8c@group-3CB1DFFBCDC2, cid=2150, SUCCESS, logIndex=3154, commits[134d4672-e322-4e4b-b7f3-5645abb0fe8c:c3155, 73af84f3-3e88-4c8c-894c-3ad307bcac8d:c3150, 730a25a1-dbec-44ed-975b-a44ab0096beb:c3152]
2019-08-30 05:17:49,099 | INFO  | DNAudit | user=null | ip=null | op=WRITE_CHUNK {blockData=conID: 2 locID: 102704235736138286 bcsId: 0} | ret=SUCCESS |  
2019-08-30 05:17:49,100 | INFO  | DNAudit | user=null | ip=null | op=PUT_BLOCK {blockData=[blockId=conID: 2 locID: 102704235736138286 bcsId: 0,size=1048576]} | ret=SUCCESS |  
2019-08-30 05:17:49,100 [grpc-default-executor-6] INFO  client.GrpcClientProtocolClient (GrpcClientProtocolClient.java:onNext(255)) - client-574492D41EE7->134d4672-e322-4e4b-b7f3-5645abb0fe8c: receive RaftClientReply:client-574492D41EE7->134d4672-e322-4e4b-b7f3-5645abb0fe8c@group-3CB1DFFBCDC2, cid=2151, SUCCESS, logIndex=0, commits[134d4672-e322-4e4b-b7f3-5645abb0fe8c:c3155, 73af84f3-3e88-4c8c-894c-3ad307bcac8d:c3152, 730a25a1-dbec-44ed-975b-a44ab0096beb:c3152]
2019-08-30 05:17:49,100 | INFO  | DNAudit | user=null | ip=null | op=WRITE_CHUNK {blockData=conID: 2 locID: 102704235736138286 bcsId: 0} | ret=SUCCESS |  
2019-08-30 05:17:49,100 | INFO  | DNAudit | user=null | ip=null | op=PUT_BLOCK {blockData=[blockId=conID: 2 locID: 102704235736138286 bcsId: 0,size=2097152]} | ret=SUCCESS |  
2019-08-30 05:17:49,101 | INFO  | DNAudit | user=null | ip=null | op=WRITE_CHUNK {blockData=conID: 2 locID: 102704235736138286 bcsId: 0} | ret=SUCCESS |  
2019-08-30 05:17:49,101 | INFO  | DNAudit | user=null | ip=null | op=PUT_BLOCK {blockData=[blockId=conID: 2 locID: 102704235736138286 bcsId: 0,size=2097152]} | ret=SUCCESS |  
2019-08-30 05:17:49,107 | INFO  | DNAudit | user=null | ip=null | op=WRITE_CHUNK {blockData=conID: 2 locID: 102704235736138286 bcsId: 3154} | ret=SUCCESS |  
2019-08-30 05:17:49,109 | INFO  | DNAudit | user=null | ip=null | op=WRITE_CHUNK {blockData=conID: 2 locID: 102704235736138286 bcsId: 3154} | ret=SUCCESS |  
2019-08-30 05:17:49,110 | INFO  | DNAudit | user=null | ip=null | op=WRITE_CHUNK {blockData=conID: 2 locID: 102704235736138286 bcsId: 3154} | ret=SUCCESS |  
2019-08-30 05:17:49,120 | INFO  | DNAudit | user=null | ip=null | op=WRITE_CHUNK {blockData=conID: 2 locID: 102704235736138286 bcsId: 3154} | ret=SUCCESS |  
2019-08-30 05:17:49,120 | INFO  | DNAudit | user=null | ip=null | op=PUT_BLOCK {blockData=[blockId=conID: 2 locID: 102704235736138286 bcsId: 0,size=3145728]} | ret=SUCCESS |  
2019-08-30 05:17:49,120 [grpc-default-executor-1] INFO  client.GrpcClientProtocolClient (GrpcClientProtocolClient.java:onNext(255)) - client-574492D41EE7->134d4672-e322-4e4b-b7f3-5645abb0fe8c: receive RaftClientReply:client-574492D41EE7->134d4672-e322-4e4b-b7f3-5645abb0fe8c@group-3CB1DFFBCDC2, cid=2152, SUCCESS, logIndex=3159, commits[134d4672-e322-4e4b-b7f3-5645abb0fe8c:c3160, 73af84f3-3e88-4c8c-894c-3ad307bcac8d:c3158, 730a25a1-dbec-44ed-975b-a44ab0096beb:c3158]
2019-08-30 05:17:49,121 [grpc-default-executor-1] INFO  client.GrpcClientProtocolClient (GrpcClientProtocolClient.java:onNext(255)) - client-574492D41EE7->134d4672-e322-4e4b-b7f3-5645abb0fe8c: receive RaftClientReply:client-574492D41EE7->134d4672-e322-4e4b-b7f3-5645abb0fe8c@group-3CB1DFFBCDC2, cid=2153, SUCCESS, logIndex=3160, commits[134d4672-e322-4e4b-b7f3-5645abb0fe8c:c3160, 73af84f3-3e88-4c8c-894c-3ad307bcac8d:c3158, 730a25a1-dbec-44ed-975b-a44ab0096beb:c3158]
2019-08-30 05:17:49,129 | INFO  | DNAudit | user=null | ip=null | op=WRITE_CHUNK {blockData=conID: 2 locID: 102704235736138286 bcsId: 3160} | ret=SUCCESS |  
2019-08-30 05:17:49,130 | INFO  | DNAudit | user=null | ip=null | op=WRITE_CHUNK {blockData=conID: 2 locID: 102704235736138286 bcsId: 3160} | ret=SUCCESS |  
2019-08-30 05:17:49,130 | INFO  | DNAudit | user=null | ip=null | op=WRITE_CHUNK {blockData=conID: 2 locID: 102704235736138286 bcsId: 3160} | ret=SUCCESS |  
2019-08-30 05:17:49,133 | INFO  | DNAudit | user=null | ip=null | op=WRITE_CHUNK {blockData=conID: 2 locID: 102704235736138286 bcsId: 3154} | ret=SUCCESS |  
2019-08-30 05:17:49,133 | INFO  | DNAudit | user=null | ip=null | op=WRITE_CHUNK {blockData=conID: 2 locID: 102704235736138286 bcsId: 3154} | ret=SUCCESS |  
2019-08-30 05:17:49,133 | INFO  | DNAudit | user=null | ip=null | op=PUT_BLOCK {blockData=[blockId=conID: 2 locID: 102704235736138286 bcsId: 0,size=3145728]} | ret=SUCCESS |  
2019-08-30 05:17:49,133 | INFO  | DNAudit | user=null | ip=null | op=PUT_BLOCK {blockData=[blockId=conID: 2 locID: 102704235736138286 bcsId: 0,size=3145728]} | ret=SUCCESS |  
2019-08-30 05:17:49,146 | INFO  | DNAudit | user=null | ip=null | op=WRITE_CHUNK {blockData=conID: 2 locID: 102704235736138286 bcsId: 3160} | ret=SUCCESS |  
2019-08-30 05:17:49,147 | INFO  | DNAudit | user=null | ip=null | op=PUT_BLOCK {blockData=[blockId=conID: 2 locID: 102704235736138286 bcsId: 0,size=4194304]} | ret=SUCCESS |  
2019-08-30 05:17:49,147 [grpc-default-executor-5] INFO  client.GrpcClientProtocolClient (GrpcClientProtocolClient.java:onNext(255)) - client-574492D41EE7->134d4672-e322-4e4b-b7f3-5645abb0fe8c: receive RaftClientReply:client-574492D41EE7->134d4672-e322-4e4b-b7f3-5645abb0fe8c@group-3CB1DFFBCDC2, cid=2154, SUCCESS, logIndex=3163, commits[134d4672-e322-4e4b-b7f3-5645abb0fe8c:c3164, 73af84f3-3e88-4c8c-894c-3ad307bcac8d:c3160, 730a25a1-dbec-44ed-975b-a44ab0096beb:c3160]
2019-08-30 05:17:49,147 [grpc-default-executor-5] INFO  client.GrpcClientProtocolClient (GrpcClientProtocolClient.java:onNext(255)) - client-574492D41EE7->134d4672-e322-4e4b-b7f3-5645abb0fe8c: receive RaftClientReply:client-574492D41EE7->134d4672-e322-4e4b-b7f3-5645abb0fe8c@group-3CB1DFFBCDC2, cid=2155, SUCCESS, logIndex=3164, commits[134d4672-e322-4e4b-b7f3-5645abb0fe8c:c3164, 73af84f3-3e88-4c8c-894c-3ad307bcac8d:c3160, 730a25a1-dbec-44ed-975b-a44ab0096beb:c3160]
2019-08-30 05:17:49,159 | INFO  | DNAudit | user=null | ip=null | op=WRITE_CHUNK {blockData=conID: 2 locID: 102704235736138286 bcsId: 3160} | ret=SUCCESS |  
2019-08-30 05:17:49,159 | INFO  | DNAudit | user=null | ip=null | op=WRITE_CHUNK {blockData=conID: 2 locID: 102704235736138286 bcsId: 3160} | ret=SUCCESS |  
2019-08-30 05:17:49,172 | INFO  | DNAudit | user=null | ip=null | op=PUT_BLOCK {blockData=[blockId=conID: 2 locID: 102704235736138286 bcsId: 0,size=4194304]} | ret=SUCCESS |  
2019-08-30 05:17:49,172 | INFO  | DNAudit | user=null | ip=null | op=PUT_BLOCK {blockData=[blockId=conID: 2 locID: 102704235736138286 bcsId: 0,size=4194304]} | ret=SUCCESS |  
2019-08-30 05:17:49,173 [grpc-default-executor-5] INFO  client.GrpcClientProtocolClient (GrpcClientProtocolClient.java:onNext(255)) - client-574492D41EE7->134d4672-e322-4e4b-b7f3-5645abb0fe8c: receive RaftClientReply:client-574492D41EE7->134d4672-e322-4e4b-b7f3-5645abb0fe8c@group-3CB1DFFBCDC2, cid=2156, SUCCESS, logIndex=0, commits[134d4672-e322-4e4b-b7f3-5645abb0fe8c:c3165, 73af84f3-3e88-4c8c-894c-3ad307bcac8d:c3164, 730a25a1-dbec-44ed-975b-a44ab0096beb:c3164]
2019-08-30 05:17:49,178 | INFO  | SCMAudit | user=jenkins1000 | ip=192.168.36.106 | op=ALLOCATE_BLOCK {owner=85755eb5-052d-48fa-b271-2fe4d8754e12, size=4194304, type=RATIS, factor=THREE} | ret=SUCCESS |  
2019-08-30 05:17:49,181 | INFO  | OMAudit | user=jenkins1000 | ip=127.0.0.1 | op=ALLOCATE_BLOCK {volume=vol-0-00977, bucket=bucket-0-44205, key=key-0-32850, dataSize=0, replicationType=null, replicationFactor=null, keyLocationInfo=null, clientID=102704234570776978} | ret=SUCCESS |  
2019-08-30 05:17:49,189 | INFO  | DNAudit | user=null | ip=null | op=WRITE_CHUNK {blockData=conID: 3 locID: 102704235752849967 bcsId: 0} | ret=SUCCESS |  
2019-08-30 05:17:49,191 | INFO  | DNAudit | user=null | ip=null | op=WRITE_CHUNK {blockData=conID: 3 locID: 102704235752849967 bcsId: 0} | ret=SUCCESS |  
2019-08-30 05:17:49,191 | INFO  | DNAudit | user=null | ip=null | op=WRITE_CHUNK {blockData=conID: 3 locID: 102704235752849967 bcsId: 0} | ret=SUCCESS |  
2019-08-30 05:17:49,191 | INFO  | DNAudit | user=null | ip=null | op=WRITE_CHUNK {blockData=conID: 3 locID: 102704235752849967 bcsId: 0} | ret=SUCCESS |  
2019-08-30 05:17:49,192 | INFO  | DNAudit | user=null | ip=null | op=WRITE_CHUNK {blockData=conID: 3 locID: 102704235752849967 bcsId: 0} | ret=SUCCESS |  
2019-08-30 05:17:49,193 | INFO  | DNAudit | user=null | ip=null | op=WRITE_CHUNK {blockData=conID: 3 locID: 102704235752849967 bcsId: 0} | ret=SUCCESS |  
2019-08-30 05:17:49,203 | INFO  | DNAudit | user=null | ip=null | op=WRITE_CHUNK {blockData=conID: 3 locID: 102704235752849967 bcsId: 0} | ret=SUCCESS |  
2019-08-30 05:17:49,204 | INFO  | DNAudit | user=null | ip=null | op=PUT_BLOCK {blockData=[blockId=conID: 3 locID: 102704235752849967 bcsId: 0,size=1048576]} | ret=SUCCESS |  
2019-08-30 05:17:49,204 | INFO  | DNAudit | user=null | ip=null | op=WRITE_CHUNK {blockData=conID: 3 locID: 102704235752849967 bcsId: 0} | ret=SUCCESS |  
2019-08-30 05:17:49,204 [grpc-default-executor-5] INFO  client.GrpcClientProtocolClient (GrpcClientProtocolClient.java:onNext(255)) - client-574492D41EE7->134d4672-e322-4e4b-b7f3-5645abb0fe8c: receive RaftClientReply:client-574492D41EE7->134d4672-e322-4e4b-b7f3-5645abb0fe8c@group-3CB1DFFBCDC2, cid=2157, SUCCESS, logIndex=3167, commits[134d4672-e322-4e4b-b7f3-5645abb0fe8c:c3168, 73af84f3-3e88-4c8c-894c-3ad307bcac8d:c3166, 730a25a1-dbec-44ed-975b-a44ab0096beb:c3166]
2019-08-30 05:17:49,205 | INFO  | DNAudit | user=null | ip=null | op=PUT_BLOCK {blockData=[blockId=conID: 3 locID: 102704235752849967 bcsId: 0,size=2097152]} | ret=SUCCESS |  
2019-08-30 05:17:49,205 [grpc-default-executor-5] INFO  client.GrpcClientProtocolClient (GrpcClientProtocolClient.java:onNext(255)) - client-574492D41EE7->134d4672-e322-4e4b-b7f3-5645abb0fe8c: receive RaftClientReply:client-574492D41EE7->134d4672-e322-4e4b-b7f3-5645abb0fe8c@group-3CB1DFFBCDC2, cid=2158, SUCCESS, logIndex=3168, commits[134d4672-e322-4e4b-b7f3-5645abb0fe8c:c3170, 73af84f3-3e88-4c8c-894c-3ad307bcac8d:c3166, 730a25a1-dbec-44ed-975b-a44ab0096beb:c3166]
2019-08-30 05:17:49,205 [grpc-default-executor-5] INFO  client.GrpcClientProtocolClient (GrpcClientProtocolClient.java:onNext(255)) - client-574492D41EE7->134d4672-e322-4e4b-b7f3-5645abb0fe8c: receive RaftClientReply:client-574492D41EE7->134d4672-e322-4e4b-b7f3-5645abb0fe8c@group-3CB1DFFBCDC2, cid=2159, SUCCESS, logIndex=3169, commits[134d4672-e322-4e4b-b7f3-5645abb0fe8c:c3170, 73af84f3-3e88-4c8c-894c-3ad307bcac8d:c3166, 730a25a1-dbec-44ed-975b-a44ab0096beb:c3166]
2019-08-30 05:17:49,205 [grpc-default-executor-5] INFO  client.GrpcClientProtocolClient (GrpcClientProtocolClient.java:onNext(255)) - client-574492D41EE7->134d4672-e322-4e4b-b7f3-5645abb0fe8c: receive RaftClientReply:client-574492D41EE7->134d4672-e322-4e4b-b7f3-5645abb0fe8c@group-3CB1DFFBCDC2, cid=2160, SUCCESS, logIndex=3170, commits[134d4672-e322-4e4b-b7f3-5645abb0fe8c:c3170, 73af84f3-3e88-4c8c-894c-3ad307bcac8d:c3166, 730a25a1-dbec-44ed-975b-a44ab0096beb:c3166]
2019-08-30 05:17:49,215 | INFO  | DNAudit | user=null | ip=null | op=WRITE_CHUNK {blockData=conID: 3 locID: 102704235752849967 bcsId: 0} | ret=SUCCESS |  
2019-08-30 05:17:49,215 | INFO  | DNAudit | user=null | ip=null | op=WRITE_CHUNK {blockData=conID: 3 locID: 102704235752849967 bcsId: 0} | ret=SUCCESS |  
2019-08-30 05:17:49,216 | INFO  | DNAudit | user=null | ip=null | op=PUT_BLOCK {blockData=[blockId=conID: 3 locID: 102704235752849967 bcsId: 0,size=1048576]} | ret=SUCCESS |  
2019-08-30 05:17:49,217 | INFO  | DNAudit | user=null | ip=null | op=PUT_BLOCK {blockData=[blockId=conID: 3 locID: 102704235752849967 bcsId: 0,size=1048576]} | ret=SUCCESS |  
2019-08-30 05:17:49,217 | INFO  | DNAudit | user=null | ip=null | op=WRITE_CHUNK {blockData=conID: 3 locID: 102704235752849967 bcsId: 0} | ret=SUCCESS |  
2019-08-30 05:17:49,217 | INFO  | DNAudit | user=null | ip=null | op=WRITE_CHUNK {blockData=conID: 3 locID: 102704235752849967 bcsId: 0} | ret=SUCCESS |  
2019-08-30 05:17:49,217 | INFO  | DNAudit | user=null | ip=null | op=PUT_BLOCK {blockData=[blockId=conID: 3 locID: 102704235752849967 bcsId: 0,size=2097152]} | ret=SUCCESS |  
2019-08-30 05:17:49,217 | INFO  | DNAudit | user=null | ip=null | op=PUT_BLOCK {blockData=[blockId=conID: 3 locID: 102704235752849967 bcsId: 0,size=2097152]} | ret=SUCCESS |  
2019-08-30 05:17:49,217 [grpc-default-executor-5] INFO  client.GrpcClientProtocolClient (GrpcClientProtocolClient.java:onNext(255)) - client-574492D41EE7->134d4672-e322-4e4b-b7f3-5645abb0fe8c: receive RaftClientReply:client-574492D41EE7->134d4672-e322-4e4b-b7f3-5645abb0fe8c@group-3CB1DFFBCDC2, cid=2161, SUCCESS, logIndex=0, commits[134d4672-e322-4e4b-b7f3-5645abb0fe8c:c3172, 73af84f3-3e88-4c8c-894c-3ad307bcac8d:c3168, 730a25a1-dbec-44ed-975b-a44ab0096beb:c3168]
2019-08-30 05:17:49,225 | INFO  | DNAudit | user=null | ip=null | op=WRITE_CHUNK {blockData=conID: 3 locID: 102704235752849967 bcsId: 3170} | ret=SUCCESS |  
2019-08-30 05:17:49,226 | INFO  | DNAudit | user=null | ip=null | op=WRITE_CHUNK {blockData=conID: 3 locID: 102704235752849967 bcsId: 3170} | ret=SUCCESS |  
2019-08-30 05:17:49,227 | INFO  | DNAudit | user=null | ip=null | op=WRITE_CHUNK {blockData=conID: 3 locID: 102704235752849967 bcsId: 3170} | ret=SUCCESS |  
2019-08-30 05:17:49,237 | INFO  | DNAudit | user=null | ip=null | op=WRITE_CHUNK {blockData=conID: 3 locID: 102704235752849967 bcsId: 3170} | ret=SUCCESS |  
2019-08-30 05:17:49,237 | INFO  | DNAudit | user=null | ip=null | op=PUT_BLOCK {blockData=[blockId=conID: 3 locID: 102704235752849967 bcsId: 0,size=3145728]} | ret=SUCCESS |  
2019-08-30 05:17:49,237 [grpc-default-executor-1] INFO  client.GrpcClientProtocolClient (GrpcClientProtocolClient.java:onNext(255)) - client-574492D41EE7->134d4672-e322-4e4b-b7f3-5645abb0fe8c: receive RaftClientReply:client-574492D41EE7->134d4672-e322-4e4b-b7f3-5645abb0fe8c@group-3CB1DFFBCDC2, cid=2162, SUCCESS, logIndex=3175, commits[134d4672-e322-4e4b-b7f3-5645abb0fe8c:c3176, 73af84f3-3e88-4c8c-894c-3ad307bcac8d:c3174, 730a25a1-dbec-44ed-975b-a44ab0096beb:c3174]
2019-08-30 05:17:49,238 [grpc-default-executor-1] INFO  client.GrpcClientProtocolClient (GrpcClientProtocolClient.java:onNext(255)) - client-574492D41EE7->134d4672-e322-4e4b-b7f3-5645abb0fe8c: receive RaftClientReply:client-574492D41EE7->134d4672-e322-4e4b-b7f3-5645abb0fe8c@group-3CB1DFFBCDC2, cid=2163, SUCCESS, logIndex=3176, commits[134d4672-e322-4e4b-b7f3-5645abb0fe8c:c3176, 73af84f3-3e88-4c8c-894c-3ad307bcac8d:c3174, 730a25a1-dbec-44ed-975b-a44ab0096beb:c3174]
2019-08-30 05:17:49,245 | INFO  | DNAudit | user=null | ip=null | op=WRITE_CHUNK {blockData=conID: 3 locID: 102704235752849967 bcsId: 3176} | ret=SUCCESS |  
2019-08-30 05:17:49,247 | INFO  | DNAudit | user=null | ip=null | op=WRITE_CHUNK {blockData=conID: 3 locID: 102704235752849967 bcsId: 3176} | ret=SUCCESS |  
2019-08-30 05:17:49,247 | INFO  | DNAudit | user=null | ip=null | op=WRITE_CHUNK {blockData=conID: 3 locID: 102704235752849967 bcsId: 3176} | ret=SUCCESS |  
2019-08-30 05:17:49,248 | INFO  | DNAudit | user=null | ip=null | op=WRITE_CHUNK {blockData=conID: 3 locID: 102704235752849967 bcsId: 3170} | ret=SUCCESS |  
2019-08-30 05:17:49,249 | INFO  | DNAudit | user=null | ip=null | op=WRITE_CHUNK {blockData=conID: 3 locID: 102704235752849967 bcsId: 3170} | ret=SUCCESS |  
2019-08-30 05:17:49,251 | INFO  | DNAudit | user=null | ip=null | op=PUT_BLOCK {blockData=[blockId=conID: 3 locID: 102704235752849967 bcsId: 0,size=3145728]} | ret=SUCCESS |  
2019-08-30 05:17:49,251 | INFO  | DNAudit | user=null | ip=null | op=PUT_BLOCK {blockData=[blockId=conID: 3 locID: 102704235752849967 bcsId: 0,size=3145728]} | ret=SUCCESS |  
2019-08-30 05:17:49,252 | INFO  | DNAudit | user=null | ip=null | op=WRITE_CHUNK {blockData=conID: 3 locID: 102704235752849967 bcsId: 3176} | ret=SUCCESS |  
2019-08-30 05:17:49,252 | INFO  | DNAudit | user=null | ip=null | op=PUT_BLOCK {blockData=[blockId=conID: 3 locID: 102704235752849967 bcsId: 0,size=4194304]} | ret=SUCCESS |  
2019-08-30 05:17:49,252 [grpc-default-executor-1] INFO  client.GrpcClientProtocolClient (GrpcClientProtocolClient.java:onNext(255)) - client-574492D41EE7->134d4672-e322-4e4b-b7f3-5645abb0fe8c: receive RaftClientReply:client-574492D41EE7->134d4672-e322-4e4b-b7f3-5645abb0fe8c@group-3CB1DFFBCDC2, cid=2164, SUCCESS, logIndex=3179, commits[134d4672-e322-4e4b-b7f3-5645abb0fe8c:c3180, 73af84f3-3e88-4c8c-894c-3ad307bcac8d:c3176, 730a25a1-dbec-44ed-975b-a44ab0096beb:c3176]
2019-08-30 05:17:49,253 [grpc-default-executor-1] INFO  client.GrpcClientProtocolClient (GrpcClientProtocolClient.java:onNext(255)) - client-574492D41EE7->134d4672-e322-4e4b-b7f3-5645abb0fe8c: receive RaftClientReply:client-574492D41EE7->134d4672-e322-4e4b-b7f3-5645abb0fe8c@group-3CB1DFFBCDC2, cid=2165, SUCCESS, logIndex=3180, commits[134d4672-e322-4e4b-b7f3-5645abb0fe8c:c3180, 73af84f3-3e88-4c8c-894c-3ad307bcac8d:c3176, 730a25a1-dbec-44ed-975b-a44ab0096beb:c3176]
2019-08-30 05:17:49,265 | INFO  | DNAudit | user=null | ip=null | op=WRITE_CHUNK {blockData=conID: 3 locID: 102704235752849967 bcsId: 3176} | ret=SUCCESS |  
2019-08-30 05:17:49,265 | INFO  | DNAudit | user=null | ip=null | op=WRITE_CHUNK {blockData=conID: 3 locID: 102704235752849967 bcsId: 3176} | ret=SUCCESS |  
2019-08-30 05:17:49,276 | INFO  | DNAudit | user=null | ip=null | op=PUT_BLOCK {blockData=[blockId=conID: 3 locID: 102704235752849967 bcsId: 0,size=4194304]} | ret=SUCCESS |  
2019-08-30 05:17:49,276 | INFO  | DNAudit | user=null | ip=null | op=PUT_BLOCK {blockData=[blockId=conID: 3 locID: 102704235752849967 bcsId: 0,size=4194304]} | ret=SUCCESS |  
2019-08-30 05:17:49,277 [grpc-default-executor-6] INFO  client.GrpcClientProtocolClient (GrpcClientProtocolClient.java:onNext(255)) - client-574492D41EE7->134d4672-e322-4e4b-b7f3-5645abb0fe8c: receive RaftClientReply:client-574492D41EE7->134d4672-e322-4e4b-b7f3-5645abb0fe8c@group-3CB1DFFBCDC2, cid=2166, SUCCESS, logIndex=0, commits[134d4672-e322-4e4b-b7f3-5645abb0fe8c:c3181, 73af84f3-3e88-4c8c-894c-3ad307bcac8d:c3180, 730a25a1-dbec-44ed-975b-a44ab0096beb:c3180]
2019-08-30 05:17:49,281 | INFO  | SCMAudit | user=jenkins1000 | ip=192.168.36.106 | op=ALLOCATE_BLOCK {owner=85755eb5-052d-48fa-b271-2fe4d8754e12, size=4194304, type=RATIS, factor=THREE} | ret=SUCCESS |  
2019-08-30 05:17:49,284 | INFO  | OMAudit | user=jenkins1000 | ip=127.0.0.1 | op=ALLOCATE_BLOCK {volume=vol-0-00977, bucket=bucket-0-44205, key=key-0-32850, dataSize=0, replicationType=null, replicationFactor=null, keyLocationInfo=null, clientID=102704234570776978} | ret=SUCCESS |  
2019-08-30 05:17:49,290 | INFO  | DNAudit | user=null | ip=null | op=WRITE_CHUNK {blockData=conID: 1 locID: 102704235759600176 bcsId: 0} | ret=SUCCESS |  
2019-08-30 05:17:49,293 | INFO  | DNAudit | user=null | ip=null | op=WRITE_CHUNK {blockData=conID: 1 locID: 102704235759600176 bcsId: 0} | ret=SUCCESS |  
2019-08-30 05:17:49,293 | INFO  | DNAudit | user=null | ip=null | op=WRITE_CHUNK {blockData=conID: 1 locID: 102704235759600176 bcsId: 0} | ret=SUCCESS |  
2019-08-30 05:17:49,294 | INFO  | DNAudit | user=null | ip=null | op=WRITE_CHUNK {blockData=conID: 1 locID: 102704235759600176 bcsId: 0} | ret=SUCCESS |  
2019-08-30 05:17:49,295 | INFO  | DNAudit | user=null | ip=null | op=WRITE_CHUNK {blockData=conID: 1 locID: 102704235759600176 bcsId: 0} | ret=SUCCESS |  
2019-08-30 05:17:49,296 | INFO  | DNAudit | user=null | ip=null | op=WRITE_CHUNK {blockData=conID: 1 locID: 102704235759600176 bcsId: 0} | ret=SUCCESS |  
2019-08-30 05:17:49,303 | INFO  | DNAudit | user=null | ip=null | op=WRITE_CHUNK {blockData=conID: 1 locID: 102704235759600176 bcsId: 0} | ret=SUCCESS |  
2019-08-30 05:17:49,303 | INFO  | DNAudit | user=null | ip=null | op=PUT_BLOCK {blockData=[blockId=conID: 1 locID: 102704235759600176 bcsId: 0,size=1048576]} | ret=SUCCESS |  
2019-08-30 05:17:49,303 [grpc-default-executor-5] INFO  client.GrpcClientProtocolClient (GrpcClientProtocolClient.java:onNext(255)) - client-574492D41EE7->134d4672-e322-4e4b-b7f3-5645abb0fe8c: receive RaftClientReply:client-574492D41EE7->134d4672-e322-4e4b-b7f3-5645abb0fe8c@group-3CB1DFFBCDC2, cid=2167, SUCCESS, logIndex=3183, commits[134d4672-e322-4e4b-b7f3-5645abb0fe8c:c3184, 73af84f3-3e88-4c8c-894c-3ad307bcac8d:c3182, 730a25a1-dbec-44ed-975b-a44ab0096beb:c3182]
2019-08-30 05:17:49,304 [grpc-default-executor-5] INFO  client.GrpcClientProtocolClient (GrpcClientProtocolClient.java:onNext(255)) - client-574492D41EE7->134d4672-e322-4e4b-b7f3-5645abb0fe8c: receive RaftClientReply:client-574492D41EE7->134d4672-e322-4e4b-b7f3-5645abb0fe8c@group-3CB1DFFBCDC2, cid=2168, SUCCESS, logIndex=3184, commits[134d4672-e322-4e4b-b7f3-5645abb0fe8c:c3184, 73af84f3-3e88-4c8c-894c-3ad307bcac8d:c3182, 730a25a1-dbec-44ed-975b-a44ab0096beb:c3182]
2019-08-30 05:17:49,306 | INFO  | DNAudit | user=null | ip=null | op=WRITE_CHUNK {blockData=conID: 1 locID: 102704235759600176 bcsId: 0} | ret=SUCCESS |  
2019-08-30 05:17:49,306 | INFO  | DNAudit | user=null | ip=null | op=PUT_BLOCK {blockData=[blockId=conID: 1 locID: 102704235759600176 bcsId: 0,size=2097152]} | ret=SUCCESS |  
2019-08-30 05:17:49,306 [grpc-default-executor-5] INFO  client.GrpcClientProtocolClient (GrpcClientProtocolClient.java:onNext(255)) - client-574492D41EE7->134d4672-e322-4e4b-b7f3-5645abb0fe8c: receive RaftClientReply:client-574492D41EE7->134d4672-e322-4e4b-b7f3-5645abb0fe8c@group-3CB1DFFBCDC2, cid=2169, SUCCESS, logIndex=3185, commits[134d4672-e322-4e4b-b7f3-5645abb0fe8c:c3185, 73af84f3-3e88-4c8c-894c-3ad307bcac8d:c3182, 730a25a1-dbec-44ed-975b-a44ab0096beb:c3182]
2019-08-30 05:17:49,306 [grpc-default-executor-5] INFO  client.GrpcClientProtocolClient (GrpcClientProtocolClient.java:onNext(255)) - client-574492D41EE7->134d4672-e322-4e4b-b7f3-5645abb0fe8c: receive RaftClientReply:client-574492D41EE7->134d4672-e322-4e4b-b7f3-5645abb0fe8c@group-3CB1DFFBCDC2, cid=2170, SUCCESS, logIndex=3186, commits[134d4672-e322-4e4b-b7f3-5645abb0fe8c:c3186, 73af84f3-3e88-4c8c-894c-3ad307bcac8d:c3182, 730a25a1-dbec-44ed-975b-a44ab0096beb:c3182]
2019-08-30 05:17:49,314 | INFO  | SCMAudit | user=jenkins1000 | ip=192.168.36.106 | op=SEND_HEARTBEAT {datanodeUUID=134d4672-e322-4e4b-b7f3-5645abb0fe8c, command=[]} | ret=SUCCESS |  
2019-08-30 05:17:49,315 | INFO  | SCMAudit | user=jenkins1000 | ip=192.168.36.106 | op=SEND_HEARTBEAT {datanodeUUID=ea5d4b6b-4a08-401a-8c59-ecc1ca37daf5, command=[]} | ret=SUCCESS |  
 0.00% |█                                                                                                    |  0/1 Time: 0:00:182019-08-30 05:17:49,315 | INFO  | SCMAudit | user=jenkins1000 | ip=192.168.36.106 | op=SEND_HEARTBEAT {datanodeUUID=73af84f3-3e88-4c8c-894c-3ad307bcac8d, command=[]} | ret=SUCCESS |  
2019-08-30 05:17:49,316 | INFO  | SCMAudit | user=jenkins1000 | ip=192.168.36.106 | op=SEND_HEARTBEAT {datanodeUUID=730a25a1-dbec-44ed-975b-a44ab0096beb, command=[]} | ret=SUCCESS |  
2019-08-30 05:17:49,317 | INFO  | DNAudit | user=null | ip=null | op=WRITE_CHUNK {blockData=conID: 1 locID: 102704235759600176 bcsId: 0} | ret=SUCCESS |  
2019-08-30 05:17:49,317 | INFO  | DNAudit | user=null | ip=null | op=WRITE_CHUNK {blockData=conID: 1 locID: 102704235759600176 bcsId: 0} | ret=SUCCESS |  
2019-08-30 05:17:49,317 | INFO  | DNAudit | user=null | ip=null | op=PUT_BLOCK {blockData=[blockId=conID: 1 locID: 102704235759600176 bcsId: 0,size=1048576]} | ret=SUCCESS |  
2019-08-30 05:17:49,318 | INFO  | DNAudit | user=null | ip=null | op=PUT_BLOCK {blockData=[blockId=conID: 1 locID: 102704235759600176 bcsId: 0,size=1048576]} | ret=SUCCESS |  
2019-08-30 05:17:49,318 [grpc-default-executor-5] INFO  client.GrpcClientProtocolClient (GrpcClientProtocolClient.java:onNext(255)) - client-574492D41EE7->134d4672-e322-4e4b-b7f3-5645abb0fe8c: receive RaftClientReply:client-574492D41EE7->134d4672-e322-4e4b-b7f3-5645abb0fe8c@group-3CB1DFFBCDC2, cid=2171, SUCCESS, logIndex=0, commits[134d4672-e322-4e4b-b7f3-5645abb0fe8c:c3188, 73af84f3-3e88-4c8c-894c-3ad307bcac8d:c3184, 730a25a1-dbec-44ed-975b-a44ab0096beb:c3184]
2019-08-30 05:17:49,320 | INFO  | DNAudit | user=null | ip=null | op=WRITE_CHUNK {blockData=conID: 1 locID: 102704235759600176 bcsId: 0} | ret=SUCCESS |  
2019-08-30 05:17:49,320 | INFO  | DNAudit | user=null | ip=null | op=WRITE_CHUNK {blockData=conID: 1 locID: 102704235759600176 bcsId: 0} | ret=SUCCESS |  
2019-08-30 05:17:49,320 | INFO  | DNAudit | user=null | ip=null | op=PUT_BLOCK {blockData=[blockId=conID: 1 locID: 102704235759600176 bcsId: 0,size=2097152]} | ret=SUCCESS |  
2019-08-30 05:17:49,320 | INFO  | DNAudit | user=null | ip=null | op=PUT_BLOCK {blockData=[blockId=conID: 1 locID: 102704235759600176 bcsId: 0,size=2097152]} | ret=SUCCESS |  
2019-08-30 05:17:49,324 | INFO  | DNAudit | user=null | ip=null | op=WRITE_CHUNK {blockData=conID: 1 locID: 102704235759600176 bcsId: 3186} | ret=SUCCESS |  
2019-08-30 05:17:49,325 | INFO  | DNAudit | user=null | ip=null | op=WRITE_CHUNK {blockData=conID: 1 locID: 102704235759600176 bcsId: 3186} | ret=SUCCESS |  
2019-08-30 05:17:49,325 | INFO  | DNAudit | user=null | ip=null | op=WRITE_CHUNK {blockData=conID: 1 locID: 102704235759600176 bcsId: 3186} | ret=SUCCESS |  
2019-08-30 05:17:49,336 | INFO  | DNAudit | user=null | ip=null | op=WRITE_CHUNK {blockData=conID: 1 locID: 102704235759600176 bcsId: 3186} | ret=SUCCESS |  
2019-08-30 05:17:49,336 | INFO  | DNAudit | user=null | ip=null | op=PUT_BLOCK {blockData=[blockId=conID: 1 locID: 102704235759600176 bcsId: 0,size=3145728]} | ret=SUCCESS |  
2019-08-30 05:17:49,337 [grpc-default-executor-5] INFO  client.GrpcClientProtocolClient (GrpcClientProtocolClient.java:onNext(255)) - client-574492D41EE7->134d4672-e322-4e4b-b7f3-5645abb0fe8c: receive RaftClientReply:client-574492D41EE7->134d4672-e322-4e4b-b7f3-5645abb0fe8c@group-3CB1DFFBCDC2, cid=2172, SUCCESS, logIndex=3191, commits[134d4672-e322-4e4b-b7f3-5645abb0fe8c:c3192, 73af84f3-3e88-4c8c-894c-3ad307bcac8d:c3190, 730a25a1-dbec-44ed-975b-a44ab0096beb:c3190]
2019-08-30 05:17:49,337 [grpc-default-executor-5] INFO  client.GrpcClientProtocolClient (GrpcClientProtocolClient.java:onNext(255)) - client-574492D41EE7->134d4672-e322-4e4b-b7f3-5645abb0fe8c: receive RaftClientReply:client-574492D41EE7->134d4672-e322-4e4b-b7f3-5645abb0fe8c@group-3CB1DFFBCDC2, cid=2173, SUCCESS, logIndex=3192, commits[134d4672-e322-4e4b-b7f3-5645abb0fe8c:c3192, 73af84f3-3e88-4c8c-894c-3ad307bcac8d:c3190, 730a25a1-dbec-44ed-975b-a44ab0096beb:c3190]
2019-08-30 05:17:49,342 | INFO  | DNAudit | user=null | ip=null | op=WRITE_CHUNK {blockData=conID: 1 locID: 102704235759600176 bcsId: 3192} | ret=SUCCESS |  
2019-08-30 05:17:49,344 | INFO  | DNAudit | user=null | ip=null | op=WRITE_CHUNK {blockData=conID: 1 locID: 102704235759600176 bcsId: 3192} | ret=SUCCESS |  
2019-08-30 05:17:49,345 | INFO  | DNAudit | user=null | ip=null | op=WRITE_CHUNK {blockData=conID: 1 locID: 102704235759600176 bcsId: 3192} | ret=SUCCESS |  
2019-08-30 05:17:49,349 | INFO  | DNAudit | user=null | ip=null | op=WRITE_CHUNK {blockData=conID: 1 locID: 102704235759600176 bcsId: 3186} | ret=SUCCESS |  
2019-08-30 05:17:49,349 | INFO  | DNAudit | user=null | ip=null | op=WRITE_CHUNK {blockData=conID: 1 locID: 102704235759600176 bcsId: 3186} | ret=SUCCESS |  
2019-08-30 05:17:49,350 | INFO  | DNAudit | user=null | ip=null | op=PUT_BLOCK {blockData=[blockId=conID: 1 locID: 102704235759600176 bcsId: 0,size=3145728]} | ret=SUCCESS |  
2019-08-30 05:17:49,350 | INFO  | DNAudit | user=null | ip=null | op=PUT_BLOCK {blockData=[blockId=conID: 1 locID: 102704235759600176 bcsId: 0,size=3145728]} | ret=SUCCESS |  
2019-08-30 05:17:49,353 | INFO  | DNAudit | user=null | ip=null | op=WRITE_CHUNK {blockData=conID: 1 locID: 102704235759600176 bcsId: 3192} | ret=SUCCESS |  
2019-08-30 05:17:49,353 | INFO  | DNAudit | user=null | ip=null | op=PUT_BLOCK {blockData=[blockId=conID: 1 locID: 102704235759600176 bcsId: 0,size=4194304]} | ret=SUCCESS |  
2019-08-30 05:17:49,353 [grpc-default-executor-3] INFO  client.GrpcClientProtocolClient (GrpcClientProtocolClient.java:onNext(255)) - client-574492D41EE7->134d4672-e322-4e4b-b7f3-5645abb0fe8c: receive RaftClientReply:client-574492D41EE7->134d4672-e322-4e4b-b7f3-5645abb0fe8c@group-3CB1DFFBCDC2, cid=2174, SUCCESS, logIndex=3195, commits[134d4672-e322-4e4b-b7f3-5645abb0fe8c:c3196, 73af84f3-3e88-4c8c-894c-3ad307bcac8d:c3192, 730a25a1-dbec-44ed-975b-a44ab0096beb:c3192]
2019-08-30 05:17:49,353 [grpc-default-executor-3] INFO  client.GrpcClientProtocolClient (GrpcClientProtocolClient.java:onNext(255)) - client-574492D41EE7->134d4672-e322-4e4b-b7f3-5645abb0fe8c: receive RaftClientReply:client-574492D41EE7->134d4672-e322-4e4b-b7f3-5645abb0fe8c@group-3CB1DFFBCDC2, cid=2175, SUCCESS, logIndex=3196, commits[134d4672-e322-4e4b-b7f3-5645abb0fe8c:c3196, 73af84f3-3e88-4c8c-894c-3ad307bcac8d:c3192, 730a25a1-dbec-44ed-975b-a44ab0096beb:c3192]
2019-08-30 05:17:49,363 | INFO  | DNAudit | user=null | ip=null | op=WRITE_CHUNK {blockData=conID: 1 locID: 102704235759600176 bcsId: 3192} | ret=SUCCESS |  
2019-08-30 05:17:49,363 | INFO  | DNAudit | user=null | ip=null | op=PUT_BLOCK {blockData=[blockId=conID: 1 locID: 102704235759600176 bcsId: 0,size=4194304]} | ret=SUCCESS |  
2019-08-30 05:17:49,363 | INFO  | DNAudit | user=null | ip=null | op=WRITE_CHUNK {blockData=conID: 1 locID: 102704235759600176 bcsId: 3192} | ret=SUCCESS |  
2019-08-30 05:17:49,366 | INFO  | DNAudit | user=null | ip=null | op=PUT_BLOCK {blockData=[blockId=conID: 1 locID: 102704235759600176 bcsId: 0,size=4194304]} | ret=SUCCESS |  
2019-08-30 05:17:49,366 [grpc-default-executor-6] INFO  client.GrpcClientProtocolClient (GrpcClientProtocolClient.java:onNext(255)) - client-574492D41EE7->134d4672-e322-4e4b-b7f3-5645abb0fe8c: receive RaftClientReply:client-574492D41EE7->134d4672-e322-4e4b-b7f3-5645abb0fe8c@group-3CB1DFFBCDC2, cid=2176, SUCCESS, logIndex=0, commits[134d4672-e322-4e4b-b7f3-5645abb0fe8c:c3197, 73af84f3-3e88-4c8c-894c-3ad307bcac8d:c3196, 730a25a1-dbec-44ed-975b-a44ab0096beb:c3196]
2019-08-30 05:17:49,370 | INFO  | SCMAudit | user=jenkins1000 | ip=192.168.36.106 | op=ALLOCATE_BLOCK {owner=85755eb5-052d-48fa-b271-2fe4d8754e12, size=4194304, type=RATIS, factor=THREE} | ret=SUCCESS |  
2019-08-30 05:17:49,372 | INFO  | OMAudit | user=jenkins1000 | ip=127.0.0.1 | op=ALLOCATE_BLOCK {volume=vol-0-00977, bucket=bucket-0-44205, key=key-0-32850, dataSize=0, replicationType=null, replicationFactor=null, keyLocationInfo=null, clientID=102704234570776978} | ret=SUCCESS |  
2019-08-30 05:17:49,378 | INFO  | DNAudit | user=null | ip=null | op=WRITE_CHUNK {blockData=conID: 2 locID: 102704235765432881 bcsId: 0} | ret=SUCCESS |  
2019-08-30 05:17:49,381 | INFO  | DNAudit | user=null | ip=null | op=WRITE_CHUNK {blockData=conID: 2 locID: 102704235765432881 bcsId: 0} | ret=SUCCESS |  
2019-08-30 05:17:49,381 | INFO  | DNAudit | user=null | ip=null | op=WRITE_CHUNK {blockData=conID: 2 locID: 102704235765432881 bcsId: 0} | ret=SUCCESS |  
2019-08-30 05:17:49,381 | INFO  | DNAudit | user=null | ip=null | op=WRITE_CHUNK {blockData=conID: 2 locID: 102704235765432881 bcsId: 0} | ret=SUCCESS |  
2019-08-30 05:17:49,382 | INFO  | DNAudit | user=null | ip=null | op=WRITE_CHUNK {blockData=conID: 2 locID: 102704235765432881 bcsId: 0} | ret=SUCCESS |  
2019-08-30 05:17:49,382 | INFO  | DNAudit | user=null | ip=null | op=WRITE_CHUNK {blockData=conID: 2 locID: 102704235765432881 bcsId: 0} | ret=SUCCESS |  
2019-08-30 05:17:49,391 | INFO  | DNAudit | user=null | ip=null | op=WRITE_CHUNK {blockData=conID: 2 locID: 102704235765432881 bcsId: 0} | ret=SUCCESS |  
2019-08-30 05:17:49,391 | INFO  | DNAudit | user=null | ip=null | op=PUT_BLOCK {blockData=[blockId=conID: 2 locID: 102704235765432881 bcsId: 0,size=1048576]} | ret=SUCCESS |  
2019-08-30 05:17:49,391 [grpc-default-executor-5] INFO  client.GrpcClientProtocolClient (GrpcClientProtocolClient.java:onNext(255)) - client-574492D41EE7->134d4672-e322-4e4b-b7f3-5645abb0fe8c: receive RaftClientReply:client-574492D41EE7->134d4672-e322-4e4b-b7f3-5645abb0fe8c@group-3CB1DFFBCDC2, cid=2177, SUCCESS, logIndex=3199, commits[134d4672-e322-4e4b-b7f3-5645abb0fe8c:c3200, 73af84f3-3e88-4c8c-894c-3ad307bcac8d:c3198, 730a25a1-dbec-44ed-975b-a44ab0096beb:c3198]
2019-08-30 05:17:49,392 | INFO  | DNAudit | user=null | ip=null | op=WRITE_CHUNK {blockData=conID: 2 locID: 102704235765432881 bcsId: 0} | ret=SUCCESS |  
2019-08-30 05:17:49,392 [grpc-default-executor-5] INFO  client.GrpcClientProtocolClient (GrpcClientProtocolClient.java:onNext(255)) - client-574492D41EE7->134d4672-e322-4e4b-b7f3-5645abb0fe8c: receive RaftClientReply:client-574492D41EE7->134d4672-e322-4e4b-b7f3-5645abb0fe8c@group-3CB1DFFBCDC2, cid=2178, SUCCESS, logIndex=3200, commits[134d4672-e322-4e4b-b7f3-5645abb0fe8c:c3202, 73af84f3-3e88-4c8c-894c-3ad307bcac8d:c3198, 730a25a1-dbec-44ed-975b-a44ab0096beb:c3198]
2019-08-30 05:17:49,392 | INFO  | DNAudit | user=null | ip=null | op=PUT_BLOCK {blockData=[blockId=conID: 2 locID: 102704235765432881 bcsId: 0,size=2097152]} | ret=SUCCESS |  
2019-08-30 05:17:49,392 [grpc-default-executor-3] INFO  client.GrpcClientProtocolClient (GrpcClientProtocolClient.java:onNext(255)) - client-574492D41EE7->134d4672-e322-4e4b-b7f3-5645abb0fe8c: receive RaftClientReply:client-574492D41EE7->134d4672-e322-4e4b-b7f3-5645abb0fe8c@group-3CB1DFFBCDC2, cid=2179, SUCCESS, logIndex=3201, commits[134d4672-e322-4e4b-b7f3-5645abb0fe8c:c3202, 73af84f3-3e88-4c8c-894c-3ad307bcac8d:c3198, 730a25a1-dbec-44ed-975b-a44ab0096beb:c3198]
2019-08-30 05:17:49,393 [grpc-default-executor-3] INFO  client.GrpcClientProtocolClient (GrpcClientProtocolClient.java:onNext(255)) - client-574492D41EE7->134d4672-e322-4e4b-b7f3-5645abb0fe8c: receive RaftClientReply:client-574492D41EE7->134d4672-e322-4e4b-b7f3-5645abb0fe8c@group-3CB1DFFBCDC2, cid=2180, SUCCESS, logIndex=3202, commits[134d4672-e322-4e4b-b7f3-5645abb0fe8c:c3202, 73af84f3-3e88-4c8c-894c-3ad307bcac8d:c3198, 730a25a1-dbec-44ed-975b-a44ab0096beb:c3198]
2019-08-30 05:17:49,394 | INFO  | DNAudit | user=null | ip=null | op=WRITE_CHUNK {blockData=conID: 2 locID: 102704235765432881 bcsId: 0} | ret=SUCCESS |  
2019-08-30 05:17:49,395 | INFO  | DNAudit | user=null | ip=null | op=PUT_BLOCK {blockData=[blockId=conID: 2 locID: 102704235765432881 bcsId: 0,size=1048576]} | ret=SUCCESS |  
2019-08-30 05:17:49,396 | INFO  | DNAudit | user=null | ip=null | op=WRITE_CHUNK {blockData=conID: 2 locID: 102704235765432881 bcsId: 0} | ret=SUCCESS |  
2019-08-30 05:17:49,396 | INFO  | DNAudit | user=null | ip=null | op=PUT_BLOCK {blockData=[blockId=conID: 2 locID: 102704235765432881 bcsId: 0,size=1048576]} | ret=SUCCESS |  
2019-08-30 05:17:49,396 | INFO  | DNAudit | user=null | ip=null | op=WRITE_CHUNK {blockData=conID: 2 locID: 102704235765432881 bcsId: 0} | ret=SUCCESS |  
2019-08-30 05:17:49,396 | INFO  | DNAudit | user=null | ip=null | op=WRITE_CHUNK {blockData=conID: 2 locID: 102704235765432881 bcsId: 0} | ret=SUCCESS |  
2019-08-30 05:17:49,396 | INFO  | DNAudit | user=null | ip=null | op=PUT_BLOCK {blockData=[blockId=conID: 2 locID: 102704235765432881 bcsId: 0,size=2097152]} | ret=SUCCESS |  
2019-08-30 05:17:49,396 | INFO  | DNAudit | user=null | ip=null | op=PUT_BLOCK {blockData=[blockId=conID: 2 locID: 102704235765432881 bcsId: 0,size=2097152]} | ret=SUCCESS |  
2019-08-30 05:17:49,396 [grpc-default-executor-5] INFO  client.GrpcClientProtocolClient (GrpcClientProtocolClient.java:onNext(255)) - client-574492D41EE7->134d4672-e322-4e4b-b7f3-5645abb0fe8c: receive RaftClientReply:client-574492D41EE7->134d4672-e322-4e4b-b7f3-5645abb0fe8c@group-3CB1DFFBCDC2, cid=2181, SUCCESS, logIndex=0, commits[134d4672-e322-4e4b-b7f3-5645abb0fe8c:c3203, 73af84f3-3e88-4c8c-894c-3ad307bcac8d:c3200, 730a25a1-dbec-44ed-975b-a44ab0096beb:c3200]
2019-08-30 05:17:49,402 | INFO  | DNAudit | user=null | ip=null | op=WRITE_CHUNK {blockData=conID: 2 locID: 102704235765432881 bcsId: 3202} | ret=SUCCESS |  
2019-08-30 05:17:49,404 | INFO  | DNAudit | user=null | ip=null | op=WRITE_CHUNK {blockData=conID: 2 locID: 102704235765432881 bcsId: 3202} | ret=SUCCESS |  
2019-08-30 05:17:49,404 | INFO  | DNAudit | user=null | ip=null | op=WRITE_CHUNK {blockData=conID: 2 locID: 102704235765432881 bcsId: 3202} | ret=SUCCESS |  
2019-08-30 05:17:49,407 | INFO  | DNAudit | user=null | ip=null | op=WRITE_CHUNK {blockData=conID: 2 locID: 102704235765432881 bcsId: 3202} | ret=SUCCESS |  
2019-08-30 05:17:49,408 | INFO  | DNAudit | user=null | ip=null | op=PUT_BLOCK {blockData=[blockId=conID: 2 locID: 102704235765432881 bcsId: 0,size=3145728]} | ret=SUCCESS |  
2019-08-30 05:17:49,408 [grpc-default-executor-5] INFO  client.GrpcClientProtocolClient (GrpcClientProtocolClient.java:onNext(255)) - client-574492D41EE7->134d4672-e322-4e4b-b7f3-5645abb0fe8c: receive RaftClientReply:client-574492D41EE7->134d4672-e322-4e4b-b7f3-5645abb0fe8c@group-3CB1DFFBCDC2, cid=2182, SUCCESS, logIndex=3206, commits[134d4672-e322-4e4b-b7f3-5645abb0fe8c:c3207, 73af84f3-3e88-4c8c-894c-3ad307bcac8d:c3205, 730a25a1-dbec-44ed-975b-a44ab0096beb:c3205]
2019-08-30 05:17:49,408 [grpc-default-executor-5] INFO  client.GrpcClientProtocolClient (GrpcClientProtocolClient.java:onNext(255)) - client-574492D41EE7->134d4672-e322-4e4b-b7f3-5645abb0fe8c: receive RaftClientReply:client-574492D41EE7->134d4672-e322-4e4b-b7f3-5645abb0fe8c@group-3CB1DFFBCDC2, cid=2183, SUCCESS, logIndex=3207, commits[134d4672-e322-4e4b-b7f3-5645abb0fe8c:c3207, 73af84f3-3e88-4c8c-894c-3ad307bcac8d:c3205, 730a25a1-dbec-44ed-975b-a44ab0096beb:c3205]
2019-08-30 05:17:49,411 | INFO  | DNAudit | user=null | ip=null | op=WRITE_CHUNK {blockData=conID: 2 locID: 102704235765432881 bcsId: 3202} | ret=SUCCESS |  
2019-08-30 05:17:49,411 | INFO  | DNAudit | user=null | ip=null | op=WRITE_CHUNK {blockData=conID: 2 locID: 102704235765432881 bcsId: 3202} | ret=SUCCESS |  
2019-08-30 05:17:49,411 | INFO  | DNAudit | user=null | ip=null | op=PUT_BLOCK {blockData=[blockId=conID: 2 locID: 102704235765432881 bcsId: 0,size=3145728]} | ret=SUCCESS |  
2019-08-30 05:17:49,411 | INFO  | DNAudit | user=null | ip=null | op=PUT_BLOCK {blockData=[blockId=conID: 2 locID: 102704235765432881 bcsId: 0,size=3145728]} | ret=SUCCESS |  
2019-08-30 05:17:49,413 | INFO  | DNAudit | user=null | ip=null | op=WRITE_CHUNK {blockData=conID: 2 locID: 102704235765432881 bcsId: 3207} | ret=SUCCESS |  
2019-08-30 05:17:49,415 | INFO  | DNAudit | user=null | ip=null | op=WRITE_CHUNK {blockData=conID: 2 locID: 102704235765432881 bcsId: 3207} | ret=SUCCESS |  
2019-08-30 05:17:49,416 | INFO  | DNAudit | user=null | ip=null | op=WRITE_CHUNK {blockData=conID: 2 locID: 102704235765432881 bcsId: 3207} | ret=SUCCESS |  
2019-08-30 05:17:49,426 | INFO  | DNAudit | user=null | ip=null | op=WRITE_CHUNK {blockData=conID: 2 locID: 102704235765432881 bcsId: 3207} | ret=SUCCESS |  
2019-08-30 05:17:49,426 | INFO  | DNAudit | user=null | ip=null | op=PUT_BLOCK {blockData=[blockId=conID: 2 locID: 102704235765432881 bcsId: 0,size=4194304]} | ret=SUCCESS |  
2019-08-30 05:17:49,427 [grpc-default-executor-5] INFO  client.GrpcClientProtocolClient (GrpcClientProtocolClient.java:onNext(255)) - client-574492D41EE7->134d4672-e322-4e4b-b7f3-5645abb0fe8c: receive RaftClientReply:client-574492D41EE7->134d4672-e322-4e4b-b7f3-5645abb0fe8c@group-3CB1DFFBCDC2, cid=2184, SUCCESS, logIndex=3210, commits[134d4672-e322-4e4b-b7f3-5645abb0fe8c:c3211, 73af84f3-3e88-4c8c-894c-3ad307bcac8d:c3209, 730a25a1-dbec-44ed-975b-a44ab0096beb:c3209]
2019-08-30 05:17:49,427 [grpc-default-executor-5] INFO  client.GrpcClientProtocolClient (GrpcClientProtocolClient.java:onNext(255)) - client-574492D41EE7->134d4672-e322-4e4b-b7f3-5645abb0fe8c: receive RaftClientReply:client-574492D41EE7->134d4672-e322-4e4b-b7f3-5645abb0fe8c@group-3CB1DFFBCDC2, cid=2185, SUCCESS, logIndex=3211, commits[134d4672-e322-4e4b-b7f3-5645abb0fe8c:c3211, 73af84f3-3e88-4c8c-894c-3ad307bcac8d:c3209, 730a25a1-dbec-44ed-975b-a44ab0096beb:c3209]
2019-08-30 05:17:49,442 | INFO  | DNAudit | user=null | ip=null | op=WRITE_CHUNK {blockData=conID: 2 locID: 102704235765432881 bcsId: 3207} | ret=SUCCESS |  
2019-08-30 05:17:49,442 | INFO  | DNAudit | user=null | ip=null | op=WRITE_CHUNK {blockData=conID: 2 locID: 102704235765432881 bcsId: 3207} | ret=SUCCESS |  
2019-08-30 05:17:49,444 | INFO  | DNAudit | user=null | ip=null | op=PUT_BLOCK {blockData=[blockId=conID: 2 locID: 102704235765432881 bcsId: 0,size=4194304]} | ret=SUCCESS |  
2019-08-30 05:17:49,444 | INFO  | DNAudit | user=null | ip=null | op=PUT_BLOCK {blockData=[blockId=conID: 2 locID: 102704235765432881 bcsId: 0,size=4194304]} | ret=SUCCESS |  
2019-08-30 05:17:49,445 [grpc-default-executor-5] INFO  client.GrpcClientProtocolClient (GrpcClientProtocolClient.java:onNext(255)) - client-574492D41EE7->134d4672-e322-4e4b-b7f3-5645abb0fe8c: receive RaftClientReply:client-574492D41EE7->134d4672-e322-4e4b-b7f3-5645abb0fe8c@group-3CB1DFFBCDC2, cid=2186, SUCCESS, logIndex=0, commits[134d4672-e322-4e4b-b7f3-5645abb0fe8c:c3213, 73af84f3-3e88-4c8c-894c-3ad307bcac8d:c3211, 730a25a1-dbec-44ed-975b-a44ab0096beb:c3211]
2019-08-30 05:17:49,449 | INFO  | SCMAudit | user=jenkins1000 | ip=192.168.36.106 | op=ALLOCATE_BLOCK {owner=85755eb5-052d-48fa-b271-2fe4d8754e12, size=4194304, type=RATIS, factor=THREE} | ret=SUCCESS |  
2019-08-30 05:17:49,452 | INFO  | OMAudit | user=jenkins1000 | ip=127.0.0.1 | op=ALLOCATE_BLOCK {volume=vol-0-00977, bucket=bucket-0-44205, key=key-0-32850, dataSize=0, replicationType=null, replicationFactor=null, keyLocationInfo=null, clientID=102704234570776978} | ret=SUCCESS |  
2019-08-30 05:17:49,458 | INFO  | DNAudit | user=null | ip=null | op=WRITE_CHUNK {blockData=conID: 3 locID: 102704235770610226 bcsId: 0} | ret=SUCCESS |  
2019-08-30 05:17:49,460 | INFO  | DNAudit | user=null | ip=null | op=WRITE_CHUNK {blockData=conID: 3 locID: 102704235770610226 bcsId: 0} | ret=SUCCESS |  
2019-08-30 05:17:49,460 | INFO  | DNAudit | user=null | ip=null | op=WRITE_CHUNK {blockData=conID: 3 locID: 102704235770610226 bcsId: 0} | ret=SUCCESS |  
2019-08-30 05:17:49,461 | INFO  | DNAudit | user=null | ip=null | op=WRITE_CHUNK {blockData=conID: 3 locID: 102704235770610226 bcsId: 0} | ret=SUCCESS |  
2019-08-30 05:17:49,462 | INFO  | DNAudit | user=null | ip=null | op=WRITE_CHUNK {blockData=conID: 3 locID: 102704235770610226 bcsId: 0} | ret=SUCCESS |  
2019-08-30 05:17:49,462 | INFO  | DNAudit | user=null | ip=null | op=WRITE_CHUNK {blockData=conID: 3 locID: 102704235770610226 bcsId: 0} | ret=SUCCESS |  
2019-08-30 05:17:49,470 | INFO  | DNAudit | user=null | ip=null | op=WRITE_CHUNK {blockData=conID: 3 locID: 102704235770610226 bcsId: 0} | ret=SUCCESS |  
2019-08-30 05:17:49,470 | INFO  | DNAudit | user=null | ip=null | op=PUT_BLOCK {blockData=[blockId=conID: 3 locID: 102704235770610226 bcsId: 0,size=1048576]} | ret=SUCCESS |  
2019-08-30 05:17:49,470 [grpc-default-executor-1] INFO  client.GrpcClientProtocolClient (GrpcClientProtocolClient.java:onNext(255)) - client-574492D41EE7->134d4672-e322-4e4b-b7f3-5645abb0fe8c: receive RaftClientReply:client-574492D41EE7->134d4672-e322-4e4b-b7f3-5645abb0fe8c@group-3CB1DFFBCDC2, cid=2187, SUCCESS, logIndex=3214, commits[134d4672-e322-4e4b-b7f3-5645abb0fe8c:c3215, 73af84f3-3e88-4c8c-894c-3ad307bcac8d:c3213, 730a25a1-dbec-44ed-975b-a44ab0096beb:c3213]
2019-08-30 05:17:49,471 | INFO  | DNAudit | user=null | ip=null | op=WRITE_CHUNK {blockData=conID: 3 locID: 102704235770610226 bcsId: 0} | ret=SUCCESS |  
2019-08-30 05:17:49,471 [grpc-default-executor-1] INFO  client.GrpcClientProtocolClient (GrpcClientProtocolClient.java:onNext(255)) - client-574492D41EE7->134d4672-e322-4e4b-b7f3-5645abb0fe8c: receive RaftClientReply:client-574492D41EE7->134d4672-e322-4e4b-b7f3-5645abb0fe8c@group-3CB1DFFBCDC2, cid=2188, SUCCESS, logIndex=3215, commits[134d4672-e322-4e4b-b7f3-5645abb0fe8c:c3215, 73af84f3-3e88-4c8c-894c-3ad307bcac8d:c3213, 730a25a1-dbec-44ed-975b-a44ab0096beb:c3213]
2019-08-30 05:17:49,471 | INFO  | DNAudit | user=null | ip=null | op=PUT_BLOCK {blockData=[blockId=conID: 3 locID: 102704235770610226 bcsId: 0,size=2097152]} | ret=SUCCESS |  
2019-08-30 05:17:49,471 [grpc-default-executor-1] INFO  client.GrpcClientProtocolClient (GrpcClientProtocolClient.java:onNext(255)) - client-574492D41EE7->134d4672-e322-4e4b-b7f3-5645abb0fe8c: receive RaftClientReply:client-574492D41EE7->134d4672-e322-4e4b-b7f3-5645abb0fe8c@group-3CB1DFFBCDC2, cid=2189, SUCCESS, logIndex=3216, commits[134d4672-e322-4e4b-b7f3-5645abb0fe8c:c3217, 73af84f3-3e88-4c8c-894c-3ad307bcac8d:c3213, 730a25a1-dbec-44ed-975b-a44ab0096beb:c3213]
2019-08-30 05:17:49,471 [grpc-default-executor-1] INFO  client.GrpcClientProtocolClient (GrpcClientProtocolClient.java:onNext(255)) - client-574492D41EE7->134d4672-e322-4e4b-b7f3-5645abb0fe8c: receive RaftClientReply:client-574492D41EE7->134d4672-e322-4e4b-b7f3-5645abb0fe8c@group-3CB1DFFBCDC2, cid=2190, SUCCESS, logIndex=3217, commits[134d4672-e322-4e4b-b7f3-5645abb0fe8c:c3217, 73af84f3-3e88-4c8c-894c-3ad307bcac8d:c3213, 730a25a1-dbec-44ed-975b-a44ab0096beb:c3213]
2019-08-30 05:17:49,491 | INFO  | DNAudit | user=null | ip=null | op=WRITE_CHUNK {blockData=conID: 3 locID: 102704235770610226 bcsId: 0} | ret=SUCCESS |  
2019-08-30 05:17:49,491 | INFO  | DNAudit | user=null | ip=null | op=PUT_BLOCK {blockData=[blockId=conID: 3 locID: 102704235770610226 bcsId: 0,size=1048576]} | ret=SUCCESS |  
2019-08-30 05:17:49,492 | INFO  | DNAudit | user=null | ip=null | op=WRITE_CHUNK {blockData=conID: 3 locID: 102704235770610226 bcsId: 0} | ret=SUCCESS |  
2019-08-30 05:17:49,492 [grpc-default-executor-1] INFO  client.GrpcClientProtocolClient (GrpcClientProtocolClient.java:onNext(255)) - client-574492D41EE7->134d4672-e322-4e4b-b7f3-5645abb0fe8c: receive RaftClientReply:client-574492D41EE7->134d4672-e322-4e4b-b7f3-5645abb0fe8c@group-3CB1DFFBCDC2, cid=2191, SUCCESS, logIndex=0, commits[134d4672-e322-4e4b-b7f3-5645abb0fe8c:c3219, 73af84f3-3e88-4c8c-894c-3ad307bcac8d:c3215, 730a25a1-dbec-44ed-975b-a44ab0096beb:c3215]
2019-08-30 05:17:49,492 | INFO  | DNAudit | user=null | ip=null | op=PUT_BLOCK {blockData=[blockId=conID: 3 locID: 102704235770610226 bcsId: 0,size=2097152]} | ret=SUCCESS |  
2019-08-30 05:17:49,497 | INFO  | DNAudit | user=null | ip=null | op=WRITE_CHUNK {blockData=conID: 3 locID: 102704235770610226 bcsId: 0} | ret=SUCCESS |  
2019-08-30 05:17:49,497 | INFO  | DNAudit | user=null | ip=null | op=PUT_BLOCK {blockData=[blockId=conID: 3 locID: 102704235770610226 bcsId: 0,size=1048576]} | ret=SUCCESS |  
2019-08-30 05:17:49,498 | INFO  | DNAudit | user=null | ip=null | op=WRITE_CHUNK {blockData=conID: 3 locID: 102704235770610226 bcsId: 0} | ret=SUCCESS |  
2019-08-30 05:17:49,498 | INFO  | DNAudit | user=null | ip=null | op=WRITE_CHUNK {blockData=conID: 3 locID: 102704235770610226 bcsId: 3217} | ret=SUCCESS |  
2019-08-30 05:17:49,498 | INFO  | DNAudit | user=null | ip=null | op=PUT_BLOCK {blockData=[blockId=conID: 3 locID: 102704235770610226 bcsId: 0,size=2097152]} | ret=SUCCESS |  
2019-08-30 05:17:49,500 | INFO  | DNAudit | user=null | ip=null | op=WRITE_CHUNK {blockData=conID: 3 locID: 102704235770610226 bcsId: 3217} | ret=SUCCESS |  
2019-08-30 05:17:49,500 | INFO  | DNAudit | user=null | ip=null | op=WRITE_CHUNK {blockData=conID: 3 locID: 102704235770610226 bcsId: 3217} | ret=SUCCESS |  
2019-08-30 05:17:49,511 | INFO  | DNAudit | user=null | ip=null | op=WRITE_CHUNK {blockData=conID: 3 locID: 102704235770610226 bcsId: 3217} | ret=SUCCESS |  
2019-08-30 05:17:49,512 | INFO  | DNAudit | user=null | ip=null | op=PUT_BLOCK {blockData=[blockId=conID: 3 locID: 102704235770610226 bcsId: 0,size=3145728]} | ret=SUCCESS |  
2019-08-30 05:17:49,512 [grpc-default-executor-5] INFO  client.GrpcClientProtocolClient (GrpcClientProtocolClient.java:onNext(255)) - client-574492D41EE7->134d4672-e322-4e4b-b7f3-5645abb0fe8c: receive RaftClientReply:client-574492D41EE7->134d4672-e322-4e4b-b7f3-5645abb0fe8c@group-3CB1DFFBCDC2, cid=2192, SUCCESS, logIndex=3222, commits[134d4672-e322-4e4b-b7f3-5645abb0fe8c:c3223, 73af84f3-3e88-4c8c-894c-3ad307bcac8d:c3221, 730a25a1-dbec-44ed-975b-a44ab0096beb:c3221]
2019-08-30 05:17:49,512 [grpc-default-executor-5] INFO  client.GrpcClientProtocolClient (GrpcClientProtocolClient.java:onNext(255)) - client-574492D41EE7->134d4672-e322-4e4b-b7f3-5645abb0fe8c: receive RaftClientReply:client-574492D41EE7->134d4672-e322-4e4b-b7f3-5645abb0fe8c@group-3CB1DFFBCDC2, cid=2193, SUCCESS, logIndex=3223, commits[134d4672-e322-4e4b-b7f3-5645abb0fe8c:c3223, 73af84f3-3e88-4c8c-894c-3ad307bcac8d:c3221, 730a25a1-dbec-44ed-975b-a44ab0096beb:c3221]
2019-08-30 05:17:49,517 | INFO  | DNAudit | user=null | ip=null | op=WRITE_CHUNK {blockData=conID: 3 locID: 102704235770610226 bcsId: 3223} | ret=SUCCESS |  
2019-08-30 05:17:49,519 | INFO  | DNAudit | user=null | ip=null | op=WRITE_CHUNK {blockData=conID: 3 locID: 102704235770610226 bcsId: 3223} | ret=SUCCESS |  
2019-08-30 05:17:49,519 | INFO  | DNAudit | user=null | ip=null | op=WRITE_CHUNK {blockData=conID: 3 locID: 102704235770610226 bcsId: 3223} | ret=SUCCESS |  
2019-08-30 05:17:49,523 | INFO  | DNAudit | user=null | ip=null | op=WRITE_CHUNK {blockData=conID: 3 locID: 102704235770610226 bcsId: 3217} | ret=SUCCESS |  
2019-08-30 05:17:49,523 | INFO  | DNAudit | user=null | ip=null | op=WRITE_CHUNK {blockData=conID: 3 locID: 102704235770610226 bcsId: 3217} | ret=SUCCESS |  
2019-08-30 05:17:49,526 | INFO  | DNAudit | user=null | ip=null | op=PUT_BLOCK {blockData=[blockId=conID: 3 locID: 102704235770610226 bcsId: 0,size=3145728]} | ret=SUCCESS |  
2019-08-30 05:17:49,526 | INFO  | DNAudit | user=null | ip=null | op=PUT_BLOCK {blockData=[blockId=conID: 3 locID: 102704235770610226 bcsId: 0,size=3145728]} | ret=SUCCESS |  
2019-08-30 05:17:49,526 | INFO  | DNAudit | user=null | ip=null | op=WRITE_CHUNK {blockData=conID: 3 locID: 102704235770610226 bcsId: 3223} | ret=SUCCESS |  
2019-08-30 05:17:49,527 | INFO  | DNAudit | user=null | ip=null | op=PUT_BLOCK {blockData=[blockId=conID: 3 locID: 102704235770610226 bcsId: 0,size=4194304]} | ret=SUCCESS |  
2019-08-30 05:17:49,527 [grpc-default-executor-6] INFO  client.GrpcClientProtocolClient (GrpcClientProtocolClient.java:onNext(255)) - client-574492D41EE7->134d4672-e322-4e4b-b7f3-5645abb0fe8c: receive RaftClientReply:client-574492D41EE7->134d4672-e322-4e4b-b7f3-5645abb0fe8c@group-3CB1DFFBCDC2, cid=2194, SUCCESS, logIndex=3226, commits[134d4672-e322-4e4b-b7f3-5645abb0fe8c:c3227, 73af84f3-3e88-4c8c-894c-3ad307bcac8d:c3223, 730a25a1-dbec-44ed-975b-a44ab0096beb:c3223]
2019-08-30 05:17:49,527 [grpc-default-executor-6] INFO  client.GrpcClientProtocolClient (GrpcClientProtocolClient.java:onNext(255)) - client-574492D41EE7->134d4672-e322-4e4b-b7f3-5645abb0fe8c: receive RaftClientReply:client-574492D41EE7->134d4672-e322-4e4b-b7f3-5645abb0fe8c@group-3CB1DFFBCDC2, cid=2195, SUCCESS, logIndex=3227, commits[134d4672-e322-4e4b-b7f3-5645abb0fe8c:c3227, 73af84f3-3e88-4c8c-894c-3ad307bcac8d:c3223, 730a25a1-dbec-44ed-975b-a44ab0096beb:c3223]
2019-08-30 05:17:49,540 | INFO  | DNAudit | user=null | ip=null | op=WRITE_CHUNK {blockData=conID: 3 locID: 102704235770610226 bcsId: 3223} | ret=SUCCESS |  
2019-08-30 05:17:49,540 | INFO  | DNAudit | user=null | ip=null | op=WRITE_CHUNK {blockData=conID: 3 locID: 102704235770610226 bcsId: 3223} | ret=SUCCESS |  
2019-08-30 05:17:49,551 | INFO  | DNAudit | user=null | ip=null | op=PUT_BLOCK {blockData=[blockId=conID: 3 locID: 102704235770610226 bcsId: 0,size=4194304]} | ret=SUCCESS |  
2019-08-30 05:17:49,551 | INFO  | DNAudit | user=null | ip=null | op=PUT_BLOCK {blockData=[blockId=conID: 3 locID: 102704235770610226 bcsId: 0,size=4194304]} | ret=SUCCESS |  
2019-08-30 05:17:49,552 [grpc-default-executor-6] INFO  client.GrpcClientProtocolClient (GrpcClientProtocolClient.java:onNext(255)) - client-574492D41EE7->134d4672-e322-4e4b-b7f3-5645abb0fe8c: receive RaftClientReply:client-574492D41EE7->134d4672-e322-4e4b-b7f3-5645abb0fe8c@group-3CB1DFFBCDC2, cid=2196, SUCCESS, logIndex=0, commits[134d4672-e322-4e4b-b7f3-5645abb0fe8c:c3229, 73af84f3-3e88-4c8c-894c-3ad307bcac8d:c3227, 730a25a1-dbec-44ed-975b-a44ab0096beb:c3227]
2019-08-30 05:17:49,555 | INFO  | SCMAudit | user=jenkins1000 | ip=192.168.36.106 | op=ALLOCATE_BLOCK {owner=85755eb5-052d-48fa-b271-2fe4d8754e12, size=4194304, type=RATIS, factor=THREE} | ret=SUCCESS |  
2019-08-30 05:17:49,557 | INFO  | OMAudit | user=jenkins1000 | ip=127.0.0.1 | op=ALLOCATE_BLOCK {volume=vol-0-00977, bucket=bucket-0-44205, key=key-0-32850, dataSize=0, replicationType=null, replicationFactor=null, keyLocationInfo=null, clientID=102704234570776978} | ret=SUCCESS |  
2019-08-30 05:17:49,563 | INFO  | DNAudit | user=null | ip=null | op=WRITE_CHUNK {blockData=conID: 1 locID: 102704235777557043 bcsId: 0} | ret=SUCCESS |  
2019-08-30 05:17:49,566 | INFO  | DNAudit | user=null | ip=null | op=WRITE_CHUNK {blockData=conID: 1 locID: 102704235777557043 bcsId: 0} | ret=SUCCESS |  
2019-08-30 05:17:49,566 | INFO  | DNAudit | user=null | ip=null | op=WRITE_CHUNK {blockData=conID: 1 locID: 102704235777557043 bcsId: 0} | ret=SUCCESS |  
2019-08-30 05:17:49,566 | INFO  | DNAudit | user=null | ip=null | op=WRITE_CHUNK {blockData=conID: 1 locID: 102704235777557043 bcsId: 0} | ret=SUCCESS |  
2019-08-30 05:17:49,567 | INFO  | DNAudit | user=null | ip=null | op=WRITE_CHUNK {blockData=conID: 1 locID: 102704235777557043 bcsId: 0} | ret=SUCCESS |  
2019-08-30 05:17:49,567 | INFO  | DNAudit | user=null | ip=null | op=WRITE_CHUNK {blockData=conID: 1 locID: 102704235777557043 bcsId: 0} | ret=SUCCESS |  
2019-08-30 05:17:49,576 | INFO  | DNAudit | user=null | ip=null | op=WRITE_CHUNK {blockData=conID: 1 locID: 102704235777557043 bcsId: 0} | ret=SUCCESS |  
2019-08-30 05:17:49,577 | INFO  | DNAudit | user=null | ip=null | op=PUT_BLOCK {blockData=[blockId=conID: 1 locID: 102704235777557043 bcsId: 0,size=1048576]} | ret=SUCCESS |  
2019-08-30 05:17:49,577 | INFO  | DNAudit | user=null | ip=null | op=WRITE_CHUNK {blockData=conID: 1 locID: 102704235777557043 bcsId: 0} | ret=SUCCESS |  
2019-08-30 05:17:49,577 [grpc-default-executor-3] INFO  client.GrpcClientProtocolClient (GrpcClientProtocolClient.java:onNext(255)) - client-574492D41EE7->134d4672-e322-4e4b-b7f3-5645abb0fe8c: receive RaftClientReply:client-574492D41EE7->134d4672-e322-4e4b-b7f3-5645abb0fe8c@group-3CB1DFFBCDC2, cid=2197, SUCCESS, logIndex=3230, commits[134d4672-e322-4e4b-b7f3-5645abb0fe8c:c3232, 73af84f3-3e88-4c8c-894c-3ad307bcac8d:c3229, 730a25a1-dbec-44ed-975b-a44ab0096beb:c3229]
2019-08-30 05:17:49,577 | INFO  | DNAudit | user=null | ip=null | op=PUT_BLOCK {blockData=[blockId=conID: 1 locID: 102704235777557043 bcsId: 0,size=2097152]} | ret=SUCCESS |  
2019-08-30 05:17:49,577 | INFO  | SCMAudit | user=jenkins1000 | ip=192.168.36.106 | op=SEND_HEARTBEAT {datanodeUUID=b91a4442-fd83-4a66-bee2-5c7959dbabc3, command=[]} | ret=SUCCESS |  
2019-08-30 05:17:49,577 [grpc-default-executor-3] INFO  client.GrpcClientProtocolClient (GrpcClientProtocolClient.java:onNext(255)) - client-574492D41EE7->134d4672-e322-4e4b-b7f3-5645abb0fe8c: receive RaftClientReply:client-574492D41EE7->134d4672-e322-4e4b-b7f3-5645abb0fe8c@group-3CB1DFFBCDC2, cid=2198, SUCCESS, logIndex=3231, commits[134d4672-e322-4e4b-b7f3-5645abb0fe8c:c3233, 73af84f3-3e88-4c8c-894c-3ad307bcac8d:c3229, 730a25a1-dbec-44ed-975b-a44ab0096beb:c3229]
2019-08-30 05:17:49,578 | INFO  | DNAudit | user=null | ip=null | op=WRITE_CHUNK {blockData=conID: 1 locID: 102704235777557043 bcsId: 0} | ret=SUCCESS |  
2019-08-30 05:17:49,578 [grpc-default-executor-3] INFO  client.GrpcClientProtocolClient (GrpcClientProtocolClient.java:onNext(255)) - client-574492D41EE7->134d4672-e322-4e4b-b7f3-5645abb0fe8c: receive RaftClientReply:client-574492D41EE7->134d4672-e322-4e4b-b7f3-5645abb0fe8c@group-3CB1DFFBCDC2, cid=2199, SUCCESS, logIndex=3232, commits[134d4672-e322-4e4b-b7f3-5645abb0fe8c:c3233, 73af84f3-3e88-4c8c-894c-3ad307bcac8d:c3229, 730a25a1-dbec-44ed-975b-a44ab0096beb:c3229]
2019-08-30 05:17:49,578 | INFO  | DNAudit | user=null | ip=null | op=WRITE_CHUNK {blockData=conID: 1 locID: 102704235777557043 bcsId: 0} | ret=SUCCESS |  
2019-08-30 05:17:49,578 [grpc-default-executor-3] INFO  client.GrpcClientProtocolClient (GrpcClientProtocolClient.java:onNext(255)) - client-574492D41EE7->134d4672-e322-4e4b-b7f3-5645abb0fe8c: receive RaftClientReply:client-574492D41EE7->134d4672-e322-4e4b-b7f3-5645abb0fe8c@group-3CB1DFFBCDC2, cid=2200, SUCCESS, logIndex=3233, commits[134d4672-e322-4e4b-b7f3-5645abb0fe8c:c3233, 73af84f3-3e88-4c8c-894c-3ad307bcac8d:c3229, 730a25a1-dbec-44ed-975b-a44ab0096beb:c3229]
2019-08-30 05:17:49,578 | INFO  | DNAudit | user=null | ip=null | op=PUT_BLOCK {blockData=[blockId=conID: 1 locID: 102704235777557043 bcsId: 0,size=1048576]} | ret=SUCCESS |  
2019-08-30 05:17:49,579 | INFO  | DNAudit | user=null | ip=null | op=PUT_BLOCK {blockData=[blockId=conID: 1 locID: 102704235777557043 bcsId: 0,size=1048576]} | ret=SUCCESS |  
2019-08-30 05:17:49,579 | INFO  | DNAudit | user=null | ip=null | op=WRITE_CHUNK {blockData=conID: 1 locID: 102704235777557043 bcsId: 0} | ret=SUCCESS |  
2019-08-30 05:17:49,579 | INFO  | DNAudit | user=null | ip=null | op=PUT_BLOCK {blockData=[blockId=conID: 1 locID: 102704235777557043 bcsId: 0,size=2097152]} | ret=SUCCESS |  
2019-08-30 05:17:49,579 [grpc-default-executor-3] INFO  client.GrpcClientProtocolClient (GrpcClientProtocolClient.java:onNext(255)) - client-574492D41EE7->134d4672-e322-4e4b-b7f3-5645abb0fe8c: receive RaftClientReply:client-574492D41EE7->134d4672-e322-4e4b-b7f3-5645abb0fe8c@group-3CB1DFFBCDC2, cid=2201, SUCCESS, logIndex=0, commits[134d4672-e322-4e4b-b7f3-5645abb0fe8c:c3235, 73af84f3-3e88-4c8c-894c-3ad307bcac8d:c3231, 730a25a1-dbec-44ed-975b-a44ab0096beb:c3231]
2019-08-30 05:17:49,580 | INFO  | DNAudit | user=null | ip=null | op=WRITE_CHUNK {blockData=conID: 1 locID: 102704235777557043 bcsId: 0} | ret=SUCCESS |  
2019-08-30 05:17:49,580 | INFO  | DNAudit | user=null | ip=null | op=PUT_BLOCK {blockData=[blockId=conID: 1 locID: 102704235777557043 bcsId: 0,size=2097152]} | ret=SUCCESS |  
2019-08-30 05:17:49,585 | INFO  | DNAudit | user=null | ip=null | op=WRITE_CHUNK {blockData=conID: 1 locID: 102704235777557043 bcsId: 3233} | ret=SUCCESS |  
2019-08-30 05:17:49,587 | INFO  | DNAudit | user=null | ip=null | op=WRITE_CHUNK {blockData=conID: 1 locID: 102704235777557043 bcsId: 3233} | ret=SUCCESS |  
2019-08-30 05:17:49,587 | INFO  | DNAudit | user=null | ip=null | op=WRITE_CHUNK {blockData=conID: 1 locID: 102704235777557043 bcsId: 3233} | ret=SUCCESS |  
2019-08-30 05:17:49,598 | INFO  | DNAudit | user=null | ip=null | op=WRITE_CHUNK {blockData=conID: 1 locID: 102704235777557043 bcsId: 3233} | ret=SUCCESS |  
2019-08-30 05:17:49,599 | INFO  | DNAudit | user=null | ip=null | op=PUT_BLOCK {blockData=[blockId=conID: 1 locID: 102704235777557043 bcsId: 0,size=3145728]} | ret=SUCCESS |  
2019-08-30 05:17:49,599 [grpc-default-executor-5] INFO  client.GrpcClientProtocolClient (GrpcClientProtocolClient.java:onNext(255)) - client-574492D41EE7->134d4672-e322-4e4b-b7f3-5645abb0fe8c: receive RaftClientReply:client-574492D41EE7->134d4672-e322-4e4b-b7f3-5645abb0fe8c@group-3CB1DFFBCDC2, cid=2202, SUCCESS, logIndex=3238, commits[134d4672-e322-4e4b-b7f3-5645abb0fe8c:c3239, 73af84f3-3e88-4c8c-894c-3ad307bcac8d:c3237, 730a25a1-dbec-44ed-975b-a44ab0096beb:c3237]
2019-08-30 05:17:49,599 [grpc-default-executor-5] INFO  client.GrpcClientProtocolClient (GrpcClientProtocolClient.java:onNext(255)) - client-574492D41EE7->134d4672-e322-4e4b-b7f3-5645abb0fe8c: receive RaftClientReply:client-574492D41EE7->134d4672-e322-4e4b-b7f3-5645abb0fe8c@group-3CB1DFFBCDC2, cid=2203, SUCCESS, logIndex=3239, commits[134d4672-e322-4e4b-b7f3-5645abb0fe8c:c3239, 73af84f3-3e88-4c8c-894c-3ad307bcac8d:c3237, 730a25a1-dbec-44ed-975b-a44ab0096beb:c3237]
2019-08-30 05:17:49,605 | INFO  | DNAudit | user=null | ip=null | op=WRITE_CHUNK {blockData=conID: 1 locID: 102704235777557043 bcsId: 3239} | ret=SUCCESS |  
2019-08-30 05:17:49,607 | INFO  | DNAudit | user=null | ip=null | op=WRITE_CHUNK {blockData=conID: 1 locID: 102704235777557043 bcsId: 3239} | ret=SUCCESS |  
2019-08-30 05:17:49,608 | INFO  | DNAudit | user=null | ip=null | op=WRITE_CHUNK {blockData=conID: 1 locID: 102704235777557043 bcsId: 3239} | ret=SUCCESS |  
2019-08-30 05:17:49,611 | INFO  | DNAudit | user=null | ip=null | op=WRITE_CHUNK {blockData=conID: 1 locID: 102704235777557043 bcsId: 3233} | ret=SUCCESS |  
2019-08-30 05:17:49,611 | INFO  | DNAudit | user=null | ip=null | op=WRITE_CHUNK {blockData=conID: 1 locID: 102704235777557043 bcsId: 3233} | ret=SUCCESS |  
2019-08-30 05:17:49,611 | INFO  | DNAudit | user=null | ip=null | op=PUT_BLOCK {blockData=[blockId=conID: 1 locID: 102704235777557043 bcsId: 0,size=3145728]} | ret=SUCCESS |  
2019-08-30 05:17:49,611 | INFO  | DNAudit | user=null | ip=null | op=PUT_BLOCK {blockData=[blockId=conID: 1 locID: 102704235777557043 bcsId: 0,size=3145728]} | ret=SUCCESS |  
2019-08-30 05:17:49,614 | INFO  | DNAudit | user=null | ip=null | op=WRITE_CHUNK {blockData=conID: 1 locID: 102704235777557043 bcsId: 3239} | ret=SUCCESS |  
2019-08-30 05:17:49,614 | INFO  | DNAudit | user=null | ip=null | op=PUT_BLOCK {blockData=[blockId=conID: 1 locID: 102704235777557043 bcsId: 0,size=4194304]} | ret=SUCCESS |  
2019-08-30 05:17:49,614 [grpc-default-executor-1] INFO  client.GrpcClientProtocolClient (GrpcClientProtocolClient.java:onNext(255)) - client-574492D41EE7->134d4672-e322-4e4b-b7f3-5645abb0fe8c: receive RaftClientReply:client-574492D41EE7->134d4672-e322-4e4b-b7f3-5645abb0fe8c@group-3CB1DFFBCDC2, cid=2204, SUCCESS, logIndex=3242, commits[134d4672-e322-4e4b-b7f3-5645abb0fe8c:c3242, 73af84f3-3e88-4c8c-894c-3ad307bcac8d:c3239, 730a25a1-dbec-44ed-975b-a44ab0096beb:c3239]
2019-08-30 05:17:49,615 [grpc-default-executor-1] INFO  client.GrpcClientProtocolClient (GrpcClientProtocolClient.java:onNext(255)) - client-574492D41EE7->134d4672-e322-4e4b-b7f3-5645abb0fe8c: receive RaftClientReply:client-574492D41EE7->134d4672-e322-4e4b-b7f3-5645abb0fe8c@group-3CB1DFFBCDC2, cid=2205, SUCCESS, logIndex=3243, commits[134d4672-e322-4e4b-b7f3-5645abb0fe8c:c3243, 73af84f3-3e88-4c8c-894c-3ad307bcac8d:c3239, 730a25a1-dbec-44ed-975b-a44ab0096beb:c3239]
2019-08-30 05:17:49,625 | INFO  | DNAudit | user=null | ip=null | op=WRITE_CHUNK {blockData=conID: 1 locID: 102704235777557043 bcsId: 3239} | ret=SUCCESS |  
2019-08-30 05:17:49,625 | INFO  | DNAudit | user=null | ip=null | op=WRITE_CHUNK {blockData=conID: 1 locID: 102704235777557043 bcsId: 3239} | ret=SUCCESS |  
2019-08-30 05:17:49,628 | INFO  | DNAudit | user=null | ip=null | op=PUT_BLOCK {blockData=[blockId=conID: 1 locID: 102704235777557043 bcsId: 0,size=4194304]} | ret=SUCCESS |  
2019-08-30 05:17:49,628 | INFO  | DNAudit | user=null | ip=null | op=PUT_BLOCK {blockData=[blockId=conID: 1 locID: 102704235777557043 bcsId: 0,size=4194304]} | ret=SUCCESS |  
2019-08-30 05:17:49,629 [grpc-default-executor-1] INFO  client.GrpcClientProtocolClient (GrpcClientProtocolClient.java:onNext(255)) - client-574492D41EE7->134d4672-e322-4e4b-b7f3-5645abb0fe8c: receive RaftClientReply:client-574492D41EE7->134d4672-e322-4e4b-b7f3-5645abb0fe8c@group-3CB1DFFBCDC2, cid=2206, SUCCESS, logIndex=0, commits[134d4672-e322-4e4b-b7f3-5645abb0fe8c:c3245, 73af84f3-3e88-4c8c-894c-3ad307bcac8d:c3243, 730a25a1-dbec-44ed-975b-a44ab0096beb:c3243]
2019-08-30 05:17:49,633 | INFO  | SCMAudit | user=jenkins1000 | ip=192.168.36.106 | op=ALLOCATE_BLOCK {owner=85755eb5-052d-48fa-b271-2fe4d8754e12, size=4194304, type=RATIS, factor=THREE} | ret=SUCCESS |  
2019-08-30 05:17:49,636 | INFO  | OMAudit | user=jenkins1000 | ip=127.0.0.1 | op=ALLOCATE_BLOCK {volume=vol-0-00977, bucket=bucket-0-44205, key=key-0-32850, dataSize=0, replicationType=null, replicationFactor=null, keyLocationInfo=null, clientID=102704234570776978} | ret=SUCCESS |  
2019-08-30 05:17:49,642 | INFO  | DNAudit | user=null | ip=null | op=WRITE_CHUNK {blockData=conID: 2 locID: 102704235782668852 bcsId: 0} | ret=SUCCESS |  
2019-08-30 05:17:49,644 | INFO  | DNAudit | user=null | ip=null | op=WRITE_CHUNK {blockData=conID: 2 locID: 102704235782668852 bcsId: 0} | ret=SUCCESS |  
2019-08-30 05:17:49,645 | INFO  | DNAudit | user=null | ip=null | op=WRITE_CHUNK {blockData=conID: 2 locID: 102704235782668852 bcsId: 0} | ret=SUCCESS |  
2019-08-30 05:17:49,645 | INFO  | DNAudit | user=null | ip=null | op=WRITE_CHUNK {blockData=conID: 2 locID: 102704235782668852 bcsId: 0} | ret=SUCCESS |  
2019-08-30 05:17:49,647 | INFO  | DNAudit | user=null | ip=null | op=WRITE_CHUNK {blockData=conID: 2 locID: 102704235782668852 bcsId: 0} | ret=SUCCESS |  
2019-08-30 05:17:49,647 | INFO  | DNAudit | user=null | ip=null | op=WRITE_CHUNK {blockData=conID: 2 locID: 102704235782668852 bcsId: 0} | ret=SUCCESS |  
2019-08-30 05:17:49,656 | INFO  | DNAudit | user=null | ip=null | op=WRITE_CHUNK {blockData=conID: 2 locID: 102704235782668852 bcsId: 0} | ret=SUCCESS |  
2019-08-30 05:17:49,657 | INFO  | DNAudit | user=null | ip=null | op=PUT_BLOCK {blockData=[blockId=conID: 2 locID: 102704235782668852 bcsId: 0,size=1048576]} | ret=SUCCESS |  
2019-08-30 05:17:49,657 [grpc-default-executor-1] INFO  client.GrpcClientProtocolClient (GrpcClientProtocolClient.java:onNext(255)) - client-574492D41EE7->134d4672-e322-4e4b-b7f3-5645abb0fe8c: receive RaftClientReply:client-574492D41EE7->134d4672-e322-4e4b-b7f3-5645abb0fe8c@group-3CB1DFFBCDC2, cid=2207, SUCCESS, logIndex=3246, commits[134d4672-e322-4e4b-b7f3-5645abb0fe8c:c3247, 73af84f3-3e88-4c8c-894c-3ad307bcac8d:c3245, 730a25a1-dbec-44ed-975b-a44ab0096beb:c3245]
2019-08-30 05:17:49,657 | INFO  | DNAudit | user=null | ip=null | op=WRITE_CHUNK {blockData=conID: 2 locID: 102704235782668852 bcsId: 0} | ret=SUCCESS |  
2019-08-30 05:17:49,657 [grpc-default-executor-1] INFO  client.GrpcClientProtocolClient (GrpcClientProtocolClient.java:onNext(255)) - client-574492D41EE7->134d4672-e322-4e4b-b7f3-5645abb0fe8c: receive RaftClientReply:client-574492D41EE7->134d4672-e322-4e4b-b7f3-5645abb0fe8c@group-3CB1DFFBCDC2, cid=2208, SUCCESS, logIndex=3247, commits[134d4672-e322-4e4b-b7f3-5645abb0fe8c:c3247, 73af84f3-3e88-4c8c-894c-3ad307bcac8d:c3245, 730a25a1-dbec-44ed-975b-a44ab0096beb:c3245]
2019-08-30 05:17:49,658 | INFO  | DNAudit | user=null | ip=null | op=PUT_BLOCK {blockData=[blockId=conID: 2 locID: 102704235782668852 bcsId: 0,size=2097152]} | ret=SUCCESS |  
2019-08-30 05:17:49,658 [grpc-default-executor-6] INFO  client.GrpcClientProtocolClient (GrpcClientProtocolClient.java:onNext(255)) - client-574492D41EE7->134d4672-e322-4e4b-b7f3-5645abb0fe8c: receive RaftClientReply:client-574492D41EE7->134d4672-e322-4e4b-b7f3-5645abb0fe8c@group-3CB1DFFBCDC2, cid=2209, SUCCESS, logIndex=3248, commits[134d4672-e322-4e4b-b7f3-5645abb0fe8c:c3249, 73af84f3-3e88-4c8c-894c-3ad307bcac8d:c3245, 730a25a1-dbec-44ed-975b-a44ab0096beb:c3245]
2019-08-30 05:17:49,658 [grpc-default-executor-6] INFO  client.GrpcClientProtocolClient (GrpcClientProtocolClient.java:onNext(255)) - client-574492D41EE7->134d4672-e322-4e4b-b7f3-5645abb0fe8c: receive RaftClientReply:client-574492D41EE7->134d4672-e322-4e4b-b7f3-5645abb0fe8c@group-3CB1DFFBCDC2, cid=2210, SUCCESS, logIndex=3249, commits[134d4672-e322-4e4b-b7f3-5645abb0fe8c:c3249, 73af84f3-3e88-4c8c-894c-3ad307bcac8d:c3245, 730a25a1-dbec-44ed-975b-a44ab0096beb:c3245]
2019-08-30 05:17:49,660 | INFO  | DNAudit | user=null | ip=null | op=WRITE_CHUNK {blockData=conID: 2 locID: 102704235782668852 bcsId: 0} | ret=SUCCESS |  
2019-08-30 05:17:49,660 | INFO  | DNAudit | user=null | ip=null | op=WRITE_CHUNK {blockData=conID: 2 locID: 102704235782668852 bcsId: 0} | ret=SUCCESS |  
2019-08-30 05:17:49,660 | INFO  | DNAudit | user=null | ip=null | op=PUT_BLOCK {blockData=[blockId=conID: 2 locID: 102704235782668852 bcsId: 0,size=1048576]} | ret=SUCCESS |  
2019-08-30 05:17:49,660 | INFO  | DNAudit | user=null | ip=null | op=PUT_BLOCK {blockData=[blockId=conID: 2 locID: 102704235782668852 bcsId: 0,size=1048576]} | ret=SUCCESS |  
2019-08-30 05:17:49,661 [grpc-default-executor-1] INFO  client.GrpcClientProtocolClient (GrpcClientProtocolClient.java:onNext(255)) - client-574492D41EE7->134d4672-e322-4e4b-b7f3-5645abb0fe8c: receive RaftClientReply:client-574492D41EE7->134d4672-e322-4e4b-b7f3-5645abb0fe8c@group-3CB1DFFBCDC2, cid=2211, SUCCESS, logIndex=0, commits[134d4672-e322-4e4b-b7f3-5645abb0fe8c:c3251, 73af84f3-3e88-4c8c-894c-3ad307bcac8d:c3247, 730a25a1-dbec-44ed-975b-a44ab0096beb:c3247]
2019-08-30 05:17:49,661 | INFO  | DNAudit | user=null | ip=null | op=WRITE_CHUNK {blockData=conID: 2 locID: 102704235782668852 bcsId: 0} | ret=SUCCESS |  
2019-08-30 05:17:49,662 | INFO  | DNAudit | user=null | ip=null | op=PUT_BLOCK {blockData=[blockId=conID: 2 locID: 102704235782668852 bcsId: 0,size=2097152]} | ret=SUCCESS |  
2019-08-30 05:17:49,662 | INFO  | DNAudit | user=null | ip=null | op=WRITE_CHUNK {blockData=conID: 2 locID: 102704235782668852 bcsId: 0} | ret=SUCCESS |  
2019-08-30 05:17:49,662 | INFO  | DNAudit | user=null | ip=null | op=PUT_BLOCK {blockData=[blockId=conID: 2 locID: 102704235782668852 bcsId: 0,size=2097152]} | ret=SUCCESS |  
2019-08-30 05:17:49,666 | INFO  | DNAudit | user=null | ip=null | op=WRITE_CHUNK {blockData=conID: 2 locID: 102704235782668852 bcsId: 3249} | ret=SUCCESS |  
2019-08-30 05:17:49,668 | INFO  | DNAudit | user=null | ip=null | op=WRITE_CHUNK {blockData=conID: 2 locID: 102704235782668852 bcsId: 3249} | ret=SUCCESS |  
2019-08-30 05:17:49,668 | INFO  | DNAudit | user=null | ip=null | op=WRITE_CHUNK {blockData=conID: 2 locID: 102704235782668852 bcsId: 3249} | ret=SUCCESS |  
2019-08-30 05:17:49,679 | INFO  | DNAudit | user=null | ip=null | op=WRITE_CHUNK {blockData=conID: 2 locID: 102704235782668852 bcsId: 3249} | ret=SUCCESS |  
2019-08-30 05:17:49,679 | INFO  | DNAudit | user=null | ip=null | op=PUT_BLOCK {blockData=[blockId=conID: 2 locID: 102704235782668852 bcsId: 0,size=3145728]} | ret=SUCCESS |  
2019-08-30 05:17:49,679 [grpc-default-executor-6] INFO  client.GrpcClientProtocolClient (GrpcClientProtocolClient.java:onNext(255)) - client-574492D41EE7->134d4672-e322-4e4b-b7f3-5645abb0fe8c: receive RaftClientReply:client-574492D41EE7->134d4672-e322-4e4b-b7f3-5645abb0fe8c@group-3CB1DFFBCDC2, cid=2212, SUCCESS, logIndex=3254, commits[134d4672-e322-4e4b-b7f3-5645abb0fe8c:c3255, 73af84f3-3e88-4c8c-894c-3ad307bcac8d:c3253, 730a25a1-dbec-44ed-975b-a44ab0096beb:c3253]
2019-08-30 05:17:49,680 [grpc-default-executor-6] INFO  client.GrpcClientProtocolClient (GrpcClientProtocolClient.java:onNext(255)) - client-574492D41EE7->134d4672-e322-4e4b-b7f3-5645abb0fe8c: receive RaftClientReply:client-574492D41EE7->134d4672-e322-4e4b-b7f3-5645abb0fe8c@group-3CB1DFFBCDC2, cid=2213, SUCCESS, logIndex=3255, commits[134d4672-e322-4e4b-b7f3-5645abb0fe8c:c3255, 73af84f3-3e88-4c8c-894c-3ad307bcac8d:c3253, 730a25a1-dbec-44ed-975b-a44ab0096beb:c3253]
2019-08-30 05:17:49,685 | INFO  | DNAudit | user=null | ip=null | op=WRITE_CHUNK {blockData=conID: 2 locID: 102704235782668852 bcsId: 3255} | ret=SUCCESS |  
2019-08-30 05:17:49,686 | INFO  | DNAudit | user=null | ip=null | op=WRITE_CHUNK {blockData=conID: 2 locID: 102704235782668852 bcsId: 3255} | ret=SUCCESS |  
2019-08-30 05:17:49,687 | INFO  | DNAudit | user=null | ip=null | op=WRITE_CHUNK {blockData=conID: 2 locID: 102704235782668852 bcsId: 3255} | ret=SUCCESS |  
2019-08-30 05:17:49,704 | INFO  | DNAudit | user=null | ip=null | op=WRITE_CHUNK {blockData=conID: 2 locID: 102704235782668852 bcsId: 3249} | ret=SUCCESS |  
2019-08-30 05:17:49,704 | INFO  | DNAudit | user=null | ip=null | op=WRITE_CHUNK {blockData=conID: 2 locID: 102704235782668852 bcsId: 3249} | ret=SUCCESS |  
2019-08-30 05:17:49,707 | INFO  | DNAudit | user=null | ip=null | op=PUT_BLOCK {blockData=[blockId=conID: 2 locID: 102704235782668852 bcsId: 0,size=3145728]} | ret=SUCCESS |  
2019-08-30 05:17:49,707 | INFO  | DNAudit | user=null | ip=null | op=PUT_BLOCK {blockData=[blockId=conID: 2 locID: 102704235782668852 bcsId: 0,size=3145728]} | ret=SUCCESS |  
2019-08-30 05:17:49,707 | INFO  | DNAudit | user=null | ip=null | op=WRITE_CHUNK {blockData=conID: 2 locID: 102704235782668852 bcsId: 3255} | ret=SUCCESS |  
2019-08-30 05:17:49,707 | INFO  | DNAudit | user=null | ip=null | op=PUT_BLOCK {blockData=[blockId=conID: 2 locID: 102704235782668852 bcsId: 0,size=4194304]} | ret=SUCCESS |  
2019-08-30 05:17:49,707 [grpc-default-executor-1] INFO  client.GrpcClientProtocolClient (GrpcClientProtocolClient.java:onNext(255)) - client-574492D41EE7->134d4672-e322-4e4b-b7f3-5645abb0fe8c: receive RaftClientReply:client-574492D41EE7->134d4672-e322-4e4b-b7f3-5645abb0fe8c@group-3CB1DFFBCDC2, cid=2214, SUCCESS, logIndex=3258, commits[134d4672-e322-4e4b-b7f3-5645abb0fe8c:c3259, 73af84f3-3e88-4c8c-894c-3ad307bcac8d:c3255, 730a25a1-dbec-44ed-975b-a44ab0096beb:c3255]
2019-08-30 05:17:49,708 [grpc-default-executor-1] INFO  client.GrpcClientProtocolClient (GrpcClientProtocolClient.java:onNext(255)) - client-574492D41EE7->134d4672-e322-4e4b-b7f3-5645abb0fe8c: receive RaftClientReply:client-574492D41EE7->134d4672-e322-4e4b-b7f3-5645abb0fe8c@group-3CB1DFFBCDC2, cid=2215, SUCCESS, logIndex=3259, commits[134d4672-e322-4e4b-b7f3-5645abb0fe8c:c3259, 73af84f3-3e88-4c8c-894c-3ad307bcac8d:c3255, 730a25a1-dbec-44ed-975b-a44ab0096beb:c3255]
2019-08-30 05:17:49,717 | INFO  | DNAudit | user=null | ip=null | op=WRITE_CHUNK {blockData=conID: 2 locID: 102704235782668852 bcsId: 3255} | ret=SUCCESS |  
2019-08-30 05:17:49,718 | INFO  | DNAudit | user=null | ip=null | op=WRITE_CHUNK {blockData=conID: 2 locID: 102704235782668852 bcsId: 3255} | ret=SUCCESS |  
2019-08-30 05:17:49,718 | INFO  | DNAudit | user=null | ip=null | op=PUT_BLOCK {blockData=[blockId=conID: 2 locID: 102704235782668852 bcsId: 0,size=4194304]} | ret=SUCCESS |  
2019-08-30 05:17:49,720 | INFO  | DNAudit | user=null | ip=null | op=PUT_BLOCK {blockData=[blockId=conID: 2 locID: 102704235782668852 bcsId: 0,size=4194304]} | ret=SUCCESS |  
2019-08-30 05:17:49,720 [grpc-default-executor-1] INFO  client.GrpcClientProtocolClient (GrpcClientProtocolClient.java:onNext(255)) - client-574492D41EE7->134d4672-e322-4e4b-b7f3-5645abb0fe8c: receive RaftClientReply:client-574492D41EE7->134d4672-e322-4e4b-b7f3-5645abb0fe8c@group-3CB1DFFBCDC2, cid=2216, SUCCESS, logIndex=0, commits[134d4672-e322-4e4b-b7f3-5645abb0fe8c:c3261, 73af84f3-3e88-4c8c-894c-3ad307bcac8d:c3259, 730a25a1-dbec-44ed-975b-a44ab0096beb:c3259]
2019-08-30 05:17:49,724 | INFO  | SCMAudit | user=jenkins1000 | ip=192.168.36.106 | op=ALLOCATE_BLOCK {owner=85755eb5-052d-48fa-b271-2fe4d8754e12, size=4194304, type=RATIS, factor=THREE} | ret=SUCCESS |  
2019-08-30 05:17:49,726 | INFO  | OMAudit | user=jenkins1000 | ip=127.0.0.1 | op=ALLOCATE_BLOCK {volume=vol-0-00977, bucket=bucket-0-44205, key=key-0-32850, dataSize=0, replicationType=null, replicationFactor=null, keyLocationInfo=null, clientID=102704234570776978} | ret=SUCCESS |  
2019-08-30 05:17:49,733 | INFO  | DNAudit | user=null | ip=null | op=WRITE_CHUNK {blockData=conID: 3 locID: 102704235788632629 bcsId: 0} | ret=SUCCESS |  
2019-08-30 05:17:49,734 | INFO  | DNAudit | user=null | ip=null | op=WRITE_CHUNK {blockData=conID: 3 locID: 102704235788632629 bcsId: 0} | ret=SUCCESS |  
2019-08-30 05:17:49,734 | INFO  | DNAudit | user=null | ip=null | op=WRITE_CHUNK {blockData=conID: 3 locID: 102704235788632629 bcsId: 0} | ret=SUCCESS |  
2019-08-30 05:17:49,734 | INFO  | DNAudit | user=null | ip=null | op=WRITE_CHUNK {blockData=conID: 3 locID: 102704235788632629 bcsId: 0} | ret=SUCCESS |  
2019-08-30 05:17:49,735 | INFO  | DNAudit | user=null | ip=null | op=WRITE_CHUNK {blockData=conID: 3 locID: 102704235788632629 bcsId: 0} | ret=SUCCESS |  
2019-08-30 05:17:49,735 | INFO  | DNAudit | user=null | ip=null | op=WRITE_CHUNK {blockData=conID: 3 locID: 102704235788632629 bcsId: 0} | ret=SUCCESS |  
2019-08-30 05:17:49,746 | INFO  | DNAudit | user=null | ip=null | op=WRITE_CHUNK {blockData=conID: 3 locID: 102704235788632629 bcsId: 0} | ret=SUCCESS |  
2019-08-30 05:17:49,746 | INFO  | DNAudit | user=null | ip=null | op=PUT_BLOCK {blockData=[blockId=conID: 3 locID: 102704235788632629 bcsId: 0,size=1048576]} | ret=SUCCESS |  
2019-08-30 05:17:49,747 [grpc-default-executor-1] INFO  client.GrpcClientProtocolClient (GrpcClientProtocolClient.java:onNext(255)) - client-574492D41EE7->134d4672-e322-4e4b-b7f3-5645abb0fe8c: receive RaftClientReply:client-574492D41EE7->134d4672-e322-4e4b-b7f3-5645abb0fe8c@group-3CB1DFFBCDC2, cid=2217, SUCCESS, logIndex=3262, commits[134d4672-e322-4e4b-b7f3-5645abb0fe8c:c3263, 73af84f3-3e88-4c8c-894c-3ad307bcac8d:c3261, 730a25a1-dbec-44ed-975b-a44ab0096beb:c3261]
2019-08-30 05:17:49,747 | INFO  | DNAudit | user=null | ip=null | op=WRITE_CHUNK {blockData=conID: 3 locID: 102704235788632629 bcsId: 0} | ret=SUCCESS |  
2019-08-30 05:17:49,747 [grpc-default-executor-1] INFO  client.GrpcClientProtocolClient (GrpcClientProtocolClient.java:onNext(255)) - client-574492D41EE7->134d4672-e322-4e4b-b7f3-5645abb0fe8c: receive RaftClientReply:client-574492D41EE7->134d4672-e322-4e4b-b7f3-5645abb0fe8c@group-3CB1DFFBCDC2, cid=2218, SUCCESS, logIndex=3263, commits[134d4672-e322-4e4b-b7f3-5645abb0fe8c:c3265, 73af84f3-3e88-4c8c-894c-3ad307bcac8d:c3261, 730a25a1-dbec-44ed-975b-a44ab0096beb:c3261]
2019-08-30 05:17:49,747 | INFO  | DNAudit | user=null | ip=null | op=PUT_BLOCK {blockData=[blockId=conID: 3 locID: 102704235788632629 bcsId: 0,size=2097152]} | ret=SUCCESS |  
2019-08-30 05:17:49,747 [grpc-default-executor-1] INFO  client.GrpcClientProtocolClient (GrpcClientProtocolClient.java:onNext(255)) - client-574492D41EE7->134d4672-e322-4e4b-b7f3-5645abb0fe8c: receive RaftClientReply:client-574492D41EE7->134d4672-e322-4e4b-b7f3-5645abb0fe8c@group-3CB1DFFBCDC2, cid=2219, SUCCESS, logIndex=3264, commits[134d4672-e322-4e4b-b7f3-5645abb0fe8c:c3265, 73af84f3-3e88-4c8c-894c-3ad307bcac8d:c3261, 730a25a1-dbec-44ed-975b-a44ab0096beb:c3261]
2019-08-30 05:17:49,748 [grpc-default-executor-1] INFO  client.GrpcClientProtocolClient (GrpcClientProtocolClient.java:onNext(255)) - client-574492D41EE7->134d4672-e322-4e4b-b7f3-5645abb0fe8c: receive RaftClientReply:client-574492D41EE7->134d4672-e322-4e4b-b7f3-5645abb0fe8c@group-3CB1DFFBCDC2, cid=2220, SUCCESS, logIndex=3265, commits[134d4672-e322-4e4b-b7f3-5645abb0fe8c:c3265, 73af84f3-3e88-4c8c-894c-3ad307bcac8d:c3261, 730a25a1-dbec-44ed-975b-a44ab0096beb:c3261]
2019-08-30 05:17:49,758 | INFO  | DNAudit | user=null | ip=null | op=WRITE_CHUNK {blockData=conID: 3 locID: 102704235788632629 bcsId: 0} | ret=SUCCESS |  
2019-08-30 05:17:49,758 | INFO  | DNAudit | user=null | ip=null | op=WRITE_CHUNK {blockData=conID: 3 locID: 102704235788632629 bcsId: 0} | ret=SUCCESS |  
2019-08-30 05:17:49,758 | INFO  | DNAudit | user=null | ip=null | op=PUT_BLOCK {blockData=[blockId=conID: 3 locID: 102704235788632629 bcsId: 0,size=1048576]} | ret=SUCCESS |  
2019-08-30 05:17:49,760 | INFO  | DNAudit | user=null | ip=null | op=WRITE_CHUNK {blockData=conID: 3 locID: 102704235788632629 bcsId: 0} | ret=SUCCESS |  
2019-08-30 05:17:49,760 | INFO  | DNAudit | user=null | ip=null | op=PUT_BLOCK {blockData=[blockId=conID: 3 locID: 102704235788632629 bcsId: 0,size=1048576]} | ret=SUCCESS |  
2019-08-30 05:17:49,761 | INFO  | DNAudit | user=null | ip=null | op=PUT_BLOCK {blockData=[blockId=conID: 3 locID: 102704235788632629 bcsId: 0,size=2097152]} | ret=SUCCESS |  
2019-08-30 05:17:49,761 | INFO  | DNAudit | user=null | ip=null | op=WRITE_CHUNK {blockData=conID: 3 locID: 102704235788632629 bcsId: 0} | ret=SUCCESS |  
2019-08-30 05:17:49,761 | INFO  | DNAudit | user=null | ip=null | op=PUT_BLOCK {blockData=[blockId=conID: 3 locID: 102704235788632629 bcsId: 0,size=2097152]} | ret=SUCCESS |  
2019-08-30 05:17:49,761 [grpc-default-executor-1] INFO  client.GrpcClientProtocolClient (GrpcClientProtocolClient.java:onNext(255)) - client-574492D41EE7->134d4672-e322-4e4b-b7f3-5645abb0fe8c: receive RaftClientReply:client-574492D41EE7->134d4672-e322-4e4b-b7f3-5645abb0fe8c@group-3CB1DFFBCDC2, cid=2221, SUCCESS, logIndex=0, commits[134d4672-e322-4e4b-b7f3-5645abb0fe8c:c3267, 73af84f3-3e88-4c8c-894c-3ad307bcac8d:c3264, 730a25a1-dbec-44ed-975b-a44ab0096beb:c3263]
2019-08-30 05:17:49,767 | INFO  | DNAudit | user=null | ip=null | op=WRITE_CHUNK {blockData=conID: 3 locID: 102704235788632629 bcsId: 3265} | ret=SUCCESS |  
2019-08-30 05:17:49,769 | INFO  | DNAudit | user=null | ip=null | op=WRITE_CHUNK {blockData=conID: 3 locID: 102704235788632629 bcsId: 3265} | ret=SUCCESS |  
2019-08-30 05:17:49,769 | INFO  | DNAudit | user=null | ip=null | op=WRITE_CHUNK {blockData=conID: 3 locID: 102704235788632629 bcsId: 3265} | ret=SUCCESS |  
2019-08-30 05:17:49,779 | INFO  | DNAudit | user=null | ip=null | op=WRITE_CHUNK {blockData=conID: 3 locID: 102704235788632629 bcsId: 3265} | ret=SUCCESS |  
2019-08-30 05:17:49,780 | INFO  | DNAudit | user=null | ip=null | op=PUT_BLOCK {blockData=[blockId=conID: 3 locID: 102704235788632629 bcsId: 0,size=3145728]} | ret=SUCCESS |  
2019-08-30 05:17:49,780 [grpc-default-executor-3] INFO  client.GrpcClientProtocolClient (GrpcClientProtocolClient.java:onNext(255)) - client-574492D41EE7->134d4672-e322-4e4b-b7f3-5645abb0fe8c: receive RaftClientReply:client-574492D41EE7->134d4672-e322-4e4b-b7f3-5645abb0fe8c@group-3CB1DFFBCDC2, cid=2222, SUCCESS, logIndex=3270, commits[134d4672-e322-4e4b-b7f3-5645abb0fe8c:c3271, 73af84f3-3e88-4c8c-894c-3ad307bcac8d:c3269, 730a25a1-dbec-44ed-975b-a44ab0096beb:c3269]
2019-08-30 05:17:49,780 [grpc-default-executor-3] INFO  client.GrpcClientProtocolClient (GrpcClientProtocolClient.java:onNext(255)) - client-574492D41EE7->134d4672-e322-4e4b-b7f3-5645abb0fe8c: receive RaftClientReply:client-574492D41EE7->134d4672-e322-4e4b-b7f3-5645abb0fe8c@group-3CB1DFFBCDC2, cid=2223, SUCCESS, logIndex=3271, commits[134d4672-e322-4e4b-b7f3-5645abb0fe8c:c3271, 73af84f3-3e88-4c8c-894c-3ad307bcac8d:c3269, 730a25a1-dbec-44ed-975b-a44ab0096beb:c3269]
2019-08-30 05:17:49,786 | INFO  | DNAudit | user=null | ip=null | op=WRITE_CHUNK {blockData=conID: 3 locID: 102704235788632629 bcsId: 3271} | ret=SUCCESS |  
2019-08-30 05:17:49,787 | INFO  | DNAudit | user=null | ip=null | op=WRITE_CHUNK {blockData=conID: 3 locID: 102704235788632629 bcsId: 3271} | ret=SUCCESS |  
2019-08-30 05:17:49,788 | INFO  | DNAudit | user=null | ip=null | op=WRITE_CHUNK {blockData=conID: 3 locID: 102704235788632629 bcsId: 3271} | ret=SUCCESS |  
2019-08-30 05:17:49,791 | INFO  | DNAudit | user=null | ip=null | op=WRITE_CHUNK {blockData=conID: 3 locID: 102704235788632629 bcsId: 3265} | ret=SUCCESS |  
2019-08-30 05:17:49,791 | INFO  | DNAudit | user=null | ip=null | op=WRITE_CHUNK {blockData=conID: 3 locID: 102704235788632629 bcsId: 3265} | ret=SUCCESS |  
2019-08-30 05:17:49,793 | INFO  | DNAudit | user=null | ip=null | op=PUT_BLOCK {blockData=[blockId=conID: 3 locID: 102704235788632629 bcsId: 0,size=3145728]} | ret=SUCCESS |  
2019-08-30 05:17:49,793 | INFO  | DNAudit | user=null | ip=null | op=PUT_BLOCK {blockData=[blockId=conID: 3 locID: 102704235788632629 bcsId: 0,size=3145728]} | ret=SUCCESS |  
2019-08-30 05:17:49,793 | INFO  | DNAudit | user=null | ip=null | op=WRITE_CHUNK {blockData=conID: 3 locID: 102704235788632629 bcsId: 3271} | ret=SUCCESS |  
2019-08-30 05:17:49,794 | INFO  | DNAudit | user=null | ip=null | op=PUT_BLOCK {blockData=[blockId=conID: 3 locID: 102704235788632629 bcsId: 0,size=4194304]} | ret=SUCCESS |  
2019-08-30 05:17:49,794 [grpc-default-executor-1] INFO  client.GrpcClientProtocolClient (GrpcClientProtocolClient.java:onNext(255)) - client-574492D41EE7->134d4672-e322-4e4b-b7f3-5645abb0fe8c: receive RaftClientReply:client-574492D41EE7->134d4672-e322-4e4b-b7f3-5645abb0fe8c@group-3CB1DFFBCDC2, cid=2224, SUCCESS, logIndex=3274, commits[134d4672-e322-4e4b-b7f3-5645abb0fe8c:c3274, 73af84f3-3e88-4c8c-894c-3ad307bcac8d:c3271, 730a25a1-dbec-44ed-975b-a44ab0096beb:c3271]
2019-08-30 05:17:49,794 [grpc-default-executor-1] INFO  client.GrpcClientProtocolClient (GrpcClientProtocolClient.java:onNext(255)) - client-574492D41EE7->134d4672-e322-4e4b-b7f3-5645abb0fe8c: receive RaftClientReply:client-574492D41EE7->134d4672-e322-4e4b-b7f3-5645abb0fe8c@group-3CB1DFFBCDC2, cid=2225, SUCCESS, logIndex=3275, commits[134d4672-e322-4e4b-b7f3-5645abb0fe8c:c3275, 73af84f3-3e88-4c8c-894c-3ad307bcac8d:c3271, 730a25a1-dbec-44ed-975b-a44ab0096beb:c3271]
2019-08-30 05:17:49,805 | INFO  | DNAudit | user=null | ip=null | op=WRITE_CHUNK {blockData=conID: 3 locID: 102704235788632629 bcsId: 3271} | ret=SUCCESS |  
2019-08-30 05:17:49,805 | INFO  | DNAudit | user=null | ip=null | op=WRITE_CHUNK {blockData=conID: 3 locID: 102704235788632629 bcsId: 3271} | ret=SUCCESS |  
2019-08-30 05:17:49,807 | INFO  | DNAudit | user=null | ip=null | op=PUT_BLOCK {blockData=[blockId=conID: 3 locID: 102704235788632629 bcsId: 0,size=4194304]} | ret=SUCCESS |  
2019-08-30 05:17:49,807 | INFO  | DNAudit | user=null | ip=null | op=PUT_BLOCK {blockData=[blockId=conID: 3 locID: 102704235788632629 bcsId: 0,size=4194304]} | ret=SUCCESS |  
2019-08-30 05:17:49,808 [grpc-default-executor-1] INFO  client.GrpcClientProtocolClient (GrpcClientProtocolClient.java:onNext(255)) - client-574492D41EE7->134d4672-e322-4e4b-b7f3-5645abb0fe8c: receive RaftClientReply:client-574492D41EE7->134d4672-e322-4e4b-b7f3-5645abb0fe8c@group-3CB1DFFBCDC2, cid=2226, SUCCESS, logIndex=0, commits[134d4672-e322-4e4b-b7f3-5645abb0fe8c:c3277, 73af84f3-3e88-4c8c-894c-3ad307bcac8d:c3275, 730a25a1-dbec-44ed-975b-a44ab0096beb:c3275]
2019-08-30 05:17:49,812 | INFO  | SCMAudit | user=jenkins1000 | ip=192.168.36.106 | op=ALLOCATE_BLOCK {owner=85755eb5-052d-48fa-b271-2fe4d8754e12, size=4194304, type=RATIS, factor=THREE} | ret=SUCCESS |  
2019-08-30 05:17:49,814 | INFO  | OMAudit | user=jenkins1000 | ip=127.0.0.1 | op=ALLOCATE_BLOCK {volume=vol-0-00977, bucket=bucket-0-44205, key=key-0-32850, dataSize=0, replicationType=null, replicationFactor=null, keyLocationInfo=null, clientID=102704234570776978} | ret=SUCCESS |  
2019-08-30 05:17:49,821 | INFO  | DNAudit | user=null | ip=null | op=WRITE_CHUNK {blockData=conID: 1 locID: 102704235794399798 bcsId: 0} | ret=SUCCESS |  
2019-08-30 05:17:49,823 | INFO  | DNAudit | user=null | ip=null | op=WRITE_CHUNK {blockData=conID: 1 locID: 102704235794399798 bcsId: 0} | ret=SUCCESS |  
2019-08-30 05:17:49,823 | INFO  | DNAudit | user=null | ip=null | op=WRITE_CHUNK {blockData=conID: 1 locID: 102704235794399798 bcsId: 0} | ret=SUCCESS |  
2019-08-30 05:17:49,824 | INFO  | DNAudit | user=null | ip=null | op=WRITE_CHUNK {blockData=conID: 1 locID: 102704235794399798 bcsId: 0} | ret=SUCCESS |  
2019-08-30 05:17:49,826 | INFO  | DNAudit | user=null | ip=null | op=WRITE_CHUNK {blockData=conID: 1 locID: 102704235794399798 bcsId: 0} | ret=SUCCESS |  
2019-08-30 05:17:49,826 | INFO  | DNAudit | user=null | ip=null | op=WRITE_CHUNK {blockData=conID: 1 locID: 102704235794399798 bcsId: 0} | ret=SUCCESS |  
2019-08-30 05:17:49,833 | INFO  | DNAudit | user=null | ip=null | op=WRITE_CHUNK {blockData=conID: 1 locID: 102704235794399798 bcsId: 0} | ret=SUCCESS |  
2019-08-30 05:17:49,834 | INFO  | DNAudit | user=null | ip=null | op=PUT_BLOCK {blockData=[blockId=conID: 1 locID: 102704235794399798 bcsId: 0,size=1048576]} | ret=SUCCESS |  
2019-08-30 05:17:49,834 | INFO  | DNAudit | user=null | ip=null | op=WRITE_CHUNK {blockData=conID: 1 locID: 102704235794399798 bcsId: 0} | ret=SUCCESS |  
2019-08-30 05:17:49,834 [grpc-default-executor-3] INFO  client.GrpcClientProtocolClient (GrpcClientProtocolClient.java:onNext(255)) - client-574492D41EE7->134d4672-e322-4e4b-b7f3-5645abb0fe8c: receive RaftClientReply:client-574492D41EE7->134d4672-e322-4e4b-b7f3-5645abb0fe8c@group-3CB1DFFBCDC2, cid=2227, SUCCESS, logIndex=3278, commits[134d4672-e322-4e4b-b7f3-5645abb0fe8c:c3279, 73af84f3-3e88-4c8c-894c-3ad307bcac8d:c3277, 730a25a1-dbec-44ed-975b-a44ab0096beb:c3277]
2019-08-30 05:17:49,835 | INFO  | DNAudit | user=null | ip=null | op=PUT_BLOCK {blockData=[blockId=conID: 1 locID: 102704235794399798 bcsId: 0,size=2097152]} | ret=SUCCESS |  
2019-08-30 05:17:49,835 [grpc-default-executor-3] INFO  client.GrpcClientProtocolClient (GrpcClientProtocolClient.java:onNext(255)) - client-574492D41EE7->134d4672-e322-4e4b-b7f3-5645abb0fe8c: receive RaftClientReply:client-574492D41EE7->134d4672-e322-4e4b-b7f3-5645abb0fe8c@group-3CB1DFFBCDC2, cid=2228, SUCCESS, logIndex=3279, commits[134d4672-e322-4e4b-b7f3-5645abb0fe8c:c3280, 73af84f3-3e88-4c8c-894c-3ad307bcac8d:c3277, 730a25a1-dbec-44ed-975b-a44ab0096beb:c3277]
2019-08-30 05:17:49,835 [grpc-default-executor-3] INFO  client.GrpcClientProtocolClient (GrpcClientProtocolClient.java:onNext(255)) - client-574492D41EE7->134d4672-e322-4e4b-b7f3-5645abb0fe8c: receive RaftClientReply:client-574492D41EE7->134d4672-e322-4e4b-b7f3-5645abb0fe8c@group-3CB1DFFBCDC2, cid=2229, SUCCESS, logIndex=3280, commits[134d4672-e322-4e4b-b7f3-5645abb0fe8c:c3281, 73af84f3-3e88-4c8c-894c-3ad307bcac8d:c3277, 730a25a1-dbec-44ed-975b-a44ab0096beb:c3277]
2019-08-30 05:17:49,835 [grpc-default-executor-6] INFO  client.GrpcClientProtocolClient (GrpcClientProtocolClient.java:onNext(255)) - client-574492D41EE7->134d4672-e322-4e4b-b7f3-5645abb0fe8c: receive RaftClientReply:client-574492D41EE7->134d4672-e322-4e4b-b7f3-5645abb0fe8c@group-3CB1DFFBCDC2, cid=2230, SUCCESS, logIndex=3281, commits[134d4672-e322-4e4b-b7f3-5645abb0fe8c:c3281, 73af84f3-3e88-4c8c-894c-3ad307bcac8d:c3277, 730a25a1-dbec-44ed-975b-a44ab0096beb:c3277]
2019-08-30 05:17:49,845 | INFO  | DNAudit | user=null | ip=null | op=WRITE_CHUNK {blockData=conID: 1 locID: 102704235794399798 bcsId: 0} | ret=SUCCESS |  
2019-08-30 05:17:49,846 | INFO  | DNAudit | user=null | ip=null | op=PUT_BLOCK {blockData=[blockId=conID: 1 locID: 102704235794399798 bcsId: 0,size=1048576]} | ret=SUCCESS |  
2019-08-30 05:17:49,846 | INFO  | DNAudit | user=null | ip=null | op=WRITE_CHUNK {blockData=conID: 1 locID: 102704235794399798 bcsId: 0} | ret=SUCCESS |  
2019-08-30 05:17:49,846 | INFO  | DNAudit | user=null | ip=null | op=PUT_BLOCK {blockData=[blockId=conID: 1 locID: 102704235794399798 bcsId: 0,size=1048576]} | ret=SUCCESS |  
2019-08-30 05:17:49,846 | INFO  | DNAudit | user=null | ip=null | op=WRITE_CHUNK {blockData=conID: 1 locID: 102704235794399798 bcsId: 0} | ret=SUCCESS |  
2019-08-30 05:17:49,847 [grpc-default-executor-3] INFO  client.GrpcClientProtocolClient (GrpcClientProtocolClient.java:onNext(255)) - client-574492D41EE7->134d4672-e322-4e4b-b7f3-5645abb0fe8c: receive RaftClientReply:client-574492D41EE7->134d4672-e322-4e4b-b7f3-5645abb0fe8c@group-3CB1DFFBCDC2, cid=2231, SUCCESS, logIndex=0, commits[134d4672-e322-4e4b-b7f3-5645abb0fe8c:c3283, 73af84f3-3e88-4c8c-894c-3ad307bcac8d:c3279, 730a25a1-dbec-44ed-975b-a44ab0096beb:c3279]
2019-08-30 05:17:49,847 | INFO  | DNAudit | user=null | ip=null | op=PUT_BLOCK {blockData=[blockId=conID: 1 locID: 102704235794399798 bcsId: 0,size=2097152]} | ret=SUCCESS |  
2019-08-30 05:17:49,847 | INFO  | DNAudit | user=null | ip=null | op=WRITE_CHUNK {blockData=conID: 1 locID: 102704235794399798 bcsId: 0} | ret=SUCCESS |  
2019-08-30 05:17:49,847 | INFO  | DNAudit | user=null | ip=null | op=PUT_BLOCK {blockData=[blockId=conID: 1 locID: 102704235794399798 bcsId: 0,size=2097152]} | ret=SUCCESS |  
2019-08-30 05:17:49,853 | INFO  | DNAudit | user=null | ip=null | op=WRITE_CHUNK {blockData=conID: 1 locID: 102704235794399798 bcsId: 3281} | ret=SUCCESS |  
2019-08-30 05:17:49,855 | INFO  | DNAudit | user=null | ip=null | op=WRITE_CHUNK {blockData=conID: 1 locID: 102704235794399798 bcsId: 3281} | ret=SUCCESS |  
2019-08-30 05:17:49,855 | INFO  | DNAudit | user=null | ip=null | op=WRITE_CHUNK {blockData=conID: 1 locID: 102704235794399798 bcsId: 3281} | ret=SUCCESS |  
2019-08-30 05:17:49,867 | INFO  | DNAudit | user=null | ip=null | op=WRITE_CHUNK {blockData=conID: 1 locID: 102704235794399798 bcsId: 3281} | ret=SUCCESS |  
2019-08-30 05:17:49,868 | INFO  | DNAudit | user=null | ip=null | op=PUT_BLOCK {blockData=[blockId=conID: 1 locID: 102704235794399798 bcsId: 0,size=3145728]} | ret=SUCCESS |  
2019-08-30 05:17:49,868 [grpc-default-executor-6] INFO  client.GrpcClientProtocolClient (GrpcClientProtocolClient.java:onNext(255)) - client-574492D41EE7->134d4672-e322-4e4b-b7f3-5645abb0fe8c: receive RaftClientReply:client-574492D41EE7->134d4672-e322-4e4b-b7f3-5645abb0fe8c@group-3CB1DFFBCDC2, cid=2232, SUCCESS, logIndex=3286, commits[134d4672-e322-4e4b-b7f3-5645abb0fe8c:c3287, 73af84f3-3e88-4c8c-894c-3ad307bcac8d:c3285, 730a25a1-dbec-44ed-975b-a44ab0096beb:c3285]
2019-08-30 05:17:49,868 [grpc-default-executor-6] INFO  client.GrpcClientProtocolClient (GrpcClientProtocolClient.java:onNext(255)) - client-574492D41EE7->134d4672-e322-4e4b-b7f3-5645abb0fe8c: receive RaftClientReply:client-574492D41EE7->134d4672-e322-4e4b-b7f3-5645abb0fe8c@group-3CB1DFFBCDC2, cid=2233, SUCCESS, logIndex=3287, commits[134d4672-e322-4e4b-b7f3-5645abb0fe8c:c3287, 73af84f3-3e88-4c8c-894c-3ad307bcac8d:c3285, 730a25a1-dbec-44ed-975b-a44ab0096beb:c3285]
2019-08-30 05:17:49,874 | INFO  | DNAudit | user=null | ip=null | op=WRITE_CHUNK {blockData=conID: 1 locID: 102704235794399798 bcsId: 3287} | ret=SUCCESS |  
2019-08-30 05:17:49,876 | INFO  | DNAudit | user=null | ip=null | op=WRITE_CHUNK {blockData=conID: 1 locID: 102704235794399798 bcsId: 3287} | ret=SUCCESS |  
2019-08-30 05:17:49,876 | INFO  | DNAudit | user=null | ip=null | op=WRITE_CHUNK {blockData=conID: 1 locID: 102704235794399798 bcsId: 3287} | ret=SUCCESS |  
2019-08-30 05:17:49,878 | INFO  | DNAudit | user=null | ip=null | op=WRITE_CHUNK {blockData=conID: 1 locID: 102704235794399798 bcsId: 3281} | ret=SUCCESS |  
2019-08-30 05:17:49,879 | INFO  | DNAudit | user=null | ip=null | op=WRITE_CHUNK {blockData=conID: 1 locID: 102704235794399798 bcsId: 3281} | ret=SUCCESS |  
2019-08-30 05:17:49,879 | INFO  | DNAudit | user=null | ip=null | op=PUT_BLOCK {blockData=[blockId=conID: 1 locID: 102704235794399798 bcsId: 0,size=3145728]} | ret=SUCCESS |  
2019-08-30 05:17:49,885 | INFO  | DNAudit | user=null | ip=null | op=PUT_BLOCK {blockData=[blockId=conID: 1 locID: 102704235794399798 bcsId: 0,size=3145728]} | ret=SUCCESS |  
2019-08-30 05:17:49,886 | INFO  | DNAudit | user=null | ip=null | op=WRITE_CHUNK {blockData=conID: 1 locID: 102704235794399798 bcsId: 3287} | ret=SUCCESS |  
2019-08-30 05:17:49,887 | INFO  | DNAudit | user=null | ip=null | op=PUT_BLOCK {blockData=[blockId=conID: 1 locID: 102704235794399798 bcsId: 0,size=4194304]} | ret=SUCCESS |  
2019-08-30 05:17:49,887 [grpc-default-executor-6] INFO  client.GrpcClientProtocolClient (GrpcClientProtocolClient.java:onNext(255)) - client-574492D41EE7->134d4672-e322-4e4b-b7f3-5645abb0fe8c: receive RaftClientReply:client-574492D41EE7->134d4672-e322-4e4b-b7f3-5645abb0fe8c@group-3CB1DFFBCDC2, cid=2234, SUCCESS, logIndex=3290, commits[134d4672-e322-4e4b-b7f3-5645abb0fe8c:c3291, 73af84f3-3e88-4c8c-894c-3ad307bcac8d:c3287, 730a25a1-dbec-44ed-975b-a44ab0096beb:c3287]
2019-08-30 05:17:49,887 [grpc-default-executor-6] INFO  client.GrpcClientProtocolClient (GrpcClientProtocolClient.java:onNext(255)) - client-574492D41EE7->134d4672-e322-4e4b-b7f3-5645abb0fe8c: receive RaftClientReply:client-574492D41EE7->134d4672-e322-4e4b-b7f3-5645abb0fe8c@group-3CB1DFFBCDC2, cid=2235, SUCCESS, logIndex=3291, commits[134d4672-e322-4e4b-b7f3-5645abb0fe8c:c3291, 73af84f3-3e88-4c8c-894c-3ad307bcac8d:c3287, 730a25a1-dbec-44ed-975b-a44ab0096beb:c3287]
2019-08-30 05:17:49,898 | INFO  | DNAudit | user=null | ip=null | op=WRITE_CHUNK {blockData=conID: 1 locID: 102704235794399798 bcsId: 3287} | ret=SUCCESS |  
2019-08-30 05:17:49,898 | INFO  | DNAudit | user=null | ip=null | op=WRITE_CHUNK {blockData=conID: 1 locID: 102704235794399798 bcsId: 3287} | ret=SUCCESS |  
2019-08-30 05:17:49,900 | INFO  | DNAudit | user=null | ip=null | op=PUT_BLOCK {blockData=[blockId=conID: 1 locID: 102704235794399798 bcsId: 0,size=4194304]} | ret=SUCCESS |  
2019-08-30 05:17:49,900 | INFO  | DNAudit | user=null | ip=null | op=PUT_BLOCK {blockData=[blockId=conID: 1 locID: 102704235794399798 bcsId: 0,size=4194304]} | ret=SUCCESS |  
2019-08-30 05:17:49,901 [grpc-default-executor-3] INFO  client.GrpcClientProtocolClient (GrpcClientProtocolClient.java:onNext(255)) - client-574492D41EE7->134d4672-e322-4e4b-b7f3-5645abb0fe8c: receive RaftClientReply:client-574492D41EE7->134d4672-e322-4e4b-b7f3-5645abb0fe8c@group-3CB1DFFBCDC2, cid=2236, SUCCESS, logIndex=0, commits[134d4672-e322-4e4b-b7f3-5645abb0fe8c:c3293, 73af84f3-3e88-4c8c-894c-3ad307bcac8d:c3291, 730a25a1-dbec-44ed-975b-a44ab0096beb:c3291]
2019-08-30 05:17:50,028 | INFO  | SCMAudit | user=jenkins1000 | ip=192.168.36.106 | op=ALLOCATE_BLOCK {owner=85755eb5-052d-48fa-b271-2fe4d8754e12, size=4194304, type=RATIS, factor=THREE} | ret=SUCCESS |  
2019-08-30 05:17:50,030 | INFO  | OMAudit | user=jenkins1000 | ip=127.0.0.1 | op=ALLOCATE_BLOCK {volume=vol-0-00977, bucket=bucket-0-44205, key=key-0-32850, dataSize=0, replicationType=null, replicationFactor=null, keyLocationInfo=null, clientID=102704234570776978} | ret=SUCCESS |  
2019-08-30 05:17:50,040 | INFO  | DNAudit | user=null | ip=null | op=WRITE_CHUNK {blockData=conID: 2 locID: 102704235808490039 bcsId: 0} | ret=SUCCESS |  
2019-08-30 05:17:50,042 | INFO  | DNAudit | user=null | ip=null | op=WRITE_CHUNK {blockData=conID: 2 locID: 102704235808490039 bcsId: 0} | ret=SUCCESS |  
2019-08-30 05:17:50,042 | INFO  | DNAudit | user=null | ip=null | op=WRITE_CHUNK {blockData=conID: 2 locID: 102704235808490039 bcsId: 0} | ret=SUCCESS |  
2019-08-30 05:17:50,044 | INFO  | DNAudit | user=null | ip=null | op=WRITE_CHUNK {blockData=conID: 2 locID: 102704235808490039 bcsId: 0} | ret=SUCCESS |  
2019-08-30 05:17:50,045 | INFO  | DNAudit | user=null | ip=null | op=WRITE_CHUNK {blockData=conID: 2 locID: 102704235808490039 bcsId: 0} | ret=SUCCESS |  
2019-08-30 05:17:50,046 | INFO  | DNAudit | user=null | ip=null | op=WRITE_CHUNK {blockData=conID: 2 locID: 102704235808490039 bcsId: 0} | ret=SUCCESS |  
2019-08-30 05:17:50,052 | INFO  | DNAudit | user=null | ip=null | op=WRITE_CHUNK {blockData=conID: 2 locID: 102704235808490039 bcsId: 0} | ret=SUCCESS |  
2019-08-30 05:17:50,053 | INFO  | DNAudit | user=null | ip=null | op=PUT_BLOCK {blockData=[blockId=conID: 2 locID: 102704235808490039 bcsId: 0,size=1048576]} | ret=SUCCESS |  
2019-08-30 05:17:50,053 [grpc-default-executor-6] INFO  client.GrpcClientProtocolClient (GrpcClientProtocolClient.java:onNext(255)) - client-574492D41EE7->134d4672-e322-4e4b-b7f3-5645abb0fe8c: receive RaftClientReply:client-574492D41EE7->134d4672-e322-4e4b-b7f3-5645abb0fe8c@group-3CB1DFFBCDC2, cid=2237, SUCCESS, logIndex=3294, commits[134d4672-e322-4e4b-b7f3-5645abb0fe8c:c3295, 73af84f3-3e88-4c8c-894c-3ad307bcac8d:c3293, 730a25a1-dbec-44ed-975b-a44ab0096beb:c3293]
2019-08-30 05:17:50,054 | INFO  | DNAudit | user=null | ip=null | op=WRITE_CHUNK {blockData=conID: 2 locID: 102704235808490039 bcsId: 0} | ret=SUCCESS |  
2019-08-30 05:17:50,054 | INFO  | DNAudit | user=null | ip=null | op=PUT_BLOCK {blockData=[blockId=conID: 2 locID: 102704235808490039 bcsId: 0,size=2097152]} | ret=SUCCESS |  
2019-08-30 05:17:50,054 [grpc-default-executor-6] INFO  client.GrpcClientProtocolClient (GrpcClientProtocolClient.java:onNext(255)) - client-574492D41EE7->134d4672-e322-4e4b-b7f3-5645abb0fe8c: receive RaftClientReply:client-574492D41EE7->134d4672-e322-4e4b-b7f3-5645abb0fe8c@group-3CB1DFFBCDC2, cid=2238, SUCCESS, logIndex=3295, commits[134d4672-e322-4e4b-b7f3-5645abb0fe8c:c3295, 73af84f3-3e88-4c8c-894c-3ad307bcac8d:c3293, 730a25a1-dbec-44ed-975b-a44ab0096beb:c3293]
2019-08-30 05:17:50,055 | INFO  | DNAudit | user=null | ip=null | op=WRITE_CHUNK {blockData=conID: 2 locID: 102704235808490039 bcsId: 0} | ret=SUCCESS |  
2019-08-30 05:17:50,054 [grpc-default-executor-6] INFO  client.GrpcClientProtocolClient (GrpcClientProtocolClient.java:onNext(255)) - client-574492D41EE7->134d4672-e322-4e4b-b7f3-5645abb0fe8c: receive RaftClientReply:client-574492D41EE7->134d4672-e322-4e4b-b7f3-5645abb0fe8c@group-3CB1DFFBCDC2, cid=2239, SUCCESS, logIndex=3296, commits[134d4672-e322-4e4b-b7f3-5645abb0fe8c:c3297, 73af84f3-3e88-4c8c-894c-3ad307bcac8d:c3293, 730a25a1-dbec-44ed-975b-a44ab0096beb:c3293]
2019-08-30 05:17:50,055 | INFO  | DNAudit | user=null | ip=null | op=PUT_BLOCK {blockData=[blockId=conID: 2 locID: 102704235808490039 bcsId: 0,size=1048576]} | ret=SUCCESS |  
2019-08-30 05:17:50,055 [grpc-default-executor-6] INFO  client.GrpcClientProtocolClient (GrpcClientProtocolClient.java:onNext(255)) - client-574492D41EE7->134d4672-e322-4e4b-b7f3-5645abb0fe8c: receive RaftClientReply:client-574492D41EE7->134d4672-e322-4e4b-b7f3-5645abb0fe8c@group-3CB1DFFBCDC2, cid=2240, SUCCESS, logIndex=3297, commits[134d4672-e322-4e4b-b7f3-5645abb0fe8c:c3297, 73af84f3-3e88-4c8c-894c-3ad307bcac8d:c3293, 730a25a1-dbec-44ed-975b-a44ab0096beb:c3293]
2019-08-30 05:17:50,057 | INFO  | DNAudit | user=null | ip=null | op=WRITE_CHUNK {blockData=conID: 2 locID: 102704235808490039 bcsId: 0} | ret=SUCCESS |  
2019-08-30 05:17:50,057 | INFO  | DNAudit | user=null | ip=null | op=PUT_BLOCK {blockData=[blockId=conID: 2 locID: 102704235808490039 bcsId: 0,size=1048576]} | ret=SUCCESS |  
2019-08-30 05:17:50,058 | INFO  | DNAudit | user=null | ip=null | op=WRITE_CHUNK {blockData=conID: 2 locID: 102704235808490039 bcsId: 0} | ret=SUCCESS |  
2019-08-30 05:17:50,058 | INFO  | DNAudit | user=null | ip=null | op=PUT_BLOCK {blockData=[blockId=conID: 2 locID: 102704235808490039 bcsId: 0,size=2097152]} | ret=SUCCESS |  
2019-08-30 05:17:50,058 [grpc-default-executor-1] INFO  client.GrpcClientProtocolClient (GrpcClientProtocolClient.java:onNext(255)) - client-574492D41EE7->134d4672-e322-4e4b-b7f3-5645abb0fe8c: receive RaftClientReply:client-574492D41EE7->134d4672-e322-4e4b-b7f3-5645abb0fe8c@group-3CB1DFFBCDC2, cid=2241, SUCCESS, logIndex=0, commits[134d4672-e322-4e4b-b7f3-5645abb0fe8c:c3299, 73af84f3-3e88-4c8c-894c-3ad307bcac8d:c3295, 730a25a1-dbec-44ed-975b-a44ab0096beb:c3295]
2019-08-30 05:17:50,066 | INFO  | DNAudit | user=null | ip=null | op=WRITE_CHUNK {blockData=conID: 2 locID: 102704235808490039 bcsId: 3297} | ret=SUCCESS |  
2019-08-30 05:17:50,068 | INFO  | DNAudit | user=null | ip=null | op=WRITE_CHUNK {blockData=conID: 2 locID: 102704235808490039 bcsId: 0} | ret=SUCCESS |  
2019-08-30 05:17:50,068 | INFO  | DNAudit | user=null | ip=null | op=PUT_BLOCK {blockData=[blockId=conID: 2 locID: 102704235808490039 bcsId: 0,size=2097152]} | ret=SUCCESS |  
2019-08-30 05:17:50,069 | INFO  | DNAudit | user=null | ip=null | op=WRITE_CHUNK {blockData=conID: 2 locID: 102704235808490039 bcsId: 3297} | ret=SUCCESS |  
2019-08-30 05:17:50,070 | INFO  | DNAudit | user=null | ip=null | op=WRITE_CHUNK {blockData=conID: 2 locID: 102704235808490039 bcsId: 3297} | ret=SUCCESS |  
2019-08-30 05:17:50,081 | INFO  | DNAudit | user=null | ip=null | op=WRITE_CHUNK {blockData=conID: 2 locID: 102704235808490039 bcsId: 3297} | ret=SUCCESS |  
2019-08-30 05:17:50,081 | INFO  | DNAudit | user=null | ip=null | op=PUT_BLOCK {blockData=[blockId=conID: 2 locID: 102704235808490039 bcsId: 0,size=3145728]} | ret=SUCCESS |  
2019-08-30 05:17:50,081 [grpc-default-executor-6] INFO  client.GrpcClientProtocolClient (GrpcClientProtocolClient.java:onNext(255)) - client-574492D41EE7->134d4672-e322-4e4b-b7f3-5645abb0fe8c: receive RaftClientReply:client-574492D41EE7->134d4672-e322-4e4b-b7f3-5645abb0fe8c@group-3CB1DFFBCDC2, cid=2242, SUCCESS, logIndex=3302, commits[134d4672-e322-4e4b-b7f3-5645abb0fe8c:c3303, 73af84f3-3e88-4c8c-894c-3ad307bcac8d:c3297, 730a25a1-dbec-44ed-975b-a44ab0096beb:c3300]
2019-08-30 05:17:50,082 [grpc-default-executor-6] INFO  client.GrpcClientProtocolClient (GrpcClientProtocolClient.java:onNext(255)) - client-574492D41EE7->134d4672-e322-4e4b-b7f3-5645abb0fe8c: receive RaftClientReply:client-574492D41EE7->134d4672-e322-4e4b-b7f3-5645abb0fe8c@group-3CB1DFFBCDC2, cid=2243, SUCCESS, logIndex=3303, commits[134d4672-e322-4e4b-b7f3-5645abb0fe8c:c3303, 73af84f3-3e88-4c8c-894c-3ad307bcac8d:c3300, 730a25a1-dbec-44ed-975b-a44ab0096beb:c3300]
2019-08-30 05:17:50,082 | INFO  | DNAudit | user=null | ip=null | op=WRITE_CHUNK {blockData=conID: 2 locID: 102704235808490039 bcsId: 3297} | ret=SUCCESS |  
2019-08-30 05:17:50,082 | INFO  | DNAudit | user=null | ip=null | op=WRITE_CHUNK {blockData=conID: 2 locID: 102704235808490039 bcsId: 3297} | ret=SUCCESS |  
2019-08-30 05:17:50,083 | INFO  | DNAudit | user=null | ip=null | op=PUT_BLOCK {blockData=[blockId=conID: 2 locID: 102704235808490039 bcsId: 0,size=3145728]} | ret=SUCCESS |  
2019-08-30 05:17:50,083 | INFO  | DNAudit | user=null | ip=null | op=PUT_BLOCK {blockData=[blockId=conID: 2 locID: 102704235808490039 bcsId: 0,size=3145728]} | ret=SUCCESS |  
2019-08-30 05:17:50,088 | INFO  | DNAudit | user=null | ip=null | op=WRITE_CHUNK {blockData=conID: 2 locID: 102704235808490039 bcsId: 3303} | ret=SUCCESS |  
2019-08-30 05:17:50,091 | INFO  | DNAudit | user=null | ip=null | op=WRITE_CHUNK {blockData=conID: 2 locID: 102704235808490039 bcsId: 3303} | ret=SUCCESS |  
2019-08-30 05:17:50,091 | INFO  | DNAudit | user=null | ip=null | op=WRITE_CHUNK {blockData=conID: 2 locID: 102704235808490039 bcsId: 3303} | ret=SUCCESS |  
2019-08-30 05:17:50,101 | INFO  | DNAudit | user=null | ip=null | op=WRITE_CHUNK {blockData=conID: 2 locID: 102704235808490039 bcsId: 3303} | ret=SUCCESS |  
2019-08-30 05:17:50,101 | INFO  | DNAudit | user=null | ip=null | op=PUT_BLOCK {blockData=[blockId=conID: 2 locID: 102704235808490039 bcsId: 0,size=4194304]} | ret=SUCCESS |  
2019-08-30 05:17:50,101 [grpc-default-executor-3] INFO  client.GrpcClientProtocolClient (GrpcClientProtocolClient.java:onNext(255)) - client-574492D41EE7->134d4672-e322-4e4b-b7f3-5645abb0fe8c: receive RaftClientReply:client-574492D41EE7->134d4672-e322-4e4b-b7f3-5645abb0fe8c@group-3CB1DFFBCDC2, cid=2244, SUCCESS, logIndex=3306, commits[134d4672-e322-4e4b-b7f3-5645abb0fe8c:c3307, 73af84f3-3e88-4c8c-894c-3ad307bcac8d:c3305, 730a25a1-dbec-44ed-975b-a44ab0096beb:c3305]
2019-08-30 05:17:50,102 [grpc-default-executor-3] INFO  client.GrpcClientProtocolClient (GrpcClientProtocolClient.java:onNext(255)) - client-574492D41EE7->134d4672-e322-4e4b-b7f3-5645abb0fe8c: receive RaftClientReply:client-574492D41EE7->134d4672-e322-4e4b-b7f3-5645abb0fe8c@group-3CB1DFFBCDC2, cid=2245, SUCCESS, logIndex=3307, commits[134d4672-e322-4e4b-b7f3-5645abb0fe8c:c3307, 73af84f3-3e88-4c8c-894c-3ad307bcac8d:c3305, 730a25a1-dbec-44ed-975b-a44ab0096beb:c3305]
2019-08-30 05:17:50,114 | INFO  | DNAudit | user=null | ip=null | op=WRITE_CHUNK {blockData=conID: 2 locID: 102704235808490039 bcsId: 3303} | ret=SUCCESS |  
2019-08-30 05:17:50,114 | INFO  | DNAudit | user=null | ip=null | op=WRITE_CHUNK {blockData=conID: 2 locID: 102704235808490039 bcsId: 3303} | ret=SUCCESS |  
2019-08-30 05:17:50,114 | INFO  | DNAudit | user=null | ip=null | op=PUT_BLOCK {blockData=[blockId=conID: 2 locID: 102704235808490039 bcsId: 0,size=4194304]} | ret=SUCCESS |  
2019-08-30 05:17:50,114 | INFO  | DNAudit | user=null | ip=null | op=PUT_BLOCK {blockData=[blockId=conID: 2 locID: 102704235808490039 bcsId: 0,size=4194304]} | ret=SUCCESS |  
2019-08-30 05:17:50,114 [grpc-default-executor-3] INFO  client.GrpcClientProtocolClient (GrpcClientProtocolClient.java:onNext(255)) - client-574492D41EE7->134d4672-e322-4e4b-b7f3-5645abb0fe8c: receive RaftClientReply:client-574492D41EE7->134d4672-e322-4e4b-b7f3-5645abb0fe8c@group-3CB1DFFBCDC2, cid=2246, SUCCESS, logIndex=0, commits[134d4672-e322-4e4b-b7f3-5645abb0fe8c:c3308, 73af84f3-3e88-4c8c-894c-3ad307bcac8d:c3307, 730a25a1-dbec-44ed-975b-a44ab0096beb:c3307]
2019-08-30 05:17:50,119 | INFO  | SCMAudit | user=jenkins1000 | ip=192.168.36.106 | op=ALLOCATE_BLOCK {owner=85755eb5-052d-48fa-b271-2fe4d8754e12, size=4194304, type=RATIS, factor=THREE} | ret=SUCCESS |  
2019-08-30 05:17:50,123 | INFO  | OMAudit | user=jenkins1000 | ip=127.0.0.1 | op=ALLOCATE_BLOCK {volume=vol-0-00977, bucket=bucket-0-44205, key=key-0-32850, dataSize=0, replicationType=null, replicationFactor=null, keyLocationInfo=null, clientID=102704234570776978} | ret=SUCCESS |  
2019-08-30 05:17:50,129 | INFO  | DNAudit | user=null | ip=null | op=WRITE_CHUNK {blockData=conID: 3 locID: 102704235814519352 bcsId: 0} | ret=SUCCESS |  
2019-08-30 05:17:50,132 | INFO  | DNAudit | user=null | ip=null | op=WRITE_CHUNK {blockData=conID: 3 locID: 102704235814519352 bcsId: 0} | ret=SUCCESS |  
2019-08-30 05:17:50,132 | INFO  | DNAudit | user=null | ip=null | op=WRITE_CHUNK {blockData=conID: 3 locID: 102704235814519352 bcsId: 0} | ret=SUCCESS |  
2019-08-30 05:17:50,132 | INFO  | DNAudit | user=null | ip=null | op=WRITE_CHUNK {blockData=conID: 3 locID: 102704235814519352 bcsId: 0} | ret=SUCCESS |  
2019-08-30 05:17:50,135 | INFO  | DNAudit | user=null | ip=null | op=WRITE_CHUNK {blockData=conID: 3 locID: 102704235814519352 bcsId: 0} | ret=SUCCESS |  
2019-08-30 05:17:50,135 | INFO  | DNAudit | user=null | ip=null | op=WRITE_CHUNK {blockData=conID: 3 locID: 102704235814519352 bcsId: 0} | ret=SUCCESS |  
2019-08-30 05:17:50,142 | INFO  | DNAudit | user=null | ip=null | op=WRITE_CHUNK {blockData=conID: 3 locID: 102704235814519352 bcsId: 0} | ret=SUCCESS |  
2019-08-30 05:17:50,143 | INFO  | DNAudit | user=null | ip=null | op=PUT_BLOCK {blockData=[blockId=conID: 3 locID: 102704235814519352 bcsId: 0,size=1048576]} | ret=SUCCESS |  
2019-08-30 05:17:50,143 [grpc-default-executor-6] INFO  client.GrpcClientProtocolClient (GrpcClientProtocolClient.java:onNext(255)) - client-574492D41EE7->134d4672-e322-4e4b-b7f3-5645abb0fe8c: receive RaftClientReply:client-574492D41EE7->134d4672-e322-4e4b-b7f3-5645abb0fe8c@group-3CB1DFFBCDC2, cid=2247, SUCCESS, logIndex=3310, commits[134d4672-e322-4e4b-b7f3-5645abb0fe8c:c3311, 73af84f3-3e88-4c8c-894c-3ad307bcac8d:c3309, 730a25a1-dbec-44ed-975b-a44ab0096beb:c3309]
2019-08-30 05:17:50,143 | INFO  | DNAudit | user=null | ip=null | op=WRITE_CHUNK {blockData=conID: 3 locID: 102704235814519352 bcsId: 0} | ret=SUCCESS |  
2019-08-30 05:17:50,144 [grpc-default-executor-6] INFO  client.GrpcClientProtocolClient (GrpcClientProtocolClient.java:onNext(255)) - client-574492D41EE7->134d4672-e322-4e4b-b7f3-5645abb0fe8c: receive RaftClientReply:client-574492D41EE7->134d4672-e322-4e4b-b7f3-5645abb0fe8c@group-3CB1DFFBCDC2, cid=2248, SUCCESS, logIndex=3311, commits[134d4672-e322-4e4b-b7f3-5645abb0fe8c:c3311, 73af84f3-3e88-4c8c-894c-3ad307bcac8d:c3309, 730a25a1-dbec-44ed-975b-a44ab0096beb:c3309]
2019-08-30 05:17:50,144 | INFO  | DNAudit | user=null | ip=null | op=PUT_BLOCK {blockData=[blockId=conID: 3 locID: 102704235814519352 bcsId: 0,size=2097152]} | ret=SUCCESS |  
2019-08-30 05:17:50,144 [grpc-default-executor-6] INFO  client.GrpcClientProtocolClient (GrpcClientProtocolClient.java:onNext(255)) - client-574492D41EE7->134d4672-e322-4e4b-b7f3-5645abb0fe8c: receive RaftClientReply:client-574492D41EE7->134d4672-e322-4e4b-b7f3-5645abb0fe8c@group-3CB1DFFBCDC2, cid=2249, SUCCESS, logIndex=3312, commits[134d4672-e322-4e4b-b7f3-5645abb0fe8c:c3313, 73af84f3-3e88-4c8c-894c-3ad307bcac8d:c3309, 730a25a1-dbec-44ed-975b-a44ab0096beb:c3309]
2019-08-30 05:17:50,144 [grpc-default-executor-6] INFO  client.GrpcClientProtocolClient (GrpcClientProtocolClient.java:onNext(255)) - client-574492D41EE7->134d4672-e322-4e4b-b7f3-5645abb0fe8c: receive RaftClientReply:client-574492D41EE7->134d4672-e322-4e4b-b7f3-5645abb0fe8c@group-3CB1DFFBCDC2, cid=2250, SUCCESS, logIndex=3313, commits[134d4672-e322-4e4b-b7f3-5645abb0fe8c:c3313, 73af84f3-3e88-4c8c-894c-3ad307bcac8d:c3309, 730a25a1-dbec-44ed-975b-a44ab0096beb:c3309]
2019-08-30 05:17:50,156 | INFO  | DNAudit | user=null | ip=null | op=WRITE_CHUNK {blockData=conID: 3 locID: 102704235814519352 bcsId: 0} | ret=SUCCESS |  
2019-08-30 05:17:50,156 | INFO  | DNAudit | user=null | ip=null | op=PUT_BLOCK {blockData=[blockId=conID: 3 locID: 102704235814519352 bcsId: 0,size=1048576]} | ret=SUCCESS |  
2019-08-30 05:17:50,157 | INFO  | DNAudit | user=null | ip=null | op=WRITE_CHUNK {blockData=conID: 3 locID: 102704235814519352 bcsId: 0} | ret=SUCCESS |  
2019-08-30 05:17:50,157 | INFO  | DNAudit | user=null | ip=null | op=PUT_BLOCK {blockData=[blockId=conID: 3 locID: 102704235814519352 bcsId: 0,size=1048576]} | ret=SUCCESS |  
2019-08-30 05:17:50,158 | INFO  | DNAudit | user=null | ip=null | op=WRITE_CHUNK {blockData=conID: 3 locID: 102704235814519352 bcsId: 0} | ret=SUCCESS |  
2019-08-30 05:17:50,157 [grpc-default-executor-6] INFO  client.GrpcClientProtocolClient (GrpcClientProtocolClient.java:onNext(255)) - client-574492D41EE7->134d4672-e322-4e4b-b7f3-5645abb0fe8c: receive RaftClientReply:client-574492D41EE7->134d4672-e322-4e4b-b7f3-5645abb0fe8c@group-3CB1DFFBCDC2, cid=2251, SUCCESS, logIndex=0, commits[134d4672-e322-4e4b-b7f3-5645abb0fe8c:c3315, 73af84f3-3e88-4c8c-894c-3ad307bcac8d:c3311, 730a25a1-dbec-44ed-975b-a44ab0096beb:c3311]
2019-08-30 05:17:50,158 | INFO  | DNAudit | user=null | ip=null | op=WRITE_CHUNK {blockData=conID: 3 locID: 102704235814519352 bcsId: 0} | ret=SUCCESS |  
2019-08-30 05:17:50,158 | INFO  | DNAudit | user=null | ip=null | op=PUT_BLOCK {blockData=[blockId=conID: 3 locID: 102704235814519352 bcsId: 0,size=2097152]} | ret=SUCCESS |  
2019-08-30 05:17:50,158 | INFO  | DNAudit | user=null | ip=null | op=PUT_BLOCK {blockData=[blockId=conID: 3 locID: 102704235814519352 bcsId: 0,size=2097152]} | ret=SUCCESS |  
2019-08-30 05:17:50,164 | INFO  | DNAudit | user=null | ip=null | op=WRITE_CHUNK {blockData=conID: 3 locID: 102704235814519352 bcsId: 3313} | ret=SUCCESS |  
2019-08-30 05:17:50,166 | INFO  | DNAudit | user=null | ip=null | op=WRITE_CHUNK {blockData=conID: 3 locID: 102704235814519352 bcsId: 3313} | ret=SUCCESS |  
2019-08-30 05:17:50,166 | INFO  | DNAudit | user=null | ip=null | op=WRITE_CHUNK {blockData=conID: 3 locID: 102704235814519352 bcsId: 3313} | ret=SUCCESS |  
2019-08-30 05:17:50,177 | INFO  | DNAudit | user=null | ip=null | op=WRITE_CHUNK {blockData=conID: 3 locID: 102704235814519352 bcsId: 3313} | ret=SUCCESS |  
2019-08-30 05:17:50,177 | INFO  | DNAudit | user=null | ip=null | op=PUT_BLOCK {blockData=[blockId=conID: 3 locID: 102704235814519352 bcsId: 0,size=3145728]} | ret=SUCCESS |  
2019-08-30 05:17:50,177 [grpc-default-executor-3] INFO  client.GrpcClientProtocolClient (GrpcClientProtocolClient.java:onNext(255)) - client-574492D41EE7->134d4672-e322-4e4b-b7f3-5645abb0fe8c: receive RaftClientReply:client-574492D41EE7->134d4672-e322-4e4b-b7f3-5645abb0fe8c@group-3CB1DFFBCDC2, cid=2252, SUCCESS, logIndex=3318, commits[134d4672-e322-4e4b-b7f3-5645abb0fe8c:c3319, 73af84f3-3e88-4c8c-894c-3ad307bcac8d:c3317, 730a25a1-dbec-44ed-975b-a44ab0096beb:c3317]
2019-08-30 05:17:50,178 [grpc-default-executor-3] INFO  client.GrpcClientProtocolClient (GrpcClientProtocolClient.java:onNext(255)) - client-574492D41EE7->134d4672-e322-4e4b-b7f3-5645abb0fe8c: receive RaftClientReply:client-574492D41EE7->134d4672-e322-4e4b-b7f3-5645abb0fe8c@group-3CB1DFFBCDC2, cid=2253, SUCCESS, logIndex=3319, commits[134d4672-e322-4e4b-b7f3-5645abb0fe8c:c3319, 73af84f3-3e88-4c8c-894c-3ad307bcac8d:c3317, 730a25a1-dbec-44ed-975b-a44ab0096beb:c3317]
2019-08-30 05:17:50,183 | INFO  | DNAudit | user=null | ip=null | op=WRITE_CHUNK {blockData=conID: 3 locID: 102704235814519352 bcsId: 3319} | ret=SUCCESS |  
2019-08-30 05:17:50,185 | INFO  | DNAudit | user=null | ip=null | op=WRITE_CHUNK {blockData=conID: 3 locID: 102704235814519352 bcsId: 3319} | ret=SUCCESS |  
2019-08-30 05:17:50,185 | INFO  | DNAudit | user=null | ip=null | op=WRITE_CHUNK {blockData=conID: 3 locID: 102704235814519352 bcsId: 3319} | ret=SUCCESS |  
2019-08-30 05:17:50,190 | INFO  | DNAudit | user=null | ip=null | op=WRITE_CHUNK {blockData=conID: 3 locID: 102704235814519352 bcsId: 3313} | ret=SUCCESS |  
2019-08-30 05:17:50,190 | INFO  | DNAudit | user=null | ip=null | op=WRITE_CHUNK {blockData=conID: 3 locID: 102704235814519352 bcsId: 3313} | ret=SUCCESS |  
2019-08-30 05:17:50,190 | INFO  | DNAudit | user=null | ip=null | op=PUT_BLOCK {blockData=[blockId=conID: 3 locID: 102704235814519352 bcsId: 0,size=3145728]} | ret=SUCCESS |  
2019-08-30 05:17:50,190 | INFO  | DNAudit | user=null | ip=null | op=PUT_BLOCK {blockData=[blockId=conID: 3 locID: 102704235814519352 bcsId: 0,size=3145728]} | ret=SUCCESS |  
2019-08-30 05:17:50,192 | INFO  | DNAudit | user=null | ip=null | op=WRITE_CHUNK {blockData=conID: 3 locID: 102704235814519352 bcsId: 3319} | ret=SUCCESS |  
2019-08-30 05:17:50,192 | INFO  | DNAudit | user=null | ip=null | op=PUT_BLOCK {blockData=[blockId=conID: 3 locID: 102704235814519352 bcsId: 0,size=4194304]} | ret=SUCCESS |  
2019-08-30 05:17:50,192 [grpc-default-executor-1] INFO  client.GrpcClientProtocolClient (GrpcClientProtocolClient.java:onNext(255)) - client-574492D41EE7->134d4672-e322-4e4b-b7f3-5645abb0fe8c: receive RaftClientReply:client-574492D41EE7->134d4672-e322-4e4b-b7f3-5645abb0fe8c@group-3CB1DFFBCDC2, cid=2254, SUCCESS, logIndex=3322, commits[134d4672-e322-4e4b-b7f3-5645abb0fe8c:c3323, 73af84f3-3e88-4c8c-894c-3ad307bcac8d:c3319, 730a25a1-dbec-44ed-975b-a44ab0096beb:c3319]
2019-08-30 05:17:50,193 [grpc-default-executor-1] INFO  client.GrpcClientProtocolClient (GrpcClientProtocolClient.java:onNext(255)) - client-574492D41EE7->134d4672-e322-4e4b-b7f3-5645abb0fe8c: receive RaftClientReply:client-574492D41EE7->134d4672-e322-4e4b-b7f3-5645abb0fe8c@group-3CB1DFFBCDC2, cid=2255, SUCCESS, logIndex=3323, commits[134d4672-e322-4e4b-b7f3-5645abb0fe8c:c3323, 73af84f3-3e88-4c8c-894c-3ad307bcac8d:c3319, 730a25a1-dbec-44ed-975b-a44ab0096beb:c3319]
2019-08-30 05:17:50,209 | INFO  | DNAudit | user=null | ip=null | op=WRITE_CHUNK {blockData=conID: 3 locID: 102704235814519352 bcsId: 3319} | ret=SUCCESS |  
2019-08-30 05:17:50,209 | INFO  | DNAudit | user=null | ip=null | op=WRITE_CHUNK {blockData=conID: 3 locID: 102704235814519352 bcsId: 3319} | ret=SUCCESS |  
2019-08-30 05:17:50,210 | INFO  | DNAudit | user=null | ip=null | op=PUT_BLOCK {blockData=[blockId=conID: 3 locID: 102704235814519352 bcsId: 0,size=4194304]} | ret=SUCCESS |  
2019-08-30 05:17:50,212 | INFO  | DNAudit | user=null | ip=null | op=PUT_BLOCK {blockData=[blockId=conID: 3 locID: 102704235814519352 bcsId: 0,size=4194304]} | ret=SUCCESS |  
2019-08-30 05:17:50,213 [grpc-default-executor-1] INFO  client.GrpcClientProtocolClient (GrpcClientProtocolClient.java:onNext(255)) - client-574492D41EE7->134d4672-e322-4e4b-b7f3-5645abb0fe8c: receive RaftClientReply:client-574492D41EE7->134d4672-e322-4e4b-b7f3-5645abb0fe8c@group-3CB1DFFBCDC2, cid=2256, SUCCESS, logIndex=0, commits[134d4672-e322-4e4b-b7f3-5645abb0fe8c:c3325, 73af84f3-3e88-4c8c-894c-3ad307bcac8d:c3323, 730a25a1-dbec-44ed-975b-a44ab0096beb:c3323]
2019-08-30 05:17:50,218 | INFO  | SCMAudit | user=jenkins1000 | ip=192.168.36.106 | op=ALLOCATE_BLOCK {owner=85755eb5-052d-48fa-b271-2fe4d8754e12, size=4194304, type=RATIS, factor=THREE} | ret=SUCCESS |  
2019-08-30 05:17:50,220 | INFO  | OMAudit | user=jenkins1000 | ip=127.0.0.1 | op=ALLOCATE_BLOCK {volume=vol-0-00977, bucket=bucket-0-44205, key=key-0-32850, dataSize=0, replicationType=null, replicationFactor=null, keyLocationInfo=null, clientID=102704234570776978} | ret=SUCCESS |  
2019-08-30 05:17:50,227 | INFO  | DNAudit | user=null | ip=null | op=WRITE_CHUNK {blockData=conID: 1 locID: 102704235821007417 bcsId: 0} | ret=SUCCESS |  
2019-08-30 05:17:50,229 | INFO  | DNAudit | user=null | ip=null | op=WRITE_CHUNK {blockData=conID: 1 locID: 102704235821007417 bcsId: 0} | ret=SUCCESS |  
2019-08-30 05:17:50,230 | INFO  | DNAudit | user=null | ip=null | op=WRITE_CHUNK {blockData=conID: 1 locID: 102704235821007417 bcsId: 0} | ret=SUCCESS |  
2019-08-30 05:17:50,230 | INFO  | DNAudit | user=null | ip=null | op=WRITE_CHUNK {blockData=conID: 1 locID: 102704235821007417 bcsId: 0} | ret=SUCCESS |  
2019-08-30 05:17:50,232 | INFO  | DNAudit | user=null | ip=null | op=WRITE_CHUNK {blockData=conID: 1 locID: 102704235821007417 bcsId: 0} | ret=SUCCESS |  
2019-08-30 05:17:50,232 | INFO  | DNAudit | user=null | ip=null | op=WRITE_CHUNK {blockData=conID: 1 locID: 102704235821007417 bcsId: 0} | ret=SUCCESS |  
2019-08-30 05:17:50,240 | INFO  | DNAudit | user=null | ip=null | op=WRITE_CHUNK {blockData=conID: 1 locID: 102704235821007417 bcsId: 0} | ret=SUCCESS |  
2019-08-30 05:17:50,240 | INFO  | DNAudit | user=null | ip=null | op=PUT_BLOCK {blockData=[blockId=conID: 1 locID: 102704235821007417 bcsId: 0,size=1048576]} | ret=SUCCESS |  
2019-08-30 05:17:50,241 | INFO  | DNAudit | user=null | ip=null | op=WRITE_CHUNK {blockData=conID: 1 locID: 102704235821007417 bcsId: 0} | ret=SUCCESS |  
2019-08-30 05:17:50,241 [grpc-default-executor-6] INFO  client.GrpcClientProtocolClient (GrpcClientProtocolClient.java:onNext(255)) - client-574492D41EE7->134d4672-e322-4e4b-b7f3-5645abb0fe8c: receive RaftClientReply:client-574492D41EE7->134d4672-e322-4e4b-b7f3-5645abb0fe8c@group-3CB1DFFBCDC2, cid=2257, SUCCESS, logIndex=3326, commits[134d4672-e322-4e4b-b7f3-5645abb0fe8c:c3327, 73af84f3-3e88-4c8c-894c-3ad307bcac8d:c3325, 730a25a1-dbec-44ed-975b-a44ab0096beb:c3325]
2019-08-30 05:17:50,241 | INFO  | DNAudit | user=null | ip=null | op=PUT_BLOCK {blockData=[blockId=conID: 1 locID: 102704235821007417 bcsId: 0,size=2097152]} | ret=SUCCESS |  
2019-08-30 05:17:50,241 [grpc-default-executor-6] INFO  client.GrpcClientProtocolClient (GrpcClientProtocolClient.java:onNext(255)) - client-574492D41EE7->134d4672-e322-4e4b-b7f3-5645abb0fe8c: receive RaftClientReply:client-574492D41EE7->134d4672-e322-4e4b-b7f3-5645abb0fe8c@group-3CB1DFFBCDC2, cid=2258, SUCCESS, logIndex=3327, commits[134d4672-e322-4e4b-b7f3-5645abb0fe8c:c3328, 73af84f3-3e88-4c8c-894c-3ad307bcac8d:c3325, 730a25a1-dbec-44ed-975b-a44ab0096beb:c3325]
2019-08-30 05:17:50,241 [grpc-default-executor-6] INFO  client.GrpcClientProtocolClient (GrpcClientProtocolClient.java:onNext(255)) - client-574492D41EE7->134d4672-e322-4e4b-b7f3-5645abb0fe8c: receive RaftClientReply:client-574492D41EE7->134d4672-e322-4e4b-b7f3-5645abb0fe8c@group-3CB1DFFBCDC2, cid=2259, SUCCESS, logIndex=3328, commits[134d4672-e322-4e4b-b7f3-5645abb0fe8c:c3329, 73af84f3-3e88-4c8c-894c-3ad307bcac8d:c3325, 730a25a1-dbec-44ed-975b-a44ab0096beb:c3325]
2019-08-30 05:17:50,242 | INFO  | DNAudit | user=null | ip=null | op=WRITE_CHUNK {blockData=conID: 1 locID: 102704235821007417 bcsId: 0} | ret=SUCCESS |  
2019-08-30 05:17:50,242 | INFO  | DNAudit | user=null | ip=null | op=PUT_BLOCK {blockData=[blockId=conID: 1 locID: 102704235821007417 bcsId: 0,size=1048576]} | ret=SUCCESS |  
2019-08-30 05:17:50,242 [grpc-default-executor-6] INFO  client.GrpcClientProtocolClient (GrpcClientProtocolClient.java:onNext(255)) - client-574492D41EE7->134d4672-e322-4e4b-b7f3-5645abb0fe8c: receive RaftClientReply:client-574492D41EE7->134d4672-e322-4e4b-b7f3-5645abb0fe8c@group-3CB1DFFBCDC2, cid=2260, SUCCESS, logIndex=3329, commits[134d4672-e322-4e4b-b7f3-5645abb0fe8c:c3329, 73af84f3-3e88-4c8c-894c-3ad307bcac8d:c3325, 730a25a1-dbec-44ed-975b-a44ab0096beb:c3325]
2019-08-30 05:17:50,242 | INFO  | DNAudit | user=null | ip=null | op=WRITE_CHUNK {blockData=conID: 1 locID: 102704235821007417 bcsId: 0} | ret=SUCCESS |  
2019-08-30 05:17:50,243 | INFO  | DNAudit | user=null | ip=null | op=PUT_BLOCK {blockData=[blockId=conID: 1 locID: 102704235821007417 bcsId: 0,size=1048576]} | ret=SUCCESS |  
2019-08-30 05:17:50,244 [grpc-default-executor-6] INFO  client.GrpcClientProtocolClient (GrpcClientProtocolClient.java:onNext(255)) - client-574492D41EE7->134d4672-e322-4e4b-b7f3-5645abb0fe8c: receive RaftClientReply:client-574492D41EE7->134d4672-e322-4e4b-b7f3-5645abb0fe8c@group-3CB1DFFBCDC2, cid=2261, SUCCESS, logIndex=0, commits[134d4672-e322-4e4b-b7f3-5645abb0fe8c:c3331, 73af84f3-3e88-4c8c-894c-3ad307bcac8d:c3327, 730a25a1-dbec-44ed-975b-a44ab0096beb:c3327]
2019-08-30 05:17:50,249 | INFO  | DNAudit | user=null | ip=null | op=WRITE_CHUNK {blockData=conID: 1 locID: 102704235821007417 bcsId: 3329} | ret=SUCCESS |  
2019-08-30 05:17:50,251 | INFO  | DNAudit | user=null | ip=null | op=WRITE_CHUNK {blockData=conID: 1 locID: 102704235821007417 bcsId: 3329} | ret=SUCCESS |  
2019-08-30 05:17:50,252 | INFO  | DNAudit | user=null | ip=null | op=WRITE_CHUNK {blockData=conID: 1 locID: 102704235821007417 bcsId: 3329} | ret=SUCCESS |  
2019-08-30 05:17:50,254 | INFO  | DNAudit | user=null | ip=null | op=WRITE_CHUNK {blockData=conID: 1 locID: 102704235821007417 bcsId: 0} | ret=SUCCESS |  
2019-08-30 05:17:50,254 | INFO  | DNAudit | user=null | ip=null | op=PUT_BLOCK {blockData=[blockId=conID: 1 locID: 102704235821007417 bcsId: 0,size=2097152]} | ret=SUCCESS |  
2019-08-30 05:17:50,254 | INFO  | DNAudit | user=null | ip=null | op=WRITE_CHUNK {blockData=conID: 1 locID: 102704235821007417 bcsId: 0} | ret=SUCCESS |  
2019-08-30 05:17:50,255 | INFO  | DNAudit | user=null | ip=null | op=PUT_BLOCK {blockData=[blockId=conID: 1 locID: 102704235821007417 bcsId: 0,size=2097152]} | ret=SUCCESS |  
2019-08-30 05:17:50,257 | INFO  | DNAudit | user=null | ip=null | op=WRITE_CHUNK {blockData=conID: 1 locID: 102704235821007417 bcsId: 3329} | ret=SUCCESS |  
2019-08-30 05:17:50,257 | INFO  | DNAudit | user=null | ip=null | op=PUT_BLOCK {blockData=[blockId=conID: 1 locID: 102704235821007417 bcsId: 0,size=3145728]} | ret=SUCCESS |  
2019-08-30 05:17:50,257 [grpc-default-executor-3] INFO  client.GrpcClientProtocolClient (GrpcClientProtocolClient.java:onNext(255)) - client-574492D41EE7->134d4672-e322-4e4b-b7f3-5645abb0fe8c: receive RaftClientReply:client-574492D41EE7->134d4672-e322-4e4b-b7f3-5645abb0fe8c@group-3CB1DFFBCDC2, cid=2262, SUCCESS, logIndex=3334, commits[134d4672-e322-4e4b-b7f3-5645abb0fe8c:c3335, 73af84f3-3e88-4c8c-894c-3ad307bcac8d:c3329, 730a25a1-dbec-44ed-975b-a44ab0096beb:c3331]
2019-08-30 05:17:50,258 [grpc-default-executor-3] INFO  client.GrpcClientProtocolClient (GrpcClientProtocolClient.java:onNext(255)) - client-574492D41EE7->134d4672-e322-4e4b-b7f3-5645abb0fe8c: receive RaftClientReply:client-574492D41EE7->134d4672-e322-4e4b-b7f3-5645abb0fe8c@group-3CB1DFFBCDC2, cid=2263, SUCCESS, logIndex=3335, commits[134d4672-e322-4e4b-b7f3-5645abb0fe8c:c3335, 73af84f3-3e88-4c8c-894c-3ad307bcac8d:c3331, 730a25a1-dbec-44ed-975b-a44ab0096beb:c3331]
2019-08-30 05:17:50,263 | INFO  | DNAudit | user=null | ip=null | op=WRITE_CHUNK {blockData=conID: 1 locID: 102704235821007417 bcsId: 3335} | ret=SUCCESS |  
2019-08-30 05:17:50,265 | INFO  | DNAudit | user=null | ip=null | op=WRITE_CHUNK {blockData=conID: 1 locID: 102704235821007417 bcsId: 3335} | ret=SUCCESS |  
2019-08-30 05:17:50,266 | INFO  | DNAudit | user=null | ip=null | op=WRITE_CHUNK {blockData=conID: 1 locID: 102704235821007417 bcsId: 3335} | ret=SUCCESS |  
2019-08-30 05:17:50,268 | INFO  | DNAudit | user=null | ip=null | op=WRITE_CHUNK {blockData=conID: 1 locID: 102704235821007417 bcsId: 3329} | ret=SUCCESS |  
2019-08-30 05:17:50,269 | INFO  | DNAudit | user=null | ip=null | op=WRITE_CHUNK {blockData=conID: 1 locID: 102704235821007417 bcsId: 3329} | ret=SUCCESS |  
2019-08-30 05:17:50,269 | INFO  | DNAudit | user=null | ip=null | op=PUT_BLOCK {blockData=[blockId=conID: 1 locID: 102704235821007417 bcsId: 0,size=3145728]} | ret=SUCCESS |  
2019-08-30 05:17:50,269 | INFO  | DNAudit | user=null | ip=null | op=PUT_BLOCK {blockData=[blockId=conID: 1 locID: 102704235821007417 bcsId: 0,size=3145728]} | ret=SUCCESS |  
2019-08-30 05:17:50,272 | INFO  | DNAudit | user=null | ip=null | op=WRITE_CHUNK {blockData=conID: 1 locID: 102704235821007417 bcsId: 3335} | ret=SUCCESS |  
2019-08-30 05:17:50,272 | INFO  | DNAudit | user=null | ip=null | op=PUT_BLOCK {blockData=[blockId=conID: 1 locID: 102704235821007417 bcsId: 0,size=4194304]} | ret=SUCCESS |  
2019-08-30 05:17:50,272 [grpc-default-executor-1] INFO  client.GrpcClientProtocolClient (GrpcClientProtocolClient.java:onNext(255)) - client-574492D41EE7->134d4672-e322-4e4b-b7f3-5645abb0fe8c: receive RaftClientReply:client-574492D41EE7->134d4672-e322-4e4b-b7f3-5645abb0fe8c@group-3CB1DFFBCDC2, cid=2264, SUCCESS, logIndex=3337, commits[134d4672-e322-4e4b-b7f3-5645abb0fe8c:c3338, 73af84f3-3e88-4c8c-894c-3ad307bcac8d:c3335, 730a25a1-dbec-44ed-975b-a44ab0096beb:c3335]
2019-08-30 05:17:50,272 [grpc-default-executor-1] INFO  client.GrpcClientProtocolClient (GrpcClientProtocolClient.java:onNext(255)) - client-574492D41EE7->134d4672-e322-4e4b-b7f3-5645abb0fe8c: receive RaftClientReply:client-574492D41EE7->134d4672-e322-4e4b-b7f3-5645abb0fe8c@group-3CB1DFFBCDC2, cid=2265, SUCCESS, logIndex=3338, commits[134d4672-e322-4e4b-b7f3-5645abb0fe8c:c3338, 73af84f3-3e88-4c8c-894c-3ad307bcac8d:c3335, 730a25a1-dbec-44ed-975b-a44ab0096beb:c3335]
2019-08-30 05:17:50,283 | INFO  | DNAudit | user=null | ip=null | op=WRITE_CHUNK {blockData=conID: 1 locID: 102704235821007417 bcsId: 3335} | ret=SUCCESS |  
2019-08-30 05:17:50,283 | INFO  | DNAudit | user=null | ip=null | op=PUT_BLOCK {blockData=[blockId=conID: 1 locID: 102704235821007417 bcsId: 0,size=4194304]} | ret=SUCCESS |  
2019-08-30 05:17:50,283 | INFO  | DNAudit | user=null | ip=null | op=WRITE_CHUNK {blockData=conID: 1 locID: 102704235821007417 bcsId: 3335} | ret=SUCCESS |  
2019-08-30 05:17:50,284 | INFO  | DNAudit | user=null | ip=null | op=PUT_BLOCK {blockData=[blockId=conID: 1 locID: 102704235821007417 bcsId: 0,size=4194304]} | ret=SUCCESS |  
2019-08-30 05:17:50,284 [grpc-default-executor-1] INFO  client.GrpcClientProtocolClient (GrpcClientProtocolClient.java:onNext(255)) - client-574492D41EE7->134d4672-e322-4e4b-b7f3-5645abb0fe8c: receive RaftClientReply:client-574492D41EE7->134d4672-e322-4e4b-b7f3-5645abb0fe8c@group-3CB1DFFBCDC2, cid=2266, SUCCESS, logIndex=0, commits[134d4672-e322-4e4b-b7f3-5645abb0fe8c:c3339, 73af84f3-3e88-4c8c-894c-3ad307bcac8d:c3338, 730a25a1-dbec-44ed-975b-a44ab0096beb:c3338]
2019-08-30 05:17:50,289 | INFO  | SCMAudit | user=jenkins1000 | ip=192.168.36.106 | op=ALLOCATE_BLOCK {owner=85755eb5-052d-48fa-b271-2fe4d8754e12, size=4194304, type=RATIS, factor=THREE} | ret=SUCCESS |  
2019-08-30 05:17:50,291 | INFO  | OMAudit | user=jenkins1000 | ip=127.0.0.1 | op=ALLOCATE_BLOCK {volume=vol-0-00977, bucket=bucket-0-44205, key=key-0-32850, dataSize=0, replicationType=null, replicationFactor=null, keyLocationInfo=null, clientID=102704234570776978} | ret=SUCCESS |  
2019-08-30 05:17:50,300 | INFO  | DNAudit | user=null | ip=null | op=WRITE_CHUNK {blockData=conID: 2 locID: 102704235825594938 bcsId: 0} | ret=SUCCESS |  
2019-08-30 05:17:50,302 | INFO  | DNAudit | user=null | ip=null | op=WRITE_CHUNK {blockData=conID: 2 locID: 102704235825594938 bcsId: 0} | ret=SUCCESS |  
2019-08-30 05:17:50,302 | INFO  | DNAudit | user=null | ip=null | op=WRITE_CHUNK {blockData=conID: 2 locID: 102704235825594938 bcsId: 0} | ret=SUCCESS |  
2019-08-30 05:17:50,302 | INFO  | DNAudit | user=null | ip=null | op=WRITE_CHUNK {blockData=conID: 2 locID: 102704235825594938 bcsId: 0} | ret=SUCCESS |  
2019-08-30 05:17:50,303 | INFO  | DNAudit | user=null | ip=null | op=WRITE_CHUNK {blockData=conID: 2 locID: 102704235825594938 bcsId: 0} | ret=SUCCESS |  
2019-08-30 05:17:50,304 | INFO  | DNAudit | user=null | ip=null | op=WRITE_CHUNK {blockData=conID: 2 locID: 102704235825594938 bcsId: 0} | ret=SUCCESS |  
2019-08-30 05:17:50,314 | INFO  | DNAudit | user=null | ip=null | op=WRITE_CHUNK {blockData=conID: 2 locID: 102704235825594938 bcsId: 0} | ret=SUCCESS |  
2019-08-30 05:17:50,314 | INFO  | SCMAudit | user=jenkins1000 | ip=192.168.36.106 | op=SEND_HEARTBEAT {datanodeUUID=134d4672-e322-4e4b-b7f3-5645abb0fe8c, command=[]} | ret=SUCCESS |  
2019-08-30 05:17:50,314 | INFO  | DNAudit | user=null | ip=null | op=PUT_BLOCK {blockData=[blockId=conID: 2 locID: 102704235825594938 bcsId: 0,size=1048576]} | ret=SUCCESS |  
2019-08-30 05:17:50,314 | INFO  | SCMAudit | user=jenkins1000 | ip=192.168.36.106 | op=SEND_HEARTBEAT {datanodeUUID=ea5d4b6b-4a08-401a-8c59-ecc1ca37daf5, command=[]} | ret=SUCCESS |  
2019-08-30 05:17:50,314 [grpc-default-executor-1] INFO  client.GrpcClientProtocolClient (GrpcClientProtocolClient.java:onNext(255)) - client-574492D41EE7->134d4672-e322-4e4b-b7f3-5645abb0fe8c: receive RaftClientReply:client-574492D41EE7->134d4672-e322-4e4b-b7f3-5645abb0fe8c@group-3CB1DFFBCDC2, cid=2267, SUCCESS, logIndex=3341, commits[134d4672-e322-4e4b-b7f3-5645abb0fe8c:c3342, 73af84f3-3e88-4c8c-894c-3ad307bcac8d:c3340, 730a25a1-dbec-44ed-975b-a44ab0096beb:c3340]
2019-08-30 05:17:50,315 [grpc-default-executor-1] INFO  client.GrpcClientProtocolClient (GrpcClientProtocolClient.java:onNext(255)) - client-574492D41EE7->134d4672-e322-4e4b-b7f3-5645abb0fe8c: receive RaftClientReply:client-574492D41EE7->134d4672-e322-4e4b-b7f3-5645abb0fe8c@group-3CB1DFFBCDC2, cid=2268, SUCCESS, logIndex=3342, commits[134d4672-e322-4e4b-b7f3-5645abb0fe8c:c3342, 73af84f3-3e88-4c8c-894c-3ad307bcac8d:c3340, 730a25a1-dbec-44ed-975b-a44ab0096beb:c3340]
 0.00% |█                                                                                                    |  0/1 Time: 0:00:192019-08-30 05:17:50,315 | INFO  | SCMAudit | user=jenkins1000 | ip=192.168.36.106 | op=SEND_HEARTBEAT {datanodeUUID=73af84f3-3e88-4c8c-894c-3ad307bcac8d, command=[]} | ret=SUCCESS |  
2019-08-30 05:17:50,315 | INFO  | SCMAudit | user=jenkins1000 | ip=192.168.36.106 | op=SEND_HEARTBEAT {datanodeUUID=730a25a1-dbec-44ed-975b-a44ab0096beb, command=[]} | ret=SUCCESS |  
2019-08-30 05:17:50,324 | INFO  | DNAudit | user=null | ip=null | op=WRITE_CHUNK {blockData=conID: 2 locID: 102704235825594938 bcsId: 0} | ret=SUCCESS |  
2019-08-30 05:17:50,324 | INFO  | DNAudit | user=null | ip=null | op=PUT_BLOCK {blockData=[blockId=conID: 2 locID: 102704235825594938 bcsId: 0,size=2097152]} | ret=SUCCESS |  
2019-08-30 05:17:50,325 | INFO  | DNAudit | user=null | ip=null | op=WRITE_CHUNK {blockData=conID: 2 locID: 102704235825594938 bcsId: 0} | ret=SUCCESS |  
2019-08-30 05:17:50,325 [grpc-default-executor-6] INFO  client.GrpcClientProtocolClient (GrpcClientProtocolClient.java:onNext(255)) - client-574492D41EE7->134d4672-e322-4e4b-b7f3-5645abb0fe8c: receive RaftClientReply:client-574492D41EE7->134d4672-e322-4e4b-b7f3-5645abb0fe8c@group-3CB1DFFBCDC2, cid=2269, SUCCESS, logIndex=3343, commits[134d4672-e322-4e4b-b7f3-5645abb0fe8c:c3344, 73af84f3-3e88-4c8c-894c-3ad307bcac8d:c3340, 730a25a1-dbec-44ed-975b-a44ab0096beb:c3340]
2019-08-30 05:17:50,325 [grpc-default-executor-6] INFO  client.GrpcClientProtocolClient (GrpcClientProtocolClient.java:onNext(255)) - client-574492D41EE7->134d4672-e322-4e4b-b7f3-5645abb0fe8c: receive RaftClientReply:client-574492D41EE7->134d4672-e322-4e4b-b7f3-5645abb0fe8c@group-3CB1DFFBCDC2, cid=2270, SUCCESS, logIndex=3344, commits[134d4672-e322-4e4b-b7f3-5645abb0fe8c:c3344, 73af84f3-3e88-4c8c-894c-3ad307bcac8d:c3340, 730a25a1-dbec-44ed-975b-a44ab0096beb:c3340]
2019-08-30 05:17:50,326 | INFO  | DNAudit | user=null | ip=null | op=PUT_BLOCK {blockData=[blockId=conID: 2 locID: 102704235825594938 bcsId: 0,size=1048576]} | ret=SUCCESS |  
2019-08-30 05:17:50,326 | INFO  | DNAudit | user=null | ip=null | op=WRITE_CHUNK {blockData=conID: 2 locID: 102704235825594938 bcsId: 0} | ret=SUCCESS |  
2019-08-30 05:17:50,326 | INFO  | DNAudit | user=null | ip=null | op=PUT_BLOCK {blockData=[blockId=conID: 2 locID: 102704235825594938 bcsId: 0,size=2097152]} | ret=SUCCESS |  
2019-08-30 05:17:50,328 | INFO  | DNAudit | user=null | ip=null | op=WRITE_CHUNK {blockData=conID: 2 locID: 102704235825594938 bcsId: 0} | ret=SUCCESS |  
2019-08-30 05:17:50,328 | INFO  | DNAudit | user=null | ip=null | op=PUT_BLOCK {blockData=[blockId=conID: 2 locID: 102704235825594938 bcsId: 0,size=1048576]} | ret=SUCCESS |  
2019-08-30 05:17:50,329 | INFO  | DNAudit | user=null | ip=null | op=WRITE_CHUNK {blockData=conID: 2 locID: 102704235825594938 bcsId: 0} | ret=SUCCESS |  
2019-08-30 05:17:50,329 | INFO  | DNAudit | user=null | ip=null | op=PUT_BLOCK {blockData=[blockId=conID: 2 locID: 102704235825594938 bcsId: 0,size=2097152]} | ret=SUCCESS |  
2019-08-30 05:17:50,329 [grpc-default-executor-6] INFO  client.GrpcClientProtocolClient (GrpcClientProtocolClient.java:onNext(255)) - client-574492D41EE7->134d4672-e322-4e4b-b7f3-5645abb0fe8c: receive RaftClientReply:client-574492D41EE7->134d4672-e322-4e4b-b7f3-5645abb0fe8c@group-3CB1DFFBCDC2, cid=2271, SUCCESS, logIndex=0, commits[134d4672-e322-4e4b-b7f3-5645abb0fe8c:c3347, 73af84f3-3e88-4c8c-894c-3ad307bcac8d:c3344, 730a25a1-dbec-44ed-975b-a44ab0096beb:c3342]
2019-08-30 05:17:50,336 | INFO  | DNAudit | user=null | ip=null | op=WRITE_CHUNK {blockData=conID: 2 locID: 102704235825594938 bcsId: 3344} | ret=SUCCESS |  
2019-08-30 05:17:50,337 | INFO  | DNAudit | user=null | ip=null | op=WRITE_CHUNK {blockData=conID: 2 locID: 102704235825594938 bcsId: 3344} | ret=SUCCESS |  
2019-08-30 05:17:50,338 | INFO  | DNAudit | user=null | ip=null | op=WRITE_CHUNK {blockData=conID: 2 locID: 102704235825594938 bcsId: 3344} | ret=SUCCESS |  
2019-08-30 05:17:50,350 | INFO  | DNAudit | user=null | ip=null | op=WRITE_CHUNK {blockData=conID: 2 locID: 102704235825594938 bcsId: 3344} | ret=SUCCESS |  
2019-08-30 05:17:50,350 | INFO  | DNAudit | user=null | ip=null | op=PUT_BLOCK {blockData=[blockId=conID: 2 locID: 102704235825594938 bcsId: 0,size=3145728]} | ret=SUCCESS |  
2019-08-30 05:17:50,351 [grpc-default-executor-1] INFO  client.GrpcClientProtocolClient (GrpcClientProtocolClient.java:onNext(255)) - client-574492D41EE7->134d4672-e322-4e4b-b7f3-5645abb0fe8c: receive RaftClientReply:client-574492D41EE7->134d4672-e322-4e4b-b7f3-5645abb0fe8c@group-3CB1DFFBCDC2, cid=2272, SUCCESS, logIndex=3348, commits[134d4672-e322-4e4b-b7f3-5645abb0fe8c:c3349, 73af84f3-3e88-4c8c-894c-3ad307bcac8d:c3347, 730a25a1-dbec-44ed-975b-a44ab0096beb:c3347]
2019-08-30 05:17:50,351 [grpc-default-executor-1] INFO  client.GrpcClientProtocolClient (GrpcClientProtocolClient.java:onNext(255)) - client-574492D41EE7->134d4672-e322-4e4b-b7f3-5645abb0fe8c: receive RaftClientReply:client-574492D41EE7->134d4672-e322-4e4b-b7f3-5645abb0fe8c@group-3CB1DFFBCDC2, cid=2273, SUCCESS, logIndex=3349, commits[134d4672-e322-4e4b-b7f3-5645abb0fe8c:c3349, 73af84f3-3e88-4c8c-894c-3ad307bcac8d:c3347, 730a25a1-dbec-44ed-975b-a44ab0096beb:c3347]
2019-08-30 05:17:50,358 | INFO  | DNAudit | user=null | ip=null | op=WRITE_CHUNK {blockData=conID: 2 locID: 102704235825594938 bcsId: 3349} | ret=SUCCESS |  
2019-08-30 05:17:50,360 | INFO  | DNAudit | user=null | ip=null | op=WRITE_CHUNK {blockData=conID: 2 locID: 102704235825594938 bcsId: 3349} | ret=SUCCESS |  
2019-08-30 05:17:50,360 | INFO  | DNAudit | user=null | ip=null | op=WRITE_CHUNK {blockData=conID: 2 locID: 102704235825594938 bcsId: 3349} | ret=SUCCESS |  
2019-08-30 05:17:50,363 | INFO  | DNAudit | user=null | ip=null | op=WRITE_CHUNK {blockData=conID: 2 locID: 102704235825594938 bcsId: 3344} | ret=SUCCESS |  
2019-08-30 05:17:50,363 | INFO  | DNAudit | user=null | ip=null | op=WRITE_CHUNK {blockData=conID: 2 locID: 102704235825594938 bcsId: 3344} | ret=SUCCESS |  
2019-08-30 05:17:50,375 | INFO  | DNAudit | user=null | ip=null | op=PUT_BLOCK {blockData=[blockId=conID: 2 locID: 102704235825594938 bcsId: 0,size=3145728]} | ret=SUCCESS |  
2019-08-30 05:17:50,375 | INFO  | DNAudit | user=null | ip=null | op=PUT_BLOCK {blockData=[blockId=conID: 2 locID: 102704235825594938 bcsId: 0,size=3145728]} | ret=SUCCESS |  
2019-08-30 05:17:50,376 | INFO  | DNAudit | user=null | ip=null | op=WRITE_CHUNK {blockData=conID: 2 locID: 102704235825594938 bcsId: 3349} | ret=SUCCESS |  
2019-08-30 05:17:50,376 | INFO  | DNAudit | user=null | ip=null | op=PUT_BLOCK {blockData=[blockId=conID: 2 locID: 102704235825594938 bcsId: 0,size=4194304]} | ret=SUCCESS |  
2019-08-30 05:17:50,376 [grpc-default-executor-5] INFO  client.GrpcClientProtocolClient (GrpcClientProtocolClient.java:onNext(255)) - client-574492D41EE7->134d4672-e322-4e4b-b7f3-5645abb0fe8c: receive RaftClientReply:client-574492D41EE7->134d4672-e322-4e4b-b7f3-5645abb0fe8c@group-3CB1DFFBCDC2, cid=2274, SUCCESS, logIndex=3352, commits[134d4672-e322-4e4b-b7f3-5645abb0fe8c:c3353, 73af84f3-3e88-4c8c-894c-3ad307bcac8d:c3349, 730a25a1-dbec-44ed-975b-a44ab0096beb:c3349]
2019-08-30 05:17:50,376 [grpc-default-executor-5] INFO  client.GrpcClientProtocolClient (GrpcClientProtocolClient.java:onNext(255)) - client-574492D41EE7->134d4672-e322-4e4b-b7f3-5645abb0fe8c: receive RaftClientReply:client-574492D41EE7->134d4672-e322-4e4b-b7f3-5645abb0fe8c@group-3CB1DFFBCDC2, cid=2275, SUCCESS, logIndex=3353, commits[134d4672-e322-4e4b-b7f3-5645abb0fe8c:c3353, 73af84f3-3e88-4c8c-894c-3ad307bcac8d:c3349, 730a25a1-dbec-44ed-975b-a44ab0096beb:c3349]
2019-08-30 05:17:50,387 | INFO  | DNAudit | user=null | ip=null | op=WRITE_CHUNK {blockData=conID: 2 locID: 102704235825594938 bcsId: 3349} | ret=SUCCESS |  
2019-08-30 05:17:50,387 | INFO  | DNAudit | user=null | ip=null | op=WRITE_CHUNK {blockData=conID: 2 locID: 102704235825594938 bcsId: 3349} | ret=SUCCESS |  
2019-08-30 05:17:50,389 | INFO  | DNAudit | user=null | ip=null | op=PUT_BLOCK {blockData=[blockId=conID: 2 locID: 102704235825594938 bcsId: 0,size=4194304]} | ret=SUCCESS |  
2019-08-30 05:17:50,389 | INFO  | DNAudit | user=null | ip=null | op=PUT_BLOCK {blockData=[blockId=conID: 2 locID: 102704235825594938 bcsId: 0,size=4194304]} | ret=SUCCESS |  
2019-08-30 05:17:50,389 [grpc-default-executor-5] INFO  client.GrpcClientProtocolClient (GrpcClientProtocolClient.java:onNext(255)) - client-574492D41EE7->134d4672-e322-4e4b-b7f3-5645abb0fe8c: receive RaftClientReply:client-574492D41EE7->134d4672-e322-4e4b-b7f3-5645abb0fe8c@group-3CB1DFFBCDC2, cid=2276, SUCCESS, logIndex=0, commits[134d4672-e322-4e4b-b7f3-5645abb0fe8c:c3355, 73af84f3-3e88-4c8c-894c-3ad307bcac8d:c3353, 730a25a1-dbec-44ed-975b-a44ab0096beb:c3353]
2019-08-30 05:17:50,399 | INFO  | SCMAudit | user=jenkins1000 | ip=192.168.36.106 | op=ALLOCATE_BLOCK {owner=85755eb5-052d-48fa-b271-2fe4d8754e12, size=4194304, type=RATIS, factor=THREE} | ret=SUCCESS |  
2019-08-30 05:17:50,402 | INFO  | OMAudit | user=jenkins1000 | ip=127.0.0.1 | op=ALLOCATE_BLOCK {volume=vol-0-00977, bucket=bucket-0-44205, key=key-0-32850, dataSize=0, replicationType=null, replicationFactor=null, keyLocationInfo=null, clientID=102704234570776978} | ret=SUCCESS |  
2019-08-30 05:17:50,409 | INFO  | DNAudit | user=null | ip=null | op=WRITE_CHUNK {blockData=conID: 3 locID: 102704235832869435 bcsId: 0} | ret=SUCCESS |  
2019-08-30 05:17:50,412 | INFO  | DNAudit | user=null | ip=null | op=WRITE_CHUNK {blockData=conID: 3 locID: 102704235832869435 bcsId: 0} | ret=SUCCESS |  
2019-08-30 05:17:50,412 | INFO  | DNAudit | user=null | ip=null | op=WRITE_CHUNK {blockData=conID: 3 locID: 102704235832869435 bcsId: 0} | ret=SUCCESS |  
2019-08-30 05:17:50,412 | INFO  | DNAudit | user=null | ip=null | op=WRITE_CHUNK {blockData=conID: 3 locID: 102704235832869435 bcsId: 0} | ret=SUCCESS |  
2019-08-30 05:17:50,413 | INFO  | DNAudit | user=null | ip=null | op=WRITE_CHUNK {blockData=conID: 3 locID: 102704235832869435 bcsId: 0} | ret=SUCCESS |  
2019-08-30 05:17:50,413 | INFO  | DNAudit | user=null | ip=null | op=WRITE_CHUNK {blockData=conID: 3 locID: 102704235832869435 bcsId: 0} | ret=SUCCESS |  
2019-08-30 05:17:50,434 | INFO  | DNAudit | user=null | ip=null | op=WRITE_CHUNK {blockData=conID: 3 locID: 102704235832869435 bcsId: 0} | ret=SUCCESS |  
2019-08-30 05:17:50,435 | INFO  | DNAudit | user=null | ip=null | op=PUT_BLOCK {blockData=[blockId=conID: 3 locID: 102704235832869435 bcsId: 0,size=1048576]} | ret=SUCCESS |  
2019-08-30 05:17:50,435 | INFO  | DNAudit | user=null | ip=null | op=WRITE_CHUNK {blockData=conID: 3 locID: 102704235832869435 bcsId: 0} | ret=SUCCESS |  
2019-08-30 05:17:50,435 [grpc-default-executor-5] INFO  client.GrpcClientProtocolClient (GrpcClientProtocolClient.java:onNext(255)) - client-574492D41EE7->134d4672-e322-4e4b-b7f3-5645abb0fe8c: receive RaftClientReply:client-574492D41EE7->134d4672-e322-4e4b-b7f3-5645abb0fe8c@group-3CB1DFFBCDC2, cid=2277, SUCCESS, logIndex=3356, commits[134d4672-e322-4e4b-b7f3-5645abb0fe8c:c3358, 73af84f3-3e88-4c8c-894c-3ad307bcac8d:c3355, 730a25a1-dbec-44ed-975b-a44ab0096beb:c3355]
2019-08-30 05:17:50,436 | INFO  | DNAudit | user=null | ip=null | op=PUT_BLOCK {blockData=[blockId=conID: 3 locID: 102704235832869435 bcsId: 0,size=2097152]} | ret=SUCCESS |  
2019-08-30 05:17:50,436 | INFO  | DNAudit | user=null | ip=null | op=WRITE_CHUNK {blockData=conID: 3 locID: 102704235832869435 bcsId: 0} | ret=SUCCESS |  
2019-08-30 05:17:50,436 | INFO  | DNAudit | user=null | ip=null | op=WRITE_CHUNK {blockData=conID: 3 locID: 102704235832869435 bcsId: 0} | ret=SUCCESS |  
2019-08-30 05:17:50,436 | INFO  | DNAudit | user=null | ip=null | op=PUT_BLOCK {blockData=[blockId=conID: 3 locID: 102704235832869435 bcsId: 0,size=1048576]} | ret=SUCCESS |  
2019-08-30 05:17:50,436 | INFO  | DNAudit | user=null | ip=null | op=PUT_BLOCK {blockData=[blockId=conID: 3 locID: 102704235832869435 bcsId: 0,size=1048576]} | ret=SUCCESS |  
2019-08-30 05:17:50,436 [grpc-default-executor-5] INFO  client.GrpcClientProtocolClient (GrpcClientProtocolClient.java:onNext(255)) - client-574492D41EE7->134d4672-e322-4e4b-b7f3-5645abb0fe8c: receive RaftClientReply:client-574492D41EE7->134d4672-e322-4e4b-b7f3-5645abb0fe8c@group-3CB1DFFBCDC2, cid=2278, SUCCESS, logIndex=3357, commits[134d4672-e322-4e4b-b7f3-5645abb0fe8c:c3359, 73af84f3-3e88-4c8c-894c-3ad307bcac8d:c3355, 730a25a1-dbec-44ed-975b-a44ab0096beb:c3355]
2019-08-30 05:17:50,436 [grpc-default-executor-5] INFO  client.GrpcClientProtocolClient (GrpcClientProtocolClient.java:onNext(255)) - client-574492D41EE7->134d4672-e322-4e4b-b7f3-5645abb0fe8c: receive RaftClientReply:client-574492D41EE7->134d4672-e322-4e4b-b7f3-5645abb0fe8c@group-3CB1DFFBCDC2, cid=2279, SUCCESS, logIndex=3358, commits[134d4672-e322-4e4b-b7f3-5645abb0fe8c:c3359, 73af84f3-3e88-4c8c-894c-3ad307bcac8d:c3355, 730a25a1-dbec-44ed-975b-a44ab0096beb:c3355]
2019-08-30 05:17:50,436 [grpc-default-executor-5] INFO  client.GrpcClientProtocolClient (GrpcClientProtocolClient.java:onNext(255)) - client-574492D41EE7->134d4672-e322-4e4b-b7f3-5645abb0fe8c: receive RaftClientReply:client-574492D41EE7->134d4672-e322-4e4b-b7f3-5645abb0fe8c@group-3CB1DFFBCDC2, cid=2280, SUCCESS, logIndex=3359, commits[134d4672-e322-4e4b-b7f3-5645abb0fe8c:c3360, 73af84f3-3e88-4c8c-894c-3ad307bcac8d:c3355, 730a25a1-dbec-44ed-975b-a44ab0096beb:c3356]
2019-08-30 05:17:50,437 [grpc-default-executor-5] INFO  client.GrpcClientProtocolClient (GrpcClientProtocolClient.java:onNext(255)) - client-574492D41EE7->134d4672-e322-4e4b-b7f3-5645abb0fe8c: receive RaftClientReply:client-574492D41EE7->134d4672-e322-4e4b-b7f3-5645abb0fe8c@group-3CB1DFFBCDC2, cid=2281, SUCCESS, logIndex=0, commits[134d4672-e322-4e4b-b7f3-5645abb0fe8c:c3361, 73af84f3-3e88-4c8c-894c-3ad307bcac8d:c3357, 730a25a1-dbec-44ed-975b-a44ab0096beb:c3357]
2019-08-30 05:17:50,438 | INFO  | DNAudit | user=null | ip=null | op=WRITE_CHUNK {blockData=conID: 3 locID: 102704235832869435 bcsId: 0} | ret=SUCCESS |  
2019-08-30 05:17:50,438 | INFO  | DNAudit | user=null | ip=null | op=WRITE_CHUNK {blockData=conID: 3 locID: 102704235832869435 bcsId: 0} | ret=SUCCESS |  
2019-08-30 05:17:50,438 | INFO  | DNAudit | user=null | ip=null | op=PUT_BLOCK {blockData=[blockId=conID: 3 locID: 102704235832869435 bcsId: 0,size=2097152]} | ret=SUCCESS |  
2019-08-30 05:17:50,438 | INFO  | DNAudit | user=null | ip=null | op=PUT_BLOCK {blockData=[blockId=conID: 3 locID: 102704235832869435 bcsId: 0,size=2097152]} | ret=SUCCESS |  
2019-08-30 05:17:50,443 | INFO  | DNAudit | user=null | ip=null | op=WRITE_CHUNK {blockData=conID: 3 locID: 102704235832869435 bcsId: 3359} | ret=SUCCESS |  
2019-08-30 05:17:50,445 | INFO  | DNAudit | user=null | ip=null | op=WRITE_CHUNK {blockData=conID: 3 locID: 102704235832869435 bcsId: 3359} | ret=SUCCESS |  
2019-08-30 05:17:50,445 | INFO  | DNAudit | user=null | ip=null | op=WRITE_CHUNK {blockData=conID: 3 locID: 102704235832869435 bcsId: 3359} | ret=SUCCESS |  
2019-08-30 05:17:50,454 | INFO  | DNAudit | user=null | ip=null | op=WRITE_CHUNK {blockData=conID: 3 locID: 102704235832869435 bcsId: 3359} | ret=SUCCESS |  
2019-08-30 05:17:50,455 | INFO  | DNAudit | user=null | ip=null | op=PUT_BLOCK {blockData=[blockId=conID: 3 locID: 102704235832869435 bcsId: 0,size=3145728]} | ret=SUCCESS |  
2019-08-30 05:17:50,455 [grpc-default-executor-5] INFO  client.GrpcClientProtocolClient (GrpcClientProtocolClient.java:onNext(255)) - client-574492D41EE7->134d4672-e322-4e4b-b7f3-5645abb0fe8c: receive RaftClientReply:client-574492D41EE7->134d4672-e322-4e4b-b7f3-5645abb0fe8c@group-3CB1DFFBCDC2, cid=2282, SUCCESS, logIndex=3364, commits[134d4672-e322-4e4b-b7f3-5645abb0fe8c:c3365, 73af84f3-3e88-4c8c-894c-3ad307bcac8d:c3363, 730a25a1-dbec-44ed-975b-a44ab0096beb:c3363]
2019-08-30 05:17:50,455 [grpc-default-executor-5] INFO  client.GrpcClientProtocolClient (GrpcClientProtocolClient.java:onNext(255)) - client-574492D41EE7->134d4672-e322-4e4b-b7f3-5645abb0fe8c: receive RaftClientReply:client-574492D41EE7->134d4672-e322-4e4b-b7f3-5645abb0fe8c@group-3CB1DFFBCDC2, cid=2283, SUCCESS, logIndex=3365, commits[134d4672-e322-4e4b-b7f3-5645abb0fe8c:c3365, 73af84f3-3e88-4c8c-894c-3ad307bcac8d:c3363, 730a25a1-dbec-44ed-975b-a44ab0096beb:c3363]
2019-08-30 05:17:50,460 | INFO  | DNAudit | user=null | ip=null | op=WRITE_CHUNK {blockData=conID: 3 locID: 102704235832869435 bcsId: 3365} | ret=SUCCESS |  
2019-08-30 05:17:50,462 | INFO  | DNAudit | user=null | ip=null | op=WRITE_CHUNK {blockData=conID: 3 locID: 102704235832869435 bcsId: 3365} | ret=SUCCESS |  
2019-08-30 05:17:50,462 | INFO  | DNAudit | user=null | ip=null | op=WRITE_CHUNK {blockData=conID: 3 locID: 102704235832869435 bcsId: 3365} | ret=SUCCESS |  
2019-08-30 05:17:50,464 | INFO  | DNAudit | user=null | ip=null | op=WRITE_CHUNK {blockData=conID: 3 locID: 102704235832869435 bcsId: 3359} | ret=SUCCESS |  
2019-08-30 05:17:50,464 | INFO  | DNAudit | user=null | ip=null | op=WRITE_CHUNK {blockData=conID: 3 locID: 102704235832869435 bcsId: 3359} | ret=SUCCESS |  
2019-08-30 05:17:50,467 | INFO  | DNAudit | user=null | ip=null | op=PUT_BLOCK {blockData=[blockId=conID: 3 locID: 102704235832869435 bcsId: 0,size=3145728]} | ret=SUCCESS |  
2019-08-30 05:17:50,467 | INFO  | DNAudit | user=null | ip=null | op=PUT_BLOCK {blockData=[blockId=conID: 3 locID: 102704235832869435 bcsId: 0,size=3145728]} | ret=SUCCESS |  
2019-08-30 05:17:50,468 | INFO  | DNAudit | user=null | ip=null | op=WRITE_CHUNK {blockData=conID: 3 locID: 102704235832869435 bcsId: 3365} | ret=SUCCESS |  
2019-08-30 05:17:50,468 | INFO  | DNAudit | user=null | ip=null | op=PUT_BLOCK {blockData=[blockId=conID: 3 locID: 102704235832869435 bcsId: 0,size=4194304]} | ret=SUCCESS |  
2019-08-30 05:17:50,468 [grpc-default-executor-5] INFO  client.GrpcClientProtocolClient (GrpcClientProtocolClient.java:onNext(255)) - client-574492D41EE7->134d4672-e322-4e4b-b7f3-5645abb0fe8c: receive RaftClientReply:client-574492D41EE7->134d4672-e322-4e4b-b7f3-5645abb0fe8c@group-3CB1DFFBCDC2, cid=2284, SUCCESS, logIndex=3368, commits[134d4672-e322-4e4b-b7f3-5645abb0fe8c:c3369, 73af84f3-3e88-4c8c-894c-3ad307bcac8d:c3365, 730a25a1-dbec-44ed-975b-a44ab0096beb:c3365]
2019-08-30 05:17:50,468 [grpc-default-executor-5] INFO  client.GrpcClientProtocolClient (GrpcClientProtocolClient.java:onNext(255)) - client-574492D41EE7->134d4672-e322-4e4b-b7f3-5645abb0fe8c: receive RaftClientReply:client-574492D41EE7->134d4672-e322-4e4b-b7f3-5645abb0fe8c@group-3CB1DFFBCDC2, cid=2285, SUCCESS, logIndex=3369, commits[134d4672-e322-4e4b-b7f3-5645abb0fe8c:c3369, 73af84f3-3e88-4c8c-894c-3ad307bcac8d:c3365, 730a25a1-dbec-44ed-975b-a44ab0096beb:c3365]
2019-08-30 05:17:50,477 | INFO  | DNAudit | user=null | ip=null | op=WRITE_CHUNK {blockData=conID: 3 locID: 102704235832869435 bcsId: 3365} | ret=SUCCESS |  
2019-08-30 05:17:50,477 | INFO  | DNAudit | user=null | ip=null | op=WRITE_CHUNK {blockData=conID: 3 locID: 102704235832869435 bcsId: 3365} | ret=SUCCESS |  
2019-08-30 05:17:50,480 | INFO  | DNAudit | user=null | ip=null | op=PUT_BLOCK {blockData=[blockId=conID: 3 locID: 102704235832869435 bcsId: 0,size=4194304]} | ret=SUCCESS |  
2019-08-30 05:17:50,480 | INFO  | DNAudit | user=null | ip=null | op=PUT_BLOCK {blockData=[blockId=conID: 3 locID: 102704235832869435 bcsId: 0,size=4194304]} | ret=SUCCESS |  
2019-08-30 05:17:50,480 [grpc-default-executor-5] INFO  client.GrpcClientProtocolClient (GrpcClientProtocolClient.java:onNext(255)) - client-574492D41EE7->134d4672-e322-4e4b-b7f3-5645abb0fe8c: receive RaftClientReply:client-574492D41EE7->134d4672-e322-4e4b-b7f3-5645abb0fe8c@group-3CB1DFFBCDC2, cid=2286, SUCCESS, logIndex=0, commits[134d4672-e322-4e4b-b7f3-5645abb0fe8c:c3371, 73af84f3-3e88-4c8c-894c-3ad307bcac8d:c3369, 730a25a1-dbec-44ed-975b-a44ab0096beb:c3369]
2019-08-30 05:17:50,484 | INFO  | SCMAudit | user=jenkins1000 | ip=192.168.36.106 | op=ALLOCATE_BLOCK {owner=85755eb5-052d-48fa-b271-2fe4d8754e12, size=4194304, type=RATIS, factor=THREE} | ret=SUCCESS |  
2019-08-30 05:17:50,486 | INFO  | OMAudit | user=jenkins1000 | ip=127.0.0.1 | op=ALLOCATE_BLOCK {volume=vol-0-00977, bucket=bucket-0-44205, key=key-0-32850, dataSize=0, replicationType=null, replicationFactor=null, keyLocationInfo=null, clientID=102704234570776978} | ret=SUCCESS |  
2019-08-30 05:17:50,492 | INFO  | DNAudit | user=null | ip=null | op=WRITE_CHUNK {blockData=conID: 1 locID: 102704235838439996 bcsId: 0} | ret=SUCCESS |  
2019-08-30 05:17:50,494 | INFO  | DNAudit | user=null | ip=null | op=WRITE_CHUNK {blockData=conID: 1 locID: 102704235838439996 bcsId: 0} | ret=SUCCESS |  
2019-08-30 05:17:50,494 | INFO  | DNAudit | user=null | ip=null | op=WRITE_CHUNK {blockData=conID: 1 locID: 102704235838439996 bcsId: 0} | ret=SUCCESS |  
2019-08-30 05:17:50,494 | INFO  | DNAudit | user=null | ip=null | op=WRITE_CHUNK {blockData=conID: 1 locID: 102704235838439996 bcsId: 0} | ret=SUCCESS |  
2019-08-30 05:17:50,496 | INFO  | DNAudit | user=null | ip=null | op=WRITE_CHUNK {blockData=conID: 1 locID: 102704235838439996 bcsId: 0} | ret=SUCCESS |  
2019-08-30 05:17:50,496 | INFO  | DNAudit | user=null | ip=null | op=WRITE_CHUNK {blockData=conID: 1 locID: 102704235838439996 bcsId: 0} | ret=SUCCESS |  
2019-08-30 05:17:50,504 | INFO  | DNAudit | user=null | ip=null | op=WRITE_CHUNK {blockData=conID: 1 locID: 102704235838439996 bcsId: 0} | ret=SUCCESS |  
2019-08-30 05:17:50,505 | INFO  | DNAudit | user=null | ip=null | op=PUT_BLOCK {blockData=[blockId=conID: 1 locID: 102704235838439996 bcsId: 0,size=1048576]} | ret=SUCCESS |  
2019-08-30 05:17:50,505 [grpc-default-executor-6] INFO  client.GrpcClientProtocolClient (GrpcClientProtocolClient.java:onNext(255)) - client-574492D41EE7->134d4672-e322-4e4b-b7f3-5645abb0fe8c: receive RaftClientReply:client-574492D41EE7->134d4672-e322-4e4b-b7f3-5645abb0fe8c@group-3CB1DFFBCDC2, cid=2287, SUCCESS, logIndex=3372, commits[134d4672-e322-4e4b-b7f3-5645abb0fe8c:c3374, 73af84f3-3e88-4c8c-894c-3ad307bcac8d:c3371, 730a25a1-dbec-44ed-975b-a44ab0096beb:c3371]
2019-08-30 05:17:50,505 | INFO  | DNAudit | user=null | ip=null | op=WRITE_CHUNK {blockData=conID: 1 locID: 102704235838439996 bcsId: 0} | ret=SUCCESS |  
2019-08-30 05:17:50,505 [grpc-default-executor-6] INFO  client.GrpcClientProtocolClient (GrpcClientProtocolClient.java:onNext(255)) - client-574492D41EE7->134d4672-e322-4e4b-b7f3-5645abb0fe8c: receive RaftClientReply:client-574492D41EE7->134d4672-e322-4e4b-b7f3-5645abb0fe8c@group-3CB1DFFBCDC2, cid=2288, SUCCESS, logIndex=3373, commits[134d4672-e322-4e4b-b7f3-5645abb0fe8c:c3375, 73af84f3-3e88-4c8c-894c-3ad307bcac8d:c3371, 730a25a1-dbec-44ed-975b-a44ab0096beb:c3371]
2019-08-30 05:17:50,506 | INFO  | DNAudit | user=null | ip=null | op=WRITE_CHUNK {blockData=conID: 1 locID: 102704235838439996 bcsId: 0} | ret=SUCCESS |  
2019-08-30 05:17:50,506 | INFO  | DNAudit | user=null | ip=null | op=PUT_BLOCK {blockData=[blockId=conID: 1 locID: 102704235838439996 bcsId: 0,size=2097152]} | ret=SUCCESS |  
2019-08-30 05:17:50,506 [grpc-default-executor-3] INFO  client.GrpcClientProtocolClient (GrpcClientProtocolClient.java:onNext(255)) - client-574492D41EE7->134d4672-e322-4e4b-b7f3-5645abb0fe8c: receive RaftClientReply:client-574492D41EE7->134d4672-e322-4e4b-b7f3-5645abb0fe8c@group-3CB1DFFBCDC2, cid=2289, SUCCESS, logIndex=3374, commits[134d4672-e322-4e4b-b7f3-5645abb0fe8c:c3375, 73af84f3-3e88-4c8c-894c-3ad307bcac8d:c3371, 730a25a1-dbec-44ed-975b-a44ab0096beb:c3371]
2019-08-30 05:17:50,506 [grpc-default-executor-3] INFO  client.GrpcClientProtocolClient (GrpcClientProtocolClient.java:onNext(255)) - client-574492D41EE7->134d4672-e322-4e4b-b7f3-5645abb0fe8c: receive RaftClientReply:client-574492D41EE7->134d4672-e322-4e4b-b7f3-5645abb0fe8c@group-3CB1DFFBCDC2, cid=2290, SUCCESS, logIndex=3375, commits[134d4672-e322-4e4b-b7f3-5645abb0fe8c:c3376, 73af84f3-3e88-4c8c-894c-3ad307bcac8d:c3372, 730a25a1-dbec-44ed-975b-a44ab0096beb:c3371]
2019-08-30 05:17:50,508 | INFO  | DNAudit | user=null | ip=null | op=WRITE_CHUNK {blockData=conID: 1 locID: 102704235838439996 bcsId: 0} | ret=SUCCESS |  
2019-08-30 05:17:50,519 | INFO  | DNAudit | user=null | ip=null | op=PUT_BLOCK {blockData=[blockId=conID: 1 locID: 102704235838439996 bcsId: 0,size=1048576]} | ret=SUCCESS |  
2019-08-30 05:17:50,519 | INFO  | DNAudit | user=null | ip=null | op=WRITE_CHUNK {blockData=conID: 1 locID: 102704235838439996 bcsId: 0} | ret=SUCCESS |  
2019-08-30 05:17:50,519 | INFO  | DNAudit | user=null | ip=null | op=PUT_BLOCK {blockData=[blockId=conID: 1 locID: 102704235838439996 bcsId: 0,size=2097152]} | ret=SUCCESS |  
2019-08-30 05:17:50,519 | INFO  | DNAudit | user=null | ip=null | op=PUT_BLOCK {blockData=[blockId=conID: 1 locID: 102704235838439996 bcsId: 0,size=1048576]} | ret=SUCCESS |  
2019-08-30 05:17:50,520 | INFO  | DNAudit | user=null | ip=null | op=WRITE_CHUNK {blockData=conID: 1 locID: 102704235838439996 bcsId: 0} | ret=SUCCESS |  
2019-08-30 05:17:50,520 | INFO  | DNAudit | user=null | ip=null | op=PUT_BLOCK {blockData=[blockId=conID: 1 locID: 102704235838439996 bcsId: 0,size=2097152]} | ret=SUCCESS |  
2019-08-30 05:17:50,520 [grpc-default-executor-3] INFO  client.GrpcClientProtocolClient (GrpcClientProtocolClient.java:onNext(255)) - client-574492D41EE7->134d4672-e322-4e4b-b7f3-5645abb0fe8c: receive RaftClientReply:client-574492D41EE7->134d4672-e322-4e4b-b7f3-5645abb0fe8c@group-3CB1DFFBCDC2, cid=2291, SUCCESS, logIndex=0, commits[134d4672-e322-4e4b-b7f3-5645abb0fe8c:c3379, 73af84f3-3e88-4c8c-894c-3ad307bcac8d:c3375, 730a25a1-dbec-44ed-975b-a44ab0096beb:c3374]
2019-08-30 05:17:50,525 | INFO  | DNAudit | user=null | ip=null | op=WRITE_CHUNK {blockData=conID: 1 locID: 102704235838439996 bcsId: 3375} | ret=SUCCESS |  
2019-08-30 05:17:50,528 | INFO  | DNAudit | user=null | ip=null | op=WRITE_CHUNK {blockData=conID: 1 locID: 102704235838439996 bcsId: 3375} | ret=SUCCESS |  
2019-08-30 05:17:50,528 | INFO  | DNAudit | user=null | ip=null | op=WRITE_CHUNK {blockData=conID: 1 locID: 102704235838439996 bcsId: 3375} | ret=SUCCESS |  
2019-08-30 05:17:50,537 | INFO  | DNAudit | user=null | ip=null | op=WRITE_CHUNK {blockData=conID: 1 locID: 102704235838439996 bcsId: 3375} | ret=SUCCESS |  
2019-08-30 05:17:50,538 | INFO  | DNAudit | user=null | ip=null | op=PUT_BLOCK {blockData=[blockId=conID: 1 locID: 102704235838439996 bcsId: 0,size=3145728]} | ret=SUCCESS |  
2019-08-30 05:17:50,538 [grpc-default-executor-6] INFO  client.GrpcClientProtocolClient (GrpcClientProtocolClient.java:onNext(255)) - client-574492D41EE7->134d4672-e322-4e4b-b7f3-5645abb0fe8c: receive RaftClientReply:client-574492D41EE7->134d4672-e322-4e4b-b7f3-5645abb0fe8c@group-3CB1DFFBCDC2, cid=2292, SUCCESS, logIndex=3380, commits[134d4672-e322-4e4b-b7f3-5645abb0fe8c:c3381, 73af84f3-3e88-4c8c-894c-3ad307bcac8d:c3379, 730a25a1-dbec-44ed-975b-a44ab0096beb:c3379]
2019-08-30 05:17:50,538 [grpc-default-executor-6] INFO  client.GrpcClientProtocolClient (GrpcClientProtocolClient.java:onNext(255)) - client-574492D41EE7->134d4672-e322-4e4b-b7f3-5645abb0fe8c: receive RaftClientReply:client-574492D41EE7->134d4672-e322-4e4b-b7f3-5645abb0fe8c@group-3CB1DFFBCDC2, cid=2293, SUCCESS, logIndex=3381, commits[134d4672-e322-4e4b-b7f3-5645abb0fe8c:c3381, 73af84f3-3e88-4c8c-894c-3ad307bcac8d:c3379, 730a25a1-dbec-44ed-975b-a44ab0096beb:c3379]
2019-08-30 05:17:50,544 | INFO  | DNAudit | user=null | ip=null | op=WRITE_CHUNK {blockData=conID: 1 locID: 102704235838439996 bcsId: 3381} | ret=SUCCESS |  
2019-08-30 05:17:50,545 | INFO  | DNAudit | user=null | ip=null | op=WRITE_CHUNK {blockData=conID: 1 locID: 102704235838439996 bcsId: 3381} | ret=SUCCESS |  
2019-08-30 05:17:50,546 | INFO  | DNAudit | user=null | ip=null | op=WRITE_CHUNK {blockData=conID: 1 locID: 102704235838439996 bcsId: 3381} | ret=SUCCESS |  
2019-08-30 05:17:50,549 | INFO  | DNAudit | user=null | ip=null | op=WRITE_CHUNK {blockData=conID: 1 locID: 102704235838439996 bcsId: 3375} | ret=SUCCESS |  
2019-08-30 05:17:50,549 | INFO  | DNAudit | user=null | ip=null | op=WRITE_CHUNK {blockData=conID: 1 locID: 102704235838439996 bcsId: 3375} | ret=SUCCESS |  
2019-08-30 05:17:50,552 | INFO  | DNAudit | user=null | ip=null | op=PUT_BLOCK {blockData=[blockId=conID: 1 locID: 102704235838439996 bcsId: 0,size=3145728]} | ret=SUCCESS |  
2019-08-30 05:17:50,552 | INFO  | DNAudit | user=null | ip=null | op=PUT_BLOCK {blockData=[blockId=conID: 1 locID: 102704235838439996 bcsId: 0,size=3145728]} | ret=SUCCESS |  
2019-08-30 05:17:50,552 | INFO  | DNAudit | user=null | ip=null | op=WRITE_CHUNK {blockData=conID: 1 locID: 102704235838439996 bcsId: 3381} | ret=SUCCESS |  
2019-08-30 05:17:50,553 | INFO  | DNAudit | user=null | ip=null | op=PUT_BLOCK {blockData=[blockId=conID: 1 locID: 102704235838439996 bcsId: 0,size=4194304]} | ret=SUCCESS |  
2019-08-30 05:17:50,553 [grpc-default-executor-6] INFO  client.GrpcClientProtocolClient (GrpcClientProtocolClient.java:onNext(255)) - client-574492D41EE7->134d4672-e322-4e4b-b7f3-5645abb0fe8c: receive RaftClientReply:client-574492D41EE7->134d4672-e322-4e4b-b7f3-5645abb0fe8c@group-3CB1DFFBCDC2, cid=2294, SUCCESS, logIndex=3384, commits[134d4672-e322-4e4b-b7f3-5645abb0fe8c:c3385, 73af84f3-3e88-4c8c-894c-3ad307bcac8d:c3381, 730a25a1-dbec-44ed-975b-a44ab0096beb:c3381]
2019-08-30 05:17:50,553 [grpc-default-executor-6] INFO  client.GrpcClientProtocolClient (GrpcClientProtocolClient.java:onNext(255)) - client-574492D41EE7->134d4672-e322-4e4b-b7f3-5645abb0fe8c: receive RaftClientReply:client-574492D41EE7->134d4672-e322-4e4b-b7f3-5645abb0fe8c@group-3CB1DFFBCDC2, cid=2295, SUCCESS, logIndex=3385, commits[134d4672-e322-4e4b-b7f3-5645abb0fe8c:c3385, 73af84f3-3e88-4c8c-894c-3ad307bcac8d:c3381, 730a25a1-dbec-44ed-975b-a44ab0096beb:c3381]
2019-08-30 05:17:50,554 | INFO  | DNAudit | user=null | ip=null | op=WRITE_CHUNK {blockData=conID: 1 locID: 102704235838439996 bcsId: 3381} | ret=SUCCESS |  
2019-08-30 05:17:50,554 | INFO  | DNAudit | user=null | ip=null | op=WRITE_CHUNK {blockData=conID: 1 locID: 102704235838439996 bcsId: 3381} | ret=SUCCESS |  
2019-08-30 05:17:50,557 | INFO  | DNAudit | user=null | ip=null | op=PUT_BLOCK {blockData=[blockId=conID: 1 locID: 102704235838439996 bcsId: 0,size=4194304]} | ret=SUCCESS |  
2019-08-30 05:17:50,557 | INFO  | DNAudit | user=null | ip=null | op=PUT_BLOCK {blockData=[blockId=conID: 1 locID: 102704235838439996 bcsId: 0,size=4194304]} | ret=SUCCESS |  
2019-08-30 05:17:50,557 [grpc-default-executor-5] INFO  client.GrpcClientProtocolClient (GrpcClientProtocolClient.java:onNext(255)) - client-574492D41EE7->134d4672-e322-4e4b-b7f3-5645abb0fe8c: receive RaftClientReply:client-574492D41EE7->134d4672-e322-4e4b-b7f3-5645abb0fe8c@group-3CB1DFFBCDC2, cid=2296, SUCCESS, logIndex=0, commits[134d4672-e322-4e4b-b7f3-5645abb0fe8c:c3386, 73af84f3-3e88-4c8c-894c-3ad307bcac8d:c3385, 730a25a1-dbec-44ed-975b-a44ab0096beb:c3385]
2019-08-30 05:17:50,561 | INFO  | SCMAudit | user=jenkins1000 | ip=192.168.36.106 | op=ALLOCATE_BLOCK {owner=85755eb5-052d-48fa-b271-2fe4d8754e12, size=4194304, type=RATIS, factor=THREE} | ret=SUCCESS |  
2019-08-30 05:17:50,563 | INFO  | OMAudit | user=jenkins1000 | ip=127.0.0.1 | op=ALLOCATE_BLOCK {volume=vol-0-00977, bucket=bucket-0-44205, key=key-0-32850, dataSize=0, replicationType=null, replicationFactor=null, keyLocationInfo=null, clientID=102704234570776978} | ret=SUCCESS |  
2019-08-30 05:17:50,570 | INFO  | DNAudit | user=null | ip=null | op=WRITE_CHUNK {blockData=conID: 2 locID: 102704235843486269 bcsId: 0} | ret=SUCCESS |  
2019-08-30 05:17:50,571 | INFO  | DNAudit | user=null | ip=null | op=WRITE_CHUNK {blockData=conID: 2 locID: 102704235843486269 bcsId: 0} | ret=SUCCESS |  
2019-08-30 05:17:50,572 | INFO  | DNAudit | user=null | ip=null | op=WRITE_CHUNK {blockData=conID: 2 locID: 102704235843486269 bcsId: 0} | ret=SUCCESS |  
2019-08-30 05:17:50,572 | INFO  | DNAudit | user=null | ip=null | op=WRITE_CHUNK {blockData=conID: 2 locID: 102704235843486269 bcsId: 0} | ret=SUCCESS |  
2019-08-30 05:17:50,574 | INFO  | DNAudit | user=null | ip=null | op=WRITE_CHUNK {blockData=conID: 2 locID: 102704235843486269 bcsId: 0} | ret=SUCCESS |  
2019-08-30 05:17:50,574 | INFO  | DNAudit | user=null | ip=null | op=WRITE_CHUNK {blockData=conID: 2 locID: 102704235843486269 bcsId: 0} | ret=SUCCESS |  
2019-08-30 05:17:50,577 | INFO  | SCMAudit | user=jenkins1000 | ip=192.168.36.106 | op=SEND_HEARTBEAT {datanodeUUID=b91a4442-fd83-4a66-bee2-5c7959dbabc3, command=[]} | ret=SUCCESS |  
2019-08-30 05:17:50,580 | INFO  | DNAudit | user=null | ip=null | op=WRITE_CHUNK {blockData=conID: 2 locID: 102704235843486269 bcsId: 0} | ret=SUCCESS |  
2019-08-30 05:17:50,581 | INFO  | DNAudit | user=null | ip=null | op=PUT_BLOCK {blockData=[blockId=conID: 2 locID: 102704235843486269 bcsId: 0,size=1048576]} | ret=SUCCESS |  
2019-08-30 05:17:50,581 [grpc-default-executor-3] INFO  client.GrpcClientProtocolClient (GrpcClientProtocolClient.java:onNext(255)) - client-574492D41EE7->134d4672-e322-4e4b-b7f3-5645abb0fe8c: receive RaftClientReply:client-574492D41EE7->134d4672-e322-4e4b-b7f3-5645abb0fe8c@group-3CB1DFFBCDC2, cid=2297, SUCCESS, logIndex=3388, commits[134d4672-e322-4e4b-b7f3-5645abb0fe8c:c3389, 73af84f3-3e88-4c8c-894c-3ad307bcac8d:c3387, 730a25a1-dbec-44ed-975b-a44ab0096beb:c3387]
2019-08-30 05:17:50,582 | INFO  | DNAudit | user=null | ip=null | op=WRITE_CHUNK {blockData=conID: 2 locID: 102704235843486269 bcsId: 0} | ret=SUCCESS |  
2019-08-30 05:17:50,582 [grpc-default-executor-3] INFO  client.GrpcClientProtocolClient (GrpcClientProtocolClient.java:onNext(255)) - client-574492D41EE7->134d4672-e322-4e4b-b7f3-5645abb0fe8c: receive RaftClientReply:client-574492D41EE7->134d4672-e322-4e4b-b7f3-5645abb0fe8c@group-3CB1DFFBCDC2, cid=2298, SUCCESS, logIndex=3389, commits[134d4672-e322-4e4b-b7f3-5645abb0fe8c:c3389, 73af84f3-3e88-4c8c-894c-3ad307bcac8d:c3387, 730a25a1-dbec-44ed-975b-a44ab0096beb:c3387]
2019-08-30 05:17:50,582 | INFO  | DNAudit | user=null | ip=null | op=PUT_BLOCK {blockData=[blockId=conID: 2 locID: 102704235843486269 bcsId: 0,size=2097152]} | ret=SUCCESS |  
2019-08-30 05:17:50,582 [grpc-default-executor-3] INFO  client.GrpcClientProtocolClient (GrpcClientProtocolClient.java:onNext(255)) - client-574492D41EE7->134d4672-e322-4e4b-b7f3-5645abb0fe8c: receive RaftClientReply:client-574492D41EE7->134d4672-e322-4e4b-b7f3-5645abb0fe8c@group-3CB1DFFBCDC2, cid=2299, SUCCESS, logIndex=3390, commits[134d4672-e322-4e4b-b7f3-5645abb0fe8c:c3391, 73af84f3-3e88-4c8c-894c-3ad307bcac8d:c3387, 730a25a1-dbec-44ed-975b-a44ab0096beb:c3387]
2019-08-30 05:17:50,583 | INFO  | DNAudit | user=null | ip=null | op=WRITE_CHUNK {blockData=conID: 2 locID: 102704235843486269 bcsId: 0} | ret=SUCCESS |  
2019-08-30 05:17:50,583 | INFO  | DNAudit | user=null | ip=null | op=WRITE_CHUNK {blockData=conID: 2 locID: 102704235843486269 bcsId: 0} | ret=SUCCESS |  
2019-08-30 05:17:50,583 [grpc-default-executor-3] INFO  client.GrpcClientProtocolClient (GrpcClientProtocolClient.java:onNext(255)) - client-574492D41EE7->134d4672-e322-4e4b-b7f3-5645abb0fe8c: receive RaftClientReply:client-574492D41EE7->134d4672-e322-4e4b-b7f3-5645abb0fe8c@group-3CB1DFFBCDC2, cid=2300, SUCCESS, logIndex=3391, commits[134d4672-e322-4e4b-b7f3-5645abb0fe8c:c3391, 73af84f3-3e88-4c8c-894c-3ad307bcac8d:c3387, 730a25a1-dbec-44ed-975b-a44ab0096beb:c3387]
2019-08-30 05:17:50,583 | INFO  | DNAudit | user=null | ip=null | op=PUT_BLOCK {blockData=[blockId=conID: 2 locID: 102704235843486269 bcsId: 0,size=1048576]} | ret=SUCCESS |  
2019-08-30 05:17:50,583 | INFO  | DNAudit | user=null | ip=null | op=PUT_BLOCK {blockData=[blockId=conID: 2 locID: 102704235843486269 bcsId: 0,size=1048576]} | ret=SUCCESS |  
2019-08-30 05:17:50,584 [grpc-default-executor-3] INFO  client.GrpcClientProtocolClient (GrpcClientProtocolClient.java:onNext(255)) - client-574492D41EE7->134d4672-e322-4e4b-b7f3-5645abb0fe8c: receive RaftClientReply:client-574492D41EE7->134d4672-e322-4e4b-b7f3-5645abb0fe8c@group-3CB1DFFBCDC2, cid=2301, SUCCESS, logIndex=0, commits[134d4672-e322-4e4b-b7f3-5645abb0fe8c:c3393, 73af84f3-3e88-4c8c-894c-3ad307bcac8d:c3389, 730a25a1-dbec-44ed-975b-a44ab0096beb:c3389]
2019-08-30 05:17:50,584 | INFO  | DNAudit | user=null | ip=null | op=WRITE_CHUNK {blockData=conID: 2 locID: 102704235843486269 bcsId: 0} | ret=SUCCESS |  
2019-08-30 05:17:50,584 | INFO  | DNAudit | user=null | ip=null | op=WRITE_CHUNK {blockData=conID: 2 locID: 102704235843486269 bcsId: 0} | ret=SUCCESS |  
2019-08-30 05:17:50,585 | INFO  | DNAudit | user=null | ip=null | op=PUT_BLOCK {blockData=[blockId=conID: 2 locID: 102704235843486269 bcsId: 0,size=2097152]} | ret=SUCCESS |  
2019-08-30 05:17:50,585 | INFO  | DNAudit | user=null | ip=null | op=PUT_BLOCK {blockData=[blockId=conID: 2 locID: 102704235843486269 bcsId: 0,size=2097152]} | ret=SUCCESS |  
2019-08-30 05:17:50,589 | INFO  | DNAudit | user=null | ip=null | op=WRITE_CHUNK {blockData=conID: 2 locID: 102704235843486269 bcsId: 3391} | ret=SUCCESS |  
2019-08-30 05:17:50,592 | INFO  | DNAudit | user=null | ip=null | op=WRITE_CHUNK {blockData=conID: 2 locID: 102704235843486269 bcsId: 3391} | ret=SUCCESS |  
2019-08-30 05:17:50,592 | INFO  | DNAudit | user=null | ip=null | op=WRITE_CHUNK {blockData=conID: 2 locID: 102704235843486269 bcsId: 3391} | ret=SUCCESS |  
2019-08-30 05:17:50,602 | INFO  | DNAudit | user=null | ip=null | op=WRITE_CHUNK {blockData=conID: 2 locID: 102704235843486269 bcsId: 3391} | ret=SUCCESS |  
2019-08-30 05:17:50,602 | INFO  | DNAudit | user=null | ip=null | op=PUT_BLOCK {blockData=[blockId=conID: 2 locID: 102704235843486269 bcsId: 0,size=3145728]} | ret=SUCCESS |  
2019-08-30 05:17:50,602 [grpc-default-executor-5] INFO  client.GrpcClientProtocolClient (GrpcClientProtocolClient.java:onNext(255)) - client-574492D41EE7->134d4672-e322-4e4b-b7f3-5645abb0fe8c: receive RaftClientReply:client-574492D41EE7->134d4672-e322-4e4b-b7f3-5645abb0fe8c@group-3CB1DFFBCDC2, cid=2302, SUCCESS, logIndex=3395, commits[134d4672-e322-4e4b-b7f3-5645abb0fe8c:c3396, 73af84f3-3e88-4c8c-894c-3ad307bcac8d:c3394, 730a25a1-dbec-44ed-975b-a44ab0096beb:c3394]
2019-08-30 05:17:50,602 [grpc-default-executor-5] INFO  client.GrpcClientProtocolClient (GrpcClientProtocolClient.java:onNext(255)) - client-574492D41EE7->134d4672-e322-4e4b-b7f3-5645abb0fe8c: receive RaftClientReply:client-574492D41EE7->134d4672-e322-4e4b-b7f3-5645abb0fe8c@group-3CB1DFFBCDC2, cid=2303, SUCCESS, logIndex=3396, commits[134d4672-e322-4e4b-b7f3-5645abb0fe8c:c3396, 73af84f3-3e88-4c8c-894c-3ad307bcac8d:c3394, 730a25a1-dbec-44ed-975b-a44ab0096beb:c3394]
2019-08-30 05:17:50,608 | INFO  | DNAudit | user=null | ip=null | op=WRITE_CHUNK {blockData=conID: 2 locID: 102704235843486269 bcsId: 3396} | ret=SUCCESS |  
2019-08-30 05:17:50,610 | INFO  | DNAudit | user=null | ip=null | op=WRITE_CHUNK {blockData=conID: 2 locID: 102704235843486269 bcsId: 3396} | ret=SUCCESS |  
2019-08-30 05:17:50,611 | INFO  | DNAudit | user=null | ip=null | op=WRITE_CHUNK {blockData=conID: 2 locID: 102704235843486269 bcsId: 3396} | ret=SUCCESS |  
2019-08-30 05:17:50,611 | INFO  | DNAudit | user=null | ip=null | op=WRITE_CHUNK {blockData=conID: 2 locID: 102704235843486269 bcsId: 3391} | ret=SUCCESS |  
2019-08-30 05:17:50,611 | INFO  | DNAudit | user=null | ip=null | op=WRITE_CHUNK {blockData=conID: 2 locID: 102704235843486269 bcsId: 3391} | ret=SUCCESS |  
2019-08-30 05:17:50,613 | INFO  | DNAudit | user=null | ip=null | op=PUT_BLOCK {blockData=[blockId=conID: 2 locID: 102704235843486269 bcsId: 0,size=3145728]} | ret=SUCCESS |  
2019-08-30 05:17:50,613 | INFO  | DNAudit | user=null | ip=null | op=PUT_BLOCK {blockData=[blockId=conID: 2 locID: 102704235843486269 bcsId: 0,size=3145728]} | ret=SUCCESS |  
2019-08-30 05:17:50,613 | INFO  | DNAudit | user=null | ip=null | op=WRITE_CHUNK {blockData=conID: 2 locID: 102704235843486269 bcsId: 3396} | ret=SUCCESS |  
2019-08-30 05:17:50,614 | INFO  | DNAudit | user=null | ip=null | op=PUT_BLOCK {blockData=[blockId=conID: 2 locID: 102704235843486269 bcsId: 0,size=4194304]} | ret=SUCCESS |  
2019-08-30 05:17:50,614 [grpc-default-executor-5] INFO  client.GrpcClientProtocolClient (GrpcClientProtocolClient.java:onNext(255)) - client-574492D41EE7->134d4672-e322-4e4b-b7f3-5645abb0fe8c: receive RaftClientReply:client-574492D41EE7->134d4672-e322-4e4b-b7f3-5645abb0fe8c@group-3CB1DFFBCDC2, cid=2304, SUCCESS, logIndex=3399, commits[134d4672-e322-4e4b-b7f3-5645abb0fe8c:c3400, 73af84f3-3e88-4c8c-894c-3ad307bcac8d:c3396, 730a25a1-dbec-44ed-975b-a44ab0096beb:c3396]
2019-08-30 05:17:50,614 [grpc-default-executor-5] INFO  client.GrpcClientProtocolClient (GrpcClientProtocolClient.java:onNext(255)) - client-574492D41EE7->134d4672-e322-4e4b-b7f3-5645abb0fe8c: receive RaftClientReply:client-574492D41EE7->134d4672-e322-4e4b-b7f3-5645abb0fe8c@group-3CB1DFFBCDC2, cid=2305, SUCCESS, logIndex=3400, commits[134d4672-e322-4e4b-b7f3-5645abb0fe8c:c3400, 73af84f3-3e88-4c8c-894c-3ad307bcac8d:c3396, 730a25a1-dbec-44ed-975b-a44ab0096beb:c3396]
2019-08-30 05:17:50,615 | INFO  | DNAudit | user=null | ip=null | op=WRITE_CHUNK {blockData=conID: 2 locID: 102704235843486269 bcsId: 3396} | ret=SUCCESS |  
2019-08-30 05:17:50,615 | INFO  | DNAudit | user=null | ip=null | op=WRITE_CHUNK {blockData=conID: 2 locID: 102704235843486269 bcsId: 3396} | ret=SUCCESS |  
2019-08-30 05:17:50,616 | INFO  | DNAudit | user=null | ip=null | op=PUT_BLOCK {blockData=[blockId=conID: 2 locID: 102704235843486269 bcsId: 0,size=4194304]} | ret=SUCCESS |  
2019-08-30 05:17:50,616 | INFO  | DNAudit | user=null | ip=null | op=PUT_BLOCK {blockData=[blockId=conID: 2 locID: 102704235843486269 bcsId: 0,size=4194304]} | ret=SUCCESS |  
2019-08-30 05:17:50,616 [grpc-default-executor-5] INFO  client.GrpcClientProtocolClient (GrpcClientProtocolClient.java:onNext(255)) - client-574492D41EE7->134d4672-e322-4e4b-b7f3-5645abb0fe8c: receive RaftClientReply:client-574492D41EE7->134d4672-e322-4e4b-b7f3-5645abb0fe8c@group-3CB1DFFBCDC2, cid=2306, SUCCESS, logIndex=0, commits[134d4672-e322-4e4b-b7f3-5645abb0fe8c:c3401, 73af84f3-3e88-4c8c-894c-3ad307bcac8d:c3400, 730a25a1-dbec-44ed-975b-a44ab0096beb:c3400]
2019-08-30 05:17:50,621 | INFO  | SCMAudit | user=jenkins1000 | ip=192.168.36.106 | op=ALLOCATE_BLOCK {owner=85755eb5-052d-48fa-b271-2fe4d8754e12, size=4194304, type=RATIS, factor=THREE} | ret=SUCCESS |  
2019-08-30 05:17:50,623 | INFO  | OMAudit | user=jenkins1000 | ip=127.0.0.1 | op=ALLOCATE_BLOCK {volume=vol-0-00977, bucket=bucket-0-44205, key=key-0-32850, dataSize=0, replicationType=null, replicationFactor=null, keyLocationInfo=null, clientID=102704234570776978} | ret=SUCCESS |  
2019-08-30 05:17:50,629 | INFO  | DNAudit | user=null | ip=null | op=WRITE_CHUNK {blockData=conID: 3 locID: 102704235847352894 bcsId: 0} | ret=SUCCESS |  
2019-08-30 05:17:50,632 | INFO  | DNAudit | user=null | ip=null | op=WRITE_CHUNK {blockData=conID: 3 locID: 102704235847352894 bcsId: 0} | ret=SUCCESS |  
2019-08-30 05:17:50,632 | INFO  | DNAudit | user=null | ip=null | op=WRITE_CHUNK {blockData=conID: 3 locID: 102704235847352894 bcsId: 0} | ret=SUCCESS |  
2019-08-30 05:17:50,632 | INFO  | DNAudit | user=null | ip=null | op=WRITE_CHUNK {blockData=conID: 3 locID: 102704235847352894 bcsId: 0} | ret=SUCCESS |  
2019-08-30 05:17:50,633 | INFO  | DNAudit | user=null | ip=null | op=WRITE_CHUNK {blockData=conID: 3 locID: 102704235847352894 bcsId: 0} | ret=SUCCESS |  
2019-08-30 05:17:50,634 | INFO  | DNAudit | user=null | ip=null | op=WRITE_CHUNK {blockData=conID: 3 locID: 102704235847352894 bcsId: 0} | ret=SUCCESS |  
2019-08-30 05:17:50,643 | INFO  | DNAudit | user=null | ip=null | op=WRITE_CHUNK {blockData=conID: 3 locID: 102704235847352894 bcsId: 0} | ret=SUCCESS |  
2019-08-30 05:17:50,643 | INFO  | DNAudit | user=null | ip=null | op=PUT_BLOCK {blockData=[blockId=conID: 3 locID: 102704235847352894 bcsId: 0,size=1048576]} | ret=SUCCESS |  
2019-08-30 05:17:50,644 | INFO  | DNAudit | user=null | ip=null | op=WRITE_CHUNK {blockData=conID: 3 locID: 102704235847352894 bcsId: 0} | ret=SUCCESS |  
2019-08-30 05:17:50,644 | INFO  | DNAudit | user=null | ip=null | op=PUT_BLOCK {blockData=[blockId=conID: 3 locID: 102704235847352894 bcsId: 0,size=2097152]} | ret=SUCCESS |  
2019-08-30 05:17:50,644 [grpc-default-executor-3] INFO  client.GrpcClientProtocolClient (GrpcClientProtocolClient.java:onNext(255)) - client-574492D41EE7->134d4672-e322-4e4b-b7f3-5645abb0fe8c: receive RaftClientReply:client-574492D41EE7->134d4672-e322-4e4b-b7f3-5645abb0fe8c@group-3CB1DFFBCDC2, cid=2307, SUCCESS, logIndex=3403, commits[134d4672-e322-4e4b-b7f3-5645abb0fe8c:c3405, 73af84f3-3e88-4c8c-894c-3ad307bcac8d:c3402, 730a25a1-dbec-44ed-975b-a44ab0096beb:c3402]
2019-08-30 05:17:50,644 [grpc-default-executor-3] INFO  client.GrpcClientProtocolClient (GrpcClientProtocolClient.java:onNext(255)) - client-574492D41EE7->134d4672-e322-4e4b-b7f3-5645abb0fe8c: receive RaftClientReply:client-574492D41EE7->134d4672-e322-4e4b-b7f3-5645abb0fe8c@group-3CB1DFFBCDC2, cid=2308, SUCCESS, logIndex=3404, commits[134d4672-e322-4e4b-b7f3-5645abb0fe8c:c3405, 73af84f3-3e88-4c8c-894c-3ad307bcac8d:c3402, 730a25a1-dbec-44ed-975b-a44ab0096beb:c3402]
2019-08-30 05:17:50,645 [grpc-default-executor-3] INFO  client.GrpcClientProtocolClient (GrpcClientProtocolClient.java:onNext(255)) - client-574492D41EE7->134d4672-e322-4e4b-b7f3-5645abb0fe8c: receive RaftClientReply:client-574492D41EE7->134d4672-e322-4e4b-b7f3-5645abb0fe8c@group-3CB1DFFBCDC2, cid=2309, SUCCESS, logIndex=3405, commits[134d4672-e322-4e4b-b7f3-5645abb0fe8c:c3405, 73af84f3-3e88-4c8c-894c-3ad307bcac8d:c3402, 730a25a1-dbec-44ed-975b-a44ab0096beb:c3402]
2019-08-30 05:17:50,645 [grpc-default-executor-3] INFO  client.GrpcClientProtocolClient (GrpcClientProtocolClient.java:onNext(255)) - client-574492D41EE7->134d4672-e322-4e4b-b7f3-5645abb0fe8c: receive RaftClientReply:client-574492D41EE7->134d4672-e322-4e4b-b7f3-5645abb0fe8c@group-3CB1DFFBCDC2, cid=2310, SUCCESS, logIndex=3406, commits[134d4672-e322-4e4b-b7f3-5645abb0fe8c:c3406, 73af84f3-3e88-4c8c-894c-3ad307bcac8d:c3402, 730a25a1-dbec-44ed-975b-a44ab0096beb:c3402]
2019-08-30 05:17:50,653 | INFO  | DNAudit | user=null | ip=null | op=WRITE_CHUNK {blockData=conID: 3 locID: 102704235847352894 bcsId: 0} | ret=SUCCESS |  
2019-08-30 05:17:50,653 | INFO  | DNAudit | user=null | ip=null | op=WRITE_CHUNK {blockData=conID: 3 locID: 102704235847352894 bcsId: 0} | ret=SUCCESS |  
2019-08-30 05:17:50,653 | INFO  | DNAudit | user=null | ip=null | op=PUT_BLOCK {blockData=[blockId=conID: 3 locID: 102704235847352894 bcsId: 0,size=1048576]} | ret=SUCCESS |  
2019-08-30 05:17:50,653 | INFO  | DNAudit | user=null | ip=null | op=PUT_BLOCK {blockData=[blockId=conID: 3 locID: 102704235847352894 bcsId: 0,size=1048576]} | ret=SUCCESS |  
2019-08-30 05:17:50,653 [grpc-default-executor-1] INFO  client.GrpcClientProtocolClient (GrpcClientProtocolClient.java:onNext(255)) - client-574492D41EE7->134d4672-e322-4e4b-b7f3-5645abb0fe8c: receive RaftClientReply:client-574492D41EE7->134d4672-e322-4e4b-b7f3-5645abb0fe8c@group-3CB1DFFBCDC2, cid=2311, SUCCESS, logIndex=0, commits[134d4672-e322-4e4b-b7f3-5645abb0fe8c:c3406, 73af84f3-3e88-4c8c-894c-3ad307bcac8d:c3404, 730a25a1-dbec-44ed-975b-a44ab0096beb:c3404]
2019-08-30 05:17:50,654 | INFO  | DNAudit | user=null | ip=null | op=WRITE_CHUNK {blockData=conID: 3 locID: 102704235847352894 bcsId: 0} | ret=SUCCESS |  
2019-08-30 05:17:50,654 | INFO  | DNAudit | user=null | ip=null | op=WRITE_CHUNK {blockData=conID: 3 locID: 102704235847352894 bcsId: 0} | ret=SUCCESS |  
2019-08-30 05:17:50,654 | INFO  | DNAudit | user=null | ip=null | op=PUT_BLOCK {blockData=[blockId=conID: 3 locID: 102704235847352894 bcsId: 0,size=2097152]} | ret=SUCCESS |  
2019-08-30 05:17:50,654 | INFO  | DNAudit | user=null | ip=null | op=PUT_BLOCK {blockData=[blockId=conID: 3 locID: 102704235847352894 bcsId: 0,size=2097152]} | ret=SUCCESS |  
2019-08-30 05:17:50,658 | INFO  | DNAudit | user=null | ip=null | op=WRITE_CHUNK {blockData=conID: 3 locID: 102704235847352894 bcsId: 3406} | ret=SUCCESS |  
2019-08-30 05:17:50,661 | INFO  | DNAudit | user=null | ip=null | op=WRITE_CHUNK {blockData=conID: 3 locID: 102704235847352894 bcsId: 3406} | ret=SUCCESS |  
2019-08-30 05:17:50,661 | INFO  | DNAudit | user=null | ip=null | op=WRITE_CHUNK {blockData=conID: 3 locID: 102704235847352894 bcsId: 3406} | ret=SUCCESS |  
2019-08-30 05:17:50,663 | INFO  | DNAudit | user=null | ip=null | op=WRITE_CHUNK {blockData=conID: 3 locID: 102704235847352894 bcsId: 3406} | ret=SUCCESS |  
2019-08-30 05:17:50,664 | INFO  | DNAudit | user=null | ip=null | op=PUT_BLOCK {blockData=[blockId=conID: 3 locID: 102704235847352894 bcsId: 0,size=3145728]} | ret=SUCCESS |  
2019-08-30 05:17:50,664 [grpc-default-executor-3] INFO  client.GrpcClientProtocolClient (GrpcClientProtocolClient.java:onNext(255)) - client-574492D41EE7->134d4672-e322-4e4b-b7f3-5645abb0fe8c: receive RaftClientReply:client-574492D41EE7->134d4672-e322-4e4b-b7f3-5645abb0fe8c@group-3CB1DFFBCDC2, cid=2312, SUCCESS, logIndex=3411, commits[134d4672-e322-4e4b-b7f3-5645abb0fe8c:c3412, 73af84f3-3e88-4c8c-894c-3ad307bcac8d:c3406, 730a25a1-dbec-44ed-975b-a44ab0096beb:c3410]
2019-08-30 05:17:50,664 [grpc-default-executor-3] INFO  client.GrpcClientProtocolClient (GrpcClientProtocolClient.java:onNext(255)) - client-574492D41EE7->134d4672-e322-4e4b-b7f3-5645abb0fe8c: receive RaftClientReply:client-574492D41EE7->134d4672-e322-4e4b-b7f3-5645abb0fe8c@group-3CB1DFFBCDC2, cid=2313, SUCCESS, logIndex=3412, commits[134d4672-e322-4e4b-b7f3-5645abb0fe8c:c3412, 73af84f3-3e88-4c8c-894c-3ad307bcac8d:c3410, 730a25a1-dbec-44ed-975b-a44ab0096beb:c3410]
2019-08-30 05:17:50,665 | INFO  | DNAudit | user=null | ip=null | op=WRITE_CHUNK {blockData=conID: 3 locID: 102704235847352894 bcsId: 3406} | ret=SUCCESS |  
2019-08-30 05:17:50,665 | INFO  | DNAudit | user=null | ip=null | op=PUT_BLOCK {blockData=[blockId=conID: 3 locID: 102704235847352894 bcsId: 0,size=3145728]} | ret=SUCCESS |  
2019-08-30 05:17:50,665 | INFO  | DNAudit | user=null | ip=null | op=WRITE_CHUNK {blockData=conID: 3 locID: 102704235847352894 bcsId: 3406} | ret=SUCCESS |  
2019-08-30 05:17:50,665 | INFO  | DNAudit | user=null | ip=null | op=PUT_BLOCK {blockData=[blockId=conID: 3 locID: 102704235847352894 bcsId: 0,size=3145728]} | ret=SUCCESS |  
2019-08-30 05:17:50,670 | INFO  | DNAudit | user=null | ip=null | op=WRITE_CHUNK {blockData=conID: 3 locID: 102704235847352894 bcsId: 3412} | ret=SUCCESS |  
2019-08-30 05:17:50,671 | INFO  | DNAudit | user=null | ip=null | op=WRITE_CHUNK {blockData=conID: 3 locID: 102704235847352894 bcsId: 3412} | ret=SUCCESS |  
2019-08-30 05:17:50,672 | INFO  | DNAudit | user=null | ip=null | op=WRITE_CHUNK {blockData=conID: 3 locID: 102704235847352894 bcsId: 3412} | ret=SUCCESS |  
2019-08-30 05:17:50,673 | INFO  | DNAudit | user=null | ip=null | op=WRITE_CHUNK {blockData=conID: 3 locID: 102704235847352894 bcsId: 3412} | ret=SUCCESS |  
2019-08-30 05:17:50,673 | INFO  | DNAudit | user=null | ip=null | op=PUT_BLOCK {blockData=[blockId=conID: 3 locID: 102704235847352894 bcsId: 0,size=4194304]} | ret=SUCCESS |  
2019-08-30 05:17:50,673 [grpc-default-executor-1] INFO  client.GrpcClientProtocolClient (GrpcClientProtocolClient.java:onNext(255)) - client-574492D41EE7->134d4672-e322-4e4b-b7f3-5645abb0fe8c: receive RaftClientReply:client-574492D41EE7->134d4672-e322-4e4b-b7f3-5645abb0fe8c@group-3CB1DFFBCDC2, cid=2314, SUCCESS, logIndex=3415, commits[134d4672-e322-4e4b-b7f3-5645abb0fe8c:c3416, 73af84f3-3e88-4c8c-894c-3ad307bcac8d:c3414, 730a25a1-dbec-44ed-975b-a44ab0096beb:c3412]
2019-08-30 05:17:50,674 [grpc-default-executor-1] INFO  client.GrpcClientProtocolClient (GrpcClientProtocolClient.java:onNext(255)) - client-574492D41EE7->134d4672-e322-4e4b-b7f3-5645abb0fe8c: receive RaftClientReply:client-574492D41EE7->134d4672-e322-4e4b-b7f3-5645abb0fe8c@group-3CB1DFFBCDC2, cid=2315, SUCCESS, logIndex=3416, commits[134d4672-e322-4e4b-b7f3-5645abb0fe8c:c3416, 73af84f3-3e88-4c8c-894c-3ad307bcac8d:c3414, 730a25a1-dbec-44ed-975b-a44ab0096beb:c3414]
2019-08-30 05:17:50,674 | INFO  | DNAudit | user=null | ip=null | op=WRITE_CHUNK {blockData=conID: 3 locID: 102704235847352894 bcsId: 3412} | ret=SUCCESS |  
2019-08-30 05:17:50,674 | INFO  | DNAudit | user=null | ip=null | op=WRITE_CHUNK {blockData=conID: 3 locID: 102704235847352894 bcsId: 3412} | ret=SUCCESS |  
2019-08-30 05:17:50,674 | INFO  | DNAudit | user=null | ip=null | op=PUT_BLOCK {blockData=[blockId=conID: 3 locID: 102704235847352894 bcsId: 0,size=4194304]} | ret=SUCCESS |  
2019-08-30 05:17:50,675 | INFO  | DNAudit | user=null | ip=null | op=PUT_BLOCK {blockData=[blockId=conID: 3 locID: 102704235847352894 bcsId: 0,size=4194304]} | ret=SUCCESS |  
2019-08-30 05:17:50,675 [grpc-default-executor-1] INFO  client.GrpcClientProtocolClient (GrpcClientProtocolClient.java:onNext(255)) - client-574492D41EE7->134d4672-e322-4e4b-b7f3-5645abb0fe8c: receive RaftClientReply:client-574492D41EE7->134d4672-e322-4e4b-b7f3-5645abb0fe8c@group-3CB1DFFBCDC2, cid=2316, SUCCESS, logIndex=0, commits[134d4672-e322-4e4b-b7f3-5645abb0fe8c:c3417, 73af84f3-3e88-4c8c-894c-3ad307bcac8d:c3416, 730a25a1-dbec-44ed-975b-a44ab0096beb:c3416]
2019-08-30 05:17:50,679 | INFO  | SCMAudit | user=jenkins1000 | ip=192.168.36.106 | op=ALLOCATE_BLOCK {owner=85755eb5-052d-48fa-b271-2fe4d8754e12, size=4194304, type=RATIS, factor=THREE} | ret=SUCCESS |  
2019-08-30 05:17:50,681 | INFO  | OMAudit | user=jenkins1000 | ip=127.0.0.1 | op=ALLOCATE_BLOCK {volume=vol-0-00977, bucket=bucket-0-44205, key=key-0-32850, dataSize=0, replicationType=null, replicationFactor=null, keyLocationInfo=null, clientID=102704234570776978} | ret=SUCCESS |  
2019-08-30 05:17:50,687 | INFO  | DNAudit | user=null | ip=null | op=WRITE_CHUNK {blockData=conID: 1 locID: 102704235851219519 bcsId: 0} | ret=SUCCESS |  
2019-08-30 05:17:50,690 | INFO  | DNAudit | user=null | ip=null | op=WRITE_CHUNK {blockData=conID: 1 locID: 102704235851219519 bcsId: 0} | ret=SUCCESS |  
2019-08-30 05:17:50,690 | INFO  | DNAudit | user=null | ip=null | op=WRITE_CHUNK {blockData=conID: 1 locID: 102704235851219519 bcsId: 0} | ret=SUCCESS |  
2019-08-30 05:17:50,690 | INFO  | DNAudit | user=null | ip=null | op=WRITE_CHUNK {blockData=conID: 1 locID: 102704235851219519 bcsId: 0} | ret=SUCCESS |  
2019-08-30 05:17:50,691 | INFO  | DNAudit | user=null | ip=null | op=WRITE_CHUNK {blockData=conID: 1 locID: 102704235851219519 bcsId: 0} | ret=SUCCESS |  
2019-08-30 05:17:50,691 | INFO  | DNAudit | user=null | ip=null | op=WRITE_CHUNK {blockData=conID: 1 locID: 102704235851219519 bcsId: 0} | ret=SUCCESS |  
2019-08-30 05:17:50,699 | INFO  | DNAudit | user=null | ip=null | op=WRITE_CHUNK {blockData=conID: 1 locID: 102704235851219519 bcsId: 0} | ret=SUCCESS |  
2019-08-30 05:17:50,699 | INFO  | DNAudit | user=null | ip=null | op=PUT_BLOCK {blockData=[blockId=conID: 1 locID: 102704235851219519 bcsId: 0,size=1048576]} | ret=SUCCESS |  
2019-08-30 05:17:50,699 [grpc-default-executor-1] INFO  client.GrpcClientProtocolClient (GrpcClientProtocolClient.java:onNext(255)) - client-574492D41EE7->134d4672-e322-4e4b-b7f3-5645abb0fe8c: receive RaftClientReply:client-574492D41EE7->134d4672-e322-4e4b-b7f3-5645abb0fe8c@group-3CB1DFFBCDC2, cid=2317, SUCCESS, logIndex=3419, commits[134d4672-e322-4e4b-b7f3-5645abb0fe8c:c3421, 73af84f3-3e88-4c8c-894c-3ad307bcac8d:c3418, 730a25a1-dbec-44ed-975b-a44ab0096beb:c3418]
2019-08-30 05:17:50,699 | INFO  | DNAudit | user=null | ip=null | op=WRITE_CHUNK {blockData=conID: 1 locID: 102704235851219519 bcsId: 0} | ret=SUCCESS |  
2019-08-30 05:17:50,700 [grpc-default-executor-1] INFO  client.GrpcClientProtocolClient (GrpcClientProtocolClient.java:onNext(255)) - client-574492D41EE7->134d4672-e322-4e4b-b7f3-5645abb0fe8c: receive RaftClientReply:client-574492D41EE7->134d4672-e322-4e4b-b7f3-5645abb0fe8c@group-3CB1DFFBCDC2, cid=2318, SUCCESS, logIndex=3420, commits[134d4672-e322-4e4b-b7f3-5645abb0fe8c:c3422, 73af84f3-3e88-4c8c-894c-3ad307bcac8d:c3418, 730a25a1-dbec-44ed-975b-a44ab0096beb:c3418]
2019-08-30 05:17:50,700 | INFO  | DNAudit | user=null | ip=null | op=PUT_BLOCK {blockData=[blockId=conID: 1 locID: 102704235851219519 bcsId: 0,size=2097152]} | ret=SUCCESS |  
2019-08-30 05:17:50,700 [grpc-default-executor-1] INFO  client.GrpcClientProtocolClient (GrpcClientProtocolClient.java:onNext(255)) - client-574492D41EE7->134d4672-e322-4e4b-b7f3-5645abb0fe8c: receive RaftClientReply:client-574492D41EE7->134d4672-e322-4e4b-b7f3-5645abb0fe8c@group-3CB1DFFBCDC2, cid=2319, SUCCESS, logIndex=3421, commits[134d4672-e322-4e4b-b7f3-5645abb0fe8c:c3422, 73af84f3-3e88-4c8c-894c-3ad307bcac8d:c3418, 730a25a1-dbec-44ed-975b-a44ab0096beb:c3418]
2019-08-30 05:17:50,700 | INFO  | DNAudit | user=null | ip=null | op=WRITE_CHUNK {blockData=conID: 1 locID: 102704235851219519 bcsId: 0} | ret=SUCCESS |  
2019-08-30 05:17:50,700 [grpc-default-executor-1] INFO  client.GrpcClientProtocolClient (GrpcClientProtocolClient.java:onNext(255)) - client-574492D41EE7->134d4672-e322-4e4b-b7f3-5645abb0fe8c: receive RaftClientReply:client-574492D41EE7->134d4672-e322-4e4b-b7f3-5645abb0fe8c@group-3CB1DFFBCDC2, cid=2320, SUCCESS, logIndex=3422, commits[134d4672-e322-4e4b-b7f3-5645abb0fe8c:c3422, 73af84f3-3e88-4c8c-894c-3ad307bcac8d:c3418, 730a25a1-dbec-44ed-975b-a44ab0096beb:c3418]
2019-08-30 05:17:50,700 | INFO  | DNAudit | user=null | ip=null | op=PUT_BLOCK {blockData=[blockId=conID: 1 locID: 102704235851219519 bcsId: 0,size=1048576]} | ret=SUCCESS |  
2019-08-30 05:17:50,702 | INFO  | DNAudit | user=null | ip=null | op=WRITE_CHUNK {blockData=conID: 1 locID: 102704235851219519 bcsId: 0} | ret=SUCCESS |  
2019-08-30 05:17:50,702 | INFO  | DNAudit | user=null | ip=null | op=PUT_BLOCK {blockData=[blockId=conID: 1 locID: 102704235851219519 bcsId: 0,size=1048576]} | ret=SUCCESS |  
2019-08-30 05:17:50,702 [grpc-default-executor-1] INFO  client.GrpcClientProtocolClient (GrpcClientProtocolClient.java:onNext(255)) - client-574492D41EE7->134d4672-e322-4e4b-b7f3-5645abb0fe8c: receive RaftClientReply:client-574492D41EE7->134d4672-e322-4e4b-b7f3-5645abb0fe8c@group-3CB1DFFBCDC2, cid=2321, SUCCESS, logIndex=0, commits[134d4672-e322-4e4b-b7f3-5645abb0fe8c:c3423, 73af84f3-3e88-4c8c-894c-3ad307bcac8d:c3420, 730a25a1-dbec-44ed-975b-a44ab0096beb:c3420]
2019-08-30 05:17:50,703 | INFO  | DNAudit | user=null | ip=null | op=WRITE_CHUNK {blockData=conID: 1 locID: 102704235851219519 bcsId: 0} | ret=SUCCESS |  
2019-08-30 05:17:50,703 | INFO  | DNAudit | user=null | ip=null | op=PUT_BLOCK {blockData=[blockId=conID: 1 locID: 102704235851219519 bcsId: 0,size=2097152]} | ret=SUCCESS |  
2019-08-30 05:17:50,705 | INFO  | DNAudit | user=null | ip=null | op=WRITE_CHUNK {blockData=conID: 1 locID: 102704235851219519 bcsId: 0} | ret=SUCCESS |  
2019-08-30 05:17:50,705 | INFO  | DNAudit | user=null | ip=null | op=PUT_BLOCK {blockData=[blockId=conID: 1 locID: 102704235851219519 bcsId: 0,size=2097152]} | ret=SUCCESS |  
2019-08-30 05:17:50,708 | INFO  | DNAudit | user=null | ip=null | op=WRITE_CHUNK {blockData=conID: 1 locID: 102704235851219519 bcsId: 3422} | ret=SUCCESS |  
2019-08-30 05:17:50,710 | INFO  | DNAudit | user=null | ip=null | op=WRITE_CHUNK {blockData=conID: 1 locID: 102704235851219519 bcsId: 3422} | ret=SUCCESS |  
2019-08-30 05:17:50,710 | INFO  | DNAudit | user=null | ip=null | op=WRITE_CHUNK {blockData=conID: 1 locID: 102704235851219519 bcsId: 3422} | ret=SUCCESS |  
2019-08-30 05:17:50,717 | INFO  | DNAudit | user=null | ip=null | op=WRITE_CHUNK {blockData=conID: 1 locID: 102704235851219519 bcsId: 3422} | ret=SUCCESS |  
2019-08-30 05:17:50,717 | INFO  | DNAudit | user=null | ip=null | op=PUT_BLOCK {blockData=[blockId=conID: 1 locID: 102704235851219519 bcsId: 0,size=3145728]} | ret=SUCCESS |  
2019-08-30 05:17:50,717 [grpc-default-executor-5] INFO  client.GrpcClientProtocolClient (GrpcClientProtocolClient.java:onNext(255)) - client-574492D41EE7->134d4672-e322-4e4b-b7f3-5645abb0fe8c: receive RaftClientReply:client-574492D41EE7->134d4672-e322-4e4b-b7f3-5645abb0fe8c@group-3CB1DFFBCDC2, cid=2322, SUCCESS, logIndex=3427, commits[134d4672-e322-4e4b-b7f3-5645abb0fe8c:c3428, 73af84f3-3e88-4c8c-894c-3ad307bcac8d:c3426, 730a25a1-dbec-44ed-975b-a44ab0096beb:c3426]
2019-08-30 05:17:50,718 [grpc-default-executor-5] INFO  client.GrpcClientProtocolClient (GrpcClientProtocolClient.java:onNext(255)) - client-574492D41EE7->134d4672-e322-4e4b-b7f3-5645abb0fe8c: receive RaftClientReply:client-574492D41EE7->134d4672-e322-4e4b-b7f3-5645abb0fe8c@group-3CB1DFFBCDC2, cid=2323, SUCCESS, logIndex=3428, commits[134d4672-e322-4e4b-b7f3-5645abb0fe8c:c3428, 73af84f3-3e88-4c8c-894c-3ad307bcac8d:c3426, 730a25a1-dbec-44ed-975b-a44ab0096beb:c3426]
2019-08-30 05:17:50,854 | INFO  | DNAudit | user=null | ip=null | op=WRITE_CHUNK {blockData=conID: 1 locID: 102704235851219519 bcsId: 3428} | ret=SUCCESS |  
2019-08-30 05:17:50,854 | INFO  | DNAudit | user=null | ip=null | op=WRITE_CHUNK {blockData=conID: 1 locID: 102704235851219519 bcsId: 3422} | ret=SUCCESS |  
2019-08-30 05:17:50,855 | INFO  | DNAudit | user=null | ip=null | op=WRITE_CHUNK {blockData=conID: 1 locID: 102704235851219519 bcsId: 3422} | ret=SUCCESS |  
2019-08-30 05:17:50,857 | INFO  | DNAudit | user=null | ip=null | op=WRITE_CHUNK {blockData=conID: 1 locID: 102704235851219519 bcsId: 3428} | ret=SUCCESS |  
2019-08-30 05:17:50,857 | INFO  | DNAudit | user=null | ip=null | op=WRITE_CHUNK {blockData=conID: 1 locID: 102704235851219519 bcsId: 3428} | ret=SUCCESS |  
2019-08-30 05:17:50,865 | INFO  | DNAudit | user=null | ip=null | op=PUT_BLOCK {blockData=[blockId=conID: 1 locID: 102704235851219519 bcsId: 0,size=3145728]} | ret=SUCCESS |  
2019-08-30 05:17:50,866 | INFO  | DNAudit | user=null | ip=null | op=PUT_BLOCK {blockData=[blockId=conID: 1 locID: 102704235851219519 bcsId: 0,size=3145728]} | ret=SUCCESS |  
2019-08-30 05:17:50,867 | INFO  | DNAudit | user=null | ip=null | op=WRITE_CHUNK {blockData=conID: 1 locID: 102704235851219519 bcsId: 3428} | ret=SUCCESS |  
2019-08-30 05:17:50,868 | INFO  | DNAudit | user=null | ip=null | op=PUT_BLOCK {blockData=[blockId=conID: 1 locID: 102704235851219519 bcsId: 0,size=4194304]} | ret=SUCCESS |  
2019-08-30 05:17:50,868 [grpc-default-executor-1] INFO  client.GrpcClientProtocolClient (GrpcClientProtocolClient.java:onNext(255)) - client-574492D41EE7->134d4672-e322-4e4b-b7f3-5645abb0fe8c: receive RaftClientReply:client-574492D41EE7->134d4672-e322-4e4b-b7f3-5645abb0fe8c@group-3CB1DFFBCDC2, cid=2324, SUCCESS, logIndex=3431, commits[134d4672-e322-4e4b-b7f3-5645abb0fe8c:c3432, 73af84f3-3e88-4c8c-894c-3ad307bcac8d:c3428, 730a25a1-dbec-44ed-975b-a44ab0096beb:c3428]
2019-08-30 05:17:50,868 [grpc-default-executor-1] INFO  client.GrpcClientProtocolClient (GrpcClientProtocolClient.java:onNext(255)) - client-574492D41EE7->134d4672-e322-4e4b-b7f3-5645abb0fe8c: receive RaftClientReply:client-574492D41EE7->134d4672-e322-4e4b-b7f3-5645abb0fe8c@group-3CB1DFFBCDC2, cid=2325, SUCCESS, logIndex=3432, commits[134d4672-e322-4e4b-b7f3-5645abb0fe8c:c3432, 73af84f3-3e88-4c8c-894c-3ad307bcac8d:c3428, 730a25a1-dbec-44ed-975b-a44ab0096beb:c3428]
2019-08-30 05:17:50,879 | INFO  | DNAudit | user=null | ip=null | op=WRITE_CHUNK {blockData=conID: 1 locID: 102704235851219519 bcsId: 3428} | ret=SUCCESS |  
2019-08-30 05:17:50,879 | INFO  | DNAudit | user=null | ip=null | op=PUT_BLOCK {blockData=[blockId=conID: 1 locID: 102704235851219519 bcsId: 0,size=4194304]} | ret=SUCCESS |  
2019-08-30 05:17:50,879 | INFO  | DNAudit | user=null | ip=null | op=WRITE_CHUNK {blockData=conID: 1 locID: 102704235851219519 bcsId: 3428} | ret=SUCCESS |  
2019-08-30 05:17:50,880 | INFO  | DNAudit | user=null | ip=null | op=PUT_BLOCK {blockData=[blockId=conID: 1 locID: 102704235851219519 bcsId: 0,size=4194304]} | ret=SUCCESS |  
2019-08-30 05:17:50,880 [grpc-default-executor-1] INFO  client.GrpcClientProtocolClient (GrpcClientProtocolClient.java:onNext(255)) - client-574492D41EE7->134d4672-e322-4e4b-b7f3-5645abb0fe8c: receive RaftClientReply:client-574492D41EE7->134d4672-e322-4e4b-b7f3-5645abb0fe8c@group-3CB1DFFBCDC2, cid=2326, SUCCESS, logIndex=0, commits[134d4672-e322-4e4b-b7f3-5645abb0fe8c:c3433, 73af84f3-3e88-4c8c-894c-3ad307bcac8d:c3432, 730a25a1-dbec-44ed-975b-a44ab0096beb:c3432]
2019-08-30 05:17:50,888 | INFO  | SCMAudit | user=jenkins1000 | ip=192.168.36.106 | op=ALLOCATE_BLOCK {owner=85755eb5-052d-48fa-b271-2fe4d8754e12, size=4194304, type=RATIS, factor=THREE} | ret=SUCCESS |  
2019-08-30 05:17:50,893 | INFO  | OMAudit | user=jenkins1000 | ip=127.0.0.1 | op=ALLOCATE_BLOCK {volume=vol-0-00977, bucket=bucket-0-44205, key=key-0-32850, dataSize=0, replicationType=null, replicationFactor=null, keyLocationInfo=null, clientID=102704234570776978} | ret=SUCCESS |  
2019-08-30 05:17:50,902 | INFO  | DNAudit | user=null | ip=null | op=WRITE_CHUNK {blockData=conID: 2 locID: 102704235864916544 bcsId: 0} | ret=SUCCESS |  
2019-08-30 05:17:50,906 | INFO  | DNAudit | user=null | ip=null | op=WRITE_CHUNK {blockData=conID: 2 locID: 102704235864916544 bcsId: 0} | ret=SUCCESS |  
2019-08-30 05:17:50,906 | INFO  | DNAudit | user=null | ip=null | op=WRITE_CHUNK {blockData=conID: 2 locID: 102704235864916544 bcsId: 0} | ret=SUCCESS |  
2019-08-30 05:17:50,907 | INFO  | DNAudit | user=null | ip=null | op=WRITE_CHUNK {blockData=conID: 2 locID: 102704235864916544 bcsId: 0} | ret=SUCCESS |  
2019-08-30 05:17:50,909 | INFO  | DNAudit | user=null | ip=null | op=WRITE_CHUNK {blockData=conID: 2 locID: 102704235864916544 bcsId: 0} | ret=SUCCESS |  
2019-08-30 05:17:50,910 | INFO  | DNAudit | user=null | ip=null | op=WRITE_CHUNK {blockData=conID: 2 locID: 102704235864916544 bcsId: 0} | ret=SUCCESS |  
2019-08-30 05:17:50,915 | INFO  | DNAudit | user=null | ip=null | op=WRITE_CHUNK {blockData=conID: 2 locID: 102704235864916544 bcsId: 0} | ret=SUCCESS |  
2019-08-30 05:17:50,916 | INFO  | DNAudit | user=null | ip=null | op=PUT_BLOCK {blockData=[blockId=conID: 2 locID: 102704235864916544 bcsId: 0,size=1048576]} | ret=SUCCESS |  
2019-08-30 05:17:50,917 | INFO  | DNAudit | user=null | ip=null | op=WRITE_CHUNK {blockData=conID: 2 locID: 102704235864916544 bcsId: 0} | ret=SUCCESS |  
2019-08-30 05:17:50,916 [grpc-default-executor-1] INFO  client.GrpcClientProtocolClient (GrpcClientProtocolClient.java:onNext(255)) - client-574492D41EE7->134d4672-e322-4e4b-b7f3-5645abb0fe8c: receive RaftClientReply:client-574492D41EE7->134d4672-e322-4e4b-b7f3-5645abb0fe8c@group-3CB1DFFBCDC2, cid=2327, SUCCESS, logIndex=3435, commits[134d4672-e322-4e4b-b7f3-5645abb0fe8c:c3438, 73af84f3-3e88-4c8c-894c-3ad307bcac8d:c3434, 730a25a1-dbec-44ed-975b-a44ab0096beb:c3434]
2019-08-30 05:17:50,917 | INFO  | DNAudit | user=null | ip=null | op=PUT_BLOCK {blockData=[blockId=conID: 2 locID: 102704235864916544 bcsId: 0,size=2097152]} | ret=SUCCESS |  
2019-08-30 05:17:50,917 [grpc-default-executor-1] INFO  client.GrpcClientProtocolClient (GrpcClientProtocolClient.java:onNext(255)) - client-574492D41EE7->134d4672-e322-4e4b-b7f3-5645abb0fe8c: receive RaftClientReply:client-574492D41EE7->134d4672-e322-4e4b-b7f3-5645abb0fe8c@group-3CB1DFFBCDC2, cid=2328, SUCCESS, logIndex=3436, commits[134d4672-e322-4e4b-b7f3-5645abb0fe8c:c3438, 73af84f3-3e88-4c8c-894c-3ad307bcac8d:c3434, 730a25a1-dbec-44ed-975b-a44ab0096beb:c3434]
2019-08-30 05:17:50,918 [grpc-default-executor-1] INFO  client.GrpcClientProtocolClient (GrpcClientProtocolClient.java:onNext(255)) - client-574492D41EE7->134d4672-e322-4e4b-b7f3-5645abb0fe8c: receive RaftClientReply:client-574492D41EE7->134d4672-e322-4e4b-b7f3-5645abb0fe8c@group-3CB1DFFBCDC2, cid=2329, SUCCESS, logIndex=3437, commits[134d4672-e322-4e4b-b7f3-5645abb0fe8c:c3438, 73af84f3-3e88-4c8c-894c-3ad307bcac8d:c3434, 730a25a1-dbec-44ed-975b-a44ab0096beb:c3434]
2019-08-30 05:17:50,919 | INFO  | DNAudit | user=null | ip=null | op=WRITE_CHUNK {blockData=conID: 2 locID: 102704235864916544 bcsId: 0} | ret=SUCCESS |  
2019-08-30 05:17:50,919 | INFO  | DNAudit | user=null | ip=null | op=WRITE_CHUNK {blockData=conID: 2 locID: 102704235864916544 bcsId: 0} | ret=SUCCESS |  
2019-08-30 05:17:50,919 | INFO  | DNAudit | user=null | ip=null | op=PUT_BLOCK {blockData=[blockId=conID: 2 locID: 102704235864916544 bcsId: 0,size=1048576]} | ret=SUCCESS |  
2019-08-30 05:17:50,919 | INFO  | DNAudit | user=null | ip=null | op=PUT_BLOCK {blockData=[blockId=conID: 2 locID: 102704235864916544 bcsId: 0,size=1048576]} | ret=SUCCESS |  
2019-08-30 05:17:50,919 [grpc-default-executor-1] INFO  client.GrpcClientProtocolClient (GrpcClientProtocolClient.java:onNext(255)) - client-574492D41EE7->134d4672-e322-4e4b-b7f3-5645abb0fe8c: receive RaftClientReply:client-574492D41EE7->134d4672-e322-4e4b-b7f3-5645abb0fe8c@group-3CB1DFFBCDC2, cid=2330, SUCCESS, logIndex=3438, commits[134d4672-e322-4e4b-b7f3-5645abb0fe8c:c3438, 73af84f3-3e88-4c8c-894c-3ad307bcac8d:c3434, 730a25a1-dbec-44ed-975b-a44ab0096beb:c3434]
2019-08-30 05:17:50,921 [grpc-default-executor-6] INFO  client.GrpcClientProtocolClient (GrpcClientProtocolClient.java:onNext(255)) - client-574492D41EE7->134d4672-e322-4e4b-b7f3-5645abb0fe8c: receive RaftClientReply:client-574492D41EE7->134d4672-e322-4e4b-b7f3-5645abb0fe8c@group-3CB1DFFBCDC2, cid=2331, SUCCESS, logIndex=0, commits[134d4672-e322-4e4b-b7f3-5645abb0fe8c:c3439, 73af84f3-3e88-4c8c-894c-3ad307bcac8d:c3436, 730a25a1-dbec-44ed-975b-a44ab0096beb:c3436]
2019-08-30 05:17:50,930 | INFO  | DNAudit | user=null | ip=null | op=WRITE_CHUNK {blockData=conID: 2 locID: 102704235864916544 bcsId: 0} | ret=SUCCESS |  
2019-08-30 05:17:50,930 | INFO  | DNAudit | user=null | ip=null | op=WRITE_CHUNK {blockData=conID: 2 locID: 102704235864916544 bcsId: 3438} | ret=SUCCESS |  
2019-08-30 05:17:50,931 | INFO  | DNAudit | user=null | ip=null | op=WRITE_CHUNK {blockData=conID: 2 locID: 102704235864916544 bcsId: 0} | ret=SUCCESS |  
2019-08-30 05:17:50,931 | INFO  | DNAudit | user=null | ip=null | op=PUT_BLOCK {blockData=[blockId=conID: 2 locID: 102704235864916544 bcsId: 0,size=2097152]} | ret=SUCCESS |  
2019-08-30 05:17:50,931 | INFO  | DNAudit | user=null | ip=null | op=PUT_BLOCK {blockData=[blockId=conID: 2 locID: 102704235864916544 bcsId: 0,size=2097152]} | ret=SUCCESS |  
2019-08-30 05:17:50,933 | INFO  | DNAudit | user=null | ip=null | op=WRITE_CHUNK {blockData=conID: 2 locID: 102704235864916544 bcsId: 3438} | ret=SUCCESS |  
2019-08-30 05:17:50,933 | INFO  | DNAudit | user=null | ip=null | op=WRITE_CHUNK {blockData=conID: 2 locID: 102704235864916544 bcsId: 3438} | ret=SUCCESS |  
2019-08-30 05:17:50,935 | INFO  | DNAudit | user=null | ip=null | op=WRITE_CHUNK {blockData=conID: 2 locID: 102704235864916544 bcsId: 3438} | ret=SUCCESS |  
2019-08-30 05:17:50,936 | INFO  | DNAudit | user=null | ip=null | op=PUT_BLOCK {blockData=[blockId=conID: 2 locID: 102704235864916544 bcsId: 0,size=3145728]} | ret=SUCCESS |  
2019-08-30 05:17:50,936 [grpc-default-executor-1] INFO  client.GrpcClientProtocolClient (GrpcClientProtocolClient.java:onNext(255)) - client-574492D41EE7->134d4672-e322-4e4b-b7f3-5645abb0fe8c: receive RaftClientReply:client-574492D41EE7->134d4672-e322-4e4b-b7f3-5645abb0fe8c@group-3CB1DFFBCDC2, cid=2332, SUCCESS, logIndex=3443, commits[134d4672-e322-4e4b-b7f3-5645abb0fe8c:c3444, 73af84f3-3e88-4c8c-894c-3ad307bcac8d:c3438, 730a25a1-dbec-44ed-975b-a44ab0096beb:c3439]
2019-08-30 05:17:50,937 [grpc-default-executor-1] INFO  client.GrpcClientProtocolClient (GrpcClientProtocolClient.java:onNext(255)) - client-574492D41EE7->134d4672-e322-4e4b-b7f3-5645abb0fe8c: receive RaftClientReply:client-574492D41EE7->134d4672-e322-4e4b-b7f3-5645abb0fe8c@group-3CB1DFFBCDC2, cid=2333, SUCCESS, logIndex=3444, commits[134d4672-e322-4e4b-b7f3-5645abb0fe8c:c3444, 73af84f3-3e88-4c8c-894c-3ad307bcac8d:c3439, 730a25a1-dbec-44ed-975b-a44ab0096beb:c3439]
2019-08-30 05:17:50,938 | INFO  | DNAudit | user=null | ip=null | op=WRITE_CHUNK {blockData=conID: 2 locID: 102704235864916544 bcsId: 3438} | ret=SUCCESS |  
2019-08-30 05:17:50,938 | INFO  | DNAudit | user=null | ip=null | op=WRITE_CHUNK {blockData=conID: 2 locID: 102704235864916544 bcsId: 3438} | ret=SUCCESS |  
2019-08-30 05:17:50,939 | INFO  | DNAudit | user=null | ip=null | op=PUT_BLOCK {blockData=[blockId=conID: 2 locID: 102704235864916544 bcsId: 0,size=3145728]} | ret=SUCCESS |  
2019-08-30 05:17:50,939 | INFO  | DNAudit | user=null | ip=null | op=PUT_BLOCK {blockData=[blockId=conID: 2 locID: 102704235864916544 bcsId: 0,size=3145728]} | ret=SUCCESS |  
2019-08-30 05:17:50,945 | INFO  | DNAudit | user=null | ip=null | op=WRITE_CHUNK {blockData=conID: 2 locID: 102704235864916544 bcsId: 3444} | ret=SUCCESS |  
2019-08-30 05:17:50,947 | INFO  | DNAudit | user=null | ip=null | op=WRITE_CHUNK {blockData=conID: 2 locID: 102704235864916544 bcsId: 3444} | ret=SUCCESS |  
2019-08-30 05:17:50,948 | INFO  | DNAudit | user=null | ip=null | op=WRITE_CHUNK {blockData=conID: 2 locID: 102704235864916544 bcsId: 3444} | ret=SUCCESS |  
2019-08-30 05:17:50,950 | INFO  | DNAudit | user=null | ip=null | op=WRITE_CHUNK {blockData=conID: 2 locID: 102704235864916544 bcsId: 3444} | ret=SUCCESS |  
2019-08-30 05:17:50,950 | INFO  | DNAudit | user=null | ip=null | op=PUT_BLOCK {blockData=[blockId=conID: 2 locID: 102704235864916544 bcsId: 0,size=4194304]} | ret=SUCCESS |  
2019-08-30 05:17:50,951 | INFO  | DNAudit | user=null | ip=null | op=WRITE_CHUNK {blockData=conID: 2 locID: 102704235864916544 bcsId: 3444} | ret=SUCCESS |  
2019-08-30 05:17:50,951 [grpc-default-executor-1] INFO  client.GrpcClientProtocolClient (GrpcClientProtocolClient.java:onNext(255)) - client-574492D41EE7->134d4672-e322-4e4b-b7f3-5645abb0fe8c: receive RaftClientReply:client-574492D41EE7->134d4672-e322-4e4b-b7f3-5645abb0fe8c@group-3CB1DFFBCDC2, cid=2334, SUCCESS, logIndex=3446, commits[134d4672-e322-4e4b-b7f3-5645abb0fe8c:c3447, 73af84f3-3e88-4c8c-894c-3ad307bcac8d:c3444, 730a25a1-dbec-44ed-975b-a44ab0096beb:c3445]
2019-08-30 05:17:50,951 | INFO  | DNAudit | user=null | ip=null | op=WRITE_CHUNK {blockData=conID: 2 locID: 102704235864916544 bcsId: 3444} | ret=SUCCESS |  
2019-08-30 05:17:50,952 | INFO  | DNAudit | user=null | ip=null | op=PUT_BLOCK {blockData=[blockId=conID: 2 locID: 102704235864916544 bcsId: 0,size=4194304]} | ret=SUCCESS |  
2019-08-30 05:17:50,952 | INFO  | DNAudit | user=null | ip=null | op=PUT_BLOCK {blockData=[blockId=conID: 2 locID: 102704235864916544 bcsId: 0,size=4194304]} | ret=SUCCESS |  
2019-08-30 05:17:50,952 [grpc-default-executor-1] INFO  client.GrpcClientProtocolClient (GrpcClientProtocolClient.java:onNext(255)) - client-574492D41EE7->134d4672-e322-4e4b-b7f3-5645abb0fe8c: receive RaftClientReply:client-574492D41EE7->134d4672-e322-4e4b-b7f3-5645abb0fe8c@group-3CB1DFFBCDC2, cid=2335, SUCCESS, logIndex=3447, commits[134d4672-e322-4e4b-b7f3-5645abb0fe8c:c3447, 73af84f3-3e88-4c8c-894c-3ad307bcac8d:c3445, 730a25a1-dbec-44ed-975b-a44ab0096beb:c3445]
2019-08-30 05:17:50,954 [grpc-default-executor-1] INFO  client.GrpcClientProtocolClient (GrpcClientProtocolClient.java:onNext(255)) - client-574492D41EE7->134d4672-e322-4e4b-b7f3-5645abb0fe8c: receive RaftClientReply:client-574492D41EE7->134d4672-e322-4e4b-b7f3-5645abb0fe8c@group-3CB1DFFBCDC2, cid=2336, SUCCESS, logIndex=0, commits[134d4672-e322-4e4b-b7f3-5645abb0fe8c:c3449, 73af84f3-3e88-4c8c-894c-3ad307bcac8d:c3447, 730a25a1-dbec-44ed-975b-a44ab0096beb:c3447]
2019-08-30 05:17:50,960 | INFO  | SCMAudit | user=jenkins1000 | ip=192.168.36.106 | op=ALLOCATE_BLOCK {owner=85755eb5-052d-48fa-b271-2fe4d8754e12, size=4194304, type=RATIS, factor=THREE} | ret=SUCCESS |  
2019-08-30 05:17:50,963 | INFO  | OMAudit | user=jenkins1000 | ip=127.0.0.1 | op=ALLOCATE_BLOCK {volume=vol-0-00977, bucket=bucket-0-44205, key=key-0-32850, dataSize=0, replicationType=null, replicationFactor=null, keyLocationInfo=null, clientID=102704234570776978} | ret=SUCCESS |  
2019-08-30 05:17:50,971 | INFO  | DNAudit | user=null | ip=null | op=WRITE_CHUNK {blockData=conID: 3 locID: 102704235869635137 bcsId: 0} | ret=SUCCESS |  
2019-08-30 05:17:50,975 | INFO  | DNAudit | user=null | ip=null | op=WRITE_CHUNK {blockData=conID: 3 locID: 102704235869635137 bcsId: 0} | ret=SUCCESS |  
2019-08-30 05:17:50,975 | INFO  | DNAudit | user=null | ip=null | op=WRITE_CHUNK {blockData=conID: 3 locID: 102704235869635137 bcsId: 0} | ret=SUCCESS |  
2019-08-30 05:17:50,975 | INFO  | DNAudit | user=null | ip=null | op=WRITE_CHUNK {blockData=conID: 3 locID: 102704235869635137 bcsId: 0} | ret=SUCCESS |  
2019-08-30 05:17:50,977 | INFO  | DNAudit | user=null | ip=null | op=WRITE_CHUNK {blockData=conID: 3 locID: 102704235869635137 bcsId: 0} | ret=SUCCESS |  
2019-08-30 05:17:50,978 | INFO  | DNAudit | user=null | ip=null | op=WRITE_CHUNK {blockData=conID: 3 locID: 102704235869635137 bcsId: 0} | ret=SUCCESS |  
2019-08-30 05:17:50,984 | INFO  | DNAudit | user=null | ip=null | op=WRITE_CHUNK {blockData=conID: 3 locID: 102704235869635137 bcsId: 0} | ret=SUCCESS |  
2019-08-30 05:17:50,984 | INFO  | DNAudit | user=null | ip=null | op=PUT_BLOCK {blockData=[blockId=conID: 3 locID: 102704235869635137 bcsId: 0,size=1048576]} | ret=SUCCESS |  
2019-08-30 05:17:50,984 [grpc-default-executor-3] INFO  client.GrpcClientProtocolClient (GrpcClientProtocolClient.java:onNext(255)) - client-574492D41EE7->134d4672-e322-4e4b-b7f3-5645abb0fe8c: receive RaftClientReply:client-574492D41EE7->134d4672-e322-4e4b-b7f3-5645abb0fe8c@group-3CB1DFFBCDC2, cid=2337, SUCCESS, logIndex=3450, commits[134d4672-e322-4e4b-b7f3-5645abb0fe8c:c3451, 73af84f3-3e88-4c8c-894c-3ad307bcac8d:c3449, 730a25a1-dbec-44ed-975b-a44ab0096beb:c3449]
2019-08-30 05:17:50,985 | INFO  | DNAudit | user=null | ip=null | op=WRITE_CHUNK {blockData=conID: 3 locID: 102704235869635137 bcsId: 0} | ret=SUCCESS |  
2019-08-30 05:17:50,985 | INFO  | DNAudit | user=null | ip=null | op=PUT_BLOCK {blockData=[blockId=conID: 3 locID: 102704235869635137 bcsId: 0,size=2097152]} | ret=SUCCESS |  
2019-08-30 05:17:50,985 [grpc-default-executor-3] INFO  client.GrpcClientProtocolClient (GrpcClientProtocolClient.java:onNext(255)) - client-574492D41EE7->134d4672-e322-4e4b-b7f3-5645abb0fe8c: receive RaftClientReply:client-574492D41EE7->134d4672-e322-4e4b-b7f3-5645abb0fe8c@group-3CB1DFFBCDC2, cid=2338, SUCCESS, logIndex=3451, commits[134d4672-e322-4e4b-b7f3-5645abb0fe8c:c3453, 73af84f3-3e88-4c8c-894c-3ad307bcac8d:c3449, 730a25a1-dbec-44ed-975b-a44ab0096beb:c3449]
2019-08-30 05:17:50,985 [grpc-default-executor-3] INFO  client.GrpcClientProtocolClient (GrpcClientProtocolClient.java:onNext(255)) - client-574492D41EE7->134d4672-e322-4e4b-b7f3-5645abb0fe8c: receive RaftClientReply:client-574492D41EE7->134d4672-e322-4e4b-b7f3-5645abb0fe8c@group-3CB1DFFBCDC2, cid=2339, SUCCESS, logIndex=3452, commits[134d4672-e322-4e4b-b7f3-5645abb0fe8c:c3453, 73af84f3-3e88-4c8c-894c-3ad307bcac8d:c3449, 730a25a1-dbec-44ed-975b-a44ab0096beb:c3449]
2019-08-30 05:17:50,986 [grpc-default-executor-3] INFO  client.GrpcClientProtocolClient (GrpcClientProtocolClient.java:onNext(255)) - client-574492D41EE7->134d4672-e322-4e4b-b7f3-5645abb0fe8c: receive RaftClientReply:client-574492D41EE7->134d4672-e322-4e4b-b7f3-5645abb0fe8c@group-3CB1DFFBCDC2, cid=2340, SUCCESS, logIndex=3453, commits[134d4672-e322-4e4b-b7f3-5645abb0fe8c:c3453, 73af84f3-3e88-4c8c-894c-3ad307bcac8d:c3449, 730a25a1-dbec-44ed-975b-a44ab0096beb:c3449]
2019-08-30 05:17:50,995 | INFO  | DNAudit | user=null | ip=null | op=WRITE_CHUNK {blockData=conID: 3 locID: 102704235869635137 bcsId: 0} | ret=SUCCESS |  
2019-08-30 05:17:50,995 | INFO  | DNAudit | user=null | ip=null | op=WRITE_CHUNK {blockData=conID: 3 locID: 102704235869635137 bcsId: 0} | ret=SUCCESS |  
2019-08-30 05:17:50,995 | INFO  | DNAudit | user=null | ip=null | op=PUT_BLOCK {blockData=[blockId=conID: 3 locID: 102704235869635137 bcsId: 0,size=1048576]} | ret=SUCCESS |  
2019-08-30 05:17:50,995 | INFO  | DNAudit | user=null | ip=null | op=PUT_BLOCK {blockData=[blockId=conID: 3 locID: 102704235869635137 bcsId: 0,size=1048576]} | ret=SUCCESS |  
2019-08-30 05:17:50,995 | INFO  | DNAudit | user=null | ip=null | op=WRITE_CHUNK {blockData=conID: 3 locID: 102704235869635137 bcsId: 0} | ret=SUCCESS |  
2019-08-30 05:17:50,995 | INFO  | DNAudit | user=null | ip=null | op=PUT_BLOCK {blockData=[blockId=conID: 3 locID: 102704235869635137 bcsId: 0,size=2097152]} | ret=SUCCESS |  
2019-08-30 05:17:50,996 | INFO  | DNAudit | user=null | ip=null | op=WRITE_CHUNK {blockData=conID: 3 locID: 102704235869635137 bcsId: 0} | ret=SUCCESS |  
2019-08-30 05:17:50,996 [grpc-default-executor-3] INFO  client.GrpcClientProtocolClient (GrpcClientProtocolClient.java:onNext(255)) - client-574492D41EE7->134d4672-e322-4e4b-b7f3-5645abb0fe8c: receive RaftClientReply:client-574492D41EE7->134d4672-e322-4e4b-b7f3-5645abb0fe8c@group-3CB1DFFBCDC2, cid=2341, SUCCESS, logIndex=0, commits[134d4672-e322-4e4b-b7f3-5645abb0fe8c:c3454, 73af84f3-3e88-4c8c-894c-3ad307bcac8d:c3451, 730a25a1-dbec-44ed-975b-a44ab0096beb:c3451]
2019-08-30 05:17:50,996 | INFO  | DNAudit | user=null | ip=null | op=PUT_BLOCK {blockData=[blockId=conID: 3 locID: 102704235869635137 bcsId: 0,size=2097152]} | ret=SUCCESS |  
2019-08-30 05:17:51,003 | INFO  | DNAudit | user=null | ip=null | op=WRITE_CHUNK {blockData=conID: 3 locID: 102704235869635137 bcsId: 3453} | ret=SUCCESS |  
2019-08-30 05:17:51,006 | INFO  | DNAudit | user=null | ip=null | op=WRITE_CHUNK {blockData=conID: 3 locID: 102704235869635137 bcsId: 3453} | ret=SUCCESS |  
2019-08-30 05:17:51,006 | INFO  | DNAudit | user=null | ip=null | op=WRITE_CHUNK {blockData=conID: 3 locID: 102704235869635137 bcsId: 3453} | ret=SUCCESS |  
2019-08-30 05:17:51,011 | INFO  | DNAudit | user=null | ip=null | op=WRITE_CHUNK {blockData=conID: 3 locID: 102704235869635137 bcsId: 3453} | ret=SUCCESS |  
2019-08-30 05:17:51,011 | INFO  | DNAudit | user=null | ip=null | op=PUT_BLOCK {blockData=[blockId=conID: 3 locID: 102704235869635137 bcsId: 0,size=3145728]} | ret=SUCCESS |  
2019-08-30 05:17:51,011 [grpc-default-executor-1] INFO  client.GrpcClientProtocolClient (GrpcClientProtocolClient.java:onNext(255)) - client-574492D41EE7->134d4672-e322-4e4b-b7f3-5645abb0fe8c: receive RaftClientReply:client-574492D41EE7->134d4672-e322-4e4b-b7f3-5645abb0fe8c@group-3CB1DFFBCDC2, cid=2342, SUCCESS, logIndex=3457, commits[134d4672-e322-4e4b-b7f3-5645abb0fe8c:c3458, 73af84f3-3e88-4c8c-894c-3ad307bcac8d:c3456, 730a25a1-dbec-44ed-975b-a44ab0096beb:c3456]
2019-08-30 05:17:51,012 [grpc-default-executor-1] INFO  client.GrpcClientProtocolClient (GrpcClientProtocolClient.java:onNext(255)) - client-574492D41EE7->134d4672-e322-4e4b-b7f3-5645abb0fe8c: receive RaftClientReply:client-574492D41EE7->134d4672-e322-4e4b-b7f3-5645abb0fe8c@group-3CB1DFFBCDC2, cid=2343, SUCCESS, logIndex=3458, commits[134d4672-e322-4e4b-b7f3-5645abb0fe8c:c3458, 73af84f3-3e88-4c8c-894c-3ad307bcac8d:c3456, 730a25a1-dbec-44ed-975b-a44ab0096beb:c3456]
2019-08-30 05:17:51,019 | INFO  | DNAudit | user=null | ip=null | op=WRITE_CHUNK {blockData=conID: 3 locID: 102704235869635137 bcsId: 3458} | ret=SUCCESS |  
2019-08-30 05:17:51,022 | INFO  | DNAudit | user=null | ip=null | op=WRITE_CHUNK {blockData=conID: 3 locID: 102704235869635137 bcsId: 3458} | ret=SUCCESS |  
2019-08-30 05:17:51,022 | INFO  | DNAudit | user=null | ip=null | op=WRITE_CHUNK {blockData=conID: 3 locID: 102704235869635137 bcsId: 3458} | ret=SUCCESS |  
2019-08-30 05:17:51,023 | INFO  | DNAudit | user=null | ip=null | op=WRITE_CHUNK {blockData=conID: 3 locID: 102704235869635137 bcsId: 3453} | ret=SUCCESS |  
2019-08-30 05:17:51,023 | INFO  | DNAudit | user=null | ip=null | op=WRITE_CHUNK {blockData=conID: 3 locID: 102704235869635137 bcsId: 3453} | ret=SUCCESS |  
2019-08-30 05:17:51,025 | INFO  | DNAudit | user=null | ip=null | op=PUT_BLOCK {blockData=[blockId=conID: 3 locID: 102704235869635137 bcsId: 0,size=3145728]} | ret=SUCCESS |  
2019-08-30 05:17:51,026 | INFO  | DNAudit | user=null | ip=null | op=PUT_BLOCK {blockData=[blockId=conID: 3 locID: 102704235869635137 bcsId: 0,size=3145728]} | ret=SUCCESS |  
2019-08-30 05:17:51,026 | INFO  | DNAudit | user=null | ip=null | op=WRITE_CHUNK {blockData=conID: 3 locID: 102704235869635137 bcsId: 3458} | ret=SUCCESS |  
2019-08-30 05:17:51,027 | INFO  | DNAudit | user=null | ip=null | op=PUT_BLOCK {blockData=[blockId=conID: 3 locID: 102704235869635137 bcsId: 0,size=4194304]} | ret=SUCCESS |  
2019-08-30 05:17:51,027 [grpc-default-executor-3] INFO  client.GrpcClientProtocolClient (GrpcClientProtocolClient.java:onNext(255)) - client-574492D41EE7->134d4672-e322-4e4b-b7f3-5645abb0fe8c: receive RaftClientReply:client-574492D41EE7->134d4672-e322-4e4b-b7f3-5645abb0fe8c@group-3CB1DFFBCDC2, cid=2344, SUCCESS, logIndex=3461, commits[134d4672-e322-4e4b-b7f3-5645abb0fe8c:c3462, 73af84f3-3e88-4c8c-894c-3ad307bcac8d:c3458, 730a25a1-dbec-44ed-975b-a44ab0096beb:c3458]
2019-08-30 05:17:51,027 [grpc-default-executor-3] INFO  client.GrpcClientProtocolClient (GrpcClientProtocolClient.java:onNext(255)) - client-574492D41EE7->134d4672-e322-4e4b-b7f3-5645abb0fe8c: receive RaftClientReply:client-574492D41EE7->134d4672-e322-4e4b-b7f3-5645abb0fe8c@group-3CB1DFFBCDC2, cid=2345, SUCCESS, logIndex=3462, commits[134d4672-e322-4e4b-b7f3-5645abb0fe8c:c3462, 73af84f3-3e88-4c8c-894c-3ad307bcac8d:c3458, 730a25a1-dbec-44ed-975b-a44ab0096beb:c3458]
2019-08-30 05:17:51,040 | INFO  | DNAudit | user=null | ip=null | op=WRITE_CHUNK {blockData=conID: 3 locID: 102704235869635137 bcsId: 3458} | ret=SUCCESS |  
2019-08-30 05:17:51,043 | INFO  | DNAudit | user=null | ip=null | op=WRITE_CHUNK {blockData=conID: 3 locID: 102704235869635137 bcsId: 3458} | ret=SUCCESS |  
2019-08-30 05:17:51,050 | INFO  | DNAudit | user=null | ip=null | op=PUT_BLOCK {blockData=[blockId=conID: 3 locID: 102704235869635137 bcsId: 0,size=4194304]} | ret=SUCCESS |  
2019-08-30 05:17:51,050 | INFO  | DNAudit | user=null | ip=null | op=PUT_BLOCK {blockData=[blockId=conID: 3 locID: 102704235869635137 bcsId: 0,size=4194304]} | ret=SUCCESS |  
2019-08-30 05:17:51,051 [grpc-default-executor-3] INFO  client.GrpcClientProtocolClient (GrpcClientProtocolClient.java:onNext(255)) - client-574492D41EE7->134d4672-e322-4e4b-b7f3-5645abb0fe8c: receive RaftClientReply:client-574492D41EE7->134d4672-e322-4e4b-b7f3-5645abb0fe8c@group-3CB1DFFBCDC2, cid=2346, SUCCESS, logIndex=0, commits[134d4672-e322-4e4b-b7f3-5645abb0fe8c:c3464, 73af84f3-3e88-4c8c-894c-3ad307bcac8d:c3462, 730a25a1-dbec-44ed-975b-a44ab0096beb:c3462]
2019-08-30 05:17:51,058 | INFO  | SCMAudit | user=jenkins1000 | ip=192.168.36.106 | op=ALLOCATE_BLOCK {owner=85755eb5-052d-48fa-b271-2fe4d8754e12, size=4194304, type=RATIS, factor=THREE} | ret=SUCCESS |  
2019-08-30 05:17:51,062 | INFO  | OMAudit | user=jenkins1000 | ip=127.0.0.1 | op=ALLOCATE_BLOCK {volume=vol-0-00977, bucket=bucket-0-44205, key=key-0-32850, dataSize=0, replicationType=null, replicationFactor=null, keyLocationInfo=null, clientID=102704234570776978} | ret=SUCCESS |  
2019-08-30 05:17:51,069 | INFO  | DNAudit | user=null | ip=null | op=WRITE_CHUNK {blockData=conID: 1 locID: 102704235876057666 bcsId: 0} | ret=SUCCESS |  
2019-08-30 05:17:51,072 | INFO  | DNAudit | user=null | ip=null | op=WRITE_CHUNK {blockData=conID: 1 locID: 102704235876057666 bcsId: 0} | ret=SUCCESS |  
2019-08-30 05:17:51,072 | INFO  | DNAudit | user=null | ip=null | op=WRITE_CHUNK {blockData=conID: 1 locID: 102704235876057666 bcsId: 0} | ret=SUCCESS |  
2019-08-30 05:17:51,072 | INFO  | DNAudit | user=null | ip=null | op=WRITE_CHUNK {blockData=conID: 1 locID: 102704235876057666 bcsId: 0} | ret=SUCCESS |  
2019-08-30 05:17:51,074 | INFO  | DNAudit | user=null | ip=null | op=WRITE_CHUNK {blockData=conID: 1 locID: 102704235876057666 bcsId: 0} | ret=SUCCESS |  
2019-08-30 05:17:51,074 | INFO  | DNAudit | user=null | ip=null | op=WRITE_CHUNK {blockData=conID: 1 locID: 102704235876057666 bcsId: 0} | ret=SUCCESS |  
2019-08-30 05:17:51,084 | INFO  | DNAudit | user=null | ip=null | op=WRITE_CHUNK {blockData=conID: 1 locID: 102704235876057666 bcsId: 0} | ret=SUCCESS |  
2019-08-30 05:17:51,085 | INFO  | DNAudit | user=null | ip=null | op=PUT_BLOCK {blockData=[blockId=conID: 1 locID: 102704235876057666 bcsId: 0,size=1048576]} | ret=SUCCESS |  
2019-08-30 05:17:51,085 | INFO  | DNAudit | user=null | ip=null | op=WRITE_CHUNK {blockData=conID: 1 locID: 102704235876057666 bcsId: 0} | ret=SUCCESS |  
2019-08-30 05:17:51,085 [grpc-default-executor-1] INFO  client.GrpcClientProtocolClient (GrpcClientProtocolClient.java:onNext(255)) - client-574492D41EE7->134d4672-e322-4e4b-b7f3-5645abb0fe8c: receive RaftClientReply:client-574492D41EE7->134d4672-e322-4e4b-b7f3-5645abb0fe8c@group-3CB1DFFBCDC2, cid=2347, SUCCESS, logIndex=3465, commits[134d4672-e322-4e4b-b7f3-5645abb0fe8c:c3466, 73af84f3-3e88-4c8c-894c-3ad307bcac8d:c3464, 730a25a1-dbec-44ed-975b-a44ab0096beb:c3464]
2019-08-30 05:17:51,086 | INFO  | DNAudit | user=null | ip=null | op=PUT_BLOCK {blockData=[blockId=conID: 1 locID: 102704235876057666 bcsId: 0,size=2097152]} | ret=SUCCESS |  
2019-08-30 05:17:51,086 [grpc-default-executor-1] INFO  client.GrpcClientProtocolClient (GrpcClientProtocolClient.java:onNext(255)) - client-574492D41EE7->134d4672-e322-4e4b-b7f3-5645abb0fe8c: receive RaftClientReply:client-574492D41EE7->134d4672-e322-4e4b-b7f3-5645abb0fe8c@group-3CB1DFFBCDC2, cid=2348, SUCCESS, logIndex=3466, commits[134d4672-e322-4e4b-b7f3-5645abb0fe8c:c3468, 73af84f3-3e88-4c8c-894c-3ad307bcac8d:c3464, 730a25a1-dbec-44ed-975b-a44ab0096beb:c3464]
2019-08-30 05:17:51,086 [grpc-default-executor-1] INFO  client.GrpcClientProtocolClient (GrpcClientProtocolClient.java:onNext(255)) - client-574492D41EE7->134d4672-e322-4e4b-b7f3-5645abb0fe8c: receive RaftClientReply:client-574492D41EE7->134d4672-e322-4e4b-b7f3-5645abb0fe8c@group-3CB1DFFBCDC2, cid=2349, SUCCESS, logIndex=3467, commits[134d4672-e322-4e4b-b7f3-5645abb0fe8c:c3468, 73af84f3-3e88-4c8c-894c-3ad307bcac8d:c3464, 730a25a1-dbec-44ed-975b-a44ab0096beb:c3464]
2019-08-30 05:17:51,086 | INFO  | DNAudit | user=null | ip=null | op=WRITE_CHUNK {blockData=conID: 1 locID: 102704235876057666 bcsId: 0} | ret=SUCCESS |  
2019-08-30 05:17:51,086 | INFO  | DNAudit | user=null | ip=null | op=PUT_BLOCK {blockData=[blockId=conID: 1 locID: 102704235876057666 bcsId: 0,size=1048576]} | ret=SUCCESS |  
2019-08-30 05:17:51,086 [grpc-default-executor-1] INFO  client.GrpcClientProtocolClient (GrpcClientProtocolClient.java:onNext(255)) - client-574492D41EE7->134d4672-e322-4e4b-b7f3-5645abb0fe8c: receive RaftClientReply:client-574492D41EE7->134d4672-e322-4e4b-b7f3-5645abb0fe8c@group-3CB1DFFBCDC2, cid=2350, SUCCESS, logIndex=3468, commits[134d4672-e322-4e4b-b7f3-5645abb0fe8c:c3468, 73af84f3-3e88-4c8c-894c-3ad307bcac8d:c3464, 730a25a1-dbec-44ed-975b-a44ab0096beb:c3464]
2019-08-30 05:17:51,097 | INFO  | DNAudit | user=null | ip=null | op=WRITE_CHUNK {blockData=conID: 1 locID: 102704235876057666 bcsId: 0} | ret=SUCCESS |  
2019-08-30 05:17:51,097 | INFO  | DNAudit | user=null | ip=null | op=PUT_BLOCK {blockData=[blockId=conID: 1 locID: 102704235876057666 bcsId: 0,size=1048576]} | ret=SUCCESS |  
2019-08-30 05:17:51,098 [grpc-default-executor-1] INFO  client.GrpcClientProtocolClient (GrpcClientProtocolClient.java:onNext(255)) - client-574492D41EE7->134d4672-e322-4e4b-b7f3-5645abb0fe8c: receive RaftClientReply:client-574492D41EE7->134d4672-e322-4e4b-b7f3-5645abb0fe8c@group-3CB1DFFBCDC2, cid=2351, SUCCESS, logIndex=0, commits[134d4672-e322-4e4b-b7f3-5645abb0fe8c:c3469, 73af84f3-3e88-4c8c-894c-3ad307bcac8d:c3466, 730a25a1-dbec-44ed-975b-a44ab0096beb:c3466]
2019-08-30 05:17:51,099 | INFO  | DNAudit | user=null | ip=null | op=WRITE_CHUNK {blockData=conID: 1 locID: 102704235876057666 bcsId: 0} | ret=SUCCESS |  
2019-08-30 05:17:51,099 | INFO  | DNAudit | user=null | ip=null | op=PUT_BLOCK {blockData=[blockId=conID: 1 locID: 102704235876057666 bcsId: 0,size=2097152]} | ret=SUCCESS |  
2019-08-30 05:17:51,106 | INFO  | DNAudit | user=null | ip=null | op=WRITE_CHUNK {blockData=conID: 1 locID: 102704235876057666 bcsId: 3468} | ret=SUCCESS |  
2019-08-30 05:17:51,108 | INFO  | DNAudit | user=null | ip=null | op=WRITE_CHUNK {blockData=conID: 1 locID: 102704235876057666 bcsId: 3468} | ret=SUCCESS |  
2019-08-30 05:17:51,110 | INFO  | DNAudit | user=null | ip=null | op=WRITE_CHUNK {blockData=conID: 1 locID: 102704235876057666 bcsId: 0} | ret=SUCCESS |  
2019-08-30 05:17:51,110 | INFO  | DNAudit | user=null | ip=null | op=PUT_BLOCK {blockData=[blockId=conID: 1 locID: 102704235876057666 bcsId: 0,size=2097152]} | ret=SUCCESS |  
2019-08-30 05:17:51,112 | INFO  | DNAudit | user=null | ip=null | op=WRITE_CHUNK {blockData=conID: 1 locID: 102704235876057666 bcsId: 3468} | ret=SUCCESS |  
2019-08-30 05:17:51,113 | INFO  | DNAudit | user=null | ip=null | op=WRITE_CHUNK {blockData=conID: 1 locID: 102704235876057666 bcsId: 3468} | ret=SUCCESS |  
2019-08-30 05:17:51,113 | INFO  | DNAudit | user=null | ip=null | op=PUT_BLOCK {blockData=[blockId=conID: 1 locID: 102704235876057666 bcsId: 0,size=3145728]} | ret=SUCCESS |  
2019-08-30 05:17:51,113 [grpc-default-executor-6] INFO  client.GrpcClientProtocolClient (GrpcClientProtocolClient.java:onNext(255)) - client-574492D41EE7->134d4672-e322-4e4b-b7f3-5645abb0fe8c: receive RaftClientReply:client-574492D41EE7->134d4672-e322-4e4b-b7f3-5645abb0fe8c@group-3CB1DFFBCDC2, cid=2352, SUCCESS, logIndex=3473, commits[134d4672-e322-4e4b-b7f3-5645abb0fe8c:c3474, 73af84f3-3e88-4c8c-894c-3ad307bcac8d:c3468, 730a25a1-dbec-44ed-975b-a44ab0096beb:c3472]
2019-08-30 05:17:51,114 [grpc-default-executor-6] INFO  client.GrpcClientProtocolClient (GrpcClientProtocolClient.java:onNext(255)) - client-574492D41EE7->134d4672-e322-4e4b-b7f3-5645abb0fe8c: receive RaftClientReply:client-574492D41EE7->134d4672-e322-4e4b-b7f3-5645abb0fe8c@group-3CB1DFFBCDC2, cid=2353, SUCCESS, logIndex=3474, commits[134d4672-e322-4e4b-b7f3-5645abb0fe8c:c3474, 73af84f3-3e88-4c8c-894c-3ad307bcac8d:c3468, 730a25a1-dbec-44ed-975b-a44ab0096beb:c3472]
2019-08-30 05:17:51,121 | INFO  | DNAudit | user=null | ip=null | op=WRITE_CHUNK {blockData=conID: 1 locID: 102704235876057666 bcsId: 3474} | ret=SUCCESS |  
2019-08-30 05:17:51,123 | INFO  | DNAudit | user=null | ip=null | op=WRITE_CHUNK {blockData=conID: 1 locID: 102704235876057666 bcsId: 3474} | ret=SUCCESS |  
2019-08-30 05:17:51,124 | INFO  | DNAudit | user=null | ip=null | op=WRITE_CHUNK {blockData=conID: 1 locID: 102704235876057666 bcsId: 3474} | ret=SUCCESS |  
2019-08-30 05:17:51,126 | INFO  | DNAudit | user=null | ip=null | op=WRITE_CHUNK {blockData=conID: 1 locID: 102704235876057666 bcsId: 3468} | ret=SUCCESS |  
2019-08-30 05:17:51,126 | INFO  | DNAudit | user=null | ip=null | op=WRITE_CHUNK {blockData=conID: 1 locID: 102704235876057666 bcsId: 3468} | ret=SUCCESS |  
2019-08-30 05:17:51,126 | INFO  | DNAudit | user=null | ip=null | op=PUT_BLOCK {blockData=[blockId=conID: 1 locID: 102704235876057666 bcsId: 0,size=3145728]} | ret=SUCCESS |  
2019-08-30 05:17:51,137 | INFO  | DNAudit | user=null | ip=null | op=PUT_BLOCK {blockData=[blockId=conID: 1 locID: 102704235876057666 bcsId: 0,size=3145728]} | ret=SUCCESS |  
2019-08-30 05:17:51,138 | INFO  | DNAudit | user=null | ip=null | op=WRITE_CHUNK {blockData=conID: 1 locID: 102704235876057666 bcsId: 3474} | ret=SUCCESS |  
2019-08-30 05:17:51,138 | INFO  | DNAudit | user=null | ip=null | op=PUT_BLOCK {blockData=[blockId=conID: 1 locID: 102704235876057666 bcsId: 0,size=4194304]} | ret=SUCCESS |  
2019-08-30 05:17:51,138 [grpc-default-executor-5] INFO  client.GrpcClientProtocolClient (GrpcClientProtocolClient.java:onNext(255)) - client-574492D41EE7->134d4672-e322-4e4b-b7f3-5645abb0fe8c: receive RaftClientReply:client-574492D41EE7->134d4672-e322-4e4b-b7f3-5645abb0fe8c@group-3CB1DFFBCDC2, cid=2354, SUCCESS, logIndex=3477, commits[134d4672-e322-4e4b-b7f3-5645abb0fe8c:c3478, 73af84f3-3e88-4c8c-894c-3ad307bcac8d:c3474, 730a25a1-dbec-44ed-975b-a44ab0096beb:c3474]
2019-08-30 05:17:51,139 [grpc-default-executor-5] INFO  client.GrpcClientProtocolClient (GrpcClientProtocolClient.java:onNext(255)) - client-574492D41EE7->134d4672-e322-4e4b-b7f3-5645abb0fe8c: receive RaftClientReply:client-574492D41EE7->134d4672-e322-4e4b-b7f3-5645abb0fe8c@group-3CB1DFFBCDC2, cid=2355, SUCCESS, logIndex=3478, commits[134d4672-e322-4e4b-b7f3-5645abb0fe8c:c3478, 73af84f3-3e88-4c8c-894c-3ad307bcac8d:c3474, 730a25a1-dbec-44ed-975b-a44ab0096beb:c3474]
2019-08-30 05:17:51,148 | INFO  | DNAudit | user=null | ip=null | op=WRITE_CHUNK {blockData=conID: 1 locID: 102704235876057666 bcsId: 3474} | ret=SUCCESS |  
2019-08-30 05:17:51,148 | INFO  | DNAudit | user=null | ip=null | op=WRITE_CHUNK {blockData=conID: 1 locID: 102704235876057666 bcsId: 3474} | ret=SUCCESS |  
2019-08-30 05:17:51,151 | INFO  | DNAudit | user=null | ip=null | op=PUT_BLOCK {blockData=[blockId=conID: 1 locID: 102704235876057666 bcsId: 0,size=4194304]} | ret=SUCCESS |  
2019-08-30 05:17:51,151 | INFO  | DNAudit | user=null | ip=null | op=PUT_BLOCK {blockData=[blockId=conID: 1 locID: 102704235876057666 bcsId: 0,size=4194304]} | ret=SUCCESS |  
2019-08-30 05:17:51,152 [grpc-default-executor-5] INFO  client.GrpcClientProtocolClient (GrpcClientProtocolClient.java:onNext(255)) - client-574492D41EE7->134d4672-e322-4e4b-b7f3-5645abb0fe8c: receive RaftClientReply:client-574492D41EE7->134d4672-e322-4e4b-b7f3-5645abb0fe8c@group-3CB1DFFBCDC2, cid=2356, SUCCESS, logIndex=0, commits[134d4672-e322-4e4b-b7f3-5645abb0fe8c:c3480, 73af84f3-3e88-4c8c-894c-3ad307bcac8d:c3478, 730a25a1-dbec-44ed-975b-a44ab0096beb:c3478]
2019-08-30 05:17:51,156 | INFO  | SCMAudit | user=jenkins1000 | ip=192.168.36.106 | op=ALLOCATE_BLOCK {owner=85755eb5-052d-48fa-b271-2fe4d8754e12, size=4194304, type=RATIS, factor=THREE} | ret=SUCCESS |  
2019-08-30 05:17:51,159 | INFO  | OMAudit | user=jenkins1000 | ip=127.0.0.1 | op=ALLOCATE_BLOCK {volume=vol-0-00977, bucket=bucket-0-44205, key=key-0-32850, dataSize=0, replicationType=null, replicationFactor=null, keyLocationInfo=null, clientID=102704234570776978} | ret=SUCCESS |  
2019-08-30 05:17:51,166 | INFO  | DNAudit | user=null | ip=null | op=WRITE_CHUNK {blockData=conID: 2 locID: 102704235882480195 bcsId: 0} | ret=SUCCESS |  
2019-08-30 05:17:51,169 | INFO  | DNAudit | user=null | ip=null | op=WRITE_CHUNK {blockData=conID: 2 locID: 102704235882480195 bcsId: 0} | ret=SUCCESS |  
2019-08-30 05:17:51,169 | INFO  | DNAudit | user=null | ip=null | op=WRITE_CHUNK {blockData=conID: 2 locID: 102704235882480195 bcsId: 0} | ret=SUCCESS |  
2019-08-30 05:17:51,169 | INFO  | DNAudit | user=null | ip=null | op=WRITE_CHUNK {blockData=conID: 2 locID: 102704235882480195 bcsId: 0} | ret=SUCCESS |  
2019-08-30 05:17:51,171 | INFO  | DNAudit | user=null | ip=null | op=WRITE_CHUNK {blockData=conID: 2 locID: 102704235882480195 bcsId: 0} | ret=SUCCESS |  
2019-08-30 05:17:51,171 | INFO  | DNAudit | user=null | ip=null | op=WRITE_CHUNK {blockData=conID: 2 locID: 102704235882480195 bcsId: 0} | ret=SUCCESS |  
2019-08-30 05:17:51,178 | INFO  | DNAudit | user=null | ip=null | op=WRITE_CHUNK {blockData=conID: 2 locID: 102704235882480195 bcsId: 0} | ret=SUCCESS |  
2019-08-30 05:17:51,178 | INFO  | DNAudit | user=null | ip=null | op=PUT_BLOCK {blockData=[blockId=conID: 2 locID: 102704235882480195 bcsId: 0,size=1048576]} | ret=SUCCESS |  
2019-08-30 05:17:51,179 [grpc-default-executor-1] INFO  client.GrpcClientProtocolClient (GrpcClientProtocolClient.java:onNext(255)) - client-574492D41EE7->134d4672-e322-4e4b-b7f3-5645abb0fe8c: receive RaftClientReply:client-574492D41EE7->134d4672-e322-4e4b-b7f3-5645abb0fe8c@group-3CB1DFFBCDC2, cid=2357, SUCCESS, logIndex=3481, commits[134d4672-e322-4e4b-b7f3-5645abb0fe8c:c3482, 73af84f3-3e88-4c8c-894c-3ad307bcac8d:c3480, 730a25a1-dbec-44ed-975b-a44ab0096beb:c3480]
2019-08-30 05:17:51,179 [grpc-default-executor-1] INFO  client.GrpcClientProtocolClient (GrpcClientProtocolClient.java:onNext(255)) - client-574492D41EE7->134d4672-e322-4e4b-b7f3-5645abb0fe8c: receive RaftClientReply:client-574492D41EE7->134d4672-e322-4e4b-b7f3-5645abb0fe8c@group-3CB1DFFBCDC2, cid=2358, SUCCESS, logIndex=3482, commits[134d4672-e322-4e4b-b7f3-5645abb0fe8c:c3482, 73af84f3-3e88-4c8c-894c-3ad307bcac8d:c3480, 730a25a1-dbec-44ed-975b-a44ab0096beb:c3480]
2019-08-30 05:17:51,180 | INFO  | DNAudit | user=null | ip=null | op=WRITE_CHUNK {blockData=conID: 2 locID: 102704235882480195 bcsId: 0} | ret=SUCCESS |  
2019-08-30 05:17:51,180 | INFO  | DNAudit | user=null | ip=null | op=PUT_BLOCK {blockData=[blockId=conID: 2 locID: 102704235882480195 bcsId: 0,size=2097152]} | ret=SUCCESS |  
2019-08-30 05:17:51,181 [grpc-default-executor-5] INFO  client.GrpcClientProtocolClient (GrpcClientProtocolClient.java:onNext(255)) - client-574492D41EE7->134d4672-e322-4e4b-b7f3-5645abb0fe8c: receive RaftClientReply:client-574492D41EE7->134d4672-e322-4e4b-b7f3-5645abb0fe8c@group-3CB1DFFBCDC2, cid=2359, SUCCESS, logIndex=3483, commits[134d4672-e322-4e4b-b7f3-5645abb0fe8c:c3484, 73af84f3-3e88-4c8c-894c-3ad307bcac8d:c3480, 730a25a1-dbec-44ed-975b-a44ab0096beb:c3480]
2019-08-30 05:17:51,181 [grpc-default-executor-5] INFO  client.GrpcClientProtocolClient (GrpcClientProtocolClient.java:onNext(255)) - client-574492D41EE7->134d4672-e322-4e4b-b7f3-5645abb0fe8c: receive RaftClientReply:client-574492D41EE7->134d4672-e322-4e4b-b7f3-5645abb0fe8c@group-3CB1DFFBCDC2, cid=2360, SUCCESS, logIndex=3484, commits[134d4672-e322-4e4b-b7f3-5645abb0fe8c:c3484, 73af84f3-3e88-4c8c-894c-3ad307bcac8d:c3480, 730a25a1-dbec-44ed-975b-a44ab0096beb:c3480]
2019-08-30 05:17:51,190 | INFO  | DNAudit | user=null | ip=null | op=WRITE_CHUNK {blockData=conID: 2 locID: 102704235882480195 bcsId: 0} | ret=SUCCESS |  
2019-08-30 05:17:51,190 | INFO  | DNAudit | user=null | ip=null | op=WRITE_CHUNK {blockData=conID: 2 locID: 102704235882480195 bcsId: 0} | ret=SUCCESS |  
2019-08-30 05:17:51,190 | INFO  | DNAudit | user=null | ip=null | op=PUT_BLOCK {blockData=[blockId=conID: 2 locID: 102704235882480195 bcsId: 0,size=1048576]} | ret=SUCCESS |  
2019-08-30 05:17:51,190 | INFO  | DNAudit | user=null | ip=null | op=PUT_BLOCK {blockData=[blockId=conID: 2 locID: 102704235882480195 bcsId: 0,size=1048576]} | ret=SUCCESS |  
2019-08-30 05:17:51,190 [grpc-default-executor-5] INFO  client.GrpcClientProtocolClient (GrpcClientProtocolClient.java:onNext(255)) - client-574492D41EE7->134d4672-e322-4e4b-b7f3-5645abb0fe8c: receive RaftClientReply:client-574492D41EE7->134d4672-e322-4e4b-b7f3-5645abb0fe8c@group-3CB1DFFBCDC2, cid=2361, SUCCESS, logIndex=0, commits[134d4672-e322-4e4b-b7f3-5645abb0fe8c:c3486, 73af84f3-3e88-4c8c-894c-3ad307bcac8d:c3482, 730a25a1-dbec-44ed-975b-a44ab0096beb:c3482]
2019-08-30 05:17:51,191 | INFO  | DNAudit | user=null | ip=null | op=WRITE_CHUNK {blockData=conID: 2 locID: 102704235882480195 bcsId: 0} | ret=SUCCESS |  
2019-08-30 05:17:51,191 | INFO  | DNAudit | user=null | ip=null | op=WRITE_CHUNK {blockData=conID: 2 locID: 102704235882480195 bcsId: 0} | ret=SUCCESS |  
2019-08-30 05:17:51,191 | INFO  | DNAudit | user=null | ip=null | op=PUT_BLOCK {blockData=[blockId=conID: 2 locID: 102704235882480195 bcsId: 0,size=2097152]} | ret=SUCCESS |  
2019-08-30 05:17:51,191 | INFO  | DNAudit | user=null | ip=null | op=PUT_BLOCK {blockData=[blockId=conID: 2 locID: 102704235882480195 bcsId: 0,size=2097152]} | ret=SUCCESS |  
2019-08-30 05:17:51,197 | INFO  | DNAudit | user=null | ip=null | op=WRITE_CHUNK {blockData=conID: 2 locID: 102704235882480195 bcsId: 3484} | ret=SUCCESS |  
2019-08-30 05:17:51,199 | INFO  | DNAudit | user=null | ip=null | op=WRITE_CHUNK {blockData=conID: 2 locID: 102704235882480195 bcsId: 3484} | ret=SUCCESS |  
2019-08-30 05:17:51,199 | INFO  | DNAudit | user=null | ip=null | op=WRITE_CHUNK {blockData=conID: 2 locID: 102704235882480195 bcsId: 3484} | ret=SUCCESS |  
2019-08-30 05:17:51,209 | INFO  | DNAudit | user=null | ip=null | op=WRITE_CHUNK {blockData=conID: 2 locID: 102704235882480195 bcsId: 3484} | ret=SUCCESS |  
2019-08-30 05:17:51,210 | INFO  | DNAudit | user=null | ip=null | op=PUT_BLOCK {blockData=[blockId=conID: 2 locID: 102704235882480195 bcsId: 0,size=3145728]} | ret=SUCCESS |  
2019-08-30 05:17:51,210 [grpc-default-executor-3] INFO  client.GrpcClientProtocolClient (GrpcClientProtocolClient.java:onNext(255)) - client-574492D41EE7->134d4672-e322-4e4b-b7f3-5645abb0fe8c: receive RaftClientReply:client-574492D41EE7->134d4672-e322-4e4b-b7f3-5645abb0fe8c@group-3CB1DFFBCDC2, cid=2362, SUCCESS, logIndex=3489, commits[134d4672-e322-4e4b-b7f3-5645abb0fe8c:c3490, 73af84f3-3e88-4c8c-894c-3ad307bcac8d:c3488, 730a25a1-dbec-44ed-975b-a44ab0096beb:c3488]
2019-08-30 05:17:51,210 [grpc-default-executor-3] INFO  client.GrpcClientProtocolClient (GrpcClientProtocolClient.java:onNext(255)) - client-574492D41EE7->134d4672-e322-4e4b-b7f3-5645abb0fe8c: receive RaftClientReply:client-574492D41EE7->134d4672-e322-4e4b-b7f3-5645abb0fe8c@group-3CB1DFFBCDC2, cid=2363, SUCCESS, logIndex=3490, commits[134d4672-e322-4e4b-b7f3-5645abb0fe8c:c3490, 73af84f3-3e88-4c8c-894c-3ad307bcac8d:c3488, 730a25a1-dbec-44ed-975b-a44ab0096beb:c3488]
2019-08-30 05:17:51,212 | INFO  | DNAudit | user=null | ip=null | op=WRITE_CHUNK {blockData=conID: 2 locID: 102704235882480195 bcsId: 3484} | ret=SUCCESS |  
2019-08-30 05:17:51,212 | INFO  | DNAudit | user=null | ip=null | op=WRITE_CHUNK {blockData=conID: 2 locID: 102704235882480195 bcsId: 3484} | ret=SUCCESS |  
2019-08-30 05:17:51,213 | INFO  | DNAudit | user=null | ip=null | op=PUT_BLOCK {blockData=[blockId=conID: 2 locID: 102704235882480195 bcsId: 0,size=3145728]} | ret=SUCCESS |  
2019-08-30 05:17:51,213 | INFO  | DNAudit | user=null | ip=null | op=PUT_BLOCK {blockData=[blockId=conID: 2 locID: 102704235882480195 bcsId: 0,size=3145728]} | ret=SUCCESS |  
2019-08-30 05:17:51,217 | INFO  | DNAudit | user=null | ip=null | op=WRITE_CHUNK {blockData=conID: 2 locID: 102704235882480195 bcsId: 3490} | ret=SUCCESS |  
2019-08-30 05:17:51,220 | INFO  | DNAudit | user=null | ip=null | op=WRITE_CHUNK {blockData=conID: 2 locID: 102704235882480195 bcsId: 3490} | ret=SUCCESS |  
2019-08-30 05:17:51,220 | INFO  | DNAudit | user=null | ip=null | op=WRITE_CHUNK {blockData=conID: 2 locID: 102704235882480195 bcsId: 3490} | ret=SUCCESS |  
2019-08-30 05:17:51,229 | INFO  | DNAudit | user=null | ip=null | op=WRITE_CHUNK {blockData=conID: 2 locID: 102704235882480195 bcsId: 3490} | ret=SUCCESS |  
2019-08-30 05:17:51,229 | INFO  | DNAudit | user=null | ip=null | op=PUT_BLOCK {blockData=[blockId=conID: 2 locID: 102704235882480195 bcsId: 0,size=4194304]} | ret=SUCCESS |  
2019-08-30 05:17:51,229 [grpc-default-executor-1] INFO  client.GrpcClientProtocolClient (GrpcClientProtocolClient.java:onNext(255)) - client-574492D41EE7->134d4672-e322-4e4b-b7f3-5645abb0fe8c: receive RaftClientReply:client-574492D41EE7->134d4672-e322-4e4b-b7f3-5645abb0fe8c@group-3CB1DFFBCDC2, cid=2364, SUCCESS, logIndex=3493, commits[134d4672-e322-4e4b-b7f3-5645abb0fe8c:c3494, 73af84f3-3e88-4c8c-894c-3ad307bcac8d:c3492, 730a25a1-dbec-44ed-975b-a44ab0096beb:c3492]
2019-08-30 05:17:51,230 [grpc-default-executor-1] INFO  client.GrpcClientProtocolClient (GrpcClientProtocolClient.java:onNext(255)) - client-574492D41EE7->134d4672-e322-4e4b-b7f3-5645abb0fe8c: receive RaftClientReply:client-574492D41EE7->134d4672-e322-4e4b-b7f3-5645abb0fe8c@group-3CB1DFFBCDC2, cid=2365, SUCCESS, logIndex=3494, commits[134d4672-e322-4e4b-b7f3-5645abb0fe8c:c3494, 73af84f3-3e88-4c8c-894c-3ad307bcac8d:c3492, 730a25a1-dbec-44ed-975b-a44ab0096beb:c3492]
2019-08-30 05:17:51,240 | INFO  | DNAudit | user=null | ip=null | op=WRITE_CHUNK {blockData=conID: 2 locID: 102704235882480195 bcsId: 3490} | ret=SUCCESS |  
2019-08-30 05:17:51,240 | INFO  | DNAudit | user=null | ip=null | op=WRITE_CHUNK {blockData=conID: 2 locID: 102704235882480195 bcsId: 3490} | ret=SUCCESS |  
2019-08-30 05:17:51,241 | INFO  | DNAudit | user=null | ip=null | op=PUT_BLOCK {blockData=[blockId=conID: 2 locID: 102704235882480195 bcsId: 0,size=4194304]} | ret=SUCCESS |  
2019-08-30 05:17:51,241 | INFO  | DNAudit | user=null | ip=null | op=PUT_BLOCK {blockData=[blockId=conID: 2 locID: 102704235882480195 bcsId: 0,size=4194304]} | ret=SUCCESS |  
2019-08-30 05:17:51,241 [grpc-default-executor-1] INFO  client.GrpcClientProtocolClient (GrpcClientProtocolClient.java:onNext(255)) - client-574492D41EE7->134d4672-e322-4e4b-b7f3-5645abb0fe8c: receive RaftClientReply:client-574492D41EE7->134d4672-e322-4e4b-b7f3-5645abb0fe8c@group-3CB1DFFBCDC2, cid=2366, SUCCESS, logIndex=0, commits[134d4672-e322-4e4b-b7f3-5645abb0fe8c:c3496, 73af84f3-3e88-4c8c-894c-3ad307bcac8d:c3494, 730a25a1-dbec-44ed-975b-a44ab0096beb:c3494]
2019-08-30 05:17:51,247 | INFO  | SCMAudit | user=jenkins1000 | ip=192.168.36.106 | op=ALLOCATE_BLOCK {owner=85755eb5-052d-48fa-b271-2fe4d8754e12, size=4194304, type=RATIS, factor=THREE} | ret=SUCCESS |  
2019-08-30 05:17:51,251 | INFO  | OMAudit | user=jenkins1000 | ip=127.0.0.1 | op=ALLOCATE_BLOCK {volume=vol-0-00977, bucket=bucket-0-44205, key=key-0-32850, dataSize=0, replicationType=null, replicationFactor=null, keyLocationInfo=null, clientID=102704234570776978} | ret=SUCCESS |  
2019-08-30 05:17:51,258 | INFO  | DNAudit | user=null | ip=null | op=WRITE_CHUNK {blockData=conID: 3 locID: 102704235888443972 bcsId: 0} | ret=SUCCESS |  
2019-08-30 05:17:51,261 | INFO  | DNAudit | user=null | ip=null | op=WRITE_CHUNK {blockData=conID: 3 locID: 102704235888443972 bcsId: 0} | ret=SUCCESS |  
2019-08-30 05:17:51,261 | INFO  | DNAudit | user=null | ip=null | op=WRITE_CHUNK {blockData=conID: 3 locID: 102704235888443972 bcsId: 0} | ret=SUCCESS |  
2019-08-30 05:17:51,262 | INFO  | DNAudit | user=null | ip=null | op=WRITE_CHUNK {blockData=conID: 3 locID: 102704235888443972 bcsId: 0} | ret=SUCCESS |  
2019-08-30 05:17:51,264 | INFO  | DNAudit | user=null | ip=null | op=WRITE_CHUNK {blockData=conID: 3 locID: 102704235888443972 bcsId: 0} | ret=SUCCESS |  
2019-08-30 05:17:51,265 | INFO  | DNAudit | user=null | ip=null | op=WRITE_CHUNK {blockData=conID: 3 locID: 102704235888443972 bcsId: 0} | ret=SUCCESS |  
2019-08-30 05:17:51,270 | INFO  | DNAudit | user=null | ip=null | op=WRITE_CHUNK {blockData=conID: 3 locID: 102704235888443972 bcsId: 0} | ret=SUCCESS |  
2019-08-30 05:17:51,270 | INFO  | DNAudit | user=null | ip=null | op=PUT_BLOCK {blockData=[blockId=conID: 3 locID: 102704235888443972 bcsId: 0,size=1048576]} | ret=SUCCESS |  
2019-08-30 05:17:51,271 [grpc-default-executor-5] INFO  client.GrpcClientProtocolClient (GrpcClientProtocolClient.java:onNext(255)) - client-574492D41EE7->134d4672-e322-4e4b-b7f3-5645abb0fe8c: receive RaftClientReply:client-574492D41EE7->134d4672-e322-4e4b-b7f3-5645abb0fe8c@group-3CB1DFFBCDC2, cid=2367, SUCCESS, logIndex=3497, commits[134d4672-e322-4e4b-b7f3-5645abb0fe8c:c3498, 73af84f3-3e88-4c8c-894c-3ad307bcac8d:c3496, 730a25a1-dbec-44ed-975b-a44ab0096beb:c3496]
2019-08-30 05:17:51,271 | INFO  | DNAudit | user=null | ip=null | op=WRITE_CHUNK {blockData=conID: 3 locID: 102704235888443972 bcsId: 0} | ret=SUCCESS |  
2019-08-30 05:17:51,271 [grpc-default-executor-5] INFO  client.GrpcClientProtocolClient (GrpcClientProtocolClient.java:onNext(255)) - client-574492D41EE7->134d4672-e322-4e4b-b7f3-5645abb0fe8c: receive RaftClientReply:client-574492D41EE7->134d4672-e322-4e4b-b7f3-5645abb0fe8c@group-3CB1DFFBCDC2, cid=2368, SUCCESS, logIndex=3498, commits[134d4672-e322-4e4b-b7f3-5645abb0fe8c:c3498, 73af84f3-3e88-4c8c-894c-3ad307bcac8d:c3496, 730a25a1-dbec-44ed-975b-a44ab0096beb:c3496]
2019-08-30 05:17:51,271 | INFO  | DNAudit | user=null | ip=null | op=PUT_BLOCK {blockData=[blockId=conID: 3 locID: 102704235888443972 bcsId: 0,size=2097152]} | ret=SUCCESS |  
2019-08-30 05:17:51,271 [grpc-default-executor-5] INFO  client.GrpcClientProtocolClient (GrpcClientProtocolClient.java:onNext(255)) - client-574492D41EE7->134d4672-e322-4e4b-b7f3-5645abb0fe8c: receive RaftClientReply:client-574492D41EE7->134d4672-e322-4e4b-b7f3-5645abb0fe8c@group-3CB1DFFBCDC2, cid=2369, SUCCESS, logIndex=3499, commits[134d4672-e322-4e4b-b7f3-5645abb0fe8c:c3500, 73af84f3-3e88-4c8c-894c-3ad307bcac8d:c3496, 730a25a1-dbec-44ed-975b-a44ab0096beb:c3496]
2019-08-30 05:17:51,272 [grpc-default-executor-5] INFO  client.GrpcClientProtocolClient (GrpcClientProtocolClient.java:onNext(255)) - client-574492D41EE7->134d4672-e322-4e4b-b7f3-5645abb0fe8c: receive RaftClientReply:client-574492D41EE7->134d4672-e322-4e4b-b7f3-5645abb0fe8c@group-3CB1DFFBCDC2, cid=2370, SUCCESS, logIndex=3500, commits[134d4672-e322-4e4b-b7f3-5645abb0fe8c:c3500, 73af84f3-3e88-4c8c-894c-3ad307bcac8d:c3496, 730a25a1-dbec-44ed-975b-a44ab0096beb:c3496]
2019-08-30 05:17:51,284 | INFO  | DNAudit | user=null | ip=null | op=WRITE_CHUNK {blockData=conID: 3 locID: 102704235888443972 bcsId: 0} | ret=SUCCESS |  
2019-08-30 05:17:51,285 | INFO  | DNAudit | user=null | ip=null | op=PUT_BLOCK {blockData=[blockId=conID: 3 locID: 102704235888443972 bcsId: 0,size=1048576]} | ret=SUCCESS |  
2019-08-30 05:17:51,287 | INFO  | DNAudit | user=null | ip=null | op=WRITE_CHUNK {blockData=conID: 3 locID: 102704235888443972 bcsId: 0} | ret=SUCCESS |  
2019-08-30 05:17:51,287 | INFO  | DNAudit | user=null | ip=null | op=PUT_BLOCK {blockData=[blockId=conID: 3 locID: 102704235888443972 bcsId: 0,size=1048576]} | ret=SUCCESS |  
2019-08-30 05:17:51,287 | INFO  | DNAudit | user=null | ip=null | op=WRITE_CHUNK {blockData=conID: 3 locID: 102704235888443972 bcsId: 0} | ret=SUCCESS |  
2019-08-30 05:17:51,287 | INFO  | DNAudit | user=null | ip=null | op=PUT_BLOCK {blockData=[blockId=conID: 3 locID: 102704235888443972 bcsId: 0,size=2097152]} | ret=SUCCESS |  
2019-08-30 05:17:51,287 [grpc-default-executor-5] INFO  client.GrpcClientProtocolClient (GrpcClientProtocolClient.java:onNext(255)) - client-574492D41EE7->134d4672-e322-4e4b-b7f3-5645abb0fe8c: receive RaftClientReply:client-574492D41EE7->134d4672-e322-4e4b-b7f3-5645abb0fe8c@group-3CB1DFFBCDC2, cid=2371, SUCCESS, logIndex=0, commits[134d4672-e322-4e4b-b7f3-5645abb0fe8c:c3502, 73af84f3-3e88-4c8c-894c-3ad307bcac8d:c3498, 730a25a1-dbec-44ed-975b-a44ab0096beb:c3498]
2019-08-30 05:17:51,294 | INFO  | DNAudit | user=null | ip=null | op=WRITE_CHUNK {blockData=conID: 3 locID: 102704235888443972 bcsId: 3500} | ret=SUCCESS |  
2019-08-30 05:17:51,296 | INFO  | DNAudit | user=null | ip=null | op=WRITE_CHUNK {blockData=conID: 3 locID: 102704235888443972 bcsId: 3500} | ret=SUCCESS |  
2019-08-30 05:17:51,297 | INFO  | DNAudit | user=null | ip=null | op=WRITE_CHUNK {blockData=conID: 3 locID: 102704235888443972 bcsId: 3500} | ret=SUCCESS |  
2019-08-30 05:17:51,297 | INFO  | DNAudit | user=null | ip=null | op=WRITE_CHUNK {blockData=conID: 3 locID: 102704235888443972 bcsId: 0} | ret=SUCCESS |  
2019-08-30 05:17:51,297 | INFO  | DNAudit | user=null | ip=null | op=PUT_BLOCK {blockData=[blockId=conID: 3 locID: 102704235888443972 bcsId: 0,size=2097152]} | ret=SUCCESS |  
2019-08-30 05:17:51,298 | INFO  | DNAudit | user=null | ip=null | op=WRITE_CHUNK {blockData=conID: 3 locID: 102704235888443972 bcsId: 3500} | ret=SUCCESS |  
2019-08-30 05:17:51,298 | INFO  | DNAudit | user=null | ip=null | op=PUT_BLOCK {blockData=[blockId=conID: 3 locID: 102704235888443972 bcsId: 0,size=3145728]} | ret=SUCCESS |  
2019-08-30 05:17:51,299 [grpc-default-executor-3] INFO  client.GrpcClientProtocolClient (GrpcClientProtocolClient.java:onNext(255)) - client-574492D41EE7->134d4672-e322-4e4b-b7f3-5645abb0fe8c: receive RaftClientReply:client-574492D41EE7->134d4672-e322-4e4b-b7f3-5645abb0fe8c@group-3CB1DFFBCDC2, cid=2372, SUCCESS, logIndex=3505, commits[134d4672-e322-4e4b-b7f3-5645abb0fe8c:c3506, 73af84f3-3e88-4c8c-894c-3ad307bcac8d:c3504, 730a25a1-dbec-44ed-975b-a44ab0096beb:c3500]
2019-08-30 05:17:51,299 [grpc-default-executor-3] INFO  client.GrpcClientProtocolClient (GrpcClientProtocolClient.java:onNext(255)) - client-574492D41EE7->134d4672-e322-4e4b-b7f3-5645abb0fe8c: receive RaftClientReply:client-574492D41EE7->134d4672-e322-4e4b-b7f3-5645abb0fe8c@group-3CB1DFFBCDC2, cid=2373, SUCCESS, logIndex=3506, commits[134d4672-e322-4e4b-b7f3-5645abb0fe8c:c3506, 73af84f3-3e88-4c8c-894c-3ad307bcac8d:c3504, 730a25a1-dbec-44ed-975b-a44ab0096beb:c3504]
2019-08-30 05:17:51,301 | INFO  | DNAudit | user=null | ip=null | op=WRITE_CHUNK {blockData=conID: 3 locID: 102704235888443972 bcsId: 3500} | ret=SUCCESS |  
2019-08-30 05:17:51,301 | INFO  | DNAudit | user=null | ip=null | op=WRITE_CHUNK {blockData=conID: 3 locID: 102704235888443972 bcsId: 3500} | ret=SUCCESS |  
2019-08-30 05:17:51,301 | INFO  | DNAudit | user=null | ip=null | op=PUT_BLOCK {blockData=[blockId=conID: 3 locID: 102704235888443972 bcsId: 0,size=3145728]} | ret=SUCCESS |  
2019-08-30 05:17:51,302 | INFO  | DNAudit | user=null | ip=null | op=PUT_BLOCK {blockData=[blockId=conID: 3 locID: 102704235888443972 bcsId: 0,size=3145728]} | ret=SUCCESS |  
2019-08-30 05:17:51,309 | INFO  | DNAudit | user=null | ip=null | op=WRITE_CHUNK {blockData=conID: 3 locID: 102704235888443972 bcsId: 3506} | ret=SUCCESS |  
2019-08-30 05:17:51,311 | INFO  | DNAudit | user=null | ip=null | op=WRITE_CHUNK {blockData=conID: 3 locID: 102704235888443972 bcsId: 3506} | ret=SUCCESS |  
2019-08-30 05:17:51,312 | INFO  | DNAudit | user=null | ip=null | op=WRITE_CHUNK {blockData=conID: 3 locID: 102704235888443972 bcsId: 3506} | ret=SUCCESS |  
2019-08-30 05:17:51,313 | INFO  | SCMAudit | user=jenkins1000 | ip=192.168.36.106 | op=SEND_HEARTBEAT {datanodeUUID=134d4672-e322-4e4b-b7f3-5645abb0fe8c, command=[]} | ret=SUCCESS |  
2019-08-30 05:17:51,314 | INFO  | SCMAudit | user=jenkins1000 | ip=192.168.36.106 | op=SEND_HEARTBEAT {datanodeUUID=ea5d4b6b-4a08-401a-8c59-ecc1ca37daf5, command=[]} | ret=SUCCESS |  
2019-08-30 05:17:51,315 | INFO  | SCMAudit | user=jenkins1000 | ip=192.168.36.106 | op=SEND_HEARTBEAT {datanodeUUID=730a25a1-dbec-44ed-975b-a44ab0096beb, command=[]} | ret=SUCCESS |  
 0.00% |█                                                                                                    |  0/1 Time: 0:00:202019-08-30 05:17:51,316 | INFO  | SCMAudit | user=jenkins1000 | ip=192.168.36.106 | op=SEND_HEARTBEAT {datanodeUUID=73af84f3-3e88-4c8c-894c-3ad307bcac8d, command=[]} | ret=SUCCESS |  
2019-08-30 05:17:51,326 | INFO  | DNAudit | user=null | ip=null | op=WRITE_CHUNK {blockData=conID: 3 locID: 102704235888443972 bcsId: 3506} | ret=SUCCESS |  
2019-08-30 05:17:51,326 | INFO  | DNAudit | user=null | ip=null | op=PUT_BLOCK {blockData=[blockId=conID: 3 locID: 102704235888443972 bcsId: 0,size=4194304]} | ret=SUCCESS |  
2019-08-30 05:17:51,327 [grpc-default-executor-3] INFO  client.GrpcClientProtocolClient (GrpcClientProtocolClient.java:onNext(255)) - client-574492D41EE7->134d4672-e322-4e4b-b7f3-5645abb0fe8c: receive RaftClientReply:client-574492D41EE7->134d4672-e322-4e4b-b7f3-5645abb0fe8c@group-3CB1DFFBCDC2, cid=2374, SUCCESS, logIndex=3509, commits[134d4672-e322-4e4b-b7f3-5645abb0fe8c:c3510, 73af84f3-3e88-4c8c-894c-3ad307bcac8d:c3507, 730a25a1-dbec-44ed-975b-a44ab0096beb:c3507]
2019-08-30 05:17:51,327 [grpc-default-executor-3] INFO  client.GrpcClientProtocolClient (GrpcClientProtocolClient.java:onNext(255)) - client-574492D41EE7->134d4672-e322-4e4b-b7f3-5645abb0fe8c: receive RaftClientReply:client-574492D41EE7->134d4672-e322-4e4b-b7f3-5645abb0fe8c@group-3CB1DFFBCDC2, cid=2375, SUCCESS, logIndex=3510, commits[134d4672-e322-4e4b-b7f3-5645abb0fe8c:c3510, 73af84f3-3e88-4c8c-894c-3ad307bcac8d:c3507, 730a25a1-dbec-44ed-975b-a44ab0096beb:c3507]
2019-08-30 05:17:51,337 | INFO  | DNAudit | user=null | ip=null | op=WRITE_CHUNK {blockData=conID: 3 locID: 102704235888443972 bcsId: 3506} | ret=SUCCESS |  
2019-08-30 05:17:51,337 | INFO  | DNAudit | user=null | ip=null | op=WRITE_CHUNK {blockData=conID: 3 locID: 102704235888443972 bcsId: 3506} | ret=SUCCESS |  
2019-08-30 05:17:51,338 | INFO  | DNAudit | user=null | ip=null | op=PUT_BLOCK {blockData=[blockId=conID: 3 locID: 102704235888443972 bcsId: 0,size=4194304]} | ret=SUCCESS |  
2019-08-30 05:17:51,338 | INFO  | DNAudit | user=null | ip=null | op=PUT_BLOCK {blockData=[blockId=conID: 3 locID: 102704235888443972 bcsId: 0,size=4194304]} | ret=SUCCESS |  
2019-08-30 05:17:51,338 [grpc-default-executor-3] INFO  client.GrpcClientProtocolClient (GrpcClientProtocolClient.java:onNext(255)) - client-574492D41EE7->134d4672-e322-4e4b-b7f3-5645abb0fe8c: receive RaftClientReply:client-574492D41EE7->134d4672-e322-4e4b-b7f3-5645abb0fe8c@group-3CB1DFFBCDC2, cid=2376, SUCCESS, logIndex=0, commits[134d4672-e322-4e4b-b7f3-5645abb0fe8c:c3511, 73af84f3-3e88-4c8c-894c-3ad307bcac8d:c3510, 730a25a1-dbec-44ed-975b-a44ab0096beb:c3510]
2019-08-30 05:17:51,344 | INFO  | SCMAudit | user=jenkins1000 | ip=192.168.36.106 | op=ALLOCATE_BLOCK {owner=85755eb5-052d-48fa-b271-2fe4d8754e12, size=4194304, type=RATIS, factor=THREE} | ret=SUCCESS |  
2019-08-30 05:17:51,347 | INFO  | OMAudit | user=jenkins1000 | ip=127.0.0.1 | op=ALLOCATE_BLOCK {volume=vol-0-00977, bucket=bucket-0-44205, key=key-0-32850, dataSize=0, replicationType=null, replicationFactor=null, keyLocationInfo=null, clientID=102704234570776978} | ret=SUCCESS |  
2019-08-30 05:17:51,354 | INFO  | DNAudit | user=null | ip=null | op=WRITE_CHUNK {blockData=conID: 1 locID: 102704235894800965 bcsId: 0} | ret=SUCCESS |  
2019-08-30 05:17:51,357 | INFO  | DNAudit | user=null | ip=null | op=WRITE_CHUNK {blockData=conID: 1 locID: 102704235894800965 bcsId: 0} | ret=SUCCESS |  
2019-08-30 05:17:51,357 | INFO  | DNAudit | user=null | ip=null | op=WRITE_CHUNK {blockData=conID: 1 locID: 102704235894800965 bcsId: 0} | ret=SUCCESS |  
2019-08-30 05:17:51,357 | INFO  | DNAudit | user=null | ip=null | op=WRITE_CHUNK {blockData=conID: 1 locID: 102704235894800965 bcsId: 0} | ret=SUCCESS |  
2019-08-30 05:17:51,360 | INFO  | DNAudit | user=null | ip=null | op=WRITE_CHUNK {blockData=conID: 1 locID: 102704235894800965 bcsId: 0} | ret=SUCCESS |  
2019-08-30 05:17:51,360 | INFO  | DNAudit | user=null | ip=null | op=WRITE_CHUNK {blockData=conID: 1 locID: 102704235894800965 bcsId: 0} | ret=SUCCESS |  
2019-08-30 05:17:51,365 | INFO  | DNAudit | user=null | ip=null | op=WRITE_CHUNK {blockData=conID: 1 locID: 102704235894800965 bcsId: 0} | ret=SUCCESS |  
2019-08-30 05:17:51,366 | INFO  | DNAudit | user=null | ip=null | op=PUT_BLOCK {blockData=[blockId=conID: 1 locID: 102704235894800965 bcsId: 0,size=1048576]} | ret=SUCCESS |  
2019-08-30 05:17:51,367 [grpc-default-executor-3] INFO  client.GrpcClientProtocolClient (GrpcClientProtocolClient.java:onNext(255)) - client-574492D41EE7->134d4672-e322-4e4b-b7f3-5645abb0fe8c: receive RaftClientReply:client-574492D41EE7->134d4672-e322-4e4b-b7f3-5645abb0fe8c@group-3CB1DFFBCDC2, cid=2377, SUCCESS, logIndex=3513, commits[134d4672-e322-4e4b-b7f3-5645abb0fe8c:c3514, 73af84f3-3e88-4c8c-894c-3ad307bcac8d:c3512, 730a25a1-dbec-44ed-975b-a44ab0096beb:c3512]
2019-08-30 05:17:51,368 | INFO  | DNAudit | user=null | ip=null | op=WRITE_CHUNK {blockData=conID: 1 locID: 102704235894800965 bcsId: 0} | ret=SUCCESS |  
2019-08-30 05:17:51,368 | INFO  | DNAudit | user=null | ip=null | op=PUT_BLOCK {blockData=[blockId=conID: 1 locID: 102704235894800965 bcsId: 0,size=2097152]} | ret=SUCCESS |  
2019-08-30 05:17:51,368 [grpc-default-executor-3] INFO  client.GrpcClientProtocolClient (GrpcClientProtocolClient.java:onNext(255)) - client-574492D41EE7->134d4672-e322-4e4b-b7f3-5645abb0fe8c: receive RaftClientReply:client-574492D41EE7->134d4672-e322-4e4b-b7f3-5645abb0fe8c@group-3CB1DFFBCDC2, cid=2378, SUCCESS, logIndex=3514, commits[134d4672-e322-4e4b-b7f3-5645abb0fe8c:c3514, 73af84f3-3e88-4c8c-894c-3ad307bcac8d:c3512, 730a25a1-dbec-44ed-975b-a44ab0096beb:c3512]
2019-08-30 05:17:51,368 [grpc-default-executor-3] INFO  client.GrpcClientProtocolClient (GrpcClientProtocolClient.java:onNext(255)) - client-574492D41EE7->134d4672-e322-4e4b-b7f3-5645abb0fe8c: receive RaftClientReply:client-574492D41EE7->134d4672-e322-4e4b-b7f3-5645abb0fe8c@group-3CB1DFFBCDC2, cid=2379, SUCCESS, logIndex=3515, commits[134d4672-e322-4e4b-b7f3-5645abb0fe8c:c3516, 73af84f3-3e88-4c8c-894c-3ad307bcac8d:c3512, 730a25a1-dbec-44ed-975b-a44ab0096beb:c3512]
2019-08-30 05:17:51,369 [grpc-default-executor-3] INFO  client.GrpcClientProtocolClient (GrpcClientProtocolClient.java:onNext(255)) - client-574492D41EE7->134d4672-e322-4e4b-b7f3-5645abb0fe8c: receive RaftClientReply:client-574492D41EE7->134d4672-e322-4e4b-b7f3-5645abb0fe8c@group-3CB1DFFBCDC2, cid=2380, SUCCESS, logIndex=3516, commits[134d4672-e322-4e4b-b7f3-5645abb0fe8c:c3516, 73af84f3-3e88-4c8c-894c-3ad307bcac8d:c3512, 730a25a1-dbec-44ed-975b-a44ab0096beb:c3512]
2019-08-30 05:17:51,379 | INFO  | DNAudit | user=null | ip=null | op=WRITE_CHUNK {blockData=conID: 1 locID: 102704235894800965 bcsId: 0} | ret=SUCCESS |  
2019-08-30 05:17:51,379 | INFO  | DNAudit | user=null | ip=null | op=WRITE_CHUNK {blockData=conID: 1 locID: 102704235894800965 bcsId: 0} | ret=SUCCESS |  
2019-08-30 05:17:51,379 | INFO  | DNAudit | user=null | ip=null | op=PUT_BLOCK {blockData=[blockId=conID: 1 locID: 102704235894800965 bcsId: 0,size=1048576]} | ret=SUCCESS |  
2019-08-30 05:17:51,379 | INFO  | DNAudit | user=null | ip=null | op=PUT_BLOCK {blockData=[blockId=conID: 1 locID: 102704235894800965 bcsId: 0,size=1048576]} | ret=SUCCESS |  
2019-08-30 05:17:51,381 | INFO  | DNAudit | user=null | ip=null | op=WRITE_CHUNK {blockData=conID: 1 locID: 102704235894800965 bcsId: 0} | ret=SUCCESS |  
2019-08-30 05:17:51,381 | INFO  | DNAudit | user=null | ip=null | op=WRITE_CHUNK {blockData=conID: 1 locID: 102704235894800965 bcsId: 0} | ret=SUCCESS |  
2019-08-30 05:17:51,381 [grpc-default-executor-3] INFO  client.GrpcClientProtocolClient (GrpcClientProtocolClient.java:onNext(255)) - client-574492D41EE7->134d4672-e322-4e4b-b7f3-5645abb0fe8c: receive RaftClientReply:client-574492D41EE7->134d4672-e322-4e4b-b7f3-5645abb0fe8c@group-3CB1DFFBCDC2, cid=2381, SUCCESS, logIndex=0, commits[134d4672-e322-4e4b-b7f3-5645abb0fe8c:c3518, 73af84f3-3e88-4c8c-894c-3ad307bcac8d:c3514, 730a25a1-dbec-44ed-975b-a44ab0096beb:c3514]
2019-08-30 05:17:51,381 | INFO  | DNAudit | user=null | ip=null | op=PUT_BLOCK {blockData=[blockId=conID: 1 locID: 102704235894800965 bcsId: 0,size=2097152]} | ret=SUCCESS |  
2019-08-30 05:17:51,381 | INFO  | DNAudit | user=null | ip=null | op=PUT_BLOCK {blockData=[blockId=conID: 1 locID: 102704235894800965 bcsId: 0,size=2097152]} | ret=SUCCESS |  
2019-08-30 05:17:51,387 | INFO  | DNAudit | user=null | ip=null | op=WRITE_CHUNK {blockData=conID: 1 locID: 102704235894800965 bcsId: 3516} | ret=SUCCESS |  
2019-08-30 05:17:51,390 | INFO  | DNAudit | user=null | ip=null | op=WRITE_CHUNK {blockData=conID: 1 locID: 102704235894800965 bcsId: 3516} | ret=SUCCESS |  
2019-08-30 05:17:51,390 | INFO  | DNAudit | user=null | ip=null | op=WRITE_CHUNK {blockData=conID: 1 locID: 102704235894800965 bcsId: 3516} | ret=SUCCESS |  
2019-08-30 05:17:51,400 | INFO  | DNAudit | user=null | ip=null | op=WRITE_CHUNK {blockData=conID: 1 locID: 102704235894800965 bcsId: 3516} | ret=SUCCESS |  
2019-08-30 05:17:51,401 | INFO  | DNAudit | user=null | ip=null | op=PUT_BLOCK {blockData=[blockId=conID: 1 locID: 102704235894800965 bcsId: 0,size=3145728]} | ret=SUCCESS |  
2019-08-30 05:17:51,401 [grpc-default-executor-1] INFO  client.GrpcClientProtocolClient (GrpcClientProtocolClient.java:onNext(255)) - client-574492D41EE7->134d4672-e322-4e4b-b7f3-5645abb0fe8c: receive RaftClientReply:client-574492D41EE7->134d4672-e322-4e4b-b7f3-5645abb0fe8c@group-3CB1DFFBCDC2, cid=2382, SUCCESS, logIndex=3521, commits[134d4672-e322-4e4b-b7f3-5645abb0fe8c:c3522, 73af84f3-3e88-4c8c-894c-3ad307bcac8d:c3520, 730a25a1-dbec-44ed-975b-a44ab0096beb:c3516]
2019-08-30 05:17:51,401 [grpc-default-executor-1] INFO  client.GrpcClientProtocolClient (GrpcClientProtocolClient.java:onNext(255)) - client-574492D41EE7->134d4672-e322-4e4b-b7f3-5645abb0fe8c: receive RaftClientReply:client-574492D41EE7->134d4672-e322-4e4b-b7f3-5645abb0fe8c@group-3CB1DFFBCDC2, cid=2383, SUCCESS, logIndex=3522, commits[134d4672-e322-4e4b-b7f3-5645abb0fe8c:c3522, 73af84f3-3e88-4c8c-894c-3ad307bcac8d:c3520, 730a25a1-dbec-44ed-975b-a44ab0096beb:c3520]
2019-08-30 05:17:51,408 | INFO  | DNAudit | user=null | ip=null | op=WRITE_CHUNK {blockData=conID: 1 locID: 102704235894800965 bcsId: 3522} | ret=SUCCESS |  
2019-08-30 05:17:51,410 | INFO  | DNAudit | user=null | ip=null | op=WRITE_CHUNK {blockData=conID: 1 locID: 102704235894800965 bcsId: 3522} | ret=SUCCESS |  
2019-08-30 05:17:51,411 | INFO  | DNAudit | user=null | ip=null | op=WRITE_CHUNK {blockData=conID: 1 locID: 102704235894800965 bcsId: 3516} | ret=SUCCESS |  
2019-08-30 05:17:51,411 | INFO  | DNAudit | user=null | ip=null | op=PUT_BLOCK {blockData=[blockId=conID: 1 locID: 102704235894800965 bcsId: 0,size=3145728]} | ret=SUCCESS |  
2019-08-30 05:17:51,411 | INFO  | DNAudit | user=null | ip=null | op=WRITE_CHUNK {blockData=conID: 1 locID: 102704235894800965 bcsId: 3516} | ret=SUCCESS |  
2019-08-30 05:17:51,411 | INFO  | DNAudit | user=null | ip=null | op=PUT_BLOCK {blockData=[blockId=conID: 1 locID: 102704235894800965 bcsId: 0,size=3145728]} | ret=SUCCESS |  
2019-08-30 05:17:51,414 | INFO  | DNAudit | user=null | ip=null | op=WRITE_CHUNK {blockData=conID: 1 locID: 102704235894800965 bcsId: 3522} | ret=SUCCESS |  
2019-08-30 05:17:51,415 | INFO  | DNAudit | user=null | ip=null | op=WRITE_CHUNK {blockData=conID: 1 locID: 102704235894800965 bcsId: 3522} | ret=SUCCESS |  
2019-08-30 05:17:51,415 | INFO  | DNAudit | user=null | ip=null | op=PUT_BLOCK {blockData=[blockId=conID: 1 locID: 102704235894800965 bcsId: 0,size=4194304]} | ret=SUCCESS |  
2019-08-30 05:17:51,415 [grpc-default-executor-5] INFO  client.GrpcClientProtocolClient (GrpcClientProtocolClient.java:onNext(255)) - client-574492D41EE7->134d4672-e322-4e4b-b7f3-5645abb0fe8c: receive RaftClientReply:client-574492D41EE7->134d4672-e322-4e4b-b7f3-5645abb0fe8c@group-3CB1DFFBCDC2, cid=2384, SUCCESS, logIndex=3525, commits[134d4672-e322-4e4b-b7f3-5645abb0fe8c:c3526, 73af84f3-3e88-4c8c-894c-3ad307bcac8d:c3522, 730a25a1-dbec-44ed-975b-a44ab0096beb:c3522]
2019-08-30 05:17:51,415 [grpc-default-executor-5] INFO  client.GrpcClientProtocolClient (GrpcClientProtocolClient.java:onNext(255)) - client-574492D41EE7->134d4672-e322-4e4b-b7f3-5645abb0fe8c: receive RaftClientReply:client-574492D41EE7->134d4672-e322-4e4b-b7f3-5645abb0fe8c@group-3CB1DFFBCDC2, cid=2385, SUCCESS, logIndex=3526, commits[134d4672-e322-4e4b-b7f3-5645abb0fe8c:c3526, 73af84f3-3e88-4c8c-894c-3ad307bcac8d:c3522, 730a25a1-dbec-44ed-975b-a44ab0096beb:c3522]
2019-08-30 05:17:51,425 | INFO  | DNAudit | user=null | ip=null | op=WRITE_CHUNK {blockData=conID: 1 locID: 102704235894800965 bcsId: 3522} | ret=SUCCESS |  
2019-08-30 05:17:51,425 | INFO  | DNAudit | user=null | ip=null | op=PUT_BLOCK {blockData=[blockId=conID: 1 locID: 102704235894800965 bcsId: 0,size=4194304]} | ret=SUCCESS |  
2019-08-30 05:17:51,425 | INFO  | DNAudit | user=null | ip=null | op=WRITE_CHUNK {blockData=conID: 1 locID: 102704235894800965 bcsId: 3522} | ret=SUCCESS |  
2019-08-30 05:17:51,426 | INFO  | DNAudit | user=null | ip=null | op=PUT_BLOCK {blockData=[blockId=conID: 1 locID: 102704235894800965 bcsId: 0,size=4194304]} | ret=SUCCESS |  
2019-08-30 05:17:51,426 [grpc-default-executor-5] INFO  client.GrpcClientProtocolClient (GrpcClientProtocolClient.java:onNext(255)) - client-574492D41EE7->134d4672-e322-4e4b-b7f3-5645abb0fe8c: receive RaftClientReply:client-574492D41EE7->134d4672-e322-4e4b-b7f3-5645abb0fe8c@group-3CB1DFFBCDC2, cid=2386, SUCCESS, logIndex=0, commits[134d4672-e322-4e4b-b7f3-5645abb0fe8c:c3527, 73af84f3-3e88-4c8c-894c-3ad307bcac8d:c3526, 730a25a1-dbec-44ed-975b-a44ab0096beb:c3526]
2019-08-30 05:17:51,431 | INFO  | SCMAudit | user=jenkins1000 | ip=192.168.36.106 | op=ALLOCATE_BLOCK {owner=85755eb5-052d-48fa-b271-2fe4d8754e12, size=4194304, type=RATIS, factor=THREE} | ret=SUCCESS |  
2019-08-30 05:17:51,434 | INFO  | OMAudit | user=jenkins1000 | ip=127.0.0.1 | op=ALLOCATE_BLOCK {volume=vol-0-00977, bucket=bucket-0-44205, key=key-0-32850, dataSize=0, replicationType=null, replicationFactor=null, keyLocationInfo=null, clientID=102704234570776978} | ret=SUCCESS |  
2019-08-30 05:17:51,441 | INFO  | DNAudit | user=null | ip=null | op=WRITE_CHUNK {blockData=conID: 2 locID: 102704235900502598 bcsId: 0} | ret=SUCCESS |  
2019-08-30 05:17:51,443 | INFO  | DNAudit | user=null | ip=null | op=WRITE_CHUNK {blockData=conID: 2 locID: 102704235900502598 bcsId: 0} | ret=SUCCESS |  
2019-08-30 05:17:51,444 | INFO  | DNAudit | user=null | ip=null | op=WRITE_CHUNK {blockData=conID: 2 locID: 102704235900502598 bcsId: 0} | ret=SUCCESS |  
2019-08-30 05:17:51,444 | INFO  | DNAudit | user=null | ip=null | op=WRITE_CHUNK {blockData=conID: 2 locID: 102704235900502598 bcsId: 0} | ret=SUCCESS |  
2019-08-30 05:17:51,446 | INFO  | DNAudit | user=null | ip=null | op=WRITE_CHUNK {blockData=conID: 2 locID: 102704235900502598 bcsId: 0} | ret=SUCCESS |  
2019-08-30 05:17:51,446 | INFO  | DNAudit | user=null | ip=null | op=WRITE_CHUNK {blockData=conID: 2 locID: 102704235900502598 bcsId: 0} | ret=SUCCESS |  
2019-08-30 05:17:51,452 | INFO  | DNAudit | user=null | ip=null | op=WRITE_CHUNK {blockData=conID: 2 locID: 102704235900502598 bcsId: 0} | ret=SUCCESS |  
2019-08-30 05:17:51,453 | INFO  | DNAudit | user=null | ip=null | op=PUT_BLOCK {blockData=[blockId=conID: 2 locID: 102704235900502598 bcsId: 0,size=1048576]} | ret=SUCCESS |  
2019-08-30 05:17:51,453 [grpc-default-executor-6] INFO  client.GrpcClientProtocolClient (GrpcClientProtocolClient.java:onNext(255)) - client-574492D41EE7->134d4672-e322-4e4b-b7f3-5645abb0fe8c: receive RaftClientReply:client-574492D41EE7->134d4672-e322-4e4b-b7f3-5645abb0fe8c@group-3CB1DFFBCDC2, cid=2387, SUCCESS, logIndex=3529, commits[134d4672-e322-4e4b-b7f3-5645abb0fe8c:c3529, 73af84f3-3e88-4c8c-894c-3ad307bcac8d:c3526, 730a25a1-dbec-44ed-975b-a44ab0096beb:c3528]
2019-08-30 05:17:51,453 | INFO  | DNAudit | user=null | ip=null | op=WRITE_CHUNK {blockData=conID: 2 locID: 102704235900502598 bcsId: 0} | ret=SUCCESS |  
2019-08-30 05:17:51,454 | INFO  | DNAudit | user=null | ip=null | op=PUT_BLOCK {blockData=[blockId=conID: 2 locID: 102704235900502598 bcsId: 0,size=2097152]} | ret=SUCCESS |  
2019-08-30 05:17:51,454 [grpc-default-executor-6] INFO  client.GrpcClientProtocolClient (GrpcClientProtocolClient.java:onNext(255)) - client-574492D41EE7->134d4672-e322-4e4b-b7f3-5645abb0fe8c: receive RaftClientReply:client-574492D41EE7->134d4672-e322-4e4b-b7f3-5645abb0fe8c@group-3CB1DFFBCDC2, cid=2388, SUCCESS, logIndex=3530, commits[134d4672-e322-4e4b-b7f3-5645abb0fe8c:c3532, 73af84f3-3e88-4c8c-894c-3ad307bcac8d:c3528, 730a25a1-dbec-44ed-975b-a44ab0096beb:c3528]
2019-08-30 05:17:51,454 [grpc-default-executor-6] INFO  client.GrpcClientProtocolClient (GrpcClientProtocolClient.java:onNext(255)) - client-574492D41EE7->134d4672-e322-4e4b-b7f3-5645abb0fe8c: receive RaftClientReply:client-574492D41EE7->134d4672-e322-4e4b-b7f3-5645abb0fe8c@group-3CB1DFFBCDC2, cid=2389, SUCCESS, logIndex=3531, commits[134d4672-e322-4e4b-b7f3-5645abb0fe8c:c3532, 73af84f3-3e88-4c8c-894c-3ad307bcac8d:c3528, 730a25a1-dbec-44ed-975b-a44ab0096beb:c3528]
2019-08-30 05:17:51,454 [grpc-default-executor-6] INFO  client.GrpcClientProtocolClient (GrpcClientProtocolClient.java:onNext(255)) - client-574492D41EE7->134d4672-e322-4e4b-b7f3-5645abb0fe8c: receive RaftClientReply:client-574492D41EE7->134d4672-e322-4e4b-b7f3-5645abb0fe8c@group-3CB1DFFBCDC2, cid=2390, SUCCESS, logIndex=3532, commits[134d4672-e322-4e4b-b7f3-5645abb0fe8c:c3532, 73af84f3-3e88-4c8c-894c-3ad307bcac8d:c3528, 730a25a1-dbec-44ed-975b-a44ab0096beb:c3528]
2019-08-30 05:17:51,455 | INFO  | DNAudit | user=null | ip=null | op=WRITE_CHUNK {blockData=conID: 2 locID: 102704235900502598 bcsId: 0} | ret=SUCCESS |  
2019-08-30 05:17:51,456 | INFO  | DNAudit | user=null | ip=null | op=WRITE_CHUNK {blockData=conID: 2 locID: 102704235900502598 bcsId: 0} | ret=SUCCESS |  
2019-08-30 05:17:51,456 | INFO  | DNAudit | user=null | ip=null | op=PUT_BLOCK {blockData=[blockId=conID: 2 locID: 102704235900502598 bcsId: 0,size=1048576]} | ret=SUCCESS |  
2019-08-30 05:17:51,457 | INFO  | DNAudit | user=null | ip=null | op=WRITE_CHUNK {blockData=conID: 2 locID: 102704235900502598 bcsId: 0} | ret=SUCCESS |  
2019-08-30 05:17:51,457 | INFO  | DNAudit | user=null | ip=null | op=PUT_BLOCK {blockData=[blockId=conID: 2 locID: 102704235900502598 bcsId: 0,size=2097152]} | ret=SUCCESS |  
2019-08-30 05:17:51,458 | INFO  | DNAudit | user=null | ip=null | op=PUT_BLOCK {blockData=[blockId=conID: 2 locID: 102704235900502598 bcsId: 0,size=1048576]} | ret=SUCCESS |  
2019-08-30 05:17:51,459 | INFO  | DNAudit | user=null | ip=null | op=WRITE_CHUNK {blockData=conID: 2 locID: 102704235900502598 bcsId: 0} | ret=SUCCESS |  
2019-08-30 05:17:51,459 | INFO  | DNAudit | user=null | ip=null | op=PUT_BLOCK {blockData=[blockId=conID: 2 locID: 102704235900502598 bcsId: 0,size=2097152]} | ret=SUCCESS |  
2019-08-30 05:17:51,459 [grpc-default-executor-6] INFO  client.GrpcClientProtocolClient (GrpcClientProtocolClient.java:onNext(255)) - client-574492D41EE7->134d4672-e322-4e4b-b7f3-5645abb0fe8c: receive RaftClientReply:client-574492D41EE7->134d4672-e322-4e4b-b7f3-5645abb0fe8c@group-3CB1DFFBCDC2, cid=2391, SUCCESS, logIndex=0, commits[134d4672-e322-4e4b-b7f3-5645abb0fe8c:c3536, 73af84f3-3e88-4c8c-894c-3ad307bcac8d:c3530, 730a25a1-dbec-44ed-975b-a44ab0096beb:c3532]
2019-08-30 05:17:51,465 | INFO  | DNAudit | user=null | ip=null | op=WRITE_CHUNK {blockData=conID: 2 locID: 102704235900502598 bcsId: 3532} | ret=SUCCESS |  
2019-08-30 05:17:51,468 | INFO  | DNAudit | user=null | ip=null | op=WRITE_CHUNK {blockData=conID: 2 locID: 102704235900502598 bcsId: 3532} | ret=SUCCESS |  
2019-08-30 05:17:51,468 | INFO  | DNAudit | user=null | ip=null | op=WRITE_CHUNK {blockData=conID: 2 locID: 102704235900502598 bcsId: 3532} | ret=SUCCESS |  
2019-08-30 05:17:51,476 | INFO  | DNAudit | user=null | ip=null | op=WRITE_CHUNK {blockData=conID: 2 locID: 102704235900502598 bcsId: 3532} | ret=SUCCESS |  
2019-08-30 05:17:51,477 | INFO  | DNAudit | user=null | ip=null | op=PUT_BLOCK {blockData=[blockId=conID: 2 locID: 102704235900502598 bcsId: 0,size=3145728]} | ret=SUCCESS |  
2019-08-30 05:17:51,477 [grpc-default-executor-5] INFO  client.GrpcClientProtocolClient (GrpcClientProtocolClient.java:onNext(255)) - client-574492D41EE7->134d4672-e322-4e4b-b7f3-5645abb0fe8c: receive RaftClientReply:client-574492D41EE7->134d4672-e322-4e4b-b7f3-5645abb0fe8c@group-3CB1DFFBCDC2, cid=2392, SUCCESS, logIndex=3537, commits[134d4672-e322-4e4b-b7f3-5645abb0fe8c:c3538, 73af84f3-3e88-4c8c-894c-3ad307bcac8d:c3532, 730a25a1-dbec-44ed-975b-a44ab0096beb:c3536]
2019-08-30 05:17:51,477 [grpc-default-executor-5] INFO  client.GrpcClientProtocolClient (GrpcClientProtocolClient.java:onNext(255)) - client-574492D41EE7->134d4672-e322-4e4b-b7f3-5645abb0fe8c: receive RaftClientReply:client-574492D41EE7->134d4672-e322-4e4b-b7f3-5645abb0fe8c@group-3CB1DFFBCDC2, cid=2393, SUCCESS, logIndex=3538, commits[134d4672-e322-4e4b-b7f3-5645abb0fe8c:c3538, 73af84f3-3e88-4c8c-894c-3ad307bcac8d:c3536, 730a25a1-dbec-44ed-975b-a44ab0096beb:c3536]
2019-08-30 05:17:51,484 | INFO  | DNAudit | user=null | ip=null | op=WRITE_CHUNK {blockData=conID: 2 locID: 102704235900502598 bcsId: 3538} | ret=SUCCESS |  
2019-08-30 05:17:51,486 | INFO  | DNAudit | user=null | ip=null | op=WRITE_CHUNK {blockData=conID: 2 locID: 102704235900502598 bcsId: 3532} | ret=SUCCESS |  
2019-08-30 05:17:51,487 | INFO  | DNAudit | user=null | ip=null | op=PUT_BLOCK {blockData=[blockId=conID: 2 locID: 102704235900502598 bcsId: 0,size=3145728]} | ret=SUCCESS |  
2019-08-30 05:17:51,487 | INFO  | DNAudit | user=null | ip=null | op=WRITE_CHUNK {blockData=conID: 2 locID: 102704235900502598 bcsId: 3532} | ret=SUCCESS |  
2019-08-30 05:17:51,487 | INFO  | DNAudit | user=null | ip=null | op=WRITE_CHUNK {blockData=conID: 2 locID: 102704235900502598 bcsId: 3538} | ret=SUCCESS |  
2019-08-30 05:17:51,487 | INFO  | DNAudit | user=null | ip=null | op=PUT_BLOCK {blockData=[blockId=conID: 2 locID: 102704235900502598 bcsId: 0,size=3145728]} | ret=SUCCESS |  
2019-08-30 05:17:51,487 | INFO  | DNAudit | user=null | ip=null | op=WRITE_CHUNK {blockData=conID: 2 locID: 102704235900502598 bcsId: 3538} | ret=SUCCESS |  
2019-08-30 05:17:51,498 | INFO  | DNAudit | user=null | ip=null | op=WRITE_CHUNK {blockData=conID: 2 locID: 102704235900502598 bcsId: 3538} | ret=SUCCESS |  
2019-08-30 05:17:51,498 | INFO  | DNAudit | user=null | ip=null | op=PUT_BLOCK {blockData=[blockId=conID: 2 locID: 102704235900502598 bcsId: 0,size=4194304]} | ret=SUCCESS |  
2019-08-30 05:17:51,498 [grpc-default-executor-5] INFO  client.GrpcClientProtocolClient (GrpcClientProtocolClient.java:onNext(255)) - client-574492D41EE7->134d4672-e322-4e4b-b7f3-5645abb0fe8c: receive RaftClientReply:client-574492D41EE7->134d4672-e322-4e4b-b7f3-5645abb0fe8c@group-3CB1DFFBCDC2, cid=2394, SUCCESS, logIndex=3541, commits[134d4672-e322-4e4b-b7f3-5645abb0fe8c:c3542, 73af84f3-3e88-4c8c-894c-3ad307bcac8d:c3538, 730a25a1-dbec-44ed-975b-a44ab0096beb:c3538]
2019-08-30 05:17:51,498 [grpc-default-executor-5] INFO  client.GrpcClientProtocolClient (GrpcClientProtocolClient.java:onNext(255)) - client-574492D41EE7->134d4672-e322-4e4b-b7f3-5645abb0fe8c: receive RaftClientReply:client-574492D41EE7->134d4672-e322-4e4b-b7f3-5645abb0fe8c@group-3CB1DFFBCDC2, cid=2395, SUCCESS, logIndex=3542, commits[134d4672-e322-4e4b-b7f3-5645abb0fe8c:c3542, 73af84f3-3e88-4c8c-894c-3ad307bcac8d:c3538, 730a25a1-dbec-44ed-975b-a44ab0096beb:c3538]
2019-08-30 05:17:51,509 | INFO  | DNAudit | user=null | ip=null | op=WRITE_CHUNK {blockData=conID: 2 locID: 102704235900502598 bcsId: 3538} | ret=SUCCESS |  
2019-08-30 05:17:51,509 | INFO  | DNAudit | user=null | ip=null | op=WRITE_CHUNK {blockData=conID: 2 locID: 102704235900502598 bcsId: 3538} | ret=SUCCESS |  
2019-08-30 05:17:51,520 | INFO  | DNAudit | user=null | ip=null | op=PUT_BLOCK {blockData=[blockId=conID: 2 locID: 102704235900502598 bcsId: 0,size=4194304]} | ret=SUCCESS |  
2019-08-30 05:17:51,520 | INFO  | DNAudit | user=null | ip=null | op=PUT_BLOCK {blockData=[blockId=conID: 2 locID: 102704235900502598 bcsId: 0,size=4194304]} | ret=SUCCESS |  
2019-08-30 05:17:51,521 [grpc-default-executor-5] INFO  client.GrpcClientProtocolClient (GrpcClientProtocolClient.java:onNext(255)) - client-574492D41EE7->134d4672-e322-4e4b-b7f3-5645abb0fe8c: receive RaftClientReply:client-574492D41EE7->134d4672-e322-4e4b-b7f3-5645abb0fe8c@group-3CB1DFFBCDC2, cid=2396, SUCCESS, logIndex=0, commits[134d4672-e322-4e4b-b7f3-5645abb0fe8c:c3544, 73af84f3-3e88-4c8c-894c-3ad307bcac8d:c3542, 730a25a1-dbec-44ed-975b-a44ab0096beb:c3542]
2019-08-30 05:17:51,527 | INFO  | SCMAudit | user=jenkins1000 | ip=192.168.36.106 | op=ALLOCATE_BLOCK {owner=85755eb5-052d-48fa-b271-2fe4d8754e12, size=4194304, type=RATIS, factor=THREE} | ret=SUCCESS |  
2019-08-30 05:17:51,531 | INFO  | OMAudit | user=jenkins1000 | ip=127.0.0.1 | op=ALLOCATE_BLOCK {volume=vol-0-00977, bucket=bucket-0-44205, key=key-0-32850, dataSize=0, replicationType=null, replicationFactor=null, keyLocationInfo=null, clientID=102704234570776978} | ret=SUCCESS |  
2019-08-30 05:17:51,538 | INFO  | DNAudit | user=null | ip=null | op=WRITE_CHUNK {blockData=conID: 3 locID: 102704235906794055 bcsId: 0} | ret=SUCCESS |  
2019-08-30 05:17:51,542 | INFO  | DNAudit | user=null | ip=null | op=WRITE_CHUNK {blockData=conID: 3 locID: 102704235906794055 bcsId: 0} | ret=SUCCESS |  
2019-08-30 05:17:51,542 | INFO  | DNAudit | user=null | ip=null | op=WRITE_CHUNK {blockData=conID: 3 locID: 102704235906794055 bcsId: 0} | ret=SUCCESS |  
2019-08-30 05:17:51,542 | INFO  | DNAudit | user=null | ip=null | op=WRITE_CHUNK {blockData=conID: 3 locID: 102704235906794055 bcsId: 0} | ret=SUCCESS |  
2019-08-30 05:17:51,543 | INFO  | DNAudit | user=null | ip=null | op=WRITE_CHUNK {blockData=conID: 3 locID: 102704235906794055 bcsId: 0} | ret=SUCCESS |  
2019-08-30 05:17:51,544 | INFO  | DNAudit | user=null | ip=null | op=WRITE_CHUNK {blockData=conID: 3 locID: 102704235906794055 bcsId: 0} | ret=SUCCESS |  
2019-08-30 05:17:51,547 | INFO  | DNAudit | user=null | ip=null | op=WRITE_CHUNK {blockData=conID: 3 locID: 102704235906794055 bcsId: 0} | ret=SUCCESS |  
2019-08-30 05:17:51,548 | INFO  | DNAudit | user=null | ip=null | op=PUT_BLOCK {blockData=[blockId=conID: 3 locID: 102704235906794055 bcsId: 0,size=1048576]} | ret=SUCCESS |  
2019-08-30 05:17:51,548 | INFO  | DNAudit | user=null | ip=null | op=WRITE_CHUNK {blockData=conID: 3 locID: 102704235906794055 bcsId: 0} | ret=SUCCESS |  
2019-08-30 05:17:51,548 [grpc-default-executor-5] INFO  client.GrpcClientProtocolClient (GrpcClientProtocolClient.java:onNext(255)) - client-574492D41EE7->134d4672-e322-4e4b-b7f3-5645abb0fe8c: receive RaftClientReply:client-574492D41EE7->134d4672-e322-4e4b-b7f3-5645abb0fe8c@group-3CB1DFFBCDC2, cid=2397, SUCCESS, logIndex=3545, commits[134d4672-e322-4e4b-b7f3-5645abb0fe8c:c3546, 73af84f3-3e88-4c8c-894c-3ad307bcac8d:c3544, 730a25a1-dbec-44ed-975b-a44ab0096beb:c3544]
2019-08-30 05:17:51,548 | INFO  | DNAudit | user=null | ip=null | op=PUT_BLOCK {blockData=[blockId=conID: 3 locID: 102704235906794055 bcsId: 0,size=2097152]} | ret=SUCCESS |  
2019-08-30 05:17:51,549 [grpc-default-executor-5] INFO  client.GrpcClientProtocolClient (GrpcClientProtocolClient.java:onNext(255)) - client-574492D41EE7->134d4672-e322-4e4b-b7f3-5645abb0fe8c: receive RaftClientReply:client-574492D41EE7->134d4672-e322-4e4b-b7f3-5645abb0fe8c@group-3CB1DFFBCDC2, cid=2398, SUCCESS, logIndex=3546, commits[134d4672-e322-4e4b-b7f3-5645abb0fe8c:c3548, 73af84f3-3e88-4c8c-894c-3ad307bcac8d:c3544, 730a25a1-dbec-44ed-975b-a44ab0096beb:c3544]
2019-08-30 05:17:51,549 [grpc-default-executor-5] INFO  client.GrpcClientProtocolClient (GrpcClientProtocolClient.java:onNext(255)) - client-574492D41EE7->134d4672-e322-4e4b-b7f3-5645abb0fe8c: receive RaftClientReply:client-574492D41EE7->134d4672-e322-4e4b-b7f3-5645abb0fe8c@group-3CB1DFFBCDC2, cid=2399, SUCCESS, logIndex=3547, commits[134d4672-e322-4e4b-b7f3-5645abb0fe8c:c3548, 73af84f3-3e88-4c8c-894c-3ad307bcac8d:c3544, 730a25a1-dbec-44ed-975b-a44ab0096beb:c3544]
2019-08-30 05:17:51,549 [grpc-default-executor-5] INFO  client.GrpcClientProtocolClient (GrpcClientProtocolClient.java:onNext(255)) - client-574492D41EE7->134d4672-e322-4e4b-b7f3-5645abb0fe8c: receive RaftClientReply:client-574492D41EE7->134d4672-e322-4e4b-b7f3-5645abb0fe8c@group-3CB1DFFBCDC2, cid=2400, SUCCESS, logIndex=3548, commits[134d4672-e322-4e4b-b7f3-5645abb0fe8c:c3548, 73af84f3-3e88-4c8c-894c-3ad307bcac8d:c3544, 730a25a1-dbec-44ed-975b-a44ab0096beb:c3544]
2019-08-30 05:17:51,559 | INFO  | DNAudit | user=null | ip=null | op=WRITE_CHUNK {blockData=conID: 3 locID: 102704235906794055 bcsId: 0} | ret=SUCCESS |  
2019-08-30 05:17:51,561 | INFO  | DNAudit | user=null | ip=null | op=WRITE_CHUNK {blockData=conID: 3 locID: 102704235906794055 bcsId: 0} | ret=SUCCESS |  
2019-08-30 05:17:51,572 | INFO  | DNAudit | user=null | ip=null | op=PUT_BLOCK {blockData=[blockId=conID: 3 locID: 102704235906794055 bcsId: 0,size=1048576]} | ret=SUCCESS |  
2019-08-30 05:17:51,572 | INFO  | DNAudit | user=null | ip=null | op=WRITE_CHUNK {blockData=conID: 3 locID: 102704235906794055 bcsId: 0} | ret=SUCCESS |  
2019-08-30 05:17:51,573 | INFO  | DNAudit | user=null | ip=null | op=PUT_BLOCK {blockData=[blockId=conID: 3 locID: 102704235906794055 bcsId: 0,size=1048576]} | ret=SUCCESS |  
2019-08-30 05:17:51,573 | INFO  | DNAudit | user=null | ip=null | op=PUT_BLOCK {blockData=[blockId=conID: 3 locID: 102704235906794055 bcsId: 0,size=2097152]} | ret=SUCCESS |  
2019-08-30 05:17:51,573 | INFO  | DNAudit | user=null | ip=null | op=WRITE_CHUNK {blockData=conID: 3 locID: 102704235906794055 bcsId: 0} | ret=SUCCESS |  
2019-08-30 05:17:51,573 | INFO  | DNAudit | user=null | ip=null | op=PUT_BLOCK {blockData=[blockId=conID: 3 locID: 102704235906794055 bcsId: 0,size=2097152]} | ret=SUCCESS |  
2019-08-30 05:17:51,574 [grpc-default-executor-5] INFO  client.GrpcClientProtocolClient (GrpcClientProtocolClient.java:onNext(255)) - client-574492D41EE7->134d4672-e322-4e4b-b7f3-5645abb0fe8c: receive RaftClientReply:client-574492D41EE7->134d4672-e322-4e4b-b7f3-5645abb0fe8c@group-3CB1DFFBCDC2, cid=2401, SUCCESS, logIndex=0, commits[134d4672-e322-4e4b-b7f3-5645abb0fe8c:c3551, 73af84f3-3e88-4c8c-894c-3ad307bcac8d:c3546, 730a25a1-dbec-44ed-975b-a44ab0096beb:c3548]
2019-08-30 05:17:51,578 | INFO  | SCMAudit | user=jenkins1000 | ip=192.168.36.106 | op=SEND_HEARTBEAT {datanodeUUID=b91a4442-fd83-4a66-bee2-5c7959dbabc3, command=[]} | ret=SUCCESS |  
2019-08-30 05:17:51,583 | INFO  | DNAudit | user=null | ip=null | op=WRITE_CHUNK {blockData=conID: 3 locID: 102704235906794055 bcsId: 3548} | ret=SUCCESS |  
2019-08-30 05:17:51,586 | INFO  | DNAudit | user=null | ip=null | op=WRITE_CHUNK {blockData=conID: 3 locID: 102704235906794055 bcsId: 3548} | ret=SUCCESS |  
2019-08-30 05:17:51,586 | INFO  | DNAudit | user=null | ip=null | op=WRITE_CHUNK {blockData=conID: 3 locID: 102704235906794055 bcsId: 3548} | ret=SUCCESS |  
2019-08-30 05:17:51,595 | INFO  | DNAudit | user=null | ip=null | op=WRITE_CHUNK {blockData=conID: 3 locID: 102704235906794055 bcsId: 3548} | ret=SUCCESS |  
2019-08-30 05:17:51,596 | INFO  | DNAudit | user=null | ip=null | op=PUT_BLOCK {blockData=[blockId=conID: 3 locID: 102704235906794055 bcsId: 0,size=3145728]} | ret=SUCCESS |  
2019-08-30 05:17:51,596 [grpc-default-executor-1] INFO  client.GrpcClientProtocolClient (GrpcClientProtocolClient.java:onNext(255)) - client-574492D41EE7->134d4672-e322-4e4b-b7f3-5645abb0fe8c: receive RaftClientReply:client-574492D41EE7->134d4672-e322-4e4b-b7f3-5645abb0fe8c@group-3CB1DFFBCDC2, cid=2402, SUCCESS, logIndex=3552, commits[134d4672-e322-4e4b-b7f3-5645abb0fe8c:c3553, 73af84f3-3e88-4c8c-894c-3ad307bcac8d:c3551, 730a25a1-dbec-44ed-975b-a44ab0096beb:c3551]
2019-08-30 05:17:51,597 [grpc-default-executor-1] INFO  client.GrpcClientProtocolClient (GrpcClientProtocolClient.java:onNext(255)) - client-574492D41EE7->134d4672-e322-4e4b-b7f3-5645abb0fe8c: receive RaftClientReply:client-574492D41EE7->134d4672-e322-4e4b-b7f3-5645abb0fe8c@group-3CB1DFFBCDC2, cid=2403, SUCCESS, logIndex=3553, commits[134d4672-e322-4e4b-b7f3-5645abb0fe8c:c3553, 73af84f3-3e88-4c8c-894c-3ad307bcac8d:c3551, 730a25a1-dbec-44ed-975b-a44ab0096beb:c3551]
2019-08-30 05:17:51,605 | INFO  | DNAudit | user=null | ip=null | op=WRITE_CHUNK {blockData=conID: 3 locID: 102704235906794055 bcsId: 3553} | ret=SUCCESS |  
2019-08-30 05:17:51,607 | INFO  | DNAudit | user=null | ip=null | op=WRITE_CHUNK {blockData=conID: 3 locID: 102704235906794055 bcsId: 3548} | ret=SUCCESS |  
2019-08-30 05:17:51,607 | INFO  | DNAudit | user=null | ip=null | op=WRITE_CHUNK {blockData=conID: 3 locID: 102704235906794055 bcsId: 3548} | ret=SUCCESS |  
2019-08-30 05:17:51,608 | INFO  | DNAudit | user=null | ip=null | op=WRITE_CHUNK {blockData=conID: 3 locID: 102704235906794055 bcsId: 3553} | ret=SUCCESS |  
2019-08-30 05:17:51,608 | INFO  | DNAudit | user=null | ip=null | op=WRITE_CHUNK {blockData=conID: 3 locID: 102704235906794055 bcsId: 3553} | ret=SUCCESS |  
2019-08-30 05:17:51,609 | INFO  | DNAudit | user=null | ip=null | op=PUT_BLOCK {blockData=[blockId=conID: 3 locID: 102704235906794055 bcsId: 0,size=3145728]} | ret=SUCCESS |  
2019-08-30 05:17:51,609 | INFO  | DNAudit | user=null | ip=null | op=WRITE_CHUNK {blockData=conID: 3 locID: 102704235906794055 bcsId: 3553} | ret=SUCCESS |  
2019-08-30 05:17:51,610 | INFO  | DNAudit | user=null | ip=null | op=PUT_BLOCK {blockData=[blockId=conID: 3 locID: 102704235906794055 bcsId: 0,size=3145728]} | ret=SUCCESS |  
2019-08-30 05:17:51,610 | INFO  | DNAudit | user=null | ip=null | op=PUT_BLOCK {blockData=[blockId=conID: 3 locID: 102704235906794055 bcsId: 0,size=4194304]} | ret=SUCCESS |  
2019-08-30 05:17:51,610 [grpc-default-executor-6] INFO  client.GrpcClientProtocolClient (GrpcClientProtocolClient.java:onNext(255)) - client-574492D41EE7->134d4672-e322-4e4b-b7f3-5645abb0fe8c: receive RaftClientReply:client-574492D41EE7->134d4672-e322-4e4b-b7f3-5645abb0fe8c@group-3CB1DFFBCDC2, cid=2404, SUCCESS, logIndex=3556, commits[134d4672-e322-4e4b-b7f3-5645abb0fe8c:c3556, 73af84f3-3e88-4c8c-894c-3ad307bcac8d:c3553, 730a25a1-dbec-44ed-975b-a44ab0096beb:c3552]
2019-08-30 05:17:51,611 [grpc-default-executor-1] INFO  client.GrpcClientProtocolClient (GrpcClientProtocolClient.java:onNext(255)) - client-574492D41EE7->134d4672-e322-4e4b-b7f3-5645abb0fe8c: receive RaftClientReply:client-574492D41EE7->134d4672-e322-4e4b-b7f3-5645abb0fe8c@group-3CB1DFFBCDC2, cid=2405, SUCCESS, logIndex=3557, commits[134d4672-e322-4e4b-b7f3-5645abb0fe8c:c3557, 73af84f3-3e88-4c8c-894c-3ad307bcac8d:c3553, 730a25a1-dbec-44ed-975b-a44ab0096beb:c3552]
2019-08-30 05:17:51,612 [grpc-default-executor-1] INFO  client.GrpcClientProtocolClient (GrpcClientProtocolClient.java:onNext(255)) - client-574492D41EE7->134d4672-e322-4e4b-b7f3-5645abb0fe8c: receive RaftClientReply:client-574492D41EE7->134d4672-e322-4e4b-b7f3-5645abb0fe8c@group-3CB1DFFBCDC2, cid=2406, SUCCESS, logIndex=0, commits[134d4672-e322-4e4b-b7f3-5645abb0fe8c:c3557, 73af84f3-3e88-4c8c-894c-3ad307bcac8d:c3553, 730a25a1-dbec-44ed-975b-a44ab0096beb:c3553]
2019-08-30 05:17:51,613 | INFO  | DNAudit | user=null | ip=null | op=WRITE_CHUNK {blockData=conID: 3 locID: 102704235906794055 bcsId: 3553} | ret=SUCCESS |  
2019-08-30 05:17:51,613 | INFO  | DNAudit | user=null | ip=null | op=WRITE_CHUNK {blockData=conID: 3 locID: 102704235906794055 bcsId: 3553} | ret=SUCCESS |  
2019-08-30 05:17:51,626 | INFO  | DNAudit | user=null | ip=null | op=PUT_BLOCK {blockData=[blockId=conID: 3 locID: 102704235906794055 bcsId: 0,size=4194304]} | ret=SUCCESS |  
2019-08-30 05:17:51,626 | INFO  | DNAudit | user=null | ip=null | op=PUT_BLOCK {blockData=[blockId=conID: 3 locID: 102704235906794055 bcsId: 0,size=4194304]} | ret=SUCCESS |  
2019-08-30 05:17:51,627 [grpc-default-executor-1] INFO  client.GrpcClientProtocolClient (GrpcClientProtocolClient.java:onNext(255)) - client-574492D41EE7->134d4672-e322-4e4b-b7f3-5645abb0fe8c: receive RaftClientReply:client-574492D41EE7->134d4672-e322-4e4b-b7f3-5645abb0fe8c@group-3CB1DFFBCDC2, cid=2407, SUCCESS, logIndex=0, commits[134d4672-e322-4e4b-b7f3-5645abb0fe8c:c3559, 73af84f3-3e88-4c8c-894c-3ad307bcac8d:c3557, 730a25a1-dbec-44ed-975b-a44ab0096beb:c3557]
2019-08-30 05:17:51,635 | INFO  | SCMAudit | user=jenkins1000 | ip=192.168.36.106 | op=ALLOCATE_BLOCK {owner=85755eb5-052d-48fa-b271-2fe4d8754e12, size=4194304, type=RATIS, factor=THREE} | ret=SUCCESS |  
2019-08-30 05:17:51,638 | INFO  | OMAudit | user=jenkins1000 | ip=127.0.0.1 | op=ALLOCATE_BLOCK {volume=vol-0-00977, bucket=bucket-0-44205, key=key-0-32850, dataSize=0, replicationType=null, replicationFactor=null, keyLocationInfo=null, clientID=102704234570776978} | ret=SUCCESS |  
2019-08-30 05:17:51,647 | INFO  | DNAudit | user=null | ip=null | op=WRITE_CHUNK {blockData=conID: 1 locID: 102704235913871944 bcsId: 0} | ret=SUCCESS |  
2019-08-30 05:17:51,651 | INFO  | DNAudit | user=null | ip=null | op=WRITE_CHUNK {blockData=conID: 1 locID: 102704235913871944 bcsId: 0} | ret=SUCCESS |  
2019-08-30 05:17:51,652 | INFO  | DNAudit | user=null | ip=null | op=WRITE_CHUNK {blockData=conID: 1 locID: 102704235913871944 bcsId: 0} | ret=SUCCESS |  
2019-08-30 05:17:51,654 | INFO  | DNAudit | user=null | ip=null | op=WRITE_CHUNK {blockData=conID: 1 locID: 102704235913871944 bcsId: 0} | ret=SUCCESS |  
2019-08-30 05:17:51,657 | INFO  | DNAudit | user=null | ip=null | op=WRITE_CHUNK {blockData=conID: 1 locID: 102704235913871944 bcsId: 0} | ret=SUCCESS |  
2019-08-30 05:17:51,657 | INFO  | DNAudit | user=null | ip=null | op=WRITE_CHUNK {blockData=conID: 1 locID: 102704235913871944 bcsId: 0} | ret=SUCCESS |  
2019-08-30 05:17:51,662 | INFO  | DNAudit | user=null | ip=null | op=WRITE_CHUNK {blockData=conID: 1 locID: 102704235913871944 bcsId: 0} | ret=SUCCESS |  
2019-08-30 05:17:51,662 | INFO  | DNAudit | user=null | ip=null | op=PUT_BLOCK {blockData=[blockId=conID: 1 locID: 102704235913871944 bcsId: 0,size=1048576]} | ret=SUCCESS |  
2019-08-30 05:17:51,662 [grpc-default-executor-1] INFO  client.GrpcClientProtocolClient (GrpcClientProtocolClient.java:onNext(255)) - client-574492D41EE7->134d4672-e322-4e4b-b7f3-5645abb0fe8c: receive RaftClientReply:client-574492D41EE7->134d4672-e322-4e4b-b7f3-5645abb0fe8c@group-3CB1DFFBCDC2, cid=2408, SUCCESS, logIndex=3560, commits[134d4672-e322-4e4b-b7f3-5645abb0fe8c:c3561, 73af84f3-3e88-4c8c-894c-3ad307bcac8d:c3559, 730a25a1-dbec-44ed-975b-a44ab0096beb:c3559]
2019-08-30 05:17:51,663 [grpc-default-executor-1] INFO  client.GrpcClientProtocolClient (GrpcClientProtocolClient.java:onNext(255)) - client-574492D41EE7->134d4672-e322-4e4b-b7f3-5645abb0fe8c: receive RaftClientReply:client-574492D41EE7->134d4672-e322-4e4b-b7f3-5645abb0fe8c@group-3CB1DFFBCDC2, cid=2409, SUCCESS, logIndex=3561, commits[134d4672-e322-4e4b-b7f3-5645abb0fe8c:c3561, 73af84f3-3e88-4c8c-894c-3ad307bcac8d:c3559, 730a25a1-dbec-44ed-975b-a44ab0096beb:c3559]
2019-08-30 05:17:51,665 | INFO  | DNAudit | user=null | ip=null | op=WRITE_CHUNK {blockData=conID: 1 locID: 102704235913871944 bcsId: 0} | ret=SUCCESS |  
2019-08-30 05:17:51,665 | INFO  | DNAudit | user=null | ip=null | op=PUT_BLOCK {blockData=[blockId=conID: 1 locID: 102704235913871944 bcsId: 0,size=2097152]} | ret=SUCCESS |  
2019-08-30 05:17:51,666 | INFO  | DNAudit | user=null | ip=null | op=WRITE_CHUNK {blockData=conID: 1 locID: 102704235913871944 bcsId: 0} | ret=SUCCESS |  
2019-08-30 05:17:51,666 [grpc-default-executor-1] INFO  client.GrpcClientProtocolClient (GrpcClientProtocolClient.java:onNext(255)) - client-574492D41EE7->134d4672-e322-4e4b-b7f3-5645abb0fe8c: receive RaftClientReply:client-574492D41EE7->134d4672-e322-4e4b-b7f3-5645abb0fe8c@group-3CB1DFFBCDC2, cid=2410, SUCCESS, logIndex=3562, commits[134d4672-e322-4e4b-b7f3-5645abb0fe8c:c3563, 73af84f3-3e88-4c8c-894c-3ad307bcac8d:c3559, 730a25a1-dbec-44ed-975b-a44ab0096beb:c3559]
2019-08-30 05:17:51,666 | INFO  | DNAudit | user=null | ip=null | op=PUT_BLOCK {blockData=[blockId=conID: 1 locID: 102704235913871944 bcsId: 0,size=1048576]} | ret=SUCCESS |  
2019-08-30 05:17:51,666 | INFO  | DNAudit | user=null | ip=null | op=WRITE_CHUNK {blockData=conID: 1 locID: 102704235913871944 bcsId: 0} | ret=SUCCESS |  
2019-08-30 05:17:51,666 [grpc-default-executor-5] INFO  client.GrpcClientProtocolClient (GrpcClientProtocolClient.java:onNext(255)) - client-574492D41EE7->134d4672-e322-4e4b-b7f3-5645abb0fe8c: receive RaftClientReply:client-574492D41EE7->134d4672-e322-4e4b-b7f3-5645abb0fe8c@group-3CB1DFFBCDC2, cid=2411, SUCCESS, logIndex=3563, commits[134d4672-e322-4e4b-b7f3-5645abb0fe8c:c3563, 73af84f3-3e88-4c8c-894c-3ad307bcac8d:c3559, 730a25a1-dbec-44ed-975b-a44ab0096beb:c3559]
2019-08-30 05:17:51,667 | INFO  | DNAudit | user=null | ip=null | op=PUT_BLOCK {blockData=[blockId=conID: 1 locID: 102704235913871944 bcsId: 0,size=1048576]} | ret=SUCCESS |  
2019-08-30 05:17:51,667 | INFO  | DNAudit | user=null | ip=null | op=WRITE_CHUNK {blockData=conID: 1 locID: 102704235913871944 bcsId: 0} | ret=SUCCESS |  
2019-08-30 05:17:51,668 | INFO  | DNAudit | user=null | ip=null | op=PUT_BLOCK {blockData=[blockId=conID: 1 locID: 102704235913871944 bcsId: 0,size=2097152]} | ret=SUCCESS |  
2019-08-30 05:17:51,668 | INFO  | DNAudit | user=null | ip=null | op=WRITE_CHUNK {blockData=conID: 1 locID: 102704235913871944 bcsId: 0} | ret=SUCCESS |  
2019-08-30 05:17:51,669 | INFO  | DNAudit | user=null | ip=null | op=PUT_BLOCK {blockData=[blockId=conID: 1 locID: 102704235913871944 bcsId: 0,size=2097152]} | ret=SUCCESS |  
2019-08-30 05:17:51,669 [grpc-default-executor-5] INFO  client.GrpcClientProtocolClient (GrpcClientProtocolClient.java:onNext(255)) - client-574492D41EE7->134d4672-e322-4e4b-b7f3-5645abb0fe8c: receive RaftClientReply:client-574492D41EE7->134d4672-e322-4e4b-b7f3-5645abb0fe8c@group-3CB1DFFBCDC2, cid=2412, SUCCESS, logIndex=0, commits[134d4672-e322-4e4b-b7f3-5645abb0fe8c:c3565, 73af84f3-3e88-4c8c-894c-3ad307bcac8d:c3561, 730a25a1-dbec-44ed-975b-a44ab0096beb:c3561]
2019-08-30 05:17:51,677 | INFO  | DNAudit | user=null | ip=null | op=WRITE_CHUNK {blockData=conID: 1 locID: 102704235913871944 bcsId: 3563} | ret=SUCCESS |  
2019-08-30 05:17:51,680 | INFO  | DNAudit | user=null | ip=null | op=WRITE_CHUNK {blockData=conID: 1 locID: 102704235913871944 bcsId: 3563} | ret=SUCCESS |  
2019-08-30 05:17:51,685 | INFO  | DNAudit | user=null | ip=null | op=WRITE_CHUNK {blockData=conID: 1 locID: 102704235913871944 bcsId: 3563} | ret=SUCCESS |  
2019-08-30 05:17:51,691 | INFO  | DNAudit | user=null | ip=null | op=WRITE_CHUNK {blockData=conID: 1 locID: 102704235913871944 bcsId: 3563} | ret=SUCCESS |  
2019-08-30 05:17:51,692 | INFO  | DNAudit | user=null | ip=null | op=PUT_BLOCK {blockData=[blockId=conID: 1 locID: 102704235913871944 bcsId: 0,size=3145728]} | ret=SUCCESS |  
2019-08-30 05:17:51,692 [grpc-default-executor-5] INFO  client.GrpcClientProtocolClient (GrpcClientProtocolClient.java:onNext(255)) - client-574492D41EE7->134d4672-e322-4e4b-b7f3-5645abb0fe8c: receive RaftClientReply:client-574492D41EE7->134d4672-e322-4e4b-b7f3-5645abb0fe8c@group-3CB1DFFBCDC2, cid=2413, SUCCESS, logIndex=3568, commits[134d4672-e322-4e4b-b7f3-5645abb0fe8c:c3569, 73af84f3-3e88-4c8c-894c-3ad307bcac8d:c3567, 730a25a1-dbec-44ed-975b-a44ab0096beb:c3567]
2019-08-30 05:17:51,693 [grpc-default-executor-5] INFO  client.GrpcClientProtocolClient (GrpcClientProtocolClient.java:onNext(255)) - client-574492D41EE7->134d4672-e322-4e4b-b7f3-5645abb0fe8c: receive RaftClientReply:client-574492D41EE7->134d4672-e322-4e4b-b7f3-5645abb0fe8c@group-3CB1DFFBCDC2, cid=2414, SUCCESS, logIndex=3569, commits[134d4672-e322-4e4b-b7f3-5645abb0fe8c:c3569, 73af84f3-3e88-4c8c-894c-3ad307bcac8d:c3567, 730a25a1-dbec-44ed-975b-a44ab0096beb:c3567]
2019-08-30 05:17:51,703 | INFO  | DNAudit | user=null | ip=null | op=WRITE_CHUNK {blockData=conID: 1 locID: 102704235913871944 bcsId: 3563} | ret=SUCCESS |  
2019-08-30 05:17:51,703 | INFO  | DNAudit | user=null | ip=null | op=WRITE_CHUNK {blockData=conID: 1 locID: 102704235913871944 bcsId: 3563} | ret=SUCCESS |  
2019-08-30 05:17:51,703 | INFO  | DNAudit | user=null | ip=null | op=WRITE_CHUNK {blockData=conID: 1 locID: 102704235913871944 bcsId: 3569} | ret=SUCCESS |  
2019-08-30 05:17:51,704 | INFO  | DNAudit | user=null | ip=null | op=PUT_BLOCK {blockData=[blockId=conID: 1 locID: 102704235913871944 bcsId: 0,size=3145728]} | ret=SUCCESS |  
2019-08-30 05:17:51,704 | INFO  | DNAudit | user=null | ip=null | op=PUT_BLOCK {blockData=[blockId=conID: 1 locID: 102704235913871944 bcsId: 0,size=3145728]} | ret=SUCCESS |  
2019-08-30 05:17:51,706 | INFO  | DNAudit | user=null | ip=null | op=WRITE_CHUNK {blockData=conID: 1 locID: 102704235913871944 bcsId: 3569} | ret=SUCCESS |  
2019-08-30 05:17:51,707 | INFO  | DNAudit | user=null | ip=null | op=WRITE_CHUNK {blockData=conID: 1 locID: 102704235913871944 bcsId: 3569} | ret=SUCCESS |  
2019-08-30 05:17:51,718 | INFO  | DNAudit | user=null | ip=null | op=WRITE_CHUNK {blockData=conID: 1 locID: 102704235913871944 bcsId: 3569} | ret=SUCCESS |  
2019-08-30 05:17:51,718 | INFO  | DNAudit | user=null | ip=null | op=PUT_BLOCK {blockData=[blockId=conID: 1 locID: 102704235913871944 bcsId: 0,size=4194304]} | ret=SUCCESS |  
2019-08-30 05:17:51,718 [grpc-default-executor-3] INFO  client.GrpcClientProtocolClient (GrpcClientProtocolClient.java:onNext(255)) - client-574492D41EE7->134d4672-e322-4e4b-b7f3-5645abb0fe8c: receive RaftClientReply:client-574492D41EE7->134d4672-e322-4e4b-b7f3-5645abb0fe8c@group-3CB1DFFBCDC2, cid=2415, SUCCESS, logIndex=3572, commits[134d4672-e322-4e4b-b7f3-5645abb0fe8c:c3573, 73af84f3-3e88-4c8c-894c-3ad307bcac8d:c3569, 730a25a1-dbec-44ed-975b-a44ab0096beb:c3569]
2019-08-30 05:17:51,719 [grpc-default-executor-3] INFO  client.GrpcClientProtocolClient (GrpcClientProtocolClient.java:onNext(255)) - client-574492D41EE7->134d4672-e322-4e4b-b7f3-5645abb0fe8c: receive RaftClientReply:client-574492D41EE7->134d4672-e322-4e4b-b7f3-5645abb0fe8c@group-3CB1DFFBCDC2, cid=2416, SUCCESS, logIndex=3573, commits[134d4672-e322-4e4b-b7f3-5645abb0fe8c:c3573, 73af84f3-3e88-4c8c-894c-3ad307bcac8d:c3569, 730a25a1-dbec-44ed-975b-a44ab0096beb:c3569]
2019-08-30 05:17:51,719 | INFO  | DNAudit | user=null | ip=null | op=WRITE_CHUNK {blockData=conID: 1 locID: 102704235913871944 bcsId: 3569} | ret=SUCCESS |  
2019-08-30 05:17:51,720 | INFO  | DNAudit | user=null | ip=null | op=PUT_BLOCK {blockData=[blockId=conID: 1 locID: 102704235913871944 bcsId: 0,size=4194304]} | ret=SUCCESS |  
2019-08-30 05:17:51,731 | INFO  | DNAudit | user=null | ip=null | op=WRITE_CHUNK {blockData=conID: 1 locID: 102704235913871944 bcsId: 3569} | ret=SUCCESS |  
2019-08-30 05:17:51,732 | INFO  | DNAudit | user=null | ip=null | op=PUT_BLOCK {blockData=[blockId=conID: 1 locID: 102704235913871944 bcsId: 0,size=4194304]} | ret=SUCCESS |  
2019-08-30 05:17:51,732 [grpc-default-executor-3] INFO  client.GrpcClientProtocolClient (GrpcClientProtocolClient.java:onNext(255)) - client-574492D41EE7->134d4672-e322-4e4b-b7f3-5645abb0fe8c: receive RaftClientReply:client-574492D41EE7->134d4672-e322-4e4b-b7f3-5645abb0fe8c@group-3CB1DFFBCDC2, cid=2417, SUCCESS, logIndex=0, commits[134d4672-e322-4e4b-b7f3-5645abb0fe8c:c3575, 73af84f3-3e88-4c8c-894c-3ad307bcac8d:c3573, 730a25a1-dbec-44ed-975b-a44ab0096beb:c3574]
2019-08-30 05:17:51,740 | INFO  | SCMAudit | user=jenkins1000 | ip=192.168.36.106 | op=ALLOCATE_BLOCK {owner=85755eb5-052d-48fa-b271-2fe4d8754e12, size=4194304, type=RATIS, factor=THREE} | ret=SUCCESS |  
2019-08-30 05:17:51,745 | INFO  | OMAudit | user=jenkins1000 | ip=127.0.0.1 | op=ALLOCATE_BLOCK {volume=vol-0-00977, bucket=bucket-0-44205, key=key-0-32850, dataSize=0, replicationType=null, replicationFactor=null, keyLocationInfo=null, clientID=102704234570776978} | ret=SUCCESS |  
2019-08-30 05:17:51,753 | INFO  | DNAudit | user=null | ip=null | op=WRITE_CHUNK {blockData=conID: 2 locID: 102704235920753225 bcsId: 0} | ret=SUCCESS |  
2019-08-30 05:17:51,757 | INFO  | DNAudit | user=null | ip=null | op=WRITE_CHUNK {blockData=conID: 2 locID: 102704235920753225 bcsId: 0} | ret=SUCCESS |  
2019-08-30 05:17:51,758 | INFO  | DNAudit | user=null | ip=null | op=WRITE_CHUNK {blockData=conID: 2 locID: 102704235920753225 bcsId: 0} | ret=SUCCESS |  
2019-08-30 05:17:51,759 | INFO  | DNAudit | user=null | ip=null | op=WRITE_CHUNK {blockData=conID: 2 locID: 102704235920753225 bcsId: 0} | ret=SUCCESS |  
2019-08-30 05:17:51,976 | INFO  | DNAudit | user=null | ip=null | op=WRITE_CHUNK {blockData=conID: 2 locID: 102704235920753225 bcsId: 0} | ret=SUCCESS |  
2019-08-30 05:17:51,974 | INFO  | DNAudit | user=null | ip=null | op=WRITE_CHUNK {blockData=conID: 2 locID: 102704235920753225 bcsId: 0} | ret=SUCCESS |  
2019-08-30 05:17:51,973 | INFO  | DNAudit | user=null | ip=null | op=WRITE_CHUNK {blockData=conID: 2 locID: 102704235920753225 bcsId: 0} | ret=SUCCESS |  
2019-08-30 05:17:51,978 | INFO  | DNAudit | user=null | ip=null | op=PUT_BLOCK {blockData=[blockId=conID: 2 locID: 102704235920753225 bcsId: 0,size=1048576]} | ret=SUCCESS |  
2019-08-30 05:17:51,978 [grpc-default-executor-6] INFO  client.GrpcClientProtocolClient (GrpcClientProtocolClient.java:onNext(255)) - client-574492D41EE7->134d4672-e322-4e4b-b7f3-5645abb0fe8c: receive RaftClientReply:client-574492D41EE7->134d4672-e322-4e4b-b7f3-5645abb0fe8c@group-3CB1DFFBCDC2, cid=2418, SUCCESS, logIndex=3576, commits[134d4672-e322-4e4b-b7f3-5645abb0fe8c:c3577, 73af84f3-3e88-4c8c-894c-3ad307bcac8d:c3575, 730a25a1-dbec-44ed-975b-a44ab0096beb:c3574]
2019-08-30 05:17:51,981 [grpc-default-executor-6] INFO  client.GrpcClientProtocolClient (GrpcClientProtocolClient.java:onNext(255)) - client-574492D41EE7->134d4672-e322-4e4b-b7f3-5645abb0fe8c: receive RaftClientReply:client-574492D41EE7->134d4672-e322-4e4b-b7f3-5645abb0fe8c@group-3CB1DFFBCDC2, cid=2419, SUCCESS, logIndex=3577, commits[134d4672-e322-4e4b-b7f3-5645abb0fe8c:c3577, 73af84f3-3e88-4c8c-894c-3ad307bcac8d:c3575, 730a25a1-dbec-44ed-975b-a44ab0096beb:c3574]
2019-08-30 05:17:51,995 | INFO  | DNAudit | user=null | ip=null | op=WRITE_CHUNK {blockData=conID: 2 locID: 102704235920753225 bcsId: 0} | ret=SUCCESS |  
2019-08-30 05:17:51,995 | INFO  | DNAudit | user=null | ip=null | op=WRITE_CHUNK {blockData=conID: 2 locID: 102704235920753225 bcsId: 0} | ret=SUCCESS |  
2019-08-30 05:17:51,995 | INFO  | DNAudit | user=null | ip=null | op=PUT_BLOCK {blockData=[blockId=conID: 2 locID: 102704235920753225 bcsId: 0,size=1048576]} | ret=SUCCESS |  
2019-08-30 05:17:51,995 | INFO  | DNAudit | user=null | ip=null | op=PUT_BLOCK {blockData=[blockId=conID: 2 locID: 102704235920753225 bcsId: 0,size=2097152]} | ret=SUCCESS |  
2019-08-30 05:17:51,995 [grpc-default-executor-5] INFO  client.GrpcClientProtocolClient (GrpcClientProtocolClient.java:onNext(255)) - client-574492D41EE7->134d4672-e322-4e4b-b7f3-5645abb0fe8c: receive RaftClientReply:client-574492D41EE7->134d4672-e322-4e4b-b7f3-5645abb0fe8c@group-3CB1DFFBCDC2, cid=2420, SUCCESS, logIndex=3578, commits[134d4672-e322-4e4b-b7f3-5645abb0fe8c:c3581, 73af84f3-3e88-4c8c-894c-3ad307bcac8d:c3577, 730a25a1-dbec-44ed-975b-a44ab0096beb:c3574]
2019-08-30 05:17:51,996 | INFO  | DNAudit | user=null | ip=null | op=WRITE_CHUNK {blockData=conID: 2 locID: 102704235920753225 bcsId: 0} | ret=SUCCESS |  
2019-08-30 05:17:51,996 [grpc-default-executor-5] INFO  client.GrpcClientProtocolClient (GrpcClientProtocolClient.java:onNext(255)) - client-574492D41EE7->134d4672-e322-4e4b-b7f3-5645abb0fe8c: receive RaftClientReply:client-574492D41EE7->134d4672-e322-4e4b-b7f3-5645abb0fe8c@group-3CB1DFFBCDC2, cid=2421, SUCCESS, logIndex=3579, commits[134d4672-e322-4e4b-b7f3-5645abb0fe8c:c3581, 73af84f3-3e88-4c8c-894c-3ad307bcac8d:c3577, 730a25a1-dbec-44ed-975b-a44ab0096beb:c3574]
2019-08-30 05:17:51,996 | INFO  | DNAudit | user=null | ip=null | op=PUT_BLOCK {blockData=[blockId=conID: 2 locID: 102704235920753225 bcsId: 0,size=2097152]} | ret=SUCCESS |  
2019-08-30 05:17:51,997 | INFO  | DNAudit | user=null | ip=null | op=WRITE_CHUNK {blockData=conID: 2 locID: 102704235920753225 bcsId: 0} | ret=SUCCESS |  
2019-08-30 05:17:51,998 | INFO  | DNAudit | user=null | ip=null | op=PUT_BLOCK {blockData=[blockId=conID: 2 locID: 102704235920753225 bcsId: 0,size=1048576]} | ret=SUCCESS |  
2019-08-30 05:17:51,998 | INFO  | DNAudit | user=null | ip=null | op=WRITE_CHUNK {blockData=conID: 2 locID: 102704235920753225 bcsId: 0} | ret=SUCCESS |  
2019-08-30 05:17:51,998 [grpc-default-executor-3] INFO  client.GrpcClientProtocolClient (GrpcClientProtocolClient.java:onNext(255)) - client-574492D41EE7->134d4672-e322-4e4b-b7f3-5645abb0fe8c: receive RaftClientReply:client-574492D41EE7->134d4672-e322-4e4b-b7f3-5645abb0fe8c@group-3CB1DFFBCDC2, cid=2422, SUCCESS, logIndex=0, commits[134d4672-e322-4e4b-b7f3-5645abb0fe8c:c3583, 73af84f3-3e88-4c8c-894c-3ad307bcac8d:c3579, 730a25a1-dbec-44ed-975b-a44ab0096beb:c3577]
2019-08-30 05:17:51,998 | INFO  | DNAudit | user=null | ip=null | op=PUT_BLOCK {blockData=[blockId=conID: 2 locID: 102704235920753225 bcsId: 0,size=2097152]} | ret=SUCCESS |  
2019-08-30 05:17:52,007 | INFO  | DNAudit | user=null | ip=null | op=WRITE_CHUNK {blockData=conID: 2 locID: 102704235920753225 bcsId: 3579} | ret=SUCCESS |  
2019-08-30 05:17:52,008 | INFO  | DNAudit | user=null | ip=null | op=WRITE_CHUNK {blockData=conID: 2 locID: 102704235920753225 bcsId: 3579} | ret=SUCCESS |  
2019-08-30 05:17:52,008 | INFO  | DNAudit | user=null | ip=null | op=WRITE_CHUNK {blockData=conID: 2 locID: 102704235920753225 bcsId: 3579} | ret=SUCCESS |  
2019-08-30 05:17:52,020 | INFO  | DNAudit | user=null | ip=null | op=WRITE_CHUNK {blockData=conID: 2 locID: 102704235920753225 bcsId: 3579} | ret=SUCCESS |  
2019-08-30 05:17:52,020 | INFO  | DNAudit | user=null | ip=null | op=PUT_BLOCK {blockData=[blockId=conID: 2 locID: 102704235920753225 bcsId: 0,size=3145728]} | ret=SUCCESS |  
2019-08-30 05:17:52,021 [grpc-default-executor-6] INFO  client.GrpcClientProtocolClient (GrpcClientProtocolClient.java:onNext(255)) - client-574492D41EE7->134d4672-e322-4e4b-b7f3-5645abb0fe8c: receive RaftClientReply:client-574492D41EE7->134d4672-e322-4e4b-b7f3-5645abb0fe8c@group-3CB1DFFBCDC2, cid=2423, SUCCESS, logIndex=3584, commits[134d4672-e322-4e4b-b7f3-5645abb0fe8c:c3585, 73af84f3-3e88-4c8c-894c-3ad307bcac8d:c3583, 730a25a1-dbec-44ed-975b-a44ab0096beb:c3583]
2019-08-30 05:17:52,021 [grpc-default-executor-6] INFO  client.GrpcClientProtocolClient (GrpcClientProtocolClient.java:onNext(255)) - client-574492D41EE7->134d4672-e322-4e4b-b7f3-5645abb0fe8c: receive RaftClientReply:client-574492D41EE7->134d4672-e322-4e4b-b7f3-5645abb0fe8c@group-3CB1DFFBCDC2, cid=2424, SUCCESS, logIndex=3585, commits[134d4672-e322-4e4b-b7f3-5645abb0fe8c:c3585, 73af84f3-3e88-4c8c-894c-3ad307bcac8d:c3583, 730a25a1-dbec-44ed-975b-a44ab0096beb:c3583]
2019-08-30 05:17:52,029 | INFO  | DNAudit | user=null | ip=null | op=WRITE_CHUNK {blockData=conID: 2 locID: 102704235920753225 bcsId: 3585} | ret=SUCCESS |  
2019-08-30 05:17:52,031 | INFO  | DNAudit | user=null | ip=null | op=WRITE_CHUNK {blockData=conID: 2 locID: 102704235920753225 bcsId: 3585} | ret=SUCCESS |  
2019-08-30 05:17:52,032 | INFO  | DNAudit | user=null | ip=null | op=WRITE_CHUNK {blockData=conID: 2 locID: 102704235920753225 bcsId: 3579} | ret=SUCCESS |  
2019-08-30 05:17:52,032 | INFO  | DNAudit | user=null | ip=null | op=WRITE_CHUNK {blockData=conID: 2 locID: 102704235920753225 bcsId: 3579} | ret=SUCCESS |  
2019-08-30 05:17:52,032 | INFO  | DNAudit | user=null | ip=null | op=WRITE_CHUNK {blockData=conID: 2 locID: 102704235920753225 bcsId: 3585} | ret=SUCCESS |  
2019-08-30 05:17:52,033 | INFO  | DNAudit | user=null | ip=null | op=PUT_BLOCK {blockData=[blockId=conID: 2 locID: 102704235920753225 bcsId: 0,size=3145728]} | ret=SUCCESS |  
2019-08-30 05:17:52,033 | INFO  | DNAudit | user=null | ip=null | op=WRITE_CHUNK {blockData=conID: 2 locID: 102704235920753225 bcsId: 3585} | ret=SUCCESS |  
2019-08-30 05:17:52,033 | INFO  | DNAudit | user=null | ip=null | op=PUT_BLOCK {blockData=[blockId=conID: 2 locID: 102704235920753225 bcsId: 0,size=3145728]} | ret=SUCCESS |  
2019-08-30 05:17:52,034 | INFO  | DNAudit | user=null | ip=null | op=PUT_BLOCK {blockData=[blockId=conID: 2 locID: 102704235920753225 bcsId: 0,size=4194304]} | ret=SUCCESS |  
2019-08-30 05:17:52,034 [grpc-default-executor-3] INFO  client.GrpcClientProtocolClient (GrpcClientProtocolClient.java:onNext(255)) - client-574492D41EE7->134d4672-e322-4e4b-b7f3-5645abb0fe8c: receive RaftClientReply:client-574492D41EE7->134d4672-e322-4e4b-b7f3-5645abb0fe8c@group-3CB1DFFBCDC2, cid=2425, SUCCESS, logIndex=3588, commits[134d4672-e322-4e4b-b7f3-5645abb0fe8c:c3589, 73af84f3-3e88-4c8c-894c-3ad307bcac8d:c3585, 730a25a1-dbec-44ed-975b-a44ab0096beb:c3584]
2019-08-30 05:17:52,034 [grpc-default-executor-3] INFO  client.GrpcClientProtocolClient (GrpcClientProtocolClient.java:onNext(255)) - client-574492D41EE7->134d4672-e322-4e4b-b7f3-5645abb0fe8c: receive RaftClientReply:client-574492D41EE7->134d4672-e322-4e4b-b7f3-5645abb0fe8c@group-3CB1DFFBCDC2, cid=2426, SUCCESS, logIndex=3589, commits[134d4672-e322-4e4b-b7f3-5645abb0fe8c:c3589, 73af84f3-3e88-4c8c-894c-3ad307bcac8d:c3585, 730a25a1-dbec-44ed-975b-a44ab0096beb:c3585]
2019-08-30 05:17:52,035 | INFO  | DNAudit | user=null | ip=null | op=WRITE_CHUNK {blockData=conID: 2 locID: 102704235920753225 bcsId: 3585} | ret=SUCCESS |  
2019-08-30 05:17:52,035 | INFO  | DNAudit | user=null | ip=null | op=PUT_BLOCK {blockData=[blockId=conID: 2 locID: 102704235920753225 bcsId: 0,size=4194304]} | ret=SUCCESS |  
2019-08-30 05:17:52,036 | INFO  | DNAudit | user=null | ip=null | op=WRITE_CHUNK {blockData=conID: 2 locID: 102704235920753225 bcsId: 3585} | ret=SUCCESS |  
2019-08-30 05:17:52,036 | INFO  | DNAudit | user=null | ip=null | op=PUT_BLOCK {blockData=[blockId=conID: 2 locID: 102704235920753225 bcsId: 0,size=4194304]} | ret=SUCCESS |  
2019-08-30 05:17:52,036 [grpc-default-executor-3] INFO  client.GrpcClientProtocolClient (GrpcClientProtocolClient.java:onNext(255)) - client-574492D41EE7->134d4672-e322-4e4b-b7f3-5645abb0fe8c: receive RaftClientReply:client-574492D41EE7->134d4672-e322-4e4b-b7f3-5645abb0fe8c@group-3CB1DFFBCDC2, cid=2427, SUCCESS, logIndex=0, commits[134d4672-e322-4e4b-b7f3-5645abb0fe8c:c3590, 73af84f3-3e88-4c8c-894c-3ad307bcac8d:c3589, 730a25a1-dbec-44ed-975b-a44ab0096beb:c3589]
2019-08-30 05:17:52,042 | INFO  | SCMAudit | user=jenkins1000 | ip=192.168.36.106 | op=ALLOCATE_BLOCK {owner=85755eb5-052d-48fa-b271-2fe4d8754e12, size=4194304, type=RATIS, factor=THREE} | ret=SUCCESS |  
2019-08-30 05:17:52,045 | INFO  | OMAudit | user=jenkins1000 | ip=127.0.0.1 | op=ALLOCATE_BLOCK {volume=vol-0-00977, bucket=bucket-0-44205, key=key-0-32850, dataSize=0, replicationType=null, replicationFactor=null, keyLocationInfo=null, clientID=102704234570776978} | ret=SUCCESS |  
2019-08-30 05:17:52,053 | INFO  | DNAudit | user=null | ip=null | op=WRITE_CHUNK {blockData=conID: 3 locID: 102704235940545098 bcsId: 0} | ret=SUCCESS |  
2019-08-30 05:17:52,055 | INFO  | DNAudit | user=null | ip=null | op=WRITE_CHUNK {blockData=conID: 3 locID: 102704235940545098 bcsId: 0} | ret=SUCCESS |  
2019-08-30 05:17:52,056 | INFO  | DNAudit | user=null | ip=null | op=WRITE_CHUNK {blockData=conID: 3 locID: 102704235940545098 bcsId: 0} | ret=SUCCESS |  
2019-08-30 05:17:52,057 | INFO  | DNAudit | user=null | ip=null | op=WRITE_CHUNK {blockData=conID: 3 locID: 102704235940545098 bcsId: 0} | ret=SUCCESS |  
2019-08-30 05:17:52,058 | INFO  | DNAudit | user=null | ip=null | op=WRITE_CHUNK {blockData=conID: 3 locID: 102704235940545098 bcsId: 0} | ret=SUCCESS |  
2019-08-30 05:17:52,059 | INFO  | DNAudit | user=null | ip=null | op=WRITE_CHUNK {blockData=conID: 3 locID: 102704235940545098 bcsId: 0} | ret=SUCCESS |  
2019-08-30 05:17:52,067 | INFO  | DNAudit | user=null | ip=null | op=WRITE_CHUNK {blockData=conID: 3 locID: 102704235940545098 bcsId: 0} | ret=SUCCESS |  
2019-08-30 05:17:52,068 | INFO  | DNAudit | user=null | ip=null | op=PUT_BLOCK {blockData=[blockId=conID: 3 locID: 102704235940545098 bcsId: 0,size=1048576]} | ret=SUCCESS |  
2019-08-30 05:17:52,068 [grpc-default-executor-5] INFO  client.GrpcClientProtocolClient (GrpcClientProtocolClient.java:onNext(255)) - client-574492D41EE7->134d4672-e322-4e4b-b7f3-5645abb0fe8c: receive RaftClientReply:client-574492D41EE7->134d4672-e322-4e4b-b7f3-5645abb0fe8c@group-3CB1DFFBCDC2, cid=2428, SUCCESS, logIndex=3592, commits[134d4672-e322-4e4b-b7f3-5645abb0fe8c:c3593, 73af84f3-3e88-4c8c-894c-3ad307bcac8d:c3591, 730a25a1-dbec-44ed-975b-a44ab0096beb:c3591]
2019-08-30 05:17:52,069 [grpc-default-executor-5] INFO  client.GrpcClientProtocolClient (GrpcClientProtocolClient.java:onNext(255)) - client-574492D41EE7->134d4672-e322-4e4b-b7f3-5645abb0fe8c: receive RaftClientReply:client-574492D41EE7->134d4672-e322-4e4b-b7f3-5645abb0fe8c@group-3CB1DFFBCDC2, cid=2429, SUCCESS, logIndex=3593, commits[134d4672-e322-4e4b-b7f3-5645abb0fe8c:c3593, 73af84f3-3e88-4c8c-894c-3ad307bcac8d:c3591, 730a25a1-dbec-44ed-975b-a44ab0096beb:c3591]
2019-08-30 05:17:52,079 | INFO  | DNAudit | user=null | ip=null | op=WRITE_CHUNK {blockData=conID: 3 locID: 102704235940545098 bcsId: 0} | ret=SUCCESS |  
2019-08-30 05:17:52,081 | INFO  | DNAudit | user=null | ip=null | op=WRITE_CHUNK {blockData=conID: 3 locID: 102704235940545098 bcsId: 0} | ret=SUCCESS |  
2019-08-30 05:17:52,081 | INFO  | DNAudit | user=null | ip=null | op=PUT_BLOCK {blockData=[blockId=conID: 3 locID: 102704235940545098 bcsId: 0,size=2097152]} | ret=SUCCESS |  
2019-08-30 05:17:52,081 [grpc-default-executor-3] INFO  client.GrpcClientProtocolClient (GrpcClientProtocolClient.java:onNext(255)) - client-574492D41EE7->134d4672-e322-4e4b-b7f3-5645abb0fe8c: receive RaftClientReply:client-574492D41EE7->134d4672-e322-4e4b-b7f3-5645abb0fe8c@group-3CB1DFFBCDC2, cid=2430, SUCCESS, logIndex=3594, commits[134d4672-e322-4e4b-b7f3-5645abb0fe8c:c3594, 73af84f3-3e88-4c8c-894c-3ad307bcac8d:c3591, 730a25a1-dbec-44ed-975b-a44ab0096beb:c3591]
2019-08-30 05:17:52,081 | INFO  | DNAudit | user=null | ip=null | op=PUT_BLOCK {blockData=[blockId=conID: 3 locID: 102704235940545098 bcsId: 0,size=1048576]} | ret=SUCCESS |  
2019-08-30 05:17:52,081 [grpc-default-executor-3] INFO  client.GrpcClientProtocolClient (GrpcClientProtocolClient.java:onNext(255)) - client-574492D41EE7->134d4672-e322-4e4b-b7f3-5645abb0fe8c: receive RaftClientReply:client-574492D41EE7->134d4672-e322-4e4b-b7f3-5645abb0fe8c@group-3CB1DFFBCDC2, cid=2431, SUCCESS, logIndex=3595, commits[134d4672-e322-4e4b-b7f3-5645abb0fe8c:c3597, 73af84f3-3e88-4c8c-894c-3ad307bcac8d:c3593, 730a25a1-dbec-44ed-975b-a44ab0096beb:c3591]
2019-08-30 05:17:52,092 | INFO  | DNAudit | user=null | ip=null | op=WRITE_CHUNK {blockData=conID: 3 locID: 102704235940545098 bcsId: 0} | ret=SUCCESS |  
2019-08-30 05:17:52,092 | INFO  | DNAudit | user=null | ip=null | op=WRITE_CHUNK {blockData=conID: 3 locID: 102704235940545098 bcsId: 0} | ret=SUCCESS |  
2019-08-30 05:17:52,092 | INFO  | DNAudit | user=null | ip=null | op=PUT_BLOCK {blockData=[blockId=conID: 3 locID: 102704235940545098 bcsId: 0,size=1048576]} | ret=SUCCESS |  
2019-08-30 05:17:52,092 | INFO  | DNAudit | user=null | ip=null | op=WRITE_CHUNK {blockData=conID: 3 locID: 102704235940545098 bcsId: 0} | ret=SUCCESS |  
2019-08-30 05:17:52,092 [grpc-default-executor-3] INFO  client.GrpcClientProtocolClient (GrpcClientProtocolClient.java:onNext(255)) - client-574492D41EE7->134d4672-e322-4e4b-b7f3-5645abb0fe8c: receive RaftClientReply:client-574492D41EE7->134d4672-e322-4e4b-b7f3-5645abb0fe8c@group-3CB1DFFBCDC2, cid=2432, SUCCESS, logIndex=0, commits[134d4672-e322-4e4b-b7f3-5645abb0fe8c:c3598, 73af84f3-3e88-4c8c-894c-3ad307bcac8d:c3594, 730a25a1-dbec-44ed-975b-a44ab0096beb:c3593]
2019-08-30 05:17:52,093 | INFO  | DNAudit | user=null | ip=null | op=PUT_BLOCK {blockData=[blockId=conID: 3 locID: 102704235940545098 bcsId: 0,size=2097152]} | ret=SUCCESS |  
2019-08-30 05:17:52,094 | INFO  | DNAudit | user=null | ip=null | op=PUT_BLOCK {blockData=[blockId=conID: 3 locID: 102704235940545098 bcsId: 0,size=2097152]} | ret=SUCCESS |  
2019-08-30 05:17:52,099 | INFO  | DNAudit | user=null | ip=null | op=WRITE_CHUNK {blockData=conID: 3 locID: 102704235940545098 bcsId: 3595} | ret=SUCCESS |  
2019-08-30 05:17:52,101 | INFO  | DNAudit | user=null | ip=null | op=WRITE_CHUNK {blockData=conID: 3 locID: 102704235940545098 bcsId: 3595} | ret=SUCCESS |  
2019-08-30 05:17:52,101 | INFO  | DNAudit | user=null | ip=null | op=WRITE_CHUNK {blockData=conID: 3 locID: 102704235940545098 bcsId: 3595} | ret=SUCCESS |  
2019-08-30 05:17:52,103 | INFO  | DNAudit | user=null | ip=null | op=WRITE_CHUNK {blockData=conID: 3 locID: 102704235940545098 bcsId: 3595} | ret=SUCCESS |  
2019-08-30 05:17:52,104 | INFO  | DNAudit | user=null | ip=null | op=PUT_BLOCK {blockData=[blockId=conID: 3 locID: 102704235940545098 bcsId: 0,size=3145728]} | ret=SUCCESS |  
2019-08-30 05:17:52,104 [grpc-default-executor-5] INFO  client.GrpcClientProtocolClient (GrpcClientProtocolClient.java:onNext(255)) - client-574492D41EE7->134d4672-e322-4e4b-b7f3-5645abb0fe8c: receive RaftClientReply:client-574492D41EE7->134d4672-e322-4e4b-b7f3-5645abb0fe8c@group-3CB1DFFBCDC2, cid=2433, SUCCESS, logIndex=3600, commits[134d4672-e322-4e4b-b7f3-5645abb0fe8c:c3601, 73af84f3-3e88-4c8c-894c-3ad307bcac8d:c3599, 730a25a1-dbec-44ed-975b-a44ab0096beb:c3599]
2019-08-30 05:17:52,104 [grpc-default-executor-5] INFO  client.GrpcClientProtocolClient (GrpcClientProtocolClient.java:onNext(255)) - client-574492D41EE7->134d4672-e322-4e4b-b7f3-5645abb0fe8c: receive RaftClientReply:client-574492D41EE7->134d4672-e322-4e4b-b7f3-5645abb0fe8c@group-3CB1DFFBCDC2, cid=2434, SUCCESS, logIndex=3601, commits[134d4672-e322-4e4b-b7f3-5645abb0fe8c:c3601, 73af84f3-3e88-4c8c-894c-3ad307bcac8d:c3599, 730a25a1-dbec-44ed-975b-a44ab0096beb:c3599]
2019-08-30 05:17:52,111 | INFO  | DNAudit | user=null | ip=null | op=WRITE_CHUNK {blockData=conID: 3 locID: 102704235940545098 bcsId: 3601} | ret=SUCCESS |  
2019-08-30 05:17:52,113 | INFO  | DNAudit | user=null | ip=null | op=WRITE_CHUNK {blockData=conID: 3 locID: 102704235940545098 bcsId: 3601} | ret=SUCCESS |  
2019-08-30 05:17:52,113 | INFO  | DNAudit | user=null | ip=null | op=WRITE_CHUNK {blockData=conID: 3 locID: 102704235940545098 bcsId: 3601} | ret=SUCCESS |  
2019-08-30 05:17:52,115 | INFO  | DNAudit | user=null | ip=null | op=WRITE_CHUNK {blockData=conID: 3 locID: 102704235940545098 bcsId: 3595} | ret=SUCCESS |  
2019-08-30 05:17:52,115 | INFO  | DNAudit | user=null | ip=null | op=WRITE_CHUNK {blockData=conID: 3 locID: 102704235940545098 bcsId: 3595} | ret=SUCCESS |  
2019-08-30 05:17:52,117 | INFO  | DNAudit | user=null | ip=null | op=PUT_BLOCK {blockData=[blockId=conID: 3 locID: 102704235940545098 bcsId: 0,size=3145728]} | ret=SUCCESS |  
2019-08-30 05:17:52,117 | INFO  | DNAudit | user=null | ip=null | op=PUT_BLOCK {blockData=[blockId=conID: 3 locID: 102704235940545098 bcsId: 0,size=3145728]} | ret=SUCCESS |  
2019-08-30 05:17:52,118 | INFO  | DNAudit | user=null | ip=null | op=WRITE_CHUNK {blockData=conID: 3 locID: 102704235940545098 bcsId: 3601} | ret=SUCCESS |  
2019-08-30 05:17:52,118 | INFO  | DNAudit | user=null | ip=null | op=PUT_BLOCK {blockData=[blockId=conID: 3 locID: 102704235940545098 bcsId: 0,size=4194304]} | ret=SUCCESS |  
2019-08-30 05:17:52,118 [grpc-default-executor-6] INFO  client.GrpcClientProtocolClient (GrpcClientProtocolClient.java:onNext(255)) - client-574492D41EE7->134d4672-e322-4e4b-b7f3-5645abb0fe8c: receive RaftClientReply:client-574492D41EE7->134d4672-e322-4e4b-b7f3-5645abb0fe8c@group-3CB1DFFBCDC2, cid=2435, SUCCESS, logIndex=3604, commits[134d4672-e322-4e4b-b7f3-5645abb0fe8c:c3605, 73af84f3-3e88-4c8c-894c-3ad307bcac8d:c3601, 730a25a1-dbec-44ed-975b-a44ab0096beb:c3601]
2019-08-30 05:17:52,119 [grpc-default-executor-6] INFO  client.GrpcClientProtocolClient (GrpcClientProtocolClient.java:onNext(255)) - client-574492D41EE7->134d4672-e322-4e4b-b7f3-5645abb0fe8c: receive RaftClientReply:client-574492D41EE7->134d4672-e322-4e4b-b7f3-5645abb0fe8c@group-3CB1DFFBCDC2, cid=2436, SUCCESS, logIndex=3605, commits[134d4672-e322-4e4b-b7f3-5645abb0fe8c:c3605, 73af84f3-3e88-4c8c-894c-3ad307bcac8d:c3601, 730a25a1-dbec-44ed-975b-a44ab0096beb:c3601]
2019-08-30 05:17:52,120 | INFO  | DNAudit | user=null | ip=null | op=WRITE_CHUNK {blockData=conID: 3 locID: 102704235940545098 bcsId: 3601} | ret=SUCCESS |  
2019-08-30 05:17:52,120 | INFO  | DNAudit | user=null | ip=null | op=WRITE_CHUNK {blockData=conID: 3 locID: 102704235940545098 bcsId: 3601} | ret=SUCCESS |  
2019-08-30 05:17:52,121 | INFO  | DNAudit | user=null | ip=null | op=PUT_BLOCK {blockData=[blockId=conID: 3 locID: 102704235940545098 bcsId: 0,size=4194304]} | ret=SUCCESS |  
2019-08-30 05:17:52,121 | INFO  | DNAudit | user=null | ip=null | op=PUT_BLOCK {blockData=[blockId=conID: 3 locID: 102704235940545098 bcsId: 0,size=4194304]} | ret=SUCCESS |  
2019-08-30 05:17:52,122 [grpc-default-executor-6] INFO  client.GrpcClientProtocolClient (GrpcClientProtocolClient.java:onNext(255)) - client-574492D41EE7->134d4672-e322-4e4b-b7f3-5645abb0fe8c: receive RaftClientReply:client-574492D41EE7->134d4672-e322-4e4b-b7f3-5645abb0fe8c@group-3CB1DFFBCDC2, cid=2437, SUCCESS, logIndex=0, commits[134d4672-e322-4e4b-b7f3-5645abb0fe8c:c3607, 73af84f3-3e88-4c8c-894c-3ad307bcac8d:c3605, 730a25a1-dbec-44ed-975b-a44ab0096beb:c3605]
2019-08-30 05:17:52,126 | INFO  | SCMAudit | user=jenkins1000 | ip=192.168.36.106 | op=ALLOCATE_BLOCK {owner=85755eb5-052d-48fa-b271-2fe4d8754e12, size=4194304, type=RATIS, factor=THREE} | ret=SUCCESS |  
2019-08-30 05:17:52,129 | INFO  | OMAudit | user=jenkins1000 | ip=127.0.0.1 | op=ALLOCATE_BLOCK {volume=vol-0-00977, bucket=bucket-0-44205, key=key-0-32850, dataSize=0, replicationType=null, replicationFactor=null, keyLocationInfo=null, clientID=102704234570776978} | ret=SUCCESS |  
2019-08-30 05:17:52,137 | INFO  | DNAudit | user=null | ip=null | op=WRITE_CHUNK {blockData=conID: 1 locID: 102704235946050123 bcsId: 0} | ret=SUCCESS |  
2019-08-30 05:17:52,140 | INFO  | DNAudit | user=null | ip=null | op=WRITE_CHUNK {blockData=conID: 1 locID: 102704235946050123 bcsId: 0} | ret=SUCCESS |  
2019-08-30 05:17:52,140 | INFO  | DNAudit | user=null | ip=null | op=WRITE_CHUNK {blockData=conID: 1 locID: 102704235946050123 bcsId: 0} | ret=SUCCESS |  
2019-08-30 05:17:52,140 | INFO  | DNAudit | user=null | ip=null | op=WRITE_CHUNK {blockData=conID: 1 locID: 102704235946050123 bcsId: 0} | ret=SUCCESS |  
2019-08-30 05:17:52,141 | INFO  | DNAudit | user=null | ip=null | op=WRITE_CHUNK {blockData=conID: 1 locID: 102704235946050123 bcsId: 0} | ret=SUCCESS |  
2019-08-30 05:17:52,142 | INFO  | DNAudit | user=null | ip=null | op=WRITE_CHUNK {blockData=conID: 1 locID: 102704235946050123 bcsId: 0} | ret=SUCCESS |  
2019-08-30 05:17:52,158 | INFO  | DNAudit | user=null | ip=null | op=WRITE_CHUNK {blockData=conID: 1 locID: 102704235946050123 bcsId: 0} | ret=SUCCESS |  
2019-08-30 05:17:52,159 | INFO  | DNAudit | user=null | ip=null | op=PUT_BLOCK {blockData=[blockId=conID: 1 locID: 102704235946050123 bcsId: 0,size=1048576]} | ret=SUCCESS |  
2019-08-30 05:17:52,159 [grpc-default-executor-3] INFO  client.GrpcClientProtocolClient (GrpcClientProtocolClient.java:onNext(255)) - client-574492D41EE7->134d4672-e322-4e4b-b7f3-5645abb0fe8c: receive RaftClientReply:client-574492D41EE7->134d4672-e322-4e4b-b7f3-5645abb0fe8c@group-3CB1DFFBCDC2, cid=2438, SUCCESS, logIndex=3608, commits[134d4672-e322-4e4b-b7f3-5645abb0fe8c:c3609, 73af84f3-3e88-4c8c-894c-3ad307bcac8d:c3607, 730a25a1-dbec-44ed-975b-a44ab0096beb:c3607]
2019-08-30 05:17:52,159 | INFO  | DNAudit | user=null | ip=null | op=WRITE_CHUNK {blockData=conID: 1 locID: 102704235946050123 bcsId: 0} | ret=SUCCESS |  
2019-08-30 05:17:52,159 [grpc-default-executor-3] INFO  client.GrpcClientProtocolClient (GrpcClientProtocolClient.java:onNext(255)) - client-574492D41EE7->134d4672-e322-4e4b-b7f3-5645abb0fe8c: receive RaftClientReply:client-574492D41EE7->134d4672-e322-4e4b-b7f3-5645abb0fe8c@group-3CB1DFFBCDC2, cid=2439, SUCCESS, logIndex=3609, commits[134d4672-e322-4e4b-b7f3-5645abb0fe8c:c3611, 73af84f3-3e88-4c8c-894c-3ad307bcac8d:c3607, 730a25a1-dbec-44ed-975b-a44ab0096beb:c3607]
2019-08-30 05:17:52,159 | INFO  | DNAudit | user=null | ip=null | op=WRITE_CHUNK {blockData=conID: 1 locID: 102704235946050123 bcsId: 0} | ret=SUCCESS |  
2019-08-30 05:17:52,159 | INFO  | DNAudit | user=null | ip=null | op=PUT_BLOCK {blockData=[blockId=conID: 1 locID: 102704235946050123 bcsId: 0,size=2097152]} | ret=SUCCESS |  
2019-08-30 05:17:52,159 [grpc-default-executor-3] INFO  client.GrpcClientProtocolClient (GrpcClientProtocolClient.java:onNext(255)) - client-574492D41EE7->134d4672-e322-4e4b-b7f3-5645abb0fe8c: receive RaftClientReply:client-574492D41EE7->134d4672-e322-4e4b-b7f3-5645abb0fe8c@group-3CB1DFFBCDC2, cid=2440, SUCCESS, logIndex=3610, commits[134d4672-e322-4e4b-b7f3-5645abb0fe8c:c3611, 73af84f3-3e88-4c8c-894c-3ad307bcac8d:c3607, 730a25a1-dbec-44ed-975b-a44ab0096beb:c3607]
2019-08-30 05:17:52,160 [grpc-default-executor-3] INFO  client.GrpcClientProtocolClient (GrpcClientProtocolClient.java:onNext(255)) - client-574492D41EE7->134d4672-e322-4e4b-b7f3-5645abb0fe8c: receive RaftClientReply:client-574492D41EE7->134d4672-e322-4e4b-b7f3-5645abb0fe8c@group-3CB1DFFBCDC2, cid=2441, SUCCESS, logIndex=3611, commits[134d4672-e322-4e4b-b7f3-5645abb0fe8c:c3612, 73af84f3-3e88-4c8c-894c-3ad307bcac8d:c3608, 730a25a1-dbec-44ed-975b-a44ab0096beb:c3607]
2019-08-30 05:17:52,161 | INFO  | DNAudit | user=null | ip=null | op=WRITE_CHUNK {blockData=conID: 1 locID: 102704235946050123 bcsId: 0} | ret=SUCCESS |  
2019-08-30 05:17:52,162 | INFO  | DNAudit | user=null | ip=null | op=PUT_BLOCK {blockData=[blockId=conID: 1 locID: 102704235946050123 bcsId: 0,size=1048576]} | ret=SUCCESS |  
2019-08-30 05:17:52,162 | INFO  | DNAudit | user=null | ip=null | op=WRITE_CHUNK {blockData=conID: 1 locID: 102704235946050123 bcsId: 0} | ret=SUCCESS |  
2019-08-30 05:17:52,162 | INFO  | DNAudit | user=null | ip=null | op=PUT_BLOCK {blockData=[blockId=conID: 1 locID: 102704235946050123 bcsId: 0,size=2097152]} | ret=SUCCESS |  
2019-08-30 05:17:52,172 | INFO  | DNAudit | user=null | ip=null | op=PUT_BLOCK {blockData=[blockId=conID: 1 locID: 102704235946050123 bcsId: 0,size=1048576]} | ret=SUCCESS |  
2019-08-30 05:17:52,172 | INFO  | DNAudit | user=null | ip=null | op=WRITE_CHUNK {blockData=conID: 1 locID: 102704235946050123 bcsId: 0} | ret=SUCCESS |  
2019-08-30 05:17:52,172 | INFO  | DNAudit | user=null | ip=null | op=PUT_BLOCK {blockData=[blockId=conID: 1 locID: 102704235946050123 bcsId: 0,size=2097152]} | ret=SUCCESS |  
2019-08-30 05:17:52,172 [grpc-default-executor-3] INFO  client.GrpcClientProtocolClient (GrpcClientProtocolClient.java:onNext(255)) - client-574492D41EE7->134d4672-e322-4e4b-b7f3-5645abb0fe8c: receive RaftClientReply:client-574492D41EE7->134d4672-e322-4e4b-b7f3-5645abb0fe8c@group-3CB1DFFBCDC2, cid=2442, SUCCESS, logIndex=0, commits[134d4672-e322-4e4b-b7f3-5645abb0fe8c:c3613, 73af84f3-3e88-4c8c-894c-3ad307bcac8d:c3609, 730a25a1-dbec-44ed-975b-a44ab0096beb:c3611]
2019-08-30 05:17:52,178 | INFO  | DNAudit | user=null | ip=null | op=WRITE_CHUNK {blockData=conID: 1 locID: 102704235946050123 bcsId: 3611} | ret=SUCCESS |  
2019-08-30 05:17:52,181 | INFO  | DNAudit | user=null | ip=null | op=WRITE_CHUNK {blockData=conID: 1 locID: 102704235946050123 bcsId: 3611} | ret=SUCCESS |  
2019-08-30 05:17:52,181 | INFO  | DNAudit | user=null | ip=null | op=WRITE_CHUNK {blockData=conID: 1 locID: 102704235946050123 bcsId: 3611} | ret=SUCCESS |  
2019-08-30 05:17:52,191 | INFO  | DNAudit | user=null | ip=null | op=WRITE_CHUNK {blockData=conID: 1 locID: 102704235946050123 bcsId: 3611} | ret=SUCCESS |  
2019-08-30 05:17:52,191 | INFO  | DNAudit | user=null | ip=null | op=PUT_BLOCK {blockData=[blockId=conID: 1 locID: 102704235946050123 bcsId: 0,size=3145728]} | ret=SUCCESS |  
2019-08-30 05:17:52,191 [grpc-default-executor-1] INFO  client.GrpcClientProtocolClient (GrpcClientProtocolClient.java:onNext(255)) - client-574492D41EE7->134d4672-e322-4e4b-b7f3-5645abb0fe8c: receive RaftClientReply:client-574492D41EE7->134d4672-e322-4e4b-b7f3-5645abb0fe8c@group-3CB1DFFBCDC2, cid=2443, SUCCESS, logIndex=3615, commits[134d4672-e322-4e4b-b7f3-5645abb0fe8c:c3616, 73af84f3-3e88-4c8c-894c-3ad307bcac8d:c3614, 730a25a1-dbec-44ed-975b-a44ab0096beb:c3614]
2019-08-30 05:17:52,192 [grpc-default-executor-1] INFO  client.GrpcClientProtocolClient (GrpcClientProtocolClient.java:onNext(255)) - client-574492D41EE7->134d4672-e322-4e4b-b7f3-5645abb0fe8c: receive RaftClientReply:client-574492D41EE7->134d4672-e322-4e4b-b7f3-5645abb0fe8c@group-3CB1DFFBCDC2, cid=2444, SUCCESS, logIndex=3616, commits[134d4672-e322-4e4b-b7f3-5645abb0fe8c:c3616, 73af84f3-3e88-4c8c-894c-3ad307bcac8d:c3614, 730a25a1-dbec-44ed-975b-a44ab0096beb:c3614]
2019-08-30 05:17:52,199 | INFO  | DNAudit | user=null | ip=null | op=WRITE_CHUNK {blockData=conID: 1 locID: 102704235946050123 bcsId: 3616} | ret=SUCCESS |  
2019-08-30 05:17:52,200 | INFO  | DNAudit | user=null | ip=null | op=WRITE_CHUNK {blockData=conID: 1 locID: 102704235946050123 bcsId: 3616} | ret=SUCCESS |  
2019-08-30 05:17:52,200 | INFO  | DNAudit | user=null | ip=null | op=WRITE_CHUNK {blockData=conID: 1 locID: 102704235946050123 bcsId: 3616} | ret=SUCCESS |  
2019-08-30 05:17:52,203 | INFO  | DNAudit | user=null | ip=null | op=WRITE_CHUNK {blockData=conID: 1 locID: 102704235946050123 bcsId: 3611} | ret=SUCCESS |  
2019-08-30 05:17:52,203 | INFO  | DNAudit | user=null | ip=null | op=WRITE_CHUNK {blockData=conID: 1 locID: 102704235946050123 bcsId: 3611} | ret=SUCCESS |  
2019-08-30 05:17:52,206 | INFO  | DNAudit | user=null | ip=null | op=PUT_BLOCK {blockData=[blockId=conID: 1 locID: 102704235946050123 bcsId: 0,size=3145728]} | ret=SUCCESS |  
2019-08-30 05:17:52,206 | INFO  | DNAudit | user=null | ip=null | op=PUT_BLOCK {blockData=[blockId=conID: 1 locID: 102704235946050123 bcsId: 0,size=3145728]} | ret=SUCCESS |  
2019-08-30 05:17:52,206 | INFO  | DNAudit | user=null | ip=null | op=WRITE_CHUNK {blockData=conID: 1 locID: 102704235946050123 bcsId: 3616} | ret=SUCCESS |  
2019-08-30 05:17:52,207 | INFO  | DNAudit | user=null | ip=null | op=PUT_BLOCK {blockData=[blockId=conID: 1 locID: 102704235946050123 bcsId: 0,size=4194304]} | ret=SUCCESS |  
2019-08-30 05:17:52,207 [grpc-default-executor-1] INFO  client.GrpcClientProtocolClient (GrpcClientProtocolClient.java:onNext(255)) - client-574492D41EE7->134d4672-e322-4e4b-b7f3-5645abb0fe8c: receive RaftClientReply:client-574492D41EE7->134d4672-e322-4e4b-b7f3-5645abb0fe8c@group-3CB1DFFBCDC2, cid=2445, SUCCESS, logIndex=3619, commits[134d4672-e322-4e4b-b7f3-5645abb0fe8c:c3620, 73af84f3-3e88-4c8c-894c-3ad307bcac8d:c3616, 730a25a1-dbec-44ed-975b-a44ab0096beb:c3616]
2019-08-30 05:17:52,207 [grpc-default-executor-1] INFO  client.GrpcClientProtocolClient (GrpcClientProtocolClient.java:onNext(255)) - client-574492D41EE7->134d4672-e322-4e4b-b7f3-5645abb0fe8c: receive RaftClientReply:client-574492D41EE7->134d4672-e322-4e4b-b7f3-5645abb0fe8c@group-3CB1DFFBCDC2, cid=2446, SUCCESS, logIndex=3620, commits[134d4672-e322-4e4b-b7f3-5645abb0fe8c:c3620, 73af84f3-3e88-4c8c-894c-3ad307bcac8d:c3616, 730a25a1-dbec-44ed-975b-a44ab0096beb:c3616]
2019-08-30 05:17:52,218 | INFO  | DNAudit | user=null | ip=null | op=WRITE_CHUNK {blockData=conID: 1 locID: 102704235946050123 bcsId: 3616} | ret=SUCCESS |  
2019-08-30 05:17:52,218 | INFO  | DNAudit | user=null | ip=null | op=WRITE_CHUNK {blockData=conID: 1 locID: 102704235946050123 bcsId: 3616} | ret=SUCCESS |  
2019-08-30 05:17:52,221 | INFO  | DNAudit | user=null | ip=null | op=PUT_BLOCK {blockData=[blockId=conID: 1 locID: 102704235946050123 bcsId: 0,size=4194304]} | ret=SUCCESS |  
2019-08-30 05:17:52,221 | INFO  | DNAudit | user=null | ip=null | op=PUT_BLOCK {blockData=[blockId=conID: 1 locID: 102704235946050123 bcsId: 0,size=4194304]} | ret=SUCCESS |  
2019-08-30 05:17:52,222 [grpc-default-executor-1] INFO  client.GrpcClientProtocolClient (GrpcClientProtocolClient.java:onNext(255)) - client-574492D41EE7->134d4672-e322-4e4b-b7f3-5645abb0fe8c: receive RaftClientReply:client-574492D41EE7->134d4672-e322-4e4b-b7f3-5645abb0fe8c@group-3CB1DFFBCDC2, cid=2447, SUCCESS, logIndex=0, commits[134d4672-e322-4e4b-b7f3-5645abb0fe8c:c3622, 73af84f3-3e88-4c8c-894c-3ad307bcac8d:c3620, 730a25a1-dbec-44ed-975b-a44ab0096beb:c3620]
2019-08-30 05:17:52,226 | INFO  | SCMAudit | user=jenkins1000 | ip=192.168.36.106 | op=ALLOCATE_BLOCK {owner=85755eb5-052d-48fa-b271-2fe4d8754e12, size=4194304, type=RATIS, factor=THREE} | ret=SUCCESS |  
2019-08-30 05:17:52,229 | INFO  | OMAudit | user=jenkins1000 | ip=127.0.0.1 | op=ALLOCATE_BLOCK {volume=vol-0-00977, bucket=bucket-0-44205, key=key-0-32850, dataSize=0, replicationType=null, replicationFactor=null, keyLocationInfo=null, clientID=102704234570776978} | ret=SUCCESS |  
2019-08-30 05:17:52,237 | INFO  | DNAudit | user=null | ip=null | op=WRITE_CHUNK {blockData=conID: 2 locID: 102704235952603724 bcsId: 0} | ret=SUCCESS |  
2019-08-30 05:17:52,239 | INFO  | DNAudit | user=null | ip=null | op=WRITE_CHUNK {blockData=conID: 2 locID: 102704235952603724 bcsId: 0} | ret=SUCCESS |  
2019-08-30 05:17:52,239 | INFO  | DNAudit | user=null | ip=null | op=WRITE_CHUNK {blockData=conID: 2 locID: 102704235952603724 bcsId: 0} | ret=SUCCESS |  
2019-08-30 05:17:52,240 | INFO  | DNAudit | user=null | ip=null | op=WRITE_CHUNK {blockData=conID: 2 locID: 102704235952603724 bcsId: 0} | ret=SUCCESS |  
2019-08-30 05:17:52,242 | INFO  | DNAudit | user=null | ip=null | op=WRITE_CHUNK {blockData=conID: 2 locID: 102704235952603724 bcsId: 0} | ret=SUCCESS |  
2019-08-30 05:17:52,244 | INFO  | DNAudit | user=null | ip=null | op=WRITE_CHUNK {blockData=conID: 2 locID: 102704235952603724 bcsId: 0} | ret=SUCCESS |  
2019-08-30 05:17:52,251 | INFO  | DNAudit | user=null | ip=null | op=WRITE_CHUNK {blockData=conID: 2 locID: 102704235952603724 bcsId: 0} | ret=SUCCESS |  
2019-08-30 05:17:52,251 | INFO  | DNAudit | user=null | ip=null | op=PUT_BLOCK {blockData=[blockId=conID: 2 locID: 102704235952603724 bcsId: 0,size=1048576]} | ret=SUCCESS |  
2019-08-30 05:17:52,251 [grpc-default-executor-6] INFO  client.GrpcClientProtocolClient (GrpcClientProtocolClient.java:onNext(255)) - client-574492D41EE7->134d4672-e322-4e4b-b7f3-5645abb0fe8c: receive RaftClientReply:client-574492D41EE7->134d4672-e322-4e4b-b7f3-5645abb0fe8c@group-3CB1DFFBCDC2, cid=2448, SUCCESS, logIndex=3623, commits[134d4672-e322-4e4b-b7f3-5645abb0fe8c:c3624, 73af84f3-3e88-4c8c-894c-3ad307bcac8d:c3622, 730a25a1-dbec-44ed-975b-a44ab0096beb:c3622]
2019-08-30 05:17:52,252 [grpc-default-executor-6] INFO  client.GrpcClientProtocolClient (GrpcClientProtocolClient.java:onNext(255)) - client-574492D41EE7->134d4672-e322-4e4b-b7f3-5645abb0fe8c: receive RaftClientReply:client-574492D41EE7->134d4672-e322-4e4b-b7f3-5645abb0fe8c@group-3CB1DFFBCDC2, cid=2449, SUCCESS, logIndex=3624, commits[134d4672-e322-4e4b-b7f3-5645abb0fe8c:c3624, 73af84f3-3e88-4c8c-894c-3ad307bcac8d:c3622, 730a25a1-dbec-44ed-975b-a44ab0096beb:c3622]
2019-08-30 05:17:52,263 | INFO  | DNAudit | user=null | ip=null | op=WRITE_CHUNK {blockData=conID: 2 locID: 102704235952603724 bcsId: 0} | ret=SUCCESS |  
2019-08-30 05:17:52,264 | INFO  | DNAudit | user=null | ip=null | op=PUT_BLOCK {blockData=[blockId=conID: 2 locID: 102704235952603724 bcsId: 0,size=2097152]} | ret=SUCCESS |  
2019-08-30 05:17:52,264 [grpc-default-executor-6] INFO  client.GrpcClientProtocolClient (GrpcClientProtocolClient.java:onNext(255)) - client-574492D41EE7->134d4672-e322-4e4b-b7f3-5645abb0fe8c: receive RaftClientReply:client-574492D41EE7->134d4672-e322-4e4b-b7f3-5645abb0fe8c@group-3CB1DFFBCDC2, cid=2450, SUCCESS, logIndex=3625, commits[134d4672-e322-4e4b-b7f3-5645abb0fe8c:c3626, 73af84f3-3e88-4c8c-894c-3ad307bcac8d:c3622, 730a25a1-dbec-44ed-975b-a44ab0096beb:c3622]
2019-08-30 05:17:52,264 [grpc-default-executor-6] INFO  client.GrpcClientProtocolClient (GrpcClientProtocolClient.java:onNext(255)) - client-574492D41EE7->134d4672-e322-4e4b-b7f3-5645abb0fe8c: receive RaftClientReply:client-574492D41EE7->134d4672-e322-4e4b-b7f3-5645abb0fe8c@group-3CB1DFFBCDC2, cid=2451, SUCCESS, logIndex=3626, commits[134d4672-e322-4e4b-b7f3-5645abb0fe8c:c3626, 73af84f3-3e88-4c8c-894c-3ad307bcac8d:c3622, 730a25a1-dbec-44ed-975b-a44ab0096beb:c3622]
2019-08-30 05:17:52,273 | INFO  | DNAudit | user=null | ip=null | op=WRITE_CHUNK {blockData=conID: 2 locID: 102704235952603724 bcsId: 0} | ret=SUCCESS |  
2019-08-30 05:17:52,274 | INFO  | DNAudit | user=null | ip=null | op=PUT_BLOCK {blockData=[blockId=conID: 2 locID: 102704235952603724 bcsId: 0,size=1048576]} | ret=SUCCESS |  
2019-08-30 05:17:52,276 | INFO  | DNAudit | user=null | ip=null | op=WRITE_CHUNK {blockData=conID: 2 locID: 102704235952603724 bcsId: 0} | ret=SUCCESS |  
2019-08-30 05:17:52,276 | INFO  | DNAudit | user=null | ip=null | op=PUT_BLOCK {blockData=[blockId=conID: 2 locID: 102704235952603724 bcsId: 0,size=1048576]} | ret=SUCCESS |  
2019-08-30 05:17:52,276 [grpc-default-executor-6] INFO  client.GrpcClientProtocolClient (GrpcClientProtocolClient.java:onNext(255)) - client-574492D41EE7->134d4672-e322-4e4b-b7f3-5645abb0fe8c: receive RaftClientReply:client-574492D41EE7->134d4672-e322-4e4b-b7f3-5645abb0fe8c@group-3CB1DFFBCDC2, cid=2452, SUCCESS, logIndex=0, commits[134d4672-e322-4e4b-b7f3-5645abb0fe8c:c3628, 73af84f3-3e88-4c8c-894c-3ad307bcac8d:c3624, 730a25a1-dbec-44ed-975b-a44ab0096beb:c3624]
2019-08-30 05:17:52,282 | INFO  | DNAudit | user=null | ip=null | op=WRITE_CHUNK {blockData=conID: 2 locID: 102704235952603724 bcsId: 3626} | ret=SUCCESS |  
2019-08-30 05:17:52,283 | INFO  | DNAudit | user=null | ip=null | op=WRITE_CHUNK {blockData=conID: 2 locID: 102704235952603724 bcsId: 3626} | ret=SUCCESS |  
2019-08-30 05:17:52,285 | INFO  | DNAudit | user=null | ip=null | op=WRITE_CHUNK {blockData=conID: 2 locID: 102704235952603724 bcsId: 3626} | ret=SUCCESS |  
2019-08-30 05:17:52,285 | INFO  | DNAudit | user=null | ip=null | op=WRITE_CHUNK {blockData=conID: 2 locID: 102704235952603724 bcsId: 0} | ret=SUCCESS |  
2019-08-30 05:17:52,285 | INFO  | DNAudit | user=null | ip=null | op=PUT_BLOCK {blockData=[blockId=conID: 2 locID: 102704235952603724 bcsId: 0,size=2097152]} | ret=SUCCESS |  
2019-08-30 05:17:52,287 | INFO  | DNAudit | user=null | ip=null | op=WRITE_CHUNK {blockData=conID: 2 locID: 102704235952603724 bcsId: 0} | ret=SUCCESS |  
2019-08-30 05:17:52,287 | INFO  | DNAudit | user=null | ip=null | op=PUT_BLOCK {blockData=[blockId=conID: 2 locID: 102704235952603724 bcsId: 0,size=2097152]} | ret=SUCCESS |  
2019-08-30 05:17:52,288 | INFO  | DNAudit | user=null | ip=null | op=WRITE_CHUNK {blockData=conID: 2 locID: 102704235952603724 bcsId: 3626} | ret=SUCCESS |  
2019-08-30 05:17:52,289 | INFO  | DNAudit | user=null | ip=null | op=PUT_BLOCK {blockData=[blockId=conID: 2 locID: 102704235952603724 bcsId: 0,size=3145728]} | ret=SUCCESS |  
2019-08-30 05:17:52,289 [grpc-default-executor-1] INFO  client.GrpcClientProtocolClient (GrpcClientProtocolClient.java:onNext(255)) - client-574492D41EE7->134d4672-e322-4e4b-b7f3-5645abb0fe8c: receive RaftClientReply:client-574492D41EE7->134d4672-e322-4e4b-b7f3-5645abb0fe8c@group-3CB1DFFBCDC2, cid=2453, SUCCESS, logIndex=3631, commits[134d4672-e322-4e4b-b7f3-5645abb0fe8c:c3632, 73af84f3-3e88-4c8c-894c-3ad307bcac8d:c3628, 730a25a1-dbec-44ed-975b-a44ab0096beb:c3626]
2019-08-30 05:17:52,289 [grpc-default-executor-1] INFO  client.GrpcClientProtocolClient (GrpcClientProtocolClient.java:onNext(255)) - client-574492D41EE7->134d4672-e322-4e4b-b7f3-5645abb0fe8c: receive RaftClientReply:client-574492D41EE7->134d4672-e322-4e4b-b7f3-5645abb0fe8c@group-3CB1DFFBCDC2, cid=2454, SUCCESS, logIndex=3632, commits[134d4672-e322-4e4b-b7f3-5645abb0fe8c:c3632, 73af84f3-3e88-4c8c-894c-3ad307bcac8d:c3628, 730a25a1-dbec-44ed-975b-a44ab0096beb:c3628]
2019-08-30 05:17:52,290 | INFO  | DNAudit | user=null | ip=null | op=WRITE_CHUNK {blockData=conID: 2 locID: 102704235952603724 bcsId: 3626} | ret=SUCCESS |  
2019-08-30 05:17:52,290 | INFO  | DNAudit | user=null | ip=null | op=WRITE_CHUNK {blockData=conID: 2 locID: 102704235952603724 bcsId: 3626} | ret=SUCCESS |  
2019-08-30 05:17:52,290 | INFO  | DNAudit | user=null | ip=null | op=PUT_BLOCK {blockData=[blockId=conID: 2 locID: 102704235952603724 bcsId: 0,size=3145728]} | ret=SUCCESS |  
2019-08-30 05:17:52,291 | INFO  | DNAudit | user=null | ip=null | op=PUT_BLOCK {blockData=[blockId=conID: 2 locID: 102704235952603724 bcsId: 0,size=3145728]} | ret=SUCCESS |  
2019-08-30 05:17:52,295 | INFO  | DNAudit | user=null | ip=null | op=WRITE_CHUNK {blockData=conID: 2 locID: 102704235952603724 bcsId: 3632} | ret=SUCCESS |  
2019-08-30 05:17:52,296 | INFO  | DNAudit | user=null | ip=null | op=WRITE_CHUNK {blockData=conID: 2 locID: 102704235952603724 bcsId: 3632} | ret=SUCCESS |  
2019-08-30 05:17:52,296 | INFO  | DNAudit | user=null | ip=null | op=WRITE_CHUNK {blockData=conID: 2 locID: 102704235952603724 bcsId: 3632} | ret=SUCCESS |  
2019-08-30 05:17:52,310 | INFO  | DNAudit | user=null | ip=null | op=WRITE_CHUNK {blockData=conID: 2 locID: 102704235952603724 bcsId: 3632} | ret=SUCCESS |  
2019-08-30 05:17:52,310 | INFO  | DNAudit | user=null | ip=null | op=PUT_BLOCK {blockData=[blockId=conID: 2 locID: 102704235952603724 bcsId: 0,size=4194304]} | ret=SUCCESS |  
2019-08-30 05:17:52,310 [grpc-default-executor-5] INFO  client.GrpcClientProtocolClient (GrpcClientProtocolClient.java:onNext(255)) - client-574492D41EE7->134d4672-e322-4e4b-b7f3-5645abb0fe8c: receive RaftClientReply:client-574492D41EE7->134d4672-e322-4e4b-b7f3-5645abb0fe8c@group-3CB1DFFBCDC2, cid=2455, SUCCESS, logIndex=3635, commits[134d4672-e322-4e4b-b7f3-5645abb0fe8c:c3636, 73af84f3-3e88-4c8c-894c-3ad307bcac8d:c3634, 730a25a1-dbec-44ed-975b-a44ab0096beb:c3634]
2019-08-30 05:17:52,310 [grpc-default-executor-5] INFO  client.GrpcClientProtocolClient (GrpcClientProtocolClient.java:onNext(255)) - client-574492D41EE7->134d4672-e322-4e4b-b7f3-5645abb0fe8c: receive RaftClientReply:client-574492D41EE7->134d4672-e322-4e4b-b7f3-5645abb0fe8c@group-3CB1DFFBCDC2, cid=2456, SUCCESS, logIndex=3636, commits[134d4672-e322-4e4b-b7f3-5645abb0fe8c:c3636, 73af84f3-3e88-4c8c-894c-3ad307bcac8d:c3634, 730a25a1-dbec-44ed-975b-a44ab0096beb:c3634]
2019-08-30 05:17:52,313 | INFO  | SCMAudit | user=jenkins1000 | ip=192.168.36.106 | op=SEND_HEARTBEAT {datanodeUUID=134d4672-e322-4e4b-b7f3-5645abb0fe8c, command=[]} | ret=SUCCESS |  
2019-08-30 05:17:52,314 | INFO  | SCMAudit | user=jenkins1000 | ip=192.168.36.106 | op=SEND_HEARTBEAT {datanodeUUID=ea5d4b6b-4a08-401a-8c59-ecc1ca37daf5, command=[]} | ret=SUCCESS |  
2019-08-30 05:17:52,315 | INFO  | SCMAudit | user=jenkins1000 | ip=192.168.36.106 | op=SEND_HEARTBEAT {datanodeUUID=730a25a1-dbec-44ed-975b-a44ab0096beb, command=[]} | ret=SUCCESS |  
 0.00% |█                                                                                                    |  0/1 Time: 0:00:212019-08-30 05:17:52,315 | INFO  | SCMAudit | user=jenkins1000 | ip=192.168.36.106 | op=SEND_HEARTBEAT {datanodeUUID=73af84f3-3e88-4c8c-894c-3ad307bcac8d, command=[]} | ret=SUCCESS |  
2019-08-30 05:17:52,321 | INFO  | DNAudit | user=null | ip=null | op=WRITE_CHUNK {blockData=conID: 2 locID: 102704235952603724 bcsId: 3632} | ret=SUCCESS |  
2019-08-30 05:17:52,321 | INFO  | DNAudit | user=null | ip=null | op=WRITE_CHUNK {blockData=conID: 2 locID: 102704235952603724 bcsId: 3632} | ret=SUCCESS |  
2019-08-30 05:17:52,324 | INFO  | DNAudit | user=null | ip=null | op=PUT_BLOCK {blockData=[blockId=conID: 2 locID: 102704235952603724 bcsId: 0,size=4194304]} | ret=SUCCESS |  
2019-08-30 05:17:52,324 | INFO  | DNAudit | user=null | ip=null | op=PUT_BLOCK {blockData=[blockId=conID: 2 locID: 102704235952603724 bcsId: 0,size=4194304]} | ret=SUCCESS |  
2019-08-30 05:17:52,325 [grpc-default-executor-5] INFO  client.GrpcClientProtocolClient (GrpcClientProtocolClient.java:onNext(255)) - client-574492D41EE7->134d4672-e322-4e4b-b7f3-5645abb0fe8c: receive RaftClientReply:client-574492D41EE7->134d4672-e322-4e4b-b7f3-5645abb0fe8c@group-3CB1DFFBCDC2, cid=2457, SUCCESS, logIndex=0, commits[134d4672-e322-4e4b-b7f3-5645abb0fe8c:c3638, 73af84f3-3e88-4c8c-894c-3ad307bcac8d:c3636, 730a25a1-dbec-44ed-975b-a44ab0096beb:c3636]
2019-08-30 05:17:52,329 | INFO  | SCMAudit | user=jenkins1000 | ip=192.168.36.106 | op=ALLOCATE_BLOCK {owner=85755eb5-052d-48fa-b271-2fe4d8754e12, size=4194304, type=RATIS, factor=THREE} | ret=SUCCESS |  
2019-08-30 05:17:52,331 | INFO  | OMAudit | user=jenkins1000 | ip=127.0.0.1 | op=ALLOCATE_BLOCK {volume=vol-0-00977, bucket=bucket-0-44205, key=key-0-32850, dataSize=0, replicationType=null, replicationFactor=null, keyLocationInfo=null, clientID=102704234570776978} | ret=SUCCESS |  
2019-08-30 05:17:52,337 | INFO  | DNAudit | user=null | ip=null | op=WRITE_CHUNK {blockData=conID: 3 locID: 102704235959353933 bcsId: 0} | ret=SUCCESS |  
2019-08-30 05:17:52,339 | INFO  | DNAudit | user=null | ip=null | op=WRITE_CHUNK {blockData=conID: 3 locID: 102704235959353933 bcsId: 0} | ret=SUCCESS |  
2019-08-30 05:17:52,340 | INFO  | DNAudit | user=null | ip=null | op=WRITE_CHUNK {blockData=conID: 3 locID: 102704235959353933 bcsId: 0} | ret=SUCCESS |  
2019-08-30 05:17:52,340 | INFO  | DNAudit | user=null | ip=null | op=WRITE_CHUNK {blockData=conID: 3 locID: 102704235959353933 bcsId: 0} | ret=SUCCESS |  
2019-08-30 05:17:52,341 | INFO  | DNAudit | user=null | ip=null | op=WRITE_CHUNK {blockData=conID: 3 locID: 102704235959353933 bcsId: 0} | ret=SUCCESS |  
2019-08-30 05:17:52,342 | INFO  | DNAudit | user=null | ip=null | op=WRITE_CHUNK {blockData=conID: 3 locID: 102704235959353933 bcsId: 0} | ret=SUCCESS |  
2019-08-30 05:17:52,349 | INFO  | DNAudit | user=null | ip=null | op=WRITE_CHUNK {blockData=conID: 3 locID: 102704235959353933 bcsId: 0} | ret=SUCCESS |  
2019-08-30 05:17:52,350 | INFO  | DNAudit | user=null | ip=null | op=PUT_BLOCK {blockData=[blockId=conID: 3 locID: 102704235959353933 bcsId: 0,size=1048576]} | ret=SUCCESS |  
2019-08-30 05:17:52,350 [grpc-default-executor-1] INFO  client.GrpcClientProtocolClient (GrpcClientProtocolClient.java:onNext(255)) - client-574492D41EE7->134d4672-e322-4e4b-b7f3-5645abb0fe8c: receive RaftClientReply:client-574492D41EE7->134d4672-e322-4e4b-b7f3-5645abb0fe8c@group-3CB1DFFBCDC2, cid=2458, SUCCESS, logIndex=3639, commits[134d4672-e322-4e4b-b7f3-5645abb0fe8c:c3642, 73af84f3-3e88-4c8c-894c-3ad307bcac8d:c3638, 730a25a1-dbec-44ed-975b-a44ab0096beb:c3638]
2019-08-30 05:17:52,351 | INFO  | DNAudit | user=null | ip=null | op=WRITE_CHUNK {blockData=conID: 3 locID: 102704235959353933 bcsId: 0} | ret=SUCCESS |  
2019-08-30 05:17:52,351 | INFO  | DNAudit | user=null | ip=null | op=WRITE_CHUNK {blockData=conID: 3 locID: 102704235959353933 bcsId: 0} | ret=SUCCESS |  
2019-08-30 05:17:52,351 | INFO  | DNAudit | user=null | ip=null | op=PUT_BLOCK {blockData=[blockId=conID: 3 locID: 102704235959353933 bcsId: 0,size=1048576]} | ret=SUCCESS |  
2019-08-30 05:17:52,351 [grpc-default-executor-1] INFO  client.GrpcClientProtocolClient (GrpcClientProtocolClient.java:onNext(255)) - client-574492D41EE7->134d4672-e322-4e4b-b7f3-5645abb0fe8c: receive RaftClientReply:client-574492D41EE7->134d4672-e322-4e4b-b7f3-5645abb0fe8c@group-3CB1DFFBCDC2, cid=2459, SUCCESS, logIndex=3640, commits[134d4672-e322-4e4b-b7f3-5645abb0fe8c:c3642, 73af84f3-3e88-4c8c-894c-3ad307bcac8d:c3638, 730a25a1-dbec-44ed-975b-a44ab0096beb:c3638]
2019-08-30 05:17:52,351 | INFO  | DNAudit | user=null | ip=null | op=PUT_BLOCK {blockData=[blockId=conID: 3 locID: 102704235959353933 bcsId: 0,size=2097152]} | ret=SUCCESS |  
2019-08-30 05:17:52,351 [grpc-default-executor-1] INFO  client.GrpcClientProtocolClient (GrpcClientProtocolClient.java:onNext(255)) - client-574492D41EE7->134d4672-e322-4e4b-b7f3-5645abb0fe8c: receive RaftClientReply:client-574492D41EE7->134d4672-e322-4e4b-b7f3-5645abb0fe8c@group-3CB1DFFBCDC2, cid=2460, SUCCESS, logIndex=3641, commits[134d4672-e322-4e4b-b7f3-5645abb0fe8c:c3643, 73af84f3-3e88-4c8c-894c-3ad307bcac8d:c3640, 730a25a1-dbec-44ed-975b-a44ab0096beb:c3638]
2019-08-30 05:17:52,352 | INFO  | DNAudit | user=null | ip=null | op=WRITE_CHUNK {blockData=conID: 3 locID: 102704235959353933 bcsId: 0} | ret=SUCCESS |  
2019-08-30 05:17:52,352 [grpc-default-executor-1] INFO  client.GrpcClientProtocolClient (GrpcClientProtocolClient.java:onNext(255)) - client-574492D41EE7->134d4672-e322-4e4b-b7f3-5645abb0fe8c: receive RaftClientReply:client-574492D41EE7->134d4672-e322-4e4b-b7f3-5645abb0fe8c@group-3CB1DFFBCDC2, cid=2461, SUCCESS, logIndex=3642, commits[134d4672-e322-4e4b-b7f3-5645abb0fe8c:c3643, 73af84f3-3e88-4c8c-894c-3ad307bcac8d:c3640, 730a25a1-dbec-44ed-975b-a44ab0096beb:c3638]
2019-08-30 05:17:52,352 | INFO  | DNAudit | user=null | ip=null | op=PUT_BLOCK {blockData=[blockId=conID: 3 locID: 102704235959353933 bcsId: 0,size=1048576]} | ret=SUCCESS |  
2019-08-30 05:17:52,352 | INFO  | DNAudit | user=null | ip=null | op=WRITE_CHUNK {blockData=conID: 3 locID: 102704235959353933 bcsId: 0} | ret=SUCCESS |  
2019-08-30 05:17:52,353 | INFO  | DNAudit | user=null | ip=null | op=PUT_BLOCK {blockData=[blockId=conID: 3 locID: 102704235959353933 bcsId: 0,size=2097152]} | ret=SUCCESS |  
2019-08-30 05:17:52,353 [grpc-default-executor-1] INFO  client.GrpcClientProtocolClient (GrpcClientProtocolClient.java:onNext(255)) - client-574492D41EE7->134d4672-e322-4e4b-b7f3-5645abb0fe8c: receive RaftClientReply:client-574492D41EE7->134d4672-e322-4e4b-b7f3-5645abb0fe8c@group-3CB1DFFBCDC2, cid=2462, SUCCESS, logIndex=0, commits[134d4672-e322-4e4b-b7f3-5645abb0fe8c:c3646, 73af84f3-3e88-4c8c-894c-3ad307bcac8d:c3640, 730a25a1-dbec-44ed-975b-a44ab0096beb:c3642]
2019-08-30 05:17:52,359 | INFO  | DNAudit | user=null | ip=null | op=WRITE_CHUNK {blockData=conID: 3 locID: 102704235959353933 bcsId: 3642} | ret=SUCCESS |  
2019-08-30 05:17:52,361 | INFO  | DNAudit | user=null | ip=null | op=WRITE_CHUNK {blockData=conID: 3 locID: 102704235959353933 bcsId: 3642} | ret=SUCCESS |  
2019-08-30 05:17:52,361 | INFO  | DNAudit | user=null | ip=null | op=WRITE_CHUNK {blockData=conID: 3 locID: 102704235959353933 bcsId: 3642} | ret=SUCCESS |  
2019-08-30 05:17:52,363 | INFO  | DNAudit | user=null | ip=null | op=WRITE_CHUNK {blockData=conID: 3 locID: 102704235959353933 bcsId: 0} | ret=SUCCESS |  
2019-08-30 05:17:52,363 | INFO  | DNAudit | user=null | ip=null | op=PUT_BLOCK {blockData=[blockId=conID: 3 locID: 102704235959353933 bcsId: 0,size=2097152]} | ret=SUCCESS |  
2019-08-30 05:17:52,364 | INFO  | DNAudit | user=null | ip=null | op=WRITE_CHUNK {blockData=conID: 3 locID: 102704235959353933 bcsId: 3642} | ret=SUCCESS |  
2019-08-30 05:17:52,364 | INFO  | DNAudit | user=null | ip=null | op=PUT_BLOCK {blockData=[blockId=conID: 3 locID: 102704235959353933 bcsId: 0,size=3145728]} | ret=SUCCESS |  
2019-08-30 05:17:52,364 [grpc-default-executor-5] INFO  client.GrpcClientProtocolClient (GrpcClientProtocolClient.java:onNext(255)) - client-574492D41EE7->134d4672-e322-4e4b-b7f3-5645abb0fe8c: receive RaftClientReply:client-574492D41EE7->134d4672-e322-4e4b-b7f3-5645abb0fe8c@group-3CB1DFFBCDC2, cid=2463, SUCCESS, logIndex=3647, commits[134d4672-e322-4e4b-b7f3-5645abb0fe8c:c3648, 73af84f3-3e88-4c8c-894c-3ad307bcac8d:c3642, 730a25a1-dbec-44ed-975b-a44ab0096beb:c3646]
2019-08-30 05:17:52,364 [grpc-default-executor-6] INFO  client.GrpcClientProtocolClient (GrpcClientProtocolClient.java:onNext(255)) - client-574492D41EE7->134d4672-e322-4e4b-b7f3-5645abb0fe8c: receive RaftClientReply:client-574492D41EE7->134d4672-e322-4e4b-b7f3-5645abb0fe8c@group-3CB1DFFBCDC2, cid=2464, SUCCESS, logIndex=3648, commits[134d4672-e322-4e4b-b7f3-5645abb0fe8c:c3648, 73af84f3-3e88-4c8c-894c-3ad307bcac8d:c3646, 730a25a1-dbec-44ed-975b-a44ab0096beb:c3646]
2019-08-30 05:17:52,365 | INFO  | DNAudit | user=null | ip=null | op=WRITE_CHUNK {blockData=conID: 3 locID: 102704235959353933 bcsId: 3642} | ret=SUCCESS |  
2019-08-30 05:17:52,365 | INFO  | DNAudit | user=null | ip=null | op=WRITE_CHUNK {blockData=conID: 3 locID: 102704235959353933 bcsId: 3642} | ret=SUCCESS |  
2019-08-30 05:17:52,365 | INFO  | DNAudit | user=null | ip=null | op=PUT_BLOCK {blockData=[blockId=conID: 3 locID: 102704235959353933 bcsId: 0,size=3145728]} | ret=SUCCESS |  
2019-08-30 05:17:52,365 | INFO  | DNAudit | user=null | ip=null | op=PUT_BLOCK {blockData=[blockId=conID: 3 locID: 102704235959353933 bcsId: 0,size=3145728]} | ret=SUCCESS |  
2019-08-30 05:17:52,371 | INFO  | DNAudit | user=null | ip=null | op=WRITE_CHUNK {blockData=conID: 3 locID: 102704235959353933 bcsId: 3648} | ret=SUCCESS |  
2019-08-30 05:17:52,372 | INFO  | DNAudit | user=null | ip=null | op=WRITE_CHUNK {blockData=conID: 3 locID: 102704235959353933 bcsId: 3648} | ret=SUCCESS |  
2019-08-30 05:17:52,373 | INFO  | DNAudit | user=null | ip=null | op=WRITE_CHUNK {blockData=conID: 3 locID: 102704235959353933 bcsId: 3648} | ret=SUCCESS |  
2019-08-30 05:17:52,383 | INFO  | DNAudit | user=null | ip=null | op=WRITE_CHUNK {blockData=conID: 3 locID: 102704235959353933 bcsId: 3648} | ret=SUCCESS |  
2019-08-30 05:17:52,384 | INFO  | DNAudit | user=null | ip=null | op=PUT_BLOCK {blockData=[blockId=conID: 3 locID: 102704235959353933 bcsId: 0,size=4194304]} | ret=SUCCESS |  
2019-08-30 05:17:52,384 [grpc-default-executor-1] INFO  client.GrpcClientProtocolClient (GrpcClientProtocolClient.java:onNext(255)) - client-574492D41EE7->134d4672-e322-4e4b-b7f3-5645abb0fe8c: receive RaftClientReply:client-574492D41EE7->134d4672-e322-4e4b-b7f3-5645abb0fe8c@group-3CB1DFFBCDC2, cid=2465, SUCCESS, logIndex=3651, commits[134d4672-e322-4e4b-b7f3-5645abb0fe8c:c3652, 73af84f3-3e88-4c8c-894c-3ad307bcac8d:c3650, 730a25a1-dbec-44ed-975b-a44ab0096beb:c3650]
2019-08-30 05:17:52,384 [grpc-default-executor-1] INFO  client.GrpcClientProtocolClient (GrpcClientProtocolClient.java:onNext(255)) - client-574492D41EE7->134d4672-e322-4e4b-b7f3-5645abb0fe8c: receive RaftClientReply:client-574492D41EE7->134d4672-e322-4e4b-b7f3-5645abb0fe8c@group-3CB1DFFBCDC2, cid=2466, SUCCESS, logIndex=3652, commits[134d4672-e322-4e4b-b7f3-5645abb0fe8c:c3652, 73af84f3-3e88-4c8c-894c-3ad307bcac8d:c3650, 730a25a1-dbec-44ed-975b-a44ab0096beb:c3650]
2019-08-30 05:17:52,395 | INFO  | DNAudit | user=null | ip=null | op=WRITE_CHUNK {blockData=conID: 3 locID: 102704235959353933 bcsId: 3648} | ret=SUCCESS |  
2019-08-30 05:17:52,395 | INFO  | DNAudit | user=null | ip=null | op=WRITE_CHUNK {blockData=conID: 3 locID: 102704235959353933 bcsId: 3648} | ret=SUCCESS |  
2019-08-30 05:17:52,398 | INFO  | DNAudit | user=null | ip=null | op=PUT_BLOCK {blockData=[blockId=conID: 3 locID: 102704235959353933 bcsId: 0,size=4194304]} | ret=SUCCESS |  
2019-08-30 05:17:52,398 | INFO  | DNAudit | user=null | ip=null | op=PUT_BLOCK {blockData=[blockId=conID: 3 locID: 102704235959353933 bcsId: 0,size=4194304]} | ret=SUCCESS |  
2019-08-30 05:17:52,398 [grpc-default-executor-1] INFO  client.GrpcClientProtocolClient (GrpcClientProtocolClient.java:onNext(255)) - client-574492D41EE7->134d4672-e322-4e4b-b7f3-5645abb0fe8c: receive RaftClientReply:client-574492D41EE7->134d4672-e322-4e4b-b7f3-5645abb0fe8c@group-3CB1DFFBCDC2, cid=2467, SUCCESS, logIndex=0, commits[134d4672-e322-4e4b-b7f3-5645abb0fe8c:c3654, 73af84f3-3e88-4c8c-894c-3ad307bcac8d:c3652, 730a25a1-dbec-44ed-975b-a44ab0096beb:c3652]
2019-08-30 05:17:52,402 | INFO  | SCMAudit | user=jenkins1000 | ip=192.168.36.106 | op=ALLOCATE_BLOCK {owner=85755eb5-052d-48fa-b271-2fe4d8754e12, size=4194304, type=RATIS, factor=THREE} | ret=SUCCESS |  
2019-08-30 05:17:52,405 | INFO  | OMAudit | user=jenkins1000 | ip=127.0.0.1 | op=ALLOCATE_BLOCK {volume=vol-0-00977, bucket=bucket-0-44205, key=key-0-32850, dataSize=0, replicationType=null, replicationFactor=null, keyLocationInfo=null, clientID=102704234570776978} | ret=SUCCESS |  
2019-08-30 05:17:52,412 | INFO  | DNAudit | user=null | ip=null | op=WRITE_CHUNK {blockData=conID: 1 locID: 102704235964138062 bcsId: 0} | ret=SUCCESS |  
2019-08-30 05:17:52,414 | INFO  | DNAudit | user=null | ip=null | op=WRITE_CHUNK {blockData=conID: 1 locID: 102704235964138062 bcsId: 0} | ret=SUCCESS |  
2019-08-30 05:17:52,414 | INFO  | DNAudit | user=null | ip=null | op=WRITE_CHUNK {blockData=conID: 1 locID: 102704235964138062 bcsId: 0} | ret=SUCCESS |  
2019-08-30 05:17:52,416 | INFO  | DNAudit | user=null | ip=null | op=WRITE_CHUNK {blockData=conID: 1 locID: 102704235964138062 bcsId: 0} | ret=SUCCESS |  
2019-08-30 05:17:52,418 | INFO  | DNAudit | user=null | ip=null | op=WRITE_CHUNK {blockData=conID: 1 locID: 102704235964138062 bcsId: 0} | ret=SUCCESS |  
2019-08-30 05:17:52,419 | INFO  | DNAudit | user=null | ip=null | op=WRITE_CHUNK {blockData=conID: 1 locID: 102704235964138062 bcsId: 0} | ret=SUCCESS |  
2019-08-30 05:17:52,424 | INFO  | DNAudit | user=null | ip=null | op=WRITE_CHUNK {blockData=conID: 1 locID: 102704235964138062 bcsId: 0} | ret=SUCCESS |  
2019-08-30 05:17:52,425 | INFO  | DNAudit | user=null | ip=null | op=PUT_BLOCK {blockData=[blockId=conID: 1 locID: 102704235964138062 bcsId: 0,size=1048576]} | ret=SUCCESS |  
2019-08-30 05:17:52,425 [grpc-default-executor-6] INFO  client.GrpcClientProtocolClient (GrpcClientProtocolClient.java:onNext(255)) - client-574492D41EE7->134d4672-e322-4e4b-b7f3-5645abb0fe8c: receive RaftClientReply:client-574492D41EE7->134d4672-e322-4e4b-b7f3-5645abb0fe8c@group-3CB1DFFBCDC2, cid=2468, SUCCESS, logIndex=3655, commits[134d4672-e322-4e4b-b7f3-5645abb0fe8c:c3656, 73af84f3-3e88-4c8c-894c-3ad307bcac8d:c3654, 730a25a1-dbec-44ed-975b-a44ab0096beb:c3654]
2019-08-30 05:17:52,425 [grpc-default-executor-6] INFO  client.GrpcClientProtocolClient (GrpcClientProtocolClient.java:onNext(255)) - client-574492D41EE7->134d4672-e322-4e4b-b7f3-5645abb0fe8c: receive RaftClientReply:client-574492D41EE7->134d4672-e322-4e4b-b7f3-5645abb0fe8c@group-3CB1DFFBCDC2, cid=2469, SUCCESS, logIndex=3656, commits[134d4672-e322-4e4b-b7f3-5645abb0fe8c:c3656, 73af84f3-3e88-4c8c-894c-3ad307bcac8d:c3654, 730a25a1-dbec-44ed-975b-a44ab0096beb:c3654]
2019-08-30 05:17:52,426 | INFO  | DNAudit | user=null | ip=null | op=WRITE_CHUNK {blockData=conID: 1 locID: 102704235964138062 bcsId: 0} | ret=SUCCESS |  
2019-08-30 05:17:52,427 | INFO  | DNAudit | user=null | ip=null | op=PUT_BLOCK {blockData=[blockId=conID: 1 locID: 102704235964138062 bcsId: 0,size=2097152]} | ret=SUCCESS |  
2019-08-30 05:17:52,427 [grpc-default-executor-5] INFO  client.GrpcClientProtocolClient (GrpcClientProtocolClient.java:onNext(255)) - client-574492D41EE7->134d4672-e322-4e4b-b7f3-5645abb0fe8c: receive RaftClientReply:client-574492D41EE7->134d4672-e322-4e4b-b7f3-5645abb0fe8c@group-3CB1DFFBCDC2, cid=2470, SUCCESS, logIndex=3657, commits[134d4672-e322-4e4b-b7f3-5645abb0fe8c:c3658, 73af84f3-3e88-4c8c-894c-3ad307bcac8d:c3654, 730a25a1-dbec-44ed-975b-a44ab0096beb:c3654]
2019-08-30 05:17:52,427 [grpc-default-executor-5] INFO  client.GrpcClientProtocolClient (GrpcClientProtocolClient.java:onNext(255)) - client-574492D41EE7->134d4672-e322-4e4b-b7f3-5645abb0fe8c: receive RaftClientReply:client-574492D41EE7->134d4672-e322-4e4b-b7f3-5645abb0fe8c@group-3CB1DFFBCDC2, cid=2471, SUCCESS, logIndex=3658, commits[134d4672-e322-4e4b-b7f3-5645abb0fe8c:c3658, 73af84f3-3e88-4c8c-894c-3ad307bcac8d:c3654, 730a25a1-dbec-44ed-975b-a44ab0096beb:c3654]
2019-08-30 05:17:52,438 | INFO  | DNAudit | user=null | ip=null | op=WRITE_CHUNK {blockData=conID: 1 locID: 102704235964138062 bcsId: 0} | ret=SUCCESS |  
2019-08-30 05:17:52,438 | INFO  | DNAudit | user=null | ip=null | op=WRITE_CHUNK {blockData=conID: 1 locID: 102704235964138062 bcsId: 0} | ret=SUCCESS |  
2019-08-30 05:17:52,438 | INFO  | DNAudit | user=null | ip=null | op=PUT_BLOCK {blockData=[blockId=conID: 1 locID: 102704235964138062 bcsId: 0,size=1048576]} | ret=SUCCESS |  
2019-08-30 05:17:52,438 | INFO  | DNAudit | user=null | ip=null | op=PUT_BLOCK {blockData=[blockId=conID: 1 locID: 102704235964138062 bcsId: 0,size=1048576]} | ret=SUCCESS |  
2019-08-30 05:17:52,438 [grpc-default-executor-5] INFO  client.GrpcClientProtocolClient (GrpcClientProtocolClient.java:onNext(255)) - client-574492D41EE7->134d4672-e322-4e4b-b7f3-5645abb0fe8c: receive RaftClientReply:client-574492D41EE7->134d4672-e322-4e4b-b7f3-5645abb0fe8c@group-3CB1DFFBCDC2, cid=2472, SUCCESS, logIndex=0, commits[134d4672-e322-4e4b-b7f3-5645abb0fe8c:c3660, 73af84f3-3e88-4c8c-894c-3ad307bcac8d:c3656, 730a25a1-dbec-44ed-975b-a44ab0096beb:c3656]
2019-08-30 05:17:52,441 | INFO  | DNAudit | user=null | ip=null | op=WRITE_CHUNK {blockData=conID: 1 locID: 102704235964138062 bcsId: 0} | ret=SUCCESS |  
2019-08-30 05:17:52,441 | INFO  | DNAudit | user=null | ip=null | op=WRITE_CHUNK {blockData=conID: 1 locID: 102704235964138062 bcsId: 0} | ret=SUCCESS |  
2019-08-30 05:17:52,441 | INFO  | DNAudit | user=null | ip=null | op=PUT_BLOCK {blockData=[blockId=conID: 1 locID: 102704235964138062 bcsId: 0,size=2097152]} | ret=SUCCESS |  
2019-08-30 05:17:52,441 | INFO  | DNAudit | user=null | ip=null | op=PUT_BLOCK {blockData=[blockId=conID: 1 locID: 102704235964138062 bcsId: 0,size=2097152]} | ret=SUCCESS |  
2019-08-30 05:17:52,445 | INFO  | DNAudit | user=null | ip=null | op=WRITE_CHUNK {blockData=conID: 1 locID: 102704235964138062 bcsId: 3658} | ret=SUCCESS |  
2019-08-30 05:17:52,446 | INFO  | DNAudit | user=null | ip=null | op=WRITE_CHUNK {blockData=conID: 1 locID: 102704235964138062 bcsId: 3658} | ret=SUCCESS |  
2019-08-30 05:17:52,446 | INFO  | DNAudit | user=null | ip=null | op=WRITE_CHUNK {blockData=conID: 1 locID: 102704235964138062 bcsId: 3658} | ret=SUCCESS |  
2019-08-30 05:17:52,458 | INFO  | DNAudit | user=null | ip=null | op=WRITE_CHUNK {blockData=conID: 1 locID: 102704235964138062 bcsId: 3658} | ret=SUCCESS |  
2019-08-30 05:17:52,458 | INFO  | DNAudit | user=null | ip=null | op=PUT_BLOCK {blockData=[blockId=conID: 1 locID: 102704235964138062 bcsId: 0,size=3145728]} | ret=SUCCESS |  
2019-08-30 05:17:52,458 [grpc-default-executor-5] INFO  client.GrpcClientProtocolClient (GrpcClientProtocolClient.java:onNext(255)) - client-574492D41EE7->134d4672-e322-4e4b-b7f3-5645abb0fe8c: receive RaftClientReply:client-574492D41EE7->134d4672-e322-4e4b-b7f3-5645abb0fe8c@group-3CB1DFFBCDC2, cid=2473, SUCCESS, logIndex=3663, commits[134d4672-e322-4e4b-b7f3-5645abb0fe8c:c3664, 73af84f3-3e88-4c8c-894c-3ad307bcac8d:c3662, 730a25a1-dbec-44ed-975b-a44ab0096beb:c3662]
2019-08-30 05:17:52,459 [grpc-default-executor-5] INFO  client.GrpcClientProtocolClient (GrpcClientProtocolClient.java:onNext(255)) - client-574492D41EE7->134d4672-e322-4e4b-b7f3-5645abb0fe8c: receive RaftClientReply:client-574492D41EE7->134d4672-e322-4e4b-b7f3-5645abb0fe8c@group-3CB1DFFBCDC2, cid=2474, SUCCESS, logIndex=3664, commits[134d4672-e322-4e4b-b7f3-5645abb0fe8c:c3664, 73af84f3-3e88-4c8c-894c-3ad307bcac8d:c3662, 730a25a1-dbec-44ed-975b-a44ab0096beb:c3662]
2019-08-30 05:17:52,464 | INFO  | DNAudit | user=null | ip=null | op=WRITE_CHUNK {blockData=conID: 1 locID: 102704235964138062 bcsId: 3664} | ret=SUCCESS |  
2019-08-30 05:17:52,466 | INFO  | DNAudit | user=null | ip=null | op=WRITE_CHUNK {blockData=conID: 1 locID: 102704235964138062 bcsId: 3664} | ret=SUCCESS |  
2019-08-30 05:17:52,467 | INFO  | DNAudit | user=null | ip=null | op=WRITE_CHUNK {blockData=conID: 1 locID: 102704235964138062 bcsId: 3664} | ret=SUCCESS |  
2019-08-30 05:17:52,471 | INFO  | DNAudit | user=null | ip=null | op=WRITE_CHUNK {blockData=conID: 1 locID: 102704235964138062 bcsId: 3658} | ret=SUCCESS |  
2019-08-30 05:17:52,471 | INFO  | DNAudit | user=null | ip=null | op=WRITE_CHUNK {blockData=conID: 1 locID: 102704235964138062 bcsId: 3658} | ret=SUCCESS |  
2019-08-30 05:17:52,483 | INFO  | DNAudit | user=null | ip=null | op=PUT_BLOCK {blockData=[blockId=conID: 1 locID: 102704235964138062 bcsId: 0,size=3145728]} | ret=SUCCESS |  
2019-08-30 05:17:52,483 | INFO  | DNAudit | user=null | ip=null | op=PUT_BLOCK {blockData=[blockId=conID: 1 locID: 102704235964138062 bcsId: 0,size=3145728]} | ret=SUCCESS |  
2019-08-30 05:17:52,484 | INFO  | DNAudit | user=null | ip=null | op=WRITE_CHUNK {blockData=conID: 1 locID: 102704235964138062 bcsId: 3664} | ret=SUCCESS |  
2019-08-30 05:17:52,484 | INFO  | DNAudit | user=null | ip=null | op=PUT_BLOCK {blockData=[blockId=conID: 1 locID: 102704235964138062 bcsId: 0,size=4194304]} | ret=SUCCESS |  
2019-08-30 05:17:52,484 [grpc-default-executor-1] INFO  client.GrpcClientProtocolClient (GrpcClientProtocolClient.java:onNext(255)) - client-574492D41EE7->134d4672-e322-4e4b-b7f3-5645abb0fe8c: receive RaftClientReply:client-574492D41EE7->134d4672-e322-4e4b-b7f3-5645abb0fe8c@group-3CB1DFFBCDC2, cid=2475, SUCCESS, logIndex=3667, commits[134d4672-e322-4e4b-b7f3-5645abb0fe8c:c3668, 73af84f3-3e88-4c8c-894c-3ad307bcac8d:c3664, 730a25a1-dbec-44ed-975b-a44ab0096beb:c3664]
2019-08-30 05:17:52,485 [grpc-default-executor-1] INFO  client.GrpcClientProtocolClient (GrpcClientProtocolClient.java:onNext(255)) - client-574492D41EE7->134d4672-e322-4e4b-b7f3-5645abb0fe8c: receive RaftClientReply:client-574492D41EE7->134d4672-e322-4e4b-b7f3-5645abb0fe8c@group-3CB1DFFBCDC2, cid=2476, SUCCESS, logIndex=3668, commits[134d4672-e322-4e4b-b7f3-5645abb0fe8c:c3668, 73af84f3-3e88-4c8c-894c-3ad307bcac8d:c3664, 730a25a1-dbec-44ed-975b-a44ab0096beb:c3664]
2019-08-30 05:17:52,495 | INFO  | DNAudit | user=null | ip=null | op=WRITE_CHUNK {blockData=conID: 1 locID: 102704235964138062 bcsId: 3664} | ret=SUCCESS |  
2019-08-30 05:17:52,495 | INFO  | DNAudit | user=null | ip=null | op=WRITE_CHUNK {blockData=conID: 1 locID: 102704235964138062 bcsId: 3664} | ret=SUCCESS |  
2019-08-30 05:17:52,495 | INFO  | DNAudit | user=null | ip=null | op=PUT_BLOCK {blockData=[blockId=conID: 1 locID: 102704235964138062 bcsId: 0,size=4194304]} | ret=SUCCESS |  
2019-08-30 05:17:52,495 | INFO  | DNAudit | user=null | ip=null | op=PUT_BLOCK {blockData=[blockId=conID: 1 locID: 102704235964138062 bcsId: 0,size=4194304]} | ret=SUCCESS |  
2019-08-30 05:17:52,495 [grpc-default-executor-1] INFO  client.GrpcClientProtocolClient (GrpcClientProtocolClient.java:onNext(255)) - client-574492D41EE7->134d4672-e322-4e4b-b7f3-5645abb0fe8c: receive RaftClientReply:client-574492D41EE7->134d4672-e322-4e4b-b7f3-5645abb0fe8c@group-3CB1DFFBCDC2, cid=2477, SUCCESS, logIndex=0, commits[134d4672-e322-4e4b-b7f3-5645abb0fe8c:c3669, 73af84f3-3e88-4c8c-894c-3ad307bcac8d:c3668, 730a25a1-dbec-44ed-975b-a44ab0096beb:c3668]
2019-08-30 05:17:52,501 | INFO  | SCMAudit | user=jenkins1000 | ip=192.168.36.106 | op=ALLOCATE_BLOCK {owner=85755eb5-052d-48fa-b271-2fe4d8754e12, size=4194304, type=RATIS, factor=THREE} | ret=SUCCESS |  
2019-08-30 05:17:52,504 | INFO  | OMAudit | user=jenkins1000 | ip=127.0.0.1 | op=ALLOCATE_BLOCK {volume=vol-0-00977, bucket=bucket-0-44205, key=key-0-32850, dataSize=0, replicationType=null, replicationFactor=null, keyLocationInfo=null, clientID=102704234570776978} | ret=SUCCESS |  
2019-08-30 05:17:52,512 | INFO  | DNAudit | user=null | ip=null | op=WRITE_CHUNK {blockData=conID: 2 locID: 102704235970626127 bcsId: 0} | ret=SUCCESS |  
2019-08-30 05:17:52,513 | INFO  | DNAudit | user=null | ip=null | op=WRITE_CHUNK {blockData=conID: 2 locID: 102704235970626127 bcsId: 0} | ret=SUCCESS |  
2019-08-30 05:17:52,513 | INFO  | DNAudit | user=null | ip=null | op=WRITE_CHUNK {blockData=conID: 2 locID: 102704235970626127 bcsId: 0} | ret=SUCCESS |  
2019-08-30 05:17:52,513 | INFO  | DNAudit | user=null | ip=null | op=WRITE_CHUNK {blockData=conID: 2 locID: 102704235970626127 bcsId: 0} | ret=SUCCESS |  
2019-08-30 05:17:52,514 | INFO  | DNAudit | user=null | ip=null | op=WRITE_CHUNK {blockData=conID: 2 locID: 102704235970626127 bcsId: 0} | ret=SUCCESS |  
2019-08-30 05:17:52,514 | INFO  | DNAudit | user=null | ip=null | op=WRITE_CHUNK {blockData=conID: 2 locID: 102704235970626127 bcsId: 0} | ret=SUCCESS |  
2019-08-30 05:17:52,528 | INFO  | DNAudit | user=null | ip=null | op=WRITE_CHUNK {blockData=conID: 2 locID: 102704235970626127 bcsId: 0} | ret=SUCCESS |  
2019-08-30 05:17:52,528 | INFO  | DNAudit | user=null | ip=null | op=PUT_BLOCK {blockData=[blockId=conID: 2 locID: 102704235970626127 bcsId: 0,size=1048576]} | ret=SUCCESS |  
2019-08-30 05:17:52,529 | INFO  | DNAudit | user=null | ip=null | op=WRITE_CHUNK {blockData=conID: 2 locID: 102704235970626127 bcsId: 0} | ret=SUCCESS |  
2019-08-30 05:17:52,529 [grpc-default-executor-1] INFO  client.GrpcClientProtocolClient (GrpcClientProtocolClient.java:onNext(255)) - client-574492D41EE7->134d4672-e322-4e4b-b7f3-5645abb0fe8c: receive RaftClientReply:client-574492D41EE7->134d4672-e322-4e4b-b7f3-5645abb0fe8c@group-3CB1DFFBCDC2, cid=2478, SUCCESS, logIndex=3671, commits[134d4672-e322-4e4b-b7f3-5645abb0fe8c:c3674, 73af84f3-3e88-4c8c-894c-3ad307bcac8d:c3670, 730a25a1-dbec-44ed-975b-a44ab0096beb:c3668]
2019-08-30 05:17:52,529 | INFO  | DNAudit | user=null | ip=null | op=PUT_BLOCK {blockData=[blockId=conID: 2 locID: 102704235970626127 bcsId: 0,size=2097152]} | ret=SUCCESS |  
2019-08-30 05:17:52,529 [grpc-default-executor-1] INFO  client.GrpcClientProtocolClient (GrpcClientProtocolClient.java:onNext(255)) - client-574492D41EE7->134d4672-e322-4e4b-b7f3-5645abb0fe8c: receive RaftClientReply:client-574492D41EE7->134d4672-e322-4e4b-b7f3-5645abb0fe8c@group-3CB1DFFBCDC2, cid=2479, SUCCESS, logIndex=3672, commits[134d4672-e322-4e4b-b7f3-5645abb0fe8c:c3674, 73af84f3-3e88-4c8c-894c-3ad307bcac8d:c3670, 730a25a1-dbec-44ed-975b-a44ab0096beb:c3670]
2019-08-30 05:17:52,529 [grpc-default-executor-1] INFO  client.GrpcClientProtocolClient (GrpcClientProtocolClient.java:onNext(255)) - client-574492D41EE7->134d4672-e322-4e4b-b7f3-5645abb0fe8c: receive RaftClientReply:client-574492D41EE7->134d4672-e322-4e4b-b7f3-5645abb0fe8c@group-3CB1DFFBCDC2, cid=2480, SUCCESS, logIndex=3673, commits[134d4672-e322-4e4b-b7f3-5645abb0fe8c:c3674, 73af84f3-3e88-4c8c-894c-3ad307bcac8d:c3670, 730a25a1-dbec-44ed-975b-a44ab0096beb:c3670]
2019-08-30 05:17:52,530 [grpc-default-executor-1] INFO  client.GrpcClientProtocolClient (GrpcClientProtocolClient.java:onNext(255)) - client-574492D41EE7->134d4672-e322-4e4b-b7f3-5645abb0fe8c: receive RaftClientReply:client-574492D41EE7->134d4672-e322-4e4b-b7f3-5645abb0fe8c@group-3CB1DFFBCDC2, cid=2481, SUCCESS, logIndex=3674, commits[134d4672-e322-4e4b-b7f3-5645abb0fe8c:c3674, 73af84f3-3e88-4c8c-894c-3ad307bcac8d:c3670, 730a25a1-dbec-44ed-975b-a44ab0096beb:c3670]
2019-08-30 05:17:52,541 | INFO  | DNAudit | user=null | ip=null | op=WRITE_CHUNK {blockData=conID: 2 locID: 102704235970626127 bcsId: 0} | ret=SUCCESS |  
2019-08-30 05:17:52,541 | INFO  | DNAudit | user=null | ip=null | op=PUT_BLOCK {blockData=[blockId=conID: 2 locID: 102704235970626127 bcsId: 0,size=1048576]} | ret=SUCCESS |  
2019-08-30 05:17:52,542 | INFO  | DNAudit | user=null | ip=null | op=WRITE_CHUNK {blockData=conID: 2 locID: 102704235970626127 bcsId: 0} | ret=SUCCESS |  
2019-08-30 05:17:52,542 | INFO  | DNAudit | user=null | ip=null | op=PUT_BLOCK {blockData=[blockId=conID: 2 locID: 102704235970626127 bcsId: 0,size=1048576]} | ret=SUCCESS |  
2019-08-30 05:17:52,542 | INFO  | DNAudit | user=null | ip=null | op=WRITE_CHUNK {blockData=conID: 2 locID: 102704235970626127 bcsId: 0} | ret=SUCCESS |  
2019-08-30 05:17:52,542 | INFO  | DNAudit | user=null | ip=null | op=PUT_BLOCK {blockData=[blockId=conID: 2 locID: 102704235970626127 bcsId: 0,size=2097152]} | ret=SUCCESS |  
2019-08-30 05:17:52,542 [grpc-default-executor-1] INFO  client.GrpcClientProtocolClient (GrpcClientProtocolClient.java:onNext(255)) - client-574492D41EE7->134d4672-e322-4e4b-b7f3-5645abb0fe8c: receive RaftClientReply:client-574492D41EE7->134d4672-e322-4e4b-b7f3-5645abb0fe8c@group-3CB1DFFBCDC2, cid=2482, SUCCESS, logIndex=0, commits[134d4672-e322-4e4b-b7f3-5645abb0fe8c:c3675, 73af84f3-3e88-4c8c-894c-3ad307bcac8d:c3672, 730a25a1-dbec-44ed-975b-a44ab0096beb:c3672]
2019-08-30 05:17:52,543 | INFO  | DNAudit | user=null | ip=null | op=WRITE_CHUNK {blockData=conID: 2 locID: 102704235970626127 bcsId: 0} | ret=SUCCESS |  
2019-08-30 05:17:52,543 | INFO  | DNAudit | user=null | ip=null | op=PUT_BLOCK {blockData=[blockId=conID: 2 locID: 102704235970626127 bcsId: 0,size=2097152]} | ret=SUCCESS |  
2019-08-30 05:17:52,548 | INFO  | DNAudit | user=null | ip=null | op=WRITE_CHUNK {blockData=conID: 2 locID: 102704235970626127 bcsId: 3674} | ret=SUCCESS |  
2019-08-30 05:17:52,550 | INFO  | DNAudit | user=null | ip=null | op=WRITE_CHUNK {blockData=conID: 2 locID: 102704235970626127 bcsId: 3674} | ret=SUCCESS |  
2019-08-30 05:17:52,551 | INFO  | DNAudit | user=null | ip=null | op=WRITE_CHUNK {blockData=conID: 2 locID: 102704235970626127 bcsId: 3674} | ret=SUCCESS |  
2019-08-30 05:17:52,564 | INFO  | DNAudit | user=null | ip=null | op=WRITE_CHUNK {blockData=conID: 2 locID: 102704235970626127 bcsId: 3674} | ret=SUCCESS |  
2019-08-30 05:17:52,565 | INFO  | DNAudit | user=null | ip=null | op=PUT_BLOCK {blockData=[blockId=conID: 2 locID: 102704235970626127 bcsId: 0,size=3145728]} | ret=SUCCESS |  
2019-08-30 05:17:52,565 [grpc-default-executor-6] INFO  client.GrpcClientProtocolClient (GrpcClientProtocolClient.java:onNext(255)) - client-574492D41EE7->134d4672-e322-4e4b-b7f3-5645abb0fe8c: receive RaftClientReply:client-574492D41EE7->134d4672-e322-4e4b-b7f3-5645abb0fe8c@group-3CB1DFFBCDC2, cid=2483, SUCCESS, logIndex=3679, commits[134d4672-e322-4e4b-b7f3-5645abb0fe8c:c3680, 73af84f3-3e88-4c8c-894c-3ad307bcac8d:c3678, 730a25a1-dbec-44ed-975b-a44ab0096beb:c3678]
2019-08-30 05:17:52,565 [grpc-default-executor-6] INFO  client.GrpcClientProtocolClient (GrpcClientProtocolClient.java:onNext(255)) - client-574492D41EE7->134d4672-e322-4e4b-b7f3-5645abb0fe8c: receive RaftClientReply:client-574492D41EE7->134d4672-e322-4e4b-b7f3-5645abb0fe8c@group-3CB1DFFBCDC2, cid=2484, SUCCESS, logIndex=3680, commits[134d4672-e322-4e4b-b7f3-5645abb0fe8c:c3680, 73af84f3-3e88-4c8c-894c-3ad307bcac8d:c3678, 730a25a1-dbec-44ed-975b-a44ab0096beb:c3678]
2019-08-30 05:17:52,571 | INFO  | DNAudit | user=null | ip=null | op=WRITE_CHUNK {blockData=conID: 2 locID: 102704235970626127 bcsId: 3680} | ret=SUCCESS |  
2019-08-30 05:17:52,573 | INFO  | DNAudit | user=null | ip=null | op=WRITE_CHUNK {blockData=conID: 2 locID: 102704235970626127 bcsId: 3680} | ret=SUCCESS |  
2019-08-30 05:17:52,573 | INFO  | DNAudit | user=null | ip=null | op=WRITE_CHUNK {blockData=conID: 2 locID: 102704235970626127 bcsId: 3680} | ret=SUCCESS |  
2019-08-30 05:17:52,576 | INFO  | DNAudit | user=null | ip=null | op=WRITE_CHUNK {blockData=conID: 2 locID: 102704235970626127 bcsId: 3674} | ret=SUCCESS |  
2019-08-30 05:17:52,576 | INFO  | DNAudit | user=null | ip=null | op=WRITE_CHUNK {blockData=conID: 2 locID: 102704235970626127 bcsId: 3674} | ret=SUCCESS |  
2019-08-30 05:17:52,578 | INFO  | SCMAudit | user=jenkins1000 | ip=192.168.36.106 | op=SEND_HEARTBEAT {datanodeUUID=b91a4442-fd83-4a66-bee2-5c7959dbabc3, command=[]} | ret=SUCCESS |  
2019-08-30 05:17:52,579 | INFO  | DNAudit | user=null | ip=null | op=PUT_BLOCK {blockData=[blockId=conID: 2 locID: 102704235970626127 bcsId: 0,size=3145728]} | ret=SUCCESS |  
2019-08-30 05:17:52,579 | INFO  | DNAudit | user=null | ip=null | op=PUT_BLOCK {blockData=[blockId=conID: 2 locID: 102704235970626127 bcsId: 0,size=3145728]} | ret=SUCCESS |  
2019-08-30 05:17:52,579 | INFO  | DNAudit | user=null | ip=null | op=WRITE_CHUNK {blockData=conID: 2 locID: 102704235970626127 bcsId: 3680} | ret=SUCCESS |  
2019-08-30 05:17:52,580 | INFO  | DNAudit | user=null | ip=null | op=PUT_BLOCK {blockData=[blockId=conID: 2 locID: 102704235970626127 bcsId: 0,size=4194304]} | ret=SUCCESS |  
2019-08-30 05:17:52,580 [grpc-default-executor-6] INFO  client.GrpcClientProtocolClient (GrpcClientProtocolClient.java:onNext(255)) - client-574492D41EE7->134d4672-e322-4e4b-b7f3-5645abb0fe8c: receive RaftClientReply:client-574492D41EE7->134d4672-e322-4e4b-b7f3-5645abb0fe8c@group-3CB1DFFBCDC2, cid=2485, SUCCESS, logIndex=3683, commits[134d4672-e322-4e4b-b7f3-5645abb0fe8c:c3684, 73af84f3-3e88-4c8c-894c-3ad307bcac8d:c3680, 730a25a1-dbec-44ed-975b-a44ab0096beb:c3680]
2019-08-30 05:17:52,580 [grpc-default-executor-6] INFO  client.GrpcClientProtocolClient (GrpcClientProtocolClient.java:onNext(255)) - client-574492D41EE7->134d4672-e322-4e4b-b7f3-5645abb0fe8c: receive RaftClientReply:client-574492D41EE7->134d4672-e322-4e4b-b7f3-5645abb0fe8c@group-3CB1DFFBCDC2, cid=2486, SUCCESS, logIndex=3684, commits[134d4672-e322-4e4b-b7f3-5645abb0fe8c:c3684, 73af84f3-3e88-4c8c-894c-3ad307bcac8d:c3680, 730a25a1-dbec-44ed-975b-a44ab0096beb:c3680]
2019-08-30 05:17:52,591 | INFO  | DNAudit | user=null | ip=null | op=WRITE_CHUNK {blockData=conID: 2 locID: 102704235970626127 bcsId: 3680} | ret=SUCCESS |  
2019-08-30 05:17:52,591 | INFO  | DNAudit | user=null | ip=null | op=WRITE_CHUNK {blockData=conID: 2 locID: 102704235970626127 bcsId: 3680} | ret=SUCCESS |  
2019-08-30 05:17:52,594 | INFO  | DNAudit | user=null | ip=null | op=PUT_BLOCK {blockData=[blockId=conID: 2 locID: 102704235970626127 bcsId: 0,size=4194304]} | ret=SUCCESS |  
2019-08-30 05:17:52,594 | INFO  | DNAudit | user=null | ip=null | op=PUT_BLOCK {blockData=[blockId=conID: 2 locID: 102704235970626127 bcsId: 0,size=4194304]} | ret=SUCCESS |  
2019-08-30 05:17:52,594 [grpc-default-executor-6] INFO  client.GrpcClientProtocolClient (GrpcClientProtocolClient.java:onNext(255)) - client-574492D41EE7->134d4672-e322-4e4b-b7f3-5645abb0fe8c: receive RaftClientReply:client-574492D41EE7->134d4672-e322-4e4b-b7f3-5645abb0fe8c@group-3CB1DFFBCDC2, cid=2487, SUCCESS, logIndex=0, commits[134d4672-e322-4e4b-b7f3-5645abb0fe8c:c3686, 73af84f3-3e88-4c8c-894c-3ad307bcac8d:c3684, 730a25a1-dbec-44ed-975b-a44ab0096beb:c3684]
2019-08-30 05:17:52,598 | INFO  | SCMAudit | user=jenkins1000 | ip=192.168.36.106 | op=ALLOCATE_BLOCK {owner=85755eb5-052d-48fa-b271-2fe4d8754e12, size=4194304, type=RATIS, factor=THREE} | ret=SUCCESS |  
2019-08-30 05:17:52,600 | INFO  | OMAudit | user=jenkins1000 | ip=127.0.0.1 | op=ALLOCATE_BLOCK {volume=vol-0-00977, bucket=bucket-0-44205, key=key-0-32850, dataSize=0, replicationType=null, replicationFactor=null, keyLocationInfo=null, clientID=102704234570776978} | ret=SUCCESS |  
2019-08-30 05:17:52,606 | INFO  | DNAudit | user=null | ip=null | op=WRITE_CHUNK {blockData=conID: 3 locID: 102704235976983120 bcsId: 0} | ret=SUCCESS |  
2019-08-30 05:17:52,609 | INFO  | DNAudit | user=null | ip=null | op=WRITE_CHUNK {blockData=conID: 3 locID: 102704235976983120 bcsId: 0} | ret=SUCCESS |  
2019-08-30 05:17:52,609 | INFO  | DNAudit | user=null | ip=null | op=WRITE_CHUNK {blockData=conID: 3 locID: 102704235976983120 bcsId: 0} | ret=SUCCESS |  
2019-08-30 05:17:52,609 | INFO  | DNAudit | user=null | ip=null | op=WRITE_CHUNK {blockData=conID: 3 locID: 102704235976983120 bcsId: 0} | ret=SUCCESS |  
2019-08-30 05:17:52,610 | INFO  | DNAudit | user=null | ip=null | op=WRITE_CHUNK {blockData=conID: 3 locID: 102704235976983120 bcsId: 0} | ret=SUCCESS |  
2019-08-30 05:17:52,611 | INFO  | DNAudit | user=null | ip=null | op=WRITE_CHUNK {blockData=conID: 3 locID: 102704235976983120 bcsId: 0} | ret=SUCCESS |  
2019-08-30 05:17:52,624 | INFO  | DNAudit | user=null | ip=null | op=WRITE_CHUNK {blockData=conID: 3 locID: 102704235976983120 bcsId: 0} | ret=SUCCESS |  
2019-08-30 05:17:52,626 | INFO  | DNAudit | user=null | ip=null | op=PUT_BLOCK {blockData=[blockId=conID: 3 locID: 102704235976983120 bcsId: 0,size=1048576]} | ret=SUCCESS |  
2019-08-30 05:17:52,626 [grpc-default-executor-1] INFO  client.GrpcClientProtocolClient (GrpcClientProtocolClient.java:onNext(255)) - client-574492D41EE7->134d4672-e322-4e4b-b7f3-5645abb0fe8c: receive RaftClientReply:client-574492D41EE7->134d4672-e322-4e4b-b7f3-5645abb0fe8c@group-3CB1DFFBCDC2, cid=2488, SUCCESS, logIndex=3687, commits[134d4672-e322-4e4b-b7f3-5645abb0fe8c:c3689, 73af84f3-3e88-4c8c-894c-3ad307bcac8d:c3686, 730a25a1-dbec-44ed-975b-a44ab0096beb:c3686]
2019-08-30 05:17:52,626 | INFO  | DNAudit | user=null | ip=null | op=WRITE_CHUNK {blockData=conID: 3 locID: 102704235976983120 bcsId: 0} | ret=SUCCESS |  
2019-08-30 05:17:52,627 | INFO  | DNAudit | user=null | ip=null | op=PUT_BLOCK {blockData=[blockId=conID: 3 locID: 102704235976983120 bcsId: 0,size=2097152]} | ret=SUCCESS |  
2019-08-30 05:17:52,627 [grpc-default-executor-1] INFO  client.GrpcClientProtocolClient (GrpcClientProtocolClient.java:onNext(255)) - client-574492D41EE7->134d4672-e322-4e4b-b7f3-5645abb0fe8c: receive RaftClientReply:client-574492D41EE7->134d4672-e322-4e4b-b7f3-5645abb0fe8c@group-3CB1DFFBCDC2, cid=2489, SUCCESS, logIndex=3688, commits[134d4672-e322-4e4b-b7f3-5645abb0fe8c:c3690, 73af84f3-3e88-4c8c-894c-3ad307bcac8d:c3686, 730a25a1-dbec-44ed-975b-a44ab0096beb:c3686]
2019-08-30 05:17:52,627 [grpc-default-executor-1] INFO  client.GrpcClientProtocolClient (GrpcClientProtocolClient.java:onNext(255)) - client-574492D41EE7->134d4672-e322-4e4b-b7f3-5645abb0fe8c: receive RaftClientReply:client-574492D41EE7->134d4672-e322-4e4b-b7f3-5645abb0fe8c@group-3CB1DFFBCDC2, cid=2490, SUCCESS, logIndex=3689, commits[134d4672-e322-4e4b-b7f3-5645abb0fe8c:c3690, 73af84f3-3e88-4c8c-894c-3ad307bcac8d:c3686, 730a25a1-dbec-44ed-975b-a44ab0096beb:c3686]
2019-08-30 05:17:52,627 [grpc-default-executor-1] INFO  client.GrpcClientProtocolClient (GrpcClientProtocolClient.java:onNext(255)) - client-574492D41EE7->134d4672-e322-4e4b-b7f3-5645abb0fe8c: receive RaftClientReply:client-574492D41EE7->134d4672-e322-4e4b-b7f3-5645abb0fe8c@group-3CB1DFFBCDC2, cid=2491, SUCCESS, logIndex=3690, commits[134d4672-e322-4e4b-b7f3-5645abb0fe8c:c3690, 73af84f3-3e88-4c8c-894c-3ad307bcac8d:c3686, 730a25a1-dbec-44ed-975b-a44ab0096beb:c3686]
2019-08-30 05:17:52,637 | INFO  | DNAudit | user=null | ip=null | op=WRITE_CHUNK {blockData=conID: 3 locID: 102704235976983120 bcsId: 0} | ret=SUCCESS |  
2019-08-30 05:17:52,637 | INFO  | DNAudit | user=null | ip=null | op=WRITE_CHUNK {blockData=conID: 3 locID: 102704235976983120 bcsId: 0} | ret=SUCCESS |  
2019-08-30 05:17:52,638 | INFO  | DNAudit | user=null | ip=null | op=PUT_BLOCK {blockData=[blockId=conID: 3 locID: 102704235976983120 bcsId: 0,size=1048576]} | ret=SUCCESS |  
2019-08-30 05:17:52,638 | INFO  | DNAudit | user=null | ip=null | op=PUT_BLOCK {blockData=[blockId=conID: 3 locID: 102704235976983120 bcsId: 0,size=1048576]} | ret=SUCCESS |  
2019-08-30 05:17:52,638 [grpc-default-executor-1] INFO  client.GrpcClientProtocolClient (GrpcClientProtocolClient.java:onNext(255)) - client-574492D41EE7->134d4672-e322-4e4b-b7f3-5645abb0fe8c: receive RaftClientReply:client-574492D41EE7->134d4672-e322-4e4b-b7f3-5645abb0fe8c@group-3CB1DFFBCDC2, cid=2492, SUCCESS, logIndex=0, commits[134d4672-e322-4e4b-b7f3-5645abb0fe8c:c3691, 73af84f3-3e88-4c8c-894c-3ad307bcac8d:c3688, 730a25a1-dbec-44ed-975b-a44ab0096beb:c3688]
2019-08-30 05:17:52,638 | INFO  | DNAudit | user=null | ip=null | op=WRITE_CHUNK {blockData=conID: 3 locID: 102704235976983120 bcsId: 0} | ret=SUCCESS |  
2019-08-30 05:17:52,643 | INFO  | DNAudit | user=null | ip=null | op=WRITE_CHUNK {blockData=conID: 3 locID: 102704235976983120 bcsId: 3690} | ret=SUCCESS |  
2019-08-30 05:17:52,646 | INFO  | DNAudit | user=null | ip=null | op=WRITE_CHUNK {blockData=conID: 3 locID: 102704235976983120 bcsId: 3690} | ret=SUCCESS |  
2019-08-30 05:17:52,646 | INFO  | DNAudit | user=null | ip=null | op=WRITE_CHUNK {blockData=conID: 3 locID: 102704235976983120 bcsId: 3690} | ret=SUCCESS |  
2019-08-30 05:17:52,649 | INFO  | DNAudit | user=null | ip=null | op=PUT_BLOCK {blockData=[blockId=conID: 3 locID: 102704235976983120 bcsId: 0,size=2097152]} | ret=SUCCESS |  
2019-08-30 05:17:52,649 | INFO  | DNAudit | user=null | ip=null | op=WRITE_CHUNK {blockData=conID: 3 locID: 102704235976983120 bcsId: 0} | ret=SUCCESS |  
2019-08-30 05:17:52,649 | INFO  | DNAudit | user=null | ip=null | op=PUT_BLOCK {blockData=[blockId=conID: 3 locID: 102704235976983120 bcsId: 0,size=2097152]} | ret=SUCCESS |  
2019-08-30 05:17:52,650 | INFO  | DNAudit | user=null | ip=null | op=WRITE_CHUNK {blockData=conID: 3 locID: 102704235976983120 bcsId: 3690} | ret=SUCCESS |  
2019-08-30 05:17:52,651 | INFO  | DNAudit | user=null | ip=null | op=PUT_BLOCK {blockData=[blockId=conID: 3 locID: 102704235976983120 bcsId: 0,size=3145728]} | ret=SUCCESS |  
2019-08-30 05:17:52,651 [grpc-default-executor-1] INFO  client.GrpcClientProtocolClient (GrpcClientProtocolClient.java:onNext(255)) - client-574492D41EE7->134d4672-e322-4e4b-b7f3-5645abb0fe8c: receive RaftClientReply:client-574492D41EE7->134d4672-e322-4e4b-b7f3-5645abb0fe8c@group-3CB1DFFBCDC2, cid=2493, SUCCESS, logIndex=3695, commits[134d4672-e322-4e4b-b7f3-5645abb0fe8c:c3696, 73af84f3-3e88-4c8c-894c-3ad307bcac8d:c3690, 730a25a1-dbec-44ed-975b-a44ab0096beb:c3692]
2019-08-30 05:17:52,651 [grpc-default-executor-1] INFO  client.GrpcClientProtocolClient (GrpcClientProtocolClient.java:onNext(255)) - client-574492D41EE7->134d4672-e322-4e4b-b7f3-5645abb0fe8c: receive RaftClientReply:client-574492D41EE7->134d4672-e322-4e4b-b7f3-5645abb0fe8c@group-3CB1DFFBCDC2, cid=2494, SUCCESS, logIndex=3696, commits[134d4672-e322-4e4b-b7f3-5645abb0fe8c:c3696, 73af84f3-3e88-4c8c-894c-3ad307bcac8d:c3692, 730a25a1-dbec-44ed-975b-a44ab0096beb:c3692]
2019-08-30 05:17:52,653 | INFO  | DNAudit | user=null | ip=null | op=WRITE_CHUNK {blockData=conID: 3 locID: 102704235976983120 bcsId: 3690} | ret=SUCCESS |  
2019-08-30 05:17:52,653 | INFO  | DNAudit | user=null | ip=null | op=WRITE_CHUNK {blockData=conID: 3 locID: 102704235976983120 bcsId: 3690} | ret=SUCCESS |  
2019-08-30 05:17:52,654 | INFO  | DNAudit | user=null | ip=null | op=PUT_BLOCK {blockData=[blockId=conID: 3 locID: 102704235976983120 bcsId: 0,size=3145728]} | ret=SUCCESS |  
2019-08-30 05:17:52,654 | INFO  | DNAudit | user=null | ip=null | op=PUT_BLOCK {blockData=[blockId=conID: 3 locID: 102704235976983120 bcsId: 0,size=3145728]} | ret=SUCCESS |  
2019-08-30 05:17:52,657 | INFO  | DNAudit | user=null | ip=null | op=WRITE_CHUNK {blockData=conID: 3 locID: 102704235976983120 bcsId: 3696} | ret=SUCCESS |  
2019-08-30 05:17:52,659 | INFO  | DNAudit | user=null | ip=null | op=WRITE_CHUNK {blockData=conID: 3 locID: 102704235976983120 bcsId: 3696} | ret=SUCCESS |  
2019-08-30 05:17:52,660 | INFO  | DNAudit | user=null | ip=null | op=WRITE_CHUNK {blockData=conID: 3 locID: 102704235976983120 bcsId: 3696} | ret=SUCCESS |  
2019-08-30 05:17:52,666 | INFO  | DNAudit | user=null | ip=null | op=WRITE_CHUNK {blockData=conID: 3 locID: 102704235976983120 bcsId: 3696} | ret=SUCCESS |  
2019-08-30 05:17:52,666 | INFO  | DNAudit | user=null | ip=null | op=PUT_BLOCK {blockData=[blockId=conID: 3 locID: 102704235976983120 bcsId: 0,size=4194304]} | ret=SUCCESS |  
2019-08-30 05:17:52,666 [grpc-default-executor-6] INFO  client.GrpcClientProtocolClient (GrpcClientProtocolClient.java:onNext(255)) - client-574492D41EE7->134d4672-e322-4e4b-b7f3-5645abb0fe8c: receive RaftClientReply:client-574492D41EE7->134d4672-e322-4e4b-b7f3-5645abb0fe8c@group-3CB1DFFBCDC2, cid=2495, SUCCESS, logIndex=3699, commits[134d4672-e322-4e4b-b7f3-5645abb0fe8c:c3700, 73af84f3-3e88-4c8c-894c-3ad307bcac8d:c3698, 730a25a1-dbec-44ed-975b-a44ab0096beb:c3696]
2019-08-30 05:17:52,667 [grpc-default-executor-6] INFO  client.GrpcClientProtocolClient (GrpcClientProtocolClient.java:onNext(255)) - client-574492D41EE7->134d4672-e322-4e4b-b7f3-5645abb0fe8c: receive RaftClientReply:client-574492D41EE7->134d4672-e322-4e4b-b7f3-5645abb0fe8c@group-3CB1DFFBCDC2, cid=2496, SUCCESS, logIndex=3700, commits[134d4672-e322-4e4b-b7f3-5645abb0fe8c:c3700, 73af84f3-3e88-4c8c-894c-3ad307bcac8d:c3698, 730a25a1-dbec-44ed-975b-a44ab0096beb:c3698]
2019-08-30 05:17:52,667 | INFO  | DNAudit | user=null | ip=null | op=WRITE_CHUNK {blockData=conID: 3 locID: 102704235976983120 bcsId: 3696} | ret=SUCCESS |  
2019-08-30 05:17:52,668 | INFO  | DNAudit | user=null | ip=null | op=PUT_BLOCK {blockData=[blockId=conID: 3 locID: 102704235976983120 bcsId: 0,size=4194304]} | ret=SUCCESS |  
2019-08-30 05:17:52,668 | INFO  | DNAudit | user=null | ip=null | op=WRITE_CHUNK {blockData=conID: 3 locID: 102704235976983120 bcsId: 3696} | ret=SUCCESS |  
2019-08-30 05:17:52,668 | INFO  | DNAudit | user=null | ip=null | op=PUT_BLOCK {blockData=[blockId=conID: 3 locID: 102704235976983120 bcsId: 0,size=4194304]} | ret=SUCCESS |  
2019-08-30 05:17:52,668 [grpc-default-executor-6] INFO  client.GrpcClientProtocolClient (GrpcClientProtocolClient.java:onNext(255)) - client-574492D41EE7->134d4672-e322-4e4b-b7f3-5645abb0fe8c: receive RaftClientReply:client-574492D41EE7->134d4672-e322-4e4b-b7f3-5645abb0fe8c@group-3CB1DFFBCDC2, cid=2497, SUCCESS, logIndex=0, commits[134d4672-e322-4e4b-b7f3-5645abb0fe8c:c3701, 73af84f3-3e88-4c8c-894c-3ad307bcac8d:c3700, 730a25a1-dbec-44ed-975b-a44ab0096beb:c3700]
2019-08-30 05:17:52,673 | INFO  | SCMAudit | user=jenkins1000 | ip=192.168.36.106 | op=ALLOCATE_BLOCK {owner=85755eb5-052d-48fa-b271-2fe4d8754e12, size=4194304, type=RATIS, factor=THREE} | ret=SUCCESS |  
2019-08-30 05:17:52,676 | INFO  | OMAudit | user=jenkins1000 | ip=127.0.0.1 | op=ALLOCATE_BLOCK {volume=vol-0-00977, bucket=bucket-0-44205, key=key-0-32850, dataSize=0, replicationType=null, replicationFactor=null, keyLocationInfo=null, clientID=102704234570776978} | ret=SUCCESS |  
2019-08-30 05:17:52,683 | INFO  | DNAudit | user=null | ip=null | op=WRITE_CHUNK {blockData=conID: 1 locID: 102704235981898321 bcsId: 0} | ret=SUCCESS |  
2019-08-30 05:17:52,684 | INFO  | DNAudit | user=null | ip=null | op=WRITE_CHUNK {blockData=conID: 1 locID: 102704235981898321 bcsId: 0} | ret=SUCCESS |  
2019-08-30 05:17:52,685 | INFO  | DNAudit | user=null | ip=null | op=WRITE_CHUNK {blockData=conID: 1 locID: 102704235981898321 bcsId: 0} | ret=SUCCESS |  
2019-08-30 05:17:52,686 | INFO  | DNAudit | user=null | ip=null | op=WRITE_CHUNK {blockData=conID: 1 locID: 102704235981898321 bcsId: 0} | ret=SUCCESS |  
2019-08-30 05:17:52,687 | INFO  | DNAudit | user=null | ip=null | op=WRITE_CHUNK {blockData=conID: 1 locID: 102704235981898321 bcsId: 0} | ret=SUCCESS |  
2019-08-30 05:17:52,687 | INFO  | DNAudit | user=null | ip=null | op=WRITE_CHUNK {blockData=conID: 1 locID: 102704235981898321 bcsId: 0} | ret=SUCCESS |  
2019-08-30 05:17:52,695 | INFO  | DNAudit | user=null | ip=null | op=WRITE_CHUNK {blockData=conID: 1 locID: 102704235981898321 bcsId: 0} | ret=SUCCESS |  
2019-08-30 05:17:52,696 | INFO  | DNAudit | user=null | ip=null | op=PUT_BLOCK {blockData=[blockId=conID: 1 locID: 102704235981898321 bcsId: 0,size=1048576]} | ret=SUCCESS |  
2019-08-30 05:17:52,696 [grpc-default-executor-3] INFO  client.GrpcClientProtocolClient (GrpcClientProtocolClient.java:onNext(255)) - client-574492D41EE7->134d4672-e322-4e4b-b7f3-5645abb0fe8c: receive RaftClientReply:client-574492D41EE7->134d4672-e322-4e4b-b7f3-5645abb0fe8c@group-3CB1DFFBCDC2, cid=2498, SUCCESS, logIndex=3703, commits[134d4672-e322-4e4b-b7f3-5645abb0fe8c:c3704, 73af84f3-3e88-4c8c-894c-3ad307bcac8d:c3702, 730a25a1-dbec-44ed-975b-a44ab0096beb:c3702]
2019-08-30 05:17:52,696 | INFO  | DNAudit | user=null | ip=null | op=WRITE_CHUNK {blockData=conID: 1 locID: 102704235981898321 bcsId: 0} | ret=SUCCESS |  
2019-08-30 05:17:52,697 | INFO  | DNAudit | user=null | ip=null | op=PUT_BLOCK {blockData=[blockId=conID: 1 locID: 102704235981898321 bcsId: 0,size=2097152]} | ret=SUCCESS |  
2019-08-30 05:17:52,697 [grpc-default-executor-3] INFO  client.GrpcClientProtocolClient (GrpcClientProtocolClient.java:onNext(255)) - client-574492D41EE7->134d4672-e322-4e4b-b7f3-5645abb0fe8c: receive RaftClientReply:client-574492D41EE7->134d4672-e322-4e4b-b7f3-5645abb0fe8c@group-3CB1DFFBCDC2, cid=2499, SUCCESS, logIndex=3704, commits[134d4672-e322-4e4b-b7f3-5645abb0fe8c:c3704, 73af84f3-3e88-4c8c-894c-3ad307bcac8d:c3702, 730a25a1-dbec-44ed-975b-a44ab0096beb:c3702]
2019-08-30 05:17:52,697 [grpc-default-executor-3] INFO  client.GrpcClientProtocolClient (GrpcClientProtocolClient.java:onNext(255)) - client-574492D41EE7->134d4672-e322-4e4b-b7f3-5645abb0fe8c: receive RaftClientReply:client-574492D41EE7->134d4672-e322-4e4b-b7f3-5645abb0fe8c@group-3CB1DFFBCDC2, cid=2500, SUCCESS, logIndex=3705, commits[134d4672-e322-4e4b-b7f3-5645abb0fe8c:c3705, 73af84f3-3e88-4c8c-894c-3ad307bcac8d:c3702, 730a25a1-dbec-44ed-975b-a44ab0096beb:c3702]
2019-08-30 05:17:52,697 [grpc-default-executor-3] INFO  client.GrpcClientProtocolClient (GrpcClientProtocolClient.java:onNext(255)) - client-574492D41EE7->134d4672-e322-4e4b-b7f3-5645abb0fe8c: receive RaftClientReply:client-574492D41EE7->134d4672-e322-4e4b-b7f3-5645abb0fe8c@group-3CB1DFFBCDC2, cid=2501, SUCCESS, logIndex=3706, commits[134d4672-e322-4e4b-b7f3-5645abb0fe8c:c3706, 73af84f3-3e88-4c8c-894c-3ad307bcac8d:c3702, 730a25a1-dbec-44ed-975b-a44ab0096beb:c3702]
2019-08-30 05:17:52,709 | INFO  | DNAudit | user=null | ip=null | op=WRITE_CHUNK {blockData=conID: 1 locID: 102704235981898321 bcsId: 0} | ret=SUCCESS |  
2019-08-30 05:17:52,710 | INFO  | DNAudit | user=null | ip=null | op=WRITE_CHUNK {blockData=conID: 1 locID: 102704235981898321 bcsId: 0} | ret=SUCCESS |  
2019-08-30 05:17:52,710 | INFO  | DNAudit | user=null | ip=null | op=PUT_BLOCK {blockData=[blockId=conID: 1 locID: 102704235981898321 bcsId: 0,size=1048576]} | ret=SUCCESS |  
2019-08-30 05:17:52,710 | INFO  | DNAudit | user=null | ip=null | op=PUT_BLOCK {blockData=[blockId=conID: 1 locID: 102704235981898321 bcsId: 0,size=1048576]} | ret=SUCCESS |  
2019-08-30 05:17:52,710 | INFO  | DNAudit | user=null | ip=null | op=WRITE_CHUNK {blockData=conID: 1 locID: 102704235981898321 bcsId: 0} | ret=SUCCESS |  
2019-08-30 05:17:52,710 | INFO  | DNAudit | user=null | ip=null | op=WRITE_CHUNK {blockData=conID: 1 locID: 102704235981898321 bcsId: 0} | ret=SUCCESS |  
2019-08-30 05:17:52,711 | INFO  | DNAudit | user=null | ip=null | op=PUT_BLOCK {blockData=[blockId=conID: 1 locID: 102704235981898321 bcsId: 0,size=2097152]} | ret=SUCCESS |  
2019-08-30 05:17:52,711 | INFO  | DNAudit | user=null | ip=null | op=PUT_BLOCK {blockData=[blockId=conID: 1 locID: 102704235981898321 bcsId: 0,size=2097152]} | ret=SUCCESS |  
2019-08-30 05:17:52,711 [grpc-default-executor-3] INFO  client.GrpcClientProtocolClient (GrpcClientProtocolClient.java:onNext(255)) - client-574492D41EE7->134d4672-e322-4e4b-b7f3-5645abb0fe8c: receive RaftClientReply:client-574492D41EE7->134d4672-e322-4e4b-b7f3-5645abb0fe8c@group-3CB1DFFBCDC2, cid=2502, SUCCESS, logIndex=0, commits[134d4672-e322-4e4b-b7f3-5645abb0fe8c:c3708, 73af84f3-3e88-4c8c-894c-3ad307bcac8d:c3704, 730a25a1-dbec-44ed-975b-a44ab0096beb:c3704]
2019-08-30 05:17:52,717 | INFO  | DNAudit | user=null | ip=null | op=WRITE_CHUNK {blockData=conID: 1 locID: 102704235981898321 bcsId: 3706} | ret=SUCCESS |  
2019-08-30 05:17:52,719 | INFO  | DNAudit | user=null | ip=null | op=WRITE_CHUNK {blockData=conID: 1 locID: 102704235981898321 bcsId: 3706} | ret=SUCCESS |  
2019-08-30 05:17:52,719 | INFO  | DNAudit | user=null | ip=null | op=WRITE_CHUNK {blockData=conID: 1 locID: 102704235981898321 bcsId: 3706} | ret=SUCCESS |  
2019-08-30 05:17:52,729 | INFO  | DNAudit | user=null | ip=null | op=WRITE_CHUNK {blockData=conID: 1 locID: 102704235981898321 bcsId: 3706} | ret=SUCCESS |  
2019-08-30 05:17:52,729 | INFO  | DNAudit | user=null | ip=null | op=PUT_BLOCK {blockData=[blockId=conID: 1 locID: 102704235981898321 bcsId: 0,size=3145728]} | ret=SUCCESS |  
2019-08-30 05:17:52,729 [grpc-default-executor-3] INFO  client.GrpcClientProtocolClient (GrpcClientProtocolClient.java:onNext(255)) - client-574492D41EE7->134d4672-e322-4e4b-b7f3-5645abb0fe8c: receive RaftClientReply:client-574492D41EE7->134d4672-e322-4e4b-b7f3-5645abb0fe8c@group-3CB1DFFBCDC2, cid=2503, SUCCESS, logIndex=3711, commits[134d4672-e322-4e4b-b7f3-5645abb0fe8c:c3712, 73af84f3-3e88-4c8c-894c-3ad307bcac8d:c3710, 730a25a1-dbec-44ed-975b-a44ab0096beb:c3710]
2019-08-30 05:17:52,730 [grpc-default-executor-3] INFO  client.GrpcClientProtocolClient (GrpcClientProtocolClient.java:onNext(255)) - client-574492D41EE7->134d4672-e322-4e4b-b7f3-5645abb0fe8c: receive RaftClientReply:client-574492D41EE7->134d4672-e322-4e4b-b7f3-5645abb0fe8c@group-3CB1DFFBCDC2, cid=2504, SUCCESS, logIndex=3712, commits[134d4672-e322-4e4b-b7f3-5645abb0fe8c:c3712, 73af84f3-3e88-4c8c-894c-3ad307bcac8d:c3710, 730a25a1-dbec-44ed-975b-a44ab0096beb:c3710]
2019-08-30 05:17:52,735 | INFO  | DNAudit | user=null | ip=null | op=WRITE_CHUNK {blockData=conID: 1 locID: 102704235981898321 bcsId: 3712} | ret=SUCCESS |  
2019-08-30 05:17:52,737 | INFO  | DNAudit | user=null | ip=null | op=WRITE_CHUNK {blockData=conID: 1 locID: 102704235981898321 bcsId: 3712} | ret=SUCCESS |  
2019-08-30 05:17:52,737 | INFO  | DNAudit | user=null | ip=null | op=WRITE_CHUNK {blockData=conID: 1 locID: 102704235981898321 bcsId: 3712} | ret=SUCCESS |  
2019-08-30 05:17:52,739 | INFO  | DNAudit | user=null | ip=null | op=WRITE_CHUNK {blockData=conID: 1 locID: 102704235981898321 bcsId: 3706} | ret=SUCCESS |  
2019-08-30 05:17:52,739 | INFO  | DNAudit | user=null | ip=null | op=WRITE_CHUNK {blockData=conID: 1 locID: 102704235981898321 bcsId: 3706} | ret=SUCCESS |  
2019-08-30 05:17:52,743 | INFO  | DNAudit | user=null | ip=null | op=PUT_BLOCK {blockData=[blockId=conID: 1 locID: 102704235981898321 bcsId: 0,size=3145728]} | ret=SUCCESS |  
2019-08-30 05:17:52,743 | INFO  | DNAudit | user=null | ip=null | op=PUT_BLOCK {blockData=[blockId=conID: 1 locID: 102704235981898321 bcsId: 0,size=3145728]} | ret=SUCCESS |  
2019-08-30 05:17:52,743 | INFO  | DNAudit | user=null | ip=null | op=WRITE_CHUNK {blockData=conID: 1 locID: 102704235981898321 bcsId: 3712} | ret=SUCCESS |  
2019-08-30 05:17:52,743 | INFO  | DNAudit | user=null | ip=null | op=PUT_BLOCK {blockData=[blockId=conID: 1 locID: 102704235981898321 bcsId: 0,size=4194304]} | ret=SUCCESS |  
2019-08-30 05:17:52,743 [grpc-default-executor-1] INFO  client.GrpcClientProtocolClient (GrpcClientProtocolClient.java:onNext(255)) - client-574492D41EE7->134d4672-e322-4e4b-b7f3-5645abb0fe8c: receive RaftClientReply:client-574492D41EE7->134d4672-e322-4e4b-b7f3-5645abb0fe8c@group-3CB1DFFBCDC2, cid=2505, SUCCESS, logIndex=3715, commits[134d4672-e322-4e4b-b7f3-5645abb0fe8c:c3716, 73af84f3-3e88-4c8c-894c-3ad307bcac8d:c3712, 730a25a1-dbec-44ed-975b-a44ab0096beb:c3712]
2019-08-30 05:17:52,746 [grpc-default-executor-1] INFO  client.GrpcClientProtocolClient (GrpcClientProtocolClient.java:onNext(255)) - client-574492D41EE7->134d4672-e322-4e4b-b7f3-5645abb0fe8c: receive RaftClientReply:client-574492D41EE7->134d4672-e322-4e4b-b7f3-5645abb0fe8c@group-3CB1DFFBCDC2, cid=2506, SUCCESS, logIndex=3716, commits[134d4672-e322-4e4b-b7f3-5645abb0fe8c:c3716, 73af84f3-3e88-4c8c-894c-3ad307bcac8d:c3712, 730a25a1-dbec-44ed-975b-a44ab0096beb:c3712]
2019-08-30 05:17:52,762 | INFO  | DNAudit | user=null | ip=null | op=WRITE_CHUNK {blockData=conID: 1 locID: 102704235981898321 bcsId: 3712} | ret=SUCCESS |  
2019-08-30 05:17:52,762 | INFO  | DNAudit | user=null | ip=null | op=WRITE_CHUNK {blockData=conID: 1 locID: 102704235981898321 bcsId: 3712} | ret=SUCCESS |  
2019-08-30 05:17:52,763 | INFO  | DNAudit | user=null | ip=null | op=PUT_BLOCK {blockData=[blockId=conID: 1 locID: 102704235981898321 bcsId: 0,size=4194304]} | ret=SUCCESS |  
2019-08-30 05:17:52,763 | INFO  | DNAudit | user=null | ip=null | op=PUT_BLOCK {blockData=[blockId=conID: 1 locID: 102704235981898321 bcsId: 0,size=4194304]} | ret=SUCCESS |  
2019-08-30 05:17:52,763 [grpc-default-executor-1] INFO  client.GrpcClientProtocolClient (GrpcClientProtocolClient.java:onNext(255)) - client-574492D41EE7->134d4672-e322-4e4b-b7f3-5645abb0fe8c: receive RaftClientReply:client-574492D41EE7->134d4672-e322-4e4b-b7f3-5645abb0fe8c@group-3CB1DFFBCDC2, cid=2507, SUCCESS, logIndex=0, commits[134d4672-e322-4e4b-b7f3-5645abb0fe8c:c3718, 73af84f3-3e88-4c8c-894c-3ad307bcac8d:c3716, 730a25a1-dbec-44ed-975b-a44ab0096beb:c3716]
2019-08-30 05:17:52,769 | INFO  | SCMAudit | user=jenkins1000 | ip=192.168.36.106 | op=ALLOCATE_BLOCK {owner=85755eb5-052d-48fa-b271-2fe4d8754e12, size=4194304, type=RATIS, factor=THREE} | ret=SUCCESS |  
2019-08-30 05:17:52,772 | INFO  | OMAudit | user=jenkins1000 | ip=127.0.0.1 | op=ALLOCATE_BLOCK {volume=vol-0-00977, bucket=bucket-0-44205, key=key-0-32850, dataSize=0, replicationType=null, replicationFactor=null, keyLocationInfo=null, clientID=102704234570776978} | ret=SUCCESS |  
2019-08-30 05:17:52,780 | INFO  | DNAudit | user=null | ip=null | op=WRITE_CHUNK {blockData=conID: 2 locID: 102704235988189778 bcsId: 0} | ret=SUCCESS |  
2019-08-30 05:17:52,782 | INFO  | DNAudit | user=null | ip=null | op=WRITE_CHUNK {blockData=conID: 2 locID: 102704235988189778 bcsId: 0} | ret=SUCCESS |  
2019-08-30 05:17:52,959 | INFO  | DNAudit | user=null | ip=null | op=WRITE_CHUNK {blockData=conID: 2 locID: 102704235988189778 bcsId: 0} | ret=SUCCESS |  
2019-08-30 05:17:52,959 | INFO  | DNAudit | user=null | ip=null | op=WRITE_CHUNK {blockData=conID: 2 locID: 102704235988189778 bcsId: 0} | ret=SUCCESS |  
2019-08-30 05:17:52,960 | INFO  | DNAudit | user=null | ip=null | op=WRITE_CHUNK {blockData=conID: 2 locID: 102704235988189778 bcsId: 0} | ret=SUCCESS |  
2019-08-30 05:17:52,961 | INFO  | DNAudit | user=null | ip=null | op=PUT_BLOCK {blockData=[blockId=conID: 2 locID: 102704235988189778 bcsId: 0,size=1048576]} | ret=SUCCESS |  
2019-08-30 05:17:52,961 [grpc-default-executor-1] INFO  client.GrpcClientProtocolClient (GrpcClientProtocolClient.java:onNext(255)) - client-574492D41EE7->134d4672-e322-4e4b-b7f3-5645abb0fe8c: receive RaftClientReply:client-574492D41EE7->134d4672-e322-4e4b-b7f3-5645abb0fe8c@group-3CB1DFFBCDC2, cid=2508, SUCCESS, logIndex=3719, commits[134d4672-e322-4e4b-b7f3-5645abb0fe8c:c3720, 73af84f3-3e88-4c8c-894c-3ad307bcac8d:c3718, 730a25a1-dbec-44ed-975b-a44ab0096beb:c3716]
2019-08-30 05:17:52,964 [grpc-default-executor-1] INFO  client.GrpcClientProtocolClient (GrpcClientProtocolClient.java:onNext(255)) - client-574492D41EE7->134d4672-e322-4e4b-b7f3-5645abb0fe8c: receive RaftClientReply:client-574492D41EE7->134d4672-e322-4e4b-b7f3-5645abb0fe8c@group-3CB1DFFBCDC2, cid=2509, SUCCESS, logIndex=3720, commits[134d4672-e322-4e4b-b7f3-5645abb0fe8c:c3720, 73af84f3-3e88-4c8c-894c-3ad307bcac8d:c3718, 730a25a1-dbec-44ed-975b-a44ab0096beb:c3716]
2019-08-30 05:17:52,964 | INFO  | DNAudit | user=null | ip=null | op=WRITE_CHUNK {blockData=conID: 2 locID: 102704235988189778 bcsId: 0} | ret=SUCCESS |  
2019-08-30 05:17:52,964 | INFO  | DNAudit | user=null | ip=null | op=WRITE_CHUNK {blockData=conID: 2 locID: 102704235988189778 bcsId: 0} | ret=SUCCESS |  
2019-08-30 05:17:52,982 | INFO  | DNAudit | user=null | ip=null | op=WRITE_CHUNK {blockData=conID: 2 locID: 102704235988189778 bcsId: 0} | ret=SUCCESS |  
2019-08-30 05:17:52,982 | INFO  | DNAudit | user=null | ip=null | op=WRITE_CHUNK {blockData=conID: 2 locID: 102704235988189778 bcsId: 0} | ret=SUCCESS |  
2019-08-30 05:17:52,982 | INFO  | DNAudit | user=null | ip=null | op=WRITE_CHUNK {blockData=conID: 2 locID: 102704235988189778 bcsId: 0} | ret=SUCCESS |  
2019-08-30 05:17:52,982 | INFO  | DNAudit | user=null | ip=null | op=PUT_BLOCK {blockData=[blockId=conID: 2 locID: 102704235988189778 bcsId: 0,size=2097152]} | ret=SUCCESS |  
2019-08-30 05:17:52,982 | INFO  | DNAudit | user=null | ip=null | op=PUT_BLOCK {blockData=[blockId=conID: 2 locID: 102704235988189778 bcsId: 0,size=1048576]} | ret=SUCCESS |  
2019-08-30 05:17:52,982 | INFO  | DNAudit | user=null | ip=null | op=PUT_BLOCK {blockData=[blockId=conID: 2 locID: 102704235988189778 bcsId: 0,size=1048576]} | ret=SUCCESS |  
2019-08-30 05:17:52,982 [grpc-default-executor-3] INFO  client.GrpcClientProtocolClient (GrpcClientProtocolClient.java:onNext(255)) - client-574492D41EE7->134d4672-e322-4e4b-b7f3-5645abb0fe8c: receive RaftClientReply:client-574492D41EE7->134d4672-e322-4e4b-b7f3-5645abb0fe8c@group-3CB1DFFBCDC2, cid=2510, SUCCESS, logIndex=3721, commits[134d4672-e322-4e4b-b7f3-5645abb0fe8c:c3723, 73af84f3-3e88-4c8c-894c-3ad307bcac8d:c3720, 730a25a1-dbec-44ed-975b-a44ab0096beb:c3720]
2019-08-30 05:17:52,983 [grpc-default-executor-3] INFO  client.GrpcClientProtocolClient (GrpcClientProtocolClient.java:onNext(255)) - client-574492D41EE7->134d4672-e322-4e4b-b7f3-5645abb0fe8c: receive RaftClientReply:client-574492D41EE7->134d4672-e322-4e4b-b7f3-5645abb0fe8c@group-3CB1DFFBCDC2, cid=2511, SUCCESS, logIndex=3722, commits[134d4672-e322-4e4b-b7f3-5645abb0fe8c:c3724, 73af84f3-3e88-4c8c-894c-3ad307bcac8d:c3720, 730a25a1-dbec-44ed-975b-a44ab0096beb:c3720]
2019-08-30 05:17:52,992 | INFO  | DNAudit | user=null | ip=null | op=WRITE_CHUNK {blockData=conID: 2 locID: 102704235988189778 bcsId: 0} | ret=SUCCESS |  
2019-08-30 05:17:52,992 | INFO  | DNAudit | user=null | ip=null | op=WRITE_CHUNK {blockData=conID: 2 locID: 102704235988189778 bcsId: 0} | ret=SUCCESS |  
2019-08-30 05:17:52,993 | INFO  | DNAudit | user=null | ip=null | op=PUT_BLOCK {blockData=[blockId=conID: 2 locID: 102704235988189778 bcsId: 0,size=2097152]} | ret=SUCCESS |  
2019-08-30 05:17:52,993 | INFO  | DNAudit | user=null | ip=null | op=PUT_BLOCK {blockData=[blockId=conID: 2 locID: 102704235988189778 bcsId: 0,size=2097152]} | ret=SUCCESS |  
2019-08-30 05:17:52,993 | INFO  | DNAudit | user=null | ip=null | op=WRITE_CHUNK {blockData=conID: 2 locID: 102704235988189778 bcsId: 3722} | ret=SUCCESS |  
2019-08-30 05:17:52,996 | INFO  | DNAudit | user=null | ip=null | op=WRITE_CHUNK {blockData=conID: 2 locID: 102704235988189778 bcsId: 3722} | ret=SUCCESS |  
2019-08-30 05:17:52,996 | INFO  | DNAudit | user=null | ip=null | op=WRITE_CHUNK {blockData=conID: 2 locID: 102704235988189778 bcsId: 3722} | ret=SUCCESS |  
2019-08-30 05:17:52,998 | INFO  | DNAudit | user=null | ip=null | op=WRITE_CHUNK {blockData=conID: 2 locID: 102704235988189778 bcsId: 3722} | ret=SUCCESS |  
2019-08-30 05:17:52,998 | INFO  | DNAudit | user=null | ip=null | op=PUT_BLOCK {blockData=[blockId=conID: 2 locID: 102704235988189778 bcsId: 0,size=3145728]} | ret=SUCCESS |  
2019-08-30 05:17:52,999 [grpc-default-executor-6] INFO  client.GrpcClientProtocolClient (GrpcClientProtocolClient.java:onNext(255)) - client-574492D41EE7->134d4672-e322-4e4b-b7f3-5645abb0fe8c: receive RaftClientReply:client-574492D41EE7->134d4672-e322-4e4b-b7f3-5645abb0fe8c@group-3CB1DFFBCDC2, cid=2512, SUCCESS, logIndex=3727, commits[134d4672-e322-4e4b-b7f3-5645abb0fe8c:c3728, 73af84f3-3e88-4c8c-894c-3ad307bcac8d:c3724, 730a25a1-dbec-44ed-975b-a44ab0096beb:c3722]
2019-08-30 05:17:52,999 [grpc-default-executor-6] INFO  client.GrpcClientProtocolClient (GrpcClientProtocolClient.java:onNext(255)) - client-574492D41EE7->134d4672-e322-4e4b-b7f3-5645abb0fe8c: receive RaftClientReply:client-574492D41EE7->134d4672-e322-4e4b-b7f3-5645abb0fe8c@group-3CB1DFFBCDC2, cid=2513, SUCCESS, logIndex=3728, commits[134d4672-e322-4e4b-b7f3-5645abb0fe8c:c3728, 73af84f3-3e88-4c8c-894c-3ad307bcac8d:c3724, 730a25a1-dbec-44ed-975b-a44ab0096beb:c3724]
2019-08-30 05:17:53,001 | INFO  | DNAudit | user=null | ip=null | op=WRITE_CHUNK {blockData=conID: 2 locID: 102704235988189778 bcsId: 3722} | ret=SUCCESS |  
2019-08-30 05:17:53,001 | INFO  | DNAudit | user=null | ip=null | op=WRITE_CHUNK {blockData=conID: 2 locID: 102704235988189778 bcsId: 3722} | ret=SUCCESS |  
2019-08-30 05:17:53,002 | INFO  | DNAudit | user=null | ip=null | op=PUT_BLOCK {blockData=[blockId=conID: 2 locID: 102704235988189778 bcsId: 0,size=3145728]} | ret=SUCCESS |  
2019-08-30 05:17:53,002 | INFO  | DNAudit | user=null | ip=null | op=PUT_BLOCK {blockData=[blockId=conID: 2 locID: 102704235988189778 bcsId: 0,size=3145728]} | ret=SUCCESS |  
2019-08-30 05:17:53,007 | INFO  | DNAudit | user=null | ip=null | op=WRITE_CHUNK {blockData=conID: 2 locID: 102704235988189778 bcsId: 3728} | ret=SUCCESS |  
2019-08-30 05:17:53,010 | INFO  | DNAudit | user=null | ip=null | op=WRITE_CHUNK {blockData=conID: 2 locID: 102704235988189778 bcsId: 3728} | ret=SUCCESS |  
2019-08-30 05:17:53,010 | INFO  | DNAudit | user=null | ip=null | op=WRITE_CHUNK {blockData=conID: 2 locID: 102704235988189778 bcsId: 3728} | ret=SUCCESS |  
2019-08-30 05:17:53,019 | INFO  | DNAudit | user=null | ip=null | op=WRITE_CHUNK {blockData=conID: 2 locID: 102704235988189778 bcsId: 3728} | ret=SUCCESS |  
2019-08-30 05:17:53,019 | INFO  | DNAudit | user=null | ip=null | op=PUT_BLOCK {blockData=[blockId=conID: 2 locID: 102704235988189778 bcsId: 0,size=4194304]} | ret=SUCCESS |  
2019-08-30 05:17:53,019 [grpc-default-executor-6] INFO  client.GrpcClientProtocolClient (GrpcClientProtocolClient.java:onNext(255)) - client-574492D41EE7->134d4672-e322-4e4b-b7f3-5645abb0fe8c: receive RaftClientReply:client-574492D41EE7->134d4672-e322-4e4b-b7f3-5645abb0fe8c@group-3CB1DFFBCDC2, cid=2514, SUCCESS, logIndex=3731, commits[134d4672-e322-4e4b-b7f3-5645abb0fe8c:c3732, 73af84f3-3e88-4c8c-894c-3ad307bcac8d:c3730, 730a25a1-dbec-44ed-975b-a44ab0096beb:c3730]
2019-08-30 05:17:53,020 [grpc-default-executor-6] INFO  client.GrpcClientProtocolClient (GrpcClientProtocolClient.java:onNext(255)) - client-574492D41EE7->134d4672-e322-4e4b-b7f3-5645abb0fe8c: receive RaftClientReply:client-574492D41EE7->134d4672-e322-4e4b-b7f3-5645abb0fe8c@group-3CB1DFFBCDC2, cid=2515, SUCCESS, logIndex=3732, commits[134d4672-e322-4e4b-b7f3-5645abb0fe8c:c3732, 73af84f3-3e88-4c8c-894c-3ad307bcac8d:c3730, 730a25a1-dbec-44ed-975b-a44ab0096beb:c3730]
2019-08-30 05:17:53,044 | INFO  | DNAudit | user=null | ip=null | op=WRITE_CHUNK {blockData=conID: 2 locID: 102704235988189778 bcsId: 3728} | ret=SUCCESS |  
2019-08-30 05:17:53,046 | INFO  | DNAudit | user=null | ip=null | op=WRITE_CHUNK {blockData=conID: 2 locID: 102704235988189778 bcsId: 3728} | ret=SUCCESS |  
2019-08-30 05:17:53,046 | INFO  | DNAudit | user=null | ip=null | op=PUT_BLOCK {blockData=[blockId=conID: 2 locID: 102704235988189778 bcsId: 0,size=4194304]} | ret=SUCCESS |  
2019-08-30 05:17:53,050 | INFO  | DNAudit | user=null | ip=null | op=PUT_BLOCK {blockData=[blockId=conID: 2 locID: 102704235988189778 bcsId: 0,size=4194304]} | ret=SUCCESS |  
2019-08-30 05:17:53,051 [grpc-default-executor-6] INFO  client.GrpcClientProtocolClient (GrpcClientProtocolClient.java:onNext(255)) - client-574492D41EE7->134d4672-e322-4e4b-b7f3-5645abb0fe8c: receive RaftClientReply:client-574492D41EE7->134d4672-e322-4e4b-b7f3-5645abb0fe8c@group-3CB1DFFBCDC2, cid=2516, SUCCESS, logIndex=0, commits[134d4672-e322-4e4b-b7f3-5645abb0fe8c:c3734, 73af84f3-3e88-4c8c-894c-3ad307bcac8d:c3732, 730a25a1-dbec-44ed-975b-a44ab0096beb:c3732]
2019-08-30 05:17:53,060 | INFO  | SCMAudit | user=jenkins1000 | ip=192.168.36.106 | op=ALLOCATE_BLOCK {owner=85755eb5-052d-48fa-b271-2fe4d8754e12, size=4194304, type=RATIS, factor=THREE} | ret=SUCCESS |  
2019-08-30 05:17:53,064 | INFO  | OMAudit | user=jenkins1000 | ip=127.0.0.1 | op=ALLOCATE_BLOCK {volume=vol-0-00977, bucket=bucket-0-44205, key=key-0-32850, dataSize=0, replicationType=null, replicationFactor=null, keyLocationInfo=null, clientID=102704234570776978} | ret=SUCCESS |  
2019-08-30 05:17:53,073 | INFO  | DNAudit | user=null | ip=null | op=WRITE_CHUNK {blockData=conID: 3 locID: 102704236007260755 bcsId: 0} | ret=SUCCESS |  
2019-08-30 05:17:53,076 | INFO  | DNAudit | user=null | ip=null | op=WRITE_CHUNK {blockData=conID: 3 locID: 102704236007260755 bcsId: 0} | ret=SUCCESS |  
2019-08-30 05:17:53,076 | INFO  | DNAudit | user=null | ip=null | op=WRITE_CHUNK {blockData=conID: 3 locID: 102704236007260755 bcsId: 0} | ret=SUCCESS |  
2019-08-30 05:17:53,077 | INFO  | DNAudit | user=null | ip=null | op=WRITE_CHUNK {blockData=conID: 3 locID: 102704236007260755 bcsId: 0} | ret=SUCCESS |  
2019-08-30 05:17:53,078 | INFO  | DNAudit | user=null | ip=null | op=WRITE_CHUNK {blockData=conID: 3 locID: 102704236007260755 bcsId: 0} | ret=SUCCESS |  
2019-08-30 05:17:53,079 | INFO  | DNAudit | user=null | ip=null | op=WRITE_CHUNK {blockData=conID: 3 locID: 102704236007260755 bcsId: 0} | ret=SUCCESS |  
2019-08-30 05:17:53,085 | INFO  | DNAudit | user=null | ip=null | op=WRITE_CHUNK {blockData=conID: 3 locID: 102704236007260755 bcsId: 0} | ret=SUCCESS |  
2019-08-30 05:17:53,086 | INFO  | DNAudit | user=null | ip=null | op=PUT_BLOCK {blockData=[blockId=conID: 3 locID: 102704236007260755 bcsId: 0,size=1048576]} | ret=SUCCESS |  
2019-08-30 05:17:53,086 [grpc-default-executor-6] INFO  client.GrpcClientProtocolClient (GrpcClientProtocolClient.java:onNext(255)) - client-574492D41EE7->134d4672-e322-4e4b-b7f3-5645abb0fe8c: receive RaftClientReply:client-574492D41EE7->134d4672-e322-4e4b-b7f3-5645abb0fe8c@group-3CB1DFFBCDC2, cid=2517, SUCCESS, logIndex=3735, commits[134d4672-e322-4e4b-b7f3-5645abb0fe8c:c3736, 73af84f3-3e88-4c8c-894c-3ad307bcac8d:c3734, 730a25a1-dbec-44ed-975b-a44ab0096beb:c3734]
2019-08-30 05:17:53,086 | INFO  | DNAudit | user=null | ip=null | op=WRITE_CHUNK {blockData=conID: 3 locID: 102704236007260755 bcsId: 0} | ret=SUCCESS |  
2019-08-30 05:17:53,086 | INFO  | DNAudit | user=null | ip=null | op=WRITE_CHUNK {blockData=conID: 3 locID: 102704236007260755 bcsId: 0} | ret=SUCCESS |  
2019-08-30 05:17:53,087 | INFO  | DNAudit | user=null | ip=null | op=PUT_BLOCK {blockData=[blockId=conID: 3 locID: 102704236007260755 bcsId: 0,size=2097152]} | ret=SUCCESS |  
2019-08-30 05:17:53,087 [grpc-default-executor-6] INFO  client.GrpcClientProtocolClient (GrpcClientProtocolClient.java:onNext(255)) - client-574492D41EE7->134d4672-e322-4e4b-b7f3-5645abb0fe8c: receive RaftClientReply:client-574492D41EE7->134d4672-e322-4e4b-b7f3-5645abb0fe8c@group-3CB1DFFBCDC2, cid=2518, SUCCESS, logIndex=3736, commits[134d4672-e322-4e4b-b7f3-5645abb0fe8c:c3738, 73af84f3-3e88-4c8c-894c-3ad307bcac8d:c3734, 730a25a1-dbec-44ed-975b-a44ab0096beb:c3734]
2019-08-30 05:17:53,087 | INFO  | DNAudit | user=null | ip=null | op=WRITE_CHUNK {blockData=conID: 3 locID: 102704236007260755 bcsId: 0} | ret=SUCCESS |  
2019-08-30 05:17:53,087 [grpc-default-executor-6] INFO  client.GrpcClientProtocolClient (GrpcClientProtocolClient.java:onNext(255)) - client-574492D41EE7->134d4672-e322-4e4b-b7f3-5645abb0fe8c: receive RaftClientReply:client-574492D41EE7->134d4672-e322-4e4b-b7f3-5645abb0fe8c@group-3CB1DFFBCDC2, cid=2519, SUCCESS, logIndex=3737, commits[134d4672-e322-4e4b-b7f3-5645abb0fe8c:c3738, 73af84f3-3e88-4c8c-894c-3ad307bcac8d:c3734, 730a25a1-dbec-44ed-975b-a44ab0096beb:c3734]
2019-08-30 05:17:53,087 | INFO  | DNAudit | user=null | ip=null | op=PUT_BLOCK {blockData=[blockId=conID: 3 locID: 102704236007260755 bcsId: 0,size=1048576]} | ret=SUCCESS |  
2019-08-30 05:17:53,087 [grpc-default-executor-6] INFO  client.GrpcClientProtocolClient (GrpcClientProtocolClient.java:onNext(255)) - client-574492D41EE7->134d4672-e322-4e4b-b7f3-5645abb0fe8c: receive RaftClientReply:client-574492D41EE7->134d4672-e322-4e4b-b7f3-5645abb0fe8c@group-3CB1DFFBCDC2, cid=2520, SUCCESS, logIndex=3738, commits[134d4672-e322-4e4b-b7f3-5645abb0fe8c:c3739, 73af84f3-3e88-4c8c-894c-3ad307bcac8d:c3735, 730a25a1-dbec-44ed-975b-a44ab0096beb:c3734]
2019-08-30 05:17:53,089 | INFO  | DNAudit | user=null | ip=null | op=PUT_BLOCK {blockData=[blockId=conID: 3 locID: 102704236007260755 bcsId: 0,size=1048576]} | ret=SUCCESS |  
2019-08-30 05:17:53,089 | INFO  | DNAudit | user=null | ip=null | op=WRITE_CHUNK {blockData=conID: 3 locID: 102704236007260755 bcsId: 0} | ret=SUCCESS |  
2019-08-30 05:17:53,093 | INFO  | DNAudit | user=null | ip=null | op=PUT_BLOCK {blockData=[blockId=conID: 3 locID: 102704236007260755 bcsId: 0,size=2097152]} | ret=SUCCESS |  
2019-08-30 05:17:53,093 [grpc-default-executor-6] INFO  client.GrpcClientProtocolClient (GrpcClientProtocolClient.java:onNext(255)) - client-574492D41EE7->134d4672-e322-4e4b-b7f3-5645abb0fe8c: receive RaftClientReply:client-574492D41EE7->134d4672-e322-4e4b-b7f3-5645abb0fe8c@group-3CB1DFFBCDC2, cid=2521, SUCCESS, logIndex=0, commits[134d4672-e322-4e4b-b7f3-5645abb0fe8c:c3740, 73af84f3-3e88-4c8c-894c-3ad307bcac8d:c3736, 730a25a1-dbec-44ed-975b-a44ab0096beb:c3736]
2019-08-30 05:17:53,101 | INFO  | DNAudit | user=null | ip=null | op=WRITE_CHUNK {blockData=conID: 3 locID: 102704236007260755 bcsId: 0} | ret=SUCCESS |  
2019-08-30 05:17:53,101 | INFO  | DNAudit | user=null | ip=null | op=PUT_BLOCK {blockData=[blockId=conID: 3 locID: 102704236007260755 bcsId: 0,size=2097152]} | ret=SUCCESS |  
2019-08-30 05:17:53,102 | INFO  | DNAudit | user=null | ip=null | op=WRITE_CHUNK {blockData=conID: 3 locID: 102704236007260755 bcsId: 3738} | ret=SUCCESS |  
2019-08-30 05:17:53,105 | INFO  | DNAudit | user=null | ip=null | op=WRITE_CHUNK {blockData=conID: 3 locID: 102704236007260755 bcsId: 3738} | ret=SUCCESS |  
2019-08-30 05:17:53,105 | INFO  | DNAudit | user=null | ip=null | op=WRITE_CHUNK {blockData=conID: 3 locID: 102704236007260755 bcsId: 3738} | ret=SUCCESS |  
2019-08-30 05:17:53,115 | INFO  | DNAudit | user=null | ip=null | op=WRITE_CHUNK {blockData=conID: 3 locID: 102704236007260755 bcsId: 3738} | ret=SUCCESS |  
2019-08-30 05:17:53,115 | INFO  | DNAudit | user=null | ip=null | op=PUT_BLOCK {blockData=[blockId=conID: 3 locID: 102704236007260755 bcsId: 0,size=3145728]} | ret=SUCCESS |  
2019-08-30 05:17:53,115 [grpc-default-executor-5] INFO  client.GrpcClientProtocolClient (GrpcClientProtocolClient.java:onNext(255)) - client-574492D41EE7->134d4672-e322-4e4b-b7f3-5645abb0fe8c: receive RaftClientReply:client-574492D41EE7->134d4672-e322-4e4b-b7f3-5645abb0fe8c@group-3CB1DFFBCDC2, cid=2522, SUCCESS, logIndex=3743, commits[134d4672-e322-4e4b-b7f3-5645abb0fe8c:c3744, 73af84f3-3e88-4c8c-894c-3ad307bcac8d:c3742, 730a25a1-dbec-44ed-975b-a44ab0096beb:c3742]
2019-08-30 05:17:53,116 [grpc-default-executor-5] INFO  client.GrpcClientProtocolClient (GrpcClientProtocolClient.java:onNext(255)) - client-574492D41EE7->134d4672-e322-4e4b-b7f3-5645abb0fe8c: receive RaftClientReply:client-574492D41EE7->134d4672-e322-4e4b-b7f3-5645abb0fe8c@group-3CB1DFFBCDC2, cid=2523, SUCCESS, logIndex=3744, commits[134d4672-e322-4e4b-b7f3-5645abb0fe8c:c3744, 73af84f3-3e88-4c8c-894c-3ad307bcac8d:c3742, 730a25a1-dbec-44ed-975b-a44ab0096beb:c3742]
2019-08-30 05:17:53,124 | INFO  | DNAudit | user=null | ip=null | op=WRITE_CHUNK {blockData=conID: 3 locID: 102704236007260755 bcsId: 3744} | ret=SUCCESS |  
2019-08-30 05:17:53,126 | INFO  | DNAudit | user=null | ip=null | op=WRITE_CHUNK {blockData=conID: 3 locID: 102704236007260755 bcsId: 3738} | ret=SUCCESS |  
2019-08-30 05:17:53,126 | INFO  | DNAudit | user=null | ip=null | op=WRITE_CHUNK {blockData=conID: 3 locID: 102704236007260755 bcsId: 3744} | ret=SUCCESS |  
2019-08-30 05:17:53,126 | INFO  | DNAudit | user=null | ip=null | op=WRITE_CHUNK {blockData=conID: 3 locID: 102704236007260755 bcsId: 3738} | ret=SUCCESS |  
2019-08-30 05:17:53,126 | INFO  | DNAudit | user=null | ip=null | op=WRITE_CHUNK {blockData=conID: 3 locID: 102704236007260755 bcsId: 3744} | ret=SUCCESS |  
2019-08-30 05:17:53,127 | INFO  | DNAudit | user=null | ip=null | op=PUT_BLOCK {blockData=[blockId=conID: 3 locID: 102704236007260755 bcsId: 0,size=3145728]} | ret=SUCCESS |  
2019-08-30 05:17:53,128 | INFO  | DNAudit | user=null | ip=null | op=WRITE_CHUNK {blockData=conID: 3 locID: 102704236007260755 bcsId: 3744} | ret=SUCCESS |  
2019-08-30 05:17:53,128 | INFO  | DNAudit | user=null | ip=null | op=PUT_BLOCK {blockData=[blockId=conID: 3 locID: 102704236007260755 bcsId: 0,size=3145728]} | ret=SUCCESS |  
2019-08-30 05:17:53,128 | INFO  | DNAudit | user=null | ip=null | op=PUT_BLOCK {blockData=[blockId=conID: 3 locID: 102704236007260755 bcsId: 0,size=4194304]} | ret=SUCCESS |  
2019-08-30 05:17:53,128 [grpc-default-executor-5] INFO  client.GrpcClientProtocolClient (GrpcClientProtocolClient.java:onNext(255)) - client-574492D41EE7->134d4672-e322-4e4b-b7f3-5645abb0fe8c: receive RaftClientReply:client-574492D41EE7->134d4672-e322-4e4b-b7f3-5645abb0fe8c@group-3CB1DFFBCDC2, cid=2524, SUCCESS, logIndex=3747, commits[134d4672-e322-4e4b-b7f3-5645abb0fe8c:c3748, 73af84f3-3e88-4c8c-894c-3ad307bcac8d:c3744, 730a25a1-dbec-44ed-975b-a44ab0096beb:c3743]
2019-08-30 05:17:53,129 [grpc-default-executor-5] INFO  client.GrpcClientProtocolClient (GrpcClientProtocolClient.java:onNext(255)) - client-574492D41EE7->134d4672-e322-4e4b-b7f3-5645abb0fe8c: receive RaftClientReply:client-574492D41EE7->134d4672-e322-4e4b-b7f3-5645abb0fe8c@group-3CB1DFFBCDC2, cid=2525, SUCCESS, logIndex=3748, commits[134d4672-e322-4e4b-b7f3-5645abb0fe8c:c3748, 73af84f3-3e88-4c8c-894c-3ad307bcac8d:c3744, 730a25a1-dbec-44ed-975b-a44ab0096beb:c3744]
2019-08-30 05:17:53,131 | INFO  | DNAudit | user=null | ip=null | op=WRITE_CHUNK {blockData=conID: 3 locID: 102704236007260755 bcsId: 3744} | ret=SUCCESS |  
2019-08-30 05:17:53,131 | INFO  | DNAudit | user=null | ip=null | op=WRITE_CHUNK {blockData=conID: 3 locID: 102704236007260755 bcsId: 3744} | ret=SUCCESS |  
2019-08-30 05:17:53,142 | INFO  | DNAudit | user=null | ip=null | op=PUT_BLOCK {blockData=[blockId=conID: 3 locID: 102704236007260755 bcsId: 0,size=4194304]} | ret=SUCCESS |  
2019-08-30 05:17:53,142 | INFO  | DNAudit | user=null | ip=null | op=PUT_BLOCK {blockData=[blockId=conID: 3 locID: 102704236007260755 bcsId: 0,size=4194304]} | ret=SUCCESS |  
2019-08-30 05:17:53,143 [grpc-default-executor-5] INFO  client.GrpcClientProtocolClient (GrpcClientProtocolClient.java:onNext(255)) - client-574492D41EE7->134d4672-e322-4e4b-b7f3-5645abb0fe8c: receive RaftClientReply:client-574492D41EE7->134d4672-e322-4e4b-b7f3-5645abb0fe8c@group-3CB1DFFBCDC2, cid=2526, SUCCESS, logIndex=0, commits[134d4672-e322-4e4b-b7f3-5645abb0fe8c:c3750, 73af84f3-3e88-4c8c-894c-3ad307bcac8d:c3748, 730a25a1-dbec-44ed-975b-a44ab0096beb:c3748]
2019-08-30 05:17:53,149 | INFO  | SCMAudit | user=jenkins1000 | ip=192.168.36.106 | op=ALLOCATE_BLOCK {owner=85755eb5-052d-48fa-b271-2fe4d8754e12, size=4194304, type=RATIS, factor=THREE} | ret=SUCCESS |  
2019-08-30 05:17:53,152 | INFO  | OMAudit | user=jenkins1000 | ip=127.0.0.1 | op=ALLOCATE_BLOCK {volume=vol-0-00977, bucket=bucket-0-44205, key=key-0-32850, dataSize=0, replicationType=null, replicationFactor=null, keyLocationInfo=null, clientID=102704234570776978} | ret=SUCCESS |  
2019-08-30 05:17:53,163 | INFO  | DNAudit | user=null | ip=null | op=WRITE_CHUNK {blockData=conID: 1 locID: 102704236013093460 bcsId: 0} | ret=SUCCESS |  
2019-08-30 05:17:53,165 | INFO  | DNAudit | user=null | ip=null | op=WRITE_CHUNK {blockData=conID: 1 locID: 102704236013093460 bcsId: 0} | ret=SUCCESS |  
2019-08-30 05:17:53,166 | INFO  | DNAudit | user=null | ip=null | op=WRITE_CHUNK {blockData=conID: 1 locID: 102704236013093460 bcsId: 0} | ret=SUCCESS |  
2019-08-30 05:17:53,166 | INFO  | DNAudit | user=null | ip=null | op=WRITE_CHUNK {blockData=conID: 1 locID: 102704236013093460 bcsId: 0} | ret=SUCCESS |  
2019-08-30 05:17:53,166 | INFO  | DNAudit | user=null | ip=null | op=WRITE_CHUNK {blockData=conID: 1 locID: 102704236013093460 bcsId: 0} | ret=SUCCESS |  
2019-08-30 05:17:53,166 | INFO  | DNAudit | user=null | ip=null | op=WRITE_CHUNK {blockData=conID: 1 locID: 102704236013093460 bcsId: 0} | ret=SUCCESS |  
2019-08-30 05:17:53,178 | INFO  | DNAudit | user=null | ip=null | op=WRITE_CHUNK {blockData=conID: 1 locID: 102704236013093460 bcsId: 0} | ret=SUCCESS |  
2019-08-30 05:17:53,179 | INFO  | DNAudit | user=null | ip=null | op=PUT_BLOCK {blockData=[blockId=conID: 1 locID: 102704236013093460 bcsId: 0,size=1048576]} | ret=SUCCESS |  
2019-08-30 05:17:53,179 [grpc-default-executor-5] INFO  client.GrpcClientProtocolClient (GrpcClientProtocolClient.java:onNext(255)) - client-574492D41EE7->134d4672-e322-4e4b-b7f3-5645abb0fe8c: receive RaftClientReply:client-574492D41EE7->134d4672-e322-4e4b-b7f3-5645abb0fe8c@group-3CB1DFFBCDC2, cid=2527, SUCCESS, logIndex=3751, commits[134d4672-e322-4e4b-b7f3-5645abb0fe8c:c3753, 73af84f3-3e88-4c8c-894c-3ad307bcac8d:c3750, 730a25a1-dbec-44ed-975b-a44ab0096beb:c3750]
2019-08-30 05:17:53,179 | INFO  | DNAudit | user=null | ip=null | op=WRITE_CHUNK {blockData=conID: 1 locID: 102704236013093460 bcsId: 0} | ret=SUCCESS |  
2019-08-30 05:17:53,179 [grpc-default-executor-5] INFO  client.GrpcClientProtocolClient (GrpcClientProtocolClient.java:onNext(255)) - client-574492D41EE7->134d4672-e322-4e4b-b7f3-5645abb0fe8c: receive RaftClientReply:client-574492D41EE7->134d4672-e322-4e4b-b7f3-5645abb0fe8c@group-3CB1DFFBCDC2, cid=2528, SUCCESS, logIndex=3752, commits[134d4672-e322-4e4b-b7f3-5645abb0fe8c:c3754, 73af84f3-3e88-4c8c-894c-3ad307bcac8d:c3750, 730a25a1-dbec-44ed-975b-a44ab0096beb:c3750]
2019-08-30 05:17:53,180 | INFO  | DNAudit | user=null | ip=null | op=PUT_BLOCK {blockData=[blockId=conID: 1 locID: 102704236013093460 bcsId: 0,size=2097152]} | ret=SUCCESS |  
2019-08-30 05:17:53,180 [grpc-default-executor-5] INFO  client.GrpcClientProtocolClient (GrpcClientProtocolClient.java:onNext(255)) - client-574492D41EE7->134d4672-e322-4e4b-b7f3-5645abb0fe8c: receive RaftClientReply:client-574492D41EE7->134d4672-e322-4e4b-b7f3-5645abb0fe8c@group-3CB1DFFBCDC2, cid=2529, SUCCESS, logIndex=3753, commits[134d4672-e322-4e4b-b7f3-5645abb0fe8c:c3754, 73af84f3-3e88-4c8c-894c-3ad307bcac8d:c3750, 730a25a1-dbec-44ed-975b-a44ab0096beb:c3750]
2019-08-30 05:17:53,180 [grpc-default-executor-5] INFO  client.GrpcClientProtocolClient (GrpcClientProtocolClient.java:onNext(255)) - client-574492D41EE7->134d4672-e322-4e4b-b7f3-5645abb0fe8c: receive RaftClientReply:client-574492D41EE7->134d4672-e322-4e4b-b7f3-5645abb0fe8c@group-3CB1DFFBCDC2, cid=2530, SUCCESS, logIndex=3754, commits[134d4672-e322-4e4b-b7f3-5645abb0fe8c:c3754, 73af84f3-3e88-4c8c-894c-3ad307bcac8d:c3750, 730a25a1-dbec-44ed-975b-a44ab0096beb:c3750]
2019-08-30 05:17:53,189 | INFO  | DNAudit | user=null | ip=null | op=WRITE_CHUNK {blockData=conID: 1 locID: 102704236013093460 bcsId: 0} | ret=SUCCESS |  
2019-08-30 05:17:53,189 | INFO  | DNAudit | user=null | ip=null | op=PUT_BLOCK {blockData=[blockId=conID: 1 locID: 102704236013093460 bcsId: 0,size=1048576]} | ret=SUCCESS |  
2019-08-30 05:17:53,189 | INFO  | DNAudit | user=null | ip=null | op=WRITE_CHUNK {blockData=conID: 1 locID: 102704236013093460 bcsId: 0} | ret=SUCCESS |  
2019-08-30 05:17:53,192 | INFO  | DNAudit | user=null | ip=null | op=WRITE_CHUNK {blockData=conID: 1 locID: 102704236013093460 bcsId: 0} | ret=SUCCESS |  
2019-08-30 05:17:53,192 | INFO  | DNAudit | user=null | ip=null | op=PUT_BLOCK {blockData=[blockId=conID: 1 locID: 102704236013093460 bcsId: 0,size=2097152]} | ret=SUCCESS |  
2019-08-30 05:17:53,192 | INFO  | DNAudit | user=null | ip=null | op=PUT_BLOCK {blockData=[blockId=conID: 1 locID: 102704236013093460 bcsId: 0,size=1048576]} | ret=SUCCESS |  
2019-08-30 05:17:53,192 | INFO  | DNAudit | user=null | ip=null | op=WRITE_CHUNK {blockData=conID: 1 locID: 102704236013093460 bcsId: 0} | ret=SUCCESS |  
2019-08-30 05:17:53,193 | INFO  | DNAudit | user=null | ip=null | op=PUT_BLOCK {blockData=[blockId=conID: 1 locID: 102704236013093460 bcsId: 0,size=2097152]} | ret=SUCCESS |  
2019-08-30 05:17:53,192 [grpc-default-executor-6] INFO  client.GrpcClientProtocolClient (GrpcClientProtocolClient.java:onNext(255)) - client-574492D41EE7->134d4672-e322-4e4b-b7f3-5645abb0fe8c: receive RaftClientReply:client-574492D41EE7->134d4672-e322-4e4b-b7f3-5645abb0fe8c@group-3CB1DFFBCDC2, cid=2531, SUCCESS, logIndex=0, commits[134d4672-e322-4e4b-b7f3-5645abb0fe8c:c3758, 73af84f3-3e88-4c8c-894c-3ad307bcac8d:c3754, 730a25a1-dbec-44ed-975b-a44ab0096beb:c3752]
2019-08-30 05:17:53,198 | INFO  | DNAudit | user=null | ip=null | op=WRITE_CHUNK {blockData=conID: 1 locID: 102704236013093460 bcsId: 3754} | ret=SUCCESS |  
2019-08-30 05:17:53,200 | INFO  | DNAudit | user=null | ip=null | op=WRITE_CHUNK {blockData=conID: 1 locID: 102704236013093460 bcsId: 3754} | ret=SUCCESS |  
2019-08-30 05:17:53,201 | INFO  | DNAudit | user=null | ip=null | op=WRITE_CHUNK {blockData=conID: 1 locID: 102704236013093460 bcsId: 3754} | ret=SUCCESS |  
2019-08-30 05:17:53,211 | INFO  | DNAudit | user=null | ip=null | op=WRITE_CHUNK {blockData=conID: 1 locID: 102704236013093460 bcsId: 3754} | ret=SUCCESS |  
2019-08-30 05:17:53,211 | INFO  | DNAudit | user=null | ip=null | op=PUT_BLOCK {blockData=[blockId=conID: 1 locID: 102704236013093460 bcsId: 0,size=3145728]} | ret=SUCCESS |  
2019-08-30 05:17:53,212 [grpc-default-executor-6] INFO  client.GrpcClientProtocolClient (GrpcClientProtocolClient.java:onNext(255)) - client-574492D41EE7->134d4672-e322-4e4b-b7f3-5645abb0fe8c: receive RaftClientReply:client-574492D41EE7->134d4672-e322-4e4b-b7f3-5645abb0fe8c@group-3CB1DFFBCDC2, cid=2532, SUCCESS, logIndex=3759, commits[134d4672-e322-4e4b-b7f3-5645abb0fe8c:c3760, 73af84f3-3e88-4c8c-894c-3ad307bcac8d:c3758, 730a25a1-dbec-44ed-975b-a44ab0096beb:c3758]
2019-08-30 05:17:53,212 [grpc-default-executor-6] INFO  client.GrpcClientProtocolClient (GrpcClientProtocolClient.java:onNext(255)) - client-574492D41EE7->134d4672-e322-4e4b-b7f3-5645abb0fe8c: receive RaftClientReply:client-574492D41EE7->134d4672-e322-4e4b-b7f3-5645abb0fe8c@group-3CB1DFFBCDC2, cid=2533, SUCCESS, logIndex=3760, commits[134d4672-e322-4e4b-b7f3-5645abb0fe8c:c3760, 73af84f3-3e88-4c8c-894c-3ad307bcac8d:c3758, 730a25a1-dbec-44ed-975b-a44ab0096beb:c3758]
2019-08-30 05:17:53,219 | INFO  | DNAudit | user=null | ip=null | op=WRITE_CHUNK {blockData=conID: 1 locID: 102704236013093460 bcsId: 3760} | ret=SUCCESS |  
2019-08-30 05:17:53,221 | INFO  | DNAudit | user=null | ip=null | op=WRITE_CHUNK {blockData=conID: 1 locID: 102704236013093460 bcsId: 3760} | ret=SUCCESS |  
2019-08-30 05:17:53,221 | INFO  | DNAudit | user=null | ip=null | op=WRITE_CHUNK {blockData=conID: 1 locID: 102704236013093460 bcsId: 3760} | ret=SUCCESS |  
2019-08-30 05:17:53,223 | INFO  | DNAudit | user=null | ip=null | op=WRITE_CHUNK {blockData=conID: 1 locID: 102704236013093460 bcsId: 3754} | ret=SUCCESS |  
2019-08-30 05:17:53,223 | INFO  | DNAudit | user=null | ip=null | op=WRITE_CHUNK {blockData=conID: 1 locID: 102704236013093460 bcsId: 3754} | ret=SUCCESS |  
2019-08-30 05:17:53,226 | INFO  | DNAudit | user=null | ip=null | op=PUT_BLOCK {blockData=[blockId=conID: 1 locID: 102704236013093460 bcsId: 0,size=3145728]} | ret=SUCCESS |  
2019-08-30 05:17:53,226 | INFO  | DNAudit | user=null | ip=null | op=PUT_BLOCK {blockData=[blockId=conID: 1 locID: 102704236013093460 bcsId: 0,size=3145728]} | ret=SUCCESS |  
2019-08-30 05:17:53,226 | INFO  | DNAudit | user=null | ip=null | op=WRITE_CHUNK {blockData=conID: 1 locID: 102704236013093460 bcsId: 3760} | ret=SUCCESS |  
2019-08-30 05:17:53,227 | INFO  | DNAudit | user=null | ip=null | op=PUT_BLOCK {blockData=[blockId=conID: 1 locID: 102704236013093460 bcsId: 0,size=4194304]} | ret=SUCCESS |  
2019-08-30 05:17:53,227 [grpc-default-executor-5] INFO  client.GrpcClientProtocolClient (GrpcClientProtocolClient.java:onNext(255)) - client-574492D41EE7->134d4672-e322-4e4b-b7f3-5645abb0fe8c: receive RaftClientReply:client-574492D41EE7->134d4672-e322-4e4b-b7f3-5645abb0fe8c@group-3CB1DFFBCDC2, cid=2534, SUCCESS, logIndex=3763, commits[134d4672-e322-4e4b-b7f3-5645abb0fe8c:c3764, 73af84f3-3e88-4c8c-894c-3ad307bcac8d:c3760, 730a25a1-dbec-44ed-975b-a44ab0096beb:c3760]
2019-08-30 05:17:53,227 [grpc-default-executor-5] INFO  client.GrpcClientProtocolClient (GrpcClientProtocolClient.java:onNext(255)) - client-574492D41EE7->134d4672-e322-4e4b-b7f3-5645abb0fe8c: receive RaftClientReply:client-574492D41EE7->134d4672-e322-4e4b-b7f3-5645abb0fe8c@group-3CB1DFFBCDC2, cid=2535, SUCCESS, logIndex=3764, commits[134d4672-e322-4e4b-b7f3-5645abb0fe8c:c3764, 73af84f3-3e88-4c8c-894c-3ad307bcac8d:c3760, 730a25a1-dbec-44ed-975b-a44ab0096beb:c3760]
2019-08-30 05:17:53,238 | INFO  | DNAudit | user=null | ip=null | op=WRITE_CHUNK {blockData=conID: 1 locID: 102704236013093460 bcsId: 3760} | ret=SUCCESS |  
2019-08-30 05:17:53,238 | INFO  | DNAudit | user=null | ip=null | op=WRITE_CHUNK {blockData=conID: 1 locID: 102704236013093460 bcsId: 3760} | ret=SUCCESS |  
2019-08-30 05:17:53,240 | INFO  | DNAudit | user=null | ip=null | op=PUT_BLOCK {blockData=[blockId=conID: 1 locID: 102704236013093460 bcsId: 0,size=4194304]} | ret=SUCCESS |  
2019-08-30 05:17:53,241 | INFO  | DNAudit | user=null | ip=null | op=PUT_BLOCK {blockData=[blockId=conID: 1 locID: 102704236013093460 bcsId: 0,size=4194304]} | ret=SUCCESS |  
2019-08-30 05:17:53,241 [grpc-default-executor-5] INFO  client.GrpcClientProtocolClient (GrpcClientProtocolClient.java:onNext(255)) - client-574492D41EE7->134d4672-e322-4e4b-b7f3-5645abb0fe8c: receive RaftClientReply:client-574492D41EE7->134d4672-e322-4e4b-b7f3-5645abb0fe8c@group-3CB1DFFBCDC2, cid=2536, SUCCESS, logIndex=0, commits[134d4672-e322-4e4b-b7f3-5645abb0fe8c:c3766, 73af84f3-3e88-4c8c-894c-3ad307bcac8d:c3764, 730a25a1-dbec-44ed-975b-a44ab0096beb:c3764]
2019-08-30 05:17:53,247 | INFO  | SCMAudit | user=jenkins1000 | ip=192.168.36.106 | op=ALLOCATE_BLOCK {owner=85755eb5-052d-48fa-b271-2fe4d8754e12, size=4194304, type=RATIS, factor=THREE} | ret=SUCCESS |  
2019-08-30 05:17:53,250 | INFO  | OMAudit | user=jenkins1000 | ip=127.0.0.1 | op=ALLOCATE_BLOCK {volume=vol-0-00977, bucket=bucket-0-44205, key=key-0-32850, dataSize=0, replicationType=null, replicationFactor=null, keyLocationInfo=null, clientID=102704234570776978} | ret=SUCCESS |  
2019-08-30 05:17:53,258 | INFO  | DNAudit | user=null | ip=null | op=WRITE_CHUNK {blockData=conID: 2 locID: 102704236019515989 bcsId: 0} | ret=SUCCESS |  
2019-08-30 05:17:53,259 | INFO  | DNAudit | user=null | ip=null | op=WRITE_CHUNK {blockData=conID: 2 locID: 102704236019515989 bcsId: 0} | ret=SUCCESS |  
2019-08-30 05:17:53,261 | INFO  | DNAudit | user=null | ip=null | op=WRITE_CHUNK {blockData=conID: 2 locID: 102704236019515989 bcsId: 0} | ret=SUCCESS |  
2019-08-30 05:17:53,261 | INFO  | DNAudit | user=null | ip=null | op=WRITE_CHUNK {blockData=conID: 2 locID: 102704236019515989 bcsId: 0} | ret=SUCCESS |  
2019-08-30 05:17:53,261 | INFO  | DNAudit | user=null | ip=null | op=WRITE_CHUNK {blockData=conID: 2 locID: 102704236019515989 bcsId: 0} | ret=SUCCESS |  
2019-08-30 05:17:53,262 | INFO  | DNAudit | user=null | ip=null | op=PUT_BLOCK {blockData=[blockId=conID: 2 locID: 102704236019515989 bcsId: 0,size=1048576]} | ret=SUCCESS |  
2019-08-30 05:17:53,262 [grpc-default-executor-5] INFO  client.GrpcClientProtocolClient (GrpcClientProtocolClient.java:onNext(255)) - client-574492D41EE7->134d4672-e322-4e4b-b7f3-5645abb0fe8c: receive RaftClientReply:client-574492D41EE7->134d4672-e322-4e4b-b7f3-5645abb0fe8c@group-3CB1DFFBCDC2, cid=2537, SUCCESS, logIndex=3767, commits[134d4672-e322-4e4b-b7f3-5645abb0fe8c:c3768, 73af84f3-3e88-4c8c-894c-3ad307bcac8d:c3764, 730a25a1-dbec-44ed-975b-a44ab0096beb:c3766]
2019-08-30 05:17:53,262 | INFO  | DNAudit | user=null | ip=null | op=WRITE_CHUNK {blockData=conID: 2 locID: 102704236019515989 bcsId: 0} | ret=SUCCESS |  
2019-08-30 05:17:53,263 [grpc-default-executor-5] INFO  client.GrpcClientProtocolClient (GrpcClientProtocolClient.java:onNext(255)) - client-574492D41EE7->134d4672-e322-4e4b-b7f3-5645abb0fe8c: receive RaftClientReply:client-574492D41EE7->134d4672-e322-4e4b-b7f3-5645abb0fe8c@group-3CB1DFFBCDC2, cid=2538, SUCCESS, logIndex=3768, commits[134d4672-e322-4e4b-b7f3-5645abb0fe8c:c3768, 73af84f3-3e88-4c8c-894c-3ad307bcac8d:c3764, 730a25a1-dbec-44ed-975b-a44ab0096beb:c3766]
2019-08-30 05:17:53,264 | INFO  | DNAudit | user=null | ip=null | op=WRITE_CHUNK {blockData=conID: 2 locID: 102704236019515989 bcsId: 0} | ret=SUCCESS |  
2019-08-30 05:17:53,273 | INFO  | DNAudit | user=null | ip=null | op=WRITE_CHUNK {blockData=conID: 2 locID: 102704236019515989 bcsId: 0} | ret=SUCCESS |  
2019-08-30 05:17:53,273 | INFO  | DNAudit | user=null | ip=null | op=WRITE_CHUNK {blockData=conID: 2 locID: 102704236019515989 bcsId: 0} | ret=SUCCESS |  
2019-08-30 05:17:53,273 | INFO  | DNAudit | user=null | ip=null | op=PUT_BLOCK {blockData=[blockId=conID: 2 locID: 102704236019515989 bcsId: 0,size=1048576]} | ret=SUCCESS |  
2019-08-30 05:17:53,273 | INFO  | DNAudit | user=null | ip=null | op=PUT_BLOCK {blockData=[blockId=conID: 2 locID: 102704236019515989 bcsId: 0,size=2097152]} | ret=SUCCESS |  
2019-08-30 05:17:53,273 | INFO  | DNAudit | user=null | ip=null | op=WRITE_CHUNK {blockData=conID: 2 locID: 102704236019515989 bcsId: 0} | ret=SUCCESS |  
2019-08-30 05:17:53,274 | INFO  | DNAudit | user=null | ip=null | op=PUT_BLOCK {blockData=[blockId=conID: 2 locID: 102704236019515989 bcsId: 0,size=1048576]} | ret=SUCCESS |  
2019-08-30 05:17:53,274 [grpc-default-executor-6] INFO  client.GrpcClientProtocolClient (GrpcClientProtocolClient.java:onNext(255)) - client-574492D41EE7->134d4672-e322-4e4b-b7f3-5645abb0fe8c: receive RaftClientReply:client-574492D41EE7->134d4672-e322-4e4b-b7f3-5645abb0fe8c@group-3CB1DFFBCDC2, cid=2539, SUCCESS, logIndex=3769, commits[134d4672-e322-4e4b-b7f3-5645abb0fe8c:c3772, 73af84f3-3e88-4c8c-894c-3ad307bcac8d:c3768, 730a25a1-dbec-44ed-975b-a44ab0096beb:c3766]
2019-08-30 05:17:53,274 [grpc-default-executor-6] INFO  client.GrpcClientProtocolClient (GrpcClientProtocolClient.java:onNext(255)) - client-574492D41EE7->134d4672-e322-4e4b-b7f3-5645abb0fe8c: receive RaftClientReply:client-574492D41EE7->134d4672-e322-4e4b-b7f3-5645abb0fe8c@group-3CB1DFFBCDC2, cid=2540, SUCCESS, logIndex=3770, commits[134d4672-e322-4e4b-b7f3-5645abb0fe8c:c3772, 73af84f3-3e88-4c8c-894c-3ad307bcac8d:c3768, 730a25a1-dbec-44ed-975b-a44ab0096beb:c3766]
2019-08-30 05:17:53,275 [grpc-default-executor-6] INFO  client.GrpcClientProtocolClient (GrpcClientProtocolClient.java:onNext(255)) - client-574492D41EE7->134d4672-e322-4e4b-b7f3-5645abb0fe8c: receive RaftClientReply:client-574492D41EE7->134d4672-e322-4e4b-b7f3-5645abb0fe8c@group-3CB1DFFBCDC2, cid=2541, SUCCESS, logIndex=0, commits[134d4672-e322-4e4b-b7f3-5645abb0fe8c:c3772, 73af84f3-3e88-4c8c-894c-3ad307bcac8d:c3768, 730a25a1-dbec-44ed-975b-a44ab0096beb:c3768]
2019-08-30 05:17:53,281 | INFO  | DNAudit | user=null | ip=null | op=WRITE_CHUNK {blockData=conID: 2 locID: 102704236019515989 bcsId: 3770} | ret=SUCCESS |  
2019-08-30 05:17:53,285 | INFO  | DNAudit | user=null | ip=null | op=WRITE_CHUNK {blockData=conID: 2 locID: 102704236019515989 bcsId: 3770} | ret=SUCCESS |  
2019-08-30 05:17:53,285 | INFO  | DNAudit | user=null | ip=null | op=WRITE_CHUNK {blockData=conID: 2 locID: 102704236019515989 bcsId: 3770} | ret=SUCCESS |  
2019-08-30 05:17:53,292 | INFO  | DNAudit | user=null | ip=null | op=WRITE_CHUNK {blockData=conID: 2 locID: 102704236019515989 bcsId: 0} | ret=SUCCESS |  
2019-08-30 05:17:53,292 | INFO  | DNAudit | user=null | ip=null | op=WRITE_CHUNK {blockData=conID: 2 locID: 102704236019515989 bcsId: 0} | ret=SUCCESS |  
2019-08-30 05:17:53,293 | INFO  | DNAudit | user=null | ip=null | op=PUT_BLOCK {blockData=[blockId=conID: 2 locID: 102704236019515989 bcsId: 0,size=2097152]} | ret=SUCCESS |  
2019-08-30 05:17:53,293 | INFO  | DNAudit | user=null | ip=null | op=PUT_BLOCK {blockData=[blockId=conID: 2 locID: 102704236019515989 bcsId: 0,size=2097152]} | ret=SUCCESS |  
2019-08-30 05:17:53,294 | INFO  | DNAudit | user=null | ip=null | op=WRITE_CHUNK {blockData=conID: 2 locID: 102704236019515989 bcsId: 3770} | ret=SUCCESS |  
2019-08-30 05:17:53,294 | INFO  | DNAudit | user=null | ip=null | op=PUT_BLOCK {blockData=[blockId=conID: 2 locID: 102704236019515989 bcsId: 0,size=3145728]} | ret=SUCCESS |  
2019-08-30 05:17:53,295 [grpc-default-executor-3] INFO  client.GrpcClientProtocolClient (GrpcClientProtocolClient.java:onNext(255)) - client-574492D41EE7->134d4672-e322-4e4b-b7f3-5645abb0fe8c: receive RaftClientReply:client-574492D41EE7->134d4672-e322-4e4b-b7f3-5645abb0fe8c@group-3CB1DFFBCDC2, cid=2542, SUCCESS, logIndex=3775, commits[134d4672-e322-4e4b-b7f3-5645abb0fe8c:c3776, 73af84f3-3e88-4c8c-894c-3ad307bcac8d:c3772, 730a25a1-dbec-44ed-975b-a44ab0096beb:c3772]
2019-08-30 05:17:53,295 [grpc-default-executor-3] INFO  client.GrpcClientProtocolClient (GrpcClientProtocolClient.java:onNext(255)) - client-574492D41EE7->134d4672-e322-4e4b-b7f3-5645abb0fe8c: receive RaftClientReply:client-574492D41EE7->134d4672-e322-4e4b-b7f3-5645abb0fe8c@group-3CB1DFFBCDC2, cid=2543, SUCCESS, logIndex=3776, commits[134d4672-e322-4e4b-b7f3-5645abb0fe8c:c3776, 73af84f3-3e88-4c8c-894c-3ad307bcac8d:c3772, 730a25a1-dbec-44ed-975b-a44ab0096beb:c3772]
2019-08-30 05:17:53,302 | INFO  | DNAudit | user=null | ip=null | op=WRITE_CHUNK {blockData=conID: 2 locID: 102704236019515989 bcsId: 3776} | ret=SUCCESS |  
2019-08-30 05:17:53,305 | INFO  | DNAudit | user=null | ip=null | op=WRITE_CHUNK {blockData=conID: 2 locID: 102704236019515989 bcsId: 3776} | ret=SUCCESS |  
2019-08-30 05:17:53,305 | INFO  | DNAudit | user=null | ip=null | op=WRITE_CHUNK {blockData=conID: 2 locID: 102704236019515989 bcsId: 3776} | ret=SUCCESS |  
2019-08-30 05:17:53,307 | INFO  | DNAudit | user=null | ip=null | op=WRITE_CHUNK {blockData=conID: 2 locID: 102704236019515989 bcsId: 3770} | ret=SUCCESS |  
2019-08-30 05:17:53,308 | INFO  | DNAudit | user=null | ip=null | op=WRITE_CHUNK {blockData=conID: 2 locID: 102704236019515989 bcsId: 3770} | ret=SUCCESS |  
2019-08-30 05:17:53,315 | INFO  | SCMAudit | user=jenkins1000 | ip=192.168.36.106 | op=SEND_HEARTBEAT {datanodeUUID=ea5d4b6b-4a08-401a-8c59-ecc1ca37daf5, command=[]} | ret=SUCCESS |  
2019-08-30 05:17:53,315 | INFO  | SCMAudit | user=jenkins1000 | ip=192.168.36.106 | op=SEND_HEARTBEAT {datanodeUUID=134d4672-e322-4e4b-b7f3-5645abb0fe8c, command=[]} | ret=SUCCESS |  
2019-08-30 05:17:53,315 | INFO  | SCMAudit | user=jenkins1000 | ip=192.168.36.106 | op=SEND_HEARTBEAT {datanodeUUID=730a25a1-dbec-44ed-975b-a44ab0096beb, command=[]} | ret=SUCCESS |  
2019-08-30 05:17:53,316 | INFO  | SCMAudit | user=jenkins1000 | ip=192.168.36.106 | op=SEND_HEARTBEAT {datanodeUUID=73af84f3-3e88-4c8c-894c-3ad307bcac8d, command=[]} | ret=SUCCESS |  
 0.00% |█                                                                                                    |  0/1 Time: 0:00:222019-08-30 05:17:53,321 | INFO  | DNAudit | user=null | ip=null | op=PUT_BLOCK {blockData=[blockId=conID: 2 locID: 102704236019515989 bcsId: 0,size=3145728]} | ret=SUCCESS |  
2019-08-30 05:17:53,321 | INFO  | DNAudit | user=null | ip=null | op=PUT_BLOCK {blockData=[blockId=conID: 2 locID: 102704236019515989 bcsId: 0,size=3145728]} | ret=SUCCESS |  
2019-08-30 05:17:53,321 | INFO  | DNAudit | user=null | ip=null | op=WRITE_CHUNK {blockData=conID: 2 locID: 102704236019515989 bcsId: 3776} | ret=SUCCESS |  
2019-08-30 05:17:53,322 | INFO  | DNAudit | user=null | ip=null | op=PUT_BLOCK {blockData=[blockId=conID: 2 locID: 102704236019515989 bcsId: 0,size=4194304]} | ret=SUCCESS |  
2019-08-30 05:17:53,322 [grpc-default-executor-3] INFO  client.GrpcClientProtocolClient (GrpcClientProtocolClient.java:onNext(255)) - client-574492D41EE7->134d4672-e322-4e4b-b7f3-5645abb0fe8c: receive RaftClientReply:client-574492D41EE7->134d4672-e322-4e4b-b7f3-5645abb0fe8c@group-3CB1DFFBCDC2, cid=2544, SUCCESS, logIndex=3779, commits[134d4672-e322-4e4b-b7f3-5645abb0fe8c:c3779, 73af84f3-3e88-4c8c-894c-3ad307bcac8d:c3776, 730a25a1-dbec-44ed-975b-a44ab0096beb:c3776]
2019-08-30 05:17:53,322 [grpc-default-executor-3] INFO  client.GrpcClientProtocolClient (GrpcClientProtocolClient.java:onNext(255)) - client-574492D41EE7->134d4672-e322-4e4b-b7f3-5645abb0fe8c: receive RaftClientReply:client-574492D41EE7->134d4672-e322-4e4b-b7f3-5645abb0fe8c@group-3CB1DFFBCDC2, cid=2545, SUCCESS, logIndex=3780, commits[134d4672-e322-4e4b-b7f3-5645abb0fe8c:c3780, 73af84f3-3e88-4c8c-894c-3ad307bcac8d:c3776, 730a25a1-dbec-44ed-975b-a44ab0096beb:c3776]
2019-08-30 05:17:53,334 | INFO  | DNAudit | user=null | ip=null | op=WRITE_CHUNK {blockData=conID: 2 locID: 102704236019515989 bcsId: 3776} | ret=SUCCESS |  
2019-08-30 05:17:53,335 | INFO  | DNAudit | user=null | ip=null | op=WRITE_CHUNK {blockData=conID: 2 locID: 102704236019515989 bcsId: 3776} | ret=SUCCESS |  
2019-08-30 05:17:53,347 | INFO  | DNAudit | user=null | ip=null | op=PUT_BLOCK {blockData=[blockId=conID: 2 locID: 102704236019515989 bcsId: 0,size=4194304]} | ret=SUCCESS |  
2019-08-30 05:17:53,347 | INFO  | DNAudit | user=null | ip=null | op=PUT_BLOCK {blockData=[blockId=conID: 2 locID: 102704236019515989 bcsId: 0,size=4194304]} | ret=SUCCESS |  
2019-08-30 05:17:53,348 [grpc-default-executor-3] INFO  client.GrpcClientProtocolClient (GrpcClientProtocolClient.java:onNext(255)) - client-574492D41EE7->134d4672-e322-4e4b-b7f3-5645abb0fe8c: receive RaftClientReply:client-574492D41EE7->134d4672-e322-4e4b-b7f3-5645abb0fe8c@group-3CB1DFFBCDC2, cid=2546, SUCCESS, logIndex=0, commits[134d4672-e322-4e4b-b7f3-5645abb0fe8c:c3782, 73af84f3-3e88-4c8c-894c-3ad307bcac8d:c3780, 730a25a1-dbec-44ed-975b-a44ab0096beb:c3780]
2019-08-30 05:17:53,358 | INFO  | SCMAudit | user=jenkins1000 | ip=192.168.36.106 | op=ALLOCATE_BLOCK {owner=85755eb5-052d-48fa-b271-2fe4d8754e12, size=4194304, type=RATIS, factor=THREE} | ret=SUCCESS |  
2019-08-30 05:17:53,362 | INFO  | OMAudit | user=jenkins1000 | ip=127.0.0.1 | op=ALLOCATE_BLOCK {volume=vol-0-00977, bucket=bucket-0-44205, key=key-0-32850, dataSize=0, replicationType=null, replicationFactor=null, keyLocationInfo=null, clientID=102704234570776978} | ret=SUCCESS |  
2019-08-30 05:17:53,372 | INFO  | DNAudit | user=null | ip=null | op=WRITE_CHUNK {blockData=conID: 3 locID: 102704236026790486 bcsId: 0} | ret=SUCCESS |  
2019-08-30 05:17:53,375 | INFO  | DNAudit | user=null | ip=null | op=WRITE_CHUNK {blockData=conID: 3 locID: 102704236026790486 bcsId: 0} | ret=SUCCESS |  
2019-08-30 05:17:53,377 | INFO  | DNAudit | user=null | ip=null | op=WRITE_CHUNK {blockData=conID: 3 locID: 102704236026790486 bcsId: 0} | ret=SUCCESS |  
2019-08-30 05:17:53,377 | INFO  | DNAudit | user=null | ip=null | op=WRITE_CHUNK {blockData=conID: 3 locID: 102704236026790486 bcsId: 0} | ret=SUCCESS |  
2019-08-30 05:17:53,379 | INFO  | DNAudit | user=null | ip=null | op=WRITE_CHUNK {blockData=conID: 3 locID: 102704236026790486 bcsId: 0} | ret=SUCCESS |  
2019-08-30 05:17:53,379 | INFO  | DNAudit | user=null | ip=null | op=WRITE_CHUNK {blockData=conID: 3 locID: 102704236026790486 bcsId: 0} | ret=SUCCESS |  
2019-08-30 05:17:53,386 | INFO  | DNAudit | user=null | ip=null | op=WRITE_CHUNK {blockData=conID: 3 locID: 102704236026790486 bcsId: 0} | ret=SUCCESS |  
2019-08-30 05:17:53,387 | INFO  | DNAudit | user=null | ip=null | op=PUT_BLOCK {blockData=[blockId=conID: 3 locID: 102704236026790486 bcsId: 0,size=1048576]} | ret=SUCCESS |  
2019-08-30 05:17:53,387 [grpc-default-executor-3] INFO  client.GrpcClientProtocolClient (GrpcClientProtocolClient.java:onNext(255)) - client-574492D41EE7->134d4672-e322-4e4b-b7f3-5645abb0fe8c: receive RaftClientReply:client-574492D41EE7->134d4672-e322-4e4b-b7f3-5645abb0fe8c@group-3CB1DFFBCDC2, cid=2547, SUCCESS, logIndex=3783, commits[134d4672-e322-4e4b-b7f3-5645abb0fe8c:c3784, 73af84f3-3e88-4c8c-894c-3ad307bcac8d:c3782, 730a25a1-dbec-44ed-975b-a44ab0096beb:c3782]
2019-08-30 05:17:53,387 [grpc-default-executor-3] INFO  client.GrpcClientProtocolClient (GrpcClientProtocolClient.java:onNext(255)) - client-574492D41EE7->134d4672-e322-4e4b-b7f3-5645abb0fe8c: receive RaftClientReply:client-574492D41EE7->134d4672-e322-4e4b-b7f3-5645abb0fe8c@group-3CB1DFFBCDC2, cid=2548, SUCCESS, logIndex=3784, commits[134d4672-e322-4e4b-b7f3-5645abb0fe8c:c3784, 73af84f3-3e88-4c8c-894c-3ad307bcac8d:c3782, 730a25a1-dbec-44ed-975b-a44ab0096beb:c3782]
2019-08-30 05:17:53,396 | INFO  | DNAudit | user=null | ip=null | op=WRITE_CHUNK {blockData=conID: 3 locID: 102704236026790486 bcsId: 0} | ret=SUCCESS |  
2019-08-30 05:17:53,397 | INFO  | DNAudit | user=null | ip=null | op=PUT_BLOCK {blockData=[blockId=conID: 3 locID: 102704236026790486 bcsId: 0,size=2097152]} | ret=SUCCESS |  
2019-08-30 05:17:53,397 [grpc-default-executor-6] INFO  client.GrpcClientProtocolClient (GrpcClientProtocolClient.java:onNext(255)) - client-574492D41EE7->134d4672-e322-4e4b-b7f3-5645abb0fe8c: receive RaftClientReply:client-574492D41EE7->134d4672-e322-4e4b-b7f3-5645abb0fe8c@group-3CB1DFFBCDC2, cid=2549, SUCCESS, logIndex=3785, commits[134d4672-e322-4e4b-b7f3-5645abb0fe8c:c3786, 73af84f3-3e88-4c8c-894c-3ad307bcac8d:c3782, 730a25a1-dbec-44ed-975b-a44ab0096beb:c3782]
2019-08-30 05:17:53,397 [grpc-default-executor-6] INFO  client.GrpcClientProtocolClient (GrpcClientProtocolClient.java:onNext(255)) - client-574492D41EE7->134d4672-e322-4e4b-b7f3-5645abb0fe8c: receive RaftClientReply:client-574492D41EE7->134d4672-e322-4e4b-b7f3-5645abb0fe8c@group-3CB1DFFBCDC2, cid=2550, SUCCESS, logIndex=3786, commits[134d4672-e322-4e4b-b7f3-5645abb0fe8c:c3786, 73af84f3-3e88-4c8c-894c-3ad307bcac8d:c3782, 730a25a1-dbec-44ed-975b-a44ab0096beb:c3782]
2019-08-30 05:17:53,398 | INFO  | DNAudit | user=null | ip=null | op=WRITE_CHUNK {blockData=conID: 3 locID: 102704236026790486 bcsId: 0} | ret=SUCCESS |  
2019-08-30 05:17:53,411 | INFO  | DNAudit | user=null | ip=null | op=PUT_BLOCK {blockData=[blockId=conID: 3 locID: 102704236026790486 bcsId: 0,size=1048576]} | ret=SUCCESS |  
2019-08-30 05:17:53,412 | INFO  | DNAudit | user=null | ip=null | op=WRITE_CHUNK {blockData=conID: 3 locID: 102704236026790486 bcsId: 0} | ret=SUCCESS |  
2019-08-30 05:17:53,412 | INFO  | DNAudit | user=null | ip=null | op=WRITE_CHUNK {blockData=conID: 3 locID: 102704236026790486 bcsId: 0} | ret=SUCCESS |  
2019-08-30 05:17:53,412 | INFO  | DNAudit | user=null | ip=null | op=PUT_BLOCK {blockData=[blockId=conID: 3 locID: 102704236026790486 bcsId: 0,size=2097152]} | ret=SUCCESS |  
2019-08-30 05:17:53,412 | INFO  | DNAudit | user=null | ip=null | op=PUT_BLOCK {blockData=[blockId=conID: 3 locID: 102704236026790486 bcsId: 0,size=1048576]} | ret=SUCCESS |  
2019-08-30 05:17:53,412 | INFO  | DNAudit | user=null | ip=null | op=WRITE_CHUNK {blockData=conID: 3 locID: 102704236026790486 bcsId: 0} | ret=SUCCESS |  
2019-08-30 05:17:53,413 | INFO  | DNAudit | user=null | ip=null | op=PUT_BLOCK {blockData=[blockId=conID: 3 locID: 102704236026790486 bcsId: 0,size=2097152]} | ret=SUCCESS |  
2019-08-30 05:17:53,413 [grpc-default-executor-6] INFO  client.GrpcClientProtocolClient (GrpcClientProtocolClient.java:onNext(255)) - client-574492D41EE7->134d4672-e322-4e4b-b7f3-5645abb0fe8c: receive RaftClientReply:client-574492D41EE7->134d4672-e322-4e4b-b7f3-5645abb0fe8c@group-3CB1DFFBCDC2, cid=2551, SUCCESS, logIndex=0, commits[134d4672-e322-4e4b-b7f3-5645abb0fe8c:c3788, 73af84f3-3e88-4c8c-894c-3ad307bcac8d:c3786, 730a25a1-dbec-44ed-975b-a44ab0096beb:c3784]
2019-08-30 05:17:53,422 | INFO  | DNAudit | user=null | ip=null | op=WRITE_CHUNK {blockData=conID: 3 locID: 102704236026790486 bcsId: 3786} | ret=SUCCESS |  
2019-08-30 05:17:53,425 | INFO  | DNAudit | user=null | ip=null | op=WRITE_CHUNK {blockData=conID: 3 locID: 102704236026790486 bcsId: 3786} | ret=SUCCESS |  
2019-08-30 05:17:53,426 | INFO  | DNAudit | user=null | ip=null | op=WRITE_CHUNK {blockData=conID: 3 locID: 102704236026790486 bcsId: 3786} | ret=SUCCESS |  
2019-08-30 05:17:53,437 | INFO  | DNAudit | user=null | ip=null | op=WRITE_CHUNK {blockData=conID: 3 locID: 102704236026790486 bcsId: 3786} | ret=SUCCESS |  
2019-08-30 05:17:53,438 | INFO  | DNAudit | user=null | ip=null | op=PUT_BLOCK {blockData=[blockId=conID: 3 locID: 102704236026790486 bcsId: 0,size=3145728]} | ret=SUCCESS |  
2019-08-30 05:17:53,438 [grpc-default-executor-5] INFO  client.GrpcClientProtocolClient (GrpcClientProtocolClient.java:onNext(255)) - client-574492D41EE7->134d4672-e322-4e4b-b7f3-5645abb0fe8c: receive RaftClientReply:client-574492D41EE7->134d4672-e322-4e4b-b7f3-5645abb0fe8c@group-3CB1DFFBCDC2, cid=2552, SUCCESS, logIndex=3790, commits[134d4672-e322-4e4b-b7f3-5645abb0fe8c:c3791, 73af84f3-3e88-4c8c-894c-3ad307bcac8d:c3788, 730a25a1-dbec-44ed-975b-a44ab0096beb:c3788]
2019-08-30 05:17:53,438 [grpc-default-executor-5] INFO  client.GrpcClientProtocolClient (GrpcClientProtocolClient.java:onNext(255)) - client-574492D41EE7->134d4672-e322-4e4b-b7f3-5645abb0fe8c: receive RaftClientReply:client-574492D41EE7->134d4672-e322-4e4b-b7f3-5645abb0fe8c@group-3CB1DFFBCDC2, cid=2553, SUCCESS, logIndex=3791, commits[134d4672-e322-4e4b-b7f3-5645abb0fe8c:c3791, 73af84f3-3e88-4c8c-894c-3ad307bcac8d:c3788, 730a25a1-dbec-44ed-975b-a44ab0096beb:c3788]
2019-08-30 05:17:53,440 | INFO  | DNAudit | user=null | ip=null | op=WRITE_CHUNK {blockData=conID: 3 locID: 102704236026790486 bcsId: 3786} | ret=SUCCESS |  
2019-08-30 05:17:53,440 | INFO  | DNAudit | user=null | ip=null | op=WRITE_CHUNK {blockData=conID: 3 locID: 102704236026790486 bcsId: 3786} | ret=SUCCESS |  
2019-08-30 05:17:53,440 | INFO  | DNAudit | user=null | ip=null | op=PUT_BLOCK {blockData=[blockId=conID: 3 locID: 102704236026790486 bcsId: 0,size=3145728]} | ret=SUCCESS |  
2019-08-30 05:17:53,441 | INFO  | DNAudit | user=null | ip=null | op=PUT_BLOCK {blockData=[blockId=conID: 3 locID: 102704236026790486 bcsId: 0,size=3145728]} | ret=SUCCESS |  
2019-08-30 05:17:53,448 | INFO  | DNAudit | user=null | ip=null | op=WRITE_CHUNK {blockData=conID: 3 locID: 102704236026790486 bcsId: 3791} | ret=SUCCESS |  
2019-08-30 05:17:53,451 | INFO  | DNAudit | user=null | ip=null | op=WRITE_CHUNK {blockData=conID: 3 locID: 102704236026790486 bcsId: 3791} | ret=SUCCESS |  
2019-08-30 05:17:53,451 | INFO  | DNAudit | user=null | ip=null | op=WRITE_CHUNK {blockData=conID: 3 locID: 102704236026790486 bcsId: 3791} | ret=SUCCESS |  
2019-08-30 05:17:53,454 | INFO  | DNAudit | user=null | ip=null | op=WRITE_CHUNK {blockData=conID: 3 locID: 102704236026790486 bcsId: 3791} | ret=SUCCESS |  
2019-08-30 05:17:53,455 | INFO  | DNAudit | user=null | ip=null | op=PUT_BLOCK {blockData=[blockId=conID: 3 locID: 102704236026790486 bcsId: 0,size=4194304]} | ret=SUCCESS |  
2019-08-30 05:17:53,455 [grpc-default-executor-3] INFO  client.GrpcClientProtocolClient (GrpcClientProtocolClient.java:onNext(255)) - client-574492D41EE7->134d4672-e322-4e4b-b7f3-5645abb0fe8c: receive RaftClientReply:client-574492D41EE7->134d4672-e322-4e4b-b7f3-5645abb0fe8c@group-3CB1DFFBCDC2, cid=2554, SUCCESS, logIndex=3794, commits[134d4672-e322-4e4b-b7f3-5645abb0fe8c:c3795, 73af84f3-3e88-4c8c-894c-3ad307bcac8d:c3792, 730a25a1-dbec-44ed-975b-a44ab0096beb:c3792]
2019-08-30 05:17:53,456 [grpc-default-executor-3] INFO  client.GrpcClientProtocolClient (GrpcClientProtocolClient.java:onNext(255)) - client-574492D41EE7->134d4672-e322-4e4b-b7f3-5645abb0fe8c: receive RaftClientReply:client-574492D41EE7->134d4672-e322-4e4b-b7f3-5645abb0fe8c@group-3CB1DFFBCDC2, cid=2555, SUCCESS, logIndex=3795, commits[134d4672-e322-4e4b-b7f3-5645abb0fe8c:c3795, 73af84f3-3e88-4c8c-894c-3ad307bcac8d:c3792, 730a25a1-dbec-44ed-975b-a44ab0096beb:c3792]
2019-08-30 05:17:53,456 | INFO  | DNAudit | user=null | ip=null | op=WRITE_CHUNK {blockData=conID: 3 locID: 102704236026790486 bcsId: 3791} | ret=SUCCESS |  
2019-08-30 05:17:53,458 | INFO  | DNAudit | user=null | ip=null | op=WRITE_CHUNK {blockData=conID: 3 locID: 102704236026790486 bcsId: 3791} | ret=SUCCESS |  
2019-08-30 05:17:53,458 | INFO  | DNAudit | user=null | ip=null | op=PUT_BLOCK {blockData=[blockId=conID: 3 locID: 102704236026790486 bcsId: 0,size=4194304]} | ret=SUCCESS |  
2019-08-30 05:17:53,459 | INFO  | DNAudit | user=null | ip=null | op=PUT_BLOCK {blockData=[blockId=conID: 3 locID: 102704236026790486 bcsId: 0,size=4194304]} | ret=SUCCESS |  
2019-08-30 05:17:53,460 [grpc-default-executor-3] INFO  client.GrpcClientProtocolClient (GrpcClientProtocolClient.java:onNext(255)) - client-574492D41EE7->134d4672-e322-4e4b-b7f3-5645abb0fe8c: receive RaftClientReply:client-574492D41EE7->134d4672-e322-4e4b-b7f3-5645abb0fe8c@group-3CB1DFFBCDC2, cid=2556, SUCCESS, logIndex=0, commits[134d4672-e322-4e4b-b7f3-5645abb0fe8c:c3796, 73af84f3-3e88-4c8c-894c-3ad307bcac8d:c3795, 730a25a1-dbec-44ed-975b-a44ab0096beb:c3795]
2019-08-30 05:17:53,467 | INFO  | SCMAudit | user=jenkins1000 | ip=192.168.36.106 | op=ALLOCATE_BLOCK {owner=85755eb5-052d-48fa-b271-2fe4d8754e12, size=4194304, type=RATIS, factor=THREE} | ret=SUCCESS |  
2019-08-30 05:17:53,471 | INFO  | OMAudit | user=jenkins1000 | ip=127.0.0.1 | op=ALLOCATE_BLOCK {volume=vol-0-00977, bucket=bucket-0-44205, key=key-0-32850, dataSize=0, replicationType=null, replicationFactor=null, keyLocationInfo=null, clientID=102704234570776978} | ret=SUCCESS |  
2019-08-30 05:17:53,481 | INFO  | DNAudit | user=null | ip=null | op=WRITE_CHUNK {blockData=conID: 1 locID: 102704236033933911 bcsId: 0} | ret=SUCCESS |  
2019-08-30 05:17:53,483 | INFO  | DNAudit | user=null | ip=null | op=WRITE_CHUNK {blockData=conID: 1 locID: 102704236033933911 bcsId: 0} | ret=SUCCESS |  
2019-08-30 05:17:53,485 | INFO  | DNAudit | user=null | ip=null | op=WRITE_CHUNK {blockData=conID: 1 locID: 102704236033933911 bcsId: 0} | ret=SUCCESS |  
2019-08-30 05:17:53,485 | INFO  | DNAudit | user=null | ip=null | op=WRITE_CHUNK {blockData=conID: 1 locID: 102704236033933911 bcsId: 0} | ret=SUCCESS |  
2019-08-30 05:17:53,487 | INFO  | DNAudit | user=null | ip=null | op=WRITE_CHUNK {blockData=conID: 1 locID: 102704236033933911 bcsId: 0} | ret=SUCCESS |  
2019-08-30 05:17:53,488 | INFO  | DNAudit | user=null | ip=null | op=WRITE_CHUNK {blockData=conID: 1 locID: 102704236033933911 bcsId: 0} | ret=SUCCESS |  
2019-08-30 05:17:53,496 | INFO  | DNAudit | user=null | ip=null | op=WRITE_CHUNK {blockData=conID: 1 locID: 102704236033933911 bcsId: 0} | ret=SUCCESS |  
2019-08-30 05:17:53,496 | INFO  | DNAudit | user=null | ip=null | op=PUT_BLOCK {blockData=[blockId=conID: 1 locID: 102704236033933911 bcsId: 0,size=1048576]} | ret=SUCCESS |  
2019-08-30 05:17:53,496 [grpc-default-executor-3] INFO  client.GrpcClientProtocolClient (GrpcClientProtocolClient.java:onNext(255)) - client-574492D41EE7->134d4672-e322-4e4b-b7f3-5645abb0fe8c: receive RaftClientReply:client-574492D41EE7->134d4672-e322-4e4b-b7f3-5645abb0fe8c@group-3CB1DFFBCDC2, cid=2557, SUCCESS, logIndex=3798, commits[134d4672-e322-4e4b-b7f3-5645abb0fe8c:c3799, 73af84f3-3e88-4c8c-894c-3ad307bcac8d:c3797, 730a25a1-dbec-44ed-975b-a44ab0096beb:c3797]
2019-08-30 05:17:53,497 [grpc-default-executor-3] INFO  client.GrpcClientProtocolClient (GrpcClientProtocolClient.java:onNext(255)) - client-574492D41EE7->134d4672-e322-4e4b-b7f3-5645abb0fe8c: receive RaftClientReply:client-574492D41EE7->134d4672-e322-4e4b-b7f3-5645abb0fe8c@group-3CB1DFFBCDC2, cid=2558, SUCCESS, logIndex=3799, commits[134d4672-e322-4e4b-b7f3-5645abb0fe8c:c3799, 73af84f3-3e88-4c8c-894c-3ad307bcac8d:c3797, 730a25a1-dbec-44ed-975b-a44ab0096beb:c3797]
2019-08-30 05:17:53,499 | INFO  | DNAudit | user=null | ip=null | op=WRITE_CHUNK {blockData=conID: 1 locID: 102704236033933911 bcsId: 0} | ret=SUCCESS |  
2019-08-30 05:17:53,499 | INFO  | DNAudit | user=null | ip=null | op=PUT_BLOCK {blockData=[blockId=conID: 1 locID: 102704236033933911 bcsId: 0,size=2097152]} | ret=SUCCESS |  
2019-08-30 05:17:53,500 | INFO  | DNAudit | user=null | ip=null | op=WRITE_CHUNK {blockData=conID: 1 locID: 102704236033933911 bcsId: 0} | ret=SUCCESS |  
2019-08-30 05:17:53,500 [grpc-default-executor-3] INFO  client.GrpcClientProtocolClient (GrpcClientProtocolClient.java:onNext(255)) - client-574492D41EE7->134d4672-e322-4e4b-b7f3-5645abb0fe8c: receive RaftClientReply:client-574492D41EE7->134d4672-e322-4e4b-b7f3-5645abb0fe8c@group-3CB1DFFBCDC2, cid=2559, SUCCESS, logIndex=3800, commits[134d4672-e322-4e4b-b7f3-5645abb0fe8c:c3801, 73af84f3-3e88-4c8c-894c-3ad307bcac8d:c3797, 730a25a1-dbec-44ed-975b-a44ab0096beb:c3797]
2019-08-30 05:17:53,500 | INFO  | DNAudit | user=null | ip=null | op=WRITE_CHUNK {blockData=conID: 1 locID: 102704236033933911 bcsId: 0} | ret=SUCCESS |  
2019-08-30 05:17:53,500 | INFO  | DNAudit | user=null | ip=null | op=PUT_BLOCK {blockData=[blockId=conID: 1 locID: 102704236033933911 bcsId: 0,size=1048576]} | ret=SUCCESS |  
2019-08-30 05:17:53,501 [grpc-default-executor-5] INFO  client.GrpcClientProtocolClient (GrpcClientProtocolClient.java:onNext(255)) - client-574492D41EE7->134d4672-e322-4e4b-b7f3-5645abb0fe8c: receive RaftClientReply:client-574492D41EE7->134d4672-e322-4e4b-b7f3-5645abb0fe8c@group-3CB1DFFBCDC2, cid=2560, SUCCESS, logIndex=3801, commits[134d4672-e322-4e4b-b7f3-5645abb0fe8c:c3801, 73af84f3-3e88-4c8c-894c-3ad307bcac8d:c3797, 730a25a1-dbec-44ed-975b-a44ab0096beb:c3797]
2019-08-30 05:17:53,501 | INFO  | DNAudit | user=null | ip=null | op=PUT_BLOCK {blockData=[blockId=conID: 1 locID: 102704236033933911 bcsId: 0,size=1048576]} | ret=SUCCESS |  
2019-08-30 05:17:53,501 | INFO  | DNAudit | user=null | ip=null | op=WRITE_CHUNK {blockData=conID: 1 locID: 102704236033933911 bcsId: 0} | ret=SUCCESS |  
2019-08-30 05:17:53,501 | INFO  | DNAudit | user=null | ip=null | op=PUT_BLOCK {blockData=[blockId=conID: 1 locID: 102704236033933911 bcsId: 0,size=2097152]} | ret=SUCCESS |  
2019-08-30 05:17:53,502 [grpc-default-executor-5] INFO  client.GrpcClientProtocolClient (GrpcClientProtocolClient.java:onNext(255)) - client-574492D41EE7->134d4672-e322-4e4b-b7f3-5645abb0fe8c: receive RaftClientReply:client-574492D41EE7->134d4672-e322-4e4b-b7f3-5645abb0fe8c@group-3CB1DFFBCDC2, cid=2561, SUCCESS, logIndex=0, commits[134d4672-e322-4e4b-b7f3-5645abb0fe8c:c3803, 73af84f3-3e88-4c8c-894c-3ad307bcac8d:c3799, 730a25a1-dbec-44ed-975b-a44ab0096beb:c3800]
2019-08-30 05:17:53,503 | INFO  | DNAudit | user=null | ip=null | op=WRITE_CHUNK {blockData=conID: 1 locID: 102704236033933911 bcsId: 0} | ret=SUCCESS |  
2019-08-30 05:17:53,504 | INFO  | DNAudit | user=null | ip=null | op=PUT_BLOCK {blockData=[blockId=conID: 1 locID: 102704236033933911 bcsId: 0,size=2097152]} | ret=SUCCESS |  
2019-08-30 05:17:53,510 | INFO  | DNAudit | user=null | ip=null | op=WRITE_CHUNK {blockData=conID: 1 locID: 102704236033933911 bcsId: 3801} | ret=SUCCESS |  
2019-08-30 05:17:53,514 | INFO  | DNAudit | user=null | ip=null | op=WRITE_CHUNK {blockData=conID: 1 locID: 102704236033933911 bcsId: 3801} | ret=SUCCESS |  
2019-08-30 05:17:53,514 | INFO  | DNAudit | user=null | ip=null | op=WRITE_CHUNK {blockData=conID: 1 locID: 102704236033933911 bcsId: 3801} | ret=SUCCESS |  
2019-08-30 05:17:53,517 | INFO  | DNAudit | user=null | ip=null | op=WRITE_CHUNK {blockData=conID: 1 locID: 102704236033933911 bcsId: 3801} | ret=SUCCESS |  
2019-08-30 05:17:53,517 | INFO  | DNAudit | user=null | ip=null | op=PUT_BLOCK {blockData=[blockId=conID: 1 locID: 102704236033933911 bcsId: 0,size=3145728]} | ret=SUCCESS |  
2019-08-30 05:17:53,518 [grpc-default-executor-5] INFO  client.GrpcClientProtocolClient (GrpcClientProtocolClient.java:onNext(255)) - client-574492D41EE7->134d4672-e322-4e4b-b7f3-5645abb0fe8c: receive RaftClientReply:client-574492D41EE7->134d4672-e322-4e4b-b7f3-5645abb0fe8c@group-3CB1DFFBCDC2, cid=2562, SUCCESS, logIndex=3806, commits[134d4672-e322-4e4b-b7f3-5645abb0fe8c:c3807, 73af84f3-3e88-4c8c-894c-3ad307bcac8d:c3805, 730a25a1-dbec-44ed-975b-a44ab0096beb:c3801]
2019-08-30 05:17:53,518 [grpc-default-executor-5] INFO  client.GrpcClientProtocolClient (GrpcClientProtocolClient.java:onNext(255)) - client-574492D41EE7->134d4672-e322-4e4b-b7f3-5645abb0fe8c: receive RaftClientReply:client-574492D41EE7->134d4672-e322-4e4b-b7f3-5645abb0fe8c@group-3CB1DFFBCDC2, cid=2563, SUCCESS, logIndex=3807, commits[134d4672-e322-4e4b-b7f3-5645abb0fe8c:c3807, 73af84f3-3e88-4c8c-894c-3ad307bcac8d:c3805, 730a25a1-dbec-44ed-975b-a44ab0096beb:c3801]
2019-08-30 05:17:53,526 | INFO  | DNAudit | user=null | ip=null | op=WRITE_CHUNK {blockData=conID: 1 locID: 102704236033933911 bcsId: 3807} | ret=SUCCESS |  
2019-08-30 05:17:53,528 | INFO  | DNAudit | user=null | ip=null | op=WRITE_CHUNK {blockData=conID: 1 locID: 102704236033933911 bcsId: 3807} | ret=SUCCESS |  
2019-08-30 05:17:53,528 | INFO  | DNAudit | user=null | ip=null | op=WRITE_CHUNK {blockData=conID: 1 locID: 102704236033933911 bcsId: 3807} | ret=SUCCESS |  
2019-08-30 05:17:53,560 | INFO  | DNAudit | user=null | ip=null | op=WRITE_CHUNK {blockData=conID: 1 locID: 102704236033933911 bcsId: 3801} | ret=SUCCESS |  
2019-08-30 05:17:53,560 | INFO  | DNAudit | user=null | ip=null | op=PUT_BLOCK {blockData=[blockId=conID: 1 locID: 102704236033933911 bcsId: 0,size=3145728]} | ret=SUCCESS |  
2019-08-30 05:17:53,560 | INFO  | DNAudit | user=null | ip=null | op=WRITE_CHUNK {blockData=conID: 1 locID: 102704236033933911 bcsId: 3801} | ret=SUCCESS |  
2019-08-30 05:17:53,561 | INFO  | DNAudit | user=null | ip=null | op=PUT_BLOCK {blockData=[blockId=conID: 1 locID: 102704236033933911 bcsId: 0,size=3145728]} | ret=SUCCESS |  
2019-08-30 05:17:53,561 | INFO  | DNAudit | user=null | ip=null | op=WRITE_CHUNK {blockData=conID: 1 locID: 102704236033933911 bcsId: 3807} | ret=SUCCESS |  
2019-08-30 05:17:53,561 | INFO  | DNAudit | user=null | ip=null | op=PUT_BLOCK {blockData=[blockId=conID: 1 locID: 102704236033933911 bcsId: 0,size=4194304]} | ret=SUCCESS |  
2019-08-30 05:17:53,562 [grpc-default-executor-3] INFO  client.GrpcClientProtocolClient (GrpcClientProtocolClient.java:onNext(255)) - client-574492D41EE7->134d4672-e322-4e4b-b7f3-5645abb0fe8c: receive RaftClientReply:client-574492D41EE7->134d4672-e322-4e4b-b7f3-5645abb0fe8c@group-3CB1DFFBCDC2, cid=2564, SUCCESS, logIndex=3810, commits[134d4672-e322-4e4b-b7f3-5645abb0fe8c:c3811, 73af84f3-3e88-4c8c-894c-3ad307bcac8d:c3807, 730a25a1-dbec-44ed-975b-a44ab0096beb:c3807]
2019-08-30 05:17:53,562 [grpc-default-executor-3] INFO  client.GrpcClientProtocolClient (GrpcClientProtocolClient.java:onNext(255)) - client-574492D41EE7->134d4672-e322-4e4b-b7f3-5645abb0fe8c: receive RaftClientReply:client-574492D41EE7->134d4672-e322-4e4b-b7f3-5645abb0fe8c@group-3CB1DFFBCDC2, cid=2565, SUCCESS, logIndex=3811, commits[134d4672-e322-4e4b-b7f3-5645abb0fe8c:c3811, 73af84f3-3e88-4c8c-894c-3ad307bcac8d:c3807, 730a25a1-dbec-44ed-975b-a44ab0096beb:c3807]
2019-08-30 05:17:53,571 | INFO  | DNAudit | user=null | ip=null | op=WRITE_CHUNK {blockData=conID: 1 locID: 102704236033933911 bcsId: 3807} | ret=SUCCESS |  
2019-08-30 05:17:53,571 | INFO  | DNAudit | user=null | ip=null | op=WRITE_CHUNK {blockData=conID: 1 locID: 102704236033933911 bcsId: 3807} | ret=SUCCESS |  
2019-08-30 05:17:53,572 | INFO  | DNAudit | user=null | ip=null | op=PUT_BLOCK {blockData=[blockId=conID: 1 locID: 102704236033933911 bcsId: 0,size=4194304]} | ret=SUCCESS |  
2019-08-30 05:17:53,572 | INFO  | DNAudit | user=null | ip=null | op=PUT_BLOCK {blockData=[blockId=conID: 1 locID: 102704236033933911 bcsId: 0,size=4194304]} | ret=SUCCESS |  
2019-08-30 05:17:53,572 [grpc-default-executor-3] INFO  client.GrpcClientProtocolClient (GrpcClientProtocolClient.java:onNext(255)) - client-574492D41EE7->134d4672-e322-4e4b-b7f3-5645abb0fe8c: receive RaftClientReply:client-574492D41EE7->134d4672-e322-4e4b-b7f3-5645abb0fe8c@group-3CB1DFFBCDC2, cid=2566, SUCCESS, logIndex=0, commits[134d4672-e322-4e4b-b7f3-5645abb0fe8c:c3812, 73af84f3-3e88-4c8c-894c-3ad307bcac8d:c3811, 730a25a1-dbec-44ed-975b-a44ab0096beb:c3811]
2019-08-30 05:17:53,578 | INFO  | SCMAudit | user=jenkins1000 | ip=192.168.36.106 | op=SEND_HEARTBEAT {datanodeUUID=b91a4442-fd83-4a66-bee2-5c7959dbabc3, command=[]} | ret=SUCCESS |  
2019-08-30 05:17:53,578 | INFO  | SCMAudit | user=jenkins1000 | ip=192.168.36.106 | op=ALLOCATE_BLOCK {owner=85755eb5-052d-48fa-b271-2fe4d8754e12, size=4194304, type=RATIS, factor=THREE} | ret=SUCCESS |  
2019-08-30 05:17:53,582 | INFO  | OMAudit | user=jenkins1000 | ip=127.0.0.1 | op=ALLOCATE_BLOCK {volume=vol-0-00977, bucket=bucket-0-44205, key=key-0-32850, dataSize=0, replicationType=null, replicationFactor=null, keyLocationInfo=null, clientID=102704234570776978} | ret=SUCCESS |  
2019-08-30 05:17:53,588 | INFO  | DNAudit | user=null | ip=null | op=WRITE_CHUNK {blockData=conID: 2 locID: 102704236041208408 bcsId: 0} | ret=SUCCESS |  
2019-08-30 05:17:53,591 | INFO  | DNAudit | user=null | ip=null | op=WRITE_CHUNK {blockData=conID: 2 locID: 102704236041208408 bcsId: 0} | ret=SUCCESS |  
2019-08-30 05:17:53,592 | INFO  | DNAudit | user=null | ip=null | op=WRITE_CHUNK {blockData=conID: 2 locID: 102704236041208408 bcsId: 0} | ret=SUCCESS |  
2019-08-30 05:17:53,593 | INFO  | DNAudit | user=null | ip=null | op=WRITE_CHUNK {blockData=conID: 2 locID: 102704236041208408 bcsId: 0} | ret=SUCCESS |  
2019-08-30 05:17:53,594 | INFO  | DNAudit | user=null | ip=null | op=WRITE_CHUNK {blockData=conID: 2 locID: 102704236041208408 bcsId: 0} | ret=SUCCESS |  
2019-08-30 05:17:53,594 | INFO  | DNAudit | user=null | ip=null | op=WRITE_CHUNK {blockData=conID: 2 locID: 102704236041208408 bcsId: 0} | ret=SUCCESS |  
2019-08-30 05:17:53,601 | INFO  | DNAudit | user=null | ip=null | op=WRITE_CHUNK {blockData=conID: 2 locID: 102704236041208408 bcsId: 0} | ret=SUCCESS |  
2019-08-30 05:17:53,601 | INFO  | DNAudit | user=null | ip=null | op=PUT_BLOCK {blockData=[blockId=conID: 2 locID: 102704236041208408 bcsId: 0,size=1048576]} | ret=SUCCESS |  
2019-08-30 05:17:53,602 [grpc-default-executor-3] INFO  client.GrpcClientProtocolClient (GrpcClientProtocolClient.java:onNext(255)) - client-574492D41EE7->134d4672-e322-4e4b-b7f3-5645abb0fe8c: receive RaftClientReply:client-574492D41EE7->134d4672-e322-4e4b-b7f3-5645abb0fe8c@group-3CB1DFFBCDC2, cid=2567, SUCCESS, logIndex=3814, commits[134d4672-e322-4e4b-b7f3-5645abb0fe8c:c3815, 73af84f3-3e88-4c8c-894c-3ad307bcac8d:c3813, 730a25a1-dbec-44ed-975b-a44ab0096beb:c3813]
2019-08-30 05:17:53,602 | INFO  | DNAudit | user=null | ip=null | op=WRITE_CHUNK {blockData=conID: 2 locID: 102704236041208408 bcsId: 0} | ret=SUCCESS |  
2019-08-30 05:17:53,602 [grpc-default-executor-3] INFO  client.GrpcClientProtocolClient (GrpcClientProtocolClient.java:onNext(255)) - client-574492D41EE7->134d4672-e322-4e4b-b7f3-5645abb0fe8c: receive RaftClientReply:client-574492D41EE7->134d4672-e322-4e4b-b7f3-5645abb0fe8c@group-3CB1DFFBCDC2, cid=2568, SUCCESS, logIndex=3815, commits[134d4672-e322-4e4b-b7f3-5645abb0fe8c:c3815, 73af84f3-3e88-4c8c-894c-3ad307bcac8d:c3813, 730a25a1-dbec-44ed-975b-a44ab0096beb:c3813]
2019-08-30 05:17:53,603 | INFO  | DNAudit | user=null | ip=null | op=PUT_BLOCK {blockData=[blockId=conID: 2 locID: 102704236041208408 bcsId: 0,size=2097152]} | ret=SUCCESS |  
2019-08-30 05:17:53,603 [grpc-default-executor-3] INFO  client.GrpcClientProtocolClient (GrpcClientProtocolClient.java:onNext(255)) - client-574492D41EE7->134d4672-e322-4e4b-b7f3-5645abb0fe8c: receive RaftClientReply:client-574492D41EE7->134d4672-e322-4e4b-b7f3-5645abb0fe8c@group-3CB1DFFBCDC2, cid=2569, SUCCESS, logIndex=3816, commits[134d4672-e322-4e4b-b7f3-5645abb0fe8c:c3817, 73af84f3-3e88-4c8c-894c-3ad307bcac8d:c3813, 730a25a1-dbec-44ed-975b-a44ab0096beb:c3813]
2019-08-30 05:17:53,603 | INFO  | DNAudit | user=null | ip=null | op=WRITE_CHUNK {blockData=conID: 2 locID: 102704236041208408 bcsId: 0} | ret=SUCCESS |  
2019-08-30 05:17:53,603 | INFO  | DNAudit | user=null | ip=null | op=PUT_BLOCK {blockData=[blockId=conID: 2 locID: 102704236041208408 bcsId: 0,size=1048576]} | ret=SUCCESS |  
2019-08-30 05:17:53,603 [grpc-default-executor-3] INFO  client.GrpcClientProtocolClient (GrpcClientProtocolClient.java:onNext(255)) - client-574492D41EE7->134d4672-e322-4e4b-b7f3-5645abb0fe8c: receive RaftClientReply:client-574492D41EE7->134d4672-e322-4e4b-b7f3-5645abb0fe8c@group-3CB1DFFBCDC2, cid=2570, SUCCESS, logIndex=3817, commits[134d4672-e322-4e4b-b7f3-5645abb0fe8c:c3817, 73af84f3-3e88-4c8c-894c-3ad307bcac8d:c3813, 730a25a1-dbec-44ed-975b-a44ab0096beb:c3813]
2019-08-30 05:17:53,606 | INFO  | DNAudit | user=null | ip=null | op=WRITE_CHUNK {blockData=conID: 2 locID: 102704236041208408 bcsId: 0} | ret=SUCCESS |  
2019-08-30 05:17:53,606 | INFO  | DNAudit | user=null | ip=null | op=WRITE_CHUNK {blockData=conID: 2 locID: 102704236041208408 bcsId: 0} | ret=SUCCESS |  
2019-08-30 05:17:53,606 | INFO  | DNAudit | user=null | ip=null | op=PUT_BLOCK {blockData=[blockId=conID: 2 locID: 102704236041208408 bcsId: 0,size=2097152]} | ret=SUCCESS |  
2019-08-30 05:17:53,606 | INFO  | DNAudit | user=null | ip=null | op=PUT_BLOCK {blockData=[blockId=conID: 2 locID: 102704236041208408 bcsId: 0,size=1048576]} | ret=SUCCESS |  
2019-08-30 05:17:53,606 | INFO  | DNAudit | user=null | ip=null | op=WRITE_CHUNK {blockData=conID: 2 locID: 102704236041208408 bcsId: 0} | ret=SUCCESS |  
2019-08-30 05:17:53,607 | INFO  | DNAudit | user=null | ip=null | op=PUT_BLOCK {blockData=[blockId=conID: 2 locID: 102704236041208408 bcsId: 0,size=2097152]} | ret=SUCCESS |  
2019-08-30 05:17:53,607 [grpc-default-executor-3] INFO  client.GrpcClientProtocolClient (GrpcClientProtocolClient.java:onNext(255)) - client-574492D41EE7->134d4672-e322-4e4b-b7f3-5645abb0fe8c: receive RaftClientReply:client-574492D41EE7->134d4672-e322-4e4b-b7f3-5645abb0fe8c@group-3CB1DFFBCDC2, cid=2571, SUCCESS, logIndex=0, commits[134d4672-e322-4e4b-b7f3-5645abb0fe8c:c3820, 73af84f3-3e88-4c8c-894c-3ad307bcac8d:c3817, 730a25a1-dbec-44ed-975b-a44ab0096beb:c3815]
2019-08-30 05:17:53,613 | INFO  | DNAudit | user=null | ip=null | op=WRITE_CHUNK {blockData=conID: 2 locID: 102704236041208408 bcsId: 3817} | ret=SUCCESS |  
2019-08-30 05:17:53,615 | INFO  | DNAudit | user=null | ip=null | op=WRITE_CHUNK {blockData=conID: 2 locID: 102704236041208408 bcsId: 3817} | ret=SUCCESS |  
2019-08-30 05:17:53,615 | INFO  | DNAudit | user=null | ip=null | op=WRITE_CHUNK {blockData=conID: 2 locID: 102704236041208408 bcsId: 3817} | ret=SUCCESS |  
2019-08-30 05:17:53,630 | INFO  | DNAudit | user=null | ip=null | op=WRITE_CHUNK {blockData=conID: 2 locID: 102704236041208408 bcsId: 3817} | ret=SUCCESS |  
2019-08-30 05:17:53,630 | INFO  | DNAudit | user=null | ip=null | op=PUT_BLOCK {blockData=[blockId=conID: 2 locID: 102704236041208408 bcsId: 0,size=3145728]} | ret=SUCCESS |  
2019-08-30 05:17:53,630 [grpc-default-executor-5] INFO  client.GrpcClientProtocolClient (GrpcClientProtocolClient.java:onNext(255)) - client-574492D41EE7->134d4672-e322-4e4b-b7f3-5645abb0fe8c: receive RaftClientReply:client-574492D41EE7->134d4672-e322-4e4b-b7f3-5645abb0fe8c@group-3CB1DFFBCDC2, cid=2572, SUCCESS, logIndex=3822, commits[134d4672-e322-4e4b-b7f3-5645abb0fe8c:c3823, 73af84f3-3e88-4c8c-894c-3ad307bcac8d:c3820, 730a25a1-dbec-44ed-975b-a44ab0096beb:c3820]
2019-08-30 05:17:53,631 [grpc-default-executor-5] INFO  client.GrpcClientProtocolClient (GrpcClientProtocolClient.java:onNext(255)) - client-574492D41EE7->134d4672-e322-4e4b-b7f3-5645abb0fe8c: receive RaftClientReply:client-574492D41EE7->134d4672-e322-4e4b-b7f3-5645abb0fe8c@group-3CB1DFFBCDC2, cid=2573, SUCCESS, logIndex=3823, commits[134d4672-e322-4e4b-b7f3-5645abb0fe8c:c3823, 73af84f3-3e88-4c8c-894c-3ad307bcac8d:c3820, 730a25a1-dbec-44ed-975b-a44ab0096beb:c3820]
2019-08-30 05:17:53,638 | INFO  | DNAudit | user=null | ip=null | op=WRITE_CHUNK {blockData=conID: 2 locID: 102704236041208408 bcsId: 3823} | ret=SUCCESS |  
2019-08-30 05:17:53,640 | INFO  | DNAudit | user=null | ip=null | op=WRITE_CHUNK {blockData=conID: 2 locID: 102704236041208408 bcsId: 3823} | ret=SUCCESS |  
2019-08-30 05:17:53,640 | INFO  | DNAudit | user=null | ip=null | op=WRITE_CHUNK {blockData=conID: 2 locID: 102704236041208408 bcsId: 3823} | ret=SUCCESS |  
2019-08-30 05:17:53,646 | INFO  | DNAudit | user=null | ip=null | op=WRITE_CHUNK {blockData=conID: 2 locID: 102704236041208408 bcsId: 3817} | ret=SUCCESS |  
2019-08-30 05:17:53,646 | INFO  | DNAudit | user=null | ip=null | op=WRITE_CHUNK {blockData=conID: 2 locID: 102704236041208408 bcsId: 3823} | ret=SUCCESS |  
2019-08-30 05:17:53,646 | INFO  | DNAudit | user=null | ip=null | op=WRITE_CHUNK {blockData=conID: 2 locID: 102704236041208408 bcsId: 3817} | ret=SUCCESS |  
2019-08-30 05:17:53,647 | INFO  | DNAudit | user=null | ip=null | op=PUT_BLOCK {blockData=[blockId=conID: 2 locID: 102704236041208408 bcsId: 0,size=3145728]} | ret=SUCCESS |  
2019-08-30 05:17:53,647 | INFO  | DNAudit | user=null | ip=null | op=PUT_BLOCK {blockData=[blockId=conID: 2 locID: 102704236041208408 bcsId: 0,size=3145728]} | ret=SUCCESS |  
2019-08-30 05:17:53,647 | INFO  | DNAudit | user=null | ip=null | op=PUT_BLOCK {blockData=[blockId=conID: 2 locID: 102704236041208408 bcsId: 0,size=4194304]} | ret=SUCCESS |  
2019-08-30 05:17:53,647 [grpc-default-executor-5] INFO  client.GrpcClientProtocolClient (GrpcClientProtocolClient.java:onNext(255)) - client-574492D41EE7->134d4672-e322-4e4b-b7f3-5645abb0fe8c: receive RaftClientReply:client-574492D41EE7->134d4672-e322-4e4b-b7f3-5645abb0fe8c@group-3CB1DFFBCDC2, cid=2574, SUCCESS, logIndex=3826, commits[134d4672-e322-4e4b-b7f3-5645abb0fe8c:c3827, 73af84f3-3e88-4c8c-894c-3ad307bcac8d:c3823, 730a25a1-dbec-44ed-975b-a44ab0096beb:c3821]
2019-08-30 05:17:53,647 [grpc-default-executor-5] INFO  client.GrpcClientProtocolClient (GrpcClientProtocolClient.java:onNext(255)) - client-574492D41EE7->134d4672-e322-4e4b-b7f3-5645abb0fe8c: receive RaftClientReply:client-574492D41EE7->134d4672-e322-4e4b-b7f3-5645abb0fe8c@group-3CB1DFFBCDC2, cid=2575, SUCCESS, logIndex=3827, commits[134d4672-e322-4e4b-b7f3-5645abb0fe8c:c3827, 73af84f3-3e88-4c8c-894c-3ad307bcac8d:c3823, 730a25a1-dbec-44ed-975b-a44ab0096beb:c3823]
2019-08-30 05:17:53,665 | INFO  | DNAudit | user=null | ip=null | op=WRITE_CHUNK {blockData=conID: 2 locID: 102704236041208408 bcsId: 3823} | ret=SUCCESS |  
2019-08-30 05:17:53,665 | INFO  | DNAudit | user=null | ip=null | op=WRITE_CHUNK {blockData=conID: 2 locID: 102704236041208408 bcsId: 3823} | ret=SUCCESS |  
2019-08-30 05:17:53,665 | INFO  | DNAudit | user=null | ip=null | op=PUT_BLOCK {blockData=[blockId=conID: 2 locID: 102704236041208408 bcsId: 0,size=4194304]} | ret=SUCCESS |  
2019-08-30 05:17:53,668 | INFO  | DNAudit | user=null | ip=null | op=PUT_BLOCK {blockData=[blockId=conID: 2 locID: 102704236041208408 bcsId: 0,size=4194304]} | ret=SUCCESS |  
2019-08-30 05:17:53,668 [grpc-default-executor-6] INFO  client.GrpcClientProtocolClient (GrpcClientProtocolClient.java:onNext(255)) - client-574492D41EE7->134d4672-e322-4e4b-b7f3-5645abb0fe8c: receive RaftClientReply:client-574492D41EE7->134d4672-e322-4e4b-b7f3-5645abb0fe8c@group-3CB1DFFBCDC2, cid=2576, SUCCESS, logIndex=0, commits[134d4672-e322-4e4b-b7f3-5645abb0fe8c:c3828, 73af84f3-3e88-4c8c-894c-3ad307bcac8d:c3827, 730a25a1-dbec-44ed-975b-a44ab0096beb:c3827]
2019-08-30 05:17:53,675 | INFO  | SCMAudit | user=jenkins1000 | ip=192.168.36.106 | op=ALLOCATE_BLOCK {owner=85755eb5-052d-48fa-b271-2fe4d8754e12, size=4194304, type=RATIS, factor=THREE} | ret=SUCCESS |  
2019-08-30 05:17:53,679 | INFO  | OMAudit | user=jenkins1000 | ip=127.0.0.1 | op=ALLOCATE_BLOCK {volume=vol-0-00977, bucket=bucket-0-44205, key=key-0-32850, dataSize=0, replicationType=null, replicationFactor=null, keyLocationInfo=null, clientID=102704234570776978} | ret=SUCCESS |  
2019-08-30 05:17:53,688 | INFO  | DNAudit | user=null | ip=null | op=WRITE_CHUNK {blockData=conID: 3 locID: 102704236047565401 bcsId: 0} | ret=SUCCESS |  
2019-08-30 05:17:53,689 | INFO  | DNAudit | user=null | ip=null | op=WRITE_CHUNK {blockData=conID: 3 locID: 102704236047565401 bcsId: 0} | ret=SUCCESS |  
2019-08-30 05:17:53,690 | INFO  | DNAudit | user=null | ip=null | op=WRITE_CHUNK {blockData=conID: 3 locID: 102704236047565401 bcsId: 0} | ret=SUCCESS |  
2019-08-30 05:17:53,691 | INFO  | DNAudit | user=null | ip=null | op=WRITE_CHUNK {blockData=conID: 3 locID: 102704236047565401 bcsId: 0} | ret=SUCCESS |  
2019-08-30 05:17:53,692 | INFO  | DNAudit | user=null | ip=null | op=WRITE_CHUNK {blockData=conID: 3 locID: 102704236047565401 bcsId: 0} | ret=SUCCESS |  
2019-08-30 05:17:53,693 | INFO  | DNAudit | user=null | ip=null | op=WRITE_CHUNK {blockData=conID: 3 locID: 102704236047565401 bcsId: 0} | ret=SUCCESS |  
2019-08-30 05:17:53,701 | INFO  | DNAudit | user=null | ip=null | op=WRITE_CHUNK {blockData=conID: 3 locID: 102704236047565401 bcsId: 0} | ret=SUCCESS |  
2019-08-30 05:17:53,701 | INFO  | DNAudit | user=null | ip=null | op=PUT_BLOCK {blockData=[blockId=conID: 3 locID: 102704236047565401 bcsId: 0,size=1048576]} | ret=SUCCESS |  
2019-08-30 05:17:53,701 [grpc-default-executor-3] INFO  client.GrpcClientProtocolClient (GrpcClientProtocolClient.java:onNext(255)) - client-574492D41EE7->134d4672-e322-4e4b-b7f3-5645abb0fe8c: receive RaftClientReply:client-574492D41EE7->134d4672-e322-4e4b-b7f3-5645abb0fe8c@group-3CB1DFFBCDC2, cid=2577, SUCCESS, logIndex=3830, commits[134d4672-e322-4e4b-b7f3-5645abb0fe8c:c3831, 73af84f3-3e88-4c8c-894c-3ad307bcac8d:c3829, 730a25a1-dbec-44ed-975b-a44ab0096beb:c3829]
2019-08-30 05:17:53,702 [grpc-default-executor-3] INFO  client.GrpcClientProtocolClient (GrpcClientProtocolClient.java:onNext(255)) - client-574492D41EE7->134d4672-e322-4e4b-b7f3-5645abb0fe8c: receive RaftClientReply:client-574492D41EE7->134d4672-e322-4e4b-b7f3-5645abb0fe8c@group-3CB1DFFBCDC2, cid=2578, SUCCESS, logIndex=3831, commits[134d4672-e322-4e4b-b7f3-5645abb0fe8c:c3831, 73af84f3-3e88-4c8c-894c-3ad307bcac8d:c3829, 730a25a1-dbec-44ed-975b-a44ab0096beb:c3829]
2019-08-30 05:17:53,703 | INFO  | DNAudit | user=null | ip=null | op=WRITE_CHUNK {blockData=conID: 3 locID: 102704236047565401 bcsId: 0} | ret=SUCCESS |  
2019-08-30 05:17:53,704 | INFO  | DNAudit | user=null | ip=null | op=PUT_BLOCK {blockData=[blockId=conID: 3 locID: 102704236047565401 bcsId: 0,size=2097152]} | ret=SUCCESS |  
2019-08-30 05:17:53,704 [grpc-default-executor-3] INFO  client.GrpcClientProtocolClient (GrpcClientProtocolClient.java:onNext(255)) - client-574492D41EE7->134d4672-e322-4e4b-b7f3-5645abb0fe8c: receive RaftClientReply:client-574492D41EE7->134d4672-e322-4e4b-b7f3-5645abb0fe8c@group-3CB1DFFBCDC2, cid=2579, SUCCESS, logIndex=3832, commits[134d4672-e322-4e4b-b7f3-5645abb0fe8c:c3833, 73af84f3-3e88-4c8c-894c-3ad307bcac8d:c3829, 730a25a1-dbec-44ed-975b-a44ab0096beb:c3829]
2019-08-30 05:17:53,704 [grpc-default-executor-3] INFO  client.GrpcClientProtocolClient (GrpcClientProtocolClient.java:onNext(255)) - client-574492D41EE7->134d4672-e322-4e4b-b7f3-5645abb0fe8c: receive RaftClientReply:client-574492D41EE7->134d4672-e322-4e4b-b7f3-5645abb0fe8c@group-3CB1DFFBCDC2, cid=2580, SUCCESS, logIndex=3833, commits[134d4672-e322-4e4b-b7f3-5645abb0fe8c:c3833, 73af84f3-3e88-4c8c-894c-3ad307bcac8d:c3829, 730a25a1-dbec-44ed-975b-a44ab0096beb:c3829]
2019-08-30 05:17:53,715 | INFO  | DNAudit | user=null | ip=null | op=WRITE_CHUNK {blockData=conID: 3 locID: 102704236047565401 bcsId: 0} | ret=SUCCESS |  
2019-08-30 05:17:53,715 | INFO  | DNAudit | user=null | ip=null | op=WRITE_CHUNK {blockData=conID: 3 locID: 102704236047565401 bcsId: 0} | ret=SUCCESS |  
2019-08-30 05:17:53,715 | INFO  | DNAudit | user=null | ip=null | op=PUT_BLOCK {blockData=[blockId=conID: 3 locID: 102704236047565401 bcsId: 0,size=1048576]} | ret=SUCCESS |  
2019-08-30 05:17:53,715 | INFO  | DNAudit | user=null | ip=null | op=PUT_BLOCK {blockData=[blockId=conID: 3 locID: 102704236047565401 bcsId: 0,size=1048576]} | ret=SUCCESS |  
2019-08-30 05:17:53,715 [grpc-default-executor-3] INFO  client.GrpcClientProtocolClient (GrpcClientProtocolClient.java:onNext(255)) - client-574492D41EE7->134d4672-e322-4e4b-b7f3-5645abb0fe8c: receive RaftClientReply:client-574492D41EE7->134d4672-e322-4e4b-b7f3-5645abb0fe8c@group-3CB1DFFBCDC2, cid=2581, SUCCESS, logIndex=0, commits[134d4672-e322-4e4b-b7f3-5645abb0fe8c:c3835, 73af84f3-3e88-4c8c-894c-3ad307bcac8d:c3831, 730a25a1-dbec-44ed-975b-a44ab0096beb:c3831]
2019-08-30 05:17:53,717 | INFO  | DNAudit | user=null | ip=null | op=WRITE_CHUNK {blockData=conID: 3 locID: 102704236047565401 bcsId: 0} | ret=SUCCESS |  
2019-08-30 05:17:53,718 | INFO  | DNAudit | user=null | ip=null | op=PUT_BLOCK {blockData=[blockId=conID: 3 locID: 102704236047565401 bcsId: 0,size=2097152]} | ret=SUCCESS |  
2019-08-30 05:17:53,718 | INFO  | DNAudit | user=null | ip=null | op=WRITE_CHUNK {blockData=conID: 3 locID: 102704236047565401 bcsId: 0} | ret=SUCCESS |  
2019-08-30 05:17:53,718 | INFO  | DNAudit | user=null | ip=null | op=PUT_BLOCK {blockData=[blockId=conID: 3 locID: 102704236047565401 bcsId: 0,size=2097152]} | ret=SUCCESS |  
2019-08-30 05:17:53,723 | INFO  | DNAudit | user=null | ip=null | op=WRITE_CHUNK {blockData=conID: 3 locID: 102704236047565401 bcsId: 3833} | ret=SUCCESS |  
2019-08-30 05:17:53,724 | INFO  | DNAudit | user=null | ip=null | op=WRITE_CHUNK {blockData=conID: 3 locID: 102704236047565401 bcsId: 3833} | ret=SUCCESS |  
2019-08-30 05:17:53,725 | INFO  | DNAudit | user=null | ip=null | op=WRITE_CHUNK {blockData=conID: 3 locID: 102704236047565401 bcsId: 3833} | ret=SUCCESS |  
2019-08-30 05:17:53,737 | INFO  | DNAudit | user=null | ip=null | op=WRITE_CHUNK {blockData=conID: 3 locID: 102704236047565401 bcsId: 3833} | ret=SUCCESS |  
2019-08-30 05:17:53,737 | INFO  | DNAudit | user=null | ip=null | op=PUT_BLOCK {blockData=[blockId=conID: 3 locID: 102704236047565401 bcsId: 0,size=3145728]} | ret=SUCCESS |  
2019-08-30 05:17:53,737 [grpc-default-executor-3] INFO  client.GrpcClientProtocolClient (GrpcClientProtocolClient.java:onNext(255)) - client-574492D41EE7->134d4672-e322-4e4b-b7f3-5645abb0fe8c: receive RaftClientReply:client-574492D41EE7->134d4672-e322-4e4b-b7f3-5645abb0fe8c@group-3CB1DFFBCDC2, cid=2582, SUCCESS, logIndex=3838, commits[134d4672-e322-4e4b-b7f3-5645abb0fe8c:c3839, 73af84f3-3e88-4c8c-894c-3ad307bcac8d:c3837, 730a25a1-dbec-44ed-975b-a44ab0096beb:c3837]
2019-08-30 05:17:53,738 [grpc-default-executor-3] INFO  client.GrpcClientProtocolClient (GrpcClientProtocolClient.java:onNext(255)) - client-574492D41EE7->134d4672-e322-4e4b-b7f3-5645abb0fe8c: receive RaftClientReply:client-574492D41EE7->134d4672-e322-4e4b-b7f3-5645abb0fe8c@group-3CB1DFFBCDC2, cid=2583, SUCCESS, logIndex=3839, commits[134d4672-e322-4e4b-b7f3-5645abb0fe8c:c3839, 73af84f3-3e88-4c8c-894c-3ad307bcac8d:c3837, 730a25a1-dbec-44ed-975b-a44ab0096beb:c3837]
2019-08-30 05:17:53,744 | INFO  | DNAudit | user=null | ip=null | op=WRITE_CHUNK {blockData=conID: 3 locID: 102704236047565401 bcsId: 3839} | ret=SUCCESS |  
2019-08-30 05:17:53,747 | INFO  | DNAudit | user=null | ip=null | op=WRITE_CHUNK {blockData=conID: 3 locID: 102704236047565401 bcsId: 3839} | ret=SUCCESS |  
2019-08-30 05:17:53,747 | INFO  | DNAudit | user=null | ip=null | op=WRITE_CHUNK {blockData=conID: 3 locID: 102704236047565401 bcsId: 3839} | ret=SUCCESS |  
2019-08-30 05:17:53,749 | INFO  | DNAudit | user=null | ip=null | op=WRITE_CHUNK {blockData=conID: 3 locID: 102704236047565401 bcsId: 3833} | ret=SUCCESS |  
2019-08-30 05:17:53,750 | INFO  | DNAudit | user=null | ip=null | op=WRITE_CHUNK {blockData=conID: 3 locID: 102704236047565401 bcsId: 3833} | ret=SUCCESS |  
2019-08-30 05:17:53,762 | INFO  | DNAudit | user=null | ip=null | op=PUT_BLOCK {blockData=[blockId=conID: 3 locID: 102704236047565401 bcsId: 0,size=3145728]} | ret=SUCCESS |  
2019-08-30 05:17:53,762 | INFO  | DNAudit | user=null | ip=null | op=PUT_BLOCK {blockData=[blockId=conID: 3 locID: 102704236047565401 bcsId: 0,size=3145728]} | ret=SUCCESS |  
2019-08-30 05:17:53,763 | INFO  | DNAudit | user=null | ip=null | op=WRITE_CHUNK {blockData=conID: 3 locID: 102704236047565401 bcsId: 3839} | ret=SUCCESS |  
2019-08-30 05:17:53,763 | INFO  | DNAudit | user=null | ip=null | op=PUT_BLOCK {blockData=[blockId=conID: 3 locID: 102704236047565401 bcsId: 0,size=4194304]} | ret=SUCCESS |  
2019-08-30 05:17:53,763 [grpc-default-executor-3] INFO  client.GrpcClientProtocolClient (GrpcClientProtocolClient.java:onNext(255)) - client-574492D41EE7->134d4672-e322-4e4b-b7f3-5645abb0fe8c: receive RaftClientReply:client-574492D41EE7->134d4672-e322-4e4b-b7f3-5645abb0fe8c@group-3CB1DFFBCDC2, cid=2584, SUCCESS, logIndex=3842, commits[134d4672-e322-4e4b-b7f3-5645abb0fe8c:c3843, 73af84f3-3e88-4c8c-894c-3ad307bcac8d:c3839, 730a25a1-dbec-44ed-975b-a44ab0096beb:c3839]
2019-08-30 05:17:53,764 [grpc-default-executor-3] INFO  client.GrpcClientProtocolClient (GrpcClientProtocolClient.java:onNext(255)) - client-574492D41EE7->134d4672-e322-4e4b-b7f3-5645abb0fe8c: receive RaftClientReply:client-574492D41EE7->134d4672-e322-4e4b-b7f3-5645abb0fe8c@group-3CB1DFFBCDC2, cid=2585, SUCCESS, logIndex=3843, commits[134d4672-e322-4e4b-b7f3-5645abb0fe8c:c3843, 73af84f3-3e88-4c8c-894c-3ad307bcac8d:c3839, 730a25a1-dbec-44ed-975b-a44ab0096beb:c3839]
2019-08-30 05:17:53,776 | INFO  | DNAudit | user=null | ip=null | op=WRITE_CHUNK {blockData=conID: 3 locID: 102704236047565401 bcsId: 3839} | ret=SUCCESS |  
2019-08-30 05:17:53,776 | INFO  | DNAudit | user=null | ip=null | op=WRITE_CHUNK {blockData=conID: 3 locID: 102704236047565401 bcsId: 3839} | ret=SUCCESS |  
2019-08-30 05:17:53,789 | INFO  | DNAudit | user=null | ip=null | op=PUT_BLOCK {blockData=[blockId=conID: 3 locID: 102704236047565401 bcsId: 0,size=4194304]} | ret=SUCCESS |  
2019-08-30 05:17:53,789 | INFO  | DNAudit | user=null | ip=null | op=PUT_BLOCK {blockData=[blockId=conID: 3 locID: 102704236047565401 bcsId: 0,size=4194304]} | ret=SUCCESS |  
2019-08-30 05:17:53,789 [grpc-default-executor-3] INFO  client.GrpcClientProtocolClient (GrpcClientProtocolClient.java:onNext(255)) - client-574492D41EE7->134d4672-e322-4e4b-b7f3-5645abb0fe8c: receive RaftClientReply:client-574492D41EE7->134d4672-e322-4e4b-b7f3-5645abb0fe8c@group-3CB1DFFBCDC2, cid=2586, SUCCESS, logIndex=0, commits[134d4672-e322-4e4b-b7f3-5645abb0fe8c:c3845, 73af84f3-3e88-4c8c-894c-3ad307bcac8d:c3843, 730a25a1-dbec-44ed-975b-a44ab0096beb:c3843]
2019-08-30 05:17:53,794 | INFO  | SCMAudit | user=jenkins1000 | ip=192.168.36.106 | op=ALLOCATE_BLOCK {owner=85755eb5-052d-48fa-b271-2fe4d8754e12, size=4194304, type=RATIS, factor=THREE} | ret=SUCCESS |  
2019-08-30 05:17:53,797 | INFO  | OMAudit | user=jenkins1000 | ip=127.0.0.1 | op=ALLOCATE_BLOCK {volume=vol-0-00977, bucket=bucket-0-44205, key=key-0-32850, dataSize=0, replicationType=null, replicationFactor=null, keyLocationInfo=null, clientID=102704234570776978} | ret=SUCCESS |  
2019-08-30 05:17:53,804 | INFO  | DNAudit | user=null | ip=null | op=WRITE_CHUNK {blockData=conID: 1 locID: 102704236055364186 bcsId: 0} | ret=SUCCESS |  
2019-08-30 05:17:53,808 | INFO  | DNAudit | user=null | ip=null | op=WRITE_CHUNK {blockData=conID: 1 locID: 102704236055364186 bcsId: 0} | ret=SUCCESS |  
2019-08-30 05:17:53,808 | INFO  | DNAudit | user=null | ip=null | op=WRITE_CHUNK {blockData=conID: 1 locID: 102704236055364186 bcsId: 0} | ret=SUCCESS |  
2019-08-30 05:17:53,808 | INFO  | DNAudit | user=null | ip=null | op=WRITE_CHUNK {blockData=conID: 1 locID: 102704236055364186 bcsId: 0} | ret=SUCCESS |  
2019-08-30 05:17:53,810 | INFO  | DNAudit | user=null | ip=null | op=WRITE_CHUNK {blockData=conID: 1 locID: 102704236055364186 bcsId: 0} | ret=SUCCESS |  
2019-08-30 05:17:53,810 | INFO  | DNAudit | user=null | ip=null | op=WRITE_CHUNK {blockData=conID: 1 locID: 102704236055364186 bcsId: 0} | ret=SUCCESS |  
2019-08-30 05:17:53,810 | INFO  | DNAudit | user=null | ip=null | op=WRITE_CHUNK {blockData=conID: 1 locID: 102704236055364186 bcsId: 0} | ret=SUCCESS |  
2019-08-30 05:17:53,810 | INFO  | DNAudit | user=null | ip=null | op=PUT_BLOCK {blockData=[blockId=conID: 1 locID: 102704236055364186 bcsId: 0,size=1048576]} | ret=SUCCESS |  
2019-08-30 05:17:53,810 [grpc-default-executor-6] INFO  client.GrpcClientProtocolClient (GrpcClientProtocolClient.java:onNext(255)) - client-574492D41EE7->134d4672-e322-4e4b-b7f3-5645abb0fe8c: receive RaftClientReply:client-574492D41EE7->134d4672-e322-4e4b-b7f3-5645abb0fe8c@group-3CB1DFFBCDC2, cid=2587, SUCCESS, logIndex=3846, commits[134d4672-e322-4e4b-b7f3-5645abb0fe8c:c3847, 73af84f3-3e88-4c8c-894c-3ad307bcac8d:c3845, 730a25a1-dbec-44ed-975b-a44ab0096beb:c3843]
2019-08-30 05:17:53,811 [grpc-default-executor-6] INFO  client.GrpcClientProtocolClient (GrpcClientProtocolClient.java:onNext(255)) - client-574492D41EE7->134d4672-e322-4e4b-b7f3-5645abb0fe8c: receive RaftClientReply:client-574492D41EE7->134d4672-e322-4e4b-b7f3-5645abb0fe8c@group-3CB1DFFBCDC2, cid=2588, SUCCESS, logIndex=3847, commits[134d4672-e322-4e4b-b7f3-5645abb0fe8c:c3847, 73af84f3-3e88-4c8c-894c-3ad307bcac8d:c3845, 730a25a1-dbec-44ed-975b-a44ab0096beb:c3843]
2019-08-30 05:17:53,812 | INFO  | DNAudit | user=null | ip=null | op=WRITE_CHUNK {blockData=conID: 1 locID: 102704236055364186 bcsId: 0} | ret=SUCCESS |  
2019-08-30 05:17:53,812 | INFO  | DNAudit | user=null | ip=null | op=WRITE_CHUNK {blockData=conID: 1 locID: 102704236055364186 bcsId: 0} | ret=SUCCESS |  
2019-08-30 05:17:53,812 | INFO  | DNAudit | user=null | ip=null | op=PUT_BLOCK {blockData=[blockId=conID: 1 locID: 102704236055364186 bcsId: 0,size=2097152]} | ret=SUCCESS |  
2019-08-30 05:17:53,812 | INFO  | DNAudit | user=null | ip=null | op=PUT_BLOCK {blockData=[blockId=conID: 1 locID: 102704236055364186 bcsId: 0,size=1048576]} | ret=SUCCESS |  
2019-08-30 05:17:53,812 [grpc-default-executor-3] INFO  client.GrpcClientProtocolClient (GrpcClientProtocolClient.java:onNext(255)) - client-574492D41EE7->134d4672-e322-4e4b-b7f3-5645abb0fe8c: receive RaftClientReply:client-574492D41EE7->134d4672-e322-4e4b-b7f3-5645abb0fe8c@group-3CB1DFFBCDC2, cid=2589, SUCCESS, logIndex=3848, commits[134d4672-e322-4e4b-b7f3-5645abb0fe8c:c3850, 73af84f3-3e88-4c8c-894c-3ad307bcac8d:c3845, 730a25a1-dbec-44ed-975b-a44ab0096beb:c3847]
2019-08-30 05:17:53,812 [grpc-default-executor-3] INFO  client.GrpcClientProtocolClient (GrpcClientProtocolClient.java:onNext(255)) - client-574492D41EE7->134d4672-e322-4e4b-b7f3-5645abb0fe8c: receive RaftClientReply:client-574492D41EE7->134d4672-e322-4e4b-b7f3-5645abb0fe8c@group-3CB1DFFBCDC2, cid=2590, SUCCESS, logIndex=3849, commits[134d4672-e322-4e4b-b7f3-5645abb0fe8c:c3850, 73af84f3-3e88-4c8c-894c-3ad307bcac8d:c3845, 730a25a1-dbec-44ed-975b-a44ab0096beb:c3847]
2019-08-30 05:17:53,814 | INFO  | DNAudit | user=null | ip=null | op=WRITE_CHUNK {blockData=conID: 1 locID: 102704236055364186 bcsId: 0} | ret=SUCCESS |  
2019-08-30 05:17:53,814 | INFO  | DNAudit | user=null | ip=null | op=PUT_BLOCK {blockData=[blockId=conID: 1 locID: 102704236055364186 bcsId: 0,size=1048576]} | ret=SUCCESS |  
2019-08-30 05:17:53,814 [grpc-default-executor-3] INFO  client.GrpcClientProtocolClient (GrpcClientProtocolClient.java:onNext(255)) - client-574492D41EE7->134d4672-e322-4e4b-b7f3-5645abb0fe8c: receive RaftClientReply:client-574492D41EE7->134d4672-e322-4e4b-b7f3-5645abb0fe8c@group-3CB1DFFBCDC2, cid=2591, SUCCESS, logIndex=0, commits[134d4672-e322-4e4b-b7f3-5645abb0fe8c:c3851, 73af84f3-3e88-4c8c-894c-3ad307bcac8d:c3847, 730a25a1-dbec-44ed-975b-a44ab0096beb:c3847]
2019-08-30 05:17:53,820 | INFO  | DNAudit | user=null | ip=null | op=WRITE_CHUNK {blockData=conID: 1 locID: 102704236055364186 bcsId: 3849} | ret=SUCCESS |  
2019-08-30 05:17:53,823 | INFO  | DNAudit | user=null | ip=null | op=WRITE_CHUNK {blockData=conID: 1 locID: 102704236055364186 bcsId: 3849} | ret=SUCCESS |  
2019-08-30 05:17:53,823 | INFO  | DNAudit | user=null | ip=null | op=WRITE_CHUNK {blockData=conID: 1 locID: 102704236055364186 bcsId: 3849} | ret=SUCCESS |  
2019-08-30 05:17:53,824 | INFO  | DNAudit | user=null | ip=null | op=WRITE_CHUNK {blockData=conID: 1 locID: 102704236055364186 bcsId: 0} | ret=SUCCESS |  
2019-08-30 05:17:53,826 | INFO  | DNAudit | user=null | ip=null | op=WRITE_CHUNK {blockData=conID: 1 locID: 102704236055364186 bcsId: 0} | ret=SUCCESS |  
2019-08-30 05:17:53,827 | INFO  | DNAudit | user=null | ip=null | op=PUT_BLOCK {blockData=[blockId=conID: 1 locID: 102704236055364186 bcsId: 0,size=2097152]} | ret=SUCCESS |  
2019-08-30 05:17:53,837 | INFO  | DNAudit | user=null | ip=null | op=PUT_BLOCK {blockData=[blockId=conID: 1 locID: 102704236055364186 bcsId: 0,size=2097152]} | ret=SUCCESS |  
2019-08-30 05:17:53,838 | INFO  | DNAudit | user=null | ip=null | op=WRITE_CHUNK {blockData=conID: 1 locID: 102704236055364186 bcsId: 3849} | ret=SUCCESS |  
2019-08-30 05:17:53,838 | INFO  | DNAudit | user=null | ip=null | op=PUT_BLOCK {blockData=[blockId=conID: 1 locID: 102704236055364186 bcsId: 0,size=3145728]} | ret=SUCCESS |  
2019-08-30 05:17:53,839 [grpc-default-executor-6] INFO  client.GrpcClientProtocolClient (GrpcClientProtocolClient.java:onNext(255)) - client-574492D41EE7->134d4672-e322-4e4b-b7f3-5645abb0fe8c: receive RaftClientReply:client-574492D41EE7->134d4672-e322-4e4b-b7f3-5645abb0fe8c@group-3CB1DFFBCDC2, cid=2592, SUCCESS, logIndex=3854, commits[134d4672-e322-4e4b-b7f3-5645abb0fe8c:c3855, 73af84f3-3e88-4c8c-894c-3ad307bcac8d:c3849, 730a25a1-dbec-44ed-975b-a44ab0096beb:c3851]
2019-08-30 05:17:53,839 [grpc-default-executor-6] INFO  client.GrpcClientProtocolClient (GrpcClientProtocolClient.java:onNext(255)) - client-574492D41EE7->134d4672-e322-4e4b-b7f3-5645abb0fe8c: receive RaftClientReply:client-574492D41EE7->134d4672-e322-4e4b-b7f3-5645abb0fe8c@group-3CB1DFFBCDC2, cid=2593, SUCCESS, logIndex=3855, commits[134d4672-e322-4e4b-b7f3-5645abb0fe8c:c3855, 73af84f3-3e88-4c8c-894c-3ad307bcac8d:c3851, 730a25a1-dbec-44ed-975b-a44ab0096beb:c3851]
2019-08-30 05:17:53,841 | INFO  | DNAudit | user=null | ip=null | op=WRITE_CHUNK {blockData=conID: 1 locID: 102704236055364186 bcsId: 3849} | ret=SUCCESS |  
2019-08-30 05:17:53,841 | INFO  | DNAudit | user=null | ip=null | op=WRITE_CHUNK {blockData=conID: 1 locID: 102704236055364186 bcsId: 3849} | ret=SUCCESS |  
2019-08-30 05:17:53,841 | INFO  | DNAudit | user=null | ip=null | op=PUT_BLOCK {blockData=[blockId=conID: 1 locID: 102704236055364186 bcsId: 0,size=3145728]} | ret=SUCCESS |  
2019-08-30 05:17:53,841 | INFO  | DNAudit | user=null | ip=null | op=PUT_BLOCK {blockData=[blockId=conID: 1 locID: 102704236055364186 bcsId: 0,size=3145728]} | ret=SUCCESS |  
2019-08-30 05:17:53,846 | INFO  | DNAudit | user=null | ip=null | op=WRITE_CHUNK {blockData=conID: 1 locID: 102704236055364186 bcsId: 3855} | ret=SUCCESS |  
2019-08-30 05:17:53,848 | INFO  | DNAudit | user=null | ip=null | op=WRITE_CHUNK {blockData=conID: 1 locID: 102704236055364186 bcsId: 3855} | ret=SUCCESS |  
2019-08-30 05:17:53,849 | INFO  | DNAudit | user=null | ip=null | op=WRITE_CHUNK {blockData=conID: 1 locID: 102704236055364186 bcsId: 3855} | ret=SUCCESS |  
2019-08-30 05:17:53,858 | INFO  | DNAudit | user=null | ip=null | op=WRITE_CHUNK {blockData=conID: 1 locID: 102704236055364186 bcsId: 3855} | ret=SUCCESS |  
2019-08-30 05:17:53,859 | INFO  | DNAudit | user=null | ip=null | op=PUT_BLOCK {blockData=[blockId=conID: 1 locID: 102704236055364186 bcsId: 0,size=4194304]} | ret=SUCCESS |  
2019-08-30 05:17:53,859 [grpc-default-executor-3] INFO  client.GrpcClientProtocolClient (GrpcClientProtocolClient.java:onNext(255)) - client-574492D41EE7->134d4672-e322-4e4b-b7f3-5645abb0fe8c: receive RaftClientReply:client-574492D41EE7->134d4672-e322-4e4b-b7f3-5645abb0fe8c@group-3CB1DFFBCDC2, cid=2594, SUCCESS, logIndex=3857, commits[134d4672-e322-4e4b-b7f3-5645abb0fe8c:c3858, 73af84f3-3e88-4c8c-894c-3ad307bcac8d:c3856, 730a25a1-dbec-44ed-975b-a44ab0096beb:c3856]
2019-08-30 05:17:53,859 [grpc-default-executor-3] INFO  client.GrpcClientProtocolClient (GrpcClientProtocolClient.java:onNext(255)) - client-574492D41EE7->134d4672-e322-4e4b-b7f3-5645abb0fe8c: receive RaftClientReply:client-574492D41EE7->134d4672-e322-4e4b-b7f3-5645abb0fe8c@group-3CB1DFFBCDC2, cid=2595, SUCCESS, logIndex=3858, commits[134d4672-e322-4e4b-b7f3-5645abb0fe8c:c3858, 73af84f3-3e88-4c8c-894c-3ad307bcac8d:c3856, 730a25a1-dbec-44ed-975b-a44ab0096beb:c3856]
2019-08-30 05:17:53,871 | INFO  | DNAudit | user=null | ip=null | op=WRITE_CHUNK {blockData=conID: 1 locID: 102704236055364186 bcsId: 3855} | ret=SUCCESS |  
2019-08-30 05:17:53,871 | INFO  | DNAudit | user=null | ip=null | op=WRITE_CHUNK {blockData=conID: 1 locID: 102704236055364186 bcsId: 3855} | ret=SUCCESS |  
2019-08-30 05:17:53,884 | INFO  | DNAudit | user=null | ip=null | op=PUT_BLOCK {blockData=[blockId=conID: 1 locID: 102704236055364186 bcsId: 0,size=4194304]} | ret=SUCCESS |  
2019-08-30 05:17:53,884 | INFO  | DNAudit | user=null | ip=null | op=PUT_BLOCK {blockData=[blockId=conID: 1 locID: 102704236055364186 bcsId: 0,size=4194304]} | ret=SUCCESS |  
2019-08-30 05:17:53,884 [grpc-default-executor-3] INFO  client.GrpcClientProtocolClient (GrpcClientProtocolClient.java:onNext(255)) - client-574492D41EE7->134d4672-e322-4e4b-b7f3-5645abb0fe8c: receive RaftClientReply:client-574492D41EE7->134d4672-e322-4e4b-b7f3-5645abb0fe8c@group-3CB1DFFBCDC2, cid=2596, SUCCESS, logIndex=0, commits[134d4672-e322-4e4b-b7f3-5645abb0fe8c:c3860, 73af84f3-3e88-4c8c-894c-3ad307bcac8d:c3858, 730a25a1-dbec-44ed-975b-a44ab0096beb:c3858]
2019-08-30 05:17:53,890 | INFO  | SCMAudit | user=jenkins1000 | ip=192.168.36.106 | op=ALLOCATE_BLOCK {owner=85755eb5-052d-48fa-b271-2fe4d8754e12, size=4194304, type=RATIS, factor=THREE} | ret=SUCCESS |  
2019-08-30 05:17:53,893 | INFO  | OMAudit | user=jenkins1000 | ip=127.0.0.1 | op=ALLOCATE_BLOCK {volume=vol-0-00977, bucket=bucket-0-44205, key=key-0-32850, dataSize=0, replicationType=null, replicationFactor=null, keyLocationInfo=null, clientID=102704234570776978} | ret=SUCCESS |  
2019-08-30 05:17:53,900 | INFO  | DNAudit | user=null | ip=null | op=WRITE_CHUNK {blockData=conID: 2 locID: 102704236061655643 bcsId: 0} | ret=SUCCESS |  
2019-08-30 05:17:54,041 | INFO  | DNAudit | user=null | ip=null | op=WRITE_CHUNK {blockData=conID: 2 locID: 102704236061655643 bcsId: 0} | ret=SUCCESS |  
2019-08-30 05:17:54,041 | INFO  | DNAudit | user=null | ip=null | op=WRITE_CHUNK {blockData=conID: 2 locID: 102704236061655643 bcsId: 0} | ret=SUCCESS |  
2019-08-30 05:17:54,042 | INFO  | DNAudit | user=null | ip=null | op=WRITE_CHUNK {blockData=conID: 2 locID: 102704236061655643 bcsId: 0} | ret=SUCCESS |  
2019-08-30 05:17:54,045 | INFO  | DNAudit | user=null | ip=null | op=WRITE_CHUNK {blockData=conID: 2 locID: 102704236061655643 bcsId: 0} | ret=SUCCESS |  
2019-08-30 05:17:54,045 | INFO  | DNAudit | user=null | ip=null | op=WRITE_CHUNK {blockData=conID: 2 locID: 102704236061655643 bcsId: 0} | ret=SUCCESS |  
2019-08-30 05:17:54,053 | INFO  | DNAudit | user=null | ip=null | op=WRITE_CHUNK {blockData=conID: 2 locID: 102704236061655643 bcsId: 0} | ret=SUCCESS |  
2019-08-30 05:17:54,053 | INFO  | DNAudit | user=null | ip=null | op=PUT_BLOCK {blockData=[blockId=conID: 2 locID: 102704236061655643 bcsId: 0,size=1048576]} | ret=SUCCESS |  
2019-08-30 05:17:54,053 [grpc-default-executor-6] INFO  client.GrpcClientProtocolClient (GrpcClientProtocolClient.java:onNext(255)) - client-574492D41EE7->134d4672-e322-4e4b-b7f3-5645abb0fe8c: receive RaftClientReply:client-574492D41EE7->134d4672-e322-4e4b-b7f3-5645abb0fe8c@group-3CB1DFFBCDC2, cid=2597, SUCCESS, logIndex=3861, commits[134d4672-e322-4e4b-b7f3-5645abb0fe8c:c3862, 73af84f3-3e88-4c8c-894c-3ad307bcac8d:c3860, 730a25a1-dbec-44ed-975b-a44ab0096beb:c3858]
2019-08-30 05:17:54,054 [grpc-default-executor-6] INFO  client.GrpcClientProtocolClient (GrpcClientProtocolClient.java:onNext(255)) - client-574492D41EE7->134d4672-e322-4e4b-b7f3-5645abb0fe8c: receive RaftClientReply:client-574492D41EE7->134d4672-e322-4e4b-b7f3-5645abb0fe8c@group-3CB1DFFBCDC2, cid=2598, SUCCESS, logIndex=3862, commits[134d4672-e322-4e4b-b7f3-5645abb0fe8c:c3862, 73af84f3-3e88-4c8c-894c-3ad307bcac8d:c3860, 730a25a1-dbec-44ed-975b-a44ab0096beb:c3858]
2019-08-30 05:17:54,065 | INFO  | DNAudit | user=null | ip=null | op=WRITE_CHUNK {blockData=conID: 2 locID: 102704236061655643 bcsId: 0} | ret=SUCCESS |  
2019-08-30 05:17:54,066 | INFO  | DNAudit | user=null | ip=null | op=PUT_BLOCK {blockData=[blockId=conID: 2 locID: 102704236061655643 bcsId: 0,size=2097152]} | ret=SUCCESS |  
2019-08-30 05:17:54,066 [grpc-default-executor-3] INFO  client.GrpcClientProtocolClient (GrpcClientProtocolClient.java:onNext(255)) - client-574492D41EE7->134d4672-e322-4e4b-b7f3-5645abb0fe8c: receive RaftClientReply:client-574492D41EE7->134d4672-e322-4e4b-b7f3-5645abb0fe8c@group-3CB1DFFBCDC2, cid=2599, SUCCESS, logIndex=3863, commits[134d4672-e322-4e4b-b7f3-5645abb0fe8c:c3864, 73af84f3-3e88-4c8c-894c-3ad307bcac8d:c3860, 730a25a1-dbec-44ed-975b-a44ab0096beb:c3860]
2019-08-30 05:17:54,066 [grpc-default-executor-3] INFO  client.GrpcClientProtocolClient (GrpcClientProtocolClient.java:onNext(255)) - client-574492D41EE7->134d4672-e322-4e4b-b7f3-5645abb0fe8c: receive RaftClientReply:client-574492D41EE7->134d4672-e322-4e4b-b7f3-5645abb0fe8c@group-3CB1DFFBCDC2, cid=2600, SUCCESS, logIndex=3864, commits[134d4672-e322-4e4b-b7f3-5645abb0fe8c:c3864, 73af84f3-3e88-4c8c-894c-3ad307bcac8d:c3860, 730a25a1-dbec-44ed-975b-a44ab0096beb:c3860]
2019-08-30 05:17:54,068 | INFO  | DNAudit | user=null | ip=null | op=WRITE_CHUNK {blockData=conID: 2 locID: 102704236061655643 bcsId: 0} | ret=SUCCESS |  
2019-08-30 05:17:54,068 | INFO  | DNAudit | user=null | ip=null | op=PUT_BLOCK {blockData=[blockId=conID: 2 locID: 102704236061655643 bcsId: 0,size=1048576]} | ret=SUCCESS |  
2019-08-30 05:17:54,078 | INFO  | DNAudit | user=null | ip=null | op=WRITE_CHUNK {blockData=conID: 2 locID: 102704236061655643 bcsId: 0} | ret=SUCCESS |  
2019-08-30 05:17:54,078 | INFO  | DNAudit | user=null | ip=null | op=PUT_BLOCK {blockData=[blockId=conID: 2 locID: 102704236061655643 bcsId: 0,size=1048576]} | ret=SUCCESS |  
2019-08-30 05:17:54,079 [grpc-default-executor-3] INFO  client.GrpcClientProtocolClient (GrpcClientProtocolClient.java:onNext(255)) - client-574492D41EE7->134d4672-e322-4e4b-b7f3-5645abb0fe8c: receive RaftClientReply:client-574492D41EE7->134d4672-e322-4e4b-b7f3-5645abb0fe8c@group-3CB1DFFBCDC2, cid=2601, SUCCESS, logIndex=0, commits[134d4672-e322-4e4b-b7f3-5645abb0fe8c:c3866, 73af84f3-3e88-4c8c-894c-3ad307bcac8d:c3862, 730a25a1-dbec-44ed-975b-a44ab0096beb:c3862]
2019-08-30 05:17:54,080 | INFO  | DNAudit | user=null | ip=null | op=WRITE_CHUNK {blockData=conID: 2 locID: 102704236061655643 bcsId: 0} | ret=SUCCESS |  
2019-08-30 05:17:54,080 | INFO  | DNAudit | user=null | ip=null | op=PUT_BLOCK {blockData=[blockId=conID: 2 locID: 102704236061655643 bcsId: 0,size=2097152]} | ret=SUCCESS |  
2019-08-30 05:17:54,087 | INFO  | DNAudit | user=null | ip=null | op=WRITE_CHUNK {blockData=conID: 2 locID: 102704236061655643 bcsId: 3864} | ret=SUCCESS |  
2019-08-30 05:17:54,089 | INFO  | DNAudit | user=null | ip=null | op=WRITE_CHUNK {blockData=conID: 2 locID: 102704236061655643 bcsId: 3864} | ret=SUCCESS |  
2019-08-30 05:17:54,089 | INFO  | DNAudit | user=null | ip=null | op=WRITE_CHUNK {blockData=conID: 2 locID: 102704236061655643 bcsId: 3864} | ret=SUCCESS |  
2019-08-30 05:17:54,091 | INFO  | DNAudit | user=null | ip=null | op=WRITE_CHUNK {blockData=conID: 2 locID: 102704236061655643 bcsId: 0} | ret=SUCCESS |  
2019-08-30 05:17:54,091 | INFO  | DNAudit | user=null | ip=null | op=PUT_BLOCK {blockData=[blockId=conID: 2 locID: 102704236061655643 bcsId: 0,size=2097152]} | ret=SUCCESS |  
2019-08-30 05:17:54,092 | INFO  | DNAudit | user=null | ip=null | op=WRITE_CHUNK {blockData=conID: 2 locID: 102704236061655643 bcsId: 3864} | ret=SUCCESS |  
2019-08-30 05:17:54,092 | INFO  | DNAudit | user=null | ip=null | op=PUT_BLOCK {blockData=[blockId=conID: 2 locID: 102704236061655643 bcsId: 0,size=3145728]} | ret=SUCCESS |  
2019-08-30 05:17:54,092 [grpc-default-executor-5] INFO  client.GrpcClientProtocolClient (GrpcClientProtocolClient.java:onNext(255)) - client-574492D41EE7->134d4672-e322-4e4b-b7f3-5645abb0fe8c: receive RaftClientReply:client-574492D41EE7->134d4672-e322-4e4b-b7f3-5645abb0fe8c@group-3CB1DFFBCDC2, cid=2602, SUCCESS, logIndex=3869, commits[134d4672-e322-4e4b-b7f3-5645abb0fe8c:c3870, 73af84f3-3e88-4c8c-894c-3ad307bcac8d:c3864, 730a25a1-dbec-44ed-975b-a44ab0096beb:c3868]
2019-08-30 05:17:54,093 [grpc-default-executor-5] INFO  client.GrpcClientProtocolClient (GrpcClientProtocolClient.java:onNext(255)) - client-574492D41EE7->134d4672-e322-4e4b-b7f3-5645abb0fe8c: receive RaftClientReply:client-574492D41EE7->134d4672-e322-4e4b-b7f3-5645abb0fe8c@group-3CB1DFFBCDC2, cid=2603, SUCCESS, logIndex=3870, commits[134d4672-e322-4e4b-b7f3-5645abb0fe8c:c3870, 73af84f3-3e88-4c8c-894c-3ad307bcac8d:c3868, 730a25a1-dbec-44ed-975b-a44ab0096beb:c3868]
2019-08-30 05:17:54,095 | INFO  | DNAudit | user=null | ip=null | op=WRITE_CHUNK {blockData=conID: 2 locID: 102704236061655643 bcsId: 3864} | ret=SUCCESS |  
2019-08-30 05:17:54,095 | INFO  | DNAudit | user=null | ip=null | op=WRITE_CHUNK {blockData=conID: 2 locID: 102704236061655643 bcsId: 3864} | ret=SUCCESS |  
2019-08-30 05:17:54,098 | INFO  | DNAudit | user=null | ip=null | op=PUT_BLOCK {blockData=[blockId=conID: 2 locID: 102704236061655643 bcsId: 0,size=3145728]} | ret=SUCCESS |  
2019-08-30 05:17:54,098 | INFO  | DNAudit | user=null | ip=null | op=PUT_BLOCK {blockData=[blockId=conID: 2 locID: 102704236061655643 bcsId: 0,size=3145728]} | ret=SUCCESS |  
2019-08-30 05:17:54,100 | INFO  | DNAudit | user=null | ip=null | op=WRITE_CHUNK {blockData=conID: 2 locID: 102704236061655643 bcsId: 3870} | ret=SUCCESS |  
2019-08-30 05:17:54,102 | INFO  | DNAudit | user=null | ip=null | op=WRITE_CHUNK {blockData=conID: 2 locID: 102704236061655643 bcsId: 3870} | ret=SUCCESS |  
2019-08-30 05:17:54,102 | INFO  | DNAudit | user=null | ip=null | op=WRITE_CHUNK {blockData=conID: 2 locID: 102704236061655643 bcsId: 3870} | ret=SUCCESS |  
2019-08-30 05:17:54,118 | INFO  | DNAudit | user=null | ip=null | op=WRITE_CHUNK {blockData=conID: 2 locID: 102704236061655643 bcsId: 3870} | ret=SUCCESS |  
2019-08-30 05:17:54,119 | INFO  | DNAudit | user=null | ip=null | op=PUT_BLOCK {blockData=[blockId=conID: 2 locID: 102704236061655643 bcsId: 0,size=4194304]} | ret=SUCCESS |  
2019-08-30 05:17:54,119 [grpc-default-executor-5] INFO  client.GrpcClientProtocolClient (GrpcClientProtocolClient.java:onNext(255)) - client-574492D41EE7->134d4672-e322-4e4b-b7f3-5645abb0fe8c: receive RaftClientReply:client-574492D41EE7->134d4672-e322-4e4b-b7f3-5645abb0fe8c@group-3CB1DFFBCDC2, cid=2604, SUCCESS, logIndex=3873, commits[134d4672-e322-4e4b-b7f3-5645abb0fe8c:c3874, 73af84f3-3e88-4c8c-894c-3ad307bcac8d:c3872, 730a25a1-dbec-44ed-975b-a44ab0096beb:c3872]
2019-08-30 05:17:54,119 [grpc-default-executor-5] INFO  client.GrpcClientProtocolClient (GrpcClientProtocolClient.java:onNext(255)) - client-574492D41EE7->134d4672-e322-4e4b-b7f3-5645abb0fe8c: receive RaftClientReply:client-574492D41EE7->134d4672-e322-4e4b-b7f3-5645abb0fe8c@group-3CB1DFFBCDC2, cid=2605, SUCCESS, logIndex=3874, commits[134d4672-e322-4e4b-b7f3-5645abb0fe8c:c3874, 73af84f3-3e88-4c8c-894c-3ad307bcac8d:c3872, 730a25a1-dbec-44ed-975b-a44ab0096beb:c3872]
2019-08-30 05:17:54,131 | INFO  | DNAudit | user=null | ip=null | op=WRITE_CHUNK {blockData=conID: 2 locID: 102704236061655643 bcsId: 3870} | ret=SUCCESS |  
2019-08-30 05:17:54,131 | INFO  | DNAudit | user=null | ip=null | op=WRITE_CHUNK {blockData=conID: 2 locID: 102704236061655643 bcsId: 3870} | ret=SUCCESS |  
2019-08-30 05:17:54,144 | INFO  | DNAudit | user=null | ip=null | op=PUT_BLOCK {blockData=[blockId=conID: 2 locID: 102704236061655643 bcsId: 0,size=4194304]} | ret=SUCCESS |  
2019-08-30 05:17:54,144 | INFO  | DNAudit | user=null | ip=null | op=PUT_BLOCK {blockData=[blockId=conID: 2 locID: 102704236061655643 bcsId: 0,size=4194304]} | ret=SUCCESS |  
2019-08-30 05:17:54,145 [grpc-default-executor-3] INFO  client.GrpcClientProtocolClient (GrpcClientProtocolClient.java:onNext(255)) - client-574492D41EE7->134d4672-e322-4e4b-b7f3-5645abb0fe8c: receive RaftClientReply:client-574492D41EE7->134d4672-e322-4e4b-b7f3-5645abb0fe8c@group-3CB1DFFBCDC2, cid=2606, SUCCESS, logIndex=0, commits[134d4672-e322-4e4b-b7f3-5645abb0fe8c:c3876, 73af84f3-3e88-4c8c-894c-3ad307bcac8d:c3874, 730a25a1-dbec-44ed-975b-a44ab0096beb:c3874]
2019-08-30 05:17:54,150 | INFO  | SCMAudit | user=jenkins1000 | ip=192.168.36.106 | op=ALLOCATE_BLOCK {owner=85755eb5-052d-48fa-b271-2fe4d8754e12, size=4194304, type=RATIS, factor=THREE} | ret=SUCCESS |  
2019-08-30 05:17:54,154 | INFO  | OMAudit | user=jenkins1000 | ip=127.0.0.1 | op=ALLOCATE_BLOCK {volume=vol-0-00977, bucket=bucket-0-44205, key=key-0-32850, dataSize=0, replicationType=null, replicationFactor=null, keyLocationInfo=null, clientID=102704234570776978} | ret=SUCCESS |  
2019-08-30 05:17:54,161 | INFO  | DNAudit | user=null | ip=null | op=WRITE_CHUNK {blockData=conID: 3 locID: 102704236078695004 bcsId: 0} | ret=SUCCESS |  
2019-08-30 05:17:54,164 | INFO  | DNAudit | user=null | ip=null | op=WRITE_CHUNK {blockData=conID: 3 locID: 102704236078695004 bcsId: 0} | ret=SUCCESS |  
2019-08-30 05:17:54,164 | INFO  | DNAudit | user=null | ip=null | op=WRITE_CHUNK {blockData=conID: 3 locID: 102704236078695004 bcsId: 0} | ret=SUCCESS |  
2019-08-30 05:17:54,165 | INFO  | DNAudit | user=null | ip=null | op=WRITE_CHUNK {blockData=conID: 3 locID: 102704236078695004 bcsId: 0} | ret=SUCCESS |  
2019-08-30 05:17:54,167 | INFO  | DNAudit | user=null | ip=null | op=WRITE_CHUNK {blockData=conID: 3 locID: 102704236078695004 bcsId: 0} | ret=SUCCESS |  
2019-08-30 05:17:54,167 | INFO  | DNAudit | user=null | ip=null | op=WRITE_CHUNK {blockData=conID: 3 locID: 102704236078695004 bcsId: 0} | ret=SUCCESS |  
2019-08-30 05:17:54,174 | INFO  | DNAudit | user=null | ip=null | op=WRITE_CHUNK {blockData=conID: 3 locID: 102704236078695004 bcsId: 0} | ret=SUCCESS |  
2019-08-30 05:17:54,174 | INFO  | DNAudit | user=null | ip=null | op=PUT_BLOCK {blockData=[blockId=conID: 3 locID: 102704236078695004 bcsId: 0,size=1048576]} | ret=SUCCESS |  
2019-08-30 05:17:54,174 [grpc-default-executor-6] INFO  client.GrpcClientProtocolClient (GrpcClientProtocolClient.java:onNext(255)) - client-574492D41EE7->134d4672-e322-4e4b-b7f3-5645abb0fe8c: receive RaftClientReply:client-574492D41EE7->134d4672-e322-4e4b-b7f3-5645abb0fe8c@group-3CB1DFFBCDC2, cid=2607, SUCCESS, logIndex=3877, commits[134d4672-e322-4e4b-b7f3-5645abb0fe8c:c3878, 73af84f3-3e88-4c8c-894c-3ad307bcac8d:c3876, 730a25a1-dbec-44ed-975b-a44ab0096beb:c3876]
2019-08-30 05:17:54,175 [grpc-default-executor-6] INFO  client.GrpcClientProtocolClient (GrpcClientProtocolClient.java:onNext(255)) - client-574492D41EE7->134d4672-e322-4e4b-b7f3-5645abb0fe8c: receive RaftClientReply:client-574492D41EE7->134d4672-e322-4e4b-b7f3-5645abb0fe8c@group-3CB1DFFBCDC2, cid=2608, SUCCESS, logIndex=3878, commits[134d4672-e322-4e4b-b7f3-5645abb0fe8c:c3878, 73af84f3-3e88-4c8c-894c-3ad307bcac8d:c3876, 730a25a1-dbec-44ed-975b-a44ab0096beb:c3876]
2019-08-30 05:17:54,185 | INFO  | DNAudit | user=null | ip=null | op=WRITE_CHUNK {blockData=conID: 3 locID: 102704236078695004 bcsId: 0} | ret=SUCCESS |  
2019-08-30 05:17:54,186 | INFO  | DNAudit | user=null | ip=null | op=PUT_BLOCK {blockData=[blockId=conID: 3 locID: 102704236078695004 bcsId: 0,size=2097152]} | ret=SUCCESS |  
2019-08-30 05:17:54,186 | INFO  | DNAudit | user=null | ip=null | op=WRITE_CHUNK {blockData=conID: 3 locID: 102704236078695004 bcsId: 0} | ret=SUCCESS |  
2019-08-30 05:17:54,186 [grpc-default-executor-5] INFO  client.GrpcClientProtocolClient (GrpcClientProtocolClient.java:onNext(255)) - client-574492D41EE7->134d4672-e322-4e4b-b7f3-5645abb0fe8c: receive RaftClientReply:client-574492D41EE7->134d4672-e322-4e4b-b7f3-5645abb0fe8c@group-3CB1DFFBCDC2, cid=2609, SUCCESS, logIndex=3879, commits[134d4672-e322-4e4b-b7f3-5645abb0fe8c:c3880, 73af84f3-3e88-4c8c-894c-3ad307bcac8d:c3876, 730a25a1-dbec-44ed-975b-a44ab0096beb:c3876]
2019-08-30 05:17:54,186 | INFO  | DNAudit | user=null | ip=null | op=PUT_BLOCK {blockData=[blockId=conID: 3 locID: 102704236078695004 bcsId: 0,size=1048576]} | ret=SUCCESS |  
2019-08-30 05:17:54,186 [grpc-default-executor-5] INFO  client.GrpcClientProtocolClient (GrpcClientProtocolClient.java:onNext(255)) - client-574492D41EE7->134d4672-e322-4e4b-b7f3-5645abb0fe8c: receive RaftClientReply:client-574492D41EE7->134d4672-e322-4e4b-b7f3-5645abb0fe8c@group-3CB1DFFBCDC2, cid=2610, SUCCESS, logIndex=3880, commits[134d4672-e322-4e4b-b7f3-5645abb0fe8c:c3880, 73af84f3-3e88-4c8c-894c-3ad307bcac8d:c3876, 730a25a1-dbec-44ed-975b-a44ab0096beb:c3876]
2019-08-30 05:17:54,188 | INFO  | DNAudit | user=null | ip=null | op=WRITE_CHUNK {blockData=conID: 3 locID: 102704236078695004 bcsId: 0} | ret=SUCCESS |  
2019-08-30 05:17:54,188 | INFO  | DNAudit | user=null | ip=null | op=PUT_BLOCK {blockData=[blockId=conID: 3 locID: 102704236078695004 bcsId: 0,size=1048576]} | ret=SUCCESS |  
2019-08-30 05:17:54,189 | INFO  | DNAudit | user=null | ip=null | op=WRITE_CHUNK {blockData=conID: 3 locID: 102704236078695004 bcsId: 0} | ret=SUCCESS |  
2019-08-30 05:17:54,189 | INFO  | DNAudit | user=null | ip=null | op=PUT_BLOCK {blockData=[blockId=conID: 3 locID: 102704236078695004 bcsId: 0,size=2097152]} | ret=SUCCESS |  
2019-08-30 05:17:54,189 [grpc-default-executor-5] INFO  client.GrpcClientProtocolClient (GrpcClientProtocolClient.java:onNext(255)) - client-574492D41EE7->134d4672-e322-4e4b-b7f3-5645abb0fe8c: receive RaftClientReply:client-574492D41EE7->134d4672-e322-4e4b-b7f3-5645abb0fe8c@group-3CB1DFFBCDC2, cid=2611, SUCCESS, logIndex=0, commits[134d4672-e322-4e4b-b7f3-5645abb0fe8c:c3882, 73af84f3-3e88-4c8c-894c-3ad307bcac8d:c3878, 730a25a1-dbec-44ed-975b-a44ab0096beb:c3878]
2019-08-30 05:17:54,195 | INFO  | DNAudit | user=null | ip=null | op=WRITE_CHUNK {blockData=conID: 3 locID: 102704236078695004 bcsId: 3880} | ret=SUCCESS |  
2019-08-30 05:17:54,197 | INFO  | DNAudit | user=null | ip=null | op=WRITE_CHUNK {blockData=conID: 3 locID: 102704236078695004 bcsId: 3880} | ret=SUCCESS |  
2019-08-30 05:17:54,198 | INFO  | DNAudit | user=null | ip=null | op=WRITE_CHUNK {blockData=conID: 3 locID: 102704236078695004 bcsId: 3880} | ret=SUCCESS |  
2019-08-30 05:17:54,199 | INFO  | DNAudit | user=null | ip=null | op=WRITE_CHUNK {blockData=conID: 3 locID: 102704236078695004 bcsId: 0} | ret=SUCCESS |  
2019-08-30 05:17:54,200 | INFO  | DNAudit | user=null | ip=null | op=PUT_BLOCK {blockData=[blockId=conID: 3 locID: 102704236078695004 bcsId: 0,size=2097152]} | ret=SUCCESS |  
2019-08-30 05:17:54,213 | INFO  | DNAudit | user=null | ip=null | op=WRITE_CHUNK {blockData=conID: 3 locID: 102704236078695004 bcsId: 3880} | ret=SUCCESS |  
2019-08-30 05:17:54,213 | INFO  | DNAudit | user=null | ip=null | op=PUT_BLOCK {blockData=[blockId=conID: 3 locID: 102704236078695004 bcsId: 0,size=3145728]} | ret=SUCCESS |  
2019-08-30 05:17:54,213 [grpc-default-executor-5] INFO  client.GrpcClientProtocolClient (GrpcClientProtocolClient.java:onNext(255)) - client-574492D41EE7->134d4672-e322-4e4b-b7f3-5645abb0fe8c: receive RaftClientReply:client-574492D41EE7->134d4672-e322-4e4b-b7f3-5645abb0fe8c@group-3CB1DFFBCDC2, cid=2612, SUCCESS, logIndex=3885, commits[134d4672-e322-4e4b-b7f3-5645abb0fe8c:c3886, 73af84f3-3e88-4c8c-894c-3ad307bcac8d:c3882, 730a25a1-dbec-44ed-975b-a44ab0096beb:c3882]
2019-08-30 05:17:54,214 [grpc-default-executor-5] INFO  client.GrpcClientProtocolClient (GrpcClientProtocolClient.java:onNext(255)) - client-574492D41EE7->134d4672-e322-4e4b-b7f3-5645abb0fe8c: receive RaftClientReply:client-574492D41EE7->134d4672-e322-4e4b-b7f3-5645abb0fe8c@group-3CB1DFFBCDC2, cid=2613, SUCCESS, logIndex=3886, commits[134d4672-e322-4e4b-b7f3-5645abb0fe8c:c3886, 73af84f3-3e88-4c8c-894c-3ad307bcac8d:c3882, 730a25a1-dbec-44ed-975b-a44ab0096beb:c3882]
2019-08-30 05:17:54,216 | INFO  | DNAudit | user=null | ip=null | op=WRITE_CHUNK {blockData=conID: 3 locID: 102704236078695004 bcsId: 3880} | ret=SUCCESS |  
2019-08-30 05:17:54,216 | INFO  | DNAudit | user=null | ip=null | op=PUT_BLOCK {blockData=[blockId=conID: 3 locID: 102704236078695004 bcsId: 0,size=3145728]} | ret=SUCCESS |  
2019-08-30 05:17:54,220 | INFO  | DNAudit | user=null | ip=null | op=WRITE_CHUNK {blockData=conID: 3 locID: 102704236078695004 bcsId: 3886} | ret=SUCCESS |  
2019-08-30 05:17:54,222 | INFO  | DNAudit | user=null | ip=null | op=WRITE_CHUNK {blockData=conID: 3 locID: 102704236078695004 bcsId: 3886} | ret=SUCCESS |  
2019-08-30 05:17:54,223 | INFO  | DNAudit | user=null | ip=null | op=WRITE_CHUNK {blockData=conID: 3 locID: 102704236078695004 bcsId: 3886} | ret=SUCCESS |  
2019-08-30 05:17:54,229 | INFO  | DNAudit | user=null | ip=null | op=WRITE_CHUNK {blockData=conID: 3 locID: 102704236078695004 bcsId: 3880} | ret=SUCCESS |  
2019-08-30 05:17:54,229 | INFO  | DNAudit | user=null | ip=null | op=PUT_BLOCK {blockData=[blockId=conID: 3 locID: 102704236078695004 bcsId: 0,size=3145728]} | ret=SUCCESS |  
2019-08-30 05:17:54,242 | INFO  | DNAudit | user=null | ip=null | op=WRITE_CHUNK {blockData=conID: 3 locID: 102704236078695004 bcsId: 3886} | ret=SUCCESS |  
2019-08-30 05:17:54,242 | INFO  | DNAudit | user=null | ip=null | op=PUT_BLOCK {blockData=[blockId=conID: 3 locID: 102704236078695004 bcsId: 0,size=4194304]} | ret=SUCCESS |  
2019-08-30 05:17:54,242 [grpc-default-executor-5] INFO  client.GrpcClientProtocolClient (GrpcClientProtocolClient.java:onNext(255)) - client-574492D41EE7->134d4672-e322-4e4b-b7f3-5645abb0fe8c: receive RaftClientReply:client-574492D41EE7->134d4672-e322-4e4b-b7f3-5645abb0fe8c@group-3CB1DFFBCDC2, cid=2614, SUCCESS, logIndex=3889, commits[134d4672-e322-4e4b-b7f3-5645abb0fe8c:c3890, 73af84f3-3e88-4c8c-894c-3ad307bcac8d:c3887, 730a25a1-dbec-44ed-975b-a44ab0096beb:c3887]
2019-08-30 05:17:54,243 [grpc-default-executor-5] INFO  client.GrpcClientProtocolClient (GrpcClientProtocolClient.java:onNext(255)) - client-574492D41EE7->134d4672-e322-4e4b-b7f3-5645abb0fe8c: receive RaftClientReply:client-574492D41EE7->134d4672-e322-4e4b-b7f3-5645abb0fe8c@group-3CB1DFFBCDC2, cid=2615, SUCCESS, logIndex=3890, commits[134d4672-e322-4e4b-b7f3-5645abb0fe8c:c3890, 73af84f3-3e88-4c8c-894c-3ad307bcac8d:c3887, 730a25a1-dbec-44ed-975b-a44ab0096beb:c3887]
2019-08-30 05:17:54,255 | INFO  | DNAudit | user=null | ip=null | op=WRITE_CHUNK {blockData=conID: 3 locID: 102704236078695004 bcsId: 3886} | ret=SUCCESS |  
2019-08-30 05:17:54,255 | INFO  | DNAudit | user=null | ip=null | op=WRITE_CHUNK {blockData=conID: 3 locID: 102704236078695004 bcsId: 3886} | ret=SUCCESS |  
2019-08-30 05:17:54,268 | INFO  | DNAudit | user=null | ip=null | op=PUT_BLOCK {blockData=[blockId=conID: 3 locID: 102704236078695004 bcsId: 0,size=4194304]} | ret=SUCCESS |  
2019-08-30 05:17:54,268 | INFO  | DNAudit | user=null | ip=null | op=PUT_BLOCK {blockData=[blockId=conID: 3 locID: 102704236078695004 bcsId: 0,size=4194304]} | ret=SUCCESS |  
2019-08-30 05:17:54,268 [grpc-default-executor-5] INFO  client.GrpcClientProtocolClient (GrpcClientProtocolClient.java:onNext(255)) - client-574492D41EE7->134d4672-e322-4e4b-b7f3-5645abb0fe8c: receive RaftClientReply:client-574492D41EE7->134d4672-e322-4e4b-b7f3-5645abb0fe8c@group-3CB1DFFBCDC2, cid=2616, SUCCESS, logIndex=0, commits[134d4672-e322-4e4b-b7f3-5645abb0fe8c:c3892, 73af84f3-3e88-4c8c-894c-3ad307bcac8d:c3890, 730a25a1-dbec-44ed-975b-a44ab0096beb:c3890]
2019-08-30 05:17:54,273 | INFO  | SCMAudit | user=jenkins1000 | ip=192.168.36.106 | op=ALLOCATE_BLOCK {owner=85755eb5-052d-48fa-b271-2fe4d8754e12, size=4194304, type=RATIS, factor=THREE} | ret=SUCCESS |  
2019-08-30 05:17:54,277 | INFO  | OMAudit | user=jenkins1000 | ip=127.0.0.1 | op=ALLOCATE_BLOCK {volume=vol-0-00977, bucket=bucket-0-44205, key=key-0-32850, dataSize=0, replicationType=null, replicationFactor=null, keyLocationInfo=null, clientID=102704234570776978} | ret=SUCCESS |  
2019-08-30 05:17:54,284 | INFO  | DNAudit | user=null | ip=null | op=WRITE_CHUNK {blockData=conID: 1 locID: 102704236086755933 bcsId: 0} | ret=SUCCESS |  
2019-08-30 05:17:54,286 | INFO  | DNAudit | user=null | ip=null | op=WRITE_CHUNK {blockData=conID: 1 locID: 102704236086755933 bcsId: 0} | ret=SUCCESS |  
2019-08-30 05:17:54,287 | INFO  | DNAudit | user=null | ip=null | op=WRITE_CHUNK {blockData=conID: 1 locID: 102704236086755933 bcsId: 0} | ret=SUCCESS |  
2019-08-30 05:17:54,287 | INFO  | DNAudit | user=null | ip=null | op=WRITE_CHUNK {blockData=conID: 1 locID: 102704236086755933 bcsId: 0} | ret=SUCCESS |  
2019-08-30 05:17:54,289 | INFO  | DNAudit | user=null | ip=null | op=WRITE_CHUNK {blockData=conID: 1 locID: 102704236086755933 bcsId: 0} | ret=SUCCESS |  
2019-08-30 05:17:54,290 | INFO  | DNAudit | user=null | ip=null | op=WRITE_CHUNK {blockData=conID: 1 locID: 102704236086755933 bcsId: 0} | ret=SUCCESS |  
2019-08-30 05:17:54,299 | INFO  | DNAudit | user=null | ip=null | op=WRITE_CHUNK {blockData=conID: 1 locID: 102704236086755933 bcsId: 0} | ret=SUCCESS |  
2019-08-30 05:17:54,299 | INFO  | DNAudit | user=null | ip=null | op=PUT_BLOCK {blockData=[blockId=conID: 1 locID: 102704236086755933 bcsId: 0,size=1048576]} | ret=SUCCESS |  
2019-08-30 05:17:54,299 [grpc-default-executor-6] INFO  client.GrpcClientProtocolClient (GrpcClientProtocolClient.java:onNext(255)) - client-574492D41EE7->134d4672-e322-4e4b-b7f3-5645abb0fe8c: receive RaftClientReply:client-574492D41EE7->134d4672-e322-4e4b-b7f3-5645abb0fe8c@group-3CB1DFFBCDC2, cid=2617, SUCCESS, logIndex=3893, commits[134d4672-e322-4e4b-b7f3-5645abb0fe8c:c3894, 73af84f3-3e88-4c8c-894c-3ad307bcac8d:c3892, 730a25a1-dbec-44ed-975b-a44ab0096beb:c3892]
2019-08-30 05:17:54,300 [grpc-default-executor-6] INFO  client.GrpcClientProtocolClient (GrpcClientProtocolClient.java:onNext(255)) - client-574492D41EE7->134d4672-e322-4e4b-b7f3-5645abb0fe8c: receive RaftClientReply:client-574492D41EE7->134d4672-e322-4e4b-b7f3-5645abb0fe8c@group-3CB1DFFBCDC2, cid=2618, SUCCESS, logIndex=3894, commits[134d4672-e322-4e4b-b7f3-5645abb0fe8c:c3894, 73af84f3-3e88-4c8c-894c-3ad307bcac8d:c3892, 730a25a1-dbec-44ed-975b-a44ab0096beb:c3892]
2019-08-30 05:17:54,311 | INFO  | DNAudit | user=null | ip=null | op=WRITE_CHUNK {blockData=conID: 1 locID: 102704236086755933 bcsId: 0} | ret=SUCCESS |  
2019-08-30 05:17:54,311 | INFO  | DNAudit | user=null | ip=null | op=PUT_BLOCK {blockData=[blockId=conID: 1 locID: 102704236086755933 bcsId: 0,size=2097152]} | ret=SUCCESS |  
2019-08-30 05:17:54,311 [grpc-default-executor-5] INFO  client.GrpcClientProtocolClient (GrpcClientProtocolClient.java:onNext(255)) - client-574492D41EE7->134d4672-e322-4e4b-b7f3-5645abb0fe8c: receive RaftClientReply:client-574492D41EE7->134d4672-e322-4e4b-b7f3-5645abb0fe8c@group-3CB1DFFBCDC2, cid=2619, SUCCESS, logIndex=3895, commits[134d4672-e322-4e4b-b7f3-5645abb0fe8c:c3896, 73af84f3-3e88-4c8c-894c-3ad307bcac8d:c3892, 730a25a1-dbec-44ed-975b-a44ab0096beb:c3892]
2019-08-30 05:17:54,312 | INFO  | DNAudit | user=null | ip=null | op=WRITE_CHUNK {blockData=conID: 1 locID: 102704236086755933 bcsId: 0} | ret=SUCCESS |  
2019-08-30 05:17:54,312 [grpc-default-executor-6] INFO  client.GrpcClientProtocolClient (GrpcClientProtocolClient.java:onNext(255)) - client-574492D41EE7->134d4672-e322-4e4b-b7f3-5645abb0fe8c: receive RaftClientReply:client-574492D41EE7->134d4672-e322-4e4b-b7f3-5645abb0fe8c@group-3CB1DFFBCDC2, cid=2620, SUCCESS, logIndex=3896, commits[134d4672-e322-4e4b-b7f3-5645abb0fe8c:c3896, 73af84f3-3e88-4c8c-894c-3ad307bcac8d:c3892, 730a25a1-dbec-44ed-975b-a44ab0096beb:c3892]
2019-08-30 05:17:54,312 | INFO  | DNAudit | user=null | ip=null | op=PUT_BLOCK {blockData=[blockId=conID: 1 locID: 102704236086755933 bcsId: 0,size=1048576]} | ret=SUCCESS |  
2019-08-30 05:17:54,312 | INFO  | DNAudit | user=null | ip=null | op=WRITE_CHUNK {blockData=conID: 1 locID: 102704236086755933 bcsId: 0} | ret=SUCCESS |  
2019-08-30 05:17:54,312 | INFO  | DNAudit | user=null | ip=null | op=PUT_BLOCK {blockData=[blockId=conID: 1 locID: 102704236086755933 bcsId: 0,size=1048576]} | ret=SUCCESS |  
2019-08-30 05:17:54,313 [grpc-default-executor-5] INFO  client.GrpcClientProtocolClient (GrpcClientProtocolClient.java:onNext(255)) - client-574492D41EE7->134d4672-e322-4e4b-b7f3-5645abb0fe8c: receive RaftClientReply:client-574492D41EE7->134d4672-e322-4e4b-b7f3-5645abb0fe8c@group-3CB1DFFBCDC2, cid=2621, SUCCESS, logIndex=0, commits[134d4672-e322-4e4b-b7f3-5645abb0fe8c:c3898, 73af84f3-3e88-4c8c-894c-3ad307bcac8d:c3894, 730a25a1-dbec-44ed-975b-a44ab0096beb:c3894]
2019-08-30 05:17:54,314 | INFO  | SCMAudit | user=jenkins1000 | ip=192.168.36.106 | op=SEND_HEARTBEAT {datanodeUUID=134d4672-e322-4e4b-b7f3-5645abb0fe8c, command=[]} | ret=SUCCESS |  
2019-08-30 05:17:54,314 | INFO  | DNAudit | user=null | ip=null | op=WRITE_CHUNK {blockData=conID: 1 locID: 102704236086755933 bcsId: 0} | ret=SUCCESS |  
2019-08-30 05:17:54,315 | INFO  | DNAudit | user=null | ip=null | op=PUT_BLOCK {blockData=[blockId=conID: 1 locID: 102704236086755933 bcsId: 0,size=2097152]} | ret=SUCCESS |  
2019-08-30 05:17:54,315 | INFO  | SCMAudit | user=jenkins1000 | ip=192.168.36.106 | op=SEND_HEARTBEAT {datanodeUUID=ea5d4b6b-4a08-401a-8c59-ecc1ca37daf5, command=[]} | ret=SUCCESS |  
2019-08-30 05:17:54,315 | INFO  | DNAudit | user=null | ip=null | op=WRITE_CHUNK {blockData=conID: 1 locID: 102704236086755933 bcsId: 0} | ret=SUCCESS |  
2019-08-30 05:17:54,315 | INFO  | SCMAudit | user=jenkins1000 | ip=192.168.36.106 | op=SEND_HEARTBEAT {datanodeUUID=730a25a1-dbec-44ed-975b-a44ab0096beb, command=[]} | ret=SUCCESS |  
2019-08-30 05:17:54,315 | INFO  | SCMAudit | user=jenkins1000 | ip=192.168.36.106 | op=SEND_HEARTBEAT {datanodeUUID=73af84f3-3e88-4c8c-894c-3ad307bcac8d, command=[]} | ret=SUCCESS |  
2019-08-30 05:17:54,316 | INFO  | DNAudit | user=null | ip=null | op=PUT_BLOCK {blockData=[blockId=conID: 1 locID: 102704236086755933 bcsId: 0,size=2097152]} | ret=SUCCESS |  
 0.00% |█                                                                                                    |  0/1 Time: 0:00:232019-08-30 05:17:54,320 | INFO  | DNAudit | user=null | ip=null | op=WRITE_CHUNK {blockData=conID: 1 locID: 102704236086755933 bcsId: 3896} | ret=SUCCESS |  
2019-08-30 05:17:54,322 | INFO  | DNAudit | user=null | ip=null | op=WRITE_CHUNK {blockData=conID: 1 locID: 102704236086755933 bcsId: 3896} | ret=SUCCESS |  
2019-08-30 05:17:54,322 | INFO  | DNAudit | user=null | ip=null | op=WRITE_CHUNK {blockData=conID: 1 locID: 102704236086755933 bcsId: 3896} | ret=SUCCESS |  
2019-08-30 05:17:54,329 | INFO  | DNAudit | user=null | ip=null | op=WRITE_CHUNK {blockData=conID: 1 locID: 102704236086755933 bcsId: 3896} | ret=SUCCESS |  
2019-08-30 05:17:54,329 | INFO  | DNAudit | user=null | ip=null | op=PUT_BLOCK {blockData=[blockId=conID: 1 locID: 102704236086755933 bcsId: 0,size=3145728]} | ret=SUCCESS |  
2019-08-30 05:17:54,329 [grpc-default-executor-5] INFO  client.GrpcClientProtocolClient (GrpcClientProtocolClient.java:onNext(255)) - client-574492D41EE7->134d4672-e322-4e4b-b7f3-5645abb0fe8c: receive RaftClientReply:client-574492D41EE7->134d4672-e322-4e4b-b7f3-5645abb0fe8c@group-3CB1DFFBCDC2, cid=2622, SUCCESS, logIndex=3901, commits[134d4672-e322-4e4b-b7f3-5645abb0fe8c:c3902, 73af84f3-3e88-4c8c-894c-3ad307bcac8d:c3900, 730a25a1-dbec-44ed-975b-a44ab0096beb:c3900]
2019-08-30 05:17:54,330 [grpc-default-executor-5] INFO  client.GrpcClientProtocolClient (GrpcClientProtocolClient.java:onNext(255)) - client-574492D41EE7->134d4672-e322-4e4b-b7f3-5645abb0fe8c: receive RaftClientReply:client-574492D41EE7->134d4672-e322-4e4b-b7f3-5645abb0fe8c@group-3CB1DFFBCDC2, cid=2623, SUCCESS, logIndex=3902, commits[134d4672-e322-4e4b-b7f3-5645abb0fe8c:c3902, 73af84f3-3e88-4c8c-894c-3ad307bcac8d:c3900, 730a25a1-dbec-44ed-975b-a44ab0096beb:c3900]
2019-08-30 05:17:54,336 | INFO  | DNAudit | user=null | ip=null | op=WRITE_CHUNK {blockData=conID: 1 locID: 102704236086755933 bcsId: 3902} | ret=SUCCESS |  
2019-08-30 05:17:54,338 | INFO  | DNAudit | user=null | ip=null | op=WRITE_CHUNK {blockData=conID: 1 locID: 102704236086755933 bcsId: 3902} | ret=SUCCESS |  
2019-08-30 05:17:54,338 | INFO  | DNAudit | user=null | ip=null | op=WRITE_CHUNK {blockData=conID: 1 locID: 102704236086755933 bcsId: 3902} | ret=SUCCESS |  
2019-08-30 05:17:54,578 | INFO  | SCMAudit | user=jenkins1000 | ip=192.168.36.106 | op=SEND_HEARTBEAT {datanodeUUID=b91a4442-fd83-4a66-bee2-5c7959dbabc3, command=[]} | ret=SUCCESS |  
2019-08-30 05:17:54,716 | INFO  | DNAudit | user=null | ip=null | op=WRITE_CHUNK {blockData=conID: 1 locID: 102704236086755933 bcsId: 3896} | ret=SUCCESS |  
2019-08-30 05:17:54,716 | INFO  | DNAudit | user=null | ip=null | op=WRITE_CHUNK {blockData=conID: 1 locID: 102704236086755933 bcsId: 3896} | ret=SUCCESS |  
2019-08-30 05:17:54,743 | INFO  | DNAudit | user=null | ip=null | op=PUT_BLOCK {blockData=[blockId=conID: 1 locID: 102704236086755933 bcsId: 0,size=3145728]} | ret=SUCCESS |  
2019-08-30 05:17:54,743 | INFO  | DNAudit | user=null | ip=null | op=PUT_BLOCK {blockData=[blockId=conID: 1 locID: 102704236086755933 bcsId: 0,size=3145728]} | ret=SUCCESS |  
2019-08-30 05:17:54,744 | INFO  | DNAudit | user=null | ip=null | op=WRITE_CHUNK {blockData=conID: 1 locID: 102704236086755933 bcsId: 3902} | ret=SUCCESS |  
2019-08-30 05:17:54,744 | INFO  | DNAudit | user=null | ip=null | op=PUT_BLOCK {blockData=[blockId=conID: 1 locID: 102704236086755933 bcsId: 0,size=4194304]} | ret=SUCCESS |  
2019-08-30 05:17:54,744 [grpc-default-executor-5] INFO  client.GrpcClientProtocolClient (GrpcClientProtocolClient.java:onNext(255)) - client-574492D41EE7->134d4672-e322-4e4b-b7f3-5645abb0fe8c: receive RaftClientReply:client-574492D41EE7->134d4672-e322-4e4b-b7f3-5645abb0fe8c@group-3CB1DFFBCDC2, cid=2624, SUCCESS, logIndex=3905, commits[134d4672-e322-4e4b-b7f3-5645abb0fe8c:c3906, 73af84f3-3e88-4c8c-894c-3ad307bcac8d:c3902, 730a25a1-dbec-44ed-975b-a44ab0096beb:c3902]
2019-08-30 05:17:54,745 [grpc-default-executor-5] INFO  client.GrpcClientProtocolClient (GrpcClientProtocolClient.java:onNext(255)) - client-574492D41EE7->134d4672-e322-4e4b-b7f3-5645abb0fe8c: receive RaftClientReply:client-574492D41EE7->134d4672-e322-4e4b-b7f3-5645abb0fe8c@group-3CB1DFFBCDC2, cid=2625, SUCCESS, logIndex=3906, commits[134d4672-e322-4e4b-b7f3-5645abb0fe8c:c3906, 73af84f3-3e88-4c8c-894c-3ad307bcac8d:c3902, 730a25a1-dbec-44ed-975b-a44ab0096beb:c3902]
2019-08-30 05:17:54,763 | INFO  | DNAudit | user=null | ip=null | op=WRITE_CHUNK {blockData=conID: 1 locID: 102704236086755933 bcsId: 3902} | ret=SUCCESS |  
2019-08-30 05:17:54,763 | INFO  | DNAudit | user=null | ip=null | op=WRITE_CHUNK {blockData=conID: 1 locID: 102704236086755933 bcsId: 3902} | ret=SUCCESS |  
2019-08-30 05:17:54,766 | INFO  | DNAudit | user=null | ip=null | op=PUT_BLOCK {blockData=[blockId=conID: 1 locID: 102704236086755933 bcsId: 0,size=4194304]} | ret=SUCCESS |  
2019-08-30 05:17:54,766 | INFO  | DNAudit | user=null | ip=null | op=PUT_BLOCK {blockData=[blockId=conID: 1 locID: 102704236086755933 bcsId: 0,size=4194304]} | ret=SUCCESS |  
2019-08-30 05:17:54,767 [grpc-default-executor-3] INFO  client.GrpcClientProtocolClient (GrpcClientProtocolClient.java:onNext(255)) - client-574492D41EE7->134d4672-e322-4e4b-b7f3-5645abb0fe8c: receive RaftClientReply:client-574492D41EE7->134d4672-e322-4e4b-b7f3-5645abb0fe8c@group-3CB1DFFBCDC2, cid=2626, SUCCESS, logIndex=0, commits[134d4672-e322-4e4b-b7f3-5645abb0fe8c:c3908, 73af84f3-3e88-4c8c-894c-3ad307bcac8d:c3906, 730a25a1-dbec-44ed-975b-a44ab0096beb:c3906]
2019-08-30 05:17:54,773 | INFO  | SCMAudit | user=jenkins1000 | ip=192.168.36.106 | op=ALLOCATE_BLOCK {owner=85755eb5-052d-48fa-b271-2fe4d8754e12, size=4194304, type=RATIS, factor=THREE} | ret=SUCCESS |  
2019-08-30 05:17:54,778 | INFO  | OMAudit | user=jenkins1000 | ip=127.0.0.1 | op=ALLOCATE_BLOCK {volume=vol-0-00977, bucket=bucket-0-44205, key=key-0-32850, dataSize=0, replicationType=null, replicationFactor=null, keyLocationInfo=null, clientID=102704234570776978} | ret=SUCCESS |  
2019-08-30 05:17:54,788 | INFO  | DNAudit | user=null | ip=null | op=WRITE_CHUNK {blockData=conID: 2 locID: 102704236119523934 bcsId: 0} | ret=SUCCESS |  
2019-08-30 05:17:54,790 | INFO  | DNAudit | user=null | ip=null | op=WRITE_CHUNK {blockData=conID: 2 locID: 102704236119523934 bcsId: 0} | ret=SUCCESS |  
2019-08-30 05:17:54,791 | INFO  | DNAudit | user=null | ip=null | op=WRITE_CHUNK {blockData=conID: 2 locID: 102704236119523934 bcsId: 0} | ret=SUCCESS |  
2019-08-30 05:17:54,792 | INFO  | DNAudit | user=null | ip=null | op=WRITE_CHUNK {blockData=conID: 2 locID: 102704236119523934 bcsId: 0} | ret=SUCCESS |  
2019-08-30 05:17:54,794 | INFO  | DNAudit | user=null | ip=null | op=WRITE_CHUNK {blockData=conID: 2 locID: 102704236119523934 bcsId: 0} | ret=SUCCESS |  
2019-08-30 05:17:54,794 | INFO  | DNAudit | user=null | ip=null | op=WRITE_CHUNK {blockData=conID: 2 locID: 102704236119523934 bcsId: 0} | ret=SUCCESS |  
2019-08-30 05:17:54,811 | INFO  | DNAudit | user=null | ip=null | op=WRITE_CHUNK {blockData=conID: 2 locID: 102704236119523934 bcsId: 0} | ret=SUCCESS |  
2019-08-30 05:17:54,812 | INFO  | DNAudit | user=null | ip=null | op=PUT_BLOCK {blockData=[blockId=conID: 2 locID: 102704236119523934 bcsId: 0,size=1048576]} | ret=SUCCESS |  
2019-08-30 05:17:54,812 [grpc-default-executor-5] INFO  client.GrpcClientProtocolClient (GrpcClientProtocolClient.java:onNext(255)) - client-574492D41EE7->134d4672-e322-4e4b-b7f3-5645abb0fe8c: receive RaftClientReply:client-574492D41EE7->134d4672-e322-4e4b-b7f3-5645abb0fe8c@group-3CB1DFFBCDC2, cid=2627, SUCCESS, logIndex=3909, commits[134d4672-e322-4e4b-b7f3-5645abb0fe8c:c3910, 73af84f3-3e88-4c8c-894c-3ad307bcac8d:c3908, 730a25a1-dbec-44ed-975b-a44ab0096beb:c3908]
2019-08-30 05:17:54,812 [grpc-default-executor-5] INFO  client.GrpcClientProtocolClient (GrpcClientProtocolClient.java:onNext(255)) - client-574492D41EE7->134d4672-e322-4e4b-b7f3-5645abb0fe8c: receive RaftClientReply:client-574492D41EE7->134d4672-e322-4e4b-b7f3-5645abb0fe8c@group-3CB1DFFBCDC2, cid=2628, SUCCESS, logIndex=3910, commits[134d4672-e322-4e4b-b7f3-5645abb0fe8c:c3910, 73af84f3-3e88-4c8c-894c-3ad307bcac8d:c3908, 730a25a1-dbec-44ed-975b-a44ab0096beb:c3908]
2019-08-30 05:17:54,829 | INFO  | DNAudit | user=null | ip=null | op=WRITE_CHUNK {blockData=conID: 2 locID: 102704236119523934 bcsId: 0} | ret=SUCCESS |  
2019-08-30 05:17:54,830 | INFO  | DNAudit | user=null | ip=null | op=PUT_BLOCK {blockData=[blockId=conID: 2 locID: 102704236119523934 bcsId: 0,size=2097152]} | ret=SUCCESS |  
2019-08-30 05:17:54,830 [grpc-default-executor-6] INFO  client.GrpcClientProtocolClient (GrpcClientProtocolClient.java:onNext(255)) - client-574492D41EE7->134d4672-e322-4e4b-b7f3-5645abb0fe8c: receive RaftClientReply:client-574492D41EE7->134d4672-e322-4e4b-b7f3-5645abb0fe8c@group-3CB1DFFBCDC2, cid=2629, SUCCESS, logIndex=3911, commits[134d4672-e322-4e4b-b7f3-5645abb0fe8c:c3912, 73af84f3-3e88-4c8c-894c-3ad307bcac8d:c3908, 730a25a1-dbec-44ed-975b-a44ab0096beb:c3908]
2019-08-30 05:17:54,830 [grpc-default-executor-6] INFO  client.GrpcClientProtocolClient (GrpcClientProtocolClient.java:onNext(255)) - client-574492D41EE7->134d4672-e322-4e4b-b7f3-5645abb0fe8c: receive RaftClientReply:client-574492D41EE7->134d4672-e322-4e4b-b7f3-5645abb0fe8c@group-3CB1DFFBCDC2, cid=2630, SUCCESS, logIndex=3912, commits[134d4672-e322-4e4b-b7f3-5645abb0fe8c:c3912, 73af84f3-3e88-4c8c-894c-3ad307bcac8d:c3908, 730a25a1-dbec-44ed-975b-a44ab0096beb:c3908]
2019-08-30 05:17:54,840 | INFO  | DNAudit | user=null | ip=null | op=WRITE_CHUNK {blockData=conID: 2 locID: 102704236119523934 bcsId: 0} | ret=SUCCESS |  
2019-08-30 05:17:54,840 | INFO  | DNAudit | user=null | ip=null | op=PUT_BLOCK {blockData=[blockId=conID: 2 locID: 102704236119523934 bcsId: 0,size=1048576]} | ret=SUCCESS |  
2019-08-30 05:17:54,841 | INFO  | DNAudit | user=null | ip=null | op=WRITE_CHUNK {blockData=conID: 2 locID: 102704236119523934 bcsId: 0} | ret=SUCCESS |  
2019-08-30 05:17:54,841 | INFO  | DNAudit | user=null | ip=null | op=PUT_BLOCK {blockData=[blockId=conID: 2 locID: 102704236119523934 bcsId: 0,size=2097152]} | ret=SUCCESS |  
2019-08-30 05:17:54,841 | INFO  | DNAudit | user=null | ip=null | op=WRITE_CHUNK {blockData=conID: 2 locID: 102704236119523934 bcsId: 0} | ret=SUCCESS |  
2019-08-30 05:17:54,842 | INFO  | DNAudit | user=null | ip=null | op=PUT_BLOCK {blockData=[blockId=conID: 2 locID: 102704236119523934 bcsId: 0,size=1048576]} | ret=SUCCESS |  
2019-08-30 05:17:54,842 | INFO  | DNAudit | user=null | ip=null | op=WRITE_CHUNK {blockData=conID: 2 locID: 102704236119523934 bcsId: 0} | ret=SUCCESS |  
2019-08-30 05:17:54,842 | INFO  | DNAudit | user=null | ip=null | op=PUT_BLOCK {blockData=[blockId=conID: 2 locID: 102704236119523934 bcsId: 0,size=2097152]} | ret=SUCCESS |  
2019-08-30 05:17:54,842 [grpc-default-executor-5] INFO  client.GrpcClientProtocolClient (GrpcClientProtocolClient.java:onNext(255)) - client-574492D41EE7->134d4672-e322-4e4b-b7f3-5645abb0fe8c: receive RaftClientReply:client-574492D41EE7->134d4672-e322-4e4b-b7f3-5645abb0fe8c@group-3CB1DFFBCDC2, cid=2631, SUCCESS, logIndex=0, commits[134d4672-e322-4e4b-b7f3-5645abb0fe8c:c3916, 73af84f3-3e88-4c8c-894c-3ad307bcac8d:c3912, 730a25a1-dbec-44ed-975b-a44ab0096beb:c3910]
2019-08-30 05:17:54,849 | INFO  | DNAudit | user=null | ip=null | op=WRITE_CHUNK {blockData=conID: 2 locID: 102704236119523934 bcsId: 3912} | ret=SUCCESS |  
2019-08-30 05:17:54,852 | INFO  | DNAudit | user=null | ip=null | op=WRITE_CHUNK {blockData=conID: 2 locID: 102704236119523934 bcsId: 3912} | ret=SUCCESS |  
2019-08-30 05:17:54,852 | INFO  | DNAudit | user=null | ip=null | op=WRITE_CHUNK {blockData=conID: 2 locID: 102704236119523934 bcsId: 3912} | ret=SUCCESS |  
2019-08-30 05:17:54,858 | INFO  | DNAudit | user=null | ip=null | op=WRITE_CHUNK {blockData=conID: 2 locID: 102704236119523934 bcsId: 3912} | ret=SUCCESS |  
2019-08-30 05:17:54,858 | INFO  | DNAudit | user=null | ip=null | op=PUT_BLOCK {blockData=[blockId=conID: 2 locID: 102704236119523934 bcsId: 0,size=3145728]} | ret=SUCCESS |  
2019-08-30 05:17:54,859 [grpc-default-executor-3] INFO  client.GrpcClientProtocolClient (GrpcClientProtocolClient.java:onNext(255)) - client-574492D41EE7->134d4672-e322-4e4b-b7f3-5645abb0fe8c: receive RaftClientReply:client-574492D41EE7->134d4672-e322-4e4b-b7f3-5645abb0fe8c@group-3CB1DFFBCDC2, cid=2632, SUCCESS, logIndex=3917, commits[134d4672-e322-4e4b-b7f3-5645abb0fe8c:c3918, 73af84f3-3e88-4c8c-894c-3ad307bcac8d:c3916, 730a25a1-dbec-44ed-975b-a44ab0096beb:c3916]
2019-08-30 05:17:54,859 [grpc-default-executor-3] INFO  client.GrpcClientProtocolClient (GrpcClientProtocolClient.java:onNext(255)) - client-574492D41EE7->134d4672-e322-4e4b-b7f3-5645abb0fe8c: receive RaftClientReply:client-574492D41EE7->134d4672-e322-4e4b-b7f3-5645abb0fe8c@group-3CB1DFFBCDC2, cid=2633, SUCCESS, logIndex=3918, commits[134d4672-e322-4e4b-b7f3-5645abb0fe8c:c3918, 73af84f3-3e88-4c8c-894c-3ad307bcac8d:c3916, 730a25a1-dbec-44ed-975b-a44ab0096beb:c3916]
2019-08-30 05:17:54,866 | INFO  | DNAudit | user=null | ip=null | op=WRITE_CHUNK {blockData=conID: 2 locID: 102704236119523934 bcsId: 3918} | ret=SUCCESS |  
2019-08-30 05:17:54,868 | INFO  | DNAudit | user=null | ip=null | op=WRITE_CHUNK {blockData=conID: 2 locID: 102704236119523934 bcsId: 3918} | ret=SUCCESS |  
2019-08-30 05:17:54,868 | INFO  | DNAudit | user=null | ip=null | op=WRITE_CHUNK {blockData=conID: 2 locID: 102704236119523934 bcsId: 3918} | ret=SUCCESS |  
2019-08-30 05:17:54,870 | INFO  | DNAudit | user=null | ip=null | op=WRITE_CHUNK {blockData=conID: 2 locID: 102704236119523934 bcsId: 3912} | ret=SUCCESS |  
2019-08-30 05:17:54,870 | INFO  | DNAudit | user=null | ip=null | op=WRITE_CHUNK {blockData=conID: 2 locID: 102704236119523934 bcsId: 3912} | ret=SUCCESS |  
2019-08-30 05:17:54,873 | INFO  | DNAudit | user=null | ip=null | op=PUT_BLOCK {blockData=[blockId=conID: 2 locID: 102704236119523934 bcsId: 0,size=3145728]} | ret=SUCCESS |  
2019-08-30 05:17:54,873 | INFO  | DNAudit | user=null | ip=null | op=PUT_BLOCK {blockData=[blockId=conID: 2 locID: 102704236119523934 bcsId: 0,size=3145728]} | ret=SUCCESS |  
2019-08-30 05:17:54,873 | INFO  | DNAudit | user=null | ip=null | op=WRITE_CHUNK {blockData=conID: 2 locID: 102704236119523934 bcsId: 3918} | ret=SUCCESS |  
2019-08-30 05:17:54,874 | INFO  | DNAudit | user=null | ip=null | op=PUT_BLOCK {blockData=[blockId=conID: 2 locID: 102704236119523934 bcsId: 0,size=4194304]} | ret=SUCCESS |  
2019-08-30 05:17:54,874 [grpc-default-executor-3] INFO  client.GrpcClientProtocolClient (GrpcClientProtocolClient.java:onNext(255)) - client-574492D41EE7->134d4672-e322-4e4b-b7f3-5645abb0fe8c: receive RaftClientReply:client-574492D41EE7->134d4672-e322-4e4b-b7f3-5645abb0fe8c@group-3CB1DFFBCDC2, cid=2634, SUCCESS, logIndex=3921, commits[134d4672-e322-4e4b-b7f3-5645abb0fe8c:c3922, 73af84f3-3e88-4c8c-894c-3ad307bcac8d:c3918, 730a25a1-dbec-44ed-975b-a44ab0096beb:c3918]
2019-08-30 05:17:54,874 [grpc-default-executor-3] INFO  client.GrpcClientProtocolClient (GrpcClientProtocolClient.java:onNext(255)) - client-574492D41EE7->134d4672-e322-4e4b-b7f3-5645abb0fe8c: receive RaftClientReply:client-574492D41EE7->134d4672-e322-4e4b-b7f3-5645abb0fe8c@group-3CB1DFFBCDC2, cid=2635, SUCCESS, logIndex=3922, commits[134d4672-e322-4e4b-b7f3-5645abb0fe8c:c3922, 73af84f3-3e88-4c8c-894c-3ad307bcac8d:c3918, 730a25a1-dbec-44ed-975b-a44ab0096beb:c3918]
2019-08-30 05:17:54,890 | INFO  | DNAudit | user=null | ip=null | op=WRITE_CHUNK {blockData=conID: 2 locID: 102704236119523934 bcsId: 3918} | ret=SUCCESS |  
2019-08-30 05:17:54,890 | INFO  | DNAudit | user=null | ip=null | op=WRITE_CHUNK {blockData=conID: 2 locID: 102704236119523934 bcsId: 3918} | ret=SUCCESS |  
2019-08-30 05:17:54,890 | INFO  | DNAudit | user=null | ip=null | op=PUT_BLOCK {blockData=[blockId=conID: 2 locID: 102704236119523934 bcsId: 0,size=4194304]} | ret=SUCCESS |  
2019-08-30 05:17:54,890 | INFO  | DNAudit | user=null | ip=null | op=PUT_BLOCK {blockData=[blockId=conID: 2 locID: 102704236119523934 bcsId: 0,size=4194304]} | ret=SUCCESS |  
2019-08-30 05:17:54,890 [grpc-default-executor-3] INFO  client.GrpcClientProtocolClient (GrpcClientProtocolClient.java:onNext(255)) - client-574492D41EE7->134d4672-e322-4e4b-b7f3-5645abb0fe8c: receive RaftClientReply:client-574492D41EE7->134d4672-e322-4e4b-b7f3-5645abb0fe8c@group-3CB1DFFBCDC2, cid=2636, SUCCESS, logIndex=0, commits[134d4672-e322-4e4b-b7f3-5645abb0fe8c:c3923, 73af84f3-3e88-4c8c-894c-3ad307bcac8d:c3922, 730a25a1-dbec-44ed-975b-a44ab0096beb:c3922]
2019-08-30 05:17:54,896 | INFO  | SCMAudit | user=jenkins1000 | ip=192.168.36.106 | op=ALLOCATE_BLOCK {owner=85755eb5-052d-48fa-b271-2fe4d8754e12, size=4194304, type=RATIS, factor=THREE} | ret=SUCCESS |  
2019-08-30 05:17:54,900 | INFO  | OMAudit | user=jenkins1000 | ip=127.0.0.1 | op=ALLOCATE_BLOCK {volume=vol-0-00977, bucket=bucket-0-44205, key=key-0-32850, dataSize=0, replicationType=null, replicationFactor=null, keyLocationInfo=null, clientID=102704234570776978} | ret=SUCCESS |  
2019-08-30 05:17:54,908 | INFO  | DNAudit | user=null | ip=null | op=WRITE_CHUNK {blockData=conID: 3 locID: 102704236127584863 bcsId: 0} | ret=SUCCESS |  
2019-08-30 05:17:54,909 | INFO  | DNAudit | user=null | ip=null | op=WRITE_CHUNK {blockData=conID: 3 locID: 102704236127584863 bcsId: 0} | ret=SUCCESS |  
2019-08-30 05:17:54,910 | INFO  | DNAudit | user=null | ip=null | op=WRITE_CHUNK {blockData=conID: 3 locID: 102704236127584863 bcsId: 0} | ret=SUCCESS |  
2019-08-30 05:17:54,912 | INFO  | DNAudit | user=null | ip=null | op=WRITE_CHUNK {blockData=conID: 3 locID: 102704236127584863 bcsId: 0} | ret=SUCCESS |  
2019-08-30 05:17:54,912 | INFO  | DNAudit | user=null | ip=null | op=WRITE_CHUNK {blockData=conID: 3 locID: 102704236127584863 bcsId: 0} | ret=SUCCESS |  
2019-08-30 05:17:54,912 | INFO  | DNAudit | user=null | ip=null | op=WRITE_CHUNK {blockData=conID: 3 locID: 102704236127584863 bcsId: 0} | ret=SUCCESS |  
2019-08-30 05:17:54,922 | INFO  | DNAudit | user=null | ip=null | op=WRITE_CHUNK {blockData=conID: 3 locID: 102704236127584863 bcsId: 0} | ret=SUCCESS |  
2019-08-30 05:17:54,922 | INFO  | DNAudit | user=null | ip=null | op=PUT_BLOCK {blockData=[blockId=conID: 3 locID: 102704236127584863 bcsId: 0,size=1048576]} | ret=SUCCESS |  
2019-08-30 05:17:54,923 | INFO  | DNAudit | user=null | ip=null | op=WRITE_CHUNK {blockData=conID: 3 locID: 102704236127584863 bcsId: 0} | ret=SUCCESS |  
2019-08-30 05:17:54,923 [grpc-default-executor-3] INFO  client.GrpcClientProtocolClient (GrpcClientProtocolClient.java:onNext(255)) - client-574492D41EE7->134d4672-e322-4e4b-b7f3-5645abb0fe8c: receive RaftClientReply:client-574492D41EE7->134d4672-e322-4e4b-b7f3-5645abb0fe8c@group-3CB1DFFBCDC2, cid=2637, SUCCESS, logIndex=3925, commits[134d4672-e322-4e4b-b7f3-5645abb0fe8c:c3927, 73af84f3-3e88-4c8c-894c-3ad307bcac8d:c3924, 730a25a1-dbec-44ed-975b-a44ab0096beb:c3924]
2019-08-30 05:17:54,923 | INFO  | DNAudit | user=null | ip=null | op=PUT_BLOCK {blockData=[blockId=conID: 3 locID: 102704236127584863 bcsId: 0,size=2097152]} | ret=SUCCESS |  
2019-08-30 05:17:54,923 [grpc-default-executor-3] INFO  client.GrpcClientProtocolClient (GrpcClientProtocolClient.java:onNext(255)) - client-574492D41EE7->134d4672-e322-4e4b-b7f3-5645abb0fe8c: receive RaftClientReply:client-574492D41EE7->134d4672-e322-4e4b-b7f3-5645abb0fe8c@group-3CB1DFFBCDC2, cid=2638, SUCCESS, logIndex=3926, commits[134d4672-e322-4e4b-b7f3-5645abb0fe8c:c3928, 73af84f3-3e88-4c8c-894c-3ad307bcac8d:c3924, 730a25a1-dbec-44ed-975b-a44ab0096beb:c3924]
2019-08-30 05:17:54,924 [grpc-default-executor-3] INFO  client.GrpcClientProtocolClient (GrpcClientProtocolClient.java:onNext(255)) - client-574492D41EE7->134d4672-e322-4e4b-b7f3-5645abb0fe8c: receive RaftClientReply:client-574492D41EE7->134d4672-e322-4e4b-b7f3-5645abb0fe8c@group-3CB1DFFBCDC2, cid=2639, SUCCESS, logIndex=3927, commits[134d4672-e322-4e4b-b7f3-5645abb0fe8c:c3928, 73af84f3-3e88-4c8c-894c-3ad307bcac8d:c3924, 730a25a1-dbec-44ed-975b-a44ab0096beb:c3924]
2019-08-30 05:17:54,924 [grpc-default-executor-3] INFO  client.GrpcClientProtocolClient (GrpcClientProtocolClient.java:onNext(255)) - client-574492D41EE7->134d4672-e322-4e4b-b7f3-5645abb0fe8c: receive RaftClientReply:client-574492D41EE7->134d4672-e322-4e4b-b7f3-5645abb0fe8c@group-3CB1DFFBCDC2, cid=2640, SUCCESS, logIndex=3928, commits[134d4672-e322-4e4b-b7f3-5645abb0fe8c:c3928, 73af84f3-3e88-4c8c-894c-3ad307bcac8d:c3924, 730a25a1-dbec-44ed-975b-a44ab0096beb:c3924]
2019-08-30 05:17:54,933 | INFO  | DNAudit | user=null | ip=null | op=WRITE_CHUNK {blockData=conID: 3 locID: 102704236127584863 bcsId: 0} | ret=SUCCESS |  
2019-08-30 05:17:54,934 | INFO  | DNAudit | user=null | ip=null | op=WRITE_CHUNK {blockData=conID: 3 locID: 102704236127584863 bcsId: 0} | ret=SUCCESS |  
2019-08-30 05:17:54,934 | INFO  | DNAudit | user=null | ip=null | op=PUT_BLOCK {blockData=[blockId=conID: 3 locID: 102704236127584863 bcsId: 0,size=1048576]} | ret=SUCCESS |  
2019-08-30 05:17:54,934 | INFO  | DNAudit | user=null | ip=null | op=WRITE_CHUNK {blockData=conID: 3 locID: 102704236127584863 bcsId: 0} | ret=SUCCESS |  
2019-08-30 05:17:54,934 | INFO  | DNAudit | user=null | ip=null | op=PUT_BLOCK {blockData=[blockId=conID: 3 locID: 102704236127584863 bcsId: 0,size=2097152]} | ret=SUCCESS |  
2019-08-30 05:17:54,935 | INFO  | DNAudit | user=null | ip=null | op=PUT_BLOCK {blockData=[blockId=conID: 3 locID: 102704236127584863 bcsId: 0,size=1048576]} | ret=SUCCESS |  
2019-08-30 05:17:54,935 | INFO  | DNAudit | user=null | ip=null | op=WRITE_CHUNK {blockData=conID: 3 locID: 102704236127584863 bcsId: 0} | ret=SUCCESS |  
2019-08-30 05:17:54,935 | INFO  | DNAudit | user=null | ip=null | op=PUT_BLOCK {blockData=[blockId=conID: 3 locID: 102704236127584863 bcsId: 0,size=2097152]} | ret=SUCCESS |  
2019-08-30 05:17:54,935 [grpc-default-executor-3] INFO  client.GrpcClientProtocolClient (GrpcClientProtocolClient.java:onNext(255)) - client-574492D41EE7->134d4672-e322-4e4b-b7f3-5645abb0fe8c: receive RaftClientReply:client-574492D41EE7->134d4672-e322-4e4b-b7f3-5645abb0fe8c@group-3CB1DFFBCDC2, cid=2641, SUCCESS, logIndex=0, commits[134d4672-e322-4e4b-b7f3-5645abb0fe8c:c3932, 73af84f3-3e88-4c8c-894c-3ad307bcac8d:c3926, 730a25a1-dbec-44ed-975b-a44ab0096beb:c3928]
2019-08-30 05:17:54,942 | INFO  | DNAudit | user=null | ip=null | op=WRITE_CHUNK {blockData=conID: 3 locID: 102704236127584863 bcsId: 3928} | ret=SUCCESS |  
2019-08-30 05:17:54,944 | INFO  | DNAudit | user=null | ip=null | op=WRITE_CHUNK {blockData=conID: 3 locID: 102704236127584863 bcsId: 3928} | ret=SUCCESS |  
2019-08-30 05:17:54,944 | INFO  | DNAudit | user=null | ip=null | op=WRITE_CHUNK {blockData=conID: 3 locID: 102704236127584863 bcsId: 3928} | ret=SUCCESS |  
2019-08-30 05:17:54,955 | INFO  | DNAudit | user=null | ip=null | op=WRITE_CHUNK {blockData=conID: 3 locID: 102704236127584863 bcsId: 3928} | ret=SUCCESS |  
2019-08-30 05:17:54,956 | INFO  | DNAudit | user=null | ip=null | op=PUT_BLOCK {blockData=[blockId=conID: 3 locID: 102704236127584863 bcsId: 0,size=3145728]} | ret=SUCCESS |  
2019-08-30 05:17:54,956 [grpc-default-executor-3] INFO  client.GrpcClientProtocolClient (GrpcClientProtocolClient.java:onNext(255)) - client-574492D41EE7->134d4672-e322-4e4b-b7f3-5645abb0fe8c: receive RaftClientReply:client-574492D41EE7->134d4672-e322-4e4b-b7f3-5645abb0fe8c@group-3CB1DFFBCDC2, cid=2642, SUCCESS, logIndex=3933, commits[134d4672-e322-4e4b-b7f3-5645abb0fe8c:c3934, 73af84f3-3e88-4c8c-894c-3ad307bcac8d:c3932, 730a25a1-dbec-44ed-975b-a44ab0096beb:c3932]
2019-08-30 05:17:54,956 [grpc-default-executor-3] INFO  client.GrpcClientProtocolClient (GrpcClientProtocolClient.java:onNext(255)) - client-574492D41EE7->134d4672-e322-4e4b-b7f3-5645abb0fe8c: receive RaftClientReply:client-574492D41EE7->134d4672-e322-4e4b-b7f3-5645abb0fe8c@group-3CB1DFFBCDC2, cid=2643, SUCCESS, logIndex=3934, commits[134d4672-e322-4e4b-b7f3-5645abb0fe8c:c3934, 73af84f3-3e88-4c8c-894c-3ad307bcac8d:c3932, 730a25a1-dbec-44ed-975b-a44ab0096beb:c3932]
2019-08-30 05:17:54,963 | INFO  | DNAudit | user=null | ip=null | op=WRITE_CHUNK {blockData=conID: 3 locID: 102704236127584863 bcsId: 3934} | ret=SUCCESS |  
2019-08-30 05:17:54,966 | INFO  | DNAudit | user=null | ip=null | op=WRITE_CHUNK {blockData=conID: 3 locID: 102704236127584863 bcsId: 3934} | ret=SUCCESS |  
2019-08-30 05:17:54,966 | INFO  | DNAudit | user=null | ip=null | op=WRITE_CHUNK {blockData=conID: 3 locID: 102704236127584863 bcsId: 3934} | ret=SUCCESS |  
2019-08-30 05:17:54,966 | INFO  | DNAudit | user=null | ip=null | op=WRITE_CHUNK {blockData=conID: 3 locID: 102704236127584863 bcsId: 3928} | ret=SUCCESS |  
2019-08-30 05:17:54,966 | INFO  | DNAudit | user=null | ip=null | op=WRITE_CHUNK {blockData=conID: 3 locID: 102704236127584863 bcsId: 3928} | ret=SUCCESS |  
2019-08-30 05:17:54,969 | INFO  | DNAudit | user=null | ip=null | op=PUT_BLOCK {blockData=[blockId=conID: 3 locID: 102704236127584863 bcsId: 0,size=3145728]} | ret=SUCCESS |  
2019-08-30 05:17:54,969 | INFO  | DNAudit | user=null | ip=null | op=PUT_BLOCK {blockData=[blockId=conID: 3 locID: 102704236127584863 bcsId: 0,size=3145728]} | ret=SUCCESS |  
2019-08-30 05:17:54,969 | INFO  | DNAudit | user=null | ip=null | op=WRITE_CHUNK {blockData=conID: 3 locID: 102704236127584863 bcsId: 3934} | ret=SUCCESS |  
2019-08-30 05:17:54,970 | INFO  | DNAudit | user=null | ip=null | op=PUT_BLOCK {blockData=[blockId=conID: 3 locID: 102704236127584863 bcsId: 0,size=4194304]} | ret=SUCCESS |  
2019-08-30 05:17:54,970 [grpc-default-executor-5] INFO  client.GrpcClientProtocolClient (GrpcClientProtocolClient.java:onNext(255)) - client-574492D41EE7->134d4672-e322-4e4b-b7f3-5645abb0fe8c: receive RaftClientReply:client-574492D41EE7->134d4672-e322-4e4b-b7f3-5645abb0fe8c@group-3CB1DFFBCDC2, cid=2644, SUCCESS, logIndex=3937, commits[134d4672-e322-4e4b-b7f3-5645abb0fe8c:c3937, 73af84f3-3e88-4c8c-894c-3ad307bcac8d:c3934, 730a25a1-dbec-44ed-975b-a44ab0096beb:c3934]
2019-08-30 05:17:54,970 [grpc-default-executor-5] INFO  client.GrpcClientProtocolClient (GrpcClientProtocolClient.java:onNext(255)) - client-574492D41EE7->134d4672-e322-4e4b-b7f3-5645abb0fe8c: receive RaftClientReply:client-574492D41EE7->134d4672-e322-4e4b-b7f3-5645abb0fe8c@group-3CB1DFFBCDC2, cid=2645, SUCCESS, logIndex=3938, commits[134d4672-e322-4e4b-b7f3-5645abb0fe8c:c3938, 73af84f3-3e88-4c8c-894c-3ad307bcac8d:c3934, 730a25a1-dbec-44ed-975b-a44ab0096beb:c3934]
2019-08-30 05:17:54,981 | INFO  | DNAudit | user=null | ip=null | op=WRITE_CHUNK {blockData=conID: 3 locID: 102704236127584863 bcsId: 3934} | ret=SUCCESS |  
2019-08-30 05:17:54,981 | INFO  | DNAudit | user=null | ip=null | op=WRITE_CHUNK {blockData=conID: 3 locID: 102704236127584863 bcsId: 3934} | ret=SUCCESS |  
2019-08-30 05:17:54,982 | INFO  | DNAudit | user=null | ip=null | op=PUT_BLOCK {blockData=[blockId=conID: 3 locID: 102704236127584863 bcsId: 0,size=4194304]} | ret=SUCCESS |  
2019-08-30 05:17:54,982 | INFO  | DNAudit | user=null | ip=null | op=PUT_BLOCK {blockData=[blockId=conID: 3 locID: 102704236127584863 bcsId: 0,size=4194304]} | ret=SUCCESS |  
2019-08-30 05:17:54,982 [grpc-default-executor-5] INFO  client.GrpcClientProtocolClient (GrpcClientProtocolClient.java:onNext(255)) - client-574492D41EE7->134d4672-e322-4e4b-b7f3-5645abb0fe8c: receive RaftClientReply:client-574492D41EE7->134d4672-e322-4e4b-b7f3-5645abb0fe8c@group-3CB1DFFBCDC2, cid=2646, SUCCESS, logIndex=0, commits[134d4672-e322-4e4b-b7f3-5645abb0fe8c:c3940, 73af84f3-3e88-4c8c-894c-3ad307bcac8d:c3938, 730a25a1-dbec-44ed-975b-a44ab0096beb:c3938]
2019-08-30 05:17:54,987 | INFO  | SCMAudit | user=jenkins1000 | ip=192.168.36.106 | op=ALLOCATE_BLOCK {owner=85755eb5-052d-48fa-b271-2fe4d8754e12, size=4194304, type=RATIS, factor=THREE} | ret=SUCCESS |  
2019-08-30 05:17:54,989 | INFO  | OMAudit | user=jenkins1000 | ip=127.0.0.1 | op=ALLOCATE_BLOCK {volume=vol-0-00977, bucket=bucket-0-44205, key=key-0-32850, dataSize=0, replicationType=null, replicationFactor=null, keyLocationInfo=null, clientID=102704234570776978} | ret=SUCCESS |  
2019-08-30 05:17:54,997 | INFO  | DNAudit | user=null | ip=null | op=WRITE_CHUNK {blockData=conID: 1 locID: 102704236133548640 bcsId: 0} | ret=SUCCESS |  
2019-08-30 05:17:55,000 | INFO  | DNAudit | user=null | ip=null | op=WRITE_CHUNK {blockData=conID: 1 locID: 102704236133548640 bcsId: 0} | ret=SUCCESS |  
2019-08-30 05:17:55,000 | INFO  | DNAudit | user=null | ip=null | op=WRITE_CHUNK {blockData=conID: 1 locID: 102704236133548640 bcsId: 0} | ret=SUCCESS |  
2019-08-30 05:17:55,000 | INFO  | DNAudit | user=null | ip=null | op=WRITE_CHUNK {blockData=conID: 1 locID: 102704236133548640 bcsId: 0} | ret=SUCCESS |  
2019-08-30 05:17:55,001 | INFO  | DNAudit | user=null | ip=null | op=WRITE_CHUNK {blockData=conID: 1 locID: 102704236133548640 bcsId: 0} | ret=SUCCESS |  
2019-08-30 05:17:55,002 | INFO  | DNAudit | user=null | ip=null | op=WRITE_CHUNK {blockData=conID: 1 locID: 102704236133548640 bcsId: 0} | ret=SUCCESS |  
2019-08-30 05:17:55,010 | INFO  | DNAudit | user=null | ip=null | op=WRITE_CHUNK {blockData=conID: 1 locID: 102704236133548640 bcsId: 0} | ret=SUCCESS |  
2019-08-30 05:17:55,010 | INFO  | DNAudit | user=null | ip=null | op=PUT_BLOCK {blockData=[blockId=conID: 1 locID: 102704236133548640 bcsId: 0,size=1048576]} | ret=SUCCESS |  
2019-08-30 05:17:55,010 [grpc-default-executor-5] INFO  client.GrpcClientProtocolClient (GrpcClientProtocolClient.java:onNext(255)) - client-574492D41EE7->134d4672-e322-4e4b-b7f3-5645abb0fe8c: receive RaftClientReply:client-574492D41EE7->134d4672-e322-4e4b-b7f3-5645abb0fe8c@group-3CB1DFFBCDC2, cid=2647, SUCCESS, logIndex=3941, commits[134d4672-e322-4e4b-b7f3-5645abb0fe8c:c3943, 73af84f3-3e88-4c8c-894c-3ad307bcac8d:c3940, 730a25a1-dbec-44ed-975b-a44ab0096beb:c3940]
2019-08-30 05:17:55,011 | INFO  | DNAudit | user=null | ip=null | op=WRITE_CHUNK {blockData=conID: 1 locID: 102704236133548640 bcsId: 0} | ret=SUCCESS |  
2019-08-30 05:17:55,011 | INFO  | DNAudit | user=null | ip=null | op=PUT_BLOCK {blockData=[blockId=conID: 1 locID: 102704236133548640 bcsId: 0,size=2097152]} | ret=SUCCESS |  
2019-08-30 05:17:55,011 [grpc-default-executor-5] INFO  client.GrpcClientProtocolClient (GrpcClientProtocolClient.java:onNext(255)) - client-574492D41EE7->134d4672-e322-4e4b-b7f3-5645abb0fe8c: receive RaftClientReply:client-574492D41EE7->134d4672-e322-4e4b-b7f3-5645abb0fe8c@group-3CB1DFFBCDC2, cid=2648, SUCCESS, logIndex=3942, commits[134d4672-e322-4e4b-b7f3-5645abb0fe8c:c3944, 73af84f3-3e88-4c8c-894c-3ad307bcac8d:c3940, 730a25a1-dbec-44ed-975b-a44ab0096beb:c3940]
2019-08-30 05:17:55,012 [grpc-default-executor-5] INFO  client.GrpcClientProtocolClient (GrpcClientProtocolClient.java:onNext(255)) - client-574492D41EE7->134d4672-e322-4e4b-b7f3-5645abb0fe8c: receive RaftClientReply:client-574492D41EE7->134d4672-e322-4e4b-b7f3-5645abb0fe8c@group-3CB1DFFBCDC2, cid=2649, SUCCESS, logIndex=3943, commits[134d4672-e322-4e4b-b7f3-5645abb0fe8c:c3944, 73af84f3-3e88-4c8c-894c-3ad307bcac8d:c3940, 730a25a1-dbec-44ed-975b-a44ab0096beb:c3940]
2019-08-30 05:17:55,012 [grpc-default-executor-5] INFO  client.GrpcClientProtocolClient (GrpcClientProtocolClient.java:onNext(255)) - client-574492D41EE7->134d4672-e322-4e4b-b7f3-5645abb0fe8c: receive RaftClientReply:client-574492D41EE7->134d4672-e322-4e4b-b7f3-5645abb0fe8c@group-3CB1DFFBCDC2, cid=2650, SUCCESS, logIndex=3944, commits[134d4672-e322-4e4b-b7f3-5645abb0fe8c:c3944, 73af84f3-3e88-4c8c-894c-3ad307bcac8d:c3940, 730a25a1-dbec-44ed-975b-a44ab0096beb:c3940]
2019-08-30 05:17:55,021 | INFO  | DNAudit | user=null | ip=null | op=WRITE_CHUNK {blockData=conID: 1 locID: 102704236133548640 bcsId: 0} | ret=SUCCESS |  
2019-08-30 05:17:55,021 | INFO  | DNAudit | user=null | ip=null | op=PUT_BLOCK {blockData=[blockId=conID: 1 locID: 102704236133548640 bcsId: 0,size=1048576]} | ret=SUCCESS |  
2019-08-30 05:17:55,023 | INFO  | DNAudit | user=null | ip=null | op=WRITE_CHUNK {blockData=conID: 1 locID: 102704236133548640 bcsId: 0} | ret=SUCCESS |  
2019-08-30 05:17:55,023 | INFO  | DNAudit | user=null | ip=null | op=PUT_BLOCK {blockData=[blockId=conID: 1 locID: 102704236133548640 bcsId: 0,size=1048576]} | ret=SUCCESS |  
2019-08-30 05:17:55,023 [grpc-default-executor-5] INFO  client.GrpcClientProtocolClient (GrpcClientProtocolClient.java:onNext(255)) - client-574492D41EE7->134d4672-e322-4e4b-b7f3-5645abb0fe8c: receive RaftClientReply:client-574492D41EE7->134d4672-e322-4e4b-b7f3-5645abb0fe8c@group-3CB1DFFBCDC2, cid=2651, SUCCESS, logIndex=0, commits[134d4672-e322-4e4b-b7f3-5645abb0fe8c:c3946, 73af84f3-3e88-4c8c-894c-3ad307bcac8d:c3942, 730a25a1-dbec-44ed-975b-a44ab0096beb:c3942]
2019-08-30 05:17:55,030 | INFO  | DNAudit | user=null | ip=null | op=WRITE_CHUNK {blockData=conID: 1 locID: 102704236133548640 bcsId: 3944} | ret=SUCCESS |  
2019-08-30 05:17:55,032 | INFO  | DNAudit | user=null | ip=null | op=WRITE_CHUNK {blockData=conID: 1 locID: 102704236133548640 bcsId: 3944} | ret=SUCCESS |  
2019-08-30 05:17:55,032 | INFO  | DNAudit | user=null | ip=null | op=WRITE_CHUNK {blockData=conID: 1 locID: 102704236133548640 bcsId: 3944} | ret=SUCCESS |  
2019-08-30 05:17:55,034 | INFO  | DNAudit | user=null | ip=null | op=WRITE_CHUNK {blockData=conID: 1 locID: 102704236133548640 bcsId: 0} | ret=SUCCESS |  
2019-08-30 05:17:55,035 | INFO  | DNAudit | user=null | ip=null | op=PUT_BLOCK {blockData=[blockId=conID: 1 locID: 102704236133548640 bcsId: 0,size=2097152]} | ret=SUCCESS |  
2019-08-30 05:17:55,036 | INFO  | DNAudit | user=null | ip=null | op=WRITE_CHUNK {blockData=conID: 1 locID: 102704236133548640 bcsId: 0} | ret=SUCCESS |  
2019-08-30 05:17:55,036 | INFO  | DNAudit | user=null | ip=null | op=PUT_BLOCK {blockData=[blockId=conID: 1 locID: 102704236133548640 bcsId: 0,size=2097152]} | ret=SUCCESS |  
2019-08-30 05:17:55,048 | INFO  | DNAudit | user=null | ip=null | op=WRITE_CHUNK {blockData=conID: 1 locID: 102704236133548640 bcsId: 3944} | ret=SUCCESS |  
2019-08-30 05:17:55,048 | INFO  | DNAudit | user=null | ip=null | op=PUT_BLOCK {blockData=[blockId=conID: 1 locID: 102704236133548640 bcsId: 0,size=3145728]} | ret=SUCCESS |  
2019-08-30 05:17:55,048 [grpc-default-executor-5] INFO  client.GrpcClientProtocolClient (GrpcClientProtocolClient.java:onNext(255)) - client-574492D41EE7->134d4672-e322-4e4b-b7f3-5645abb0fe8c: receive RaftClientReply:client-574492D41EE7->134d4672-e322-4e4b-b7f3-5645abb0fe8c@group-3CB1DFFBCDC2, cid=2652, SUCCESS, logIndex=3949, commits[134d4672-e322-4e4b-b7f3-5645abb0fe8c:c3950, 73af84f3-3e88-4c8c-894c-3ad307bcac8d:c3946, 730a25a1-dbec-44ed-975b-a44ab0096beb:c3946]
2019-08-30 05:17:55,049 [grpc-default-executor-5] INFO  client.GrpcClientProtocolClient (GrpcClientProtocolClient.java:onNext(255)) - client-574492D41EE7->134d4672-e322-4e4b-b7f3-5645abb0fe8c: receive RaftClientReply:client-574492D41EE7->134d4672-e322-4e4b-b7f3-5645abb0fe8c@group-3CB1DFFBCDC2, cid=2653, SUCCESS, logIndex=3950, commits[134d4672-e322-4e4b-b7f3-5645abb0fe8c:c3950, 73af84f3-3e88-4c8c-894c-3ad307bcac8d:c3946, 730a25a1-dbec-44ed-975b-a44ab0096beb:c3946]
2019-08-30 05:17:55,051 | INFO  | DNAudit | user=null | ip=null | op=WRITE_CHUNK {blockData=conID: 1 locID: 102704236133548640 bcsId: 3944} | ret=SUCCESS |  
2019-08-30 05:17:55,051 | INFO  | DNAudit | user=null | ip=null | op=WRITE_CHUNK {blockData=conID: 1 locID: 102704236133548640 bcsId: 3944} | ret=SUCCESS |  
2019-08-30 05:17:55,051 | INFO  | DNAudit | user=null | ip=null | op=PUT_BLOCK {blockData=[blockId=conID: 1 locID: 102704236133548640 bcsId: 0,size=3145728]} | ret=SUCCESS |  
2019-08-30 05:17:55,055 | INFO  | DNAudit | user=null | ip=null | op=WRITE_CHUNK {blockData=conID: 1 locID: 102704236133548640 bcsId: 3950} | ret=SUCCESS |  
2019-08-30 05:17:55,058 | INFO  | DNAudit | user=null | ip=null | op=WRITE_CHUNK {blockData=conID: 1 locID: 102704236133548640 bcsId: 3950} | ret=SUCCESS |  
2019-08-30 05:17:55,058 | INFO  | DNAudit | user=null | ip=null | op=WRITE_CHUNK {blockData=conID: 1 locID: 102704236133548640 bcsId: 3950} | ret=SUCCESS |  
2019-08-30 05:17:55,062 | INFO  | DNAudit | user=null | ip=null | op=PUT_BLOCK {blockData=[blockId=conID: 1 locID: 102704236133548640 bcsId: 0,size=3145728]} | ret=SUCCESS |  
2019-08-30 05:17:55,065 | INFO  | DNAudit | user=null | ip=null | op=WRITE_CHUNK {blockData=conID: 1 locID: 102704236133548640 bcsId: 3950} | ret=SUCCESS |  
2019-08-30 05:17:55,066 | INFO  | DNAudit | user=null | ip=null | op=PUT_BLOCK {blockData=[blockId=conID: 1 locID: 102704236133548640 bcsId: 0,size=4194304]} | ret=SUCCESS |  
2019-08-30 05:17:55,066 [grpc-default-executor-3] INFO  client.GrpcClientProtocolClient (GrpcClientProtocolClient.java:onNext(255)) - client-574492D41EE7->134d4672-e322-4e4b-b7f3-5645abb0fe8c: receive RaftClientReply:client-574492D41EE7->134d4672-e322-4e4b-b7f3-5645abb0fe8c@group-3CB1DFFBCDC2, cid=2654, SUCCESS, logIndex=3953, commits[134d4672-e322-4e4b-b7f3-5645abb0fe8c:c3954, 73af84f3-3e88-4c8c-894c-3ad307bcac8d:c3951, 730a25a1-dbec-44ed-975b-a44ab0096beb:c3951]
2019-08-30 05:17:55,066 [grpc-default-executor-3] INFO  client.GrpcClientProtocolClient (GrpcClientProtocolClient.java:onNext(255)) - client-574492D41EE7->134d4672-e322-4e4b-b7f3-5645abb0fe8c: receive RaftClientReply:client-574492D41EE7->134d4672-e322-4e4b-b7f3-5645abb0fe8c@group-3CB1DFFBCDC2, cid=2655, SUCCESS, logIndex=3954, commits[134d4672-e322-4e4b-b7f3-5645abb0fe8c:c3954, 73af84f3-3e88-4c8c-894c-3ad307bcac8d:c3951, 730a25a1-dbec-44ed-975b-a44ab0096beb:c3951]
2019-08-30 05:17:55,067 | INFO  | DNAudit | user=null | ip=null | op=WRITE_CHUNK {blockData=conID: 1 locID: 102704236133548640 bcsId: 3950} | ret=SUCCESS |  
2019-08-30 05:17:55,067 | INFO  | DNAudit | user=null | ip=null | op=WRITE_CHUNK {blockData=conID: 1 locID: 102704236133548640 bcsId: 3950} | ret=SUCCESS |  
2019-08-30 05:17:55,068 | INFO  | DNAudit | user=null | ip=null | op=PUT_BLOCK {blockData=[blockId=conID: 1 locID: 102704236133548640 bcsId: 0,size=4194304]} | ret=SUCCESS |  
2019-08-30 05:17:55,069 | INFO  | DNAudit | user=null | ip=null | op=PUT_BLOCK {blockData=[blockId=conID: 1 locID: 102704236133548640 bcsId: 0,size=4194304]} | ret=SUCCESS |  
2019-08-30 05:17:55,069 [grpc-default-executor-3] INFO  client.GrpcClientProtocolClient (GrpcClientProtocolClient.java:onNext(255)) - client-574492D41EE7->134d4672-e322-4e4b-b7f3-5645abb0fe8c: receive RaftClientReply:client-574492D41EE7->134d4672-e322-4e4b-b7f3-5645abb0fe8c@group-3CB1DFFBCDC2, cid=2656, SUCCESS, logIndex=0, commits[134d4672-e322-4e4b-b7f3-5645abb0fe8c:c3956, 73af84f3-3e88-4c8c-894c-3ad307bcac8d:c3954, 730a25a1-dbec-44ed-975b-a44ab0096beb:c3954]
2019-08-30 05:17:55,074 | INFO  | SCMAudit | user=jenkins1000 | ip=192.168.36.106 | op=ALLOCATE_BLOCK {owner=85755eb5-052d-48fa-b271-2fe4d8754e12, size=4194304, type=RATIS, factor=THREE} | ret=SUCCESS |  
2019-08-30 05:17:55,077 | INFO  | OMAudit | user=jenkins1000 | ip=127.0.0.1 | op=ALLOCATE_BLOCK {volume=vol-0-00977, bucket=bucket-0-44205, key=key-0-32850, dataSize=0, replicationType=null, replicationFactor=null, keyLocationInfo=null, clientID=102704234570776978} | ret=SUCCESS |  
2019-08-30 05:17:55,083 | INFO  | DNAudit | user=null | ip=null | op=WRITE_CHUNK {blockData=conID: 2 locID: 102704236139250273 bcsId: 0} | ret=SUCCESS |  
2019-08-30 05:17:55,085 | INFO  | DNAudit | user=null | ip=null | op=WRITE_CHUNK {blockData=conID: 2 locID: 102704236139250273 bcsId: 0} | ret=SUCCESS |  
2019-08-30 05:17:55,085 | INFO  | DNAudit | user=null | ip=null | op=WRITE_CHUNK {blockData=conID: 2 locID: 102704236139250273 bcsId: 0} | ret=SUCCESS |  
2019-08-30 05:17:55,086 | INFO  | DNAudit | user=null | ip=null | op=WRITE_CHUNK {blockData=conID: 2 locID: 102704236139250273 bcsId: 0} | ret=SUCCESS |  
2019-08-30 05:17:55,087 | INFO  | DNAudit | user=null | ip=null | op=WRITE_CHUNK {blockData=conID: 2 locID: 102704236139250273 bcsId: 0} | ret=SUCCESS |  
2019-08-30 05:17:55,087 | INFO  | DNAudit | user=null | ip=null | op=WRITE_CHUNK {blockData=conID: 2 locID: 102704236139250273 bcsId: 0} | ret=SUCCESS |  
2019-08-30 05:17:55,094 | INFO  | DNAudit | user=null | ip=null | op=WRITE_CHUNK {blockData=conID: 2 locID: 102704236139250273 bcsId: 0} | ret=SUCCESS |  
2019-08-30 05:17:55,095 | INFO  | DNAudit | user=null | ip=null | op=PUT_BLOCK {blockData=[blockId=conID: 2 locID: 102704236139250273 bcsId: 0,size=1048576]} | ret=SUCCESS |  
2019-08-30 05:17:55,095 | INFO  | DNAudit | user=null | ip=null | op=WRITE_CHUNK {blockData=conID: 2 locID: 102704236139250273 bcsId: 0} | ret=SUCCESS |  
2019-08-30 05:17:55,095 [grpc-default-executor-3] INFO  client.GrpcClientProtocolClient (GrpcClientProtocolClient.java:onNext(255)) - client-574492D41EE7->134d4672-e322-4e4b-b7f3-5645abb0fe8c: receive RaftClientReply:client-574492D41EE7->134d4672-e322-4e4b-b7f3-5645abb0fe8c@group-3CB1DFFBCDC2, cid=2657, SUCCESS, logIndex=3957, commits[134d4672-e322-4e4b-b7f3-5645abb0fe8c:c3959, 73af84f3-3e88-4c8c-894c-3ad307bcac8d:c3956, 730a25a1-dbec-44ed-975b-a44ab0096beb:c3956]
2019-08-30 05:17:55,095 [grpc-default-executor-3] INFO  client.GrpcClientProtocolClient (GrpcClientProtocolClient.java:onNext(255)) - client-574492D41EE7->134d4672-e322-4e4b-b7f3-5645abb0fe8c: receive RaftClientReply:client-574492D41EE7->134d4672-e322-4e4b-b7f3-5645abb0fe8c@group-3CB1DFFBCDC2, cid=2658, SUCCESS, logIndex=3958, commits[134d4672-e322-4e4b-b7f3-5645abb0fe8c:c3960, 73af84f3-3e88-4c8c-894c-3ad307bcac8d:c3956, 730a25a1-dbec-44ed-975b-a44ab0096beb:c3956]
2019-08-30 05:17:55,095 | INFO  | DNAudit | user=null | ip=null | op=PUT_BLOCK {blockData=[blockId=conID: 2 locID: 102704236139250273 bcsId: 0,size=2097152]} | ret=SUCCESS |  
2019-08-30 05:17:55,095 | INFO  | DNAudit | user=null | ip=null | op=WRITE_CHUNK {blockData=conID: 2 locID: 102704236139250273 bcsId: 0} | ret=SUCCESS |  
2019-08-30 05:17:55,096 [grpc-default-executor-3] INFO  client.GrpcClientProtocolClient (GrpcClientProtocolClient.java:onNext(255)) - client-574492D41EE7->134d4672-e322-4e4b-b7f3-5645abb0fe8c: receive RaftClientReply:client-574492D41EE7->134d4672-e322-4e4b-b7f3-5645abb0fe8c@group-3CB1DFFBCDC2, cid=2659, SUCCESS, logIndex=3959, commits[134d4672-e322-4e4b-b7f3-5645abb0fe8c:c3960, 73af84f3-3e88-4c8c-894c-3ad307bcac8d:c3956, 730a25a1-dbec-44ed-975b-a44ab0096beb:c3956]
2019-08-30 05:17:55,096 [grpc-default-executor-3] INFO  client.GrpcClientProtocolClient (GrpcClientProtocolClient.java:onNext(255)) - client-574492D41EE7->134d4672-e322-4e4b-b7f3-5645abb0fe8c: receive RaftClientReply:client-574492D41EE7->134d4672-e322-4e4b-b7f3-5645abb0fe8c@group-3CB1DFFBCDC2, cid=2660, SUCCESS, logIndex=3960, commits[134d4672-e322-4e4b-b7f3-5645abb0fe8c:c3961, 73af84f3-3e88-4c8c-894c-3ad307bcac8d:c3957, 730a25a1-dbec-44ed-975b-a44ab0096beb:c3956]
2019-08-30 05:17:55,098 | INFO  | DNAudit | user=null | ip=null | op=WRITE_CHUNK {blockData=conID: 2 locID: 102704236139250273 bcsId: 0} | ret=SUCCESS |  
2019-08-30 05:17:55,098 | INFO  | DNAudit | user=null | ip=null | op=PUT_BLOCK {blockData=[blockId=conID: 2 locID: 102704236139250273 bcsId: 0,size=1048576]} | ret=SUCCESS |  
2019-08-30 05:17:55,099 | INFO  | DNAudit | user=null | ip=null | op=PUT_BLOCK {blockData=[blockId=conID: 2 locID: 102704236139250273 bcsId: 0,size=1048576]} | ret=SUCCESS |  
2019-08-30 05:17:55,099 | INFO  | DNAudit | user=null | ip=null | op=WRITE_CHUNK {blockData=conID: 2 locID: 102704236139250273 bcsId: 0} | ret=SUCCESS |  
2019-08-30 05:17:55,099 | INFO  | DNAudit | user=null | ip=null | op=PUT_BLOCK {blockData=[blockId=conID: 2 locID: 102704236139250273 bcsId: 0,size=2097152]} | ret=SUCCESS |  
2019-08-30 05:17:55,099 [grpc-default-executor-3] INFO  client.GrpcClientProtocolClient (GrpcClientProtocolClient.java:onNext(255)) - client-574492D41EE7->134d4672-e322-4e4b-b7f3-5645abb0fe8c: receive RaftClientReply:client-574492D41EE7->134d4672-e322-4e4b-b7f3-5645abb0fe8c@group-3CB1DFFBCDC2, cid=2661, SUCCESS, logIndex=0, commits[134d4672-e322-4e4b-b7f3-5645abb0fe8c:c3962, 73af84f3-3e88-4c8c-894c-3ad307bcac8d:c3958, 730a25a1-dbec-44ed-975b-a44ab0096beb:c3958]
2019-08-30 05:17:55,100 | INFO  | DNAudit | user=null | ip=null | op=WRITE_CHUNK {blockData=conID: 2 locID: 102704236139250273 bcsId: 0} | ret=SUCCESS |  
2019-08-30 05:17:55,100 | INFO  | DNAudit | user=null | ip=null | op=PUT_BLOCK {blockData=[blockId=conID: 2 locID: 102704236139250273 bcsId: 0,size=2097152]} | ret=SUCCESS |  
2019-08-30 05:17:55,105 | INFO  | DNAudit | user=null | ip=null | op=WRITE_CHUNK {blockData=conID: 2 locID: 102704236139250273 bcsId: 3960} | ret=SUCCESS |  
2019-08-30 05:17:55,107 | INFO  | DNAudit | user=null | ip=null | op=WRITE_CHUNK {blockData=conID: 2 locID: 102704236139250273 bcsId: 3960} | ret=SUCCESS |  
2019-08-30 05:17:55,107 | INFO  | DNAudit | user=null | ip=null | op=WRITE_CHUNK {blockData=conID: 2 locID: 102704236139250273 bcsId: 3960} | ret=SUCCESS |  
2019-08-30 05:17:55,121 | INFO  | DNAudit | user=null | ip=null | op=WRITE_CHUNK {blockData=conID: 2 locID: 102704236139250273 bcsId: 3960} | ret=SUCCESS |  
2019-08-30 05:17:55,121 | INFO  | DNAudit | user=null | ip=null | op=PUT_BLOCK {blockData=[blockId=conID: 2 locID: 102704236139250273 bcsId: 0,size=3145728]} | ret=SUCCESS |  
2019-08-30 05:17:55,121 [grpc-default-executor-6] INFO  client.GrpcClientProtocolClient (GrpcClientProtocolClient.java:onNext(255)) - client-574492D41EE7->134d4672-e322-4e4b-b7f3-5645abb0fe8c: receive RaftClientReply:client-574492D41EE7->134d4672-e322-4e4b-b7f3-5645abb0fe8c@group-3CB1DFFBCDC2, cid=2662, SUCCESS, logIndex=3965, commits[134d4672-e322-4e4b-b7f3-5645abb0fe8c:c3966, 73af84f3-3e88-4c8c-894c-3ad307bcac8d:c3964, 730a25a1-dbec-44ed-975b-a44ab0096beb:c3964]
2019-08-30 05:17:55,121 [grpc-default-executor-6] INFO  client.GrpcClientProtocolClient (GrpcClientProtocolClient.java:onNext(255)) - client-574492D41EE7->134d4672-e322-4e4b-b7f3-5645abb0fe8c: receive RaftClientReply:client-574492D41EE7->134d4672-e322-4e4b-b7f3-5645abb0fe8c@group-3CB1DFFBCDC2, cid=2663, SUCCESS, logIndex=3966, commits[134d4672-e322-4e4b-b7f3-5645abb0fe8c:c3966, 73af84f3-3e88-4c8c-894c-3ad307bcac8d:c3964, 730a25a1-dbec-44ed-975b-a44ab0096beb:c3964]
2019-08-30 05:17:55,127 | INFO  | DNAudit | user=null | ip=null | op=WRITE_CHUNK {blockData=conID: 2 locID: 102704236139250273 bcsId: 3966} | ret=SUCCESS |  
2019-08-30 05:17:55,129 | INFO  | DNAudit | user=null | ip=null | op=WRITE_CHUNK {blockData=conID: 2 locID: 102704236139250273 bcsId: 3966} | ret=SUCCESS |  
2019-08-30 05:17:55,129 | INFO  | DNAudit | user=null | ip=null | op=WRITE_CHUNK {blockData=conID: 2 locID: 102704236139250273 bcsId: 3966} | ret=SUCCESS |  
2019-08-30 05:17:55,132 | INFO  | DNAudit | user=null | ip=null | op=WRITE_CHUNK {blockData=conID: 2 locID: 102704236139250273 bcsId: 3960} | ret=SUCCESS |  
2019-08-30 05:17:55,133 | INFO  | DNAudit | user=null | ip=null | op=WRITE_CHUNK {blockData=conID: 2 locID: 102704236139250273 bcsId: 3960} | ret=SUCCESS |  
2019-08-30 05:17:55,133 | INFO  | DNAudit | user=null | ip=null | op=PUT_BLOCK {blockData=[blockId=conID: 2 locID: 102704236139250273 bcsId: 0,size=3145728]} | ret=SUCCESS |  
2019-08-30 05:17:55,134 | INFO  | DNAudit | user=null | ip=null | op=PUT_BLOCK {blockData=[blockId=conID: 2 locID: 102704236139250273 bcsId: 0,size=3145728]} | ret=SUCCESS |  
2019-08-30 05:17:55,134 | INFO  | DNAudit | user=null | ip=null | op=WRITE_CHUNK {blockData=conID: 2 locID: 102704236139250273 bcsId: 3966} | ret=SUCCESS |  
2019-08-30 05:17:55,135 | INFO  | DNAudit | user=null | ip=null | op=PUT_BLOCK {blockData=[blockId=conID: 2 locID: 102704236139250273 bcsId: 0,size=4194304]} | ret=SUCCESS |  
2019-08-30 05:17:55,135 [grpc-default-executor-1] INFO  client.GrpcClientProtocolClient (GrpcClientProtocolClient.java:onNext(255)) - client-574492D41EE7->134d4672-e322-4e4b-b7f3-5645abb0fe8c: receive RaftClientReply:client-574492D41EE7->134d4672-e322-4e4b-b7f3-5645abb0fe8c@group-3CB1DFFBCDC2, cid=2664, SUCCESS, logIndex=3969, commits[134d4672-e322-4e4b-b7f3-5645abb0fe8c:c3970, 73af84f3-3e88-4c8c-894c-3ad307bcac8d:c3966, 730a25a1-dbec-44ed-975b-a44ab0096beb:c3966]
2019-08-30 05:17:55,135 [grpc-default-executor-1] INFO  client.GrpcClientProtocolClient (GrpcClientProtocolClient.java:onNext(255)) - client-574492D41EE7->134d4672-e322-4e4b-b7f3-5645abb0fe8c: receive RaftClientReply:client-574492D41EE7->134d4672-e322-4e4b-b7f3-5645abb0fe8c@group-3CB1DFFBCDC2, cid=2665, SUCCESS, logIndex=3970, commits[134d4672-e322-4e4b-b7f3-5645abb0fe8c:c3970, 73af84f3-3e88-4c8c-894c-3ad307bcac8d:c3966, 730a25a1-dbec-44ed-975b-a44ab0096beb:c3966]
2019-08-30 05:17:55,146 | INFO  | DNAudit | user=null | ip=null | op=WRITE_CHUNK {blockData=conID: 2 locID: 102704236139250273 bcsId: 3966} | ret=SUCCESS |  
2019-08-30 05:17:55,146 | INFO  | DNAudit | user=null | ip=null | op=WRITE_CHUNK {blockData=conID: 2 locID: 102704236139250273 bcsId: 3966} | ret=SUCCESS |  
2019-08-30 05:17:55,148 | INFO  | DNAudit | user=null | ip=null | op=PUT_BLOCK {blockData=[blockId=conID: 2 locID: 102704236139250273 bcsId: 0,size=4194304]} | ret=SUCCESS |  
2019-08-30 05:17:55,148 | INFO  | DNAudit | user=null | ip=null | op=PUT_BLOCK {blockData=[blockId=conID: 2 locID: 102704236139250273 bcsId: 0,size=4194304]} | ret=SUCCESS |  
2019-08-30 05:17:55,149 [grpc-default-executor-3] INFO  client.GrpcClientProtocolClient (GrpcClientProtocolClient.java:onNext(255)) - client-574492D41EE7->134d4672-e322-4e4b-b7f3-5645abb0fe8c: receive RaftClientReply:client-574492D41EE7->134d4672-e322-4e4b-b7f3-5645abb0fe8c@group-3CB1DFFBCDC2, cid=2666, SUCCESS, logIndex=0, commits[134d4672-e322-4e4b-b7f3-5645abb0fe8c:c3972, 73af84f3-3e88-4c8c-894c-3ad307bcac8d:c3970, 730a25a1-dbec-44ed-975b-a44ab0096beb:c3970]
2019-08-30 05:17:55,154 | INFO  | SCMAudit | user=jenkins1000 | ip=192.168.36.106 | op=ALLOCATE_BLOCK {owner=85755eb5-052d-48fa-b271-2fe4d8754e12, size=4194304, type=RATIS, factor=THREE} | ret=SUCCESS |  
2019-08-30 05:17:55,158 | INFO  | OMAudit | user=jenkins1000 | ip=127.0.0.1 | op=ALLOCATE_BLOCK {volume=vol-0-00977, bucket=bucket-0-44205, key=key-0-32850, dataSize=0, replicationType=null, replicationFactor=null, keyLocationInfo=null, clientID=102704234570776978} | ret=SUCCESS |  
2019-08-30 05:17:55,164 | INFO  | DNAudit | user=null | ip=null | op=WRITE_CHUNK {blockData=conID: 3 locID: 102704236144493154 bcsId: 0} | ret=SUCCESS |  
2019-08-30 05:17:55,166 | INFO  | DNAudit | user=null | ip=null | op=WRITE_CHUNK {blockData=conID: 3 locID: 102704236144493154 bcsId: 0} | ret=SUCCESS |  
2019-08-30 05:17:55,166 | INFO  | DNAudit | user=null | ip=null | op=WRITE_CHUNK {blockData=conID: 3 locID: 102704236144493154 bcsId: 0} | ret=SUCCESS |  
2019-08-30 05:17:55,167 | INFO  | DNAudit | user=null | ip=null | op=WRITE_CHUNK {blockData=conID: 3 locID: 102704236144493154 bcsId: 0} | ret=SUCCESS |  
2019-08-30 05:17:55,168 | INFO  | DNAudit | user=null | ip=null | op=WRITE_CHUNK {blockData=conID: 3 locID: 102704236144493154 bcsId: 0} | ret=SUCCESS |  
2019-08-30 05:17:55,169 | INFO  | DNAudit | user=null | ip=null | op=WRITE_CHUNK {blockData=conID: 3 locID: 102704236144493154 bcsId: 0} | ret=SUCCESS |  
2019-08-30 05:17:55,177 | INFO  | DNAudit | user=null | ip=null | op=WRITE_CHUNK {blockData=conID: 3 locID: 102704236144493154 bcsId: 0} | ret=SUCCESS |  
2019-08-30 05:17:55,177 | INFO  | DNAudit | user=null | ip=null | op=PUT_BLOCK {blockData=[blockId=conID: 3 locID: 102704236144493154 bcsId: 0,size=1048576]} | ret=SUCCESS |  
2019-08-30 05:17:55,177 [grpc-default-executor-3] INFO  client.GrpcClientProtocolClient (GrpcClientProtocolClient.java:onNext(255)) - client-574492D41EE7->134d4672-e322-4e4b-b7f3-5645abb0fe8c: receive RaftClientReply:client-574492D41EE7->134d4672-e322-4e4b-b7f3-5645abb0fe8c@group-3CB1DFFBCDC2, cid=2667, SUCCESS, logIndex=3973, commits[134d4672-e322-4e4b-b7f3-5645abb0fe8c:c3974, 73af84f3-3e88-4c8c-894c-3ad307bcac8d:c3972, 730a25a1-dbec-44ed-975b-a44ab0096beb:c3972]
2019-08-30 05:17:55,177 | INFO  | DNAudit | user=null | ip=null | op=WRITE_CHUNK {blockData=conID: 3 locID: 102704236144493154 bcsId: 0} | ret=SUCCESS |  
2019-08-30 05:17:55,178 | INFO  | DNAudit | user=null | ip=null | op=PUT_BLOCK {blockData=[blockId=conID: 3 locID: 102704236144493154 bcsId: 0,size=2097152]} | ret=SUCCESS |  
2019-08-30 05:17:55,178 [grpc-default-executor-3] INFO  client.GrpcClientProtocolClient (GrpcClientProtocolClient.java:onNext(255)) - client-574492D41EE7->134d4672-e322-4e4b-b7f3-5645abb0fe8c: receive RaftClientReply:client-574492D41EE7->134d4672-e322-4e4b-b7f3-5645abb0fe8c@group-3CB1DFFBCDC2, cid=2668, SUCCESS, logIndex=3974, commits[134d4672-e322-4e4b-b7f3-5645abb0fe8c:c3976, 73af84f3-3e88-4c8c-894c-3ad307bcac8d:c3972, 730a25a1-dbec-44ed-975b-a44ab0096beb:c3972]
2019-08-30 05:17:55,178 [grpc-default-executor-3] INFO  client.GrpcClientProtocolClient (GrpcClientProtocolClient.java:onNext(255)) - client-574492D41EE7->134d4672-e322-4e4b-b7f3-5645abb0fe8c: receive RaftClientReply:client-574492D41EE7->134d4672-e322-4e4b-b7f3-5645abb0fe8c@group-3CB1DFFBCDC2, cid=2669, SUCCESS, logIndex=3975, commits[134d4672-e322-4e4b-b7f3-5645abb0fe8c:c3976, 73af84f3-3e88-4c8c-894c-3ad307bcac8d:c3972, 730a25a1-dbec-44ed-975b-a44ab0096beb:c3972]
2019-08-30 05:17:55,178 [grpc-default-executor-3] INFO  client.GrpcClientProtocolClient (GrpcClientProtocolClient.java:onNext(255)) - client-574492D41EE7->134d4672-e322-4e4b-b7f3-5645abb0fe8c: receive RaftClientReply:client-574492D41EE7->134d4672-e322-4e4b-b7f3-5645abb0fe8c@group-3CB1DFFBCDC2, cid=2670, SUCCESS, logIndex=3976, commits[134d4672-e322-4e4b-b7f3-5645abb0fe8c:c3976, 73af84f3-3e88-4c8c-894c-3ad307bcac8d:c3972, 730a25a1-dbec-44ed-975b-a44ab0096beb:c3972]
2019-08-30 05:17:55,179 | INFO  | DNAudit | user=null | ip=null | op=WRITE_CHUNK {blockData=conID: 3 locID: 102704236144493154 bcsId: 0} | ret=SUCCESS |  
2019-08-30 05:17:55,191 | INFO  | DNAudit | user=null | ip=null | op=WRITE_CHUNK {blockData=conID: 3 locID: 102704236144493154 bcsId: 0} | ret=SUCCESS |  
2019-08-30 05:17:55,191 | INFO  | DNAudit | user=null | ip=null | op=PUT_BLOCK {blockData=[blockId=conID: 3 locID: 102704236144493154 bcsId: 0,size=1048576]} | ret=SUCCESS |  
2019-08-30 05:17:55,191 | INFO  | DNAudit | user=null | ip=null | op=PUT_BLOCK {blockData=[blockId=conID: 3 locID: 102704236144493154 bcsId: 0,size=1048576]} | ret=SUCCESS |  
2019-08-30 05:17:55,191 | INFO  | DNAudit | user=null | ip=null | op=WRITE_CHUNK {blockData=conID: 3 locID: 102704236144493154 bcsId: 0} | ret=SUCCESS |  
2019-08-30 05:17:55,191 | INFO  | DNAudit | user=null | ip=null | op=WRITE_CHUNK {blockData=conID: 3 locID: 102704236144493154 bcsId: 0} | ret=SUCCESS |  
2019-08-30 05:17:55,192 | INFO  | DNAudit | user=null | ip=null | op=PUT_BLOCK {blockData=[blockId=conID: 3 locID: 102704236144493154 bcsId: 0,size=2097152]} | ret=SUCCESS |  
2019-08-30 05:17:55,192 | INFO  | DNAudit | user=null | ip=null | op=PUT_BLOCK {blockData=[blockId=conID: 3 locID: 102704236144493154 bcsId: 0,size=2097152]} | ret=SUCCESS |  
2019-08-30 05:17:55,192 [grpc-default-executor-3] INFO  client.GrpcClientProtocolClient (GrpcClientProtocolClient.java:onNext(255)) - client-574492D41EE7->134d4672-e322-4e4b-b7f3-5645abb0fe8c: receive RaftClientReply:client-574492D41EE7->134d4672-e322-4e4b-b7f3-5645abb0fe8c@group-3CB1DFFBCDC2, cid=2671, SUCCESS, logIndex=0, commits[134d4672-e322-4e4b-b7f3-5645abb0fe8c:c3979, 73af84f3-3e88-4c8c-894c-3ad307bcac8d:c3976, 730a25a1-dbec-44ed-975b-a44ab0096beb:c3974]
2019-08-30 05:17:55,197 | INFO  | DNAudit | user=null | ip=null | op=WRITE_CHUNK {blockData=conID: 3 locID: 102704236144493154 bcsId: 3976} | ret=SUCCESS |  
2019-08-30 05:17:55,199 | INFO  | DNAudit | user=null | ip=null | op=WRITE_CHUNK {blockData=conID: 3 locID: 102704236144493154 bcsId: 3976} | ret=SUCCESS |  
2019-08-30 05:17:55,200 | INFO  | DNAudit | user=null | ip=null | op=WRITE_CHUNK {blockData=conID: 3 locID: 102704236144493154 bcsId: 3976} | ret=SUCCESS |  
2019-08-30 05:17:55,211 | INFO  | DNAudit | user=null | ip=null | op=WRITE_CHUNK {blockData=conID: 3 locID: 102704236144493154 bcsId: 3976} | ret=SUCCESS |  
2019-08-30 05:17:55,211 | INFO  | DNAudit | user=null | ip=null | op=PUT_BLOCK {blockData=[blockId=conID: 3 locID: 102704236144493154 bcsId: 0,size=3145728]} | ret=SUCCESS |  
2019-08-30 05:17:55,212 [grpc-default-executor-6] INFO  client.GrpcClientProtocolClient (GrpcClientProtocolClient.java:onNext(255)) - client-574492D41EE7->134d4672-e322-4e4b-b7f3-5645abb0fe8c: receive RaftClientReply:client-574492D41EE7->134d4672-e322-4e4b-b7f3-5645abb0fe8c@group-3CB1DFFBCDC2, cid=2672, SUCCESS, logIndex=3980, commits[134d4672-e322-4e4b-b7f3-5645abb0fe8c:c3981, 73af84f3-3e88-4c8c-894c-3ad307bcac8d:c3979, 730a25a1-dbec-44ed-975b-a44ab0096beb:c3979]
2019-08-30 05:17:55,212 [grpc-default-executor-6] INFO  client.GrpcClientProtocolClient (GrpcClientProtocolClient.java:onNext(255)) - client-574492D41EE7->134d4672-e322-4e4b-b7f3-5645abb0fe8c: receive RaftClientReply:client-574492D41EE7->134d4672-e322-4e4b-b7f3-5645abb0fe8c@group-3CB1DFFBCDC2, cid=2673, SUCCESS, logIndex=3981, commits[134d4672-e322-4e4b-b7f3-5645abb0fe8c:c3981, 73af84f3-3e88-4c8c-894c-3ad307bcac8d:c3979, 730a25a1-dbec-44ed-975b-a44ab0096beb:c3979]
2019-08-30 05:17:55,218 | INFO  | DNAudit | user=null | ip=null | op=WRITE_CHUNK {blockData=conID: 3 locID: 102704236144493154 bcsId: 3981} | ret=SUCCESS |  
2019-08-30 05:17:55,220 | INFO  | DNAudit | user=null | ip=null | op=WRITE_CHUNK {blockData=conID: 3 locID: 102704236144493154 bcsId: 3981} | ret=SUCCESS |  
2019-08-30 05:17:55,220 | INFO  | DNAudit | user=null | ip=null | op=WRITE_CHUNK {blockData=conID: 3 locID: 102704236144493154 bcsId: 3981} | ret=SUCCESS |  
2019-08-30 05:17:55,222 | INFO  | DNAudit | user=null | ip=null | op=WRITE_CHUNK {blockData=conID: 3 locID: 102704236144493154 bcsId: 3976} | ret=SUCCESS |  
2019-08-30 05:17:55,222 | INFO  | DNAudit | user=null | ip=null | op=WRITE_CHUNK {blockData=conID: 3 locID: 102704236144493154 bcsId: 3976} | ret=SUCCESS |  
2019-08-30 05:17:55,225 | INFO  | DNAudit | user=null | ip=null | op=PUT_BLOCK {blockData=[blockId=conID: 3 locID: 102704236144493154 bcsId: 0,size=3145728]} | ret=SUCCESS |  
2019-08-30 05:17:55,225 | INFO  | DNAudit | user=null | ip=null | op=PUT_BLOCK {blockData=[blockId=conID: 3 locID: 102704236144493154 bcsId: 0,size=3145728]} | ret=SUCCESS |  
2019-08-30 05:17:55,226 | INFO  | DNAudit | user=null | ip=null | op=WRITE_CHUNK {blockData=conID: 3 locID: 102704236144493154 bcsId: 3981} | ret=SUCCESS |  
2019-08-30 05:17:55,226 | INFO  | DNAudit | user=null | ip=null | op=PUT_BLOCK {blockData=[blockId=conID: 3 locID: 102704236144493154 bcsId: 0,size=4194304]} | ret=SUCCESS |  
2019-08-30 05:17:55,226 [grpc-default-executor-1] INFO  client.GrpcClientProtocolClient (GrpcClientProtocolClient.java:onNext(255)) - client-574492D41EE7->134d4672-e322-4e4b-b7f3-5645abb0fe8c: receive RaftClientReply:client-574492D41EE7->134d4672-e322-4e4b-b7f3-5645abb0fe8c@group-3CB1DFFBCDC2, cid=2674, SUCCESS, logIndex=3984, commits[134d4672-e322-4e4b-b7f3-5645abb0fe8c:c3985, 73af84f3-3e88-4c8c-894c-3ad307bcac8d:c3981, 730a25a1-dbec-44ed-975b-a44ab0096beb:c3981]
2019-08-30 05:17:55,227 [grpc-default-executor-1] INFO  client.GrpcClientProtocolClient (GrpcClientProtocolClient.java:onNext(255)) - client-574492D41EE7->134d4672-e322-4e4b-b7f3-5645abb0fe8c: receive RaftClientReply:client-574492D41EE7->134d4672-e322-4e4b-b7f3-5645abb0fe8c@group-3CB1DFFBCDC2, cid=2675, SUCCESS, logIndex=3985, commits[134d4672-e322-4e4b-b7f3-5645abb0fe8c:c3985, 73af84f3-3e88-4c8c-894c-3ad307bcac8d:c3981, 730a25a1-dbec-44ed-975b-a44ab0096beb:c3981]
2019-08-30 05:17:55,237 | INFO  | DNAudit | user=null | ip=null | op=WRITE_CHUNK {blockData=conID: 3 locID: 102704236144493154 bcsId: 3981} | ret=SUCCESS |  
2019-08-30 05:17:55,237 | INFO  | DNAudit | user=null | ip=null | op=WRITE_CHUNK {blockData=conID: 3 locID: 102704236144493154 bcsId: 3981} | ret=SUCCESS |  
2019-08-30 05:17:55,238 | INFO  | DNAudit | user=null | ip=null | op=PUT_BLOCK {blockData=[blockId=conID: 3 locID: 102704236144493154 bcsId: 0,size=4194304]} | ret=SUCCESS |  
2019-08-30 05:17:55,238 | INFO  | DNAudit | user=null | ip=null | op=PUT_BLOCK {blockData=[blockId=conID: 3 locID: 102704236144493154 bcsId: 0,size=4194304]} | ret=SUCCESS |  
2019-08-30 05:17:55,238 [grpc-default-executor-1] INFO  client.GrpcClientProtocolClient (GrpcClientProtocolClient.java:onNext(255)) - client-574492D41EE7->134d4672-e322-4e4b-b7f3-5645abb0fe8c: receive RaftClientReply:client-574492D41EE7->134d4672-e322-4e4b-b7f3-5645abb0fe8c@group-3CB1DFFBCDC2, cid=2676, SUCCESS, logIndex=0, commits[134d4672-e322-4e4b-b7f3-5645abb0fe8c:c3986, 73af84f3-3e88-4c8c-894c-3ad307bcac8d:c3985, 730a25a1-dbec-44ed-975b-a44ab0096beb:c3985]
2019-08-30 05:17:55,245 | INFO  | SCMAudit | user=jenkins1000 | ip=192.168.36.106 | op=ALLOCATE_BLOCK {owner=85755eb5-052d-48fa-b271-2fe4d8754e12, size=4194304, type=RATIS, factor=THREE} | ret=SUCCESS |  
2019-08-30 05:17:55,250 | INFO  | OMAudit | user=jenkins1000 | ip=127.0.0.1 | op=ALLOCATE_BLOCK {volume=vol-0-00977, bucket=bucket-0-44205, key=key-0-32850, dataSize=0, replicationType=null, replicationFactor=null, keyLocationInfo=null, clientID=102704234570776978} | ret=SUCCESS |  
2019-08-30 05:17:55,257 | INFO  | DNAudit | user=null | ip=null | op=WRITE_CHUNK {blockData=conID: 1 locID: 102704236150456931 bcsId: 0} | ret=SUCCESS |  
2019-08-30 05:17:55,260 | INFO  | DNAudit | user=null | ip=null | op=WRITE_CHUNK {blockData=conID: 1 locID: 102704236150456931 bcsId: 0} | ret=SUCCESS |  
2019-08-30 05:17:55,260 | INFO  | DNAudit | user=null | ip=null | op=WRITE_CHUNK {blockData=conID: 1 locID: 102704236150456931 bcsId: 0} | ret=SUCCESS |  
2019-08-30 05:17:55,261 | INFO  | DNAudit | user=null | ip=null | op=WRITE_CHUNK {blockData=conID: 1 locID: 102704236150456931 bcsId: 0} | ret=SUCCESS |  
2019-08-30 05:17:55,262 | INFO  | DNAudit | user=null | ip=null | op=WRITE_CHUNK {blockData=conID: 1 locID: 102704236150456931 bcsId: 0} | ret=SUCCESS |  
2019-08-30 05:17:55,262 | INFO  | DNAudit | user=null | ip=null | op=WRITE_CHUNK {blockData=conID: 1 locID: 102704236150456931 bcsId: 0} | ret=SUCCESS |  
2019-08-30 05:17:55,270 | INFO  | DNAudit | user=null | ip=null | op=WRITE_CHUNK {blockData=conID: 1 locID: 102704236150456931 bcsId: 0} | ret=SUCCESS |  
2019-08-30 05:17:55,270 | INFO  | DNAudit | user=null | ip=null | op=PUT_BLOCK {blockData=[blockId=conID: 1 locID: 102704236150456931 bcsId: 0,size=1048576]} | ret=SUCCESS |  
2019-08-30 05:17:55,271 [grpc-default-executor-5] INFO  client.GrpcClientProtocolClient (GrpcClientProtocolClient.java:onNext(255)) - client-574492D41EE7->134d4672-e322-4e4b-b7f3-5645abb0fe8c: receive RaftClientReply:client-574492D41EE7->134d4672-e322-4e4b-b7f3-5645abb0fe8c@group-3CB1DFFBCDC2, cid=2677, SUCCESS, logIndex=3988, commits[134d4672-e322-4e4b-b7f3-5645abb0fe8c:c3989, 73af84f3-3e88-4c8c-894c-3ad307bcac8d:c3987, 730a25a1-dbec-44ed-975b-a44ab0096beb:c3987]
2019-08-30 05:17:55,271 | INFO  | DNAudit | user=null | ip=null | op=WRITE_CHUNK {blockData=conID: 1 locID: 102704236150456931 bcsId: 0} | ret=SUCCESS |  
2019-08-30 05:17:55,271 [grpc-default-executor-5] INFO  client.GrpcClientProtocolClient (GrpcClientProtocolClient.java:onNext(255)) - client-574492D41EE7->134d4672-e322-4e4b-b7f3-5645abb0fe8c: receive RaftClientReply:client-574492D41EE7->134d4672-e322-4e4b-b7f3-5645abb0fe8c@group-3CB1DFFBCDC2, cid=2678, SUCCESS, logIndex=3989, commits[134d4672-e322-4e4b-b7f3-5645abb0fe8c:c3989, 73af84f3-3e88-4c8c-894c-3ad307bcac8d:c3987, 730a25a1-dbec-44ed-975b-a44ab0096beb:c3987]
2019-08-30 05:17:55,272 | INFO  | DNAudit | user=null | ip=null | op=PUT_BLOCK {blockData=[blockId=conID: 1 locID: 102704236150456931 bcsId: 0,size=2097152]} | ret=SUCCESS |  
2019-08-30 05:17:55,272 [grpc-default-executor-5] INFO  client.GrpcClientProtocolClient (GrpcClientProtocolClient.java:onNext(255)) - client-574492D41EE7->134d4672-e322-4e4b-b7f3-5645abb0fe8c: receive RaftClientReply:client-574492D41EE7->134d4672-e322-4e4b-b7f3-5645abb0fe8c@group-3CB1DFFBCDC2, cid=2679, SUCCESS, logIndex=3990, commits[134d4672-e322-4e4b-b7f3-5645abb0fe8c:c3991, 73af84f3-3e88-4c8c-894c-3ad307bcac8d:c3987, 730a25a1-dbec-44ed-975b-a44ab0096beb:c3987]
2019-08-30 05:17:55,272 [grpc-default-executor-5] INFO  client.GrpcClientProtocolClient (GrpcClientProtocolClient.java:onNext(255)) - client-574492D41EE7->134d4672-e322-4e4b-b7f3-5645abb0fe8c: receive RaftClientReply:client-574492D41EE7->134d4672-e322-4e4b-b7f3-5645abb0fe8c@group-3CB1DFFBCDC2, cid=2680, SUCCESS, logIndex=3991, commits[134d4672-e322-4e4b-b7f3-5645abb0fe8c:c3991, 73af84f3-3e88-4c8c-894c-3ad307bcac8d:c3987, 730a25a1-dbec-44ed-975b-a44ab0096beb:c3987]
2019-08-30 05:17:55,272 | INFO  | DNAudit | user=null | ip=null | op=WRITE_CHUNK {blockData=conID: 1 locID: 102704236150456931 bcsId: 0} | ret=SUCCESS |  
2019-08-30 05:17:55,272 | INFO  | DNAudit | user=null | ip=null | op=PUT_BLOCK {blockData=[blockId=conID: 1 locID: 102704236150456931 bcsId: 0,size=1048576]} | ret=SUCCESS |  
2019-08-30 05:17:55,272 | INFO  | DNAudit | user=null | ip=null | op=WRITE_CHUNK {blockData=conID: 1 locID: 102704236150456931 bcsId: 0} | ret=SUCCESS |  
2019-08-30 05:17:55,273 | INFO  | DNAudit | user=null | ip=null | op=PUT_BLOCK {blockData=[blockId=conID: 1 locID: 102704236150456931 bcsId: 0,size=1048576]} | ret=SUCCESS |  
2019-08-30 05:17:55,273 [grpc-default-executor-6] INFO  client.GrpcClientProtocolClient (GrpcClientProtocolClient.java:onNext(255)) - client-574492D41EE7->134d4672-e322-4e4b-b7f3-5645abb0fe8c: receive RaftClientReply:client-574492D41EE7->134d4672-e322-4e4b-b7f3-5645abb0fe8c@group-3CB1DFFBCDC2, cid=2681, SUCCESS, logIndex=0, commits[134d4672-e322-4e4b-b7f3-5645abb0fe8c:c3993, 73af84f3-3e88-4c8c-894c-3ad307bcac8d:c3989, 730a25a1-dbec-44ed-975b-a44ab0096beb:c3989]
2019-08-30 05:17:55,275 | INFO  | DNAudit | user=null | ip=null | op=WRITE_CHUNK {blockData=conID: 1 locID: 102704236150456931 bcsId: 0} | ret=SUCCESS |  
2019-08-30 05:17:55,275 | INFO  | DNAudit | user=null | ip=null | op=WRITE_CHUNK {blockData=conID: 1 locID: 102704236150456931 bcsId: 0} | ret=SUCCESS |  
2019-08-30 05:17:55,275 | INFO  | DNAudit | user=null | ip=null | op=PUT_BLOCK {blockData=[blockId=conID: 1 locID: 102704236150456931 bcsId: 0,size=2097152]} | ret=SUCCESS |  
2019-08-30 05:17:55,276 | INFO  | DNAudit | user=null | ip=null | op=PUT_BLOCK {blockData=[blockId=conID: 1 locID: 102704236150456931 bcsId: 0,size=2097152]} | ret=SUCCESS |  
2019-08-30 05:17:55,278 | INFO  | DNAudit | user=null | ip=null | op=WRITE_CHUNK {blockData=conID: 1 locID: 102704236150456931 bcsId: 3991} | ret=SUCCESS |  
2019-08-30 05:17:55,280 | INFO  | DNAudit | user=null | ip=null | op=WRITE_CHUNK {blockData=conID: 1 locID: 102704236150456931 bcsId: 3991} | ret=SUCCESS |  
2019-08-30 05:17:55,280 | INFO  | DNAudit | user=null | ip=null | op=WRITE_CHUNK {blockData=conID: 1 locID: 102704236150456931 bcsId: 3991} | ret=SUCCESS |  
2019-08-30 05:17:55,291 | INFO  | DNAudit | user=null | ip=null | op=WRITE_CHUNK {blockData=conID: 1 locID: 102704236150456931 bcsId: 3991} | ret=SUCCESS |  
2019-08-30 05:17:55,291 | INFO  | DNAudit | user=null | ip=null | op=PUT_BLOCK {blockData=[blockId=conID: 1 locID: 102704236150456931 bcsId: 0,size=3145728]} | ret=SUCCESS |  
2019-08-30 05:17:55,291 [grpc-default-executor-5] INFO  client.GrpcClientProtocolClient (GrpcClientProtocolClient.java:onNext(255)) - client-574492D41EE7->134d4672-e322-4e4b-b7f3-5645abb0fe8c: receive RaftClientReply:client-574492D41EE7->134d4672-e322-4e4b-b7f3-5645abb0fe8c@group-3CB1DFFBCDC2, cid=2682, SUCCESS, logIndex=3996, commits[134d4672-e322-4e4b-b7f3-5645abb0fe8c:c3997, 73af84f3-3e88-4c8c-894c-3ad307bcac8d:c3995, 730a25a1-dbec-44ed-975b-a44ab0096beb:c3995]
2019-08-30 05:17:55,292 [grpc-default-executor-5] INFO  client.GrpcClientProtocolClient (GrpcClientProtocolClient.java:onNext(255)) - client-574492D41EE7->134d4672-e322-4e4b-b7f3-5645abb0fe8c: receive RaftClientReply:client-574492D41EE7->134d4672-e322-4e4b-b7f3-5645abb0fe8c@group-3CB1DFFBCDC2, cid=2683, SUCCESS, logIndex=3997, commits[134d4672-e322-4e4b-b7f3-5645abb0fe8c:c3997, 73af84f3-3e88-4c8c-894c-3ad307bcac8d:c3995, 730a25a1-dbec-44ed-975b-a44ab0096beb:c3995]
 0.00% |█                                                                                                    |  0/1 Time: 0:00:242019-08-30 05:17:55,414 | INFO  | SCMAudit | user=jenkins1000 | ip=192.168.36.106 | op=SEND_HEARTBEAT {datanodeUUID=ea5d4b6b-4a08-401a-8c59-ecc1ca37daf5, command=[]} | ret=SUCCESS |  
2019-08-30 05:17:55,414 | INFO  | SCMAudit | user=jenkins1000 | ip=192.168.36.106 | op=SEND_HEARTBEAT {datanodeUUID=73af84f3-3e88-4c8c-894c-3ad307bcac8d, command=[]} | ret=SUCCESS |  
2019-08-30 05:17:55,414 | INFO  | SCMAudit | user=jenkins1000 | ip=192.168.36.106 | op=SEND_HEARTBEAT {datanodeUUID=730a25a1-dbec-44ed-975b-a44ab0096beb, command=[]} | ret=SUCCESS |  
2019-08-30 05:17:55,414 | INFO  | SCMAudit | user=jenkins1000 | ip=192.168.36.106 | op=SEND_HEARTBEAT {datanodeUUID=134d4672-e322-4e4b-b7f3-5645abb0fe8c, command=[]} | ret=SUCCESS |  
2019-08-30 05:17:55,414 | INFO  | DNAudit | user=null | ip=null | op=WRITE_CHUNK {blockData=conID: 1 locID: 102704236150456931 bcsId: 3991} | ret=SUCCESS |  
2019-08-30 05:17:55,415 | INFO  | DNAudit | user=null | ip=null | op=WRITE_CHUNK {blockData=conID: 1 locID: 102704236150456931 bcsId: 3991} | ret=SUCCESS |  
2019-08-30 05:17:55,417 | INFO  | DNAudit | user=null | ip=null | op=WRITE_CHUNK {blockData=conID: 1 locID: 102704236150456931 bcsId: 3997} | ret=SUCCESS |  
2019-08-30 05:17:55,420 | INFO  | DNAudit | user=null | ip=null | op=WRITE_CHUNK {blockData=conID: 1 locID: 102704236150456931 bcsId: 3997} | ret=SUCCESS |  
2019-08-30 05:17:55,421 | INFO  | DNAudit | user=null | ip=null | op=WRITE_CHUNK {blockData=conID: 1 locID: 102704236150456931 bcsId: 3997} | ret=SUCCESS |  
2019-08-30 05:17:55,426 | INFO  | DNAudit | user=null | ip=null | op=PUT_BLOCK {blockData=[blockId=conID: 1 locID: 102704236150456931 bcsId: 0,size=3145728]} | ret=SUCCESS |  
2019-08-30 05:17:55,426 | INFO  | DNAudit | user=null | ip=null | op=PUT_BLOCK {blockData=[blockId=conID: 1 locID: 102704236150456931 bcsId: 0,size=3145728]} | ret=SUCCESS |  
2019-08-30 05:17:55,427 | INFO  | DNAudit | user=null | ip=null | op=WRITE_CHUNK {blockData=conID: 1 locID: 102704236150456931 bcsId: 3997} | ret=SUCCESS |  
2019-08-30 05:17:55,427 | INFO  | DNAudit | user=null | ip=null | op=PUT_BLOCK {blockData=[blockId=conID: 1 locID: 102704236150456931 bcsId: 0,size=4194304]} | ret=SUCCESS |  
2019-08-30 05:17:55,428 [grpc-default-executor-5] INFO  client.GrpcClientProtocolClient (GrpcClientProtocolClient.java:onNext(255)) - client-574492D41EE7->134d4672-e322-4e4b-b7f3-5645abb0fe8c: receive RaftClientReply:client-574492D41EE7->134d4672-e322-4e4b-b7f3-5645abb0fe8c@group-3CB1DFFBCDC2, cid=2684, SUCCESS, logIndex=4000, commits[134d4672-e322-4e4b-b7f3-5645abb0fe8c:c4001, 73af84f3-3e88-4c8c-894c-3ad307bcac8d:c3998, 730a25a1-dbec-44ed-975b-a44ab0096beb:c3997]
2019-08-30 05:17:55,428 [grpc-default-executor-5] INFO  client.GrpcClientProtocolClient (GrpcClientProtocolClient.java:onNext(255)) - client-574492D41EE7->134d4672-e322-4e4b-b7f3-5645abb0fe8c: receive RaftClientReply:client-574492D41EE7->134d4672-e322-4e4b-b7f3-5645abb0fe8c@group-3CB1DFFBCDC2, cid=2685, SUCCESS, logIndex=4001, commits[134d4672-e322-4e4b-b7f3-5645abb0fe8c:c4001, 73af84f3-3e88-4c8c-894c-3ad307bcac8d:c3998, 730a25a1-dbec-44ed-975b-a44ab0096beb:c3998]
2019-08-30 05:17:55,429 | INFO  | DNAudit | user=null | ip=null | op=WRITE_CHUNK {blockData=conID: 1 locID: 102704236150456931 bcsId: 3997} | ret=SUCCESS |  
2019-08-30 05:17:55,431 | INFO  | DNAudit | user=null | ip=null | op=WRITE_CHUNK {blockData=conID: 1 locID: 102704236150456931 bcsId: 3997} | ret=SUCCESS |  
2019-08-30 05:17:55,431 | INFO  | DNAudit | user=null | ip=null | op=PUT_BLOCK {blockData=[blockId=conID: 1 locID: 102704236150456931 bcsId: 0,size=4194304]} | ret=SUCCESS |  
2019-08-30 05:17:55,441 | INFO  | DNAudit | user=null | ip=null | op=PUT_BLOCK {blockData=[blockId=conID: 1 locID: 102704236150456931 bcsId: 0,size=4194304]} | ret=SUCCESS |  
2019-08-30 05:17:55,442 [grpc-default-executor-5] INFO  client.GrpcClientProtocolClient (GrpcClientProtocolClient.java:onNext(255)) - client-574492D41EE7->134d4672-e322-4e4b-b7f3-5645abb0fe8c: receive RaftClientReply:client-574492D41EE7->134d4672-e322-4e4b-b7f3-5645abb0fe8c@group-3CB1DFFBCDC2, cid=2686, SUCCESS, logIndex=0, commits[134d4672-e322-4e4b-b7f3-5645abb0fe8c:c4002, 73af84f3-3e88-4c8c-894c-3ad307bcac8d:c4001, 730a25a1-dbec-44ed-975b-a44ab0096beb:c4001]
2019-08-30 05:17:55,448 | INFO  | SCMAudit | user=jenkins1000 | ip=192.168.36.106 | op=ALLOCATE_BLOCK {owner=85755eb5-052d-48fa-b271-2fe4d8754e12, size=4194304, type=RATIS, factor=THREE} | ret=SUCCESS |  
2019-08-30 05:17:55,452 | INFO  | OMAudit | user=jenkins1000 | ip=127.0.0.1 | op=ALLOCATE_BLOCK {volume=vol-0-00977, bucket=bucket-0-44205, key=key-0-32850, dataSize=0, replicationType=null, replicationFactor=null, keyLocationInfo=null, clientID=102704234570776978} | ret=SUCCESS |  
2019-08-30 05:17:55,460 | INFO  | DNAudit | user=null | ip=null | op=WRITE_CHUNK {blockData=conID: 2 locID: 102704236163760740 bcsId: 0} | ret=SUCCESS |  
2019-08-30 05:17:55,463 | INFO  | DNAudit | user=null | ip=null | op=WRITE_CHUNK {blockData=conID: 2 locID: 102704236163760740 bcsId: 0} | ret=SUCCESS |  
2019-08-30 05:17:55,463 | INFO  | DNAudit | user=null | ip=null | op=WRITE_CHUNK {blockData=conID: 2 locID: 102704236163760740 bcsId: 0} | ret=SUCCESS |  
2019-08-30 05:17:55,464 | INFO  | DNAudit | user=null | ip=null | op=WRITE_CHUNK {blockData=conID: 2 locID: 102704236163760740 bcsId: 0} | ret=SUCCESS |  
2019-08-30 05:17:55,466 | INFO  | DNAudit | user=null | ip=null | op=WRITE_CHUNK {blockData=conID: 2 locID: 102704236163760740 bcsId: 0} | ret=SUCCESS |  
2019-08-30 05:17:55,466 | INFO  | DNAudit | user=null | ip=null | op=WRITE_CHUNK {blockData=conID: 2 locID: 102704236163760740 bcsId: 0} | ret=SUCCESS |  
2019-08-30 05:17:55,474 | INFO  | DNAudit | user=null | ip=null | op=WRITE_CHUNK {blockData=conID: 2 locID: 102704236163760740 bcsId: 0} | ret=SUCCESS |  
2019-08-30 05:17:55,475 | INFO  | DNAudit | user=null | ip=null | op=PUT_BLOCK {blockData=[blockId=conID: 2 locID: 102704236163760740 bcsId: 0,size=1048576]} | ret=SUCCESS |  
2019-08-30 05:17:55,475 [grpc-default-executor-1] INFO  client.GrpcClientProtocolClient (GrpcClientProtocolClient.java:onNext(255)) - client-574492D41EE7->134d4672-e322-4e4b-b7f3-5645abb0fe8c: receive RaftClientReply:client-574492D41EE7->134d4672-e322-4e4b-b7f3-5645abb0fe8c@group-3CB1DFFBCDC2, cid=2687, SUCCESS, logIndex=4004, commits[134d4672-e322-4e4b-b7f3-5645abb0fe8c:c4004, 73af84f3-3e88-4c8c-894c-3ad307bcac8d:c4003, 730a25a1-dbec-44ed-975b-a44ab0096beb:c4003]
2019-08-30 05:17:55,475 [grpc-default-executor-1] INFO  client.GrpcClientProtocolClient (GrpcClientProtocolClient.java:onNext(255)) - client-574492D41EE7->134d4672-e322-4e4b-b7f3-5645abb0fe8c: receive RaftClientReply:client-574492D41EE7->134d4672-e322-4e4b-b7f3-5645abb0fe8c@group-3CB1DFFBCDC2, cid=2688, SUCCESS, logIndex=4005, commits[134d4672-e322-4e4b-b7f3-5645abb0fe8c:c4005, 73af84f3-3e88-4c8c-894c-3ad307bcac8d:c4003, 730a25a1-dbec-44ed-975b-a44ab0096beb:c4003]
2019-08-30 05:17:55,485 | INFO  | DNAudit | user=null | ip=null | op=WRITE_CHUNK {blockData=conID: 2 locID: 102704236163760740 bcsId: 0} | ret=SUCCESS |  
2019-08-30 05:17:55,486 | INFO  | DNAudit | user=null | ip=null | op=PUT_BLOCK {blockData=[blockId=conID: 2 locID: 102704236163760740 bcsId: 0,size=2097152]} | ret=SUCCESS |  
2019-08-30 05:17:55,486 [grpc-default-executor-6] INFO  client.GrpcClientProtocolClient (GrpcClientProtocolClient.java:onNext(255)) - client-574492D41EE7->134d4672-e322-4e4b-b7f3-5645abb0fe8c: receive RaftClientReply:client-574492D41EE7->134d4672-e322-4e4b-b7f3-5645abb0fe8c@group-3CB1DFFBCDC2, cid=2689, SUCCESS, logIndex=4006, commits[134d4672-e322-4e4b-b7f3-5645abb0fe8c:c4007, 73af84f3-3e88-4c8c-894c-3ad307bcac8d:c4003, 730a25a1-dbec-44ed-975b-a44ab0096beb:c4003]
2019-08-30 05:17:55,486 | INFO  | DNAudit | user=null | ip=null | op=WRITE_CHUNK {blockData=conID: 2 locID: 102704236163760740 bcsId: 0} | ret=SUCCESS |  
2019-08-30 05:17:55,486 [grpc-default-executor-6] INFO  client.GrpcClientProtocolClient (GrpcClientProtocolClient.java:onNext(255)) - client-574492D41EE7->134d4672-e322-4e4b-b7f3-5645abb0fe8c: receive RaftClientReply:client-574492D41EE7->134d4672-e322-4e4b-b7f3-5645abb0fe8c@group-3CB1DFFBCDC2, cid=2690, SUCCESS, logIndex=4007, commits[134d4672-e322-4e4b-b7f3-5645abb0fe8c:c4007, 73af84f3-3e88-4c8c-894c-3ad307bcac8d:c4003, 730a25a1-dbec-44ed-975b-a44ab0096beb:c4003]
2019-08-30 05:17:55,486 | INFO  | DNAudit | user=null | ip=null | op=PUT_BLOCK {blockData=[blockId=conID: 2 locID: 102704236163760740 bcsId: 0,size=1048576]} | ret=SUCCESS |  
2019-08-30 05:17:55,488 | INFO  | DNAudit | user=null | ip=null | op=WRITE_CHUNK {blockData=conID: 2 locID: 102704236163760740 bcsId: 0} | ret=SUCCESS |  
2019-08-30 05:17:55,489 | INFO  | DNAudit | user=null | ip=null | op=PUT_BLOCK {blockData=[blockId=conID: 2 locID: 102704236163760740 bcsId: 0,size=1048576]} | ret=SUCCESS |  
2019-08-30 05:17:55,489 [grpc-default-executor-6] INFO  client.GrpcClientProtocolClient (GrpcClientProtocolClient.java:onNext(255)) - client-574492D41EE7->134d4672-e322-4e4b-b7f3-5645abb0fe8c: receive RaftClientReply:client-574492D41EE7->134d4672-e322-4e4b-b7f3-5645abb0fe8c@group-3CB1DFFBCDC2, cid=2691, SUCCESS, logIndex=0, commits[134d4672-e322-4e4b-b7f3-5645abb0fe8c:c4009, 73af84f3-3e88-4c8c-894c-3ad307bcac8d:c4005, 730a25a1-dbec-44ed-975b-a44ab0096beb:c4005]
2019-08-30 05:17:55,496 | INFO  | DNAudit | user=null | ip=null | op=WRITE_CHUNK {blockData=conID: 2 locID: 102704236163760740 bcsId: 4007} | ret=SUCCESS |  
2019-08-30 05:17:55,499 | INFO  | DNAudit | user=null | ip=null | op=WRITE_CHUNK {blockData=conID: 2 locID: 102704236163760740 bcsId: 4007} | ret=SUCCESS |  
2019-08-30 05:17:55,499 | INFO  | DNAudit | user=null | ip=null | op=WRITE_CHUNK {blockData=conID: 2 locID: 102704236163760740 bcsId: 4007} | ret=SUCCESS |  
2019-08-30 05:17:55,500 | INFO  | DNAudit | user=null | ip=null | op=WRITE_CHUNK {blockData=conID: 2 locID: 102704236163760740 bcsId: 0} | ret=SUCCESS |  
2019-08-30 05:17:55,500 | INFO  | DNAudit | user=null | ip=null | op=PUT_BLOCK {blockData=[blockId=conID: 2 locID: 102704236163760740 bcsId: 0,size=2097152]} | ret=SUCCESS |  
2019-08-30 05:17:55,500 | INFO  | DNAudit | user=null | ip=null | op=WRITE_CHUNK {blockData=conID: 2 locID: 102704236163760740 bcsId: 0} | ret=SUCCESS |  
2019-08-30 05:17:55,500 | INFO  | DNAudit | user=null | ip=null | op=PUT_BLOCK {blockData=[blockId=conID: 2 locID: 102704236163760740 bcsId: 0,size=2097152]} | ret=SUCCESS |  
2019-08-30 05:17:55,503 | INFO  | DNAudit | user=null | ip=null | op=WRITE_CHUNK {blockData=conID: 2 locID: 102704236163760740 bcsId: 4007} | ret=SUCCESS |  
2019-08-30 05:17:55,503 | INFO  | DNAudit | user=null | ip=null | op=PUT_BLOCK {blockData=[blockId=conID: 2 locID: 102704236163760740 bcsId: 0,size=3145728]} | ret=SUCCESS |  
2019-08-30 05:17:55,503 [grpc-default-executor-3] INFO  client.GrpcClientProtocolClient (GrpcClientProtocolClient.java:onNext(255)) - client-574492D41EE7->134d4672-e322-4e4b-b7f3-5645abb0fe8c: receive RaftClientReply:client-574492D41EE7->134d4672-e322-4e4b-b7f3-5645abb0fe8c@group-3CB1DFFBCDC2, cid=2692, SUCCESS, logIndex=4012, commits[134d4672-e322-4e4b-b7f3-5645abb0fe8c:c4013, 73af84f3-3e88-4c8c-894c-3ad307bcac8d:c4009, 730a25a1-dbec-44ed-975b-a44ab0096beb:c4009]
2019-08-30 05:17:55,504 [grpc-default-executor-3] INFO  client.GrpcClientProtocolClient (GrpcClientProtocolClient.java:onNext(255)) - client-574492D41EE7->134d4672-e322-4e4b-b7f3-5645abb0fe8c: receive RaftClientReply:client-574492D41EE7->134d4672-e322-4e4b-b7f3-5645abb0fe8c@group-3CB1DFFBCDC2, cid=2693, SUCCESS, logIndex=4013, commits[134d4672-e322-4e4b-b7f3-5645abb0fe8c:c4013, 73af84f3-3e88-4c8c-894c-3ad307bcac8d:c4009, 730a25a1-dbec-44ed-975b-a44ab0096beb:c4009]
2019-08-30 05:17:55,511 | INFO  | DNAudit | user=null | ip=null | op=WRITE_CHUNK {blockData=conID: 2 locID: 102704236163760740 bcsId: 4013} | ret=SUCCESS |  
2019-08-30 05:17:55,513 | INFO  | DNAudit | user=null | ip=null | op=WRITE_CHUNK {blockData=conID: 2 locID: 102704236163760740 bcsId: 4013} | ret=SUCCESS |  
2019-08-30 05:17:55,513 | INFO  | DNAudit | user=null | ip=null | op=WRITE_CHUNK {blockData=conID: 2 locID: 102704236163760740 bcsId: 4013} | ret=SUCCESS |  
2019-08-30 05:17:55,514 | INFO  | DNAudit | user=null | ip=null | op=WRITE_CHUNK {blockData=conID: 2 locID: 102704236163760740 bcsId: 4007} | ret=SUCCESS |  
2019-08-30 05:17:55,514 | INFO  | DNAudit | user=null | ip=null | op=WRITE_CHUNK {blockData=conID: 2 locID: 102704236163760740 bcsId: 4007} | ret=SUCCESS |  
2019-08-30 05:17:55,515 | INFO  | DNAudit | user=null | ip=null | op=PUT_BLOCK {blockData=[blockId=conID: 2 locID: 102704236163760740 bcsId: 0,size=3145728]} | ret=SUCCESS |  
2019-08-30 05:17:55,515 | INFO  | DNAudit | user=null | ip=null | op=PUT_BLOCK {blockData=[blockId=conID: 2 locID: 102704236163760740 bcsId: 0,size=3145728]} | ret=SUCCESS |  
2019-08-30 05:17:55,517 | INFO  | DNAudit | user=null | ip=null | op=WRITE_CHUNK {blockData=conID: 2 locID: 102704236163760740 bcsId: 4013} | ret=SUCCESS |  
2019-08-30 05:17:55,518 | INFO  | DNAudit | user=null | ip=null | op=PUT_BLOCK {blockData=[blockId=conID: 2 locID: 102704236163760740 bcsId: 0,size=4194304]} | ret=SUCCESS |  
2019-08-30 05:17:55,518 [grpc-default-executor-3] INFO  client.GrpcClientProtocolClient (GrpcClientProtocolClient.java:onNext(255)) - client-574492D41EE7->134d4672-e322-4e4b-b7f3-5645abb0fe8c: receive RaftClientReply:client-574492D41EE7->134d4672-e322-4e4b-b7f3-5645abb0fe8c@group-3CB1DFFBCDC2, cid=2694, SUCCESS, logIndex=4015, commits[134d4672-e322-4e4b-b7f3-5645abb0fe8c:c4016, 73af84f3-3e88-4c8c-894c-3ad307bcac8d:c4013, 730a25a1-dbec-44ed-975b-a44ab0096beb:c4013]
2019-08-30 05:17:55,518 [grpc-default-executor-3] INFO  client.GrpcClientProtocolClient (GrpcClientProtocolClient.java:onNext(255)) - client-574492D41EE7->134d4672-e322-4e4b-b7f3-5645abb0fe8c: receive RaftClientReply:client-574492D41EE7->134d4672-e322-4e4b-b7f3-5645abb0fe8c@group-3CB1DFFBCDC2, cid=2695, SUCCESS, logIndex=4016, commits[134d4672-e322-4e4b-b7f3-5645abb0fe8c:c4016, 73af84f3-3e88-4c8c-894c-3ad307bcac8d:c4013, 730a25a1-dbec-44ed-975b-a44ab0096beb:c4013]
2019-08-30 05:17:55,529 | INFO  | DNAudit | user=null | ip=null | op=WRITE_CHUNK {blockData=conID: 2 locID: 102704236163760740 bcsId: 4013} | ret=SUCCESS |  
2019-08-30 05:17:55,529 | INFO  | DNAudit | user=null | ip=null | op=WRITE_CHUNK {blockData=conID: 2 locID: 102704236163760740 bcsId: 4013} | ret=SUCCESS |  
2019-08-30 05:17:55,532 | INFO  | DNAudit | user=null | ip=null | op=PUT_BLOCK {blockData=[blockId=conID: 2 locID: 102704236163760740 bcsId: 0,size=4194304]} | ret=SUCCESS |  
2019-08-30 05:17:55,532 | INFO  | DNAudit | user=null | ip=null | op=PUT_BLOCK {blockData=[blockId=conID: 2 locID: 102704236163760740 bcsId: 0,size=4194304]} | ret=SUCCESS |  
2019-08-30 05:17:55,532 [grpc-default-executor-3] INFO  client.GrpcClientProtocolClient (GrpcClientProtocolClient.java:onNext(255)) - client-574492D41EE7->134d4672-e322-4e4b-b7f3-5645abb0fe8c: receive RaftClientReply:client-574492D41EE7->134d4672-e322-4e4b-b7f3-5645abb0fe8c@group-3CB1DFFBCDC2, cid=2696, SUCCESS, logIndex=0, commits[134d4672-e322-4e4b-b7f3-5645abb0fe8c:c4017, 73af84f3-3e88-4c8c-894c-3ad307bcac8d:c4016, 730a25a1-dbec-44ed-975b-a44ab0096beb:c4016]
2019-08-30 05:17:55,537 | INFO  | SCMAudit | user=jenkins1000 | ip=192.168.36.106 | op=ALLOCATE_BLOCK {owner=85755eb5-052d-48fa-b271-2fe4d8754e12, size=4194304, type=RATIS, factor=THREE} | ret=SUCCESS |  
2019-08-30 05:17:55,540 | INFO  | OMAudit | user=jenkins1000 | ip=127.0.0.1 | op=ALLOCATE_BLOCK {volume=vol-0-00977, bucket=bucket-0-44205, key=key-0-32850, dataSize=0, replicationType=null, replicationFactor=null, keyLocationInfo=null, clientID=102704234570776978} | ret=SUCCESS |  
2019-08-30 05:17:55,547 | INFO  | DNAudit | user=null | ip=null | op=WRITE_CHUNK {blockData=conID: 3 locID: 102704236169593445 bcsId: 0} | ret=SUCCESS |  
2019-08-30 05:17:55,550 | INFO  | DNAudit | user=null | ip=null | op=WRITE_CHUNK {blockData=conID: 3 locID: 102704236169593445 bcsId: 0} | ret=SUCCESS |  
2019-08-30 05:17:55,551 | INFO  | DNAudit | user=null | ip=null | op=WRITE_CHUNK {blockData=conID: 3 locID: 102704236169593445 bcsId: 0} | ret=SUCCESS |  
2019-08-30 05:17:55,551 | INFO  | DNAudit | user=null | ip=null | op=WRITE_CHUNK {blockData=conID: 3 locID: 102704236169593445 bcsId: 0} | ret=SUCCESS |  
2019-08-30 05:17:55,554 | INFO  | DNAudit | user=null | ip=null | op=WRITE_CHUNK {blockData=conID: 3 locID: 102704236169593445 bcsId: 0} | ret=SUCCESS |  
2019-08-30 05:17:55,554 | INFO  | DNAudit | user=null | ip=null | op=WRITE_CHUNK {blockData=conID: 3 locID: 102704236169593445 bcsId: 0} | ret=SUCCESS |  
2019-08-30 05:17:55,562 | INFO  | DNAudit | user=null | ip=null | op=WRITE_CHUNK {blockData=conID: 3 locID: 102704236169593445 bcsId: 0} | ret=SUCCESS |  
2019-08-30 05:17:55,562 | INFO  | DNAudit | user=null | ip=null | op=PUT_BLOCK {blockData=[blockId=conID: 3 locID: 102704236169593445 bcsId: 0,size=1048576]} | ret=SUCCESS |  
2019-08-30 05:17:55,562 [grpc-default-executor-3] INFO  client.GrpcClientProtocolClient (GrpcClientProtocolClient.java:onNext(255)) - client-574492D41EE7->134d4672-e322-4e4b-b7f3-5645abb0fe8c: receive RaftClientReply:client-574492D41EE7->134d4672-e322-4e4b-b7f3-5645abb0fe8c@group-3CB1DFFBCDC2, cid=2697, SUCCESS, logIndex=4019, commits[134d4672-e322-4e4b-b7f3-5645abb0fe8c:c4020, 73af84f3-3e88-4c8c-894c-3ad307bcac8d:c4018, 730a25a1-dbec-44ed-975b-a44ab0096beb:c4018]
2019-08-30 05:17:55,563 [grpc-default-executor-3] INFO  client.GrpcClientProtocolClient (GrpcClientProtocolClient.java:onNext(255)) - client-574492D41EE7->134d4672-e322-4e4b-b7f3-5645abb0fe8c: receive RaftClientReply:client-574492D41EE7->134d4672-e322-4e4b-b7f3-5645abb0fe8c@group-3CB1DFFBCDC2, cid=2698, SUCCESS, logIndex=4020, commits[134d4672-e322-4e4b-b7f3-5645abb0fe8c:c4020, 73af84f3-3e88-4c8c-894c-3ad307bcac8d:c4018, 730a25a1-dbec-44ed-975b-a44ab0096beb:c4018]
2019-08-30 05:17:55,575 | INFO  | DNAudit | user=null | ip=null | op=WRITE_CHUNK {blockData=conID: 3 locID: 102704236169593445 bcsId: 0} | ret=SUCCESS |  
2019-08-30 05:17:55,576 | INFO  | DNAudit | user=null | ip=null | op=PUT_BLOCK {blockData=[blockId=conID: 3 locID: 102704236169593445 bcsId: 0,size=2097152]} | ret=SUCCESS |  
2019-08-30 05:17:55,576 | INFO  | DNAudit | user=null | ip=null | op=WRITE_CHUNK {blockData=conID: 3 locID: 102704236169593445 bcsId: 0} | ret=SUCCESS |  
2019-08-30 05:17:55,576 [grpc-default-executor-6] INFO  client.GrpcClientProtocolClient (GrpcClientProtocolClient.java:onNext(255)) - client-574492D41EE7->134d4672-e322-4e4b-b7f3-5645abb0fe8c: receive RaftClientReply:client-574492D41EE7->134d4672-e322-4e4b-b7f3-5645abb0fe8c@group-3CB1DFFBCDC2, cid=2699, SUCCESS, logIndex=4021, commits[134d4672-e322-4e4b-b7f3-5645abb0fe8c:c4022, 73af84f3-3e88-4c8c-894c-3ad307bcac8d:c4018, 730a25a1-dbec-44ed-975b-a44ab0096beb:c4018]
2019-08-30 05:17:55,576 | INFO  | DNAudit | user=null | ip=null | op=PUT_BLOCK {blockData=[blockId=conID: 3 locID: 102704236169593445 bcsId: 0,size=1048576]} | ret=SUCCESS |  
2019-08-30 05:17:55,576 [grpc-default-executor-6] INFO  client.GrpcClientProtocolClient (GrpcClientProtocolClient.java:onNext(255)) - client-574492D41EE7->134d4672-e322-4e4b-b7f3-5645abb0fe8c: receive RaftClientReply:client-574492D41EE7->134d4672-e322-4e4b-b7f3-5645abb0fe8c@group-3CB1DFFBCDC2, cid=2700, SUCCESS, logIndex=4022, commits[134d4672-e322-4e4b-b7f3-5645abb0fe8c:c4022, 73af84f3-3e88-4c8c-894c-3ad307bcac8d:c4018, 730a25a1-dbec-44ed-975b-a44ab0096beb:c4018]
2019-08-30 05:17:55,577 | INFO  | DNAudit | user=null | ip=null | op=WRITE_CHUNK {blockData=conID: 3 locID: 102704236169593445 bcsId: 0} | ret=SUCCESS |  
2019-08-30 05:17:55,577 | INFO  | DNAudit | user=null | ip=null | op=PUT_BLOCK {blockData=[blockId=conID: 3 locID: 102704236169593445 bcsId: 0,size=1048576]} | ret=SUCCESS |  
2019-08-30 05:17:55,577 [grpc-default-executor-6] INFO  client.GrpcClientProtocolClient (GrpcClientProtocolClient.java:onNext(255)) - client-574492D41EE7->134d4672-e322-4e4b-b7f3-5645abb0fe8c: receive RaftClientReply:client-574492D41EE7->134d4672-e322-4e4b-b7f3-5645abb0fe8c@group-3CB1DFFBCDC2, cid=2701, SUCCESS, logIndex=0, commits[134d4672-e322-4e4b-b7f3-5645abb0fe8c:c4024, 73af84f3-3e88-4c8c-894c-3ad307bcac8d:c4020, 730a25a1-dbec-44ed-975b-a44ab0096beb:c4020]
2019-08-30 05:17:55,578 | INFO  | SCMAudit | user=jenkins1000 | ip=192.168.36.106 | op=SEND_HEARTBEAT {datanodeUUID=b91a4442-fd83-4a66-bee2-5c7959dbabc3, command=[]} | ret=SUCCESS |  
2019-08-30 05:17:55,585 | INFO  | DNAudit | user=null | ip=null | op=WRITE_CHUNK {blockData=conID: 3 locID: 102704236169593445 bcsId: 4022} | ret=SUCCESS |  
2019-08-30 05:17:55,587 | INFO  | DNAudit | user=null | ip=null | op=WRITE_CHUNK {blockData=conID: 3 locID: 102704236169593445 bcsId: 4022} | ret=SUCCESS |  
2019-08-30 05:17:55,587 | INFO  | DNAudit | user=null | ip=null | op=WRITE_CHUNK {blockData=conID: 3 locID: 102704236169593445 bcsId: 4022} | ret=SUCCESS |  
2019-08-30 05:17:55,590 | INFO  | DNAudit | user=null | ip=null | op=WRITE_CHUNK {blockData=conID: 3 locID: 102704236169593445 bcsId: 0} | ret=SUCCESS |  
2019-08-30 05:17:55,590 | INFO  | DNAudit | user=null | ip=null | op=PUT_BLOCK {blockData=[blockId=conID: 3 locID: 102704236169593445 bcsId: 0,size=2097152]} | ret=SUCCESS |  
2019-08-30 05:17:55,591 | INFO  | DNAudit | user=null | ip=null | op=WRITE_CHUNK {blockData=conID: 3 locID: 102704236169593445 bcsId: 0} | ret=SUCCESS |  
2019-08-30 05:17:55,591 | INFO  | DNAudit | user=null | ip=null | op=PUT_BLOCK {blockData=[blockId=conID: 3 locID: 102704236169593445 bcsId: 0,size=2097152]} | ret=SUCCESS |  
2019-08-30 05:17:55,592 | INFO  | DNAudit | user=null | ip=null | op=WRITE_CHUNK {blockData=conID: 3 locID: 102704236169593445 bcsId: 4022} | ret=SUCCESS |  
2019-08-30 05:17:55,594 | INFO  | DNAudit | user=null | ip=null | op=PUT_BLOCK {blockData=[blockId=conID: 3 locID: 102704236169593445 bcsId: 0,size=3145728]} | ret=SUCCESS |  
2019-08-30 05:17:55,594 | INFO  | DNAudit | user=null | ip=null | op=WRITE_CHUNK {blockData=conID: 3 locID: 102704236169593445 bcsId: 4022} | ret=SUCCESS |  
2019-08-30 05:17:55,594 [grpc-default-executor-6] INFO  client.GrpcClientProtocolClient (GrpcClientProtocolClient.java:onNext(255)) - client-574492D41EE7->134d4672-e322-4e4b-b7f3-5645abb0fe8c: receive RaftClientReply:client-574492D41EE7->134d4672-e322-4e4b-b7f3-5645abb0fe8c@group-3CB1DFFBCDC2, cid=2702, SUCCESS, logIndex=4027, commits[134d4672-e322-4e4b-b7f3-5645abb0fe8c:c4027, 73af84f3-3e88-4c8c-894c-3ad307bcac8d:c4022, 730a25a1-dbec-44ed-975b-a44ab0096beb:c4024]
2019-08-30 05:17:55,594 | INFO  | DNAudit | user=null | ip=null | op=WRITE_CHUNK {blockData=conID: 3 locID: 102704236169593445 bcsId: 4022} | ret=SUCCESS |  
2019-08-30 05:17:55,594 [grpc-default-executor-6] INFO  client.GrpcClientProtocolClient (GrpcClientProtocolClient.java:onNext(255)) - client-574492D41EE7->134d4672-e322-4e4b-b7f3-5645abb0fe8c: receive RaftClientReply:client-574492D41EE7->134d4672-e322-4e4b-b7f3-5645abb0fe8c@group-3CB1DFFBCDC2, cid=2703, SUCCESS, logIndex=4028, commits[134d4672-e322-4e4b-b7f3-5645abb0fe8c:c4028, 73af84f3-3e88-4c8c-894c-3ad307bcac8d:c4024, 730a25a1-dbec-44ed-975b-a44ab0096beb:c4024]
2019-08-30 05:17:55,603 | INFO  | DNAudit | user=null | ip=null | op=WRITE_CHUNK {blockData=conID: 3 locID: 102704236169593445 bcsId: 4028} | ret=SUCCESS |  
2019-08-30 05:17:55,604 | INFO  | DNAudit | user=null | ip=null | op=PUT_BLOCK {blockData=[blockId=conID: 3 locID: 102704236169593445 bcsId: 0,size=3145728]} | ret=SUCCESS |  
2019-08-30 05:17:55,604 | INFO  | DNAudit | user=null | ip=null | op=PUT_BLOCK {blockData=[blockId=conID: 3 locID: 102704236169593445 bcsId: 0,size=3145728]} | ret=SUCCESS |  
2019-08-30 05:17:55,605 | INFO  | DNAudit | user=null | ip=null | op=WRITE_CHUNK {blockData=conID: 3 locID: 102704236169593445 bcsId: 4028} | ret=SUCCESS |  
2019-08-30 05:17:55,606 | INFO  | DNAudit | user=null | ip=null | op=WRITE_CHUNK {blockData=conID: 3 locID: 102704236169593445 bcsId: 4028} | ret=SUCCESS |  
2019-08-30 05:17:55,615 | INFO  | DNAudit | user=null | ip=null | op=WRITE_CHUNK {blockData=conID: 3 locID: 102704236169593445 bcsId: 4028} | ret=SUCCESS |  
2019-08-30 05:17:55,616 | INFO  | DNAudit | user=null | ip=null | op=PUT_BLOCK {blockData=[blockId=conID: 3 locID: 102704236169593445 bcsId: 0,size=4194304]} | ret=SUCCESS |  
2019-08-30 05:17:55,616 [grpc-default-executor-1] INFO  client.GrpcClientProtocolClient (GrpcClientProtocolClient.java:onNext(255)) - client-574492D41EE7->134d4672-e322-4e4b-b7f3-5645abb0fe8c: receive RaftClientReply:client-574492D41EE7->134d4672-e322-4e4b-b7f3-5645abb0fe8c@group-3CB1DFFBCDC2, cid=2704, SUCCESS, logIndex=4031, commits[134d4672-e322-4e4b-b7f3-5645abb0fe8c:c4032, 73af84f3-3e88-4c8c-894c-3ad307bcac8d:c4029, 730a25a1-dbec-44ed-975b-a44ab0096beb:c4029]
2019-08-30 05:17:55,616 [grpc-default-executor-1] INFO  client.GrpcClientProtocolClient (GrpcClientProtocolClient.java:onNext(255)) - client-574492D41EE7->134d4672-e322-4e4b-b7f3-5645abb0fe8c: receive RaftClientReply:client-574492D41EE7->134d4672-e322-4e4b-b7f3-5645abb0fe8c@group-3CB1DFFBCDC2, cid=2705, SUCCESS, logIndex=4032, commits[134d4672-e322-4e4b-b7f3-5645abb0fe8c:c4032, 73af84f3-3e88-4c8c-894c-3ad307bcac8d:c4029, 730a25a1-dbec-44ed-975b-a44ab0096beb:c4029]
2019-08-30 05:17:55,617 | INFO  | DNAudit | user=null | ip=null | op=WRITE_CHUNK {blockData=conID: 3 locID: 102704236169593445 bcsId: 4028} | ret=SUCCESS |  
2019-08-30 05:17:55,617 | INFO  | DNAudit | user=null | ip=null | op=WRITE_CHUNK {blockData=conID: 3 locID: 102704236169593445 bcsId: 4028} | ret=SUCCESS |  
2019-08-30 05:17:55,620 | INFO  | DNAudit | user=null | ip=null | op=PUT_BLOCK {blockData=[blockId=conID: 3 locID: 102704236169593445 bcsId: 0,size=4194304]} | ret=SUCCESS |  
2019-08-30 05:17:55,620 | INFO  | DNAudit | user=null | ip=null | op=PUT_BLOCK {blockData=[blockId=conID: 3 locID: 102704236169593445 bcsId: 0,size=4194304]} | ret=SUCCESS |  
2019-08-30 05:17:55,620 [grpc-default-executor-6] INFO  client.GrpcClientProtocolClient (GrpcClientProtocolClient.java:onNext(255)) - client-574492D41EE7->134d4672-e322-4e4b-b7f3-5645abb0fe8c: receive RaftClientReply:client-574492D41EE7->134d4672-e322-4e4b-b7f3-5645abb0fe8c@group-3CB1DFFBCDC2, cid=2706, SUCCESS, logIndex=0, commits[134d4672-e322-4e4b-b7f3-5645abb0fe8c:c4034, 73af84f3-3e88-4c8c-894c-3ad307bcac8d:c4032, 730a25a1-dbec-44ed-975b-a44ab0096beb:c4032]
2019-08-30 05:17:55,626 | INFO  | SCMAudit | user=jenkins1000 | ip=192.168.36.106 | op=ALLOCATE_BLOCK {owner=85755eb5-052d-48fa-b271-2fe4d8754e12, size=4194304, type=RATIS, factor=THREE} | ret=SUCCESS |  
2019-08-30 05:17:55,630 | INFO  | OMAudit | user=jenkins1000 | ip=127.0.0.1 | op=ALLOCATE_BLOCK {volume=vol-0-00977, bucket=bucket-0-44205, key=key-0-32850, dataSize=0, replicationType=null, replicationFactor=null, keyLocationInfo=null, clientID=102704234570776978} | ret=SUCCESS |  
2019-08-30 05:17:55,636 | INFO  | DNAudit | user=null | ip=null | op=WRITE_CHUNK {blockData=conID: 1 locID: 102704236175426150 bcsId: 0} | ret=SUCCESS |  
2019-08-30 05:17:55,638 | INFO  | DNAudit | user=null | ip=null | op=WRITE_CHUNK {blockData=conID: 1 locID: 102704236175426150 bcsId: 0} | ret=SUCCESS |  
2019-08-30 05:17:55,639 | INFO  | DNAudit | user=null | ip=null | op=WRITE_CHUNK {blockData=conID: 1 locID: 102704236175426150 bcsId: 0} | ret=SUCCESS |  
2019-08-30 05:17:55,641 | INFO  | DNAudit | user=null | ip=null | op=WRITE_CHUNK {blockData=conID: 1 locID: 102704236175426150 bcsId: 0} | ret=SUCCESS |  
2019-08-30 05:17:55,641 | INFO  | DNAudit | user=null | ip=null | op=WRITE_CHUNK {blockData=conID: 1 locID: 102704236175426150 bcsId: 0} | ret=SUCCESS |  
2019-08-30 05:17:55,642 | INFO  | DNAudit | user=null | ip=null | op=WRITE_CHUNK {blockData=conID: 1 locID: 102704236175426150 bcsId: 0} | ret=SUCCESS |  
2019-08-30 05:17:55,647 | INFO  | DNAudit | user=null | ip=null | op=WRITE_CHUNK {blockData=conID: 1 locID: 102704236175426150 bcsId: 0} | ret=SUCCESS |  
2019-08-30 05:17:55,647 | INFO  | DNAudit | user=null | ip=null | op=PUT_BLOCK {blockData=[blockId=conID: 1 locID: 102704236175426150 bcsId: 0,size=1048576]} | ret=SUCCESS |  
2019-08-30 05:17:55,648 [grpc-default-executor-1] INFO  client.GrpcClientProtocolClient (GrpcClientProtocolClient.java:onNext(255)) - client-574492D41EE7->134d4672-e322-4e4b-b7f3-5645abb0fe8c: receive RaftClientReply:client-574492D41EE7->134d4672-e322-4e4b-b7f3-5645abb0fe8c@group-3CB1DFFBCDC2, cid=2707, SUCCESS, logIndex=4035, commits[134d4672-e322-4e4b-b7f3-5645abb0fe8c:c4037, 73af84f3-3e88-4c8c-894c-3ad307bcac8d:c4034, 730a25a1-dbec-44ed-975b-a44ab0096beb:c4034]
2019-08-30 05:17:55,648 | INFO  | DNAudit | user=null | ip=null | op=WRITE_CHUNK {blockData=conID: 1 locID: 102704236175426150 bcsId: 0} | ret=SUCCESS |  
2019-08-30 05:17:55,648 [grpc-default-executor-1] INFO  client.GrpcClientProtocolClient (GrpcClientProtocolClient.java:onNext(255)) - client-574492D41EE7->134d4672-e322-4e4b-b7f3-5645abb0fe8c: receive RaftClientReply:client-574492D41EE7->134d4672-e322-4e4b-b7f3-5645abb0fe8c@group-3CB1DFFBCDC2, cid=2708, SUCCESS, logIndex=4036, commits[134d4672-e322-4e4b-b7f3-5645abb0fe8c:c4038, 73af84f3-3e88-4c8c-894c-3ad307bcac8d:c4034, 730a25a1-dbec-44ed-975b-a44ab0096beb:c4034]
2019-08-30 05:17:55,648 | INFO  | DNAudit | user=null | ip=null | op=PUT_BLOCK {blockData=[blockId=conID: 1 locID: 102704236175426150 bcsId: 0,size=2097152]} | ret=SUCCESS |  
2019-08-30 05:17:55,648 | INFO  | DNAudit | user=null | ip=null | op=WRITE_CHUNK {blockData=conID: 1 locID: 102704236175426150 bcsId: 0} | ret=SUCCESS |  
2019-08-30 05:17:55,648 | INFO  | DNAudit | user=null | ip=null | op=PUT_BLOCK {blockData=[blockId=conID: 1 locID: 102704236175426150 bcsId: 0,size=1048576]} | ret=SUCCESS |  
2019-08-30 05:17:55,648 | INFO  | DNAudit | user=null | ip=null | op=WRITE_CHUNK {blockData=conID: 1 locID: 102704236175426150 bcsId: 0} | ret=SUCCESS |  
2019-08-30 05:17:55,648 [grpc-default-executor-1] INFO  client.GrpcClientProtocolClient (GrpcClientProtocolClient.java:onNext(255)) - client-574492D41EE7->134d4672-e322-4e4b-b7f3-5645abb0fe8c: receive RaftClientReply:client-574492D41EE7->134d4672-e322-4e4b-b7f3-5645abb0fe8c@group-3CB1DFFBCDC2, cid=2709, SUCCESS, logIndex=4037, commits[134d4672-e322-4e4b-b7f3-5645abb0fe8c:c4038, 73af84f3-3e88-4c8c-894c-3ad307bcac8d:c4034, 730a25a1-dbec-44ed-975b-a44ab0096beb:c4034]
2019-08-30 05:17:55,649 [grpc-default-executor-1] INFO  client.GrpcClientProtocolClient (GrpcClientProtocolClient.java:onNext(255)) - client-574492D41EE7->134d4672-e322-4e4b-b7f3-5645abb0fe8c: receive RaftClientReply:client-574492D41EE7->134d4672-e322-4e4b-b7f3-5645abb0fe8c@group-3CB1DFFBCDC2, cid=2710, SUCCESS, logIndex=4038, commits[134d4672-e322-4e4b-b7f3-5645abb0fe8c:c4038, 73af84f3-3e88-4c8c-894c-3ad307bcac8d:c4034, 730a25a1-dbec-44ed-975b-a44ab0096beb:c4034]
2019-08-30 05:17:55,650 | INFO  | DNAudit | user=null | ip=null | op=WRITE_CHUNK {blockData=conID: 1 locID: 102704236175426150 bcsId: 0} | ret=SUCCESS |  
2019-08-30 05:17:55,650 | INFO  | DNAudit | user=null | ip=null | op=PUT_BLOCK {blockData=[blockId=conID: 1 locID: 102704236175426150 bcsId: 0,size=1048576]} | ret=SUCCESS |  
2019-08-30 05:17:55,650 | INFO  | DNAudit | user=null | ip=null | op=PUT_BLOCK {blockData=[blockId=conID: 1 locID: 102704236175426150 bcsId: 0,size=2097152]} | ret=SUCCESS |  
2019-08-30 05:17:55,650 | INFO  | DNAudit | user=null | ip=null | op=WRITE_CHUNK {blockData=conID: 1 locID: 102704236175426150 bcsId: 0} | ret=SUCCESS |  
2019-08-30 05:17:55,650 | INFO  | DNAudit | user=null | ip=null | op=PUT_BLOCK {blockData=[blockId=conID: 1 locID: 102704236175426150 bcsId: 0,size=2097152]} | ret=SUCCESS |  
2019-08-30 05:17:55,650 [grpc-default-executor-3] INFO  client.GrpcClientProtocolClient (GrpcClientProtocolClient.java:onNext(255)) - client-574492D41EE7->134d4672-e322-4e4b-b7f3-5645abb0fe8c: receive RaftClientReply:client-574492D41EE7->134d4672-e322-4e4b-b7f3-5645abb0fe8c@group-3CB1DFFBCDC2, cid=2711, SUCCESS, logIndex=0, commits[134d4672-e322-4e4b-b7f3-5645abb0fe8c:c4041, 73af84f3-3e88-4c8c-894c-3ad307bcac8d:c4037, 730a25a1-dbec-44ed-975b-a44ab0096beb:c4036]
2019-08-30 05:17:55,656 | INFO  | DNAudit | user=null | ip=null | op=WRITE_CHUNK {blockData=conID: 1 locID: 102704236175426150 bcsId: 4038} | ret=SUCCESS |  
2019-08-30 05:17:55,658 | INFO  | DNAudit | user=null | ip=null | op=WRITE_CHUNK {blockData=conID: 1 locID: 102704236175426150 bcsId: 4038} | ret=SUCCESS |  
2019-08-30 05:17:55,658 | INFO  | DNAudit | user=null | ip=null | op=WRITE_CHUNK {blockData=conID: 1 locID: 102704236175426150 bcsId: 4038} | ret=SUCCESS |  
2019-08-30 05:17:55,681 | INFO  | DNAudit | user=null | ip=null | op=WRITE_CHUNK {blockData=conID: 1 locID: 102704236175426150 bcsId: 4038} | ret=SUCCESS |  
2019-08-30 05:17:55,681 | INFO  | DNAudit | user=null | ip=null | op=PUT_BLOCK {blockData=[blockId=conID: 1 locID: 102704236175426150 bcsId: 0,size=3145728]} | ret=SUCCESS |  
2019-08-30 05:17:55,681 [grpc-default-executor-6] INFO  client.GrpcClientProtocolClient (GrpcClientProtocolClient.java:onNext(255)) - client-574492D41EE7->134d4672-e322-4e4b-b7f3-5645abb0fe8c: receive RaftClientReply:client-574492D41EE7->134d4672-e322-4e4b-b7f3-5645abb0fe8c@group-3CB1DFFBCDC2, cid=2712, SUCCESS, logIndex=4043, commits[134d4672-e322-4e4b-b7f3-5645abb0fe8c:c4044, 73af84f3-3e88-4c8c-894c-3ad307bcac8d:c4042, 730a25a1-dbec-44ed-975b-a44ab0096beb:c4042]
2019-08-30 05:17:55,682 [grpc-default-executor-6] INFO  client.GrpcClientProtocolClient (GrpcClientProtocolClient.java:onNext(255)) - client-574492D41EE7->134d4672-e322-4e4b-b7f3-5645abb0fe8c: receive RaftClientReply:client-574492D41EE7->134d4672-e322-4e4b-b7f3-5645abb0fe8c@group-3CB1DFFBCDC2, cid=2713, SUCCESS, logIndex=4044, commits[134d4672-e322-4e4b-b7f3-5645abb0fe8c:c4044, 73af84f3-3e88-4c8c-894c-3ad307bcac8d:c4042, 730a25a1-dbec-44ed-975b-a44ab0096beb:c4042]
2019-08-30 05:17:55,687 | INFO  | DNAudit | user=null | ip=null | op=WRITE_CHUNK {blockData=conID: 1 locID: 102704236175426150 bcsId: 4044} | ret=SUCCESS |  
2019-08-30 05:17:55,689 | INFO  | DNAudit | user=null | ip=null | op=WRITE_CHUNK {blockData=conID: 1 locID: 102704236175426150 bcsId: 4044} | ret=SUCCESS |  
2019-08-30 05:17:55,689 | INFO  | DNAudit | user=null | ip=null | op=WRITE_CHUNK {blockData=conID: 1 locID: 102704236175426150 bcsId: 4044} | ret=SUCCESS |  
2019-08-30 05:17:55,692 | INFO  | DNAudit | user=null | ip=null | op=WRITE_CHUNK {blockData=conID: 1 locID: 102704236175426150 bcsId: 4038} | ret=SUCCESS |  
2019-08-30 05:17:55,693 | INFO  | DNAudit | user=null | ip=null | op=WRITE_CHUNK {blockData=conID: 1 locID: 102704236175426150 bcsId: 4038} | ret=SUCCESS |  
2019-08-30 05:17:55,695 | INFO  | DNAudit | user=null | ip=null | op=PUT_BLOCK {blockData=[blockId=conID: 1 locID: 102704236175426150 bcsId: 0,size=3145728]} | ret=SUCCESS |  
2019-08-30 05:17:55,695 | INFO  | DNAudit | user=null | ip=null | op=PUT_BLOCK {blockData=[blockId=conID: 1 locID: 102704236175426150 bcsId: 0,size=3145728]} | ret=SUCCESS |  
2019-08-30 05:17:55,695 | INFO  | DNAudit | user=null | ip=null | op=WRITE_CHUNK {blockData=conID: 1 locID: 102704236175426150 bcsId: 4044} | ret=SUCCESS |  
2019-08-30 05:17:55,696 | INFO  | DNAudit | user=null | ip=null | op=PUT_BLOCK {blockData=[blockId=conID: 1 locID: 102704236175426150 bcsId: 0,size=4194304]} | ret=SUCCESS |  
2019-08-30 05:17:55,696 [grpc-default-executor-3] INFO  client.GrpcClientProtocolClient (GrpcClientProtocolClient.java:onNext(255)) - client-574492D41EE7->134d4672-e322-4e4b-b7f3-5645abb0fe8c: receive RaftClientReply:client-574492D41EE7->134d4672-e322-4e4b-b7f3-5645abb0fe8c@group-3CB1DFFBCDC2, cid=2714, SUCCESS, logIndex=4047, commits[134d4672-e322-4e4b-b7f3-5645abb0fe8c:c4048, 73af84f3-3e88-4c8c-894c-3ad307bcac8d:c4044, 730a25a1-dbec-44ed-975b-a44ab0096beb:c4044]
2019-08-30 05:17:55,696 [grpc-default-executor-3] INFO  client.GrpcClientProtocolClient (GrpcClientProtocolClient.java:onNext(255)) - client-574492D41EE7->134d4672-e322-4e4b-b7f3-5645abb0fe8c: receive RaftClientReply:client-574492D41EE7->134d4672-e322-4e4b-b7f3-5645abb0fe8c@group-3CB1DFFBCDC2, cid=2715, SUCCESS, logIndex=4048, commits[134d4672-e322-4e4b-b7f3-5645abb0fe8c:c4048, 73af84f3-3e88-4c8c-894c-3ad307bcac8d:c4044, 730a25a1-dbec-44ed-975b-a44ab0096beb:c4044]
2019-08-30 05:17:55,705 | INFO  | DNAudit | user=null | ip=null | op=WRITE_CHUNK {blockData=conID: 1 locID: 102704236175426150 bcsId: 4044} | ret=SUCCESS |  
2019-08-30 05:17:55,706 | INFO  | DNAudit | user=null | ip=null | op=WRITE_CHUNK {blockData=conID: 1 locID: 102704236175426150 bcsId: 4044} | ret=SUCCESS |  
2019-08-30 05:17:55,708 | INFO  | DNAudit | user=null | ip=null | op=PUT_BLOCK {blockData=[blockId=conID: 1 locID: 102704236175426150 bcsId: 0,size=4194304]} | ret=SUCCESS |  
2019-08-30 05:17:55,708 | INFO  | DNAudit | user=null | ip=null | op=PUT_BLOCK {blockData=[blockId=conID: 1 locID: 102704236175426150 bcsId: 0,size=4194304]} | ret=SUCCESS |  
2019-08-30 05:17:55,709 [grpc-default-executor-3] INFO  client.GrpcClientProtocolClient (GrpcClientProtocolClient.java:onNext(255)) - client-574492D41EE7->134d4672-e322-4e4b-b7f3-5645abb0fe8c: receive RaftClientReply:client-574492D41EE7->134d4672-e322-4e4b-b7f3-5645abb0fe8c@group-3CB1DFFBCDC2, cid=2716, SUCCESS, logIndex=0, commits[134d4672-e322-4e4b-b7f3-5645abb0fe8c:c4050, 73af84f3-3e88-4c8c-894c-3ad307bcac8d:c4048, 730a25a1-dbec-44ed-975b-a44ab0096beb:c4048]
2019-08-30 05:17:55,713 | INFO  | SCMAudit | user=jenkins1000 | ip=192.168.36.106 | op=ALLOCATE_BLOCK {owner=85755eb5-052d-48fa-b271-2fe4d8754e12, size=4194304, type=RATIS, factor=THREE} | ret=SUCCESS |  
2019-08-30 05:17:55,716 | INFO  | OMAudit | user=jenkins1000 | ip=127.0.0.1 | op=ALLOCATE_BLOCK {volume=vol-0-00977, bucket=bucket-0-44205, key=key-0-32850, dataSize=0, replicationType=null, replicationFactor=null, keyLocationInfo=null, clientID=102704234570776978} | ret=SUCCESS |  
2019-08-30 05:17:55,721 | INFO  | DNAudit | user=null | ip=null | op=WRITE_CHUNK {blockData=conID: 2 locID: 102704236181127783 bcsId: 0} | ret=SUCCESS |  
2019-08-30 05:17:55,724 | INFO  | DNAudit | user=null | ip=null | op=WRITE_CHUNK {blockData=conID: 2 locID: 102704236181127783 bcsId: 0} | ret=SUCCESS |  
2019-08-30 05:17:55,724 | INFO  | DNAudit | user=null | ip=null | op=WRITE_CHUNK {blockData=conID: 2 locID: 102704236181127783 bcsId: 0} | ret=SUCCESS |  
2019-08-30 05:17:55,725 | INFO  | DNAudit | user=null | ip=null | op=WRITE_CHUNK {blockData=conID: 2 locID: 102704236181127783 bcsId: 0} | ret=SUCCESS |  
2019-08-30 05:17:55,726 | INFO  | DNAudit | user=null | ip=null | op=WRITE_CHUNK {blockData=conID: 2 locID: 102704236181127783 bcsId: 0} | ret=SUCCESS |  
2019-08-30 05:17:55,726 | INFO  | DNAudit | user=null | ip=null | op=WRITE_CHUNK {blockData=conID: 2 locID: 102704236181127783 bcsId: 0} | ret=SUCCESS |  
2019-08-30 05:17:55,735 | INFO  | DNAudit | user=null | ip=null | op=WRITE_CHUNK {blockData=conID: 2 locID: 102704236181127783 bcsId: 0} | ret=SUCCESS |  
2019-08-30 05:17:55,736 | INFO  | DNAudit | user=null | ip=null | op=PUT_BLOCK {blockData=[blockId=conID: 2 locID: 102704236181127783 bcsId: 0,size=1048576]} | ret=SUCCESS |  
2019-08-30 05:17:55,736 [grpc-default-executor-3] INFO  client.GrpcClientProtocolClient (GrpcClientProtocolClient.java:onNext(255)) - client-574492D41EE7->134d4672-e322-4e4b-b7f3-5645abb0fe8c: receive RaftClientReply:client-574492D41EE7->134d4672-e322-4e4b-b7f3-5645abb0fe8c@group-3CB1DFFBCDC2, cid=2717, SUCCESS, logIndex=4051, commits[134d4672-e322-4e4b-b7f3-5645abb0fe8c:c4053, 73af84f3-3e88-4c8c-894c-3ad307bcac8d:c4050, 730a25a1-dbec-44ed-975b-a44ab0096beb:c4050]
2019-08-30 05:17:55,736 | INFO  | DNAudit | user=null | ip=null | op=WRITE_CHUNK {blockData=conID: 2 locID: 102704236181127783 bcsId: 0} | ret=SUCCESS |  
2019-08-30 05:17:55,736 | INFO  | DNAudit | user=null | ip=null | op=PUT_BLOCK {blockData=[blockId=conID: 2 locID: 102704236181127783 bcsId: 0,size=2097152]} | ret=SUCCESS |  
2019-08-30 05:17:55,736 [grpc-default-executor-3] INFO  client.GrpcClientProtocolClient (GrpcClientProtocolClient.java:onNext(255)) - client-574492D41EE7->134d4672-e322-4e4b-b7f3-5645abb0fe8c: receive RaftClientReply:client-574492D41EE7->134d4672-e322-4e4b-b7f3-5645abb0fe8c@group-3CB1DFFBCDC2, cid=2718, SUCCESS, logIndex=4052, commits[134d4672-e322-4e4b-b7f3-5645abb0fe8c:c4054, 73af84f3-3e88-4c8c-894c-3ad307bcac8d:c4050, 730a25a1-dbec-44ed-975b-a44ab0096beb:c4050]
2019-08-30 05:17:55,736 [grpc-default-executor-3] INFO  client.GrpcClientProtocolClient (GrpcClientProtocolClient.java:onNext(255)) - client-574492D41EE7->134d4672-e322-4e4b-b7f3-5645abb0fe8c: receive RaftClientReply:client-574492D41EE7->134d4672-e322-4e4b-b7f3-5645abb0fe8c@group-3CB1DFFBCDC2, cid=2719, SUCCESS, logIndex=4053, commits[134d4672-e322-4e4b-b7f3-5645abb0fe8c:c4054, 73af84f3-3e88-4c8c-894c-3ad307bcac8d:c4050, 730a25a1-dbec-44ed-975b-a44ab0096beb:c4050]
2019-08-30 05:17:55,737 | INFO  | DNAudit | user=null | ip=null | op=WRITE_CHUNK {blockData=conID: 2 locID: 102704236181127783 bcsId: 0} | ret=SUCCESS |  
2019-08-30 05:17:55,737 | INFO  | DNAudit | user=null | ip=null | op=WRITE_CHUNK {blockData=conID: 2 locID: 102704236181127783 bcsId: 0} | ret=SUCCESS |  
2019-08-30 05:17:55,737 | INFO  | DNAudit | user=null | ip=null | op=PUT_BLOCK {blockData=[blockId=conID: 2 locID: 102704236181127783 bcsId: 0,size=1048576]} | ret=SUCCESS |  
2019-08-30 05:17:55,737 [grpc-default-executor-3] INFO  client.GrpcClientProtocolClient (GrpcClientProtocolClient.java:onNext(255)) - client-574492D41EE7->134d4672-e322-4e4b-b7f3-5645abb0fe8c: receive RaftClientReply:client-574492D41EE7->134d4672-e322-4e4b-b7f3-5645abb0fe8c@group-3CB1DFFBCDC2, cid=2720, SUCCESS, logIndex=4054, commits[134d4672-e322-4e4b-b7f3-5645abb0fe8c:c4054, 73af84f3-3e88-4c8c-894c-3ad307bcac8d:c4050, 730a25a1-dbec-44ed-975b-a44ab0096beb:c4050]
2019-08-30 05:17:55,739 | INFO  | DNAudit | user=null | ip=null | op=PUT_BLOCK {blockData=[blockId=conID: 2 locID: 102704236181127783 bcsId: 0,size=1048576]} | ret=SUCCESS |  
2019-08-30 05:17:55,740 | INFO  | DNAudit | user=null | ip=null | op=WRITE_CHUNK {blockData=conID: 2 locID: 102704236181127783 bcsId: 0} | ret=SUCCESS |  
2019-08-30 05:17:55,740 | INFO  | DNAudit | user=null | ip=null | op=WRITE_CHUNK {blockData=conID: 2 locID: 102704236181127783 bcsId: 0} | ret=SUCCESS |  
2019-08-30 05:17:55,740 | INFO  | DNAudit | user=null | ip=null | op=PUT_BLOCK {blockData=[blockId=conID: 2 locID: 102704236181127783 bcsId: 0,size=2097152]} | ret=SUCCESS |  
2019-08-30 05:17:55,740 | INFO  | DNAudit | user=null | ip=null | op=PUT_BLOCK {blockData=[blockId=conID: 2 locID: 102704236181127783 bcsId: 0,size=2097152]} | ret=SUCCESS |  
2019-08-30 05:17:55,740 [grpc-default-executor-3] INFO  client.GrpcClientProtocolClient (GrpcClientProtocolClient.java:onNext(255)) - client-574492D41EE7->134d4672-e322-4e4b-b7f3-5645abb0fe8c: receive RaftClientReply:client-574492D41EE7->134d4672-e322-4e4b-b7f3-5645abb0fe8c@group-3CB1DFFBCDC2, cid=2721, SUCCESS, logIndex=0, commits[134d4672-e322-4e4b-b7f3-5645abb0fe8c:c4056, 73af84f3-3e88-4c8c-894c-3ad307bcac8d:c4052, 730a25a1-dbec-44ed-975b-a44ab0096beb:c4052]
2019-08-30 05:17:55,745 | INFO  | DNAudit | user=null | ip=null | op=WRITE_CHUNK {blockData=conID: 2 locID: 102704236181127783 bcsId: 4054} | ret=SUCCESS |  
2019-08-30 05:17:55,747 | INFO  | DNAudit | user=null | ip=null | op=WRITE_CHUNK {blockData=conID: 2 locID: 102704236181127783 bcsId: 4054} | ret=SUCCESS |  
2019-08-30 05:17:55,748 | INFO  | DNAudit | user=null | ip=null | op=WRITE_CHUNK {blockData=conID: 2 locID: 102704236181127783 bcsId: 4054} | ret=SUCCESS |  
2019-08-30 05:17:55,758 | INFO  | DNAudit | user=null | ip=null | op=WRITE_CHUNK {blockData=conID: 2 locID: 102704236181127783 bcsId: 4054} | ret=SUCCESS |  
2019-08-30 05:17:55,758 | INFO  | DNAudit | user=null | ip=null | op=PUT_BLOCK {blockData=[blockId=conID: 2 locID: 102704236181127783 bcsId: 0,size=3145728]} | ret=SUCCESS |  
2019-08-30 05:17:55,758 [grpc-default-executor-3] INFO  client.GrpcClientProtocolClient (GrpcClientProtocolClient.java:onNext(255)) - client-574492D41EE7->134d4672-e322-4e4b-b7f3-5645abb0fe8c: receive RaftClientReply:client-574492D41EE7->134d4672-e322-4e4b-b7f3-5645abb0fe8c@group-3CB1DFFBCDC2, cid=2722, SUCCESS, logIndex=4059, commits[134d4672-e322-4e4b-b7f3-5645abb0fe8c:c4060, 73af84f3-3e88-4c8c-894c-3ad307bcac8d:c4058, 730a25a1-dbec-44ed-975b-a44ab0096beb:c4058]
2019-08-30 05:17:55,758 [grpc-default-executor-3] INFO  client.GrpcClientProtocolClient (GrpcClientProtocolClient.java:onNext(255)) - client-574492D41EE7->134d4672-e322-4e4b-b7f3-5645abb0fe8c: receive RaftClientReply:client-574492D41EE7->134d4672-e322-4e4b-b7f3-5645abb0fe8c@group-3CB1DFFBCDC2, cid=2723, SUCCESS, logIndex=4060, commits[134d4672-e322-4e4b-b7f3-5645abb0fe8c:c4060, 73af84f3-3e88-4c8c-894c-3ad307bcac8d:c4058, 730a25a1-dbec-44ed-975b-a44ab0096beb:c4058]
2019-08-30 05:17:55,764 | INFO  | DNAudit | user=null | ip=null | op=WRITE_CHUNK {blockData=conID: 2 locID: 102704236181127783 bcsId: 4060} | ret=SUCCESS |  
2019-08-30 05:17:55,766 | INFO  | DNAudit | user=null | ip=null | op=WRITE_CHUNK {blockData=conID: 2 locID: 102704236181127783 bcsId: 4060} | ret=SUCCESS |  
2019-08-30 05:17:55,767 | INFO  | DNAudit | user=null | ip=null | op=WRITE_CHUNK {blockData=conID: 2 locID: 102704236181127783 bcsId: 4060} | ret=SUCCESS |  
2019-08-30 05:17:55,769 | INFO  | DNAudit | user=null | ip=null | op=WRITE_CHUNK {blockData=conID: 2 locID: 102704236181127783 bcsId: 4054} | ret=SUCCESS |  
2019-08-30 05:17:55,769 | INFO  | DNAudit | user=null | ip=null | op=WRITE_CHUNK {blockData=conID: 2 locID: 102704236181127783 bcsId: 4054} | ret=SUCCESS |  
2019-08-30 05:17:55,772 | INFO  | DNAudit | user=null | ip=null | op=PUT_BLOCK {blockData=[blockId=conID: 2 locID: 102704236181127783 bcsId: 0,size=3145728]} | ret=SUCCESS |  
2019-08-30 05:17:55,773 | INFO  | DNAudit | user=null | ip=null | op=PUT_BLOCK {blockData=[blockId=conID: 2 locID: 102704236181127783 bcsId: 0,size=3145728]} | ret=SUCCESS |  
2019-08-30 05:17:55,773 | INFO  | DNAudit | user=null | ip=null | op=WRITE_CHUNK {blockData=conID: 2 locID: 102704236181127783 bcsId: 4060} | ret=SUCCESS |  
2019-08-30 05:17:55,773 | INFO  | DNAudit | user=null | ip=null | op=PUT_BLOCK {blockData=[blockId=conID: 2 locID: 102704236181127783 bcsId: 0,size=4194304]} | ret=SUCCESS |  
2019-08-30 05:17:55,773 [grpc-default-executor-3] INFO  client.GrpcClientProtocolClient (GrpcClientProtocolClient.java:onNext(255)) - client-574492D41EE7->134d4672-e322-4e4b-b7f3-5645abb0fe8c: receive RaftClientReply:client-574492D41EE7->134d4672-e322-4e4b-b7f3-5645abb0fe8c@group-3CB1DFFBCDC2, cid=2724, SUCCESS, logIndex=4063, commits[134d4672-e322-4e4b-b7f3-5645abb0fe8c:c4064, 73af84f3-3e88-4c8c-894c-3ad307bcac8d:c4060, 730a25a1-dbec-44ed-975b-a44ab0096beb:c4060]
2019-08-30 05:17:55,774 [grpc-default-executor-3] INFO  client.GrpcClientProtocolClient (GrpcClientProtocolClient.java:onNext(255)) - client-574492D41EE7->134d4672-e322-4e4b-b7f3-5645abb0fe8c: receive RaftClientReply:client-574492D41EE7->134d4672-e322-4e4b-b7f3-5645abb0fe8c@group-3CB1DFFBCDC2, cid=2725, SUCCESS, logIndex=4064, commits[134d4672-e322-4e4b-b7f3-5645abb0fe8c:c4064, 73af84f3-3e88-4c8c-894c-3ad307bcac8d:c4060, 730a25a1-dbec-44ed-975b-a44ab0096beb:c4060]
2019-08-30 05:17:55,784 | INFO  | DNAudit | user=null | ip=null | op=WRITE_CHUNK {blockData=conID: 2 locID: 102704236181127783 bcsId: 4060} | ret=SUCCESS |  
2019-08-30 05:17:55,784 | INFO  | DNAudit | user=null | ip=null | op=WRITE_CHUNK {blockData=conID: 2 locID: 102704236181127783 bcsId: 4060} | ret=SUCCESS |  
2019-08-30 05:17:55,787 | INFO  | DNAudit | user=null | ip=null | op=PUT_BLOCK {blockData=[blockId=conID: 2 locID: 102704236181127783 bcsId: 0,size=4194304]} | ret=SUCCESS |  
2019-08-30 05:17:55,787 | INFO  | DNAudit | user=null | ip=null | op=PUT_BLOCK {blockData=[blockId=conID: 2 locID: 102704236181127783 bcsId: 0,size=4194304]} | ret=SUCCESS |  
2019-08-30 05:17:55,788 [grpc-default-executor-3] INFO  client.GrpcClientProtocolClient (GrpcClientProtocolClient.java:onNext(255)) - client-574492D41EE7->134d4672-e322-4e4b-b7f3-5645abb0fe8c: receive RaftClientReply:client-574492D41EE7->134d4672-e322-4e4b-b7f3-5645abb0fe8c@group-3CB1DFFBCDC2, cid=2726, SUCCESS, logIndex=0, commits[134d4672-e322-4e4b-b7f3-5645abb0fe8c:c4066, 73af84f3-3e88-4c8c-894c-3ad307bcac8d:c4064, 730a25a1-dbec-44ed-975b-a44ab0096beb:c4064]
2019-08-30 05:17:55,792 | INFO  | SCMAudit | user=jenkins1000 | ip=192.168.36.106 | op=ALLOCATE_BLOCK {owner=85755eb5-052d-48fa-b271-2fe4d8754e12, size=4194304, type=RATIS, factor=THREE} | ret=SUCCESS |  
2019-08-30 05:17:55,795 | INFO  | OMAudit | user=jenkins1000 | ip=127.0.0.1 | op=ALLOCATE_BLOCK {volume=vol-0-00977, bucket=bucket-0-44205, key=key-0-32850, dataSize=0, replicationType=null, replicationFactor=null, keyLocationInfo=null, clientID=102704234570776978} | ret=SUCCESS |  
2019-08-30 05:17:55,803 | INFO  | DNAudit | user=null | ip=null | op=WRITE_CHUNK {blockData=conID: 3 locID: 102704236186305128 bcsId: 0} | ret=SUCCESS |  
2019-08-30 05:17:55,804 | INFO  | DNAudit | user=null | ip=null | op=WRITE_CHUNK {blockData=conID: 3 locID: 102704236186305128 bcsId: 0} | ret=SUCCESS |  
2019-08-30 05:17:55,804 | INFO  | DNAudit | user=null | ip=null | op=WRITE_CHUNK {blockData=conID: 3 locID: 102704236186305128 bcsId: 0} | ret=SUCCESS |  
2019-08-30 05:17:55,805 | INFO  | DNAudit | user=null | ip=null | op=WRITE_CHUNK {blockData=conID: 3 locID: 102704236186305128 bcsId: 0} | ret=SUCCESS |  
2019-08-30 05:17:55,806 | INFO  | DNAudit | user=null | ip=null | op=WRITE_CHUNK {blockData=conID: 3 locID: 102704236186305128 bcsId: 0} | ret=SUCCESS |  
2019-08-30 05:17:55,807 | INFO  | DNAudit | user=null | ip=null | op=WRITE_CHUNK {blockData=conID: 3 locID: 102704236186305128 bcsId: 0} | ret=SUCCESS |  
2019-08-30 05:17:55,816 | INFO  | DNAudit | user=null | ip=null | op=WRITE_CHUNK {blockData=conID: 3 locID: 102704236186305128 bcsId: 0} | ret=SUCCESS |  
2019-08-30 05:17:55,816 | INFO  | DNAudit | user=null | ip=null | op=PUT_BLOCK {blockData=[blockId=conID: 3 locID: 102704236186305128 bcsId: 0,size=1048576]} | ret=SUCCESS |  
2019-08-30 05:17:55,817 [grpc-default-executor-6] INFO  client.GrpcClientProtocolClient (GrpcClientProtocolClient.java:onNext(255)) - client-574492D41EE7->134d4672-e322-4e4b-b7f3-5645abb0fe8c: receive RaftClientReply:client-574492D41EE7->134d4672-e322-4e4b-b7f3-5645abb0fe8c@group-3CB1DFFBCDC2, cid=2727, SUCCESS, logIndex=4067, commits[134d4672-e322-4e4b-b7f3-5645abb0fe8c:c4068, 73af84f3-3e88-4c8c-894c-3ad307bcac8d:c4066, 730a25a1-dbec-44ed-975b-a44ab0096beb:c4066]
2019-08-30 05:17:55,817 | INFO  | DNAudit | user=null | ip=null | op=WRITE_CHUNK {blockData=conID: 3 locID: 102704236186305128 bcsId: 0} | ret=SUCCESS |  
2019-08-30 05:17:55,817 [grpc-default-executor-6] INFO  client.GrpcClientProtocolClient (GrpcClientProtocolClient.java:onNext(255)) - client-574492D41EE7->134d4672-e322-4e4b-b7f3-5645abb0fe8c: receive RaftClientReply:client-574492D41EE7->134d4672-e322-4e4b-b7f3-5645abb0fe8c@group-3CB1DFFBCDC2, cid=2728, SUCCESS, logIndex=4068, commits[134d4672-e322-4e4b-b7f3-5645abb0fe8c:c4070, 73af84f3-3e88-4c8c-894c-3ad307bcac8d:c4066, 730a25a1-dbec-44ed-975b-a44ab0096beb:c4066]
2019-08-30 05:17:55,817 | INFO  | DNAudit | user=null | ip=null | op=PUT_BLOCK {blockData=[blockId=conID: 3 locID: 102704236186305128 bcsId: 0,size=2097152]} | ret=SUCCESS |  
2019-08-30 05:17:55,817 [grpc-default-executor-6] INFO  client.GrpcClientProtocolClient (GrpcClientProtocolClient.java:onNext(255)) - client-574492D41EE7->134d4672-e322-4e4b-b7f3-5645abb0fe8c: receive RaftClientReply:client-574492D41EE7->134d4672-e322-4e4b-b7f3-5645abb0fe8c@group-3CB1DFFBCDC2, cid=2729, SUCCESS, logIndex=4069, commits[134d4672-e322-4e4b-b7f3-5645abb0fe8c:c4070, 73af84f3-3e88-4c8c-894c-3ad307bcac8d:c4066, 730a25a1-dbec-44ed-975b-a44ab0096beb:c4066]
2019-08-30 05:17:55,818 [grpc-default-executor-6] INFO  client.GrpcClientProtocolClient (GrpcClientProtocolClient.java:onNext(255)) - client-574492D41EE7->134d4672-e322-4e4b-b7f3-5645abb0fe8c: receive RaftClientReply:client-574492D41EE7->134d4672-e322-4e4b-b7f3-5645abb0fe8c@group-3CB1DFFBCDC2, cid=2730, SUCCESS, logIndex=4070, commits[134d4672-e322-4e4b-b7f3-5645abb0fe8c:c4070, 73af84f3-3e88-4c8c-894c-3ad307bcac8d:c4066, 730a25a1-dbec-44ed-975b-a44ab0096beb:c4066]
2019-08-30 05:17:55,819 | INFO  | DNAudit | user=null | ip=null | op=WRITE_CHUNK {blockData=conID: 3 locID: 102704236186305128 bcsId: 0} | ret=SUCCESS |  
2019-08-30 05:17:55,819 | INFO  | DNAudit | user=null | ip=null | op=WRITE_CHUNK {blockData=conID: 3 locID: 102704236186305128 bcsId: 0} | ret=SUCCESS |  
2019-08-30 05:17:55,819 | INFO  | DNAudit | user=null | ip=null | op=PUT_BLOCK {blockData=[blockId=conID: 3 locID: 102704236186305128 bcsId: 0,size=1048576]} | ret=SUCCESS |  
2019-08-30 05:17:55,819 | INFO  | DNAudit | user=null | ip=null | op=PUT_BLOCK {blockData=[blockId=conID: 3 locID: 102704236186305128 bcsId: 0,size=1048576]} | ret=SUCCESS |  
2019-08-30 05:17:55,820 [grpc-default-executor-6] INFO  client.GrpcClientProtocolClient (GrpcClientProtocolClient.java:onNext(255)) - client-574492D41EE7->134d4672-e322-4e4b-b7f3-5645abb0fe8c: receive RaftClientReply:client-574492D41EE7->134d4672-e322-4e4b-b7f3-5645abb0fe8c@group-3CB1DFFBCDC2, cid=2731, SUCCESS, logIndex=0, commits[134d4672-e322-4e4b-b7f3-5645abb0fe8c:c4071, 73af84f3-3e88-4c8c-894c-3ad307bcac8d:c4068, 730a25a1-dbec-44ed-975b-a44ab0096beb:c4068]
2019-08-30 05:17:55,825 | INFO  | DNAudit | user=null | ip=null | op=WRITE_CHUNK {blockData=conID: 3 locID: 102704236186305128 bcsId: 4070} | ret=SUCCESS |  
2019-08-30 05:17:55,827 | INFO  | DNAudit | user=null | ip=null | op=WRITE_CHUNK {blockData=conID: 3 locID: 102704236186305128 bcsId: 4070} | ret=SUCCESS |  
2019-08-30 05:17:55,827 | INFO  | DNAudit | user=null | ip=null | op=WRITE_CHUNK {blockData=conID: 3 locID: 102704236186305128 bcsId: 4070} | ret=SUCCESS |  
2019-08-30 05:17:55,831 | INFO  | DNAudit | user=null | ip=null | op=WRITE_CHUNK {blockData=conID: 3 locID: 102704236186305128 bcsId: 0} | ret=SUCCESS |  
2019-08-30 05:17:55,831 | INFO  | DNAudit | user=null | ip=null | op=WRITE_CHUNK {blockData=conID: 3 locID: 102704236186305128 bcsId: 0} | ret=SUCCESS |  
2019-08-30 05:17:55,831 | INFO  | DNAudit | user=null | ip=null | op=PUT_BLOCK {blockData=[blockId=conID: 3 locID: 102704236186305128 bcsId: 0,size=2097152]} | ret=SUCCESS |  
2019-08-30 05:17:55,831 | INFO  | DNAudit | user=null | ip=null | op=PUT_BLOCK {blockData=[blockId=conID: 3 locID: 102704236186305128 bcsId: 0,size=2097152]} | ret=SUCCESS |  
2019-08-30 05:17:55,834 | INFO  | DNAudit | user=null | ip=null | op=WRITE_CHUNK {blockData=conID: 3 locID: 102704236186305128 bcsId: 4070} | ret=SUCCESS |  
2019-08-30 05:17:55,834 | INFO  | DNAudit | user=null | ip=null | op=PUT_BLOCK {blockData=[blockId=conID: 3 locID: 102704236186305128 bcsId: 0,size=3145728]} | ret=SUCCESS |  
2019-08-30 05:17:55,834 [grpc-default-executor-5] INFO  client.GrpcClientProtocolClient (GrpcClientProtocolClient.java:onNext(255)) - client-574492D41EE7->134d4672-e322-4e4b-b7f3-5645abb0fe8c: receive RaftClientReply:client-574492D41EE7->134d4672-e322-4e4b-b7f3-5645abb0fe8c@group-3CB1DFFBCDC2, cid=2732, SUCCESS, logIndex=4074, commits[134d4672-e322-4e4b-b7f3-5645abb0fe8c:c4075, 73af84f3-3e88-4c8c-894c-3ad307bcac8d:c4071, 730a25a1-dbec-44ed-975b-a44ab0096beb:c4071]
2019-08-30 05:17:55,834 [grpc-default-executor-5] INFO  client.GrpcClientProtocolClient (GrpcClientProtocolClient.java:onNext(255)) - client-574492D41EE7->134d4672-e322-4e4b-b7f3-5645abb0fe8c: receive RaftClientReply:client-574492D41EE7->134d4672-e322-4e4b-b7f3-5645abb0fe8c@group-3CB1DFFBCDC2, cid=2733, SUCCESS, logIndex=4075, commits[134d4672-e322-4e4b-b7f3-5645abb0fe8c:c4075, 73af84f3-3e88-4c8c-894c-3ad307bcac8d:c4071, 730a25a1-dbec-44ed-975b-a44ab0096beb:c4071]
2019-08-30 05:17:55,840 | INFO  | DNAudit | user=null | ip=null | op=WRITE_CHUNK {blockData=conID: 3 locID: 102704236186305128 bcsId: 4075} | ret=SUCCESS |  
2019-08-30 05:17:55,842 | INFO  | DNAudit | user=null | ip=null | op=WRITE_CHUNK {blockData=conID: 3 locID: 102704236186305128 bcsId: 4075} | ret=SUCCESS |  
2019-08-30 05:17:55,842 | INFO  | DNAudit | user=null | ip=null | op=WRITE_CHUNK {blockData=conID: 3 locID: 102704236186305128 bcsId: 4075} | ret=SUCCESS |  
2019-08-30 05:17:55,845 | INFO  | DNAudit | user=null | ip=null | op=WRITE_CHUNK {blockData=conID: 3 locID: 102704236186305128 bcsId: 4070} | ret=SUCCESS |  
2019-08-30 05:17:55,845 | INFO  | DNAudit | user=null | ip=null | op=WRITE_CHUNK {blockData=conID: 3 locID: 102704236186305128 bcsId: 4070} | ret=SUCCESS |  
2019-08-30 05:17:55,848 | INFO  | DNAudit | user=null | ip=null | op=PUT_BLOCK {blockData=[blockId=conID: 3 locID: 102704236186305128 bcsId: 0,size=3145728]} | ret=SUCCESS |  
2019-08-30 05:17:55,848 | INFO  | DNAudit | user=null | ip=null | op=PUT_BLOCK {blockData=[blockId=conID: 3 locID: 102704236186305128 bcsId: 0,size=3145728]} | ret=SUCCESS |  
2019-08-30 05:17:55,849 | INFO  | DNAudit | user=null | ip=null | op=WRITE_CHUNK {blockData=conID: 3 locID: 102704236186305128 bcsId: 4075} | ret=SUCCESS |  
2019-08-30 05:17:55,849 | INFO  | DNAudit | user=null | ip=null | op=PUT_BLOCK {blockData=[blockId=conID: 3 locID: 102704236186305128 bcsId: 0,size=4194304]} | ret=SUCCESS |  
2019-08-30 05:17:55,849 [grpc-default-executor-6] INFO  client.GrpcClientProtocolClient (GrpcClientProtocolClient.java:onNext(255)) - client-574492D41EE7->134d4672-e322-4e4b-b7f3-5645abb0fe8c: receive RaftClientReply:client-574492D41EE7->134d4672-e322-4e4b-b7f3-5645abb0fe8c@group-3CB1DFFBCDC2, cid=2734, SUCCESS, logIndex=4078, commits[134d4672-e322-4e4b-b7f3-5645abb0fe8c:c4079, 73af84f3-3e88-4c8c-894c-3ad307bcac8d:c4075, 730a25a1-dbec-44ed-975b-a44ab0096beb:c4075]
2019-08-30 05:17:55,849 [grpc-default-executor-6] INFO  client.GrpcClientProtocolClient (GrpcClientProtocolClient.java:onNext(255)) - client-574492D41EE7->134d4672-e322-4e4b-b7f3-5645abb0fe8c: receive RaftClientReply:client-574492D41EE7->134d4672-e322-4e4b-b7f3-5645abb0fe8c@group-3CB1DFFBCDC2, cid=2735, SUCCESS, logIndex=4079, commits[134d4672-e322-4e4b-b7f3-5645abb0fe8c:c4079, 73af84f3-3e88-4c8c-894c-3ad307bcac8d:c4075, 730a25a1-dbec-44ed-975b-a44ab0096beb:c4075]
2019-08-30 05:17:55,861 | INFO  | DNAudit | user=null | ip=null | op=WRITE_CHUNK {blockData=conID: 3 locID: 102704236186305128 bcsId: 4075} | ret=SUCCESS |  
2019-08-30 05:17:55,861 | INFO  | DNAudit | user=null | ip=null | op=WRITE_CHUNK {blockData=conID: 3 locID: 102704236186305128 bcsId: 4075} | ret=SUCCESS |  
2019-08-30 05:17:55,861 | INFO  | DNAudit | user=null | ip=null | op=PUT_BLOCK {blockData=[blockId=conID: 3 locID: 102704236186305128 bcsId: 0,size=4194304]} | ret=SUCCESS |  
2019-08-30 05:17:55,863 | INFO  | DNAudit | user=null | ip=null | op=PUT_BLOCK {blockData=[blockId=conID: 3 locID: 102704236186305128 bcsId: 0,size=4194304]} | ret=SUCCESS |  
2019-08-30 05:17:55,864 [grpc-default-executor-5] INFO  client.GrpcClientProtocolClient (GrpcClientProtocolClient.java:onNext(255)) - client-574492D41EE7->134d4672-e322-4e4b-b7f3-5645abb0fe8c: receive RaftClientReply:client-574492D41EE7->134d4672-e322-4e4b-b7f3-5645abb0fe8c@group-3CB1DFFBCDC2, cid=2736, SUCCESS, logIndex=0, commits[134d4672-e322-4e4b-b7f3-5645abb0fe8c:c4080, 73af84f3-3e88-4c8c-894c-3ad307bcac8d:c4079, 730a25a1-dbec-44ed-975b-a44ab0096beb:c4079]
2019-08-30 05:17:55,869 | INFO  | SCMAudit | user=jenkins1000 | ip=192.168.36.106 | op=ALLOCATE_BLOCK {owner=85755eb5-052d-48fa-b271-2fe4d8754e12, size=4194304, type=RATIS, factor=THREE} | ret=SUCCESS |  
2019-08-30 05:17:55,872 | INFO  | OMAudit | user=jenkins1000 | ip=127.0.0.1 | op=ALLOCATE_BLOCK {volume=vol-0-00977, bucket=bucket-0-44205, key=key-0-32850, dataSize=0, replicationType=null, replicationFactor=null, keyLocationInfo=null, clientID=102704234570776978} | ret=SUCCESS |  
2019-08-30 05:17:55,879 | INFO  | DNAudit | user=null | ip=null | op=WRITE_CHUNK {blockData=conID: 1 locID: 102704236191351401 bcsId: 0} | ret=SUCCESS |  
2019-08-30 05:17:55,880 | INFO  | DNAudit | user=null | ip=null | op=WRITE_CHUNK {blockData=conID: 1 locID: 102704236191351401 bcsId: 0} | ret=SUCCESS |  
2019-08-30 05:17:55,881 | INFO  | DNAudit | user=null | ip=null | op=WRITE_CHUNK {blockData=conID: 1 locID: 102704236191351401 bcsId: 0} | ret=SUCCESS |  
2019-08-30 05:17:55,881 | INFO  | DNAudit | user=null | ip=null | op=WRITE_CHUNK {blockData=conID: 1 locID: 102704236191351401 bcsId: 0} | ret=SUCCESS |  
2019-08-30 05:17:55,882 | INFO  | DNAudit | user=null | ip=null | op=WRITE_CHUNK {blockData=conID: 1 locID: 102704236191351401 bcsId: 0} | ret=SUCCESS |  
2019-08-30 05:17:55,883 | INFO  | DNAudit | user=null | ip=null | op=WRITE_CHUNK {blockData=conID: 1 locID: 102704236191351401 bcsId: 0} | ret=SUCCESS |  
2019-08-30 05:17:55,892 | INFO  | DNAudit | user=null | ip=null | op=WRITE_CHUNK {blockData=conID: 1 locID: 102704236191351401 bcsId: 0} | ret=SUCCESS |  
2019-08-30 05:17:55,892 | INFO  | DNAudit | user=null | ip=null | op=PUT_BLOCK {blockData=[blockId=conID: 1 locID: 102704236191351401 bcsId: 0,size=1048576]} | ret=SUCCESS |  
2019-08-30 05:17:55,893 | INFO  | DNAudit | user=null | ip=null | op=WRITE_CHUNK {blockData=conID: 1 locID: 102704236191351401 bcsId: 0} | ret=SUCCESS |  
2019-08-30 05:17:55,893 [grpc-default-executor-3] INFO  client.GrpcClientProtocolClient (GrpcClientProtocolClient.java:onNext(255)) - client-574492D41EE7->134d4672-e322-4e4b-b7f3-5645abb0fe8c: receive RaftClientReply:client-574492D41EE7->134d4672-e322-4e4b-b7f3-5645abb0fe8c@group-3CB1DFFBCDC2, cid=2737, SUCCESS, logIndex=4082, commits[134d4672-e322-4e4b-b7f3-5645abb0fe8c:c4083, 73af84f3-3e88-4c8c-894c-3ad307bcac8d:c4079, 730a25a1-dbec-44ed-975b-a44ab0096beb:c4081]
2019-08-30 05:17:55,893 | INFO  | DNAudit | user=null | ip=null | op=PUT_BLOCK {blockData=[blockId=conID: 1 locID: 102704236191351401 bcsId: 0,size=2097152]} | ret=SUCCESS |  
2019-08-30 05:17:55,893 [grpc-default-executor-3] INFO  client.GrpcClientProtocolClient (GrpcClientProtocolClient.java:onNext(255)) - client-574492D41EE7->134d4672-e322-4e4b-b7f3-5645abb0fe8c: receive RaftClientReply:client-574492D41EE7->134d4672-e322-4e4b-b7f3-5645abb0fe8c@group-3CB1DFFBCDC2, cid=2738, SUCCESS, logIndex=4083, commits[134d4672-e322-4e4b-b7f3-5645abb0fe8c:c4085, 73af84f3-3e88-4c8c-894c-3ad307bcac8d:c4081, 730a25a1-dbec-44ed-975b-a44ab0096beb:c4081]
2019-08-30 05:17:55,893 [grpc-default-executor-3] INFO  client.GrpcClientProtocolClient (GrpcClientProtocolClient.java:onNext(255)) - client-574492D41EE7->134d4672-e322-4e4b-b7f3-5645abb0fe8c: receive RaftClientReply:client-574492D41EE7->134d4672-e322-4e4b-b7f3-5645abb0fe8c@group-3CB1DFFBCDC2, cid=2739, SUCCESS, logIndex=4084, commits[134d4672-e322-4e4b-b7f3-5645abb0fe8c:c4085, 73af84f3-3e88-4c8c-894c-3ad307bcac8d:c4081, 730a25a1-dbec-44ed-975b-a44ab0096beb:c4081]
2019-08-30 05:17:55,893 [grpc-default-executor-3] INFO  client.GrpcClientProtocolClient (GrpcClientProtocolClient.java:onNext(255)) - client-574492D41EE7->134d4672-e322-4e4b-b7f3-5645abb0fe8c: receive RaftClientReply:client-574492D41EE7->134d4672-e322-4e4b-b7f3-5645abb0fe8c@group-3CB1DFFBCDC2, cid=2740, SUCCESS, logIndex=4085, commits[134d4672-e322-4e4b-b7f3-5645abb0fe8c:c4085, 73af84f3-3e88-4c8c-894c-3ad307bcac8d:c4081, 730a25a1-dbec-44ed-975b-a44ab0096beb:c4081]
2019-08-30 05:17:55,895 | INFO  | DNAudit | user=null | ip=null | op=WRITE_CHUNK {blockData=conID: 1 locID: 102704236191351401 bcsId: 0} | ret=SUCCESS |  
2019-08-30 05:17:55,895 | INFO  | DNAudit | user=null | ip=null | op=PUT_BLOCK {blockData=[blockId=conID: 1 locID: 102704236191351401 bcsId: 0,size=1048576]} | ret=SUCCESS |  
2019-08-30 05:17:55,906 | INFO  | DNAudit | user=null | ip=null | op=WRITE_CHUNK {blockData=conID: 1 locID: 102704236191351401 bcsId: 0} | ret=SUCCESS |  
2019-08-30 05:17:55,906 | INFO  | DNAudit | user=null | ip=null | op=PUT_BLOCK {blockData=[blockId=conID: 1 locID: 102704236191351401 bcsId: 0,size=1048576]} | ret=SUCCESS |  
2019-08-30 05:17:55,906 [grpc-default-executor-3] INFO  client.GrpcClientProtocolClient (GrpcClientProtocolClient.java:onNext(255)) - client-574492D41EE7->134d4672-e322-4e4b-b7f3-5645abb0fe8c: receive RaftClientReply:client-574492D41EE7->134d4672-e322-4e4b-b7f3-5645abb0fe8c@group-3CB1DFFBCDC2, cid=2741, SUCCESS, logIndex=0, commits[134d4672-e322-4e4b-b7f3-5645abb0fe8c:c4086, 73af84f3-3e88-4c8c-894c-3ad307bcac8d:c4083, 730a25a1-dbec-44ed-975b-a44ab0096beb:c4083]
2019-08-30 05:17:55,908 | INFO  | DNAudit | user=null | ip=null | op=WRITE_CHUNK {blockData=conID: 1 locID: 102704236191351401 bcsId: 0} | ret=SUCCESS |  
2019-08-30 05:17:55,908 | INFO  | DNAudit | user=null | ip=null | op=PUT_BLOCK {blockData=[blockId=conID: 1 locID: 102704236191351401 bcsId: 0,size=2097152]} | ret=SUCCESS |  
2019-08-30 05:17:55,909 | INFO  | DNAudit | user=null | ip=null | op=WRITE_CHUNK {blockData=conID: 1 locID: 102704236191351401 bcsId: 0} | ret=SUCCESS |  
2019-08-30 05:17:55,909 | INFO  | DNAudit | user=null | ip=null | op=PUT_BLOCK {blockData=[blockId=conID: 1 locID: 102704236191351401 bcsId: 0,size=2097152]} | ret=SUCCESS |  
2019-08-30 05:17:55,912 | INFO  | DNAudit | user=null | ip=null | op=WRITE_CHUNK {blockData=conID: 1 locID: 102704236191351401 bcsId: 4085} | ret=SUCCESS |  
2019-08-30 05:17:55,913 | INFO  | DNAudit | user=null | ip=null | op=WRITE_CHUNK {blockData=conID: 1 locID: 102704236191351401 bcsId: 4085} | ret=SUCCESS |  
2019-08-30 05:17:55,914 | INFO  | DNAudit | user=null | ip=null | op=WRITE_CHUNK {blockData=conID: 1 locID: 102704236191351401 bcsId: 4085} | ret=SUCCESS |  
2019-08-30 05:17:55,932 | INFO  | DNAudit | user=null | ip=null | op=WRITE_CHUNK {blockData=conID: 1 locID: 102704236191351401 bcsId: 4085} | ret=SUCCESS |  
2019-08-30 05:17:55,933 | INFO  | DNAudit | user=null | ip=null | op=PUT_BLOCK {blockData=[blockId=conID: 1 locID: 102704236191351401 bcsId: 0,size=3145728]} | ret=SUCCESS |  
2019-08-30 05:17:55,933 [grpc-default-executor-3] INFO  client.GrpcClientProtocolClient (GrpcClientProtocolClient.java:onNext(255)) - client-574492D41EE7->134d4672-e322-4e4b-b7f3-5645abb0fe8c: receive RaftClientReply:client-574492D41EE7->134d4672-e322-4e4b-b7f3-5645abb0fe8c@group-3CB1DFFBCDC2, cid=2742, SUCCESS, logIndex=4090, commits[134d4672-e322-4e4b-b7f3-5645abb0fe8c:c4091, 73af84f3-3e88-4c8c-894c-3ad307bcac8d:c4089, 730a25a1-dbec-44ed-975b-a44ab0096beb:c4089]
2019-08-30 05:17:55,933 [grpc-default-executor-3] INFO  client.GrpcClientProtocolClient (GrpcClientProtocolClient.java:onNext(255)) - client-574492D41EE7->134d4672-e322-4e4b-b7f3-5645abb0fe8c: receive RaftClientReply:client-574492D41EE7->134d4672-e322-4e4b-b7f3-5645abb0fe8c@group-3CB1DFFBCDC2, cid=2743, SUCCESS, logIndex=4091, commits[134d4672-e322-4e4b-b7f3-5645abb0fe8c:c4091, 73af84f3-3e88-4c8c-894c-3ad307bcac8d:c4089, 730a25a1-dbec-44ed-975b-a44ab0096beb:c4089]
2019-08-30 05:17:55,939 | INFO  | DNAudit | user=null | ip=null | op=WRITE_CHUNK {blockData=conID: 1 locID: 102704236191351401 bcsId: 4091} | ret=SUCCESS |  
2019-08-30 05:17:55,942 | INFO  | DNAudit | user=null | ip=null | op=WRITE_CHUNK {blockData=conID: 1 locID: 102704236191351401 bcsId: 4091} | ret=SUCCESS |  
2019-08-30 05:17:55,942 | INFO  | DNAudit | user=null | ip=null | op=WRITE_CHUNK {blockData=conID: 1 locID: 102704236191351401 bcsId: 4091} | ret=SUCCESS |  
2019-08-30 05:17:55,944 | INFO  | DNAudit | user=null | ip=null | op=WRITE_CHUNK {blockData=conID: 1 locID: 102704236191351401 bcsId: 4085} | ret=SUCCESS |  
2019-08-30 05:17:55,944 | INFO  | DNAudit | user=null | ip=null | op=WRITE_CHUNK {blockData=conID: 1 locID: 102704236191351401 bcsId: 4085} | ret=SUCCESS |  
2019-08-30 05:17:55,947 | INFO  | DNAudit | user=null | ip=null | op=PUT_BLOCK {blockData=[blockId=conID: 1 locID: 102704236191351401 bcsId: 0,size=3145728]} | ret=SUCCESS |  
2019-08-30 05:17:55,947 | INFO  | DNAudit | user=null | ip=null | op=PUT_BLOCK {blockData=[blockId=conID: 1 locID: 102704236191351401 bcsId: 0,size=3145728]} | ret=SUCCESS |  
2019-08-30 05:17:55,947 | INFO  | DNAudit | user=null | ip=null | op=WRITE_CHUNK {blockData=conID: 1 locID: 102704236191351401 bcsId: 4091} | ret=SUCCESS |  
2019-08-30 05:17:55,948 | INFO  | DNAudit | user=null | ip=null | op=PUT_BLOCK {blockData=[blockId=conID: 1 locID: 102704236191351401 bcsId: 0,size=4194304]} | ret=SUCCESS |  
2019-08-30 05:17:55,948 [grpc-default-executor-3] INFO  client.GrpcClientProtocolClient (GrpcClientProtocolClient.java:onNext(255)) - client-574492D41EE7->134d4672-e322-4e4b-b7f3-5645abb0fe8c: receive RaftClientReply:client-574492D41EE7->134d4672-e322-4e4b-b7f3-5645abb0fe8c@group-3CB1DFFBCDC2, cid=2744, SUCCESS, logIndex=4094, commits[134d4672-e322-4e4b-b7f3-5645abb0fe8c:c4095, 73af84f3-3e88-4c8c-894c-3ad307bcac8d:c4091, 730a25a1-dbec-44ed-975b-a44ab0096beb:c4091]
2019-08-30 05:17:55,948 [grpc-default-executor-3] INFO  client.GrpcClientProtocolClient (GrpcClientProtocolClient.java:onNext(255)) - client-574492D41EE7->134d4672-e322-4e4b-b7f3-5645abb0fe8c: receive RaftClientReply:client-574492D41EE7->134d4672-e322-4e4b-b7f3-5645abb0fe8c@group-3CB1DFFBCDC2, cid=2745, SUCCESS, logIndex=4095, commits[134d4672-e322-4e4b-b7f3-5645abb0fe8c:c4095, 73af84f3-3e88-4c8c-894c-3ad307bcac8d:c4091, 730a25a1-dbec-44ed-975b-a44ab0096beb:c4091]
2019-08-30 05:17:55,959 | INFO  | DNAudit | user=null | ip=null | op=WRITE_CHUNK {blockData=conID: 1 locID: 102704236191351401 bcsId: 4091} | ret=SUCCESS |  
2019-08-30 05:17:55,959 | INFO  | DNAudit | user=null | ip=null | op=WRITE_CHUNK {blockData=conID: 1 locID: 102704236191351401 bcsId: 4091} | ret=SUCCESS |  
2019-08-30 05:17:55,960 | INFO  | DNAudit | user=null | ip=null | op=PUT_BLOCK {blockData=[blockId=conID: 1 locID: 102704236191351401 bcsId: 0,size=4194304]} | ret=SUCCESS |  
2019-08-30 05:17:55,961 | INFO  | DNAudit | user=null | ip=null | op=PUT_BLOCK {blockData=[blockId=conID: 1 locID: 102704236191351401 bcsId: 0,size=4194304]} | ret=SUCCESS |  
2019-08-30 05:17:55,961 [grpc-default-executor-3] INFO  client.GrpcClientProtocolClient (GrpcClientProtocolClient.java:onNext(255)) - client-574492D41EE7->134d4672-e322-4e4b-b7f3-5645abb0fe8c: receive RaftClientReply:client-574492D41EE7->134d4672-e322-4e4b-b7f3-5645abb0fe8c@group-3CB1DFFBCDC2, cid=2746, SUCCESS, logIndex=0, commits[134d4672-e322-4e4b-b7f3-5645abb0fe8c:c4097, 73af84f3-3e88-4c8c-894c-3ad307bcac8d:c4095, 730a25a1-dbec-44ed-975b-a44ab0096beb:c4095]
2019-08-30 05:17:55,966 | INFO  | SCMAudit | user=jenkins1000 | ip=192.168.36.106 | op=ALLOCATE_BLOCK {owner=85755eb5-052d-48fa-b271-2fe4d8754e12, size=4194304, type=RATIS, factor=THREE} | ret=SUCCESS |  
2019-08-30 05:17:55,970 | INFO  | OMAudit | user=jenkins1000 | ip=127.0.0.1 | op=ALLOCATE_BLOCK {volume=vol-0-00977, bucket=bucket-0-44205, key=key-0-32850, dataSize=0, replicationType=null, replicationFactor=null, keyLocationInfo=null, clientID=102704234570776978} | ret=SUCCESS |  
2019-08-30 05:17:55,976 | INFO  | DNAudit | user=null | ip=null | op=WRITE_CHUNK {blockData=conID: 2 locID: 102704236197708394 bcsId: 0} | ret=SUCCESS |  
2019-08-30 05:17:55,978 | INFO  | DNAudit | user=null | ip=null | op=WRITE_CHUNK {blockData=conID: 2 locID: 102704236197708394 bcsId: 0} | ret=SUCCESS |  
2019-08-30 05:17:55,979 | INFO  | DNAudit | user=null | ip=null | op=WRITE_CHUNK {blockData=conID: 2 locID: 102704236197708394 bcsId: 0} | ret=SUCCESS |  
2019-08-30 05:17:55,979 | INFO  | DNAudit | user=null | ip=null | op=WRITE_CHUNK {blockData=conID: 2 locID: 102704236197708394 bcsId: 0} | ret=SUCCESS |  
2019-08-30 05:17:55,980 | INFO  | DNAudit | user=null | ip=null | op=WRITE_CHUNK {blockData=conID: 2 locID: 102704236197708394 bcsId: 0} | ret=SUCCESS |  
2019-08-30 05:17:55,980 | INFO  | DNAudit | user=null | ip=null | op=WRITE_CHUNK {blockData=conID: 2 locID: 102704236197708394 bcsId: 0} | ret=SUCCESS |  
2019-08-30 05:17:55,988 | INFO  | DNAudit | user=null | ip=null | op=WRITE_CHUNK {blockData=conID: 2 locID: 102704236197708394 bcsId: 0} | ret=SUCCESS |  
2019-08-30 05:17:55,989 | INFO  | DNAudit | user=null | ip=null | op=PUT_BLOCK {blockData=[blockId=conID: 2 locID: 102704236197708394 bcsId: 0,size=1048576]} | ret=SUCCESS |  
2019-08-30 05:17:55,989 | INFO  | DNAudit | user=null | ip=null | op=WRITE_CHUNK {blockData=conID: 2 locID: 102704236197708394 bcsId: 0} | ret=SUCCESS |  
2019-08-30 05:17:55,989 [grpc-default-executor-6] INFO  client.GrpcClientProtocolClient (GrpcClientProtocolClient.java:onNext(255)) - client-574492D41EE7->134d4672-e322-4e4b-b7f3-5645abb0fe8c: receive RaftClientReply:client-574492D41EE7->134d4672-e322-4e4b-b7f3-5645abb0fe8c@group-3CB1DFFBCDC2, cid=2747, SUCCESS, logIndex=4098, commits[134d4672-e322-4e4b-b7f3-5645abb0fe8c:c4099, 73af84f3-3e88-4c8c-894c-3ad307bcac8d:c4097, 730a25a1-dbec-44ed-975b-a44ab0096beb:c4097]
2019-08-30 05:17:55,989 | INFO  | DNAudit | user=null | ip=null | op=PUT_BLOCK {blockData=[blockId=conID: 2 locID: 102704236197708394 bcsId: 0,size=2097152]} | ret=SUCCESS |  
2019-08-30 05:17:55,990 | INFO  | DNAudit | user=null | ip=null | op=WRITE_CHUNK {blockData=conID: 2 locID: 102704236197708394 bcsId: 0} | ret=SUCCESS |  
2019-08-30 05:17:55,990 | INFO  | DNAudit | user=null | ip=null | op=WRITE_CHUNK {blockData=conID: 2 locID: 102704236197708394 bcsId: 0} | ret=SUCCESS |  
2019-08-30 05:17:55,990 [grpc-default-executor-5] INFO  client.GrpcClientProtocolClient (GrpcClientProtocolClient.java:onNext(255)) - client-574492D41EE7->134d4672-e322-4e4b-b7f3-5645abb0fe8c: receive RaftClientReply:client-574492D41EE7->134d4672-e322-4e4b-b7f3-5645abb0fe8c@group-3CB1DFFBCDC2, cid=2748, SUCCESS, logIndex=4099, commits[134d4672-e322-4e4b-b7f3-5645abb0fe8c:c4101, 73af84f3-3e88-4c8c-894c-3ad307bcac8d:c4097, 730a25a1-dbec-44ed-975b-a44ab0096beb:c4097]
2019-08-30 05:17:55,990 | INFO  | DNAudit | user=null | ip=null | op=PUT_BLOCK {blockData=[blockId=conID: 2 locID: 102704236197708394 bcsId: 0,size=1048576]} | ret=SUCCESS |  
2019-08-30 05:17:55,990 | INFO  | DNAudit | user=null | ip=null | op=PUT_BLOCK {blockData=[blockId=conID: 2 locID: 102704236197708394 bcsId: 0,size=1048576]} | ret=SUCCESS |  
2019-08-30 05:17:55,990 [grpc-default-executor-5] INFO  client.GrpcClientProtocolClient (GrpcClientProtocolClient.java:onNext(255)) - client-574492D41EE7->134d4672-e322-4e4b-b7f3-5645abb0fe8c: receive RaftClientReply:client-574492D41EE7->134d4672-e322-4e4b-b7f3-5645abb0fe8c@group-3CB1DFFBCDC2, cid=2749, SUCCESS, logIndex=4100, commits[134d4672-e322-4e4b-b7f3-5645abb0fe8c:c4101, 73af84f3-3e88-4c8c-894c-3ad307bcac8d:c4097, 730a25a1-dbec-44ed-975b-a44ab0096beb:c4097]
2019-08-30 05:17:55,990 [grpc-default-executor-5] INFO  client.GrpcClientProtocolClient (GrpcClientProtocolClient.java:onNext(255)) - client-574492D41EE7->134d4672-e322-4e4b-b7f3-5645abb0fe8c: receive RaftClientReply:client-574492D41EE7->134d4672-e322-4e4b-b7f3-5645abb0fe8c@group-3CB1DFFBCDC2, cid=2750, SUCCESS, logIndex=4101, commits[134d4672-e322-4e4b-b7f3-5645abb0fe8c:c4101, 73af84f3-3e88-4c8c-894c-3ad307bcac8d:c4097, 730a25a1-dbec-44ed-975b-a44ab0096beb:c4097]
2019-08-30 05:17:55,990 | INFO  | DNAudit | user=null | ip=null | op=WRITE_CHUNK {blockData=conID: 2 locID: 102704236197708394 bcsId: 0} | ret=SUCCESS |  
2019-08-30 05:17:55,990 | INFO  | DNAudit | user=null | ip=null | op=PUT_BLOCK {blockData=[blockId=conID: 2 locID: 102704236197708394 bcsId: 0,size=2097152]} | ret=SUCCESS |  
2019-08-30 05:17:55,991 | INFO  | DNAudit | user=null | ip=null | op=WRITE_CHUNK {blockData=conID: 2 locID: 102704236197708394 bcsId: 0} | ret=SUCCESS |  
2019-08-30 05:17:55,991 | INFO  | DNAudit | user=null | ip=null | op=PUT_BLOCK {blockData=[blockId=conID: 2 locID: 102704236197708394 bcsId: 0,size=2097152]} | ret=SUCCESS |  
2019-08-30 05:17:55,991 [grpc-default-executor-6] INFO  client.GrpcClientProtocolClient (GrpcClientProtocolClient.java:onNext(255)) - client-574492D41EE7->134d4672-e322-4e4b-b7f3-5645abb0fe8c: receive RaftClientReply:client-574492D41EE7->134d4672-e322-4e4b-b7f3-5645abb0fe8c@group-3CB1DFFBCDC2, cid=2751, SUCCESS, logIndex=0, commits[134d4672-e322-4e4b-b7f3-5645abb0fe8c:c4105, 73af84f3-3e88-4c8c-894c-3ad307bcac8d:c4101, 730a25a1-dbec-44ed-975b-a44ab0096beb:c4099]
2019-08-30 05:17:55,997 | INFO  | DNAudit | user=null | ip=null | op=WRITE_CHUNK {blockData=conID: 2 locID: 102704236197708394 bcsId: 4101} | ret=SUCCESS |  
2019-08-30 05:17:55,999 | INFO  | DNAudit | user=null | ip=null | op=WRITE_CHUNK {blockData=conID: 2 locID: 102704236197708394 bcsId: 4101} | ret=SUCCESS |  
2019-08-30 05:17:56,000 | INFO  | DNAudit | user=null | ip=null | op=WRITE_CHUNK {blockData=conID: 2 locID: 102704236197708394 bcsId: 4101} | ret=SUCCESS |  
2019-08-30 05:17:56,009 | INFO  | DNAudit | user=null | ip=null | op=WRITE_CHUNK {blockData=conID: 2 locID: 102704236197708394 bcsId: 4101} | ret=SUCCESS |  
2019-08-30 05:17:56,010 | INFO  | DNAudit | user=null | ip=null | op=PUT_BLOCK {blockData=[blockId=conID: 2 locID: 102704236197708394 bcsId: 0,size=3145728]} | ret=SUCCESS |  
2019-08-30 05:17:56,010 [grpc-default-executor-6] INFO  client.GrpcClientProtocolClient (GrpcClientProtocolClient.java:onNext(255)) - client-574492D41EE7->134d4672-e322-4e4b-b7f3-5645abb0fe8c: receive RaftClientReply:client-574492D41EE7->134d4672-e322-4e4b-b7f3-5645abb0fe8c@group-3CB1DFFBCDC2, cid=2752, SUCCESS, logIndex=4106, commits[134d4672-e322-4e4b-b7f3-5645abb0fe8c:c4107, 73af84f3-3e88-4c8c-894c-3ad307bcac8d:c4105, 730a25a1-dbec-44ed-975b-a44ab0096beb:c4105]
2019-08-30 05:17:56,010 [grpc-default-executor-6] INFO  client.GrpcClientProtocolClient (GrpcClientProtocolClient.java:onNext(255)) - client-574492D41EE7->134d4672-e322-4e4b-b7f3-5645abb0fe8c: receive RaftClientReply:client-574492D41EE7->134d4672-e322-4e4b-b7f3-5645abb0fe8c@group-3CB1DFFBCDC2, cid=2753, SUCCESS, logIndex=4107, commits[134d4672-e322-4e4b-b7f3-5645abb0fe8c:c4107, 73af84f3-3e88-4c8c-894c-3ad307bcac8d:c4105, 730a25a1-dbec-44ed-975b-a44ab0096beb:c4105]
2019-08-30 05:17:56,011 | INFO  | DNAudit | user=null | ip=null | op=WRITE_CHUNK {blockData=conID: 2 locID: 102704236197708394 bcsId: 4101} | ret=SUCCESS |  
2019-08-30 05:17:56,011 | INFO  | DNAudit | user=null | ip=null | op=WRITE_CHUNK {blockData=conID: 2 locID: 102704236197708394 bcsId: 4101} | ret=SUCCESS |  
2019-08-30 05:17:56,012 | INFO  | DNAudit | user=null | ip=null | op=PUT_BLOCK {blockData=[blockId=conID: 2 locID: 102704236197708394 bcsId: 0,size=3145728]} | ret=SUCCESS |  
2019-08-30 05:17:56,012 | INFO  | DNAudit | user=null | ip=null | op=PUT_BLOCK {blockData=[blockId=conID: 2 locID: 102704236197708394 bcsId: 0,size=3145728]} | ret=SUCCESS |  
2019-08-30 05:17:56,016 | INFO  | DNAudit | user=null | ip=null | op=WRITE_CHUNK {blockData=conID: 2 locID: 102704236197708394 bcsId: 4107} | ret=SUCCESS |  
2019-08-30 05:17:56,018 | INFO  | DNAudit | user=null | ip=null | op=WRITE_CHUNK {blockData=conID: 2 locID: 102704236197708394 bcsId: 4107} | ret=SUCCESS |  
2019-08-30 05:17:56,018 | INFO  | DNAudit | user=null | ip=null | op=WRITE_CHUNK {blockData=conID: 2 locID: 102704236197708394 bcsId: 4107} | ret=SUCCESS |  
2019-08-30 05:17:56,029 | INFO  | DNAudit | user=null | ip=null | op=WRITE_CHUNK {blockData=conID: 2 locID: 102704236197708394 bcsId: 4107} | ret=SUCCESS |  
2019-08-30 05:17:56,029 | INFO  | DNAudit | user=null | ip=null | op=PUT_BLOCK {blockData=[blockId=conID: 2 locID: 102704236197708394 bcsId: 0,size=4194304]} | ret=SUCCESS |  
2019-08-30 05:17:56,029 [grpc-default-executor-3] INFO  client.GrpcClientProtocolClient (GrpcClientProtocolClient.java:onNext(255)) - client-574492D41EE7->134d4672-e322-4e4b-b7f3-5645abb0fe8c: receive RaftClientReply:client-574492D41EE7->134d4672-e322-4e4b-b7f3-5645abb0fe8c@group-3CB1DFFBCDC2, cid=2754, SUCCESS, logIndex=4110, commits[134d4672-e322-4e4b-b7f3-5645abb0fe8c:c4111, 73af84f3-3e88-4c8c-894c-3ad307bcac8d:c4109, 730a25a1-dbec-44ed-975b-a44ab0096beb:c4109]
2019-08-30 05:17:56,029 [grpc-default-executor-3] INFO  client.GrpcClientProtocolClient (GrpcClientProtocolClient.java:onNext(255)) - client-574492D41EE7->134d4672-e322-4e4b-b7f3-5645abb0fe8c: receive RaftClientReply:client-574492D41EE7->134d4672-e322-4e4b-b7f3-5645abb0fe8c@group-3CB1DFFBCDC2, cid=2755, SUCCESS, logIndex=4111, commits[134d4672-e322-4e4b-b7f3-5645abb0fe8c:c4111, 73af84f3-3e88-4c8c-894c-3ad307bcac8d:c4109, 730a25a1-dbec-44ed-975b-a44ab0096beb:c4109]
2019-08-30 05:17:56,040 | INFO  | DNAudit | user=null | ip=null | op=WRITE_CHUNK {blockData=conID: 2 locID: 102704236197708394 bcsId: 4107} | ret=SUCCESS |  
2019-08-30 05:17:56,040 | INFO  | DNAudit | user=null | ip=null | op=WRITE_CHUNK {blockData=conID: 2 locID: 102704236197708394 bcsId: 4107} | ret=SUCCESS |  
2019-08-30 05:17:56,041 | INFO  | DNAudit | user=null | ip=null | op=PUT_BLOCK {blockData=[blockId=conID: 2 locID: 102704236197708394 bcsId: 0,size=4194304]} | ret=SUCCESS |  
2019-08-30 05:17:56,043 | INFO  | DNAudit | user=null | ip=null | op=PUT_BLOCK {blockData=[blockId=conID: 2 locID: 102704236197708394 bcsId: 0,size=4194304]} | ret=SUCCESS |  
2019-08-30 05:17:56,043 [grpc-default-executor-3] INFO  client.GrpcClientProtocolClient (GrpcClientProtocolClient.java:onNext(255)) - client-574492D41EE7->134d4672-e322-4e4b-b7f3-5645abb0fe8c: receive RaftClientReply:client-574492D41EE7->134d4672-e322-4e4b-b7f3-5645abb0fe8c@group-3CB1DFFBCDC2, cid=2756, SUCCESS, logIndex=0, commits[134d4672-e322-4e4b-b7f3-5645abb0fe8c:c4113, 73af84f3-3e88-4c8c-894c-3ad307bcac8d:c4111, 730a25a1-dbec-44ed-975b-a44ab0096beb:c4111]
2019-08-30 05:17:56,047 | INFO  | SCMAudit | user=jenkins1000 | ip=192.168.36.106 | op=ALLOCATE_BLOCK {owner=85755eb5-052d-48fa-b271-2fe4d8754e12, size=4194304, type=RATIS, factor=THREE} | ret=SUCCESS |  
2019-08-30 05:17:56,050 | INFO  | OMAudit | user=jenkins1000 | ip=127.0.0.1 | op=ALLOCATE_BLOCK {volume=vol-0-00977, bucket=bucket-0-44205, key=key-0-32850, dataSize=0, replicationType=null, replicationFactor=null, keyLocationInfo=null, clientID=102704234570776978} | ret=SUCCESS |  
2019-08-30 05:17:56,056 | INFO  | DNAudit | user=null | ip=null | op=WRITE_CHUNK {blockData=conID: 3 locID: 102704236203016811 bcsId: 0} | ret=SUCCESS |  
2019-08-30 05:17:56,059 | INFO  | DNAudit | user=null | ip=null | op=WRITE_CHUNK {blockData=conID: 3 locID: 102704236203016811 bcsId: 0} | ret=SUCCESS |  
2019-08-30 05:17:56,059 | INFO  | DNAudit | user=null | ip=null | op=WRITE_CHUNK {blockData=conID: 3 locID: 102704236203016811 bcsId: 0} | ret=SUCCESS |  
2019-08-30 05:17:56,059 | INFO  | DNAudit | user=null | ip=null | op=WRITE_CHUNK {blockData=conID: 3 locID: 102704236203016811 bcsId: 0} | ret=SUCCESS |  
2019-08-30 05:17:56,060 | INFO  | DNAudit | user=null | ip=null | op=WRITE_CHUNK {blockData=conID: 3 locID: 102704236203016811 bcsId: 0} | ret=SUCCESS |  
2019-08-30 05:17:56,061 | INFO  | DNAudit | user=null | ip=null | op=WRITE_CHUNK {blockData=conID: 3 locID: 102704236203016811 bcsId: 0} | ret=SUCCESS |  
2019-08-30 05:17:56,068 | INFO  | DNAudit | user=null | ip=null | op=WRITE_CHUNK {blockData=conID: 3 locID: 102704236203016811 bcsId: 0} | ret=SUCCESS |  
2019-08-30 05:17:56,069 | INFO  | DNAudit | user=null | ip=null | op=PUT_BLOCK {blockData=[blockId=conID: 3 locID: 102704236203016811 bcsId: 0,size=1048576]} | ret=SUCCESS |  
2019-08-30 05:17:56,069 [grpc-default-executor-6] INFO  client.GrpcClientProtocolClient (GrpcClientProtocolClient.java:onNext(255)) - client-574492D41EE7->134d4672-e322-4e4b-b7f3-5645abb0fe8c: receive RaftClientReply:client-574492D41EE7->134d4672-e322-4e4b-b7f3-5645abb0fe8c@group-3CB1DFFBCDC2, cid=2757, SUCCESS, logIndex=4114, commits[134d4672-e322-4e4b-b7f3-5645abb0fe8c:c4115, 73af84f3-3e88-4c8c-894c-3ad307bcac8d:c4113, 730a25a1-dbec-44ed-975b-a44ab0096beb:c4113]
2019-08-30 05:17:56,069 [grpc-default-executor-6] INFO  client.GrpcClientProtocolClient (GrpcClientProtocolClient.java:onNext(255)) - client-574492D41EE7->134d4672-e322-4e4b-b7f3-5645abb0fe8c: receive RaftClientReply:client-574492D41EE7->134d4672-e322-4e4b-b7f3-5645abb0fe8c@group-3CB1DFFBCDC2, cid=2758, SUCCESS, logIndex=4115, commits[134d4672-e322-4e4b-b7f3-5645abb0fe8c:c4115, 73af84f3-3e88-4c8c-894c-3ad307bcac8d:c4113, 730a25a1-dbec-44ed-975b-a44ab0096beb:c4113]
2019-08-30 05:17:56,069 | INFO  | DNAudit | user=null | ip=null | op=WRITE_CHUNK {blockData=conID: 3 locID: 102704236203016811 bcsId: 0} | ret=SUCCESS |  
2019-08-30 05:17:56,069 | INFO  | DNAudit | user=null | ip=null | op=PUT_BLOCK {blockData=[blockId=conID: 3 locID: 102704236203016811 bcsId: 0,size=2097152]} | ret=SUCCESS |  
2019-08-30 05:17:56,070 [grpc-default-executor-6] INFO  client.GrpcClientProtocolClient (GrpcClientProtocolClient.java:onNext(255)) - client-574492D41EE7->134d4672-e322-4e4b-b7f3-5645abb0fe8c: receive RaftClientReply:client-574492D41EE7->134d4672-e322-4e4b-b7f3-5645abb0fe8c@group-3CB1DFFBCDC2, cid=2759, SUCCESS, logIndex=4116, commits[134d4672-e322-4e4b-b7f3-5645abb0fe8c:c4117, 73af84f3-3e88-4c8c-894c-3ad307bcac8d:c4113, 730a25a1-dbec-44ed-975b-a44ab0096beb:c4113]
2019-08-30 05:17:56,070 [grpc-default-executor-6] INFO  client.GrpcClientProtocolClient (GrpcClientProtocolClient.java:onNext(255)) - client-574492D41EE7->134d4672-e322-4e4b-b7f3-5645abb0fe8c: receive RaftClientReply:client-574492D41EE7->134d4672-e322-4e4b-b7f3-5645abb0fe8c@group-3CB1DFFBCDC2, cid=2760, SUCCESS, logIndex=4117, commits[134d4672-e322-4e4b-b7f3-5645abb0fe8c:c4117, 73af84f3-3e88-4c8c-894c-3ad307bcac8d:c4113, 730a25a1-dbec-44ed-975b-a44ab0096beb:c4113]
2019-08-30 05:17:56,082 | INFO  | DNAudit | user=null | ip=null | op=WRITE_CHUNK {blockData=conID: 3 locID: 102704236203016811 bcsId: 0} | ret=SUCCESS |  
2019-08-30 05:17:56,082 | INFO  | DNAudit | user=null | ip=null | op=PUT_BLOCK {blockData=[blockId=conID: 3 locID: 102704236203016811 bcsId: 0,size=1048576]} | ret=SUCCESS |  
2019-08-30 05:17:56,082 | INFO  | DNAudit | user=null | ip=null | op=WRITE_CHUNK {blockData=conID: 3 locID: 102704236203016811 bcsId: 0} | ret=SUCCESS |  
2019-08-30 05:17:56,083 | INFO  | DNAudit | user=null | ip=null | op=PUT_BLOCK {blockData=[blockId=conID: 3 locID: 102704236203016811 bcsId: 0,size=1048576]} | ret=SUCCESS |  
2019-08-30 05:17:56,083 | INFO  | DNAudit | user=null | ip=null | op=WRITE_CHUNK {blockData=conID: 3 locID: 102704236203016811 bcsId: 0} | ret=SUCCESS |  
2019-08-30 05:17:56,083 [grpc-default-executor-6] INFO  client.GrpcClientProtocolClient (GrpcClientProtocolClient.java:onNext(255)) - client-574492D41EE7->134d4672-e322-4e4b-b7f3-5645abb0fe8c: receive RaftClientReply:client-574492D41EE7->134d4672-e322-4e4b-b7f3-5645abb0fe8c@group-3CB1DFFBCDC2, cid=2761, SUCCESS, logIndex=0, commits[134d4672-e322-4e4b-b7f3-5645abb0fe8c:c4119, 73af84f3-3e88-4c8c-894c-3ad307bcac8d:c4115, 730a25a1-dbec-44ed-975b-a44ab0096beb:c4115]
2019-08-30 05:17:56,083 | INFO  | DNAudit | user=null | ip=null | op=WRITE_CHUNK {blockData=conID: 3 locID: 102704236203016811 bcsId: 0} | ret=SUCCESS |  
2019-08-30 05:17:56,083 | INFO  | DNAudit | user=null | ip=null | op=PUT_BLOCK {blockData=[blockId=conID: 3 locID: 102704236203016811 bcsId: 0,size=2097152]} | ret=SUCCESS |  
2019-08-30 05:17:56,083 | INFO  | DNAudit | user=null | ip=null | op=PUT_BLOCK {blockData=[blockId=conID: 3 locID: 102704236203016811 bcsId: 0,size=2097152]} | ret=SUCCESS |  
2019-08-30 05:17:56,088 | INFO  | DNAudit | user=null | ip=null | op=WRITE_CHUNK {blockData=conID: 3 locID: 102704236203016811 bcsId: 4117} | ret=SUCCESS |  
2019-08-30 05:17:56,090 | INFO  | DNAudit | user=null | ip=null | op=WRITE_CHUNK {blockData=conID: 3 locID: 102704236203016811 bcsId: 4117} | ret=SUCCESS |  
2019-08-30 05:17:56,090 | INFO  | DNAudit | user=null | ip=null | op=WRITE_CHUNK {blockData=conID: 3 locID: 102704236203016811 bcsId: 4117} | ret=SUCCESS |  
2019-08-30 05:17:56,100 | INFO  | DNAudit | user=null | ip=null | op=WRITE_CHUNK {blockData=conID: 3 locID: 102704236203016811 bcsId: 4117} | ret=SUCCESS |  
2019-08-30 05:17:56,101 | INFO  | DNAudit | user=null | ip=null | op=PUT_BLOCK {blockData=[blockId=conID: 3 locID: 102704236203016811 bcsId: 0,size=3145728]} | ret=SUCCESS |  
2019-08-30 05:17:56,101 [grpc-default-executor-6] INFO  client.GrpcClientProtocolClient (GrpcClientProtocolClient.java:onNext(255)) - client-574492D41EE7->134d4672-e322-4e4b-b7f3-5645abb0fe8c: receive RaftClientReply:client-574492D41EE7->134d4672-e322-4e4b-b7f3-5645abb0fe8c@group-3CB1DFFBCDC2, cid=2762, SUCCESS, logIndex=4122, commits[134d4672-e322-4e4b-b7f3-5645abb0fe8c:c4123, 73af84f3-3e88-4c8c-894c-3ad307bcac8d:c4121, 730a25a1-dbec-44ed-975b-a44ab0096beb:c4121]
2019-08-30 05:17:56,101 [grpc-default-executor-6] INFO  client.GrpcClientProtocolClient (GrpcClientProtocolClient.java:onNext(255)) - client-574492D41EE7->134d4672-e322-4e4b-b7f3-5645abb0fe8c: receive RaftClientReply:client-574492D41EE7->134d4672-e322-4e4b-b7f3-5645abb0fe8c@group-3CB1DFFBCDC2, cid=2763, SUCCESS, logIndex=4123, commits[134d4672-e322-4e4b-b7f3-5645abb0fe8c:c4123, 73af84f3-3e88-4c8c-894c-3ad307bcac8d:c4121, 730a25a1-dbec-44ed-975b-a44ab0096beb:c4121]
2019-08-30 05:17:56,106 | INFO  | DNAudit | user=null | ip=null | op=WRITE_CHUNK {blockData=conID: 3 locID: 102704236203016811 bcsId: 4123} | ret=SUCCESS |  
2019-08-30 05:17:56,108 | INFO  | DNAudit | user=null | ip=null | op=WRITE_CHUNK {blockData=conID: 3 locID: 102704236203016811 bcsId: 4123} | ret=SUCCESS |  
2019-08-30 05:17:56,108 | INFO  | DNAudit | user=null | ip=null | op=WRITE_CHUNK {blockData=conID: 3 locID: 102704236203016811 bcsId: 4123} | ret=SUCCESS |  
2019-08-30 05:17:56,112 | INFO  | DNAudit | user=null | ip=null | op=WRITE_CHUNK {blockData=conID: 3 locID: 102704236203016811 bcsId: 4117} | ret=SUCCESS |  
2019-08-30 05:17:56,112 | INFO  | DNAudit | user=null | ip=null | op=WRITE_CHUNK {blockData=conID: 3 locID: 102704236203016811 bcsId: 4117} | ret=SUCCESS |  
2019-08-30 05:17:56,115 | INFO  | DNAudit | user=null | ip=null | op=PUT_BLOCK {blockData=[blockId=conID: 3 locID: 102704236203016811 bcsId: 0,size=3145728]} | ret=SUCCESS |  
2019-08-30 05:17:56,115 | INFO  | DNAudit | user=null | ip=null | op=PUT_BLOCK {blockData=[blockId=conID: 3 locID: 102704236203016811 bcsId: 0,size=3145728]} | ret=SUCCESS |  
2019-08-30 05:17:56,115 | INFO  | DNAudit | user=null | ip=null | op=WRITE_CHUNK {blockData=conID: 3 locID: 102704236203016811 bcsId: 4123} | ret=SUCCESS |  
2019-08-30 05:17:56,115 | INFO  | DNAudit | user=null | ip=null | op=PUT_BLOCK {blockData=[blockId=conID: 3 locID: 102704236203016811 bcsId: 0,size=4194304]} | ret=SUCCESS |  
2019-08-30 05:17:56,116 [grpc-default-executor-5] INFO  client.GrpcClientProtocolClient (GrpcClientProtocolClient.java:onNext(255)) - client-574492D41EE7->134d4672-e322-4e4b-b7f3-5645abb0fe8c: receive RaftClientReply:client-574492D41EE7->134d4672-e322-4e4b-b7f3-5645abb0fe8c@group-3CB1DFFBCDC2, cid=2764, SUCCESS, logIndex=4126, commits[134d4672-e322-4e4b-b7f3-5645abb0fe8c:c4127, 73af84f3-3e88-4c8c-894c-3ad307bcac8d:c4123, 730a25a1-dbec-44ed-975b-a44ab0096beb:c4123]
2019-08-30 05:17:56,116 [grpc-default-executor-5] INFO  client.GrpcClientProtocolClient (GrpcClientProtocolClient.java:onNext(255)) - client-574492D41EE7->134d4672-e322-4e4b-b7f3-5645abb0fe8c: receive RaftClientReply:client-574492D41EE7->134d4672-e322-4e4b-b7f3-5645abb0fe8c@group-3CB1DFFBCDC2, cid=2765, SUCCESS, logIndex=4127, commits[134d4672-e322-4e4b-b7f3-5645abb0fe8c:c4127, 73af84f3-3e88-4c8c-894c-3ad307bcac8d:c4123, 730a25a1-dbec-44ed-975b-a44ab0096beb:c4123]
2019-08-30 05:17:56,128 | INFO  | DNAudit | user=null | ip=null | op=WRITE_CHUNK {blockData=conID: 3 locID: 102704236203016811 bcsId: 4123} | ret=SUCCESS |  
2019-08-30 05:17:56,129 | INFO  | DNAudit | user=null | ip=null | op=WRITE_CHUNK {blockData=conID: 3 locID: 102704236203016811 bcsId: 4123} | ret=SUCCESS |  
2019-08-30 05:17:56,139 | INFO  | DNAudit | user=null | ip=null | op=PUT_BLOCK {blockData=[blockId=conID: 3 locID: 102704236203016811 bcsId: 0,size=4194304]} | ret=SUCCESS |  
2019-08-30 05:17:56,140 | INFO  | DNAudit | user=null | ip=null | op=PUT_BLOCK {blockData=[blockId=conID: 3 locID: 102704236203016811 bcsId: 0,size=4194304]} | ret=SUCCESS |  
2019-08-30 05:17:56,140 [grpc-default-executor-5] INFO  client.GrpcClientProtocolClient (GrpcClientProtocolClient.java:onNext(255)) - client-574492D41EE7->134d4672-e322-4e4b-b7f3-5645abb0fe8c: receive RaftClientReply:client-574492D41EE7->134d4672-e322-4e4b-b7f3-5645abb0fe8c@group-3CB1DFFBCDC2, cid=2766, SUCCESS, logIndex=0, commits[134d4672-e322-4e4b-b7f3-5645abb0fe8c:c4129, 73af84f3-3e88-4c8c-894c-3ad307bcac8d:c4127, 730a25a1-dbec-44ed-975b-a44ab0096beb:c4127]
2019-08-30 05:17:56,146 | INFO  | SCMAudit | user=jenkins1000 | ip=192.168.36.106 | op=ALLOCATE_BLOCK {owner=85755eb5-052d-48fa-b271-2fe4d8754e12, size=4194304, type=RATIS, factor=THREE} | ret=SUCCESS |  
2019-08-30 05:17:56,150 | INFO  | OMAudit | user=jenkins1000 | ip=127.0.0.1 | op=ALLOCATE_BLOCK {volume=vol-0-00977, bucket=bucket-0-44205, key=key-0-32850, dataSize=0, replicationType=null, replicationFactor=null, keyLocationInfo=null, clientID=102704234570776978} | ret=SUCCESS |  
2019-08-30 05:17:56,156 | INFO  | DNAudit | user=null | ip=null | op=WRITE_CHUNK {blockData=conID: 1 locID: 102704236209504876 bcsId: 0} | ret=SUCCESS |  
2019-08-30 05:17:56,272 | INFO  | DNAudit | user=null | ip=null | op=WRITE_CHUNK {blockData=conID: 1 locID: 102704236209504876 bcsId: 0} | ret=SUCCESS |  
2019-08-30 05:17:56,272 | INFO  | DNAudit | user=null | ip=null | op=WRITE_CHUNK {blockData=conID: 1 locID: 102704236209504876 bcsId: 0} | ret=SUCCESS |  
2019-08-30 05:17:56,272 | INFO  | DNAudit | user=null | ip=null | op=WRITE_CHUNK {blockData=conID: 1 locID: 102704236209504876 bcsId: 0} | ret=SUCCESS |  
2019-08-30 05:17:56,276 | INFO  | DNAudit | user=null | ip=null | op=WRITE_CHUNK {blockData=conID: 1 locID: 102704236209504876 bcsId: 0} | ret=SUCCESS |  
2019-08-30 05:17:56,276 | INFO  | DNAudit | user=null | ip=null | op=WRITE_CHUNK {blockData=conID: 1 locID: 102704236209504876 bcsId: 0} | ret=SUCCESS |  
2019-08-30 05:17:56,298 | INFO  | DNAudit | user=null | ip=null | op=WRITE_CHUNK {blockData=conID: 1 locID: 102704236209504876 bcsId: 0} | ret=SUCCESS |  
2019-08-30 05:17:56,299 | INFO  | DNAudit | user=null | ip=null | op=PUT_BLOCK {blockData=[blockId=conID: 1 locID: 102704236209504876 bcsId: 0,size=1048576]} | ret=SUCCESS |  
2019-08-30 05:17:56,299 [grpc-default-executor-5] INFO  client.GrpcClientProtocolClient (GrpcClientProtocolClient.java:onNext(255)) - client-574492D41EE7->134d4672-e322-4e4b-b7f3-5645abb0fe8c: receive RaftClientReply:client-574492D41EE7->134d4672-e322-4e4b-b7f3-5645abb0fe8c@group-3CB1DFFBCDC2, cid=2767, SUCCESS, logIndex=4130, commits[134d4672-e322-4e4b-b7f3-5645abb0fe8c:c4131, 73af84f3-3e88-4c8c-894c-3ad307bcac8d:c4129, 730a25a1-dbec-44ed-975b-a44ab0096beb:c4129]
2019-08-30 05:17:56,300 [grpc-default-executor-5] INFO  client.GrpcClientProtocolClient (GrpcClientProtocolClient.java:onNext(255)) - client-574492D41EE7->134d4672-e322-4e4b-b7f3-5645abb0fe8c: receive RaftClientReply:client-574492D41EE7->134d4672-e322-4e4b-b7f3-5645abb0fe8c@group-3CB1DFFBCDC2, cid=2768, SUCCESS, logIndex=4131, commits[134d4672-e322-4e4b-b7f3-5645abb0fe8c:c4131, 73af84f3-3e88-4c8c-894c-3ad307bcac8d:c4129, 730a25a1-dbec-44ed-975b-a44ab0096beb:c4129]
2019-08-30 05:17:56,302 | INFO  | DNAudit | user=null | ip=null | op=WRITE_CHUNK {blockData=conID: 1 locID: 102704236209504876 bcsId: 0} | ret=SUCCESS |  
2019-08-30 05:17:56,302 | INFO  | DNAudit | user=null | ip=null | op=PUT_BLOCK {blockData=[blockId=conID: 1 locID: 102704236209504876 bcsId: 0,size=2097152]} | ret=SUCCESS |  
2019-08-30 05:17:56,303 [grpc-default-executor-6] INFO  client.GrpcClientProtocolClient (GrpcClientProtocolClient.java:onNext(255)) - client-574492D41EE7->134d4672-e322-4e4b-b7f3-5645abb0fe8c: receive RaftClientReply:client-574492D41EE7->134d4672-e322-4e4b-b7f3-5645abb0fe8c@group-3CB1DFFBCDC2, cid=2769, SUCCESS, logIndex=4132, commits[134d4672-e322-4e4b-b7f3-5645abb0fe8c:c4133, 73af84f3-3e88-4c8c-894c-3ad307bcac8d:c4129, 730a25a1-dbec-44ed-975b-a44ab0096beb:c4129]
2019-08-30 05:17:56,303 [grpc-default-executor-6] INFO  client.GrpcClientProtocolClient (GrpcClientProtocolClient.java:onNext(255)) - client-574492D41EE7->134d4672-e322-4e4b-b7f3-5645abb0fe8c: receive RaftClientReply:client-574492D41EE7->134d4672-e322-4e4b-b7f3-5645abb0fe8c@group-3CB1DFFBCDC2, cid=2770, SUCCESS, logIndex=4133, commits[134d4672-e322-4e4b-b7f3-5645abb0fe8c:c4133, 73af84f3-3e88-4c8c-894c-3ad307bcac8d:c4129, 730a25a1-dbec-44ed-975b-a44ab0096beb:c4129]
2019-08-30 05:17:56,313 | INFO  | DNAudit | user=null | ip=null | op=WRITE_CHUNK {blockData=conID: 1 locID: 102704236209504876 bcsId: 0} | ret=SUCCESS |  
2019-08-30 05:17:56,313 | INFO  | DNAudit | user=null | ip=null | op=PUT_BLOCK {blockData=[blockId=conID: 1 locID: 102704236209504876 bcsId: 0,size=1048576]} | ret=SUCCESS |  
2019-08-30 05:17:56,316 | INFO  | DNAudit | user=null | ip=null | op=WRITE_CHUNK {blockData=conID: 1 locID: 102704236209504876 bcsId: 0} | ret=SUCCESS |  
2019-08-30 05:17:56,316 | INFO  | DNAudit | user=null | ip=null | op=PUT_BLOCK {blockData=[blockId=conID: 1 locID: 102704236209504876 bcsId: 0,size=2097152]} | ret=SUCCESS |  
2019-08-30 05:17:56,317 | INFO  | DNAudit | user=null | ip=null | op=WRITE_CHUNK {blockData=conID: 1 locID: 102704236209504876 bcsId: 0} | ret=SUCCESS |  
2019-08-30 05:17:56,317 | INFO  | DNAudit | user=null | ip=null | op=PUT_BLOCK {blockData=[blockId=conID: 1 locID: 102704236209504876 bcsId: 0,size=1048576]} | ret=SUCCESS |  
2019-08-30 05:17:56,317 [grpc-default-executor-6] INFO  client.GrpcClientProtocolClient (GrpcClientProtocolClient.java:onNext(255)) - client-574492D41EE7->134d4672-e322-4e4b-b7f3-5645abb0fe8c: receive RaftClientReply:client-574492D41EE7->134d4672-e322-4e4b-b7f3-5645abb0fe8c@group-3CB1DFFBCDC2, cid=2771, SUCCESS, logIndex=0, commits[134d4672-e322-4e4b-b7f3-5645abb0fe8c:c4137, 73af84f3-3e88-4c8c-894c-3ad307bcac8d:c4133, 730a25a1-dbec-44ed-975b-a44ab0096beb:c4131]
2019-08-30 05:17:56,324 | INFO  | DNAudit | user=null | ip=null | op=WRITE_CHUNK {blockData=conID: 1 locID: 102704236209504876 bcsId: 4133} | ret=SUCCESS |  
2019-08-30 05:17:56,327 | INFO  | DNAudit | user=null | ip=null | op=WRITE_CHUNK {blockData=conID: 1 locID: 102704236209504876 bcsId: 4133} | ret=SUCCESS |  
2019-08-30 05:17:56,327 | INFO  | DNAudit | user=null | ip=null | op=WRITE_CHUNK {blockData=conID: 1 locID: 102704236209504876 bcsId: 4133} | ret=SUCCESS |  
2019-08-30 05:17:56,328 | INFO  | DNAudit | user=null | ip=null | op=WRITE_CHUNK {blockData=conID: 1 locID: 102704236209504876 bcsId: 0} | ret=SUCCESS |  
2019-08-30 05:17:56,328 | INFO  | DNAudit | user=null | ip=null | op=PUT_BLOCK {blockData=[blockId=conID: 1 locID: 102704236209504876 bcsId: 0,size=2097152]} | ret=SUCCESS |  
2019-08-30 05:17:56,331 | INFO  | DNAudit | user=null | ip=null | op=WRITE_CHUNK {blockData=conID: 1 locID: 102704236209504876 bcsId: 4133} | ret=SUCCESS |  
2019-08-30 05:17:56,331 | INFO  | DNAudit | user=null | ip=null | op=PUT_BLOCK {blockData=[blockId=conID: 1 locID: 102704236209504876 bcsId: 0,size=3145728]} | ret=SUCCESS |  
2019-08-30 05:17:56,332 [grpc-default-executor-6] INFO  client.GrpcClientProtocolClient (GrpcClientProtocolClient.java:onNext(255)) - client-574492D41EE7->134d4672-e322-4e4b-b7f3-5645abb0fe8c: receive RaftClientReply:client-574492D41EE7->134d4672-e322-4e4b-b7f3-5645abb0fe8c@group-3CB1DFFBCDC2, cid=2772, SUCCESS, logIndex=4138, commits[134d4672-e322-4e4b-b7f3-5645abb0fe8c:c4139, 73af84f3-3e88-4c8c-894c-3ad307bcac8d:c4137, 730a25a1-dbec-44ed-975b-a44ab0096beb:c4137]
2019-08-30 05:17:56,332 [grpc-default-executor-6] INFO  client.GrpcClientProtocolClient (GrpcClientProtocolClient.java:onNext(255)) - client-574492D41EE7->134d4672-e322-4e4b-b7f3-5645abb0fe8c: receive RaftClientReply:client-574492D41EE7->134d4672-e322-4e4b-b7f3-5645abb0fe8c@group-3CB1DFFBCDC2, cid=2773, SUCCESS, logIndex=4139, commits[134d4672-e322-4e4b-b7f3-5645abb0fe8c:c4139, 73af84f3-3e88-4c8c-894c-3ad307bcac8d:c4137, 730a25a1-dbec-44ed-975b-a44ab0096beb:c4137]
2019-08-30 05:17:56,339 | INFO  | DNAudit | user=null | ip=null | op=WRITE_CHUNK {blockData=conID: 1 locID: 102704236209504876 bcsId: 4139} | ret=SUCCESS |  
2019-08-30 05:17:56,342 | INFO  | DNAudit | user=null | ip=null | op=WRITE_CHUNK {blockData=conID: 1 locID: 102704236209504876 bcsId: 4139} | ret=SUCCESS |  
2019-08-30 05:17:56,342 | INFO  | DNAudit | user=null | ip=null | op=WRITE_CHUNK {blockData=conID: 1 locID: 102704236209504876 bcsId: 4139} | ret=SUCCESS |  
2019-08-30 05:17:56,342 | INFO  | DNAudit | user=null | ip=null | op=WRITE_CHUNK {blockData=conID: 1 locID: 102704236209504876 bcsId: 4133} | ret=SUCCESS |  
2019-08-30 05:17:56,343 | INFO  | DNAudit | user=null | ip=null | op=WRITE_CHUNK {blockData=conID: 1 locID: 102704236209504876 bcsId: 4133} | ret=SUCCESS |  
2019-08-30 05:17:56,355 | INFO  | DNAudit | user=null | ip=null | op=PUT_BLOCK {blockData=[blockId=conID: 1 locID: 102704236209504876 bcsId: 0,size=3145728]} | ret=SUCCESS |  
2019-08-30 05:17:56,355 | INFO  | DNAudit | user=null | ip=null | op=PUT_BLOCK {blockData=[blockId=conID: 1 locID: 102704236209504876 bcsId: 0,size=3145728]} | ret=SUCCESS |  
2019-08-30 05:17:56,356 | INFO  | DNAudit | user=null | ip=null | op=WRITE_CHUNK {blockData=conID: 1 locID: 102704236209504876 bcsId: 4139} | ret=SUCCESS |  
2019-08-30 05:17:56,356 | INFO  | DNAudit | user=null | ip=null | op=PUT_BLOCK {blockData=[blockId=conID: 1 locID: 102704236209504876 bcsId: 0,size=4194304]} | ret=SUCCESS |  
2019-08-30 05:17:56,356 [grpc-default-executor-3] INFO  client.GrpcClientProtocolClient (GrpcClientProtocolClient.java:onNext(255)) - client-574492D41EE7->134d4672-e322-4e4b-b7f3-5645abb0fe8c: receive RaftClientReply:client-574492D41EE7->134d4672-e322-4e4b-b7f3-5645abb0fe8c@group-3CB1DFFBCDC2, cid=2774, SUCCESS, logIndex=4142, commits[134d4672-e322-4e4b-b7f3-5645abb0fe8c:c4143, 73af84f3-3e88-4c8c-894c-3ad307bcac8d:c4139, 730a25a1-dbec-44ed-975b-a44ab0096beb:c4139]
2019-08-30 05:17:56,357 [grpc-default-executor-3] INFO  client.GrpcClientProtocolClient (GrpcClientProtocolClient.java:onNext(255)) - client-574492D41EE7->134d4672-e322-4e4b-b7f3-5645abb0fe8c: receive RaftClientReply:client-574492D41EE7->134d4672-e322-4e4b-b7f3-5645abb0fe8c@group-3CB1DFFBCDC2, cid=2775, SUCCESS, logIndex=4143, commits[134d4672-e322-4e4b-b7f3-5645abb0fe8c:c4143, 73af84f3-3e88-4c8c-894c-3ad307bcac8d:c4139, 730a25a1-dbec-44ed-975b-a44ab0096beb:c4139]
2019-08-30 05:17:56,369 | INFO  | DNAudit | user=null | ip=null | op=WRITE_CHUNK {blockData=conID: 1 locID: 102704236209504876 bcsId: 4139} | ret=SUCCESS |  
2019-08-30 05:17:56,369 | INFO  | DNAudit | user=null | ip=null | op=WRITE_CHUNK {blockData=conID: 1 locID: 102704236209504876 bcsId: 4139} | ret=SUCCESS |  
2019-08-30 05:17:56,382 | INFO  | DNAudit | user=null | ip=null | op=PUT_BLOCK {blockData=[blockId=conID: 1 locID: 102704236209504876 bcsId: 0,size=4194304]} | ret=SUCCESS |  
2019-08-30 05:17:56,382 | INFO  | DNAudit | user=null | ip=null | op=PUT_BLOCK {blockData=[blockId=conID: 1 locID: 102704236209504876 bcsId: 0,size=4194304]} | ret=SUCCESS |  
2019-08-30 05:17:56,383 [grpc-default-executor-5] INFO  client.GrpcClientProtocolClient (GrpcClientProtocolClient.java:onNext(255)) - client-574492D41EE7->134d4672-e322-4e4b-b7f3-5645abb0fe8c: receive RaftClientReply:client-574492D41EE7->134d4672-e322-4e4b-b7f3-5645abb0fe8c@group-3CB1DFFBCDC2, cid=2776, SUCCESS, logIndex=0, commits[134d4672-e322-4e4b-b7f3-5645abb0fe8c:c4145, 73af84f3-3e88-4c8c-894c-3ad307bcac8d:c4143, 730a25a1-dbec-44ed-975b-a44ab0096beb:c4143]
2019-08-30 05:17:56,391 | INFO  | SCMAudit | user=jenkins1000 | ip=192.168.36.106 | op=ALLOCATE_BLOCK {owner=85755eb5-052d-48fa-b271-2fe4d8754e12, size=4194304, type=RATIS, factor=THREE} | ret=SUCCESS |  
2019-08-30 05:17:56,396 | INFO  | OMAudit | user=jenkins1000 | ip=127.0.0.1 | op=ALLOCATE_BLOCK {volume=vol-0-00977, bucket=bucket-0-44205, key=key-0-32850, dataSize=0, replicationType=null, replicationFactor=null, keyLocationInfo=null, clientID=102704234570776978} | ret=SUCCESS |  
2019-08-30 05:17:56,406 | INFO  | DNAudit | user=null | ip=null | op=WRITE_CHUNK {blockData=conID: 2 locID: 102704236225561197 bcsId: 0} | ret=SUCCESS |  
2019-08-30 05:17:56,409 | INFO  | DNAudit | user=null | ip=null | op=WRITE_CHUNK {blockData=conID: 2 locID: 102704236225561197 bcsId: 0} | ret=SUCCESS |  
2019-08-30 05:17:56,410 | INFO  | DNAudit | user=null | ip=null | op=WRITE_CHUNK {blockData=conID: 2 locID: 102704236225561197 bcsId: 0} | ret=SUCCESS |  
2019-08-30 05:17:56,410 | INFO  | DNAudit | user=null | ip=null | op=WRITE_CHUNK {blockData=conID: 2 locID: 102704236225561197 bcsId: 0} | ret=SUCCESS |  
2019-08-30 05:17:56,412 | INFO  | DNAudit | user=null | ip=null | op=WRITE_CHUNK {blockData=conID: 2 locID: 102704236225561197 bcsId: 0} | ret=SUCCESS |  
2019-08-30 05:17:56,412 | INFO  | DNAudit | user=null | ip=null | op=WRITE_CHUNK {blockData=conID: 2 locID: 102704236225561197 bcsId: 0} | ret=SUCCESS |  
 0.00% |█                                                                                                    |  0/1 Time: 0:00:252019-08-30 05:17:56,413 | INFO  | SCMAudit | user=jenkins1000 | ip=192.168.36.106 | op=SEND_HEARTBEAT {datanodeUUID=73af84f3-3e88-4c8c-894c-3ad307bcac8d, command=[]} | ret=SUCCESS |  
2019-08-30 05:17:56,413 | INFO  | SCMAudit | user=jenkins1000 | ip=192.168.36.106 | op=SEND_HEARTBEAT {datanodeUUID=ea5d4b6b-4a08-401a-8c59-ecc1ca37daf5, command=[]} | ret=SUCCESS |  
2019-08-30 05:17:56,413 | INFO  | SCMAudit | user=jenkins1000 | ip=192.168.36.106 | op=SEND_HEARTBEAT {datanodeUUID=730a25a1-dbec-44ed-975b-a44ab0096beb, command=[]} | ret=SUCCESS |  
2019-08-30 05:17:56,414 | INFO  | SCMAudit | user=jenkins1000 | ip=192.168.36.106 | op=SEND_HEARTBEAT {datanodeUUID=134d4672-e322-4e4b-b7f3-5645abb0fe8c, command=[]} | ret=SUCCESS |  
2019-08-30 05:17:56,419 | INFO  | DNAudit | user=null | ip=null | op=WRITE_CHUNK {blockData=conID: 2 locID: 102704236225561197 bcsId: 0} | ret=SUCCESS |  
2019-08-30 05:17:56,419 | INFO  | DNAudit | user=null | ip=null | op=PUT_BLOCK {blockData=[blockId=conID: 2 locID: 102704236225561197 bcsId: 0,size=1048576]} | ret=SUCCESS |  
2019-08-30 05:17:56,419 | INFO  | DNAudit | user=null | ip=null | op=WRITE_CHUNK {blockData=conID: 2 locID: 102704236225561197 bcsId: 0} | ret=SUCCESS |  
2019-08-30 05:17:56,419 [grpc-default-executor-6] INFO  client.GrpcClientProtocolClient (GrpcClientProtocolClient.java:onNext(255)) - client-574492D41EE7->134d4672-e322-4e4b-b7f3-5645abb0fe8c: receive RaftClientReply:client-574492D41EE7->134d4672-e322-4e4b-b7f3-5645abb0fe8c@group-3CB1DFFBCDC2, cid=2777, SUCCESS, logIndex=4146, commits[134d4672-e322-4e4b-b7f3-5645abb0fe8c:c4147, 73af84f3-3e88-4c8c-894c-3ad307bcac8d:c4145, 730a25a1-dbec-44ed-975b-a44ab0096beb:c4145]
2019-08-30 05:17:56,420 | INFO  | DNAudit | user=null | ip=null | op=PUT_BLOCK {blockData=[blockId=conID: 2 locID: 102704236225561197 bcsId: 0,size=2097152]} | ret=SUCCESS |  
2019-08-30 05:17:56,420 | INFO  | DNAudit | user=null | ip=null | op=WRITE_CHUNK {blockData=conID: 2 locID: 102704236225561197 bcsId: 0} | ret=SUCCESS |  
2019-08-30 05:17:56,420 | INFO  | DNAudit | user=null | ip=null | op=WRITE_CHUNK {blockData=conID: 2 locID: 102704236225561197 bcsId: 0} | ret=SUCCESS |  
2019-08-30 05:17:56,420 [grpc-default-executor-6] INFO  client.GrpcClientProtocolClient (GrpcClientProtocolClient.java:onNext(255)) - client-574492D41EE7->134d4672-e322-4e4b-b7f3-5645abb0fe8c: receive RaftClientReply:client-574492D41EE7->134d4672-e322-4e4b-b7f3-5645abb0fe8c@group-3CB1DFFBCDC2, cid=2778, SUCCESS, logIndex=4147, commits[134d4672-e322-4e4b-b7f3-5645abb0fe8c:c4149, 73af84f3-3e88-4c8c-894c-3ad307bcac8d:c4145, 730a25a1-dbec-44ed-975b-a44ab0096beb:c4145]
2019-08-30 05:17:56,421 [grpc-default-executor-6] INFO  client.GrpcClientProtocolClient (GrpcClientProtocolClient.java:onNext(255)) - client-574492D41EE7->134d4672-e322-4e4b-b7f3-5645abb0fe8c: receive RaftClientReply:client-574492D41EE7->134d4672-e322-4e4b-b7f3-5645abb0fe8c@group-3CB1DFFBCDC2, cid=2779, SUCCESS, logIndex=4148, commits[134d4672-e322-4e4b-b7f3-5645abb0fe8c:c4149, 73af84f3-3e88-4c8c-894c-3ad307bcac8d:c4145, 730a25a1-dbec-44ed-975b-a44ab0096beb:c4145]
2019-08-30 05:17:56,421 [grpc-default-executor-6] INFO  client.GrpcClientProtocolClient (GrpcClientProtocolClient.java:onNext(255)) - client-574492D41EE7->134d4672-e322-4e4b-b7f3-5645abb0fe8c: receive RaftClientReply:client-574492D41EE7->134d4672-e322-4e4b-b7f3-5645abb0fe8c@group-3CB1DFFBCDC2, cid=2780, SUCCESS, logIndex=4149, commits[134d4672-e322-4e4b-b7f3-5645abb0fe8c:c4149, 73af84f3-3e88-4c8c-894c-3ad307bcac8d:c4145, 730a25a1-dbec-44ed-975b-a44ab0096beb:c4145]
2019-08-30 05:17:56,423 | INFO  | DNAudit | user=null | ip=null | op=PUT_BLOCK {blockData=[blockId=conID: 2 locID: 102704236225561197 bcsId: 0,size=1048576]} | ret=SUCCESS |  
2019-08-30 05:17:56,423 | INFO  | DNAudit | user=null | ip=null | op=PUT_BLOCK {blockData=[blockId=conID: 2 locID: 102704236225561197 bcsId: 0,size=1048576]} | ret=SUCCESS |  
2019-08-30 05:17:56,423 | INFO  | DNAudit | user=null | ip=null | op=WRITE_CHUNK {blockData=conID: 2 locID: 102704236225561197 bcsId: 0} | ret=SUCCESS |  
2019-08-30 05:17:56,423 | INFO  | DNAudit | user=null | ip=null | op=WRITE_CHUNK {blockData=conID: 2 locID: 102704236225561197 bcsId: 0} | ret=SUCCESS |  
2019-08-30 05:17:56,423 | INFO  | DNAudit | user=null | ip=null | op=PUT_BLOCK {blockData=[blockId=conID: 2 locID: 102704236225561197 bcsId: 0,size=2097152]} | ret=SUCCESS |  
2019-08-30 05:17:56,423 | INFO  | DNAudit | user=null | ip=null | op=PUT_BLOCK {blockData=[blockId=conID: 2 locID: 102704236225561197 bcsId: 0,size=2097152]} | ret=SUCCESS |  
2019-08-30 05:17:56,424 [grpc-default-executor-3] INFO  client.GrpcClientProtocolClient (GrpcClientProtocolClient.java:onNext(255)) - client-574492D41EE7->134d4672-e322-4e4b-b7f3-5645abb0fe8c: receive RaftClientReply:client-574492D41EE7->134d4672-e322-4e4b-b7f3-5645abb0fe8c@group-3CB1DFFBCDC2, cid=2781, SUCCESS, logIndex=0, commits[134d4672-e322-4e4b-b7f3-5645abb0fe8c:c4150, 73af84f3-3e88-4c8c-894c-3ad307bcac8d:c4147, 730a25a1-dbec-44ed-975b-a44ab0096beb:c4147]
2019-08-30 05:17:56,430 | INFO  | DNAudit | user=null | ip=null | op=WRITE_CHUNK {blockData=conID: 2 locID: 102704236225561197 bcsId: 4149} | ret=SUCCESS |  
2019-08-30 05:17:56,433 | INFO  | DNAudit | user=null | ip=null | op=WRITE_CHUNK {blockData=conID: 2 locID: 102704236225561197 bcsId: 4149} | ret=SUCCESS |  
2019-08-30 05:17:56,433 | INFO  | DNAudit | user=null | ip=null | op=WRITE_CHUNK {blockData=conID: 2 locID: 102704236225561197 bcsId: 4149} | ret=SUCCESS |  
2019-08-30 05:17:56,441 | INFO  | DNAudit | user=null | ip=null | op=WRITE_CHUNK {blockData=conID: 2 locID: 102704236225561197 bcsId: 4149} | ret=SUCCESS |  
2019-08-30 05:17:56,442 | INFO  | DNAudit | user=null | ip=null | op=PUT_BLOCK {blockData=[blockId=conID: 2 locID: 102704236225561197 bcsId: 0,size=3145728]} | ret=SUCCESS |  
2019-08-30 05:17:56,442 [grpc-default-executor-3] INFO  client.GrpcClientProtocolClient (GrpcClientProtocolClient.java:onNext(255)) - client-574492D41EE7->134d4672-e322-4e4b-b7f3-5645abb0fe8c: receive RaftClientReply:client-574492D41EE7->134d4672-e322-4e4b-b7f3-5645abb0fe8c@group-3CB1DFFBCDC2, cid=2782, SUCCESS, logIndex=4154, commits[134d4672-e322-4e4b-b7f3-5645abb0fe8c:c4155, 73af84f3-3e88-4c8c-894c-3ad307bcac8d:c4153, 730a25a1-dbec-44ed-975b-a44ab0096beb:c4153]
2019-08-30 05:17:56,442 [grpc-default-executor-3] INFO  client.GrpcClientProtocolClient (GrpcClientProtocolClient.java:onNext(255)) - client-574492D41EE7->134d4672-e322-4e4b-b7f3-5645abb0fe8c: receive RaftClientReply:client-574492D41EE7->134d4672-e322-4e4b-b7f3-5645abb0fe8c@group-3CB1DFFBCDC2, cid=2783, SUCCESS, logIndex=4155, commits[134d4672-e322-4e4b-b7f3-5645abb0fe8c:c4155, 73af84f3-3e88-4c8c-894c-3ad307bcac8d:c4153, 730a25a1-dbec-44ed-975b-a44ab0096beb:c4153]
2019-08-30 05:17:56,449 | INFO  | DNAudit | user=null | ip=null | op=WRITE_CHUNK {blockData=conID: 2 locID: 102704236225561197 bcsId: 4155} | ret=SUCCESS |  
2019-08-30 05:17:56,451 | INFO  | DNAudit | user=null | ip=null | op=WRITE_CHUNK {blockData=conID: 2 locID: 102704236225561197 bcsId: 4155} | ret=SUCCESS |  
2019-08-30 05:17:56,452 | INFO  | DNAudit | user=null | ip=null | op=WRITE_CHUNK {blockData=conID: 2 locID: 102704236225561197 bcsId: 4155} | ret=SUCCESS |  
2019-08-30 05:17:56,453 | INFO  | DNAudit | user=null | ip=null | op=WRITE_CHUNK {blockData=conID: 2 locID: 102704236225561197 bcsId: 4149} | ret=SUCCESS |  
2019-08-30 05:17:56,453 | INFO  | DNAudit | user=null | ip=null | op=WRITE_CHUNK {blockData=conID: 2 locID: 102704236225561197 bcsId: 4149} | ret=SUCCESS |  
2019-08-30 05:17:56,454 | INFO  | DNAudit | user=null | ip=null | op=PUT_BLOCK {blockData=[blockId=conID: 2 locID: 102704236225561197 bcsId: 0,size=3145728]} | ret=SUCCESS |  
2019-08-30 05:17:56,454 | INFO  | DNAudit | user=null | ip=null | op=PUT_BLOCK {blockData=[blockId=conID: 2 locID: 102704236225561197 bcsId: 0,size=3145728]} | ret=SUCCESS |  
2019-08-30 05:17:56,455 | INFO  | DNAudit | user=null | ip=null | op=WRITE_CHUNK {blockData=conID: 2 locID: 102704236225561197 bcsId: 4155} | ret=SUCCESS |  
2019-08-30 05:17:56,455 | INFO  | DNAudit | user=null | ip=null | op=PUT_BLOCK {blockData=[blockId=conID: 2 locID: 102704236225561197 bcsId: 0,size=4194304]} | ret=SUCCESS |  
2019-08-30 05:17:56,455 [grpc-default-executor-5] INFO  client.GrpcClientProtocolClient (GrpcClientProtocolClient.java:onNext(255)) - client-574492D41EE7->134d4672-e322-4e4b-b7f3-5645abb0fe8c: receive RaftClientReply:client-574492D41EE7->134d4672-e322-4e4b-b7f3-5645abb0fe8c@group-3CB1DFFBCDC2, cid=2784, SUCCESS, logIndex=4158, commits[134d4672-e322-4e4b-b7f3-5645abb0fe8c:c4159, 73af84f3-3e88-4c8c-894c-3ad307bcac8d:c4155, 730a25a1-dbec-44ed-975b-a44ab0096beb:c4155]
2019-08-30 05:17:56,456 [grpc-default-executor-5] INFO  client.GrpcClientProtocolClient (GrpcClientProtocolClient.java:onNext(255)) - client-574492D41EE7->134d4672-e322-4e4b-b7f3-5645abb0fe8c: receive RaftClientReply:client-574492D41EE7->134d4672-e322-4e4b-b7f3-5645abb0fe8c@group-3CB1DFFBCDC2, cid=2785, SUCCESS, logIndex=4159, commits[134d4672-e322-4e4b-b7f3-5645abb0fe8c:c4159, 73af84f3-3e88-4c8c-894c-3ad307bcac8d:c4155, 730a25a1-dbec-44ed-975b-a44ab0096beb:c4155]
2019-08-30 05:17:56,473 | INFO  | DNAudit | user=null | ip=null | op=WRITE_CHUNK {blockData=conID: 2 locID: 102704236225561197 bcsId: 4155} | ret=SUCCESS |  
2019-08-30 05:17:56,473 | INFO  | DNAudit | user=null | ip=null | op=WRITE_CHUNK {blockData=conID: 2 locID: 102704236225561197 bcsId: 4155} | ret=SUCCESS |  
2019-08-30 05:17:56,473 | INFO  | DNAudit | user=null | ip=null | op=PUT_BLOCK {blockData=[blockId=conID: 2 locID: 102704236225561197 bcsId: 0,size=4194304]} | ret=SUCCESS |  
2019-08-30 05:17:56,473 | INFO  | DNAudit | user=null | ip=null | op=PUT_BLOCK {blockData=[blockId=conID: 2 locID: 102704236225561197 bcsId: 0,size=4194304]} | ret=SUCCESS |  
2019-08-30 05:17:56,473 [grpc-default-executor-5] INFO  client.GrpcClientProtocolClient (GrpcClientProtocolClient.java:onNext(255)) - client-574492D41EE7->134d4672-e322-4e4b-b7f3-5645abb0fe8c: receive RaftClientReply:client-574492D41EE7->134d4672-e322-4e4b-b7f3-5645abb0fe8c@group-3CB1DFFBCDC2, cid=2786, SUCCESS, logIndex=0, commits[134d4672-e322-4e4b-b7f3-5645abb0fe8c:c4160, 73af84f3-3e88-4c8c-894c-3ad307bcac8d:c4159, 730a25a1-dbec-44ed-975b-a44ab0096beb:c4159]
2019-08-30 05:17:56,481 | INFO  | SCMAudit | user=jenkins1000 | ip=192.168.36.106 | op=ALLOCATE_BLOCK {owner=85755eb5-052d-48fa-b271-2fe4d8754e12, size=4194304, type=RATIS, factor=THREE} | ret=SUCCESS |  
2019-08-30 05:17:56,486 | INFO  | OMAudit | user=jenkins1000 | ip=127.0.0.1 | op=ALLOCATE_BLOCK {volume=vol-0-00977, bucket=bucket-0-44205, key=key-0-32850, dataSize=0, replicationType=null, replicationFactor=null, keyLocationInfo=null, clientID=102704234570776978} | ret=SUCCESS |  
2019-08-30 05:17:56,493 | INFO  | DNAudit | user=null | ip=null | op=WRITE_CHUNK {blockData=conID: 3 locID: 102704236231459438 bcsId: 0} | ret=SUCCESS |  
2019-08-30 05:17:56,496 | INFO  | DNAudit | user=null | ip=null | op=WRITE_CHUNK {blockData=conID: 3 locID: 102704236231459438 bcsId: 0} | ret=SUCCESS |  
2019-08-30 05:17:56,496 | INFO  | DNAudit | user=null | ip=null | op=WRITE_CHUNK {blockData=conID: 3 locID: 102704236231459438 bcsId: 0} | ret=SUCCESS |  
2019-08-30 05:17:56,496 | INFO  | DNAudit | user=null | ip=null | op=WRITE_CHUNK {blockData=conID: 3 locID: 102704236231459438 bcsId: 0} | ret=SUCCESS |  
2019-08-30 05:17:56,498 | INFO  | DNAudit | user=null | ip=null | op=WRITE_CHUNK {blockData=conID: 3 locID: 102704236231459438 bcsId: 0} | ret=SUCCESS |  
2019-08-30 05:17:56,499 | INFO  | DNAudit | user=null | ip=null | op=WRITE_CHUNK {blockData=conID: 3 locID: 102704236231459438 bcsId: 0} | ret=SUCCESS |  
2019-08-30 05:17:56,506 | INFO  | DNAudit | user=null | ip=null | op=WRITE_CHUNK {blockData=conID: 3 locID: 102704236231459438 bcsId: 0} | ret=SUCCESS |  
2019-08-30 05:17:56,506 | INFO  | DNAudit | user=null | ip=null | op=PUT_BLOCK {blockData=[blockId=conID: 3 locID: 102704236231459438 bcsId: 0,size=1048576]} | ret=SUCCESS |  
2019-08-30 05:17:56,506 [grpc-default-executor-5] INFO  client.GrpcClientProtocolClient (GrpcClientProtocolClient.java:onNext(255)) - client-574492D41EE7->134d4672-e322-4e4b-b7f3-5645abb0fe8c: receive RaftClientReply:client-574492D41EE7->134d4672-e322-4e4b-b7f3-5645abb0fe8c@group-3CB1DFFBCDC2, cid=2787, SUCCESS, logIndex=4162, commits[134d4672-e322-4e4b-b7f3-5645abb0fe8c:c4163, 73af84f3-3e88-4c8c-894c-3ad307bcac8d:c4161, 730a25a1-dbec-44ed-975b-a44ab0096beb:c4161]
2019-08-30 05:17:56,507 | INFO  | DNAudit | user=null | ip=null | op=WRITE_CHUNK {blockData=conID: 3 locID: 102704236231459438 bcsId: 0} | ret=SUCCESS |  
2019-08-30 05:17:56,507 | INFO  | DNAudit | user=null | ip=null | op=PUT_BLOCK {blockData=[blockId=conID: 3 locID: 102704236231459438 bcsId: 0,size=2097152]} | ret=SUCCESS |  
2019-08-30 05:17:56,507 [grpc-default-executor-5] INFO  client.GrpcClientProtocolClient (GrpcClientProtocolClient.java:onNext(255)) - client-574492D41EE7->134d4672-e322-4e4b-b7f3-5645abb0fe8c: receive RaftClientReply:client-574492D41EE7->134d4672-e322-4e4b-b7f3-5645abb0fe8c@group-3CB1DFFBCDC2, cid=2788, SUCCESS, logIndex=4163, commits[134d4672-e322-4e4b-b7f3-5645abb0fe8c:c4164, 73af84f3-3e88-4c8c-894c-3ad307bcac8d:c4161, 730a25a1-dbec-44ed-975b-a44ab0096beb:c4161]
2019-08-30 05:17:56,507 [grpc-default-executor-5] INFO  client.GrpcClientProtocolClient (GrpcClientProtocolClient.java:onNext(255)) - client-574492D41EE7->134d4672-e322-4e4b-b7f3-5645abb0fe8c: receive RaftClientReply:client-574492D41EE7->134d4672-e322-4e4b-b7f3-5645abb0fe8c@group-3CB1DFFBCDC2, cid=2789, SUCCESS, logIndex=4164, commits[134d4672-e322-4e4b-b7f3-5645abb0fe8c:c4165, 73af84f3-3e88-4c8c-894c-3ad307bcac8d:c4161, 730a25a1-dbec-44ed-975b-a44ab0096beb:c4161]
2019-08-30 05:17:56,508 [grpc-default-executor-5] INFO  client.GrpcClientProtocolClient (GrpcClientProtocolClient.java:onNext(255)) - client-574492D41EE7->134d4672-e322-4e4b-b7f3-5645abb0fe8c: receive RaftClientReply:client-574492D41EE7->134d4672-e322-4e4b-b7f3-5645abb0fe8c@group-3CB1DFFBCDC2, cid=2790, SUCCESS, logIndex=4165, commits[134d4672-e322-4e4b-b7f3-5645abb0fe8c:c4165, 73af84f3-3e88-4c8c-894c-3ad307bcac8d:c4161, 730a25a1-dbec-44ed-975b-a44ab0096beb:c4161]
2019-08-30 05:17:56,519 | INFO  | DNAudit | user=null | ip=null | op=WRITE_CHUNK {blockData=conID: 3 locID: 102704236231459438 bcsId: 0} | ret=SUCCESS |  
2019-08-30 05:17:56,520 | INFO  | DNAudit | user=null | ip=null | op=PUT_BLOCK {blockData=[blockId=conID: 3 locID: 102704236231459438 bcsId: 0,size=1048576]} | ret=SUCCESS |  
2019-08-30 05:17:56,521 | INFO  | DNAudit | user=null | ip=null | op=WRITE_CHUNK {blockData=conID: 3 locID: 102704236231459438 bcsId: 0} | ret=SUCCESS |  
2019-08-30 05:17:56,521 | INFO  | DNAudit | user=null | ip=null | op=PUT_BLOCK {blockData=[blockId=conID: 3 locID: 102704236231459438 bcsId: 0,size=1048576]} | ret=SUCCESS |  
2019-08-30 05:17:56,522 | INFO  | DNAudit | user=null | ip=null | op=WRITE_CHUNK {blockData=conID: 3 locID: 102704236231459438 bcsId: 0} | ret=SUCCESS |  
2019-08-30 05:17:56,522 | INFO  | DNAudit | user=null | ip=null | op=PUT_BLOCK {blockData=[blockId=conID: 3 locID: 102704236231459438 bcsId: 0,size=2097152]} | ret=SUCCESS |  
2019-08-30 05:17:56,522 [grpc-default-executor-3] INFO  client.GrpcClientProtocolClient (GrpcClientProtocolClient.java:onNext(255)) - client-574492D41EE7->134d4672-e322-4e4b-b7f3-5645abb0fe8c: receive RaftClientReply:client-574492D41EE7->134d4672-e322-4e4b-b7f3-5645abb0fe8c@group-3CB1DFFBCDC2, cid=2791, SUCCESS, logIndex=0, commits[134d4672-e322-4e4b-b7f3-5645abb0fe8c:c4167, 73af84f3-3e88-4c8c-894c-3ad307bcac8d:c4163, 730a25a1-dbec-44ed-975b-a44ab0096beb:c4163]
2019-08-30 05:17:56,530 | INFO  | DNAudit | user=null | ip=null | op=WRITE_CHUNK {blockData=conID: 3 locID: 102704236231459438 bcsId: 4165} | ret=SUCCESS |  
2019-08-30 05:17:56,532 | INFO  | DNAudit | user=null | ip=null | op=WRITE_CHUNK {blockData=conID: 3 locID: 102704236231459438 bcsId: 4165} | ret=SUCCESS |  
2019-08-30 05:17:56,532 | INFO  | DNAudit | user=null | ip=null | op=WRITE_CHUNK {blockData=conID: 3 locID: 102704236231459438 bcsId: 4165} | ret=SUCCESS |  
2019-08-30 05:17:56,532 | INFO  | DNAudit | user=null | ip=null | op=WRITE_CHUNK {blockData=conID: 3 locID: 102704236231459438 bcsId: 0} | ret=SUCCESS |  
2019-08-30 05:17:56,533 | INFO  | DNAudit | user=null | ip=null | op=PUT_BLOCK {blockData=[blockId=conID: 3 locID: 102704236231459438 bcsId: 0,size=2097152]} | ret=SUCCESS |  
2019-08-30 05:17:56,534 | INFO  | DNAudit | user=null | ip=null | op=WRITE_CHUNK {blockData=conID: 3 locID: 102704236231459438 bcsId: 4165} | ret=SUCCESS |  
2019-08-30 05:17:56,534 | INFO  | DNAudit | user=null | ip=null | op=PUT_BLOCK {blockData=[blockId=conID: 3 locID: 102704236231459438 bcsId: 0,size=3145728]} | ret=SUCCESS |  
2019-08-30 05:17:56,535 [grpc-default-executor-6] INFO  client.GrpcClientProtocolClient (GrpcClientProtocolClient.java:onNext(255)) - client-574492D41EE7->134d4672-e322-4e4b-b7f3-5645abb0fe8c: receive RaftClientReply:client-574492D41EE7->134d4672-e322-4e4b-b7f3-5645abb0fe8c@group-3CB1DFFBCDC2, cid=2792, SUCCESS, logIndex=4170, commits[134d4672-e322-4e4b-b7f3-5645abb0fe8c:c4171, 73af84f3-3e88-4c8c-894c-3ad307bcac8d:c4165, 730a25a1-dbec-44ed-975b-a44ab0096beb:c4169]
2019-08-30 05:17:56,535 [grpc-default-executor-6] INFO  client.GrpcClientProtocolClient (GrpcClientProtocolClient.java:onNext(255)) - client-574492D41EE7->134d4672-e322-4e4b-b7f3-5645abb0fe8c: receive RaftClientReply:client-574492D41EE7->134d4672-e322-4e4b-b7f3-5645abb0fe8c@group-3CB1DFFBCDC2, cid=2793, SUCCESS, logIndex=4171, commits[134d4672-e322-4e4b-b7f3-5645abb0fe8c:c4171, 73af84f3-3e88-4c8c-894c-3ad307bcac8d:c4169, 730a25a1-dbec-44ed-975b-a44ab0096beb:c4169]
2019-08-30 05:17:56,535 | INFO  | DNAudit | user=null | ip=null | op=WRITE_CHUNK {blockData=conID: 3 locID: 102704236231459438 bcsId: 4165} | ret=SUCCESS |  
2019-08-30 05:17:56,535 | INFO  | DNAudit | user=null | ip=null | op=WRITE_CHUNK {blockData=conID: 3 locID: 102704236231459438 bcsId: 4165} | ret=SUCCESS |  
2019-08-30 05:17:56,535 | INFO  | DNAudit | user=null | ip=null | op=PUT_BLOCK {blockData=[blockId=conID: 3 locID: 102704236231459438 bcsId: 0,size=3145728]} | ret=SUCCESS |  
2019-08-30 05:17:56,536 | INFO  | DNAudit | user=null | ip=null | op=PUT_BLOCK {blockData=[blockId=conID: 3 locID: 102704236231459438 bcsId: 0,size=3145728]} | ret=SUCCESS |  
2019-08-30 05:17:56,542 | INFO  | DNAudit | user=null | ip=null | op=WRITE_CHUNK {blockData=conID: 3 locID: 102704236231459438 bcsId: 4171} | ret=SUCCESS |  
2019-08-30 05:17:56,545 | INFO  | DNAudit | user=null | ip=null | op=WRITE_CHUNK {blockData=conID: 3 locID: 102704236231459438 bcsId: 4171} | ret=SUCCESS |  
2019-08-30 05:17:56,545 | INFO  | DNAudit | user=null | ip=null | op=WRITE_CHUNK {blockData=conID: 3 locID: 102704236231459438 bcsId: 4171} | ret=SUCCESS |  
2019-08-30 05:17:56,554 | INFO  | DNAudit | user=null | ip=null | op=WRITE_CHUNK {blockData=conID: 3 locID: 102704236231459438 bcsId: 4171} | ret=SUCCESS |  
2019-08-30 05:17:56,555 | INFO  | DNAudit | user=null | ip=null | op=PUT_BLOCK {blockData=[blockId=conID: 3 locID: 102704236231459438 bcsId: 0,size=4194304]} | ret=SUCCESS |  
2019-08-30 05:17:56,555 [grpc-default-executor-5] INFO  client.GrpcClientProtocolClient (GrpcClientProtocolClient.java:onNext(255)) - client-574492D41EE7->134d4672-e322-4e4b-b7f3-5645abb0fe8c: receive RaftClientReply:client-574492D41EE7->134d4672-e322-4e4b-b7f3-5645abb0fe8c@group-3CB1DFFBCDC2, cid=2794, SUCCESS, logIndex=4174, commits[134d4672-e322-4e4b-b7f3-5645abb0fe8c:c4175, 73af84f3-3e88-4c8c-894c-3ad307bcac8d:c4173, 730a25a1-dbec-44ed-975b-a44ab0096beb:c4173]
2019-08-30 05:17:56,555 [grpc-default-executor-5] INFO  client.GrpcClientProtocolClient (GrpcClientProtocolClient.java:onNext(255)) - client-574492D41EE7->134d4672-e322-4e4b-b7f3-5645abb0fe8c: receive RaftClientReply:client-574492D41EE7->134d4672-e322-4e4b-b7f3-5645abb0fe8c@group-3CB1DFFBCDC2, cid=2795, SUCCESS, logIndex=4175, commits[134d4672-e322-4e4b-b7f3-5645abb0fe8c:c4175, 73af84f3-3e88-4c8c-894c-3ad307bcac8d:c4173, 730a25a1-dbec-44ed-975b-a44ab0096beb:c4173]
2019-08-30 05:17:56,566 | INFO  | DNAudit | user=null | ip=null | op=WRITE_CHUNK {blockData=conID: 3 locID: 102704236231459438 bcsId: 4171} | ret=SUCCESS |  
2019-08-30 05:17:56,566 | INFO  | DNAudit | user=null | ip=null | op=WRITE_CHUNK {blockData=conID: 3 locID: 102704236231459438 bcsId: 4171} | ret=SUCCESS |  
2019-08-30 05:17:56,567 | INFO  | DNAudit | user=null | ip=null | op=PUT_BLOCK {blockData=[blockId=conID: 3 locID: 102704236231459438 bcsId: 0,size=4194304]} | ret=SUCCESS |  
2019-08-30 05:17:56,567 | INFO  | DNAudit | user=null | ip=null | op=PUT_BLOCK {blockData=[blockId=conID: 3 locID: 102704236231459438 bcsId: 0,size=4194304]} | ret=SUCCESS |  
2019-08-30 05:17:56,568 [grpc-default-executor-5] INFO  client.GrpcClientProtocolClient (GrpcClientProtocolClient.java:onNext(255)) - client-574492D41EE7->134d4672-e322-4e4b-b7f3-5645abb0fe8c: receive RaftClientReply:client-574492D41EE7->134d4672-e322-4e4b-b7f3-5645abb0fe8c@group-3CB1DFFBCDC2, cid=2796, SUCCESS, logIndex=0, commits[134d4672-e322-4e4b-b7f3-5645abb0fe8c:c4177, 73af84f3-3e88-4c8c-894c-3ad307bcac8d:c4175, 730a25a1-dbec-44ed-975b-a44ab0096beb:c4175]
2019-08-30 05:17:56,575 | INFO  | SCMAudit | user=jenkins1000 | ip=192.168.36.106 | op=ALLOCATE_BLOCK {owner=85755eb5-052d-48fa-b271-2fe4d8754e12, size=4194304, type=RATIS, factor=THREE} | ret=SUCCESS |  
2019-08-30 05:17:56,584 | INFO  | SCMAudit | user=jenkins1000 | ip=192.168.36.106 | op=SEND_HEARTBEAT {datanodeUUID=b91a4442-fd83-4a66-bee2-5c7959dbabc3, command=[]} | ret=SUCCESS |  
2019-08-30 05:17:56,586 | INFO  | OMAudit | user=jenkins1000 | ip=127.0.0.1 | op=ALLOCATE_BLOCK {volume=vol-0-00977, bucket=bucket-0-44205, key=key-0-32850, dataSize=0, replicationType=null, replicationFactor=null, keyLocationInfo=null, clientID=102704234570776978} | ret=SUCCESS |  
2019-08-30 05:17:56,594 | INFO  | DNAudit | user=null | ip=null | op=WRITE_CHUNK {blockData=conID: 1 locID: 102704236237619823 bcsId: 0} | ret=SUCCESS |  
2019-08-30 05:17:56,597 | INFO  | DNAudit | user=null | ip=null | op=WRITE_CHUNK {blockData=conID: 1 locID: 102704236237619823 bcsId: 0} | ret=SUCCESS |  
2019-08-30 05:17:56,597 | INFO  | DNAudit | user=null | ip=null | op=WRITE_CHUNK {blockData=conID: 1 locID: 102704236237619823 bcsId: 0} | ret=SUCCESS |  
2019-08-30 05:17:56,598 | INFO  | DNAudit | user=null | ip=null | op=WRITE_CHUNK {blockData=conID: 1 locID: 102704236237619823 bcsId: 0} | ret=SUCCESS |  
2019-08-30 05:17:56,600 | INFO  | DNAudit | user=null | ip=null | op=WRITE_CHUNK {blockData=conID: 1 locID: 102704236237619823 bcsId: 0} | ret=SUCCESS |  
2019-08-30 05:17:56,601 | INFO  | DNAudit | user=null | ip=null | op=WRITE_CHUNK {blockData=conID: 1 locID: 102704236237619823 bcsId: 0} | ret=SUCCESS |  
2019-08-30 05:17:56,607 | INFO  | DNAudit | user=null | ip=null | op=WRITE_CHUNK {blockData=conID: 1 locID: 102704236237619823 bcsId: 0} | ret=SUCCESS |  
2019-08-30 05:17:56,608 | INFO  | DNAudit | user=null | ip=null | op=PUT_BLOCK {blockData=[blockId=conID: 1 locID: 102704236237619823 bcsId: 0,size=1048576]} | ret=SUCCESS |  
2019-08-30 05:17:56,608 [grpc-default-executor-3] INFO  client.GrpcClientProtocolClient (GrpcClientProtocolClient.java:onNext(255)) - client-574492D41EE7->134d4672-e322-4e4b-b7f3-5645abb0fe8c: receive RaftClientReply:client-574492D41EE7->134d4672-e322-4e4b-b7f3-5645abb0fe8c@group-3CB1DFFBCDC2, cid=2797, SUCCESS, logIndex=4178, commits[134d4672-e322-4e4b-b7f3-5645abb0fe8c:c4179, 73af84f3-3e88-4c8c-894c-3ad307bcac8d:c4177, 730a25a1-dbec-44ed-975b-a44ab0096beb:c4177]
2019-08-30 05:17:56,608 | INFO  | DNAudit | user=null | ip=null | op=WRITE_CHUNK {blockData=conID: 1 locID: 102704236237619823 bcsId: 0} | ret=SUCCESS |  
2019-08-30 05:17:56,608 | INFO  | DNAudit | user=null | ip=null | op=PUT_BLOCK {blockData=[blockId=conID: 1 locID: 102704236237619823 bcsId: 0,size=2097152]} | ret=SUCCESS |  
2019-08-30 05:17:56,609 [grpc-default-executor-6] INFO  client.GrpcClientProtocolClient (GrpcClientProtocolClient.java:onNext(255)) - client-574492D41EE7->134d4672-e322-4e4b-b7f3-5645abb0fe8c: receive RaftClientReply:client-574492D41EE7->134d4672-e322-4e4b-b7f3-5645abb0fe8c@group-3CB1DFFBCDC2, cid=2798, SUCCESS, logIndex=4179, commits[134d4672-e322-4e4b-b7f3-5645abb0fe8c:c4179, 73af84f3-3e88-4c8c-894c-3ad307bcac8d:c4177, 730a25a1-dbec-44ed-975b-a44ab0096beb:c4177]
2019-08-30 05:17:56,609 [grpc-default-executor-6] INFO  client.GrpcClientProtocolClient (GrpcClientProtocolClient.java:onNext(255)) - client-574492D41EE7->134d4672-e322-4e4b-b7f3-5645abb0fe8c: receive RaftClientReply:client-574492D41EE7->134d4672-e322-4e4b-b7f3-5645abb0fe8c@group-3CB1DFFBCDC2, cid=2799, SUCCESS, logIndex=4180, commits[134d4672-e322-4e4b-b7f3-5645abb0fe8c:c4181, 73af84f3-3e88-4c8c-894c-3ad307bcac8d:c4177, 730a25a1-dbec-44ed-975b-a44ab0096beb:c4177]
2019-08-30 05:17:56,609 [grpc-default-executor-6] INFO  client.GrpcClientProtocolClient (GrpcClientProtocolClient.java:onNext(255)) - client-574492D41EE7->134d4672-e322-4e4b-b7f3-5645abb0fe8c: receive RaftClientReply:client-574492D41EE7->134d4672-e322-4e4b-b7f3-5645abb0fe8c@group-3CB1DFFBCDC2, cid=2800, SUCCESS, logIndex=4181, commits[134d4672-e322-4e4b-b7f3-5645abb0fe8c:c4181, 73af84f3-3e88-4c8c-894c-3ad307bcac8d:c4177, 730a25a1-dbec-44ed-975b-a44ab0096beb:c4177]
2019-08-30 05:17:56,621 | INFO  | DNAudit | user=null | ip=null | op=WRITE_CHUNK {blockData=conID: 1 locID: 102704236237619823 bcsId: 0} | ret=SUCCESS |  
2019-08-30 05:17:56,621 | INFO  | DNAudit | user=null | ip=null | op=PUT_BLOCK {blockData=[blockId=conID: 1 locID: 102704236237619823 bcsId: 0,size=1048576]} | ret=SUCCESS |  
2019-08-30 05:17:56,621 | INFO  | DNAudit | user=null | ip=null | op=WRITE_CHUNK {blockData=conID: 1 locID: 102704236237619823 bcsId: 0} | ret=SUCCESS |  
2019-08-30 05:17:56,622 | INFO  | DNAudit | user=null | ip=null | op=PUT_BLOCK {blockData=[blockId=conID: 1 locID: 102704236237619823 bcsId: 0,size=1048576]} | ret=SUCCESS |  
2019-08-30 05:17:56,622 | INFO  | DNAudit | user=null | ip=null | op=WRITE_CHUNK {blockData=conID: 1 locID: 102704236237619823 bcsId: 0} | ret=SUCCESS |  
2019-08-30 05:17:56,622 | INFO  | DNAudit | user=null | ip=null | op=WRITE_CHUNK {blockData=conID: 1 locID: 102704236237619823 bcsId: 0} | ret=SUCCESS |  
2019-08-30 05:17:56,622 | INFO  | DNAudit | user=null | ip=null | op=PUT_BLOCK {blockData=[blockId=conID: 1 locID: 102704236237619823 bcsId: 0,size=2097152]} | ret=SUCCESS |  
2019-08-30 05:17:56,622 | INFO  | DNAudit | user=null | ip=null | op=PUT_BLOCK {blockData=[blockId=conID: 1 locID: 102704236237619823 bcsId: 0,size=2097152]} | ret=SUCCESS |  
2019-08-30 05:17:56,622 [grpc-default-executor-3] INFO  client.GrpcClientProtocolClient (GrpcClientProtocolClient.java:onNext(255)) - client-574492D41EE7->134d4672-e322-4e4b-b7f3-5645abb0fe8c: receive RaftClientReply:client-574492D41EE7->134d4672-e322-4e4b-b7f3-5645abb0fe8c@group-3CB1DFFBCDC2, cid=2801, SUCCESS, logIndex=0, commits[134d4672-e322-4e4b-b7f3-5645abb0fe8c:c4183, 73af84f3-3e88-4c8c-894c-3ad307bcac8d:c4179, 730a25a1-dbec-44ed-975b-a44ab0096beb:c4179]
2019-08-30 05:17:56,629 | INFO  | DNAudit | user=null | ip=null | op=WRITE_CHUNK {blockData=conID: 1 locID: 102704236237619823 bcsId: 4181} | ret=SUCCESS |  
2019-08-30 05:17:56,632 | INFO  | DNAudit | user=null | ip=null | op=WRITE_CHUNK {blockData=conID: 1 locID: 102704236237619823 bcsId: 4181} | ret=SUCCESS |  
2019-08-30 05:17:56,632 | INFO  | DNAudit | user=null | ip=null | op=WRITE_CHUNK {blockData=conID: 1 locID: 102704236237619823 bcsId: 4181} | ret=SUCCESS |  
2019-08-30 05:17:56,642 | INFO  | DNAudit | user=null | ip=null | op=WRITE_CHUNK {blockData=conID: 1 locID: 102704236237619823 bcsId: 4181} | ret=SUCCESS |  
2019-08-30 05:17:56,642 | INFO  | DNAudit | user=null | ip=null | op=PUT_BLOCK {blockData=[blockId=conID: 1 locID: 102704236237619823 bcsId: 0,size=3145728]} | ret=SUCCESS |  
2019-08-30 05:17:56,642 [grpc-default-executor-6] INFO  client.GrpcClientProtocolClient (GrpcClientProtocolClient.java:onNext(255)) - client-574492D41EE7->134d4672-e322-4e4b-b7f3-5645abb0fe8c: receive RaftClientReply:client-574492D41EE7->134d4672-e322-4e4b-b7f3-5645abb0fe8c@group-3CB1DFFBCDC2, cid=2802, SUCCESS, logIndex=4186, commits[134d4672-e322-4e4b-b7f3-5645abb0fe8c:c4187, 73af84f3-3e88-4c8c-894c-3ad307bcac8d:c4185, 730a25a1-dbec-44ed-975b-a44ab0096beb:c4185]
2019-08-30 05:17:56,643 [grpc-default-executor-6] INFO  client.GrpcClientProtocolClient (GrpcClientProtocolClient.java:onNext(255)) - client-574492D41EE7->134d4672-e322-4e4b-b7f3-5645abb0fe8c: receive RaftClientReply:client-574492D41EE7->134d4672-e322-4e4b-b7f3-5645abb0fe8c@group-3CB1DFFBCDC2, cid=2803, SUCCESS, logIndex=4187, commits[134d4672-e322-4e4b-b7f3-5645abb0fe8c:c4187, 73af84f3-3e88-4c8c-894c-3ad307bcac8d:c4185, 730a25a1-dbec-44ed-975b-a44ab0096beb:c4185]
2019-08-30 05:17:56,650 | INFO  | DNAudit | user=null | ip=null | op=WRITE_CHUNK {blockData=conID: 1 locID: 102704236237619823 bcsId: 4187} | ret=SUCCESS |  
2019-08-30 05:17:56,653 | INFO  | DNAudit | user=null | ip=null | op=WRITE_CHUNK {blockData=conID: 1 locID: 102704236237619823 bcsId: 4187} | ret=SUCCESS |  
2019-08-30 05:17:56,653 | INFO  | DNAudit | user=null | ip=null | op=WRITE_CHUNK {blockData=conID: 1 locID: 102704236237619823 bcsId: 4187} | ret=SUCCESS |  
2019-08-30 05:17:56,653 | INFO  | DNAudit | user=null | ip=null | op=WRITE_CHUNK {blockData=conID: 1 locID: 102704236237619823 bcsId: 4181} | ret=SUCCESS |  
2019-08-30 05:17:56,653 | INFO  | DNAudit | user=null | ip=null | op=WRITE_CHUNK {blockData=conID: 1 locID: 102704236237619823 bcsId: 4181} | ret=SUCCESS |  
2019-08-30 05:17:56,654 | INFO  | DNAudit | user=null | ip=null | op=PUT_BLOCK {blockData=[blockId=conID: 1 locID: 102704236237619823 bcsId: 0,size=3145728]} | ret=SUCCESS |  
2019-08-30 05:17:56,654 | INFO  | DNAudit | user=null | ip=null | op=PUT_BLOCK {blockData=[blockId=conID: 1 locID: 102704236237619823 bcsId: 0,size=3145728]} | ret=SUCCESS |  
2019-08-30 05:17:56,655 | INFO  | DNAudit | user=null | ip=null | op=WRITE_CHUNK {blockData=conID: 1 locID: 102704236237619823 bcsId: 4187} | ret=SUCCESS |  
2019-08-30 05:17:56,655 | INFO  | DNAudit | user=null | ip=null | op=PUT_BLOCK {blockData=[blockId=conID: 1 locID: 102704236237619823 bcsId: 0,size=4194304]} | ret=SUCCESS |  
2019-08-30 05:17:56,656 [grpc-default-executor-6] INFO  client.GrpcClientProtocolClient (GrpcClientProtocolClient.java:onNext(255)) - client-574492D41EE7->134d4672-e322-4e4b-b7f3-5645abb0fe8c: receive RaftClientReply:client-574492D41EE7->134d4672-e322-4e4b-b7f3-5645abb0fe8c@group-3CB1DFFBCDC2, cid=2804, SUCCESS, logIndex=4190, commits[134d4672-e322-4e4b-b7f3-5645abb0fe8c:c4191, 73af84f3-3e88-4c8c-894c-3ad307bcac8d:c4187, 730a25a1-dbec-44ed-975b-a44ab0096beb:c4187]
2019-08-30 05:17:56,656 [grpc-default-executor-6] INFO  client.GrpcClientProtocolClient (GrpcClientProtocolClient.java:onNext(255)) - client-574492D41EE7->134d4672-e322-4e4b-b7f3-5645abb0fe8c: receive RaftClientReply:client-574492D41EE7->134d4672-e322-4e4b-b7f3-5645abb0fe8c@group-3CB1DFFBCDC2, cid=2805, SUCCESS, logIndex=4191, commits[134d4672-e322-4e4b-b7f3-5645abb0fe8c:c4191, 73af84f3-3e88-4c8c-894c-3ad307bcac8d:c4187, 730a25a1-dbec-44ed-975b-a44ab0096beb:c4187]
2019-08-30 05:17:56,666 | INFO  | DNAudit | user=null | ip=null | op=WRITE_CHUNK {blockData=conID: 1 locID: 102704236237619823 bcsId: 4187} | ret=SUCCESS |  
2019-08-30 05:17:56,667 | INFO  | DNAudit | user=null | ip=null | op=WRITE_CHUNK {blockData=conID: 1 locID: 102704236237619823 bcsId: 4187} | ret=SUCCESS |  
2019-08-30 05:17:56,668 | INFO  | DNAudit | user=null | ip=null | op=PUT_BLOCK {blockData=[blockId=conID: 1 locID: 102704236237619823 bcsId: 0,size=4194304]} | ret=SUCCESS |  
2019-08-30 05:17:56,668 | INFO  | DNAudit | user=null | ip=null | op=PUT_BLOCK {blockData=[blockId=conID: 1 locID: 102704236237619823 bcsId: 0,size=4194304]} | ret=SUCCESS |  
2019-08-30 05:17:56,669 [grpc-default-executor-6] INFO  client.GrpcClientProtocolClient (GrpcClientProtocolClient.java:onNext(255)) - client-574492D41EE7->134d4672-e322-4e4b-b7f3-5645abb0fe8c: receive RaftClientReply:client-574492D41EE7->134d4672-e322-4e4b-b7f3-5645abb0fe8c@group-3CB1DFFBCDC2, cid=2806, SUCCESS, logIndex=0, commits[134d4672-e322-4e4b-b7f3-5645abb0fe8c:c4193, 73af84f3-3e88-4c8c-894c-3ad307bcac8d:c4191, 730a25a1-dbec-44ed-975b-a44ab0096beb:c4191]
2019-08-30 05:17:56,674 | INFO  | SCMAudit | user=jenkins1000 | ip=192.168.36.106 | op=ALLOCATE_BLOCK {owner=85755eb5-052d-48fa-b271-2fe4d8754e12, size=4194304, type=RATIS, factor=THREE} | ret=SUCCESS |  
2019-08-30 05:17:56,677 | INFO  | OMAudit | user=jenkins1000 | ip=127.0.0.1 | op=ALLOCATE_BLOCK {volume=vol-0-00977, bucket=bucket-0-44205, key=key-0-32850, dataSize=0, replicationType=null, replicationFactor=null, keyLocationInfo=null, clientID=102704234570776978} | ret=SUCCESS |  
2019-08-30 05:17:56,685 | INFO  | DNAudit | user=null | ip=null | op=WRITE_CHUNK {blockData=conID: 2 locID: 102704236244107888 bcsId: 0} | ret=SUCCESS |  
2019-08-30 05:17:56,688 | INFO  | DNAudit | user=null | ip=null | op=WRITE_CHUNK {blockData=conID: 2 locID: 102704236244107888 bcsId: 0} | ret=SUCCESS |  
2019-08-30 05:17:56,688 | INFO  | DNAudit | user=null | ip=null | op=WRITE_CHUNK {blockData=conID: 2 locID: 102704236244107888 bcsId: 0} | ret=SUCCESS |  
2019-08-30 05:17:56,688 | INFO  | DNAudit | user=null | ip=null | op=WRITE_CHUNK {blockData=conID: 2 locID: 102704236244107888 bcsId: 0} | ret=SUCCESS |  
2019-08-30 05:17:56,690 | INFO  | DNAudit | user=null | ip=null | op=WRITE_CHUNK {blockData=conID: 2 locID: 102704236244107888 bcsId: 0} | ret=SUCCESS |  
2019-08-30 05:17:56,691 | INFO  | DNAudit | user=null | ip=null | op=WRITE_CHUNK {blockData=conID: 2 locID: 102704236244107888 bcsId: 0} | ret=SUCCESS |  
2019-08-30 05:17:56,694 | INFO  | DNAudit | user=null | ip=null | op=WRITE_CHUNK {blockData=conID: 2 locID: 102704236244107888 bcsId: 0} | ret=SUCCESS |  
2019-08-30 05:17:56,694 | INFO  | DNAudit | user=null | ip=null | op=PUT_BLOCK {blockData=[blockId=conID: 2 locID: 102704236244107888 bcsId: 0,size=1048576]} | ret=SUCCESS |  
2019-08-30 05:17:56,695 | INFO  | DNAudit | user=null | ip=null | op=WRITE_CHUNK {blockData=conID: 2 locID: 102704236244107888 bcsId: 0} | ret=SUCCESS |  
2019-08-30 05:17:56,695 [grpc-default-executor-6] INFO  client.GrpcClientProtocolClient (GrpcClientProtocolClient.java:onNext(255)) - client-574492D41EE7->134d4672-e322-4e4b-b7f3-5645abb0fe8c: receive RaftClientReply:client-574492D41EE7->134d4672-e322-4e4b-b7f3-5645abb0fe8c@group-3CB1DFFBCDC2, cid=2807, SUCCESS, logIndex=4194, commits[134d4672-e322-4e4b-b7f3-5645abb0fe8c:c4195, 73af84f3-3e88-4c8c-894c-3ad307bcac8d:c4193, 730a25a1-dbec-44ed-975b-a44ab0096beb:c4193]
2019-08-30 05:17:56,695 | INFO  | DNAudit | user=null | ip=null | op=PUT_BLOCK {blockData=[blockId=conID: 2 locID: 102704236244107888 bcsId: 0,size=2097152]} | ret=SUCCESS |  
2019-08-30 05:17:56,696 [grpc-default-executor-6] INFO  client.GrpcClientProtocolClient (GrpcClientProtocolClient.java:onNext(255)) - client-574492D41EE7->134d4672-e322-4e4b-b7f3-5645abb0fe8c: receive RaftClientReply:client-574492D41EE7->134d4672-e322-4e4b-b7f3-5645abb0fe8c@group-3CB1DFFBCDC2, cid=2808, SUCCESS, logIndex=4195, commits[134d4672-e322-4e4b-b7f3-5645abb0fe8c:c4195, 73af84f3-3e88-4c8c-894c-3ad307bcac8d:c4193, 730a25a1-dbec-44ed-975b-a44ab0096beb:c4193]
2019-08-30 05:17:56,696 [grpc-default-executor-6] INFO  client.GrpcClientProtocolClient (GrpcClientProtocolClient.java:onNext(255)) - client-574492D41EE7->134d4672-e322-4e4b-b7f3-5645abb0fe8c: receive RaftClientReply:client-574492D41EE7->134d4672-e322-4e4b-b7f3-5645abb0fe8c@group-3CB1DFFBCDC2, cid=2809, SUCCESS, logIndex=4196, commits[134d4672-e322-4e4b-b7f3-5645abb0fe8c:c4197, 73af84f3-3e88-4c8c-894c-3ad307bcac8d:c4193, 730a25a1-dbec-44ed-975b-a44ab0096beb:c4193]
2019-08-30 05:17:56,696 | INFO  | DNAudit | user=null | ip=null | op=WRITE_CHUNK {blockData=conID: 2 locID: 102704236244107888 bcsId: 0} | ret=SUCCESS |  
2019-08-30 05:17:56,696 [grpc-default-executor-6] INFO  client.GrpcClientProtocolClient (GrpcClientProtocolClient.java:onNext(255)) - client-574492D41EE7->134d4672-e322-4e4b-b7f3-5645abb0fe8c: receive RaftClientReply:client-574492D41EE7->134d4672-e322-4e4b-b7f3-5645abb0fe8c@group-3CB1DFFBCDC2, cid=2810, SUCCESS, logIndex=4197, commits[134d4672-e322-4e4b-b7f3-5645abb0fe8c:c4197, 73af84f3-3e88-4c8c-894c-3ad307bcac8d:c4193, 730a25a1-dbec-44ed-975b-a44ab0096beb:c4193]
2019-08-30 05:17:56,696 | INFO  | DNAudit | user=null | ip=null | op=PUT_BLOCK {blockData=[blockId=conID: 2 locID: 102704236244107888 bcsId: 0,size=1048576]} | ret=SUCCESS |  
2019-08-30 05:17:56,696 | INFO  | DNAudit | user=null | ip=null | op=WRITE_CHUNK {blockData=conID: 2 locID: 102704236244107888 bcsId: 0} | ret=SUCCESS |  
2019-08-30 05:17:56,697 | INFO  | DNAudit | user=null | ip=null | op=PUT_BLOCK {blockData=[blockId=conID: 2 locID: 102704236244107888 bcsId: 0,size=1048576]} | ret=SUCCESS |  
2019-08-30 05:17:56,697 | INFO  | DNAudit | user=null | ip=null | op=WRITE_CHUNK {blockData=conID: 2 locID: 102704236244107888 bcsId: 0} | ret=SUCCESS |  
2019-08-30 05:17:56,697 [grpc-default-executor-6] INFO  client.GrpcClientProtocolClient (GrpcClientProtocolClient.java:onNext(255)) - client-574492D41EE7->134d4672-e322-4e4b-b7f3-5645abb0fe8c: receive RaftClientReply:client-574492D41EE7->134d4672-e322-4e4b-b7f3-5645abb0fe8c@group-3CB1DFFBCDC2, cid=2811, SUCCESS, logIndex=0, commits[134d4672-e322-4e4b-b7f3-5645abb0fe8c:c4199, 73af84f3-3e88-4c8c-894c-3ad307bcac8d:c4195, 730a25a1-dbec-44ed-975b-a44ab0096beb:c4195]
2019-08-30 05:17:56,697 | INFO  | DNAudit | user=null | ip=null | op=PUT_BLOCK {blockData=[blockId=conID: 2 locID: 102704236244107888 bcsId: 0,size=2097152]} | ret=SUCCESS |  
2019-08-30 05:17:56,698 | INFO  | DNAudit | user=null | ip=null | op=WRITE_CHUNK {blockData=conID: 2 locID: 102704236244107888 bcsId: 0} | ret=SUCCESS |  
2019-08-30 05:17:56,698 | INFO  | DNAudit | user=null | ip=null | op=PUT_BLOCK {blockData=[blockId=conID: 2 locID: 102704236244107888 bcsId: 0,size=2097152]} | ret=SUCCESS |  
2019-08-30 05:17:56,703 | INFO  | DNAudit | user=null | ip=null | op=WRITE_CHUNK {blockData=conID: 2 locID: 102704236244107888 bcsId: 4197} | ret=SUCCESS |  
2019-08-30 05:17:56,705 | INFO  | DNAudit | user=null | ip=null | op=WRITE_CHUNK {blockData=conID: 2 locID: 102704236244107888 bcsId: 4197} | ret=SUCCESS |  
2019-08-30 05:17:56,706 | INFO  | DNAudit | user=null | ip=null | op=WRITE_CHUNK {blockData=conID: 2 locID: 102704236244107888 bcsId: 4197} | ret=SUCCESS |  
2019-08-30 05:17:56,715 | INFO  | DNAudit | user=null | ip=null | op=WRITE_CHUNK {blockData=conID: 2 locID: 102704236244107888 bcsId: 4197} | ret=SUCCESS |  
2019-08-30 05:17:56,715 | INFO  | DNAudit | user=null | ip=null | op=PUT_BLOCK {blockData=[blockId=conID: 2 locID: 102704236244107888 bcsId: 0,size=3145728]} | ret=SUCCESS |  
2019-08-30 05:17:56,715 [grpc-default-executor-6] INFO  client.GrpcClientProtocolClient (GrpcClientProtocolClient.java:onNext(255)) - client-574492D41EE7->134d4672-e322-4e4b-b7f3-5645abb0fe8c: receive RaftClientReply:client-574492D41EE7->134d4672-e322-4e4b-b7f3-5645abb0fe8c@group-3CB1DFFBCDC2, cid=2812, SUCCESS, logIndex=4202, commits[134d4672-e322-4e4b-b7f3-5645abb0fe8c:c4203, 73af84f3-3e88-4c8c-894c-3ad307bcac8d:c4201, 730a25a1-dbec-44ed-975b-a44ab0096beb:c4201]
2019-08-30 05:17:56,716 [grpc-default-executor-6] INFO  client.GrpcClientProtocolClient (GrpcClientProtocolClient.java:onNext(255)) - client-574492D41EE7->134d4672-e322-4e4b-b7f3-5645abb0fe8c: receive RaftClientReply:client-574492D41EE7->134d4672-e322-4e4b-b7f3-5645abb0fe8c@group-3CB1DFFBCDC2, cid=2813, SUCCESS, logIndex=4203, commits[134d4672-e322-4e4b-b7f3-5645abb0fe8c:c4203, 73af84f3-3e88-4c8c-894c-3ad307bcac8d:c4201, 730a25a1-dbec-44ed-975b-a44ab0096beb:c4201]
2019-08-30 05:17:56,724 | INFO  | DNAudit | user=null | ip=null | op=WRITE_CHUNK {blockData=conID: 2 locID: 102704236244107888 bcsId: 4203} | ret=SUCCESS |  
2019-08-30 05:17:56,725 | INFO  | DNAudit | user=null | ip=null | op=WRITE_CHUNK {blockData=conID: 2 locID: 102704236244107888 bcsId: 4203} | ret=SUCCESS |  
2019-08-30 05:17:56,725 | INFO  | DNAudit | user=null | ip=null | op=WRITE_CHUNK {blockData=conID: 2 locID: 102704236244107888 bcsId: 4203} | ret=SUCCESS |  
2019-08-30 05:17:56,726 | INFO  | DNAudit | user=null | ip=null | op=WRITE_CHUNK {blockData=conID: 2 locID: 102704236244107888 bcsId: 4197} | ret=SUCCESS |  
2019-08-30 05:17:56,726 | INFO  | DNAudit | user=null | ip=null | op=WRITE_CHUNK {blockData=conID: 2 locID: 102704236244107888 bcsId: 4197} | ret=SUCCESS |  
2019-08-30 05:17:56,729 | INFO  | DNAudit | user=null | ip=null | op=PUT_BLOCK {blockData=[blockId=conID: 2 locID: 102704236244107888 bcsId: 0,size=3145728]} | ret=SUCCESS |  
2019-08-30 05:17:56,729 | INFO  | DNAudit | user=null | ip=null | op=PUT_BLOCK {blockData=[blockId=conID: 2 locID: 102704236244107888 bcsId: 0,size=3145728]} | ret=SUCCESS |  
2019-08-30 05:17:56,729 | INFO  | DNAudit | user=null | ip=null | op=WRITE_CHUNK {blockData=conID: 2 locID: 102704236244107888 bcsId: 4203} | ret=SUCCESS |  
2019-08-30 05:17:56,730 | INFO  | DNAudit | user=null | ip=null | op=PUT_BLOCK {blockData=[blockId=conID: 2 locID: 102704236244107888 bcsId: 0,size=4194304]} | ret=SUCCESS |  
2019-08-30 05:17:56,730 [grpc-default-executor-5] INFO  client.GrpcClientProtocolClient (GrpcClientProtocolClient.java:onNext(255)) - client-574492D41EE7->134d4672-e322-4e4b-b7f3-5645abb0fe8c: receive RaftClientReply:client-574492D41EE7->134d4672-e322-4e4b-b7f3-5645abb0fe8c@group-3CB1DFFBCDC2, cid=2814, SUCCESS, logIndex=4206, commits[134d4672-e322-4e4b-b7f3-5645abb0fe8c:c4207, 73af84f3-3e88-4c8c-894c-3ad307bcac8d:c4203, 730a25a1-dbec-44ed-975b-a44ab0096beb:c4203]
2019-08-30 05:17:56,730 [grpc-default-executor-5] INFO  client.GrpcClientProtocolClient (GrpcClientProtocolClient.java:onNext(255)) - client-574492D41EE7->134d4672-e322-4e4b-b7f3-5645abb0fe8c: receive RaftClientReply:client-574492D41EE7->134d4672-e322-4e4b-b7f3-5645abb0fe8c@group-3CB1DFFBCDC2, cid=2815, SUCCESS, logIndex=4207, commits[134d4672-e322-4e4b-b7f3-5645abb0fe8c:c4207, 73af84f3-3e88-4c8c-894c-3ad307bcac8d:c4203, 730a25a1-dbec-44ed-975b-a44ab0096beb:c4203]
2019-08-30 05:17:56,741 | INFO  | DNAudit | user=null | ip=null | op=WRITE_CHUNK {blockData=conID: 2 locID: 102704236244107888 bcsId: 4203} | ret=SUCCESS |  
2019-08-30 05:17:56,741 | INFO  | DNAudit | user=null | ip=null | op=WRITE_CHUNK {blockData=conID: 2 locID: 102704236244107888 bcsId: 4203} | ret=SUCCESS |  
2019-08-30 05:17:56,742 | INFO  | DNAudit | user=null | ip=null | op=PUT_BLOCK {blockData=[blockId=conID: 2 locID: 102704236244107888 bcsId: 0,size=4194304]} | ret=SUCCESS |  
2019-08-30 05:17:56,742 | INFO  | DNAudit | user=null | ip=null | op=PUT_BLOCK {blockData=[blockId=conID: 2 locID: 102704236244107888 bcsId: 0,size=4194304]} | ret=SUCCESS |  
2019-08-30 05:17:56,742 [grpc-default-executor-5] INFO  client.GrpcClientProtocolClient (GrpcClientProtocolClient.java:onNext(255)) - client-574492D41EE7->134d4672-e322-4e4b-b7f3-5645abb0fe8c: receive RaftClientReply:client-574492D41EE7->134d4672-e322-4e4b-b7f3-5645abb0fe8c@group-3CB1DFFBCDC2, cid=2816, SUCCESS, logIndex=0, commits[134d4672-e322-4e4b-b7f3-5645abb0fe8c:c4209, 73af84f3-3e88-4c8c-894c-3ad307bcac8d:c4207, 730a25a1-dbec-44ed-975b-a44ab0096beb:c4207]
2019-08-30 05:17:56,747 | INFO  | SCMAudit | user=jenkins1000 | ip=192.168.36.106 | op=ALLOCATE_BLOCK {owner=85755eb5-052d-48fa-b271-2fe4d8754e12, size=4194304, type=RATIS, factor=THREE} | ret=SUCCESS |  
2019-08-30 05:17:56,750 | INFO  | OMAudit | user=jenkins1000 | ip=127.0.0.1 | op=ALLOCATE_BLOCK {volume=vol-0-00977, bucket=bucket-0-44205, key=key-0-32850, dataSize=0, replicationType=null, replicationFactor=null, keyLocationInfo=null, clientID=102704234570776978} | ret=SUCCESS |  
2019-08-30 05:17:56,757 | INFO  | DNAudit | user=null | ip=null | op=WRITE_CHUNK {blockData=conID: 3 locID: 102704236248892017 bcsId: 0} | ret=SUCCESS |  
2019-08-30 05:17:56,759 | INFO  | DNAudit | user=null | ip=null | op=WRITE_CHUNK {blockData=conID: 3 locID: 102704236248892017 bcsId: 0} | ret=SUCCESS |  
2019-08-30 05:17:56,760 | INFO  | DNAudit | user=null | ip=null | op=WRITE_CHUNK {blockData=conID: 3 locID: 102704236248892017 bcsId: 0} | ret=SUCCESS |  
2019-08-30 05:17:56,760 | INFO  | DNAudit | user=null | ip=null | op=WRITE_CHUNK {blockData=conID: 3 locID: 102704236248892017 bcsId: 0} | ret=SUCCESS |  
2019-08-30 05:17:56,761 | INFO  | DNAudit | user=null | ip=null | op=WRITE_CHUNK {blockData=conID: 3 locID: 102704236248892017 bcsId: 0} | ret=SUCCESS |  
2019-08-30 05:17:56,762 | INFO  | DNAudit | user=null | ip=null | op=WRITE_CHUNK {blockData=conID: 3 locID: 102704236248892017 bcsId: 0} | ret=SUCCESS |  
2019-08-30 05:17:56,769 | INFO  | DNAudit | user=null | ip=null | op=WRITE_CHUNK {blockData=conID: 3 locID: 102704236248892017 bcsId: 0} | ret=SUCCESS |  
2019-08-30 05:17:56,770 | INFO  | DNAudit | user=null | ip=null | op=PUT_BLOCK {blockData=[blockId=conID: 3 locID: 102704236248892017 bcsId: 0,size=1048576]} | ret=SUCCESS |  
2019-08-30 05:17:56,770 | INFO  | DNAudit | user=null | ip=null | op=WRITE_CHUNK {blockData=conID: 3 locID: 102704236248892017 bcsId: 0} | ret=SUCCESS |  
2019-08-30 05:17:56,770 [grpc-default-executor-5] INFO  client.GrpcClientProtocolClient (GrpcClientProtocolClient.java:onNext(255)) - client-574492D41EE7->134d4672-e322-4e4b-b7f3-5645abb0fe8c: receive RaftClientReply:client-574492D41EE7->134d4672-e322-4e4b-b7f3-5645abb0fe8c@group-3CB1DFFBCDC2, cid=2817, SUCCESS, logIndex=4210, commits[134d4672-e322-4e4b-b7f3-5645abb0fe8c:c4211, 73af84f3-3e88-4c8c-894c-3ad307bcac8d:c4209, 730a25a1-dbec-44ed-975b-a44ab0096beb:c4209]
2019-08-30 05:17:56,771 | INFO  | DNAudit | user=null | ip=null | op=PUT_BLOCK {blockData=[blockId=conID: 3 locID: 102704236248892017 bcsId: 0,size=2097152]} | ret=SUCCESS |  
2019-08-30 05:17:56,771 [grpc-default-executor-5] INFO  client.GrpcClientProtocolClient (GrpcClientProtocolClient.java:onNext(255)) - client-574492D41EE7->134d4672-e322-4e4b-b7f3-5645abb0fe8c: receive RaftClientReply:client-574492D41EE7->134d4672-e322-4e4b-b7f3-5645abb0fe8c@group-3CB1DFFBCDC2, cid=2818, SUCCESS, logIndex=4211, commits[134d4672-e322-4e4b-b7f3-5645abb0fe8c:c4211, 73af84f3-3e88-4c8c-894c-3ad307bcac8d:c4209, 730a25a1-dbec-44ed-975b-a44ab0096beb:c4209]
2019-08-30 05:17:56,771 [grpc-default-executor-5] INFO  client.GrpcClientProtocolClient (GrpcClientProtocolClient.java:onNext(255)) - client-574492D41EE7->134d4672-e322-4e4b-b7f3-5645abb0fe8c: receive RaftClientReply:client-574492D41EE7->134d4672-e322-4e4b-b7f3-5645abb0fe8c@group-3CB1DFFBCDC2, cid=2819, SUCCESS, logIndex=4212, commits[134d4672-e322-4e4b-b7f3-5645abb0fe8c:c4213, 73af84f3-3e88-4c8c-894c-3ad307bcac8d:c4209, 730a25a1-dbec-44ed-975b-a44ab0096beb:c4209]
2019-08-30 05:17:56,771 [grpc-default-executor-5] INFO  client.GrpcClientProtocolClient (GrpcClientProtocolClient.java:onNext(255)) - client-574492D41EE7->134d4672-e322-4e4b-b7f3-5645abb0fe8c: receive RaftClientReply:client-574492D41EE7->134d4672-e322-4e4b-b7f3-5645abb0fe8c@group-3CB1DFFBCDC2, cid=2820, SUCCESS, logIndex=4213, commits[134d4672-e322-4e4b-b7f3-5645abb0fe8c:c4213, 73af84f3-3e88-4c8c-894c-3ad307bcac8d:c4209, 730a25a1-dbec-44ed-975b-a44ab0096beb:c4209]
2019-08-30 05:17:56,772 | INFO  | DNAudit | user=null | ip=null | op=WRITE_CHUNK {blockData=conID: 3 locID: 102704236248892017 bcsId: 0} | ret=SUCCESS |  
2019-08-30 05:17:56,772 | INFO  | DNAudit | user=null | ip=null | op=PUT_BLOCK {blockData=[blockId=conID: 3 locID: 102704236248892017 bcsId: 0,size=1048576]} | ret=SUCCESS |  
2019-08-30 05:17:56,773 | INFO  | DNAudit | user=null | ip=null | op=WRITE_CHUNK {blockData=conID: 3 locID: 102704236248892017 bcsId: 0} | ret=SUCCESS |  
2019-08-30 05:17:56,773 | INFO  | DNAudit | user=null | ip=null | op=PUT_BLOCK {blockData=[blockId=conID: 3 locID: 102704236248892017 bcsId: 0,size=1048576]} | ret=SUCCESS |  
2019-08-30 05:17:56,773 | INFO  | DNAudit | user=null | ip=null | op=WRITE_CHUNK {blockData=conID: 3 locID: 102704236248892017 bcsId: 0} | ret=SUCCESS |  
2019-08-30 05:17:56,773 [grpc-default-executor-5] INFO  client.GrpcClientProtocolClient (GrpcClientProtocolClient.java:onNext(255)) - client-574492D41EE7->134d4672-e322-4e4b-b7f3-5645abb0fe8c: receive RaftClientReply:client-574492D41EE7->134d4672-e322-4e4b-b7f3-5645abb0fe8c@group-3CB1DFFBCDC2, cid=2821, SUCCESS, logIndex=0, commits[134d4672-e322-4e4b-b7f3-5645abb0fe8c:c4215, 73af84f3-3e88-4c8c-894c-3ad307bcac8d:c4211, 730a25a1-dbec-44ed-975b-a44ab0096beb:c4211]
2019-08-30 05:17:56,773 | INFO  | DNAudit | user=null | ip=null | op=WRITE_CHUNK {blockData=conID: 3 locID: 102704236248892017 bcsId: 0} | ret=SUCCESS |  
2019-08-30 05:17:56,773 | INFO  | DNAudit | user=null | ip=null | op=PUT_BLOCK {blockData=[blockId=conID: 3 locID: 102704236248892017 bcsId: 0,size=2097152]} | ret=SUCCESS |  
2019-08-30 05:17:56,773 | INFO  | DNAudit | user=null | ip=null | op=PUT_BLOCK {blockData=[blockId=conID: 3 locID: 102704236248892017 bcsId: 0,size=2097152]} | ret=SUCCESS |  
2019-08-30 05:17:56,779 | INFO  | DNAudit | user=null | ip=null | op=WRITE_CHUNK {blockData=conID: 3 locID: 102704236248892017 bcsId: 4213} | ret=SUCCESS |  
2019-08-30 05:17:56,781 | INFO  | DNAudit | user=null | ip=null | op=WRITE_CHUNK {blockData=conID: 3 locID: 102704236248892017 bcsId: 4213} | ret=SUCCESS |  
2019-08-30 05:17:56,781 | INFO  | DNAudit | user=null | ip=null | op=WRITE_CHUNK {blockData=conID: 3 locID: 102704236248892017 bcsId: 4213} | ret=SUCCESS |  
2019-08-30 05:17:56,791 | INFO  | DNAudit | user=null | ip=null | op=WRITE_CHUNK {blockData=conID: 3 locID: 102704236248892017 bcsId: 4213} | ret=SUCCESS |  
2019-08-30 05:17:56,792 | INFO  | DNAudit | user=null | ip=null | op=PUT_BLOCK {blockData=[blockId=conID: 3 locID: 102704236248892017 bcsId: 0,size=3145728]} | ret=SUCCESS |  
2019-08-30 05:17:56,792 [grpc-default-executor-6] INFO  client.GrpcClientProtocolClient (GrpcClientProtocolClient.java:onNext(255)) - client-574492D41EE7->134d4672-e322-4e4b-b7f3-5645abb0fe8c: receive RaftClientReply:client-574492D41EE7->134d4672-e322-4e4b-b7f3-5645abb0fe8c@group-3CB1DFFBCDC2, cid=2822, SUCCESS, logIndex=4218, commits[134d4672-e322-4e4b-b7f3-5645abb0fe8c:c4219, 73af84f3-3e88-4c8c-894c-3ad307bcac8d:c4217, 730a25a1-dbec-44ed-975b-a44ab0096beb:c4217]
2019-08-30 05:17:56,792 [grpc-default-executor-6] INFO  client.GrpcClientProtocolClient (GrpcClientProtocolClient.java:onNext(255)) - client-574492D41EE7->134d4672-e322-4e4b-b7f3-5645abb0fe8c: receive RaftClientReply:client-574492D41EE7->134d4672-e322-4e4b-b7f3-5645abb0fe8c@group-3CB1DFFBCDC2, cid=2823, SUCCESS, logIndex=4219, commits[134d4672-e322-4e4b-b7f3-5645abb0fe8c:c4219, 73af84f3-3e88-4c8c-894c-3ad307bcac8d:c4217, 730a25a1-dbec-44ed-975b-a44ab0096beb:c4217]
2019-08-30 05:17:56,799 | INFO  | DNAudit | user=null | ip=null | op=WRITE_CHUNK {blockData=conID: 3 locID: 102704236248892017 bcsId: 4219} | ret=SUCCESS |  
2019-08-30 05:17:56,801 | INFO  | DNAudit | user=null | ip=null | op=WRITE_CHUNK {blockData=conID: 3 locID: 102704236248892017 bcsId: 4219} | ret=SUCCESS |  
2019-08-30 05:17:56,801 | INFO  | DNAudit | user=null | ip=null | op=WRITE_CHUNK {blockData=conID: 3 locID: 102704236248892017 bcsId: 4219} | ret=SUCCESS |  
2019-08-30 05:17:56,803 | INFO  | DNAudit | user=null | ip=null | op=WRITE_CHUNK {blockData=conID: 3 locID: 102704236248892017 bcsId: 4213} | ret=SUCCESS |  
2019-08-30 05:17:56,803 | INFO  | DNAudit | user=null | ip=null | op=WRITE_CHUNK {blockData=conID: 3 locID: 102704236248892017 bcsId: 4213} | ret=SUCCESS |  
2019-08-30 05:17:56,805 | INFO  | DNAudit | user=null | ip=null | op=PUT_BLOCK {blockData=[blockId=conID: 3 locID: 102704236248892017 bcsId: 0,size=3145728]} | ret=SUCCESS |  
2019-08-30 05:17:56,805 | INFO  | DNAudit | user=null | ip=null | op=PUT_BLOCK {blockData=[blockId=conID: 3 locID: 102704236248892017 bcsId: 0,size=3145728]} | ret=SUCCESS |  
2019-08-30 05:17:56,806 | INFO  | DNAudit | user=null | ip=null | op=WRITE_CHUNK {blockData=conID: 3 locID: 102704236248892017 bcsId: 4219} | ret=SUCCESS |  
2019-08-30 05:17:56,806 | INFO  | DNAudit | user=null | ip=null | op=PUT_BLOCK {blockData=[blockId=conID: 3 locID: 102704236248892017 bcsId: 0,size=4194304]} | ret=SUCCESS |  
2019-08-30 05:17:56,806 [grpc-default-executor-3] INFO  client.GrpcClientProtocolClient (GrpcClientProtocolClient.java:onNext(255)) - client-574492D41EE7->134d4672-e322-4e4b-b7f3-5645abb0fe8c: receive RaftClientReply:client-574492D41EE7->134d4672-e322-4e4b-b7f3-5645abb0fe8c@group-3CB1DFFBCDC2, cid=2824, SUCCESS, logIndex=4222, commits[134d4672-e322-4e4b-b7f3-5645abb0fe8c:c4222, 73af84f3-3e88-4c8c-894c-3ad307bcac8d:c4219, 730a25a1-dbec-44ed-975b-a44ab0096beb:c4219]
2019-08-30 05:17:56,807 [grpc-default-executor-3] INFO  client.GrpcClientProtocolClient (GrpcClientProtocolClient.java:onNext(255)) - client-574492D41EE7->134d4672-e322-4e4b-b7f3-5645abb0fe8c: receive RaftClientReply:client-574492D41EE7->134d4672-e322-4e4b-b7f3-5645abb0fe8c@group-3CB1DFFBCDC2, cid=2825, SUCCESS, logIndex=4223, commits[134d4672-e322-4e4b-b7f3-5645abb0fe8c:c4223, 73af84f3-3e88-4c8c-894c-3ad307bcac8d:c4219, 730a25a1-dbec-44ed-975b-a44ab0096beb:c4219]
2019-08-30 05:17:56,817 | INFO  | DNAudit | user=null | ip=null | op=WRITE_CHUNK {blockData=conID: 3 locID: 102704236248892017 bcsId: 4219} | ret=SUCCESS |  
2019-08-30 05:17:56,818 | INFO  | DNAudit | user=null | ip=null | op=WRITE_CHUNK {blockData=conID: 3 locID: 102704236248892017 bcsId: 4219} | ret=SUCCESS |  
2019-08-30 05:17:56,820 | INFO  | DNAudit | user=null | ip=null | op=PUT_BLOCK {blockData=[blockId=conID: 3 locID: 102704236248892017 bcsId: 0,size=4194304]} | ret=SUCCESS |  
2019-08-30 05:17:56,820 | INFO  | DNAudit | user=null | ip=null | op=PUT_BLOCK {blockData=[blockId=conID: 3 locID: 102704236248892017 bcsId: 0,size=4194304]} | ret=SUCCESS |  
2019-08-30 05:17:56,821 [grpc-default-executor-6] INFO  client.GrpcClientProtocolClient (GrpcClientProtocolClient.java:onNext(255)) - client-574492D41EE7->134d4672-e322-4e4b-b7f3-5645abb0fe8c: receive RaftClientReply:client-574492D41EE7->134d4672-e322-4e4b-b7f3-5645abb0fe8c@group-3CB1DFFBCDC2, cid=2826, SUCCESS, logIndex=0, commits[134d4672-e322-4e4b-b7f3-5645abb0fe8c:c4225, 73af84f3-3e88-4c8c-894c-3ad307bcac8d:c4223, 730a25a1-dbec-44ed-975b-a44ab0096beb:c4223]
2019-08-30 05:17:56,827 | INFO  | SCMAudit | user=jenkins1000 | ip=192.168.36.106 | op=ALLOCATE_BLOCK {owner=85755eb5-052d-48fa-b271-2fe4d8754e12, size=4194304, type=RATIS, factor=THREE} | ret=SUCCESS |  
2019-08-30 05:17:56,831 | INFO  | OMAudit | user=jenkins1000 | ip=127.0.0.1 | op=ALLOCATE_BLOCK {volume=vol-0-00977, bucket=bucket-0-44205, key=key-0-32850, dataSize=0, replicationType=null, replicationFactor=null, keyLocationInfo=null, clientID=102704234570776978} | ret=SUCCESS |  
2019-08-30 05:17:56,837 | INFO  | DNAudit | user=null | ip=null | op=WRITE_CHUNK {blockData=conID: 1 locID: 102704236254069362 bcsId: 0} | ret=SUCCESS |  
2019-08-30 05:17:56,839 | INFO  | DNAudit | user=null | ip=null | op=WRITE_CHUNK {blockData=conID: 1 locID: 102704236254069362 bcsId: 0} | ret=SUCCESS |  
2019-08-30 05:17:56,840 | INFO  | DNAudit | user=null | ip=null | op=WRITE_CHUNK {blockData=conID: 1 locID: 102704236254069362 bcsId: 0} | ret=SUCCESS |  
2019-08-30 05:17:56,840 | INFO  | DNAudit | user=null | ip=null | op=WRITE_CHUNK {blockData=conID: 1 locID: 102704236254069362 bcsId: 0} | ret=SUCCESS |  
2019-08-30 05:17:56,842 | INFO  | DNAudit | user=null | ip=null | op=WRITE_CHUNK {blockData=conID: 1 locID: 102704236254069362 bcsId: 0} | ret=SUCCESS |  
2019-08-30 05:17:56,843 | INFO  | DNAudit | user=null | ip=null | op=WRITE_CHUNK {blockData=conID: 1 locID: 102704236254069362 bcsId: 0} | ret=SUCCESS |  
2019-08-30 05:17:56,850 | INFO  | DNAudit | user=null | ip=null | op=WRITE_CHUNK {blockData=conID: 1 locID: 102704236254069362 bcsId: 0} | ret=SUCCESS |  
2019-08-30 05:17:56,850 | INFO  | DNAudit | user=null | ip=null | op=PUT_BLOCK {blockData=[blockId=conID: 1 locID: 102704236254069362 bcsId: 0,size=1048576]} | ret=SUCCESS |  
2019-08-30 05:17:56,851 [grpc-default-executor-6] INFO  client.GrpcClientProtocolClient (GrpcClientProtocolClient.java:onNext(255)) - client-574492D41EE7->134d4672-e322-4e4b-b7f3-5645abb0fe8c: receive RaftClientReply:client-574492D41EE7->134d4672-e322-4e4b-b7f3-5645abb0fe8c@group-3CB1DFFBCDC2, cid=2827, SUCCESS, logIndex=4226, commits[134d4672-e322-4e4b-b7f3-5645abb0fe8c:c4227, 73af84f3-3e88-4c8c-894c-3ad307bcac8d:c4225, 730a25a1-dbec-44ed-975b-a44ab0096beb:c4225]
2019-08-30 05:17:56,851 | INFO  | DNAudit | user=null | ip=null | op=WRITE_CHUNK {blockData=conID: 1 locID: 102704236254069362 bcsId: 0} | ret=SUCCESS |  
2019-08-30 05:17:56,851 [grpc-default-executor-6] INFO  client.GrpcClientProtocolClient (GrpcClientProtocolClient.java:onNext(255)) - client-574492D41EE7->134d4672-e322-4e4b-b7f3-5645abb0fe8c: receive RaftClientReply:client-574492D41EE7->134d4672-e322-4e4b-b7f3-5645abb0fe8c@group-3CB1DFFBCDC2, cid=2828, SUCCESS, logIndex=4227, commits[134d4672-e322-4e4b-b7f3-5645abb0fe8c:c4227, 73af84f3-3e88-4c8c-894c-3ad307bcac8d:c4225, 730a25a1-dbec-44ed-975b-a44ab0096beb:c4225]
2019-08-30 05:17:56,852 | INFO  | DNAudit | user=null | ip=null | op=PUT_BLOCK {blockData=[blockId=conID: 1 locID: 102704236254069362 bcsId: 0,size=2097152]} | ret=SUCCESS |  
2019-08-30 05:17:56,852 [grpc-default-executor-6] INFO  client.GrpcClientProtocolClient (GrpcClientProtocolClient.java:onNext(255)) - client-574492D41EE7->134d4672-e322-4e4b-b7f3-5645abb0fe8c: receive RaftClientReply:client-574492D41EE7->134d4672-e322-4e4b-b7f3-5645abb0fe8c@group-3CB1DFFBCDC2, cid=2829, SUCCESS, logIndex=4228, commits[134d4672-e322-4e4b-b7f3-5645abb0fe8c:c4228, 73af84f3-3e88-4c8c-894c-3ad307bcac8d:c4225, 730a25a1-dbec-44ed-975b-a44ab0096beb:c4225]
2019-08-30 05:17:56,852 | INFO  | DNAudit | user=null | ip=null | op=WRITE_CHUNK {blockData=conID: 1 locID: 102704236254069362 bcsId: 0} | ret=SUCCESS |  
2019-08-30 05:17:56,852 [grpc-default-executor-6] INFO  client.GrpcClientProtocolClient (GrpcClientProtocolClient.java:onNext(255)) - client-574492D41EE7->134d4672-e322-4e4b-b7f3-5645abb0fe8c: receive RaftClientReply:client-574492D41EE7->134d4672-e322-4e4b-b7f3-5645abb0fe8c@group-3CB1DFFBCDC2, cid=2830, SUCCESS, logIndex=4229, commits[134d4672-e322-4e4b-b7f3-5645abb0fe8c:c4229, 73af84f3-3e88-4c8c-894c-3ad307bcac8d:c4225, 730a25a1-dbec-44ed-975b-a44ab0096beb:c4225]
2019-08-30 05:17:56,852 | INFO  | DNAudit | user=null | ip=null | op=PUT_BLOCK {blockData=[blockId=conID: 1 locID: 102704236254069362 bcsId: 0,size=1048576]} | ret=SUCCESS |  
2019-08-30 05:17:56,853 | INFO  | DNAudit | user=null | ip=null | op=WRITE_CHUNK {blockData=conID: 1 locID: 102704236254069362 bcsId: 0} | ret=SUCCESS |  
2019-08-30 05:17:56,853 | INFO  | DNAudit | user=null | ip=null | op=PUT_BLOCK {blockData=[blockId=conID: 1 locID: 102704236254069362 bcsId: 0,size=1048576]} | ret=SUCCESS |  
2019-08-30 05:17:56,853 [grpc-default-executor-6] INFO  client.GrpcClientProtocolClient (GrpcClientProtocolClient.java:onNext(255)) - client-574492D41EE7->134d4672-e322-4e4b-b7f3-5645abb0fe8c: receive RaftClientReply:client-574492D41EE7->134d4672-e322-4e4b-b7f3-5645abb0fe8c@group-3CB1DFFBCDC2, cid=2831, SUCCESS, logIndex=0, commits[134d4672-e322-4e4b-b7f3-5645abb0fe8c:c4231, 73af84f3-3e88-4c8c-894c-3ad307bcac8d:c4227, 730a25a1-dbec-44ed-975b-a44ab0096beb:c4227]
2019-08-30 05:17:56,854 | INFO  | DNAudit | user=null | ip=null | op=WRITE_CHUNK {blockData=conID: 1 locID: 102704236254069362 bcsId: 0} | ret=SUCCESS |  
2019-08-30 05:17:56,859 | INFO  | DNAudit | user=null | ip=null | op=WRITE_CHUNK {blockData=conID: 1 locID: 102704236254069362 bcsId: 4229} | ret=SUCCESS |  
2019-08-30 05:17:56,862 | INFO  | DNAudit | user=null | ip=null | op=WRITE_CHUNK {blockData=conID: 1 locID: 102704236254069362 bcsId: 4229} | ret=SUCCESS |  
2019-08-30 05:17:56,862 | INFO  | DNAudit | user=null | ip=null | op=WRITE_CHUNK {blockData=conID: 1 locID: 102704236254069362 bcsId: 4229} | ret=SUCCESS |  
2019-08-30 05:17:56,864 | INFO  | DNAudit | user=null | ip=null | op=WRITE_CHUNK {blockData=conID: 1 locID: 102704236254069362 bcsId: 0} | ret=SUCCESS |  
2019-08-30 05:17:56,864 | INFO  | DNAudit | user=null | ip=null | op=PUT_BLOCK {blockData=[blockId=conID: 1 locID: 102704236254069362 bcsId: 0,size=2097152]} | ret=SUCCESS |  
2019-08-30 05:17:56,866 | INFO  | DNAudit | user=null | ip=null | op=PUT_BLOCK {blockData=[blockId=conID: 1 locID: 102704236254069362 bcsId: 0,size=2097152]} | ret=SUCCESS |  
2019-08-30 05:17:56,879 | INFO  | DNAudit | user=null | ip=null | op=WRITE_CHUNK {blockData=conID: 1 locID: 102704236254069362 bcsId: 4229} | ret=SUCCESS |  
2019-08-30 05:17:56,879 | INFO  | DNAudit | user=null | ip=null | op=PUT_BLOCK {blockData=[blockId=conID: 1 locID: 102704236254069362 bcsId: 0,size=3145728]} | ret=SUCCESS |  
2019-08-30 05:17:56,880 [grpc-default-executor-3] INFO  client.GrpcClientProtocolClient (GrpcClientProtocolClient.java:onNext(255)) - client-574492D41EE7->134d4672-e322-4e4b-b7f3-5645abb0fe8c: receive RaftClientReply:client-574492D41EE7->134d4672-e322-4e4b-b7f3-5645abb0fe8c@group-3CB1DFFBCDC2, cid=2832, SUCCESS, logIndex=4234, commits[134d4672-e322-4e4b-b7f3-5645abb0fe8c:c4235, 73af84f3-3e88-4c8c-894c-3ad307bcac8d:c4232, 730a25a1-dbec-44ed-975b-a44ab0096beb:c4229]
2019-08-30 05:17:56,880 [grpc-default-executor-3] INFO  client.GrpcClientProtocolClient (GrpcClientProtocolClient.java:onNext(255)) - client-574492D41EE7->134d4672-e322-4e4b-b7f3-5645abb0fe8c: receive RaftClientReply:client-574492D41EE7->134d4672-e322-4e4b-b7f3-5645abb0fe8c@group-3CB1DFFBCDC2, cid=2833, SUCCESS, logIndex=4235, commits[134d4672-e322-4e4b-b7f3-5645abb0fe8c:c4235, 73af84f3-3e88-4c8c-894c-3ad307bcac8d:c4232, 730a25a1-dbec-44ed-975b-a44ab0096beb:c4232]
2019-08-30 05:17:56,888 | INFO  | DNAudit | user=null | ip=null | op=WRITE_CHUNK {blockData=conID: 1 locID: 102704236254069362 bcsId: 4235} | ret=SUCCESS |  
2019-08-30 05:17:56,890 | INFO  | DNAudit | user=null | ip=null | op=WRITE_CHUNK {blockData=conID: 1 locID: 102704236254069362 bcsId: 4235} | ret=SUCCESS |  
2019-08-30 05:17:56,890 | INFO  | DNAudit | user=null | ip=null | op=WRITE_CHUNK {blockData=conID: 1 locID: 102704236254069362 bcsId: 4235} | ret=SUCCESS |  
2019-08-30 05:17:56,891 | INFO  | DNAudit | user=null | ip=null | op=WRITE_CHUNK {blockData=conID: 1 locID: 102704236254069362 bcsId: 4229} | ret=SUCCESS |  
2019-08-30 05:17:56,891 | INFO  | DNAudit | user=null | ip=null | op=WRITE_CHUNK {blockData=conID: 1 locID: 102704236254069362 bcsId: 4229} | ret=SUCCESS |  
2019-08-30 05:17:56,891 | INFO  | DNAudit | user=null | ip=null | op=PUT_BLOCK {blockData=[blockId=conID: 1 locID: 102704236254069362 bcsId: 0,size=3145728]} | ret=SUCCESS |  
2019-08-30 05:17:56,891 | INFO  | DNAudit | user=null | ip=null | op=PUT_BLOCK {blockData=[blockId=conID: 1 locID: 102704236254069362 bcsId: 0,size=3145728]} | ret=SUCCESS |  
2019-08-30 05:17:56,894 | INFO  | DNAudit | user=null | ip=null | op=WRITE_CHUNK {blockData=conID: 1 locID: 102704236254069362 bcsId: 4235} | ret=SUCCESS |  
2019-08-30 05:17:56,894 | INFO  | DNAudit | user=null | ip=null | op=PUT_BLOCK {blockData=[blockId=conID: 1 locID: 102704236254069362 bcsId: 0,size=4194304]} | ret=SUCCESS |  
2019-08-30 05:17:56,894 [grpc-default-executor-3] INFO  client.GrpcClientProtocolClient (GrpcClientProtocolClient.java:onNext(255)) - client-574492D41EE7->134d4672-e322-4e4b-b7f3-5645abb0fe8c: receive RaftClientReply:client-574492D41EE7->134d4672-e322-4e4b-b7f3-5645abb0fe8c@group-3CB1DFFBCDC2, cid=2834, SUCCESS, logIndex=4237, commits[134d4672-e322-4e4b-b7f3-5645abb0fe8c:c4238, 73af84f3-3e88-4c8c-894c-3ad307bcac8d:c4235, 730a25a1-dbec-44ed-975b-a44ab0096beb:c4235]
2019-08-30 05:17:56,895 [grpc-default-executor-3] INFO  client.GrpcClientProtocolClient (GrpcClientProtocolClient.java:onNext(255)) - client-574492D41EE7->134d4672-e322-4e4b-b7f3-5645abb0fe8c: receive RaftClientReply:client-574492D41EE7->134d4672-e322-4e4b-b7f3-5645abb0fe8c@group-3CB1DFFBCDC2, cid=2835, SUCCESS, logIndex=4238, commits[134d4672-e322-4e4b-b7f3-5645abb0fe8c:c4238, 73af84f3-3e88-4c8c-894c-3ad307bcac8d:c4235, 730a25a1-dbec-44ed-975b-a44ab0096beb:c4235]
2019-08-30 05:17:56,904 | INFO  | DNAudit | user=null | ip=null | op=WRITE_CHUNK {blockData=conID: 1 locID: 102704236254069362 bcsId: 4235} | ret=SUCCESS |  
2019-08-30 05:17:56,904 | INFO  | DNAudit | user=null | ip=null | op=WRITE_CHUNK {blockData=conID: 1 locID: 102704236254069362 bcsId: 4235} | ret=SUCCESS |  
2019-08-30 05:17:56,907 | INFO  | DNAudit | user=null | ip=null | op=PUT_BLOCK {blockData=[blockId=conID: 1 locID: 102704236254069362 bcsId: 0,size=4194304]} | ret=SUCCESS |  
2019-08-30 05:17:56,907 | INFO  | DNAudit | user=null | ip=null | op=PUT_BLOCK {blockData=[blockId=conID: 1 locID: 102704236254069362 bcsId: 0,size=4194304]} | ret=SUCCESS |  
2019-08-30 05:17:56,908 [grpc-default-executor-5] INFO  client.GrpcClientProtocolClient (GrpcClientProtocolClient.java:onNext(255)) - client-574492D41EE7->134d4672-e322-4e4b-b7f3-5645abb0fe8c: receive RaftClientReply:client-574492D41EE7->134d4672-e322-4e4b-b7f3-5645abb0fe8c@group-3CB1DFFBCDC2, cid=2836, SUCCESS, logIndex=0, commits[134d4672-e322-4e4b-b7f3-5645abb0fe8c:c4240, 73af84f3-3e88-4c8c-894c-3ad307bcac8d:c4238, 730a25a1-dbec-44ed-975b-a44ab0096beb:c4238]
2019-08-30 05:17:56,914 | INFO  | SCMAudit | user=jenkins1000 | ip=192.168.36.106 | op=ALLOCATE_BLOCK {owner=85755eb5-052d-48fa-b271-2fe4d8754e12, size=4194304, type=RATIS, factor=THREE} | ret=SUCCESS |  
2019-08-30 05:17:56,917 | INFO  | OMAudit | user=jenkins1000 | ip=127.0.0.1 | op=ALLOCATE_BLOCK {volume=vol-0-00977, bucket=bucket-0-44205, key=key-0-32850, dataSize=0, replicationType=null, replicationFactor=null, keyLocationInfo=null, clientID=102704234570776978} | ret=SUCCESS |  
2019-08-30 05:17:56,923 | INFO  | DNAudit | user=null | ip=null | op=WRITE_CHUNK {blockData=conID: 2 locID: 102704236259770995 bcsId: 0} | ret=SUCCESS |  
2019-08-30 05:17:56,925 | INFO  | DNAudit | user=null | ip=null | op=WRITE_CHUNK {blockData=conID: 2 locID: 102704236259770995 bcsId: 0} | ret=SUCCESS |  
2019-08-30 05:17:56,926 | INFO  | DNAudit | user=null | ip=null | op=WRITE_CHUNK {blockData=conID: 2 locID: 102704236259770995 bcsId: 0} | ret=SUCCESS |  
2019-08-30 05:17:56,926 | INFO  | DNAudit | user=null | ip=null | op=WRITE_CHUNK {blockData=conID: 2 locID: 102704236259770995 bcsId: 0} | ret=SUCCESS |  
2019-08-30 05:17:56,927 | INFO  | DNAudit | user=null | ip=null | op=WRITE_CHUNK {blockData=conID: 2 locID: 102704236259770995 bcsId: 0} | ret=SUCCESS |  
2019-08-30 05:17:56,928 | INFO  | DNAudit | user=null | ip=null | op=WRITE_CHUNK {blockData=conID: 2 locID: 102704236259770995 bcsId: 0} | ret=SUCCESS |  
2019-08-30 05:17:56,938 | INFO  | DNAudit | user=null | ip=null | op=WRITE_CHUNK {blockData=conID: 2 locID: 102704236259770995 bcsId: 0} | ret=SUCCESS |  
2019-08-30 05:17:56,938 | INFO  | DNAudit | user=null | ip=null | op=PUT_BLOCK {blockData=[blockId=conID: 2 locID: 102704236259770995 bcsId: 0,size=1048576]} | ret=SUCCESS |  
2019-08-30 05:17:56,938 [grpc-default-executor-5] INFO  client.GrpcClientProtocolClient (GrpcClientProtocolClient.java:onNext(255)) - client-574492D41EE7->134d4672-e322-4e4b-b7f3-5645abb0fe8c: receive RaftClientReply:client-574492D41EE7->134d4672-e322-4e4b-b7f3-5645abb0fe8c@group-3CB1DFFBCDC2, cid=2837, SUCCESS, logIndex=4241, commits[134d4672-e322-4e4b-b7f3-5645abb0fe8c:c4243, 73af84f3-3e88-4c8c-894c-3ad307bcac8d:c4240, 730a25a1-dbec-44ed-975b-a44ab0096beb:c4240]
2019-08-30 05:17:56,939 | INFO  | DNAudit | user=null | ip=null | op=WRITE_CHUNK {blockData=conID: 2 locID: 102704236259770995 bcsId: 0} | ret=SUCCESS |  
2019-08-30 05:17:56,939 [grpc-default-executor-5] INFO  client.GrpcClientProtocolClient (GrpcClientProtocolClient.java:onNext(255)) - client-574492D41EE7->134d4672-e322-4e4b-b7f3-5645abb0fe8c: receive RaftClientReply:client-574492D41EE7->134d4672-e322-4e4b-b7f3-5645abb0fe8c@group-3CB1DFFBCDC2, cid=2838, SUCCESS, logIndex=4242, commits[134d4672-e322-4e4b-b7f3-5645abb0fe8c:c4244, 73af84f3-3e88-4c8c-894c-3ad307bcac8d:c4240, 730a25a1-dbec-44ed-975b-a44ab0096beb:c4240]
2019-08-30 05:17:56,939 | INFO  | DNAudit | user=null | ip=null | op=PUT_BLOCK {blockData=[blockId=conID: 2 locID: 102704236259770995 bcsId: 0,size=2097152]} | ret=SUCCESS |  
2019-08-30 05:17:56,939 [grpc-default-executor-5] INFO  client.GrpcClientProtocolClient (GrpcClientProtocolClient.java:onNext(255)) - client-574492D41EE7->134d4672-e322-4e4b-b7f3-5645abb0fe8c: receive RaftClientReply:client-574492D41EE7->134d4672-e322-4e4b-b7f3-5645abb0fe8c@group-3CB1DFFBCDC2, cid=2839, SUCCESS, logIndex=4243, commits[134d4672-e322-4e4b-b7f3-5645abb0fe8c:c4244, 73af84f3-3e88-4c8c-894c-3ad307bcac8d:c4240, 730a25a1-dbec-44ed-975b-a44ab0096beb:c4240]
2019-08-30 05:17:56,940 [grpc-default-executor-5] INFO  client.GrpcClientProtocolClient (GrpcClientProtocolClient.java:onNext(255)) - client-574492D41EE7->134d4672-e322-4e4b-b7f3-5645abb0fe8c: receive RaftClientReply:client-574492D41EE7->134d4672-e322-4e4b-b7f3-5645abb0fe8c@group-3CB1DFFBCDC2, cid=2840, SUCCESS, logIndex=4244, commits[134d4672-e322-4e4b-b7f3-5645abb0fe8c:c4244, 73af84f3-3e88-4c8c-894c-3ad307bcac8d:c4240, 730a25a1-dbec-44ed-975b-a44ab0096beb:c4240]
2019-08-30 05:17:56,956 | INFO  | DNAudit | user=null | ip=null | op=WRITE_CHUNK {blockData=conID: 2 locID: 102704236259770995 bcsId: 0} | ret=SUCCESS |  
2019-08-30 05:17:56,956 | INFO  | DNAudit | user=null | ip=null | op=WRITE_CHUNK {blockData=conID: 2 locID: 102704236259770995 bcsId: 0} | ret=SUCCESS |  
2019-08-30 05:17:56,956 | INFO  | DNAudit | user=null | ip=null | op=PUT_BLOCK {blockData=[blockId=conID: 2 locID: 102704236259770995 bcsId: 0,size=1048576]} | ret=SUCCESS |  
2019-08-30 05:17:56,959 | INFO  | DNAudit | user=null | ip=null | op=WRITE_CHUNK {blockData=conID: 2 locID: 102704236259770995 bcsId: 0} | ret=SUCCESS |  
2019-08-30 05:17:56,959 | INFO  | DNAudit | user=null | ip=null | op=PUT_BLOCK {blockData=[blockId=conID: 2 locID: 102704236259770995 bcsId: 0,size=1048576]} | ret=SUCCESS |  
2019-08-30 05:17:56,959 | INFO  | DNAudit | user=null | ip=null | op=PUT_BLOCK {blockData=[blockId=conID: 2 locID: 102704236259770995 bcsId: 0,size=2097152]} | ret=SUCCESS |  
2019-08-30 05:17:56,959 | INFO  | DNAudit | user=null | ip=null | op=WRITE_CHUNK {blockData=conID: 2 locID: 102704236259770995 bcsId: 0} | ret=SUCCESS |  
2019-08-30 05:17:56,959 [grpc-default-executor-6] INFO  client.GrpcClientProtocolClient (GrpcClientProtocolClient.java:onNext(255)) - client-574492D41EE7->134d4672-e322-4e4b-b7f3-5645abb0fe8c: receive RaftClientReply:client-574492D41EE7->134d4672-e322-4e4b-b7f3-5645abb0fe8c@group-3CB1DFFBCDC2, cid=2841, SUCCESS, logIndex=0, commits[134d4672-e322-4e4b-b7f3-5645abb0fe8c:c4247, 73af84f3-3e88-4c8c-894c-3ad307bcac8d:c4243, 730a25a1-dbec-44ed-975b-a44ab0096beb:c4242]
2019-08-30 05:17:56,959 | INFO  | DNAudit | user=null | ip=null | op=PUT_BLOCK {blockData=[blockId=conID: 2 locID: 102704236259770995 bcsId: 0,size=2097152]} | ret=SUCCESS |  
2019-08-30 05:17:56,965 | INFO  | DNAudit | user=null | ip=null | op=WRITE_CHUNK {blockData=conID: 2 locID: 102704236259770995 bcsId: 4244} | ret=SUCCESS |  
2019-08-30 05:17:56,967 | INFO  | DNAudit | user=null | ip=null | op=WRITE_CHUNK {blockData=conID: 2 locID: 102704236259770995 bcsId: 4244} | ret=SUCCESS |  
2019-08-30 05:17:56,967 | INFO  | DNAudit | user=null | ip=null | op=WRITE_CHUNK {blockData=conID: 2 locID: 102704236259770995 bcsId: 4244} | ret=SUCCESS |  
2019-08-30 05:17:56,969 | INFO  | DNAudit | user=null | ip=null | op=WRITE_CHUNK {blockData=conID: 2 locID: 102704236259770995 bcsId: 4244} | ret=SUCCESS |  
2019-08-30 05:17:56,970 | INFO  | DNAudit | user=null | ip=null | op=PUT_BLOCK {blockData=[blockId=conID: 2 locID: 102704236259770995 bcsId: 0,size=3145728]} | ret=SUCCESS |  
2019-08-30 05:17:56,970 [grpc-default-executor-5] INFO  client.GrpcClientProtocolClient (GrpcClientProtocolClient.java:onNext(255)) - client-574492D41EE7->134d4672-e322-4e4b-b7f3-5645abb0fe8c: receive RaftClientReply:client-574492D41EE7->134d4672-e322-4e4b-b7f3-5645abb0fe8c@group-3CB1DFFBCDC2, cid=2842, SUCCESS, logIndex=4249, commits[134d4672-e322-4e4b-b7f3-5645abb0fe8c:c4250, 73af84f3-3e88-4c8c-894c-3ad307bcac8d:c4248, 730a25a1-dbec-44ed-975b-a44ab0096beb:c4248]
2019-08-30 05:17:56,970 [grpc-default-executor-5] INFO  client.GrpcClientProtocolClient (GrpcClientProtocolClient.java:onNext(255)) - client-574492D41EE7->134d4672-e322-4e4b-b7f3-5645abb0fe8c: receive RaftClientReply:client-574492D41EE7->134d4672-e322-4e4b-b7f3-5645abb0fe8c@group-3CB1DFFBCDC2, cid=2843, SUCCESS, logIndex=4250, commits[134d4672-e322-4e4b-b7f3-5645abb0fe8c:c4250, 73af84f3-3e88-4c8c-894c-3ad307bcac8d:c4248, 730a25a1-dbec-44ed-975b-a44ab0096beb:c4248]
2019-08-30 05:17:56,976 | INFO  | DNAudit | user=null | ip=null | op=WRITE_CHUNK {blockData=conID: 2 locID: 102704236259770995 bcsId: 4250} | ret=SUCCESS |  
2019-08-30 05:17:56,978 | INFO  | DNAudit | user=null | ip=null | op=WRITE_CHUNK {blockData=conID: 2 locID: 102704236259770995 bcsId: 4250} | ret=SUCCESS |  
2019-08-30 05:17:56,979 | INFO  | DNAudit | user=null | ip=null | op=WRITE_CHUNK {blockData=conID: 2 locID: 102704236259770995 bcsId: 4250} | ret=SUCCESS |  
2019-08-30 05:17:56,981 | INFO  | DNAudit | user=null | ip=null | op=WRITE_CHUNK {blockData=conID: 2 locID: 102704236259770995 bcsId: 4244} | ret=SUCCESS |  
2019-08-30 05:17:56,981 | INFO  | DNAudit | user=null | ip=null | op=WRITE_CHUNK {blockData=conID: 2 locID: 102704236259770995 bcsId: 4244} | ret=SUCCESS |  
2019-08-30 05:17:56,984 | INFO  | DNAudit | user=null | ip=null | op=PUT_BLOCK {blockData=[blockId=conID: 2 locID: 102704236259770995 bcsId: 0,size=3145728]} | ret=SUCCESS |  
2019-08-30 05:17:56,984 | INFO  | DNAudit | user=null | ip=null | op=PUT_BLOCK {blockData=[blockId=conID: 2 locID: 102704236259770995 bcsId: 0,size=3145728]} | ret=SUCCESS |  
2019-08-30 05:17:56,984 | INFO  | DNAudit | user=null | ip=null | op=WRITE_CHUNK {blockData=conID: 2 locID: 102704236259770995 bcsId: 4250} | ret=SUCCESS |  
2019-08-30 05:17:56,985 | INFO  | DNAudit | user=null | ip=null | op=PUT_BLOCK {blockData=[blockId=conID: 2 locID: 102704236259770995 bcsId: 0,size=4194304]} | ret=SUCCESS |  
2019-08-30 05:17:56,985 [grpc-default-executor-6] INFO  client.GrpcClientProtocolClient (GrpcClientProtocolClient.java:onNext(255)) - client-574492D41EE7->134d4672-e322-4e4b-b7f3-5645abb0fe8c: receive RaftClientReply:client-574492D41EE7->134d4672-e322-4e4b-b7f3-5645abb0fe8c@group-3CB1DFFBCDC2, cid=2844, SUCCESS, logIndex=4253, commits[134d4672-e322-4e4b-b7f3-5645abb0fe8c:c4254, 73af84f3-3e88-4c8c-894c-3ad307bcac8d:c4250, 730a25a1-dbec-44ed-975b-a44ab0096beb:c4250]
2019-08-30 05:17:56,985 [grpc-default-executor-6] INFO  client.GrpcClientProtocolClient (GrpcClientProtocolClient.java:onNext(255)) - client-574492D41EE7->134d4672-e322-4e4b-b7f3-5645abb0fe8c: receive RaftClientReply:client-574492D41EE7->134d4672-e322-4e4b-b7f3-5645abb0fe8c@group-3CB1DFFBCDC2, cid=2845, SUCCESS, logIndex=4254, commits[134d4672-e322-4e4b-b7f3-5645abb0fe8c:c4254, 73af84f3-3e88-4c8c-894c-3ad307bcac8d:c4250, 730a25a1-dbec-44ed-975b-a44ab0096beb:c4250]
2019-08-30 05:17:56,998 | INFO  | DNAudit | user=null | ip=null | op=WRITE_CHUNK {blockData=conID: 2 locID: 102704236259770995 bcsId: 4250} | ret=SUCCESS |  
2019-08-30 05:17:56,998 | INFO  | DNAudit | user=null | ip=null | op=WRITE_CHUNK {blockData=conID: 2 locID: 102704236259770995 bcsId: 4250} | ret=SUCCESS |  
2019-08-30 05:17:57,009 | INFO  | DNAudit | user=null | ip=null | op=PUT_BLOCK {blockData=[blockId=conID: 2 locID: 102704236259770995 bcsId: 0,size=4194304]} | ret=SUCCESS |  
2019-08-30 05:17:57,009 | INFO  | DNAudit | user=null | ip=null | op=PUT_BLOCK {blockData=[blockId=conID: 2 locID: 102704236259770995 bcsId: 0,size=4194304]} | ret=SUCCESS |  
2019-08-30 05:17:57,010 [grpc-default-executor-6] INFO  client.GrpcClientProtocolClient (GrpcClientProtocolClient.java:onNext(255)) - client-574492D41EE7->134d4672-e322-4e4b-b7f3-5645abb0fe8c: receive RaftClientReply:client-574492D41EE7->134d4672-e322-4e4b-b7f3-5645abb0fe8c@group-3CB1DFFBCDC2, cid=2846, SUCCESS, logIndex=0, commits[134d4672-e322-4e4b-b7f3-5645abb0fe8c:c4256, 73af84f3-3e88-4c8c-894c-3ad307bcac8d:c4254, 730a25a1-dbec-44ed-975b-a44ab0096beb:c4254]
2019-08-30 05:17:57,015 | INFO  | SCMAudit | user=jenkins1000 | ip=192.168.36.106 | op=ALLOCATE_BLOCK {owner=85755eb5-052d-48fa-b271-2fe4d8754e12, size=4194304, type=RATIS, factor=THREE} | ret=SUCCESS |  
2019-08-30 05:17:57,019 | INFO  | OMAudit | user=jenkins1000 | ip=127.0.0.1 | op=ALLOCATE_BLOCK {volume=vol-0-00977, bucket=bucket-0-44205, key=key-0-32850, dataSize=0, replicationType=null, replicationFactor=null, keyLocationInfo=null, clientID=102704234570776978} | ret=SUCCESS |  
2019-08-30 05:17:57,025 | INFO  | DNAudit | user=null | ip=null | op=WRITE_CHUNK {blockData=conID: 3 locID: 102704236266455668 bcsId: 0} | ret=SUCCESS |  
2019-08-30 05:17:57,028 | INFO  | DNAudit | user=null | ip=null | op=WRITE_CHUNK {blockData=conID: 3 locID: 102704236266455668 bcsId: 0} | ret=SUCCESS |  
2019-08-30 05:17:57,028 | INFO  | DNAudit | user=null | ip=null | op=WRITE_CHUNK {blockData=conID: 3 locID: 102704236266455668 bcsId: 0} | ret=SUCCESS |  
2019-08-30 05:17:57,028 | INFO  | DNAudit | user=null | ip=null | op=WRITE_CHUNK {blockData=conID: 3 locID: 102704236266455668 bcsId: 0} | ret=SUCCESS |  
2019-08-30 05:17:57,030 | INFO  | DNAudit | user=null | ip=null | op=WRITE_CHUNK {blockData=conID: 3 locID: 102704236266455668 bcsId: 0} | ret=SUCCESS |  
2019-08-30 05:17:57,030 | INFO  | DNAudit | user=null | ip=null | op=WRITE_CHUNK {blockData=conID: 3 locID: 102704236266455668 bcsId: 0} | ret=SUCCESS |  
2019-08-30 05:17:57,038 | INFO  | DNAudit | user=null | ip=null | op=WRITE_CHUNK {blockData=conID: 3 locID: 102704236266455668 bcsId: 0} | ret=SUCCESS |  
2019-08-30 05:17:57,039 | INFO  | DNAudit | user=null | ip=null | op=PUT_BLOCK {blockData=[blockId=conID: 3 locID: 102704236266455668 bcsId: 0,size=1048576]} | ret=SUCCESS |  
2019-08-30 05:17:57,039 [grpc-default-executor-1] INFO  client.GrpcClientProtocolClient (GrpcClientProtocolClient.java:onNext(255)) - client-574492D41EE7->134d4672-e322-4e4b-b7f3-5645abb0fe8c: receive RaftClientReply:client-574492D41EE7->134d4672-e322-4e4b-b7f3-5645abb0fe8c@group-3CB1DFFBCDC2, cid=2847, SUCCESS, logIndex=4257, commits[134d4672-e322-4e4b-b7f3-5645abb0fe8c:c4258, 73af84f3-3e88-4c8c-894c-3ad307bcac8d:c4256, 730a25a1-dbec-44ed-975b-a44ab0096beb:c4256]
2019-08-30 05:17:57,040 [grpc-default-executor-1] INFO  client.GrpcClientProtocolClient (GrpcClientProtocolClient.java:onNext(255)) - client-574492D41EE7->134d4672-e322-4e4b-b7f3-5645abb0fe8c: receive RaftClientReply:client-574492D41EE7->134d4672-e322-4e4b-b7f3-5645abb0fe8c@group-3CB1DFFBCDC2, cid=2848, SUCCESS, logIndex=4258, commits[134d4672-e322-4e4b-b7f3-5645abb0fe8c:c4258, 73af84f3-3e88-4c8c-894c-3ad307bcac8d:c4256, 730a25a1-dbec-44ed-975b-a44ab0096beb:c4256]
2019-08-30 05:17:57,044 | INFO  | DNAudit | user=null | ip=null | op=WRITE_CHUNK {blockData=conID: 3 locID: 102704236266455668 bcsId: 0} | ret=SUCCESS |  
2019-08-30 05:17:57,044 | INFO  | DNAudit | user=null | ip=null | op=PUT_BLOCK {blockData=[blockId=conID: 3 locID: 102704236266455668 bcsId: 0,size=2097152]} | ret=SUCCESS |  
2019-08-30 05:17:57,044 [grpc-default-executor-1] INFO  client.GrpcClientProtocolClient (GrpcClientProtocolClient.java:onNext(255)) - client-574492D41EE7->134d4672-e322-4e4b-b7f3-5645abb0fe8c: receive RaftClientReply:client-574492D41EE7->134d4672-e322-4e4b-b7f3-5645abb0fe8c@group-3CB1DFFBCDC2, cid=2849, SUCCESS, logIndex=4259, commits[134d4672-e322-4e4b-b7f3-5645abb0fe8c:c4260, 73af84f3-3e88-4c8c-894c-3ad307bcac8d:c4256, 730a25a1-dbec-44ed-975b-a44ab0096beb:c4256]
2019-08-30 05:17:57,045 [grpc-default-executor-1] INFO  client.GrpcClientProtocolClient (GrpcClientProtocolClient.java:onNext(255)) - client-574492D41EE7->134d4672-e322-4e4b-b7f3-5645abb0fe8c: receive RaftClientReply:client-574492D41EE7->134d4672-e322-4e4b-b7f3-5645abb0fe8c@group-3CB1DFFBCDC2, cid=2850, SUCCESS, logIndex=4260, commits[134d4672-e322-4e4b-b7f3-5645abb0fe8c:c4260, 73af84f3-3e88-4c8c-894c-3ad307bcac8d:c4256, 730a25a1-dbec-44ed-975b-a44ab0096beb:c4256]
2019-08-30 05:17:57,052 | INFO  | DNAudit | user=null | ip=null | op=WRITE_CHUNK {blockData=conID: 3 locID: 102704236266455668 bcsId: 0} | ret=SUCCESS |  
2019-08-30 05:17:57,052 | INFO  | DNAudit | user=null | ip=null | op=PUT_BLOCK {blockData=[blockId=conID: 3 locID: 102704236266455668 bcsId: 0,size=1048576]} | ret=SUCCESS |  
2019-08-30 05:17:57,052 | INFO  | DNAudit | user=null | ip=null | op=WRITE_CHUNK {blockData=conID: 3 locID: 102704236266455668 bcsId: 0} | ret=SUCCESS |  
2019-08-30 05:17:57,052 | INFO  | DNAudit | user=null | ip=null | op=PUT_BLOCK {blockData=[blockId=conID: 3 locID: 102704236266455668 bcsId: 0,size=1048576]} | ret=SUCCESS |  
2019-08-30 05:17:57,053 | INFO  | DNAudit | user=null | ip=null | op=WRITE_CHUNK {blockData=conID: 3 locID: 102704236266455668 bcsId: 0} | ret=SUCCESS |  
2019-08-30 05:17:57,053 [grpc-default-executor-3] INFO  client.GrpcClientProtocolClient (GrpcClientProtocolClient.java:onNext(255)) - client-574492D41EE7->134d4672-e322-4e4b-b7f3-5645abb0fe8c: receive RaftClientReply:client-574492D41EE7->134d4672-e322-4e4b-b7f3-5645abb0fe8c@group-3CB1DFFBCDC2, cid=2851, SUCCESS, logIndex=0, commits[134d4672-e322-4e4b-b7f3-5645abb0fe8c:c4262, 73af84f3-3e88-4c8c-894c-3ad307bcac8d:c4258, 730a25a1-dbec-44ed-975b-a44ab0096beb:c4258]
2019-08-30 05:17:57,053 | INFO  | DNAudit | user=null | ip=null | op=PUT_BLOCK {blockData=[blockId=conID: 3 locID: 102704236266455668 bcsId: 0,size=2097152]} | ret=SUCCESS |  
2019-08-30 05:17:57,053 | INFO  | DNAudit | user=null | ip=null | op=WRITE_CHUNK {blockData=conID: 3 locID: 102704236266455668 bcsId: 0} | ret=SUCCESS |  
2019-08-30 05:17:57,053 | INFO  | DNAudit | user=null | ip=null | op=PUT_BLOCK {blockData=[blockId=conID: 3 locID: 102704236266455668 bcsId: 0,size=2097152]} | ret=SUCCESS |  
2019-08-30 05:17:57,059 | INFO  | DNAudit | user=null | ip=null | op=WRITE_CHUNK {blockData=conID: 3 locID: 102704236266455668 bcsId: 4260} | ret=SUCCESS |  
2019-08-30 05:17:57,061 | INFO  | DNAudit | user=null | ip=null | op=WRITE_CHUNK {blockData=conID: 3 locID: 102704236266455668 bcsId: 4260} | ret=SUCCESS |  
2019-08-30 05:17:57,062 | INFO  | DNAudit | user=null | ip=null | op=WRITE_CHUNK {blockData=conID: 3 locID: 102704236266455668 bcsId: 4260} | ret=SUCCESS |  
2019-08-30 05:17:57,072 | INFO  | DNAudit | user=null | ip=null | op=WRITE_CHUNK {blockData=conID: 3 locID: 102704236266455668 bcsId: 4260} | ret=SUCCESS |  
2019-08-30 05:17:57,072 | INFO  | DNAudit | user=null | ip=null | op=PUT_BLOCK {blockData=[blockId=conID: 3 locID: 102704236266455668 bcsId: 0,size=3145728]} | ret=SUCCESS |  
2019-08-30 05:17:57,072 [grpc-default-executor-1] INFO  client.GrpcClientProtocolClient (GrpcClientProtocolClient.java:onNext(255)) - client-574492D41EE7->134d4672-e322-4e4b-b7f3-5645abb0fe8c: receive RaftClientReply:client-574492D41EE7->134d4672-e322-4e4b-b7f3-5645abb0fe8c@group-3CB1DFFBCDC2, cid=2852, SUCCESS, logIndex=4265, commits[134d4672-e322-4e4b-b7f3-5645abb0fe8c:c4266, 73af84f3-3e88-4c8c-894c-3ad307bcac8d:c4264, 730a25a1-dbec-44ed-975b-a44ab0096beb:c4264]
2019-08-30 05:17:57,072 [grpc-default-executor-1] INFO  client.GrpcClientProtocolClient (GrpcClientProtocolClient.java:onNext(255)) - client-574492D41EE7->134d4672-e322-4e4b-b7f3-5645abb0fe8c: receive RaftClientReply:client-574492D41EE7->134d4672-e322-4e4b-b7f3-5645abb0fe8c@group-3CB1DFFBCDC2, cid=2853, SUCCESS, logIndex=4266, commits[134d4672-e322-4e4b-b7f3-5645abb0fe8c:c4266, 73af84f3-3e88-4c8c-894c-3ad307bcac8d:c4264, 730a25a1-dbec-44ed-975b-a44ab0096beb:c4264]
2019-08-30 05:17:57,079 | INFO  | DNAudit | user=null | ip=null | op=WRITE_CHUNK {blockData=conID: 3 locID: 102704236266455668 bcsId: 4266} | ret=SUCCESS |  
2019-08-30 05:17:57,081 | INFO  | DNAudit | user=null | ip=null | op=WRITE_CHUNK {blockData=conID: 3 locID: 102704236266455668 bcsId: 4266} | ret=SUCCESS |  
2019-08-30 05:17:57,081 | INFO  | DNAudit | user=null | ip=null | op=WRITE_CHUNK {blockData=conID: 3 locID: 102704236266455668 bcsId: 4266} | ret=SUCCESS |  
2019-08-30 05:17:57,083 | INFO  | DNAudit | user=null | ip=null | op=WRITE_CHUNK {blockData=conID: 3 locID: 102704236266455668 bcsId: 4260} | ret=SUCCESS |  
2019-08-30 05:17:57,083 | INFO  | DNAudit | user=null | ip=null | op=WRITE_CHUNK {blockData=conID: 3 locID: 102704236266455668 bcsId: 4260} | ret=SUCCESS |  
2019-08-30 05:17:57,084 | INFO  | DNAudit | user=null | ip=null | op=PUT_BLOCK {blockData=[blockId=conID: 3 locID: 102704236266455668 bcsId: 0,size=3145728]} | ret=SUCCESS |  
2019-08-30 05:17:57,084 | INFO  | DNAudit | user=null | ip=null | op=PUT_BLOCK {blockData=[blockId=conID: 3 locID: 102704236266455668 bcsId: 0,size=3145728]} | ret=SUCCESS |  
2019-08-30 05:17:57,085 | INFO  | DNAudit | user=null | ip=null | op=WRITE_CHUNK {blockData=conID: 3 locID: 102704236266455668 bcsId: 4266} | ret=SUCCESS |  
2019-08-30 05:17:57,085 | INFO  | DNAudit | user=null | ip=null | op=PUT_BLOCK {blockData=[blockId=conID: 3 locID: 102704236266455668 bcsId: 0,size=4194304]} | ret=SUCCESS |  
2019-08-30 05:17:57,085 [grpc-default-executor-3] INFO  client.GrpcClientProtocolClient (GrpcClientProtocolClient.java:onNext(255)) - client-574492D41EE7->134d4672-e322-4e4b-b7f3-5645abb0fe8c: receive RaftClientReply:client-574492D41EE7->134d4672-e322-4e4b-b7f3-5645abb0fe8c@group-3CB1DFFBCDC2, cid=2854, SUCCESS, logIndex=4269, commits[134d4672-e322-4e4b-b7f3-5645abb0fe8c:c4270, 73af84f3-3e88-4c8c-894c-3ad307bcac8d:c4266, 730a25a1-dbec-44ed-975b-a44ab0096beb:c4266]
2019-08-30 05:17:57,085 [grpc-default-executor-3] INFO  client.GrpcClientProtocolClient (GrpcClientProtocolClient.java:onNext(255)) - client-574492D41EE7->134d4672-e322-4e4b-b7f3-5645abb0fe8c: receive RaftClientReply:client-574492D41EE7->134d4672-e322-4e4b-b7f3-5645abb0fe8c@group-3CB1DFFBCDC2, cid=2855, SUCCESS, logIndex=4270, commits[134d4672-e322-4e4b-b7f3-5645abb0fe8c:c4270, 73af84f3-3e88-4c8c-894c-3ad307bcac8d:c4266, 730a25a1-dbec-44ed-975b-a44ab0096beb:c4266]
2019-08-30 05:17:57,098 | INFO  | DNAudit | user=null | ip=null | op=WRITE_CHUNK {blockData=conID: 3 locID: 102704236266455668 bcsId: 4266} | ret=SUCCESS |  
2019-08-30 05:17:57,098 | INFO  | DNAudit | user=null | ip=null | op=WRITE_CHUNK {blockData=conID: 3 locID: 102704236266455668 bcsId: 4266} | ret=SUCCESS |  
2019-08-30 05:17:57,109 | INFO  | DNAudit | user=null | ip=null | op=PUT_BLOCK {blockData=[blockId=conID: 3 locID: 102704236266455668 bcsId: 0,size=4194304]} | ret=SUCCESS |  
2019-08-30 05:17:57,109 | INFO  | DNAudit | user=null | ip=null | op=PUT_BLOCK {blockData=[blockId=conID: 3 locID: 102704236266455668 bcsId: 0,size=4194304]} | ret=SUCCESS |  
2019-08-30 05:17:57,110 [grpc-default-executor-3] INFO  client.GrpcClientProtocolClient (GrpcClientProtocolClient.java:onNext(255)) - client-574492D41EE7->134d4672-e322-4e4b-b7f3-5645abb0fe8c: receive RaftClientReply:client-574492D41EE7->134d4672-e322-4e4b-b7f3-5645abb0fe8c@group-3CB1DFFBCDC2, cid=2856, SUCCESS, logIndex=0, commits[134d4672-e322-4e4b-b7f3-5645abb0fe8c:c4271, 73af84f3-3e88-4c8c-894c-3ad307bcac8d:c4270, 730a25a1-dbec-44ed-975b-a44ab0096beb:c4270]
2019-08-30 05:17:57,115 | INFO  | SCMAudit | user=jenkins1000 | ip=192.168.36.106 | op=ALLOCATE_BLOCK {owner=85755eb5-052d-48fa-b271-2fe4d8754e12, size=4194304, type=RATIS, factor=THREE} | ret=SUCCESS |  
2019-08-30 05:17:57,118 | INFO  | OMAudit | user=jenkins1000 | ip=127.0.0.1 | op=ALLOCATE_BLOCK {volume=vol-0-00977, bucket=bucket-0-44205, key=key-0-32850, dataSize=0, replicationType=null, replicationFactor=null, keyLocationInfo=null, clientID=102704234570776978} | ret=SUCCESS |  
2019-08-30 05:17:57,249 | INFO  | DNAudit | user=null | ip=null | op=WRITE_CHUNK {blockData=conID: 1 locID: 102704236273009269 bcsId: 0} | ret=SUCCESS |  
2019-08-30 05:17:57,252 | INFO  | DNAudit | user=null | ip=null | op=WRITE_CHUNK {blockData=conID: 1 locID: 102704236273009269 bcsId: 0} | ret=SUCCESS |  
2019-08-30 05:17:57,252 | INFO  | DNAudit | user=null | ip=null | op=WRITE_CHUNK {blockData=conID: 1 locID: 102704236273009269 bcsId: 0} | ret=SUCCESS |  
2019-08-30 05:17:57,253 | INFO  | DNAudit | user=null | ip=null | op=WRITE_CHUNK {blockData=conID: 1 locID: 102704236273009269 bcsId: 0} | ret=SUCCESS |  
2019-08-30 05:17:57,255 | INFO  | DNAudit | user=null | ip=null | op=WRITE_CHUNK {blockData=conID: 1 locID: 102704236273009269 bcsId: 0} | ret=SUCCESS |  
2019-08-30 05:17:57,255 | INFO  | DNAudit | user=null | ip=null | op=WRITE_CHUNK {blockData=conID: 1 locID: 102704236273009269 bcsId: 0} | ret=SUCCESS |  
2019-08-30 05:17:57,261 | INFO  | DNAudit | user=null | ip=null | op=WRITE_CHUNK {blockData=conID: 1 locID: 102704236273009269 bcsId: 0} | ret=SUCCESS |  
2019-08-30 05:17:57,262 | INFO  | DNAudit | user=null | ip=null | op=PUT_BLOCK {blockData=[blockId=conID: 1 locID: 102704236273009269 bcsId: 0,size=1048576]} | ret=SUCCESS |  
2019-08-30 05:17:57,262 [grpc-default-executor-1] INFO  client.GrpcClientProtocolClient (GrpcClientProtocolClient.java:onNext(255)) - client-574492D41EE7->134d4672-e322-4e4b-b7f3-5645abb0fe8c: receive RaftClientReply:client-574492D41EE7->134d4672-e322-4e4b-b7f3-5645abb0fe8c@group-3CB1DFFBCDC2, cid=2857, SUCCESS, logIndex=4273, commits[134d4672-e322-4e4b-b7f3-5645abb0fe8c:c4274, 73af84f3-3e88-4c8c-894c-3ad307bcac8d:c4272, 730a25a1-dbec-44ed-975b-a44ab0096beb:c4272]
2019-08-30 05:17:57,262 | INFO  | DNAudit | user=null | ip=null | op=WRITE_CHUNK {blockData=conID: 1 locID: 102704236273009269 bcsId: 0} | ret=SUCCESS |  
2019-08-30 05:17:57,262 | INFO  | DNAudit | user=null | ip=null | op=PUT_BLOCK {blockData=[blockId=conID: 1 locID: 102704236273009269 bcsId: 0,size=2097152]} | ret=SUCCESS |  
2019-08-30 05:17:57,263 [grpc-default-executor-1] INFO  client.GrpcClientProtocolClient (GrpcClientProtocolClient.java:onNext(255)) - client-574492D41EE7->134d4672-e322-4e4b-b7f3-5645abb0fe8c: receive RaftClientReply:client-574492D41EE7->134d4672-e322-4e4b-b7f3-5645abb0fe8c@group-3CB1DFFBCDC2, cid=2858, SUCCESS, logIndex=4274, commits[134d4672-e322-4e4b-b7f3-5645abb0fe8c:c4274, 73af84f3-3e88-4c8c-894c-3ad307bcac8d:c4272, 730a25a1-dbec-44ed-975b-a44ab0096beb:c4272]
2019-08-30 05:17:57,263 [grpc-default-executor-1] INFO  client.GrpcClientProtocolClient (GrpcClientProtocolClient.java:onNext(255)) - client-574492D41EE7->134d4672-e322-4e4b-b7f3-5645abb0fe8c: receive RaftClientReply:client-574492D41EE7->134d4672-e322-4e4b-b7f3-5645abb0fe8c@group-3CB1DFFBCDC2, cid=2859, SUCCESS, logIndex=4275, commits[134d4672-e322-4e4b-b7f3-5645abb0fe8c:c4276, 73af84f3-3e88-4c8c-894c-3ad307bcac8d:c4272, 730a25a1-dbec-44ed-975b-a44ab0096beb:c4272]
2019-08-30 05:17:57,263 [grpc-default-executor-1] INFO  client.GrpcClientProtocolClient (GrpcClientProtocolClient.java:onNext(255)) - client-574492D41EE7->134d4672-e322-4e4b-b7f3-5645abb0fe8c: receive RaftClientReply:client-574492D41EE7->134d4672-e322-4e4b-b7f3-5645abb0fe8c@group-3CB1DFFBCDC2, cid=2860, SUCCESS, logIndex=4276, commits[134d4672-e322-4e4b-b7f3-5645abb0fe8c:c4276, 73af84f3-3e88-4c8c-894c-3ad307bcac8d:c4272, 730a25a1-dbec-44ed-975b-a44ab0096beb:c4272]
2019-08-30 05:17:57,275 | INFO  | DNAudit | user=null | ip=null | op=WRITE_CHUNK {blockData=conID: 1 locID: 102704236273009269 bcsId: 0} | ret=SUCCESS |  
2019-08-30 05:17:57,276 | INFO  | DNAudit | user=null | ip=null | op=PUT_BLOCK {blockData=[blockId=conID: 1 locID: 102704236273009269 bcsId: 0,size=1048576]} | ret=SUCCESS |  
2019-08-30 05:17:57,276 | INFO  | DNAudit | user=null | ip=null | op=WRITE_CHUNK {blockData=conID: 1 locID: 102704236273009269 bcsId: 0} | ret=SUCCESS |  
2019-08-30 05:17:57,276 | INFO  | DNAudit | user=null | ip=null | op=PUT_BLOCK {blockData=[blockId=conID: 1 locID: 102704236273009269 bcsId: 0,size=1048576]} | ret=SUCCESS |  
2019-08-30 05:17:57,276 | INFO  | DNAudit | user=null | ip=null | op=WRITE_CHUNK {blockData=conID: 1 locID: 102704236273009269 bcsId: 0} | ret=SUCCESS |  
2019-08-30 05:17:57,276 | INFO  | DNAudit | user=null | ip=null | op=PUT_BLOCK {blockData=[blockId=conID: 1 locID: 102704236273009269 bcsId: 0,size=2097152]} | ret=SUCCESS |  
2019-08-30 05:17:57,276 | INFO  | DNAudit | user=null | ip=null | op=WRITE_CHUNK {blockData=conID: 1 locID: 102704236273009269 bcsId: 0} | ret=SUCCESS |  
2019-08-30 05:17:57,277 | INFO  | DNAudit | user=null | ip=null | op=PUT_BLOCK {blockData=[blockId=conID: 1 locID: 102704236273009269 bcsId: 0,size=2097152]} | ret=SUCCESS |  
2019-08-30 05:17:57,277 [grpc-default-executor-3] INFO  client.GrpcClientProtocolClient (GrpcClientProtocolClient.java:onNext(255)) - client-574492D41EE7->134d4672-e322-4e4b-b7f3-5645abb0fe8c: receive RaftClientReply:client-574492D41EE7->134d4672-e322-4e4b-b7f3-5645abb0fe8c@group-3CB1DFFBCDC2, cid=2861, SUCCESS, logIndex=0, commits[134d4672-e322-4e4b-b7f3-5645abb0fe8c:c4278, 73af84f3-3e88-4c8c-894c-3ad307bcac8d:c4274, 730a25a1-dbec-44ed-975b-a44ab0096beb:c4274]
2019-08-30 05:17:57,284 | INFO  | DNAudit | user=null | ip=null | op=WRITE_CHUNK {blockData=conID: 1 locID: 102704236273009269 bcsId: 4276} | ret=SUCCESS |  
2019-08-30 05:17:57,286 | INFO  | DNAudit | user=null | ip=null | op=WRITE_CHUNK {blockData=conID: 1 locID: 102704236273009269 bcsId: 4276} | ret=SUCCESS |  
2019-08-30 05:17:57,286 | INFO  | DNAudit | user=null | ip=null | op=WRITE_CHUNK {blockData=conID: 1 locID: 102704236273009269 bcsId: 4276} | ret=SUCCESS |  
2019-08-30 05:17:57,298 | INFO  | DNAudit | user=null | ip=null | op=WRITE_CHUNK {blockData=conID: 1 locID: 102704236273009269 bcsId: 4276} | ret=SUCCESS |  
2019-08-30 05:17:57,298 | INFO  | DNAudit | user=null | ip=null | op=PUT_BLOCK {blockData=[blockId=conID: 1 locID: 102704236273009269 bcsId: 0,size=3145728]} | ret=SUCCESS |  
2019-08-30 05:17:57,298 [grpc-default-executor-1] INFO  client.GrpcClientProtocolClient (GrpcClientProtocolClient.java:onNext(255)) - client-574492D41EE7->134d4672-e322-4e4b-b7f3-5645abb0fe8c: receive RaftClientReply:client-574492D41EE7->134d4672-e322-4e4b-b7f3-5645abb0fe8c@group-3CB1DFFBCDC2, cid=2862, SUCCESS, logIndex=4281, commits[134d4672-e322-4e4b-b7f3-5645abb0fe8c:c4282, 73af84f3-3e88-4c8c-894c-3ad307bcac8d:c4280, 730a25a1-dbec-44ed-975b-a44ab0096beb:c4280]
2019-08-30 05:17:57,299 [grpc-default-executor-1] INFO  client.GrpcClientProtocolClient (GrpcClientProtocolClient.java:onNext(255)) - client-574492D41EE7->134d4672-e322-4e4b-b7f3-5645abb0fe8c: receive RaftClientReply:client-574492D41EE7->134d4672-e322-4e4b-b7f3-5645abb0fe8c@group-3CB1DFFBCDC2, cid=2863, SUCCESS, logIndex=4282, commits[134d4672-e322-4e4b-b7f3-5645abb0fe8c:c4282, 73af84f3-3e88-4c8c-894c-3ad307bcac8d:c4280, 730a25a1-dbec-44ed-975b-a44ab0096beb:c4280]
2019-08-30 05:17:57,305 | INFO  | DNAudit | user=null | ip=null | op=WRITE_CHUNK {blockData=conID: 1 locID: 102704236273009269 bcsId: 4282} | ret=SUCCESS |  
2019-08-30 05:17:57,308 | INFO  | DNAudit | user=null | ip=null | op=WRITE_CHUNK {blockData=conID: 1 locID: 102704236273009269 bcsId: 4282} | ret=SUCCESS |  
2019-08-30 05:17:57,308 | INFO  | DNAudit | user=null | ip=null | op=WRITE_CHUNK {blockData=conID: 1 locID: 102704236273009269 bcsId: 4282} | ret=SUCCESS |  
2019-08-30 05:17:57,309 | INFO  | DNAudit | user=null | ip=null | op=WRITE_CHUNK {blockData=conID: 1 locID: 102704236273009269 bcsId: 4276} | ret=SUCCESS |  
2019-08-30 05:17:57,309 | INFO  | DNAudit | user=null | ip=null | op=WRITE_CHUNK {blockData=conID: 1 locID: 102704236273009269 bcsId: 4276} | ret=SUCCESS |  
2019-08-30 05:17:57,312 | INFO  | DNAudit | user=null | ip=null | op=PUT_BLOCK {blockData=[blockId=conID: 1 locID: 102704236273009269 bcsId: 0,size=3145728]} | ret=SUCCESS |  
2019-08-30 05:17:57,312 | INFO  | DNAudit | user=null | ip=null | op=PUT_BLOCK {blockData=[blockId=conID: 1 locID: 102704236273009269 bcsId: 0,size=3145728]} | ret=SUCCESS |  
2019-08-30 05:17:57,313 | INFO  | DNAudit | user=null | ip=null | op=WRITE_CHUNK {blockData=conID: 1 locID: 102704236273009269 bcsId: 4282} | ret=SUCCESS |  
2019-08-30 05:17:57,313 | INFO  | DNAudit | user=null | ip=null | op=PUT_BLOCK {blockData=[blockId=conID: 1 locID: 102704236273009269 bcsId: 0,size=4194304]} | ret=SUCCESS |  
2019-08-30 05:17:57,313 [grpc-default-executor-3] INFO  client.GrpcClientProtocolClient (GrpcClientProtocolClient.java:onNext(255)) - client-574492D41EE7->134d4672-e322-4e4b-b7f3-5645abb0fe8c: receive RaftClientReply:client-574492D41EE7->134d4672-e322-4e4b-b7f3-5645abb0fe8c@group-3CB1DFFBCDC2, cid=2864, SUCCESS, logIndex=4285, commits[134d4672-e322-4e4b-b7f3-5645abb0fe8c:c4285, 73af84f3-3e88-4c8c-894c-3ad307bcac8d:c4282, 730a25a1-dbec-44ed-975b-a44ab0096beb:c4282]
2019-08-30 05:17:57,314 [grpc-default-executor-3] INFO  client.GrpcClientProtocolClient (GrpcClientProtocolClient.java:onNext(255)) - client-574492D41EE7->134d4672-e322-4e4b-b7f3-5645abb0fe8c: receive RaftClientReply:client-574492D41EE7->134d4672-e322-4e4b-b7f3-5645abb0fe8c@group-3CB1DFFBCDC2, cid=2865, SUCCESS, logIndex=4286, commits[134d4672-e322-4e4b-b7f3-5645abb0fe8c:c4286, 73af84f3-3e88-4c8c-894c-3ad307bcac8d:c4282, 730a25a1-dbec-44ed-975b-a44ab0096beb:c4282]
2019-08-30 05:17:57,324 | INFO  | DNAudit | user=null | ip=null | op=WRITE_CHUNK {blockData=conID: 1 locID: 102704236273009269 bcsId: 4282} | ret=SUCCESS |  
2019-08-30 05:17:57,324 | INFO  | DNAudit | user=null | ip=null | op=WRITE_CHUNK {blockData=conID: 1 locID: 102704236273009269 bcsId: 4282} | ret=SUCCESS |  
2019-08-30 05:17:57,327 | INFO  | DNAudit | user=null | ip=null | op=PUT_BLOCK {blockData=[blockId=conID: 1 locID: 102704236273009269 bcsId: 0,size=4194304]} | ret=SUCCESS |  
2019-08-30 05:17:57,327 | INFO  | DNAudit | user=null | ip=null | op=PUT_BLOCK {blockData=[blockId=conID: 1 locID: 102704236273009269 bcsId: 0,size=4194304]} | ret=SUCCESS |  
2019-08-30 05:17:57,327 [grpc-default-executor-3] INFO  client.GrpcClientProtocolClient (GrpcClientProtocolClient.java:onNext(255)) - client-574492D41EE7->134d4672-e322-4e4b-b7f3-5645abb0fe8c: receive RaftClientReply:client-574492D41EE7->134d4672-e322-4e4b-b7f3-5645abb0fe8c@group-3CB1DFFBCDC2, cid=2866, SUCCESS, logIndex=0, commits[134d4672-e322-4e4b-b7f3-5645abb0fe8c:c4287, 73af84f3-3e88-4c8c-894c-3ad307bcac8d:c4286, 730a25a1-dbec-44ed-975b-a44ab0096beb:c4286]
2019-08-30 05:17:57,333 | INFO  | SCMAudit | user=jenkins1000 | ip=192.168.36.106 | op=ALLOCATE_BLOCK {owner=85755eb5-052d-48fa-b271-2fe4d8754e12, size=4194304, type=RATIS, factor=THREE} | ret=SUCCESS |  
2019-08-30 05:17:57,336 | INFO  | OMAudit | user=jenkins1000 | ip=127.0.0.1 | op=ALLOCATE_BLOCK {volume=vol-0-00977, bucket=bucket-0-44205, key=key-0-32850, dataSize=0, replicationType=null, replicationFactor=null, keyLocationInfo=null, clientID=102704234570776978} | ret=SUCCESS |  
2019-08-30 05:17:57,343 | INFO  | DNAudit | user=null | ip=null | op=WRITE_CHUNK {blockData=conID: 2 locID: 102704236287230582 bcsId: 0} | ret=SUCCESS |  
2019-08-30 05:17:57,345 | INFO  | DNAudit | user=null | ip=null | op=WRITE_CHUNK {blockData=conID: 2 locID: 102704236287230582 bcsId: 0} | ret=SUCCESS |  
2019-08-30 05:17:57,346 | INFO  | DNAudit | user=null | ip=null | op=WRITE_CHUNK {blockData=conID: 2 locID: 102704236287230582 bcsId: 0} | ret=SUCCESS |  
2019-08-30 05:17:57,346 | INFO  | DNAudit | user=null | ip=null | op=WRITE_CHUNK {blockData=conID: 2 locID: 102704236287230582 bcsId: 0} | ret=SUCCESS |  
2019-08-30 05:17:57,347 | INFO  | DNAudit | user=null | ip=null | op=WRITE_CHUNK {blockData=conID: 2 locID: 102704236287230582 bcsId: 0} | ret=SUCCESS |  
2019-08-30 05:17:57,348 | INFO  | DNAudit | user=null | ip=null | op=WRITE_CHUNK {blockData=conID: 2 locID: 102704236287230582 bcsId: 0} | ret=SUCCESS |  
2019-08-30 05:17:57,355 | INFO  | DNAudit | user=null | ip=null | op=WRITE_CHUNK {blockData=conID: 2 locID: 102704236287230582 bcsId: 0} | ret=SUCCESS |  
2019-08-30 05:17:57,355 | INFO  | DNAudit | user=null | ip=null | op=PUT_BLOCK {blockData=[blockId=conID: 2 locID: 102704236287230582 bcsId: 0,size=1048576]} | ret=SUCCESS |  
2019-08-30 05:17:57,356 [grpc-default-executor-6] INFO  client.GrpcClientProtocolClient (GrpcClientProtocolClient.java:onNext(255)) - client-574492D41EE7->134d4672-e322-4e4b-b7f3-5645abb0fe8c: receive RaftClientReply:client-574492D41EE7->134d4672-e322-4e4b-b7f3-5645abb0fe8c@group-3CB1DFFBCDC2, cid=2867, SUCCESS, logIndex=4289, commits[134d4672-e322-4e4b-b7f3-5645abb0fe8c:c4290, 73af84f3-3e88-4c8c-894c-3ad307bcac8d:c4288, 730a25a1-dbec-44ed-975b-a44ab0096beb:c4288]
2019-08-30 05:17:57,356 | INFO  | DNAudit | user=null | ip=null | op=WRITE_CHUNK {blockData=conID: 2 locID: 102704236287230582 bcsId: 0} | ret=SUCCESS |  
2019-08-30 05:17:57,356 | INFO  | DNAudit | user=null | ip=null | op=PUT_BLOCK {blockData=[blockId=conID: 2 locID: 102704236287230582 bcsId: 0,size=2097152]} | ret=SUCCESS |  
2019-08-30 05:17:57,356 [grpc-default-executor-5] INFO  client.GrpcClientProtocolClient (GrpcClientProtocolClient.java:onNext(255)) - client-574492D41EE7->134d4672-e322-4e4b-b7f3-5645abb0fe8c: receive RaftClientReply:client-574492D41EE7->134d4672-e322-4e4b-b7f3-5645abb0fe8c@group-3CB1DFFBCDC2, cid=2868, SUCCESS, logIndex=4290, commits[134d4672-e322-4e4b-b7f3-5645abb0fe8c:c4290, 73af84f3-3e88-4c8c-894c-3ad307bcac8d:c4288, 730a25a1-dbec-44ed-975b-a44ab0096beb:c4288]
2019-08-30 05:17:57,356 [grpc-default-executor-5] INFO  client.GrpcClientProtocolClient (GrpcClientProtocolClient.java:onNext(255)) - client-574492D41EE7->134d4672-e322-4e4b-b7f3-5645abb0fe8c: receive RaftClientReply:client-574492D41EE7->134d4672-e322-4e4b-b7f3-5645abb0fe8c@group-3CB1DFFBCDC2, cid=2869, SUCCESS, logIndex=4291, commits[134d4672-e322-4e4b-b7f3-5645abb0fe8c:c4292, 73af84f3-3e88-4c8c-894c-3ad307bcac8d:c4288, 730a25a1-dbec-44ed-975b-a44ab0096beb:c4288]
2019-08-30 05:17:57,357 [grpc-default-executor-5] INFO  client.GrpcClientProtocolClient (GrpcClientProtocolClient.java:onNext(255)) - client-574492D41EE7->134d4672-e322-4e4b-b7f3-5645abb0fe8c: receive RaftClientReply:client-574492D41EE7->134d4672-e322-4e4b-b7f3-5645abb0fe8c@group-3CB1DFFBCDC2, cid=2870, SUCCESS, logIndex=4292, commits[134d4672-e322-4e4b-b7f3-5645abb0fe8c:c4292, 73af84f3-3e88-4c8c-894c-3ad307bcac8d:c4288, 730a25a1-dbec-44ed-975b-a44ab0096beb:c4288]
2019-08-30 05:17:57,369 | INFO  | DNAudit | user=null | ip=null | op=WRITE_CHUNK {blockData=conID: 2 locID: 102704236287230582 bcsId: 0} | ret=SUCCESS |  
2019-08-30 05:17:57,369 | INFO  | DNAudit | user=null | ip=null | op=PUT_BLOCK {blockData=[blockId=conID: 2 locID: 102704236287230582 bcsId: 0,size=1048576]} | ret=SUCCESS |  
2019-08-30 05:17:57,371 | INFO  | DNAudit | user=null | ip=null | op=WRITE_CHUNK {blockData=conID: 2 locID: 102704236287230582 bcsId: 0} | ret=SUCCESS |  
2019-08-30 05:17:57,371 | INFO  | DNAudit | user=null | ip=null | op=PUT_BLOCK {blockData=[blockId=conID: 2 locID: 102704236287230582 bcsId: 0,size=1048576]} | ret=SUCCESS |  
2019-08-30 05:17:57,371 | INFO  | DNAudit | user=null | ip=null | op=WRITE_CHUNK {blockData=conID: 2 locID: 102704236287230582 bcsId: 0} | ret=SUCCESS |  
2019-08-30 05:17:57,371 | INFO  | DNAudit | user=null | ip=null | op=PUT_BLOCK {blockData=[blockId=conID: 2 locID: 102704236287230582 bcsId: 0,size=2097152]} | ret=SUCCESS |  
2019-08-30 05:17:57,371 [grpc-default-executor-5] INFO  client.GrpcClientProtocolClient (GrpcClientProtocolClient.java:onNext(255)) - client-574492D41EE7->134d4672-e322-4e4b-b7f3-5645abb0fe8c: receive RaftClientReply:client-574492D41EE7->134d4672-e322-4e4b-b7f3-5645abb0fe8c@group-3CB1DFFBCDC2, cid=2871, SUCCESS, logIndex=0, commits[134d4672-e322-4e4b-b7f3-5645abb0fe8c:c4294, 73af84f3-3e88-4c8c-894c-3ad307bcac8d:c4290, 730a25a1-dbec-44ed-975b-a44ab0096beb:c4290]
2019-08-30 05:17:57,377 | INFO  | DNAudit | user=null | ip=null | op=WRITE_CHUNK {blockData=conID: 2 locID: 102704236287230582 bcsId: 4292} | ret=SUCCESS |  
2019-08-30 05:17:57,379 | INFO  | DNAudit | user=null | ip=null | op=WRITE_CHUNK {blockData=conID: 2 locID: 102704236287230582 bcsId: 4292} | ret=SUCCESS |  
2019-08-30 05:17:57,379 | INFO  | DNAudit | user=null | ip=null | op=WRITE_CHUNK {blockData=conID: 2 locID: 102704236287230582 bcsId: 4292} | ret=SUCCESS |  
2019-08-30 05:17:57,382 | INFO  | DNAudit | user=null | ip=null | op=WRITE_CHUNK {blockData=conID: 2 locID: 102704236287230582 bcsId: 0} | ret=SUCCESS |  
2019-08-30 05:17:57,382 | INFO  | DNAudit | user=null | ip=null | op=PUT_BLOCK {blockData=[blockId=conID: 2 locID: 102704236287230582 bcsId: 0,size=2097152]} | ret=SUCCESS |  
2019-08-30 05:17:57,383 | INFO  | DNAudit | user=null | ip=null | op=WRITE_CHUNK {blockData=conID: 2 locID: 102704236287230582 bcsId: 4292} | ret=SUCCESS |  
2019-08-30 05:17:57,383 | INFO  | DNAudit | user=null | ip=null | op=PUT_BLOCK {blockData=[blockId=conID: 2 locID: 102704236287230582 bcsId: 0,size=3145728]} | ret=SUCCESS |  
2019-08-30 05:17:57,383 [grpc-default-executor-1] INFO  client.GrpcClientProtocolClient (GrpcClientProtocolClient.java:onNext(255)) - client-574492D41EE7->134d4672-e322-4e4b-b7f3-5645abb0fe8c: receive RaftClientReply:client-574492D41EE7->134d4672-e322-4e4b-b7f3-5645abb0fe8c@group-3CB1DFFBCDC2, cid=2872, SUCCESS, logIndex=4297, commits[134d4672-e322-4e4b-b7f3-5645abb0fe8c:c4298, 73af84f3-3e88-4c8c-894c-3ad307bcac8d:c4292, 730a25a1-dbec-44ed-975b-a44ab0096beb:c4296]
2019-08-30 05:17:57,384 [grpc-default-executor-1] INFO  client.GrpcClientProtocolClient (GrpcClientProtocolClient.java:onNext(255)) - client-574492D41EE7->134d4672-e322-4e4b-b7f3-5645abb0fe8c: receive RaftClientReply:client-574492D41EE7->134d4672-e322-4e4b-b7f3-5645abb0fe8c@group-3CB1DFFBCDC2, cid=2873, SUCCESS, logIndex=4298, commits[134d4672-e322-4e4b-b7f3-5645abb0fe8c:c4298, 73af84f3-3e88-4c8c-894c-3ad307bcac8d:c4296, 730a25a1-dbec-44ed-975b-a44ab0096beb:c4296]
2019-08-30 05:17:57,386 | INFO  | DNAudit | user=null | ip=null | op=WRITE_CHUNK {blockData=conID: 2 locID: 102704236287230582 bcsId: 4292} | ret=SUCCESS |  
2019-08-30 05:17:57,386 | INFO  | DNAudit | user=null | ip=null | op=PUT_BLOCK {blockData=[blockId=conID: 2 locID: 102704236287230582 bcsId: 0,size=3145728]} | ret=SUCCESS |  
2019-08-30 05:17:57,388 | INFO  | DNAudit | user=null | ip=null | op=WRITE_CHUNK {blockData=conID: 2 locID: 102704236287230582 bcsId: 4292} | ret=SUCCESS |  
2019-08-30 05:17:57,389 | INFO  | DNAudit | user=null | ip=null | op=WRITE_CHUNK {blockData=conID: 2 locID: 102704236287230582 bcsId: 4298} | ret=SUCCESS |  
2019-08-30 05:17:57,391 | INFO  | DNAudit | user=null | ip=null | op=WRITE_CHUNK {blockData=conID: 2 locID: 102704236287230582 bcsId: 4298} | ret=SUCCESS |  
2019-08-30 05:17:57,391 | INFO  | DNAudit | user=null | ip=null | op=WRITE_CHUNK {blockData=conID: 2 locID: 102704236287230582 bcsId: 4298} | ret=SUCCESS |  
2019-08-30 05:17:57,398 | INFO  | DNAudit | user=null | ip=null | op=PUT_BLOCK {blockData=[blockId=conID: 2 locID: 102704236287230582 bcsId: 0,size=3145728]} | ret=SUCCESS |  
2019-08-30 05:17:57,401 | INFO  | DNAudit | user=null | ip=null | op=WRITE_CHUNK {blockData=conID: 2 locID: 102704236287230582 bcsId: 4298} | ret=SUCCESS |  
2019-08-30 05:17:57,401 | INFO  | DNAudit | user=null | ip=null | op=PUT_BLOCK {blockData=[blockId=conID: 2 locID: 102704236287230582 bcsId: 0,size=4194304]} | ret=SUCCESS |  
2019-08-30 05:17:57,401 [grpc-default-executor-5] INFO  client.GrpcClientProtocolClient (GrpcClientProtocolClient.java:onNext(255)) - client-574492D41EE7->134d4672-e322-4e4b-b7f3-5645abb0fe8c: receive RaftClientReply:client-574492D41EE7->134d4672-e322-4e4b-b7f3-5645abb0fe8c@group-3CB1DFFBCDC2, cid=2874, SUCCESS, logIndex=4301, commits[134d4672-e322-4e4b-b7f3-5645abb0fe8c:c4302, 73af84f3-3e88-4c8c-894c-3ad307bcac8d:c4299, 730a25a1-dbec-44ed-975b-a44ab0096beb:c4299]
2019-08-30 05:17:57,401 [grpc-default-executor-5] INFO  client.GrpcClientProtocolClient (GrpcClientProtocolClient.java:onNext(255)) - client-574492D41EE7->134d4672-e322-4e4b-b7f3-5645abb0fe8c: receive RaftClientReply:client-574492D41EE7->134d4672-e322-4e4b-b7f3-5645abb0fe8c@group-3CB1DFFBCDC2, cid=2875, SUCCESS, logIndex=4302, commits[134d4672-e322-4e4b-b7f3-5645abb0fe8c:c4302, 73af84f3-3e88-4c8c-894c-3ad307bcac8d:c4299, 730a25a1-dbec-44ed-975b-a44ab0096beb:c4299]
2019-08-30 05:17:57,412 | INFO  | DNAudit | user=null | ip=null | op=WRITE_CHUNK {blockData=conID: 2 locID: 102704236287230582 bcsId: 4298} | ret=SUCCESS |  
2019-08-30 05:17:57,412 | INFO  | DNAudit | user=null | ip=null | op=WRITE_CHUNK {blockData=conID: 2 locID: 102704236287230582 bcsId: 4298} | ret=SUCCESS |  
2019-08-30 05:17:57,413 | INFO  | SCMAudit | user=jenkins1000 | ip=192.168.36.106 | op=SEND_HEARTBEAT {datanodeUUID=730a25a1-dbec-44ed-975b-a44ab0096beb, command=[]} | ret=SUCCESS |  
2019-08-30 05:17:57,413 | INFO  | SCMAudit | user=jenkins1000 | ip=192.168.36.106 | op=SEND_HEARTBEAT {datanodeUUID=ea5d4b6b-4a08-401a-8c59-ecc1ca37daf5, command=[]} | ret=SUCCESS |  
2019-08-30 05:17:57,413 | INFO  | SCMAudit | user=jenkins1000 | ip=192.168.36.106 | op=SEND_HEARTBEAT {datanodeUUID=73af84f3-3e88-4c8c-894c-3ad307bcac8d, command=[]} | ret=SUCCESS |  
 0.00% |█                                                                                                    |  0/1 Time: 0:00:262019-08-30 05:17:57,414 | INFO  | SCMAudit | user=jenkins1000 | ip=192.168.36.106 | op=SEND_HEARTBEAT {datanodeUUID=134d4672-e322-4e4b-b7f3-5645abb0fe8c, command=[]} | ret=SUCCESS |  
2019-08-30 05:17:57,415 | INFO  | DNAudit | user=null | ip=null | op=PUT_BLOCK {blockData=[blockId=conID: 2 locID: 102704236287230582 bcsId: 0,size=4194304]} | ret=SUCCESS |  
2019-08-30 05:17:57,415 | INFO  | DNAudit | user=null | ip=null | op=PUT_BLOCK {blockData=[blockId=conID: 2 locID: 102704236287230582 bcsId: 0,size=4194304]} | ret=SUCCESS |  
2019-08-30 05:17:57,415 [grpc-default-executor-5] INFO  client.GrpcClientProtocolClient (GrpcClientProtocolClient.java:onNext(255)) - client-574492D41EE7->134d4672-e322-4e4b-b7f3-5645abb0fe8c: receive RaftClientReply:client-574492D41EE7->134d4672-e322-4e4b-b7f3-5645abb0fe8c@group-3CB1DFFBCDC2, cid=2876, SUCCESS, logIndex=0, commits[134d4672-e322-4e4b-b7f3-5645abb0fe8c:c4304, 73af84f3-3e88-4c8c-894c-3ad307bcac8d:c4302, 730a25a1-dbec-44ed-975b-a44ab0096beb:c4302]
2019-08-30 05:17:57,420 | INFO  | SCMAudit | user=jenkins1000 | ip=192.168.36.106 | op=ALLOCATE_BLOCK {owner=85755eb5-052d-48fa-b271-2fe4d8754e12, size=4194304, type=RATIS, factor=THREE} | ret=SUCCESS |  
2019-08-30 05:17:57,423 | INFO  | OMAudit | user=jenkins1000 | ip=127.0.0.1 | op=ALLOCATE_BLOCK {volume=vol-0-00977, bucket=bucket-0-44205, key=key-0-32850, dataSize=0, replicationType=null, replicationFactor=null, keyLocationInfo=null, clientID=102704234570776978} | ret=SUCCESS |  
2019-08-30 05:17:57,430 | INFO  | DNAudit | user=null | ip=null | op=WRITE_CHUNK {blockData=conID: 3 locID: 102704236292997751 bcsId: 0} | ret=SUCCESS |  
2019-08-30 05:17:57,432 | INFO  | DNAudit | user=null | ip=null | op=WRITE_CHUNK {blockData=conID: 3 locID: 102704236292997751 bcsId: 0} | ret=SUCCESS |  
2019-08-30 05:17:57,432 | INFO  | DNAudit | user=null | ip=null | op=WRITE_CHUNK {blockData=conID: 3 locID: 102704236292997751 bcsId: 0} | ret=SUCCESS |  
2019-08-30 05:17:57,432 | INFO  | DNAudit | user=null | ip=null | op=WRITE_CHUNK {blockData=conID: 3 locID: 102704236292997751 bcsId: 0} | ret=SUCCESS |  
2019-08-30 05:17:57,434 | INFO  | DNAudit | user=null | ip=null | op=WRITE_CHUNK {blockData=conID: 3 locID: 102704236292997751 bcsId: 0} | ret=SUCCESS |  
2019-08-30 05:17:57,434 | INFO  | DNAudit | user=null | ip=null | op=WRITE_CHUNK {blockData=conID: 3 locID: 102704236292997751 bcsId: 0} | ret=SUCCESS |  
2019-08-30 05:17:57,441 | INFO  | DNAudit | user=null | ip=null | op=WRITE_CHUNK {blockData=conID: 3 locID: 102704236292997751 bcsId: 0} | ret=SUCCESS |  
2019-08-30 05:17:57,442 | INFO  | DNAudit | user=null | ip=null | op=PUT_BLOCK {blockData=[blockId=conID: 3 locID: 102704236292997751 bcsId: 0,size=1048576]} | ret=SUCCESS |  
2019-08-30 05:17:57,442 | INFO  | DNAudit | user=null | ip=null | op=WRITE_CHUNK {blockData=conID: 3 locID: 102704236292997751 bcsId: 0} | ret=SUCCESS |  
2019-08-30 05:17:57,442 [grpc-default-executor-5] INFO  client.GrpcClientProtocolClient (GrpcClientProtocolClient.java:onNext(255)) - client-574492D41EE7->134d4672-e322-4e4b-b7f3-5645abb0fe8c: receive RaftClientReply:client-574492D41EE7->134d4672-e322-4e4b-b7f3-5645abb0fe8c@group-3CB1DFFBCDC2, cid=2877, SUCCESS, logIndex=4305, commits[134d4672-e322-4e4b-b7f3-5645abb0fe8c:c4308, 73af84f3-3e88-4c8c-894c-3ad307bcac8d:c4304, 730a25a1-dbec-44ed-975b-a44ab0096beb:c4304]
2019-08-30 05:17:57,442 | INFO  | DNAudit | user=null | ip=null | op=PUT_BLOCK {blockData=[blockId=conID: 3 locID: 102704236292997751 bcsId: 0,size=2097152]} | ret=SUCCESS |  
2019-08-30 05:17:57,442 | INFO  | DNAudit | user=null | ip=null | op=WRITE_CHUNK {blockData=conID: 3 locID: 102704236292997751 bcsId: 0} | ret=SUCCESS |  
2019-08-30 05:17:57,443 [grpc-default-executor-5] INFO  client.GrpcClientProtocolClient (GrpcClientProtocolClient.java:onNext(255)) - client-574492D41EE7->134d4672-e322-4e4b-b7f3-5645abb0fe8c: receive RaftClientReply:client-574492D41EE7->134d4672-e322-4e4b-b7f3-5645abb0fe8c@group-3CB1DFFBCDC2, cid=2878, SUCCESS, logIndex=4306, commits[134d4672-e322-4e4b-b7f3-5645abb0fe8c:c4308, 73af84f3-3e88-4c8c-894c-3ad307bcac8d:c4304, 730a25a1-dbec-44ed-975b-a44ab0096beb:c4304]
2019-08-30 05:17:57,443 [grpc-default-executor-5] INFO  client.GrpcClientProtocolClient (GrpcClientProtocolClient.java:onNext(255)) - client-574492D41EE7->134d4672-e322-4e4b-b7f3-5645abb0fe8c: receive RaftClientReply:client-574492D41EE7->134d4672-e322-4e4b-b7f3-5645abb0fe8c@group-3CB1DFFBCDC2, cid=2879, SUCCESS, logIndex=4307, commits[134d4672-e322-4e4b-b7f3-5645abb0fe8c:c4308, 73af84f3-3e88-4c8c-894c-3ad307bcac8d:c4304, 730a25a1-dbec-44ed-975b-a44ab0096beb:c4304]
2019-08-30 05:17:57,443 [grpc-default-executor-5] INFO  client.GrpcClientProtocolClient (GrpcClientProtocolClient.java:onNext(255)) - client-574492D41EE7->134d4672-e322-4e4b-b7f3-5645abb0fe8c: receive RaftClientReply:client-574492D41EE7->134d4672-e322-4e4b-b7f3-5645abb0fe8c@group-3CB1DFFBCDC2, cid=2880, SUCCESS, logIndex=4308, commits[134d4672-e322-4e4b-b7f3-5645abb0fe8c:c4309, 73af84f3-3e88-4c8c-894c-3ad307bcac8d:c4305, 730a25a1-dbec-44ed-975b-a44ab0096beb:c4304]
2019-08-30 05:17:57,445 | INFO  | DNAudit | user=null | ip=null | op=WRITE_CHUNK {blockData=conID: 3 locID: 102704236292997751 bcsId: 0} | ret=SUCCESS |  
2019-08-30 05:17:57,445 | INFO  | DNAudit | user=null | ip=null | op=PUT_BLOCK {blockData=[blockId=conID: 3 locID: 102704236292997751 bcsId: 0,size=1048576]} | ret=SUCCESS |  
2019-08-30 05:17:57,446 | INFO  | DNAudit | user=null | ip=null | op=PUT_BLOCK {blockData=[blockId=conID: 3 locID: 102704236292997751 bcsId: 0,size=1048576]} | ret=SUCCESS |  
2019-08-30 05:17:57,446 | INFO  | DNAudit | user=null | ip=null | op=WRITE_CHUNK {blockData=conID: 3 locID: 102704236292997751 bcsId: 0} | ret=SUCCESS |  
2019-08-30 05:17:57,446 | INFO  | DNAudit | user=null | ip=null | op=PUT_BLOCK {blockData=[blockId=conID: 3 locID: 102704236292997751 bcsId: 0,size=2097152]} | ret=SUCCESS |  
2019-08-30 05:17:57,447 [grpc-default-executor-5] INFO  client.GrpcClientProtocolClient (GrpcClientProtocolClient.java:onNext(255)) - client-574492D41EE7->134d4672-e322-4e4b-b7f3-5645abb0fe8c: receive RaftClientReply:client-574492D41EE7->134d4672-e322-4e4b-b7f3-5645abb0fe8c@group-3CB1DFFBCDC2, cid=2881, SUCCESS, logIndex=0, commits[134d4672-e322-4e4b-b7f3-5645abb0fe8c:c4310, 73af84f3-3e88-4c8c-894c-3ad307bcac8d:c4306, 730a25a1-dbec-44ed-975b-a44ab0096beb:c4306]
2019-08-30 05:17:57,447 | INFO  | DNAudit | user=null | ip=null | op=WRITE_CHUNK {blockData=conID: 3 locID: 102704236292997751 bcsId: 0} | ret=SUCCESS |  
2019-08-30 05:17:57,447 | INFO  | DNAudit | user=null | ip=null | op=PUT_BLOCK {blockData=[blockId=conID: 3 locID: 102704236292997751 bcsId: 0,size=2097152]} | ret=SUCCESS |  
2019-08-30 05:17:57,452 | INFO  | DNAudit | user=null | ip=null | op=WRITE_CHUNK {blockData=conID: 3 locID: 102704236292997751 bcsId: 4308} | ret=SUCCESS |  
2019-08-30 05:17:57,454 | INFO  | DNAudit | user=null | ip=null | op=WRITE_CHUNK {blockData=conID: 3 locID: 102704236292997751 bcsId: 4308} | ret=SUCCESS |  
2019-08-30 05:17:57,454 | INFO  | DNAudit | user=null | ip=null | op=WRITE_CHUNK {blockData=conID: 3 locID: 102704236292997751 bcsId: 4308} | ret=SUCCESS |  
2019-08-30 05:17:57,479 | INFO  | DNAudit | user=null | ip=null | op=WRITE_CHUNK {blockData=conID: 3 locID: 102704236292997751 bcsId: 4308} | ret=SUCCESS |  
2019-08-30 05:17:57,479 | INFO  | DNAudit | user=null | ip=null | op=PUT_BLOCK {blockData=[blockId=conID: 3 locID: 102704236292997751 bcsId: 0,size=3145728]} | ret=SUCCESS |  
2019-08-30 05:17:57,479 [grpc-default-executor-6] INFO  client.GrpcClientProtocolClient (GrpcClientProtocolClient.java:onNext(255)) - client-574492D41EE7->134d4672-e322-4e4b-b7f3-5645abb0fe8c: receive RaftClientReply:client-574492D41EE7->134d4672-e322-4e4b-b7f3-5645abb0fe8c@group-3CB1DFFBCDC2, cid=2882, SUCCESS, logIndex=4313, commits[134d4672-e322-4e4b-b7f3-5645abb0fe8c:c4314, 73af84f3-3e88-4c8c-894c-3ad307bcac8d:c4312, 730a25a1-dbec-44ed-975b-a44ab0096beb:c4312]
2019-08-30 05:17:57,480 [grpc-default-executor-6] INFO  client.GrpcClientProtocolClient (GrpcClientProtocolClient.java:onNext(255)) - client-574492D41EE7->134d4672-e322-4e4b-b7f3-5645abb0fe8c: receive RaftClientReply:client-574492D41EE7->134d4672-e322-4e4b-b7f3-5645abb0fe8c@group-3CB1DFFBCDC2, cid=2883, SUCCESS, logIndex=4314, commits[134d4672-e322-4e4b-b7f3-5645abb0fe8c:c4314, 73af84f3-3e88-4c8c-894c-3ad307bcac8d:c4312, 730a25a1-dbec-44ed-975b-a44ab0096beb:c4312]
2019-08-30 05:17:57,486 | INFO  | DNAudit | user=null | ip=null | op=WRITE_CHUNK {blockData=conID: 3 locID: 102704236292997751 bcsId: 4314} | ret=SUCCESS |  
2019-08-30 05:17:57,488 | INFO  | DNAudit | user=null | ip=null | op=WRITE_CHUNK {blockData=conID: 3 locID: 102704236292997751 bcsId: 4314} | ret=SUCCESS |  
2019-08-30 05:17:57,488 | INFO  | DNAudit | user=null | ip=null | op=WRITE_CHUNK {blockData=conID: 3 locID: 102704236292997751 bcsId: 4314} | ret=SUCCESS |  
2019-08-30 05:17:57,490 | INFO  | DNAudit | user=null | ip=null | op=WRITE_CHUNK {blockData=conID: 3 locID: 102704236292997751 bcsId: 4308} | ret=SUCCESS |  
2019-08-30 05:17:57,490 | INFO  | DNAudit | user=null | ip=null | op=WRITE_CHUNK {blockData=conID: 3 locID: 102704236292997751 bcsId: 4308} | ret=SUCCESS |  
2019-08-30 05:17:57,493 | INFO  | DNAudit | user=null | ip=null | op=PUT_BLOCK {blockData=[blockId=conID: 3 locID: 102704236292997751 bcsId: 0,size=3145728]} | ret=SUCCESS |  
2019-08-30 05:17:57,493 | INFO  | DNAudit | user=null | ip=null | op=PUT_BLOCK {blockData=[blockId=conID: 3 locID: 102704236292997751 bcsId: 0,size=3145728]} | ret=SUCCESS |  
2019-08-30 05:17:57,494 | INFO  | DNAudit | user=null | ip=null | op=WRITE_CHUNK {blockData=conID: 3 locID: 102704236292997751 bcsId: 4314} | ret=SUCCESS |  
2019-08-30 05:17:57,494 | INFO  | DNAudit | user=null | ip=null | op=PUT_BLOCK {blockData=[blockId=conID: 3 locID: 102704236292997751 bcsId: 0,size=4194304]} | ret=SUCCESS |  
2019-08-30 05:17:57,494 [grpc-default-executor-6] INFO  client.GrpcClientProtocolClient (GrpcClientProtocolClient.java:onNext(255)) - client-574492D41EE7->134d4672-e322-4e4b-b7f3-5645abb0fe8c: receive RaftClientReply:client-574492D41EE7->134d4672-e322-4e4b-b7f3-5645abb0fe8c@group-3CB1DFFBCDC2, cid=2884, SUCCESS, logIndex=4317, commits[134d4672-e322-4e4b-b7f3-5645abb0fe8c:c4318, 73af84f3-3e88-4c8c-894c-3ad307bcac8d:c4314, 730a25a1-dbec-44ed-975b-a44ab0096beb:c4314]
2019-08-30 05:17:57,495 [grpc-default-executor-6] INFO  client.GrpcClientProtocolClient (GrpcClientProtocolClient.java:onNext(255)) - client-574492D41EE7->134d4672-e322-4e4b-b7f3-5645abb0fe8c: receive RaftClientReply:client-574492D41EE7->134d4672-e322-4e4b-b7f3-5645abb0fe8c@group-3CB1DFFBCDC2, cid=2885, SUCCESS, logIndex=4318, commits[134d4672-e322-4e4b-b7f3-5645abb0fe8c:c4318, 73af84f3-3e88-4c8c-894c-3ad307bcac8d:c4314, 730a25a1-dbec-44ed-975b-a44ab0096beb:c4314]
2019-08-30 05:17:57,503 | INFO  | DNAudit | user=null | ip=null | op=WRITE_CHUNK {blockData=conID: 3 locID: 102704236292997751 bcsId: 4314} | ret=SUCCESS |  
2019-08-30 05:17:57,504 | INFO  | DNAudit | user=null | ip=null | op=WRITE_CHUNK {blockData=conID: 3 locID: 102704236292997751 bcsId: 4314} | ret=SUCCESS |  
2019-08-30 05:17:57,504 | INFO  | DNAudit | user=null | ip=null | op=PUT_BLOCK {blockData=[blockId=conID: 3 locID: 102704236292997751 bcsId: 0,size=4194304]} | ret=SUCCESS |  
2019-08-30 05:17:57,504 | INFO  | DNAudit | user=null | ip=null | op=PUT_BLOCK {blockData=[blockId=conID: 3 locID: 102704236292997751 bcsId: 0,size=4194304]} | ret=SUCCESS |  
2019-08-30 05:17:57,504 [grpc-default-executor-6] INFO  client.GrpcClientProtocolClient (GrpcClientProtocolClient.java:onNext(255)) - client-574492D41EE7->134d4672-e322-4e4b-b7f3-5645abb0fe8c: receive RaftClientReply:client-574492D41EE7->134d4672-e322-4e4b-b7f3-5645abb0fe8c@group-3CB1DFFBCDC2, cid=2886, SUCCESS, logIndex=0, commits[134d4672-e322-4e4b-b7f3-5645abb0fe8c:c4319, 73af84f3-3e88-4c8c-894c-3ad307bcac8d:c4318, 730a25a1-dbec-44ed-975b-a44ab0096beb:c4318]
2019-08-30 05:17:57,511 | INFO  | SCMAudit | user=jenkins1000 | ip=192.168.36.106 | op=ALLOCATE_BLOCK {owner=85755eb5-052d-48fa-b271-2fe4d8754e12, size=4194304, type=RATIS, factor=THREE} | ret=SUCCESS |  
2019-08-30 05:17:57,517 | INFO  | OMAudit | user=jenkins1000 | ip=127.0.0.1 | op=ALLOCATE_BLOCK {volume=vol-0-00977, bucket=bucket-0-44205, key=key-0-32850, dataSize=0, replicationType=null, replicationFactor=null, keyLocationInfo=null, clientID=102704234570776978} | ret=SUCCESS |  
2019-08-30 05:17:57,525 | INFO  | DNAudit | user=null | ip=null | op=WRITE_CHUNK {blockData=conID: 1 locID: 102704236298961528 bcsId: 0} | ret=SUCCESS |  
2019-08-30 05:17:57,526 | INFO  | DNAudit | user=null | ip=null | op=WRITE_CHUNK {blockData=conID: 1 locID: 102704236298961528 bcsId: 0} | ret=SUCCESS |  
2019-08-30 05:17:57,528 | INFO  | DNAudit | user=null | ip=null | op=WRITE_CHUNK {blockData=conID: 1 locID: 102704236298961528 bcsId: 0} | ret=SUCCESS |  
2019-08-30 05:17:57,528 | INFO  | DNAudit | user=null | ip=null | op=WRITE_CHUNK {blockData=conID: 1 locID: 102704236298961528 bcsId: 0} | ret=SUCCESS |  
2019-08-30 05:17:57,529 | INFO  | DNAudit | user=null | ip=null | op=WRITE_CHUNK {blockData=conID: 1 locID: 102704236298961528 bcsId: 0} | ret=SUCCESS |  
2019-08-30 05:17:57,529 | INFO  | DNAudit | user=null | ip=null | op=WRITE_CHUNK {blockData=conID: 1 locID: 102704236298961528 bcsId: 0} | ret=SUCCESS |  
2019-08-30 05:17:57,537 | INFO  | DNAudit | user=null | ip=null | op=WRITE_CHUNK {blockData=conID: 1 locID: 102704236298961528 bcsId: 0} | ret=SUCCESS |  
2019-08-30 05:17:57,537 | INFO  | DNAudit | user=null | ip=null | op=PUT_BLOCK {blockData=[blockId=conID: 1 locID: 102704236298961528 bcsId: 0,size=1048576]} | ret=SUCCESS |  
2019-08-30 05:17:57,538 | INFO  | DNAudit | user=null | ip=null | op=WRITE_CHUNK {blockData=conID: 1 locID: 102704236298961528 bcsId: 0} | ret=SUCCESS |  
2019-08-30 05:17:57,538 | INFO  | DNAudit | user=null | ip=null | op=PUT_BLOCK {blockData=[blockId=conID: 1 locID: 102704236298961528 bcsId: 0,size=2097152]} | ret=SUCCESS |  
2019-08-30 05:17:57,538 [grpc-default-executor-6] INFO  client.GrpcClientProtocolClient (GrpcClientProtocolClient.java:onNext(255)) - client-574492D41EE7->134d4672-e322-4e4b-b7f3-5645abb0fe8c: receive RaftClientReply:client-574492D41EE7->134d4672-e322-4e4b-b7f3-5645abb0fe8c@group-3CB1DFFBCDC2, cid=2887, SUCCESS, logIndex=4321, commits[134d4672-e322-4e4b-b7f3-5645abb0fe8c:c4323, 73af84f3-3e88-4c8c-894c-3ad307bcac8d:c4320, 730a25a1-dbec-44ed-975b-a44ab0096beb:c4320]
2019-08-30 05:17:57,538 [grpc-default-executor-6] INFO  client.GrpcClientProtocolClient (GrpcClientProtocolClient.java:onNext(255)) - client-574492D41EE7->134d4672-e322-4e4b-b7f3-5645abb0fe8c: receive RaftClientReply:client-574492D41EE7->134d4672-e322-4e4b-b7f3-5645abb0fe8c@group-3CB1DFFBCDC2, cid=2888, SUCCESS, logIndex=4322, commits[134d4672-e322-4e4b-b7f3-5645abb0fe8c:c4324, 73af84f3-3e88-4c8c-894c-3ad307bcac8d:c4320, 730a25a1-dbec-44ed-975b-a44ab0096beb:c4320]
2019-08-30 05:17:57,539 [grpc-default-executor-6] INFO  client.GrpcClientProtocolClient (GrpcClientProtocolClient.java:onNext(255)) - client-574492D41EE7->134d4672-e322-4e4b-b7f3-5645abb0fe8c: receive RaftClientReply:client-574492D41EE7->134d4672-e322-4e4b-b7f3-5645abb0fe8c@group-3CB1DFFBCDC2, cid=2889, SUCCESS, logIndex=4323, commits[134d4672-e322-4e4b-b7f3-5645abb0fe8c:c4324, 73af84f3-3e88-4c8c-894c-3ad307bcac8d:c4320, 730a25a1-dbec-44ed-975b-a44ab0096beb:c4320]
2019-08-30 05:17:57,539 [grpc-default-executor-6] INFO  client.GrpcClientProtocolClient (GrpcClientProtocolClient.java:onNext(255)) - client-574492D41EE7->134d4672-e322-4e4b-b7f3-5645abb0fe8c: receive RaftClientReply:client-574492D41EE7->134d4672-e322-4e4b-b7f3-5645abb0fe8c@group-3CB1DFFBCDC2, cid=2890, SUCCESS, logIndex=4324, commits[134d4672-e322-4e4b-b7f3-5645abb0fe8c:c4324, 73af84f3-3e88-4c8c-894c-3ad307bcac8d:c4320, 730a25a1-dbec-44ed-975b-a44ab0096beb:c4320]
2019-08-30 05:17:57,540 | INFO  | DNAudit | user=null | ip=null | op=WRITE_CHUNK {blockData=conID: 1 locID: 102704236298961528 bcsId: 0} | ret=SUCCESS |  
2019-08-30 05:17:57,540 | INFO  | DNAudit | user=null | ip=null | op=PUT_BLOCK {blockData=[blockId=conID: 1 locID: 102704236298961528 bcsId: 0,size=1048576]} | ret=SUCCESS |  
2019-08-30 05:17:57,552 | INFO  | DNAudit | user=null | ip=null | op=WRITE_CHUNK {blockData=conID: 1 locID: 102704236298961528 bcsId: 0} | ret=SUCCESS |  
2019-08-30 05:17:57,552 | INFO  | DNAudit | user=null | ip=null | op=PUT_BLOCK {blockData=[blockId=conID: 1 locID: 102704236298961528 bcsId: 0,size=1048576]} | ret=SUCCESS |  
2019-08-30 05:17:57,552 [grpc-default-executor-6] INFO  client.GrpcClientProtocolClient (GrpcClientProtocolClient.java:onNext(255)) - client-574492D41EE7->134d4672-e322-4e4b-b7f3-5645abb0fe8c: receive RaftClientReply:client-574492D41EE7->134d4672-e322-4e4b-b7f3-5645abb0fe8c@group-3CB1DFFBCDC2, cid=2891, SUCCESS, logIndex=0, commits[134d4672-e322-4e4b-b7f3-5645abb0fe8c:c4325, 73af84f3-3e88-4c8c-894c-3ad307bcac8d:c4322, 730a25a1-dbec-44ed-975b-a44ab0096beb:c4323]
2019-08-30 05:17:57,552 | INFO  | DNAudit | user=null | ip=null | op=WRITE_CHUNK {blockData=conID: 1 locID: 102704236298961528 bcsId: 0} | ret=SUCCESS |  
2019-08-30 05:17:57,552 | INFO  | DNAudit | user=null | ip=null | op=PUT_BLOCK {blockData=[blockId=conID: 1 locID: 102704236298961528 bcsId: 0,size=2097152]} | ret=SUCCESS |  
2019-08-30 05:17:57,552 | INFO  | DNAudit | user=null | ip=null | op=WRITE_CHUNK {blockData=conID: 1 locID: 102704236298961528 bcsId: 0} | ret=SUCCESS |  
2019-08-30 05:17:57,552 | INFO  | DNAudit | user=null | ip=null | op=PUT_BLOCK {blockData=[blockId=conID: 1 locID: 102704236298961528 bcsId: 0,size=2097152]} | ret=SUCCESS |  
2019-08-30 05:17:57,558 | INFO  | DNAudit | user=null | ip=null | op=WRITE_CHUNK {blockData=conID: 1 locID: 102704236298961528 bcsId: 4324} | ret=SUCCESS |  
2019-08-30 05:17:57,560 | INFO  | DNAudit | user=null | ip=null | op=WRITE_CHUNK {blockData=conID: 1 locID: 102704236298961528 bcsId: 4324} | ret=SUCCESS |  
2019-08-30 05:17:57,560 | INFO  | DNAudit | user=null | ip=null | op=WRITE_CHUNK {blockData=conID: 1 locID: 102704236298961528 bcsId: 4324} | ret=SUCCESS |  
2019-08-30 05:17:57,570 | INFO  | DNAudit | user=null | ip=null | op=WRITE_CHUNK {blockData=conID: 1 locID: 102704236298961528 bcsId: 4324} | ret=SUCCESS |  
2019-08-30 05:17:57,570 | INFO  | DNAudit | user=null | ip=null | op=PUT_BLOCK {blockData=[blockId=conID: 1 locID: 102704236298961528 bcsId: 0,size=3145728]} | ret=SUCCESS |  
2019-08-30 05:17:57,570 [grpc-default-executor-6] INFO  client.GrpcClientProtocolClient (GrpcClientProtocolClient.java:onNext(255)) - client-574492D41EE7->134d4672-e322-4e4b-b7f3-5645abb0fe8c: receive RaftClientReply:client-574492D41EE7->134d4672-e322-4e4b-b7f3-5645abb0fe8c@group-3CB1DFFBCDC2, cid=2892, SUCCESS, logIndex=4329, commits[134d4672-e322-4e4b-b7f3-5645abb0fe8c:c4330, 73af84f3-3e88-4c8c-894c-3ad307bcac8d:c4328, 730a25a1-dbec-44ed-975b-a44ab0096beb:c4328]
2019-08-30 05:17:57,571 [grpc-default-executor-6] INFO  client.GrpcClientProtocolClient (GrpcClientProtocolClient.java:onNext(255)) - client-574492D41EE7->134d4672-e322-4e4b-b7f3-5645abb0fe8c: receive RaftClientReply:client-574492D41EE7->134d4672-e322-4e4b-b7f3-5645abb0fe8c@group-3CB1DFFBCDC2, cid=2893, SUCCESS, logIndex=4330, commits[134d4672-e322-4e4b-b7f3-5645abb0fe8c:c4330, 73af84f3-3e88-4c8c-894c-3ad307bcac8d:c4328, 730a25a1-dbec-44ed-975b-a44ab0096beb:c4328]
2019-08-30 05:17:57,576 | INFO  | DNAudit | user=null | ip=null | op=WRITE_CHUNK {blockData=conID: 1 locID: 102704236298961528 bcsId: 4330} | ret=SUCCESS |  
2019-08-30 05:17:57,577 | INFO  | SCMAudit | user=jenkins1000 | ip=192.168.36.106 | op=SEND_HEARTBEAT {datanodeUUID=b91a4442-fd83-4a66-bee2-5c7959dbabc3, command=[]} | ret=SUCCESS |  
2019-08-30 05:17:57,579 | INFO  | DNAudit | user=null | ip=null | op=WRITE_CHUNK {blockData=conID: 1 locID: 102704236298961528 bcsId: 4330} | ret=SUCCESS |  
2019-08-30 05:17:57,579 | INFO  | DNAudit | user=null | ip=null | op=WRITE_CHUNK {blockData=conID: 1 locID: 102704236298961528 bcsId: 4330} | ret=SUCCESS |  
2019-08-30 05:17:57,581 | INFO  | DNAudit | user=null | ip=null | op=WRITE_CHUNK {blockData=conID: 1 locID: 102704236298961528 bcsId: 4324} | ret=SUCCESS |  
2019-08-30 05:17:57,581 | INFO  | DNAudit | user=null | ip=null | op=WRITE_CHUNK {blockData=conID: 1 locID: 102704236298961528 bcsId: 4324} | ret=SUCCESS |  
2019-08-30 05:17:57,584 | INFO  | DNAudit | user=null | ip=null | op=PUT_BLOCK {blockData=[blockId=conID: 1 locID: 102704236298961528 bcsId: 0,size=3145728]} | ret=SUCCESS |  
2019-08-30 05:17:57,584 | INFO  | DNAudit | user=null | ip=null | op=PUT_BLOCK {blockData=[blockId=conID: 1 locID: 102704236298961528 bcsId: 0,size=3145728]} | ret=SUCCESS |  
2019-08-30 05:17:57,585 | INFO  | DNAudit | user=null | ip=null | op=WRITE_CHUNK {blockData=conID: 1 locID: 102704236298961528 bcsId: 4330} | ret=SUCCESS |  
2019-08-30 05:17:57,585 | INFO  | DNAudit | user=null | ip=null | op=PUT_BLOCK {blockData=[blockId=conID: 1 locID: 102704236298961528 bcsId: 0,size=4194304]} | ret=SUCCESS |  
2019-08-30 05:17:57,585 [grpc-default-executor-6] INFO  client.GrpcClientProtocolClient (GrpcClientProtocolClient.java:onNext(255)) - client-574492D41EE7->134d4672-e322-4e4b-b7f3-5645abb0fe8c: receive RaftClientReply:client-574492D41EE7->134d4672-e322-4e4b-b7f3-5645abb0fe8c@group-3CB1DFFBCDC2, cid=2894, SUCCESS, logIndex=4333, commits[134d4672-e322-4e4b-b7f3-5645abb0fe8c:c4334, 73af84f3-3e88-4c8c-894c-3ad307bcac8d:c4330, 730a25a1-dbec-44ed-975b-a44ab0096beb:c4330]
2019-08-30 05:17:57,585 [grpc-default-executor-6] INFO  client.GrpcClientProtocolClient (GrpcClientProtocolClient.java:onNext(255)) - client-574492D41EE7->134d4672-e322-4e4b-b7f3-5645abb0fe8c: receive RaftClientReply:client-574492D41EE7->134d4672-e322-4e4b-b7f3-5645abb0fe8c@group-3CB1DFFBCDC2, cid=2895, SUCCESS, logIndex=4334, commits[134d4672-e322-4e4b-b7f3-5645abb0fe8c:c4334, 73af84f3-3e88-4c8c-894c-3ad307bcac8d:c4330, 730a25a1-dbec-44ed-975b-a44ab0096beb:c4330]
2019-08-30 05:17:57,597 | INFO  | DNAudit | user=null | ip=null | op=WRITE_CHUNK {blockData=conID: 1 locID: 102704236298961528 bcsId: 4330} | ret=SUCCESS |  
2019-08-30 05:17:57,597 | INFO  | DNAudit | user=null | ip=null | op=WRITE_CHUNK {blockData=conID: 1 locID: 102704236298961528 bcsId: 4330} | ret=SUCCESS |  
2019-08-30 05:17:57,599 | INFO  | DNAudit | user=null | ip=null | op=PUT_BLOCK {blockData=[blockId=conID: 1 locID: 102704236298961528 bcsId: 0,size=4194304]} | ret=SUCCESS |  
2019-08-30 05:17:57,600 | INFO  | DNAudit | user=null | ip=null | op=PUT_BLOCK {blockData=[blockId=conID: 1 locID: 102704236298961528 bcsId: 0,size=4194304]} | ret=SUCCESS |  
2019-08-30 05:17:57,600 [grpc-default-executor-5] INFO  client.GrpcClientProtocolClient (GrpcClientProtocolClient.java:onNext(255)) - client-574492D41EE7->134d4672-e322-4e4b-b7f3-5645abb0fe8c: receive RaftClientReply:client-574492D41EE7->134d4672-e322-4e4b-b7f3-5645abb0fe8c@group-3CB1DFFBCDC2, cid=2896, SUCCESS, logIndex=0, commits[134d4672-e322-4e4b-b7f3-5645abb0fe8c:c4336, 73af84f3-3e88-4c8c-894c-3ad307bcac8d:c4334, 730a25a1-dbec-44ed-975b-a44ab0096beb:c4334]
2019-08-30 05:17:57,606 | INFO  | SCMAudit | user=jenkins1000 | ip=192.168.36.106 | op=ALLOCATE_BLOCK {owner=85755eb5-052d-48fa-b271-2fe4d8754e12, size=4194304, type=RATIS, factor=THREE} | ret=SUCCESS |  
2019-08-30 05:17:57,610 | INFO  | OMAudit | user=jenkins1000 | ip=127.0.0.1 | op=ALLOCATE_BLOCK {volume=vol-0-00977, bucket=bucket-0-44205, key=key-0-32850, dataSize=0, replicationType=null, replicationFactor=null, keyLocationInfo=null, clientID=102704234570776978} | ret=SUCCESS |  
2019-08-30 05:17:57,616 | INFO  | DNAudit | user=null | ip=null | op=WRITE_CHUNK {blockData=conID: 2 locID: 102704236305187449 bcsId: 0} | ret=SUCCESS |  
2019-08-30 05:17:57,619 | INFO  | DNAudit | user=null | ip=null | op=WRITE_CHUNK {blockData=conID: 2 locID: 102704236305187449 bcsId: 0} | ret=SUCCESS |  
2019-08-30 05:17:57,619 | INFO  | DNAudit | user=null | ip=null | op=WRITE_CHUNK {blockData=conID: 2 locID: 102704236305187449 bcsId: 0} | ret=SUCCESS |  
2019-08-30 05:17:57,619 | INFO  | DNAudit | user=null | ip=null | op=WRITE_CHUNK {blockData=conID: 2 locID: 102704236305187449 bcsId: 0} | ret=SUCCESS |  
2019-08-30 05:17:57,620 | INFO  | DNAudit | user=null | ip=null | op=WRITE_CHUNK {blockData=conID: 2 locID: 102704236305187449 bcsId: 0} | ret=SUCCESS |  
2019-08-30 05:17:57,621 | INFO  | DNAudit | user=null | ip=null | op=WRITE_CHUNK {blockData=conID: 2 locID: 102704236305187449 bcsId: 0} | ret=SUCCESS |  
2019-08-30 05:17:57,628 | INFO  | DNAudit | user=null | ip=null | op=WRITE_CHUNK {blockData=conID: 2 locID: 102704236305187449 bcsId: 0} | ret=SUCCESS |  
2019-08-30 05:17:57,629 | INFO  | DNAudit | user=null | ip=null | op=PUT_BLOCK {blockData=[blockId=conID: 2 locID: 102704236305187449 bcsId: 0,size=1048576]} | ret=SUCCESS |  
2019-08-30 05:17:57,629 [grpc-default-executor-6] INFO  client.GrpcClientProtocolClient (GrpcClientProtocolClient.java:onNext(255)) - client-574492D41EE7->134d4672-e322-4e4b-b7f3-5645abb0fe8c: receive RaftClientReply:client-574492D41EE7->134d4672-e322-4e4b-b7f3-5645abb0fe8c@group-3CB1DFFBCDC2, cid=2897, SUCCESS, logIndex=4337, commits[134d4672-e322-4e4b-b7f3-5645abb0fe8c:c4338, 73af84f3-3e88-4c8c-894c-3ad307bcac8d:c4336, 730a25a1-dbec-44ed-975b-a44ab0096beb:c4336]
2019-08-30 05:17:57,630 [grpc-default-executor-6] INFO  client.GrpcClientProtocolClient (GrpcClientProtocolClient.java:onNext(255)) - client-574492D41EE7->134d4672-e322-4e4b-b7f3-5645abb0fe8c: receive RaftClientReply:client-574492D41EE7->134d4672-e322-4e4b-b7f3-5645abb0fe8c@group-3CB1DFFBCDC2, cid=2898, SUCCESS, logIndex=4338, commits[134d4672-e322-4e4b-b7f3-5645abb0fe8c:c4338, 73af84f3-3e88-4c8c-894c-3ad307bcac8d:c4336, 730a25a1-dbec-44ed-975b-a44ab0096beb:c4336]
2019-08-30 05:17:57,631 | INFO  | DNAudit | user=null | ip=null | op=WRITE_CHUNK {blockData=conID: 2 locID: 102704236305187449 bcsId: 0} | ret=SUCCESS |  
2019-08-30 05:17:57,631 | INFO  | DNAudit | user=null | ip=null | op=PUT_BLOCK {blockData=[blockId=conID: 2 locID: 102704236305187449 bcsId: 0,size=2097152]} | ret=SUCCESS |  
2019-08-30 05:17:57,631 [grpc-default-executor-6] INFO  client.GrpcClientProtocolClient (GrpcClientProtocolClient.java:onNext(255)) - client-574492D41EE7->134d4672-e322-4e4b-b7f3-5645abb0fe8c: receive RaftClientReply:client-574492D41EE7->134d4672-e322-4e4b-b7f3-5645abb0fe8c@group-3CB1DFFBCDC2, cid=2899, SUCCESS, logIndex=4339, commits[134d4672-e322-4e4b-b7f3-5645abb0fe8c:c4340, 73af84f3-3e88-4c8c-894c-3ad307bcac8d:c4336, 730a25a1-dbec-44ed-975b-a44ab0096beb:c4336]
2019-08-30 05:17:57,632 [grpc-default-executor-6] INFO  client.GrpcClientProtocolClient (GrpcClientProtocolClient.java:onNext(255)) - client-574492D41EE7->134d4672-e322-4e4b-b7f3-5645abb0fe8c: receive RaftClientReply:client-574492D41EE7->134d4672-e322-4e4b-b7f3-5645abb0fe8c@group-3CB1DFFBCDC2, cid=2900, SUCCESS, logIndex=4340, commits[134d4672-e322-4e4b-b7f3-5645abb0fe8c:c4340, 73af84f3-3e88-4c8c-894c-3ad307bcac8d:c4336, 730a25a1-dbec-44ed-975b-a44ab0096beb:c4336]
2019-08-30 05:17:57,642 | INFO  | DNAudit | user=null | ip=null | op=WRITE_CHUNK {blockData=conID: 2 locID: 102704236305187449 bcsId: 0} | ret=SUCCESS |  
2019-08-30 05:17:57,642 | INFO  | DNAudit | user=null | ip=null | op=WRITE_CHUNK {blockData=conID: 2 locID: 102704236305187449 bcsId: 0} | ret=SUCCESS |  
2019-08-30 05:17:57,642 | INFO  | DNAudit | user=null | ip=null | op=PUT_BLOCK {blockData=[blockId=conID: 2 locID: 102704236305187449 bcsId: 0,size=1048576]} | ret=SUCCESS |  
2019-08-30 05:17:57,642 | INFO  | DNAudit | user=null | ip=null | op=PUT_BLOCK {blockData=[blockId=conID: 2 locID: 102704236305187449 bcsId: 0,size=1048576]} | ret=SUCCESS |  
2019-08-30 05:17:57,643 [grpc-default-executor-3] INFO  client.GrpcClientProtocolClient (GrpcClientProtocolClient.java:onNext(255)) - client-574492D41EE7->134d4672-e322-4e4b-b7f3-5645abb0fe8c: receive RaftClientReply:client-574492D41EE7->134d4672-e322-4e4b-b7f3-5645abb0fe8c@group-3CB1DFFBCDC2, cid=2901, SUCCESS, logIndex=0, commits[134d4672-e322-4e4b-b7f3-5645abb0fe8c:c4341, 73af84f3-3e88-4c8c-894c-3ad307bcac8d:c4338, 730a25a1-dbec-44ed-975b-a44ab0096beb:c4338]
2019-08-30 05:17:57,645 | INFO  | DNAudit | user=null | ip=null | op=WRITE_CHUNK {blockData=conID: 2 locID: 102704236305187449 bcsId: 0} | ret=SUCCESS |  
2019-08-30 05:17:57,645 | INFO  | DNAudit | user=null | ip=null | op=WRITE_CHUNK {blockData=conID: 2 locID: 102704236305187449 bcsId: 0} | ret=SUCCESS |  
2019-08-30 05:17:57,645 | INFO  | DNAudit | user=null | ip=null | op=PUT_BLOCK {blockData=[blockId=conID: 2 locID: 102704236305187449 bcsId: 0,size=2097152]} | ret=SUCCESS |  
2019-08-30 05:17:57,645 | INFO  | DNAudit | user=null | ip=null | op=PUT_BLOCK {blockData=[blockId=conID: 2 locID: 102704236305187449 bcsId: 0,size=2097152]} | ret=SUCCESS |  
2019-08-30 05:17:57,648 | INFO  | DNAudit | user=null | ip=null | op=WRITE_CHUNK {blockData=conID: 2 locID: 102704236305187449 bcsId: 4340} | ret=SUCCESS |  
2019-08-30 05:17:57,650 | INFO  | DNAudit | user=null | ip=null | op=WRITE_CHUNK {blockData=conID: 2 locID: 102704236305187449 bcsId: 4340} | ret=SUCCESS |  
2019-08-30 05:17:57,650 | INFO  | DNAudit | user=null | ip=null | op=WRITE_CHUNK {blockData=conID: 2 locID: 102704236305187449 bcsId: 4340} | ret=SUCCESS |  
2019-08-30 05:17:57,660 | INFO  | DNAudit | user=null | ip=null | op=WRITE_CHUNK {blockData=conID: 2 locID: 102704236305187449 bcsId: 4340} | ret=SUCCESS |  
2019-08-30 05:17:57,661 | INFO  | DNAudit | user=null | ip=null | op=PUT_BLOCK {blockData=[blockId=conID: 2 locID: 102704236305187449 bcsId: 0,size=3145728]} | ret=SUCCESS |  
2019-08-30 05:17:57,661 [grpc-default-executor-1] INFO  client.GrpcClientProtocolClient (GrpcClientProtocolClient.java:onNext(255)) - client-574492D41EE7->134d4672-e322-4e4b-b7f3-5645abb0fe8c: receive RaftClientReply:client-574492D41EE7->134d4672-e322-4e4b-b7f3-5645abb0fe8c@group-3CB1DFFBCDC2, cid=2902, SUCCESS, logIndex=4345, commits[134d4672-e322-4e4b-b7f3-5645abb0fe8c:c4346, 73af84f3-3e88-4c8c-894c-3ad307bcac8d:c4344, 730a25a1-dbec-44ed-975b-a44ab0096beb:c4344]
2019-08-30 05:17:57,661 [grpc-default-executor-1] INFO  client.GrpcClientProtocolClient (GrpcClientProtocolClient.java:onNext(255)) - client-574492D41EE7->134d4672-e322-4e4b-b7f3-5645abb0fe8c: receive RaftClientReply:client-574492D41EE7->134d4672-e322-4e4b-b7f3-5645abb0fe8c@group-3CB1DFFBCDC2, cid=2903, SUCCESS, logIndex=4346, commits[134d4672-e322-4e4b-b7f3-5645abb0fe8c:c4346, 73af84f3-3e88-4c8c-894c-3ad307bcac8d:c4344, 730a25a1-dbec-44ed-975b-a44ab0096beb:c4344]
2019-08-30 05:17:57,667 | INFO  | DNAudit | user=null | ip=null | op=WRITE_CHUNK {blockData=conID: 2 locID: 102704236305187449 bcsId: 4346} | ret=SUCCESS |  
2019-08-30 05:17:57,669 | INFO  | DNAudit | user=null | ip=null | op=WRITE_CHUNK {blockData=conID: 2 locID: 102704236305187449 bcsId: 4346} | ret=SUCCESS |  
2019-08-30 05:17:57,669 | INFO  | DNAudit | user=null | ip=null | op=WRITE_CHUNK {blockData=conID: 2 locID: 102704236305187449 bcsId: 4346} | ret=SUCCESS |  
2019-08-30 05:17:57,672 | INFO  | DNAudit | user=null | ip=null | op=WRITE_CHUNK {blockData=conID: 2 locID: 102704236305187449 bcsId: 4340} | ret=SUCCESS |  
2019-08-30 05:17:57,673 | INFO  | DNAudit | user=null | ip=null | op=WRITE_CHUNK {blockData=conID: 2 locID: 102704236305187449 bcsId: 4340} | ret=SUCCESS |  
2019-08-30 05:17:57,673 | INFO  | DNAudit | user=null | ip=null | op=PUT_BLOCK {blockData=[blockId=conID: 2 locID: 102704236305187449 bcsId: 0,size=3145728]} | ret=SUCCESS |  
2019-08-30 05:17:57,674 | INFO  | DNAudit | user=null | ip=null | op=WRITE_CHUNK {blockData=conID: 2 locID: 102704236305187449 bcsId: 4346} | ret=SUCCESS |  
2019-08-30 05:17:57,674 | INFO  | DNAudit | user=null | ip=null | op=PUT_BLOCK {blockData=[blockId=conID: 2 locID: 102704236305187449 bcsId: 0,size=3145728]} | ret=SUCCESS |  
2019-08-30 05:17:57,674 | INFO  | DNAudit | user=null | ip=null | op=PUT_BLOCK {blockData=[blockId=conID: 2 locID: 102704236305187449 bcsId: 0,size=4194304]} | ret=SUCCESS |  
2019-08-30 05:17:57,674 [grpc-default-executor-6] INFO  client.GrpcClientProtocolClient (GrpcClientProtocolClient.java:onNext(255)) - client-574492D41EE7->134d4672-e322-4e4b-b7f3-5645abb0fe8c: receive RaftClientReply:client-574492D41EE7->134d4672-e322-4e4b-b7f3-5645abb0fe8c@group-3CB1DFFBCDC2, cid=2904, SUCCESS, logIndex=4349, commits[134d4672-e322-4e4b-b7f3-5645abb0fe8c:c4350, 73af84f3-3e88-4c8c-894c-3ad307bcac8d:c4346, 730a25a1-dbec-44ed-975b-a44ab0096beb:c4345]
2019-08-30 05:17:57,674 [grpc-default-executor-6] INFO  client.GrpcClientProtocolClient (GrpcClientProtocolClient.java:onNext(255)) - client-574492D41EE7->134d4672-e322-4e4b-b7f3-5645abb0fe8c: receive RaftClientReply:client-574492D41EE7->134d4672-e322-4e4b-b7f3-5645abb0fe8c@group-3CB1DFFBCDC2, cid=2905, SUCCESS, logIndex=4350, commits[134d4672-e322-4e4b-b7f3-5645abb0fe8c:c4350, 73af84f3-3e88-4c8c-894c-3ad307bcac8d:c4346, 730a25a1-dbec-44ed-975b-a44ab0096beb:c4346]
2019-08-30 05:17:57,685 | INFO  | DNAudit | user=null | ip=null | op=WRITE_CHUNK {blockData=conID: 2 locID: 102704236305187449 bcsId: 4346} | ret=SUCCESS |  
2019-08-30 05:17:57,685 | INFO  | DNAudit | user=null | ip=null | op=WRITE_CHUNK {blockData=conID: 2 locID: 102704236305187449 bcsId: 4346} | ret=SUCCESS |  
2019-08-30 05:17:57,686 | INFO  | DNAudit | user=null | ip=null | op=PUT_BLOCK {blockData=[blockId=conID: 2 locID: 102704236305187449 bcsId: 0,size=4194304]} | ret=SUCCESS |  
2019-08-30 05:17:57,686 | INFO  | DNAudit | user=null | ip=null | op=PUT_BLOCK {blockData=[blockId=conID: 2 locID: 102704236305187449 bcsId: 0,size=4194304]} | ret=SUCCESS |  
2019-08-30 05:17:57,687 [grpc-default-executor-6] INFO  client.GrpcClientProtocolClient (GrpcClientProtocolClient.java:onNext(255)) - client-574492D41EE7->134d4672-e322-4e4b-b7f3-5645abb0fe8c: receive RaftClientReply:client-574492D41EE7->134d4672-e322-4e4b-b7f3-5645abb0fe8c@group-3CB1DFFBCDC2, cid=2906, SUCCESS, logIndex=0, commits[134d4672-e322-4e4b-b7f3-5645abb0fe8c:c4352, 73af84f3-3e88-4c8c-894c-3ad307bcac8d:c4350, 730a25a1-dbec-44ed-975b-a44ab0096beb:c4350]
2019-08-30 05:17:57,692 | INFO  | SCMAudit | user=jenkins1000 | ip=192.168.36.106 | op=ALLOCATE_BLOCK {owner=85755eb5-052d-48fa-b271-2fe4d8754e12, size=4194304, type=RATIS, factor=THREE} | ret=SUCCESS |  
2019-08-30 05:17:57,695 | INFO  | OMAudit | user=jenkins1000 | ip=127.0.0.1 | op=ALLOCATE_BLOCK {volume=vol-0-00977, bucket=bucket-0-44205, key=key-0-32850, dataSize=0, replicationType=null, replicationFactor=null, keyLocationInfo=null, clientID=102704234570776978} | ret=SUCCESS |  
2019-08-30 05:17:57,700 | INFO  | DNAudit | user=null | ip=null | op=WRITE_CHUNK {blockData=conID: 3 locID: 102704236310758010 bcsId: 0} | ret=SUCCESS |  
2019-08-30 05:17:57,703 | INFO  | DNAudit | user=null | ip=null | op=WRITE_CHUNK {blockData=conID: 3 locID: 102704236310758010 bcsId: 0} | ret=SUCCESS |  
2019-08-30 05:17:57,703 | INFO  | DNAudit | user=null | ip=null | op=WRITE_CHUNK {blockData=conID: 3 locID: 102704236310758010 bcsId: 0} | ret=SUCCESS |  
2019-08-30 05:17:57,703 | INFO  | DNAudit | user=null | ip=null | op=WRITE_CHUNK {blockData=conID: 3 locID: 102704236310758010 bcsId: 0} | ret=SUCCESS |  
2019-08-30 05:17:57,704 | INFO  | DNAudit | user=null | ip=null | op=WRITE_CHUNK {blockData=conID: 3 locID: 102704236310758010 bcsId: 0} | ret=SUCCESS |  
2019-08-30 05:17:57,704 | INFO  | DNAudit | user=null | ip=null | op=WRITE_CHUNK {blockData=conID: 3 locID: 102704236310758010 bcsId: 0} | ret=SUCCESS |  
2019-08-30 05:17:57,713 | INFO  | DNAudit | user=null | ip=null | op=WRITE_CHUNK {blockData=conID: 3 locID: 102704236310758010 bcsId: 0} | ret=SUCCESS |  
2019-08-30 05:17:57,714 | INFO  | DNAudit | user=null | ip=null | op=PUT_BLOCK {blockData=[blockId=conID: 3 locID: 102704236310758010 bcsId: 0,size=1048576]} | ret=SUCCESS |  
2019-08-30 05:17:57,714 [grpc-default-executor-3] INFO  client.GrpcClientProtocolClient (GrpcClientProtocolClient.java:onNext(255)) - client-574492D41EE7->134d4672-e322-4e4b-b7f3-5645abb0fe8c: receive RaftClientReply:client-574492D41EE7->134d4672-e322-4e4b-b7f3-5645abb0fe8c@group-3CB1DFFBCDC2, cid=2907, SUCCESS, logIndex=4353, commits[134d4672-e322-4e4b-b7f3-5645abb0fe8c:c4354, 73af84f3-3e88-4c8c-894c-3ad307bcac8d:c4352, 730a25a1-dbec-44ed-975b-a44ab0096beb:c4352]
2019-08-30 05:17:57,715 | INFO  | DNAudit | user=null | ip=null | op=WRITE_CHUNK {blockData=conID: 3 locID: 102704236310758010 bcsId: 0} | ret=SUCCESS |  
2019-08-30 05:17:57,715 [grpc-default-executor-6] INFO  client.GrpcClientProtocolClient (GrpcClientProtocolClient.java:onNext(255)) - client-574492D41EE7->134d4672-e322-4e4b-b7f3-5645abb0fe8c: receive RaftClientReply:client-574492D41EE7->134d4672-e322-4e4b-b7f3-5645abb0fe8c@group-3CB1DFFBCDC2, cid=2908, SUCCESS, logIndex=4354, commits[134d4672-e322-4e4b-b7f3-5645abb0fe8c:c4354, 73af84f3-3e88-4c8c-894c-3ad307bcac8d:c4352, 730a25a1-dbec-44ed-975b-a44ab0096beb:c4352]
2019-08-30 05:17:57,715 | INFO  | DNAudit | user=null | ip=null | op=PUT_BLOCK {blockData=[blockId=conID: 3 locID: 102704236310758010 bcsId: 0,size=2097152]} | ret=SUCCESS |  
2019-08-30 05:17:57,715 [grpc-default-executor-6] INFO  client.GrpcClientProtocolClient (GrpcClientProtocolClient.java:onNext(255)) - client-574492D41EE7->134d4672-e322-4e4b-b7f3-5645abb0fe8c: receive RaftClientReply:client-574492D41EE7->134d4672-e322-4e4b-b7f3-5645abb0fe8c@group-3CB1DFFBCDC2, cid=2909, SUCCESS, logIndex=4355, commits[134d4672-e322-4e4b-b7f3-5645abb0fe8c:c4356, 73af84f3-3e88-4c8c-894c-3ad307bcac8d:c4352, 730a25a1-dbec-44ed-975b-a44ab0096beb:c4352]
2019-08-30 05:17:57,715 [grpc-default-executor-6] INFO  client.GrpcClientProtocolClient (GrpcClientProtocolClient.java:onNext(255)) - client-574492D41EE7->134d4672-e322-4e4b-b7f3-5645abb0fe8c: receive RaftClientReply:client-574492D41EE7->134d4672-e322-4e4b-b7f3-5645abb0fe8c@group-3CB1DFFBCDC2, cid=2910, SUCCESS, logIndex=4356, commits[134d4672-e322-4e4b-b7f3-5645abb0fe8c:c4356, 73af84f3-3e88-4c8c-894c-3ad307bcac8d:c4352, 730a25a1-dbec-44ed-975b-a44ab0096beb:c4352]
2019-08-30 05:17:57,716 | INFO  | DNAudit | user=null | ip=null | op=WRITE_CHUNK {blockData=conID: 3 locID: 102704236310758010 bcsId: 0} | ret=SUCCESS |  
2019-08-30 05:17:57,716 | INFO  | DNAudit | user=null | ip=null | op=PUT_BLOCK {blockData=[blockId=conID: 3 locID: 102704236310758010 bcsId: 0,size=1048576]} | ret=SUCCESS |  
2019-08-30 05:17:57,717 | INFO  | DNAudit | user=null | ip=null | op=WRITE_CHUNK {blockData=conID: 3 locID: 102704236310758010 bcsId: 0} | ret=SUCCESS |  
2019-08-30 05:17:57,717 | INFO  | DNAudit | user=null | ip=null | op=PUT_BLOCK {blockData=[blockId=conID: 3 locID: 102704236310758010 bcsId: 0,size=1048576]} | ret=SUCCESS |  
2019-08-30 05:17:57,717 [grpc-default-executor-3] INFO  client.GrpcClientProtocolClient (GrpcClientProtocolClient.java:onNext(255)) - client-574492D41EE7->134d4672-e322-4e4b-b7f3-5645abb0fe8c: receive RaftClientReply:client-574492D41EE7->134d4672-e322-4e4b-b7f3-5645abb0fe8c@group-3CB1DFFBCDC2, cid=2911, SUCCESS, logIndex=0, commits[134d4672-e322-4e4b-b7f3-5645abb0fe8c:c4358, 73af84f3-3e88-4c8c-894c-3ad307bcac8d:c4354, 730a25a1-dbec-44ed-975b-a44ab0096beb:c4354]
2019-08-30 05:17:57,718 | INFO  | DNAudit | user=null | ip=null | op=WRITE_CHUNK {blockData=conID: 3 locID: 102704236310758010 bcsId: 0} | ret=SUCCESS |  
2019-08-30 05:17:57,718 | INFO  | DNAudit | user=null | ip=null | op=PUT_BLOCK {blockData=[blockId=conID: 3 locID: 102704236310758010 bcsId: 0,size=2097152]} | ret=SUCCESS |  
2019-08-30 05:17:57,718 | INFO  | DNAudit | user=null | ip=null | op=WRITE_CHUNK {blockData=conID: 3 locID: 102704236310758010 bcsId: 0} | ret=SUCCESS |  
2019-08-30 05:17:57,718 | INFO  | DNAudit | user=null | ip=null | op=PUT_BLOCK {blockData=[blockId=conID: 3 locID: 102704236310758010 bcsId: 0,size=2097152]} | ret=SUCCESS |  
2019-08-30 05:17:57,722 | INFO  | DNAudit | user=null | ip=null | op=WRITE_CHUNK {blockData=conID: 3 locID: 102704236310758010 bcsId: 4356} | ret=SUCCESS |  
2019-08-30 05:17:57,724 | INFO  | DNAudit | user=null | ip=null | op=WRITE_CHUNK {blockData=conID: 3 locID: 102704236310758010 bcsId: 4356} | ret=SUCCESS |  
2019-08-30 05:17:57,724 | INFO  | DNAudit | user=null | ip=null | op=WRITE_CHUNK {blockData=conID: 3 locID: 102704236310758010 bcsId: 4356} | ret=SUCCESS |  
2019-08-30 05:17:57,759 | INFO  | DNAudit | user=null | ip=null | op=WRITE_CHUNK {blockData=conID: 3 locID: 102704236310758010 bcsId: 4356} | ret=SUCCESS |  
2019-08-30 05:17:57,759 | INFO  | DNAudit | user=null | ip=null | op=PUT_BLOCK {blockData=[blockId=conID: 3 locID: 102704236310758010 bcsId: 0,size=3145728]} | ret=SUCCESS |  
2019-08-30 05:17:57,760 [grpc-default-executor-3] INFO  client.GrpcClientProtocolClient (GrpcClientProtocolClient.java:onNext(255)) - client-574492D41EE7->134d4672-e322-4e4b-b7f3-5645abb0fe8c: receive RaftClientReply:client-574492D41EE7->134d4672-e322-4e4b-b7f3-5645abb0fe8c@group-3CB1DFFBCDC2, cid=2912, SUCCESS, logIndex=4361, commits[134d4672-e322-4e4b-b7f3-5645abb0fe8c:c4362, 73af84f3-3e88-4c8c-894c-3ad307bcac8d:c4360, 730a25a1-dbec-44ed-975b-a44ab0096beb:c4360]
2019-08-30 05:17:57,760 [grpc-default-executor-3] INFO  client.GrpcClientProtocolClient (GrpcClientProtocolClient.java:onNext(255)) - client-574492D41EE7->134d4672-e322-4e4b-b7f3-5645abb0fe8c: receive RaftClientReply:client-574492D41EE7->134d4672-e322-4e4b-b7f3-5645abb0fe8c@group-3CB1DFFBCDC2, cid=2913, SUCCESS, logIndex=4362, commits[134d4672-e322-4e4b-b7f3-5645abb0fe8c:c4362, 73af84f3-3e88-4c8c-894c-3ad307bcac8d:c4360, 730a25a1-dbec-44ed-975b-a44ab0096beb:c4360]
2019-08-30 05:17:57,767 | INFO  | DNAudit | user=null | ip=null | op=WRITE_CHUNK {blockData=conID: 3 locID: 102704236310758010 bcsId: 4362} | ret=SUCCESS |  
2019-08-30 05:17:57,769 | INFO  | DNAudit | user=null | ip=null | op=WRITE_CHUNK {blockData=conID: 3 locID: 102704236310758010 bcsId: 4362} | ret=SUCCESS |  
2019-08-30 05:17:57,770 | INFO  | DNAudit | user=null | ip=null | op=WRITE_CHUNK {blockData=conID: 3 locID: 102704236310758010 bcsId: 4362} | ret=SUCCESS |  
2019-08-30 05:17:57,771 | INFO  | DNAudit | user=null | ip=null | op=WRITE_CHUNK {blockData=conID: 3 locID: 102704236310758010 bcsId: 4356} | ret=SUCCESS |  
2019-08-30 05:17:57,771 | INFO  | DNAudit | user=null | ip=null | op=WRITE_CHUNK {blockData=conID: 3 locID: 102704236310758010 bcsId: 4356} | ret=SUCCESS |  
2019-08-30 05:17:57,773 | INFO  | DNAudit | user=null | ip=null | op=PUT_BLOCK {blockData=[blockId=conID: 3 locID: 102704236310758010 bcsId: 0,size=3145728]} | ret=SUCCESS |  
2019-08-30 05:17:57,773 | INFO  | DNAudit | user=null | ip=null | op=PUT_BLOCK {blockData=[blockId=conID: 3 locID: 102704236310758010 bcsId: 0,size=3145728]} | ret=SUCCESS |  
2019-08-30 05:17:57,774 | INFO  | DNAudit | user=null | ip=null | op=WRITE_CHUNK {blockData=conID: 3 locID: 102704236310758010 bcsId: 4362} | ret=SUCCESS |  
2019-08-30 05:17:57,774 | INFO  | DNAudit | user=null | ip=null | op=PUT_BLOCK {blockData=[blockId=conID: 3 locID: 102704236310758010 bcsId: 0,size=4194304]} | ret=SUCCESS |  
2019-08-30 05:17:57,774 [grpc-default-executor-5] INFO  client.GrpcClientProtocolClient (GrpcClientProtocolClient.java:onNext(255)) - client-574492D41EE7->134d4672-e322-4e4b-b7f3-5645abb0fe8c: receive RaftClientReply:client-574492D41EE7->134d4672-e322-4e4b-b7f3-5645abb0fe8c@group-3CB1DFFBCDC2, cid=2914, SUCCESS, logIndex=4365, commits[134d4672-e322-4e4b-b7f3-5645abb0fe8c:c4366, 73af84f3-3e88-4c8c-894c-3ad307bcac8d:c4362, 730a25a1-dbec-44ed-975b-a44ab0096beb:c4362]
2019-08-30 05:17:57,775 [grpc-default-executor-5] INFO  client.GrpcClientProtocolClient (GrpcClientProtocolClient.java:onNext(255)) - client-574492D41EE7->134d4672-e322-4e4b-b7f3-5645abb0fe8c: receive RaftClientReply:client-574492D41EE7->134d4672-e322-4e4b-b7f3-5645abb0fe8c@group-3CB1DFFBCDC2, cid=2915, SUCCESS, logIndex=4366, commits[134d4672-e322-4e4b-b7f3-5645abb0fe8c:c4366, 73af84f3-3e88-4c8c-894c-3ad307bcac8d:c4362, 730a25a1-dbec-44ed-975b-a44ab0096beb:c4362]
2019-08-30 05:17:57,790 | INFO  | DNAudit | user=null | ip=null | op=WRITE_CHUNK {blockData=conID: 3 locID: 102704236310758010 bcsId: 4362} | ret=SUCCESS |  
2019-08-30 05:17:57,791 | INFO  | DNAudit | user=null | ip=null | op=WRITE_CHUNK {blockData=conID: 3 locID: 102704236310758010 bcsId: 4362} | ret=SUCCESS |  
2019-08-30 05:17:57,793 | INFO  | DNAudit | user=null | ip=null | op=PUT_BLOCK {blockData=[blockId=conID: 3 locID: 102704236310758010 bcsId: 0,size=4194304]} | ret=SUCCESS |  
2019-08-30 05:17:57,793 | INFO  | DNAudit | user=null | ip=null | op=PUT_BLOCK {blockData=[blockId=conID: 3 locID: 102704236310758010 bcsId: 0,size=4194304]} | ret=SUCCESS |  
2019-08-30 05:17:57,794 [grpc-default-executor-5] INFO  client.GrpcClientProtocolClient (GrpcClientProtocolClient.java:onNext(255)) - client-574492D41EE7->134d4672-e322-4e4b-b7f3-5645abb0fe8c: receive RaftClientReply:client-574492D41EE7->134d4672-e322-4e4b-b7f3-5645abb0fe8c@group-3CB1DFFBCDC2, cid=2916, SUCCESS, logIndex=0, commits[134d4672-e322-4e4b-b7f3-5645abb0fe8c:c4368, 73af84f3-3e88-4c8c-894c-3ad307bcac8d:c4366, 730a25a1-dbec-44ed-975b-a44ab0096beb:c4366]
2019-08-30 05:17:57,799 | INFO  | SCMAudit | user=jenkins1000 | ip=192.168.36.106 | op=ALLOCATE_BLOCK {owner=85755eb5-052d-48fa-b271-2fe4d8754e12, size=4194304, type=RATIS, factor=THREE} | ret=SUCCESS |  
2019-08-30 05:17:57,802 | INFO  | OMAudit | user=jenkins1000 | ip=127.0.0.1 | op=ALLOCATE_BLOCK {volume=vol-0-00977, bucket=bucket-0-44205, key=key-0-32850, dataSize=0, replicationType=null, replicationFactor=null, keyLocationInfo=null, clientID=102704234570776978} | ret=SUCCESS |  
2019-08-30 05:17:57,808 | INFO  | DNAudit | user=null | ip=null | op=WRITE_CHUNK {blockData=conID: 1 locID: 102704236317835899 bcsId: 0} | ret=SUCCESS |  
2019-08-30 05:17:57,812 | INFO  | DNAudit | user=null | ip=null | op=WRITE_CHUNK {blockData=conID: 1 locID: 102704236317835899 bcsId: 0} | ret=SUCCESS |  
2019-08-30 05:17:57,812 | INFO  | DNAudit | user=null | ip=null | op=WRITE_CHUNK {blockData=conID: 1 locID: 102704236317835899 bcsId: 0} | ret=SUCCESS |  
2019-08-30 05:17:57,812 | INFO  | DNAudit | user=null | ip=null | op=WRITE_CHUNK {blockData=conID: 1 locID: 102704236317835899 bcsId: 0} | ret=SUCCESS |  
2019-08-30 05:17:57,813 | INFO  | DNAudit | user=null | ip=null | op=WRITE_CHUNK {blockData=conID: 1 locID: 102704236317835899 bcsId: 0} | ret=SUCCESS |  
2019-08-30 05:17:57,813 | INFO  | DNAudit | user=null | ip=null | op=WRITE_CHUNK {blockData=conID: 1 locID: 102704236317835899 bcsId: 0} | ret=SUCCESS |  
2019-08-30 05:17:57,821 | INFO  | DNAudit | user=null | ip=null | op=WRITE_CHUNK {blockData=conID: 1 locID: 102704236317835899 bcsId: 0} | ret=SUCCESS |  
2019-08-30 05:17:57,822 | INFO  | DNAudit | user=null | ip=null | op=PUT_BLOCK {blockData=[blockId=conID: 1 locID: 102704236317835899 bcsId: 0,size=1048576]} | ret=SUCCESS |  
2019-08-30 05:17:57,822 [grpc-default-executor-3] INFO  client.GrpcClientProtocolClient (GrpcClientProtocolClient.java:onNext(255)) - client-574492D41EE7->134d4672-e322-4e4b-b7f3-5645abb0fe8c: receive RaftClientReply:client-574492D41EE7->134d4672-e322-4e4b-b7f3-5645abb0fe8c@group-3CB1DFFBCDC2, cid=2917, SUCCESS, logIndex=4369, commits[134d4672-e322-4e4b-b7f3-5645abb0fe8c:c4371, 73af84f3-3e88-4c8c-894c-3ad307bcac8d:c4368, 730a25a1-dbec-44ed-975b-a44ab0096beb:c4368]
2019-08-30 05:17:57,822 | INFO  | DNAudit | user=null | ip=null | op=WRITE_CHUNK {blockData=conID: 1 locID: 102704236317835899 bcsId: 0} | ret=SUCCESS |  
2019-08-30 05:17:57,823 | INFO  | DNAudit | user=null | ip=null | op=WRITE_CHUNK {blockData=conID: 1 locID: 102704236317835899 bcsId: 0} | ret=SUCCESS |  
2019-08-30 05:17:57,823 | INFO  | DNAudit | user=null | ip=null | op=PUT_BLOCK {blockData=[blockId=conID: 1 locID: 102704236317835899 bcsId: 0,size=2097152]} | ret=SUCCESS |  
2019-08-30 05:17:57,823 | INFO  | DNAudit | user=null | ip=null | op=PUT_BLOCK {blockData=[blockId=conID: 1 locID: 102704236317835899 bcsId: 0,size=1048576]} | ret=SUCCESS |  
2019-08-30 05:17:57,823 [grpc-default-executor-3] INFO  client.GrpcClientProtocolClient (GrpcClientProtocolClient.java:onNext(255)) - client-574492D41EE7->134d4672-e322-4e4b-b7f3-5645abb0fe8c: receive RaftClientReply:client-574492D41EE7->134d4672-e322-4e4b-b7f3-5645abb0fe8c@group-3CB1DFFBCDC2, cid=2918, SUCCESS, logIndex=4370, commits[134d4672-e322-4e4b-b7f3-5645abb0fe8c:c4372, 73af84f3-3e88-4c8c-894c-3ad307bcac8d:c4368, 730a25a1-dbec-44ed-975b-a44ab0096beb:c4368]
2019-08-30 05:17:57,823 [grpc-default-executor-3] INFO  client.GrpcClientProtocolClient (GrpcClientProtocolClient.java:onNext(255)) - client-574492D41EE7->134d4672-e322-4e4b-b7f3-5645abb0fe8c: receive RaftClientReply:client-574492D41EE7->134d4672-e322-4e4b-b7f3-5645abb0fe8c@group-3CB1DFFBCDC2, cid=2919, SUCCESS, logIndex=4371, commits[134d4672-e322-4e4b-b7f3-5645abb0fe8c:c4372, 73af84f3-3e88-4c8c-894c-3ad307bcac8d:c4368, 730a25a1-dbec-44ed-975b-a44ab0096beb:c4368]
2019-08-30 05:17:57,823 | INFO  | DNAudit | user=null | ip=null | op=WRITE_CHUNK {blockData=conID: 1 locID: 102704236317835899 bcsId: 0} | ret=SUCCESS |  
2019-08-30 05:17:57,823 [grpc-default-executor-3] INFO  client.GrpcClientProtocolClient (GrpcClientProtocolClient.java:onNext(255)) - client-574492D41EE7->134d4672-e322-4e4b-b7f3-5645abb0fe8c: receive RaftClientReply:client-574492D41EE7->134d4672-e322-4e4b-b7f3-5645abb0fe8c@group-3CB1DFFBCDC2, cid=2920, SUCCESS, logIndex=4372, commits[134d4672-e322-4e4b-b7f3-5645abb0fe8c:c4374, 73af84f3-3e88-4c8c-894c-3ad307bcac8d:c4368, 730a25a1-dbec-44ed-975b-a44ab0096beb:c4370]
2019-08-30 05:17:57,823 | INFO  | DNAudit | user=null | ip=null | op=PUT_BLOCK {blockData=[blockId=conID: 1 locID: 102704236317835899 bcsId: 0,size=1048576]} | ret=SUCCESS |  
2019-08-30 05:17:57,824 | INFO  | DNAudit | user=null | ip=null | op=WRITE_CHUNK {blockData=conID: 1 locID: 102704236317835899 bcsId: 0} | ret=SUCCESS |  
2019-08-30 05:17:57,824 [grpc-default-executor-1] INFO  client.GrpcClientProtocolClient (GrpcClientProtocolClient.java:onNext(255)) - client-574492D41EE7->134d4672-e322-4e4b-b7f3-5645abb0fe8c: receive RaftClientReply:client-574492D41EE7->134d4672-e322-4e4b-b7f3-5645abb0fe8c@group-3CB1DFFBCDC2, cid=2921, SUCCESS, logIndex=0, commits[134d4672-e322-4e4b-b7f3-5645abb0fe8c:c4375, 73af84f3-3e88-4c8c-894c-3ad307bcac8d:c4371, 730a25a1-dbec-44ed-975b-a44ab0096beb:c4370]
2019-08-30 05:17:57,825 | INFO  | DNAudit | user=null | ip=null | op=WRITE_CHUNK {blockData=conID: 1 locID: 102704236317835899 bcsId: 0} | ret=SUCCESS |  
2019-08-30 05:17:57,825 | INFO  | DNAudit | user=null | ip=null | op=PUT_BLOCK {blockData=[blockId=conID: 1 locID: 102704236317835899 bcsId: 0,size=2097152]} | ret=SUCCESS |  
2019-08-30 05:17:57,831 | INFO  | DNAudit | user=null | ip=null | op=WRITE_CHUNK {blockData=conID: 1 locID: 102704236317835899 bcsId: 4372} | ret=SUCCESS |  
2019-08-30 05:17:57,833 | INFO  | DNAudit | user=null | ip=null | op=WRITE_CHUNK {blockData=conID: 1 locID: 102704236317835899 bcsId: 4372} | ret=SUCCESS |  
2019-08-30 05:17:57,833 | INFO  | DNAudit | user=null | ip=null | op=WRITE_CHUNK {blockData=conID: 1 locID: 102704236317835899 bcsId: 4372} | ret=SUCCESS |  
2019-08-30 05:17:57,836 | INFO  | DNAudit | user=null | ip=null | op=PUT_BLOCK {blockData=[blockId=conID: 1 locID: 102704236317835899 bcsId: 0,size=2097152]} | ret=SUCCESS |  
2019-08-30 05:17:57,837 | INFO  | DNAudit | user=null | ip=null | op=WRITE_CHUNK {blockData=conID: 1 locID: 102704236317835899 bcsId: 4372} | ret=SUCCESS |  
2019-08-30 05:17:57,837 | INFO  | DNAudit | user=null | ip=null | op=PUT_BLOCK {blockData=[blockId=conID: 1 locID: 102704236317835899 bcsId: 0,size=3145728]} | ret=SUCCESS |  
2019-08-30 05:17:57,838 [grpc-default-executor-3] INFO  client.GrpcClientProtocolClient (GrpcClientProtocolClient.java:onNext(255)) - client-574492D41EE7->134d4672-e322-4e4b-b7f3-5645abb0fe8c: receive RaftClientReply:client-574492D41EE7->134d4672-e322-4e4b-b7f3-5645abb0fe8c@group-3CB1DFFBCDC2, cid=2922, SUCCESS, logIndex=4377, commits[134d4672-e322-4e4b-b7f3-5645abb0fe8c:c4378, 73af84f3-3e88-4c8c-894c-3ad307bcac8d:c4372, 730a25a1-dbec-44ed-975b-a44ab0096beb:c4376]
2019-08-30 05:17:57,838 [grpc-default-executor-3] INFO  client.GrpcClientProtocolClient (GrpcClientProtocolClient.java:onNext(255)) - client-574492D41EE7->134d4672-e322-4e4b-b7f3-5645abb0fe8c: receive RaftClientReply:client-574492D41EE7->134d4672-e322-4e4b-b7f3-5645abb0fe8c@group-3CB1DFFBCDC2, cid=2923, SUCCESS, logIndex=4378, commits[134d4672-e322-4e4b-b7f3-5645abb0fe8c:c4378, 73af84f3-3e88-4c8c-894c-3ad307bcac8d:c4376, 730a25a1-dbec-44ed-975b-a44ab0096beb:c4376]
2019-08-30 05:17:57,840 | INFO  | DNAudit | user=null | ip=null | op=WRITE_CHUNK {blockData=conID: 1 locID: 102704236317835899 bcsId: 4372} | ret=SUCCESS |  
2019-08-30 05:17:57,840 | INFO  | DNAudit | user=null | ip=null | op=PUT_BLOCK {blockData=[blockId=conID: 1 locID: 102704236317835899 bcsId: 0,size=3145728]} | ret=SUCCESS |  
2019-08-30 05:17:57,840 | INFO  | DNAudit | user=null | ip=null | op=WRITE_CHUNK {blockData=conID: 1 locID: 102704236317835899 bcsId: 4372} | ret=SUCCESS |  
2019-08-30 05:17:57,840 | INFO  | DNAudit | user=null | ip=null | op=PUT_BLOCK {blockData=[blockId=conID: 1 locID: 102704236317835899 bcsId: 0,size=3145728]} | ret=SUCCESS |  
2019-08-30 05:17:57,844 | INFO  | DNAudit | user=null | ip=null | op=WRITE_CHUNK {blockData=conID: 1 locID: 102704236317835899 bcsId: 4378} | ret=SUCCESS |  
2019-08-30 05:17:57,846 | INFO  | DNAudit | user=null | ip=null | op=WRITE_CHUNK {blockData=conID: 1 locID: 102704236317835899 bcsId: 4378} | ret=SUCCESS |  
2019-08-30 05:17:57,847 | INFO  | DNAudit | user=null | ip=null | op=WRITE_CHUNK {blockData=conID: 1 locID: 102704236317835899 bcsId: 4378} | ret=SUCCESS |  
2019-08-30 05:17:57,855 | INFO  | DNAudit | user=null | ip=null | op=WRITE_CHUNK {blockData=conID: 1 locID: 102704236317835899 bcsId: 4378} | ret=SUCCESS |  
2019-08-30 05:17:57,855 | INFO  | DNAudit | user=null | ip=null | op=PUT_BLOCK {blockData=[blockId=conID: 1 locID: 102704236317835899 bcsId: 0,size=4194304]} | ret=SUCCESS |  
2019-08-30 05:17:57,855 [grpc-default-executor-5] INFO  client.GrpcClientProtocolClient (GrpcClientProtocolClient.java:onNext(255)) - client-574492D41EE7->134d4672-e322-4e4b-b7f3-5645abb0fe8c: receive RaftClientReply:client-574492D41EE7->134d4672-e322-4e4b-b7f3-5645abb0fe8c@group-3CB1DFFBCDC2, cid=2924, SUCCESS, logIndex=4381, commits[134d4672-e322-4e4b-b7f3-5645abb0fe8c:c4382, 73af84f3-3e88-4c8c-894c-3ad307bcac8d:c4379, 730a25a1-dbec-44ed-975b-a44ab0096beb:c4379]
2019-08-30 05:17:57,856 [grpc-default-executor-5] INFO  client.GrpcClientProtocolClient (GrpcClientProtocolClient.java:onNext(255)) - client-574492D41EE7->134d4672-e322-4e4b-b7f3-5645abb0fe8c: receive RaftClientReply:client-574492D41EE7->134d4672-e322-4e4b-b7f3-5645abb0fe8c@group-3CB1DFFBCDC2, cid=2925, SUCCESS, logIndex=4382, commits[134d4672-e322-4e4b-b7f3-5645abb0fe8c:c4382, 73af84f3-3e88-4c8c-894c-3ad307bcac8d:c4379, 730a25a1-dbec-44ed-975b-a44ab0096beb:c4379]
2019-08-30 05:17:57,866 | INFO  | DNAudit | user=null | ip=null | op=WRITE_CHUNK {blockData=conID: 1 locID: 102704236317835899 bcsId: 4378} | ret=SUCCESS |  
2019-08-30 05:17:57,866 | INFO  | DNAudit | user=null | ip=null | op=WRITE_CHUNK {blockData=conID: 1 locID: 102704236317835899 bcsId: 4378} | ret=SUCCESS |  
2019-08-30 05:17:57,869 | INFO  | DNAudit | user=null | ip=null | op=PUT_BLOCK {blockData=[blockId=conID: 1 locID: 102704236317835899 bcsId: 0,size=4194304]} | ret=SUCCESS |  
2019-08-30 05:17:57,869 | INFO  | DNAudit | user=null | ip=null | op=PUT_BLOCK {blockData=[blockId=conID: 1 locID: 102704236317835899 bcsId: 0,size=4194304]} | ret=SUCCESS |  
2019-08-30 05:17:57,869 [grpc-default-executor-5] INFO  client.GrpcClientProtocolClient (GrpcClientProtocolClient.java:onNext(255)) - client-574492D41EE7->134d4672-e322-4e4b-b7f3-5645abb0fe8c: receive RaftClientReply:client-574492D41EE7->134d4672-e322-4e4b-b7f3-5645abb0fe8c@group-3CB1DFFBCDC2, cid=2926, SUCCESS, logIndex=0, commits[134d4672-e322-4e4b-b7f3-5645abb0fe8c:c4384, 73af84f3-3e88-4c8c-894c-3ad307bcac8d:c4382, 730a25a1-dbec-44ed-975b-a44ab0096beb:c4382]
2019-08-30 05:17:57,875 | INFO  | SCMAudit | user=jenkins1000 | ip=192.168.36.106 | op=ALLOCATE_BLOCK {owner=85755eb5-052d-48fa-b271-2fe4d8754e12, size=4194304, type=RATIS, factor=THREE} | ret=SUCCESS |  
2019-08-30 05:17:57,880 | INFO  | OMAudit | user=jenkins1000 | ip=127.0.0.1 | op=ALLOCATE_BLOCK {volume=vol-0-00977, bucket=bucket-0-44205, key=key-0-32850, dataSize=0, replicationType=null, replicationFactor=null, keyLocationInfo=null, clientID=102704234570776978} | ret=SUCCESS |  
2019-08-30 05:17:57,886 | INFO  | DNAudit | user=null | ip=null | op=WRITE_CHUNK {blockData=conID: 2 locID: 102704236322816636 bcsId: 0} | ret=SUCCESS |  
2019-08-30 05:17:57,888 | INFO  | DNAudit | user=null | ip=null | op=WRITE_CHUNK {blockData=conID: 2 locID: 102704236322816636 bcsId: 0} | ret=SUCCESS |  
2019-08-30 05:17:57,889 | INFO  | DNAudit | user=null | ip=null | op=WRITE_CHUNK {blockData=conID: 2 locID: 102704236322816636 bcsId: 0} | ret=SUCCESS |  
2019-08-30 05:17:57,889 | INFO  | DNAudit | user=null | ip=null | op=WRITE_CHUNK {blockData=conID: 2 locID: 102704236322816636 bcsId: 0} | ret=SUCCESS |  
2019-08-30 05:17:57,891 | INFO  | DNAudit | user=null | ip=null | op=WRITE_CHUNK {blockData=conID: 2 locID: 102704236322816636 bcsId: 0} | ret=SUCCESS |  
2019-08-30 05:17:57,891 | INFO  | DNAudit | user=null | ip=null | op=WRITE_CHUNK {blockData=conID: 2 locID: 102704236322816636 bcsId: 0} | ret=SUCCESS |  
2019-08-30 05:17:57,898 | INFO  | DNAudit | user=null | ip=null | op=WRITE_CHUNK {blockData=conID: 2 locID: 102704236322816636 bcsId: 0} | ret=SUCCESS |  
2019-08-30 05:17:57,899 | INFO  | DNAudit | user=null | ip=null | op=PUT_BLOCK {blockData=[blockId=conID: 2 locID: 102704236322816636 bcsId: 0,size=1048576]} | ret=SUCCESS |  
2019-08-30 05:17:57,899 [grpc-default-executor-3] INFO  client.GrpcClientProtocolClient (GrpcClientProtocolClient.java:onNext(255)) - client-574492D41EE7->134d4672-e322-4e4b-b7f3-5645abb0fe8c: receive RaftClientReply:client-574492D41EE7->134d4672-e322-4e4b-b7f3-5645abb0fe8c@group-3CB1DFFBCDC2, cid=2927, SUCCESS, logIndex=4385, commits[134d4672-e322-4e4b-b7f3-5645abb0fe8c:c4386, 73af84f3-3e88-4c8c-894c-3ad307bcac8d:c4384, 730a25a1-dbec-44ed-975b-a44ab0096beb:c4384]
2019-08-30 05:17:57,899 | INFO  | DNAudit | user=null | ip=null | op=WRITE_CHUNK {blockData=conID: 2 locID: 102704236322816636 bcsId: 0} | ret=SUCCESS |  
2019-08-30 05:17:57,899 | INFO  | DNAudit | user=null | ip=null | op=PUT_BLOCK {blockData=[blockId=conID: 2 locID: 102704236322816636 bcsId: 0,size=2097152]} | ret=SUCCESS |  
2019-08-30 05:17:57,899 [grpc-default-executor-3] INFO  client.GrpcClientProtocolClient (GrpcClientProtocolClient.java:onNext(255)) - client-574492D41EE7->134d4672-e322-4e4b-b7f3-5645abb0fe8c: receive RaftClientReply:client-574492D41EE7->134d4672-e322-4e4b-b7f3-5645abb0fe8c@group-3CB1DFFBCDC2, cid=2928, SUCCESS, logIndex=4386, commits[134d4672-e322-4e4b-b7f3-5645abb0fe8c:c4386, 73af84f3-3e88-4c8c-894c-3ad307bcac8d:c4384, 730a25a1-dbec-44ed-975b-a44ab0096beb:c4384]
2019-08-30 05:17:57,900 [grpc-default-executor-3] INFO  client.GrpcClientProtocolClient (GrpcClientProtocolClient.java:onNext(255)) - client-574492D41EE7->134d4672-e322-4e4b-b7f3-5645abb0fe8c: receive RaftClientReply:client-574492D41EE7->134d4672-e322-4e4b-b7f3-5645abb0fe8c@group-3CB1DFFBCDC2, cid=2929, SUCCESS, logIndex=4387, commits[134d4672-e322-4e4b-b7f3-5645abb0fe8c:c4388, 73af84f3-3e88-4c8c-894c-3ad307bcac8d:c4384, 730a25a1-dbec-44ed-975b-a44ab0096beb:c4384]
2019-08-30 05:17:57,900 [grpc-default-executor-3] INFO  client.GrpcClientProtocolClient (GrpcClientProtocolClient.java:onNext(255)) - client-574492D41EE7->134d4672-e322-4e4b-b7f3-5645abb0fe8c: receive RaftClientReply:client-574492D41EE7->134d4672-e322-4e4b-b7f3-5645abb0fe8c@group-3CB1DFFBCDC2, cid=2930, SUCCESS, logIndex=4388, commits[134d4672-e322-4e4b-b7f3-5645abb0fe8c:c4388, 73af84f3-3e88-4c8c-894c-3ad307bcac8d:c4384, 730a25a1-dbec-44ed-975b-a44ab0096beb:c4384]
2019-08-30 05:17:57,912 | INFO  | DNAudit | user=null | ip=null | op=WRITE_CHUNK {blockData=conID: 2 locID: 102704236322816636 bcsId: 0} | ret=SUCCESS |  
2019-08-30 05:17:57,913 | INFO  | DNAudit | user=null | ip=null | op=WRITE_CHUNK {blockData=conID: 2 locID: 102704236322816636 bcsId: 0} | ret=SUCCESS |  
2019-08-30 05:17:57,913 | INFO  | DNAudit | user=null | ip=null | op=PUT_BLOCK {blockData=[blockId=conID: 2 locID: 102704236322816636 bcsId: 0,size=1048576]} | ret=SUCCESS |  
2019-08-30 05:17:57,913 | INFO  | DNAudit | user=null | ip=null | op=PUT_BLOCK {blockData=[blockId=conID: 2 locID: 102704236322816636 bcsId: 0,size=1048576]} | ret=SUCCESS |  
2019-08-30 05:17:57,913 | INFO  | DNAudit | user=null | ip=null | op=WRITE_CHUNK {blockData=conID: 2 locID: 102704236322816636 bcsId: 0} | ret=SUCCESS |  
2019-08-30 05:17:57,913 | INFO  | DNAudit | user=null | ip=null | op=PUT_BLOCK {blockData=[blockId=conID: 2 locID: 102704236322816636 bcsId: 0,size=2097152]} | ret=SUCCESS |  
2019-08-30 05:17:57,913 | INFO  | DNAudit | user=null | ip=null | op=WRITE_CHUNK {blockData=conID: 2 locID: 102704236322816636 bcsId: 0} | ret=SUCCESS |  
2019-08-30 05:17:57,913 [grpc-default-executor-3] INFO  client.GrpcClientProtocolClient (GrpcClientProtocolClient.java:onNext(255)) - client-574492D41EE7->134d4672-e322-4e4b-b7f3-5645abb0fe8c: receive RaftClientReply:client-574492D41EE7->134d4672-e322-4e4b-b7f3-5645abb0fe8c@group-3CB1DFFBCDC2, cid=2931, SUCCESS, logIndex=0, commits[134d4672-e322-4e4b-b7f3-5645abb0fe8c:c4390, 73af84f3-3e88-4c8c-894c-3ad307bcac8d:c4386, 730a25a1-dbec-44ed-975b-a44ab0096beb:c4386]
2019-08-30 05:17:57,914 | INFO  | DNAudit | user=null | ip=null | op=PUT_BLOCK {blockData=[blockId=conID: 2 locID: 102704236322816636 bcsId: 0,size=2097152]} | ret=SUCCESS |  
2019-08-30 05:17:57,919 | INFO  | DNAudit | user=null | ip=null | op=WRITE_CHUNK {blockData=conID: 2 locID: 102704236322816636 bcsId: 4388} | ret=SUCCESS |  
2019-08-30 05:17:57,921 | INFO  | DNAudit | user=null | ip=null | op=WRITE_CHUNK {blockData=conID: 2 locID: 102704236322816636 bcsId: 4388} | ret=SUCCESS |  
2019-08-30 05:17:57,921 | INFO  | DNAudit | user=null | ip=null | op=WRITE_CHUNK {blockData=conID: 2 locID: 102704236322816636 bcsId: 4388} | ret=SUCCESS |  
2019-08-30 05:17:57,931 | INFO  | DNAudit | user=null | ip=null | op=WRITE_CHUNK {blockData=conID: 2 locID: 102704236322816636 bcsId: 4388} | ret=SUCCESS |  
2019-08-30 05:17:57,932 | INFO  | DNAudit | user=null | ip=null | op=PUT_BLOCK {blockData=[blockId=conID: 2 locID: 102704236322816636 bcsId: 0,size=3145728]} | ret=SUCCESS |  
2019-08-30 05:17:57,932 [grpc-default-executor-3] INFO  client.GrpcClientProtocolClient (GrpcClientProtocolClient.java:onNext(255)) - client-574492D41EE7->134d4672-e322-4e4b-b7f3-5645abb0fe8c: receive RaftClientReply:client-574492D41EE7->134d4672-e322-4e4b-b7f3-5645abb0fe8c@group-3CB1DFFBCDC2, cid=2932, SUCCESS, logIndex=4393, commits[134d4672-e322-4e4b-b7f3-5645abb0fe8c:c4393, 73af84f3-3e88-4c8c-894c-3ad307bcac8d:c4392, 730a25a1-dbec-44ed-975b-a44ab0096beb:c4392]
2019-08-30 05:17:57,932 [grpc-default-executor-3] INFO  client.GrpcClientProtocolClient (GrpcClientProtocolClient.java:onNext(255)) - client-574492D41EE7->134d4672-e322-4e4b-b7f3-5645abb0fe8c: receive RaftClientReply:client-574492D41EE7->134d4672-e322-4e4b-b7f3-5645abb0fe8c@group-3CB1DFFBCDC2, cid=2933, SUCCESS, logIndex=4394, commits[134d4672-e322-4e4b-b7f3-5645abb0fe8c:c4394, 73af84f3-3e88-4c8c-894c-3ad307bcac8d:c4392, 730a25a1-dbec-44ed-975b-a44ab0096beb:c4392]
2019-08-30 05:17:57,938 | INFO  | DNAudit | user=null | ip=null | op=WRITE_CHUNK {blockData=conID: 2 locID: 102704236322816636 bcsId: 4394} | ret=SUCCESS |  
2019-08-30 05:17:57,939 | INFO  | DNAudit | user=null | ip=null | op=WRITE_CHUNK {blockData=conID: 2 locID: 102704236322816636 bcsId: 4394} | ret=SUCCESS |  
2019-08-30 05:17:57,940 | INFO  | DNAudit | user=null | ip=null | op=WRITE_CHUNK {blockData=conID: 2 locID: 102704236322816636 bcsId: 4394} | ret=SUCCESS |  
2019-08-30 05:17:57,943 | INFO  | DNAudit | user=null | ip=null | op=WRITE_CHUNK {blockData=conID: 2 locID: 102704236322816636 bcsId: 4388} | ret=SUCCESS |  
2019-08-30 05:17:57,943 | INFO  | DNAudit | user=null | ip=null | op=WRITE_CHUNK {blockData=conID: 2 locID: 102704236322816636 bcsId: 4388} | ret=SUCCESS |  
2019-08-30 05:17:57,944 | INFO  | DNAudit | user=null | ip=null | op=PUT_BLOCK {blockData=[blockId=conID: 2 locID: 102704236322816636 bcsId: 0,size=3145728]} | ret=SUCCESS |  
2019-08-30 05:17:57,944 | INFO  | DNAudit | user=null | ip=null | op=PUT_BLOCK {blockData=[blockId=conID: 2 locID: 102704236322816636 bcsId: 0,size=3145728]} | ret=SUCCESS |  
2019-08-30 05:17:57,945 | INFO  | DNAudit | user=null | ip=null | op=WRITE_CHUNK {blockData=conID: 2 locID: 102704236322816636 bcsId: 4394} | ret=SUCCESS |  
2019-08-30 05:17:57,945 | INFO  | DNAudit | user=null | ip=null | op=PUT_BLOCK {blockData=[blockId=conID: 2 locID: 102704236322816636 bcsId: 0,size=4194304]} | ret=SUCCESS |  
2019-08-30 05:17:57,945 [grpc-default-executor-1] INFO  client.GrpcClientProtocolClient (GrpcClientProtocolClient.java:onNext(255)) - client-574492D41EE7->134d4672-e322-4e4b-b7f3-5645abb0fe8c: receive RaftClientReply:client-574492D41EE7->134d4672-e322-4e4b-b7f3-5645abb0fe8c@group-3CB1DFFBCDC2, cid=2934, SUCCESS, logIndex=4397, commits[134d4672-e322-4e4b-b7f3-5645abb0fe8c:c4398, 73af84f3-3e88-4c8c-894c-3ad307bcac8d:c4394, 730a25a1-dbec-44ed-975b-a44ab0096beb:c4394]
2019-08-30 05:17:57,946 [grpc-default-executor-1] INFO  client.GrpcClientProtocolClient (GrpcClientProtocolClient.java:onNext(255)) - client-574492D41EE7->134d4672-e322-4e4b-b7f3-5645abb0fe8c: receive RaftClientReply:client-574492D41EE7->134d4672-e322-4e4b-b7f3-5645abb0fe8c@group-3CB1DFFBCDC2, cid=2935, SUCCESS, logIndex=4398, commits[134d4672-e322-4e4b-b7f3-5645abb0fe8c:c4398, 73af84f3-3e88-4c8c-894c-3ad307bcac8d:c4394, 730a25a1-dbec-44ed-975b-a44ab0096beb:c4394]
2019-08-30 05:17:57,956 | INFO  | DNAudit | user=null | ip=null | op=WRITE_CHUNK {blockData=conID: 2 locID: 102704236322816636 bcsId: 4394} | ret=SUCCESS |  
2019-08-30 05:17:57,956 | INFO  | DNAudit | user=null | ip=null | op=WRITE_CHUNK {blockData=conID: 2 locID: 102704236322816636 bcsId: 4394} | ret=SUCCESS |  
2019-08-30 05:17:57,959 | INFO  | DNAudit | user=null | ip=null | op=PUT_BLOCK {blockData=[blockId=conID: 2 locID: 102704236322816636 bcsId: 0,size=4194304]} | ret=SUCCESS |  
2019-08-30 05:17:57,959 | INFO  | DNAudit | user=null | ip=null | op=PUT_BLOCK {blockData=[blockId=conID: 2 locID: 102704236322816636 bcsId: 0,size=4194304]} | ret=SUCCESS |  
2019-08-30 05:17:57,959 [grpc-default-executor-1] INFO  client.GrpcClientProtocolClient (GrpcClientProtocolClient.java:onNext(255)) - client-574492D41EE7->134d4672-e322-4e4b-b7f3-5645abb0fe8c: receive RaftClientReply:client-574492D41EE7->134d4672-e322-4e4b-b7f3-5645abb0fe8c@group-3CB1DFFBCDC2, cid=2936, SUCCESS, logIndex=0, commits[134d4672-e322-4e4b-b7f3-5645abb0fe8c:c4400, 73af84f3-3e88-4c8c-894c-3ad307bcac8d:c4398, 730a25a1-dbec-44ed-975b-a44ab0096beb:c4398]
2019-08-30 05:17:57,964 | INFO  | SCMAudit | user=jenkins1000 | ip=192.168.36.106 | op=ALLOCATE_BLOCK {owner=85755eb5-052d-48fa-b271-2fe4d8754e12, size=4194304, type=RATIS, factor=THREE} | ret=SUCCESS |  
2019-08-30 05:17:57,968 | INFO  | OMAudit | user=jenkins1000 | ip=127.0.0.1 | op=ALLOCATE_BLOCK {volume=vol-0-00977, bucket=bucket-0-44205, key=key-0-32850, dataSize=0, replicationType=null, replicationFactor=null, keyLocationInfo=null, clientID=102704234570776978} | ret=SUCCESS |  
2019-08-30 05:17:57,974 | INFO  | DNAudit | user=null | ip=null | op=WRITE_CHUNK {blockData=conID: 3 locID: 102704236328649341 bcsId: 0} | ret=SUCCESS |  
2019-08-30 05:17:57,976 | INFO  | DNAudit | user=null | ip=null | op=WRITE_CHUNK {blockData=conID: 3 locID: 102704236328649341 bcsId: 0} | ret=SUCCESS |  
2019-08-30 05:17:57,990 | INFO  | DNAudit | user=null | ip=null | op=WRITE_CHUNK {blockData=conID: 3 locID: 102704236328649341 bcsId: 0} | ret=SUCCESS |  
2019-08-30 05:17:57,990 | INFO  | DNAudit | user=null | ip=null | op=WRITE_CHUNK {blockData=conID: 3 locID: 102704236328649341 bcsId: 0} | ret=SUCCESS |  
2019-08-30 05:17:57,991 | INFO  | DNAudit | user=null | ip=null | op=WRITE_CHUNK {blockData=conID: 3 locID: 102704236328649341 bcsId: 0} | ret=SUCCESS |  
2019-08-30 05:17:57,991 | INFO  | DNAudit | user=null | ip=null | op=WRITE_CHUNK {blockData=conID: 3 locID: 102704236328649341 bcsId: 0} | ret=SUCCESS |  
2019-08-30 05:17:58,002 | INFO  | DNAudit | user=null | ip=null | op=WRITE_CHUNK {blockData=conID: 3 locID: 102704236328649341 bcsId: 0} | ret=SUCCESS |  
2019-08-30 05:17:58,002 | INFO  | DNAudit | user=null | ip=null | op=PUT_BLOCK {blockData=[blockId=conID: 3 locID: 102704236328649341 bcsId: 0,size=1048576]} | ret=SUCCESS |  
2019-08-30 05:17:58,002 | INFO  | DNAudit | user=null | ip=null | op=WRITE_CHUNK {blockData=conID: 3 locID: 102704236328649341 bcsId: 0} | ret=SUCCESS |  
2019-08-30 05:17:58,002 [grpc-default-executor-6] INFO  client.GrpcClientProtocolClient (GrpcClientProtocolClient.java:onNext(255)) - client-574492D41EE7->134d4672-e322-4e4b-b7f3-5645abb0fe8c: receive RaftClientReply:client-574492D41EE7->134d4672-e322-4e4b-b7f3-5645abb0fe8c@group-3CB1DFFBCDC2, cid=2937, SUCCESS, logIndex=4401, commits[134d4672-e322-4e4b-b7f3-5645abb0fe8c:c4403, 73af84f3-3e88-4c8c-894c-3ad307bcac8d:c4400, 730a25a1-dbec-44ed-975b-a44ab0096beb:c4400]
2019-08-30 05:17:58,003 | INFO  | DNAudit | user=null | ip=null | op=PUT_BLOCK {blockData=[blockId=conID: 3 locID: 102704236328649341 bcsId: 0,size=2097152]} | ret=SUCCESS |  
2019-08-30 05:17:58,003 [grpc-default-executor-6] INFO  client.GrpcClientProtocolClient (GrpcClientProtocolClient.java:onNext(255)) - client-574492D41EE7->134d4672-e322-4e4b-b7f3-5645abb0fe8c: receive RaftClientReply:client-574492D41EE7->134d4672-e322-4e4b-b7f3-5645abb0fe8c@group-3CB1DFFBCDC2, cid=2938, SUCCESS, logIndex=4402, commits[134d4672-e322-4e4b-b7f3-5645abb0fe8c:c4404, 73af84f3-3e88-4c8c-894c-3ad307bcac8d:c4400, 730a25a1-dbec-44ed-975b-a44ab0096beb:c4400]
2019-08-30 05:17:58,003 [grpc-default-executor-6] INFO  client.GrpcClientProtocolClient (GrpcClientProtocolClient.java:onNext(255)) - client-574492D41EE7->134d4672-e322-4e4b-b7f3-5645abb0fe8c: receive RaftClientReply:client-574492D41EE7->134d4672-e322-4e4b-b7f3-5645abb0fe8c@group-3CB1DFFBCDC2, cid=2939, SUCCESS, logIndex=4403, commits[134d4672-e322-4e4b-b7f3-5645abb0fe8c:c4404, 73af84f3-3e88-4c8c-894c-3ad307bcac8d:c4400, 730a25a1-dbec-44ed-975b-a44ab0096beb:c4400]
2019-08-30 05:17:58,004 [grpc-default-executor-6] INFO  client.GrpcClientProtocolClient (GrpcClientProtocolClient.java:onNext(255)) - client-574492D41EE7->134d4672-e322-4e4b-b7f3-5645abb0fe8c: receive RaftClientReply:client-574492D41EE7->134d4672-e322-4e4b-b7f3-5645abb0fe8c@group-3CB1DFFBCDC2, cid=2940, SUCCESS, logIndex=4404, commits[134d4672-e322-4e4b-b7f3-5645abb0fe8c:c4404, 73af84f3-3e88-4c8c-894c-3ad307bcac8d:c4400, 730a25a1-dbec-44ed-975b-a44ab0096beb:c4400]
2019-08-30 05:17:58,014 | INFO  | DNAudit | user=null | ip=null | op=WRITE_CHUNK {blockData=conID: 3 locID: 102704236328649341 bcsId: 0} | ret=SUCCESS |  
2019-08-30 05:17:58,014 | INFO  | DNAudit | user=null | ip=null | op=WRITE_CHUNK {blockData=conID: 3 locID: 102704236328649341 bcsId: 0} | ret=SUCCESS |  
2019-08-30 05:17:58,014 | INFO  | DNAudit | user=null | ip=null | op=PUT_BLOCK {blockData=[blockId=conID: 3 locID: 102704236328649341 bcsId: 0,size=1048576]} | ret=SUCCESS |  
2019-08-30 05:17:58,014 | INFO  | DNAudit | user=null | ip=null | op=WRITE_CHUNK {blockData=conID: 3 locID: 102704236328649341 bcsId: 0} | ret=SUCCESS |  
2019-08-30 05:17:58,015 | INFO  | DNAudit | user=null | ip=null | op=PUT_BLOCK {blockData=[blockId=conID: 3 locID: 102704236328649341 bcsId: 0,size=1048576]} | ret=SUCCESS |  
2019-08-30 05:17:58,015 | INFO  | DNAudit | user=null | ip=null | op=WRITE_CHUNK {blockData=conID: 3 locID: 102704236328649341 bcsId: 0} | ret=SUCCESS |  
2019-08-30 05:17:58,015 | INFO  | DNAudit | user=null | ip=null | op=PUT_BLOCK {blockData=[blockId=conID: 3 locID: 102704236328649341 bcsId: 0,size=2097152]} | ret=SUCCESS |  
2019-08-30 05:17:58,015 | INFO  | DNAudit | user=null | ip=null | op=PUT_BLOCK {blockData=[blockId=conID: 3 locID: 102704236328649341 bcsId: 0,size=2097152]} | ret=SUCCESS |  
2019-08-30 05:17:58,015 [grpc-default-executor-5] INFO  client.GrpcClientProtocolClient (GrpcClientProtocolClient.java:onNext(255)) - client-574492D41EE7->134d4672-e322-4e4b-b7f3-5645abb0fe8c: receive RaftClientReply:client-574492D41EE7->134d4672-e322-4e4b-b7f3-5645abb0fe8c@group-3CB1DFFBCDC2, cid=2941, SUCCESS, logIndex=0, commits[134d4672-e322-4e4b-b7f3-5645abb0fe8c:c4407, 73af84f3-3e88-4c8c-894c-3ad307bcac8d:c4402, 730a25a1-dbec-44ed-975b-a44ab0096beb:c4403]
2019-08-30 05:17:58,021 | INFO  | DNAudit | user=null | ip=null | op=WRITE_CHUNK {blockData=conID: 3 locID: 102704236328649341 bcsId: 4404} | ret=SUCCESS |  
2019-08-30 05:17:58,023 | INFO  | DNAudit | user=null | ip=null | op=WRITE_CHUNK {blockData=conID: 3 locID: 102704236328649341 bcsId: 4404} | ret=SUCCESS |  
2019-08-30 05:17:58,024 | INFO  | DNAudit | user=null | ip=null | op=WRITE_CHUNK {blockData=conID: 3 locID: 102704236328649341 bcsId: 4404} | ret=SUCCESS |  
2019-08-30 05:17:58,044 | INFO  | DNAudit | user=null | ip=null | op=WRITE_CHUNK {blockData=conID: 3 locID: 102704236328649341 bcsId: 4404} | ret=SUCCESS |  
2019-08-30 05:17:58,045 | INFO  | DNAudit | user=null | ip=null | op=PUT_BLOCK {blockData=[blockId=conID: 3 locID: 102704236328649341 bcsId: 0,size=3145728]} | ret=SUCCESS |  
2019-08-30 05:17:58,045 [grpc-default-executor-6] INFO  client.GrpcClientProtocolClient (GrpcClientProtocolClient.java:onNext(255)) - client-574492D41EE7->134d4672-e322-4e4b-b7f3-5645abb0fe8c: receive RaftClientReply:client-574492D41EE7->134d4672-e322-4e4b-b7f3-5645abb0fe8c@group-3CB1DFFBCDC2, cid=2942, SUCCESS, logIndex=4409, commits[134d4672-e322-4e4b-b7f3-5645abb0fe8c:c4410, 73af84f3-3e88-4c8c-894c-3ad307bcac8d:c4408, 730a25a1-dbec-44ed-975b-a44ab0096beb:c4408]
2019-08-30 05:17:58,045 [grpc-default-executor-6] INFO  client.GrpcClientProtocolClient (GrpcClientProtocolClient.java:onNext(255)) - client-574492D41EE7->134d4672-e322-4e4b-b7f3-5645abb0fe8c: receive RaftClientReply:client-574492D41EE7->134d4672-e322-4e4b-b7f3-5645abb0fe8c@group-3CB1DFFBCDC2, cid=2943, SUCCESS, logIndex=4410, commits[134d4672-e322-4e4b-b7f3-5645abb0fe8c:c4410, 73af84f3-3e88-4c8c-894c-3ad307bcac8d:c4408, 730a25a1-dbec-44ed-975b-a44ab0096beb:c4408]
2019-08-30 05:17:58,051 | INFO  | DNAudit | user=null | ip=null | op=WRITE_CHUNK {blockData=conID: 3 locID: 102704236328649341 bcsId: 4410} | ret=SUCCESS |  
2019-08-30 05:17:58,054 | INFO  | DNAudit | user=null | ip=null | op=WRITE_CHUNK {blockData=conID: 3 locID: 102704236328649341 bcsId: 4410} | ret=SUCCESS |  
2019-08-30 05:17:58,054 | INFO  | DNAudit | user=null | ip=null | op=WRITE_CHUNK {blockData=conID: 3 locID: 102704236328649341 bcsId: 4410} | ret=SUCCESS |  
2019-08-30 05:17:58,056 | INFO  | DNAudit | user=null | ip=null | op=WRITE_CHUNK {blockData=conID: 3 locID: 102704236328649341 bcsId: 4404} | ret=SUCCESS |  
2019-08-30 05:17:58,056 | INFO  | DNAudit | user=null | ip=null | op=WRITE_CHUNK {blockData=conID: 3 locID: 102704236328649341 bcsId: 4404} | ret=SUCCESS |  
2019-08-30 05:17:58,057 | INFO  | DNAudit | user=null | ip=null | op=PUT_BLOCK {blockData=[blockId=conID: 3 locID: 102704236328649341 bcsId: 0,size=3145728]} | ret=SUCCESS |  
2019-08-30 05:17:58,057 | INFO  | DNAudit | user=null | ip=null | op=PUT_BLOCK {blockData=[blockId=conID: 3 locID: 102704236328649341 bcsId: 0,size=3145728]} | ret=SUCCESS |  
2019-08-30 05:17:58,057 | INFO  | DNAudit | user=null | ip=null | op=WRITE_CHUNK {blockData=conID: 3 locID: 102704236328649341 bcsId: 4410} | ret=SUCCESS |  
2019-08-30 05:17:58,058 | INFO  | DNAudit | user=null | ip=null | op=PUT_BLOCK {blockData=[blockId=conID: 3 locID: 102704236328649341 bcsId: 0,size=4194304]} | ret=SUCCESS |  
2019-08-30 05:17:58,058 [grpc-default-executor-6] INFO  client.GrpcClientProtocolClient (GrpcClientProtocolClient.java:onNext(255)) - client-574492D41EE7->134d4672-e322-4e4b-b7f3-5645abb0fe8c: receive RaftClientReply:client-574492D41EE7->134d4672-e322-4e4b-b7f3-5645abb0fe8c@group-3CB1DFFBCDC2, cid=2944, SUCCESS, logIndex=4413, commits[134d4672-e322-4e4b-b7f3-5645abb0fe8c:c4414, 73af84f3-3e88-4c8c-894c-3ad307bcac8d:c4410, 730a25a1-dbec-44ed-975b-a44ab0096beb:c4410]
2019-08-30 05:17:58,058 [grpc-default-executor-6] INFO  client.GrpcClientProtocolClient (GrpcClientProtocolClient.java:onNext(255)) - client-574492D41EE7->134d4672-e322-4e4b-b7f3-5645abb0fe8c: receive RaftClientReply:client-574492D41EE7->134d4672-e322-4e4b-b7f3-5645abb0fe8c@group-3CB1DFFBCDC2, cid=2945, SUCCESS, logIndex=4414, commits[134d4672-e322-4e4b-b7f3-5645abb0fe8c:c4414, 73af84f3-3e88-4c8c-894c-3ad307bcac8d:c4410, 730a25a1-dbec-44ed-975b-a44ab0096beb:c4410]
2019-08-30 05:17:58,069 | INFO  | DNAudit | user=null | ip=null | op=WRITE_CHUNK {blockData=conID: 3 locID: 102704236328649341 bcsId: 4410} | ret=SUCCESS |  
2019-08-30 05:17:58,069 | INFO  | DNAudit | user=null | ip=null | op=WRITE_CHUNK {blockData=conID: 3 locID: 102704236328649341 bcsId: 4410} | ret=SUCCESS |  
2019-08-30 05:17:58,069 | INFO  | DNAudit | user=null | ip=null | op=PUT_BLOCK {blockData=[blockId=conID: 3 locID: 102704236328649341 bcsId: 0,size=4194304]} | ret=SUCCESS |  
2019-08-30 05:17:58,069 [grpc-default-executor-6] INFO  client.GrpcClientProtocolClient (GrpcClientProtocolClient.java:onNext(255)) - client-574492D41EE7->134d4672-e322-4e4b-b7f3-5645abb0fe8c: receive RaftClientReply:client-574492D41EE7->134d4672-e322-4e4b-b7f3-5645abb0fe8c@group-3CB1DFFBCDC2, cid=2946, SUCCESS, logIndex=0, commits[134d4672-e322-4e4b-b7f3-5645abb0fe8c:c4415, 73af84f3-3e88-4c8c-894c-3ad307bcac8d:c4414, 730a25a1-dbec-44ed-975b-a44ab0096beb:c4414]
2019-08-30 05:17:58,070 | INFO  | DNAudit | user=null | ip=null | op=PUT_BLOCK {blockData=[blockId=conID: 3 locID: 102704236328649341 bcsId: 0,size=4194304]} | ret=SUCCESS |  
2019-08-30 05:17:58,211 | INFO  | SCMAudit | user=jenkins1000 | ip=192.168.36.106 | op=ALLOCATE_BLOCK {owner=85755eb5-052d-48fa-b271-2fe4d8754e12, size=4194304, type=RATIS, factor=THREE} | ret=SUCCESS |  
2019-08-30 05:17:58,216 | INFO  | OMAudit | user=jenkins1000 | ip=127.0.0.1 | op=ALLOCATE_BLOCK {volume=vol-0-00977, bucket=bucket-0-44205, key=key-0-32850, dataSize=0, replicationType=null, replicationFactor=null, keyLocationInfo=null, clientID=102704234570776978} | ret=SUCCESS |  
2019-08-30 05:17:58,224 | INFO  | DNAudit | user=null | ip=null | op=WRITE_CHUNK {blockData=conID: 1 locID: 102704236344836734 bcsId: 0} | ret=SUCCESS |  
2019-08-30 05:17:58,226 | INFO  | DNAudit | user=null | ip=null | op=WRITE_CHUNK {blockData=conID: 1 locID: 102704236344836734 bcsId: 0} | ret=SUCCESS |  
2019-08-30 05:17:58,227 | INFO  | DNAudit | user=null | ip=null | op=WRITE_CHUNK {blockData=conID: 1 locID: 102704236344836734 bcsId: 0} | ret=SUCCESS |  
2019-08-30 05:17:58,227 | INFO  | DNAudit | user=null | ip=null | op=WRITE_CHUNK {blockData=conID: 1 locID: 102704236344836734 bcsId: 0} | ret=SUCCESS |  
2019-08-30 05:17:58,229 | INFO  | DNAudit | user=null | ip=null | op=WRITE_CHUNK {blockData=conID: 1 locID: 102704236344836734 bcsId: 0} | ret=SUCCESS |  
2019-08-30 05:17:58,229 | INFO  | DNAudit | user=null | ip=null | op=WRITE_CHUNK {blockData=conID: 1 locID: 102704236344836734 bcsId: 0} | ret=SUCCESS |  
2019-08-30 05:17:58,237 | INFO  | DNAudit | user=null | ip=null | op=WRITE_CHUNK {blockData=conID: 1 locID: 102704236344836734 bcsId: 0} | ret=SUCCESS |  
2019-08-30 05:17:58,237 | INFO  | DNAudit | user=null | ip=null | op=PUT_BLOCK {blockData=[blockId=conID: 1 locID: 102704236344836734 bcsId: 0,size=1048576]} | ret=SUCCESS |  
2019-08-30 05:17:58,238 | INFO  | DNAudit | user=null | ip=null | op=WRITE_CHUNK {blockData=conID: 1 locID: 102704236344836734 bcsId: 0} | ret=SUCCESS |  
2019-08-30 05:17:58,238 [grpc-default-executor-6] INFO  client.GrpcClientProtocolClient (GrpcClientProtocolClient.java:onNext(255)) - client-574492D41EE7->134d4672-e322-4e4b-b7f3-5645abb0fe8c: receive RaftClientReply:client-574492D41EE7->134d4672-e322-4e4b-b7f3-5645abb0fe8c@group-3CB1DFFBCDC2, cid=2947, SUCCESS, logIndex=4417, commits[134d4672-e322-4e4b-b7f3-5645abb0fe8c:c4418, 73af84f3-3e88-4c8c-894c-3ad307bcac8d:c4416, 730a25a1-dbec-44ed-975b-a44ab0096beb:c4416]
2019-08-30 05:17:58,238 | INFO  | DNAudit | user=null | ip=null | op=PUT_BLOCK {blockData=[blockId=conID: 1 locID: 102704236344836734 bcsId: 0,size=2097152]} | ret=SUCCESS |  
2019-08-30 05:17:58,238 [grpc-default-executor-6] INFO  client.GrpcClientProtocolClient (GrpcClientProtocolClient.java:onNext(255)) - client-574492D41EE7->134d4672-e322-4e4b-b7f3-5645abb0fe8c: receive RaftClientReply:client-574492D41EE7->134d4672-e322-4e4b-b7f3-5645abb0fe8c@group-3CB1DFFBCDC2, cid=2948, SUCCESS, logIndex=4418, commits[134d4672-e322-4e4b-b7f3-5645abb0fe8c:c4420, 73af84f3-3e88-4c8c-894c-3ad307bcac8d:c4416, 730a25a1-dbec-44ed-975b-a44ab0096beb:c4416]
2019-08-30 05:17:58,238 [grpc-default-executor-6] INFO  client.GrpcClientProtocolClient (GrpcClientProtocolClient.java:onNext(255)) - client-574492D41EE7->134d4672-e322-4e4b-b7f3-5645abb0fe8c: receive RaftClientReply:client-574492D41EE7->134d4672-e322-4e4b-b7f3-5645abb0fe8c@group-3CB1DFFBCDC2, cid=2949, SUCCESS, logIndex=4419, commits[134d4672-e322-4e4b-b7f3-5645abb0fe8c:c4420, 73af84f3-3e88-4c8c-894c-3ad307bcac8d:c4416, 730a25a1-dbec-44ed-975b-a44ab0096beb:c4416]
2019-08-30 05:17:58,239 [grpc-default-executor-6] INFO  client.GrpcClientProtocolClient (GrpcClientProtocolClient.java:onNext(255)) - client-574492D41EE7->134d4672-e322-4e4b-b7f3-5645abb0fe8c: receive RaftClientReply:client-574492D41EE7->134d4672-e322-4e4b-b7f3-5645abb0fe8c@group-3CB1DFFBCDC2, cid=2950, SUCCESS, logIndex=4420, commits[134d4672-e322-4e4b-b7f3-5645abb0fe8c:c4420, 73af84f3-3e88-4c8c-894c-3ad307bcac8d:c4416, 730a25a1-dbec-44ed-975b-a44ab0096beb:c4416]
2019-08-30 05:17:58,239 | INFO  | DNAudit | user=null | ip=null | op=WRITE_CHUNK {blockData=conID: 1 locID: 102704236344836734 bcsId: 0} | ret=SUCCESS |  
2019-08-30 05:17:58,240 | INFO  | DNAudit | user=null | ip=null | op=PUT_BLOCK {blockData=[blockId=conID: 1 locID: 102704236344836734 bcsId: 0,size=1048576]} | ret=SUCCESS |  
2019-08-30 05:17:58,250 | INFO  | DNAudit | user=null | ip=null | op=WRITE_CHUNK {blockData=conID: 1 locID: 102704236344836734 bcsId: 0} | ret=SUCCESS |  
2019-08-30 05:17:58,251 | INFO  | DNAudit | user=null | ip=null | op=PUT_BLOCK {blockData=[blockId=conID: 1 locID: 102704236344836734 bcsId: 0,size=1048576]} | ret=SUCCESS |  
2019-08-30 05:17:58,251 [grpc-default-executor-6] INFO  client.GrpcClientProtocolClient (GrpcClientProtocolClient.java:onNext(255)) - client-574492D41EE7->134d4672-e322-4e4b-b7f3-5645abb0fe8c: receive RaftClientReply:client-574492D41EE7->134d4672-e322-4e4b-b7f3-5645abb0fe8c@group-3CB1DFFBCDC2, cid=2951, SUCCESS, logIndex=0, commits[134d4672-e322-4e4b-b7f3-5645abb0fe8c:c4421, 73af84f3-3e88-4c8c-894c-3ad307bcac8d:c4418, 730a25a1-dbec-44ed-975b-a44ab0096beb:c4418]
2019-08-30 05:17:58,251 | INFO  | DNAudit | user=null | ip=null | op=WRITE_CHUNK {blockData=conID: 1 locID: 102704236344836734 bcsId: 0} | ret=SUCCESS |  
2019-08-30 05:17:58,251 | INFO  | DNAudit | user=null | ip=null | op=PUT_BLOCK {blockData=[blockId=conID: 1 locID: 102704236344836734 bcsId: 0,size=2097152]} | ret=SUCCESS |  
2019-08-30 05:17:58,252 | INFO  | DNAudit | user=null | ip=null | op=WRITE_CHUNK {blockData=conID: 1 locID: 102704236344836734 bcsId: 0} | ret=SUCCESS |  
2019-08-30 05:17:58,252 | INFO  | DNAudit | user=null | ip=null | op=PUT_BLOCK {blockData=[blockId=conID: 1 locID: 102704236344836734 bcsId: 0,size=2097152]} | ret=SUCCESS |  
2019-08-30 05:17:58,258 | INFO  | DNAudit | user=null | ip=null | op=WRITE_CHUNK {blockData=conID: 1 locID: 102704236344836734 bcsId: 4420} | ret=SUCCESS |  
2019-08-30 05:17:58,260 | INFO  | DNAudit | user=null | ip=null | op=WRITE_CHUNK {blockData=conID: 1 locID: 102704236344836734 bcsId: 4420} | ret=SUCCESS |  
2019-08-30 05:17:58,260 | INFO  | DNAudit | user=null | ip=null | op=WRITE_CHUNK {blockData=conID: 1 locID: 102704236344836734 bcsId: 4420} | ret=SUCCESS |  
2019-08-30 05:17:58,268 | INFO  | DNAudit | user=null | ip=null | op=WRITE_CHUNK {blockData=conID: 1 locID: 102704236344836734 bcsId: 4420} | ret=SUCCESS |  
2019-08-30 05:17:58,269 | INFO  | DNAudit | user=null | ip=null | op=PUT_BLOCK {blockData=[blockId=conID: 1 locID: 102704236344836734 bcsId: 0,size=3145728]} | ret=SUCCESS |  
2019-08-30 05:17:58,269 [grpc-default-executor-6] INFO  client.GrpcClientProtocolClient (GrpcClientProtocolClient.java:onNext(255)) - client-574492D41EE7->134d4672-e322-4e4b-b7f3-5645abb0fe8c: receive RaftClientReply:client-574492D41EE7->134d4672-e322-4e4b-b7f3-5645abb0fe8c@group-3CB1DFFBCDC2, cid=2952, SUCCESS, logIndex=4425, commits[134d4672-e322-4e4b-b7f3-5645abb0fe8c:c4426, 73af84f3-3e88-4c8c-894c-3ad307bcac8d:c4424, 730a25a1-dbec-44ed-975b-a44ab0096beb:c4424]
2019-08-30 05:17:58,269 [grpc-default-executor-6] INFO  client.GrpcClientProtocolClient (GrpcClientProtocolClient.java:onNext(255)) - client-574492D41EE7->134d4672-e322-4e4b-b7f3-5645abb0fe8c: receive RaftClientReply:client-574492D41EE7->134d4672-e322-4e4b-b7f3-5645abb0fe8c@group-3CB1DFFBCDC2, cid=2953, SUCCESS, logIndex=4426, commits[134d4672-e322-4e4b-b7f3-5645abb0fe8c:c4426, 73af84f3-3e88-4c8c-894c-3ad307bcac8d:c4424, 730a25a1-dbec-44ed-975b-a44ab0096beb:c4424]
2019-08-30 05:17:58,276 | INFO  | DNAudit | user=null | ip=null | op=WRITE_CHUNK {blockData=conID: 1 locID: 102704236344836734 bcsId: 4426} | ret=SUCCESS |  
2019-08-30 05:17:58,278 | INFO  | DNAudit | user=null | ip=null | op=WRITE_CHUNK {blockData=conID: 1 locID: 102704236344836734 bcsId: 4426} | ret=SUCCESS |  
2019-08-30 05:17:58,278 | INFO  | DNAudit | user=null | ip=null | op=WRITE_CHUNK {blockData=conID: 1 locID: 102704236344836734 bcsId: 4426} | ret=SUCCESS |  
2019-08-30 05:17:58,280 | INFO  | DNAudit | user=null | ip=null | op=WRITE_CHUNK {blockData=conID: 1 locID: 102704236344836734 bcsId: 4420} | ret=SUCCESS |  
2019-08-30 05:17:58,280 | INFO  | DNAudit | user=null | ip=null | op=WRITE_CHUNK {blockData=conID: 1 locID: 102704236344836734 bcsId: 4420} | ret=SUCCESS |  
2019-08-30 05:17:58,293 | INFO  | DNAudit | user=null | ip=null | op=PUT_BLOCK {blockData=[blockId=conID: 1 locID: 102704236344836734 bcsId: 0,size=3145728]} | ret=SUCCESS |  
2019-08-30 05:17:58,293 | INFO  | DNAudit | user=null | ip=null | op=WRITE_CHUNK {blockData=conID: 1 locID: 102704236344836734 bcsId: 4426} | ret=SUCCESS |  
2019-08-30 05:17:58,293 | INFO  | DNAudit | user=null | ip=null | op=PUT_BLOCK {blockData=[blockId=conID: 1 locID: 102704236344836734 bcsId: 0,size=3145728]} | ret=SUCCESS |  
2019-08-30 05:17:58,294 | INFO  | DNAudit | user=null | ip=null | op=PUT_BLOCK {blockData=[blockId=conID: 1 locID: 102704236344836734 bcsId: 0,size=4194304]} | ret=SUCCESS |  
2019-08-30 05:17:58,294 [grpc-default-executor-1] INFO  client.GrpcClientProtocolClient (GrpcClientProtocolClient.java:onNext(255)) - client-574492D41EE7->134d4672-e322-4e4b-b7f3-5645abb0fe8c: receive RaftClientReply:client-574492D41EE7->134d4672-e322-4e4b-b7f3-5645abb0fe8c@group-3CB1DFFBCDC2, cid=2954, SUCCESS, logIndex=4429, commits[134d4672-e322-4e4b-b7f3-5645abb0fe8c:c4430, 73af84f3-3e88-4c8c-894c-3ad307bcac8d:c4426, 730a25a1-dbec-44ed-975b-a44ab0096beb:c4425]
2019-08-30 05:17:58,294 [grpc-default-executor-1] INFO  client.GrpcClientProtocolClient (GrpcClientProtocolClient.java:onNext(255)) - client-574492D41EE7->134d4672-e322-4e4b-b7f3-5645abb0fe8c: receive RaftClientReply:client-574492D41EE7->134d4672-e322-4e4b-b7f3-5645abb0fe8c@group-3CB1DFFBCDC2, cid=2955, SUCCESS, logIndex=4430, commits[134d4672-e322-4e4b-b7f3-5645abb0fe8c:c4430, 73af84f3-3e88-4c8c-894c-3ad307bcac8d:c4426, 730a25a1-dbec-44ed-975b-a44ab0096beb:c4426]
2019-08-30 05:17:58,307 | INFO  | DNAudit | user=null | ip=null | op=WRITE_CHUNK {blockData=conID: 1 locID: 102704236344836734 bcsId: 4426} | ret=SUCCESS |  
2019-08-30 05:17:58,307 | INFO  | DNAudit | user=null | ip=null | op=WRITE_CHUNK {blockData=conID: 1 locID: 102704236344836734 bcsId: 4426} | ret=SUCCESS |  
2019-08-30 05:17:58,308 | INFO  | DNAudit | user=null | ip=null | op=PUT_BLOCK {blockData=[blockId=conID: 1 locID: 102704236344836734 bcsId: 0,size=4194304]} | ret=SUCCESS |  
2019-08-30 05:17:58,308 | INFO  | DNAudit | user=null | ip=null | op=PUT_BLOCK {blockData=[blockId=conID: 1 locID: 102704236344836734 bcsId: 0,size=4194304]} | ret=SUCCESS |  
2019-08-30 05:17:58,309 [grpc-default-executor-1] INFO  client.GrpcClientProtocolClient (GrpcClientProtocolClient.java:onNext(255)) - client-574492D41EE7->134d4672-e322-4e4b-b7f3-5645abb0fe8c: receive RaftClientReply:client-574492D41EE7->134d4672-e322-4e4b-b7f3-5645abb0fe8c@group-3CB1DFFBCDC2, cid=2956, SUCCESS, logIndex=0, commits[134d4672-e322-4e4b-b7f3-5645abb0fe8c:c4432, 73af84f3-3e88-4c8c-894c-3ad307bcac8d:c4430, 730a25a1-dbec-44ed-975b-a44ab0096beb:c4430]
2019-08-30 05:17:58,314 | INFO  | SCMAudit | user=jenkins1000 | ip=192.168.36.106 | op=ALLOCATE_BLOCK {owner=85755eb5-052d-48fa-b271-2fe4d8754e12, size=4194304, type=RATIS, factor=THREE} | ret=SUCCESS |  
2019-08-30 05:17:58,317 | INFO  | OMAudit | user=jenkins1000 | ip=127.0.0.1 | op=ALLOCATE_BLOCK {volume=vol-0-00977, bucket=bucket-0-44205, key=key-0-32850, dataSize=0, replicationType=null, replicationFactor=null, keyLocationInfo=null, clientID=102704234570776978} | ret=SUCCESS |  
2019-08-30 05:17:58,324 | INFO  | DNAudit | user=null | ip=null | op=WRITE_CHUNK {blockData=conID: 2 locID: 102704236351586943 bcsId: 0} | ret=SUCCESS |  
2019-08-30 05:17:58,327 | INFO  | DNAudit | user=null | ip=null | op=WRITE_CHUNK {blockData=conID: 2 locID: 102704236351586943 bcsId: 0} | ret=SUCCESS |  
2019-08-30 05:17:58,328 | INFO  | DNAudit | user=null | ip=null | op=WRITE_CHUNK {blockData=conID: 2 locID: 102704236351586943 bcsId: 0} | ret=SUCCESS |  
2019-08-30 05:17:58,328 | INFO  | DNAudit | user=null | ip=null | op=WRITE_CHUNK {blockData=conID: 2 locID: 102704236351586943 bcsId: 0} | ret=SUCCESS |  
2019-08-30 05:17:58,330 | INFO  | DNAudit | user=null | ip=null | op=WRITE_CHUNK {blockData=conID: 2 locID: 102704236351586943 bcsId: 0} | ret=SUCCESS |  
2019-08-30 05:17:58,330 | INFO  | DNAudit | user=null | ip=null | op=WRITE_CHUNK {blockData=conID: 2 locID: 102704236351586943 bcsId: 0} | ret=SUCCESS |  
2019-08-30 05:17:58,337 | INFO  | DNAudit | user=null | ip=null | op=WRITE_CHUNK {blockData=conID: 2 locID: 102704236351586943 bcsId: 0} | ret=SUCCESS |  
2019-08-30 05:17:58,337 | INFO  | DNAudit | user=null | ip=null | op=PUT_BLOCK {blockData=[blockId=conID: 2 locID: 102704236351586943 bcsId: 0,size=1048576]} | ret=SUCCESS |  
2019-08-30 05:17:58,337 [grpc-default-executor-1] INFO  client.GrpcClientProtocolClient (GrpcClientProtocolClient.java:onNext(255)) - client-574492D41EE7->134d4672-e322-4e4b-b7f3-5645abb0fe8c: receive RaftClientReply:client-574492D41EE7->134d4672-e322-4e4b-b7f3-5645abb0fe8c@group-3CB1DFFBCDC2, cid=2957, SUCCESS, logIndex=4433, commits[134d4672-e322-4e4b-b7f3-5645abb0fe8c:c4434, 73af84f3-3e88-4c8c-894c-3ad307bcac8d:c4432, 730a25a1-dbec-44ed-975b-a44ab0096beb:c4432]
2019-08-30 05:17:58,337 | INFO  | DNAudit | user=null | ip=null | op=WRITE_CHUNK {blockData=conID: 2 locID: 102704236351586943 bcsId: 0} | ret=SUCCESS |  
2019-08-30 05:17:58,338 [grpc-default-executor-1] INFO  client.GrpcClientProtocolClient (GrpcClientProtocolClient.java:onNext(255)) - client-574492D41EE7->134d4672-e322-4e4b-b7f3-5645abb0fe8c: receive RaftClientReply:client-574492D41EE7->134d4672-e322-4e4b-b7f3-5645abb0fe8c@group-3CB1DFFBCDC2, cid=2958, SUCCESS, logIndex=4434, commits[134d4672-e322-4e4b-b7f3-5645abb0fe8c:c4434, 73af84f3-3e88-4c8c-894c-3ad307bcac8d:c4432, 730a25a1-dbec-44ed-975b-a44ab0096beb:c4432]
2019-08-30 05:17:58,338 | INFO  | DNAudit | user=null | ip=null | op=PUT_BLOCK {blockData=[blockId=conID: 2 locID: 102704236351586943 bcsId: 0,size=2097152]} | ret=SUCCESS |  
2019-08-30 05:17:58,338 [grpc-default-executor-1] INFO  client.GrpcClientProtocolClient (GrpcClientProtocolClient.java:onNext(255)) - client-574492D41EE7->134d4672-e322-4e4b-b7f3-5645abb0fe8c: receive RaftClientReply:client-574492D41EE7->134d4672-e322-4e4b-b7f3-5645abb0fe8c@group-3CB1DFFBCDC2, cid=2959, SUCCESS, logIndex=4435, commits[134d4672-e322-4e4b-b7f3-5645abb0fe8c:c4436, 73af84f3-3e88-4c8c-894c-3ad307bcac8d:c4432, 730a25a1-dbec-44ed-975b-a44ab0096beb:c4432]
2019-08-30 05:17:58,338 [grpc-default-executor-1] INFO  client.GrpcClientProtocolClient (GrpcClientProtocolClient.java:onNext(255)) - client-574492D41EE7->134d4672-e322-4e4b-b7f3-5645abb0fe8c: receive RaftClientReply:client-574492D41EE7->134d4672-e322-4e4b-b7f3-5645abb0fe8c@group-3CB1DFFBCDC2, cid=2960, SUCCESS, logIndex=4436, commits[134d4672-e322-4e4b-b7f3-5645abb0fe8c:c4436, 73af84f3-3e88-4c8c-894c-3ad307bcac8d:c4432, 730a25a1-dbec-44ed-975b-a44ab0096beb:c4432]
2019-08-30 05:17:58,349 | INFO  | DNAudit | user=null | ip=null | op=WRITE_CHUNK {blockData=conID: 2 locID: 102704236351586943 bcsId: 0} | ret=SUCCESS |  
2019-08-30 05:17:58,350 | INFO  | DNAudit | user=null | ip=null | op=PUT_BLOCK {blockData=[blockId=conID: 2 locID: 102704236351586943 bcsId: 0,size=1048576]} | ret=SUCCESS |  
2019-08-30 05:17:58,351 | INFO  | DNAudit | user=null | ip=null | op=WRITE_CHUNK {blockData=conID: 2 locID: 102704236351586943 bcsId: 0} | ret=SUCCESS |  
2019-08-30 05:17:58,351 | INFO  | DNAudit | user=null | ip=null | op=PUT_BLOCK {blockData=[blockId=conID: 2 locID: 102704236351586943 bcsId: 0,size=1048576]} | ret=SUCCESS |  
2019-08-30 05:17:58,351 | INFO  | DNAudit | user=null | ip=null | op=WRITE_CHUNK {blockData=conID: 2 locID: 102704236351586943 bcsId: 0} | ret=SUCCESS |  
2019-08-30 05:17:58,351 | INFO  | DNAudit | user=null | ip=null | op=PUT_BLOCK {blockData=[blockId=conID: 2 locID: 102704236351586943 bcsId: 0,size=2097152]} | ret=SUCCESS |  
2019-08-30 05:17:58,351 [grpc-default-executor-1] INFO  client.GrpcClientProtocolClient (GrpcClientProtocolClient.java:onNext(255)) - client-574492D41EE7->134d4672-e322-4e4b-b7f3-5645abb0fe8c: receive RaftClientReply:client-574492D41EE7->134d4672-e322-4e4b-b7f3-5645abb0fe8c@group-3CB1DFFBCDC2, cid=2961, SUCCESS, logIndex=0, commits[134d4672-e322-4e4b-b7f3-5645abb0fe8c:c4438, 73af84f3-3e88-4c8c-894c-3ad307bcac8d:c4434, 730a25a1-dbec-44ed-975b-a44ab0096beb:c4434]
2019-08-30 05:17:58,352 | INFO  | DNAudit | user=null | ip=null | op=WRITE_CHUNK {blockData=conID: 2 locID: 102704236351586943 bcsId: 0} | ret=SUCCESS |  
2019-08-30 05:17:58,352 | INFO  | DNAudit | user=null | ip=null | op=PUT_BLOCK {blockData=[blockId=conID: 2 locID: 102704236351586943 bcsId: 0,size=2097152]} | ret=SUCCESS |  
2019-08-30 05:17:58,358 | INFO  | DNAudit | user=null | ip=null | op=WRITE_CHUNK {blockData=conID: 2 locID: 102704236351586943 bcsId: 4436} | ret=SUCCESS |  
2019-08-30 05:17:58,360 | INFO  | DNAudit | user=null | ip=null | op=WRITE_CHUNK {blockData=conID: 2 locID: 102704236351586943 bcsId: 4436} | ret=SUCCESS |  
2019-08-30 05:17:58,360 | INFO  | DNAudit | user=null | ip=null | op=WRITE_CHUNK {blockData=conID: 2 locID: 102704236351586943 bcsId: 4436} | ret=SUCCESS |  
2019-08-30 05:17:58,370 | INFO  | DNAudit | user=null | ip=null | op=WRITE_CHUNK {blockData=conID: 2 locID: 102704236351586943 bcsId: 4436} | ret=SUCCESS |  
2019-08-30 05:17:58,371 | INFO  | DNAudit | user=null | ip=null | op=PUT_BLOCK {blockData=[blockId=conID: 2 locID: 102704236351586943 bcsId: 0,size=3145728]} | ret=SUCCESS |  
2019-08-30 05:17:58,371 [grpc-default-executor-1] INFO  client.GrpcClientProtocolClient (GrpcClientProtocolClient.java:onNext(255)) - client-574492D41EE7->134d4672-e322-4e4b-b7f3-5645abb0fe8c: receive RaftClientReply:client-574492D41EE7->134d4672-e322-4e4b-b7f3-5645abb0fe8c@group-3CB1DFFBCDC2, cid=2962, SUCCESS, logIndex=4441, commits[134d4672-e322-4e4b-b7f3-5645abb0fe8c:c4442, 73af84f3-3e88-4c8c-894c-3ad307bcac8d:c4440, 730a25a1-dbec-44ed-975b-a44ab0096beb:c4440]
2019-08-30 05:17:58,371 [grpc-default-executor-1] INFO  client.GrpcClientProtocolClient (GrpcClientProtocolClient.java:onNext(255)) - client-574492D41EE7->134d4672-e322-4e4b-b7f3-5645abb0fe8c: receive RaftClientReply:client-574492D41EE7->134d4672-e322-4e4b-b7f3-5645abb0fe8c@group-3CB1DFFBCDC2, cid=2963, SUCCESS, logIndex=4442, commits[134d4672-e322-4e4b-b7f3-5645abb0fe8c:c4442, 73af84f3-3e88-4c8c-894c-3ad307bcac8d:c4440, 730a25a1-dbec-44ed-975b-a44ab0096beb:c4440]
2019-08-30 05:17:58,377 | INFO  | DNAudit | user=null | ip=null | op=WRITE_CHUNK {blockData=conID: 2 locID: 102704236351586943 bcsId: 4442} | ret=SUCCESS |  
2019-08-30 05:17:58,381 | INFO  | DNAudit | user=null | ip=null | op=WRITE_CHUNK {blockData=conID: 2 locID: 102704236351586943 bcsId: 4442} | ret=SUCCESS |  
2019-08-30 05:17:58,381 | INFO  | DNAudit | user=null | ip=null | op=WRITE_CHUNK {blockData=conID: 2 locID: 102704236351586943 bcsId: 4442} | ret=SUCCESS |  
2019-08-30 05:17:58,382 | INFO  | DNAudit | user=null | ip=null | op=WRITE_CHUNK {blockData=conID: 2 locID: 102704236351586943 bcsId: 4436} | ret=SUCCESS |  
2019-08-30 05:17:58,382 | INFO  | DNAudit | user=null | ip=null | op=WRITE_CHUNK {blockData=conID: 2 locID: 102704236351586943 bcsId: 4436} | ret=SUCCESS |  
2019-08-30 05:17:58,382 | INFO  | DNAudit | user=null | ip=null | op=PUT_BLOCK {blockData=[blockId=conID: 2 locID: 102704236351586943 bcsId: 0,size=3145728]} | ret=SUCCESS |  
2019-08-30 05:17:58,382 | INFO  | DNAudit | user=null | ip=null | op=PUT_BLOCK {blockData=[blockId=conID: 2 locID: 102704236351586943 bcsId: 0,size=3145728]} | ret=SUCCESS |  
2019-08-30 05:17:58,385 | INFO  | DNAudit | user=null | ip=null | op=WRITE_CHUNK {blockData=conID: 2 locID: 102704236351586943 bcsId: 4442} | ret=SUCCESS |  
2019-08-30 05:17:58,385 | INFO  | DNAudit | user=null | ip=null | op=PUT_BLOCK {blockData=[blockId=conID: 2 locID: 102704236351586943 bcsId: 0,size=4194304]} | ret=SUCCESS |  
2019-08-30 05:17:58,385 [grpc-default-executor-1] INFO  client.GrpcClientProtocolClient (GrpcClientProtocolClient.java:onNext(255)) - client-574492D41EE7->134d4672-e322-4e4b-b7f3-5645abb0fe8c: receive RaftClientReply:client-574492D41EE7->134d4672-e322-4e4b-b7f3-5645abb0fe8c@group-3CB1DFFBCDC2, cid=2964, SUCCESS, logIndex=4445, commits[134d4672-e322-4e4b-b7f3-5645abb0fe8c:c4446, 73af84f3-3e88-4c8c-894c-3ad307bcac8d:c4442, 730a25a1-dbec-44ed-975b-a44ab0096beb:c4442]
2019-08-30 05:17:58,386 [grpc-default-executor-1] INFO  client.GrpcClientProtocolClient (GrpcClientProtocolClient.java:onNext(255)) - client-574492D41EE7->134d4672-e322-4e4b-b7f3-5645abb0fe8c: receive RaftClientReply:client-574492D41EE7->134d4672-e322-4e4b-b7f3-5645abb0fe8c@group-3CB1DFFBCDC2, cid=2965, SUCCESS, logIndex=4446, commits[134d4672-e322-4e4b-b7f3-5645abb0fe8c:c4446, 73af84f3-3e88-4c8c-894c-3ad307bcac8d:c4442, 730a25a1-dbec-44ed-975b-a44ab0096beb:c4442]
2019-08-30 05:17:58,398 | INFO  | DNAudit | user=null | ip=null | op=WRITE_CHUNK {blockData=conID: 2 locID: 102704236351586943 bcsId: 4442} | ret=SUCCESS |  
2019-08-30 05:17:58,398 | INFO  | DNAudit | user=null | ip=null | op=WRITE_CHUNK {blockData=conID: 2 locID: 102704236351586943 bcsId: 4442} | ret=SUCCESS |  
2019-08-30 05:17:58,398 | INFO  | DNAudit | user=null | ip=null | op=PUT_BLOCK {blockData=[blockId=conID: 2 locID: 102704236351586943 bcsId: 0,size=4194304]} | ret=SUCCESS |  
2019-08-30 05:17:58,398 | INFO  | DNAudit | user=null | ip=null | op=PUT_BLOCK {blockData=[blockId=conID: 2 locID: 102704236351586943 bcsId: 0,size=4194304]} | ret=SUCCESS |  
2019-08-30 05:17:58,398 [grpc-default-executor-6] INFO  client.GrpcClientProtocolClient (GrpcClientProtocolClient.java:onNext(255)) - client-574492D41EE7->134d4672-e322-4e4b-b7f3-5645abb0fe8c: receive RaftClientReply:client-574492D41EE7->134d4672-e322-4e4b-b7f3-5645abb0fe8c@group-3CB1DFFBCDC2, cid=2966, SUCCESS, logIndex=0, commits[134d4672-e322-4e4b-b7f3-5645abb0fe8c:c4446, 73af84f3-3e88-4c8c-894c-3ad307bcac8d:c4446, 730a25a1-dbec-44ed-975b-a44ab0096beb:c4446]
2019-08-30 05:17:58,403 | INFO  | SCMAudit | user=jenkins1000 | ip=192.168.36.106 | op=ALLOCATE_BLOCK {owner=85755eb5-052d-48fa-b271-2fe4d8754e12, size=4194304, type=RATIS, factor=THREE} | ret=SUCCESS |  
2019-08-30 05:17:58,406 | INFO  | OMAudit | user=jenkins1000 | ip=127.0.0.1 | op=ALLOCATE_BLOCK {volume=vol-0-00977, bucket=bucket-0-44205, key=key-0-32850, dataSize=0, replicationType=null, replicationFactor=null, keyLocationInfo=null, clientID=102704234570776978} | ret=SUCCESS |  
2019-08-30 05:17:58,413 | INFO  | DNAudit | user=null | ip=null | op=WRITE_CHUNK {blockData=conID: 3 locID: 102704236357419648 bcsId: 0} | ret=SUCCESS |  
2019-08-30 05:17:58,413 | INFO  | SCMAudit | user=jenkins1000 | ip=192.168.36.106 | op=SEND_HEARTBEAT {datanodeUUID=ea5d4b6b-4a08-401a-8c59-ecc1ca37daf5, command=[]} | ret=SUCCESS |  
2019-08-30 05:17:58,413 | INFO  | SCMAudit | user=jenkins1000 | ip=192.168.36.106 | op=SEND_HEARTBEAT {datanodeUUID=730a25a1-dbec-44ed-975b-a44ab0096beb, command=[]} | ret=SUCCESS |  
 0.00% |█                                                                                                    |  0/1 Time: 0:00:272019-08-30 05:17:58,415 | INFO  | SCMAudit | user=jenkins1000 | ip=192.168.36.106 | op=SEND_HEARTBEAT {datanodeUUID=134d4672-e322-4e4b-b7f3-5645abb0fe8c, command=[]} | ret=SUCCESS |  
2019-08-30 05:17:58,415 | INFO  | SCMAudit | user=jenkins1000 | ip=192.168.36.106 | op=SEND_HEARTBEAT {datanodeUUID=73af84f3-3e88-4c8c-894c-3ad307bcac8d, command=[]} | ret=SUCCESS |  
2019-08-30 05:17:58,415 | INFO  | DNAudit | user=null | ip=null | op=WRITE_CHUNK {blockData=conID: 3 locID: 102704236357419648 bcsId: 0} | ret=SUCCESS |  
2019-08-30 05:17:58,415 | INFO  | DNAudit | user=null | ip=null | op=WRITE_CHUNK {blockData=conID: 3 locID: 102704236357419648 bcsId: 0} | ret=SUCCESS |  
2019-08-30 05:17:58,415 | INFO  | DNAudit | user=null | ip=null | op=WRITE_CHUNK {blockData=conID: 3 locID: 102704236357419648 bcsId: 0} | ret=SUCCESS |  
2019-08-30 05:17:58,416 | INFO  | DNAudit | user=null | ip=null | op=WRITE_CHUNK {blockData=conID: 3 locID: 102704236357419648 bcsId: 0} | ret=SUCCESS |  
2019-08-30 05:17:58,417 | INFO  | DNAudit | user=null | ip=null | op=WRITE_CHUNK {blockData=conID: 3 locID: 102704236357419648 bcsId: 0} | ret=SUCCESS |  
2019-08-30 05:17:58,427 | INFO  | DNAudit | user=null | ip=null | op=WRITE_CHUNK {blockData=conID: 3 locID: 102704236357419648 bcsId: 0} | ret=SUCCESS |  
2019-08-30 05:17:58,427 | INFO  | DNAudit | user=null | ip=null | op=PUT_BLOCK {blockData=[blockId=conID: 3 locID: 102704236357419648 bcsId: 0,size=1048576]} | ret=SUCCESS |  
2019-08-30 05:17:58,428 [grpc-default-executor-5] INFO  client.GrpcClientProtocolClient (GrpcClientProtocolClient.java:onNext(255)) - client-574492D41EE7->134d4672-e322-4e4b-b7f3-5645abb0fe8c: receive RaftClientReply:client-574492D41EE7->134d4672-e322-4e4b-b7f3-5645abb0fe8c@group-3CB1DFFBCDC2, cid=2967, SUCCESS, logIndex=4449, commits[134d4672-e322-4e4b-b7f3-5645abb0fe8c:c4450, 73af84f3-3e88-4c8c-894c-3ad307bcac8d:c4448, 730a25a1-dbec-44ed-975b-a44ab0096beb:c4448]
2019-08-30 05:17:58,428 [grpc-default-executor-5] INFO  client.GrpcClientProtocolClient (GrpcClientProtocolClient.java:onNext(255)) - client-574492D41EE7->134d4672-e322-4e4b-b7f3-5645abb0fe8c: receive RaftClientReply:client-574492D41EE7->134d4672-e322-4e4b-b7f3-5645abb0fe8c@group-3CB1DFFBCDC2, cid=2968, SUCCESS, logIndex=4450, commits[134d4672-e322-4e4b-b7f3-5645abb0fe8c:c4450, 73af84f3-3e88-4c8c-894c-3ad307bcac8d:c4448, 730a25a1-dbec-44ed-975b-a44ab0096beb:c4448]
2019-08-30 05:17:58,437 | INFO  | DNAudit | user=null | ip=null | op=WRITE_CHUNK {blockData=conID: 3 locID: 102704236357419648 bcsId: 0} | ret=SUCCESS |  
2019-08-30 05:17:58,438 | INFO  | DNAudit | user=null | ip=null | op=PUT_BLOCK {blockData=[blockId=conID: 3 locID: 102704236357419648 bcsId: 0,size=2097152]} | ret=SUCCESS |  
2019-08-30 05:17:58,438 [grpc-default-executor-5] INFO  client.GrpcClientProtocolClient (GrpcClientProtocolClient.java:onNext(255)) - client-574492D41EE7->134d4672-e322-4e4b-b7f3-5645abb0fe8c: receive RaftClientReply:client-574492D41EE7->134d4672-e322-4e4b-b7f3-5645abb0fe8c@group-3CB1DFFBCDC2, cid=2969, SUCCESS, logIndex=4451, commits[134d4672-e322-4e4b-b7f3-5645abb0fe8c:c4452, 73af84f3-3e88-4c8c-894c-3ad307bcac8d:c4448, 730a25a1-dbec-44ed-975b-a44ab0096beb:c4448]
2019-08-30 05:17:58,438 [grpc-default-executor-5] INFO  client.GrpcClientProtocolClient (GrpcClientProtocolClient.java:onNext(255)) - client-574492D41EE7->134d4672-e322-4e4b-b7f3-5645abb0fe8c: receive RaftClientReply:client-574492D41EE7->134d4672-e322-4e4b-b7f3-5645abb0fe8c@group-3CB1DFFBCDC2, cid=2970, SUCCESS, logIndex=4452, commits[134d4672-e322-4e4b-b7f3-5645abb0fe8c:c4452, 73af84f3-3e88-4c8c-894c-3ad307bcac8d:c4448, 730a25a1-dbec-44ed-975b-a44ab0096beb:c4448]
2019-08-30 05:17:58,440 | INFO  | DNAudit | user=null | ip=null | op=WRITE_CHUNK {blockData=conID: 3 locID: 102704236357419648 bcsId: 0} | ret=SUCCESS |  
2019-08-30 05:17:58,440 | INFO  | DNAudit | user=null | ip=null | op=WRITE_CHUNK {blockData=conID: 3 locID: 102704236357419648 bcsId: 0} | ret=SUCCESS |  
2019-08-30 05:17:58,440 | INFO  | DNAudit | user=null | ip=null | op=PUT_BLOCK {blockData=[blockId=conID: 3 locID: 102704236357419648 bcsId: 0,size=1048576]} | ret=SUCCESS |  
2019-08-30 05:17:58,440 | INFO  | DNAudit | user=null | ip=null | op=PUT_BLOCK {blockData=[blockId=conID: 3 locID: 102704236357419648 bcsId: 0,size=1048576]} | ret=SUCCESS |  
2019-08-30 05:17:58,440 [grpc-default-executor-5] INFO  client.GrpcClientProtocolClient (GrpcClientProtocolClient.java:onNext(255)) - client-574492D41EE7->134d4672-e322-4e4b-b7f3-5645abb0fe8c: receive RaftClientReply:client-574492D41EE7->134d4672-e322-4e4b-b7f3-5645abb0fe8c@group-3CB1DFFBCDC2, cid=2971, SUCCESS, logIndex=0, commits[134d4672-e322-4e4b-b7f3-5645abb0fe8c:c4452, 73af84f3-3e88-4c8c-894c-3ad307bcac8d:c4450, 730a25a1-dbec-44ed-975b-a44ab0096beb:c4450]
2019-08-30 05:17:58,446 | INFO  | DNAudit | user=null | ip=null | op=WRITE_CHUNK {blockData=conID: 3 locID: 102704236357419648 bcsId: 4452} | ret=SUCCESS |  
2019-08-30 05:17:58,447 | INFO  | DNAudit | user=null | ip=null | op=WRITE_CHUNK {blockData=conID: 3 locID: 102704236357419648 bcsId: 4452} | ret=SUCCESS |  
2019-08-30 05:17:58,447 | INFO  | DNAudit | user=null | ip=null | op=WRITE_CHUNK {blockData=conID: 3 locID: 102704236357419648 bcsId: 4452} | ret=SUCCESS |  
2019-08-30 05:17:58,452 | INFO  | DNAudit | user=null | ip=null | op=WRITE_CHUNK {blockData=conID: 3 locID: 102704236357419648 bcsId: 0} | ret=SUCCESS |  
2019-08-30 05:17:58,453 | INFO  | DNAudit | user=null | ip=null | op=PUT_BLOCK {blockData=[blockId=conID: 3 locID: 102704236357419648 bcsId: 0,size=2097152]} | ret=SUCCESS |  
2019-08-30 05:17:58,453 | INFO  | DNAudit | user=null | ip=null | op=WRITE_CHUNK {blockData=conID: 3 locID: 102704236357419648 bcsId: 4452} | ret=SUCCESS |  
2019-08-30 05:17:58,453 | INFO  | DNAudit | user=null | ip=null | op=WRITE_CHUNK {blockData=conID: 3 locID: 102704236357419648 bcsId: 0} | ret=SUCCESS |  
2019-08-30 05:17:58,453 | INFO  | DNAudit | user=null | ip=null | op=PUT_BLOCK {blockData=[blockId=conID: 3 locID: 102704236357419648 bcsId: 0,size=3145728]} | ret=SUCCESS |  
2019-08-30 05:17:58,453 | INFO  | DNAudit | user=null | ip=null | op=PUT_BLOCK {blockData=[blockId=conID: 3 locID: 102704236357419648 bcsId: 0,size=2097152]} | ret=SUCCESS |  
2019-08-30 05:17:58,453 [grpc-default-executor-5] INFO  client.GrpcClientProtocolClient (GrpcClientProtocolClient.java:onNext(255)) - client-574492D41EE7->134d4672-e322-4e4b-b7f3-5645abb0fe8c: receive RaftClientReply:client-574492D41EE7->134d4672-e322-4e4b-b7f3-5645abb0fe8c@group-3CB1DFFBCDC2, cid=2972, SUCCESS, logIndex=4456, commits[134d4672-e322-4e4b-b7f3-5645abb0fe8c:c4457, 73af84f3-3e88-4c8c-894c-3ad307bcac8d:c4450, 730a25a1-dbec-44ed-975b-a44ab0096beb:c4452]
2019-08-30 05:17:58,454 [grpc-default-executor-5] INFO  client.GrpcClientProtocolClient (GrpcClientProtocolClient.java:onNext(255)) - client-574492D41EE7->134d4672-e322-4e4b-b7f3-5645abb0fe8c: receive RaftClientReply:client-574492D41EE7->134d4672-e322-4e4b-b7f3-5645abb0fe8c@group-3CB1DFFBCDC2, cid=2973, SUCCESS, logIndex=4457, commits[134d4672-e322-4e4b-b7f3-5645abb0fe8c:c4457, 73af84f3-3e88-4c8c-894c-3ad307bcac8d:c4450, 730a25a1-dbec-44ed-975b-a44ab0096beb:c4452]
2019-08-30 05:17:58,454 [grpc-default-executor-5] INFO  client.GrpcClientProtocolClient (GrpcClientProtocolClient.java:onNext(255)) - client-574492D41EE7->134d4672-e322-4e4b-b7f3-5645abb0fe8c: receive RaftClientReply:client-574492D41EE7->134d4672-e322-4e4b-b7f3-5645abb0fe8c@group-3CB1DFFBCDC2, cid=2974, SUCCESS, logIndex=0, commits[134d4672-e322-4e4b-b7f3-5645abb0fe8c:c4457, 73af84f3-3e88-4c8c-894c-3ad307bcac8d:c4452, 730a25a1-dbec-44ed-975b-a44ab0096beb:c4452]
2019-08-30 05:17:58,456 | INFO  | DNAudit | user=null | ip=null | op=WRITE_CHUNK {blockData=conID: 3 locID: 102704236357419648 bcsId: 4452} | ret=SUCCESS |  
2019-08-30 05:17:58,456 | INFO  | DNAudit | user=null | ip=null | op=WRITE_CHUNK {blockData=conID: 3 locID: 102704236357419648 bcsId: 4452} | ret=SUCCESS |  
2019-08-30 05:17:58,456 | INFO  | DNAudit | user=null | ip=null | op=PUT_BLOCK {blockData=[blockId=conID: 3 locID: 102704236357419648 bcsId: 0,size=3145728]} | ret=SUCCESS |  
2019-08-30 05:17:58,456 | INFO  | DNAudit | user=null | ip=null | op=PUT_BLOCK {blockData=[blockId=conID: 3 locID: 102704236357419648 bcsId: 0,size=3145728]} | ret=SUCCESS |  
2019-08-30 05:17:58,460 | INFO  | DNAudit | user=null | ip=null | op=WRITE_CHUNK {blockData=conID: 3 locID: 102704236357419648 bcsId: 4457} | ret=SUCCESS |  
2019-08-30 05:17:58,461 | INFO  | DNAudit | user=null | ip=null | op=WRITE_CHUNK {blockData=conID: 3 locID: 102704236357419648 bcsId: 4457} | ret=SUCCESS |  
2019-08-30 05:17:58,462 | INFO  | DNAudit | user=null | ip=null | op=WRITE_CHUNK {blockData=conID: 3 locID: 102704236357419648 bcsId: 4457} | ret=SUCCESS |  
2019-08-30 05:17:58,473 | INFO  | DNAudit | user=null | ip=null | op=WRITE_CHUNK {blockData=conID: 3 locID: 102704236357419648 bcsId: 4457} | ret=SUCCESS |  
2019-08-30 05:17:58,474 | INFO  | DNAudit | user=null | ip=null | op=PUT_BLOCK {blockData=[blockId=conID: 3 locID: 102704236357419648 bcsId: 0,size=4194304]} | ret=SUCCESS |  
2019-08-30 05:17:58,474 [grpc-default-executor-6] INFO  client.GrpcClientProtocolClient (GrpcClientProtocolClient.java:onNext(255)) - client-574492D41EE7->134d4672-e322-4e4b-b7f3-5645abb0fe8c: receive RaftClientReply:client-574492D41EE7->134d4672-e322-4e4b-b7f3-5645abb0fe8c@group-3CB1DFFBCDC2, cid=2975, SUCCESS, logIndex=4459, commits[134d4672-e322-4e4b-b7f3-5645abb0fe8c:c4460, 73af84f3-3e88-4c8c-894c-3ad307bcac8d:c4458, 730a25a1-dbec-44ed-975b-a44ab0096beb:c4458]
2019-08-30 05:17:58,474 [grpc-default-executor-6] INFO  client.GrpcClientProtocolClient (GrpcClientProtocolClient.java:onNext(255)) - client-574492D41EE7->134d4672-e322-4e4b-b7f3-5645abb0fe8c: receive RaftClientReply:client-574492D41EE7->134d4672-e322-4e4b-b7f3-5645abb0fe8c@group-3CB1DFFBCDC2, cid=2976, SUCCESS, logIndex=4460, commits[134d4672-e322-4e4b-b7f3-5645abb0fe8c:c4460, 73af84f3-3e88-4c8c-894c-3ad307bcac8d:c4458, 730a25a1-dbec-44ed-975b-a44ab0096beb:c4458]
2019-08-30 05:17:58,485 | INFO  | DNAudit | user=null | ip=null | op=WRITE_CHUNK {blockData=conID: 3 locID: 102704236357419648 bcsId: 4457} | ret=SUCCESS |  
2019-08-30 05:17:58,485 | INFO  | DNAudit | user=null | ip=null | op=WRITE_CHUNK {blockData=conID: 3 locID: 102704236357419648 bcsId: 4457} | ret=SUCCESS |  
2019-08-30 05:17:58,487 | INFO  | DNAudit | user=null | ip=null | op=PUT_BLOCK {blockData=[blockId=conID: 3 locID: 102704236357419648 bcsId: 0,size=4194304]} | ret=SUCCESS |  
2019-08-30 05:17:58,487 | INFO  | DNAudit | user=null | ip=null | op=PUT_BLOCK {blockData=[blockId=conID: 3 locID: 102704236357419648 bcsId: 0,size=4194304]} | ret=SUCCESS |  
2019-08-30 05:17:58,487 [grpc-default-executor-6] INFO  client.GrpcClientProtocolClient (GrpcClientProtocolClient.java:onNext(255)) - client-574492D41EE7->134d4672-e322-4e4b-b7f3-5645abb0fe8c: receive RaftClientReply:client-574492D41EE7->134d4672-e322-4e4b-b7f3-5645abb0fe8c@group-3CB1DFFBCDC2, cid=2977, SUCCESS, logIndex=0, commits[134d4672-e322-4e4b-b7f3-5645abb0fe8c:c4462, 73af84f3-3e88-4c8c-894c-3ad307bcac8d:c4460, 730a25a1-dbec-44ed-975b-a44ab0096beb:c4460]
2019-08-30 05:17:58,492 | INFO  | SCMAudit | user=jenkins1000 | ip=192.168.36.106 | op=ALLOCATE_BLOCK {owner=85755eb5-052d-48fa-b271-2fe4d8754e12, size=4194304, type=RATIS, factor=THREE} | ret=SUCCESS |  
2019-08-30 05:17:58,495 | INFO  | OMAudit | user=jenkins1000 | ip=127.0.0.1 | op=ALLOCATE_BLOCK {volume=vol-0-00977, bucket=bucket-0-44205, key=key-0-32850, dataSize=0, replicationType=null, replicationFactor=null, keyLocationInfo=null, clientID=102704234570776978} | ret=SUCCESS |  
2019-08-30 05:17:58,501 | INFO  | DNAudit | user=null | ip=null | op=WRITE_CHUNK {blockData=conID: 1 locID: 102704236363252353 bcsId: 0} | ret=SUCCESS |  
2019-08-30 05:17:58,503 | INFO  | DNAudit | user=null | ip=null | op=WRITE_CHUNK {blockData=conID: 1 locID: 102704236363252353 bcsId: 0} | ret=SUCCESS |  
2019-08-30 05:17:58,503 | INFO  | DNAudit | user=null | ip=null | op=WRITE_CHUNK {blockData=conID: 1 locID: 102704236363252353 bcsId: 0} | ret=SUCCESS |  
2019-08-30 05:17:58,503 | INFO  | DNAudit | user=null | ip=null | op=WRITE_CHUNK {blockData=conID: 1 locID: 102704236363252353 bcsId: 0} | ret=SUCCESS |  
2019-08-30 05:17:58,505 | INFO  | DNAudit | user=null | ip=null | op=WRITE_CHUNK {blockData=conID: 1 locID: 102704236363252353 bcsId: 0} | ret=SUCCESS |  
2019-08-30 05:17:58,505 | INFO  | DNAudit | user=null | ip=null | op=WRITE_CHUNK {blockData=conID: 1 locID: 102704236363252353 bcsId: 0} | ret=SUCCESS |  
2019-08-30 05:17:58,513 | INFO  | DNAudit | user=null | ip=null | op=WRITE_CHUNK {blockData=conID: 1 locID: 102704236363252353 bcsId: 0} | ret=SUCCESS |  
2019-08-30 05:17:58,513 | INFO  | DNAudit | user=null | ip=null | op=PUT_BLOCK {blockData=[blockId=conID: 1 locID: 102704236363252353 bcsId: 0,size=1048576]} | ret=SUCCESS |  
2019-08-30 05:17:58,513 [grpc-default-executor-6] INFO  client.GrpcClientProtocolClient (GrpcClientProtocolClient.java:onNext(255)) - client-574492D41EE7->134d4672-e322-4e4b-b7f3-5645abb0fe8c: receive RaftClientReply:client-574492D41EE7->134d4672-e322-4e4b-b7f3-5645abb0fe8c@group-3CB1DFFBCDC2, cid=2978, SUCCESS, logIndex=4463, commits[134d4672-e322-4e4b-b7f3-5645abb0fe8c:c4464, 73af84f3-3e88-4c8c-894c-3ad307bcac8d:c4462, 730a25a1-dbec-44ed-975b-a44ab0096beb:c4462]
2019-08-30 05:17:58,514 [grpc-default-executor-3] INFO  client.GrpcClientProtocolClient (GrpcClientProtocolClient.java:onNext(255)) - client-574492D41EE7->134d4672-e322-4e4b-b7f3-5645abb0fe8c: receive RaftClientReply:client-574492D41EE7->134d4672-e322-4e4b-b7f3-5645abb0fe8c@group-3CB1DFFBCDC2, cid=2979, SUCCESS, logIndex=4464, commits[134d4672-e322-4e4b-b7f3-5645abb0fe8c:c4464, 73af84f3-3e88-4c8c-894c-3ad307bcac8d:c4462, 730a25a1-dbec-44ed-975b-a44ab0096beb:c4462]
2019-08-30 05:17:58,514 | INFO  | DNAudit | user=null | ip=null | op=WRITE_CHUNK {blockData=conID: 1 locID: 102704236363252353 bcsId: 0} | ret=SUCCESS |  
2019-08-30 05:17:58,514 | INFO  | DNAudit | user=null | ip=null | op=PUT_BLOCK {blockData=[blockId=conID: 1 locID: 102704236363252353 bcsId: 0,size=2097152]} | ret=SUCCESS |  
2019-08-30 05:17:58,515 [grpc-default-executor-3] INFO  client.GrpcClientProtocolClient (GrpcClientProtocolClient.java:onNext(255)) - client-574492D41EE7->134d4672-e322-4e4b-b7f3-5645abb0fe8c: receive RaftClientReply:client-574492D41EE7->134d4672-e322-4e4b-b7f3-5645abb0fe8c@group-3CB1DFFBCDC2, cid=2980, SUCCESS, logIndex=4465, commits[134d4672-e322-4e4b-b7f3-5645abb0fe8c:c4465, 73af84f3-3e88-4c8c-894c-3ad307bcac8d:c4462, 730a25a1-dbec-44ed-975b-a44ab0096beb:c4462]
2019-08-30 05:17:58,515 [grpc-default-executor-3] INFO  client.GrpcClientProtocolClient (GrpcClientProtocolClient.java:onNext(255)) - client-574492D41EE7->134d4672-e322-4e4b-b7f3-5645abb0fe8c: receive RaftClientReply:client-574492D41EE7->134d4672-e322-4e4b-b7f3-5645abb0fe8c@group-3CB1DFFBCDC2, cid=2981, SUCCESS, logIndex=4466, commits[134d4672-e322-4e4b-b7f3-5645abb0fe8c:c4466, 73af84f3-3e88-4c8c-894c-3ad307bcac8d:c4462, 730a25a1-dbec-44ed-975b-a44ab0096beb:c4462]
2019-08-30 05:17:58,525 | INFO  | DNAudit | user=null | ip=null | op=WRITE_CHUNK {blockData=conID: 1 locID: 102704236363252353 bcsId: 0} | ret=SUCCESS |  
2019-08-30 05:17:58,525 | INFO  | DNAudit | user=null | ip=null | op=PUT_BLOCK {blockData=[blockId=conID: 1 locID: 102704236363252353 bcsId: 0,size=1048576]} | ret=SUCCESS |  
2019-08-30 05:17:58,526 | INFO  | DNAudit | user=null | ip=null | op=WRITE_CHUNK {blockData=conID: 1 locID: 102704236363252353 bcsId: 0} | ret=SUCCESS |  
2019-08-30 05:17:58,526 | INFO  | DNAudit | user=null | ip=null | op=PUT_BLOCK {blockData=[blockId=conID: 1 locID: 102704236363252353 bcsId: 0,size=1048576]} | ret=SUCCESS |  
2019-08-30 05:17:58,526 [grpc-default-executor-3] INFO  client.GrpcClientProtocolClient (GrpcClientProtocolClient.java:onNext(255)) - client-574492D41EE7->134d4672-e322-4e4b-b7f3-5645abb0fe8c: receive RaftClientReply:client-574492D41EE7->134d4672-e322-4e4b-b7f3-5645abb0fe8c@group-3CB1DFFBCDC2, cid=2982, SUCCESS, logIndex=0, commits[134d4672-e322-4e4b-b7f3-5645abb0fe8c:c4468, 73af84f3-3e88-4c8c-894c-3ad307bcac8d:c4464, 730a25a1-dbec-44ed-975b-a44ab0096beb:c4464]
2019-08-30 05:17:58,526 | INFO  | DNAudit | user=null | ip=null | op=WRITE_CHUNK {blockData=conID: 1 locID: 102704236363252353 bcsId: 0} | ret=SUCCESS |  
2019-08-30 05:17:58,526 | INFO  | DNAudit | user=null | ip=null | op=PUT_BLOCK {blockData=[blockId=conID: 1 locID: 102704236363252353 bcsId: 0,size=2097152]} | ret=SUCCESS |  
2019-08-30 05:17:58,529 | INFO  | DNAudit | user=null | ip=null | op=WRITE_CHUNK {blockData=conID: 1 locID: 102704236363252353 bcsId: 0} | ret=SUCCESS |  
2019-08-30 05:17:58,529 | INFO  | DNAudit | user=null | ip=null | op=PUT_BLOCK {blockData=[blockId=conID: 1 locID: 102704236363252353 bcsId: 0,size=2097152]} | ret=SUCCESS |  
2019-08-30 05:17:58,531 | INFO  | DNAudit | user=null | ip=null | op=WRITE_CHUNK {blockData=conID: 1 locID: 102704236363252353 bcsId: 4466} | ret=SUCCESS |  
2019-08-30 05:17:58,532 | INFO  | DNAudit | user=null | ip=null | op=WRITE_CHUNK {blockData=conID: 1 locID: 102704236363252353 bcsId: 4466} | ret=SUCCESS |  
2019-08-30 05:17:58,533 | INFO  | DNAudit | user=null | ip=null | op=WRITE_CHUNK {blockData=conID: 1 locID: 102704236363252353 bcsId: 4466} | ret=SUCCESS |  
2019-08-30 05:17:58,544 | INFO  | DNAudit | user=null | ip=null | op=WRITE_CHUNK {blockData=conID: 1 locID: 102704236363252353 bcsId: 4466} | ret=SUCCESS |  
2019-08-30 05:17:58,544 | INFO  | DNAudit | user=null | ip=null | op=PUT_BLOCK {blockData=[blockId=conID: 1 locID: 102704236363252353 bcsId: 0,size=3145728]} | ret=SUCCESS |  
2019-08-30 05:17:58,544 [grpc-default-executor-1] INFO  client.GrpcClientProtocolClient (GrpcClientProtocolClient.java:onNext(255)) - client-574492D41EE7->134d4672-e322-4e4b-b7f3-5645abb0fe8c: receive RaftClientReply:client-574492D41EE7->134d4672-e322-4e4b-b7f3-5645abb0fe8c@group-3CB1DFFBCDC2, cid=2983, SUCCESS, logIndex=4471, commits[134d4672-e322-4e4b-b7f3-5645abb0fe8c:c4472, 73af84f3-3e88-4c8c-894c-3ad307bcac8d:c4470, 730a25a1-dbec-44ed-975b-a44ab0096beb:c4470]
2019-08-30 05:17:58,545 [grpc-default-executor-1] INFO  client.GrpcClientProtocolClient (GrpcClientProtocolClient.java:onNext(255)) - client-574492D41EE7->134d4672-e322-4e4b-b7f3-5645abb0fe8c: receive RaftClientReply:client-574492D41EE7->134d4672-e322-4e4b-b7f3-5645abb0fe8c@group-3CB1DFFBCDC2, cid=2984, SUCCESS, logIndex=4472, commits[134d4672-e322-4e4b-b7f3-5645abb0fe8c:c4472, 73af84f3-3e88-4c8c-894c-3ad307bcac8d:c4470, 730a25a1-dbec-44ed-975b-a44ab0096beb:c4470]
2019-08-30 05:17:58,550 | INFO  | DNAudit | user=null | ip=null | op=WRITE_CHUNK {blockData=conID: 1 locID: 102704236363252353 bcsId: 4472} | ret=SUCCESS |  
2019-08-30 05:17:58,551 | INFO  | DNAudit | user=null | ip=null | op=WRITE_CHUNK {blockData=conID: 1 locID: 102704236363252353 bcsId: 4472} | ret=SUCCESS |  
2019-08-30 05:17:58,551 | INFO  | DNAudit | user=null | ip=null | op=WRITE_CHUNK {blockData=conID: 1 locID: 102704236363252353 bcsId: 4472} | ret=SUCCESS |  
2019-08-30 05:17:58,555 | INFO  | DNAudit | user=null | ip=null | op=WRITE_CHUNK {blockData=conID: 1 locID: 102704236363252353 bcsId: 4466} | ret=SUCCESS |  
2019-08-30 05:17:58,555 | INFO  | DNAudit | user=null | ip=null | op=WRITE_CHUNK {blockData=conID: 1 locID: 102704236363252353 bcsId: 4466} | ret=SUCCESS |  
2019-08-30 05:17:58,556 | INFO  | DNAudit | user=null | ip=null | op=PUT_BLOCK {blockData=[blockId=conID: 1 locID: 102704236363252353 bcsId: 0,size=3145728]} | ret=SUCCESS |  
2019-08-30 05:17:58,556 | INFO  | DNAudit | user=null | ip=null | op=PUT_BLOCK {blockData=[blockId=conID: 1 locID: 102704236363252353 bcsId: 0,size=3145728]} | ret=SUCCESS |  
2019-08-30 05:17:58,558 | INFO  | DNAudit | user=null | ip=null | op=WRITE_CHUNK {blockData=conID: 1 locID: 102704236363252353 bcsId: 4472} | ret=SUCCESS |  
2019-08-30 05:17:58,559 | INFO  | DNAudit | user=null | ip=null | op=PUT_BLOCK {blockData=[blockId=conID: 1 locID: 102704236363252353 bcsId: 0,size=4194304]} | ret=SUCCESS |  
2019-08-30 05:17:58,559 [grpc-default-executor-1] INFO  client.GrpcClientProtocolClient (GrpcClientProtocolClient.java:onNext(255)) - client-574492D41EE7->134d4672-e322-4e4b-b7f3-5645abb0fe8c: receive RaftClientReply:client-574492D41EE7->134d4672-e322-4e4b-b7f3-5645abb0fe8c@group-3CB1DFFBCDC2, cid=2985, SUCCESS, logIndex=4475, commits[134d4672-e322-4e4b-b7f3-5645abb0fe8c:c4476, 73af84f3-3e88-4c8c-894c-3ad307bcac8d:c4472, 730a25a1-dbec-44ed-975b-a44ab0096beb:c4472]
2019-08-30 05:17:58,559 [grpc-default-executor-1] INFO  client.GrpcClientProtocolClient (GrpcClientProtocolClient.java:onNext(255)) - client-574492D41EE7->134d4672-e322-4e4b-b7f3-5645abb0fe8c: receive RaftClientReply:client-574492D41EE7->134d4672-e322-4e4b-b7f3-5645abb0fe8c@group-3CB1DFFBCDC2, cid=2986, SUCCESS, logIndex=4476, commits[134d4672-e322-4e4b-b7f3-5645abb0fe8c:c4476, 73af84f3-3e88-4c8c-894c-3ad307bcac8d:c4472, 730a25a1-dbec-44ed-975b-a44ab0096beb:c4472]
2019-08-30 05:17:58,570 | INFO  | DNAudit | user=null | ip=null | op=WRITE_CHUNK {blockData=conID: 1 locID: 102704236363252353 bcsId: 4472} | ret=SUCCESS |  
2019-08-30 05:17:58,570 | INFO  | DNAudit | user=null | ip=null | op=WRITE_CHUNK {blockData=conID: 1 locID: 102704236363252353 bcsId: 4472} | ret=SUCCESS |  
2019-08-30 05:17:58,573 | INFO  | DNAudit | user=null | ip=null | op=PUT_BLOCK {blockData=[blockId=conID: 1 locID: 102704236363252353 bcsId: 0,size=4194304]} | ret=SUCCESS |  
2019-08-30 05:17:58,573 | INFO  | DNAudit | user=null | ip=null | op=PUT_BLOCK {blockData=[blockId=conID: 1 locID: 102704236363252353 bcsId: 0,size=4194304]} | ret=SUCCESS |  
2019-08-30 05:17:58,573 [grpc-default-executor-1] INFO  client.GrpcClientProtocolClient (GrpcClientProtocolClient.java:onNext(255)) - client-574492D41EE7->134d4672-e322-4e4b-b7f3-5645abb0fe8c: receive RaftClientReply:client-574492D41EE7->134d4672-e322-4e4b-b7f3-5645abb0fe8c@group-3CB1DFFBCDC2, cid=2987, SUCCESS, logIndex=0, commits[134d4672-e322-4e4b-b7f3-5645abb0fe8c:c4478, 73af84f3-3e88-4c8c-894c-3ad307bcac8d:c4476, 730a25a1-dbec-44ed-975b-a44ab0096beb:c4476]
2019-08-30 05:17:58,577 | INFO  | SCMAudit | user=jenkins1000 | ip=192.168.36.106 | op=SEND_HEARTBEAT {datanodeUUID=b91a4442-fd83-4a66-bee2-5c7959dbabc3, command=[]} | ret=SUCCESS |  
2019-08-30 05:17:58,578 | INFO  | SCMAudit | user=jenkins1000 | ip=192.168.36.106 | op=ALLOCATE_BLOCK {owner=85755eb5-052d-48fa-b271-2fe4d8754e12, size=4194304, type=RATIS, factor=THREE} | ret=SUCCESS |  
2019-08-30 05:17:58,581 | INFO  | OMAudit | user=jenkins1000 | ip=127.0.0.1 | op=ALLOCATE_BLOCK {volume=vol-0-00977, bucket=bucket-0-44205, key=key-0-32850, dataSize=0, replicationType=null, replicationFactor=null, keyLocationInfo=null, clientID=102704234570776978} | ret=SUCCESS |  
2019-08-30 05:17:58,586 | INFO  | DNAudit | user=null | ip=null | op=WRITE_CHUNK {blockData=conID: 2 locID: 102704236368888450 bcsId: 0} | ret=SUCCESS |  
2019-08-30 05:17:58,589 | INFO  | DNAudit | user=null | ip=null | op=WRITE_CHUNK {blockData=conID: 2 locID: 102704236368888450 bcsId: 0} | ret=SUCCESS |  
2019-08-30 05:17:58,589 | INFO  | DNAudit | user=null | ip=null | op=WRITE_CHUNK {blockData=conID: 2 locID: 102704236368888450 bcsId: 0} | ret=SUCCESS |  
2019-08-30 05:17:58,589 | INFO  | DNAudit | user=null | ip=null | op=WRITE_CHUNK {blockData=conID: 2 locID: 102704236368888450 bcsId: 0} | ret=SUCCESS |  
2019-08-30 05:17:58,591 | INFO  | DNAudit | user=null | ip=null | op=WRITE_CHUNK {blockData=conID: 2 locID: 102704236368888450 bcsId: 0} | ret=SUCCESS |  
2019-08-30 05:17:58,591 | INFO  | DNAudit | user=null | ip=null | op=WRITE_CHUNK {blockData=conID: 2 locID: 102704236368888450 bcsId: 0} | ret=SUCCESS |  
2019-08-30 05:17:58,600 | INFO  | DNAudit | user=null | ip=null | op=WRITE_CHUNK {blockData=conID: 2 locID: 102704236368888450 bcsId: 0} | ret=SUCCESS |  
2019-08-30 05:17:58,600 | INFO  | DNAudit | user=null | ip=null | op=PUT_BLOCK {blockData=[blockId=conID: 2 locID: 102704236368888450 bcsId: 0,size=1048576]} | ret=SUCCESS |  
2019-08-30 05:17:58,601 [grpc-default-executor-3] INFO  client.GrpcClientProtocolClient (GrpcClientProtocolClient.java:onNext(255)) - client-574492D41EE7->134d4672-e322-4e4b-b7f3-5645abb0fe8c: receive RaftClientReply:client-574492D41EE7->134d4672-e322-4e4b-b7f3-5645abb0fe8c@group-3CB1DFFBCDC2, cid=2988, SUCCESS, logIndex=4479, commits[134d4672-e322-4e4b-b7f3-5645abb0fe8c:c4480, 73af84f3-3e88-4c8c-894c-3ad307bcac8d:c4478, 730a25a1-dbec-44ed-975b-a44ab0096beb:c4478]
2019-08-30 05:17:58,601 [grpc-default-executor-3] INFO  client.GrpcClientProtocolClient (GrpcClientProtocolClient.java:onNext(255)) - client-574492D41EE7->134d4672-e322-4e4b-b7f3-5645abb0fe8c: receive RaftClientReply:client-574492D41EE7->134d4672-e322-4e4b-b7f3-5645abb0fe8c@group-3CB1DFFBCDC2, cid=2989, SUCCESS, logIndex=4480, commits[134d4672-e322-4e4b-b7f3-5645abb0fe8c:c4480, 73af84f3-3e88-4c8c-894c-3ad307bcac8d:c4478, 730a25a1-dbec-44ed-975b-a44ab0096beb:c4478]
2019-08-30 05:17:58,612 | INFO  | DNAudit | user=null | ip=null | op=WRITE_CHUNK {blockData=conID: 2 locID: 102704236368888450 bcsId: 0} | ret=SUCCESS |  
2019-08-30 05:17:58,612 | INFO  | DNAudit | user=null | ip=null | op=PUT_BLOCK {blockData=[blockId=conID: 2 locID: 102704236368888450 bcsId: 0,size=2097152]} | ret=SUCCESS |  
2019-08-30 05:17:58,612 [grpc-default-executor-3] INFO  client.GrpcClientProtocolClient (GrpcClientProtocolClient.java:onNext(255)) - client-574492D41EE7->134d4672-e322-4e4b-b7f3-5645abb0fe8c: receive RaftClientReply:client-574492D41EE7->134d4672-e322-4e4b-b7f3-5645abb0fe8c@group-3CB1DFFBCDC2, cid=2990, SUCCESS, logIndex=4481, commits[134d4672-e322-4e4b-b7f3-5645abb0fe8c:c4482, 73af84f3-3e88-4c8c-894c-3ad307bcac8d:c4478, 730a25a1-dbec-44ed-975b-a44ab0096beb:c4478]
2019-08-30 05:17:58,612 [grpc-default-executor-3] INFO  client.GrpcClientProtocolClient (GrpcClientProtocolClient.java:onNext(255)) - client-574492D41EE7->134d4672-e322-4e4b-b7f3-5645abb0fe8c: receive RaftClientReply:client-574492D41EE7->134d4672-e322-4e4b-b7f3-5645abb0fe8c@group-3CB1DFFBCDC2, cid=2991, SUCCESS, logIndex=4482, commits[134d4672-e322-4e4b-b7f3-5645abb0fe8c:c4482, 73af84f3-3e88-4c8c-894c-3ad307bcac8d:c4478, 730a25a1-dbec-44ed-975b-a44ab0096beb:c4478]
2019-08-30 05:17:58,614 | INFO  | DNAudit | user=null | ip=null | op=WRITE_CHUNK {blockData=conID: 2 locID: 102704236368888450 bcsId: 0} | ret=SUCCESS |  
2019-08-30 05:17:58,614 | INFO  | DNAudit | user=null | ip=null | op=WRITE_CHUNK {blockData=conID: 2 locID: 102704236368888450 bcsId: 0} | ret=SUCCESS |  
2019-08-30 05:17:58,615 | INFO  | DNAudit | user=null | ip=null | op=PUT_BLOCK {blockData=[blockId=conID: 2 locID: 102704236368888450 bcsId: 0,size=1048576]} | ret=SUCCESS |  
2019-08-30 05:17:58,615 | INFO  | DNAudit | user=null | ip=null | op=PUT_BLOCK {blockData=[blockId=conID: 2 locID: 102704236368888450 bcsId: 0,size=1048576]} | ret=SUCCESS |  
2019-08-30 05:17:58,615 [grpc-default-executor-3] INFO  client.GrpcClientProtocolClient (GrpcClientProtocolClient.java:onNext(255)) - client-574492D41EE7->134d4672-e322-4e4b-b7f3-5645abb0fe8c: receive RaftClientReply:client-574492D41EE7->134d4672-e322-4e4b-b7f3-5645abb0fe8c@group-3CB1DFFBCDC2, cid=2992, SUCCESS, logIndex=0, commits[134d4672-e322-4e4b-b7f3-5645abb0fe8c:c4484, 73af84f3-3e88-4c8c-894c-3ad307bcac8d:c4480, 730a25a1-dbec-44ed-975b-a44ab0096beb:c4480]
2019-08-30 05:17:58,620 | INFO  | DNAudit | user=null | ip=null | op=WRITE_CHUNK {blockData=conID: 2 locID: 102704236368888450 bcsId: 4482} | ret=SUCCESS |  
2019-08-30 05:17:58,622 | INFO  | DNAudit | user=null | ip=null | op=WRITE_CHUNK {blockData=conID: 2 locID: 102704236368888450 bcsId: 4482} | ret=SUCCESS |  
2019-08-30 05:17:58,622 | INFO  | DNAudit | user=null | ip=null | op=WRITE_CHUNK {blockData=conID: 2 locID: 102704236368888450 bcsId: 4482} | ret=SUCCESS |  
2019-08-30 05:17:58,625 | INFO  | DNAudit | user=null | ip=null | op=WRITE_CHUNK {blockData=conID: 2 locID: 102704236368888450 bcsId: 0} | ret=SUCCESS |  
2019-08-30 05:17:58,625 | INFO  | DNAudit | user=null | ip=null | op=WRITE_CHUNK {blockData=conID: 2 locID: 102704236368888450 bcsId: 0} | ret=SUCCESS |  
2019-08-30 05:17:58,626 | INFO  | DNAudit | user=null | ip=null | op=PUT_BLOCK {blockData=[blockId=conID: 2 locID: 102704236368888450 bcsId: 0,size=2097152]} | ret=SUCCESS |  
2019-08-30 05:17:58,626 | INFO  | DNAudit | user=null | ip=null | op=PUT_BLOCK {blockData=[blockId=conID: 2 locID: 102704236368888450 bcsId: 0,size=2097152]} | ret=SUCCESS |  
2019-08-30 05:17:58,628 | INFO  | DNAudit | user=null | ip=null | op=WRITE_CHUNK {blockData=conID: 2 locID: 102704236368888450 bcsId: 4482} | ret=SUCCESS |  
2019-08-30 05:17:58,629 | INFO  | DNAudit | user=null | ip=null | op=PUT_BLOCK {blockData=[blockId=conID: 2 locID: 102704236368888450 bcsId: 0,size=3145728]} | ret=SUCCESS |  
2019-08-30 05:17:58,629 [grpc-default-executor-3] INFO  client.GrpcClientProtocolClient (GrpcClientProtocolClient.java:onNext(255)) - client-574492D41EE7->134d4672-e322-4e4b-b7f3-5645abb0fe8c: receive RaftClientReply:client-574492D41EE7->134d4672-e322-4e4b-b7f3-5645abb0fe8c@group-3CB1DFFBCDC2, cid=2993, SUCCESS, logIndex=4487, commits[134d4672-e322-4e4b-b7f3-5645abb0fe8c:c4488, 73af84f3-3e88-4c8c-894c-3ad307bcac8d:c4484, 730a25a1-dbec-44ed-975b-a44ab0096beb:c4484]
2019-08-30 05:17:58,629 [grpc-default-executor-3] INFO  client.GrpcClientProtocolClient (GrpcClientProtocolClient.java:onNext(255)) - client-574492D41EE7->134d4672-e322-4e4b-b7f3-5645abb0fe8c: receive RaftClientReply:client-574492D41EE7->134d4672-e322-4e4b-b7f3-5645abb0fe8c@group-3CB1DFFBCDC2, cid=2994, SUCCESS, logIndex=4488, commits[134d4672-e322-4e4b-b7f3-5645abb0fe8c:c4488, 73af84f3-3e88-4c8c-894c-3ad307bcac8d:c4484, 730a25a1-dbec-44ed-975b-a44ab0096beb:c4484]
2019-08-30 05:17:58,634 | INFO  | DNAudit | user=null | ip=null | op=WRITE_CHUNK {blockData=conID: 2 locID: 102704236368888450 bcsId: 4488} | ret=SUCCESS |  
2019-08-30 05:17:58,636 | INFO  | DNAudit | user=null | ip=null | op=WRITE_CHUNK {blockData=conID: 2 locID: 102704236368888450 bcsId: 4488} | ret=SUCCESS |  
2019-08-30 05:17:58,636 | INFO  | DNAudit | user=null | ip=null | op=WRITE_CHUNK {blockData=conID: 2 locID: 102704236368888450 bcsId: 4488} | ret=SUCCESS |  
2019-08-30 05:17:58,642 | INFO  | DNAudit | user=null | ip=null | op=WRITE_CHUNK {blockData=conID: 2 locID: 102704236368888450 bcsId: 4482} | ret=SUCCESS |  
2019-08-30 05:17:58,642 | INFO  | DNAudit | user=null | ip=null | op=WRITE_CHUNK {blockData=conID: 2 locID: 102704236368888450 bcsId: 4482} | ret=SUCCESS |  
2019-08-30 05:17:58,679 | INFO  | DNAudit | user=null | ip=null | op=PUT_BLOCK {blockData=[blockId=conID: 2 locID: 102704236368888450 bcsId: 0,size=3145728]} | ret=SUCCESS |  
2019-08-30 05:17:58,679 | INFO  | DNAudit | user=null | ip=null | op=PUT_BLOCK {blockData=[blockId=conID: 2 locID: 102704236368888450 bcsId: 0,size=3145728]} | ret=SUCCESS |  
2019-08-30 05:17:58,679 | INFO  | DNAudit | user=null | ip=null | op=WRITE_CHUNK {blockData=conID: 2 locID: 102704236368888450 bcsId: 4488} | ret=SUCCESS |  
2019-08-30 05:17:58,679 | INFO  | DNAudit | user=null | ip=null | op=PUT_BLOCK {blockData=[blockId=conID: 2 locID: 102704236368888450 bcsId: 0,size=4194304]} | ret=SUCCESS |  
2019-08-30 05:17:58,680 [grpc-default-executor-5] INFO  client.GrpcClientProtocolClient (GrpcClientProtocolClient.java:onNext(255)) - client-574492D41EE7->134d4672-e322-4e4b-b7f3-5645abb0fe8c: receive RaftClientReply:client-574492D41EE7->134d4672-e322-4e4b-b7f3-5645abb0fe8c@group-3CB1DFFBCDC2, cid=2995, SUCCESS, logIndex=4491, commits[134d4672-e322-4e4b-b7f3-5645abb0fe8c:c4492, 73af84f3-3e88-4c8c-894c-3ad307bcac8d:c4488, 730a25a1-dbec-44ed-975b-a44ab0096beb:c4488]
2019-08-30 05:17:58,680 [grpc-default-executor-5] INFO  client.GrpcClientProtocolClient (GrpcClientProtocolClient.java:onNext(255)) - client-574492D41EE7->134d4672-e322-4e4b-b7f3-5645abb0fe8c: receive RaftClientReply:client-574492D41EE7->134d4672-e322-4e4b-b7f3-5645abb0fe8c@group-3CB1DFFBCDC2, cid=2996, SUCCESS, logIndex=4492, commits[134d4672-e322-4e4b-b7f3-5645abb0fe8c:c4492, 73af84f3-3e88-4c8c-894c-3ad307bcac8d:c4488, 730a25a1-dbec-44ed-975b-a44ab0096beb:c4488]
2019-08-30 05:17:58,692 | INFO  | DNAudit | user=null | ip=null | op=WRITE_CHUNK {blockData=conID: 2 locID: 102704236368888450 bcsId: 4488} | ret=SUCCESS |  
2019-08-30 05:17:58,692 | INFO  | DNAudit | user=null | ip=null | op=WRITE_CHUNK {blockData=conID: 2 locID: 102704236368888450 bcsId: 4488} | ret=SUCCESS |  
2019-08-30 05:17:58,695 | INFO  | DNAudit | user=null | ip=null | op=PUT_BLOCK {blockData=[blockId=conID: 2 locID: 102704236368888450 bcsId: 0,size=4194304]} | ret=SUCCESS |  
2019-08-30 05:17:58,695 | INFO  | DNAudit | user=null | ip=null | op=PUT_BLOCK {blockData=[blockId=conID: 2 locID: 102704236368888450 bcsId: 0,size=4194304]} | ret=SUCCESS |  
2019-08-30 05:17:58,696 [grpc-default-executor-5] INFO  client.GrpcClientProtocolClient (GrpcClientProtocolClient.java:onNext(255)) - client-574492D41EE7->134d4672-e322-4e4b-b7f3-5645abb0fe8c: receive RaftClientReply:client-574492D41EE7->134d4672-e322-4e4b-b7f3-5645abb0fe8c@group-3CB1DFFBCDC2, cid=2997, SUCCESS, logIndex=0, commits[134d4672-e322-4e4b-b7f3-5645abb0fe8c:c4494, 73af84f3-3e88-4c8c-894c-3ad307bcac8d:c4492, 730a25a1-dbec-44ed-975b-a44ab0096beb:c4492]
2019-08-30 05:17:58,701 | INFO  | SCMAudit | user=jenkins1000 | ip=192.168.36.106 | op=ALLOCATE_BLOCK {owner=85755eb5-052d-48fa-b271-2fe4d8754e12, size=4194304, type=RATIS, factor=THREE} | ret=SUCCESS |  
2019-08-30 05:17:58,704 | INFO  | OMAudit | user=jenkins1000 | ip=127.0.0.1 | op=ALLOCATE_BLOCK {volume=vol-0-00977, bucket=bucket-0-44205, key=key-0-32850, dataSize=0, replicationType=null, replicationFactor=null, keyLocationInfo=null, clientID=102704234570776978} | ret=SUCCESS |  
2019-08-30 05:17:58,711 | INFO  | DNAudit | user=null | ip=null | op=WRITE_CHUNK {blockData=conID: 3 locID: 102704236376949379 bcsId: 0} | ret=SUCCESS |  
2019-08-30 05:17:58,713 | INFO  | DNAudit | user=null | ip=null | op=WRITE_CHUNK {blockData=conID: 3 locID: 102704236376949379 bcsId: 0} | ret=SUCCESS |  
2019-08-30 05:17:58,713 | INFO  | DNAudit | user=null | ip=null | op=WRITE_CHUNK {blockData=conID: 3 locID: 102704236376949379 bcsId: 0} | ret=SUCCESS |  
2019-08-30 05:17:58,714 | INFO  | DNAudit | user=null | ip=null | op=WRITE_CHUNK {blockData=conID: 3 locID: 102704236376949379 bcsId: 0} | ret=SUCCESS |  
2019-08-30 05:17:58,716 | INFO  | DNAudit | user=null | ip=null | op=WRITE_CHUNK {blockData=conID: 3 locID: 102704236376949379 bcsId: 0} | ret=SUCCESS |  
2019-08-30 05:17:58,716 | INFO  | DNAudit | user=null | ip=null | op=WRITE_CHUNK {blockData=conID: 3 locID: 102704236376949379 bcsId: 0} | ret=SUCCESS |  
2019-08-30 05:17:58,722 | INFO  | DNAudit | user=null | ip=null | op=WRITE_CHUNK {blockData=conID: 3 locID: 102704236376949379 bcsId: 0} | ret=SUCCESS |  
2019-08-30 05:17:58,722 | INFO  | DNAudit | user=null | ip=null | op=PUT_BLOCK {blockData=[blockId=conID: 3 locID: 102704236376949379 bcsId: 0,size=1048576]} | ret=SUCCESS |  
2019-08-30 05:17:58,722 [grpc-default-executor-1] INFO  client.GrpcClientProtocolClient (GrpcClientProtocolClient.java:onNext(255)) - client-574492D41EE7->134d4672-e322-4e4b-b7f3-5645abb0fe8c: receive RaftClientReply:client-574492D41EE7->134d4672-e322-4e4b-b7f3-5645abb0fe8c@group-3CB1DFFBCDC2, cid=2998, SUCCESS, logIndex=4495, commits[134d4672-e322-4e4b-b7f3-5645abb0fe8c:c4496, 73af84f3-3e88-4c8c-894c-3ad307bcac8d:c4494, 730a25a1-dbec-44ed-975b-a44ab0096beb:c4494]
2019-08-30 05:17:58,723 | INFO  | DNAudit | user=null | ip=null | op=WRITE_CHUNK {blockData=conID: 3 locID: 102704236376949379 bcsId: 0} | ret=SUCCESS |  
2019-08-30 05:17:58,723 [grpc-default-executor-1] INFO  client.GrpcClientProtocolClient (GrpcClientProtocolClient.java:onNext(255)) - client-574492D41EE7->134d4672-e322-4e4b-b7f3-5645abb0fe8c: receive RaftClientReply:client-574492D41EE7->134d4672-e322-4e4b-b7f3-5645abb0fe8c@group-3CB1DFFBCDC2, cid=2999, SUCCESS, logIndex=4496, commits[134d4672-e322-4e4b-b7f3-5645abb0fe8c:c4496, 73af84f3-3e88-4c8c-894c-3ad307bcac8d:c4494, 730a25a1-dbec-44ed-975b-a44ab0096beb:c4494]
2019-08-30 05:17:58,723 | INFO  | DNAudit | user=null | ip=null | op=PUT_BLOCK {blockData=[blockId=conID: 3 locID: 102704236376949379 bcsId: 0,size=2097152]} | ret=SUCCESS |  
2019-08-30 05:17:58,723 [grpc-default-executor-5] INFO  client.GrpcClientProtocolClient (GrpcClientProtocolClient.java:onNext(255)) - client-574492D41EE7->134d4672-e322-4e4b-b7f3-5645abb0fe8c: receive RaftClientReply:client-574492D41EE7->134d4672-e322-4e4b-b7f3-5645abb0fe8c@group-3CB1DFFBCDC2, cid=3000, SUCCESS, logIndex=4497, commits[134d4672-e322-4e4b-b7f3-5645abb0fe8c:c4497, 73af84f3-3e88-4c8c-894c-3ad307bcac8d:c4494, 730a25a1-dbec-44ed-975b-a44ab0096beb:c4494]
2019-08-30 05:17:58,723 [grpc-default-executor-5] INFO  client.GrpcClientProtocolClient (GrpcClientProtocolClient.java:onNext(255)) - client-574492D41EE7->134d4672-e322-4e4b-b7f3-5645abb0fe8c: receive RaftClientReply:client-574492D41EE7->134d4672-e322-4e4b-b7f3-5645abb0fe8c@group-3CB1DFFBCDC2, cid=3001, SUCCESS, logIndex=4498, commits[134d4672-e322-4e4b-b7f3-5645abb0fe8c:c4498, 73af84f3-3e88-4c8c-894c-3ad307bcac8d:c4494, 730a25a1-dbec-44ed-975b-a44ab0096beb:c4494]
2019-08-30 05:17:58,726 | INFO  | DNAudit | user=null | ip=null | op=WRITE_CHUNK {blockData=conID: 3 locID: 102704236376949379 bcsId: 0} | ret=SUCCESS |  
2019-08-30 05:17:58,726 | INFO  | DNAudit | user=null | ip=null | op=WRITE_CHUNK {blockData=conID: 3 locID: 102704236376949379 bcsId: 0} | ret=SUCCESS |  
2019-08-30 05:17:58,726 | INFO  | DNAudit | user=null | ip=null | op=PUT_BLOCK {blockData=[blockId=conID: 3 locID: 102704236376949379 bcsId: 0,size=1048576]} | ret=SUCCESS |  
2019-08-30 05:17:58,726 | INFO  | DNAudit | user=null | ip=null | op=PUT_BLOCK {blockData=[blockId=conID: 3 locID: 102704236376949379 bcsId: 0,size=1048576]} | ret=SUCCESS |  
2019-08-30 05:17:58,726 [grpc-default-executor-5] INFO  client.GrpcClientProtocolClient (GrpcClientProtocolClient.java:onNext(255)) - client-574492D41EE7->134d4672-e322-4e4b-b7f3-5645abb0fe8c: receive RaftClientReply:client-574492D41EE7->134d4672-e322-4e4b-b7f3-5645abb0fe8c@group-3CB1DFFBCDC2, cid=3002, SUCCESS, logIndex=0, commits[134d4672-e322-4e4b-b7f3-5645abb0fe8c:c4500, 73af84f3-3e88-4c8c-894c-3ad307bcac8d:c4496, 730a25a1-dbec-44ed-975b-a44ab0096beb:c4496]
2019-08-30 05:17:58,732 | INFO  | DNAudit | user=null | ip=null | op=WRITE_CHUNK {blockData=conID: 3 locID: 102704236376949379 bcsId: 4498} | ret=SUCCESS |  
2019-08-30 05:17:58,734 | INFO  | DNAudit | user=null | ip=null | op=WRITE_CHUNK {blockData=conID: 3 locID: 102704236376949379 bcsId: 4498} | ret=SUCCESS |  
2019-08-30 05:17:58,735 | INFO  | DNAudit | user=null | ip=null | op=WRITE_CHUNK {blockData=conID: 3 locID: 102704236376949379 bcsId: 4498} | ret=SUCCESS |  
2019-08-30 05:17:58,738 | INFO  | DNAudit | user=null | ip=null | op=WRITE_CHUNK {blockData=conID: 3 locID: 102704236376949379 bcsId: 0} | ret=SUCCESS |  
2019-08-30 05:17:58,738 | INFO  | DNAudit | user=null | ip=null | op=WRITE_CHUNK {blockData=conID: 3 locID: 102704236376949379 bcsId: 0} | ret=SUCCESS |  
2019-08-30 05:17:58,738 | INFO  | DNAudit | user=null | ip=null | op=PUT_BLOCK {blockData=[blockId=conID: 3 locID: 102704236376949379 bcsId: 0,size=2097152]} | ret=SUCCESS |  
2019-08-30 05:17:58,738 | INFO  | DNAudit | user=null | ip=null | op=PUT_BLOCK {blockData=[blockId=conID: 3 locID: 102704236376949379 bcsId: 0,size=2097152]} | ret=SUCCESS |  
2019-08-30 05:17:58,749 | INFO  | DNAudit | user=null | ip=null | op=WRITE_CHUNK {blockData=conID: 3 locID: 102704236376949379 bcsId: 4498} | ret=SUCCESS |  
2019-08-30 05:17:58,749 | INFO  | DNAudit | user=null | ip=null | op=PUT_BLOCK {blockData=[blockId=conID: 3 locID: 102704236376949379 bcsId: 0,size=3145728]} | ret=SUCCESS |  
2019-08-30 05:17:58,749 [grpc-default-executor-1] INFO  client.GrpcClientProtocolClient (GrpcClientProtocolClient.java:onNext(255)) - client-574492D41EE7->134d4672-e322-4e4b-b7f3-5645abb0fe8c: receive RaftClientReply:client-574492D41EE7->134d4672-e322-4e4b-b7f3-5645abb0fe8c@group-3CB1DFFBCDC2, cid=3003, SUCCESS, logIndex=4503, commits[134d4672-e322-4e4b-b7f3-5645abb0fe8c:c4504, 73af84f3-3e88-4c8c-894c-3ad307bcac8d:c4500, 730a25a1-dbec-44ed-975b-a44ab0096beb:c4500]
2019-08-30 05:17:58,750 [grpc-default-executor-1] INFO  client.GrpcClientProtocolClient (GrpcClientProtocolClient.java:onNext(255)) - client-574492D41EE7->134d4672-e322-4e4b-b7f3-5645abb0fe8c: receive RaftClientReply:client-574492D41EE7->134d4672-e322-4e4b-b7f3-5645abb0fe8c@group-3CB1DFFBCDC2, cid=3004, SUCCESS, logIndex=4504, commits[134d4672-e322-4e4b-b7f3-5645abb0fe8c:c4504, 73af84f3-3e88-4c8c-894c-3ad307bcac8d:c4500, 730a25a1-dbec-44ed-975b-a44ab0096beb:c4500]
2019-08-30 05:17:58,755 | INFO  | DNAudit | user=null | ip=null | op=WRITE_CHUNK {blockData=conID: 3 locID: 102704236376949379 bcsId: 4504} | ret=SUCCESS |  
2019-08-30 05:17:58,757 | INFO  | DNAudit | user=null | ip=null | op=WRITE_CHUNK {blockData=conID: 3 locID: 102704236376949379 bcsId: 4504} | ret=SUCCESS |  
2019-08-30 05:17:58,757 | INFO  | DNAudit | user=null | ip=null | op=WRITE_CHUNK {blockData=conID: 3 locID: 102704236376949379 bcsId: 4504} | ret=SUCCESS |  
2019-08-30 05:17:58,769 | INFO  | DNAudit | user=null | ip=null | op=WRITE_CHUNK {blockData=conID: 3 locID: 102704236376949379 bcsId: 4498} | ret=SUCCESS |  
2019-08-30 05:17:58,769 | INFO  | DNAudit | user=null | ip=null | op=WRITE_CHUNK {blockData=conID: 3 locID: 102704236376949379 bcsId: 4498} | ret=SUCCESS |  
2019-08-30 05:17:58,772 | INFO  | DNAudit | user=null | ip=null | op=PUT_BLOCK {blockData=[blockId=conID: 3 locID: 102704236376949379 bcsId: 0,size=3145728]} | ret=SUCCESS |  
2019-08-30 05:17:58,772 | INFO  | DNAudit | user=null | ip=null | op=PUT_BLOCK {blockData=[blockId=conID: 3 locID: 102704236376949379 bcsId: 0,size=3145728]} | ret=SUCCESS |  
2019-08-30 05:17:58,772 | INFO  | DNAudit | user=null | ip=null | op=WRITE_CHUNK {blockData=conID: 3 locID: 102704236376949379 bcsId: 4504} | ret=SUCCESS |  
2019-08-30 05:17:58,772 | INFO  | DNAudit | user=null | ip=null | op=PUT_BLOCK {blockData=[blockId=conID: 3 locID: 102704236376949379 bcsId: 0,size=4194304]} | ret=SUCCESS |  
2019-08-30 05:17:58,773 [grpc-default-executor-6] INFO  client.GrpcClientProtocolClient (GrpcClientProtocolClient.java:onNext(255)) - client-574492D41EE7->134d4672-e322-4e4b-b7f3-5645abb0fe8c: receive RaftClientReply:client-574492D41EE7->134d4672-e322-4e4b-b7f3-5645abb0fe8c@group-3CB1DFFBCDC2, cid=3005, SUCCESS, logIndex=4507, commits[134d4672-e322-4e4b-b7f3-5645abb0fe8c:c4508, 73af84f3-3e88-4c8c-894c-3ad307bcac8d:c4504, 730a25a1-dbec-44ed-975b-a44ab0096beb:c4504]
2019-08-30 05:17:58,773 [grpc-default-executor-6] INFO  client.GrpcClientProtocolClient (GrpcClientProtocolClient.java:onNext(255)) - client-574492D41EE7->134d4672-e322-4e4b-b7f3-5645abb0fe8c: receive RaftClientReply:client-574492D41EE7->134d4672-e322-4e4b-b7f3-5645abb0fe8c@group-3CB1DFFBCDC2, cid=3006, SUCCESS, logIndex=4508, commits[134d4672-e322-4e4b-b7f3-5645abb0fe8c:c4508, 73af84f3-3e88-4c8c-894c-3ad307bcac8d:c4504, 730a25a1-dbec-44ed-975b-a44ab0096beb:c4504]
2019-08-30 05:17:58,789 | INFO  | DNAudit | user=null | ip=null | op=WRITE_CHUNK {blockData=conID: 3 locID: 102704236376949379 bcsId: 4504} | ret=SUCCESS |  
2019-08-30 05:17:58,789 | INFO  | DNAudit | user=null | ip=null | op=PUT_BLOCK {blockData=[blockId=conID: 3 locID: 102704236376949379 bcsId: 0,size=4194304]} | ret=SUCCESS |  
2019-08-30 05:17:58,789 | INFO  | DNAudit | user=null | ip=null | op=WRITE_CHUNK {blockData=conID: 3 locID: 102704236376949379 bcsId: 4504} | ret=SUCCESS |  
2019-08-30 05:17:58,789 | INFO  | DNAudit | user=null | ip=null | op=PUT_BLOCK {blockData=[blockId=conID: 3 locID: 102704236376949379 bcsId: 0,size=4194304]} | ret=SUCCESS |  
2019-08-30 05:17:58,790 [grpc-default-executor-6] INFO  client.GrpcClientProtocolClient (GrpcClientProtocolClient.java:onNext(255)) - client-574492D41EE7->134d4672-e322-4e4b-b7f3-5645abb0fe8c: receive RaftClientReply:client-574492D41EE7->134d4672-e322-4e4b-b7f3-5645abb0fe8c@group-3CB1DFFBCDC2, cid=3007, SUCCESS, logIndex=0, commits[134d4672-e322-4e4b-b7f3-5645abb0fe8c:c4509, 73af84f3-3e88-4c8c-894c-3ad307bcac8d:c4508, 730a25a1-dbec-44ed-975b-a44ab0096beb:c4508]
2019-08-30 05:17:58,795 | INFO  | SCMAudit | user=jenkins1000 | ip=192.168.36.106 | op=ALLOCATE_BLOCK {owner=85755eb5-052d-48fa-b271-2fe4d8754e12, size=4194304, type=RATIS, factor=THREE} | ret=SUCCESS |  
2019-08-30 05:17:58,798 | INFO  | OMAudit | user=jenkins1000 | ip=127.0.0.1 | op=ALLOCATE_BLOCK {volume=vol-0-00977, bucket=bucket-0-44205, key=key-0-32850, dataSize=0, replicationType=null, replicationFactor=null, keyLocationInfo=null, clientID=102704234570776978} | ret=SUCCESS |  
2019-08-30 05:17:58,804 | INFO  | DNAudit | user=null | ip=null | op=WRITE_CHUNK {blockData=conID: 1 locID: 102704236383109764 bcsId: 0} | ret=SUCCESS |  
2019-08-30 05:17:58,806 | INFO  | DNAudit | user=null | ip=null | op=WRITE_CHUNK {blockData=conID: 1 locID: 102704236383109764 bcsId: 0} | ret=SUCCESS |  
2019-08-30 05:17:58,807 | INFO  | DNAudit | user=null | ip=null | op=WRITE_CHUNK {blockData=conID: 1 locID: 102704236383109764 bcsId: 0} | ret=SUCCESS |  
2019-08-30 05:17:58,808 | INFO  | DNAudit | user=null | ip=null | op=WRITE_CHUNK {blockData=conID: 1 locID: 102704236383109764 bcsId: 0} | ret=SUCCESS |  
2019-08-30 05:17:58,809 | INFO  | DNAudit | user=null | ip=null | op=WRITE_CHUNK {blockData=conID: 1 locID: 102704236383109764 bcsId: 0} | ret=SUCCESS |  
2019-08-30 05:17:58,810 | INFO  | DNAudit | user=null | ip=null | op=WRITE_CHUNK {blockData=conID: 1 locID: 102704236383109764 bcsId: 0} | ret=SUCCESS |  
2019-08-30 05:17:58,816 | INFO  | DNAudit | user=null | ip=null | op=WRITE_CHUNK {blockData=conID: 1 locID: 102704236383109764 bcsId: 0} | ret=SUCCESS |  
2019-08-30 05:17:58,817 | INFO  | DNAudit | user=null | ip=null | op=PUT_BLOCK {blockData=[blockId=conID: 1 locID: 102704236383109764 bcsId: 0,size=1048576]} | ret=SUCCESS |  
2019-08-30 05:17:58,817 [grpc-default-executor-5] INFO  client.GrpcClientProtocolClient (GrpcClientProtocolClient.java:onNext(255)) - client-574492D41EE7->134d4672-e322-4e4b-b7f3-5645abb0fe8c: receive RaftClientReply:client-574492D41EE7->134d4672-e322-4e4b-b7f3-5645abb0fe8c@group-3CB1DFFBCDC2, cid=3008, SUCCESS, logIndex=4511, commits[134d4672-e322-4e4b-b7f3-5645abb0fe8c:c4512, 73af84f3-3e88-4c8c-894c-3ad307bcac8d:c4510, 730a25a1-dbec-44ed-975b-a44ab0096beb:c4510]
2019-08-30 05:17:58,817 | INFO  | DNAudit | user=null | ip=null | op=WRITE_CHUNK {blockData=conID: 1 locID: 102704236383109764 bcsId: 0} | ret=SUCCESS |  
2019-08-30 05:17:58,817 [grpc-default-executor-6] INFO  client.GrpcClientProtocolClient (GrpcClientProtocolClient.java:onNext(255)) - client-574492D41EE7->134d4672-e322-4e4b-b7f3-5645abb0fe8c: receive RaftClientReply:client-574492D41EE7->134d4672-e322-4e4b-b7f3-5645abb0fe8c@group-3CB1DFFBCDC2, cid=3009, SUCCESS, logIndex=4512, commits[134d4672-e322-4e4b-b7f3-5645abb0fe8c:c4512, 73af84f3-3e88-4c8c-894c-3ad307bcac8d:c4510, 730a25a1-dbec-44ed-975b-a44ab0096beb:c4510]
2019-08-30 05:17:58,818 | INFO  | DNAudit | user=null | ip=null | op=PUT_BLOCK {blockData=[blockId=conID: 1 locID: 102704236383109764 bcsId: 0,size=2097152]} | ret=SUCCESS |  
2019-08-30 05:17:58,818 [grpc-default-executor-6] INFO  client.GrpcClientProtocolClient (GrpcClientProtocolClient.java:onNext(255)) - client-574492D41EE7->134d4672-e322-4e4b-b7f3-5645abb0fe8c: receive RaftClientReply:client-574492D41EE7->134d4672-e322-4e4b-b7f3-5645abb0fe8c@group-3CB1DFFBCDC2, cid=3010, SUCCESS, logIndex=4513, commits[134d4672-e322-4e4b-b7f3-5645abb0fe8c:c4514, 73af84f3-3e88-4c8c-894c-3ad307bcac8d:c4510, 730a25a1-dbec-44ed-975b-a44ab0096beb:c4510]
2019-08-30 05:17:58,818 [grpc-default-executor-6] INFO  client.GrpcClientProtocolClient (GrpcClientProtocolClient.java:onNext(255)) - client-574492D41EE7->134d4672-e322-4e4b-b7f3-5645abb0fe8c: receive RaftClientReply:client-574492D41EE7->134d4672-e322-4e4b-b7f3-5645abb0fe8c@group-3CB1DFFBCDC2, cid=3011, SUCCESS, logIndex=4514, commits[134d4672-e322-4e4b-b7f3-5645abb0fe8c:c4514, 73af84f3-3e88-4c8c-894c-3ad307bcac8d:c4510, 730a25a1-dbec-44ed-975b-a44ab0096beb:c4510]
2019-08-30 05:17:58,831 | INFO  | DNAudit | user=null | ip=null | op=WRITE_CHUNK {blockData=conID: 1 locID: 102704236383109764 bcsId: 0} | ret=SUCCESS |  
2019-08-30 05:17:58,831 | INFO  | DNAudit | user=null | ip=null | op=PUT_BLOCK {blockData=[blockId=conID: 1 locID: 102704236383109764 bcsId: 0,size=1048576]} | ret=SUCCESS |  
2019-08-30 05:17:58,831 | INFO  | DNAudit | user=null | ip=null | op=WRITE_CHUNK {blockData=conID: 1 locID: 102704236383109764 bcsId: 0} | ret=SUCCESS |  
2019-08-30 05:17:58,831 | INFO  | DNAudit | user=null | ip=null | op=PUT_BLOCK {blockData=[blockId=conID: 1 locID: 102704236383109764 bcsId: 0,size=1048576]} | ret=SUCCESS |  
2019-08-30 05:17:58,832 | INFO  | DNAudit | user=null | ip=null | op=WRITE_CHUNK {blockData=conID: 1 locID: 102704236383109764 bcsId: 0} | ret=SUCCESS |  
2019-08-30 05:17:58,832 | INFO  | DNAudit | user=null | ip=null | op=WRITE_CHUNK {blockData=conID: 1 locID: 102704236383109764 bcsId: 0} | ret=SUCCESS |  
2019-08-30 05:17:58,832 | INFO  | DNAudit | user=null | ip=null | op=PUT_BLOCK {blockData=[blockId=conID: 1 locID: 102704236383109764 bcsId: 0,size=2097152]} | ret=SUCCESS |  
2019-08-30 05:17:58,832 [grpc-default-executor-6] INFO  client.GrpcClientProtocolClient (GrpcClientProtocolClient.java:onNext(255)) - client-574492D41EE7->134d4672-e322-4e4b-b7f3-5645abb0fe8c: receive RaftClientReply:client-574492D41EE7->134d4672-e322-4e4b-b7f3-5645abb0fe8c@group-3CB1DFFBCDC2, cid=3012, SUCCESS, logIndex=0, commits[134d4672-e322-4e4b-b7f3-5645abb0fe8c:c4516, 73af84f3-3e88-4c8c-894c-3ad307bcac8d:c4512, 730a25a1-dbec-44ed-975b-a44ab0096beb:c4512]
2019-08-30 05:17:58,832 | INFO  | DNAudit | user=null | ip=null | op=PUT_BLOCK {blockData=[blockId=conID: 1 locID: 102704236383109764 bcsId: 0,size=2097152]} | ret=SUCCESS |  
2019-08-30 05:17:58,837 | INFO  | DNAudit | user=null | ip=null | op=WRITE_CHUNK {blockData=conID: 1 locID: 102704236383109764 bcsId: 4514} | ret=SUCCESS |  
2019-08-30 05:17:58,839 | INFO  | DNAudit | user=null | ip=null | op=WRITE_CHUNK {blockData=conID: 1 locID: 102704236383109764 bcsId: 4514} | ret=SUCCESS |  
2019-08-30 05:17:58,840 | INFO  | DNAudit | user=null | ip=null | op=WRITE_CHUNK {blockData=conID: 1 locID: 102704236383109764 bcsId: 4514} | ret=SUCCESS |  
2019-08-30 05:17:58,849 | INFO  | DNAudit | user=null | ip=null | op=WRITE_CHUNK {blockData=conID: 1 locID: 102704236383109764 bcsId: 4514} | ret=SUCCESS |  
2019-08-30 05:17:58,849 | INFO  | DNAudit | user=null | ip=null | op=PUT_BLOCK {blockData=[blockId=conID: 1 locID: 102704236383109764 bcsId: 0,size=3145728]} | ret=SUCCESS |  
2019-08-30 05:17:58,850 [grpc-default-executor-1] INFO  client.GrpcClientProtocolClient (GrpcClientProtocolClient.java:onNext(255)) - client-574492D41EE7->134d4672-e322-4e4b-b7f3-5645abb0fe8c: receive RaftClientReply:client-574492D41EE7->134d4672-e322-4e4b-b7f3-5645abb0fe8c@group-3CB1DFFBCDC2, cid=3013, SUCCESS, logIndex=4519, commits[134d4672-e322-4e4b-b7f3-5645abb0fe8c:c4520, 73af84f3-3e88-4c8c-894c-3ad307bcac8d:c4518, 730a25a1-dbec-44ed-975b-a44ab0096beb:c4518]
2019-08-30 05:17:58,850 [grpc-default-executor-1] INFO  client.GrpcClientProtocolClient (GrpcClientProtocolClient.java:onNext(255)) - client-574492D41EE7->134d4672-e322-4e4b-b7f3-5645abb0fe8c: receive RaftClientReply:client-574492D41EE7->134d4672-e322-4e4b-b7f3-5645abb0fe8c@group-3CB1DFFBCDC2, cid=3014, SUCCESS, logIndex=4520, commits[134d4672-e322-4e4b-b7f3-5645abb0fe8c:c4520, 73af84f3-3e88-4c8c-894c-3ad307bcac8d:c4518, 730a25a1-dbec-44ed-975b-a44ab0096beb:c4518]
2019-08-30 05:17:58,855 | INFO  | DNAudit | user=null | ip=null | op=WRITE_CHUNK {blockData=conID: 1 locID: 102704236383109764 bcsId: 4520} | ret=SUCCESS |  
2019-08-30 05:17:58,857 | INFO  | DNAudit | user=null | ip=null | op=WRITE_CHUNK {blockData=conID: 1 locID: 102704236383109764 bcsId: 4520} | ret=SUCCESS |  
2019-08-30 05:17:58,857 | INFO  | DNAudit | user=null | ip=null | op=WRITE_CHUNK {blockData=conID: 1 locID: 102704236383109764 bcsId: 4520} | ret=SUCCESS |  
2019-08-30 05:17:58,860 | INFO  | DNAudit | user=null | ip=null | op=WRITE_CHUNK {blockData=conID: 1 locID: 102704236383109764 bcsId: 4514} | ret=SUCCESS |  
2019-08-30 05:17:58,860 | INFO  | DNAudit | user=null | ip=null | op=WRITE_CHUNK {blockData=conID: 1 locID: 102704236383109764 bcsId: 4514} | ret=SUCCESS |  
2019-08-30 05:17:58,863 | INFO  | DNAudit | user=null | ip=null | op=PUT_BLOCK {blockData=[blockId=conID: 1 locID: 102704236383109764 bcsId: 0,size=3145728]} | ret=SUCCESS |  
2019-08-30 05:17:58,863 | INFO  | DNAudit | user=null | ip=null | op=PUT_BLOCK {blockData=[blockId=conID: 1 locID: 102704236383109764 bcsId: 0,size=3145728]} | ret=SUCCESS |  
2019-08-30 05:17:58,864 | INFO  | DNAudit | user=null | ip=null | op=WRITE_CHUNK {blockData=conID: 1 locID: 102704236383109764 bcsId: 4520} | ret=SUCCESS |  
2019-08-30 05:17:58,864 | INFO  | DNAudit | user=null | ip=null | op=PUT_BLOCK {blockData=[blockId=conID: 1 locID: 102704236383109764 bcsId: 0,size=4194304]} | ret=SUCCESS |  
2019-08-30 05:17:58,864 [grpc-default-executor-6] INFO  client.GrpcClientProtocolClient (GrpcClientProtocolClient.java:onNext(255)) - client-574492D41EE7->134d4672-e322-4e4b-b7f3-5645abb0fe8c: receive RaftClientReply:client-574492D41EE7->134d4672-e322-4e4b-b7f3-5645abb0fe8c@group-3CB1DFFBCDC2, cid=3015, SUCCESS, logIndex=4523, commits[134d4672-e322-4e4b-b7f3-5645abb0fe8c:c4524, 73af84f3-3e88-4c8c-894c-3ad307bcac8d:c4520, 730a25a1-dbec-44ed-975b-a44ab0096beb:c4520]
2019-08-30 05:17:58,865 [grpc-default-executor-6] INFO  client.GrpcClientProtocolClient (GrpcClientProtocolClient.java:onNext(255)) - client-574492D41EE7->134d4672-e322-4e4b-b7f3-5645abb0fe8c: receive RaftClientReply:client-574492D41EE7->134d4672-e322-4e4b-b7f3-5645abb0fe8c@group-3CB1DFFBCDC2, cid=3016, SUCCESS, logIndex=4524, commits[134d4672-e322-4e4b-b7f3-5645abb0fe8c:c4524, 73af84f3-3e88-4c8c-894c-3ad307bcac8d:c4520, 730a25a1-dbec-44ed-975b-a44ab0096beb:c4520]
2019-08-30 05:17:58,875 | INFO  | DNAudit | user=null | ip=null | op=WRITE_CHUNK {blockData=conID: 1 locID: 102704236383109764 bcsId: 4520} | ret=SUCCESS |  
2019-08-30 05:17:58,875 | INFO  | DNAudit | user=null | ip=null | op=WRITE_CHUNK {blockData=conID: 1 locID: 102704236383109764 bcsId: 4520} | ret=SUCCESS |  
2019-08-30 05:17:58,875 | INFO  | DNAudit | user=null | ip=null | op=PUT_BLOCK {blockData=[blockId=conID: 1 locID: 102704236383109764 bcsId: 0,size=4194304]} | ret=SUCCESS |  
2019-08-30 05:17:58,875 | INFO  | DNAudit | user=null | ip=null | op=PUT_BLOCK {blockData=[blockId=conID: 1 locID: 102704236383109764 bcsId: 0,size=4194304]} | ret=SUCCESS |  
2019-08-30 05:17:58,876 [grpc-default-executor-6] INFO  client.GrpcClientProtocolClient (GrpcClientProtocolClient.java:onNext(255)) - client-574492D41EE7->134d4672-e322-4e4b-b7f3-5645abb0fe8c: receive RaftClientReply:client-574492D41EE7->134d4672-e322-4e4b-b7f3-5645abb0fe8c@group-3CB1DFFBCDC2, cid=3017, SUCCESS, logIndex=0, commits[134d4672-e322-4e4b-b7f3-5645abb0fe8c:c4525, 73af84f3-3e88-4c8c-894c-3ad307bcac8d:c4524, 730a25a1-dbec-44ed-975b-a44ab0096beb:c4524]
2019-08-30 05:17:58,880 | INFO  | SCMAudit | user=jenkins1000 | ip=192.168.36.106 | op=ALLOCATE_BLOCK {owner=85755eb5-052d-48fa-b271-2fe4d8754e12, size=4194304, type=RATIS, factor=THREE} | ret=SUCCESS |  
2019-08-30 05:17:58,884 | INFO  | OMAudit | user=jenkins1000 | ip=127.0.0.1 | op=ALLOCATE_BLOCK {volume=vol-0-00977, bucket=bucket-0-44205, key=key-0-32850, dataSize=0, replicationType=null, replicationFactor=null, keyLocationInfo=null, clientID=102704234570776978} | ret=SUCCESS |  
2019-08-30 05:17:58,890 | INFO  | DNAudit | user=null | ip=null | op=WRITE_CHUNK {blockData=conID: 2 locID: 102704236388680325 bcsId: 0} | ret=SUCCESS |  
2019-08-30 05:17:58,892 | INFO  | DNAudit | user=null | ip=null | op=WRITE_CHUNK {blockData=conID: 2 locID: 102704236388680325 bcsId: 0} | ret=SUCCESS |  
2019-08-30 05:17:58,893 | INFO  | DNAudit | user=null | ip=null | op=WRITE_CHUNK {blockData=conID: 2 locID: 102704236388680325 bcsId: 0} | ret=SUCCESS |  
2019-08-30 05:17:58,894 | INFO  | DNAudit | user=null | ip=null | op=WRITE_CHUNK {blockData=conID: 2 locID: 102704236388680325 bcsId: 0} | ret=SUCCESS |  
2019-08-30 05:17:58,894 | INFO  | DNAudit | user=null | ip=null | op=WRITE_CHUNK {blockData=conID: 2 locID: 102704236388680325 bcsId: 0} | ret=SUCCESS |  
2019-08-30 05:17:58,894 | INFO  | DNAudit | user=null | ip=null | op=WRITE_CHUNK {blockData=conID: 2 locID: 102704236388680325 bcsId: 0} | ret=SUCCESS |  
2019-08-30 05:17:58,903 | INFO  | DNAudit | user=null | ip=null | op=WRITE_CHUNK {blockData=conID: 2 locID: 102704236388680325 bcsId: 0} | ret=SUCCESS |  
2019-08-30 05:17:58,903 | INFO  | DNAudit | user=null | ip=null | op=PUT_BLOCK {blockData=[blockId=conID: 2 locID: 102704236388680325 bcsId: 0,size=1048576]} | ret=SUCCESS |  
2019-08-30 05:17:58,903 [grpc-default-executor-1] INFO  client.GrpcClientProtocolClient (GrpcClientProtocolClient.java:onNext(255)) - client-574492D41EE7->134d4672-e322-4e4b-b7f3-5645abb0fe8c: receive RaftClientReply:client-574492D41EE7->134d4672-e322-4e4b-b7f3-5645abb0fe8c@group-3CB1DFFBCDC2, cid=3018, SUCCESS, logIndex=4527, commits[134d4672-e322-4e4b-b7f3-5645abb0fe8c:c4528, 73af84f3-3e88-4c8c-894c-3ad307bcac8d:c4526, 730a25a1-dbec-44ed-975b-a44ab0096beb:c4526]
2019-08-30 05:17:58,904 | INFO  | DNAudit | user=null | ip=null | op=WRITE_CHUNK {blockData=conID: 2 locID: 102704236388680325 bcsId: 0} | ret=SUCCESS |  
2019-08-30 05:17:58,904 | INFO  | DNAudit | user=null | ip=null | op=PUT_BLOCK {blockData=[blockId=conID: 2 locID: 102704236388680325 bcsId: 0,size=2097152]} | ret=SUCCESS |  
2019-08-30 05:17:58,904 | INFO  | DNAudit | user=null | ip=null | op=WRITE_CHUNK {blockData=conID: 2 locID: 102704236388680325 bcsId: 0} | ret=SUCCESS |  
2019-08-30 05:17:58,904 [grpc-default-executor-5] INFO  client.GrpcClientProtocolClient (GrpcClientProtocolClient.java:onNext(255)) - client-574492D41EE7->134d4672-e322-4e4b-b7f3-5645abb0fe8c: receive RaftClientReply:client-574492D41EE7->134d4672-e322-4e4b-b7f3-5645abb0fe8c@group-3CB1DFFBCDC2, cid=3019, SUCCESS, logIndex=4528, commits[134d4672-e322-4e4b-b7f3-5645abb0fe8c:c4530, 73af84f3-3e88-4c8c-894c-3ad307bcac8d:c4526, 730a25a1-dbec-44ed-975b-a44ab0096beb:c4526]
2019-08-30 05:17:58,904 [grpc-default-executor-5] INFO  client.GrpcClientProtocolClient (GrpcClientProtocolClient.java:onNext(255)) - client-574492D41EE7->134d4672-e322-4e4b-b7f3-5645abb0fe8c: receive RaftClientReply:client-574492D41EE7->134d4672-e322-4e4b-b7f3-5645abb0fe8c@group-3CB1DFFBCDC2, cid=3020, SUCCESS, logIndex=4529, commits[134d4672-e322-4e4b-b7f3-5645abb0fe8c:c4530, 73af84f3-3e88-4c8c-894c-3ad307bcac8d:c4526, 730a25a1-dbec-44ed-975b-a44ab0096beb:c4526]
2019-08-30 05:17:58,904 [grpc-default-executor-5] INFO  client.GrpcClientProtocolClient (GrpcClientProtocolClient.java:onNext(255)) - client-574492D41EE7->134d4672-e322-4e4b-b7f3-5645abb0fe8c: receive RaftClientReply:client-574492D41EE7->134d4672-e322-4e4b-b7f3-5645abb0fe8c@group-3CB1DFFBCDC2, cid=3021, SUCCESS, logIndex=4530, commits[134d4672-e322-4e4b-b7f3-5645abb0fe8c:c4530, 73af84f3-3e88-4c8c-894c-3ad307bcac8d:c4527, 730a25a1-dbec-44ed-975b-a44ab0096beb:c4526]
2019-08-30 05:17:58,906 | INFO  | DNAudit | user=null | ip=null | op=WRITE_CHUNK {blockData=conID: 2 locID: 102704236388680325 bcsId: 0} | ret=SUCCESS |  
2019-08-30 05:17:58,906 | INFO  | DNAudit | user=null | ip=null | op=PUT_BLOCK {blockData=[blockId=conID: 2 locID: 102704236388680325 bcsId: 0,size=1048576]} | ret=SUCCESS |  
2019-08-30 05:17:58,917 | INFO  | DNAudit | user=null | ip=null | op=PUT_BLOCK {blockData=[blockId=conID: 2 locID: 102704236388680325 bcsId: 0,size=1048576]} | ret=SUCCESS |  
2019-08-30 05:17:58,917 | INFO  | DNAudit | user=null | ip=null | op=WRITE_CHUNK {blockData=conID: 2 locID: 102704236388680325 bcsId: 0} | ret=SUCCESS |  
2019-08-30 05:17:58,917 | INFO  | DNAudit | user=null | ip=null | op=PUT_BLOCK {blockData=[blockId=conID: 2 locID: 102704236388680325 bcsId: 0,size=2097152]} | ret=SUCCESS |  
2019-08-30 05:17:58,917 [grpc-default-executor-5] INFO  client.GrpcClientProtocolClient (GrpcClientProtocolClient.java:onNext(255)) - client-574492D41EE7->134d4672-e322-4e4b-b7f3-5645abb0fe8c: receive RaftClientReply:client-574492D41EE7->134d4672-e322-4e4b-b7f3-5645abb0fe8c@group-3CB1DFFBCDC2, cid=3022, SUCCESS, logIndex=0, commits[134d4672-e322-4e4b-b7f3-5645abb0fe8c:c4532, 73af84f3-3e88-4c8c-894c-3ad307bcac8d:c4528, 730a25a1-dbec-44ed-975b-a44ab0096beb:c4528]
2019-08-30 05:17:58,919 | INFO  | DNAudit | user=null | ip=null | op=WRITE_CHUNK {blockData=conID: 2 locID: 102704236388680325 bcsId: 0} | ret=SUCCESS |  
2019-08-30 05:17:58,919 | INFO  | DNAudit | user=null | ip=null | op=PUT_BLOCK {blockData=[blockId=conID: 2 locID: 102704236388680325 bcsId: 0,size=2097152]} | ret=SUCCESS |  
2019-08-30 05:17:58,923 | INFO  | DNAudit | user=null | ip=null | op=WRITE_CHUNK {blockData=conID: 2 locID: 102704236388680325 bcsId: 4530} | ret=SUCCESS |  
2019-08-30 05:17:58,925 | INFO  | DNAudit | user=null | ip=null | op=WRITE_CHUNK {blockData=conID: 2 locID: 102704236388680325 bcsId: 4530} | ret=SUCCESS |  
2019-08-30 05:17:58,926 | INFO  | DNAudit | user=null | ip=null | op=WRITE_CHUNK {blockData=conID: 2 locID: 102704236388680325 bcsId: 4530} | ret=SUCCESS |  
2019-08-30 05:17:58,936 | INFO  | DNAudit | user=null | ip=null | op=WRITE_CHUNK {blockData=conID: 2 locID: 102704236388680325 bcsId: 4530} | ret=SUCCESS |  
2019-08-30 05:17:58,936 | INFO  | DNAudit | user=null | ip=null | op=PUT_BLOCK {blockData=[blockId=conID: 2 locID: 102704236388680325 bcsId: 0,size=3145728]} | ret=SUCCESS |  
2019-08-30 05:17:58,936 [grpc-default-executor-6] INFO  client.GrpcClientProtocolClient (GrpcClientProtocolClient.java:onNext(255)) - client-574492D41EE7->134d4672-e322-4e4b-b7f3-5645abb0fe8c: receive RaftClientReply:client-574492D41EE7->134d4672-e322-4e4b-b7f3-5645abb0fe8c@group-3CB1DFFBCDC2, cid=3023, SUCCESS, logIndex=4534, commits[134d4672-e322-4e4b-b7f3-5645abb0fe8c:c4535, 73af84f3-3e88-4c8c-894c-3ad307bcac8d:c4533, 730a25a1-dbec-44ed-975b-a44ab0096beb:c4533]
2019-08-30 05:17:58,937 [grpc-default-executor-6] INFO  client.GrpcClientProtocolClient (GrpcClientProtocolClient.java:onNext(255)) - client-574492D41EE7->134d4672-e322-4e4b-b7f3-5645abb0fe8c: receive RaftClientReply:client-574492D41EE7->134d4672-e322-4e4b-b7f3-5645abb0fe8c@group-3CB1DFFBCDC2, cid=3024, SUCCESS, logIndex=4535, commits[134d4672-e322-4e4b-b7f3-5645abb0fe8c:c4535, 73af84f3-3e88-4c8c-894c-3ad307bcac8d:c4533, 730a25a1-dbec-44ed-975b-a44ab0096beb:c4533]
2019-08-30 05:17:58,943 | INFO  | DNAudit | user=null | ip=null | op=WRITE_CHUNK {blockData=conID: 2 locID: 102704236388680325 bcsId: 4535} | ret=SUCCESS |  
2019-08-30 05:17:58,945 | INFO  | DNAudit | user=null | ip=null | op=WRITE_CHUNK {blockData=conID: 2 locID: 102704236388680325 bcsId: 4535} | ret=SUCCESS |  
2019-08-30 05:17:58,945 | INFO  | DNAudit | user=null | ip=null | op=WRITE_CHUNK {blockData=conID: 2 locID: 102704236388680325 bcsId: 4535} | ret=SUCCESS |  
2019-08-30 05:17:58,947 | INFO  | DNAudit | user=null | ip=null | op=WRITE_CHUNK {blockData=conID: 2 locID: 102704236388680325 bcsId: 4530} | ret=SUCCESS |  
2019-08-30 05:17:58,948 | INFO  | DNAudit | user=null | ip=null | op=WRITE_CHUNK {blockData=conID: 2 locID: 102704236388680325 bcsId: 4530} | ret=SUCCESS |  
2019-08-30 05:17:58,950 | INFO  | DNAudit | user=null | ip=null | op=PUT_BLOCK {blockData=[blockId=conID: 2 locID: 102704236388680325 bcsId: 0,size=3145728]} | ret=SUCCESS |  
2019-08-30 05:17:58,951 | INFO  | DNAudit | user=null | ip=null | op=PUT_BLOCK {blockData=[blockId=conID: 2 locID: 102704236388680325 bcsId: 0,size=3145728]} | ret=SUCCESS |  
2019-08-30 05:17:58,951 | INFO  | DNAudit | user=null | ip=null | op=WRITE_CHUNK {blockData=conID: 2 locID: 102704236388680325 bcsId: 4535} | ret=SUCCESS |  
2019-08-30 05:17:58,951 | INFO  | DNAudit | user=null | ip=null | op=PUT_BLOCK {blockData=[blockId=conID: 2 locID: 102704236388680325 bcsId: 0,size=4194304]} | ret=SUCCESS |  
2019-08-30 05:17:58,951 [grpc-default-executor-6] INFO  client.GrpcClientProtocolClient (GrpcClientProtocolClient.java:onNext(255)) - client-574492D41EE7->134d4672-e322-4e4b-b7f3-5645abb0fe8c: receive RaftClientReply:client-574492D41EE7->134d4672-e322-4e4b-b7f3-5645abb0fe8c@group-3CB1DFFBCDC2, cid=3025, SUCCESS, logIndex=4538, commits[134d4672-e322-4e4b-b7f3-5645abb0fe8c:c4539, 73af84f3-3e88-4c8c-894c-3ad307bcac8d:c4535, 730a25a1-dbec-44ed-975b-a44ab0096beb:c4535]
2019-08-30 05:17:58,952 [grpc-default-executor-6] INFO  client.GrpcClientProtocolClient (GrpcClientProtocolClient.java:onNext(255)) - client-574492D41EE7->134d4672-e322-4e4b-b7f3-5645abb0fe8c: receive RaftClientReply:client-574492D41EE7->134d4672-e322-4e4b-b7f3-5645abb0fe8c@group-3CB1DFFBCDC2, cid=3026, SUCCESS, logIndex=4539, commits[134d4672-e322-4e4b-b7f3-5645abb0fe8c:c4539, 73af84f3-3e88-4c8c-894c-3ad307bcac8d:c4535, 730a25a1-dbec-44ed-975b-a44ab0096beb:c4535]
2019-08-30 05:17:58,962 | INFO  | DNAudit | user=null | ip=null | op=WRITE_CHUNK {blockData=conID: 2 locID: 102704236388680325 bcsId: 4535} | ret=SUCCESS |  
2019-08-30 05:17:58,962 | INFO  | DNAudit | user=null | ip=null | op=WRITE_CHUNK {blockData=conID: 2 locID: 102704236388680325 bcsId: 4535} | ret=SUCCESS |  
2019-08-30 05:17:58,963 | INFO  | DNAudit | user=null | ip=null | op=PUT_BLOCK {blockData=[blockId=conID: 2 locID: 102704236388680325 bcsId: 0,size=4194304]} | ret=SUCCESS |  
2019-08-30 05:17:58,965 | INFO  | DNAudit | user=null | ip=null | op=PUT_BLOCK {blockData=[blockId=conID: 2 locID: 102704236388680325 bcsId: 0,size=4194304]} | ret=SUCCESS |  
2019-08-30 05:17:58,965 [grpc-default-executor-6] INFO  client.GrpcClientProtocolClient (GrpcClientProtocolClient.java:onNext(255)) - client-574492D41EE7->134d4672-e322-4e4b-b7f3-5645abb0fe8c: receive RaftClientReply:client-574492D41EE7->134d4672-e322-4e4b-b7f3-5645abb0fe8c@group-3CB1DFFBCDC2, cid=3027, SUCCESS, logIndex=0, commits[134d4672-e322-4e4b-b7f3-5645abb0fe8c:c4541, 73af84f3-3e88-4c8c-894c-3ad307bcac8d:c4539, 730a25a1-dbec-44ed-975b-a44ab0096beb:c4539]
2019-08-30 05:17:58,971 | INFO  | SCMAudit | user=jenkins1000 | ip=192.168.36.106 | op=ALLOCATE_BLOCK {owner=85755eb5-052d-48fa-b271-2fe4d8754e12, size=4194304, type=RATIS, factor=THREE} | ret=SUCCESS |  
2019-08-30 05:17:58,975 | INFO  | OMAudit | user=jenkins1000 | ip=127.0.0.1 | op=ALLOCATE_BLOCK {volume=vol-0-00977, bucket=bucket-0-44205, key=key-0-32850, dataSize=0, replicationType=null, replicationFactor=null, keyLocationInfo=null, clientID=102704234570776978} | ret=SUCCESS |  
2019-08-30 05:17:58,984 | INFO  | DNAudit | user=null | ip=null | op=WRITE_CHUNK {blockData=conID: 3 locID: 102704236394644102 bcsId: 0} | ret=SUCCESS |  
2019-08-30 05:17:58,984 | INFO  | DNAudit | user=null | ip=null | op=WRITE_CHUNK {blockData=conID: 3 locID: 102704236394644102 bcsId: 0} | ret=SUCCESS |  
2019-08-30 05:17:58,985 | INFO  | DNAudit | user=null | ip=null | op=WRITE_CHUNK {blockData=conID: 3 locID: 102704236394644102 bcsId: 0} | ret=SUCCESS |  
2019-08-30 05:17:58,985 | INFO  | DNAudit | user=null | ip=null | op=WRITE_CHUNK {blockData=conID: 3 locID: 102704236394644102 bcsId: 0} | ret=SUCCESS |  
2019-08-30 05:17:58,986 | INFO  | DNAudit | user=null | ip=null | op=WRITE_CHUNK {blockData=conID: 3 locID: 102704236394644102 bcsId: 0} | ret=SUCCESS |  
2019-08-30 05:17:58,986 | INFO  | DNAudit | user=null | ip=null | op=PUT_BLOCK {blockData=[blockId=conID: 3 locID: 102704236394644102 bcsId: 0,size=1048576]} | ret=SUCCESS |  
2019-08-30 05:17:58,987 [grpc-default-executor-1] INFO  client.GrpcClientProtocolClient (GrpcClientProtocolClient.java:onNext(255)) - client-574492D41EE7->134d4672-e322-4e4b-b7f3-5645abb0fe8c: receive RaftClientReply:client-574492D41EE7->134d4672-e322-4e4b-b7f3-5645abb0fe8c@group-3CB1DFFBCDC2, cid=3028, SUCCESS, logIndex=4542, commits[134d4672-e322-4e4b-b7f3-5645abb0fe8c:c4543, 73af84f3-3e88-4c8c-894c-3ad307bcac8d:c4539, 730a25a1-dbec-44ed-975b-a44ab0096beb:c4541]
2019-08-30 05:17:58,987 | INFO  | DNAudit | user=null | ip=null | op=WRITE_CHUNK {blockData=conID: 3 locID: 102704236394644102 bcsId: 0} | ret=SUCCESS |  
2019-08-30 05:17:58,987 [grpc-default-executor-1] INFO  client.GrpcClientProtocolClient (GrpcClientProtocolClient.java:onNext(255)) - client-574492D41EE7->134d4672-e322-4e4b-b7f3-5645abb0fe8c: receive RaftClientReply:client-574492D41EE7->134d4672-e322-4e4b-b7f3-5645abb0fe8c@group-3CB1DFFBCDC2, cid=3029, SUCCESS, logIndex=4543, commits[134d4672-e322-4e4b-b7f3-5645abb0fe8c:c4543, 73af84f3-3e88-4c8c-894c-3ad307bcac8d:c4541, 730a25a1-dbec-44ed-975b-a44ab0096beb:c4541]
2019-08-30 05:17:58,987 | INFO  | DNAudit | user=null | ip=null | op=WRITE_CHUNK {blockData=conID: 3 locID: 102704236394644102 bcsId: 0} | ret=SUCCESS |  
2019-08-30 05:17:58,988 | INFO  | DNAudit | user=null | ip=null | op=WRITE_CHUNK {blockData=conID: 3 locID: 102704236394644102 bcsId: 0} | ret=SUCCESS |  
2019-08-30 05:17:58,988 | INFO  | DNAudit | user=null | ip=null | op=WRITE_CHUNK {blockData=conID: 3 locID: 102704236394644102 bcsId: 0} | ret=SUCCESS |  
2019-08-30 05:17:58,989 | INFO  | DNAudit | user=null | ip=null | op=PUT_BLOCK {blockData=[blockId=conID: 3 locID: 102704236394644102 bcsId: 0,size=1048576]} | ret=SUCCESS |  
2019-08-30 05:17:58,989 | INFO  | DNAudit | user=null | ip=null | op=WRITE_CHUNK {blockData=conID: 3 locID: 102704236394644102 bcsId: 0} | ret=SUCCESS |  
2019-08-30 05:17:58,989 | INFO  | DNAudit | user=null | ip=null | op=PUT_BLOCK {blockData=[blockId=conID: 3 locID: 102704236394644102 bcsId: 0,size=2097152]} | ret=SUCCESS |  
2019-08-30 05:17:58,989 | INFO  | DNAudit | user=null | ip=null | op=PUT_BLOCK {blockData=[blockId=conID: 3 locID: 102704236394644102 bcsId: 0,size=1048576]} | ret=SUCCESS |  
2019-08-30 05:17:58,989 [grpc-default-executor-6] INFO  client.GrpcClientProtocolClient (GrpcClientProtocolClient.java:onNext(255)) - client-574492D41EE7->134d4672-e322-4e4b-b7f3-5645abb0fe8c: receive RaftClientReply:client-574492D41EE7->134d4672-e322-4e4b-b7f3-5645abb0fe8c@group-3CB1DFFBCDC2, cid=3030, SUCCESS, logIndex=4544, commits[134d4672-e322-4e4b-b7f3-5645abb0fe8c:c4547, 73af84f3-3e88-4c8c-894c-3ad307bcac8d:c4543, 730a25a1-dbec-44ed-975b-a44ab0096beb:c4541]
2019-08-30 05:17:58,990 [grpc-default-executor-6] INFO  client.GrpcClientProtocolClient (GrpcClientProtocolClient.java:onNext(255)) - client-574492D41EE7->134d4672-e322-4e4b-b7f3-5645abb0fe8c: receive RaftClientReply:client-574492D41EE7->134d4672-e322-4e4b-b7f3-5645abb0fe8c@group-3CB1DFFBCDC2, cid=3031, SUCCESS, logIndex=4545, commits[134d4672-e322-4e4b-b7f3-5645abb0fe8c:c4547, 73af84f3-3e88-4c8c-894c-3ad307bcac8d:c4543, 730a25a1-dbec-44ed-975b-a44ab0096beb:c4543]
2019-08-30 05:17:58,990 | INFO  | DNAudit | user=null | ip=null | op=WRITE_CHUNK {blockData=conID: 3 locID: 102704236394644102 bcsId: 0} | ret=SUCCESS |  
2019-08-30 05:17:58,990 | INFO  | DNAudit | user=null | ip=null | op=PUT_BLOCK {blockData=[blockId=conID: 3 locID: 102704236394644102 bcsId: 0,size=2097152]} | ret=SUCCESS |  
2019-08-30 05:17:58,992 | INFO  | DNAudit | user=null | ip=null | op=WRITE_CHUNK {blockData=conID: 3 locID: 102704236394644102 bcsId: 0} | ret=SUCCESS |  
2019-08-30 05:17:58,992 | INFO  | DNAudit | user=null | ip=null | op=PUT_BLOCK {blockData=[blockId=conID: 3 locID: 102704236394644102 bcsId: 0,size=2097152]} | ret=SUCCESS |  
2019-08-30 05:17:58,996 | INFO  | DNAudit | user=null | ip=null | op=WRITE_CHUNK {blockData=conID: 3 locID: 102704236394644102 bcsId: 4545} | ret=SUCCESS |  
2019-08-30 05:17:58,998 | INFO  | DNAudit | user=null | ip=null | op=WRITE_CHUNK {blockData=conID: 3 locID: 102704236394644102 bcsId: 4545} | ret=SUCCESS |  
2019-08-30 05:17:58,998 | INFO  | DNAudit | user=null | ip=null | op=WRITE_CHUNK {blockData=conID: 3 locID: 102704236394644102 bcsId: 4545} | ret=SUCCESS |  
2019-08-30 05:17:59,023 | INFO  | DNAudit | user=null | ip=null | op=WRITE_CHUNK {blockData=conID: 3 locID: 102704236394644102 bcsId: 4545} | ret=SUCCESS |  
2019-08-30 05:17:59,026 | INFO  | DNAudit | user=null | ip=null | op=PUT_BLOCK {blockData=[blockId=conID: 3 locID: 102704236394644102 bcsId: 0,size=3145728]} | ret=SUCCESS |  
2019-08-30 05:17:59,026 [grpc-default-executor-5] INFO  client.GrpcClientProtocolClient (GrpcClientProtocolClient.java:onNext(255)) - client-574492D41EE7->134d4672-e322-4e4b-b7f3-5645abb0fe8c: receive RaftClientReply:client-574492D41EE7->134d4672-e322-4e4b-b7f3-5645abb0fe8c@group-3CB1DFFBCDC2, cid=3032, SUCCESS, logIndex=4550, commits[134d4672-e322-4e4b-b7f3-5645abb0fe8c:c4551, 73af84f3-3e88-4c8c-894c-3ad307bcac8d:c4545, 730a25a1-dbec-44ed-975b-a44ab0096beb:c4549]
2019-08-30 05:17:59,026 [grpc-default-executor-5] INFO  client.GrpcClientProtocolClient (GrpcClientProtocolClient.java:onNext(255)) - client-574492D41EE7->134d4672-e322-4e4b-b7f3-5645abb0fe8c: receive RaftClientReply:client-574492D41EE7->134d4672-e322-4e4b-b7f3-5645abb0fe8c@group-3CB1DFFBCDC2, cid=3033, SUCCESS, logIndex=4551, commits[134d4672-e322-4e4b-b7f3-5645abb0fe8c:c4551, 73af84f3-3e88-4c8c-894c-3ad307bcac8d:c4549, 730a25a1-dbec-44ed-975b-a44ab0096beb:c4549]
2019-08-30 05:17:59,030 | INFO  | DNAudit | user=null | ip=null | op=WRITE_CHUNK {blockData=conID: 3 locID: 102704236394644102 bcsId: 4545} | ret=SUCCESS |  
2019-08-30 05:17:59,030 | INFO  | DNAudit | user=null | ip=null | op=WRITE_CHUNK {blockData=conID: 3 locID: 102704236394644102 bcsId: 4545} | ret=SUCCESS |  
2019-08-30 05:17:59,033 | INFO  | DNAudit | user=null | ip=null | op=PUT_BLOCK {blockData=[blockId=conID: 3 locID: 102704236394644102 bcsId: 0,size=3145728]} | ret=SUCCESS |  
2019-08-30 05:17:59,033 | INFO  | DNAudit | user=null | ip=null | op=PUT_BLOCK {blockData=[blockId=conID: 3 locID: 102704236394644102 bcsId: 0,size=3145728]} | ret=SUCCESS |  
2019-08-30 05:17:59,034 | INFO  | DNAudit | user=null | ip=null | op=WRITE_CHUNK {blockData=conID: 3 locID: 102704236394644102 bcsId: 4551} | ret=SUCCESS |  
2019-08-30 05:17:59,152 | INFO  | DNAudit | user=null | ip=null | op=WRITE_CHUNK {blockData=conID: 3 locID: 102704236394644102 bcsId: 4551} | ret=SUCCESS |  
2019-08-30 05:17:59,153 | INFO  | DNAudit | user=null | ip=null | op=WRITE_CHUNK {blockData=conID: 3 locID: 102704236394644102 bcsId: 4551} | ret=SUCCESS |  
2019-08-30 05:17:59,164 | INFO  | DNAudit | user=null | ip=null | op=WRITE_CHUNK {blockData=conID: 3 locID: 102704236394644102 bcsId: 4551} | ret=SUCCESS |  
2019-08-30 05:17:59,165 | INFO  | DNAudit | user=null | ip=null | op=PUT_BLOCK {blockData=[blockId=conID: 3 locID: 102704236394644102 bcsId: 0,size=4194304]} | ret=SUCCESS |  
2019-08-30 05:17:59,165 [grpc-default-executor-6] INFO  client.GrpcClientProtocolClient (GrpcClientProtocolClient.java:onNext(255)) - client-574492D41EE7->134d4672-e322-4e4b-b7f3-5645abb0fe8c: receive RaftClientReply:client-574492D41EE7->134d4672-e322-4e4b-b7f3-5645abb0fe8c@group-3CB1DFFBCDC2, cid=3034, SUCCESS, logIndex=4554, commits[134d4672-e322-4e4b-b7f3-5645abb0fe8c:c4555, 73af84f3-3e88-4c8c-894c-3ad307bcac8d:c4552, 730a25a1-dbec-44ed-975b-a44ab0096beb:c4552]
2019-08-30 05:17:59,166 [grpc-default-executor-6] INFO  client.GrpcClientProtocolClient (GrpcClientProtocolClient.java:onNext(255)) - client-574492D41EE7->134d4672-e322-4e4b-b7f3-5645abb0fe8c: receive RaftClientReply:client-574492D41EE7->134d4672-e322-4e4b-b7f3-5645abb0fe8c@group-3CB1DFFBCDC2, cid=3035, SUCCESS, logIndex=4555, commits[134d4672-e322-4e4b-b7f3-5645abb0fe8c:c4555, 73af84f3-3e88-4c8c-894c-3ad307bcac8d:c4552, 730a25a1-dbec-44ed-975b-a44ab0096beb:c4552]
2019-08-30 05:17:59,167 | INFO  | DNAudit | user=null | ip=null | op=WRITE_CHUNK {blockData=conID: 3 locID: 102704236394644102 bcsId: 4551} | ret=SUCCESS |  
2019-08-30 05:17:59,168 | INFO  | DNAudit | user=null | ip=null | op=WRITE_CHUNK {blockData=conID: 3 locID: 102704236394644102 bcsId: 4551} | ret=SUCCESS |  
2019-08-30 05:17:59,168 | INFO  | DNAudit | user=null | ip=null | op=PUT_BLOCK {blockData=[blockId=conID: 3 locID: 102704236394644102 bcsId: 0,size=4194304]} | ret=SUCCESS |  
2019-08-30 05:17:59,179 | INFO  | DNAudit | user=null | ip=null | op=PUT_BLOCK {blockData=[blockId=conID: 3 locID: 102704236394644102 bcsId: 0,size=4194304]} | ret=SUCCESS |  
2019-08-30 05:17:59,179 [grpc-default-executor-6] INFO  client.GrpcClientProtocolClient (GrpcClientProtocolClient.java:onNext(255)) - client-574492D41EE7->134d4672-e322-4e4b-b7f3-5645abb0fe8c: receive RaftClientReply:client-574492D41EE7->134d4672-e322-4e4b-b7f3-5645abb0fe8c@group-3CB1DFFBCDC2, cid=3036, SUCCESS, logIndex=0, commits[134d4672-e322-4e4b-b7f3-5645abb0fe8c:c4556, 73af84f3-3e88-4c8c-894c-3ad307bcac8d:c4555, 730a25a1-dbec-44ed-975b-a44ab0096beb:c4555]
2019-08-30 05:17:59,187 | INFO  | SCMAudit | user=jenkins1000 | ip=192.168.36.106 | op=ALLOCATE_BLOCK {owner=85755eb5-052d-48fa-b271-2fe4d8754e12, size=4194304, type=RATIS, factor=THREE} | ret=SUCCESS |  
2019-08-30 05:17:59,192 | INFO  | OMAudit | user=jenkins1000 | ip=127.0.0.1 | op=ALLOCATE_BLOCK {volume=vol-0-00977, bucket=bucket-0-44205, key=key-0-32850, dataSize=0, replicationType=null, replicationFactor=null, keyLocationInfo=null, clientID=102704234570776978} | ret=SUCCESS |  
2019-08-30 05:17:59,199 | INFO  | DNAudit | user=null | ip=null | op=WRITE_CHUNK {blockData=conID: 1 locID: 102704236408799879 bcsId: 0} | ret=SUCCESS |  
2019-08-30 05:17:59,201 | INFO  | DNAudit | user=null | ip=null | op=WRITE_CHUNK {blockData=conID: 1 locID: 102704236408799879 bcsId: 0} | ret=SUCCESS |  
2019-08-30 05:17:59,201 | INFO  | DNAudit | user=null | ip=null | op=WRITE_CHUNK {blockData=conID: 1 locID: 102704236408799879 bcsId: 0} | ret=SUCCESS |  
2019-08-30 05:17:59,202 | INFO  | DNAudit | user=null | ip=null | op=WRITE_CHUNK {blockData=conID: 1 locID: 102704236408799879 bcsId: 0} | ret=SUCCESS |  
2019-08-30 05:17:59,204 | INFO  | DNAudit | user=null | ip=null | op=WRITE_CHUNK {blockData=conID: 1 locID: 102704236408799879 bcsId: 0} | ret=SUCCESS |  
2019-08-30 05:17:59,205 | INFO  | DNAudit | user=null | ip=null | op=WRITE_CHUNK {blockData=conID: 1 locID: 102704236408799879 bcsId: 0} | ret=SUCCESS |  
2019-08-30 05:17:59,211 | INFO  | DNAudit | user=null | ip=null | op=WRITE_CHUNK {blockData=conID: 1 locID: 102704236408799879 bcsId: 0} | ret=SUCCESS |  
2019-08-30 05:17:59,211 | INFO  | DNAudit | user=null | ip=null | op=PUT_BLOCK {blockData=[blockId=conID: 1 locID: 102704236408799879 bcsId: 0,size=1048576]} | ret=SUCCESS |  
2019-08-30 05:17:59,211 [grpc-default-executor-5] INFO  client.GrpcClientProtocolClient (GrpcClientProtocolClient.java:onNext(255)) - client-574492D41EE7->134d4672-e322-4e4b-b7f3-5645abb0fe8c: receive RaftClientReply:client-574492D41EE7->134d4672-e322-4e4b-b7f3-5645abb0fe8c@group-3CB1DFFBCDC2, cid=3037, SUCCESS, logIndex=4558, commits[134d4672-e322-4e4b-b7f3-5645abb0fe8c:c4559, 73af84f3-3e88-4c8c-894c-3ad307bcac8d:c4557, 730a25a1-dbec-44ed-975b-a44ab0096beb:c4557]
2019-08-30 05:17:59,212 | INFO  | DNAudit | user=null | ip=null | op=WRITE_CHUNK {blockData=conID: 1 locID: 102704236408799879 bcsId: 0} | ret=SUCCESS |  
2019-08-30 05:17:59,212 [grpc-default-executor-5] INFO  client.GrpcClientProtocolClient (GrpcClientProtocolClient.java:onNext(255)) - client-574492D41EE7->134d4672-e322-4e4b-b7f3-5645abb0fe8c: receive RaftClientReply:client-574492D41EE7->134d4672-e322-4e4b-b7f3-5645abb0fe8c@group-3CB1DFFBCDC2, cid=3038, SUCCESS, logIndex=4559, commits[134d4672-e322-4e4b-b7f3-5645abb0fe8c:c4559, 73af84f3-3e88-4c8c-894c-3ad307bcac8d:c4557, 730a25a1-dbec-44ed-975b-a44ab0096beb:c4557]
2019-08-30 05:17:59,212 | INFO  | DNAudit | user=null | ip=null | op=PUT_BLOCK {blockData=[blockId=conID: 1 locID: 102704236408799879 bcsId: 0,size=2097152]} | ret=SUCCESS |  
2019-08-30 05:17:59,212 [grpc-default-executor-5] INFO  client.GrpcClientProtocolClient (GrpcClientProtocolClient.java:onNext(255)) - client-574492D41EE7->134d4672-e322-4e4b-b7f3-5645abb0fe8c: receive RaftClientReply:client-574492D41EE7->134d4672-e322-4e4b-b7f3-5645abb0fe8c@group-3CB1DFFBCDC2, cid=3039, SUCCESS, logIndex=4560, commits[134d4672-e322-4e4b-b7f3-5645abb0fe8c:c4561, 73af84f3-3e88-4c8c-894c-3ad307bcac8d:c4557, 730a25a1-dbec-44ed-975b-a44ab0096beb:c4557]
2019-08-30 05:17:59,212 [grpc-default-executor-5] INFO  client.GrpcClientProtocolClient (GrpcClientProtocolClient.java:onNext(255)) - client-574492D41EE7->134d4672-e322-4e4b-b7f3-5645abb0fe8c: receive RaftClientReply:client-574492D41EE7->134d4672-e322-4e4b-b7f3-5645abb0fe8c@group-3CB1DFFBCDC2, cid=3040, SUCCESS, logIndex=4561, commits[134d4672-e322-4e4b-b7f3-5645abb0fe8c:c4561, 73af84f3-3e88-4c8c-894c-3ad307bcac8d:c4557, 730a25a1-dbec-44ed-975b-a44ab0096beb:c4557]
2019-08-30 05:17:59,225 | INFO  | DNAudit | user=null | ip=null | op=WRITE_CHUNK {blockData=conID: 1 locID: 102704236408799879 bcsId: 0} | ret=SUCCESS |  
2019-08-30 05:17:59,225 | INFO  | DNAudit | user=null | ip=null | op=PUT_BLOCK {blockData=[blockId=conID: 1 locID: 102704236408799879 bcsId: 0,size=1048576]} | ret=SUCCESS |  
2019-08-30 05:17:59,225 | INFO  | DNAudit | user=null | ip=null | op=WRITE_CHUNK {blockData=conID: 1 locID: 102704236408799879 bcsId: 0} | ret=SUCCESS |  
2019-08-30 05:17:59,226 | INFO  | DNAudit | user=null | ip=null | op=PUT_BLOCK {blockData=[blockId=conID: 1 locID: 102704236408799879 bcsId: 0,size=1048576]} | ret=SUCCESS |  
2019-08-30 05:17:59,226 | INFO  | DNAudit | user=null | ip=null | op=WRITE_CHUNK {blockData=conID: 1 locID: 102704236408799879 bcsId: 0} | ret=SUCCESS |  
2019-08-30 05:17:59,226 | INFO  | DNAudit | user=null | ip=null | op=WRITE_CHUNK {blockData=conID: 1 locID: 102704236408799879 bcsId: 0} | ret=SUCCESS |  
2019-08-30 05:17:59,226 | INFO  | DNAudit | user=null | ip=null | op=PUT_BLOCK {blockData=[blockId=conID: 1 locID: 102704236408799879 bcsId: 0,size=2097152]} | ret=SUCCESS |  
2019-08-30 05:17:59,226 | INFO  | DNAudit | user=null | ip=null | op=PUT_BLOCK {blockData=[blockId=conID: 1 locID: 102704236408799879 bcsId: 0,size=2097152]} | ret=SUCCESS |  
2019-08-30 05:17:59,226 [grpc-default-executor-1] INFO  client.GrpcClientProtocolClient (GrpcClientProtocolClient.java:onNext(255)) - client-574492D41EE7->134d4672-e322-4e4b-b7f3-5645abb0fe8c: receive RaftClientReply:client-574492D41EE7->134d4672-e322-4e4b-b7f3-5645abb0fe8c@group-3CB1DFFBCDC2, cid=3041, SUCCESS, logIndex=0, commits[134d4672-e322-4e4b-b7f3-5645abb0fe8c:c4563, 73af84f3-3e88-4c8c-894c-3ad307bcac8d:c4559, 730a25a1-dbec-44ed-975b-a44ab0096beb:c4559]
2019-08-30 05:17:59,233 | INFO  | DNAudit | user=null | ip=null | op=WRITE_CHUNK {blockData=conID: 1 locID: 102704236408799879 bcsId: 4561} | ret=SUCCESS |  
2019-08-30 05:17:59,236 | INFO  | DNAudit | user=null | ip=null | op=WRITE_CHUNK {blockData=conID: 1 locID: 102704236408799879 bcsId: 4561} | ret=SUCCESS |  
2019-08-30 05:17:59,237 | INFO  | DNAudit | user=null | ip=null | op=WRITE_CHUNK {blockData=conID: 1 locID: 102704236408799879 bcsId: 4561} | ret=SUCCESS |  
2019-08-30 05:17:59,245 | INFO  | DNAudit | user=null | ip=null | op=WRITE_CHUNK {blockData=conID: 1 locID: 102704236408799879 bcsId: 4561} | ret=SUCCESS |  
2019-08-30 05:17:59,246 | INFO  | DNAudit | user=null | ip=null | op=PUT_BLOCK {blockData=[blockId=conID: 1 locID: 102704236408799879 bcsId: 0,size=3145728]} | ret=SUCCESS |  
2019-08-30 05:17:59,246 [grpc-default-executor-5] INFO  client.GrpcClientProtocolClient (GrpcClientProtocolClient.java:onNext(255)) - client-574492D41EE7->134d4672-e322-4e4b-b7f3-5645abb0fe8c: receive RaftClientReply:client-574492D41EE7->134d4672-e322-4e4b-b7f3-5645abb0fe8c@group-3CB1DFFBCDC2, cid=3042, SUCCESS, logIndex=4566, commits[134d4672-e322-4e4b-b7f3-5645abb0fe8c:c4567, 73af84f3-3e88-4c8c-894c-3ad307bcac8d:c4565, 730a25a1-dbec-44ed-975b-a44ab0096beb:c4565]
2019-08-30 05:17:59,246 [grpc-default-executor-5] INFO  client.GrpcClientProtocolClient (GrpcClientProtocolClient.java:onNext(255)) - client-574492D41EE7->134d4672-e322-4e4b-b7f3-5645abb0fe8c: receive RaftClientReply:client-574492D41EE7->134d4672-e322-4e4b-b7f3-5645abb0fe8c@group-3CB1DFFBCDC2, cid=3043, SUCCESS, logIndex=4567, commits[134d4672-e322-4e4b-b7f3-5645abb0fe8c:c4567, 73af84f3-3e88-4c8c-894c-3ad307bcac8d:c4565, 730a25a1-dbec-44ed-975b-a44ab0096beb:c4565]
2019-08-30 05:17:59,254 | INFO  | DNAudit | user=null | ip=null | op=WRITE_CHUNK {blockData=conID: 1 locID: 102704236408799879 bcsId: 4567} | ret=SUCCESS |  
2019-08-30 05:17:59,256 | INFO  | DNAudit | user=null | ip=null | op=WRITE_CHUNK {blockData=conID: 1 locID: 102704236408799879 bcsId: 4567} | ret=SUCCESS |  
2019-08-30 05:17:59,256 | INFO  | DNAudit | user=null | ip=null | op=WRITE_CHUNK {blockData=conID: 1 locID: 102704236408799879 bcsId: 4567} | ret=SUCCESS |  
2019-08-30 05:17:59,264 | INFO  | DNAudit | user=null | ip=null | op=WRITE_CHUNK {blockData=conID: 1 locID: 102704236408799879 bcsId: 4561} | ret=SUCCESS |  
2019-08-30 05:17:59,265 | INFO  | DNAudit | user=null | ip=null | op=PUT_BLOCK {blockData=[blockId=conID: 1 locID: 102704236408799879 bcsId: 0,size=3145728]} | ret=SUCCESS |  
2019-08-30 05:17:59,265 | INFO  | DNAudit | user=null | ip=null | op=WRITE_CHUNK {blockData=conID: 1 locID: 102704236408799879 bcsId: 4561} | ret=SUCCESS |  
2019-08-30 05:17:59,265 | INFO  | DNAudit | user=null | ip=null | op=PUT_BLOCK {blockData=[blockId=conID: 1 locID: 102704236408799879 bcsId: 0,size=3145728]} | ret=SUCCESS |  
2019-08-30 05:17:59,267 | INFO  | DNAudit | user=null | ip=null | op=WRITE_CHUNK {blockData=conID: 1 locID: 102704236408799879 bcsId: 4567} | ret=SUCCESS |  
2019-08-30 05:17:59,268 | INFO  | DNAudit | user=null | ip=null | op=PUT_BLOCK {blockData=[blockId=conID: 1 locID: 102704236408799879 bcsId: 0,size=4194304]} | ret=SUCCESS |  
2019-08-30 05:17:59,268 [grpc-default-executor-5] INFO  client.GrpcClientProtocolClient (GrpcClientProtocolClient.java:onNext(255)) - client-574492D41EE7->134d4672-e322-4e4b-b7f3-5645abb0fe8c: receive RaftClientReply:client-574492D41EE7->134d4672-e322-4e4b-b7f3-5645abb0fe8c@group-3CB1DFFBCDC2, cid=3044, SUCCESS, logIndex=4570, commits[134d4672-e322-4e4b-b7f3-5645abb0fe8c:c4571, 73af84f3-3e88-4c8c-894c-3ad307bcac8d:c4567, 730a25a1-dbec-44ed-975b-a44ab0096beb:c4567]
2019-08-30 05:17:59,268 [grpc-default-executor-5] INFO  client.GrpcClientProtocolClient (GrpcClientProtocolClient.java:onNext(255)) - client-574492D41EE7->134d4672-e322-4e4b-b7f3-5645abb0fe8c: receive RaftClientReply:client-574492D41EE7->134d4672-e322-4e4b-b7f3-5645abb0fe8c@group-3CB1DFFBCDC2, cid=3045, SUCCESS, logIndex=4571, commits[134d4672-e322-4e4b-b7f3-5645abb0fe8c:c4571, 73af84f3-3e88-4c8c-894c-3ad307bcac8d:c4567, 730a25a1-dbec-44ed-975b-a44ab0096beb:c4567]
2019-08-30 05:17:59,279 | INFO  | DNAudit | user=null | ip=null | op=WRITE_CHUNK {blockData=conID: 1 locID: 102704236408799879 bcsId: 4567} | ret=SUCCESS |  
2019-08-30 05:17:59,279 | INFO  | DNAudit | user=null | ip=null | op=WRITE_CHUNK {blockData=conID: 1 locID: 102704236408799879 bcsId: 4567} | ret=SUCCESS |  
2019-08-30 05:17:59,279 | INFO  | DNAudit | user=null | ip=null | op=PUT_BLOCK {blockData=[blockId=conID: 1 locID: 102704236408799879 bcsId: 0,size=4194304]} | ret=SUCCESS |  
2019-08-30 05:17:59,279 | INFO  | DNAudit | user=null | ip=null | op=PUT_BLOCK {blockData=[blockId=conID: 1 locID: 102704236408799879 bcsId: 0,size=4194304]} | ret=SUCCESS |  
2019-08-30 05:17:59,280 [grpc-default-executor-5] INFO  client.GrpcClientProtocolClient (GrpcClientProtocolClient.java:onNext(255)) - client-574492D41EE7->134d4672-e322-4e4b-b7f3-5645abb0fe8c: receive RaftClientReply:client-574492D41EE7->134d4672-e322-4e4b-b7f3-5645abb0fe8c@group-3CB1DFFBCDC2, cid=3046, SUCCESS, logIndex=0, commits[134d4672-e322-4e4b-b7f3-5645abb0fe8c:c4572, 73af84f3-3e88-4c8c-894c-3ad307bcac8d:c4571, 730a25a1-dbec-44ed-975b-a44ab0096beb:c4571]
2019-08-30 05:17:59,286 | INFO  | SCMAudit | user=jenkins1000 | ip=192.168.36.106 | op=ALLOCATE_BLOCK {owner=85755eb5-052d-48fa-b271-2fe4d8754e12, size=4194304, type=RATIS, factor=THREE} | ret=SUCCESS |  
2019-08-30 05:17:59,291 | INFO  | OMAudit | user=jenkins1000 | ip=127.0.0.1 | op=ALLOCATE_BLOCK {volume=vol-0-00977, bucket=bucket-0-44205, key=key-0-32850, dataSize=0, replicationType=null, replicationFactor=null, keyLocationInfo=null, clientID=102704234570776978} | ret=SUCCESS |  
2019-08-30 05:17:59,299 | INFO  | DNAudit | user=null | ip=null | op=WRITE_CHUNK {blockData=conID: 2 locID: 102704236415287944 bcsId: 0} | ret=SUCCESS |  
2019-08-30 05:17:59,302 | INFO  | DNAudit | user=null | ip=null | op=WRITE_CHUNK {blockData=conID: 2 locID: 102704236415287944 bcsId: 0} | ret=SUCCESS |  
2019-08-30 05:17:59,302 | INFO  | DNAudit | user=null | ip=null | op=WRITE_CHUNK {blockData=conID: 2 locID: 102704236415287944 bcsId: 0} | ret=SUCCESS |  
2019-08-30 05:17:59,303 | INFO  | DNAudit | user=null | ip=null | op=WRITE_CHUNK {blockData=conID: 2 locID: 102704236415287944 bcsId: 0} | ret=SUCCESS |  
2019-08-30 05:17:59,304 | INFO  | DNAudit | user=null | ip=null | op=WRITE_CHUNK {blockData=conID: 2 locID: 102704236415287944 bcsId: 0} | ret=SUCCESS |  
2019-08-30 05:17:59,304 | INFO  | DNAudit | user=null | ip=null | op=WRITE_CHUNK {blockData=conID: 2 locID: 102704236415287944 bcsId: 0} | ret=SUCCESS |  
2019-08-30 05:17:59,313 | INFO  | DNAudit | user=null | ip=null | op=WRITE_CHUNK {blockData=conID: 2 locID: 102704236415287944 bcsId: 0} | ret=SUCCESS |  
2019-08-30 05:17:59,313 | INFO  | DNAudit | user=null | ip=null | op=PUT_BLOCK {blockData=[blockId=conID: 2 locID: 102704236415287944 bcsId: 0,size=1048576]} | ret=SUCCESS |  
2019-08-30 05:17:59,314 [grpc-default-executor-5] INFO  client.GrpcClientProtocolClient (GrpcClientProtocolClient.java:onNext(255)) - client-574492D41EE7->134d4672-e322-4e4b-b7f3-5645abb0fe8c: receive RaftClientReply:client-574492D41EE7->134d4672-e322-4e4b-b7f3-5645abb0fe8c@group-3CB1DFFBCDC2, cid=3047, SUCCESS, logIndex=4573, commits[134d4672-e322-4e4b-b7f3-5645abb0fe8c:c4574, 73af84f3-3e88-4c8c-894c-3ad307bcac8d:c4572, 730a25a1-dbec-44ed-975b-a44ab0096beb:c4572]
2019-08-30 05:17:59,314 [grpc-default-executor-5] INFO  client.GrpcClientProtocolClient (GrpcClientProtocolClient.java:onNext(255)) - client-574492D41EE7->134d4672-e322-4e4b-b7f3-5645abb0fe8c: receive RaftClientReply:client-574492D41EE7->134d4672-e322-4e4b-b7f3-5645abb0fe8c@group-3CB1DFFBCDC2, cid=3048, SUCCESS, logIndex=4574, commits[134d4672-e322-4e4b-b7f3-5645abb0fe8c:c4574, 73af84f3-3e88-4c8c-894c-3ad307bcac8d:c4572, 730a25a1-dbec-44ed-975b-a44ab0096beb:c4572]
2019-08-30 05:17:59,340 | INFO  | DNAudit | user=null | ip=null | op=WRITE_CHUNK {blockData=conID: 2 locID: 102704236415287944 bcsId: 0} | ret=SUCCESS |  
2019-08-30 05:17:59,340 | INFO  | DNAudit | user=null | ip=null | op=PUT_BLOCK {blockData=[blockId=conID: 2 locID: 102704236415287944 bcsId: 0,size=2097152]} | ret=SUCCESS |  
2019-08-30 05:17:59,340 [grpc-default-executor-6] INFO  client.GrpcClientProtocolClient (GrpcClientProtocolClient.java:onNext(255)) - client-574492D41EE7->134d4672-e322-4e4b-b7f3-5645abb0fe8c: receive RaftClientReply:client-574492D41EE7->134d4672-e322-4e4b-b7f3-5645abb0fe8c@group-3CB1DFFBCDC2, cid=3049, SUCCESS, logIndex=4575, commits[134d4672-e322-4e4b-b7f3-5645abb0fe8c:c4576, 73af84f3-3e88-4c8c-894c-3ad307bcac8d:c4572, 730a25a1-dbec-44ed-975b-a44ab0096beb:c4572]
2019-08-30 05:17:59,341 [grpc-default-executor-6] INFO  client.GrpcClientProtocolClient (GrpcClientProtocolClient.java:onNext(255)) - client-574492D41EE7->134d4672-e322-4e4b-b7f3-5645abb0fe8c: receive RaftClientReply:client-574492D41EE7->134d4672-e322-4e4b-b7f3-5645abb0fe8c@group-3CB1DFFBCDC2, cid=3050, SUCCESS, logIndex=4576, commits[134d4672-e322-4e4b-b7f3-5645abb0fe8c:c4576, 73af84f3-3e88-4c8c-894c-3ad307bcac8d:c4572, 730a25a1-dbec-44ed-975b-a44ab0096beb:c4572]
2019-08-30 05:17:59,352 | INFO  | DNAudit | user=null | ip=null | op=WRITE_CHUNK {blockData=conID: 2 locID: 102704236415287944 bcsId: 0} | ret=SUCCESS |  
2019-08-30 05:17:59,353 | INFO  | DNAudit | user=null | ip=null | op=PUT_BLOCK {blockData=[blockId=conID: 2 locID: 102704236415287944 bcsId: 0,size=1048576]} | ret=SUCCESS |  
2019-08-30 05:17:59,353 | INFO  | DNAudit | user=null | ip=null | op=WRITE_CHUNK {blockData=conID: 2 locID: 102704236415287944 bcsId: 0} | ret=SUCCESS |  
2019-08-30 05:17:59,353 | INFO  | DNAudit | user=null | ip=null | op=PUT_BLOCK {blockData=[blockId=conID: 2 locID: 102704236415287944 bcsId: 0,size=1048576]} | ret=SUCCESS |  
2019-08-30 05:17:59,353 | INFO  | DNAudit | user=null | ip=null | op=WRITE_CHUNK {blockData=conID: 2 locID: 102704236415287944 bcsId: 0} | ret=SUCCESS |  
2019-08-30 05:17:59,354 | INFO  | DNAudit | user=null | ip=null | op=PUT_BLOCK {blockData=[blockId=conID: 2 locID: 102704236415287944 bcsId: 0,size=2097152]} | ret=SUCCESS |  
2019-08-30 05:17:59,354 [grpc-default-executor-6] INFO  client.GrpcClientProtocolClient (GrpcClientProtocolClient.java:onNext(255)) - client-574492D41EE7->134d4672-e322-4e4b-b7f3-5645abb0fe8c: receive RaftClientReply:client-574492D41EE7->134d4672-e322-4e4b-b7f3-5645abb0fe8c@group-3CB1DFFBCDC2, cid=3051, SUCCESS, logIndex=0, commits[134d4672-e322-4e4b-b7f3-5645abb0fe8c:c4578, 73af84f3-3e88-4c8c-894c-3ad307bcac8d:c4574, 730a25a1-dbec-44ed-975b-a44ab0096beb:c4574]
2019-08-30 05:17:59,354 | INFO  | DNAudit | user=null | ip=null | op=WRITE_CHUNK {blockData=conID: 2 locID: 102704236415287944 bcsId: 0} | ret=SUCCESS |  
2019-08-30 05:17:59,354 | INFO  | DNAudit | user=null | ip=null | op=PUT_BLOCK {blockData=[blockId=conID: 2 locID: 102704236415287944 bcsId: 0,size=2097152]} | ret=SUCCESS |  
2019-08-30 05:17:59,361 | INFO  | DNAudit | user=null | ip=null | op=WRITE_CHUNK {blockData=conID: 2 locID: 102704236415287944 bcsId: 4576} | ret=SUCCESS |  
2019-08-30 05:17:59,364 | INFO  | DNAudit | user=null | ip=null | op=WRITE_CHUNK {blockData=conID: 2 locID: 102704236415287944 bcsId: 4576} | ret=SUCCESS |  
2019-08-30 05:17:59,365 | INFO  | DNAudit | user=null | ip=null | op=WRITE_CHUNK {blockData=conID: 2 locID: 102704236415287944 bcsId: 4576} | ret=SUCCESS |  
2019-08-30 05:17:59,374 | INFO  | DNAudit | user=null | ip=null | op=WRITE_CHUNK {blockData=conID: 2 locID: 102704236415287944 bcsId: 4576} | ret=SUCCESS |  
2019-08-30 05:17:59,375 | INFO  | DNAudit | user=null | ip=null | op=PUT_BLOCK {blockData=[blockId=conID: 2 locID: 102704236415287944 bcsId: 0,size=3145728]} | ret=SUCCESS |  
2019-08-30 05:17:59,375 [grpc-default-executor-3] INFO  client.GrpcClientProtocolClient (GrpcClientProtocolClient.java:onNext(255)) - client-574492D41EE7->134d4672-e322-4e4b-b7f3-5645abb0fe8c: receive RaftClientReply:client-574492D41EE7->134d4672-e322-4e4b-b7f3-5645abb0fe8c@group-3CB1DFFBCDC2, cid=3052, SUCCESS, logIndex=4581, commits[134d4672-e322-4e4b-b7f3-5645abb0fe8c:c4582, 73af84f3-3e88-4c8c-894c-3ad307bcac8d:c4580, 730a25a1-dbec-44ed-975b-a44ab0096beb:c4580]
2019-08-30 05:17:59,375 [grpc-default-executor-3] INFO  client.GrpcClientProtocolClient (GrpcClientProtocolClient.java:onNext(255)) - client-574492D41EE7->134d4672-e322-4e4b-b7f3-5645abb0fe8c: receive RaftClientReply:client-574492D41EE7->134d4672-e322-4e4b-b7f3-5645abb0fe8c@group-3CB1DFFBCDC2, cid=3053, SUCCESS, logIndex=4582, commits[134d4672-e322-4e4b-b7f3-5645abb0fe8c:c4582, 73af84f3-3e88-4c8c-894c-3ad307bcac8d:c4580, 730a25a1-dbec-44ed-975b-a44ab0096beb:c4580]
2019-08-30 05:17:59,382 | INFO  | DNAudit | user=null | ip=null | op=WRITE_CHUNK {blockData=conID: 2 locID: 102704236415287944 bcsId: 4582} | ret=SUCCESS |  
2019-08-30 05:17:59,385 | INFO  | DNAudit | user=null | ip=null | op=WRITE_CHUNK {blockData=conID: 2 locID: 102704236415287944 bcsId: 4582} | ret=SUCCESS |  
2019-08-30 05:17:59,385 | INFO  | DNAudit | user=null | ip=null | op=WRITE_CHUNK {blockData=conID: 2 locID: 102704236415287944 bcsId: 4582} | ret=SUCCESS |  
2019-08-30 05:17:59,386 | INFO  | DNAudit | user=null | ip=null | op=WRITE_CHUNK {blockData=conID: 2 locID: 102704236415287944 bcsId: 4576} | ret=SUCCESS |  
2019-08-30 05:17:59,386 | INFO  | DNAudit | user=null | ip=null | op=WRITE_CHUNK {blockData=conID: 2 locID: 102704236415287944 bcsId: 4576} | ret=SUCCESS |  
2019-08-30 05:17:59,388 | INFO  | DNAudit | user=null | ip=null | op=PUT_BLOCK {blockData=[blockId=conID: 2 locID: 102704236415287944 bcsId: 0,size=3145728]} | ret=SUCCESS |  
2019-08-30 05:17:59,388 | INFO  | DNAudit | user=null | ip=null | op=PUT_BLOCK {blockData=[blockId=conID: 2 locID: 102704236415287944 bcsId: 0,size=3145728]} | ret=SUCCESS |  
2019-08-30 05:17:59,389 | INFO  | DNAudit | user=null | ip=null | op=WRITE_CHUNK {blockData=conID: 2 locID: 102704236415287944 bcsId: 4582} | ret=SUCCESS |  
2019-08-30 05:17:59,389 | INFO  | DNAudit | user=null | ip=null | op=PUT_BLOCK {blockData=[blockId=conID: 2 locID: 102704236415287944 bcsId: 0,size=4194304]} | ret=SUCCESS |  
2019-08-30 05:17:59,390 [grpc-default-executor-5] INFO  client.GrpcClientProtocolClient (GrpcClientProtocolClient.java:onNext(255)) - client-574492D41EE7->134d4672-e322-4e4b-b7f3-5645abb0fe8c: receive RaftClientReply:client-574492D41EE7->134d4672-e322-4e4b-b7f3-5645abb0fe8c@group-3CB1DFFBCDC2, cid=3054, SUCCESS, logIndex=4585, commits[134d4672-e322-4e4b-b7f3-5645abb0fe8c:c4586, 73af84f3-3e88-4c8c-894c-3ad307bcac8d:c4582, 730a25a1-dbec-44ed-975b-a44ab0096beb:c4582]
2019-08-30 05:17:59,390 [grpc-default-executor-5] INFO  client.GrpcClientProtocolClient (GrpcClientProtocolClient.java:onNext(255)) - client-574492D41EE7->134d4672-e322-4e4b-b7f3-5645abb0fe8c: receive RaftClientReply:client-574492D41EE7->134d4672-e322-4e4b-b7f3-5645abb0fe8c@group-3CB1DFFBCDC2, cid=3055, SUCCESS, logIndex=4586, commits[134d4672-e322-4e4b-b7f3-5645abb0fe8c:c4586, 73af84f3-3e88-4c8c-894c-3ad307bcac8d:c4582, 730a25a1-dbec-44ed-975b-a44ab0096beb:c4582]
2019-08-30 05:17:59,402 | INFO  | DNAudit | user=null | ip=null | op=WRITE_CHUNK {blockData=conID: 2 locID: 102704236415287944 bcsId: 4582} | ret=SUCCESS |  
2019-08-30 05:17:59,402 | INFO  | DNAudit | user=null | ip=null | op=WRITE_CHUNK {blockData=conID: 2 locID: 102704236415287944 bcsId: 4582} | ret=SUCCESS |  
2019-08-30 05:17:59,413 | INFO  | SCMAudit | user=jenkins1000 | ip=192.168.36.106 | op=SEND_HEARTBEAT {datanodeUUID=73af84f3-3e88-4c8c-894c-3ad307bcac8d, command=[]} | ret=SUCCESS |  
2019-08-30 05:17:59,413 | INFO  | SCMAudit | user=jenkins1000 | ip=192.168.36.106 | op=SEND_HEARTBEAT {datanodeUUID=ea5d4b6b-4a08-401a-8c59-ecc1ca37daf5, command=[]} | ret=SUCCESS |  
2019-08-30 05:17:59,413 | INFO  | SCMAudit | user=jenkins1000 | ip=192.168.36.106 | op=SEND_HEARTBEAT {datanodeUUID=730a25a1-dbec-44ed-975b-a44ab0096beb, command=[]} | ret=SUCCESS |  
 0.00% |█                                                                                                    |  0/1 Time: 0:00:282019-08-30 05:17:59,414 | INFO  | SCMAudit | user=jenkins1000 | ip=192.168.36.106 | op=SEND_HEARTBEAT {datanodeUUID=134d4672-e322-4e4b-b7f3-5645abb0fe8c, command=[]} | ret=SUCCESS |  
2019-08-30 05:17:59,415 | INFO  | DNAudit | user=null | ip=null | op=PUT_BLOCK {blockData=[blockId=conID: 2 locID: 102704236415287944 bcsId: 0,size=4194304]} | ret=SUCCESS |  
2019-08-30 05:17:59,415 | INFO  | DNAudit | user=null | ip=null | op=PUT_BLOCK {blockData=[blockId=conID: 2 locID: 102704236415287944 bcsId: 0,size=4194304]} | ret=SUCCESS |  
2019-08-30 05:17:59,416 [grpc-default-executor-3] INFO  client.GrpcClientProtocolClient (GrpcClientProtocolClient.java:onNext(255)) - client-574492D41EE7->134d4672-e322-4e4b-b7f3-5645abb0fe8c: receive RaftClientReply:client-574492D41EE7->134d4672-e322-4e4b-b7f3-5645abb0fe8c@group-3CB1DFFBCDC2, cid=3056, SUCCESS, logIndex=0, commits[134d4672-e322-4e4b-b7f3-5645abb0fe8c:c4588, 73af84f3-3e88-4c8c-894c-3ad307bcac8d:c4586, 730a25a1-dbec-44ed-975b-a44ab0096beb:c4586]
2019-08-30 05:17:59,421 | INFO  | SCMAudit | user=jenkins1000 | ip=192.168.36.106 | op=ALLOCATE_BLOCK {owner=85755eb5-052d-48fa-b271-2fe4d8754e12, size=4194304, type=RATIS, factor=THREE} | ret=SUCCESS |  
2019-08-30 05:17:59,424 | INFO  | OMAudit | user=jenkins1000 | ip=127.0.0.1 | op=ALLOCATE_BLOCK {volume=vol-0-00977, bucket=bucket-0-44205, key=key-0-32850, dataSize=0, replicationType=null, replicationFactor=null, keyLocationInfo=null, clientID=102704234570776978} | ret=SUCCESS |  
2019-08-30 05:17:59,432 | INFO  | DNAudit | user=null | ip=null | op=WRITE_CHUNK {blockData=conID: 3 locID: 102704236424135305 bcsId: 0} | ret=SUCCESS |  
2019-08-30 05:17:59,434 | INFO  | DNAudit | user=null | ip=null | op=WRITE_CHUNK {blockData=conID: 3 locID: 102704236424135305 bcsId: 0} | ret=SUCCESS |  
2019-08-30 05:17:59,435 | INFO  | DNAudit | user=null | ip=null | op=WRITE_CHUNK {blockData=conID: 3 locID: 102704236424135305 bcsId: 0} | ret=SUCCESS |  
2019-08-30 05:17:59,435 | INFO  | DNAudit | user=null | ip=null | op=WRITE_CHUNK {blockData=conID: 3 locID: 102704236424135305 bcsId: 0} | ret=SUCCESS |  
2019-08-30 05:17:59,438 | INFO  | DNAudit | user=null | ip=null | op=WRITE_CHUNK {blockData=conID: 3 locID: 102704236424135305 bcsId: 0} | ret=SUCCESS |  
2019-08-30 05:17:59,438 | INFO  | DNAudit | user=null | ip=null | op=WRITE_CHUNK {blockData=conID: 3 locID: 102704236424135305 bcsId: 0} | ret=SUCCESS |  
2019-08-30 05:17:59,444 | INFO  | DNAudit | user=null | ip=null | op=WRITE_CHUNK {blockData=conID: 3 locID: 102704236424135305 bcsId: 0} | ret=SUCCESS |  
2019-08-30 05:17:59,445 | INFO  | DNAudit | user=null | ip=null | op=PUT_BLOCK {blockData=[blockId=conID: 3 locID: 102704236424135305 bcsId: 0,size=1048576]} | ret=SUCCESS |  
2019-08-30 05:17:59,445 [grpc-default-executor-3] INFO  client.GrpcClientProtocolClient (GrpcClientProtocolClient.java:onNext(255)) - client-574492D41EE7->134d4672-e322-4e4b-b7f3-5645abb0fe8c: receive RaftClientReply:client-574492D41EE7->134d4672-e322-4e4b-b7f3-5645abb0fe8c@group-3CB1DFFBCDC2, cid=3057, SUCCESS, logIndex=4589, commits[134d4672-e322-4e4b-b7f3-5645abb0fe8c:c4590, 73af84f3-3e88-4c8c-894c-3ad307bcac8d:c4588, 730a25a1-dbec-44ed-975b-a44ab0096beb:c4588]
2019-08-30 05:17:59,446 [grpc-default-executor-3] INFO  client.GrpcClientProtocolClient (GrpcClientProtocolClient.java:onNext(255)) - client-574492D41EE7->134d4672-e322-4e4b-b7f3-5645abb0fe8c: receive RaftClientReply:client-574492D41EE7->134d4672-e322-4e4b-b7f3-5645abb0fe8c@group-3CB1DFFBCDC2, cid=3058, SUCCESS, logIndex=4590, commits[134d4672-e322-4e4b-b7f3-5645abb0fe8c:c4590, 73af84f3-3e88-4c8c-894c-3ad307bcac8d:c4588, 730a25a1-dbec-44ed-975b-a44ab0096beb:c4588]
2019-08-30 05:17:59,448 | INFO  | DNAudit | user=null | ip=null | op=WRITE_CHUNK {blockData=conID: 3 locID: 102704236424135305 bcsId: 0} | ret=SUCCESS |  
2019-08-30 05:17:59,448 | INFO  | DNAudit | user=null | ip=null | op=WRITE_CHUNK {blockData=conID: 3 locID: 102704236424135305 bcsId: 0} | ret=SUCCESS |  
2019-08-30 05:17:59,449 | INFO  | DNAudit | user=null | ip=null | op=PUT_BLOCK {blockData=[blockId=conID: 3 locID: 102704236424135305 bcsId: 0,size=2097152]} | ret=SUCCESS |  
2019-08-30 05:17:59,449 [grpc-default-executor-5] INFO  client.GrpcClientProtocolClient (GrpcClientProtocolClient.java:onNext(255)) - client-574492D41EE7->134d4672-e322-4e4b-b7f3-5645abb0fe8c: receive RaftClientReply:client-574492D41EE7->134d4672-e322-4e4b-b7f3-5645abb0fe8c@group-3CB1DFFBCDC2, cid=3059, SUCCESS, logIndex=4591, commits[134d4672-e322-4e4b-b7f3-5645abb0fe8c:c4592, 73af84f3-3e88-4c8c-894c-3ad307bcac8d:c4588, 730a25a1-dbec-44ed-975b-a44ab0096beb:c4588]
2019-08-30 05:17:59,449 [grpc-default-executor-5] INFO  client.GrpcClientProtocolClient (GrpcClientProtocolClient.java:onNext(255)) - client-574492D41EE7->134d4672-e322-4e4b-b7f3-5645abb0fe8c: receive RaftClientReply:client-574492D41EE7->134d4672-e322-4e4b-b7f3-5645abb0fe8c@group-3CB1DFFBCDC2, cid=3060, SUCCESS, logIndex=4592, commits[134d4672-e322-4e4b-b7f3-5645abb0fe8c:c4593, 73af84f3-3e88-4c8c-894c-3ad307bcac8d:c4588, 730a25a1-dbec-44ed-975b-a44ab0096beb:c4589]
2019-08-30 05:17:59,461 | INFO  | DNAudit | user=null | ip=null | op=PUT_BLOCK {blockData=[blockId=conID: 3 locID: 102704236424135305 bcsId: 0,size=1048576]} | ret=SUCCESS |  
2019-08-30 05:17:59,461 | INFO  | DNAudit | user=null | ip=null | op=WRITE_CHUNK {blockData=conID: 3 locID: 102704236424135305 bcsId: 0} | ret=SUCCESS |  
2019-08-30 05:17:59,461 | INFO  | DNAudit | user=null | ip=null | op=PUT_BLOCK {blockData=[blockId=conID: 3 locID: 102704236424135305 bcsId: 0,size=1048576]} | ret=SUCCESS |  
2019-08-30 05:17:59,462 [grpc-default-executor-5] INFO  client.GrpcClientProtocolClient (GrpcClientProtocolClient.java:onNext(255)) - client-574492D41EE7->134d4672-e322-4e4b-b7f3-5645abb0fe8c: receive RaftClientReply:client-574492D41EE7->134d4672-e322-4e4b-b7f3-5645abb0fe8c@group-3CB1DFFBCDC2, cid=3061, SUCCESS, logIndex=0, commits[134d4672-e322-4e4b-b7f3-5645abb0fe8c:c4594, 73af84f3-3e88-4c8c-894c-3ad307bcac8d:c4590, 730a25a1-dbec-44ed-975b-a44ab0096beb:c4590]
2019-08-30 05:17:59,462 | INFO  | DNAudit | user=null | ip=null | op=WRITE_CHUNK {blockData=conID: 3 locID: 102704236424135305 bcsId: 0} | ret=SUCCESS |  
2019-08-30 05:17:59,462 | INFO  | DNAudit | user=null | ip=null | op=WRITE_CHUNK {blockData=conID: 3 locID: 102704236424135305 bcsId: 0} | ret=SUCCESS |  
2019-08-30 05:17:59,462 | INFO  | DNAudit | user=null | ip=null | op=PUT_BLOCK {blockData=[blockId=conID: 3 locID: 102704236424135305 bcsId: 0,size=2097152]} | ret=SUCCESS |  
2019-08-30 05:17:59,462 | INFO  | DNAudit | user=null | ip=null | op=PUT_BLOCK {blockData=[blockId=conID: 3 locID: 102704236424135305 bcsId: 0,size=2097152]} | ret=SUCCESS |  
2019-08-30 05:17:59,469 | INFO  | DNAudit | user=null | ip=null | op=WRITE_CHUNK {blockData=conID: 3 locID: 102704236424135305 bcsId: 4592} | ret=SUCCESS |  
2019-08-30 05:17:59,473 | INFO  | DNAudit | user=null | ip=null | op=WRITE_CHUNK {blockData=conID: 3 locID: 102704236424135305 bcsId: 4592} | ret=SUCCESS |  
2019-08-30 05:17:59,473 | INFO  | DNAudit | user=null | ip=null | op=WRITE_CHUNK {blockData=conID: 3 locID: 102704236424135305 bcsId: 4592} | ret=SUCCESS |  
2019-08-30 05:17:59,480 | INFO  | DNAudit | user=null | ip=null | op=WRITE_CHUNK {blockData=conID: 3 locID: 102704236424135305 bcsId: 4592} | ret=SUCCESS |  
2019-08-30 05:17:59,480 | INFO  | DNAudit | user=null | ip=null | op=PUT_BLOCK {blockData=[blockId=conID: 3 locID: 102704236424135305 bcsId: 0,size=3145728]} | ret=SUCCESS |  
2019-08-30 05:17:59,481 [grpc-default-executor-3] INFO  client.GrpcClientProtocolClient (GrpcClientProtocolClient.java:onNext(255)) - client-574492D41EE7->134d4672-e322-4e4b-b7f3-5645abb0fe8c: receive RaftClientReply:client-574492D41EE7->134d4672-e322-4e4b-b7f3-5645abb0fe8c@group-3CB1DFFBCDC2, cid=3062, SUCCESS, logIndex=4597, commits[134d4672-e322-4e4b-b7f3-5645abb0fe8c:c4598, 73af84f3-3e88-4c8c-894c-3ad307bcac8d:c4596, 730a25a1-dbec-44ed-975b-a44ab0096beb:c4596]
2019-08-30 05:17:59,481 [grpc-default-executor-3] INFO  client.GrpcClientProtocolClient (GrpcClientProtocolClient.java:onNext(255)) - client-574492D41EE7->134d4672-e322-4e4b-b7f3-5645abb0fe8c: receive RaftClientReply:client-574492D41EE7->134d4672-e322-4e4b-b7f3-5645abb0fe8c@group-3CB1DFFBCDC2, cid=3063, SUCCESS, logIndex=4598, commits[134d4672-e322-4e4b-b7f3-5645abb0fe8c:c4598, 73af84f3-3e88-4c8c-894c-3ad307bcac8d:c4596, 730a25a1-dbec-44ed-975b-a44ab0096beb:c4596]
2019-08-30 05:17:59,488 | INFO  | DNAudit | user=null | ip=null | op=WRITE_CHUNK {blockData=conID: 3 locID: 102704236424135305 bcsId: 4598} | ret=SUCCESS |  
2019-08-30 05:17:59,490 | INFO  | DNAudit | user=null | ip=null | op=WRITE_CHUNK {blockData=conID: 3 locID: 102704236424135305 bcsId: 4598} | ret=SUCCESS |  
2019-08-30 05:17:59,490 | INFO  | DNAudit | user=null | ip=null | op=WRITE_CHUNK {blockData=conID: 3 locID: 102704236424135305 bcsId: 4598} | ret=SUCCESS |  
2019-08-30 05:17:59,490 | INFO  | DNAudit | user=null | ip=null | op=WRITE_CHUNK {blockData=conID: 3 locID: 102704236424135305 bcsId: 4592} | ret=SUCCESS |  
2019-08-30 05:17:59,491 | INFO  | DNAudit | user=null | ip=null | op=WRITE_CHUNK {blockData=conID: 3 locID: 102704236424135305 bcsId: 4592} | ret=SUCCESS |  
2019-08-30 05:17:59,577 | INFO  | SCMAudit | user=jenkins1000 | ip=192.168.36.106 | op=SEND_HEARTBEAT {datanodeUUID=b91a4442-fd83-4a66-bee2-5c7959dbabc3, command=[]} | ret=SUCCESS |  
2019-08-30 05:18:00,198 | INFO  | DNAudit | user=null | ip=null | op=PUT_BLOCK {blockData=[blockId=conID: 3 locID: 102704236424135305 bcsId: 0,size=3145728]} | ret=SUCCESS |  
2019-08-30 05:18:00,199 | INFO  | DNAudit | user=null | ip=null | op=PUT_BLOCK {blockData=[blockId=conID: 3 locID: 102704236424135305 bcsId: 0,size=3145728]} | ret=SUCCESS |  
2019-08-30 05:18:00,199 | INFO  | DNAudit | user=null | ip=null | op=WRITE_CHUNK {blockData=conID: 3 locID: 102704236424135305 bcsId: 4598} | ret=SUCCESS |  
2019-08-30 05:18:00,199 | INFO  | DNAudit | user=null | ip=null | op=PUT_BLOCK {blockData=[blockId=conID: 3 locID: 102704236424135305 bcsId: 0,size=4194304]} | ret=SUCCESS |  
2019-08-30 05:18:00,199 [grpc-default-executor-6] INFO  client.GrpcClientProtocolClient (GrpcClientProtocolClient.java:onNext(255)) - client-574492D41EE7->134d4672-e322-4e4b-b7f3-5645abb0fe8c: receive RaftClientReply:client-574492D41EE7->134d4672-e322-4e4b-b7f3-5645abb0fe8c@group-3CB1DFFBCDC2, cid=3064, SUCCESS, logIndex=4601, commits[134d4672-e322-4e4b-b7f3-5645abb0fe8c:c4602, 73af84f3-3e88-4c8c-894c-3ad307bcac8d:c4598, 730a25a1-dbec-44ed-975b-a44ab0096beb:c4598]
2019-08-30 05:18:00,200 [grpc-default-executor-6] INFO  client.GrpcClientProtocolClient (GrpcClientProtocolClient.java:onNext(255)) - client-574492D41EE7->134d4672-e322-4e4b-b7f3-5645abb0fe8c: receive RaftClientReply:client-574492D41EE7->134d4672-e322-4e4b-b7f3-5645abb0fe8c@group-3CB1DFFBCDC2, cid=3065, SUCCESS, logIndex=4602, commits[134d4672-e322-4e4b-b7f3-5645abb0fe8c:c4602, 73af84f3-3e88-4c8c-894c-3ad307bcac8d:c4598, 730a25a1-dbec-44ed-975b-a44ab0096beb:c4598]
2019-08-30 05:18:00,414 | INFO  | SCMAudit | user=jenkins1000 | ip=192.168.36.106 | op=SEND_HEARTBEAT {datanodeUUID=73af84f3-3e88-4c8c-894c-3ad307bcac8d, command=[]} | ret=SUCCESS |  
2019-08-30 05:18:00,414 | INFO  | SCMAudit | user=jenkins1000 | ip=192.168.36.106 | op=SEND_HEARTBEAT {datanodeUUID=ea5d4b6b-4a08-401a-8c59-ecc1ca37daf5, command=[]} | ret=SUCCESS |  
2019-08-30 05:18:00,414 | INFO  | SCMAudit | user=jenkins1000 | ip=192.168.36.106 | op=SEND_HEARTBEAT {datanodeUUID=134d4672-e322-4e4b-b7f3-5645abb0fe8c, command=[]} | ret=SUCCESS |  
 0.00% |█                                                                                                    |  0/1 Time: 0:00:292019-08-30 05:18:00,415 | INFO  | SCMAudit | user=jenkins1000 | ip=192.168.36.106 | op=SEND_HEARTBEAT {datanodeUUID=730a25a1-dbec-44ed-975b-a44ab0096beb, command=[]} | ret=SUCCESS |  
2019-08-30 05:18:00,578 | INFO  | SCMAudit | user=jenkins1000 | ip=192.168.36.106 | op=SEND_HEARTBEAT {datanodeUUID=b91a4442-fd83-4a66-bee2-5c7959dbabc3, command=[]} | ret=SUCCESS |  
2019-08-30 05:18:01,414 | INFO  | SCMAudit | user=jenkins1000 | ip=192.168.36.106 | op=SEND_HEARTBEAT {datanodeUUID=73af84f3-3e88-4c8c-894c-3ad307bcac8d, command=[]} | ret=SUCCESS |  
2019-08-30 05:18:01,414 | INFO  | SCMAudit | user=jenkins1000 | ip=192.168.36.106 | op=SEND_HEARTBEAT {datanodeUUID=730a25a1-dbec-44ed-975b-a44ab0096beb, command=[]} | ret=SUCCESS |  
2019-08-30 05:18:01,414 | INFO  | SCMAudit | user=jenkins1000 | ip=192.168.36.106 | op=SEND_HEARTBEAT {datanodeUUID=134d4672-e322-4e4b-b7f3-5645abb0fe8c, command=[]} | ret=SUCCESS |  
2019-08-30 05:18:01,414 | INFO  | SCMAudit | user=jenkins1000 | ip=192.168.36.106 | op=SEND_HEARTBEAT {datanodeUUID=ea5d4b6b-4a08-401a-8c59-ecc1ca37daf5, command=[]} | ret=SUCCESS |  
 0.00% |█                                                                                                    |  0/1 Time: 0:00:302019-08-30 05:18:01,578 | INFO  | SCMAudit | user=jenkins1000 | ip=192.168.36.106 | op=SEND_HEARTBEAT {datanodeUUID=b91a4442-fd83-4a66-bee2-5c7959dbabc3, command=[]} | ret=SUCCESS |  
2019-08-30 05:18:02,414 | INFO  | SCMAudit | user=jenkins1000 | ip=192.168.36.106 | op=SEND_HEARTBEAT {datanodeUUID=ea5d4b6b-4a08-401a-8c59-ecc1ca37daf5, command=[]} | ret=SUCCESS |  
2019-08-30 05:18:02,414 | INFO  | SCMAudit | user=jenkins1000 | ip=192.168.36.106 | op=SEND_HEARTBEAT {datanodeUUID=73af84f3-3e88-4c8c-894c-3ad307bcac8d, command=[]} | ret=SUCCESS |  
2019-08-30 05:18:02,414 | INFO  | SCMAudit | user=jenkins1000 | ip=192.168.36.106 | op=SEND_HEARTBEAT {datanodeUUID=730a25a1-dbec-44ed-975b-a44ab0096beb, command=[]} | ret=SUCCESS |  
2019-08-30 05:18:02,414 | INFO  | SCMAudit | user=jenkins1000 | ip=192.168.36.106 | op=SEND_HEARTBEAT {datanodeUUID=134d4672-e322-4e4b-b7f3-5645abb0fe8c, command=[]} | ret=SUCCESS |  
 0.00% |█                                                                                                    |  0/1 Time: 0:00:312019-08-30 05:18:02,577 | INFO  | SCMAudit | user=jenkins1000 | ip=192.168.36.106 | op=SEND_HEARTBEAT {datanodeUUID=b91a4442-fd83-4a66-bee2-5c7959dbabc3, command=[]} | ret=SUCCESS |  
2019-08-30 05:18:02,700 | INFO  | DNAudit | user=null | ip=null | op=WRITE_CHUNK {blockData=conID: 3 locID: 102704236424135305 bcsId: 4598} | ret=SUCCESS |  
2019-08-30 05:18:02,700 | INFO  | DNAudit | user=null | ip=null | op=WRITE_CHUNK {blockData=conID: 3 locID: 102704236424135305 bcsId: 4598} | ret=SUCCESS |  
2019-08-30 05:18:02,701 | INFO  | DNAudit | user=null | ip=null | op=PUT_BLOCK {blockData=[blockId=conID: 3 locID: 102704236424135305 bcsId: 0,size=4194304]} | ret=SUCCESS |  
2019-08-30 05:18:02,701 | INFO  | DNAudit | user=null | ip=null | op=PUT_BLOCK {blockData=[blockId=conID: 3 locID: 102704236424135305 bcsId: 0,size=4194304]} | ret=SUCCESS |  
2019-08-30 05:18:03,199 [java.util.concurrent.ThreadPoolExecutor$Worker@79d8315c[State = -1, empty queue]] WARN  server.GrpcLogAppender (GrpcLogAppender.java:timeoutAppendRequest(200)) - GrpcLogAppender(134d4672-e322-4e4b-b7f3-5645abb0fe8c->730a25a1-dbec-44ed-975b-a44ab0096beb): appendEntries Timeout, request=134d4672-e322-4e4b-b7f3-5645abb0fe8c->730a25a1-dbec-44ed-975b-a44ab0096beb#4609-t1, previous=(t:1, i:4602), leaderCommit=4602, initializing? false, entries: size=1, first=(t:1, i:4603), METADATAENTRY(c4601)
2019-08-30 05:18:03,199 [java.util.concurrent.ThreadPoolExecutor$Worker@219582e5[State = -1, empty queue]] WARN  server.GrpcLogAppender (GrpcLogAppender.java:timeoutAppendRequest(200)) - GrpcLogAppender(134d4672-e322-4e4b-b7f3-5645abb0fe8c->73af84f3-3e88-4c8c-894c-3ad307bcac8d): appendEntries Timeout, request=134d4672-e322-4e4b-b7f3-5645abb0fe8c->73af84f3-3e88-4c8c-894c-3ad307bcac8d#4609-t1, previous=(t:1, i:4602), leaderCommit=4602, initializing? false, entries: size=1, first=(t:1, i:4603), METADATAENTRY(c4601)
2019-08-30 05:18:03,203 [java.util.concurrent.ThreadPoolExecutor$Worker@79d8315c[State = -1, empty queue]] WARN  server.GrpcLogAppender (GrpcLogAppender.java:timeoutAppendRequest(200)) - GrpcLogAppender(134d4672-e322-4e4b-b7f3-5645abb0fe8c->730a25a1-dbec-44ed-975b-a44ab0096beb): appendEntries Timeout, request=134d4672-e322-4e4b-b7f3-5645abb0fe8c->730a25a1-dbec-44ed-975b-a44ab0096beb#4610-t1, previous=(t:1, i:4603), leaderCommit=4602, initializing? false, entries: size=1, first=(t:1, i:4604), METADATAENTRY(c4602)
2019-08-30 05:18:03,204 [java.util.concurrent.ThreadPoolExecutor$Worker@219582e5[State = -1, empty queue]] WARN  server.GrpcLogAppender (GrpcLogAppender.java:timeoutAppendRequest(200)) - GrpcLogAppender(134d4672-e322-4e4b-b7f3-5645abb0fe8c->73af84f3-3e88-4c8c-894c-3ad307bcac8d): appendEntries Timeout, request=134d4672-e322-4e4b-b7f3-5645abb0fe8c->73af84f3-3e88-4c8c-894c-3ad307bcac8d#4610-t1, previous=(t:1, i:4603), leaderCommit=4602, initializing? false, entries: size=1, first=(t:1, i:4604), METADATAENTRY(c4602)
2019-08-30 05:18:03,414 | INFO  | SCMAudit | user=jenkins1000 | ip=192.168.36.106 | op=SEND_HEARTBEAT {datanodeUUID=73af84f3-3e88-4c8c-894c-3ad307bcac8d, command=[]} | ret=SUCCESS |  
2019-08-30 05:18:03,414 | INFO  | SCMAudit | user=jenkins1000 | ip=192.168.36.106 | op=SEND_HEARTBEAT {datanodeUUID=ea5d4b6b-4a08-401a-8c59-ecc1ca37daf5, command=[]} | ret=SUCCESS |  
2019-08-30 05:18:03,414 | INFO  | SCMAudit | user=jenkins1000 | ip=192.168.36.106 | op=SEND_HEARTBEAT {datanodeUUID=134d4672-e322-4e4b-b7f3-5645abb0fe8c, command=[]} | ret=SUCCESS |  
2019-08-30 05:18:03,414 | INFO  | SCMAudit | user=jenkins1000 | ip=192.168.36.106 | op=SEND_HEARTBEAT {datanodeUUID=730a25a1-dbec-44ed-975b-a44ab0096beb, command=[]} | ret=SUCCESS |  
 0.00% |█                                                                                                    |  0/1 Time: 0:00:322019-08-30 05:18:03,577 | INFO  | SCMAudit | user=jenkins1000 | ip=192.168.36.106 | op=SEND_HEARTBEAT {datanodeUUID=b91a4442-fd83-4a66-bee2-5c7959dbabc3, command=[]} | ret=SUCCESS |  
2019-08-30 05:18:04,414 | INFO  | SCMAudit | user=jenkins1000 | ip=192.168.36.106 | op=SEND_HEARTBEAT {datanodeUUID=ea5d4b6b-4a08-401a-8c59-ecc1ca37daf5, command=[]} | ret=SUCCESS |  
2019-08-30 05:18:04,414 | INFO  | SCMAudit | user=jenkins1000 | ip=192.168.36.106 | op=SEND_HEARTBEAT {datanodeUUID=73af84f3-3e88-4c8c-894c-3ad307bcac8d, command=[]} | ret=SUCCESS |  
2019-08-30 05:18:04,415 | INFO  | SCMAudit | user=jenkins1000 | ip=192.168.36.106 | op=SEND_HEARTBEAT {datanodeUUID=730a25a1-dbec-44ed-975b-a44ab0096beb, command=[]} | ret=SUCCESS |  
2019-08-30 05:18:04,415 | INFO  | SCMAudit | user=jenkins1000 | ip=192.168.36.106 | op=SEND_HEARTBEAT {datanodeUUID=134d4672-e322-4e4b-b7f3-5645abb0fe8c, command=[]} | ret=SUCCESS |  
 0.00% |█                                                                                                    |  0/1 Time: 0:00:332019-08-30 05:18:04,578 | INFO  | SCMAudit | user=jenkins1000 | ip=192.168.36.106 | op=SEND_HEARTBEAT {datanodeUUID=b91a4442-fd83-4a66-bee2-5c7959dbabc3, command=[]} | ret=SUCCESS |  
2019-08-30 05:18:05,202 [pool-282-thread-1] WARN  scm.XceiverClientRatis (XceiverClientRatis.java:watchForCommit(262)) - 3 way commit failed on pipeline Pipeline[ Id: 4245c3a0-9727-40b0-948b-3cb1dffbcdc2, Nodes: 73af84f3-3e88-4c8c-894c-3ad307bcac8d{ip: 192.168.36.106, host: pr-hdds-1569-5ldcr-795608406, networkLocation: /default-rack, certSerialId: null}730a25a1-dbec-44ed-975b-a44ab0096beb{ip: 192.168.36.106, host: pr-hdds-1569-5ldcr-795608406, networkLocation: /default-rack, certSerialId: null}134d4672-e322-4e4b-b7f3-5645abb0fe8c{ip: 192.168.36.106, host: pr-hdds-1569-5ldcr-795608406, networkLocation: /default-rack, certSerialId: null}, Type:RATIS, Factor:THREE, State:OPEN]
java.util.concurrent.TimeoutException
	at java.util.concurrent.CompletableFuture.timedGet(CompletableFuture.java:1771)
	at java.util.concurrent.CompletableFuture.get(CompletableFuture.java:1915)
	at org.apache.hadoop.hdds.scm.XceiverClientRatis.watchForCommit(XceiverClientRatis.java:259)
	at org.apache.hadoop.hdds.scm.storage.CommitWatcher.watchForCommit(CommitWatcher.java:194)
	at org.apache.hadoop.hdds.scm.storage.CommitWatcher.watchOnLastIndex(CommitWatcher.java:157)
	at org.apache.hadoop.hdds.scm.storage.BlockOutputStream.watchForCommit(BlockOutputStream.java:347)
	at org.apache.hadoop.hdds.scm.storage.BlockOutputStream.handleFlush(BlockOutputStream.java:479)
	at org.apache.hadoop.hdds.scm.storage.BlockOutputStream.close(BlockOutputStream.java:493)
	at org.apache.hadoop.ozone.client.io.BlockOutputStreamEntry.close(BlockOutputStreamEntry.java:143)
	at org.apache.hadoop.ozone.client.io.KeyOutputStream.handleFlushOrClose(KeyOutputStream.java:438)
	at org.apache.hadoop.ozone.client.io.KeyOutputStream.handleWrite(KeyOutputStream.java:235)
	at org.apache.hadoop.ozone.client.io.KeyOutputStream.write(KeyOutputStream.java:193)
	at org.apache.hadoop.ozone.client.io.OzoneOutputStream.write(OzoneOutputStream.java:49)
	at org.apache.hadoop.ozone.freon.RandomKeyGenerator.createKey(RandomKeyGenerator.java:699)
	at org.apache.hadoop.ozone.freon.RandomKeyGenerator.access$1100(RandomKeyGenerator.java:87)
	at org.apache.hadoop.ozone.freon.RandomKeyGenerator$ObjectCreator.run(RandomKeyGenerator.java:606)
	at java.util.concurrent.Executors$RunnableAdapter.call(Executors.java:511)
	at java.util.concurrent.FutureTask.run(FutureTask.java:266)
	at java.util.concurrent.ThreadPoolExecutor.runWorker(ThreadPoolExecutor.java:1149)
	at java.util.concurrent.ThreadPoolExecutor$Worker.run(ThreadPoolExecutor.java:624)
	at java.lang.Thread.run(Thread.java:748)
2019-08-30 05:18:05,373 [grpc-default-executor-6] WARN  server.GrpcLogAppender (GrpcLogAppender.java:onNextImpl(250)) - org.apache.ratis.grpc.server.GrpcLogAppender$AppendLogResponseHandler@4f2f6283: Request not found, ignoring reply: 134d4672-e322-4e4b-b7f3-5645abb0fe8c<-73af84f3-3e88-4c8c-894c-3ad307bcac8d#4609:OK,SUCCESS,nextIndex:4604,term:1,followerCommit:4602
2019-08-30 05:18:05,373 [grpc-default-executor-3] WARN  server.GrpcLogAppender (GrpcLogAppender.java:onNextImpl(250)) - org.apache.ratis.grpc.server.GrpcLogAppender$AppendLogResponseHandler@a332fdf: Request not found, ignoring reply: 134d4672-e322-4e4b-b7f3-5645abb0fe8c<-730a25a1-dbec-44ed-975b-a44ab0096beb#4609:OK,SUCCESS,nextIndex:4604,term:1,followerCommit:4602
2019-08-30 05:18:05,414 | INFO  | SCMAudit | user=jenkins1000 | ip=192.168.36.106 | op=SEND_HEARTBEAT {datanodeUUID=ea5d4b6b-4a08-401a-8c59-ecc1ca37daf5, command=[]} | ret=SUCCESS |  
2019-08-30 05:18:05,414 | INFO  | SCMAudit | user=jenkins1000 | ip=192.168.36.106 | op=SEND_HEARTBEAT {datanodeUUID=73af84f3-3e88-4c8c-894c-3ad307bcac8d, command=[]} | ret=SUCCESS |  
2019-08-30 05:18:05,415 | INFO  | SCMAudit | user=jenkins1000 | ip=192.168.36.106 | op=SEND_HEARTBEAT {datanodeUUID=134d4672-e322-4e4b-b7f3-5645abb0fe8c, command=[]} | ret=SUCCESS |  
2019-08-30 05:18:05,415 | INFO  | SCMAudit | user=jenkins1000 | ip=192.168.36.106 | op=SEND_HEARTBEAT {datanodeUUID=730a25a1-dbec-44ed-975b-a44ab0096beb, command=[]} | ret=SUCCESS |  
 0.00% |█                                                                                                    |  0/1 Time: 0:00:342019-08-30 05:18:05,578 | INFO  | SCMAudit | user=jenkins1000 | ip=192.168.36.106 | op=SEND_HEARTBEAT {datanodeUUID=b91a4442-fd83-4a66-bee2-5c7959dbabc3, command=[]} | ret=SUCCESS |  
2019-08-30 05:18:05,699 [java.util.concurrent.ThreadPoolExecutor$Worker@219582e5[State = -1, empty queue]] WARN  server.GrpcLogAppender (GrpcLogAppender.java:timeoutAppendRequest(200)) - GrpcLogAppender(134d4672-e322-4e4b-b7f3-5645abb0fe8c->73af84f3-3e88-4c8c-894c-3ad307bcac8d): appendEntries Timeout, request=134d4672-e322-4e4b-b7f3-5645abb0fe8c->73af84f3-3e88-4c8c-894c-3ad307bcac8d#4611-t1, previous=(t:1, i:4604), leaderCommit=4602, initializing? false, entries: <empty>
2019-08-30 05:18:05,699 [java.util.concurrent.ThreadPoolExecutor$Worker@79d8315c[State = -1, empty queue]] WARN  server.GrpcLogAppender (GrpcLogAppender.java:timeoutAppendRequest(200)) - GrpcLogAppender(134d4672-e322-4e4b-b7f3-5645abb0fe8c->730a25a1-dbec-44ed-975b-a44ab0096beb): appendEntries Timeout, request=134d4672-e322-4e4b-b7f3-5645abb0fe8c->730a25a1-dbec-44ed-975b-a44ab0096beb#4611-t1, previous=(t:1, i:4604), leaderCommit=4602, initializing? false, entries: <empty>
2019-08-30 05:18:06,413 | INFO  | SCMAudit | user=jenkins1000 | ip=192.168.36.106 | op=SEND_HEARTBEAT {datanodeUUID=ea5d4b6b-4a08-401a-8c59-ecc1ca37daf5, command=[]} | ret=SUCCESS |  
2019-08-30 05:18:06,413 | INFO  | SCMAudit | user=jenkins1000 | ip=192.168.36.106 | op=SEND_HEARTBEAT {datanodeUUID=73af84f3-3e88-4c8c-894c-3ad307bcac8d, command=[]} | ret=SUCCESS |  
2019-08-30 05:18:06,415 | INFO  | SCMAudit | user=jenkins1000 | ip=192.168.36.106 | op=SEND_HEARTBEAT {datanodeUUID=730a25a1-dbec-44ed-975b-a44ab0096beb, command=[]} | ret=SUCCESS |  
2019-08-30 05:18:06,416 | INFO  | SCMAudit | user=jenkins1000 | ip=192.168.36.106 | op=SEND_HEARTBEAT {datanodeUUID=134d4672-e322-4e4b-b7f3-5645abb0fe8c, command=[]} | ret=SUCCESS |  
 0.00% |█                                                                                                    |  0/1 Time: 0:00:352019-08-30 05:18:06,579 | INFO  | SCMAudit | user=jenkins1000 | ip=192.168.36.106 | op=SEND_HEARTBEAT {datanodeUUID=b91a4442-fd83-4a66-bee2-5c7959dbabc3, command=[]} | ret=SUCCESS |  
2019-08-30 05:18:07,414 | INFO  | SCMAudit | user=jenkins1000 | ip=192.168.36.106 | op=SEND_HEARTBEAT {datanodeUUID=ea5d4b6b-4a08-401a-8c59-ecc1ca37daf5, command=[]} | ret=SUCCESS |  
2019-08-30 05:18:07,414 | INFO  | SCMAudit | user=jenkins1000 | ip=192.168.36.106 | op=SEND_HEARTBEAT {datanodeUUID=73af84f3-3e88-4c8c-894c-3ad307bcac8d, command=[]} | ret=SUCCESS |  
2019-08-30 05:18:07,415 | INFO  | SCMAudit | user=jenkins1000 | ip=192.168.36.106 | op=SEND_HEARTBEAT {datanodeUUID=730a25a1-dbec-44ed-975b-a44ab0096beb, command=[]} | ret=SUCCESS |  
2019-08-30 05:18:07,415 | INFO  | SCMAudit | user=jenkins1000 | ip=192.168.36.106 | op=SEND_HEARTBEAT {datanodeUUID=134d4672-e322-4e4b-b7f3-5645abb0fe8c, command=[]} | ret=SUCCESS |  
 0.00% |█                                                                                                    |  0/1 Time: 0:00:362019-08-30 05:18:07,579 | INFO  | SCMAudit | user=jenkins1000 | ip=192.168.36.106 | op=SEND_HEARTBEAT {datanodeUUID=b91a4442-fd83-4a66-bee2-5c7959dbabc3, command=[]} | ret=SUCCESS |  
2019-08-30 05:18:08,199 [java.util.concurrent.ThreadPoolExecutor$Worker@219582e5[State = -1, empty queue]] WARN  server.GrpcLogAppender (GrpcLogAppender.java:timeoutAppendRequest(200)) - GrpcLogAppender(134d4672-e322-4e4b-b7f3-5645abb0fe8c->73af84f3-3e88-4c8c-894c-3ad307bcac8d): appendEntries Timeout, request=134d4672-e322-4e4b-b7f3-5645abb0fe8c->73af84f3-3e88-4c8c-894c-3ad307bcac8d#4612-t1, previous=(t:1, i:4604), leaderCommit=4602, initializing? false, entries: <empty>
2019-08-30 05:18:08,199 [java.util.concurrent.ThreadPoolExecutor$Worker@79d8315c[State = -1, empty queue]] WARN  server.GrpcLogAppender (GrpcLogAppender.java:timeoutAppendRequest(200)) - GrpcLogAppender(134d4672-e322-4e4b-b7f3-5645abb0fe8c->730a25a1-dbec-44ed-975b-a44ab0096beb): appendEntries Timeout, request=134d4672-e322-4e4b-b7f3-5645abb0fe8c->730a25a1-dbec-44ed-975b-a44ab0096beb#4612-t1, previous=(t:1, i:4604), leaderCommit=4602, initializing? false, entries: <empty>
2019-08-30 05:18:08,414 | INFO  | SCMAudit | user=jenkins1000 | ip=192.168.36.106 | op=SEND_HEARTBEAT {datanodeUUID=73af84f3-3e88-4c8c-894c-3ad307bcac8d, command=[]} | ret=SUCCESS |  
2019-08-30 05:18:08,414 | INFO  | SCMAudit | user=jenkins1000 | ip=192.168.36.106 | op=SEND_HEARTBEAT {datanodeUUID=ea5d4b6b-4a08-401a-8c59-ecc1ca37daf5, command=[]} | ret=SUCCESS |  
2019-08-30 05:18:08,415 | INFO  | SCMAudit | user=jenkins1000 | ip=192.168.36.106 | op=SEND_HEARTBEAT {datanodeUUID=730a25a1-dbec-44ed-975b-a44ab0096beb, command=[]} | ret=SUCCESS |  
2019-08-30 05:18:08,415 | INFO  | SCMAudit | user=jenkins1000 | ip=192.168.36.106 | op=SEND_HEARTBEAT {datanodeUUID=134d4672-e322-4e4b-b7f3-5645abb0fe8c, command=[]} | ret=SUCCESS |  
 0.00% |█                                                                                                    |  0/1 Time: 0:00:372019-08-30 05:18:08,578 | INFO  | SCMAudit | user=jenkins1000 | ip=192.168.36.106 | op=SEND_HEARTBEAT {datanodeUUID=b91a4442-fd83-4a66-bee2-5c7959dbabc3, command=[]} | ret=SUCCESS |  
2019-08-30 05:18:09,414 | INFO  | SCMAudit | user=jenkins1000 | ip=192.168.36.106 | op=SEND_HEARTBEAT {datanodeUUID=73af84f3-3e88-4c8c-894c-3ad307bcac8d, command=[]} | ret=SUCCESS |  
2019-08-30 05:18:09,414 | INFO  | SCMAudit | user=jenkins1000 | ip=192.168.36.106 | op=SEND_HEARTBEAT {datanodeUUID=ea5d4b6b-4a08-401a-8c59-ecc1ca37daf5, command=[]} | ret=SUCCESS |  
2019-08-30 05:18:09,415 | INFO  | SCMAudit | user=jenkins1000 | ip=192.168.36.106 | op=SEND_HEARTBEAT {datanodeUUID=730a25a1-dbec-44ed-975b-a44ab0096beb, command=[]} | ret=SUCCESS |  
2019-08-30 05:18:09,415 | INFO  | SCMAudit | user=jenkins1000 | ip=192.168.36.106 | op=SEND_HEARTBEAT {datanodeUUID=134d4672-e322-4e4b-b7f3-5645abb0fe8c, command=[]} | ret=SUCCESS |  
 0.00% |█                                                                                                    |  0/1 Time: 0:00:382019-08-30 05:18:09,578 | INFO  | SCMAudit | user=jenkins1000 | ip=192.168.36.106 | op=SEND_HEARTBEAT {datanodeUUID=b91a4442-fd83-4a66-bee2-5c7959dbabc3, command=[]} | ret=SUCCESS |  
2019-08-30 05:18:10,208 [pool-282-thread-1] WARN  storage.CommitWatcher (CommitWatcher.java:watchForCommit(203)) - watchForCommit failed for index 4602
java.util.concurrent.TimeoutException
	at java.util.concurrent.CompletableFuture.timedGet(CompletableFuture.java:1771)
	at java.util.concurrent.CompletableFuture.get(CompletableFuture.java:1915)
	at org.apache.hadoop.hdds.scm.XceiverClientRatis.watchForCommit(XceiverClientRatis.java:268)
	at org.apache.hadoop.hdds.scm.storage.CommitWatcher.watchForCommit(CommitWatcher.java:194)
	at org.apache.hadoop.hdds.scm.storage.CommitWatcher.watchOnLastIndex(CommitWatcher.java:157)
	at org.apache.hadoop.hdds.scm.storage.BlockOutputStream.watchForCommit(BlockOutputStream.java:347)
	at org.apache.hadoop.hdds.scm.storage.BlockOutputStream.handleFlush(BlockOutputStream.java:479)
	at org.apache.hadoop.hdds.scm.storage.BlockOutputStream.close(BlockOutputStream.java:493)
	at org.apache.hadoop.ozone.client.io.BlockOutputStreamEntry.close(BlockOutputStreamEntry.java:143)
	at org.apache.hadoop.ozone.client.io.KeyOutputStream.handleFlushOrClose(KeyOutputStream.java:438)
	at org.apache.hadoop.ozone.client.io.KeyOutputStream.handleWrite(KeyOutputStream.java:235)
	at org.apache.hadoop.ozone.client.io.KeyOutputStream.write(KeyOutputStream.java:193)
	at org.apache.hadoop.ozone.client.io.OzoneOutputStream.write(OzoneOutputStream.java:49)
	at org.apache.hadoop.ozone.freon.RandomKeyGenerator.createKey(RandomKeyGenerator.java:699)
	at org.apache.hadoop.ozone.freon.RandomKeyGenerator.access$1100(RandomKeyGenerator.java:87)
	at org.apache.hadoop.ozone.freon.RandomKeyGenerator$ObjectCreator.run(RandomKeyGenerator.java:606)
	at java.util.concurrent.Executors$RunnableAdapter.call(Executors.java:511)
	at java.util.concurrent.FutureTask.run(FutureTask.java:266)
	at java.util.concurrent.ThreadPoolExecutor.runWorker(ThreadPoolExecutor.java:1149)
	at java.util.concurrent.ThreadPoolExecutor$Worker.run(ThreadPoolExecutor.java:624)
	at java.lang.Thread.run(Thread.java:748)
2019-08-30 05:18:10,210 [pool-282-thread-1] WARN  io.KeyOutputStream (KeyOutputStream.java:handleException(276)) - Encountered exception java.io.IOException: Unexpected Storage Container Exception: java.io.IOException: Unexpected Storage Container Exception: java.util.concurrent.TimeoutException on the pipeline Pipeline[ Id: 4245c3a0-9727-40b0-948b-3cb1dffbcdc2, Nodes: 73af84f3-3e88-4c8c-894c-3ad307bcac8d{ip: 192.168.36.106, host: pr-hdds-1569-5ldcr-795608406, networkLocation: /default-rack, certSerialId: null}730a25a1-dbec-44ed-975b-a44ab0096beb{ip: 192.168.36.106, host: pr-hdds-1569-5ldcr-795608406, networkLocation: /default-rack, certSerialId: null}134d4672-e322-4e4b-b7f3-5645abb0fe8c{ip: 192.168.36.106, host: pr-hdds-1569-5ldcr-795608406, networkLocation: /default-rack, certSerialId: null}, Type:RATIS, Factor:THREE, State:OPEN]. The last committed block length is 3145728, uncommitted data length is 1048576 retry count 0
2019-08-30 05:18:10,246 [IPC Server handler 2 on 46537] WARN  block.BlockManagerImpl (BlockManagerImpl.java:allocateBlock(192)) - Pipeline creation failed for type:RATIS factor:THREE. Retrying get pipelines call once.
org.apache.hadoop.hdds.scm.pipeline.InsufficientDatanodesException: Cannot create pipeline of factor 3 using 2 nodes.
	at org.apache.hadoop.hdds.scm.pipeline.RatisPipelineProvider.create(RatisPipelineProvider.java:151)
	at org.apache.hadoop.hdds.scm.pipeline.PipelineFactory.create(PipelineFactory.java:57)
	at org.apache.hadoop.hdds.scm.pipeline.SCMPipelineManager.createPipeline(SCMPipelineManager.java:149)
	at org.apache.hadoop.hdds.scm.block.BlockManagerImpl.allocateBlock(BlockManagerImpl.java:190)
	at org.apache.hadoop.hdds.scm.server.SCMBlockProtocolServer.allocateBlock(SCMBlockProtocolServer.java:175)
	at org.apache.hadoop.ozone.protocolPB.ScmBlockLocationProtocolServerSideTranslatorPB.allocateScmBlock(ScmBlockLocationProtocolServerSideTranslatorPB.java:153)
	at org.apache.hadoop.ozone.protocolPB.ScmBlockLocationProtocolServerSideTranslatorPB.send(ScmBlockLocationProtocolServerSideTranslatorPB.java:112)
	at org.apache.hadoop.hdds.protocol.proto.ScmBlockLocationProtocolProtos$ScmBlockLocationProtocolService$2.callBlockingMethod(ScmBlockLocationProtocolProtos.java:13157)
	at org.apache.hadoop.ipc.ProtobufRpcEngine$Server$ProtoBufRpcInvoker.call(ProtobufRpcEngine.java:524)
	at org.apache.hadoop.ipc.RPC$Server.call(RPC.java:1025)
	at org.apache.hadoop.ipc.Server$RpcCall.run(Server.java:876)
	at org.apache.hadoop.ipc.Server$RpcCall.run(Server.java:822)
	at java.security.AccessController.doPrivileged(Native Method)
	at javax.security.auth.Subject.doAs(Subject.java:422)
	at org.apache.hadoop.security.UserGroupInformation.doAs(UserGroupInformation.java:1730)
	at org.apache.hadoop.ipc.Server$Handler.run(Server.java:2682)
2019-08-30 05:18:10,247 [IPC Server handler 2 on 46537] INFO  block.BlockManagerImpl (BlockManagerImpl.java:allocateBlock(198)) - Could not find available pipeline of type:RATIS and factor:THREE even after retrying
2019-08-30 05:18:10,247 [IPC Server handler 2 on 46537] ERROR block.BlockManagerImpl (BlockManagerImpl.java:allocateBlock(222)) - Unable to allocate a block for the size: 4194304, type: RATIS, factor: THREE
2019-08-30 05:18:10,247 | INFO  | SCMAudit | user=jenkins1000 | ip=192.168.36.106 | op=ALLOCATE_BLOCK {owner=85755eb5-052d-48fa-b271-2fe4d8754e12, size=4194304, type=RATIS, factor=THREE} | ret=SUCCESS |  
2019-08-30 05:18:10,250 | ERROR | OMAudit | user=jenkins1000 | ip=127.0.0.1 | op=ALLOCATE_BLOCK {volume=vol-0-00977, bucket=bucket-0-44205, key=key-0-32850, dataSize=0, replicationType=null, replicationFactor=null, keyLocationInfo=null, clientID=102704234570776978} | ret=FAILURE | org.apache.hadoop.hdds.scm.exceptions.SCMException: Allocated 0 blocks. Requested 1 blocks
	at org.apache.hadoop.hdds.scm.protocolPB.ScmBlockLocationProtocolClientSideTranslatorPB.handleError(ScmBlockLocationProtocolClientSideTranslatorPB.java:118)
	at org.apache.hadoop.hdds.scm.protocolPB.ScmBlockLocationProtocolClientSideTranslatorPB.allocateBlock(ScmBlockLocationProtocolClientSideTranslatorPB.java:156) 
2019-08-30 05:18:10,254 [pool-282-thread-1] ERROR io.BlockOutputStreamEntryPool (BlockOutputStreamEntryPool.java:allocateBlockIfNeeded(299)) - Try to allocate more blocks for write failed, already allocated 0 blocks for this write.
INTERNAL_ERROR org.apache.hadoop.ozone.om.exceptions.OMException: Allocated 0 blocks. Requested 1 blocks
	at org.apache.hadoop.ozone.om.protocolPB.OzoneManagerProtocolClientSideTranslatorPB.handleError(OzoneManagerProtocolClientSideTranslatorPB.java:725)
	at org.apache.hadoop.ozone.om.protocolPB.OzoneManagerProtocolClientSideTranslatorPB.allocateBlock(OzoneManagerProtocolClientSideTranslatorPB.java:757)
	at org.apache.hadoop.ozone.client.io.BlockOutputStreamEntryPool.allocateNewBlock(BlockOutputStreamEntryPool.java:248)
	at org.apache.hadoop.ozone.client.io.BlockOutputStreamEntryPool.allocateBlockIfNeeded(BlockOutputStreamEntryPool.java:296)
	at org.apache.hadoop.ozone.client.io.KeyOutputStream.handleWrite(KeyOutputStream.java:201)
	at org.apache.hadoop.ozone.client.io.KeyOutputStream.handleRetry(KeyOutputStream.java:376)
	at org.apache.hadoop.ozone.client.io.KeyOutputStream.handleException(KeyOutputStream.java:325)
	at org.apache.hadoop.ozone.client.io.KeyOutputStream.handleFlushOrClose(KeyOutputStream.java:448)
	at org.apache.hadoop.ozone.client.io.KeyOutputStream.handleWrite(KeyOutputStream.java:235)
	at org.apache.hadoop.ozone.client.io.KeyOutputStream.write(KeyOutputStream.java:193)
	at org.apache.hadoop.ozone.client.io.OzoneOutputStream.write(OzoneOutputStream.java:49)
	at org.apache.hadoop.ozone.freon.RandomKeyGenerator.createKey(RandomKeyGenerator.java:699)
	at org.apache.hadoop.ozone.freon.RandomKeyGenerator.access$1100(RandomKeyGenerator.java:87)
	at org.apache.hadoop.ozone.freon.RandomKeyGenerator$ObjectCreator.run(RandomKeyGenerator.java:606)
	at java.util.concurrent.Executors$RunnableAdapter.call(Executors.java:511)
	at java.util.concurrent.FutureTask.run(FutureTask.java:266)
	at java.util.concurrent.ThreadPoolExecutor.runWorker(ThreadPoolExecutor.java:1149)
	at java.util.concurrent.ThreadPoolExecutor$Worker.run(ThreadPoolExecutor.java:624)
	at java.lang.Thread.run(Thread.java:748)
2019-08-30 05:18:10,257 [pool-282-thread-1] ERROR freon.RandomKeyGenerator (RandomKeyGenerator.java:createKey(724)) - Exception while adding key: key-0-32850 in bucket: bucket-0-44205 of volume: vol-0-00977.
INTERNAL_ERROR org.apache.hadoop.ozone.om.exceptions.OMException: Allocated 0 blocks. Requested 1 blocks
	at org.apache.hadoop.ozone.om.protocolPB.OzoneManagerProtocolClientSideTranslatorPB.handleError(OzoneManagerProtocolClientSideTranslatorPB.java:725)
	at org.apache.hadoop.ozone.om.protocolPB.OzoneManagerProtocolClientSideTranslatorPB.allocateBlock(OzoneManagerProtocolClientSideTranslatorPB.java:757)
	at org.apache.hadoop.ozone.client.io.BlockOutputStreamEntryPool.allocateNewBlock(BlockOutputStreamEntryPool.java:248)
	at org.apache.hadoop.ozone.client.io.BlockOutputStreamEntryPool.allocateBlockIfNeeded(BlockOutputStreamEntryPool.java:296)
	at org.apache.hadoop.ozone.client.io.KeyOutputStream.handleWrite(KeyOutputStream.java:201)
	at org.apache.hadoop.ozone.client.io.KeyOutputStream.handleRetry(KeyOutputStream.java:376)
	at org.apache.hadoop.ozone.client.io.KeyOutputStream.handleException(KeyOutputStream.java:325)
	at org.apache.hadoop.ozone.client.io.KeyOutputStream.handleFlushOrClose(KeyOutputStream.java:448)
	at org.apache.hadoop.ozone.client.io.KeyOutputStream.handleWrite(KeyOutputStream.java:235)
	at org.apache.hadoop.ozone.client.io.KeyOutputStream.write(KeyOutputStream.java:193)
	at org.apache.hadoop.ozone.client.io.OzoneOutputStream.write(OzoneOutputStream.java:49)
	at org.apache.hadoop.ozone.freon.RandomKeyGenerator.createKey(RandomKeyGenerator.java:699)
	at org.apache.hadoop.ozone.freon.RandomKeyGenerator.access$1100(RandomKeyGenerator.java:87)
	at org.apache.hadoop.ozone.freon.RandomKeyGenerator$ObjectCreator.run(RandomKeyGenerator.java:606)
	at java.util.concurrent.Executors$RunnableAdapter.call(Executors.java:511)
	at java.util.concurrent.FutureTask.run(FutureTask.java:266)
	at java.util.concurrent.ThreadPoolExecutor.runWorker(ThreadPoolExecutor.java:1149)
	at java.util.concurrent.ThreadPoolExecutor$Worker.run(ThreadPoolExecutor.java:624)
	at java.lang.Thread.run(Thread.java:748)
2019-08-30 05:18:10,415 | INFO  | SCMAudit | user=jenkins1000 | ip=192.168.36.106 | op=SEND_HEARTBEAT {datanodeUUID=73af84f3-3e88-4c8c-894c-3ad307bcac8d, command=[]} | ret=SUCCESS |  
2019-08-30 05:18:10,415 | INFO  | SCMAudit | user=jenkins1000 | ip=192.168.36.106 | op=SEND_HEARTBEAT {datanodeUUID=ea5d4b6b-4a08-401a-8c59-ecc1ca37daf5, command=[]} | ret=SUCCESS |  
2019-08-30 05:18:10,415 | INFO  | SCMAudit | user=jenkins1000 | ip=192.168.36.106 | op=SEND_HEARTBEAT {datanodeUUID=730a25a1-dbec-44ed-975b-a44ab0096beb, command=[]} | ret=SUCCESS |  
2019-08-30 05:18:10,415 | INFO  | SCMAudit | user=jenkins1000 | ip=192.168.36.106 | op=SEND_HEARTBEAT {datanodeUUID=134d4672-e322-4e4b-b7f3-5645abb0fe8c, command=[]} | ret=SUCCESS |  
 0.00% |█                                                                                                    |  0/1 Time: 0:00:392019-08-30 05:18:10,560 [grpc-default-executor-6] WARN  server.GrpcLogAppender (GrpcLogAppender.java:onNextImpl(250)) - org.apache.ratis.grpc.server.GrpcLogAppender$AppendLogResponseHandler@a332fdf: Request not found, ignoring reply: 134d4672-e322-4e4b-b7f3-5645abb0fe8c<-730a25a1-dbec-44ed-975b-a44ab0096beb#4610:OK,SUCCESS,nextIndex:4605,term:1,followerCommit:4602
2019-08-30 05:18:10,560 [grpc-default-executor-3] WARN  server.GrpcLogAppender (GrpcLogAppender.java:onNextImpl(250)) - org.apache.ratis.grpc.server.GrpcLogAppender$AppendLogResponseHandler@4f2f6283: Request not found, ignoring reply: 134d4672-e322-4e4b-b7f3-5645abb0fe8c<-73af84f3-3e88-4c8c-894c-3ad307bcac8d#4610:OK,SUCCESS,nextIndex:4605,term:1,followerCommit:4602
2019-08-30 05:18:10,560 [grpc-default-executor-6] WARN  server.GrpcLogAppender (GrpcLogAppender.java:onNextImpl(250)) - org.apache.ratis.grpc.server.GrpcLogAppender$AppendLogResponseHandler@a332fdf: Request not found, ignoring reply: 134d4672-e322-4e4b-b7f3-5645abb0fe8c<-730a25a1-dbec-44ed-975b-a44ab0096beb#4611:OK,SUCCESS,nextIndex:4605,term:1,followerCommit:4602
2019-08-30 05:18:10,561 [grpc-default-executor-3] WARN  server.GrpcLogAppender (GrpcLogAppender.java:onNextImpl(250)) - org.apache.ratis.grpc.server.GrpcLogAppender$AppendLogResponseHandler@4f2f6283: Request not found, ignoring reply: 134d4672-e322-4e4b-b7f3-5645abb0fe8c<-73af84f3-3e88-4c8c-894c-3ad307bcac8d#4611:OK,SUCCESS,nextIndex:4605,term:1,followerCommit:4602
2019-08-30 05:18:10,561 [grpc-default-executor-6] WARN  server.GrpcLogAppender (GrpcLogAppender.java:onNextImpl(250)) - org.apache.ratis.grpc.server.GrpcLogAppender$AppendLogResponseHandler@a332fdf: Request not found, ignoring reply: 134d4672-e322-4e4b-b7f3-5645abb0fe8c<-730a25a1-dbec-44ed-975b-a44ab0096beb#4612:OK,SUCCESS,nextIndex:4605,term:1,followerCommit:4602
2019-08-30 05:18:10,561 [grpc-default-executor-3] WARN  server.GrpcLogAppender (GrpcLogAppender.java:onNextImpl(250)) - org.apache.ratis.grpc.server.GrpcLogAppender$AppendLogResponseHandler@4f2f6283: Request not found, ignoring reply: 134d4672-e322-4e4b-b7f3-5645abb0fe8c<-73af84f3-3e88-4c8c-894c-3ad307bcac8d#4612:OK,SUCCESS,nextIndex:4605,term:1,followerCommit:4602
2019-08-30 05:18:10,562 [grpc-default-executor-6] INFO  client.GrpcClientProtocolClient (GrpcClientProtocolClient.java:onNext(255)) - client-574492D41EE7->134d4672-e322-4e4b-b7f3-5645abb0fe8c: receive RaftClientReply:client-574492D41EE7->134d4672-e322-4e4b-b7f3-5645abb0fe8c@group-3CB1DFFBCDC2, cid=3067, SUCCESS, logIndex=0, commits[134d4672-e322-4e4b-b7f3-5645abb0fe8c:c4602, 73af84f3-3e88-4c8c-894c-3ad307bcac8d:c4598, 730a25a1-dbec-44ed-975b-a44ab0096beb:c4602]
2019-08-30 05:18:10,562 [grpc-default-executor-6] INFO  client.GrpcClientProtocolClient (GrpcClientProtocolClient.java:onNext(255)) - client-574492D41EE7->134d4672-e322-4e4b-b7f3-5645abb0fe8c: receive RaftClientReply:client-574492D41EE7->134d4672-e322-4e4b-b7f3-5645abb0fe8c@group-3CB1DFFBCDC2, cid=3066, SUCCESS, logIndex=0, commits[134d4672-e322-4e4b-b7f3-5645abb0fe8c:c4602, 73af84f3-3e88-4c8c-894c-3ad307bcac8d:c4602, 730a25a1-dbec-44ed-975b-a44ab0096beb:c4602]
2019-08-30 05:18:10,563 [grpc-default-executor-6] INFO  client.GrpcClientProtocolClient (GrpcClientProtocolClient.java:onNext(255)) - client-574492D41EE7->134d4672-e322-4e4b-b7f3-5645abb0fe8c: receive RaftClientReply:client-574492D41EE7->134d4672-e322-4e4b-b7f3-5645abb0fe8c@group-3CB1DFFBCDC2, cid=3067, SUCCESS, logIndex=0, commits[134d4672-e322-4e4b-b7f3-5645abb0fe8c:c4602, 73af84f3-3e88-4c8c-894c-3ad307bcac8d:c4602, 730a25a1-dbec-44ed-975b-a44ab0096beb:c4602]
2019-08-30 05:18:10,563 [grpc-default-executor-6] INFO  client.GrpcClientProtocolClient (GrpcClientProtocolClient.java:onNext(255)) - client-574492D41EE7->134d4672-e322-4e4b-b7f3-5645abb0fe8c: receive RaftClientReply:client-574492D41EE7->134d4672-e322-4e4b-b7f3-5645abb0fe8c@group-3CB1DFFBCDC2, cid=3066, SUCCESS, logIndex=0, commits[134d4672-e322-4e4b-b7f3-5645abb0fe8c:c4602, 73af84f3-3e88-4c8c-894c-3ad307bcac8d:c4602, 730a25a1-dbec-44ed-975b-a44ab0096beb:c4602]
2019-08-30 05:18:10,563 [grpc-default-executor-6] INFO  client.GrpcClientProtocolClient (GrpcClientProtocolClient.java:onNext(255)) - client-574492D41EE7->134d4672-e322-4e4b-b7f3-5645abb0fe8c: receive RaftClientReply:client-574492D41EE7->134d4672-e322-4e4b-b7f3-5645abb0fe8c@group-3CB1DFFBCDC2, cid=3066, SUCCESS, logIndex=0, commits[134d4672-e322-4e4b-b7f3-5645abb0fe8c:c4603, 73af84f3-3e88-4c8c-894c-3ad307bcac8d:c4602, 730a25a1-dbec-44ed-975b-a44ab0096beb:c4602]
2019-08-30 05:18:10,579 | INFO  | SCMAudit | user=jenkins1000 | ip=192.168.36.106 | op=SEND_HEARTBEAT {datanodeUUID=b91a4442-fd83-4a66-bee2-5c7959dbabc3, command=[]} | ret=SUCCESS |  
2019-08-30 05:18:11,415 | INFO  | SCMAudit | user=jenkins1000 | ip=192.168.36.106 | op=SEND_HEARTBEAT {datanodeUUID=134d4672-e322-4e4b-b7f3-5645abb0fe8c, command=[]} | ret=SUCCESS |  
2019-08-30 05:18:11,415 | INFO  | SCMAudit | user=jenkins1000 | ip=192.168.36.106 | op=SEND_HEARTBEAT {datanodeUUID=73af84f3-3e88-4c8c-894c-3ad307bcac8d, command=[]} | ret=SUCCESS |  
2019-08-30 05:18:11,415 | INFO  | SCMAudit | user=jenkins1000 | ip=192.168.36.106 | op=SEND_HEARTBEAT {datanodeUUID=ea5d4b6b-4a08-401a-8c59-ecc1ca37daf5, command=[]} | ret=SUCCESS |  
2019-08-30 05:18:11,416 | INFO  | SCMAudit | user=jenkins1000 | ip=192.168.36.106 | op=SEND_HEARTBEAT {datanodeUUID=730a25a1-dbec-44ed-975b-a44ab0096beb, command=[]} | ret=SUCCESS |  
 100.00% |█████████████████████████████████████████████████████████████████████████████████████████████████████|  1/1 Time: 0:00:40
2019-08-30 05:18:11,579 | INFO  | SCMAudit | user=jenkins1000 | ip=192.168.36.106 | op=SEND_HEARTBEAT {datanodeUUID=b91a4442-fd83-4a66-bee2-5c7959dbabc3, command=[]} | ret=SUCCESS |  
2019-08-30 05:18:12,415 | INFO  | SCMAudit | user=jenkins1000 | ip=192.168.36.106 | op=SEND_HEARTBEAT {datanodeUUID=73af84f3-3e88-4c8c-894c-3ad307bcac8d, command=[]} | ret=SUCCESS |  
2019-08-30 05:18:12,415 | INFO  | SCMAudit | user=jenkins1000 | ip=192.168.36.106 | op=SEND_HEARTBEAT {datanodeUUID=ea5d4b6b-4a08-401a-8c59-ecc1ca37daf5, command=[]} | ret=SUCCESS |  
2019-08-30 05:18:12,415 | INFO  | SCMAudit | user=jenkins1000 | ip=192.168.36.106 | op=SEND_HEARTBEAT {datanodeUUID=134d4672-e322-4e4b-b7f3-5645abb0fe8c, command=[]} | ret=SUCCESS |  
2019-08-30 05:18:12,416 | INFO  | SCMAudit | user=jenkins1000 | ip=192.168.36.106 | op=SEND_HEARTBEAT {datanodeUUID=730a25a1-dbec-44ed-975b-a44ab0096beb, command=[]} | ret=SUCCESS |  
2019-08-30 05:18:12,579 | INFO  | SCMAudit | user=jenkins1000 | ip=192.168.36.106 | op=SEND_HEARTBEAT {datanodeUUID=b91a4442-fd83-4a66-bee2-5c7959dbabc3, command=[]} | ret=SUCCESS |  
2019-08-30 05:18:13,415 | INFO  | SCMAudit | user=jenkins1000 | ip=192.168.36.106 | op=SEND_HEARTBEAT {datanodeUUID=73af84f3-3e88-4c8c-894c-3ad307bcac8d, command=[]} | ret=SUCCESS |  
2019-08-30 05:18:13,415 | INFO  | SCMAudit | user=jenkins1000 | ip=192.168.36.106 | op=SEND_HEARTBEAT {datanodeUUID=ea5d4b6b-4a08-401a-8c59-ecc1ca37daf5, command=[]} | ret=SUCCESS |  
2019-08-30 05:18:13,415 | INFO  | SCMAudit | user=jenkins1000 | ip=192.168.36.106 | op=SEND_HEARTBEAT {datanodeUUID=730a25a1-dbec-44ed-975b-a44ab0096beb, command=[]} | ret=SUCCESS |  
2019-08-30 05:18:13,415 | INFO  | SCMAudit | user=jenkins1000 | ip=192.168.36.106 | op=SEND_HEARTBEAT {datanodeUUID=134d4672-e322-4e4b-b7f3-5645abb0fe8c, command=[]} | ret=SUCCESS |  
2019-08-30 05:18:13,579 | INFO  | SCMAudit | user=jenkins1000 | ip=192.168.36.106 | op=SEND_HEARTBEAT {datanodeUUID=b91a4442-fd83-4a66-bee2-5c7959dbabc3, command=[]} | ret=SUCCESS |  
2019-08-30 05:18:14,415 | INFO  | SCMAudit | user=jenkins1000 | ip=192.168.36.106 | op=SEND_HEARTBEAT {datanodeUUID=ea5d4b6b-4a08-401a-8c59-ecc1ca37daf5, command=[]} | ret=SUCCESS |  
2019-08-30 05:18:14,415 | INFO  | SCMAudit | user=jenkins1000 | ip=192.168.36.106 | op=SEND_HEARTBEAT {datanodeUUID=73af84f3-3e88-4c8c-894c-3ad307bcac8d, command=[]} | ret=SUCCESS |  
2019-08-30 05:18:14,415 | INFO  | SCMAudit | user=jenkins1000 | ip=192.168.36.106 | op=SEND_HEARTBEAT {datanodeUUID=134d4672-e322-4e4b-b7f3-5645abb0fe8c, command=[]} | ret=SUCCESS |  
2019-08-30 05:18:14,416 | INFO  | SCMAudit | user=jenkins1000 | ip=192.168.36.106 | op=SEND_HEARTBEAT {datanodeUUID=730a25a1-dbec-44ed-975b-a44ab0096beb, command=[]} | ret=SUCCESS |  
2019-08-30 05:18:14,580 | INFO  | SCMAudit | user=jenkins1000 | ip=192.168.36.106 | op=SEND_HEARTBEAT {datanodeUUID=b91a4442-fd83-4a66-bee2-5c7959dbabc3, command=[]} | ret=SUCCESS |  
2019-08-30 05:18:15,415 | INFO  | SCMAudit | user=jenkins1000 | ip=192.168.36.106 | op=SEND_HEARTBEAT {datanodeUUID=73af84f3-3e88-4c8c-894c-3ad307bcac8d, command=[]} | ret=SUCCESS |  
2019-08-30 05:18:15,415 | INFO  | SCMAudit | user=jenkins1000 | ip=192.168.36.106 | op=SEND_HEARTBEAT {datanodeUUID=ea5d4b6b-4a08-401a-8c59-ecc1ca37daf5, command=[]} | ret=SUCCESS |  
2019-08-30 05:18:15,416 | INFO  | SCMAudit | user=jenkins1000 | ip=192.168.36.106 | op=SEND_HEARTBEAT {datanodeUUID=730a25a1-dbec-44ed-975b-a44ab0096beb, command=[]} | ret=SUCCESS |  
2019-08-30 05:18:15,416 | INFO  | SCMAudit | user=jenkins1000 | ip=192.168.36.106 | op=SEND_HEARTBEAT {datanodeUUID=134d4672-e322-4e4b-b7f3-5645abb0fe8c, command=[]} | ret=SUCCESS |  
2019-08-30 05:18:15,580 | INFO  | SCMAudit | user=jenkins1000 | ip=192.168.36.106 | op=SEND_HEARTBEAT {datanodeUUID=b91a4442-fd83-4a66-bee2-5c7959dbabc3, command=[]} | ret=SUCCESS |  
]]></system-out>
  </testcase>
  <testcase name="fileWithSizeZero" classname="org.apache.hadoop.ozone.freon.TestRandomKeyGenerator" time="5.058"/>
  <testcase name="multiThread" classname="org.apache.hadoop.ozone.freon.TestRandomKeyGenerator" time="5.021"/>
</testsuite>