<?xml version="1.0" encoding="UTF-8"?>
<testsuite xmlns:xsi="http://www.w3.org/2001/XMLSchema-instance" xsi:noNamespaceSchemaLocation="https://maven.apache.org/surefire/maven-surefire-plugin/xsd/surefire-test-report.xsd" name="org.apache.hadoop.ozone.client.rpc.TestMultiBlockWritesWithDnFailures" time="140.972" tests="2" errors="1" skipped="0" failures="0">
  <properties>
    <property name="awt.toolkit" value="sun.awt.X11.XToolkit"/>
    <property name="file.encoding.pkg" value="sun.io"/>
    <property name="java.specification.version" value="1.8"/>
    <property name="sun.cpu.isalist" value=""/>
    <property name="sun.jnu.encoding" value="UTF-8"/>
    <property name="java.class.path" value="/workdir/hadoop-ozone/integration-test/target/test-classes:/workdir/hadoop-ozone/integration-test/target/classes:/home/user/.m2/repository/org/apache/hadoop/hadoop-ozone-common/0.5.0-SNAPSHOT/hadoop-ozone-common-0.5.0-SNAPSHOT.jar:/home/user/.m2/repository/org/apache/commons/commons-compress/1.4.1/commons-compress-1.4.1.jar:/home/user/.m2/repository/org/tukaani/xz/1.0/xz-1.0.jar:/home/user/.m2/repository/org/apache/hadoop/hadoop-common/3.2.0/hadoop-common-3.2.0.jar:/home/user/.m2/repository/org/apache/hadoop/hadoop-hdfs/3.2.0/hadoop-hdfs-3.2.0.jar:/home/user/.m2/repository/org/apache/hadoop/hadoop-hdfs-client/3.2.0/hadoop-hdfs-client-3.2.0.jar:/home/user/.m2/repository/com/fasterxml/jackson/core/jackson-annotations/2.9.5/jackson-annotations-2.9.5.jar:/home/user/.m2/repository/org/apache/hadoop/hadoop-hdds-common/0.5.0-SNAPSHOT/hadoop-hdds-common-0.5.0-SNAPSHOT.jar:/home/user/.m2/repository/javax/annotation/javax.annotation-api/1.2/javax.annotation-api-1.2.jar:/home/user/.m2/repository/org/apache/ratis/ratis-server/0.4.0-78e95b9-SNAPSHOT/ratis-server-0.4.0-78e95b9-SNAPSHOT.jar:/home/user/.m2/repository/org/apache/ratis/ratis-thirdparty-misc/0.2.0/ratis-thirdparty-misc-0.2.0.jar:/home/user/.m2/repository/org/apache/ratis/ratis-proto/0.4.0-78e95b9-SNAPSHOT/ratis-proto-0.4.0-78e95b9-SNAPSHOT.jar:/home/user/.m2/repository/org/apache/ratis/ratis-common/0.4.0-78e95b9-SNAPSHOT/ratis-common-0.4.0-78e95b9-SNAPSHOT.jar:/home/user/.m2/repository/org/apache/ratis/ratis-client/0.4.0-78e95b9-SNAPSHOT/ratis-client-0.4.0-78e95b9-SNAPSHOT.jar:/home/user/.m2/repository/org/apache/ratis/ratis-metrics/0.4.0-78e95b9-SNAPSHOT/ratis-metrics-0.4.0-78e95b9-SNAPSHOT.jar:/home/user/.m2/repository/com/github/joshelser/dropwizard-metrics-hadoop-metrics2-reporter/0.1.2/dropwizard-metrics-hadoop-metrics2-reporter-0.1.2.jar:/home/user/.m2/repository/io/dropwizard/metrics/metrics-jvm/3.2.5/metrics-jvm-3.2.5.jar:/home/user/.m2/repository/io/dropwizard/metrics/metrics-ganglia/3.2.5/metrics-ganglia-3.2.5.jar:/home/user/.m2/repository/info/ganglia/gmetric4j/gmetric4j/1.0.7/gmetric4j-1.0.7.jar:/home/user/.m2/repository/org/apache/ratis/ratis-netty/0.4.0-78e95b9-SNAPSHOT/ratis-netty-0.4.0-78e95b9-SNAPSHOT.jar:/home/user/.m2/repository/org/apache/ratis/ratis-grpc/0.4.0-78e95b9-SNAPSHOT/ratis-grpc-0.4.0-78e95b9-SNAPSHOT.jar:/home/user/.m2/repository/org/rocksdb/rocksdbjni/6.0.1/rocksdbjni-6.0.1.jar:/home/user/.m2/repository/org/apache/logging/log4j/log4j-api/2.11.0/log4j-api-2.11.0.jar:/home/user/.m2/repository/org/apache/logging/log4j/log4j-core/2.11.0/log4j-core-2.11.0.jar:/home/user/.m2/repository/com/lmax/disruptor/3.4.2/disruptor-3.4.2.jar:/home/user/.m2/repository/org/apache/commons/commons-pool2/2.6.0/commons-pool2-2.6.0.jar:/home/user/.m2/repository/org/bouncycastle/bcpkix-jdk15on/1.60/bcpkix-jdk15on-1.60.jar:/home/user/.m2/repository/commons-validator/commons-validator/1.6/commons-validator-1.6.jar:/home/user/.m2/repository/commons-digester/commons-digester/1.8.1/commons-digester-1.8.1.jar:/home/user/.m2/repository/io/jaegertracing/jaeger-client/0.33.1/jaeger-client-0.33.1.jar:/home/user/.m2/repository/io/jaegertracing/jaeger-thrift/0.33.1/jaeger-thrift-0.33.1.jar:/home/user/.m2/repository/org/apache/thrift/libthrift/0.11.0/libthrift-0.11.0.jar:/home/user/.m2/repository/com/squareup/okhttp3/okhttp/3.9.0/okhttp-3.9.0.jar:/home/user/.m2/repository/com/squareup/okio/okio/1.13.0/okio-1.13.0.jar:/home/user/.m2/repository/io/jaegertracing/jaeger-core/0.33.1/jaeger-core-0.33.1.jar:/home/user/.m2/repository/io/jaegertracing/jaeger-tracerresolver/0.33.1/jaeger-tracerresolver-0.33.1.jar:/home/user/.m2/repository/io/opentracing/contrib/opentracing-tracerresolver/0.1.5/opentracing-tracerresolver-0.1.5.jar:/home/user/.m2/repository/io/opentracing/opentracing-util/0.31.0/opentracing-util-0.31.0.jar:/home/user/.m2/repository/io/opentracing/opentracing-api/0.31.0/opentracing-api-0.31.0.jar:/home/user/.m2/repository/io/opentracing/opentracing-noop/0.31.0/opentracing-noop-0.31.0.jar:/home/user/.m2/repository/org/apache/hadoop/hadoop-hdds-server-framework/0.5.0-SNAPSHOT/hadoop-hdds-server-framework-0.5.0-SNAPSHOT.jar:/home/user/.m2/repository/org/apache/hadoop/hadoop-hdds-container-service/0.5.0-SNAPSHOT/hadoop-hdds-container-service-0.5.0-SNAPSHOT.jar:/home/user/.m2/repository/org/apache/hadoop/hadoop-hdds-client/0.5.0-SNAPSHOT/hadoop-hdds-client-0.5.0-SNAPSHOT.jar:/home/user/.m2/repository/org/apache/hadoop/hadoop-hdds-tools/0.5.0-SNAPSHOT/hadoop-hdds-tools-0.5.0-SNAPSHOT.jar:/home/user/.m2/repository/org/apache/hadoop/hadoop-hdds-server-scm/0.5.0-SNAPSHOT/hadoop-hdds-server-scm-0.5.0-SNAPSHOT.jar:/home/user/.m2/repository/org/apache/hadoop/hadoop-hdds-docs/0.5.0-SNAPSHOT/hadoop-hdds-docs-0.5.0-SNAPSHOT.jar:/home/user/.m2/repository/io/dropwizard/metrics/metrics-core/3.2.4/metrics-core-3.2.4.jar:/home/user/.m2/repository/org/hamcrest/hamcrest-all/1.3/hamcrest-all-1.3.jar:/home/user/.m2/repository/org/bouncycastle/bcprov-jdk15on/1.60/bcprov-jdk15on-1.60.jar:/home/user/.m2/repository/info/picocli/picocli/3.9.6/picocli-3.9.6.jar:/home/user/.m2/repository/com/google/protobuf/protobuf-java/2.5.0/protobuf-java-2.5.0.jar:/home/user/.m2/repository/com/google/guava/guava/11.0.2/guava-11.0.2.jar:/home/user/.m2/repository/org/apache/hadoop/hadoop-ozone-ozone-manager/0.5.0-SNAPSHOT/hadoop-ozone-ozone-manager-0.5.0-SNAPSHOT.jar:/home/user/.m2/repository/org/apache/hadoop/hadoop-minikdc/3.2.0/hadoop-minikdc-3.2.0.jar:/home/user/.m2/repository/commons-io/commons-io/2.5/commons-io-2.5.jar:/home/user/.m2/repository/org/apache/kerby/kerb-simplekdc/1.0.1/kerb-simplekdc-1.0.1.jar:/home/user/.m2/repository/org/apache/kerby/kerb-client/1.0.1/kerb-client-1.0.1.jar:/home/user/.m2/repository/org/apache/kerby/kerby-config/1.0.1/kerby-config-1.0.1.jar:/home/user/.m2/repository/org/apache/kerby/kerb-core/1.0.1/kerb-core-1.0.1.jar:/home/user/.m2/repository/org/apache/kerby/kerby-pkix/1.0.1/kerby-pkix-1.0.1.jar:/home/user/.m2/repository/org/apache/kerby/kerby-asn1/1.0.1/kerby-asn1-1.0.1.jar:/home/user/.m2/repository/org/apache/kerby/kerby-util/1.0.1/kerby-util-1.0.1.jar:/home/user/.m2/repository/org/apache/kerby/kerb-common/1.0.1/kerb-common-1.0.1.jar:/home/user/.m2/repository/org/apache/kerby/kerb-crypto/1.0.1/kerb-crypto-1.0.1.jar:/home/user/.m2/repository/org/apache/kerby/kerb-util/1.0.1/kerb-util-1.0.1.jar:/home/user/.m2/repository/org/apache/kerby/token-provider/1.0.1/token-provider-1.0.1.jar:/home/user/.m2/repository/org/apache/kerby/kerb-admin/1.0.1/kerb-admin-1.0.1.jar:/home/user/.m2/repository/org/apache/kerby/kerb-server/1.0.1/kerb-server-1.0.1.jar:/home/user/.m2/repository/org/apache/kerby/kerb-identity/1.0.1/kerb-identity-1.0.1.jar:/home/user/.m2/repository/org/apache/kerby/kerby-xdr/1.0.1/kerby-xdr-1.0.1.jar:/home/user/.m2/repository/org/slf4j/slf4j-log4j12/1.7.25/slf4j-log4j12-1.7.25.jar:/home/user/.m2/repository/org/apache/hadoop/hadoop-ozone-s3gateway/0.5.0-SNAPSHOT/hadoop-ozone-s3gateway-0.5.0-SNAPSHOT.jar:/home/user/.m2/repository/org/jboss/weld/servlet/weld-servlet/2.4.7.Final/weld-servlet-2.4.7.Final.jar:/home/user/.m2/repository/org/glassfish/jersey/containers/jersey-container-servlet-core/2.27/jersey-container-servlet-core-2.27.jar:/home/user/.m2/repository/org/glassfish/hk2/external/javax.inject/2.5.0-b42/javax.inject-2.5.0-b42.jar:/home/user/.m2/repository/org/glassfish/jersey/core/jersey-common/2.27/jersey-common-2.27.jar:/home/user/.m2/repository/org/glassfish/hk2/osgi-resource-locator/1.0.1/osgi-resource-locator-1.0.1.jar:/home/user/.m2/repository/javax/ws/rs/javax.ws.rs-api/2.1/javax.ws.rs-api-2.1.jar:/home/user/.m2/repository/org/glassfish/jersey/ext/cdi/jersey-cdi1x/2.27/jersey-cdi1x-2.27.jar:/home/user/.m2/repository/org/glassfish/jersey/inject/jersey-hk2/2.27/jersey-hk2-2.27.jar:/home/user/.m2/repository/org/glassfish/hk2/hk2-locator/2.5.0-b42/hk2-locator-2.5.0-b42.jar:/home/user/.m2/repository/org/javassist/javassist/3.22.0-CR2/javassist-3.22.0-CR2.jar:/home/user/.m2/repository/org/glassfish/hk2/hk2-api/2.5.0/hk2-api-2.5.0.jar:/home/user/.m2/repository/org/glassfish/hk2/external/jakarta.inject/2.5.0/jakarta.inject-2.5.0.jar:/home/user/.m2/repository/org/glassfish/hk2/hk2-utils/2.5.0/hk2-utils-2.5.0.jar:/home/user/.m2/repository/jakarta/annotation/jakarta.annotation-api/1.3.4/jakarta.annotation-api-1.3.4.jar:/home/user/.m2/repository/org/glassfish/hk2/external/aopalliance-repackaged/2.5.0/aopalliance-repackaged-2.5.0.jar:/home/user/.m2/repository/com/fasterxml/jackson/dataformat/jackson-dataformat-xml/2.9.0/jackson-dataformat-xml-2.9.0.jar:/home/user/.m2/repository/com/fasterxml/jackson/core/jackson-core/2.9.5/jackson-core-2.9.5.jar:/home/user/.m2/repository/com/fasterxml/jackson/module/jackson-module-jaxb-annotations/2.9.5/jackson-module-jaxb-annotations-2.9.5.jar:/home/user/.m2/repository/javax/enterprise/cdi-api/1.2/cdi-api-1.2.jar:/home/user/.m2/repository/javax/el/javax.el-api/3.0.0/javax.el-api-3.0.0.jar:/home/user/.m2/repository/javax/interceptor/javax.interceptor-api/1.2/javax.interceptor-api-1.2.jar:/home/user/.m2/repository/javax/inject/javax.inject/1/javax.inject-1.jar:/home/user/.m2/repository/com/sun/xml/bind/jaxb-impl/2.3.0.1/jaxb-impl-2.3.0.1.jar:/home/user/.m2/repository/com/sun/xml/bind/jaxb-core/2.3.0.1/jaxb-core-2.3.0.1.jar:/home/user/.m2/repository/javax/xml/bind/jaxb-api/2.3.0/jaxb-api-2.3.0.jar:/home/user/.m2/repository/javax/activation/activation/1.1.1/activation-1.1.1.jar:/home/user/.m2/repository/org/apache/hadoop/hadoop-ozone-csi/0.5.0-SNAPSHOT/hadoop-ozone-csi-0.5.0-SNAPSHOT.jar:/home/user/.m2/repository/com/google/protobuf/protobuf-java-util/3.5.1/protobuf-java-util-3.5.1.jar:/home/user/.m2/repository/org/apache/hadoop/hadoop-hdds-config/0.5.0-SNAPSHOT/hadoop-hdds-config-0.5.0-SNAPSHOT.jar:/home/user/.m2/repository/io/grpc/grpc-netty/1.17.1/grpc-netty-1.17.1.jar:/home/user/.m2/repository/io/grpc/grpc-core/1.17.1/grpc-core-1.17.1.jar:/home/user/.m2/repository/io/grpc/grpc-context/1.17.1/grpc-context-1.17.1.jar:/home/user/.m2/repository/com/google/errorprone/error_prone_annotations/2.2.0/error_prone_annotations-2.2.0.jar:/home/user/.m2/repository/org/codehaus/mojo/animal-sniffer-annotations/1.17/animal-sniffer-annotations-1.17.jar:/home/user/.m2/repository/io/opencensus/opencensus-api/0.17.0/opencensus-api-0.17.0.jar:/home/user/.m2/repository/io/opencensus/opencensus-contrib-grpc-metrics/0.17.0/opencensus-contrib-grpc-metrics-0.17.0.jar:/home/user/.m2/repository/io/netty/netty-codec-http2/4.1.30.Final/netty-codec-http2-4.1.30.Final.jar:/home/user/.m2/repository/io/netty/netty-codec-http/4.1.30.Final/netty-codec-http-4.1.30.Final.jar:/home/user/.m2/repository/io/netty/netty-codec/4.1.30.Final/netty-codec-4.1.30.Final.jar:/home/user/.m2/repository/io/netty/netty-handler/4.1.30.Final/netty-handler-4.1.30.Final.jar:/home/user/.m2/repository/io/netty/netty-handler-proxy/4.1.30.Final/netty-handler-proxy-4.1.30.Final.jar:/home/user/.m2/repository/io/netty/netty-codec-socks/4.1.30.Final/netty-codec-socks-4.1.30.Final.jar:/home/user/.m2/repository/io/netty/netty-transport-native-epoll/4.1.30.Final/netty-transport-native-epoll-4.1.30.Final.jar:/home/user/.m2/repository/io/netty/netty-common/4.1.30.Final/netty-common-4.1.30.Final.jar:/home/user/.m2/repository/io/netty/netty-buffer/4.1.30.Final/netty-buffer-4.1.30.Final.jar:/home/user/.m2/repository/io/netty/netty-transport/4.1.30.Final/netty-transport-4.1.30.Final.jar:/home/user/.m2/repository/io/netty/netty-resolver/4.1.30.Final/netty-resolver-4.1.30.Final.jar:/home/user/.m2/repository/io/netty/netty-transport-native-unix-common/4.1.30.Final/netty-transport-native-unix-common-4.1.30.Final.jar:/home/user/.m2/repository/io/grpc/grpc-protobuf/1.17.1/grpc-protobuf-1.17.1.jar:/home/user/.m2/repository/com/google/api/grpc/proto-google-common-protos/1.0.0/proto-google-common-protos-1.0.0.jar:/home/user/.m2/repository/io/grpc/grpc-protobuf-lite/1.17.1/grpc-protobuf-lite-1.17.1.jar:/home/user/.m2/repository/io/grpc/grpc-stub/1.17.1/grpc-stub-1.17.1.jar:/home/user/.m2/repository/org/apache/hadoop/hadoop-ozone-recon/0.5.0-SNAPSHOT/hadoop-ozone-recon-0.5.0-SNAPSHOT.jar:/home/user/.m2/repository/org/apache/hadoop/hadoop-ozone-reconcodegen/0.5.0-SNAPSHOT/hadoop-ozone-reconcodegen-0.5.0-SNAPSHOT.jar:/home/user/.m2/repository/com/google/inject/extensions/guice-multibindings/4.0/guice-multibindings-4.0.jar:/home/user/.m2/repository/com/google/inject/guice/4.0/guice-4.0.jar:/home/user/.m2/repository/aopalliance/aopalliance/1.0/aopalliance-1.0.jar:/home/user/.m2/repository/com/google/inject/extensions/guice-servlet/4.0/guice-servlet-4.0.jar:/home/user/.m2/repository/org/glassfish/jersey/containers/jersey-container-servlet/2.27/jersey-container-servlet-2.27.jar:/home/user/.m2/repository/org/glassfish/hk2/guice-bridge/2.5.0/guice-bridge-2.5.0.jar:/home/user/.m2/repository/org/glassfish/jersey/core/jersey-server/2.27/jersey-server-2.27.jar:/home/user/.m2/repository/org/glassfish/jersey/core/jersey-client/2.27/jersey-client-2.27.jar:/home/user/.m2/repository/org/glassfish/jersey/media/jersey-media-jaxb/2.27/jersey-media-jaxb-2.27.jar:/home/user/.m2/repository/javax/validation/validation-api/1.1.0.Final/validation-api-1.1.0.Final.jar:/home/user/.m2/repository/org/glassfish/jersey/media/jersey-media-json-jackson/2.27/jersey-media-json-jackson-2.27.jar:/home/user/.m2/repository/org/glassfish/jersey/ext/jersey-entity-filtering/2.27/jersey-entity-filtering-2.27.jar:/home/user/.m2/repository/com/google/inject/extensions/guice-assistedinject/4.0/guice-assistedinject-4.0.jar:/home/user/.m2/repository/org/jooq/jooq/3.11.10/jooq-3.11.10.jar:/home/user/.m2/repository/org/jooq/jooq-meta/3.11.10/jooq-meta-3.11.10.jar:/home/user/.m2/repository/org/jooq/jooq-codegen/3.11.10/jooq-codegen-3.11.10.jar:/home/user/.m2/repository/com/jolbox/bonecp/0.8.0.RELEASE/bonecp-0.8.0.RELEASE.jar:/home/user/.m2/repository/org/xerial/sqlite-jdbc/3.25.2/sqlite-jdbc-3.25.2.jar:/home/user/.m2/repository/org/springframework/spring-jdbc/5.1.3.RELEASE/spring-jdbc-5.1.3.RELEASE.jar:/home/user/.m2/repository/org/springframework/spring-beans/5.1.3.RELEASE/spring-beans-5.1.3.RELEASE.jar:/home/user/.m2/repository/org/springframework/spring-core/5.1.3.RELEASE/spring-core-5.1.3.RELEASE.jar:/home/user/.m2/repository/org/springframework/spring-jcl/5.1.3.RELEASE/spring-jcl-5.1.3.RELEASE.jar:/home/user/.m2/repository/org/springframework/spring-tx/5.1.3.RELEASE/spring-tx-5.1.3.RELEASE.jar:/home/user/.m2/repository/org/apache/hadoop/hadoop-ozone-client/0.5.0-SNAPSHOT/hadoop-ozone-client-0.5.0-SNAPSHOT.jar:/home/user/.m2/repository/commons-lang/commons-lang/2.6/commons-lang-2.6.jar:/home/user/.m2/repository/org/apache/hadoop/hadoop-ozone-ozone-manager/0.5.0-SNAPSHOT/hadoop-ozone-ozone-manager-0.5.0-SNAPSHOT-tests.jar:/home/user/.m2/repository/junit/junit/4.11/junit-4.11.jar:/home/user/.m2/repository/org/hamcrest/hamcrest-core/1.3/hamcrest-core-1.3.jar:/home/user/.m2/repository/org/openjdk/jmh/jmh-core/1.19/jmh-core-1.19.jar:/home/user/.m2/repository/net/sf/jopt-simple/jopt-simple/4.6/jopt-simple-4.6.jar:/home/user/.m2/repository/org/apache/commons/commons-math3/3.1.1/commons-math3-3.1.1.jar:/home/user/.m2/repository/org/openjdk/jmh/jmh-generator-annprocess/1.19/jmh-generator-annprocess-1.19.jar:/home/user/.m2/repository/org/mockito/mockito-all/1.8.5/mockito-all-1.8.5.jar:/home/user/.m2/repository/org/apache/hadoop/hadoop-kms/3.2.0/hadoop-kms-3.2.0.jar:/home/user/.m2/repository/org/apache/hadoop/hadoop-auth/3.2.0/hadoop-auth-3.2.0.jar:/home/user/.m2/repository/com/nimbusds/nimbus-jose-jwt/4.41.1/nimbus-jose-jwt-4.41.1.jar:/home/user/.m2/repository/com/github/stephenc/jcip/jcip-annotations/1.0-1/jcip-annotations-1.0-1.jar:/home/user/.m2/repository/net/minidev/json-smart/2.3/json-smart-2.3.jar:/home/user/.m2/repository/net/minidev/accessors-smart/1.2/accessors-smart-1.2.jar:/home/user/.m2/repository/org/ow2/asm/asm/5.0.4/asm-5.0.4.jar:/home/user/.m2/repository/org/apache/curator/curator-framework/2.12.0/curator-framework-2.12.0.jar:/home/user/.m2/repository/com/sun/jersey/jersey-core/1.19/jersey-core-1.19.jar:/home/user/.m2/repository/javax/ws/rs/jsr311-api/1.1.1/jsr311-api-1.1.1.jar:/home/user/.m2/repository/com/sun/jersey/jersey-server/1.19/jersey-server-1.19.jar:/home/user/.m2/repository/javax/servlet/javax.servlet-api/3.1.0/javax.servlet-api-3.1.0.jar:/home/user/.m2/repository/org/eclipse/jetty/jetty-server/9.3.24.v20180605/jetty-server-9.3.24.v20180605.jar:/home/user/.m2/repository/org/eclipse/jetty/jetty-http/9.3.24.v20180605/jetty-http-9.3.24.v20180605.jar:/home/user/.m2/repository/org/eclipse/jetty/jetty-io/9.3.24.v20180605/jetty-io-9.3.24.v20180605.jar:/home/user/.m2/repository/org/eclipse/jetty/jetty-webapp/9.3.24.v20180605/jetty-webapp-9.3.24.v20180605.jar:/home/user/.m2/repository/org/eclipse/jetty/jetty-xml/9.3.24.v20180605/jetty-xml-9.3.24.v20180605.jar:/home/user/.m2/repository/log4j/log4j/1.2.17/log4j-1.2.17.jar:/home/user/.m2/repository/org/slf4j/slf4j-api/1.7.25/slf4j-api-1.7.25.jar:/home/user/.m2/repository/org/slf4j/jul-to-slf4j/1.7.25/jul-to-slf4j-1.7.25.jar:/home/user/.m2/repository/org/eclipse/jetty/jetty-util/9.3.24.v20180605/jetty-util-9.3.24.v20180605.jar:/home/user/.m2/repository/com/fasterxml/jackson/core/jackson-databind/2.9.5/jackson-databind-2.9.5.jar:/home/user/.m2/repository/org/apache/hadoop/hadoop-kms/3.2.0/hadoop-kms-3.2.0-tests.jar:/home/user/.m2/repository/org/apache/hadoop/hadoop-hdds-server-scm/0.5.0-SNAPSHOT/hadoop-hdds-server-scm-0.5.0-SNAPSHOT-tests.jar:/home/user/.m2/repository/org/apache/hadoop/hadoop-hdds-container-service/0.5.0-SNAPSHOT/hadoop-hdds-container-service-0.5.0-SNAPSHOT-tests.jar:/home/user/.m2/repository/org/yaml/snakeyaml/1.16/snakeyaml-1.16.jar:/home/user/.m2/repository/org/apache/hadoop/hadoop-common/3.2.0/hadoop-common-3.2.0-tests.jar:/home/user/.m2/repository/org/apache/hadoop/hadoop-annotations/3.2.0/hadoop-annotations-3.2.0.jar:/usr/lib/jvm/java-1.8-openjdk/jre/../lib/tools.jar:/home/user/.m2/repository/commons-cli/commons-cli/1.2/commons-cli-1.2.jar:/home/user/.m2/repository/org/apache/httpcomponents/httpclient/4.5.2/httpclient-4.5.2.jar:/home/user/.m2/repository/org/apache/httpcomponents/httpcore/4.4.4/httpcore-4.4.4.jar:/home/user/.m2/repository/commons-codec/commons-codec/1.11/commons-codec-1.11.jar:/home/user/.m2/repository/commons-net/commons-net/3.6/commons-net-3.6.jar:/home/user/.m2/repository/commons-collections/commons-collections/3.2.2/commons-collections-3.2.2.jar:/home/user/.m2/repository/org/eclipse/jetty/jetty-servlet/9.3.24.v20180605/jetty-servlet-9.3.24.v20180605.jar:/home/user/.m2/repository/org/eclipse/jetty/jetty-security/9.3.24.v20180605/jetty-security-9.3.24.v20180605.jar:/home/user/.m2/repository/javax/servlet/jsp/jsp-api/2.1/jsp-api-2.1.jar:/home/user/.m2/repository/com/sun/jersey/jersey-servlet/1.19/jersey-servlet-1.19.jar:/home/user/.m2/repository/com/sun/jersey/jersey-json/1.19/jersey-json-1.19.jar:/home/user/.m2/repository/org/codehaus/jettison/jettison/1.1/jettison-1.1.jar:/home/user/.m2/repository/org/codehaus/jackson/jackson-core-asl/1.9.13/jackson-core-asl-1.9.13.jar:/home/user/.m2/repository/org/codehaus/jackson/jackson-mapper-asl/1.9.13/jackson-mapper-asl-1.9.13.jar:/home/user/.m2/repository/org/codehaus/jackson/jackson-jaxrs/1.9.13/jackson-jaxrs-1.9.13.jar:/home/user/.m2/repository/org/codehaus/jackson/jackson-xc/1.9.13/jackson-xc-1.9.13.jar:/home/user/.m2/repository/commons-logging/commons-logging/1.1.3/commons-logging-1.1.3.jar:/home/user/.m2/repository/commons-beanutils/commons-beanutils/1.9.3/commons-beanutils-1.9.3.jar:/home/user/.m2/repository/org/apache/commons/commons-configuration2/2.1.1/commons-configuration2-2.1.1.jar:/home/user/.m2/repository/org/apache/commons/commons-lang3/3.7/commons-lang3-3.7.jar:/home/user/.m2/repository/org/apache/commons/commons-text/1.4/commons-text-1.4.jar:/home/user/.m2/repository/org/apache/avro/avro/1.7.7/avro-1.7.7.jar:/home/user/.m2/repository/com/thoughtworks/paranamer/paranamer/2.3/paranamer-2.3.jar:/home/user/.m2/repository/org/xerial/snappy/snappy-java/1.0.5/snappy-java-1.0.5.jar:/home/user/.m2/repository/com/google/re2j/re2j/1.1/re2j-1.1.jar:/home/user/.m2/repository/com/google/code/gson/gson/2.2.4/gson-2.2.4.jar:/home/user/.m2/repository/com/jcraft/jsch/0.1.54/jsch-0.1.54.jar:/home/user/.m2/repository/org/apache/curator/curator-client/2.12.0/curator-client-2.12.0.jar:/home/user/.m2/repository/org/apache/curator/curator-recipes/2.12.0/curator-recipes-2.12.0.jar:/home/user/.m2/repository/com/google/code/findbugs/jsr305/3.0.0/jsr305-3.0.0.jar:/home/user/.m2/repository/org/apache/htrace/htrace-core4/4.1.0-incubating/htrace-core4-4.1.0-incubating.jar:/home/user/.m2/repository/org/apache/zookeeper/zookeeper/3.4.13/zookeeper-3.4.13.jar:/home/user/.m2/repository/org/apache/yetus/audience-annotations/0.5.0/audience-annotations-0.5.0.jar:/home/user/.m2/repository/org/codehaus/woodstox/stax2-api/3.1.4/stax2-api-3.1.4.jar:/home/user/.m2/repository/com/fasterxml/woodstox/woodstox-core/5.0.3/woodstox-core-5.0.3.jar:/home/user/.m2/repository/dnsjava/dnsjava/2.1.7/dnsjava-2.1.7.jar:/home/user/.m2/repository/org/apache/hadoop/hadoop-hdfs/3.2.0/hadoop-hdfs-3.2.0-tests.jar:/home/user/.m2/repository/org/eclipse/jetty/jetty-util-ajax/9.3.24.v20180605/jetty-util-ajax-9.3.24.v20180605.jar:/home/user/.m2/repository/commons-daemon/commons-daemon/1.0.13/commons-daemon-1.0.13.jar:/home/user/.m2/repository/io/netty/netty/3.10.5.Final/netty-3.10.5.Final.jar:/home/user/.m2/repository/io/netty/netty-all/4.0.52.Final/netty-all-4.0.52.Final.jar:/home/user/.m2/repository/org/fusesource/leveldbjni/leveldbjni-all/1.8/leveldbjni-all-1.8.jar:"/>
    <property name="java.vm.vendor" value="IcedTea"/>
    <property name="sun.arch.data.model" value="64"/>
    <property name="test.build.dir" value="/workdir/hadoop-ozone/integration-test/target/test-dir"/>
    <property name="test.cache.data" value=""/>
    <property name="java.vendor.url" value="https://icedtea.classpath.org"/>
    <property name="user.timezone" value=""/>
    <property name="java.vm.specification.version" value="1.8"/>
    <property name="os.name" value="Linux"/>
    <property name="test.build.data" value="/workdir/hadoop-ozone/integration-test/target/test-dir"/>
    <property name="user.country" value="US"/>
    <property name="sun.java.launcher" value="SUN_STANDARD"/>
    <property name="sun.boot.library.path" value="/usr/lib/jvm/java-1.8-openjdk/jre/lib/amd64"/>
    <property name="sun.java.command" value="/workdir/hadoop-ozone/integration-test/target/surefire/surefirebooter380498826031444897.jar /workdir/hadoop-ozone/integration-test/target/surefire 2019-09-16T15-31-16_980-jvmRun1 surefire4344075720511717890tmp surefire_52110475298322826763tmp"/>
    <property name="test" value="!TestMiniChaosOzoneCluster"/>
    <property name="surefire.test.class.path" value="/workdir/hadoop-ozone/integration-test/target/test-classes:/workdir/hadoop-ozone/integration-test/target/classes:/home/user/.m2/repository/org/apache/hadoop/hadoop-ozone-common/0.5.0-SNAPSHOT/hadoop-ozone-common-0.5.0-SNAPSHOT.jar:/home/user/.m2/repository/org/apache/commons/commons-compress/1.4.1/commons-compress-1.4.1.jar:/home/user/.m2/repository/org/tukaani/xz/1.0/xz-1.0.jar:/home/user/.m2/repository/org/apache/hadoop/hadoop-common/3.2.0/hadoop-common-3.2.0.jar:/home/user/.m2/repository/org/apache/hadoop/hadoop-hdfs/3.2.0/hadoop-hdfs-3.2.0.jar:/home/user/.m2/repository/org/apache/hadoop/hadoop-hdfs-client/3.2.0/hadoop-hdfs-client-3.2.0.jar:/home/user/.m2/repository/com/fasterxml/jackson/core/jackson-annotations/2.9.5/jackson-annotations-2.9.5.jar:/home/user/.m2/repository/org/apache/hadoop/hadoop-hdds-common/0.5.0-SNAPSHOT/hadoop-hdds-common-0.5.0-SNAPSHOT.jar:/home/user/.m2/repository/javax/annotation/javax.annotation-api/1.2/javax.annotation-api-1.2.jar:/home/user/.m2/repository/org/apache/ratis/ratis-server/0.4.0-78e95b9-SNAPSHOT/ratis-server-0.4.0-78e95b9-SNAPSHOT.jar:/home/user/.m2/repository/org/apache/ratis/ratis-thirdparty-misc/0.2.0/ratis-thirdparty-misc-0.2.0.jar:/home/user/.m2/repository/org/apache/ratis/ratis-proto/0.4.0-78e95b9-SNAPSHOT/ratis-proto-0.4.0-78e95b9-SNAPSHOT.jar:/home/user/.m2/repository/org/apache/ratis/ratis-common/0.4.0-78e95b9-SNAPSHOT/ratis-common-0.4.0-78e95b9-SNAPSHOT.jar:/home/user/.m2/repository/org/apache/ratis/ratis-client/0.4.0-78e95b9-SNAPSHOT/ratis-client-0.4.0-78e95b9-SNAPSHOT.jar:/home/user/.m2/repository/org/apache/ratis/ratis-metrics/0.4.0-78e95b9-SNAPSHOT/ratis-metrics-0.4.0-78e95b9-SNAPSHOT.jar:/home/user/.m2/repository/com/github/joshelser/dropwizard-metrics-hadoop-metrics2-reporter/0.1.2/dropwizard-metrics-hadoop-metrics2-reporter-0.1.2.jar:/home/user/.m2/repository/io/dropwizard/metrics/metrics-jvm/3.2.5/metrics-jvm-3.2.5.jar:/home/user/.m2/repository/io/dropwizard/metrics/metrics-ganglia/3.2.5/metrics-ganglia-3.2.5.jar:/home/user/.m2/repository/info/ganglia/gmetric4j/gmetric4j/1.0.7/gmetric4j-1.0.7.jar:/home/user/.m2/repository/org/apache/ratis/ratis-netty/0.4.0-78e95b9-SNAPSHOT/ratis-netty-0.4.0-78e95b9-SNAPSHOT.jar:/home/user/.m2/repository/org/apache/ratis/ratis-grpc/0.4.0-78e95b9-SNAPSHOT/ratis-grpc-0.4.0-78e95b9-SNAPSHOT.jar:/home/user/.m2/repository/org/rocksdb/rocksdbjni/6.0.1/rocksdbjni-6.0.1.jar:/home/user/.m2/repository/org/apache/logging/log4j/log4j-api/2.11.0/log4j-api-2.11.0.jar:/home/user/.m2/repository/org/apache/logging/log4j/log4j-core/2.11.0/log4j-core-2.11.0.jar:/home/user/.m2/repository/com/lmax/disruptor/3.4.2/disruptor-3.4.2.jar:/home/user/.m2/repository/org/apache/commons/commons-pool2/2.6.0/commons-pool2-2.6.0.jar:/home/user/.m2/repository/org/bouncycastle/bcpkix-jdk15on/1.60/bcpkix-jdk15on-1.60.jar:/home/user/.m2/repository/commons-validator/commons-validator/1.6/commons-validator-1.6.jar:/home/user/.m2/repository/commons-digester/commons-digester/1.8.1/commons-digester-1.8.1.jar:/home/user/.m2/repository/io/jaegertracing/jaeger-client/0.33.1/jaeger-client-0.33.1.jar:/home/user/.m2/repository/io/jaegertracing/jaeger-thrift/0.33.1/jaeger-thrift-0.33.1.jar:/home/user/.m2/repository/org/apache/thrift/libthrift/0.11.0/libthrift-0.11.0.jar:/home/user/.m2/repository/com/squareup/okhttp3/okhttp/3.9.0/okhttp-3.9.0.jar:/home/user/.m2/repository/com/squareup/okio/okio/1.13.0/okio-1.13.0.jar:/home/user/.m2/repository/io/jaegertracing/jaeger-core/0.33.1/jaeger-core-0.33.1.jar:/home/user/.m2/repository/io/jaegertracing/jaeger-tracerresolver/0.33.1/jaeger-tracerresolver-0.33.1.jar:/home/user/.m2/repository/io/opentracing/contrib/opentracing-tracerresolver/0.1.5/opentracing-tracerresolver-0.1.5.jar:/home/user/.m2/repository/io/opentracing/opentracing-util/0.31.0/opentracing-util-0.31.0.jar:/home/user/.m2/repository/io/opentracing/opentracing-api/0.31.0/opentracing-api-0.31.0.jar:/home/user/.m2/repository/io/opentracing/opentracing-noop/0.31.0/opentracing-noop-0.31.0.jar:/home/user/.m2/repository/org/apache/hadoop/hadoop-hdds-server-framework/0.5.0-SNAPSHOT/hadoop-hdds-server-framework-0.5.0-SNAPSHOT.jar:/home/user/.m2/repository/org/apache/hadoop/hadoop-hdds-container-service/0.5.0-SNAPSHOT/hadoop-hdds-container-service-0.5.0-SNAPSHOT.jar:/home/user/.m2/repository/org/apache/hadoop/hadoop-hdds-client/0.5.0-SNAPSHOT/hadoop-hdds-client-0.5.0-SNAPSHOT.jar:/home/user/.m2/repository/org/apache/hadoop/hadoop-hdds-tools/0.5.0-SNAPSHOT/hadoop-hdds-tools-0.5.0-SNAPSHOT.jar:/home/user/.m2/repository/org/apache/hadoop/hadoop-hdds-server-scm/0.5.0-SNAPSHOT/hadoop-hdds-server-scm-0.5.0-SNAPSHOT.jar:/home/user/.m2/repository/org/apache/hadoop/hadoop-hdds-docs/0.5.0-SNAPSHOT/hadoop-hdds-docs-0.5.0-SNAPSHOT.jar:/home/user/.m2/repository/io/dropwizard/metrics/metrics-core/3.2.4/metrics-core-3.2.4.jar:/home/user/.m2/repository/org/hamcrest/hamcrest-all/1.3/hamcrest-all-1.3.jar:/home/user/.m2/repository/org/bouncycastle/bcprov-jdk15on/1.60/bcprov-jdk15on-1.60.jar:/home/user/.m2/repository/info/picocli/picocli/3.9.6/picocli-3.9.6.jar:/home/user/.m2/repository/com/google/protobuf/protobuf-java/2.5.0/protobuf-java-2.5.0.jar:/home/user/.m2/repository/com/google/guava/guava/11.0.2/guava-11.0.2.jar:/home/user/.m2/repository/org/apache/hadoop/hadoop-ozone-ozone-manager/0.5.0-SNAPSHOT/hadoop-ozone-ozone-manager-0.5.0-SNAPSHOT.jar:/home/user/.m2/repository/org/apache/hadoop/hadoop-minikdc/3.2.0/hadoop-minikdc-3.2.0.jar:/home/user/.m2/repository/commons-io/commons-io/2.5/commons-io-2.5.jar:/home/user/.m2/repository/org/apache/kerby/kerb-simplekdc/1.0.1/kerb-simplekdc-1.0.1.jar:/home/user/.m2/repository/org/apache/kerby/kerb-client/1.0.1/kerb-client-1.0.1.jar:/home/user/.m2/repository/org/apache/kerby/kerby-config/1.0.1/kerby-config-1.0.1.jar:/home/user/.m2/repository/org/apache/kerby/kerb-core/1.0.1/kerb-core-1.0.1.jar:/home/user/.m2/repository/org/apache/kerby/kerby-pkix/1.0.1/kerby-pkix-1.0.1.jar:/home/user/.m2/repository/org/apache/kerby/kerby-asn1/1.0.1/kerby-asn1-1.0.1.jar:/home/user/.m2/repository/org/apache/kerby/kerby-util/1.0.1/kerby-util-1.0.1.jar:/home/user/.m2/repository/org/apache/kerby/kerb-common/1.0.1/kerb-common-1.0.1.jar:/home/user/.m2/repository/org/apache/kerby/kerb-crypto/1.0.1/kerb-crypto-1.0.1.jar:/home/user/.m2/repository/org/apache/kerby/kerb-util/1.0.1/kerb-util-1.0.1.jar:/home/user/.m2/repository/org/apache/kerby/token-provider/1.0.1/token-provider-1.0.1.jar:/home/user/.m2/repository/org/apache/kerby/kerb-admin/1.0.1/kerb-admin-1.0.1.jar:/home/user/.m2/repository/org/apache/kerby/kerb-server/1.0.1/kerb-server-1.0.1.jar:/home/user/.m2/repository/org/apache/kerby/kerb-identity/1.0.1/kerb-identity-1.0.1.jar:/home/user/.m2/repository/org/apache/kerby/kerby-xdr/1.0.1/kerby-xdr-1.0.1.jar:/home/user/.m2/repository/org/slf4j/slf4j-log4j12/1.7.25/slf4j-log4j12-1.7.25.jar:/home/user/.m2/repository/org/apache/hadoop/hadoop-ozone-s3gateway/0.5.0-SNAPSHOT/hadoop-ozone-s3gateway-0.5.0-SNAPSHOT.jar:/home/user/.m2/repository/org/jboss/weld/servlet/weld-servlet/2.4.7.Final/weld-servlet-2.4.7.Final.jar:/home/user/.m2/repository/org/glassfish/jersey/containers/jersey-container-servlet-core/2.27/jersey-container-servlet-core-2.27.jar:/home/user/.m2/repository/org/glassfish/hk2/external/javax.inject/2.5.0-b42/javax.inject-2.5.0-b42.jar:/home/user/.m2/repository/org/glassfish/jersey/core/jersey-common/2.27/jersey-common-2.27.jar:/home/user/.m2/repository/org/glassfish/hk2/osgi-resource-locator/1.0.1/osgi-resource-locator-1.0.1.jar:/home/user/.m2/repository/javax/ws/rs/javax.ws.rs-api/2.1/javax.ws.rs-api-2.1.jar:/home/user/.m2/repository/org/glassfish/jersey/ext/cdi/jersey-cdi1x/2.27/jersey-cdi1x-2.27.jar:/home/user/.m2/repository/org/glassfish/jersey/inject/jersey-hk2/2.27/jersey-hk2-2.27.jar:/home/user/.m2/repository/org/glassfish/hk2/hk2-locator/2.5.0-b42/hk2-locator-2.5.0-b42.jar:/home/user/.m2/repository/org/javassist/javassist/3.22.0-CR2/javassist-3.22.0-CR2.jar:/home/user/.m2/repository/org/glassfish/hk2/hk2-api/2.5.0/hk2-api-2.5.0.jar:/home/user/.m2/repository/org/glassfish/hk2/external/jakarta.inject/2.5.0/jakarta.inject-2.5.0.jar:/home/user/.m2/repository/org/glassfish/hk2/hk2-utils/2.5.0/hk2-utils-2.5.0.jar:/home/user/.m2/repository/jakarta/annotation/jakarta.annotation-api/1.3.4/jakarta.annotation-api-1.3.4.jar:/home/user/.m2/repository/org/glassfish/hk2/external/aopalliance-repackaged/2.5.0/aopalliance-repackaged-2.5.0.jar:/home/user/.m2/repository/com/fasterxml/jackson/dataformat/jackson-dataformat-xml/2.9.0/jackson-dataformat-xml-2.9.0.jar:/home/user/.m2/repository/com/fasterxml/jackson/core/jackson-core/2.9.5/jackson-core-2.9.5.jar:/home/user/.m2/repository/com/fasterxml/jackson/module/jackson-module-jaxb-annotations/2.9.5/jackson-module-jaxb-annotations-2.9.5.jar:/home/user/.m2/repository/javax/enterprise/cdi-api/1.2/cdi-api-1.2.jar:/home/user/.m2/repository/javax/el/javax.el-api/3.0.0/javax.el-api-3.0.0.jar:/home/user/.m2/repository/javax/interceptor/javax.interceptor-api/1.2/javax.interceptor-api-1.2.jar:/home/user/.m2/repository/javax/inject/javax.inject/1/javax.inject-1.jar:/home/user/.m2/repository/com/sun/xml/bind/jaxb-impl/2.3.0.1/jaxb-impl-2.3.0.1.jar:/home/user/.m2/repository/com/sun/xml/bind/jaxb-core/2.3.0.1/jaxb-core-2.3.0.1.jar:/home/user/.m2/repository/javax/xml/bind/jaxb-api/2.3.0/jaxb-api-2.3.0.jar:/home/user/.m2/repository/javax/activation/activation/1.1.1/activation-1.1.1.jar:/home/user/.m2/repository/org/apache/hadoop/hadoop-ozone-csi/0.5.0-SNAPSHOT/hadoop-ozone-csi-0.5.0-SNAPSHOT.jar:/home/user/.m2/repository/com/google/protobuf/protobuf-java-util/3.5.1/protobuf-java-util-3.5.1.jar:/home/user/.m2/repository/org/apache/hadoop/hadoop-hdds-config/0.5.0-SNAPSHOT/hadoop-hdds-config-0.5.0-SNAPSHOT.jar:/home/user/.m2/repository/io/grpc/grpc-netty/1.17.1/grpc-netty-1.17.1.jar:/home/user/.m2/repository/io/grpc/grpc-core/1.17.1/grpc-core-1.17.1.jar:/home/user/.m2/repository/io/grpc/grpc-context/1.17.1/grpc-context-1.17.1.jar:/home/user/.m2/repository/com/google/errorprone/error_prone_annotations/2.2.0/error_prone_annotations-2.2.0.jar:/home/user/.m2/repository/org/codehaus/mojo/animal-sniffer-annotations/1.17/animal-sniffer-annotations-1.17.jar:/home/user/.m2/repository/io/opencensus/opencensus-api/0.17.0/opencensus-api-0.17.0.jar:/home/user/.m2/repository/io/opencensus/opencensus-contrib-grpc-metrics/0.17.0/opencensus-contrib-grpc-metrics-0.17.0.jar:/home/user/.m2/repository/io/netty/netty-codec-http2/4.1.30.Final/netty-codec-http2-4.1.30.Final.jar:/home/user/.m2/repository/io/netty/netty-codec-http/4.1.30.Final/netty-codec-http-4.1.30.Final.jar:/home/user/.m2/repository/io/netty/netty-codec/4.1.30.Final/netty-codec-4.1.30.Final.jar:/home/user/.m2/repository/io/netty/netty-handler/4.1.30.Final/netty-handler-4.1.30.Final.jar:/home/user/.m2/repository/io/netty/netty-handler-proxy/4.1.30.Final/netty-handler-proxy-4.1.30.Final.jar:/home/user/.m2/repository/io/netty/netty-codec-socks/4.1.30.Final/netty-codec-socks-4.1.30.Final.jar:/home/user/.m2/repository/io/netty/netty-transport-native-epoll/4.1.30.Final/netty-transport-native-epoll-4.1.30.Final.jar:/home/user/.m2/repository/io/netty/netty-common/4.1.30.Final/netty-common-4.1.30.Final.jar:/home/user/.m2/repository/io/netty/netty-buffer/4.1.30.Final/netty-buffer-4.1.30.Final.jar:/home/user/.m2/repository/io/netty/netty-transport/4.1.30.Final/netty-transport-4.1.30.Final.jar:/home/user/.m2/repository/io/netty/netty-resolver/4.1.30.Final/netty-resolver-4.1.30.Final.jar:/home/user/.m2/repository/io/netty/netty-transport-native-unix-common/4.1.30.Final/netty-transport-native-unix-common-4.1.30.Final.jar:/home/user/.m2/repository/io/grpc/grpc-protobuf/1.17.1/grpc-protobuf-1.17.1.jar:/home/user/.m2/repository/com/google/api/grpc/proto-google-common-protos/1.0.0/proto-google-common-protos-1.0.0.jar:/home/user/.m2/repository/io/grpc/grpc-protobuf-lite/1.17.1/grpc-protobuf-lite-1.17.1.jar:/home/user/.m2/repository/io/grpc/grpc-stub/1.17.1/grpc-stub-1.17.1.jar:/home/user/.m2/repository/org/apache/hadoop/hadoop-ozone-recon/0.5.0-SNAPSHOT/hadoop-ozone-recon-0.5.0-SNAPSHOT.jar:/home/user/.m2/repository/org/apache/hadoop/hadoop-ozone-reconcodegen/0.5.0-SNAPSHOT/hadoop-ozone-reconcodegen-0.5.0-SNAPSHOT.jar:/home/user/.m2/repository/com/google/inject/extensions/guice-multibindings/4.0/guice-multibindings-4.0.jar:/home/user/.m2/repository/com/google/inject/guice/4.0/guice-4.0.jar:/home/user/.m2/repository/aopalliance/aopalliance/1.0/aopalliance-1.0.jar:/home/user/.m2/repository/com/google/inject/extensions/guice-servlet/4.0/guice-servlet-4.0.jar:/home/user/.m2/repository/org/glassfish/jersey/containers/jersey-container-servlet/2.27/jersey-container-servlet-2.27.jar:/home/user/.m2/repository/org/glassfish/hk2/guice-bridge/2.5.0/guice-bridge-2.5.0.jar:/home/user/.m2/repository/org/glassfish/jersey/core/jersey-server/2.27/jersey-server-2.27.jar:/home/user/.m2/repository/org/glassfish/jersey/core/jersey-client/2.27/jersey-client-2.27.jar:/home/user/.m2/repository/org/glassfish/jersey/media/jersey-media-jaxb/2.27/jersey-media-jaxb-2.27.jar:/home/user/.m2/repository/javax/validation/validation-api/1.1.0.Final/validation-api-1.1.0.Final.jar:/home/user/.m2/repository/org/glassfish/jersey/media/jersey-media-json-jackson/2.27/jersey-media-json-jackson-2.27.jar:/home/user/.m2/repository/org/glassfish/jersey/ext/jersey-entity-filtering/2.27/jersey-entity-filtering-2.27.jar:/home/user/.m2/repository/com/google/inject/extensions/guice-assistedinject/4.0/guice-assistedinject-4.0.jar:/home/user/.m2/repository/org/jooq/jooq/3.11.10/jooq-3.11.10.jar:/home/user/.m2/repository/org/jooq/jooq-meta/3.11.10/jooq-meta-3.11.10.jar:/home/user/.m2/repository/org/jooq/jooq-codegen/3.11.10/jooq-codegen-3.11.10.jar:/home/user/.m2/repository/com/jolbox/bonecp/0.8.0.RELEASE/bonecp-0.8.0.RELEASE.jar:/home/user/.m2/repository/org/xerial/sqlite-jdbc/3.25.2/sqlite-jdbc-3.25.2.jar:/home/user/.m2/repository/org/springframework/spring-jdbc/5.1.3.RELEASE/spring-jdbc-5.1.3.RELEASE.jar:/home/user/.m2/repository/org/springframework/spring-beans/5.1.3.RELEASE/spring-beans-5.1.3.RELEASE.jar:/home/user/.m2/repository/org/springframework/spring-core/5.1.3.RELEASE/spring-core-5.1.3.RELEASE.jar:/home/user/.m2/repository/org/springframework/spring-jcl/5.1.3.RELEASE/spring-jcl-5.1.3.RELEASE.jar:/home/user/.m2/repository/org/springframework/spring-tx/5.1.3.RELEASE/spring-tx-5.1.3.RELEASE.jar:/home/user/.m2/repository/org/apache/hadoop/hadoop-ozone-client/0.5.0-SNAPSHOT/hadoop-ozone-client-0.5.0-SNAPSHOT.jar:/home/user/.m2/repository/commons-lang/commons-lang/2.6/commons-lang-2.6.jar:/home/user/.m2/repository/org/apache/hadoop/hadoop-ozone-ozone-manager/0.5.0-SNAPSHOT/hadoop-ozone-ozone-manager-0.5.0-SNAPSHOT-tests.jar:/home/user/.m2/repository/junit/junit/4.11/junit-4.11.jar:/home/user/.m2/repository/org/hamcrest/hamcrest-core/1.3/hamcrest-core-1.3.jar:/home/user/.m2/repository/org/openjdk/jmh/jmh-core/1.19/jmh-core-1.19.jar:/home/user/.m2/repository/net/sf/jopt-simple/jopt-simple/4.6/jopt-simple-4.6.jar:/home/user/.m2/repository/org/apache/commons/commons-math3/3.1.1/commons-math3-3.1.1.jar:/home/user/.m2/repository/org/openjdk/jmh/jmh-generator-annprocess/1.19/jmh-generator-annprocess-1.19.jar:/home/user/.m2/repository/org/mockito/mockito-all/1.8.5/mockito-all-1.8.5.jar:/home/user/.m2/repository/org/apache/hadoop/hadoop-kms/3.2.0/hadoop-kms-3.2.0.jar:/home/user/.m2/repository/org/apache/hadoop/hadoop-auth/3.2.0/hadoop-auth-3.2.0.jar:/home/user/.m2/repository/com/nimbusds/nimbus-jose-jwt/4.41.1/nimbus-jose-jwt-4.41.1.jar:/home/user/.m2/repository/com/github/stephenc/jcip/jcip-annotations/1.0-1/jcip-annotations-1.0-1.jar:/home/user/.m2/repository/net/minidev/json-smart/2.3/json-smart-2.3.jar:/home/user/.m2/repository/net/minidev/accessors-smart/1.2/accessors-smart-1.2.jar:/home/user/.m2/repository/org/ow2/asm/asm/5.0.4/asm-5.0.4.jar:/home/user/.m2/repository/org/apache/curator/curator-framework/2.12.0/curator-framework-2.12.0.jar:/home/user/.m2/repository/com/sun/jersey/jersey-core/1.19/jersey-core-1.19.jar:/home/user/.m2/repository/javax/ws/rs/jsr311-api/1.1.1/jsr311-api-1.1.1.jar:/home/user/.m2/repository/com/sun/jersey/jersey-server/1.19/jersey-server-1.19.jar:/home/user/.m2/repository/javax/servlet/javax.servlet-api/3.1.0/javax.servlet-api-3.1.0.jar:/home/user/.m2/repository/org/eclipse/jetty/jetty-server/9.3.24.v20180605/jetty-server-9.3.24.v20180605.jar:/home/user/.m2/repository/org/eclipse/jetty/jetty-http/9.3.24.v20180605/jetty-http-9.3.24.v20180605.jar:/home/user/.m2/repository/org/eclipse/jetty/jetty-io/9.3.24.v20180605/jetty-io-9.3.24.v20180605.jar:/home/user/.m2/repository/org/eclipse/jetty/jetty-webapp/9.3.24.v20180605/jetty-webapp-9.3.24.v20180605.jar:/home/user/.m2/repository/org/eclipse/jetty/jetty-xml/9.3.24.v20180605/jetty-xml-9.3.24.v20180605.jar:/home/user/.m2/repository/log4j/log4j/1.2.17/log4j-1.2.17.jar:/home/user/.m2/repository/org/slf4j/slf4j-api/1.7.25/slf4j-api-1.7.25.jar:/home/user/.m2/repository/org/slf4j/jul-to-slf4j/1.7.25/jul-to-slf4j-1.7.25.jar:/home/user/.m2/repository/org/eclipse/jetty/jetty-util/9.3.24.v20180605/jetty-util-9.3.24.v20180605.jar:/home/user/.m2/repository/com/fasterxml/jackson/core/jackson-databind/2.9.5/jackson-databind-2.9.5.jar:/home/user/.m2/repository/org/apache/hadoop/hadoop-kms/3.2.0/hadoop-kms-3.2.0-tests.jar:/home/user/.m2/repository/org/apache/hadoop/hadoop-hdds-server-scm/0.5.0-SNAPSHOT/hadoop-hdds-server-scm-0.5.0-SNAPSHOT-tests.jar:/home/user/.m2/repository/org/apache/hadoop/hadoop-hdds-container-service/0.5.0-SNAPSHOT/hadoop-hdds-container-service-0.5.0-SNAPSHOT-tests.jar:/home/user/.m2/repository/org/yaml/snakeyaml/1.16/snakeyaml-1.16.jar:/home/user/.m2/repository/org/apache/hadoop/hadoop-common/3.2.0/hadoop-common-3.2.0-tests.jar:/home/user/.m2/repository/org/apache/hadoop/hadoop-annotations/3.2.0/hadoop-annotations-3.2.0.jar:/usr/lib/jvm/java-1.8-openjdk/jre/../lib/tools.jar:/home/user/.m2/repository/commons-cli/commons-cli/1.2/commons-cli-1.2.jar:/home/user/.m2/repository/org/apache/httpcomponents/httpclient/4.5.2/httpclient-4.5.2.jar:/home/user/.m2/repository/org/apache/httpcomponents/httpcore/4.4.4/httpcore-4.4.4.jar:/home/user/.m2/repository/commons-codec/commons-codec/1.11/commons-codec-1.11.jar:/home/user/.m2/repository/commons-net/commons-net/3.6/commons-net-3.6.jar:/home/user/.m2/repository/commons-collections/commons-collections/3.2.2/commons-collections-3.2.2.jar:/home/user/.m2/repository/org/eclipse/jetty/jetty-servlet/9.3.24.v20180605/jetty-servlet-9.3.24.v20180605.jar:/home/user/.m2/repository/org/eclipse/jetty/jetty-security/9.3.24.v20180605/jetty-security-9.3.24.v20180605.jar:/home/user/.m2/repository/javax/servlet/jsp/jsp-api/2.1/jsp-api-2.1.jar:/home/user/.m2/repository/com/sun/jersey/jersey-servlet/1.19/jersey-servlet-1.19.jar:/home/user/.m2/repository/com/sun/jersey/jersey-json/1.19/jersey-json-1.19.jar:/home/user/.m2/repository/org/codehaus/jettison/jettison/1.1/jettison-1.1.jar:/home/user/.m2/repository/org/codehaus/jackson/jackson-core-asl/1.9.13/jackson-core-asl-1.9.13.jar:/home/user/.m2/repository/org/codehaus/jackson/jackson-mapper-asl/1.9.13/jackson-mapper-asl-1.9.13.jar:/home/user/.m2/repository/org/codehaus/jackson/jackson-jaxrs/1.9.13/jackson-jaxrs-1.9.13.jar:/home/user/.m2/repository/org/codehaus/jackson/jackson-xc/1.9.13/jackson-xc-1.9.13.jar:/home/user/.m2/repository/commons-logging/commons-logging/1.1.3/commons-logging-1.1.3.jar:/home/user/.m2/repository/commons-beanutils/commons-beanutils/1.9.3/commons-beanutils-1.9.3.jar:/home/user/.m2/repository/org/apache/commons/commons-configuration2/2.1.1/commons-configuration2-2.1.1.jar:/home/user/.m2/repository/org/apache/commons/commons-lang3/3.7/commons-lang3-3.7.jar:/home/user/.m2/repository/org/apache/commons/commons-text/1.4/commons-text-1.4.jar:/home/user/.m2/repository/org/apache/avro/avro/1.7.7/avro-1.7.7.jar:/home/user/.m2/repository/com/thoughtworks/paranamer/paranamer/2.3/paranamer-2.3.jar:/home/user/.m2/repository/org/xerial/snappy/snappy-java/1.0.5/snappy-java-1.0.5.jar:/home/user/.m2/repository/com/google/re2j/re2j/1.1/re2j-1.1.jar:/home/user/.m2/repository/com/google/code/gson/gson/2.2.4/gson-2.2.4.jar:/home/user/.m2/repository/com/jcraft/jsch/0.1.54/jsch-0.1.54.jar:/home/user/.m2/repository/org/apache/curator/curator-client/2.12.0/curator-client-2.12.0.jar:/home/user/.m2/repository/org/apache/curator/curator-recipes/2.12.0/curator-recipes-2.12.0.jar:/home/user/.m2/repository/com/google/code/findbugs/jsr305/3.0.0/jsr305-3.0.0.jar:/home/user/.m2/repository/org/apache/htrace/htrace-core4/4.1.0-incubating/htrace-core4-4.1.0-incubating.jar:/home/user/.m2/repository/org/apache/zookeeper/zookeeper/3.4.13/zookeeper-3.4.13.jar:/home/user/.m2/repository/org/apache/yetus/audience-annotations/0.5.0/audience-annotations-0.5.0.jar:/home/user/.m2/repository/org/codehaus/woodstox/stax2-api/3.1.4/stax2-api-3.1.4.jar:/home/user/.m2/repository/com/fasterxml/woodstox/woodstox-core/5.0.3/woodstox-core-5.0.3.jar:/home/user/.m2/repository/dnsjava/dnsjava/2.1.7/dnsjava-2.1.7.jar:/home/user/.m2/repository/org/apache/hadoop/hadoop-hdfs/3.2.0/hadoop-hdfs-3.2.0-tests.jar:/home/user/.m2/repository/org/eclipse/jetty/jetty-util-ajax/9.3.24.v20180605/jetty-util-ajax-9.3.24.v20180605.jar:/home/user/.m2/repository/commons-daemon/commons-daemon/1.0.13/commons-daemon-1.0.13.jar:/home/user/.m2/repository/io/netty/netty/3.10.5.Final/netty-3.10.5.Final.jar:/home/user/.m2/repository/io/netty/netty-all/4.0.52.Final/netty-all-4.0.52.Final.jar:/home/user/.m2/repository/org/fusesource/leveldbjni/leveldbjni-all/1.8/leveldbjni-all-1.8.jar:"/>
    <property name="sun.cpu.endian" value="little"/>
    <property name="user.home" value="/home/user"/>
    <property name="user.language" value="en"/>
    <property name="java.specification.vendor" value="Oracle Corporation"/>
    <property name="java.home" value="/usr/lib/jvm/java-1.8-openjdk/jre"/>
    <property name="java.security.krb5.conf" value="/workdir/hadoop-ozone/integration-test/target/test-classes/krb5.conf"/>
    <property name="basedir" value="/workdir/hadoop-ozone/integration-test"/>
    <property name="file.separator" value="/"/>
    <property name="line.separator" value="&#10;"/>
    <property name="java.vm.specification.vendor" value="Oracle Corporation"/>
    <property name="java.specification.name" value="Java Platform API Specification"/>
    <property name="java.awt.graphicsenv" value="sun.awt.X11GraphicsEnvironment"/>
    <property name="surefire.real.class.path" value="/workdir/hadoop-ozone/integration-test/target/surefire/surefirebooter380498826031444897.jar"/>
    <property name="hadoop.log.dir" value="/workdir/hadoop-ozone/integration-test/target/log"/>
    <property name="sun.boot.class.path" value="/usr/lib/jvm/java-1.8-openjdk/jre/lib/resources.jar:/usr/lib/jvm/java-1.8-openjdk/jre/lib/rt.jar:/usr/lib/jvm/java-1.8-openjdk/jre/lib/sunrsasign.jar:/usr/lib/jvm/java-1.8-openjdk/jre/lib/jsse.jar:/usr/lib/jvm/java-1.8-openjdk/jre/lib/jce.jar:/usr/lib/jvm/java-1.8-openjdk/jre/lib/charsets.jar:/usr/lib/jvm/java-1.8-openjdk/jre/lib/jfr.jar:/usr/lib/jvm/java-1.8-openjdk/jre/classes"/>
    <property name="sun.management.compiler" value="HotSpot 64-Bit Tiered Compilers"/>
    <property name="java.runtime.version" value="1.8.0_212-b04"/>
    <property name="java.net.preferIPv4Stack" value="true"/>
    <property name="user.name" value="jenkins1000"/>
    <property name="path.separator" value=":"/>
    <property name="java.security.egd" value="file:///dev/urandom"/>
    <property name="os.version" value="3.10.0-957.12.2.el7.x86_64"/>
    <property name="java.endorsed.dirs" value="/usr/lib/jvm/java-1.8-openjdk/jre/lib/endorsed"/>
    <property name="java.runtime.name" value="OpenJDK Runtime Environment"/>
    <property name="file.encoding" value="UTF-8"/>
    <property name="java.vm.name" value="OpenJDK 64-Bit Server VM"/>
    <property name="test.build.webapps" value=""/>
    <property name="localRepository" value="/home/user/.m2/repository"/>
    <property name="java.vendor.url.bug" value="https://icedtea.classpath.org/bugzilla"/>
    <property name="java.io.tmpdir" value="/tmp"/>
    <property name="require.test.libhadoop" value=""/>
    <property name="java.version" value="1.8.0_212"/>
    <property name="user.dir" value="/workdir/hadoop-ozone/integration-test"/>
    <property name="os.arch" value="amd64"/>
    <property name="java.vm.specification.name" value="Java Virtual Machine Specification"/>
    <property name="test.build.classes" value="/workdir/hadoop-ozone/integration-test/target/test-classes"/>
    <property name="java.awt.printerjob" value="sun.print.PSPrinterJob"/>
    <property name="sun.os.patch.level" value="unknown"/>
    <property name="hadoop.tmp.dir" value="/workdir/hadoop-ozone/integration-test/target/tmp"/>
    <property name="java.library.path" value="/usr/lib/jvm/java-1.8-openjdk/jre/lib/amd64/server:/usr/lib/jvm/java-1.8-openjdk/jre/lib/amd64:/usr/lib/jvm/java-1.8-openjdk/jre/../lib/amd64:/workdir/hadoop-ozone/integration-test/target/native/target/usr/local/lib:/workdir/hadoop-ozone/integration-test/../../hadoop-common-project/hadoop-common/target/native/target/usr/local/lib:/usr/java/packages/lib/amd64:/usr/lib64:/lib64:/lib:/usr/lib"/>
    <property name="java.vm.info" value="mixed mode"/>
    <property name="java.vendor" value="IcedTea"/>
    <property name="java.vm.version" value="25.212-b04"/>
    <property name="java.ext.dirs" value="/usr/lib/jvm/java-1.8-openjdk/jre/lib/ext:/usr/java/packages/lib/ext"/>
    <property name="sun.io.unicode.encoding" value="UnicodeLittle"/>
    <property name="java.class.version" value="52.0"/>
  </properties>
  <testcase name="testMultiBlockWritesWithIntermittentDnFailures" classname="org.apache.hadoop.ozone.client.rpc.TestMultiBlockWritesWithDnFailures" time="101.224">
    <error message="Allocated 0 blocks. Requested 1 blocks" type="INTERNAL_ERROR org.apache.hadoop.ozone.om.exceptions.OMException">INTERNAL_ERROR org.apache.hadoop.ozone.om.exceptions.OMException: Allocated 0 blocks. Requested 1 blocks
	at org.apache.hadoop.ozone.om.protocolPB.OzoneManagerProtocolClientSideTranslatorPB.handleError(OzoneManagerProtocolClientSideTranslatorPB.java:725)
	at org.apache.hadoop.ozone.om.protocolPB.OzoneManagerProtocolClientSideTranslatorPB.allocateBlock(OzoneManagerProtocolClientSideTranslatorPB.java:757)
	at org.apache.hadoop.ozone.client.io.BlockOutputStreamEntryPool.allocateNewBlock(BlockOutputStreamEntryPool.java:248)
	at org.apache.hadoop.ozone.client.io.BlockOutputStreamEntryPool.allocateBlockIfNeeded(BlockOutputStreamEntryPool.java:296)
	at org.apache.hadoop.ozone.client.io.KeyOutputStream.handleWrite(KeyOutputStream.java:201)
	at org.apache.hadoop.ozone.client.io.KeyOutputStream.handleRetry(KeyOutputStream.java:376)
	at org.apache.hadoop.ozone.client.io.KeyOutputStream.handleException(KeyOutputStream.java:325)
	at org.apache.hadoop.ozone.client.io.KeyOutputStream.handleWrite(KeyOutputStream.java:231)
	at org.apache.hadoop.ozone.client.io.KeyOutputStream.write(KeyOutputStream.java:193)
	at org.apache.hadoop.ozone.client.io.OzoneOutputStream.write(OzoneOutputStream.java:49)
	at java.io.OutputStream.write(OutputStream.java:75)
	at org.apache.hadoop.ozone.client.rpc.TestMultiBlockWritesWithDnFailures.testMultiBlockWritesWithIntermittentDnFailures(TestMultiBlockWritesWithDnFailures.java:192)
	at sun.reflect.NativeMethodAccessorImpl.invoke0(Native Method)
	at sun.reflect.NativeMethodAccessorImpl.invoke(NativeMethodAccessorImpl.java:62)
	at sun.reflect.DelegatingMethodAccessorImpl.invoke(DelegatingMethodAccessorImpl.java:43)
	at java.lang.reflect.Method.invoke(Method.java:498)
	at org.junit.runners.model.FrameworkMethod$1.runReflectiveCall(FrameworkMethod.java:47)
	at org.junit.internal.runners.model.ReflectiveCallable.run(ReflectiveCallable.java:12)
	at org.junit.runners.model.FrameworkMethod.invokeExplosively(FrameworkMethod.java:44)
	at org.junit.internal.runners.statements.InvokeMethod.evaluate(InvokeMethod.java:17)
	at org.junit.internal.runners.statements.RunAfters.evaluate(RunAfters.java:27)
	at org.junit.runners.ParentRunner.runLeaf(ParentRunner.java:271)
	at org.junit.runners.BlockJUnit4ClassRunner.runChild(BlockJUnit4ClassRunner.java:70)
	at org.junit.runners.BlockJUnit4ClassRunner.runChild(BlockJUnit4ClassRunner.java:50)
	at org.junit.runners.ParentRunner$3.run(ParentRunner.java:238)
	at org.junit.runners.ParentRunner$1.schedule(ParentRunner.java:63)
	at org.junit.runners.ParentRunner.runChildren(ParentRunner.java:236)
	at org.junit.runners.ParentRunner.access$000(ParentRunner.java:53)
	at org.junit.runners.ParentRunner$2.evaluate(ParentRunner.java:229)
	at org.junit.runners.ParentRunner.run(ParentRunner.java:309)
	at org.apache.maven.surefire.junit4.JUnit4Provider.execute(JUnit4Provider.java:365)
	at org.apache.maven.surefire.junit4.JUnit4Provider.executeWithRerun(JUnit4Provider.java:273)
	at org.apache.maven.surefire.junit4.JUnit4Provider.executeTestSet(JUnit4Provider.java:238)
	at org.apache.maven.surefire.junit4.JUnit4Provider.invoke(JUnit4Provider.java:159)
	at org.apache.maven.surefire.booter.ForkedBooter.invokeProviderInSameClassLoader(ForkedBooter.java:384)
	at org.apache.maven.surefire.booter.ForkedBooter.runSuitesInProcess(ForkedBooter.java:345)
	at org.apache.maven.surefire.booter.ForkedBooter.execute(ForkedBooter.java:126)
	at org.apache.maven.surefire.booter.ForkedBooter.main(ForkedBooter.java:418)
</error>
    <system-out><![CDATA[2019-09-16 16:55:02,303 [main] WARN  server.ServerUtils (ServerUtils.java:getScmDbDir(145)) - ozone.scm.db.dirs is not configured. We recommend adding this setting. Falling back to ozone.metadata.dirs instead.
2019-09-16 16:55:02,427 [main] WARN  server.ServerUtils (ServerUtils.java:getScmDbDir(145)) - ozone.scm.db.dirs is not configured. We recommend adding this setting. Falling back to ozone.metadata.dirs instead.
2019-09-16 16:55:02,431 [main] WARN  server.ServerUtils (ServerUtils.java:getScmDbDir(145)) - ozone.scm.db.dirs is not configured. We recommend adding this setting. Falling back to ozone.metadata.dirs instead.
2019-09-16 16:55:02,459 [main] INFO  util.log (Log.java:initialized(192)) - Logging initialized @958ms
2019-09-16 16:55:02,568 [main] INFO  db.DBStoreBuilder (DBStoreBuilder.java:addTable(110)) - using custom profile for table: deletedBlocks
2019-09-16 16:55:02,568 [main] INFO  db.DBStoreBuilder (DBStoreBuilder.java:processTables(161)) - Using default column profile:DBProfile.DISK for Table:deletedBlocks
2019-09-16 16:55:02,569 [main] INFO  db.DBStoreBuilder (DBStoreBuilder.java:addTable(110)) - using custom profile for table: validCerts
2019-09-16 16:55:02,569 [main] INFO  db.DBStoreBuilder (DBStoreBuilder.java:processTables(161)) - Using default column profile:DBProfile.DISK for Table:validCerts
2019-09-16 16:55:02,570 [main] INFO  db.DBStoreBuilder (DBStoreBuilder.java:addTable(110)) - using custom profile for table: revokedCerts
2019-09-16 16:55:02,570 [main] INFO  db.DBStoreBuilder (DBStoreBuilder.java:processTables(161)) - Using default column profile:DBProfile.DISK for Table:revokedCerts
2019-09-16 16:55:02,581 [main] INFO  db.DBStoreBuilder (DBStoreBuilder.java:addTable(110)) - using custom profile for table: default
2019-09-16 16:55:02,582 [main] INFO  db.DBStoreBuilder (DBStoreBuilder.java:processTables(167)) - Using default column profile:DBProfile.DISK for Table:default
2019-09-16 16:55:02,583 [main] INFO  db.DBStoreBuilder (DBStoreBuilder.java:getDbProfile(198)) - Using default options. DBProfile.DISK
2019-09-16 16:55:02,823 [main] INFO  net.NodeSchemaLoader (NodeSchemaLoader.java:loadSchemaFromFile(125)) - Loading file from sun.misc.CompoundEnumeration@3270d194
2019-09-16 16:55:02,827 [main] INFO  net.NodeSchemaLoader (NodeSchemaLoader.java:loadSchema(171)) - Loading network topology layer schema file
2019-09-16 16:55:02,920 [main] INFO  node.SCMNodeManager (SCMNodeManager.java:<init>(114)) - Entering startup safe mode.
2019-09-16 16:55:02,990 [main] INFO  algorithms.ContainerPlacementPolicyFactory (ContainerPlacementPolicyFactory.java:getPolicy(57)) - Create container placement policy of type org.apache.hadoop.hdds.scm.container.placement.algorithms.SCMContainerPlacementRandom
2019-09-16 16:55:03,002 [main] WARN  server.ServerUtils (ServerUtils.java:getScmDbDir(145)) - ozone.scm.db.dirs is not configured. We recommend adding this setting. Falling back to ozone.metadata.dirs instead.
2019-09-16 16:55:03,056 [main] INFO  pipeline.SCMPipelineManager (SCMPipelineManager.java:initializePipelineState(128)) - No pipeline exists in current db
2019-09-16 16:55:03,058 [main] WARN  server.ServerUtils (ServerUtils.java:getScmDbDir(145)) - ozone.scm.db.dirs is not configured. We recommend adding this setting. Falling back to ozone.metadata.dirs instead.
2019-09-16 16:55:03,163 [main] WARN  events.EventQueue (EventQueue.java:fireEvent(183)) - No event handler registered for event TypedEvent{payloadType=SafeModeStatus, name='SafeModeStatus'}
2019-09-16 16:55:03,585 [main] INFO  ipc.CallQueueManager (CallQueueManager.java:<init>(84)) - Using callQueue: class java.util.concurrent.LinkedBlockingQueue, queueCapacity: 2000, scheduler: class org.apache.hadoop.ipc.DefaultRpcScheduler, ipcBackoff: false.
2019-09-16 16:55:03,626 [Socket Reader #1 for port 35033] INFO  ipc.Server (Server.java:run(1074)) - Starting Socket Reader #1 for port 35033
2019-09-16 16:55:03,744 [main] INFO  ipc.CallQueueManager (CallQueueManager.java:<init>(84)) - Using callQueue: class java.util.concurrent.LinkedBlockingQueue, queueCapacity: 2000, scheduler: class org.apache.hadoop.ipc.DefaultRpcScheduler, ipcBackoff: false.
2019-09-16 16:55:03,745 [Socket Reader #1 for port 42168] INFO  ipc.Server (Server.java:run(1074)) - Starting Socket Reader #1 for port 42168
2019-09-16 16:55:03,753 [main] INFO  ipc.CallQueueManager (CallQueueManager.java:<init>(84)) - Using callQueue: class java.util.concurrent.LinkedBlockingQueue, queueCapacity: 2000, scheduler: class org.apache.hadoop.ipc.DefaultRpcScheduler, ipcBackoff: false.
2019-09-16 16:55:03,753 [Socket Reader #1 for port 35699] INFO  ipc.Server (Server.java:run(1074)) - Starting Socket Reader #1 for port 35699
2019-09-16 16:55:03,774 [main] INFO  hdfs.DFSUtil (DFSUtil.java:httpServerTemplateForNNAndJN(1641)) - Starting Web-server for scm at: http://0.0.0.0:0
2019-09-16 16:55:03,946 [main] INFO  server.AuthenticationFilter (AuthenticationFilter.java:constructSecretProvider(240)) - Unable to initialize FileSignerSecretProvider, falling back to use random secrets.
2019-09-16 16:55:03,955 [main] WARN  http.HttpRequestLog (HttpRequestLog.java:getRequestLog(97)) - Jetty request log can only be enabled using Log4j
2019-09-16 16:55:03,964 [main] INFO  http.HttpServer2 (HttpServer2.java:addGlobalFilter(975)) - Added global filter 'safety' (class=org.apache.hadoop.http.HttpServer2$QuotingInputFilter)
2019-09-16 16:55:03,966 [main] INFO  http.HttpServer2 (HttpServer2.java:addFilter(948)) - Added filter static_user_filter (class=org.apache.hadoop.http.lib.StaticUserWebFilter$StaticUserFilter) to context scm
2019-09-16 16:55:03,967 [main] INFO  http.HttpServer2 (HttpServer2.java:addFilter(958)) - Added filter static_user_filter (class=org.apache.hadoop.http.lib.StaticUserWebFilter$StaticUserFilter) to context logs
2019-09-16 16:55:03,967 [main] INFO  http.HttpServer2 (HttpServer2.java:addFilter(958)) - Added filter static_user_filter (class=org.apache.hadoop.http.lib.StaticUserWebFilter$StaticUserFilter) to context static
2019-09-16 16:55:03,999 [main] INFO  server.StorageContainerManager (StorageContainerManager.java:start(763)) - StorageContainerLocationProtocol RPC server is listening at /0.0.0.0:35699
2019-09-16 16:55:04,060 [main] WARN  impl.MetricsConfig (MetricsConfig.java:loadFirst(134)) - Cannot locate configuration: tried hadoop-metrics2-storagecontainermanager.properties,hadoop-metrics2.properties
2019-09-16 16:55:04,074 [main] INFO  impl.MetricsSystemImpl (MetricsSystemImpl.java:startTimer(374)) - Scheduled Metric snapshot period at 10 second(s).
2019-09-16 16:55:04,074 [main] INFO  impl.MetricsSystemImpl (MetricsSystemImpl.java:start(191)) - StorageContainerManager metrics system started
2019-09-16 16:55:04,310 [main] INFO  server.SCMClientProtocolServer (SCMClientProtocolServer.java:start(151)) - RPC server for Client  is listening at /0.0.0.0:35699
2019-09-16 16:55:04,310 [IPC Server Responder] INFO  ipc.Server (Server.java:run(1314)) - IPC Server Responder: starting
2019-09-16 16:55:04,311 [IPC Server listener on 35699] INFO  ipc.Server (Server.java:run(1153)) - IPC Server listener on 35699: starting
2019-09-16 16:55:04,315 [main] INFO  server.StorageContainerManager (StorageContainerManager.java:start(773)) - ScmBlockLocationProtocol RPC server is listening at /0.0.0.0:42168
2019-09-16 16:55:04,316 [main] INFO  server.SCMBlockProtocolServer (SCMBlockProtocolServer.java:start(146)) - RPC server for Block Protocol is listening at /0.0.0.0:42168
2019-09-16 16:55:04,317 [IPC Server Responder] INFO  ipc.Server (Server.java:run(1314)) - IPC Server Responder: starting
2019-09-16 16:55:04,317 [IPC Server listener on 42168] INFO  ipc.Server (Server.java:run(1153)) - IPC Server listener on 42168: starting
2019-09-16 16:55:04,327 [main] INFO  server.StorageContainerManager (StorageContainerManager.java:start(777)) - ScmDatanodeProtocl RPC server is listening at /0.0.0.0:35033
2019-09-16 16:55:04,327 [main] INFO  server.SCMDatanodeProtocolServer (SCMDatanodeProtocolServer.java:start(191)) - RPC server for DataNodes is listening at /0.0.0.0:35033
2019-09-16 16:55:04,328 [IPC Server Responder] INFO  ipc.Server (Server.java:run(1314)) - IPC Server Responder: starting
2019-09-16 16:55:04,329 [IPC Server listener on 35033] INFO  ipc.Server (Server.java:run(1153)) - IPC Server listener on 35033: starting
2019-09-16 16:55:04,334 [main] INFO  http.HttpServer2 (HttpServer2.java:bindListener(1191)) - Jetty bound to port 43847
2019-09-16 16:55:04,336 [main] INFO  server.Server (Server.java:doStart(351)) - jetty-9.3.24.v20180605, build timestamp: 2018-06-05T17:11:56Z, git hash: 84205aa28f11a4f31f2a3b86d1bba2cc8ab69827
2019-09-16 16:55:04,376 [main] INFO  handler.ContextHandler (ContextHandler.java:doStart(781)) - Started o.e.j.s.ServletContextHandler@732f29af{/logs,file:///workdir/hadoop-ozone/integration-test/target/log,AVAILABLE}
2019-09-16 16:55:04,377 [main] INFO  handler.ContextHandler (ContextHandler.java:doStart(781)) - Started o.e.j.s.ServletContextHandler@6622fc65{/static,file:///workdir/hadoop-ozone/integration-test/target/test-classes/webapps/static,AVAILABLE}
2019-09-16 16:55:04,412 [main] INFO  handler.ContextHandler (ContextHandler.java:doStart(781)) - Started o.e.j.w.WebAppContext@7555b920{/,file:///workdir/hadoop-ozone/integration-test/target/test-classes/webapps/scm/,AVAILABLE}{/scm}
2019-09-16 16:55:04,418 [main] INFO  server.AbstractConnector (AbstractConnector.java:doStart(278)) - Started ServerConnector@6db66836{HTTP/1.1,[http/1.1]}{0.0.0.0:43847}
2019-09-16 16:55:04,418 [main] INFO  server.Server (Server.java:doStart(419)) - Started @2917ms
2019-09-16 16:55:04,420 [main] INFO  impl.MetricsSinkAdapter (MetricsSinkAdapter.java:start(204)) - Sink prometheus started
2019-09-16 16:55:04,421 [main] INFO  impl.MetricsSystemImpl (MetricsSystemImpl.java:registerSink(301)) - Registered sink prometheus
2019-09-16 16:55:04,422 [main] INFO  server.BaseHttpServer (BaseHttpServer.java:updateConnectorAddress(215)) - HTTP server of SCM is listening at http://0.0.0.0:43847
2019-09-16 16:55:04,430 [org.apache.hadoop.util.JvmPauseMonitor$Monitor@78461bc4] INFO  util.JvmPauseMonitor (JvmPauseMonitor.java:run(188)) - Starting JVM pause monitor
2019-09-16 16:55:04,432 [main] WARN  server.ServerUtils (ServerUtils.java:getDBPath(222)) - ozone.om.db.dirs is not configured. We recommend adding this setting. Falling back to ozone.metadata.dirs instead.
2019-09-16 16:55:04,537 [main] WARN  server.ServerUtils (ServerUtils.java:getDBPath(222)) - ozone.om.db.dirs is not configured. We recommend adding this setting. Falling back to ozone.metadata.dirs instead.
2019-09-16 16:55:04,538 [main] WARN  server.ServerUtils (ServerUtils.java:getDBPath(222)) - ozone.om.db.dirs is not configured. We recommend adding this setting. Falling back to ozone.metadata.dirs instead.
2019-09-16 16:55:04,539 [main] INFO  om.OzoneManager (OzoneManager.java:setOMNodeDetails(649)) - OM Service ID is not set. Setting it to the default ID: omServiceIdDefault
2019-09-16 16:55:04,539 [main] INFO  om.OzoneManager (OzoneManager.java:setOMNodeDetails(655)) - OM Node ID is not set. Setting it to the OmStorage's OmID: 94da3965-d5aa-47b8-8d24-fcd2eda369eb
2019-09-16 16:55:04,540 [main] INFO  om.OzoneManager (OzoneManager.java:loadOMHAConfigs(606)) - Found matching OM address with OMServiceId: null, OMNodeId: null, RPC Address: localhost:0 and Ratis port: 9872
2019-09-16 16:55:05,351 [main] WARN  server.ServerUtils (ServerUtils.java:getDBPath(222)) - ozone.om.db.dirs is not configured. We recommend adding this setting. Falling back to ozone.metadata.dirs instead.
2019-09-16 16:55:05,359 [main] INFO  db.DBStoreBuilder (DBStoreBuilder.java:addTable(110)) - using custom profile for table: userTable
2019-09-16 16:55:05,359 [main] INFO  db.DBStoreBuilder (DBStoreBuilder.java:processTables(161)) - Using default column profile:DBProfile.DISK for Table:userTable
2019-09-16 16:55:05,359 [main] INFO  db.DBStoreBuilder (DBStoreBuilder.java:addTable(110)) - using custom profile for table: volumeTable
2019-09-16 16:55:05,359 [main] INFO  db.DBStoreBuilder (DBStoreBuilder.java:processTables(161)) - Using default column profile:DBProfile.DISK for Table:volumeTable
2019-09-16 16:55:05,360 [main] INFO  db.DBStoreBuilder (DBStoreBuilder.java:addTable(110)) - using custom profile for table: bucketTable
2019-09-16 16:55:05,360 [main] INFO  db.DBStoreBuilder (DBStoreBuilder.java:processTables(161)) - Using default column profile:DBProfile.DISK for Table:bucketTable
2019-09-16 16:55:05,360 [main] INFO  db.DBStoreBuilder (DBStoreBuilder.java:addTable(110)) - using custom profile for table: keyTable
2019-09-16 16:55:05,360 [main] INFO  db.DBStoreBuilder (DBStoreBuilder.java:processTables(161)) - Using default column profile:DBProfile.DISK for Table:keyTable
2019-09-16 16:55:05,361 [main] INFO  db.DBStoreBuilder (DBStoreBuilder.java:addTable(110)) - using custom profile for table: deletedTable
2019-09-16 16:55:05,361 [main] INFO  db.DBStoreBuilder (DBStoreBuilder.java:processTables(161)) - Using default column profile:DBProfile.DISK for Table:deletedTable
2019-09-16 16:55:05,361 [main] INFO  db.DBStoreBuilder (DBStoreBuilder.java:addTable(110)) - using custom profile for table: openKeyTable
2019-09-16 16:55:05,361 [main] INFO  db.DBStoreBuilder (DBStoreBuilder.java:processTables(161)) - Using default column profile:DBProfile.DISK for Table:openKeyTable
2019-09-16 16:55:05,362 [main] INFO  db.DBStoreBuilder (DBStoreBuilder.java:addTable(110)) - using custom profile for table: s3Table
2019-09-16 16:55:05,362 [main] INFO  db.DBStoreBuilder (DBStoreBuilder.java:processTables(161)) - Using default column profile:DBProfile.DISK for Table:s3Table
2019-09-16 16:55:05,362 [main] INFO  db.DBStoreBuilder (DBStoreBuilder.java:addTable(110)) - using custom profile for table: multipartInfoTable
2019-09-16 16:55:05,362 [main] INFO  db.DBStoreBuilder (DBStoreBuilder.java:processTables(161)) - Using default column profile:DBProfile.DISK for Table:multipartInfoTable
2019-09-16 16:55:05,363 [main] INFO  db.DBStoreBuilder (DBStoreBuilder.java:addTable(110)) - using custom profile for table: dTokenTable
2019-09-16 16:55:05,363 [main] INFO  db.DBStoreBuilder (DBStoreBuilder.java:processTables(161)) - Using default column profile:DBProfile.DISK for Table:dTokenTable
2019-09-16 16:55:05,363 [main] INFO  db.DBStoreBuilder (DBStoreBuilder.java:addTable(110)) - using custom profile for table: s3SecretTable
2019-09-16 16:55:05,363 [main] INFO  db.DBStoreBuilder (DBStoreBuilder.java:processTables(161)) - Using default column profile:DBProfile.DISK for Table:s3SecretTable
2019-09-16 16:55:05,364 [main] INFO  db.DBStoreBuilder (DBStoreBuilder.java:addTable(110)) - using custom profile for table: prefixTable
2019-09-16 16:55:05,364 [main] INFO  db.DBStoreBuilder (DBStoreBuilder.java:processTables(161)) - Using default column profile:DBProfile.DISK for Table:prefixTable
2019-09-16 16:55:05,364 [main] INFO  db.DBStoreBuilder (DBStoreBuilder.java:addTable(110)) - using custom profile for table: default
2019-09-16 16:55:05,365 [main] INFO  db.DBStoreBuilder (DBStoreBuilder.java:processTables(167)) - Using default column profile:DBProfile.DISK for Table:default
2019-09-16 16:55:05,365 [main] INFO  db.DBStoreBuilder (DBStoreBuilder.java:getDbProfile(198)) - Using default options. DBProfile.DISK
2019-09-16 16:55:05,904 [main] INFO  ipc.CallQueueManager (CallQueueManager.java:<init>(84)) - Using callQueue: class java.util.concurrent.LinkedBlockingQueue, queueCapacity: 2000, scheduler: class org.apache.hadoop.ipc.DefaultRpcScheduler, ipcBackoff: false.
2019-09-16 16:55:05,905 [Socket Reader #1 for port 43060] INFO  ipc.Server (Server.java:run(1074)) - Starting Socket Reader #1 for port 43060
2019-09-16 16:55:05,925 [main] INFO  om.OzoneManager (OzoneManager.java:start(1240)) - OzoneManager RPC server is listening at localhost/127.0.0.1:43060
2019-09-16 16:55:05,925 [main] INFO  impl.MetricsSystemImpl (MetricsSystemImpl.java:init(158)) - OzoneManager metrics system started (again)
2019-09-16 16:55:05,928 [IPC Server Responder] INFO  ipc.Server (Server.java:run(1314)) - IPC Server Responder: starting
2019-09-16 16:55:05,928 [IPC Server listener on 43060] INFO  ipc.Server (Server.java:run(1153)) - IPC Server listener on 43060: starting
2019-09-16 16:55:05,944 [main] INFO  hdfs.DFSUtil (DFSUtil.java:httpServerTemplateForNNAndJN(1641)) - Starting Web-server for ozoneManager at: http://0.0.0.0:0
2019-09-16 16:55:05,946 [main] INFO  server.AuthenticationFilter (AuthenticationFilter.java:constructSecretProvider(240)) - Unable to initialize FileSignerSecretProvider, falling back to use random secrets.
2019-09-16 16:55:05,947 [main] WARN  http.HttpRequestLog (HttpRequestLog.java:getRequestLog(97)) - Jetty request log can only be enabled using Log4j
2019-09-16 16:55:05,950 [main] INFO  http.HttpServer2 (HttpServer2.java:addGlobalFilter(975)) - Added global filter 'safety' (class=org.apache.hadoop.http.HttpServer2$QuotingInputFilter)
2019-09-16 16:55:05,951 [main] INFO  http.HttpServer2 (HttpServer2.java:addFilter(948)) - Added filter static_user_filter (class=org.apache.hadoop.http.lib.StaticUserWebFilter$StaticUserFilter) to context ozoneManager
2019-09-16 16:55:05,951 [main] INFO  http.HttpServer2 (HttpServer2.java:addFilter(958)) - Added filter static_user_filter (class=org.apache.hadoop.http.lib.StaticUserWebFilter$StaticUserFilter) to context logs
2019-09-16 16:55:05,951 [main] INFO  http.HttpServer2 (HttpServer2.java:addFilter(958)) - Added filter static_user_filter (class=org.apache.hadoop.http.lib.StaticUserWebFilter$StaticUserFilter) to context static
2019-09-16 16:55:05,953 [main] INFO  http.HttpServer2 (HttpServer2.java:bindListener(1191)) - Jetty bound to port 43808
2019-09-16 16:55:05,954 [main] INFO  server.Server (Server.java:doStart(351)) - jetty-9.3.24.v20180605, build timestamp: 2018-06-05T17:11:56Z, git hash: 84205aa28f11a4f31f2a3b86d1bba2cc8ab69827
2019-09-16 16:55:05,956 [main] INFO  handler.ContextHandler (ContextHandler.java:doStart(781)) - Started o.e.j.s.ServletContextHandler@25d3cfc8{/logs,file:///workdir/hadoop-ozone/integration-test/target/log,AVAILABLE}
2019-09-16 16:55:05,957 [main] INFO  handler.ContextHandler (ContextHandler.java:doStart(781)) - Started o.e.j.s.ServletContextHandler@2571066a{/static,file:///workdir/hadoop-ozone/integration-test/target/test-classes/webapps/static,AVAILABLE}
2019-09-16 16:55:05,961 [main] INFO  handler.ContextHandler (ContextHandler.java:doStart(781)) - Started o.e.j.w.WebAppContext@444548a0{/,file:///workdir/hadoop-ozone/integration-test/target/test-classes/webapps/ozoneManager/,AVAILABLE}{/ozoneManager}
2019-09-16 16:55:05,962 [main] INFO  server.AbstractConnector (AbstractConnector.java:doStart(278)) - Started ServerConnector@3766c667{HTTP/1.1,[http/1.1]}{0.0.0.0:43808}
2019-09-16 16:55:05,963 [main] INFO  server.Server (Server.java:doStart(419)) - Started @4462ms
2019-09-16 16:55:05,963 [main] WARN  impl.MetricsSystemImpl (MetricsSystemImpl.java:register(276)) - Sink prometheus already exists!
2019-09-16 16:55:05,964 [main] INFO  server.BaseHttpServer (BaseHttpServer.java:updateConnectorAddress(215)) - HTTP server of OZONEMANAGER is listening at http://0.0.0.0:43808
2019-09-16 16:55:06,348 [main] INFO  impl.MetricsSystemImpl (MetricsSystemImpl.java:init(158)) - HddsDatanode metrics system started (again)
2019-09-16 16:55:06,412 [main] INFO  ozone.HddsDatanodeService (HddsDatanodeService.java:start(184)) - HddsDatanodeService host:pr-hdds-1879-plksr-2441821890 ip:192.168.34.37
2019-09-16 16:55:06,445 [main] INFO  volume.HddsVolume (HddsVolume.java:<init>(176)) - Creating Volume: /workdir/hadoop-ozone/integration-test/target/test-dir/MiniOzoneClusterImpl-df60ebb5-d9ce-4d7d-8dc8-039b243d66da/datanode-0/data/containers/hdds of  storage type : DISK and capacity : 1482555576320
2019-09-16 16:55:06,447 [main] INFO  volume.VolumeSet (VolumeSet.java:initializeVolumeSet(170)) - Added Volume : /workdir/hadoop-ozone/integration-test/target/test-dir/MiniOzoneClusterImpl-df60ebb5-d9ce-4d7d-8dc8-039b243d66da/datanode-0/data/containers/hdds to VolumeSet
2019-09-16 16:55:06,451 [main] INFO  volume.ThrottledAsyncChecker (ThrottledAsyncChecker.java:schedule(139)) - Scheduling a check for org.apache.hadoop.ozone.container.common.volume.HddsVolume@7e2f86e6
2019-09-16 16:55:06,469 [main] INFO  volume.HddsVolumeChecker (HddsVolumeChecker.java:checkAllVolumes(202)) - Scheduled health check for volume org.apache.hadoop.ozone.container.common.volume.HddsVolume@7e2f86e6
2019-09-16 16:55:06,590 [main] INFO  impl.RaftServerProxy (ConfUtils.java:logGet(43)) - raft.rpc.type = GRPC (default)
2019-09-16 16:55:06,660 [main] INFO  grpc.GrpcFactory (GrpcFactory.java:checkPooledByteBufAllocatorUseCacheForAllThreads(45)) - PERFORMANCE WARNING: useCacheForAllThreads is true that may cause Netty to create a lot garbage objects and, as a result, trigger GC.
	It is recommended to disable useCacheForAllThreads by setting -Dorg.apache.ratis.thirdparty.io.netty.allocator.useCacheForAllThreads=false in command line.
2019-09-16 16:55:06,666 [main] INFO  grpc.GrpcConfigKeys$Server (ConfUtils.java:logGet(43)) - raft.grpc.server.port = 0 (default)
2019-09-16 16:55:06,667 [main] INFO  server.GrpcService (ConfUtils.java:logGet(43)) - raft.grpc.message.size.max = 33570816 (custom)
2019-09-16 16:55:06,669 [main] INFO  server.RaftServerConfigKeys (ConfUtils.java:logGet(43)) - raft.server.log.appender.buffer.byte-limit = 33554432 (custom)
2019-09-16 16:55:06,669 [main] INFO  server.GrpcService (ConfUtils.java:logGet(43)) - raft.grpc.flow.control.window = 1MB (=1048576) (default)
2019-09-16 16:55:06,670 [main] INFO  server.RaftServerConfigKeys (ConfUtils.java:logGet(43)) - raft.server.rpc.request.timeout = 3000ms (default)
2019-09-16 16:55:06,845 [main] INFO  server.RaftServerConfigKeys (ConfUtils.java:logGet(43)) - raft.server.storage.dir = [/workdir/hadoop-ozone/integration-test/target/test-dir/MiniOzoneClusterImpl-df60ebb5-d9ce-4d7d-8dc8-039b243d66da/datanode-0/data/ratis] (custom)
2019-09-16 16:55:06,905 [main] INFO  hdfs.DFSUtil (DFSUtil.java:httpServerTemplateForNNAndJN(1641)) - Starting Web-server for hddsDatanode at: http://0.0.0.0:0
2019-09-16 16:55:06,910 [main] INFO  server.AuthenticationFilter (AuthenticationFilter.java:constructSecretProvider(240)) - Unable to initialize FileSignerSecretProvider, falling back to use random secrets.
2019-09-16 16:55:06,911 [main] WARN  http.HttpRequestLog (HttpRequestLog.java:getRequestLog(97)) - Jetty request log can only be enabled using Log4j
2019-09-16 16:55:06,913 [main] INFO  http.HttpServer2 (HttpServer2.java:addGlobalFilter(975)) - Added global filter 'safety' (class=org.apache.hadoop.http.HttpServer2$QuotingInputFilter)
2019-09-16 16:55:06,913 [main] INFO  http.HttpServer2 (HttpServer2.java:addFilter(948)) - Added filter static_user_filter (class=org.apache.hadoop.http.lib.StaticUserWebFilter$StaticUserFilter) to context hddsDatanode
2019-09-16 16:55:06,913 [main] INFO  http.HttpServer2 (HttpServer2.java:addFilter(958)) - Added filter static_user_filter (class=org.apache.hadoop.http.lib.StaticUserWebFilter$StaticUserFilter) to context logs
2019-09-16 16:55:06,914 [main] INFO  http.HttpServer2 (HttpServer2.java:addFilter(958)) - Added filter static_user_filter (class=org.apache.hadoop.http.lib.StaticUserWebFilter$StaticUserFilter) to context static
2019-09-16 16:55:06,915 [main] INFO  http.HttpServer2 (HttpServer2.java:bindListener(1191)) - Jetty bound to port 39283
2019-09-16 16:55:06,916 [main] INFO  server.Server (Server.java:doStart(351)) - jetty-9.3.24.v20180605, build timestamp: 2018-06-05T17:11:56Z, git hash: 84205aa28f11a4f31f2a3b86d1bba2cc8ab69827
2019-09-16 16:55:06,918 [main] INFO  handler.ContextHandler (ContextHandler.java:doStart(781)) - Started o.e.j.s.ServletContextHandler@1effd53c{/logs,file:///workdir/hadoop-ozone/integration-test/target/log,AVAILABLE}
2019-09-16 16:55:06,918 [main] INFO  handler.ContextHandler (ContextHandler.java:doStart(781)) - Started o.e.j.s.ServletContextHandler@6920614{/static,jar:file:/home/user/.m2/repository/org/apache/hadoop/hadoop-hdds-container-service/0.5.0-SNAPSHOT/hadoop-hdds-container-service-0.5.0-SNAPSHOT.jar!/webapps/static,AVAILABLE}
2019-09-16 16:55:06,953 [main] INFO  handler.ContextHandler (ContextHandler.java:doStart(781)) - Started o.e.j.w.WebAppContext@476fe690{/,file:///tmp/jetty-0.0.0.0-39283-hddsDatanode-_-any-807387915247023017.dir/webapp/,AVAILABLE}{/hddsDatanode}
2019-09-16 16:55:06,953 [main] INFO  server.AbstractConnector (AbstractConnector.java:doStart(278)) - Started ServerConnector@7a0e7ecd{HTTP/1.1,[http/1.1]}{0.0.0.0:39283}
2019-09-16 16:55:06,954 [main] INFO  server.Server (Server.java:doStart(419)) - Started @5453ms
2019-09-16 16:55:06,955 [main] WARN  impl.MetricsSystemImpl (MetricsSystemImpl.java:register(276)) - Sink prometheus already exists!
2019-09-16 16:55:06,956 [main] INFO  server.BaseHttpServer (BaseHttpServer.java:updateConnectorAddress(215)) - HTTP server of HDDSDATANODE is listening at http://0.0.0.0:39283
2019-09-16 16:55:06,957 [main] INFO  impl.MetricsSystemImpl (MetricsSystemImpl.java:init(158)) - HddsDatanode metrics system started (again)
2019-09-16 16:55:06,960 [main] INFO  ozone.HddsDatanodeService (HddsDatanodeService.java:start(184)) - HddsDatanodeService host:pr-hdds-1879-plksr-2441821890 ip:192.168.34.37
2019-09-16 16:55:06,961 [org.apache.hadoop.util.JvmPauseMonitor$Monitor@50358823] INFO  util.JvmPauseMonitor (JvmPauseMonitor.java:run(188)) - Starting JVM pause monitor
2019-09-16 16:55:06,966 [main] INFO  volume.HddsVolume (HddsVolume.java:<init>(176)) - Creating Volume: /workdir/hadoop-ozone/integration-test/target/test-dir/MiniOzoneClusterImpl-df60ebb5-d9ce-4d7d-8dc8-039b243d66da/datanode-1/data/containers/hdds of  storage type : DISK and capacity : 1482555576320
2019-09-16 16:55:06,967 [main] INFO  volume.VolumeSet (VolumeSet.java:initializeVolumeSet(170)) - Added Volume : /workdir/hadoop-ozone/integration-test/target/test-dir/MiniOzoneClusterImpl-df60ebb5-d9ce-4d7d-8dc8-039b243d66da/datanode-1/data/containers/hdds to VolumeSet
2019-09-16 16:55:06,967 [main] INFO  volume.ThrottledAsyncChecker (ThrottledAsyncChecker.java:schedule(139)) - Scheduling a check for org.apache.hadoop.ozone.container.common.volume.HddsVolume@623dcf2a
2019-09-16 16:55:06,968 [main] INFO  volume.HddsVolumeChecker (HddsVolumeChecker.java:checkAllVolumes(202)) - Scheduled health check for volume org.apache.hadoop.ozone.container.common.volume.HddsVolume@623dcf2a
2019-09-16 16:55:06,980 [main] INFO  impl.RaftServerProxy (ConfUtils.java:logGet(43)) - raft.rpc.type = GRPC (default)
2019-09-16 16:55:06,981 [main] INFO  grpc.GrpcFactory (GrpcFactory.java:checkPooledByteBufAllocatorUseCacheForAllThreads(45)) - PERFORMANCE WARNING: useCacheForAllThreads is true that may cause Netty to create a lot garbage objects and, as a result, trigger GC.
	It is recommended to disable useCacheForAllThreads by setting -Dorg.apache.ratis.thirdparty.io.netty.allocator.useCacheForAllThreads=false in command line.
2019-09-16 16:55:06,981 [main] INFO  grpc.GrpcConfigKeys$Server (ConfUtils.java:logGet(43)) - raft.grpc.server.port = 0 (default)
2019-09-16 16:55:06,981 [main] INFO  server.GrpcService (ConfUtils.java:logGet(43)) - raft.grpc.message.size.max = 33570816 (custom)
2019-09-16 16:55:06,981 [main] INFO  server.RaftServerConfigKeys (ConfUtils.java:logGet(43)) - raft.server.log.appender.buffer.byte-limit = 33554432 (custom)
2019-09-16 16:55:06,982 [main] INFO  server.GrpcService (ConfUtils.java:logGet(43)) - raft.grpc.flow.control.window = 1MB (=1048576) (default)
2019-09-16 16:55:06,982 [main] INFO  server.RaftServerConfigKeys (ConfUtils.java:logGet(43)) - raft.server.rpc.request.timeout = 3000ms (default)
2019-09-16 16:55:06,983 [main] INFO  server.RaftServerConfigKeys (ConfUtils.java:logGet(43)) - raft.server.storage.dir = [/workdir/hadoop-ozone/integration-test/target/test-dir/MiniOzoneClusterImpl-df60ebb5-d9ce-4d7d-8dc8-039b243d66da/datanode-1/data/ratis] (custom)
2019-09-16 16:55:06,985 [main] INFO  hdfs.DFSUtil (DFSUtil.java:httpServerTemplateForNNAndJN(1641)) - Starting Web-server for hddsDatanode at: http://0.0.0.0:0
2019-09-16 16:55:06,987 [main] INFO  server.AuthenticationFilter (AuthenticationFilter.java:constructSecretProvider(240)) - Unable to initialize FileSignerSecretProvider, falling back to use random secrets.
2019-09-16 16:55:06,988 [main] WARN  http.HttpRequestLog (HttpRequestLog.java:getRequestLog(97)) - Jetty request log can only be enabled using Log4j
2019-09-16 16:55:06,989 [main] INFO  http.HttpServer2 (HttpServer2.java:addGlobalFilter(975)) - Added global filter 'safety' (class=org.apache.hadoop.http.HttpServer2$QuotingInputFilter)
2019-09-16 16:55:06,990 [main] INFO  http.HttpServer2 (HttpServer2.java:addFilter(948)) - Added filter static_user_filter (class=org.apache.hadoop.http.lib.StaticUserWebFilter$StaticUserFilter) to context hddsDatanode
2019-09-16 16:55:06,990 [main] INFO  http.HttpServer2 (HttpServer2.java:addFilter(958)) - Added filter static_user_filter (class=org.apache.hadoop.http.lib.StaticUserWebFilter$StaticUserFilter) to context logs
2019-09-16 16:55:06,990 [main] INFO  http.HttpServer2 (HttpServer2.java:addFilter(958)) - Added filter static_user_filter (class=org.apache.hadoop.http.lib.StaticUserWebFilter$StaticUserFilter) to context static
2019-09-16 16:55:06,991 [main] INFO  http.HttpServer2 (HttpServer2.java:bindListener(1191)) - Jetty bound to port 44179
2019-09-16 16:55:06,991 [main] INFO  server.Server (Server.java:doStart(351)) - jetty-9.3.24.v20180605, build timestamp: 2018-06-05T17:11:56Z, git hash: 84205aa28f11a4f31f2a3b86d1bba2cc8ab69827
2019-09-16 16:55:06,994 [main] INFO  handler.ContextHandler (ContextHandler.java:doStart(781)) - Started o.e.j.s.ServletContextHandler@654c7d2d{/logs,file:///workdir/hadoop-ozone/integration-test/target/log,AVAILABLE}
2019-09-16 16:55:06,995 [main] INFO  handler.ContextHandler (ContextHandler.java:doStart(781)) - Started o.e.j.s.ServletContextHandler@15400fff{/static,jar:file:/home/user/.m2/repository/org/apache/hadoop/hadoop-hdds-container-service/0.5.0-SNAPSHOT/hadoop-hdds-container-service-0.5.0-SNAPSHOT.jar!/webapps/static,AVAILABLE}
2019-09-16 16:55:07,026 [main] INFO  handler.ContextHandler (ContextHandler.java:doStart(781)) - Started o.e.j.w.WebAppContext@25ad4f71{/,file:///tmp/jetty-0.0.0.0-44179-hddsDatanode-_-any-2441770998771468475.dir/webapp/,AVAILABLE}{/hddsDatanode}
2019-09-16 16:55:07,027 [main] INFO  server.AbstractConnector (AbstractConnector.java:doStart(278)) - Started ServerConnector@49faf066{HTTP/1.1,[http/1.1]}{0.0.0.0:44179}
2019-09-16 16:55:07,027 [main] INFO  server.Server (Server.java:doStart(419)) - Started @5526ms
2019-09-16 16:55:07,028 [main] WARN  impl.MetricsSystemImpl (MetricsSystemImpl.java:register(276)) - Sink prometheus already exists!
2019-09-16 16:55:07,030 [main] INFO  server.BaseHttpServer (BaseHttpServer.java:updateConnectorAddress(215)) - HTTP server of HDDSDATANODE is listening at http://0.0.0.0:44179
2019-09-16 16:55:07,030 [main] INFO  impl.MetricsSystemImpl (MetricsSystemImpl.java:init(158)) - HddsDatanode metrics system started (again)
2019-09-16 16:55:07,034 [org.apache.hadoop.util.JvmPauseMonitor$Monitor@41a3d312] INFO  util.JvmPauseMonitor (JvmPauseMonitor.java:run(188)) - Starting JVM pause monitor
2019-09-16 16:55:07,036 [main] INFO  ozone.HddsDatanodeService (HddsDatanodeService.java:start(184)) - HddsDatanodeService host:pr-hdds-1879-plksr-2441821890 ip:192.168.34.37
2019-09-16 16:55:07,046 [main] INFO  volume.HddsVolume (HddsVolume.java:<init>(176)) - Creating Volume: /workdir/hadoop-ozone/integration-test/target/test-dir/MiniOzoneClusterImpl-df60ebb5-d9ce-4d7d-8dc8-039b243d66da/datanode-2/data/containers/hdds of  storage type : DISK and capacity : 1482555576320
2019-09-16 16:55:07,046 [main] INFO  volume.VolumeSet (VolumeSet.java:initializeVolumeSet(170)) - Added Volume : /workdir/hadoop-ozone/integration-test/target/test-dir/MiniOzoneClusterImpl-df60ebb5-d9ce-4d7d-8dc8-039b243d66da/datanode-2/data/containers/hdds to VolumeSet
2019-09-16 16:55:07,047 [main] INFO  volume.ThrottledAsyncChecker (ThrottledAsyncChecker.java:schedule(139)) - Scheduling a check for org.apache.hadoop.ozone.container.common.volume.HddsVolume@524a076e
2019-09-16 16:55:07,048 [main] INFO  volume.HddsVolumeChecker (HddsVolumeChecker.java:checkAllVolumes(202)) - Scheduled health check for volume org.apache.hadoop.ozone.container.common.volume.HddsVolume@524a076e
2019-09-16 16:55:07,068 [main] INFO  impl.RaftServerProxy (ConfUtils.java:logGet(43)) - raft.rpc.type = GRPC (default)
2019-09-16 16:55:07,068 [main] INFO  grpc.GrpcFactory (GrpcFactory.java:checkPooledByteBufAllocatorUseCacheForAllThreads(45)) - PERFORMANCE WARNING: useCacheForAllThreads is true that may cause Netty to create a lot garbage objects and, as a result, trigger GC.
	It is recommended to disable useCacheForAllThreads by setting -Dorg.apache.ratis.thirdparty.io.netty.allocator.useCacheForAllThreads=false in command line.
2019-09-16 16:55:07,069 [main] INFO  grpc.GrpcConfigKeys$Server (ConfUtils.java:logGet(43)) - raft.grpc.server.port = 0 (default)
2019-09-16 16:55:07,069 [main] INFO  server.GrpcService (ConfUtils.java:logGet(43)) - raft.grpc.message.size.max = 33570816 (custom)
2019-09-16 16:55:07,069 [main] INFO  server.RaftServerConfigKeys (ConfUtils.java:logGet(43)) - raft.server.log.appender.buffer.byte-limit = 33554432 (custom)
2019-09-16 16:55:07,070 [main] INFO  server.GrpcService (ConfUtils.java:logGet(43)) - raft.grpc.flow.control.window = 1MB (=1048576) (default)
2019-09-16 16:55:07,070 [main] INFO  server.RaftServerConfigKeys (ConfUtils.java:logGet(43)) - raft.server.rpc.request.timeout = 3000ms (default)
2019-09-16 16:55:07,072 [main] INFO  server.RaftServerConfigKeys (ConfUtils.java:logGet(43)) - raft.server.storage.dir = [/workdir/hadoop-ozone/integration-test/target/test-dir/MiniOzoneClusterImpl-df60ebb5-d9ce-4d7d-8dc8-039b243d66da/datanode-2/data/ratis] (custom)
2019-09-16 16:55:07,074 [main] INFO  hdfs.DFSUtil (DFSUtil.java:httpServerTemplateForNNAndJN(1641)) - Starting Web-server for hddsDatanode at: http://0.0.0.0:0
2019-09-16 16:55:07,075 [main] INFO  server.AuthenticationFilter (AuthenticationFilter.java:constructSecretProvider(240)) - Unable to initialize FileSignerSecretProvider, falling back to use random secrets.
2019-09-16 16:55:07,076 [main] WARN  http.HttpRequestLog (HttpRequestLog.java:getRequestLog(97)) - Jetty request log can only be enabled using Log4j
2019-09-16 16:55:07,078 [main] INFO  http.HttpServer2 (HttpServer2.java:addGlobalFilter(975)) - Added global filter 'safety' (class=org.apache.hadoop.http.HttpServer2$QuotingInputFilter)
2019-09-16 16:55:07,078 [Datanode State Machine Thread - 0] INFO  datanode.InitDatanodeState (InitDatanodeState.java:persistContainerDatanodeDetails(140)) - DatanodeDetails is persisted to /workdir/hadoop-ozone/integration-test/target/test-dir/MiniOzoneClusterImpl-df60ebb5-d9ce-4d7d-8dc8-039b243d66da/datanode-0/meta/datanode.id
2019-09-16 16:55:07,083 [Datanode State Machine Thread - 0] INFO  datanode.InitDatanodeState (InitDatanodeState.java:persistContainerDatanodeDetails(140)) - DatanodeDetails is persisted to /workdir/hadoop-ozone/integration-test/target/test-dir/MiniOzoneClusterImpl-df60ebb5-d9ce-4d7d-8dc8-039b243d66da/datanode-1/meta/datanode.id
2019-09-16 16:55:07,083 [main] INFO  http.HttpServer2 (HttpServer2.java:addFilter(948)) - Added filter static_user_filter (class=org.apache.hadoop.http.lib.StaticUserWebFilter$StaticUserFilter) to context hddsDatanode
2019-09-16 16:55:07,084 [main] INFO  http.HttpServer2 (HttpServer2.java:addFilter(958)) - Added filter static_user_filter (class=org.apache.hadoop.http.lib.StaticUserWebFilter$StaticUserFilter) to context static
2019-09-16 16:55:07,084 [main] INFO  http.HttpServer2 (HttpServer2.java:addFilter(958)) - Added filter static_user_filter (class=org.apache.hadoop.http.lib.StaticUserWebFilter$StaticUserFilter) to context logs
2019-09-16 16:55:07,085 [main] INFO  http.HttpServer2 (HttpServer2.java:bindListener(1191)) - Jetty bound to port 42832
2019-09-16 16:55:07,086 [main] INFO  server.Server (Server.java:doStart(351)) - jetty-9.3.24.v20180605, build timestamp: 2018-06-05T17:11:56Z, git hash: 84205aa28f11a4f31f2a3b86d1bba2cc8ab69827
2019-09-16 16:55:07,091 [main] INFO  handler.ContextHandler (ContextHandler.java:doStart(781)) - Started o.e.j.s.ServletContextHandler@2e66bc32{/logs,file:///workdir/hadoop-ozone/integration-test/target/log,AVAILABLE}
2019-09-16 16:55:07,092 [main] INFO  handler.ContextHandler (ContextHandler.java:doStart(781)) - Started o.e.j.s.ServletContextHandler@4b65d9f4{/static,jar:file:/home/user/.m2/repository/org/apache/hadoop/hadoop-hdds-container-service/0.5.0-SNAPSHOT/hadoop-hdds-container-service-0.5.0-SNAPSHOT.jar!/webapps/static,AVAILABLE}
2019-09-16 16:55:07,131 [main] INFO  handler.ContextHandler (ContextHandler.java:doStart(781)) - Started o.e.j.w.WebAppContext@4745e9c{/,file:///tmp/jetty-0.0.0.0-42832-hddsDatanode-_-any-1325942396183012159.dir/webapp/,AVAILABLE}{/hddsDatanode}
2019-09-16 16:55:07,133 [main] INFO  server.AbstractConnector (AbstractConnector.java:doStart(278)) - Started ServerConnector@2f2bff16{HTTP/1.1,[http/1.1]}{0.0.0.0:42832}
2019-09-16 16:55:07,134 [main] INFO  server.Server (Server.java:doStart(419)) - Started @5633ms
2019-09-16 16:55:07,134 [main] WARN  impl.MetricsSystemImpl (MetricsSystemImpl.java:register(276)) - Sink prometheus already exists!
2019-09-16 16:55:07,135 [main] INFO  server.BaseHttpServer (BaseHttpServer.java:updateConnectorAddress(215)) - HTTP server of HDDSDATANODE is listening at http://0.0.0.0:42832
2019-09-16 16:55:07,136 [main] INFO  impl.MetricsSystemImpl (MetricsSystemImpl.java:init(158)) - HddsDatanode metrics system started (again)
2019-09-16 16:55:07,138 [org.apache.hadoop.util.JvmPauseMonitor$Monitor@d297321] INFO  util.JvmPauseMonitor (JvmPauseMonitor.java:run(188)) - Starting JVM pause monitor
2019-09-16 16:55:07,140 [main] INFO  ozone.HddsDatanodeService (HddsDatanodeService.java:start(184)) - HddsDatanodeService host:pr-hdds-1879-plksr-2441821890 ip:192.168.34.37
2019-09-16 16:55:07,142 [Datanode State Machine Thread - 0] INFO  datanode.InitDatanodeState (InitDatanodeState.java:persistContainerDatanodeDetails(140)) - DatanodeDetails is persisted to /workdir/hadoop-ozone/integration-test/target/test-dir/MiniOzoneClusterImpl-df60ebb5-d9ce-4d7d-8dc8-039b243d66da/datanode-2/meta/datanode.id
2019-09-16 16:55:07,147 [main] INFO  volume.HddsVolume (HddsVolume.java:<init>(176)) - Creating Volume: /workdir/hadoop-ozone/integration-test/target/test-dir/MiniOzoneClusterImpl-df60ebb5-d9ce-4d7d-8dc8-039b243d66da/datanode-3/data/containers/hdds of  storage type : DISK and capacity : 1482555576320
2019-09-16 16:55:07,148 [main] INFO  volume.VolumeSet (VolumeSet.java:initializeVolumeSet(170)) - Added Volume : /workdir/hadoop-ozone/integration-test/target/test-dir/MiniOzoneClusterImpl-df60ebb5-d9ce-4d7d-8dc8-039b243d66da/datanode-3/data/containers/hdds to VolumeSet
2019-09-16 16:55:07,148 [main] INFO  volume.ThrottledAsyncChecker (ThrottledAsyncChecker.java:schedule(139)) - Scheduling a check for org.apache.hadoop.ozone.container.common.volume.HddsVolume@6342d610
2019-09-16 16:55:07,149 [main] INFO  volume.HddsVolumeChecker (HddsVolumeChecker.java:checkAllVolumes(202)) - Scheduled health check for volume org.apache.hadoop.ozone.container.common.volume.HddsVolume@6342d610
2019-09-16 16:55:07,169 [main] INFO  impl.RaftServerProxy (ConfUtils.java:logGet(43)) - raft.rpc.type = GRPC (default)
2019-09-16 16:55:07,169 [main] INFO  grpc.GrpcFactory (GrpcFactory.java:checkPooledByteBufAllocatorUseCacheForAllThreads(45)) - PERFORMANCE WARNING: useCacheForAllThreads is true that may cause Netty to create a lot garbage objects and, as a result, trigger GC.
	It is recommended to disable useCacheForAllThreads by setting -Dorg.apache.ratis.thirdparty.io.netty.allocator.useCacheForAllThreads=false in command line.
2019-09-16 16:55:07,169 [main] INFO  grpc.GrpcConfigKeys$Server (ConfUtils.java:logGet(43)) - raft.grpc.server.port = 0 (default)
2019-09-16 16:55:07,169 [main] INFO  server.GrpcService (ConfUtils.java:logGet(43)) - raft.grpc.message.size.max = 33570816 (custom)
2019-09-16 16:55:07,170 [main] INFO  server.RaftServerConfigKeys (ConfUtils.java:logGet(43)) - raft.server.log.appender.buffer.byte-limit = 33554432 (custom)
2019-09-16 16:55:07,170 [main] INFO  server.GrpcService (ConfUtils.java:logGet(43)) - raft.grpc.flow.control.window = 1MB (=1048576) (default)
2019-09-16 16:55:07,170 [main] INFO  server.RaftServerConfigKeys (ConfUtils.java:logGet(43)) - raft.server.rpc.request.timeout = 3000ms (default)
2019-09-16 16:55:07,171 [main] INFO  server.RaftServerConfigKeys (ConfUtils.java:logGet(43)) - raft.server.storage.dir = [/workdir/hadoop-ozone/integration-test/target/test-dir/MiniOzoneClusterImpl-df60ebb5-d9ce-4d7d-8dc8-039b243d66da/datanode-3/data/ratis] (custom)
2019-09-16 16:55:07,172 [main] INFO  hdfs.DFSUtil (DFSUtil.java:httpServerTemplateForNNAndJN(1641)) - Starting Web-server for hddsDatanode at: http://0.0.0.0:0
2019-09-16 16:55:07,174 [main] INFO  server.AuthenticationFilter (AuthenticationFilter.java:constructSecretProvider(240)) - Unable to initialize FileSignerSecretProvider, falling back to use random secrets.
2019-09-16 16:55:07,174 [main] WARN  http.HttpRequestLog (HttpRequestLog.java:getRequestLog(97)) - Jetty request log can only be enabled using Log4j
2019-09-16 16:55:07,176 [main] INFO  http.HttpServer2 (HttpServer2.java:addGlobalFilter(975)) - Added global filter 'safety' (class=org.apache.hadoop.http.HttpServer2$QuotingInputFilter)
2019-09-16 16:55:07,177 [main] INFO  http.HttpServer2 (HttpServer2.java:addFilter(948)) - Added filter static_user_filter (class=org.apache.hadoop.http.lib.StaticUserWebFilter$StaticUserFilter) to context hddsDatanode
2019-09-16 16:55:07,177 [main] INFO  http.HttpServer2 (HttpServer2.java:addFilter(958)) - Added filter static_user_filter (class=org.apache.hadoop.http.lib.StaticUserWebFilter$StaticUserFilter) to context static
2019-09-16 16:55:07,177 [main] INFO  http.HttpServer2 (HttpServer2.java:addFilter(958)) - Added filter static_user_filter (class=org.apache.hadoop.http.lib.StaticUserWebFilter$StaticUserFilter) to context logs
2019-09-16 16:55:07,178 [main] INFO  http.HttpServer2 (HttpServer2.java:bindListener(1191)) - Jetty bound to port 36839
2019-09-16 16:55:07,178 [main] INFO  server.Server (Server.java:doStart(351)) - jetty-9.3.24.v20180605, build timestamp: 2018-06-05T17:11:56Z, git hash: 84205aa28f11a4f31f2a3b86d1bba2cc8ab69827
2019-09-16 16:55:07,181 [main] INFO  handler.ContextHandler (ContextHandler.java:doStart(781)) - Started o.e.j.s.ServletContextHandler@74ecacc3{/logs,file:///workdir/hadoop-ozone/integration-test/target/log,AVAILABLE}
2019-09-16 16:55:07,182 [main] INFO  handler.ContextHandler (ContextHandler.java:doStart(781)) - Started o.e.j.s.ServletContextHandler@53b7ce6{/static,jar:file:/home/user/.m2/repository/org/apache/hadoop/hadoop-hdds-container-service/0.5.0-SNAPSHOT/hadoop-hdds-container-service-0.5.0-SNAPSHOT.jar!/webapps/static,AVAILABLE}
2019-09-16 16:55:07,208 [main] INFO  handler.ContextHandler (ContextHandler.java:doStart(781)) - Started o.e.j.w.WebAppContext@7d44a19{/,file:///tmp/jetty-0.0.0.0-36839-hddsDatanode-_-any-4594956522891435625.dir/webapp/,AVAILABLE}{/hddsDatanode}
2019-09-16 16:55:07,209 [main] INFO  server.AbstractConnector (AbstractConnector.java:doStart(278)) - Started ServerConnector@1fb2d5e{HTTP/1.1,[http/1.1]}{0.0.0.0:36839}
2019-09-16 16:55:07,210 [main] INFO  server.Server (Server.java:doStart(419)) - Started @5709ms
2019-09-16 16:55:07,211 [main] WARN  impl.MetricsSystemImpl (MetricsSystemImpl.java:register(276)) - Sink prometheus already exists!
2019-09-16 16:55:07,212 [main] INFO  server.BaseHttpServer (BaseHttpServer.java:updateConnectorAddress(215)) - HTTP server of HDDSDATANODE is listening at http://0.0.0.0:36839
2019-09-16 16:55:07,213 [main] INFO  impl.MetricsSystemImpl (MetricsSystemImpl.java:init(158)) - HddsDatanode metrics system started (again)
2019-09-16 16:55:07,219 [main] INFO  ozone.HddsDatanodeService (HddsDatanodeService.java:start(184)) - HddsDatanodeService host:pr-hdds-1879-plksr-2441821890 ip:192.168.34.37
2019-09-16 16:55:07,219 [org.apache.hadoop.util.JvmPauseMonitor$Monitor@2489f207] INFO  util.JvmPauseMonitor (JvmPauseMonitor.java:run(188)) - Starting JVM pause monitor
2019-09-16 16:55:07,229 [main] INFO  volume.HddsVolume (HddsVolume.java:<init>(176)) - Creating Volume: /workdir/hadoop-ozone/integration-test/target/test-dir/MiniOzoneClusterImpl-df60ebb5-d9ce-4d7d-8dc8-039b243d66da/datanode-4/data/containers/hdds of  storage type : DISK and capacity : 1482555576320
2019-09-16 16:55:07,229 [Datanode State Machine Thread - 0] INFO  datanode.InitDatanodeState (InitDatanodeState.java:persistContainerDatanodeDetails(140)) - DatanodeDetails is persisted to /workdir/hadoop-ozone/integration-test/target/test-dir/MiniOzoneClusterImpl-df60ebb5-d9ce-4d7d-8dc8-039b243d66da/datanode-3/meta/datanode.id
2019-09-16 16:55:07,229 [main] INFO  volume.VolumeSet (VolumeSet.java:initializeVolumeSet(170)) - Added Volume : /workdir/hadoop-ozone/integration-test/target/test-dir/MiniOzoneClusterImpl-df60ebb5-d9ce-4d7d-8dc8-039b243d66da/datanode-4/data/containers/hdds to VolumeSet
2019-09-16 16:55:07,230 [main] INFO  volume.ThrottledAsyncChecker (ThrottledAsyncChecker.java:schedule(139)) - Scheduling a check for org.apache.hadoop.ozone.container.common.volume.HddsVolume@73844119
2019-09-16 16:55:07,231 [main] INFO  volume.HddsVolumeChecker (HddsVolumeChecker.java:checkAllVolumes(202)) - Scheduled health check for volume org.apache.hadoop.ozone.container.common.volume.HddsVolume@73844119
2019-09-16 16:55:07,246 [main] INFO  impl.RaftServerProxy (ConfUtils.java:logGet(43)) - raft.rpc.type = GRPC (default)
2019-09-16 16:55:07,246 [main] INFO  grpc.GrpcFactory (GrpcFactory.java:checkPooledByteBufAllocatorUseCacheForAllThreads(45)) - PERFORMANCE WARNING: useCacheForAllThreads is true that may cause Netty to create a lot garbage objects and, as a result, trigger GC.
	It is recommended to disable useCacheForAllThreads by setting -Dorg.apache.ratis.thirdparty.io.netty.allocator.useCacheForAllThreads=false in command line.
2019-09-16 16:55:07,246 [main] INFO  grpc.GrpcConfigKeys$Server (ConfUtils.java:logGet(43)) - raft.grpc.server.port = 0 (default)
2019-09-16 16:55:07,247 [main] INFO  server.GrpcService (ConfUtils.java:logGet(43)) - raft.grpc.message.size.max = 33570816 (custom)
2019-09-16 16:55:07,247 [main] INFO  server.RaftServerConfigKeys (ConfUtils.java:logGet(43)) - raft.server.log.appender.buffer.byte-limit = 33554432 (custom)
2019-09-16 16:55:07,247 [main] INFO  server.GrpcService (ConfUtils.java:logGet(43)) - raft.grpc.flow.control.window = 1MB (=1048576) (default)
2019-09-16 16:55:07,247 [main] INFO  server.RaftServerConfigKeys (ConfUtils.java:logGet(43)) - raft.server.rpc.request.timeout = 3000ms (default)
2019-09-16 16:55:07,248 [main] INFO  server.RaftServerConfigKeys (ConfUtils.java:logGet(43)) - raft.server.storage.dir = [/workdir/hadoop-ozone/integration-test/target/test-dir/MiniOzoneClusterImpl-df60ebb5-d9ce-4d7d-8dc8-039b243d66da/datanode-4/data/ratis] (custom)
2019-09-16 16:55:07,250 [main] INFO  hdfs.DFSUtil (DFSUtil.java:httpServerTemplateForNNAndJN(1641)) - Starting Web-server for hddsDatanode at: http://0.0.0.0:0
2019-09-16 16:55:07,251 [main] INFO  server.AuthenticationFilter (AuthenticationFilter.java:constructSecretProvider(240)) - Unable to initialize FileSignerSecretProvider, falling back to use random secrets.
2019-09-16 16:55:07,252 [main] WARN  http.HttpRequestLog (HttpRequestLog.java:getRequestLog(97)) - Jetty request log can only be enabled using Log4j
2019-09-16 16:55:07,254 [main] INFO  http.HttpServer2 (HttpServer2.java:addGlobalFilter(975)) - Added global filter 'safety' (class=org.apache.hadoop.http.HttpServer2$QuotingInputFilter)
2019-09-16 16:55:07,254 [main] INFO  http.HttpServer2 (HttpServer2.java:addFilter(948)) - Added filter static_user_filter (class=org.apache.hadoop.http.lib.StaticUserWebFilter$StaticUserFilter) to context hddsDatanode
2019-09-16 16:55:07,254 [main] INFO  http.HttpServer2 (HttpServer2.java:addFilter(958)) - Added filter static_user_filter (class=org.apache.hadoop.http.lib.StaticUserWebFilter$StaticUserFilter) to context logs
2019-09-16 16:55:07,255 [main] INFO  http.HttpServer2 (HttpServer2.java:addFilter(958)) - Added filter static_user_filter (class=org.apache.hadoop.http.lib.StaticUserWebFilter$StaticUserFilter) to context static
2019-09-16 16:55:07,256 [main] INFO  http.HttpServer2 (HttpServer2.java:bindListener(1191)) - Jetty bound to port 42377
2019-09-16 16:55:07,256 [main] INFO  server.Server (Server.java:doStart(351)) - jetty-9.3.24.v20180605, build timestamp: 2018-06-05T17:11:56Z, git hash: 84205aa28f11a4f31f2a3b86d1bba2cc8ab69827
2019-09-16 16:55:07,259 [main] INFO  handler.ContextHandler (ContextHandler.java:doStart(781)) - Started o.e.j.s.ServletContextHandler@77a074b4{/logs,file:///workdir/hadoop-ozone/integration-test/target/log,AVAILABLE}
2019-09-16 16:55:07,260 [main] INFO  handler.ContextHandler (ContextHandler.java:doStart(781)) - Started o.e.j.s.ServletContextHandler@6c0e13b7{/static,jar:file:/home/user/.m2/repository/org/apache/hadoop/hadoop-hdds-container-service/0.5.0-SNAPSHOT/hadoop-hdds-container-service-0.5.0-SNAPSHOT.jar!/webapps/static,AVAILABLE}
2019-09-16 16:55:07,297 [main] INFO  handler.ContextHandler (ContextHandler.java:doStart(781)) - Started o.e.j.w.WebAppContext@38ed139b{/,file:///tmp/jetty-0.0.0.0-42377-hddsDatanode-_-any-517937258836777806.dir/webapp/,AVAILABLE}{/hddsDatanode}
2019-09-16 16:55:07,299 [main] INFO  server.AbstractConnector (AbstractConnector.java:doStart(278)) - Started ServerConnector@a5272be{HTTP/1.1,[http/1.1]}{0.0.0.0:42377}
2019-09-16 16:55:07,299 [main] INFO  server.Server (Server.java:doStart(419)) - Started @5798ms
2019-09-16 16:55:07,299 [main] WARN  impl.MetricsSystemImpl (MetricsSystemImpl.java:register(276)) - Sink prometheus already exists!
2019-09-16 16:55:07,300 [main] INFO  server.BaseHttpServer (BaseHttpServer.java:updateConnectorAddress(215)) - HTTP server of HDDSDATANODE is listening at http://0.0.0.0:42377
2019-09-16 16:55:07,301 [main] INFO  impl.MetricsSystemImpl (MetricsSystemImpl.java:init(158)) - HddsDatanode metrics system started (again)
2019-09-16 16:55:07,304 [org.apache.hadoop.util.JvmPauseMonitor$Monitor@3a11b909] INFO  util.JvmPauseMonitor (JvmPauseMonitor.java:run(188)) - Starting JVM pause monitor
2019-09-16 16:55:07,304 [main] INFO  ozone.HddsDatanodeService (HddsDatanodeService.java:start(184)) - HddsDatanodeService host:pr-hdds-1879-plksr-2441821890 ip:192.168.34.37
2019-09-16 16:55:07,307 [Datanode State Machine Thread - 0] INFO  datanode.InitDatanodeState (InitDatanodeState.java:persistContainerDatanodeDetails(140)) - DatanodeDetails is persisted to /workdir/hadoop-ozone/integration-test/target/test-dir/MiniOzoneClusterImpl-df60ebb5-d9ce-4d7d-8dc8-039b243d66da/datanode-4/meta/datanode.id
2019-09-16 16:55:07,310 [main] INFO  volume.HddsVolume (HddsVolume.java:<init>(176)) - Creating Volume: /workdir/hadoop-ozone/integration-test/target/test-dir/MiniOzoneClusterImpl-df60ebb5-d9ce-4d7d-8dc8-039b243d66da/datanode-5/data/containers/hdds of  storage type : DISK and capacity : 1482555576320
2019-09-16 16:55:07,311 [main] INFO  volume.VolumeSet (VolumeSet.java:initializeVolumeSet(170)) - Added Volume : /workdir/hadoop-ozone/integration-test/target/test-dir/MiniOzoneClusterImpl-df60ebb5-d9ce-4d7d-8dc8-039b243d66da/datanode-5/data/containers/hdds to VolumeSet
2019-09-16 16:55:07,311 [main] INFO  volume.ThrottledAsyncChecker (ThrottledAsyncChecker.java:schedule(139)) - Scheduling a check for org.apache.hadoop.ozone.container.common.volume.HddsVolume@2938127d
2019-09-16 16:55:07,311 [main] INFO  volume.HddsVolumeChecker (HddsVolumeChecker.java:checkAllVolumes(202)) - Scheduled health check for volume org.apache.hadoop.ozone.container.common.volume.HddsVolume@2938127d
2019-09-16 16:55:07,326 [main] INFO  impl.RaftServerProxy (ConfUtils.java:logGet(43)) - raft.rpc.type = GRPC (default)
2019-09-16 16:55:07,326 [main] INFO  grpc.GrpcFactory (GrpcFactory.java:checkPooledByteBufAllocatorUseCacheForAllThreads(45)) - PERFORMANCE WARNING: useCacheForAllThreads is true that may cause Netty to create a lot garbage objects and, as a result, trigger GC.
	It is recommended to disable useCacheForAllThreads by setting -Dorg.apache.ratis.thirdparty.io.netty.allocator.useCacheForAllThreads=false in command line.
2019-09-16 16:55:07,326 [main] INFO  grpc.GrpcConfigKeys$Server (ConfUtils.java:logGet(43)) - raft.grpc.server.port = 0 (default)
2019-09-16 16:55:07,326 [main] INFO  server.GrpcService (ConfUtils.java:logGet(43)) - raft.grpc.message.size.max = 33570816 (custom)
2019-09-16 16:55:07,327 [main] INFO  server.RaftServerConfigKeys (ConfUtils.java:logGet(43)) - raft.server.log.appender.buffer.byte-limit = 33554432 (custom)
2019-09-16 16:55:07,327 [main] INFO  server.GrpcService (ConfUtils.java:logGet(43)) - raft.grpc.flow.control.window = 1MB (=1048576) (default)
2019-09-16 16:55:07,327 [main] INFO  server.RaftServerConfigKeys (ConfUtils.java:logGet(43)) - raft.server.rpc.request.timeout = 3000ms (default)
2019-09-16 16:55:07,328 [main] INFO  server.RaftServerConfigKeys (ConfUtils.java:logGet(43)) - raft.server.storage.dir = [/workdir/hadoop-ozone/integration-test/target/test-dir/MiniOzoneClusterImpl-df60ebb5-d9ce-4d7d-8dc8-039b243d66da/datanode-5/data/ratis] (custom)
2019-09-16 16:55:07,329 [main] INFO  hdfs.DFSUtil (DFSUtil.java:httpServerTemplateForNNAndJN(1641)) - Starting Web-server for hddsDatanode at: http://0.0.0.0:0
2019-09-16 16:55:07,331 [main] INFO  server.AuthenticationFilter (AuthenticationFilter.java:constructSecretProvider(240)) - Unable to initialize FileSignerSecretProvider, falling back to use random secrets.
2019-09-16 16:55:07,331 [main] WARN  http.HttpRequestLog (HttpRequestLog.java:getRequestLog(97)) - Jetty request log can only be enabled using Log4j
2019-09-16 16:55:07,333 [main] INFO  http.HttpServer2 (HttpServer2.java:addGlobalFilter(975)) - Added global filter 'safety' (class=org.apache.hadoop.http.HttpServer2$QuotingInputFilter)
2019-09-16 16:55:07,333 [main] INFO  http.HttpServer2 (HttpServer2.java:addFilter(948)) - Added filter static_user_filter (class=org.apache.hadoop.http.lib.StaticUserWebFilter$StaticUserFilter) to context hddsDatanode
2019-09-16 16:55:07,334 [main] INFO  http.HttpServer2 (HttpServer2.java:addFilter(958)) - Added filter static_user_filter (class=org.apache.hadoop.http.lib.StaticUserWebFilter$StaticUserFilter) to context static
2019-09-16 16:55:07,334 [main] INFO  http.HttpServer2 (HttpServer2.java:addFilter(958)) - Added filter static_user_filter (class=org.apache.hadoop.http.lib.StaticUserWebFilter$StaticUserFilter) to context logs
2019-09-16 16:55:07,335 [main] INFO  http.HttpServer2 (HttpServer2.java:bindListener(1191)) - Jetty bound to port 42459
2019-09-16 16:55:07,335 [main] INFO  server.Server (Server.java:doStart(351)) - jetty-9.3.24.v20180605, build timestamp: 2018-06-05T17:11:56Z, git hash: 84205aa28f11a4f31f2a3b86d1bba2cc8ab69827
2019-09-16 16:55:07,337 [main] INFO  handler.ContextHandler (ContextHandler.java:doStart(781)) - Started o.e.j.s.ServletContextHandler@75d4a80f{/logs,file:///workdir/hadoop-ozone/integration-test/target/log,AVAILABLE}
2019-09-16 16:55:07,337 [main] INFO  handler.ContextHandler (ContextHandler.java:doStart(781)) - Started o.e.j.s.ServletContextHandler@ccf91df{/static,jar:file:/home/user/.m2/repository/org/apache/hadoop/hadoop-hdds-container-service/0.5.0-SNAPSHOT/hadoop-hdds-container-service-0.5.0-SNAPSHOT.jar!/webapps/static,AVAILABLE}
2019-09-16 16:55:07,367 [main] INFO  handler.ContextHandler (ContextHandler.java:doStart(781)) - Started o.e.j.w.WebAppContext@3c83468e{/,file:///tmp/jetty-0.0.0.0-42459-hddsDatanode-_-any-2755545503366199575.dir/webapp/,AVAILABLE}{/hddsDatanode}
2019-09-16 16:55:07,368 [main] INFO  server.AbstractConnector (AbstractConnector.java:doStart(278)) - Started ServerConnector@272ce069{HTTP/1.1,[http/1.1]}{0.0.0.0:42459}
2019-09-16 16:55:07,369 [main] INFO  server.Server (Server.java:doStart(419)) - Started @5868ms
2019-09-16 16:55:07,369 [main] WARN  impl.MetricsSystemImpl (MetricsSystemImpl.java:register(276)) - Sink prometheus already exists!
2019-09-16 16:55:07,370 [main] INFO  server.BaseHttpServer (BaseHttpServer.java:updateConnectorAddress(215)) - HTTP server of HDDSDATANODE is listening at http://0.0.0.0:42459
2019-09-16 16:55:07,370 [main] INFO  impl.MetricsSystemImpl (MetricsSystemImpl.java:init(158)) - HddsDatanode metrics system started (again)
2019-09-16 16:55:07,374 [main] INFO  ozone.HddsDatanodeService (HddsDatanodeService.java:start(184)) - HddsDatanodeService host:pr-hdds-1879-plksr-2441821890 ip:192.168.34.37
2019-09-16 16:55:07,374 [org.apache.hadoop.util.JvmPauseMonitor$Monitor@2dc09467] INFO  util.JvmPauseMonitor (JvmPauseMonitor.java:run(188)) - Starting JVM pause monitor
2019-09-16 16:55:07,377 [Datanode State Machine Thread - 0] INFO  datanode.InitDatanodeState (InitDatanodeState.java:persistContainerDatanodeDetails(140)) - DatanodeDetails is persisted to /workdir/hadoop-ozone/integration-test/target/test-dir/MiniOzoneClusterImpl-df60ebb5-d9ce-4d7d-8dc8-039b243d66da/datanode-5/meta/datanode.id
2019-09-16 16:55:07,382 [main] INFO  volume.HddsVolume (HddsVolume.java:<init>(176)) - Creating Volume: /workdir/hadoop-ozone/integration-test/target/test-dir/MiniOzoneClusterImpl-df60ebb5-d9ce-4d7d-8dc8-039b243d66da/datanode-6/data/containers/hdds of  storage type : DISK and capacity : 1482555576320
2019-09-16 16:55:07,383 [main] INFO  volume.VolumeSet (VolumeSet.java:initializeVolumeSet(170)) - Added Volume : /workdir/hadoop-ozone/integration-test/target/test-dir/MiniOzoneClusterImpl-df60ebb5-d9ce-4d7d-8dc8-039b243d66da/datanode-6/data/containers/hdds to VolumeSet
2019-09-16 16:55:07,384 [main] INFO  volume.ThrottledAsyncChecker (ThrottledAsyncChecker.java:schedule(139)) - Scheduling a check for org.apache.hadoop.ozone.container.common.volume.HddsVolume@2dc3271b
2019-09-16 16:55:07,384 [main] INFO  volume.HddsVolumeChecker (HddsVolumeChecker.java:checkAllVolumes(202)) - Scheduled health check for volume org.apache.hadoop.ozone.container.common.volume.HddsVolume@2dc3271b
2019-09-16 16:55:07,399 [main] INFO  impl.RaftServerProxy (ConfUtils.java:logGet(43)) - raft.rpc.type = GRPC (default)
2019-09-16 16:55:07,399 [main] INFO  grpc.GrpcFactory (GrpcFactory.java:checkPooledByteBufAllocatorUseCacheForAllThreads(45)) - PERFORMANCE WARNING: useCacheForAllThreads is true that may cause Netty to create a lot garbage objects and, as a result, trigger GC.
	It is recommended to disable useCacheForAllThreads by setting -Dorg.apache.ratis.thirdparty.io.netty.allocator.useCacheForAllThreads=false in command line.
2019-09-16 16:55:07,400 [main] INFO  grpc.GrpcConfigKeys$Server (ConfUtils.java:logGet(43)) - raft.grpc.server.port = 0 (default)
2019-09-16 16:55:07,400 [main] INFO  server.GrpcService (ConfUtils.java:logGet(43)) - raft.grpc.message.size.max = 33570816 (custom)
2019-09-16 16:55:07,400 [main] INFO  server.RaftServerConfigKeys (ConfUtils.java:logGet(43)) - raft.server.log.appender.buffer.byte-limit = 33554432 (custom)
2019-09-16 16:55:07,400 [main] INFO  server.GrpcService (ConfUtils.java:logGet(43)) - raft.grpc.flow.control.window = 1MB (=1048576) (default)
2019-09-16 16:55:07,400 [main] INFO  server.RaftServerConfigKeys (ConfUtils.java:logGet(43)) - raft.server.rpc.request.timeout = 3000ms (default)
2019-09-16 16:55:07,401 [main] INFO  server.RaftServerConfigKeys (ConfUtils.java:logGet(43)) - raft.server.storage.dir = [/workdir/hadoop-ozone/integration-test/target/test-dir/MiniOzoneClusterImpl-df60ebb5-d9ce-4d7d-8dc8-039b243d66da/datanode-6/data/ratis] (custom)
2019-09-16 16:55:07,403 [main] INFO  hdfs.DFSUtil (DFSUtil.java:httpServerTemplateForNNAndJN(1641)) - Starting Web-server for hddsDatanode at: http://0.0.0.0:0
2019-09-16 16:55:07,404 [main] INFO  server.AuthenticationFilter (AuthenticationFilter.java:constructSecretProvider(240)) - Unable to initialize FileSignerSecretProvider, falling back to use random secrets.
2019-09-16 16:55:07,405 [main] WARN  http.HttpRequestLog (HttpRequestLog.java:getRequestLog(97)) - Jetty request log can only be enabled using Log4j
2019-09-16 16:55:07,406 [main] INFO  http.HttpServer2 (HttpServer2.java:addGlobalFilter(975)) - Added global filter 'safety' (class=org.apache.hadoop.http.HttpServer2$QuotingInputFilter)
2019-09-16 16:55:07,407 [main] INFO  http.HttpServer2 (HttpServer2.java:addFilter(948)) - Added filter static_user_filter (class=org.apache.hadoop.http.lib.StaticUserWebFilter$StaticUserFilter) to context hddsDatanode
2019-09-16 16:55:07,407 [main] INFO  http.HttpServer2 (HttpServer2.java:addFilter(958)) - Added filter static_user_filter (class=org.apache.hadoop.http.lib.StaticUserWebFilter$StaticUserFilter) to context logs
2019-09-16 16:55:07,407 [main] INFO  http.HttpServer2 (HttpServer2.java:addFilter(958)) - Added filter static_user_filter (class=org.apache.hadoop.http.lib.StaticUserWebFilter$StaticUserFilter) to context static
2019-09-16 16:55:07,408 [main] INFO  http.HttpServer2 (HttpServer2.java:bindListener(1191)) - Jetty bound to port 36034
2019-09-16 16:55:07,408 [main] INFO  server.Server (Server.java:doStart(351)) - jetty-9.3.24.v20180605, build timestamp: 2018-06-05T17:11:56Z, git hash: 84205aa28f11a4f31f2a3b86d1bba2cc8ab69827
2019-09-16 16:55:07,409 [main] INFO  handler.ContextHandler (ContextHandler.java:doStart(781)) - Started o.e.j.s.ServletContextHandler@1a22e0ef{/logs,file:///workdir/hadoop-ozone/integration-test/target/log,AVAILABLE}
2019-09-16 16:55:07,410 [main] INFO  handler.ContextHandler (ContextHandler.java:doStart(781)) - Started o.e.j.s.ServletContextHandler@3b920bdc{/static,jar:file:/home/user/.m2/repository/org/apache/hadoop/hadoop-hdds-container-service/0.5.0-SNAPSHOT/hadoop-hdds-container-service-0.5.0-SNAPSHOT.jar!/webapps/static,AVAILABLE}
2019-09-16 16:55:07,439 [main] INFO  handler.ContextHandler (ContextHandler.java:doStart(781)) - Started o.e.j.w.WebAppContext@6e4c0d8c{/,file:///tmp/jetty-0.0.0.0-36034-hddsDatanode-_-any-8083010477008343024.dir/webapp/,AVAILABLE}{/hddsDatanode}
2019-09-16 16:55:07,440 [main] INFO  server.AbstractConnector (AbstractConnector.java:doStart(278)) - Started ServerConnector@3e3315d9{HTTP/1.1,[http/1.1]}{0.0.0.0:36034}
2019-09-16 16:55:07,442 [main] INFO  server.Server (Server.java:doStart(419)) - Started @5941ms
2019-09-16 16:55:07,442 [main] WARN  impl.MetricsSystemImpl (MetricsSystemImpl.java:register(276)) - Sink prometheus already exists!
2019-09-16 16:55:07,443 [main] INFO  server.BaseHttpServer (BaseHttpServer.java:updateConnectorAddress(215)) - HTTP server of HDDSDATANODE is listening at http://0.0.0.0:36034
2019-09-16 16:55:07,443 [main] INFO  impl.MetricsSystemImpl (MetricsSystemImpl.java:init(158)) - HddsDatanode metrics system started (again)
2019-09-16 16:55:07,447 [org.apache.hadoop.util.JvmPauseMonitor$Monitor@7d826604] INFO  util.JvmPauseMonitor (JvmPauseMonitor.java:run(188)) - Starting JVM pause monitor
2019-09-16 16:55:07,447 [main] INFO  ozone.HddsDatanodeService (HddsDatanodeService.java:start(184)) - HddsDatanodeService host:pr-hdds-1879-plksr-2441821890 ip:192.168.34.37
2019-09-16 16:55:07,451 [Datanode State Machine Thread - 0] INFO  datanode.InitDatanodeState (InitDatanodeState.java:persistContainerDatanodeDetails(140)) - DatanodeDetails is persisted to /workdir/hadoop-ozone/integration-test/target/test-dir/MiniOzoneClusterImpl-df60ebb5-d9ce-4d7d-8dc8-039b243d66da/datanode-6/meta/datanode.id
2019-09-16 16:55:07,463 [main] INFO  volume.HddsVolume (HddsVolume.java:<init>(176)) - Creating Volume: /workdir/hadoop-ozone/integration-test/target/test-dir/MiniOzoneClusterImpl-df60ebb5-d9ce-4d7d-8dc8-039b243d66da/datanode-7/data/containers/hdds of  storage type : DISK and capacity : 1482555576320
2019-09-16 16:55:07,464 [main] INFO  volume.VolumeSet (VolumeSet.java:initializeVolumeSet(170)) - Added Volume : /workdir/hadoop-ozone/integration-test/target/test-dir/MiniOzoneClusterImpl-df60ebb5-d9ce-4d7d-8dc8-039b243d66da/datanode-7/data/containers/hdds to VolumeSet
2019-09-16 16:55:07,465 [main] INFO  volume.ThrottledAsyncChecker (ThrottledAsyncChecker.java:schedule(139)) - Scheduling a check for org.apache.hadoop.ozone.container.common.volume.HddsVolume@43f1bb92
2019-09-16 16:55:07,466 [main] INFO  volume.HddsVolumeChecker (HddsVolumeChecker.java:checkAllVolumes(202)) - Scheduled health check for volume org.apache.hadoop.ozone.container.common.volume.HddsVolume@43f1bb92
2019-09-16 16:55:07,488 [main] INFO  impl.RaftServerProxy (ConfUtils.java:logGet(43)) - raft.rpc.type = GRPC (default)
2019-09-16 16:55:07,488 [main] INFO  grpc.GrpcFactory (GrpcFactory.java:checkPooledByteBufAllocatorUseCacheForAllThreads(45)) - PERFORMANCE WARNING: useCacheForAllThreads is true that may cause Netty to create a lot garbage objects and, as a result, trigger GC.
	It is recommended to disable useCacheForAllThreads by setting -Dorg.apache.ratis.thirdparty.io.netty.allocator.useCacheForAllThreads=false in command line.
2019-09-16 16:55:07,489 [main] INFO  grpc.GrpcConfigKeys$Server (ConfUtils.java:logGet(43)) - raft.grpc.server.port = 0 (default)
2019-09-16 16:55:07,489 [main] INFO  server.GrpcService (ConfUtils.java:logGet(43)) - raft.grpc.message.size.max = 33570816 (custom)
2019-09-16 16:55:07,489 [main] INFO  server.RaftServerConfigKeys (ConfUtils.java:logGet(43)) - raft.server.log.appender.buffer.byte-limit = 33554432 (custom)
2019-09-16 16:55:07,490 [main] INFO  server.GrpcService (ConfUtils.java:logGet(43)) - raft.grpc.flow.control.window = 1MB (=1048576) (default)
2019-09-16 16:55:07,490 [main] INFO  server.RaftServerConfigKeys (ConfUtils.java:logGet(43)) - raft.server.rpc.request.timeout = 3000ms (default)
2019-09-16 16:55:07,491 [main] INFO  server.RaftServerConfigKeys (ConfUtils.java:logGet(43)) - raft.server.storage.dir = [/workdir/hadoop-ozone/integration-test/target/test-dir/MiniOzoneClusterImpl-df60ebb5-d9ce-4d7d-8dc8-039b243d66da/datanode-7/data/ratis] (custom)
2019-09-16 16:55:07,493 [main] INFO  hdfs.DFSUtil (DFSUtil.java:httpServerTemplateForNNAndJN(1641)) - Starting Web-server for hddsDatanode at: http://0.0.0.0:0
2019-09-16 16:55:07,494 [main] INFO  server.AuthenticationFilter (AuthenticationFilter.java:constructSecretProvider(240)) - Unable to initialize FileSignerSecretProvider, falling back to use random secrets.
2019-09-16 16:55:07,495 [main] WARN  http.HttpRequestLog (HttpRequestLog.java:getRequestLog(97)) - Jetty request log can only be enabled using Log4j
2019-09-16 16:55:07,496 [main] INFO  http.HttpServer2 (HttpServer2.java:addGlobalFilter(975)) - Added global filter 'safety' (class=org.apache.hadoop.http.HttpServer2$QuotingInputFilter)
2019-09-16 16:55:07,497 [main] INFO  http.HttpServer2 (HttpServer2.java:addFilter(948)) - Added filter static_user_filter (class=org.apache.hadoop.http.lib.StaticUserWebFilter$StaticUserFilter) to context hddsDatanode
2019-09-16 16:55:07,497 [main] INFO  http.HttpServer2 (HttpServer2.java:addFilter(958)) - Added filter static_user_filter (class=org.apache.hadoop.http.lib.StaticUserWebFilter$StaticUserFilter) to context logs
2019-09-16 16:55:07,497 [main] INFO  http.HttpServer2 (HttpServer2.java:addFilter(958)) - Added filter static_user_filter (class=org.apache.hadoop.http.lib.StaticUserWebFilter$StaticUserFilter) to context static
2019-09-16 16:55:07,498 [main] INFO  http.HttpServer2 (HttpServer2.java:bindListener(1191)) - Jetty bound to port 32959
2019-09-16 16:55:07,498 [main] INFO  server.Server (Server.java:doStart(351)) - jetty-9.3.24.v20180605, build timestamp: 2018-06-05T17:11:56Z, git hash: 84205aa28f11a4f31f2a3b86d1bba2cc8ab69827
2019-09-16 16:55:07,500 [main] INFO  handler.ContextHandler (ContextHandler.java:doStart(781)) - Started o.e.j.s.ServletContextHandler@b9a77c8{/logs,file:///workdir/hadoop-ozone/integration-test/target/log,AVAILABLE}
2019-09-16 16:55:07,501 [main] INFO  handler.ContextHandler (ContextHandler.java:doStart(781)) - Started o.e.j.s.ServletContextHandler@6cd3ad8a{/static,jar:file:/home/user/.m2/repository/org/apache/hadoop/hadoop-hdds-container-service/0.5.0-SNAPSHOT/hadoop-hdds-container-service-0.5.0-SNAPSHOT.jar!/webapps/static,AVAILABLE}
2019-09-16 16:55:07,537 [main] INFO  handler.ContextHandler (ContextHandler.java:doStart(781)) - Started o.e.j.w.WebAppContext@663bb8ef{/,file:///tmp/jetty-0.0.0.0-32959-hddsDatanode-_-any-8693141613757610444.dir/webapp/,AVAILABLE}{/hddsDatanode}
2019-09-16 16:55:07,539 [main] INFO  server.AbstractConnector (AbstractConnector.java:doStart(278)) - Started ServerConnector@2f4e40d7{HTTP/1.1,[http/1.1]}{0.0.0.0:32959}
2019-09-16 16:55:07,539 [main] INFO  server.Server (Server.java:doStart(419)) - Started @6038ms
2019-09-16 16:55:07,539 [main] WARN  impl.MetricsSystemImpl (MetricsSystemImpl.java:register(276)) - Sink prometheus already exists!
2019-09-16 16:55:07,540 [main] INFO  server.BaseHttpServer (BaseHttpServer.java:updateConnectorAddress(215)) - HTTP server of HDDSDATANODE is listening at http://0.0.0.0:32959
2019-09-16 16:55:07,541 [main] INFO  impl.MetricsSystemImpl (MetricsSystemImpl.java:init(158)) - HddsDatanode metrics system started (again)
2019-09-16 16:55:07,544 [org.apache.hadoop.util.JvmPauseMonitor$Monitor@587181e7] INFO  util.JvmPauseMonitor (JvmPauseMonitor.java:run(188)) - Starting JVM pause monitor
2019-09-16 16:55:07,546 [main] INFO  ozone.HddsDatanodeService (HddsDatanodeService.java:start(184)) - HddsDatanodeService host:pr-hdds-1879-plksr-2441821890 ip:192.168.34.37
2019-09-16 16:55:07,547 [Datanode State Machine Thread - 0] INFO  datanode.InitDatanodeState (InitDatanodeState.java:persistContainerDatanodeDetails(140)) - DatanodeDetails is persisted to /workdir/hadoop-ozone/integration-test/target/test-dir/MiniOzoneClusterImpl-df60ebb5-d9ce-4d7d-8dc8-039b243d66da/datanode-7/meta/datanode.id
2019-09-16 16:55:07,554 [main] INFO  volume.HddsVolume (HddsVolume.java:<init>(176)) - Creating Volume: /workdir/hadoop-ozone/integration-test/target/test-dir/MiniOzoneClusterImpl-df60ebb5-d9ce-4d7d-8dc8-039b243d66da/datanode-8/data/containers/hdds of  storage type : DISK and capacity : 1482555576320
2019-09-16 16:55:07,555 [main] INFO  volume.VolumeSet (VolumeSet.java:initializeVolumeSet(170)) - Added Volume : /workdir/hadoop-ozone/integration-test/target/test-dir/MiniOzoneClusterImpl-df60ebb5-d9ce-4d7d-8dc8-039b243d66da/datanode-8/data/containers/hdds to VolumeSet
2019-09-16 16:55:07,555 [main] INFO  volume.ThrottledAsyncChecker (ThrottledAsyncChecker.java:schedule(139)) - Scheduling a check for org.apache.hadoop.ozone.container.common.volume.HddsVolume@44b29496
2019-09-16 16:55:07,555 [main] INFO  volume.HddsVolumeChecker (HddsVolumeChecker.java:checkAllVolumes(202)) - Scheduled health check for volume org.apache.hadoop.ozone.container.common.volume.HddsVolume@44b29496
2019-09-16 16:55:07,568 [main] INFO  impl.RaftServerProxy (ConfUtils.java:logGet(43)) - raft.rpc.type = GRPC (default)
2019-09-16 16:55:07,568 [main] INFO  grpc.GrpcFactory (GrpcFactory.java:checkPooledByteBufAllocatorUseCacheForAllThreads(45)) - PERFORMANCE WARNING: useCacheForAllThreads is true that may cause Netty to create a lot garbage objects and, as a result, trigger GC.
	It is recommended to disable useCacheForAllThreads by setting -Dorg.apache.ratis.thirdparty.io.netty.allocator.useCacheForAllThreads=false in command line.
2019-09-16 16:55:07,568 [main] INFO  grpc.GrpcConfigKeys$Server (ConfUtils.java:logGet(43)) - raft.grpc.server.port = 0 (default)
2019-09-16 16:55:07,568 [main] INFO  server.GrpcService (ConfUtils.java:logGet(43)) - raft.grpc.message.size.max = 33570816 (custom)
2019-09-16 16:55:07,569 [main] INFO  server.RaftServerConfigKeys (ConfUtils.java:logGet(43)) - raft.server.log.appender.buffer.byte-limit = 33554432 (custom)
2019-09-16 16:55:07,569 [main] INFO  server.GrpcService (ConfUtils.java:logGet(43)) - raft.grpc.flow.control.window = 1MB (=1048576) (default)
2019-09-16 16:55:07,569 [main] INFO  server.RaftServerConfigKeys (ConfUtils.java:logGet(43)) - raft.server.rpc.request.timeout = 3000ms (default)
2019-09-16 16:55:07,570 [main] INFO  server.RaftServerConfigKeys (ConfUtils.java:logGet(43)) - raft.server.storage.dir = [/workdir/hadoop-ozone/integration-test/target/test-dir/MiniOzoneClusterImpl-df60ebb5-d9ce-4d7d-8dc8-039b243d66da/datanode-8/data/ratis] (custom)
2019-09-16 16:55:07,571 [main] INFO  hdfs.DFSUtil (DFSUtil.java:httpServerTemplateForNNAndJN(1641)) - Starting Web-server for hddsDatanode at: http://0.0.0.0:0
2019-09-16 16:55:07,573 [main] INFO  server.AuthenticationFilter (AuthenticationFilter.java:constructSecretProvider(240)) - Unable to initialize FileSignerSecretProvider, falling back to use random secrets.
2019-09-16 16:55:07,573 [main] WARN  http.HttpRequestLog (HttpRequestLog.java:getRequestLog(97)) - Jetty request log can only be enabled using Log4j
2019-09-16 16:55:07,575 [main] INFO  http.HttpServer2 (HttpServer2.java:addGlobalFilter(975)) - Added global filter 'safety' (class=org.apache.hadoop.http.HttpServer2$QuotingInputFilter)
2019-09-16 16:55:07,575 [main] INFO  http.HttpServer2 (HttpServer2.java:addFilter(948)) - Added filter static_user_filter (class=org.apache.hadoop.http.lib.StaticUserWebFilter$StaticUserFilter) to context hddsDatanode
2019-09-16 16:55:07,576 [main] INFO  http.HttpServer2 (HttpServer2.java:addFilter(958)) - Added filter static_user_filter (class=org.apache.hadoop.http.lib.StaticUserWebFilter$StaticUserFilter) to context static
2019-09-16 16:55:07,576 [main] INFO  http.HttpServer2 (HttpServer2.java:addFilter(958)) - Added filter static_user_filter (class=org.apache.hadoop.http.lib.StaticUserWebFilter$StaticUserFilter) to context logs
2019-09-16 16:55:07,576 [main] INFO  http.HttpServer2 (HttpServer2.java:bindListener(1191)) - Jetty bound to port 44436
2019-09-16 16:55:07,577 [main] INFO  server.Server (Server.java:doStart(351)) - jetty-9.3.24.v20180605, build timestamp: 2018-06-05T17:11:56Z, git hash: 84205aa28f11a4f31f2a3b86d1bba2cc8ab69827
2019-09-16 16:55:07,578 [main] INFO  handler.ContextHandler (ContextHandler.java:doStart(781)) - Started o.e.j.s.ServletContextHandler@176f7f3b{/logs,file:///workdir/hadoop-ozone/integration-test/target/log,AVAILABLE}
2019-09-16 16:55:07,579 [main] INFO  handler.ContextHandler (ContextHandler.java:doStart(781)) - Started o.e.j.s.ServletContextHandler@58740366{/static,jar:file:/home/user/.m2/repository/org/apache/hadoop/hadoop-hdds-container-service/0.5.0-SNAPSHOT/hadoop-hdds-container-service-0.5.0-SNAPSHOT.jar!/webapps/static,AVAILABLE}
2019-09-16 16:55:07,607 [main] INFO  handler.ContextHandler (ContextHandler.java:doStart(781)) - Started o.e.j.w.WebAppContext@4b0f2299{/,file:///tmp/jetty-0.0.0.0-44436-hddsDatanode-_-any-4874667503148778706.dir/webapp/,AVAILABLE}{/hddsDatanode}
2019-09-16 16:55:07,607 [main] INFO  server.AbstractConnector (AbstractConnector.java:doStart(278)) - Started ServerConnector@33063f5b{HTTP/1.1,[http/1.1]}{0.0.0.0:44436}
2019-09-16 16:55:07,609 [main] INFO  server.Server (Server.java:doStart(419)) - Started @6108ms
2019-09-16 16:55:07,609 [main] WARN  impl.MetricsSystemImpl (MetricsSystemImpl.java:register(276)) - Sink prometheus already exists!
2019-09-16 16:55:07,609 [main] INFO  server.BaseHttpServer (BaseHttpServer.java:updateConnectorAddress(215)) - HTTP server of HDDSDATANODE is listening at http://0.0.0.0:44436
2019-09-16 16:55:07,610 [main] INFO  impl.MetricsSystemImpl (MetricsSystemImpl.java:init(158)) - HddsDatanode metrics system started (again)
2019-09-16 16:55:07,614 [org.apache.hadoop.util.JvmPauseMonitor$Monitor@5559fea3] INFO  util.JvmPauseMonitor (JvmPauseMonitor.java:run(188)) - Starting JVM pause monitor
2019-09-16 16:55:07,614 [main] INFO  ozone.HddsDatanodeService (HddsDatanodeService.java:start(184)) - HddsDatanodeService host:pr-hdds-1879-plksr-2441821890 ip:192.168.34.37
2019-09-16 16:55:07,616 [Datanode State Machine Thread - 0] INFO  datanode.InitDatanodeState (InitDatanodeState.java:persistContainerDatanodeDetails(140)) - DatanodeDetails is persisted to /workdir/hadoop-ozone/integration-test/target/test-dir/MiniOzoneClusterImpl-df60ebb5-d9ce-4d7d-8dc8-039b243d66da/datanode-8/meta/datanode.id
2019-09-16 16:55:07,624 [main] INFO  volume.HddsVolume (HddsVolume.java:<init>(176)) - Creating Volume: /workdir/hadoop-ozone/integration-test/target/test-dir/MiniOzoneClusterImpl-df60ebb5-d9ce-4d7d-8dc8-039b243d66da/datanode-9/data/containers/hdds of  storage type : DISK and capacity : 1482555576320
2019-09-16 16:55:07,624 [main] INFO  volume.VolumeSet (VolumeSet.java:initializeVolumeSet(170)) - Added Volume : /workdir/hadoop-ozone/integration-test/target/test-dir/MiniOzoneClusterImpl-df60ebb5-d9ce-4d7d-8dc8-039b243d66da/datanode-9/data/containers/hdds to VolumeSet
2019-09-16 16:55:07,625 [main] INFO  volume.ThrottledAsyncChecker (ThrottledAsyncChecker.java:schedule(139)) - Scheduling a check for org.apache.hadoop.ozone.container.common.volume.HddsVolume@2975a9e
2019-09-16 16:55:07,625 [main] INFO  volume.HddsVolumeChecker (HddsVolumeChecker.java:checkAllVolumes(202)) - Scheduled health check for volume org.apache.hadoop.ozone.container.common.volume.HddsVolume@2975a9e
2019-09-16 16:55:07,639 [main] INFO  impl.RaftServerProxy (ConfUtils.java:logGet(43)) - raft.rpc.type = GRPC (default)
2019-09-16 16:55:07,639 [main] INFO  grpc.GrpcFactory (GrpcFactory.java:checkPooledByteBufAllocatorUseCacheForAllThreads(45)) - PERFORMANCE WARNING: useCacheForAllThreads is true that may cause Netty to create a lot garbage objects and, as a result, trigger GC.
	It is recommended to disable useCacheForAllThreads by setting -Dorg.apache.ratis.thirdparty.io.netty.allocator.useCacheForAllThreads=false in command line.
2019-09-16 16:55:07,639 [main] INFO  grpc.GrpcConfigKeys$Server (ConfUtils.java:logGet(43)) - raft.grpc.server.port = 0 (default)
2019-09-16 16:55:07,640 [main] INFO  server.GrpcService (ConfUtils.java:logGet(43)) - raft.grpc.message.size.max = 33570816 (custom)
2019-09-16 16:55:07,640 [main] INFO  server.RaftServerConfigKeys (ConfUtils.java:logGet(43)) - raft.server.log.appender.buffer.byte-limit = 33554432 (custom)
2019-09-16 16:55:07,640 [main] INFO  server.GrpcService (ConfUtils.java:logGet(43)) - raft.grpc.flow.control.window = 1MB (=1048576) (default)
2019-09-16 16:55:07,640 [main] INFO  server.RaftServerConfigKeys (ConfUtils.java:logGet(43)) - raft.server.rpc.request.timeout = 3000ms (default)
2019-09-16 16:55:07,641 [main] INFO  server.RaftServerConfigKeys (ConfUtils.java:logGet(43)) - raft.server.storage.dir = [/workdir/hadoop-ozone/integration-test/target/test-dir/MiniOzoneClusterImpl-df60ebb5-d9ce-4d7d-8dc8-039b243d66da/datanode-9/data/ratis] (custom)
2019-09-16 16:55:07,642 [main] INFO  hdfs.DFSUtil (DFSUtil.java:httpServerTemplateForNNAndJN(1641)) - Starting Web-server for hddsDatanode at: http://0.0.0.0:0
2019-09-16 16:55:07,644 [main] INFO  server.AuthenticationFilter (AuthenticationFilter.java:constructSecretProvider(240)) - Unable to initialize FileSignerSecretProvider, falling back to use random secrets.
2019-09-16 16:55:07,644 [main] WARN  http.HttpRequestLog (HttpRequestLog.java:getRequestLog(97)) - Jetty request log can only be enabled using Log4j
2019-09-16 16:55:07,645 [main] INFO  http.HttpServer2 (HttpServer2.java:addGlobalFilter(975)) - Added global filter 'safety' (class=org.apache.hadoop.http.HttpServer2$QuotingInputFilter)
2019-09-16 16:55:07,646 [main] INFO  http.HttpServer2 (HttpServer2.java:addFilter(948)) - Added filter static_user_filter (class=org.apache.hadoop.http.lib.StaticUserWebFilter$StaticUserFilter) to context hddsDatanode
2019-09-16 16:55:07,646 [main] INFO  http.HttpServer2 (HttpServer2.java:addFilter(958)) - Added filter static_user_filter (class=org.apache.hadoop.http.lib.StaticUserWebFilter$StaticUserFilter) to context static
2019-09-16 16:55:07,646 [main] INFO  http.HttpServer2 (HttpServer2.java:addFilter(958)) - Added filter static_user_filter (class=org.apache.hadoop.http.lib.StaticUserWebFilter$StaticUserFilter) to context logs
2019-09-16 16:55:07,647 [main] INFO  http.HttpServer2 (HttpServer2.java:bindListener(1191)) - Jetty bound to port 45485
2019-09-16 16:55:07,647 [main] INFO  server.Server (Server.java:doStart(351)) - jetty-9.3.24.v20180605, build timestamp: 2018-06-05T17:11:56Z, git hash: 84205aa28f11a4f31f2a3b86d1bba2cc8ab69827
2019-09-16 16:55:07,649 [main] INFO  handler.ContextHandler (ContextHandler.java:doStart(781)) - Started o.e.j.s.ServletContextHandler@7b676112{/logs,file:///workdir/hadoop-ozone/integration-test/target/log,AVAILABLE}
2019-09-16 16:55:07,649 [main] INFO  handler.ContextHandler (ContextHandler.java:doStart(781)) - Started o.e.j.s.ServletContextHandler@4e49ce2b{/static,jar:file:/home/user/.m2/repository/org/apache/hadoop/hadoop-hdds-container-service/0.5.0-SNAPSHOT/hadoop-hdds-container-service-0.5.0-SNAPSHOT.jar!/webapps/static,AVAILABLE}
2019-09-16 16:55:07,676 [main] INFO  handler.ContextHandler (ContextHandler.java:doStart(781)) - Started o.e.j.w.WebAppContext@3c87fdf2{/,file:///tmp/jetty-0.0.0.0-45485-hddsDatanode-_-any-7047122685951237446.dir/webapp/,AVAILABLE}{/hddsDatanode}
2019-09-16 16:55:07,677 [main] INFO  server.AbstractConnector (AbstractConnector.java:doStart(278)) - Started ServerConnector@26bbe604{HTTP/1.1,[http/1.1]}{0.0.0.0:45485}
2019-09-16 16:55:07,678 [main] INFO  server.Server (Server.java:doStart(419)) - Started @6177ms
2019-09-16 16:55:07,678 [main] WARN  impl.MetricsSystemImpl (MetricsSystemImpl.java:register(276)) - Sink prometheus already exists!
2019-09-16 16:55:07,679 [main] INFO  server.BaseHttpServer (BaseHttpServer.java:updateConnectorAddress(215)) - HTTP server of HDDSDATANODE is listening at http://0.0.0.0:45485
2019-09-16 16:55:07,682 [main] INFO  ozone.MiniOzoneClusterImpl (MiniOzoneClusterImpl.java:lambda$waitForClusterToBeReady$0(140)) - Waiting for cluster to be ready. Got 0 of 10 DN Heartbeats.
2019-09-16 16:55:07,683 [org.apache.hadoop.util.JvmPauseMonitor$Monitor@6301cfa1] INFO  util.JvmPauseMonitor (JvmPauseMonitor.java:run(188)) - Starting JVM pause monitor
2019-09-16 16:55:07,686 [Datanode State Machine Thread - 0] INFO  datanode.InitDatanodeState (InitDatanodeState.java:persistContainerDatanodeDetails(140)) - DatanodeDetails is persisted to /workdir/hadoop-ozone/integration-test/target/test-dir/MiniOzoneClusterImpl-df60ebb5-d9ce-4d7d-8dc8-039b243d66da/datanode-9/meta/datanode.id
2019-09-16 16:55:08,683 [main] INFO  ozone.MiniOzoneClusterImpl (MiniOzoneClusterImpl.java:lambda$waitForClusterToBeReady$0(140)) - Waiting for cluster to be ready. Got 0 of 10 DN Heartbeats.
2019-09-16 16:55:09,023 [Datanode State Machine Thread - 0] INFO  ozoneimpl.OzoneContainer (OzoneContainer.java:start(217)) - Attempting to start container services.
2019-09-16 16:55:09,025 [Datanode State Machine Thread - 0] INFO  ozoneimpl.OzoneContainer (OzoneContainer.java:startContainerScrub(179)) - Background container scanner has been disabled.
2019-09-16 16:55:09,025 [Datanode State Machine Thread - 0] INFO  ratis.XceiverServerRatis (XceiverServerRatis.java:start(404)) - Starting XceiverServerRatis 82d73395-84ed-4f5d-a3d4-b8dc3778e9c8 at port 0
2019-09-16 16:55:09,046 [Datanode State Machine Thread - 0] INFO  impl.RaftServerProxy (RaftServerProxy.java:lambda$start$3(299)) - 82d73395-84ed-4f5d-a3d4-b8dc3778e9c8: start RPC server
2019-09-16 16:55:09,050 [Datanode State Machine Thread - 0] INFO  ozoneimpl.OzoneContainer (OzoneContainer.java:start(217)) - Attempting to start container services.
2019-09-16 16:55:09,055 [Datanode State Machine Thread - 0] INFO  ozoneimpl.OzoneContainer (OzoneContainer.java:startContainerScrub(179)) - Background container scanner has been disabled.
2019-09-16 16:55:09,055 [Datanode State Machine Thread - 0] INFO  ratis.XceiverServerRatis (XceiverServerRatis.java:start(404)) - Starting XceiverServerRatis b2efd7c1-6f6c-4a36-a627-0903cf886de6 at port 0
2019-09-16 16:55:09,062 [Datanode State Machine Thread - 0] INFO  impl.RaftServerProxy (RaftServerProxy.java:lambda$start$3(299)) - b2efd7c1-6f6c-4a36-a627-0903cf886de6: start RPC server
2019-09-16 16:55:09,155 [Datanode State Machine Thread - 0] INFO  ozoneimpl.OzoneContainer (OzoneContainer.java:start(217)) - Attempting to start container services.
2019-09-16 16:55:09,155 [Datanode State Machine Thread - 0] INFO  ozoneimpl.OzoneContainer (OzoneContainer.java:startContainerScrub(179)) - Background container scanner has been disabled.
2019-09-16 16:55:09,155 [Datanode State Machine Thread - 0] INFO  ratis.XceiverServerRatis (XceiverServerRatis.java:start(404)) - Starting XceiverServerRatis 3debf489-fb8f-44d7-9f14-87ea2202f1a2 at port 0
2019-09-16 16:55:09,165 [Datanode State Machine Thread - 0] INFO  impl.RaftServerProxy (RaftServerProxy.java:lambda$start$3(299)) - 3debf489-fb8f-44d7-9f14-87ea2202f1a2: start RPC server
2019-09-16 16:55:09,205 [Datanode State Machine Thread - 0] INFO  server.GrpcService (GrpcService.java:startImpl(158)) - 82d73395-84ed-4f5d-a3d4-b8dc3778e9c8: GrpcService started, listening on 0.0.0.0/0.0.0.0:45600
2019-09-16 16:55:09,205 [Datanode State Machine Thread - 0] INFO  server.GrpcService (GrpcService.java:startImpl(158)) - b2efd7c1-6f6c-4a36-a627-0903cf886de6: GrpcService started, listening on 0.0.0.0/0.0.0.0:35760
2019-09-16 16:55:09,206 [Datanode State Machine Thread - 0] INFO  ratis.XceiverServerRatis (XceiverServerRatis.java:start(414)) - XceiverServerRatis b2efd7c1-6f6c-4a36-a627-0903cf886de6 is started using port 35760
2019-09-16 16:55:09,205 [Datanode State Machine Thread - 0] INFO  server.GrpcService (GrpcService.java:startImpl(158)) - 3debf489-fb8f-44d7-9f14-87ea2202f1a2: GrpcService started, listening on 0.0.0.0/0.0.0.0:46057
2019-09-16 16:55:09,206 [Datanode State Machine Thread - 0] INFO  ratis.XceiverServerRatis (XceiverServerRatis.java:start(414)) - XceiverServerRatis 82d73395-84ed-4f5d-a3d4-b8dc3778e9c8 is started using port 45600
2019-09-16 16:55:09,207 [Datanode State Machine Thread - 0] INFO  ratis.XceiverServerRatis (XceiverServerRatis.java:start(414)) - XceiverServerRatis 3debf489-fb8f-44d7-9f14-87ea2202f1a2 is started using port 46057
2019-09-16 16:55:09,215 [Datanode State Machine Thread - 0] INFO  server.XceiverServerGrpc (XceiverServerGrpc.java:start(163)) - XceiverServerGrpc b2efd7c1-6f6c-4a36-a627-0903cf886de6 is started using port 43238
2019-09-16 16:55:09,215 [Datanode State Machine Thread - 0] INFO  server.XceiverServerGrpc (XceiverServerGrpc.java:start(163)) - XceiverServerGrpc 82d73395-84ed-4f5d-a3d4-b8dc3778e9c8 is started using port 45528
2019-09-16 16:55:09,216 [Datanode State Machine Thread - 0] INFO  server.XceiverServerGrpc (XceiverServerGrpc.java:start(163)) - XceiverServerGrpc 3debf489-fb8f-44d7-9f14-87ea2202f1a2 is started using port 36244
2019-09-16 16:55:09,243 [Datanode State Machine Thread - 0] INFO  ozoneimpl.OzoneContainer (OzoneContainer.java:start(217)) - Attempting to start container services.
2019-09-16 16:55:09,243 [Datanode State Machine Thread - 0] INFO  ozoneimpl.OzoneContainer (OzoneContainer.java:startContainerScrub(179)) - Background container scanner has been disabled.
2019-09-16 16:55:09,243 [Datanode State Machine Thread - 0] INFO  ratis.XceiverServerRatis (XceiverServerRatis.java:start(404)) - Starting XceiverServerRatis cc439034-f900-459f-93f0-405510d1632e at port 0
2019-09-16 16:55:09,250 [Datanode State Machine Thread - 0] INFO  impl.RaftServerProxy (RaftServerProxy.java:lambda$start$3(299)) - cc439034-f900-459f-93f0-405510d1632e: start RPC server
2019-09-16 16:55:09,254 [Datanode State Machine Thread - 0] INFO  server.GrpcService (GrpcService.java:startImpl(158)) - cc439034-f900-459f-93f0-405510d1632e: GrpcService started, listening on 0.0.0.0/0.0.0.0:33217
2019-09-16 16:55:09,254 [Datanode State Machine Thread - 0] INFO  ratis.XceiverServerRatis (XceiverServerRatis.java:start(414)) - XceiverServerRatis cc439034-f900-459f-93f0-405510d1632e is started using port 33217
2019-09-16 16:55:09,258 [Datanode State Machine Thread - 0] INFO  server.XceiverServerGrpc (XceiverServerGrpc.java:start(163)) - XceiverServerGrpc cc439034-f900-459f-93f0-405510d1632e is started using port 34092
2019-09-16 16:55:09,322 [Datanode State Machine Thread - 0] INFO  ozoneimpl.OzoneContainer (OzoneContainer.java:start(217)) - Attempting to start container services.
2019-09-16 16:55:09,322 [Datanode State Machine Thread - 0] INFO  ozoneimpl.OzoneContainer (OzoneContainer.java:startContainerScrub(179)) - Background container scanner has been disabled.
2019-09-16 16:55:09,322 [Datanode State Machine Thread - 0] INFO  ratis.XceiverServerRatis (XceiverServerRatis.java:start(404)) - Starting XceiverServerRatis 2e525942-e927-41dd-97b7-9b9ba8560315 at port 0
2019-09-16 16:55:09,329 [Datanode State Machine Thread - 0] INFO  impl.RaftServerProxy (RaftServerProxy.java:lambda$start$3(299)) - 2e525942-e927-41dd-97b7-9b9ba8560315: start RPC server
2019-09-16 16:55:09,333 [Datanode State Machine Thread - 0] INFO  server.GrpcService (GrpcService.java:startImpl(158)) - 2e525942-e927-41dd-97b7-9b9ba8560315: GrpcService started, listening on 0.0.0.0/0.0.0.0:33333
2019-09-16 16:55:09,333 [Datanode State Machine Thread - 0] INFO  ratis.XceiverServerRatis (XceiverServerRatis.java:start(414)) - XceiverServerRatis 2e525942-e927-41dd-97b7-9b9ba8560315 is started using port 33333
2019-09-16 16:55:09,336 [Datanode State Machine Thread - 0] INFO  server.XceiverServerGrpc (XceiverServerGrpc.java:start(163)) - XceiverServerGrpc 2e525942-e927-41dd-97b7-9b9ba8560315 is started using port 43235
2019-09-16 16:55:09,392 [Datanode State Machine Thread - 0] INFO  ozoneimpl.OzoneContainer (OzoneContainer.java:start(217)) - Attempting to start container services.
2019-09-16 16:55:09,392 [Datanode State Machine Thread - 0] INFO  ozoneimpl.OzoneContainer (OzoneContainer.java:startContainerScrub(179)) - Background container scanner has been disabled.
2019-09-16 16:55:09,393 [Datanode State Machine Thread - 0] INFO  ratis.XceiverServerRatis (XceiverServerRatis.java:start(404)) - Starting XceiverServerRatis 7977ac3b-0be3-4a37-9fef-39f7814db179 at port 0
2019-09-16 16:55:09,400 [Datanode State Machine Thread - 0] INFO  impl.RaftServerProxy (RaftServerProxy.java:lambda$start$3(299)) - 7977ac3b-0be3-4a37-9fef-39f7814db179: start RPC server
2019-09-16 16:55:09,404 [Datanode State Machine Thread - 0] INFO  server.GrpcService (GrpcService.java:startImpl(158)) - 7977ac3b-0be3-4a37-9fef-39f7814db179: GrpcService started, listening on 0.0.0.0/0.0.0.0:39944
2019-09-16 16:55:09,404 [Datanode State Machine Thread - 0] INFO  ratis.XceiverServerRatis (XceiverServerRatis.java:start(414)) - XceiverServerRatis 7977ac3b-0be3-4a37-9fef-39f7814db179 is started using port 39944
2019-09-16 16:55:09,407 [Datanode State Machine Thread - 0] INFO  server.XceiverServerGrpc (XceiverServerGrpc.java:start(163)) - XceiverServerGrpc 7977ac3b-0be3-4a37-9fef-39f7814db179 is started using port 35935
2019-09-16 16:55:09,466 [Datanode State Machine Thread - 0] INFO  ozoneimpl.OzoneContainer (OzoneContainer.java:start(217)) - Attempting to start container services.
2019-09-16 16:55:09,466 [Datanode State Machine Thread - 0] INFO  ozoneimpl.OzoneContainer (OzoneContainer.java:startContainerScrub(179)) - Background container scanner has been disabled.
2019-09-16 16:55:09,466 [Datanode State Machine Thread - 0] INFO  ratis.XceiverServerRatis (XceiverServerRatis.java:start(404)) - Starting XceiverServerRatis 315b4b00-5c1a-4cba-b27d-9eac94437c20 at port 0
2019-09-16 16:55:09,475 [Datanode State Machine Thread - 0] INFO  impl.RaftServerProxy (RaftServerProxy.java:lambda$start$3(299)) - 315b4b00-5c1a-4cba-b27d-9eac94437c20: start RPC server
2019-09-16 16:55:09,479 [Datanode State Machine Thread - 0] INFO  server.GrpcService (GrpcService.java:startImpl(158)) - 315b4b00-5c1a-4cba-b27d-9eac94437c20: GrpcService started, listening on 0.0.0.0/0.0.0.0:43197
2019-09-16 16:55:09,480 [Datanode State Machine Thread - 0] INFO  ratis.XceiverServerRatis (XceiverServerRatis.java:start(414)) - XceiverServerRatis 315b4b00-5c1a-4cba-b27d-9eac94437c20 is started using port 43197
2019-09-16 16:55:09,484 [Datanode State Machine Thread - 0] INFO  server.XceiverServerGrpc (XceiverServerGrpc.java:start(163)) - XceiverServerGrpc 315b4b00-5c1a-4cba-b27d-9eac94437c20 is started using port 45131
2019-09-16 16:55:09,561 [Datanode State Machine Thread - 0] INFO  ozoneimpl.OzoneContainer (OzoneContainer.java:start(217)) - Attempting to start container services.
2019-09-16 16:55:09,562 [Datanode State Machine Thread - 0] INFO  ozoneimpl.OzoneContainer (OzoneContainer.java:startContainerScrub(179)) - Background container scanner has been disabled.
2019-09-16 16:55:09,562 [Datanode State Machine Thread - 0] INFO  ratis.XceiverServerRatis (XceiverServerRatis.java:start(404)) - Starting XceiverServerRatis c232c0ff-9192-4b00-ad60-76b55f03f95e at port 0
2019-09-16 16:55:09,571 [Datanode State Machine Thread - 0] INFO  impl.RaftServerProxy (RaftServerProxy.java:lambda$start$3(299)) - c232c0ff-9192-4b00-ad60-76b55f03f95e: start RPC server
2019-09-16 16:55:09,576 [Datanode State Machine Thread - 0] INFO  server.GrpcService (GrpcService.java:startImpl(158)) - c232c0ff-9192-4b00-ad60-76b55f03f95e: GrpcService started, listening on 0.0.0.0/0.0.0.0:42873
2019-09-16 16:55:09,577 [Datanode State Machine Thread - 0] INFO  ratis.XceiverServerRatis (XceiverServerRatis.java:start(414)) - XceiverServerRatis c232c0ff-9192-4b00-ad60-76b55f03f95e is started using port 42873
2019-09-16 16:55:09,582 [Datanode State Machine Thread - 0] INFO  server.XceiverServerGrpc (XceiverServerGrpc.java:start(163)) - XceiverServerGrpc c232c0ff-9192-4b00-ad60-76b55f03f95e is started using port 33985
2019-09-16 16:55:09,631 [Datanode State Machine Thread - 0] INFO  ozoneimpl.OzoneContainer (OzoneContainer.java:start(217)) - Attempting to start container services.
2019-09-16 16:55:09,631 [Datanode State Machine Thread - 0] INFO  ozoneimpl.OzoneContainer (OzoneContainer.java:startContainerScrub(179)) - Background container scanner has been disabled.
2019-09-16 16:55:09,631 [Datanode State Machine Thread - 0] INFO  ratis.XceiverServerRatis (XceiverServerRatis.java:start(404)) - Starting XceiverServerRatis ff1392d6-f741-46e8-b06b-d99a585290d3 at port 0
2019-09-16 16:55:09,639 [Datanode State Machine Thread - 0] INFO  impl.RaftServerProxy (RaftServerProxy.java:lambda$start$3(299)) - ff1392d6-f741-46e8-b06b-d99a585290d3: start RPC server
2019-09-16 16:55:09,645 [Datanode State Machine Thread - 0] INFO  server.GrpcService (GrpcService.java:startImpl(158)) - ff1392d6-f741-46e8-b06b-d99a585290d3: GrpcService started, listening on 0.0.0.0/0.0.0.0:33009
2019-09-16 16:55:09,645 [Datanode State Machine Thread - 0] INFO  ratis.XceiverServerRatis (XceiverServerRatis.java:start(414)) - XceiverServerRatis ff1392d6-f741-46e8-b06b-d99a585290d3 is started using port 33009
2019-09-16 16:55:09,650 [Datanode State Machine Thread - 0] INFO  server.XceiverServerGrpc (XceiverServerGrpc.java:start(163)) - XceiverServerGrpc ff1392d6-f741-46e8-b06b-d99a585290d3 is started using port 42545
2019-09-16 16:55:09,685 [main] INFO  ozone.MiniOzoneClusterImpl (MiniOzoneClusterImpl.java:lambda$waitForClusterToBeReady$0(140)) - Waiting for cluster to be ready. Got 0 of 10 DN Heartbeats.
2019-09-16 16:55:09,699 [Datanode State Machine Thread - 0] INFO  ozoneimpl.OzoneContainer (OzoneContainer.java:start(217)) - Attempting to start container services.
2019-09-16 16:55:09,700 [Datanode State Machine Thread - 0] INFO  ozoneimpl.OzoneContainer (OzoneContainer.java:startContainerScrub(179)) - Background container scanner has been disabled.
2019-09-16 16:55:09,700 [Datanode State Machine Thread - 0] INFO  ratis.XceiverServerRatis (XceiverServerRatis.java:start(404)) - Starting XceiverServerRatis 84a51469-6089-434c-9409-be6ecd1b15ae at port 0
2019-09-16 16:55:09,711 [Datanode State Machine Thread - 0] INFO  impl.RaftServerProxy (RaftServerProxy.java:lambda$start$3(299)) - 84a51469-6089-434c-9409-be6ecd1b15ae: start RPC server
2019-09-16 16:55:09,726 [Datanode State Machine Thread - 0] INFO  server.GrpcService (GrpcService.java:startImpl(158)) - 84a51469-6089-434c-9409-be6ecd1b15ae: GrpcService started, listening on 0.0.0.0/0.0.0.0:37072
2019-09-16 16:55:09,727 [Datanode State Machine Thread - 0] INFO  ratis.XceiverServerRatis (XceiverServerRatis.java:start(414)) - XceiverServerRatis 84a51469-6089-434c-9409-be6ecd1b15ae is started using port 37072
2019-09-16 16:55:09,749 [Datanode State Machine Thread - 0] INFO  server.XceiverServerGrpc (XceiverServerGrpc.java:start(163)) - XceiverServerGrpc 84a51469-6089-434c-9409-be6ecd1b15ae is started using port 39988
2019-09-16 16:55:10,686 [main] INFO  ozone.MiniOzoneClusterImpl (MiniOzoneClusterImpl.java:lambda$waitForClusterToBeReady$0(140)) - Waiting for cluster to be ready. Got 0 of 10 DN Heartbeats.
2019-09-16 16:55:11,008 [IPC Server handler 11 on 35033] INFO  net.NetworkTopology (NetworkTopologyImpl.java:add(111)) - Added a new node: /default-rack/82d73395-84ed-4f5d-a3d4-b8dc3778e9c8
2019-09-16 16:55:11,008 [IPC Server handler 11 on 35033] INFO  node.SCMNodeManager (SCMNodeManager.java:register(266)) - Registered Data node : 82d73395-84ed-4f5d-a3d4-b8dc3778e9c8{ip: 192.168.34.37, host: pr-hdds-1879-plksr-2441821890, networkLocation: /default-rack, certSerialId: null}
2019-09-16 16:55:11,013 [EventQueue-NodeRegistrationContainerReportForDataNodeSafeModeRule] INFO  safemode.SCMSafeModeManager (DataNodeSafeModeRule.java:process(71)) - SCM in safe mode. 1 DataNodes registered, 1 required.
2019-09-16 16:55:11,014 [EventQueue-NodeRegistrationContainerReportForDataNodeSafeModeRule] INFO  safemode.SCMSafeModeManager (SCMSafeModeManager.java:validateSafeModeExitRules(177)) - ScmSafeModeManager, all rules are successfully validated
2019-09-16 16:55:11,014 [EventQueue-NodeRegistrationContainerReportForDataNodeSafeModeRule] INFO  safemode.SCMSafeModeManager (SCMSafeModeManager.java:exitSafeMode(193)) - SCM exiting safe mode.
2019-09-16 16:55:11,041 [IPC Server handler 10 on 35033] INFO  net.NetworkTopology (NetworkTopologyImpl.java:add(111)) - Added a new node: /default-rack/b2efd7c1-6f6c-4a36-a627-0903cf886de6
2019-09-16 16:55:11,042 [IPC Server handler 10 on 35033] INFO  node.SCMNodeManager (SCMNodeManager.java:register(266)) - Registered Data node : b2efd7c1-6f6c-4a36-a627-0903cf886de6{ip: 192.168.34.37, host: pr-hdds-1879-plksr-2441821890, networkLocation: /default-rack, certSerialId: null}
2019-09-16 16:55:11,141 [IPC Server handler 9 on 35033] INFO  net.NetworkTopology (NetworkTopologyImpl.java:add(111)) - Added a new node: /default-rack/3debf489-fb8f-44d7-9f14-87ea2202f1a2
2019-09-16 16:55:11,141 [IPC Server handler 9 on 35033] INFO  node.SCMNodeManager (SCMNodeManager.java:register(266)) - Registered Data node : 3debf489-fb8f-44d7-9f14-87ea2202f1a2{ip: 192.168.34.37, host: pr-hdds-1879-plksr-2441821890, networkLocation: /default-rack, certSerialId: null}
2019-09-16 16:55:11,224 [IPC Server handler 8 on 35033] INFO  net.NetworkTopology (NetworkTopologyImpl.java:add(111)) - Added a new node: /default-rack/cc439034-f900-459f-93f0-405510d1632e
2019-09-16 16:55:11,225 [IPC Server handler 8 on 35033] INFO  node.SCMNodeManager (SCMNodeManager.java:register(266)) - Registered Data node : cc439034-f900-459f-93f0-405510d1632e{ip: 192.168.34.37, host: pr-hdds-1879-plksr-2441821890, networkLocation: /default-rack, certSerialId: null}
2019-09-16 16:55:11,310 [IPC Server handler 7 on 35033] INFO  net.NetworkTopology (NetworkTopologyImpl.java:add(111)) - Added a new node: /default-rack/2e525942-e927-41dd-97b7-9b9ba8560315
2019-09-16 16:55:11,310 [IPC Server handler 7 on 35033] INFO  node.SCMNodeManager (SCMNodeManager.java:register(266)) - Registered Data node : 2e525942-e927-41dd-97b7-9b9ba8560315{ip: 192.168.34.37, host: pr-hdds-1879-plksr-2441821890, networkLocation: /default-rack, certSerialId: null}
2019-09-16 16:55:11,382 [IPC Server handler 0 on 35033] INFO  net.NetworkTopology (NetworkTopologyImpl.java:add(111)) - Added a new node: /default-rack/7977ac3b-0be3-4a37-9fef-39f7814db179
2019-09-16 16:55:11,382 [IPC Server handler 0 on 35033] INFO  node.SCMNodeManager (SCMNodeManager.java:register(266)) - Registered Data node : 7977ac3b-0be3-4a37-9fef-39f7814db179{ip: 192.168.34.37, host: pr-hdds-1879-plksr-2441821890, networkLocation: /default-rack, certSerialId: null}
2019-09-16 16:55:11,457 [IPC Server handler 2 on 35033] INFO  net.NetworkTopology (NetworkTopologyImpl.java:add(111)) - Added a new node: /default-rack/315b4b00-5c1a-4cba-b27d-9eac94437c20
2019-09-16 16:55:11,457 [IPC Server handler 2 on 35033] INFO  node.SCMNodeManager (SCMNodeManager.java:register(266)) - Registered Data node : 315b4b00-5c1a-4cba-b27d-9eac94437c20{ip: 192.168.34.37, host: pr-hdds-1879-plksr-2441821890, networkLocation: /default-rack, certSerialId: null}
2019-09-16 16:55:11,550 [IPC Server handler 3 on 35033] INFO  net.NetworkTopology (NetworkTopologyImpl.java:add(111)) - Added a new node: /default-rack/c232c0ff-9192-4b00-ad60-76b55f03f95e
2019-09-16 16:55:11,550 [IPC Server handler 3 on 35033] INFO  node.SCMNodeManager (SCMNodeManager.java:register(266)) - Registered Data node : c232c0ff-9192-4b00-ad60-76b55f03f95e{ip: 192.168.34.37, host: pr-hdds-1879-plksr-2441821890, networkLocation: /default-rack, certSerialId: null}
2019-09-16 16:55:11,619 [IPC Server handler 4 on 35033] INFO  net.NetworkTopology (NetworkTopologyImpl.java:add(111)) - Added a new node: /default-rack/ff1392d6-f741-46e8-b06b-d99a585290d3
2019-09-16 16:55:11,619 [IPC Server handler 4 on 35033] INFO  node.SCMNodeManager (SCMNodeManager.java:register(266)) - Registered Data node : ff1392d6-f741-46e8-b06b-d99a585290d3{ip: 192.168.34.37, host: pr-hdds-1879-plksr-2441821890, networkLocation: /default-rack, certSerialId: null}
2019-09-16 16:55:11,637 [grpc-default-executor-0] INFO  impl.RaftServerProxy (RaftServerProxy.java:addNew(89)) - 82d73395-84ed-4f5d-a3d4-b8dc3778e9c8: addNew group-55B4C9D8213F:[82d73395-84ed-4f5d-a3d4-b8dc3778e9c8:192.168.34.37:45600] returns group-55B4C9D8213F:java.util.concurrent.CompletableFuture@67deb827[Not completed]
2019-09-16 16:55:11,671 [pool-27-thread-1] INFO  impl.RaftServerImpl (RaftServerImpl.java:<init>(95)) - 82d73395-84ed-4f5d-a3d4-b8dc3778e9c8: new RaftServerImpl for group-55B4C9D8213F:[82d73395-84ed-4f5d-a3d4-b8dc3778e9c8:192.168.34.37:45600] with ContainerStateMachine:uninitialized
2019-09-16 16:55:11,673 [pool-27-thread-1] INFO  server.RaftServerConfigKeys (ConfUtils.java:logGet(43)) - raft.server.rpc.timeout.min = 1s (custom)
2019-09-16 16:55:11,675 [pool-27-thread-1] INFO  server.RaftServerConfigKeys (ConfUtils.java:logGet(43)) - raft.server.rpc.timeout.max = 1200ms (custom)
2019-09-16 16:55:11,676 [pool-27-thread-1] INFO  server.RaftServerConfigKeys (ConfUtils.java:logGet(43)) - raft.server.rpcslowness.timeout = 120s (custom)
2019-09-16 16:55:11,676 [pool-27-thread-1] INFO  server.RaftServerConfigKeys (ConfUtils.java:logGet(43)) - raft.server.sleep.deviation.threshold = 300 (default)
2019-09-16 16:55:11,677 [pool-27-thread-1] INFO  server.RaftServerConfigKeys (ConfUtils.java:logGet(43)) - raft.server.log.appender.install.snapshot.enabled = false (custom)
2019-09-16 16:55:11,692 [main] INFO  ozone.MiniOzoneClusterImpl (MiniOzoneClusterImpl.java:lambda$waitForClusterToBeReady$0(140)) - Waiting for cluster to be ready. Got 9 of 10 DN Heartbeats.
2019-09-16 16:55:11,699 [IPC Server handler 11 on 35033] INFO  net.NetworkTopology (NetworkTopologyImpl.java:add(111)) - Added a new node: /default-rack/84a51469-6089-434c-9409-be6ecd1b15ae
2019-09-16 16:55:11,699 [pool-27-thread-1] INFO  impl.RaftServerImpl (ServerState.java:<init>(103)) - 82d73395-84ed-4f5d-a3d4-b8dc3778e9c8@group-55B4C9D8213F: ConfigurationManager, init=-1: [82d73395-84ed-4f5d-a3d4-b8dc3778e9c8:192.168.34.37:45600], old=null, confs=<EMPTY_MAP>
2019-09-16 16:55:11,699 [IPC Server handler 11 on 35033] INFO  node.SCMNodeManager (SCMNodeManager.java:register(266)) - Registered Data node : 84a51469-6089-434c-9409-be6ecd1b15ae{ip: 192.168.34.37, host: pr-hdds-1879-plksr-2441821890, networkLocation: /default-rack, certSerialId: null}
2019-09-16 16:55:11,700 [pool-27-thread-1] INFO  server.RaftServerConfigKeys (ConfUtils.java:logGet(43)) - raft.server.storage.dir = [/workdir/hadoop-ozone/integration-test/target/test-dir/MiniOzoneClusterImpl-df60ebb5-d9ce-4d7d-8dc8-039b243d66da/datanode-0/data/ratis] (custom)
2019-09-16 16:55:11,707 [pool-27-thread-1] INFO  storage.RaftStorageDirectory (RaftStorageDirectory.java:analyzeStorage(246)) - The storage directory /workdir/hadoop-ozone/integration-test/target/test-dir/MiniOzoneClusterImpl-df60ebb5-d9ce-4d7d-8dc8-039b243d66da/datanode-0/data/ratis/03fe713a-0b63-4f4f-bdba-55b4c9d8213f does not exist. Creating ...
2019-09-16 16:55:11,725 [pool-27-thread-1] INFO  storage.RaftStorageDirectory (RaftStorageDirectory.java:tryLock(328)) - Lock on /workdir/hadoop-ozone/integration-test/target/test-dir/MiniOzoneClusterImpl-df60ebb5-d9ce-4d7d-8dc8-039b243d66da/datanode-0/data/ratis/03fe713a-0b63-4f4f-bdba-55b4c9d8213f/in_use.lock acquired by nodename 13363@pr-hdds-1879-plksr-2441821890
2019-09-16 16:55:11,741 [pool-27-thread-1] INFO  storage.RaftStorage (RaftStorage.java:format(72)) - Storage directory /workdir/hadoop-ozone/integration-test/target/test-dir/MiniOzoneClusterImpl-df60ebb5-d9ce-4d7d-8dc8-039b243d66da/datanode-0/data/ratis/03fe713a-0b63-4f4f-bdba-55b4c9d8213f has been successfully formatted.
2019-09-16 16:55:11,743 [pool-27-thread-1] INFO  ratis.ContainerStateMachine (ContainerStateMachine.java:loadSnapshot(230)) - group-55B4C9D8213F: The snapshot info is null. Setting the last applied indexto:(t:0, i:~)
2019-09-16 16:55:11,743 [pool-27-thread-1] INFO  server.RaftServerConfigKeys (ConfUtils.java:logGet(43)) - raft.server.notification.no-leader.timeout = 120s (custom)
2019-09-16 16:55:11,745 [pool-27-thread-1] INFO  server.RaftServerConfigKeys (ConfUtils.java:logGet(43)) - raft.server.log.use.memory = false (default)
2019-09-16 16:55:11,750 [pool-27-thread-1] INFO  server.RaftServerConfigKeys (ConfUtils.java:logGet(43)) - raft.server.log.purge.gap = 1000000 (custom)
2019-09-16 16:55:11,750 [pool-27-thread-1] INFO  server.RaftServerConfigKeys (ConfUtils.java:logGet(43)) - raft.server.log.appender.buffer.byte-limit = 33554432 (custom)
2019-09-16 16:55:11,752 [pool-27-thread-1] INFO  server.RaftServerConfigKeys (ConfUtils.java:logGet(43)) - raft.server.log.segment.size.max = 1048576 (custom)
2019-09-16 16:55:11,756 [pool-27-thread-1] INFO  server.RaftServerConfigKeys (ConfUtils.java:logGet(43)) - raft.server.log.segment.cache.num.max = 2 (custom)
2019-09-16 16:55:11,761 [pool-27-thread-1] INFO  segmented.SegmentedRaftLogWorker (SegmentedRaftLogWorker.java:<init>(172)) - new 82d73395-84ed-4f5d-a3d4-b8dc3778e9c8@group-55B4C9D8213F-SegmentedRaftLogWorker for RaftStorage:Storage Directory /workdir/hadoop-ozone/integration-test/target/test-dir/MiniOzoneClusterImpl-df60ebb5-d9ce-4d7d-8dc8-039b243d66da/datanode-0/data/ratis/03fe713a-0b63-4f4f-bdba-55b4c9d8213f
2019-09-16 16:55:11,763 [pool-27-thread-1] INFO  impl.MetricsSystemImpl (MetricsSystemImpl.java:init(158)) - ratis metrics system started (again)
2019-09-16 16:55:11,795 [pool-27-thread-1] INFO  server.RaftServerConfigKeys (ConfUtils.java:logGet(43)) - raft.server.log.queue.byte-limit = 2147483647 (custom)
2019-09-16 16:55:11,796 [pool-27-thread-1] INFO  server.RaftServerConfigKeys (ConfUtils.java:logGet(43)) - raft.server.log.queue.element-limit = 1024 (custom)
2019-09-16 16:55:11,799 [pool-27-thread-1] INFO  server.RaftServerConfigKeys (ConfUtils.java:logGet(43)) - raft.server.log.segment.size.max = 1048576 (custom)
2019-09-16 16:55:11,799 [pool-27-thread-1] INFO  server.RaftServerConfigKeys (ConfUtils.java:logGet(43)) - raft.server.log.preallocated.size = 16384 (custom)
2019-09-16 16:55:11,800 [pool-27-thread-1] INFO  server.RaftServerConfigKeys (ConfUtils.java:logGet(43)) - raft.server.log.write.buffer.size = 33554432 (custom)
2019-09-16 16:55:11,800 [pool-27-thread-1] INFO  server.RaftServerConfigKeys (ConfUtils.java:logGet(43)) - raft.server.log.force.sync.num = 128 (default)
2019-09-16 16:55:11,801 [pool-27-thread-1] INFO  server.RaftServerConfigKeys (ConfUtils.java:logGet(43)) - raft.server.log.statemachine.data.sync = true (default)
2019-09-16 16:55:11,801 [pool-27-thread-1] INFO  server.RaftServerConfigKeys (ConfUtils.java:logGet(43)) - raft.server.log.statemachine.data.sync.timeout = 10s (default)
2019-09-16 16:55:11,802 [pool-27-thread-1] INFO  server.RaftServerConfigKeys (ConfUtils.java:logGet(43)) - raft.server.log.statemachine.data.sync.timeout.retry = -1 (default)
2019-09-16 16:55:11,810 [pool-27-thread-1] INFO  server.RaftServerConfigKeys (ConfUtils.java:logGet(43)) - raft.server.log.statemachine.data.caching.enabled = true (custom)
2019-09-16 16:55:11,814 [pool-27-thread-1] INFO  segmented.SegmentedRaftLogWorker (SegmentedRaftLogWorker.java:lambda$new$0(132)) - 82d73395-84ed-4f5d-a3d4-b8dc3778e9c8@group-55B4C9D8213F-SegmentedRaftLogWorker: flushIndex: setUnconditionally 0 -> -1
2019-09-16 16:55:11,818 [pool-27-thread-1] INFO  server.RaftServerConfigKeys (ConfUtils.java:logGet(43)) - raft.server.snapshot.auto.trigger.enabled = true (custom)
2019-09-16 16:55:11,819 [pool-27-thread-1] INFO  server.RaftServerConfigKeys (ConfUtils.java:logGet(43)) - raft.server.snapshot.auto.trigger.threshold = 10000 (custom)
2019-09-16 16:55:11,820 [pool-27-thread-1] INFO  server.RaftServerConfigKeys (ConfUtils.java:logGet(43)) - raft.server.snapshot.retention.num.files = -1 (default)
2019-09-16 16:55:11,820 [pool-27-thread-1] INFO  server.RaftServerConfigKeys (ConfUtils.java:logGet(43)) - raft.server.retrycache.expirytime = 600000ms (custom)
2019-09-16 16:55:11,845 [pool-27-thread-1] INFO  impl.RaftServerImpl (RaftServerImpl.java:start(185)) - 82d73395-84ed-4f5d-a3d4-b8dc3778e9c8@group-55B4C9D8213F: start as a follower, conf=-1: [82d73395-84ed-4f5d-a3d4-b8dc3778e9c8:192.168.34.37:45600], old=null
2019-09-16 16:55:11,847 [pool-27-thread-1] INFO  impl.RaftServerImpl (RaftServerImpl.java:setRole(174)) - 82d73395-84ed-4f5d-a3d4-b8dc3778e9c8@group-55B4C9D8213F: changes role from      null to FOLLOWER at term 0 for startAsFollower
2019-09-16 16:55:11,848 [pool-27-thread-1] INFO  impl.RoleInfo (RoleInfo.java:updateAndGet(143)) - 82d73395-84ed-4f5d-a3d4-b8dc3778e9c8: start FollowerState
2019-09-16 16:55:11,849 [pool-27-thread-1] INFO  util.JmxRegister (JmxRegister.java:tryRegister(44)) - Successfully registered JMX Bean with object name Ratis:service=RaftServer,group=group-55B4C9D8213F,id=82d73395-84ed-4f5d-a3d4-b8dc3778e9c8
2019-09-16 16:55:11,924 [RatisPipelineUtilsThread] INFO  pipeline.PipelineStateManager (PipelineStateManager.java:addPipeline(56)) - Created pipeline Pipeline[ Id: 03fe713a-0b63-4f4f-bdba-55b4c9d8213f, Nodes: 82d73395-84ed-4f5d-a3d4-b8dc3778e9c8{ip: 192.168.34.37, host: pr-hdds-1879-plksr-2441821890, networkLocation: /default-rack, certSerialId: null}, Type:RATIS, Factor:ONE, State:OPEN]
2019-09-16 16:55:11,960 [grpc-default-executor-0] INFO  impl.RaftServerProxy (RaftServerProxy.java:addNew(89)) - cc439034-f900-459f-93f0-405510d1632e: addNew group-F4A5A5E522AC:[cc439034-f900-459f-93f0-405510d1632e:192.168.34.37:33217] returns group-F4A5A5E522AC:java.util.concurrent.CompletableFuture@195e96d4[Not completed]
2019-09-16 16:55:12,033 [pool-57-thread-1] INFO  impl.RaftServerImpl (RaftServerImpl.java:<init>(95)) - cc439034-f900-459f-93f0-405510d1632e: new RaftServerImpl for group-F4A5A5E522AC:[cc439034-f900-459f-93f0-405510d1632e:192.168.34.37:33217] with ContainerStateMachine:uninitialized
2019-09-16 16:55:12,035 [pool-57-thread-1] INFO  server.RaftServerConfigKeys (ConfUtils.java:logGet(43)) - raft.server.rpc.timeout.min = 1s (custom)
2019-09-16 16:55:12,035 [pool-57-thread-1] INFO  server.RaftServerConfigKeys (ConfUtils.java:logGet(43)) - raft.server.rpc.timeout.max = 1200ms (custom)
2019-09-16 16:55:12,035 [pool-57-thread-1] INFO  server.RaftServerConfigKeys (ConfUtils.java:logGet(43)) - raft.server.rpcslowness.timeout = 120s (custom)
2019-09-16 16:55:12,035 [pool-57-thread-1] INFO  server.RaftServerConfigKeys (ConfUtils.java:logGet(43)) - raft.server.sleep.deviation.threshold = 300 (default)
2019-09-16 16:55:12,035 [pool-57-thread-1] INFO  server.RaftServerConfigKeys (ConfUtils.java:logGet(43)) - raft.server.log.appender.install.snapshot.enabled = false (custom)
2019-09-16 16:55:12,036 [pool-57-thread-1] INFO  impl.RaftServerImpl (ServerState.java:<init>(103)) - cc439034-f900-459f-93f0-405510d1632e@group-F4A5A5E522AC: ConfigurationManager, init=-1: [cc439034-f900-459f-93f0-405510d1632e:192.168.34.37:33217], old=null, confs=<EMPTY_MAP>
2019-09-16 16:55:12,036 [pool-57-thread-1] INFO  server.RaftServerConfigKeys (ConfUtils.java:logGet(43)) - raft.server.storage.dir = [/workdir/hadoop-ozone/integration-test/target/test-dir/MiniOzoneClusterImpl-df60ebb5-d9ce-4d7d-8dc8-039b243d66da/datanode-3/data/ratis] (custom)
2019-09-16 16:55:12,036 [pool-57-thread-1] INFO  storage.RaftStorageDirectory (RaftStorageDirectory.java:analyzeStorage(246)) - The storage directory /workdir/hadoop-ozone/integration-test/target/test-dir/MiniOzoneClusterImpl-df60ebb5-d9ce-4d7d-8dc8-039b243d66da/datanode-3/data/ratis/9aa5d609-b3b8-41c5-a902-f4a5a5e522ac does not exist. Creating ...
2019-09-16 16:55:12,051 [pool-57-thread-1] INFO  storage.RaftStorageDirectory (RaftStorageDirectory.java:tryLock(328)) - Lock on /workdir/hadoop-ozone/integration-test/target/test-dir/MiniOzoneClusterImpl-df60ebb5-d9ce-4d7d-8dc8-039b243d66da/datanode-3/data/ratis/9aa5d609-b3b8-41c5-a902-f4a5a5e522ac/in_use.lock acquired by nodename 13363@pr-hdds-1879-plksr-2441821890
2019-09-16 16:55:12,064 [pool-57-thread-1] INFO  storage.RaftStorage (RaftStorage.java:format(72)) - Storage directory /workdir/hadoop-ozone/integration-test/target/test-dir/MiniOzoneClusterImpl-df60ebb5-d9ce-4d7d-8dc8-039b243d66da/datanode-3/data/ratis/9aa5d609-b3b8-41c5-a902-f4a5a5e522ac has been successfully formatted.
2019-09-16 16:55:12,066 [pool-57-thread-1] INFO  ratis.ContainerStateMachine (ContainerStateMachine.java:loadSnapshot(230)) - group-F4A5A5E522AC: The snapshot info is null. Setting the last applied indexto:(t:0, i:~)
2019-09-16 16:55:12,068 [pool-57-thread-1] INFO  server.RaftServerConfigKeys (ConfUtils.java:logGet(43)) - raft.server.notification.no-leader.timeout = 120s (custom)
2019-09-16 16:55:12,068 [pool-57-thread-1] INFO  server.RaftServerConfigKeys (ConfUtils.java:logGet(43)) - raft.server.log.use.memory = false (default)
2019-09-16 16:55:12,068 [pool-57-thread-1] INFO  server.RaftServerConfigKeys (ConfUtils.java:logGet(43)) - raft.server.log.purge.gap = 1000000 (custom)
2019-09-16 16:55:12,068 [pool-57-thread-1] INFO  server.RaftServerConfigKeys (ConfUtils.java:logGet(43)) - raft.server.log.appender.buffer.byte-limit = 33554432 (custom)
2019-09-16 16:55:12,068 [pool-57-thread-1] INFO  server.RaftServerConfigKeys (ConfUtils.java:logGet(43)) - raft.server.log.segment.size.max = 1048576 (custom)
2019-09-16 16:55:12,068 [pool-57-thread-1] INFO  server.RaftServerConfigKeys (ConfUtils.java:logGet(43)) - raft.server.log.segment.cache.num.max = 2 (custom)
2019-09-16 16:55:12,069 [pool-57-thread-1] INFO  segmented.SegmentedRaftLogWorker (SegmentedRaftLogWorker.java:<init>(172)) - new cc439034-f900-459f-93f0-405510d1632e@group-F4A5A5E522AC-SegmentedRaftLogWorker for RaftStorage:Storage Directory /workdir/hadoop-ozone/integration-test/target/test-dir/MiniOzoneClusterImpl-df60ebb5-d9ce-4d7d-8dc8-039b243d66da/datanode-3/data/ratis/9aa5d609-b3b8-41c5-a902-f4a5a5e522ac
2019-09-16 16:55:12,076 [pool-57-thread-1] INFO  server.RaftServerConfigKeys (ConfUtils.java:logGet(43)) - raft.server.log.queue.byte-limit = 2147483647 (custom)
2019-09-16 16:55:12,076 [pool-57-thread-1] INFO  server.RaftServerConfigKeys (ConfUtils.java:logGet(43)) - raft.server.log.queue.element-limit = 1024 (custom)
2019-09-16 16:55:12,076 [pool-57-thread-1] INFO  server.RaftServerConfigKeys (ConfUtils.java:logGet(43)) - raft.server.log.segment.size.max = 1048576 (custom)
2019-09-16 16:55:12,076 [pool-57-thread-1] INFO  server.RaftServerConfigKeys (ConfUtils.java:logGet(43)) - raft.server.log.preallocated.size = 16384 (custom)
2019-09-16 16:55:12,076 [pool-57-thread-1] INFO  server.RaftServerConfigKeys (ConfUtils.java:logGet(43)) - raft.server.log.write.buffer.size = 33554432 (custom)
2019-09-16 16:55:12,076 [pool-57-thread-1] INFO  server.RaftServerConfigKeys (ConfUtils.java:logGet(43)) - raft.server.log.force.sync.num = 128 (default)
2019-09-16 16:55:12,077 [pool-57-thread-1] INFO  server.RaftServerConfigKeys (ConfUtils.java:logGet(43)) - raft.server.log.statemachine.data.sync = true (default)
2019-09-16 16:55:12,077 [pool-57-thread-1] INFO  server.RaftServerConfigKeys (ConfUtils.java:logGet(43)) - raft.server.log.statemachine.data.sync.timeout = 10s (default)
2019-09-16 16:55:12,077 [pool-57-thread-1] INFO  server.RaftServerConfigKeys (ConfUtils.java:logGet(43)) - raft.server.log.statemachine.data.sync.timeout.retry = -1 (default)
2019-09-16 16:55:12,077 [pool-57-thread-1] INFO  server.RaftServerConfigKeys (ConfUtils.java:logGet(43)) - raft.server.log.statemachine.data.caching.enabled = true (custom)
2019-09-16 16:55:12,078 [pool-57-thread-1] INFO  segmented.SegmentedRaftLogWorker (SegmentedRaftLogWorker.java:lambda$new$0(132)) - cc439034-f900-459f-93f0-405510d1632e@group-F4A5A5E522AC-SegmentedRaftLogWorker: flushIndex: setUnconditionally 0 -> -1
2019-09-16 16:55:12,078 [pool-57-thread-1] INFO  server.RaftServerConfigKeys (ConfUtils.java:logGet(43)) - raft.server.snapshot.auto.trigger.enabled = true (custom)
2019-09-16 16:55:12,078 [pool-57-thread-1] INFO  server.RaftServerConfigKeys (ConfUtils.java:logGet(43)) - raft.server.snapshot.auto.trigger.threshold = 10000 (custom)
2019-09-16 16:55:12,078 [pool-57-thread-1] INFO  server.RaftServerConfigKeys (ConfUtils.java:logGet(43)) - raft.server.snapshot.retention.num.files = -1 (default)
2019-09-16 16:55:12,078 [pool-57-thread-1] INFO  server.RaftServerConfigKeys (ConfUtils.java:logGet(43)) - raft.server.retrycache.expirytime = 600000ms (custom)
2019-09-16 16:55:12,084 [pool-57-thread-1] INFO  impl.RaftServerImpl (RaftServerImpl.java:start(185)) - cc439034-f900-459f-93f0-405510d1632e@group-F4A5A5E522AC: start as a follower, conf=-1: [cc439034-f900-459f-93f0-405510d1632e:192.168.34.37:33217], old=null
2019-09-16 16:55:12,084 [pool-57-thread-1] INFO  impl.RaftServerImpl (RaftServerImpl.java:setRole(174)) - cc439034-f900-459f-93f0-405510d1632e@group-F4A5A5E522AC: changes role from      null to FOLLOWER at term 0 for startAsFollower
2019-09-16 16:55:12,084 [pool-57-thread-1] INFO  impl.RoleInfo (RoleInfo.java:updateAndGet(143)) - cc439034-f900-459f-93f0-405510d1632e: start FollowerState
2019-09-16 16:55:12,086 [pool-57-thread-1] INFO  util.JmxRegister (JmxRegister.java:tryRegister(44)) - Successfully registered JMX Bean with object name Ratis:service=RaftServer,group=group-F4A5A5E522AC,id=cc439034-f900-459f-93f0-405510d1632e
2019-09-16 16:55:12,102 [RatisPipelineUtilsThread] INFO  pipeline.PipelineStateManager (PipelineStateManager.java:addPipeline(56)) - Created pipeline Pipeline[ Id: 9aa5d609-b3b8-41c5-a902-f4a5a5e522ac, Nodes: cc439034-f900-459f-93f0-405510d1632e{ip: 192.168.34.37, host: pr-hdds-1879-plksr-2441821890, networkLocation: /default-rack, certSerialId: null}, Type:RATIS, Factor:ONE, State:OPEN]
2019-09-16 16:55:12,125 [grpc-default-executor-0] INFO  impl.RaftServerProxy (RaftServerProxy.java:addNew(89)) - 3debf489-fb8f-44d7-9f14-87ea2202f1a2: addNew group-8FB3A6CCF45F:[3debf489-fb8f-44d7-9f14-87ea2202f1a2:192.168.34.37:46057] returns group-8FB3A6CCF45F:java.util.concurrent.CompletableFuture@53e70b88[Not completed]
2019-09-16 16:55:12,169 [pool-47-thread-1] INFO  impl.RaftServerImpl (RaftServerImpl.java:<init>(95)) - 3debf489-fb8f-44d7-9f14-87ea2202f1a2: new RaftServerImpl for group-8FB3A6CCF45F:[3debf489-fb8f-44d7-9f14-87ea2202f1a2:192.168.34.37:46057] with ContainerStateMachine:uninitialized
2019-09-16 16:55:12,169 [pool-47-thread-1] INFO  server.RaftServerConfigKeys (ConfUtils.java:logGet(43)) - raft.server.rpc.timeout.min = 1s (custom)
2019-09-16 16:55:12,169 [pool-47-thread-1] INFO  server.RaftServerConfigKeys (ConfUtils.java:logGet(43)) - raft.server.rpc.timeout.max = 1200ms (custom)
2019-09-16 16:55:12,169 [pool-47-thread-1] INFO  server.RaftServerConfigKeys (ConfUtils.java:logGet(43)) - raft.server.rpcslowness.timeout = 120s (custom)
2019-09-16 16:55:12,169 [pool-47-thread-1] INFO  server.RaftServerConfigKeys (ConfUtils.java:logGet(43)) - raft.server.sleep.deviation.threshold = 300 (default)
2019-09-16 16:55:12,169 [pool-47-thread-1] INFO  server.RaftServerConfigKeys (ConfUtils.java:logGet(43)) - raft.server.log.appender.install.snapshot.enabled = false (custom)
2019-09-16 16:55:12,169 [pool-47-thread-1] INFO  impl.RaftServerImpl (ServerState.java:<init>(103)) - 3debf489-fb8f-44d7-9f14-87ea2202f1a2@group-8FB3A6CCF45F: ConfigurationManager, init=-1: [3debf489-fb8f-44d7-9f14-87ea2202f1a2:192.168.34.37:46057], old=null, confs=<EMPTY_MAP>
2019-09-16 16:55:12,170 [pool-47-thread-1] INFO  server.RaftServerConfigKeys (ConfUtils.java:logGet(43)) - raft.server.storage.dir = [/workdir/hadoop-ozone/integration-test/target/test-dir/MiniOzoneClusterImpl-df60ebb5-d9ce-4d7d-8dc8-039b243d66da/datanode-2/data/ratis] (custom)
2019-09-16 16:55:12,170 [pool-47-thread-1] INFO  storage.RaftStorageDirectory (RaftStorageDirectory.java:analyzeStorage(246)) - The storage directory /workdir/hadoop-ozone/integration-test/target/test-dir/MiniOzoneClusterImpl-df60ebb5-d9ce-4d7d-8dc8-039b243d66da/datanode-2/data/ratis/c4f0febc-3cad-49da-88f2-8fb3a6ccf45f does not exist. Creating ...
2019-09-16 16:55:12,183 [pool-47-thread-1] INFO  storage.RaftStorageDirectory (RaftStorageDirectory.java:tryLock(328)) - Lock on /workdir/hadoop-ozone/integration-test/target/test-dir/MiniOzoneClusterImpl-df60ebb5-d9ce-4d7d-8dc8-039b243d66da/datanode-2/data/ratis/c4f0febc-3cad-49da-88f2-8fb3a6ccf45f/in_use.lock acquired by nodename 13363@pr-hdds-1879-plksr-2441821890
2019-09-16 16:55:12,196 [pool-47-thread-1] INFO  storage.RaftStorage (RaftStorage.java:format(72)) - Storage directory /workdir/hadoop-ozone/integration-test/target/test-dir/MiniOzoneClusterImpl-df60ebb5-d9ce-4d7d-8dc8-039b243d66da/datanode-2/data/ratis/c4f0febc-3cad-49da-88f2-8fb3a6ccf45f has been successfully formatted.
2019-09-16 16:55:12,196 [pool-47-thread-1] INFO  ratis.ContainerStateMachine (ContainerStateMachine.java:loadSnapshot(230)) - group-8FB3A6CCF45F: The snapshot info is null. Setting the last applied indexto:(t:0, i:~)
2019-09-16 16:55:12,196 [pool-47-thread-1] INFO  server.RaftServerConfigKeys (ConfUtils.java:logGet(43)) - raft.server.notification.no-leader.timeout = 120s (custom)
2019-09-16 16:55:12,196 [pool-47-thread-1] INFO  server.RaftServerConfigKeys (ConfUtils.java:logGet(43)) - raft.server.log.use.memory = false (default)
2019-09-16 16:55:12,197 [pool-47-thread-1] INFO  server.RaftServerConfigKeys (ConfUtils.java:logGet(43)) - raft.server.log.purge.gap = 1000000 (custom)
2019-09-16 16:55:12,197 [pool-47-thread-1] INFO  server.RaftServerConfigKeys (ConfUtils.java:logGet(43)) - raft.server.log.appender.buffer.byte-limit = 33554432 (custom)
2019-09-16 16:55:12,197 [pool-47-thread-1] INFO  server.RaftServerConfigKeys (ConfUtils.java:logGet(43)) - raft.server.log.segment.size.max = 1048576 (custom)
2019-09-16 16:55:12,197 [pool-47-thread-1] INFO  server.RaftServerConfigKeys (ConfUtils.java:logGet(43)) - raft.server.log.segment.cache.num.max = 2 (custom)
2019-09-16 16:55:12,197 [pool-47-thread-1] INFO  segmented.SegmentedRaftLogWorker (SegmentedRaftLogWorker.java:<init>(172)) - new 3debf489-fb8f-44d7-9f14-87ea2202f1a2@group-8FB3A6CCF45F-SegmentedRaftLogWorker for RaftStorage:Storage Directory /workdir/hadoop-ozone/integration-test/target/test-dir/MiniOzoneClusterImpl-df60ebb5-d9ce-4d7d-8dc8-039b243d66da/datanode-2/data/ratis/c4f0febc-3cad-49da-88f2-8fb3a6ccf45f
2019-09-16 16:55:12,254 [pool-47-thread-1] INFO  server.RaftServerConfigKeys (ConfUtils.java:logGet(43)) - raft.server.log.queue.byte-limit = 2147483647 (custom)
2019-09-16 16:55:12,255 [pool-47-thread-1] INFO  server.RaftServerConfigKeys (ConfUtils.java:logGet(43)) - raft.server.log.queue.element-limit = 1024 (custom)
2019-09-16 16:55:12,255 [pool-47-thread-1] INFO  server.RaftServerConfigKeys (ConfUtils.java:logGet(43)) - raft.server.log.segment.size.max = 1048576 (custom)
2019-09-16 16:55:12,255 [pool-47-thread-1] INFO  server.RaftServerConfigKeys (ConfUtils.java:logGet(43)) - raft.server.log.preallocated.size = 16384 (custom)
2019-09-16 16:55:12,255 [pool-47-thread-1] INFO  server.RaftServerConfigKeys (ConfUtils.java:logGet(43)) - raft.server.log.write.buffer.size = 33554432 (custom)
2019-09-16 16:55:12,255 [pool-47-thread-1] INFO  server.RaftServerConfigKeys (ConfUtils.java:logGet(43)) - raft.server.log.force.sync.num = 128 (default)
2019-09-16 16:55:12,256 [pool-47-thread-1] INFO  server.RaftServerConfigKeys (ConfUtils.java:logGet(43)) - raft.server.log.statemachine.data.sync = true (default)
2019-09-16 16:55:12,256 [pool-47-thread-1] INFO  server.RaftServerConfigKeys (ConfUtils.java:logGet(43)) - raft.server.log.statemachine.data.sync.timeout = 10s (default)
2019-09-16 16:55:12,256 [pool-47-thread-1] INFO  server.RaftServerConfigKeys (ConfUtils.java:logGet(43)) - raft.server.log.statemachine.data.sync.timeout.retry = -1 (default)
2019-09-16 16:55:12,257 [pool-47-thread-1] INFO  server.RaftServerConfigKeys (ConfUtils.java:logGet(43)) - raft.server.log.statemachine.data.caching.enabled = true (custom)
2019-09-16 16:55:12,257 [pool-47-thread-1] INFO  segmented.SegmentedRaftLogWorker (SegmentedRaftLogWorker.java:lambda$new$0(132)) - 3debf489-fb8f-44d7-9f14-87ea2202f1a2@group-8FB3A6CCF45F-SegmentedRaftLogWorker: flushIndex: setUnconditionally 0 -> -1
2019-09-16 16:55:12,257 [pool-47-thread-1] INFO  server.RaftServerConfigKeys (ConfUtils.java:logGet(43)) - raft.server.snapshot.auto.trigger.enabled = true (custom)
2019-09-16 16:55:12,258 [pool-47-thread-1] INFO  server.RaftServerConfigKeys (ConfUtils.java:logGet(43)) - raft.server.snapshot.auto.trigger.threshold = 10000 (custom)
2019-09-16 16:55:12,258 [pool-47-thread-1] INFO  server.RaftServerConfigKeys (ConfUtils.java:logGet(43)) - raft.server.snapshot.retention.num.files = -1 (default)
2019-09-16 16:55:12,258 [pool-47-thread-1] INFO  server.RaftServerConfigKeys (ConfUtils.java:logGet(43)) - raft.server.retrycache.expirytime = 600000ms (custom)
2019-09-16 16:55:12,263 [pool-47-thread-1] INFO  impl.RaftServerImpl (RaftServerImpl.java:start(185)) - 3debf489-fb8f-44d7-9f14-87ea2202f1a2@group-8FB3A6CCF45F: start as a follower, conf=-1: [3debf489-fb8f-44d7-9f14-87ea2202f1a2:192.168.34.37:46057], old=null
2019-09-16 16:55:12,264 [pool-47-thread-1] INFO  impl.RaftServerImpl (RaftServerImpl.java:setRole(174)) - 3debf489-fb8f-44d7-9f14-87ea2202f1a2@group-8FB3A6CCF45F: changes role from      null to FOLLOWER at term 0 for startAsFollower
2019-09-16 16:55:12,264 [pool-47-thread-1] INFO  impl.RoleInfo (RoleInfo.java:updateAndGet(143)) - 3debf489-fb8f-44d7-9f14-87ea2202f1a2: start FollowerState
2019-09-16 16:55:12,264 [pool-47-thread-1] INFO  util.JmxRegister (JmxRegister.java:tryRegister(44)) - Successfully registered JMX Bean with object name Ratis:service=RaftServer,group=group-8FB3A6CCF45F,id=3debf489-fb8f-44d7-9f14-87ea2202f1a2
2019-09-16 16:55:12,283 [RatisPipelineUtilsThread] INFO  pipeline.PipelineStateManager (PipelineStateManager.java:addPipeline(56)) - Created pipeline Pipeline[ Id: c4f0febc-3cad-49da-88f2-8fb3a6ccf45f, Nodes: 3debf489-fb8f-44d7-9f14-87ea2202f1a2{ip: 192.168.34.37, host: pr-hdds-1879-plksr-2441821890, networkLocation: /default-rack, certSerialId: null}, Type:RATIS, Factor:ONE, State:OPEN]
2019-09-16 16:55:12,312 [grpc-default-executor-0] INFO  impl.RaftServerProxy (RaftServerProxy.java:addNew(89)) - 7977ac3b-0be3-4a37-9fef-39f7814db179: addNew group-6DDC44D35A0E:[7977ac3b-0be3-4a37-9fef-39f7814db179:192.168.34.37:39944] returns group-6DDC44D35A0E:java.util.concurrent.CompletableFuture@58eb1378[Not completed]
2019-09-16 16:55:12,319 [pool-77-thread-1] INFO  impl.RaftServerImpl (RaftServerImpl.java:<init>(95)) - 7977ac3b-0be3-4a37-9fef-39f7814db179: new RaftServerImpl for group-6DDC44D35A0E:[7977ac3b-0be3-4a37-9fef-39f7814db179:192.168.34.37:39944] with ContainerStateMachine:uninitialized
2019-09-16 16:55:12,319 [pool-77-thread-1] INFO  server.RaftServerConfigKeys (ConfUtils.java:logGet(43)) - raft.server.rpc.timeout.min = 1s (custom)
2019-09-16 16:55:12,319 [pool-77-thread-1] INFO  server.RaftServerConfigKeys (ConfUtils.java:logGet(43)) - raft.server.rpc.timeout.max = 1200ms (custom)
2019-09-16 16:55:12,319 [pool-77-thread-1] INFO  server.RaftServerConfigKeys (ConfUtils.java:logGet(43)) - raft.server.rpcslowness.timeout = 120s (custom)
2019-09-16 16:55:12,319 [pool-77-thread-1] INFO  server.RaftServerConfigKeys (ConfUtils.java:logGet(43)) - raft.server.sleep.deviation.threshold = 300 (default)
2019-09-16 16:55:12,319 [pool-77-thread-1] INFO  server.RaftServerConfigKeys (ConfUtils.java:logGet(43)) - raft.server.log.appender.install.snapshot.enabled = false (custom)
2019-09-16 16:55:12,320 [pool-77-thread-1] INFO  impl.RaftServerImpl (ServerState.java:<init>(103)) - 7977ac3b-0be3-4a37-9fef-39f7814db179@group-6DDC44D35A0E: ConfigurationManager, init=-1: [7977ac3b-0be3-4a37-9fef-39f7814db179:192.168.34.37:39944], old=null, confs=<EMPTY_MAP>
2019-09-16 16:55:12,320 [pool-77-thread-1] INFO  server.RaftServerConfigKeys (ConfUtils.java:logGet(43)) - raft.server.storage.dir = [/workdir/hadoop-ozone/integration-test/target/test-dir/MiniOzoneClusterImpl-df60ebb5-d9ce-4d7d-8dc8-039b243d66da/datanode-5/data/ratis] (custom)
2019-09-16 16:55:12,320 [pool-77-thread-1] INFO  storage.RaftStorageDirectory (RaftStorageDirectory.java:analyzeStorage(246)) - The storage directory /workdir/hadoop-ozone/integration-test/target/test-dir/MiniOzoneClusterImpl-df60ebb5-d9ce-4d7d-8dc8-039b243d66da/datanode-5/data/ratis/29a642e4-a5ed-40bd-ae7c-6ddc44d35a0e does not exist. Creating ...
2019-09-16 16:55:12,333 [pool-77-thread-1] INFO  storage.RaftStorageDirectory (RaftStorageDirectory.java:tryLock(328)) - Lock on /workdir/hadoop-ozone/integration-test/target/test-dir/MiniOzoneClusterImpl-df60ebb5-d9ce-4d7d-8dc8-039b243d66da/datanode-5/data/ratis/29a642e4-a5ed-40bd-ae7c-6ddc44d35a0e/in_use.lock acquired by nodename 13363@pr-hdds-1879-plksr-2441821890
2019-09-16 16:55:12,347 [pool-77-thread-1] INFO  storage.RaftStorage (RaftStorage.java:format(72)) - Storage directory /workdir/hadoop-ozone/integration-test/target/test-dir/MiniOzoneClusterImpl-df60ebb5-d9ce-4d7d-8dc8-039b243d66da/datanode-5/data/ratis/29a642e4-a5ed-40bd-ae7c-6ddc44d35a0e has been successfully formatted.
2019-09-16 16:55:12,347 [pool-77-thread-1] INFO  ratis.ContainerStateMachine (ContainerStateMachine.java:loadSnapshot(230)) - group-6DDC44D35A0E: The snapshot info is null. Setting the last applied indexto:(t:0, i:~)
2019-09-16 16:55:12,348 [pool-77-thread-1] INFO  server.RaftServerConfigKeys (ConfUtils.java:logGet(43)) - raft.server.notification.no-leader.timeout = 120s (custom)
2019-09-16 16:55:12,348 [pool-77-thread-1] INFO  server.RaftServerConfigKeys (ConfUtils.java:logGet(43)) - raft.server.log.use.memory = false (default)
2019-09-16 16:55:12,348 [pool-77-thread-1] INFO  server.RaftServerConfigKeys (ConfUtils.java:logGet(43)) - raft.server.log.purge.gap = 1000000 (custom)
2019-09-16 16:55:12,348 [pool-77-thread-1] INFO  server.RaftServerConfigKeys (ConfUtils.java:logGet(43)) - raft.server.log.appender.buffer.byte-limit = 33554432 (custom)
2019-09-16 16:55:12,348 [pool-77-thread-1] INFO  server.RaftServerConfigKeys (ConfUtils.java:logGet(43)) - raft.server.log.segment.size.max = 1048576 (custom)
2019-09-16 16:55:12,348 [pool-77-thread-1] INFO  server.RaftServerConfigKeys (ConfUtils.java:logGet(43)) - raft.server.log.segment.cache.num.max = 2 (custom)
2019-09-16 16:55:12,348 [pool-77-thread-1] INFO  segmented.SegmentedRaftLogWorker (SegmentedRaftLogWorker.java:<init>(172)) - new 7977ac3b-0be3-4a37-9fef-39f7814db179@group-6DDC44D35A0E-SegmentedRaftLogWorker for RaftStorage:Storage Directory /workdir/hadoop-ozone/integration-test/target/test-dir/MiniOzoneClusterImpl-df60ebb5-d9ce-4d7d-8dc8-039b243d66da/datanode-5/data/ratis/29a642e4-a5ed-40bd-ae7c-6ddc44d35a0e
2019-09-16 16:55:12,352 [pool-77-thread-1] INFO  server.RaftServerConfigKeys (ConfUtils.java:logGet(43)) - raft.server.log.queue.byte-limit = 2147483647 (custom)
2019-09-16 16:55:12,352 [pool-77-thread-1] INFO  server.RaftServerConfigKeys (ConfUtils.java:logGet(43)) - raft.server.log.queue.element-limit = 1024 (custom)
2019-09-16 16:55:12,352 [pool-77-thread-1] INFO  server.RaftServerConfigKeys (ConfUtils.java:logGet(43)) - raft.server.log.segment.size.max = 1048576 (custom)
2019-09-16 16:55:12,352 [pool-77-thread-1] INFO  server.RaftServerConfigKeys (ConfUtils.java:logGet(43)) - raft.server.log.preallocated.size = 16384 (custom)
2019-09-16 16:55:12,352 [pool-77-thread-1] INFO  server.RaftServerConfigKeys (ConfUtils.java:logGet(43)) - raft.server.log.write.buffer.size = 33554432 (custom)
2019-09-16 16:55:12,352 [pool-77-thread-1] INFO  server.RaftServerConfigKeys (ConfUtils.java:logGet(43)) - raft.server.log.force.sync.num = 128 (default)
2019-09-16 16:55:12,352 [pool-77-thread-1] INFO  server.RaftServerConfigKeys (ConfUtils.java:logGet(43)) - raft.server.log.statemachine.data.sync = true (default)
2019-09-16 16:55:12,353 [pool-77-thread-1] INFO  server.RaftServerConfigKeys (ConfUtils.java:logGet(43)) - raft.server.log.statemachine.data.sync.timeout = 10s (default)
2019-09-16 16:55:12,353 [pool-77-thread-1] INFO  server.RaftServerConfigKeys (ConfUtils.java:logGet(43)) - raft.server.log.statemachine.data.sync.timeout.retry = -1 (default)
2019-09-16 16:55:12,353 [pool-77-thread-1] INFO  server.RaftServerConfigKeys (ConfUtils.java:logGet(43)) - raft.server.log.statemachine.data.caching.enabled = true (custom)
2019-09-16 16:55:12,353 [pool-77-thread-1] INFO  segmented.SegmentedRaftLogWorker (SegmentedRaftLogWorker.java:lambda$new$0(132)) - 7977ac3b-0be3-4a37-9fef-39f7814db179@group-6DDC44D35A0E-SegmentedRaftLogWorker: flushIndex: setUnconditionally 0 -> -1
2019-09-16 16:55:12,353 [pool-77-thread-1] INFO  server.RaftServerConfigKeys (ConfUtils.java:logGet(43)) - raft.server.snapshot.auto.trigger.enabled = true (custom)
2019-09-16 16:55:12,353 [pool-77-thread-1] INFO  server.RaftServerConfigKeys (ConfUtils.java:logGet(43)) - raft.server.snapshot.auto.trigger.threshold = 10000 (custom)
2019-09-16 16:55:12,354 [pool-77-thread-1] INFO  server.RaftServerConfigKeys (ConfUtils.java:logGet(43)) - raft.server.snapshot.retention.num.files = -1 (default)
2019-09-16 16:55:12,354 [pool-77-thread-1] INFO  server.RaftServerConfigKeys (ConfUtils.java:logGet(43)) - raft.server.retrycache.expirytime = 600000ms (custom)
2019-09-16 16:55:12,357 [pool-77-thread-1] INFO  impl.RaftServerImpl (RaftServerImpl.java:start(185)) - 7977ac3b-0be3-4a37-9fef-39f7814db179@group-6DDC44D35A0E: start as a follower, conf=-1: [7977ac3b-0be3-4a37-9fef-39f7814db179:192.168.34.37:39944], old=null
2019-09-16 16:55:12,357 [pool-77-thread-1] INFO  impl.RaftServerImpl (RaftServerImpl.java:setRole(174)) - 7977ac3b-0be3-4a37-9fef-39f7814db179@group-6DDC44D35A0E: changes role from      null to FOLLOWER at term 0 for startAsFollower
2019-09-16 16:55:12,357 [pool-77-thread-1] INFO  impl.RoleInfo (RoleInfo.java:updateAndGet(143)) - 7977ac3b-0be3-4a37-9fef-39f7814db179: start FollowerState
2019-09-16 16:55:12,358 [pool-77-thread-1] INFO  util.JmxRegister (JmxRegister.java:tryRegister(44)) - Successfully registered JMX Bean with object name Ratis:service=RaftServer,group=group-6DDC44D35A0E,id=7977ac3b-0be3-4a37-9fef-39f7814db179
2019-09-16 16:55:12,381 [RatisPipelineUtilsThread] INFO  pipeline.PipelineStateManager (PipelineStateManager.java:addPipeline(56)) - Created pipeline Pipeline[ Id: 29a642e4-a5ed-40bd-ae7c-6ddc44d35a0e, Nodes: 7977ac3b-0be3-4a37-9fef-39f7814db179{ip: 192.168.34.37, host: pr-hdds-1879-plksr-2441821890, networkLocation: /default-rack, certSerialId: null}, Type:RATIS, Factor:ONE, State:OPEN]
2019-09-16 16:55:12,399 [grpc-default-executor-0] INFO  impl.RaftServerProxy (RaftServerProxy.java:addNew(89)) - 2e525942-e927-41dd-97b7-9b9ba8560315: addNew group-AB125CEF77D7:[2e525942-e927-41dd-97b7-9b9ba8560315:192.168.34.37:33333] returns group-AB125CEF77D7:java.util.concurrent.CompletableFuture@1cbb4fe5[Not completed]
2019-09-16 16:55:12,405 [pool-67-thread-1] INFO  impl.RaftServerImpl (RaftServerImpl.java:<init>(95)) - 2e525942-e927-41dd-97b7-9b9ba8560315: new RaftServerImpl for group-AB125CEF77D7:[2e525942-e927-41dd-97b7-9b9ba8560315:192.168.34.37:33333] with ContainerStateMachine:uninitialized
2019-09-16 16:55:12,405 [pool-67-thread-1] INFO  server.RaftServerConfigKeys (ConfUtils.java:logGet(43)) - raft.server.rpc.timeout.min = 1s (custom)
2019-09-16 16:55:12,405 [pool-67-thread-1] INFO  server.RaftServerConfigKeys (ConfUtils.java:logGet(43)) - raft.server.rpc.timeout.max = 1200ms (custom)
2019-09-16 16:55:12,406 [pool-67-thread-1] INFO  server.RaftServerConfigKeys (ConfUtils.java:logGet(43)) - raft.server.rpcslowness.timeout = 120s (custom)
2019-09-16 16:55:12,406 [pool-67-thread-1] INFO  server.RaftServerConfigKeys (ConfUtils.java:logGet(43)) - raft.server.sleep.deviation.threshold = 300 (default)
2019-09-16 16:55:12,406 [pool-67-thread-1] INFO  server.RaftServerConfigKeys (ConfUtils.java:logGet(43)) - raft.server.log.appender.install.snapshot.enabled = false (custom)
2019-09-16 16:55:12,406 [pool-67-thread-1] INFO  impl.RaftServerImpl (ServerState.java:<init>(103)) - 2e525942-e927-41dd-97b7-9b9ba8560315@group-AB125CEF77D7: ConfigurationManager, init=-1: [2e525942-e927-41dd-97b7-9b9ba8560315:192.168.34.37:33333], old=null, confs=<EMPTY_MAP>
2019-09-16 16:55:12,406 [pool-67-thread-1] INFO  server.RaftServerConfigKeys (ConfUtils.java:logGet(43)) - raft.server.storage.dir = [/workdir/hadoop-ozone/integration-test/target/test-dir/MiniOzoneClusterImpl-df60ebb5-d9ce-4d7d-8dc8-039b243d66da/datanode-4/data/ratis] (custom)
2019-09-16 16:55:12,407 [pool-67-thread-1] INFO  storage.RaftStorageDirectory (RaftStorageDirectory.java:analyzeStorage(246)) - The storage directory /workdir/hadoop-ozone/integration-test/target/test-dir/MiniOzoneClusterImpl-df60ebb5-d9ce-4d7d-8dc8-039b243d66da/datanode-4/data/ratis/f47e20c6-76b0-4bb5-9a9e-ab125cef77d7 does not exist. Creating ...
2019-09-16 16:55:12,420 [pool-67-thread-1] INFO  storage.RaftStorageDirectory (RaftStorageDirectory.java:tryLock(328)) - Lock on /workdir/hadoop-ozone/integration-test/target/test-dir/MiniOzoneClusterImpl-df60ebb5-d9ce-4d7d-8dc8-039b243d66da/datanode-4/data/ratis/f47e20c6-76b0-4bb5-9a9e-ab125cef77d7/in_use.lock acquired by nodename 13363@pr-hdds-1879-plksr-2441821890
2019-09-16 16:55:12,433 [pool-67-thread-1] INFO  storage.RaftStorage (RaftStorage.java:format(72)) - Storage directory /workdir/hadoop-ozone/integration-test/target/test-dir/MiniOzoneClusterImpl-df60ebb5-d9ce-4d7d-8dc8-039b243d66da/datanode-4/data/ratis/f47e20c6-76b0-4bb5-9a9e-ab125cef77d7 has been successfully formatted.
2019-09-16 16:55:12,433 [pool-67-thread-1] INFO  ratis.ContainerStateMachine (ContainerStateMachine.java:loadSnapshot(230)) - group-AB125CEF77D7: The snapshot info is null. Setting the last applied indexto:(t:0, i:~)
2019-09-16 16:55:12,433 [pool-67-thread-1] INFO  server.RaftServerConfigKeys (ConfUtils.java:logGet(43)) - raft.server.notification.no-leader.timeout = 120s (custom)
2019-09-16 16:55:12,433 [pool-67-thread-1] INFO  server.RaftServerConfigKeys (ConfUtils.java:logGet(43)) - raft.server.log.use.memory = false (default)
2019-09-16 16:55:12,434 [pool-67-thread-1] INFO  server.RaftServerConfigKeys (ConfUtils.java:logGet(43)) - raft.server.log.purge.gap = 1000000 (custom)
2019-09-16 16:55:12,434 [pool-67-thread-1] INFO  server.RaftServerConfigKeys (ConfUtils.java:logGet(43)) - raft.server.log.appender.buffer.byte-limit = 33554432 (custom)
2019-09-16 16:55:12,434 [pool-67-thread-1] INFO  server.RaftServerConfigKeys (ConfUtils.java:logGet(43)) - raft.server.log.segment.size.max = 1048576 (custom)
2019-09-16 16:55:12,434 [pool-67-thread-1] INFO  server.RaftServerConfigKeys (ConfUtils.java:logGet(43)) - raft.server.log.segment.cache.num.max = 2 (custom)
2019-09-16 16:55:12,434 [pool-67-thread-1] INFO  segmented.SegmentedRaftLogWorker (SegmentedRaftLogWorker.java:<init>(172)) - new 2e525942-e927-41dd-97b7-9b9ba8560315@group-AB125CEF77D7-SegmentedRaftLogWorker for RaftStorage:Storage Directory /workdir/hadoop-ozone/integration-test/target/test-dir/MiniOzoneClusterImpl-df60ebb5-d9ce-4d7d-8dc8-039b243d66da/datanode-4/data/ratis/f47e20c6-76b0-4bb5-9a9e-ab125cef77d7
2019-09-16 16:55:12,507 [pool-67-thread-1] INFO  server.RaftServerConfigKeys (ConfUtils.java:logGet(43)) - raft.server.log.queue.byte-limit = 2147483647 (custom)
2019-09-16 16:55:12,509 [pool-67-thread-1] INFO  server.RaftServerConfigKeys (ConfUtils.java:logGet(43)) - raft.server.log.queue.element-limit = 1024 (custom)
2019-09-16 16:55:12,509 [pool-67-thread-1] INFO  server.RaftServerConfigKeys (ConfUtils.java:logGet(43)) - raft.server.log.segment.size.max = 1048576 (custom)
2019-09-16 16:55:12,510 [pool-67-thread-1] INFO  server.RaftServerConfigKeys (ConfUtils.java:logGet(43)) - raft.server.log.preallocated.size = 16384 (custom)
2019-09-16 16:55:12,510 [pool-67-thread-1] INFO  server.RaftServerConfigKeys (ConfUtils.java:logGet(43)) - raft.server.log.write.buffer.size = 33554432 (custom)
2019-09-16 16:55:12,510 [pool-67-thread-1] INFO  server.RaftServerConfigKeys (ConfUtils.java:logGet(43)) - raft.server.log.force.sync.num = 128 (default)
2019-09-16 16:55:12,510 [pool-67-thread-1] INFO  server.RaftServerConfigKeys (ConfUtils.java:logGet(43)) - raft.server.log.statemachine.data.sync = true (default)
2019-09-16 16:55:12,511 [pool-67-thread-1] INFO  server.RaftServerConfigKeys (ConfUtils.java:logGet(43)) - raft.server.log.statemachine.data.sync.timeout = 10s (default)
2019-09-16 16:55:12,511 [pool-67-thread-1] INFO  server.RaftServerConfigKeys (ConfUtils.java:logGet(43)) - raft.server.log.statemachine.data.sync.timeout.retry = -1 (default)
2019-09-16 16:55:12,511 [pool-67-thread-1] INFO  server.RaftServerConfigKeys (ConfUtils.java:logGet(43)) - raft.server.log.statemachine.data.caching.enabled = true (custom)
2019-09-16 16:55:12,514 [pool-67-thread-1] INFO  segmented.SegmentedRaftLogWorker (SegmentedRaftLogWorker.java:lambda$new$0(132)) - 2e525942-e927-41dd-97b7-9b9ba8560315@group-AB125CEF77D7-SegmentedRaftLogWorker: flushIndex: setUnconditionally 0 -> -1
2019-09-16 16:55:12,520 [pool-67-thread-1] INFO  server.RaftServerConfigKeys (ConfUtils.java:logGet(43)) - raft.server.snapshot.auto.trigger.enabled = true (custom)
2019-09-16 16:55:12,523 [pool-67-thread-1] INFO  server.RaftServerConfigKeys (ConfUtils.java:logGet(43)) - raft.server.snapshot.auto.trigger.threshold = 10000 (custom)
2019-09-16 16:55:12,523 [pool-67-thread-1] INFO  server.RaftServerConfigKeys (ConfUtils.java:logGet(43)) - raft.server.snapshot.retention.num.files = -1 (default)
2019-09-16 16:55:12,523 [pool-67-thread-1] INFO  server.RaftServerConfigKeys (ConfUtils.java:logGet(43)) - raft.server.retrycache.expirytime = 600000ms (custom)
2019-09-16 16:55:12,569 [pool-67-thread-1] INFO  impl.RaftServerImpl (RaftServerImpl.java:start(185)) - 2e525942-e927-41dd-97b7-9b9ba8560315@group-AB125CEF77D7: start as a follower, conf=-1: [2e525942-e927-41dd-97b7-9b9ba8560315:192.168.34.37:33333], old=null
2019-09-16 16:55:12,569 [pool-67-thread-1] INFO  impl.RaftServerImpl (RaftServerImpl.java:setRole(174)) - 2e525942-e927-41dd-97b7-9b9ba8560315@group-AB125CEF77D7: changes role from      null to FOLLOWER at term 0 for startAsFollower
2019-09-16 16:55:12,569 [pool-67-thread-1] INFO  impl.RoleInfo (RoleInfo.java:updateAndGet(143)) - 2e525942-e927-41dd-97b7-9b9ba8560315: start FollowerState
2019-09-16 16:55:12,570 [pool-67-thread-1] INFO  util.JmxRegister (JmxRegister.java:tryRegister(44)) - Successfully registered JMX Bean with object name Ratis:service=RaftServer,group=group-AB125CEF77D7,id=2e525942-e927-41dd-97b7-9b9ba8560315
2019-09-16 16:55:12,585 [RatisPipelineUtilsThread] INFO  pipeline.PipelineStateManager (PipelineStateManager.java:addPipeline(56)) - Created pipeline Pipeline[ Id: f47e20c6-76b0-4bb5-9a9e-ab125cef77d7, Nodes: 2e525942-e927-41dd-97b7-9b9ba8560315{ip: 192.168.34.37, host: pr-hdds-1879-plksr-2441821890, networkLocation: /default-rack, certSerialId: null}, Type:RATIS, Factor:ONE, State:OPEN]
2019-09-16 16:55:12,603 [grpc-default-executor-0] INFO  impl.RaftServerProxy (RaftServerProxy.java:addNew(89)) - c232c0ff-9192-4b00-ad60-76b55f03f95e: addNew group-810AA75C5910:[c232c0ff-9192-4b00-ad60-76b55f03f95e:192.168.34.37:42873] returns group-810AA75C5910:java.util.concurrent.CompletableFuture@235ecb56[Not completed]
2019-09-16 16:55:12,608 [pool-97-thread-1] INFO  impl.RaftServerImpl (RaftServerImpl.java:<init>(95)) - c232c0ff-9192-4b00-ad60-76b55f03f95e: new RaftServerImpl for group-810AA75C5910:[c232c0ff-9192-4b00-ad60-76b55f03f95e:192.168.34.37:42873] with ContainerStateMachine:uninitialized
2019-09-16 16:55:12,609 [pool-97-thread-1] INFO  server.RaftServerConfigKeys (ConfUtils.java:logGet(43)) - raft.server.rpc.timeout.min = 1s (custom)
2019-09-16 16:55:12,609 [pool-97-thread-1] INFO  server.RaftServerConfigKeys (ConfUtils.java:logGet(43)) - raft.server.rpc.timeout.max = 1200ms (custom)
2019-09-16 16:55:12,609 [pool-97-thread-1] INFO  server.RaftServerConfigKeys (ConfUtils.java:logGet(43)) - raft.server.rpcslowness.timeout = 120s (custom)
2019-09-16 16:55:12,609 [pool-97-thread-1] INFO  server.RaftServerConfigKeys (ConfUtils.java:logGet(43)) - raft.server.sleep.deviation.threshold = 300 (default)
2019-09-16 16:55:12,609 [pool-97-thread-1] INFO  server.RaftServerConfigKeys (ConfUtils.java:logGet(43)) - raft.server.log.appender.install.snapshot.enabled = false (custom)
2019-09-16 16:55:12,610 [pool-97-thread-1] INFO  impl.RaftServerImpl (ServerState.java:<init>(103)) - c232c0ff-9192-4b00-ad60-76b55f03f95e@group-810AA75C5910: ConfigurationManager, init=-1: [c232c0ff-9192-4b00-ad60-76b55f03f95e:192.168.34.37:42873], old=null, confs=<EMPTY_MAP>
2019-09-16 16:55:12,610 [pool-97-thread-1] INFO  server.RaftServerConfigKeys (ConfUtils.java:logGet(43)) - raft.server.storage.dir = [/workdir/hadoop-ozone/integration-test/target/test-dir/MiniOzoneClusterImpl-df60ebb5-d9ce-4d7d-8dc8-039b243d66da/datanode-7/data/ratis] (custom)
2019-09-16 16:55:12,611 [pool-97-thread-1] INFO  storage.RaftStorageDirectory (RaftStorageDirectory.java:analyzeStorage(246)) - The storage directory /workdir/hadoop-ozone/integration-test/target/test-dir/MiniOzoneClusterImpl-df60ebb5-d9ce-4d7d-8dc8-039b243d66da/datanode-7/data/ratis/55ee6f13-7f9d-4569-a752-810aa75c5910 does not exist. Creating ...
2019-09-16 16:55:12,624 [pool-97-thread-1] INFO  storage.RaftStorageDirectory (RaftStorageDirectory.java:tryLock(328)) - Lock on /workdir/hadoop-ozone/integration-test/target/test-dir/MiniOzoneClusterImpl-df60ebb5-d9ce-4d7d-8dc8-039b243d66da/datanode-7/data/ratis/55ee6f13-7f9d-4569-a752-810aa75c5910/in_use.lock acquired by nodename 13363@pr-hdds-1879-plksr-2441821890
2019-09-16 16:55:12,638 [pool-97-thread-1] INFO  storage.RaftStorage (RaftStorage.java:format(72)) - Storage directory /workdir/hadoop-ozone/integration-test/target/test-dir/MiniOzoneClusterImpl-df60ebb5-d9ce-4d7d-8dc8-039b243d66da/datanode-7/data/ratis/55ee6f13-7f9d-4569-a752-810aa75c5910 has been successfully formatted.
2019-09-16 16:55:12,638 [pool-97-thread-1] INFO  ratis.ContainerStateMachine (ContainerStateMachine.java:loadSnapshot(230)) - group-810AA75C5910: The snapshot info is null. Setting the last applied indexto:(t:0, i:~)
2019-09-16 16:55:12,638 [pool-97-thread-1] INFO  server.RaftServerConfigKeys (ConfUtils.java:logGet(43)) - raft.server.notification.no-leader.timeout = 120s (custom)
2019-09-16 16:55:12,638 [pool-97-thread-1] INFO  server.RaftServerConfigKeys (ConfUtils.java:logGet(43)) - raft.server.log.use.memory = false (default)
2019-09-16 16:55:12,639 [pool-97-thread-1] INFO  server.RaftServerConfigKeys (ConfUtils.java:logGet(43)) - raft.server.log.purge.gap = 1000000 (custom)
2019-09-16 16:55:12,639 [pool-97-thread-1] INFO  server.RaftServerConfigKeys (ConfUtils.java:logGet(43)) - raft.server.log.appender.buffer.byte-limit = 33554432 (custom)
2019-09-16 16:55:12,639 [pool-97-thread-1] INFO  server.RaftServerConfigKeys (ConfUtils.java:logGet(43)) - raft.server.log.segment.size.max = 1048576 (custom)
2019-09-16 16:55:12,639 [pool-97-thread-1] INFO  server.RaftServerConfigKeys (ConfUtils.java:logGet(43)) - raft.server.log.segment.cache.num.max = 2 (custom)
2019-09-16 16:55:12,639 [pool-97-thread-1] INFO  segmented.SegmentedRaftLogWorker (SegmentedRaftLogWorker.java:<init>(172)) - new c232c0ff-9192-4b00-ad60-76b55f03f95e@group-810AA75C5910-SegmentedRaftLogWorker for RaftStorage:Storage Directory /workdir/hadoop-ozone/integration-test/target/test-dir/MiniOzoneClusterImpl-df60ebb5-d9ce-4d7d-8dc8-039b243d66da/datanode-7/data/ratis/55ee6f13-7f9d-4569-a752-810aa75c5910
2019-09-16 16:55:12,643 [pool-97-thread-1] INFO  server.RaftServerConfigKeys (ConfUtils.java:logGet(43)) - raft.server.log.queue.byte-limit = 2147483647 (custom)
2019-09-16 16:55:12,643 [pool-97-thread-1] INFO  server.RaftServerConfigKeys (ConfUtils.java:logGet(43)) - raft.server.log.queue.element-limit = 1024 (custom)
2019-09-16 16:55:12,643 [pool-97-thread-1] INFO  server.RaftServerConfigKeys (ConfUtils.java:logGet(43)) - raft.server.log.segment.size.max = 1048576 (custom)
2019-09-16 16:55:12,643 [pool-97-thread-1] INFO  server.RaftServerConfigKeys (ConfUtils.java:logGet(43)) - raft.server.log.preallocated.size = 16384 (custom)
2019-09-16 16:55:12,644 [pool-97-thread-1] INFO  server.RaftServerConfigKeys (ConfUtils.java:logGet(43)) - raft.server.log.write.buffer.size = 33554432 (custom)
2019-09-16 16:55:12,644 [pool-97-thread-1] INFO  server.RaftServerConfigKeys (ConfUtils.java:logGet(43)) - raft.server.log.force.sync.num = 128 (default)
2019-09-16 16:55:12,644 [pool-97-thread-1] INFO  server.RaftServerConfigKeys (ConfUtils.java:logGet(43)) - raft.server.log.statemachine.data.sync = true (default)
2019-09-16 16:55:12,644 [pool-97-thread-1] INFO  server.RaftServerConfigKeys (ConfUtils.java:logGet(43)) - raft.server.log.statemachine.data.sync.timeout = 10s (default)
2019-09-16 16:55:12,644 [pool-97-thread-1] INFO  server.RaftServerConfigKeys (ConfUtils.java:logGet(43)) - raft.server.log.statemachine.data.sync.timeout.retry = -1 (default)
2019-09-16 16:55:12,645 [pool-97-thread-1] INFO  server.RaftServerConfigKeys (ConfUtils.java:logGet(43)) - raft.server.log.statemachine.data.caching.enabled = true (custom)
2019-09-16 16:55:12,645 [pool-97-thread-1] INFO  segmented.SegmentedRaftLogWorker (SegmentedRaftLogWorker.java:lambda$new$0(132)) - c232c0ff-9192-4b00-ad60-76b55f03f95e@group-810AA75C5910-SegmentedRaftLogWorker: flushIndex: setUnconditionally 0 -> -1
2019-09-16 16:55:12,645 [pool-97-thread-1] INFO  server.RaftServerConfigKeys (ConfUtils.java:logGet(43)) - raft.server.snapshot.auto.trigger.enabled = true (custom)
2019-09-16 16:55:12,646 [pool-97-thread-1] INFO  server.RaftServerConfigKeys (ConfUtils.java:logGet(43)) - raft.server.snapshot.auto.trigger.threshold = 10000 (custom)
2019-09-16 16:55:12,646 [pool-97-thread-1] INFO  server.RaftServerConfigKeys (ConfUtils.java:logGet(43)) - raft.server.snapshot.retention.num.files = -1 (default)
2019-09-16 16:55:12,646 [pool-97-thread-1] INFO  server.RaftServerConfigKeys (ConfUtils.java:logGet(43)) - raft.server.retrycache.expirytime = 600000ms (custom)
2019-09-16 16:55:12,649 [pool-97-thread-1] INFO  impl.RaftServerImpl (RaftServerImpl.java:start(185)) - c232c0ff-9192-4b00-ad60-76b55f03f95e@group-810AA75C5910: start as a follower, conf=-1: [c232c0ff-9192-4b00-ad60-76b55f03f95e:192.168.34.37:42873], old=null
2019-09-16 16:55:12,649 [pool-97-thread-1] INFO  impl.RaftServerImpl (RaftServerImpl.java:setRole(174)) - c232c0ff-9192-4b00-ad60-76b55f03f95e@group-810AA75C5910: changes role from      null to FOLLOWER at term 0 for startAsFollower
2019-09-16 16:55:12,649 [pool-97-thread-1] INFO  impl.RoleInfo (RoleInfo.java:updateAndGet(143)) - c232c0ff-9192-4b00-ad60-76b55f03f95e: start FollowerState
2019-09-16 16:55:12,650 [pool-97-thread-1] INFO  util.JmxRegister (JmxRegister.java:tryRegister(44)) - Successfully registered JMX Bean with object name Ratis:service=RaftServer,group=group-810AA75C5910,id=c232c0ff-9192-4b00-ad60-76b55f03f95e
2019-09-16 16:55:12,666 [RatisPipelineUtilsThread] INFO  pipeline.PipelineStateManager (PipelineStateManager.java:addPipeline(56)) - Created pipeline Pipeline[ Id: 55ee6f13-7f9d-4569-a752-810aa75c5910, Nodes: c232c0ff-9192-4b00-ad60-76b55f03f95e{ip: 192.168.34.37, host: pr-hdds-1879-plksr-2441821890, networkLocation: /default-rack, certSerialId: null}, Type:RATIS, Factor:ONE, State:OPEN]
2019-09-16 16:55:12,687 [grpc-default-executor-0] INFO  impl.RaftServerProxy (RaftServerProxy.java:addNew(89)) - 315b4b00-5c1a-4cba-b27d-9eac94437c20: addNew group-BEE6E34C2DE2:[315b4b00-5c1a-4cba-b27d-9eac94437c20:192.168.34.37:43197] returns group-BEE6E34C2DE2:java.util.concurrent.CompletableFuture@1c98c4ab[Not completed]
2019-09-16 16:55:12,694 [pool-87-thread-1] INFO  impl.RaftServerImpl (RaftServerImpl.java:<init>(95)) - 315b4b00-5c1a-4cba-b27d-9eac94437c20: new RaftServerImpl for group-BEE6E34C2DE2:[315b4b00-5c1a-4cba-b27d-9eac94437c20:192.168.34.37:43197] with ContainerStateMachine:uninitialized
2019-09-16 16:55:12,694 [pool-87-thread-1] INFO  server.RaftServerConfigKeys (ConfUtils.java:logGet(43)) - raft.server.rpc.timeout.min = 1s (custom)
2019-09-16 16:55:12,694 [pool-87-thread-1] INFO  server.RaftServerConfigKeys (ConfUtils.java:logGet(43)) - raft.server.rpc.timeout.max = 1200ms (custom)
2019-09-16 16:55:12,694 [pool-87-thread-1] INFO  server.RaftServerConfigKeys (ConfUtils.java:logGet(43)) - raft.server.rpcslowness.timeout = 120s (custom)
2019-09-16 16:55:12,694 [pool-87-thread-1] INFO  server.RaftServerConfigKeys (ConfUtils.java:logGet(43)) - raft.server.sleep.deviation.threshold = 300 (default)
2019-09-16 16:55:12,695 [pool-87-thread-1] INFO  server.RaftServerConfigKeys (ConfUtils.java:logGet(43)) - raft.server.log.appender.install.snapshot.enabled = false (custom)
2019-09-16 16:55:12,695 [pool-87-thread-1] INFO  impl.RaftServerImpl (ServerState.java:<init>(103)) - 315b4b00-5c1a-4cba-b27d-9eac94437c20@group-BEE6E34C2DE2: ConfigurationManager, init=-1: [315b4b00-5c1a-4cba-b27d-9eac94437c20:192.168.34.37:43197], old=null, confs=<EMPTY_MAP>
2019-09-16 16:55:12,695 [pool-87-thread-1] INFO  server.RaftServerConfigKeys (ConfUtils.java:logGet(43)) - raft.server.storage.dir = [/workdir/hadoop-ozone/integration-test/target/test-dir/MiniOzoneClusterImpl-df60ebb5-d9ce-4d7d-8dc8-039b243d66da/datanode-6/data/ratis] (custom)
2019-09-16 16:55:12,696 [pool-87-thread-1] INFO  storage.RaftStorageDirectory (RaftStorageDirectory.java:analyzeStorage(246)) - The storage directory /workdir/hadoop-ozone/integration-test/target/test-dir/MiniOzoneClusterImpl-df60ebb5-d9ce-4d7d-8dc8-039b243d66da/datanode-6/data/ratis/7818904d-b51b-48c7-856f-bee6e34c2de2 does not exist. Creating ...
2019-09-16 16:55:12,698 [main] INFO  ozone.MiniOzoneClusterImpl (MiniOzoneClusterImpl.java:lambda$waitForClusterToBeReady$0(140)) - Cluster is ready. Got 10 of 10 DN Heartbeats.
2019-09-16 16:55:12,709 [pool-87-thread-1] INFO  storage.RaftStorageDirectory (RaftStorageDirectory.java:tryLock(328)) - Lock on /workdir/hadoop-ozone/integration-test/target/test-dir/MiniOzoneClusterImpl-df60ebb5-d9ce-4d7d-8dc8-039b243d66da/datanode-6/data/ratis/7818904d-b51b-48c7-856f-bee6e34c2de2/in_use.lock acquired by nodename 13363@pr-hdds-1879-plksr-2441821890
2019-09-16 16:55:12,723 [pool-87-thread-1] INFO  storage.RaftStorage (RaftStorage.java:format(72)) - Storage directory /workdir/hadoop-ozone/integration-test/target/test-dir/MiniOzoneClusterImpl-df60ebb5-d9ce-4d7d-8dc8-039b243d66da/datanode-6/data/ratis/7818904d-b51b-48c7-856f-bee6e34c2de2 has been successfully formatted.
2019-09-16 16:55:12,723 [pool-87-thread-1] INFO  ratis.ContainerStateMachine (ContainerStateMachine.java:loadSnapshot(230)) - group-BEE6E34C2DE2: The snapshot info is null. Setting the last applied indexto:(t:0, i:~)
2019-09-16 16:55:12,724 [pool-87-thread-1] INFO  server.RaftServerConfigKeys (ConfUtils.java:logGet(43)) - raft.server.notification.no-leader.timeout = 120s (custom)
2019-09-16 16:55:12,724 [pool-87-thread-1] INFO  server.RaftServerConfigKeys (ConfUtils.java:logGet(43)) - raft.server.log.use.memory = false (default)
2019-09-16 16:55:12,724 [pool-87-thread-1] INFO  server.RaftServerConfigKeys (ConfUtils.java:logGet(43)) - raft.server.log.purge.gap = 1000000 (custom)
2019-09-16 16:55:12,724 [pool-87-thread-1] INFO  server.RaftServerConfigKeys (ConfUtils.java:logGet(43)) - raft.server.log.appender.buffer.byte-limit = 33554432 (custom)
2019-09-16 16:55:12,725 [pool-87-thread-1] INFO  server.RaftServerConfigKeys (ConfUtils.java:logGet(43)) - raft.server.log.segment.size.max = 1048576 (custom)
2019-09-16 16:55:12,725 [pool-87-thread-1] INFO  server.RaftServerConfigKeys (ConfUtils.java:logGet(43)) - raft.server.log.segment.cache.num.max = 2 (custom)
2019-09-16 16:55:12,725 [pool-87-thread-1] INFO  segmented.SegmentedRaftLogWorker (SegmentedRaftLogWorker.java:<init>(172)) - new 315b4b00-5c1a-4cba-b27d-9eac94437c20@group-BEE6E34C2DE2-SegmentedRaftLogWorker for RaftStorage:Storage Directory /workdir/hadoop-ozone/integration-test/target/test-dir/MiniOzoneClusterImpl-df60ebb5-d9ce-4d7d-8dc8-039b243d66da/datanode-6/data/ratis/7818904d-b51b-48c7-856f-bee6e34c2de2
2019-09-16 16:55:12,730 [pool-87-thread-1] INFO  server.RaftServerConfigKeys (ConfUtils.java:logGet(43)) - raft.server.log.queue.byte-limit = 2147483647 (custom)
2019-09-16 16:55:12,731 [pool-87-thread-1] INFO  server.RaftServerConfigKeys (ConfUtils.java:logGet(43)) - raft.server.log.queue.element-limit = 1024 (custom)
2019-09-16 16:55:12,731 [pool-87-thread-1] INFO  server.RaftServerConfigKeys (ConfUtils.java:logGet(43)) - raft.server.log.segment.size.max = 1048576 (custom)
2019-09-16 16:55:12,731 [pool-87-thread-1] INFO  server.RaftServerConfigKeys (ConfUtils.java:logGet(43)) - raft.server.log.preallocated.size = 16384 (custom)
2019-09-16 16:55:12,732 [pool-87-thread-1] INFO  server.RaftServerConfigKeys (ConfUtils.java:logGet(43)) - raft.server.log.write.buffer.size = 33554432 (custom)
2019-09-16 16:55:12,732 [pool-87-thread-1] INFO  server.RaftServerConfigKeys (ConfUtils.java:logGet(43)) - raft.server.log.force.sync.num = 128 (default)
2019-09-16 16:55:12,732 [pool-87-thread-1] INFO  server.RaftServerConfigKeys (ConfUtils.java:logGet(43)) - raft.server.log.statemachine.data.sync = true (default)
2019-09-16 16:55:12,733 [pool-87-thread-1] INFO  server.RaftServerConfigKeys (ConfUtils.java:logGet(43)) - raft.server.log.statemachine.data.sync.timeout = 10s (default)
2019-09-16 16:55:12,733 [pool-87-thread-1] INFO  server.RaftServerConfigKeys (ConfUtils.java:logGet(43)) - raft.server.log.statemachine.data.sync.timeout.retry = -1 (default)
2019-09-16 16:55:12,734 [pool-87-thread-1] INFO  server.RaftServerConfigKeys (ConfUtils.java:logGet(43)) - raft.server.log.statemachine.data.caching.enabled = true (custom)
2019-09-16 16:55:12,734 [pool-87-thread-1] INFO  segmented.SegmentedRaftLogWorker (SegmentedRaftLogWorker.java:lambda$new$0(132)) - 315b4b00-5c1a-4cba-b27d-9eac94437c20@group-BEE6E34C2DE2-SegmentedRaftLogWorker: flushIndex: setUnconditionally 0 -> -1
2019-09-16 16:55:12,735 [pool-87-thread-1] INFO  server.RaftServerConfigKeys (ConfUtils.java:logGet(43)) - raft.server.snapshot.auto.trigger.enabled = true (custom)
2019-09-16 16:55:12,735 [pool-87-thread-1] INFO  server.RaftServerConfigKeys (ConfUtils.java:logGet(43)) - raft.server.snapshot.auto.trigger.threshold = 10000 (custom)
2019-09-16 16:55:12,735 [pool-87-thread-1] INFO  server.RaftServerConfigKeys (ConfUtils.java:logGet(43)) - raft.server.snapshot.retention.num.files = -1 (default)
2019-09-16 16:55:12,735 [pool-87-thread-1] INFO  server.RaftServerConfigKeys (ConfUtils.java:logGet(43)) - raft.server.retrycache.expirytime = 600000ms (custom)
2019-09-16 16:55:12,739 [pool-87-thread-1] INFO  impl.RaftServerImpl (RaftServerImpl.java:start(185)) - 315b4b00-5c1a-4cba-b27d-9eac94437c20@group-BEE6E34C2DE2: start as a follower, conf=-1: [315b4b00-5c1a-4cba-b27d-9eac94437c20:192.168.34.37:43197], old=null
2019-09-16 16:55:12,740 [pool-87-thread-1] INFO  impl.RaftServerImpl (RaftServerImpl.java:setRole(174)) - 315b4b00-5c1a-4cba-b27d-9eac94437c20@group-BEE6E34C2DE2: changes role from      null to FOLLOWER at term 0 for startAsFollower
2019-09-16 16:55:12,740 [pool-87-thread-1] INFO  impl.RoleInfo (RoleInfo.java:updateAndGet(143)) - 315b4b00-5c1a-4cba-b27d-9eac94437c20: start FollowerState
2019-09-16 16:55:12,740 [pool-87-thread-1] INFO  util.JmxRegister (JmxRegister.java:tryRegister(44)) - Successfully registered JMX Bean with object name Ratis:service=RaftServer,group=group-BEE6E34C2DE2,id=315b4b00-5c1a-4cba-b27d-9eac94437c20
2019-09-16 16:55:12,767 [RatisPipelineUtilsThread] INFO  pipeline.PipelineStateManager (PipelineStateManager.java:addPipeline(56)) - Created pipeline Pipeline[ Id: 7818904d-b51b-48c7-856f-bee6e34c2de2, Nodes: 315b4b00-5c1a-4cba-b27d-9eac94437c20{ip: 192.168.34.37, host: pr-hdds-1879-plksr-2441821890, networkLocation: /default-rack, certSerialId: null}, Type:RATIS, Factor:ONE, State:OPEN]
2019-09-16 16:55:12,787 [grpc-default-executor-0] INFO  impl.RaftServerProxy (RaftServerProxy.java:addNew(89)) - 84a51469-6089-434c-9409-be6ecd1b15ae: addNew group-58588758826D:[84a51469-6089-434c-9409-be6ecd1b15ae:192.168.34.37:37072] returns group-58588758826D:java.util.concurrent.CompletableFuture@3abe8a21[Not completed]
2019-09-16 16:55:12,792 [pool-117-thread-1] INFO  impl.RaftServerImpl (RaftServerImpl.java:<init>(95)) - 84a51469-6089-434c-9409-be6ecd1b15ae: new RaftServerImpl for group-58588758826D:[84a51469-6089-434c-9409-be6ecd1b15ae:192.168.34.37:37072] with ContainerStateMachine:uninitialized
2019-09-16 16:55:12,792 [pool-117-thread-1] INFO  server.RaftServerConfigKeys (ConfUtils.java:logGet(43)) - raft.server.rpc.timeout.min = 1s (custom)
2019-09-16 16:55:12,792 [pool-117-thread-1] INFO  server.RaftServerConfigKeys (ConfUtils.java:logGet(43)) - raft.server.rpc.timeout.max = 1200ms (custom)
2019-09-16 16:55:12,792 [pool-117-thread-1] INFO  server.RaftServerConfigKeys (ConfUtils.java:logGet(43)) - raft.server.rpcslowness.timeout = 120s (custom)
2019-09-16 16:55:12,792 [pool-117-thread-1] INFO  server.RaftServerConfigKeys (ConfUtils.java:logGet(43)) - raft.server.sleep.deviation.threshold = 300 (default)
2019-09-16 16:55:12,793 [pool-117-thread-1] INFO  server.RaftServerConfigKeys (ConfUtils.java:logGet(43)) - raft.server.log.appender.install.snapshot.enabled = false (custom)
2019-09-16 16:55:12,793 [pool-117-thread-1] INFO  impl.RaftServerImpl (ServerState.java:<init>(103)) - 84a51469-6089-434c-9409-be6ecd1b15ae@group-58588758826D: ConfigurationManager, init=-1: [84a51469-6089-434c-9409-be6ecd1b15ae:192.168.34.37:37072], old=null, confs=<EMPTY_MAP>
2019-09-16 16:55:12,793 [pool-117-thread-1] INFO  server.RaftServerConfigKeys (ConfUtils.java:logGet(43)) - raft.server.storage.dir = [/workdir/hadoop-ozone/integration-test/target/test-dir/MiniOzoneClusterImpl-df60ebb5-d9ce-4d7d-8dc8-039b243d66da/datanode-9/data/ratis] (custom)
2019-09-16 16:55:12,793 [pool-117-thread-1] INFO  storage.RaftStorageDirectory (RaftStorageDirectory.java:analyzeStorage(246)) - The storage directory /workdir/hadoop-ozone/integration-test/target/test-dir/MiniOzoneClusterImpl-df60ebb5-d9ce-4d7d-8dc8-039b243d66da/datanode-9/data/ratis/285e2afe-2f13-470b-86c4-58588758826d does not exist. Creating ...
2019-09-16 16:55:12,805 [pool-117-thread-1] INFO  storage.RaftStorageDirectory (RaftStorageDirectory.java:tryLock(328)) - Lock on /workdir/hadoop-ozone/integration-test/target/test-dir/MiniOzoneClusterImpl-df60ebb5-d9ce-4d7d-8dc8-039b243d66da/datanode-9/data/ratis/285e2afe-2f13-470b-86c4-58588758826d/in_use.lock acquired by nodename 13363@pr-hdds-1879-plksr-2441821890
2019-09-16 16:55:12,818 [pool-117-thread-1] INFO  storage.RaftStorage (RaftStorage.java:format(72)) - Storage directory /workdir/hadoop-ozone/integration-test/target/test-dir/MiniOzoneClusterImpl-df60ebb5-d9ce-4d7d-8dc8-039b243d66da/datanode-9/data/ratis/285e2afe-2f13-470b-86c4-58588758826d has been successfully formatted.
2019-09-16 16:55:12,818 [pool-117-thread-1] INFO  ratis.ContainerStateMachine (ContainerStateMachine.java:loadSnapshot(230)) - group-58588758826D: The snapshot info is null. Setting the last applied indexto:(t:0, i:~)
2019-09-16 16:55:12,818 [pool-117-thread-1] INFO  server.RaftServerConfigKeys (ConfUtils.java:logGet(43)) - raft.server.notification.no-leader.timeout = 120s (custom)
2019-09-16 16:55:12,818 [pool-117-thread-1] INFO  server.RaftServerConfigKeys (ConfUtils.java:logGet(43)) - raft.server.log.use.memory = false (default)
2019-09-16 16:55:12,819 [pool-117-thread-1] INFO  server.RaftServerConfigKeys (ConfUtils.java:logGet(43)) - raft.server.log.purge.gap = 1000000 (custom)
2019-09-16 16:55:12,819 [pool-117-thread-1] INFO  server.RaftServerConfigKeys (ConfUtils.java:logGet(43)) - raft.server.log.appender.buffer.byte-limit = 33554432 (custom)
2019-09-16 16:55:12,819 [pool-117-thread-1] INFO  server.RaftServerConfigKeys (ConfUtils.java:logGet(43)) - raft.server.log.segment.size.max = 1048576 (custom)
2019-09-16 16:55:12,819 [pool-117-thread-1] INFO  server.RaftServerConfigKeys (ConfUtils.java:logGet(43)) - raft.server.log.segment.cache.num.max = 2 (custom)
2019-09-16 16:55:12,819 [pool-117-thread-1] INFO  segmented.SegmentedRaftLogWorker (SegmentedRaftLogWorker.java:<init>(172)) - new 84a51469-6089-434c-9409-be6ecd1b15ae@group-58588758826D-SegmentedRaftLogWorker for RaftStorage:Storage Directory /workdir/hadoop-ozone/integration-test/target/test-dir/MiniOzoneClusterImpl-df60ebb5-d9ce-4d7d-8dc8-039b243d66da/datanode-9/data/ratis/285e2afe-2f13-470b-86c4-58588758826d
2019-09-16 16:55:12,822 [pool-117-thread-1] INFO  server.RaftServerConfigKeys (ConfUtils.java:logGet(43)) - raft.server.log.queue.byte-limit = 2147483647 (custom)
2019-09-16 16:55:12,822 [pool-117-thread-1] INFO  server.RaftServerConfigKeys (ConfUtils.java:logGet(43)) - raft.server.log.queue.element-limit = 1024 (custom)
2019-09-16 16:55:12,822 [pool-117-thread-1] INFO  server.RaftServerConfigKeys (ConfUtils.java:logGet(43)) - raft.server.log.segment.size.max = 1048576 (custom)
2019-09-16 16:55:12,823 [pool-117-thread-1] INFO  server.RaftServerConfigKeys (ConfUtils.java:logGet(43)) - raft.server.log.preallocated.size = 16384 (custom)
2019-09-16 16:55:12,823 [pool-117-thread-1] INFO  server.RaftServerConfigKeys (ConfUtils.java:logGet(43)) - raft.server.log.write.buffer.size = 33554432 (custom)
2019-09-16 16:55:12,823 [pool-117-thread-1] INFO  server.RaftServerConfigKeys (ConfUtils.java:logGet(43)) - raft.server.log.force.sync.num = 128 (default)
2019-09-16 16:55:12,823 [pool-117-thread-1] INFO  server.RaftServerConfigKeys (ConfUtils.java:logGet(43)) - raft.server.log.statemachine.data.sync = true (default)
2019-09-16 16:55:12,823 [pool-117-thread-1] INFO  server.RaftServerConfigKeys (ConfUtils.java:logGet(43)) - raft.server.log.statemachine.data.sync.timeout = 10s (default)
2019-09-16 16:55:12,823 [pool-117-thread-1] INFO  server.RaftServerConfigKeys (ConfUtils.java:logGet(43)) - raft.server.log.statemachine.data.sync.timeout.retry = -1 (default)
2019-09-16 16:55:12,823 [pool-117-thread-1] INFO  server.RaftServerConfigKeys (ConfUtils.java:logGet(43)) - raft.server.log.statemachine.data.caching.enabled = true (custom)
2019-09-16 16:55:12,824 [pool-117-thread-1] INFO  segmented.SegmentedRaftLogWorker (SegmentedRaftLogWorker.java:lambda$new$0(132)) - 84a51469-6089-434c-9409-be6ecd1b15ae@group-58588758826D-SegmentedRaftLogWorker: flushIndex: setUnconditionally 0 -> -1
2019-09-16 16:55:12,824 [pool-117-thread-1] INFO  server.RaftServerConfigKeys (ConfUtils.java:logGet(43)) - raft.server.snapshot.auto.trigger.enabled = true (custom)
2019-09-16 16:55:12,824 [pool-117-thread-1] INFO  server.RaftServerConfigKeys (ConfUtils.java:logGet(43)) - raft.server.snapshot.auto.trigger.threshold = 10000 (custom)
2019-09-16 16:55:12,824 [pool-117-thread-1] INFO  server.RaftServerConfigKeys (ConfUtils.java:logGet(43)) - raft.server.snapshot.retention.num.files = -1 (default)
2019-09-16 16:55:12,824 [pool-117-thread-1] INFO  server.RaftServerConfigKeys (ConfUtils.java:logGet(43)) - raft.server.retrycache.expirytime = 600000ms (custom)
2019-09-16 16:55:12,826 [pool-117-thread-1] INFO  impl.RaftServerImpl (RaftServerImpl.java:start(185)) - 84a51469-6089-434c-9409-be6ecd1b15ae@group-58588758826D: start as a follower, conf=-1: [84a51469-6089-434c-9409-be6ecd1b15ae:192.168.34.37:37072], old=null
2019-09-16 16:55:12,826 [pool-117-thread-1] INFO  impl.RaftServerImpl (RaftServerImpl.java:setRole(174)) - 84a51469-6089-434c-9409-be6ecd1b15ae@group-58588758826D: changes role from      null to FOLLOWER at term 0 for startAsFollower
2019-09-16 16:55:12,826 [pool-117-thread-1] INFO  impl.RoleInfo (RoleInfo.java:updateAndGet(143)) - 84a51469-6089-434c-9409-be6ecd1b15ae: start FollowerState
2019-09-16 16:55:12,826 [pool-117-thread-1] INFO  util.JmxRegister (JmxRegister.java:tryRegister(44)) - Successfully registered JMX Bean with object name Ratis:service=RaftServer,group=group-58588758826D,id=84a51469-6089-434c-9409-be6ecd1b15ae
2019-09-16 16:55:12,841 [RatisPipelineUtilsThread] INFO  pipeline.PipelineStateManager (PipelineStateManager.java:addPipeline(56)) - Created pipeline Pipeline[ Id: 285e2afe-2f13-470b-86c4-58588758826d, Nodes: 84a51469-6089-434c-9409-be6ecd1b15ae{ip: 192.168.34.37, host: pr-hdds-1879-plksr-2441821890, networkLocation: /default-rack, certSerialId: null}, Type:RATIS, Factor:ONE, State:OPEN]
2019-09-16 16:55:12,853 [Thread-285] INFO  impl.FollowerState (FollowerState.java:run(106)) - 82d73395-84ed-4f5d-a3d4-b8dc3778e9c8:group-55B4C9D8213F changes to CANDIDATE, lastRpcTime:1006, electionTimeout:1002ms
2019-09-16 16:55:12,857 [Thread-285] INFO  impl.RoleInfo (RoleInfo.java:shutdownFollowerState(121)) - 82d73395-84ed-4f5d-a3d4-b8dc3778e9c8: shutdown FollowerState
2019-09-16 16:55:12,858 [Thread-285] INFO  impl.RaftServerImpl (RaftServerImpl.java:setRole(174)) - 82d73395-84ed-4f5d-a3d4-b8dc3778e9c8@group-55B4C9D8213F: changes role from  FOLLOWER to CANDIDATE at term 0 for changeToCandidate
2019-09-16 16:55:12,862 [grpc-default-executor-0] INFO  impl.RaftServerProxy (RaftServerProxy.java:addNew(89)) - ff1392d6-f741-46e8-b06b-d99a585290d3: addNew group-F94A4F0F3961:[ff1392d6-f741-46e8-b06b-d99a585290d3:192.168.34.37:33009] returns group-F94A4F0F3961:java.util.concurrent.CompletableFuture@1f3917e6[Not completed]
2019-09-16 16:55:12,867 [pool-107-thread-1] INFO  impl.RaftServerImpl (RaftServerImpl.java:<init>(95)) - ff1392d6-f741-46e8-b06b-d99a585290d3: new RaftServerImpl for group-F94A4F0F3961:[ff1392d6-f741-46e8-b06b-d99a585290d3:192.168.34.37:33009] with ContainerStateMachine:uninitialized
2019-09-16 16:55:12,867 [pool-107-thread-1] INFO  server.RaftServerConfigKeys (ConfUtils.java:logGet(43)) - raft.server.rpc.timeout.min = 1s (custom)
2019-09-16 16:55:12,867 [pool-107-thread-1] INFO  server.RaftServerConfigKeys (ConfUtils.java:logGet(43)) - raft.server.rpc.timeout.max = 1200ms (custom)
2019-09-16 16:55:12,867 [pool-107-thread-1] INFO  server.RaftServerConfigKeys (ConfUtils.java:logGet(43)) - raft.server.rpcslowness.timeout = 120s (custom)
2019-09-16 16:55:12,867 [pool-107-thread-1] INFO  server.RaftServerConfigKeys (ConfUtils.java:logGet(43)) - raft.server.sleep.deviation.threshold = 300 (default)
2019-09-16 16:55:12,867 [pool-107-thread-1] INFO  server.RaftServerConfigKeys (ConfUtils.java:logGet(43)) - raft.server.log.appender.install.snapshot.enabled = false (custom)
2019-09-16 16:55:12,870 [pool-107-thread-1] INFO  impl.RaftServerImpl (ServerState.java:<init>(103)) - ff1392d6-f741-46e8-b06b-d99a585290d3@group-F94A4F0F3961: ConfigurationManager, init=-1: [ff1392d6-f741-46e8-b06b-d99a585290d3:192.168.34.37:33009], old=null, confs=<EMPTY_MAP>
2019-09-16 16:55:12,870 [Thread-285] INFO  impl.RoleInfo (RoleInfo.java:updateAndGet(143)) - 82d73395-84ed-4f5d-a3d4-b8dc3778e9c8: start LeaderElection
2019-09-16 16:55:12,870 [pool-107-thread-1] INFO  server.RaftServerConfigKeys (ConfUtils.java:logGet(43)) - raft.server.storage.dir = [/workdir/hadoop-ozone/integration-test/target/test-dir/MiniOzoneClusterImpl-df60ebb5-d9ce-4d7d-8dc8-039b243d66da/datanode-8/data/ratis] (custom)
2019-09-16 16:55:12,872 [pool-107-thread-1] INFO  storage.RaftStorageDirectory (RaftStorageDirectory.java:analyzeStorage(246)) - The storage directory /workdir/hadoop-ozone/integration-test/target/test-dir/MiniOzoneClusterImpl-df60ebb5-d9ce-4d7d-8dc8-039b243d66da/datanode-8/data/ratis/77e4319c-a4c7-4c6a-a46e-f94a4f0f3961 does not exist. Creating ...
2019-09-16 16:55:12,889 [pool-107-thread-1] INFO  storage.RaftStorageDirectory (RaftStorageDirectory.java:tryLock(328)) - Lock on /workdir/hadoop-ozone/integration-test/target/test-dir/MiniOzoneClusterImpl-df60ebb5-d9ce-4d7d-8dc8-039b243d66da/datanode-8/data/ratis/77e4319c-a4c7-4c6a-a46e-f94a4f0f3961/in_use.lock acquired by nodename 13363@pr-hdds-1879-plksr-2441821890
2019-09-16 16:55:12,889 [82d73395-84ed-4f5d-a3d4-b8dc3778e9c8@group-55B4C9D8213F:LeaderElection1] INFO  impl.LeaderElection (LeaderElection.java:askForVotes(182)) - 82d73395-84ed-4f5d-a3d4-b8dc3778e9c8@group-55B4C9D8213F:LeaderElection1: begin an election at term 1 for -1: [82d73395-84ed-4f5d-a3d4-b8dc3778e9c8:192.168.34.37:45600], old=null
2019-09-16 16:55:12,890 [82d73395-84ed-4f5d-a3d4-b8dc3778e9c8@group-55B4C9D8213F:LeaderElection1] INFO  impl.RoleInfo (RoleInfo.java:shutdownLeaderElection(134)) - 82d73395-84ed-4f5d-a3d4-b8dc3778e9c8: shutdown LeaderElection
2019-09-16 16:55:12,890 [82d73395-84ed-4f5d-a3d4-b8dc3778e9c8@group-55B4C9D8213F:LeaderElection1] INFO  impl.RaftServerImpl (RaftServerImpl.java:setRole(174)) - 82d73395-84ed-4f5d-a3d4-b8dc3778e9c8@group-55B4C9D8213F: changes role from CANDIDATE to LEADER at term 1 for changeToLeader
2019-09-16 16:55:12,890 [82d73395-84ed-4f5d-a3d4-b8dc3778e9c8@group-55B4C9D8213F:LeaderElection1] INFO  impl.RaftServerImpl (ServerState.java:setLeader(253)) - 82d73395-84ed-4f5d-a3d4-b8dc3778e9c8@group-55B4C9D8213F: change Leader from null to 82d73395-84ed-4f5d-a3d4-b8dc3778e9c8 at term 1 for becomeLeader, leader elected after 1147ms
2019-09-16 16:55:12,902 [82d73395-84ed-4f5d-a3d4-b8dc3778e9c8@group-55B4C9D8213F:LeaderElection1] INFO  server.RaftServerConfigKeys (ConfUtils.java:logGet(43)) - raft.server.staging.catchup.gap = 1000 (default)
2019-09-16 16:55:12,902 [pool-107-thread-1] INFO  storage.RaftStorage (RaftStorage.java:format(72)) - Storage directory /workdir/hadoop-ozone/integration-test/target/test-dir/MiniOzoneClusterImpl-df60ebb5-d9ce-4d7d-8dc8-039b243d66da/datanode-8/data/ratis/77e4319c-a4c7-4c6a-a46e-f94a4f0f3961 has been successfully formatted.
2019-09-16 16:55:12,902 [82d73395-84ed-4f5d-a3d4-b8dc3778e9c8@group-55B4C9D8213F:LeaderElection1] INFO  server.RaftServerConfigKeys (ConfUtils.java:logGet(43)) - raft.server.rpc.sleep.time = 25ms (default)
2019-09-16 16:55:12,903 [pool-107-thread-1] INFO  ratis.ContainerStateMachine (ContainerStateMachine.java:loadSnapshot(230)) - group-F94A4F0F3961: The snapshot info is null. Setting the last applied indexto:(t:0, i:~)
2019-09-16 16:55:12,904 [pool-107-thread-1] INFO  server.RaftServerConfigKeys (ConfUtils.java:logGet(43)) - raft.server.notification.no-leader.timeout = 120s (custom)
2019-09-16 16:55:12,904 [pool-107-thread-1] INFO  server.RaftServerConfigKeys (ConfUtils.java:logGet(43)) - raft.server.log.use.memory = false (default)
2019-09-16 16:55:12,905 [pool-107-thread-1] INFO  server.RaftServerConfigKeys (ConfUtils.java:logGet(43)) - raft.server.log.purge.gap = 1000000 (custom)
2019-09-16 16:55:12,905 [pool-107-thread-1] INFO  server.RaftServerConfigKeys (ConfUtils.java:logGet(43)) - raft.server.log.appender.buffer.byte-limit = 33554432 (custom)
2019-09-16 16:55:12,905 [pool-107-thread-1] INFO  server.RaftServerConfigKeys (ConfUtils.java:logGet(43)) - raft.server.log.segment.size.max = 1048576 (custom)
2019-09-16 16:55:12,905 [pool-107-thread-1] INFO  server.RaftServerConfigKeys (ConfUtils.java:logGet(43)) - raft.server.log.segment.cache.num.max = 2 (custom)
2019-09-16 16:55:12,905 [pool-107-thread-1] INFO  segmented.SegmentedRaftLogWorker (SegmentedRaftLogWorker.java:<init>(172)) - new ff1392d6-f741-46e8-b06b-d99a585290d3@group-F94A4F0F3961-SegmentedRaftLogWorker for RaftStorage:Storage Directory /workdir/hadoop-ozone/integration-test/target/test-dir/MiniOzoneClusterImpl-df60ebb5-d9ce-4d7d-8dc8-039b243d66da/datanode-8/data/ratis/77e4319c-a4c7-4c6a-a46e-f94a4f0f3961
2019-09-16 16:55:12,906 [82d73395-84ed-4f5d-a3d4-b8dc3778e9c8@group-55B4C9D8213F:LeaderElection1] INFO  server.RaftServerConfigKeys (ConfUtils.java:logGet(43)) - raft.server.write.element-limit = 4096 (default)
2019-09-16 16:55:12,908 [pool-107-thread-1] INFO  server.RaftServerConfigKeys (ConfUtils.java:logGet(43)) - raft.server.log.queue.byte-limit = 2147483647 (custom)
2019-09-16 16:55:12,908 [pool-107-thread-1] INFO  server.RaftServerConfigKeys (ConfUtils.java:logGet(43)) - raft.server.log.queue.element-limit = 1024 (custom)
2019-09-16 16:55:12,908 [pool-107-thread-1] INFO  server.RaftServerConfigKeys (ConfUtils.java:logGet(43)) - raft.server.log.segment.size.max = 1048576 (custom)
2019-09-16 16:55:12,908 [82d73395-84ed-4f5d-a3d4-b8dc3778e9c8@group-55B4C9D8213F:LeaderElection1] INFO  server.RaftServerConfigKeys (ConfUtils.java:logGet(43)) - raft.server.watch.timeout = 10s (default)
2019-09-16 16:55:12,908 [pool-107-thread-1] INFO  server.RaftServerConfigKeys (ConfUtils.java:logGet(43)) - raft.server.log.preallocated.size = 16384 (custom)
2019-09-16 16:55:12,909 [82d73395-84ed-4f5d-a3d4-b8dc3778e9c8@group-55B4C9D8213F:LeaderElection1] INFO  server.RaftServerConfigKeys (ConfUtils.java:logGet(43)) - raft.server.watch.timeout.denomination = 1s (default)
2019-09-16 16:55:12,909 [pool-107-thread-1] INFO  server.RaftServerConfigKeys (ConfUtils.java:logGet(43)) - raft.server.log.write.buffer.size = 33554432 (custom)
2019-09-16 16:55:12,909 [pool-107-thread-1] INFO  server.RaftServerConfigKeys (ConfUtils.java:logGet(43)) - raft.server.log.force.sync.num = 128 (default)
2019-09-16 16:55:12,909 [pool-107-thread-1] INFO  server.RaftServerConfigKeys (ConfUtils.java:logGet(43)) - raft.server.log.statemachine.data.sync = true (default)
2019-09-16 16:55:12,909 [pool-107-thread-1] INFO  server.RaftServerConfigKeys (ConfUtils.java:logGet(43)) - raft.server.log.statemachine.data.sync.timeout = 10s (default)
2019-09-16 16:55:12,909 [pool-107-thread-1] INFO  server.RaftServerConfigKeys (ConfUtils.java:logGet(43)) - raft.server.log.statemachine.data.sync.timeout.retry = -1 (default)
2019-09-16 16:55:12,909 [82d73395-84ed-4f5d-a3d4-b8dc3778e9c8@group-55B4C9D8213F:LeaderElection1] INFO  server.RaftServerConfigKeys (ConfUtils.java:logGet(43)) - raft.server.watch.element-limit = 65536 (default)
2019-09-16 16:55:12,910 [pool-107-thread-1] INFO  server.RaftServerConfigKeys (ConfUtils.java:logGet(43)) - raft.server.log.statemachine.data.caching.enabled = true (custom)
2019-09-16 16:55:12,910 [pool-107-thread-1] INFO  segmented.SegmentedRaftLogWorker (SegmentedRaftLogWorker.java:lambda$new$0(132)) - ff1392d6-f741-46e8-b06b-d99a585290d3@group-F94A4F0F3961-SegmentedRaftLogWorker: flushIndex: setUnconditionally 0 -> -1
2019-09-16 16:55:12,910 [pool-107-thread-1] INFO  server.RaftServerConfigKeys (ConfUtils.java:logGet(43)) - raft.server.snapshot.auto.trigger.enabled = true (custom)
2019-09-16 16:55:12,910 [pool-107-thread-1] INFO  server.RaftServerConfigKeys (ConfUtils.java:logGet(43)) - raft.server.snapshot.auto.trigger.threshold = 10000 (custom)
2019-09-16 16:55:12,910 [pool-107-thread-1] INFO  server.RaftServerConfigKeys (ConfUtils.java:logGet(43)) - raft.server.snapshot.retention.num.files = -1 (default)
2019-09-16 16:55:12,911 [pool-107-thread-1] INFO  server.RaftServerConfigKeys (ConfUtils.java:logGet(43)) - raft.server.retrycache.expirytime = 600000ms (custom)
2019-09-16 16:55:12,913 [pool-107-thread-1] INFO  impl.RaftServerImpl (RaftServerImpl.java:start(185)) - ff1392d6-f741-46e8-b06b-d99a585290d3@group-F94A4F0F3961: start as a follower, conf=-1: [ff1392d6-f741-46e8-b06b-d99a585290d3:192.168.34.37:33009], old=null
2019-09-16 16:55:12,913 [pool-107-thread-1] INFO  impl.RaftServerImpl (RaftServerImpl.java:setRole(174)) - ff1392d6-f741-46e8-b06b-d99a585290d3@group-F94A4F0F3961: changes role from      null to FOLLOWER at term 0 for startAsFollower
2019-09-16 16:55:12,913 [pool-107-thread-1] INFO  impl.RoleInfo (RoleInfo.java:updateAndGet(143)) - ff1392d6-f741-46e8-b06b-d99a585290d3: start FollowerState
2019-09-16 16:55:12,914 [pool-107-thread-1] INFO  util.JmxRegister (JmxRegister.java:tryRegister(44)) - Successfully registered JMX Bean with object name Ratis:service=RaftServer,group=group-F94A4F0F3961,id=ff1392d6-f741-46e8-b06b-d99a585290d3
2019-09-16 16:55:12,926 [RatisPipelineUtilsThread] INFO  pipeline.PipelineStateManager (PipelineStateManager.java:addPipeline(56)) - Created pipeline Pipeline[ Id: 77e4319c-a4c7-4c6a-a46e-f94a4f0f3961, Nodes: ff1392d6-f741-46e8-b06b-d99a585290d3{ip: 192.168.34.37, host: pr-hdds-1879-plksr-2441821890, networkLocation: /default-rack, certSerialId: null}, Type:RATIS, Factor:ONE, State:OPEN]
2019-09-16 16:55:12,927 [82d73395-84ed-4f5d-a3d4-b8dc3778e9c8@group-55B4C9D8213F:LeaderElection1] INFO  impl.RoleInfo (RoleInfo.java:updateAndGet(143)) - 82d73395-84ed-4f5d-a3d4-b8dc3778e9c8: start LeaderState
2019-09-16 16:55:12,951 [grpc-default-executor-0] INFO  impl.RaftServerProxy (RaftServerProxy.java:addNew(89)) - b2efd7c1-6f6c-4a36-a627-0903cf886de6: addNew group-7DC59660F91D:[b2efd7c1-6f6c-4a36-a627-0903cf886de6:192.168.34.37:35760] returns group-7DC59660F91D:java.util.concurrent.CompletableFuture@39d5ac6b[Not completed]
2019-09-16 16:55:12,953 [pool-37-thread-1] INFO  impl.RaftServerImpl (RaftServerImpl.java:<init>(95)) - b2efd7c1-6f6c-4a36-a627-0903cf886de6: new RaftServerImpl for group-7DC59660F91D:[b2efd7c1-6f6c-4a36-a627-0903cf886de6:192.168.34.37:35760] with ContainerStateMachine:uninitialized
2019-09-16 16:55:12,953 [pool-37-thread-1] INFO  server.RaftServerConfigKeys (ConfUtils.java:logGet(43)) - raft.server.rpc.timeout.min = 1s (custom)
2019-09-16 16:55:12,954 [pool-37-thread-1] INFO  server.RaftServerConfigKeys (ConfUtils.java:logGet(43)) - raft.server.rpc.timeout.max = 1200ms (custom)
2019-09-16 16:55:12,954 [pool-37-thread-1] INFO  server.RaftServerConfigKeys (ConfUtils.java:logGet(43)) - raft.server.rpcslowness.timeout = 120s (custom)
2019-09-16 16:55:12,954 [pool-37-thread-1] INFO  server.RaftServerConfigKeys (ConfUtils.java:logGet(43)) - raft.server.sleep.deviation.threshold = 300 (default)
2019-09-16 16:55:12,954 [pool-37-thread-1] INFO  server.RaftServerConfigKeys (ConfUtils.java:logGet(43)) - raft.server.log.appender.install.snapshot.enabled = false (custom)
2019-09-16 16:55:12,954 [pool-37-thread-1] INFO  impl.RaftServerImpl (ServerState.java:<init>(103)) - b2efd7c1-6f6c-4a36-a627-0903cf886de6@group-7DC59660F91D: ConfigurationManager, init=-1: [b2efd7c1-6f6c-4a36-a627-0903cf886de6:192.168.34.37:35760], old=null, confs=<EMPTY_MAP>
2019-09-16 16:55:12,955 [pool-37-thread-1] INFO  server.RaftServerConfigKeys (ConfUtils.java:logGet(43)) - raft.server.storage.dir = [/workdir/hadoop-ozone/integration-test/target/test-dir/MiniOzoneClusterImpl-df60ebb5-d9ce-4d7d-8dc8-039b243d66da/datanode-1/data/ratis] (custom)
2019-09-16 16:55:12,955 [pool-37-thread-1] INFO  storage.RaftStorageDirectory (RaftStorageDirectory.java:analyzeStorage(246)) - The storage directory /workdir/hadoop-ozone/integration-test/target/test-dir/MiniOzoneClusterImpl-df60ebb5-d9ce-4d7d-8dc8-039b243d66da/datanode-1/data/ratis/d049a5cc-9bcb-455b-8690-7dc59660f91d does not exist. Creating ...
2019-09-16 16:55:12,963 [82d73395-84ed-4f5d-a3d4-b8dc3778e9c8@group-55B4C9D8213F:LeaderElection1] INFO  segmented.SegmentedRaftLogWorker (SegmentedRaftLogWorker.java:startLogSegment(380)) - 82d73395-84ed-4f5d-a3d4-b8dc3778e9c8@group-55B4C9D8213F-SegmentedRaftLogWorker: Starting segment from index:0
2019-09-16 16:55:12,968 [pool-37-thread-1] INFO  storage.RaftStorageDirectory (RaftStorageDirectory.java:tryLock(328)) - Lock on /workdir/hadoop-ozone/integration-test/target/test-dir/MiniOzoneClusterImpl-df60ebb5-d9ce-4d7d-8dc8-039b243d66da/datanode-1/data/ratis/d049a5cc-9bcb-455b-8690-7dc59660f91d/in_use.lock acquired by nodename 13363@pr-hdds-1879-plksr-2441821890
2019-09-16 16:55:12,974 [82d73395-84ed-4f5d-a3d4-b8dc3778e9c8@group-55B4C9D8213F:LeaderElection1] INFO  impl.RaftServerImpl (ServerState.java:setRaftConf(354)) - 82d73395-84ed-4f5d-a3d4-b8dc3778e9c8@group-55B4C9D8213F: set configuration 0: [82d73395-84ed-4f5d-a3d4-b8dc3778e9c8:192.168.34.37:45600], old=null at 0
2019-09-16 16:55:12,997 [pool-37-thread-1] INFO  storage.RaftStorage (RaftStorage.java:format(72)) - Storage directory /workdir/hadoop-ozone/integration-test/target/test-dir/MiniOzoneClusterImpl-df60ebb5-d9ce-4d7d-8dc8-039b243d66da/datanode-1/data/ratis/d049a5cc-9bcb-455b-8690-7dc59660f91d has been successfully formatted.
2019-09-16 16:55:12,998 [pool-37-thread-1] INFO  ratis.ContainerStateMachine (ContainerStateMachine.java:loadSnapshot(230)) - group-7DC59660F91D: The snapshot info is null. Setting the last applied indexto:(t:0, i:~)
2019-09-16 16:55:12,998 [pool-37-thread-1] INFO  server.RaftServerConfigKeys (ConfUtils.java:logGet(43)) - raft.server.notification.no-leader.timeout = 120s (custom)
2019-09-16 16:55:12,998 [pool-37-thread-1] INFO  server.RaftServerConfigKeys (ConfUtils.java:logGet(43)) - raft.server.log.use.memory = false (default)
2019-09-16 16:55:12,998 [pool-37-thread-1] INFO  server.RaftServerConfigKeys (ConfUtils.java:logGet(43)) - raft.server.log.purge.gap = 1000000 (custom)
2019-09-16 16:55:12,999 [pool-37-thread-1] INFO  server.RaftServerConfigKeys (ConfUtils.java:logGet(43)) - raft.server.log.appender.buffer.byte-limit = 33554432 (custom)
2019-09-16 16:55:12,999 [pool-37-thread-1] INFO  server.RaftServerConfigKeys (ConfUtils.java:logGet(43)) - raft.server.log.segment.size.max = 1048576 (custom)
2019-09-16 16:55:12,999 [pool-37-thread-1] INFO  server.RaftServerConfigKeys (ConfUtils.java:logGet(43)) - raft.server.log.segment.cache.num.max = 2 (custom)
2019-09-16 16:55:12,999 [pool-37-thread-1] INFO  segmented.SegmentedRaftLogWorker (SegmentedRaftLogWorker.java:<init>(172)) - new b2efd7c1-6f6c-4a36-a627-0903cf886de6@group-7DC59660F91D-SegmentedRaftLogWorker for RaftStorage:Storage Directory /workdir/hadoop-ozone/integration-test/target/test-dir/MiniOzoneClusterImpl-df60ebb5-d9ce-4d7d-8dc8-039b243d66da/datanode-1/data/ratis/d049a5cc-9bcb-455b-8690-7dc59660f91d
2019-09-16 16:55:13,003 [pool-37-thread-1] INFO  server.RaftServerConfigKeys (ConfUtils.java:logGet(43)) - raft.server.log.queue.byte-limit = 2147483647 (custom)
2019-09-16 16:55:13,003 [pool-37-thread-1] INFO  server.RaftServerConfigKeys (ConfUtils.java:logGet(43)) - raft.server.log.queue.element-limit = 1024 (custom)
2019-09-16 16:55:13,003 [pool-37-thread-1] INFO  server.RaftServerConfigKeys (ConfUtils.java:logGet(43)) - raft.server.log.segment.size.max = 1048576 (custom)
2019-09-16 16:55:13,004 [pool-37-thread-1] INFO  server.RaftServerConfigKeys (ConfUtils.java:logGet(43)) - raft.server.log.preallocated.size = 16384 (custom)
2019-09-16 16:55:13,004 [pool-37-thread-1] INFO  server.RaftServerConfigKeys (ConfUtils.java:logGet(43)) - raft.server.log.write.buffer.size = 33554432 (custom)
2019-09-16 16:55:13,004 [pool-37-thread-1] INFO  server.RaftServerConfigKeys (ConfUtils.java:logGet(43)) - raft.server.log.force.sync.num = 128 (default)
2019-09-16 16:55:13,004 [pool-37-thread-1] INFO  server.RaftServerConfigKeys (ConfUtils.java:logGet(43)) - raft.server.log.statemachine.data.sync = true (default)
2019-09-16 16:55:13,004 [pool-37-thread-1] INFO  server.RaftServerConfigKeys (ConfUtils.java:logGet(43)) - raft.server.log.statemachine.data.sync.timeout = 10s (default)
2019-09-16 16:55:13,005 [pool-37-thread-1] INFO  server.RaftServerConfigKeys (ConfUtils.java:logGet(43)) - raft.server.log.statemachine.data.sync.timeout.retry = -1 (default)
2019-09-16 16:55:13,005 [pool-37-thread-1] INFO  server.RaftServerConfigKeys (ConfUtils.java:logGet(43)) - raft.server.log.statemachine.data.caching.enabled = true (custom)
2019-09-16 16:55:13,005 [pool-37-thread-1] INFO  segmented.SegmentedRaftLogWorker (SegmentedRaftLogWorker.java:lambda$new$0(132)) - b2efd7c1-6f6c-4a36-a627-0903cf886de6@group-7DC59660F91D-SegmentedRaftLogWorker: flushIndex: setUnconditionally 0 -> -1
2019-09-16 16:55:13,006 [pool-37-thread-1] INFO  server.RaftServerConfigKeys (ConfUtils.java:logGet(43)) - raft.server.snapshot.auto.trigger.enabled = true (custom)
2019-09-16 16:55:13,006 [pool-37-thread-1] INFO  server.RaftServerConfigKeys (ConfUtils.java:logGet(43)) - raft.server.snapshot.auto.trigger.threshold = 10000 (custom)
2019-09-16 16:55:13,006 [pool-37-thread-1] INFO  server.RaftServerConfigKeys (ConfUtils.java:logGet(43)) - raft.server.snapshot.retention.num.files = -1 (default)
2019-09-16 16:55:13,006 [pool-37-thread-1] INFO  server.RaftServerConfigKeys (ConfUtils.java:logGet(43)) - raft.server.retrycache.expirytime = 600000ms (custom)
2019-09-16 16:55:13,008 [pool-37-thread-1] INFO  impl.RaftServerImpl (RaftServerImpl.java:start(185)) - b2efd7c1-6f6c-4a36-a627-0903cf886de6@group-7DC59660F91D: start as a follower, conf=-1: [b2efd7c1-6f6c-4a36-a627-0903cf886de6:192.168.34.37:35760], old=null
2019-09-16 16:55:13,009 [pool-37-thread-1] INFO  impl.RaftServerImpl (RaftServerImpl.java:setRole(174)) - b2efd7c1-6f6c-4a36-a627-0903cf886de6@group-7DC59660F91D: changes role from      null to FOLLOWER at term 0 for startAsFollower
2019-09-16 16:55:13,009 [pool-37-thread-1] INFO  impl.RoleInfo (RoleInfo.java:updateAndGet(143)) - b2efd7c1-6f6c-4a36-a627-0903cf886de6: start FollowerState
2019-09-16 16:55:13,009 [pool-37-thread-1] INFO  util.JmxRegister (JmxRegister.java:tryRegister(44)) - Successfully registered JMX Bean with object name Ratis:service=RaftServer,group=group-7DC59660F91D,id=b2efd7c1-6f6c-4a36-a627-0903cf886de6
2019-09-16 16:55:13,061 [RatisPipelineUtilsThread] INFO  pipeline.PipelineStateManager (PipelineStateManager.java:addPipeline(56)) - Created pipeline Pipeline[ Id: d049a5cc-9bcb-455b-8690-7dc59660f91d, Nodes: b2efd7c1-6f6c-4a36-a627-0903cf886de6{ip: 192.168.34.37, host: pr-hdds-1879-plksr-2441821890, networkLocation: /default-rack, certSerialId: null}, Type:RATIS, Factor:ONE, State:OPEN]
2019-09-16 16:55:13,107 [grpc-default-executor-1] INFO  impl.RaftServerProxy (RaftServerProxy.java:addNew(89)) - 7977ac3b-0be3-4a37-9fef-39f7814db179: addNew group-A02DD63F7AE6:[cc439034-f900-459f-93f0-405510d1632e:192.168.34.37:33217, 7977ac3b-0be3-4a37-9fef-39f7814db179:192.168.34.37:39944, 3debf489-fb8f-44d7-9f14-87ea2202f1a2:192.168.34.37:46057] returns group-A02DD63F7AE6:java.util.concurrent.CompletableFuture@54361d06[Not completed]
2019-09-16 16:55:13,113 [grpc-default-executor-0] INFO  impl.RaftServerProxy (RaftServerProxy.java:addNew(89)) - 3debf489-fb8f-44d7-9f14-87ea2202f1a2: addNew group-A02DD63F7AE6:[cc439034-f900-459f-93f0-405510d1632e:192.168.34.37:33217, 7977ac3b-0be3-4a37-9fef-39f7814db179:192.168.34.37:39944, 3debf489-fb8f-44d7-9f14-87ea2202f1a2:192.168.34.37:46057] returns group-A02DD63F7AE6:java.util.concurrent.CompletableFuture@7c432b8b[Not completed]
2019-09-16 16:55:13,115 [grpc-default-executor-2] INFO  impl.RaftServerProxy (RaftServerProxy.java:addNew(89)) - cc439034-f900-459f-93f0-405510d1632e: addNew group-A02DD63F7AE6:[cc439034-f900-459f-93f0-405510d1632e:192.168.34.37:33217, 7977ac3b-0be3-4a37-9fef-39f7814db179:192.168.34.37:39944, 3debf489-fb8f-44d7-9f14-87ea2202f1a2:192.168.34.37:46057] returns group-A02DD63F7AE6:java.util.concurrent.CompletableFuture@14cabd8c[Not completed]
2019-09-16 16:55:13,116 [pool-77-thread-1] INFO  impl.RaftServerImpl (RaftServerImpl.java:<init>(95)) - 7977ac3b-0be3-4a37-9fef-39f7814db179: new RaftServerImpl for group-A02DD63F7AE6:[cc439034-f900-459f-93f0-405510d1632e:192.168.34.37:33217, 7977ac3b-0be3-4a37-9fef-39f7814db179:192.168.34.37:39944, 3debf489-fb8f-44d7-9f14-87ea2202f1a2:192.168.34.37:46057] with ContainerStateMachine:uninitialized
2019-09-16 16:55:13,116 [pool-77-thread-1] INFO  server.RaftServerConfigKeys (ConfUtils.java:logGet(43)) - raft.server.rpc.timeout.min = 1s (custom)
2019-09-16 16:55:13,116 [pool-77-thread-1] INFO  server.RaftServerConfigKeys (ConfUtils.java:logGet(43)) - raft.server.rpc.timeout.max = 1200ms (custom)
2019-09-16 16:55:13,117 [pool-77-thread-1] INFO  server.RaftServerConfigKeys (ConfUtils.java:logGet(43)) - raft.server.rpcslowness.timeout = 120s (custom)
2019-09-16 16:55:13,117 [pool-77-thread-1] INFO  server.RaftServerConfigKeys (ConfUtils.java:logGet(43)) - raft.server.sleep.deviation.threshold = 300 (default)
2019-09-16 16:55:13,117 [pool-77-thread-1] INFO  server.RaftServerConfigKeys (ConfUtils.java:logGet(43)) - raft.server.log.appender.install.snapshot.enabled = false (custom)
2019-09-16 16:55:13,117 [pool-57-thread-1] INFO  impl.RaftServerImpl (RaftServerImpl.java:<init>(95)) - cc439034-f900-459f-93f0-405510d1632e: new RaftServerImpl for group-A02DD63F7AE6:[cc439034-f900-459f-93f0-405510d1632e:192.168.34.37:33217, 7977ac3b-0be3-4a37-9fef-39f7814db179:192.168.34.37:39944, 3debf489-fb8f-44d7-9f14-87ea2202f1a2:192.168.34.37:46057] with ContainerStateMachine:uninitialized
2019-09-16 16:55:13,117 [pool-77-thread-1] INFO  impl.RaftServerImpl (ServerState.java:<init>(103)) - 7977ac3b-0be3-4a37-9fef-39f7814db179@group-A02DD63F7AE6: ConfigurationManager, init=-1: [cc439034-f900-459f-93f0-405510d1632e:192.168.34.37:33217, 7977ac3b-0be3-4a37-9fef-39f7814db179:192.168.34.37:39944, 3debf489-fb8f-44d7-9f14-87ea2202f1a2:192.168.34.37:46057], old=null, confs=<EMPTY_MAP>
2019-09-16 16:55:13,117 [pool-57-thread-1] INFO  server.RaftServerConfigKeys (ConfUtils.java:logGet(43)) - raft.server.rpc.timeout.min = 1s (custom)
2019-09-16 16:55:13,117 [pool-77-thread-1] INFO  server.RaftServerConfigKeys (ConfUtils.java:logGet(43)) - raft.server.storage.dir = [/workdir/hadoop-ozone/integration-test/target/test-dir/MiniOzoneClusterImpl-df60ebb5-d9ce-4d7d-8dc8-039b243d66da/datanode-5/data/ratis] (custom)
2019-09-16 16:55:13,117 [pool-57-thread-1] INFO  server.RaftServerConfigKeys (ConfUtils.java:logGet(43)) - raft.server.rpc.timeout.max = 1200ms (custom)
2019-09-16 16:55:13,117 [pool-57-thread-1] INFO  server.RaftServerConfigKeys (ConfUtils.java:logGet(43)) - raft.server.rpcslowness.timeout = 120s (custom)
2019-09-16 16:55:13,117 [pool-47-thread-1] INFO  impl.RaftServerImpl (RaftServerImpl.java:<init>(95)) - 3debf489-fb8f-44d7-9f14-87ea2202f1a2: new RaftServerImpl for group-A02DD63F7AE6:[cc439034-f900-459f-93f0-405510d1632e:192.168.34.37:33217, 7977ac3b-0be3-4a37-9fef-39f7814db179:192.168.34.37:39944, 3debf489-fb8f-44d7-9f14-87ea2202f1a2:192.168.34.37:46057] with ContainerStateMachine:uninitialized
2019-09-16 16:55:13,118 [pool-77-thread-1] INFO  storage.RaftStorageDirectory (RaftStorageDirectory.java:analyzeStorage(246)) - The storage directory /workdir/hadoop-ozone/integration-test/target/test-dir/MiniOzoneClusterImpl-df60ebb5-d9ce-4d7d-8dc8-039b243d66da/datanode-5/data/ratis/cfc93d4e-2a62-452a-b3f1-a02dd63f7ae6 does not exist. Creating ...
2019-09-16 16:55:13,118 [pool-47-thread-1] INFO  server.RaftServerConfigKeys (ConfUtils.java:logGet(43)) - raft.server.rpc.timeout.min = 1s (custom)
2019-09-16 16:55:13,118 [pool-57-thread-1] INFO  server.RaftServerConfigKeys (ConfUtils.java:logGet(43)) - raft.server.sleep.deviation.threshold = 300 (default)
2019-09-16 16:55:13,118 [pool-47-thread-1] INFO  server.RaftServerConfigKeys (ConfUtils.java:logGet(43)) - raft.server.rpc.timeout.max = 1200ms (custom)
2019-09-16 16:55:13,118 [pool-57-thread-1] INFO  server.RaftServerConfigKeys (ConfUtils.java:logGet(43)) - raft.server.log.appender.install.snapshot.enabled = false (custom)
2019-09-16 16:55:13,118 [pool-47-thread-1] INFO  server.RaftServerConfigKeys (ConfUtils.java:logGet(43)) - raft.server.rpcslowness.timeout = 120s (custom)
2019-09-16 16:55:13,118 [pool-57-thread-1] INFO  impl.RaftServerImpl (ServerState.java:<init>(103)) - cc439034-f900-459f-93f0-405510d1632e@group-A02DD63F7AE6: ConfigurationManager, init=-1: [cc439034-f900-459f-93f0-405510d1632e:192.168.34.37:33217, 7977ac3b-0be3-4a37-9fef-39f7814db179:192.168.34.37:39944, 3debf489-fb8f-44d7-9f14-87ea2202f1a2:192.168.34.37:46057], old=null, confs=<EMPTY_MAP>
2019-09-16 16:55:13,118 [pool-47-thread-1] INFO  server.RaftServerConfigKeys (ConfUtils.java:logGet(43)) - raft.server.sleep.deviation.threshold = 300 (default)
2019-09-16 16:55:13,118 [pool-57-thread-1] INFO  server.RaftServerConfigKeys (ConfUtils.java:logGet(43)) - raft.server.storage.dir = [/workdir/hadoop-ozone/integration-test/target/test-dir/MiniOzoneClusterImpl-df60ebb5-d9ce-4d7d-8dc8-039b243d66da/datanode-3/data/ratis] (custom)
2019-09-16 16:55:13,118 [pool-47-thread-1] INFO  server.RaftServerConfigKeys (ConfUtils.java:logGet(43)) - raft.server.log.appender.install.snapshot.enabled = false (custom)
2019-09-16 16:55:13,119 [pool-47-thread-1] INFO  impl.RaftServerImpl (ServerState.java:<init>(103)) - 3debf489-fb8f-44d7-9f14-87ea2202f1a2@group-A02DD63F7AE6: ConfigurationManager, init=-1: [cc439034-f900-459f-93f0-405510d1632e:192.168.34.37:33217, 7977ac3b-0be3-4a37-9fef-39f7814db179:192.168.34.37:39944, 3debf489-fb8f-44d7-9f14-87ea2202f1a2:192.168.34.37:46057], old=null, confs=<EMPTY_MAP>
2019-09-16 16:55:13,119 [pool-57-thread-1] INFO  storage.RaftStorageDirectory (RaftStorageDirectory.java:analyzeStorage(246)) - The storage directory /workdir/hadoop-ozone/integration-test/target/test-dir/MiniOzoneClusterImpl-df60ebb5-d9ce-4d7d-8dc8-039b243d66da/datanode-3/data/ratis/cfc93d4e-2a62-452a-b3f1-a02dd63f7ae6 does not exist. Creating ...
2019-09-16 16:55:13,119 [pool-47-thread-1] INFO  server.RaftServerConfigKeys (ConfUtils.java:logGet(43)) - raft.server.storage.dir = [/workdir/hadoop-ozone/integration-test/target/test-dir/MiniOzoneClusterImpl-df60ebb5-d9ce-4d7d-8dc8-039b243d66da/datanode-2/data/ratis] (custom)
2019-09-16 16:55:13,119 [pool-47-thread-1] INFO  storage.RaftStorageDirectory (RaftStorageDirectory.java:analyzeStorage(246)) - The storage directory /workdir/hadoop-ozone/integration-test/target/test-dir/MiniOzoneClusterImpl-df60ebb5-d9ce-4d7d-8dc8-039b243d66da/datanode-2/data/ratis/cfc93d4e-2a62-452a-b3f1-a02dd63f7ae6 does not exist. Creating ...
2019-09-16 16:55:13,132 [Thread-288] INFO  impl.FollowerState (FollowerState.java:run(106)) - cc439034-f900-459f-93f0-405510d1632e:group-F4A5A5E522AC changes to CANDIDATE, lastRpcTime:1047, electionTimeout:1046ms
2019-09-16 16:55:13,135 [Thread-288] INFO  impl.RoleInfo (RoleInfo.java:shutdownFollowerState(121)) - cc439034-f900-459f-93f0-405510d1632e: shutdown FollowerState
2019-09-16 16:55:13,135 [Thread-288] INFO  impl.RaftServerImpl (RaftServerImpl.java:setRole(174)) - cc439034-f900-459f-93f0-405510d1632e@group-F4A5A5E522AC: changes role from  FOLLOWER to CANDIDATE at term 0 for changeToCandidate
2019-09-16 16:55:13,135 [Thread-288] INFO  impl.RoleInfo (RoleInfo.java:updateAndGet(143)) - cc439034-f900-459f-93f0-405510d1632e: start LeaderElection
2019-09-16 16:55:13,142 [pool-47-thread-1] INFO  storage.RaftStorageDirectory (RaftStorageDirectory.java:tryLock(328)) - Lock on /workdir/hadoop-ozone/integration-test/target/test-dir/MiniOzoneClusterImpl-df60ebb5-d9ce-4d7d-8dc8-039b243d66da/datanode-2/data/ratis/cfc93d4e-2a62-452a-b3f1-a02dd63f7ae6/in_use.lock acquired by nodename 13363@pr-hdds-1879-plksr-2441821890
2019-09-16 16:55:13,143 [pool-57-thread-1] INFO  storage.RaftStorageDirectory (RaftStorageDirectory.java:tryLock(328)) - Lock on /workdir/hadoop-ozone/integration-test/target/test-dir/MiniOzoneClusterImpl-df60ebb5-d9ce-4d7d-8dc8-039b243d66da/datanode-3/data/ratis/cfc93d4e-2a62-452a-b3f1-a02dd63f7ae6/in_use.lock acquired by nodename 13363@pr-hdds-1879-plksr-2441821890
2019-09-16 16:55:13,143 [pool-77-thread-1] INFO  storage.RaftStorageDirectory (RaftStorageDirectory.java:tryLock(328)) - Lock on /workdir/hadoop-ozone/integration-test/target/test-dir/MiniOzoneClusterImpl-df60ebb5-d9ce-4d7d-8dc8-039b243d66da/datanode-5/data/ratis/cfc93d4e-2a62-452a-b3f1-a02dd63f7ae6/in_use.lock acquired by nodename 13363@pr-hdds-1879-plksr-2441821890
2019-09-16 16:55:13,156 [pool-77-thread-1] INFO  storage.RaftStorage (RaftStorage.java:format(72)) - Storage directory /workdir/hadoop-ozone/integration-test/target/test-dir/MiniOzoneClusterImpl-df60ebb5-d9ce-4d7d-8dc8-039b243d66da/datanode-5/data/ratis/cfc93d4e-2a62-452a-b3f1-a02dd63f7ae6 has been successfully formatted.
2019-09-16 16:55:13,156 [pool-47-thread-1] INFO  storage.RaftStorage (RaftStorage.java:format(72)) - Storage directory /workdir/hadoop-ozone/integration-test/target/test-dir/MiniOzoneClusterImpl-df60ebb5-d9ce-4d7d-8dc8-039b243d66da/datanode-2/data/ratis/cfc93d4e-2a62-452a-b3f1-a02dd63f7ae6 has been successfully formatted.
2019-09-16 16:55:13,156 [pool-57-thread-1] INFO  storage.RaftStorage (RaftStorage.java:format(72)) - Storage directory /workdir/hadoop-ozone/integration-test/target/test-dir/MiniOzoneClusterImpl-df60ebb5-d9ce-4d7d-8dc8-039b243d66da/datanode-3/data/ratis/cfc93d4e-2a62-452a-b3f1-a02dd63f7ae6 has been successfully formatted.
2019-09-16 16:55:13,158 [pool-47-thread-1] INFO  ratis.ContainerStateMachine (ContainerStateMachine.java:loadSnapshot(230)) - group-A02DD63F7AE6: The snapshot info is null. Setting the last applied indexto:(t:0, i:~)
2019-09-16 16:55:13,158 [pool-77-thread-1] INFO  ratis.ContainerStateMachine (ContainerStateMachine.java:loadSnapshot(230)) - group-A02DD63F7AE6: The snapshot info is null. Setting the last applied indexto:(t:0, i:~)
2019-09-16 16:55:13,156 [cc439034-f900-459f-93f0-405510d1632e@group-F4A5A5E522AC:LeaderElection2] INFO  impl.LeaderElection (LeaderElection.java:askForVotes(182)) - cc439034-f900-459f-93f0-405510d1632e@group-F4A5A5E522AC:LeaderElection2: begin an election at term 1 for -1: [cc439034-f900-459f-93f0-405510d1632e:192.168.34.37:33217], old=null
2019-09-16 16:55:13,158 [pool-77-thread-1] INFO  server.RaftServerConfigKeys (ConfUtils.java:logGet(43)) - raft.server.notification.no-leader.timeout = 120s (custom)
2019-09-16 16:55:13,158 [pool-47-thread-1] INFO  server.RaftServerConfigKeys (ConfUtils.java:logGet(43)) - raft.server.notification.no-leader.timeout = 120s (custom)
2019-09-16 16:55:13,158 [pool-57-thread-1] INFO  ratis.ContainerStateMachine (ContainerStateMachine.java:loadSnapshot(230)) - group-A02DD63F7AE6: The snapshot info is null. Setting the last applied indexto:(t:0, i:~)
2019-09-16 16:55:13,159 [pool-47-thread-1] INFO  server.RaftServerConfigKeys (ConfUtils.java:logGet(43)) - raft.server.log.use.memory = false (default)
2019-09-16 16:55:13,158 [pool-77-thread-1] INFO  server.RaftServerConfigKeys (ConfUtils.java:logGet(43)) - raft.server.log.use.memory = false (default)
2019-09-16 16:55:13,158 [cc439034-f900-459f-93f0-405510d1632e@group-F4A5A5E522AC:LeaderElection2] INFO  impl.RoleInfo (RoleInfo.java:shutdownLeaderElection(134)) - cc439034-f900-459f-93f0-405510d1632e: shutdown LeaderElection
2019-09-16 16:55:13,159 [pool-77-thread-1] INFO  server.RaftServerConfigKeys (ConfUtils.java:logGet(43)) - raft.server.log.purge.gap = 1000000 (custom)
2019-09-16 16:55:13,159 [pool-47-thread-1] INFO  server.RaftServerConfigKeys (ConfUtils.java:logGet(43)) - raft.server.log.purge.gap = 1000000 (custom)
2019-09-16 16:55:13,159 [pool-57-thread-1] INFO  server.RaftServerConfigKeys (ConfUtils.java:logGet(43)) - raft.server.notification.no-leader.timeout = 120s (custom)
2019-09-16 16:55:13,159 [pool-47-thread-1] INFO  server.RaftServerConfigKeys (ConfUtils.java:logGet(43)) - raft.server.log.appender.buffer.byte-limit = 33554432 (custom)
2019-09-16 16:55:13,159 [pool-77-thread-1] INFO  server.RaftServerConfigKeys (ConfUtils.java:logGet(43)) - raft.server.log.appender.buffer.byte-limit = 33554432 (custom)
2019-09-16 16:55:13,159 [cc439034-f900-459f-93f0-405510d1632e@group-F4A5A5E522AC:LeaderElection2] INFO  impl.RaftServerImpl (RaftServerImpl.java:setRole(174)) - cc439034-f900-459f-93f0-405510d1632e@group-F4A5A5E522AC: changes role from CANDIDATE to LEADER at term 1 for changeToLeader
2019-09-16 16:55:13,160 [pool-77-thread-1] INFO  server.RaftServerConfigKeys (ConfUtils.java:logGet(43)) - raft.server.log.segment.size.max = 1048576 (custom)
2019-09-16 16:55:13,159 [pool-47-thread-1] INFO  server.RaftServerConfigKeys (ConfUtils.java:logGet(43)) - raft.server.log.segment.size.max = 1048576 (custom)
2019-09-16 16:55:13,160 [pool-47-thread-1] INFO  server.RaftServerConfigKeys (ConfUtils.java:logGet(43)) - raft.server.log.segment.cache.num.max = 2 (custom)
2019-09-16 16:55:13,159 [pool-57-thread-1] INFO  server.RaftServerConfigKeys (ConfUtils.java:logGet(43)) - raft.server.log.use.memory = false (default)
2019-09-16 16:55:13,160 [pool-47-thread-1] INFO  segmented.SegmentedRaftLogWorker (SegmentedRaftLogWorker.java:<init>(172)) - new 3debf489-fb8f-44d7-9f14-87ea2202f1a2@group-A02DD63F7AE6-SegmentedRaftLogWorker for RaftStorage:Storage Directory /workdir/hadoop-ozone/integration-test/target/test-dir/MiniOzoneClusterImpl-df60ebb5-d9ce-4d7d-8dc8-039b243d66da/datanode-2/data/ratis/cfc93d4e-2a62-452a-b3f1-a02dd63f7ae6
2019-09-16 16:55:13,160 [pool-57-thread-1] INFO  server.RaftServerConfigKeys (ConfUtils.java:logGet(43)) - raft.server.log.purge.gap = 1000000 (custom)
2019-09-16 16:55:13,160 [pool-77-thread-1] INFO  server.RaftServerConfigKeys (ConfUtils.java:logGet(43)) - raft.server.log.segment.cache.num.max = 2 (custom)
2019-09-16 16:55:13,160 [pool-77-thread-1] INFO  segmented.SegmentedRaftLogWorker (SegmentedRaftLogWorker.java:<init>(172)) - new 7977ac3b-0be3-4a37-9fef-39f7814db179@group-A02DD63F7AE6-SegmentedRaftLogWorker for RaftStorage:Storage Directory /workdir/hadoop-ozone/integration-test/target/test-dir/MiniOzoneClusterImpl-df60ebb5-d9ce-4d7d-8dc8-039b243d66da/datanode-5/data/ratis/cfc93d4e-2a62-452a-b3f1-a02dd63f7ae6
2019-09-16 16:55:13,160 [cc439034-f900-459f-93f0-405510d1632e@group-F4A5A5E522AC:LeaderElection2] INFO  impl.RaftServerImpl (ServerState.java:setLeader(253)) - cc439034-f900-459f-93f0-405510d1632e@group-F4A5A5E522AC: change Leader from null to cc439034-f900-459f-93f0-405510d1632e at term 1 for becomeLeader, leader elected after 1092ms
2019-09-16 16:55:13,161 [pool-77-thread-1] INFO  server.RaftServerConfigKeys (ConfUtils.java:logGet(43)) - raft.server.log.queue.byte-limit = 2147483647 (custom)
2019-09-16 16:55:13,160 [pool-57-thread-1] INFO  server.RaftServerConfigKeys (ConfUtils.java:logGet(43)) - raft.server.log.appender.buffer.byte-limit = 33554432 (custom)
2019-09-16 16:55:13,160 [pool-47-thread-1] INFO  server.RaftServerConfigKeys (ConfUtils.java:logGet(43)) - raft.server.log.queue.byte-limit = 2147483647 (custom)
2019-09-16 16:55:13,161 [pool-57-thread-1] INFO  server.RaftServerConfigKeys (ConfUtils.java:logGet(43)) - raft.server.log.segment.size.max = 1048576 (custom)
2019-09-16 16:55:13,161 [pool-77-thread-1] INFO  server.RaftServerConfigKeys (ConfUtils.java:logGet(43)) - raft.server.log.queue.element-limit = 1024 (custom)
2019-09-16 16:55:13,161 [cc439034-f900-459f-93f0-405510d1632e@group-F4A5A5E522AC:LeaderElection2] INFO  server.RaftServerConfigKeys (ConfUtils.java:logGet(43)) - raft.server.staging.catchup.gap = 1000 (default)
2019-09-16 16:55:13,161 [pool-77-thread-1] INFO  server.RaftServerConfigKeys (ConfUtils.java:logGet(43)) - raft.server.log.segment.size.max = 1048576 (custom)
2019-09-16 16:55:13,161 [pool-57-thread-1] INFO  server.RaftServerConfigKeys (ConfUtils.java:logGet(43)) - raft.server.log.segment.cache.num.max = 2 (custom)
2019-09-16 16:55:13,161 [pool-47-thread-1] INFO  server.RaftServerConfigKeys (ConfUtils.java:logGet(43)) - raft.server.log.queue.element-limit = 1024 (custom)
2019-09-16 16:55:13,162 [pool-57-thread-1] INFO  segmented.SegmentedRaftLogWorker (SegmentedRaftLogWorker.java:<init>(172)) - new cc439034-f900-459f-93f0-405510d1632e@group-A02DD63F7AE6-SegmentedRaftLogWorker for RaftStorage:Storage Directory /workdir/hadoop-ozone/integration-test/target/test-dir/MiniOzoneClusterImpl-df60ebb5-d9ce-4d7d-8dc8-039b243d66da/datanode-3/data/ratis/cfc93d4e-2a62-452a-b3f1-a02dd63f7ae6
2019-09-16 16:55:13,162 [pool-77-thread-1] INFO  server.RaftServerConfigKeys (ConfUtils.java:logGet(43)) - raft.server.log.preallocated.size = 16384 (custom)
2019-09-16 16:55:13,161 [cc439034-f900-459f-93f0-405510d1632e@group-F4A5A5E522AC:LeaderElection2] INFO  server.RaftServerConfigKeys (ConfUtils.java:logGet(43)) - raft.server.rpc.sleep.time = 25ms (default)
2019-09-16 16:55:13,162 [pool-77-thread-1] INFO  server.RaftServerConfigKeys (ConfUtils.java:logGet(43)) - raft.server.log.write.buffer.size = 33554432 (custom)
2019-09-16 16:55:13,162 [pool-57-thread-1] INFO  server.RaftServerConfigKeys (ConfUtils.java:logGet(43)) - raft.server.log.queue.byte-limit = 2147483647 (custom)
2019-09-16 16:55:13,162 [pool-47-thread-1] INFO  server.RaftServerConfigKeys (ConfUtils.java:logGet(43)) - raft.server.log.segment.size.max = 1048576 (custom)
2019-09-16 16:55:13,163 [pool-57-thread-1] INFO  server.RaftServerConfigKeys (ConfUtils.java:logGet(43)) - raft.server.log.queue.element-limit = 1024 (custom)
2019-09-16 16:55:13,162 [cc439034-f900-459f-93f0-405510d1632e@group-F4A5A5E522AC:LeaderElection2] INFO  server.RaftServerConfigKeys (ConfUtils.java:logGet(43)) - raft.server.write.element-limit = 4096 (default)
2019-09-16 16:55:13,163 [pool-57-thread-1] INFO  server.RaftServerConfigKeys (ConfUtils.java:logGet(43)) - raft.server.log.segment.size.max = 1048576 (custom)
2019-09-16 16:55:13,162 [pool-77-thread-1] INFO  server.RaftServerConfigKeys (ConfUtils.java:logGet(43)) - raft.server.log.force.sync.num = 128 (default)
2019-09-16 16:55:13,163 [pool-57-thread-1] INFO  server.RaftServerConfigKeys (ConfUtils.java:logGet(43)) - raft.server.log.preallocated.size = 16384 (custom)
2019-09-16 16:55:13,163 [cc439034-f900-459f-93f0-405510d1632e@group-F4A5A5E522AC:LeaderElection2] INFO  server.RaftServerConfigKeys (ConfUtils.java:logGet(43)) - raft.server.watch.timeout = 10s (default)
2019-09-16 16:55:13,163 [pool-47-thread-1] INFO  server.RaftServerConfigKeys (ConfUtils.java:logGet(43)) - raft.server.log.preallocated.size = 16384 (custom)
2019-09-16 16:55:13,163 [cc439034-f900-459f-93f0-405510d1632e@group-F4A5A5E522AC:LeaderElection2] INFO  server.RaftServerConfigKeys (ConfUtils.java:logGet(43)) - raft.server.watch.timeout.denomination = 1s (default)
2019-09-16 16:55:13,163 [pool-57-thread-1] INFO  server.RaftServerConfigKeys (ConfUtils.java:logGet(43)) - raft.server.log.write.buffer.size = 33554432 (custom)
2019-09-16 16:55:13,163 [pool-77-thread-1] INFO  server.RaftServerConfigKeys (ConfUtils.java:logGet(43)) - raft.server.log.statemachine.data.sync = true (default)
2019-09-16 16:55:13,164 [pool-57-thread-1] INFO  server.RaftServerConfigKeys (ConfUtils.java:logGet(43)) - raft.server.log.force.sync.num = 128 (default)
2019-09-16 16:55:13,164 [cc439034-f900-459f-93f0-405510d1632e@group-F4A5A5E522AC:LeaderElection2] INFO  server.RaftServerConfigKeys (ConfUtils.java:logGet(43)) - raft.server.watch.element-limit = 65536 (default)
2019-09-16 16:55:13,164 [pool-47-thread-1] INFO  server.RaftServerConfigKeys (ConfUtils.java:logGet(43)) - raft.server.log.write.buffer.size = 33554432 (custom)
2019-09-16 16:55:13,164 [pool-57-thread-1] INFO  server.RaftServerConfigKeys (ConfUtils.java:logGet(43)) - raft.server.log.statemachine.data.sync = true (default)
2019-09-16 16:55:13,164 [pool-77-thread-1] INFO  server.RaftServerConfigKeys (ConfUtils.java:logGet(43)) - raft.server.log.statemachine.data.sync.timeout = 10s (default)
2019-09-16 16:55:13,165 [pool-57-thread-1] INFO  server.RaftServerConfigKeys (ConfUtils.java:logGet(43)) - raft.server.log.statemachine.data.sync.timeout = 10s (default)
2019-09-16 16:55:13,164 [pool-47-thread-1] INFO  server.RaftServerConfigKeys (ConfUtils.java:logGet(43)) - raft.server.log.force.sync.num = 128 (default)
2019-09-16 16:55:13,165 [pool-57-thread-1] INFO  server.RaftServerConfigKeys (ConfUtils.java:logGet(43)) - raft.server.log.statemachine.data.sync.timeout.retry = -1 (default)
2019-09-16 16:55:13,165 [pool-77-thread-1] INFO  server.RaftServerConfigKeys (ConfUtils.java:logGet(43)) - raft.server.log.statemachine.data.sync.timeout.retry = -1 (default)
2019-09-16 16:55:13,165 [pool-57-thread-1] INFO  server.RaftServerConfigKeys (ConfUtils.java:logGet(43)) - raft.server.log.statemachine.data.caching.enabled = true (custom)
2019-09-16 16:55:13,165 [pool-47-thread-1] INFO  server.RaftServerConfigKeys (ConfUtils.java:logGet(43)) - raft.server.log.statemachine.data.sync = true (default)
2019-09-16 16:55:13,165 [pool-77-thread-1] INFO  server.RaftServerConfigKeys (ConfUtils.java:logGet(43)) - raft.server.log.statemachine.data.caching.enabled = true (custom)
2019-09-16 16:55:13,165 [pool-47-thread-1] INFO  server.RaftServerConfigKeys (ConfUtils.java:logGet(43)) - raft.server.log.statemachine.data.sync.timeout = 10s (default)
2019-09-16 16:55:13,166 [pool-57-thread-1] INFO  segmented.SegmentedRaftLogWorker (SegmentedRaftLogWorker.java:lambda$new$0(132)) - cc439034-f900-459f-93f0-405510d1632e@group-A02DD63F7AE6-SegmentedRaftLogWorker: flushIndex: setUnconditionally 0 -> -1
2019-09-16 16:55:13,166 [pool-77-thread-1] INFO  segmented.SegmentedRaftLogWorker (SegmentedRaftLogWorker.java:lambda$new$0(132)) - 7977ac3b-0be3-4a37-9fef-39f7814db179@group-A02DD63F7AE6-SegmentedRaftLogWorker: flushIndex: setUnconditionally 0 -> -1
2019-09-16 16:55:13,166 [pool-47-thread-1] INFO  server.RaftServerConfigKeys (ConfUtils.java:logGet(43)) - raft.server.log.statemachine.data.sync.timeout.retry = -1 (default)
2019-09-16 16:55:13,166 [pool-77-thread-1] INFO  server.RaftServerConfigKeys (ConfUtils.java:logGet(43)) - raft.server.snapshot.auto.trigger.enabled = true (custom)
2019-09-16 16:55:13,166 [pool-57-thread-1] INFO  server.RaftServerConfigKeys (ConfUtils.java:logGet(43)) - raft.server.snapshot.auto.trigger.enabled = true (custom)
2019-09-16 16:55:13,166 [pool-77-thread-1] INFO  server.RaftServerConfigKeys (ConfUtils.java:logGet(43)) - raft.server.snapshot.auto.trigger.threshold = 10000 (custom)
2019-09-16 16:55:13,166 [pool-47-thread-1] INFO  server.RaftServerConfigKeys (ConfUtils.java:logGet(43)) - raft.server.log.statemachine.data.caching.enabled = true (custom)
2019-09-16 16:55:13,166 [cc439034-f900-459f-93f0-405510d1632e@group-F4A5A5E522AC:LeaderElection2] INFO  impl.RoleInfo (RoleInfo.java:updateAndGet(143)) - cc439034-f900-459f-93f0-405510d1632e: start LeaderState
2019-09-16 16:55:13,166 [pool-77-thread-1] INFO  server.RaftServerConfigKeys (ConfUtils.java:logGet(43)) - raft.server.snapshot.retention.num.files = -1 (default)
2019-09-16 16:55:13,166 [pool-57-thread-1] INFO  server.RaftServerConfigKeys (ConfUtils.java:logGet(43)) - raft.server.snapshot.auto.trigger.threshold = 10000 (custom)
2019-09-16 16:55:13,167 [pool-77-thread-1] INFO  server.RaftServerConfigKeys (ConfUtils.java:logGet(43)) - raft.server.retrycache.expirytime = 600000ms (custom)
2019-09-16 16:55:13,167 [pool-47-thread-1] INFO  segmented.SegmentedRaftLogWorker (SegmentedRaftLogWorker.java:lambda$new$0(132)) - 3debf489-fb8f-44d7-9f14-87ea2202f1a2@group-A02DD63F7AE6-SegmentedRaftLogWorker: flushIndex: setUnconditionally 0 -> -1
2019-09-16 16:55:13,167 [pool-57-thread-1] INFO  server.RaftServerConfigKeys (ConfUtils.java:logGet(43)) - raft.server.snapshot.retention.num.files = -1 (default)
2019-09-16 16:55:13,167 [cc439034-f900-459f-93f0-405510d1632e@group-F4A5A5E522AC:LeaderElection2] INFO  segmented.SegmentedRaftLogWorker (SegmentedRaftLogWorker.java:startLogSegment(380)) - cc439034-f900-459f-93f0-405510d1632e@group-F4A5A5E522AC-SegmentedRaftLogWorker: Starting segment from index:0
2019-09-16 16:55:13,167 [pool-47-thread-1] INFO  server.RaftServerConfigKeys (ConfUtils.java:logGet(43)) - raft.server.snapshot.auto.trigger.enabled = true (custom)
2019-09-16 16:55:13,167 [pool-57-thread-1] INFO  server.RaftServerConfigKeys (ConfUtils.java:logGet(43)) - raft.server.retrycache.expirytime = 600000ms (custom)
2019-09-16 16:55:13,167 [pool-47-thread-1] INFO  server.RaftServerConfigKeys (ConfUtils.java:logGet(43)) - raft.server.snapshot.auto.trigger.threshold = 10000 (custom)
2019-09-16 16:55:13,167 [cc439034-f900-459f-93f0-405510d1632e@group-F4A5A5E522AC:LeaderElection2] INFO  impl.RaftServerImpl (ServerState.java:setRaftConf(354)) - cc439034-f900-459f-93f0-405510d1632e@group-F4A5A5E522AC: set configuration 0: [cc439034-f900-459f-93f0-405510d1632e:192.168.34.37:33217], old=null at 0
2019-09-16 16:55:13,167 [pool-47-thread-1] INFO  server.RaftServerConfigKeys (ConfUtils.java:logGet(43)) - raft.server.snapshot.retention.num.files = -1 (default)
2019-09-16 16:55:13,169 [pool-47-thread-1] INFO  server.RaftServerConfigKeys (ConfUtils.java:logGet(43)) - raft.server.retrycache.expirytime = 600000ms (custom)
2019-09-16 16:55:13,172 [pool-77-thread-1] INFO  impl.RaftServerImpl (RaftServerImpl.java:start(185)) - 7977ac3b-0be3-4a37-9fef-39f7814db179@group-A02DD63F7AE6: start as a follower, conf=-1: [cc439034-f900-459f-93f0-405510d1632e:192.168.34.37:33217, 7977ac3b-0be3-4a37-9fef-39f7814db179:192.168.34.37:39944, 3debf489-fb8f-44d7-9f14-87ea2202f1a2:192.168.34.37:46057], old=null
2019-09-16 16:55:13,172 [pool-77-thread-1] INFO  impl.RaftServerImpl (RaftServerImpl.java:setRole(174)) - 7977ac3b-0be3-4a37-9fef-39f7814db179@group-A02DD63F7AE6: changes role from      null to FOLLOWER at term 0 for startAsFollower
2019-09-16 16:55:13,172 [pool-77-thread-1] INFO  impl.RoleInfo (RoleInfo.java:updateAndGet(143)) - 7977ac3b-0be3-4a37-9fef-39f7814db179: start FollowerState
2019-09-16 16:55:13,172 [pool-57-thread-1] INFO  impl.RaftServerImpl (RaftServerImpl.java:start(185)) - cc439034-f900-459f-93f0-405510d1632e@group-A02DD63F7AE6: start as a follower, conf=-1: [cc439034-f900-459f-93f0-405510d1632e:192.168.34.37:33217, 7977ac3b-0be3-4a37-9fef-39f7814db179:192.168.34.37:39944, 3debf489-fb8f-44d7-9f14-87ea2202f1a2:192.168.34.37:46057], old=null
2019-09-16 16:55:13,172 [pool-57-thread-1] INFO  impl.RaftServerImpl (RaftServerImpl.java:setRole(174)) - cc439034-f900-459f-93f0-405510d1632e@group-A02DD63F7AE6: changes role from      null to FOLLOWER at term 0 for startAsFollower
2019-09-16 16:55:13,172 [pool-77-thread-1] INFO  util.JmxRegister (JmxRegister.java:tryRegister(44)) - Successfully registered JMX Bean with object name Ratis:service=RaftServer,group=group-A02DD63F7AE6,id=7977ac3b-0be3-4a37-9fef-39f7814db179
2019-09-16 16:55:13,172 [pool-57-thread-1] INFO  impl.RoleInfo (RoleInfo.java:updateAndGet(143)) - cc439034-f900-459f-93f0-405510d1632e: start FollowerState
2019-09-16 16:55:13,173 [pool-47-thread-1] INFO  impl.RaftServerImpl (RaftServerImpl.java:start(185)) - 3debf489-fb8f-44d7-9f14-87ea2202f1a2@group-A02DD63F7AE6: start as a follower, conf=-1: [cc439034-f900-459f-93f0-405510d1632e:192.168.34.37:33217, 7977ac3b-0be3-4a37-9fef-39f7814db179:192.168.34.37:39944, 3debf489-fb8f-44d7-9f14-87ea2202f1a2:192.168.34.37:46057], old=null
2019-09-16 16:55:13,173 [pool-57-thread-1] INFO  util.JmxRegister (JmxRegister.java:tryRegister(44)) - Successfully registered JMX Bean with object name Ratis:service=RaftServer,group=group-A02DD63F7AE6,id=cc439034-f900-459f-93f0-405510d1632e
2019-09-16 16:55:13,173 [pool-47-thread-1] INFO  impl.RaftServerImpl (RaftServerImpl.java:setRole(174)) - 3debf489-fb8f-44d7-9f14-87ea2202f1a2@group-A02DD63F7AE6: changes role from      null to FOLLOWER at term 0 for startAsFollower
2019-09-16 16:55:13,173 [pool-47-thread-1] INFO  impl.RoleInfo (RoleInfo.java:updateAndGet(143)) - 3debf489-fb8f-44d7-9f14-87ea2202f1a2: start FollowerState
2019-09-16 16:55:13,173 [pool-47-thread-1] INFO  util.JmxRegister (JmxRegister.java:tryRegister(44)) - Successfully registered JMX Bean with object name Ratis:service=RaftServer,group=group-A02DD63F7AE6,id=3debf489-fb8f-44d7-9f14-87ea2202f1a2
2019-09-16 16:55:13,209 [RatisPipelineUtilsThread] INFO  pipeline.PipelineStateManager (PipelineStateManager.java:addPipeline(56)) - Created pipeline Pipeline[ Id: cfc93d4e-2a62-452a-b3f1-a02dd63f7ae6, Nodes: cc439034-f900-459f-93f0-405510d1632e{ip: 192.168.34.37, host: pr-hdds-1879-plksr-2441821890, networkLocation: /default-rack, certSerialId: null}3debf489-fb8f-44d7-9f14-87ea2202f1a2{ip: 192.168.34.37, host: pr-hdds-1879-plksr-2441821890, networkLocation: /default-rack, certSerialId: null}7977ac3b-0be3-4a37-9fef-39f7814db179{ip: 192.168.34.37, host: pr-hdds-1879-plksr-2441821890, networkLocation: /default-rack, certSerialId: null}, Type:RATIS, Factor:THREE, State:OPEN]
2019-09-16 16:55:13,236 [grpc-default-executor-1] INFO  impl.RaftServerProxy (RaftServerProxy.java:addNew(89)) - 315b4b00-5c1a-4cba-b27d-9eac94437c20: addNew group-A91BA5A7B369:[2e525942-e927-41dd-97b7-9b9ba8560315:192.168.34.37:33333, 315b4b00-5c1a-4cba-b27d-9eac94437c20:192.168.34.37:43197, c232c0ff-9192-4b00-ad60-76b55f03f95e:192.168.34.37:42873] returns group-A91BA5A7B369:java.util.concurrent.CompletableFuture@44552c7c[Not completed]
2019-09-16 16:55:13,242 [grpc-default-executor-2] INFO  impl.RaftServerProxy (RaftServerProxy.java:addNew(89)) - 2e525942-e927-41dd-97b7-9b9ba8560315: addNew group-A91BA5A7B369:[2e525942-e927-41dd-97b7-9b9ba8560315:192.168.34.37:33333, 315b4b00-5c1a-4cba-b27d-9eac94437c20:192.168.34.37:43197, c232c0ff-9192-4b00-ad60-76b55f03f95e:192.168.34.37:42873] returns group-A91BA5A7B369:java.util.concurrent.CompletableFuture@55f7b7b7[Not completed]
2019-09-16 16:55:13,251 [pool-67-thread-1] INFO  impl.RaftServerImpl (RaftServerImpl.java:<init>(95)) - 2e525942-e927-41dd-97b7-9b9ba8560315: new RaftServerImpl for group-A91BA5A7B369:[2e525942-e927-41dd-97b7-9b9ba8560315:192.168.34.37:33333, 315b4b00-5c1a-4cba-b27d-9eac94437c20:192.168.34.37:43197, c232c0ff-9192-4b00-ad60-76b55f03f95e:192.168.34.37:42873] with ContainerStateMachine:uninitialized
2019-09-16 16:55:13,243 [pool-87-thread-1] INFO  impl.RaftServerImpl (RaftServerImpl.java:<init>(95)) - 315b4b00-5c1a-4cba-b27d-9eac94437c20: new RaftServerImpl for group-A91BA5A7B369:[2e525942-e927-41dd-97b7-9b9ba8560315:192.168.34.37:33333, 315b4b00-5c1a-4cba-b27d-9eac94437c20:192.168.34.37:43197, c232c0ff-9192-4b00-ad60-76b55f03f95e:192.168.34.37:42873] with ContainerStateMachine:uninitialized
2019-09-16 16:55:13,251 [pool-67-thread-1] INFO  server.RaftServerConfigKeys (ConfUtils.java:logGet(43)) - raft.server.rpc.timeout.min = 1s (custom)
2019-09-16 16:55:13,251 [pool-87-thread-1] INFO  server.RaftServerConfigKeys (ConfUtils.java:logGet(43)) - raft.server.rpc.timeout.min = 1s (custom)
2019-09-16 16:55:13,251 [pool-67-thread-1] INFO  server.RaftServerConfigKeys (ConfUtils.java:logGet(43)) - raft.server.rpc.timeout.max = 1200ms (custom)
2019-09-16 16:55:13,252 [pool-87-thread-1] INFO  server.RaftServerConfigKeys (ConfUtils.java:logGet(43)) - raft.server.rpc.timeout.max = 1200ms (custom)
2019-09-16 16:55:13,252 [pool-67-thread-1] INFO  server.RaftServerConfigKeys (ConfUtils.java:logGet(43)) - raft.server.rpcslowness.timeout = 120s (custom)
2019-09-16 16:55:13,256 [pool-87-thread-1] INFO  server.RaftServerConfigKeys (ConfUtils.java:logGet(43)) - raft.server.rpcslowness.timeout = 120s (custom)
2019-09-16 16:55:13,256 [pool-67-thread-1] INFO  server.RaftServerConfigKeys (ConfUtils.java:logGet(43)) - raft.server.sleep.deviation.threshold = 300 (default)
2019-09-16 16:55:13,256 [pool-87-thread-1] INFO  server.RaftServerConfigKeys (ConfUtils.java:logGet(43)) - raft.server.sleep.deviation.threshold = 300 (default)
2019-09-16 16:55:13,256 [pool-67-thread-1] INFO  server.RaftServerConfigKeys (ConfUtils.java:logGet(43)) - raft.server.log.appender.install.snapshot.enabled = false (custom)
2019-09-16 16:55:13,256 [pool-87-thread-1] INFO  server.RaftServerConfigKeys (ConfUtils.java:logGet(43)) - raft.server.log.appender.install.snapshot.enabled = false (custom)
2019-09-16 16:55:13,257 [pool-67-thread-1] INFO  impl.RaftServerImpl (ServerState.java:<init>(103)) - 2e525942-e927-41dd-97b7-9b9ba8560315@group-A91BA5A7B369: ConfigurationManager, init=-1: [2e525942-e927-41dd-97b7-9b9ba8560315:192.168.34.37:33333, 315b4b00-5c1a-4cba-b27d-9eac94437c20:192.168.34.37:43197, c232c0ff-9192-4b00-ad60-76b55f03f95e:192.168.34.37:42873], old=null, confs=<EMPTY_MAP>
2019-09-16 16:55:13,257 [pool-87-thread-1] INFO  impl.RaftServerImpl (ServerState.java:<init>(103)) - 315b4b00-5c1a-4cba-b27d-9eac94437c20@group-A91BA5A7B369: ConfigurationManager, init=-1: [2e525942-e927-41dd-97b7-9b9ba8560315:192.168.34.37:33333, 315b4b00-5c1a-4cba-b27d-9eac94437c20:192.168.34.37:43197, c232c0ff-9192-4b00-ad60-76b55f03f95e:192.168.34.37:42873], old=null, confs=<EMPTY_MAP>
2019-09-16 16:55:13,257 [pool-67-thread-1] INFO  server.RaftServerConfigKeys (ConfUtils.java:logGet(43)) - raft.server.storage.dir = [/workdir/hadoop-ozone/integration-test/target/test-dir/MiniOzoneClusterImpl-df60ebb5-d9ce-4d7d-8dc8-039b243d66da/datanode-4/data/ratis] (custom)
2019-09-16 16:55:13,257 [grpc-default-executor-2] INFO  impl.RaftServerProxy (RaftServerProxy.java:addNew(89)) - c232c0ff-9192-4b00-ad60-76b55f03f95e: addNew group-A91BA5A7B369:[2e525942-e927-41dd-97b7-9b9ba8560315:192.168.34.37:33333, 315b4b00-5c1a-4cba-b27d-9eac94437c20:192.168.34.37:43197, c232c0ff-9192-4b00-ad60-76b55f03f95e:192.168.34.37:42873] returns group-A91BA5A7B369:java.util.concurrent.CompletableFuture@258f8d0c[Not completed]
2019-09-16 16:55:13,257 [pool-87-thread-1] INFO  server.RaftServerConfigKeys (ConfUtils.java:logGet(43)) - raft.server.storage.dir = [/workdir/hadoop-ozone/integration-test/target/test-dir/MiniOzoneClusterImpl-df60ebb5-d9ce-4d7d-8dc8-039b243d66da/datanode-6/data/ratis] (custom)
2019-09-16 16:55:13,257 [pool-67-thread-1] INFO  storage.RaftStorageDirectory (RaftStorageDirectory.java:analyzeStorage(246)) - The storage directory /workdir/hadoop-ozone/integration-test/target/test-dir/MiniOzoneClusterImpl-df60ebb5-d9ce-4d7d-8dc8-039b243d66da/datanode-4/data/ratis/2930b6d6-5a9e-418f-ba71-a91ba5a7b369 does not exist. Creating ...
2019-09-16 16:55:13,258 [pool-87-thread-1] INFO  storage.RaftStorageDirectory (RaftStorageDirectory.java:analyzeStorage(246)) - The storage directory /workdir/hadoop-ozone/integration-test/target/test-dir/MiniOzoneClusterImpl-df60ebb5-d9ce-4d7d-8dc8-039b243d66da/datanode-6/data/ratis/2930b6d6-5a9e-418f-ba71-a91ba5a7b369 does not exist. Creating ...
2019-09-16 16:55:13,259 [pool-97-thread-1] INFO  impl.RaftServerImpl (RaftServerImpl.java:<init>(95)) - c232c0ff-9192-4b00-ad60-76b55f03f95e: new RaftServerImpl for group-A91BA5A7B369:[2e525942-e927-41dd-97b7-9b9ba8560315:192.168.34.37:33333, 315b4b00-5c1a-4cba-b27d-9eac94437c20:192.168.34.37:43197, c232c0ff-9192-4b00-ad60-76b55f03f95e:192.168.34.37:42873] with ContainerStateMachine:uninitialized
2019-09-16 16:55:13,259 [pool-97-thread-1] INFO  server.RaftServerConfigKeys (ConfUtils.java:logGet(43)) - raft.server.rpc.timeout.min = 1s (custom)
2019-09-16 16:55:13,259 [pool-97-thread-1] INFO  server.RaftServerConfigKeys (ConfUtils.java:logGet(43)) - raft.server.rpc.timeout.max = 1200ms (custom)
2019-09-16 16:55:13,259 [pool-97-thread-1] INFO  server.RaftServerConfigKeys (ConfUtils.java:logGet(43)) - raft.server.rpcslowness.timeout = 120s (custom)
2019-09-16 16:55:13,259 [pool-97-thread-1] INFO  server.RaftServerConfigKeys (ConfUtils.java:logGet(43)) - raft.server.sleep.deviation.threshold = 300 (default)
2019-09-16 16:55:13,259 [pool-97-thread-1] INFO  server.RaftServerConfigKeys (ConfUtils.java:logGet(43)) - raft.server.log.appender.install.snapshot.enabled = false (custom)
2019-09-16 16:55:13,260 [pool-97-thread-1] INFO  impl.RaftServerImpl (ServerState.java:<init>(103)) - c232c0ff-9192-4b00-ad60-76b55f03f95e@group-A91BA5A7B369: ConfigurationManager, init=-1: [2e525942-e927-41dd-97b7-9b9ba8560315:192.168.34.37:33333, 315b4b00-5c1a-4cba-b27d-9eac94437c20:192.168.34.37:43197, c232c0ff-9192-4b00-ad60-76b55f03f95e:192.168.34.37:42873], old=null, confs=<EMPTY_MAP>
2019-09-16 16:55:13,260 [pool-97-thread-1] INFO  server.RaftServerConfigKeys (ConfUtils.java:logGet(43)) - raft.server.storage.dir = [/workdir/hadoop-ozone/integration-test/target/test-dir/MiniOzoneClusterImpl-df60ebb5-d9ce-4d7d-8dc8-039b243d66da/datanode-7/data/ratis] (custom)
2019-09-16 16:55:13,260 [pool-97-thread-1] INFO  storage.RaftStorageDirectory (RaftStorageDirectory.java:analyzeStorage(246)) - The storage directory /workdir/hadoop-ozone/integration-test/target/test-dir/MiniOzoneClusterImpl-df60ebb5-d9ce-4d7d-8dc8-039b243d66da/datanode-7/data/ratis/2930b6d6-5a9e-418f-ba71-a91ba5a7b369 does not exist. Creating ...
2019-09-16 16:55:13,273 [pool-87-thread-1] INFO  storage.RaftStorageDirectory (RaftStorageDirectory.java:tryLock(328)) - Lock on /workdir/hadoop-ozone/integration-test/target/test-dir/MiniOzoneClusterImpl-df60ebb5-d9ce-4d7d-8dc8-039b243d66da/datanode-6/data/ratis/2930b6d6-5a9e-418f-ba71-a91ba5a7b369/in_use.lock acquired by nodename 13363@pr-hdds-1879-plksr-2441821890
2019-09-16 16:55:13,273 [pool-67-thread-1] INFO  storage.RaftStorageDirectory (RaftStorageDirectory.java:tryLock(328)) - Lock on /workdir/hadoop-ozone/integration-test/target/test-dir/MiniOzoneClusterImpl-df60ebb5-d9ce-4d7d-8dc8-039b243d66da/datanode-4/data/ratis/2930b6d6-5a9e-418f-ba71-a91ba5a7b369/in_use.lock acquired by nodename 13363@pr-hdds-1879-plksr-2441821890
2019-09-16 16:55:13,273 [pool-97-thread-1] INFO  storage.RaftStorageDirectory (RaftStorageDirectory.java:tryLock(328)) - Lock on /workdir/hadoop-ozone/integration-test/target/test-dir/MiniOzoneClusterImpl-df60ebb5-d9ce-4d7d-8dc8-039b243d66da/datanode-7/data/ratis/2930b6d6-5a9e-418f-ba71-a91ba5a7b369/in_use.lock acquired by nodename 13363@pr-hdds-1879-plksr-2441821890
2019-09-16 16:55:13,286 [pool-67-thread-1] INFO  storage.RaftStorage (RaftStorage.java:format(72)) - Storage directory /workdir/hadoop-ozone/integration-test/target/test-dir/MiniOzoneClusterImpl-df60ebb5-d9ce-4d7d-8dc8-039b243d66da/datanode-4/data/ratis/2930b6d6-5a9e-418f-ba71-a91ba5a7b369 has been successfully formatted.
2019-09-16 16:55:13,286 [pool-97-thread-1] INFO  storage.RaftStorage (RaftStorage.java:format(72)) - Storage directory /workdir/hadoop-ozone/integration-test/target/test-dir/MiniOzoneClusterImpl-df60ebb5-d9ce-4d7d-8dc8-039b243d66da/datanode-7/data/ratis/2930b6d6-5a9e-418f-ba71-a91ba5a7b369 has been successfully formatted.
2019-09-16 16:55:13,286 [pool-87-thread-1] INFO  storage.RaftStorage (RaftStorage.java:format(72)) - Storage directory /workdir/hadoop-ozone/integration-test/target/test-dir/MiniOzoneClusterImpl-df60ebb5-d9ce-4d7d-8dc8-039b243d66da/datanode-6/data/ratis/2930b6d6-5a9e-418f-ba71-a91ba5a7b369 has been successfully formatted.
2019-09-16 16:55:13,287 [pool-67-thread-1] INFO  ratis.ContainerStateMachine (ContainerStateMachine.java:loadSnapshot(230)) - group-A91BA5A7B369: The snapshot info is null. Setting the last applied indexto:(t:0, i:~)
2019-09-16 16:55:13,287 [pool-87-thread-1] INFO  ratis.ContainerStateMachine (ContainerStateMachine.java:loadSnapshot(230)) - group-A91BA5A7B369: The snapshot info is null. Setting the last applied indexto:(t:0, i:~)
2019-09-16 16:55:13,287 [pool-97-thread-1] INFO  ratis.ContainerStateMachine (ContainerStateMachine.java:loadSnapshot(230)) - group-A91BA5A7B369: The snapshot info is null. Setting the last applied indexto:(t:0, i:~)
2019-09-16 16:55:13,287 [pool-87-thread-1] INFO  server.RaftServerConfigKeys (ConfUtils.java:logGet(43)) - raft.server.notification.no-leader.timeout = 120s (custom)
2019-09-16 16:55:13,287 [pool-67-thread-1] INFO  server.RaftServerConfigKeys (ConfUtils.java:logGet(43)) - raft.server.notification.no-leader.timeout = 120s (custom)
2019-09-16 16:55:13,287 [pool-87-thread-1] INFO  server.RaftServerConfigKeys (ConfUtils.java:logGet(43)) - raft.server.log.use.memory = false (default)
2019-09-16 16:55:13,287 [pool-97-thread-1] INFO  server.RaftServerConfigKeys (ConfUtils.java:logGet(43)) - raft.server.notification.no-leader.timeout = 120s (custom)
2019-09-16 16:55:13,288 [pool-87-thread-1] INFO  server.RaftServerConfigKeys (ConfUtils.java:logGet(43)) - raft.server.log.purge.gap = 1000000 (custom)
2019-09-16 16:55:13,287 [pool-67-thread-1] INFO  server.RaftServerConfigKeys (ConfUtils.java:logGet(43)) - raft.server.log.use.memory = false (default)
2019-09-16 16:55:13,288 [pool-87-thread-1] INFO  server.RaftServerConfigKeys (ConfUtils.java:logGet(43)) - raft.server.log.appender.buffer.byte-limit = 33554432 (custom)
2019-09-16 16:55:13,288 [pool-97-thread-1] INFO  server.RaftServerConfigKeys (ConfUtils.java:logGet(43)) - raft.server.log.use.memory = false (default)
2019-09-16 16:55:13,288 [pool-87-thread-1] INFO  server.RaftServerConfigKeys (ConfUtils.java:logGet(43)) - raft.server.log.segment.size.max = 1048576 (custom)
2019-09-16 16:55:13,288 [pool-67-thread-1] INFO  server.RaftServerConfigKeys (ConfUtils.java:logGet(43)) - raft.server.log.purge.gap = 1000000 (custom)
2019-09-16 16:55:13,288 [pool-87-thread-1] INFO  server.RaftServerConfigKeys (ConfUtils.java:logGet(43)) - raft.server.log.segment.cache.num.max = 2 (custom)
2019-09-16 16:55:13,288 [pool-97-thread-1] INFO  server.RaftServerConfigKeys (ConfUtils.java:logGet(43)) - raft.server.log.purge.gap = 1000000 (custom)
2019-09-16 16:55:13,288 [pool-87-thread-1] INFO  segmented.SegmentedRaftLogWorker (SegmentedRaftLogWorker.java:<init>(172)) - new 315b4b00-5c1a-4cba-b27d-9eac94437c20@group-A91BA5A7B369-SegmentedRaftLogWorker for RaftStorage:Storage Directory /workdir/hadoop-ozone/integration-test/target/test-dir/MiniOzoneClusterImpl-df60ebb5-d9ce-4d7d-8dc8-039b243d66da/datanode-6/data/ratis/2930b6d6-5a9e-418f-ba71-a91ba5a7b369
2019-09-16 16:55:13,288 [pool-67-thread-1] INFO  server.RaftServerConfigKeys (ConfUtils.java:logGet(43)) - raft.server.log.appender.buffer.byte-limit = 33554432 (custom)
2019-09-16 16:55:13,289 [pool-87-thread-1] INFO  server.RaftServerConfigKeys (ConfUtils.java:logGet(43)) - raft.server.log.queue.byte-limit = 2147483647 (custom)
2019-09-16 16:55:13,289 [pool-97-thread-1] INFO  server.RaftServerConfigKeys (ConfUtils.java:logGet(43)) - raft.server.log.appender.buffer.byte-limit = 33554432 (custom)
2019-09-16 16:55:13,289 [pool-87-thread-1] INFO  server.RaftServerConfigKeys (ConfUtils.java:logGet(43)) - raft.server.log.queue.element-limit = 1024 (custom)
2019-09-16 16:55:13,289 [pool-67-thread-1] INFO  server.RaftServerConfigKeys (ConfUtils.java:logGet(43)) - raft.server.log.segment.size.max = 1048576 (custom)
2019-09-16 16:55:13,289 [pool-87-thread-1] INFO  server.RaftServerConfigKeys (ConfUtils.java:logGet(43)) - raft.server.log.segment.size.max = 1048576 (custom)
2019-09-16 16:55:13,289 [pool-97-thread-1] INFO  server.RaftServerConfigKeys (ConfUtils.java:logGet(43)) - raft.server.log.segment.size.max = 1048576 (custom)
2019-09-16 16:55:13,289 [pool-87-thread-1] INFO  server.RaftServerConfigKeys (ConfUtils.java:logGet(43)) - raft.server.log.preallocated.size = 16384 (custom)
2019-09-16 16:55:13,289 [pool-67-thread-1] INFO  server.RaftServerConfigKeys (ConfUtils.java:logGet(43)) - raft.server.log.segment.cache.num.max = 2 (custom)
2019-09-16 16:55:13,290 [pool-87-thread-1] INFO  server.RaftServerConfigKeys (ConfUtils.java:logGet(43)) - raft.server.log.write.buffer.size = 33554432 (custom)
2019-09-16 16:55:13,290 [pool-97-thread-1] INFO  server.RaftServerConfigKeys (ConfUtils.java:logGet(43)) - raft.server.log.segment.cache.num.max = 2 (custom)
2019-09-16 16:55:13,290 [pool-87-thread-1] INFO  server.RaftServerConfigKeys (ConfUtils.java:logGet(43)) - raft.server.log.force.sync.num = 128 (default)
2019-09-16 16:55:13,290 [pool-67-thread-1] INFO  segmented.SegmentedRaftLogWorker (SegmentedRaftLogWorker.java:<init>(172)) - new 2e525942-e927-41dd-97b7-9b9ba8560315@group-A91BA5A7B369-SegmentedRaftLogWorker for RaftStorage:Storage Directory /workdir/hadoop-ozone/integration-test/target/test-dir/MiniOzoneClusterImpl-df60ebb5-d9ce-4d7d-8dc8-039b243d66da/datanode-4/data/ratis/2930b6d6-5a9e-418f-ba71-a91ba5a7b369
2019-09-16 16:55:13,290 [pool-87-thread-1] INFO  server.RaftServerConfigKeys (ConfUtils.java:logGet(43)) - raft.server.log.statemachine.data.sync = true (default)
2019-09-16 16:55:13,290 [pool-97-thread-1] INFO  segmented.SegmentedRaftLogWorker (SegmentedRaftLogWorker.java:<init>(172)) - new c232c0ff-9192-4b00-ad60-76b55f03f95e@group-A91BA5A7B369-SegmentedRaftLogWorker for RaftStorage:Storage Directory /workdir/hadoop-ozone/integration-test/target/test-dir/MiniOzoneClusterImpl-df60ebb5-d9ce-4d7d-8dc8-039b243d66da/datanode-7/data/ratis/2930b6d6-5a9e-418f-ba71-a91ba5a7b369
2019-09-16 16:55:13,290 [pool-87-thread-1] INFO  server.RaftServerConfigKeys (ConfUtils.java:logGet(43)) - raft.server.log.statemachine.data.sync.timeout = 10s (default)
2019-09-16 16:55:13,290 [pool-67-thread-1] INFO  server.RaftServerConfigKeys (ConfUtils.java:logGet(43)) - raft.server.log.queue.byte-limit = 2147483647 (custom)
2019-09-16 16:55:13,291 [pool-87-thread-1] INFO  server.RaftServerConfigKeys (ConfUtils.java:logGet(43)) - raft.server.log.statemachine.data.sync.timeout.retry = -1 (default)
2019-09-16 16:55:13,291 [pool-97-thread-1] INFO  server.RaftServerConfigKeys (ConfUtils.java:logGet(43)) - raft.server.log.queue.byte-limit = 2147483647 (custom)
2019-09-16 16:55:13,291 [pool-87-thread-1] INFO  server.RaftServerConfigKeys (ConfUtils.java:logGet(43)) - raft.server.log.statemachine.data.caching.enabled = true (custom)
2019-09-16 16:55:13,291 [pool-67-thread-1] INFO  server.RaftServerConfigKeys (ConfUtils.java:logGet(43)) - raft.server.log.queue.element-limit = 1024 (custom)
2019-09-16 16:55:13,291 [pool-97-thread-1] INFO  server.RaftServerConfigKeys (ConfUtils.java:logGet(43)) - raft.server.log.queue.element-limit = 1024 (custom)
2019-09-16 16:55:13,291 [pool-67-thread-1] INFO  server.RaftServerConfigKeys (ConfUtils.java:logGet(43)) - raft.server.log.segment.size.max = 1048576 (custom)
2019-09-16 16:55:13,291 [pool-87-thread-1] INFO  segmented.SegmentedRaftLogWorker (SegmentedRaftLogWorker.java:lambda$new$0(132)) - 315b4b00-5c1a-4cba-b27d-9eac94437c20@group-A91BA5A7B369-SegmentedRaftLogWorker: flushIndex: setUnconditionally 0 -> -1
2019-09-16 16:55:13,292 [pool-67-thread-1] INFO  server.RaftServerConfigKeys (ConfUtils.java:logGet(43)) - raft.server.log.preallocated.size = 16384 (custom)
2019-09-16 16:55:13,292 [pool-97-thread-1] INFO  server.RaftServerConfigKeys (ConfUtils.java:logGet(43)) - raft.server.log.segment.size.max = 1048576 (custom)
2019-09-16 16:55:13,292 [pool-87-thread-1] INFO  server.RaftServerConfigKeys (ConfUtils.java:logGet(43)) - raft.server.snapshot.auto.trigger.enabled = true (custom)
2019-09-16 16:55:13,292 [pool-67-thread-1] INFO  server.RaftServerConfigKeys (ConfUtils.java:logGet(43)) - raft.server.log.write.buffer.size = 33554432 (custom)
2019-09-16 16:55:13,292 [pool-87-thread-1] INFO  server.RaftServerConfigKeys (ConfUtils.java:logGet(43)) - raft.server.snapshot.auto.trigger.threshold = 10000 (custom)
2019-09-16 16:55:13,292 [pool-87-thread-1] INFO  server.RaftServerConfigKeys (ConfUtils.java:logGet(43)) - raft.server.snapshot.retention.num.files = -1 (default)
2019-09-16 16:55:13,292 [pool-97-thread-1] INFO  server.RaftServerConfigKeys (ConfUtils.java:logGet(43)) - raft.server.log.preallocated.size = 16384 (custom)
2019-09-16 16:55:13,293 [pool-87-thread-1] INFO  server.RaftServerConfigKeys (ConfUtils.java:logGet(43)) - raft.server.retrycache.expirytime = 600000ms (custom)
2019-09-16 16:55:13,292 [pool-67-thread-1] INFO  server.RaftServerConfigKeys (ConfUtils.java:logGet(43)) - raft.server.log.force.sync.num = 128 (default)
2019-09-16 16:55:13,293 [pool-97-thread-1] INFO  server.RaftServerConfigKeys (ConfUtils.java:logGet(43)) - raft.server.log.write.buffer.size = 33554432 (custom)
2019-09-16 16:55:13,293 [pool-67-thread-1] INFO  server.RaftServerConfigKeys (ConfUtils.java:logGet(43)) - raft.server.log.statemachine.data.sync = true (default)
2019-09-16 16:55:13,293 [pool-97-thread-1] INFO  server.RaftServerConfigKeys (ConfUtils.java:logGet(43)) - raft.server.log.force.sync.num = 128 (default)
2019-09-16 16:55:13,293 [pool-67-thread-1] INFO  server.RaftServerConfigKeys (ConfUtils.java:logGet(43)) - raft.server.log.statemachine.data.sync.timeout = 10s (default)
2019-09-16 16:55:13,293 [pool-97-thread-1] INFO  server.RaftServerConfigKeys (ConfUtils.java:logGet(43)) - raft.server.log.statemachine.data.sync = true (default)
2019-09-16 16:55:13,293 [pool-67-thread-1] INFO  server.RaftServerConfigKeys (ConfUtils.java:logGet(43)) - raft.server.log.statemachine.data.sync.timeout.retry = -1 (default)
2019-09-16 16:55:13,294 [pool-97-thread-1] INFO  server.RaftServerConfigKeys (ConfUtils.java:logGet(43)) - raft.server.log.statemachine.data.sync.timeout = 10s (default)
2019-09-16 16:55:13,294 [pool-67-thread-1] INFO  server.RaftServerConfigKeys (ConfUtils.java:logGet(43)) - raft.server.log.statemachine.data.caching.enabled = true (custom)
2019-09-16 16:55:13,294 [pool-97-thread-1] INFO  server.RaftServerConfigKeys (ConfUtils.java:logGet(43)) - raft.server.log.statemachine.data.sync.timeout.retry = -1 (default)
2019-09-16 16:55:13,294 [pool-67-thread-1] INFO  segmented.SegmentedRaftLogWorker (SegmentedRaftLogWorker.java:lambda$new$0(132)) - 2e525942-e927-41dd-97b7-9b9ba8560315@group-A91BA5A7B369-SegmentedRaftLogWorker: flushIndex: setUnconditionally 0 -> -1
2019-09-16 16:55:13,294 [pool-97-thread-1] INFO  server.RaftServerConfigKeys (ConfUtils.java:logGet(43)) - raft.server.log.statemachine.data.caching.enabled = true (custom)
2019-09-16 16:55:13,295 [pool-67-thread-1] INFO  server.RaftServerConfigKeys (ConfUtils.java:logGet(43)) - raft.server.snapshot.auto.trigger.enabled = true (custom)
2019-09-16 16:55:13,295 [pool-97-thread-1] INFO  segmented.SegmentedRaftLogWorker (SegmentedRaftLogWorker.java:lambda$new$0(132)) - c232c0ff-9192-4b00-ad60-76b55f03f95e@group-A91BA5A7B369-SegmentedRaftLogWorker: flushIndex: setUnconditionally 0 -> -1
2019-09-16 16:55:13,295 [pool-67-thread-1] INFO  server.RaftServerConfigKeys (ConfUtils.java:logGet(43)) - raft.server.snapshot.auto.trigger.threshold = 10000 (custom)
2019-09-16 16:55:13,295 [pool-67-thread-1] INFO  server.RaftServerConfigKeys (ConfUtils.java:logGet(43)) - raft.server.snapshot.retention.num.files = -1 (default)
2019-09-16 16:55:13,295 [pool-97-thread-1] INFO  server.RaftServerConfigKeys (ConfUtils.java:logGet(43)) - raft.server.snapshot.auto.trigger.enabled = true (custom)
2019-09-16 16:55:13,295 [pool-67-thread-1] INFO  server.RaftServerConfigKeys (ConfUtils.java:logGet(43)) - raft.server.retrycache.expirytime = 600000ms (custom)
2019-09-16 16:55:13,295 [pool-97-thread-1] INFO  server.RaftServerConfigKeys (ConfUtils.java:logGet(43)) - raft.server.snapshot.auto.trigger.threshold = 10000 (custom)
2019-09-16 16:55:13,296 [pool-97-thread-1] INFO  server.RaftServerConfigKeys (ConfUtils.java:logGet(43)) - raft.server.snapshot.retention.num.files = -1 (default)
2019-09-16 16:55:13,296 [pool-97-thread-1] INFO  server.RaftServerConfigKeys (ConfUtils.java:logGet(43)) - raft.server.retrycache.expirytime = 600000ms (custom)
2019-09-16 16:55:13,296 [pool-87-thread-1] INFO  impl.RaftServerImpl (RaftServerImpl.java:start(185)) - 315b4b00-5c1a-4cba-b27d-9eac94437c20@group-A91BA5A7B369: start as a follower, conf=-1: [2e525942-e927-41dd-97b7-9b9ba8560315:192.168.34.37:33333, 315b4b00-5c1a-4cba-b27d-9eac94437c20:192.168.34.37:43197, c232c0ff-9192-4b00-ad60-76b55f03f95e:192.168.34.37:42873], old=null
2019-09-16 16:55:13,297 [pool-87-thread-1] INFO  impl.RaftServerImpl (RaftServerImpl.java:setRole(174)) - 315b4b00-5c1a-4cba-b27d-9eac94437c20@group-A91BA5A7B369: changes role from      null to FOLLOWER at term 0 for startAsFollower
2019-09-16 16:55:13,297 [pool-87-thread-1] INFO  impl.RoleInfo (RoleInfo.java:updateAndGet(143)) - 315b4b00-5c1a-4cba-b27d-9eac94437c20: start FollowerState
2019-09-16 16:55:13,297 [pool-87-thread-1] INFO  util.JmxRegister (JmxRegister.java:tryRegister(44)) - Successfully registered JMX Bean with object name Ratis:service=RaftServer,group=group-A91BA5A7B369,id=315b4b00-5c1a-4cba-b27d-9eac94437c20
2019-09-16 16:55:13,299 [pool-67-thread-1] INFO  impl.RaftServerImpl (RaftServerImpl.java:start(185)) - 2e525942-e927-41dd-97b7-9b9ba8560315@group-A91BA5A7B369: start as a follower, conf=-1: [2e525942-e927-41dd-97b7-9b9ba8560315:192.168.34.37:33333, 315b4b00-5c1a-4cba-b27d-9eac94437c20:192.168.34.37:43197, c232c0ff-9192-4b00-ad60-76b55f03f95e:192.168.34.37:42873], old=null
2019-09-16 16:55:13,300 [pool-97-thread-1] INFO  impl.RaftServerImpl (RaftServerImpl.java:start(185)) - c232c0ff-9192-4b00-ad60-76b55f03f95e@group-A91BA5A7B369: start as a follower, conf=-1: [2e525942-e927-41dd-97b7-9b9ba8560315:192.168.34.37:33333, 315b4b00-5c1a-4cba-b27d-9eac94437c20:192.168.34.37:43197, c232c0ff-9192-4b00-ad60-76b55f03f95e:192.168.34.37:42873], old=null
2019-09-16 16:55:13,300 [pool-67-thread-1] INFO  impl.RaftServerImpl (RaftServerImpl.java:setRole(174)) - 2e525942-e927-41dd-97b7-9b9ba8560315@group-A91BA5A7B369: changes role from      null to FOLLOWER at term 0 for startAsFollower
2019-09-16 16:55:13,300 [pool-97-thread-1] INFO  impl.RaftServerImpl (RaftServerImpl.java:setRole(174)) - c232c0ff-9192-4b00-ad60-76b55f03f95e@group-A91BA5A7B369: changes role from      null to FOLLOWER at term 0 for startAsFollower
2019-09-16 16:55:13,300 [pool-67-thread-1] INFO  impl.RoleInfo (RoleInfo.java:updateAndGet(143)) - 2e525942-e927-41dd-97b7-9b9ba8560315: start FollowerState
2019-09-16 16:55:13,300 [pool-97-thread-1] INFO  impl.RoleInfo (RoleInfo.java:updateAndGet(143)) - c232c0ff-9192-4b00-ad60-76b55f03f95e: start FollowerState
2019-09-16 16:55:13,300 [pool-67-thread-1] INFO  util.JmxRegister (JmxRegister.java:tryRegister(44)) - Successfully registered JMX Bean with object name Ratis:service=RaftServer,group=group-A91BA5A7B369,id=2e525942-e927-41dd-97b7-9b9ba8560315
2019-09-16 16:55:13,300 [pool-97-thread-1] INFO  util.JmxRegister (JmxRegister.java:tryRegister(44)) - Successfully registered JMX Bean with object name Ratis:service=RaftServer,group=group-A91BA5A7B369,id=c232c0ff-9192-4b00-ad60-76b55f03f95e
2019-09-16 16:55:13,304 [Thread-291] INFO  impl.FollowerState (FollowerState.java:run(106)) - 3debf489-fb8f-44d7-9f14-87ea2202f1a2:group-8FB3A6CCF45F changes to CANDIDATE, lastRpcTime:1040, electionTimeout:1040ms
2019-09-16 16:55:13,305 [Thread-291] INFO  impl.RoleInfo (RoleInfo.java:shutdownFollowerState(121)) - 3debf489-fb8f-44d7-9f14-87ea2202f1a2: shutdown FollowerState
2019-09-16 16:55:13,305 [Thread-291] INFO  impl.RaftServerImpl (RaftServerImpl.java:setRole(174)) - 3debf489-fb8f-44d7-9f14-87ea2202f1a2@group-8FB3A6CCF45F: changes role from  FOLLOWER to CANDIDATE at term 0 for changeToCandidate
2019-09-16 16:55:13,305 [Thread-291] INFO  impl.RoleInfo (RoleInfo.java:updateAndGet(143)) - 3debf489-fb8f-44d7-9f14-87ea2202f1a2: start LeaderElection
2019-09-16 16:55:13,346 [RatisPipelineUtilsThread] INFO  pipeline.PipelineStateManager (PipelineStateManager.java:addPipeline(56)) - Created pipeline Pipeline[ Id: 2930b6d6-5a9e-418f-ba71-a91ba5a7b369, Nodes: 2e525942-e927-41dd-97b7-9b9ba8560315{ip: 192.168.34.37, host: pr-hdds-1879-plksr-2441821890, networkLocation: /default-rack, certSerialId: null}c232c0ff-9192-4b00-ad60-76b55f03f95e{ip: 192.168.34.37, host: pr-hdds-1879-plksr-2441821890, networkLocation: /default-rack, certSerialId: null}315b4b00-5c1a-4cba-b27d-9eac94437c20{ip: 192.168.34.37, host: pr-hdds-1879-plksr-2441821890, networkLocation: /default-rack, certSerialId: null}, Type:RATIS, Factor:THREE, State:OPEN]
2019-09-16 16:55:13,379 [3debf489-fb8f-44d7-9f14-87ea2202f1a2@group-8FB3A6CCF45F:LeaderElection3] INFO  impl.LeaderElection (LeaderElection.java:askForVotes(182)) - 3debf489-fb8f-44d7-9f14-87ea2202f1a2@group-8FB3A6CCF45F:LeaderElection3: begin an election at term 1 for -1: [3debf489-fb8f-44d7-9f14-87ea2202f1a2:192.168.34.37:46057], old=null
2019-09-16 16:55:13,384 [3debf489-fb8f-44d7-9f14-87ea2202f1a2@group-8FB3A6CCF45F:LeaderElection3] INFO  impl.RoleInfo (RoleInfo.java:shutdownLeaderElection(134)) - 3debf489-fb8f-44d7-9f14-87ea2202f1a2: shutdown LeaderElection
2019-09-16 16:55:13,388 [3debf489-fb8f-44d7-9f14-87ea2202f1a2@group-8FB3A6CCF45F:LeaderElection3] INFO  impl.RaftServerImpl (RaftServerImpl.java:setRole(174)) - 3debf489-fb8f-44d7-9f14-87ea2202f1a2@group-8FB3A6CCF45F: changes role from CANDIDATE to LEADER at term 1 for changeToLeader
2019-09-16 16:55:13,388 [3debf489-fb8f-44d7-9f14-87ea2202f1a2@group-8FB3A6CCF45F:LeaderElection3] INFO  impl.RaftServerImpl (ServerState.java:setLeader(253)) - 3debf489-fb8f-44d7-9f14-87ea2202f1a2@group-8FB3A6CCF45F: change Leader from null to 3debf489-fb8f-44d7-9f14-87ea2202f1a2 at term 1 for becomeLeader, leader elected after 1191ms
2019-09-16 16:55:13,388 [3debf489-fb8f-44d7-9f14-87ea2202f1a2@group-8FB3A6CCF45F:LeaderElection3] INFO  server.RaftServerConfigKeys (ConfUtils.java:logGet(43)) - raft.server.staging.catchup.gap = 1000 (default)
2019-09-16 16:55:13,388 [3debf489-fb8f-44d7-9f14-87ea2202f1a2@group-8FB3A6CCF45F:LeaderElection3] INFO  server.RaftServerConfigKeys (ConfUtils.java:logGet(43)) - raft.server.rpc.sleep.time = 25ms (default)
2019-09-16 16:55:13,388 [3debf489-fb8f-44d7-9f14-87ea2202f1a2@group-8FB3A6CCF45F:LeaderElection3] INFO  server.RaftServerConfigKeys (ConfUtils.java:logGet(43)) - raft.server.write.element-limit = 4096 (default)
2019-09-16 16:55:13,391 [3debf489-fb8f-44d7-9f14-87ea2202f1a2@group-8FB3A6CCF45F:LeaderElection3] INFO  server.RaftServerConfigKeys (ConfUtils.java:logGet(43)) - raft.server.watch.timeout = 10s (default)
2019-09-16 16:55:13,391 [3debf489-fb8f-44d7-9f14-87ea2202f1a2@group-8FB3A6CCF45F:LeaderElection3] INFO  server.RaftServerConfigKeys (ConfUtils.java:logGet(43)) - raft.server.watch.timeout.denomination = 1s (default)
2019-09-16 16:55:13,391 [3debf489-fb8f-44d7-9f14-87ea2202f1a2@group-8FB3A6CCF45F:LeaderElection3] INFO  server.RaftServerConfigKeys (ConfUtils.java:logGet(43)) - raft.server.watch.element-limit = 65536 (default)
2019-09-16 16:55:13,398 [3debf489-fb8f-44d7-9f14-87ea2202f1a2@group-8FB3A6CCF45F:LeaderElection3] INFO  impl.RoleInfo (RoleInfo.java:updateAndGet(143)) - 3debf489-fb8f-44d7-9f14-87ea2202f1a2: start LeaderState
2019-09-16 16:55:13,398 [3debf489-fb8f-44d7-9f14-87ea2202f1a2@group-8FB3A6CCF45F:LeaderElection3] INFO  segmented.SegmentedRaftLogWorker (SegmentedRaftLogWorker.java:startLogSegment(380)) - 3debf489-fb8f-44d7-9f14-87ea2202f1a2@group-8FB3A6CCF45F-SegmentedRaftLogWorker: Starting segment from index:0
2019-09-16 16:55:13,401 [3debf489-fb8f-44d7-9f14-87ea2202f1a2@group-8FB3A6CCF45F:LeaderElection3] INFO  impl.RaftServerImpl (ServerState.java:setRaftConf(354)) - 3debf489-fb8f-44d7-9f14-87ea2202f1a2@group-8FB3A6CCF45F: set configuration 0: [3debf489-fb8f-44d7-9f14-87ea2202f1a2:192.168.34.37:46057], old=null at 0
2019-09-16 16:55:13,434 [Thread-294] INFO  impl.FollowerState (FollowerState.java:run(106)) - 7977ac3b-0be3-4a37-9fef-39f7814db179:group-6DDC44D35A0E changes to CANDIDATE, lastRpcTime:1076, electionTimeout:1058ms
2019-09-16 16:55:13,440 [cc439034-f900-459f-93f0-405510d1632e@group-F4A5A5E522AC-SegmentedRaftLogWorker] INFO  segmented.SegmentedRaftLogWorker (SegmentedRaftLogWorker.java:execute(569)) - cc439034-f900-459f-93f0-405510d1632e@group-F4A5A5E522AC-SegmentedRaftLogWorker: created new log segment /workdir/hadoop-ozone/integration-test/target/test-dir/MiniOzoneClusterImpl-df60ebb5-d9ce-4d7d-8dc8-039b243d66da/datanode-3/data/ratis/9aa5d609-b3b8-41c5-a902-f4a5a5e522ac/current/log_inprogress_0
2019-09-16 16:55:13,446 [Thread-294] INFO  impl.RoleInfo (RoleInfo.java:shutdownFollowerState(121)) - 7977ac3b-0be3-4a37-9fef-39f7814db179: shutdown FollowerState
2019-09-16 16:55:13,446 [grpc-default-executor-0] INFO  impl.RaftServerProxy (RaftServerProxy.java:addNew(89)) - ff1392d6-f741-46e8-b06b-d99a585290d3: addNew group-96041FA828FE:[84a51469-6089-434c-9409-be6ecd1b15ae:192.168.34.37:37072, ff1392d6-f741-46e8-b06b-d99a585290d3:192.168.34.37:33009, 82d73395-84ed-4f5d-a3d4-b8dc3778e9c8:192.168.34.37:45600] returns group-96041FA828FE:java.util.concurrent.CompletableFuture@2d998fba[Not completed]
2019-09-16 16:55:13,446 [82d73395-84ed-4f5d-a3d4-b8dc3778e9c8@group-55B4C9D8213F-SegmentedRaftLogWorker] INFO  segmented.SegmentedRaftLogWorker (SegmentedRaftLogWorker.java:execute(569)) - 82d73395-84ed-4f5d-a3d4-b8dc3778e9c8@group-55B4C9D8213F-SegmentedRaftLogWorker: created new log segment /workdir/hadoop-ozone/integration-test/target/test-dir/MiniOzoneClusterImpl-df60ebb5-d9ce-4d7d-8dc8-039b243d66da/datanode-0/data/ratis/03fe713a-0b63-4f4f-bdba-55b4c9d8213f/current/log_inprogress_0
2019-09-16 16:55:13,446 [Thread-294] INFO  impl.RaftServerImpl (RaftServerImpl.java:setRole(174)) - 7977ac3b-0be3-4a37-9fef-39f7814db179@group-6DDC44D35A0E: changes role from  FOLLOWER to CANDIDATE at term 0 for changeToCandidate
2019-09-16 16:55:13,447 [Thread-294] INFO  impl.RoleInfo (RoleInfo.java:updateAndGet(143)) - 7977ac3b-0be3-4a37-9fef-39f7814db179: start LeaderElection
2019-09-16 16:55:13,458 [3debf489-fb8f-44d7-9f14-87ea2202f1a2@group-8FB3A6CCF45F-SegmentedRaftLogWorker] INFO  segmented.SegmentedRaftLogWorker (SegmentedRaftLogWorker.java:execute(569)) - 3debf489-fb8f-44d7-9f14-87ea2202f1a2@group-8FB3A6CCF45F-SegmentedRaftLogWorker: created new log segment /workdir/hadoop-ozone/integration-test/target/test-dir/MiniOzoneClusterImpl-df60ebb5-d9ce-4d7d-8dc8-039b243d66da/datanode-2/data/ratis/c4f0febc-3cad-49da-88f2-8fb3a6ccf45f/current/log_inprogress_0
2019-09-16 16:55:13,459 [grpc-default-executor-0] INFO  impl.RaftServerProxy (RaftServerProxy.java:addNew(89)) - 82d73395-84ed-4f5d-a3d4-b8dc3778e9c8: addNew group-96041FA828FE:[84a51469-6089-434c-9409-be6ecd1b15ae:192.168.34.37:37072, ff1392d6-f741-46e8-b06b-d99a585290d3:192.168.34.37:33009, 82d73395-84ed-4f5d-a3d4-b8dc3778e9c8:192.168.34.37:45600] returns group-96041FA828FE:java.util.concurrent.CompletableFuture@4863e6f1[Not completed]
2019-09-16 16:55:13,459 [grpc-default-executor-1] INFO  impl.RaftServerProxy (RaftServerProxy.java:addNew(89)) - 84a51469-6089-434c-9409-be6ecd1b15ae: addNew group-96041FA828FE:[84a51469-6089-434c-9409-be6ecd1b15ae:192.168.34.37:37072, ff1392d6-f741-46e8-b06b-d99a585290d3:192.168.34.37:33009, 82d73395-84ed-4f5d-a3d4-b8dc3778e9c8:192.168.34.37:45600] returns group-96041FA828FE:java.util.concurrent.CompletableFuture@6c612f4a[Not completed]
2019-09-16 16:55:13,459 [pool-107-thread-1] INFO  impl.RaftServerImpl (RaftServerImpl.java:<init>(95)) - ff1392d6-f741-46e8-b06b-d99a585290d3: new RaftServerImpl for group-96041FA828FE:[84a51469-6089-434c-9409-be6ecd1b15ae:192.168.34.37:37072, ff1392d6-f741-46e8-b06b-d99a585290d3:192.168.34.37:33009, 82d73395-84ed-4f5d-a3d4-b8dc3778e9c8:192.168.34.37:45600] with ContainerStateMachine:uninitialized
2019-09-16 16:55:13,460 [pool-107-thread-1] INFO  server.RaftServerConfigKeys (ConfUtils.java:logGet(43)) - raft.server.rpc.timeout.min = 1s (custom)
2019-09-16 16:55:13,460 [pool-107-thread-1] INFO  server.RaftServerConfigKeys (ConfUtils.java:logGet(43)) - raft.server.rpc.timeout.max = 1200ms (custom)
2019-09-16 16:55:13,460 [pool-107-thread-1] INFO  server.RaftServerConfigKeys (ConfUtils.java:logGet(43)) - raft.server.rpcslowness.timeout = 120s (custom)
2019-09-16 16:55:13,460 [pool-107-thread-1] INFO  server.RaftServerConfigKeys (ConfUtils.java:logGet(43)) - raft.server.sleep.deviation.threshold = 300 (default)
2019-09-16 16:55:13,460 [pool-107-thread-1] INFO  server.RaftServerConfigKeys (ConfUtils.java:logGet(43)) - raft.server.log.appender.install.snapshot.enabled = false (custom)
2019-09-16 16:55:13,461 [pool-107-thread-1] INFO  impl.RaftServerImpl (ServerState.java:<init>(103)) - ff1392d6-f741-46e8-b06b-d99a585290d3@group-96041FA828FE: ConfigurationManager, init=-1: [84a51469-6089-434c-9409-be6ecd1b15ae:192.168.34.37:37072, ff1392d6-f741-46e8-b06b-d99a585290d3:192.168.34.37:33009, 82d73395-84ed-4f5d-a3d4-b8dc3778e9c8:192.168.34.37:45600], old=null, confs=<EMPTY_MAP>
2019-09-16 16:55:13,461 [pool-117-thread-1] INFO  impl.RaftServerImpl (RaftServerImpl.java:<init>(95)) - 84a51469-6089-434c-9409-be6ecd1b15ae: new RaftServerImpl for group-96041FA828FE:[84a51469-6089-434c-9409-be6ecd1b15ae:192.168.34.37:37072, ff1392d6-f741-46e8-b06b-d99a585290d3:192.168.34.37:33009, 82d73395-84ed-4f5d-a3d4-b8dc3778e9c8:192.168.34.37:45600] with ContainerStateMachine:uninitialized
2019-09-16 16:55:13,461 [pool-107-thread-1] INFO  server.RaftServerConfigKeys (ConfUtils.java:logGet(43)) - raft.server.storage.dir = [/workdir/hadoop-ozone/integration-test/target/test-dir/MiniOzoneClusterImpl-df60ebb5-d9ce-4d7d-8dc8-039b243d66da/datanode-8/data/ratis] (custom)
2019-09-16 16:55:13,461 [pool-117-thread-1] INFO  server.RaftServerConfigKeys (ConfUtils.java:logGet(43)) - raft.server.rpc.timeout.min = 1s (custom)
2019-09-16 16:55:13,461 [pool-117-thread-1] INFO  server.RaftServerConfigKeys (ConfUtils.java:logGet(43)) - raft.server.rpc.timeout.max = 1200ms (custom)
2019-09-16 16:55:13,461 [pool-107-thread-1] INFO  storage.RaftStorageDirectory (RaftStorageDirectory.java:analyzeStorage(246)) - The storage directory /workdir/hadoop-ozone/integration-test/target/test-dir/MiniOzoneClusterImpl-df60ebb5-d9ce-4d7d-8dc8-039b243d66da/datanode-8/data/ratis/d2c78f41-34e3-4523-be1a-96041fa828fe does not exist. Creating ...
2019-09-16 16:55:13,461 [pool-117-thread-1] INFO  server.RaftServerConfigKeys (ConfUtils.java:logGet(43)) - raft.server.rpcslowness.timeout = 120s (custom)
2019-09-16 16:55:13,462 [pool-27-thread-1] INFO  impl.RaftServerImpl (RaftServerImpl.java:<init>(95)) - 82d73395-84ed-4f5d-a3d4-b8dc3778e9c8: new RaftServerImpl for group-96041FA828FE:[84a51469-6089-434c-9409-be6ecd1b15ae:192.168.34.37:37072, ff1392d6-f741-46e8-b06b-d99a585290d3:192.168.34.37:33009, 82d73395-84ed-4f5d-a3d4-b8dc3778e9c8:192.168.34.37:45600] with ContainerStateMachine:uninitialized
2019-09-16 16:55:13,462 [pool-117-thread-1] INFO  server.RaftServerConfigKeys (ConfUtils.java:logGet(43)) - raft.server.sleep.deviation.threshold = 300 (default)
2019-09-16 16:55:13,462 [pool-27-thread-1] INFO  server.RaftServerConfigKeys (ConfUtils.java:logGet(43)) - raft.server.rpc.timeout.min = 1s (custom)
2019-09-16 16:55:13,462 [pool-117-thread-1] INFO  server.RaftServerConfigKeys (ConfUtils.java:logGet(43)) - raft.server.log.appender.install.snapshot.enabled = false (custom)
2019-09-16 16:55:13,462 [pool-27-thread-1] INFO  server.RaftServerConfigKeys (ConfUtils.java:logGet(43)) - raft.server.rpc.timeout.max = 1200ms (custom)
2019-09-16 16:55:13,462 [pool-117-thread-1] INFO  impl.RaftServerImpl (ServerState.java:<init>(103)) - 84a51469-6089-434c-9409-be6ecd1b15ae@group-96041FA828FE: ConfigurationManager, init=-1: [84a51469-6089-434c-9409-be6ecd1b15ae:192.168.34.37:37072, ff1392d6-f741-46e8-b06b-d99a585290d3:192.168.34.37:33009, 82d73395-84ed-4f5d-a3d4-b8dc3778e9c8:192.168.34.37:45600], old=null, confs=<EMPTY_MAP>
2019-09-16 16:55:13,462 [pool-27-thread-1] INFO  server.RaftServerConfigKeys (ConfUtils.java:logGet(43)) - raft.server.rpcslowness.timeout = 120s (custom)
2019-09-16 16:55:13,463 [pool-117-thread-1] INFO  server.RaftServerConfigKeys (ConfUtils.java:logGet(43)) - raft.server.storage.dir = [/workdir/hadoop-ozone/integration-test/target/test-dir/MiniOzoneClusterImpl-df60ebb5-d9ce-4d7d-8dc8-039b243d66da/datanode-9/data/ratis] (custom)
2019-09-16 16:55:13,463 [pool-27-thread-1] INFO  server.RaftServerConfigKeys (ConfUtils.java:logGet(43)) - raft.server.sleep.deviation.threshold = 300 (default)
2019-09-16 16:55:13,463 [pool-27-thread-1] INFO  server.RaftServerConfigKeys (ConfUtils.java:logGet(43)) - raft.server.log.appender.install.snapshot.enabled = false (custom)
2019-09-16 16:55:13,463 [pool-117-thread-1] INFO  storage.RaftStorageDirectory (RaftStorageDirectory.java:analyzeStorage(246)) - The storage directory /workdir/hadoop-ozone/integration-test/target/test-dir/MiniOzoneClusterImpl-df60ebb5-d9ce-4d7d-8dc8-039b243d66da/datanode-9/data/ratis/d2c78f41-34e3-4523-be1a-96041fa828fe does not exist. Creating ...
2019-09-16 16:55:13,463 [pool-27-thread-1] INFO  impl.RaftServerImpl (ServerState.java:<init>(103)) - 82d73395-84ed-4f5d-a3d4-b8dc3778e9c8@group-96041FA828FE: ConfigurationManager, init=-1: [84a51469-6089-434c-9409-be6ecd1b15ae:192.168.34.37:37072, ff1392d6-f741-46e8-b06b-d99a585290d3:192.168.34.37:33009, 82d73395-84ed-4f5d-a3d4-b8dc3778e9c8:192.168.34.37:45600], old=null, confs=<EMPTY_MAP>
2019-09-16 16:55:13,463 [pool-27-thread-1] INFO  server.RaftServerConfigKeys (ConfUtils.java:logGet(43)) - raft.server.storage.dir = [/workdir/hadoop-ozone/integration-test/target/test-dir/MiniOzoneClusterImpl-df60ebb5-d9ce-4d7d-8dc8-039b243d66da/datanode-0/data/ratis] (custom)
2019-09-16 16:55:13,464 [pool-27-thread-1] INFO  storage.RaftStorageDirectory (RaftStorageDirectory.java:analyzeStorage(246)) - The storage directory /workdir/hadoop-ozone/integration-test/target/test-dir/MiniOzoneClusterImpl-df60ebb5-d9ce-4d7d-8dc8-039b243d66da/datanode-0/data/ratis/d2c78f41-34e3-4523-be1a-96041fa828fe does not exist. Creating ...
2019-09-16 16:55:13,473 [pool-117-thread-1] INFO  storage.RaftStorageDirectory (RaftStorageDirectory.java:tryLock(328)) - Lock on /workdir/hadoop-ozone/integration-test/target/test-dir/MiniOzoneClusterImpl-df60ebb5-d9ce-4d7d-8dc8-039b243d66da/datanode-9/data/ratis/d2c78f41-34e3-4523-be1a-96041fa828fe/in_use.lock acquired by nodename 13363@pr-hdds-1879-plksr-2441821890
2019-09-16 16:55:13,473 [7977ac3b-0be3-4a37-9fef-39f7814db179@group-6DDC44D35A0E:LeaderElection4] INFO  impl.LeaderElection (LeaderElection.java:askForVotes(182)) - 7977ac3b-0be3-4a37-9fef-39f7814db179@group-6DDC44D35A0E:LeaderElection4: begin an election at term 1 for -1: [7977ac3b-0be3-4a37-9fef-39f7814db179:192.168.34.37:39944], old=null
2019-09-16 16:55:13,473 [pool-27-thread-1] INFO  storage.RaftStorageDirectory (RaftStorageDirectory.java:tryLock(328)) - Lock on /workdir/hadoop-ozone/integration-test/target/test-dir/MiniOzoneClusterImpl-df60ebb5-d9ce-4d7d-8dc8-039b243d66da/datanode-0/data/ratis/d2c78f41-34e3-4523-be1a-96041fa828fe/in_use.lock acquired by nodename 13363@pr-hdds-1879-plksr-2441821890
2019-09-16 16:55:13,473 [pool-107-thread-1] INFO  storage.RaftStorageDirectory (RaftStorageDirectory.java:tryLock(328)) - Lock on /workdir/hadoop-ozone/integration-test/target/test-dir/MiniOzoneClusterImpl-df60ebb5-d9ce-4d7d-8dc8-039b243d66da/datanode-8/data/ratis/d2c78f41-34e3-4523-be1a-96041fa828fe/in_use.lock acquired by nodename 13363@pr-hdds-1879-plksr-2441821890
2019-09-16 16:55:13,473 [7977ac3b-0be3-4a37-9fef-39f7814db179@group-6DDC44D35A0E:LeaderElection4] INFO  impl.RoleInfo (RoleInfo.java:shutdownLeaderElection(134)) - 7977ac3b-0be3-4a37-9fef-39f7814db179: shutdown LeaderElection
2019-09-16 16:55:13,473 [7977ac3b-0be3-4a37-9fef-39f7814db179@group-6DDC44D35A0E:LeaderElection4] INFO  impl.RaftServerImpl (RaftServerImpl.java:setRole(174)) - 7977ac3b-0be3-4a37-9fef-39f7814db179@group-6DDC44D35A0E: changes role from CANDIDATE to LEADER at term 1 for changeToLeader
2019-09-16 16:55:13,474 [7977ac3b-0be3-4a37-9fef-39f7814db179@group-6DDC44D35A0E:LeaderElection4] INFO  impl.RaftServerImpl (ServerState.java:setLeader(253)) - 7977ac3b-0be3-4a37-9fef-39f7814db179@group-6DDC44D35A0E: change Leader from null to 7977ac3b-0be3-4a37-9fef-39f7814db179 at term 1 for becomeLeader, leader elected after 1125ms
2019-09-16 16:55:13,474 [7977ac3b-0be3-4a37-9fef-39f7814db179@group-6DDC44D35A0E:LeaderElection4] INFO  server.RaftServerConfigKeys (ConfUtils.java:logGet(43)) - raft.server.staging.catchup.gap = 1000 (default)
2019-09-16 16:55:13,474 [7977ac3b-0be3-4a37-9fef-39f7814db179@group-6DDC44D35A0E:LeaderElection4] INFO  server.RaftServerConfigKeys (ConfUtils.java:logGet(43)) - raft.server.rpc.sleep.time = 25ms (default)
2019-09-16 16:55:13,474 [7977ac3b-0be3-4a37-9fef-39f7814db179@group-6DDC44D35A0E:LeaderElection4] INFO  server.RaftServerConfigKeys (ConfUtils.java:logGet(43)) - raft.server.write.element-limit = 4096 (default)
2019-09-16 16:55:13,474 [7977ac3b-0be3-4a37-9fef-39f7814db179@group-6DDC44D35A0E:LeaderElection4] INFO  server.RaftServerConfigKeys (ConfUtils.java:logGet(43)) - raft.server.watch.timeout = 10s (default)
2019-09-16 16:55:13,474 [7977ac3b-0be3-4a37-9fef-39f7814db179@group-6DDC44D35A0E:LeaderElection4] INFO  server.RaftServerConfigKeys (ConfUtils.java:logGet(43)) - raft.server.watch.timeout.denomination = 1s (default)
2019-09-16 16:55:13,475 [7977ac3b-0be3-4a37-9fef-39f7814db179@group-6DDC44D35A0E:LeaderElection4] INFO  server.RaftServerConfigKeys (ConfUtils.java:logGet(43)) - raft.server.watch.element-limit = 65536 (default)
2019-09-16 16:55:13,479 [7977ac3b-0be3-4a37-9fef-39f7814db179@group-6DDC44D35A0E:LeaderElection4] INFO  impl.RoleInfo (RoleInfo.java:updateAndGet(143)) - 7977ac3b-0be3-4a37-9fef-39f7814db179: start LeaderState
2019-09-16 16:55:13,479 [7977ac3b-0be3-4a37-9fef-39f7814db179@group-6DDC44D35A0E:LeaderElection4] INFO  segmented.SegmentedRaftLogWorker (SegmentedRaftLogWorker.java:startLogSegment(380)) - 7977ac3b-0be3-4a37-9fef-39f7814db179@group-6DDC44D35A0E-SegmentedRaftLogWorker: Starting segment from index:0
2019-09-16 16:55:13,480 [7977ac3b-0be3-4a37-9fef-39f7814db179@group-6DDC44D35A0E:LeaderElection4] INFO  impl.RaftServerImpl (ServerState.java:setRaftConf(354)) - 7977ac3b-0be3-4a37-9fef-39f7814db179@group-6DDC44D35A0E: set configuration 0: [7977ac3b-0be3-4a37-9fef-39f7814db179:192.168.34.37:39944], old=null at 0
2019-09-16 16:55:13,520 [pool-107-thread-1] INFO  storage.RaftStorage (RaftStorage.java:format(72)) - Storage directory /workdir/hadoop-ozone/integration-test/target/test-dir/MiniOzoneClusterImpl-df60ebb5-d9ce-4d7d-8dc8-039b243d66da/datanode-8/data/ratis/d2c78f41-34e3-4523-be1a-96041fa828fe has been successfully formatted.
2019-09-16 16:55:13,520 [pool-117-thread-1] INFO  storage.RaftStorage (RaftStorage.java:format(72)) - Storage directory /workdir/hadoop-ozone/integration-test/target/test-dir/MiniOzoneClusterImpl-df60ebb5-d9ce-4d7d-8dc8-039b243d66da/datanode-9/data/ratis/d2c78f41-34e3-4523-be1a-96041fa828fe has been successfully formatted.
2019-09-16 16:55:13,521 [pool-107-thread-1] INFO  ratis.ContainerStateMachine (ContainerStateMachine.java:loadSnapshot(230)) - group-96041FA828FE: The snapshot info is null. Setting the last applied indexto:(t:0, i:~)
2019-09-16 16:55:13,520 [pool-27-thread-1] INFO  storage.RaftStorage (RaftStorage.java:format(72)) - Storage directory /workdir/hadoop-ozone/integration-test/target/test-dir/MiniOzoneClusterImpl-df60ebb5-d9ce-4d7d-8dc8-039b243d66da/datanode-0/data/ratis/d2c78f41-34e3-4523-be1a-96041fa828fe has been successfully formatted.
2019-09-16 16:55:13,521 [pool-107-thread-1] INFO  server.RaftServerConfigKeys (ConfUtils.java:logGet(43)) - raft.server.notification.no-leader.timeout = 120s (custom)
2019-09-16 16:55:13,521 [pool-117-thread-1] INFO  ratis.ContainerStateMachine (ContainerStateMachine.java:loadSnapshot(230)) - group-96041FA828FE: The snapshot info is null. Setting the last applied indexto:(t:0, i:~)
2019-09-16 16:55:13,521 [pool-107-thread-1] INFO  server.RaftServerConfigKeys (ConfUtils.java:logGet(43)) - raft.server.log.use.memory = false (default)
2019-09-16 16:55:13,521 [pool-27-thread-1] INFO  ratis.ContainerStateMachine (ContainerStateMachine.java:loadSnapshot(230)) - group-96041FA828FE: The snapshot info is null. Setting the last applied indexto:(t:0, i:~)
2019-09-16 16:55:13,522 [pool-107-thread-1] INFO  server.RaftServerConfigKeys (ConfUtils.java:logGet(43)) - raft.server.log.purge.gap = 1000000 (custom)
2019-09-16 16:55:13,521 [pool-117-thread-1] INFO  server.RaftServerConfigKeys (ConfUtils.java:logGet(43)) - raft.server.notification.no-leader.timeout = 120s (custom)
2019-09-16 16:55:13,522 [pool-107-thread-1] INFO  server.RaftServerConfigKeys (ConfUtils.java:logGet(43)) - raft.server.log.appender.buffer.byte-limit = 33554432 (custom)
2019-09-16 16:55:13,522 [pool-27-thread-1] INFO  server.RaftServerConfigKeys (ConfUtils.java:logGet(43)) - raft.server.notification.no-leader.timeout = 120s (custom)
2019-09-16 16:55:13,522 [pool-107-thread-1] INFO  server.RaftServerConfigKeys (ConfUtils.java:logGet(43)) - raft.server.log.segment.size.max = 1048576 (custom)
2019-09-16 16:55:13,522 [pool-117-thread-1] INFO  server.RaftServerConfigKeys (ConfUtils.java:logGet(43)) - raft.server.log.use.memory = false (default)
2019-09-16 16:55:13,522 [pool-107-thread-1] INFO  server.RaftServerConfigKeys (ConfUtils.java:logGet(43)) - raft.server.log.segment.cache.num.max = 2 (custom)
2019-09-16 16:55:13,522 [pool-27-thread-1] INFO  server.RaftServerConfigKeys (ConfUtils.java:logGet(43)) - raft.server.log.use.memory = false (default)
2019-09-16 16:55:13,523 [pool-107-thread-1] INFO  segmented.SegmentedRaftLogWorker (SegmentedRaftLogWorker.java:<init>(172)) - new ff1392d6-f741-46e8-b06b-d99a585290d3@group-96041FA828FE-SegmentedRaftLogWorker for RaftStorage:Storage Directory /workdir/hadoop-ozone/integration-test/target/test-dir/MiniOzoneClusterImpl-df60ebb5-d9ce-4d7d-8dc8-039b243d66da/datanode-8/data/ratis/d2c78f41-34e3-4523-be1a-96041fa828fe
2019-09-16 16:55:13,523 [pool-117-thread-1] INFO  server.RaftServerConfigKeys (ConfUtils.java:logGet(43)) - raft.server.log.purge.gap = 1000000 (custom)
2019-09-16 16:55:13,523 [pool-107-thread-1] INFO  server.RaftServerConfigKeys (ConfUtils.java:logGet(43)) - raft.server.log.queue.byte-limit = 2147483647 (custom)
2019-09-16 16:55:13,523 [pool-107-thread-1] INFO  server.RaftServerConfigKeys (ConfUtils.java:logGet(43)) - raft.server.log.queue.element-limit = 1024 (custom)
2019-09-16 16:55:13,523 [pool-27-thread-1] INFO  server.RaftServerConfigKeys (ConfUtils.java:logGet(43)) - raft.server.log.purge.gap = 1000000 (custom)
2019-09-16 16:55:13,524 [pool-107-thread-1] INFO  server.RaftServerConfigKeys (ConfUtils.java:logGet(43)) - raft.server.log.segment.size.max = 1048576 (custom)
2019-09-16 16:55:13,523 [pool-117-thread-1] INFO  server.RaftServerConfigKeys (ConfUtils.java:logGet(43)) - raft.server.log.appender.buffer.byte-limit = 33554432 (custom)
2019-09-16 16:55:13,524 [pool-107-thread-1] INFO  server.RaftServerConfigKeys (ConfUtils.java:logGet(43)) - raft.server.log.preallocated.size = 16384 (custom)
2019-09-16 16:55:13,524 [pool-27-thread-1] INFO  server.RaftServerConfigKeys (ConfUtils.java:logGet(43)) - raft.server.log.appender.buffer.byte-limit = 33554432 (custom)
2019-09-16 16:55:13,524 [pool-107-thread-1] INFO  server.RaftServerConfigKeys (ConfUtils.java:logGet(43)) - raft.server.log.write.buffer.size = 33554432 (custom)
2019-09-16 16:55:13,524 [pool-117-thread-1] INFO  server.RaftServerConfigKeys (ConfUtils.java:logGet(43)) - raft.server.log.segment.size.max = 1048576 (custom)
2019-09-16 16:55:13,524 [7977ac3b-0be3-4a37-9fef-39f7814db179@group-6DDC44D35A0E-SegmentedRaftLogWorker] INFO  segmented.SegmentedRaftLogWorker (SegmentedRaftLogWorker.java:execute(569)) - 7977ac3b-0be3-4a37-9fef-39f7814db179@group-6DDC44D35A0E-SegmentedRaftLogWorker: created new log segment /workdir/hadoop-ozone/integration-test/target/test-dir/MiniOzoneClusterImpl-df60ebb5-d9ce-4d7d-8dc8-039b243d66da/datanode-5/data/ratis/29a642e4-a5ed-40bd-ae7c-6ddc44d35a0e/current/log_inprogress_0
2019-09-16 16:55:13,525 [pool-117-thread-1] INFO  server.RaftServerConfigKeys (ConfUtils.java:logGet(43)) - raft.server.log.segment.cache.num.max = 2 (custom)
2019-09-16 16:55:13,525 [pool-107-thread-1] INFO  server.RaftServerConfigKeys (ConfUtils.java:logGet(43)) - raft.server.log.force.sync.num = 128 (default)
2019-09-16 16:55:13,524 [pool-27-thread-1] INFO  server.RaftServerConfigKeys (ConfUtils.java:logGet(43)) - raft.server.log.segment.size.max = 1048576 (custom)
2019-09-16 16:55:13,525 [pool-107-thread-1] INFO  server.RaftServerConfigKeys (ConfUtils.java:logGet(43)) - raft.server.log.statemachine.data.sync = true (default)
2019-09-16 16:55:13,525 [pool-117-thread-1] INFO  segmented.SegmentedRaftLogWorker (SegmentedRaftLogWorker.java:<init>(172)) - new 84a51469-6089-434c-9409-be6ecd1b15ae@group-96041FA828FE-SegmentedRaftLogWorker for RaftStorage:Storage Directory /workdir/hadoop-ozone/integration-test/target/test-dir/MiniOzoneClusterImpl-df60ebb5-d9ce-4d7d-8dc8-039b243d66da/datanode-9/data/ratis/d2c78f41-34e3-4523-be1a-96041fa828fe
2019-09-16 16:55:13,525 [pool-107-thread-1] INFO  server.RaftServerConfigKeys (ConfUtils.java:logGet(43)) - raft.server.log.statemachine.data.sync.timeout = 10s (default)
2019-09-16 16:55:13,525 [pool-27-thread-1] INFO  server.RaftServerConfigKeys (ConfUtils.java:logGet(43)) - raft.server.log.segment.cache.num.max = 2 (custom)
2019-09-16 16:55:13,526 [pool-107-thread-1] INFO  server.RaftServerConfigKeys (ConfUtils.java:logGet(43)) - raft.server.log.statemachine.data.sync.timeout.retry = -1 (default)
2019-09-16 16:55:13,526 [pool-117-thread-1] INFO  server.RaftServerConfigKeys (ConfUtils.java:logGet(43)) - raft.server.log.queue.byte-limit = 2147483647 (custom)
2019-09-16 16:55:13,526 [pool-107-thread-1] INFO  server.RaftServerConfigKeys (ConfUtils.java:logGet(43)) - raft.server.log.statemachine.data.caching.enabled = true (custom)
2019-09-16 16:55:13,526 [pool-27-thread-1] INFO  segmented.SegmentedRaftLogWorker (SegmentedRaftLogWorker.java:<init>(172)) - new 82d73395-84ed-4f5d-a3d4-b8dc3778e9c8@group-96041FA828FE-SegmentedRaftLogWorker for RaftStorage:Storage Directory /workdir/hadoop-ozone/integration-test/target/test-dir/MiniOzoneClusterImpl-df60ebb5-d9ce-4d7d-8dc8-039b243d66da/datanode-0/data/ratis/d2c78f41-34e3-4523-be1a-96041fa828fe
2019-09-16 16:55:13,526 [pool-117-thread-1] INFO  server.RaftServerConfigKeys (ConfUtils.java:logGet(43)) - raft.server.log.queue.element-limit = 1024 (custom)
2019-09-16 16:55:13,527 [pool-27-thread-1] INFO  server.RaftServerConfigKeys (ConfUtils.java:logGet(43)) - raft.server.log.queue.byte-limit = 2147483647 (custom)
2019-09-16 16:55:13,527 [pool-107-thread-1] INFO  segmented.SegmentedRaftLogWorker (SegmentedRaftLogWorker.java:lambda$new$0(132)) - ff1392d6-f741-46e8-b06b-d99a585290d3@group-96041FA828FE-SegmentedRaftLogWorker: flushIndex: setUnconditionally 0 -> -1
2019-09-16 16:55:13,529 [pool-27-thread-1] INFO  server.RaftServerConfigKeys (ConfUtils.java:logGet(43)) - raft.server.log.queue.element-limit = 1024 (custom)
2019-09-16 16:55:13,527 [pool-117-thread-1] INFO  server.RaftServerConfigKeys (ConfUtils.java:logGet(43)) - raft.server.log.segment.size.max = 1048576 (custom)
2019-09-16 16:55:13,529 [pool-107-thread-1] INFO  server.RaftServerConfigKeys (ConfUtils.java:logGet(43)) - raft.server.snapshot.auto.trigger.enabled = true (custom)
2019-09-16 16:55:13,537 [pool-107-thread-1] INFO  server.RaftServerConfigKeys (ConfUtils.java:logGet(43)) - raft.server.snapshot.auto.trigger.threshold = 10000 (custom)
2019-09-16 16:55:13,529 [pool-27-thread-1] INFO  server.RaftServerConfigKeys (ConfUtils.java:logGet(43)) - raft.server.log.segment.size.max = 1048576 (custom)
2019-09-16 16:55:13,537 [pool-107-thread-1] INFO  server.RaftServerConfigKeys (ConfUtils.java:logGet(43)) - raft.server.snapshot.retention.num.files = -1 (default)
2019-09-16 16:55:13,536 [pool-117-thread-1] INFO  server.RaftServerConfigKeys (ConfUtils.java:logGet(43)) - raft.server.log.preallocated.size = 16384 (custom)
2019-09-16 16:55:13,544 [pool-107-thread-1] INFO  server.RaftServerConfigKeys (ConfUtils.java:logGet(43)) - raft.server.retrycache.expirytime = 600000ms (custom)
2019-09-16 16:55:13,539 [pool-27-thread-1] INFO  server.RaftServerConfigKeys (ConfUtils.java:logGet(43)) - raft.server.log.preallocated.size = 16384 (custom)
2019-09-16 16:55:13,544 [pool-117-thread-1] INFO  server.RaftServerConfigKeys (ConfUtils.java:logGet(43)) - raft.server.log.write.buffer.size = 33554432 (custom)
2019-09-16 16:55:13,545 [pool-27-thread-1] INFO  server.RaftServerConfigKeys (ConfUtils.java:logGet(43)) - raft.server.log.write.buffer.size = 33554432 (custom)
2019-09-16 16:55:13,545 [pool-117-thread-1] INFO  server.RaftServerConfigKeys (ConfUtils.java:logGet(43)) - raft.server.log.force.sync.num = 128 (default)
2019-09-16 16:55:13,545 [pool-27-thread-1] INFO  server.RaftServerConfigKeys (ConfUtils.java:logGet(43)) - raft.server.log.force.sync.num = 128 (default)
2019-09-16 16:55:13,545 [pool-117-thread-1] INFO  server.RaftServerConfigKeys (ConfUtils.java:logGet(43)) - raft.server.log.statemachine.data.sync = true (default)
2019-09-16 16:55:13,545 [pool-27-thread-1] INFO  server.RaftServerConfigKeys (ConfUtils.java:logGet(43)) - raft.server.log.statemachine.data.sync = true (default)
2019-09-16 16:55:13,549 [pool-27-thread-1] INFO  server.RaftServerConfigKeys (ConfUtils.java:logGet(43)) - raft.server.log.statemachine.data.sync.timeout = 10s (default)
2019-09-16 16:55:13,549 [pool-117-thread-1] INFO  server.RaftServerConfigKeys (ConfUtils.java:logGet(43)) - raft.server.log.statemachine.data.sync.timeout = 10s (default)
2019-09-16 16:55:13,550 [pool-27-thread-1] INFO  server.RaftServerConfigKeys (ConfUtils.java:logGet(43)) - raft.server.log.statemachine.data.sync.timeout.retry = -1 (default)
2019-09-16 16:55:13,550 [pool-117-thread-1] INFO  server.RaftServerConfigKeys (ConfUtils.java:logGet(43)) - raft.server.log.statemachine.data.sync.timeout.retry = -1 (default)
2019-09-16 16:55:13,550 [pool-27-thread-1] INFO  server.RaftServerConfigKeys (ConfUtils.java:logGet(43)) - raft.server.log.statemachine.data.caching.enabled = true (custom)
2019-09-16 16:55:13,550 [pool-117-thread-1] INFO  server.RaftServerConfigKeys (ConfUtils.java:logGet(43)) - raft.server.log.statemachine.data.caching.enabled = true (custom)
2019-09-16 16:55:13,551 [pool-27-thread-1] INFO  segmented.SegmentedRaftLogWorker (SegmentedRaftLogWorker.java:lambda$new$0(132)) - 82d73395-84ed-4f5d-a3d4-b8dc3778e9c8@group-96041FA828FE-SegmentedRaftLogWorker: flushIndex: setUnconditionally 0 -> -1
2019-09-16 16:55:13,551 [pool-117-thread-1] INFO  segmented.SegmentedRaftLogWorker (SegmentedRaftLogWorker.java:lambda$new$0(132)) - 84a51469-6089-434c-9409-be6ecd1b15ae@group-96041FA828FE-SegmentedRaftLogWorker: flushIndex: setUnconditionally 0 -> -1
2019-09-16 16:55:13,551 [pool-27-thread-1] INFO  server.RaftServerConfigKeys (ConfUtils.java:logGet(43)) - raft.server.snapshot.auto.trigger.enabled = true (custom)
2019-09-16 16:55:13,551 [pool-27-thread-1] INFO  server.RaftServerConfigKeys (ConfUtils.java:logGet(43)) - raft.server.snapshot.auto.trigger.threshold = 10000 (custom)
2019-09-16 16:55:13,551 [pool-117-thread-1] INFO  server.RaftServerConfigKeys (ConfUtils.java:logGet(43)) - raft.server.snapshot.auto.trigger.enabled = true (custom)
2019-09-16 16:55:13,551 [pool-27-thread-1] INFO  server.RaftServerConfigKeys (ConfUtils.java:logGet(43)) - raft.server.snapshot.retention.num.files = -1 (default)
2019-09-16 16:55:13,551 [pool-117-thread-1] INFO  server.RaftServerConfigKeys (ConfUtils.java:logGet(43)) - raft.server.snapshot.auto.trigger.threshold = 10000 (custom)
2019-09-16 16:55:13,551 [pool-107-thread-1] INFO  impl.RaftServerImpl (RaftServerImpl.java:start(185)) - ff1392d6-f741-46e8-b06b-d99a585290d3@group-96041FA828FE: start as a follower, conf=-1: [84a51469-6089-434c-9409-be6ecd1b15ae:192.168.34.37:37072, ff1392d6-f741-46e8-b06b-d99a585290d3:192.168.34.37:33009, 82d73395-84ed-4f5d-a3d4-b8dc3778e9c8:192.168.34.37:45600], old=null
2019-09-16 16:55:13,552 [pool-117-thread-1] INFO  server.RaftServerConfigKeys (ConfUtils.java:logGet(43)) - raft.server.snapshot.retention.num.files = -1 (default)
2019-09-16 16:55:13,551 [pool-27-thread-1] INFO  server.RaftServerConfigKeys (ConfUtils.java:logGet(43)) - raft.server.retrycache.expirytime = 600000ms (custom)
2019-09-16 16:55:13,552 [pool-117-thread-1] INFO  server.RaftServerConfigKeys (ConfUtils.java:logGet(43)) - raft.server.retrycache.expirytime = 600000ms (custom)
2019-09-16 16:55:13,552 [pool-107-thread-1] INFO  impl.RaftServerImpl (RaftServerImpl.java:setRole(174)) - ff1392d6-f741-46e8-b06b-d99a585290d3@group-96041FA828FE: changes role from      null to FOLLOWER at term 0 for startAsFollower
2019-09-16 16:55:13,552 [pool-107-thread-1] INFO  impl.RoleInfo (RoleInfo.java:updateAndGet(143)) - ff1392d6-f741-46e8-b06b-d99a585290d3: start FollowerState
2019-09-16 16:55:13,553 [pool-107-thread-1] INFO  util.JmxRegister (JmxRegister.java:tryRegister(44)) - Successfully registered JMX Bean with object name Ratis:service=RaftServer,group=group-96041FA828FE,id=ff1392d6-f741-46e8-b06b-d99a585290d3
2019-09-16 16:55:13,557 [pool-27-thread-1] INFO  impl.RaftServerImpl (RaftServerImpl.java:start(185)) - 82d73395-84ed-4f5d-a3d4-b8dc3778e9c8@group-96041FA828FE: start as a follower, conf=-1: [84a51469-6089-434c-9409-be6ecd1b15ae:192.168.34.37:37072, ff1392d6-f741-46e8-b06b-d99a585290d3:192.168.34.37:33009, 82d73395-84ed-4f5d-a3d4-b8dc3778e9c8:192.168.34.37:45600], old=null
2019-09-16 16:55:13,558 [pool-27-thread-1] INFO  impl.RaftServerImpl (RaftServerImpl.java:setRole(174)) - 82d73395-84ed-4f5d-a3d4-b8dc3778e9c8@group-96041FA828FE: changes role from      null to FOLLOWER at term 0 for startAsFollower
2019-09-16 16:55:13,558 [pool-27-thread-1] INFO  impl.RoleInfo (RoleInfo.java:updateAndGet(143)) - 82d73395-84ed-4f5d-a3d4-b8dc3778e9c8: start FollowerState
2019-09-16 16:55:13,558 [pool-117-thread-1] INFO  impl.RaftServerImpl (RaftServerImpl.java:start(185)) - 84a51469-6089-434c-9409-be6ecd1b15ae@group-96041FA828FE: start as a follower, conf=-1: [84a51469-6089-434c-9409-be6ecd1b15ae:192.168.34.37:37072, ff1392d6-f741-46e8-b06b-d99a585290d3:192.168.34.37:33009, 82d73395-84ed-4f5d-a3d4-b8dc3778e9c8:192.168.34.37:45600], old=null
2019-09-16 16:55:13,558 [pool-117-thread-1] INFO  impl.RaftServerImpl (RaftServerImpl.java:setRole(174)) - 84a51469-6089-434c-9409-be6ecd1b15ae@group-96041FA828FE: changes role from      null to FOLLOWER at term 0 for startAsFollower
2019-09-16 16:55:13,558 [pool-27-thread-1] INFO  util.JmxRegister (JmxRegister.java:tryRegister(44)) - Successfully registered JMX Bean with object name Ratis:service=RaftServer,group=group-96041FA828FE,id=82d73395-84ed-4f5d-a3d4-b8dc3778e9c8
2019-09-16 16:55:13,558 [pool-117-thread-1] INFO  impl.RoleInfo (RoleInfo.java:updateAndGet(143)) - 84a51469-6089-434c-9409-be6ecd1b15ae: start FollowerState
2019-09-16 16:55:13,559 [pool-117-thread-1] INFO  util.JmxRegister (JmxRegister.java:tryRegister(44)) - Successfully registered JMX Bean with object name Ratis:service=RaftServer,group=group-96041FA828FE,id=84a51469-6089-434c-9409-be6ecd1b15ae
2019-09-16 16:55:13,568 [RatisPipelineUtilsThread] INFO  pipeline.PipelineStateManager (PipelineStateManager.java:addPipeline(56)) - Created pipeline Pipeline[ Id: d2c78f41-34e3-4523-be1a-96041fa828fe, Nodes: 82d73395-84ed-4f5d-a3d4-b8dc3778e9c8{ip: 192.168.34.37, host: pr-hdds-1879-plksr-2441821890, networkLocation: /default-rack, certSerialId: null}84a51469-6089-434c-9409-be6ecd1b15ae{ip: 192.168.34.37, host: pr-hdds-1879-plksr-2441821890, networkLocation: /default-rack, certSerialId: null}ff1392d6-f741-46e8-b06b-d99a585290d3{ip: 192.168.34.37, host: pr-hdds-1879-plksr-2441821890, networkLocation: /default-rack, certSerialId: null}, Type:RATIS, Factor:THREE, State:OPEN]
2019-09-16 16:55:13,657 [main] INFO  rpc.RpcClient (RpcClient.java:createVolume(298)) - Creating Volume: datanodefailurehandlingtest, with jenkins1000 as owner.
2019-09-16 16:55:13,707 [Thread-297] INFO  impl.FollowerState (FollowerState.java:run(106)) - 2e525942-e927-41dd-97b7-9b9ba8560315:group-AB125CEF77D7 changes to CANDIDATE, lastRpcTime:1137, electionTimeout:1137ms
2019-09-16 16:55:13,710 [Thread-297] INFO  impl.RoleInfo (RoleInfo.java:shutdownFollowerState(121)) - 2e525942-e927-41dd-97b7-9b9ba8560315: shutdown FollowerState
2019-09-16 16:55:13,710 [Thread-297] INFO  impl.RaftServerImpl (RaftServerImpl.java:setRole(174)) - 2e525942-e927-41dd-97b7-9b9ba8560315@group-AB125CEF77D7: changes role from  FOLLOWER to CANDIDATE at term 0 for changeToCandidate
2019-09-16 16:55:13,710 [Thread-297] INFO  impl.RoleInfo (RoleInfo.java:updateAndGet(143)) - 2e525942-e927-41dd-97b7-9b9ba8560315: start LeaderElection
2019-09-16 16:55:13,730 [2e525942-e927-41dd-97b7-9b9ba8560315@group-AB125CEF77D7:LeaderElection5] INFO  impl.LeaderElection (LeaderElection.java:askForVotes(182)) - 2e525942-e927-41dd-97b7-9b9ba8560315@group-AB125CEF77D7:LeaderElection5: begin an election at term 1 for -1: [2e525942-e927-41dd-97b7-9b9ba8560315:192.168.34.37:33333], old=null
2019-09-16 16:55:13,730 [2e525942-e927-41dd-97b7-9b9ba8560315@group-AB125CEF77D7:LeaderElection5] INFO  impl.RoleInfo (RoleInfo.java:shutdownLeaderElection(134)) - 2e525942-e927-41dd-97b7-9b9ba8560315: shutdown LeaderElection
2019-09-16 16:55:13,731 [2e525942-e927-41dd-97b7-9b9ba8560315@group-AB125CEF77D7:LeaderElection5] INFO  impl.RaftServerImpl (RaftServerImpl.java:setRole(174)) - 2e525942-e927-41dd-97b7-9b9ba8560315@group-AB125CEF77D7: changes role from CANDIDATE to LEADER at term 1 for changeToLeader
2019-09-16 16:55:13,731 [2e525942-e927-41dd-97b7-9b9ba8560315@group-AB125CEF77D7:LeaderElection5] INFO  impl.RaftServerImpl (ServerState.java:setLeader(253)) - 2e525942-e927-41dd-97b7-9b9ba8560315@group-AB125CEF77D7: change Leader from null to 2e525942-e927-41dd-97b7-9b9ba8560315 at term 1 for becomeLeader, leader elected after 1297ms
2019-09-16 16:55:13,731 [2e525942-e927-41dd-97b7-9b9ba8560315@group-AB125CEF77D7:LeaderElection5] INFO  server.RaftServerConfigKeys (ConfUtils.java:logGet(43)) - raft.server.staging.catchup.gap = 1000 (default)
2019-09-16 16:55:13,731 [2e525942-e927-41dd-97b7-9b9ba8560315@group-AB125CEF77D7:LeaderElection5] INFO  server.RaftServerConfigKeys (ConfUtils.java:logGet(43)) - raft.server.rpc.sleep.time = 25ms (default)
2019-09-16 16:55:13,731 [2e525942-e927-41dd-97b7-9b9ba8560315@group-AB125CEF77D7:LeaderElection5] INFO  server.RaftServerConfigKeys (ConfUtils.java:logGet(43)) - raft.server.write.element-limit = 4096 (default)
2019-09-16 16:55:13,732 [2e525942-e927-41dd-97b7-9b9ba8560315@group-AB125CEF77D7:LeaderElection5] INFO  server.RaftServerConfigKeys (ConfUtils.java:logGet(43)) - raft.server.watch.timeout = 10s (default)
2019-09-16 16:55:13,732 [2e525942-e927-41dd-97b7-9b9ba8560315@group-AB125CEF77D7:LeaderElection5] INFO  server.RaftServerConfigKeys (ConfUtils.java:logGet(43)) - raft.server.watch.timeout.denomination = 1s (default)
2019-09-16 16:55:13,732 [2e525942-e927-41dd-97b7-9b9ba8560315@group-AB125CEF77D7:LeaderElection5] INFO  server.RaftServerConfigKeys (ConfUtils.java:logGet(43)) - raft.server.watch.element-limit = 65536 (default)
2019-09-16 16:55:13,737 [2e525942-e927-41dd-97b7-9b9ba8560315@group-AB125CEF77D7:LeaderElection5] INFO  impl.RoleInfo (RoleInfo.java:updateAndGet(143)) - 2e525942-e927-41dd-97b7-9b9ba8560315: start LeaderState
2019-09-16 16:55:13,737 [2e525942-e927-41dd-97b7-9b9ba8560315@group-AB125CEF77D7:LeaderElection5] INFO  segmented.SegmentedRaftLogWorker (SegmentedRaftLogWorker.java:startLogSegment(380)) - 2e525942-e927-41dd-97b7-9b9ba8560315@group-AB125CEF77D7-SegmentedRaftLogWorker: Starting segment from index:0
2019-09-16 16:55:13,737 [2e525942-e927-41dd-97b7-9b9ba8560315@group-AB125CEF77D7:LeaderElection5] INFO  impl.RaftServerImpl (ServerState.java:setRaftConf(354)) - 2e525942-e927-41dd-97b7-9b9ba8560315@group-AB125CEF77D7: set configuration 0: [2e525942-e927-41dd-97b7-9b9ba8560315:192.168.34.37:33333], old=null at 0
2019-09-16 16:55:13,777 [2e525942-e927-41dd-97b7-9b9ba8560315@group-AB125CEF77D7-SegmentedRaftLogWorker] INFO  segmented.SegmentedRaftLogWorker (SegmentedRaftLogWorker.java:execute(569)) - 2e525942-e927-41dd-97b7-9b9ba8560315@group-AB125CEF77D7-SegmentedRaftLogWorker: created new log segment /workdir/hadoop-ozone/integration-test/target/test-dir/MiniOzoneClusterImpl-df60ebb5-d9ce-4d7d-8dc8-039b243d66da/datanode-4/data/ratis/f47e20c6-76b0-4bb5-9a9e-ab125cef77d7/current/log_inprogress_0
2019-09-16 16:55:14,116 [Thread-314] INFO  impl.FollowerState (FollowerState.java:run(106)) - b2efd7c1-6f6c-4a36-a627-0903cf886de6:group-7DC59660F91D changes to CANDIDATE, lastRpcTime:1107, electionTimeout:1000ms
2019-09-16 16:55:14,116 [Thread-306] INFO  impl.FollowerState (FollowerState.java:run(106)) - 84a51469-6089-434c-9409-be6ecd1b15ae:group-58588758826D changes to CANDIDATE, lastRpcTime:1290, electionTimeout:1118ms
2019-09-16 16:55:14,116 [Thread-303] INFO  impl.FollowerState (FollowerState.java:run(106)) - 315b4b00-5c1a-4cba-b27d-9eac94437c20:group-BEE6E34C2DE2 changes to CANDIDATE, lastRpcTime:1376, electionTimeout:1200ms
2019-09-16 16:55:14,119 [Thread-314] INFO  impl.RoleInfo (RoleInfo.java:shutdownFollowerState(121)) - b2efd7c1-6f6c-4a36-a627-0903cf886de6: shutdown FollowerState
2019-09-16 16:55:14,119 [Thread-300] WARN  util.JavaUtils (JavaUtils.java:sleep(250)) - Unexpected long sleep: sleep(1131ms) actually took 1468ms which is over the threshold 300ms
2019-09-16 16:55:14,119 [Thread-311] INFO  impl.FollowerState (FollowerState.java:run(106)) - ff1392d6-f741-46e8-b06b-d99a585290d3:group-F94A4F0F3961 changes to CANDIDATE, lastRpcTime:1197, electionTimeout:1147ms
2019-09-16 16:55:14,119 [Thread-306] INFO  impl.RoleInfo (RoleInfo.java:shutdownFollowerState(121)) - 84a51469-6089-434c-9409-be6ecd1b15ae: shutdown FollowerState
2019-09-16 16:55:14,119 [Thread-303] INFO  impl.RoleInfo (RoleInfo.java:shutdownFollowerState(121)) - 315b4b00-5c1a-4cba-b27d-9eac94437c20: shutdown FollowerState
2019-09-16 16:55:14,121 [Thread-311] INFO  impl.RoleInfo (RoleInfo.java:shutdownFollowerState(121)) - ff1392d6-f741-46e8-b06b-d99a585290d3: shutdown FollowerState
2019-09-16 16:55:14,133 [Thread-306] INFO  impl.RaftServerImpl (RaftServerImpl.java:setRole(174)) - 84a51469-6089-434c-9409-be6ecd1b15ae@group-58588758826D: changes role from  FOLLOWER to CANDIDATE at term 0 for changeToCandidate
2019-09-16 16:55:14,133 [Thread-314] INFO  impl.RaftServerImpl (RaftServerImpl.java:setRole(174)) - b2efd7c1-6f6c-4a36-a627-0903cf886de6@group-7DC59660F91D: changes role from  FOLLOWER to CANDIDATE at term 0 for changeToCandidate
2019-09-16 16:55:14,133 [Thread-311] INFO  impl.RaftServerImpl (RaftServerImpl.java:setRole(174)) - ff1392d6-f741-46e8-b06b-d99a585290d3@group-F94A4F0F3961: changes role from  FOLLOWER to CANDIDATE at term 0 for changeToCandidate
2019-09-16 16:55:14,133 [Thread-314] INFO  impl.RoleInfo (RoleInfo.java:updateAndGet(143)) - b2efd7c1-6f6c-4a36-a627-0903cf886de6: start LeaderElection
2019-09-16 16:55:14,133 [Thread-303] INFO  impl.RaftServerImpl (RaftServerImpl.java:setRole(174)) - 315b4b00-5c1a-4cba-b27d-9eac94437c20@group-BEE6E34C2DE2: changes role from  FOLLOWER to CANDIDATE at term 0 for changeToCandidate
2019-09-16 16:55:14,133 [Thread-306] INFO  impl.RoleInfo (RoleInfo.java:updateAndGet(143)) - 84a51469-6089-434c-9409-be6ecd1b15ae: start LeaderElection
2019-09-16 16:55:14,133 [Thread-311] INFO  impl.RoleInfo (RoleInfo.java:updateAndGet(143)) - ff1392d6-f741-46e8-b06b-d99a585290d3: start LeaderElection
2019-09-16 16:55:14,155 [Thread-303] INFO  impl.RoleInfo (RoleInfo.java:updateAndGet(143)) - 315b4b00-5c1a-4cba-b27d-9eac94437c20: start LeaderElection
2019-09-16 16:55:14,168 [b2efd7c1-6f6c-4a36-a627-0903cf886de6@group-7DC59660F91D:LeaderElection7] INFO  impl.LeaderElection (LeaderElection.java:askForVotes(182)) - b2efd7c1-6f6c-4a36-a627-0903cf886de6@group-7DC59660F91D:LeaderElection7: begin an election at term 1 for -1: [b2efd7c1-6f6c-4a36-a627-0903cf886de6:192.168.34.37:35760], old=null
2019-09-16 16:55:14,168 [b2efd7c1-6f6c-4a36-a627-0903cf886de6@group-7DC59660F91D:LeaderElection7] INFO  impl.RoleInfo (RoleInfo.java:shutdownLeaderElection(134)) - b2efd7c1-6f6c-4a36-a627-0903cf886de6: shutdown LeaderElection
2019-09-16 16:55:14,169 [b2efd7c1-6f6c-4a36-a627-0903cf886de6@group-7DC59660F91D:LeaderElection7] INFO  impl.RaftServerImpl (RaftServerImpl.java:setRole(174)) - b2efd7c1-6f6c-4a36-a627-0903cf886de6@group-7DC59660F91D: changes role from CANDIDATE to LEADER at term 1 for changeToLeader
2019-09-16 16:55:14,169 [Thread-283] INFO  container.ReplicationManager (ReplicationManager.java:start(162)) - Starting Replication Monitor Thread.
2019-09-16 16:55:14,169 [b2efd7c1-6f6c-4a36-a627-0903cf886de6@group-7DC59660F91D:LeaderElection7] INFO  impl.RaftServerImpl (ServerState.java:setLeader(253)) - b2efd7c1-6f6c-4a36-a627-0903cf886de6@group-7DC59660F91D: change Leader from null to b2efd7c1-6f6c-4a36-a627-0903cf886de6 at term 1 for becomeLeader, leader elected after 1170ms
2019-09-16 16:55:14,169 [b2efd7c1-6f6c-4a36-a627-0903cf886de6@group-7DC59660F91D:LeaderElection7] INFO  server.RaftServerConfigKeys (ConfUtils.java:logGet(43)) - raft.server.staging.catchup.gap = 1000 (default)
2019-09-16 16:55:14,169 [b2efd7c1-6f6c-4a36-a627-0903cf886de6@group-7DC59660F91D:LeaderElection7] INFO  server.RaftServerConfigKeys (ConfUtils.java:logGet(43)) - raft.server.rpc.sleep.time = 25ms (default)
2019-09-16 16:55:14,169 [b2efd7c1-6f6c-4a36-a627-0903cf886de6@group-7DC59660F91D:LeaderElection7] INFO  server.RaftServerConfigKeys (ConfUtils.java:logGet(43)) - raft.server.write.element-limit = 4096 (default)
2019-09-16 16:55:14,169 [b2efd7c1-6f6c-4a36-a627-0903cf886de6@group-7DC59660F91D:LeaderElection7] INFO  server.RaftServerConfigKeys (ConfUtils.java:logGet(43)) - raft.server.watch.timeout = 10s (default)
2019-09-16 16:55:14,170 [b2efd7c1-6f6c-4a36-a627-0903cf886de6@group-7DC59660F91D:LeaderElection7] INFO  server.RaftServerConfigKeys (ConfUtils.java:logGet(43)) - raft.server.watch.timeout.denomination = 1s (default)
2019-09-16 16:55:14,170 [b2efd7c1-6f6c-4a36-a627-0903cf886de6@group-7DC59660F91D:LeaderElection7] INFO  server.RaftServerConfigKeys (ConfUtils.java:logGet(43)) - raft.server.watch.element-limit = 65536 (default)
2019-09-16 16:55:14,170 [ReplicationMonitor] INFO  container.ReplicationManager (ReplicationManager.java:run(225)) - Replication Monitor Thread took 1 milliseconds for processing 0 containers.
2019-09-16 16:55:14,188 [315b4b00-5c1a-4cba-b27d-9eac94437c20@group-BEE6E34C2DE2:LeaderElection9] INFO  impl.LeaderElection (LeaderElection.java:askForVotes(182)) - 315b4b00-5c1a-4cba-b27d-9eac94437c20@group-BEE6E34C2DE2:LeaderElection9: begin an election at term 1 for -1: [315b4b00-5c1a-4cba-b27d-9eac94437c20:192.168.34.37:43197], old=null
2019-09-16 16:55:14,195 [ff1392d6-f741-46e8-b06b-d99a585290d3@group-F94A4F0F3961:LeaderElection8] INFO  impl.LeaderElection (LeaderElection.java:askForVotes(182)) - ff1392d6-f741-46e8-b06b-d99a585290d3@group-F94A4F0F3961:LeaderElection8: begin an election at term 1 for -1: [ff1392d6-f741-46e8-b06b-d99a585290d3:192.168.34.37:33009], old=null
2019-09-16 16:55:14,214 [315b4b00-5c1a-4cba-b27d-9eac94437c20@group-BEE6E34C2DE2:LeaderElection9] INFO  impl.RoleInfo (RoleInfo.java:shutdownLeaderElection(134)) - 315b4b00-5c1a-4cba-b27d-9eac94437c20: shutdown LeaderElection
2019-09-16 16:55:14,213 [84a51469-6089-434c-9409-be6ecd1b15ae@group-58588758826D:LeaderElection6] INFO  impl.LeaderElection (LeaderElection.java:askForVotes(182)) - 84a51469-6089-434c-9409-be6ecd1b15ae@group-58588758826D:LeaderElection6: begin an election at term 1 for -1: [84a51469-6089-434c-9409-be6ecd1b15ae:192.168.34.37:37072], old=null
2019-09-16 16:55:14,214 [315b4b00-5c1a-4cba-b27d-9eac94437c20@group-BEE6E34C2DE2:LeaderElection9] INFO  impl.RaftServerImpl (RaftServerImpl.java:setRole(174)) - 315b4b00-5c1a-4cba-b27d-9eac94437c20@group-BEE6E34C2DE2: changes role from CANDIDATE to LEADER at term 1 for changeToLeader
2019-09-16 16:55:14,214 [ff1392d6-f741-46e8-b06b-d99a585290d3@group-F94A4F0F3961:LeaderElection8] INFO  impl.RoleInfo (RoleInfo.java:shutdownLeaderElection(134)) - ff1392d6-f741-46e8-b06b-d99a585290d3: shutdown LeaderElection
2019-09-16 16:55:14,214 [315b4b00-5c1a-4cba-b27d-9eac94437c20@group-BEE6E34C2DE2:LeaderElection9] INFO  impl.RaftServerImpl (ServerState.java:setLeader(253)) - 315b4b00-5c1a-4cba-b27d-9eac94437c20@group-BEE6E34C2DE2: change Leader from null to 315b4b00-5c1a-4cba-b27d-9eac94437c20 at term 1 for becomeLeader, leader elected after 1490ms
2019-09-16 16:55:14,214 [84a51469-6089-434c-9409-be6ecd1b15ae@group-58588758826D:LeaderElection6] INFO  impl.RoleInfo (RoleInfo.java:shutdownLeaderElection(134)) - 84a51469-6089-434c-9409-be6ecd1b15ae: shutdown LeaderElection
2019-09-16 16:55:14,214 [315b4b00-5c1a-4cba-b27d-9eac94437c20@group-BEE6E34C2DE2:LeaderElection9] INFO  server.RaftServerConfigKeys (ConfUtils.java:logGet(43)) - raft.server.staging.catchup.gap = 1000 (default)
2019-09-16 16:55:14,214 [ff1392d6-f741-46e8-b06b-d99a585290d3@group-F94A4F0F3961:LeaderElection8] INFO  impl.RaftServerImpl (RaftServerImpl.java:setRole(174)) - ff1392d6-f741-46e8-b06b-d99a585290d3@group-F94A4F0F3961: changes role from CANDIDATE to LEADER at term 1 for changeToLeader
2019-09-16 16:55:14,215 [315b4b00-5c1a-4cba-b27d-9eac94437c20@group-BEE6E34C2DE2:LeaderElection9] INFO  server.RaftServerConfigKeys (ConfUtils.java:logGet(43)) - raft.server.rpc.sleep.time = 25ms (default)
2019-09-16 16:55:14,214 [84a51469-6089-434c-9409-be6ecd1b15ae@group-58588758826D:LeaderElection6] INFO  impl.RaftServerImpl (RaftServerImpl.java:setRole(174)) - 84a51469-6089-434c-9409-be6ecd1b15ae@group-58588758826D: changes role from CANDIDATE to LEADER at term 1 for changeToLeader
2019-09-16 16:55:14,215 [ff1392d6-f741-46e8-b06b-d99a585290d3@group-F94A4F0F3961:LeaderElection8] INFO  impl.RaftServerImpl (ServerState.java:setLeader(253)) - ff1392d6-f741-46e8-b06b-d99a585290d3@group-F94A4F0F3961: change Leader from null to ff1392d6-f741-46e8-b06b-d99a585290d3 at term 1 for becomeLeader, leader elected after 1310ms
2019-09-16 16:55:14,215 [84a51469-6089-434c-9409-be6ecd1b15ae@group-58588758826D:LeaderElection6] INFO  impl.RaftServerImpl (ServerState.java:setLeader(253)) - 84a51469-6089-434c-9409-be6ecd1b15ae@group-58588758826D: change Leader from null to 84a51469-6089-434c-9409-be6ecd1b15ae at term 1 for becomeLeader, leader elected after 1396ms
2019-09-16 16:55:14,215 [ff1392d6-f741-46e8-b06b-d99a585290d3@group-F94A4F0F3961:LeaderElection8] INFO  server.RaftServerConfigKeys (ConfUtils.java:logGet(43)) - raft.server.staging.catchup.gap = 1000 (default)
2019-09-16 16:55:14,215 [84a51469-6089-434c-9409-be6ecd1b15ae@group-58588758826D:LeaderElection6] INFO  server.RaftServerConfigKeys (ConfUtils.java:logGet(43)) - raft.server.staging.catchup.gap = 1000 (default)
2019-09-16 16:55:14,215 [ff1392d6-f741-46e8-b06b-d99a585290d3@group-F94A4F0F3961:LeaderElection8] INFO  server.RaftServerConfigKeys (ConfUtils.java:logGet(43)) - raft.server.rpc.sleep.time = 25ms (default)
2019-09-16 16:55:14,215 [84a51469-6089-434c-9409-be6ecd1b15ae@group-58588758826D:LeaderElection6] INFO  server.RaftServerConfigKeys (ConfUtils.java:logGet(43)) - raft.server.rpc.sleep.time = 25ms (default)
2019-09-16 16:55:14,239 [ff1392d6-f741-46e8-b06b-d99a585290d3@group-F94A4F0F3961:LeaderElection8] INFO  server.RaftServerConfigKeys (ConfUtils.java:logGet(43)) - raft.server.write.element-limit = 4096 (default)
2019-09-16 16:55:14,239 [315b4b00-5c1a-4cba-b27d-9eac94437c20@group-BEE6E34C2DE2:LeaderElection9] INFO  server.RaftServerConfigKeys (ConfUtils.java:logGet(43)) - raft.server.write.element-limit = 4096 (default)
2019-09-16 16:55:14,239 [84a51469-6089-434c-9409-be6ecd1b15ae@group-58588758826D:LeaderElection6] INFO  server.RaftServerConfigKeys (ConfUtils.java:logGet(43)) - raft.server.write.element-limit = 4096 (default)
2019-09-16 16:55:14,239 [315b4b00-5c1a-4cba-b27d-9eac94437c20@group-BEE6E34C2DE2:LeaderElection9] INFO  server.RaftServerConfigKeys (ConfUtils.java:logGet(43)) - raft.server.watch.timeout = 10s (default)
2019-09-16 16:55:14,239 [ff1392d6-f741-46e8-b06b-d99a585290d3@group-F94A4F0F3961:LeaderElection8] INFO  server.RaftServerConfigKeys (ConfUtils.java:logGet(43)) - raft.server.watch.timeout = 10s (default)
2019-09-16 16:55:14,240 [315b4b00-5c1a-4cba-b27d-9eac94437c20@group-BEE6E34C2DE2:LeaderElection9] INFO  server.RaftServerConfigKeys (ConfUtils.java:logGet(43)) - raft.server.watch.timeout.denomination = 1s (default)
2019-09-16 16:55:14,240 [84a51469-6089-434c-9409-be6ecd1b15ae@group-58588758826D:LeaderElection6] INFO  server.RaftServerConfigKeys (ConfUtils.java:logGet(43)) - raft.server.watch.timeout = 10s (default)
2019-09-16 16:55:14,240 [Thread-323] INFO  impl.FollowerState (FollowerState.java:run(106)) - cc439034-f900-459f-93f0-405510d1632e:group-A02DD63F7AE6 changes to CANDIDATE, lastRpcTime:1067, electionTimeout:1067ms
2019-09-16 16:55:14,240 [315b4b00-5c1a-4cba-b27d-9eac94437c20@group-BEE6E34C2DE2:LeaderElection9] INFO  server.RaftServerConfigKeys (ConfUtils.java:logGet(43)) - raft.server.watch.element-limit = 65536 (default)
2019-09-16 16:55:14,240 [ff1392d6-f741-46e8-b06b-d99a585290d3@group-F94A4F0F3961:LeaderElection8] INFO  server.RaftServerConfigKeys (ConfUtils.java:logGet(43)) - raft.server.watch.timeout.denomination = 1s (default)
2019-09-16 16:55:14,240 [Thread-323] INFO  impl.RoleInfo (RoleInfo.java:shutdownFollowerState(121)) - cc439034-f900-459f-93f0-405510d1632e: shutdown FollowerState
2019-09-16 16:55:14,240 [84a51469-6089-434c-9409-be6ecd1b15ae@group-58588758826D:LeaderElection6] INFO  server.RaftServerConfigKeys (ConfUtils.java:logGet(43)) - raft.server.watch.timeout.denomination = 1s (default)
2019-09-16 16:55:14,241 [Thread-323] INFO  impl.RaftServerImpl (RaftServerImpl.java:setRole(174)) - cc439034-f900-459f-93f0-405510d1632e@group-A02DD63F7AE6: changes role from  FOLLOWER to CANDIDATE at term 0 for changeToCandidate
2019-09-16 16:55:14,241 [ff1392d6-f741-46e8-b06b-d99a585290d3@group-F94A4F0F3961:LeaderElection8] INFO  server.RaftServerConfigKeys (ConfUtils.java:logGet(43)) - raft.server.watch.element-limit = 65536 (default)
2019-09-16 16:55:14,241 [Thread-323] INFO  impl.RoleInfo (RoleInfo.java:updateAndGet(143)) - cc439034-f900-459f-93f0-405510d1632e: start LeaderElection
2019-09-16 16:55:14,241 [84a51469-6089-434c-9409-be6ecd1b15ae@group-58588758826D:LeaderElection6] INFO  server.RaftServerConfigKeys (ConfUtils.java:logGet(43)) - raft.server.watch.element-limit = 65536 (default)
2019-09-16 16:55:14,264 [cc439034-f900-459f-93f0-405510d1632e@group-A02DD63F7AE6:LeaderElection10] INFO  impl.LeaderElection (LeaderElection.java:askForVotes(182)) - cc439034-f900-459f-93f0-405510d1632e@group-A02DD63F7AE6:LeaderElection10: begin an election at term 1 for -1: [cc439034-f900-459f-93f0-405510d1632e:192.168.34.37:33217, 7977ac3b-0be3-4a37-9fef-39f7814db179:192.168.34.37:39944, 3debf489-fb8f-44d7-9f14-87ea2202f1a2:192.168.34.37:46057], old=null
2019-09-16 16:55:14,271 [Thread-322] INFO  impl.FollowerState (FollowerState.java:run(106)) - 7977ac3b-0be3-4a37-9fef-39f7814db179:group-A02DD63F7AE6 changes to CANDIDATE, lastRpcTime:1098, electionTimeout:1098ms
2019-09-16 16:55:14,271 [Thread-322] INFO  impl.RoleInfo (RoleInfo.java:shutdownFollowerState(121)) - 7977ac3b-0be3-4a37-9fef-39f7814db179: shutdown FollowerState
2019-09-16 16:55:14,271 [Thread-322] INFO  impl.RaftServerImpl (RaftServerImpl.java:setRole(174)) - 7977ac3b-0be3-4a37-9fef-39f7814db179@group-A02DD63F7AE6: changes role from  FOLLOWER to CANDIDATE at term 0 for changeToCandidate
2019-09-16 16:55:14,274 [IPC Server handler 3 on 43060] INFO  volume.OMVolumeCreateRequest (OMVolumeCreateRequest.java:validateAndUpdateCache(189)) - created volume:datanodefailurehandlingtest for user:jenkins1000
2019-09-16 16:55:14,289 [Thread-322] INFO  impl.RoleInfo (RoleInfo.java:updateAndGet(143)) - 7977ac3b-0be3-4a37-9fef-39f7814db179: start LeaderElection
2019-09-16 16:55:14,306 [Thread-331] INFO  impl.FollowerState (FollowerState.java:run(106)) - 315b4b00-5c1a-4cba-b27d-9eac94437c20:group-A91BA5A7B369 changes to CANDIDATE, lastRpcTime:1008, electionTimeout:1006ms
2019-09-16 16:55:14,309 [7977ac3b-0be3-4a37-9fef-39f7814db179@group-A02DD63F7AE6:LeaderElection11] INFO  impl.LeaderElection (LeaderElection.java:askForVotes(182)) - 7977ac3b-0be3-4a37-9fef-39f7814db179@group-A02DD63F7AE6:LeaderElection11: begin an election at term 1 for -1: [cc439034-f900-459f-93f0-405510d1632e:192.168.34.37:33217, 7977ac3b-0be3-4a37-9fef-39f7814db179:192.168.34.37:39944, 3debf489-fb8f-44d7-9f14-87ea2202f1a2:192.168.34.37:46057], old=null
2019-09-16 16:55:14,309 [Thread-331] INFO  impl.RoleInfo (RoleInfo.java:shutdownFollowerState(121)) - 315b4b00-5c1a-4cba-b27d-9eac94437c20: shutdown FollowerState
2019-09-16 16:55:14,312 [Thread-331] INFO  impl.RaftServerImpl (RaftServerImpl.java:setRole(174)) - 315b4b00-5c1a-4cba-b27d-9eac94437c20@group-A91BA5A7B369: changes role from  FOLLOWER to CANDIDATE at term 0 for changeToCandidate
2019-09-16 16:55:14,314 [Thread-331] INFO  impl.RoleInfo (RoleInfo.java:updateAndGet(143)) - 315b4b00-5c1a-4cba-b27d-9eac94437c20: start LeaderElection
2019-09-16 16:55:14,332 [Thread-333] INFO  impl.FollowerState (FollowerState.java:run(106)) - 2e525942-e927-41dd-97b7-9b9ba8560315:group-A91BA5A7B369 changes to CANDIDATE, lastRpcTime:1032, electionTimeout:1032ms
2019-09-16 16:55:14,388 [Thread-334] INFO  impl.FollowerState (FollowerState.java:run(106)) - c232c0ff-9192-4b00-ad60-76b55f03f95e:group-A91BA5A7B369 changes to CANDIDATE, lastRpcTime:1045, electionTimeout:1045ms
2019-09-16 16:55:14,389 [Thread-333] INFO  impl.RoleInfo (RoleInfo.java:shutdownFollowerState(121)) - 2e525942-e927-41dd-97b7-9b9ba8560315: shutdown FollowerState
2019-09-16 16:55:14,389 [Thread-334] INFO  impl.RoleInfo (RoleInfo.java:shutdownFollowerState(121)) - c232c0ff-9192-4b00-ad60-76b55f03f95e: shutdown FollowerState
2019-09-16 16:55:14,339 [Thread-325] INFO  impl.FollowerState (FollowerState.java:run(106)) - 3debf489-fb8f-44d7-9f14-87ea2202f1a2:group-A02DD63F7AE6 changes to CANDIDATE, lastRpcTime:1166, electionTimeout:1163ms
2019-09-16 16:55:14,389 [Thread-334] INFO  impl.RaftServerImpl (RaftServerImpl.java:setRole(174)) - c232c0ff-9192-4b00-ad60-76b55f03f95e@group-A91BA5A7B369: changes role from  FOLLOWER to CANDIDATE at term 0 for changeToCandidate
2019-09-16 16:55:14,389 [Thread-333] INFO  impl.RaftServerImpl (RaftServerImpl.java:setRole(174)) - 2e525942-e927-41dd-97b7-9b9ba8560315@group-A91BA5A7B369: changes role from  FOLLOWER to CANDIDATE at term 0 for changeToCandidate
2019-09-16 16:55:14,391 [Thread-334] INFO  impl.RoleInfo (RoleInfo.java:updateAndGet(143)) - c232c0ff-9192-4b00-ad60-76b55f03f95e: start LeaderElection
2019-09-16 16:55:14,391 [Thread-325] INFO  impl.RoleInfo (RoleInfo.java:shutdownFollowerState(121)) - 3debf489-fb8f-44d7-9f14-87ea2202f1a2: shutdown FollowerState
2019-09-16 16:55:14,406 [Thread-333] INFO  impl.RoleInfo (RoleInfo.java:updateAndGet(143)) - 2e525942-e927-41dd-97b7-9b9ba8560315: start LeaderElection
2019-09-16 16:55:14,407 [Thread-325] INFO  impl.RaftServerImpl (RaftServerImpl.java:setRole(174)) - 3debf489-fb8f-44d7-9f14-87ea2202f1a2@group-A02DD63F7AE6: changes role from  FOLLOWER to CANDIDATE at term 0 for changeToCandidate
2019-09-16 16:55:14,424 [Thread-325] INFO  impl.RoleInfo (RoleInfo.java:updateAndGet(143)) - 3debf489-fb8f-44d7-9f14-87ea2202f1a2: start LeaderElection
2019-09-16 16:55:14,424 [315b4b00-5c1a-4cba-b27d-9eac94437c20@group-A91BA5A7B369:LeaderElection12] INFO  impl.LeaderElection (LeaderElection.java:askForVotes(182)) - 315b4b00-5c1a-4cba-b27d-9eac94437c20@group-A91BA5A7B369:LeaderElection12: begin an election at term 1 for -1: [2e525942-e927-41dd-97b7-9b9ba8560315:192.168.34.37:33333, 315b4b00-5c1a-4cba-b27d-9eac94437c20:192.168.34.37:43197, c232c0ff-9192-4b00-ad60-76b55f03f95e:192.168.34.37:42873], old=null
2019-09-16 16:55:14,439 [2e525942-e927-41dd-97b7-9b9ba8560315@group-A91BA5A7B369:LeaderElection14] INFO  impl.LeaderElection (LeaderElection.java:askForVotes(182)) - 2e525942-e927-41dd-97b7-9b9ba8560315@group-A91BA5A7B369:LeaderElection14: begin an election at term 1 for -1: [2e525942-e927-41dd-97b7-9b9ba8560315:192.168.34.37:33333, 315b4b00-5c1a-4cba-b27d-9eac94437c20:192.168.34.37:43197, c232c0ff-9192-4b00-ad60-76b55f03f95e:192.168.34.37:42873], old=null
2019-09-16 16:55:14,439 [c232c0ff-9192-4b00-ad60-76b55f03f95e@group-A91BA5A7B369:LeaderElection13] INFO  impl.LeaderElection (LeaderElection.java:askForVotes(182)) - c232c0ff-9192-4b00-ad60-76b55f03f95e@group-A91BA5A7B369:LeaderElection13: begin an election at term 1 for -1: [2e525942-e927-41dd-97b7-9b9ba8560315:192.168.34.37:33333, 315b4b00-5c1a-4cba-b27d-9eac94437c20:192.168.34.37:43197, c232c0ff-9192-4b00-ad60-76b55f03f95e:192.168.34.37:42873], old=null
2019-09-16 16:55:14,439 [3debf489-fb8f-44d7-9f14-87ea2202f1a2@group-A02DD63F7AE6:LeaderElection15] INFO  impl.LeaderElection (LeaderElection.java:askForVotes(182)) - 3debf489-fb8f-44d7-9f14-87ea2202f1a2@group-A02DD63F7AE6:LeaderElection15: begin an election at term 1 for -1: [cc439034-f900-459f-93f0-405510d1632e:192.168.34.37:33217, 7977ac3b-0be3-4a37-9fef-39f7814db179:192.168.34.37:39944, 3debf489-fb8f-44d7-9f14-87ea2202f1a2:192.168.34.37:46057], old=null
2019-09-16 16:55:14,501 [main] INFO  rpc.RpcClient (RpcClient.java:createBucket(437)) - Creating Bucket: datanodefailurehandlingtest/datanodefailurehandlingtest, with Versioning false and Storage Type set to DISK and Encryption set to false 
2019-09-16 16:55:14,580 [cc439034-f900-459f-93f0-405510d1632e@group-A02DD63F7AE6:LeaderElection10] INFO  impl.LeaderElection (LeaderElection.java:logAndReturn(56)) - cc439034-f900-459f-93f0-405510d1632e@group-A02DD63F7AE6:LeaderElection10: Election REJECTED; received 2 response(s) [cc439034-f900-459f-93f0-405510d1632e<-7977ac3b-0be3-4a37-9fef-39f7814db179#0:FAIL-t1, cc439034-f900-459f-93f0-405510d1632e<-3debf489-fb8f-44d7-9f14-87ea2202f1a2#0:FAIL-t1] and 0 exception(s); cc439034-f900-459f-93f0-405510d1632e@group-A02DD63F7AE6:t1, leader=null, voted=cc439034-f900-459f-93f0-405510d1632e, raftlog=cc439034-f900-459f-93f0-405510d1632e@group-A02DD63F7AE6-SegmentedRaftLog:OPENED:c-1,f-1,i0, conf=-1: [cc439034-f900-459f-93f0-405510d1632e:192.168.34.37:33217, 7977ac3b-0be3-4a37-9fef-39f7814db179:192.168.34.37:39944, 3debf489-fb8f-44d7-9f14-87ea2202f1a2:192.168.34.37:46057], old=null
2019-09-16 16:55:14,581 [7977ac3b-0be3-4a37-9fef-39f7814db179@group-A02DD63F7AE6:LeaderElection11] INFO  impl.LeaderElection (LeaderElection.java:logAndReturn(56)) - 7977ac3b-0be3-4a37-9fef-39f7814db179@group-A02DD63F7AE6:LeaderElection11: Election REJECTED; received 2 response(s) [7977ac3b-0be3-4a37-9fef-39f7814db179<-cc439034-f900-459f-93f0-405510d1632e#0:FAIL-t1, 7977ac3b-0be3-4a37-9fef-39f7814db179<-3debf489-fb8f-44d7-9f14-87ea2202f1a2#0:FAIL-t1] and 0 exception(s); 7977ac3b-0be3-4a37-9fef-39f7814db179@group-A02DD63F7AE6:t1, leader=null, voted=7977ac3b-0be3-4a37-9fef-39f7814db179, raftlog=7977ac3b-0be3-4a37-9fef-39f7814db179@group-A02DD63F7AE6-SegmentedRaftLog:OPENED:c-1,f-1,i0, conf=-1: [cc439034-f900-459f-93f0-405510d1632e:192.168.34.37:33217, 7977ac3b-0be3-4a37-9fef-39f7814db179:192.168.34.37:39944, 3debf489-fb8f-44d7-9f14-87ea2202f1a2:192.168.34.37:46057], old=null
2019-09-16 16:55:14,608 [cc439034-f900-459f-93f0-405510d1632e@group-A02DD63F7AE6:LeaderElection10] INFO  impl.RaftServerImpl (RaftServerImpl.java:setRole(174)) - cc439034-f900-459f-93f0-405510d1632e@group-A02DD63F7AE6: changes role from CANDIDATE to FOLLOWER at term 1 for DISCOVERED_A_NEW_TERM
2019-09-16 16:55:14,611 [7977ac3b-0be3-4a37-9fef-39f7814db179@group-A02DD63F7AE6:LeaderElection11] INFO  impl.RaftServerImpl (RaftServerImpl.java:setRole(174)) - 7977ac3b-0be3-4a37-9fef-39f7814db179@group-A02DD63F7AE6: changes role from CANDIDATE to FOLLOWER at term 1 for DISCOVERED_A_NEW_TERM
2019-09-16 16:55:14,611 [cc439034-f900-459f-93f0-405510d1632e@group-A02DD63F7AE6:LeaderElection10] INFO  impl.RoleInfo (RoleInfo.java:shutdownLeaderElection(134)) - cc439034-f900-459f-93f0-405510d1632e: shutdown LeaderElection
2019-09-16 16:55:14,614 [7977ac3b-0be3-4a37-9fef-39f7814db179@group-A02DD63F7AE6:LeaderElection11] INFO  impl.RoleInfo (RoleInfo.java:shutdownLeaderElection(134)) - 7977ac3b-0be3-4a37-9fef-39f7814db179: shutdown LeaderElection
2019-09-16 16:55:14,614 [cc439034-f900-459f-93f0-405510d1632e@group-A02DD63F7AE6:LeaderElection10] INFO  impl.RoleInfo (RoleInfo.java:updateAndGet(143)) - cc439034-f900-459f-93f0-405510d1632e: start FollowerState
2019-09-16 16:55:14,614 [7977ac3b-0be3-4a37-9fef-39f7814db179@group-A02DD63F7AE6:LeaderElection11] INFO  impl.RoleInfo (RoleInfo.java:updateAndGet(143)) - 7977ac3b-0be3-4a37-9fef-39f7814db179: start FollowerState
2019-09-16 16:55:14,623 [2e525942-e927-41dd-97b7-9b9ba8560315@group-A91BA5A7B369:LeaderElection14] INFO  impl.LeaderElection (LeaderElection.java:logAndReturn(56)) - 2e525942-e927-41dd-97b7-9b9ba8560315@group-A91BA5A7B369:LeaderElection14: Election REJECTED; received 2 response(s) [2e525942-e927-41dd-97b7-9b9ba8560315<-315b4b00-5c1a-4cba-b27d-9eac94437c20#0:FAIL-t1, 2e525942-e927-41dd-97b7-9b9ba8560315<-c232c0ff-9192-4b00-ad60-76b55f03f95e#0:FAIL-t1] and 0 exception(s); 2e525942-e927-41dd-97b7-9b9ba8560315@group-A91BA5A7B369:t1, leader=null, voted=2e525942-e927-41dd-97b7-9b9ba8560315, raftlog=2e525942-e927-41dd-97b7-9b9ba8560315@group-A91BA5A7B369-SegmentedRaftLog:OPENED:c-1,f-1,i0, conf=-1: [2e525942-e927-41dd-97b7-9b9ba8560315:192.168.34.37:33333, 315b4b00-5c1a-4cba-b27d-9eac94437c20:192.168.34.37:43197, c232c0ff-9192-4b00-ad60-76b55f03f95e:192.168.34.37:42873], old=null
2019-09-16 16:55:14,638 [Thread-347] INFO  impl.FollowerState (FollowerState.java:run(106)) - 82d73395-84ed-4f5d-a3d4-b8dc3778e9c8:group-96041FA828FE changes to CANDIDATE, lastRpcTime:1080, electionTimeout:1080ms
2019-09-16 16:55:14,639 [Thread-347] INFO  impl.RoleInfo (RoleInfo.java:shutdownFollowerState(121)) - 82d73395-84ed-4f5d-a3d4-b8dc3778e9c8: shutdown FollowerState
2019-09-16 16:55:14,639 [Thread-347] INFO  impl.RaftServerImpl (RaftServerImpl.java:setRole(174)) - 82d73395-84ed-4f5d-a3d4-b8dc3778e9c8@group-96041FA828FE: changes role from  FOLLOWER to CANDIDATE at term 0 for changeToCandidate
2019-09-16 16:55:14,641 [Thread-347] INFO  impl.RoleInfo (RoleInfo.java:updateAndGet(143)) - 82d73395-84ed-4f5d-a3d4-b8dc3778e9c8: start LeaderElection
2019-09-16 16:55:14,644 [2e525942-e927-41dd-97b7-9b9ba8560315@group-A91BA5A7B369:LeaderElection14] INFO  impl.RaftServerImpl (RaftServerImpl.java:setRole(174)) - 2e525942-e927-41dd-97b7-9b9ba8560315@group-A91BA5A7B369: changes role from CANDIDATE to FOLLOWER at term 1 for DISCOVERED_A_NEW_TERM
2019-09-16 16:55:14,648 [2e525942-e927-41dd-97b7-9b9ba8560315@group-A91BA5A7B369:LeaderElection14] INFO  impl.RoleInfo (RoleInfo.java:shutdownLeaderElection(134)) - 2e525942-e927-41dd-97b7-9b9ba8560315: shutdown LeaderElection
2019-09-16 16:55:14,652 [2e525942-e927-41dd-97b7-9b9ba8560315@group-A91BA5A7B369:LeaderElection14] INFO  impl.RoleInfo (RoleInfo.java:updateAndGet(143)) - 2e525942-e927-41dd-97b7-9b9ba8560315: start FollowerState
2019-09-16 16:55:14,655 [3debf489-fb8f-44d7-9f14-87ea2202f1a2@group-A02DD63F7AE6:LeaderElection15] INFO  impl.LeaderElection (LeaderElection.java:logAndReturn(56)) - 3debf489-fb8f-44d7-9f14-87ea2202f1a2@group-A02DD63F7AE6:LeaderElection15: Election REJECTED; received 2 response(s) [3debf489-fb8f-44d7-9f14-87ea2202f1a2<-cc439034-f900-459f-93f0-405510d1632e#0:FAIL-t1, 3debf489-fb8f-44d7-9f14-87ea2202f1a2<-7977ac3b-0be3-4a37-9fef-39f7814db179#0:FAIL-t1] and 0 exception(s); 3debf489-fb8f-44d7-9f14-87ea2202f1a2@group-A02DD63F7AE6:t1, leader=null, voted=3debf489-fb8f-44d7-9f14-87ea2202f1a2, raftlog=3debf489-fb8f-44d7-9f14-87ea2202f1a2@group-A02DD63F7AE6-SegmentedRaftLog:OPENED:c-1,f-1,i0, conf=-1: [cc439034-f900-459f-93f0-405510d1632e:192.168.34.37:33217, 7977ac3b-0be3-4a37-9fef-39f7814db179:192.168.34.37:39944, 3debf489-fb8f-44d7-9f14-87ea2202f1a2:192.168.34.37:46057], old=null
2019-09-16 16:55:14,655 [c232c0ff-9192-4b00-ad60-76b55f03f95e@group-A91BA5A7B369:LeaderElection13] INFO  impl.LeaderElection (LeaderElection.java:logAndReturn(56)) - c232c0ff-9192-4b00-ad60-76b55f03f95e@group-A91BA5A7B369:LeaderElection13: Election REJECTED; received 2 response(s) [c232c0ff-9192-4b00-ad60-76b55f03f95e<-2e525942-e927-41dd-97b7-9b9ba8560315#0:FAIL-t1, c232c0ff-9192-4b00-ad60-76b55f03f95e<-315b4b00-5c1a-4cba-b27d-9eac94437c20#0:FAIL-t1] and 0 exception(s); c232c0ff-9192-4b00-ad60-76b55f03f95e@group-A91BA5A7B369:t1, leader=null, voted=c232c0ff-9192-4b00-ad60-76b55f03f95e, raftlog=c232c0ff-9192-4b00-ad60-76b55f03f95e@group-A91BA5A7B369-SegmentedRaftLog:OPENED:c-1,f-1,i0, conf=-1: [2e525942-e927-41dd-97b7-9b9ba8560315:192.168.34.37:33333, 315b4b00-5c1a-4cba-b27d-9eac94437c20:192.168.34.37:43197, c232c0ff-9192-4b00-ad60-76b55f03f95e:192.168.34.37:42873], old=null
2019-09-16 16:55:14,655 [3debf489-fb8f-44d7-9f14-87ea2202f1a2@group-A02DD63F7AE6:LeaderElection15] INFO  impl.RaftServerImpl (RaftServerImpl.java:setRole(174)) - 3debf489-fb8f-44d7-9f14-87ea2202f1a2@group-A02DD63F7AE6: changes role from CANDIDATE to FOLLOWER at term 1 for DISCOVERED_A_NEW_TERM
2019-09-16 16:55:14,659 [3debf489-fb8f-44d7-9f14-87ea2202f1a2@group-A02DD63F7AE6:LeaderElection15] INFO  impl.RoleInfo (RoleInfo.java:shutdownLeaderElection(134)) - 3debf489-fb8f-44d7-9f14-87ea2202f1a2: shutdown LeaderElection
2019-09-16 16:55:14,659 [c232c0ff-9192-4b00-ad60-76b55f03f95e@group-A91BA5A7B369:LeaderElection13] INFO  impl.RaftServerImpl (RaftServerImpl.java:setRole(174)) - c232c0ff-9192-4b00-ad60-76b55f03f95e@group-A91BA5A7B369: changes role from CANDIDATE to FOLLOWER at term 1 for DISCOVERED_A_NEW_TERM
2019-09-16 16:55:14,667 [82d73395-84ed-4f5d-a3d4-b8dc3778e9c8@group-96041FA828FE:LeaderElection16] INFO  impl.LeaderElection (LeaderElection.java:askForVotes(182)) - 82d73395-84ed-4f5d-a3d4-b8dc3778e9c8@group-96041FA828FE:LeaderElection16: begin an election at term 1 for -1: [84a51469-6089-434c-9409-be6ecd1b15ae:192.168.34.37:37072, ff1392d6-f741-46e8-b06b-d99a585290d3:192.168.34.37:33009, 82d73395-84ed-4f5d-a3d4-b8dc3778e9c8:192.168.34.37:45600], old=null
2019-09-16 16:55:14,663 [315b4b00-5c1a-4cba-b27d-9eac94437c20@group-A91BA5A7B369:LeaderElection12] INFO  impl.LeaderElection (LeaderElection.java:logAndReturn(56)) - 315b4b00-5c1a-4cba-b27d-9eac94437c20@group-A91BA5A7B369:LeaderElection12: Election REJECTED; received 2 response(s) [315b4b00-5c1a-4cba-b27d-9eac94437c20<-2e525942-e927-41dd-97b7-9b9ba8560315#0:FAIL-t1, 315b4b00-5c1a-4cba-b27d-9eac94437c20<-c232c0ff-9192-4b00-ad60-76b55f03f95e#0:FAIL-t1] and 0 exception(s); 315b4b00-5c1a-4cba-b27d-9eac94437c20@group-A91BA5A7B369:t1, leader=null, voted=315b4b00-5c1a-4cba-b27d-9eac94437c20, raftlog=315b4b00-5c1a-4cba-b27d-9eac94437c20@group-A91BA5A7B369-SegmentedRaftLog:OPENED:c-1,f-1,i0, conf=-1: [2e525942-e927-41dd-97b7-9b9ba8560315:192.168.34.37:33333, 315b4b00-5c1a-4cba-b27d-9eac94437c20:192.168.34.37:43197, c232c0ff-9192-4b00-ad60-76b55f03f95e:192.168.34.37:42873], old=null
2019-09-16 16:55:14,681 [3debf489-fb8f-44d7-9f14-87ea2202f1a2@group-A02DD63F7AE6:LeaderElection15] INFO  impl.RoleInfo (RoleInfo.java:updateAndGet(143)) - 3debf489-fb8f-44d7-9f14-87ea2202f1a2: start FollowerState
2019-09-16 16:55:14,681 [c232c0ff-9192-4b00-ad60-76b55f03f95e@group-A91BA5A7B369:LeaderElection13] INFO  impl.RoleInfo (RoleInfo.java:shutdownLeaderElection(134)) - c232c0ff-9192-4b00-ad60-76b55f03f95e: shutdown LeaderElection
2019-09-16 16:55:14,682 [315b4b00-5c1a-4cba-b27d-9eac94437c20@group-A91BA5A7B369:LeaderElection12] INFO  impl.RaftServerImpl (RaftServerImpl.java:setRole(174)) - 315b4b00-5c1a-4cba-b27d-9eac94437c20@group-A91BA5A7B369: changes role from CANDIDATE to FOLLOWER at term 1 for DISCOVERED_A_NEW_TERM
2019-09-16 16:55:14,691 [c232c0ff-9192-4b00-ad60-76b55f03f95e@group-A91BA5A7B369:LeaderElection13] INFO  impl.RoleInfo (RoleInfo.java:updateAndGet(143)) - c232c0ff-9192-4b00-ad60-76b55f03f95e: start FollowerState
2019-09-16 16:55:14,691 [315b4b00-5c1a-4cba-b27d-9eac94437c20@group-A91BA5A7B369:LeaderElection12] INFO  impl.RoleInfo (RoleInfo.java:shutdownLeaderElection(134)) - 315b4b00-5c1a-4cba-b27d-9eac94437c20: shutdown LeaderElection
2019-09-16 16:55:14,691 [315b4b00-5c1a-4cba-b27d-9eac94437c20@group-A91BA5A7B369:LeaderElection12] INFO  impl.RoleInfo (RoleInfo.java:updateAndGet(143)) - 315b4b00-5c1a-4cba-b27d-9eac94437c20: start FollowerState
2019-09-16 16:55:14,713 [Thread-345] INFO  impl.FollowerState (FollowerState.java:run(106)) - ff1392d6-f741-46e8-b06b-d99a585290d3:group-96041FA828FE changes to CANDIDATE, lastRpcTime:1160, electionTimeout:1160ms
2019-09-16 16:55:14,713 [Thread-345] INFO  impl.RoleInfo (RoleInfo.java:shutdownFollowerState(121)) - ff1392d6-f741-46e8-b06b-d99a585290d3: shutdown FollowerState
2019-09-16 16:55:14,713 [Thread-345] INFO  impl.RaftServerImpl (RaftServerImpl.java:setRole(174)) - ff1392d6-f741-46e8-b06b-d99a585290d3@group-96041FA828FE: changes role from  FOLLOWER to CANDIDATE at term 0 for changeToCandidate
2019-09-16 16:55:14,715 [Thread-345] INFO  impl.RoleInfo (RoleInfo.java:updateAndGet(143)) - ff1392d6-f741-46e8-b06b-d99a585290d3: start LeaderElection
2019-09-16 16:55:14,734 [ff1392d6-f741-46e8-b06b-d99a585290d3@group-96041FA828FE:LeaderElection17] INFO  impl.LeaderElection (LeaderElection.java:askForVotes(182)) - ff1392d6-f741-46e8-b06b-d99a585290d3@group-96041FA828FE:LeaderElection17: begin an election at term 1 for -1: [84a51469-6089-434c-9409-be6ecd1b15ae:192.168.34.37:37072, ff1392d6-f741-46e8-b06b-d99a585290d3:192.168.34.37:33009, 82d73395-84ed-4f5d-a3d4-b8dc3778e9c8:192.168.34.37:45600], old=null
2019-09-16 16:55:14,736 [Thread-348] INFO  impl.FollowerState (FollowerState.java:run(106)) - 84a51469-6089-434c-9409-be6ecd1b15ae:group-96041FA828FE changes to CANDIDATE, lastRpcTime:1177, electionTimeout:1177ms
2019-09-16 16:55:14,736 [Thread-348] INFO  impl.RoleInfo (RoleInfo.java:shutdownFollowerState(121)) - 84a51469-6089-434c-9409-be6ecd1b15ae: shutdown FollowerState
2019-09-16 16:55:14,736 [Thread-348] INFO  impl.RaftServerImpl (RaftServerImpl.java:setRole(174)) - 84a51469-6089-434c-9409-be6ecd1b15ae@group-96041FA828FE: changes role from  FOLLOWER to CANDIDATE at term 0 for changeToCandidate
2019-09-16 16:55:14,742 [Thread-348] INFO  impl.RoleInfo (RoleInfo.java:updateAndGet(143)) - 84a51469-6089-434c-9409-be6ecd1b15ae: start LeaderElection
2019-09-16 16:55:14,777 [84a51469-6089-434c-9409-be6ecd1b15ae@group-96041FA828FE:LeaderElection18] INFO  impl.LeaderElection (LeaderElection.java:askForVotes(182)) - 84a51469-6089-434c-9409-be6ecd1b15ae@group-96041FA828FE:LeaderElection18: begin an election at term 1 for -1: [84a51469-6089-434c-9409-be6ecd1b15ae:192.168.34.37:37072, ff1392d6-f741-46e8-b06b-d99a585290d3:192.168.34.37:33009, 82d73395-84ed-4f5d-a3d4-b8dc3778e9c8:192.168.34.37:45600], old=null
2019-09-16 16:55:14,803 [82d73395-84ed-4f5d-a3d4-b8dc3778e9c8@group-96041FA828FE:LeaderElection16] INFO  impl.LeaderElection (LeaderElection.java:logAndReturn(56)) - 82d73395-84ed-4f5d-a3d4-b8dc3778e9c8@group-96041FA828FE:LeaderElection16: Election REJECTED; received 2 response(s) [82d73395-84ed-4f5d-a3d4-b8dc3778e9c8<-84a51469-6089-434c-9409-be6ecd1b15ae#0:FAIL-t1, 82d73395-84ed-4f5d-a3d4-b8dc3778e9c8<-ff1392d6-f741-46e8-b06b-d99a585290d3#0:FAIL-t1] and 0 exception(s); 82d73395-84ed-4f5d-a3d4-b8dc3778e9c8@group-96041FA828FE:t1, leader=null, voted=82d73395-84ed-4f5d-a3d4-b8dc3778e9c8, raftlog=82d73395-84ed-4f5d-a3d4-b8dc3778e9c8@group-96041FA828FE-SegmentedRaftLog:OPENED:c-1,f-1,i0, conf=-1: [84a51469-6089-434c-9409-be6ecd1b15ae:192.168.34.37:37072, ff1392d6-f741-46e8-b06b-d99a585290d3:192.168.34.37:33009, 82d73395-84ed-4f5d-a3d4-b8dc3778e9c8:192.168.34.37:45600], old=null
2019-09-16 16:55:14,803 [82d73395-84ed-4f5d-a3d4-b8dc3778e9c8@group-96041FA828FE:LeaderElection16] INFO  impl.RaftServerImpl (RaftServerImpl.java:setRole(174)) - 82d73395-84ed-4f5d-a3d4-b8dc3778e9c8@group-96041FA828FE: changes role from CANDIDATE to FOLLOWER at term 1 for DISCOVERED_A_NEW_TERM
2019-09-16 16:55:14,803 [82d73395-84ed-4f5d-a3d4-b8dc3778e9c8@group-96041FA828FE:LeaderElection16] INFO  impl.RoleInfo (RoleInfo.java:shutdownLeaderElection(134)) - 82d73395-84ed-4f5d-a3d4-b8dc3778e9c8: shutdown LeaderElection
2019-09-16 16:55:14,804 [82d73395-84ed-4f5d-a3d4-b8dc3778e9c8@group-96041FA828FE:LeaderElection16] INFO  impl.RoleInfo (RoleInfo.java:updateAndGet(143)) - 82d73395-84ed-4f5d-a3d4-b8dc3778e9c8: start FollowerState
2019-09-16 16:55:14,821 [ff1392d6-f741-46e8-b06b-d99a585290d3@group-96041FA828FE:LeaderElection17] INFO  impl.LeaderElection (LeaderElection.java:logAndReturn(56)) - ff1392d6-f741-46e8-b06b-d99a585290d3@group-96041FA828FE:LeaderElection17: Election REJECTED; received 2 response(s) [ff1392d6-f741-46e8-b06b-d99a585290d3<-84a51469-6089-434c-9409-be6ecd1b15ae#0:FAIL-t1, ff1392d6-f741-46e8-b06b-d99a585290d3<-82d73395-84ed-4f5d-a3d4-b8dc3778e9c8#0:FAIL-t1] and 0 exception(s); ff1392d6-f741-46e8-b06b-d99a585290d3@group-96041FA828FE:t1, leader=null, voted=ff1392d6-f741-46e8-b06b-d99a585290d3, raftlog=ff1392d6-f741-46e8-b06b-d99a585290d3@group-96041FA828FE-SegmentedRaftLog:OPENED:c-1,f-1,i0, conf=-1: [84a51469-6089-434c-9409-be6ecd1b15ae:192.168.34.37:37072, ff1392d6-f741-46e8-b06b-d99a585290d3:192.168.34.37:33009, 82d73395-84ed-4f5d-a3d4-b8dc3778e9c8:192.168.34.37:45600], old=null
2019-09-16 16:55:14,824 [ff1392d6-f741-46e8-b06b-d99a585290d3@group-96041FA828FE:LeaderElection17] INFO  impl.RaftServerImpl (RaftServerImpl.java:setRole(174)) - ff1392d6-f741-46e8-b06b-d99a585290d3@group-96041FA828FE: changes role from CANDIDATE to FOLLOWER at term 1 for DISCOVERED_A_NEW_TERM
2019-09-16 16:55:14,829 [ff1392d6-f741-46e8-b06b-d99a585290d3@group-96041FA828FE:LeaderElection17] INFO  impl.RoleInfo (RoleInfo.java:shutdownLeaderElection(134)) - ff1392d6-f741-46e8-b06b-d99a585290d3: shutdown LeaderElection
2019-09-16 16:55:14,829 [ff1392d6-f741-46e8-b06b-d99a585290d3@group-96041FA828FE:LeaderElection17] INFO  impl.RoleInfo (RoleInfo.java:updateAndGet(143)) - ff1392d6-f741-46e8-b06b-d99a585290d3: start FollowerState
2019-09-16 16:55:14,836 [84a51469-6089-434c-9409-be6ecd1b15ae@group-96041FA828FE:LeaderElection18] INFO  impl.LeaderElection (LeaderElection.java:logAndReturn(56)) - 84a51469-6089-434c-9409-be6ecd1b15ae@group-96041FA828FE:LeaderElection18: Election REJECTED; received 2 response(s) [84a51469-6089-434c-9409-be6ecd1b15ae<-ff1392d6-f741-46e8-b06b-d99a585290d3#0:FAIL-t1, 84a51469-6089-434c-9409-be6ecd1b15ae<-82d73395-84ed-4f5d-a3d4-b8dc3778e9c8#0:FAIL-t1] and 0 exception(s); 84a51469-6089-434c-9409-be6ecd1b15ae@group-96041FA828FE:t1, leader=null, voted=84a51469-6089-434c-9409-be6ecd1b15ae, raftlog=84a51469-6089-434c-9409-be6ecd1b15ae@group-96041FA828FE-SegmentedRaftLog:OPENED:c-1,f-1,i0, conf=-1: [84a51469-6089-434c-9409-be6ecd1b15ae:192.168.34.37:37072, ff1392d6-f741-46e8-b06b-d99a585290d3:192.168.34.37:33009, 82d73395-84ed-4f5d-a3d4-b8dc3778e9c8:192.168.34.37:45600], old=null
2019-09-16 16:55:14,838 [84a51469-6089-434c-9409-be6ecd1b15ae@group-96041FA828FE:LeaderElection18] INFO  impl.RaftServerImpl (RaftServerImpl.java:setRole(174)) - 84a51469-6089-434c-9409-be6ecd1b15ae@group-96041FA828FE: changes role from CANDIDATE to FOLLOWER at term 1 for DISCOVERED_A_NEW_TERM
2019-09-16 16:55:14,843 [84a51469-6089-434c-9409-be6ecd1b15ae@group-58588758826D:LeaderElection6] INFO  impl.RoleInfo (RoleInfo.java:updateAndGet(143)) - 84a51469-6089-434c-9409-be6ecd1b15ae: start LeaderState
2019-09-16 16:55:14,845 [84a51469-6089-434c-9409-be6ecd1b15ae@group-96041FA828FE:LeaderElection18] INFO  impl.RoleInfo (RoleInfo.java:shutdownLeaderElection(134)) - 84a51469-6089-434c-9409-be6ecd1b15ae: shutdown LeaderElection
2019-09-16 16:55:14,845 [84a51469-6089-434c-9409-be6ecd1b15ae@group-58588758826D:LeaderElection6] INFO  segmented.SegmentedRaftLogWorker (SegmentedRaftLogWorker.java:startLogSegment(380)) - 84a51469-6089-434c-9409-be6ecd1b15ae@group-58588758826D-SegmentedRaftLogWorker: Starting segment from index:0
2019-09-16 16:55:14,845 [84a51469-6089-434c-9409-be6ecd1b15ae@group-96041FA828FE:LeaderElection18] INFO  impl.RoleInfo (RoleInfo.java:updateAndGet(143)) - 84a51469-6089-434c-9409-be6ecd1b15ae: start FollowerState
2019-09-16 16:55:14,846 [ff1392d6-f741-46e8-b06b-d99a585290d3@group-F94A4F0F3961:LeaderElection8] INFO  impl.RoleInfo (RoleInfo.java:updateAndGet(143)) - ff1392d6-f741-46e8-b06b-d99a585290d3: start LeaderState
2019-09-16 16:55:14,846 [ff1392d6-f741-46e8-b06b-d99a585290d3@group-F94A4F0F3961:LeaderElection8] INFO  segmented.SegmentedRaftLogWorker (SegmentedRaftLogWorker.java:startLogSegment(380)) - ff1392d6-f741-46e8-b06b-d99a585290d3@group-F94A4F0F3961-SegmentedRaftLogWorker: Starting segment from index:0
2019-09-16 16:55:14,849 [84a51469-6089-434c-9409-be6ecd1b15ae@group-58588758826D:LeaderElection6] INFO  impl.RaftServerImpl (ServerState.java:setRaftConf(354)) - 84a51469-6089-434c-9409-be6ecd1b15ae@group-58588758826D: set configuration 0: [84a51469-6089-434c-9409-be6ecd1b15ae:192.168.34.37:37072], old=null at 0
2019-09-16 16:55:14,849 [ff1392d6-f741-46e8-b06b-d99a585290d3@group-F94A4F0F3961:LeaderElection8] INFO  impl.RaftServerImpl (ServerState.java:setRaftConf(354)) - ff1392d6-f741-46e8-b06b-d99a585290d3@group-F94A4F0F3961: set configuration 0: [ff1392d6-f741-46e8-b06b-d99a585290d3:192.168.34.37:33009], old=null at 0
2019-09-16 16:55:14,849 [315b4b00-5c1a-4cba-b27d-9eac94437c20@group-BEE6E34C2DE2:LeaderElection9] INFO  impl.RoleInfo (RoleInfo.java:updateAndGet(143)) - 315b4b00-5c1a-4cba-b27d-9eac94437c20: start LeaderState
2019-09-16 16:55:14,850 [315b4b00-5c1a-4cba-b27d-9eac94437c20@group-BEE6E34C2DE2:LeaderElection9] INFO  segmented.SegmentedRaftLogWorker (SegmentedRaftLogWorker.java:startLogSegment(380)) - 315b4b00-5c1a-4cba-b27d-9eac94437c20@group-BEE6E34C2DE2-SegmentedRaftLogWorker: Starting segment from index:0
2019-09-16 16:55:14,850 [b2efd7c1-6f6c-4a36-a627-0903cf886de6@group-7DC59660F91D:LeaderElection7] INFO  impl.RoleInfo (RoleInfo.java:updateAndGet(143)) - b2efd7c1-6f6c-4a36-a627-0903cf886de6: start LeaderState
2019-09-16 16:55:14,850 [b2efd7c1-6f6c-4a36-a627-0903cf886de6@group-7DC59660F91D:LeaderElection7] INFO  segmented.SegmentedRaftLogWorker (SegmentedRaftLogWorker.java:startLogSegment(380)) - b2efd7c1-6f6c-4a36-a627-0903cf886de6@group-7DC59660F91D-SegmentedRaftLogWorker: Starting segment from index:0
2019-09-16 16:55:14,850 [315b4b00-5c1a-4cba-b27d-9eac94437c20@group-BEE6E34C2DE2:LeaderElection9] INFO  impl.RaftServerImpl (ServerState.java:setRaftConf(354)) - 315b4b00-5c1a-4cba-b27d-9eac94437c20@group-BEE6E34C2DE2: set configuration 0: [315b4b00-5c1a-4cba-b27d-9eac94437c20:192.168.34.37:43197], old=null at 0
2019-09-16 16:55:14,850 [b2efd7c1-6f6c-4a36-a627-0903cf886de6@group-7DC59660F91D:LeaderElection7] INFO  impl.RaftServerImpl (ServerState.java:setRaftConf(354)) - b2efd7c1-6f6c-4a36-a627-0903cf886de6@group-7DC59660F91D: set configuration 0: [b2efd7c1-6f6c-4a36-a627-0903cf886de6:192.168.34.37:35760], old=null at 0
2019-09-16 16:55:14,890 [ff1392d6-f741-46e8-b06b-d99a585290d3@group-F94A4F0F3961-SegmentedRaftLogWorker] INFO  segmented.SegmentedRaftLogWorker (SegmentedRaftLogWorker.java:execute(569)) - ff1392d6-f741-46e8-b06b-d99a585290d3@group-F94A4F0F3961-SegmentedRaftLogWorker: created new log segment /workdir/hadoop-ozone/integration-test/target/test-dir/MiniOzoneClusterImpl-df60ebb5-d9ce-4d7d-8dc8-039b243d66da/datanode-8/data/ratis/77e4319c-a4c7-4c6a-a46e-f94a4f0f3961/current/log_inprogress_0
2019-09-16 16:55:14,890 [315b4b00-5c1a-4cba-b27d-9eac94437c20@group-BEE6E34C2DE2-SegmentedRaftLogWorker] INFO  segmented.SegmentedRaftLogWorker (SegmentedRaftLogWorker.java:execute(569)) - 315b4b00-5c1a-4cba-b27d-9eac94437c20@group-BEE6E34C2DE2-SegmentedRaftLogWorker: created new log segment /workdir/hadoop-ozone/integration-test/target/test-dir/MiniOzoneClusterImpl-df60ebb5-d9ce-4d7d-8dc8-039b243d66da/datanode-6/data/ratis/7818904d-b51b-48c7-856f-bee6e34c2de2/current/log_inprogress_0
2019-09-16 16:55:14,890 [84a51469-6089-434c-9409-be6ecd1b15ae@group-58588758826D-SegmentedRaftLogWorker] INFO  segmented.SegmentedRaftLogWorker (SegmentedRaftLogWorker.java:execute(569)) - 84a51469-6089-434c-9409-be6ecd1b15ae@group-58588758826D-SegmentedRaftLogWorker: created new log segment /workdir/hadoop-ozone/integration-test/target/test-dir/MiniOzoneClusterImpl-df60ebb5-d9ce-4d7d-8dc8-039b243d66da/datanode-9/data/ratis/285e2afe-2f13-470b-86c4-58588758826d/current/log_inprogress_0
2019-09-16 16:55:14,892 [b2efd7c1-6f6c-4a36-a627-0903cf886de6@group-7DC59660F91D-SegmentedRaftLogWorker] INFO  segmented.SegmentedRaftLogWorker (SegmentedRaftLogWorker.java:execute(569)) - b2efd7c1-6f6c-4a36-a627-0903cf886de6@group-7DC59660F91D-SegmentedRaftLogWorker: created new log segment /workdir/hadoop-ozone/integration-test/target/test-dir/MiniOzoneClusterImpl-df60ebb5-d9ce-4d7d-8dc8-039b243d66da/datanode-1/data/ratis/d049a5cc-9bcb-455b-8690-7dc59660f91d/current/log_inprogress_0
2019-09-16 16:55:14,983 [main] INFO  impl.MetricsSystemImpl (MetricsSystemImpl.java:init(158)) - XceiverClientMetrics metrics system started (again)
2019-09-16 16:55:15,107 [grpc-default-executor-3] INFO  client.GrpcClientProtocolClient (GrpcClientProtocolClient.java:onNext(264)) - client-59284F2D283B->2e525942-e927-41dd-97b7-9b9ba8560315: receive RaftClientReply:client-59284F2D283B->2e525942-e927-41dd-97b7-9b9ba8560315@group-A91BA5A7B369, cid=19, FAILED org.apache.ratis.protocol.NotLeaderException: Server 2e525942-e927-41dd-97b7-9b9ba8560315@group-A91BA5A7B369 is not the leader, logIndex=0, commits[2e525942-e927-41dd-97b7-9b9ba8560315:c-1]
2019-09-16 16:55:15,252 [Thread-300] INFO  impl.FollowerState (FollowerState.java:run(106)) - c232c0ff-9192-4b00-ad60-76b55f03f95e:group-810AA75C5910 changes to CANDIDATE, lastRpcTime:2602, electionTimeout:1131ms
2019-09-16 16:55:15,252 [Thread-300] INFO  impl.RoleInfo (RoleInfo.java:shutdownFollowerState(121)) - c232c0ff-9192-4b00-ad60-76b55f03f95e: shutdown FollowerState
2019-09-16 16:55:15,252 [Thread-300] INFO  impl.RaftServerImpl (RaftServerImpl.java:setRole(174)) - c232c0ff-9192-4b00-ad60-76b55f03f95e@group-810AA75C5910: changes role from  FOLLOWER to CANDIDATE at term 0 for changeToCandidate
2019-09-16 16:55:15,253 [Thread-300] INFO  impl.RoleInfo (RoleInfo.java:updateAndGet(143)) - c232c0ff-9192-4b00-ad60-76b55f03f95e: start LeaderElection
2019-09-16 16:55:15,275 [c232c0ff-9192-4b00-ad60-76b55f03f95e@group-810AA75C5910:LeaderElection19] INFO  impl.LeaderElection (LeaderElection.java:askForVotes(182)) - c232c0ff-9192-4b00-ad60-76b55f03f95e@group-810AA75C5910:LeaderElection19: begin an election at term 1 for -1: [c232c0ff-9192-4b00-ad60-76b55f03f95e:192.168.34.37:42873], old=null
2019-09-16 16:55:15,275 [c232c0ff-9192-4b00-ad60-76b55f03f95e@group-810AA75C5910:LeaderElection19] INFO  impl.RoleInfo (RoleInfo.java:shutdownLeaderElection(134)) - c232c0ff-9192-4b00-ad60-76b55f03f95e: shutdown LeaderElection
2019-09-16 16:55:15,276 [c232c0ff-9192-4b00-ad60-76b55f03f95e@group-810AA75C5910:LeaderElection19] INFO  impl.RaftServerImpl (RaftServerImpl.java:setRole(174)) - c232c0ff-9192-4b00-ad60-76b55f03f95e@group-810AA75C5910: changes role from CANDIDATE to LEADER at term 1 for changeToLeader
2019-09-16 16:55:15,276 [c232c0ff-9192-4b00-ad60-76b55f03f95e@group-810AA75C5910:LeaderElection19] INFO  impl.RaftServerImpl (ServerState.java:setLeader(253)) - c232c0ff-9192-4b00-ad60-76b55f03f95e@group-810AA75C5910: change Leader from null to c232c0ff-9192-4b00-ad60-76b55f03f95e at term 1 for becomeLeader, leader elected after 2637ms
2019-09-16 16:55:15,276 [c232c0ff-9192-4b00-ad60-76b55f03f95e@group-810AA75C5910:LeaderElection19] INFO  server.RaftServerConfigKeys (ConfUtils.java:logGet(43)) - raft.server.staging.catchup.gap = 1000 (default)
2019-09-16 16:55:15,276 [c232c0ff-9192-4b00-ad60-76b55f03f95e@group-810AA75C5910:LeaderElection19] INFO  server.RaftServerConfigKeys (ConfUtils.java:logGet(43)) - raft.server.rpc.sleep.time = 25ms (default)
2019-09-16 16:55:15,276 [c232c0ff-9192-4b00-ad60-76b55f03f95e@group-810AA75C5910:LeaderElection19] INFO  server.RaftServerConfigKeys (ConfUtils.java:logGet(43)) - raft.server.write.element-limit = 4096 (default)
2019-09-16 16:55:15,276 [c232c0ff-9192-4b00-ad60-76b55f03f95e@group-810AA75C5910:LeaderElection19] INFO  server.RaftServerConfigKeys (ConfUtils.java:logGet(43)) - raft.server.watch.timeout = 10s (default)
2019-09-16 16:55:15,277 [c232c0ff-9192-4b00-ad60-76b55f03f95e@group-810AA75C5910:LeaderElection19] INFO  server.RaftServerConfigKeys (ConfUtils.java:logGet(43)) - raft.server.watch.timeout.denomination = 1s (default)
2019-09-16 16:55:15,277 [c232c0ff-9192-4b00-ad60-76b55f03f95e@group-810AA75C5910:LeaderElection19] INFO  server.RaftServerConfigKeys (ConfUtils.java:logGet(43)) - raft.server.watch.element-limit = 65536 (default)
2019-09-16 16:55:15,280 [c232c0ff-9192-4b00-ad60-76b55f03f95e@group-810AA75C5910:LeaderElection19] INFO  impl.RoleInfo (RoleInfo.java:updateAndGet(143)) - c232c0ff-9192-4b00-ad60-76b55f03f95e: start LeaderState
2019-09-16 16:55:15,281 [c232c0ff-9192-4b00-ad60-76b55f03f95e@group-810AA75C5910:LeaderElection19] INFO  segmented.SegmentedRaftLogWorker (SegmentedRaftLogWorker.java:startLogSegment(380)) - c232c0ff-9192-4b00-ad60-76b55f03f95e@group-810AA75C5910-SegmentedRaftLogWorker: Starting segment from index:0
2019-09-16 16:55:15,281 [c232c0ff-9192-4b00-ad60-76b55f03f95e@group-810AA75C5910:LeaderElection19] INFO  impl.RaftServerImpl (ServerState.java:setRaftConf(354)) - c232c0ff-9192-4b00-ad60-76b55f03f95e@group-810AA75C5910: set configuration 0: [c232c0ff-9192-4b00-ad60-76b55f03f95e:192.168.34.37:42873], old=null at 0
2019-09-16 16:55:15,323 [c232c0ff-9192-4b00-ad60-76b55f03f95e@group-810AA75C5910-SegmentedRaftLogWorker] INFO  segmented.SegmentedRaftLogWorker (SegmentedRaftLogWorker.java:execute(569)) - c232c0ff-9192-4b00-ad60-76b55f03f95e@group-810AA75C5910-SegmentedRaftLogWorker: created new log segment /workdir/hadoop-ozone/integration-test/target/test-dir/MiniOzoneClusterImpl-df60ebb5-d9ce-4d7d-8dc8-039b243d66da/datanode-7/data/ratis/55ee6f13-7f9d-4569-a752-810aa75c5910/current/log_inprogress_0
2019-09-16 16:55:15,676 [Thread-382] INFO  impl.FollowerState (FollowerState.java:run(106)) - 7977ac3b-0be3-4a37-9fef-39f7814db179:group-A02DD63F7AE6 changes to CANDIDATE, lastRpcTime:1062, electionTimeout:1057ms
2019-09-16 16:55:15,676 [Thread-382] INFO  impl.RoleInfo (RoleInfo.java:shutdownFollowerState(121)) - 7977ac3b-0be3-4a37-9fef-39f7814db179: shutdown FollowerState
2019-09-16 16:55:15,677 [Thread-382] INFO  impl.RaftServerImpl (RaftServerImpl.java:setRole(174)) - 7977ac3b-0be3-4a37-9fef-39f7814db179@group-A02DD63F7AE6: changes role from  FOLLOWER to CANDIDATE at term 1 for changeToCandidate
2019-09-16 16:55:15,677 [Thread-382] INFO  impl.RoleInfo (RoleInfo.java:updateAndGet(143)) - 7977ac3b-0be3-4a37-9fef-39f7814db179: start LeaderElection
2019-09-16 16:55:15,702 [7977ac3b-0be3-4a37-9fef-39f7814db179@group-A02DD63F7AE6:LeaderElection20] INFO  impl.LeaderElection (LeaderElection.java:askForVotes(182)) - 7977ac3b-0be3-4a37-9fef-39f7814db179@group-A02DD63F7AE6:LeaderElection20: begin an election at term 2 for -1: [cc439034-f900-459f-93f0-405510d1632e:192.168.34.37:33217, 7977ac3b-0be3-4a37-9fef-39f7814db179:192.168.34.37:39944, 3debf489-fb8f-44d7-9f14-87ea2202f1a2:192.168.34.37:46057], old=null
2019-09-16 16:55:15,709 [Thread-384] INFO  impl.FollowerState (FollowerState.java:run(106)) - 2e525942-e927-41dd-97b7-9b9ba8560315:group-A91BA5A7B369 changes to CANDIDATE, lastRpcTime:1057, electionTimeout:1054ms
2019-09-16 16:55:15,709 [Thread-385] INFO  impl.FollowerState (FollowerState.java:run(106)) - 3debf489-fb8f-44d7-9f14-87ea2202f1a2:group-A02DD63F7AE6 changes to CANDIDATE, lastRpcTime:1048, electionTimeout:1025ms
2019-09-16 16:55:15,709 [Thread-384] INFO  impl.RoleInfo (RoleInfo.java:shutdownFollowerState(121)) - 2e525942-e927-41dd-97b7-9b9ba8560315: shutdown FollowerState
2019-09-16 16:55:15,710 [Thread-385] INFO  impl.RoleInfo (RoleInfo.java:shutdownFollowerState(121)) - 3debf489-fb8f-44d7-9f14-87ea2202f1a2: shutdown FollowerState
2019-09-16 16:55:15,710 [Thread-384] INFO  impl.RaftServerImpl (RaftServerImpl.java:setRole(174)) - 2e525942-e927-41dd-97b7-9b9ba8560315@group-A91BA5A7B369: changes role from  FOLLOWER to CANDIDATE at term 1 for changeToCandidate
2019-09-16 16:55:15,718 [Thread-385] INFO  impl.RaftServerImpl (RaftServerImpl.java:setRole(174)) - 3debf489-fb8f-44d7-9f14-87ea2202f1a2@group-A02DD63F7AE6: changes role from  FOLLOWER to CANDIDATE at term 1 for changeToCandidate
2019-09-16 16:55:15,718 [Thread-384] INFO  impl.RoleInfo (RoleInfo.java:updateAndGet(143)) - 2e525942-e927-41dd-97b7-9b9ba8560315: start LeaderElection
2019-09-16 16:55:15,719 [Thread-385] INFO  impl.RoleInfo (RoleInfo.java:updateAndGet(143)) - 3debf489-fb8f-44d7-9f14-87ea2202f1a2: start LeaderElection
2019-09-16 16:55:15,718 [grpc-default-executor-3] INFO  impl.RaftServerImpl (RaftServerImpl.java:setRole(174)) - cc439034-f900-459f-93f0-405510d1632e@group-A02DD63F7AE6: changes role from  FOLLOWER to FOLLOWER at term 2 for recognizeCandidate:7977ac3b-0be3-4a37-9fef-39f7814db179
2019-09-16 16:55:15,719 [grpc-default-executor-5] INFO  impl.RaftServerImpl (RaftServerImpl.java:setRole(174)) - 3debf489-fb8f-44d7-9f14-87ea2202f1a2@group-A02DD63F7AE6: changes role from CANDIDATE to FOLLOWER at term 2 for recognizeCandidate:7977ac3b-0be3-4a37-9fef-39f7814db179
2019-09-16 16:55:15,719 [grpc-default-executor-3] INFO  impl.RoleInfo (RoleInfo.java:shutdownFollowerState(121)) - cc439034-f900-459f-93f0-405510d1632e: shutdown FollowerState
2019-09-16 16:55:15,719 [grpc-default-executor-5] INFO  impl.RoleInfo (RoleInfo.java:shutdownLeaderElection(134)) - 3debf489-fb8f-44d7-9f14-87ea2202f1a2: shutdown LeaderElection
2019-09-16 16:55:15,720 [grpc-default-executor-3] INFO  impl.RoleInfo (RoleInfo.java:updateAndGet(143)) - cc439034-f900-459f-93f0-405510d1632e: start FollowerState
2019-09-16 16:55:15,720 [grpc-default-executor-5] INFO  impl.RoleInfo (RoleInfo.java:updateAndGet(143)) - 3debf489-fb8f-44d7-9f14-87ea2202f1a2: start FollowerState
2019-09-16 16:55:15,733 [2e525942-e927-41dd-97b7-9b9ba8560315@group-A91BA5A7B369:LeaderElection21] INFO  impl.LeaderElection (LeaderElection.java:askForVotes(182)) - 2e525942-e927-41dd-97b7-9b9ba8560315@group-A91BA5A7B369:LeaderElection21: begin an election at term 2 for -1: [2e525942-e927-41dd-97b7-9b9ba8560315:192.168.34.37:33333, 315b4b00-5c1a-4cba-b27d-9eac94437c20:192.168.34.37:43197, c232c0ff-9192-4b00-ad60-76b55f03f95e:192.168.34.37:42873], old=null
2019-09-16 16:55:15,736 [7977ac3b-0be3-4a37-9fef-39f7814db179@group-A02DD63F7AE6:LeaderElection20] INFO  impl.LeaderElection (LeaderElection.java:logAndReturn(56)) - 7977ac3b-0be3-4a37-9fef-39f7814db179@group-A02DD63F7AE6:LeaderElection20: Election PASSED; received 2 response(s) [7977ac3b-0be3-4a37-9fef-39f7814db179<-cc439034-f900-459f-93f0-405510d1632e#0:OK-t2, 7977ac3b-0be3-4a37-9fef-39f7814db179<-3debf489-fb8f-44d7-9f14-87ea2202f1a2#0:FAIL-t2] and 0 exception(s); 7977ac3b-0be3-4a37-9fef-39f7814db179@group-A02DD63F7AE6:t2, leader=null, voted=7977ac3b-0be3-4a37-9fef-39f7814db179, raftlog=7977ac3b-0be3-4a37-9fef-39f7814db179@group-A02DD63F7AE6-SegmentedRaftLog:OPENED:c-1,f-1,i0, conf=-1: [cc439034-f900-459f-93f0-405510d1632e:192.168.34.37:33217, 7977ac3b-0be3-4a37-9fef-39f7814db179:192.168.34.37:39944, 3debf489-fb8f-44d7-9f14-87ea2202f1a2:192.168.34.37:46057], old=null
2019-09-16 16:55:15,736 [7977ac3b-0be3-4a37-9fef-39f7814db179@group-A02DD63F7AE6:LeaderElection20] INFO  impl.RoleInfo (RoleInfo.java:shutdownLeaderElection(134)) - 7977ac3b-0be3-4a37-9fef-39f7814db179: shutdown LeaderElection
2019-09-16 16:55:15,740 [7977ac3b-0be3-4a37-9fef-39f7814db179@group-A02DD63F7AE6:LeaderElection20] INFO  impl.RaftServerImpl (RaftServerImpl.java:setRole(174)) - 7977ac3b-0be3-4a37-9fef-39f7814db179@group-A02DD63F7AE6: changes role from CANDIDATE to LEADER at term 2 for changeToLeader
2019-09-16 16:55:15,740 [7977ac3b-0be3-4a37-9fef-39f7814db179@group-A02DD63F7AE6:LeaderElection20] INFO  impl.RaftServerImpl (ServerState.java:setLeader(253)) - 7977ac3b-0be3-4a37-9fef-39f7814db179@group-A02DD63F7AE6: change Leader from null to 7977ac3b-0be3-4a37-9fef-39f7814db179 at term 2 for becomeLeader, leader elected after 2581ms
2019-09-16 16:55:15,740 [7977ac3b-0be3-4a37-9fef-39f7814db179@group-A02DD63F7AE6:LeaderElection20] INFO  server.RaftServerConfigKeys (ConfUtils.java:logGet(43)) - raft.server.staging.catchup.gap = 1000 (default)
2019-09-16 16:55:15,740 [7977ac3b-0be3-4a37-9fef-39f7814db179@group-A02DD63F7AE6:LeaderElection20] INFO  server.RaftServerConfigKeys (ConfUtils.java:logGet(43)) - raft.server.rpc.sleep.time = 25ms (default)
2019-09-16 16:55:15,741 [grpc-default-executor-5] INFO  impl.RaftServerImpl (RaftServerImpl.java:setRole(174)) - c232c0ff-9192-4b00-ad60-76b55f03f95e@group-A91BA5A7B369: changes role from  FOLLOWER to FOLLOWER at term 2 for recognizeCandidate:2e525942-e927-41dd-97b7-9b9ba8560315
2019-09-16 16:55:15,743 [grpc-default-executor-3] INFO  impl.RaftServerImpl (RaftServerImpl.java:setRole(174)) - 315b4b00-5c1a-4cba-b27d-9eac94437c20@group-A91BA5A7B369: changes role from  FOLLOWER to FOLLOWER at term 2 for recognizeCandidate:2e525942-e927-41dd-97b7-9b9ba8560315
2019-09-16 16:55:15,744 [grpc-default-executor-3] INFO  impl.RoleInfo (RoleInfo.java:shutdownFollowerState(121)) - 315b4b00-5c1a-4cba-b27d-9eac94437c20: shutdown FollowerState
2019-09-16 16:55:15,741 [7977ac3b-0be3-4a37-9fef-39f7814db179@group-A02DD63F7AE6:LeaderElection20] INFO  server.RaftServerConfigKeys (ConfUtils.java:logGet(43)) - raft.server.write.element-limit = 4096 (default)
2019-09-16 16:55:15,744 [grpc-default-executor-3] INFO  impl.RoleInfo (RoleInfo.java:updateAndGet(143)) - 315b4b00-5c1a-4cba-b27d-9eac94437c20: start FollowerState
2019-09-16 16:55:15,743 [grpc-default-executor-5] INFO  impl.RoleInfo (RoleInfo.java:shutdownFollowerState(121)) - c232c0ff-9192-4b00-ad60-76b55f03f95e: shutdown FollowerState
2019-09-16 16:55:15,744 [Thread-389] INFO  impl.FollowerState (FollowerState.java:run(115)) - 315b4b00-5c1a-4cba-b27d-9eac94437c20: FollowerState was interrupted: java.lang.InterruptedException: sleep interrupted
2019-09-16 16:55:15,744 [7977ac3b-0be3-4a37-9fef-39f7814db179@group-A02DD63F7AE6:LeaderElection20] INFO  server.RaftServerConfigKeys (ConfUtils.java:logGet(43)) - raft.server.watch.timeout = 10s (default)
2019-09-16 16:55:15,744 [Thread-388] INFO  impl.FollowerState (FollowerState.java:run(115)) - c232c0ff-9192-4b00-ad60-76b55f03f95e: FollowerState was interrupted: java.lang.InterruptedException: sleep interrupted
2019-09-16 16:55:15,744 [grpc-default-executor-5] INFO  impl.RoleInfo (RoleInfo.java:updateAndGet(143)) - c232c0ff-9192-4b00-ad60-76b55f03f95e: start FollowerState
2019-09-16 16:55:15,745 [7977ac3b-0be3-4a37-9fef-39f7814db179@group-A02DD63F7AE6:LeaderElection20] INFO  server.RaftServerConfigKeys (ConfUtils.java:logGet(43)) - raft.server.watch.timeout.denomination = 1s (default)
2019-09-16 16:55:15,745 [7977ac3b-0be3-4a37-9fef-39f7814db179@group-A02DD63F7AE6:LeaderElection20] INFO  server.RaftServerConfigKeys (ConfUtils.java:logGet(43)) - raft.server.watch.element-limit = 65536 (default)
2019-09-16 16:55:15,747 [3debf489-fb8f-44d7-9f14-87ea2202f1a2@group-A02DD63F7AE6:LeaderElection22] INFO  impl.LeaderElection (LeaderElection.java:askForVotes(182)) - 3debf489-fb8f-44d7-9f14-87ea2202f1a2@group-A02DD63F7AE6:LeaderElection22: begin an election at term 3 for -1: [cc439034-f900-459f-93f0-405510d1632e:192.168.34.37:33217, 7977ac3b-0be3-4a37-9fef-39f7814db179:192.168.34.37:39944, 3debf489-fb8f-44d7-9f14-87ea2202f1a2:192.168.34.37:46057], old=null
2019-09-16 16:55:15,748 [3debf489-fb8f-44d7-9f14-87ea2202f1a2@group-A02DD63F7AE6:LeaderElection22] INFO  impl.LeaderElection (LeaderElection.java:logAndReturn(56)) - 3debf489-fb8f-44d7-9f14-87ea2202f1a2@group-A02DD63F7AE6:LeaderElection22: Election REJECTED; received 0 response(s) [] and 0 exception(s); 3debf489-fb8f-44d7-9f14-87ea2202f1a2@group-A02DD63F7AE6:t3, leader=null, voted=3debf489-fb8f-44d7-9f14-87ea2202f1a2, raftlog=3debf489-fb8f-44d7-9f14-87ea2202f1a2@group-A02DD63F7AE6-SegmentedRaftLog:OPENED:c-1,f-1,i0, conf=-1: [cc439034-f900-459f-93f0-405510d1632e:192.168.34.37:33217, 7977ac3b-0be3-4a37-9fef-39f7814db179:192.168.34.37:39944, 3debf489-fb8f-44d7-9f14-87ea2202f1a2:192.168.34.37:46057], old=null
2019-09-16 16:55:15,753 [7977ac3b-0be3-4a37-9fef-39f7814db179@group-A02DD63F7AE6:LeaderElection20] INFO  server.RaftServerConfigKeys (ConfUtils.java:logGet(43)) - raft.server.log.appender.snapshot.chunk.size.max = 16MB (=16777216) (default)
2019-09-16 16:55:15,753 [2e525942-e927-41dd-97b7-9b9ba8560315@group-A91BA5A7B369:LeaderElection21] INFO  impl.LeaderElection (LeaderElection.java:logAndReturn(56)) - 2e525942-e927-41dd-97b7-9b9ba8560315@group-A91BA5A7B369:LeaderElection21: Election PASSED; received 1 response(s) [2e525942-e927-41dd-97b7-9b9ba8560315<-c232c0ff-9192-4b00-ad60-76b55f03f95e#0:OK-t2] and 0 exception(s); 2e525942-e927-41dd-97b7-9b9ba8560315@group-A91BA5A7B369:t2, leader=null, voted=2e525942-e927-41dd-97b7-9b9ba8560315, raftlog=2e525942-e927-41dd-97b7-9b9ba8560315@group-A91BA5A7B369-SegmentedRaftLog:OPENED:c-1,f-1,i0, conf=-1: [2e525942-e927-41dd-97b7-9b9ba8560315:192.168.34.37:33333, 315b4b00-5c1a-4cba-b27d-9eac94437c20:192.168.34.37:43197, c232c0ff-9192-4b00-ad60-76b55f03f95e:192.168.34.37:42873], old=null
2019-09-16 16:55:15,753 [7977ac3b-0be3-4a37-9fef-39f7814db179@group-A02DD63F7AE6:LeaderElection20] INFO  server.RaftServerConfigKeys (ConfUtils.java:logGet(43)) - raft.server.log.appender.buffer.byte-limit = 33554432 (custom)
2019-09-16 16:55:15,756 [2e525942-e927-41dd-97b7-9b9ba8560315@group-A91BA5A7B369:LeaderElection21] INFO  impl.RoleInfo (RoleInfo.java:shutdownLeaderElection(134)) - 2e525942-e927-41dd-97b7-9b9ba8560315: shutdown LeaderElection
2019-09-16 16:55:15,763 [2e525942-e927-41dd-97b7-9b9ba8560315@group-A91BA5A7B369:LeaderElection21] INFO  impl.RaftServerImpl (RaftServerImpl.java:setRole(174)) - 2e525942-e927-41dd-97b7-9b9ba8560315@group-A91BA5A7B369: changes role from CANDIDATE to LEADER at term 2 for changeToLeader
2019-09-16 16:55:15,766 [2e525942-e927-41dd-97b7-9b9ba8560315@group-A91BA5A7B369:LeaderElection21] INFO  impl.RaftServerImpl (ServerState.java:setLeader(253)) - 2e525942-e927-41dd-97b7-9b9ba8560315@group-A91BA5A7B369: change Leader from null to 2e525942-e927-41dd-97b7-9b9ba8560315 at term 2 for becomeLeader, leader elected after 2478ms
2019-09-16 16:55:15,766 [7977ac3b-0be3-4a37-9fef-39f7814db179@group-A02DD63F7AE6:LeaderElection20] INFO  server.RaftServerConfigKeys (ConfUtils.java:logGet(43)) - raft.server.log.appender.buffer.element-limit = 1 (custom)
2019-09-16 16:55:15,766 [2e525942-e927-41dd-97b7-9b9ba8560315@group-A91BA5A7B369:LeaderElection21] INFO  server.RaftServerConfigKeys (ConfUtils.java:logGet(43)) - raft.server.staging.catchup.gap = 1000 (default)
2019-09-16 16:55:15,766 [grpc-default-executor-3] INFO  impl.RaftServerImpl (RaftServerImpl.java:setRole(174)) - cc439034-f900-459f-93f0-405510d1632e@group-A02DD63F7AE6: changes role from  FOLLOWER to FOLLOWER at term 3 for recognizeCandidate:3debf489-fb8f-44d7-9f14-87ea2202f1a2
2019-09-16 16:55:15,766 [2e525942-e927-41dd-97b7-9b9ba8560315@group-A91BA5A7B369:LeaderElection21] INFO  server.RaftServerConfigKeys (ConfUtils.java:logGet(43)) - raft.server.rpc.sleep.time = 25ms (default)
2019-09-16 16:55:15,766 [grpc-default-executor-3] INFO  impl.RoleInfo (RoleInfo.java:shutdownFollowerState(121)) - cc439034-f900-459f-93f0-405510d1632e: shutdown FollowerState
2019-09-16 16:55:15,767 [2e525942-e927-41dd-97b7-9b9ba8560315@group-A91BA5A7B369:LeaderElection21] INFO  server.RaftServerConfigKeys (ConfUtils.java:logGet(43)) - raft.server.write.element-limit = 4096 (default)
2019-09-16 16:55:15,767 [Thread-409] INFO  impl.FollowerState (FollowerState.java:run(115)) - cc439034-f900-459f-93f0-405510d1632e: FollowerState was interrupted: java.lang.InterruptedException: sleep interrupted
2019-09-16 16:55:15,767 [grpc-default-executor-3] INFO  impl.RoleInfo (RoleInfo.java:updateAndGet(143)) - cc439034-f900-459f-93f0-405510d1632e: start FollowerState
2019-09-16 16:55:15,767 [2e525942-e927-41dd-97b7-9b9ba8560315@group-A91BA5A7B369:LeaderElection21] INFO  server.RaftServerConfigKeys (ConfUtils.java:logGet(43)) - raft.server.watch.timeout = 10s (default)
2019-09-16 16:55:15,770 [2e525942-e927-41dd-97b7-9b9ba8560315@group-A91BA5A7B369:LeaderElection21] INFO  server.RaftServerConfigKeys (ConfUtils.java:logGet(43)) - raft.server.watch.timeout.denomination = 1s (default)
2019-09-16 16:55:15,770 [2e525942-e927-41dd-97b7-9b9ba8560315@group-A91BA5A7B369:LeaderElection21] INFO  server.RaftServerConfigKeys (ConfUtils.java:logGet(43)) - raft.server.watch.element-limit = 65536 (default)
2019-09-16 16:55:15,771 [7977ac3b-0be3-4a37-9fef-39f7814db179@group-A02DD63F7AE6:LeaderElection20] INFO  grpc.GrpcConfigKeys$Server (ConfUtils.java:logGet(43)) - raft.grpc.server.leader.outstanding.appends.max = 128 (default)
2019-09-16 16:55:15,774 [7977ac3b-0be3-4a37-9fef-39f7814db179@group-A02DD63F7AE6:LeaderElection20] INFO  server.RaftServerConfigKeys (ConfUtils.java:logGet(43)) - raft.server.rpc.request.timeout = 3000ms (default)
2019-09-16 16:55:15,774 [7977ac3b-0be3-4a37-9fef-39f7814db179@group-A02DD63F7AE6:LeaderElection20] INFO  server.RaftServerConfigKeys (ConfUtils.java:logGet(43)) - raft.server.log.appender.install.snapshot.enabled = false (custom)
2019-09-16 16:55:15,775 [7977ac3b-0be3-4a37-9fef-39f7814db179@group-A02DD63F7AE6:LeaderElection20] INFO  server.RaftServerConfigKeys (ConfUtils.java:logGet(43)) - raft.server.log.appender.snapshot.chunk.size.max = 16MB (=16777216) (default)
2019-09-16 16:55:15,775 [2e525942-e927-41dd-97b7-9b9ba8560315@group-A91BA5A7B369:LeaderElection21] INFO  server.RaftServerConfigKeys (ConfUtils.java:logGet(43)) - raft.server.log.appender.snapshot.chunk.size.max = 16MB (=16777216) (default)
2019-09-16 16:55:15,775 [7977ac3b-0be3-4a37-9fef-39f7814db179@group-A02DD63F7AE6:LeaderElection20] INFO  server.RaftServerConfigKeys (ConfUtils.java:logGet(43)) - raft.server.log.appender.buffer.byte-limit = 33554432 (custom)
2019-09-16 16:55:15,775 [2e525942-e927-41dd-97b7-9b9ba8560315@group-A91BA5A7B369:LeaderElection21] INFO  server.RaftServerConfigKeys (ConfUtils.java:logGet(43)) - raft.server.log.appender.buffer.byte-limit = 33554432 (custom)
2019-09-16 16:55:15,776 [7977ac3b-0be3-4a37-9fef-39f7814db179@group-A02DD63F7AE6:LeaderElection20] INFO  server.RaftServerConfigKeys (ConfUtils.java:logGet(43)) - raft.server.log.appender.buffer.element-limit = 1 (custom)
2019-09-16 16:55:15,776 [2e525942-e927-41dd-97b7-9b9ba8560315@group-A91BA5A7B369:LeaderElection21] INFO  server.RaftServerConfigKeys (ConfUtils.java:logGet(43)) - raft.server.log.appender.buffer.element-limit = 1 (custom)
2019-09-16 16:55:15,776 [7977ac3b-0be3-4a37-9fef-39f7814db179@group-A02DD63F7AE6:LeaderElection20] INFO  grpc.GrpcConfigKeys$Server (ConfUtils.java:logGet(43)) - raft.grpc.server.leader.outstanding.appends.max = 128 (default)
2019-09-16 16:55:15,776 [2e525942-e927-41dd-97b7-9b9ba8560315@group-A91BA5A7B369:LeaderElection21] INFO  grpc.GrpcConfigKeys$Server (ConfUtils.java:logGet(43)) - raft.grpc.server.leader.outstanding.appends.max = 128 (default)
2019-09-16 16:55:15,776 [7977ac3b-0be3-4a37-9fef-39f7814db179@group-A02DD63F7AE6:LeaderElection20] INFO  server.RaftServerConfigKeys (ConfUtils.java:logGet(43)) - raft.server.rpc.request.timeout = 3000ms (default)
2019-09-16 16:55:15,776 [2e525942-e927-41dd-97b7-9b9ba8560315@group-A91BA5A7B369:LeaderElection21] INFO  server.RaftServerConfigKeys (ConfUtils.java:logGet(43)) - raft.server.rpc.request.timeout = 3000ms (default)
2019-09-16 16:55:15,776 [7977ac3b-0be3-4a37-9fef-39f7814db179@group-A02DD63F7AE6:LeaderElection20] INFO  server.RaftServerConfigKeys (ConfUtils.java:logGet(43)) - raft.server.log.appender.install.snapshot.enabled = false (custom)
2019-09-16 16:55:15,776 [2e525942-e927-41dd-97b7-9b9ba8560315@group-A91BA5A7B369:LeaderElection21] INFO  server.RaftServerConfigKeys (ConfUtils.java:logGet(43)) - raft.server.log.appender.install.snapshot.enabled = false (custom)
2019-09-16 16:55:15,777 [2e525942-e927-41dd-97b7-9b9ba8560315@group-A91BA5A7B369:LeaderElection21] INFO  server.RaftServerConfigKeys (ConfUtils.java:logGet(43)) - raft.server.log.appender.snapshot.chunk.size.max = 16MB (=16777216) (default)
2019-09-16 16:55:15,777 [2e525942-e927-41dd-97b7-9b9ba8560315@group-A91BA5A7B369:LeaderElection21] INFO  server.RaftServerConfigKeys (ConfUtils.java:logGet(43)) - raft.server.log.appender.buffer.byte-limit = 33554432 (custom)
2019-09-16 16:55:15,790 [2e525942-e927-41dd-97b7-9b9ba8560315@group-A91BA5A7B369:LeaderElection21] INFO  server.RaftServerConfigKeys (ConfUtils.java:logGet(43)) - raft.server.log.appender.buffer.element-limit = 1 (custom)
2019-09-16 16:55:15,790 [2e525942-e927-41dd-97b7-9b9ba8560315@group-A91BA5A7B369:LeaderElection21] INFO  grpc.GrpcConfigKeys$Server (ConfUtils.java:logGet(43)) - raft.grpc.server.leader.outstanding.appends.max = 128 (default)
2019-09-16 16:55:15,790 [7977ac3b-0be3-4a37-9fef-39f7814db179@group-A02DD63F7AE6:LeaderElection20] INFO  impl.RoleInfo (RoleInfo.java:updateAndGet(143)) - 7977ac3b-0be3-4a37-9fef-39f7814db179: start LeaderState
2019-09-16 16:55:15,790 [2e525942-e927-41dd-97b7-9b9ba8560315@group-A91BA5A7B369:LeaderElection21] INFO  server.RaftServerConfigKeys (ConfUtils.java:logGet(43)) - raft.server.rpc.request.timeout = 3000ms (default)
2019-09-16 16:55:15,791 [2e525942-e927-41dd-97b7-9b9ba8560315@group-A91BA5A7B369:LeaderElection21] INFO  server.RaftServerConfigKeys (ConfUtils.java:logGet(43)) - raft.server.log.appender.install.snapshot.enabled = false (custom)
2019-09-16 16:55:15,791 [7977ac3b-0be3-4a37-9fef-39f7814db179@group-A02DD63F7AE6:LeaderElection20] INFO  segmented.SegmentedRaftLogWorker (SegmentedRaftLogWorker.java:startLogSegment(380)) - 7977ac3b-0be3-4a37-9fef-39f7814db179@group-A02DD63F7AE6-SegmentedRaftLogWorker: Starting segment from index:0
2019-09-16 16:55:15,791 [2e525942-e927-41dd-97b7-9b9ba8560315@group-A91BA5A7B369:LeaderElection21] INFO  impl.RoleInfo (RoleInfo.java:updateAndGet(143)) - 2e525942-e927-41dd-97b7-9b9ba8560315: start LeaderState
2019-09-16 16:55:15,791 [2e525942-e927-41dd-97b7-9b9ba8560315@group-A91BA5A7B369:LeaderElection21] INFO  segmented.SegmentedRaftLogWorker (SegmentedRaftLogWorker.java:startLogSegment(380)) - 2e525942-e927-41dd-97b7-9b9ba8560315@group-A91BA5A7B369-SegmentedRaftLogWorker: Starting segment from index:0
2019-09-16 16:55:15,791 [7977ac3b-0be3-4a37-9fef-39f7814db179@group-A02DD63F7AE6:LeaderElection20] INFO  impl.RaftServerImpl (ServerState.java:setRaftConf(354)) - 7977ac3b-0be3-4a37-9fef-39f7814db179@group-A02DD63F7AE6: set configuration 0: [cc439034-f900-459f-93f0-405510d1632e:192.168.34.37:33217, 7977ac3b-0be3-4a37-9fef-39f7814db179:192.168.34.37:39944, 3debf489-fb8f-44d7-9f14-87ea2202f1a2:192.168.34.37:46057], old=null at 0
2019-09-16 16:55:15,831 [grpc-default-executor-5] INFO  impl.RaftServerImpl (ServerState.java:setLeader(253)) - 7977ac3b-0be3-4a37-9fef-39f7814db179@group-A02DD63F7AE6: change Leader from 7977ac3b-0be3-4a37-9fef-39f7814db179 to null at term 3 for updateCurrentTerm
2019-09-16 16:55:15,831 [2e525942-e927-41dd-97b7-9b9ba8560315@group-A91BA5A7B369:LeaderElection21] INFO  impl.RaftServerImpl (ServerState.java:setRaftConf(354)) - 2e525942-e927-41dd-97b7-9b9ba8560315@group-A91BA5A7B369: set configuration 0: [2e525942-e927-41dd-97b7-9b9ba8560315:192.168.34.37:33333, 315b4b00-5c1a-4cba-b27d-9eac94437c20:192.168.34.37:43197, c232c0ff-9192-4b00-ad60-76b55f03f95e:192.168.34.37:42873], old=null at 0
2019-09-16 16:55:15,831 [grpc-default-executor-5] INFO  impl.RaftServerImpl (RaftServerImpl.java:setRole(174)) - 7977ac3b-0be3-4a37-9fef-39f7814db179@group-A02DD63F7AE6: changes role from    LEADER to FOLLOWER at term 3 for recognizeCandidate:3debf489-fb8f-44d7-9f14-87ea2202f1a2
2019-09-16 16:55:15,834 [grpc-default-executor-5] INFO  impl.RoleInfo (RoleInfo.java:shutdownLeaderState(104)) - 7977ac3b-0be3-4a37-9fef-39f7814db179: shutdown LeaderState
2019-09-16 16:55:15,838 [grpc-default-executor-5] INFO  impl.PendingRequests (PendingRequests.java:sendNotLeaderResponses(202)) - 7977ac3b-0be3-4a37-9fef-39f7814db179-PendingRequests: sendNotLeaderResponses
2019-09-16 16:55:15,840 [grpc-default-executor-5] INFO  impl.RoleInfo (RoleInfo.java:updateAndGet(143)) - 7977ac3b-0be3-4a37-9fef-39f7814db179: start FollowerState
2019-09-16 16:55:15,844 [7977ac3b-0be3-4a37-9fef-39f7814db179@group-A02DD63F7AE6-SegmentedRaftLogWorker] INFO  segmented.SegmentedRaftLogWorker (SegmentedRaftLogWorker.java:execute(569)) - 7977ac3b-0be3-4a37-9fef-39f7814db179@group-A02DD63F7AE6-SegmentedRaftLogWorker: created new log segment /workdir/hadoop-ozone/integration-test/target/test-dir/MiniOzoneClusterImpl-df60ebb5-d9ce-4d7d-8dc8-039b243d66da/datanode-5/data/ratis/cfc93d4e-2a62-452a-b3f1-a02dd63f7ae6/current/log_inprogress_0
2019-09-16 16:55:15,844 [2e525942-e927-41dd-97b7-9b9ba8560315@group-A91BA5A7B369-SegmentedRaftLogWorker] INFO  segmented.SegmentedRaftLogWorker (SegmentedRaftLogWorker.java:execute(569)) - 2e525942-e927-41dd-97b7-9b9ba8560315@group-A91BA5A7B369-SegmentedRaftLogWorker: created new log segment /workdir/hadoop-ozone/integration-test/target/test-dir/MiniOzoneClusterImpl-df60ebb5-d9ce-4d7d-8dc8-039b243d66da/datanode-4/data/ratis/2930b6d6-5a9e-418f-ba71-a91ba5a7b369/current/log_inprogress_0
2019-09-16 16:55:15,845 [org.apache.ratis.server.impl.LogAppender$AppenderDaemon$$Lambda$519/529296390@1d8c126a] WARN  server.GrpcLogAppender (GrpcLogAppender.java:mayWait(143)) - 7977ac3b-0be3-4a37-9fef-39f7814db179@group-A02DD63F7AE6->cc439034-f900-459f-93f0-405510d1632e-GrpcLogAppender: Wait interrupted by java.lang.InterruptedException
2019-09-16 16:55:15,845 [org.apache.ratis.server.impl.LogAppender$AppenderDaemon$$Lambda$519/529296390@20ec97d8] WARN  server.GrpcLogAppender (GrpcLogAppender.java:mayWait(143)) - 7977ac3b-0be3-4a37-9fef-39f7814db179@group-A02DD63F7AE6->3debf489-fb8f-44d7-9f14-87ea2202f1a2-GrpcLogAppender: Wait interrupted by java.lang.InterruptedException
2019-09-16 16:55:15,870 [Thread-398] INFO  impl.FollowerState (FollowerState.java:run(106)) - 84a51469-6089-434c-9409-be6ecd1b15ae:group-96041FA828FE changes to CANDIDATE, lastRpcTime:1024, electionTimeout:1020ms
2019-09-16 16:55:15,870 [Thread-398] INFO  impl.RoleInfo (RoleInfo.java:shutdownFollowerState(121)) - 84a51469-6089-434c-9409-be6ecd1b15ae: shutdown FollowerState
2019-09-16 16:55:15,870 [Thread-398] INFO  impl.RaftServerImpl (RaftServerImpl.java:setRole(174)) - 84a51469-6089-434c-9409-be6ecd1b15ae@group-96041FA828FE: changes role from  FOLLOWER to CANDIDATE at term 1 for changeToCandidate
2019-09-16 16:55:15,870 [Thread-398] INFO  impl.RoleInfo (RoleInfo.java:updateAndGet(143)) - 84a51469-6089-434c-9409-be6ecd1b15ae: start LeaderElection
2019-09-16 16:55:15,873 [grpc-default-executor-3] INFO  server.GrpcServerProtocolService (GrpcServerProtocolService.java:onCompleted(113)) - cc439034-f900-459f-93f0-405510d1632e: Completed APPEND_ENTRIES, lastRequest: null
2019-09-16 16:55:15,873 [grpc-default-executor-4] INFO  server.GrpcServerProtocolService (GrpcServerProtocolService.java:onCompleted(113)) - 3debf489-fb8f-44d7-9f14-87ea2202f1a2: Completed APPEND_ENTRIES, lastRequest: null
2019-09-16 16:55:15,879 [grpc-default-executor-3] INFO  server.GrpcLogAppender (GrpcLogAppender.java:onCompleted(293)) - 7977ac3b-0be3-4a37-9fef-39f7814db179@group-A02DD63F7AE6->cc439034-f900-459f-93f0-405510d1632e-AppendLogResponseHandler: follower responses appendEntries COMPLETED
2019-09-16 16:55:15,883 [grpc-default-executor-4] INFO  server.GrpcLogAppender (GrpcLogAppender.java:onCompleted(293)) - 7977ac3b-0be3-4a37-9fef-39f7814db179@group-A02DD63F7AE6->3debf489-fb8f-44d7-9f14-87ea2202f1a2-AppendLogResponseHandler: follower responses appendEntries COMPLETED
2019-09-16 16:55:15,885 [84a51469-6089-434c-9409-be6ecd1b15ae@group-96041FA828FE:LeaderElection23] INFO  impl.LeaderElection (LeaderElection.java:askForVotes(182)) - 84a51469-6089-434c-9409-be6ecd1b15ae@group-96041FA828FE:LeaderElection23: begin an election at term 2 for -1: [84a51469-6089-434c-9409-be6ecd1b15ae:192.168.34.37:37072, ff1392d6-f741-46e8-b06b-d99a585290d3:192.168.34.37:33009, 82d73395-84ed-4f5d-a3d4-b8dc3778e9c8:192.168.34.37:45600], old=null
2019-09-16 16:55:15,885 [grpc-default-executor-3] INFO  impl.FollowerInfo (FollowerInfo.java:lambda$new$0(51)) - 7977ac3b-0be3-4a37-9fef-39f7814db179@group-A02DD63F7AE6->cc439034-f900-459f-93f0-405510d1632e: nextIndex: updateUnconditionally 0 -> 0
2019-09-16 16:55:15,885 [grpc-default-executor-4] INFO  impl.FollowerInfo (FollowerInfo.java:lambda$new$0(51)) - 7977ac3b-0be3-4a37-9fef-39f7814db179@group-A02DD63F7AE6->3debf489-fb8f-44d7-9f14-87ea2202f1a2: nextIndex: updateUnconditionally 0 -> 0
2019-09-16 16:55:15,890 [grpc-default-executor-1] INFO  impl.RaftServerImpl (ServerState.java:setLeader(253)) - 315b4b00-5c1a-4cba-b27d-9eac94437c20@group-A91BA5A7B369: change Leader from null to 2e525942-e927-41dd-97b7-9b9ba8560315 at term 2 for appendEntries, leader elected after 2603ms
2019-09-16 16:55:15,890 [grpc-default-executor-5] INFO  impl.RaftServerImpl (ServerState.java:setLeader(253)) - c232c0ff-9192-4b00-ad60-76b55f03f95e@group-A91BA5A7B369: change Leader from null to 2e525942-e927-41dd-97b7-9b9ba8560315 at term 2 for appendEntries, leader elected after 2603ms
2019-09-16 16:55:15,892 [grpc-default-executor-4] INFO  impl.RaftServerImpl (RaftServerImpl.java:setRole(174)) - ff1392d6-f741-46e8-b06b-d99a585290d3@group-96041FA828FE: changes role from  FOLLOWER to FOLLOWER at term 2 for recognizeCandidate:84a51469-6089-434c-9409-be6ecd1b15ae
2019-09-16 16:55:15,894 [grpc-default-executor-4] INFO  impl.RoleInfo (RoleInfo.java:shutdownFollowerState(121)) - ff1392d6-f741-46e8-b06b-d99a585290d3: shutdown FollowerState
2019-09-16 16:55:15,894 [grpc-default-executor-3] INFO  impl.RaftServerImpl (RaftServerImpl.java:setRole(174)) - 82d73395-84ed-4f5d-a3d4-b8dc3778e9c8@group-96041FA828FE: changes role from  FOLLOWER to FOLLOWER at term 2 for recognizeCandidate:84a51469-6089-434c-9409-be6ecd1b15ae
2019-09-16 16:55:15,895 [Thread-397] INFO  impl.FollowerState (FollowerState.java:run(115)) - ff1392d6-f741-46e8-b06b-d99a585290d3: FollowerState was interrupted: java.lang.InterruptedException: sleep interrupted
2019-09-16 16:55:15,895 [grpc-default-executor-4] INFO  impl.RoleInfo (RoleInfo.java:updateAndGet(143)) - ff1392d6-f741-46e8-b06b-d99a585290d3: start FollowerState
2019-09-16 16:55:15,895 [grpc-default-executor-3] INFO  impl.RoleInfo (RoleInfo.java:shutdownFollowerState(121)) - 82d73395-84ed-4f5d-a3d4-b8dc3778e9c8: shutdown FollowerState
2019-09-16 16:55:15,897 [grpc-default-executor-3] INFO  impl.RoleInfo (RoleInfo.java:updateAndGet(143)) - 82d73395-84ed-4f5d-a3d4-b8dc3778e9c8: start FollowerState
2019-09-16 16:55:15,900 [Thread-396] INFO  impl.FollowerState (FollowerState.java:run(115)) - 82d73395-84ed-4f5d-a3d4-b8dc3778e9c8: FollowerState was interrupted: java.lang.InterruptedException: sleep interrupted
2019-09-16 16:55:15,918 [84a51469-6089-434c-9409-be6ecd1b15ae@group-96041FA828FE:LeaderElection23] INFO  impl.LeaderElection (LeaderElection.java:logAndReturn(56)) - 84a51469-6089-434c-9409-be6ecd1b15ae@group-96041FA828FE:LeaderElection23: Election PASSED; received 1 response(s) [84a51469-6089-434c-9409-be6ecd1b15ae<-ff1392d6-f741-46e8-b06b-d99a585290d3#0:OK-t2] and 0 exception(s); 84a51469-6089-434c-9409-be6ecd1b15ae@group-96041FA828FE:t2, leader=null, voted=84a51469-6089-434c-9409-be6ecd1b15ae, raftlog=84a51469-6089-434c-9409-be6ecd1b15ae@group-96041FA828FE-SegmentedRaftLog:OPENED:c-1,f-1,i0, conf=-1: [84a51469-6089-434c-9409-be6ecd1b15ae:192.168.34.37:37072, ff1392d6-f741-46e8-b06b-d99a585290d3:192.168.34.37:33009, 82d73395-84ed-4f5d-a3d4-b8dc3778e9c8:192.168.34.37:45600], old=null
2019-09-16 16:55:15,918 [84a51469-6089-434c-9409-be6ecd1b15ae@group-96041FA828FE:LeaderElection23] INFO  impl.RoleInfo (RoleInfo.java:shutdownLeaderElection(134)) - 84a51469-6089-434c-9409-be6ecd1b15ae: shutdown LeaderElection
2019-09-16 16:55:15,918 [84a51469-6089-434c-9409-be6ecd1b15ae@group-96041FA828FE:LeaderElection23] INFO  impl.RaftServerImpl (RaftServerImpl.java:setRole(174)) - 84a51469-6089-434c-9409-be6ecd1b15ae@group-96041FA828FE: changes role from CANDIDATE to LEADER at term 2 for changeToLeader
2019-09-16 16:55:15,918 [84a51469-6089-434c-9409-be6ecd1b15ae@group-96041FA828FE:LeaderElection23] INFO  impl.RaftServerImpl (ServerState.java:setLeader(253)) - 84a51469-6089-434c-9409-be6ecd1b15ae@group-96041FA828FE: change Leader from null to 84a51469-6089-434c-9409-be6ecd1b15ae at term 2 for becomeLeader, leader elected after 2396ms
2019-09-16 16:55:15,918 [84a51469-6089-434c-9409-be6ecd1b15ae@group-96041FA828FE:LeaderElection23] INFO  server.RaftServerConfigKeys (ConfUtils.java:logGet(43)) - raft.server.staging.catchup.gap = 1000 (default)
2019-09-16 16:55:15,918 [84a51469-6089-434c-9409-be6ecd1b15ae@group-96041FA828FE:LeaderElection23] INFO  server.RaftServerConfigKeys (ConfUtils.java:logGet(43)) - raft.server.rpc.sleep.time = 25ms (default)
2019-09-16 16:55:15,919 [84a51469-6089-434c-9409-be6ecd1b15ae@group-96041FA828FE:LeaderElection23] INFO  server.RaftServerConfigKeys (ConfUtils.java:logGet(43)) - raft.server.write.element-limit = 4096 (default)
2019-09-16 16:55:15,919 [84a51469-6089-434c-9409-be6ecd1b15ae@group-96041FA828FE:LeaderElection23] INFO  server.RaftServerConfigKeys (ConfUtils.java:logGet(43)) - raft.server.watch.timeout = 10s (default)
2019-09-16 16:55:15,919 [84a51469-6089-434c-9409-be6ecd1b15ae@group-96041FA828FE:LeaderElection23] INFO  server.RaftServerConfigKeys (ConfUtils.java:logGet(43)) - raft.server.watch.timeout.denomination = 1s (default)
2019-09-16 16:55:15,919 [84a51469-6089-434c-9409-be6ecd1b15ae@group-96041FA828FE:LeaderElection23] INFO  server.RaftServerConfigKeys (ConfUtils.java:logGet(43)) - raft.server.watch.element-limit = 65536 (default)
2019-09-16 16:55:15,921 [grpc-default-executor-5] INFO  impl.RaftServerImpl (ServerState.java:setRaftConf(354)) - 315b4b00-5c1a-4cba-b27d-9eac94437c20@group-A91BA5A7B369: set configuration 0: [2e525942-e927-41dd-97b7-9b9ba8560315:192.168.34.37:33333, 315b4b00-5c1a-4cba-b27d-9eac94437c20:192.168.34.37:43197, c232c0ff-9192-4b00-ad60-76b55f03f95e:192.168.34.37:42873], old=null at 0
2019-09-16 16:55:15,923 [84a51469-6089-434c-9409-be6ecd1b15ae@group-96041FA828FE:LeaderElection23] INFO  server.RaftServerConfigKeys (ConfUtils.java:logGet(43)) - raft.server.log.appender.snapshot.chunk.size.max = 16MB (=16777216) (default)
2019-09-16 16:55:15,923 [grpc-default-executor-4] INFO  impl.RaftServerImpl (ServerState.java:setRaftConf(354)) - c232c0ff-9192-4b00-ad60-76b55f03f95e@group-A91BA5A7B369: set configuration 0: [2e525942-e927-41dd-97b7-9b9ba8560315:192.168.34.37:33333, 315b4b00-5c1a-4cba-b27d-9eac94437c20:192.168.34.37:43197, c232c0ff-9192-4b00-ad60-76b55f03f95e:192.168.34.37:42873], old=null at 0
2019-09-16 16:55:15,923 [84a51469-6089-434c-9409-be6ecd1b15ae@group-96041FA828FE:LeaderElection23] INFO  server.RaftServerConfigKeys (ConfUtils.java:logGet(43)) - raft.server.log.appender.buffer.byte-limit = 33554432 (custom)
2019-09-16 16:55:15,923 [grpc-default-executor-5] INFO  segmented.SegmentedRaftLogWorker (SegmentedRaftLogWorker.java:startLogSegment(380)) - 315b4b00-5c1a-4cba-b27d-9eac94437c20@group-A91BA5A7B369-SegmentedRaftLogWorker: Starting segment from index:0
2019-09-16 16:55:15,923 [84a51469-6089-434c-9409-be6ecd1b15ae@group-96041FA828FE:LeaderElection23] INFO  server.RaftServerConfigKeys (ConfUtils.java:logGet(43)) - raft.server.log.appender.buffer.element-limit = 1 (custom)
2019-09-16 16:55:15,923 [grpc-default-executor-4] INFO  segmented.SegmentedRaftLogWorker (SegmentedRaftLogWorker.java:startLogSegment(380)) - c232c0ff-9192-4b00-ad60-76b55f03f95e@group-A91BA5A7B369-SegmentedRaftLogWorker: Starting segment from index:0
2019-09-16 16:55:15,924 [84a51469-6089-434c-9409-be6ecd1b15ae@group-96041FA828FE:LeaderElection23] INFO  grpc.GrpcConfigKeys$Server (ConfUtils.java:logGet(43)) - raft.grpc.server.leader.outstanding.appends.max = 128 (default)
2019-09-16 16:55:15,924 [84a51469-6089-434c-9409-be6ecd1b15ae@group-96041FA828FE:LeaderElection23] INFO  server.RaftServerConfigKeys (ConfUtils.java:logGet(43)) - raft.server.rpc.request.timeout = 3000ms (default)
2019-09-16 16:55:15,924 [84a51469-6089-434c-9409-be6ecd1b15ae@group-96041FA828FE:LeaderElection23] INFO  server.RaftServerConfigKeys (ConfUtils.java:logGet(43)) - raft.server.log.appender.install.snapshot.enabled = false (custom)
2019-09-16 16:55:15,924 [84a51469-6089-434c-9409-be6ecd1b15ae@group-96041FA828FE:LeaderElection23] INFO  server.RaftServerConfigKeys (ConfUtils.java:logGet(43)) - raft.server.log.appender.snapshot.chunk.size.max = 16MB (=16777216) (default)
2019-09-16 16:55:15,924 [84a51469-6089-434c-9409-be6ecd1b15ae@group-96041FA828FE:LeaderElection23] INFO  server.RaftServerConfigKeys (ConfUtils.java:logGet(43)) - raft.server.log.appender.buffer.byte-limit = 33554432 (custom)
2019-09-16 16:55:15,925 [84a51469-6089-434c-9409-be6ecd1b15ae@group-96041FA828FE:LeaderElection23] INFO  server.RaftServerConfigKeys (ConfUtils.java:logGet(43)) - raft.server.log.appender.buffer.element-limit = 1 (custom)
2019-09-16 16:55:15,925 [84a51469-6089-434c-9409-be6ecd1b15ae@group-96041FA828FE:LeaderElection23] INFO  grpc.GrpcConfigKeys$Server (ConfUtils.java:logGet(43)) - raft.grpc.server.leader.outstanding.appends.max = 128 (default)
2019-09-16 16:55:15,925 [84a51469-6089-434c-9409-be6ecd1b15ae@group-96041FA828FE:LeaderElection23] INFO  server.RaftServerConfigKeys (ConfUtils.java:logGet(43)) - raft.server.rpc.request.timeout = 3000ms (default)
2019-09-16 16:55:15,925 [84a51469-6089-434c-9409-be6ecd1b15ae@group-96041FA828FE:LeaderElection23] INFO  server.RaftServerConfigKeys (ConfUtils.java:logGet(43)) - raft.server.log.appender.install.snapshot.enabled = false (custom)
2019-09-16 16:55:15,925 [84a51469-6089-434c-9409-be6ecd1b15ae@group-96041FA828FE:LeaderElection23] INFO  impl.RoleInfo (RoleInfo.java:updateAndGet(143)) - 84a51469-6089-434c-9409-be6ecd1b15ae: start LeaderState
2019-09-16 16:55:15,925 [84a51469-6089-434c-9409-be6ecd1b15ae@group-96041FA828FE:LeaderElection23] INFO  segmented.SegmentedRaftLogWorker (SegmentedRaftLogWorker.java:startLogSegment(380)) - 84a51469-6089-434c-9409-be6ecd1b15ae@group-96041FA828FE-SegmentedRaftLogWorker: Starting segment from index:0
2019-09-16 16:55:15,926 [84a51469-6089-434c-9409-be6ecd1b15ae@group-96041FA828FE:LeaderElection23] INFO  impl.RaftServerImpl (ServerState.java:setRaftConf(354)) - 84a51469-6089-434c-9409-be6ecd1b15ae@group-96041FA828FE: set configuration 0: [84a51469-6089-434c-9409-be6ecd1b15ae:192.168.34.37:37072, ff1392d6-f741-46e8-b06b-d99a585290d3:192.168.34.37:33009, 82d73395-84ed-4f5d-a3d4-b8dc3778e9c8:192.168.34.37:45600], old=null at 0
2019-09-16 16:55:15,928 [grpc-default-executor-5] INFO  impl.RaftServerImpl (ServerState.java:setLeader(253)) - ff1392d6-f741-46e8-b06b-d99a585290d3@group-96041FA828FE: change Leader from null to 84a51469-6089-434c-9409-be6ecd1b15ae at term 2 for appendEntries, leader elected after 2407ms
2019-09-16 16:55:15,928 [grpc-default-executor-4] INFO  impl.RaftServerImpl (ServerState.java:setLeader(253)) - 82d73395-84ed-4f5d-a3d4-b8dc3778e9c8@group-96041FA828FE: change Leader from null to 84a51469-6089-434c-9409-be6ecd1b15ae at term 2 for appendEntries, leader elected after 2406ms
2019-09-16 16:55:15,962 [grpc-default-executor-4] INFO  impl.RaftServerImpl (ServerState.java:setRaftConf(354)) - 82d73395-84ed-4f5d-a3d4-b8dc3778e9c8@group-96041FA828FE: set configuration 0: [84a51469-6089-434c-9409-be6ecd1b15ae:192.168.34.37:37072, ff1392d6-f741-46e8-b06b-d99a585290d3:192.168.34.37:33009, 82d73395-84ed-4f5d-a3d4-b8dc3778e9c8:192.168.34.37:45600], old=null at 0
2019-09-16 16:55:15,962 [grpc-default-executor-5] INFO  impl.RaftServerImpl (ServerState.java:setRaftConf(354)) - ff1392d6-f741-46e8-b06b-d99a585290d3@group-96041FA828FE: set configuration 0: [84a51469-6089-434c-9409-be6ecd1b15ae:192.168.34.37:37072, ff1392d6-f741-46e8-b06b-d99a585290d3:192.168.34.37:33009, 82d73395-84ed-4f5d-a3d4-b8dc3778e9c8:192.168.34.37:45600], old=null at 0
2019-09-16 16:55:15,963 [grpc-default-executor-4] INFO  segmented.SegmentedRaftLogWorker (SegmentedRaftLogWorker.java:startLogSegment(380)) - 82d73395-84ed-4f5d-a3d4-b8dc3778e9c8@group-96041FA828FE-SegmentedRaftLogWorker: Starting segment from index:0
2019-09-16 16:55:15,963 [grpc-default-executor-5] INFO  segmented.SegmentedRaftLogWorker (SegmentedRaftLogWorker.java:startLogSegment(380)) - ff1392d6-f741-46e8-b06b-d99a585290d3@group-96041FA828FE-SegmentedRaftLogWorker: Starting segment from index:0
2019-09-16 16:55:15,973 [84a51469-6089-434c-9409-be6ecd1b15ae@group-96041FA828FE-SegmentedRaftLogWorker] INFO  segmented.SegmentedRaftLogWorker (SegmentedRaftLogWorker.java:execute(569)) - 84a51469-6089-434c-9409-be6ecd1b15ae@group-96041FA828FE-SegmentedRaftLogWorker: created new log segment /workdir/hadoop-ozone/integration-test/target/test-dir/MiniOzoneClusterImpl-df60ebb5-d9ce-4d7d-8dc8-039b243d66da/datanode-9/data/ratis/d2c78f41-34e3-4523-be1a-96041fa828fe/current/log_inprogress_0
2019-09-16 16:55:15,973 [c232c0ff-9192-4b00-ad60-76b55f03f95e@group-A91BA5A7B369-SegmentedRaftLogWorker] INFO  segmented.SegmentedRaftLogWorker (SegmentedRaftLogWorker.java:execute(569)) - c232c0ff-9192-4b00-ad60-76b55f03f95e@group-A91BA5A7B369-SegmentedRaftLogWorker: created new log segment /workdir/hadoop-ozone/integration-test/target/test-dir/MiniOzoneClusterImpl-df60ebb5-d9ce-4d7d-8dc8-039b243d66da/datanode-7/data/ratis/2930b6d6-5a9e-418f-ba71-a91ba5a7b369/current/log_inprogress_0
2019-09-16 16:55:15,973 [315b4b00-5c1a-4cba-b27d-9eac94437c20@group-A91BA5A7B369-SegmentedRaftLogWorker] INFO  segmented.SegmentedRaftLogWorker (SegmentedRaftLogWorker.java:execute(569)) - 315b4b00-5c1a-4cba-b27d-9eac94437c20@group-A91BA5A7B369-SegmentedRaftLogWorker: created new log segment /workdir/hadoop-ozone/integration-test/target/test-dir/MiniOzoneClusterImpl-df60ebb5-d9ce-4d7d-8dc8-039b243d66da/datanode-6/data/ratis/2930b6d6-5a9e-418f-ba71-a91ba5a7b369/current/log_inprogress_0
2019-09-16 16:55:16,004 [ff1392d6-f741-46e8-b06b-d99a585290d3@group-96041FA828FE-SegmentedRaftLogWorker] INFO  segmented.SegmentedRaftLogWorker (SegmentedRaftLogWorker.java:execute(569)) - ff1392d6-f741-46e8-b06b-d99a585290d3@group-96041FA828FE-SegmentedRaftLogWorker: created new log segment /workdir/hadoop-ozone/integration-test/target/test-dir/MiniOzoneClusterImpl-df60ebb5-d9ce-4d7d-8dc8-039b243d66da/datanode-8/data/ratis/d2c78f41-34e3-4523-be1a-96041fa828fe/current/log_inprogress_0
2019-09-16 16:55:16,004 [82d73395-84ed-4f5d-a3d4-b8dc3778e9c8@group-96041FA828FE-SegmentedRaftLogWorker] INFO  segmented.SegmentedRaftLogWorker (SegmentedRaftLogWorker.java:execute(569)) - 82d73395-84ed-4f5d-a3d4-b8dc3778e9c8@group-96041FA828FE-SegmentedRaftLogWorker: created new log segment /workdir/hadoop-ozone/integration-test/target/test-dir/MiniOzoneClusterImpl-df60ebb5-d9ce-4d7d-8dc8-039b243d66da/datanode-0/data/ratis/d2c78f41-34e3-4523-be1a-96041fa828fe/current/log_inprogress_0
2019-09-16 16:55:16,157 [grpc-default-executor-4] INFO  client.GrpcClientProtocolClient (GrpcClientProtocolClient.java:onNext(264)) - client-59284F2D283B->315b4b00-5c1a-4cba-b27d-9eac94437c20: receive RaftClientReply:client-59284F2D283B->315b4b00-5c1a-4cba-b27d-9eac94437c20@group-A91BA5A7B369, cid=19, FAILED org.apache.ratis.protocol.NotLeaderException: Server 315b4b00-5c1a-4cba-b27d-9eac94437c20@group-A91BA5A7B369 is not the leader 2e525942-e927-41dd-97b7-9b9ba8560315:192.168.34.37:33333, logIndex=0, commits[315b4b00-5c1a-4cba-b27d-9eac94437c20:c0, 2e525942-e927-41dd-97b7-9b9ba8560315:c0, c232c0ff-9192-4b00-ad60-76b55f03f95e:c-1]
2019-09-16 16:55:16,491 [grpc-default-executor-5] INFO  client.GrpcClientProtocolClient (GrpcClientProtocolClient.java:onNext(264)) - client-59284F2D283B->2e525942-e927-41dd-97b7-9b9ba8560315: receive RaftClientReply:client-59284F2D283B->2e525942-e927-41dd-97b7-9b9ba8560315@group-A91BA5A7B369, cid=19, SUCCESS, logIndex=1, commits[2e525942-e927-41dd-97b7-9b9ba8560315:c1, 315b4b00-5c1a-4cba-b27d-9eac94437c20:c0, c232c0ff-9192-4b00-ad60-76b55f03f95e:c0]
2019-09-16 16:55:16,594 [grpc-default-executor-3] INFO  client.GrpcClientProtocolClient (GrpcClientProtocolClient.java:onNext(264)) - client-59284F2D283B->2e525942-e927-41dd-97b7-9b9ba8560315: receive RaftClientReply:client-59284F2D283B->2e525942-e927-41dd-97b7-9b9ba8560315@group-A91BA5A7B369, cid=20, SUCCESS, logIndex=3, commits[2e525942-e927-41dd-97b7-9b9ba8560315:c8, 315b4b00-5c1a-4cba-b27d-9eac94437c20:c6, c232c0ff-9192-4b00-ad60-76b55f03f95e:c6]
2019-09-16 16:55:16,605 [grpc-default-executor-3] INFO  client.GrpcClientProtocolClient (GrpcClientProtocolClient.java:onNext(264)) - client-59284F2D283B->2e525942-e927-41dd-97b7-9b9ba8560315: receive RaftClientReply:client-59284F2D283B->2e525942-e927-41dd-97b7-9b9ba8560315@group-A91BA5A7B369, cid=21, SUCCESS, logIndex=4, commits[2e525942-e927-41dd-97b7-9b9ba8560315:c8, 315b4b00-5c1a-4cba-b27d-9eac94437c20:c6, c232c0ff-9192-4b00-ad60-76b55f03f95e:c6]
2019-09-16 16:55:16,663 [grpc-default-executor-3] INFO  client.GrpcClientProtocolClient (GrpcClientProtocolClient.java:onNext(264)) - client-59284F2D283B->2e525942-e927-41dd-97b7-9b9ba8560315: receive RaftClientReply:client-59284F2D283B->2e525942-e927-41dd-97b7-9b9ba8560315@group-A91BA5A7B369, cid=22, SUCCESS, logIndex=5, commits[2e525942-e927-41dd-97b7-9b9ba8560315:c8, 315b4b00-5c1a-4cba-b27d-9eac94437c20:c6, c232c0ff-9192-4b00-ad60-76b55f03f95e:c6]
2019-09-16 16:55:16,721 [grpc-default-executor-5] INFO  client.GrpcClientProtocolClient (GrpcClientProtocolClient.java:onNext(264)) - client-59284F2D283B->2e525942-e927-41dd-97b7-9b9ba8560315: receive RaftClientReply:client-59284F2D283B->2e525942-e927-41dd-97b7-9b9ba8560315@group-A91BA5A7B369, cid=23, SUCCESS, logIndex=9, commits[2e525942-e927-41dd-97b7-9b9ba8560315:c10, 315b4b00-5c1a-4cba-b27d-9eac94437c20:c8, c232c0ff-9192-4b00-ad60-76b55f03f95e:c8]
2019-09-16 16:55:16,726 [grpc-default-executor-3] INFO  client.GrpcClientProtocolClient (GrpcClientProtocolClient.java:onNext(264)) - client-59284F2D283B->2e525942-e927-41dd-97b7-9b9ba8560315: receive RaftClientReply:client-59284F2D283B->2e525942-e927-41dd-97b7-9b9ba8560315@group-A91BA5A7B369, cid=24, SUCCESS, logIndex=10, commits[2e525942-e927-41dd-97b7-9b9ba8560315:c12, 315b4b00-5c1a-4cba-b27d-9eac94437c20:c8, c232c0ff-9192-4b00-ad60-76b55f03f95e:c8]
2019-09-16 16:55:16,729 [grpc-default-executor-3] INFO  client.GrpcClientProtocolClient (GrpcClientProtocolClient.java:onNext(264)) - client-59284F2D283B->2e525942-e927-41dd-97b7-9b9ba8560315: receive RaftClientReply:client-59284F2D283B->2e525942-e927-41dd-97b7-9b9ba8560315@group-A91BA5A7B369, cid=25, SUCCESS, logIndex=11, commits[2e525942-e927-41dd-97b7-9b9ba8560315:c12, 315b4b00-5c1a-4cba-b27d-9eac94437c20:c8, c232c0ff-9192-4b00-ad60-76b55f03f95e:c8]
2019-09-16 16:55:16,730 [grpc-default-executor-3] INFO  client.GrpcClientProtocolClient (GrpcClientProtocolClient.java:onNext(264)) - client-59284F2D283B->2e525942-e927-41dd-97b7-9b9ba8560315: receive RaftClientReply:client-59284F2D283B->2e525942-e927-41dd-97b7-9b9ba8560315@group-A91BA5A7B369, cid=26, SUCCESS, logIndex=12, commits[2e525942-e927-41dd-97b7-9b9ba8560315:c14, 315b4b00-5c1a-4cba-b27d-9eac94437c20:c9, c232c0ff-9192-4b00-ad60-76b55f03f95e:c10]
2019-09-16 16:55:16,760 [grpc-default-executor-3] INFO  client.GrpcClientProtocolClient (GrpcClientProtocolClient.java:onNext(264)) - client-59284F2D283B->2e525942-e927-41dd-97b7-9b9ba8560315: receive RaftClientReply:client-59284F2D283B->2e525942-e927-41dd-97b7-9b9ba8560315@group-A91BA5A7B369, cid=27, SUCCESS, logIndex=0, commits[2e525942-e927-41dd-97b7-9b9ba8560315:c16, 315b4b00-5c1a-4cba-b27d-9eac94437c20:c12, c232c0ff-9192-4b00-ad60-76b55f03f95e:c12]
2019-09-16 16:55:16,766 [grpc-default-executor-3] INFO  client.GrpcClientProtocolClient (GrpcClientProtocolClient.java:onNext(264)) - client-59284F2D283B->2e525942-e927-41dd-97b7-9b9ba8560315: receive RaftClientReply:client-59284F2D283B->2e525942-e927-41dd-97b7-9b9ba8560315@group-A91BA5A7B369, cid=28, SUCCESS, logIndex=0, commits[2e525942-e927-41dd-97b7-9b9ba8560315:c16, 315b4b00-5c1a-4cba-b27d-9eac94437c20:c12, c232c0ff-9192-4b00-ad60-76b55f03f95e:c12]
2019-09-16 16:55:16,820 [Thread-410] INFO  impl.FollowerState (FollowerState.java:run(106)) - 3debf489-fb8f-44d7-9f14-87ea2202f1a2:group-A02DD63F7AE6 changes to CANDIDATE, lastRpcTime:1100, electionTimeout:1100ms
2019-09-16 16:55:16,821 [Thread-410] INFO  impl.RoleInfo (RoleInfo.java:shutdownFollowerState(121)) - 3debf489-fb8f-44d7-9f14-87ea2202f1a2: shutdown FollowerState
2019-09-16 16:55:16,821 [Thread-410] INFO  impl.RaftServerImpl (RaftServerImpl.java:setRole(174)) - 3debf489-fb8f-44d7-9f14-87ea2202f1a2@group-A02DD63F7AE6: changes role from  FOLLOWER to CANDIDATE at term 3 for changeToCandidate
2019-09-16 16:55:16,821 [Thread-410] INFO  impl.RoleInfo (RoleInfo.java:updateAndGet(143)) - 3debf489-fb8f-44d7-9f14-87ea2202f1a2: start LeaderElection
2019-09-16 16:55:16,831 [3debf489-fb8f-44d7-9f14-87ea2202f1a2@group-A02DD63F7AE6:LeaderElection24] INFO  impl.LeaderElection (LeaderElection.java:askForVotes(182)) - 3debf489-fb8f-44d7-9f14-87ea2202f1a2@group-A02DD63F7AE6:LeaderElection24: begin an election at term 4 for -1: [cc439034-f900-459f-93f0-405510d1632e:192.168.34.37:33217, 7977ac3b-0be3-4a37-9fef-39f7814db179:192.168.34.37:39944, 3debf489-fb8f-44d7-9f14-87ea2202f1a2:192.168.34.37:46057], old=null
2019-09-16 16:55:16,833 [grpc-default-executor-3] INFO  impl.RaftServerImpl (RaftServerImpl.java:setRole(174)) - cc439034-f900-459f-93f0-405510d1632e@group-A02DD63F7AE6: changes role from  FOLLOWER to FOLLOWER at term 4 for recognizeCandidate:3debf489-fb8f-44d7-9f14-87ea2202f1a2
2019-09-16 16:55:16,834 [grpc-default-executor-3] INFO  impl.RoleInfo (RoleInfo.java:shutdownFollowerState(121)) - cc439034-f900-459f-93f0-405510d1632e: shutdown FollowerState
2019-09-16 16:55:16,834 [grpc-default-executor-3] INFO  impl.RoleInfo (RoleInfo.java:updateAndGet(143)) - cc439034-f900-459f-93f0-405510d1632e: start FollowerState
2019-09-16 16:55:16,834 [Thread-419] INFO  impl.FollowerState (FollowerState.java:run(115)) - cc439034-f900-459f-93f0-405510d1632e: FollowerState was interrupted: java.lang.InterruptedException: sleep interrupted
2019-09-16 16:55:16,837 [grpc-default-executor-5] INFO  impl.RaftServerImpl (RaftServerImpl.java:setRole(174)) - 7977ac3b-0be3-4a37-9fef-39f7814db179@group-A02DD63F7AE6: changes role from  FOLLOWER to FOLLOWER at term 4 for recognizeCandidate:3debf489-fb8f-44d7-9f14-87ea2202f1a2
2019-09-16 16:55:16,837 [grpc-default-executor-5] INFO  impl.RoleInfo (RoleInfo.java:shutdownFollowerState(121)) - 7977ac3b-0be3-4a37-9fef-39f7814db179: shutdown FollowerState
2019-09-16 16:55:16,837 [grpc-default-executor-5] INFO  impl.RoleInfo (RoleInfo.java:updateAndGet(143)) - 7977ac3b-0be3-4a37-9fef-39f7814db179: start FollowerState
2019-09-16 16:55:16,837 [Thread-424] INFO  impl.FollowerState (FollowerState.java:run(115)) - 7977ac3b-0be3-4a37-9fef-39f7814db179: FollowerState was interrupted: java.lang.InterruptedException: sleep interrupted
2019-09-16 16:55:16,853 [3debf489-fb8f-44d7-9f14-87ea2202f1a2@group-A02DD63F7AE6:LeaderElection24] INFO  impl.LeaderElection (LeaderElection.java:logAndReturn(56)) - 3debf489-fb8f-44d7-9f14-87ea2202f1a2@group-A02DD63F7AE6:LeaderElection24: Election PASSED; received 2 response(s) [3debf489-fb8f-44d7-9f14-87ea2202f1a2<-cc439034-f900-459f-93f0-405510d1632e#0:OK-t4, 3debf489-fb8f-44d7-9f14-87ea2202f1a2<-7977ac3b-0be3-4a37-9fef-39f7814db179#0:FAIL-t4] and 0 exception(s); 3debf489-fb8f-44d7-9f14-87ea2202f1a2@group-A02DD63F7AE6:t4, leader=null, voted=3debf489-fb8f-44d7-9f14-87ea2202f1a2, raftlog=3debf489-fb8f-44d7-9f14-87ea2202f1a2@group-A02DD63F7AE6-SegmentedRaftLog:OPENED:c-1,f-1,i0, conf=-1: [cc439034-f900-459f-93f0-405510d1632e:192.168.34.37:33217, 7977ac3b-0be3-4a37-9fef-39f7814db179:192.168.34.37:39944, 3debf489-fb8f-44d7-9f14-87ea2202f1a2:192.168.34.37:46057], old=null
2019-09-16 16:55:16,853 [3debf489-fb8f-44d7-9f14-87ea2202f1a2@group-A02DD63F7AE6:LeaderElection24] INFO  impl.RoleInfo (RoleInfo.java:shutdownLeaderElection(134)) - 3debf489-fb8f-44d7-9f14-87ea2202f1a2: shutdown LeaderElection
2019-09-16 16:55:16,853 [3debf489-fb8f-44d7-9f14-87ea2202f1a2@group-A02DD63F7AE6:LeaderElection24] INFO  impl.RaftServerImpl (RaftServerImpl.java:setRole(174)) - 3debf489-fb8f-44d7-9f14-87ea2202f1a2@group-A02DD63F7AE6: changes role from CANDIDATE to LEADER at term 4 for changeToLeader
2019-09-16 16:55:16,853 [3debf489-fb8f-44d7-9f14-87ea2202f1a2@group-A02DD63F7AE6:LeaderElection24] INFO  impl.RaftServerImpl (ServerState.java:setLeader(253)) - 3debf489-fb8f-44d7-9f14-87ea2202f1a2@group-A02DD63F7AE6: change Leader from null to 3debf489-fb8f-44d7-9f14-87ea2202f1a2 at term 4 for becomeLeader, leader elected after 3695ms
2019-09-16 16:55:16,853 [3debf489-fb8f-44d7-9f14-87ea2202f1a2@group-A02DD63F7AE6:LeaderElection24] INFO  server.RaftServerConfigKeys (ConfUtils.java:logGet(43)) - raft.server.staging.catchup.gap = 1000 (default)
2019-09-16 16:55:16,854 [3debf489-fb8f-44d7-9f14-87ea2202f1a2@group-A02DD63F7AE6:LeaderElection24] INFO  server.RaftServerConfigKeys (ConfUtils.java:logGet(43)) - raft.server.rpc.sleep.time = 25ms (default)
2019-09-16 16:55:16,854 [3debf489-fb8f-44d7-9f14-87ea2202f1a2@group-A02DD63F7AE6:LeaderElection24] INFO  server.RaftServerConfigKeys (ConfUtils.java:logGet(43)) - raft.server.write.element-limit = 4096 (default)
2019-09-16 16:55:16,854 [3debf489-fb8f-44d7-9f14-87ea2202f1a2@group-A02DD63F7AE6:LeaderElection24] INFO  server.RaftServerConfigKeys (ConfUtils.java:logGet(43)) - raft.server.watch.timeout = 10s (default)
2019-09-16 16:55:16,854 [3debf489-fb8f-44d7-9f14-87ea2202f1a2@group-A02DD63F7AE6:LeaderElection24] INFO  server.RaftServerConfigKeys (ConfUtils.java:logGet(43)) - raft.server.watch.timeout.denomination = 1s (default)
2019-09-16 16:55:16,854 [3debf489-fb8f-44d7-9f14-87ea2202f1a2@group-A02DD63F7AE6:LeaderElection24] INFO  server.RaftServerConfigKeys (ConfUtils.java:logGet(43)) - raft.server.watch.element-limit = 65536 (default)
2019-09-16 16:55:16,856 [3debf489-fb8f-44d7-9f14-87ea2202f1a2@group-A02DD63F7AE6:LeaderElection24] INFO  server.RaftServerConfigKeys (ConfUtils.java:logGet(43)) - raft.server.log.appender.snapshot.chunk.size.max = 16MB (=16777216) (default)
2019-09-16 16:55:16,856 [3debf489-fb8f-44d7-9f14-87ea2202f1a2@group-A02DD63F7AE6:LeaderElection24] INFO  server.RaftServerConfigKeys (ConfUtils.java:logGet(43)) - raft.server.log.appender.buffer.byte-limit = 33554432 (custom)
2019-09-16 16:55:16,856 [3debf489-fb8f-44d7-9f14-87ea2202f1a2@group-A02DD63F7AE6:LeaderElection24] INFO  server.RaftServerConfigKeys (ConfUtils.java:logGet(43)) - raft.server.log.appender.buffer.element-limit = 1 (custom)
2019-09-16 16:55:16,856 [3debf489-fb8f-44d7-9f14-87ea2202f1a2@group-A02DD63F7AE6:LeaderElection24] INFO  grpc.GrpcConfigKeys$Server (ConfUtils.java:logGet(43)) - raft.grpc.server.leader.outstanding.appends.max = 128 (default)
2019-09-16 16:55:16,856 [3debf489-fb8f-44d7-9f14-87ea2202f1a2@group-A02DD63F7AE6:LeaderElection24] INFO  server.RaftServerConfigKeys (ConfUtils.java:logGet(43)) - raft.server.rpc.request.timeout = 3000ms (default)
2019-09-16 16:55:16,856 [3debf489-fb8f-44d7-9f14-87ea2202f1a2@group-A02DD63F7AE6:LeaderElection24] INFO  server.RaftServerConfigKeys (ConfUtils.java:logGet(43)) - raft.server.log.appender.install.snapshot.enabled = false (custom)
2019-09-16 16:55:16,857 [3debf489-fb8f-44d7-9f14-87ea2202f1a2@group-A02DD63F7AE6:LeaderElection24] INFO  server.RaftServerConfigKeys (ConfUtils.java:logGet(43)) - raft.server.log.appender.snapshot.chunk.size.max = 16MB (=16777216) (default)
2019-09-16 16:55:16,857 [3debf489-fb8f-44d7-9f14-87ea2202f1a2@group-A02DD63F7AE6:LeaderElection24] INFO  server.RaftServerConfigKeys (ConfUtils.java:logGet(43)) - raft.server.log.appender.buffer.byte-limit = 33554432 (custom)
2019-09-16 16:55:16,857 [3debf489-fb8f-44d7-9f14-87ea2202f1a2@group-A02DD63F7AE6:LeaderElection24] INFO  server.RaftServerConfigKeys (ConfUtils.java:logGet(43)) - raft.server.log.appender.buffer.element-limit = 1 (custom)
2019-09-16 16:55:16,857 [3debf489-fb8f-44d7-9f14-87ea2202f1a2@group-A02DD63F7AE6:LeaderElection24] INFO  grpc.GrpcConfigKeys$Server (ConfUtils.java:logGet(43)) - raft.grpc.server.leader.outstanding.appends.max = 128 (default)
2019-09-16 16:55:16,857 [3debf489-fb8f-44d7-9f14-87ea2202f1a2@group-A02DD63F7AE6:LeaderElection24] INFO  server.RaftServerConfigKeys (ConfUtils.java:logGet(43)) - raft.server.rpc.request.timeout = 3000ms (default)
2019-09-16 16:55:16,857 [3debf489-fb8f-44d7-9f14-87ea2202f1a2@group-A02DD63F7AE6:LeaderElection24] INFO  server.RaftServerConfigKeys (ConfUtils.java:logGet(43)) - raft.server.log.appender.install.snapshot.enabled = false (custom)
2019-09-16 16:55:16,857 [3debf489-fb8f-44d7-9f14-87ea2202f1a2@group-A02DD63F7AE6:LeaderElection24] INFO  impl.RoleInfo (RoleInfo.java:updateAndGet(143)) - 3debf489-fb8f-44d7-9f14-87ea2202f1a2: start LeaderState
2019-09-16 16:55:16,858 [3debf489-fb8f-44d7-9f14-87ea2202f1a2@group-A02DD63F7AE6:LeaderElection24] INFO  segmented.SegmentedRaftLogWorker (SegmentedRaftLogWorker.java:startLogSegment(380)) - 3debf489-fb8f-44d7-9f14-87ea2202f1a2@group-A02DD63F7AE6-SegmentedRaftLogWorker: Starting segment from index:0
2019-09-16 16:55:16,858 [3debf489-fb8f-44d7-9f14-87ea2202f1a2@group-A02DD63F7AE6:LeaderElection24] INFO  impl.RaftServerImpl (ServerState.java:setRaftConf(354)) - 3debf489-fb8f-44d7-9f14-87ea2202f1a2@group-A02DD63F7AE6: set configuration 0: [cc439034-f900-459f-93f0-405510d1632e:192.168.34.37:33217, 7977ac3b-0be3-4a37-9fef-39f7814db179:192.168.34.37:39944, 3debf489-fb8f-44d7-9f14-87ea2202f1a2:192.168.34.37:46057], old=null at 0
2019-09-16 16:55:16,860 [grpc-default-executor-3] INFO  impl.RaftServerImpl (ServerState.java:setLeader(253)) - 7977ac3b-0be3-4a37-9fef-39f7814db179@group-A02DD63F7AE6: change Leader from null to 3debf489-fb8f-44d7-9f14-87ea2202f1a2 at term 4 for appendEntries, leader elected after 1068ms
2019-09-16 16:55:16,860 [grpc-default-executor-5] INFO  impl.RaftServerImpl (ServerState.java:setLeader(253)) - cc439034-f900-459f-93f0-405510d1632e@group-A02DD63F7AE6: change Leader from null to 3debf489-fb8f-44d7-9f14-87ea2202f1a2 at term 4 for appendEntries, leader elected after 3701ms
2019-09-16 16:55:16,891 [grpc-default-executor-5] INFO  impl.RaftServerImpl (ServerState.java:setRaftConf(354)) - 7977ac3b-0be3-4a37-9fef-39f7814db179@group-A02DD63F7AE6: set configuration 0: [cc439034-f900-459f-93f0-405510d1632e:192.168.34.37:33217, 7977ac3b-0be3-4a37-9fef-39f7814db179:192.168.34.37:39944, 3debf489-fb8f-44d7-9f14-87ea2202f1a2:192.168.34.37:46057], old=null at 0
2019-09-16 16:55:16,891 [grpc-default-executor-3] INFO  impl.RaftServerImpl (ServerState.java:setRaftConf(354)) - cc439034-f900-459f-93f0-405510d1632e@group-A02DD63F7AE6: set configuration 0: [cc439034-f900-459f-93f0-405510d1632e:192.168.34.37:33217, 7977ac3b-0be3-4a37-9fef-39f7814db179:192.168.34.37:39944, 3debf489-fb8f-44d7-9f14-87ea2202f1a2:192.168.34.37:46057], old=null at 0
2019-09-16 16:55:16,892 [grpc-default-executor-3] INFO  segmented.SegmentedRaftLogWorker (SegmentedRaftLogWorker.java:startLogSegment(380)) - cc439034-f900-459f-93f0-405510d1632e@group-A02DD63F7AE6-SegmentedRaftLogWorker: Starting segment from index:0
2019-09-16 16:55:16,895 [grpc-default-executor-5] INFO  segmented.SegmentedRaftLogWorker (SegmentedRaftLogWorker.java:truncate(396)) - 7977ac3b-0be3-4a37-9fef-39f7814db179@group-A02DD63F7AE6-SegmentedRaftLogWorker: Truncating segments toTruncate: null
  toDelete: [(0, 0) isOpen? true, length=0, newEndIndex=-1], start index 0
2019-09-16 16:55:16,896 [grpc-default-executor-5] INFO  segmented.SegmentedRaftLogWorker (SegmentedRaftLogWorker.java:startLogSegment(380)) - 7977ac3b-0be3-4a37-9fef-39f7814db179@group-A02DD63F7AE6-SegmentedRaftLogWorker: Starting segment from index:0
2019-09-16 16:55:16,898 [7977ac3b-0be3-4a37-9fef-39f7814db179@group-A02DD63F7AE6-SegmentedRaftLogWorker] INFO  segmented.SegmentedRaftLogWorker (SegmentedRaftLogWorker.java:execute(633)) - 7977ac3b-0be3-4a37-9fef-39f7814db179@group-A02DD63F7AE6-SegmentedRaftLogWorker: Deleted log file /workdir/hadoop-ozone/integration-test/target/test-dir/MiniOzoneClusterImpl-df60ebb5-d9ce-4d7d-8dc8-039b243d66da/datanode-5/data/ratis/cfc93d4e-2a62-452a-b3f1-a02dd63f7ae6/current/log_inprogress_0
2019-09-16 16:55:16,898 [7977ac3b-0be3-4a37-9fef-39f7814db179@group-A02DD63F7AE6-SegmentedRaftLogWorker] INFO  segmented.SegmentedRaftLogWorker (SegmentedRaftLogWorker.java:lambda$new$0(132)) - 7977ac3b-0be3-4a37-9fef-39f7814db179@group-A02DD63F7AE6-SegmentedRaftLogWorker: flushIndex: setUnconditionally 0 -> -1
2019-09-16 16:55:16,914 [3debf489-fb8f-44d7-9f14-87ea2202f1a2@group-A02DD63F7AE6-SegmentedRaftLogWorker] INFO  segmented.SegmentedRaftLogWorker (SegmentedRaftLogWorker.java:execute(569)) - 3debf489-fb8f-44d7-9f14-87ea2202f1a2@group-A02DD63F7AE6-SegmentedRaftLogWorker: created new log segment /workdir/hadoop-ozone/integration-test/target/test-dir/MiniOzoneClusterImpl-df60ebb5-d9ce-4d7d-8dc8-039b243d66da/datanode-2/data/ratis/cfc93d4e-2a62-452a-b3f1-a02dd63f7ae6/current/log_inprogress_0
2019-09-16 16:55:16,928 [7977ac3b-0be3-4a37-9fef-39f7814db179@group-A02DD63F7AE6-SegmentedRaftLogWorker] INFO  segmented.SegmentedRaftLogWorker (SegmentedRaftLogWorker.java:execute(569)) - 7977ac3b-0be3-4a37-9fef-39f7814db179@group-A02DD63F7AE6-SegmentedRaftLogWorker: created new log segment /workdir/hadoop-ozone/integration-test/target/test-dir/MiniOzoneClusterImpl-df60ebb5-d9ce-4d7d-8dc8-039b243d66da/datanode-5/data/ratis/cfc93d4e-2a62-452a-b3f1-a02dd63f7ae6/current/log_inprogress_0
2019-09-16 16:55:16,928 [cc439034-f900-459f-93f0-405510d1632e@group-A02DD63F7AE6-SegmentedRaftLogWorker] INFO  segmented.SegmentedRaftLogWorker (SegmentedRaftLogWorker.java:execute(569)) - cc439034-f900-459f-93f0-405510d1632e@group-A02DD63F7AE6-SegmentedRaftLogWorker: created new log segment /workdir/hadoop-ozone/integration-test/target/test-dir/MiniOzoneClusterImpl-df60ebb5-d9ce-4d7d-8dc8-039b243d66da/datanode-3/data/ratis/cfc93d4e-2a62-452a-b3f1-a02dd63f7ae6/current/log_inprogress_0
2019-09-16 16:55:19,785 [java.util.concurrent.ThreadPoolExecutor$Worker@4a6d51fe[State = -1, empty queue]] WARN  server.GrpcLogAppender (GrpcLogAppender.java:timeoutAppendRequest(200)) - 2e525942-e927-41dd-97b7-9b9ba8560315@group-A91BA5A7B369->c232c0ff-9192-4b00-ad60-76b55f03f95e-GrpcLogAppender: appendEntries Timeout, request=2e525942-e927-41dd-97b7-9b9ba8560315->c232c0ff-9192-4b00-ad60-76b55f03f95e#18-t2, previous=(t:2, i:16), leaderCommit=16, initializing? false, entries: size=1, first=(t:2, i:17), STATEMACHINELOGENTRY, client-59284F2D283B, cid=29
2019-09-16 16:55:19,785 [java.util.concurrent.ThreadPoolExecutor$Worker@15ce7ec6[State = -1, empty queue]] WARN  server.GrpcLogAppender (GrpcLogAppender.java:timeoutAppendRequest(200)) - 2e525942-e927-41dd-97b7-9b9ba8560315@group-A91BA5A7B369->315b4b00-5c1a-4cba-b27d-9eac94437c20-GrpcLogAppender: appendEntries Timeout, request=2e525942-e927-41dd-97b7-9b9ba8560315->315b4b00-5c1a-4cba-b27d-9eac94437c20#18-t2, previous=(t:2, i:16), leaderCommit=16, initializing? false, entries: size=1, first=(t:2, i:17), STATEMACHINELOGENTRY, client-59284F2D283B, cid=29
2019-09-16 16:55:19,785 [java.util.concurrent.ThreadPoolExecutor$Worker@4a6d51fe[State = -1, empty queue]] WARN  server.GrpcLogAppender (GrpcLogAppender.java:timeoutAppendRequest(200)) - 2e525942-e927-41dd-97b7-9b9ba8560315@group-A91BA5A7B369->c232c0ff-9192-4b00-ad60-76b55f03f95e-GrpcLogAppender: appendEntries Timeout, request=2e525942-e927-41dd-97b7-9b9ba8560315->c232c0ff-9192-4b00-ad60-76b55f03f95e#19-t2, previous=(t:2, i:17), leaderCommit=16, initializing? false, entries: size=1, first=(t:2, i:18), STATEMACHINELOGENTRY, client-59284F2D283B, cid=30
2019-09-16 16:55:19,790 [java.util.concurrent.ThreadPoolExecutor$Worker@15ce7ec6[State = -1, empty queue]] WARN  server.GrpcLogAppender (GrpcLogAppender.java:timeoutAppendRequest(200)) - 2e525942-e927-41dd-97b7-9b9ba8560315@group-A91BA5A7B369->315b4b00-5c1a-4cba-b27d-9eac94437c20-GrpcLogAppender: appendEntries Timeout, request=2e525942-e927-41dd-97b7-9b9ba8560315->315b4b00-5c1a-4cba-b27d-9eac94437c20#19-t2, previous=(t:2, i:17), leaderCommit=16, initializing? false, entries: size=1, first=(t:2, i:18), STATEMACHINELOGENTRY, client-59284F2D283B, cid=30
2019-09-16 16:55:19,819 [java.util.concurrent.ThreadPoolExecutor$Worker@15ce7ec6[State = -1, empty queue]] WARN  server.GrpcLogAppender (GrpcLogAppender.java:timeoutAppendRequest(200)) - 2e525942-e927-41dd-97b7-9b9ba8560315@group-A91BA5A7B369->315b4b00-5c1a-4cba-b27d-9eac94437c20-GrpcLogAppender: appendEntries Timeout, request=2e525942-e927-41dd-97b7-9b9ba8560315->315b4b00-5c1a-4cba-b27d-9eac94437c20#20-t2, previous=(t:2, i:18), leaderCommit=16, initializing? false, entries: size=1, first=(t:2, i:19), STATEMACHINELOGENTRY, client-59284F2D283B, cid=31
2019-09-16 16:55:19,819 [java.util.concurrent.ThreadPoolExecutor$Worker@4a6d51fe[State = -1, empty queue]] WARN  server.GrpcLogAppender (GrpcLogAppender.java:timeoutAppendRequest(200)) - 2e525942-e927-41dd-97b7-9b9ba8560315@group-A91BA5A7B369->c232c0ff-9192-4b00-ad60-76b55f03f95e-GrpcLogAppender: appendEntries Timeout, request=2e525942-e927-41dd-97b7-9b9ba8560315->c232c0ff-9192-4b00-ad60-76b55f03f95e#20-t2, previous=(t:2, i:18), leaderCommit=16, initializing? false, entries: size=1, first=(t:2, i:19), STATEMACHINELOGENTRY, client-59284F2D283B, cid=31
2019-09-16 16:55:19,823 [java.util.concurrent.ThreadPoolExecutor$Worker@15ce7ec6[State = -1, empty queue]] WARN  server.GrpcLogAppender (GrpcLogAppender.java:timeoutAppendRequest(200)) - 2e525942-e927-41dd-97b7-9b9ba8560315@group-A91BA5A7B369->315b4b00-5c1a-4cba-b27d-9eac94437c20-GrpcLogAppender: appendEntries Timeout, request=2e525942-e927-41dd-97b7-9b9ba8560315->315b4b00-5c1a-4cba-b27d-9eac94437c20#21-t2, previous=(t:2, i:19), leaderCommit=16, initializing? false, entries: size=1, first=(t:2, i:20), STATEMACHINELOGENTRY, client-59284F2D283B, cid=32
2019-09-16 16:55:19,825 [java.util.concurrent.ThreadPoolExecutor$Worker@4a6d51fe[State = -1, empty queue]] WARN  server.GrpcLogAppender (GrpcLogAppender.java:timeoutAppendRequest(200)) - 2e525942-e927-41dd-97b7-9b9ba8560315@group-A91BA5A7B369->c232c0ff-9192-4b00-ad60-76b55f03f95e-GrpcLogAppender: appendEntries Timeout, request=2e525942-e927-41dd-97b7-9b9ba8560315->c232c0ff-9192-4b00-ad60-76b55f03f95e#21-t2, previous=(t:2, i:19), leaderCommit=16, initializing? false, entries: size=1, first=(t:2, i:20), STATEMACHINELOGENTRY, client-59284F2D283B, cid=32
2019-09-16 16:55:20,296 [java.util.concurrent.ThreadPoolExecutor$Worker@15ce7ec6[State = -1, empty queue]] WARN  server.GrpcLogAppender (GrpcLogAppender.java:timeoutAppendRequest(200)) - 2e525942-e927-41dd-97b7-9b9ba8560315@group-A91BA5A7B369->315b4b00-5c1a-4cba-b27d-9eac94437c20-GrpcLogAppender: appendEntries Timeout, request=2e525942-e927-41dd-97b7-9b9ba8560315->315b4b00-5c1a-4cba-b27d-9eac94437c20#22-t2, previous=(t:2, i:20), leaderCommit=16, initializing? false, entries: <empty>
2019-09-16 16:55:20,296 [java.util.concurrent.ThreadPoolExecutor$Worker@4a6d51fe[State = -1, empty queue]] WARN  server.GrpcLogAppender (GrpcLogAppender.java:timeoutAppendRequest(200)) - 2e525942-e927-41dd-97b7-9b9ba8560315@group-A91BA5A7B369->c232c0ff-9192-4b00-ad60-76b55f03f95e-GrpcLogAppender: appendEntries Timeout, request=2e525942-e927-41dd-97b7-9b9ba8560315->c232c0ff-9192-4b00-ad60-76b55f03f95e#22-t2, previous=(t:2, i:20), leaderCommit=16, initializing? false, entries: <empty>
2019-09-16 16:55:20,797 [java.util.concurrent.ThreadPoolExecutor$Worker@4a6d51fe[State = -1, empty queue]] WARN  server.GrpcLogAppender (GrpcLogAppender.java:timeoutAppendRequest(200)) - 2e525942-e927-41dd-97b7-9b9ba8560315@group-A91BA5A7B369->c232c0ff-9192-4b00-ad60-76b55f03f95e-GrpcLogAppender: appendEntries Timeout, request=2e525942-e927-41dd-97b7-9b9ba8560315->c232c0ff-9192-4b00-ad60-76b55f03f95e#23-t2, previous=(t:2, i:20), leaderCommit=16, initializing? false, entries: <empty>
2019-09-16 16:55:20,797 [java.util.concurrent.ThreadPoolExecutor$Worker@15ce7ec6[State = -1, empty queue]] WARN  server.GrpcLogAppender (GrpcLogAppender.java:timeoutAppendRequest(200)) - 2e525942-e927-41dd-97b7-9b9ba8560315@group-A91BA5A7B369->315b4b00-5c1a-4cba-b27d-9eac94437c20-GrpcLogAppender: appendEntries Timeout, request=2e525942-e927-41dd-97b7-9b9ba8560315->315b4b00-5c1a-4cba-b27d-9eac94437c20#23-t2, previous=(t:2, i:20), leaderCommit=16, initializing? false, entries: <empty>
2019-09-16 16:55:21,298 [java.util.concurrent.ThreadPoolExecutor$Worker@4a6d51fe[State = -1, empty queue]] WARN  server.GrpcLogAppender (GrpcLogAppender.java:timeoutAppendRequest(200)) - 2e525942-e927-41dd-97b7-9b9ba8560315@group-A91BA5A7B369->c232c0ff-9192-4b00-ad60-76b55f03f95e-GrpcLogAppender: appendEntries Timeout, request=2e525942-e927-41dd-97b7-9b9ba8560315->c232c0ff-9192-4b00-ad60-76b55f03f95e#24-t2, previous=(t:2, i:20), leaderCommit=16, initializing? false, entries: <empty>
2019-09-16 16:55:21,298 [java.util.concurrent.ThreadPoolExecutor$Worker@15ce7ec6[State = -1, empty queue]] WARN  server.GrpcLogAppender (GrpcLogAppender.java:timeoutAppendRequest(200)) - 2e525942-e927-41dd-97b7-9b9ba8560315@group-A91BA5A7B369->315b4b00-5c1a-4cba-b27d-9eac94437c20-GrpcLogAppender: appendEntries Timeout, request=2e525942-e927-41dd-97b7-9b9ba8560315->315b4b00-5c1a-4cba-b27d-9eac94437c20#24-t2, previous=(t:2, i:20), leaderCommit=16, initializing? false, entries: <empty>
2019-09-16 16:55:21,798 [java.util.concurrent.ThreadPoolExecutor$Worker@4a6d51fe[State = -1, empty queue]] WARN  server.GrpcLogAppender (GrpcLogAppender.java:timeoutAppendRequest(200)) - 2e525942-e927-41dd-97b7-9b9ba8560315@group-A91BA5A7B369->c232c0ff-9192-4b00-ad60-76b55f03f95e-GrpcLogAppender: appendEntries Timeout, request=2e525942-e927-41dd-97b7-9b9ba8560315->c232c0ff-9192-4b00-ad60-76b55f03f95e#25-t2, previous=(t:2, i:20), leaderCommit=16, initializing? false, entries: <empty>
2019-09-16 16:55:21,798 [java.util.concurrent.ThreadPoolExecutor$Worker@15ce7ec6[State = -1, empty queue]] WARN  server.GrpcLogAppender (GrpcLogAppender.java:timeoutAppendRequest(200)) - 2e525942-e927-41dd-97b7-9b9ba8560315@group-A91BA5A7B369->315b4b00-5c1a-4cba-b27d-9eac94437c20-GrpcLogAppender: appendEntries Timeout, request=2e525942-e927-41dd-97b7-9b9ba8560315->315b4b00-5c1a-4cba-b27d-9eac94437c20#25-t2, previous=(t:2, i:20), leaderCommit=16, initializing? false, entries: <empty>
2019-09-16 16:55:21,883 [grpc-default-executor-5] INFO  client.GrpcClientProtocolClient (GrpcClientProtocolClient.java:onNext(264)) - client-59284F2D283B->c232c0ff-9192-4b00-ad60-76b55f03f95e: receive RaftClientReply:client-59284F2D283B->c232c0ff-9192-4b00-ad60-76b55f03f95e@group-A91BA5A7B369, cid=29, FAILED org.apache.ratis.protocol.NotLeaderException: Server c232c0ff-9192-4b00-ad60-76b55f03f95e@group-A91BA5A7B369 is not the leader 2e525942-e927-41dd-97b7-9b9ba8560315:192.168.34.37:33333, logIndex=0, commits[c232c0ff-9192-4b00-ad60-76b55f03f95e:c16, 2e525942-e927-41dd-97b7-9b9ba8560315:c16, 315b4b00-5c1a-4cba-b27d-9eac94437c20:c12]
2019-09-16 16:55:22,299 [java.util.concurrent.ThreadPoolExecutor$Worker@4a6d51fe[State = -1, empty queue]] WARN  server.GrpcLogAppender (GrpcLogAppender.java:timeoutAppendRequest(200)) - 2e525942-e927-41dd-97b7-9b9ba8560315@group-A91BA5A7B369->c232c0ff-9192-4b00-ad60-76b55f03f95e-GrpcLogAppender: appendEntries Timeout, request=2e525942-e927-41dd-97b7-9b9ba8560315->c232c0ff-9192-4b00-ad60-76b55f03f95e#26-t2, previous=(t:2, i:20), leaderCommit=16, initializing? false, entries: <empty>
2019-09-16 16:55:22,299 [java.util.concurrent.ThreadPoolExecutor$Worker@15ce7ec6[State = -1, empty queue]] WARN  server.GrpcLogAppender (GrpcLogAppender.java:timeoutAppendRequest(200)) - 2e525942-e927-41dd-97b7-9b9ba8560315@group-A91BA5A7B369->315b4b00-5c1a-4cba-b27d-9eac94437c20-GrpcLogAppender: appendEntries Timeout, request=2e525942-e927-41dd-97b7-9b9ba8560315->315b4b00-5c1a-4cba-b27d-9eac94437c20#26-t2, previous=(t:2, i:20), leaderCommit=16, initializing? false, entries: <empty>
2019-09-16 16:55:22,824 [java.util.concurrent.ThreadPoolExecutor$Worker@4a6d51fe[State = -1, empty queue]] WARN  server.GrpcLogAppender (GrpcLogAppender.java:timeoutAppendRequest(200)) - 2e525942-e927-41dd-97b7-9b9ba8560315@group-A91BA5A7B369->c232c0ff-9192-4b00-ad60-76b55f03f95e-GrpcLogAppender: appendEntries Timeout, request=2e525942-e927-41dd-97b7-9b9ba8560315->c232c0ff-9192-4b00-ad60-76b55f03f95e#27-t2, previous=(t:2, i:20), leaderCommit=16, initializing? false, entries: <empty>
2019-09-16 16:55:22,825 [java.util.concurrent.ThreadPoolExecutor$Worker@15ce7ec6[State = -1, empty queue]] WARN  server.GrpcLogAppender (GrpcLogAppender.java:timeoutAppendRequest(200)) - 2e525942-e927-41dd-97b7-9b9ba8560315@group-A91BA5A7B369->315b4b00-5c1a-4cba-b27d-9eac94437c20-GrpcLogAppender: appendEntries Timeout, request=2e525942-e927-41dd-97b7-9b9ba8560315->315b4b00-5c1a-4cba-b27d-9eac94437c20#27-t2, previous=(t:2, i:20), leaderCommit=16, initializing? false, entries: <empty>
2019-09-16 16:55:23,324 [java.util.concurrent.ThreadPoolExecutor$Worker@4a6d51fe[State = -1, empty queue]] WARN  server.GrpcLogAppender (GrpcLogAppender.java:timeoutAppendRequest(200)) - 2e525942-e927-41dd-97b7-9b9ba8560315@group-A91BA5A7B369->c232c0ff-9192-4b00-ad60-76b55f03f95e-GrpcLogAppender: appendEntries Timeout, request=2e525942-e927-41dd-97b7-9b9ba8560315->c232c0ff-9192-4b00-ad60-76b55f03f95e#28-t2, previous=(t:2, i:20), leaderCommit=16, initializing? false, entries: <empty>
2019-09-16 16:55:23,326 [java.util.concurrent.ThreadPoolExecutor$Worker@15ce7ec6[State = -1, empty queue]] WARN  server.GrpcLogAppender (GrpcLogAppender.java:timeoutAppendRequest(200)) - 2e525942-e927-41dd-97b7-9b9ba8560315@group-A91BA5A7B369->315b4b00-5c1a-4cba-b27d-9eac94437c20-GrpcLogAppender: appendEntries Timeout, request=2e525942-e927-41dd-97b7-9b9ba8560315->315b4b00-5c1a-4cba-b27d-9eac94437c20#28-t2, previous=(t:2, i:20), leaderCommit=16, initializing? false, entries: <empty>
2019-09-16 16:55:23,825 [java.util.concurrent.ThreadPoolExecutor$Worker@4a6d51fe[State = -1, empty queue]] WARN  server.GrpcLogAppender (GrpcLogAppender.java:timeoutAppendRequest(200)) - 2e525942-e927-41dd-97b7-9b9ba8560315@group-A91BA5A7B369->c232c0ff-9192-4b00-ad60-76b55f03f95e-GrpcLogAppender: appendEntries Timeout, request=2e525942-e927-41dd-97b7-9b9ba8560315->c232c0ff-9192-4b00-ad60-76b55f03f95e#29-t2, previous=(t:2, i:20), leaderCommit=16, initializing? false, entries: <empty>
2019-09-16 16:55:23,826 [java.util.concurrent.ThreadPoolExecutor$Worker@15ce7ec6[State = -1, empty queue]] WARN  server.GrpcLogAppender (GrpcLogAppender.java:timeoutAppendRequest(200)) - 2e525942-e927-41dd-97b7-9b9ba8560315@group-A91BA5A7B369->315b4b00-5c1a-4cba-b27d-9eac94437c20-GrpcLogAppender: appendEntries Timeout, request=2e525942-e927-41dd-97b7-9b9ba8560315->315b4b00-5c1a-4cba-b27d-9eac94437c20#29-t2, previous=(t:2, i:20), leaderCommit=16, initializing? false, entries: <empty>
2019-09-16 16:55:24,326 [java.util.concurrent.ThreadPoolExecutor$Worker@4a6d51fe[State = -1, empty queue]] WARN  server.GrpcLogAppender (GrpcLogAppender.java:timeoutAppendRequest(200)) - 2e525942-e927-41dd-97b7-9b9ba8560315@group-A91BA5A7B369->c232c0ff-9192-4b00-ad60-76b55f03f95e-GrpcLogAppender: appendEntries Timeout, request=2e525942-e927-41dd-97b7-9b9ba8560315->c232c0ff-9192-4b00-ad60-76b55f03f95e#30-t2, previous=(t:2, i:20), leaderCommit=16, initializing? false, entries: <empty>
2019-09-16 16:55:24,327 [java.util.concurrent.ThreadPoolExecutor$Worker@15ce7ec6[State = -1, empty queue]] WARN  server.GrpcLogAppender (GrpcLogAppender.java:timeoutAppendRequest(200)) - 2e525942-e927-41dd-97b7-9b9ba8560315@group-A91BA5A7B369->315b4b00-5c1a-4cba-b27d-9eac94437c20-GrpcLogAppender: appendEntries Timeout, request=2e525942-e927-41dd-97b7-9b9ba8560315->315b4b00-5c1a-4cba-b27d-9eac94437c20#30-t2, previous=(t:2, i:20), leaderCommit=16, initializing? false, entries: <empty>
2019-09-16 16:55:24,827 [java.util.concurrent.ThreadPoolExecutor$Worker@4a6d51fe[State = -1, empty queue]] WARN  server.GrpcLogAppender (GrpcLogAppender.java:timeoutAppendRequest(200)) - 2e525942-e927-41dd-97b7-9b9ba8560315@group-A91BA5A7B369->c232c0ff-9192-4b00-ad60-76b55f03f95e-GrpcLogAppender: appendEntries Timeout, request=2e525942-e927-41dd-97b7-9b9ba8560315->c232c0ff-9192-4b00-ad60-76b55f03f95e#31-t2, previous=(t:2, i:20), leaderCommit=16, initializing? false, entries: <empty>
2019-09-16 16:55:24,828 [java.util.concurrent.ThreadPoolExecutor$Worker@15ce7ec6[State = -1, empty queue]] WARN  server.GrpcLogAppender (GrpcLogAppender.java:timeoutAppendRequest(200)) - 2e525942-e927-41dd-97b7-9b9ba8560315@group-A91BA5A7B369->315b4b00-5c1a-4cba-b27d-9eac94437c20-GrpcLogAppender: appendEntries Timeout, request=2e525942-e927-41dd-97b7-9b9ba8560315->315b4b00-5c1a-4cba-b27d-9eac94437c20#31-t2, previous=(t:2, i:20), leaderCommit=16, initializing? false, entries: <empty>
2019-09-16 16:55:25,328 [java.util.concurrent.ThreadPoolExecutor$Worker@4a6d51fe[State = -1, empty queue]] WARN  server.GrpcLogAppender (GrpcLogAppender.java:timeoutAppendRequest(200)) - 2e525942-e927-41dd-97b7-9b9ba8560315@group-A91BA5A7B369->c232c0ff-9192-4b00-ad60-76b55f03f95e-GrpcLogAppender: appendEntries Timeout, request=2e525942-e927-41dd-97b7-9b9ba8560315->c232c0ff-9192-4b00-ad60-76b55f03f95e#32-t2, previous=(t:2, i:20), leaderCommit=16, initializing? false, entries: <empty>
2019-09-16 16:55:25,328 [java.util.concurrent.ThreadPoolExecutor$Worker@15ce7ec6[State = -1, empty queue]] WARN  server.GrpcLogAppender (GrpcLogAppender.java:timeoutAppendRequest(200)) - 2e525942-e927-41dd-97b7-9b9ba8560315@group-A91BA5A7B369->315b4b00-5c1a-4cba-b27d-9eac94437c20-GrpcLogAppender: appendEntries Timeout, request=2e525942-e927-41dd-97b7-9b9ba8560315->315b4b00-5c1a-4cba-b27d-9eac94437c20#32-t2, previous=(t:2, i:20), leaderCommit=16, initializing? false, entries: <empty>
2019-09-16 16:55:25,830 [java.util.concurrent.ThreadPoolExecutor$Worker@4a6d51fe[State = -1, empty queue]] WARN  server.GrpcLogAppender (GrpcLogAppender.java:timeoutAppendRequest(200)) - 2e525942-e927-41dd-97b7-9b9ba8560315@group-A91BA5A7B369->c232c0ff-9192-4b00-ad60-76b55f03f95e-GrpcLogAppender: appendEntries Timeout, request=2e525942-e927-41dd-97b7-9b9ba8560315->c232c0ff-9192-4b00-ad60-76b55f03f95e#33-t2, previous=(t:2, i:20), leaderCommit=16, initializing? false, entries: <empty>
2019-09-16 16:55:25,830 [java.util.concurrent.ThreadPoolExecutor$Worker@15ce7ec6[State = -1, empty queue]] WARN  server.GrpcLogAppender (GrpcLogAppender.java:timeoutAppendRequest(200)) - 2e525942-e927-41dd-97b7-9b9ba8560315@group-A91BA5A7B369->315b4b00-5c1a-4cba-b27d-9eac94437c20-GrpcLogAppender: appendEntries Timeout, request=2e525942-e927-41dd-97b7-9b9ba8560315->315b4b00-5c1a-4cba-b27d-9eac94437c20#33-t2, previous=(t:2, i:20), leaderCommit=16, initializing? false, entries: <empty>
2019-09-16 16:55:26,330 [java.util.concurrent.ThreadPoolExecutor$Worker@15ce7ec6[State = -1, empty queue]] WARN  server.GrpcLogAppender (GrpcLogAppender.java:timeoutAppendRequest(200)) - 2e525942-e927-41dd-97b7-9b9ba8560315@group-A91BA5A7B369->315b4b00-5c1a-4cba-b27d-9eac94437c20-GrpcLogAppender: appendEntries Timeout, request=2e525942-e927-41dd-97b7-9b9ba8560315->315b4b00-5c1a-4cba-b27d-9eac94437c20#34-t2, previous=(t:2, i:20), leaderCommit=16, initializing? false, entries: <empty>
2019-09-16 16:55:26,330 [java.util.concurrent.ThreadPoolExecutor$Worker@4a6d51fe[State = -1, empty queue]] WARN  server.GrpcLogAppender (GrpcLogAppender.java:timeoutAppendRequest(200)) - 2e525942-e927-41dd-97b7-9b9ba8560315@group-A91BA5A7B369->c232c0ff-9192-4b00-ad60-76b55f03f95e-GrpcLogAppender: appendEntries Timeout, request=2e525942-e927-41dd-97b7-9b9ba8560315->c232c0ff-9192-4b00-ad60-76b55f03f95e#34-t2, previous=(t:2, i:20), leaderCommit=16, initializing? false, entries: <empty>
2019-09-16 16:55:26,831 [java.util.concurrent.ThreadPoolExecutor$Worker@15ce7ec6[State = -1, empty queue]] WARN  server.GrpcLogAppender (GrpcLogAppender.java:timeoutAppendRequest(200)) - 2e525942-e927-41dd-97b7-9b9ba8560315@group-A91BA5A7B369->315b4b00-5c1a-4cba-b27d-9eac94437c20-GrpcLogAppender: appendEntries Timeout, request=2e525942-e927-41dd-97b7-9b9ba8560315->315b4b00-5c1a-4cba-b27d-9eac94437c20#35-t2, previous=(t:2, i:20), leaderCommit=16, initializing? false, entries: <empty>
2019-09-16 16:55:26,831 [java.util.concurrent.ThreadPoolExecutor$Worker@4a6d51fe[State = -1, empty queue]] WARN  server.GrpcLogAppender (GrpcLogAppender.java:timeoutAppendRequest(200)) - 2e525942-e927-41dd-97b7-9b9ba8560315@group-A91BA5A7B369->c232c0ff-9192-4b00-ad60-76b55f03f95e-GrpcLogAppender: appendEntries Timeout, request=2e525942-e927-41dd-97b7-9b9ba8560315->c232c0ff-9192-4b00-ad60-76b55f03f95e#35-t2, previous=(t:2, i:20), leaderCommit=16, initializing? false, entries: <empty>
2019-09-16 16:55:26,859 [c232c0ff-9192-4b00-ad60-76b55f03f95e@group-A91BA5A7B369-SegmentedRaftLogWorker] WARN  segmented.SegmentedRaftLogWorker (SegmentedRaftLogWorker.java:getFromFuture(90)) - Timeout 0/~
org.apache.ratis.protocol.TimeoutIOException: Timeout 10s: WriteLog:19: (t:2, i:19), STATEMACHINELOGENTRY, client-59284F2D283B, cid=31-writeStateMachineData
	at org.apache.ratis.util.IOUtils.getFromFuture(IOUtils.java:87)
	at org.apache.ratis.server.raftlog.segmented.SegmentedRaftLogWorker$StateMachineDataPolicy.getFromFuture(SegmentedRaftLogWorker.java:87)
	at org.apache.ratis.server.raftlog.segmented.SegmentedRaftLogWorker$WriteLog.execute(SegmentedRaftLogWorker.java:477)
	at org.apache.ratis.server.raftlog.segmented.SegmentedRaftLogWorker.run(SegmentedRaftLogWorker.java:289)
	at java.lang.Thread.run(Thread.java:748)
Caused by: java.util.concurrent.TimeoutException
	at java.util.concurrent.CompletableFuture.timedGet(CompletableFuture.java:1771)
	at java.util.concurrent.CompletableFuture.get(CompletableFuture.java:1915)
	at org.apache.ratis.util.IOUtils.getFromFuture(IOUtils.java:79)
	... 4 more
2019-09-16 16:55:26,859 [2e525942-e927-41dd-97b7-9b9ba8560315@group-A91BA5A7B369-SegmentedRaftLogWorker] WARN  segmented.SegmentedRaftLogWorker (SegmentedRaftLogWorker.java:getFromFuture(90)) - Timeout 0/~
org.apache.ratis.protocol.TimeoutIOException: Timeout 10s: WriteLog:19: (t:2, i:19), STATEMACHINELOGENTRY, client-59284F2D283B, cid=31-writeStateMachineData
	at org.apache.ratis.util.IOUtils.getFromFuture(IOUtils.java:87)
	at org.apache.ratis.server.raftlog.segmented.SegmentedRaftLogWorker$StateMachineDataPolicy.getFromFuture(SegmentedRaftLogWorker.java:87)
	at org.apache.ratis.server.raftlog.segmented.SegmentedRaftLogWorker$WriteLog.execute(SegmentedRaftLogWorker.java:477)
	at org.apache.ratis.server.raftlog.segmented.SegmentedRaftLogWorker.run(SegmentedRaftLogWorker.java:289)
	at java.lang.Thread.run(Thread.java:748)
Caused by: java.util.concurrent.TimeoutException
	at java.util.concurrent.CompletableFuture.timedGet(CompletableFuture.java:1771)
	at java.util.concurrent.CompletableFuture.get(CompletableFuture.java:1915)
	at org.apache.ratis.util.IOUtils.getFromFuture(IOUtils.java:79)
	... 4 more
2019-09-16 16:55:26,891 [315b4b00-5c1a-4cba-b27d-9eac94437c20@group-A91BA5A7B369-SegmentedRaftLogWorker] WARN  segmented.SegmentedRaftLogWorker (SegmentedRaftLogWorker.java:getFromFuture(90)) - Timeout 0/~
org.apache.ratis.protocol.TimeoutIOException: Timeout 10s: WriteLog:19: (t:2, i:19), STATEMACHINELOGENTRY, client-59284F2D283B, cid=31-writeStateMachineData
	at org.apache.ratis.util.IOUtils.getFromFuture(IOUtils.java:87)
	at org.apache.ratis.server.raftlog.segmented.SegmentedRaftLogWorker$StateMachineDataPolicy.getFromFuture(SegmentedRaftLogWorker.java:87)
	at org.apache.ratis.server.raftlog.segmented.SegmentedRaftLogWorker$WriteLog.execute(SegmentedRaftLogWorker.java:477)
	at org.apache.ratis.server.raftlog.segmented.SegmentedRaftLogWorker.run(SegmentedRaftLogWorker.java:289)
	at java.lang.Thread.run(Thread.java:748)
Caused by: java.util.concurrent.TimeoutException
	at java.util.concurrent.CompletableFuture.timedGet(CompletableFuture.java:1771)
	at java.util.concurrent.CompletableFuture.get(CompletableFuture.java:1915)
	at org.apache.ratis.util.IOUtils.getFromFuture(IOUtils.java:79)
	... 4 more
2019-09-16 16:55:26,941 [grpc-default-executor-5] INFO  client.GrpcClientProtocolClient (GrpcClientProtocolClient.java:onNext(264)) - client-59284F2D283B->315b4b00-5c1a-4cba-b27d-9eac94437c20: receive RaftClientReply:client-59284F2D283B->315b4b00-5c1a-4cba-b27d-9eac94437c20@group-A91BA5A7B369, cid=29, FAILED org.apache.ratis.protocol.NotLeaderException: Server 315b4b00-5c1a-4cba-b27d-9eac94437c20@group-A91BA5A7B369 is not the leader 2e525942-e927-41dd-97b7-9b9ba8560315:192.168.34.37:33333, logIndex=0, commits[315b4b00-5c1a-4cba-b27d-9eac94437c20:c16, 2e525942-e927-41dd-97b7-9b9ba8560315:c16, c232c0ff-9192-4b00-ad60-76b55f03f95e:c12]
2019-09-16 16:55:27,331 [java.util.concurrent.ThreadPoolExecutor$Worker@15ce7ec6[State = -1, empty queue]] WARN  server.GrpcLogAppender (GrpcLogAppender.java:timeoutAppendRequest(200)) - 2e525942-e927-41dd-97b7-9b9ba8560315@group-A91BA5A7B369->315b4b00-5c1a-4cba-b27d-9eac94437c20-GrpcLogAppender: appendEntries Timeout, request=2e525942-e927-41dd-97b7-9b9ba8560315->315b4b00-5c1a-4cba-b27d-9eac94437c20#36-t2, previous=(t:2, i:20), leaderCommit=16, initializing? false, entries: <empty>
2019-09-16 16:55:27,331 [java.util.concurrent.ThreadPoolExecutor$Worker@4a6d51fe[State = -1, empty queue]] WARN  server.GrpcLogAppender (GrpcLogAppender.java:timeoutAppendRequest(200)) - 2e525942-e927-41dd-97b7-9b9ba8560315@group-A91BA5A7B369->c232c0ff-9192-4b00-ad60-76b55f03f95e-GrpcLogAppender: appendEntries Timeout, request=2e525942-e927-41dd-97b7-9b9ba8560315->c232c0ff-9192-4b00-ad60-76b55f03f95e#36-t2, previous=(t:2, i:20), leaderCommit=16, initializing? false, entries: <empty>
2019-09-16 16:55:27,832 [java.util.concurrent.ThreadPoolExecutor$Worker@15ce7ec6[State = -1, empty queue]] WARN  server.GrpcLogAppender (GrpcLogAppender.java:timeoutAppendRequest(200)) - 2e525942-e927-41dd-97b7-9b9ba8560315@group-A91BA5A7B369->315b4b00-5c1a-4cba-b27d-9eac94437c20-GrpcLogAppender: appendEntries Timeout, request=2e525942-e927-41dd-97b7-9b9ba8560315->315b4b00-5c1a-4cba-b27d-9eac94437c20#37-t2, previous=(t:2, i:20), leaderCommit=16, initializing? false, entries: <empty>
2019-09-16 16:55:27,832 [java.util.concurrent.ThreadPoolExecutor$Worker@4a6d51fe[State = -1, empty queue]] WARN  server.GrpcLogAppender (GrpcLogAppender.java:timeoutAppendRequest(200)) - 2e525942-e927-41dd-97b7-9b9ba8560315@group-A91BA5A7B369->c232c0ff-9192-4b00-ad60-76b55f03f95e-GrpcLogAppender: appendEntries Timeout, request=2e525942-e927-41dd-97b7-9b9ba8560315->c232c0ff-9192-4b00-ad60-76b55f03f95e#37-t2, previous=(t:2, i:20), leaderCommit=16, initializing? false, entries: <empty>
2019-09-16 16:55:28,336 [java.util.concurrent.ThreadPoolExecutor$Worker@15ce7ec6[State = -1, empty queue]] WARN  server.GrpcLogAppender (GrpcLogAppender.java:timeoutAppendRequest(200)) - 2e525942-e927-41dd-97b7-9b9ba8560315@group-A91BA5A7B369->315b4b00-5c1a-4cba-b27d-9eac94437c20-GrpcLogAppender: appendEntries Timeout, request=2e525942-e927-41dd-97b7-9b9ba8560315->315b4b00-5c1a-4cba-b27d-9eac94437c20#38-t2, previous=(t:2, i:20), leaderCommit=16, initializing? false, entries: <empty>
2019-09-16 16:55:28,336 [java.util.concurrent.ThreadPoolExecutor$Worker@4a6d51fe[State = -1, empty queue]] WARN  server.GrpcLogAppender (GrpcLogAppender.java:timeoutAppendRequest(200)) - 2e525942-e927-41dd-97b7-9b9ba8560315@group-A91BA5A7B369->c232c0ff-9192-4b00-ad60-76b55f03f95e-GrpcLogAppender: appendEntries Timeout, request=2e525942-e927-41dd-97b7-9b9ba8560315->c232c0ff-9192-4b00-ad60-76b55f03f95e#38-t2, previous=(t:2, i:20), leaderCommit=16, initializing? false, entries: <empty>
2019-09-16 16:55:28,837 [java.util.concurrent.ThreadPoolExecutor$Worker@4a6d51fe[State = -1, empty queue]] WARN  server.GrpcLogAppender (GrpcLogAppender.java:timeoutAppendRequest(200)) - 2e525942-e927-41dd-97b7-9b9ba8560315@group-A91BA5A7B369->c232c0ff-9192-4b00-ad60-76b55f03f95e-GrpcLogAppender: appendEntries Timeout, request=2e525942-e927-41dd-97b7-9b9ba8560315->c232c0ff-9192-4b00-ad60-76b55f03f95e#39-t2, previous=(t:2, i:20), leaderCommit=16, initializing? false, entries: <empty>
2019-09-16 16:55:28,837 [java.util.concurrent.ThreadPoolExecutor$Worker@15ce7ec6[State = -1, empty queue]] WARN  server.GrpcLogAppender (GrpcLogAppender.java:timeoutAppendRequest(200)) - 2e525942-e927-41dd-97b7-9b9ba8560315@group-A91BA5A7B369->315b4b00-5c1a-4cba-b27d-9eac94437c20-GrpcLogAppender: appendEntries Timeout, request=2e525942-e927-41dd-97b7-9b9ba8560315->315b4b00-5c1a-4cba-b27d-9eac94437c20#39-t2, previous=(t:2, i:20), leaderCommit=16, initializing? false, entries: <empty>
2019-09-16 16:55:29,337 [java.util.concurrent.ThreadPoolExecutor$Worker@4a6d51fe[State = -1, empty queue]] WARN  server.GrpcLogAppender (GrpcLogAppender.java:timeoutAppendRequest(200)) - 2e525942-e927-41dd-97b7-9b9ba8560315@group-A91BA5A7B369->c232c0ff-9192-4b00-ad60-76b55f03f95e-GrpcLogAppender: appendEntries Timeout, request=2e525942-e927-41dd-97b7-9b9ba8560315->c232c0ff-9192-4b00-ad60-76b55f03f95e#40-t2, previous=(t:2, i:20), leaderCommit=16, initializing? false, entries: <empty>
2019-09-16 16:55:29,337 [java.util.concurrent.ThreadPoolExecutor$Worker@15ce7ec6[State = -1, empty queue]] WARN  server.GrpcLogAppender (GrpcLogAppender.java:timeoutAppendRequest(200)) - 2e525942-e927-41dd-97b7-9b9ba8560315@group-A91BA5A7B369->315b4b00-5c1a-4cba-b27d-9eac94437c20-GrpcLogAppender: appendEntries Timeout, request=2e525942-e927-41dd-97b7-9b9ba8560315->315b4b00-5c1a-4cba-b27d-9eac94437c20#40-t2, previous=(t:2, i:20), leaderCommit=16, initializing? false, entries: <empty>
2019-09-16 16:55:29,838 [java.util.concurrent.ThreadPoolExecutor$Worker@15ce7ec6[State = -1, empty queue]] WARN  server.GrpcLogAppender (GrpcLogAppender.java:timeoutAppendRequest(200)) - 2e525942-e927-41dd-97b7-9b9ba8560315@group-A91BA5A7B369->315b4b00-5c1a-4cba-b27d-9eac94437c20-GrpcLogAppender: appendEntries Timeout, request=2e525942-e927-41dd-97b7-9b9ba8560315->315b4b00-5c1a-4cba-b27d-9eac94437c20#41-t2, previous=(t:2, i:20), leaderCommit=16, initializing? false, entries: <empty>
2019-09-16 16:55:29,838 [java.util.concurrent.ThreadPoolExecutor$Worker@4a6d51fe[State = -1, empty queue]] WARN  server.GrpcLogAppender (GrpcLogAppender.java:timeoutAppendRequest(200)) - 2e525942-e927-41dd-97b7-9b9ba8560315@group-A91BA5A7B369->c232c0ff-9192-4b00-ad60-76b55f03f95e-GrpcLogAppender: appendEntries Timeout, request=2e525942-e927-41dd-97b7-9b9ba8560315->c232c0ff-9192-4b00-ad60-76b55f03f95e#41-t2, previous=(t:2, i:20), leaderCommit=16, initializing? false, entries: <empty>
2019-09-16 16:55:30,340 [java.util.concurrent.ThreadPoolExecutor$Worker@15ce7ec6[State = -1, empty queue]] WARN  server.GrpcLogAppender (GrpcLogAppender.java:timeoutAppendRequest(200)) - 2e525942-e927-41dd-97b7-9b9ba8560315@group-A91BA5A7B369->315b4b00-5c1a-4cba-b27d-9eac94437c20-GrpcLogAppender: appendEntries Timeout, request=2e525942-e927-41dd-97b7-9b9ba8560315->315b4b00-5c1a-4cba-b27d-9eac94437c20#42-t2, previous=(t:2, i:20), leaderCommit=16, initializing? false, entries: <empty>
2019-09-16 16:55:30,340 [java.util.concurrent.ThreadPoolExecutor$Worker@4a6d51fe[State = -1, empty queue]] WARN  server.GrpcLogAppender (GrpcLogAppender.java:timeoutAppendRequest(200)) - 2e525942-e927-41dd-97b7-9b9ba8560315@group-A91BA5A7B369->c232c0ff-9192-4b00-ad60-76b55f03f95e-GrpcLogAppender: appendEntries Timeout, request=2e525942-e927-41dd-97b7-9b9ba8560315->c232c0ff-9192-4b00-ad60-76b55f03f95e#42-t2, previous=(t:2, i:20), leaderCommit=16, initializing? false, entries: <empty>
2019-09-16 16:55:30,840 [java.util.concurrent.ThreadPoolExecutor$Worker@15ce7ec6[State = -1, empty queue]] WARN  server.GrpcLogAppender (GrpcLogAppender.java:timeoutAppendRequest(200)) - 2e525942-e927-41dd-97b7-9b9ba8560315@group-A91BA5A7B369->315b4b00-5c1a-4cba-b27d-9eac94437c20-GrpcLogAppender: appendEntries Timeout, request=2e525942-e927-41dd-97b7-9b9ba8560315->315b4b00-5c1a-4cba-b27d-9eac94437c20#43-t2, previous=(t:2, i:20), leaderCommit=16, initializing? false, entries: <empty>
2019-09-16 16:55:30,840 [java.util.concurrent.ThreadPoolExecutor$Worker@4a6d51fe[State = -1, empty queue]] WARN  server.GrpcLogAppender (GrpcLogAppender.java:timeoutAppendRequest(200)) - 2e525942-e927-41dd-97b7-9b9ba8560315@group-A91BA5A7B369->c232c0ff-9192-4b00-ad60-76b55f03f95e-GrpcLogAppender: appendEntries Timeout, request=2e525942-e927-41dd-97b7-9b9ba8560315->c232c0ff-9192-4b00-ad60-76b55f03f95e#43-t2, previous=(t:2, i:20), leaderCommit=16, initializing? false, entries: <empty>
2019-09-16 16:55:31,340 [java.util.concurrent.ThreadPoolExecutor$Worker@15ce7ec6[State = -1, empty queue]] WARN  server.GrpcLogAppender (GrpcLogAppender.java:timeoutAppendRequest(200)) - 2e525942-e927-41dd-97b7-9b9ba8560315@group-A91BA5A7B369->315b4b00-5c1a-4cba-b27d-9eac94437c20-GrpcLogAppender: appendEntries Timeout, request=2e525942-e927-41dd-97b7-9b9ba8560315->315b4b00-5c1a-4cba-b27d-9eac94437c20#44-t2, previous=(t:2, i:20), leaderCommit=16, initializing? false, entries: <empty>
2019-09-16 16:55:31,340 [java.util.concurrent.ThreadPoolExecutor$Worker@4a6d51fe[State = -1, empty queue]] WARN  server.GrpcLogAppender (GrpcLogAppender.java:timeoutAppendRequest(200)) - 2e525942-e927-41dd-97b7-9b9ba8560315@group-A91BA5A7B369->c232c0ff-9192-4b00-ad60-76b55f03f95e-GrpcLogAppender: appendEntries Timeout, request=2e525942-e927-41dd-97b7-9b9ba8560315->c232c0ff-9192-4b00-ad60-76b55f03f95e#44-t2, previous=(t:2, i:20), leaderCommit=16, initializing? false, entries: <empty>
2019-09-16 16:55:31,841 [java.util.concurrent.ThreadPoolExecutor$Worker@4a6d51fe[State = -1, empty queue]] WARN  server.GrpcLogAppender (GrpcLogAppender.java:timeoutAppendRequest(200)) - 2e525942-e927-41dd-97b7-9b9ba8560315@group-A91BA5A7B369->c232c0ff-9192-4b00-ad60-76b55f03f95e-GrpcLogAppender: appendEntries Timeout, request=2e525942-e927-41dd-97b7-9b9ba8560315->c232c0ff-9192-4b00-ad60-76b55f03f95e#45-t2, previous=(t:2, i:20), leaderCommit=16, initializing? false, entries: <empty>
2019-09-16 16:55:31,841 [java.util.concurrent.ThreadPoolExecutor$Worker@15ce7ec6[State = -1, empty queue]] WARN  server.GrpcLogAppender (GrpcLogAppender.java:timeoutAppendRequest(200)) - 2e525942-e927-41dd-97b7-9b9ba8560315@group-A91BA5A7B369->315b4b00-5c1a-4cba-b27d-9eac94437c20-GrpcLogAppender: appendEntries Timeout, request=2e525942-e927-41dd-97b7-9b9ba8560315->315b4b00-5c1a-4cba-b27d-9eac94437c20#45-t2, previous=(t:2, i:20), leaderCommit=16, initializing? false, entries: <empty>
2019-09-16 16:55:31,998 [grpc-default-executor-5] INFO  client.GrpcClientProtocolClient (GrpcClientProtocolClient.java:onNext(264)) - client-59284F2D283B->315b4b00-5c1a-4cba-b27d-9eac94437c20: receive RaftClientReply:client-59284F2D283B->315b4b00-5c1a-4cba-b27d-9eac94437c20@group-A91BA5A7B369, cid=29, FAILED org.apache.ratis.protocol.NotLeaderException: Server 315b4b00-5c1a-4cba-b27d-9eac94437c20@group-A91BA5A7B369 is not the leader 2e525942-e927-41dd-97b7-9b9ba8560315:192.168.34.37:33333, logIndex=0, commits[315b4b00-5c1a-4cba-b27d-9eac94437c20:c16, 2e525942-e927-41dd-97b7-9b9ba8560315:c16, c232c0ff-9192-4b00-ad60-76b55f03f95e:c12]
2019-09-16 16:55:32,342 [java.util.concurrent.ThreadPoolExecutor$Worker@15ce7ec6[State = -1, empty queue]] WARN  server.GrpcLogAppender (GrpcLogAppender.java:timeoutAppendRequest(200)) - 2e525942-e927-41dd-97b7-9b9ba8560315@group-A91BA5A7B369->315b4b00-5c1a-4cba-b27d-9eac94437c20-GrpcLogAppender: appendEntries Timeout, request=2e525942-e927-41dd-97b7-9b9ba8560315->315b4b00-5c1a-4cba-b27d-9eac94437c20#46-t2, previous=(t:2, i:20), leaderCommit=16, initializing? false, entries: <empty>
2019-09-16 16:55:32,342 [java.util.concurrent.ThreadPoolExecutor$Worker@4a6d51fe[State = -1, empty queue]] WARN  server.GrpcLogAppender (GrpcLogAppender.java:timeoutAppendRequest(200)) - 2e525942-e927-41dd-97b7-9b9ba8560315@group-A91BA5A7B369->c232c0ff-9192-4b00-ad60-76b55f03f95e-GrpcLogAppender: appendEntries Timeout, request=2e525942-e927-41dd-97b7-9b9ba8560315->c232c0ff-9192-4b00-ad60-76b55f03f95e#46-t2, previous=(t:2, i:20), leaderCommit=16, initializing? false, entries: <empty>
2019-09-16 16:55:32,843 [java.util.concurrent.ThreadPoolExecutor$Worker@4a6d51fe[State = -1, empty queue]] WARN  server.GrpcLogAppender (GrpcLogAppender.java:timeoutAppendRequest(200)) - 2e525942-e927-41dd-97b7-9b9ba8560315@group-A91BA5A7B369->c232c0ff-9192-4b00-ad60-76b55f03f95e-GrpcLogAppender: appendEntries Timeout, request=2e525942-e927-41dd-97b7-9b9ba8560315->c232c0ff-9192-4b00-ad60-76b55f03f95e#47-t2, previous=(t:2, i:20), leaderCommit=16, initializing? false, entries: <empty>
2019-09-16 16:55:32,843 [java.util.concurrent.ThreadPoolExecutor$Worker@15ce7ec6[State = -1, empty queue]] WARN  server.GrpcLogAppender (GrpcLogAppender.java:timeoutAppendRequest(200)) - 2e525942-e927-41dd-97b7-9b9ba8560315@group-A91BA5A7B369->315b4b00-5c1a-4cba-b27d-9eac94437c20-GrpcLogAppender: appendEntries Timeout, request=2e525942-e927-41dd-97b7-9b9ba8560315->315b4b00-5c1a-4cba-b27d-9eac94437c20#47-t2, previous=(t:2, i:20), leaderCommit=16, initializing? false, entries: <empty>
2019-09-16 16:55:33,344 [java.util.concurrent.ThreadPoolExecutor$Worker@15ce7ec6[State = -1, empty queue]] WARN  server.GrpcLogAppender (GrpcLogAppender.java:timeoutAppendRequest(200)) - 2e525942-e927-41dd-97b7-9b9ba8560315@group-A91BA5A7B369->315b4b00-5c1a-4cba-b27d-9eac94437c20-GrpcLogAppender: appendEntries Timeout, request=2e525942-e927-41dd-97b7-9b9ba8560315->315b4b00-5c1a-4cba-b27d-9eac94437c20#48-t2, previous=(t:2, i:20), leaderCommit=16, initializing? false, entries: <empty>
2019-09-16 16:55:33,344 [java.util.concurrent.ThreadPoolExecutor$Worker@4a6d51fe[State = -1, empty queue]] WARN  server.GrpcLogAppender (GrpcLogAppender.java:timeoutAppendRequest(200)) - 2e525942-e927-41dd-97b7-9b9ba8560315@group-A91BA5A7B369->c232c0ff-9192-4b00-ad60-76b55f03f95e-GrpcLogAppender: appendEntries Timeout, request=2e525942-e927-41dd-97b7-9b9ba8560315->c232c0ff-9192-4b00-ad60-76b55f03f95e#48-t2, previous=(t:2, i:20), leaderCommit=16, initializing? false, entries: <empty>
2019-09-16 16:55:33,844 [java.util.concurrent.ThreadPoolExecutor$Worker@4a6d51fe[State = -1, empty queue]] WARN  server.GrpcLogAppender (GrpcLogAppender.java:timeoutAppendRequest(200)) - 2e525942-e927-41dd-97b7-9b9ba8560315@group-A91BA5A7B369->c232c0ff-9192-4b00-ad60-76b55f03f95e-GrpcLogAppender: appendEntries Timeout, request=2e525942-e927-41dd-97b7-9b9ba8560315->c232c0ff-9192-4b00-ad60-76b55f03f95e#49-t2, previous=(t:2, i:20), leaderCommit=16, initializing? false, entries: <empty>
2019-09-16 16:55:33,844 [java.util.concurrent.ThreadPoolExecutor$Worker@15ce7ec6[State = -1, empty queue]] WARN  server.GrpcLogAppender (GrpcLogAppender.java:timeoutAppendRequest(200)) - 2e525942-e927-41dd-97b7-9b9ba8560315@group-A91BA5A7B369->315b4b00-5c1a-4cba-b27d-9eac94437c20-GrpcLogAppender: appendEntries Timeout, request=2e525942-e927-41dd-97b7-9b9ba8560315->315b4b00-5c1a-4cba-b27d-9eac94437c20#49-t2, previous=(t:2, i:20), leaderCommit=16, initializing? false, entries: <empty>
2019-09-16 16:55:34,345 [java.util.concurrent.ThreadPoolExecutor$Worker@4a6d51fe[State = -1, empty queue]] WARN  server.GrpcLogAppender (GrpcLogAppender.java:timeoutAppendRequest(200)) - 2e525942-e927-41dd-97b7-9b9ba8560315@group-A91BA5A7B369->c232c0ff-9192-4b00-ad60-76b55f03f95e-GrpcLogAppender: appendEntries Timeout, request=2e525942-e927-41dd-97b7-9b9ba8560315->c232c0ff-9192-4b00-ad60-76b55f03f95e#50-t2, previous=(t:2, i:20), leaderCommit=16, initializing? false, entries: <empty>
2019-09-16 16:55:34,345 [java.util.concurrent.ThreadPoolExecutor$Worker@15ce7ec6[State = -1, empty queue]] WARN  server.GrpcLogAppender (GrpcLogAppender.java:timeoutAppendRequest(200)) - 2e525942-e927-41dd-97b7-9b9ba8560315@group-A91BA5A7B369->315b4b00-5c1a-4cba-b27d-9eac94437c20-GrpcLogAppender: appendEntries Timeout, request=2e525942-e927-41dd-97b7-9b9ba8560315->315b4b00-5c1a-4cba-b27d-9eac94437c20#50-t2, previous=(t:2, i:20), leaderCommit=16, initializing? false, entries: <empty>
2019-09-16 16:55:34,846 [java.util.concurrent.ThreadPoolExecutor$Worker@15ce7ec6[State = -1, empty queue]] WARN  server.GrpcLogAppender (GrpcLogAppender.java:timeoutAppendRequest(200)) - 2e525942-e927-41dd-97b7-9b9ba8560315@group-A91BA5A7B369->315b4b00-5c1a-4cba-b27d-9eac94437c20-GrpcLogAppender: appendEntries Timeout, request=2e525942-e927-41dd-97b7-9b9ba8560315->315b4b00-5c1a-4cba-b27d-9eac94437c20#51-t2, previous=(t:2, i:20), leaderCommit=16, initializing? false, entries: <empty>
2019-09-16 16:55:34,846 [java.util.concurrent.ThreadPoolExecutor$Worker@4a6d51fe[State = -1, empty queue]] WARN  server.GrpcLogAppender (GrpcLogAppender.java:timeoutAppendRequest(200)) - 2e525942-e927-41dd-97b7-9b9ba8560315@group-A91BA5A7B369->c232c0ff-9192-4b00-ad60-76b55f03f95e-GrpcLogAppender: appendEntries Timeout, request=2e525942-e927-41dd-97b7-9b9ba8560315->c232c0ff-9192-4b00-ad60-76b55f03f95e#51-t2, previous=(t:2, i:20), leaderCommit=16, initializing? false, entries: <empty>
2019-09-16 16:55:35,029 [main] WARN  io.KeyOutputStream (KeyOutputStream.java:handleException(276)) - Encountered exception java.io.IOException: Unexpected Storage Container Exception: java.util.concurrent.CompletionException: java.util.concurrent.CompletionException: org.apache.ratis.protocol.RaftRetryFailureException: Failed RaftClientRequest:client-59284F2D283B->2e525942-e927-41dd-97b7-9b9ba8560315@group-A91BA5A7B369, cid=29, seq=9*, RW, org.apache.hadoop.hdds.scm.XceiverClientRatis$$Lambda$448/787298292@390d3919 for 10 attempts with RetryLimited(maxAttempts=10, sleepTime=1000ms) on the pipeline Pipeline[ Id: 2930b6d6-5a9e-418f-ba71-a91ba5a7b369, Nodes: 2e525942-e927-41dd-97b7-9b9ba8560315{ip: 192.168.34.37, host: pr-hdds-1879-plksr-2441821890, networkLocation: /default-rack, certSerialId: null}c232c0ff-9192-4b00-ad60-76b55f03f95e{ip: 192.168.34.37, host: pr-hdds-1879-plksr-2441821890, networkLocation: /default-rack, certSerialId: null}315b4b00-5c1a-4cba-b27d-9eac94437c20{ip: 192.168.34.37, host: pr-hdds-1879-plksr-2441821890, networkLocation: /default-rack, certSerialId: null}, Type:RATIS, Factor:THREE, State:OPEN]. The last committed block length is 0, uncommitted data length is 2097152 retry count 0
2019-09-16 16:55:35,075 [grpc-default-executor-5] INFO  client.GrpcClientProtocolClient (GrpcClientProtocolClient.java:onNext(264)) - client-B39EF5C42450->82d73395-84ed-4f5d-a3d4-b8dc3778e9c8: receive RaftClientReply:client-B39EF5C42450->82d73395-84ed-4f5d-a3d4-b8dc3778e9c8@group-96041FA828FE, cid=33, FAILED org.apache.ratis.protocol.NotLeaderException: Server 82d73395-84ed-4f5d-a3d4-b8dc3778e9c8@group-96041FA828FE is not the leader 84a51469-6089-434c-9409-be6ecd1b15ae:192.168.34.37:37072, logIndex=0, commits[82d73395-84ed-4f5d-a3d4-b8dc3778e9c8:c0, 84a51469-6089-434c-9409-be6ecd1b15ae:c0, ff1392d6-f741-46e8-b06b-d99a585290d3:c0]
2019-09-16 16:55:35,205 [grpc-default-executor-3] INFO  client.GrpcClientProtocolClient (GrpcClientProtocolClient.java:onNext(264)) - client-B39EF5C42450->84a51469-6089-434c-9409-be6ecd1b15ae: receive RaftClientReply:client-B39EF5C42450->84a51469-6089-434c-9409-be6ecd1b15ae@group-96041FA828FE, cid=33, SUCCESS, logIndex=1, commits[84a51469-6089-434c-9409-be6ecd1b15ae:c1, ff1392d6-f741-46e8-b06b-d99a585290d3:c0, 82d73395-84ed-4f5d-a3d4-b8dc3778e9c8:c0]
2019-09-16 16:55:35,253 [grpc-default-executor-3] INFO  client.GrpcClientProtocolClient (GrpcClientProtocolClient.java:onNext(264)) - client-B39EF5C42450->84a51469-6089-434c-9409-be6ecd1b15ae: receive RaftClientReply:client-B39EF5C42450->84a51469-6089-434c-9409-be6ecd1b15ae@group-96041FA828FE, cid=34, SUCCESS, logIndex=3, commits[84a51469-6089-434c-9409-be6ecd1b15ae:c8, ff1392d6-f741-46e8-b06b-d99a585290d3:c5, 82d73395-84ed-4f5d-a3d4-b8dc3778e9c8:c5]
2019-09-16 16:55:35,256 [grpc-default-executor-3] INFO  client.GrpcClientProtocolClient (GrpcClientProtocolClient.java:onNext(264)) - client-B39EF5C42450->84a51469-6089-434c-9409-be6ecd1b15ae: receive RaftClientReply:client-B39EF5C42450->84a51469-6089-434c-9409-be6ecd1b15ae@group-96041FA828FE, cid=35, SUCCESS, logIndex=4, commits[84a51469-6089-434c-9409-be6ecd1b15ae:c8, ff1392d6-f741-46e8-b06b-d99a585290d3:c5, 82d73395-84ed-4f5d-a3d4-b8dc3778e9c8:c5]
2019-09-16 16:55:35,280 [grpc-default-executor-3] INFO  client.GrpcClientProtocolClient (GrpcClientProtocolClient.java:onNext(264)) - client-B39EF5C42450->84a51469-6089-434c-9409-be6ecd1b15ae: receive RaftClientReply:client-B39EF5C42450->84a51469-6089-434c-9409-be6ecd1b15ae@group-96041FA828FE, cid=36, SUCCESS, logIndex=5, commits[84a51469-6089-434c-9409-be6ecd1b15ae:c8, ff1392d6-f741-46e8-b06b-d99a585290d3:c5, 82d73395-84ed-4f5d-a3d4-b8dc3778e9c8:c5]
2019-09-16 16:55:35,339 [grpc-default-executor-3] INFO  client.GrpcClientProtocolClient (GrpcClientProtocolClient.java:onNext(264)) - client-B39EF5C42450->84a51469-6089-434c-9409-be6ecd1b15ae: receive RaftClientReply:client-B39EF5C42450->84a51469-6089-434c-9409-be6ecd1b15ae@group-96041FA828FE, cid=37, SUCCESS, logIndex=9, commits[84a51469-6089-434c-9409-be6ecd1b15ae:c10, ff1392d6-f741-46e8-b06b-d99a585290d3:c8, 82d73395-84ed-4f5d-a3d4-b8dc3778e9c8:c8]
2019-09-16 16:55:35,342 [grpc-default-executor-4] INFO  client.GrpcClientProtocolClient (GrpcClientProtocolClient.java:onNext(264)) - client-B39EF5C42450->84a51469-6089-434c-9409-be6ecd1b15ae: receive RaftClientReply:client-B39EF5C42450->84a51469-6089-434c-9409-be6ecd1b15ae@group-96041FA828FE, cid=38, SUCCESS, logIndex=10, commits[84a51469-6089-434c-9409-be6ecd1b15ae:c10, ff1392d6-f741-46e8-b06b-d99a585290d3:c8, 82d73395-84ed-4f5d-a3d4-b8dc3778e9c8:c8]
2019-09-16 16:55:35,345 [grpc-default-executor-5] INFO  client.GrpcClientProtocolClient (GrpcClientProtocolClient.java:onNext(264)) - client-B39EF5C42450->84a51469-6089-434c-9409-be6ecd1b15ae: receive RaftClientReply:client-B39EF5C42450->84a51469-6089-434c-9409-be6ecd1b15ae@group-96041FA828FE, cid=39, SUCCESS, logIndex=11, commits[84a51469-6089-434c-9409-be6ecd1b15ae:c13, ff1392d6-f741-46e8-b06b-d99a585290d3:c8, 82d73395-84ed-4f5d-a3d4-b8dc3778e9c8:c9]
2019-09-16 16:55:35,346 [grpc-default-executor-3] INFO  client.GrpcClientProtocolClient (GrpcClientProtocolClient.java:onNext(264)) - client-B39EF5C42450->84a51469-6089-434c-9409-be6ecd1b15ae: receive RaftClientReply:client-B39EF5C42450->84a51469-6089-434c-9409-be6ecd1b15ae@group-96041FA828FE, cid=40, SUCCESS, logIndex=12, commits[84a51469-6089-434c-9409-be6ecd1b15ae:c14, ff1392d6-f741-46e8-b06b-d99a585290d3:c8, 82d73395-84ed-4f5d-a3d4-b8dc3778e9c8:c10]
2019-09-16 16:55:35,349 [java.util.concurrent.ThreadPoolExecutor$Worker@15ce7ec6[State = -1, empty queue]] WARN  server.GrpcLogAppender (GrpcLogAppender.java:timeoutAppendRequest(200)) - 2e525942-e927-41dd-97b7-9b9ba8560315@group-A91BA5A7B369->315b4b00-5c1a-4cba-b27d-9eac94437c20-GrpcLogAppender: appendEntries Timeout, request=2e525942-e927-41dd-97b7-9b9ba8560315->315b4b00-5c1a-4cba-b27d-9eac94437c20#52-t2, previous=(t:2, i:20), leaderCommit=16, initializing? false, entries: <empty>
2019-09-16 16:55:35,349 [java.util.concurrent.ThreadPoolExecutor$Worker@4a6d51fe[State = -1, empty queue]] WARN  server.GrpcLogAppender (GrpcLogAppender.java:timeoutAppendRequest(200)) - 2e525942-e927-41dd-97b7-9b9ba8560315@group-A91BA5A7B369->c232c0ff-9192-4b00-ad60-76b55f03f95e-GrpcLogAppender: appendEntries Timeout, request=2e525942-e927-41dd-97b7-9b9ba8560315->c232c0ff-9192-4b00-ad60-76b55f03f95e#52-t2, previous=(t:2, i:20), leaderCommit=16, initializing? false, entries: <empty>
2019-09-16 16:55:35,358 [grpc-default-executor-1] INFO  client.GrpcClientProtocolClient (GrpcClientProtocolClient.java:onNext(264)) - client-B39EF5C42450->84a51469-6089-434c-9409-be6ecd1b15ae: receive RaftClientReply:client-B39EF5C42450->84a51469-6089-434c-9409-be6ecd1b15ae@group-96041FA828FE, cid=41, SUCCESS, logIndex=0, commits[84a51469-6089-434c-9409-be6ecd1b15ae:c16, ff1392d6-f741-46e8-b06b-d99a585290d3:c13, 82d73395-84ed-4f5d-a3d4-b8dc3778e9c8:c11]
2019-09-16 16:55:35,360 [grpc-default-executor-1] INFO  client.GrpcClientProtocolClient (GrpcClientProtocolClient.java:onNext(264)) - client-B39EF5C42450->84a51469-6089-434c-9409-be6ecd1b15ae: receive RaftClientReply:client-B39EF5C42450->84a51469-6089-434c-9409-be6ecd1b15ae@group-96041FA828FE, cid=42, SUCCESS, logIndex=0, commits[84a51469-6089-434c-9409-be6ecd1b15ae:c16, ff1392d6-f741-46e8-b06b-d99a585290d3:c13, 82d73395-84ed-4f5d-a3d4-b8dc3778e9c8:c13]
2019-09-16 16:55:35,850 [java.util.concurrent.ThreadPoolExecutor$Worker@15ce7ec6[State = -1, empty queue]] WARN  server.GrpcLogAppender (GrpcLogAppender.java:timeoutAppendRequest(200)) - 2e525942-e927-41dd-97b7-9b9ba8560315@group-A91BA5A7B369->315b4b00-5c1a-4cba-b27d-9eac94437c20-GrpcLogAppender: appendEntries Timeout, request=2e525942-e927-41dd-97b7-9b9ba8560315->315b4b00-5c1a-4cba-b27d-9eac94437c20#53-t2, previous=(t:2, i:20), leaderCommit=16, initializing? false, entries: <empty>
2019-09-16 16:55:35,850 [java.util.concurrent.ThreadPoolExecutor$Worker@4a6d51fe[State = -1, empty queue]] WARN  server.GrpcLogAppender (GrpcLogAppender.java:timeoutAppendRequest(200)) - 2e525942-e927-41dd-97b7-9b9ba8560315@group-A91BA5A7B369->c232c0ff-9192-4b00-ad60-76b55f03f95e-GrpcLogAppender: appendEntries Timeout, request=2e525942-e927-41dd-97b7-9b9ba8560315->c232c0ff-9192-4b00-ad60-76b55f03f95e#53-t2, previous=(t:2, i:20), leaderCommit=16, initializing? false, entries: <empty>
2019-09-16 16:55:36,350 [java.util.concurrent.ThreadPoolExecutor$Worker@4a6d51fe[State = -1, empty queue]] WARN  server.GrpcLogAppender (GrpcLogAppender.java:timeoutAppendRequest(200)) - 2e525942-e927-41dd-97b7-9b9ba8560315@group-A91BA5A7B369->c232c0ff-9192-4b00-ad60-76b55f03f95e-GrpcLogAppender: appendEntries Timeout, request=2e525942-e927-41dd-97b7-9b9ba8560315->c232c0ff-9192-4b00-ad60-76b55f03f95e#54-t2, previous=(t:2, i:20), leaderCommit=16, initializing? false, entries: <empty>
2019-09-16 16:55:36,350 [java.util.concurrent.ThreadPoolExecutor$Worker@15ce7ec6[State = -1, empty queue]] WARN  server.GrpcLogAppender (GrpcLogAppender.java:timeoutAppendRequest(200)) - 2e525942-e927-41dd-97b7-9b9ba8560315@group-A91BA5A7B369->315b4b00-5c1a-4cba-b27d-9eac94437c20-GrpcLogAppender: appendEntries Timeout, request=2e525942-e927-41dd-97b7-9b9ba8560315->315b4b00-5c1a-4cba-b27d-9eac94437c20#54-t2, previous=(t:2, i:20), leaderCommit=16, initializing? false, entries: <empty>
2019-09-16 16:55:36,851 [java.util.concurrent.ThreadPoolExecutor$Worker@4a6d51fe[State = -1, empty queue]] WARN  server.GrpcLogAppender (GrpcLogAppender.java:timeoutAppendRequest(200)) - 2e525942-e927-41dd-97b7-9b9ba8560315@group-A91BA5A7B369->c232c0ff-9192-4b00-ad60-76b55f03f95e-GrpcLogAppender: appendEntries Timeout, request=2e525942-e927-41dd-97b7-9b9ba8560315->c232c0ff-9192-4b00-ad60-76b55f03f95e#55-t2, previous=(t:2, i:20), leaderCommit=16, initializing? false, entries: <empty>
2019-09-16 16:55:36,851 [java.util.concurrent.ThreadPoolExecutor$Worker@15ce7ec6[State = -1, empty queue]] WARN  server.GrpcLogAppender (GrpcLogAppender.java:timeoutAppendRequest(200)) - 2e525942-e927-41dd-97b7-9b9ba8560315@group-A91BA5A7B369->315b4b00-5c1a-4cba-b27d-9eac94437c20-GrpcLogAppender: appendEntries Timeout, request=2e525942-e927-41dd-97b7-9b9ba8560315->315b4b00-5c1a-4cba-b27d-9eac94437c20#55-t2, previous=(t:2, i:20), leaderCommit=16, initializing? false, entries: <empty>
2019-09-16 16:55:36,863 [c232c0ff-9192-4b00-ad60-76b55f03f95e@group-A91BA5A7B369-SegmentedRaftLogWorker] WARN  segmented.SegmentedRaftLogWorker (SegmentedRaftLogWorker.java:getFromFuture(90)) - Timeout 1/~
org.apache.ratis.protocol.TimeoutIOException: Timeout 10s: WriteLog:19: (t:2, i:19), STATEMACHINELOGENTRY, client-59284F2D283B, cid=31-writeStateMachineData
	at org.apache.ratis.util.IOUtils.getFromFuture(IOUtils.java:87)
	at org.apache.ratis.server.raftlog.segmented.SegmentedRaftLogWorker$StateMachineDataPolicy.getFromFuture(SegmentedRaftLogWorker.java:87)
	at org.apache.ratis.server.raftlog.segmented.SegmentedRaftLogWorker$WriteLog.execute(SegmentedRaftLogWorker.java:477)
	at org.apache.ratis.server.raftlog.segmented.SegmentedRaftLogWorker.run(SegmentedRaftLogWorker.java:289)
	at java.lang.Thread.run(Thread.java:748)
Caused by: java.util.concurrent.TimeoutException
	at java.util.concurrent.CompletableFuture.timedGet(CompletableFuture.java:1771)
	at java.util.concurrent.CompletableFuture.get(CompletableFuture.java:1915)
	at org.apache.ratis.util.IOUtils.getFromFuture(IOUtils.java:79)
	... 4 more
2019-09-16 16:55:36,864 [2e525942-e927-41dd-97b7-9b9ba8560315@group-A91BA5A7B369-SegmentedRaftLogWorker] WARN  segmented.SegmentedRaftLogWorker (SegmentedRaftLogWorker.java:getFromFuture(90)) - Timeout 1/~
org.apache.ratis.protocol.TimeoutIOException: Timeout 10s: WriteLog:19: (t:2, i:19), STATEMACHINELOGENTRY, client-59284F2D283B, cid=31-writeStateMachineData
	at org.apache.ratis.util.IOUtils.getFromFuture(IOUtils.java:87)
	at org.apache.ratis.server.raftlog.segmented.SegmentedRaftLogWorker$StateMachineDataPolicy.getFromFuture(SegmentedRaftLogWorker.java:87)
	at org.apache.ratis.server.raftlog.segmented.SegmentedRaftLogWorker$WriteLog.execute(SegmentedRaftLogWorker.java:477)
	at org.apache.ratis.server.raftlog.segmented.SegmentedRaftLogWorker.run(SegmentedRaftLogWorker.java:289)
	at java.lang.Thread.run(Thread.java:748)
Caused by: java.util.concurrent.TimeoutException
	at java.util.concurrent.CompletableFuture.timedGet(CompletableFuture.java:1771)
	at java.util.concurrent.CompletableFuture.get(CompletableFuture.java:1915)
	at org.apache.ratis.util.IOUtils.getFromFuture(IOUtils.java:79)
	... 4 more
2019-09-16 16:55:36,891 [315b4b00-5c1a-4cba-b27d-9eac94437c20@group-A91BA5A7B369-SegmentedRaftLogWorker] WARN  segmented.SegmentedRaftLogWorker (SegmentedRaftLogWorker.java:getFromFuture(90)) - Timeout 1/~
org.apache.ratis.protocol.TimeoutIOException: Timeout 10s: WriteLog:19: (t:2, i:19), STATEMACHINELOGENTRY, client-59284F2D283B, cid=31-writeStateMachineData
	at org.apache.ratis.util.IOUtils.getFromFuture(IOUtils.java:87)
	at org.apache.ratis.server.raftlog.segmented.SegmentedRaftLogWorker$StateMachineDataPolicy.getFromFuture(SegmentedRaftLogWorker.java:87)
	at org.apache.ratis.server.raftlog.segmented.SegmentedRaftLogWorker$WriteLog.execute(SegmentedRaftLogWorker.java:477)
	at org.apache.ratis.server.raftlog.segmented.SegmentedRaftLogWorker.run(SegmentedRaftLogWorker.java:289)
	at java.lang.Thread.run(Thread.java:748)
Caused by: java.util.concurrent.TimeoutException
	at java.util.concurrent.CompletableFuture.timedGet(CompletableFuture.java:1771)
	at java.util.concurrent.CompletableFuture.get(CompletableFuture.java:1915)
	at org.apache.ratis.util.IOUtils.getFromFuture(IOUtils.java:79)
	... 4 more
2019-09-16 16:55:37,352 [java.util.concurrent.ThreadPoolExecutor$Worker@4a6d51fe[State = -1, empty queue]] WARN  server.GrpcLogAppender (GrpcLogAppender.java:timeoutAppendRequest(200)) - 2e525942-e927-41dd-97b7-9b9ba8560315@group-A91BA5A7B369->c232c0ff-9192-4b00-ad60-76b55f03f95e-GrpcLogAppender: appendEntries Timeout, request=2e525942-e927-41dd-97b7-9b9ba8560315->c232c0ff-9192-4b00-ad60-76b55f03f95e#56-t2, previous=(t:2, i:20), leaderCommit=16, initializing? false, entries: <empty>
2019-09-16 16:55:37,352 [java.util.concurrent.ThreadPoolExecutor$Worker@15ce7ec6[State = -1, empty queue]] WARN  server.GrpcLogAppender (GrpcLogAppender.java:timeoutAppendRequest(200)) - 2e525942-e927-41dd-97b7-9b9ba8560315@group-A91BA5A7B369->315b4b00-5c1a-4cba-b27d-9eac94437c20-GrpcLogAppender: appendEntries Timeout, request=2e525942-e927-41dd-97b7-9b9ba8560315->315b4b00-5c1a-4cba-b27d-9eac94437c20#56-t2, previous=(t:2, i:20), leaderCommit=16, initializing? false, entries: <empty>
2019-09-16 16:55:37,852 [java.util.concurrent.ThreadPoolExecutor$Worker@15ce7ec6[State = -1, empty queue]] WARN  server.GrpcLogAppender (GrpcLogAppender.java:timeoutAppendRequest(200)) - 2e525942-e927-41dd-97b7-9b9ba8560315@group-A91BA5A7B369->315b4b00-5c1a-4cba-b27d-9eac94437c20-GrpcLogAppender: appendEntries Timeout, request=2e525942-e927-41dd-97b7-9b9ba8560315->315b4b00-5c1a-4cba-b27d-9eac94437c20#57-t2, previous=(t:2, i:20), leaderCommit=16, initializing? false, entries: <empty>
2019-09-16 16:55:37,852 [java.util.concurrent.ThreadPoolExecutor$Worker@4a6d51fe[State = -1, empty queue]] WARN  server.GrpcLogAppender (GrpcLogAppender.java:timeoutAppendRequest(200)) - 2e525942-e927-41dd-97b7-9b9ba8560315@group-A91BA5A7B369->c232c0ff-9192-4b00-ad60-76b55f03f95e-GrpcLogAppender: appendEntries Timeout, request=2e525942-e927-41dd-97b7-9b9ba8560315->c232c0ff-9192-4b00-ad60-76b55f03f95e#57-t2, previous=(t:2, i:20), leaderCommit=16, initializing? false, entries: <empty>
2019-09-16 16:55:38,355 [java.util.concurrent.ThreadPoolExecutor$Worker@15ce7ec6[State = -1, empty queue]] WARN  server.GrpcLogAppender (GrpcLogAppender.java:timeoutAppendRequest(200)) - 2e525942-e927-41dd-97b7-9b9ba8560315@group-A91BA5A7B369->315b4b00-5c1a-4cba-b27d-9eac94437c20-GrpcLogAppender: appendEntries Timeout, request=2e525942-e927-41dd-97b7-9b9ba8560315->315b4b00-5c1a-4cba-b27d-9eac94437c20#58-t2, previous=(t:2, i:20), leaderCommit=16, initializing? false, entries: <empty>
2019-09-16 16:55:38,355 [java.util.concurrent.ThreadPoolExecutor$Worker@4a6d51fe[State = -1, empty queue]] WARN  server.GrpcLogAppender (GrpcLogAppender.java:timeoutAppendRequest(200)) - 2e525942-e927-41dd-97b7-9b9ba8560315@group-A91BA5A7B369->c232c0ff-9192-4b00-ad60-76b55f03f95e-GrpcLogAppender: appendEntries Timeout, request=2e525942-e927-41dd-97b7-9b9ba8560315->c232c0ff-9192-4b00-ad60-76b55f03f95e#58-t2, previous=(t:2, i:20), leaderCommit=16, initializing? false, entries: <empty>
2019-09-16 16:55:38,370 [java.util.concurrent.ThreadPoolExecutor$Worker@65ab53cc[State = -1, empty queue]] WARN  server.GrpcLogAppender (GrpcLogAppender.java:timeoutAppendRequest(200)) - 84a51469-6089-434c-9409-be6ecd1b15ae@group-96041FA828FE->82d73395-84ed-4f5d-a3d4-b8dc3778e9c8-GrpcLogAppender: appendEntries Timeout, request=84a51469-6089-434c-9409-be6ecd1b15ae->82d73395-84ed-4f5d-a3d4-b8dc3778e9c8#55-t2, previous=(t:2, i:16), leaderCommit=16, initializing? false, entries: size=1, first=(t:2, i:17), STATEMACHINELOGENTRY, client-B39EF5C42450, cid=43
2019-09-16 16:55:38,370 [java.util.concurrent.ThreadPoolExecutor$Worker@24305a62[State = -1, empty queue]] WARN  server.GrpcLogAppender (GrpcLogAppender.java:timeoutAppendRequest(200)) - 84a51469-6089-434c-9409-be6ecd1b15ae@group-96041FA828FE->ff1392d6-f741-46e8-b06b-d99a585290d3-GrpcLogAppender: appendEntries Timeout, request=84a51469-6089-434c-9409-be6ecd1b15ae->ff1392d6-f741-46e8-b06b-d99a585290d3#55-t2, previous=(t:2, i:16), leaderCommit=16, initializing? false, entries: size=1, first=(t:2, i:17), STATEMACHINELOGENTRY, client-B39EF5C42450, cid=43
2019-09-16 16:55:38,370 [java.util.concurrent.ThreadPoolExecutor$Worker@65ab53cc[State = -1, empty queue]] WARN  server.GrpcLogAppender (GrpcLogAppender.java:timeoutAppendRequest(200)) - 84a51469-6089-434c-9409-be6ecd1b15ae@group-96041FA828FE->82d73395-84ed-4f5d-a3d4-b8dc3778e9c8-GrpcLogAppender: appendEntries Timeout, request=84a51469-6089-434c-9409-be6ecd1b15ae->82d73395-84ed-4f5d-a3d4-b8dc3778e9c8#56-t2, previous=(t:2, i:17), leaderCommit=16, initializing? false, entries: size=1, first=(t:2, i:18), STATEMACHINELOGENTRY, client-B39EF5C42450, cid=44
2019-09-16 16:55:38,373 [java.util.concurrent.ThreadPoolExecutor$Worker@24305a62[State = -1, empty queue]] WARN  server.GrpcLogAppender (GrpcLogAppender.java:timeoutAppendRequest(200)) - 84a51469-6089-434c-9409-be6ecd1b15ae@group-96041FA828FE->ff1392d6-f741-46e8-b06b-d99a585290d3-GrpcLogAppender: appendEntries Timeout, request=84a51469-6089-434c-9409-be6ecd1b15ae->ff1392d6-f741-46e8-b06b-d99a585290d3#56-t2, previous=(t:2, i:17), leaderCommit=16, initializing? false, entries: size=1, first=(t:2, i:18), STATEMACHINELOGENTRY, client-B39EF5C42450, cid=44
2019-09-16 16:55:38,377 [java.util.concurrent.ThreadPoolExecutor$Worker@65ab53cc[State = -1, empty queue]] WARN  server.GrpcLogAppender (GrpcLogAppender.java:timeoutAppendRequest(200)) - 84a51469-6089-434c-9409-be6ecd1b15ae@group-96041FA828FE->82d73395-84ed-4f5d-a3d4-b8dc3778e9c8-GrpcLogAppender: appendEntries Timeout, request=84a51469-6089-434c-9409-be6ecd1b15ae->82d73395-84ed-4f5d-a3d4-b8dc3778e9c8#57-t2, previous=(t:2, i:18), leaderCommit=16, initializing? false, entries: size=1, first=(t:2, i:19), STATEMACHINELOGENTRY, client-B39EF5C42450, cid=45
2019-09-16 16:55:38,380 [java.util.concurrent.ThreadPoolExecutor$Worker@24305a62[State = -1, empty queue]] WARN  server.GrpcLogAppender (GrpcLogAppender.java:timeoutAppendRequest(200)) - 84a51469-6089-434c-9409-be6ecd1b15ae@group-96041FA828FE->ff1392d6-f741-46e8-b06b-d99a585290d3-GrpcLogAppender: appendEntries Timeout, request=84a51469-6089-434c-9409-be6ecd1b15ae->ff1392d6-f741-46e8-b06b-d99a585290d3#57-t2, previous=(t:2, i:18), leaderCommit=16, initializing? false, entries: size=1, first=(t:2, i:19), STATEMACHINELOGENTRY, client-B39EF5C42450, cid=45
2019-09-16 16:55:38,382 [java.util.concurrent.ThreadPoolExecutor$Worker@65ab53cc[State = -1, empty queue]] WARN  server.GrpcLogAppender (GrpcLogAppender.java:timeoutAppendRequest(200)) - 84a51469-6089-434c-9409-be6ecd1b15ae@group-96041FA828FE->82d73395-84ed-4f5d-a3d4-b8dc3778e9c8-GrpcLogAppender: appendEntries Timeout, request=84a51469-6089-434c-9409-be6ecd1b15ae->82d73395-84ed-4f5d-a3d4-b8dc3778e9c8#58-t2, previous=(t:2, i:19), leaderCommit=16, initializing? false, entries: size=1, first=(t:2, i:20), STATEMACHINELOGENTRY, client-B39EF5C42450, cid=46
2019-09-16 16:55:38,384 [java.util.concurrent.ThreadPoolExecutor$Worker@24305a62[State = -1, empty queue]] WARN  server.GrpcLogAppender (GrpcLogAppender.java:timeoutAppendRequest(200)) - 84a51469-6089-434c-9409-be6ecd1b15ae@group-96041FA828FE->ff1392d6-f741-46e8-b06b-d99a585290d3-GrpcLogAppender: appendEntries Timeout, request=84a51469-6089-434c-9409-be6ecd1b15ae->ff1392d6-f741-46e8-b06b-d99a585290d3#58-t2, previous=(t:2, i:19), leaderCommit=16, initializing? false, entries: size=1, first=(t:2, i:20), STATEMACHINELOGENTRY, client-B39EF5C42450, cid=46
2019-09-16 16:55:38,856 [java.util.concurrent.ThreadPoolExecutor$Worker@15ce7ec6[State = -1, empty queue]] WARN  server.GrpcLogAppender (GrpcLogAppender.java:timeoutAppendRequest(200)) - 2e525942-e927-41dd-97b7-9b9ba8560315@group-A91BA5A7B369->315b4b00-5c1a-4cba-b27d-9eac94437c20-GrpcLogAppender: appendEntries Timeout, request=2e525942-e927-41dd-97b7-9b9ba8560315->315b4b00-5c1a-4cba-b27d-9eac94437c20#59-t2, previous=(t:2, i:20), leaderCommit=16, initializing? false, entries: <empty>
2019-09-16 16:55:38,856 [java.util.concurrent.ThreadPoolExecutor$Worker@4a6d51fe[State = -1, empty queue]] WARN  server.GrpcLogAppender (GrpcLogAppender.java:timeoutAppendRequest(200)) - 2e525942-e927-41dd-97b7-9b9ba8560315@group-A91BA5A7B369->c232c0ff-9192-4b00-ad60-76b55f03f95e-GrpcLogAppender: appendEntries Timeout, request=2e525942-e927-41dd-97b7-9b9ba8560315->c232c0ff-9192-4b00-ad60-76b55f03f95e#59-t2, previous=(t:2, i:20), leaderCommit=16, initializing? false, entries: <empty>
2019-09-16 16:55:38,877 [java.util.concurrent.ThreadPoolExecutor$Worker@24305a62[State = -1, empty queue]] WARN  server.GrpcLogAppender (GrpcLogAppender.java:timeoutAppendRequest(200)) - 84a51469-6089-434c-9409-be6ecd1b15ae@group-96041FA828FE->ff1392d6-f741-46e8-b06b-d99a585290d3-GrpcLogAppender: appendEntries Timeout, request=84a51469-6089-434c-9409-be6ecd1b15ae->ff1392d6-f741-46e8-b06b-d99a585290d3#59-t2, previous=(t:2, i:20), leaderCommit=16, initializing? false, entries: <empty>
2019-09-16 16:55:38,877 [java.util.concurrent.ThreadPoolExecutor$Worker@65ab53cc[State = -1, empty queue]] WARN  server.GrpcLogAppender (GrpcLogAppender.java:timeoutAppendRequest(200)) - 84a51469-6089-434c-9409-be6ecd1b15ae@group-96041FA828FE->82d73395-84ed-4f5d-a3d4-b8dc3778e9c8-GrpcLogAppender: appendEntries Timeout, request=84a51469-6089-434c-9409-be6ecd1b15ae->82d73395-84ed-4f5d-a3d4-b8dc3778e9c8#59-t2, previous=(t:2, i:20), leaderCommit=16, initializing? false, entries: <empty>
2019-09-16 16:55:39,356 [java.util.concurrent.ThreadPoolExecutor$Worker@4a6d51fe[State = -1, empty queue]] WARN  server.GrpcLogAppender (GrpcLogAppender.java:timeoutAppendRequest(200)) - 2e525942-e927-41dd-97b7-9b9ba8560315@group-A91BA5A7B369->c232c0ff-9192-4b00-ad60-76b55f03f95e-GrpcLogAppender: appendEntries Timeout, request=2e525942-e927-41dd-97b7-9b9ba8560315->c232c0ff-9192-4b00-ad60-76b55f03f95e#60-t2, previous=(t:2, i:20), leaderCommit=16, initializing? false, entries: <empty>
2019-09-16 16:55:39,356 [java.util.concurrent.ThreadPoolExecutor$Worker@15ce7ec6[State = -1, empty queue]] WARN  server.GrpcLogAppender (GrpcLogAppender.java:timeoutAppendRequest(200)) - 2e525942-e927-41dd-97b7-9b9ba8560315@group-A91BA5A7B369->315b4b00-5c1a-4cba-b27d-9eac94437c20-GrpcLogAppender: appendEntries Timeout, request=2e525942-e927-41dd-97b7-9b9ba8560315->315b4b00-5c1a-4cba-b27d-9eac94437c20#60-t2, previous=(t:2, i:20), leaderCommit=16, initializing? false, entries: <empty>
2019-09-16 16:55:39,377 [java.util.concurrent.ThreadPoolExecutor$Worker@24305a62[State = -1, empty queue]] WARN  server.GrpcLogAppender (GrpcLogAppender.java:timeoutAppendRequest(200)) - 84a51469-6089-434c-9409-be6ecd1b15ae@group-96041FA828FE->ff1392d6-f741-46e8-b06b-d99a585290d3-GrpcLogAppender: appendEntries Timeout, request=84a51469-6089-434c-9409-be6ecd1b15ae->ff1392d6-f741-46e8-b06b-d99a585290d3#60-t2, previous=(t:2, i:20), leaderCommit=16, initializing? false, entries: <empty>
2019-09-16 16:55:39,377 [java.util.concurrent.ThreadPoolExecutor$Worker@65ab53cc[State = -1, empty queue]] WARN  server.GrpcLogAppender (GrpcLogAppender.java:timeoutAppendRequest(200)) - 84a51469-6089-434c-9409-be6ecd1b15ae@group-96041FA828FE->82d73395-84ed-4f5d-a3d4-b8dc3778e9c8-GrpcLogAppender: appendEntries Timeout, request=84a51469-6089-434c-9409-be6ecd1b15ae->82d73395-84ed-4f5d-a3d4-b8dc3778e9c8#60-t2, previous=(t:2, i:20), leaderCommit=16, initializing? false, entries: <empty>
2019-09-16 16:55:39,857 [java.util.concurrent.ThreadPoolExecutor$Worker@15ce7ec6[State = -1, empty queue]] WARN  server.GrpcLogAppender (GrpcLogAppender.java:timeoutAppendRequest(200)) - 2e525942-e927-41dd-97b7-9b9ba8560315@group-A91BA5A7B369->315b4b00-5c1a-4cba-b27d-9eac94437c20-GrpcLogAppender: appendEntries Timeout, request=2e525942-e927-41dd-97b7-9b9ba8560315->315b4b00-5c1a-4cba-b27d-9eac94437c20#61-t2, previous=(t:2, i:20), leaderCommit=16, initializing? false, entries: <empty>
2019-09-16 16:55:39,857 [java.util.concurrent.ThreadPoolExecutor$Worker@4a6d51fe[State = -1, empty queue]] WARN  server.GrpcLogAppender (GrpcLogAppender.java:timeoutAppendRequest(200)) - 2e525942-e927-41dd-97b7-9b9ba8560315@group-A91BA5A7B369->c232c0ff-9192-4b00-ad60-76b55f03f95e-GrpcLogAppender: appendEntries Timeout, request=2e525942-e927-41dd-97b7-9b9ba8560315->c232c0ff-9192-4b00-ad60-76b55f03f95e#61-t2, previous=(t:2, i:20), leaderCommit=16, initializing? false, entries: <empty>
2019-09-16 16:55:39,878 [java.util.concurrent.ThreadPoolExecutor$Worker@24305a62[State = -1, empty queue]] WARN  server.GrpcLogAppender (GrpcLogAppender.java:timeoutAppendRequest(200)) - 84a51469-6089-434c-9409-be6ecd1b15ae@group-96041FA828FE->ff1392d6-f741-46e8-b06b-d99a585290d3-GrpcLogAppender: appendEntries Timeout, request=84a51469-6089-434c-9409-be6ecd1b15ae->ff1392d6-f741-46e8-b06b-d99a585290d3#61-t2, previous=(t:2, i:20), leaderCommit=16, initializing? false, entries: <empty>
2019-09-16 16:55:39,878 [java.util.concurrent.ThreadPoolExecutor$Worker@65ab53cc[State = -1, empty queue]] WARN  server.GrpcLogAppender (GrpcLogAppender.java:timeoutAppendRequest(200)) - 84a51469-6089-434c-9409-be6ecd1b15ae@group-96041FA828FE->82d73395-84ed-4f5d-a3d4-b8dc3778e9c8-GrpcLogAppender: appendEntries Timeout, request=84a51469-6089-434c-9409-be6ecd1b15ae->82d73395-84ed-4f5d-a3d4-b8dc3778e9c8#61-t2, previous=(t:2, i:20), leaderCommit=16, initializing? false, entries: <empty>
2019-09-16 16:55:40,357 [java.util.concurrent.ThreadPoolExecutor$Worker@15ce7ec6[State = -1, empty queue]] WARN  server.GrpcLogAppender (GrpcLogAppender.java:timeoutAppendRequest(200)) - 2e525942-e927-41dd-97b7-9b9ba8560315@group-A91BA5A7B369->315b4b00-5c1a-4cba-b27d-9eac94437c20-GrpcLogAppender: appendEntries Timeout, request=2e525942-e927-41dd-97b7-9b9ba8560315->315b4b00-5c1a-4cba-b27d-9eac94437c20#62-t2, previous=(t:2, i:20), leaderCommit=16, initializing? false, entries: <empty>
2019-09-16 16:55:40,357 [java.util.concurrent.ThreadPoolExecutor$Worker@4a6d51fe[State = -1, empty queue]] WARN  server.GrpcLogAppender (GrpcLogAppender.java:timeoutAppendRequest(200)) - 2e525942-e927-41dd-97b7-9b9ba8560315@group-A91BA5A7B369->c232c0ff-9192-4b00-ad60-76b55f03f95e-GrpcLogAppender: appendEntries Timeout, request=2e525942-e927-41dd-97b7-9b9ba8560315->c232c0ff-9192-4b00-ad60-76b55f03f95e#62-t2, previous=(t:2, i:20), leaderCommit=16, initializing? false, entries: <empty>
2019-09-16 16:55:40,378 [java.util.concurrent.ThreadPoolExecutor$Worker@24305a62[State = -1, empty queue]] WARN  server.GrpcLogAppender (GrpcLogAppender.java:timeoutAppendRequest(200)) - 84a51469-6089-434c-9409-be6ecd1b15ae@group-96041FA828FE->ff1392d6-f741-46e8-b06b-d99a585290d3-GrpcLogAppender: appendEntries Timeout, request=84a51469-6089-434c-9409-be6ecd1b15ae->ff1392d6-f741-46e8-b06b-d99a585290d3#62-t2, previous=(t:2, i:20), leaderCommit=16, initializing? false, entries: <empty>
2019-09-16 16:55:40,378 [java.util.concurrent.ThreadPoolExecutor$Worker@65ab53cc[State = -1, empty queue]] WARN  server.GrpcLogAppender (GrpcLogAppender.java:timeoutAppendRequest(200)) - 84a51469-6089-434c-9409-be6ecd1b15ae@group-96041FA828FE->82d73395-84ed-4f5d-a3d4-b8dc3778e9c8-GrpcLogAppender: appendEntries Timeout, request=84a51469-6089-434c-9409-be6ecd1b15ae->82d73395-84ed-4f5d-a3d4-b8dc3778e9c8#62-t2, previous=(t:2, i:20), leaderCommit=16, initializing? false, entries: <empty>
2019-09-16 16:55:40,410 [grpc-default-executor-1] INFO  client.GrpcClientProtocolClient (GrpcClientProtocolClient.java:onNext(264)) - client-B39EF5C42450->82d73395-84ed-4f5d-a3d4-b8dc3778e9c8: receive RaftClientReply:client-B39EF5C42450->82d73395-84ed-4f5d-a3d4-b8dc3778e9c8@group-96041FA828FE, cid=43, FAILED org.apache.ratis.protocol.NotLeaderException: Server 82d73395-84ed-4f5d-a3d4-b8dc3778e9c8@group-96041FA828FE is not the leader 84a51469-6089-434c-9409-be6ecd1b15ae:192.168.34.37:37072, logIndex=0, commits[82d73395-84ed-4f5d-a3d4-b8dc3778e9c8:c16, 84a51469-6089-434c-9409-be6ecd1b15ae:c16, ff1392d6-f741-46e8-b06b-d99a585290d3:c13]
2019-09-16 16:55:40,858 [java.util.concurrent.ThreadPoolExecutor$Worker@4a6d51fe[State = -1, empty queue]] WARN  server.GrpcLogAppender (GrpcLogAppender.java:timeoutAppendRequest(200)) - 2e525942-e927-41dd-97b7-9b9ba8560315@group-A91BA5A7B369->c232c0ff-9192-4b00-ad60-76b55f03f95e-GrpcLogAppender: appendEntries Timeout, request=2e525942-e927-41dd-97b7-9b9ba8560315->c232c0ff-9192-4b00-ad60-76b55f03f95e#63-t2, previous=(t:2, i:20), leaderCommit=16, initializing? false, entries: <empty>
2019-09-16 16:55:40,858 [java.util.concurrent.ThreadPoolExecutor$Worker@15ce7ec6[State = -1, empty queue]] WARN  server.GrpcLogAppender (GrpcLogAppender.java:timeoutAppendRequest(200)) - 2e525942-e927-41dd-97b7-9b9ba8560315@group-A91BA5A7B369->315b4b00-5c1a-4cba-b27d-9eac94437c20-GrpcLogAppender: appendEntries Timeout, request=2e525942-e927-41dd-97b7-9b9ba8560315->315b4b00-5c1a-4cba-b27d-9eac94437c20#63-t2, previous=(t:2, i:20), leaderCommit=16, initializing? false, entries: <empty>
2019-09-16 16:55:40,878 [java.util.concurrent.ThreadPoolExecutor$Worker@24305a62[State = -1, empty queue]] WARN  server.GrpcLogAppender (GrpcLogAppender.java:timeoutAppendRequest(200)) - 84a51469-6089-434c-9409-be6ecd1b15ae@group-96041FA828FE->ff1392d6-f741-46e8-b06b-d99a585290d3-GrpcLogAppender: appendEntries Timeout, request=84a51469-6089-434c-9409-be6ecd1b15ae->ff1392d6-f741-46e8-b06b-d99a585290d3#63-t2, previous=(t:2, i:20), leaderCommit=16, initializing? false, entries: <empty>
2019-09-16 16:55:40,879 [java.util.concurrent.ThreadPoolExecutor$Worker@65ab53cc[State = -1, empty queue]] WARN  server.GrpcLogAppender (GrpcLogAppender.java:timeoutAppendRequest(200)) - 84a51469-6089-434c-9409-be6ecd1b15ae@group-96041FA828FE->82d73395-84ed-4f5d-a3d4-b8dc3778e9c8-GrpcLogAppender: appendEntries Timeout, request=84a51469-6089-434c-9409-be6ecd1b15ae->82d73395-84ed-4f5d-a3d4-b8dc3778e9c8#63-t2, previous=(t:2, i:20), leaderCommit=16, initializing? false, entries: <empty>
2019-09-16 16:55:41,358 [java.util.concurrent.ThreadPoolExecutor$Worker@4a6d51fe[State = -1, empty queue]] WARN  server.GrpcLogAppender (GrpcLogAppender.java:timeoutAppendRequest(200)) - 2e525942-e927-41dd-97b7-9b9ba8560315@group-A91BA5A7B369->c232c0ff-9192-4b00-ad60-76b55f03f95e-GrpcLogAppender: appendEntries Timeout, request=2e525942-e927-41dd-97b7-9b9ba8560315->c232c0ff-9192-4b00-ad60-76b55f03f95e#64-t2, previous=(t:2, i:20), leaderCommit=16, initializing? false, entries: <empty>
2019-09-16 16:55:41,358 [java.util.concurrent.ThreadPoolExecutor$Worker@15ce7ec6[State = -1, empty queue]] WARN  server.GrpcLogAppender (GrpcLogAppender.java:timeoutAppendRequest(200)) - 2e525942-e927-41dd-97b7-9b9ba8560315@group-A91BA5A7B369->315b4b00-5c1a-4cba-b27d-9eac94437c20-GrpcLogAppender: appendEntries Timeout, request=2e525942-e927-41dd-97b7-9b9ba8560315->315b4b00-5c1a-4cba-b27d-9eac94437c20#64-t2, previous=(t:2, i:20), leaderCommit=16, initializing? false, entries: <empty>
2019-09-16 16:55:41,380 [java.util.concurrent.ThreadPoolExecutor$Worker@65ab53cc[State = -1, empty queue]] WARN  server.GrpcLogAppender (GrpcLogAppender.java:timeoutAppendRequest(200)) - 84a51469-6089-434c-9409-be6ecd1b15ae@group-96041FA828FE->82d73395-84ed-4f5d-a3d4-b8dc3778e9c8-GrpcLogAppender: appendEntries Timeout, request=84a51469-6089-434c-9409-be6ecd1b15ae->82d73395-84ed-4f5d-a3d4-b8dc3778e9c8#64-t2, previous=(t:2, i:20), leaderCommit=16, initializing? false, entries: <empty>
2019-09-16 16:55:41,382 [java.util.concurrent.ThreadPoolExecutor$Worker@24305a62[State = -1, empty queue]] WARN  server.GrpcLogAppender (GrpcLogAppender.java:timeoutAppendRequest(200)) - 84a51469-6089-434c-9409-be6ecd1b15ae@group-96041FA828FE->ff1392d6-f741-46e8-b06b-d99a585290d3-GrpcLogAppender: appendEntries Timeout, request=84a51469-6089-434c-9409-be6ecd1b15ae->ff1392d6-f741-46e8-b06b-d99a585290d3#64-t2, previous=(t:2, i:20), leaderCommit=16, initializing? false, entries: <empty>
2019-09-16 16:55:41,863 [java.util.concurrent.ThreadPoolExecutor$Worker@4a6d51fe[State = -1, empty queue]] WARN  server.GrpcLogAppender (GrpcLogAppender.java:timeoutAppendRequest(200)) - 2e525942-e927-41dd-97b7-9b9ba8560315@group-A91BA5A7B369->c232c0ff-9192-4b00-ad60-76b55f03f95e-GrpcLogAppender: appendEntries Timeout, request=2e525942-e927-41dd-97b7-9b9ba8560315->c232c0ff-9192-4b00-ad60-76b55f03f95e#65-t2, previous=(t:2, i:20), leaderCommit=16, initializing? false, entries: <empty>
2019-09-16 16:55:41,863 [java.util.concurrent.ThreadPoolExecutor$Worker@15ce7ec6[State = -1, empty queue]] WARN  server.GrpcLogAppender (GrpcLogAppender.java:timeoutAppendRequest(200)) - 2e525942-e927-41dd-97b7-9b9ba8560315@group-A91BA5A7B369->315b4b00-5c1a-4cba-b27d-9eac94437c20-GrpcLogAppender: appendEntries Timeout, request=2e525942-e927-41dd-97b7-9b9ba8560315->315b4b00-5c1a-4cba-b27d-9eac94437c20#65-t2, previous=(t:2, i:20), leaderCommit=16, initializing? false, entries: <empty>
2019-09-16 16:55:41,882 [java.util.concurrent.ThreadPoolExecutor$Worker@65ab53cc[State = -1, empty queue]] WARN  server.GrpcLogAppender (GrpcLogAppender.java:timeoutAppendRequest(200)) - 84a51469-6089-434c-9409-be6ecd1b15ae@group-96041FA828FE->82d73395-84ed-4f5d-a3d4-b8dc3778e9c8-GrpcLogAppender: appendEntries Timeout, request=84a51469-6089-434c-9409-be6ecd1b15ae->82d73395-84ed-4f5d-a3d4-b8dc3778e9c8#65-t2, previous=(t:2, i:20), leaderCommit=16, initializing? false, entries: <empty>
2019-09-16 16:55:41,885 [java.util.concurrent.ThreadPoolExecutor$Worker@24305a62[State = -1, empty queue]] WARN  server.GrpcLogAppender (GrpcLogAppender.java:timeoutAppendRequest(200)) - 84a51469-6089-434c-9409-be6ecd1b15ae@group-96041FA828FE->ff1392d6-f741-46e8-b06b-d99a585290d3-GrpcLogAppender: appendEntries Timeout, request=84a51469-6089-434c-9409-be6ecd1b15ae->ff1392d6-f741-46e8-b06b-d99a585290d3#65-t2, previous=(t:2, i:20), leaderCommit=16, initializing? false, entries: <empty>
2019-09-16 16:55:42,363 [java.util.concurrent.ThreadPoolExecutor$Worker@4a6d51fe[State = -1, empty queue]] WARN  server.GrpcLogAppender (GrpcLogAppender.java:timeoutAppendRequest(200)) - 2e525942-e927-41dd-97b7-9b9ba8560315@group-A91BA5A7B369->c232c0ff-9192-4b00-ad60-76b55f03f95e-GrpcLogAppender: appendEntries Timeout, request=2e525942-e927-41dd-97b7-9b9ba8560315->c232c0ff-9192-4b00-ad60-76b55f03f95e#66-t2, previous=(t:2, i:20), leaderCommit=16, initializing? false, entries: <empty>
2019-09-16 16:55:42,363 [java.util.concurrent.ThreadPoolExecutor$Worker@15ce7ec6[State = -1, empty queue]] WARN  server.GrpcLogAppender (GrpcLogAppender.java:timeoutAppendRequest(200)) - 2e525942-e927-41dd-97b7-9b9ba8560315@group-A91BA5A7B369->315b4b00-5c1a-4cba-b27d-9eac94437c20-GrpcLogAppender: appendEntries Timeout, request=2e525942-e927-41dd-97b7-9b9ba8560315->315b4b00-5c1a-4cba-b27d-9eac94437c20#66-t2, previous=(t:2, i:20), leaderCommit=16, initializing? false, entries: <empty>
2019-09-16 16:55:42,387 [java.util.concurrent.ThreadPoolExecutor$Worker@65ab53cc[State = -1, empty queue]] WARN  server.GrpcLogAppender (GrpcLogAppender.java:timeoutAppendRequest(200)) - 84a51469-6089-434c-9409-be6ecd1b15ae@group-96041FA828FE->82d73395-84ed-4f5d-a3d4-b8dc3778e9c8-GrpcLogAppender: appendEntries Timeout, request=84a51469-6089-434c-9409-be6ecd1b15ae->82d73395-84ed-4f5d-a3d4-b8dc3778e9c8#66-t2, previous=(t:2, i:20), leaderCommit=16, initializing? false, entries: <empty>
2019-09-16 16:55:42,388 [java.util.concurrent.ThreadPoolExecutor$Worker@24305a62[State = -1, empty queue]] WARN  server.GrpcLogAppender (GrpcLogAppender.java:timeoutAppendRequest(200)) - 84a51469-6089-434c-9409-be6ecd1b15ae@group-96041FA828FE->ff1392d6-f741-46e8-b06b-d99a585290d3-GrpcLogAppender: appendEntries Timeout, request=84a51469-6089-434c-9409-be6ecd1b15ae->ff1392d6-f741-46e8-b06b-d99a585290d3#66-t2, previous=(t:2, i:20), leaderCommit=16, initializing? false, entries: <empty>
2019-09-16 16:55:42,864 [java.util.concurrent.ThreadPoolExecutor$Worker@15ce7ec6[State = -1, empty queue]] WARN  server.GrpcLogAppender (GrpcLogAppender.java:timeoutAppendRequest(200)) - 2e525942-e927-41dd-97b7-9b9ba8560315@group-A91BA5A7B369->315b4b00-5c1a-4cba-b27d-9eac94437c20-GrpcLogAppender: appendEntries Timeout, request=2e525942-e927-41dd-97b7-9b9ba8560315->315b4b00-5c1a-4cba-b27d-9eac94437c20#67-t2, previous=(t:2, i:20), leaderCommit=16, initializing? false, entries: <empty>
2019-09-16 16:55:42,864 [java.util.concurrent.ThreadPoolExecutor$Worker@4a6d51fe[State = -1, empty queue]] WARN  server.GrpcLogAppender (GrpcLogAppender.java:timeoutAppendRequest(200)) - 2e525942-e927-41dd-97b7-9b9ba8560315@group-A91BA5A7B369->c232c0ff-9192-4b00-ad60-76b55f03f95e-GrpcLogAppender: appendEntries Timeout, request=2e525942-e927-41dd-97b7-9b9ba8560315->c232c0ff-9192-4b00-ad60-76b55f03f95e#67-t2, previous=(t:2, i:20), leaderCommit=16, initializing? false, entries: <empty>
2019-09-16 16:55:42,888 [java.util.concurrent.ThreadPoolExecutor$Worker@65ab53cc[State = -1, empty queue]] WARN  server.GrpcLogAppender (GrpcLogAppender.java:timeoutAppendRequest(200)) - 84a51469-6089-434c-9409-be6ecd1b15ae@group-96041FA828FE->82d73395-84ed-4f5d-a3d4-b8dc3778e9c8-GrpcLogAppender: appendEntries Timeout, request=84a51469-6089-434c-9409-be6ecd1b15ae->82d73395-84ed-4f5d-a3d4-b8dc3778e9c8#67-t2, previous=(t:2, i:20), leaderCommit=16, initializing? false, entries: <empty>
2019-09-16 16:55:42,888 [java.util.concurrent.ThreadPoolExecutor$Worker@24305a62[State = -1, empty queue]] WARN  server.GrpcLogAppender (GrpcLogAppender.java:timeoutAppendRequest(200)) - 84a51469-6089-434c-9409-be6ecd1b15ae@group-96041FA828FE->ff1392d6-f741-46e8-b06b-d99a585290d3-GrpcLogAppender: appendEntries Timeout, request=84a51469-6089-434c-9409-be6ecd1b15ae->ff1392d6-f741-46e8-b06b-d99a585290d3#67-t2, previous=(t:2, i:20), leaderCommit=16, initializing? false, entries: <empty>
2019-09-16 16:55:43,365 [java.util.concurrent.ThreadPoolExecutor$Worker@4a6d51fe[State = -1, empty queue]] WARN  server.GrpcLogAppender (GrpcLogAppender.java:timeoutAppendRequest(200)) - 2e525942-e927-41dd-97b7-9b9ba8560315@group-A91BA5A7B369->c232c0ff-9192-4b00-ad60-76b55f03f95e-GrpcLogAppender: appendEntries Timeout, request=2e525942-e927-41dd-97b7-9b9ba8560315->c232c0ff-9192-4b00-ad60-76b55f03f95e#68-t2, previous=(t:2, i:20), leaderCommit=16, initializing? false, entries: <empty>
2019-09-16 16:55:43,365 [java.util.concurrent.ThreadPoolExecutor$Worker@15ce7ec6[State = -1, empty queue]] WARN  server.GrpcLogAppender (GrpcLogAppender.java:timeoutAppendRequest(200)) - 2e525942-e927-41dd-97b7-9b9ba8560315@group-A91BA5A7B369->315b4b00-5c1a-4cba-b27d-9eac94437c20-GrpcLogAppender: appendEntries Timeout, request=2e525942-e927-41dd-97b7-9b9ba8560315->315b4b00-5c1a-4cba-b27d-9eac94437c20#68-t2, previous=(t:2, i:20), leaderCommit=16, initializing? false, entries: <empty>
2019-09-16 16:55:43,395 [java.util.concurrent.ThreadPoolExecutor$Worker@24305a62[State = -1, empty queue]] WARN  server.GrpcLogAppender (GrpcLogAppender.java:timeoutAppendRequest(200)) - 84a51469-6089-434c-9409-be6ecd1b15ae@group-96041FA828FE->ff1392d6-f741-46e8-b06b-d99a585290d3-GrpcLogAppender: appendEntries Timeout, request=84a51469-6089-434c-9409-be6ecd1b15ae->ff1392d6-f741-46e8-b06b-d99a585290d3#68-t2, previous=(t:2, i:20), leaderCommit=16, initializing? false, entries: <empty>
2019-09-16 16:55:43,395 [java.util.concurrent.ThreadPoolExecutor$Worker@65ab53cc[State = -1, empty queue]] WARN  server.GrpcLogAppender (GrpcLogAppender.java:timeoutAppendRequest(200)) - 84a51469-6089-434c-9409-be6ecd1b15ae@group-96041FA828FE->82d73395-84ed-4f5d-a3d4-b8dc3778e9c8-GrpcLogAppender: appendEntries Timeout, request=84a51469-6089-434c-9409-be6ecd1b15ae->82d73395-84ed-4f5d-a3d4-b8dc3778e9c8#68-t2, previous=(t:2, i:20), leaderCommit=16, initializing? false, entries: <empty>
2019-09-16 16:55:43,866 [java.util.concurrent.ThreadPoolExecutor$Worker@4a6d51fe[State = -1, empty queue]] WARN  server.GrpcLogAppender (GrpcLogAppender.java:timeoutAppendRequest(200)) - 2e525942-e927-41dd-97b7-9b9ba8560315@group-A91BA5A7B369->c232c0ff-9192-4b00-ad60-76b55f03f95e-GrpcLogAppender: appendEntries Timeout, request=2e525942-e927-41dd-97b7-9b9ba8560315->c232c0ff-9192-4b00-ad60-76b55f03f95e#69-t2, previous=(t:2, i:20), leaderCommit=16, initializing? false, entries: <empty>
2019-09-16 16:55:43,866 [java.util.concurrent.ThreadPoolExecutor$Worker@15ce7ec6[State = -1, empty queue]] WARN  server.GrpcLogAppender (GrpcLogAppender.java:timeoutAppendRequest(200)) - 2e525942-e927-41dd-97b7-9b9ba8560315@group-A91BA5A7B369->315b4b00-5c1a-4cba-b27d-9eac94437c20-GrpcLogAppender: appendEntries Timeout, request=2e525942-e927-41dd-97b7-9b9ba8560315->315b4b00-5c1a-4cba-b27d-9eac94437c20#69-t2, previous=(t:2, i:20), leaderCommit=16, initializing? false, entries: <empty>
2019-09-16 16:55:43,895 [java.util.concurrent.ThreadPoolExecutor$Worker@24305a62[State = -1, empty queue]] WARN  server.GrpcLogAppender (GrpcLogAppender.java:timeoutAppendRequest(200)) - 84a51469-6089-434c-9409-be6ecd1b15ae@group-96041FA828FE->ff1392d6-f741-46e8-b06b-d99a585290d3-GrpcLogAppender: appendEntries Timeout, request=84a51469-6089-434c-9409-be6ecd1b15ae->ff1392d6-f741-46e8-b06b-d99a585290d3#69-t2, previous=(t:2, i:20), leaderCommit=16, initializing? false, entries: <empty>
2019-09-16 16:55:43,895 [java.util.concurrent.ThreadPoolExecutor$Worker@65ab53cc[State = -1, empty queue]] WARN  server.GrpcLogAppender (GrpcLogAppender.java:timeoutAppendRequest(200)) - 84a51469-6089-434c-9409-be6ecd1b15ae@group-96041FA828FE->82d73395-84ed-4f5d-a3d4-b8dc3778e9c8-GrpcLogAppender: appendEntries Timeout, request=84a51469-6089-434c-9409-be6ecd1b15ae->82d73395-84ed-4f5d-a3d4-b8dc3778e9c8#69-t2, previous=(t:2, i:20), leaderCommit=16, initializing? false, entries: <empty>
2019-09-16 16:55:44,366 [java.util.concurrent.ThreadPoolExecutor$Worker@4a6d51fe[State = -1, empty queue]] WARN  server.GrpcLogAppender (GrpcLogAppender.java:timeoutAppendRequest(200)) - 2e525942-e927-41dd-97b7-9b9ba8560315@group-A91BA5A7B369->c232c0ff-9192-4b00-ad60-76b55f03f95e-GrpcLogAppender: appendEntries Timeout, request=2e525942-e927-41dd-97b7-9b9ba8560315->c232c0ff-9192-4b00-ad60-76b55f03f95e#70-t2, previous=(t:2, i:20), leaderCommit=16, initializing? false, entries: <empty>
2019-09-16 16:55:44,366 [java.util.concurrent.ThreadPoolExecutor$Worker@15ce7ec6[State = -1, empty queue]] WARN  server.GrpcLogAppender (GrpcLogAppender.java:timeoutAppendRequest(200)) - 2e525942-e927-41dd-97b7-9b9ba8560315@group-A91BA5A7B369->315b4b00-5c1a-4cba-b27d-9eac94437c20-GrpcLogAppender: appendEntries Timeout, request=2e525942-e927-41dd-97b7-9b9ba8560315->315b4b00-5c1a-4cba-b27d-9eac94437c20#70-t2, previous=(t:2, i:20), leaderCommit=16, initializing? false, entries: <empty>
2019-09-16 16:55:44,395 [java.util.concurrent.ThreadPoolExecutor$Worker@24305a62[State = -1, empty queue]] WARN  server.GrpcLogAppender (GrpcLogAppender.java:timeoutAppendRequest(200)) - 84a51469-6089-434c-9409-be6ecd1b15ae@group-96041FA828FE->ff1392d6-f741-46e8-b06b-d99a585290d3-GrpcLogAppender: appendEntries Timeout, request=84a51469-6089-434c-9409-be6ecd1b15ae->ff1392d6-f741-46e8-b06b-d99a585290d3#70-t2, previous=(t:2, i:20), leaderCommit=16, initializing? false, entries: <empty>
2019-09-16 16:55:44,396 [java.util.concurrent.ThreadPoolExecutor$Worker@65ab53cc[State = -1, empty queue]] WARN  server.GrpcLogAppender (GrpcLogAppender.java:timeoutAppendRequest(200)) - 84a51469-6089-434c-9409-be6ecd1b15ae@group-96041FA828FE->82d73395-84ed-4f5d-a3d4-b8dc3778e9c8-GrpcLogAppender: appendEntries Timeout, request=84a51469-6089-434c-9409-be6ecd1b15ae->82d73395-84ed-4f5d-a3d4-b8dc3778e9c8#70-t2, previous=(t:2, i:20), leaderCommit=16, initializing? false, entries: <empty>
2019-09-16 16:55:44,869 [java.util.concurrent.ThreadPoolExecutor$Worker@15ce7ec6[State = -1, empty queue]] WARN  server.GrpcLogAppender (GrpcLogAppender.java:timeoutAppendRequest(200)) - 2e525942-e927-41dd-97b7-9b9ba8560315@group-A91BA5A7B369->315b4b00-5c1a-4cba-b27d-9eac94437c20-GrpcLogAppender: appendEntries Timeout, request=2e525942-e927-41dd-97b7-9b9ba8560315->315b4b00-5c1a-4cba-b27d-9eac94437c20#71-t2, previous=(t:2, i:20), leaderCommit=16, initializing? false, entries: <empty>
2019-09-16 16:55:44,869 [java.util.concurrent.ThreadPoolExecutor$Worker@4a6d51fe[State = -1, empty queue]] WARN  server.GrpcLogAppender (GrpcLogAppender.java:timeoutAppendRequest(200)) - 2e525942-e927-41dd-97b7-9b9ba8560315@group-A91BA5A7B369->c232c0ff-9192-4b00-ad60-76b55f03f95e-GrpcLogAppender: appendEntries Timeout, request=2e525942-e927-41dd-97b7-9b9ba8560315->c232c0ff-9192-4b00-ad60-76b55f03f95e#71-t2, previous=(t:2, i:20), leaderCommit=16, initializing? false, entries: <empty>
2019-09-16 16:55:44,895 [java.util.concurrent.ThreadPoolExecutor$Worker@24305a62[State = -1, empty queue]] WARN  server.GrpcLogAppender (GrpcLogAppender.java:timeoutAppendRequest(200)) - 84a51469-6089-434c-9409-be6ecd1b15ae@group-96041FA828FE->ff1392d6-f741-46e8-b06b-d99a585290d3-GrpcLogAppender: appendEntries Timeout, request=84a51469-6089-434c-9409-be6ecd1b15ae->ff1392d6-f741-46e8-b06b-d99a585290d3#71-t2, previous=(t:2, i:20), leaderCommit=16, initializing? false, entries: <empty>
2019-09-16 16:55:44,896 [java.util.concurrent.ThreadPoolExecutor$Worker@65ab53cc[State = -1, empty queue]] WARN  server.GrpcLogAppender (GrpcLogAppender.java:timeoutAppendRequest(200)) - 84a51469-6089-434c-9409-be6ecd1b15ae@group-96041FA828FE->82d73395-84ed-4f5d-a3d4-b8dc3778e9c8-GrpcLogAppender: appendEntries Timeout, request=84a51469-6089-434c-9409-be6ecd1b15ae->82d73395-84ed-4f5d-a3d4-b8dc3778e9c8#71-t2, previous=(t:2, i:20), leaderCommit=16, initializing? false, entries: <empty>
2019-09-16 16:55:45,369 [84a51469-6089-434c-9409-be6ecd1b15ae@group-96041FA828FE-SegmentedRaftLogWorker] WARN  segmented.SegmentedRaftLogWorker (SegmentedRaftLogWorker.java:getFromFuture(90)) - Timeout 0/~
org.apache.ratis.protocol.TimeoutIOException: Timeout 10s: WriteLog:17: (t:2, i:17), STATEMACHINELOGENTRY, client-B39EF5C42450, cid=43-writeStateMachineData
	at org.apache.ratis.util.IOUtils.getFromFuture(IOUtils.java:87)
	at org.apache.ratis.server.raftlog.segmented.SegmentedRaftLogWorker$StateMachineDataPolicy.getFromFuture(SegmentedRaftLogWorker.java:87)
	at org.apache.ratis.server.raftlog.segmented.SegmentedRaftLogWorker$WriteLog.execute(SegmentedRaftLogWorker.java:477)
	at org.apache.ratis.server.raftlog.segmented.SegmentedRaftLogWorker.run(SegmentedRaftLogWorker.java:289)
	at java.lang.Thread.run(Thread.java:748)
Caused by: java.util.concurrent.TimeoutException
	at java.util.concurrent.CompletableFuture.timedGet(CompletableFuture.java:1771)
	at java.util.concurrent.CompletableFuture.get(CompletableFuture.java:1915)
	at org.apache.ratis.util.IOUtils.getFromFuture(IOUtils.java:79)
	... 4 more
2019-09-16 16:55:45,370 [java.util.concurrent.ThreadPoolExecutor$Worker@15ce7ec6[State = -1, empty queue]] WARN  server.GrpcLogAppender (GrpcLogAppender.java:timeoutAppendRequest(200)) - 2e525942-e927-41dd-97b7-9b9ba8560315@group-A91BA5A7B369->315b4b00-5c1a-4cba-b27d-9eac94437c20-GrpcLogAppender: appendEntries Timeout, request=2e525942-e927-41dd-97b7-9b9ba8560315->315b4b00-5c1a-4cba-b27d-9eac94437c20#72-t2, previous=(t:2, i:20), leaderCommit=16, initializing? false, entries: <empty>
2019-09-16 16:55:45,370 [java.util.concurrent.ThreadPoolExecutor$Worker@4a6d51fe[State = -1, empty queue]] WARN  server.GrpcLogAppender (GrpcLogAppender.java:timeoutAppendRequest(200)) - 2e525942-e927-41dd-97b7-9b9ba8560315@group-A91BA5A7B369->c232c0ff-9192-4b00-ad60-76b55f03f95e-GrpcLogAppender: appendEntries Timeout, request=2e525942-e927-41dd-97b7-9b9ba8560315->c232c0ff-9192-4b00-ad60-76b55f03f95e#72-t2, previous=(t:2, i:20), leaderCommit=16, initializing? false, entries: <empty>
2019-09-16 16:55:45,374 [82d73395-84ed-4f5d-a3d4-b8dc3778e9c8@group-96041FA828FE-SegmentedRaftLogWorker] WARN  segmented.SegmentedRaftLogWorker (SegmentedRaftLogWorker.java:getFromFuture(90)) - Timeout 0/~
org.apache.ratis.protocol.TimeoutIOException: Timeout 10s: WriteLog:17: (t:2, i:17), STATEMACHINELOGENTRY, client-B39EF5C42450, cid=43-writeStateMachineData
	at org.apache.ratis.util.IOUtils.getFromFuture(IOUtils.java:87)
	at org.apache.ratis.server.raftlog.segmented.SegmentedRaftLogWorker$StateMachineDataPolicy.getFromFuture(SegmentedRaftLogWorker.java:87)
	at org.apache.ratis.server.raftlog.segmented.SegmentedRaftLogWorker$WriteLog.execute(SegmentedRaftLogWorker.java:477)
	at org.apache.ratis.server.raftlog.segmented.SegmentedRaftLogWorker.run(SegmentedRaftLogWorker.java:289)
	at java.lang.Thread.run(Thread.java:748)
Caused by: java.util.concurrent.TimeoutException
	at java.util.concurrent.CompletableFuture.timedGet(CompletableFuture.java:1771)
	at java.util.concurrent.CompletableFuture.get(CompletableFuture.java:1915)
	at org.apache.ratis.util.IOUtils.getFromFuture(IOUtils.java:79)
	... 4 more
2019-09-16 16:55:45,396 [java.util.concurrent.ThreadPoolExecutor$Worker@24305a62[State = -1, empty queue]] WARN  server.GrpcLogAppender (GrpcLogAppender.java:timeoutAppendRequest(200)) - 84a51469-6089-434c-9409-be6ecd1b15ae@group-96041FA828FE->ff1392d6-f741-46e8-b06b-d99a585290d3-GrpcLogAppender: appendEntries Timeout, request=84a51469-6089-434c-9409-be6ecd1b15ae->ff1392d6-f741-46e8-b06b-d99a585290d3#72-t2, previous=(t:2, i:20), leaderCommit=16, initializing? false, entries: <empty>
2019-09-16 16:55:45,396 [java.util.concurrent.ThreadPoolExecutor$Worker@65ab53cc[State = -1, empty queue]] WARN  server.GrpcLogAppender (GrpcLogAppender.java:timeoutAppendRequest(200)) - 84a51469-6089-434c-9409-be6ecd1b15ae@group-96041FA828FE->82d73395-84ed-4f5d-a3d4-b8dc3778e9c8-GrpcLogAppender: appendEntries Timeout, request=84a51469-6089-434c-9409-be6ecd1b15ae->82d73395-84ed-4f5d-a3d4-b8dc3778e9c8#72-t2, previous=(t:2, i:20), leaderCommit=16, initializing? false, entries: <empty>
2019-09-16 16:55:45,472 [ff1392d6-f741-46e8-b06b-d99a585290d3@group-96041FA828FE-SegmentedRaftLogWorker] WARN  segmented.SegmentedRaftLogWorker (SegmentedRaftLogWorker.java:getFromFuture(90)) - Timeout 0/~
org.apache.ratis.protocol.TimeoutIOException: Timeout 10s: WriteLog:19: (t:2, i:19), STATEMACHINELOGENTRY, client-B39EF5C42450, cid=45-writeStateMachineData
	at org.apache.ratis.util.IOUtils.getFromFuture(IOUtils.java:87)
	at org.apache.ratis.server.raftlog.segmented.SegmentedRaftLogWorker$StateMachineDataPolicy.getFromFuture(SegmentedRaftLogWorker.java:87)
	at org.apache.ratis.server.raftlog.segmented.SegmentedRaftLogWorker$WriteLog.execute(SegmentedRaftLogWorker.java:477)
	at org.apache.ratis.server.raftlog.segmented.SegmentedRaftLogWorker.run(SegmentedRaftLogWorker.java:289)
	at java.lang.Thread.run(Thread.java:748)
Caused by: java.util.concurrent.TimeoutException
	at java.util.concurrent.CompletableFuture.timedGet(CompletableFuture.java:1771)
	at java.util.concurrent.CompletableFuture.get(CompletableFuture.java:1915)
	at org.apache.ratis.util.IOUtils.getFromFuture(IOUtils.java:79)
	... 4 more
2019-09-16 16:55:45,482 [grpc-default-executor-1] INFO  client.GrpcClientProtocolClient (GrpcClientProtocolClient.java:onNext(264)) - client-B39EF5C42450->ff1392d6-f741-46e8-b06b-d99a585290d3: receive RaftClientReply:client-B39EF5C42450->ff1392d6-f741-46e8-b06b-d99a585290d3@group-96041FA828FE, cid=43, FAILED org.apache.ratis.protocol.NotLeaderException: Server ff1392d6-f741-46e8-b06b-d99a585290d3@group-96041FA828FE is not the leader 84a51469-6089-434c-9409-be6ecd1b15ae:192.168.34.37:37072, logIndex=0, commits[ff1392d6-f741-46e8-b06b-d99a585290d3:c16, 84a51469-6089-434c-9409-be6ecd1b15ae:c16, 82d73395-84ed-4f5d-a3d4-b8dc3778e9c8:c13]
2019-09-16 16:55:45,877 [java.util.concurrent.ThreadPoolExecutor$Worker@4a6d51fe[State = -1, empty queue]] WARN  server.GrpcLogAppender (GrpcLogAppender.java:timeoutAppendRequest(200)) - 2e525942-e927-41dd-97b7-9b9ba8560315@group-A91BA5A7B369->c232c0ff-9192-4b00-ad60-76b55f03f95e-GrpcLogAppender: appendEntries Timeout, request=2e525942-e927-41dd-97b7-9b9ba8560315->c232c0ff-9192-4b00-ad60-76b55f03f95e#73-t2, previous=(t:2, i:20), leaderCommit=16, initializing? false, entries: <empty>
2019-09-16 16:55:45,877 [java.util.concurrent.ThreadPoolExecutor$Worker@15ce7ec6[State = -1, empty queue]] WARN  server.GrpcLogAppender (GrpcLogAppender.java:timeoutAppendRequest(200)) - 2e525942-e927-41dd-97b7-9b9ba8560315@group-A91BA5A7B369->315b4b00-5c1a-4cba-b27d-9eac94437c20-GrpcLogAppender: appendEntries Timeout, request=2e525942-e927-41dd-97b7-9b9ba8560315->315b4b00-5c1a-4cba-b27d-9eac94437c20#73-t2, previous=(t:2, i:20), leaderCommit=16, initializing? false, entries: <empty>
2019-09-16 16:55:45,896 [java.util.concurrent.ThreadPoolExecutor$Worker@24305a62[State = -1, empty queue]] WARN  server.GrpcLogAppender (GrpcLogAppender.java:timeoutAppendRequest(200)) - 84a51469-6089-434c-9409-be6ecd1b15ae@group-96041FA828FE->ff1392d6-f741-46e8-b06b-d99a585290d3-GrpcLogAppender: appendEntries Timeout, request=84a51469-6089-434c-9409-be6ecd1b15ae->ff1392d6-f741-46e8-b06b-d99a585290d3#73-t2, previous=(t:2, i:20), leaderCommit=16, initializing? false, entries: <empty>
2019-09-16 16:55:45,896 [java.util.concurrent.ThreadPoolExecutor$Worker@65ab53cc[State = -1, empty queue]] WARN  server.GrpcLogAppender (GrpcLogAppender.java:timeoutAppendRequest(200)) - 84a51469-6089-434c-9409-be6ecd1b15ae@group-96041FA828FE->82d73395-84ed-4f5d-a3d4-b8dc3778e9c8-GrpcLogAppender: appendEntries Timeout, request=84a51469-6089-434c-9409-be6ecd1b15ae->82d73395-84ed-4f5d-a3d4-b8dc3778e9c8#73-t2, previous=(t:2, i:20), leaderCommit=16, initializing? false, entries: <empty>
2019-09-16 16:55:46,378 [java.util.concurrent.ThreadPoolExecutor$Worker@15ce7ec6[State = -1, empty queue]] WARN  server.GrpcLogAppender (GrpcLogAppender.java:timeoutAppendRequest(200)) - 2e525942-e927-41dd-97b7-9b9ba8560315@group-A91BA5A7B369->315b4b00-5c1a-4cba-b27d-9eac94437c20-GrpcLogAppender: appendEntries Timeout, request=2e525942-e927-41dd-97b7-9b9ba8560315->315b4b00-5c1a-4cba-b27d-9eac94437c20#74-t2, previous=(t:2, i:20), leaderCommit=16, initializing? false, entries: <empty>
2019-09-16 16:55:46,378 [java.util.concurrent.ThreadPoolExecutor$Worker@4a6d51fe[State = -1, empty queue]] WARN  server.GrpcLogAppender (GrpcLogAppender.java:timeoutAppendRequest(200)) - 2e525942-e927-41dd-97b7-9b9ba8560315@group-A91BA5A7B369->c232c0ff-9192-4b00-ad60-76b55f03f95e-GrpcLogAppender: appendEntries Timeout, request=2e525942-e927-41dd-97b7-9b9ba8560315->c232c0ff-9192-4b00-ad60-76b55f03f95e#74-t2, previous=(t:2, i:20), leaderCommit=16, initializing? false, entries: <empty>
2019-09-16 16:55:46,396 [java.util.concurrent.ThreadPoolExecutor$Worker@24305a62[State = -1, empty queue]] WARN  server.GrpcLogAppender (GrpcLogAppender.java:timeoutAppendRequest(200)) - 84a51469-6089-434c-9409-be6ecd1b15ae@group-96041FA828FE->ff1392d6-f741-46e8-b06b-d99a585290d3-GrpcLogAppender: appendEntries Timeout, request=84a51469-6089-434c-9409-be6ecd1b15ae->ff1392d6-f741-46e8-b06b-d99a585290d3#74-t2, previous=(t:2, i:20), leaderCommit=16, initializing? false, entries: <empty>
2019-09-16 16:55:46,397 [java.util.concurrent.ThreadPoolExecutor$Worker@65ab53cc[State = -1, empty queue]] WARN  server.GrpcLogAppender (GrpcLogAppender.java:timeoutAppendRequest(200)) - 84a51469-6089-434c-9409-be6ecd1b15ae@group-96041FA828FE->82d73395-84ed-4f5d-a3d4-b8dc3778e9c8-GrpcLogAppender: appendEntries Timeout, request=84a51469-6089-434c-9409-be6ecd1b15ae->82d73395-84ed-4f5d-a3d4-b8dc3778e9c8#74-t2, previous=(t:2, i:20), leaderCommit=16, initializing? false, entries: <empty>
2019-09-16 16:55:46,864 [c232c0ff-9192-4b00-ad60-76b55f03f95e@group-A91BA5A7B369-SegmentedRaftLogWorker] WARN  segmented.SegmentedRaftLogWorker (SegmentedRaftLogWorker.java:getFromFuture(90)) - Timeout 2/~
org.apache.ratis.protocol.TimeoutIOException: Timeout 10s: WriteLog:19: (t:2, i:19), STATEMACHINELOGENTRY, client-59284F2D283B, cid=31-writeStateMachineData
	at org.apache.ratis.util.IOUtils.getFromFuture(IOUtils.java:87)
	at org.apache.ratis.server.raftlog.segmented.SegmentedRaftLogWorker$StateMachineDataPolicy.getFromFuture(SegmentedRaftLogWorker.java:87)
	at org.apache.ratis.server.raftlog.segmented.SegmentedRaftLogWorker$WriteLog.execute(SegmentedRaftLogWorker.java:477)
	at org.apache.ratis.server.raftlog.segmented.SegmentedRaftLogWorker.run(SegmentedRaftLogWorker.java:289)
	at java.lang.Thread.run(Thread.java:748)
Caused by: java.util.concurrent.TimeoutException
	at java.util.concurrent.CompletableFuture.timedGet(CompletableFuture.java:1771)
	at java.util.concurrent.CompletableFuture.get(CompletableFuture.java:1915)
	at org.apache.ratis.util.IOUtils.getFromFuture(IOUtils.java:79)
	... 4 more
2019-09-16 16:55:46,864 [2e525942-e927-41dd-97b7-9b9ba8560315@group-A91BA5A7B369-SegmentedRaftLogWorker] WARN  segmented.SegmentedRaftLogWorker (SegmentedRaftLogWorker.java:getFromFuture(90)) - Timeout 2/~
org.apache.ratis.protocol.TimeoutIOException: Timeout 10s: WriteLog:19: (t:2, i:19), STATEMACHINELOGENTRY, client-59284F2D283B, cid=31-writeStateMachineData
	at org.apache.ratis.util.IOUtils.getFromFuture(IOUtils.java:87)
	at org.apache.ratis.server.raftlog.segmented.SegmentedRaftLogWorker$StateMachineDataPolicy.getFromFuture(SegmentedRaftLogWorker.java:87)
	at org.apache.ratis.server.raftlog.segmented.SegmentedRaftLogWorker$WriteLog.execute(SegmentedRaftLogWorker.java:477)
	at org.apache.ratis.server.raftlog.segmented.SegmentedRaftLogWorker.run(SegmentedRaftLogWorker.java:289)
	at java.lang.Thread.run(Thread.java:748)
Caused by: java.util.concurrent.TimeoutException
	at java.util.concurrent.CompletableFuture.timedGet(CompletableFuture.java:1771)
	at java.util.concurrent.CompletableFuture.get(CompletableFuture.java:1915)
	at org.apache.ratis.util.IOUtils.getFromFuture(IOUtils.java:79)
	... 4 more
2019-09-16 16:55:46,878 [java.util.concurrent.ThreadPoolExecutor$Worker@15ce7ec6[State = -1, empty queue]] WARN  server.GrpcLogAppender (GrpcLogAppender.java:timeoutAppendRequest(200)) - 2e525942-e927-41dd-97b7-9b9ba8560315@group-A91BA5A7B369->315b4b00-5c1a-4cba-b27d-9eac94437c20-GrpcLogAppender: appendEntries Timeout, request=2e525942-e927-41dd-97b7-9b9ba8560315->315b4b00-5c1a-4cba-b27d-9eac94437c20#75-t2, previous=(t:2, i:20), leaderCommit=16, initializing? false, entries: <empty>
2019-09-16 16:55:46,878 [java.util.concurrent.ThreadPoolExecutor$Worker@4a6d51fe[State = -1, empty queue]] WARN  server.GrpcLogAppender (GrpcLogAppender.java:timeoutAppendRequest(200)) - 2e525942-e927-41dd-97b7-9b9ba8560315@group-A91BA5A7B369->c232c0ff-9192-4b00-ad60-76b55f03f95e-GrpcLogAppender: appendEntries Timeout, request=2e525942-e927-41dd-97b7-9b9ba8560315->c232c0ff-9192-4b00-ad60-76b55f03f95e#75-t2, previous=(t:2, i:20), leaderCommit=16, initializing? false, entries: <empty>
2019-09-16 16:55:46,892 [315b4b00-5c1a-4cba-b27d-9eac94437c20@group-A91BA5A7B369-SegmentedRaftLogWorker] WARN  segmented.SegmentedRaftLogWorker (SegmentedRaftLogWorker.java:getFromFuture(90)) - Timeout 2/~
org.apache.ratis.protocol.TimeoutIOException: Timeout 10s: WriteLog:19: (t:2, i:19), STATEMACHINELOGENTRY, client-59284F2D283B, cid=31-writeStateMachineData
	at org.apache.ratis.util.IOUtils.getFromFuture(IOUtils.java:87)
	at org.apache.ratis.server.raftlog.segmented.SegmentedRaftLogWorker$StateMachineDataPolicy.getFromFuture(SegmentedRaftLogWorker.java:87)
	at org.apache.ratis.server.raftlog.segmented.SegmentedRaftLogWorker$WriteLog.execute(SegmentedRaftLogWorker.java:477)
	at org.apache.ratis.server.raftlog.segmented.SegmentedRaftLogWorker.run(SegmentedRaftLogWorker.java:289)
	at java.lang.Thread.run(Thread.java:748)
Caused by: java.util.concurrent.TimeoutException
	at java.util.concurrent.CompletableFuture.timedGet(CompletableFuture.java:1771)
	at java.util.concurrent.CompletableFuture.get(CompletableFuture.java:1915)
	at org.apache.ratis.util.IOUtils.getFromFuture(IOUtils.java:79)
	... 4 more
2019-09-16 16:55:46,896 [java.util.concurrent.ThreadPoolExecutor$Worker@24305a62[State = -1, empty queue]] WARN  server.GrpcLogAppender (GrpcLogAppender.java:timeoutAppendRequest(200)) - 84a51469-6089-434c-9409-be6ecd1b15ae@group-96041FA828FE->ff1392d6-f741-46e8-b06b-d99a585290d3-GrpcLogAppender: appendEntries Timeout, request=84a51469-6089-434c-9409-be6ecd1b15ae->ff1392d6-f741-46e8-b06b-d99a585290d3#75-t2, previous=(t:2, i:20), leaderCommit=16, initializing? false, entries: <empty>
2019-09-16 16:55:46,897 [java.util.concurrent.ThreadPoolExecutor$Worker@65ab53cc[State = -1, empty queue]] WARN  server.GrpcLogAppender (GrpcLogAppender.java:timeoutAppendRequest(200)) - 84a51469-6089-434c-9409-be6ecd1b15ae@group-96041FA828FE->82d73395-84ed-4f5d-a3d4-b8dc3778e9c8-GrpcLogAppender: appendEntries Timeout, request=84a51469-6089-434c-9409-be6ecd1b15ae->82d73395-84ed-4f5d-a3d4-b8dc3778e9c8#75-t2, previous=(t:2, i:20), leaderCommit=16, initializing? false, entries: <empty>
2019-09-16 16:55:47,378 [java.util.concurrent.ThreadPoolExecutor$Worker@15ce7ec6[State = -1, empty queue]] WARN  server.GrpcLogAppender (GrpcLogAppender.java:timeoutAppendRequest(200)) - 2e525942-e927-41dd-97b7-9b9ba8560315@group-A91BA5A7B369->315b4b00-5c1a-4cba-b27d-9eac94437c20-GrpcLogAppender: appendEntries Timeout, request=2e525942-e927-41dd-97b7-9b9ba8560315->315b4b00-5c1a-4cba-b27d-9eac94437c20#76-t2, previous=(t:2, i:20), leaderCommit=16, initializing? false, entries: <empty>
2019-09-16 16:55:47,379 [java.util.concurrent.ThreadPoolExecutor$Worker@4a6d51fe[State = -1, empty queue]] WARN  server.GrpcLogAppender (GrpcLogAppender.java:timeoutAppendRequest(200)) - 2e525942-e927-41dd-97b7-9b9ba8560315@group-A91BA5A7B369->c232c0ff-9192-4b00-ad60-76b55f03f95e-GrpcLogAppender: appendEntries Timeout, request=2e525942-e927-41dd-97b7-9b9ba8560315->c232c0ff-9192-4b00-ad60-76b55f03f95e#76-t2, previous=(t:2, i:20), leaderCommit=16, initializing? false, entries: <empty>
2019-09-16 16:55:47,397 [java.util.concurrent.ThreadPoolExecutor$Worker@24305a62[State = -1, empty queue]] WARN  server.GrpcLogAppender (GrpcLogAppender.java:timeoutAppendRequest(200)) - 84a51469-6089-434c-9409-be6ecd1b15ae@group-96041FA828FE->ff1392d6-f741-46e8-b06b-d99a585290d3-GrpcLogAppender: appendEntries Timeout, request=84a51469-6089-434c-9409-be6ecd1b15ae->ff1392d6-f741-46e8-b06b-d99a585290d3#76-t2, previous=(t:2, i:20), leaderCommit=16, initializing? false, entries: <empty>
2019-09-16 16:55:47,397 [java.util.concurrent.ThreadPoolExecutor$Worker@65ab53cc[State = -1, empty queue]] WARN  server.GrpcLogAppender (GrpcLogAppender.java:timeoutAppendRequest(200)) - 84a51469-6089-434c-9409-be6ecd1b15ae@group-96041FA828FE->82d73395-84ed-4f5d-a3d4-b8dc3778e9c8-GrpcLogAppender: appendEntries Timeout, request=84a51469-6089-434c-9409-be6ecd1b15ae->82d73395-84ed-4f5d-a3d4-b8dc3778e9c8#76-t2, previous=(t:2, i:20), leaderCommit=16, initializing? false, entries: <empty>
2019-09-16 16:55:47,879 [java.util.concurrent.ThreadPoolExecutor$Worker@15ce7ec6[State = -1, empty queue]] WARN  server.GrpcLogAppender (GrpcLogAppender.java:timeoutAppendRequest(200)) - 2e525942-e927-41dd-97b7-9b9ba8560315@group-A91BA5A7B369->315b4b00-5c1a-4cba-b27d-9eac94437c20-GrpcLogAppender: appendEntries Timeout, request=2e525942-e927-41dd-97b7-9b9ba8560315->315b4b00-5c1a-4cba-b27d-9eac94437c20#77-t2, previous=(t:2, i:20), leaderCommit=16, initializing? false, entries: <empty>
2019-09-16 16:55:47,879 [java.util.concurrent.ThreadPoolExecutor$Worker@4a6d51fe[State = -1, empty queue]] WARN  server.GrpcLogAppender (GrpcLogAppender.java:timeoutAppendRequest(200)) - 2e525942-e927-41dd-97b7-9b9ba8560315@group-A91BA5A7B369->c232c0ff-9192-4b00-ad60-76b55f03f95e-GrpcLogAppender: appendEntries Timeout, request=2e525942-e927-41dd-97b7-9b9ba8560315->c232c0ff-9192-4b00-ad60-76b55f03f95e#77-t2, previous=(t:2, i:20), leaderCommit=16, initializing? false, entries: <empty>
2019-09-16 16:55:47,897 [java.util.concurrent.ThreadPoolExecutor$Worker@24305a62[State = -1, empty queue]] WARN  server.GrpcLogAppender (GrpcLogAppender.java:timeoutAppendRequest(200)) - 84a51469-6089-434c-9409-be6ecd1b15ae@group-96041FA828FE->ff1392d6-f741-46e8-b06b-d99a585290d3-GrpcLogAppender: appendEntries Timeout, request=84a51469-6089-434c-9409-be6ecd1b15ae->ff1392d6-f741-46e8-b06b-d99a585290d3#77-t2, previous=(t:2, i:20), leaderCommit=16, initializing? false, entries: <empty>
2019-09-16 16:55:47,897 [java.util.concurrent.ThreadPoolExecutor$Worker@65ab53cc[State = -1, empty queue]] WARN  server.GrpcLogAppender (GrpcLogAppender.java:timeoutAppendRequest(200)) - 84a51469-6089-434c-9409-be6ecd1b15ae@group-96041FA828FE->82d73395-84ed-4f5d-a3d4-b8dc3778e9c8-GrpcLogAppender: appendEntries Timeout, request=84a51469-6089-434c-9409-be6ecd1b15ae->82d73395-84ed-4f5d-a3d4-b8dc3778e9c8#77-t2, previous=(t:2, i:20), leaderCommit=16, initializing? false, entries: <empty>
2019-09-16 16:55:48,379 [java.util.concurrent.ThreadPoolExecutor$Worker@15ce7ec6[State = -1, empty queue]] WARN  server.GrpcLogAppender (GrpcLogAppender.java:timeoutAppendRequest(200)) - 2e525942-e927-41dd-97b7-9b9ba8560315@group-A91BA5A7B369->315b4b00-5c1a-4cba-b27d-9eac94437c20-GrpcLogAppender: appendEntries Timeout, request=2e525942-e927-41dd-97b7-9b9ba8560315->315b4b00-5c1a-4cba-b27d-9eac94437c20#78-t2, previous=(t:2, i:20), leaderCommit=16, initializing? false, entries: <empty>
2019-09-16 16:55:48,379 [java.util.concurrent.ThreadPoolExecutor$Worker@4a6d51fe[State = -1, empty queue]] WARN  server.GrpcLogAppender (GrpcLogAppender.java:timeoutAppendRequest(200)) - 2e525942-e927-41dd-97b7-9b9ba8560315@group-A91BA5A7B369->c232c0ff-9192-4b00-ad60-76b55f03f95e-GrpcLogAppender: appendEntries Timeout, request=2e525942-e927-41dd-97b7-9b9ba8560315->c232c0ff-9192-4b00-ad60-76b55f03f95e#78-t2, previous=(t:2, i:20), leaderCommit=16, initializing? false, entries: <empty>
2019-09-16 16:55:48,397 [java.util.concurrent.ThreadPoolExecutor$Worker@24305a62[State = -1, empty queue]] WARN  server.GrpcLogAppender (GrpcLogAppender.java:timeoutAppendRequest(200)) - 84a51469-6089-434c-9409-be6ecd1b15ae@group-96041FA828FE->ff1392d6-f741-46e8-b06b-d99a585290d3-GrpcLogAppender: appendEntries Timeout, request=84a51469-6089-434c-9409-be6ecd1b15ae->ff1392d6-f741-46e8-b06b-d99a585290d3#78-t2, previous=(t:2, i:20), leaderCommit=16, initializing? false, entries: <empty>
2019-09-16 16:55:48,397 [java.util.concurrent.ThreadPoolExecutor$Worker@65ab53cc[State = -1, empty queue]] WARN  server.GrpcLogAppender (GrpcLogAppender.java:timeoutAppendRequest(200)) - 84a51469-6089-434c-9409-be6ecd1b15ae@group-96041FA828FE->82d73395-84ed-4f5d-a3d4-b8dc3778e9c8-GrpcLogAppender: appendEntries Timeout, request=84a51469-6089-434c-9409-be6ecd1b15ae->82d73395-84ed-4f5d-a3d4-b8dc3778e9c8#78-t2, previous=(t:2, i:20), leaderCommit=16, initializing? false, entries: <empty>
2019-09-16 16:55:48,880 [java.util.concurrent.ThreadPoolExecutor$Worker@15ce7ec6[State = -1, empty queue]] WARN  server.GrpcLogAppender (GrpcLogAppender.java:timeoutAppendRequest(200)) - 2e525942-e927-41dd-97b7-9b9ba8560315@group-A91BA5A7B369->315b4b00-5c1a-4cba-b27d-9eac94437c20-GrpcLogAppender: appendEntries Timeout, request=2e525942-e927-41dd-97b7-9b9ba8560315->315b4b00-5c1a-4cba-b27d-9eac94437c20#79-t2, previous=(t:2, i:20), leaderCommit=16, initializing? false, entries: <empty>
2019-09-16 16:55:48,880 [java.util.concurrent.ThreadPoolExecutor$Worker@4a6d51fe[State = -1, empty queue]] WARN  server.GrpcLogAppender (GrpcLogAppender.java:timeoutAppendRequest(200)) - 2e525942-e927-41dd-97b7-9b9ba8560315@group-A91BA5A7B369->c232c0ff-9192-4b00-ad60-76b55f03f95e-GrpcLogAppender: appendEntries Timeout, request=2e525942-e927-41dd-97b7-9b9ba8560315->c232c0ff-9192-4b00-ad60-76b55f03f95e#79-t2, previous=(t:2, i:20), leaderCommit=16, initializing? false, entries: <empty>
2019-09-16 16:55:48,898 [java.util.concurrent.ThreadPoolExecutor$Worker@24305a62[State = -1, empty queue]] WARN  server.GrpcLogAppender (GrpcLogAppender.java:timeoutAppendRequest(200)) - 84a51469-6089-434c-9409-be6ecd1b15ae@group-96041FA828FE->ff1392d6-f741-46e8-b06b-d99a585290d3-GrpcLogAppender: appendEntries Timeout, request=84a51469-6089-434c-9409-be6ecd1b15ae->ff1392d6-f741-46e8-b06b-d99a585290d3#79-t2, previous=(t:2, i:20), leaderCommit=16, initializing? false, entries: <empty>
2019-09-16 16:55:48,898 [java.util.concurrent.ThreadPoolExecutor$Worker@65ab53cc[State = -1, empty queue]] WARN  server.GrpcLogAppender (GrpcLogAppender.java:timeoutAppendRequest(200)) - 84a51469-6089-434c-9409-be6ecd1b15ae@group-96041FA828FE->82d73395-84ed-4f5d-a3d4-b8dc3778e9c8-GrpcLogAppender: appendEntries Timeout, request=84a51469-6089-434c-9409-be6ecd1b15ae->82d73395-84ed-4f5d-a3d4-b8dc3778e9c8#79-t2, previous=(t:2, i:20), leaderCommit=16, initializing? false, entries: <empty>
2019-09-16 16:55:49,381 [java.util.concurrent.ThreadPoolExecutor$Worker@15ce7ec6[State = -1, empty queue]] WARN  server.GrpcLogAppender (GrpcLogAppender.java:timeoutAppendRequest(200)) - 2e525942-e927-41dd-97b7-9b9ba8560315@group-A91BA5A7B369->315b4b00-5c1a-4cba-b27d-9eac94437c20-GrpcLogAppender: appendEntries Timeout, request=2e525942-e927-41dd-97b7-9b9ba8560315->315b4b00-5c1a-4cba-b27d-9eac94437c20#80-t2, previous=(t:2, i:20), leaderCommit=16, initializing? false, entries: <empty>
2019-09-16 16:55:49,381 [java.util.concurrent.ThreadPoolExecutor$Worker@4a6d51fe[State = -1, empty queue]] WARN  server.GrpcLogAppender (GrpcLogAppender.java:timeoutAppendRequest(200)) - 2e525942-e927-41dd-97b7-9b9ba8560315@group-A91BA5A7B369->c232c0ff-9192-4b00-ad60-76b55f03f95e-GrpcLogAppender: appendEntries Timeout, request=2e525942-e927-41dd-97b7-9b9ba8560315->c232c0ff-9192-4b00-ad60-76b55f03f95e#80-t2, previous=(t:2, i:20), leaderCommit=16, initializing? false, entries: <empty>
2019-09-16 16:55:49,398 [java.util.concurrent.ThreadPoolExecutor$Worker@24305a62[State = -1, empty queue]] WARN  server.GrpcLogAppender (GrpcLogAppender.java:timeoutAppendRequest(200)) - 84a51469-6089-434c-9409-be6ecd1b15ae@group-96041FA828FE->ff1392d6-f741-46e8-b06b-d99a585290d3-GrpcLogAppender: appendEntries Timeout, request=84a51469-6089-434c-9409-be6ecd1b15ae->ff1392d6-f741-46e8-b06b-d99a585290d3#80-t2, previous=(t:2, i:20), leaderCommit=16, initializing? false, entries: <empty>
2019-09-16 16:55:49,398 [java.util.concurrent.ThreadPoolExecutor$Worker@65ab53cc[State = -1, empty queue]] WARN  server.GrpcLogAppender (GrpcLogAppender.java:timeoutAppendRequest(200)) - 84a51469-6089-434c-9409-be6ecd1b15ae@group-96041FA828FE->82d73395-84ed-4f5d-a3d4-b8dc3778e9c8-GrpcLogAppender: appendEntries Timeout, request=84a51469-6089-434c-9409-be6ecd1b15ae->82d73395-84ed-4f5d-a3d4-b8dc3778e9c8#80-t2, previous=(t:2, i:20), leaderCommit=16, initializing? false, entries: <empty>
2019-09-16 16:55:49,881 [java.util.concurrent.ThreadPoolExecutor$Worker@4a6d51fe[State = -1, empty queue]] WARN  server.GrpcLogAppender (GrpcLogAppender.java:timeoutAppendRequest(200)) - 2e525942-e927-41dd-97b7-9b9ba8560315@group-A91BA5A7B369->c232c0ff-9192-4b00-ad60-76b55f03f95e-GrpcLogAppender: appendEntries Timeout, request=2e525942-e927-41dd-97b7-9b9ba8560315->c232c0ff-9192-4b00-ad60-76b55f03f95e#81-t2, previous=(t:2, i:20), leaderCommit=16, initializing? false, entries: <empty>
2019-09-16 16:55:49,881 [java.util.concurrent.ThreadPoolExecutor$Worker@15ce7ec6[State = -1, empty queue]] WARN  server.GrpcLogAppender (GrpcLogAppender.java:timeoutAppendRequest(200)) - 2e525942-e927-41dd-97b7-9b9ba8560315@group-A91BA5A7B369->315b4b00-5c1a-4cba-b27d-9eac94437c20-GrpcLogAppender: appendEntries Timeout, request=2e525942-e927-41dd-97b7-9b9ba8560315->315b4b00-5c1a-4cba-b27d-9eac94437c20#81-t2, previous=(t:2, i:20), leaderCommit=16, initializing? false, entries: <empty>
2019-09-16 16:55:49,898 [java.util.concurrent.ThreadPoolExecutor$Worker@24305a62[State = -1, empty queue]] WARN  server.GrpcLogAppender (GrpcLogAppender.java:timeoutAppendRequest(200)) - 84a51469-6089-434c-9409-be6ecd1b15ae@group-96041FA828FE->ff1392d6-f741-46e8-b06b-d99a585290d3-GrpcLogAppender: appendEntries Timeout, request=84a51469-6089-434c-9409-be6ecd1b15ae->ff1392d6-f741-46e8-b06b-d99a585290d3#81-t2, previous=(t:2, i:20), leaderCommit=16, initializing? false, entries: <empty>
2019-09-16 16:55:49,898 [java.util.concurrent.ThreadPoolExecutor$Worker@65ab53cc[State = -1, empty queue]] WARN  server.GrpcLogAppender (GrpcLogAppender.java:timeoutAppendRequest(200)) - 84a51469-6089-434c-9409-be6ecd1b15ae@group-96041FA828FE->82d73395-84ed-4f5d-a3d4-b8dc3778e9c8-GrpcLogAppender: appendEntries Timeout, request=84a51469-6089-434c-9409-be6ecd1b15ae->82d73395-84ed-4f5d-a3d4-b8dc3778e9c8#81-t2, previous=(t:2, i:20), leaderCommit=16, initializing? false, entries: <empty>
2019-09-16 16:55:50,382 [java.util.concurrent.ThreadPoolExecutor$Worker@4a6d51fe[State = -1, empty queue]] WARN  server.GrpcLogAppender (GrpcLogAppender.java:timeoutAppendRequest(200)) - 2e525942-e927-41dd-97b7-9b9ba8560315@group-A91BA5A7B369->c232c0ff-9192-4b00-ad60-76b55f03f95e-GrpcLogAppender: appendEntries Timeout, request=2e525942-e927-41dd-97b7-9b9ba8560315->c232c0ff-9192-4b00-ad60-76b55f03f95e#82-t2, previous=(t:2, i:20), leaderCommit=16, initializing? false, entries: <empty>
2019-09-16 16:55:50,382 [java.util.concurrent.ThreadPoolExecutor$Worker@15ce7ec6[State = -1, empty queue]] WARN  server.GrpcLogAppender (GrpcLogAppender.java:timeoutAppendRequest(200)) - 2e525942-e927-41dd-97b7-9b9ba8560315@group-A91BA5A7B369->315b4b00-5c1a-4cba-b27d-9eac94437c20-GrpcLogAppender: appendEntries Timeout, request=2e525942-e927-41dd-97b7-9b9ba8560315->315b4b00-5c1a-4cba-b27d-9eac94437c20#82-t2, previous=(t:2, i:20), leaderCommit=16, initializing? false, entries: <empty>
2019-09-16 16:55:50,398 [java.util.concurrent.ThreadPoolExecutor$Worker@65ab53cc[State = -1, empty queue]] WARN  server.GrpcLogAppender (GrpcLogAppender.java:timeoutAppendRequest(200)) - 84a51469-6089-434c-9409-be6ecd1b15ae@group-96041FA828FE->82d73395-84ed-4f5d-a3d4-b8dc3778e9c8-GrpcLogAppender: appendEntries Timeout, request=84a51469-6089-434c-9409-be6ecd1b15ae->82d73395-84ed-4f5d-a3d4-b8dc3778e9c8#82-t2, previous=(t:2, i:20), leaderCommit=16, initializing? false, entries: <empty>
2019-09-16 16:55:50,398 [java.util.concurrent.ThreadPoolExecutor$Worker@24305a62[State = -1, empty queue]] WARN  server.GrpcLogAppender (GrpcLogAppender.java:timeoutAppendRequest(200)) - 84a51469-6089-434c-9409-be6ecd1b15ae@group-96041FA828FE->ff1392d6-f741-46e8-b06b-d99a585290d3-GrpcLogAppender: appendEntries Timeout, request=84a51469-6089-434c-9409-be6ecd1b15ae->ff1392d6-f741-46e8-b06b-d99a585290d3#82-t2, previous=(t:2, i:20), leaderCommit=16, initializing? false, entries: <empty>
2019-09-16 16:55:50,548 [grpc-default-executor-1] INFO  client.GrpcClientProtocolClient (GrpcClientProtocolClient.java:onNext(264)) - client-B39EF5C42450->ff1392d6-f741-46e8-b06b-d99a585290d3: receive RaftClientReply:client-B39EF5C42450->ff1392d6-f741-46e8-b06b-d99a585290d3@group-96041FA828FE, cid=43, FAILED org.apache.ratis.protocol.NotLeaderException: Server ff1392d6-f741-46e8-b06b-d99a585290d3@group-96041FA828FE is not the leader 84a51469-6089-434c-9409-be6ecd1b15ae:192.168.34.37:37072, logIndex=0, commits[ff1392d6-f741-46e8-b06b-d99a585290d3:c16, 84a51469-6089-434c-9409-be6ecd1b15ae:c16, 82d73395-84ed-4f5d-a3d4-b8dc3778e9c8:c13]
2019-09-16 16:55:50,882 [java.util.concurrent.ThreadPoolExecutor$Worker@4a6d51fe[State = -1, empty queue]] WARN  server.GrpcLogAppender (GrpcLogAppender.java:timeoutAppendRequest(200)) - 2e525942-e927-41dd-97b7-9b9ba8560315@group-A91BA5A7B369->c232c0ff-9192-4b00-ad60-76b55f03f95e-GrpcLogAppender: appendEntries Timeout, request=2e525942-e927-41dd-97b7-9b9ba8560315->c232c0ff-9192-4b00-ad60-76b55f03f95e#83-t2, previous=(t:2, i:20), leaderCommit=16, initializing? false, entries: <empty>
2019-09-16 16:55:50,882 [java.util.concurrent.ThreadPoolExecutor$Worker@15ce7ec6[State = -1, empty queue]] WARN  server.GrpcLogAppender (GrpcLogAppender.java:timeoutAppendRequest(200)) - 2e525942-e927-41dd-97b7-9b9ba8560315@group-A91BA5A7B369->315b4b00-5c1a-4cba-b27d-9eac94437c20-GrpcLogAppender: appendEntries Timeout, request=2e525942-e927-41dd-97b7-9b9ba8560315->315b4b00-5c1a-4cba-b27d-9eac94437c20#83-t2, previous=(t:2, i:20), leaderCommit=16, initializing? false, entries: <empty>
2019-09-16 16:55:50,899 [java.util.concurrent.ThreadPoolExecutor$Worker@24305a62[State = -1, empty queue]] WARN  server.GrpcLogAppender (GrpcLogAppender.java:timeoutAppendRequest(200)) - 84a51469-6089-434c-9409-be6ecd1b15ae@group-96041FA828FE->ff1392d6-f741-46e8-b06b-d99a585290d3-GrpcLogAppender: appendEntries Timeout, request=84a51469-6089-434c-9409-be6ecd1b15ae->ff1392d6-f741-46e8-b06b-d99a585290d3#83-t2, previous=(t:2, i:20), leaderCommit=16, initializing? false, entries: <empty>
2019-09-16 16:55:50,899 [java.util.concurrent.ThreadPoolExecutor$Worker@65ab53cc[State = -1, empty queue]] WARN  server.GrpcLogAppender (GrpcLogAppender.java:timeoutAppendRequest(200)) - 84a51469-6089-434c-9409-be6ecd1b15ae@group-96041FA828FE->82d73395-84ed-4f5d-a3d4-b8dc3778e9c8-GrpcLogAppender: appendEntries Timeout, request=84a51469-6089-434c-9409-be6ecd1b15ae->82d73395-84ed-4f5d-a3d4-b8dc3778e9c8#83-t2, previous=(t:2, i:20), leaderCommit=16, initializing? false, entries: <empty>
2019-09-16 16:55:51,382 [java.util.concurrent.ThreadPoolExecutor$Worker@4a6d51fe[State = -1, empty queue]] WARN  server.GrpcLogAppender (GrpcLogAppender.java:timeoutAppendRequest(200)) - 2e525942-e927-41dd-97b7-9b9ba8560315@group-A91BA5A7B369->c232c0ff-9192-4b00-ad60-76b55f03f95e-GrpcLogAppender: appendEntries Timeout, request=2e525942-e927-41dd-97b7-9b9ba8560315->c232c0ff-9192-4b00-ad60-76b55f03f95e#84-t2, previous=(t:2, i:20), leaderCommit=16, initializing? false, entries: <empty>
2019-09-16 16:55:51,382 [java.util.concurrent.ThreadPoolExecutor$Worker@15ce7ec6[State = -1, empty queue]] WARN  server.GrpcLogAppender (GrpcLogAppender.java:timeoutAppendRequest(200)) - 2e525942-e927-41dd-97b7-9b9ba8560315@group-A91BA5A7B369->315b4b00-5c1a-4cba-b27d-9eac94437c20-GrpcLogAppender: appendEntries Timeout, request=2e525942-e927-41dd-97b7-9b9ba8560315->315b4b00-5c1a-4cba-b27d-9eac94437c20#84-t2, previous=(t:2, i:20), leaderCommit=16, initializing? false, entries: <empty>
2019-09-16 16:55:51,399 [java.util.concurrent.ThreadPoolExecutor$Worker@65ab53cc[State = -1, empty queue]] WARN  server.GrpcLogAppender (GrpcLogAppender.java:timeoutAppendRequest(200)) - 84a51469-6089-434c-9409-be6ecd1b15ae@group-96041FA828FE->82d73395-84ed-4f5d-a3d4-b8dc3778e9c8-GrpcLogAppender: appendEntries Timeout, request=84a51469-6089-434c-9409-be6ecd1b15ae->82d73395-84ed-4f5d-a3d4-b8dc3778e9c8#84-t2, previous=(t:2, i:20), leaderCommit=16, initializing? false, entries: <empty>
2019-09-16 16:55:51,399 [java.util.concurrent.ThreadPoolExecutor$Worker@24305a62[State = -1, empty queue]] WARN  server.GrpcLogAppender (GrpcLogAppender.java:timeoutAppendRequest(200)) - 84a51469-6089-434c-9409-be6ecd1b15ae@group-96041FA828FE->ff1392d6-f741-46e8-b06b-d99a585290d3-GrpcLogAppender: appendEntries Timeout, request=84a51469-6089-434c-9409-be6ecd1b15ae->ff1392d6-f741-46e8-b06b-d99a585290d3#84-t2, previous=(t:2, i:20), leaderCommit=16, initializing? false, entries: <empty>
2019-09-16 16:55:51,883 [java.util.concurrent.ThreadPoolExecutor$Worker@15ce7ec6[State = -1, empty queue]] WARN  server.GrpcLogAppender (GrpcLogAppender.java:timeoutAppendRequest(200)) - 2e525942-e927-41dd-97b7-9b9ba8560315@group-A91BA5A7B369->315b4b00-5c1a-4cba-b27d-9eac94437c20-GrpcLogAppender: appendEntries Timeout, request=2e525942-e927-41dd-97b7-9b9ba8560315->315b4b00-5c1a-4cba-b27d-9eac94437c20#85-t2, previous=(t:2, i:20), leaderCommit=16, initializing? false, entries: <empty>
2019-09-16 16:55:51,883 [java.util.concurrent.ThreadPoolExecutor$Worker@4a6d51fe[State = -1, empty queue]] WARN  server.GrpcLogAppender (GrpcLogAppender.java:timeoutAppendRequest(200)) - 2e525942-e927-41dd-97b7-9b9ba8560315@group-A91BA5A7B369->c232c0ff-9192-4b00-ad60-76b55f03f95e-GrpcLogAppender: appendEntries Timeout, request=2e525942-e927-41dd-97b7-9b9ba8560315->c232c0ff-9192-4b00-ad60-76b55f03f95e#85-t2, previous=(t:2, i:20), leaderCommit=16, initializing? false, entries: <empty>
2019-09-16 16:55:51,899 [java.util.concurrent.ThreadPoolExecutor$Worker@65ab53cc[State = -1, empty queue]] WARN  server.GrpcLogAppender (GrpcLogAppender.java:timeoutAppendRequest(200)) - 84a51469-6089-434c-9409-be6ecd1b15ae@group-96041FA828FE->82d73395-84ed-4f5d-a3d4-b8dc3778e9c8-GrpcLogAppender: appendEntries Timeout, request=84a51469-6089-434c-9409-be6ecd1b15ae->82d73395-84ed-4f5d-a3d4-b8dc3778e9c8#85-t2, previous=(t:2, i:20), leaderCommit=16, initializing? false, entries: <empty>
2019-09-16 16:55:51,899 [java.util.concurrent.ThreadPoolExecutor$Worker@24305a62[State = -1, empty queue]] WARN  server.GrpcLogAppender (GrpcLogAppender.java:timeoutAppendRequest(200)) - 84a51469-6089-434c-9409-be6ecd1b15ae@group-96041FA828FE->ff1392d6-f741-46e8-b06b-d99a585290d3-GrpcLogAppender: appendEntries Timeout, request=84a51469-6089-434c-9409-be6ecd1b15ae->ff1392d6-f741-46e8-b06b-d99a585290d3#85-t2, previous=(t:2, i:20), leaderCommit=16, initializing? false, entries: <empty>
2019-09-16 16:55:52,383 [java.util.concurrent.ThreadPoolExecutor$Worker@15ce7ec6[State = -1, empty queue]] WARN  server.GrpcLogAppender (GrpcLogAppender.java:timeoutAppendRequest(200)) - 2e525942-e927-41dd-97b7-9b9ba8560315@group-A91BA5A7B369->315b4b00-5c1a-4cba-b27d-9eac94437c20-GrpcLogAppender: appendEntries Timeout, request=2e525942-e927-41dd-97b7-9b9ba8560315->315b4b00-5c1a-4cba-b27d-9eac94437c20#86-t2, previous=(t:2, i:20), leaderCommit=16, initializing? false, entries: <empty>
2019-09-16 16:55:52,383 [java.util.concurrent.ThreadPoolExecutor$Worker@4a6d51fe[State = -1, empty queue]] WARN  server.GrpcLogAppender (GrpcLogAppender.java:timeoutAppendRequest(200)) - 2e525942-e927-41dd-97b7-9b9ba8560315@group-A91BA5A7B369->c232c0ff-9192-4b00-ad60-76b55f03f95e-GrpcLogAppender: appendEntries Timeout, request=2e525942-e927-41dd-97b7-9b9ba8560315->c232c0ff-9192-4b00-ad60-76b55f03f95e#86-t2, previous=(t:2, i:20), leaderCommit=16, initializing? false, entries: <empty>
2019-09-16 16:55:52,399 [java.util.concurrent.ThreadPoolExecutor$Worker@24305a62[State = -1, empty queue]] WARN  server.GrpcLogAppender (GrpcLogAppender.java:timeoutAppendRequest(200)) - 84a51469-6089-434c-9409-be6ecd1b15ae@group-96041FA828FE->ff1392d6-f741-46e8-b06b-d99a585290d3-GrpcLogAppender: appendEntries Timeout, request=84a51469-6089-434c-9409-be6ecd1b15ae->ff1392d6-f741-46e8-b06b-d99a585290d3#86-t2, previous=(t:2, i:20), leaderCommit=16, initializing? false, entries: <empty>
2019-09-16 16:55:52,399 [java.util.concurrent.ThreadPoolExecutor$Worker@65ab53cc[State = -1, empty queue]] WARN  server.GrpcLogAppender (GrpcLogAppender.java:timeoutAppendRequest(200)) - 84a51469-6089-434c-9409-be6ecd1b15ae@group-96041FA828FE->82d73395-84ed-4f5d-a3d4-b8dc3778e9c8-GrpcLogAppender: appendEntries Timeout, request=84a51469-6089-434c-9409-be6ecd1b15ae->82d73395-84ed-4f5d-a3d4-b8dc3778e9c8#86-t2, previous=(t:2, i:20), leaderCommit=16, initializing? false, entries: <empty>
2019-09-16 16:55:52,883 [java.util.concurrent.ThreadPoolExecutor$Worker@15ce7ec6[State = -1, empty queue]] WARN  server.GrpcLogAppender (GrpcLogAppender.java:timeoutAppendRequest(200)) - 2e525942-e927-41dd-97b7-9b9ba8560315@group-A91BA5A7B369->315b4b00-5c1a-4cba-b27d-9eac94437c20-GrpcLogAppender: appendEntries Timeout, request=2e525942-e927-41dd-97b7-9b9ba8560315->315b4b00-5c1a-4cba-b27d-9eac94437c20#87-t2, previous=(t:2, i:20), leaderCommit=16, initializing? false, entries: <empty>
2019-09-16 16:55:52,883 [java.util.concurrent.ThreadPoolExecutor$Worker@4a6d51fe[State = -1, empty queue]] WARN  server.GrpcLogAppender (GrpcLogAppender.java:timeoutAppendRequest(200)) - 2e525942-e927-41dd-97b7-9b9ba8560315@group-A91BA5A7B369->c232c0ff-9192-4b00-ad60-76b55f03f95e-GrpcLogAppender: appendEntries Timeout, request=2e525942-e927-41dd-97b7-9b9ba8560315->c232c0ff-9192-4b00-ad60-76b55f03f95e#87-t2, previous=(t:2, i:20), leaderCommit=16, initializing? false, entries: <empty>
2019-09-16 16:55:52,902 [java.util.concurrent.ThreadPoolExecutor$Worker@24305a62[State = -1, empty queue]] WARN  server.GrpcLogAppender (GrpcLogAppender.java:timeoutAppendRequest(200)) - 84a51469-6089-434c-9409-be6ecd1b15ae@group-96041FA828FE->ff1392d6-f741-46e8-b06b-d99a585290d3-GrpcLogAppender: appendEntries Timeout, request=84a51469-6089-434c-9409-be6ecd1b15ae->ff1392d6-f741-46e8-b06b-d99a585290d3#87-t2, previous=(t:2, i:20), leaderCommit=16, initializing? false, entries: <empty>
2019-09-16 16:55:52,902 [java.util.concurrent.ThreadPoolExecutor$Worker@65ab53cc[State = -1, empty queue]] WARN  server.GrpcLogAppender (GrpcLogAppender.java:timeoutAppendRequest(200)) - 84a51469-6089-434c-9409-be6ecd1b15ae@group-96041FA828FE->82d73395-84ed-4f5d-a3d4-b8dc3778e9c8-GrpcLogAppender: appendEntries Timeout, request=84a51469-6089-434c-9409-be6ecd1b15ae->82d73395-84ed-4f5d-a3d4-b8dc3778e9c8#87-t2, previous=(t:2, i:20), leaderCommit=16, initializing? false, entries: <empty>
2019-09-16 16:55:53,384 [java.util.concurrent.ThreadPoolExecutor$Worker@15ce7ec6[State = -1, empty queue]] WARN  server.GrpcLogAppender (GrpcLogAppender.java:timeoutAppendRequest(200)) - 2e525942-e927-41dd-97b7-9b9ba8560315@group-A91BA5A7B369->315b4b00-5c1a-4cba-b27d-9eac94437c20-GrpcLogAppender: appendEntries Timeout, request=2e525942-e927-41dd-97b7-9b9ba8560315->315b4b00-5c1a-4cba-b27d-9eac94437c20#88-t2, previous=(t:2, i:20), leaderCommit=16, initializing? false, entries: <empty>
2019-09-16 16:55:53,384 [java.util.concurrent.ThreadPoolExecutor$Worker@4a6d51fe[State = -1, empty queue]] WARN  server.GrpcLogAppender (GrpcLogAppender.java:timeoutAppendRequest(200)) - 2e525942-e927-41dd-97b7-9b9ba8560315@group-A91BA5A7B369->c232c0ff-9192-4b00-ad60-76b55f03f95e-GrpcLogAppender: appendEntries Timeout, request=2e525942-e927-41dd-97b7-9b9ba8560315->c232c0ff-9192-4b00-ad60-76b55f03f95e#88-t2, previous=(t:2, i:20), leaderCommit=16, initializing? false, entries: <empty>
2019-09-16 16:55:53,400 [java.util.concurrent.ThreadPoolExecutor$Worker@65ab53cc[State = -1, empty queue]] WARN  server.GrpcLogAppender (GrpcLogAppender.java:timeoutAppendRequest(200)) - 84a51469-6089-434c-9409-be6ecd1b15ae@group-96041FA828FE->82d73395-84ed-4f5d-a3d4-b8dc3778e9c8-GrpcLogAppender: appendEntries Timeout, request=84a51469-6089-434c-9409-be6ecd1b15ae->82d73395-84ed-4f5d-a3d4-b8dc3778e9c8#88-t2, previous=(t:2, i:20), leaderCommit=16, initializing? false, entries: <empty>
2019-09-16 16:55:53,400 [java.util.concurrent.ThreadPoolExecutor$Worker@24305a62[State = -1, empty queue]] WARN  server.GrpcLogAppender (GrpcLogAppender.java:timeoutAppendRequest(200)) - 84a51469-6089-434c-9409-be6ecd1b15ae@group-96041FA828FE->ff1392d6-f741-46e8-b06b-d99a585290d3-GrpcLogAppender: appendEntries Timeout, request=84a51469-6089-434c-9409-be6ecd1b15ae->ff1392d6-f741-46e8-b06b-d99a585290d3#88-t2, previous=(t:2, i:20), leaderCommit=16, initializing? false, entries: <empty>
2019-09-16 16:55:53,582 [main] WARN  io.KeyOutputStream (KeyOutputStream.java:handleException(276)) - Encountered exception java.io.IOException: Unexpected Storage Container Exception: java.util.concurrent.CompletionException: java.util.concurrent.CompletionException: org.apache.ratis.protocol.RaftRetryFailureException: Failed RaftClientRequest:client-B39EF5C42450->84a51469-6089-434c-9409-be6ecd1b15ae@group-96041FA828FE, cid=43, seq=9*, RW, org.apache.hadoop.hdds.scm.XceiverClientRatis$$Lambda$448/787298292@3e38448b for 10 attempts with RetryLimited(maxAttempts=10, sleepTime=1000ms) on the pipeline Pipeline[ Id: d2c78f41-34e3-4523-be1a-96041fa828fe, Nodes: 82d73395-84ed-4f5d-a3d4-b8dc3778e9c8{ip: 192.168.34.37, host: pr-hdds-1879-plksr-2441821890, networkLocation: /default-rack, certSerialId: null}84a51469-6089-434c-9409-be6ecd1b15ae{ip: 192.168.34.37, host: pr-hdds-1879-plksr-2441821890, networkLocation: /default-rack, certSerialId: null}ff1392d6-f741-46e8-b06b-d99a585290d3{ip: 192.168.34.37, host: pr-hdds-1879-plksr-2441821890, networkLocation: /default-rack, certSerialId: null}, Type:RATIS, Factor:THREE, State:OPEN]. The last committed block length is 0, uncommitted data length is 2097152 retry count 0
2019-09-16 16:55:53,615 [grpc-default-executor-3] INFO  client.GrpcClientProtocolClient (GrpcClientProtocolClient.java:onNext(264)) - client-1BF3ADFC909D->cc439034-f900-459f-93f0-405510d1632e: receive RaftClientReply:client-1BF3ADFC909D->cc439034-f900-459f-93f0-405510d1632e@group-A02DD63F7AE6, cid=47, FAILED org.apache.ratis.protocol.NotLeaderException: Server cc439034-f900-459f-93f0-405510d1632e@group-A02DD63F7AE6 is not the leader 3debf489-fb8f-44d7-9f14-87ea2202f1a2:192.168.34.37:46057, logIndex=0, commits[cc439034-f900-459f-93f0-405510d1632e:c0, 7977ac3b-0be3-4a37-9fef-39f7814db179:c0, 3debf489-fb8f-44d7-9f14-87ea2202f1a2:c0]
2019-09-16 16:55:53,752 [grpc-default-executor-3] INFO  client.GrpcClientProtocolClient (GrpcClientProtocolClient.java:onNext(264)) - client-1BF3ADFC909D->3debf489-fb8f-44d7-9f14-87ea2202f1a2: receive RaftClientReply:client-1BF3ADFC909D->3debf489-fb8f-44d7-9f14-87ea2202f1a2@group-A02DD63F7AE6, cid=47, SUCCESS, logIndex=1, commits[3debf489-fb8f-44d7-9f14-87ea2202f1a2:c1, cc439034-f900-459f-93f0-405510d1632e:c0, 7977ac3b-0be3-4a37-9fef-39f7814db179:c0]
2019-09-16 16:55:53,802 [grpc-default-executor-1] INFO  client.GrpcClientProtocolClient (GrpcClientProtocolClient.java:onNext(264)) - client-1BF3ADFC909D->3debf489-fb8f-44d7-9f14-87ea2202f1a2: receive RaftClientReply:client-1BF3ADFC909D->3debf489-fb8f-44d7-9f14-87ea2202f1a2@group-A02DD63F7AE6, cid=48, SUCCESS, logIndex=3, commits[3debf489-fb8f-44d7-9f14-87ea2202f1a2:c8, cc439034-f900-459f-93f0-405510d1632e:c6, 7977ac3b-0be3-4a37-9fef-39f7814db179:c6]
2019-09-16 16:55:53,805 [grpc-default-executor-1] INFO  client.GrpcClientProtocolClient (GrpcClientProtocolClient.java:onNext(264)) - client-1BF3ADFC909D->3debf489-fb8f-44d7-9f14-87ea2202f1a2: receive RaftClientReply:client-1BF3ADFC909D->3debf489-fb8f-44d7-9f14-87ea2202f1a2@group-A02DD63F7AE6, cid=49, SUCCESS, logIndex=4, commits[3debf489-fb8f-44d7-9f14-87ea2202f1a2:c8, cc439034-f900-459f-93f0-405510d1632e:c6, 7977ac3b-0be3-4a37-9fef-39f7814db179:c6]
2019-09-16 16:55:53,831 [grpc-default-executor-1] INFO  client.GrpcClientProtocolClient (GrpcClientProtocolClient.java:onNext(264)) - client-1BF3ADFC909D->3debf489-fb8f-44d7-9f14-87ea2202f1a2: receive RaftClientReply:client-1BF3ADFC909D->3debf489-fb8f-44d7-9f14-87ea2202f1a2@group-A02DD63F7AE6, cid=50, SUCCESS, logIndex=6, commits[3debf489-fb8f-44d7-9f14-87ea2202f1a2:c8, cc439034-f900-459f-93f0-405510d1632e:c6, 7977ac3b-0be3-4a37-9fef-39f7814db179:c6]
2019-09-16 16:55:53,882 [Datanode State Machine Thread - 0] INFO  statemachine.DatanodeStateMachine (DatanodeStateMachine.java:lambda$startDaemon$0(350)) - Ozone container server started.
2019-09-16 16:55:53,888 [java.util.concurrent.ThreadPoolExecutor$Worker@15ce7ec6[State = -1, empty queue]] WARN  server.GrpcLogAppender (GrpcLogAppender.java:timeoutAppendRequest(200)) - 2e525942-e927-41dd-97b7-9b9ba8560315@group-A91BA5A7B369->315b4b00-5c1a-4cba-b27d-9eac94437c20-GrpcLogAppender: appendEntries Timeout, request=2e525942-e927-41dd-97b7-9b9ba8560315->315b4b00-5c1a-4cba-b27d-9eac94437c20#89-t2, previous=(t:2, i:20), leaderCommit=16, initializing? false, entries: <empty>
2019-09-16 16:55:53,888 [java.util.concurrent.ThreadPoolExecutor$Worker@4a6d51fe[State = -1, empty queue]] WARN  server.GrpcLogAppender (GrpcLogAppender.java:timeoutAppendRequest(200)) - 2e525942-e927-41dd-97b7-9b9ba8560315@group-A91BA5A7B369->c232c0ff-9192-4b00-ad60-76b55f03f95e-GrpcLogAppender: appendEntries Timeout, request=2e525942-e927-41dd-97b7-9b9ba8560315->c232c0ff-9192-4b00-ad60-76b55f03f95e#89-t2, previous=(t:2, i:20), leaderCommit=16, initializing? false, entries: <empty>
2019-09-16 16:55:53,900 [java.util.concurrent.ThreadPoolExecutor$Worker@65ab53cc[State = -1, empty queue]] WARN  server.GrpcLogAppender (GrpcLogAppender.java:timeoutAppendRequest(200)) - 84a51469-6089-434c-9409-be6ecd1b15ae@group-96041FA828FE->82d73395-84ed-4f5d-a3d4-b8dc3778e9c8-GrpcLogAppender: appendEntries Timeout, request=84a51469-6089-434c-9409-be6ecd1b15ae->82d73395-84ed-4f5d-a3d4-b8dc3778e9c8#89-t2, previous=(t:2, i:20), leaderCommit=16, initializing? false, entries: <empty>
2019-09-16 16:55:53,900 [java.util.concurrent.ThreadPoolExecutor$Worker@24305a62[State = -1, empty queue]] WARN  server.GrpcLogAppender (GrpcLogAppender.java:timeoutAppendRequest(200)) - 84a51469-6089-434c-9409-be6ecd1b15ae@group-96041FA828FE->ff1392d6-f741-46e8-b06b-d99a585290d3-GrpcLogAppender: appendEntries Timeout, request=84a51469-6089-434c-9409-be6ecd1b15ae->ff1392d6-f741-46e8-b06b-d99a585290d3#89-t2, previous=(t:2, i:20), leaderCommit=16, initializing? false, entries: <empty>
2019-09-16 16:55:54,388 [java.util.concurrent.ThreadPoolExecutor$Worker@4a6d51fe[State = -1, empty queue]] WARN  server.GrpcLogAppender (GrpcLogAppender.java:timeoutAppendRequest(200)) - 2e525942-e927-41dd-97b7-9b9ba8560315@group-A91BA5A7B369->c232c0ff-9192-4b00-ad60-76b55f03f95e-GrpcLogAppender: appendEntries Timeout, request=2e525942-e927-41dd-97b7-9b9ba8560315->c232c0ff-9192-4b00-ad60-76b55f03f95e#90-t2, previous=(t:2, i:20), leaderCommit=16, initializing? false, entries: <empty>
2019-09-16 16:55:54,388 [java.util.concurrent.ThreadPoolExecutor$Worker@15ce7ec6[State = -1, empty queue]] WARN  server.GrpcLogAppender (GrpcLogAppender.java:timeoutAppendRequest(200)) - 2e525942-e927-41dd-97b7-9b9ba8560315@group-A91BA5A7B369->315b4b00-5c1a-4cba-b27d-9eac94437c20-GrpcLogAppender: appendEntries Timeout, request=2e525942-e927-41dd-97b7-9b9ba8560315->315b4b00-5c1a-4cba-b27d-9eac94437c20#90-t2, previous=(t:2, i:20), leaderCommit=16, initializing? false, entries: <empty>
2019-09-16 16:55:54,400 [java.util.concurrent.ThreadPoolExecutor$Worker@24305a62[State = -1, empty queue]] WARN  server.GrpcLogAppender (GrpcLogAppender.java:timeoutAppendRequest(200)) - 84a51469-6089-434c-9409-be6ecd1b15ae@group-96041FA828FE->ff1392d6-f741-46e8-b06b-d99a585290d3-GrpcLogAppender: appendEntries Timeout, request=84a51469-6089-434c-9409-be6ecd1b15ae->ff1392d6-f741-46e8-b06b-d99a585290d3#90-t2, previous=(t:2, i:20), leaderCommit=16, initializing? false, entries: <empty>
2019-09-16 16:55:54,400 [java.util.concurrent.ThreadPoolExecutor$Worker@65ab53cc[State = -1, empty queue]] WARN  server.GrpcLogAppender (GrpcLogAppender.java:timeoutAppendRequest(200)) - 84a51469-6089-434c-9409-be6ecd1b15ae@group-96041FA828FE->82d73395-84ed-4f5d-a3d4-b8dc3778e9c8-GrpcLogAppender: appendEntries Timeout, request=84a51469-6089-434c-9409-be6ecd1b15ae->82d73395-84ed-4f5d-a3d4-b8dc3778e9c8#90-t2, previous=(t:2, i:20), leaderCommit=16, initializing? false, entries: <empty>
2019-09-16 16:55:54,894 [java.util.concurrent.ThreadPoolExecutor$Worker@4a6d51fe[State = -1, empty queue]] WARN  server.GrpcLogAppender (GrpcLogAppender.java:timeoutAppendRequest(200)) - 2e525942-e927-41dd-97b7-9b9ba8560315@group-A91BA5A7B369->c232c0ff-9192-4b00-ad60-76b55f03f95e-GrpcLogAppender: appendEntries Timeout, request=2e525942-e927-41dd-97b7-9b9ba8560315->c232c0ff-9192-4b00-ad60-76b55f03f95e#91-t2, previous=(t:2, i:20), leaderCommit=16, initializing? false, entries: <empty>
2019-09-16 16:55:54,894 [java.util.concurrent.ThreadPoolExecutor$Worker@15ce7ec6[State = -1, empty queue]] WARN  server.GrpcLogAppender (GrpcLogAppender.java:timeoutAppendRequest(200)) - 2e525942-e927-41dd-97b7-9b9ba8560315@group-A91BA5A7B369->315b4b00-5c1a-4cba-b27d-9eac94437c20-GrpcLogAppender: appendEntries Timeout, request=2e525942-e927-41dd-97b7-9b9ba8560315->315b4b00-5c1a-4cba-b27d-9eac94437c20#91-t2, previous=(t:2, i:20), leaderCommit=16, initializing? false, entries: <empty>
2019-09-16 16:55:54,901 [java.util.concurrent.ThreadPoolExecutor$Worker@24305a62[State = -1, empty queue]] WARN  server.GrpcLogAppender (GrpcLogAppender.java:timeoutAppendRequest(200)) - 84a51469-6089-434c-9409-be6ecd1b15ae@group-96041FA828FE->ff1392d6-f741-46e8-b06b-d99a585290d3-GrpcLogAppender: appendEntries Timeout, request=84a51469-6089-434c-9409-be6ecd1b15ae->ff1392d6-f741-46e8-b06b-d99a585290d3#91-t2, previous=(t:2, i:20), leaderCommit=16, initializing? false, entries: <empty>
2019-09-16 16:55:54,901 [java.util.concurrent.ThreadPoolExecutor$Worker@65ab53cc[State = -1, empty queue]] WARN  server.GrpcLogAppender (GrpcLogAppender.java:timeoutAppendRequest(200)) - 84a51469-6089-434c-9409-be6ecd1b15ae@group-96041FA828FE->82d73395-84ed-4f5d-a3d4-b8dc3778e9c8-GrpcLogAppender: appendEntries Timeout, request=84a51469-6089-434c-9409-be6ecd1b15ae->82d73395-84ed-4f5d-a3d4-b8dc3778e9c8#91-t2, previous=(t:2, i:20), leaderCommit=16, initializing? false, entries: <empty>
2019-09-16 16:55:55,371 [84a51469-6089-434c-9409-be6ecd1b15ae@group-96041FA828FE-SegmentedRaftLogWorker] WARN  segmented.SegmentedRaftLogWorker (SegmentedRaftLogWorker.java:getFromFuture(90)) - Timeout 1/~
org.apache.ratis.protocol.TimeoutIOException: Timeout 10s: WriteLog:17: (t:2, i:17), STATEMACHINELOGENTRY, client-B39EF5C42450, cid=43-writeStateMachineData
	at org.apache.ratis.util.IOUtils.getFromFuture(IOUtils.java:87)
	at org.apache.ratis.server.raftlog.segmented.SegmentedRaftLogWorker$StateMachineDataPolicy.getFromFuture(SegmentedRaftLogWorker.java:87)
	at org.apache.ratis.server.raftlog.segmented.SegmentedRaftLogWorker$WriteLog.execute(SegmentedRaftLogWorker.java:477)
	at org.apache.ratis.server.raftlog.segmented.SegmentedRaftLogWorker.run(SegmentedRaftLogWorker.java:289)
	at java.lang.Thread.run(Thread.java:748)
Caused by: java.util.concurrent.TimeoutException
	at java.util.concurrent.CompletableFuture.timedGet(CompletableFuture.java:1771)
	at java.util.concurrent.CompletableFuture.get(CompletableFuture.java:1915)
	at org.apache.ratis.util.IOUtils.getFromFuture(IOUtils.java:79)
	... 4 more
2019-09-16 16:55:55,375 [82d73395-84ed-4f5d-a3d4-b8dc3778e9c8@group-96041FA828FE-SegmentedRaftLogWorker] WARN  segmented.SegmentedRaftLogWorker (SegmentedRaftLogWorker.java:getFromFuture(90)) - Timeout 1/~
org.apache.ratis.protocol.TimeoutIOException: Timeout 10s: WriteLog:17: (t:2, i:17), STATEMACHINELOGENTRY, client-B39EF5C42450, cid=43-writeStateMachineData
	at org.apache.ratis.util.IOUtils.getFromFuture(IOUtils.java:87)
	at org.apache.ratis.server.raftlog.segmented.SegmentedRaftLogWorker$StateMachineDataPolicy.getFromFuture(SegmentedRaftLogWorker.java:87)
	at org.apache.ratis.server.raftlog.segmented.SegmentedRaftLogWorker$WriteLog.execute(SegmentedRaftLogWorker.java:477)
	at org.apache.ratis.server.raftlog.segmented.SegmentedRaftLogWorker.run(SegmentedRaftLogWorker.java:289)
	at java.lang.Thread.run(Thread.java:748)
Caused by: java.util.concurrent.TimeoutException
	at java.util.concurrent.CompletableFuture.timedGet(CompletableFuture.java:1771)
	at java.util.concurrent.CompletableFuture.get(CompletableFuture.java:1915)
	at org.apache.ratis.util.IOUtils.getFromFuture(IOUtils.java:79)
	... 4 more
2019-09-16 16:55:55,394 [java.util.concurrent.ThreadPoolExecutor$Worker@4a6d51fe[State = -1, empty queue]] WARN  server.GrpcLogAppender (GrpcLogAppender.java:timeoutAppendRequest(200)) - 2e525942-e927-41dd-97b7-9b9ba8560315@group-A91BA5A7B369->c232c0ff-9192-4b00-ad60-76b55f03f95e-GrpcLogAppender: appendEntries Timeout, request=2e525942-e927-41dd-97b7-9b9ba8560315->c232c0ff-9192-4b00-ad60-76b55f03f95e#92-t2, previous=(t:2, i:20), leaderCommit=16, initializing? false, entries: <empty>
2019-09-16 16:55:55,394 [java.util.concurrent.ThreadPoolExecutor$Worker@15ce7ec6[State = -1, empty queue]] WARN  server.GrpcLogAppender (GrpcLogAppender.java:timeoutAppendRequest(200)) - 2e525942-e927-41dd-97b7-9b9ba8560315@group-A91BA5A7B369->315b4b00-5c1a-4cba-b27d-9eac94437c20-GrpcLogAppender: appendEntries Timeout, request=2e525942-e927-41dd-97b7-9b9ba8560315->315b4b00-5c1a-4cba-b27d-9eac94437c20#92-t2, previous=(t:2, i:20), leaderCommit=16, initializing? false, entries: <empty>
2019-09-16 16:55:55,401 [java.util.concurrent.ThreadPoolExecutor$Worker@24305a62[State = -1, empty queue]] WARN  server.GrpcLogAppender (GrpcLogAppender.java:timeoutAppendRequest(200)) - 84a51469-6089-434c-9409-be6ecd1b15ae@group-96041FA828FE->ff1392d6-f741-46e8-b06b-d99a585290d3-GrpcLogAppender: appendEntries Timeout, request=84a51469-6089-434c-9409-be6ecd1b15ae->ff1392d6-f741-46e8-b06b-d99a585290d3#92-t2, previous=(t:2, i:20), leaderCommit=16, initializing? false, entries: <empty>
2019-09-16 16:55:55,401 [java.util.concurrent.ThreadPoolExecutor$Worker@65ab53cc[State = -1, empty queue]] WARN  server.GrpcLogAppender (GrpcLogAppender.java:timeoutAppendRequest(200)) - 84a51469-6089-434c-9409-be6ecd1b15ae@group-96041FA828FE->82d73395-84ed-4f5d-a3d4-b8dc3778e9c8-GrpcLogAppender: appendEntries Timeout, request=84a51469-6089-434c-9409-be6ecd1b15ae->82d73395-84ed-4f5d-a3d4-b8dc3778e9c8#92-t2, previous=(t:2, i:20), leaderCommit=16, initializing? false, entries: <empty>
2019-09-16 16:55:55,472 [ff1392d6-f741-46e8-b06b-d99a585290d3@group-96041FA828FE-SegmentedRaftLogWorker] WARN  segmented.SegmentedRaftLogWorker (SegmentedRaftLogWorker.java:getFromFuture(90)) - Timeout 1/~
org.apache.ratis.protocol.TimeoutIOException: Timeout 10s: WriteLog:19: (t:2, i:19), STATEMACHINELOGENTRY, client-B39EF5C42450, cid=45-writeStateMachineData
	at org.apache.ratis.util.IOUtils.getFromFuture(IOUtils.java:87)
	at org.apache.ratis.server.raftlog.segmented.SegmentedRaftLogWorker$StateMachineDataPolicy.getFromFuture(SegmentedRaftLogWorker.java:87)
	at org.apache.ratis.server.raftlog.segmented.SegmentedRaftLogWorker$WriteLog.execute(SegmentedRaftLogWorker.java:477)
	at org.apache.ratis.server.raftlog.segmented.SegmentedRaftLogWorker.run(SegmentedRaftLogWorker.java:289)
	at java.lang.Thread.run(Thread.java:748)
Caused by: java.util.concurrent.TimeoutException
	at java.util.concurrent.CompletableFuture.timedGet(CompletableFuture.java:1771)
	at java.util.concurrent.CompletableFuture.get(CompletableFuture.java:1915)
	at org.apache.ratis.util.IOUtils.getFromFuture(IOUtils.java:79)
	... 4 more
2019-09-16 16:55:55,902 [java.util.concurrent.ThreadPoolExecutor$Worker@24305a62[State = -1, empty queue]] WARN  server.GrpcLogAppender (GrpcLogAppender.java:timeoutAppendRequest(200)) - 84a51469-6089-434c-9409-be6ecd1b15ae@group-96041FA828FE->ff1392d6-f741-46e8-b06b-d99a585290d3-GrpcLogAppender: appendEntries Timeout, request=84a51469-6089-434c-9409-be6ecd1b15ae->ff1392d6-f741-46e8-b06b-d99a585290d3#93-t2, previous=(t:2, i:20), leaderCommit=16, initializing? false, entries: <empty>
2019-09-16 16:55:55,902 [java.util.concurrent.ThreadPoolExecutor$Worker@65ab53cc[State = -1, empty queue]] WARN  server.GrpcLogAppender (GrpcLogAppender.java:timeoutAppendRequest(200)) - 84a51469-6089-434c-9409-be6ecd1b15ae@group-96041FA828FE->82d73395-84ed-4f5d-a3d4-b8dc3778e9c8-GrpcLogAppender: appendEntries Timeout, request=84a51469-6089-434c-9409-be6ecd1b15ae->82d73395-84ed-4f5d-a3d4-b8dc3778e9c8#93-t2, previous=(t:2, i:20), leaderCommit=16, initializing? false, entries: <empty>
2019-09-16 16:55:55,902 [java.util.concurrent.ThreadPoolExecutor$Worker@4a6d51fe[State = -1, empty queue]] WARN  server.GrpcLogAppender (GrpcLogAppender.java:timeoutAppendRequest(200)) - 2e525942-e927-41dd-97b7-9b9ba8560315@group-A91BA5A7B369->c232c0ff-9192-4b00-ad60-76b55f03f95e-GrpcLogAppender: appendEntries Timeout, request=2e525942-e927-41dd-97b7-9b9ba8560315->c232c0ff-9192-4b00-ad60-76b55f03f95e#93-t2, previous=(t:2, i:20), leaderCommit=16, initializing? false, entries: <empty>
2019-09-16 16:55:55,902 [java.util.concurrent.ThreadPoolExecutor$Worker@15ce7ec6[State = -1, empty queue]] WARN  server.GrpcLogAppender (GrpcLogAppender.java:timeoutAppendRequest(200)) - 2e525942-e927-41dd-97b7-9b9ba8560315@group-A91BA5A7B369->315b4b00-5c1a-4cba-b27d-9eac94437c20-GrpcLogAppender: appendEntries Timeout, request=2e525942-e927-41dd-97b7-9b9ba8560315->315b4b00-5c1a-4cba-b27d-9eac94437c20#93-t2, previous=(t:2, i:20), leaderCommit=16, initializing? false, entries: <empty>
2019-09-16 16:55:56,403 [java.util.concurrent.ThreadPoolExecutor$Worker@4a6d51fe[State = -1, empty queue]] WARN  server.GrpcLogAppender (GrpcLogAppender.java:timeoutAppendRequest(200)) - 2e525942-e927-41dd-97b7-9b9ba8560315@group-A91BA5A7B369->c232c0ff-9192-4b00-ad60-76b55f03f95e-GrpcLogAppender: appendEntries Timeout, request=2e525942-e927-41dd-97b7-9b9ba8560315->c232c0ff-9192-4b00-ad60-76b55f03f95e#94-t2, previous=(t:2, i:20), leaderCommit=16, initializing? false, entries: <empty>
2019-09-16 16:55:56,403 [java.util.concurrent.ThreadPoolExecutor$Worker@15ce7ec6[State = -1, empty queue]] WARN  server.GrpcLogAppender (GrpcLogAppender.java:timeoutAppendRequest(200)) - 2e525942-e927-41dd-97b7-9b9ba8560315@group-A91BA5A7B369->315b4b00-5c1a-4cba-b27d-9eac94437c20-GrpcLogAppender: appendEntries Timeout, request=2e525942-e927-41dd-97b7-9b9ba8560315->315b4b00-5c1a-4cba-b27d-9eac94437c20#94-t2, previous=(t:2, i:20), leaderCommit=16, initializing? false, entries: <empty>
2019-09-16 16:55:56,403 [java.util.concurrent.ThreadPoolExecutor$Worker@65ab53cc[State = -1, empty queue]] WARN  server.GrpcLogAppender (GrpcLogAppender.java:timeoutAppendRequest(200)) - 84a51469-6089-434c-9409-be6ecd1b15ae@group-96041FA828FE->82d73395-84ed-4f5d-a3d4-b8dc3778e9c8-GrpcLogAppender: appendEntries Timeout, request=84a51469-6089-434c-9409-be6ecd1b15ae->82d73395-84ed-4f5d-a3d4-b8dc3778e9c8#94-t2, previous=(t:2, i:20), leaderCommit=16, initializing? false, entries: <empty>
2019-09-16 16:55:56,403 [java.util.concurrent.ThreadPoolExecutor$Worker@24305a62[State = -1, empty queue]] WARN  server.GrpcLogAppender (GrpcLogAppender.java:timeoutAppendRequest(200)) - 84a51469-6089-434c-9409-be6ecd1b15ae@group-96041FA828FE->ff1392d6-f741-46e8-b06b-d99a585290d3-GrpcLogAppender: appendEntries Timeout, request=84a51469-6089-434c-9409-be6ecd1b15ae->ff1392d6-f741-46e8-b06b-d99a585290d3#94-t2, previous=(t:2, i:20), leaderCommit=16, initializing? false, entries: <empty>
2019-09-16 16:55:56,865 [c232c0ff-9192-4b00-ad60-76b55f03f95e@group-A91BA5A7B369-SegmentedRaftLogWorker] WARN  segmented.SegmentedRaftLogWorker (SegmentedRaftLogWorker.java:getFromFuture(90)) - Timeout 3/~
org.apache.ratis.protocol.TimeoutIOException: Timeout 10s: WriteLog:19: (t:2, i:19), STATEMACHINELOGENTRY, client-59284F2D283B, cid=31-writeStateMachineData
	at org.apache.ratis.util.IOUtils.getFromFuture(IOUtils.java:87)
	at org.apache.ratis.server.raftlog.segmented.SegmentedRaftLogWorker$StateMachineDataPolicy.getFromFuture(SegmentedRaftLogWorker.java:87)
	at org.apache.ratis.server.raftlog.segmented.SegmentedRaftLogWorker$WriteLog.execute(SegmentedRaftLogWorker.java:477)
	at org.apache.ratis.server.raftlog.segmented.SegmentedRaftLogWorker.run(SegmentedRaftLogWorker.java:289)
	at java.lang.Thread.run(Thread.java:748)
Caused by: java.util.concurrent.TimeoutException
	at java.util.concurrent.CompletableFuture.timedGet(CompletableFuture.java:1771)
	at java.util.concurrent.CompletableFuture.get(CompletableFuture.java:1915)
	at org.apache.ratis.util.IOUtils.getFromFuture(IOUtils.java:79)
	... 4 more
2019-09-16 16:55:56,866 [2e525942-e927-41dd-97b7-9b9ba8560315@group-A91BA5A7B369-SegmentedRaftLogWorker] WARN  segmented.SegmentedRaftLogWorker (SegmentedRaftLogWorker.java:getFromFuture(90)) - Timeout 3/~
org.apache.ratis.protocol.TimeoutIOException: Timeout 10s: WriteLog:19: (t:2, i:19), STATEMACHINELOGENTRY, client-59284F2D283B, cid=31-writeStateMachineData
	at org.apache.ratis.util.IOUtils.getFromFuture(IOUtils.java:87)
	at org.apache.ratis.server.raftlog.segmented.SegmentedRaftLogWorker$StateMachineDataPolicy.getFromFuture(SegmentedRaftLogWorker.java:87)
	at org.apache.ratis.server.raftlog.segmented.SegmentedRaftLogWorker$WriteLog.execute(SegmentedRaftLogWorker.java:477)
	at org.apache.ratis.server.raftlog.segmented.SegmentedRaftLogWorker.run(SegmentedRaftLogWorker.java:289)
	at java.lang.Thread.run(Thread.java:748)
Caused by: java.util.concurrent.TimeoutException
	at java.util.concurrent.CompletableFuture.timedGet(CompletableFuture.java:1771)
	at java.util.concurrent.CompletableFuture.get(CompletableFuture.java:1915)
	at org.apache.ratis.util.IOUtils.getFromFuture(IOUtils.java:79)
	... 4 more
2019-09-16 16:55:56,893 [315b4b00-5c1a-4cba-b27d-9eac94437c20@group-A91BA5A7B369-SegmentedRaftLogWorker] WARN  segmented.SegmentedRaftLogWorker (SegmentedRaftLogWorker.java:getFromFuture(90)) - Timeout 3/~
org.apache.ratis.protocol.TimeoutIOException: Timeout 10s: WriteLog:19: (t:2, i:19), STATEMACHINELOGENTRY, client-59284F2D283B, cid=31-writeStateMachineData
	at org.apache.ratis.util.IOUtils.getFromFuture(IOUtils.java:87)
	at org.apache.ratis.server.raftlog.segmented.SegmentedRaftLogWorker$StateMachineDataPolicy.getFromFuture(SegmentedRaftLogWorker.java:87)
	at org.apache.ratis.server.raftlog.segmented.SegmentedRaftLogWorker$WriteLog.execute(SegmentedRaftLogWorker.java:477)
	at org.apache.ratis.server.raftlog.segmented.SegmentedRaftLogWorker.run(SegmentedRaftLogWorker.java:289)
	at java.lang.Thread.run(Thread.java:748)
Caused by: java.util.concurrent.TimeoutException
	at java.util.concurrent.CompletableFuture.timedGet(CompletableFuture.java:1771)
	at java.util.concurrent.CompletableFuture.get(CompletableFuture.java:1915)
	at org.apache.ratis.util.IOUtils.getFromFuture(IOUtils.java:79)
	... 4 more
2019-09-16 16:55:56,902 [java.util.concurrent.ThreadPoolExecutor$Worker@24305a62[State = -1, empty queue]] WARN  server.GrpcLogAppender (GrpcLogAppender.java:timeoutAppendRequest(200)) - 84a51469-6089-434c-9409-be6ecd1b15ae@group-96041FA828FE->ff1392d6-f741-46e8-b06b-d99a585290d3-GrpcLogAppender: appendEntries Timeout, request=84a51469-6089-434c-9409-be6ecd1b15ae->ff1392d6-f741-46e8-b06b-d99a585290d3#95-t2, previous=(t:2, i:20), leaderCommit=16, initializing? false, entries: <empty>
2019-09-16 16:55:56,903 [java.util.concurrent.ThreadPoolExecutor$Worker@65ab53cc[State = -1, empty queue]] WARN  server.GrpcLogAppender (GrpcLogAppender.java:timeoutAppendRequest(200)) - 84a51469-6089-434c-9409-be6ecd1b15ae@group-96041FA828FE->82d73395-84ed-4f5d-a3d4-b8dc3778e9c8-GrpcLogAppender: appendEntries Timeout, request=84a51469-6089-434c-9409-be6ecd1b15ae->82d73395-84ed-4f5d-a3d4-b8dc3778e9c8#95-t2, previous=(t:2, i:20), leaderCommit=16, initializing? false, entries: <empty>
2019-09-16 16:55:56,903 [java.util.concurrent.ThreadPoolExecutor$Worker@15ce7ec6[State = -1, empty queue]] WARN  server.GrpcLogAppender (GrpcLogAppender.java:timeoutAppendRequest(200)) - 2e525942-e927-41dd-97b7-9b9ba8560315@group-A91BA5A7B369->315b4b00-5c1a-4cba-b27d-9eac94437c20-GrpcLogAppender: appendEntries Timeout, request=2e525942-e927-41dd-97b7-9b9ba8560315->315b4b00-5c1a-4cba-b27d-9eac94437c20#95-t2, previous=(t:2, i:20), leaderCommit=16, initializing? false, entries: <empty>
2019-09-16 16:55:56,903 [java.util.concurrent.ThreadPoolExecutor$Worker@4a6d51fe[State = -1, empty queue]] WARN  server.GrpcLogAppender (GrpcLogAppender.java:timeoutAppendRequest(200)) - 2e525942-e927-41dd-97b7-9b9ba8560315@group-A91BA5A7B369->c232c0ff-9192-4b00-ad60-76b55f03f95e-GrpcLogAppender: appendEntries Timeout, request=2e525942-e927-41dd-97b7-9b9ba8560315->c232c0ff-9192-4b00-ad60-76b55f03f95e#95-t2, previous=(t:2, i:20), leaderCommit=16, initializing? false, entries: <empty>
2019-09-16 16:55:57,403 [java.util.concurrent.ThreadPoolExecutor$Worker@65ab53cc[State = -1, empty queue]] WARN  server.GrpcLogAppender (GrpcLogAppender.java:timeoutAppendRequest(200)) - 84a51469-6089-434c-9409-be6ecd1b15ae@group-96041FA828FE->82d73395-84ed-4f5d-a3d4-b8dc3778e9c8-GrpcLogAppender: appendEntries Timeout, request=84a51469-6089-434c-9409-be6ecd1b15ae->82d73395-84ed-4f5d-a3d4-b8dc3778e9c8#96-t2, previous=(t:2, i:20), leaderCommit=16, initializing? false, entries: <empty>
2019-09-16 16:55:57,403 [java.util.concurrent.ThreadPoolExecutor$Worker@15ce7ec6[State = -1, empty queue]] WARN  server.GrpcLogAppender (GrpcLogAppender.java:timeoutAppendRequest(200)) - 2e525942-e927-41dd-97b7-9b9ba8560315@group-A91BA5A7B369->315b4b00-5c1a-4cba-b27d-9eac94437c20-GrpcLogAppender: appendEntries Timeout, request=2e525942-e927-41dd-97b7-9b9ba8560315->315b4b00-5c1a-4cba-b27d-9eac94437c20#96-t2, previous=(t:2, i:20), leaderCommit=16, initializing? false, entries: <empty>
2019-09-16 16:55:57,403 [java.util.concurrent.ThreadPoolExecutor$Worker@24305a62[State = -1, empty queue]] WARN  server.GrpcLogAppender (GrpcLogAppender.java:timeoutAppendRequest(200)) - 84a51469-6089-434c-9409-be6ecd1b15ae@group-96041FA828FE->ff1392d6-f741-46e8-b06b-d99a585290d3-GrpcLogAppender: appendEntries Timeout, request=84a51469-6089-434c-9409-be6ecd1b15ae->ff1392d6-f741-46e8-b06b-d99a585290d3#96-t2, previous=(t:2, i:20), leaderCommit=16, initializing? false, entries: <empty>
2019-09-16 16:55:57,403 [java.util.concurrent.ThreadPoolExecutor$Worker@4a6d51fe[State = -1, empty queue]] WARN  server.GrpcLogAppender (GrpcLogAppender.java:timeoutAppendRequest(200)) - 2e525942-e927-41dd-97b7-9b9ba8560315@group-A91BA5A7B369->c232c0ff-9192-4b00-ad60-76b55f03f95e-GrpcLogAppender: appendEntries Timeout, request=2e525942-e927-41dd-97b7-9b9ba8560315->c232c0ff-9192-4b00-ad60-76b55f03f95e#96-t2, previous=(t:2, i:20), leaderCommit=16, initializing? false, entries: <empty>
2019-09-16 16:55:57,903 [java.util.concurrent.ThreadPoolExecutor$Worker@24305a62[State = -1, empty queue]] WARN  server.GrpcLogAppender (GrpcLogAppender.java:timeoutAppendRequest(200)) - 84a51469-6089-434c-9409-be6ecd1b15ae@group-96041FA828FE->ff1392d6-f741-46e8-b06b-d99a585290d3-GrpcLogAppender: appendEntries Timeout, request=84a51469-6089-434c-9409-be6ecd1b15ae->ff1392d6-f741-46e8-b06b-d99a585290d3#97-t2, previous=(t:2, i:20), leaderCommit=16, initializing? false, entries: <empty>
2019-09-16 16:55:57,903 [java.util.concurrent.ThreadPoolExecutor$Worker@4a6d51fe[State = -1, empty queue]] WARN  server.GrpcLogAppender (GrpcLogAppender.java:timeoutAppendRequest(200)) - 2e525942-e927-41dd-97b7-9b9ba8560315@group-A91BA5A7B369->c232c0ff-9192-4b00-ad60-76b55f03f95e-GrpcLogAppender: appendEntries Timeout, request=2e525942-e927-41dd-97b7-9b9ba8560315->c232c0ff-9192-4b00-ad60-76b55f03f95e#97-t2, previous=(t:2, i:20), leaderCommit=16, initializing? false, entries: <empty>
2019-09-16 16:55:57,903 [java.util.concurrent.ThreadPoolExecutor$Worker@65ab53cc[State = -1, empty queue]] WARN  server.GrpcLogAppender (GrpcLogAppender.java:timeoutAppendRequest(200)) - 84a51469-6089-434c-9409-be6ecd1b15ae@group-96041FA828FE->82d73395-84ed-4f5d-a3d4-b8dc3778e9c8-GrpcLogAppender: appendEntries Timeout, request=84a51469-6089-434c-9409-be6ecd1b15ae->82d73395-84ed-4f5d-a3d4-b8dc3778e9c8#97-t2, previous=(t:2, i:20), leaderCommit=16, initializing? false, entries: <empty>
2019-09-16 16:55:57,903 [java.util.concurrent.ThreadPoolExecutor$Worker@15ce7ec6[State = -1, empty queue]] WARN  server.GrpcLogAppender (GrpcLogAppender.java:timeoutAppendRequest(200)) - 2e525942-e927-41dd-97b7-9b9ba8560315@group-A91BA5A7B369->315b4b00-5c1a-4cba-b27d-9eac94437c20-GrpcLogAppender: appendEntries Timeout, request=2e525942-e927-41dd-97b7-9b9ba8560315->315b4b00-5c1a-4cba-b27d-9eac94437c20#97-t2, previous=(t:2, i:20), leaderCommit=16, initializing? false, entries: <empty>
2019-09-16 16:55:58,403 [java.util.concurrent.ThreadPoolExecutor$Worker@15ce7ec6[State = -1, empty queue]] WARN  server.GrpcLogAppender (GrpcLogAppender.java:timeoutAppendRequest(200)) - 2e525942-e927-41dd-97b7-9b9ba8560315@group-A91BA5A7B369->315b4b00-5c1a-4cba-b27d-9eac94437c20-GrpcLogAppender: appendEntries Timeout, request=2e525942-e927-41dd-97b7-9b9ba8560315->315b4b00-5c1a-4cba-b27d-9eac94437c20#98-t2, previous=(t:2, i:20), leaderCommit=16, initializing? false, entries: <empty>
2019-09-16 16:55:58,403 [java.util.concurrent.ThreadPoolExecutor$Worker@4a6d51fe[State = -1, empty queue]] WARN  server.GrpcLogAppender (GrpcLogAppender.java:timeoutAppendRequest(200)) - 2e525942-e927-41dd-97b7-9b9ba8560315@group-A91BA5A7B369->c232c0ff-9192-4b00-ad60-76b55f03f95e-GrpcLogAppender: appendEntries Timeout, request=2e525942-e927-41dd-97b7-9b9ba8560315->c232c0ff-9192-4b00-ad60-76b55f03f95e#98-t2, previous=(t:2, i:20), leaderCommit=16, initializing? false, entries: <empty>
2019-09-16 16:55:58,403 [java.util.concurrent.ThreadPoolExecutor$Worker@24305a62[State = -1, empty queue]] WARN  server.GrpcLogAppender (GrpcLogAppender.java:timeoutAppendRequest(200)) - 84a51469-6089-434c-9409-be6ecd1b15ae@group-96041FA828FE->ff1392d6-f741-46e8-b06b-d99a585290d3-GrpcLogAppender: appendEntries Timeout, request=84a51469-6089-434c-9409-be6ecd1b15ae->ff1392d6-f741-46e8-b06b-d99a585290d3#98-t2, previous=(t:2, i:20), leaderCommit=16, initializing? false, entries: <empty>
2019-09-16 16:55:58,403 [java.util.concurrent.ThreadPoolExecutor$Worker@65ab53cc[State = -1, empty queue]] WARN  server.GrpcLogAppender (GrpcLogAppender.java:timeoutAppendRequest(200)) - 84a51469-6089-434c-9409-be6ecd1b15ae@group-96041FA828FE->82d73395-84ed-4f5d-a3d4-b8dc3778e9c8-GrpcLogAppender: appendEntries Timeout, request=84a51469-6089-434c-9409-be6ecd1b15ae->82d73395-84ed-4f5d-a3d4-b8dc3778e9c8#98-t2, previous=(t:2, i:20), leaderCommit=16, initializing? false, entries: <empty>
2019-09-16 16:55:58,837 [main] INFO  ozoneimpl.OzoneContainer (OzoneContainer.java:stop(231)) - Attempting to stop container services.
2019-09-16 16:55:58,839 [main] INFO  impl.RaftServerProxy (RaftServerProxy.java:lambda$close$4(314)) - 2e525942-e927-41dd-97b7-9b9ba8560315: close
2019-09-16 16:55:58,842 [main] INFO  impl.RaftServerImpl (RaftServerImpl.java:lambda$shutdown$3(251)) - 2e525942-e927-41dd-97b7-9b9ba8560315@group-A91BA5A7B369: shutdown
2019-09-16 16:55:58,842 [ForkJoinPool.commonPool-worker-1] INFO  impl.RaftServerImpl (RaftServerImpl.java:lambda$shutdown$3(251)) - 2e525942-e927-41dd-97b7-9b9ba8560315@group-AB125CEF77D7: shutdown
2019-09-16 16:55:58,842 [main] INFO  util.JmxRegister (JmxRegister.java:unregister(73)) - Successfully un-registered JMX Bean with object name Ratis:service=RaftServer,group=group-A91BA5A7B369,id=2e525942-e927-41dd-97b7-9b9ba8560315
2019-09-16 16:55:58,843 [ForkJoinPool.commonPool-worker-1] INFO  util.JmxRegister (JmxRegister.java:unregister(73)) - Successfully un-registered JMX Bean with object name Ratis:service=RaftServer,group=group-AB125CEF77D7,id=2e525942-e927-41dd-97b7-9b9ba8560315
2019-09-16 16:55:58,843 [main] INFO  impl.RoleInfo (RoleInfo.java:shutdownLeaderState(104)) - 2e525942-e927-41dd-97b7-9b9ba8560315: shutdown LeaderState
2019-09-16 16:55:58,843 [ForkJoinPool.commonPool-worker-1] INFO  impl.RoleInfo (RoleInfo.java:shutdownLeaderState(104)) - 2e525942-e927-41dd-97b7-9b9ba8560315: shutdown LeaderState
2019-09-16 16:55:58,853 [main] INFO  impl.PendingRequests (PendingRequests.java:sendNotLeaderResponses(202)) - 2e525942-e927-41dd-97b7-9b9ba8560315-PendingRequests: sendNotLeaderResponses
2019-09-16 16:55:58,857 [org.apache.ratis.server.impl.LogAppender$AppenderDaemon$$Lambda$519/529296390@47683a1] WARN  server.GrpcLogAppender (GrpcLogAppender.java:mayWait(143)) - 2e525942-e927-41dd-97b7-9b9ba8560315@group-A91BA5A7B369->315b4b00-5c1a-4cba-b27d-9eac94437c20-GrpcLogAppender: Wait interrupted by java.lang.InterruptedException
2019-09-16 16:55:58,857 [org.apache.ratis.server.impl.LogAppender$AppenderDaemon$$Lambda$519/529296390@2c26cd02] WARN  server.GrpcLogAppender (GrpcLogAppender.java:mayWait(143)) - 2e525942-e927-41dd-97b7-9b9ba8560315@group-A91BA5A7B369->c232c0ff-9192-4b00-ad60-76b55f03f95e-GrpcLogAppender: Wait interrupted by java.lang.InterruptedException
2019-09-16 16:55:58,853 [ForkJoinPool.commonPool-worker-1] INFO  impl.PendingRequests (PendingRequests.java:sendNotLeaderResponses(202)) - 2e525942-e927-41dd-97b7-9b9ba8560315-PendingRequests: sendNotLeaderResponses
2019-09-16 16:55:58,858 [grpc-default-executor-1] INFO  server.GrpcServerProtocolService (GrpcServerProtocolService.java:onCompleted(113)) - 315b4b00-5c1a-4cba-b27d-9eac94437c20: Completed APPEND_ENTRIES, lastRequest: 2e525942-e927-41dd-97b7-9b9ba8560315->315b4b00-5c1a-4cba-b27d-9eac94437c20#104-t2, previous=(t:2, i:20), leaderCommit=16, initializing? false, entries: <empty>
2019-09-16 16:55:58,858 [ForkJoinPool.commonPool-worker-1] INFO  impl.StateMachineUpdater (StateMachineUpdater.java:stopAndJoin(125)) - 2e525942-e927-41dd-97b7-9b9ba8560315@group-AB125CEF77D7-StateMachineUpdater: set stopIndex = 0
2019-09-16 16:55:58,858 [grpc-default-executor-4] INFO  server.GrpcServerProtocolService (GrpcServerProtocolService.java:onCompleted(113)) - c232c0ff-9192-4b00-ad60-76b55f03f95e: Completed APPEND_ENTRIES, lastRequest: 2e525942-e927-41dd-97b7-9b9ba8560315->c232c0ff-9192-4b00-ad60-76b55f03f95e#104-t2, previous=(t:2, i:20), leaderCommit=16, initializing? false, entries: <empty>
2019-09-16 16:55:58,864 [ForkJoinPool.commonPool-worker-1] INFO  impl.RaftServerImpl (ServerState.java:close(385)) - 2e525942-e927-41dd-97b7-9b9ba8560315@group-AB125CEF77D7: closes. applyIndex: 0
2019-09-16 16:55:58,865 [main] INFO  impl.StateMachineUpdater (StateMachineUpdater.java:stopAndJoin(125)) - 2e525942-e927-41dd-97b7-9b9ba8560315@group-A91BA5A7B369-StateMachineUpdater: set stopIndex = 16
2019-09-16 16:55:58,868 [grpc-default-executor-4] INFO  server.GrpcLogAppender (GrpcLogAppender.java:onCompleted(293)) - 2e525942-e927-41dd-97b7-9b9ba8560315@group-A91BA5A7B369->315b4b00-5c1a-4cba-b27d-9eac94437c20-AppendLogResponseHandler: follower responses appendEntries COMPLETED
2019-09-16 16:55:58,868 [grpc-default-executor-1] INFO  server.GrpcLogAppender (GrpcLogAppender.java:onCompleted(293)) - 2e525942-e927-41dd-97b7-9b9ba8560315@group-A91BA5A7B369->c232c0ff-9192-4b00-ad60-76b55f03f95e-AppendLogResponseHandler: follower responses appendEntries COMPLETED
2019-09-16 16:55:58,868 [2e525942-e927-41dd-97b7-9b9ba8560315@group-A91BA5A7B369-StateMachineUpdater] INFO  ratis.ContainerStateMachine (ContainerStateMachine.java:takeSnapshot(289)) - group-A91BA5A7B369: Taking a snapshot at:(t:2, i:14) file /workdir/hadoop-ozone/integration-test/target/test-dir/MiniOzoneClusterImpl-df60ebb5-d9ce-4d7d-8dc8-039b243d66da/datanode-4/data/ratis/2930b6d6-5a9e-418f-ba71-a91ba5a7b369/sm/snapshot.2_14
2019-09-16 16:55:58,869 [grpc-default-executor-4] INFO  impl.FollowerInfo (FollowerInfo.java:lambda$new$0(51)) - 2e525942-e927-41dd-97b7-9b9ba8560315@group-A91BA5A7B369->315b4b00-5c1a-4cba-b27d-9eac94437c20: nextIndex: updateUnconditionally 21 -> 17
2019-09-16 16:55:58,869 [2e525942-e927-41dd-97b7-9b9ba8560315@group-AB125CEF77D7-SegmentedRaftLogWorker] INFO  segmented.SegmentedRaftLogWorker (SegmentedRaftLogWorker.java:run(313)) - 2e525942-e927-41dd-97b7-9b9ba8560315@group-AB125CEF77D7-SegmentedRaftLogWorker was interrupted, exiting. There are 0 tasks remaining in the queue.
2019-09-16 16:55:58,869 [grpc-default-executor-1] INFO  impl.FollowerInfo (FollowerInfo.java:lambda$new$0(51)) - 2e525942-e927-41dd-97b7-9b9ba8560315@group-A91BA5A7B369->c232c0ff-9192-4b00-ad60-76b55f03f95e: nextIndex: updateUnconditionally 21 -> 17
2019-09-16 16:55:58,873 [ForkJoinPool.commonPool-worker-1] INFO  segmented.SegmentedRaftLogWorker (SegmentedRaftLogWorker.java:close(228)) - 2e525942-e927-41dd-97b7-9b9ba8560315@group-AB125CEF77D7-SegmentedRaftLogWorker close()
2019-09-16 16:55:58,904 [java.util.concurrent.ThreadPoolExecutor$Worker@65ab53cc[State = -1, empty queue]] WARN  server.GrpcLogAppender (GrpcLogAppender.java:timeoutAppendRequest(200)) - 84a51469-6089-434c-9409-be6ecd1b15ae@group-96041FA828FE->82d73395-84ed-4f5d-a3d4-b8dc3778e9c8-GrpcLogAppender: appendEntries Timeout, request=84a51469-6089-434c-9409-be6ecd1b15ae->82d73395-84ed-4f5d-a3d4-b8dc3778e9c8#99-t2, previous=(t:2, i:20), leaderCommit=16, initializing? false, entries: <empty>
2019-09-16 16:55:58,904 [java.util.concurrent.ThreadPoolExecutor$Worker@24305a62[State = -1, empty queue]] WARN  server.GrpcLogAppender (GrpcLogAppender.java:timeoutAppendRequest(200)) - 84a51469-6089-434c-9409-be6ecd1b15ae@group-96041FA828FE->ff1392d6-f741-46e8-b06b-d99a585290d3-GrpcLogAppender: appendEntries Timeout, request=84a51469-6089-434c-9409-be6ecd1b15ae->ff1392d6-f741-46e8-b06b-d99a585290d3#99-t2, previous=(t:2, i:20), leaderCommit=16, initializing? false, entries: <empty>
2019-09-16 16:55:58,904 [2e525942-e927-41dd-97b7-9b9ba8560315@group-A91BA5A7B369-StateMachineUpdater] INFO  ratis.ContainerStateMachine (ContainerStateMachine.java:takeSnapshot(300)) - group-A91BA5A7B369: Finished taking a snapshot at:(t:2, i:14) file:/workdir/hadoop-ozone/integration-test/target/test-dir/MiniOzoneClusterImpl-df60ebb5-d9ce-4d7d-8dc8-039b243d66da/datanode-4/data/ratis/2930b6d6-5a9e-418f-ba71-a91ba5a7b369/sm/snapshot.2_14 time:40
2019-09-16 16:55:58,904 [2e525942-e927-41dd-97b7-9b9ba8560315@group-A91BA5A7B369-StateMachineUpdater] INFO  impl.StateMachineUpdater (StateMachineUpdater.java:takeSnapshot(258)) - 2e525942-e927-41dd-97b7-9b9ba8560315@group-A91BA5A7B369-StateMachineUpdater: Took a snapshot at index 14
2019-09-16 16:55:58,904 [2e525942-e927-41dd-97b7-9b9ba8560315@group-A91BA5A7B369-StateMachineUpdater] INFO  impl.StateMachineUpdater (StateMachineUpdater.java:lambda$new$0(83)) - 2e525942-e927-41dd-97b7-9b9ba8560315@group-A91BA5A7B369-StateMachineUpdater: snapshotIndex: updateIncreasingly -1 -> 14
2019-09-16 16:55:58,914 [2e525942-e927-41dd-97b7-9b9ba8560315@group-A91BA5A7B369-StateMachineUpdater] INFO  ratis.ContainerStateMachine (ContainerStateMachine.java:takeSnapshot(289)) - group-A91BA5A7B369: Taking a snapshot at:(t:2, i:14) file /workdir/hadoop-ozone/integration-test/target/test-dir/MiniOzoneClusterImpl-df60ebb5-d9ce-4d7d-8dc8-039b243d66da/datanode-4/data/ratis/2930b6d6-5a9e-418f-ba71-a91ba5a7b369/sm/snapshot.2_14
2019-09-16 16:55:58,922 [2e525942-e927-41dd-97b7-9b9ba8560315@group-A91BA5A7B369-StateMachineUpdater] INFO  ratis.ContainerStateMachine (ContainerStateMachine.java:takeSnapshot(300)) - group-A91BA5A7B369: Finished taking a snapshot at:(t:2, i:14) file:/workdir/hadoop-ozone/integration-test/target/test-dir/MiniOzoneClusterImpl-df60ebb5-d9ce-4d7d-8dc8-039b243d66da/datanode-4/data/ratis/2930b6d6-5a9e-418f-ba71-a91ba5a7b369/sm/snapshot.2_14 time:9
2019-09-16 16:55:58,923 [2e525942-e927-41dd-97b7-9b9ba8560315@group-A91BA5A7B369-StateMachineUpdater] INFO  impl.StateMachineUpdater (StateMachineUpdater.java:takeSnapshot(258)) - 2e525942-e927-41dd-97b7-9b9ba8560315@group-A91BA5A7B369-StateMachineUpdater: Took a snapshot at index 14
2019-09-16 16:55:58,923 [2e525942-e927-41dd-97b7-9b9ba8560315@group-A91BA5A7B369-StateMachineUpdater] INFO  impl.StateMachineUpdater (StateMachineUpdater.java:lambda$new$0(83)) - 2e525942-e927-41dd-97b7-9b9ba8560315@group-A91BA5A7B369-StateMachineUpdater: snapshotIndex: updateIncreasingly 14 -> 14
2019-09-16 16:55:58,923 [main] INFO  impl.RaftServerImpl (ServerState.java:close(385)) - 2e525942-e927-41dd-97b7-9b9ba8560315@group-A91BA5A7B369: closes. applyIndex: 16
2019-09-16 16:55:58,934 [2e525942-e927-41dd-97b7-9b9ba8560315@group-A91BA5A7B369-SegmentedRaftLogWorker] ERROR ratis.XceiverServerRatis (XceiverServerRatis.java:triggerPipelineClose(568)) - pipeline Action CLOSE  on pipeline PipelineID=2930b6d6-5a9e-418f-ba71-a91ba5a7b369.Reason : WriteLog:19: (t:2, i:19), STATEMACHINELOGENTRY, client-59284F2D283B, cid=31-writeStateMachineData interrupted.
2019-09-16 16:55:58,942 [main] INFO  segmented.SegmentedRaftLogWorker (SegmentedRaftLogWorker.java:close(228)) - 2e525942-e927-41dd-97b7-9b9ba8560315@group-A91BA5A7B369-SegmentedRaftLogWorker close()
2019-09-16 16:55:58,947 [main] INFO  server.GrpcService (GrpcService.java:closeImpl(164)) - 2e525942-e927-41dd-97b7-9b9ba8560315: shutdown server with port 33333 now
2019-09-16 16:55:58,950 [main] INFO  server.GrpcService (GrpcService.java:closeImpl(172)) - 2e525942-e927-41dd-97b7-9b9ba8560315: shutdown server with port 33333 successfully
2019-09-16 16:55:58,963 [refreshUsed-/workdir/hadoop-ozone/integration-test/target/test-dir/MiniOzoneClusterImpl-df60ebb5-d9ce-4d7d-8dc8-039b243d66da/datanode-4/data/containers] WARN  fs.CachingGetSpaceUsed (CachingGetSpaceUsed.java:run(183)) - Thread Interrupted waiting to refresh disk information: sleep interrupted
2019-09-16 16:55:58,976 [main] INFO  utils.BackgroundService (BackgroundService.java:shutdown(148)) - Shutting down service BlockDeletingService
2019-09-16 16:55:58,984 [main] INFO  statemachine.DatanodeStateMachine (DatanodeStateMachine.java:stopDaemon(395)) - Ozone container server stopped.
2019-09-16 16:55:58,990 [main] INFO  handler.ContextHandler (ContextHandler.java:doStop(910)) - Stopped o.e.j.w.WebAppContext@38ed139b{/,null,UNAVAILABLE}{/hddsDatanode}
2019-09-16 16:55:58,996 [main] INFO  server.AbstractConnector (AbstractConnector.java:doStop(318)) - Stopped ServerConnector@a5272be{HTTP/1.1,[http/1.1]}{0.0.0.0:0}
2019-09-16 16:55:58,996 [main] INFO  handler.ContextHandler (ContextHandler.java:doStop(910)) - Stopped o.e.j.s.ServletContextHandler@6c0e13b7{/static,jar:file:/home/user/.m2/repository/org/apache/hadoop/hadoop-hdds-container-service/0.5.0-SNAPSHOT/hadoop-hdds-container-service-0.5.0-SNAPSHOT.jar!/webapps/static,UNAVAILABLE}
2019-09-16 16:55:58,997 [main] INFO  handler.ContextHandler (ContextHandler.java:doStop(910)) - Stopped o.e.j.s.ServletContextHandler@77a074b4{/logs,file:///workdir/hadoop-ozone/integration-test/target/log,UNAVAILABLE}
2019-09-16 16:55:59,043 [grpc-default-executor-3] INFO  client.GrpcClientProtocolClient (GrpcClientProtocolClient.java:onNext(264)) - client-1BF3ADFC909D->3debf489-fb8f-44d7-9f14-87ea2202f1a2: receive RaftClientReply:client-1BF3ADFC909D->3debf489-fb8f-44d7-9f14-87ea2202f1a2@group-A02DD63F7AE6, cid=51, SUCCESS, logIndex=9, commits[3debf489-fb8f-44d7-9f14-87ea2202f1a2:c10, cc439034-f900-459f-93f0-405510d1632e:c8, 7977ac3b-0be3-4a37-9fef-39f7814db179:c8]
2019-09-16 16:55:59,044 [grpc-default-executor-3] INFO  client.GrpcClientProtocolClient (GrpcClientProtocolClient.java:onNext(264)) - client-1BF3ADFC909D->3debf489-fb8f-44d7-9f14-87ea2202f1a2: receive RaftClientReply:client-1BF3ADFC909D->3debf489-fb8f-44d7-9f14-87ea2202f1a2@group-A02DD63F7AE6, cid=52, SUCCESS, logIndex=10, commits[3debf489-fb8f-44d7-9f14-87ea2202f1a2:c10, cc439034-f900-459f-93f0-405510d1632e:c8, 7977ac3b-0be3-4a37-9fef-39f7814db179:c8]
2019-09-16 16:55:59,055 [grpc-default-executor-3] INFO  client.GrpcClientProtocolClient (GrpcClientProtocolClient.java:onNext(264)) - client-1BF3ADFC909D->3debf489-fb8f-44d7-9f14-87ea2202f1a2: receive RaftClientReply:client-1BF3ADFC909D->3debf489-fb8f-44d7-9f14-87ea2202f1a2@group-A02DD63F7AE6, cid=53, SUCCESS, logIndex=11, commits[3debf489-fb8f-44d7-9f14-87ea2202f1a2:c14, cc439034-f900-459f-93f0-405510d1632e:c10, 7977ac3b-0be3-4a37-9fef-39f7814db179:c8]
2019-09-16 16:55:59,056 [grpc-default-executor-4] INFO  client.GrpcClientProtocolClient (GrpcClientProtocolClient.java:onNext(264)) - client-1BF3ADFC909D->3debf489-fb8f-44d7-9f14-87ea2202f1a2: receive RaftClientReply:client-1BF3ADFC909D->3debf489-fb8f-44d7-9f14-87ea2202f1a2@group-A02DD63F7AE6, cid=54, SUCCESS, logIndex=12, commits[3debf489-fb8f-44d7-9f14-87ea2202f1a2:c14, cc439034-f900-459f-93f0-405510d1632e:c10, 7977ac3b-0be3-4a37-9fef-39f7814db179:c10]
2019-09-16 16:55:59,062 [grpc-default-executor-4] INFO  client.GrpcClientProtocolClient (GrpcClientProtocolClient.java:onNext(264)) - client-1BF3ADFC909D->3debf489-fb8f-44d7-9f14-87ea2202f1a2: receive RaftClientReply:client-1BF3ADFC909D->3debf489-fb8f-44d7-9f14-87ea2202f1a2@group-A02DD63F7AE6, cid=55, SUCCESS, logIndex=0, commits[3debf489-fb8f-44d7-9f14-87ea2202f1a2:c15, cc439034-f900-459f-93f0-405510d1632e:c13, 7977ac3b-0be3-4a37-9fef-39f7814db179:c13]
2019-09-16 16:55:59,405 [java.util.concurrent.ThreadPoolExecutor$Worker@65ab53cc[State = -1, empty queue]] WARN  server.GrpcLogAppender (GrpcLogAppender.java:timeoutAppendRequest(200)) - 84a51469-6089-434c-9409-be6ecd1b15ae@group-96041FA828FE->82d73395-84ed-4f5d-a3d4-b8dc3778e9c8-GrpcLogAppender: appendEntries Timeout, request=84a51469-6089-434c-9409-be6ecd1b15ae->82d73395-84ed-4f5d-a3d4-b8dc3778e9c8#100-t2, previous=(t:2, i:20), leaderCommit=16, initializing? false, entries: <empty>
2019-09-16 16:55:59,405 [java.util.concurrent.ThreadPoolExecutor$Worker@24305a62[State = -1, empty queue]] WARN  server.GrpcLogAppender (GrpcLogAppender.java:timeoutAppendRequest(200)) - 84a51469-6089-434c-9409-be6ecd1b15ae@group-96041FA828FE->ff1392d6-f741-46e8-b06b-d99a585290d3-GrpcLogAppender: appendEntries Timeout, request=84a51469-6089-434c-9409-be6ecd1b15ae->ff1392d6-f741-46e8-b06b-d99a585290d3#100-t2, previous=(t:2, i:20), leaderCommit=16, initializing? false, entries: <empty>
2019-09-16 16:55:59,905 [java.util.concurrent.ThreadPoolExecutor$Worker@24305a62[State = -1, empty queue]] WARN  server.GrpcLogAppender (GrpcLogAppender.java:timeoutAppendRequest(200)) - 84a51469-6089-434c-9409-be6ecd1b15ae@group-96041FA828FE->ff1392d6-f741-46e8-b06b-d99a585290d3-GrpcLogAppender: appendEntries Timeout, request=84a51469-6089-434c-9409-be6ecd1b15ae->ff1392d6-f741-46e8-b06b-d99a585290d3#101-t2, previous=(t:2, i:20), leaderCommit=16, initializing? false, entries: <empty>
2019-09-16 16:55:59,905 [java.util.concurrent.ThreadPoolExecutor$Worker@65ab53cc[State = -1, empty queue]] WARN  server.GrpcLogAppender (GrpcLogAppender.java:timeoutAppendRequest(200)) - 84a51469-6089-434c-9409-be6ecd1b15ae@group-96041FA828FE->82d73395-84ed-4f5d-a3d4-b8dc3778e9c8-GrpcLogAppender: appendEntries Timeout, request=84a51469-6089-434c-9409-be6ecd1b15ae->82d73395-84ed-4f5d-a3d4-b8dc3778e9c8#101-t2, previous=(t:2, i:20), leaderCommit=16, initializing? false, entries: <empty>
2019-09-16 16:56:00,405 [java.util.concurrent.ThreadPoolExecutor$Worker@24305a62[State = -1, empty queue]] WARN  server.GrpcLogAppender (GrpcLogAppender.java:timeoutAppendRequest(200)) - 84a51469-6089-434c-9409-be6ecd1b15ae@group-96041FA828FE->ff1392d6-f741-46e8-b06b-d99a585290d3-GrpcLogAppender: appendEntries Timeout, request=84a51469-6089-434c-9409-be6ecd1b15ae->ff1392d6-f741-46e8-b06b-d99a585290d3#102-t2, previous=(t:2, i:20), leaderCommit=16, initializing? false, entries: <empty>
2019-09-16 16:56:00,405 [java.util.concurrent.ThreadPoolExecutor$Worker@65ab53cc[State = -1, empty queue]] WARN  server.GrpcLogAppender (GrpcLogAppender.java:timeoutAppendRequest(200)) - 84a51469-6089-434c-9409-be6ecd1b15ae@group-96041FA828FE->82d73395-84ed-4f5d-a3d4-b8dc3778e9c8-GrpcLogAppender: appendEntries Timeout, request=84a51469-6089-434c-9409-be6ecd1b15ae->82d73395-84ed-4f5d-a3d4-b8dc3778e9c8#102-t2, previous=(t:2, i:20), leaderCommit=16, initializing? false, entries: <empty>
2019-09-16 16:56:00,905 [java.util.concurrent.ThreadPoolExecutor$Worker@65ab53cc[State = -1, empty queue]] WARN  server.GrpcLogAppender (GrpcLogAppender.java:timeoutAppendRequest(200)) - 84a51469-6089-434c-9409-be6ecd1b15ae@group-96041FA828FE->82d73395-84ed-4f5d-a3d4-b8dc3778e9c8-GrpcLogAppender: appendEntries Timeout, request=84a51469-6089-434c-9409-be6ecd1b15ae->82d73395-84ed-4f5d-a3d4-b8dc3778e9c8#103-t2, previous=(t:2, i:20), leaderCommit=16, initializing? false, entries: <empty>
2019-09-16 16:56:00,905 [java.util.concurrent.ThreadPoolExecutor$Worker@24305a62[State = -1, empty queue]] WARN  server.GrpcLogAppender (GrpcLogAppender.java:timeoutAppendRequest(200)) - 84a51469-6089-434c-9409-be6ecd1b15ae@group-96041FA828FE->ff1392d6-f741-46e8-b06b-d99a585290d3-GrpcLogAppender: appendEntries Timeout, request=84a51469-6089-434c-9409-be6ecd1b15ae->ff1392d6-f741-46e8-b06b-d99a585290d3#103-t2, previous=(t:2, i:20), leaderCommit=16, initializing? false, entries: <empty>
2019-09-16 16:56:01,406 [java.util.concurrent.ThreadPoolExecutor$Worker@65ab53cc[State = -1, empty queue]] WARN  server.GrpcLogAppender (GrpcLogAppender.java:timeoutAppendRequest(200)) - 84a51469-6089-434c-9409-be6ecd1b15ae@group-96041FA828FE->82d73395-84ed-4f5d-a3d4-b8dc3778e9c8-GrpcLogAppender: appendEntries Timeout, request=84a51469-6089-434c-9409-be6ecd1b15ae->82d73395-84ed-4f5d-a3d4-b8dc3778e9c8#104-t2, previous=(t:2, i:20), leaderCommit=16, initializing? false, entries: <empty>
2019-09-16 16:56:01,406 [java.util.concurrent.ThreadPoolExecutor$Worker@24305a62[State = -1, empty queue]] WARN  server.GrpcLogAppender (GrpcLogAppender.java:timeoutAppendRequest(200)) - 84a51469-6089-434c-9409-be6ecd1b15ae@group-96041FA828FE->ff1392d6-f741-46e8-b06b-d99a585290d3-GrpcLogAppender: appendEntries Timeout, request=84a51469-6089-434c-9409-be6ecd1b15ae->ff1392d6-f741-46e8-b06b-d99a585290d3#104-t2, previous=(t:2, i:20), leaderCommit=16, initializing? false, entries: <empty>
2019-09-16 16:56:01,906 [java.util.concurrent.ThreadPoolExecutor$Worker@65ab53cc[State = -1, empty queue]] WARN  server.GrpcLogAppender (GrpcLogAppender.java:timeoutAppendRequest(200)) - 84a51469-6089-434c-9409-be6ecd1b15ae@group-96041FA828FE->82d73395-84ed-4f5d-a3d4-b8dc3778e9c8-GrpcLogAppender: appendEntries Timeout, request=84a51469-6089-434c-9409-be6ecd1b15ae->82d73395-84ed-4f5d-a3d4-b8dc3778e9c8#105-t2, previous=(t:2, i:20), leaderCommit=16, initializing? false, entries: <empty>
2019-09-16 16:56:01,906 [java.util.concurrent.ThreadPoolExecutor$Worker@24305a62[State = -1, empty queue]] WARN  server.GrpcLogAppender (GrpcLogAppender.java:timeoutAppendRequest(200)) - 84a51469-6089-434c-9409-be6ecd1b15ae@group-96041FA828FE->ff1392d6-f741-46e8-b06b-d99a585290d3-GrpcLogAppender: appendEntries Timeout, request=84a51469-6089-434c-9409-be6ecd1b15ae->ff1392d6-f741-46e8-b06b-d99a585290d3#105-t2, previous=(t:2, i:20), leaderCommit=16, initializing? false, entries: <empty>
2019-09-16 16:56:02,117 [java.util.concurrent.ThreadPoolExecutor$Worker@7d5b61e0[State = -1, empty queue]] WARN  server.GrpcLogAppender (GrpcLogAppender.java:timeoutAppendRequest(200)) - 3debf489-fb8f-44d7-9f14-87ea2202f1a2@group-A02DD63F7AE6->cc439034-f900-459f-93f0-405510d1632e-GrpcLogAppender: appendEntries Timeout, request=3debf489-fb8f-44d7-9f14-87ea2202f1a2->cc439034-f900-459f-93f0-405510d1632e#99-t4, previous=(t:4, i:15), leaderCommit=15, initializing? false, entries: size=1, first=(t:4, i:16), STATEMACHINELOGENTRY, client-1BF3ADFC909D, cid=56
2019-09-16 16:56:02,117 [java.util.concurrent.ThreadPoolExecutor$Worker@7d5b61e0[State = -1, empty queue]] WARN  server.GrpcLogAppender (GrpcLogAppender.java:timeoutAppendRequest(200)) - 3debf489-fb8f-44d7-9f14-87ea2202f1a2@group-A02DD63F7AE6->cc439034-f900-459f-93f0-405510d1632e-GrpcLogAppender: appendEntries Timeout, request=3debf489-fb8f-44d7-9f14-87ea2202f1a2->cc439034-f900-459f-93f0-405510d1632e#100-t4, previous=(t:4, i:16), leaderCommit=15, initializing? false, entries: size=1, first=(t:4, i:17), STATEMACHINELOGENTRY, client-1BF3ADFC909D, cid=57
2019-09-16 16:56:02,117 [java.util.concurrent.ThreadPoolExecutor$Worker@2f015de0[State = -1, empty queue]] WARN  server.GrpcLogAppender (GrpcLogAppender.java:timeoutAppendRequest(200)) - 3debf489-fb8f-44d7-9f14-87ea2202f1a2@group-A02DD63F7AE6->7977ac3b-0be3-4a37-9fef-39f7814db179-GrpcLogAppender: appendEntries Timeout, request=3debf489-fb8f-44d7-9f14-87ea2202f1a2->7977ac3b-0be3-4a37-9fef-39f7814db179#99-t4, previous=(t:4, i:15), leaderCommit=15, initializing? false, entries: size=1, first=(t:4, i:16), STATEMACHINELOGENTRY, client-1BF3ADFC909D, cid=56
2019-09-16 16:56:02,120 [java.util.concurrent.ThreadPoolExecutor$Worker@2f015de0[State = -1, empty queue]] WARN  server.GrpcLogAppender (GrpcLogAppender.java:timeoutAppendRequest(200)) - 3debf489-fb8f-44d7-9f14-87ea2202f1a2@group-A02DD63F7AE6->7977ac3b-0be3-4a37-9fef-39f7814db179-GrpcLogAppender: appendEntries Timeout, request=3debf489-fb8f-44d7-9f14-87ea2202f1a2->7977ac3b-0be3-4a37-9fef-39f7814db179#100-t4, previous=(t:4, i:16), leaderCommit=15, initializing? false, entries: size=1, first=(t:4, i:17), STATEMACHINELOGENTRY, client-1BF3ADFC909D, cid=57
2019-09-16 16:56:02,122 [java.util.concurrent.ThreadPoolExecutor$Worker@7d5b61e0[State = -1, empty queue]] WARN  server.GrpcLogAppender (GrpcLogAppender.java:timeoutAppendRequest(200)) - 3debf489-fb8f-44d7-9f14-87ea2202f1a2@group-A02DD63F7AE6->cc439034-f900-459f-93f0-405510d1632e-GrpcLogAppender: appendEntries Timeout, request=3debf489-fb8f-44d7-9f14-87ea2202f1a2->cc439034-f900-459f-93f0-405510d1632e#101-t4, previous=(t:4, i:17), leaderCommit=15, initializing? false, entries: size=1, first=(t:4, i:18), STATEMACHINELOGENTRY, client-1BF3ADFC909D, cid=58
2019-09-16 16:56:02,124 [java.util.concurrent.ThreadPoolExecutor$Worker@2f015de0[State = -1, empty queue]] WARN  server.GrpcLogAppender (GrpcLogAppender.java:timeoutAppendRequest(200)) - 3debf489-fb8f-44d7-9f14-87ea2202f1a2@group-A02DD63F7AE6->7977ac3b-0be3-4a37-9fef-39f7814db179-GrpcLogAppender: appendEntries Timeout, request=3debf489-fb8f-44d7-9f14-87ea2202f1a2->7977ac3b-0be3-4a37-9fef-39f7814db179#101-t4, previous=(t:4, i:17), leaderCommit=15, initializing? false, entries: size=1, first=(t:4, i:18), STATEMACHINELOGENTRY, client-1BF3ADFC909D, cid=58
2019-09-16 16:56:02,127 [java.util.concurrent.ThreadPoolExecutor$Worker@7d5b61e0[State = -1, empty queue]] WARN  server.GrpcLogAppender (GrpcLogAppender.java:timeoutAppendRequest(200)) - 3debf489-fb8f-44d7-9f14-87ea2202f1a2@group-A02DD63F7AE6->cc439034-f900-459f-93f0-405510d1632e-GrpcLogAppender: appendEntries Timeout, request=3debf489-fb8f-44d7-9f14-87ea2202f1a2->cc439034-f900-459f-93f0-405510d1632e#102-t4, previous=(t:4, i:18), leaderCommit=15, initializing? false, entries: size=1, first=(t:4, i:19), STATEMACHINELOGENTRY, client-1BF3ADFC909D, cid=59
2019-09-16 16:56:02,130 [java.util.concurrent.ThreadPoolExecutor$Worker@2f015de0[State = -1, empty queue]] WARN  server.GrpcLogAppender (GrpcLogAppender.java:timeoutAppendRequest(200)) - 3debf489-fb8f-44d7-9f14-87ea2202f1a2@group-A02DD63F7AE6->7977ac3b-0be3-4a37-9fef-39f7814db179-GrpcLogAppender: appendEntries Timeout, request=3debf489-fb8f-44d7-9f14-87ea2202f1a2->7977ac3b-0be3-4a37-9fef-39f7814db179#102-t4, previous=(t:4, i:18), leaderCommit=15, initializing? false, entries: size=1, first=(t:4, i:19), STATEMACHINELOGENTRY, client-1BF3ADFC909D, cid=59
2019-09-16 16:56:02,406 [java.util.concurrent.ThreadPoolExecutor$Worker@65ab53cc[State = -1, empty queue]] WARN  server.GrpcLogAppender (GrpcLogAppender.java:timeoutAppendRequest(200)) - 84a51469-6089-434c-9409-be6ecd1b15ae@group-96041FA828FE->82d73395-84ed-4f5d-a3d4-b8dc3778e9c8-GrpcLogAppender: appendEntries Timeout, request=84a51469-6089-434c-9409-be6ecd1b15ae->82d73395-84ed-4f5d-a3d4-b8dc3778e9c8#106-t2, previous=(t:2, i:20), leaderCommit=16, initializing? false, entries: <empty>
2019-09-16 16:56:02,406 [java.util.concurrent.ThreadPoolExecutor$Worker@24305a62[State = -1, empty queue]] WARN  server.GrpcLogAppender (GrpcLogAppender.java:timeoutAppendRequest(200)) - 84a51469-6089-434c-9409-be6ecd1b15ae@group-96041FA828FE->ff1392d6-f741-46e8-b06b-d99a585290d3-GrpcLogAppender: appendEntries Timeout, request=84a51469-6089-434c-9409-be6ecd1b15ae->ff1392d6-f741-46e8-b06b-d99a585290d3#106-t2, previous=(t:2, i:20), leaderCommit=16, initializing? false, entries: <empty>
2019-09-16 16:56:02,622 [java.util.concurrent.ThreadPoolExecutor$Worker@7d5b61e0[State = -1, empty queue]] WARN  server.GrpcLogAppender (GrpcLogAppender.java:timeoutAppendRequest(200)) - 3debf489-fb8f-44d7-9f14-87ea2202f1a2@group-A02DD63F7AE6->cc439034-f900-459f-93f0-405510d1632e-GrpcLogAppender: appendEntries Timeout, request=3debf489-fb8f-44d7-9f14-87ea2202f1a2->cc439034-f900-459f-93f0-405510d1632e#103-t4, previous=(t:4, i:19), leaderCommit=15, initializing? false, entries: <empty>
2019-09-16 16:56:02,624 [java.util.concurrent.ThreadPoolExecutor$Worker@2f015de0[State = -1, empty queue]] WARN  server.GrpcLogAppender (GrpcLogAppender.java:timeoutAppendRequest(200)) - 3debf489-fb8f-44d7-9f14-87ea2202f1a2@group-A02DD63F7AE6->7977ac3b-0be3-4a37-9fef-39f7814db179-GrpcLogAppender: appendEntries Timeout, request=3debf489-fb8f-44d7-9f14-87ea2202f1a2->7977ac3b-0be3-4a37-9fef-39f7814db179#103-t4, previous=(t:4, i:19), leaderCommit=15, initializing? false, entries: <empty>
2019-09-16 16:56:02,907 [java.util.concurrent.ThreadPoolExecutor$Worker@24305a62[State = -1, empty queue]] WARN  server.GrpcLogAppender (GrpcLogAppender.java:timeoutAppendRequest(200)) - 84a51469-6089-434c-9409-be6ecd1b15ae@group-96041FA828FE->ff1392d6-f741-46e8-b06b-d99a585290d3-GrpcLogAppender: appendEntries Timeout, request=84a51469-6089-434c-9409-be6ecd1b15ae->ff1392d6-f741-46e8-b06b-d99a585290d3#107-t2, previous=(t:2, i:20), leaderCommit=16, initializing? false, entries: <empty>
2019-09-16 16:56:02,907 [java.util.concurrent.ThreadPoolExecutor$Worker@65ab53cc[State = -1, empty queue]] WARN  server.GrpcLogAppender (GrpcLogAppender.java:timeoutAppendRequest(200)) - 84a51469-6089-434c-9409-be6ecd1b15ae@group-96041FA828FE->82d73395-84ed-4f5d-a3d4-b8dc3778e9c8-GrpcLogAppender: appendEntries Timeout, request=84a51469-6089-434c-9409-be6ecd1b15ae->82d73395-84ed-4f5d-a3d4-b8dc3778e9c8#107-t2, previous=(t:2, i:20), leaderCommit=16, initializing? false, entries: <empty>
2019-09-16 16:56:03,126 [java.util.concurrent.ThreadPoolExecutor$Worker@2f015de0[State = -1, empty queue]] WARN  server.GrpcLogAppender (GrpcLogAppender.java:timeoutAppendRequest(200)) - 3debf489-fb8f-44d7-9f14-87ea2202f1a2@group-A02DD63F7AE6->7977ac3b-0be3-4a37-9fef-39f7814db179-GrpcLogAppender: appendEntries Timeout, request=3debf489-fb8f-44d7-9f14-87ea2202f1a2->7977ac3b-0be3-4a37-9fef-39f7814db179#104-t4, previous=(t:4, i:19), leaderCommit=15, initializing? false, entries: <empty>
2019-09-16 16:56:03,126 [java.util.concurrent.ThreadPoolExecutor$Worker@7d5b61e0[State = -1, empty queue]] WARN  server.GrpcLogAppender (GrpcLogAppender.java:timeoutAppendRequest(200)) - 3debf489-fb8f-44d7-9f14-87ea2202f1a2@group-A02DD63F7AE6->cc439034-f900-459f-93f0-405510d1632e-GrpcLogAppender: appendEntries Timeout, request=3debf489-fb8f-44d7-9f14-87ea2202f1a2->cc439034-f900-459f-93f0-405510d1632e#104-t4, previous=(t:4, i:19), leaderCommit=15, initializing? false, entries: <empty>
2019-09-16 16:56:03,407 [java.util.concurrent.ThreadPoolExecutor$Worker@24305a62[State = -1, empty queue]] WARN  server.GrpcLogAppender (GrpcLogAppender.java:timeoutAppendRequest(200)) - 84a51469-6089-434c-9409-be6ecd1b15ae@group-96041FA828FE->ff1392d6-f741-46e8-b06b-d99a585290d3-GrpcLogAppender: appendEntries Timeout, request=84a51469-6089-434c-9409-be6ecd1b15ae->ff1392d6-f741-46e8-b06b-d99a585290d3#108-t2, previous=(t:2, i:20), leaderCommit=16, initializing? false, entries: <empty>
2019-09-16 16:56:03,407 [java.util.concurrent.ThreadPoolExecutor$Worker@65ab53cc[State = -1, empty queue]] WARN  server.GrpcLogAppender (GrpcLogAppender.java:timeoutAppendRequest(200)) - 84a51469-6089-434c-9409-be6ecd1b15ae@group-96041FA828FE->82d73395-84ed-4f5d-a3d4-b8dc3778e9c8-GrpcLogAppender: appendEntries Timeout, request=84a51469-6089-434c-9409-be6ecd1b15ae->82d73395-84ed-4f5d-a3d4-b8dc3778e9c8#108-t2, previous=(t:2, i:20), leaderCommit=16, initializing? false, entries: <empty>
2019-09-16 16:56:03,623 [java.util.concurrent.ThreadPoolExecutor$Worker@7d5b61e0[State = -1, empty queue]] WARN  server.GrpcLogAppender (GrpcLogAppender.java:timeoutAppendRequest(200)) - 3debf489-fb8f-44d7-9f14-87ea2202f1a2@group-A02DD63F7AE6->cc439034-f900-459f-93f0-405510d1632e-GrpcLogAppender: appendEntries Timeout, request=3debf489-fb8f-44d7-9f14-87ea2202f1a2->cc439034-f900-459f-93f0-405510d1632e#105-t4, previous=(t:4, i:19), leaderCommit=15, initializing? false, entries: <empty>
2019-09-16 16:56:03,624 [java.util.concurrent.ThreadPoolExecutor$Worker@2f015de0[State = -1, empty queue]] WARN  server.GrpcLogAppender (GrpcLogAppender.java:timeoutAppendRequest(200)) - 3debf489-fb8f-44d7-9f14-87ea2202f1a2@group-A02DD63F7AE6->7977ac3b-0be3-4a37-9fef-39f7814db179-GrpcLogAppender: appendEntries Timeout, request=3debf489-fb8f-44d7-9f14-87ea2202f1a2->7977ac3b-0be3-4a37-9fef-39f7814db179#105-t4, previous=(t:4, i:19), leaderCommit=15, initializing? false, entries: <empty>
2019-09-16 16:56:03,907 [java.util.concurrent.ThreadPoolExecutor$Worker@65ab53cc[State = -1, empty queue]] WARN  server.GrpcLogAppender (GrpcLogAppender.java:timeoutAppendRequest(200)) - 84a51469-6089-434c-9409-be6ecd1b15ae@group-96041FA828FE->82d73395-84ed-4f5d-a3d4-b8dc3778e9c8-GrpcLogAppender: appendEntries Timeout, request=84a51469-6089-434c-9409-be6ecd1b15ae->82d73395-84ed-4f5d-a3d4-b8dc3778e9c8#109-t2, previous=(t:2, i:20), leaderCommit=16, initializing? false, entries: <empty>
2019-09-16 16:56:03,907 [java.util.concurrent.ThreadPoolExecutor$Worker@24305a62[State = -1, empty queue]] WARN  server.GrpcLogAppender (GrpcLogAppender.java:timeoutAppendRequest(200)) - 84a51469-6089-434c-9409-be6ecd1b15ae@group-96041FA828FE->ff1392d6-f741-46e8-b06b-d99a585290d3-GrpcLogAppender: appendEntries Timeout, request=84a51469-6089-434c-9409-be6ecd1b15ae->ff1392d6-f741-46e8-b06b-d99a585290d3#109-t2, previous=(t:2, i:20), leaderCommit=16, initializing? false, entries: <empty>
2019-09-16 16:56:04,123 [java.util.concurrent.ThreadPoolExecutor$Worker@7d5b61e0[State = -1, empty queue]] WARN  server.GrpcLogAppender (GrpcLogAppender.java:timeoutAppendRequest(200)) - 3debf489-fb8f-44d7-9f14-87ea2202f1a2@group-A02DD63F7AE6->cc439034-f900-459f-93f0-405510d1632e-GrpcLogAppender: appendEntries Timeout, request=3debf489-fb8f-44d7-9f14-87ea2202f1a2->cc439034-f900-459f-93f0-405510d1632e#106-t4, previous=(t:4, i:19), leaderCommit=15, initializing? false, entries: <empty>
2019-09-16 16:56:04,125 [java.util.concurrent.ThreadPoolExecutor$Worker@2f015de0[State = -1, empty queue]] WARN  server.GrpcLogAppender (GrpcLogAppender.java:timeoutAppendRequest(200)) - 3debf489-fb8f-44d7-9f14-87ea2202f1a2@group-A02DD63F7AE6->7977ac3b-0be3-4a37-9fef-39f7814db179-GrpcLogAppender: appendEntries Timeout, request=3debf489-fb8f-44d7-9f14-87ea2202f1a2->7977ac3b-0be3-4a37-9fef-39f7814db179#106-t4, previous=(t:4, i:19), leaderCommit=15, initializing? false, entries: <empty>
2019-09-16 16:56:04,158 [grpc-default-executor-1] INFO  client.GrpcClientProtocolClient (GrpcClientProtocolClient.java:onNext(264)) - client-1BF3ADFC909D->7977ac3b-0be3-4a37-9fef-39f7814db179: receive RaftClientReply:client-1BF3ADFC909D->7977ac3b-0be3-4a37-9fef-39f7814db179@group-A02DD63F7AE6, cid=56, FAILED org.apache.ratis.protocol.NotLeaderException: Server 7977ac3b-0be3-4a37-9fef-39f7814db179@group-A02DD63F7AE6 is not the leader 3debf489-fb8f-44d7-9f14-87ea2202f1a2:192.168.34.37:46057, logIndex=0, commits[7977ac3b-0be3-4a37-9fef-39f7814db179:c15, cc439034-f900-459f-93f0-405510d1632e:c13, 3debf489-fb8f-44d7-9f14-87ea2202f1a2:c15]
2019-09-16 16:56:04,407 [java.util.concurrent.ThreadPoolExecutor$Worker@24305a62[State = -1, empty queue]] WARN  server.GrpcLogAppender (GrpcLogAppender.java:timeoutAppendRequest(200)) - 84a51469-6089-434c-9409-be6ecd1b15ae@group-96041FA828FE->ff1392d6-f741-46e8-b06b-d99a585290d3-GrpcLogAppender: appendEntries Timeout, request=84a51469-6089-434c-9409-be6ecd1b15ae->ff1392d6-f741-46e8-b06b-d99a585290d3#110-t2, previous=(t:2, i:20), leaderCommit=16, initializing? false, entries: <empty>
2019-09-16 16:56:04,407 [java.util.concurrent.ThreadPoolExecutor$Worker@65ab53cc[State = -1, empty queue]] WARN  server.GrpcLogAppender (GrpcLogAppender.java:timeoutAppendRequest(200)) - 84a51469-6089-434c-9409-be6ecd1b15ae@group-96041FA828FE->82d73395-84ed-4f5d-a3d4-b8dc3778e9c8-GrpcLogAppender: appendEntries Timeout, request=84a51469-6089-434c-9409-be6ecd1b15ae->82d73395-84ed-4f5d-a3d4-b8dc3778e9c8#110-t2, previous=(t:2, i:20), leaderCommit=16, initializing? false, entries: <empty>
2019-09-16 16:56:04,623 [java.util.concurrent.ThreadPoolExecutor$Worker@7d5b61e0[State = -1, empty queue]] WARN  server.GrpcLogAppender (GrpcLogAppender.java:timeoutAppendRequest(200)) - 3debf489-fb8f-44d7-9f14-87ea2202f1a2@group-A02DD63F7AE6->cc439034-f900-459f-93f0-405510d1632e-GrpcLogAppender: appendEntries Timeout, request=3debf489-fb8f-44d7-9f14-87ea2202f1a2->cc439034-f900-459f-93f0-405510d1632e#107-t4, previous=(t:4, i:19), leaderCommit=15, initializing? false, entries: <empty>
2019-09-16 16:56:04,625 [java.util.concurrent.ThreadPoolExecutor$Worker@2f015de0[State = -1, empty queue]] WARN  server.GrpcLogAppender (GrpcLogAppender.java:timeoutAppendRequest(200)) - 3debf489-fb8f-44d7-9f14-87ea2202f1a2@group-A02DD63F7AE6->7977ac3b-0be3-4a37-9fef-39f7814db179-GrpcLogAppender: appendEntries Timeout, request=3debf489-fb8f-44d7-9f14-87ea2202f1a2->7977ac3b-0be3-4a37-9fef-39f7814db179#107-t4, previous=(t:4, i:19), leaderCommit=15, initializing? false, entries: <empty>
2019-09-16 16:56:04,908 [java.util.concurrent.ThreadPoolExecutor$Worker@24305a62[State = -1, empty queue]] WARN  server.GrpcLogAppender (GrpcLogAppender.java:timeoutAppendRequest(200)) - 84a51469-6089-434c-9409-be6ecd1b15ae@group-96041FA828FE->ff1392d6-f741-46e8-b06b-d99a585290d3-GrpcLogAppender: appendEntries Timeout, request=84a51469-6089-434c-9409-be6ecd1b15ae->ff1392d6-f741-46e8-b06b-d99a585290d3#111-t2, previous=(t:2, i:20), leaderCommit=16, initializing? false, entries: <empty>
2019-09-16 16:56:04,908 [java.util.concurrent.ThreadPoolExecutor$Worker@65ab53cc[State = -1, empty queue]] WARN  server.GrpcLogAppender (GrpcLogAppender.java:timeoutAppendRequest(200)) - 84a51469-6089-434c-9409-be6ecd1b15ae@group-96041FA828FE->82d73395-84ed-4f5d-a3d4-b8dc3778e9c8-GrpcLogAppender: appendEntries Timeout, request=84a51469-6089-434c-9409-be6ecd1b15ae->82d73395-84ed-4f5d-a3d4-b8dc3778e9c8#111-t2, previous=(t:2, i:20), leaderCommit=16, initializing? false, entries: <empty>
2019-09-16 16:56:05,125 [java.util.concurrent.ThreadPoolExecutor$Worker@7d5b61e0[State = -1, empty queue]] WARN  server.GrpcLogAppender (GrpcLogAppender.java:timeoutAppendRequest(200)) - 3debf489-fb8f-44d7-9f14-87ea2202f1a2@group-A02DD63F7AE6->cc439034-f900-459f-93f0-405510d1632e-GrpcLogAppender: appendEntries Timeout, request=3debf489-fb8f-44d7-9f14-87ea2202f1a2->cc439034-f900-459f-93f0-405510d1632e#108-t4, previous=(t:4, i:19), leaderCommit=15, initializing? false, entries: <empty>
2019-09-16 16:56:05,127 [java.util.concurrent.ThreadPoolExecutor$Worker@2f015de0[State = -1, empty queue]] WARN  server.GrpcLogAppender (GrpcLogAppender.java:timeoutAppendRequest(200)) - 3debf489-fb8f-44d7-9f14-87ea2202f1a2@group-A02DD63F7AE6->7977ac3b-0be3-4a37-9fef-39f7814db179-GrpcLogAppender: appendEntries Timeout, request=3debf489-fb8f-44d7-9f14-87ea2202f1a2->7977ac3b-0be3-4a37-9fef-39f7814db179#108-t4, previous=(t:4, i:19), leaderCommit=15, initializing? false, entries: <empty>
2019-09-16 16:56:05,372 [84a51469-6089-434c-9409-be6ecd1b15ae@group-96041FA828FE-SegmentedRaftLogWorker] WARN  segmented.SegmentedRaftLogWorker (SegmentedRaftLogWorker.java:getFromFuture(90)) - Timeout 2/~
org.apache.ratis.protocol.TimeoutIOException: Timeout 10s: WriteLog:17: (t:2, i:17), STATEMACHINELOGENTRY, client-B39EF5C42450, cid=43-writeStateMachineData
	at org.apache.ratis.util.IOUtils.getFromFuture(IOUtils.java:87)
	at org.apache.ratis.server.raftlog.segmented.SegmentedRaftLogWorker$StateMachineDataPolicy.getFromFuture(SegmentedRaftLogWorker.java:87)
	at org.apache.ratis.server.raftlog.segmented.SegmentedRaftLogWorker$WriteLog.execute(SegmentedRaftLogWorker.java:477)
	at org.apache.ratis.server.raftlog.segmented.SegmentedRaftLogWorker.run(SegmentedRaftLogWorker.java:289)
	at java.lang.Thread.run(Thread.java:748)
Caused by: java.util.concurrent.TimeoutException
	at java.util.concurrent.CompletableFuture.timedGet(CompletableFuture.java:1771)
	at java.util.concurrent.CompletableFuture.get(CompletableFuture.java:1915)
	at org.apache.ratis.util.IOUtils.getFromFuture(IOUtils.java:79)
	... 4 more
2019-09-16 16:56:05,376 [82d73395-84ed-4f5d-a3d4-b8dc3778e9c8@group-96041FA828FE-SegmentedRaftLogWorker] WARN  segmented.SegmentedRaftLogWorker (SegmentedRaftLogWorker.java:getFromFuture(90)) - Timeout 2/~
org.apache.ratis.protocol.TimeoutIOException: Timeout 10s: WriteLog:17: (t:2, i:17), STATEMACHINELOGENTRY, client-B39EF5C42450, cid=43-writeStateMachineData
	at org.apache.ratis.util.IOUtils.getFromFuture(IOUtils.java:87)
	at org.apache.ratis.server.raftlog.segmented.SegmentedRaftLogWorker$StateMachineDataPolicy.getFromFuture(SegmentedRaftLogWorker.java:87)
	at org.apache.ratis.server.raftlog.segmented.SegmentedRaftLogWorker$WriteLog.execute(SegmentedRaftLogWorker.java:477)
	at org.apache.ratis.server.raftlog.segmented.SegmentedRaftLogWorker.run(SegmentedRaftLogWorker.java:289)
	at java.lang.Thread.run(Thread.java:748)
Caused by: java.util.concurrent.TimeoutException
	at java.util.concurrent.CompletableFuture.timedGet(CompletableFuture.java:1771)
	at java.util.concurrent.CompletableFuture.get(CompletableFuture.java:1915)
	at org.apache.ratis.util.IOUtils.getFromFuture(IOUtils.java:79)
	... 4 more
2019-09-16 16:56:05,419 [java.util.concurrent.ThreadPoolExecutor$Worker@65ab53cc[State = -1, empty queue]] WARN  server.GrpcLogAppender (GrpcLogAppender.java:timeoutAppendRequest(200)) - 84a51469-6089-434c-9409-be6ecd1b15ae@group-96041FA828FE->82d73395-84ed-4f5d-a3d4-b8dc3778e9c8-GrpcLogAppender: appendEntries Timeout, request=84a51469-6089-434c-9409-be6ecd1b15ae->82d73395-84ed-4f5d-a3d4-b8dc3778e9c8#112-t2, previous=(t:2, i:20), leaderCommit=16, initializing? false, entries: <empty>
2019-09-16 16:56:05,419 [java.util.concurrent.ThreadPoolExecutor$Worker@24305a62[State = -1, empty queue]] WARN  server.GrpcLogAppender (GrpcLogAppender.java:timeoutAppendRequest(200)) - 84a51469-6089-434c-9409-be6ecd1b15ae@group-96041FA828FE->ff1392d6-f741-46e8-b06b-d99a585290d3-GrpcLogAppender: appendEntries Timeout, request=84a51469-6089-434c-9409-be6ecd1b15ae->ff1392d6-f741-46e8-b06b-d99a585290d3#112-t2, previous=(t:2, i:20), leaderCommit=16, initializing? false, entries: <empty>
2019-09-16 16:56:05,473 [ff1392d6-f741-46e8-b06b-d99a585290d3@group-96041FA828FE-SegmentedRaftLogWorker] WARN  segmented.SegmentedRaftLogWorker (SegmentedRaftLogWorker.java:getFromFuture(90)) - Timeout 2/~
org.apache.ratis.protocol.TimeoutIOException: Timeout 10s: WriteLog:19: (t:2, i:19), STATEMACHINELOGENTRY, client-B39EF5C42450, cid=45-writeStateMachineData
	at org.apache.ratis.util.IOUtils.getFromFuture(IOUtils.java:87)
	at org.apache.ratis.server.raftlog.segmented.SegmentedRaftLogWorker$StateMachineDataPolicy.getFromFuture(SegmentedRaftLogWorker.java:87)
	at org.apache.ratis.server.raftlog.segmented.SegmentedRaftLogWorker$WriteLog.execute(SegmentedRaftLogWorker.java:477)
	at org.apache.ratis.server.raftlog.segmented.SegmentedRaftLogWorker.run(SegmentedRaftLogWorker.java:289)
	at java.lang.Thread.run(Thread.java:748)
Caused by: java.util.concurrent.TimeoutException
	at java.util.concurrent.CompletableFuture.timedGet(CompletableFuture.java:1771)
	at java.util.concurrent.CompletableFuture.get(CompletableFuture.java:1915)
	at org.apache.ratis.util.IOUtils.getFromFuture(IOUtils.java:79)
	... 4 more
2019-09-16 16:56:05,625 [java.util.concurrent.ThreadPoolExecutor$Worker@7d5b61e0[State = -1, empty queue]] WARN  server.GrpcLogAppender (GrpcLogAppender.java:timeoutAppendRequest(200)) - 3debf489-fb8f-44d7-9f14-87ea2202f1a2@group-A02DD63F7AE6->cc439034-f900-459f-93f0-405510d1632e-GrpcLogAppender: appendEntries Timeout, request=3debf489-fb8f-44d7-9f14-87ea2202f1a2->cc439034-f900-459f-93f0-405510d1632e#109-t4, previous=(t:4, i:19), leaderCommit=15, initializing? false, entries: <empty>
2019-09-16 16:56:05,627 [java.util.concurrent.ThreadPoolExecutor$Worker@2f015de0[State = -1, empty queue]] WARN  server.GrpcLogAppender (GrpcLogAppender.java:timeoutAppendRequest(200)) - 3debf489-fb8f-44d7-9f14-87ea2202f1a2@group-A02DD63F7AE6->7977ac3b-0be3-4a37-9fef-39f7814db179-GrpcLogAppender: appendEntries Timeout, request=3debf489-fb8f-44d7-9f14-87ea2202f1a2->7977ac3b-0be3-4a37-9fef-39f7814db179#109-t4, previous=(t:4, i:19), leaderCommit=15, initializing? false, entries: <empty>
2019-09-16 16:56:05,919 [java.util.concurrent.ThreadPoolExecutor$Worker@24305a62[State = -1, empty queue]] WARN  server.GrpcLogAppender (GrpcLogAppender.java:timeoutAppendRequest(200)) - 84a51469-6089-434c-9409-be6ecd1b15ae@group-96041FA828FE->ff1392d6-f741-46e8-b06b-d99a585290d3-GrpcLogAppender: appendEntries Timeout, request=84a51469-6089-434c-9409-be6ecd1b15ae->ff1392d6-f741-46e8-b06b-d99a585290d3#113-t2, previous=(t:2, i:20), leaderCommit=16, initializing? false, entries: <empty>
2019-09-16 16:56:05,919 [java.util.concurrent.ThreadPoolExecutor$Worker@65ab53cc[State = -1, empty queue]] WARN  server.GrpcLogAppender (GrpcLogAppender.java:timeoutAppendRequest(200)) - 84a51469-6089-434c-9409-be6ecd1b15ae@group-96041FA828FE->82d73395-84ed-4f5d-a3d4-b8dc3778e9c8-GrpcLogAppender: appendEntries Timeout, request=84a51469-6089-434c-9409-be6ecd1b15ae->82d73395-84ed-4f5d-a3d4-b8dc3778e9c8#113-t2, previous=(t:2, i:20), leaderCommit=16, initializing? false, entries: <empty>
2019-09-16 16:56:06,126 [java.util.concurrent.ThreadPoolExecutor$Worker@7d5b61e0[State = -1, empty queue]] WARN  server.GrpcLogAppender (GrpcLogAppender.java:timeoutAppendRequest(200)) - 3debf489-fb8f-44d7-9f14-87ea2202f1a2@group-A02DD63F7AE6->cc439034-f900-459f-93f0-405510d1632e-GrpcLogAppender: appendEntries Timeout, request=3debf489-fb8f-44d7-9f14-87ea2202f1a2->cc439034-f900-459f-93f0-405510d1632e#110-t4, previous=(t:4, i:19), leaderCommit=15, initializing? false, entries: <empty>
2019-09-16 16:56:06,131 [java.util.concurrent.ThreadPoolExecutor$Worker@2f015de0[State = -1, empty queue]] WARN  server.GrpcLogAppender (GrpcLogAppender.java:timeoutAppendRequest(200)) - 3debf489-fb8f-44d7-9f14-87ea2202f1a2@group-A02DD63F7AE6->7977ac3b-0be3-4a37-9fef-39f7814db179-GrpcLogAppender: appendEntries Timeout, request=3debf489-fb8f-44d7-9f14-87ea2202f1a2->7977ac3b-0be3-4a37-9fef-39f7814db179#110-t4, previous=(t:4, i:19), leaderCommit=15, initializing? false, entries: <empty>
2019-09-16 16:56:06,420 [java.util.concurrent.ThreadPoolExecutor$Worker@24305a62[State = -1, empty queue]] WARN  server.GrpcLogAppender (GrpcLogAppender.java:timeoutAppendRequest(200)) - 84a51469-6089-434c-9409-be6ecd1b15ae@group-96041FA828FE->ff1392d6-f741-46e8-b06b-d99a585290d3-GrpcLogAppender: appendEntries Timeout, request=84a51469-6089-434c-9409-be6ecd1b15ae->ff1392d6-f741-46e8-b06b-d99a585290d3#114-t2, previous=(t:2, i:20), leaderCommit=16, initializing? false, entries: <empty>
2019-09-16 16:56:06,420 [java.util.concurrent.ThreadPoolExecutor$Worker@65ab53cc[State = -1, empty queue]] WARN  server.GrpcLogAppender (GrpcLogAppender.java:timeoutAppendRequest(200)) - 84a51469-6089-434c-9409-be6ecd1b15ae@group-96041FA828FE->82d73395-84ed-4f5d-a3d4-b8dc3778e9c8-GrpcLogAppender: appendEntries Timeout, request=84a51469-6089-434c-9409-be6ecd1b15ae->82d73395-84ed-4f5d-a3d4-b8dc3778e9c8#114-t2, previous=(t:2, i:20), leaderCommit=16, initializing? false, entries: <empty>
2019-09-16 16:56:06,631 [java.util.concurrent.ThreadPoolExecutor$Worker@7d5b61e0[State = -1, empty queue]] WARN  server.GrpcLogAppender (GrpcLogAppender.java:timeoutAppendRequest(200)) - 3debf489-fb8f-44d7-9f14-87ea2202f1a2@group-A02DD63F7AE6->cc439034-f900-459f-93f0-405510d1632e-GrpcLogAppender: appendEntries Timeout, request=3debf489-fb8f-44d7-9f14-87ea2202f1a2->cc439034-f900-459f-93f0-405510d1632e#111-t4, previous=(t:4, i:19), leaderCommit=15, initializing? false, entries: <empty>
2019-09-16 16:56:06,632 [java.util.concurrent.ThreadPoolExecutor$Worker@2f015de0[State = -1, empty queue]] WARN  server.GrpcLogAppender (GrpcLogAppender.java:timeoutAppendRequest(200)) - 3debf489-fb8f-44d7-9f14-87ea2202f1a2@group-A02DD63F7AE6->7977ac3b-0be3-4a37-9fef-39f7814db179-GrpcLogAppender: appendEntries Timeout, request=3debf489-fb8f-44d7-9f14-87ea2202f1a2->7977ac3b-0be3-4a37-9fef-39f7814db179#111-t4, previous=(t:4, i:19), leaderCommit=15, initializing? false, entries: <empty>
2019-09-16 16:56:06,866 [c232c0ff-9192-4b00-ad60-76b55f03f95e@group-A91BA5A7B369-SegmentedRaftLogWorker] WARN  segmented.SegmentedRaftLogWorker (SegmentedRaftLogWorker.java:getFromFuture(90)) - Timeout 4/~
org.apache.ratis.protocol.TimeoutIOException: Timeout 10s: WriteLog:19: (t:2, i:19), STATEMACHINELOGENTRY, client-59284F2D283B, cid=31-writeStateMachineData
	at org.apache.ratis.util.IOUtils.getFromFuture(IOUtils.java:87)
	at org.apache.ratis.server.raftlog.segmented.SegmentedRaftLogWorker$StateMachineDataPolicy.getFromFuture(SegmentedRaftLogWorker.java:87)
	at org.apache.ratis.server.raftlog.segmented.SegmentedRaftLogWorker$WriteLog.execute(SegmentedRaftLogWorker.java:477)
	at org.apache.ratis.server.raftlog.segmented.SegmentedRaftLogWorker.run(SegmentedRaftLogWorker.java:289)
	at java.lang.Thread.run(Thread.java:748)
Caused by: java.util.concurrent.TimeoutException
	at java.util.concurrent.CompletableFuture.timedGet(CompletableFuture.java:1771)
	at java.util.concurrent.CompletableFuture.get(CompletableFuture.java:1915)
	at org.apache.ratis.util.IOUtils.getFromFuture(IOUtils.java:79)
	... 4 more
2019-09-16 16:56:06,894 [315b4b00-5c1a-4cba-b27d-9eac94437c20@group-A91BA5A7B369-SegmentedRaftLogWorker] WARN  segmented.SegmentedRaftLogWorker (SegmentedRaftLogWorker.java:getFromFuture(90)) - Timeout 4/~
org.apache.ratis.protocol.TimeoutIOException: Timeout 10s: WriteLog:19: (t:2, i:19), STATEMACHINELOGENTRY, client-59284F2D283B, cid=31-writeStateMachineData
	at org.apache.ratis.util.IOUtils.getFromFuture(IOUtils.java:87)
	at org.apache.ratis.server.raftlog.segmented.SegmentedRaftLogWorker$StateMachineDataPolicy.getFromFuture(SegmentedRaftLogWorker.java:87)
	at org.apache.ratis.server.raftlog.segmented.SegmentedRaftLogWorker$WriteLog.execute(SegmentedRaftLogWorker.java:477)
	at org.apache.ratis.server.raftlog.segmented.SegmentedRaftLogWorker.run(SegmentedRaftLogWorker.java:289)
	at java.lang.Thread.run(Thread.java:748)
Caused by: java.util.concurrent.TimeoutException
	at java.util.concurrent.CompletableFuture.timedGet(CompletableFuture.java:1771)
	at java.util.concurrent.CompletableFuture.get(CompletableFuture.java:1915)
	at org.apache.ratis.util.IOUtils.getFromFuture(IOUtils.java:79)
	... 4 more
2019-09-16 16:56:06,920 [java.util.concurrent.ThreadPoolExecutor$Worker@65ab53cc[State = -1, empty queue]] WARN  server.GrpcLogAppender (GrpcLogAppender.java:timeoutAppendRequest(200)) - 84a51469-6089-434c-9409-be6ecd1b15ae@group-96041FA828FE->82d73395-84ed-4f5d-a3d4-b8dc3778e9c8-GrpcLogAppender: appendEntries Timeout, request=84a51469-6089-434c-9409-be6ecd1b15ae->82d73395-84ed-4f5d-a3d4-b8dc3778e9c8#115-t2, previous=(t:2, i:20), leaderCommit=16, initializing? false, entries: <empty>
2019-09-16 16:56:06,920 [java.util.concurrent.ThreadPoolExecutor$Worker@24305a62[State = -1, empty queue]] WARN  server.GrpcLogAppender (GrpcLogAppender.java:timeoutAppendRequest(200)) - 84a51469-6089-434c-9409-be6ecd1b15ae@group-96041FA828FE->ff1392d6-f741-46e8-b06b-d99a585290d3-GrpcLogAppender: appendEntries Timeout, request=84a51469-6089-434c-9409-be6ecd1b15ae->ff1392d6-f741-46e8-b06b-d99a585290d3#115-t2, previous=(t:2, i:20), leaderCommit=16, initializing? false, entries: <empty>
2019-09-16 16:56:07,132 [java.util.concurrent.ThreadPoolExecutor$Worker@7d5b61e0[State = -1, empty queue]] WARN  server.GrpcLogAppender (GrpcLogAppender.java:timeoutAppendRequest(200)) - 3debf489-fb8f-44d7-9f14-87ea2202f1a2@group-A02DD63F7AE6->cc439034-f900-459f-93f0-405510d1632e-GrpcLogAppender: appendEntries Timeout, request=3debf489-fb8f-44d7-9f14-87ea2202f1a2->cc439034-f900-459f-93f0-405510d1632e#112-t4, previous=(t:4, i:19), leaderCommit=15, initializing? false, entries: <empty>
2019-09-16 16:56:07,132 [java.util.concurrent.ThreadPoolExecutor$Worker@2f015de0[State = -1, empty queue]] WARN  server.GrpcLogAppender (GrpcLogAppender.java:timeoutAppendRequest(200)) - 3debf489-fb8f-44d7-9f14-87ea2202f1a2@group-A02DD63F7AE6->7977ac3b-0be3-4a37-9fef-39f7814db179-GrpcLogAppender: appendEntries Timeout, request=3debf489-fb8f-44d7-9f14-87ea2202f1a2->7977ac3b-0be3-4a37-9fef-39f7814db179#112-t4, previous=(t:4, i:19), leaderCommit=15, initializing? false, entries: <empty>
2019-09-16 16:56:07,421 [java.util.concurrent.ThreadPoolExecutor$Worker@65ab53cc[State = -1, empty queue]] WARN  server.GrpcLogAppender (GrpcLogAppender.java:timeoutAppendRequest(200)) - 84a51469-6089-434c-9409-be6ecd1b15ae@group-96041FA828FE->82d73395-84ed-4f5d-a3d4-b8dc3778e9c8-GrpcLogAppender: appendEntries Timeout, request=84a51469-6089-434c-9409-be6ecd1b15ae->82d73395-84ed-4f5d-a3d4-b8dc3778e9c8#116-t2, previous=(t:2, i:20), leaderCommit=16, initializing? false, entries: <empty>
2019-09-16 16:56:07,421 [java.util.concurrent.ThreadPoolExecutor$Worker@24305a62[State = -1, empty queue]] WARN  server.GrpcLogAppender (GrpcLogAppender.java:timeoutAppendRequest(200)) - 84a51469-6089-434c-9409-be6ecd1b15ae@group-96041FA828FE->ff1392d6-f741-46e8-b06b-d99a585290d3-GrpcLogAppender: appendEntries Timeout, request=84a51469-6089-434c-9409-be6ecd1b15ae->ff1392d6-f741-46e8-b06b-d99a585290d3#116-t2, previous=(t:2, i:20), leaderCommit=16, initializing? false, entries: <empty>
2019-09-16 16:56:07,632 [java.util.concurrent.ThreadPoolExecutor$Worker@7d5b61e0[State = -1, empty queue]] WARN  server.GrpcLogAppender (GrpcLogAppender.java:timeoutAppendRequest(200)) - 3debf489-fb8f-44d7-9f14-87ea2202f1a2@group-A02DD63F7AE6->cc439034-f900-459f-93f0-405510d1632e-GrpcLogAppender: appendEntries Timeout, request=3debf489-fb8f-44d7-9f14-87ea2202f1a2->cc439034-f900-459f-93f0-405510d1632e#113-t4, previous=(t:4, i:19), leaderCommit=15, initializing? false, entries: <empty>
2019-09-16 16:56:07,632 [java.util.concurrent.ThreadPoolExecutor$Worker@2f015de0[State = -1, empty queue]] WARN  server.GrpcLogAppender (GrpcLogAppender.java:timeoutAppendRequest(200)) - 3debf489-fb8f-44d7-9f14-87ea2202f1a2@group-A02DD63F7AE6->7977ac3b-0be3-4a37-9fef-39f7814db179-GrpcLogAppender: appendEntries Timeout, request=3debf489-fb8f-44d7-9f14-87ea2202f1a2->7977ac3b-0be3-4a37-9fef-39f7814db179#113-t4, previous=(t:4, i:19), leaderCommit=15, initializing? false, entries: <empty>
2019-09-16 16:56:07,921 [java.util.concurrent.ThreadPoolExecutor$Worker@24305a62[State = -1, empty queue]] WARN  server.GrpcLogAppender (GrpcLogAppender.java:timeoutAppendRequest(200)) - 84a51469-6089-434c-9409-be6ecd1b15ae@group-96041FA828FE->ff1392d6-f741-46e8-b06b-d99a585290d3-GrpcLogAppender: appendEntries Timeout, request=84a51469-6089-434c-9409-be6ecd1b15ae->ff1392d6-f741-46e8-b06b-d99a585290d3#117-t2, previous=(t:2, i:20), leaderCommit=16, initializing? false, entries: <empty>
2019-09-16 16:56:07,921 [java.util.concurrent.ThreadPoolExecutor$Worker@65ab53cc[State = -1, empty queue]] WARN  server.GrpcLogAppender (GrpcLogAppender.java:timeoutAppendRequest(200)) - 84a51469-6089-434c-9409-be6ecd1b15ae@group-96041FA828FE->82d73395-84ed-4f5d-a3d4-b8dc3778e9c8-GrpcLogAppender: appendEntries Timeout, request=84a51469-6089-434c-9409-be6ecd1b15ae->82d73395-84ed-4f5d-a3d4-b8dc3778e9c8#117-t2, previous=(t:2, i:20), leaderCommit=16, initializing? false, entries: <empty>
2019-09-16 16:56:08,132 [java.util.concurrent.ThreadPoolExecutor$Worker@7d5b61e0[State = -1, empty queue]] WARN  server.GrpcLogAppender (GrpcLogAppender.java:timeoutAppendRequest(200)) - 3debf489-fb8f-44d7-9f14-87ea2202f1a2@group-A02DD63F7AE6->cc439034-f900-459f-93f0-405510d1632e-GrpcLogAppender: appendEntries Timeout, request=3debf489-fb8f-44d7-9f14-87ea2202f1a2->cc439034-f900-459f-93f0-405510d1632e#114-t4, previous=(t:4, i:19), leaderCommit=15, initializing? false, entries: <empty>
2019-09-16 16:56:08,132 [java.util.concurrent.ThreadPoolExecutor$Worker@2f015de0[State = -1, empty queue]] WARN  server.GrpcLogAppender (GrpcLogAppender.java:timeoutAppendRequest(200)) - 3debf489-fb8f-44d7-9f14-87ea2202f1a2@group-A02DD63F7AE6->7977ac3b-0be3-4a37-9fef-39f7814db179-GrpcLogAppender: appendEntries Timeout, request=3debf489-fb8f-44d7-9f14-87ea2202f1a2->7977ac3b-0be3-4a37-9fef-39f7814db179#114-t4, previous=(t:4, i:19), leaderCommit=15, initializing? false, entries: <empty>
2019-09-16 16:56:08,421 [java.util.concurrent.ThreadPoolExecutor$Worker@24305a62[State = -1, empty queue]] WARN  server.GrpcLogAppender (GrpcLogAppender.java:timeoutAppendRequest(200)) - 84a51469-6089-434c-9409-be6ecd1b15ae@group-96041FA828FE->ff1392d6-f741-46e8-b06b-d99a585290d3-GrpcLogAppender: appendEntries Timeout, request=84a51469-6089-434c-9409-be6ecd1b15ae->ff1392d6-f741-46e8-b06b-d99a585290d3#118-t2, previous=(t:2, i:20), leaderCommit=16, initializing? false, entries: <empty>
2019-09-16 16:56:08,421 [java.util.concurrent.ThreadPoolExecutor$Worker@65ab53cc[State = -1, empty queue]] WARN  server.GrpcLogAppender (GrpcLogAppender.java:timeoutAppendRequest(200)) - 84a51469-6089-434c-9409-be6ecd1b15ae@group-96041FA828FE->82d73395-84ed-4f5d-a3d4-b8dc3778e9c8-GrpcLogAppender: appendEntries Timeout, request=84a51469-6089-434c-9409-be6ecd1b15ae->82d73395-84ed-4f5d-a3d4-b8dc3778e9c8#118-t2, previous=(t:2, i:20), leaderCommit=16, initializing? false, entries: <empty>
2019-09-16 16:56:08,633 [java.util.concurrent.ThreadPoolExecutor$Worker@2f015de0[State = -1, empty queue]] WARN  server.GrpcLogAppender (GrpcLogAppender.java:timeoutAppendRequest(200)) - 3debf489-fb8f-44d7-9f14-87ea2202f1a2@group-A02DD63F7AE6->7977ac3b-0be3-4a37-9fef-39f7814db179-GrpcLogAppender: appendEntries Timeout, request=3debf489-fb8f-44d7-9f14-87ea2202f1a2->7977ac3b-0be3-4a37-9fef-39f7814db179#115-t4, previous=(t:4, i:19), leaderCommit=15, initializing? false, entries: <empty>
2019-09-16 16:56:08,633 [java.util.concurrent.ThreadPoolExecutor$Worker@7d5b61e0[State = -1, empty queue]] WARN  server.GrpcLogAppender (GrpcLogAppender.java:timeoutAppendRequest(200)) - 3debf489-fb8f-44d7-9f14-87ea2202f1a2@group-A02DD63F7AE6->cc439034-f900-459f-93f0-405510d1632e-GrpcLogAppender: appendEntries Timeout, request=3debf489-fb8f-44d7-9f14-87ea2202f1a2->cc439034-f900-459f-93f0-405510d1632e#115-t4, previous=(t:4, i:19), leaderCommit=15, initializing? false, entries: <empty>
2019-09-16 16:56:08,922 [java.util.concurrent.ThreadPoolExecutor$Worker@65ab53cc[State = -1, empty queue]] WARN  server.GrpcLogAppender (GrpcLogAppender.java:timeoutAppendRequest(200)) - 84a51469-6089-434c-9409-be6ecd1b15ae@group-96041FA828FE->82d73395-84ed-4f5d-a3d4-b8dc3778e9c8-GrpcLogAppender: appendEntries Timeout, request=84a51469-6089-434c-9409-be6ecd1b15ae->82d73395-84ed-4f5d-a3d4-b8dc3778e9c8#119-t2, previous=(t:2, i:20), leaderCommit=16, initializing? false, entries: <empty>
2019-09-16 16:56:08,922 [java.util.concurrent.ThreadPoolExecutor$Worker@24305a62[State = -1, empty queue]] WARN  server.GrpcLogAppender (GrpcLogAppender.java:timeoutAppendRequest(200)) - 84a51469-6089-434c-9409-be6ecd1b15ae@group-96041FA828FE->ff1392d6-f741-46e8-b06b-d99a585290d3-GrpcLogAppender: appendEntries Timeout, request=84a51469-6089-434c-9409-be6ecd1b15ae->ff1392d6-f741-46e8-b06b-d99a585290d3#119-t2, previous=(t:2, i:20), leaderCommit=16, initializing? false, entries: <empty>
2019-09-16 16:56:09,116 [3debf489-fb8f-44d7-9f14-87ea2202f1a2@group-A02DD63F7AE6-SegmentedRaftLogWorker] WARN  segmented.SegmentedRaftLogWorker (SegmentedRaftLogWorker.java:getFromFuture(90)) - Timeout 0/~
org.apache.ratis.protocol.TimeoutIOException: Timeout 10s: WriteLog:16: (t:4, i:16), STATEMACHINELOGENTRY, client-1BF3ADFC909D, cid=56-writeStateMachineData
	at org.apache.ratis.util.IOUtils.getFromFuture(IOUtils.java:87)
	at org.apache.ratis.server.raftlog.segmented.SegmentedRaftLogWorker$StateMachineDataPolicy.getFromFuture(SegmentedRaftLogWorker.java:87)
	at org.apache.ratis.server.raftlog.segmented.SegmentedRaftLogWorker$WriteLog.execute(SegmentedRaftLogWorker.java:477)
	at org.apache.ratis.server.raftlog.segmented.SegmentedRaftLogWorker.run(SegmentedRaftLogWorker.java:289)
	at java.lang.Thread.run(Thread.java:748)
Caused by: java.util.concurrent.TimeoutException
	at java.util.concurrent.CompletableFuture.timedGet(CompletableFuture.java:1771)
	at java.util.concurrent.CompletableFuture.get(CompletableFuture.java:1915)
	at org.apache.ratis.util.IOUtils.getFromFuture(IOUtils.java:79)
	... 4 more
2019-09-16 16:56:09,121 [cc439034-f900-459f-93f0-405510d1632e@group-A02DD63F7AE6-SegmentedRaftLogWorker] WARN  segmented.SegmentedRaftLogWorker (SegmentedRaftLogWorker.java:getFromFuture(90)) - Timeout 0/~
org.apache.ratis.protocol.TimeoutIOException: Timeout 10s: WriteLog:16: (t:4, i:16), STATEMACHINELOGENTRY, client-1BF3ADFC909D, cid=56-writeStateMachineData
	at org.apache.ratis.util.IOUtils.getFromFuture(IOUtils.java:87)
	at org.apache.ratis.server.raftlog.segmented.SegmentedRaftLogWorker$StateMachineDataPolicy.getFromFuture(SegmentedRaftLogWorker.java:87)
	at org.apache.ratis.server.raftlog.segmented.SegmentedRaftLogWorker$WriteLog.execute(SegmentedRaftLogWorker.java:477)
	at org.apache.ratis.server.raftlog.segmented.SegmentedRaftLogWorker.run(SegmentedRaftLogWorker.java:289)
	at java.lang.Thread.run(Thread.java:748)
Caused by: java.util.concurrent.TimeoutException
	at java.util.concurrent.CompletableFuture.timedGet(CompletableFuture.java:1771)
	at java.util.concurrent.CompletableFuture.get(CompletableFuture.java:1915)
	at org.apache.ratis.util.IOUtils.getFromFuture(IOUtils.java:79)
	... 4 more
2019-09-16 16:56:09,124 [7977ac3b-0be3-4a37-9fef-39f7814db179@group-A02DD63F7AE6-SegmentedRaftLogWorker] WARN  segmented.SegmentedRaftLogWorker (SegmentedRaftLogWorker.java:getFromFuture(90)) - Timeout 0/~
org.apache.ratis.protocol.TimeoutIOException: Timeout 10s: WriteLog:16: (t:4, i:16), STATEMACHINELOGENTRY, client-1BF3ADFC909D, cid=56-writeStateMachineData
	at org.apache.ratis.util.IOUtils.getFromFuture(IOUtils.java:87)
	at org.apache.ratis.server.raftlog.segmented.SegmentedRaftLogWorker$StateMachineDataPolicy.getFromFuture(SegmentedRaftLogWorker.java:87)
	at org.apache.ratis.server.raftlog.segmented.SegmentedRaftLogWorker$WriteLog.execute(SegmentedRaftLogWorker.java:477)
	at org.apache.ratis.server.raftlog.segmented.SegmentedRaftLogWorker.run(SegmentedRaftLogWorker.java:289)
	at java.lang.Thread.run(Thread.java:748)
Caused by: java.util.concurrent.TimeoutException
	at java.util.concurrent.CompletableFuture.timedGet(CompletableFuture.java:1771)
	at java.util.concurrent.CompletableFuture.get(CompletableFuture.java:1915)
	at org.apache.ratis.util.IOUtils.getFromFuture(IOUtils.java:79)
	... 4 more
2019-09-16 16:56:09,133 [java.util.concurrent.ThreadPoolExecutor$Worker@7d5b61e0[State = -1, empty queue]] WARN  server.GrpcLogAppender (GrpcLogAppender.java:timeoutAppendRequest(200)) - 3debf489-fb8f-44d7-9f14-87ea2202f1a2@group-A02DD63F7AE6->cc439034-f900-459f-93f0-405510d1632e-GrpcLogAppender: appendEntries Timeout, request=3debf489-fb8f-44d7-9f14-87ea2202f1a2->cc439034-f900-459f-93f0-405510d1632e#116-t4, previous=(t:4, i:19), leaderCommit=15, initializing? false, entries: <empty>
2019-09-16 16:56:09,133 [java.util.concurrent.ThreadPoolExecutor$Worker@2f015de0[State = -1, empty queue]] WARN  server.GrpcLogAppender (GrpcLogAppender.java:timeoutAppendRequest(200)) - 3debf489-fb8f-44d7-9f14-87ea2202f1a2@group-A02DD63F7AE6->7977ac3b-0be3-4a37-9fef-39f7814db179-GrpcLogAppender: appendEntries Timeout, request=3debf489-fb8f-44d7-9f14-87ea2202f1a2->7977ac3b-0be3-4a37-9fef-39f7814db179#116-t4, previous=(t:4, i:19), leaderCommit=15, initializing? false, entries: <empty>
2019-09-16 16:56:09,220 [grpc-default-executor-1] INFO  client.GrpcClientProtocolClient (GrpcClientProtocolClient.java:onNext(264)) - client-1BF3ADFC909D->7977ac3b-0be3-4a37-9fef-39f7814db179: receive RaftClientReply:client-1BF3ADFC909D->7977ac3b-0be3-4a37-9fef-39f7814db179@group-A02DD63F7AE6, cid=56, FAILED org.apache.ratis.protocol.NotLeaderException: Server 7977ac3b-0be3-4a37-9fef-39f7814db179@group-A02DD63F7AE6 is not the leader 3debf489-fb8f-44d7-9f14-87ea2202f1a2:192.168.34.37:46057, logIndex=0, commits[7977ac3b-0be3-4a37-9fef-39f7814db179:c15, cc439034-f900-459f-93f0-405510d1632e:c13, 3debf489-fb8f-44d7-9f14-87ea2202f1a2:c15]
2019-09-16 16:56:09,422 [java.util.concurrent.ThreadPoolExecutor$Worker@65ab53cc[State = -1, empty queue]] WARN  server.GrpcLogAppender (GrpcLogAppender.java:timeoutAppendRequest(200)) - 84a51469-6089-434c-9409-be6ecd1b15ae@group-96041FA828FE->82d73395-84ed-4f5d-a3d4-b8dc3778e9c8-GrpcLogAppender: appendEntries Timeout, request=84a51469-6089-434c-9409-be6ecd1b15ae->82d73395-84ed-4f5d-a3d4-b8dc3778e9c8#120-t2, previous=(t:2, i:20), leaderCommit=16, initializing? false, entries: <empty>
2019-09-16 16:56:09,422 [java.util.concurrent.ThreadPoolExecutor$Worker@24305a62[State = -1, empty queue]] WARN  server.GrpcLogAppender (GrpcLogAppender.java:timeoutAppendRequest(200)) - 84a51469-6089-434c-9409-be6ecd1b15ae@group-96041FA828FE->ff1392d6-f741-46e8-b06b-d99a585290d3-GrpcLogAppender: appendEntries Timeout, request=84a51469-6089-434c-9409-be6ecd1b15ae->ff1392d6-f741-46e8-b06b-d99a585290d3#120-t2, previous=(t:2, i:20), leaderCommit=16, initializing? false, entries: <empty>
2019-09-16 16:56:09,633 [java.util.concurrent.ThreadPoolExecutor$Worker@7d5b61e0[State = -1, empty queue]] WARN  server.GrpcLogAppender (GrpcLogAppender.java:timeoutAppendRequest(200)) - 3debf489-fb8f-44d7-9f14-87ea2202f1a2@group-A02DD63F7AE6->cc439034-f900-459f-93f0-405510d1632e-GrpcLogAppender: appendEntries Timeout, request=3debf489-fb8f-44d7-9f14-87ea2202f1a2->cc439034-f900-459f-93f0-405510d1632e#117-t4, previous=(t:4, i:19), leaderCommit=15, initializing? false, entries: <empty>
2019-09-16 16:56:09,633 [java.util.concurrent.ThreadPoolExecutor$Worker@2f015de0[State = -1, empty queue]] WARN  server.GrpcLogAppender (GrpcLogAppender.java:timeoutAppendRequest(200)) - 3debf489-fb8f-44d7-9f14-87ea2202f1a2@group-A02DD63F7AE6->7977ac3b-0be3-4a37-9fef-39f7814db179-GrpcLogAppender: appendEntries Timeout, request=3debf489-fb8f-44d7-9f14-87ea2202f1a2->7977ac3b-0be3-4a37-9fef-39f7814db179#117-t4, previous=(t:4, i:19), leaderCommit=15, initializing? false, entries: <empty>
2019-09-16 16:56:09,922 [java.util.concurrent.ThreadPoolExecutor$Worker@65ab53cc[State = -1, empty queue]] WARN  server.GrpcLogAppender (GrpcLogAppender.java:timeoutAppendRequest(200)) - 84a51469-6089-434c-9409-be6ecd1b15ae@group-96041FA828FE->82d73395-84ed-4f5d-a3d4-b8dc3778e9c8-GrpcLogAppender: appendEntries Timeout, request=84a51469-6089-434c-9409-be6ecd1b15ae->82d73395-84ed-4f5d-a3d4-b8dc3778e9c8#121-t2, previous=(t:2, i:20), leaderCommit=16, initializing? false, entries: <empty>
2019-09-16 16:56:09,922 [java.util.concurrent.ThreadPoolExecutor$Worker@24305a62[State = -1, empty queue]] WARN  server.GrpcLogAppender (GrpcLogAppender.java:timeoutAppendRequest(200)) - 84a51469-6089-434c-9409-be6ecd1b15ae@group-96041FA828FE->ff1392d6-f741-46e8-b06b-d99a585290d3-GrpcLogAppender: appendEntries Timeout, request=84a51469-6089-434c-9409-be6ecd1b15ae->ff1392d6-f741-46e8-b06b-d99a585290d3#121-t2, previous=(t:2, i:20), leaderCommit=16, initializing? false, entries: <empty>
2019-09-16 16:56:10,133 [java.util.concurrent.ThreadPoolExecutor$Worker@2f015de0[State = -1, empty queue]] WARN  server.GrpcLogAppender (GrpcLogAppender.java:timeoutAppendRequest(200)) - 3debf489-fb8f-44d7-9f14-87ea2202f1a2@group-A02DD63F7AE6->7977ac3b-0be3-4a37-9fef-39f7814db179-GrpcLogAppender: appendEntries Timeout, request=3debf489-fb8f-44d7-9f14-87ea2202f1a2->7977ac3b-0be3-4a37-9fef-39f7814db179#118-t4, previous=(t:4, i:19), leaderCommit=15, initializing? false, entries: <empty>
2019-09-16 16:56:10,133 [java.util.concurrent.ThreadPoolExecutor$Worker@7d5b61e0[State = -1, empty queue]] WARN  server.GrpcLogAppender (GrpcLogAppender.java:timeoutAppendRequest(200)) - 3debf489-fb8f-44d7-9f14-87ea2202f1a2@group-A02DD63F7AE6->cc439034-f900-459f-93f0-405510d1632e-GrpcLogAppender: appendEntries Timeout, request=3debf489-fb8f-44d7-9f14-87ea2202f1a2->cc439034-f900-459f-93f0-405510d1632e#118-t4, previous=(t:4, i:19), leaderCommit=15, initializing? false, entries: <empty>
2019-09-16 16:56:10,422 [java.util.concurrent.ThreadPoolExecutor$Worker@65ab53cc[State = -1, empty queue]] WARN  server.GrpcLogAppender (GrpcLogAppender.java:timeoutAppendRequest(200)) - 84a51469-6089-434c-9409-be6ecd1b15ae@group-96041FA828FE->82d73395-84ed-4f5d-a3d4-b8dc3778e9c8-GrpcLogAppender: appendEntries Timeout, request=84a51469-6089-434c-9409-be6ecd1b15ae->82d73395-84ed-4f5d-a3d4-b8dc3778e9c8#122-t2, previous=(t:2, i:20), leaderCommit=16, initializing? false, entries: <empty>
2019-09-16 16:56:10,422 [java.util.concurrent.ThreadPoolExecutor$Worker@24305a62[State = -1, empty queue]] WARN  server.GrpcLogAppender (GrpcLogAppender.java:timeoutAppendRequest(200)) - 84a51469-6089-434c-9409-be6ecd1b15ae@group-96041FA828FE->ff1392d6-f741-46e8-b06b-d99a585290d3-GrpcLogAppender: appendEntries Timeout, request=84a51469-6089-434c-9409-be6ecd1b15ae->ff1392d6-f741-46e8-b06b-d99a585290d3#122-t2, previous=(t:2, i:20), leaderCommit=16, initializing? false, entries: <empty>
2019-09-16 16:56:10,634 [java.util.concurrent.ThreadPoolExecutor$Worker@7d5b61e0[State = -1, empty queue]] WARN  server.GrpcLogAppender (GrpcLogAppender.java:timeoutAppendRequest(200)) - 3debf489-fb8f-44d7-9f14-87ea2202f1a2@group-A02DD63F7AE6->cc439034-f900-459f-93f0-405510d1632e-GrpcLogAppender: appendEntries Timeout, request=3debf489-fb8f-44d7-9f14-87ea2202f1a2->cc439034-f900-459f-93f0-405510d1632e#119-t4, previous=(t:4, i:19), leaderCommit=15, initializing? false, entries: <empty>
2019-09-16 16:56:10,634 [java.util.concurrent.ThreadPoolExecutor$Worker@2f015de0[State = -1, empty queue]] WARN  server.GrpcLogAppender (GrpcLogAppender.java:timeoutAppendRequest(200)) - 3debf489-fb8f-44d7-9f14-87ea2202f1a2@group-A02DD63F7AE6->7977ac3b-0be3-4a37-9fef-39f7814db179-GrpcLogAppender: appendEntries Timeout, request=3debf489-fb8f-44d7-9f14-87ea2202f1a2->7977ac3b-0be3-4a37-9fef-39f7814db179#119-t4, previous=(t:4, i:19), leaderCommit=15, initializing? false, entries: <empty>
2019-09-16 16:56:10,923 [java.util.concurrent.ThreadPoolExecutor$Worker@65ab53cc[State = -1, empty queue]] WARN  server.GrpcLogAppender (GrpcLogAppender.java:timeoutAppendRequest(200)) - 84a51469-6089-434c-9409-be6ecd1b15ae@group-96041FA828FE->82d73395-84ed-4f5d-a3d4-b8dc3778e9c8-GrpcLogAppender: appendEntries Timeout, request=84a51469-6089-434c-9409-be6ecd1b15ae->82d73395-84ed-4f5d-a3d4-b8dc3778e9c8#123-t2, previous=(t:2, i:20), leaderCommit=16, initializing? false, entries: <empty>
2019-09-16 16:56:10,923 [java.util.concurrent.ThreadPoolExecutor$Worker@24305a62[State = -1, empty queue]] WARN  server.GrpcLogAppender (GrpcLogAppender.java:timeoutAppendRequest(200)) - 84a51469-6089-434c-9409-be6ecd1b15ae@group-96041FA828FE->ff1392d6-f741-46e8-b06b-d99a585290d3-GrpcLogAppender: appendEntries Timeout, request=84a51469-6089-434c-9409-be6ecd1b15ae->ff1392d6-f741-46e8-b06b-d99a585290d3#123-t2, previous=(t:2, i:20), leaderCommit=16, initializing? false, entries: <empty>
2019-09-16 16:56:11,134 [java.util.concurrent.ThreadPoolExecutor$Worker@7d5b61e0[State = -1, empty queue]] WARN  server.GrpcLogAppender (GrpcLogAppender.java:timeoutAppendRequest(200)) - 3debf489-fb8f-44d7-9f14-87ea2202f1a2@group-A02DD63F7AE6->cc439034-f900-459f-93f0-405510d1632e-GrpcLogAppender: appendEntries Timeout, request=3debf489-fb8f-44d7-9f14-87ea2202f1a2->cc439034-f900-459f-93f0-405510d1632e#120-t4, previous=(t:4, i:19), leaderCommit=15, initializing? false, entries: <empty>
2019-09-16 16:56:11,134 [java.util.concurrent.ThreadPoolExecutor$Worker@2f015de0[State = -1, empty queue]] WARN  server.GrpcLogAppender (GrpcLogAppender.java:timeoutAppendRequest(200)) - 3debf489-fb8f-44d7-9f14-87ea2202f1a2@group-A02DD63F7AE6->7977ac3b-0be3-4a37-9fef-39f7814db179-GrpcLogAppender: appendEntries Timeout, request=3debf489-fb8f-44d7-9f14-87ea2202f1a2->7977ac3b-0be3-4a37-9fef-39f7814db179#120-t4, previous=(t:4, i:19), leaderCommit=15, initializing? false, entries: <empty>
2019-09-16 16:56:11,423 [java.util.concurrent.ThreadPoolExecutor$Worker@65ab53cc[State = -1, empty queue]] WARN  server.GrpcLogAppender (GrpcLogAppender.java:timeoutAppendRequest(200)) - 84a51469-6089-434c-9409-be6ecd1b15ae@group-96041FA828FE->82d73395-84ed-4f5d-a3d4-b8dc3778e9c8-GrpcLogAppender: appendEntries Timeout, request=84a51469-6089-434c-9409-be6ecd1b15ae->82d73395-84ed-4f5d-a3d4-b8dc3778e9c8#124-t2, previous=(t:2, i:20), leaderCommit=16, initializing? false, entries: <empty>
2019-09-16 16:56:11,423 [java.util.concurrent.ThreadPoolExecutor$Worker@24305a62[State = -1, empty queue]] WARN  server.GrpcLogAppender (GrpcLogAppender.java:timeoutAppendRequest(200)) - 84a51469-6089-434c-9409-be6ecd1b15ae@group-96041FA828FE->ff1392d6-f741-46e8-b06b-d99a585290d3-GrpcLogAppender: appendEntries Timeout, request=84a51469-6089-434c-9409-be6ecd1b15ae->ff1392d6-f741-46e8-b06b-d99a585290d3#124-t2, previous=(t:2, i:20), leaderCommit=16, initializing? false, entries: <empty>
2019-09-16 16:56:11,634 [java.util.concurrent.ThreadPoolExecutor$Worker@7d5b61e0[State = -1, empty queue]] WARN  server.GrpcLogAppender (GrpcLogAppender.java:timeoutAppendRequest(200)) - 3debf489-fb8f-44d7-9f14-87ea2202f1a2@group-A02DD63F7AE6->cc439034-f900-459f-93f0-405510d1632e-GrpcLogAppender: appendEntries Timeout, request=3debf489-fb8f-44d7-9f14-87ea2202f1a2->cc439034-f900-459f-93f0-405510d1632e#121-t4, previous=(t:4, i:19), leaderCommit=15, initializing? false, entries: <empty>
2019-09-16 16:56:11,634 [java.util.concurrent.ThreadPoolExecutor$Worker@2f015de0[State = -1, empty queue]] WARN  server.GrpcLogAppender (GrpcLogAppender.java:timeoutAppendRequest(200)) - 3debf489-fb8f-44d7-9f14-87ea2202f1a2@group-A02DD63F7AE6->7977ac3b-0be3-4a37-9fef-39f7814db179-GrpcLogAppender: appendEntries Timeout, request=3debf489-fb8f-44d7-9f14-87ea2202f1a2->7977ac3b-0be3-4a37-9fef-39f7814db179#121-t4, previous=(t:4, i:19), leaderCommit=15, initializing? false, entries: <empty>
2019-09-16 16:56:11,923 [java.util.concurrent.ThreadPoolExecutor$Worker@65ab53cc[State = -1, empty queue]] WARN  server.GrpcLogAppender (GrpcLogAppender.java:timeoutAppendRequest(200)) - 84a51469-6089-434c-9409-be6ecd1b15ae@group-96041FA828FE->82d73395-84ed-4f5d-a3d4-b8dc3778e9c8-GrpcLogAppender: appendEntries Timeout, request=84a51469-6089-434c-9409-be6ecd1b15ae->82d73395-84ed-4f5d-a3d4-b8dc3778e9c8#125-t2, previous=(t:2, i:20), leaderCommit=16, initializing? false, entries: <empty>
2019-09-16 16:56:11,923 [java.util.concurrent.ThreadPoolExecutor$Worker@24305a62[State = -1, empty queue]] WARN  server.GrpcLogAppender (GrpcLogAppender.java:timeoutAppendRequest(200)) - 84a51469-6089-434c-9409-be6ecd1b15ae@group-96041FA828FE->ff1392d6-f741-46e8-b06b-d99a585290d3-GrpcLogAppender: appendEntries Timeout, request=84a51469-6089-434c-9409-be6ecd1b15ae->ff1392d6-f741-46e8-b06b-d99a585290d3#125-t2, previous=(t:2, i:20), leaderCommit=16, initializing? false, entries: <empty>
2019-09-16 16:56:12,134 [java.util.concurrent.ThreadPoolExecutor$Worker@7d5b61e0[State = -1, empty queue]] WARN  server.GrpcLogAppender (GrpcLogAppender.java:timeoutAppendRequest(200)) - 3debf489-fb8f-44d7-9f14-87ea2202f1a2@group-A02DD63F7AE6->cc439034-f900-459f-93f0-405510d1632e-GrpcLogAppender: appendEntries Timeout, request=3debf489-fb8f-44d7-9f14-87ea2202f1a2->cc439034-f900-459f-93f0-405510d1632e#122-t4, previous=(t:4, i:19), leaderCommit=15, initializing? false, entries: <empty>
2019-09-16 16:56:12,134 [java.util.concurrent.ThreadPoolExecutor$Worker@2f015de0[State = -1, empty queue]] WARN  server.GrpcLogAppender (GrpcLogAppender.java:timeoutAppendRequest(200)) - 3debf489-fb8f-44d7-9f14-87ea2202f1a2@group-A02DD63F7AE6->7977ac3b-0be3-4a37-9fef-39f7814db179-GrpcLogAppender: appendEntries Timeout, request=3debf489-fb8f-44d7-9f14-87ea2202f1a2->7977ac3b-0be3-4a37-9fef-39f7814db179#122-t4, previous=(t:4, i:19), leaderCommit=15, initializing? false, entries: <empty>
2019-09-16 16:56:12,426 [java.util.concurrent.ThreadPoolExecutor$Worker@65ab53cc[State = -1, empty queue]] WARN  server.GrpcLogAppender (GrpcLogAppender.java:timeoutAppendRequest(200)) - 84a51469-6089-434c-9409-be6ecd1b15ae@group-96041FA828FE->82d73395-84ed-4f5d-a3d4-b8dc3778e9c8-GrpcLogAppender: appendEntries Timeout, request=84a51469-6089-434c-9409-be6ecd1b15ae->82d73395-84ed-4f5d-a3d4-b8dc3778e9c8#126-t2, previous=(t:2, i:20), leaderCommit=16, initializing? false, entries: <empty>
2019-09-16 16:56:12,426 [java.util.concurrent.ThreadPoolExecutor$Worker@24305a62[State = -1, empty queue]] WARN  server.GrpcLogAppender (GrpcLogAppender.java:timeoutAppendRequest(200)) - 84a51469-6089-434c-9409-be6ecd1b15ae@group-96041FA828FE->ff1392d6-f741-46e8-b06b-d99a585290d3-GrpcLogAppender: appendEntries Timeout, request=84a51469-6089-434c-9409-be6ecd1b15ae->ff1392d6-f741-46e8-b06b-d99a585290d3#126-t2, previous=(t:2, i:20), leaderCommit=16, initializing? false, entries: <empty>
2019-09-16 16:56:12,635 [java.util.concurrent.ThreadPoolExecutor$Worker@7d5b61e0[State = -1, empty queue]] WARN  server.GrpcLogAppender (GrpcLogAppender.java:timeoutAppendRequest(200)) - 3debf489-fb8f-44d7-9f14-87ea2202f1a2@group-A02DD63F7AE6->cc439034-f900-459f-93f0-405510d1632e-GrpcLogAppender: appendEntries Timeout, request=3debf489-fb8f-44d7-9f14-87ea2202f1a2->cc439034-f900-459f-93f0-405510d1632e#123-t4, previous=(t:4, i:19), leaderCommit=15, initializing? false, entries: <empty>
2019-09-16 16:56:12,635 [java.util.concurrent.ThreadPoolExecutor$Worker@2f015de0[State = -1, empty queue]] WARN  server.GrpcLogAppender (GrpcLogAppender.java:timeoutAppendRequest(200)) - 3debf489-fb8f-44d7-9f14-87ea2202f1a2@group-A02DD63F7AE6->7977ac3b-0be3-4a37-9fef-39f7814db179-GrpcLogAppender: appendEntries Timeout, request=3debf489-fb8f-44d7-9f14-87ea2202f1a2->7977ac3b-0be3-4a37-9fef-39f7814db179#123-t4, previous=(t:4, i:19), leaderCommit=15, initializing? false, entries: <empty>
2019-09-16 16:56:12,926 [java.util.concurrent.ThreadPoolExecutor$Worker@24305a62[State = -1, empty queue]] WARN  server.GrpcLogAppender (GrpcLogAppender.java:timeoutAppendRequest(200)) - 84a51469-6089-434c-9409-be6ecd1b15ae@group-96041FA828FE->ff1392d6-f741-46e8-b06b-d99a585290d3-GrpcLogAppender: appendEntries Timeout, request=84a51469-6089-434c-9409-be6ecd1b15ae->ff1392d6-f741-46e8-b06b-d99a585290d3#127-t2, previous=(t:2, i:20), leaderCommit=16, initializing? false, entries: <empty>
2019-09-16 16:56:12,926 [java.util.concurrent.ThreadPoolExecutor$Worker@65ab53cc[State = -1, empty queue]] WARN  server.GrpcLogAppender (GrpcLogAppender.java:timeoutAppendRequest(200)) - 84a51469-6089-434c-9409-be6ecd1b15ae@group-96041FA828FE->82d73395-84ed-4f5d-a3d4-b8dc3778e9c8-GrpcLogAppender: appendEntries Timeout, request=84a51469-6089-434c-9409-be6ecd1b15ae->82d73395-84ed-4f5d-a3d4-b8dc3778e9c8#127-t2, previous=(t:2, i:20), leaderCommit=16, initializing? false, entries: <empty>
2019-09-16 16:56:13,135 [java.util.concurrent.ThreadPoolExecutor$Worker@7d5b61e0[State = -1, empty queue]] WARN  server.GrpcLogAppender (GrpcLogAppender.java:timeoutAppendRequest(200)) - 3debf489-fb8f-44d7-9f14-87ea2202f1a2@group-A02DD63F7AE6->cc439034-f900-459f-93f0-405510d1632e-GrpcLogAppender: appendEntries Timeout, request=3debf489-fb8f-44d7-9f14-87ea2202f1a2->cc439034-f900-459f-93f0-405510d1632e#124-t4, previous=(t:4, i:19), leaderCommit=15, initializing? false, entries: <empty>
2019-09-16 16:56:13,135 [java.util.concurrent.ThreadPoolExecutor$Worker@2f015de0[State = -1, empty queue]] WARN  server.GrpcLogAppender (GrpcLogAppender.java:timeoutAppendRequest(200)) - 3debf489-fb8f-44d7-9f14-87ea2202f1a2@group-A02DD63F7AE6->7977ac3b-0be3-4a37-9fef-39f7814db179-GrpcLogAppender: appendEntries Timeout, request=3debf489-fb8f-44d7-9f14-87ea2202f1a2->7977ac3b-0be3-4a37-9fef-39f7814db179#124-t4, previous=(t:4, i:19), leaderCommit=15, initializing? false, entries: <empty>
2019-09-16 16:56:13,429 [java.util.concurrent.ThreadPoolExecutor$Worker@24305a62[State = -1, empty queue]] WARN  server.GrpcLogAppender (GrpcLogAppender.java:timeoutAppendRequest(200)) - 84a51469-6089-434c-9409-be6ecd1b15ae@group-96041FA828FE->ff1392d6-f741-46e8-b06b-d99a585290d3-GrpcLogAppender: appendEntries Timeout, request=84a51469-6089-434c-9409-be6ecd1b15ae->ff1392d6-f741-46e8-b06b-d99a585290d3#128-t2, previous=(t:2, i:20), leaderCommit=16, initializing? false, entries: <empty>
2019-09-16 16:56:13,429 [java.util.concurrent.ThreadPoolExecutor$Worker@65ab53cc[State = -1, empty queue]] WARN  server.GrpcLogAppender (GrpcLogAppender.java:timeoutAppendRequest(200)) - 84a51469-6089-434c-9409-be6ecd1b15ae@group-96041FA828FE->82d73395-84ed-4f5d-a3d4-b8dc3778e9c8-GrpcLogAppender: appendEntries Timeout, request=84a51469-6089-434c-9409-be6ecd1b15ae->82d73395-84ed-4f5d-a3d4-b8dc3778e9c8#128-t2, previous=(t:2, i:20), leaderCommit=16, initializing? false, entries: <empty>
2019-09-16 16:56:13,635 [java.util.concurrent.ThreadPoolExecutor$Worker@7d5b61e0[State = -1, empty queue]] WARN  server.GrpcLogAppender (GrpcLogAppender.java:timeoutAppendRequest(200)) - 3debf489-fb8f-44d7-9f14-87ea2202f1a2@group-A02DD63F7AE6->cc439034-f900-459f-93f0-405510d1632e-GrpcLogAppender: appendEntries Timeout, request=3debf489-fb8f-44d7-9f14-87ea2202f1a2->cc439034-f900-459f-93f0-405510d1632e#125-t4, previous=(t:4, i:19), leaderCommit=15, initializing? false, entries: <empty>
2019-09-16 16:56:13,635 [java.util.concurrent.ThreadPoolExecutor$Worker@2f015de0[State = -1, empty queue]] WARN  server.GrpcLogAppender (GrpcLogAppender.java:timeoutAppendRequest(200)) - 3debf489-fb8f-44d7-9f14-87ea2202f1a2@group-A02DD63F7AE6->7977ac3b-0be3-4a37-9fef-39f7814db179-GrpcLogAppender: appendEntries Timeout, request=3debf489-fb8f-44d7-9f14-87ea2202f1a2->7977ac3b-0be3-4a37-9fef-39f7814db179#125-t4, previous=(t:4, i:19), leaderCommit=15, initializing? false, entries: <empty>
2019-09-16 16:56:13,930 [java.util.concurrent.ThreadPoolExecutor$Worker@24305a62[State = -1, empty queue]] WARN  server.GrpcLogAppender (GrpcLogAppender.java:timeoutAppendRequest(200)) - 84a51469-6089-434c-9409-be6ecd1b15ae@group-96041FA828FE->ff1392d6-f741-46e8-b06b-d99a585290d3-GrpcLogAppender: appendEntries Timeout, request=84a51469-6089-434c-9409-be6ecd1b15ae->ff1392d6-f741-46e8-b06b-d99a585290d3#129-t2, previous=(t:2, i:20), leaderCommit=16, initializing? false, entries: <empty>
2019-09-16 16:56:13,930 [java.util.concurrent.ThreadPoolExecutor$Worker@65ab53cc[State = -1, empty queue]] WARN  server.GrpcLogAppender (GrpcLogAppender.java:timeoutAppendRequest(200)) - 84a51469-6089-434c-9409-be6ecd1b15ae@group-96041FA828FE->82d73395-84ed-4f5d-a3d4-b8dc3778e9c8-GrpcLogAppender: appendEntries Timeout, request=84a51469-6089-434c-9409-be6ecd1b15ae->82d73395-84ed-4f5d-a3d4-b8dc3778e9c8#129-t2, previous=(t:2, i:20), leaderCommit=16, initializing? false, entries: <empty>
2019-09-16 16:56:14,135 [java.util.concurrent.ThreadPoolExecutor$Worker@2f015de0[State = -1, empty queue]] WARN  server.GrpcLogAppender (GrpcLogAppender.java:timeoutAppendRequest(200)) - 3debf489-fb8f-44d7-9f14-87ea2202f1a2@group-A02DD63F7AE6->7977ac3b-0be3-4a37-9fef-39f7814db179-GrpcLogAppender: appendEntries Timeout, request=3debf489-fb8f-44d7-9f14-87ea2202f1a2->7977ac3b-0be3-4a37-9fef-39f7814db179#126-t4, previous=(t:4, i:19), leaderCommit=15, initializing? false, entries: <empty>
2019-09-16 16:56:14,135 [java.util.concurrent.ThreadPoolExecutor$Worker@7d5b61e0[State = -1, empty queue]] WARN  server.GrpcLogAppender (GrpcLogAppender.java:timeoutAppendRequest(200)) - 3debf489-fb8f-44d7-9f14-87ea2202f1a2@group-A02DD63F7AE6->cc439034-f900-459f-93f0-405510d1632e-GrpcLogAppender: appendEntries Timeout, request=3debf489-fb8f-44d7-9f14-87ea2202f1a2->cc439034-f900-459f-93f0-405510d1632e#126-t4, previous=(t:4, i:19), leaderCommit=15, initializing? false, entries: <empty>
2019-09-16 16:56:14,277 [grpc-default-executor-3] INFO  client.GrpcClientProtocolClient (GrpcClientProtocolClient.java:onNext(264)) - client-1BF3ADFC909D->cc439034-f900-459f-93f0-405510d1632e: receive RaftClientReply:client-1BF3ADFC909D->cc439034-f900-459f-93f0-405510d1632e@group-A02DD63F7AE6, cid=56, FAILED org.apache.ratis.protocol.NotLeaderException: Server cc439034-f900-459f-93f0-405510d1632e@group-A02DD63F7AE6 is not the leader 3debf489-fb8f-44d7-9f14-87ea2202f1a2:192.168.34.37:46057, logIndex=0, commits[cc439034-f900-459f-93f0-405510d1632e:c15, 7977ac3b-0be3-4a37-9fef-39f7814db179:c13, 3debf489-fb8f-44d7-9f14-87ea2202f1a2:c15]
2019-09-16 16:56:14,432 [java.util.concurrent.ThreadPoolExecutor$Worker@24305a62[State = -1, empty queue]] WARN  server.GrpcLogAppender (GrpcLogAppender.java:timeoutAppendRequest(200)) - 84a51469-6089-434c-9409-be6ecd1b15ae@group-96041FA828FE->ff1392d6-f741-46e8-b06b-d99a585290d3-GrpcLogAppender: appendEntries Timeout, request=84a51469-6089-434c-9409-be6ecd1b15ae->ff1392d6-f741-46e8-b06b-d99a585290d3#130-t2, previous=(t:2, i:20), leaderCommit=16, initializing? false, entries: <empty>
2019-09-16 16:56:14,432 [java.util.concurrent.ThreadPoolExecutor$Worker@65ab53cc[State = -1, empty queue]] WARN  server.GrpcLogAppender (GrpcLogAppender.java:timeoutAppendRequest(200)) - 84a51469-6089-434c-9409-be6ecd1b15ae@group-96041FA828FE->82d73395-84ed-4f5d-a3d4-b8dc3778e9c8-GrpcLogAppender: appendEntries Timeout, request=84a51469-6089-434c-9409-be6ecd1b15ae->82d73395-84ed-4f5d-a3d4-b8dc3778e9c8#130-t2, previous=(t:2, i:20), leaderCommit=16, initializing? false, entries: <empty>
2019-09-16 16:56:14,636 [java.util.concurrent.ThreadPoolExecutor$Worker@7d5b61e0[State = -1, empty queue]] WARN  server.GrpcLogAppender (GrpcLogAppender.java:timeoutAppendRequest(200)) - 3debf489-fb8f-44d7-9f14-87ea2202f1a2@group-A02DD63F7AE6->cc439034-f900-459f-93f0-405510d1632e-GrpcLogAppender: appendEntries Timeout, request=3debf489-fb8f-44d7-9f14-87ea2202f1a2->cc439034-f900-459f-93f0-405510d1632e#127-t4, previous=(t:4, i:19), leaderCommit=15, initializing? false, entries: <empty>
2019-09-16 16:56:14,636 [java.util.concurrent.ThreadPoolExecutor$Worker@2f015de0[State = -1, empty queue]] WARN  server.GrpcLogAppender (GrpcLogAppender.java:timeoutAppendRequest(200)) - 3debf489-fb8f-44d7-9f14-87ea2202f1a2@group-A02DD63F7AE6->7977ac3b-0be3-4a37-9fef-39f7814db179-GrpcLogAppender: appendEntries Timeout, request=3debf489-fb8f-44d7-9f14-87ea2202f1a2->7977ac3b-0be3-4a37-9fef-39f7814db179#127-t4, previous=(t:4, i:19), leaderCommit=15, initializing? false, entries: <empty>
2019-09-16 16:56:14,932 [java.util.concurrent.ThreadPoolExecutor$Worker@24305a62[State = -1, empty queue]] WARN  server.GrpcLogAppender (GrpcLogAppender.java:timeoutAppendRequest(200)) - 84a51469-6089-434c-9409-be6ecd1b15ae@group-96041FA828FE->ff1392d6-f741-46e8-b06b-d99a585290d3-GrpcLogAppender: appendEntries Timeout, request=84a51469-6089-434c-9409-be6ecd1b15ae->ff1392d6-f741-46e8-b06b-d99a585290d3#131-t2, previous=(t:2, i:20), leaderCommit=16, initializing? false, entries: <empty>
2019-09-16 16:56:14,932 [java.util.concurrent.ThreadPoolExecutor$Worker@65ab53cc[State = -1, empty queue]] WARN  server.GrpcLogAppender (GrpcLogAppender.java:timeoutAppendRequest(200)) - 84a51469-6089-434c-9409-be6ecd1b15ae@group-96041FA828FE->82d73395-84ed-4f5d-a3d4-b8dc3778e9c8-GrpcLogAppender: appendEntries Timeout, request=84a51469-6089-434c-9409-be6ecd1b15ae->82d73395-84ed-4f5d-a3d4-b8dc3778e9c8#131-t2, previous=(t:2, i:20), leaderCommit=16, initializing? false, entries: <empty>
2019-09-16 16:56:15,136 [java.util.concurrent.ThreadPoolExecutor$Worker@7d5b61e0[State = -1, empty queue]] WARN  server.GrpcLogAppender (GrpcLogAppender.java:timeoutAppendRequest(200)) - 3debf489-fb8f-44d7-9f14-87ea2202f1a2@group-A02DD63F7AE6->cc439034-f900-459f-93f0-405510d1632e-GrpcLogAppender: appendEntries Timeout, request=3debf489-fb8f-44d7-9f14-87ea2202f1a2->cc439034-f900-459f-93f0-405510d1632e#128-t4, previous=(t:4, i:19), leaderCommit=15, initializing? false, entries: <empty>
2019-09-16 16:56:15,136 [java.util.concurrent.ThreadPoolExecutor$Worker@2f015de0[State = -1, empty queue]] WARN  server.GrpcLogAppender (GrpcLogAppender.java:timeoutAppendRequest(200)) - 3debf489-fb8f-44d7-9f14-87ea2202f1a2@group-A02DD63F7AE6->7977ac3b-0be3-4a37-9fef-39f7814db179-GrpcLogAppender: appendEntries Timeout, request=3debf489-fb8f-44d7-9f14-87ea2202f1a2->7977ac3b-0be3-4a37-9fef-39f7814db179#128-t4, previous=(t:4, i:19), leaderCommit=15, initializing? false, entries: <empty>
2019-09-16 16:56:15,373 [84a51469-6089-434c-9409-be6ecd1b15ae@group-96041FA828FE-SegmentedRaftLogWorker] WARN  segmented.SegmentedRaftLogWorker (SegmentedRaftLogWorker.java:getFromFuture(90)) - Timeout 3/~
org.apache.ratis.protocol.TimeoutIOException: Timeout 10s: WriteLog:17: (t:2, i:17), STATEMACHINELOGENTRY, client-B39EF5C42450, cid=43-writeStateMachineData
	at org.apache.ratis.util.IOUtils.getFromFuture(IOUtils.java:87)
	at org.apache.ratis.server.raftlog.segmented.SegmentedRaftLogWorker$StateMachineDataPolicy.getFromFuture(SegmentedRaftLogWorker.java:87)
	at org.apache.ratis.server.raftlog.segmented.SegmentedRaftLogWorker$WriteLog.execute(SegmentedRaftLogWorker.java:477)
	at org.apache.ratis.server.raftlog.segmented.SegmentedRaftLogWorker.run(SegmentedRaftLogWorker.java:289)
	at java.lang.Thread.run(Thread.java:748)
Caused by: java.util.concurrent.TimeoutException
	at java.util.concurrent.CompletableFuture.timedGet(CompletableFuture.java:1771)
	at java.util.concurrent.CompletableFuture.get(CompletableFuture.java:1915)
	at org.apache.ratis.util.IOUtils.getFromFuture(IOUtils.java:79)
	... 4 more
2019-09-16 16:56:15,394 [82d73395-84ed-4f5d-a3d4-b8dc3778e9c8@group-96041FA828FE-SegmentedRaftLogWorker] WARN  segmented.SegmentedRaftLogWorker (SegmentedRaftLogWorker.java:getFromFuture(90)) - Timeout 3/~
org.apache.ratis.protocol.TimeoutIOException: Timeout 10s: WriteLog:17: (t:2, i:17), STATEMACHINELOGENTRY, client-B39EF5C42450, cid=43-writeStateMachineData
	at org.apache.ratis.util.IOUtils.getFromFuture(IOUtils.java:87)
	at org.apache.ratis.server.raftlog.segmented.SegmentedRaftLogWorker$StateMachineDataPolicy.getFromFuture(SegmentedRaftLogWorker.java:87)
	at org.apache.ratis.server.raftlog.segmented.SegmentedRaftLogWorker$WriteLog.execute(SegmentedRaftLogWorker.java:477)
	at org.apache.ratis.server.raftlog.segmented.SegmentedRaftLogWorker.run(SegmentedRaftLogWorker.java:289)
	at java.lang.Thread.run(Thread.java:748)
Caused by: java.util.concurrent.TimeoutException
	at java.util.concurrent.CompletableFuture.timedGet(CompletableFuture.java:1771)
	at java.util.concurrent.CompletableFuture.get(CompletableFuture.java:1915)
	at org.apache.ratis.util.IOUtils.getFromFuture(IOUtils.java:79)
	... 4 more
2019-09-16 16:56:15,432 [java.util.concurrent.ThreadPoolExecutor$Worker@24305a62[State = -1, empty queue]] WARN  server.GrpcLogAppender (GrpcLogAppender.java:timeoutAppendRequest(200)) - 84a51469-6089-434c-9409-be6ecd1b15ae@group-96041FA828FE->ff1392d6-f741-46e8-b06b-d99a585290d3-GrpcLogAppender: appendEntries Timeout, request=84a51469-6089-434c-9409-be6ecd1b15ae->ff1392d6-f741-46e8-b06b-d99a585290d3#132-t2, previous=(t:2, i:20), leaderCommit=16, initializing? false, entries: <empty>
2019-09-16 16:56:15,432 [java.util.concurrent.ThreadPoolExecutor$Worker@65ab53cc[State = -1, empty queue]] WARN  server.GrpcLogAppender (GrpcLogAppender.java:timeoutAppendRequest(200)) - 84a51469-6089-434c-9409-be6ecd1b15ae@group-96041FA828FE->82d73395-84ed-4f5d-a3d4-b8dc3778e9c8-GrpcLogAppender: appendEntries Timeout, request=84a51469-6089-434c-9409-be6ecd1b15ae->82d73395-84ed-4f5d-a3d4-b8dc3778e9c8#132-t2, previous=(t:2, i:20), leaderCommit=16, initializing? false, entries: <empty>
2019-09-16 16:56:15,474 [ff1392d6-f741-46e8-b06b-d99a585290d3@group-96041FA828FE-SegmentedRaftLogWorker] WARN  segmented.SegmentedRaftLogWorker (SegmentedRaftLogWorker.java:getFromFuture(90)) - Timeout 3/~
org.apache.ratis.protocol.TimeoutIOException: Timeout 10s: WriteLog:19: (t:2, i:19), STATEMACHINELOGENTRY, client-B39EF5C42450, cid=45-writeStateMachineData
	at org.apache.ratis.util.IOUtils.getFromFuture(IOUtils.java:87)
	at org.apache.ratis.server.raftlog.segmented.SegmentedRaftLogWorker$StateMachineDataPolicy.getFromFuture(SegmentedRaftLogWorker.java:87)
	at org.apache.ratis.server.raftlog.segmented.SegmentedRaftLogWorker$WriteLog.execute(SegmentedRaftLogWorker.java:477)
	at org.apache.ratis.server.raftlog.segmented.SegmentedRaftLogWorker.run(SegmentedRaftLogWorker.java:289)
	at java.lang.Thread.run(Thread.java:748)
Caused by: java.util.concurrent.TimeoutException
	at java.util.concurrent.CompletableFuture.timedGet(CompletableFuture.java:1771)
	at java.util.concurrent.CompletableFuture.get(CompletableFuture.java:1915)
	at org.apache.ratis.util.IOUtils.getFromFuture(IOUtils.java:79)
	... 4 more
2019-09-16 16:56:15,637 [java.util.concurrent.ThreadPoolExecutor$Worker@7d5b61e0[State = -1, empty queue]] WARN  server.GrpcLogAppender (GrpcLogAppender.java:timeoutAppendRequest(200)) - 3debf489-fb8f-44d7-9f14-87ea2202f1a2@group-A02DD63F7AE6->cc439034-f900-459f-93f0-405510d1632e-GrpcLogAppender: appendEntries Timeout, request=3debf489-fb8f-44d7-9f14-87ea2202f1a2->cc439034-f900-459f-93f0-405510d1632e#129-t4, previous=(t:4, i:19), leaderCommit=15, initializing? false, entries: <empty>
2019-09-16 16:56:15,637 [java.util.concurrent.ThreadPoolExecutor$Worker@2f015de0[State = -1, empty queue]] WARN  server.GrpcLogAppender (GrpcLogAppender.java:timeoutAppendRequest(200)) - 3debf489-fb8f-44d7-9f14-87ea2202f1a2@group-A02DD63F7AE6->7977ac3b-0be3-4a37-9fef-39f7814db179-GrpcLogAppender: appendEntries Timeout, request=3debf489-fb8f-44d7-9f14-87ea2202f1a2->7977ac3b-0be3-4a37-9fef-39f7814db179#129-t4, previous=(t:4, i:19), leaderCommit=15, initializing? false, entries: <empty>
2019-09-16 16:56:15,932 [java.util.concurrent.ThreadPoolExecutor$Worker@24305a62[State = -1, empty queue]] WARN  server.GrpcLogAppender (GrpcLogAppender.java:timeoutAppendRequest(200)) - 84a51469-6089-434c-9409-be6ecd1b15ae@group-96041FA828FE->ff1392d6-f741-46e8-b06b-d99a585290d3-GrpcLogAppender: appendEntries Timeout, request=84a51469-6089-434c-9409-be6ecd1b15ae->ff1392d6-f741-46e8-b06b-d99a585290d3#133-t2, previous=(t:2, i:20), leaderCommit=16, initializing? false, entries: <empty>
2019-09-16 16:56:15,932 [java.util.concurrent.ThreadPoolExecutor$Worker@65ab53cc[State = -1, empty queue]] WARN  server.GrpcLogAppender (GrpcLogAppender.java:timeoutAppendRequest(200)) - 84a51469-6089-434c-9409-be6ecd1b15ae@group-96041FA828FE->82d73395-84ed-4f5d-a3d4-b8dc3778e9c8-GrpcLogAppender: appendEntries Timeout, request=84a51469-6089-434c-9409-be6ecd1b15ae->82d73395-84ed-4f5d-a3d4-b8dc3778e9c8#133-t2, previous=(t:2, i:20), leaderCommit=16, initializing? false, entries: <empty>
2019-09-16 16:56:16,137 [java.util.concurrent.ThreadPoolExecutor$Worker@7d5b61e0[State = -1, empty queue]] WARN  server.GrpcLogAppender (GrpcLogAppender.java:timeoutAppendRequest(200)) - 3debf489-fb8f-44d7-9f14-87ea2202f1a2@group-A02DD63F7AE6->cc439034-f900-459f-93f0-405510d1632e-GrpcLogAppender: appendEntries Timeout, request=3debf489-fb8f-44d7-9f14-87ea2202f1a2->cc439034-f900-459f-93f0-405510d1632e#130-t4, previous=(t:4, i:19), leaderCommit=15, initializing? false, entries: <empty>
2019-09-16 16:56:16,137 [java.util.concurrent.ThreadPoolExecutor$Worker@2f015de0[State = -1, empty queue]] WARN  server.GrpcLogAppender (GrpcLogAppender.java:timeoutAppendRequest(200)) - 3debf489-fb8f-44d7-9f14-87ea2202f1a2@group-A02DD63F7AE6->7977ac3b-0be3-4a37-9fef-39f7814db179-GrpcLogAppender: appendEntries Timeout, request=3debf489-fb8f-44d7-9f14-87ea2202f1a2->7977ac3b-0be3-4a37-9fef-39f7814db179#130-t4, previous=(t:4, i:19), leaderCommit=15, initializing? false, entries: <empty>
2019-09-16 16:56:16,433 [java.util.concurrent.ThreadPoolExecutor$Worker@24305a62[State = -1, empty queue]] WARN  server.GrpcLogAppender (GrpcLogAppender.java:timeoutAppendRequest(200)) - 84a51469-6089-434c-9409-be6ecd1b15ae@group-96041FA828FE->ff1392d6-f741-46e8-b06b-d99a585290d3-GrpcLogAppender: appendEntries Timeout, request=84a51469-6089-434c-9409-be6ecd1b15ae->ff1392d6-f741-46e8-b06b-d99a585290d3#134-t2, previous=(t:2, i:20), leaderCommit=16, initializing? false, entries: <empty>
2019-09-16 16:56:16,433 [java.util.concurrent.ThreadPoolExecutor$Worker@65ab53cc[State = -1, empty queue]] WARN  server.GrpcLogAppender (GrpcLogAppender.java:timeoutAppendRequest(200)) - 84a51469-6089-434c-9409-be6ecd1b15ae@group-96041FA828FE->82d73395-84ed-4f5d-a3d4-b8dc3778e9c8-GrpcLogAppender: appendEntries Timeout, request=84a51469-6089-434c-9409-be6ecd1b15ae->82d73395-84ed-4f5d-a3d4-b8dc3778e9c8#134-t2, previous=(t:2, i:20), leaderCommit=16, initializing? false, entries: <empty>
2019-09-16 16:56:16,637 [java.util.concurrent.ThreadPoolExecutor$Worker@7d5b61e0[State = -1, empty queue]] WARN  server.GrpcLogAppender (GrpcLogAppender.java:timeoutAppendRequest(200)) - 3debf489-fb8f-44d7-9f14-87ea2202f1a2@group-A02DD63F7AE6->cc439034-f900-459f-93f0-405510d1632e-GrpcLogAppender: appendEntries Timeout, request=3debf489-fb8f-44d7-9f14-87ea2202f1a2->cc439034-f900-459f-93f0-405510d1632e#131-t4, previous=(t:4, i:19), leaderCommit=15, initializing? false, entries: <empty>
2019-09-16 16:56:16,637 [java.util.concurrent.ThreadPoolExecutor$Worker@2f015de0[State = -1, empty queue]] WARN  server.GrpcLogAppender (GrpcLogAppender.java:timeoutAppendRequest(200)) - 3debf489-fb8f-44d7-9f14-87ea2202f1a2@group-A02DD63F7AE6->7977ac3b-0be3-4a37-9fef-39f7814db179-GrpcLogAppender: appendEntries Timeout, request=3debf489-fb8f-44d7-9f14-87ea2202f1a2->7977ac3b-0be3-4a37-9fef-39f7814db179#131-t4, previous=(t:4, i:19), leaderCommit=15, initializing? false, entries: <empty>
2019-09-16 16:56:16,867 [c232c0ff-9192-4b00-ad60-76b55f03f95e@group-A91BA5A7B369-SegmentedRaftLogWorker] WARN  segmented.SegmentedRaftLogWorker (SegmentedRaftLogWorker.java:getFromFuture(90)) - Timeout 5/~
org.apache.ratis.protocol.TimeoutIOException: Timeout 10s: WriteLog:19: (t:2, i:19), STATEMACHINELOGENTRY, client-59284F2D283B, cid=31-writeStateMachineData
	at org.apache.ratis.util.IOUtils.getFromFuture(IOUtils.java:87)
	at org.apache.ratis.server.raftlog.segmented.SegmentedRaftLogWorker$StateMachineDataPolicy.getFromFuture(SegmentedRaftLogWorker.java:87)
	at org.apache.ratis.server.raftlog.segmented.SegmentedRaftLogWorker$WriteLog.execute(SegmentedRaftLogWorker.java:477)
	at org.apache.ratis.server.raftlog.segmented.SegmentedRaftLogWorker.run(SegmentedRaftLogWorker.java:289)
	at java.lang.Thread.run(Thread.java:748)
Caused by: java.util.concurrent.TimeoutException
	at java.util.concurrent.CompletableFuture.timedGet(CompletableFuture.java:1771)
	at java.util.concurrent.CompletableFuture.get(CompletableFuture.java:1915)
	at org.apache.ratis.util.IOUtils.getFromFuture(IOUtils.java:79)
	... 4 more
2019-09-16 16:56:16,895 [315b4b00-5c1a-4cba-b27d-9eac94437c20@group-A91BA5A7B369-SegmentedRaftLogWorker] WARN  segmented.SegmentedRaftLogWorker (SegmentedRaftLogWorker.java:getFromFuture(90)) - Timeout 5/~
org.apache.ratis.protocol.TimeoutIOException: Timeout 10s: WriteLog:19: (t:2, i:19), STATEMACHINELOGENTRY, client-59284F2D283B, cid=31-writeStateMachineData
	at org.apache.ratis.util.IOUtils.getFromFuture(IOUtils.java:87)
	at org.apache.ratis.server.raftlog.segmented.SegmentedRaftLogWorker$StateMachineDataPolicy.getFromFuture(SegmentedRaftLogWorker.java:87)
	at org.apache.ratis.server.raftlog.segmented.SegmentedRaftLogWorker$WriteLog.execute(SegmentedRaftLogWorker.java:477)
	at org.apache.ratis.server.raftlog.segmented.SegmentedRaftLogWorker.run(SegmentedRaftLogWorker.java:289)
	at java.lang.Thread.run(Thread.java:748)
Caused by: java.util.concurrent.TimeoutException
	at java.util.concurrent.CompletableFuture.timedGet(CompletableFuture.java:1771)
	at java.util.concurrent.CompletableFuture.get(CompletableFuture.java:1915)
	at org.apache.ratis.util.IOUtils.getFromFuture(IOUtils.java:79)
	... 4 more
2019-09-16 16:56:16,933 [java.util.concurrent.ThreadPoolExecutor$Worker@65ab53cc[State = -1, empty queue]] WARN  server.GrpcLogAppender (GrpcLogAppender.java:timeoutAppendRequest(200)) - 84a51469-6089-434c-9409-be6ecd1b15ae@group-96041FA828FE->82d73395-84ed-4f5d-a3d4-b8dc3778e9c8-GrpcLogAppender: appendEntries Timeout, request=84a51469-6089-434c-9409-be6ecd1b15ae->82d73395-84ed-4f5d-a3d4-b8dc3778e9c8#135-t2, previous=(t:2, i:20), leaderCommit=16, initializing? false, entries: <empty>
2019-09-16 16:56:16,933 [java.util.concurrent.ThreadPoolExecutor$Worker@24305a62[State = -1, empty queue]] WARN  server.GrpcLogAppender (GrpcLogAppender.java:timeoutAppendRequest(200)) - 84a51469-6089-434c-9409-be6ecd1b15ae@group-96041FA828FE->ff1392d6-f741-46e8-b06b-d99a585290d3-GrpcLogAppender: appendEntries Timeout, request=84a51469-6089-434c-9409-be6ecd1b15ae->ff1392d6-f741-46e8-b06b-d99a585290d3#135-t2, previous=(t:2, i:20), leaderCommit=16, initializing? false, entries: <empty>
2019-09-16 16:56:17,137 [java.util.concurrent.ThreadPoolExecutor$Worker@2f015de0[State = -1, empty queue]] WARN  server.GrpcLogAppender (GrpcLogAppender.java:timeoutAppendRequest(200)) - 3debf489-fb8f-44d7-9f14-87ea2202f1a2@group-A02DD63F7AE6->7977ac3b-0be3-4a37-9fef-39f7814db179-GrpcLogAppender: appendEntries Timeout, request=3debf489-fb8f-44d7-9f14-87ea2202f1a2->7977ac3b-0be3-4a37-9fef-39f7814db179#132-t4, previous=(t:4, i:19), leaderCommit=15, initializing? false, entries: <empty>
2019-09-16 16:56:17,137 [java.util.concurrent.ThreadPoolExecutor$Worker@7d5b61e0[State = -1, empty queue]] WARN  server.GrpcLogAppender (GrpcLogAppender.java:timeoutAppendRequest(200)) - 3debf489-fb8f-44d7-9f14-87ea2202f1a2@group-A02DD63F7AE6->cc439034-f900-459f-93f0-405510d1632e-GrpcLogAppender: appendEntries Timeout, request=3debf489-fb8f-44d7-9f14-87ea2202f1a2->cc439034-f900-459f-93f0-405510d1632e#132-t4, previous=(t:4, i:19), leaderCommit=15, initializing? false, entries: <empty>
2019-09-16 16:56:17,303 [main] WARN  io.KeyOutputStream (KeyOutputStream.java:handleException(276)) - Encountered exception java.io.IOException: Unexpected Storage Container Exception: java.util.concurrent.CompletionException: java.util.concurrent.CompletionException: org.apache.ratis.protocol.RaftRetryFailureException: Failed RaftClientRequest:client-1BF3ADFC909D->3debf489-fb8f-44d7-9f14-87ea2202f1a2@group-A02DD63F7AE6, cid=56, seq=9*, RW, org.apache.hadoop.hdds.scm.XceiverClientRatis$$Lambda$448/787298292@ff083f6 for 10 attempts with RetryLimited(maxAttempts=10, sleepTime=1000ms) on the pipeline Pipeline[ Id: cfc93d4e-2a62-452a-b3f1-a02dd63f7ae6, Nodes: cc439034-f900-459f-93f0-405510d1632e{ip: 192.168.34.37, host: pr-hdds-1879-plksr-2441821890, networkLocation: /default-rack, certSerialId: null}3debf489-fb8f-44d7-9f14-87ea2202f1a2{ip: 192.168.34.37, host: pr-hdds-1879-plksr-2441821890, networkLocation: /default-rack, certSerialId: null}7977ac3b-0be3-4a37-9fef-39f7814db179{ip: 192.168.34.37, host: pr-hdds-1879-plksr-2441821890, networkLocation: /default-rack, certSerialId: null}, Type:RATIS, Factor:THREE, State:OPEN]. The last committed block length is 0, uncommitted data length is 2097152 retry count 0
2019-09-16 16:56:17,340 [IPC Server handler 1 on 42168] WARN  block.BlockManagerImpl (BlockManagerImpl.java:allocateBlock(192)) - Pipeline creation failed for type:RATIS factor:THREE. Retrying get pipelines call once.
org.apache.hadoop.hdds.scm.pipeline.InsufficientDatanodesException: Cannot create pipeline of factor 3 using 1 nodes.
	at org.apache.hadoop.hdds.scm.pipeline.RatisPipelineProvider.create(RatisPipelineProvider.java:152)
	at org.apache.hadoop.hdds.scm.pipeline.PipelineFactory.create(PipelineFactory.java:57)
	at org.apache.hadoop.hdds.scm.pipeline.SCMPipelineManager.createPipeline(SCMPipelineManager.java:151)
	at org.apache.hadoop.hdds.scm.block.BlockManagerImpl.allocateBlock(BlockManagerImpl.java:190)
	at org.apache.hadoop.hdds.scm.server.SCMBlockProtocolServer.allocateBlock(SCMBlockProtocolServer.java:182)
	at org.apache.hadoop.ozone.protocolPB.ScmBlockLocationProtocolServerSideTranslatorPB.allocateScmBlock(ScmBlockLocationProtocolServerSideTranslatorPB.java:183)
	at org.apache.hadoop.ozone.protocolPB.ScmBlockLocationProtocolServerSideTranslatorPB.processMessage(ScmBlockLocationProtocolServerSideTranslatorPB.java:141)
	at org.apache.hadoop.ozone.protocolPB.ScmBlockLocationProtocolServerSideTranslatorPB.send(ScmBlockLocationProtocolServerSideTranslatorPB.java:116)
	at org.apache.hadoop.hdds.protocol.proto.ScmBlockLocationProtocolProtos$ScmBlockLocationProtocolService$2.callBlockingMethod(ScmBlockLocationProtocolProtos.java:13157)
	at org.apache.hadoop.ipc.ProtobufRpcEngine$Server$ProtoBufRpcInvoker.call(ProtobufRpcEngine.java:524)
	at org.apache.hadoop.ipc.RPC$Server.call(RPC.java:1025)
	at org.apache.hadoop.ipc.Server$RpcCall.run(Server.java:876)
	at org.apache.hadoop.ipc.Server$RpcCall.run(Server.java:822)
	at java.security.AccessController.doPrivileged(Native Method)
	at javax.security.auth.Subject.doAs(Subject.java:422)
	at org.apache.hadoop.security.UserGroupInformation.doAs(UserGroupInformation.java:1730)
	at org.apache.hadoop.ipc.Server$Handler.run(Server.java:2682)
2019-09-16 16:56:17,342 [IPC Server handler 1 on 42168] INFO  block.BlockManagerImpl (BlockManagerImpl.java:allocateBlock(198)) - Could not find available pipeline of type:RATIS and factor:THREE even after retrying
2019-09-16 16:56:17,342 [IPC Server handler 1 on 42168] ERROR block.BlockManagerImpl (BlockManagerImpl.java:allocateBlock(222)) - Unable to allocate a block for the size: 4194304, type: RATIS, factor: THREE
2019-09-16 16:56:17,346 [main] ERROR io.BlockOutputStreamEntryPool (BlockOutputStreamEntryPool.java:allocateBlockIfNeeded(299)) - Try to allocate more blocks for write failed, already allocated 0 blocks for this write.
INTERNAL_ERROR org.apache.hadoop.ozone.om.exceptions.OMException: Allocated 0 blocks. Requested 1 blocks
	at org.apache.hadoop.ozone.om.protocolPB.OzoneManagerProtocolClientSideTranslatorPB.handleError(OzoneManagerProtocolClientSideTranslatorPB.java:725)
	at org.apache.hadoop.ozone.om.protocolPB.OzoneManagerProtocolClientSideTranslatorPB.allocateBlock(OzoneManagerProtocolClientSideTranslatorPB.java:757)
	at org.apache.hadoop.ozone.client.io.BlockOutputStreamEntryPool.allocateNewBlock(BlockOutputStreamEntryPool.java:248)
	at org.apache.hadoop.ozone.client.io.BlockOutputStreamEntryPool.allocateBlockIfNeeded(BlockOutputStreamEntryPool.java:296)
	at org.apache.hadoop.ozone.client.io.KeyOutputStream.handleWrite(KeyOutputStream.java:201)
	at org.apache.hadoop.ozone.client.io.KeyOutputStream.handleRetry(KeyOutputStream.java:376)
	at org.apache.hadoop.ozone.client.io.KeyOutputStream.handleException(KeyOutputStream.java:325)
	at org.apache.hadoop.ozone.client.io.KeyOutputStream.handleWrite(KeyOutputStream.java:231)
	at org.apache.hadoop.ozone.client.io.KeyOutputStream.write(KeyOutputStream.java:193)
	at org.apache.hadoop.ozone.client.io.OzoneOutputStream.write(OzoneOutputStream.java:49)
	at java.io.OutputStream.write(OutputStream.java:75)
	at org.apache.hadoop.ozone.client.rpc.TestMultiBlockWritesWithDnFailures.testMultiBlockWritesWithIntermittentDnFailures(TestMultiBlockWritesWithDnFailures.java:192)
	at sun.reflect.NativeMethodAccessorImpl.invoke0(Native Method)
	at sun.reflect.NativeMethodAccessorImpl.invoke(NativeMethodAccessorImpl.java:62)
	at sun.reflect.DelegatingMethodAccessorImpl.invoke(DelegatingMethodAccessorImpl.java:43)
	at java.lang.reflect.Method.invoke(Method.java:498)
	at org.junit.runners.model.FrameworkMethod$1.runReflectiveCall(FrameworkMethod.java:47)
	at org.junit.internal.runners.model.ReflectiveCallable.run(ReflectiveCallable.java:12)
	at org.junit.runners.model.FrameworkMethod.invokeExplosively(FrameworkMethod.java:44)
	at org.junit.internal.runners.statements.InvokeMethod.evaluate(InvokeMethod.java:17)
	at org.junit.internal.runners.statements.RunAfters.evaluate(RunAfters.java:27)
	at org.junit.runners.ParentRunner.runLeaf(ParentRunner.java:271)
	at org.junit.runners.BlockJUnit4ClassRunner.runChild(BlockJUnit4ClassRunner.java:70)
	at org.junit.runners.BlockJUnit4ClassRunner.runChild(BlockJUnit4ClassRunner.java:50)
	at org.junit.runners.ParentRunner$3.run(ParentRunner.java:238)
	at org.junit.runners.ParentRunner$1.schedule(ParentRunner.java:63)
	at org.junit.runners.ParentRunner.runChildren(ParentRunner.java:236)
	at org.junit.runners.ParentRunner.access$000(ParentRunner.java:53)
	at org.junit.runners.ParentRunner$2.evaluate(ParentRunner.java:229)
	at org.junit.runners.ParentRunner.run(ParentRunner.java:309)
	at org.apache.maven.surefire.junit4.JUnit4Provider.execute(JUnit4Provider.java:365)
	at org.apache.maven.surefire.junit4.JUnit4Provider.executeWithRerun(JUnit4Provider.java:273)
	at org.apache.maven.surefire.junit4.JUnit4Provider.executeTestSet(JUnit4Provider.java:238)
	at org.apache.maven.surefire.junit4.JUnit4Provider.invoke(JUnit4Provider.java:159)
	at org.apache.maven.surefire.booter.ForkedBooter.invokeProviderInSameClassLoader(ForkedBooter.java:384)
	at org.apache.maven.surefire.booter.ForkedBooter.runSuitesInProcess(ForkedBooter.java:345)
	at org.apache.maven.surefire.booter.ForkedBooter.execute(ForkedBooter.java:126)
	at org.apache.maven.surefire.booter.ForkedBooter.main(ForkedBooter.java:418)
2019-09-16 16:56:17,350 [main] INFO  ozone.MiniOzoneClusterImpl (MiniOzoneClusterImpl.java:shutdown(307)) - Shutting down the Mini Ozone Cluster
2019-09-16 16:56:17,350 [main] INFO  ozone.MiniOzoneClusterImpl (MiniOzoneClusterImpl.java:stop(322)) - Stopping the Mini Ozone Cluster
2019-09-16 16:56:17,350 [main] INFO  ozone.MiniOzoneClusterImpl (MiniOzoneClusterImpl.java:stop(324)) - Stopping the OzoneManager
2019-09-16 16:56:17,350 [main] INFO  ipc.Server (Server.java:stop(3082)) - Stopping server on 43060
2019-09-16 16:56:17,356 [IPC Server listener on 43060] INFO  ipc.Server (Server.java:run(1185)) - Stopping IPC Server listener on 43060
2019-09-16 16:56:17,357 [main] INFO  ratis.OzoneManagerDoubleBuffer (OzoneManagerDoubleBuffer.java:stop(248)) - Stopping OMDoubleBuffer flush thread
2019-09-16 16:56:17,359 [IPC Server Responder] INFO  ipc.Server (Server.java:run(1319)) - Stopping IPC Server Responder
2019-09-16 16:56:17,365 [OMDoubleBufferFlushThread] INFO  ratis.OzoneManagerDoubleBuffer (OzoneManagerDoubleBuffer.java:flushTransactions(191)) - OMDoubleBuffer flush thread OMDoubleBufferFlushThread is interrupted and will exit. OMDoubleBufferFlushThread
2019-09-16 16:56:17,378 [main] INFO  utils.BackgroundService (BackgroundService.java:shutdown(148)) - Shutting down service KeyDeletingService
2019-09-16 16:56:17,390 [main] INFO  handler.ContextHandler (ContextHandler.java:doStop(910)) - Stopped o.e.j.w.WebAppContext@444548a0{/,null,UNAVAILABLE}{/ozoneManager}
2019-09-16 16:56:17,391 [main] INFO  server.AbstractConnector (AbstractConnector.java:doStop(318)) - Stopped ServerConnector@3766c667{HTTP/1.1,[http/1.1]}{0.0.0.0:0}
2019-09-16 16:56:17,391 [main] INFO  handler.ContextHandler (ContextHandler.java:doStop(910)) - Stopped o.e.j.s.ServletContextHandler@2571066a{/static,file:///workdir/hadoop-ozone/integration-test/target/test-classes/webapps/static,UNAVAILABLE}
2019-09-16 16:56:17,391 [main] INFO  handler.ContextHandler (ContextHandler.java:doStop(910)) - Stopped o.e.j.s.ServletContextHandler@25d3cfc8{/logs,file:///workdir/hadoop-ozone/integration-test/target/log,UNAVAILABLE}
2019-09-16 16:56:17,395 [main] INFO  ozone.MiniOzoneClusterImpl (MiniOzoneClusterImpl.java:stop(330)) - Shutting the HddsDatanodes
2019-09-16 16:56:17,436 [java.util.concurrent.ThreadPoolExecutor$Worker@24305a62[State = -1, empty queue]] WARN  server.GrpcLogAppender (GrpcLogAppender.java:timeoutAppendRequest(200)) - 84a51469-6089-434c-9409-be6ecd1b15ae@group-96041FA828FE->ff1392d6-f741-46e8-b06b-d99a585290d3-GrpcLogAppender: appendEntries Timeout, request=84a51469-6089-434c-9409-be6ecd1b15ae->ff1392d6-f741-46e8-b06b-d99a585290d3#136-t2, previous=(t:2, i:20), leaderCommit=16, initializing? false, entries: <empty>
2019-09-16 16:56:17,436 [java.util.concurrent.ThreadPoolExecutor$Worker@65ab53cc[State = -1, empty queue]] WARN  server.GrpcLogAppender (GrpcLogAppender.java:timeoutAppendRequest(200)) - 84a51469-6089-434c-9409-be6ecd1b15ae@group-96041FA828FE->82d73395-84ed-4f5d-a3d4-b8dc3778e9c8-GrpcLogAppender: appendEntries Timeout, request=84a51469-6089-434c-9409-be6ecd1b15ae->82d73395-84ed-4f5d-a3d4-b8dc3778e9c8#136-t2, previous=(t:2, i:20), leaderCommit=16, initializing? false, entries: <empty>
2019-09-16 16:56:17,637 [java.util.concurrent.ThreadPoolExecutor$Worker@7d5b61e0[State = -1, empty queue]] WARN  server.GrpcLogAppender (GrpcLogAppender.java:timeoutAppendRequest(200)) - 3debf489-fb8f-44d7-9f14-87ea2202f1a2@group-A02DD63F7AE6->cc439034-f900-459f-93f0-405510d1632e-GrpcLogAppender: appendEntries Timeout, request=3debf489-fb8f-44d7-9f14-87ea2202f1a2->cc439034-f900-459f-93f0-405510d1632e#133-t4, previous=(t:4, i:19), leaderCommit=15, initializing? false, entries: <empty>
2019-09-16 16:56:17,637 [java.util.concurrent.ThreadPoolExecutor$Worker@2f015de0[State = -1, empty queue]] WARN  server.GrpcLogAppender (GrpcLogAppender.java:timeoutAppendRequest(200)) - 3debf489-fb8f-44d7-9f14-87ea2202f1a2@group-A02DD63F7AE6->7977ac3b-0be3-4a37-9fef-39f7814db179-GrpcLogAppender: appendEntries Timeout, request=3debf489-fb8f-44d7-9f14-87ea2202f1a2->7977ac3b-0be3-4a37-9fef-39f7814db179#133-t4, previous=(t:4, i:19), leaderCommit=15, initializing? false, entries: <empty>
2019-09-16 16:56:17,937 [java.util.concurrent.ThreadPoolExecutor$Worker@24305a62[State = -1, empty queue]] WARN  server.GrpcLogAppender (GrpcLogAppender.java:timeoutAppendRequest(200)) - 84a51469-6089-434c-9409-be6ecd1b15ae@group-96041FA828FE->ff1392d6-f741-46e8-b06b-d99a585290d3-GrpcLogAppender: appendEntries Timeout, request=84a51469-6089-434c-9409-be6ecd1b15ae->ff1392d6-f741-46e8-b06b-d99a585290d3#137-t2, previous=(t:2, i:20), leaderCommit=16, initializing? false, entries: <empty>
2019-09-16 16:56:17,937 [java.util.concurrent.ThreadPoolExecutor$Worker@65ab53cc[State = -1, empty queue]] WARN  server.GrpcLogAppender (GrpcLogAppender.java:timeoutAppendRequest(200)) - 84a51469-6089-434c-9409-be6ecd1b15ae@group-96041FA828FE->82d73395-84ed-4f5d-a3d4-b8dc3778e9c8-GrpcLogAppender: appendEntries Timeout, request=84a51469-6089-434c-9409-be6ecd1b15ae->82d73395-84ed-4f5d-a3d4-b8dc3778e9c8#137-t2, previous=(t:2, i:20), leaderCommit=16, initializing? false, entries: <empty>
2019-09-16 16:56:18,138 [java.util.concurrent.ThreadPoolExecutor$Worker@7d5b61e0[State = -1, empty queue]] WARN  server.GrpcLogAppender (GrpcLogAppender.java:timeoutAppendRequest(200)) - 3debf489-fb8f-44d7-9f14-87ea2202f1a2@group-A02DD63F7AE6->cc439034-f900-459f-93f0-405510d1632e-GrpcLogAppender: appendEntries Timeout, request=3debf489-fb8f-44d7-9f14-87ea2202f1a2->cc439034-f900-459f-93f0-405510d1632e#134-t4, previous=(t:4, i:19), leaderCommit=15, initializing? false, entries: <empty>
2019-09-16 16:56:18,138 [java.util.concurrent.ThreadPoolExecutor$Worker@2f015de0[State = -1, empty queue]] WARN  server.GrpcLogAppender (GrpcLogAppender.java:timeoutAppendRequest(200)) - 3debf489-fb8f-44d7-9f14-87ea2202f1a2@group-A02DD63F7AE6->7977ac3b-0be3-4a37-9fef-39f7814db179-GrpcLogAppender: appendEntries Timeout, request=3debf489-fb8f-44d7-9f14-87ea2202f1a2->7977ac3b-0be3-4a37-9fef-39f7814db179#134-t4, previous=(t:4, i:19), leaderCommit=15, initializing? false, entries: <empty>
2019-09-16 16:56:18,231 [Datanode State Machine Thread - 0] INFO  statemachine.DatanodeStateMachine (DatanodeStateMachine.java:lambda$startDaemon$0(350)) - Ozone container server started.
2019-09-16 16:56:18,232 [Datanode State Machine Thread - 0] INFO  statemachine.DatanodeStateMachine (DatanodeStateMachine.java:lambda$startDaemon$0(350)) - Ozone container server started.
2019-09-16 16:56:18,437 [java.util.concurrent.ThreadPoolExecutor$Worker@65ab53cc[State = -1, empty queue]] WARN  server.GrpcLogAppender (GrpcLogAppender.java:timeoutAppendRequest(200)) - 84a51469-6089-434c-9409-be6ecd1b15ae@group-96041FA828FE->82d73395-84ed-4f5d-a3d4-b8dc3778e9c8-GrpcLogAppender: appendEntries Timeout, request=84a51469-6089-434c-9409-be6ecd1b15ae->82d73395-84ed-4f5d-a3d4-b8dc3778e9c8#138-t2, previous=(t:2, i:20), leaderCommit=16, initializing? false, entries: <empty>
2019-09-16 16:56:18,437 [java.util.concurrent.ThreadPoolExecutor$Worker@24305a62[State = -1, empty queue]] WARN  server.GrpcLogAppender (GrpcLogAppender.java:timeoutAppendRequest(200)) - 84a51469-6089-434c-9409-be6ecd1b15ae@group-96041FA828FE->ff1392d6-f741-46e8-b06b-d99a585290d3-GrpcLogAppender: appendEntries Timeout, request=84a51469-6089-434c-9409-be6ecd1b15ae->ff1392d6-f741-46e8-b06b-d99a585290d3#138-t2, previous=(t:2, i:20), leaderCommit=16, initializing? false, entries: <empty>
2019-09-16 16:56:18,639 [java.util.concurrent.ThreadPoolExecutor$Worker@7d5b61e0[State = -1, empty queue]] WARN  server.GrpcLogAppender (GrpcLogAppender.java:timeoutAppendRequest(200)) - 3debf489-fb8f-44d7-9f14-87ea2202f1a2@group-A02DD63F7AE6->cc439034-f900-459f-93f0-405510d1632e-GrpcLogAppender: appendEntries Timeout, request=3debf489-fb8f-44d7-9f14-87ea2202f1a2->cc439034-f900-459f-93f0-405510d1632e#135-t4, previous=(t:4, i:19), leaderCommit=15, initializing? false, entries: <empty>
2019-09-16 16:56:18,639 [java.util.concurrent.ThreadPoolExecutor$Worker@2f015de0[State = -1, empty queue]] WARN  server.GrpcLogAppender (GrpcLogAppender.java:timeoutAppendRequest(200)) - 3debf489-fb8f-44d7-9f14-87ea2202f1a2@group-A02DD63F7AE6->7977ac3b-0be3-4a37-9fef-39f7814db179-GrpcLogAppender: appendEntries Timeout, request=3debf489-fb8f-44d7-9f14-87ea2202f1a2->7977ac3b-0be3-4a37-9fef-39f7814db179#135-t4, previous=(t:4, i:19), leaderCommit=15, initializing? false, entries: <empty>
2019-09-16 16:56:18,937 [java.util.concurrent.ThreadPoolExecutor$Worker@65ab53cc[State = -1, empty queue]] WARN  server.GrpcLogAppender (GrpcLogAppender.java:timeoutAppendRequest(200)) - 84a51469-6089-434c-9409-be6ecd1b15ae@group-96041FA828FE->82d73395-84ed-4f5d-a3d4-b8dc3778e9c8-GrpcLogAppender: appendEntries Timeout, request=84a51469-6089-434c-9409-be6ecd1b15ae->82d73395-84ed-4f5d-a3d4-b8dc3778e9c8#139-t2, previous=(t:2, i:20), leaderCommit=16, initializing? false, entries: <empty>
2019-09-16 16:56:18,937 [java.util.concurrent.ThreadPoolExecutor$Worker@24305a62[State = -1, empty queue]] WARN  server.GrpcLogAppender (GrpcLogAppender.java:timeoutAppendRequest(200)) - 84a51469-6089-434c-9409-be6ecd1b15ae@group-96041FA828FE->ff1392d6-f741-46e8-b06b-d99a585290d3-GrpcLogAppender: appendEntries Timeout, request=84a51469-6089-434c-9409-be6ecd1b15ae->ff1392d6-f741-46e8-b06b-d99a585290d3#139-t2, previous=(t:2, i:20), leaderCommit=16, initializing? false, entries: <empty>
2019-09-16 16:56:19,117 [3debf489-fb8f-44d7-9f14-87ea2202f1a2@group-A02DD63F7AE6-SegmentedRaftLogWorker] WARN  segmented.SegmentedRaftLogWorker (SegmentedRaftLogWorker.java:getFromFuture(90)) - Timeout 1/~
org.apache.ratis.protocol.TimeoutIOException: Timeout 10s: WriteLog:16: (t:4, i:16), STATEMACHINELOGENTRY, client-1BF3ADFC909D, cid=56-writeStateMachineData
	at org.apache.ratis.util.IOUtils.getFromFuture(IOUtils.java:87)
	at org.apache.ratis.server.raftlog.segmented.SegmentedRaftLogWorker$StateMachineDataPolicy.getFromFuture(SegmentedRaftLogWorker.java:87)
	at org.apache.ratis.server.raftlog.segmented.SegmentedRaftLogWorker$WriteLog.execute(SegmentedRaftLogWorker.java:477)
	at org.apache.ratis.server.raftlog.segmented.SegmentedRaftLogWorker.run(SegmentedRaftLogWorker.java:289)
	at java.lang.Thread.run(Thread.java:748)
Caused by: java.util.concurrent.TimeoutException
	at java.util.concurrent.CompletableFuture.timedGet(CompletableFuture.java:1771)
	at java.util.concurrent.CompletableFuture.get(CompletableFuture.java:1915)
	at org.apache.ratis.util.IOUtils.getFromFuture(IOUtils.java:79)
	... 4 more
2019-09-16 16:56:19,122 [cc439034-f900-459f-93f0-405510d1632e@group-A02DD63F7AE6-SegmentedRaftLogWorker] WARN  segmented.SegmentedRaftLogWorker (SegmentedRaftLogWorker.java:getFromFuture(90)) - Timeout 1/~
org.apache.ratis.protocol.TimeoutIOException: Timeout 10s: WriteLog:16: (t:4, i:16), STATEMACHINELOGENTRY, client-1BF3ADFC909D, cid=56-writeStateMachineData
	at org.apache.ratis.util.IOUtils.getFromFuture(IOUtils.java:87)
	at org.apache.ratis.server.raftlog.segmented.SegmentedRaftLogWorker$StateMachineDataPolicy.getFromFuture(SegmentedRaftLogWorker.java:87)
	at org.apache.ratis.server.raftlog.segmented.SegmentedRaftLogWorker$WriteLog.execute(SegmentedRaftLogWorker.java:477)
	at org.apache.ratis.server.raftlog.segmented.SegmentedRaftLogWorker.run(SegmentedRaftLogWorker.java:289)
	at java.lang.Thread.run(Thread.java:748)
Caused by: java.util.concurrent.TimeoutException
	at java.util.concurrent.CompletableFuture.timedGet(CompletableFuture.java:1771)
	at java.util.concurrent.CompletableFuture.get(CompletableFuture.java:1915)
	at org.apache.ratis.util.IOUtils.getFromFuture(IOUtils.java:79)
	... 4 more
2019-09-16 16:56:19,126 [7977ac3b-0be3-4a37-9fef-39f7814db179@group-A02DD63F7AE6-SegmentedRaftLogWorker] WARN  segmented.SegmentedRaftLogWorker (SegmentedRaftLogWorker.java:getFromFuture(90)) - Timeout 1/~
org.apache.ratis.protocol.TimeoutIOException: Timeout 10s: WriteLog:16: (t:4, i:16), STATEMACHINELOGENTRY, client-1BF3ADFC909D, cid=56-writeStateMachineData
	at org.apache.ratis.util.IOUtils.getFromFuture(IOUtils.java:87)
	at org.apache.ratis.server.raftlog.segmented.SegmentedRaftLogWorker$StateMachineDataPolicy.getFromFuture(SegmentedRaftLogWorker.java:87)
	at org.apache.ratis.server.raftlog.segmented.SegmentedRaftLogWorker$WriteLog.execute(SegmentedRaftLogWorker.java:477)
	at org.apache.ratis.server.raftlog.segmented.SegmentedRaftLogWorker.run(SegmentedRaftLogWorker.java:289)
	at java.lang.Thread.run(Thread.java:748)
Caused by: java.util.concurrent.TimeoutException
	at java.util.concurrent.CompletableFuture.timedGet(CompletableFuture.java:1771)
	at java.util.concurrent.CompletableFuture.get(CompletableFuture.java:1915)
	at org.apache.ratis.util.IOUtils.getFromFuture(IOUtils.java:79)
	... 4 more
2019-09-16 16:56:19,139 [java.util.concurrent.ThreadPoolExecutor$Worker@7d5b61e0[State = -1, empty queue]] WARN  server.GrpcLogAppender (GrpcLogAppender.java:timeoutAppendRequest(200)) - 3debf489-fb8f-44d7-9f14-87ea2202f1a2@group-A02DD63F7AE6->cc439034-f900-459f-93f0-405510d1632e-GrpcLogAppender: appendEntries Timeout, request=3debf489-fb8f-44d7-9f14-87ea2202f1a2->cc439034-f900-459f-93f0-405510d1632e#136-t4, previous=(t:4, i:19), leaderCommit=15, initializing? false, entries: <empty>
2019-09-16 16:56:19,139 [java.util.concurrent.ThreadPoolExecutor$Worker@2f015de0[State = -1, empty queue]] WARN  server.GrpcLogAppender (GrpcLogAppender.java:timeoutAppendRequest(200)) - 3debf489-fb8f-44d7-9f14-87ea2202f1a2@group-A02DD63F7AE6->7977ac3b-0be3-4a37-9fef-39f7814db179-GrpcLogAppender: appendEntries Timeout, request=3debf489-fb8f-44d7-9f14-87ea2202f1a2->7977ac3b-0be3-4a37-9fef-39f7814db179#136-t4, previous=(t:4, i:19), leaderCommit=15, initializing? false, entries: <empty>
2019-09-16 16:56:19,437 [java.util.concurrent.ThreadPoolExecutor$Worker@24305a62[State = -1, empty queue]] WARN  server.GrpcLogAppender (GrpcLogAppender.java:timeoutAppendRequest(200)) - 84a51469-6089-434c-9409-be6ecd1b15ae@group-96041FA828FE->ff1392d6-f741-46e8-b06b-d99a585290d3-GrpcLogAppender: appendEntries Timeout, request=84a51469-6089-434c-9409-be6ecd1b15ae->ff1392d6-f741-46e8-b06b-d99a585290d3#140-t2, previous=(t:2, i:20), leaderCommit=16, initializing? false, entries: <empty>
2019-09-16 16:56:19,437 [java.util.concurrent.ThreadPoolExecutor$Worker@65ab53cc[State = -1, empty queue]] WARN  server.GrpcLogAppender (GrpcLogAppender.java:timeoutAppendRequest(200)) - 84a51469-6089-434c-9409-be6ecd1b15ae@group-96041FA828FE->82d73395-84ed-4f5d-a3d4-b8dc3778e9c8-GrpcLogAppender: appendEntries Timeout, request=84a51469-6089-434c-9409-be6ecd1b15ae->82d73395-84ed-4f5d-a3d4-b8dc3778e9c8#140-t2, previous=(t:2, i:20), leaderCommit=16, initializing? false, entries: <empty>
2019-09-16 16:56:19,639 [java.util.concurrent.ThreadPoolExecutor$Worker@7d5b61e0[State = -1, empty queue]] WARN  server.GrpcLogAppender (GrpcLogAppender.java:timeoutAppendRequest(200)) - 3debf489-fb8f-44d7-9f14-87ea2202f1a2@group-A02DD63F7AE6->cc439034-f900-459f-93f0-405510d1632e-GrpcLogAppender: appendEntries Timeout, request=3debf489-fb8f-44d7-9f14-87ea2202f1a2->cc439034-f900-459f-93f0-405510d1632e#137-t4, previous=(t:4, i:19), leaderCommit=15, initializing? false, entries: <empty>
2019-09-16 16:56:19,639 [java.util.concurrent.ThreadPoolExecutor$Worker@2f015de0[State = -1, empty queue]] WARN  server.GrpcLogAppender (GrpcLogAppender.java:timeoutAppendRequest(200)) - 3debf489-fb8f-44d7-9f14-87ea2202f1a2@group-A02DD63F7AE6->7977ac3b-0be3-4a37-9fef-39f7814db179-GrpcLogAppender: appendEntries Timeout, request=3debf489-fb8f-44d7-9f14-87ea2202f1a2->7977ac3b-0be3-4a37-9fef-39f7814db179#137-t4, previous=(t:4, i:19), leaderCommit=15, initializing? false, entries: <empty>
2019-09-16 16:56:19,938 [java.util.concurrent.ThreadPoolExecutor$Worker@65ab53cc[State = -1, empty queue]] WARN  server.GrpcLogAppender (GrpcLogAppender.java:timeoutAppendRequest(200)) - 84a51469-6089-434c-9409-be6ecd1b15ae@group-96041FA828FE->82d73395-84ed-4f5d-a3d4-b8dc3778e9c8-GrpcLogAppender: appendEntries Timeout, request=84a51469-6089-434c-9409-be6ecd1b15ae->82d73395-84ed-4f5d-a3d4-b8dc3778e9c8#141-t2, previous=(t:2, i:20), leaderCommit=16, initializing? false, entries: <empty>
2019-09-16 16:56:19,938 [java.util.concurrent.ThreadPoolExecutor$Worker@24305a62[State = -1, empty queue]] WARN  server.GrpcLogAppender (GrpcLogAppender.java:timeoutAppendRequest(200)) - 84a51469-6089-434c-9409-be6ecd1b15ae@group-96041FA828FE->ff1392d6-f741-46e8-b06b-d99a585290d3-GrpcLogAppender: appendEntries Timeout, request=84a51469-6089-434c-9409-be6ecd1b15ae->ff1392d6-f741-46e8-b06b-d99a585290d3#141-t2, previous=(t:2, i:20), leaderCommit=16, initializing? false, entries: <empty>
2019-09-16 16:56:20,139 [java.util.concurrent.ThreadPoolExecutor$Worker@7d5b61e0[State = -1, empty queue]] WARN  server.GrpcLogAppender (GrpcLogAppender.java:timeoutAppendRequest(200)) - 3debf489-fb8f-44d7-9f14-87ea2202f1a2@group-A02DD63F7AE6->cc439034-f900-459f-93f0-405510d1632e-GrpcLogAppender: appendEntries Timeout, request=3debf489-fb8f-44d7-9f14-87ea2202f1a2->cc439034-f900-459f-93f0-405510d1632e#138-t4, previous=(t:4, i:19), leaderCommit=15, initializing? false, entries: <empty>
2019-09-16 16:56:20,140 [java.util.concurrent.ThreadPoolExecutor$Worker@2f015de0[State = -1, empty queue]] WARN  server.GrpcLogAppender (GrpcLogAppender.java:timeoutAppendRequest(200)) - 3debf489-fb8f-44d7-9f14-87ea2202f1a2@group-A02DD63F7AE6->7977ac3b-0be3-4a37-9fef-39f7814db179-GrpcLogAppender: appendEntries Timeout, request=3debf489-fb8f-44d7-9f14-87ea2202f1a2->7977ac3b-0be3-4a37-9fef-39f7814db179#138-t4, previous=(t:4, i:19), leaderCommit=15, initializing? false, entries: <empty>
2019-09-16 16:56:20,438 [java.util.concurrent.ThreadPoolExecutor$Worker@65ab53cc[State = -1, empty queue]] WARN  server.GrpcLogAppender (GrpcLogAppender.java:timeoutAppendRequest(200)) - 84a51469-6089-434c-9409-be6ecd1b15ae@group-96041FA828FE->82d73395-84ed-4f5d-a3d4-b8dc3778e9c8-GrpcLogAppender: appendEntries Timeout, request=84a51469-6089-434c-9409-be6ecd1b15ae->82d73395-84ed-4f5d-a3d4-b8dc3778e9c8#142-t2, previous=(t:2, i:20), leaderCommit=16, initializing? false, entries: <empty>
2019-09-16 16:56:20,438 [java.util.concurrent.ThreadPoolExecutor$Worker@24305a62[State = -1, empty queue]] WARN  server.GrpcLogAppender (GrpcLogAppender.java:timeoutAppendRequest(200)) - 84a51469-6089-434c-9409-be6ecd1b15ae@group-96041FA828FE->ff1392d6-f741-46e8-b06b-d99a585290d3-GrpcLogAppender: appendEntries Timeout, request=84a51469-6089-434c-9409-be6ecd1b15ae->ff1392d6-f741-46e8-b06b-d99a585290d3#142-t2, previous=(t:2, i:20), leaderCommit=16, initializing? false, entries: <empty>
2019-09-16 16:56:20,640 [java.util.concurrent.ThreadPoolExecutor$Worker@7d5b61e0[State = -1, empty queue]] WARN  server.GrpcLogAppender (GrpcLogAppender.java:timeoutAppendRequest(200)) - 3debf489-fb8f-44d7-9f14-87ea2202f1a2@group-A02DD63F7AE6->cc439034-f900-459f-93f0-405510d1632e-GrpcLogAppender: appendEntries Timeout, request=3debf489-fb8f-44d7-9f14-87ea2202f1a2->cc439034-f900-459f-93f0-405510d1632e#139-t4, previous=(t:4, i:19), leaderCommit=15, initializing? false, entries: <empty>
2019-09-16 16:56:20,640 [java.util.concurrent.ThreadPoolExecutor$Worker@2f015de0[State = -1, empty queue]] WARN  server.GrpcLogAppender (GrpcLogAppender.java:timeoutAppendRequest(200)) - 3debf489-fb8f-44d7-9f14-87ea2202f1a2@group-A02DD63F7AE6->7977ac3b-0be3-4a37-9fef-39f7814db179-GrpcLogAppender: appendEntries Timeout, request=3debf489-fb8f-44d7-9f14-87ea2202f1a2->7977ac3b-0be3-4a37-9fef-39f7814db179#139-t4, previous=(t:4, i:19), leaderCommit=15, initializing? false, entries: <empty>
2019-09-16 16:56:20,938 [java.util.concurrent.ThreadPoolExecutor$Worker@24305a62[State = -1, empty queue]] WARN  server.GrpcLogAppender (GrpcLogAppender.java:timeoutAppendRequest(200)) - 84a51469-6089-434c-9409-be6ecd1b15ae@group-96041FA828FE->ff1392d6-f741-46e8-b06b-d99a585290d3-GrpcLogAppender: appendEntries Timeout, request=84a51469-6089-434c-9409-be6ecd1b15ae->ff1392d6-f741-46e8-b06b-d99a585290d3#143-t2, previous=(t:2, i:20), leaderCommit=16, initializing? false, entries: <empty>
2019-09-16 16:56:20,938 [java.util.concurrent.ThreadPoolExecutor$Worker@65ab53cc[State = -1, empty queue]] WARN  server.GrpcLogAppender (GrpcLogAppender.java:timeoutAppendRequest(200)) - 84a51469-6089-434c-9409-be6ecd1b15ae@group-96041FA828FE->82d73395-84ed-4f5d-a3d4-b8dc3778e9c8-GrpcLogAppender: appendEntries Timeout, request=84a51469-6089-434c-9409-be6ecd1b15ae->82d73395-84ed-4f5d-a3d4-b8dc3778e9c8#143-t2, previous=(t:2, i:20), leaderCommit=16, initializing? false, entries: <empty>
2019-09-16 16:56:21,140 [java.util.concurrent.ThreadPoolExecutor$Worker@7d5b61e0[State = -1, empty queue]] WARN  server.GrpcLogAppender (GrpcLogAppender.java:timeoutAppendRequest(200)) - 3debf489-fb8f-44d7-9f14-87ea2202f1a2@group-A02DD63F7AE6->cc439034-f900-459f-93f0-405510d1632e-GrpcLogAppender: appendEntries Timeout, request=3debf489-fb8f-44d7-9f14-87ea2202f1a2->cc439034-f900-459f-93f0-405510d1632e#140-t4, previous=(t:4, i:19), leaderCommit=15, initializing? false, entries: <empty>
2019-09-16 16:56:21,140 [java.util.concurrent.ThreadPoolExecutor$Worker@2f015de0[State = -1, empty queue]] WARN  server.GrpcLogAppender (GrpcLogAppender.java:timeoutAppendRequest(200)) - 3debf489-fb8f-44d7-9f14-87ea2202f1a2@group-A02DD63F7AE6->7977ac3b-0be3-4a37-9fef-39f7814db179-GrpcLogAppender: appendEntries Timeout, request=3debf489-fb8f-44d7-9f14-87ea2202f1a2->7977ac3b-0be3-4a37-9fef-39f7814db179#140-t4, previous=(t:4, i:19), leaderCommit=15, initializing? false, entries: <empty>
2019-09-16 16:56:21,438 [java.util.concurrent.ThreadPoolExecutor$Worker@24305a62[State = -1, empty queue]] WARN  server.GrpcLogAppender (GrpcLogAppender.java:timeoutAppendRequest(200)) - 84a51469-6089-434c-9409-be6ecd1b15ae@group-96041FA828FE->ff1392d6-f741-46e8-b06b-d99a585290d3-GrpcLogAppender: appendEntries Timeout, request=84a51469-6089-434c-9409-be6ecd1b15ae->ff1392d6-f741-46e8-b06b-d99a585290d3#144-t2, previous=(t:2, i:20), leaderCommit=16, initializing? false, entries: <empty>
2019-09-16 16:56:21,438 [java.util.concurrent.ThreadPoolExecutor$Worker@65ab53cc[State = -1, empty queue]] WARN  server.GrpcLogAppender (GrpcLogAppender.java:timeoutAppendRequest(200)) - 84a51469-6089-434c-9409-be6ecd1b15ae@group-96041FA828FE->82d73395-84ed-4f5d-a3d4-b8dc3778e9c8-GrpcLogAppender: appendEntries Timeout, request=84a51469-6089-434c-9409-be6ecd1b15ae->82d73395-84ed-4f5d-a3d4-b8dc3778e9c8#144-t2, previous=(t:2, i:20), leaderCommit=16, initializing? false, entries: <empty>
2019-09-16 16:56:21,640 [java.util.concurrent.ThreadPoolExecutor$Worker@7d5b61e0[State = -1, empty queue]] WARN  server.GrpcLogAppender (GrpcLogAppender.java:timeoutAppendRequest(200)) - 3debf489-fb8f-44d7-9f14-87ea2202f1a2@group-A02DD63F7AE6->cc439034-f900-459f-93f0-405510d1632e-GrpcLogAppender: appendEntries Timeout, request=3debf489-fb8f-44d7-9f14-87ea2202f1a2->cc439034-f900-459f-93f0-405510d1632e#141-t4, previous=(t:4, i:19), leaderCommit=15, initializing? false, entries: <empty>
2019-09-16 16:56:21,640 [java.util.concurrent.ThreadPoolExecutor$Worker@2f015de0[State = -1, empty queue]] WARN  server.GrpcLogAppender (GrpcLogAppender.java:timeoutAppendRequest(200)) - 3debf489-fb8f-44d7-9f14-87ea2202f1a2@group-A02DD63F7AE6->7977ac3b-0be3-4a37-9fef-39f7814db179-GrpcLogAppender: appendEntries Timeout, request=3debf489-fb8f-44d7-9f14-87ea2202f1a2->7977ac3b-0be3-4a37-9fef-39f7814db179#141-t4, previous=(t:4, i:19), leaderCommit=15, initializing? false, entries: <empty>
2019-09-16 16:56:21,938 [java.util.concurrent.ThreadPoolExecutor$Worker@24305a62[State = -1, empty queue]] WARN  server.GrpcLogAppender (GrpcLogAppender.java:timeoutAppendRequest(200)) - 84a51469-6089-434c-9409-be6ecd1b15ae@group-96041FA828FE->ff1392d6-f741-46e8-b06b-d99a585290d3-GrpcLogAppender: appendEntries Timeout, request=84a51469-6089-434c-9409-be6ecd1b15ae->ff1392d6-f741-46e8-b06b-d99a585290d3#145-t2, previous=(t:2, i:20), leaderCommit=16, initializing? false, entries: <empty>
2019-09-16 16:56:21,939 [java.util.concurrent.ThreadPoolExecutor$Worker@65ab53cc[State = -1, empty queue]] WARN  server.GrpcLogAppender (GrpcLogAppender.java:timeoutAppendRequest(200)) - 84a51469-6089-434c-9409-be6ecd1b15ae@group-96041FA828FE->82d73395-84ed-4f5d-a3d4-b8dc3778e9c8-GrpcLogAppender: appendEntries Timeout, request=84a51469-6089-434c-9409-be6ecd1b15ae->82d73395-84ed-4f5d-a3d4-b8dc3778e9c8#145-t2, previous=(t:2, i:20), leaderCommit=16, initializing? false, entries: <empty>
2019-09-16 16:56:22,140 [java.util.concurrent.ThreadPoolExecutor$Worker@7d5b61e0[State = -1, empty queue]] WARN  server.GrpcLogAppender (GrpcLogAppender.java:timeoutAppendRequest(200)) - 3debf489-fb8f-44d7-9f14-87ea2202f1a2@group-A02DD63F7AE6->cc439034-f900-459f-93f0-405510d1632e-GrpcLogAppender: appendEntries Timeout, request=3debf489-fb8f-44d7-9f14-87ea2202f1a2->cc439034-f900-459f-93f0-405510d1632e#142-t4, previous=(t:4, i:19), leaderCommit=15, initializing? false, entries: <empty>
2019-09-16 16:56:22,140 [java.util.concurrent.ThreadPoolExecutor$Worker@2f015de0[State = -1, empty queue]] WARN  server.GrpcLogAppender (GrpcLogAppender.java:timeoutAppendRequest(200)) - 3debf489-fb8f-44d7-9f14-87ea2202f1a2@group-A02DD63F7AE6->7977ac3b-0be3-4a37-9fef-39f7814db179-GrpcLogAppender: appendEntries Timeout, request=3debf489-fb8f-44d7-9f14-87ea2202f1a2->7977ac3b-0be3-4a37-9fef-39f7814db179#142-t4, previous=(t:4, i:19), leaderCommit=15, initializing? false, entries: <empty>
2019-09-16 16:56:22,397 [ForkJoinPool.commonPool-worker-1] INFO  ozoneimpl.OzoneContainer (OzoneContainer.java:stop(231)) - Attempting to stop container services.
2019-09-16 16:56:22,397 [main] INFO  ozoneimpl.OzoneContainer (OzoneContainer.java:stop(231)) - Attempting to stop container services.
2019-09-16 16:56:22,398 [ForkJoinPool.commonPool-worker-1] INFO  impl.RaftServerProxy (RaftServerProxy.java:lambda$close$4(314)) - 3debf489-fb8f-44d7-9f14-87ea2202f1a2: close
2019-09-16 16:56:22,399 [main] INFO  impl.RaftServerProxy (RaftServerProxy.java:lambda$close$4(314)) - 7977ac3b-0be3-4a37-9fef-39f7814db179: close
2019-09-16 16:56:22,399 [ForkJoinPool.commonPool-worker-1] INFO  impl.RaftServerImpl (RaftServerImpl.java:lambda$shutdown$3(251)) - 3debf489-fb8f-44d7-9f14-87ea2202f1a2@group-8FB3A6CCF45F: shutdown
2019-09-16 16:56:22,400 [main] INFO  impl.RaftServerImpl (RaftServerImpl.java:lambda$shutdown$3(251)) - 7977ac3b-0be3-4a37-9fef-39f7814db179@group-A02DD63F7AE6: shutdown
2019-09-16 16:56:22,400 [ForkJoinPool.commonPool-worker-1] INFO  util.JmxRegister (JmxRegister.java:unregister(73)) - Successfully un-registered JMX Bean with object name Ratis:service=RaftServer,group=group-8FB3A6CCF45F,id=3debf489-fb8f-44d7-9f14-87ea2202f1a2
2019-09-16 16:56:22,400 [main] INFO  util.JmxRegister (JmxRegister.java:unregister(73)) - Successfully un-registered JMX Bean with object name Ratis:service=RaftServer,group=group-A02DD63F7AE6,id=7977ac3b-0be3-4a37-9fef-39f7814db179
2019-09-16 16:56:22,400 [ForkJoinPool.commonPool-worker-1] INFO  impl.RoleInfo (RoleInfo.java:shutdownLeaderState(104)) - 3debf489-fb8f-44d7-9f14-87ea2202f1a2: shutdown LeaderState
2019-09-16 16:56:22,401 [main] INFO  impl.RoleInfo (RoleInfo.java:shutdownFollowerState(121)) - 7977ac3b-0be3-4a37-9fef-39f7814db179: shutdown FollowerState
2019-09-16 16:56:22,401 [ForkJoinPool.commonPool-worker-1] INFO  impl.PendingRequests (PendingRequests.java:sendNotLeaderResponses(202)) - 3debf489-fb8f-44d7-9f14-87ea2202f1a2-PendingRequests: sendNotLeaderResponses
2019-09-16 16:56:22,402 [Thread-502] INFO  impl.FollowerState (FollowerState.java:run(115)) - 7977ac3b-0be3-4a37-9fef-39f7814db179: FollowerState was interrupted: java.lang.InterruptedException: sleep interrupted
2019-09-16 16:56:22,402 [7977ac3b-0be3-4a37-9fef-39f7814db179@group-A02DD63F7AE6-StateMachineUpdater] INFO  ratis.ContainerStateMachine (ContainerStateMachine.java:takeSnapshot(289)) - group-A02DD63F7AE6: Taking a snapshot at:(t:4, i:13) file /workdir/hadoop-ozone/integration-test/target/test-dir/MiniOzoneClusterImpl-df60ebb5-d9ce-4d7d-8dc8-039b243d66da/datanode-5/data/ratis/cfc93d4e-2a62-452a-b3f1-a02dd63f7ae6/sm/snapshot.4_13
2019-09-16 16:56:22,402 [main] INFO  impl.StateMachineUpdater (StateMachineUpdater.java:stopAndJoin(125)) - 7977ac3b-0be3-4a37-9fef-39f7814db179@group-A02DD63F7AE6-StateMachineUpdater: set stopIndex = 15
2019-09-16 16:56:22,406 [ForkJoinPool.commonPool-worker-1] INFO  impl.StateMachineUpdater (StateMachineUpdater.java:stopAndJoin(125)) - 3debf489-fb8f-44d7-9f14-87ea2202f1a2@group-8FB3A6CCF45F-StateMachineUpdater: set stopIndex = 0
2019-09-16 16:56:22,407 [ForkJoinPool.commonPool-worker-1] INFO  impl.RaftServerImpl (ServerState.java:close(385)) - 3debf489-fb8f-44d7-9f14-87ea2202f1a2@group-8FB3A6CCF45F: closes. applyIndex: 0
2019-09-16 16:56:22,407 [3debf489-fb8f-44d7-9f14-87ea2202f1a2@group-8FB3A6CCF45F-SegmentedRaftLogWorker] INFO  segmented.SegmentedRaftLogWorker (SegmentedRaftLogWorker.java:run(313)) - 3debf489-fb8f-44d7-9f14-87ea2202f1a2@group-8FB3A6CCF45F-SegmentedRaftLogWorker was interrupted, exiting. There are 0 tasks remaining in the queue.
2019-09-16 16:56:22,410 [ForkJoinPool.commonPool-worker-1] INFO  segmented.SegmentedRaftLogWorker (SegmentedRaftLogWorker.java:close(228)) - 3debf489-fb8f-44d7-9f14-87ea2202f1a2@group-8FB3A6CCF45F-SegmentedRaftLogWorker close()
2019-09-16 16:56:22,415 [ForkJoinPool.commonPool-worker-1] INFO  impl.RaftServerImpl (RaftServerImpl.java:lambda$shutdown$3(251)) - 3debf489-fb8f-44d7-9f14-87ea2202f1a2@group-A02DD63F7AE6: shutdown
2019-09-16 16:56:22,415 [ForkJoinPool.commonPool-worker-1] INFO  util.JmxRegister (JmxRegister.java:unregister(73)) - Successfully un-registered JMX Bean with object name Ratis:service=RaftServer,group=group-A02DD63F7AE6,id=3debf489-fb8f-44d7-9f14-87ea2202f1a2
2019-09-16 16:56:22,415 [ForkJoinPool.commonPool-worker-1] INFO  impl.RoleInfo (RoleInfo.java:shutdownLeaderState(104)) - 3debf489-fb8f-44d7-9f14-87ea2202f1a2: shutdown LeaderState
2019-09-16 16:56:22,420 [ForkJoinPool.commonPool-worker-1] INFO  impl.PendingRequests (PendingRequests.java:sendNotLeaderResponses(202)) - 3debf489-fb8f-44d7-9f14-87ea2202f1a2-PendingRequests: sendNotLeaderResponses
2019-09-16 16:56:22,420 [org.apache.ratis.server.impl.LogAppender$AppenderDaemon$$Lambda$519/529296390@93e5594] WARN  server.GrpcLogAppender (GrpcLogAppender.java:mayWait(143)) - 3debf489-fb8f-44d7-9f14-87ea2202f1a2@group-A02DD63F7AE6->cc439034-f900-459f-93f0-405510d1632e-GrpcLogAppender: Wait interrupted by java.lang.InterruptedException
2019-09-16 16:56:22,420 [org.apache.ratis.server.impl.LogAppender$AppenderDaemon$$Lambda$519/529296390@6ad15925] WARN  server.GrpcLogAppender (GrpcLogAppender.java:mayWait(143)) - 3debf489-fb8f-44d7-9f14-87ea2202f1a2@group-A02DD63F7AE6->7977ac3b-0be3-4a37-9fef-39f7814db179-GrpcLogAppender: Wait interrupted by java.lang.InterruptedException
2019-09-16 16:56:22,421 [7977ac3b-0be3-4a37-9fef-39f7814db179@group-A02DD63F7AE6-StateMachineUpdater] INFO  ratis.ContainerStateMachine (ContainerStateMachine.java:takeSnapshot(300)) - group-A02DD63F7AE6: Finished taking a snapshot at:(t:4, i:13) file:/workdir/hadoop-ozone/integration-test/target/test-dir/MiniOzoneClusterImpl-df60ebb5-d9ce-4d7d-8dc8-039b243d66da/datanode-5/data/ratis/cfc93d4e-2a62-452a-b3f1-a02dd63f7ae6/sm/snapshot.4_13 time:19
2019-09-16 16:56:22,421 [7977ac3b-0be3-4a37-9fef-39f7814db179@group-A02DD63F7AE6-StateMachineUpdater] INFO  impl.StateMachineUpdater (StateMachineUpdater.java:takeSnapshot(258)) - 7977ac3b-0be3-4a37-9fef-39f7814db179@group-A02DD63F7AE6-StateMachineUpdater: Took a snapshot at index 13
2019-09-16 16:56:22,421 [7977ac3b-0be3-4a37-9fef-39f7814db179@group-A02DD63F7AE6-StateMachineUpdater] INFO  impl.StateMachineUpdater (StateMachineUpdater.java:lambda$new$0(83)) - 7977ac3b-0be3-4a37-9fef-39f7814db179@group-A02DD63F7AE6-StateMachineUpdater: snapshotIndex: updateIncreasingly -1 -> 13
2019-09-16 16:56:22,426 [ForkJoinPool.commonPool-worker-1] INFO  impl.StateMachineUpdater (StateMachineUpdater.java:stopAndJoin(125)) - 3debf489-fb8f-44d7-9f14-87ea2202f1a2@group-A02DD63F7AE6-StateMachineUpdater: set stopIndex = 15
2019-09-16 16:56:22,426 [3debf489-fb8f-44d7-9f14-87ea2202f1a2@group-A02DD63F7AE6-StateMachineUpdater] INFO  ratis.ContainerStateMachine (ContainerStateMachine.java:takeSnapshot(289)) - group-A02DD63F7AE6: Taking a snapshot at:(t:4, i:14) file /workdir/hadoop-ozone/integration-test/target/test-dir/MiniOzoneClusterImpl-df60ebb5-d9ce-4d7d-8dc8-039b243d66da/datanode-2/data/ratis/cfc93d4e-2a62-452a-b3f1-a02dd63f7ae6/sm/snapshot.4_14
2019-09-16 16:56:22,426 [7977ac3b-0be3-4a37-9fef-39f7814db179@group-A02DD63F7AE6-StateMachineUpdater] INFO  ratis.ContainerStateMachine (ContainerStateMachine.java:takeSnapshot(289)) - group-A02DD63F7AE6: Taking a snapshot at:(t:4, i:13) file /workdir/hadoop-ozone/integration-test/target/test-dir/MiniOzoneClusterImpl-df60ebb5-d9ce-4d7d-8dc8-039b243d66da/datanode-5/data/ratis/cfc93d4e-2a62-452a-b3f1-a02dd63f7ae6/sm/snapshot.4_13
2019-09-16 16:56:22,426 [grpc-default-executor-3] INFO  server.GrpcServerProtocolService (GrpcServerProtocolService.java:onCompleted(113)) - cc439034-f900-459f-93f0-405510d1632e: Completed APPEND_ENTRIES, lastRequest: 3debf489-fb8f-44d7-9f14-87ea2202f1a2->cc439034-f900-459f-93f0-405510d1632e#148-t4, previous=(t:4, i:19), leaderCommit=15, initializing? false, entries: <empty>
2019-09-16 16:56:22,426 [grpc-default-executor-1] INFO  server.GrpcServerProtocolService (GrpcServerProtocolService.java:onCompleted(113)) - 7977ac3b-0be3-4a37-9fef-39f7814db179: Completed APPEND_ENTRIES, lastRequest: 3debf489-fb8f-44d7-9f14-87ea2202f1a2->7977ac3b-0be3-4a37-9fef-39f7814db179#148-t4, previous=(t:4, i:19), leaderCommit=15, initializing? false, entries: <empty>
2019-09-16 16:56:22,427 [grpc-default-executor-1] INFO  server.GrpcLogAppender (GrpcLogAppender.java:onCompleted(293)) - 3debf489-fb8f-44d7-9f14-87ea2202f1a2@group-A02DD63F7AE6->cc439034-f900-459f-93f0-405510d1632e-AppendLogResponseHandler: follower responses appendEntries COMPLETED
2019-09-16 16:56:22,430 [grpc-default-executor-3] INFO  server.GrpcLogAppender (GrpcLogAppender.java:onCompleted(293)) - 3debf489-fb8f-44d7-9f14-87ea2202f1a2@group-A02DD63F7AE6->7977ac3b-0be3-4a37-9fef-39f7814db179-AppendLogResponseHandler: follower responses appendEntries COMPLETED
2019-09-16 16:56:22,431 [grpc-default-executor-1] INFO  impl.FollowerInfo (FollowerInfo.java:lambda$new$0(51)) - 3debf489-fb8f-44d7-9f14-87ea2202f1a2@group-A02DD63F7AE6->cc439034-f900-459f-93f0-405510d1632e: nextIndex: updateUnconditionally 20 -> 16
2019-09-16 16:56:22,431 [grpc-default-executor-3] INFO  impl.FollowerInfo (FollowerInfo.java:lambda$new$0(51)) - 3debf489-fb8f-44d7-9f14-87ea2202f1a2@group-A02DD63F7AE6->7977ac3b-0be3-4a37-9fef-39f7814db179: nextIndex: updateUnconditionally 20 -> 16
2019-09-16 16:56:22,439 [java.util.concurrent.ThreadPoolExecutor$Worker@24305a62[State = -1, empty queue]] WARN  server.GrpcLogAppender (GrpcLogAppender.java:timeoutAppendRequest(200)) - 84a51469-6089-434c-9409-be6ecd1b15ae@group-96041FA828FE->ff1392d6-f741-46e8-b06b-d99a585290d3-GrpcLogAppender: appendEntries Timeout, request=84a51469-6089-434c-9409-be6ecd1b15ae->ff1392d6-f741-46e8-b06b-d99a585290d3#146-t2, previous=(t:2, i:20), leaderCommit=16, initializing? false, entries: <empty>
2019-09-16 16:56:22,439 [java.util.concurrent.ThreadPoolExecutor$Worker@65ab53cc[State = -1, empty queue]] WARN  server.GrpcLogAppender (GrpcLogAppender.java:timeoutAppendRequest(200)) - 84a51469-6089-434c-9409-be6ecd1b15ae@group-96041FA828FE->82d73395-84ed-4f5d-a3d4-b8dc3778e9c8-GrpcLogAppender: appendEntries Timeout, request=84a51469-6089-434c-9409-be6ecd1b15ae->82d73395-84ed-4f5d-a3d4-b8dc3778e9c8#146-t2, previous=(t:2, i:20), leaderCommit=16, initializing? false, entries: <empty>
2019-09-16 16:56:22,439 [3debf489-fb8f-44d7-9f14-87ea2202f1a2@group-A02DD63F7AE6-StateMachineUpdater] INFO  ratis.ContainerStateMachine (ContainerStateMachine.java:takeSnapshot(300)) - group-A02DD63F7AE6: Finished taking a snapshot at:(t:4, i:14) file:/workdir/hadoop-ozone/integration-test/target/test-dir/MiniOzoneClusterImpl-df60ebb5-d9ce-4d7d-8dc8-039b243d66da/datanode-2/data/ratis/cfc93d4e-2a62-452a-b3f1-a02dd63f7ae6/sm/snapshot.4_14 time:14
2019-09-16 16:56:22,440 [7977ac3b-0be3-4a37-9fef-39f7814db179@group-A02DD63F7AE6-StateMachineUpdater] INFO  ratis.ContainerStateMachine (ContainerStateMachine.java:takeSnapshot(300)) - group-A02DD63F7AE6: Finished taking a snapshot at:(t:4, i:13) file:/workdir/hadoop-ozone/integration-test/target/test-dir/MiniOzoneClusterImpl-df60ebb5-d9ce-4d7d-8dc8-039b243d66da/datanode-5/data/ratis/cfc93d4e-2a62-452a-b3f1-a02dd63f7ae6/sm/snapshot.4_13 time:13
2019-09-16 16:56:22,440 [3debf489-fb8f-44d7-9f14-87ea2202f1a2@group-A02DD63F7AE6-StateMachineUpdater] INFO  impl.StateMachineUpdater (StateMachineUpdater.java:takeSnapshot(258)) - 3debf489-fb8f-44d7-9f14-87ea2202f1a2@group-A02DD63F7AE6-StateMachineUpdater: Took a snapshot at index 14
2019-09-16 16:56:22,440 [7977ac3b-0be3-4a37-9fef-39f7814db179@group-A02DD63F7AE6-StateMachineUpdater] INFO  impl.StateMachineUpdater (StateMachineUpdater.java:takeSnapshot(258)) - 7977ac3b-0be3-4a37-9fef-39f7814db179@group-A02DD63F7AE6-StateMachineUpdater: Took a snapshot at index 13
2019-09-16 16:56:22,440 [3debf489-fb8f-44d7-9f14-87ea2202f1a2@group-A02DD63F7AE6-StateMachineUpdater] INFO  impl.StateMachineUpdater (StateMachineUpdater.java:lambda$new$0(83)) - 3debf489-fb8f-44d7-9f14-87ea2202f1a2@group-A02DD63F7AE6-StateMachineUpdater: snapshotIndex: updateIncreasingly -1 -> 14
2019-09-16 16:56:22,440 [7977ac3b-0be3-4a37-9fef-39f7814db179@group-A02DD63F7AE6-StateMachineUpdater] INFO  impl.StateMachineUpdater (StateMachineUpdater.java:lambda$new$0(83)) - 7977ac3b-0be3-4a37-9fef-39f7814db179@group-A02DD63F7AE6-StateMachineUpdater: snapshotIndex: updateIncreasingly 13 -> 13
2019-09-16 16:56:22,440 [3debf489-fb8f-44d7-9f14-87ea2202f1a2@group-A02DD63F7AE6-StateMachineUpdater] INFO  ratis.ContainerStateMachine (ContainerStateMachine.java:takeSnapshot(289)) - group-A02DD63F7AE6: Taking a snapshot at:(t:4, i:14) file /workdir/hadoop-ozone/integration-test/target/test-dir/MiniOzoneClusterImpl-df60ebb5-d9ce-4d7d-8dc8-039b243d66da/datanode-2/data/ratis/cfc93d4e-2a62-452a-b3f1-a02dd63f7ae6/sm/snapshot.4_14
2019-09-16 16:56:22,440 [main] INFO  impl.RaftServerImpl (ServerState.java:close(385)) - 7977ac3b-0be3-4a37-9fef-39f7814db179@group-A02DD63F7AE6: closes. applyIndex: 15
2019-09-16 16:56:22,444 [7977ac3b-0be3-4a37-9fef-39f7814db179@group-A02DD63F7AE6-SegmentedRaftLogWorker] ERROR ratis.XceiverServerRatis (XceiverServerRatis.java:triggerPipelineClose(568)) - pipeline Action CLOSE  on pipeline PipelineID=cfc93d4e-2a62-452a-b3f1-a02dd63f7ae6.Reason : WriteLog:16: (t:4, i:16), STATEMACHINELOGENTRY, client-1BF3ADFC909D, cid=56-writeStateMachineData interrupted.
2019-09-16 16:56:22,447 [main] INFO  segmented.SegmentedRaftLogWorker (SegmentedRaftLogWorker.java:close(228)) - 7977ac3b-0be3-4a37-9fef-39f7814db179@group-A02DD63F7AE6-SegmentedRaftLogWorker close()
2019-09-16 16:56:22,452 [main] INFO  impl.RaftServerImpl (RaftServerImpl.java:lambda$shutdown$3(251)) - 7977ac3b-0be3-4a37-9fef-39f7814db179@group-6DDC44D35A0E: shutdown
2019-09-16 16:56:22,452 [main] INFO  util.JmxRegister (JmxRegister.java:unregister(73)) - Successfully un-registered JMX Bean with object name Ratis:service=RaftServer,group=group-6DDC44D35A0E,id=7977ac3b-0be3-4a37-9fef-39f7814db179
2019-09-16 16:56:22,452 [main] INFO  impl.RoleInfo (RoleInfo.java:shutdownLeaderState(104)) - 7977ac3b-0be3-4a37-9fef-39f7814db179: shutdown LeaderState
2019-09-16 16:56:22,453 [main] INFO  impl.PendingRequests (PendingRequests.java:sendNotLeaderResponses(202)) - 7977ac3b-0be3-4a37-9fef-39f7814db179-PendingRequests: sendNotLeaderResponses
2019-09-16 16:56:22,453 [main] INFO  impl.StateMachineUpdater (StateMachineUpdater.java:stopAndJoin(125)) - 7977ac3b-0be3-4a37-9fef-39f7814db179@group-6DDC44D35A0E-StateMachineUpdater: set stopIndex = 0
2019-09-16 16:56:22,453 [3debf489-fb8f-44d7-9f14-87ea2202f1a2@group-A02DD63F7AE6-StateMachineUpdater] INFO  ratis.ContainerStateMachine (ContainerStateMachine.java:takeSnapshot(300)) - group-A02DD63F7AE6: Finished taking a snapshot at:(t:4, i:14) file:/workdir/hadoop-ozone/integration-test/target/test-dir/MiniOzoneClusterImpl-df60ebb5-d9ce-4d7d-8dc8-039b243d66da/datanode-2/data/ratis/cfc93d4e-2a62-452a-b3f1-a02dd63f7ae6/sm/snapshot.4_14 time:14
2019-09-16 16:56:22,453 [main] INFO  impl.RaftServerImpl (ServerState.java:close(385)) - 7977ac3b-0be3-4a37-9fef-39f7814db179@group-6DDC44D35A0E: closes. applyIndex: 0
2019-09-16 16:56:22,453 [3debf489-fb8f-44d7-9f14-87ea2202f1a2@group-A02DD63F7AE6-StateMachineUpdater] INFO  impl.StateMachineUpdater (StateMachineUpdater.java:takeSnapshot(258)) - 3debf489-fb8f-44d7-9f14-87ea2202f1a2@group-A02DD63F7AE6-StateMachineUpdater: Took a snapshot at index 14
2019-09-16 16:56:22,454 [3debf489-fb8f-44d7-9f14-87ea2202f1a2@group-A02DD63F7AE6-StateMachineUpdater] INFO  impl.StateMachineUpdater (StateMachineUpdater.java:lambda$new$0(83)) - 3debf489-fb8f-44d7-9f14-87ea2202f1a2@group-A02DD63F7AE6-StateMachineUpdater: snapshotIndex: updateIncreasingly 14 -> 14
2019-09-16 16:56:22,454 [7977ac3b-0be3-4a37-9fef-39f7814db179@group-6DDC44D35A0E-SegmentedRaftLogWorker] INFO  segmented.SegmentedRaftLogWorker (SegmentedRaftLogWorker.java:run(313)) - 7977ac3b-0be3-4a37-9fef-39f7814db179@group-6DDC44D35A0E-SegmentedRaftLogWorker was interrupted, exiting. There are 0 tasks remaining in the queue.
2019-09-16 16:56:22,454 [ForkJoinPool.commonPool-worker-1] INFO  impl.RaftServerImpl (ServerState.java:close(385)) - 3debf489-fb8f-44d7-9f14-87ea2202f1a2@group-A02DD63F7AE6: closes. applyIndex: 15
2019-09-16 16:56:22,457 [main] INFO  segmented.SegmentedRaftLogWorker (SegmentedRaftLogWorker.java:close(228)) - 7977ac3b-0be3-4a37-9fef-39f7814db179@group-6DDC44D35A0E-SegmentedRaftLogWorker close()
2019-09-16 16:56:22,460 [3debf489-fb8f-44d7-9f14-87ea2202f1a2@group-A02DD63F7AE6-SegmentedRaftLogWorker] ERROR ratis.XceiverServerRatis (XceiverServerRatis.java:triggerPipelineClose(568)) - pipeline Action CLOSE  on pipeline PipelineID=cfc93d4e-2a62-452a-b3f1-a02dd63f7ae6.Reason : WriteLog:16: (t:4, i:16), STATEMACHINELOGENTRY, client-1BF3ADFC909D, cid=56-writeStateMachineData interrupted.
2019-09-16 16:56:22,465 [main] INFO  server.GrpcService (GrpcService.java:closeImpl(164)) - 7977ac3b-0be3-4a37-9fef-39f7814db179: shutdown server with port 39944 now
2019-09-16 16:56:22,467 [ForkJoinPool.commonPool-worker-1] INFO  segmented.SegmentedRaftLogWorker (SegmentedRaftLogWorker.java:close(228)) - 3debf489-fb8f-44d7-9f14-87ea2202f1a2@group-A02DD63F7AE6-SegmentedRaftLogWorker close()
2019-09-16 16:56:22,471 [ForkJoinPool.commonPool-worker-1] INFO  server.GrpcService (GrpcService.java:closeImpl(164)) - 3debf489-fb8f-44d7-9f14-87ea2202f1a2: shutdown server with port 46057 now
2019-09-16 16:56:22,472 [main] INFO  server.GrpcService (GrpcService.java:closeImpl(172)) - 7977ac3b-0be3-4a37-9fef-39f7814db179: shutdown server with port 39944 successfully
2019-09-16 16:56:22,472 [ForkJoinPool.commonPool-worker-1] INFO  server.GrpcService (GrpcService.java:closeImpl(172)) - 3debf489-fb8f-44d7-9f14-87ea2202f1a2: shutdown server with port 46057 successfully
2019-09-16 16:56:22,474 [refreshUsed-/workdir/hadoop-ozone/integration-test/target/test-dir/MiniOzoneClusterImpl-df60ebb5-d9ce-4d7d-8dc8-039b243d66da/datanode-5/data/containers] WARN  fs.CachingGetSpaceUsed (CachingGetSpaceUsed.java:run(183)) - Thread Interrupted waiting to refresh disk information: sleep interrupted
2019-09-16 16:56:22,482 [refreshUsed-/workdir/hadoop-ozone/integration-test/target/test-dir/MiniOzoneClusterImpl-df60ebb5-d9ce-4d7d-8dc8-039b243d66da/datanode-2/data/containers] WARN  fs.CachingGetSpaceUsed (CachingGetSpaceUsed.java:run(183)) - Thread Interrupted waiting to refresh disk information: sleep interrupted
2019-09-16 16:56:22,496 [main] INFO  utils.BackgroundService (BackgroundService.java:shutdown(148)) - Shutting down service BlockDeletingService
2019-09-16 16:56:22,501 [main] INFO  statemachine.DatanodeStateMachine (DatanodeStateMachine.java:stopDaemon(395)) - Ozone container server stopped.
2019-09-16 16:56:22,502 [main] INFO  handler.ContextHandler (ContextHandler.java:doStop(910)) - Stopped o.e.j.w.WebAppContext@3c83468e{/,null,UNAVAILABLE}{/hddsDatanode}
2019-09-16 16:56:22,503 [main] INFO  server.AbstractConnector (AbstractConnector.java:doStop(318)) - Stopped ServerConnector@272ce069{HTTP/1.1,[http/1.1]}{0.0.0.0:0}
2019-09-16 16:56:22,503 [main] INFO  handler.ContextHandler (ContextHandler.java:doStop(910)) - Stopped o.e.j.s.ServletContextHandler@ccf91df{/static,jar:file:/home/user/.m2/repository/org/apache/hadoop/hadoop-hdds-container-service/0.5.0-SNAPSHOT/hadoop-hdds-container-service-0.5.0-SNAPSHOT.jar!/webapps/static,UNAVAILABLE}
2019-09-16 16:56:22,504 [main] INFO  handler.ContextHandler (ContextHandler.java:doStop(910)) - Stopped o.e.j.s.ServletContextHandler@75d4a80f{/logs,file:///workdir/hadoop-ozone/integration-test/target/log,UNAVAILABLE}
2019-09-16 16:56:22,505 [ForkJoinPool.commonPool-worker-1] INFO  utils.BackgroundService (BackgroundService.java:shutdown(148)) - Shutting down service BlockDeletingService
2019-09-16 16:56:22,510 [ForkJoinPool.commonPool-worker-1] INFO  statemachine.DatanodeStateMachine (DatanodeStateMachine.java:stopDaemon(395)) - Ozone container server stopped.
2019-09-16 16:56:22,515 [ForkJoinPool.commonPool-worker-1] INFO  handler.ContextHandler (ContextHandler.java:doStop(910)) - Stopped o.e.j.w.WebAppContext@4745e9c{/,null,UNAVAILABLE}{/hddsDatanode}
2019-09-16 16:56:22,516 [ForkJoinPool.commonPool-worker-1] INFO  server.AbstractConnector (AbstractConnector.java:doStop(318)) - Stopped ServerConnector@2f2bff16{HTTP/1.1,[http/1.1]}{0.0.0.0:0}
2019-09-16 16:56:22,517 [ForkJoinPool.commonPool-worker-1] INFO  handler.ContextHandler (ContextHandler.java:doStop(910)) - Stopped o.e.j.s.ServletContextHandler@4b65d9f4{/static,jar:file:/home/user/.m2/repository/org/apache/hadoop/hadoop-hdds-container-service/0.5.0-SNAPSHOT/hadoop-hdds-container-service-0.5.0-SNAPSHOT.jar!/webapps/static,UNAVAILABLE}
2019-09-16 16:56:22,519 [ForkJoinPool.commonPool-worker-1] INFO  handler.ContextHandler (ContextHandler.java:doStop(910)) - Stopped o.e.j.s.ServletContextHandler@2e66bc32{/logs,file:///workdir/hadoop-ozone/integration-test/target/log,UNAVAILABLE}
2019-09-16 16:56:22,895 [Datanode State Machine Thread - 0] INFO  statemachine.DatanodeStateMachine (DatanodeStateMachine.java:lambda$startDaemon$0(350)) - Ozone container server started.
2019-09-16 16:56:22,939 [java.util.concurrent.ThreadPoolExecutor$Worker@24305a62[State = -1, empty queue]] WARN  server.GrpcLogAppender (GrpcLogAppender.java:timeoutAppendRequest(200)) - 84a51469-6089-434c-9409-be6ecd1b15ae@group-96041FA828FE->ff1392d6-f741-46e8-b06b-d99a585290d3-GrpcLogAppender: appendEntries Timeout, request=84a51469-6089-434c-9409-be6ecd1b15ae->ff1392d6-f741-46e8-b06b-d99a585290d3#147-t2, previous=(t:2, i:20), leaderCommit=16, initializing? false, entries: <empty>
2019-09-16 16:56:22,939 [java.util.concurrent.ThreadPoolExecutor$Worker@65ab53cc[State = -1, empty queue]] WARN  server.GrpcLogAppender (GrpcLogAppender.java:timeoutAppendRequest(200)) - 84a51469-6089-434c-9409-be6ecd1b15ae@group-96041FA828FE->82d73395-84ed-4f5d-a3d4-b8dc3778e9c8-GrpcLogAppender: appendEntries Timeout, request=84a51469-6089-434c-9409-be6ecd1b15ae->82d73395-84ed-4f5d-a3d4-b8dc3778e9c8#147-t2, previous=(t:2, i:20), leaderCommit=16, initializing? false, entries: <empty>
2019-09-16 16:56:23,231 [Datanode State Machine Thread - 0] INFO  statemachine.DatanodeStateMachine (DatanodeStateMachine.java:lambda$startDaemon$0(350)) - Ozone container server started.
2019-09-16 16:56:23,440 [java.util.concurrent.ThreadPoolExecutor$Worker@65ab53cc[State = -1, empty queue]] WARN  server.GrpcLogAppender (GrpcLogAppender.java:timeoutAppendRequest(200)) - 84a51469-6089-434c-9409-be6ecd1b15ae@group-96041FA828FE->82d73395-84ed-4f5d-a3d4-b8dc3778e9c8-GrpcLogAppender: appendEntries Timeout, request=84a51469-6089-434c-9409-be6ecd1b15ae->82d73395-84ed-4f5d-a3d4-b8dc3778e9c8#148-t2, previous=(t:2, i:20), leaderCommit=16, initializing? false, entries: <empty>
2019-09-16 16:56:23,440 [java.util.concurrent.ThreadPoolExecutor$Worker@24305a62[State = -1, empty queue]] WARN  server.GrpcLogAppender (GrpcLogAppender.java:timeoutAppendRequest(200)) - 84a51469-6089-434c-9409-be6ecd1b15ae@group-96041FA828FE->ff1392d6-f741-46e8-b06b-d99a585290d3-GrpcLogAppender: appendEntries Timeout, request=84a51469-6089-434c-9409-be6ecd1b15ae->ff1392d6-f741-46e8-b06b-d99a585290d3#148-t2, previous=(t:2, i:20), leaderCommit=16, initializing? false, entries: <empty>
2019-09-16 16:56:23,940 [java.util.concurrent.ThreadPoolExecutor$Worker@65ab53cc[State = -1, empty queue]] WARN  server.GrpcLogAppender (GrpcLogAppender.java:timeoutAppendRequest(200)) - 84a51469-6089-434c-9409-be6ecd1b15ae@group-96041FA828FE->82d73395-84ed-4f5d-a3d4-b8dc3778e9c8-GrpcLogAppender: appendEntries Timeout, request=84a51469-6089-434c-9409-be6ecd1b15ae->82d73395-84ed-4f5d-a3d4-b8dc3778e9c8#149-t2, previous=(t:2, i:20), leaderCommit=16, initializing? false, entries: <empty>
2019-09-16 16:56:23,940 [java.util.concurrent.ThreadPoolExecutor$Worker@24305a62[State = -1, empty queue]] WARN  server.GrpcLogAppender (GrpcLogAppender.java:timeoutAppendRequest(200)) - 84a51469-6089-434c-9409-be6ecd1b15ae@group-96041FA828FE->ff1392d6-f741-46e8-b06b-d99a585290d3-GrpcLogAppender: appendEntries Timeout, request=84a51469-6089-434c-9409-be6ecd1b15ae->ff1392d6-f741-46e8-b06b-d99a585290d3#149-t2, previous=(t:2, i:20), leaderCommit=16, initializing? false, entries: <empty>
2019-09-16 16:56:24,440 [java.util.concurrent.ThreadPoolExecutor$Worker@24305a62[State = -1, empty queue]] WARN  server.GrpcLogAppender (GrpcLogAppender.java:timeoutAppendRequest(200)) - 84a51469-6089-434c-9409-be6ecd1b15ae@group-96041FA828FE->ff1392d6-f741-46e8-b06b-d99a585290d3-GrpcLogAppender: appendEntries Timeout, request=84a51469-6089-434c-9409-be6ecd1b15ae->ff1392d6-f741-46e8-b06b-d99a585290d3#150-t2, previous=(t:2, i:20), leaderCommit=16, initializing? false, entries: <empty>
2019-09-16 16:56:24,440 [java.util.concurrent.ThreadPoolExecutor$Worker@65ab53cc[State = -1, empty queue]] WARN  server.GrpcLogAppender (GrpcLogAppender.java:timeoutAppendRequest(200)) - 84a51469-6089-434c-9409-be6ecd1b15ae@group-96041FA828FE->82d73395-84ed-4f5d-a3d4-b8dc3778e9c8-GrpcLogAppender: appendEntries Timeout, request=84a51469-6089-434c-9409-be6ecd1b15ae->82d73395-84ed-4f5d-a3d4-b8dc3778e9c8#150-t2, previous=(t:2, i:20), leaderCommit=16, initializing? false, entries: <empty>
2019-09-16 16:56:24,940 [java.util.concurrent.ThreadPoolExecutor$Worker@24305a62[State = -1, empty queue]] WARN  server.GrpcLogAppender (GrpcLogAppender.java:timeoutAppendRequest(200)) - 84a51469-6089-434c-9409-be6ecd1b15ae@group-96041FA828FE->ff1392d6-f741-46e8-b06b-d99a585290d3-GrpcLogAppender: appendEntries Timeout, request=84a51469-6089-434c-9409-be6ecd1b15ae->ff1392d6-f741-46e8-b06b-d99a585290d3#151-t2, previous=(t:2, i:20), leaderCommit=16, initializing? false, entries: <empty>
2019-09-16 16:56:24,940 [java.util.concurrent.ThreadPoolExecutor$Worker@65ab53cc[State = -1, empty queue]] WARN  server.GrpcLogAppender (GrpcLogAppender.java:timeoutAppendRequest(200)) - 84a51469-6089-434c-9409-be6ecd1b15ae@group-96041FA828FE->82d73395-84ed-4f5d-a3d4-b8dc3778e9c8-GrpcLogAppender: appendEntries Timeout, request=84a51469-6089-434c-9409-be6ecd1b15ae->82d73395-84ed-4f5d-a3d4-b8dc3778e9c8#151-t2, previous=(t:2, i:20), leaderCommit=16, initializing? false, entries: <empty>
2019-09-16 16:56:25,375 [84a51469-6089-434c-9409-be6ecd1b15ae@group-96041FA828FE-SegmentedRaftLogWorker] WARN  segmented.SegmentedRaftLogWorker (SegmentedRaftLogWorker.java:getFromFuture(90)) - Timeout 4/~
org.apache.ratis.protocol.TimeoutIOException: Timeout 10s: WriteLog:17: (t:2, i:17), STATEMACHINELOGENTRY, client-B39EF5C42450, cid=43-writeStateMachineData
	at org.apache.ratis.util.IOUtils.getFromFuture(IOUtils.java:87)
	at org.apache.ratis.server.raftlog.segmented.SegmentedRaftLogWorker$StateMachineDataPolicy.getFromFuture(SegmentedRaftLogWorker.java:87)
	at org.apache.ratis.server.raftlog.segmented.SegmentedRaftLogWorker$WriteLog.execute(SegmentedRaftLogWorker.java:477)
	at org.apache.ratis.server.raftlog.segmented.SegmentedRaftLogWorker.run(SegmentedRaftLogWorker.java:289)
	at java.lang.Thread.run(Thread.java:748)
Caused by: java.util.concurrent.TimeoutException
	at java.util.concurrent.CompletableFuture.timedGet(CompletableFuture.java:1771)
	at java.util.concurrent.CompletableFuture.get(CompletableFuture.java:1915)
	at org.apache.ratis.util.IOUtils.getFromFuture(IOUtils.java:79)
	... 4 more
2019-09-16 16:56:25,395 [82d73395-84ed-4f5d-a3d4-b8dc3778e9c8@group-96041FA828FE-SegmentedRaftLogWorker] WARN  segmented.SegmentedRaftLogWorker (SegmentedRaftLogWorker.java:getFromFuture(90)) - Timeout 4/~
org.apache.ratis.protocol.TimeoutIOException: Timeout 10s: WriteLog:17: (t:2, i:17), STATEMACHINELOGENTRY, client-B39EF5C42450, cid=43-writeStateMachineData
	at org.apache.ratis.util.IOUtils.getFromFuture(IOUtils.java:87)
	at org.apache.ratis.server.raftlog.segmented.SegmentedRaftLogWorker$StateMachineDataPolicy.getFromFuture(SegmentedRaftLogWorker.java:87)
	at org.apache.ratis.server.raftlog.segmented.SegmentedRaftLogWorker$WriteLog.execute(SegmentedRaftLogWorker.java:477)
	at org.apache.ratis.server.raftlog.segmented.SegmentedRaftLogWorker.run(SegmentedRaftLogWorker.java:289)
	at java.lang.Thread.run(Thread.java:748)
Caused by: java.util.concurrent.TimeoutException
	at java.util.concurrent.CompletableFuture.timedGet(CompletableFuture.java:1771)
	at java.util.concurrent.CompletableFuture.get(CompletableFuture.java:1915)
	at org.apache.ratis.util.IOUtils.getFromFuture(IOUtils.java:79)
	... 4 more
2019-09-16 16:56:25,441 [java.util.concurrent.ThreadPoolExecutor$Worker@65ab53cc[State = -1, empty queue]] WARN  server.GrpcLogAppender (GrpcLogAppender.java:timeoutAppendRequest(200)) - 84a51469-6089-434c-9409-be6ecd1b15ae@group-96041FA828FE->82d73395-84ed-4f5d-a3d4-b8dc3778e9c8-GrpcLogAppender: appendEntries Timeout, request=84a51469-6089-434c-9409-be6ecd1b15ae->82d73395-84ed-4f5d-a3d4-b8dc3778e9c8#152-t2, previous=(t:2, i:20), leaderCommit=16, initializing? false, entries: <empty>
2019-09-16 16:56:25,441 [java.util.concurrent.ThreadPoolExecutor$Worker@24305a62[State = -1, empty queue]] WARN  server.GrpcLogAppender (GrpcLogAppender.java:timeoutAppendRequest(200)) - 84a51469-6089-434c-9409-be6ecd1b15ae@group-96041FA828FE->ff1392d6-f741-46e8-b06b-d99a585290d3-GrpcLogAppender: appendEntries Timeout, request=84a51469-6089-434c-9409-be6ecd1b15ae->ff1392d6-f741-46e8-b06b-d99a585290d3#152-t2, previous=(t:2, i:20), leaderCommit=16, initializing? false, entries: <empty>
2019-09-16 16:56:25,475 [ff1392d6-f741-46e8-b06b-d99a585290d3@group-96041FA828FE-SegmentedRaftLogWorker] WARN  segmented.SegmentedRaftLogWorker (SegmentedRaftLogWorker.java:getFromFuture(90)) - Timeout 4/~
org.apache.ratis.protocol.TimeoutIOException: Timeout 10s: WriteLog:19: (t:2, i:19), STATEMACHINELOGENTRY, client-B39EF5C42450, cid=45-writeStateMachineData
	at org.apache.ratis.util.IOUtils.getFromFuture(IOUtils.java:87)
	at org.apache.ratis.server.raftlog.segmented.SegmentedRaftLogWorker$StateMachineDataPolicy.getFromFuture(SegmentedRaftLogWorker.java:87)
	at org.apache.ratis.server.raftlog.segmented.SegmentedRaftLogWorker$WriteLog.execute(SegmentedRaftLogWorker.java:477)
	at org.apache.ratis.server.raftlog.segmented.SegmentedRaftLogWorker.run(SegmentedRaftLogWorker.java:289)
	at java.lang.Thread.run(Thread.java:748)
Caused by: java.util.concurrent.TimeoutException
	at java.util.concurrent.CompletableFuture.timedGet(CompletableFuture.java:1771)
	at java.util.concurrent.CompletableFuture.get(CompletableFuture.java:1915)
	at org.apache.ratis.util.IOUtils.getFromFuture(IOUtils.java:79)
	... 4 more
2019-09-16 16:56:25,941 [java.util.concurrent.ThreadPoolExecutor$Worker@24305a62[State = -1, empty queue]] WARN  server.GrpcLogAppender (GrpcLogAppender.java:timeoutAppendRequest(200)) - 84a51469-6089-434c-9409-be6ecd1b15ae@group-96041FA828FE->ff1392d6-f741-46e8-b06b-d99a585290d3-GrpcLogAppender: appendEntries Timeout, request=84a51469-6089-434c-9409-be6ecd1b15ae->ff1392d6-f741-46e8-b06b-d99a585290d3#153-t2, previous=(t:2, i:20), leaderCommit=16, initializing? false, entries: <empty>
2019-09-16 16:56:25,941 [java.util.concurrent.ThreadPoolExecutor$Worker@65ab53cc[State = -1, empty queue]] WARN  server.GrpcLogAppender (GrpcLogAppender.java:timeoutAppendRequest(200)) - 84a51469-6089-434c-9409-be6ecd1b15ae@group-96041FA828FE->82d73395-84ed-4f5d-a3d4-b8dc3778e9c8-GrpcLogAppender: appendEntries Timeout, request=84a51469-6089-434c-9409-be6ecd1b15ae->82d73395-84ed-4f5d-a3d4-b8dc3778e9c8#153-t2, previous=(t:2, i:20), leaderCommit=16, initializing? false, entries: <empty>
2019-09-16 16:56:26,441 [java.util.concurrent.ThreadPoolExecutor$Worker@65ab53cc[State = -1, empty queue]] WARN  server.GrpcLogAppender (GrpcLogAppender.java:timeoutAppendRequest(200)) - 84a51469-6089-434c-9409-be6ecd1b15ae@group-96041FA828FE->82d73395-84ed-4f5d-a3d4-b8dc3778e9c8-GrpcLogAppender: appendEntries Timeout, request=84a51469-6089-434c-9409-be6ecd1b15ae->82d73395-84ed-4f5d-a3d4-b8dc3778e9c8#154-t2, previous=(t:2, i:20), leaderCommit=16, initializing? false, entries: <empty>
2019-09-16 16:56:26,441 [java.util.concurrent.ThreadPoolExecutor$Worker@24305a62[State = -1, empty queue]] WARN  server.GrpcLogAppender (GrpcLogAppender.java:timeoutAppendRequest(200)) - 84a51469-6089-434c-9409-be6ecd1b15ae@group-96041FA828FE->ff1392d6-f741-46e8-b06b-d99a585290d3-GrpcLogAppender: appendEntries Timeout, request=84a51469-6089-434c-9409-be6ecd1b15ae->ff1392d6-f741-46e8-b06b-d99a585290d3#154-t2, previous=(t:2, i:20), leaderCommit=16, initializing? false, entries: <empty>
2019-09-16 16:56:26,868 [c232c0ff-9192-4b00-ad60-76b55f03f95e@group-A91BA5A7B369-SegmentedRaftLogWorker] WARN  segmented.SegmentedRaftLogWorker (SegmentedRaftLogWorker.java:getFromFuture(90)) - Timeout 6/~
org.apache.ratis.protocol.TimeoutIOException: Timeout 10s: WriteLog:19: (t:2, i:19), STATEMACHINELOGENTRY, client-59284F2D283B, cid=31-writeStateMachineData
	at org.apache.ratis.util.IOUtils.getFromFuture(IOUtils.java:87)
	at org.apache.ratis.server.raftlog.segmented.SegmentedRaftLogWorker$StateMachineDataPolicy.getFromFuture(SegmentedRaftLogWorker.java:87)
	at org.apache.ratis.server.raftlog.segmented.SegmentedRaftLogWorker$WriteLog.execute(SegmentedRaftLogWorker.java:477)
	at org.apache.ratis.server.raftlog.segmented.SegmentedRaftLogWorker.run(SegmentedRaftLogWorker.java:289)
	at java.lang.Thread.run(Thread.java:748)
Caused by: java.util.concurrent.TimeoutException
	at java.util.concurrent.CompletableFuture.timedGet(CompletableFuture.java:1771)
	at java.util.concurrent.CompletableFuture.get(CompletableFuture.java:1915)
	at org.apache.ratis.util.IOUtils.getFromFuture(IOUtils.java:79)
	... 4 more
2019-09-16 16:56:26,895 [315b4b00-5c1a-4cba-b27d-9eac94437c20@group-A91BA5A7B369-SegmentedRaftLogWorker] WARN  segmented.SegmentedRaftLogWorker (SegmentedRaftLogWorker.java:getFromFuture(90)) - Timeout 6/~
org.apache.ratis.protocol.TimeoutIOException: Timeout 10s: WriteLog:19: (t:2, i:19), STATEMACHINELOGENTRY, client-59284F2D283B, cid=31-writeStateMachineData
	at org.apache.ratis.util.IOUtils.getFromFuture(IOUtils.java:87)
	at org.apache.ratis.server.raftlog.segmented.SegmentedRaftLogWorker$StateMachineDataPolicy.getFromFuture(SegmentedRaftLogWorker.java:87)
	at org.apache.ratis.server.raftlog.segmented.SegmentedRaftLogWorker$WriteLog.execute(SegmentedRaftLogWorker.java:477)
	at org.apache.ratis.server.raftlog.segmented.SegmentedRaftLogWorker.run(SegmentedRaftLogWorker.java:289)
	at java.lang.Thread.run(Thread.java:748)
Caused by: java.util.concurrent.TimeoutException
	at java.util.concurrent.CompletableFuture.timedGet(CompletableFuture.java:1771)
	at java.util.concurrent.CompletableFuture.get(CompletableFuture.java:1915)
	at org.apache.ratis.util.IOUtils.getFromFuture(IOUtils.java:79)
	... 4 more
2019-09-16 16:56:26,942 [java.util.concurrent.ThreadPoolExecutor$Worker@24305a62[State = -1, empty queue]] WARN  server.GrpcLogAppender (GrpcLogAppender.java:timeoutAppendRequest(200)) - 84a51469-6089-434c-9409-be6ecd1b15ae@group-96041FA828FE->ff1392d6-f741-46e8-b06b-d99a585290d3-GrpcLogAppender: appendEntries Timeout, request=84a51469-6089-434c-9409-be6ecd1b15ae->ff1392d6-f741-46e8-b06b-d99a585290d3#155-t2, previous=(t:2, i:20), leaderCommit=16, initializing? false, entries: <empty>
2019-09-16 16:56:26,942 [java.util.concurrent.ThreadPoolExecutor$Worker@65ab53cc[State = -1, empty queue]] WARN  server.GrpcLogAppender (GrpcLogAppender.java:timeoutAppendRequest(200)) - 84a51469-6089-434c-9409-be6ecd1b15ae@group-96041FA828FE->82d73395-84ed-4f5d-a3d4-b8dc3778e9c8-GrpcLogAppender: appendEntries Timeout, request=84a51469-6089-434c-9409-be6ecd1b15ae->82d73395-84ed-4f5d-a3d4-b8dc3778e9c8#155-t2, previous=(t:2, i:20), leaderCommit=16, initializing? false, entries: <empty>
2019-09-16 16:56:27,442 [java.util.concurrent.ThreadPoolExecutor$Worker@65ab53cc[State = -1, empty queue]] WARN  server.GrpcLogAppender (GrpcLogAppender.java:timeoutAppendRequest(200)) - 84a51469-6089-434c-9409-be6ecd1b15ae@group-96041FA828FE->82d73395-84ed-4f5d-a3d4-b8dc3778e9c8-GrpcLogAppender: appendEntries Timeout, request=84a51469-6089-434c-9409-be6ecd1b15ae->82d73395-84ed-4f5d-a3d4-b8dc3778e9c8#156-t2, previous=(t:2, i:20), leaderCommit=16, initializing? false, entries: <empty>
2019-09-16 16:56:27,442 [java.util.concurrent.ThreadPoolExecutor$Worker@24305a62[State = -1, empty queue]] WARN  server.GrpcLogAppender (GrpcLogAppender.java:timeoutAppendRequest(200)) - 84a51469-6089-434c-9409-be6ecd1b15ae@group-96041FA828FE->ff1392d6-f741-46e8-b06b-d99a585290d3-GrpcLogAppender: appendEntries Timeout, request=84a51469-6089-434c-9409-be6ecd1b15ae->ff1392d6-f741-46e8-b06b-d99a585290d3#156-t2, previous=(t:2, i:20), leaderCommit=16, initializing? false, entries: <empty>
2019-09-16 16:56:27,513 [main] INFO  ozoneimpl.OzoneContainer (OzoneContainer.java:stop(231)) - Attempting to stop container services.
2019-09-16 16:56:27,514 [main] INFO  impl.RaftServerProxy (RaftServerProxy.java:lambda$close$4(314)) - 315b4b00-5c1a-4cba-b27d-9eac94437c20: close
2019-09-16 16:56:27,515 [main] INFO  impl.RaftServerImpl (RaftServerImpl.java:lambda$shutdown$3(251)) - 315b4b00-5c1a-4cba-b27d-9eac94437c20@group-A91BA5A7B369: shutdown
2019-09-16 16:56:27,515 [main] INFO  util.JmxRegister (JmxRegister.java:unregister(73)) - Successfully un-registered JMX Bean with object name Ratis:service=RaftServer,group=group-A91BA5A7B369,id=315b4b00-5c1a-4cba-b27d-9eac94437c20
2019-09-16 16:56:27,516 [main] INFO  impl.RoleInfo (RoleInfo.java:shutdownFollowerState(121)) - 315b4b00-5c1a-4cba-b27d-9eac94437c20: shutdown FollowerState
2019-09-16 16:56:27,516 [main] INFO  impl.StateMachineUpdater (StateMachineUpdater.java:stopAndJoin(125)) - 315b4b00-5c1a-4cba-b27d-9eac94437c20@group-A91BA5A7B369-StateMachineUpdater: set stopIndex = 16
2019-09-16 16:56:27,516 [315b4b00-5c1a-4cba-b27d-9eac94437c20@group-A91BA5A7B369-StateMachineUpdater] INFO  ratis.ContainerStateMachine (ContainerStateMachine.java:takeSnapshot(289)) - group-A91BA5A7B369: Taking a snapshot at:(t:2, i:12) file /workdir/hadoop-ozone/integration-test/target/test-dir/MiniOzoneClusterImpl-df60ebb5-d9ce-4d7d-8dc8-039b243d66da/datanode-6/data/ratis/2930b6d6-5a9e-418f-ba71-a91ba5a7b369/sm/snapshot.2_12
2019-09-16 16:56:27,516 [Thread-414] INFO  impl.FollowerState (FollowerState.java:run(115)) - 315b4b00-5c1a-4cba-b27d-9eac94437c20: FollowerState was interrupted: java.lang.InterruptedException: sleep interrupted
2019-09-16 16:56:27,520 [ForkJoinPool.commonPool-worker-1] INFO  ozoneimpl.OzoneContainer (OzoneContainer.java:stop(231)) - Attempting to stop container services.
2019-09-16 16:56:27,521 [ForkJoinPool.commonPool-worker-1] INFO  impl.RaftServerProxy (RaftServerProxy.java:lambda$close$4(314)) - cc439034-f900-459f-93f0-405510d1632e: close
2019-09-16 16:56:27,521 [ForkJoinPool.commonPool-worker-1] INFO  impl.RaftServerImpl (RaftServerImpl.java:lambda$shutdown$3(251)) - cc439034-f900-459f-93f0-405510d1632e@group-A02DD63F7AE6: shutdown
2019-09-16 16:56:27,522 [ForkJoinPool.commonPool-worker-1] INFO  util.JmxRegister (JmxRegister.java:unregister(73)) - Successfully un-registered JMX Bean with object name Ratis:service=RaftServer,group=group-A02DD63F7AE6,id=cc439034-f900-459f-93f0-405510d1632e
2019-09-16 16:56:27,522 [ForkJoinPool.commonPool-worker-1] INFO  impl.RoleInfo (RoleInfo.java:shutdownFollowerState(121)) - cc439034-f900-459f-93f0-405510d1632e: shutdown FollowerState
2019-09-16 16:56:27,522 [ForkJoinPool.commonPool-worker-1] INFO  impl.StateMachineUpdater (StateMachineUpdater.java:stopAndJoin(125)) - cc439034-f900-459f-93f0-405510d1632e@group-A02DD63F7AE6-StateMachineUpdater: set stopIndex = 15
2019-09-16 16:56:27,522 [cc439034-f900-459f-93f0-405510d1632e@group-A02DD63F7AE6-StateMachineUpdater] INFO  ratis.ContainerStateMachine (ContainerStateMachine.java:takeSnapshot(289)) - group-A02DD63F7AE6: Taking a snapshot at:(t:4, i:13) file /workdir/hadoop-ozone/integration-test/target/test-dir/MiniOzoneClusterImpl-df60ebb5-d9ce-4d7d-8dc8-039b243d66da/datanode-3/data/ratis/cfc93d4e-2a62-452a-b3f1-a02dd63f7ae6/sm/snapshot.4_13
2019-09-16 16:56:27,522 [Thread-501] INFO  impl.FollowerState (FollowerState.java:run(115)) - cc439034-f900-459f-93f0-405510d1632e: FollowerState was interrupted: java.lang.InterruptedException: sleep interrupted
2019-09-16 16:56:27,533 [315b4b00-5c1a-4cba-b27d-9eac94437c20@group-A91BA5A7B369-StateMachineUpdater] INFO  ratis.ContainerStateMachine (ContainerStateMachine.java:takeSnapshot(300)) - group-A91BA5A7B369: Finished taking a snapshot at:(t:2, i:12) file:/workdir/hadoop-ozone/integration-test/target/test-dir/MiniOzoneClusterImpl-df60ebb5-d9ce-4d7d-8dc8-039b243d66da/datanode-6/data/ratis/2930b6d6-5a9e-418f-ba71-a91ba5a7b369/sm/snapshot.2_12 time:17
2019-09-16 16:56:27,533 [cc439034-f900-459f-93f0-405510d1632e@group-A02DD63F7AE6-StateMachineUpdater] INFO  ratis.ContainerStateMachine (ContainerStateMachine.java:takeSnapshot(300)) - group-A02DD63F7AE6: Finished taking a snapshot at:(t:4, i:13) file:/workdir/hadoop-ozone/integration-test/target/test-dir/MiniOzoneClusterImpl-df60ebb5-d9ce-4d7d-8dc8-039b243d66da/datanode-3/data/ratis/cfc93d4e-2a62-452a-b3f1-a02dd63f7ae6/sm/snapshot.4_13 time:11
2019-09-16 16:56:27,533 [315b4b00-5c1a-4cba-b27d-9eac94437c20@group-A91BA5A7B369-StateMachineUpdater] INFO  impl.StateMachineUpdater (StateMachineUpdater.java:takeSnapshot(258)) - 315b4b00-5c1a-4cba-b27d-9eac94437c20@group-A91BA5A7B369-StateMachineUpdater: Took a snapshot at index 12
2019-09-16 16:56:27,534 [cc439034-f900-459f-93f0-405510d1632e@group-A02DD63F7AE6-StateMachineUpdater] INFO  impl.StateMachineUpdater (StateMachineUpdater.java:takeSnapshot(258)) - cc439034-f900-459f-93f0-405510d1632e@group-A02DD63F7AE6-StateMachineUpdater: Took a snapshot at index 13
2019-09-16 16:56:27,534 [315b4b00-5c1a-4cba-b27d-9eac94437c20@group-A91BA5A7B369-StateMachineUpdater] INFO  impl.StateMachineUpdater (StateMachineUpdater.java:lambda$new$0(83)) - 315b4b00-5c1a-4cba-b27d-9eac94437c20@group-A91BA5A7B369-StateMachineUpdater: snapshotIndex: updateIncreasingly -1 -> 12
2019-09-16 16:56:27,534 [cc439034-f900-459f-93f0-405510d1632e@group-A02DD63F7AE6-StateMachineUpdater] INFO  impl.StateMachineUpdater (StateMachineUpdater.java:lambda$new$0(83)) - cc439034-f900-459f-93f0-405510d1632e@group-A02DD63F7AE6-StateMachineUpdater: snapshotIndex: updateIncreasingly -1 -> 13
2019-09-16 16:56:27,534 [315b4b00-5c1a-4cba-b27d-9eac94437c20@group-A91BA5A7B369-StateMachineUpdater] INFO  ratis.ContainerStateMachine (ContainerStateMachine.java:takeSnapshot(289)) - group-A91BA5A7B369: Taking a snapshot at:(t:2, i:12) file /workdir/hadoop-ozone/integration-test/target/test-dir/MiniOzoneClusterImpl-df60ebb5-d9ce-4d7d-8dc8-039b243d66da/datanode-6/data/ratis/2930b6d6-5a9e-418f-ba71-a91ba5a7b369/sm/snapshot.2_12
2019-09-16 16:56:27,534 [cc439034-f900-459f-93f0-405510d1632e@group-A02DD63F7AE6-StateMachineUpdater] INFO  ratis.ContainerStateMachine (ContainerStateMachine.java:takeSnapshot(289)) - group-A02DD63F7AE6: Taking a snapshot at:(t:4, i:13) file /workdir/hadoop-ozone/integration-test/target/test-dir/MiniOzoneClusterImpl-df60ebb5-d9ce-4d7d-8dc8-039b243d66da/datanode-3/data/ratis/cfc93d4e-2a62-452a-b3f1-a02dd63f7ae6/sm/snapshot.4_13
2019-09-16 16:56:27,547 [cc439034-f900-459f-93f0-405510d1632e@group-A02DD63F7AE6-StateMachineUpdater] INFO  ratis.ContainerStateMachine (ContainerStateMachine.java:takeSnapshot(300)) - group-A02DD63F7AE6: Finished taking a snapshot at:(t:4, i:13) file:/workdir/hadoop-ozone/integration-test/target/test-dir/MiniOzoneClusterImpl-df60ebb5-d9ce-4d7d-8dc8-039b243d66da/datanode-3/data/ratis/cfc93d4e-2a62-452a-b3f1-a02dd63f7ae6/sm/snapshot.4_13 time:12
2019-09-16 16:56:27,547 [315b4b00-5c1a-4cba-b27d-9eac94437c20@group-A91BA5A7B369-StateMachineUpdater] INFO  ratis.ContainerStateMachine (ContainerStateMachine.java:takeSnapshot(300)) - group-A91BA5A7B369: Finished taking a snapshot at:(t:2, i:12) file:/workdir/hadoop-ozone/integration-test/target/test-dir/MiniOzoneClusterImpl-df60ebb5-d9ce-4d7d-8dc8-039b243d66da/datanode-6/data/ratis/2930b6d6-5a9e-418f-ba71-a91ba5a7b369/sm/snapshot.2_12 time:12
2019-09-16 16:56:27,547 [cc439034-f900-459f-93f0-405510d1632e@group-A02DD63F7AE6-StateMachineUpdater] INFO  impl.StateMachineUpdater (StateMachineUpdater.java:takeSnapshot(258)) - cc439034-f900-459f-93f0-405510d1632e@group-A02DD63F7AE6-StateMachineUpdater: Took a snapshot at index 13
2019-09-16 16:56:27,547 [315b4b00-5c1a-4cba-b27d-9eac94437c20@group-A91BA5A7B369-StateMachineUpdater] INFO  impl.StateMachineUpdater (StateMachineUpdater.java:takeSnapshot(258)) - 315b4b00-5c1a-4cba-b27d-9eac94437c20@group-A91BA5A7B369-StateMachineUpdater: Took a snapshot at index 12
2019-09-16 16:56:27,547 [cc439034-f900-459f-93f0-405510d1632e@group-A02DD63F7AE6-StateMachineUpdater] INFO  impl.StateMachineUpdater (StateMachineUpdater.java:lambda$new$0(83)) - cc439034-f900-459f-93f0-405510d1632e@group-A02DD63F7AE6-StateMachineUpdater: snapshotIndex: updateIncreasingly 13 -> 13
2019-09-16 16:56:27,548 [315b4b00-5c1a-4cba-b27d-9eac94437c20@group-A91BA5A7B369-StateMachineUpdater] INFO  impl.StateMachineUpdater (StateMachineUpdater.java:lambda$new$0(83)) - 315b4b00-5c1a-4cba-b27d-9eac94437c20@group-A91BA5A7B369-StateMachineUpdater: snapshotIndex: updateIncreasingly 12 -> 12
2019-09-16 16:56:27,548 [main] INFO  impl.RaftServerImpl (ServerState.java:close(385)) - 315b4b00-5c1a-4cba-b27d-9eac94437c20@group-A91BA5A7B369: closes. applyIndex: 16
2019-09-16 16:56:27,548 [ForkJoinPool.commonPool-worker-1] INFO  impl.RaftServerImpl (ServerState.java:close(385)) - cc439034-f900-459f-93f0-405510d1632e@group-A02DD63F7AE6: closes. applyIndex: 15
2019-09-16 16:56:27,551 [315b4b00-5c1a-4cba-b27d-9eac94437c20@group-A91BA5A7B369-SegmentedRaftLogWorker] ERROR ratis.XceiverServerRatis (XceiverServerRatis.java:triggerPipelineClose(568)) - pipeline Action CLOSE  on pipeline PipelineID=2930b6d6-5a9e-418f-ba71-a91ba5a7b369.Reason : WriteLog:19: (t:2, i:19), STATEMACHINELOGENTRY, client-59284F2D283B, cid=31-writeStateMachineData interrupted.
2019-09-16 16:56:27,554 [cc439034-f900-459f-93f0-405510d1632e@group-A02DD63F7AE6-SegmentedRaftLogWorker] ERROR ratis.XceiverServerRatis (XceiverServerRatis.java:triggerPipelineClose(568)) - pipeline Action CLOSE  on pipeline PipelineID=cfc93d4e-2a62-452a-b3f1-a02dd63f7ae6.Reason : WriteLog:16: (t:4, i:16), STATEMACHINELOGENTRY, client-1BF3ADFC909D, cid=56-writeStateMachineData interrupted.
2019-09-16 16:56:27,559 [ForkJoinPool.commonPool-worker-1] INFO  segmented.SegmentedRaftLogWorker (SegmentedRaftLogWorker.java:close(228)) - cc439034-f900-459f-93f0-405510d1632e@group-A02DD63F7AE6-SegmentedRaftLogWorker close()
2019-09-16 16:56:27,563 [ForkJoinPool.commonPool-worker-1] INFO  impl.RaftServerImpl (RaftServerImpl.java:lambda$shutdown$3(251)) - cc439034-f900-459f-93f0-405510d1632e@group-F4A5A5E522AC: shutdown
2019-09-16 16:56:27,563 [ForkJoinPool.commonPool-worker-1] INFO  util.JmxRegister (JmxRegister.java:unregister(73)) - Successfully un-registered JMX Bean with object name Ratis:service=RaftServer,group=group-F4A5A5E522AC,id=cc439034-f900-459f-93f0-405510d1632e
2019-09-16 16:56:27,564 [ForkJoinPool.commonPool-worker-1] INFO  impl.RoleInfo (RoleInfo.java:shutdownLeaderState(104)) - cc439034-f900-459f-93f0-405510d1632e: shutdown LeaderState
2019-09-16 16:56:27,564 [ForkJoinPool.commonPool-worker-1] INFO  impl.PendingRequests (PendingRequests.java:sendNotLeaderResponses(202)) - cc439034-f900-459f-93f0-405510d1632e-PendingRequests: sendNotLeaderResponses
2019-09-16 16:56:27,565 [ForkJoinPool.commonPool-worker-1] INFO  impl.StateMachineUpdater (StateMachineUpdater.java:stopAndJoin(125)) - cc439034-f900-459f-93f0-405510d1632e@group-F4A5A5E522AC-StateMachineUpdater: set stopIndex = 0
2019-09-16 16:56:27,565 [ForkJoinPool.commonPool-worker-1] INFO  impl.RaftServerImpl (ServerState.java:close(385)) - cc439034-f900-459f-93f0-405510d1632e@group-F4A5A5E522AC: closes. applyIndex: 0
2019-09-16 16:56:27,565 [cc439034-f900-459f-93f0-405510d1632e@group-F4A5A5E522AC-SegmentedRaftLogWorker] INFO  segmented.SegmentedRaftLogWorker (SegmentedRaftLogWorker.java:run(313)) - cc439034-f900-459f-93f0-405510d1632e@group-F4A5A5E522AC-SegmentedRaftLogWorker was interrupted, exiting. There are 0 tasks remaining in the queue.
2019-09-16 16:56:27,568 [ForkJoinPool.commonPool-worker-1] INFO  segmented.SegmentedRaftLogWorker (SegmentedRaftLogWorker.java:close(228)) - cc439034-f900-459f-93f0-405510d1632e@group-F4A5A5E522AC-SegmentedRaftLogWorker close()
2019-09-16 16:56:27,568 [main] INFO  segmented.SegmentedRaftLogWorker (SegmentedRaftLogWorker.java:close(228)) - 315b4b00-5c1a-4cba-b27d-9eac94437c20@group-A91BA5A7B369-SegmentedRaftLogWorker close()
2019-09-16 16:56:27,572 [ForkJoinPool.commonPool-worker-1] INFO  server.GrpcService (GrpcService.java:closeImpl(164)) - cc439034-f900-459f-93f0-405510d1632e: shutdown server with port 33217 now
2019-09-16 16:56:27,575 [main] INFO  impl.RaftServerImpl (RaftServerImpl.java:lambda$shutdown$3(251)) - 315b4b00-5c1a-4cba-b27d-9eac94437c20@group-BEE6E34C2DE2: shutdown
2019-09-16 16:56:27,576 [main] INFO  util.JmxRegister (JmxRegister.java:unregister(73)) - Successfully un-registered JMX Bean with object name Ratis:service=RaftServer,group=group-BEE6E34C2DE2,id=315b4b00-5c1a-4cba-b27d-9eac94437c20
2019-09-16 16:56:27,576 [main] INFO  impl.RoleInfo (RoleInfo.java:shutdownLeaderState(104)) - 315b4b00-5c1a-4cba-b27d-9eac94437c20: shutdown LeaderState
2019-09-16 16:56:27,576 [ForkJoinPool.commonPool-worker-1] INFO  server.GrpcService (GrpcService.java:closeImpl(172)) - cc439034-f900-459f-93f0-405510d1632e: shutdown server with port 33217 successfully
2019-09-16 16:56:27,577 [main] INFO  impl.PendingRequests (PendingRequests.java:sendNotLeaderResponses(202)) - 315b4b00-5c1a-4cba-b27d-9eac94437c20-PendingRequests: sendNotLeaderResponses
2019-09-16 16:56:27,577 [main] INFO  impl.StateMachineUpdater (StateMachineUpdater.java:stopAndJoin(125)) - 315b4b00-5c1a-4cba-b27d-9eac94437c20@group-BEE6E34C2DE2-StateMachineUpdater: set stopIndex = 0
2019-09-16 16:56:27,578 [main] INFO  impl.RaftServerImpl (ServerState.java:close(385)) - 315b4b00-5c1a-4cba-b27d-9eac94437c20@group-BEE6E34C2DE2: closes. applyIndex: 0
2019-09-16 16:56:27,578 [refreshUsed-/workdir/hadoop-ozone/integration-test/target/test-dir/MiniOzoneClusterImpl-df60ebb5-d9ce-4d7d-8dc8-039b243d66da/datanode-3/data/containers] WARN  fs.CachingGetSpaceUsed (CachingGetSpaceUsed.java:run(183)) - Thread Interrupted waiting to refresh disk information: sleep interrupted
2019-09-16 16:56:27,579 [315b4b00-5c1a-4cba-b27d-9eac94437c20@group-BEE6E34C2DE2-SegmentedRaftLogWorker] INFO  segmented.SegmentedRaftLogWorker (SegmentedRaftLogWorker.java:run(313)) - 315b4b00-5c1a-4cba-b27d-9eac94437c20@group-BEE6E34C2DE2-SegmentedRaftLogWorker was interrupted, exiting. There are 0 tasks remaining in the queue.
2019-09-16 16:56:27,589 [main] INFO  segmented.SegmentedRaftLogWorker (SegmentedRaftLogWorker.java:close(228)) - 315b4b00-5c1a-4cba-b27d-9eac94437c20@group-BEE6E34C2DE2-SegmentedRaftLogWorker close()
2019-09-16 16:56:27,601 [main] INFO  server.GrpcService (GrpcService.java:closeImpl(164)) - 315b4b00-5c1a-4cba-b27d-9eac94437c20: shutdown server with port 43197 now
2019-09-16 16:56:27,603 [main] INFO  server.GrpcService (GrpcService.java:closeImpl(172)) - 315b4b00-5c1a-4cba-b27d-9eac94437c20: shutdown server with port 43197 successfully
2019-09-16 16:56:27,605 [refreshUsed-/workdir/hadoop-ozone/integration-test/target/test-dir/MiniOzoneClusterImpl-df60ebb5-d9ce-4d7d-8dc8-039b243d66da/datanode-6/data/containers] WARN  fs.CachingGetSpaceUsed (CachingGetSpaceUsed.java:run(183)) - Thread Interrupted waiting to refresh disk information: sleep interrupted
2019-09-16 16:56:27,617 [main] INFO  utils.BackgroundService (BackgroundService.java:shutdown(148)) - Shutting down service BlockDeletingService
2019-09-16 16:56:27,621 [main] INFO  statemachine.DatanodeStateMachine (DatanodeStateMachine.java:stopDaemon(395)) - Ozone container server stopped.
2019-09-16 16:56:27,622 [main] INFO  handler.ContextHandler (ContextHandler.java:doStop(910)) - Stopped o.e.j.w.WebAppContext@6e4c0d8c{/,null,UNAVAILABLE}{/hddsDatanode}
2019-09-16 16:56:27,623 [main] INFO  server.AbstractConnector (AbstractConnector.java:doStop(318)) - Stopped ServerConnector@3e3315d9{HTTP/1.1,[http/1.1]}{0.0.0.0:0}
2019-09-16 16:56:27,623 [main] INFO  handler.ContextHandler (ContextHandler.java:doStop(910)) - Stopped o.e.j.s.ServletContextHandler@3b920bdc{/static,jar:file:/home/user/.m2/repository/org/apache/hadoop/hadoop-hdds-container-service/0.5.0-SNAPSHOT/hadoop-hdds-container-service-0.5.0-SNAPSHOT.jar!/webapps/static,UNAVAILABLE}
2019-09-16 16:56:27,624 [main] INFO  handler.ContextHandler (ContextHandler.java:doStop(910)) - Stopped o.e.j.s.ServletContextHandler@1a22e0ef{/logs,file:///workdir/hadoop-ozone/integration-test/target/log,UNAVAILABLE}
2019-09-16 16:56:27,625 [ForkJoinPool.commonPool-worker-1] INFO  utils.BackgroundService (BackgroundService.java:shutdown(148)) - Shutting down service BlockDeletingService
2019-09-16 16:56:27,630 [ForkJoinPool.commonPool-worker-1] INFO  statemachine.DatanodeStateMachine (DatanodeStateMachine.java:stopDaemon(395)) - Ozone container server stopped.
2019-09-16 16:56:27,635 [ForkJoinPool.commonPool-worker-1] INFO  handler.ContextHandler (ContextHandler.java:doStop(910)) - Stopped o.e.j.w.WebAppContext@7d44a19{/,null,UNAVAILABLE}{/hddsDatanode}
2019-09-16 16:56:27,635 [ForkJoinPool.commonPool-worker-1] INFO  server.AbstractConnector (AbstractConnector.java:doStop(318)) - Stopped ServerConnector@1fb2d5e{HTTP/1.1,[http/1.1]}{0.0.0.0:0}
2019-09-16 16:56:27,637 [ForkJoinPool.commonPool-worker-1] INFO  handler.ContextHandler (ContextHandler.java:doStop(910)) - Stopped o.e.j.s.ServletContextHandler@53b7ce6{/static,jar:file:/home/user/.m2/repository/org/apache/hadoop/hadoop-hdds-container-service/0.5.0-SNAPSHOT/hadoop-hdds-container-service-0.5.0-SNAPSHOT.jar!/webapps/static,UNAVAILABLE}
2019-09-16 16:56:27,639 [ForkJoinPool.commonPool-worker-1] INFO  handler.ContextHandler (ContextHandler.java:doStop(910)) - Stopped o.e.j.s.ServletContextHandler@74ecacc3{/logs,file:///workdir/hadoop-ozone/integration-test/target/log,UNAVAILABLE}
2019-09-16 16:56:27,942 [java.util.concurrent.ThreadPoolExecutor$Worker@65ab53cc[State = -1, empty queue]] WARN  server.GrpcLogAppender (GrpcLogAppender.java:timeoutAppendRequest(200)) - 84a51469-6089-434c-9409-be6ecd1b15ae@group-96041FA828FE->82d73395-84ed-4f5d-a3d4-b8dc3778e9c8-GrpcLogAppender: appendEntries Timeout, request=84a51469-6089-434c-9409-be6ecd1b15ae->82d73395-84ed-4f5d-a3d4-b8dc3778e9c8#157-t2, previous=(t:2, i:20), leaderCommit=16, initializing? false, entries: <empty>
2019-09-16 16:56:27,942 [java.util.concurrent.ThreadPoolExecutor$Worker@24305a62[State = -1, empty queue]] WARN  server.GrpcLogAppender (GrpcLogAppender.java:timeoutAppendRequest(200)) - 84a51469-6089-434c-9409-be6ecd1b15ae@group-96041FA828FE->ff1392d6-f741-46e8-b06b-d99a585290d3-GrpcLogAppender: appendEntries Timeout, request=84a51469-6089-434c-9409-be6ecd1b15ae->ff1392d6-f741-46e8-b06b-d99a585290d3#157-t2, previous=(t:2, i:20), leaderCommit=16, initializing? false, entries: <empty>
2019-09-16 16:56:28,443 [java.util.concurrent.ThreadPoolExecutor$Worker@24305a62[State = -1, empty queue]] WARN  server.GrpcLogAppender (GrpcLogAppender.java:timeoutAppendRequest(200)) - 84a51469-6089-434c-9409-be6ecd1b15ae@group-96041FA828FE->ff1392d6-f741-46e8-b06b-d99a585290d3-GrpcLogAppender: appendEntries Timeout, request=84a51469-6089-434c-9409-be6ecd1b15ae->ff1392d6-f741-46e8-b06b-d99a585290d3#158-t2, previous=(t:2, i:20), leaderCommit=16, initializing? false, entries: <empty>
2019-09-16 16:56:28,443 [java.util.concurrent.ThreadPoolExecutor$Worker@65ab53cc[State = -1, empty queue]] WARN  server.GrpcLogAppender (GrpcLogAppender.java:timeoutAppendRequest(200)) - 84a51469-6089-434c-9409-be6ecd1b15ae@group-96041FA828FE->82d73395-84ed-4f5d-a3d4-b8dc3778e9c8-GrpcLogAppender: appendEntries Timeout, request=84a51469-6089-434c-9409-be6ecd1b15ae->82d73395-84ed-4f5d-a3d4-b8dc3778e9c8#158-t2, previous=(t:2, i:20), leaderCommit=16, initializing? false, entries: <empty>
2019-09-16 16:56:28,456 [Datanode State Machine Thread - 0] INFO  statemachine.DatanodeStateMachine (DatanodeStateMachine.java:lambda$startDaemon$0(350)) - Ozone container server started.
2019-09-16 16:56:28,476 [Datanode State Machine Thread - 0] INFO  statemachine.DatanodeStateMachine (DatanodeStateMachine.java:lambda$startDaemon$0(350)) - Ozone container server started.
2019-09-16 16:56:28,943 [java.util.concurrent.ThreadPoolExecutor$Worker@24305a62[State = -1, empty queue]] WARN  server.GrpcLogAppender (GrpcLogAppender.java:timeoutAppendRequest(200)) - 84a51469-6089-434c-9409-be6ecd1b15ae@group-96041FA828FE->ff1392d6-f741-46e8-b06b-d99a585290d3-GrpcLogAppender: appendEntries Timeout, request=84a51469-6089-434c-9409-be6ecd1b15ae->ff1392d6-f741-46e8-b06b-d99a585290d3#159-t2, previous=(t:2, i:20), leaderCommit=16, initializing? false, entries: <empty>
2019-09-16 16:56:28,943 [java.util.concurrent.ThreadPoolExecutor$Worker@65ab53cc[State = -1, empty queue]] WARN  server.GrpcLogAppender (GrpcLogAppender.java:timeoutAppendRequest(200)) - 84a51469-6089-434c-9409-be6ecd1b15ae@group-96041FA828FE->82d73395-84ed-4f5d-a3d4-b8dc3778e9c8-GrpcLogAppender: appendEntries Timeout, request=84a51469-6089-434c-9409-be6ecd1b15ae->82d73395-84ed-4f5d-a3d4-b8dc3778e9c8#159-t2, previous=(t:2, i:20), leaderCommit=16, initializing? false, entries: <empty>
2019-09-16 16:56:29,444 [java.util.concurrent.ThreadPoolExecutor$Worker@24305a62[State = -1, empty queue]] WARN  server.GrpcLogAppender (GrpcLogAppender.java:timeoutAppendRequest(200)) - 84a51469-6089-434c-9409-be6ecd1b15ae@group-96041FA828FE->ff1392d6-f741-46e8-b06b-d99a585290d3-GrpcLogAppender: appendEntries Timeout, request=84a51469-6089-434c-9409-be6ecd1b15ae->ff1392d6-f741-46e8-b06b-d99a585290d3#160-t2, previous=(t:2, i:20), leaderCommit=16, initializing? false, entries: <empty>
2019-09-16 16:56:29,444 [java.util.concurrent.ThreadPoolExecutor$Worker@65ab53cc[State = -1, empty queue]] WARN  server.GrpcLogAppender (GrpcLogAppender.java:timeoutAppendRequest(200)) - 84a51469-6089-434c-9409-be6ecd1b15ae@group-96041FA828FE->82d73395-84ed-4f5d-a3d4-b8dc3778e9c8-GrpcLogAppender: appendEntries Timeout, request=84a51469-6089-434c-9409-be6ecd1b15ae->82d73395-84ed-4f5d-a3d4-b8dc3778e9c8#160-t2, previous=(t:2, i:20), leaderCommit=16, initializing? false, entries: <empty>
2019-09-16 16:56:29,944 [java.util.concurrent.ThreadPoolExecutor$Worker@24305a62[State = -1, empty queue]] WARN  server.GrpcLogAppender (GrpcLogAppender.java:timeoutAppendRequest(200)) - 84a51469-6089-434c-9409-be6ecd1b15ae@group-96041FA828FE->ff1392d6-f741-46e8-b06b-d99a585290d3-GrpcLogAppender: appendEntries Timeout, request=84a51469-6089-434c-9409-be6ecd1b15ae->ff1392d6-f741-46e8-b06b-d99a585290d3#161-t2, previous=(t:2, i:20), leaderCommit=16, initializing? false, entries: <empty>
2019-09-16 16:56:29,944 [java.util.concurrent.ThreadPoolExecutor$Worker@65ab53cc[State = -1, empty queue]] WARN  server.GrpcLogAppender (GrpcLogAppender.java:timeoutAppendRequest(200)) - 84a51469-6089-434c-9409-be6ecd1b15ae@group-96041FA828FE->82d73395-84ed-4f5d-a3d4-b8dc3778e9c8-GrpcLogAppender: appendEntries Timeout, request=84a51469-6089-434c-9409-be6ecd1b15ae->82d73395-84ed-4f5d-a3d4-b8dc3778e9c8#161-t2, previous=(t:2, i:20), leaderCommit=16, initializing? false, entries: <empty>
2019-09-16 16:56:30,444 [java.util.concurrent.ThreadPoolExecutor$Worker@24305a62[State = -1, empty queue]] WARN  server.GrpcLogAppender (GrpcLogAppender.java:timeoutAppendRequest(200)) - 84a51469-6089-434c-9409-be6ecd1b15ae@group-96041FA828FE->ff1392d6-f741-46e8-b06b-d99a585290d3-GrpcLogAppender: appendEntries Timeout, request=84a51469-6089-434c-9409-be6ecd1b15ae->ff1392d6-f741-46e8-b06b-d99a585290d3#162-t2, previous=(t:2, i:20), leaderCommit=16, initializing? false, entries: <empty>
2019-09-16 16:56:30,444 [java.util.concurrent.ThreadPoolExecutor$Worker@65ab53cc[State = -1, empty queue]] WARN  server.GrpcLogAppender (GrpcLogAppender.java:timeoutAppendRequest(200)) - 84a51469-6089-434c-9409-be6ecd1b15ae@group-96041FA828FE->82d73395-84ed-4f5d-a3d4-b8dc3778e9c8-GrpcLogAppender: appendEntries Timeout, request=84a51469-6089-434c-9409-be6ecd1b15ae->82d73395-84ed-4f5d-a3d4-b8dc3778e9c8#162-t2, previous=(t:2, i:20), leaderCommit=16, initializing? false, entries: <empty>
2019-09-16 16:56:30,945 [java.util.concurrent.ThreadPoolExecutor$Worker@65ab53cc[State = -1, empty queue]] WARN  server.GrpcLogAppender (GrpcLogAppender.java:timeoutAppendRequest(200)) - 84a51469-6089-434c-9409-be6ecd1b15ae@group-96041FA828FE->82d73395-84ed-4f5d-a3d4-b8dc3778e9c8-GrpcLogAppender: appendEntries Timeout, request=84a51469-6089-434c-9409-be6ecd1b15ae->82d73395-84ed-4f5d-a3d4-b8dc3778e9c8#163-t2, previous=(t:2, i:20), leaderCommit=16, initializing? false, entries: <empty>
2019-09-16 16:56:30,945 [java.util.concurrent.ThreadPoolExecutor$Worker@24305a62[State = -1, empty queue]] WARN  server.GrpcLogAppender (GrpcLogAppender.java:timeoutAppendRequest(200)) - 84a51469-6089-434c-9409-be6ecd1b15ae@group-96041FA828FE->ff1392d6-f741-46e8-b06b-d99a585290d3-GrpcLogAppender: appendEntries Timeout, request=84a51469-6089-434c-9409-be6ecd1b15ae->ff1392d6-f741-46e8-b06b-d99a585290d3#163-t2, previous=(t:2, i:20), leaderCommit=16, initializing? false, entries: <empty>
2019-09-16 16:56:31,445 [java.util.concurrent.ThreadPoolExecutor$Worker@24305a62[State = -1, empty queue]] WARN  server.GrpcLogAppender (GrpcLogAppender.java:timeoutAppendRequest(200)) - 84a51469-6089-434c-9409-be6ecd1b15ae@group-96041FA828FE->ff1392d6-f741-46e8-b06b-d99a585290d3-GrpcLogAppender: appendEntries Timeout, request=84a51469-6089-434c-9409-be6ecd1b15ae->ff1392d6-f741-46e8-b06b-d99a585290d3#164-t2, previous=(t:2, i:20), leaderCommit=16, initializing? false, entries: <empty>
2019-09-16 16:56:31,445 [java.util.concurrent.ThreadPoolExecutor$Worker@65ab53cc[State = -1, empty queue]] WARN  server.GrpcLogAppender (GrpcLogAppender.java:timeoutAppendRequest(200)) - 84a51469-6089-434c-9409-be6ecd1b15ae@group-96041FA828FE->82d73395-84ed-4f5d-a3d4-b8dc3778e9c8-GrpcLogAppender: appendEntries Timeout, request=84a51469-6089-434c-9409-be6ecd1b15ae->82d73395-84ed-4f5d-a3d4-b8dc3778e9c8#164-t2, previous=(t:2, i:20), leaderCommit=16, initializing? false, entries: <empty>
2019-09-16 16:56:31,945 [java.util.concurrent.ThreadPoolExecutor$Worker@65ab53cc[State = -1, empty queue]] WARN  server.GrpcLogAppender (GrpcLogAppender.java:timeoutAppendRequest(200)) - 84a51469-6089-434c-9409-be6ecd1b15ae@group-96041FA828FE->82d73395-84ed-4f5d-a3d4-b8dc3778e9c8-GrpcLogAppender: appendEntries Timeout, request=84a51469-6089-434c-9409-be6ecd1b15ae->82d73395-84ed-4f5d-a3d4-b8dc3778e9c8#165-t2, previous=(t:2, i:20), leaderCommit=16, initializing? false, entries: <empty>
2019-09-16 16:56:31,945 [java.util.concurrent.ThreadPoolExecutor$Worker@24305a62[State = -1, empty queue]] WARN  server.GrpcLogAppender (GrpcLogAppender.java:timeoutAppendRequest(200)) - 84a51469-6089-434c-9409-be6ecd1b15ae@group-96041FA828FE->ff1392d6-f741-46e8-b06b-d99a585290d3-GrpcLogAppender: appendEntries Timeout, request=84a51469-6089-434c-9409-be6ecd1b15ae->ff1392d6-f741-46e8-b06b-d99a585290d3#165-t2, previous=(t:2, i:20), leaderCommit=16, initializing? false, entries: <empty>
2019-09-16 16:56:32,445 [java.util.concurrent.ThreadPoolExecutor$Worker@24305a62[State = -1, empty queue]] WARN  server.GrpcLogAppender (GrpcLogAppender.java:timeoutAppendRequest(200)) - 84a51469-6089-434c-9409-be6ecd1b15ae@group-96041FA828FE->ff1392d6-f741-46e8-b06b-d99a585290d3-GrpcLogAppender: appendEntries Timeout, request=84a51469-6089-434c-9409-be6ecd1b15ae->ff1392d6-f741-46e8-b06b-d99a585290d3#166-t2, previous=(t:2, i:20), leaderCommit=16, initializing? false, entries: <empty>
2019-09-16 16:56:32,445 [java.util.concurrent.ThreadPoolExecutor$Worker@65ab53cc[State = -1, empty queue]] WARN  server.GrpcLogAppender (GrpcLogAppender.java:timeoutAppendRequest(200)) - 84a51469-6089-434c-9409-be6ecd1b15ae@group-96041FA828FE->82d73395-84ed-4f5d-a3d4-b8dc3778e9c8-GrpcLogAppender: appendEntries Timeout, request=84a51469-6089-434c-9409-be6ecd1b15ae->82d73395-84ed-4f5d-a3d4-b8dc3778e9c8#166-t2, previous=(t:2, i:20), leaderCommit=16, initializing? false, entries: <empty>
2019-09-16 16:56:32,626 [main] INFO  ozoneimpl.OzoneContainer (OzoneContainer.java:stop(231)) - Attempting to stop container services.
2019-09-16 16:56:32,627 [main] INFO  impl.RaftServerProxy (RaftServerProxy.java:lambda$close$4(314)) - ff1392d6-f741-46e8-b06b-d99a585290d3: close
2019-09-16 16:56:32,628 [main] INFO  impl.RaftServerImpl (RaftServerImpl.java:lambda$shutdown$3(251)) - ff1392d6-f741-46e8-b06b-d99a585290d3@group-96041FA828FE: shutdown
2019-09-16 16:56:32,628 [main] INFO  util.JmxRegister (JmxRegister.java:unregister(73)) - Successfully un-registered JMX Bean with object name Ratis:service=RaftServer,group=group-96041FA828FE,id=ff1392d6-f741-46e8-b06b-d99a585290d3
2019-09-16 16:56:32,629 [main] INFO  impl.RoleInfo (RoleInfo.java:shutdownFollowerState(121)) - ff1392d6-f741-46e8-b06b-d99a585290d3: shutdown FollowerState
2019-09-16 16:56:32,629 [main] INFO  impl.StateMachineUpdater (StateMachineUpdater.java:stopAndJoin(125)) - ff1392d6-f741-46e8-b06b-d99a585290d3@group-96041FA828FE-StateMachineUpdater: set stopIndex = 16
2019-09-16 16:56:32,629 [ff1392d6-f741-46e8-b06b-d99a585290d3@group-96041FA828FE-StateMachineUpdater] INFO  ratis.ContainerStateMachine (ContainerStateMachine.java:takeSnapshot(289)) - group-96041FA828FE: Taking a snapshot at:(t:2, i:13) file /workdir/hadoop-ozone/integration-test/target/test-dir/MiniOzoneClusterImpl-df60ebb5-d9ce-4d7d-8dc8-039b243d66da/datanode-8/data/ratis/d2c78f41-34e3-4523-be1a-96041fa828fe/sm/snapshot.2_13
2019-09-16 16:56:32,629 [Thread-432] INFO  impl.FollowerState (FollowerState.java:run(115)) - ff1392d6-f741-46e8-b06b-d99a585290d3: FollowerState was interrupted: java.lang.InterruptedException: sleep interrupted
2019-09-16 16:56:32,639 [ff1392d6-f741-46e8-b06b-d99a585290d3@group-96041FA828FE-StateMachineUpdater] INFO  ratis.ContainerStateMachine (ContainerStateMachine.java:takeSnapshot(300)) - group-96041FA828FE: Finished taking a snapshot at:(t:2, i:13) file:/workdir/hadoop-ozone/integration-test/target/test-dir/MiniOzoneClusterImpl-df60ebb5-d9ce-4d7d-8dc8-039b243d66da/datanode-8/data/ratis/d2c78f41-34e3-4523-be1a-96041fa828fe/sm/snapshot.2_13 time:9
2019-09-16 16:56:32,639 [ff1392d6-f741-46e8-b06b-d99a585290d3@group-96041FA828FE-StateMachineUpdater] INFO  impl.StateMachineUpdater (StateMachineUpdater.java:takeSnapshot(258)) - ff1392d6-f741-46e8-b06b-d99a585290d3@group-96041FA828FE-StateMachineUpdater: Took a snapshot at index 13
2019-09-16 16:56:32,639 [ff1392d6-f741-46e8-b06b-d99a585290d3@group-96041FA828FE-StateMachineUpdater] INFO  impl.StateMachineUpdater (StateMachineUpdater.java:lambda$new$0(83)) - ff1392d6-f741-46e8-b06b-d99a585290d3@group-96041FA828FE-StateMachineUpdater: snapshotIndex: updateIncreasingly -1 -> 13
2019-09-16 16:56:32,640 [ff1392d6-f741-46e8-b06b-d99a585290d3@group-96041FA828FE-StateMachineUpdater] INFO  ratis.ContainerStateMachine (ContainerStateMachine.java:takeSnapshot(289)) - group-96041FA828FE: Taking a snapshot at:(t:2, i:13) file /workdir/hadoop-ozone/integration-test/target/test-dir/MiniOzoneClusterImpl-df60ebb5-d9ce-4d7d-8dc8-039b243d66da/datanode-8/data/ratis/d2c78f41-34e3-4523-be1a-96041fa828fe/sm/snapshot.2_13
2019-09-16 16:56:32,641 [ForkJoinPool.commonPool-worker-1] INFO  ozoneimpl.OzoneContainer (OzoneContainer.java:stop(231)) - Attempting to stop container services.
2019-09-16 16:56:32,641 [ForkJoinPool.commonPool-worker-1] INFO  impl.RaftServerProxy (RaftServerProxy.java:lambda$close$4(314)) - 82d73395-84ed-4f5d-a3d4-b8dc3778e9c8: close
2019-09-16 16:56:32,642 [ForkJoinPool.commonPool-worker-1] INFO  impl.RaftServerImpl (RaftServerImpl.java:lambda$shutdown$3(251)) - 82d73395-84ed-4f5d-a3d4-b8dc3778e9c8@group-55B4C9D8213F: shutdown
2019-09-16 16:56:32,642 [ForkJoinPool.commonPool-worker-1] INFO  util.JmxRegister (JmxRegister.java:unregister(73)) - Successfully un-registered JMX Bean with object name Ratis:service=RaftServer,group=group-55B4C9D8213F,id=82d73395-84ed-4f5d-a3d4-b8dc3778e9c8
2019-09-16 16:56:32,642 [ForkJoinPool.commonPool-worker-1] INFO  impl.RoleInfo (RoleInfo.java:shutdownLeaderState(104)) - 82d73395-84ed-4f5d-a3d4-b8dc3778e9c8: shutdown LeaderState
2019-09-16 16:56:32,643 [ForkJoinPool.commonPool-worker-1] INFO  impl.PendingRequests (PendingRequests.java:sendNotLeaderResponses(202)) - 82d73395-84ed-4f5d-a3d4-b8dc3778e9c8-PendingRequests: sendNotLeaderResponses
2019-09-16 16:56:32,643 [ff1392d6-f741-46e8-b06b-d99a585290d3@group-96041FA828FE-StateMachineUpdater] INFO  ratis.ContainerStateMachine (ContainerStateMachine.java:takeSnapshot(300)) - group-96041FA828FE: Finished taking a snapshot at:(t:2, i:13) file:/workdir/hadoop-ozone/integration-test/target/test-dir/MiniOzoneClusterImpl-df60ebb5-d9ce-4d7d-8dc8-039b243d66da/datanode-8/data/ratis/d2c78f41-34e3-4523-be1a-96041fa828fe/sm/snapshot.2_13 time:3
2019-09-16 16:56:32,643 [ff1392d6-f741-46e8-b06b-d99a585290d3@group-96041FA828FE-StateMachineUpdater] INFO  impl.StateMachineUpdater (StateMachineUpdater.java:takeSnapshot(258)) - ff1392d6-f741-46e8-b06b-d99a585290d3@group-96041FA828FE-StateMachineUpdater: Took a snapshot at index 13
2019-09-16 16:56:32,643 [ff1392d6-f741-46e8-b06b-d99a585290d3@group-96041FA828FE-StateMachineUpdater] INFO  impl.StateMachineUpdater (StateMachineUpdater.java:lambda$new$0(83)) - ff1392d6-f741-46e8-b06b-d99a585290d3@group-96041FA828FE-StateMachineUpdater: snapshotIndex: updateIncreasingly 13 -> 13
2019-09-16 16:56:32,643 [ForkJoinPool.commonPool-worker-1] INFO  impl.StateMachineUpdater (StateMachineUpdater.java:stopAndJoin(125)) - 82d73395-84ed-4f5d-a3d4-b8dc3778e9c8@group-55B4C9D8213F-StateMachineUpdater: set stopIndex = 0
2019-09-16 16:56:32,644 [main] INFO  impl.RaftServerImpl (ServerState.java:close(385)) - ff1392d6-f741-46e8-b06b-d99a585290d3@group-96041FA828FE: closes. applyIndex: 16
2019-09-16 16:56:32,644 [ForkJoinPool.commonPool-worker-1] INFO  impl.RaftServerImpl (ServerState.java:close(385)) - 82d73395-84ed-4f5d-a3d4-b8dc3778e9c8@group-55B4C9D8213F: closes. applyIndex: 0
2019-09-16 16:56:32,645 [82d73395-84ed-4f5d-a3d4-b8dc3778e9c8@group-55B4C9D8213F-SegmentedRaftLogWorker] INFO  segmented.SegmentedRaftLogWorker (SegmentedRaftLogWorker.java:run(313)) - 82d73395-84ed-4f5d-a3d4-b8dc3778e9c8@group-55B4C9D8213F-SegmentedRaftLogWorker was interrupted, exiting. There are 0 tasks remaining in the queue.
2019-09-16 16:56:32,647 [ForkJoinPool.commonPool-worker-1] INFO  segmented.SegmentedRaftLogWorker (SegmentedRaftLogWorker.java:close(228)) - 82d73395-84ed-4f5d-a3d4-b8dc3778e9c8@group-55B4C9D8213F-SegmentedRaftLogWorker close()
2019-09-16 16:56:32,647 [ff1392d6-f741-46e8-b06b-d99a585290d3@group-96041FA828FE-SegmentedRaftLogWorker] ERROR ratis.XceiverServerRatis (XceiverServerRatis.java:triggerPipelineClose(568)) - pipeline Action CLOSE  on pipeline PipelineID=d2c78f41-34e3-4523-be1a-96041fa828fe.Reason : WriteLog:19: (t:2, i:19), STATEMACHINELOGENTRY, client-B39EF5C42450, cid=45-writeStateMachineData interrupted.
2019-09-16 16:56:32,649 [ForkJoinPool.commonPool-worker-1] INFO  impl.RaftServerImpl (RaftServerImpl.java:lambda$shutdown$3(251)) - 82d73395-84ed-4f5d-a3d4-b8dc3778e9c8@group-96041FA828FE: shutdown
2019-09-16 16:56:32,649 [ForkJoinPool.commonPool-worker-1] INFO  util.JmxRegister (JmxRegister.java:unregister(73)) - Successfully un-registered JMX Bean with object name Ratis:service=RaftServer,group=group-96041FA828FE,id=82d73395-84ed-4f5d-a3d4-b8dc3778e9c8
2019-09-16 16:56:32,650 [ForkJoinPool.commonPool-worker-1] INFO  impl.RoleInfo (RoleInfo.java:shutdownFollowerState(121)) - 82d73395-84ed-4f5d-a3d4-b8dc3778e9c8: shutdown FollowerState
2019-09-16 16:56:32,650 [ForkJoinPool.commonPool-worker-1] INFO  impl.StateMachineUpdater (StateMachineUpdater.java:stopAndJoin(125)) - 82d73395-84ed-4f5d-a3d4-b8dc3778e9c8@group-96041FA828FE-StateMachineUpdater: set stopIndex = 16
2019-09-16 16:56:32,650 [82d73395-84ed-4f5d-a3d4-b8dc3778e9c8@group-96041FA828FE-StateMachineUpdater] INFO  ratis.ContainerStateMachine (ContainerStateMachine.java:takeSnapshot(289)) - group-96041FA828FE: Taking a snapshot at:(t:2, i:13) file /workdir/hadoop-ozone/integration-test/target/test-dir/MiniOzoneClusterImpl-df60ebb5-d9ce-4d7d-8dc8-039b243d66da/datanode-0/data/ratis/d2c78f41-34e3-4523-be1a-96041fa828fe/sm/snapshot.2_13
2019-09-16 16:56:32,650 [Thread-433] INFO  impl.FollowerState (FollowerState.java:run(115)) - 82d73395-84ed-4f5d-a3d4-b8dc3778e9c8: FollowerState was interrupted: java.lang.InterruptedException: sleep interrupted
2019-09-16 16:56:32,650 [main] INFO  segmented.SegmentedRaftLogWorker (SegmentedRaftLogWorker.java:close(228)) - ff1392d6-f741-46e8-b06b-d99a585290d3@group-96041FA828FE-SegmentedRaftLogWorker close()
2019-09-16 16:56:32,654 [main] INFO  impl.RaftServerImpl (RaftServerImpl.java:lambda$shutdown$3(251)) - ff1392d6-f741-46e8-b06b-d99a585290d3@group-F94A4F0F3961: shutdown
2019-09-16 16:56:32,655 [main] INFO  util.JmxRegister (JmxRegister.java:unregister(73)) - Successfully un-registered JMX Bean with object name Ratis:service=RaftServer,group=group-F94A4F0F3961,id=ff1392d6-f741-46e8-b06b-d99a585290d3
2019-09-16 16:56:32,655 [main] INFO  impl.RoleInfo (RoleInfo.java:shutdownLeaderState(104)) - ff1392d6-f741-46e8-b06b-d99a585290d3: shutdown LeaderState
2019-09-16 16:56:32,655 [main] INFO  impl.PendingRequests (PendingRequests.java:sendNotLeaderResponses(202)) - ff1392d6-f741-46e8-b06b-d99a585290d3-PendingRequests: sendNotLeaderResponses
2019-09-16 16:56:32,656 [main] INFO  impl.StateMachineUpdater (StateMachineUpdater.java:stopAndJoin(125)) - ff1392d6-f741-46e8-b06b-d99a585290d3@group-F94A4F0F3961-StateMachineUpdater: set stopIndex = 0
2019-09-16 16:56:32,656 [main] INFO  impl.RaftServerImpl (ServerState.java:close(385)) - ff1392d6-f741-46e8-b06b-d99a585290d3@group-F94A4F0F3961: closes. applyIndex: 0
2019-09-16 16:56:32,657 [ff1392d6-f741-46e8-b06b-d99a585290d3@group-F94A4F0F3961-SegmentedRaftLogWorker] INFO  segmented.SegmentedRaftLogWorker (SegmentedRaftLogWorker.java:run(313)) - ff1392d6-f741-46e8-b06b-d99a585290d3@group-F94A4F0F3961-SegmentedRaftLogWorker was interrupted, exiting. There are 0 tasks remaining in the queue.
2019-09-16 16:56:32,657 [82d73395-84ed-4f5d-a3d4-b8dc3778e9c8@group-96041FA828FE-StateMachineUpdater] INFO  ratis.ContainerStateMachine (ContainerStateMachine.java:takeSnapshot(300)) - group-96041FA828FE: Finished taking a snapshot at:(t:2, i:13) file:/workdir/hadoop-ozone/integration-test/target/test-dir/MiniOzoneClusterImpl-df60ebb5-d9ce-4d7d-8dc8-039b243d66da/datanode-0/data/ratis/d2c78f41-34e3-4523-be1a-96041fa828fe/sm/snapshot.2_13 time:7
2019-09-16 16:56:32,657 [82d73395-84ed-4f5d-a3d4-b8dc3778e9c8@group-96041FA828FE-StateMachineUpdater] INFO  impl.StateMachineUpdater (StateMachineUpdater.java:takeSnapshot(258)) - 82d73395-84ed-4f5d-a3d4-b8dc3778e9c8@group-96041FA828FE-StateMachineUpdater: Took a snapshot at index 13
2019-09-16 16:56:32,657 [main] INFO  segmented.SegmentedRaftLogWorker (SegmentedRaftLogWorker.java:close(228)) - ff1392d6-f741-46e8-b06b-d99a585290d3@group-F94A4F0F3961-SegmentedRaftLogWorker close()
2019-09-16 16:56:32,657 [82d73395-84ed-4f5d-a3d4-b8dc3778e9c8@group-96041FA828FE-StateMachineUpdater] INFO  impl.StateMachineUpdater (StateMachineUpdater.java:lambda$new$0(83)) - 82d73395-84ed-4f5d-a3d4-b8dc3778e9c8@group-96041FA828FE-StateMachineUpdater: snapshotIndex: updateIncreasingly -1 -> 13
2019-09-16 16:56:32,659 [main] INFO  server.GrpcService (GrpcService.java:closeImpl(164)) - ff1392d6-f741-46e8-b06b-d99a585290d3: shutdown server with port 33009 now
2019-09-16 16:56:32,659 [82d73395-84ed-4f5d-a3d4-b8dc3778e9c8@group-96041FA828FE-StateMachineUpdater] INFO  ratis.ContainerStateMachine (ContainerStateMachine.java:takeSnapshot(289)) - group-96041FA828FE: Taking a snapshot at:(t:2, i:13) file /workdir/hadoop-ozone/integration-test/target/test-dir/MiniOzoneClusterImpl-df60ebb5-d9ce-4d7d-8dc8-039b243d66da/datanode-0/data/ratis/d2c78f41-34e3-4523-be1a-96041fa828fe/sm/snapshot.2_13
2019-09-16 16:56:32,662 [main] INFO  server.GrpcService (GrpcService.java:closeImpl(172)) - ff1392d6-f741-46e8-b06b-d99a585290d3: shutdown server with port 33009 successfully
2019-09-16 16:56:32,663 [grpc-default-executor-5] WARN  server.GrpcLogAppender (LogUtils.java:warn(134)) - 84a51469-6089-434c-9409-be6ecd1b15ae@group-96041FA828FE->ff1392d6-f741-46e8-b06b-d99a585290d3-AppendLogResponseHandler: Failed appendEntries: org.apache.ratis.thirdparty.io.grpc.StatusRuntimeException: CANCELLED: HTTP/2 error code: CANCEL
Received Rst Stream
2019-09-16 16:56:32,663 [grpc-default-executor-3] WARN  server.GrpcServerProtocolService (LogUtils.java:warn(134)) - ff1392d6-f741-46e8-b06b-d99a585290d3: installSnapshot onError, lastRequest: 84a51469-6089-434c-9409-be6ecd1b15ae->ff1392d6-f741-46e8-b06b-d99a585290d3#172-t2, previous=(t:2, i:20), leaderCommit=16, initializing? false, entries: <empty>: org.apache.ratis.thirdparty.io.grpc.StatusRuntimeException: CANCELLED: cancelled before receiving half close
2019-09-16 16:56:32,664 [grpc-default-executor-5] INFO  impl.FollowerInfo (FollowerInfo.java:lambda$new$0(51)) - 84a51469-6089-434c-9409-be6ecd1b15ae@group-96041FA828FE->ff1392d6-f741-46e8-b06b-d99a585290d3: nextIndex: updateUnconditionally 21 -> 17
2019-09-16 16:56:32,664 [refreshUsed-/workdir/hadoop-ozone/integration-test/target/test-dir/MiniOzoneClusterImpl-df60ebb5-d9ce-4d7d-8dc8-039b243d66da/datanode-8/data/containers] WARN  fs.CachingGetSpaceUsed (CachingGetSpaceUsed.java:run(183)) - Thread Interrupted waiting to refresh disk information: sleep interrupted
2019-09-16 16:56:32,664 [82d73395-84ed-4f5d-a3d4-b8dc3778e9c8@group-96041FA828FE-StateMachineUpdater] INFO  ratis.ContainerStateMachine (ContainerStateMachine.java:takeSnapshot(300)) - group-96041FA828FE: Finished taking a snapshot at:(t:2, i:13) file:/workdir/hadoop-ozone/integration-test/target/test-dir/MiniOzoneClusterImpl-df60ebb5-d9ce-4d7d-8dc8-039b243d66da/datanode-0/data/ratis/d2c78f41-34e3-4523-be1a-96041fa828fe/sm/snapshot.2_13 time:5
2019-09-16 16:56:32,665 [82d73395-84ed-4f5d-a3d4-b8dc3778e9c8@group-96041FA828FE-StateMachineUpdater] INFO  impl.StateMachineUpdater (StateMachineUpdater.java:takeSnapshot(258)) - 82d73395-84ed-4f5d-a3d4-b8dc3778e9c8@group-96041FA828FE-StateMachineUpdater: Took a snapshot at index 13
2019-09-16 16:56:32,665 [82d73395-84ed-4f5d-a3d4-b8dc3778e9c8@group-96041FA828FE-StateMachineUpdater] INFO  impl.StateMachineUpdater (StateMachineUpdater.java:lambda$new$0(83)) - 82d73395-84ed-4f5d-a3d4-b8dc3778e9c8@group-96041FA828FE-StateMachineUpdater: snapshotIndex: updateIncreasingly 13 -> 13
2019-09-16 16:56:32,665 [ForkJoinPool.commonPool-worker-1] INFO  impl.RaftServerImpl (ServerState.java:close(385)) - 82d73395-84ed-4f5d-a3d4-b8dc3778e9c8@group-96041FA828FE: closes. applyIndex: 16
2019-09-16 16:56:32,668 [82d73395-84ed-4f5d-a3d4-b8dc3778e9c8@group-96041FA828FE-SegmentedRaftLogWorker] ERROR ratis.XceiverServerRatis (XceiverServerRatis.java:triggerPipelineClose(568)) - pipeline Action CLOSE  on pipeline PipelineID=d2c78f41-34e3-4523-be1a-96041fa828fe.Reason : WriteLog:17: (t:2, i:17), STATEMACHINELOGENTRY, client-B39EF5C42450, cid=43-writeStateMachineData interrupted.
2019-09-16 16:56:32,671 [ForkJoinPool.commonPool-worker-1] INFO  segmented.SegmentedRaftLogWorker (SegmentedRaftLogWorker.java:close(228)) - 82d73395-84ed-4f5d-a3d4-b8dc3778e9c8@group-96041FA828FE-SegmentedRaftLogWorker close()
2019-09-16 16:56:32,673 [ForkJoinPool.commonPool-worker-1] INFO  server.GrpcService (GrpcService.java:closeImpl(164)) - 82d73395-84ed-4f5d-a3d4-b8dc3778e9c8: shutdown server with port 45600 now
2019-09-16 16:56:32,675 [grpc-default-executor-1] WARN  server.GrpcServerProtocolService (LogUtils.java:warn(134)) - 82d73395-84ed-4f5d-a3d4-b8dc3778e9c8: installSnapshot onError, lastRequest: 84a51469-6089-434c-9409-be6ecd1b15ae->82d73395-84ed-4f5d-a3d4-b8dc3778e9c8#172-t2, previous=(t:2, i:20), leaderCommit=16, initializing? false, entries: <empty>: org.apache.ratis.thirdparty.io.grpc.StatusRuntimeException: CANCELLED: cancelled before receiving half close
2019-09-16 16:56:32,675 [ForkJoinPool.commonPool-worker-1] INFO  server.GrpcService (GrpcService.java:closeImpl(172)) - 82d73395-84ed-4f5d-a3d4-b8dc3778e9c8: shutdown server with port 45600 successfully
2019-09-16 16:56:32,675 [grpc-default-executor-5] WARN  server.GrpcLogAppender (LogUtils.java:warn(134)) - 84a51469-6089-434c-9409-be6ecd1b15ae@group-96041FA828FE->82d73395-84ed-4f5d-a3d4-b8dc3778e9c8-AppendLogResponseHandler: Failed appendEntries: org.apache.ratis.thirdparty.io.grpc.StatusRuntimeException: CANCELLED: HTTP/2 error code: CANCEL
Received Rst Stream
2019-09-16 16:56:32,676 [grpc-default-executor-5] INFO  impl.FollowerInfo (FollowerInfo.java:lambda$new$0(51)) - 84a51469-6089-434c-9409-be6ecd1b15ae@group-96041FA828FE->82d73395-84ed-4f5d-a3d4-b8dc3778e9c8: nextIndex: updateUnconditionally 21 -> 17
2019-09-16 16:56:32,679 [refreshUsed-/workdir/hadoop-ozone/integration-test/target/test-dir/MiniOzoneClusterImpl-df60ebb5-d9ce-4d7d-8dc8-039b243d66da/datanode-0/data/containers] WARN  fs.CachingGetSpaceUsed (CachingGetSpaceUsed.java:run(183)) - Thread Interrupted waiting to refresh disk information: sleep interrupted
2019-09-16 16:56:32,701 [main] INFO  utils.BackgroundService (BackgroundService.java:shutdown(148)) - Shutting down service BlockDeletingService
2019-09-16 16:56:32,705 [main] INFO  statemachine.DatanodeStateMachine (DatanodeStateMachine.java:stopDaemon(395)) - Ozone container server stopped.
2019-09-16 16:56:32,706 [main] INFO  handler.ContextHandler (ContextHandler.java:doStop(910)) - Stopped o.e.j.w.WebAppContext@4b0f2299{/,null,UNAVAILABLE}{/hddsDatanode}
2019-09-16 16:56:32,707 [main] INFO  server.AbstractConnector (AbstractConnector.java:doStop(318)) - Stopped ServerConnector@33063f5b{HTTP/1.1,[http/1.1]}{0.0.0.0:0}
2019-09-16 16:56:32,707 [main] INFO  handler.ContextHandler (ContextHandler.java:doStop(910)) - Stopped o.e.j.s.ServletContextHandler@58740366{/static,jar:file:/home/user/.m2/repository/org/apache/hadoop/hadoop-hdds-container-service/0.5.0-SNAPSHOT/hadoop-hdds-container-service-0.5.0-SNAPSHOT.jar!/webapps/static,UNAVAILABLE}
2019-09-16 16:56:32,708 [main] INFO  handler.ContextHandler (ContextHandler.java:doStop(910)) - Stopped o.e.j.s.ServletContextHandler@176f7f3b{/logs,file:///workdir/hadoop-ozone/integration-test/target/log,UNAVAILABLE}
2019-09-16 16:56:32,708 [ForkJoinPool.commonPool-worker-1] INFO  utils.BackgroundService (BackgroundService.java:shutdown(148)) - Shutting down service BlockDeletingService
2019-09-16 16:56:32,712 [ForkJoinPool.commonPool-worker-1] INFO  statemachine.DatanodeStateMachine (DatanodeStateMachine.java:stopDaemon(395)) - Ozone container server stopped.
2019-09-16 16:56:32,716 [ForkJoinPool.commonPool-worker-1] INFO  handler.ContextHandler (ContextHandler.java:doStop(910)) - Stopped o.e.j.w.WebAppContext@476fe690{/,null,UNAVAILABLE}{/hddsDatanode}
2019-09-16 16:56:32,716 [ForkJoinPool.commonPool-worker-1] INFO  server.AbstractConnector (AbstractConnector.java:doStop(318)) - Stopped ServerConnector@7a0e7ecd{HTTP/1.1,[http/1.1]}{0.0.0.0:0}
2019-09-16 16:56:32,718 [ForkJoinPool.commonPool-worker-1] INFO  handler.ContextHandler (ContextHandler.java:doStop(910)) - Stopped o.e.j.s.ServletContextHandler@6920614{/static,jar:file:/home/user/.m2/repository/org/apache/hadoop/hadoop-hdds-container-service/0.5.0-SNAPSHOT/hadoop-hdds-container-service-0.5.0-SNAPSHOT.jar!/webapps/static,UNAVAILABLE}
2019-09-16 16:56:32,719 [ForkJoinPool.commonPool-worker-1] INFO  handler.ContextHandler (ContextHandler.java:doStop(910)) - Stopped o.e.j.s.ServletContextHandler@1effd53c{/logs,file:///workdir/hadoop-ozone/integration-test/target/log,UNAVAILABLE}
2019-09-16 16:56:32,963 [grpc-default-executor-4] WARN  server.GrpcLogAppender (LogUtils.java:warn(134)) - 84a51469-6089-434c-9409-be6ecd1b15ae@group-96041FA828FE->82d73395-84ed-4f5d-a3d4-b8dc3778e9c8-AppendLogResponseHandler: Failed appendEntries: org.apache.ratis.thirdparty.io.grpc.StatusRuntimeException: UNAVAILABLE: io exception
2019-09-16 16:56:32,963 [grpc-default-executor-5] WARN  server.GrpcLogAppender (LogUtils.java:warn(134)) - 84a51469-6089-434c-9409-be6ecd1b15ae@group-96041FA828FE->ff1392d6-f741-46e8-b06b-d99a585290d3-AppendLogResponseHandler: Failed appendEntries: org.apache.ratis.thirdparty.io.grpc.StatusRuntimeException: UNAVAILABLE: io exception
2019-09-16 16:56:32,966 [grpc-default-executor-4] INFO  impl.FollowerInfo (FollowerInfo.java:lambda$new$0(51)) - 84a51469-6089-434c-9409-be6ecd1b15ae@group-96041FA828FE->82d73395-84ed-4f5d-a3d4-b8dc3778e9c8: nextIndex: updateUnconditionally 17 -> 16
2019-09-16 16:56:32,967 [grpc-default-executor-5] INFO  impl.FollowerInfo (FollowerInfo.java:lambda$new$0(51)) - 84a51469-6089-434c-9409-be6ecd1b15ae@group-96041FA828FE->ff1392d6-f741-46e8-b06b-d99a585290d3: nextIndex: updateUnconditionally 17 -> 16
2019-09-16 16:56:33,135 [Datanode State Machine Thread - 0] INFO  statemachine.DatanodeStateMachine (DatanodeStateMachine.java:lambda$startDaemon$0(350)) - Ozone container server started.
2019-09-16 16:56:33,453 [grpc-default-executor-3] WARN  server.GrpcLogAppender (LogUtils.java:warn(134)) - 84a51469-6089-434c-9409-be6ecd1b15ae@group-96041FA828FE->82d73395-84ed-4f5d-a3d4-b8dc3778e9c8-AppendLogResponseHandler: Failed appendEntries: org.apache.ratis.thirdparty.io.grpc.StatusRuntimeException: UNAVAILABLE: io exception
2019-09-16 16:56:33,453 [grpc-default-executor-1] WARN  server.GrpcLogAppender (LogUtils.java:warn(134)) - 84a51469-6089-434c-9409-be6ecd1b15ae@group-96041FA828FE->ff1392d6-f741-46e8-b06b-d99a585290d3-AppendLogResponseHandler: Failed appendEntries: org.apache.ratis.thirdparty.io.grpc.StatusRuntimeException: UNAVAILABLE: io exception
2019-09-16 16:56:33,455 [grpc-default-executor-3] INFO  impl.FollowerInfo (FollowerInfo.java:lambda$new$0(51)) - 84a51469-6089-434c-9409-be6ecd1b15ae@group-96041FA828FE->82d73395-84ed-4f5d-a3d4-b8dc3778e9c8: nextIndex: updateUnconditionally 16 -> 15
2019-09-16 16:56:33,457 [grpc-default-executor-1] INFO  impl.FollowerInfo (FollowerInfo.java:lambda$new$0(51)) - 84a51469-6089-434c-9409-be6ecd1b15ae@group-96041FA828FE->ff1392d6-f741-46e8-b06b-d99a585290d3: nextIndex: updateUnconditionally 16 -> 15
2019-09-16 16:56:33,462 [Datanode State Machine Thread - 0] INFO  statemachine.DatanodeStateMachine (DatanodeStateMachine.java:lambda$startDaemon$0(350)) - Ozone container server started.
2019-09-16 16:56:33,954 [grpc-default-executor-6] WARN  server.GrpcLogAppender (LogUtils.java:warn(134)) - 84a51469-6089-434c-9409-be6ecd1b15ae@group-96041FA828FE->ff1392d6-f741-46e8-b06b-d99a585290d3-AppendLogResponseHandler: Failed appendEntries: org.apache.ratis.thirdparty.io.grpc.StatusRuntimeException: UNAVAILABLE: io exception
2019-09-16 16:56:33,954 [grpc-default-executor-7] WARN  server.GrpcLogAppender (LogUtils.java:warn(134)) - 84a51469-6089-434c-9409-be6ecd1b15ae@group-96041FA828FE->82d73395-84ed-4f5d-a3d4-b8dc3778e9c8-AppendLogResponseHandler: Failed appendEntries: org.apache.ratis.thirdparty.io.grpc.StatusRuntimeException: UNAVAILABLE: io exception
2019-09-16 16:56:33,957 [grpc-default-executor-6] INFO  impl.FollowerInfo (FollowerInfo.java:lambda$new$0(51)) - 84a51469-6089-434c-9409-be6ecd1b15ae@group-96041FA828FE->ff1392d6-f741-46e8-b06b-d99a585290d3: nextIndex: updateUnconditionally 15 -> 14
2019-09-16 16:56:33,957 [grpc-default-executor-7] INFO  impl.FollowerInfo (FollowerInfo.java:lambda$new$0(51)) - 84a51469-6089-434c-9409-be6ecd1b15ae@group-96041FA828FE->82d73395-84ed-4f5d-a3d4-b8dc3778e9c8: nextIndex: updateUnconditionally 15 -> 14
2019-09-16 16:56:34,455 [grpc-default-executor-5] WARN  server.GrpcLogAppender (LogUtils.java:warn(134)) - 84a51469-6089-434c-9409-be6ecd1b15ae@group-96041FA828FE->82d73395-84ed-4f5d-a3d4-b8dc3778e9c8-AppendLogResponseHandler: Failed appendEntries: org.apache.ratis.thirdparty.io.grpc.StatusRuntimeException: UNAVAILABLE: io exception
2019-09-16 16:56:34,455 [grpc-default-executor-6] WARN  server.GrpcLogAppender (LogUtils.java:warn(134)) - 84a51469-6089-434c-9409-be6ecd1b15ae@group-96041FA828FE->ff1392d6-f741-46e8-b06b-d99a585290d3-AppendLogResponseHandler: Failed appendEntries: org.apache.ratis.thirdparty.io.grpc.StatusRuntimeException: UNAVAILABLE: io exception
2019-09-16 16:56:34,458 [grpc-default-executor-5] INFO  impl.FollowerInfo (FollowerInfo.java:lambda$new$0(51)) - 84a51469-6089-434c-9409-be6ecd1b15ae@group-96041FA828FE->82d73395-84ed-4f5d-a3d4-b8dc3778e9c8: nextIndex: updateUnconditionally 14 -> 13
2019-09-16 16:56:34,458 [grpc-default-executor-6] INFO  impl.FollowerInfo (FollowerInfo.java:lambda$new$0(51)) - 84a51469-6089-434c-9409-be6ecd1b15ae@group-96041FA828FE->ff1392d6-f741-46e8-b06b-d99a585290d3: nextIndex: updateUnconditionally 14 -> 13
2019-09-16 16:56:34,958 [grpc-default-executor-1] WARN  server.GrpcLogAppender (LogUtils.java:warn(134)) - 84a51469-6089-434c-9409-be6ecd1b15ae@group-96041FA828FE->ff1392d6-f741-46e8-b06b-d99a585290d3-AppendLogResponseHandler: Failed appendEntries: org.apache.ratis.thirdparty.io.grpc.StatusRuntimeException: UNAVAILABLE: io exception
2019-09-16 16:56:34,958 [grpc-default-executor-3] WARN  server.GrpcLogAppender (LogUtils.java:warn(134)) - 84a51469-6089-434c-9409-be6ecd1b15ae@group-96041FA828FE->82d73395-84ed-4f5d-a3d4-b8dc3778e9c8-AppendLogResponseHandler: Failed appendEntries: org.apache.ratis.thirdparty.io.grpc.StatusRuntimeException: UNAVAILABLE: io exception
2019-09-16 16:56:34,962 [grpc-default-executor-1] INFO  impl.FollowerInfo (FollowerInfo.java:lambda$new$0(51)) - 84a51469-6089-434c-9409-be6ecd1b15ae@group-96041FA828FE->ff1392d6-f741-46e8-b06b-d99a585290d3: nextIndex: updateUnconditionally 13 -> 12
2019-09-16 16:56:34,962 [grpc-default-executor-3] INFO  impl.FollowerInfo (FollowerInfo.java:lambda$new$0(51)) - 84a51469-6089-434c-9409-be6ecd1b15ae@group-96041FA828FE->82d73395-84ed-4f5d-a3d4-b8dc3778e9c8: nextIndex: updateUnconditionally 13 -> 12
2019-09-16 16:56:35,377 [84a51469-6089-434c-9409-be6ecd1b15ae@group-96041FA828FE-SegmentedRaftLogWorker] WARN  segmented.SegmentedRaftLogWorker (SegmentedRaftLogWorker.java:getFromFuture(90)) - Timeout 5/~
org.apache.ratis.protocol.TimeoutIOException: Timeout 10s: WriteLog:17: (t:2, i:17), STATEMACHINELOGENTRY, client-B39EF5C42450, cid=43-writeStateMachineData
	at org.apache.ratis.util.IOUtils.getFromFuture(IOUtils.java:87)
	at org.apache.ratis.server.raftlog.segmented.SegmentedRaftLogWorker$StateMachineDataPolicy.getFromFuture(SegmentedRaftLogWorker.java:87)
	at org.apache.ratis.server.raftlog.segmented.SegmentedRaftLogWorker$WriteLog.execute(SegmentedRaftLogWorker.java:477)
	at org.apache.ratis.server.raftlog.segmented.SegmentedRaftLogWorker.run(SegmentedRaftLogWorker.java:289)
	at java.lang.Thread.run(Thread.java:748)
Caused by: java.util.concurrent.TimeoutException
	at java.util.concurrent.CompletableFuture.timedGet(CompletableFuture.java:1771)
	at java.util.concurrent.CompletableFuture.get(CompletableFuture.java:1915)
	at org.apache.ratis.util.IOUtils.getFromFuture(IOUtils.java:79)
	... 4 more
2019-09-16 16:56:35,458 [grpc-default-executor-5] WARN  server.GrpcLogAppender (LogUtils.java:warn(134)) - 84a51469-6089-434c-9409-be6ecd1b15ae@group-96041FA828FE->82d73395-84ed-4f5d-a3d4-b8dc3778e9c8-AppendLogResponseHandler: Failed appendEntries: org.apache.ratis.thirdparty.io.grpc.StatusRuntimeException: UNAVAILABLE: io exception
2019-09-16 16:56:35,458 [grpc-default-executor-3] WARN  server.GrpcLogAppender (LogUtils.java:warn(134)) - 84a51469-6089-434c-9409-be6ecd1b15ae@group-96041FA828FE->ff1392d6-f741-46e8-b06b-d99a585290d3-AppendLogResponseHandler: Failed appendEntries: org.apache.ratis.thirdparty.io.grpc.StatusRuntimeException: UNAVAILABLE: io exception
2019-09-16 16:56:35,460 [grpc-default-executor-5] INFO  impl.FollowerInfo (FollowerInfo.java:lambda$new$0(51)) - 84a51469-6089-434c-9409-be6ecd1b15ae@group-96041FA828FE->82d73395-84ed-4f5d-a3d4-b8dc3778e9c8: nextIndex: updateUnconditionally 12 -> 11
2019-09-16 16:56:35,462 [grpc-default-executor-3] INFO  impl.FollowerInfo (FollowerInfo.java:lambda$new$0(51)) - 84a51469-6089-434c-9409-be6ecd1b15ae@group-96041FA828FE->ff1392d6-f741-46e8-b06b-d99a585290d3: nextIndex: updateUnconditionally 12 -> 11
2019-09-16 16:56:35,960 [grpc-default-executor-1] WARN  server.GrpcLogAppender (LogUtils.java:warn(134)) - 84a51469-6089-434c-9409-be6ecd1b15ae@group-96041FA828FE->82d73395-84ed-4f5d-a3d4-b8dc3778e9c8-AppendLogResponseHandler: Failed appendEntries: org.apache.ratis.thirdparty.io.grpc.StatusRuntimeException: UNAVAILABLE: io exception
2019-09-16 16:56:35,960 [grpc-default-executor-7] WARN  server.GrpcLogAppender (LogUtils.java:warn(134)) - 84a51469-6089-434c-9409-be6ecd1b15ae@group-96041FA828FE->ff1392d6-f741-46e8-b06b-d99a585290d3-AppendLogResponseHandler: Failed appendEntries: org.apache.ratis.thirdparty.io.grpc.StatusRuntimeException: UNAVAILABLE: io exception
2019-09-16 16:56:35,963 [grpc-default-executor-1] INFO  impl.FollowerInfo (FollowerInfo.java:lambda$new$0(51)) - 84a51469-6089-434c-9409-be6ecd1b15ae@group-96041FA828FE->82d73395-84ed-4f5d-a3d4-b8dc3778e9c8: nextIndex: updateUnconditionally 11 -> 10
2019-09-16 16:56:35,964 [grpc-default-executor-7] INFO  impl.FollowerInfo (FollowerInfo.java:lambda$new$0(51)) - 84a51469-6089-434c-9409-be6ecd1b15ae@group-96041FA828FE->ff1392d6-f741-46e8-b06b-d99a585290d3: nextIndex: updateUnconditionally 11 -> 10
2019-09-16 16:56:36,461 [grpc-default-executor-5] WARN  server.GrpcLogAppender (LogUtils.java:warn(134)) - 84a51469-6089-434c-9409-be6ecd1b15ae@group-96041FA828FE->ff1392d6-f741-46e8-b06b-d99a585290d3-AppendLogResponseHandler: Failed appendEntries: org.apache.ratis.thirdparty.io.grpc.StatusRuntimeException: UNAVAILABLE: io exception
2019-09-16 16:56:36,461 [grpc-default-executor-6] WARN  server.GrpcLogAppender (LogUtils.java:warn(134)) - 84a51469-6089-434c-9409-be6ecd1b15ae@group-96041FA828FE->82d73395-84ed-4f5d-a3d4-b8dc3778e9c8-AppendLogResponseHandler: Failed appendEntries: org.apache.ratis.thirdparty.io.grpc.StatusRuntimeException: UNAVAILABLE: io exception
2019-09-16 16:56:36,465 [grpc-default-executor-5] INFO  impl.FollowerInfo (FollowerInfo.java:lambda$new$0(51)) - 84a51469-6089-434c-9409-be6ecd1b15ae@group-96041FA828FE->ff1392d6-f741-46e8-b06b-d99a585290d3: nextIndex: updateUnconditionally 10 -> 9
2019-09-16 16:56:36,465 [grpc-default-executor-6] INFO  impl.FollowerInfo (FollowerInfo.java:lambda$new$0(51)) - 84a51469-6089-434c-9409-be6ecd1b15ae@group-96041FA828FE->82d73395-84ed-4f5d-a3d4-b8dc3778e9c8: nextIndex: updateUnconditionally 10 -> 9
2019-09-16 16:56:36,869 [c232c0ff-9192-4b00-ad60-76b55f03f95e@group-A91BA5A7B369-SegmentedRaftLogWorker] WARN  segmented.SegmentedRaftLogWorker (SegmentedRaftLogWorker.java:getFromFuture(90)) - Timeout 7/~
org.apache.ratis.protocol.TimeoutIOException: Timeout 10s: WriteLog:19: (t:2, i:19), STATEMACHINELOGENTRY, client-59284F2D283B, cid=31-writeStateMachineData
	at org.apache.ratis.util.IOUtils.getFromFuture(IOUtils.java:87)
	at org.apache.ratis.server.raftlog.segmented.SegmentedRaftLogWorker$StateMachineDataPolicy.getFromFuture(SegmentedRaftLogWorker.java:87)
	at org.apache.ratis.server.raftlog.segmented.SegmentedRaftLogWorker$WriteLog.execute(SegmentedRaftLogWorker.java:477)
	at org.apache.ratis.server.raftlog.segmented.SegmentedRaftLogWorker.run(SegmentedRaftLogWorker.java:289)
	at java.lang.Thread.run(Thread.java:748)
Caused by: java.util.concurrent.TimeoutException
	at java.util.concurrent.CompletableFuture.timedGet(CompletableFuture.java:1771)
	at java.util.concurrent.CompletableFuture.get(CompletableFuture.java:1915)
	at org.apache.ratis.util.IOUtils.getFromFuture(IOUtils.java:79)
	... 4 more
2019-09-16 16:56:36,965 [grpc-default-executor-1] WARN  server.GrpcLogAppender (LogUtils.java:warn(134)) - 84a51469-6089-434c-9409-be6ecd1b15ae@group-96041FA828FE->ff1392d6-f741-46e8-b06b-d99a585290d3-AppendLogResponseHandler: Failed appendEntries: org.apache.ratis.thirdparty.io.grpc.StatusRuntimeException: UNAVAILABLE: io exception
2019-09-16 16:56:36,965 [grpc-default-executor-6] WARN  server.GrpcLogAppender (LogUtils.java:warn(134)) - 84a51469-6089-434c-9409-be6ecd1b15ae@group-96041FA828FE->82d73395-84ed-4f5d-a3d4-b8dc3778e9c8-AppendLogResponseHandler: Failed appendEntries: org.apache.ratis.thirdparty.io.grpc.StatusRuntimeException: UNAVAILABLE: io exception
2019-09-16 16:56:36,968 [grpc-default-executor-1] INFO  impl.FollowerInfo (FollowerInfo.java:lambda$new$0(51)) - 84a51469-6089-434c-9409-be6ecd1b15ae@group-96041FA828FE->ff1392d6-f741-46e8-b06b-d99a585290d3: nextIndex: updateUnconditionally 9 -> 8
2019-09-16 16:56:36,972 [grpc-default-executor-6] INFO  impl.FollowerInfo (FollowerInfo.java:lambda$new$0(51)) - 84a51469-6089-434c-9409-be6ecd1b15ae@group-96041FA828FE->82d73395-84ed-4f5d-a3d4-b8dc3778e9c8: nextIndex: updateUnconditionally 9 -> 8
2019-09-16 16:56:37,471 [grpc-default-executor-5] WARN  server.GrpcLogAppender (LogUtils.java:warn(134)) - 84a51469-6089-434c-9409-be6ecd1b15ae@group-96041FA828FE->ff1392d6-f741-46e8-b06b-d99a585290d3-AppendLogResponseHandler: Failed appendEntries: org.apache.ratis.thirdparty.io.grpc.StatusRuntimeException: UNAVAILABLE: io exception
2019-09-16 16:56:37,471 [grpc-default-executor-1] WARN  server.GrpcLogAppender (LogUtils.java:warn(134)) - 84a51469-6089-434c-9409-be6ecd1b15ae@group-96041FA828FE->82d73395-84ed-4f5d-a3d4-b8dc3778e9c8-AppendLogResponseHandler: Failed appendEntries: org.apache.ratis.thirdparty.io.grpc.StatusRuntimeException: UNAVAILABLE: io exception
2019-09-16 16:56:37,473 [grpc-default-executor-5] INFO  impl.FollowerInfo (FollowerInfo.java:lambda$new$0(51)) - 84a51469-6089-434c-9409-be6ecd1b15ae@group-96041FA828FE->ff1392d6-f741-46e8-b06b-d99a585290d3: nextIndex: updateUnconditionally 8 -> 7
2019-09-16 16:56:37,477 [grpc-default-executor-1] INFO  impl.FollowerInfo (FollowerInfo.java:lambda$new$0(51)) - 84a51469-6089-434c-9409-be6ecd1b15ae@group-96041FA828FE->82d73395-84ed-4f5d-a3d4-b8dc3778e9c8: nextIndex: updateUnconditionally 8 -> 7
2019-09-16 16:56:37,712 [main] INFO  ozoneimpl.OzoneContainer (OzoneContainer.java:stop(231)) - Attempting to stop container services.
2019-09-16 16:56:37,712 [main] INFO  impl.RaftServerProxy (RaftServerProxy.java:lambda$close$4(314)) - 84a51469-6089-434c-9409-be6ecd1b15ae: close
2019-09-16 16:56:37,713 [main] INFO  impl.RaftServerImpl (RaftServerImpl.java:lambda$shutdown$3(251)) - 84a51469-6089-434c-9409-be6ecd1b15ae@group-58588758826D: shutdown
2019-09-16 16:56:37,713 [main] INFO  util.JmxRegister (JmxRegister.java:unregister(73)) - Successfully un-registered JMX Bean with object name Ratis:service=RaftServer,group=group-58588758826D,id=84a51469-6089-434c-9409-be6ecd1b15ae
2019-09-16 16:56:37,714 [main] INFO  impl.RoleInfo (RoleInfo.java:shutdownLeaderState(104)) - 84a51469-6089-434c-9409-be6ecd1b15ae: shutdown LeaderState
2019-09-16 16:56:37,715 [main] INFO  impl.PendingRequests (PendingRequests.java:sendNotLeaderResponses(202)) - 84a51469-6089-434c-9409-be6ecd1b15ae-PendingRequests: sendNotLeaderResponses
2019-09-16 16:56:37,716 [main] INFO  impl.StateMachineUpdater (StateMachineUpdater.java:stopAndJoin(125)) - 84a51469-6089-434c-9409-be6ecd1b15ae@group-58588758826D-StateMachineUpdater: set stopIndex = 0
2019-09-16 16:56:37,716 [main] INFO  impl.RaftServerImpl (ServerState.java:close(385)) - 84a51469-6089-434c-9409-be6ecd1b15ae@group-58588758826D: closes. applyIndex: 0
2019-09-16 16:56:37,717 [84a51469-6089-434c-9409-be6ecd1b15ae@group-58588758826D-SegmentedRaftLogWorker] INFO  segmented.SegmentedRaftLogWorker (SegmentedRaftLogWorker.java:run(313)) - 84a51469-6089-434c-9409-be6ecd1b15ae@group-58588758826D-SegmentedRaftLogWorker was interrupted, exiting. There are 0 tasks remaining in the queue.
2019-09-16 16:56:37,717 [main] INFO  segmented.SegmentedRaftLogWorker (SegmentedRaftLogWorker.java:close(228)) - 84a51469-6089-434c-9409-be6ecd1b15ae@group-58588758826D-SegmentedRaftLogWorker close()
2019-09-16 16:56:37,720 [main] INFO  impl.RaftServerImpl (RaftServerImpl.java:lambda$shutdown$3(251)) - 84a51469-6089-434c-9409-be6ecd1b15ae@group-96041FA828FE: shutdown
2019-09-16 16:56:37,720 [ForkJoinPool.commonPool-worker-1] INFO  ozoneimpl.OzoneContainer (OzoneContainer.java:stop(231)) - Attempting to stop container services.
2019-09-16 16:56:37,720 [main] INFO  util.JmxRegister (JmxRegister.java:unregister(73)) - Successfully un-registered JMX Bean with object name Ratis:service=RaftServer,group=group-96041FA828FE,id=84a51469-6089-434c-9409-be6ecd1b15ae
2019-09-16 16:56:37,721 [ForkJoinPool.commonPool-worker-1] INFO  impl.RaftServerProxy (RaftServerProxy.java:lambda$close$4(314)) - b2efd7c1-6f6c-4a36-a627-0903cf886de6: close
2019-09-16 16:56:37,721 [main] INFO  impl.RoleInfo (RoleInfo.java:shutdownLeaderState(104)) - 84a51469-6089-434c-9409-be6ecd1b15ae: shutdown LeaderState
2019-09-16 16:56:37,721 [ForkJoinPool.commonPool-worker-1] INFO  impl.RaftServerImpl (RaftServerImpl.java:lambda$shutdown$3(251)) - b2efd7c1-6f6c-4a36-a627-0903cf886de6@group-7DC59660F91D: shutdown
2019-09-16 16:56:37,724 [org.apache.ratis.server.impl.LogAppender$AppenderDaemon$$Lambda$519/529296390@1ec1ec61] WARN  server.GrpcLogAppender (GrpcLogAppender.java:mayWait(143)) - 84a51469-6089-434c-9409-be6ecd1b15ae@group-96041FA828FE->ff1392d6-f741-46e8-b06b-d99a585290d3-GrpcLogAppender: Wait interrupted by java.lang.InterruptedException
2019-09-16 16:56:37,724 [org.apache.ratis.server.impl.LogAppender$AppenderDaemon$$Lambda$519/529296390@17e3aede] WARN  server.GrpcLogAppender (GrpcLogAppender.java:mayWait(143)) - 84a51469-6089-434c-9409-be6ecd1b15ae@group-96041FA828FE->82d73395-84ed-4f5d-a3d4-b8dc3778e9c8-GrpcLogAppender: Wait interrupted by java.lang.InterruptedException
2019-09-16 16:56:37,724 [main] INFO  impl.PendingRequests (PendingRequests.java:sendNotLeaderResponses(202)) - 84a51469-6089-434c-9409-be6ecd1b15ae-PendingRequests: sendNotLeaderResponses
2019-09-16 16:56:37,724 [ForkJoinPool.commonPool-worker-1] INFO  util.JmxRegister (JmxRegister.java:unregister(73)) - Successfully un-registered JMX Bean with object name Ratis:service=RaftServer,group=group-7DC59660F91D,id=b2efd7c1-6f6c-4a36-a627-0903cf886de6
2019-09-16 16:56:37,725 [ForkJoinPool.commonPool-worker-1] INFO  impl.RoleInfo (RoleInfo.java:shutdownLeaderState(104)) - b2efd7c1-6f6c-4a36-a627-0903cf886de6: shutdown LeaderState
2019-09-16 16:56:37,727 [ForkJoinPool.commonPool-worker-1] INFO  impl.PendingRequests (PendingRequests.java:sendNotLeaderResponses(202)) - b2efd7c1-6f6c-4a36-a627-0903cf886de6-PendingRequests: sendNotLeaderResponses
2019-09-16 16:56:37,730 [ForkJoinPool.commonPool-worker-1] INFO  impl.StateMachineUpdater (StateMachineUpdater.java:stopAndJoin(125)) - b2efd7c1-6f6c-4a36-a627-0903cf886de6@group-7DC59660F91D-StateMachineUpdater: set stopIndex = 0
2019-09-16 16:56:37,730 [main] INFO  impl.StateMachineUpdater (StateMachineUpdater.java:stopAndJoin(125)) - 84a51469-6089-434c-9409-be6ecd1b15ae@group-96041FA828FE-StateMachineUpdater: set stopIndex = 16
2019-09-16 16:56:37,730 [84a51469-6089-434c-9409-be6ecd1b15ae@group-96041FA828FE-StateMachineUpdater] INFO  ratis.ContainerStateMachine (ContainerStateMachine.java:takeSnapshot(289)) - group-96041FA828FE: Taking a snapshot at:(t:2, i:14) file /workdir/hadoop-ozone/integration-test/target/test-dir/MiniOzoneClusterImpl-df60ebb5-d9ce-4d7d-8dc8-039b243d66da/datanode-9/data/ratis/d2c78f41-34e3-4523-be1a-96041fa828fe/sm/snapshot.2_14
2019-09-16 16:56:37,730 [ForkJoinPool.commonPool-worker-1] INFO  impl.RaftServerImpl (ServerState.java:close(385)) - b2efd7c1-6f6c-4a36-a627-0903cf886de6@group-7DC59660F91D: closes. applyIndex: 0
2019-09-16 16:56:37,731 [b2efd7c1-6f6c-4a36-a627-0903cf886de6@group-7DC59660F91D-SegmentedRaftLogWorker] INFO  segmented.SegmentedRaftLogWorker (SegmentedRaftLogWorker.java:run(313)) - b2efd7c1-6f6c-4a36-a627-0903cf886de6@group-7DC59660F91D-SegmentedRaftLogWorker was interrupted, exiting. There are 0 tasks remaining in the queue.
2019-09-16 16:56:37,732 [ForkJoinPool.commonPool-worker-1] INFO  segmented.SegmentedRaftLogWorker (SegmentedRaftLogWorker.java:close(228)) - b2efd7c1-6f6c-4a36-a627-0903cf886de6@group-7DC59660F91D-SegmentedRaftLogWorker close()
2019-09-16 16:56:37,733 [ForkJoinPool.commonPool-worker-1] INFO  server.GrpcService (GrpcService.java:closeImpl(164)) - b2efd7c1-6f6c-4a36-a627-0903cf886de6: shutdown server with port 35760 now
2019-09-16 16:56:37,734 [ForkJoinPool.commonPool-worker-1] INFO  server.GrpcService (GrpcService.java:closeImpl(172)) - b2efd7c1-6f6c-4a36-a627-0903cf886de6: shutdown server with port 35760 successfully
2019-09-16 16:56:37,736 [refreshUsed-/workdir/hadoop-ozone/integration-test/target/test-dir/MiniOzoneClusterImpl-df60ebb5-d9ce-4d7d-8dc8-039b243d66da/datanode-1/data/containers] WARN  fs.CachingGetSpaceUsed (CachingGetSpaceUsed.java:run(183)) - Thread Interrupted waiting to refresh disk information: sleep interrupted
2019-09-16 16:56:37,744 [84a51469-6089-434c-9409-be6ecd1b15ae@group-96041FA828FE-StateMachineUpdater] INFO  ratis.ContainerStateMachine (ContainerStateMachine.java:takeSnapshot(300)) - group-96041FA828FE: Finished taking a snapshot at:(t:2, i:14) file:/workdir/hadoop-ozone/integration-test/target/test-dir/MiniOzoneClusterImpl-df60ebb5-d9ce-4d7d-8dc8-039b243d66da/datanode-9/data/ratis/d2c78f41-34e3-4523-be1a-96041fa828fe/sm/snapshot.2_14 time:13
2019-09-16 16:56:37,744 [84a51469-6089-434c-9409-be6ecd1b15ae@group-96041FA828FE-StateMachineUpdater] INFO  impl.StateMachineUpdater (StateMachineUpdater.java:takeSnapshot(258)) - 84a51469-6089-434c-9409-be6ecd1b15ae@group-96041FA828FE-StateMachineUpdater: Took a snapshot at index 14
2019-09-16 16:56:37,744 [84a51469-6089-434c-9409-be6ecd1b15ae@group-96041FA828FE-StateMachineUpdater] INFO  impl.StateMachineUpdater (StateMachineUpdater.java:lambda$new$0(83)) - 84a51469-6089-434c-9409-be6ecd1b15ae@group-96041FA828FE-StateMachineUpdater: snapshotIndex: updateIncreasingly -1 -> 14
2019-09-16 16:56:37,745 [84a51469-6089-434c-9409-be6ecd1b15ae@group-96041FA828FE-StateMachineUpdater] INFO  ratis.ContainerStateMachine (ContainerStateMachine.java:takeSnapshot(289)) - group-96041FA828FE: Taking a snapshot at:(t:2, i:14) file /workdir/hadoop-ozone/integration-test/target/test-dir/MiniOzoneClusterImpl-df60ebb5-d9ce-4d7d-8dc8-039b243d66da/datanode-9/data/ratis/d2c78f41-34e3-4523-be1a-96041fa828fe/sm/snapshot.2_14
2019-09-16 16:56:37,754 [ForkJoinPool.commonPool-worker-1] INFO  utils.BackgroundService (BackgroundService.java:shutdown(148)) - Shutting down service BlockDeletingService
2019-09-16 16:56:37,755 [84a51469-6089-434c-9409-be6ecd1b15ae@group-96041FA828FE-StateMachineUpdater] INFO  ratis.ContainerStateMachine (ContainerStateMachine.java:takeSnapshot(300)) - group-96041FA828FE: Finished taking a snapshot at:(t:2, i:14) file:/workdir/hadoop-ozone/integration-test/target/test-dir/MiniOzoneClusterImpl-df60ebb5-d9ce-4d7d-8dc8-039b243d66da/datanode-9/data/ratis/d2c78f41-34e3-4523-be1a-96041fa828fe/sm/snapshot.2_14 time:11
2019-09-16 16:56:37,756 [84a51469-6089-434c-9409-be6ecd1b15ae@group-96041FA828FE-StateMachineUpdater] INFO  impl.StateMachineUpdater (StateMachineUpdater.java:takeSnapshot(258)) - 84a51469-6089-434c-9409-be6ecd1b15ae@group-96041FA828FE-StateMachineUpdater: Took a snapshot at index 14
2019-09-16 16:56:37,756 [84a51469-6089-434c-9409-be6ecd1b15ae@group-96041FA828FE-StateMachineUpdater] INFO  impl.StateMachineUpdater (StateMachineUpdater.java:lambda$new$0(83)) - 84a51469-6089-434c-9409-be6ecd1b15ae@group-96041FA828FE-StateMachineUpdater: snapshotIndex: updateIncreasingly 14 -> 14
2019-09-16 16:56:37,757 [ForkJoinPool.commonPool-worker-1] INFO  statemachine.DatanodeStateMachine (DatanodeStateMachine.java:stopDaemon(395)) - Ozone container server stopped.
2019-09-16 16:56:37,757 [main] INFO  impl.RaftServerImpl (ServerState.java:close(385)) - 84a51469-6089-434c-9409-be6ecd1b15ae@group-96041FA828FE: closes. applyIndex: 16
2019-09-16 16:56:37,761 [84a51469-6089-434c-9409-be6ecd1b15ae@group-96041FA828FE-SegmentedRaftLogWorker] ERROR ratis.XceiverServerRatis (XceiverServerRatis.java:triggerPipelineClose(568)) - pipeline Action CLOSE  on pipeline PipelineID=d2c78f41-34e3-4523-be1a-96041fa828fe.Reason : WriteLog:17: (t:2, i:17), STATEMACHINELOGENTRY, client-B39EF5C42450, cid=43-writeStateMachineData interrupted.
2019-09-16 16:56:37,761 [ForkJoinPool.commonPool-worker-1] INFO  handler.ContextHandler (ContextHandler.java:doStop(910)) - Stopped o.e.j.w.WebAppContext@25ad4f71{/,null,UNAVAILABLE}{/hddsDatanode}
2019-09-16 16:56:37,761 [main] INFO  segmented.SegmentedRaftLogWorker (SegmentedRaftLogWorker.java:close(228)) - 84a51469-6089-434c-9409-be6ecd1b15ae@group-96041FA828FE-SegmentedRaftLogWorker close()
2019-09-16 16:56:37,764 [main] INFO  server.GrpcService (GrpcService.java:closeImpl(164)) - 84a51469-6089-434c-9409-be6ecd1b15ae: shutdown server with port 37072 now
2019-09-16 16:56:37,764 [ForkJoinPool.commonPool-worker-1] INFO  server.AbstractConnector (AbstractConnector.java:doStop(318)) - Stopped ServerConnector@49faf066{HTTP/1.1,[http/1.1]}{0.0.0.0:0}
2019-09-16 16:56:37,764 [main] INFO  server.GrpcService (GrpcService.java:closeImpl(172)) - 84a51469-6089-434c-9409-be6ecd1b15ae: shutdown server with port 37072 successfully
2019-09-16 16:56:37,765 [ForkJoinPool.commonPool-worker-1] INFO  handler.ContextHandler (ContextHandler.java:doStop(910)) - Stopped o.e.j.s.ServletContextHandler@15400fff{/static,jar:file:/home/user/.m2/repository/org/apache/hadoop/hadoop-hdds-container-service/0.5.0-SNAPSHOT/hadoop-hdds-container-service-0.5.0-SNAPSHOT.jar!/webapps/static,UNAVAILABLE}
2019-09-16 16:56:37,768 [ForkJoinPool.commonPool-worker-1] INFO  handler.ContextHandler (ContextHandler.java:doStop(910)) - Stopped o.e.j.s.ServletContextHandler@654c7d2d{/logs,file:///workdir/hadoop-ozone/integration-test/target/log,UNAVAILABLE}
2019-09-16 16:56:37,771 [refreshUsed-/workdir/hadoop-ozone/integration-test/target/test-dir/MiniOzoneClusterImpl-df60ebb5-d9ce-4d7d-8dc8-039b243d66da/datanode-9/data/containers] WARN  fs.CachingGetSpaceUsed (CachingGetSpaceUsed.java:run(183)) - Thread Interrupted waiting to refresh disk information: sleep interrupted
2019-09-16 16:56:37,784 [main] INFO  utils.BackgroundService (BackgroundService.java:shutdown(148)) - Shutting down service BlockDeletingService
2019-09-16 16:56:37,787 [main] INFO  statemachine.DatanodeStateMachine (DatanodeStateMachine.java:stopDaemon(395)) - Ozone container server stopped.
2019-09-16 16:56:37,788 [main] INFO  handler.ContextHandler (ContextHandler.java:doStop(910)) - Stopped o.e.j.w.WebAppContext@3c87fdf2{/,null,UNAVAILABLE}{/hddsDatanode}
2019-09-16 16:56:37,789 [main] INFO  server.AbstractConnector (AbstractConnector.java:doStop(318)) - Stopped ServerConnector@26bbe604{HTTP/1.1,[http/1.1]}{0.0.0.0:0}
2019-09-16 16:56:37,789 [main] INFO  handler.ContextHandler (ContextHandler.java:doStop(910)) - Stopped o.e.j.s.ServletContextHandler@4e49ce2b{/static,jar:file:/home/user/.m2/repository/org/apache/hadoop/hadoop-hdds-container-service/0.5.0-SNAPSHOT/hadoop-hdds-container-service-0.5.0-SNAPSHOT.jar!/webapps/static,UNAVAILABLE}
2019-09-16 16:56:37,789 [main] INFO  handler.ContextHandler (ContextHandler.java:doStop(910)) - Stopped o.e.j.s.ServletContextHandler@7b676112{/logs,file:///workdir/hadoop-ozone/integration-test/target/log,UNAVAILABLE}
2019-09-16 16:56:37,862 [Datanode State Machine Thread - 0] INFO  statemachine.DatanodeStateMachine (DatanodeStateMachine.java:lambda$startDaemon$0(350)) - Ozone container server started.
2019-09-16 16:56:42,769 [ForkJoinPool.commonPool-worker-1] INFO  ozoneimpl.OzoneContainer (OzoneContainer.java:stop(231)) - Attempting to stop container services.
2019-09-16 16:56:42,770 [ForkJoinPool.commonPool-worker-1] INFO  impl.RaftServerProxy (RaftServerProxy.java:lambda$close$4(314)) - c232c0ff-9192-4b00-ad60-76b55f03f95e: close
2019-09-16 16:56:42,771 [ForkJoinPool.commonPool-worker-1] INFO  impl.RaftServerImpl (RaftServerImpl.java:lambda$shutdown$3(251)) - c232c0ff-9192-4b00-ad60-76b55f03f95e@group-A91BA5A7B369: shutdown
2019-09-16 16:56:42,771 [ForkJoinPool.commonPool-worker-1] INFO  util.JmxRegister (JmxRegister.java:unregister(73)) - Successfully un-registered JMX Bean with object name Ratis:service=RaftServer,group=group-A91BA5A7B369,id=c232c0ff-9192-4b00-ad60-76b55f03f95e
2019-09-16 16:56:42,771 [ForkJoinPool.commonPool-worker-1] INFO  impl.RoleInfo (RoleInfo.java:shutdownFollowerState(121)) - c232c0ff-9192-4b00-ad60-76b55f03f95e: shutdown FollowerState
2019-09-16 16:56:42,771 [ForkJoinPool.commonPool-worker-1] INFO  impl.StateMachineUpdater (StateMachineUpdater.java:stopAndJoin(125)) - c232c0ff-9192-4b00-ad60-76b55f03f95e@group-A91BA5A7B369-StateMachineUpdater: set stopIndex = 16
2019-09-16 16:56:42,772 [c232c0ff-9192-4b00-ad60-76b55f03f95e@group-A91BA5A7B369-StateMachineUpdater] INFO  ratis.ContainerStateMachine (ContainerStateMachine.java:takeSnapshot(289)) - group-A91BA5A7B369: Taking a snapshot at:(t:2, i:12) file /workdir/hadoop-ozone/integration-test/target/test-dir/MiniOzoneClusterImpl-df60ebb5-d9ce-4d7d-8dc8-039b243d66da/datanode-7/data/ratis/2930b6d6-5a9e-418f-ba71-a91ba5a7b369/sm/snapshot.2_12
2019-09-16 16:56:42,772 [Thread-415] INFO  impl.FollowerState (FollowerState.java:run(115)) - c232c0ff-9192-4b00-ad60-76b55f03f95e: FollowerState was interrupted: java.lang.InterruptedException: sleep interrupted
2019-09-16 16:56:42,779 [c232c0ff-9192-4b00-ad60-76b55f03f95e@group-A91BA5A7B369-StateMachineUpdater] INFO  ratis.ContainerStateMachine (ContainerStateMachine.java:takeSnapshot(300)) - group-A91BA5A7B369: Finished taking a snapshot at:(t:2, i:12) file:/workdir/hadoop-ozone/integration-test/target/test-dir/MiniOzoneClusterImpl-df60ebb5-d9ce-4d7d-8dc8-039b243d66da/datanode-7/data/ratis/2930b6d6-5a9e-418f-ba71-a91ba5a7b369/sm/snapshot.2_12 time:7
2019-09-16 16:56:42,779 [c232c0ff-9192-4b00-ad60-76b55f03f95e@group-A91BA5A7B369-StateMachineUpdater] INFO  impl.StateMachineUpdater (StateMachineUpdater.java:takeSnapshot(258)) - c232c0ff-9192-4b00-ad60-76b55f03f95e@group-A91BA5A7B369-StateMachineUpdater: Took a snapshot at index 12
2019-09-16 16:56:42,779 [c232c0ff-9192-4b00-ad60-76b55f03f95e@group-A91BA5A7B369-StateMachineUpdater] INFO  impl.StateMachineUpdater (StateMachineUpdater.java:lambda$new$0(83)) - c232c0ff-9192-4b00-ad60-76b55f03f95e@group-A91BA5A7B369-StateMachineUpdater: snapshotIndex: updateIncreasingly -1 -> 12
2019-09-16 16:56:42,780 [c232c0ff-9192-4b00-ad60-76b55f03f95e@group-A91BA5A7B369-StateMachineUpdater] INFO  ratis.ContainerStateMachine (ContainerStateMachine.java:takeSnapshot(289)) - group-A91BA5A7B369: Taking a snapshot at:(t:2, i:12) file /workdir/hadoop-ozone/integration-test/target/test-dir/MiniOzoneClusterImpl-df60ebb5-d9ce-4d7d-8dc8-039b243d66da/datanode-7/data/ratis/2930b6d6-5a9e-418f-ba71-a91ba5a7b369/sm/snapshot.2_12
2019-09-16 16:56:42,782 [c232c0ff-9192-4b00-ad60-76b55f03f95e@group-A91BA5A7B369-StateMachineUpdater] INFO  ratis.ContainerStateMachine (ContainerStateMachine.java:takeSnapshot(300)) - group-A91BA5A7B369: Finished taking a snapshot at:(t:2, i:12) file:/workdir/hadoop-ozone/integration-test/target/test-dir/MiniOzoneClusterImpl-df60ebb5-d9ce-4d7d-8dc8-039b243d66da/datanode-7/data/ratis/2930b6d6-5a9e-418f-ba71-a91ba5a7b369/sm/snapshot.2_12 time:3
2019-09-16 16:56:42,783 [c232c0ff-9192-4b00-ad60-76b55f03f95e@group-A91BA5A7B369-StateMachineUpdater] INFO  impl.StateMachineUpdater (StateMachineUpdater.java:takeSnapshot(258)) - c232c0ff-9192-4b00-ad60-76b55f03f95e@group-A91BA5A7B369-StateMachineUpdater: Took a snapshot at index 12
2019-09-16 16:56:42,783 [c232c0ff-9192-4b00-ad60-76b55f03f95e@group-A91BA5A7B369-StateMachineUpdater] INFO  impl.StateMachineUpdater (StateMachineUpdater.java:lambda$new$0(83)) - c232c0ff-9192-4b00-ad60-76b55f03f95e@group-A91BA5A7B369-StateMachineUpdater: snapshotIndex: updateIncreasingly 12 -> 12
2019-09-16 16:56:42,783 [ForkJoinPool.commonPool-worker-1] INFO  impl.RaftServerImpl (ServerState.java:close(385)) - c232c0ff-9192-4b00-ad60-76b55f03f95e@group-A91BA5A7B369: closes. applyIndex: 16
2019-09-16 16:56:42,785 [c232c0ff-9192-4b00-ad60-76b55f03f95e@group-A91BA5A7B369-SegmentedRaftLogWorker] ERROR ratis.XceiverServerRatis (XceiverServerRatis.java:triggerPipelineClose(568)) - pipeline Action CLOSE  on pipeline PipelineID=2930b6d6-5a9e-418f-ba71-a91ba5a7b369.Reason : WriteLog:19: (t:2, i:19), STATEMACHINELOGENTRY, client-59284F2D283B, cid=31-writeStateMachineData interrupted.
2019-09-16 16:56:42,787 [ForkJoinPool.commonPool-worker-1] INFO  segmented.SegmentedRaftLogWorker (SegmentedRaftLogWorker.java:close(228)) - c232c0ff-9192-4b00-ad60-76b55f03f95e@group-A91BA5A7B369-SegmentedRaftLogWorker close()
2019-09-16 16:56:42,788 [ForkJoinPool.commonPool-worker-1] INFO  impl.RaftServerImpl (RaftServerImpl.java:lambda$shutdown$3(251)) - c232c0ff-9192-4b00-ad60-76b55f03f95e@group-810AA75C5910: shutdown
2019-09-16 16:56:42,788 [ForkJoinPool.commonPool-worker-1] INFO  util.JmxRegister (JmxRegister.java:unregister(73)) - Successfully un-registered JMX Bean with object name Ratis:service=RaftServer,group=group-810AA75C5910,id=c232c0ff-9192-4b00-ad60-76b55f03f95e
2019-09-16 16:56:42,789 [ForkJoinPool.commonPool-worker-1] INFO  impl.RoleInfo (RoleInfo.java:shutdownLeaderState(104)) - c232c0ff-9192-4b00-ad60-76b55f03f95e: shutdown LeaderState
2019-09-16 16:56:42,789 [ForkJoinPool.commonPool-worker-1] INFO  impl.PendingRequests (PendingRequests.java:sendNotLeaderResponses(202)) - c232c0ff-9192-4b00-ad60-76b55f03f95e-PendingRequests: sendNotLeaderResponses
2019-09-16 16:56:42,789 [ForkJoinPool.commonPool-worker-1] INFO  impl.StateMachineUpdater (StateMachineUpdater.java:stopAndJoin(125)) - c232c0ff-9192-4b00-ad60-76b55f03f95e@group-810AA75C5910-StateMachineUpdater: set stopIndex = 0
2019-09-16 16:56:42,789 [ForkJoinPool.commonPool-worker-1] INFO  impl.RaftServerImpl (ServerState.java:close(385)) - c232c0ff-9192-4b00-ad60-76b55f03f95e@group-810AA75C5910: closes. applyIndex: 0
2019-09-16 16:56:42,790 [c232c0ff-9192-4b00-ad60-76b55f03f95e@group-810AA75C5910-SegmentedRaftLogWorker] INFO  segmented.SegmentedRaftLogWorker (SegmentedRaftLogWorker.java:run(313)) - c232c0ff-9192-4b00-ad60-76b55f03f95e@group-810AA75C5910-SegmentedRaftLogWorker was interrupted, exiting. There are 0 tasks remaining in the queue.
2019-09-16 16:56:42,790 [ForkJoinPool.commonPool-worker-1] INFO  segmented.SegmentedRaftLogWorker (SegmentedRaftLogWorker.java:close(228)) - c232c0ff-9192-4b00-ad60-76b55f03f95e@group-810AA75C5910-SegmentedRaftLogWorker close()
2019-09-16 16:56:42,791 [ForkJoinPool.commonPool-worker-1] INFO  server.GrpcService (GrpcService.java:closeImpl(164)) - c232c0ff-9192-4b00-ad60-76b55f03f95e: shutdown server with port 42873 now
2019-09-16 16:56:42,792 [ForkJoinPool.commonPool-worker-1] INFO  server.GrpcService (GrpcService.java:closeImpl(172)) - c232c0ff-9192-4b00-ad60-76b55f03f95e: shutdown server with port 42873 successfully
2019-09-16 16:56:42,794 [refreshUsed-/workdir/hadoop-ozone/integration-test/target/test-dir/MiniOzoneClusterImpl-df60ebb5-d9ce-4d7d-8dc8-039b243d66da/datanode-7/data/containers] WARN  fs.CachingGetSpaceUsed (CachingGetSpaceUsed.java:run(183)) - Thread Interrupted waiting to refresh disk information: sleep interrupted
2019-09-16 16:56:42,809 [ForkJoinPool.commonPool-worker-1] INFO  utils.BackgroundService (BackgroundService.java:shutdown(148)) - Shutting down service BlockDeletingService
2019-09-16 16:56:42,812 [ForkJoinPool.commonPool-worker-1] INFO  statemachine.DatanodeStateMachine (DatanodeStateMachine.java:stopDaemon(395)) - Ozone container server stopped.
2019-09-16 16:56:42,815 [ForkJoinPool.commonPool-worker-1] INFO  handler.ContextHandler (ContextHandler.java:doStop(910)) - Stopped o.e.j.w.WebAppContext@663bb8ef{/,null,UNAVAILABLE}{/hddsDatanode}
2019-09-16 16:56:42,816 [ForkJoinPool.commonPool-worker-1] INFO  server.AbstractConnector (AbstractConnector.java:doStop(318)) - Stopped ServerConnector@2f4e40d7{HTTP/1.1,[http/1.1]}{0.0.0.0:0}
2019-09-16 16:56:42,817 [ForkJoinPool.commonPool-worker-1] INFO  handler.ContextHandler (ContextHandler.java:doStop(910)) - Stopped o.e.j.s.ServletContextHandler@6cd3ad8a{/static,jar:file:/home/user/.m2/repository/org/apache/hadoop/hadoop-hdds-container-service/0.5.0-SNAPSHOT/hadoop-hdds-container-service-0.5.0-SNAPSHOT.jar!/webapps/static,UNAVAILABLE}
2019-09-16 16:56:42,818 [ForkJoinPool.commonPool-worker-1] INFO  handler.ContextHandler (ContextHandler.java:doStop(910)) - Stopped o.e.j.s.ServletContextHandler@b9a77c8{/logs,file:///workdir/hadoop-ozone/integration-test/target/log,UNAVAILABLE}
2019-09-16 16:56:42,819 [main] INFO  ozone.MiniOzoneClusterImpl (MiniOzoneClusterImpl.java:stop(339)) - Stopping the StorageContainerManager
2019-09-16 16:56:42,819 [main] INFO  server.StorageContainerManager (StorageContainerManager.java:stop(801)) - Stopping Replication Manager Service.
2019-09-16 16:56:42,819 [main] INFO  container.ReplicationManager (ReplicationManager.java:stop(203)) - Stopping Replication Monitor Thread.
2019-09-16 16:56:42,819 [main] INFO  server.StorageContainerManager (StorageContainerManager.java:stop(808)) - Stopping Lease Manager of the command watchers
2019-09-16 16:56:42,820 [main] INFO  server.StorageContainerManager (StorageContainerManager.java:stop(815)) - Stopping datanode service RPC server
2019-09-16 16:56:42,820 [main] INFO  server.SCMDatanodeProtocolServer (SCMDatanodeProtocolServer.java:stop(367)) - Stopping the RPC server for DataNodes
2019-09-16 16:56:42,820 [main] INFO  ipc.Server (Server.java:stop(3082)) - Stopping server on 35033
2019-09-16 16:56:42,821 [IPC Server listener on 35033] INFO  ipc.Server (Server.java:run(1185)) - Stopping IPC Server listener on 35033
2019-09-16 16:56:42,896 [IPC Server Responder] INFO  ipc.Server (Server.java:run(1319)) - Stopping IPC Server Responder
2019-09-16 16:56:42,996 [SCM Heartbeat Processing Thread - 0] WARN  node.NodeStateManager (NodeStateManager.java:scheduleNextHealthCheck(646)) - Current Thread is interrupted, shutting down HB processing thread for Node Manager.
2019-09-16 16:56:42,996 [main] INFO  server.StorageContainerManager (StorageContainerManager.java:stop(823)) - Stopping block service RPC server
2019-09-16 16:56:42,996 [main] INFO  server.SCMBlockProtocolServer (SCMBlockProtocolServer.java:stop(155)) - Stopping the RPC server for Block Protocol
2019-09-16 16:56:42,997 [main] INFO  ipc.Server (Server.java:stop(3082)) - Stopping server on 42168
2019-09-16 16:56:42,998 [IPC Server listener on 42168] INFO  ipc.Server (Server.java:run(1185)) - Stopping IPC Server listener on 42168
2019-09-16 16:56:42,999 [main] INFO  server.StorageContainerManager (StorageContainerManager.java:stop(830)) - Stopping the StorageContainerLocationProtocol RPC server
2019-09-16 16:56:42,999 [IPC Server Responder] INFO  ipc.Server (Server.java:run(1319)) - Stopping IPC Server Responder
2019-09-16 16:56:42,999 [main] INFO  server.SCMClientProtocolServer (SCMClientProtocolServer.java:stop(159)) - Stopping the RPC server for Client Protocol
2019-09-16 16:56:42,999 [main] INFO  ipc.Server (Server.java:stop(3082)) - Stopping server on 35699
2019-09-16 16:56:43,001 [IPC Server listener on 35699] INFO  ipc.Server (Server.java:run(1185)) - Stopping IPC Server listener on 35699
2019-09-16 16:56:43,001 [main] INFO  server.StorageContainerManager (StorageContainerManager.java:stop(837)) - Stopping Storage Container Manager HTTP server.
2019-09-16 16:56:43,001 [IPC Server Responder] INFO  ipc.Server (Server.java:run(1319)) - Stopping IPC Server Responder
2019-09-16 16:56:43,002 [main] INFO  handler.ContextHandler (ContextHandler.java:doStop(910)) - Stopped o.e.j.w.WebAppContext@7555b920{/,null,UNAVAILABLE}{/scm}
2019-09-16 16:56:43,002 [main] INFO  server.AbstractConnector (AbstractConnector.java:doStop(318)) - Stopped ServerConnector@6db66836{HTTP/1.1,[http/1.1]}{0.0.0.0:0}
2019-09-16 16:56:43,003 [main] INFO  handler.ContextHandler (ContextHandler.java:doStop(910)) - Stopped o.e.j.s.ServletContextHandler@6622fc65{/static,file:///workdir/hadoop-ozone/integration-test/target/test-classes/webapps/static,UNAVAILABLE}
2019-09-16 16:56:43,003 [main] INFO  handler.ContextHandler (ContextHandler.java:doStop(910)) - Stopped o.e.j.s.ServletContextHandler@732f29af{/logs,file:///workdir/hadoop-ozone/integration-test/target/log,UNAVAILABLE}
2019-09-16 16:56:43,004 [main] INFO  server.StorageContainerManager (StorageContainerManager.java:stop(848)) - Stopping Block Manager Service.
2019-09-16 16:56:43,004 [main] INFO  utils.BackgroundService (BackgroundService.java:shutdown(148)) - Shutting down service SCMBlockDeletingService
2019-09-16 16:56:43,005 [main] INFO  utils.BackgroundService (BackgroundService.java:shutdown(148)) - Shutting down service SCMBlockDeletingService
2019-09-16 16:56:43,005 [main] INFO  server.StorageContainerManager (StorageContainerManager.java:stop(870)) - Stopping SCM Event Queue.
2019-09-16 16:56:43,011 [main] INFO  impl.MetricsSystemImpl (MetricsSystemImpl.java:stop(210)) - Stopping XceiverClientMetrics metrics system...
2019-09-16 16:56:43,022 [prometheus] INFO  impl.MetricsSinkAdapter (MetricsSinkAdapter.java:publishMetricsFromQueue(141)) - prometheus thread interrupted.
2019-09-16 16:56:43,023 [main] INFO  impl.MetricsSystemImpl (MetricsSystemImpl.java:stop(216)) - XceiverClientMetrics metrics system stopped.
]]></system-out>
    <system-err><![CDATA[ERROR StatusLogger No Log4j 2 configuration file found. Using default configuration (logging only errors to the console), or user programmatically provided configurations. Set system property 'log4j2.debug' to show Log4j 2 internal initialization logging. See https://logging.apache.org/log4j/2.x/manual/configuration.html for instructions on how to configure Log4j 2
Sep 16, 2019 4:56:32 PM org.apache.ratis.thirdparty.io.grpc.internal.SerializingExecutor run
SEVERE: Exception while executing runnable org.apache.ratis.thirdparty.io.grpc.internal.ServerImpl$JumpToApplicationThreadServerStreamListener$1Closed@35c49135
org.apache.ratis.thirdparty.io.grpc.StatusRuntimeException: CANCELLED: call already cancelled
	at org.apache.ratis.thirdparty.io.grpc.Status.asRuntimeException(Status.java:517)
	at org.apache.ratis.thirdparty.io.grpc.stub.ServerCalls$ServerCallStreamObserverImpl.onCompleted(ServerCalls.java:356)
	at org.apache.ratis.grpc.server.GrpcServerProtocolService$ServerRequestStreamObserver.onError(GrpcServerProtocolService.java:121)
	at org.apache.ratis.thirdparty.io.grpc.stub.ServerCalls$StreamingServerCallHandler$StreamingServerCallListener.onCancel(ServerCalls.java:269)
	at org.apache.ratis.thirdparty.io.grpc.internal.ServerCallImpl$ServerStreamListenerImpl.closed(ServerCallImpl.java:293)
	at org.apache.ratis.thirdparty.io.grpc.internal.ServerImpl$JumpToApplicationThreadServerStreamListener$1Closed.runInContext(ServerImpl.java:741)
	at org.apache.ratis.thirdparty.io.grpc.internal.ContextRunnable.run(ContextRunnable.java:37)
	at org.apache.ratis.thirdparty.io.grpc.internal.SerializingExecutor.run(SerializingExecutor.java:123)
	at java.util.concurrent.ThreadPoolExecutor.runWorker(ThreadPoolExecutor.java:1149)
	at java.util.concurrent.ThreadPoolExecutor$Worker.run(ThreadPoolExecutor.java:624)
	at java.lang.Thread.run(Thread.java:748)

Sep 16, 2019 4:56:32 PM org.apache.ratis.thirdparty.io.grpc.internal.SerializingExecutor run
SEVERE: Exception while executing runnable org.apache.ratis.thirdparty.io.grpc.internal.ServerImpl$JumpToApplicationThreadServerStreamListener$1Closed@4bd618f1
org.apache.ratis.thirdparty.io.grpc.StatusRuntimeException: CANCELLED: call already cancelled
	at org.apache.ratis.thirdparty.io.grpc.Status.asRuntimeException(Status.java:517)
	at org.apache.ratis.thirdparty.io.grpc.stub.ServerCalls$ServerCallStreamObserverImpl.onCompleted(ServerCalls.java:356)
	at org.apache.ratis.grpc.server.GrpcServerProtocolService$ServerRequestStreamObserver.onError(GrpcServerProtocolService.java:121)
	at org.apache.ratis.thirdparty.io.grpc.stub.ServerCalls$StreamingServerCallHandler$StreamingServerCallListener.onCancel(ServerCalls.java:269)
	at org.apache.ratis.thirdparty.io.grpc.internal.ServerCallImpl$ServerStreamListenerImpl.closed(ServerCallImpl.java:293)
	at org.apache.ratis.thirdparty.io.grpc.internal.ServerImpl$JumpToApplicationThreadServerStreamListener$1Closed.runInContext(ServerImpl.java:741)
	at org.apache.ratis.thirdparty.io.grpc.internal.ContextRunnable.run(ContextRunnable.java:37)
	at org.apache.ratis.thirdparty.io.grpc.internal.SerializingExecutor.run(SerializingExecutor.java:123)
	at java.util.concurrent.ThreadPoolExecutor.runWorker(ThreadPoolExecutor.java:1149)
	at java.util.concurrent.ThreadPoolExecutor$Worker.run(ThreadPoolExecutor.java:624)
	at java.lang.Thread.run(Thread.java:748)

]]></system-err>
  </testcase>
  <testcase name="testMultiBlockWritesWithDnFailures" classname="org.apache.hadoop.ozone.client.rpc.TestMultiBlockWritesWithDnFailures" time="39.686"/>
</testsuite>