<?xml version="1.0" encoding="UTF-8"?>
<testsuite xmlns:xsi="http://www.w3.org/2001/XMLSchema-instance" xsi:noNamespaceSchemaLocation="https://maven.apache.org/surefire/maven-surefire-plugin/xsd/surefire-test-report.xsd" name="org.apache.hadoop.ozone.freon.TestRandomKeyGenerator" time="105.123" tests="5" errors="1" skipped="0" failures="0">
  <properties>
    <property name="awt.toolkit" value="sun.awt.X11.XToolkit"/>
    <property name="file.encoding.pkg" value="sun.io"/>
    <property name="java.specification.version" value="1.8"/>
    <property name="sun.cpu.isalist" value=""/>
    <property name="sun.jnu.encoding" value="UTF-8"/>
    <property name="java.class.path" value="/tmp/workdir/hadoop-ozone/tools/target/test-classes:/tmp/workdir/hadoop-ozone/tools/target/classes:/tmp/workdir/hadoop-ozone/ozone-manager/target/classes:/tmp/workdir/hadoop-hdds/docs/target/classes:/home/user/.m2/repository/org/bouncycastle/bcprov-jdk15on/1.60/bcprov-jdk15on-1.60.jar:/tmp/workdir/hadoop-ozone/common/target/classes:/home/user/.m2/repository/org/apache/commons/commons-compress/1.4.1/commons-compress-1.4.1.jar:/home/user/.m2/repository/org/tukaani/xz/1.0/xz-1.0.jar:/home/user/.m2/repository/org/apache/hadoop/hadoop-hdfs-client/3.2.0/hadoop-hdfs-client-3.2.0.jar:/home/user/.m2/repository/com/fasterxml/jackson/core/jackson-annotations/2.9.5/jackson-annotations-2.9.5.jar:/tmp/workdir/hadoop-hdds/common/target/classes:/tmp/workdir/hadoop-hdds/config/target/classes:/home/user/.m2/repository/javax/annotation/javax.annotation-api/1.2/javax.annotation-api-1.2.jar:/home/user/.m2/repository/org/apache/ratis/ratis-server/0.4.0-2337318-SNAPSHOT/ratis-server-0.4.0-2337318-SNAPSHOT.jar:/home/user/.m2/repository/org/apache/ratis/ratis-thirdparty-misc/0.2.0/ratis-thirdparty-misc-0.2.0.jar:/home/user/.m2/repository/org/apache/ratis/ratis-proto/0.4.0-2337318-SNAPSHOT/ratis-proto-0.4.0-2337318-SNAPSHOT.jar:/home/user/.m2/repository/org/apache/ratis/ratis-common/0.4.0-2337318-SNAPSHOT/ratis-common-0.4.0-2337318-SNAPSHOT.jar:/home/user/.m2/repository/org/apache/ratis/ratis-client/0.4.0-2337318-SNAPSHOT/ratis-client-0.4.0-2337318-SNAPSHOT.jar:/home/user/.m2/repository/org/apache/ratis/ratis-metrics/0.4.0-2337318-SNAPSHOT/ratis-metrics-0.4.0-2337318-SNAPSHOT.jar:/home/user/.m2/repository/org/apache/ratis/ratis-netty/0.4.0-2337318-SNAPSHOT/ratis-netty-0.4.0-2337318-SNAPSHOT.jar:/home/user/.m2/repository/org/apache/ratis/ratis-grpc/0.4.0-2337318-SNAPSHOT/ratis-grpc-0.4.0-2337318-SNAPSHOT.jar:/home/user/.m2/repository/org/rocksdb/rocksdbjni/6.0.1/rocksdbjni-6.0.1.jar:/home/user/.m2/repository/org/apache/logging/log4j/log4j-api/2.11.0/log4j-api-2.11.0.jar:/home/user/.m2/repository/org/apache/logging/log4j/log4j-core/2.11.0/log4j-core-2.11.0.jar:/home/user/.m2/repository/com/lmax/disruptor/3.4.2/disruptor-3.4.2.jar:/home/user/.m2/repository/org/apache/commons/commons-pool2/2.6.0/commons-pool2-2.6.0.jar:/home/user/.m2/repository/org/bouncycastle/bcpkix-jdk15on/1.60/bcpkix-jdk15on-1.60.jar:/home/user/.m2/repository/commons-validator/commons-validator/1.6/commons-validator-1.6.jar:/home/user/.m2/repository/commons-digester/commons-digester/1.8.1/commons-digester-1.8.1.jar:/home/user/.m2/repository/io/jaegertracing/jaeger-client/0.33.1/jaeger-client-0.33.1.jar:/home/user/.m2/repository/io/jaegertracing/jaeger-thrift/0.33.1/jaeger-thrift-0.33.1.jar:/home/user/.m2/repository/org/apache/thrift/libthrift/0.11.0/libthrift-0.11.0.jar:/home/user/.m2/repository/com/squareup/okhttp3/okhttp/3.9.0/okhttp-3.9.0.jar:/home/user/.m2/repository/com/squareup/okio/okio/1.13.0/okio-1.13.0.jar:/home/user/.m2/repository/io/jaegertracing/jaeger-core/0.33.1/jaeger-core-0.33.1.jar:/home/user/.m2/repository/io/jaegertracing/jaeger-tracerresolver/0.33.1/jaeger-tracerresolver-0.33.1.jar:/home/user/.m2/repository/io/opentracing/contrib/opentracing-tracerresolver/0.1.5/opentracing-tracerresolver-0.1.5.jar:/home/user/.m2/repository/io/opentracing/opentracing-util/0.31.0/opentracing-util-0.31.0.jar:/home/user/.m2/repository/io/opentracing/opentracing-api/0.31.0/opentracing-api-0.31.0.jar:/home/user/.m2/repository/io/opentracing/opentracing-noop/0.31.0/opentracing-noop-0.31.0.jar:/home/user/.m2/repository/org/yaml/snakeyaml/1.16/snakeyaml-1.16.jar:/tmp/workdir/hadoop-hdds/container-service/target/classes:/tmp/workdir/hadoop-hdds/client/target/classes:/tmp/workdir/hadoop-hdds/tools/target/classes:/home/user/.m2/repository/org/xerial/sqlite-jdbc/3.25.2/sqlite-jdbc-3.25.2.jar:/tmp/workdir/hadoop-hdds/server-scm/target/classes:/home/user/.m2/repository/org/hamcrest/hamcrest-all/1.3/hamcrest-all-1.3.jar:/home/user/.m2/repository/info/picocli/picocli/3.9.6/picocli-3.9.6.jar:/home/user/.m2/repository/com/google/protobuf/protobuf-java/2.5.0/protobuf-java-2.5.0.jar:/home/user/.m2/repository/com/google/guava/guava/11.0.2/guava-11.0.2.jar:/tmp/workdir/hadoop-ozone/client/target/classes:/home/user/.m2/repository/org/apache/hadoop/hadoop-ozone-filesystem/0.5.0-SNAPSHOT/hadoop-ozone-filesystem-0.5.0-SNAPSHOT.jar:/tmp/workdir/hadoop-hdds/framework/target/classes:/home/user/.m2/repository/org/apache/hadoop/hadoop-common/3.2.0/hadoop-common-3.2.0.jar:/home/user/.m2/repository/org/apache/hadoop/hadoop-annotations/3.2.0/hadoop-annotations-3.2.0.jar:/usr/lib/jvm/java-1.8-openjdk/jre/../lib/tools.jar:/home/user/.m2/repository/commons-cli/commons-cli/1.2/commons-cli-1.2.jar:/home/user/.m2/repository/org/apache/commons/commons-math3/3.1.1/commons-math3-3.1.1.jar:/home/user/.m2/repository/org/apache/httpcomponents/httpclient/4.5.2/httpclient-4.5.2.jar:/home/user/.m2/repository/org/apache/httpcomponents/httpcore/4.4.4/httpcore-4.4.4.jar:/home/user/.m2/repository/commons-codec/commons-codec/1.11/commons-codec-1.11.jar:/home/user/.m2/repository/commons-io/commons-io/2.5/commons-io-2.5.jar:/home/user/.m2/repository/commons-net/commons-net/3.6/commons-net-3.6.jar:/home/user/.m2/repository/commons-collections/commons-collections/3.2.2/commons-collections-3.2.2.jar:/home/user/.m2/repository/javax/servlet/javax.servlet-api/3.1.0/javax.servlet-api-3.1.0.jar:/home/user/.m2/repository/org/eclipse/jetty/jetty-server/9.3.24.v20180605/jetty-server-9.3.24.v20180605.jar:/home/user/.m2/repository/org/eclipse/jetty/jetty-http/9.3.24.v20180605/jetty-http-9.3.24.v20180605.jar:/home/user/.m2/repository/org/eclipse/jetty/jetty-io/9.3.24.v20180605/jetty-io-9.3.24.v20180605.jar:/home/user/.m2/repository/org/eclipse/jetty/jetty-util/9.3.24.v20180605/jetty-util-9.3.24.v20180605.jar:/home/user/.m2/repository/org/eclipse/jetty/jetty-servlet/9.3.24.v20180605/jetty-servlet-9.3.24.v20180605.jar:/home/user/.m2/repository/org/eclipse/jetty/jetty-security/9.3.24.v20180605/jetty-security-9.3.24.v20180605.jar:/home/user/.m2/repository/org/eclipse/jetty/jetty-webapp/9.3.24.v20180605/jetty-webapp-9.3.24.v20180605.jar:/home/user/.m2/repository/org/eclipse/jetty/jetty-xml/9.3.24.v20180605/jetty-xml-9.3.24.v20180605.jar:/home/user/.m2/repository/javax/servlet/jsp/jsp-api/2.1/jsp-api-2.1.jar:/home/user/.m2/repository/com/sun/jersey/jersey-core/1.19/jersey-core-1.19.jar:/home/user/.m2/repository/javax/ws/rs/jsr311-api/1.1.1/jsr311-api-1.1.1.jar:/home/user/.m2/repository/com/sun/jersey/jersey-servlet/1.19/jersey-servlet-1.19.jar:/home/user/.m2/repository/com/sun/jersey/jersey-json/1.19/jersey-json-1.19.jar:/home/user/.m2/repository/org/codehaus/jettison/jettison/1.1/jettison-1.1.jar:/home/user/.m2/repository/com/sun/xml/bind/jaxb-impl/2.3.0.1/jaxb-impl-2.3.0.1.jar:/home/user/.m2/repository/org/codehaus/jackson/jackson-core-asl/1.9.13/jackson-core-asl-1.9.13.jar:/home/user/.m2/repository/org/codehaus/jackson/jackson-mapper-asl/1.9.13/jackson-mapper-asl-1.9.13.jar:/home/user/.m2/repository/org/codehaus/jackson/jackson-jaxrs/1.9.13/jackson-jaxrs-1.9.13.jar:/home/user/.m2/repository/org/codehaus/jackson/jackson-xc/1.9.13/jackson-xc-1.9.13.jar:/home/user/.m2/repository/com/sun/jersey/jersey-server/1.19/jersey-server-1.19.jar:/home/user/.m2/repository/commons-logging/commons-logging/1.1.3/commons-logging-1.1.3.jar:/home/user/.m2/repository/log4j/log4j/1.2.17/log4j-1.2.17.jar:/home/user/.m2/repository/commons-beanutils/commons-beanutils/1.9.3/commons-beanutils-1.9.3.jar:/home/user/.m2/repository/org/apache/commons/commons-configuration2/2.1.1/commons-configuration2-2.1.1.jar:/home/user/.m2/repository/org/apache/commons/commons-lang3/3.7/commons-lang3-3.7.jar:/home/user/.m2/repository/org/apache/commons/commons-text/1.4/commons-text-1.4.jar:/home/user/.m2/repository/org/slf4j/slf4j-api/1.7.25/slf4j-api-1.7.25.jar:/home/user/.m2/repository/org/slf4j/slf4j-log4j12/1.7.25/slf4j-log4j12-1.7.25.jar:/home/user/.m2/repository/org/apache/avro/avro/1.7.7/avro-1.7.7.jar:/home/user/.m2/repository/com/thoughtworks/paranamer/paranamer/2.3/paranamer-2.3.jar:/home/user/.m2/repository/org/xerial/snappy/snappy-java/1.0.5/snappy-java-1.0.5.jar:/home/user/.m2/repository/com/google/re2j/re2j/1.1/re2j-1.1.jar:/home/user/.m2/repository/com/google/code/gson/gson/2.2.4/gson-2.2.4.jar:/home/user/.m2/repository/org/apache/hadoop/hadoop-auth/3.2.0/hadoop-auth-3.2.0.jar:/home/user/.m2/repository/com/nimbusds/nimbus-jose-jwt/4.41.1/nimbus-jose-jwt-4.41.1.jar:/home/user/.m2/repository/com/github/stephenc/jcip/jcip-annotations/1.0-1/jcip-annotations-1.0-1.jar:/home/user/.m2/repository/net/minidev/json-smart/2.3/json-smart-2.3.jar:/home/user/.m2/repository/net/minidev/accessors-smart/1.2/accessors-smart-1.2.jar:/home/user/.m2/repository/org/apache/curator/curator-framework/2.12.0/curator-framework-2.12.0.jar:/home/user/.m2/repository/com/jcraft/jsch/0.1.54/jsch-0.1.54.jar:/home/user/.m2/repository/org/apache/curator/curator-client/2.12.0/curator-client-2.12.0.jar:/home/user/.m2/repository/org/apache/curator/curator-recipes/2.12.0/curator-recipes-2.12.0.jar:/home/user/.m2/repository/com/google/code/findbugs/jsr305/3.0.0/jsr305-3.0.0.jar:/home/user/.m2/repository/org/apache/htrace/htrace-core4/4.1.0-incubating/htrace-core4-4.1.0-incubating.jar:/home/user/.m2/repository/org/apache/zookeeper/zookeeper/3.4.13/zookeeper-3.4.13.jar:/home/user/.m2/repository/org/apache/yetus/audience-annotations/0.5.0/audience-annotations-0.5.0.jar:/home/user/.m2/repository/org/apache/kerby/kerb-simplekdc/1.0.1/kerb-simplekdc-1.0.1.jar:/home/user/.m2/repository/org/apache/kerby/kerb-client/1.0.1/kerb-client-1.0.1.jar:/home/user/.m2/repository/org/apache/kerby/kerby-config/1.0.1/kerby-config-1.0.1.jar:/home/user/.m2/repository/org/apache/kerby/kerb-core/1.0.1/kerb-core-1.0.1.jar:/home/user/.m2/repository/org/apache/kerby/kerby-pkix/1.0.1/kerby-pkix-1.0.1.jar:/home/user/.m2/repository/org/apache/kerby/kerby-asn1/1.0.1/kerby-asn1-1.0.1.jar:/home/user/.m2/repository/org/apache/kerby/kerby-util/1.0.1/kerby-util-1.0.1.jar:/home/user/.m2/repository/org/apache/kerby/kerb-common/1.0.1/kerb-common-1.0.1.jar:/home/user/.m2/repository/org/apache/kerby/kerb-crypto/1.0.1/kerb-crypto-1.0.1.jar:/home/user/.m2/repository/org/apache/kerby/kerb-util/1.0.1/kerb-util-1.0.1.jar:/home/user/.m2/repository/org/apache/kerby/token-provider/1.0.1/token-provider-1.0.1.jar:/home/user/.m2/repository/org/apache/kerby/kerb-admin/1.0.1/kerb-admin-1.0.1.jar:/home/user/.m2/repository/org/apache/kerby/kerb-server/1.0.1/kerb-server-1.0.1.jar:/home/user/.m2/repository/org/apache/kerby/kerb-identity/1.0.1/kerb-identity-1.0.1.jar:/home/user/.m2/repository/org/apache/kerby/kerby-xdr/1.0.1/kerby-xdr-1.0.1.jar:/home/user/.m2/repository/com/fasterxml/jackson/core/jackson-databind/2.9.5/jackson-databind-2.9.5.jar:/home/user/.m2/repository/com/fasterxml/jackson/core/jackson-core/2.9.5/jackson-core-2.9.5.jar:/home/user/.m2/repository/org/codehaus/woodstox/stax2-api/3.1.4/stax2-api-3.1.4.jar:/home/user/.m2/repository/com/fasterxml/woodstox/woodstox-core/5.0.3/woodstox-core-5.0.3.jar:/home/user/.m2/repository/dnsjava/dnsjava/2.1.7/dnsjava-2.1.7.jar:/home/user/.m2/repository/org/apache/hadoop/hadoop-hdfs/3.2.0/hadoop-hdfs-3.2.0.jar:/home/user/.m2/repository/org/eclipse/jetty/jetty-util-ajax/9.3.24.v20180605/jetty-util-ajax-9.3.24.v20180605.jar:/home/user/.m2/repository/commons-daemon/commons-daemon/1.0.13/commons-daemon-1.0.13.jar:/home/user/.m2/repository/io/netty/netty/3.10.5.Final/netty-3.10.5.Final.jar:/home/user/.m2/repository/io/netty/netty-all/4.0.52.Final/netty-all-4.0.52.Final.jar:/home/user/.m2/repository/org/fusesource/leveldbjni/leveldbjni-all/1.8/leveldbjni-all-1.8.jar:/home/user/.m2/repository/com/sun/xml/bind/jaxb-core/2.3.0.1/jaxb-core-2.3.0.1.jar:/home/user/.m2/repository/javax/xml/bind/jaxb-api/2.3.0/jaxb-api-2.3.0.jar:/home/user/.m2/repository/javax/activation/activation/1.1.1/activation-1.1.1.jar:/home/user/.m2/repository/io/dropwizard/metrics/metrics-core/3.2.4/metrics-core-3.2.4.jar:/home/user/.m2/repository/org/openjdk/jmh/jmh-core/1.19/jmh-core-1.19.jar:/home/user/.m2/repository/net/sf/jopt-simple/jopt-simple/4.6/jopt-simple-4.6.jar:/home/user/.m2/repository/org/openjdk/jmh/jmh-generator-annprocess/1.19/jmh-generator-annprocess-1.19.jar:/home/user/.m2/repository/com/google/code/findbugs/findbugs/3.0.1/findbugs-3.0.1.jar:/home/user/.m2/repository/net/jcip/jcip-annotations/1.0/jcip-annotations-1.0.jar:/home/user/.m2/repository/com/google/code/findbugs/bcel-findbugs/6.0/bcel-findbugs-6.0.jar:/home/user/.m2/repository/com/google/code/findbugs/jFormatString/2.0.1/jFormatString-2.0.1.jar:/home/user/.m2/repository/dom4j/dom4j/1.6.1/dom4j-1.6.1.jar:/home/user/.m2/repository/xml-apis/xml-apis/1.0.b2/xml-apis-1.0.b2.jar:/home/user/.m2/repository/org/ow2/asm/asm-debug-all/5.0.2/asm-debug-all-5.0.2.jar:/home/user/.m2/repository/org/ow2/asm/asm-commons/5.0.2/asm-commons-5.0.2.jar:/home/user/.m2/repository/org/ow2/asm/asm-tree/5.0.2/asm-tree-5.0.2.jar:/home/user/.m2/repository/org/ow2/asm/asm/5.0.4/asm-5.0.4.jar:/home/user/.m2/repository/commons-lang/commons-lang/2.6/commons-lang-2.6.jar:/home/user/.m2/repository/com/apple/AppleJavaExtensions/1.4/AppleJavaExtensions-1.4.jar:/home/user/.m2/repository/jaxen/jaxen/1.1.6/jaxen-1.1.6.jar:/home/user/.m2/repository/junit/junit/4.11/junit-4.11.jar:/home/user/.m2/repository/org/hamcrest/hamcrest-core/1.3/hamcrest-core-1.3.jar:/home/user/.m2/repository/org/apache/hadoop/hadoop-common/3.2.0/hadoop-common-3.2.0-tests.jar:/home/user/.m2/repository/org/apache/hadoop/hadoop-ozone-integration-test/0.5.0-SNAPSHOT/hadoop-ozone-integration-test-0.5.0-SNAPSHOT-tests.jar:/tmp/workdir/hadoop-ozone/objectstore-service/target/classes:/tmp/workdir/hadoop-ozone/s3gateway/target/classes:/home/user/.m2/repository/org/jboss/weld/servlet/weld-servlet/2.4.7.Final/weld-servlet-2.4.7.Final.jar:/home/user/.m2/repository/org/glassfish/jersey/containers/jersey-container-servlet-core/2.27/jersey-container-servlet-core-2.27.jar:/home/user/.m2/repository/org/glassfish/hk2/external/javax.inject/2.5.0-b42/javax.inject-2.5.0-b42.jar:/home/user/.m2/repository/org/glassfish/jersey/core/jersey-common/2.27/jersey-common-2.27.jar:/home/user/.m2/repository/org/glassfish/hk2/osgi-resource-locator/1.0.1/osgi-resource-locator-1.0.1.jar:/home/user/.m2/repository/javax/ws/rs/javax.ws.rs-api/2.1/javax.ws.rs-api-2.1.jar:/home/user/.m2/repository/org/glassfish/jersey/ext/cdi/jersey-cdi1x/2.27/jersey-cdi1x-2.27.jar:/home/user/.m2/repository/org/glassfish/jersey/inject/jersey-hk2/2.27/jersey-hk2-2.27.jar:/home/user/.m2/repository/org/glassfish/hk2/hk2-locator/2.5.0-b42/hk2-locator-2.5.0-b42.jar:/home/user/.m2/repository/org/javassist/javassist/3.22.0-CR2/javassist-3.22.0-CR2.jar:/home/user/.m2/repository/org/glassfish/hk2/hk2-api/2.5.0/hk2-api-2.5.0.jar:/home/user/.m2/repository/org/glassfish/hk2/external/jakarta.inject/2.5.0/jakarta.inject-2.5.0.jar:/home/user/.m2/repository/org/glassfish/hk2/hk2-utils/2.5.0/hk2-utils-2.5.0.jar:/home/user/.m2/repository/jakarta/annotation/jakarta.annotation-api/1.3.4/jakarta.annotation-api-1.3.4.jar:/home/user/.m2/repository/org/glassfish/hk2/external/aopalliance-repackaged/2.5.0/aopalliance-repackaged-2.5.0.jar:/home/user/.m2/repository/com/fasterxml/jackson/dataformat/jackson-dataformat-xml/2.9.0/jackson-dataformat-xml-2.9.0.jar:/home/user/.m2/repository/com/fasterxml/jackson/module/jackson-module-jaxb-annotations/2.9.5/jackson-module-jaxb-annotations-2.9.5.jar:/home/user/.m2/repository/javax/enterprise/cdi-api/1.2/cdi-api-1.2.jar:/home/user/.m2/repository/javax/el/javax.el-api/3.0.0/javax.el-api-3.0.0.jar:/home/user/.m2/repository/javax/interceptor/javax.interceptor-api/1.2/javax.interceptor-api-1.2.jar:/home/user/.m2/repository/javax/inject/javax.inject/1/javax.inject-1.jar:/tmp/workdir/hadoop-ozone/csi/target/classes:/home/user/.m2/repository/com/google/protobuf/protobuf-java-util/3.5.1/protobuf-java-util-3.5.1.jar:/home/user/.m2/repository/io/grpc/grpc-netty/1.17.1/grpc-netty-1.17.1.jar:/home/user/.m2/repository/io/grpc/grpc-core/1.17.1/grpc-core-1.17.1.jar:/home/user/.m2/repository/io/grpc/grpc-context/1.17.1/grpc-context-1.17.1.jar:/home/user/.m2/repository/com/google/errorprone/error_prone_annotations/2.2.0/error_prone_annotations-2.2.0.jar:/home/user/.m2/repository/org/codehaus/mojo/animal-sniffer-annotations/1.17/animal-sniffer-annotations-1.17.jar:/home/user/.m2/repository/io/opencensus/opencensus-api/0.17.0/opencensus-api-0.17.0.jar:/home/user/.m2/repository/io/opencensus/opencensus-contrib-grpc-metrics/0.17.0/opencensus-contrib-grpc-metrics-0.17.0.jar:/home/user/.m2/repository/io/netty/netty-codec-http2/4.1.30.Final/netty-codec-http2-4.1.30.Final.jar:/home/user/.m2/repository/io/netty/netty-codec-http/4.1.30.Final/netty-codec-http-4.1.30.Final.jar:/home/user/.m2/repository/io/netty/netty-codec/4.1.30.Final/netty-codec-4.1.30.Final.jar:/home/user/.m2/repository/io/netty/netty-handler/4.1.30.Final/netty-handler-4.1.30.Final.jar:/home/user/.m2/repository/io/netty/netty-handler-proxy/4.1.30.Final/netty-handler-proxy-4.1.30.Final.jar:/home/user/.m2/repository/io/netty/netty-codec-socks/4.1.30.Final/netty-codec-socks-4.1.30.Final.jar:/home/user/.m2/repository/io/netty/netty-transport-native-epoll/4.1.30.Final/netty-transport-native-epoll-4.1.30.Final.jar:/home/user/.m2/repository/io/netty/netty-common/4.1.30.Final/netty-common-4.1.30.Final.jar:/home/user/.m2/repository/io/netty/netty-buffer/4.1.30.Final/netty-buffer-4.1.30.Final.jar:/home/user/.m2/repository/io/netty/netty-transport/4.1.30.Final/netty-transport-4.1.30.Final.jar:/home/user/.m2/repository/io/netty/netty-resolver/4.1.30.Final/netty-resolver-4.1.30.Final.jar:/home/user/.m2/repository/io/netty/netty-transport-native-unix-common/4.1.30.Final/netty-transport-native-unix-common-4.1.30.Final.jar:/home/user/.m2/repository/io/grpc/grpc-protobuf/1.17.1/grpc-protobuf-1.17.1.jar:/home/user/.m2/repository/com/google/api/grpc/proto-google-common-protos/1.0.0/proto-google-common-protos-1.0.0.jar:/home/user/.m2/repository/io/grpc/grpc-protobuf-lite/1.17.1/grpc-protobuf-lite-1.17.1.jar:/home/user/.m2/repository/io/grpc/grpc-stub/1.17.1/grpc-stub-1.17.1.jar:/tmp/workdir/hadoop-ozone/ozone-recon/target/classes:/tmp/workdir/hadoop-ozone/ozone-recon-codegen/target/classes:/home/user/.m2/repository/com/google/inject/extensions/guice-multibindings/4.0/guice-multibindings-4.0.jar:/home/user/.m2/repository/com/google/inject/guice/4.0/guice-4.0.jar:/home/user/.m2/repository/aopalliance/aopalliance/1.0/aopalliance-1.0.jar:/home/user/.m2/repository/com/google/inject/extensions/guice-servlet/4.0/guice-servlet-4.0.jar:/home/user/.m2/repository/org/glassfish/jersey/containers/jersey-container-servlet/2.27/jersey-container-servlet-2.27.jar:/home/user/.m2/repository/org/glassfish/hk2/guice-bridge/2.5.0/guice-bridge-2.5.0.jar:/home/user/.m2/repository/org/glassfish/jersey/core/jersey-server/2.27/jersey-server-2.27.jar:/home/user/.m2/repository/org/glassfish/jersey/core/jersey-client/2.27/jersey-client-2.27.jar:/home/user/.m2/repository/org/glassfish/jersey/media/jersey-media-jaxb/2.27/jersey-media-jaxb-2.27.jar:/home/user/.m2/repository/javax/validation/validation-api/1.1.0.Final/validation-api-1.1.0.Final.jar:/home/user/.m2/repository/org/glassfish/jersey/media/jersey-media-json-jackson/2.27/jersey-media-json-jackson-2.27.jar:/home/user/.m2/repository/org/glassfish/jersey/ext/jersey-entity-filtering/2.27/jersey-entity-filtering-2.27.jar:/home/user/.m2/repository/com/google/inject/extensions/guice-assistedinject/4.0/guice-assistedinject-4.0.jar:/home/user/.m2/repository/org/jooq/jooq/3.11.10/jooq-3.11.10.jar:/home/user/.m2/repository/org/jooq/jooq-meta/3.11.10/jooq-meta-3.11.10.jar:/home/user/.m2/repository/org/jooq/jooq-codegen/3.11.10/jooq-codegen-3.11.10.jar:/home/user/.m2/repository/com/jolbox/bonecp/0.8.0.RELEASE/bonecp-0.8.0.RELEASE.jar:/home/user/.m2/repository/org/springframework/spring-jdbc/5.1.3.RELEASE/spring-jdbc-5.1.3.RELEASE.jar:/home/user/.m2/repository/org/springframework/spring-beans/5.1.3.RELEASE/spring-beans-5.1.3.RELEASE.jar:/home/user/.m2/repository/org/springframework/spring-core/5.1.3.RELEASE/spring-core-5.1.3.RELEASE.jar:/home/user/.m2/repository/org/springframework/spring-jcl/5.1.3.RELEASE/spring-jcl-5.1.3.RELEASE.jar:/home/user/.m2/repository/org/springframework/spring-tx/5.1.3.RELEASE/spring-tx-5.1.3.RELEASE.jar:/home/user/.m2/repository/org/mockito/mockito-core/2.15.0/mockito-core-2.15.0.jar:/home/user/.m2/repository/net/bytebuddy/byte-buddy/1.7.9/byte-buddy-1.7.9.jar:/home/user/.m2/repository/net/bytebuddy/byte-buddy-agent/1.7.9/byte-buddy-agent-1.7.9.jar:/home/user/.m2/repository/org/objenesis/objenesis/1.0/objenesis-1.0.jar:"/>
    <property name="java.vm.vendor" value="IcedTea"/>
    <property name="sun.arch.data.model" value="64"/>
    <property name="test.build.dir" value="/tmp/workdir/hadoop-ozone/tools/target/test-dir"/>
    <property name="test.cache.data" value=""/>
    <property name="java.vendor.url" value="https://icedtea.classpath.org"/>
    <property name="user.timezone" value=""/>
    <property name="java.vm.specification.version" value="1.8"/>
    <property name="os.name" value="Linux"/>
    <property name="test.build.data" value="/tmp/workdir/hadoop-ozone/tools/target/test-dir"/>
    <property name="user.country" value="US"/>
    <property name="sun.java.launcher" value="SUN_STANDARD"/>
    <property name="sun.boot.library.path" value="/usr/lib/jvm/java-1.8-openjdk/jre/lib/amd64"/>
    <property name="sun.java.command" value="/tmp/workdir/hadoop-ozone/tools/target/surefire/surefirebooter944391280327706984.jar /tmp/workdir/hadoop-ozone/tools/target/surefire 2019-07-08T22-16-39_553-jvmRun1 surefire6989575018475026275tmp surefire_107416284919482086165tmp"/>
    <property name="surefire.test.class.path" value="/tmp/workdir/hadoop-ozone/tools/target/test-classes:/tmp/workdir/hadoop-ozone/tools/target/classes:/tmp/workdir/hadoop-ozone/ozone-manager/target/classes:/tmp/workdir/hadoop-hdds/docs/target/classes:/home/user/.m2/repository/org/bouncycastle/bcprov-jdk15on/1.60/bcprov-jdk15on-1.60.jar:/tmp/workdir/hadoop-ozone/common/target/classes:/home/user/.m2/repository/org/apache/commons/commons-compress/1.4.1/commons-compress-1.4.1.jar:/home/user/.m2/repository/org/tukaani/xz/1.0/xz-1.0.jar:/home/user/.m2/repository/org/apache/hadoop/hadoop-hdfs-client/3.2.0/hadoop-hdfs-client-3.2.0.jar:/home/user/.m2/repository/com/fasterxml/jackson/core/jackson-annotations/2.9.5/jackson-annotations-2.9.5.jar:/tmp/workdir/hadoop-hdds/common/target/classes:/tmp/workdir/hadoop-hdds/config/target/classes:/home/user/.m2/repository/javax/annotation/javax.annotation-api/1.2/javax.annotation-api-1.2.jar:/home/user/.m2/repository/org/apache/ratis/ratis-server/0.4.0-2337318-SNAPSHOT/ratis-server-0.4.0-2337318-SNAPSHOT.jar:/home/user/.m2/repository/org/apache/ratis/ratis-thirdparty-misc/0.2.0/ratis-thirdparty-misc-0.2.0.jar:/home/user/.m2/repository/org/apache/ratis/ratis-proto/0.4.0-2337318-SNAPSHOT/ratis-proto-0.4.0-2337318-SNAPSHOT.jar:/home/user/.m2/repository/org/apache/ratis/ratis-common/0.4.0-2337318-SNAPSHOT/ratis-common-0.4.0-2337318-SNAPSHOT.jar:/home/user/.m2/repository/org/apache/ratis/ratis-client/0.4.0-2337318-SNAPSHOT/ratis-client-0.4.0-2337318-SNAPSHOT.jar:/home/user/.m2/repository/org/apache/ratis/ratis-metrics/0.4.0-2337318-SNAPSHOT/ratis-metrics-0.4.0-2337318-SNAPSHOT.jar:/home/user/.m2/repository/org/apache/ratis/ratis-netty/0.4.0-2337318-SNAPSHOT/ratis-netty-0.4.0-2337318-SNAPSHOT.jar:/home/user/.m2/repository/org/apache/ratis/ratis-grpc/0.4.0-2337318-SNAPSHOT/ratis-grpc-0.4.0-2337318-SNAPSHOT.jar:/home/user/.m2/repository/org/rocksdb/rocksdbjni/6.0.1/rocksdbjni-6.0.1.jar:/home/user/.m2/repository/org/apache/logging/log4j/log4j-api/2.11.0/log4j-api-2.11.0.jar:/home/user/.m2/repository/org/apache/logging/log4j/log4j-core/2.11.0/log4j-core-2.11.0.jar:/home/user/.m2/repository/com/lmax/disruptor/3.4.2/disruptor-3.4.2.jar:/home/user/.m2/repository/org/apache/commons/commons-pool2/2.6.0/commons-pool2-2.6.0.jar:/home/user/.m2/repository/org/bouncycastle/bcpkix-jdk15on/1.60/bcpkix-jdk15on-1.60.jar:/home/user/.m2/repository/commons-validator/commons-validator/1.6/commons-validator-1.6.jar:/home/user/.m2/repository/commons-digester/commons-digester/1.8.1/commons-digester-1.8.1.jar:/home/user/.m2/repository/io/jaegertracing/jaeger-client/0.33.1/jaeger-client-0.33.1.jar:/home/user/.m2/repository/io/jaegertracing/jaeger-thrift/0.33.1/jaeger-thrift-0.33.1.jar:/home/user/.m2/repository/org/apache/thrift/libthrift/0.11.0/libthrift-0.11.0.jar:/home/user/.m2/repository/com/squareup/okhttp3/okhttp/3.9.0/okhttp-3.9.0.jar:/home/user/.m2/repository/com/squareup/okio/okio/1.13.0/okio-1.13.0.jar:/home/user/.m2/repository/io/jaegertracing/jaeger-core/0.33.1/jaeger-core-0.33.1.jar:/home/user/.m2/repository/io/jaegertracing/jaeger-tracerresolver/0.33.1/jaeger-tracerresolver-0.33.1.jar:/home/user/.m2/repository/io/opentracing/contrib/opentracing-tracerresolver/0.1.5/opentracing-tracerresolver-0.1.5.jar:/home/user/.m2/repository/io/opentracing/opentracing-util/0.31.0/opentracing-util-0.31.0.jar:/home/user/.m2/repository/io/opentracing/opentracing-api/0.31.0/opentracing-api-0.31.0.jar:/home/user/.m2/repository/io/opentracing/opentracing-noop/0.31.0/opentracing-noop-0.31.0.jar:/home/user/.m2/repository/org/yaml/snakeyaml/1.16/snakeyaml-1.16.jar:/tmp/workdir/hadoop-hdds/container-service/target/classes:/tmp/workdir/hadoop-hdds/client/target/classes:/tmp/workdir/hadoop-hdds/tools/target/classes:/home/user/.m2/repository/org/xerial/sqlite-jdbc/3.25.2/sqlite-jdbc-3.25.2.jar:/tmp/workdir/hadoop-hdds/server-scm/target/classes:/home/user/.m2/repository/org/hamcrest/hamcrest-all/1.3/hamcrest-all-1.3.jar:/home/user/.m2/repository/info/picocli/picocli/3.9.6/picocli-3.9.6.jar:/home/user/.m2/repository/com/google/protobuf/protobuf-java/2.5.0/protobuf-java-2.5.0.jar:/home/user/.m2/repository/com/google/guava/guava/11.0.2/guava-11.0.2.jar:/tmp/workdir/hadoop-ozone/client/target/classes:/home/user/.m2/repository/org/apache/hadoop/hadoop-ozone-filesystem/0.5.0-SNAPSHOT/hadoop-ozone-filesystem-0.5.0-SNAPSHOT.jar:/tmp/workdir/hadoop-hdds/framework/target/classes:/home/user/.m2/repository/org/apache/hadoop/hadoop-common/3.2.0/hadoop-common-3.2.0.jar:/home/user/.m2/repository/org/apache/hadoop/hadoop-annotations/3.2.0/hadoop-annotations-3.2.0.jar:/usr/lib/jvm/java-1.8-openjdk/jre/../lib/tools.jar:/home/user/.m2/repository/commons-cli/commons-cli/1.2/commons-cli-1.2.jar:/home/user/.m2/repository/org/apache/commons/commons-math3/3.1.1/commons-math3-3.1.1.jar:/home/user/.m2/repository/org/apache/httpcomponents/httpclient/4.5.2/httpclient-4.5.2.jar:/home/user/.m2/repository/org/apache/httpcomponents/httpcore/4.4.4/httpcore-4.4.4.jar:/home/user/.m2/repository/commons-codec/commons-codec/1.11/commons-codec-1.11.jar:/home/user/.m2/repository/commons-io/commons-io/2.5/commons-io-2.5.jar:/home/user/.m2/repository/commons-net/commons-net/3.6/commons-net-3.6.jar:/home/user/.m2/repository/commons-collections/commons-collections/3.2.2/commons-collections-3.2.2.jar:/home/user/.m2/repository/javax/servlet/javax.servlet-api/3.1.0/javax.servlet-api-3.1.0.jar:/home/user/.m2/repository/org/eclipse/jetty/jetty-server/9.3.24.v20180605/jetty-server-9.3.24.v20180605.jar:/home/user/.m2/repository/org/eclipse/jetty/jetty-http/9.3.24.v20180605/jetty-http-9.3.24.v20180605.jar:/home/user/.m2/repository/org/eclipse/jetty/jetty-io/9.3.24.v20180605/jetty-io-9.3.24.v20180605.jar:/home/user/.m2/repository/org/eclipse/jetty/jetty-util/9.3.24.v20180605/jetty-util-9.3.24.v20180605.jar:/home/user/.m2/repository/org/eclipse/jetty/jetty-servlet/9.3.24.v20180605/jetty-servlet-9.3.24.v20180605.jar:/home/user/.m2/repository/org/eclipse/jetty/jetty-security/9.3.24.v20180605/jetty-security-9.3.24.v20180605.jar:/home/user/.m2/repository/org/eclipse/jetty/jetty-webapp/9.3.24.v20180605/jetty-webapp-9.3.24.v20180605.jar:/home/user/.m2/repository/org/eclipse/jetty/jetty-xml/9.3.24.v20180605/jetty-xml-9.3.24.v20180605.jar:/home/user/.m2/repository/javax/servlet/jsp/jsp-api/2.1/jsp-api-2.1.jar:/home/user/.m2/repository/com/sun/jersey/jersey-core/1.19/jersey-core-1.19.jar:/home/user/.m2/repository/javax/ws/rs/jsr311-api/1.1.1/jsr311-api-1.1.1.jar:/home/user/.m2/repository/com/sun/jersey/jersey-servlet/1.19/jersey-servlet-1.19.jar:/home/user/.m2/repository/com/sun/jersey/jersey-json/1.19/jersey-json-1.19.jar:/home/user/.m2/repository/org/codehaus/jettison/jettison/1.1/jettison-1.1.jar:/home/user/.m2/repository/com/sun/xml/bind/jaxb-impl/2.3.0.1/jaxb-impl-2.3.0.1.jar:/home/user/.m2/repository/org/codehaus/jackson/jackson-core-asl/1.9.13/jackson-core-asl-1.9.13.jar:/home/user/.m2/repository/org/codehaus/jackson/jackson-mapper-asl/1.9.13/jackson-mapper-asl-1.9.13.jar:/home/user/.m2/repository/org/codehaus/jackson/jackson-jaxrs/1.9.13/jackson-jaxrs-1.9.13.jar:/home/user/.m2/repository/org/codehaus/jackson/jackson-xc/1.9.13/jackson-xc-1.9.13.jar:/home/user/.m2/repository/com/sun/jersey/jersey-server/1.19/jersey-server-1.19.jar:/home/user/.m2/repository/commons-logging/commons-logging/1.1.3/commons-logging-1.1.3.jar:/home/user/.m2/repository/log4j/log4j/1.2.17/log4j-1.2.17.jar:/home/user/.m2/repository/commons-beanutils/commons-beanutils/1.9.3/commons-beanutils-1.9.3.jar:/home/user/.m2/repository/org/apache/commons/commons-configuration2/2.1.1/commons-configuration2-2.1.1.jar:/home/user/.m2/repository/org/apache/commons/commons-lang3/3.7/commons-lang3-3.7.jar:/home/user/.m2/repository/org/apache/commons/commons-text/1.4/commons-text-1.4.jar:/home/user/.m2/repository/org/slf4j/slf4j-api/1.7.25/slf4j-api-1.7.25.jar:/home/user/.m2/repository/org/slf4j/slf4j-log4j12/1.7.25/slf4j-log4j12-1.7.25.jar:/home/user/.m2/repository/org/apache/avro/avro/1.7.7/avro-1.7.7.jar:/home/user/.m2/repository/com/thoughtworks/paranamer/paranamer/2.3/paranamer-2.3.jar:/home/user/.m2/repository/org/xerial/snappy/snappy-java/1.0.5/snappy-java-1.0.5.jar:/home/user/.m2/repository/com/google/re2j/re2j/1.1/re2j-1.1.jar:/home/user/.m2/repository/com/google/code/gson/gson/2.2.4/gson-2.2.4.jar:/home/user/.m2/repository/org/apache/hadoop/hadoop-auth/3.2.0/hadoop-auth-3.2.0.jar:/home/user/.m2/repository/com/nimbusds/nimbus-jose-jwt/4.41.1/nimbus-jose-jwt-4.41.1.jar:/home/user/.m2/repository/com/github/stephenc/jcip/jcip-annotations/1.0-1/jcip-annotations-1.0-1.jar:/home/user/.m2/repository/net/minidev/json-smart/2.3/json-smart-2.3.jar:/home/user/.m2/repository/net/minidev/accessors-smart/1.2/accessors-smart-1.2.jar:/home/user/.m2/repository/org/apache/curator/curator-framework/2.12.0/curator-framework-2.12.0.jar:/home/user/.m2/repository/com/jcraft/jsch/0.1.54/jsch-0.1.54.jar:/home/user/.m2/repository/org/apache/curator/curator-client/2.12.0/curator-client-2.12.0.jar:/home/user/.m2/repository/org/apache/curator/curator-recipes/2.12.0/curator-recipes-2.12.0.jar:/home/user/.m2/repository/com/google/code/findbugs/jsr305/3.0.0/jsr305-3.0.0.jar:/home/user/.m2/repository/org/apache/htrace/htrace-core4/4.1.0-incubating/htrace-core4-4.1.0-incubating.jar:/home/user/.m2/repository/org/apache/zookeeper/zookeeper/3.4.13/zookeeper-3.4.13.jar:/home/user/.m2/repository/org/apache/yetus/audience-annotations/0.5.0/audience-annotations-0.5.0.jar:/home/user/.m2/repository/org/apache/kerby/kerb-simplekdc/1.0.1/kerb-simplekdc-1.0.1.jar:/home/user/.m2/repository/org/apache/kerby/kerb-client/1.0.1/kerb-client-1.0.1.jar:/home/user/.m2/repository/org/apache/kerby/kerby-config/1.0.1/kerby-config-1.0.1.jar:/home/user/.m2/repository/org/apache/kerby/kerb-core/1.0.1/kerb-core-1.0.1.jar:/home/user/.m2/repository/org/apache/kerby/kerby-pkix/1.0.1/kerby-pkix-1.0.1.jar:/home/user/.m2/repository/org/apache/kerby/kerby-asn1/1.0.1/kerby-asn1-1.0.1.jar:/home/user/.m2/repository/org/apache/kerby/kerby-util/1.0.1/kerby-util-1.0.1.jar:/home/user/.m2/repository/org/apache/kerby/kerb-common/1.0.1/kerb-common-1.0.1.jar:/home/user/.m2/repository/org/apache/kerby/kerb-crypto/1.0.1/kerb-crypto-1.0.1.jar:/home/user/.m2/repository/org/apache/kerby/kerb-util/1.0.1/kerb-util-1.0.1.jar:/home/user/.m2/repository/org/apache/kerby/token-provider/1.0.1/token-provider-1.0.1.jar:/home/user/.m2/repository/org/apache/kerby/kerb-admin/1.0.1/kerb-admin-1.0.1.jar:/home/user/.m2/repository/org/apache/kerby/kerb-server/1.0.1/kerb-server-1.0.1.jar:/home/user/.m2/repository/org/apache/kerby/kerb-identity/1.0.1/kerb-identity-1.0.1.jar:/home/user/.m2/repository/org/apache/kerby/kerby-xdr/1.0.1/kerby-xdr-1.0.1.jar:/home/user/.m2/repository/com/fasterxml/jackson/core/jackson-databind/2.9.5/jackson-databind-2.9.5.jar:/home/user/.m2/repository/com/fasterxml/jackson/core/jackson-core/2.9.5/jackson-core-2.9.5.jar:/home/user/.m2/repository/org/codehaus/woodstox/stax2-api/3.1.4/stax2-api-3.1.4.jar:/home/user/.m2/repository/com/fasterxml/woodstox/woodstox-core/5.0.3/woodstox-core-5.0.3.jar:/home/user/.m2/repository/dnsjava/dnsjava/2.1.7/dnsjava-2.1.7.jar:/home/user/.m2/repository/org/apache/hadoop/hadoop-hdfs/3.2.0/hadoop-hdfs-3.2.0.jar:/home/user/.m2/repository/org/eclipse/jetty/jetty-util-ajax/9.3.24.v20180605/jetty-util-ajax-9.3.24.v20180605.jar:/home/user/.m2/repository/commons-daemon/commons-daemon/1.0.13/commons-daemon-1.0.13.jar:/home/user/.m2/repository/io/netty/netty/3.10.5.Final/netty-3.10.5.Final.jar:/home/user/.m2/repository/io/netty/netty-all/4.0.52.Final/netty-all-4.0.52.Final.jar:/home/user/.m2/repository/org/fusesource/leveldbjni/leveldbjni-all/1.8/leveldbjni-all-1.8.jar:/home/user/.m2/repository/com/sun/xml/bind/jaxb-core/2.3.0.1/jaxb-core-2.3.0.1.jar:/home/user/.m2/repository/javax/xml/bind/jaxb-api/2.3.0/jaxb-api-2.3.0.jar:/home/user/.m2/repository/javax/activation/activation/1.1.1/activation-1.1.1.jar:/home/user/.m2/repository/io/dropwizard/metrics/metrics-core/3.2.4/metrics-core-3.2.4.jar:/home/user/.m2/repository/org/openjdk/jmh/jmh-core/1.19/jmh-core-1.19.jar:/home/user/.m2/repository/net/sf/jopt-simple/jopt-simple/4.6/jopt-simple-4.6.jar:/home/user/.m2/repository/org/openjdk/jmh/jmh-generator-annprocess/1.19/jmh-generator-annprocess-1.19.jar:/home/user/.m2/repository/com/google/code/findbugs/findbugs/3.0.1/findbugs-3.0.1.jar:/home/user/.m2/repository/net/jcip/jcip-annotations/1.0/jcip-annotations-1.0.jar:/home/user/.m2/repository/com/google/code/findbugs/bcel-findbugs/6.0/bcel-findbugs-6.0.jar:/home/user/.m2/repository/com/google/code/findbugs/jFormatString/2.0.1/jFormatString-2.0.1.jar:/home/user/.m2/repository/dom4j/dom4j/1.6.1/dom4j-1.6.1.jar:/home/user/.m2/repository/xml-apis/xml-apis/1.0.b2/xml-apis-1.0.b2.jar:/home/user/.m2/repository/org/ow2/asm/asm-debug-all/5.0.2/asm-debug-all-5.0.2.jar:/home/user/.m2/repository/org/ow2/asm/asm-commons/5.0.2/asm-commons-5.0.2.jar:/home/user/.m2/repository/org/ow2/asm/asm-tree/5.0.2/asm-tree-5.0.2.jar:/home/user/.m2/repository/org/ow2/asm/asm/5.0.4/asm-5.0.4.jar:/home/user/.m2/repository/commons-lang/commons-lang/2.6/commons-lang-2.6.jar:/home/user/.m2/repository/com/apple/AppleJavaExtensions/1.4/AppleJavaExtensions-1.4.jar:/home/user/.m2/repository/jaxen/jaxen/1.1.6/jaxen-1.1.6.jar:/home/user/.m2/repository/junit/junit/4.11/junit-4.11.jar:/home/user/.m2/repository/org/hamcrest/hamcrest-core/1.3/hamcrest-core-1.3.jar:/home/user/.m2/repository/org/apache/hadoop/hadoop-common/3.2.0/hadoop-common-3.2.0-tests.jar:/home/user/.m2/repository/org/apache/hadoop/hadoop-ozone-integration-test/0.5.0-SNAPSHOT/hadoop-ozone-integration-test-0.5.0-SNAPSHOT-tests.jar:/tmp/workdir/hadoop-ozone/objectstore-service/target/classes:/tmp/workdir/hadoop-ozone/s3gateway/target/classes:/home/user/.m2/repository/org/jboss/weld/servlet/weld-servlet/2.4.7.Final/weld-servlet-2.4.7.Final.jar:/home/user/.m2/repository/org/glassfish/jersey/containers/jersey-container-servlet-core/2.27/jersey-container-servlet-core-2.27.jar:/home/user/.m2/repository/org/glassfish/hk2/external/javax.inject/2.5.0-b42/javax.inject-2.5.0-b42.jar:/home/user/.m2/repository/org/glassfish/jersey/core/jersey-common/2.27/jersey-common-2.27.jar:/home/user/.m2/repository/org/glassfish/hk2/osgi-resource-locator/1.0.1/osgi-resource-locator-1.0.1.jar:/home/user/.m2/repository/javax/ws/rs/javax.ws.rs-api/2.1/javax.ws.rs-api-2.1.jar:/home/user/.m2/repository/org/glassfish/jersey/ext/cdi/jersey-cdi1x/2.27/jersey-cdi1x-2.27.jar:/home/user/.m2/repository/org/glassfish/jersey/inject/jersey-hk2/2.27/jersey-hk2-2.27.jar:/home/user/.m2/repository/org/glassfish/hk2/hk2-locator/2.5.0-b42/hk2-locator-2.5.0-b42.jar:/home/user/.m2/repository/org/javassist/javassist/3.22.0-CR2/javassist-3.22.0-CR2.jar:/home/user/.m2/repository/org/glassfish/hk2/hk2-api/2.5.0/hk2-api-2.5.0.jar:/home/user/.m2/repository/org/glassfish/hk2/external/jakarta.inject/2.5.0/jakarta.inject-2.5.0.jar:/home/user/.m2/repository/org/glassfish/hk2/hk2-utils/2.5.0/hk2-utils-2.5.0.jar:/home/user/.m2/repository/jakarta/annotation/jakarta.annotation-api/1.3.4/jakarta.annotation-api-1.3.4.jar:/home/user/.m2/repository/org/glassfish/hk2/external/aopalliance-repackaged/2.5.0/aopalliance-repackaged-2.5.0.jar:/home/user/.m2/repository/com/fasterxml/jackson/dataformat/jackson-dataformat-xml/2.9.0/jackson-dataformat-xml-2.9.0.jar:/home/user/.m2/repository/com/fasterxml/jackson/module/jackson-module-jaxb-annotations/2.9.5/jackson-module-jaxb-annotations-2.9.5.jar:/home/user/.m2/repository/javax/enterprise/cdi-api/1.2/cdi-api-1.2.jar:/home/user/.m2/repository/javax/el/javax.el-api/3.0.0/javax.el-api-3.0.0.jar:/home/user/.m2/repository/javax/interceptor/javax.interceptor-api/1.2/javax.interceptor-api-1.2.jar:/home/user/.m2/repository/javax/inject/javax.inject/1/javax.inject-1.jar:/tmp/workdir/hadoop-ozone/csi/target/classes:/home/user/.m2/repository/com/google/protobuf/protobuf-java-util/3.5.1/protobuf-java-util-3.5.1.jar:/home/user/.m2/repository/io/grpc/grpc-netty/1.17.1/grpc-netty-1.17.1.jar:/home/user/.m2/repository/io/grpc/grpc-core/1.17.1/grpc-core-1.17.1.jar:/home/user/.m2/repository/io/grpc/grpc-context/1.17.1/grpc-context-1.17.1.jar:/home/user/.m2/repository/com/google/errorprone/error_prone_annotations/2.2.0/error_prone_annotations-2.2.0.jar:/home/user/.m2/repository/org/codehaus/mojo/animal-sniffer-annotations/1.17/animal-sniffer-annotations-1.17.jar:/home/user/.m2/repository/io/opencensus/opencensus-api/0.17.0/opencensus-api-0.17.0.jar:/home/user/.m2/repository/io/opencensus/opencensus-contrib-grpc-metrics/0.17.0/opencensus-contrib-grpc-metrics-0.17.0.jar:/home/user/.m2/repository/io/netty/netty-codec-http2/4.1.30.Final/netty-codec-http2-4.1.30.Final.jar:/home/user/.m2/repository/io/netty/netty-codec-http/4.1.30.Final/netty-codec-http-4.1.30.Final.jar:/home/user/.m2/repository/io/netty/netty-codec/4.1.30.Final/netty-codec-4.1.30.Final.jar:/home/user/.m2/repository/io/netty/netty-handler/4.1.30.Final/netty-handler-4.1.30.Final.jar:/home/user/.m2/repository/io/netty/netty-handler-proxy/4.1.30.Final/netty-handler-proxy-4.1.30.Final.jar:/home/user/.m2/repository/io/netty/netty-codec-socks/4.1.30.Final/netty-codec-socks-4.1.30.Final.jar:/home/user/.m2/repository/io/netty/netty-transport-native-epoll/4.1.30.Final/netty-transport-native-epoll-4.1.30.Final.jar:/home/user/.m2/repository/io/netty/netty-common/4.1.30.Final/netty-common-4.1.30.Final.jar:/home/user/.m2/repository/io/netty/netty-buffer/4.1.30.Final/netty-buffer-4.1.30.Final.jar:/home/user/.m2/repository/io/netty/netty-transport/4.1.30.Final/netty-transport-4.1.30.Final.jar:/home/user/.m2/repository/io/netty/netty-resolver/4.1.30.Final/netty-resolver-4.1.30.Final.jar:/home/user/.m2/repository/io/netty/netty-transport-native-unix-common/4.1.30.Final/netty-transport-native-unix-common-4.1.30.Final.jar:/home/user/.m2/repository/io/grpc/grpc-protobuf/1.17.1/grpc-protobuf-1.17.1.jar:/home/user/.m2/repository/com/google/api/grpc/proto-google-common-protos/1.0.0/proto-google-common-protos-1.0.0.jar:/home/user/.m2/repository/io/grpc/grpc-protobuf-lite/1.17.1/grpc-protobuf-lite-1.17.1.jar:/home/user/.m2/repository/io/grpc/grpc-stub/1.17.1/grpc-stub-1.17.1.jar:/tmp/workdir/hadoop-ozone/ozone-recon/target/classes:/tmp/workdir/hadoop-ozone/ozone-recon-codegen/target/classes:/home/user/.m2/repository/com/google/inject/extensions/guice-multibindings/4.0/guice-multibindings-4.0.jar:/home/user/.m2/repository/com/google/inject/guice/4.0/guice-4.0.jar:/home/user/.m2/repository/aopalliance/aopalliance/1.0/aopalliance-1.0.jar:/home/user/.m2/repository/com/google/inject/extensions/guice-servlet/4.0/guice-servlet-4.0.jar:/home/user/.m2/repository/org/glassfish/jersey/containers/jersey-container-servlet/2.27/jersey-container-servlet-2.27.jar:/home/user/.m2/repository/org/glassfish/hk2/guice-bridge/2.5.0/guice-bridge-2.5.0.jar:/home/user/.m2/repository/org/glassfish/jersey/core/jersey-server/2.27/jersey-server-2.27.jar:/home/user/.m2/repository/org/glassfish/jersey/core/jersey-client/2.27/jersey-client-2.27.jar:/home/user/.m2/repository/org/glassfish/jersey/media/jersey-media-jaxb/2.27/jersey-media-jaxb-2.27.jar:/home/user/.m2/repository/javax/validation/validation-api/1.1.0.Final/validation-api-1.1.0.Final.jar:/home/user/.m2/repository/org/glassfish/jersey/media/jersey-media-json-jackson/2.27/jersey-media-json-jackson-2.27.jar:/home/user/.m2/repository/org/glassfish/jersey/ext/jersey-entity-filtering/2.27/jersey-entity-filtering-2.27.jar:/home/user/.m2/repository/com/google/inject/extensions/guice-assistedinject/4.0/guice-assistedinject-4.0.jar:/home/user/.m2/repository/org/jooq/jooq/3.11.10/jooq-3.11.10.jar:/home/user/.m2/repository/org/jooq/jooq-meta/3.11.10/jooq-meta-3.11.10.jar:/home/user/.m2/repository/org/jooq/jooq-codegen/3.11.10/jooq-codegen-3.11.10.jar:/home/user/.m2/repository/com/jolbox/bonecp/0.8.0.RELEASE/bonecp-0.8.0.RELEASE.jar:/home/user/.m2/repository/org/springframework/spring-jdbc/5.1.3.RELEASE/spring-jdbc-5.1.3.RELEASE.jar:/home/user/.m2/repository/org/springframework/spring-beans/5.1.3.RELEASE/spring-beans-5.1.3.RELEASE.jar:/home/user/.m2/repository/org/springframework/spring-core/5.1.3.RELEASE/spring-core-5.1.3.RELEASE.jar:/home/user/.m2/repository/org/springframework/spring-jcl/5.1.3.RELEASE/spring-jcl-5.1.3.RELEASE.jar:/home/user/.m2/repository/org/springframework/spring-tx/5.1.3.RELEASE/spring-tx-5.1.3.RELEASE.jar:/home/user/.m2/repository/org/mockito/mockito-core/2.15.0/mockito-core-2.15.0.jar:/home/user/.m2/repository/net/bytebuddy/byte-buddy/1.7.9/byte-buddy-1.7.9.jar:/home/user/.m2/repository/net/bytebuddy/byte-buddy-agent/1.7.9/byte-buddy-agent-1.7.9.jar:/home/user/.m2/repository/org/objenesis/objenesis/1.0/objenesis-1.0.jar:"/>
    <property name="sun.cpu.endian" value="little"/>
    <property name="user.home" value="/home/user"/>
    <property name="user.language" value="en"/>
    <property name="java.specification.vendor" value="Oracle Corporation"/>
    <property name="java.home" value="/usr/lib/jvm/java-1.8-openjdk/jre"/>
    <property name="java.security.krb5.conf" value="/tmp/workdir/hadoop-ozone/tools/target/test-classes/krb5.conf"/>
    <property name="basedir" value="/tmp/workdir/hadoop-ozone/tools"/>
    <property name="file.separator" value="/"/>
    <property name="line.separator" value="&#10;"/>
    <property name="java.vm.specification.vendor" value="Oracle Corporation"/>
    <property name="java.specification.name" value="Java Platform API Specification"/>
    <property name="java.awt.graphicsenv" value="sun.awt.X11GraphicsEnvironment"/>
    <property name="surefire.real.class.path" value="/tmp/workdir/hadoop-ozone/tools/target/surefire/surefirebooter944391280327706984.jar"/>
    <property name="hadoop.log.dir" value="/tmp/workdir/hadoop-ozone/tools/target/log"/>
    <property name="sun.boot.class.path" value="/usr/lib/jvm/java-1.8-openjdk/jre/lib/resources.jar:/usr/lib/jvm/java-1.8-openjdk/jre/lib/rt.jar:/usr/lib/jvm/java-1.8-openjdk/jre/lib/sunrsasign.jar:/usr/lib/jvm/java-1.8-openjdk/jre/lib/jsse.jar:/usr/lib/jvm/java-1.8-openjdk/jre/lib/jce.jar:/usr/lib/jvm/java-1.8-openjdk/jre/lib/charsets.jar:/usr/lib/jvm/java-1.8-openjdk/jre/lib/jfr.jar:/usr/lib/jvm/java-1.8-openjdk/jre/classes"/>
    <property name="sun.management.compiler" value="HotSpot 64-Bit Tiered Compilers"/>
    <property name="java.runtime.version" value="1.8.0_212-b04"/>
    <property name="java.net.preferIPv4Stack" value="true"/>
    <property name="user.name" value="jenkins1000"/>
    <property name="path.separator" value=":"/>
    <property name="java.security.egd" value="file:///dev/urandom"/>
    <property name="os.version" value="3.10.0-957.12.2.el7.x86_64"/>
    <property name="java.endorsed.dirs" value="/usr/lib/jvm/java-1.8-openjdk/jre/lib/endorsed"/>
    <property name="java.runtime.name" value="OpenJDK Runtime Environment"/>
    <property name="file.encoding" value="UTF-8"/>
    <property name="java.vm.name" value="OpenJDK 64-Bit Server VM"/>
    <property name="test.build.webapps" value=""/>
    <property name="localRepository" value="/home/user/.m2/repository"/>
    <property name="java.vendor.url.bug" value="https://icedtea.classpath.org/bugzilla"/>
    <property name="java.io.tmpdir" value="/tmp"/>
    <property name="require.test.libhadoop" value=""/>
    <property name="java.version" value="1.8.0_212"/>
    <property name="user.dir" value="/tmp/workdir/hadoop-ozone/tools"/>
    <property name="os.arch" value="amd64"/>
    <property name="java.vm.specification.name" value="Java Virtual Machine Specification"/>
    <property name="test.build.classes" value="/tmp/workdir/hadoop-ozone/tools/target/test-classes"/>
    <property name="java.awt.printerjob" value="sun.print.PSPrinterJob"/>
    <property name="sun.os.patch.level" value="unknown"/>
    <property name="hadoop.tmp.dir" value="/tmp/workdir/hadoop-ozone/tools/target/tmp"/>
    <property name="java.library.path" value="/usr/lib/jvm/java-1.8-openjdk/jre/lib/amd64/server:/usr/lib/jvm/java-1.8-openjdk/jre/lib/amd64:/usr/lib/jvm/java-1.8-openjdk/jre/../lib/amd64:/tmp/workdir/hadoop-ozone/tools/target/native/target/usr/local/lib:/tmp/workdir/hadoop-ozone/tools/../../hadoop-common-project/hadoop-common/target/native/target/usr/local/lib:/usr/java/packages/lib/amd64:/usr/lib64:/lib64:/lib:/usr/lib"/>
    <property name="java.vm.info" value="mixed mode"/>
    <property name="java.vendor" value="IcedTea"/>
    <property name="java.vm.version" value="25.212-b04"/>
    <property name="java.ext.dirs" value="/usr/lib/jvm/java-1.8-openjdk/jre/lib/ext:/usr/java/packages/lib/ext"/>
    <property name="sun.io.unicode.encoding" value="UnicodeLittle"/>
    <property name="java.class.version" value="52.0"/>
  </properties>
  <testcase name="ratisTest3" classname="org.apache.hadoop.ozone.freon.TestRandomKeyGenerator" time="5.351"/>
  <testcase name="testThreadPoolSize" classname="org.apache.hadoop.ozone.freon.TestRandomKeyGenerator" time="5.035"/>
  <testcase name="defaultTest" classname="org.apache.hadoop.ozone.freon.TestRandomKeyGenerator" time="5.034"/>
  <testcase name="bigFileThan2GB" classname="org.apache.hadoop.ozone.freon.TestRandomKeyGenerator" time="58.838">
    <error message="Allocated 0 blocks. Requested 1 blocks" type="INTERNAL_ERROR org.apache.hadoop.ozone.om.exceptions.OMException">INTERNAL_ERROR org.apache.hadoop.ozone.om.exceptions.OMException: Allocated 0 blocks. Requested 1 blocks
	at org.apache.hadoop.ozone.om.protocolPB.OzoneManagerProtocolClientSideTranslatorPB.handleError(OzoneManagerProtocolClientSideTranslatorPB.java:720)
	at org.apache.hadoop.ozone.om.protocolPB.OzoneManagerProtocolClientSideTranslatorPB.allocateBlock(OzoneManagerProtocolClientSideTranslatorPB.java:752)
	at org.apache.hadoop.ozone.client.io.BlockOutputStreamEntryPool.allocateNewBlock(BlockOutputStreamEntryPool.java:248)
	at org.apache.hadoop.ozone.client.io.BlockOutputStreamEntryPool.allocateBlockIfNeeded(BlockOutputStreamEntryPool.java:296)
	at org.apache.hadoop.ozone.client.io.KeyOutputStream.handleWrite(KeyOutputStream.java:201)
	at org.apache.hadoop.ozone.client.io.KeyOutputStream.write(KeyOutputStream.java:193)
	at org.apache.hadoop.ozone.client.io.OzoneOutputStream.write(OzoneOutputStream.java:49)
	at org.apache.hadoop.ozone.freon.RandomKeyGenerator$KeyProcessor.run(RandomKeyGenerator.java:693)
	at java.util.concurrent.Executors$RunnableAdapter.call(Executors.java:511)
	at java.util.concurrent.FutureTask.run(FutureTask.java:266)
	at java.util.concurrent.ThreadPoolExecutor.runWorker(ThreadPoolExecutor.java:1149)
	at java.util.concurrent.ThreadPoolExecutor$Worker.run(ThreadPoolExecutor.java:624)
	at java.lang.Thread.run(Thread.java:748)
</error>
    <system-out><![CDATA[2019-07-08 22:29:25,491 WARN  client.GrpcClientProtocolService (LogUtils.java:warn(134)) - 9-UnorderedRequestStreamObserver9: onError: org.apache.ratis.thirdparty.io.grpc.StatusRuntimeException: CANCELLED: cancelled before receiving half close
2019-07-08 22:29:33,779 INFO  freon.RandomKeyGenerator (RandomKeyGenerator.java:call(262)) - Number of Threads: 1
2019-07-08 22:29:33,780 INFO  freon.RandomKeyGenerator (RandomKeyGenerator.java:call(267)) - Number of Volumes: 1.
2019-07-08 22:29:33,780 INFO  freon.RandomKeyGenerator (RandomKeyGenerator.java:call(268)) - Number of Buckets per Volume: 1.
2019-07-08 22:29:33,780 INFO  freon.RandomKeyGenerator (RandomKeyGenerator.java:call(269)) - Number of Keys per Bucket: 1.
2019-07-08 22:29:33,780 INFO  freon.RandomKeyGenerator (RandomKeyGenerator.java:call(270)) - Key size: 2147483657 bytes
2019-07-08 22:29:33,780 INFO  freon.RandomKeyGenerator (RandomKeyGenerator.java:call(271)) - Buffer size: 4096 bytes
2019-07-08 22:29:33,782 INFO  rpc.RpcClient (RpcClient.java:createVolume(289)) - Creating Volume: vol-0-36152, with jenkins1000 as owner.
2019-07-08 22:29:33,783 INFO  freon.RandomKeyGenerator (RandomKeyGenerator.java:call(286)) - Data validation is enabled.
2019-07-08 22:29:33,783 INFO  freon.RandomKeyGenerator (RandomKeyGenerator.java:call(299)) - Starting progress bar Thread.

 0.00% |█                                                                                                    |  0/1 Time: 0:00:002019-07-08 22:29:33,796 INFO  rpc.RpcClient (RpcClient.java:createBucket(426)) - Creating Bucket: vol-0-36152/bucket-0-11475, with Versioning false and Storage Type set to DISK and Encryption set to false 
2019-07-08 22:29:33,875 INFO  client.GrpcClientProtocolClient (GrpcClientProtocolClient.java:onNext(255)) - client-7538DDC4E776->4cc0758a-96f5-4ab9-816d-81d822da247a: receive RaftClientReply:client-7538DDC4E776->4cc0758a-96f5-4ab9-816d-81d822da247a@group-440AB812C07F, cid=600, FAILED org.apache.ratis.protocol.NotLeaderException: Server 4cc0758a-96f5-4ab9-816d-81d822da247a is not the leader (1b229672-9fc1-42d6-9200-214eb0163fc5:192.168.157.220:38095). Request must be sent to leader., logIndex=0, commits[4cc0758a-96f5-4ab9-816d-81d822da247a:c707, 1b229672-9fc1-42d6-9200-214eb0163fc5:c707, 8693c47f-40a3-4a1c-b7ba-6ed996b9183c:c707]
2019-07-08 22:29:33,929 INFO  client.GrpcClientProtocolClient (GrpcClientProtocolClient.java:onNext(255)) - client-7538DDC4E776->1b229672-9fc1-42d6-9200-214eb0163fc5: receive RaftClientReply:client-7538DDC4E776->1b229672-9fc1-42d6-9200-214eb0163fc5@group-440AB812C07F, cid=600, SUCCESS, logIndex=708, commits[1b229672-9fc1-42d6-9200-214eb0163fc5:c708, 4cc0758a-96f5-4ab9-816d-81d822da247a:c707, 8693c47f-40a3-4a1c-b7ba-6ed996b9183c:c707]
2019-07-08 22:29:33,954 INFO  client.GrpcClientProtocolClient (GrpcClientProtocolClient.java:onNext(255)) - client-7538DDC4E776->1b229672-9fc1-42d6-9200-214eb0163fc5: receive RaftClientReply:client-7538DDC4E776->1b229672-9fc1-42d6-9200-214eb0163fc5@group-440AB812C07F, cid=601, SUCCESS, logIndex=710, commits[1b229672-9fc1-42d6-9200-214eb0163fc5:c710, 4cc0758a-96f5-4ab9-816d-81d822da247a:c709, 8693c47f-40a3-4a1c-b7ba-6ed996b9183c:c709]
2019-07-08 22:29:33,963 INFO  client.GrpcClientProtocolClient (GrpcClientProtocolClient.java:onNext(255)) - client-7538DDC4E776->1b229672-9fc1-42d6-9200-214eb0163fc5: receive RaftClientReply:client-7538DDC4E776->1b229672-9fc1-42d6-9200-214eb0163fc5@group-440AB812C07F, cid=602, SUCCESS, logIndex=711, commits[1b229672-9fc1-42d6-9200-214eb0163fc5:c712, 4cc0758a-96f5-4ab9-816d-81d822da247a:c709, 8693c47f-40a3-4a1c-b7ba-6ed996b9183c:c709]
2019-07-08 22:29:33,965 INFO  client.GrpcClientProtocolClient (GrpcClientProtocolClient.java:onNext(255)) - client-7538DDC4E776->1b229672-9fc1-42d6-9200-214eb0163fc5: receive RaftClientReply:client-7538DDC4E776->1b229672-9fc1-42d6-9200-214eb0163fc5@group-440AB812C07F, cid=603, SUCCESS, logIndex=712, commits[1b229672-9fc1-42d6-9200-214eb0163fc5:c712, 4cc0758a-96f5-4ab9-816d-81d822da247a:c709, 8693c47f-40a3-4a1c-b7ba-6ed996b9183c:c709]
2019-07-08 22:29:33,977 INFO  client.GrpcClientProtocolClient (GrpcClientProtocolClient.java:onNext(255)) - client-7538DDC4E776->1b229672-9fc1-42d6-9200-214eb0163fc5: receive RaftClientReply:client-7538DDC4E776->1b229672-9fc1-42d6-9200-214eb0163fc5@group-440AB812C07F, cid=604, SUCCESS, logIndex=0, commits[1b229672-9fc1-42d6-9200-214eb0163fc5:c713, 4cc0758a-96f5-4ab9-816d-81d822da247a:c710, 8693c47f-40a3-4a1c-b7ba-6ed996b9183c:c710]
2019-07-08 22:29:33,997 INFO  client.GrpcClientProtocolClient (GrpcClientProtocolClient.java:onNext(255)) - client-7538DDC4E776->1b229672-9fc1-42d6-9200-214eb0163fc5: receive RaftClientReply:client-7538DDC4E776->1b229672-9fc1-42d6-9200-214eb0163fc5@group-440AB812C07F, cid=605, SUCCESS, logIndex=716, commits[1b229672-9fc1-42d6-9200-214eb0163fc5:c717, 4cc0758a-96f5-4ab9-816d-81d822da247a:c712, 8693c47f-40a3-4a1c-b7ba-6ed996b9183c:c715]
2019-07-08 22:29:33,999 INFO  client.GrpcClientProtocolClient (GrpcClientProtocolClient.java:onNext(255)) - client-7538DDC4E776->1b229672-9fc1-42d6-9200-214eb0163fc5: receive RaftClientReply:client-7538DDC4E776->1b229672-9fc1-42d6-9200-214eb0163fc5@group-440AB812C07F, cid=606, SUCCESS, logIndex=717, commits[1b229672-9fc1-42d6-9200-214eb0163fc5:c717, 4cc0758a-96f5-4ab9-816d-81d822da247a:c715, 8693c47f-40a3-4a1c-b7ba-6ed996b9183c:c715]
2019-07-08 22:29:34,018 INFO  client.GrpcClientProtocolClient (GrpcClientProtocolClient.java:onNext(255)) - client-7538DDC4E776->1b229672-9fc1-42d6-9200-214eb0163fc5: receive RaftClientReply:client-7538DDC4E776->1b229672-9fc1-42d6-9200-214eb0163fc5@group-440AB812C07F, cid=607, SUCCESS, logIndex=720, commits[1b229672-9fc1-42d6-9200-214eb0163fc5:c721, 4cc0758a-96f5-4ab9-816d-81d822da247a:c717, 8693c47f-40a3-4a1c-b7ba-6ed996b9183c:c719]
2019-07-08 22:29:34,019 INFO  client.GrpcClientProtocolClient (GrpcClientProtocolClient.java:onNext(255)) - client-7538DDC4E776->1b229672-9fc1-42d6-9200-214eb0163fc5: receive RaftClientReply:client-7538DDC4E776->1b229672-9fc1-42d6-9200-214eb0163fc5@group-440AB812C07F, cid=608, SUCCESS, logIndex=721, commits[1b229672-9fc1-42d6-9200-214eb0163fc5:c721, 4cc0758a-96f5-4ab9-816d-81d822da247a:c719, 8693c47f-40a3-4a1c-b7ba-6ed996b9183c:c719]
2019-07-08 22:29:34,022 INFO  client.GrpcClientProtocolClient (GrpcClientProtocolClient.java:onNext(255)) - client-7538DDC4E776->1b229672-9fc1-42d6-9200-214eb0163fc5: receive RaftClientReply:client-7538DDC4E776->1b229672-9fc1-42d6-9200-214eb0163fc5@group-440AB812C07F, cid=609, SUCCESS, logIndex=0, commits[1b229672-9fc1-42d6-9200-214eb0163fc5:c723, 4cc0758a-96f5-4ab9-816d-81d822da247a:c721, 8693c47f-40a3-4a1c-b7ba-6ed996b9183c:c721]
2019-07-08 22:29:34,044 INFO  client.GrpcClientProtocolClient (GrpcClientProtocolClient.java:onNext(255)) - client-7538DDC4E776->1b229672-9fc1-42d6-9200-214eb0163fc5: receive RaftClientReply:client-7538DDC4E776->1b229672-9fc1-42d6-9200-214eb0163fc5@group-440AB812C07F, cid=610, SUCCESS, logIndex=724, commits[1b229672-9fc1-42d6-9200-214eb0163fc5:c725, 4cc0758a-96f5-4ab9-816d-81d822da247a:c723, 8693c47f-40a3-4a1c-b7ba-6ed996b9183c:c721]
2019-07-08 22:29:34,045 INFO  client.GrpcClientProtocolClient (GrpcClientProtocolClient.java:onNext(255)) - client-7538DDC4E776->1b229672-9fc1-42d6-9200-214eb0163fc5: receive RaftClientReply:client-7538DDC4E776->1b229672-9fc1-42d6-9200-214eb0163fc5@group-440AB812C07F, cid=611, SUCCESS, logIndex=725, commits[1b229672-9fc1-42d6-9200-214eb0163fc5:c725, 4cc0758a-96f5-4ab9-816d-81d822da247a:c723, 8693c47f-40a3-4a1c-b7ba-6ed996b9183c:c723]
2019-07-08 22:29:34,298 INFO  client.GrpcClientProtocolClient (GrpcClientProtocolClient.java:onNext(255)) - client-7538DDC4E776->1b229672-9fc1-42d6-9200-214eb0163fc5: receive RaftClientReply:client-7538DDC4E776->1b229672-9fc1-42d6-9200-214eb0163fc5@group-440AB812C07F, cid=612, SUCCESS, logIndex=726, commits[1b229672-9fc1-42d6-9200-214eb0163fc5:c727, 4cc0758a-96f5-4ab9-816d-81d822da247a:c725, 8693c47f-40a3-4a1c-b7ba-6ed996b9183c:c723]
2019-07-08 22:29:34,299 INFO  client.GrpcClientProtocolClient (GrpcClientProtocolClient.java:onNext(255)) - client-7538DDC4E776->1b229672-9fc1-42d6-9200-214eb0163fc5: receive RaftClientReply:client-7538DDC4E776->1b229672-9fc1-42d6-9200-214eb0163fc5@group-440AB812C07F, cid=613, SUCCESS, logIndex=727, commits[1b229672-9fc1-42d6-9200-214eb0163fc5:c729, 4cc0758a-96f5-4ab9-816d-81d822da247a:c725, 8693c47f-40a3-4a1c-b7ba-6ed996b9183c:c725]
2019-07-08 22:29:34,323 INFO  client.GrpcClientProtocolClient (GrpcClientProtocolClient.java:onNext(255)) - client-7538DDC4E776->1b229672-9fc1-42d6-9200-214eb0163fc5: receive RaftClientReply:client-7538DDC4E776->1b229672-9fc1-42d6-9200-214eb0163fc5@group-440AB812C07F, cid=614, SUCCESS, logIndex=732, commits[1b229672-9fc1-42d6-9200-214eb0163fc5:c733, 4cc0758a-96f5-4ab9-816d-81d822da247a:c731, 8693c47f-40a3-4a1c-b7ba-6ed996b9183c:c731]
2019-07-08 22:29:34,323 INFO  client.GrpcClientProtocolClient (GrpcClientProtocolClient.java:onNext(255)) - client-7538DDC4E776->1b229672-9fc1-42d6-9200-214eb0163fc5: receive RaftClientReply:client-7538DDC4E776->1b229672-9fc1-42d6-9200-214eb0163fc5@group-440AB812C07F, cid=615, SUCCESS, logIndex=733, commits[1b229672-9fc1-42d6-9200-214eb0163fc5:c733, 4cc0758a-96f5-4ab9-816d-81d822da247a:c731, 8693c47f-40a3-4a1c-b7ba-6ed996b9183c:c731]
2019-07-08 22:29:34,344 INFO  client.GrpcClientProtocolClient (GrpcClientProtocolClient.java:onNext(255)) - client-7538DDC4E776->1b229672-9fc1-42d6-9200-214eb0163fc5: receive RaftClientReply:client-7538DDC4E776->1b229672-9fc1-42d6-9200-214eb0163fc5@group-440AB812C07F, cid=616, SUCCESS, logIndex=736, commits[1b229672-9fc1-42d6-9200-214eb0163fc5:c737, 4cc0758a-96f5-4ab9-816d-81d822da247a:c735, 8693c47f-40a3-4a1c-b7ba-6ed996b9183c:c735]
2019-07-08 22:29:34,345 INFO  client.GrpcClientProtocolClient (GrpcClientProtocolClient.java:onNext(255)) - client-7538DDC4E776->1b229672-9fc1-42d6-9200-214eb0163fc5: receive RaftClientReply:client-7538DDC4E776->1b229672-9fc1-42d6-9200-214eb0163fc5@group-440AB812C07F, cid=617, SUCCESS, logIndex=737, commits[1b229672-9fc1-42d6-9200-214eb0163fc5:c737, 4cc0758a-96f5-4ab9-816d-81d822da247a:c735, 8693c47f-40a3-4a1c-b7ba-6ed996b9183c:c735]
2019-07-08 22:29:34,347 INFO  client.GrpcClientProtocolClient (GrpcClientProtocolClient.java:onNext(255)) - client-7538DDC4E776->1b229672-9fc1-42d6-9200-214eb0163fc5: receive RaftClientReply:client-7538DDC4E776->1b229672-9fc1-42d6-9200-214eb0163fc5@group-440AB812C07F, cid=618, SUCCESS, logIndex=0, commits[1b229672-9fc1-42d6-9200-214eb0163fc5:c738, 4cc0758a-96f5-4ab9-816d-81d822da247a:c737, 8693c47f-40a3-4a1c-b7ba-6ed996b9183c:c737]
2019-07-08 22:29:34,368 INFO  client.GrpcClientProtocolClient (GrpcClientProtocolClient.java:onNext(255)) - client-7538DDC4E776->1b229672-9fc1-42d6-9200-214eb0163fc5: receive RaftClientReply:client-7538DDC4E776->1b229672-9fc1-42d6-9200-214eb0163fc5@group-440AB812C07F, cid=619, SUCCESS, logIndex=740, commits[1b229672-9fc1-42d6-9200-214eb0163fc5:c741, 4cc0758a-96f5-4ab9-816d-81d822da247a:c739, 8693c47f-40a3-4a1c-b7ba-6ed996b9183c:c739]
2019-07-08 22:29:34,369 INFO  client.GrpcClientProtocolClient (GrpcClientProtocolClient.java:onNext(255)) - client-7538DDC4E776->1b229672-9fc1-42d6-9200-214eb0163fc5: receive RaftClientReply:client-7538DDC4E776->1b229672-9fc1-42d6-9200-214eb0163fc5@group-440AB812C07F, cid=620, SUCCESS, logIndex=741, commits[1b229672-9fc1-42d6-9200-214eb0163fc5:c741, 4cc0758a-96f5-4ab9-816d-81d822da247a:c739, 8693c47f-40a3-4a1c-b7ba-6ed996b9183c:c739]
2019-07-08 22:29:34,372 INFO  client.GrpcClientProtocolClient (GrpcClientProtocolClient.java:onNext(255)) - client-7538DDC4E776->1b229672-9fc1-42d6-9200-214eb0163fc5: receive RaftClientReply:client-7538DDC4E776->1b229672-9fc1-42d6-9200-214eb0163fc5@group-440AB812C07F, cid=621, SUCCESS, logIndex=742, commits[1b229672-9fc1-42d6-9200-214eb0163fc5:c743, 4cc0758a-96f5-4ab9-816d-81d822da247a:c739, 8693c47f-40a3-4a1c-b7ba-6ed996b9183c:c739]
2019-07-08 22:29:34,373 INFO  client.GrpcClientProtocolClient (GrpcClientProtocolClient.java:onNext(255)) - client-7538DDC4E776->1b229672-9fc1-42d6-9200-214eb0163fc5: receive RaftClientReply:client-7538DDC4E776->1b229672-9fc1-42d6-9200-214eb0163fc5@group-440AB812C07F, cid=622, SUCCESS, logIndex=743, commits[1b229672-9fc1-42d6-9200-214eb0163fc5:c744, 4cc0758a-96f5-4ab9-816d-81d822da247a:c741, 8693c47f-40a3-4a1c-b7ba-6ed996b9183c:c741]
2019-07-08 22:29:34,391 INFO  client.GrpcClientProtocolClient (GrpcClientProtocolClient.java:onNext(255)) - client-7538DDC4E776->1b229672-9fc1-42d6-9200-214eb0163fc5: receive RaftClientReply:client-7538DDC4E776->1b229672-9fc1-42d6-9200-214eb0163fc5@group-440AB812C07F, cid=623, SUCCESS, logIndex=748, commits[1b229672-9fc1-42d6-9200-214eb0163fc5:c749, 4cc0758a-96f5-4ab9-816d-81d822da247a:c747, 8693c47f-40a3-4a1c-b7ba-6ed996b9183c:c743]
2019-07-08 22:29:34,391 INFO  client.GrpcClientProtocolClient (GrpcClientProtocolClient.java:onNext(255)) - client-7538DDC4E776->1b229672-9fc1-42d6-9200-214eb0163fc5: receive RaftClientReply:client-7538DDC4E776->1b229672-9fc1-42d6-9200-214eb0163fc5@group-440AB812C07F, cid=624, SUCCESS, logIndex=749, commits[1b229672-9fc1-42d6-9200-214eb0163fc5:c749, 4cc0758a-96f5-4ab9-816d-81d822da247a:c747, 8693c47f-40a3-4a1c-b7ba-6ed996b9183c:c747]
2019-07-08 22:29:34,415 INFO  client.GrpcClientProtocolClient (GrpcClientProtocolClient.java:onNext(255)) - client-7538DDC4E776->1b229672-9fc1-42d6-9200-214eb0163fc5: receive RaftClientReply:client-7538DDC4E776->1b229672-9fc1-42d6-9200-214eb0163fc5@group-440AB812C07F, cid=625, SUCCESS, logIndex=752, commits[1b229672-9fc1-42d6-9200-214eb0163fc5:c753, 4cc0758a-96f5-4ab9-816d-81d822da247a:c751, 8693c47f-40a3-4a1c-b7ba-6ed996b9183c:c751]
2019-07-08 22:29:34,415 INFO  client.GrpcClientProtocolClient (GrpcClientProtocolClient.java:onNext(255)) - client-7538DDC4E776->1b229672-9fc1-42d6-9200-214eb0163fc5: receive RaftClientReply:client-7538DDC4E776->1b229672-9fc1-42d6-9200-214eb0163fc5@group-440AB812C07F, cid=626, SUCCESS, logIndex=753, commits[1b229672-9fc1-42d6-9200-214eb0163fc5:c753, 4cc0758a-96f5-4ab9-816d-81d822da247a:c751, 8693c47f-40a3-4a1c-b7ba-6ed996b9183c:c751]
2019-07-08 22:29:34,419 INFO  client.GrpcClientProtocolClient (GrpcClientProtocolClient.java:onNext(255)) - client-7538DDC4E776->1b229672-9fc1-42d6-9200-214eb0163fc5: receive RaftClientReply:client-7538DDC4E776->1b229672-9fc1-42d6-9200-214eb0163fc5@group-440AB812C07F, cid=627, SUCCESS, logIndex=0, commits[1b229672-9fc1-42d6-9200-214eb0163fc5:c755, 4cc0758a-96f5-4ab9-816d-81d822da247a:c753, 8693c47f-40a3-4a1c-b7ba-6ed996b9183c:c753]
2019-07-08 22:29:34,438 INFO  client.GrpcClientProtocolClient (GrpcClientProtocolClient.java:onNext(255)) - client-7538DDC4E776->1b229672-9fc1-42d6-9200-214eb0163fc5: receive RaftClientReply:client-7538DDC4E776->1b229672-9fc1-42d6-9200-214eb0163fc5@group-440AB812C07F, cid=628, SUCCESS, logIndex=756, commits[1b229672-9fc1-42d6-9200-214eb0163fc5:c757, 4cc0758a-96f5-4ab9-816d-81d822da247a:c753, 8693c47f-40a3-4a1c-b7ba-6ed996b9183c:c755]
2019-07-08 22:29:34,439 INFO  client.GrpcClientProtocolClient (GrpcClientProtocolClient.java:onNext(255)) - client-7538DDC4E776->1b229672-9fc1-42d6-9200-214eb0163fc5: receive RaftClientReply:client-7538DDC4E776->1b229672-9fc1-42d6-9200-214eb0163fc5@group-440AB812C07F, cid=629, SUCCESS, logIndex=757, commits[1b229672-9fc1-42d6-9200-214eb0163fc5:c759, 4cc0758a-96f5-4ab9-816d-81d822da247a:c755, 8693c47f-40a3-4a1c-b7ba-6ed996b9183c:c755]
2019-07-08 22:29:34,440 INFO  client.GrpcClientProtocolClient (GrpcClientProtocolClient.java:onNext(255)) - client-7538DDC4E776->1b229672-9fc1-42d6-9200-214eb0163fc5: receive RaftClientReply:client-7538DDC4E776->1b229672-9fc1-42d6-9200-214eb0163fc5@group-440AB812C07F, cid=630, SUCCESS, logIndex=758, commits[1b229672-9fc1-42d6-9200-214eb0163fc5:c759, 4cc0758a-96f5-4ab9-816d-81d822da247a:c755, 8693c47f-40a3-4a1c-b7ba-6ed996b9183c:c755]
2019-07-08 22:29:34,440 INFO  client.GrpcClientProtocolClient (GrpcClientProtocolClient.java:onNext(255)) - client-7538DDC4E776->1b229672-9fc1-42d6-9200-214eb0163fc5: receive RaftClientReply:client-7538DDC4E776->1b229672-9fc1-42d6-9200-214eb0163fc5@group-440AB812C07F, cid=631, SUCCESS, logIndex=759, commits[1b229672-9fc1-42d6-9200-214eb0163fc5:c759, 4cc0758a-96f5-4ab9-816d-81d822da247a:c755, 8693c47f-40a3-4a1c-b7ba-6ed996b9183c:c755]
2019-07-08 22:29:34,442 INFO  client.GrpcClientProtocolClient (GrpcClientProtocolClient.java:onNext(255)) - client-7538DDC4E776->1b229672-9fc1-42d6-9200-214eb0163fc5: receive RaftClientReply:client-7538DDC4E776->1b229672-9fc1-42d6-9200-214eb0163fc5@group-440AB812C07F, cid=632, SUCCESS, logIndex=0, commits[1b229672-9fc1-42d6-9200-214eb0163fc5:c761, 4cc0758a-96f5-4ab9-816d-81d822da247a:c757, 8693c47f-40a3-4a1c-b7ba-6ed996b9183c:c757]
2019-07-08 22:29:34,459 INFO  client.GrpcClientProtocolClient (GrpcClientProtocolClient.java:onNext(255)) - client-7538DDC4E776->1b229672-9fc1-42d6-9200-214eb0163fc5: receive RaftClientReply:client-7538DDC4E776->1b229672-9fc1-42d6-9200-214eb0163fc5@group-440AB812C07F, cid=633, SUCCESS, logIndex=764, commits[1b229672-9fc1-42d6-9200-214eb0163fc5:c765, 4cc0758a-96f5-4ab9-816d-81d822da247a:c763, 8693c47f-40a3-4a1c-b7ba-6ed996b9183c:c763]
2019-07-08 22:29:34,459 INFO  client.GrpcClientProtocolClient (GrpcClientProtocolClient.java:onNext(255)) - client-7538DDC4E776->1b229672-9fc1-42d6-9200-214eb0163fc5: receive RaftClientReply:client-7538DDC4E776->1b229672-9fc1-42d6-9200-214eb0163fc5@group-440AB812C07F, cid=634, SUCCESS, logIndex=765, commits[1b229672-9fc1-42d6-9200-214eb0163fc5:c765, 4cc0758a-96f5-4ab9-816d-81d822da247a:c763, 8693c47f-40a3-4a1c-b7ba-6ed996b9183c:c763]
2019-07-08 22:29:34,475 INFO  client.GrpcClientProtocolClient (GrpcClientProtocolClient.java:onNext(255)) - client-7538DDC4E776->1b229672-9fc1-42d6-9200-214eb0163fc5: receive RaftClientReply:client-7538DDC4E776->1b229672-9fc1-42d6-9200-214eb0163fc5@group-440AB812C07F, cid=635, SUCCESS, logIndex=768, commits[1b229672-9fc1-42d6-9200-214eb0163fc5:c769, 4cc0758a-96f5-4ab9-816d-81d822da247a:c767, 8693c47f-40a3-4a1c-b7ba-6ed996b9183c:c767]
2019-07-08 22:29:34,475 INFO  client.GrpcClientProtocolClient (GrpcClientProtocolClient.java:onNext(255)) - client-7538DDC4E776->1b229672-9fc1-42d6-9200-214eb0163fc5: receive RaftClientReply:client-7538DDC4E776->1b229672-9fc1-42d6-9200-214eb0163fc5@group-440AB812C07F, cid=636, SUCCESS, logIndex=769, commits[1b229672-9fc1-42d6-9200-214eb0163fc5:c769, 4cc0758a-96f5-4ab9-816d-81d822da247a:c767, 8693c47f-40a3-4a1c-b7ba-6ed996b9183c:c767]
2019-07-08 22:29:34,477 INFO  client.GrpcClientProtocolClient (GrpcClientProtocolClient.java:onNext(255)) - client-7538DDC4E776->1b229672-9fc1-42d6-9200-214eb0163fc5: receive RaftClientReply:client-7538DDC4E776->1b229672-9fc1-42d6-9200-214eb0163fc5@group-440AB812C07F, cid=637, SUCCESS, logIndex=0, commits[1b229672-9fc1-42d6-9200-214eb0163fc5:c770, 4cc0758a-96f5-4ab9-816d-81d822da247a:c769, 8693c47f-40a3-4a1c-b7ba-6ed996b9183c:c769]
2019-07-08 22:29:34,493 INFO  client.GrpcClientProtocolClient (GrpcClientProtocolClient.java:onNext(255)) - client-7538DDC4E776->1b229672-9fc1-42d6-9200-214eb0163fc5: receive RaftClientReply:client-7538DDC4E776->1b229672-9fc1-42d6-9200-214eb0163fc5@group-440AB812C07F, cid=638, SUCCESS, logIndex=772, commits[1b229672-9fc1-42d6-9200-214eb0163fc5:c773, 4cc0758a-96f5-4ab9-816d-81d822da247a:c771, 8693c47f-40a3-4a1c-b7ba-6ed996b9183c:c769]
2019-07-08 22:29:34,494 INFO  client.GrpcClientProtocolClient (GrpcClientProtocolClient.java:onNext(255)) - client-7538DDC4E776->1b229672-9fc1-42d6-9200-214eb0163fc5: receive RaftClientReply:client-7538DDC4E776->1b229672-9fc1-42d6-9200-214eb0163fc5@group-440AB812C07F, cid=639, SUCCESS, logIndex=773, commits[1b229672-9fc1-42d6-9200-214eb0163fc5:c773, 4cc0758a-96f5-4ab9-816d-81d822da247a:c771, 8693c47f-40a3-4a1c-b7ba-6ed996b9183c:c769]
2019-07-08 22:29:34,498 INFO  client.GrpcClientProtocolClient (GrpcClientProtocolClient.java:onNext(255)) - client-7538DDC4E776->1b229672-9fc1-42d6-9200-214eb0163fc5: receive RaftClientReply:client-7538DDC4E776->1b229672-9fc1-42d6-9200-214eb0163fc5@group-440AB812C07F, cid=640, SUCCESS, logIndex=774, commits[1b229672-9fc1-42d6-9200-214eb0163fc5:c777, 4cc0758a-96f5-4ab9-816d-81d822da247a:c771, 8693c47f-40a3-4a1c-b7ba-6ed996b9183c:c773]
2019-07-08 22:29:34,498 INFO  client.GrpcClientProtocolClient (GrpcClientProtocolClient.java:onNext(255)) - client-7538DDC4E776->1b229672-9fc1-42d6-9200-214eb0163fc5: receive RaftClientReply:client-7538DDC4E776->1b229672-9fc1-42d6-9200-214eb0163fc5@group-440AB812C07F, cid=641, SUCCESS, logIndex=775, commits[1b229672-9fc1-42d6-9200-214eb0163fc5:c777, 4cc0758a-96f5-4ab9-816d-81d822da247a:c773, 8693c47f-40a3-4a1c-b7ba-6ed996b9183c:c773]
2019-07-08 22:29:34,514 INFO  client.GrpcClientProtocolClient (GrpcClientProtocolClient.java:onNext(255)) - client-7538DDC4E776->1b229672-9fc1-42d6-9200-214eb0163fc5: receive RaftClientReply:client-7538DDC4E776->1b229672-9fc1-42d6-9200-214eb0163fc5@group-440AB812C07F, cid=642, SUCCESS, logIndex=780, commits[1b229672-9fc1-42d6-9200-214eb0163fc5:c781, 4cc0758a-96f5-4ab9-816d-81d822da247a:c779, 8693c47f-40a3-4a1c-b7ba-6ed996b9183c:c776]
2019-07-08 22:29:34,515 INFO  client.GrpcClientProtocolClient (GrpcClientProtocolClient.java:onNext(255)) - client-7538DDC4E776->1b229672-9fc1-42d6-9200-214eb0163fc5: receive RaftClientReply:client-7538DDC4E776->1b229672-9fc1-42d6-9200-214eb0163fc5@group-440AB812C07F, cid=643, SUCCESS, logIndex=781, commits[1b229672-9fc1-42d6-9200-214eb0163fc5:c781, 4cc0758a-96f5-4ab9-816d-81d822da247a:c779, 8693c47f-40a3-4a1c-b7ba-6ed996b9183c:c779]
2019-07-08 22:29:34,532 INFO  client.GrpcClientProtocolClient (GrpcClientProtocolClient.java:onNext(255)) - client-7538DDC4E776->1b229672-9fc1-42d6-9200-214eb0163fc5: receive RaftClientReply:client-7538DDC4E776->1b229672-9fc1-42d6-9200-214eb0163fc5@group-440AB812C07F, cid=644, SUCCESS, logIndex=784, commits[1b229672-9fc1-42d6-9200-214eb0163fc5:c785, 4cc0758a-96f5-4ab9-816d-81d822da247a:c783, 8693c47f-40a3-4a1c-b7ba-6ed996b9183c:c783]
2019-07-08 22:29:34,532 INFO  client.GrpcClientProtocolClient (GrpcClientProtocolClient.java:onNext(255)) - client-7538DDC4E776->1b229672-9fc1-42d6-9200-214eb0163fc5: receive RaftClientReply:client-7538DDC4E776->1b229672-9fc1-42d6-9200-214eb0163fc5@group-440AB812C07F, cid=645, SUCCESS, logIndex=785, commits[1b229672-9fc1-42d6-9200-214eb0163fc5:c785, 4cc0758a-96f5-4ab9-816d-81d822da247a:c783, 8693c47f-40a3-4a1c-b7ba-6ed996b9183c:c783]
2019-07-08 22:29:34,535 INFO  client.GrpcClientProtocolClient (GrpcClientProtocolClient.java:onNext(255)) - client-7538DDC4E776->1b229672-9fc1-42d6-9200-214eb0163fc5: receive RaftClientReply:client-7538DDC4E776->1b229672-9fc1-42d6-9200-214eb0163fc5@group-440AB812C07F, cid=646, SUCCESS, logIndex=0, commits[1b229672-9fc1-42d6-9200-214eb0163fc5:c787, 4cc0758a-96f5-4ab9-816d-81d822da247a:c785, 8693c47f-40a3-4a1c-b7ba-6ed996b9183c:c785]
2019-07-08 22:29:34,554 INFO  client.GrpcClientProtocolClient (GrpcClientProtocolClient.java:onNext(255)) - client-7538DDC4E776->1b229672-9fc1-42d6-9200-214eb0163fc5: receive RaftClientReply:client-7538DDC4E776->1b229672-9fc1-42d6-9200-214eb0163fc5@group-440AB812C07F, cid=647, SUCCESS, logIndex=788, commits[1b229672-9fc1-42d6-9200-214eb0163fc5:c791, 4cc0758a-96f5-4ab9-816d-81d822da247a:c787, 8693c47f-40a3-4a1c-b7ba-6ed996b9183c:c787]
2019-07-08 22:29:34,554 INFO  client.GrpcClientProtocolClient (GrpcClientProtocolClient.java:onNext(255)) - client-7538DDC4E776->1b229672-9fc1-42d6-9200-214eb0163fc5: receive RaftClientReply:client-7538DDC4E776->1b229672-9fc1-42d6-9200-214eb0163fc5@group-440AB812C07F, cid=648, SUCCESS, logIndex=789, commits[1b229672-9fc1-42d6-9200-214eb0163fc5:c791, 4cc0758a-96f5-4ab9-816d-81d822da247a:c787, 8693c47f-40a3-4a1c-b7ba-6ed996b9183c:c787]
2019-07-08 22:29:34,557 INFO  client.GrpcClientProtocolClient (GrpcClientProtocolClient.java:onNext(255)) - client-7538DDC4E776->1b229672-9fc1-42d6-9200-214eb0163fc5: receive RaftClientReply:client-7538DDC4E776->1b229672-9fc1-42d6-9200-214eb0163fc5@group-440AB812C07F, cid=649, SUCCESS, logIndex=790, commits[1b229672-9fc1-42d6-9200-214eb0163fc5:c791, 4cc0758a-96f5-4ab9-816d-81d822da247a:c787, 8693c47f-40a3-4a1c-b7ba-6ed996b9183c:c787]
2019-07-08 22:29:34,557 INFO  client.GrpcClientProtocolClient (GrpcClientProtocolClient.java:onNext(255)) - client-7538DDC4E776->1b229672-9fc1-42d6-9200-214eb0163fc5: receive RaftClientReply:client-7538DDC4E776->1b229672-9fc1-42d6-9200-214eb0163fc5@group-440AB812C07F, cid=650, SUCCESS, logIndex=791, commits[1b229672-9fc1-42d6-9200-214eb0163fc5:c791, 4cc0758a-96f5-4ab9-816d-81d822da247a:c787, 8693c47f-40a3-4a1c-b7ba-6ed996b9183c:c787]
2019-07-08 22:29:34,578 INFO  client.GrpcClientProtocolClient (GrpcClientProtocolClient.java:onNext(255)) - client-7538DDC4E776->1b229672-9fc1-42d6-9200-214eb0163fc5: receive RaftClientReply:client-7538DDC4E776->1b229672-9fc1-42d6-9200-214eb0163fc5@group-440AB812C07F, cid=651, SUCCESS, logIndex=0, commits[1b229672-9fc1-42d6-9200-214eb0163fc5:c792, 4cc0758a-96f5-4ab9-816d-81d822da247a:c790, 8693c47f-40a3-4a1c-b7ba-6ed996b9183c:c789]
2019-07-08 22:29:34,602 INFO  client.GrpcClientProtocolClient (GrpcClientProtocolClient.java:onNext(255)) - client-7538DDC4E776->1b229672-9fc1-42d6-9200-214eb0163fc5: receive RaftClientReply:client-7538DDC4E776->1b229672-9fc1-42d6-9200-214eb0163fc5@group-440AB812C07F, cid=652, SUCCESS, logIndex=796, commits[1b229672-9fc1-42d6-9200-214eb0163fc5:c797, 4cc0758a-96f5-4ab9-816d-81d822da247a:c795, 8693c47f-40a3-4a1c-b7ba-6ed996b9183c:c795]
2019-07-08 22:29:34,603 INFO  client.GrpcClientProtocolClient (GrpcClientProtocolClient.java:onNext(255)) - client-7538DDC4E776->1b229672-9fc1-42d6-9200-214eb0163fc5: receive RaftClientReply:client-7538DDC4E776->1b229672-9fc1-42d6-9200-214eb0163fc5@group-440AB812C07F, cid=653, SUCCESS, logIndex=797, commits[1b229672-9fc1-42d6-9200-214eb0163fc5:c797, 4cc0758a-96f5-4ab9-816d-81d822da247a:c795, 8693c47f-40a3-4a1c-b7ba-6ed996b9183c:c795]
2019-07-08 22:29:34,627 INFO  client.GrpcClientProtocolClient (GrpcClientProtocolClient.java:onNext(255)) - client-7538DDC4E776->1b229672-9fc1-42d6-9200-214eb0163fc5: receive RaftClientReply:client-7538DDC4E776->1b229672-9fc1-42d6-9200-214eb0163fc5@group-440AB812C07F, cid=654, SUCCESS, logIndex=800, commits[1b229672-9fc1-42d6-9200-214eb0163fc5:c801, 4cc0758a-96f5-4ab9-816d-81d822da247a:c797, 8693c47f-40a3-4a1c-b7ba-6ed996b9183c:c797]
2019-07-08 22:29:34,628 INFO  client.GrpcClientProtocolClient (GrpcClientProtocolClient.java:onNext(255)) - client-7538DDC4E776->1b229672-9fc1-42d6-9200-214eb0163fc5: receive RaftClientReply:client-7538DDC4E776->1b229672-9fc1-42d6-9200-214eb0163fc5@group-440AB812C07F, cid=655, SUCCESS, logIndex=801, commits[1b229672-9fc1-42d6-9200-214eb0163fc5:c801, 4cc0758a-96f5-4ab9-816d-81d822da247a:c797, 8693c47f-40a3-4a1c-b7ba-6ed996b9183c:c797]
2019-07-08 22:29:34,640 INFO  client.GrpcClientProtocolClient (GrpcClientProtocolClient.java:onNext(255)) - client-7538DDC4E776->1b229672-9fc1-42d6-9200-214eb0163fc5: receive RaftClientReply:client-7538DDC4E776->1b229672-9fc1-42d6-9200-214eb0163fc5@group-440AB812C07F, cid=656, SUCCESS, logIndex=0, commits[1b229672-9fc1-42d6-9200-214eb0163fc5:c802, 4cc0758a-96f5-4ab9-816d-81d822da247a:c801, 8693c47f-40a3-4a1c-b7ba-6ed996b9183c:c801]
2019-07-08 22:29:34,664 INFO  client.GrpcClientProtocolClient (GrpcClientProtocolClient.java:onNext(255)) - client-7538DDC4E776->1b229672-9fc1-42d6-9200-214eb0163fc5: receive RaftClientReply:client-7538DDC4E776->1b229672-9fc1-42d6-9200-214eb0163fc5@group-440AB812C07F, cid=657, SUCCESS, logIndex=804, commits[1b229672-9fc1-42d6-9200-214eb0163fc5:c807, 4cc0758a-96f5-4ab9-816d-81d822da247a:c803, 8693c47f-40a3-4a1c-b7ba-6ed996b9183c:c803]
2019-07-08 22:29:34,665 INFO  client.GrpcClientProtocolClient (GrpcClientProtocolClient.java:onNext(255)) - client-7538DDC4E776->1b229672-9fc1-42d6-9200-214eb0163fc5: receive RaftClientReply:client-7538DDC4E776->1b229672-9fc1-42d6-9200-214eb0163fc5@group-440AB812C07F, cid=658, SUCCESS, logIndex=805, commits[1b229672-9fc1-42d6-9200-214eb0163fc5:c807, 4cc0758a-96f5-4ab9-816d-81d822da247a:c803, 8693c47f-40a3-4a1c-b7ba-6ed996b9183c:c803]
2019-07-08 22:29:34,665 INFO  client.GrpcClientProtocolClient (GrpcClientProtocolClient.java:onNext(255)) - client-7538DDC4E776->1b229672-9fc1-42d6-9200-214eb0163fc5: receive RaftClientReply:client-7538DDC4E776->1b229672-9fc1-42d6-9200-214eb0163fc5@group-440AB812C07F, cid=659, SUCCESS, logIndex=806, commits[1b229672-9fc1-42d6-9200-214eb0163fc5:c807, 4cc0758a-96f5-4ab9-816d-81d822da247a:c803, 8693c47f-40a3-4a1c-b7ba-6ed996b9183c:c803]
2019-07-08 22:29:34,665 INFO  client.GrpcClientProtocolClient (GrpcClientProtocolClient.java:onNext(255)) - client-7538DDC4E776->1b229672-9fc1-42d6-9200-214eb0163fc5: receive RaftClientReply:client-7538DDC4E776->1b229672-9fc1-42d6-9200-214eb0163fc5@group-440AB812C07F, cid=660, SUCCESS, logIndex=807, commits[1b229672-9fc1-42d6-9200-214eb0163fc5:c807, 4cc0758a-96f5-4ab9-816d-81d822da247a:c803, 8693c47f-40a3-4a1c-b7ba-6ed996b9183c:c803]
2019-07-08 22:29:34,676 INFO  client.GrpcClientProtocolClient (GrpcClientProtocolClient.java:onNext(255)) - client-7538DDC4E776->1b229672-9fc1-42d6-9200-214eb0163fc5: receive RaftClientReply:client-7538DDC4E776->1b229672-9fc1-42d6-9200-214eb0163fc5@group-440AB812C07F, cid=661, SUCCESS, logIndex=0, commits[1b229672-9fc1-42d6-9200-214eb0163fc5:c808, 4cc0758a-96f5-4ab9-816d-81d822da247a:c805, 8693c47f-40a3-4a1c-b7ba-6ed996b9183c:c805]
2019-07-08 22:29:34,698 INFO  client.GrpcClientProtocolClient (GrpcClientProtocolClient.java:onNext(255)) - client-7538DDC4E776->1b229672-9fc1-42d6-9200-214eb0163fc5: receive RaftClientReply:client-7538DDC4E776->1b229672-9fc1-42d6-9200-214eb0163fc5@group-440AB812C07F, cid=662, SUCCESS, logIndex=812, commits[1b229672-9fc1-42d6-9200-214eb0163fc5:c813, 4cc0758a-96f5-4ab9-816d-81d822da247a:c811, 8693c47f-40a3-4a1c-b7ba-6ed996b9183c:c811]
2019-07-08 22:29:34,706 INFO  client.GrpcClientProtocolClient (GrpcClientProtocolClient.java:onNext(255)) - client-7538DDC4E776->1b229672-9fc1-42d6-9200-214eb0163fc5: receive RaftClientReply:client-7538DDC4E776->1b229672-9fc1-42d6-9200-214eb0163fc5@group-440AB812C07F, cid=663, SUCCESS, logIndex=813, commits[1b229672-9fc1-42d6-9200-214eb0163fc5:c813, 4cc0758a-96f5-4ab9-816d-81d822da247a:c811, 8693c47f-40a3-4a1c-b7ba-6ed996b9183c:c811]
2019-07-08 22:29:34,730 INFO  client.GrpcClientProtocolClient (GrpcClientProtocolClient.java:onNext(255)) - client-7538DDC4E776->1b229672-9fc1-42d6-9200-214eb0163fc5: receive RaftClientReply:client-7538DDC4E776->1b229672-9fc1-42d6-9200-214eb0163fc5@group-440AB812C07F, cid=664, SUCCESS, logIndex=816, commits[1b229672-9fc1-42d6-9200-214eb0163fc5:c817, 4cc0758a-96f5-4ab9-816d-81d822da247a:c815, 8693c47f-40a3-4a1c-b7ba-6ed996b9183c:c815]
2019-07-08 22:29:34,731 INFO  client.GrpcClientProtocolClient (GrpcClientProtocolClient.java:onNext(255)) - client-7538DDC4E776->1b229672-9fc1-42d6-9200-214eb0163fc5: receive RaftClientReply:client-7538DDC4E776->1b229672-9fc1-42d6-9200-214eb0163fc5@group-440AB812C07F, cid=665, SUCCESS, logIndex=817, commits[1b229672-9fc1-42d6-9200-214eb0163fc5:c817, 4cc0758a-96f5-4ab9-816d-81d822da247a:c815, 8693c47f-40a3-4a1c-b7ba-6ed996b9183c:c815]
2019-07-08 22:29:34,733 INFO  client.GrpcClientProtocolClient (GrpcClientProtocolClient.java:onNext(255)) - client-7538DDC4E776->1b229672-9fc1-42d6-9200-214eb0163fc5: receive RaftClientReply:client-7538DDC4E776->1b229672-9fc1-42d6-9200-214eb0163fc5@group-440AB812C07F, cid=666, SUCCESS, logIndex=0, commits[1b229672-9fc1-42d6-9200-214eb0163fc5:c819, 4cc0758a-96f5-4ab9-816d-81d822da247a:c817, 8693c47f-40a3-4a1c-b7ba-6ed996b9183c:c817]
2019-07-08 22:29:34,755 INFO  client.GrpcClientProtocolClient (GrpcClientProtocolClient.java:onNext(255)) - client-7538DDC4E776->1b229672-9fc1-42d6-9200-214eb0163fc5: receive RaftClientReply:client-7538DDC4E776->1b229672-9fc1-42d6-9200-214eb0163fc5@group-440AB812C07F, cid=667, SUCCESS, logIndex=820, commits[1b229672-9fc1-42d6-9200-214eb0163fc5:c822, 4cc0758a-96f5-4ab9-816d-81d822da247a:c819, 8693c47f-40a3-4a1c-b7ba-6ed996b9183c:c819]
2019-07-08 22:29:34,756 INFO  client.GrpcClientProtocolClient (GrpcClientProtocolClient.java:onNext(255)) - client-7538DDC4E776->1b229672-9fc1-42d6-9200-214eb0163fc5: receive RaftClientReply:client-7538DDC4E776->1b229672-9fc1-42d6-9200-214eb0163fc5@group-440AB812C07F, cid=668, SUCCESS, logIndex=821, commits[1b229672-9fc1-42d6-9200-214eb0163fc5:c823, 4cc0758a-96f5-4ab9-816d-81d822da247a:c819, 8693c47f-40a3-4a1c-b7ba-6ed996b9183c:c819]
2019-07-08 22:29:34,756 INFO  client.GrpcClientProtocolClient (GrpcClientProtocolClient.java:onNext(255)) - client-7538DDC4E776->1b229672-9fc1-42d6-9200-214eb0163fc5: receive RaftClientReply:client-7538DDC4E776->1b229672-9fc1-42d6-9200-214eb0163fc5@group-440AB812C07F, cid=669, SUCCESS, logIndex=822, commits[1b229672-9fc1-42d6-9200-214eb0163fc5:c823, 4cc0758a-96f5-4ab9-816d-81d822da247a:c819, 8693c47f-40a3-4a1c-b7ba-6ed996b9183c:c819]
2019-07-08 22:29:34,756 INFO  client.GrpcClientProtocolClient (GrpcClientProtocolClient.java:onNext(255)) - client-7538DDC4E776->1b229672-9fc1-42d6-9200-214eb0163fc5: receive RaftClientReply:client-7538DDC4E776->1b229672-9fc1-42d6-9200-214eb0163fc5@group-440AB812C07F, cid=670, SUCCESS, logIndex=823, commits[1b229672-9fc1-42d6-9200-214eb0163fc5:c823, 4cc0758a-96f5-4ab9-816d-81d822da247a:c819, 8693c47f-40a3-4a1c-b7ba-6ed996b9183c:c819]
2019-07-08 22:29:34,758 INFO  client.GrpcClientProtocolClient (GrpcClientProtocolClient.java:onNext(255)) - client-7538DDC4E776->1b229672-9fc1-42d6-9200-214eb0163fc5: receive RaftClientReply:client-7538DDC4E776->1b229672-9fc1-42d6-9200-214eb0163fc5@group-440AB812C07F, cid=671, SUCCESS, logIndex=0, commits[1b229672-9fc1-42d6-9200-214eb0163fc5:c825, 4cc0758a-96f5-4ab9-816d-81d822da247a:c823, 8693c47f-40a3-4a1c-b7ba-6ed996b9183c:c822]
2019-07-08 22:29:34,774 INFO  client.GrpcClientProtocolClient (GrpcClientProtocolClient.java:onNext(255)) - client-7538DDC4E776->1b229672-9fc1-42d6-9200-214eb0163fc5: receive RaftClientReply:client-7538DDC4E776->1b229672-9fc1-42d6-9200-214eb0163fc5@group-440AB812C07F, cid=672, SUCCESS, logIndex=827, commits[1b229672-9fc1-42d6-9200-214eb0163fc5:c828, 4cc0758a-96f5-4ab9-816d-81d822da247a:c826, 8693c47f-40a3-4a1c-b7ba-6ed996b9183c:c826]
2019-07-08 22:29:34,775 INFO  client.GrpcClientProtocolClient (GrpcClientProtocolClient.java:onNext(255)) - client-7538DDC4E776->1b229672-9fc1-42d6-9200-214eb0163fc5: receive RaftClientReply:client-7538DDC4E776->1b229672-9fc1-42d6-9200-214eb0163fc5@group-440AB812C07F, cid=673, SUCCESS, logIndex=828, commits[1b229672-9fc1-42d6-9200-214eb0163fc5:c828, 4cc0758a-96f5-4ab9-816d-81d822da247a:c826, 8693c47f-40a3-4a1c-b7ba-6ed996b9183c:c826]
 0.00% |█                                                                                                    |  0/1 Time: 0:00:012019-07-08 22:29:34,792 INFO  client.GrpcClientProtocolClient (GrpcClientProtocolClient.java:onNext(255)) - client-7538DDC4E776->1b229672-9fc1-42d6-9200-214eb0163fc5: receive RaftClientReply:client-7538DDC4E776->1b229672-9fc1-42d6-9200-214eb0163fc5@group-440AB812C07F, cid=674, SUCCESS, logIndex=831, commits[1b229672-9fc1-42d6-9200-214eb0163fc5:c832, 4cc0758a-96f5-4ab9-816d-81d822da247a:c830, 8693c47f-40a3-4a1c-b7ba-6ed996b9183c:c830]
2019-07-08 22:29:34,793 INFO  client.GrpcClientProtocolClient (GrpcClientProtocolClient.java:onNext(255)) - client-7538DDC4E776->1b229672-9fc1-42d6-9200-214eb0163fc5: receive RaftClientReply:client-7538DDC4E776->1b229672-9fc1-42d6-9200-214eb0163fc5@group-440AB812C07F, cid=675, SUCCESS, logIndex=832, commits[1b229672-9fc1-42d6-9200-214eb0163fc5:c832, 4cc0758a-96f5-4ab9-816d-81d822da247a:c830, 8693c47f-40a3-4a1c-b7ba-6ed996b9183c:c830]
2019-07-08 22:29:34,795 INFO  client.GrpcClientProtocolClient (GrpcClientProtocolClient.java:onNext(255)) - client-7538DDC4E776->1b229672-9fc1-42d6-9200-214eb0163fc5: receive RaftClientReply:client-7538DDC4E776->1b229672-9fc1-42d6-9200-214eb0163fc5@group-440AB812C07F, cid=676, SUCCESS, logIndex=0, commits[1b229672-9fc1-42d6-9200-214eb0163fc5:c834, 4cc0758a-96f5-4ab9-816d-81d822da247a:c832, 8693c47f-40a3-4a1c-b7ba-6ed996b9183c:c832]
2019-07-08 22:29:34,833 INFO  client.GrpcClientProtocolClient (GrpcClientProtocolClient.java:onNext(255)) - client-7538DDC4E776->1b229672-9fc1-42d6-9200-214eb0163fc5: receive RaftClientReply:client-7538DDC4E776->1b229672-9fc1-42d6-9200-214eb0163fc5@group-440AB812C07F, cid=677, SUCCESS, logIndex=835, commits[1b229672-9fc1-42d6-9200-214eb0163fc5:c838, 4cc0758a-96f5-4ab9-816d-81d822da247a:c834, 8693c47f-40a3-4a1c-b7ba-6ed996b9183c:c834]
2019-07-08 22:29:34,834 INFO  client.GrpcClientProtocolClient (GrpcClientProtocolClient.java:onNext(255)) - client-7538DDC4E776->1b229672-9fc1-42d6-9200-214eb0163fc5: receive RaftClientReply:client-7538DDC4E776->1b229672-9fc1-42d6-9200-214eb0163fc5@group-440AB812C07F, cid=678, SUCCESS, logIndex=836, commits[1b229672-9fc1-42d6-9200-214eb0163fc5:c838, 4cc0758a-96f5-4ab9-816d-81d822da247a:c834, 8693c47f-40a3-4a1c-b7ba-6ed996b9183c:c834]
2019-07-08 22:29:34,834 INFO  client.GrpcClientProtocolClient (GrpcClientProtocolClient.java:onNext(255)) - client-7538DDC4E776->1b229672-9fc1-42d6-9200-214eb0163fc5: receive RaftClientReply:client-7538DDC4E776->1b229672-9fc1-42d6-9200-214eb0163fc5@group-440AB812C07F, cid=679, SUCCESS, logIndex=837, commits[1b229672-9fc1-42d6-9200-214eb0163fc5:c838, 4cc0758a-96f5-4ab9-816d-81d822da247a:c834, 8693c47f-40a3-4a1c-b7ba-6ed996b9183c:c834]
2019-07-08 22:29:34,835 INFO  client.GrpcClientProtocolClient (GrpcClientProtocolClient.java:onNext(255)) - client-7538DDC4E776->1b229672-9fc1-42d6-9200-214eb0163fc5: receive RaftClientReply:client-7538DDC4E776->1b229672-9fc1-42d6-9200-214eb0163fc5@group-440AB812C07F, cid=680, SUCCESS, logIndex=838, commits[1b229672-9fc1-42d6-9200-214eb0163fc5:c838, 4cc0758a-96f5-4ab9-816d-81d822da247a:c834, 8693c47f-40a3-4a1c-b7ba-6ed996b9183c:c834]
2019-07-08 22:29:34,848 INFO  client.GrpcClientProtocolClient (GrpcClientProtocolClient.java:onNext(255)) - client-7538DDC4E776->1b229672-9fc1-42d6-9200-214eb0163fc5: receive RaftClientReply:client-7538DDC4E776->1b229672-9fc1-42d6-9200-214eb0163fc5@group-440AB812C07F, cid=681, SUCCESS, logIndex=0, commits[1b229672-9fc1-42d6-9200-214eb0163fc5:c839, 4cc0758a-96f5-4ab9-816d-81d822da247a:c837, 8693c47f-40a3-4a1c-b7ba-6ed996b9183c:c837]
2019-07-08 22:29:34,873 INFO  client.GrpcClientProtocolClient (GrpcClientProtocolClient.java:onNext(255)) - client-7538DDC4E776->1b229672-9fc1-42d6-9200-214eb0163fc5: receive RaftClientReply:client-7538DDC4E776->1b229672-9fc1-42d6-9200-214eb0163fc5@group-440AB812C07F, cid=682, SUCCESS, logIndex=842, commits[1b229672-9fc1-42d6-9200-214eb0163fc5:c843, 4cc0758a-96f5-4ab9-816d-81d822da247a:c841, 8693c47f-40a3-4a1c-b7ba-6ed996b9183c:c841]
2019-07-08 22:29:34,874 INFO  client.GrpcClientProtocolClient (GrpcClientProtocolClient.java:onNext(255)) - client-7538DDC4E776->1b229672-9fc1-42d6-9200-214eb0163fc5: receive RaftClientReply:client-7538DDC4E776->1b229672-9fc1-42d6-9200-214eb0163fc5@group-440AB812C07F, cid=683, SUCCESS, logIndex=843, commits[1b229672-9fc1-42d6-9200-214eb0163fc5:c843, 4cc0758a-96f5-4ab9-816d-81d822da247a:c841, 8693c47f-40a3-4a1c-b7ba-6ed996b9183c:c841]
2019-07-08 22:29:34,898 INFO  client.GrpcClientProtocolClient (GrpcClientProtocolClient.java:onNext(255)) - client-7538DDC4E776->1b229672-9fc1-42d6-9200-214eb0163fc5: receive RaftClientReply:client-7538DDC4E776->1b229672-9fc1-42d6-9200-214eb0163fc5@group-440AB812C07F, cid=684, SUCCESS, logIndex=846, commits[1b229672-9fc1-42d6-9200-214eb0163fc5:c846, 4cc0758a-96f5-4ab9-816d-81d822da247a:c843, 8693c47f-40a3-4a1c-b7ba-6ed996b9183c:c843]
2019-07-08 22:29:34,898 INFO  client.GrpcClientProtocolClient (GrpcClientProtocolClient.java:onNext(255)) - client-7538DDC4E776->1b229672-9fc1-42d6-9200-214eb0163fc5: receive RaftClientReply:client-7538DDC4E776->1b229672-9fc1-42d6-9200-214eb0163fc5@group-440AB812C07F, cid=685, SUCCESS, logIndex=847, commits[1b229672-9fc1-42d6-9200-214eb0163fc5:c847, 4cc0758a-96f5-4ab9-816d-81d822da247a:c843, 8693c47f-40a3-4a1c-b7ba-6ed996b9183c:c843]
2019-07-08 22:29:34,911 INFO  client.GrpcClientProtocolClient (GrpcClientProtocolClient.java:onNext(255)) - client-7538DDC4E776->1b229672-9fc1-42d6-9200-214eb0163fc5: receive RaftClientReply:client-7538DDC4E776->1b229672-9fc1-42d6-9200-214eb0163fc5@group-440AB812C07F, cid=686, SUCCESS, logIndex=0, commits[1b229672-9fc1-42d6-9200-214eb0163fc5:c849, 4cc0758a-96f5-4ab9-816d-81d822da247a:c847, 8693c47f-40a3-4a1c-b7ba-6ed996b9183c:c847]
2019-07-08 22:29:34,935 INFO  client.GrpcClientProtocolClient (GrpcClientProtocolClient.java:onNext(255)) - client-7538DDC4E776->1b229672-9fc1-42d6-9200-214eb0163fc5: receive RaftClientReply:client-7538DDC4E776->1b229672-9fc1-42d6-9200-214eb0163fc5@group-440AB812C07F, cid=687, SUCCESS, logIndex=850, commits[1b229672-9fc1-42d6-9200-214eb0163fc5:c851, 4cc0758a-96f5-4ab9-816d-81d822da247a:c849, 8693c47f-40a3-4a1c-b7ba-6ed996b9183c:c849]
2019-07-08 22:29:34,936 INFO  client.GrpcClientProtocolClient (GrpcClientProtocolClient.java:onNext(255)) - client-7538DDC4E776->1b229672-9fc1-42d6-9200-214eb0163fc5: receive RaftClientReply:client-7538DDC4E776->1b229672-9fc1-42d6-9200-214eb0163fc5@group-440AB812C07F, cid=688, SUCCESS, logIndex=851, commits[1b229672-9fc1-42d6-9200-214eb0163fc5:c851, 4cc0758a-96f5-4ab9-816d-81d822da247a:c849, 8693c47f-40a3-4a1c-b7ba-6ed996b9183c:c849]
2019-07-08 22:29:34,936 INFO  client.GrpcClientProtocolClient (GrpcClientProtocolClient.java:onNext(255)) - client-7538DDC4E776->1b229672-9fc1-42d6-9200-214eb0163fc5: receive RaftClientReply:client-7538DDC4E776->1b229672-9fc1-42d6-9200-214eb0163fc5@group-440AB812C07F, cid=689, SUCCESS, logIndex=852, commits[1b229672-9fc1-42d6-9200-214eb0163fc5:c853, 4cc0758a-96f5-4ab9-816d-81d822da247a:c849, 8693c47f-40a3-4a1c-b7ba-6ed996b9183c:c849]
2019-07-08 22:29:34,936 INFO  client.GrpcClientProtocolClient (GrpcClientProtocolClient.java:onNext(255)) - client-7538DDC4E776->1b229672-9fc1-42d6-9200-214eb0163fc5: receive RaftClientReply:client-7538DDC4E776->1b229672-9fc1-42d6-9200-214eb0163fc5@group-440AB812C07F, cid=690, SUCCESS, logIndex=853, commits[1b229672-9fc1-42d6-9200-214eb0163fc5:c853, 4cc0758a-96f5-4ab9-816d-81d822da247a:c849, 8693c47f-40a3-4a1c-b7ba-6ed996b9183c:c849]
2019-07-08 22:29:34,938 INFO  client.GrpcClientProtocolClient (GrpcClientProtocolClient.java:onNext(255)) - client-7538DDC4E776->1b229672-9fc1-42d6-9200-214eb0163fc5: receive RaftClientReply:client-7538DDC4E776->1b229672-9fc1-42d6-9200-214eb0163fc5@group-440AB812C07F, cid=691, SUCCESS, logIndex=0, commits[1b229672-9fc1-42d6-9200-214eb0163fc5:c856, 4cc0758a-96f5-4ab9-816d-81d822da247a:c853, 8693c47f-40a3-4a1c-b7ba-6ed996b9183c:c853]
2019-07-08 22:29:34,960 INFO  client.GrpcClientProtocolClient (GrpcClientProtocolClient.java:onNext(255)) - client-7538DDC4E776->1b229672-9fc1-42d6-9200-214eb0163fc5: receive RaftClientReply:client-7538DDC4E776->1b229672-9fc1-42d6-9200-214eb0163fc5@group-440AB812C07F, cid=692, SUCCESS, logIndex=857, commits[1b229672-9fc1-42d6-9200-214eb0163fc5:c858, 4cc0758a-96f5-4ab9-816d-81d822da247a:c856, 8693c47f-40a3-4a1c-b7ba-6ed996b9183c:c856]
2019-07-08 22:29:34,961 INFO  client.GrpcClientProtocolClient (GrpcClientProtocolClient.java:onNext(255)) - client-7538DDC4E776->1b229672-9fc1-42d6-9200-214eb0163fc5: receive RaftClientReply:client-7538DDC4E776->1b229672-9fc1-42d6-9200-214eb0163fc5@group-440AB812C07F, cid=693, SUCCESS, logIndex=858, commits[1b229672-9fc1-42d6-9200-214eb0163fc5:c858, 4cc0758a-96f5-4ab9-816d-81d822da247a:c856, 8693c47f-40a3-4a1c-b7ba-6ed996b9183c:c856]
2019-07-08 22:29:34,986 INFO  client.GrpcClientProtocolClient (GrpcClientProtocolClient.java:onNext(255)) - client-7538DDC4E776->1b229672-9fc1-42d6-9200-214eb0163fc5: receive RaftClientReply:client-7538DDC4E776->1b229672-9fc1-42d6-9200-214eb0163fc5@group-440AB812C07F, cid=694, SUCCESS, logIndex=861, commits[1b229672-9fc1-42d6-9200-214eb0163fc5:c862, 4cc0758a-96f5-4ab9-816d-81d822da247a:c858, 8693c47f-40a3-4a1c-b7ba-6ed996b9183c:c858]
2019-07-08 22:29:34,987 INFO  client.GrpcClientProtocolClient (GrpcClientProtocolClient.java:onNext(255)) - client-7538DDC4E776->1b229672-9fc1-42d6-9200-214eb0163fc5: receive RaftClientReply:client-7538DDC4E776->1b229672-9fc1-42d6-9200-214eb0163fc5@group-440AB812C07F, cid=695, SUCCESS, logIndex=862, commits[1b229672-9fc1-42d6-9200-214eb0163fc5:c862, 4cc0758a-96f5-4ab9-816d-81d822da247a:c858, 8693c47f-40a3-4a1c-b7ba-6ed996b9183c:c858]
2019-07-08 22:29:34,998 INFO  client.GrpcClientProtocolClient (GrpcClientProtocolClient.java:onNext(255)) - client-7538DDC4E776->1b229672-9fc1-42d6-9200-214eb0163fc5: receive RaftClientReply:client-7538DDC4E776->1b229672-9fc1-42d6-9200-214eb0163fc5@group-440AB812C07F, cid=696, SUCCESS, logIndex=0, commits[1b229672-9fc1-42d6-9200-214eb0163fc5:c863, 4cc0758a-96f5-4ab9-816d-81d822da247a:c862, 8693c47f-40a3-4a1c-b7ba-6ed996b9183c:c862]
2019-07-08 22:29:35,139 INFO  client.GrpcClientProtocolClient (GrpcClientProtocolClient.java:onNext(255)) - client-7538DDC4E776->1b229672-9fc1-42d6-9200-214eb0163fc5: receive RaftClientReply:client-7538DDC4E776->1b229672-9fc1-42d6-9200-214eb0163fc5@group-440AB812C07F, cid=697, SUCCESS, logIndex=865, commits[1b229672-9fc1-42d6-9200-214eb0163fc5:c867, 4cc0758a-96f5-4ab9-816d-81d822da247a:c864, 8693c47f-40a3-4a1c-b7ba-6ed996b9183c:c864]
2019-07-08 22:29:35,140 INFO  client.GrpcClientProtocolClient (GrpcClientProtocolClient.java:onNext(255)) - client-7538DDC4E776->1b229672-9fc1-42d6-9200-214eb0163fc5: receive RaftClientReply:client-7538DDC4E776->1b229672-9fc1-42d6-9200-214eb0163fc5@group-440AB812C07F, cid=698, SUCCESS, logIndex=866, commits[1b229672-9fc1-42d6-9200-214eb0163fc5:c868, 4cc0758a-96f5-4ab9-816d-81d822da247a:c864, 8693c47f-40a3-4a1c-b7ba-6ed996b9183c:c864]
2019-07-08 22:29:35,140 INFO  client.GrpcClientProtocolClient (GrpcClientProtocolClient.java:onNext(255)) - client-7538DDC4E776->1b229672-9fc1-42d6-9200-214eb0163fc5: receive RaftClientReply:client-7538DDC4E776->1b229672-9fc1-42d6-9200-214eb0163fc5@group-440AB812C07F, cid=699, SUCCESS, logIndex=867, commits[1b229672-9fc1-42d6-9200-214eb0163fc5:c868, 4cc0758a-96f5-4ab9-816d-81d822da247a:c864, 8693c47f-40a3-4a1c-b7ba-6ed996b9183c:c864]
2019-07-08 22:29:35,141 INFO  client.GrpcClientProtocolClient (GrpcClientProtocolClient.java:onNext(255)) - client-7538DDC4E776->1b229672-9fc1-42d6-9200-214eb0163fc5: receive RaftClientReply:client-7538DDC4E776->1b229672-9fc1-42d6-9200-214eb0163fc5@group-440AB812C07F, cid=700, SUCCESS, logIndex=868, commits[1b229672-9fc1-42d6-9200-214eb0163fc5:c868, 4cc0758a-96f5-4ab9-816d-81d822da247a:c864, 8693c47f-40a3-4a1c-b7ba-6ed996b9183c:c864]
2019-07-08 22:29:35,152 INFO  client.GrpcClientProtocolClient (GrpcClientProtocolClient.java:onNext(255)) - client-7538DDC4E776->1b229672-9fc1-42d6-9200-214eb0163fc5: receive RaftClientReply:client-7538DDC4E776->1b229672-9fc1-42d6-9200-214eb0163fc5@group-440AB812C07F, cid=701, SUCCESS, logIndex=0, commits[1b229672-9fc1-42d6-9200-214eb0163fc5:c869, 4cc0758a-96f5-4ab9-816d-81d822da247a:c866, 8693c47f-40a3-4a1c-b7ba-6ed996b9183c:c866]
2019-07-08 22:29:35,178 INFO  client.GrpcClientProtocolClient (GrpcClientProtocolClient.java:onNext(255)) - client-7538DDC4E776->1b229672-9fc1-42d6-9200-214eb0163fc5: receive RaftClientReply:client-7538DDC4E776->1b229672-9fc1-42d6-9200-214eb0163fc5@group-440AB812C07F, cid=702, SUCCESS, logIndex=873, commits[1b229672-9fc1-42d6-9200-214eb0163fc5:c874, 4cc0758a-96f5-4ab9-816d-81d822da247a:c872, 8693c47f-40a3-4a1c-b7ba-6ed996b9183c:c872]
2019-07-08 22:29:35,178 INFO  client.GrpcClientProtocolClient (GrpcClientProtocolClient.java:onNext(255)) - client-7538DDC4E776->1b229672-9fc1-42d6-9200-214eb0163fc5: receive RaftClientReply:client-7538DDC4E776->1b229672-9fc1-42d6-9200-214eb0163fc5@group-440AB812C07F, cid=703, SUCCESS, logIndex=874, commits[1b229672-9fc1-42d6-9200-214eb0163fc5:c874, 4cc0758a-96f5-4ab9-816d-81d822da247a:c872, 8693c47f-40a3-4a1c-b7ba-6ed996b9183c:c872]
2019-07-08 22:29:35,204 INFO  client.GrpcClientProtocolClient (GrpcClientProtocolClient.java:onNext(255)) - client-7538DDC4E776->1b229672-9fc1-42d6-9200-214eb0163fc5: receive RaftClientReply:client-7538DDC4E776->1b229672-9fc1-42d6-9200-214eb0163fc5@group-440AB812C07F, cid=704, SUCCESS, logIndex=877, commits[1b229672-9fc1-42d6-9200-214eb0163fc5:c878, 4cc0758a-96f5-4ab9-816d-81d822da247a:c874, 8693c47f-40a3-4a1c-b7ba-6ed996b9183c:c874]
2019-07-08 22:29:35,204 INFO  client.GrpcClientProtocolClient (GrpcClientProtocolClient.java:onNext(255)) - client-7538DDC4E776->1b229672-9fc1-42d6-9200-214eb0163fc5: receive RaftClientReply:client-7538DDC4E776->1b229672-9fc1-42d6-9200-214eb0163fc5@group-440AB812C07F, cid=705, SUCCESS, logIndex=878, commits[1b229672-9fc1-42d6-9200-214eb0163fc5:c878, 4cc0758a-96f5-4ab9-816d-81d822da247a:c874, 8693c47f-40a3-4a1c-b7ba-6ed996b9183c:c874]
2019-07-08 22:29:35,206 INFO  client.GrpcClientProtocolClient (GrpcClientProtocolClient.java:onNext(255)) - client-7538DDC4E776->1b229672-9fc1-42d6-9200-214eb0163fc5: receive RaftClientReply:client-7538DDC4E776->1b229672-9fc1-42d6-9200-214eb0163fc5@group-440AB812C07F, cid=706, SUCCESS, logIndex=0, commits[1b229672-9fc1-42d6-9200-214eb0163fc5:c880, 4cc0758a-96f5-4ab9-816d-81d822da247a:c878, 8693c47f-40a3-4a1c-b7ba-6ed996b9183c:c878]
2019-07-08 22:29:35,230 INFO  client.GrpcClientProtocolClient (GrpcClientProtocolClient.java:onNext(255)) - client-7538DDC4E776->1b229672-9fc1-42d6-9200-214eb0163fc5: receive RaftClientReply:client-7538DDC4E776->1b229672-9fc1-42d6-9200-214eb0163fc5@group-440AB812C07F, cid=707, SUCCESS, logIndex=881, commits[1b229672-9fc1-42d6-9200-214eb0163fc5:c883, 4cc0758a-96f5-4ab9-816d-81d822da247a:c880, 8693c47f-40a3-4a1c-b7ba-6ed996b9183c:c880]
2019-07-08 22:29:35,231 INFO  client.GrpcClientProtocolClient (GrpcClientProtocolClient.java:onNext(255)) - client-7538DDC4E776->1b229672-9fc1-42d6-9200-214eb0163fc5: receive RaftClientReply:client-7538DDC4E776->1b229672-9fc1-42d6-9200-214eb0163fc5@group-440AB812C07F, cid=708, SUCCESS, logIndex=882, commits[1b229672-9fc1-42d6-9200-214eb0163fc5:c884, 4cc0758a-96f5-4ab9-816d-81d822da247a:c880, 8693c47f-40a3-4a1c-b7ba-6ed996b9183c:c880]
2019-07-08 22:29:35,231 INFO  client.GrpcClientProtocolClient (GrpcClientProtocolClient.java:onNext(255)) - client-7538DDC4E776->1b229672-9fc1-42d6-9200-214eb0163fc5: receive RaftClientReply:client-7538DDC4E776->1b229672-9fc1-42d6-9200-214eb0163fc5@group-440AB812C07F, cid=709, SUCCESS, logIndex=883, commits[1b229672-9fc1-42d6-9200-214eb0163fc5:c884, 4cc0758a-96f5-4ab9-816d-81d822da247a:c880, 8693c47f-40a3-4a1c-b7ba-6ed996b9183c:c880]
2019-07-08 22:29:35,231 INFO  client.GrpcClientProtocolClient (GrpcClientProtocolClient.java:onNext(255)) - client-7538DDC4E776->1b229672-9fc1-42d6-9200-214eb0163fc5: receive RaftClientReply:client-7538DDC4E776->1b229672-9fc1-42d6-9200-214eb0163fc5@group-440AB812C07F, cid=710, SUCCESS, logIndex=884, commits[1b229672-9fc1-42d6-9200-214eb0163fc5:c884, 4cc0758a-96f5-4ab9-816d-81d822da247a:c880, 8693c47f-40a3-4a1c-b7ba-6ed996b9183c:c880]
2019-07-08 22:29:35,233 INFO  client.GrpcClientProtocolClient (GrpcClientProtocolClient.java:onNext(255)) - client-7538DDC4E776->1b229672-9fc1-42d6-9200-214eb0163fc5: receive RaftClientReply:client-7538DDC4E776->1b229672-9fc1-42d6-9200-214eb0163fc5@group-440AB812C07F, cid=711, SUCCESS, logIndex=0, commits[1b229672-9fc1-42d6-9200-214eb0163fc5:c888, 4cc0758a-96f5-4ab9-816d-81d822da247a:c884, 8693c47f-40a3-4a1c-b7ba-6ed996b9183c:c882]
2019-07-08 22:29:35,255 INFO  client.GrpcClientProtocolClient (GrpcClientProtocolClient.java:onNext(255)) - client-7538DDC4E776->1b229672-9fc1-42d6-9200-214eb0163fc5: receive RaftClientReply:client-7538DDC4E776->1b229672-9fc1-42d6-9200-214eb0163fc5@group-440AB812C07F, cid=712, SUCCESS, logIndex=889, commits[1b229672-9fc1-42d6-9200-214eb0163fc5:c890, 4cc0758a-96f5-4ab9-816d-81d822da247a:c888, 8693c47f-40a3-4a1c-b7ba-6ed996b9183c:c888]
2019-07-08 22:29:35,255 INFO  client.GrpcClientProtocolClient (GrpcClientProtocolClient.java:onNext(255)) - client-7538DDC4E776->1b229672-9fc1-42d6-9200-214eb0163fc5: receive RaftClientReply:client-7538DDC4E776->1b229672-9fc1-42d6-9200-214eb0163fc5@group-440AB812C07F, cid=713, SUCCESS, logIndex=890, commits[1b229672-9fc1-42d6-9200-214eb0163fc5:c890, 4cc0758a-96f5-4ab9-816d-81d822da247a:c888, 8693c47f-40a3-4a1c-b7ba-6ed996b9183c:c888]
2019-07-08 22:29:35,281 INFO  client.GrpcClientProtocolClient (GrpcClientProtocolClient.java:onNext(255)) - client-7538DDC4E776->1b229672-9fc1-42d6-9200-214eb0163fc5: receive RaftClientReply:client-7538DDC4E776->1b229672-9fc1-42d6-9200-214eb0163fc5@group-440AB812C07F, cid=714, SUCCESS, logIndex=893, commits[1b229672-9fc1-42d6-9200-214eb0163fc5:c894, 4cc0758a-96f5-4ab9-816d-81d822da247a:c890, 8693c47f-40a3-4a1c-b7ba-6ed996b9183c:c890]
2019-07-08 22:29:35,282 INFO  client.GrpcClientProtocolClient (GrpcClientProtocolClient.java:onNext(255)) - client-7538DDC4E776->1b229672-9fc1-42d6-9200-214eb0163fc5: receive RaftClientReply:client-7538DDC4E776->1b229672-9fc1-42d6-9200-214eb0163fc5@group-440AB812C07F, cid=715, SUCCESS, logIndex=894, commits[1b229672-9fc1-42d6-9200-214eb0163fc5:c894, 4cc0758a-96f5-4ab9-816d-81d822da247a:c890, 8693c47f-40a3-4a1c-b7ba-6ed996b9183c:c890]
2019-07-08 22:29:35,293 INFO  client.GrpcClientProtocolClient (GrpcClientProtocolClient.java:onNext(255)) - client-7538DDC4E776->1b229672-9fc1-42d6-9200-214eb0163fc5: receive RaftClientReply:client-7538DDC4E776->1b229672-9fc1-42d6-9200-214eb0163fc5@group-440AB812C07F, cid=716, SUCCESS, logIndex=0, commits[1b229672-9fc1-42d6-9200-214eb0163fc5:c895, 4cc0758a-96f5-4ab9-816d-81d822da247a:c894, 8693c47f-40a3-4a1c-b7ba-6ed996b9183c:c894]
2019-07-08 22:29:35,312 INFO  client.GrpcClientProtocolClient (GrpcClientProtocolClient.java:onNext(255)) - client-7538DDC4E776->1b229672-9fc1-42d6-9200-214eb0163fc5: receive RaftClientReply:client-7538DDC4E776->1b229672-9fc1-42d6-9200-214eb0163fc5@group-440AB812C07F, cid=717, SUCCESS, logIndex=897, commits[1b229672-9fc1-42d6-9200-214eb0163fc5:c898, 4cc0758a-96f5-4ab9-816d-81d822da247a:c894, 8693c47f-40a3-4a1c-b7ba-6ed996b9183c:c896]
2019-07-08 22:29:35,312 INFO  client.GrpcClientProtocolClient (GrpcClientProtocolClient.java:onNext(255)) - client-7538DDC4E776->1b229672-9fc1-42d6-9200-214eb0163fc5: receive RaftClientReply:client-7538DDC4E776->1b229672-9fc1-42d6-9200-214eb0163fc5@group-440AB812C07F, cid=718, SUCCESS, logIndex=898, commits[1b229672-9fc1-42d6-9200-214eb0163fc5:c898, 4cc0758a-96f5-4ab9-816d-81d822da247a:c894, 8693c47f-40a3-4a1c-b7ba-6ed996b9183c:c896]
2019-07-08 22:29:35,314 INFO  client.GrpcClientProtocolClient (GrpcClientProtocolClient.java:onNext(255)) - client-7538DDC4E776->1b229672-9fc1-42d6-9200-214eb0163fc5: receive RaftClientReply:client-7538DDC4E776->1b229672-9fc1-42d6-9200-214eb0163fc5@group-440AB812C07F, cid=719, SUCCESS, logIndex=899, commits[1b229672-9fc1-42d6-9200-214eb0163fc5:c900, 4cc0758a-96f5-4ab9-816d-81d822da247a:c896, 8693c47f-40a3-4a1c-b7ba-6ed996b9183c:c898]
2019-07-08 22:29:35,315 INFO  client.GrpcClientProtocolClient (GrpcClientProtocolClient.java:onNext(255)) - client-7538DDC4E776->1b229672-9fc1-42d6-9200-214eb0163fc5: receive RaftClientReply:client-7538DDC4E776->1b229672-9fc1-42d6-9200-214eb0163fc5@group-440AB812C07F, cid=720, SUCCESS, logIndex=900, commits[1b229672-9fc1-42d6-9200-214eb0163fc5:c901, 4cc0758a-96f5-4ab9-816d-81d822da247a:c896, 8693c47f-40a3-4a1c-b7ba-6ed996b9183c:c898]
2019-07-08 22:29:35,316 INFO  client.GrpcClientProtocolClient (GrpcClientProtocolClient.java:onNext(255)) - client-7538DDC4E776->1b229672-9fc1-42d6-9200-214eb0163fc5: receive RaftClientReply:client-7538DDC4E776->1b229672-9fc1-42d6-9200-214eb0163fc5@group-440AB812C07F, cid=721, SUCCESS, logIndex=0, commits[1b229672-9fc1-42d6-9200-214eb0163fc5:c903, 4cc0758a-96f5-4ab9-816d-81d822da247a:c898, 8693c47f-40a3-4a1c-b7ba-6ed996b9183c:c899]
2019-07-08 22:29:35,332 INFO  client.GrpcClientProtocolClient (GrpcClientProtocolClient.java:onNext(255)) - client-7538DDC4E776->1b229672-9fc1-42d6-9200-214eb0163fc5: receive RaftClientReply:client-7538DDC4E776->1b229672-9fc1-42d6-9200-214eb0163fc5@group-440AB812C07F, cid=722, SUCCESS, logIndex=905, commits[1b229672-9fc1-42d6-9200-214eb0163fc5:c906, 4cc0758a-96f5-4ab9-816d-81d822da247a:c904, 8693c47f-40a3-4a1c-b7ba-6ed996b9183c:c900]
2019-07-08 22:29:35,332 INFO  client.GrpcClientProtocolClient (GrpcClientProtocolClient.java:onNext(255)) - client-7538DDC4E776->1b229672-9fc1-42d6-9200-214eb0163fc5: receive RaftClientReply:client-7538DDC4E776->1b229672-9fc1-42d6-9200-214eb0163fc5@group-440AB812C07F, cid=723, SUCCESS, logIndex=906, commits[1b229672-9fc1-42d6-9200-214eb0163fc5:c906, 4cc0758a-96f5-4ab9-816d-81d822da247a:c904, 8693c47f-40a3-4a1c-b7ba-6ed996b9183c:c904]
2019-07-08 22:29:35,348 INFO  client.GrpcClientProtocolClient (GrpcClientProtocolClient.java:onNext(255)) - client-7538DDC4E776->1b229672-9fc1-42d6-9200-214eb0163fc5: receive RaftClientReply:client-7538DDC4E776->1b229672-9fc1-42d6-9200-214eb0163fc5@group-440AB812C07F, cid=724, SUCCESS, logIndex=909, commits[1b229672-9fc1-42d6-9200-214eb0163fc5:c910, 4cc0758a-96f5-4ab9-816d-81d822da247a:c908, 8693c47f-40a3-4a1c-b7ba-6ed996b9183c:c906]
2019-07-08 22:29:35,348 INFO  client.GrpcClientProtocolClient (GrpcClientProtocolClient.java:onNext(255)) - client-7538DDC4E776->1b229672-9fc1-42d6-9200-214eb0163fc5: receive RaftClientReply:client-7538DDC4E776->1b229672-9fc1-42d6-9200-214eb0163fc5@group-440AB812C07F, cid=725, SUCCESS, logIndex=910, commits[1b229672-9fc1-42d6-9200-214eb0163fc5:c910, 4cc0758a-96f5-4ab9-816d-81d822da247a:c908, 8693c47f-40a3-4a1c-b7ba-6ed996b9183c:c908]
2019-07-08 22:29:35,351 INFO  client.GrpcClientProtocolClient (GrpcClientProtocolClient.java:onNext(255)) - client-7538DDC4E776->1b229672-9fc1-42d6-9200-214eb0163fc5: receive RaftClientReply:client-7538DDC4E776->1b229672-9fc1-42d6-9200-214eb0163fc5@group-440AB812C07F, cid=726, SUCCESS, logIndex=0, commits[1b229672-9fc1-42d6-9200-214eb0163fc5:c911, 4cc0758a-96f5-4ab9-816d-81d822da247a:c910, 8693c47f-40a3-4a1c-b7ba-6ed996b9183c:c910]
2019-07-08 22:29:35,375 INFO  client.GrpcClientProtocolClient (GrpcClientProtocolClient.java:onNext(255)) - client-7538DDC4E776->1b229672-9fc1-42d6-9200-214eb0163fc5: receive RaftClientReply:client-7538DDC4E776->1b229672-9fc1-42d6-9200-214eb0163fc5@group-440AB812C07F, cid=727, SUCCESS, logIndex=913, commits[1b229672-9fc1-42d6-9200-214eb0163fc5:c915, 4cc0758a-96f5-4ab9-816d-81d822da247a:c912, 8693c47f-40a3-4a1c-b7ba-6ed996b9183c:c912]
2019-07-08 22:29:35,377 INFO  client.GrpcClientProtocolClient (GrpcClientProtocolClient.java:onNext(255)) - client-7538DDC4E776->1b229672-9fc1-42d6-9200-214eb0163fc5: receive RaftClientReply:client-7538DDC4E776->1b229672-9fc1-42d6-9200-214eb0163fc5@group-440AB812C07F, cid=728, SUCCESS, logIndex=914, commits[1b229672-9fc1-42d6-9200-214eb0163fc5:c916, 4cc0758a-96f5-4ab9-816d-81d822da247a:c912, 8693c47f-40a3-4a1c-b7ba-6ed996b9183c:c912]
2019-07-08 22:29:35,378 INFO  client.GrpcClientProtocolClient (GrpcClientProtocolClient.java:onNext(255)) - client-7538DDC4E776->1b229672-9fc1-42d6-9200-214eb0163fc5: receive RaftClientReply:client-7538DDC4E776->1b229672-9fc1-42d6-9200-214eb0163fc5@group-440AB812C07F, cid=729, SUCCESS, logIndex=915, commits[1b229672-9fc1-42d6-9200-214eb0163fc5:c916, 4cc0758a-96f5-4ab9-816d-81d822da247a:c912, 8693c47f-40a3-4a1c-b7ba-6ed996b9183c:c912]
2019-07-08 22:29:35,378 INFO  client.GrpcClientProtocolClient (GrpcClientProtocolClient.java:onNext(255)) - client-7538DDC4E776->1b229672-9fc1-42d6-9200-214eb0163fc5: receive RaftClientReply:client-7538DDC4E776->1b229672-9fc1-42d6-9200-214eb0163fc5@group-440AB812C07F, cid=730, SUCCESS, logIndex=916, commits[1b229672-9fc1-42d6-9200-214eb0163fc5:c916, 4cc0758a-96f5-4ab9-816d-81d822da247a:c912, 8693c47f-40a3-4a1c-b7ba-6ed996b9183c:c912]
2019-07-08 22:29:35,380 INFO  client.GrpcClientProtocolClient (GrpcClientProtocolClient.java:onNext(255)) - client-7538DDC4E776->1b229672-9fc1-42d6-9200-214eb0163fc5: receive RaftClientReply:client-7538DDC4E776->1b229672-9fc1-42d6-9200-214eb0163fc5@group-440AB812C07F, cid=731, SUCCESS, logIndex=0, commits[1b229672-9fc1-42d6-9200-214eb0163fc5:c920, 4cc0758a-96f5-4ab9-816d-81d822da247a:c916, 8693c47f-40a3-4a1c-b7ba-6ed996b9183c:c916]
2019-07-08 22:29:35,415 INFO  client.GrpcClientProtocolClient (GrpcClientProtocolClient.java:onNext(255)) - client-7538DDC4E776->1b229672-9fc1-42d6-9200-214eb0163fc5: receive RaftClientReply:client-7538DDC4E776->1b229672-9fc1-42d6-9200-214eb0163fc5@group-440AB812C07F, cid=732, SUCCESS, logIndex=921, commits[1b229672-9fc1-42d6-9200-214eb0163fc5:c922, 4cc0758a-96f5-4ab9-816d-81d822da247a:c920, 8693c47f-40a3-4a1c-b7ba-6ed996b9183c:c920]
2019-07-08 22:29:35,416 INFO  client.GrpcClientProtocolClient (GrpcClientProtocolClient.java:onNext(255)) - client-7538DDC4E776->1b229672-9fc1-42d6-9200-214eb0163fc5: receive RaftClientReply:client-7538DDC4E776->1b229672-9fc1-42d6-9200-214eb0163fc5@group-440AB812C07F, cid=733, SUCCESS, logIndex=922, commits[1b229672-9fc1-42d6-9200-214eb0163fc5:c922, 4cc0758a-96f5-4ab9-816d-81d822da247a:c920, 8693c47f-40a3-4a1c-b7ba-6ed996b9183c:c920]
2019-07-08 22:29:35,441 INFO  client.GrpcClientProtocolClient (GrpcClientProtocolClient.java:onNext(255)) - client-7538DDC4E776->1b229672-9fc1-42d6-9200-214eb0163fc5: receive RaftClientReply:client-7538DDC4E776->1b229672-9fc1-42d6-9200-214eb0163fc5@group-440AB812C07F, cid=734, SUCCESS, logIndex=925, commits[1b229672-9fc1-42d6-9200-214eb0163fc5:c926, 4cc0758a-96f5-4ab9-816d-81d822da247a:c922, 8693c47f-40a3-4a1c-b7ba-6ed996b9183c:c922]
2019-07-08 22:29:35,441 INFO  client.GrpcClientProtocolClient (GrpcClientProtocolClient.java:onNext(255)) - client-7538DDC4E776->1b229672-9fc1-42d6-9200-214eb0163fc5: receive RaftClientReply:client-7538DDC4E776->1b229672-9fc1-42d6-9200-214eb0163fc5@group-440AB812C07F, cid=735, SUCCESS, logIndex=926, commits[1b229672-9fc1-42d6-9200-214eb0163fc5:c926, 4cc0758a-96f5-4ab9-816d-81d822da247a:c922, 8693c47f-40a3-4a1c-b7ba-6ed996b9183c:c922]
2019-07-08 22:29:35,453 INFO  client.GrpcClientProtocolClient (GrpcClientProtocolClient.java:onNext(255)) - client-7538DDC4E776->1b229672-9fc1-42d6-9200-214eb0163fc5: receive RaftClientReply:client-7538DDC4E776->1b229672-9fc1-42d6-9200-214eb0163fc5@group-440AB812C07F, cid=736, SUCCESS, logIndex=0, commits[1b229672-9fc1-42d6-9200-214eb0163fc5:c928, 4cc0758a-96f5-4ab9-816d-81d822da247a:c926, 8693c47f-40a3-4a1c-b7ba-6ed996b9183c:c926]
2019-07-08 22:29:35,475 INFO  client.GrpcClientProtocolClient (GrpcClientProtocolClient.java:onNext(255)) - client-7538DDC4E776->1b229672-9fc1-42d6-9200-214eb0163fc5: receive RaftClientReply:client-7538DDC4E776->1b229672-9fc1-42d6-9200-214eb0163fc5@group-440AB812C07F, cid=737, SUCCESS, logIndex=929, commits[1b229672-9fc1-42d6-9200-214eb0163fc5:c930, 4cc0758a-96f5-4ab9-816d-81d822da247a:c928, 8693c47f-40a3-4a1c-b7ba-6ed996b9183c:c928]
2019-07-08 22:29:35,476 INFO  client.GrpcClientProtocolClient (GrpcClientProtocolClient.java:onNext(255)) - client-7538DDC4E776->1b229672-9fc1-42d6-9200-214eb0163fc5: receive RaftClientReply:client-7538DDC4E776->1b229672-9fc1-42d6-9200-214eb0163fc5@group-440AB812C07F, cid=738, SUCCESS, logIndex=930, commits[1b229672-9fc1-42d6-9200-214eb0163fc5:c932, 4cc0758a-96f5-4ab9-816d-81d822da247a:c928, 8693c47f-40a3-4a1c-b7ba-6ed996b9183c:c928]
2019-07-08 22:29:35,476 INFO  client.GrpcClientProtocolClient (GrpcClientProtocolClient.java:onNext(255)) - client-7538DDC4E776->1b229672-9fc1-42d6-9200-214eb0163fc5: receive RaftClientReply:client-7538DDC4E776->1b229672-9fc1-42d6-9200-214eb0163fc5@group-440AB812C07F, cid=739, SUCCESS, logIndex=931, commits[1b229672-9fc1-42d6-9200-214eb0163fc5:c932, 4cc0758a-96f5-4ab9-816d-81d822da247a:c928, 8693c47f-40a3-4a1c-b7ba-6ed996b9183c:c928]
2019-07-08 22:29:35,477 INFO  client.GrpcClientProtocolClient (GrpcClientProtocolClient.java:onNext(255)) - client-7538DDC4E776->1b229672-9fc1-42d6-9200-214eb0163fc5: receive RaftClientReply:client-7538DDC4E776->1b229672-9fc1-42d6-9200-214eb0163fc5@group-440AB812C07F, cid=740, SUCCESS, logIndex=932, commits[1b229672-9fc1-42d6-9200-214eb0163fc5:c932, 4cc0758a-96f5-4ab9-816d-81d822da247a:c928, 8693c47f-40a3-4a1c-b7ba-6ed996b9183c:c928]
2019-07-08 22:29:35,478 INFO  client.GrpcClientProtocolClient (GrpcClientProtocolClient.java:onNext(255)) - client-7538DDC4E776->1b229672-9fc1-42d6-9200-214eb0163fc5: receive RaftClientReply:client-7538DDC4E776->1b229672-9fc1-42d6-9200-214eb0163fc5@group-440AB812C07F, cid=741, SUCCESS, logIndex=0, commits[1b229672-9fc1-42d6-9200-214eb0163fc5:c936, 4cc0758a-96f5-4ab9-816d-81d822da247a:c932, 8693c47f-40a3-4a1c-b7ba-6ed996b9183c:c932]
2019-07-08 22:29:35,499 INFO  client.GrpcClientProtocolClient (GrpcClientProtocolClient.java:onNext(255)) - client-7538DDC4E776->1b229672-9fc1-42d6-9200-214eb0163fc5: receive RaftClientReply:client-7538DDC4E776->1b229672-9fc1-42d6-9200-214eb0163fc5@group-440AB812C07F, cid=742, SUCCESS, logIndex=937, commits[1b229672-9fc1-42d6-9200-214eb0163fc5:c938, 4cc0758a-96f5-4ab9-816d-81d822da247a:c936, 8693c47f-40a3-4a1c-b7ba-6ed996b9183c:c936]
2019-07-08 22:29:35,500 INFO  client.GrpcClientProtocolClient (GrpcClientProtocolClient.java:onNext(255)) - client-7538DDC4E776->1b229672-9fc1-42d6-9200-214eb0163fc5: receive RaftClientReply:client-7538DDC4E776->1b229672-9fc1-42d6-9200-214eb0163fc5@group-440AB812C07F, cid=743, SUCCESS, logIndex=938, commits[1b229672-9fc1-42d6-9200-214eb0163fc5:c938, 4cc0758a-96f5-4ab9-816d-81d822da247a:c936, 8693c47f-40a3-4a1c-b7ba-6ed996b9183c:c936]
2019-07-08 22:29:35,512 INFO  client.GrpcClientProtocolClient (GrpcClientProtocolClient.java:onNext(255)) - client-7538DDC4E776->1b229672-9fc1-42d6-9200-214eb0163fc5: receive RaftClientReply:client-7538DDC4E776->1b229672-9fc1-42d6-9200-214eb0163fc5@group-440AB812C07F, cid=744, SUCCESS, logIndex=941, commits[1b229672-9fc1-42d6-9200-214eb0163fc5:c942, 4cc0758a-96f5-4ab9-816d-81d822da247a:c938, 8693c47f-40a3-4a1c-b7ba-6ed996b9183c:c938]
2019-07-08 22:29:35,513 INFO  client.GrpcClientProtocolClient (GrpcClientProtocolClient.java:onNext(255)) - client-7538DDC4E776->1b229672-9fc1-42d6-9200-214eb0163fc5: receive RaftClientReply:client-7538DDC4E776->1b229672-9fc1-42d6-9200-214eb0163fc5@group-440AB812C07F, cid=745, SUCCESS, logIndex=942, commits[1b229672-9fc1-42d6-9200-214eb0163fc5:c942, 4cc0758a-96f5-4ab9-816d-81d822da247a:c938, 8693c47f-40a3-4a1c-b7ba-6ed996b9183c:c938]
2019-07-08 22:29:35,526 INFO  client.GrpcClientProtocolClient (GrpcClientProtocolClient.java:onNext(255)) - client-7538DDC4E776->1b229672-9fc1-42d6-9200-214eb0163fc5: receive RaftClientReply:client-7538DDC4E776->1b229672-9fc1-42d6-9200-214eb0163fc5@group-440AB812C07F, cid=746, SUCCESS, logIndex=0, commits[1b229672-9fc1-42d6-9200-214eb0163fc5:c944, 4cc0758a-96f5-4ab9-816d-81d822da247a:c942, 8693c47f-40a3-4a1c-b7ba-6ed996b9183c:c942]
2019-07-08 22:29:35,548 INFO  client.GrpcClientProtocolClient (GrpcClientProtocolClient.java:onNext(255)) - client-7538DDC4E776->1b229672-9fc1-42d6-9200-214eb0163fc5: receive RaftClientReply:client-7538DDC4E776->1b229672-9fc1-42d6-9200-214eb0163fc5@group-440AB812C07F, cid=747, SUCCESS, logIndex=945, commits[1b229672-9fc1-42d6-9200-214eb0163fc5:c946, 4cc0758a-96f5-4ab9-816d-81d822da247a:c944, 8693c47f-40a3-4a1c-b7ba-6ed996b9183c:c944]
2019-07-08 22:29:35,548 INFO  client.GrpcClientProtocolClient (GrpcClientProtocolClient.java:onNext(255)) - client-7538DDC4E776->1b229672-9fc1-42d6-9200-214eb0163fc5: receive RaftClientReply:client-7538DDC4E776->1b229672-9fc1-42d6-9200-214eb0163fc5@group-440AB812C07F, cid=748, SUCCESS, logIndex=946, commits[1b229672-9fc1-42d6-9200-214eb0163fc5:c946, 4cc0758a-96f5-4ab9-816d-81d822da247a:c944, 8693c47f-40a3-4a1c-b7ba-6ed996b9183c:c944]
2019-07-08 22:29:35,559 INFO  client.GrpcClientProtocolClient (GrpcClientProtocolClient.java:onNext(255)) - client-7538DDC4E776->1b229672-9fc1-42d6-9200-214eb0163fc5: receive RaftClientReply:client-7538DDC4E776->1b229672-9fc1-42d6-9200-214eb0163fc5@group-440AB812C07F, cid=749, SUCCESS, logIndex=947, commits[1b229672-9fc1-42d6-9200-214eb0163fc5:c948, 4cc0758a-96f5-4ab9-816d-81d822da247a:c944, 8693c47f-40a3-4a1c-b7ba-6ed996b9183c:c944]
2019-07-08 22:29:35,559 INFO  client.GrpcClientProtocolClient (GrpcClientProtocolClient.java:onNext(255)) - client-7538DDC4E776->1b229672-9fc1-42d6-9200-214eb0163fc5: receive RaftClientReply:client-7538DDC4E776->1b229672-9fc1-42d6-9200-214eb0163fc5@group-440AB812C07F, cid=750, SUCCESS, logIndex=948, commits[1b229672-9fc1-42d6-9200-214eb0163fc5:c948, 4cc0758a-96f5-4ab9-816d-81d822da247a:c944, 8693c47f-40a3-4a1c-b7ba-6ed996b9183c:c944]
2019-07-08 22:29:35,561 INFO  client.GrpcClientProtocolClient (GrpcClientProtocolClient.java:onNext(255)) - client-7538DDC4E776->1b229672-9fc1-42d6-9200-214eb0163fc5: receive RaftClientReply:client-7538DDC4E776->1b229672-9fc1-42d6-9200-214eb0163fc5@group-440AB812C07F, cid=751, SUCCESS, logIndex=0, commits[1b229672-9fc1-42d6-9200-214eb0163fc5:c952, 4cc0758a-96f5-4ab9-816d-81d822da247a:c948, 8693c47f-40a3-4a1c-b7ba-6ed996b9183c:c946]
2019-07-08 22:29:35,594 INFO  client.GrpcClientProtocolClient (GrpcClientProtocolClient.java:onNext(255)) - client-7538DDC4E776->1b229672-9fc1-42d6-9200-214eb0163fc5: receive RaftClientReply:client-7538DDC4E776->1b229672-9fc1-42d6-9200-214eb0163fc5@group-440AB812C07F, cid=752, SUCCESS, logIndex=953, commits[1b229672-9fc1-42d6-9200-214eb0163fc5:c954, 4cc0758a-96f5-4ab9-816d-81d822da247a:c952, 8693c47f-40a3-4a1c-b7ba-6ed996b9183c:c952]
2019-07-08 22:29:35,595 INFO  client.GrpcClientProtocolClient (GrpcClientProtocolClient.java:onNext(255)) - client-7538DDC4E776->1b229672-9fc1-42d6-9200-214eb0163fc5: receive RaftClientReply:client-7538DDC4E776->1b229672-9fc1-42d6-9200-214eb0163fc5@group-440AB812C07F, cid=753, SUCCESS, logIndex=954, commits[1b229672-9fc1-42d6-9200-214eb0163fc5:c954, 4cc0758a-96f5-4ab9-816d-81d822da247a:c952, 8693c47f-40a3-4a1c-b7ba-6ed996b9183c:c952]
2019-07-08 22:29:35,609 INFO  client.GrpcClientProtocolClient (GrpcClientProtocolClient.java:onNext(255)) - client-7538DDC4E776->1b229672-9fc1-42d6-9200-214eb0163fc5: receive RaftClientReply:client-7538DDC4E776->1b229672-9fc1-42d6-9200-214eb0163fc5@group-440AB812C07F, cid=754, SUCCESS, logIndex=957, commits[1b229672-9fc1-42d6-9200-214eb0163fc5:c958, 4cc0758a-96f5-4ab9-816d-81d822da247a:c956, 8693c47f-40a3-4a1c-b7ba-6ed996b9183c:c956]
2019-07-08 22:29:35,610 INFO  client.GrpcClientProtocolClient (GrpcClientProtocolClient.java:onNext(255)) - client-7538DDC4E776->1b229672-9fc1-42d6-9200-214eb0163fc5: receive RaftClientReply:client-7538DDC4E776->1b229672-9fc1-42d6-9200-214eb0163fc5@group-440AB812C07F, cid=755, SUCCESS, logIndex=958, commits[1b229672-9fc1-42d6-9200-214eb0163fc5:c958, 4cc0758a-96f5-4ab9-816d-81d822da247a:c956, 8693c47f-40a3-4a1c-b7ba-6ed996b9183c:c956]
2019-07-08 22:29:35,612 INFO  client.GrpcClientProtocolClient (GrpcClientProtocolClient.java:onNext(255)) - client-7538DDC4E776->1b229672-9fc1-42d6-9200-214eb0163fc5: receive RaftClientReply:client-7538DDC4E776->1b229672-9fc1-42d6-9200-214eb0163fc5@group-440AB812C07F, cid=756, SUCCESS, logIndex=0, commits[1b229672-9fc1-42d6-9200-214eb0163fc5:c959, 4cc0758a-96f5-4ab9-816d-81d822da247a:c958, 8693c47f-40a3-4a1c-b7ba-6ed996b9183c:c958]
2019-07-08 22:29:35,628 INFO  client.GrpcClientProtocolClient (GrpcClientProtocolClient.java:onNext(255)) - client-7538DDC4E776->1b229672-9fc1-42d6-9200-214eb0163fc5: receive RaftClientReply:client-7538DDC4E776->1b229672-9fc1-42d6-9200-214eb0163fc5@group-440AB812C07F, cid=757, SUCCESS, logIndex=961, commits[1b229672-9fc1-42d6-9200-214eb0163fc5:c962, 4cc0758a-96f5-4ab9-816d-81d822da247a:c960, 8693c47f-40a3-4a1c-b7ba-6ed996b9183c:c958]
2019-07-08 22:29:35,628 INFO  client.GrpcClientProtocolClient (GrpcClientProtocolClient.java:onNext(255)) - client-7538DDC4E776->1b229672-9fc1-42d6-9200-214eb0163fc5: receive RaftClientReply:client-7538DDC4E776->1b229672-9fc1-42d6-9200-214eb0163fc5@group-440AB812C07F, cid=758, SUCCESS, logIndex=962, commits[1b229672-9fc1-42d6-9200-214eb0163fc5:c962, 4cc0758a-96f5-4ab9-816d-81d822da247a:c960, 8693c47f-40a3-4a1c-b7ba-6ed996b9183c:c960]
2019-07-08 22:29:35,630 INFO  client.GrpcClientProtocolClient (GrpcClientProtocolClient.java:onNext(255)) - client-7538DDC4E776->1b229672-9fc1-42d6-9200-214eb0163fc5: receive RaftClientReply:client-7538DDC4E776->1b229672-9fc1-42d6-9200-214eb0163fc5@group-440AB812C07F, cid=759, SUCCESS, logIndex=963, commits[1b229672-9fc1-42d6-9200-214eb0163fc5:c963, 4cc0758a-96f5-4ab9-816d-81d822da247a:c960, 8693c47f-40a3-4a1c-b7ba-6ed996b9183c:c960]
2019-07-08 22:29:35,631 INFO  client.GrpcClientProtocolClient (GrpcClientProtocolClient.java:onNext(255)) - client-7538DDC4E776->1b229672-9fc1-42d6-9200-214eb0163fc5: receive RaftClientReply:client-7538DDC4E776->1b229672-9fc1-42d6-9200-214eb0163fc5@group-440AB812C07F, cid=760, SUCCESS, logIndex=964, commits[1b229672-9fc1-42d6-9200-214eb0163fc5:c966, 4cc0758a-96f5-4ab9-816d-81d822da247a:c962, 8693c47f-40a3-4a1c-b7ba-6ed996b9183c:c962]
2019-07-08 22:29:35,644 INFO  client.GrpcClientProtocolClient (GrpcClientProtocolClient.java:onNext(255)) - client-7538DDC4E776->1b229672-9fc1-42d6-9200-214eb0163fc5: receive RaftClientReply:client-7538DDC4E776->1b229672-9fc1-42d6-9200-214eb0163fc5@group-440AB812C07F, cid=761, SUCCESS, logIndex=968, commits[1b229672-9fc1-42d6-9200-214eb0163fc5:c969, 4cc0758a-96f5-4ab9-816d-81d822da247a:c967, 8693c47f-40a3-4a1c-b7ba-6ed996b9183c:c963]
2019-07-08 22:29:35,645 INFO  client.GrpcClientProtocolClient (GrpcClientProtocolClient.java:onNext(255)) - client-7538DDC4E776->1b229672-9fc1-42d6-9200-214eb0163fc5: receive RaftClientReply:client-7538DDC4E776->1b229672-9fc1-42d6-9200-214eb0163fc5@group-440AB812C07F, cid=762, SUCCESS, logIndex=969, commits[1b229672-9fc1-42d6-9200-214eb0163fc5:c969, 4cc0758a-96f5-4ab9-816d-81d822da247a:c967, 8693c47f-40a3-4a1c-b7ba-6ed996b9183c:c967]
2019-07-08 22:29:35,680 INFO  client.GrpcClientProtocolClient (GrpcClientProtocolClient.java:onNext(255)) - client-7538DDC4E776->1b229672-9fc1-42d6-9200-214eb0163fc5: receive RaftClientReply:client-7538DDC4E776->1b229672-9fc1-42d6-9200-214eb0163fc5@group-440AB812C07F, cid=763, SUCCESS, logIndex=972, commits[1b229672-9fc1-42d6-9200-214eb0163fc5:c973, 4cc0758a-96f5-4ab9-816d-81d822da247a:c971, 8693c47f-40a3-4a1c-b7ba-6ed996b9183c:c971]
2019-07-08 22:29:35,681 INFO  client.GrpcClientProtocolClient (GrpcClientProtocolClient.java:onNext(255)) - client-7538DDC4E776->1b229672-9fc1-42d6-9200-214eb0163fc5: receive RaftClientReply:client-7538DDC4E776->1b229672-9fc1-42d6-9200-214eb0163fc5@group-440AB812C07F, cid=764, SUCCESS, logIndex=973, commits[1b229672-9fc1-42d6-9200-214eb0163fc5:c973, 4cc0758a-96f5-4ab9-816d-81d822da247a:c971, 8693c47f-40a3-4a1c-b7ba-6ed996b9183c:c971]
2019-07-08 22:29:35,699 INFO  client.GrpcClientProtocolClient (GrpcClientProtocolClient.java:onNext(255)) - client-7538DDC4E776->1b229672-9fc1-42d6-9200-214eb0163fc5: receive RaftClientReply:client-7538DDC4E776->1b229672-9fc1-42d6-9200-214eb0163fc5@group-440AB812C07F, cid=765, SUCCESS, logIndex=0, commits[1b229672-9fc1-42d6-9200-214eb0163fc5:c975, 4cc0758a-96f5-4ab9-816d-81d822da247a:c973, 8693c47f-40a3-4a1c-b7ba-6ed996b9183c:c973]
2019-07-08 22:29:35,722 INFO  client.GrpcClientProtocolClient (GrpcClientProtocolClient.java:onNext(255)) - client-7538DDC4E776->1b229672-9fc1-42d6-9200-214eb0163fc5: receive RaftClientReply:client-7538DDC4E776->1b229672-9fc1-42d6-9200-214eb0163fc5@group-440AB812C07F, cid=766, SUCCESS, logIndex=976, commits[1b229672-9fc1-42d6-9200-214eb0163fc5:c977, 4cc0758a-96f5-4ab9-816d-81d822da247a:c975, 8693c47f-40a3-4a1c-b7ba-6ed996b9183c:c975]
2019-07-08 22:29:35,723 INFO  client.GrpcClientProtocolClient (GrpcClientProtocolClient.java:onNext(255)) - client-7538DDC4E776->1b229672-9fc1-42d6-9200-214eb0163fc5: receive RaftClientReply:client-7538DDC4E776->1b229672-9fc1-42d6-9200-214eb0163fc5@group-440AB812C07F, cid=767, SUCCESS, logIndex=977, commits[1b229672-9fc1-42d6-9200-214eb0163fc5:c978, 4cc0758a-96f5-4ab9-816d-81d822da247a:c975, 8693c47f-40a3-4a1c-b7ba-6ed996b9183c:c975]
2019-07-08 22:29:35,724 INFO  client.GrpcClientProtocolClient (GrpcClientProtocolClient.java:onNext(255)) - client-7538DDC4E776->1b229672-9fc1-42d6-9200-214eb0163fc5: receive RaftClientReply:client-7538DDC4E776->1b229672-9fc1-42d6-9200-214eb0163fc5@group-440AB812C07F, cid=768, SUCCESS, logIndex=978, commits[1b229672-9fc1-42d6-9200-214eb0163fc5:c979, 4cc0758a-96f5-4ab9-816d-81d822da247a:c975, 8693c47f-40a3-4a1c-b7ba-6ed996b9183c:c975]
2019-07-08 22:29:35,724 INFO  client.GrpcClientProtocolClient (GrpcClientProtocolClient.java:onNext(255)) - client-7538DDC4E776->1b229672-9fc1-42d6-9200-214eb0163fc5: receive RaftClientReply:client-7538DDC4E776->1b229672-9fc1-42d6-9200-214eb0163fc5@group-440AB812C07F, cid=769, SUCCESS, logIndex=979, commits[1b229672-9fc1-42d6-9200-214eb0163fc5:c979, 4cc0758a-96f5-4ab9-816d-81d822da247a:c975, 8693c47f-40a3-4a1c-b7ba-6ed996b9183c:c975]
2019-07-08 22:29:35,726 INFO  client.GrpcClientProtocolClient (GrpcClientProtocolClient.java:onNext(255)) - client-7538DDC4E776->1b229672-9fc1-42d6-9200-214eb0163fc5: receive RaftClientReply:client-7538DDC4E776->1b229672-9fc1-42d6-9200-214eb0163fc5@group-440AB812C07F, cid=770, SUCCESS, logIndex=0, commits[1b229672-9fc1-42d6-9200-214eb0163fc5:c983, 4cc0758a-96f5-4ab9-816d-81d822da247a:c979, 8693c47f-40a3-4a1c-b7ba-6ed996b9183c:c978]
2019-07-08 22:29:35,749 INFO  client.GrpcClientProtocolClient (GrpcClientProtocolClient.java:onNext(255)) - client-7538DDC4E776->1b229672-9fc1-42d6-9200-214eb0163fc5: receive RaftClientReply:client-7538DDC4E776->1b229672-9fc1-42d6-9200-214eb0163fc5@group-440AB812C07F, cid=771, SUCCESS, logIndex=984, commits[1b229672-9fc1-42d6-9200-214eb0163fc5:c985, 4cc0758a-96f5-4ab9-816d-81d822da247a:c983, 8693c47f-40a3-4a1c-b7ba-6ed996b9183c:c983]
2019-07-08 22:29:35,750 INFO  client.GrpcClientProtocolClient (GrpcClientProtocolClient.java:onNext(255)) - client-7538DDC4E776->1b229672-9fc1-42d6-9200-214eb0163fc5: receive RaftClientReply:client-7538DDC4E776->1b229672-9fc1-42d6-9200-214eb0163fc5@group-440AB812C07F, cid=772, SUCCESS, logIndex=985, commits[1b229672-9fc1-42d6-9200-214eb0163fc5:c985, 4cc0758a-96f5-4ab9-816d-81d822da247a:c983, 8693c47f-40a3-4a1c-b7ba-6ed996b9183c:c983]
2019-07-08 22:29:35,775 INFO  client.GrpcClientProtocolClient (GrpcClientProtocolClient.java:onNext(255)) - client-7538DDC4E776->1b229672-9fc1-42d6-9200-214eb0163fc5: receive RaftClientReply:client-7538DDC4E776->1b229672-9fc1-42d6-9200-214eb0163fc5@group-440AB812C07F, cid=773, SUCCESS, logIndex=988, commits[1b229672-9fc1-42d6-9200-214eb0163fc5:c989, 4cc0758a-96f5-4ab9-816d-81d822da247a:c985, 8693c47f-40a3-4a1c-b7ba-6ed996b9183c:c985]
2019-07-08 22:29:35,775 INFO  client.GrpcClientProtocolClient (GrpcClientProtocolClient.java:onNext(255)) - client-7538DDC4E776->1b229672-9fc1-42d6-9200-214eb0163fc5: receive RaftClientReply:client-7538DDC4E776->1b229672-9fc1-42d6-9200-214eb0163fc5@group-440AB812C07F, cid=774, SUCCESS, logIndex=989, commits[1b229672-9fc1-42d6-9200-214eb0163fc5:c989, 4cc0758a-96f5-4ab9-816d-81d822da247a:c985, 8693c47f-40a3-4a1c-b7ba-6ed996b9183c:c985]
2019-07-08 22:29:35,786 INFO  client.GrpcClientProtocolClient (GrpcClientProtocolClient.java:onNext(255)) - client-7538DDC4E776->1b229672-9fc1-42d6-9200-214eb0163fc5: receive RaftClientReply:client-7538DDC4E776->1b229672-9fc1-42d6-9200-214eb0163fc5@group-440AB812C07F, cid=775, SUCCESS, logIndex=0, commits[1b229672-9fc1-42d6-9200-214eb0163fc5:c990, 4cc0758a-96f5-4ab9-816d-81d822da247a:c989, 8693c47f-40a3-4a1c-b7ba-6ed996b9183c:c989]
 0.00% |█                                                                                                    |  0/1 Time: 0:00:022019-07-08 22:29:35,810 INFO  client.GrpcClientProtocolClient (GrpcClientProtocolClient.java:onNext(255)) - client-7538DDC4E776->1b229672-9fc1-42d6-9200-214eb0163fc5: receive RaftClientReply:client-7538DDC4E776->1b229672-9fc1-42d6-9200-214eb0163fc5@group-440AB812C07F, cid=776, SUCCESS, logIndex=992, commits[1b229672-9fc1-42d6-9200-214eb0163fc5:c993, 4cc0758a-96f5-4ab9-816d-81d822da247a:c991, 8693c47f-40a3-4a1c-b7ba-6ed996b9183c:c991]
2019-07-08 22:29:35,811 INFO  client.GrpcClientProtocolClient (GrpcClientProtocolClient.java:onNext(255)) - client-7538DDC4E776->1b229672-9fc1-42d6-9200-214eb0163fc5: receive RaftClientReply:client-7538DDC4E776->1b229672-9fc1-42d6-9200-214eb0163fc5@group-440AB812C07F, cid=777, SUCCESS, logIndex=993, commits[1b229672-9fc1-42d6-9200-214eb0163fc5:c993, 4cc0758a-96f5-4ab9-816d-81d822da247a:c991, 8693c47f-40a3-4a1c-b7ba-6ed996b9183c:c991]
2019-07-08 22:29:35,812 INFO  client.GrpcClientProtocolClient (GrpcClientProtocolClient.java:onNext(255)) - client-7538DDC4E776->1b229672-9fc1-42d6-9200-214eb0163fc5: receive RaftClientReply:client-7538DDC4E776->1b229672-9fc1-42d6-9200-214eb0163fc5@group-440AB812C07F, cid=778, SUCCESS, logIndex=994, commits[1b229672-9fc1-42d6-9200-214eb0163fc5:c995, 4cc0758a-96f5-4ab9-816d-81d822da247a:c991, 8693c47f-40a3-4a1c-b7ba-6ed996b9183c:c991]
2019-07-08 22:29:35,812 INFO  client.GrpcClientProtocolClient (GrpcClientProtocolClient.java:onNext(255)) - client-7538DDC4E776->1b229672-9fc1-42d6-9200-214eb0163fc5: receive RaftClientReply:client-7538DDC4E776->1b229672-9fc1-42d6-9200-214eb0163fc5@group-440AB812C07F, cid=779, SUCCESS, logIndex=995, commits[1b229672-9fc1-42d6-9200-214eb0163fc5:c995, 4cc0758a-96f5-4ab9-816d-81d822da247a:c991, 8693c47f-40a3-4a1c-b7ba-6ed996b9183c:c991]
2019-07-08 22:29:35,814 INFO  client.GrpcClientProtocolClient (GrpcClientProtocolClient.java:onNext(255)) - client-7538DDC4E776->1b229672-9fc1-42d6-9200-214eb0163fc5: receive RaftClientReply:client-7538DDC4E776->1b229672-9fc1-42d6-9200-214eb0163fc5@group-440AB812C07F, cid=780, SUCCESS, logIndex=0, commits[1b229672-9fc1-42d6-9200-214eb0163fc5:c997, 4cc0758a-96f5-4ab9-816d-81d822da247a:c993, 8693c47f-40a3-4a1c-b7ba-6ed996b9183c:c993]
2019-07-08 22:29:35,836 INFO  client.GrpcClientProtocolClient (GrpcClientProtocolClient.java:onNext(255)) - client-7538DDC4E776->1b229672-9fc1-42d6-9200-214eb0163fc5: receive RaftClientReply:client-7538DDC4E776->1b229672-9fc1-42d6-9200-214eb0163fc5@group-440AB812C07F, cid=781, SUCCESS, logIndex=1000, commits[1b229672-9fc1-42d6-9200-214eb0163fc5:c1001, 4cc0758a-96f5-4ab9-816d-81d822da247a:c999, 8693c47f-40a3-4a1c-b7ba-6ed996b9183c:c999]
2019-07-08 22:29:35,837 INFO  client.GrpcClientProtocolClient (GrpcClientProtocolClient.java:onNext(255)) - client-7538DDC4E776->1b229672-9fc1-42d6-9200-214eb0163fc5: receive RaftClientReply:client-7538DDC4E776->1b229672-9fc1-42d6-9200-214eb0163fc5@group-440AB812C07F, cid=782, SUCCESS, logIndex=1001, commits[1b229672-9fc1-42d6-9200-214eb0163fc5:c1001, 4cc0758a-96f5-4ab9-816d-81d822da247a:c999, 8693c47f-40a3-4a1c-b7ba-6ed996b9183c:c999]
2019-07-08 22:29:35,863 INFO  client.GrpcClientProtocolClient (GrpcClientProtocolClient.java:onNext(255)) - client-7538DDC4E776->1b229672-9fc1-42d6-9200-214eb0163fc5: receive RaftClientReply:client-7538DDC4E776->1b229672-9fc1-42d6-9200-214eb0163fc5@group-440AB812C07F, cid=783, SUCCESS, logIndex=1004, commits[1b229672-9fc1-42d6-9200-214eb0163fc5:c1005, 4cc0758a-96f5-4ab9-816d-81d822da247a:c1001, 8693c47f-40a3-4a1c-b7ba-6ed996b9183c:c1001]
2019-07-08 22:29:35,863 INFO  client.GrpcClientProtocolClient (GrpcClientProtocolClient.java:onNext(255)) - client-7538DDC4E776->1b229672-9fc1-42d6-9200-214eb0163fc5: receive RaftClientReply:client-7538DDC4E776->1b229672-9fc1-42d6-9200-214eb0163fc5@group-440AB812C07F, cid=784, SUCCESS, logIndex=1005, commits[1b229672-9fc1-42d6-9200-214eb0163fc5:c1005, 4cc0758a-96f5-4ab9-816d-81d822da247a:c1001, 8693c47f-40a3-4a1c-b7ba-6ed996b9183c:c1001]
2019-07-08 22:29:35,874 INFO  client.GrpcClientProtocolClient (GrpcClientProtocolClient.java:onNext(255)) - client-7538DDC4E776->1b229672-9fc1-42d6-9200-214eb0163fc5: receive RaftClientReply:client-7538DDC4E776->1b229672-9fc1-42d6-9200-214eb0163fc5@group-440AB812C07F, cid=785, SUCCESS, logIndex=0, commits[1b229672-9fc1-42d6-9200-214eb0163fc5:c1006, 4cc0758a-96f5-4ab9-816d-81d822da247a:c1005, 8693c47f-40a3-4a1c-b7ba-6ed996b9183c:c1005]
2019-07-08 22:29:36,018 INFO  client.GrpcClientProtocolClient (GrpcClientProtocolClient.java:onNext(255)) - client-7538DDC4E776->1b229672-9fc1-42d6-9200-214eb0163fc5: receive RaftClientReply:client-7538DDC4E776->1b229672-9fc1-42d6-9200-214eb0163fc5@group-440AB812C07F, cid=786, SUCCESS, logIndex=1008, commits[1b229672-9fc1-42d6-9200-214eb0163fc5:c1009, 4cc0758a-96f5-4ab9-816d-81d822da247a:c1007, 8693c47f-40a3-4a1c-b7ba-6ed996b9183c:c1007]
2019-07-08 22:29:36,019 INFO  client.GrpcClientProtocolClient (GrpcClientProtocolClient.java:onNext(255)) - client-7538DDC4E776->1b229672-9fc1-42d6-9200-214eb0163fc5: receive RaftClientReply:client-7538DDC4E776->1b229672-9fc1-42d6-9200-214eb0163fc5@group-440AB812C07F, cid=787, SUCCESS, logIndex=1009, commits[1b229672-9fc1-42d6-9200-214eb0163fc5:c1011, 4cc0758a-96f5-4ab9-816d-81d822da247a:c1007, 8693c47f-40a3-4a1c-b7ba-6ed996b9183c:c1007]
2019-07-08 22:29:36,019 INFO  client.GrpcClientProtocolClient (GrpcClientProtocolClient.java:onNext(255)) - client-7538DDC4E776->1b229672-9fc1-42d6-9200-214eb0163fc5: receive RaftClientReply:client-7538DDC4E776->1b229672-9fc1-42d6-9200-214eb0163fc5@group-440AB812C07F, cid=788, SUCCESS, logIndex=1010, commits[1b229672-9fc1-42d6-9200-214eb0163fc5:c1011, 4cc0758a-96f5-4ab9-816d-81d822da247a:c1007, 8693c47f-40a3-4a1c-b7ba-6ed996b9183c:c1007]
2019-07-08 22:29:36,020 INFO  client.GrpcClientProtocolClient (GrpcClientProtocolClient.java:onNext(255)) - client-7538DDC4E776->1b229672-9fc1-42d6-9200-214eb0163fc5: receive RaftClientReply:client-7538DDC4E776->1b229672-9fc1-42d6-9200-214eb0163fc5@group-440AB812C07F, cid=789, SUCCESS, logIndex=1011, commits[1b229672-9fc1-42d6-9200-214eb0163fc5:c1011, 4cc0758a-96f5-4ab9-816d-81d822da247a:c1007, 8693c47f-40a3-4a1c-b7ba-6ed996b9183c:c1007]
2019-07-08 22:29:36,022 INFO  client.GrpcClientProtocolClient (GrpcClientProtocolClient.java:onNext(255)) - client-7538DDC4E776->1b229672-9fc1-42d6-9200-214eb0163fc5: receive RaftClientReply:client-7538DDC4E776->1b229672-9fc1-42d6-9200-214eb0163fc5@group-440AB812C07F, cid=790, SUCCESS, logIndex=0, commits[1b229672-9fc1-42d6-9200-214eb0163fc5:c1015, 4cc0758a-96f5-4ab9-816d-81d822da247a:c1011, 8693c47f-40a3-4a1c-b7ba-6ed996b9183c:c1011]
2019-07-08 22:29:36,043 INFO  client.GrpcClientProtocolClient (GrpcClientProtocolClient.java:onNext(255)) - client-7538DDC4E776->1b229672-9fc1-42d6-9200-214eb0163fc5: receive RaftClientReply:client-7538DDC4E776->1b229672-9fc1-42d6-9200-214eb0163fc5@group-440AB812C07F, cid=791, SUCCESS, logIndex=1016, commits[1b229672-9fc1-42d6-9200-214eb0163fc5:c1017, 4cc0758a-96f5-4ab9-816d-81d822da247a:c1015, 8693c47f-40a3-4a1c-b7ba-6ed996b9183c:c1015]
2019-07-08 22:29:36,043 INFO  client.GrpcClientProtocolClient (GrpcClientProtocolClient.java:onNext(255)) - client-7538DDC4E776->1b229672-9fc1-42d6-9200-214eb0163fc5: receive RaftClientReply:client-7538DDC4E776->1b229672-9fc1-42d6-9200-214eb0163fc5@group-440AB812C07F, cid=792, SUCCESS, logIndex=1017, commits[1b229672-9fc1-42d6-9200-214eb0163fc5:c1017, 4cc0758a-96f5-4ab9-816d-81d822da247a:c1015, 8693c47f-40a3-4a1c-b7ba-6ed996b9183c:c1015]
2019-07-08 22:29:36,056 INFO  client.GrpcClientProtocolClient (GrpcClientProtocolClient.java:onNext(255)) - client-7538DDC4E776->1b229672-9fc1-42d6-9200-214eb0163fc5: receive RaftClientReply:client-7538DDC4E776->1b229672-9fc1-42d6-9200-214eb0163fc5@group-440AB812C07F, cid=793, SUCCESS, logIndex=1020, commits[1b229672-9fc1-42d6-9200-214eb0163fc5:c1021, 4cc0758a-96f5-4ab9-816d-81d822da247a:c1017, 8693c47f-40a3-4a1c-b7ba-6ed996b9183c:c1016]
2019-07-08 22:29:36,057 INFO  client.GrpcClientProtocolClient (GrpcClientProtocolClient.java:onNext(255)) - client-7538DDC4E776->1b229672-9fc1-42d6-9200-214eb0163fc5: receive RaftClientReply:client-7538DDC4E776->1b229672-9fc1-42d6-9200-214eb0163fc5@group-440AB812C07F, cid=794, SUCCESS, logIndex=1021, commits[1b229672-9fc1-42d6-9200-214eb0163fc5:c1021, 4cc0758a-96f5-4ab9-816d-81d822da247a:c1017, 8693c47f-40a3-4a1c-b7ba-6ed996b9183c:c1017]
2019-07-08 22:29:36,058 INFO  client.GrpcClientProtocolClient (GrpcClientProtocolClient.java:onNext(255)) - client-7538DDC4E776->1b229672-9fc1-42d6-9200-214eb0163fc5: receive RaftClientReply:client-7538DDC4E776->1b229672-9fc1-42d6-9200-214eb0163fc5@group-440AB812C07F, cid=795, SUCCESS, logIndex=0, commits[1b229672-9fc1-42d6-9200-214eb0163fc5:c1022, 4cc0758a-96f5-4ab9-816d-81d822da247a:c1021, 8693c47f-40a3-4a1c-b7ba-6ed996b9183c:c1021]
2019-07-08 22:29:36,079 INFO  client.GrpcClientProtocolClient (GrpcClientProtocolClient.java:onNext(255)) - client-7538DDC4E776->1b229672-9fc1-42d6-9200-214eb0163fc5: receive RaftClientReply:client-7538DDC4E776->1b229672-9fc1-42d6-9200-214eb0163fc5@group-440AB812C07F, cid=796, SUCCESS, logIndex=1024, commits[1b229672-9fc1-42d6-9200-214eb0163fc5:c1025, 4cc0758a-96f5-4ab9-816d-81d822da247a:c1023, 8693c47f-40a3-4a1c-b7ba-6ed996b9183c:c1023]
2019-07-08 22:29:36,080 INFO  client.GrpcClientProtocolClient (GrpcClientProtocolClient.java:onNext(255)) - client-7538DDC4E776->1b229672-9fc1-42d6-9200-214eb0163fc5: receive RaftClientReply:client-7538DDC4E776->1b229672-9fc1-42d6-9200-214eb0163fc5@group-440AB812C07F, cid=797, SUCCESS, logIndex=1025, commits[1b229672-9fc1-42d6-9200-214eb0163fc5:c1027, 4cc0758a-96f5-4ab9-816d-81d822da247a:c1023, 8693c47f-40a3-4a1c-b7ba-6ed996b9183c:c1023]
2019-07-08 22:29:36,081 INFO  client.GrpcClientProtocolClient (GrpcClientProtocolClient.java:onNext(255)) - client-7538DDC4E776->1b229672-9fc1-42d6-9200-214eb0163fc5: receive RaftClientReply:client-7538DDC4E776->1b229672-9fc1-42d6-9200-214eb0163fc5@group-440AB812C07F, cid=798, SUCCESS, logIndex=1026, commits[1b229672-9fc1-42d6-9200-214eb0163fc5:c1027, 4cc0758a-96f5-4ab9-816d-81d822da247a:c1023, 8693c47f-40a3-4a1c-b7ba-6ed996b9183c:c1023]
2019-07-08 22:29:36,081 INFO  client.GrpcClientProtocolClient (GrpcClientProtocolClient.java:onNext(255)) - client-7538DDC4E776->1b229672-9fc1-42d6-9200-214eb0163fc5: receive RaftClientReply:client-7538DDC4E776->1b229672-9fc1-42d6-9200-214eb0163fc5@group-440AB812C07F, cid=799, SUCCESS, logIndex=1027, commits[1b229672-9fc1-42d6-9200-214eb0163fc5:c1027, 4cc0758a-96f5-4ab9-816d-81d822da247a:c1023, 8693c47f-40a3-4a1c-b7ba-6ed996b9183c:c1023]
2019-07-08 22:29:36,097 INFO  client.GrpcClientProtocolClient (GrpcClientProtocolClient.java:onNext(255)) - client-7538DDC4E776->1b229672-9fc1-42d6-9200-214eb0163fc5: receive RaftClientReply:client-7538DDC4E776->1b229672-9fc1-42d6-9200-214eb0163fc5@group-440AB812C07F, cid=800, SUCCESS, logIndex=0, commits[1b229672-9fc1-42d6-9200-214eb0163fc5:c1029, 4cc0758a-96f5-4ab9-816d-81d822da247a:c1025, 8693c47f-40a3-4a1c-b7ba-6ed996b9183c:c1027]
2019-07-08 22:29:36,121 INFO  client.GrpcClientProtocolClient (GrpcClientProtocolClient.java:onNext(255)) - client-7538DDC4E776->1b229672-9fc1-42d6-9200-214eb0163fc5: receive RaftClientReply:client-7538DDC4E776->1b229672-9fc1-42d6-9200-214eb0163fc5@group-440AB812C07F, cid=801, SUCCESS, logIndex=1031, commits[1b229672-9fc1-42d6-9200-214eb0163fc5:c1032, 4cc0758a-96f5-4ab9-816d-81d822da247a:c1030, 8693c47f-40a3-4a1c-b7ba-6ed996b9183c:c1030]
2019-07-08 22:29:36,121 INFO  client.GrpcClientProtocolClient (GrpcClientProtocolClient.java:onNext(255)) - client-7538DDC4E776->1b229672-9fc1-42d6-9200-214eb0163fc5: receive RaftClientReply:client-7538DDC4E776->1b229672-9fc1-42d6-9200-214eb0163fc5@group-440AB812C07F, cid=802, SUCCESS, logIndex=1032, commits[1b229672-9fc1-42d6-9200-214eb0163fc5:c1032, 4cc0758a-96f5-4ab9-816d-81d822da247a:c1030, 8693c47f-40a3-4a1c-b7ba-6ed996b9183c:c1030]
2019-07-08 22:29:36,134 INFO  client.GrpcClientProtocolClient (GrpcClientProtocolClient.java:onNext(255)) - client-7538DDC4E776->1b229672-9fc1-42d6-9200-214eb0163fc5: receive RaftClientReply:client-7538DDC4E776->1b229672-9fc1-42d6-9200-214eb0163fc5@group-440AB812C07F, cid=803, SUCCESS, logIndex=1035, commits[1b229672-9fc1-42d6-9200-214eb0163fc5:c1036, 4cc0758a-96f5-4ab9-816d-81d822da247a:c1031, 8693c47f-40a3-4a1c-b7ba-6ed996b9183c:c1032]
2019-07-08 22:29:36,134 INFO  client.GrpcClientProtocolClient (GrpcClientProtocolClient.java:onNext(255)) - client-7538DDC4E776->1b229672-9fc1-42d6-9200-214eb0163fc5: receive RaftClientReply:client-7538DDC4E776->1b229672-9fc1-42d6-9200-214eb0163fc5@group-440AB812C07F, cid=804, SUCCESS, logIndex=1036, commits[1b229672-9fc1-42d6-9200-214eb0163fc5:c1036, 4cc0758a-96f5-4ab9-816d-81d822da247a:c1032, 8693c47f-40a3-4a1c-b7ba-6ed996b9183c:c1032]
2019-07-08 22:29:36,136 INFO  client.GrpcClientProtocolClient (GrpcClientProtocolClient.java:onNext(255)) - client-7538DDC4E776->1b229672-9fc1-42d6-9200-214eb0163fc5: receive RaftClientReply:client-7538DDC4E776->1b229672-9fc1-42d6-9200-214eb0163fc5@group-440AB812C07F, cid=805, SUCCESS, logIndex=0, commits[1b229672-9fc1-42d6-9200-214eb0163fc5:c1037, 4cc0758a-96f5-4ab9-816d-81d822da247a:c1036, 8693c47f-40a3-4a1c-b7ba-6ed996b9183c:c1036]
2019-07-08 22:29:36,157 INFO  client.GrpcClientProtocolClient (GrpcClientProtocolClient.java:onNext(255)) - client-7538DDC4E776->1b229672-9fc1-42d6-9200-214eb0163fc5: receive RaftClientReply:client-7538DDC4E776->1b229672-9fc1-42d6-9200-214eb0163fc5@group-440AB812C07F, cid=806, SUCCESS, logIndex=1039, commits[1b229672-9fc1-42d6-9200-214eb0163fc5:c1040, 4cc0758a-96f5-4ab9-816d-81d822da247a:c1038, 8693c47f-40a3-4a1c-b7ba-6ed996b9183c:c1038]
2019-07-08 22:29:36,158 INFO  client.GrpcClientProtocolClient (GrpcClientProtocolClient.java:onNext(255)) - client-7538DDC4E776->1b229672-9fc1-42d6-9200-214eb0163fc5: receive RaftClientReply:client-7538DDC4E776->1b229672-9fc1-42d6-9200-214eb0163fc5@group-440AB812C07F, cid=807, SUCCESS, logIndex=1040, commits[1b229672-9fc1-42d6-9200-214eb0163fc5:c1042, 4cc0758a-96f5-4ab9-816d-81d822da247a:c1038, 8693c47f-40a3-4a1c-b7ba-6ed996b9183c:c1038]
2019-07-08 22:29:36,158 INFO  client.GrpcClientProtocolClient (GrpcClientProtocolClient.java:onNext(255)) - client-7538DDC4E776->1b229672-9fc1-42d6-9200-214eb0163fc5: receive RaftClientReply:client-7538DDC4E776->1b229672-9fc1-42d6-9200-214eb0163fc5@group-440AB812C07F, cid=808, SUCCESS, logIndex=1041, commits[1b229672-9fc1-42d6-9200-214eb0163fc5:c1042, 4cc0758a-96f5-4ab9-816d-81d822da247a:c1038, 8693c47f-40a3-4a1c-b7ba-6ed996b9183c:c1038]
2019-07-08 22:29:36,158 INFO  client.GrpcClientProtocolClient (GrpcClientProtocolClient.java:onNext(255)) - client-7538DDC4E776->1b229672-9fc1-42d6-9200-214eb0163fc5: receive RaftClientReply:client-7538DDC4E776->1b229672-9fc1-42d6-9200-214eb0163fc5@group-440AB812C07F, cid=809, SUCCESS, logIndex=1042, commits[1b229672-9fc1-42d6-9200-214eb0163fc5:c1042, 4cc0758a-96f5-4ab9-816d-81d822da247a:c1038, 8693c47f-40a3-4a1c-b7ba-6ed996b9183c:c1038]
2019-07-08 22:29:36,174 INFO  client.GrpcClientProtocolClient (GrpcClientProtocolClient.java:onNext(255)) - client-7538DDC4E776->1b229672-9fc1-42d6-9200-214eb0163fc5: receive RaftClientReply:client-7538DDC4E776->1b229672-9fc1-42d6-9200-214eb0163fc5@group-440AB812C07F, cid=810, SUCCESS, logIndex=0, commits[1b229672-9fc1-42d6-9200-214eb0163fc5:c1044, 4cc0758a-96f5-4ab9-816d-81d822da247a:c1040, 8693c47f-40a3-4a1c-b7ba-6ed996b9183c:c1040]
2019-07-08 22:29:36,524 INFO  client.GrpcClientProtocolClient (GrpcClientProtocolClient.java:onNext(255)) - client-7538DDC4E776->1b229672-9fc1-42d6-9200-214eb0163fc5: receive RaftClientReply:client-7538DDC4E776->1b229672-9fc1-42d6-9200-214eb0163fc5@group-440AB812C07F, cid=811, SUCCESS, logIndex=1047, commits[1b229672-9fc1-42d6-9200-214eb0163fc5:c1048, 4cc0758a-96f5-4ab9-816d-81d822da247a:c1046, 8693c47f-40a3-4a1c-b7ba-6ed996b9183c:c1046]
2019-07-08 22:29:36,524 INFO  client.GrpcClientProtocolClient (GrpcClientProtocolClient.java:onNext(255)) - client-7538DDC4E776->1b229672-9fc1-42d6-9200-214eb0163fc5: receive RaftClientReply:client-7538DDC4E776->1b229672-9fc1-42d6-9200-214eb0163fc5@group-440AB812C07F, cid=812, SUCCESS, logIndex=1048, commits[1b229672-9fc1-42d6-9200-214eb0163fc5:c1048, 4cc0758a-96f5-4ab9-816d-81d822da247a:c1046, 8693c47f-40a3-4a1c-b7ba-6ed996b9183c:c1046]
2019-07-08 22:29:36,725 INFO  client.GrpcClientProtocolClient (GrpcClientProtocolClient.java:onNext(255)) - client-7538DDC4E776->1b229672-9fc1-42d6-9200-214eb0163fc5: receive RaftClientReply:client-7538DDC4E776->1b229672-9fc1-42d6-9200-214eb0163fc5@group-440AB812C07F, cid=813, SUCCESS, logIndex=1051, commits[1b229672-9fc1-42d6-9200-214eb0163fc5:c1052, 4cc0758a-96f5-4ab9-816d-81d822da247a:c1048, 8693c47f-40a3-4a1c-b7ba-6ed996b9183c:c1048]
2019-07-08 22:29:36,725 INFO  client.GrpcClientProtocolClient (GrpcClientProtocolClient.java:onNext(255)) - client-7538DDC4E776->1b229672-9fc1-42d6-9200-214eb0163fc5: receive RaftClientReply:client-7538DDC4E776->1b229672-9fc1-42d6-9200-214eb0163fc5@group-440AB812C07F, cid=814, SUCCESS, logIndex=1052, commits[1b229672-9fc1-42d6-9200-214eb0163fc5:c1052, 4cc0758a-96f5-4ab9-816d-81d822da247a:c1048, 8693c47f-40a3-4a1c-b7ba-6ed996b9183c:c1048]
2019-07-08 22:29:36,734 INFO  client.GrpcClientProtocolClient (GrpcClientProtocolClient.java:onNext(255)) - client-7538DDC4E776->1b229672-9fc1-42d6-9200-214eb0163fc5: receive RaftClientReply:client-7538DDC4E776->1b229672-9fc1-42d6-9200-214eb0163fc5@group-440AB812C07F, cid=815, SUCCESS, logIndex=0, commits[1b229672-9fc1-42d6-9200-214eb0163fc5:c1053, 4cc0758a-96f5-4ab9-816d-81d822da247a:c1052, 8693c47f-40a3-4a1c-b7ba-6ed996b9183c:c1052]
2019-07-08 22:29:36,768 INFO  client.GrpcClientProtocolClient (GrpcClientProtocolClient.java:onNext(255)) - client-7538DDC4E776->1b229672-9fc1-42d6-9200-214eb0163fc5: receive RaftClientReply:client-7538DDC4E776->1b229672-9fc1-42d6-9200-214eb0163fc5@group-440AB812C07F, cid=816, SUCCESS, logIndex=1055, commits[1b229672-9fc1-42d6-9200-214eb0163fc5:c1056, 4cc0758a-96f5-4ab9-816d-81d822da247a:c1054, 8693c47f-40a3-4a1c-b7ba-6ed996b9183c:c1054]
2019-07-08 22:29:36,769 INFO  client.GrpcClientProtocolClient (GrpcClientProtocolClient.java:onNext(255)) - client-7538DDC4E776->1b229672-9fc1-42d6-9200-214eb0163fc5: receive RaftClientReply:client-7538DDC4E776->1b229672-9fc1-42d6-9200-214eb0163fc5@group-440AB812C07F, cid=817, SUCCESS, logIndex=1056, commits[1b229672-9fc1-42d6-9200-214eb0163fc5:c1058, 4cc0758a-96f5-4ab9-816d-81d822da247a:c1054, 8693c47f-40a3-4a1c-b7ba-6ed996b9183c:c1054]
2019-07-08 22:29:36,769 INFO  client.GrpcClientProtocolClient (GrpcClientProtocolClient.java:onNext(255)) - client-7538DDC4E776->1b229672-9fc1-42d6-9200-214eb0163fc5: receive RaftClientReply:client-7538DDC4E776->1b229672-9fc1-42d6-9200-214eb0163fc5@group-440AB812C07F, cid=818, SUCCESS, logIndex=1057, commits[1b229672-9fc1-42d6-9200-214eb0163fc5:c1058, 4cc0758a-96f5-4ab9-816d-81d822da247a:c1054, 8693c47f-40a3-4a1c-b7ba-6ed996b9183c:c1054]
2019-07-08 22:29:36,770 INFO  client.GrpcClientProtocolClient (GrpcClientProtocolClient.java:onNext(255)) - client-7538DDC4E776->1b229672-9fc1-42d6-9200-214eb0163fc5: receive RaftClientReply:client-7538DDC4E776->1b229672-9fc1-42d6-9200-214eb0163fc5@group-440AB812C07F, cid=819, SUCCESS, logIndex=1058, commits[1b229672-9fc1-42d6-9200-214eb0163fc5:c1058, 4cc0758a-96f5-4ab9-816d-81d822da247a:c1054, 8693c47f-40a3-4a1c-b7ba-6ed996b9183c:c1056]
2019-07-08 22:29:36,772 INFO  client.GrpcClientProtocolClient (GrpcClientProtocolClient.java:onNext(255)) - client-7538DDC4E776->1b229672-9fc1-42d6-9200-214eb0163fc5: receive RaftClientReply:client-7538DDC4E776->1b229672-9fc1-42d6-9200-214eb0163fc5@group-440AB812C07F, cid=820, SUCCESS, logIndex=0, commits[1b229672-9fc1-42d6-9200-214eb0163fc5:c1062, 4cc0758a-96f5-4ab9-816d-81d822da247a:c1058, 8693c47f-40a3-4a1c-b7ba-6ed996b9183c:c1058]
2019-07-08 22:29:36,788 INFO  client.GrpcClientProtocolClient (GrpcClientProtocolClient.java:onNext(255)) - client-7538DDC4E776->1b229672-9fc1-42d6-9200-214eb0163fc5: receive RaftClientReply:client-7538DDC4E776->1b229672-9fc1-42d6-9200-214eb0163fc5@group-440AB812C07F, cid=821, SUCCESS, logIndex=1063, commits[1b229672-9fc1-42d6-9200-214eb0163fc5:c1064, 4cc0758a-96f5-4ab9-816d-81d822da247a:c1062, 8693c47f-40a3-4a1c-b7ba-6ed996b9183c:c1062]
 0.00% |█                                                                                                    |  0/1 Time: 0:00:032019-07-08 22:29:36,788 INFO  client.GrpcClientProtocolClient (GrpcClientProtocolClient.java:onNext(255)) - client-7538DDC4E776->1b229672-9fc1-42d6-9200-214eb0163fc5: receive RaftClientReply:client-7538DDC4E776->1b229672-9fc1-42d6-9200-214eb0163fc5@group-440AB812C07F, cid=822, SUCCESS, logIndex=1064, commits[1b229672-9fc1-42d6-9200-214eb0163fc5:c1064, 4cc0758a-96f5-4ab9-816d-81d822da247a:c1062, 8693c47f-40a3-4a1c-b7ba-6ed996b9183c:c1062]
2019-07-08 22:29:36,803 INFO  client.GrpcClientProtocolClient (GrpcClientProtocolClient.java:onNext(255)) - client-7538DDC4E776->1b229672-9fc1-42d6-9200-214eb0163fc5: receive RaftClientReply:client-7538DDC4E776->1b229672-9fc1-42d6-9200-214eb0163fc5@group-440AB812C07F, cid=823, SUCCESS, logIndex=1067, commits[1b229672-9fc1-42d6-9200-214eb0163fc5:c1068, 4cc0758a-96f5-4ab9-816d-81d822da247a:c1066, 8693c47f-40a3-4a1c-b7ba-6ed996b9183c:c1066]
2019-07-08 22:29:36,803 INFO  client.GrpcClientProtocolClient (GrpcClientProtocolClient.java:onNext(255)) - client-7538DDC4E776->1b229672-9fc1-42d6-9200-214eb0163fc5: receive RaftClientReply:client-7538DDC4E776->1b229672-9fc1-42d6-9200-214eb0163fc5@group-440AB812C07F, cid=824, SUCCESS, logIndex=1068, commits[1b229672-9fc1-42d6-9200-214eb0163fc5:c1068, 4cc0758a-96f5-4ab9-816d-81d822da247a:c1066, 8693c47f-40a3-4a1c-b7ba-6ed996b9183c:c1066]
2019-07-08 22:29:36,805 INFO  client.GrpcClientProtocolClient (GrpcClientProtocolClient.java:onNext(255)) - client-7538DDC4E776->1b229672-9fc1-42d6-9200-214eb0163fc5: receive RaftClientReply:client-7538DDC4E776->1b229672-9fc1-42d6-9200-214eb0163fc5@group-440AB812C07F, cid=825, SUCCESS, logIndex=0, commits[1b229672-9fc1-42d6-9200-214eb0163fc5:c1069, 4cc0758a-96f5-4ab9-816d-81d822da247a:c1068, 8693c47f-40a3-4a1c-b7ba-6ed996b9183c:c1068]
2019-07-08 22:29:36,829 INFO  client.GrpcClientProtocolClient (GrpcClientProtocolClient.java:onNext(255)) - client-7538DDC4E776->1b229672-9fc1-42d6-9200-214eb0163fc5: receive RaftClientReply:client-7538DDC4E776->1b229672-9fc1-42d6-9200-214eb0163fc5@group-440AB812C07F, cid=826, SUCCESS, logIndex=1071, commits[1b229672-9fc1-42d6-9200-214eb0163fc5:c1072, 4cc0758a-96f5-4ab9-816d-81d822da247a:c1070, 8693c47f-40a3-4a1c-b7ba-6ed996b9183c:c1070]
2019-07-08 22:29:36,830 INFO  client.GrpcClientProtocolClient (GrpcClientProtocolClient.java:onNext(255)) - client-7538DDC4E776->1b229672-9fc1-42d6-9200-214eb0163fc5: receive RaftClientReply:client-7538DDC4E776->1b229672-9fc1-42d6-9200-214eb0163fc5@group-440AB812C07F, cid=827, SUCCESS, logIndex=1072, commits[1b229672-9fc1-42d6-9200-214eb0163fc5:c1072, 4cc0758a-96f5-4ab9-816d-81d822da247a:c1070, 8693c47f-40a3-4a1c-b7ba-6ed996b9183c:c1070]
2019-07-08 22:29:36,831 INFO  client.GrpcClientProtocolClient (GrpcClientProtocolClient.java:onNext(255)) - client-7538DDC4E776->1b229672-9fc1-42d6-9200-214eb0163fc5: receive RaftClientReply:client-7538DDC4E776->1b229672-9fc1-42d6-9200-214eb0163fc5@group-440AB812C07F, cid=828, SUCCESS, logIndex=1073, commits[1b229672-9fc1-42d6-9200-214eb0163fc5:c1074, 4cc0758a-96f5-4ab9-816d-81d822da247a:c1070, 8693c47f-40a3-4a1c-b7ba-6ed996b9183c:c1070]
2019-07-08 22:29:36,831 INFO  client.GrpcClientProtocolClient (GrpcClientProtocolClient.java:onNext(255)) - client-7538DDC4E776->1b229672-9fc1-42d6-9200-214eb0163fc5: receive RaftClientReply:client-7538DDC4E776->1b229672-9fc1-42d6-9200-214eb0163fc5@group-440AB812C07F, cid=829, SUCCESS, logIndex=1074, commits[1b229672-9fc1-42d6-9200-214eb0163fc5:c1074, 4cc0758a-96f5-4ab9-816d-81d822da247a:c1070, 8693c47f-40a3-4a1c-b7ba-6ed996b9183c:c1070]
2019-07-08 22:29:36,832 INFO  client.GrpcClientProtocolClient (GrpcClientProtocolClient.java:onNext(255)) - client-7538DDC4E776->1b229672-9fc1-42d6-9200-214eb0163fc5: receive RaftClientReply:client-7538DDC4E776->1b229672-9fc1-42d6-9200-214eb0163fc5@group-440AB812C07F, cid=830, SUCCESS, logIndex=0, commits[1b229672-9fc1-42d6-9200-214eb0163fc5:c1076, 4cc0758a-96f5-4ab9-816d-81d822da247a:c1072, 8693c47f-40a3-4a1c-b7ba-6ed996b9183c:c1072]
2019-07-08 22:29:36,881 INFO  client.GrpcClientProtocolClient (GrpcClientProtocolClient.java:onNext(255)) - client-7538DDC4E776->1b229672-9fc1-42d6-9200-214eb0163fc5: receive RaftClientReply:client-7538DDC4E776->1b229672-9fc1-42d6-9200-214eb0163fc5@group-440AB812C07F, cid=831, SUCCESS, logIndex=1079, commits[1b229672-9fc1-42d6-9200-214eb0163fc5:c1080, 4cc0758a-96f5-4ab9-816d-81d822da247a:c1078, 8693c47f-40a3-4a1c-b7ba-6ed996b9183c:c1078]
2019-07-08 22:29:36,881 INFO  client.GrpcClientProtocolClient (GrpcClientProtocolClient.java:onNext(255)) - client-7538DDC4E776->1b229672-9fc1-42d6-9200-214eb0163fc5: receive RaftClientReply:client-7538DDC4E776->1b229672-9fc1-42d6-9200-214eb0163fc5@group-440AB812C07F, cid=832, SUCCESS, logIndex=1080, commits[1b229672-9fc1-42d6-9200-214eb0163fc5:c1080, 4cc0758a-96f5-4ab9-816d-81d822da247a:c1078, 8693c47f-40a3-4a1c-b7ba-6ed996b9183c:c1078]
2019-07-08 22:29:36,895 INFO  client.GrpcClientProtocolClient (GrpcClientProtocolClient.java:onNext(255)) - client-7538DDC4E776->1b229672-9fc1-42d6-9200-214eb0163fc5: receive RaftClientReply:client-7538DDC4E776->1b229672-9fc1-42d6-9200-214eb0163fc5@group-440AB812C07F, cid=833, SUCCESS, logIndex=1083, commits[1b229672-9fc1-42d6-9200-214eb0163fc5:c1084, 4cc0758a-96f5-4ab9-816d-81d822da247a:c1080, 8693c47f-40a3-4a1c-b7ba-6ed996b9183c:c1079]
2019-07-08 22:29:36,896 INFO  client.GrpcClientProtocolClient (GrpcClientProtocolClient.java:onNext(255)) - client-7538DDC4E776->1b229672-9fc1-42d6-9200-214eb0163fc5: receive RaftClientReply:client-7538DDC4E776->1b229672-9fc1-42d6-9200-214eb0163fc5@group-440AB812C07F, cid=834, SUCCESS, logIndex=1084, commits[1b229672-9fc1-42d6-9200-214eb0163fc5:c1084, 4cc0758a-96f5-4ab9-816d-81d822da247a:c1080, 8693c47f-40a3-4a1c-b7ba-6ed996b9183c:c1080]
2019-07-08 22:29:36,898 INFO  client.GrpcClientProtocolClient (GrpcClientProtocolClient.java:onNext(255)) - client-7538DDC4E776->1b229672-9fc1-42d6-9200-214eb0163fc5: receive RaftClientReply:client-7538DDC4E776->1b229672-9fc1-42d6-9200-214eb0163fc5@group-440AB812C07F, cid=835, SUCCESS, logIndex=0, commits[1b229672-9fc1-42d6-9200-214eb0163fc5:c1086, 4cc0758a-96f5-4ab9-816d-81d822da247a:c1084, 8693c47f-40a3-4a1c-b7ba-6ed996b9183c:c1084]
2019-07-08 22:29:36,926 INFO  client.GrpcClientProtocolClient (GrpcClientProtocolClient.java:onNext(255)) - client-7538DDC4E776->1b229672-9fc1-42d6-9200-214eb0163fc5: receive RaftClientReply:client-7538DDC4E776->1b229672-9fc1-42d6-9200-214eb0163fc5@group-440AB812C07F, cid=836, SUCCESS, logIndex=1087, commits[1b229672-9fc1-42d6-9200-214eb0163fc5:c1088, 4cc0758a-96f5-4ab9-816d-81d822da247a:c1086, 8693c47f-40a3-4a1c-b7ba-6ed996b9183c:c1086]
2019-07-08 22:29:36,927 INFO  client.GrpcClientProtocolClient (GrpcClientProtocolClient.java:onNext(255)) - client-7538DDC4E776->1b229672-9fc1-42d6-9200-214eb0163fc5: receive RaftClientReply:client-7538DDC4E776->1b229672-9fc1-42d6-9200-214eb0163fc5@group-440AB812C07F, cid=837, SUCCESS, logIndex=1088, commits[1b229672-9fc1-42d6-9200-214eb0163fc5:c1090, 4cc0758a-96f5-4ab9-816d-81d822da247a:c1086, 8693c47f-40a3-4a1c-b7ba-6ed996b9183c:c1086]
2019-07-08 22:29:36,927 INFO  client.GrpcClientProtocolClient (GrpcClientProtocolClient.java:onNext(255)) - client-7538DDC4E776->1b229672-9fc1-42d6-9200-214eb0163fc5: receive RaftClientReply:client-7538DDC4E776->1b229672-9fc1-42d6-9200-214eb0163fc5@group-440AB812C07F, cid=838, SUCCESS, logIndex=1089, commits[1b229672-9fc1-42d6-9200-214eb0163fc5:c1091, 4cc0758a-96f5-4ab9-816d-81d822da247a:c1088, 8693c47f-40a3-4a1c-b7ba-6ed996b9183c:c1086]
2019-07-08 22:29:36,927 INFO  client.GrpcClientProtocolClient (GrpcClientProtocolClient.java:onNext(255)) - client-7538DDC4E776->1b229672-9fc1-42d6-9200-214eb0163fc5: receive RaftClientReply:client-7538DDC4E776->1b229672-9fc1-42d6-9200-214eb0163fc5@group-440AB812C07F, cid=839, SUCCESS, logIndex=1090, commits[1b229672-9fc1-42d6-9200-214eb0163fc5:c1091, 4cc0758a-96f5-4ab9-816d-81d822da247a:c1088, 8693c47f-40a3-4a1c-b7ba-6ed996b9183c:c1088]
2019-07-08 22:29:36,945 INFO  client.GrpcClientProtocolClient (GrpcClientProtocolClient.java:onNext(255)) - client-7538DDC4E776->1b229672-9fc1-42d6-9200-214eb0163fc5: receive RaftClientReply:client-7538DDC4E776->1b229672-9fc1-42d6-9200-214eb0163fc5@group-440AB812C07F, cid=840, SUCCESS, logIndex=1095, commits[1b229672-9fc1-42d6-9200-214eb0163fc5:c1096, 4cc0758a-96f5-4ab9-816d-81d822da247a:c1094, 8693c47f-40a3-4a1c-b7ba-6ed996b9183c:c1094]
2019-07-08 22:29:36,945 INFO  client.GrpcClientProtocolClient (GrpcClientProtocolClient.java:onNext(255)) - client-7538DDC4E776->1b229672-9fc1-42d6-9200-214eb0163fc5: receive RaftClientReply:client-7538DDC4E776->1b229672-9fc1-42d6-9200-214eb0163fc5@group-440AB812C07F, cid=841, SUCCESS, logIndex=1096, commits[1b229672-9fc1-42d6-9200-214eb0163fc5:c1096, 4cc0758a-96f5-4ab9-816d-81d822da247a:c1094, 8693c47f-40a3-4a1c-b7ba-6ed996b9183c:c1094]
2019-07-08 22:29:36,958 INFO  client.GrpcClientProtocolClient (GrpcClientProtocolClient.java:onNext(255)) - client-7538DDC4E776->1b229672-9fc1-42d6-9200-214eb0163fc5: receive RaftClientReply:client-7538DDC4E776->1b229672-9fc1-42d6-9200-214eb0163fc5@group-440AB812C07F, cid=842, SUCCESS, logIndex=1099, commits[1b229672-9fc1-42d6-9200-214eb0163fc5:c1100, 4cc0758a-96f5-4ab9-816d-81d822da247a:c1095, 8693c47f-40a3-4a1c-b7ba-6ed996b9183c:c1096]
2019-07-08 22:29:36,959 INFO  client.GrpcClientProtocolClient (GrpcClientProtocolClient.java:onNext(255)) - client-7538DDC4E776->1b229672-9fc1-42d6-9200-214eb0163fc5: receive RaftClientReply:client-7538DDC4E776->1b229672-9fc1-42d6-9200-214eb0163fc5@group-440AB812C07F, cid=843, SUCCESS, logIndex=1100, commits[1b229672-9fc1-42d6-9200-214eb0163fc5:c1100, 4cc0758a-96f5-4ab9-816d-81d822da247a:c1096, 8693c47f-40a3-4a1c-b7ba-6ed996b9183c:c1096]
2019-07-08 22:29:36,963 INFO  client.GrpcClientProtocolClient (GrpcClientProtocolClient.java:onNext(255)) - client-7538DDC4E776->1b229672-9fc1-42d6-9200-214eb0163fc5: receive RaftClientReply:client-7538DDC4E776->1b229672-9fc1-42d6-9200-214eb0163fc5@group-440AB812C07F, cid=844, SUCCESS, logIndex=0, commits[1b229672-9fc1-42d6-9200-214eb0163fc5:c1102, 4cc0758a-96f5-4ab9-816d-81d822da247a:c1100, 8693c47f-40a3-4a1c-b7ba-6ed996b9183c:c1100]
2019-07-08 22:29:36,984 INFO  client.GrpcClientProtocolClient (GrpcClientProtocolClient.java:onNext(255)) - client-7538DDC4E776->1b229672-9fc1-42d6-9200-214eb0163fc5: receive RaftClientReply:client-7538DDC4E776->1b229672-9fc1-42d6-9200-214eb0163fc5@group-440AB812C07F, cid=845, SUCCESS, logIndex=1103, commits[1b229672-9fc1-42d6-9200-214eb0163fc5:c1104, 4cc0758a-96f5-4ab9-816d-81d822da247a:c1102, 8693c47f-40a3-4a1c-b7ba-6ed996b9183c:c1102]
2019-07-08 22:29:36,985 INFO  client.GrpcClientProtocolClient (GrpcClientProtocolClient.java:onNext(255)) - client-7538DDC4E776->1b229672-9fc1-42d6-9200-214eb0163fc5: receive RaftClientReply:client-7538DDC4E776->1b229672-9fc1-42d6-9200-214eb0163fc5@group-440AB812C07F, cid=846, SUCCESS, logIndex=1104, commits[1b229672-9fc1-42d6-9200-214eb0163fc5:c1105, 4cc0758a-96f5-4ab9-816d-81d822da247a:c1102, 8693c47f-40a3-4a1c-b7ba-6ed996b9183c:c1102]
2019-07-08 22:29:36,985 INFO  client.GrpcClientProtocolClient (GrpcClientProtocolClient.java:onNext(255)) - client-7538DDC4E776->1b229672-9fc1-42d6-9200-214eb0163fc5: receive RaftClientReply:client-7538DDC4E776->1b229672-9fc1-42d6-9200-214eb0163fc5@group-440AB812C07F, cid=847, SUCCESS, logIndex=1105, commits[1b229672-9fc1-42d6-9200-214eb0163fc5:c1106, 4cc0758a-96f5-4ab9-816d-81d822da247a:c1102, 8693c47f-40a3-4a1c-b7ba-6ed996b9183c:c1102]
2019-07-08 22:29:36,985 INFO  client.GrpcClientProtocolClient (GrpcClientProtocolClient.java:onNext(255)) - client-7538DDC4E776->1b229672-9fc1-42d6-9200-214eb0163fc5: receive RaftClientReply:client-7538DDC4E776->1b229672-9fc1-42d6-9200-214eb0163fc5@group-440AB812C07F, cid=848, SUCCESS, logIndex=1106, commits[1b229672-9fc1-42d6-9200-214eb0163fc5:c1106, 4cc0758a-96f5-4ab9-816d-81d822da247a:c1102, 8693c47f-40a3-4a1c-b7ba-6ed996b9183c:c1102]
2019-07-08 22:29:36,987 INFO  client.GrpcClientProtocolClient (GrpcClientProtocolClient.java:onNext(255)) - client-7538DDC4E776->1b229672-9fc1-42d6-9200-214eb0163fc5: receive RaftClientReply:client-7538DDC4E776->1b229672-9fc1-42d6-9200-214eb0163fc5@group-440AB812C07F, cid=849, SUCCESS, logIndex=0, commits[1b229672-9fc1-42d6-9200-214eb0163fc5:c1110, 4cc0758a-96f5-4ab9-816d-81d822da247a:c1106, 8693c47f-40a3-4a1c-b7ba-6ed996b9183c:c1104]
2019-07-08 22:29:37,007 INFO  client.GrpcClientProtocolClient (GrpcClientProtocolClient.java:onNext(255)) - client-7538DDC4E776->1b229672-9fc1-42d6-9200-214eb0163fc5: receive RaftClientReply:client-7538DDC4E776->1b229672-9fc1-42d6-9200-214eb0163fc5@group-440AB812C07F, cid=850, SUCCESS, logIndex=1111, commits[1b229672-9fc1-42d6-9200-214eb0163fc5:c1112, 4cc0758a-96f5-4ab9-816d-81d822da247a:c1110, 8693c47f-40a3-4a1c-b7ba-6ed996b9183c:c1110]
2019-07-08 22:29:37,007 INFO  client.GrpcClientProtocolClient (GrpcClientProtocolClient.java:onNext(255)) - client-7538DDC4E776->1b229672-9fc1-42d6-9200-214eb0163fc5: receive RaftClientReply:client-7538DDC4E776->1b229672-9fc1-42d6-9200-214eb0163fc5@group-440AB812C07F, cid=851, SUCCESS, logIndex=1112, commits[1b229672-9fc1-42d6-9200-214eb0163fc5:c1112, 4cc0758a-96f5-4ab9-816d-81d822da247a:c1110, 8693c47f-40a3-4a1c-b7ba-6ed996b9183c:c1110]
2019-07-08 22:29:37,021 INFO  client.GrpcClientProtocolClient (GrpcClientProtocolClient.java:onNext(255)) - client-7538DDC4E776->1b229672-9fc1-42d6-9200-214eb0163fc5: receive RaftClientReply:client-7538DDC4E776->1b229672-9fc1-42d6-9200-214eb0163fc5@group-440AB812C07F, cid=852, SUCCESS, logIndex=1115, commits[1b229672-9fc1-42d6-9200-214eb0163fc5:c1116, 4cc0758a-96f5-4ab9-816d-81d822da247a:c1112, 8693c47f-40a3-4a1c-b7ba-6ed996b9183c:c1112]
2019-07-08 22:29:37,022 INFO  client.GrpcClientProtocolClient (GrpcClientProtocolClient.java:onNext(255)) - client-7538DDC4E776->1b229672-9fc1-42d6-9200-214eb0163fc5: receive RaftClientReply:client-7538DDC4E776->1b229672-9fc1-42d6-9200-214eb0163fc5@group-440AB812C07F, cid=853, SUCCESS, logIndex=1116, commits[1b229672-9fc1-42d6-9200-214eb0163fc5:c1116, 4cc0758a-96f5-4ab9-816d-81d822da247a:c1112, 8693c47f-40a3-4a1c-b7ba-6ed996b9183c:c1112]
2019-07-08 22:29:37,035 INFO  client.GrpcClientProtocolClient (GrpcClientProtocolClient.java:onNext(255)) - client-7538DDC4E776->1b229672-9fc1-42d6-9200-214eb0163fc5: receive RaftClientReply:client-7538DDC4E776->1b229672-9fc1-42d6-9200-214eb0163fc5@group-440AB812C07F, cid=854, SUCCESS, logIndex=0, commits[1b229672-9fc1-42d6-9200-214eb0163fc5:c1118, 4cc0758a-96f5-4ab9-816d-81d822da247a:c1116, 8693c47f-40a3-4a1c-b7ba-6ed996b9183c:c1116]
2019-07-08 22:29:37,202 INFO  client.GrpcClientProtocolClient (GrpcClientProtocolClient.java:onNext(255)) - client-7538DDC4E776->1b229672-9fc1-42d6-9200-214eb0163fc5: receive RaftClientReply:client-7538DDC4E776->1b229672-9fc1-42d6-9200-214eb0163fc5@group-440AB812C07F, cid=855, SUCCESS, logIndex=1119, commits[1b229672-9fc1-42d6-9200-214eb0163fc5:c1120, 4cc0758a-96f5-4ab9-816d-81d822da247a:c1118, 8693c47f-40a3-4a1c-b7ba-6ed996b9183c:c1118]
2019-07-08 22:29:37,203 INFO  client.GrpcClientProtocolClient (GrpcClientProtocolClient.java:onNext(255)) - client-7538DDC4E776->1b229672-9fc1-42d6-9200-214eb0163fc5: receive RaftClientReply:client-7538DDC4E776->1b229672-9fc1-42d6-9200-214eb0163fc5@group-440AB812C07F, cid=856, SUCCESS, logIndex=1120, commits[1b229672-9fc1-42d6-9200-214eb0163fc5:c1121, 4cc0758a-96f5-4ab9-816d-81d822da247a:c1118, 8693c47f-40a3-4a1c-b7ba-6ed996b9183c:c1118]
2019-07-08 22:29:37,204 INFO  client.GrpcClientProtocolClient (GrpcClientProtocolClient.java:onNext(255)) - client-7538DDC4E776->1b229672-9fc1-42d6-9200-214eb0163fc5: receive RaftClientReply:client-7538DDC4E776->1b229672-9fc1-42d6-9200-214eb0163fc5@group-440AB812C07F, cid=857, SUCCESS, logIndex=1121, commits[1b229672-9fc1-42d6-9200-214eb0163fc5:c1122, 4cc0758a-96f5-4ab9-816d-81d822da247a:c1118, 8693c47f-40a3-4a1c-b7ba-6ed996b9183c:c1118]
2019-07-08 22:29:37,204 INFO  client.GrpcClientProtocolClient (GrpcClientProtocolClient.java:onNext(255)) - client-7538DDC4E776->1b229672-9fc1-42d6-9200-214eb0163fc5: receive RaftClientReply:client-7538DDC4E776->1b229672-9fc1-42d6-9200-214eb0163fc5@group-440AB812C07F, cid=858, SUCCESS, logIndex=1122, commits[1b229672-9fc1-42d6-9200-214eb0163fc5:c1122, 4cc0758a-96f5-4ab9-816d-81d822da247a:c1118, 8693c47f-40a3-4a1c-b7ba-6ed996b9183c:c1118]
2019-07-08 22:29:37,206 INFO  client.GrpcClientProtocolClient (GrpcClientProtocolClient.java:onNext(255)) - client-7538DDC4E776->1b229672-9fc1-42d6-9200-214eb0163fc5: receive RaftClientReply:client-7538DDC4E776->1b229672-9fc1-42d6-9200-214eb0163fc5@group-440AB812C07F, cid=859, SUCCESS, logIndex=0, commits[1b229672-9fc1-42d6-9200-214eb0163fc5:c1126, 4cc0758a-96f5-4ab9-816d-81d822da247a:c1122, 8693c47f-40a3-4a1c-b7ba-6ed996b9183c:c1120]
2019-07-08 22:29:37,229 INFO  client.GrpcClientProtocolClient (GrpcClientProtocolClient.java:onNext(255)) - client-7538DDC4E776->1b229672-9fc1-42d6-9200-214eb0163fc5: receive RaftClientReply:client-7538DDC4E776->1b229672-9fc1-42d6-9200-214eb0163fc5@group-440AB812C07F, cid=860, SUCCESS, logIndex=1127, commits[1b229672-9fc1-42d6-9200-214eb0163fc5:c1128, 4cc0758a-96f5-4ab9-816d-81d822da247a:c1126, 8693c47f-40a3-4a1c-b7ba-6ed996b9183c:c1126]
2019-07-08 22:29:37,230 INFO  client.GrpcClientProtocolClient (GrpcClientProtocolClient.java:onNext(255)) - client-7538DDC4E776->1b229672-9fc1-42d6-9200-214eb0163fc5: receive RaftClientReply:client-7538DDC4E776->1b229672-9fc1-42d6-9200-214eb0163fc5@group-440AB812C07F, cid=861, SUCCESS, logIndex=1128, commits[1b229672-9fc1-42d6-9200-214eb0163fc5:c1128, 4cc0758a-96f5-4ab9-816d-81d822da247a:c1126, 8693c47f-40a3-4a1c-b7ba-6ed996b9183c:c1126]
2019-07-08 22:29:37,259 INFO  client.GrpcClientProtocolClient (GrpcClientProtocolClient.java:onNext(255)) - client-7538DDC4E776->1b229672-9fc1-42d6-9200-214eb0163fc5: receive RaftClientReply:client-7538DDC4E776->1b229672-9fc1-42d6-9200-214eb0163fc5@group-440AB812C07F, cid=862, SUCCESS, logIndex=1131, commits[1b229672-9fc1-42d6-9200-214eb0163fc5:c1132, 4cc0758a-96f5-4ab9-816d-81d822da247a:c1128, 8693c47f-40a3-4a1c-b7ba-6ed996b9183c:c1128]
2019-07-08 22:29:37,259 INFO  client.GrpcClientProtocolClient (GrpcClientProtocolClient.java:onNext(255)) - client-7538DDC4E776->1b229672-9fc1-42d6-9200-214eb0163fc5: receive RaftClientReply:client-7538DDC4E776->1b229672-9fc1-42d6-9200-214eb0163fc5@group-440AB812C07F, cid=863, SUCCESS, logIndex=1132, commits[1b229672-9fc1-42d6-9200-214eb0163fc5:c1132, 4cc0758a-96f5-4ab9-816d-81d822da247a:c1128, 8693c47f-40a3-4a1c-b7ba-6ed996b9183c:c1128]
2019-07-08 22:29:37,271 INFO  client.GrpcClientProtocolClient (GrpcClientProtocolClient.java:onNext(255)) - client-7538DDC4E776->1b229672-9fc1-42d6-9200-214eb0163fc5: receive RaftClientReply:client-7538DDC4E776->1b229672-9fc1-42d6-9200-214eb0163fc5@group-440AB812C07F, cid=864, SUCCESS, logIndex=0, commits[1b229672-9fc1-42d6-9200-214eb0163fc5:c1133, 4cc0758a-96f5-4ab9-816d-81d822da247a:c1132, 8693c47f-40a3-4a1c-b7ba-6ed996b9183c:c1132]
2019-07-08 22:29:37,293 INFO  client.GrpcClientProtocolClient (GrpcClientProtocolClient.java:onNext(255)) - client-7538DDC4E776->1b229672-9fc1-42d6-9200-214eb0163fc5: receive RaftClientReply:client-7538DDC4E776->1b229672-9fc1-42d6-9200-214eb0163fc5@group-440AB812C07F, cid=865, SUCCESS, logIndex=1135, commits[1b229672-9fc1-42d6-9200-214eb0163fc5:c1136, 4cc0758a-96f5-4ab9-816d-81d822da247a:c1134, 8693c47f-40a3-4a1c-b7ba-6ed996b9183c:c1134]
2019-07-08 22:29:37,294 INFO  client.GrpcClientProtocolClient (GrpcClientProtocolClient.java:onNext(255)) - client-7538DDC4E776->1b229672-9fc1-42d6-9200-214eb0163fc5: receive RaftClientReply:client-7538DDC4E776->1b229672-9fc1-42d6-9200-214eb0163fc5@group-440AB812C07F, cid=866, SUCCESS, logIndex=1136, commits[1b229672-9fc1-42d6-9200-214eb0163fc5:c1136, 4cc0758a-96f5-4ab9-816d-81d822da247a:c1134, 8693c47f-40a3-4a1c-b7ba-6ed996b9183c:c1134]
2019-07-08 22:29:37,295 INFO  client.GrpcClientProtocolClient (GrpcClientProtocolClient.java:onNext(255)) - client-7538DDC4E776->1b229672-9fc1-42d6-9200-214eb0163fc5: receive RaftClientReply:client-7538DDC4E776->1b229672-9fc1-42d6-9200-214eb0163fc5@group-440AB812C07F, cid=867, SUCCESS, logIndex=1137, commits[1b229672-9fc1-42d6-9200-214eb0163fc5:c1138, 4cc0758a-96f5-4ab9-816d-81d822da247a:c1134, 8693c47f-40a3-4a1c-b7ba-6ed996b9183c:c1134]
2019-07-08 22:29:37,295 INFO  client.GrpcClientProtocolClient (GrpcClientProtocolClient.java:onNext(255)) - client-7538DDC4E776->1b229672-9fc1-42d6-9200-214eb0163fc5: receive RaftClientReply:client-7538DDC4E776->1b229672-9fc1-42d6-9200-214eb0163fc5@group-440AB812C07F, cid=868, SUCCESS, logIndex=1138, commits[1b229672-9fc1-42d6-9200-214eb0163fc5:c1139, 4cc0758a-96f5-4ab9-816d-81d822da247a:c1135, 8693c47f-40a3-4a1c-b7ba-6ed996b9183c:c1134]
2019-07-08 22:29:37,297 INFO  client.GrpcClientProtocolClient (GrpcClientProtocolClient.java:onNext(255)) - client-7538DDC4E776->1b229672-9fc1-42d6-9200-214eb0163fc5: receive RaftClientReply:client-7538DDC4E776->1b229672-9fc1-42d6-9200-214eb0163fc5@group-440AB812C07F, cid=869, SUCCESS, logIndex=0, commits[1b229672-9fc1-42d6-9200-214eb0163fc5:c1141, 4cc0758a-96f5-4ab9-816d-81d822da247a:c1138, 8693c47f-40a3-4a1c-b7ba-6ed996b9183c:c1136]
2019-07-08 22:29:37,319 INFO  client.GrpcClientProtocolClient (GrpcClientProtocolClient.java:onNext(255)) - client-7538DDC4E776->1b229672-9fc1-42d6-9200-214eb0163fc5: receive RaftClientReply:client-7538DDC4E776->1b229672-9fc1-42d6-9200-214eb0163fc5@group-440AB812C07F, cid=870, SUCCESS, logIndex=1142, commits[1b229672-9fc1-42d6-9200-214eb0163fc5:c1143, 4cc0758a-96f5-4ab9-816d-81d822da247a:c1141, 8693c47f-40a3-4a1c-b7ba-6ed996b9183c:c1141]
2019-07-08 22:29:37,319 INFO  client.GrpcClientProtocolClient (GrpcClientProtocolClient.java:onNext(255)) - client-7538DDC4E776->1b229672-9fc1-42d6-9200-214eb0163fc5: receive RaftClientReply:client-7538DDC4E776->1b229672-9fc1-42d6-9200-214eb0163fc5@group-440AB812C07F, cid=871, SUCCESS, logIndex=1143, commits[1b229672-9fc1-42d6-9200-214eb0163fc5:c1143, 4cc0758a-96f5-4ab9-816d-81d822da247a:c1141, 8693c47f-40a3-4a1c-b7ba-6ed996b9183c:c1141]
2019-07-08 22:29:37,332 INFO  client.GrpcClientProtocolClient (GrpcClientProtocolClient.java:onNext(255)) - client-7538DDC4E776->1b229672-9fc1-42d6-9200-214eb0163fc5: receive RaftClientReply:client-7538DDC4E776->1b229672-9fc1-42d6-9200-214eb0163fc5@group-440AB812C07F, cid=872, SUCCESS, logIndex=1146, commits[1b229672-9fc1-42d6-9200-214eb0163fc5:c1147, 4cc0758a-96f5-4ab9-816d-81d822da247a:c1143, 8693c47f-40a3-4a1c-b7ba-6ed996b9183c:c1143]
2019-07-08 22:29:37,332 INFO  client.GrpcClientProtocolClient (GrpcClientProtocolClient.java:onNext(255)) - client-7538DDC4E776->1b229672-9fc1-42d6-9200-214eb0163fc5: receive RaftClientReply:client-7538DDC4E776->1b229672-9fc1-42d6-9200-214eb0163fc5@group-440AB812C07F, cid=873, SUCCESS, logIndex=1147, commits[1b229672-9fc1-42d6-9200-214eb0163fc5:c1147, 4cc0758a-96f5-4ab9-816d-81d822da247a:c1143, 8693c47f-40a3-4a1c-b7ba-6ed996b9183c:c1143]
2019-07-08 22:29:37,335 INFO  client.GrpcClientProtocolClient (GrpcClientProtocolClient.java:onNext(255)) - client-7538DDC4E776->1b229672-9fc1-42d6-9200-214eb0163fc5: receive RaftClientReply:client-7538DDC4E776->1b229672-9fc1-42d6-9200-214eb0163fc5@group-440AB812C07F, cid=874, SUCCESS, logIndex=0, commits[1b229672-9fc1-42d6-9200-214eb0163fc5:c1149, 4cc0758a-96f5-4ab9-816d-81d822da247a:c1147, 8693c47f-40a3-4a1c-b7ba-6ed996b9183c:c1147]
2019-07-08 22:29:37,358 INFO  client.GrpcClientProtocolClient (GrpcClientProtocolClient.java:onNext(255)) - client-7538DDC4E776->1b229672-9fc1-42d6-9200-214eb0163fc5: receive RaftClientReply:client-7538DDC4E776->1b229672-9fc1-42d6-9200-214eb0163fc5@group-440AB812C07F, cid=875, SUCCESS, logIndex=1150, commits[1b229672-9fc1-42d6-9200-214eb0163fc5:c1151, 4cc0758a-96f5-4ab9-816d-81d822da247a:c1149, 8693c47f-40a3-4a1c-b7ba-6ed996b9183c:c1149]
2019-07-08 22:29:37,359 INFO  client.GrpcClientProtocolClient (GrpcClientProtocolClient.java:onNext(255)) - client-7538DDC4E776->1b229672-9fc1-42d6-9200-214eb0163fc5: receive RaftClientReply:client-7538DDC4E776->1b229672-9fc1-42d6-9200-214eb0163fc5@group-440AB812C07F, cid=876, SUCCESS, logIndex=1151, commits[1b229672-9fc1-42d6-9200-214eb0163fc5:c1153, 4cc0758a-96f5-4ab9-816d-81d822da247a:c1149, 8693c47f-40a3-4a1c-b7ba-6ed996b9183c:c1149]
2019-07-08 22:29:37,359 INFO  client.GrpcClientProtocolClient (GrpcClientProtocolClient.java:onNext(255)) - client-7538DDC4E776->1b229672-9fc1-42d6-9200-214eb0163fc5: receive RaftClientReply:client-7538DDC4E776->1b229672-9fc1-42d6-9200-214eb0163fc5@group-440AB812C07F, cid=877, SUCCESS, logIndex=1152, commits[1b229672-9fc1-42d6-9200-214eb0163fc5:c1153, 4cc0758a-96f5-4ab9-816d-81d822da247a:c1149, 8693c47f-40a3-4a1c-b7ba-6ed996b9183c:c1149]
2019-07-08 22:29:37,359 INFO  client.GrpcClientProtocolClient (GrpcClientProtocolClient.java:onNext(255)) - client-7538DDC4E776->1b229672-9fc1-42d6-9200-214eb0163fc5: receive RaftClientReply:client-7538DDC4E776->1b229672-9fc1-42d6-9200-214eb0163fc5@group-440AB812C07F, cid=878, SUCCESS, logIndex=1153, commits[1b229672-9fc1-42d6-9200-214eb0163fc5:c1153, 4cc0758a-96f5-4ab9-816d-81d822da247a:c1149, 8693c47f-40a3-4a1c-b7ba-6ed996b9183c:c1149]
2019-07-08 22:29:37,363 INFO  client.GrpcClientProtocolClient (GrpcClientProtocolClient.java:onNext(255)) - client-7538DDC4E776->1b229672-9fc1-42d6-9200-214eb0163fc5: receive RaftClientReply:client-7538DDC4E776->1b229672-9fc1-42d6-9200-214eb0163fc5@group-440AB812C07F, cid=879, SUCCESS, logIndex=0, commits[1b229672-9fc1-42d6-9200-214eb0163fc5:c1157, 4cc0758a-96f5-4ab9-816d-81d822da247a:c1151, 8693c47f-40a3-4a1c-b7ba-6ed996b9183c:c1153]
2019-07-08 22:29:37,384 INFO  client.GrpcClientProtocolClient (GrpcClientProtocolClient.java:onNext(255)) - client-7538DDC4E776->1b229672-9fc1-42d6-9200-214eb0163fc5: receive RaftClientReply:client-7538DDC4E776->1b229672-9fc1-42d6-9200-214eb0163fc5@group-440AB812C07F, cid=880, SUCCESS, logIndex=1158, commits[1b229672-9fc1-42d6-9200-214eb0163fc5:c1159, 4cc0758a-96f5-4ab9-816d-81d822da247a:c1157, 8693c47f-40a3-4a1c-b7ba-6ed996b9183c:c1157]
2019-07-08 22:29:37,385 INFO  client.GrpcClientProtocolClient (GrpcClientProtocolClient.java:onNext(255)) - client-7538DDC4E776->1b229672-9fc1-42d6-9200-214eb0163fc5: receive RaftClientReply:client-7538DDC4E776->1b229672-9fc1-42d6-9200-214eb0163fc5@group-440AB812C07F, cid=881, SUCCESS, logIndex=1159, commits[1b229672-9fc1-42d6-9200-214eb0163fc5:c1159, 4cc0758a-96f5-4ab9-816d-81d822da247a:c1157, 8693c47f-40a3-4a1c-b7ba-6ed996b9183c:c1157]
2019-07-08 22:29:37,401 INFO  client.GrpcClientProtocolClient (GrpcClientProtocolClient.java:onNext(255)) - client-7538DDC4E776->1b229672-9fc1-42d6-9200-214eb0163fc5: receive RaftClientReply:client-7538DDC4E776->1b229672-9fc1-42d6-9200-214eb0163fc5@group-440AB812C07F, cid=882, SUCCESS, logIndex=1162, commits[1b229672-9fc1-42d6-9200-214eb0163fc5:c1163, 4cc0758a-96f5-4ab9-816d-81d822da247a:c1161, 8693c47f-40a3-4a1c-b7ba-6ed996b9183c:c1161]
2019-07-08 22:29:37,402 INFO  client.GrpcClientProtocolClient (GrpcClientProtocolClient.java:onNext(255)) - client-7538DDC4E776->1b229672-9fc1-42d6-9200-214eb0163fc5: receive RaftClientReply:client-7538DDC4E776->1b229672-9fc1-42d6-9200-214eb0163fc5@group-440AB812C07F, cid=883, SUCCESS, logIndex=1163, commits[1b229672-9fc1-42d6-9200-214eb0163fc5:c1163, 4cc0758a-96f5-4ab9-816d-81d822da247a:c1161, 8693c47f-40a3-4a1c-b7ba-6ed996b9183c:c1161]
2019-07-08 22:29:37,407 INFO  client.GrpcClientProtocolClient (GrpcClientProtocolClient.java:onNext(255)) - client-7538DDC4E776->1b229672-9fc1-42d6-9200-214eb0163fc5: receive RaftClientReply:client-7538DDC4E776->1b229672-9fc1-42d6-9200-214eb0163fc5@group-440AB812C07F, cid=884, SUCCESS, logIndex=0, commits[1b229672-9fc1-42d6-9200-214eb0163fc5:c1165, 4cc0758a-96f5-4ab9-816d-81d822da247a:c1163, 8693c47f-40a3-4a1c-b7ba-6ed996b9183c:c1163]
2019-07-08 22:29:37,427 INFO  client.GrpcClientProtocolClient (GrpcClientProtocolClient.java:onNext(255)) - client-7538DDC4E776->1b229672-9fc1-42d6-9200-214eb0163fc5: receive RaftClientReply:client-7538DDC4E776->1b229672-9fc1-42d6-9200-214eb0163fc5@group-440AB812C07F, cid=885, SUCCESS, logIndex=1166, commits[1b229672-9fc1-42d6-9200-214eb0163fc5:c1167, 4cc0758a-96f5-4ab9-816d-81d822da247a:c1165, 8693c47f-40a3-4a1c-b7ba-6ed996b9183c:c1165]
2019-07-08 22:29:37,428 INFO  client.GrpcClientProtocolClient (GrpcClientProtocolClient.java:onNext(255)) - client-7538DDC4E776->1b229672-9fc1-42d6-9200-214eb0163fc5: receive RaftClientReply:client-7538DDC4E776->1b229672-9fc1-42d6-9200-214eb0163fc5@group-440AB812C07F, cid=886, SUCCESS, logIndex=1167, commits[1b229672-9fc1-42d6-9200-214eb0163fc5:c1167, 4cc0758a-96f5-4ab9-816d-81d822da247a:c1165, 8693c47f-40a3-4a1c-b7ba-6ed996b9183c:c1165]
2019-07-08 22:29:37,428 INFO  client.GrpcClientProtocolClient (GrpcClientProtocolClient.java:onNext(255)) - client-7538DDC4E776->1b229672-9fc1-42d6-9200-214eb0163fc5: receive RaftClientReply:client-7538DDC4E776->1b229672-9fc1-42d6-9200-214eb0163fc5@group-440AB812C07F, cid=887, SUCCESS, logIndex=1168, commits[1b229672-9fc1-42d6-9200-214eb0163fc5:c1169, 4cc0758a-96f5-4ab9-816d-81d822da247a:c1165, 8693c47f-40a3-4a1c-b7ba-6ed996b9183c:c1165]
2019-07-08 22:29:37,428 INFO  client.GrpcClientProtocolClient (GrpcClientProtocolClient.java:onNext(255)) - client-7538DDC4E776->1b229672-9fc1-42d6-9200-214eb0163fc5: receive RaftClientReply:client-7538DDC4E776->1b229672-9fc1-42d6-9200-214eb0163fc5@group-440AB812C07F, cid=888, SUCCESS, logIndex=1169, commits[1b229672-9fc1-42d6-9200-214eb0163fc5:c1169, 4cc0758a-96f5-4ab9-816d-81d822da247a:c1165, 8693c47f-40a3-4a1c-b7ba-6ed996b9183c:c1165]
2019-07-08 22:29:37,430 INFO  client.GrpcClientProtocolClient (GrpcClientProtocolClient.java:onNext(255)) - client-7538DDC4E776->1b229672-9fc1-42d6-9200-214eb0163fc5: receive RaftClientReply:client-7538DDC4E776->1b229672-9fc1-42d6-9200-214eb0163fc5@group-440AB812C07F, cid=889, SUCCESS, logIndex=0, commits[1b229672-9fc1-42d6-9200-214eb0163fc5:c1171, 4cc0758a-96f5-4ab9-816d-81d822da247a:c1168, 8693c47f-40a3-4a1c-b7ba-6ed996b9183c:c1167]
2019-07-08 22:29:37,449 INFO  client.GrpcClientProtocolClient (GrpcClientProtocolClient.java:onNext(255)) - client-7538DDC4E776->1b229672-9fc1-42d6-9200-214eb0163fc5: receive RaftClientReply:client-7538DDC4E776->1b229672-9fc1-42d6-9200-214eb0163fc5@group-440AB812C07F, cid=890, SUCCESS, logIndex=1174, commits[1b229672-9fc1-42d6-9200-214eb0163fc5:c1175, 4cc0758a-96f5-4ab9-816d-81d822da247a:c1173, 8693c47f-40a3-4a1c-b7ba-6ed996b9183c:c1173]
2019-07-08 22:29:37,450 INFO  client.GrpcClientProtocolClient (GrpcClientProtocolClient.java:onNext(255)) - client-7538DDC4E776->1b229672-9fc1-42d6-9200-214eb0163fc5: receive RaftClientReply:client-7538DDC4E776->1b229672-9fc1-42d6-9200-214eb0163fc5@group-440AB812C07F, cid=891, SUCCESS, logIndex=1175, commits[1b229672-9fc1-42d6-9200-214eb0163fc5:c1175, 4cc0758a-96f5-4ab9-816d-81d822da247a:c1173, 8693c47f-40a3-4a1c-b7ba-6ed996b9183c:c1173]
2019-07-08 22:29:37,463 INFO  client.GrpcClientProtocolClient (GrpcClientProtocolClient.java:onNext(255)) - client-7538DDC4E776->1b229672-9fc1-42d6-9200-214eb0163fc5: receive RaftClientReply:client-7538DDC4E776->1b229672-9fc1-42d6-9200-214eb0163fc5@group-440AB812C07F, cid=892, SUCCESS, logIndex=1178, commits[1b229672-9fc1-42d6-9200-214eb0163fc5:c1179, 4cc0758a-96f5-4ab9-816d-81d822da247a:c1175, 8693c47f-40a3-4a1c-b7ba-6ed996b9183c:c1175]
2019-07-08 22:29:37,463 INFO  client.GrpcClientProtocolClient (GrpcClientProtocolClient.java:onNext(255)) - client-7538DDC4E776->1b229672-9fc1-42d6-9200-214eb0163fc5: receive RaftClientReply:client-7538DDC4E776->1b229672-9fc1-42d6-9200-214eb0163fc5@group-440AB812C07F, cid=893, SUCCESS, logIndex=1179, commits[1b229672-9fc1-42d6-9200-214eb0163fc5:c1179, 4cc0758a-96f5-4ab9-816d-81d822da247a:c1175, 8693c47f-40a3-4a1c-b7ba-6ed996b9183c:c1175]
2019-07-08 22:29:37,477 INFO  client.GrpcClientProtocolClient (GrpcClientProtocolClient.java:onNext(255)) - client-7538DDC4E776->1b229672-9fc1-42d6-9200-214eb0163fc5: receive RaftClientReply:client-7538DDC4E776->1b229672-9fc1-42d6-9200-214eb0163fc5@group-440AB812C07F, cid=894, SUCCESS, logIndex=0, commits[1b229672-9fc1-42d6-9200-214eb0163fc5:c1181, 4cc0758a-96f5-4ab9-816d-81d822da247a:c1179, 8693c47f-40a3-4a1c-b7ba-6ed996b9183c:c1179]
2019-07-08 22:29:37,497 INFO  client.GrpcClientProtocolClient (GrpcClientProtocolClient.java:onNext(255)) - client-7538DDC4E776->1b229672-9fc1-42d6-9200-214eb0163fc5: receive RaftClientReply:client-7538DDC4E776->1b229672-9fc1-42d6-9200-214eb0163fc5@group-440AB812C07F, cid=895, SUCCESS, logIndex=1182, commits[1b229672-9fc1-42d6-9200-214eb0163fc5:c1184, 4cc0758a-96f5-4ab9-816d-81d822da247a:c1181, 8693c47f-40a3-4a1c-b7ba-6ed996b9183c:c1181]
2019-07-08 22:29:37,498 INFO  client.GrpcClientProtocolClient (GrpcClientProtocolClient.java:onNext(255)) - client-7538DDC4E776->1b229672-9fc1-42d6-9200-214eb0163fc5: receive RaftClientReply:client-7538DDC4E776->1b229672-9fc1-42d6-9200-214eb0163fc5@group-440AB812C07F, cid=896, SUCCESS, logIndex=1183, commits[1b229672-9fc1-42d6-9200-214eb0163fc5:c1185, 4cc0758a-96f5-4ab9-816d-81d822da247a:c1181, 8693c47f-40a3-4a1c-b7ba-6ed996b9183c:c1181]
2019-07-08 22:29:37,498 INFO  client.GrpcClientProtocolClient (GrpcClientProtocolClient.java:onNext(255)) - client-7538DDC4E776->1b229672-9fc1-42d6-9200-214eb0163fc5: receive RaftClientReply:client-7538DDC4E776->1b229672-9fc1-42d6-9200-214eb0163fc5@group-440AB812C07F, cid=897, SUCCESS, logIndex=1184, commits[1b229672-9fc1-42d6-9200-214eb0163fc5:c1185, 4cc0758a-96f5-4ab9-816d-81d822da247a:c1181, 8693c47f-40a3-4a1c-b7ba-6ed996b9183c:c1181]
2019-07-08 22:29:37,498 INFO  client.GrpcClientProtocolClient (GrpcClientProtocolClient.java:onNext(255)) - client-7538DDC4E776->1b229672-9fc1-42d6-9200-214eb0163fc5: receive RaftClientReply:client-7538DDC4E776->1b229672-9fc1-42d6-9200-214eb0163fc5@group-440AB812C07F, cid=898, SUCCESS, logIndex=1185, commits[1b229672-9fc1-42d6-9200-214eb0163fc5:c1185, 4cc0758a-96f5-4ab9-816d-81d822da247a:c1181, 8693c47f-40a3-4a1c-b7ba-6ed996b9183c:c1181]
2019-07-08 22:29:37,501 INFO  client.GrpcClientProtocolClient (GrpcClientProtocolClient.java:onNext(255)) - client-7538DDC4E776->1b229672-9fc1-42d6-9200-214eb0163fc5: receive RaftClientReply:client-7538DDC4E776->1b229672-9fc1-42d6-9200-214eb0163fc5@group-440AB812C07F, cid=899, SUCCESS, logIndex=0, commits[1b229672-9fc1-42d6-9200-214eb0163fc5:c1186, 4cc0758a-96f5-4ab9-816d-81d822da247a:c1183, 8693c47f-40a3-4a1c-b7ba-6ed996b9183c:c1183]
2019-07-08 22:29:37,523 INFO  client.GrpcClientProtocolClient (GrpcClientProtocolClient.java:onNext(255)) - client-7538DDC4E776->1b229672-9fc1-42d6-9200-214eb0163fc5: receive RaftClientReply:client-7538DDC4E776->1b229672-9fc1-42d6-9200-214eb0163fc5@group-440AB812C07F, cid=900, SUCCESS, logIndex=1190, commits[1b229672-9fc1-42d6-9200-214eb0163fc5:c1191, 4cc0758a-96f5-4ab9-816d-81d822da247a:c1187, 8693c47f-40a3-4a1c-b7ba-6ed996b9183c:c1185]
2019-07-08 22:29:37,524 INFO  client.GrpcClientProtocolClient (GrpcClientProtocolClient.java:onNext(255)) - client-7538DDC4E776->1b229672-9fc1-42d6-9200-214eb0163fc5: receive RaftClientReply:client-7538DDC4E776->1b229672-9fc1-42d6-9200-214eb0163fc5@group-440AB812C07F, cid=901, SUCCESS, logIndex=1191, commits[1b229672-9fc1-42d6-9200-214eb0163fc5:c1191, 4cc0758a-96f5-4ab9-816d-81d822da247a:c1187, 8693c47f-40a3-4a1c-b7ba-6ed996b9183c:c1187]
2019-07-08 22:29:37,544 INFO  client.GrpcClientProtocolClient (GrpcClientProtocolClient.java:onNext(255)) - client-7538DDC4E776->1b229672-9fc1-42d6-9200-214eb0163fc5: receive RaftClientReply:client-7538DDC4E776->1b229672-9fc1-42d6-9200-214eb0163fc5@group-440AB812C07F, cid=902, SUCCESS, logIndex=1194, commits[1b229672-9fc1-42d6-9200-214eb0163fc5:c1195, 4cc0758a-96f5-4ab9-816d-81d822da247a:c1193, 8693c47f-40a3-4a1c-b7ba-6ed996b9183c:c1193]
2019-07-08 22:29:37,544 INFO  client.GrpcClientProtocolClient (GrpcClientProtocolClient.java:onNext(255)) - client-7538DDC4E776->1b229672-9fc1-42d6-9200-214eb0163fc5: receive RaftClientReply:client-7538DDC4E776->1b229672-9fc1-42d6-9200-214eb0163fc5@group-440AB812C07F, cid=903, SUCCESS, logIndex=1195, commits[1b229672-9fc1-42d6-9200-214eb0163fc5:c1195, 4cc0758a-96f5-4ab9-816d-81d822da247a:c1193, 8693c47f-40a3-4a1c-b7ba-6ed996b9183c:c1193]
2019-07-08 22:29:37,559 INFO  client.GrpcClientProtocolClient (GrpcClientProtocolClient.java:onNext(255)) - client-7538DDC4E776->1b229672-9fc1-42d6-9200-214eb0163fc5: receive RaftClientReply:client-7538DDC4E776->1b229672-9fc1-42d6-9200-214eb0163fc5@group-440AB812C07F, cid=904, SUCCESS, logIndex=0, commits[1b229672-9fc1-42d6-9200-214eb0163fc5:c1197, 4cc0758a-96f5-4ab9-816d-81d822da247a:c1195, 8693c47f-40a3-4a1c-b7ba-6ed996b9183c:c1195]
2019-07-08 22:29:37,581 INFO  client.GrpcClientProtocolClient (GrpcClientProtocolClient.java:onNext(255)) - client-7538DDC4E776->1b229672-9fc1-42d6-9200-214eb0163fc5: receive RaftClientReply:client-7538DDC4E776->1b229672-9fc1-42d6-9200-214eb0163fc5@group-440AB812C07F, cid=905, SUCCESS, logIndex=1198, commits[1b229672-9fc1-42d6-9200-214eb0163fc5:c1199, 4cc0758a-96f5-4ab9-816d-81d822da247a:c1197, 8693c47f-40a3-4a1c-b7ba-6ed996b9183c:c1197]
2019-07-08 22:29:37,582 INFO  client.GrpcClientProtocolClient (GrpcClientProtocolClient.java:onNext(255)) - client-7538DDC4E776->1b229672-9fc1-42d6-9200-214eb0163fc5: receive RaftClientReply:client-7538DDC4E776->1b229672-9fc1-42d6-9200-214eb0163fc5@group-440AB812C07F, cid=906, SUCCESS, logIndex=1199, commits[1b229672-9fc1-42d6-9200-214eb0163fc5:c1201, 4cc0758a-96f5-4ab9-816d-81d822da247a:c1197, 8693c47f-40a3-4a1c-b7ba-6ed996b9183c:c1197]
2019-07-08 22:29:37,582 INFO  client.GrpcClientProtocolClient (GrpcClientProtocolClient.java:onNext(255)) - client-7538DDC4E776->1b229672-9fc1-42d6-9200-214eb0163fc5: receive RaftClientReply:client-7538DDC4E776->1b229672-9fc1-42d6-9200-214eb0163fc5@group-440AB812C07F, cid=907, SUCCESS, logIndex=1200, commits[1b229672-9fc1-42d6-9200-214eb0163fc5:c1201, 4cc0758a-96f5-4ab9-816d-81d822da247a:c1197, 8693c47f-40a3-4a1c-b7ba-6ed996b9183c:c1197]
2019-07-08 22:29:37,582 INFO  client.GrpcClientProtocolClient (GrpcClientProtocolClient.java:onNext(255)) - client-7538DDC4E776->1b229672-9fc1-42d6-9200-214eb0163fc5: receive RaftClientReply:client-7538DDC4E776->1b229672-9fc1-42d6-9200-214eb0163fc5@group-440AB812C07F, cid=908, SUCCESS, logIndex=1201, commits[1b229672-9fc1-42d6-9200-214eb0163fc5:c1201, 4cc0758a-96f5-4ab9-816d-81d822da247a:c1197, 8693c47f-40a3-4a1c-b7ba-6ed996b9183c:c1197]
2019-07-08 22:29:37,594 INFO  client.GrpcClientProtocolClient (GrpcClientProtocolClient.java:onNext(255)) - client-7538DDC4E776->1b229672-9fc1-42d6-9200-214eb0163fc5: receive RaftClientReply:client-7538DDC4E776->1b229672-9fc1-42d6-9200-214eb0163fc5@group-440AB812C07F, cid=909, SUCCESS, logIndex=0, commits[1b229672-9fc1-42d6-9200-214eb0163fc5:c1203, 4cc0758a-96f5-4ab9-816d-81d822da247a:c1199, 8693c47f-40a3-4a1c-b7ba-6ed996b9183c:c1199]
2019-07-08 22:29:37,605 INFO  client.GrpcClientProtocolClient (GrpcClientProtocolClient.java:onNext(255)) - client-7538DDC4E776->1b229672-9fc1-42d6-9200-214eb0163fc5: receive RaftClientReply:client-7538DDC4E776->1b229672-9fc1-42d6-9200-214eb0163fc5@group-440AB812C07F, cid=910, SUCCESS, logIndex=1205, commits[1b229672-9fc1-42d6-9200-214eb0163fc5:c1206, 4cc0758a-96f5-4ab9-816d-81d822da247a:c1204, 8693c47f-40a3-4a1c-b7ba-6ed996b9183c:c1201]
2019-07-08 22:29:37,605 INFO  client.GrpcClientProtocolClient (GrpcClientProtocolClient.java:onNext(255)) - client-7538DDC4E776->1b229672-9fc1-42d6-9200-214eb0163fc5: receive RaftClientReply:client-7538DDC4E776->1b229672-9fc1-42d6-9200-214eb0163fc5@group-440AB812C07F, cid=911, SUCCESS, logIndex=1206, commits[1b229672-9fc1-42d6-9200-214eb0163fc5:c1206, 4cc0758a-96f5-4ab9-816d-81d822da247a:c1204, 8693c47f-40a3-4a1c-b7ba-6ed996b9183c:c1204]
2019-07-08 22:29:37,616 INFO  client.GrpcClientProtocolClient (GrpcClientProtocolClient.java:onNext(255)) - client-7538DDC4E776->1b229672-9fc1-42d6-9200-214eb0163fc5: receive RaftClientReply:client-7538DDC4E776->1b229672-9fc1-42d6-9200-214eb0163fc5@group-440AB812C07F, cid=912, SUCCESS, logIndex=1209, commits[1b229672-9fc1-42d6-9200-214eb0163fc5:c1210, 4cc0758a-96f5-4ab9-816d-81d822da247a:c1208, 8693c47f-40a3-4a1c-b7ba-6ed996b9183c:c1206]
2019-07-08 22:29:37,617 INFO  client.GrpcClientProtocolClient (GrpcClientProtocolClient.java:onNext(255)) - client-7538DDC4E776->1b229672-9fc1-42d6-9200-214eb0163fc5: receive RaftClientReply:client-7538DDC4E776->1b229672-9fc1-42d6-9200-214eb0163fc5@group-440AB812C07F, cid=913, SUCCESS, logIndex=1210, commits[1b229672-9fc1-42d6-9200-214eb0163fc5:c1210, 4cc0758a-96f5-4ab9-816d-81d822da247a:c1208, 8693c47f-40a3-4a1c-b7ba-6ed996b9183c:c1208]
2019-07-08 22:29:37,619 INFO  client.GrpcClientProtocolClient (GrpcClientProtocolClient.java:onNext(255)) - client-7538DDC4E776->1b229672-9fc1-42d6-9200-214eb0163fc5: receive RaftClientReply:client-7538DDC4E776->1b229672-9fc1-42d6-9200-214eb0163fc5@group-440AB812C07F, cid=914, SUCCESS, logIndex=0, commits[1b229672-9fc1-42d6-9200-214eb0163fc5:c1211, 4cc0758a-96f5-4ab9-816d-81d822da247a:c1210, 8693c47f-40a3-4a1c-b7ba-6ed996b9183c:c1210]
2019-07-08 22:29:37,632 INFO  client.GrpcClientProtocolClient (GrpcClientProtocolClient.java:onNext(255)) - client-7538DDC4E776->1b229672-9fc1-42d6-9200-214eb0163fc5: receive RaftClientReply:client-7538DDC4E776->1b229672-9fc1-42d6-9200-214eb0163fc5@group-440AB812C07F, cid=915, SUCCESS, logIndex=1213, commits[1b229672-9fc1-42d6-9200-214eb0163fc5:c1214, 4cc0758a-96f5-4ab9-816d-81d822da247a:c1212, 8693c47f-40a3-4a1c-b7ba-6ed996b9183c:c1212]
2019-07-08 22:29:37,633 INFO  client.GrpcClientProtocolClient (GrpcClientProtocolClient.java:onNext(255)) - client-7538DDC4E776->1b229672-9fc1-42d6-9200-214eb0163fc5: receive RaftClientReply:client-7538DDC4E776->1b229672-9fc1-42d6-9200-214eb0163fc5@group-440AB812C07F, cid=916, SUCCESS, logIndex=1214, commits[1b229672-9fc1-42d6-9200-214eb0163fc5:c1214, 4cc0758a-96f5-4ab9-816d-81d822da247a:c1212, 8693c47f-40a3-4a1c-b7ba-6ed996b9183c:c1212]
2019-07-08 22:29:37,635 INFO  client.GrpcClientProtocolClient (GrpcClientProtocolClient.java:onNext(255)) - client-7538DDC4E776->1b229672-9fc1-42d6-9200-214eb0163fc5: receive RaftClientReply:client-7538DDC4E776->1b229672-9fc1-42d6-9200-214eb0163fc5@group-440AB812C07F, cid=917, SUCCESS, logIndex=1215, commits[1b229672-9fc1-42d6-9200-214eb0163fc5:c1216, 4cc0758a-96f5-4ab9-816d-81d822da247a:c1212, 8693c47f-40a3-4a1c-b7ba-6ed996b9183c:c1212]
2019-07-08 22:29:37,635 INFO  client.GrpcClientProtocolClient (GrpcClientProtocolClient.java:onNext(255)) - client-7538DDC4E776->1b229672-9fc1-42d6-9200-214eb0163fc5: receive RaftClientReply:client-7538DDC4E776->1b229672-9fc1-42d6-9200-214eb0163fc5@group-440AB812C07F, cid=918, SUCCESS, logIndex=1216, commits[1b229672-9fc1-42d6-9200-214eb0163fc5:c1218, 4cc0758a-96f5-4ab9-816d-81d822da247a:c1214, 8693c47f-40a3-4a1c-b7ba-6ed996b9183c:c1214]
2019-07-08 22:29:37,647 INFO  client.GrpcClientProtocolClient (GrpcClientProtocolClient.java:onNext(255)) - client-7538DDC4E776->1b229672-9fc1-42d6-9200-214eb0163fc5: receive RaftClientReply:client-7538DDC4E776->1b229672-9fc1-42d6-9200-214eb0163fc5@group-440AB812C07F, cid=919, SUCCESS, logIndex=1221, commits[1b229672-9fc1-42d6-9200-214eb0163fc5:c1222, 4cc0758a-96f5-4ab9-816d-81d822da247a:c1220, 8693c47f-40a3-4a1c-b7ba-6ed996b9183c:c1216]
2019-07-08 22:29:37,648 INFO  client.GrpcClientProtocolClient (GrpcClientProtocolClient.java:onNext(255)) - client-7538DDC4E776->1b229672-9fc1-42d6-9200-214eb0163fc5: receive RaftClientReply:client-7538DDC4E776->1b229672-9fc1-42d6-9200-214eb0163fc5@group-440AB812C07F, cid=920, SUCCESS, logIndex=1222, commits[1b229672-9fc1-42d6-9200-214eb0163fc5:c1222, 4cc0758a-96f5-4ab9-816d-81d822da247a:c1220, 8693c47f-40a3-4a1c-b7ba-6ed996b9183c:c1220]
2019-07-08 22:29:37,773 INFO  client.GrpcClientProtocolClient (GrpcClientProtocolClient.java:onNext(255)) - client-7538DDC4E776->1b229672-9fc1-42d6-9200-214eb0163fc5: receive RaftClientReply:client-7538DDC4E776->1b229672-9fc1-42d6-9200-214eb0163fc5@group-440AB812C07F, cid=921, SUCCESS, logIndex=1225, commits[1b229672-9fc1-42d6-9200-214eb0163fc5:c1226, 4cc0758a-96f5-4ab9-816d-81d822da247a:c1224, 8693c47f-40a3-4a1c-b7ba-6ed996b9183c:c1224]
2019-07-08 22:29:37,773 INFO  client.GrpcClientProtocolClient (GrpcClientProtocolClient.java:onNext(255)) - client-7538DDC4E776->1b229672-9fc1-42d6-9200-214eb0163fc5: receive RaftClientReply:client-7538DDC4E776->1b229672-9fc1-42d6-9200-214eb0163fc5@group-440AB812C07F, cid=922, SUCCESS, logIndex=1226, commits[1b229672-9fc1-42d6-9200-214eb0163fc5:c1226, 4cc0758a-96f5-4ab9-816d-81d822da247a:c1224, 8693c47f-40a3-4a1c-b7ba-6ed996b9183c:c1224]
2019-07-08 22:29:37,784 INFO  client.GrpcClientProtocolClient (GrpcClientProtocolClient.java:onNext(255)) - client-7538DDC4E776->1b229672-9fc1-42d6-9200-214eb0163fc5: receive RaftClientReply:client-7538DDC4E776->1b229672-9fc1-42d6-9200-214eb0163fc5@group-440AB812C07F, cid=923, SUCCESS, logIndex=0, commits[1b229672-9fc1-42d6-9200-214eb0163fc5:c1227, 4cc0758a-96f5-4ab9-816d-81d822da247a:c1226, 8693c47f-40a3-4a1c-b7ba-6ed996b9183c:c1226]
 0.00% |█                                                                                                    |  0/1 Time: 0:00:042019-07-08 22:29:37,806 INFO  client.GrpcClientProtocolClient (GrpcClientProtocolClient.java:onNext(255)) - client-7538DDC4E776->1b229672-9fc1-42d6-9200-214eb0163fc5: receive RaftClientReply:client-7538DDC4E776->1b229672-9fc1-42d6-9200-214eb0163fc5@group-440AB812C07F, cid=924, SUCCESS, logIndex=1229, commits[1b229672-9fc1-42d6-9200-214eb0163fc5:c1230, 4cc0758a-96f5-4ab9-816d-81d822da247a:c1228, 8693c47f-40a3-4a1c-b7ba-6ed996b9183c:c1228]
2019-07-08 22:29:37,807 INFO  client.GrpcClientProtocolClient (GrpcClientProtocolClient.java:onNext(255)) - client-7538DDC4E776->1b229672-9fc1-42d6-9200-214eb0163fc5: receive RaftClientReply:client-7538DDC4E776->1b229672-9fc1-42d6-9200-214eb0163fc5@group-440AB812C07F, cid=925, SUCCESS, logIndex=1230, commits[1b229672-9fc1-42d6-9200-214eb0163fc5:c1231, 4cc0758a-96f5-4ab9-816d-81d822da247a:c1228, 8693c47f-40a3-4a1c-b7ba-6ed996b9183c:c1228]
2019-07-08 22:29:37,807 INFO  client.GrpcClientProtocolClient (GrpcClientProtocolClient.java:onNext(255)) - client-7538DDC4E776->1b229672-9fc1-42d6-9200-214eb0163fc5: receive RaftClientReply:client-7538DDC4E776->1b229672-9fc1-42d6-9200-214eb0163fc5@group-440AB812C07F, cid=926, SUCCESS, logIndex=1231, commits[1b229672-9fc1-42d6-9200-214eb0163fc5:c1232, 4cc0758a-96f5-4ab9-816d-81d822da247a:c1228, 8693c47f-40a3-4a1c-b7ba-6ed996b9183c:c1228]
2019-07-08 22:29:37,808 INFO  client.GrpcClientProtocolClient (GrpcClientProtocolClient.java:onNext(255)) - client-7538DDC4E776->1b229672-9fc1-42d6-9200-214eb0163fc5: receive RaftClientReply:client-7538DDC4E776->1b229672-9fc1-42d6-9200-214eb0163fc5@group-440AB812C07F, cid=927, SUCCESS, logIndex=1232, commits[1b229672-9fc1-42d6-9200-214eb0163fc5:c1232, 4cc0758a-96f5-4ab9-816d-81d822da247a:c1228, 8693c47f-40a3-4a1c-b7ba-6ed996b9183c:c1228]
2019-07-08 22:29:37,809 INFO  client.GrpcClientProtocolClient (GrpcClientProtocolClient.java:onNext(255)) - client-7538DDC4E776->1b229672-9fc1-42d6-9200-214eb0163fc5: receive RaftClientReply:client-7538DDC4E776->1b229672-9fc1-42d6-9200-214eb0163fc5@group-440AB812C07F, cid=928, SUCCESS, logIndex=0, commits[1b229672-9fc1-42d6-9200-214eb0163fc5:c1236, 4cc0758a-96f5-4ab9-816d-81d822da247a:c1232, 8693c47f-40a3-4a1c-b7ba-6ed996b9183c:c1231]
2019-07-08 22:29:37,831 INFO  client.GrpcClientProtocolClient (GrpcClientProtocolClient.java:onNext(255)) - client-7538DDC4E776->1b229672-9fc1-42d6-9200-214eb0163fc5: receive RaftClientReply:client-7538DDC4E776->1b229672-9fc1-42d6-9200-214eb0163fc5@group-440AB812C07F, cid=929, SUCCESS, logIndex=1237, commits[1b229672-9fc1-42d6-9200-214eb0163fc5:c1238, 4cc0758a-96f5-4ab9-816d-81d822da247a:c1236, 8693c47f-40a3-4a1c-b7ba-6ed996b9183c:c1236]
2019-07-08 22:29:37,831 INFO  client.GrpcClientProtocolClient (GrpcClientProtocolClient.java:onNext(255)) - client-7538DDC4E776->1b229672-9fc1-42d6-9200-214eb0163fc5: receive RaftClientReply:client-7538DDC4E776->1b229672-9fc1-42d6-9200-214eb0163fc5@group-440AB812C07F, cid=930, SUCCESS, logIndex=1238, commits[1b229672-9fc1-42d6-9200-214eb0163fc5:c1238, 4cc0758a-96f5-4ab9-816d-81d822da247a:c1236, 8693c47f-40a3-4a1c-b7ba-6ed996b9183c:c1236]
2019-07-08 22:29:37,848 INFO  client.GrpcClientProtocolClient (GrpcClientProtocolClient.java:onNext(255)) - client-7538DDC4E776->1b229672-9fc1-42d6-9200-214eb0163fc5: receive RaftClientReply:client-7538DDC4E776->1b229672-9fc1-42d6-9200-214eb0163fc5@group-440AB812C07F, cid=931, SUCCESS, logIndex=1241, commits[1b229672-9fc1-42d6-9200-214eb0163fc5:c1242, 4cc0758a-96f5-4ab9-816d-81d822da247a:c1238, 8693c47f-40a3-4a1c-b7ba-6ed996b9183c:c1238]
2019-07-08 22:29:37,849 INFO  client.GrpcClientProtocolClient (GrpcClientProtocolClient.java:onNext(255)) - client-7538DDC4E776->1b229672-9fc1-42d6-9200-214eb0163fc5: receive RaftClientReply:client-7538DDC4E776->1b229672-9fc1-42d6-9200-214eb0163fc5@group-440AB812C07F, cid=932, SUCCESS, logIndex=1242, commits[1b229672-9fc1-42d6-9200-214eb0163fc5:c1242, 4cc0758a-96f5-4ab9-816d-81d822da247a:c1238, 8693c47f-40a3-4a1c-b7ba-6ed996b9183c:c1238]
2019-07-08 22:29:37,862 INFO  client.GrpcClientProtocolClient (GrpcClientProtocolClient.java:onNext(255)) - client-7538DDC4E776->1b229672-9fc1-42d6-9200-214eb0163fc5: receive RaftClientReply:client-7538DDC4E776->1b229672-9fc1-42d6-9200-214eb0163fc5@group-440AB812C07F, cid=933, SUCCESS, logIndex=0, commits[1b229672-9fc1-42d6-9200-214eb0163fc5:c1244, 4cc0758a-96f5-4ab9-816d-81d822da247a:c1242, 8693c47f-40a3-4a1c-b7ba-6ed996b9183c:c1242]
2019-07-08 22:29:37,883 INFO  client.GrpcClientProtocolClient (GrpcClientProtocolClient.java:onNext(255)) - client-7538DDC4E776->1b229672-9fc1-42d6-9200-214eb0163fc5: receive RaftClientReply:client-7538DDC4E776->1b229672-9fc1-42d6-9200-214eb0163fc5@group-440AB812C07F, cid=934, SUCCESS, logIndex=1245, commits[1b229672-9fc1-42d6-9200-214eb0163fc5:c1246, 4cc0758a-96f5-4ab9-816d-81d822da247a:c1244, 8693c47f-40a3-4a1c-b7ba-6ed996b9183c:c1244]
2019-07-08 22:29:37,883 INFO  client.GrpcClientProtocolClient (GrpcClientProtocolClient.java:onNext(255)) - client-7538DDC4E776->1b229672-9fc1-42d6-9200-214eb0163fc5: receive RaftClientReply:client-7538DDC4E776->1b229672-9fc1-42d6-9200-214eb0163fc5@group-440AB812C07F, cid=935, SUCCESS, logIndex=1246, commits[1b229672-9fc1-42d6-9200-214eb0163fc5:c1246, 4cc0758a-96f5-4ab9-816d-81d822da247a:c1244, 8693c47f-40a3-4a1c-b7ba-6ed996b9183c:c1244]
2019-07-08 22:29:37,884 INFO  client.GrpcClientProtocolClient (GrpcClientProtocolClient.java:onNext(255)) - client-7538DDC4E776->1b229672-9fc1-42d6-9200-214eb0163fc5: receive RaftClientReply:client-7538DDC4E776->1b229672-9fc1-42d6-9200-214eb0163fc5@group-440AB812C07F, cid=936, SUCCESS, logIndex=1247, commits[1b229672-9fc1-42d6-9200-214eb0163fc5:c1247, 4cc0758a-96f5-4ab9-816d-81d822da247a:c1244, 8693c47f-40a3-4a1c-b7ba-6ed996b9183c:c1244]
2019-07-08 22:29:37,884 INFO  client.GrpcClientProtocolClient (GrpcClientProtocolClient.java:onNext(255)) - client-7538DDC4E776->1b229672-9fc1-42d6-9200-214eb0163fc5: receive RaftClientReply:client-7538DDC4E776->1b229672-9fc1-42d6-9200-214eb0163fc5@group-440AB812C07F, cid=937, SUCCESS, logIndex=1248, commits[1b229672-9fc1-42d6-9200-214eb0163fc5:c1248, 4cc0758a-96f5-4ab9-816d-81d822da247a:c1244, 8693c47f-40a3-4a1c-b7ba-6ed996b9183c:c1244]
2019-07-08 22:29:37,886 INFO  client.GrpcClientProtocolClient (GrpcClientProtocolClient.java:onNext(255)) - client-7538DDC4E776->1b229672-9fc1-42d6-9200-214eb0163fc5: receive RaftClientReply:client-7538DDC4E776->1b229672-9fc1-42d6-9200-214eb0163fc5@group-440AB812C07F, cid=938, SUCCESS, logIndex=0, commits[1b229672-9fc1-42d6-9200-214eb0163fc5:c1250, 4cc0758a-96f5-4ab9-816d-81d822da247a:c1246, 8693c47f-40a3-4a1c-b7ba-6ed996b9183c:c1246]
2019-07-08 22:29:37,906 INFO  client.GrpcClientProtocolClient (GrpcClientProtocolClient.java:onNext(255)) - client-7538DDC4E776->1b229672-9fc1-42d6-9200-214eb0163fc5: receive RaftClientReply:client-7538DDC4E776->1b229672-9fc1-42d6-9200-214eb0163fc5@group-440AB812C07F, cid=939, SUCCESS, logIndex=1253, commits[1b229672-9fc1-42d6-9200-214eb0163fc5:c1254, 4cc0758a-96f5-4ab9-816d-81d822da247a:c1252, 8693c47f-40a3-4a1c-b7ba-6ed996b9183c:c1252]
2019-07-08 22:29:37,906 INFO  client.GrpcClientProtocolClient (GrpcClientProtocolClient.java:onNext(255)) - client-7538DDC4E776->1b229672-9fc1-42d6-9200-214eb0163fc5: receive RaftClientReply:client-7538DDC4E776->1b229672-9fc1-42d6-9200-214eb0163fc5@group-440AB812C07F, cid=940, SUCCESS, logIndex=1254, commits[1b229672-9fc1-42d6-9200-214eb0163fc5:c1254, 4cc0758a-96f5-4ab9-816d-81d822da247a:c1252, 8693c47f-40a3-4a1c-b7ba-6ed996b9183c:c1252]
2019-07-08 22:29:37,930 INFO  client.GrpcClientProtocolClient (GrpcClientProtocolClient.java:onNext(255)) - client-7538DDC4E776->1b229672-9fc1-42d6-9200-214eb0163fc5: receive RaftClientReply:client-7538DDC4E776->1b229672-9fc1-42d6-9200-214eb0163fc5@group-440AB812C07F, cid=941, SUCCESS, logIndex=1257, commits[1b229672-9fc1-42d6-9200-214eb0163fc5:c1258, 4cc0758a-96f5-4ab9-816d-81d822da247a:c1254, 8693c47f-40a3-4a1c-b7ba-6ed996b9183c:c1254]
2019-07-08 22:29:37,931 INFO  client.GrpcClientProtocolClient (GrpcClientProtocolClient.java:onNext(255)) - client-7538DDC4E776->1b229672-9fc1-42d6-9200-214eb0163fc5: receive RaftClientReply:client-7538DDC4E776->1b229672-9fc1-42d6-9200-214eb0163fc5@group-440AB812C07F, cid=942, SUCCESS, logIndex=1258, commits[1b229672-9fc1-42d6-9200-214eb0163fc5:c1258, 4cc0758a-96f5-4ab9-816d-81d822da247a:c1254, 8693c47f-40a3-4a1c-b7ba-6ed996b9183c:c1254]
2019-07-08 22:29:37,945 INFO  client.GrpcClientProtocolClient (GrpcClientProtocolClient.java:onNext(255)) - client-7538DDC4E776->1b229672-9fc1-42d6-9200-214eb0163fc5: receive RaftClientReply:client-7538DDC4E776->1b229672-9fc1-42d6-9200-214eb0163fc5@group-440AB812C07F, cid=943, SUCCESS, logIndex=0, commits[1b229672-9fc1-42d6-9200-214eb0163fc5:c1259, 4cc0758a-96f5-4ab9-816d-81d822da247a:c1258, 8693c47f-40a3-4a1c-b7ba-6ed996b9183c:c1258]
2019-07-08 22:29:37,964 INFO  client.GrpcClientProtocolClient (GrpcClientProtocolClient.java:onNext(255)) - client-7538DDC4E776->1b229672-9fc1-42d6-9200-214eb0163fc5: receive RaftClientReply:client-7538DDC4E776->1b229672-9fc1-42d6-9200-214eb0163fc5@group-440AB812C07F, cid=944, SUCCESS, logIndex=1261, commits[1b229672-9fc1-42d6-9200-214eb0163fc5:c1264, 4cc0758a-96f5-4ab9-816d-81d822da247a:c1260, 8693c47f-40a3-4a1c-b7ba-6ed996b9183c:c1260]
2019-07-08 22:29:37,965 INFO  client.GrpcClientProtocolClient (GrpcClientProtocolClient.java:onNext(255)) - client-7538DDC4E776->1b229672-9fc1-42d6-9200-214eb0163fc5: receive RaftClientReply:client-7538DDC4E776->1b229672-9fc1-42d6-9200-214eb0163fc5@group-440AB812C07F, cid=945, SUCCESS, logIndex=1262, commits[1b229672-9fc1-42d6-9200-214eb0163fc5:c1264, 4cc0758a-96f5-4ab9-816d-81d822da247a:c1260, 8693c47f-40a3-4a1c-b7ba-6ed996b9183c:c1260]
2019-07-08 22:29:37,965 INFO  client.GrpcClientProtocolClient (GrpcClientProtocolClient.java:onNext(255)) - client-7538DDC4E776->1b229672-9fc1-42d6-9200-214eb0163fc5: receive RaftClientReply:client-7538DDC4E776->1b229672-9fc1-42d6-9200-214eb0163fc5@group-440AB812C07F, cid=946, SUCCESS, logIndex=1263, commits[1b229672-9fc1-42d6-9200-214eb0163fc5:c1264, 4cc0758a-96f5-4ab9-816d-81d822da247a:c1260, 8693c47f-40a3-4a1c-b7ba-6ed996b9183c:c1260]
2019-07-08 22:29:37,965 INFO  client.GrpcClientProtocolClient (GrpcClientProtocolClient.java:onNext(255)) - client-7538DDC4E776->1b229672-9fc1-42d6-9200-214eb0163fc5: receive RaftClientReply:client-7538DDC4E776->1b229672-9fc1-42d6-9200-214eb0163fc5@group-440AB812C07F, cid=947, SUCCESS, logIndex=1264, commits[1b229672-9fc1-42d6-9200-214eb0163fc5:c1264, 4cc0758a-96f5-4ab9-816d-81d822da247a:c1260, 8693c47f-40a3-4a1c-b7ba-6ed996b9183c:c1260]
2019-07-08 22:29:37,967 INFO  client.GrpcClientProtocolClient (GrpcClientProtocolClient.java:onNext(255)) - client-7538DDC4E776->1b229672-9fc1-42d6-9200-214eb0163fc5: receive RaftClientReply:client-7538DDC4E776->1b229672-9fc1-42d6-9200-214eb0163fc5@group-440AB812C07F, cid=948, SUCCESS, logIndex=0, commits[1b229672-9fc1-42d6-9200-214eb0163fc5:c1267, 4cc0758a-96f5-4ab9-816d-81d822da247a:c1262, 8693c47f-40a3-4a1c-b7ba-6ed996b9183c:c1264]
2019-07-08 22:29:37,986 INFO  client.GrpcClientProtocolClient (GrpcClientProtocolClient.java:onNext(255)) - client-7538DDC4E776->1b229672-9fc1-42d6-9200-214eb0163fc5: receive RaftClientReply:client-7538DDC4E776->1b229672-9fc1-42d6-9200-214eb0163fc5@group-440AB812C07F, cid=949, SUCCESS, logIndex=1269, commits[1b229672-9fc1-42d6-9200-214eb0163fc5:c1270, 4cc0758a-96f5-4ab9-816d-81d822da247a:c1268, 8693c47f-40a3-4a1c-b7ba-6ed996b9183c:c1268]
2019-07-08 22:29:37,987 INFO  client.GrpcClientProtocolClient (GrpcClientProtocolClient.java:onNext(255)) - client-7538DDC4E776->1b229672-9fc1-42d6-9200-214eb0163fc5: receive RaftClientReply:client-7538DDC4E776->1b229672-9fc1-42d6-9200-214eb0163fc5@group-440AB812C07F, cid=950, SUCCESS, logIndex=1270, commits[1b229672-9fc1-42d6-9200-214eb0163fc5:c1270, 4cc0758a-96f5-4ab9-816d-81d822da247a:c1268, 8693c47f-40a3-4a1c-b7ba-6ed996b9183c:c1268]
2019-07-08 22:29:38,001 INFO  client.GrpcClientProtocolClient (GrpcClientProtocolClient.java:onNext(255)) - client-7538DDC4E776->1b229672-9fc1-42d6-9200-214eb0163fc5: receive RaftClientReply:client-7538DDC4E776->1b229672-9fc1-42d6-9200-214eb0163fc5@group-440AB812C07F, cid=951, SUCCESS, logIndex=1273, commits[1b229672-9fc1-42d6-9200-214eb0163fc5:c1274, 4cc0758a-96f5-4ab9-816d-81d822da247a:c1270, 8693c47f-40a3-4a1c-b7ba-6ed996b9183c:c1270]
2019-07-08 22:29:38,002 INFO  client.GrpcClientProtocolClient (GrpcClientProtocolClient.java:onNext(255)) - client-7538DDC4E776->1b229672-9fc1-42d6-9200-214eb0163fc5: receive RaftClientReply:client-7538DDC4E776->1b229672-9fc1-42d6-9200-214eb0163fc5@group-440AB812C07F, cid=952, SUCCESS, logIndex=1274, commits[1b229672-9fc1-42d6-9200-214eb0163fc5:c1274, 4cc0758a-96f5-4ab9-816d-81d822da247a:c1270, 8693c47f-40a3-4a1c-b7ba-6ed996b9183c:c1270]
2019-07-08 22:29:38,014 INFO  client.GrpcClientProtocolClient (GrpcClientProtocolClient.java:onNext(255)) - client-7538DDC4E776->1b229672-9fc1-42d6-9200-214eb0163fc5: receive RaftClientReply:client-7538DDC4E776->1b229672-9fc1-42d6-9200-214eb0163fc5@group-440AB812C07F, cid=953, SUCCESS, logIndex=0, commits[1b229672-9fc1-42d6-9200-214eb0163fc5:c1276, 4cc0758a-96f5-4ab9-816d-81d822da247a:c1274, 8693c47f-40a3-4a1c-b7ba-6ed996b9183c:c1274]
2019-07-08 22:29:38,034 INFO  client.GrpcClientProtocolClient (GrpcClientProtocolClient.java:onNext(255)) - client-7538DDC4E776->1b229672-9fc1-42d6-9200-214eb0163fc5: receive RaftClientReply:client-7538DDC4E776->1b229672-9fc1-42d6-9200-214eb0163fc5@group-440AB812C07F, cid=954, SUCCESS, logIndex=1277, commits[1b229672-9fc1-42d6-9200-214eb0163fc5:c1278, 4cc0758a-96f5-4ab9-816d-81d822da247a:c1276, 8693c47f-40a3-4a1c-b7ba-6ed996b9183c:c1276]
2019-07-08 22:29:38,035 INFO  client.GrpcClientProtocolClient (GrpcClientProtocolClient.java:onNext(255)) - client-7538DDC4E776->1b229672-9fc1-42d6-9200-214eb0163fc5: receive RaftClientReply:client-7538DDC4E776->1b229672-9fc1-42d6-9200-214eb0163fc5@group-440AB812C07F, cid=955, SUCCESS, logIndex=1278, commits[1b229672-9fc1-42d6-9200-214eb0163fc5:c1279, 4cc0758a-96f5-4ab9-816d-81d822da247a:c1276, 8693c47f-40a3-4a1c-b7ba-6ed996b9183c:c1276]
2019-07-08 22:29:38,035 INFO  client.GrpcClientProtocolClient (GrpcClientProtocolClient.java:onNext(255)) - client-7538DDC4E776->1b229672-9fc1-42d6-9200-214eb0163fc5: receive RaftClientReply:client-7538DDC4E776->1b229672-9fc1-42d6-9200-214eb0163fc5@group-440AB812C07F, cid=956, SUCCESS, logIndex=1279, commits[1b229672-9fc1-42d6-9200-214eb0163fc5:c1280, 4cc0758a-96f5-4ab9-816d-81d822da247a:c1276, 8693c47f-40a3-4a1c-b7ba-6ed996b9183c:c1276]
2019-07-08 22:29:38,036 INFO  client.GrpcClientProtocolClient (GrpcClientProtocolClient.java:onNext(255)) - client-7538DDC4E776->1b229672-9fc1-42d6-9200-214eb0163fc5: receive RaftClientReply:client-7538DDC4E776->1b229672-9fc1-42d6-9200-214eb0163fc5@group-440AB812C07F, cid=957, SUCCESS, logIndex=1280, commits[1b229672-9fc1-42d6-9200-214eb0163fc5:c1280, 4cc0758a-96f5-4ab9-816d-81d822da247a:c1276, 8693c47f-40a3-4a1c-b7ba-6ed996b9183c:c1276]
2019-07-08 22:29:38,037 INFO  client.GrpcClientProtocolClient (GrpcClientProtocolClient.java:onNext(255)) - client-7538DDC4E776->1b229672-9fc1-42d6-9200-214eb0163fc5: receive RaftClientReply:client-7538DDC4E776->1b229672-9fc1-42d6-9200-214eb0163fc5@group-440AB812C07F, cid=958, SUCCESS, logIndex=0, commits[1b229672-9fc1-42d6-9200-214eb0163fc5:c1282, 4cc0758a-96f5-4ab9-816d-81d822da247a:c1278, 8693c47f-40a3-4a1c-b7ba-6ed996b9183c:c1278]
2019-07-08 22:29:38,049 INFO  client.GrpcClientProtocolClient (GrpcClientProtocolClient.java:onNext(255)) - client-7538DDC4E776->1b229672-9fc1-42d6-9200-214eb0163fc5: receive RaftClientReply:client-7538DDC4E776->1b229672-9fc1-42d6-9200-214eb0163fc5@group-440AB812C07F, cid=959, SUCCESS, logIndex=1285, commits[1b229672-9fc1-42d6-9200-214eb0163fc5:c1286, 4cc0758a-96f5-4ab9-816d-81d822da247a:c1282, 8693c47f-40a3-4a1c-b7ba-6ed996b9183c:c1280]
2019-07-08 22:29:38,049 INFO  client.GrpcClientProtocolClient (GrpcClientProtocolClient.java:onNext(255)) - client-7538DDC4E776->1b229672-9fc1-42d6-9200-214eb0163fc5: receive RaftClientReply:client-7538DDC4E776->1b229672-9fc1-42d6-9200-214eb0163fc5@group-440AB812C07F, cid=960, SUCCESS, logIndex=1286, commits[1b229672-9fc1-42d6-9200-214eb0163fc5:c1286, 4cc0758a-96f5-4ab9-816d-81d822da247a:c1282, 8693c47f-40a3-4a1c-b7ba-6ed996b9183c:c1282]
2019-07-08 22:29:38,068 INFO  client.GrpcClientProtocolClient (GrpcClientProtocolClient.java:onNext(255)) - client-7538DDC4E776->1b229672-9fc1-42d6-9200-214eb0163fc5: receive RaftClientReply:client-7538DDC4E776->1b229672-9fc1-42d6-9200-214eb0163fc5@group-440AB812C07F, cid=961, SUCCESS, logIndex=1289, commits[1b229672-9fc1-42d6-9200-214eb0163fc5:c1290, 4cc0758a-96f5-4ab9-816d-81d822da247a:c1288, 8693c47f-40a3-4a1c-b7ba-6ed996b9183c:c1288]
2019-07-08 22:29:38,068 INFO  client.GrpcClientProtocolClient (GrpcClientProtocolClient.java:onNext(255)) - client-7538DDC4E776->1b229672-9fc1-42d6-9200-214eb0163fc5: receive RaftClientReply:client-7538DDC4E776->1b229672-9fc1-42d6-9200-214eb0163fc5@group-440AB812C07F, cid=962, SUCCESS, logIndex=1290, commits[1b229672-9fc1-42d6-9200-214eb0163fc5:c1290, 4cc0758a-96f5-4ab9-816d-81d822da247a:c1288, 8693c47f-40a3-4a1c-b7ba-6ed996b9183c:c1288]
2019-07-08 22:29:38,080 INFO  client.GrpcClientProtocolClient (GrpcClientProtocolClient.java:onNext(255)) - client-7538DDC4E776->1b229672-9fc1-42d6-9200-214eb0163fc5: receive RaftClientReply:client-7538DDC4E776->1b229672-9fc1-42d6-9200-214eb0163fc5@group-440AB812C07F, cid=963, SUCCESS, logIndex=0, commits[1b229672-9fc1-42d6-9200-214eb0163fc5:c1291, 4cc0758a-96f5-4ab9-816d-81d822da247a:c1290, 8693c47f-40a3-4a1c-b7ba-6ed996b9183c:c1290]
2019-07-08 22:29:38,099 INFO  client.GrpcClientProtocolClient (GrpcClientProtocolClient.java:onNext(255)) - client-7538DDC4E776->1b229672-9fc1-42d6-9200-214eb0163fc5: receive RaftClientReply:client-7538DDC4E776->1b229672-9fc1-42d6-9200-214eb0163fc5@group-440AB812C07F, cid=964, SUCCESS, logIndex=1293, commits[1b229672-9fc1-42d6-9200-214eb0163fc5:c1294, 4cc0758a-96f5-4ab9-816d-81d822da247a:c1292, 8693c47f-40a3-4a1c-b7ba-6ed996b9183c:c1292]
2019-07-08 22:29:38,100 INFO  client.GrpcClientProtocolClient (GrpcClientProtocolClient.java:onNext(255)) - client-7538DDC4E776->1b229672-9fc1-42d6-9200-214eb0163fc5: receive RaftClientReply:client-7538DDC4E776->1b229672-9fc1-42d6-9200-214eb0163fc5@group-440AB812C07F, cid=965, SUCCESS, logIndex=1294, commits[1b229672-9fc1-42d6-9200-214eb0163fc5:c1296, 4cc0758a-96f5-4ab9-816d-81d822da247a:c1292, 8693c47f-40a3-4a1c-b7ba-6ed996b9183c:c1292]
2019-07-08 22:29:38,100 INFO  client.GrpcClientProtocolClient (GrpcClientProtocolClient.java:onNext(255)) - client-7538DDC4E776->1b229672-9fc1-42d6-9200-214eb0163fc5: receive RaftClientReply:client-7538DDC4E776->1b229672-9fc1-42d6-9200-214eb0163fc5@group-440AB812C07F, cid=966, SUCCESS, logIndex=1295, commits[1b229672-9fc1-42d6-9200-214eb0163fc5:c1296, 4cc0758a-96f5-4ab9-816d-81d822da247a:c1292, 8693c47f-40a3-4a1c-b7ba-6ed996b9183c:c1292]
2019-07-08 22:29:38,101 INFO  client.GrpcClientProtocolClient (GrpcClientProtocolClient.java:onNext(255)) - client-7538DDC4E776->1b229672-9fc1-42d6-9200-214eb0163fc5: receive RaftClientReply:client-7538DDC4E776->1b229672-9fc1-42d6-9200-214eb0163fc5@group-440AB812C07F, cid=967, SUCCESS, logIndex=1296, commits[1b229672-9fc1-42d6-9200-214eb0163fc5:c1296, 4cc0758a-96f5-4ab9-816d-81d822da247a:c1292, 8693c47f-40a3-4a1c-b7ba-6ed996b9183c:c1292]
2019-07-08 22:29:38,104 INFO  client.GrpcClientProtocolClient (GrpcClientProtocolClient.java:onNext(255)) - client-7538DDC4E776->1b229672-9fc1-42d6-9200-214eb0163fc5: receive RaftClientReply:client-7538DDC4E776->1b229672-9fc1-42d6-9200-214eb0163fc5@group-440AB812C07F, cid=968, SUCCESS, logIndex=0, commits[1b229672-9fc1-42d6-9200-214eb0163fc5:c1299, 4cc0758a-96f5-4ab9-816d-81d822da247a:c1294, 8693c47f-40a3-4a1c-b7ba-6ed996b9183c:c1296]
2019-07-08 22:29:38,125 INFO  client.GrpcClientProtocolClient (GrpcClientProtocolClient.java:onNext(255)) - client-7538DDC4E776->1b229672-9fc1-42d6-9200-214eb0163fc5: receive RaftClientReply:client-7538DDC4E776->1b229672-9fc1-42d6-9200-214eb0163fc5@group-440AB812C07F, cid=969, SUCCESS, logIndex=1300, commits[1b229672-9fc1-42d6-9200-214eb0163fc5:c1301, 4cc0758a-96f5-4ab9-816d-81d822da247a:c1299, 8693c47f-40a3-4a1c-b7ba-6ed996b9183c:c1299]
2019-07-08 22:29:38,125 INFO  client.GrpcClientProtocolClient (GrpcClientProtocolClient.java:onNext(255)) - client-7538DDC4E776->1b229672-9fc1-42d6-9200-214eb0163fc5: receive RaftClientReply:client-7538DDC4E776->1b229672-9fc1-42d6-9200-214eb0163fc5@group-440AB812C07F, cid=970, SUCCESS, logIndex=1301, commits[1b229672-9fc1-42d6-9200-214eb0163fc5:c1301, 4cc0758a-96f5-4ab9-816d-81d822da247a:c1299, 8693c47f-40a3-4a1c-b7ba-6ed996b9183c:c1299]
2019-07-08 22:29:38,138 INFO  client.GrpcClientProtocolClient (GrpcClientProtocolClient.java:onNext(255)) - client-7538DDC4E776->1b229672-9fc1-42d6-9200-214eb0163fc5: receive RaftClientReply:client-7538DDC4E776->1b229672-9fc1-42d6-9200-214eb0163fc5@group-440AB812C07F, cid=971, SUCCESS, logIndex=1304, commits[1b229672-9fc1-42d6-9200-214eb0163fc5:c1305, 4cc0758a-96f5-4ab9-816d-81d822da247a:c1300, 8693c47f-40a3-4a1c-b7ba-6ed996b9183c:c1301]
2019-07-08 22:29:38,139 INFO  client.GrpcClientProtocolClient (GrpcClientProtocolClient.java:onNext(255)) - client-7538DDC4E776->1b229672-9fc1-42d6-9200-214eb0163fc5: receive RaftClientReply:client-7538DDC4E776->1b229672-9fc1-42d6-9200-214eb0163fc5@group-440AB812C07F, cid=972, SUCCESS, logIndex=1305, commits[1b229672-9fc1-42d6-9200-214eb0163fc5:c1305, 4cc0758a-96f5-4ab9-816d-81d822da247a:c1301, 8693c47f-40a3-4a1c-b7ba-6ed996b9183c:c1301]
2019-07-08 22:29:38,141 INFO  client.GrpcClientProtocolClient (GrpcClientProtocolClient.java:onNext(255)) - client-7538DDC4E776->1b229672-9fc1-42d6-9200-214eb0163fc5: receive RaftClientReply:client-7538DDC4E776->1b229672-9fc1-42d6-9200-214eb0163fc5@group-440AB812C07F, cid=973, SUCCESS, logIndex=0, commits[1b229672-9fc1-42d6-9200-214eb0163fc5:c1307, 4cc0758a-96f5-4ab9-816d-81d822da247a:c1305, 8693c47f-40a3-4a1c-b7ba-6ed996b9183c:c1305]
2019-07-08 22:29:38,153 INFO  client.GrpcClientProtocolClient (GrpcClientProtocolClient.java:onNext(255)) - client-7538DDC4E776->1b229672-9fc1-42d6-9200-214eb0163fc5: receive RaftClientReply:client-7538DDC4E776->1b229672-9fc1-42d6-9200-214eb0163fc5@group-440AB812C07F, cid=974, SUCCESS, logIndex=1308, commits[1b229672-9fc1-42d6-9200-214eb0163fc5:c1309, 4cc0758a-96f5-4ab9-816d-81d822da247a:c1307, 8693c47f-40a3-4a1c-b7ba-6ed996b9183c:c1305]
2019-07-08 22:29:38,153 INFO  client.GrpcClientProtocolClient (GrpcClientProtocolClient.java:onNext(255)) - client-7538DDC4E776->1b229672-9fc1-42d6-9200-214eb0163fc5: receive RaftClientReply:client-7538DDC4E776->1b229672-9fc1-42d6-9200-214eb0163fc5@group-440AB812C07F, cid=975, SUCCESS, logIndex=1309, commits[1b229672-9fc1-42d6-9200-214eb0163fc5:c1309, 4cc0758a-96f5-4ab9-816d-81d822da247a:c1307, 8693c47f-40a3-4a1c-b7ba-6ed996b9183c:c1307]
2019-07-08 22:29:38,155 INFO  client.GrpcClientProtocolClient (GrpcClientProtocolClient.java:onNext(255)) - client-7538DDC4E776->1b229672-9fc1-42d6-9200-214eb0163fc5: receive RaftClientReply:client-7538DDC4E776->1b229672-9fc1-42d6-9200-214eb0163fc5@group-440AB812C07F, cid=976, SUCCESS, logIndex=1310, commits[1b229672-9fc1-42d6-9200-214eb0163fc5:c1310, 4cc0758a-96f5-4ab9-816d-81d822da247a:c1307, 8693c47f-40a3-4a1c-b7ba-6ed996b9183c:c1307]
2019-07-08 22:29:38,155 INFO  client.GrpcClientProtocolClient (GrpcClientProtocolClient.java:onNext(255)) - client-7538DDC4E776->1b229672-9fc1-42d6-9200-214eb0163fc5: receive RaftClientReply:client-7538DDC4E776->1b229672-9fc1-42d6-9200-214eb0163fc5@group-440AB812C07F, cid=977, SUCCESS, logIndex=1311, commits[1b229672-9fc1-42d6-9200-214eb0163fc5:c1313, 4cc0758a-96f5-4ab9-816d-81d822da247a:c1309, 8693c47f-40a3-4a1c-b7ba-6ed996b9183c:c1307]
2019-07-08 22:29:38,157 INFO  client.GrpcClientProtocolClient (GrpcClientProtocolClient.java:onNext(255)) - client-7538DDC4E776->1b229672-9fc1-42d6-9200-214eb0163fc5: receive RaftClientReply:client-7538DDC4E776->1b229672-9fc1-42d6-9200-214eb0163fc5@group-440AB812C07F, cid=978, SUCCESS, logIndex=0, commits[1b229672-9fc1-42d6-9200-214eb0163fc5:c1314, 4cc0758a-96f5-4ab9-816d-81d822da247a:c1310, 8693c47f-40a3-4a1c-b7ba-6ed996b9183c:c1309]
2019-07-08 22:29:38,184 INFO  client.GrpcClientProtocolClient (GrpcClientProtocolClient.java:onNext(255)) - client-7538DDC4E776->1b229672-9fc1-42d6-9200-214eb0163fc5: receive RaftClientReply:client-7538DDC4E776->1b229672-9fc1-42d6-9200-214eb0163fc5@group-440AB812C07F, cid=979, SUCCESS, logIndex=1315, commits[1b229672-9fc1-42d6-9200-214eb0163fc5:c1316, 4cc0758a-96f5-4ab9-816d-81d822da247a:c1314, 8693c47f-40a3-4a1c-b7ba-6ed996b9183c:c1314]
2019-07-08 22:29:38,184 INFO  client.GrpcClientProtocolClient (GrpcClientProtocolClient.java:onNext(255)) - client-7538DDC4E776->1b229672-9fc1-42d6-9200-214eb0163fc5: receive RaftClientReply:client-7538DDC4E776->1b229672-9fc1-42d6-9200-214eb0163fc5@group-440AB812C07F, cid=980, SUCCESS, logIndex=1316, commits[1b229672-9fc1-42d6-9200-214eb0163fc5:c1316, 4cc0758a-96f5-4ab9-816d-81d822da247a:c1314, 8693c47f-40a3-4a1c-b7ba-6ed996b9183c:c1314]
2019-07-08 22:29:38,197 INFO  client.GrpcClientProtocolClient (GrpcClientProtocolClient.java:onNext(255)) - client-7538DDC4E776->1b229672-9fc1-42d6-9200-214eb0163fc5: receive RaftClientReply:client-7538DDC4E776->1b229672-9fc1-42d6-9200-214eb0163fc5@group-440AB812C07F, cid=981, SUCCESS, logIndex=1319, commits[1b229672-9fc1-42d6-9200-214eb0163fc5:c1320, 4cc0758a-96f5-4ab9-816d-81d822da247a:c1316, 8693c47f-40a3-4a1c-b7ba-6ed996b9183c:c1316]
2019-07-08 22:29:38,197 INFO  client.GrpcClientProtocolClient (GrpcClientProtocolClient.java:onNext(255)) - client-7538DDC4E776->1b229672-9fc1-42d6-9200-214eb0163fc5: receive RaftClientReply:client-7538DDC4E776->1b229672-9fc1-42d6-9200-214eb0163fc5@group-440AB812C07F, cid=982, SUCCESS, logIndex=1320, commits[1b229672-9fc1-42d6-9200-214eb0163fc5:c1320, 4cc0758a-96f5-4ab9-816d-81d822da247a:c1316, 8693c47f-40a3-4a1c-b7ba-6ed996b9183c:c1316]
2019-07-08 22:29:38,211 INFO  client.GrpcClientProtocolClient (GrpcClientProtocolClient.java:onNext(255)) - client-7538DDC4E776->1b229672-9fc1-42d6-9200-214eb0163fc5: receive RaftClientReply:client-7538DDC4E776->1b229672-9fc1-42d6-9200-214eb0163fc5@group-440AB812C07F, cid=983, SUCCESS, logIndex=0, commits[1b229672-9fc1-42d6-9200-214eb0163fc5:c1322, 4cc0758a-96f5-4ab9-816d-81d822da247a:c1320, 8693c47f-40a3-4a1c-b7ba-6ed996b9183c:c1320]
2019-07-08 22:29:38,239 INFO  client.GrpcClientProtocolClient (GrpcClientProtocolClient.java:onNext(255)) - client-7538DDC4E776->1b229672-9fc1-42d6-9200-214eb0163fc5: receive RaftClientReply:client-7538DDC4E776->1b229672-9fc1-42d6-9200-214eb0163fc5@group-440AB812C07F, cid=984, SUCCESS, logIndex=1323, commits[1b229672-9fc1-42d6-9200-214eb0163fc5:c1324, 4cc0758a-96f5-4ab9-816d-81d822da247a:c1322, 8693c47f-40a3-4a1c-b7ba-6ed996b9183c:c1322]
2019-07-08 22:29:38,239 INFO  client.GrpcClientProtocolClient (GrpcClientProtocolClient.java:onNext(255)) - client-7538DDC4E776->1b229672-9fc1-42d6-9200-214eb0163fc5: receive RaftClientReply:client-7538DDC4E776->1b229672-9fc1-42d6-9200-214eb0163fc5@group-440AB812C07F, cid=985, SUCCESS, logIndex=1324, commits[1b229672-9fc1-42d6-9200-214eb0163fc5:c1324, 4cc0758a-96f5-4ab9-816d-81d822da247a:c1322, 8693c47f-40a3-4a1c-b7ba-6ed996b9183c:c1322]
2019-07-08 22:29:38,240 INFO  client.GrpcClientProtocolClient (GrpcClientProtocolClient.java:onNext(255)) - client-7538DDC4E776->1b229672-9fc1-42d6-9200-214eb0163fc5: receive RaftClientReply:client-7538DDC4E776->1b229672-9fc1-42d6-9200-214eb0163fc5@group-440AB812C07F, cid=986, SUCCESS, logIndex=1325, commits[1b229672-9fc1-42d6-9200-214eb0163fc5:c1326, 4cc0758a-96f5-4ab9-816d-81d822da247a:c1322, 8693c47f-40a3-4a1c-b7ba-6ed996b9183c:c1322]
2019-07-08 22:29:38,240 INFO  client.GrpcClientProtocolClient (GrpcClientProtocolClient.java:onNext(255)) - client-7538DDC4E776->1b229672-9fc1-42d6-9200-214eb0163fc5: receive RaftClientReply:client-7538DDC4E776->1b229672-9fc1-42d6-9200-214eb0163fc5@group-440AB812C07F, cid=987, SUCCESS, logIndex=1326, commits[1b229672-9fc1-42d6-9200-214eb0163fc5:c1326, 4cc0758a-96f5-4ab9-816d-81d822da247a:c1322, 8693c47f-40a3-4a1c-b7ba-6ed996b9183c:c1322]
2019-07-08 22:29:38,242 INFO  client.GrpcClientProtocolClient (GrpcClientProtocolClient.java:onNext(255)) - client-7538DDC4E776->1b229672-9fc1-42d6-9200-214eb0163fc5: receive RaftClientReply:client-7538DDC4E776->1b229672-9fc1-42d6-9200-214eb0163fc5@group-440AB812C07F, cid=988, SUCCESS, logIndex=0, commits[1b229672-9fc1-42d6-9200-214eb0163fc5:c1328, 4cc0758a-96f5-4ab9-816d-81d822da247a:c1324, 8693c47f-40a3-4a1c-b7ba-6ed996b9183c:c1324]
2019-07-08 22:29:38,261 INFO  client.GrpcClientProtocolClient (GrpcClientProtocolClient.java:onNext(255)) - client-7538DDC4E776->1b229672-9fc1-42d6-9200-214eb0163fc5: receive RaftClientReply:client-7538DDC4E776->1b229672-9fc1-42d6-9200-214eb0163fc5@group-440AB812C07F, cid=989, SUCCESS, logIndex=1330, commits[1b229672-9fc1-42d6-9200-214eb0163fc5:c1331, 4cc0758a-96f5-4ab9-816d-81d822da247a:c1329, 8693c47f-40a3-4a1c-b7ba-6ed996b9183c:c1329]
2019-07-08 22:29:38,262 INFO  client.GrpcClientProtocolClient (GrpcClientProtocolClient.java:onNext(255)) - client-7538DDC4E776->1b229672-9fc1-42d6-9200-214eb0163fc5: receive RaftClientReply:client-7538DDC4E776->1b229672-9fc1-42d6-9200-214eb0163fc5@group-440AB812C07F, cid=990, SUCCESS, logIndex=1331, commits[1b229672-9fc1-42d6-9200-214eb0163fc5:c1331, 4cc0758a-96f5-4ab9-816d-81d822da247a:c1329, 8693c47f-40a3-4a1c-b7ba-6ed996b9183c:c1329]
2019-07-08 22:29:38,276 INFO  client.GrpcClientProtocolClient (GrpcClientProtocolClient.java:onNext(255)) - client-7538DDC4E776->1b229672-9fc1-42d6-9200-214eb0163fc5: receive RaftClientReply:client-7538DDC4E776->1b229672-9fc1-42d6-9200-214eb0163fc5@group-440AB812C07F, cid=991, SUCCESS, logIndex=1334, commits[1b229672-9fc1-42d6-9200-214eb0163fc5:c1335, 4cc0758a-96f5-4ab9-816d-81d822da247a:c1331, 8693c47f-40a3-4a1c-b7ba-6ed996b9183c:c1331]
2019-07-08 22:29:38,276 INFO  client.GrpcClientProtocolClient (GrpcClientProtocolClient.java:onNext(255)) - client-7538DDC4E776->1b229672-9fc1-42d6-9200-214eb0163fc5: receive RaftClientReply:client-7538DDC4E776->1b229672-9fc1-42d6-9200-214eb0163fc5@group-440AB812C07F, cid=992, SUCCESS, logIndex=1335, commits[1b229672-9fc1-42d6-9200-214eb0163fc5:c1335, 4cc0758a-96f5-4ab9-816d-81d822da247a:c1331, 8693c47f-40a3-4a1c-b7ba-6ed996b9183c:c1331]
2019-07-08 22:29:38,289 INFO  client.GrpcClientProtocolClient (GrpcClientProtocolClient.java:onNext(255)) - client-7538DDC4E776->1b229672-9fc1-42d6-9200-214eb0163fc5: receive RaftClientReply:client-7538DDC4E776->1b229672-9fc1-42d6-9200-214eb0163fc5@group-440AB812C07F, cid=993, SUCCESS, logIndex=0, commits[1b229672-9fc1-42d6-9200-214eb0163fc5:c1337, 4cc0758a-96f5-4ab9-816d-81d822da247a:c1335, 8693c47f-40a3-4a1c-b7ba-6ed996b9183c:c1335]
2019-07-08 22:29:38,448 INFO  client.GrpcClientProtocolClient (GrpcClientProtocolClient.java:onNext(255)) - client-7538DDC4E776->1b229672-9fc1-42d6-9200-214eb0163fc5: receive RaftClientReply:client-7538DDC4E776->1b229672-9fc1-42d6-9200-214eb0163fc5@group-440AB812C07F, cid=994, SUCCESS, logIndex=1338, commits[1b229672-9fc1-42d6-9200-214eb0163fc5:c1340, 4cc0758a-96f5-4ab9-816d-81d822da247a:c1337, 8693c47f-40a3-4a1c-b7ba-6ed996b9183c:c1337]
2019-07-08 22:29:38,449 INFO  client.GrpcClientProtocolClient (GrpcClientProtocolClient.java:onNext(255)) - client-7538DDC4E776->1b229672-9fc1-42d6-9200-214eb0163fc5: receive RaftClientReply:client-7538DDC4E776->1b229672-9fc1-42d6-9200-214eb0163fc5@group-440AB812C07F, cid=995, SUCCESS, logIndex=1339, commits[1b229672-9fc1-42d6-9200-214eb0163fc5:c1341, 4cc0758a-96f5-4ab9-816d-81d822da247a:c1337, 8693c47f-40a3-4a1c-b7ba-6ed996b9183c:c1337]
2019-07-08 22:29:38,449 INFO  client.GrpcClientProtocolClient (GrpcClientProtocolClient.java:onNext(255)) - client-7538DDC4E776->1b229672-9fc1-42d6-9200-214eb0163fc5: receive RaftClientReply:client-7538DDC4E776->1b229672-9fc1-42d6-9200-214eb0163fc5@group-440AB812C07F, cid=996, SUCCESS, logIndex=1340, commits[1b229672-9fc1-42d6-9200-214eb0163fc5:c1341, 4cc0758a-96f5-4ab9-816d-81d822da247a:c1337, 8693c47f-40a3-4a1c-b7ba-6ed996b9183c:c1337]
2019-07-08 22:29:38,450 INFO  client.GrpcClientProtocolClient (GrpcClientProtocolClient.java:onNext(255)) - client-7538DDC4E776->1b229672-9fc1-42d6-9200-214eb0163fc5: receive RaftClientReply:client-7538DDC4E776->1b229672-9fc1-42d6-9200-214eb0163fc5@group-440AB812C07F, cid=997, SUCCESS, logIndex=1341, commits[1b229672-9fc1-42d6-9200-214eb0163fc5:c1341, 4cc0758a-96f5-4ab9-816d-81d822da247a:c1337, 8693c47f-40a3-4a1c-b7ba-6ed996b9183c:c1337]
2019-07-08 22:29:38,475 INFO  client.GrpcClientProtocolClient (GrpcClientProtocolClient.java:onNext(255)) - client-7538DDC4E776->1b229672-9fc1-42d6-9200-214eb0163fc5: receive RaftClientReply:client-7538DDC4E776->1b229672-9fc1-42d6-9200-214eb0163fc5@group-440AB812C07F, cid=998, SUCCESS, logIndex=0, commits[1b229672-9fc1-42d6-9200-214eb0163fc5:c1342, 4cc0758a-96f5-4ab9-816d-81d822da247a:c1339, 8693c47f-40a3-4a1c-b7ba-6ed996b9183c:c1339]
2019-07-08 22:29:38,511 INFO  client.GrpcClientProtocolClient (GrpcClientProtocolClient.java:onNext(255)) - client-7538DDC4E776->1b229672-9fc1-42d6-9200-214eb0163fc5: receive RaftClientReply:client-7538DDC4E776->1b229672-9fc1-42d6-9200-214eb0163fc5@group-440AB812C07F, cid=999, SUCCESS, logIndex=1346, commits[1b229672-9fc1-42d6-9200-214eb0163fc5:c1347, 4cc0758a-96f5-4ab9-816d-81d822da247a:c1345, 8693c47f-40a3-4a1c-b7ba-6ed996b9183c:c1345]
2019-07-08 22:29:38,511 INFO  client.GrpcClientProtocolClient (GrpcClientProtocolClient.java:onNext(255)) - client-7538DDC4E776->1b229672-9fc1-42d6-9200-214eb0163fc5: receive RaftClientReply:client-7538DDC4E776->1b229672-9fc1-42d6-9200-214eb0163fc5@group-440AB812C07F, cid=1000, SUCCESS, logIndex=1347, commits[1b229672-9fc1-42d6-9200-214eb0163fc5:c1347, 4cc0758a-96f5-4ab9-816d-81d822da247a:c1345, 8693c47f-40a3-4a1c-b7ba-6ed996b9183c:c1345]
2019-07-08 22:29:38,537 INFO  client.GrpcClientProtocolClient (GrpcClientProtocolClient.java:onNext(255)) - client-7538DDC4E776->1b229672-9fc1-42d6-9200-214eb0163fc5: receive RaftClientReply:client-7538DDC4E776->1b229672-9fc1-42d6-9200-214eb0163fc5@group-440AB812C07F, cid=1001, SUCCESS, logIndex=1350, commits[1b229672-9fc1-42d6-9200-214eb0163fc5:c1351, 4cc0758a-96f5-4ab9-816d-81d822da247a:c1347, 8693c47f-40a3-4a1c-b7ba-6ed996b9183c:c1347]
2019-07-08 22:29:38,537 INFO  client.GrpcClientProtocolClient (GrpcClientProtocolClient.java:onNext(255)) - client-7538DDC4E776->1b229672-9fc1-42d6-9200-214eb0163fc5: receive RaftClientReply:client-7538DDC4E776->1b229672-9fc1-42d6-9200-214eb0163fc5@group-440AB812C07F, cid=1002, SUCCESS, logIndex=1351, commits[1b229672-9fc1-42d6-9200-214eb0163fc5:c1351, 4cc0758a-96f5-4ab9-816d-81d822da247a:c1347, 8693c47f-40a3-4a1c-b7ba-6ed996b9183c:c1347]
2019-07-08 22:29:38,549 INFO  client.GrpcClientProtocolClient (GrpcClientProtocolClient.java:onNext(255)) - client-7538DDC4E776->1b229672-9fc1-42d6-9200-214eb0163fc5: receive RaftClientReply:client-7538DDC4E776->1b229672-9fc1-42d6-9200-214eb0163fc5@group-440AB812C07F, cid=1003, SUCCESS, logIndex=0, commits[1b229672-9fc1-42d6-9200-214eb0163fc5:c1352, 4cc0758a-96f5-4ab9-816d-81d822da247a:c1351, 8693c47f-40a3-4a1c-b7ba-6ed996b9183c:c1351]
2019-07-08 22:29:38,571 INFO  client.GrpcClientProtocolClient (GrpcClientProtocolClient.java:onNext(255)) - client-7538DDC4E776->1b229672-9fc1-42d6-9200-214eb0163fc5: receive RaftClientReply:client-7538DDC4E776->1b229672-9fc1-42d6-9200-214eb0163fc5@group-440AB812C07F, cid=1004, SUCCESS, logIndex=1354, commits[1b229672-9fc1-42d6-9200-214eb0163fc5:c1355, 4cc0758a-96f5-4ab9-816d-81d822da247a:c1353, 8693c47f-40a3-4a1c-b7ba-6ed996b9183c:c1353]
2019-07-08 22:29:38,572 INFO  client.GrpcClientProtocolClient (GrpcClientProtocolClient.java:onNext(255)) - client-7538DDC4E776->1b229672-9fc1-42d6-9200-214eb0163fc5: receive RaftClientReply:client-7538DDC4E776->1b229672-9fc1-42d6-9200-214eb0163fc5@group-440AB812C07F, cid=1005, SUCCESS, logIndex=1355, commits[1b229672-9fc1-42d6-9200-214eb0163fc5:c1356, 4cc0758a-96f5-4ab9-816d-81d822da247a:c1353, 8693c47f-40a3-4a1c-b7ba-6ed996b9183c:c1353]
2019-07-08 22:29:38,572 INFO  client.GrpcClientProtocolClient (GrpcClientProtocolClient.java:onNext(255)) - client-7538DDC4E776->1b229672-9fc1-42d6-9200-214eb0163fc5: receive RaftClientReply:client-7538DDC4E776->1b229672-9fc1-42d6-9200-214eb0163fc5@group-440AB812C07F, cid=1006, SUCCESS, logIndex=1356, commits[1b229672-9fc1-42d6-9200-214eb0163fc5:c1357, 4cc0758a-96f5-4ab9-816d-81d822da247a:c1353, 8693c47f-40a3-4a1c-b7ba-6ed996b9183c:c1353]
2019-07-08 22:29:38,573 INFO  client.GrpcClientProtocolClient (GrpcClientProtocolClient.java:onNext(255)) - client-7538DDC4E776->1b229672-9fc1-42d6-9200-214eb0163fc5: receive RaftClientReply:client-7538DDC4E776->1b229672-9fc1-42d6-9200-214eb0163fc5@group-440AB812C07F, cid=1007, SUCCESS, logIndex=1357, commits[1b229672-9fc1-42d6-9200-214eb0163fc5:c1357, 4cc0758a-96f5-4ab9-816d-81d822da247a:c1353, 8693c47f-40a3-4a1c-b7ba-6ed996b9183c:c1353]
2019-07-08 22:29:38,584 INFO  client.GrpcClientProtocolClient (GrpcClientProtocolClient.java:onNext(255)) - client-7538DDC4E776->1b229672-9fc1-42d6-9200-214eb0163fc5: receive RaftClientReply:client-7538DDC4E776->1b229672-9fc1-42d6-9200-214eb0163fc5@group-440AB812C07F, cid=1008, SUCCESS, logIndex=0, commits[1b229672-9fc1-42d6-9200-214eb0163fc5:c1359, 4cc0758a-96f5-4ab9-816d-81d822da247a:c1355, 8693c47f-40a3-4a1c-b7ba-6ed996b9183c:c1355]
2019-07-08 22:29:38,604 INFO  client.GrpcClientProtocolClient (GrpcClientProtocolClient.java:onNext(255)) - client-7538DDC4E776->1b229672-9fc1-42d6-9200-214eb0163fc5: receive RaftClientReply:client-7538DDC4E776->1b229672-9fc1-42d6-9200-214eb0163fc5@group-440AB812C07F, cid=1009, SUCCESS, logIndex=1362, commits[1b229672-9fc1-42d6-9200-214eb0163fc5:c1363, 4cc0758a-96f5-4ab9-816d-81d822da247a:c1361, 8693c47f-40a3-4a1c-b7ba-6ed996b9183c:c1361]
2019-07-08 22:29:38,605 INFO  client.GrpcClientProtocolClient (GrpcClientProtocolClient.java:onNext(255)) - client-7538DDC4E776->1b229672-9fc1-42d6-9200-214eb0163fc5: receive RaftClientReply:client-7538DDC4E776->1b229672-9fc1-42d6-9200-214eb0163fc5@group-440AB812C07F, cid=1010, SUCCESS, logIndex=1363, commits[1b229672-9fc1-42d6-9200-214eb0163fc5:c1363, 4cc0758a-96f5-4ab9-816d-81d822da247a:c1361, 8693c47f-40a3-4a1c-b7ba-6ed996b9183c:c1361]
2019-07-08 22:29:38,618 INFO  client.GrpcClientProtocolClient (GrpcClientProtocolClient.java:onNext(255)) - client-7538DDC4E776->1b229672-9fc1-42d6-9200-214eb0163fc5: receive RaftClientReply:client-7538DDC4E776->1b229672-9fc1-42d6-9200-214eb0163fc5@group-440AB812C07F, cid=1011, SUCCESS, logIndex=1366, commits[1b229672-9fc1-42d6-9200-214eb0163fc5:c1367, 4cc0758a-96f5-4ab9-816d-81d822da247a:c1363, 8693c47f-40a3-4a1c-b7ba-6ed996b9183c:c1363]
2019-07-08 22:29:38,618 INFO  client.GrpcClientProtocolClient (GrpcClientProtocolClient.java:onNext(255)) - client-7538DDC4E776->1b229672-9fc1-42d6-9200-214eb0163fc5: receive RaftClientReply:client-7538DDC4E776->1b229672-9fc1-42d6-9200-214eb0163fc5@group-440AB812C07F, cid=1012, SUCCESS, logIndex=1367, commits[1b229672-9fc1-42d6-9200-214eb0163fc5:c1367, 4cc0758a-96f5-4ab9-816d-81d822da247a:c1363, 8693c47f-40a3-4a1c-b7ba-6ed996b9183c:c1363]
2019-07-08 22:29:38,630 INFO  client.GrpcClientProtocolClient (GrpcClientProtocolClient.java:onNext(255)) - client-7538DDC4E776->1b229672-9fc1-42d6-9200-214eb0163fc5: receive RaftClientReply:client-7538DDC4E776->1b229672-9fc1-42d6-9200-214eb0163fc5@group-440AB812C07F, cid=1013, SUCCESS, logIndex=0, commits[1b229672-9fc1-42d6-9200-214eb0163fc5:c1368, 4cc0758a-96f5-4ab9-816d-81d822da247a:c1367, 8693c47f-40a3-4a1c-b7ba-6ed996b9183c:c1367]
2019-07-08 22:29:38,652 INFO  client.GrpcClientProtocolClient (GrpcClientProtocolClient.java:onNext(255)) - client-7538DDC4E776->1b229672-9fc1-42d6-9200-214eb0163fc5: receive RaftClientReply:client-7538DDC4E776->1b229672-9fc1-42d6-9200-214eb0163fc5@group-440AB812C07F, cid=1014, SUCCESS, logIndex=1370, commits[1b229672-9fc1-42d6-9200-214eb0163fc5:c1371, 4cc0758a-96f5-4ab9-816d-81d822da247a:c1369, 8693c47f-40a3-4a1c-b7ba-6ed996b9183c:c1369]
2019-07-08 22:29:38,653 INFO  client.GrpcClientProtocolClient (GrpcClientProtocolClient.java:onNext(255)) - client-7538DDC4E776->1b229672-9fc1-42d6-9200-214eb0163fc5: receive RaftClientReply:client-7538DDC4E776->1b229672-9fc1-42d6-9200-214eb0163fc5@group-440AB812C07F, cid=1015, SUCCESS, logIndex=1371, commits[1b229672-9fc1-42d6-9200-214eb0163fc5:c1373, 4cc0758a-96f5-4ab9-816d-81d822da247a:c1369, 8693c47f-40a3-4a1c-b7ba-6ed996b9183c:c1369]
2019-07-08 22:29:38,653 INFO  client.GrpcClientProtocolClient (GrpcClientProtocolClient.java:onNext(255)) - client-7538DDC4E776->1b229672-9fc1-42d6-9200-214eb0163fc5: receive RaftClientReply:client-7538DDC4E776->1b229672-9fc1-42d6-9200-214eb0163fc5@group-440AB812C07F, cid=1016, SUCCESS, logIndex=1372, commits[1b229672-9fc1-42d6-9200-214eb0163fc5:c1373, 4cc0758a-96f5-4ab9-816d-81d822da247a:c1369, 8693c47f-40a3-4a1c-b7ba-6ed996b9183c:c1369]
2019-07-08 22:29:38,654 INFO  client.GrpcClientProtocolClient (GrpcClientProtocolClient.java:onNext(255)) - client-7538DDC4E776->1b229672-9fc1-42d6-9200-214eb0163fc5: receive RaftClientReply:client-7538DDC4E776->1b229672-9fc1-42d6-9200-214eb0163fc5@group-440AB812C07F, cid=1017, SUCCESS, logIndex=1373, commits[1b229672-9fc1-42d6-9200-214eb0163fc5:c1373, 4cc0758a-96f5-4ab9-816d-81d822da247a:c1369, 8693c47f-40a3-4a1c-b7ba-6ed996b9183c:c1369]
2019-07-08 22:29:38,666 INFO  client.GrpcClientProtocolClient (GrpcClientProtocolClient.java:onNext(255)) - client-7538DDC4E776->1b229672-9fc1-42d6-9200-214eb0163fc5: receive RaftClientReply:client-7538DDC4E776->1b229672-9fc1-42d6-9200-214eb0163fc5@group-440AB812C07F, cid=1018, SUCCESS, logIndex=0, commits[1b229672-9fc1-42d6-9200-214eb0163fc5:c1375, 4cc0758a-96f5-4ab9-816d-81d822da247a:c1371, 8693c47f-40a3-4a1c-b7ba-6ed996b9183c:c1371]
2019-07-08 22:29:38,678 INFO  client.GrpcClientProtocolClient (GrpcClientProtocolClient.java:onNext(255)) - client-7538DDC4E776->1b229672-9fc1-42d6-9200-214eb0163fc5: receive RaftClientReply:client-7538DDC4E776->1b229672-9fc1-42d6-9200-214eb0163fc5@group-440AB812C07F, cid=1019, SUCCESS, logIndex=1378, commits[1b229672-9fc1-42d6-9200-214eb0163fc5:c1379, 4cc0758a-96f5-4ab9-816d-81d822da247a:c1377, 8693c47f-40a3-4a1c-b7ba-6ed996b9183c:c1373]
2019-07-08 22:29:38,679 INFO  client.GrpcClientProtocolClient (GrpcClientProtocolClient.java:onNext(255)) - client-7538DDC4E776->1b229672-9fc1-42d6-9200-214eb0163fc5: receive RaftClientReply:client-7538DDC4E776->1b229672-9fc1-42d6-9200-214eb0163fc5@group-440AB812C07F, cid=1020, SUCCESS, logIndex=1379, commits[1b229672-9fc1-42d6-9200-214eb0163fc5:c1379, 4cc0758a-96f5-4ab9-816d-81d822da247a:c1377, 8693c47f-40a3-4a1c-b7ba-6ed996b9183c:c1377]
2019-07-08 22:29:38,690 INFO  client.GrpcClientProtocolClient (GrpcClientProtocolClient.java:onNext(255)) - client-7538DDC4E776->1b229672-9fc1-42d6-9200-214eb0163fc5: receive RaftClientReply:client-7538DDC4E776->1b229672-9fc1-42d6-9200-214eb0163fc5@group-440AB812C07F, cid=1021, SUCCESS, logIndex=1382, commits[1b229672-9fc1-42d6-9200-214eb0163fc5:c1383, 4cc0758a-96f5-4ab9-816d-81d822da247a:c1381, 8693c47f-40a3-4a1c-b7ba-6ed996b9183c:c1379]
2019-07-08 22:29:38,690 INFO  client.GrpcClientProtocolClient (GrpcClientProtocolClient.java:onNext(255)) - client-7538DDC4E776->1b229672-9fc1-42d6-9200-214eb0163fc5: receive RaftClientReply:client-7538DDC4E776->1b229672-9fc1-42d6-9200-214eb0163fc5@group-440AB812C07F, cid=1022, SUCCESS, logIndex=1383, commits[1b229672-9fc1-42d6-9200-214eb0163fc5:c1383, 4cc0758a-96f5-4ab9-816d-81d822da247a:c1381, 8693c47f-40a3-4a1c-b7ba-6ed996b9183c:c1381]
2019-07-08 22:29:38,693 INFO  client.GrpcClientProtocolClient (GrpcClientProtocolClient.java:onNext(255)) - client-7538DDC4E776->1b229672-9fc1-42d6-9200-214eb0163fc5: receive RaftClientReply:client-7538DDC4E776->1b229672-9fc1-42d6-9200-214eb0163fc5@group-440AB812C07F, cid=1023, SUCCESS, logIndex=0, commits[1b229672-9fc1-42d6-9200-214eb0163fc5:c1384, 4cc0758a-96f5-4ab9-816d-81d822da247a:c1383, 8693c47f-40a3-4a1c-b7ba-6ed996b9183c:c1383]
2019-07-08 22:29:38,728 INFO  client.GrpcClientProtocolClient (GrpcClientProtocolClient.java:onNext(255)) - client-7538DDC4E776->1b229672-9fc1-42d6-9200-214eb0163fc5: receive RaftClientReply:client-7538DDC4E776->1b229672-9fc1-42d6-9200-214eb0163fc5@group-440AB812C07F, cid=1024, SUCCESS, logIndex=1386, commits[1b229672-9fc1-42d6-9200-214eb0163fc5:c1387, 4cc0758a-96f5-4ab9-816d-81d822da247a:c1385, 8693c47f-40a3-4a1c-b7ba-6ed996b9183c:c1385]
2019-07-08 22:29:38,729 INFO  client.GrpcClientProtocolClient (GrpcClientProtocolClient.java:onNext(255)) - client-7538DDC4E776->1b229672-9fc1-42d6-9200-214eb0163fc5: receive RaftClientReply:client-7538DDC4E776->1b229672-9fc1-42d6-9200-214eb0163fc5@group-440AB812C07F, cid=1025, SUCCESS, logIndex=1387, commits[1b229672-9fc1-42d6-9200-214eb0163fc5:c1389, 4cc0758a-96f5-4ab9-816d-81d822da247a:c1385, 8693c47f-40a3-4a1c-b7ba-6ed996b9183c:c1385]
2019-07-08 22:29:38,729 INFO  client.GrpcClientProtocolClient (GrpcClientProtocolClient.java:onNext(255)) - client-7538DDC4E776->1b229672-9fc1-42d6-9200-214eb0163fc5: receive RaftClientReply:client-7538DDC4E776->1b229672-9fc1-42d6-9200-214eb0163fc5@group-440AB812C07F, cid=1026, SUCCESS, logIndex=1388, commits[1b229672-9fc1-42d6-9200-214eb0163fc5:c1389, 4cc0758a-96f5-4ab9-816d-81d822da247a:c1385, 8693c47f-40a3-4a1c-b7ba-6ed996b9183c:c1385]
2019-07-08 22:29:38,730 INFO  client.GrpcClientProtocolClient (GrpcClientProtocolClient.java:onNext(255)) - client-7538DDC4E776->1b229672-9fc1-42d6-9200-214eb0163fc5: receive RaftClientReply:client-7538DDC4E776->1b229672-9fc1-42d6-9200-214eb0163fc5@group-440AB812C07F, cid=1027, SUCCESS, logIndex=1389, commits[1b229672-9fc1-42d6-9200-214eb0163fc5:c1390, 4cc0758a-96f5-4ab9-816d-81d822da247a:c1386, 8693c47f-40a3-4a1c-b7ba-6ed996b9183c:c1385]
2019-07-08 22:29:38,731 INFO  client.GrpcClientProtocolClient (GrpcClientProtocolClient.java:onNext(255)) - client-7538DDC4E776->1b229672-9fc1-42d6-9200-214eb0163fc5: receive RaftClientReply:client-7538DDC4E776->1b229672-9fc1-42d6-9200-214eb0163fc5@group-440AB812C07F, cid=1028, SUCCESS, logIndex=0, commits[1b229672-9fc1-42d6-9200-214eb0163fc5:c1392, 4cc0758a-96f5-4ab9-816d-81d822da247a:c1389, 8693c47f-40a3-4a1c-b7ba-6ed996b9183c:c1387]
2019-07-08 22:29:38,746 INFO  client.GrpcClientProtocolClient (GrpcClientProtocolClient.java:onNext(255)) - client-7538DDC4E776->1b229672-9fc1-42d6-9200-214eb0163fc5: receive RaftClientReply:client-7538DDC4E776->1b229672-9fc1-42d6-9200-214eb0163fc5@group-440AB812C07F, cid=1029, SUCCESS, logIndex=1393, commits[1b229672-9fc1-42d6-9200-214eb0163fc5:c1394, 4cc0758a-96f5-4ab9-816d-81d822da247a:c1392, 8693c47f-40a3-4a1c-b7ba-6ed996b9183c:c1392]
2019-07-08 22:29:38,747 INFO  client.GrpcClientProtocolClient (GrpcClientProtocolClient.java:onNext(255)) - client-7538DDC4E776->1b229672-9fc1-42d6-9200-214eb0163fc5: receive RaftClientReply:client-7538DDC4E776->1b229672-9fc1-42d6-9200-214eb0163fc5@group-440AB812C07F, cid=1030, SUCCESS, logIndex=1394, commits[1b229672-9fc1-42d6-9200-214eb0163fc5:c1394, 4cc0758a-96f5-4ab9-816d-81d822da247a:c1392, 8693c47f-40a3-4a1c-b7ba-6ed996b9183c:c1392]
2019-07-08 22:29:38,760 INFO  client.GrpcClientProtocolClient (GrpcClientProtocolClient.java:onNext(255)) - client-7538DDC4E776->1b229672-9fc1-42d6-9200-214eb0163fc5: receive RaftClientReply:client-7538DDC4E776->1b229672-9fc1-42d6-9200-214eb0163fc5@group-440AB812C07F, cid=1031, SUCCESS, logIndex=1397, commits[1b229672-9fc1-42d6-9200-214eb0163fc5:c1397, 4cc0758a-96f5-4ab9-816d-81d822da247a:c1394, 8693c47f-40a3-4a1c-b7ba-6ed996b9183c:c1394]
2019-07-08 22:29:38,760 INFO  client.GrpcClientProtocolClient (GrpcClientProtocolClient.java:onNext(255)) - client-7538DDC4E776->1b229672-9fc1-42d6-9200-214eb0163fc5: receive RaftClientReply:client-7538DDC4E776->1b229672-9fc1-42d6-9200-214eb0163fc5@group-440AB812C07F, cid=1032, SUCCESS, logIndex=1398, commits[1b229672-9fc1-42d6-9200-214eb0163fc5:c1398, 4cc0758a-96f5-4ab9-816d-81d822da247a:c1394, 8693c47f-40a3-4a1c-b7ba-6ed996b9183c:c1394]
2019-07-08 22:29:38,773 INFO  client.GrpcClientProtocolClient (GrpcClientProtocolClient.java:onNext(255)) - client-7538DDC4E776->1b229672-9fc1-42d6-9200-214eb0163fc5: receive RaftClientReply:client-7538DDC4E776->1b229672-9fc1-42d6-9200-214eb0163fc5@group-440AB812C07F, cid=1033, SUCCESS, logIndex=0, commits[1b229672-9fc1-42d6-9200-214eb0163fc5:c1400, 4cc0758a-96f5-4ab9-816d-81d822da247a:c1398, 8693c47f-40a3-4a1c-b7ba-6ed996b9183c:c1398]
 0.00% |█                                                                                                    |  0/1 Time: 0:00:052019-07-08 22:29:38,796 INFO  client.GrpcClientProtocolClient (GrpcClientProtocolClient.java:onNext(255)) - client-7538DDC4E776->1b229672-9fc1-42d6-9200-214eb0163fc5: receive RaftClientReply:client-7538DDC4E776->1b229672-9fc1-42d6-9200-214eb0163fc5@group-440AB812C07F, cid=1034, SUCCESS, logIndex=1401, commits[1b229672-9fc1-42d6-9200-214eb0163fc5:c1403, 4cc0758a-96f5-4ab9-816d-81d822da247a:c1400, 8693c47f-40a3-4a1c-b7ba-6ed996b9183c:c1400]
2019-07-08 22:29:38,797 INFO  client.GrpcClientProtocolClient (GrpcClientProtocolClient.java:onNext(255)) - client-7538DDC4E776->1b229672-9fc1-42d6-9200-214eb0163fc5: receive RaftClientReply:client-7538DDC4E776->1b229672-9fc1-42d6-9200-214eb0163fc5@group-440AB812C07F, cid=1035, SUCCESS, logIndex=1402, commits[1b229672-9fc1-42d6-9200-214eb0163fc5:c1404, 4cc0758a-96f5-4ab9-816d-81d822da247a:c1400, 8693c47f-40a3-4a1c-b7ba-6ed996b9183c:c1400]
2019-07-08 22:29:38,797 INFO  client.GrpcClientProtocolClient (GrpcClientProtocolClient.java:onNext(255)) - client-7538DDC4E776->1b229672-9fc1-42d6-9200-214eb0163fc5: receive RaftClientReply:client-7538DDC4E776->1b229672-9fc1-42d6-9200-214eb0163fc5@group-440AB812C07F, cid=1036, SUCCESS, logIndex=1403, commits[1b229672-9fc1-42d6-9200-214eb0163fc5:c1404, 4cc0758a-96f5-4ab9-816d-81d822da247a:c1400, 8693c47f-40a3-4a1c-b7ba-6ed996b9183c:c1400]
2019-07-08 22:29:38,797 INFO  client.GrpcClientProtocolClient (GrpcClientProtocolClient.java:onNext(255)) - client-7538DDC4E776->1b229672-9fc1-42d6-9200-214eb0163fc5: receive RaftClientReply:client-7538DDC4E776->1b229672-9fc1-42d6-9200-214eb0163fc5@group-440AB812C07F, cid=1037, SUCCESS, logIndex=1404, commits[1b229672-9fc1-42d6-9200-214eb0163fc5:c1404, 4cc0758a-96f5-4ab9-816d-81d822da247a:c1400, 8693c47f-40a3-4a1c-b7ba-6ed996b9183c:c1400]
2019-07-08 22:29:38,809 INFO  client.GrpcClientProtocolClient (GrpcClientProtocolClient.java:onNext(255)) - client-7538DDC4E776->1b229672-9fc1-42d6-9200-214eb0163fc5: receive RaftClientReply:client-7538DDC4E776->1b229672-9fc1-42d6-9200-214eb0163fc5@group-440AB812C07F, cid=1038, SUCCESS, logIndex=0, commits[1b229672-9fc1-42d6-9200-214eb0163fc5:c1407, 4cc0758a-96f5-4ab9-816d-81d822da247a:c1403, 8693c47f-40a3-4a1c-b7ba-6ed996b9183c:c1402]
2019-07-08 22:29:38,828 INFO  client.GrpcClientProtocolClient (GrpcClientProtocolClient.java:onNext(255)) - client-7538DDC4E776->1b229672-9fc1-42d6-9200-214eb0163fc5: receive RaftClientReply:client-7538DDC4E776->1b229672-9fc1-42d6-9200-214eb0163fc5@group-440AB812C07F, cid=1039, SUCCESS, logIndex=1409, commits[1b229672-9fc1-42d6-9200-214eb0163fc5:c1410, 4cc0758a-96f5-4ab9-816d-81d822da247a:c1408, 8693c47f-40a3-4a1c-b7ba-6ed996b9183c:c1408]
2019-07-08 22:29:38,829 INFO  client.GrpcClientProtocolClient (GrpcClientProtocolClient.java:onNext(255)) - client-7538DDC4E776->1b229672-9fc1-42d6-9200-214eb0163fc5: receive RaftClientReply:client-7538DDC4E776->1b229672-9fc1-42d6-9200-214eb0163fc5@group-440AB812C07F, cid=1040, SUCCESS, logIndex=1410, commits[1b229672-9fc1-42d6-9200-214eb0163fc5:c1410, 4cc0758a-96f5-4ab9-816d-81d822da247a:c1408, 8693c47f-40a3-4a1c-b7ba-6ed996b9183c:c1408]
2019-07-08 22:29:38,842 INFO  client.GrpcClientProtocolClient (GrpcClientProtocolClient.java:onNext(255)) - client-7538DDC4E776->1b229672-9fc1-42d6-9200-214eb0163fc5: receive RaftClientReply:client-7538DDC4E776->1b229672-9fc1-42d6-9200-214eb0163fc5@group-440AB812C07F, cid=1041, SUCCESS, logIndex=1413, commits[1b229672-9fc1-42d6-9200-214eb0163fc5:c1414, 4cc0758a-96f5-4ab9-816d-81d822da247a:c1410, 8693c47f-40a3-4a1c-b7ba-6ed996b9183c:c1410]
2019-07-08 22:29:38,842 INFO  client.GrpcClientProtocolClient (GrpcClientProtocolClient.java:onNext(255)) - client-7538DDC4E776->1b229672-9fc1-42d6-9200-214eb0163fc5: receive RaftClientReply:client-7538DDC4E776->1b229672-9fc1-42d6-9200-214eb0163fc5@group-440AB812C07F, cid=1042, SUCCESS, logIndex=1414, commits[1b229672-9fc1-42d6-9200-214eb0163fc5:c1414, 4cc0758a-96f5-4ab9-816d-81d822da247a:c1410, 8693c47f-40a3-4a1c-b7ba-6ed996b9183c:c1410]
2019-07-08 22:29:38,855 INFO  client.GrpcClientProtocolClient (GrpcClientProtocolClient.java:onNext(255)) - client-7538DDC4E776->1b229672-9fc1-42d6-9200-214eb0163fc5: receive RaftClientReply:client-7538DDC4E776->1b229672-9fc1-42d6-9200-214eb0163fc5@group-440AB812C07F, cid=1043, SUCCESS, logIndex=0, commits[1b229672-9fc1-42d6-9200-214eb0163fc5:c1415, 4cc0758a-96f5-4ab9-816d-81d822da247a:c1414, 8693c47f-40a3-4a1c-b7ba-6ed996b9183c:c1414]
2019-07-08 22:29:38,875 INFO  client.GrpcClientProtocolClient (GrpcClientProtocolClient.java:onNext(255)) - client-7538DDC4E776->1b229672-9fc1-42d6-9200-214eb0163fc5: receive RaftClientReply:client-7538DDC4E776->1b229672-9fc1-42d6-9200-214eb0163fc5@group-440AB812C07F, cid=1044, SUCCESS, logIndex=1417, commits[1b229672-9fc1-42d6-9200-214eb0163fc5:c1418, 4cc0758a-96f5-4ab9-816d-81d822da247a:c1416, 8693c47f-40a3-4a1c-b7ba-6ed996b9183c:c1416]
2019-07-08 22:29:38,875 INFO  client.GrpcClientProtocolClient (GrpcClientProtocolClient.java:onNext(255)) - client-7538DDC4E776->1b229672-9fc1-42d6-9200-214eb0163fc5: receive RaftClientReply:client-7538DDC4E776->1b229672-9fc1-42d6-9200-214eb0163fc5@group-440AB812C07F, cid=1045, SUCCESS, logIndex=1418, commits[1b229672-9fc1-42d6-9200-214eb0163fc5:c1418, 4cc0758a-96f5-4ab9-816d-81d822da247a:c1416, 8693c47f-40a3-4a1c-b7ba-6ed996b9183c:c1416]
2019-07-08 22:29:38,876 INFO  client.GrpcClientProtocolClient (GrpcClientProtocolClient.java:onNext(255)) - client-7538DDC4E776->1b229672-9fc1-42d6-9200-214eb0163fc5: receive RaftClientReply:client-7538DDC4E776->1b229672-9fc1-42d6-9200-214eb0163fc5@group-440AB812C07F, cid=1046, SUCCESS, logIndex=1419, commits[1b229672-9fc1-42d6-9200-214eb0163fc5:c1419, 4cc0758a-96f5-4ab9-816d-81d822da247a:c1416, 8693c47f-40a3-4a1c-b7ba-6ed996b9183c:c1416]
2019-07-08 22:29:38,876 INFO  client.GrpcClientProtocolClient (GrpcClientProtocolClient.java:onNext(255)) - client-7538DDC4E776->1b229672-9fc1-42d6-9200-214eb0163fc5: receive RaftClientReply:client-7538DDC4E776->1b229672-9fc1-42d6-9200-214eb0163fc5@group-440AB812C07F, cid=1047, SUCCESS, logIndex=1420, commits[1b229672-9fc1-42d6-9200-214eb0163fc5:c1420, 4cc0758a-96f5-4ab9-816d-81d822da247a:c1416, 8693c47f-40a3-4a1c-b7ba-6ed996b9183c:c1416]
2019-07-08 22:29:38,878 INFO  client.GrpcClientProtocolClient (GrpcClientProtocolClient.java:onNext(255)) - client-7538DDC4E776->1b229672-9fc1-42d6-9200-214eb0163fc5: receive RaftClientReply:client-7538DDC4E776->1b229672-9fc1-42d6-9200-214eb0163fc5@group-440AB812C07F, cid=1048, SUCCESS, logIndex=0, commits[1b229672-9fc1-42d6-9200-214eb0163fc5:c1422, 4cc0758a-96f5-4ab9-816d-81d822da247a:c1418, 8693c47f-40a3-4a1c-b7ba-6ed996b9183c:c1419]
2019-07-08 22:29:38,898 INFO  client.GrpcClientProtocolClient (GrpcClientProtocolClient.java:onNext(255)) - client-7538DDC4E776->1b229672-9fc1-42d6-9200-214eb0163fc5: receive RaftClientReply:client-7538DDC4E776->1b229672-9fc1-42d6-9200-214eb0163fc5@group-440AB812C07F, cid=1049, SUCCESS, logIndex=1425, commits[1b229672-9fc1-42d6-9200-214eb0163fc5:c1426, 4cc0758a-96f5-4ab9-816d-81d822da247a:c1424, 8693c47f-40a3-4a1c-b7ba-6ed996b9183c:c1424]
2019-07-08 22:29:38,898 INFO  client.GrpcClientProtocolClient (GrpcClientProtocolClient.java:onNext(255)) - client-7538DDC4E776->1b229672-9fc1-42d6-9200-214eb0163fc5: receive RaftClientReply:client-7538DDC4E776->1b229672-9fc1-42d6-9200-214eb0163fc5@group-440AB812C07F, cid=1050, SUCCESS, logIndex=1426, commits[1b229672-9fc1-42d6-9200-214eb0163fc5:c1426, 4cc0758a-96f5-4ab9-816d-81d822da247a:c1424, 8693c47f-40a3-4a1c-b7ba-6ed996b9183c:c1424]
2019-07-08 22:29:38,910 INFO  client.GrpcClientProtocolClient (GrpcClientProtocolClient.java:onNext(255)) - client-7538DDC4E776->1b229672-9fc1-42d6-9200-214eb0163fc5: receive RaftClientReply:client-7538DDC4E776->1b229672-9fc1-42d6-9200-214eb0163fc5@group-440AB812C07F, cid=1051, SUCCESS, logIndex=1429, commits[1b229672-9fc1-42d6-9200-214eb0163fc5:c1430, 4cc0758a-96f5-4ab9-816d-81d822da247a:c1428, 8693c47f-40a3-4a1c-b7ba-6ed996b9183c:c1428]
2019-07-08 22:29:38,911 INFO  client.GrpcClientProtocolClient (GrpcClientProtocolClient.java:onNext(255)) - client-7538DDC4E776->1b229672-9fc1-42d6-9200-214eb0163fc5: receive RaftClientReply:client-7538DDC4E776->1b229672-9fc1-42d6-9200-214eb0163fc5@group-440AB812C07F, cid=1052, SUCCESS, logIndex=1430, commits[1b229672-9fc1-42d6-9200-214eb0163fc5:c1430, 4cc0758a-96f5-4ab9-816d-81d822da247a:c1428, 8693c47f-40a3-4a1c-b7ba-6ed996b9183c:c1428]
2019-07-08 22:29:38,914 INFO  client.GrpcClientProtocolClient (GrpcClientProtocolClient.java:onNext(255)) - client-7538DDC4E776->1b229672-9fc1-42d6-9200-214eb0163fc5: receive RaftClientReply:client-7538DDC4E776->1b229672-9fc1-42d6-9200-214eb0163fc5@group-440AB812C07F, cid=1053, SUCCESS, logIndex=0, commits[1b229672-9fc1-42d6-9200-214eb0163fc5:c1431, 4cc0758a-96f5-4ab9-816d-81d822da247a:c1430, 8693c47f-40a3-4a1c-b7ba-6ed996b9183c:c1430]
2019-07-08 22:29:38,928 INFO  client.GrpcClientProtocolClient (GrpcClientProtocolClient.java:onNext(255)) - client-7538DDC4E776->1b229672-9fc1-42d6-9200-214eb0163fc5: receive RaftClientReply:client-7538DDC4E776->1b229672-9fc1-42d6-9200-214eb0163fc5@group-440AB812C07F, cid=1054, SUCCESS, logIndex=1433, commits[1b229672-9fc1-42d6-9200-214eb0163fc5:c1434, 4cc0758a-96f5-4ab9-816d-81d822da247a:c1430, 8693c47f-40a3-4a1c-b7ba-6ed996b9183c:c1432]
2019-07-08 22:29:38,929 INFO  client.GrpcClientProtocolClient (GrpcClientProtocolClient.java:onNext(255)) - client-7538DDC4E776->1b229672-9fc1-42d6-9200-214eb0163fc5: receive RaftClientReply:client-7538DDC4E776->1b229672-9fc1-42d6-9200-214eb0163fc5@group-440AB812C07F, cid=1055, SUCCESS, logIndex=1434, commits[1b229672-9fc1-42d6-9200-214eb0163fc5:c1434, 4cc0758a-96f5-4ab9-816d-81d822da247a:c1430, 8693c47f-40a3-4a1c-b7ba-6ed996b9183c:c1432]
2019-07-08 22:29:38,929 INFO  client.GrpcClientProtocolClient (GrpcClientProtocolClient.java:onNext(255)) - client-7538DDC4E776->1b229672-9fc1-42d6-9200-214eb0163fc5: receive RaftClientReply:client-7538DDC4E776->1b229672-9fc1-42d6-9200-214eb0163fc5@group-440AB812C07F, cid=1056, SUCCESS, logIndex=1435, commits[1b229672-9fc1-42d6-9200-214eb0163fc5:c1436, 4cc0758a-96f5-4ab9-816d-81d822da247a:c1432, 8693c47f-40a3-4a1c-b7ba-6ed996b9183c:c1432]
2019-07-08 22:29:38,929 INFO  client.GrpcClientProtocolClient (GrpcClientProtocolClient.java:onNext(255)) - client-7538DDC4E776->1b229672-9fc1-42d6-9200-214eb0163fc5: receive RaftClientReply:client-7538DDC4E776->1b229672-9fc1-42d6-9200-214eb0163fc5@group-440AB812C07F, cid=1057, SUCCESS, logIndex=1436, commits[1b229672-9fc1-42d6-9200-214eb0163fc5:c1436, 4cc0758a-96f5-4ab9-816d-81d822da247a:c1432, 8693c47f-40a3-4a1c-b7ba-6ed996b9183c:c1432]
2019-07-08 22:29:38,931 INFO  client.GrpcClientProtocolClient (GrpcClientProtocolClient.java:onNext(255)) - client-7538DDC4E776->1b229672-9fc1-42d6-9200-214eb0163fc5: receive RaftClientReply:client-7538DDC4E776->1b229672-9fc1-42d6-9200-214eb0163fc5@group-440AB812C07F, cid=1058, SUCCESS, logIndex=0, commits[1b229672-9fc1-42d6-9200-214eb0163fc5:c1438, 4cc0758a-96f5-4ab9-816d-81d822da247a:c1434, 8693c47f-40a3-4a1c-b7ba-6ed996b9183c:c1434]
2019-07-08 22:29:38,976 INFO  client.GrpcClientProtocolClient (GrpcClientProtocolClient.java:onNext(255)) - client-7538DDC4E776->1b229672-9fc1-42d6-9200-214eb0163fc5: receive RaftClientReply:client-7538DDC4E776->1b229672-9fc1-42d6-9200-214eb0163fc5@group-440AB812C07F, cid=1059, SUCCESS, logIndex=1441, commits[1b229672-9fc1-42d6-9200-214eb0163fc5:c1442, 4cc0758a-96f5-4ab9-816d-81d822da247a:c1440, 8693c47f-40a3-4a1c-b7ba-6ed996b9183c:c1440]
2019-07-08 22:29:38,976 INFO  client.GrpcClientProtocolClient (GrpcClientProtocolClient.java:onNext(255)) - client-7538DDC4E776->1b229672-9fc1-42d6-9200-214eb0163fc5: receive RaftClientReply:client-7538DDC4E776->1b229672-9fc1-42d6-9200-214eb0163fc5@group-440AB812C07F, cid=1060, SUCCESS, logIndex=1442, commits[1b229672-9fc1-42d6-9200-214eb0163fc5:c1442, 4cc0758a-96f5-4ab9-816d-81d822da247a:c1440, 8693c47f-40a3-4a1c-b7ba-6ed996b9183c:c1440]
2019-07-08 22:29:39,010 INFO  client.GrpcClientProtocolClient (GrpcClientProtocolClient.java:onNext(255)) - client-7538DDC4E776->1b229672-9fc1-42d6-9200-214eb0163fc5: receive RaftClientReply:client-7538DDC4E776->1b229672-9fc1-42d6-9200-214eb0163fc5@group-440AB812C07F, cid=1061, SUCCESS, logIndex=1445, commits[1b229672-9fc1-42d6-9200-214eb0163fc5:c1446, 4cc0758a-96f5-4ab9-816d-81d822da247a:c1442, 8693c47f-40a3-4a1c-b7ba-6ed996b9183c:c1442]
2019-07-08 22:29:39,010 INFO  client.GrpcClientProtocolClient (GrpcClientProtocolClient.java:onNext(255)) - client-7538DDC4E776->1b229672-9fc1-42d6-9200-214eb0163fc5: receive RaftClientReply:client-7538DDC4E776->1b229672-9fc1-42d6-9200-214eb0163fc5@group-440AB812C07F, cid=1062, SUCCESS, logIndex=1446, commits[1b229672-9fc1-42d6-9200-214eb0163fc5:c1446, 4cc0758a-96f5-4ab9-816d-81d822da247a:c1442, 8693c47f-40a3-4a1c-b7ba-6ed996b9183c:c1442]
2019-07-08 22:29:39,023 INFO  client.GrpcClientProtocolClient (GrpcClientProtocolClient.java:onNext(255)) - client-7538DDC4E776->1b229672-9fc1-42d6-9200-214eb0163fc5: receive RaftClientReply:client-7538DDC4E776->1b229672-9fc1-42d6-9200-214eb0163fc5@group-440AB812C07F, cid=1063, SUCCESS, logIndex=0, commits[1b229672-9fc1-42d6-9200-214eb0163fc5:c1448, 4cc0758a-96f5-4ab9-816d-81d822da247a:c1446, 8693c47f-40a3-4a1c-b7ba-6ed996b9183c:c1446]
2019-07-08 22:29:39,176 INFO  client.GrpcClientProtocolClient (GrpcClientProtocolClient.java:onNext(255)) - client-7538DDC4E776->1b229672-9fc1-42d6-9200-214eb0163fc5: receive RaftClientReply:client-7538DDC4E776->1b229672-9fc1-42d6-9200-214eb0163fc5@group-440AB812C07F, cid=1064, SUCCESS, logIndex=1449, commits[1b229672-9fc1-42d6-9200-214eb0163fc5:c1451, 4cc0758a-96f5-4ab9-816d-81d822da247a:c1448, 8693c47f-40a3-4a1c-b7ba-6ed996b9183c:c1448]
2019-07-08 22:29:39,177 INFO  client.GrpcClientProtocolClient (GrpcClientProtocolClient.java:onNext(255)) - client-7538DDC4E776->1b229672-9fc1-42d6-9200-214eb0163fc5: receive RaftClientReply:client-7538DDC4E776->1b229672-9fc1-42d6-9200-214eb0163fc5@group-440AB812C07F, cid=1065, SUCCESS, logIndex=1450, commits[1b229672-9fc1-42d6-9200-214eb0163fc5:c1452, 4cc0758a-96f5-4ab9-816d-81d822da247a:c1448, 8693c47f-40a3-4a1c-b7ba-6ed996b9183c:c1448]
2019-07-08 22:29:39,177 INFO  client.GrpcClientProtocolClient (GrpcClientProtocolClient.java:onNext(255)) - client-7538DDC4E776->1b229672-9fc1-42d6-9200-214eb0163fc5: receive RaftClientReply:client-7538DDC4E776->1b229672-9fc1-42d6-9200-214eb0163fc5@group-440AB812C07F, cid=1066, SUCCESS, logIndex=1451, commits[1b229672-9fc1-42d6-9200-214eb0163fc5:c1452, 4cc0758a-96f5-4ab9-816d-81d822da247a:c1448, 8693c47f-40a3-4a1c-b7ba-6ed996b9183c:c1448]
2019-07-08 22:29:39,177 INFO  client.GrpcClientProtocolClient (GrpcClientProtocolClient.java:onNext(255)) - client-7538DDC4E776->1b229672-9fc1-42d6-9200-214eb0163fc5: receive RaftClientReply:client-7538DDC4E776->1b229672-9fc1-42d6-9200-214eb0163fc5@group-440AB812C07F, cid=1067, SUCCESS, logIndex=1452, commits[1b229672-9fc1-42d6-9200-214eb0163fc5:c1452, 4cc0758a-96f5-4ab9-816d-81d822da247a:c1448, 8693c47f-40a3-4a1c-b7ba-6ed996b9183c:c1448]
2019-07-08 22:29:39,189 INFO  client.GrpcClientProtocolClient (GrpcClientProtocolClient.java:onNext(255)) - client-7538DDC4E776->1b229672-9fc1-42d6-9200-214eb0163fc5: receive RaftClientReply:client-7538DDC4E776->1b229672-9fc1-42d6-9200-214eb0163fc5@group-440AB812C07F, cid=1068, SUCCESS, logIndex=0, commits[1b229672-9fc1-42d6-9200-214eb0163fc5:c1454, 4cc0758a-96f5-4ab9-816d-81d822da247a:c1451, 8693c47f-40a3-4a1c-b7ba-6ed996b9183c:c1451]
2019-07-08 22:29:39,223 INFO  client.GrpcClientProtocolClient (GrpcClientProtocolClient.java:onNext(255)) - client-7538DDC4E776->1b229672-9fc1-42d6-9200-214eb0163fc5: receive RaftClientReply:client-7538DDC4E776->1b229672-9fc1-42d6-9200-214eb0163fc5@group-440AB812C07F, cid=1069, SUCCESS, logIndex=1457, commits[1b229672-9fc1-42d6-9200-214eb0163fc5:c1458, 4cc0758a-96f5-4ab9-816d-81d822da247a:c1456, 8693c47f-40a3-4a1c-b7ba-6ed996b9183c:c1456]
2019-07-08 22:29:39,223 INFO  client.GrpcClientProtocolClient (GrpcClientProtocolClient.java:onNext(255)) - client-7538DDC4E776->1b229672-9fc1-42d6-9200-214eb0163fc5: receive RaftClientReply:client-7538DDC4E776->1b229672-9fc1-42d6-9200-214eb0163fc5@group-440AB812C07F, cid=1070, SUCCESS, logIndex=1458, commits[1b229672-9fc1-42d6-9200-214eb0163fc5:c1458, 4cc0758a-96f5-4ab9-816d-81d822da247a:c1456, 8693c47f-40a3-4a1c-b7ba-6ed996b9183c:c1456]
2019-07-08 22:29:39,237 INFO  client.GrpcClientProtocolClient (GrpcClientProtocolClient.java:onNext(255)) - client-7538DDC4E776->1b229672-9fc1-42d6-9200-214eb0163fc5: receive RaftClientReply:client-7538DDC4E776->1b229672-9fc1-42d6-9200-214eb0163fc5@group-440AB812C07F, cid=1071, SUCCESS, logIndex=1461, commits[1b229672-9fc1-42d6-9200-214eb0163fc5:c1462, 4cc0758a-96f5-4ab9-816d-81d822da247a:c1457, 8693c47f-40a3-4a1c-b7ba-6ed996b9183c:c1458]
2019-07-08 22:29:39,237 INFO  client.GrpcClientProtocolClient (GrpcClientProtocolClient.java:onNext(255)) - client-7538DDC4E776->1b229672-9fc1-42d6-9200-214eb0163fc5: receive RaftClientReply:client-7538DDC4E776->1b229672-9fc1-42d6-9200-214eb0163fc5@group-440AB812C07F, cid=1072, SUCCESS, logIndex=1462, commits[1b229672-9fc1-42d6-9200-214eb0163fc5:c1462, 4cc0758a-96f5-4ab9-816d-81d822da247a:c1458, 8693c47f-40a3-4a1c-b7ba-6ed996b9183c:c1458]
2019-07-08 22:29:39,239 INFO  client.GrpcClientProtocolClient (GrpcClientProtocolClient.java:onNext(255)) - client-7538DDC4E776->1b229672-9fc1-42d6-9200-214eb0163fc5: receive RaftClientReply:client-7538DDC4E776->1b229672-9fc1-42d6-9200-214eb0163fc5@group-440AB812C07F, cid=1073, SUCCESS, logIndex=0, commits[1b229672-9fc1-42d6-9200-214eb0163fc5:c1463, 4cc0758a-96f5-4ab9-816d-81d822da247a:c1462, 8693c47f-40a3-4a1c-b7ba-6ed996b9183c:c1462]
2019-07-08 22:29:39,255 INFO  client.GrpcClientProtocolClient (GrpcClientProtocolClient.java:onNext(255)) - client-7538DDC4E776->1b229672-9fc1-42d6-9200-214eb0163fc5: receive RaftClientReply:client-7538DDC4E776->1b229672-9fc1-42d6-9200-214eb0163fc5@group-440AB812C07F, cid=1074, SUCCESS, logIndex=1465, commits[1b229672-9fc1-42d6-9200-214eb0163fc5:c1466, 4cc0758a-96f5-4ab9-816d-81d822da247a:c1464, 8693c47f-40a3-4a1c-b7ba-6ed996b9183c:c1464]
2019-07-08 22:29:39,255 INFO  client.GrpcClientProtocolClient (GrpcClientProtocolClient.java:onNext(255)) - client-7538DDC4E776->1b229672-9fc1-42d6-9200-214eb0163fc5: receive RaftClientReply:client-7538DDC4E776->1b229672-9fc1-42d6-9200-214eb0163fc5@group-440AB812C07F, cid=1075, SUCCESS, logIndex=1466, commits[1b229672-9fc1-42d6-9200-214eb0163fc5:c1466, 4cc0758a-96f5-4ab9-816d-81d822da247a:c1464, 8693c47f-40a3-4a1c-b7ba-6ed996b9183c:c1464]
2019-07-08 22:29:39,256 INFO  client.GrpcClientProtocolClient (GrpcClientProtocolClient.java:onNext(255)) - client-7538DDC4E776->1b229672-9fc1-42d6-9200-214eb0163fc5: receive RaftClientReply:client-7538DDC4E776->1b229672-9fc1-42d6-9200-214eb0163fc5@group-440AB812C07F, cid=1076, SUCCESS, logIndex=1467, commits[1b229672-9fc1-42d6-9200-214eb0163fc5:c1468, 4cc0758a-96f5-4ab9-816d-81d822da247a:c1464, 8693c47f-40a3-4a1c-b7ba-6ed996b9183c:c1464]
2019-07-08 22:29:39,257 INFO  client.GrpcClientProtocolClient (GrpcClientProtocolClient.java:onNext(255)) - client-7538DDC4E776->1b229672-9fc1-42d6-9200-214eb0163fc5: receive RaftClientReply:client-7538DDC4E776->1b229672-9fc1-42d6-9200-214eb0163fc5@group-440AB812C07F, cid=1077, SUCCESS, logIndex=1468, commits[1b229672-9fc1-42d6-9200-214eb0163fc5:c1468, 4cc0758a-96f5-4ab9-816d-81d822da247a:c1464, 8693c47f-40a3-4a1c-b7ba-6ed996b9183c:c1464]
2019-07-08 22:29:39,258 INFO  client.GrpcClientProtocolClient (GrpcClientProtocolClient.java:onNext(255)) - client-7538DDC4E776->1b229672-9fc1-42d6-9200-214eb0163fc5: receive RaftClientReply:client-7538DDC4E776->1b229672-9fc1-42d6-9200-214eb0163fc5@group-440AB812C07F, cid=1078, SUCCESS, logIndex=0, commits[1b229672-9fc1-42d6-9200-214eb0163fc5:c1470, 4cc0758a-96f5-4ab9-816d-81d822da247a:c1466, 8693c47f-40a3-4a1c-b7ba-6ed996b9183c:c1466]
2019-07-08 22:29:39,287 INFO  client.GrpcClientProtocolClient (GrpcClientProtocolClient.java:onNext(255)) - client-7538DDC4E776->1b229672-9fc1-42d6-9200-214eb0163fc5: receive RaftClientReply:client-7538DDC4E776->1b229672-9fc1-42d6-9200-214eb0163fc5@group-440AB812C07F, cid=1079, SUCCESS, logIndex=1473, commits[1b229672-9fc1-42d6-9200-214eb0163fc5:c1474, 4cc0758a-96f5-4ab9-816d-81d822da247a:c1472, 8693c47f-40a3-4a1c-b7ba-6ed996b9183c:c1472]
2019-07-08 22:29:39,288 INFO  client.GrpcClientProtocolClient (GrpcClientProtocolClient.java:onNext(255)) - client-7538DDC4E776->1b229672-9fc1-42d6-9200-214eb0163fc5: receive RaftClientReply:client-7538DDC4E776->1b229672-9fc1-42d6-9200-214eb0163fc5@group-440AB812C07F, cid=1080, SUCCESS, logIndex=1474, commits[1b229672-9fc1-42d6-9200-214eb0163fc5:c1474, 4cc0758a-96f5-4ab9-816d-81d822da247a:c1472, 8693c47f-40a3-4a1c-b7ba-6ed996b9183c:c1472]
2019-07-08 22:29:39,301 INFO  client.GrpcClientProtocolClient (GrpcClientProtocolClient.java:onNext(255)) - client-7538DDC4E776->1b229672-9fc1-42d6-9200-214eb0163fc5: receive RaftClientReply:client-7538DDC4E776->1b229672-9fc1-42d6-9200-214eb0163fc5@group-440AB812C07F, cid=1081, SUCCESS, logIndex=1477, commits[1b229672-9fc1-42d6-9200-214eb0163fc5:c1478, 4cc0758a-96f5-4ab9-816d-81d822da247a:c1474, 8693c47f-40a3-4a1c-b7ba-6ed996b9183c:c1474]
2019-07-08 22:29:39,301 INFO  client.GrpcClientProtocolClient (GrpcClientProtocolClient.java:onNext(255)) - client-7538DDC4E776->1b229672-9fc1-42d6-9200-214eb0163fc5: receive RaftClientReply:client-7538DDC4E776->1b229672-9fc1-42d6-9200-214eb0163fc5@group-440AB812C07F, cid=1082, SUCCESS, logIndex=1478, commits[1b229672-9fc1-42d6-9200-214eb0163fc5:c1478, 4cc0758a-96f5-4ab9-816d-81d822da247a:c1474, 8693c47f-40a3-4a1c-b7ba-6ed996b9183c:c1474]
2019-07-08 22:29:39,314 INFO  client.GrpcClientProtocolClient (GrpcClientProtocolClient.java:onNext(255)) - client-7538DDC4E776->1b229672-9fc1-42d6-9200-214eb0163fc5: receive RaftClientReply:client-7538DDC4E776->1b229672-9fc1-42d6-9200-214eb0163fc5@group-440AB812C07F, cid=1083, SUCCESS, logIndex=0, commits[1b229672-9fc1-42d6-9200-214eb0163fc5:c1480, 4cc0758a-96f5-4ab9-816d-81d822da247a:c1478, 8693c47f-40a3-4a1c-b7ba-6ed996b9183c:c1478]
2019-07-08 22:29:39,335 INFO  client.GrpcClientProtocolClient (GrpcClientProtocolClient.java:onNext(255)) - client-7538DDC4E776->1b229672-9fc1-42d6-9200-214eb0163fc5: receive RaftClientReply:client-7538DDC4E776->1b229672-9fc1-42d6-9200-214eb0163fc5@group-440AB812C07F, cid=1084, SUCCESS, logIndex=1481, commits[1b229672-9fc1-42d6-9200-214eb0163fc5:c1482, 4cc0758a-96f5-4ab9-816d-81d822da247a:c1480, 8693c47f-40a3-4a1c-b7ba-6ed996b9183c:c1480]
2019-07-08 22:29:39,335 INFO  client.GrpcClientProtocolClient (GrpcClientProtocolClient.java:onNext(255)) - client-7538DDC4E776->1b229672-9fc1-42d6-9200-214eb0163fc5: receive RaftClientReply:client-7538DDC4E776->1b229672-9fc1-42d6-9200-214eb0163fc5@group-440AB812C07F, cid=1085, SUCCESS, logIndex=1482, commits[1b229672-9fc1-42d6-9200-214eb0163fc5:c1484, 4cc0758a-96f5-4ab9-816d-81d822da247a:c1480, 8693c47f-40a3-4a1c-b7ba-6ed996b9183c:c1480]
2019-07-08 22:29:39,335 INFO  client.GrpcClientProtocolClient (GrpcClientProtocolClient.java:onNext(255)) - client-7538DDC4E776->1b229672-9fc1-42d6-9200-214eb0163fc5: receive RaftClientReply:client-7538DDC4E776->1b229672-9fc1-42d6-9200-214eb0163fc5@group-440AB812C07F, cid=1086, SUCCESS, logIndex=1483, commits[1b229672-9fc1-42d6-9200-214eb0163fc5:c1484, 4cc0758a-96f5-4ab9-816d-81d822da247a:c1480, 8693c47f-40a3-4a1c-b7ba-6ed996b9183c:c1480]
2019-07-08 22:29:39,336 INFO  client.GrpcClientProtocolClient (GrpcClientProtocolClient.java:onNext(255)) - client-7538DDC4E776->1b229672-9fc1-42d6-9200-214eb0163fc5: receive RaftClientReply:client-7538DDC4E776->1b229672-9fc1-42d6-9200-214eb0163fc5@group-440AB812C07F, cid=1087, SUCCESS, logIndex=1484, commits[1b229672-9fc1-42d6-9200-214eb0163fc5:c1484, 4cc0758a-96f5-4ab9-816d-81d822da247a:c1480, 8693c47f-40a3-4a1c-b7ba-6ed996b9183c:c1480]
2019-07-08 22:29:39,337 INFO  client.GrpcClientProtocolClient (GrpcClientProtocolClient.java:onNext(255)) - client-7538DDC4E776->1b229672-9fc1-42d6-9200-214eb0163fc5: receive RaftClientReply:client-7538DDC4E776->1b229672-9fc1-42d6-9200-214eb0163fc5@group-440AB812C07F, cid=1088, SUCCESS, logIndex=0, commits[1b229672-9fc1-42d6-9200-214eb0163fc5:c1486, 4cc0758a-96f5-4ab9-816d-81d822da247a:c1482, 8693c47f-40a3-4a1c-b7ba-6ed996b9183c:c1482]
2019-07-08 22:29:39,353 INFO  client.GrpcClientProtocolClient (GrpcClientProtocolClient.java:onNext(255)) - client-7538DDC4E776->1b229672-9fc1-42d6-9200-214eb0163fc5: receive RaftClientReply:client-7538DDC4E776->1b229672-9fc1-42d6-9200-214eb0163fc5@group-440AB812C07F, cid=1089, SUCCESS, logIndex=1489, commits[1b229672-9fc1-42d6-9200-214eb0163fc5:c1490, 4cc0758a-96f5-4ab9-816d-81d822da247a:c1488, 8693c47f-40a3-4a1c-b7ba-6ed996b9183c:c1488]
2019-07-08 22:29:39,353 INFO  client.GrpcClientProtocolClient (GrpcClientProtocolClient.java:onNext(255)) - client-7538DDC4E776->1b229672-9fc1-42d6-9200-214eb0163fc5: receive RaftClientReply:client-7538DDC4E776->1b229672-9fc1-42d6-9200-214eb0163fc5@group-440AB812C07F, cid=1090, SUCCESS, logIndex=1490, commits[1b229672-9fc1-42d6-9200-214eb0163fc5:c1490, 4cc0758a-96f5-4ab9-816d-81d822da247a:c1488, 8693c47f-40a3-4a1c-b7ba-6ed996b9183c:c1488]
2019-07-08 22:29:39,366 INFO  client.GrpcClientProtocolClient (GrpcClientProtocolClient.java:onNext(255)) - client-7538DDC4E776->1b229672-9fc1-42d6-9200-214eb0163fc5: receive RaftClientReply:client-7538DDC4E776->1b229672-9fc1-42d6-9200-214eb0163fc5@group-440AB812C07F, cid=1091, SUCCESS, logIndex=1493, commits[1b229672-9fc1-42d6-9200-214eb0163fc5:c1494, 4cc0758a-96f5-4ab9-816d-81d822da247a:c1492, 8693c47f-40a3-4a1c-b7ba-6ed996b9183c:c1490]
2019-07-08 22:29:39,367 INFO  client.GrpcClientProtocolClient (GrpcClientProtocolClient.java:onNext(255)) - client-7538DDC4E776->1b229672-9fc1-42d6-9200-214eb0163fc5: receive RaftClientReply:client-7538DDC4E776->1b229672-9fc1-42d6-9200-214eb0163fc5@group-440AB812C07F, cid=1092, SUCCESS, logIndex=1494, commits[1b229672-9fc1-42d6-9200-214eb0163fc5:c1494, 4cc0758a-96f5-4ab9-816d-81d822da247a:c1492, 8693c47f-40a3-4a1c-b7ba-6ed996b9183c:c1492]
2019-07-08 22:29:39,368 INFO  client.GrpcClientProtocolClient (GrpcClientProtocolClient.java:onNext(255)) - client-7538DDC4E776->1b229672-9fc1-42d6-9200-214eb0163fc5: receive RaftClientReply:client-7538DDC4E776->1b229672-9fc1-42d6-9200-214eb0163fc5@group-440AB812C07F, cid=1093, SUCCESS, logIndex=0, commits[1b229672-9fc1-42d6-9200-214eb0163fc5:c1495, 4cc0758a-96f5-4ab9-816d-81d822da247a:c1494, 8693c47f-40a3-4a1c-b7ba-6ed996b9183c:c1494]
2019-07-08 22:29:39,383 INFO  client.GrpcClientProtocolClient (GrpcClientProtocolClient.java:onNext(255)) - client-7538DDC4E776->1b229672-9fc1-42d6-9200-214eb0163fc5: receive RaftClientReply:client-7538DDC4E776->1b229672-9fc1-42d6-9200-214eb0163fc5@group-440AB812C07F, cid=1094, SUCCESS, logIndex=1496, commits[1b229672-9fc1-42d6-9200-214eb0163fc5:c1497, 4cc0758a-96f5-4ab9-816d-81d822da247a:c1495, 8693c47f-40a3-4a1c-b7ba-6ed996b9183c:c1494]
2019-07-08 22:29:39,383 INFO  client.GrpcClientProtocolClient (GrpcClientProtocolClient.java:onNext(255)) - client-7538DDC4E776->1b229672-9fc1-42d6-9200-214eb0163fc5: receive RaftClientReply:client-7538DDC4E776->1b229672-9fc1-42d6-9200-214eb0163fc5@group-440AB812C07F, cid=1095, SUCCESS, logIndex=1497, commits[1b229672-9fc1-42d6-9200-214eb0163fc5:c1497, 4cc0758a-96f5-4ab9-816d-81d822da247a:c1495, 8693c47f-40a3-4a1c-b7ba-6ed996b9183c:c1495]
2019-07-08 22:29:39,384 INFO  client.GrpcClientProtocolClient (GrpcClientProtocolClient.java:onNext(255)) - client-7538DDC4E776->1b229672-9fc1-42d6-9200-214eb0163fc5: receive RaftClientReply:client-7538DDC4E776->1b229672-9fc1-42d6-9200-214eb0163fc5@group-440AB812C07F, cid=1096, SUCCESS, logIndex=1498, commits[1b229672-9fc1-42d6-9200-214eb0163fc5:c1498, 4cc0758a-96f5-4ab9-816d-81d822da247a:c1495, 8693c47f-40a3-4a1c-b7ba-6ed996b9183c:c1495]
2019-07-08 22:29:39,384 INFO  client.GrpcClientProtocolClient (GrpcClientProtocolClient.java:onNext(255)) - client-7538DDC4E776->1b229672-9fc1-42d6-9200-214eb0163fc5: receive RaftClientReply:client-7538DDC4E776->1b229672-9fc1-42d6-9200-214eb0163fc5@group-440AB812C07F, cid=1097, SUCCESS, logIndex=1499, commits[1b229672-9fc1-42d6-9200-214eb0163fc5:c1499, 4cc0758a-96f5-4ab9-816d-81d822da247a:c1495, 8693c47f-40a3-4a1c-b7ba-6ed996b9183c:c1495]
2019-07-08 22:29:39,385 INFO  client.GrpcClientProtocolClient (GrpcClientProtocolClient.java:onNext(255)) - client-7538DDC4E776->1b229672-9fc1-42d6-9200-214eb0163fc5: receive RaftClientReply:client-7538DDC4E776->1b229672-9fc1-42d6-9200-214eb0163fc5@group-440AB812C07F, cid=1098, SUCCESS, logIndex=0, commits[1b229672-9fc1-42d6-9200-214eb0163fc5:c1501, 4cc0758a-96f5-4ab9-816d-81d822da247a:c1497, 8693c47f-40a3-4a1c-b7ba-6ed996b9183c:c1497]
2019-07-08 22:29:39,398 INFO  client.GrpcClientProtocolClient (GrpcClientProtocolClient.java:onNext(255)) - client-7538DDC4E776->1b229672-9fc1-42d6-9200-214eb0163fc5: receive RaftClientReply:client-7538DDC4E776->1b229672-9fc1-42d6-9200-214eb0163fc5@group-440AB812C07F, cid=1099, SUCCESS, logIndex=1504, commits[1b229672-9fc1-42d6-9200-214eb0163fc5:c1505, 4cc0758a-96f5-4ab9-816d-81d822da247a:c1499, 8693c47f-40a3-4a1c-b7ba-6ed996b9183c:c1503]
2019-07-08 22:29:39,399 INFO  client.GrpcClientProtocolClient (GrpcClientProtocolClient.java:onNext(255)) - client-7538DDC4E776->1b229672-9fc1-42d6-9200-214eb0163fc5: receive RaftClientReply:client-7538DDC4E776->1b229672-9fc1-42d6-9200-214eb0163fc5@group-440AB812C07F, cid=1100, SUCCESS, logIndex=1505, commits[1b229672-9fc1-42d6-9200-214eb0163fc5:c1505, 4cc0758a-96f5-4ab9-816d-81d822da247a:c1503, 8693c47f-40a3-4a1c-b7ba-6ed996b9183c:c1503]
2019-07-08 22:29:39,412 INFO  client.GrpcClientProtocolClient (GrpcClientProtocolClient.java:onNext(255)) - client-7538DDC4E776->1b229672-9fc1-42d6-9200-214eb0163fc5: receive RaftClientReply:client-7538DDC4E776->1b229672-9fc1-42d6-9200-214eb0163fc5@group-440AB812C07F, cid=1101, SUCCESS, logIndex=1508, commits[1b229672-9fc1-42d6-9200-214eb0163fc5:c1509, 4cc0758a-96f5-4ab9-816d-81d822da247a:c1507, 8693c47f-40a3-4a1c-b7ba-6ed996b9183c:c1505]
2019-07-08 22:29:39,412 INFO  client.GrpcClientProtocolClient (GrpcClientProtocolClient.java:onNext(255)) - client-7538DDC4E776->1b229672-9fc1-42d6-9200-214eb0163fc5: receive RaftClientReply:client-7538DDC4E776->1b229672-9fc1-42d6-9200-214eb0163fc5@group-440AB812C07F, cid=1102, SUCCESS, logIndex=1509, commits[1b229672-9fc1-42d6-9200-214eb0163fc5:c1509, 4cc0758a-96f5-4ab9-816d-81d822da247a:c1507, 8693c47f-40a3-4a1c-b7ba-6ed996b9183c:c1507]
2019-07-08 22:29:39,414 INFO  client.GrpcClientProtocolClient (GrpcClientProtocolClient.java:onNext(255)) - client-7538DDC4E776->1b229672-9fc1-42d6-9200-214eb0163fc5: receive RaftClientReply:client-7538DDC4E776->1b229672-9fc1-42d6-9200-214eb0163fc5@group-440AB812C07F, cid=1103, SUCCESS, logIndex=0, commits[1b229672-9fc1-42d6-9200-214eb0163fc5:c1510, 4cc0758a-96f5-4ab9-816d-81d822da247a:c1509, 8693c47f-40a3-4a1c-b7ba-6ed996b9183c:c1509]
2019-07-08 22:29:39,427 INFO  client.GrpcClientProtocolClient (GrpcClientProtocolClient.java:onNext(255)) - client-7538DDC4E776->1b229672-9fc1-42d6-9200-214eb0163fc5: receive RaftClientReply:client-7538DDC4E776->1b229672-9fc1-42d6-9200-214eb0163fc5@group-440AB812C07F, cid=1104, SUCCESS, logIndex=1512, commits[1b229672-9fc1-42d6-9200-214eb0163fc5:c1513, 4cc0758a-96f5-4ab9-816d-81d822da247a:c1511, 8693c47f-40a3-4a1c-b7ba-6ed996b9183c:c1509]
2019-07-08 22:29:39,428 INFO  client.GrpcClientProtocolClient (GrpcClientProtocolClient.java:onNext(255)) - client-7538DDC4E776->1b229672-9fc1-42d6-9200-214eb0163fc5: receive RaftClientReply:client-7538DDC4E776->1b229672-9fc1-42d6-9200-214eb0163fc5@group-440AB812C07F, cid=1105, SUCCESS, logIndex=1513, commits[1b229672-9fc1-42d6-9200-214eb0163fc5:c1513, 4cc0758a-96f5-4ab9-816d-81d822da247a:c1511, 8693c47f-40a3-4a1c-b7ba-6ed996b9183c:c1509]
2019-07-08 22:29:39,429 INFO  client.GrpcClientProtocolClient (GrpcClientProtocolClient.java:onNext(255)) - client-7538DDC4E776->1b229672-9fc1-42d6-9200-214eb0163fc5: receive RaftClientReply:client-7538DDC4E776->1b229672-9fc1-42d6-9200-214eb0163fc5@group-440AB812C07F, cid=1106, SUCCESS, logIndex=1514, commits[1b229672-9fc1-42d6-9200-214eb0163fc5:c1515, 4cc0758a-96f5-4ab9-816d-81d822da247a:c1511, 8693c47f-40a3-4a1c-b7ba-6ed996b9183c:c1511]
2019-07-08 22:29:39,429 INFO  client.GrpcClientProtocolClient (GrpcClientProtocolClient.java:onNext(255)) - client-7538DDC4E776->1b229672-9fc1-42d6-9200-214eb0163fc5: receive RaftClientReply:client-7538DDC4E776->1b229672-9fc1-42d6-9200-214eb0163fc5@group-440AB812C07F, cid=1107, SUCCESS, logIndex=1515, commits[1b229672-9fc1-42d6-9200-214eb0163fc5:c1515, 4cc0758a-96f5-4ab9-816d-81d822da247a:c1511, 8693c47f-40a3-4a1c-b7ba-6ed996b9183c:c1511]
2019-07-08 22:29:39,430 INFO  client.GrpcClientProtocolClient (GrpcClientProtocolClient.java:onNext(255)) - client-7538DDC4E776->1b229672-9fc1-42d6-9200-214eb0163fc5: receive RaftClientReply:client-7538DDC4E776->1b229672-9fc1-42d6-9200-214eb0163fc5@group-440AB812C07F, cid=1108, SUCCESS, logIndex=0, commits[1b229672-9fc1-42d6-9200-214eb0163fc5:c1518, 4cc0758a-96f5-4ab9-816d-81d822da247a:c1515, 8693c47f-40a3-4a1c-b7ba-6ed996b9183c:c1513]
2019-07-08 22:29:39,441 INFO  client.GrpcClientProtocolClient (GrpcClientProtocolClient.java:onNext(255)) - client-7538DDC4E776->1b229672-9fc1-42d6-9200-214eb0163fc5: receive RaftClientReply:client-7538DDC4E776->1b229672-9fc1-42d6-9200-214eb0163fc5@group-440AB812C07F, cid=1109, SUCCESS, logIndex=1520, commits[1b229672-9fc1-42d6-9200-214eb0163fc5:c1521, 4cc0758a-96f5-4ab9-816d-81d822da247a:c1515, 8693c47f-40a3-4a1c-b7ba-6ed996b9183c:c1519]
2019-07-08 22:29:39,442 INFO  client.GrpcClientProtocolClient (GrpcClientProtocolClient.java:onNext(255)) - client-7538DDC4E776->1b229672-9fc1-42d6-9200-214eb0163fc5: receive RaftClientReply:client-7538DDC4E776->1b229672-9fc1-42d6-9200-214eb0163fc5@group-440AB812C07F, cid=1110, SUCCESS, logIndex=1521, commits[1b229672-9fc1-42d6-9200-214eb0163fc5:c1521, 4cc0758a-96f5-4ab9-816d-81d822da247a:c1519, 8693c47f-40a3-4a1c-b7ba-6ed996b9183c:c1519]
2019-07-08 22:29:39,468 INFO  client.GrpcClientProtocolClient (GrpcClientProtocolClient.java:onNext(255)) - client-7538DDC4E776->1b229672-9fc1-42d6-9200-214eb0163fc5: receive RaftClientReply:client-7538DDC4E776->1b229672-9fc1-42d6-9200-214eb0163fc5@group-440AB812C07F, cid=1111, SUCCESS, logIndex=1524, commits[1b229672-9fc1-42d6-9200-214eb0163fc5:c1525, 4cc0758a-96f5-4ab9-816d-81d822da247a:c1523, 8693c47f-40a3-4a1c-b7ba-6ed996b9183c:c1523]
2019-07-08 22:29:39,469 INFO  client.GrpcClientProtocolClient (GrpcClientProtocolClient.java:onNext(255)) - client-7538DDC4E776->1b229672-9fc1-42d6-9200-214eb0163fc5: receive RaftClientReply:client-7538DDC4E776->1b229672-9fc1-42d6-9200-214eb0163fc5@group-440AB812C07F, cid=1112, SUCCESS, logIndex=1525, commits[1b229672-9fc1-42d6-9200-214eb0163fc5:c1525, 4cc0758a-96f5-4ab9-816d-81d822da247a:c1523, 8693c47f-40a3-4a1c-b7ba-6ed996b9183c:c1523]
2019-07-08 22:29:39,478 INFO  client.GrpcClientProtocolClient (GrpcClientProtocolClient.java:onNext(255)) - client-7538DDC4E776->1b229672-9fc1-42d6-9200-214eb0163fc5: receive RaftClientReply:client-7538DDC4E776->1b229672-9fc1-42d6-9200-214eb0163fc5@group-440AB812C07F, cid=1113, SUCCESS, logIndex=0, commits[1b229672-9fc1-42d6-9200-214eb0163fc5:c1526, 4cc0758a-96f5-4ab9-816d-81d822da247a:c1525, 8693c47f-40a3-4a1c-b7ba-6ed996b9183c:c1525]
2019-07-08 22:29:39,498 INFO  client.GrpcClientProtocolClient (GrpcClientProtocolClient.java:onNext(255)) - client-7538DDC4E776->1b229672-9fc1-42d6-9200-214eb0163fc5: receive RaftClientReply:client-7538DDC4E776->1b229672-9fc1-42d6-9200-214eb0163fc5@group-440AB812C07F, cid=1114, SUCCESS, logIndex=1528, commits[1b229672-9fc1-42d6-9200-214eb0163fc5:c1530, 4cc0758a-96f5-4ab9-816d-81d822da247a:c1527, 8693c47f-40a3-4a1c-b7ba-6ed996b9183c:c1527]
2019-07-08 22:29:39,498 INFO  client.GrpcClientProtocolClient (GrpcClientProtocolClient.java:onNext(255)) - client-7538DDC4E776->1b229672-9fc1-42d6-9200-214eb0163fc5: receive RaftClientReply:client-7538DDC4E776->1b229672-9fc1-42d6-9200-214eb0163fc5@group-440AB812C07F, cid=1115, SUCCESS, logIndex=1529, commits[1b229672-9fc1-42d6-9200-214eb0163fc5:c1531, 4cc0758a-96f5-4ab9-816d-81d822da247a:c1527, 8693c47f-40a3-4a1c-b7ba-6ed996b9183c:c1527]
2019-07-08 22:29:39,498 INFO  client.GrpcClientProtocolClient (GrpcClientProtocolClient.java:onNext(255)) - client-7538DDC4E776->1b229672-9fc1-42d6-9200-214eb0163fc5: receive RaftClientReply:client-7538DDC4E776->1b229672-9fc1-42d6-9200-214eb0163fc5@group-440AB812C07F, cid=1116, SUCCESS, logIndex=1530, commits[1b229672-9fc1-42d6-9200-214eb0163fc5:c1532, 4cc0758a-96f5-4ab9-816d-81d822da247a:c1527, 8693c47f-40a3-4a1c-b7ba-6ed996b9183c:c1529]
2019-07-08 22:29:39,499 INFO  client.GrpcClientProtocolClient (GrpcClientProtocolClient.java:onNext(255)) - client-7538DDC4E776->1b229672-9fc1-42d6-9200-214eb0163fc5: receive RaftClientReply:client-7538DDC4E776->1b229672-9fc1-42d6-9200-214eb0163fc5@group-440AB812C07F, cid=1117, SUCCESS, logIndex=1531, commits[1b229672-9fc1-42d6-9200-214eb0163fc5:c1532, 4cc0758a-96f5-4ab9-816d-81d822da247a:c1527, 8693c47f-40a3-4a1c-b7ba-6ed996b9183c:c1529]
2019-07-08 22:29:39,510 INFO  client.GrpcClientProtocolClient (GrpcClientProtocolClient.java:onNext(255)) - client-7538DDC4E776->1b229672-9fc1-42d6-9200-214eb0163fc5: receive RaftClientReply:client-7538DDC4E776->1b229672-9fc1-42d6-9200-214eb0163fc5@group-440AB812C07F, cid=1118, SUCCESS, logIndex=0, commits[1b229672-9fc1-42d6-9200-214eb0163fc5:c1532, 4cc0758a-96f5-4ab9-816d-81d822da247a:c1529, 8693c47f-40a3-4a1c-b7ba-6ed996b9183c:c1529]
2019-07-08 22:29:39,529 INFO  client.GrpcClientProtocolClient (GrpcClientProtocolClient.java:onNext(255)) - client-7538DDC4E776->1b229672-9fc1-42d6-9200-214eb0163fc5: receive RaftClientReply:client-7538DDC4E776->1b229672-9fc1-42d6-9200-214eb0163fc5@group-440AB812C07F, cid=1119, SUCCESS, logIndex=1536, commits[1b229672-9fc1-42d6-9200-214eb0163fc5:c1537, 4cc0758a-96f5-4ab9-816d-81d822da247a:c1535, 8693c47f-40a3-4a1c-b7ba-6ed996b9183c:c1535]
2019-07-08 22:29:39,530 INFO  client.GrpcClientProtocolClient (GrpcClientProtocolClient.java:onNext(255)) - client-7538DDC4E776->1b229672-9fc1-42d6-9200-214eb0163fc5: receive RaftClientReply:client-7538DDC4E776->1b229672-9fc1-42d6-9200-214eb0163fc5@group-440AB812C07F, cid=1120, SUCCESS, logIndex=1537, commits[1b229672-9fc1-42d6-9200-214eb0163fc5:c1537, 4cc0758a-96f5-4ab9-816d-81d822da247a:c1535, 8693c47f-40a3-4a1c-b7ba-6ed996b9183c:c1535]
2019-07-08 22:29:39,542 INFO  client.GrpcClientProtocolClient (GrpcClientProtocolClient.java:onNext(255)) - client-7538DDC4E776->1b229672-9fc1-42d6-9200-214eb0163fc5: receive RaftClientReply:client-7538DDC4E776->1b229672-9fc1-42d6-9200-214eb0163fc5@group-440AB812C07F, cid=1121, SUCCESS, logIndex=1540, commits[1b229672-9fc1-42d6-9200-214eb0163fc5:c1540, 4cc0758a-96f5-4ab9-816d-81d822da247a:c1537, 8693c47f-40a3-4a1c-b7ba-6ed996b9183c:c1537]
2019-07-08 22:29:39,542 INFO  client.GrpcClientProtocolClient (GrpcClientProtocolClient.java:onNext(255)) - client-7538DDC4E776->1b229672-9fc1-42d6-9200-214eb0163fc5: receive RaftClientReply:client-7538DDC4E776->1b229672-9fc1-42d6-9200-214eb0163fc5@group-440AB812C07F, cid=1122, SUCCESS, logIndex=1541, commits[1b229672-9fc1-42d6-9200-214eb0163fc5:c1541, 4cc0758a-96f5-4ab9-816d-81d822da247a:c1537, 8693c47f-40a3-4a1c-b7ba-6ed996b9183c:c1537]
2019-07-08 22:29:39,555 INFO  client.GrpcClientProtocolClient (GrpcClientProtocolClient.java:onNext(255)) - client-7538DDC4E776->1b229672-9fc1-42d6-9200-214eb0163fc5: receive RaftClientReply:client-7538DDC4E776->1b229672-9fc1-42d6-9200-214eb0163fc5@group-440AB812C07F, cid=1123, SUCCESS, logIndex=0, commits[1b229672-9fc1-42d6-9200-214eb0163fc5:c1543, 4cc0758a-96f5-4ab9-816d-81d822da247a:c1541, 8693c47f-40a3-4a1c-b7ba-6ed996b9183c:c1541]
2019-07-08 22:29:39,576 INFO  client.GrpcClientProtocolClient (GrpcClientProtocolClient.java:onNext(255)) - client-7538DDC4E776->1b229672-9fc1-42d6-9200-214eb0163fc5: receive RaftClientReply:client-7538DDC4E776->1b229672-9fc1-42d6-9200-214eb0163fc5@group-440AB812C07F, cid=1124, SUCCESS, logIndex=1544, commits[1b229672-9fc1-42d6-9200-214eb0163fc5:c1545, 4cc0758a-96f5-4ab9-816d-81d822da247a:c1543, 8693c47f-40a3-4a1c-b7ba-6ed996b9183c:c1543]
2019-07-08 22:29:39,576 INFO  client.GrpcClientProtocolClient (GrpcClientProtocolClient.java:onNext(255)) - client-7538DDC4E776->1b229672-9fc1-42d6-9200-214eb0163fc5: receive RaftClientReply:client-7538DDC4E776->1b229672-9fc1-42d6-9200-214eb0163fc5@group-440AB812C07F, cid=1125, SUCCESS, logIndex=1545, commits[1b229672-9fc1-42d6-9200-214eb0163fc5:c1547, 4cc0758a-96f5-4ab9-816d-81d822da247a:c1543, 8693c47f-40a3-4a1c-b7ba-6ed996b9183c:c1543]
2019-07-08 22:29:39,576 INFO  client.GrpcClientProtocolClient (GrpcClientProtocolClient.java:onNext(255)) - client-7538DDC4E776->1b229672-9fc1-42d6-9200-214eb0163fc5: receive RaftClientReply:client-7538DDC4E776->1b229672-9fc1-42d6-9200-214eb0163fc5@group-440AB812C07F, cid=1126, SUCCESS, logIndex=1546, commits[1b229672-9fc1-42d6-9200-214eb0163fc5:c1547, 4cc0758a-96f5-4ab9-816d-81d822da247a:c1543, 8693c47f-40a3-4a1c-b7ba-6ed996b9183c:c1543]
2019-07-08 22:29:39,576 INFO  client.GrpcClientProtocolClient (GrpcClientProtocolClient.java:onNext(255)) - client-7538DDC4E776->1b229672-9fc1-42d6-9200-214eb0163fc5: receive RaftClientReply:client-7538DDC4E776->1b229672-9fc1-42d6-9200-214eb0163fc5@group-440AB812C07F, cid=1127, SUCCESS, logIndex=1547, commits[1b229672-9fc1-42d6-9200-214eb0163fc5:c1547, 4cc0758a-96f5-4ab9-816d-81d822da247a:c1543, 8693c47f-40a3-4a1c-b7ba-6ed996b9183c:c1543]
2019-07-08 22:29:39,588 INFO  client.GrpcClientProtocolClient (GrpcClientProtocolClient.java:onNext(255)) - client-7538DDC4E776->1b229672-9fc1-42d6-9200-214eb0163fc5: receive RaftClientReply:client-7538DDC4E776->1b229672-9fc1-42d6-9200-214eb0163fc5@group-440AB812C07F, cid=1128, SUCCESS, logIndex=0, commits[1b229672-9fc1-42d6-9200-214eb0163fc5:c1550, 4cc0758a-96f5-4ab9-816d-81d822da247a:c1545, 8693c47f-40a3-4a1c-b7ba-6ed996b9183c:c1547]
2019-07-08 22:29:39,607 INFO  client.GrpcClientProtocolClient (GrpcClientProtocolClient.java:onNext(255)) - client-7538DDC4E776->1b229672-9fc1-42d6-9200-214eb0163fc5: receive RaftClientReply:client-7538DDC4E776->1b229672-9fc1-42d6-9200-214eb0163fc5@group-440AB812C07F, cid=1129, SUCCESS, logIndex=1551, commits[1b229672-9fc1-42d6-9200-214eb0163fc5:c1552, 4cc0758a-96f5-4ab9-816d-81d822da247a:c1550, 8693c47f-40a3-4a1c-b7ba-6ed996b9183c:c1550]
2019-07-08 22:29:39,608 INFO  client.GrpcClientProtocolClient (GrpcClientProtocolClient.java:onNext(255)) - client-7538DDC4E776->1b229672-9fc1-42d6-9200-214eb0163fc5: receive RaftClientReply:client-7538DDC4E776->1b229672-9fc1-42d6-9200-214eb0163fc5@group-440AB812C07F, cid=1130, SUCCESS, logIndex=1552, commits[1b229672-9fc1-42d6-9200-214eb0163fc5:c1552, 4cc0758a-96f5-4ab9-816d-81d822da247a:c1550, 8693c47f-40a3-4a1c-b7ba-6ed996b9183c:c1550]
2019-07-08 22:29:39,620 INFO  client.GrpcClientProtocolClient (GrpcClientProtocolClient.java:onNext(255)) - client-7538DDC4E776->1b229672-9fc1-42d6-9200-214eb0163fc5: receive RaftClientReply:client-7538DDC4E776->1b229672-9fc1-42d6-9200-214eb0163fc5@group-440AB812C07F, cid=1131, SUCCESS, logIndex=1555, commits[1b229672-9fc1-42d6-9200-214eb0163fc5:c1556, 4cc0758a-96f5-4ab9-816d-81d822da247a:c1552, 8693c47f-40a3-4a1c-b7ba-6ed996b9183c:c1552]
2019-07-08 22:29:39,621 INFO  client.GrpcClientProtocolClient (GrpcClientProtocolClient.java:onNext(255)) - client-7538DDC4E776->1b229672-9fc1-42d6-9200-214eb0163fc5: receive RaftClientReply:client-7538DDC4E776->1b229672-9fc1-42d6-9200-214eb0163fc5@group-440AB812C07F, cid=1132, SUCCESS, logIndex=1556, commits[1b229672-9fc1-42d6-9200-214eb0163fc5:c1556, 4cc0758a-96f5-4ab9-816d-81d822da247a:c1552, 8693c47f-40a3-4a1c-b7ba-6ed996b9183c:c1552]
2019-07-08 22:29:39,633 INFO  client.GrpcClientProtocolClient (GrpcClientProtocolClient.java:onNext(255)) - client-7538DDC4E776->1b229672-9fc1-42d6-9200-214eb0163fc5: receive RaftClientReply:client-7538DDC4E776->1b229672-9fc1-42d6-9200-214eb0163fc5@group-440AB812C07F, cid=1133, SUCCESS, logIndex=0, commits[1b229672-9fc1-42d6-9200-214eb0163fc5:c1557, 4cc0758a-96f5-4ab9-816d-81d822da247a:c1556, 8693c47f-40a3-4a1c-b7ba-6ed996b9183c:c1556]
2019-07-08 22:29:39,733 INFO  client.GrpcClientProtocolClient (GrpcClientProtocolClient.java:onNext(255)) - client-7538DDC4E776->1b229672-9fc1-42d6-9200-214eb0163fc5: receive RaftClientReply:client-7538DDC4E776->1b229672-9fc1-42d6-9200-214eb0163fc5@group-440AB812C07F, cid=1134, SUCCESS, logIndex=1559, commits[1b229672-9fc1-42d6-9200-214eb0163fc5:c1560, 4cc0758a-96f5-4ab9-816d-81d822da247a:c1558, 8693c47f-40a3-4a1c-b7ba-6ed996b9183c:c1556]
2019-07-08 22:29:39,734 INFO  client.GrpcClientProtocolClient (GrpcClientProtocolClient.java:onNext(255)) - client-7538DDC4E776->1b229672-9fc1-42d6-9200-214eb0163fc5: receive RaftClientReply:client-7538DDC4E776->1b229672-9fc1-42d6-9200-214eb0163fc5@group-440AB812C07F, cid=1135, SUCCESS, logIndex=1560, commits[1b229672-9fc1-42d6-9200-214eb0163fc5:c1562, 4cc0758a-96f5-4ab9-816d-81d822da247a:c1558, 8693c47f-40a3-4a1c-b7ba-6ed996b9183c:c1558]
2019-07-08 22:29:39,734 INFO  client.GrpcClientProtocolClient (GrpcClientProtocolClient.java:onNext(255)) - client-7538DDC4E776->1b229672-9fc1-42d6-9200-214eb0163fc5: receive RaftClientReply:client-7538DDC4E776->1b229672-9fc1-42d6-9200-214eb0163fc5@group-440AB812C07F, cid=1136, SUCCESS, logIndex=1561, commits[1b229672-9fc1-42d6-9200-214eb0163fc5:c1562, 4cc0758a-96f5-4ab9-816d-81d822da247a:c1558, 8693c47f-40a3-4a1c-b7ba-6ed996b9183c:c1558]
2019-07-08 22:29:39,734 INFO  client.GrpcClientProtocolClient (GrpcClientProtocolClient.java:onNext(255)) - client-7538DDC4E776->1b229672-9fc1-42d6-9200-214eb0163fc5: receive RaftClientReply:client-7538DDC4E776->1b229672-9fc1-42d6-9200-214eb0163fc5@group-440AB812C07F, cid=1137, SUCCESS, logIndex=1562, commits[1b229672-9fc1-42d6-9200-214eb0163fc5:c1563, 4cc0758a-96f5-4ab9-816d-81d822da247a:c1558, 8693c47f-40a3-4a1c-b7ba-6ed996b9183c:c1559]
2019-07-08 22:29:39,736 INFO  client.GrpcClientProtocolClient (GrpcClientProtocolClient.java:onNext(255)) - client-7538DDC4E776->1b229672-9fc1-42d6-9200-214eb0163fc5: receive RaftClientReply:client-7538DDC4E776->1b229672-9fc1-42d6-9200-214eb0163fc5@group-440AB812C07F, cid=1138, SUCCESS, logIndex=0, commits[1b229672-9fc1-42d6-9200-214eb0163fc5:c1566, 4cc0758a-96f5-4ab9-816d-81d822da247a:c1560, 8693c47f-40a3-4a1c-b7ba-6ed996b9183c:c1562]
2019-07-08 22:29:39,756 INFO  client.GrpcClientProtocolClient (GrpcClientProtocolClient.java:onNext(255)) - client-7538DDC4E776->1b229672-9fc1-42d6-9200-214eb0163fc5: receive RaftClientReply:client-7538DDC4E776->1b229672-9fc1-42d6-9200-214eb0163fc5@group-440AB812C07F, cid=1139, SUCCESS, logIndex=1567, commits[1b229672-9fc1-42d6-9200-214eb0163fc5:c1568, 4cc0758a-96f5-4ab9-816d-81d822da247a:c1566, 8693c47f-40a3-4a1c-b7ba-6ed996b9183c:c1566]
2019-07-08 22:29:39,757 INFO  client.GrpcClientProtocolClient (GrpcClientProtocolClient.java:onNext(255)) - client-7538DDC4E776->1b229672-9fc1-42d6-9200-214eb0163fc5: receive RaftClientReply:client-7538DDC4E776->1b229672-9fc1-42d6-9200-214eb0163fc5@group-440AB812C07F, cid=1140, SUCCESS, logIndex=1568, commits[1b229672-9fc1-42d6-9200-214eb0163fc5:c1568, 4cc0758a-96f5-4ab9-816d-81d822da247a:c1566, 8693c47f-40a3-4a1c-b7ba-6ed996b9183c:c1566]
2019-07-08 22:29:39,772 INFO  client.GrpcClientProtocolClient (GrpcClientProtocolClient.java:onNext(255)) - client-7538DDC4E776->1b229672-9fc1-42d6-9200-214eb0163fc5: receive RaftClientReply:client-7538DDC4E776->1b229672-9fc1-42d6-9200-214eb0163fc5@group-440AB812C07F, cid=1141, SUCCESS, logIndex=1571, commits[1b229672-9fc1-42d6-9200-214eb0163fc5:c1572, 4cc0758a-96f5-4ab9-816d-81d822da247a:c1568, 8693c47f-40a3-4a1c-b7ba-6ed996b9183c:c1568]
2019-07-08 22:29:39,773 INFO  client.GrpcClientProtocolClient (GrpcClientProtocolClient.java:onNext(255)) - client-7538DDC4E776->1b229672-9fc1-42d6-9200-214eb0163fc5: receive RaftClientReply:client-7538DDC4E776->1b229672-9fc1-42d6-9200-214eb0163fc5@group-440AB812C07F, cid=1142, SUCCESS, logIndex=1572, commits[1b229672-9fc1-42d6-9200-214eb0163fc5:c1572, 4cc0758a-96f5-4ab9-816d-81d822da247a:c1568, 8693c47f-40a3-4a1c-b7ba-6ed996b9183c:c1568]
2019-07-08 22:29:39,786 INFO  client.GrpcClientProtocolClient (GrpcClientProtocolClient.java:onNext(255)) - client-7538DDC4E776->1b229672-9fc1-42d6-9200-214eb0163fc5: receive RaftClientReply:client-7538DDC4E776->1b229672-9fc1-42d6-9200-214eb0163fc5@group-440AB812C07F, cid=1143, SUCCESS, logIndex=0, commits[1b229672-9fc1-42d6-9200-214eb0163fc5:c1574, 4cc0758a-96f5-4ab9-816d-81d822da247a:c1572, 8693c47f-40a3-4a1c-b7ba-6ed996b9183c:c1572]
 0.00% |█                                                                                                    |  0/1 Time: 0:00:062019-07-08 22:29:39,806 INFO  client.GrpcClientProtocolClient (GrpcClientProtocolClient.java:onNext(255)) - client-7538DDC4E776->1b229672-9fc1-42d6-9200-214eb0163fc5: receive RaftClientReply:client-7538DDC4E776->1b229672-9fc1-42d6-9200-214eb0163fc5@group-440AB812C07F, cid=1144, SUCCESS, logIndex=1575, commits[1b229672-9fc1-42d6-9200-214eb0163fc5:c1576, 4cc0758a-96f5-4ab9-816d-81d822da247a:c1574, 8693c47f-40a3-4a1c-b7ba-6ed996b9183c:c1574]
2019-07-08 22:29:39,806 INFO  client.GrpcClientProtocolClient (GrpcClientProtocolClient.java:onNext(255)) - client-7538DDC4E776->1b229672-9fc1-42d6-9200-214eb0163fc5: receive RaftClientReply:client-7538DDC4E776->1b229672-9fc1-42d6-9200-214eb0163fc5@group-440AB812C07F, cid=1145, SUCCESS, logIndex=1576, commits[1b229672-9fc1-42d6-9200-214eb0163fc5:c1576, 4cc0758a-96f5-4ab9-816d-81d822da247a:c1574, 8693c47f-40a3-4a1c-b7ba-6ed996b9183c:c1574]
2019-07-08 22:29:39,807 INFO  client.GrpcClientProtocolClient (GrpcClientProtocolClient.java:onNext(255)) - client-7538DDC4E776->1b229672-9fc1-42d6-9200-214eb0163fc5: receive RaftClientReply:client-7538DDC4E776->1b229672-9fc1-42d6-9200-214eb0163fc5@group-440AB812C07F, cid=1146, SUCCESS, logIndex=1577, commits[1b229672-9fc1-42d6-9200-214eb0163fc5:c1577, 4cc0758a-96f5-4ab9-816d-81d822da247a:c1574, 8693c47f-40a3-4a1c-b7ba-6ed996b9183c:c1574]
2019-07-08 22:29:39,807 INFO  client.GrpcClientProtocolClient (GrpcClientProtocolClient.java:onNext(255)) - client-7538DDC4E776->1b229672-9fc1-42d6-9200-214eb0163fc5: receive RaftClientReply:client-7538DDC4E776->1b229672-9fc1-42d6-9200-214eb0163fc5@group-440AB812C07F, cid=1147, SUCCESS, logIndex=1578, commits[1b229672-9fc1-42d6-9200-214eb0163fc5:c1578, 4cc0758a-96f5-4ab9-816d-81d822da247a:c1574, 8693c47f-40a3-4a1c-b7ba-6ed996b9183c:c1574]
2019-07-08 22:29:39,820 INFO  client.GrpcClientProtocolClient (GrpcClientProtocolClient.java:onNext(255)) - client-7538DDC4E776->1b229672-9fc1-42d6-9200-214eb0163fc5: receive RaftClientReply:client-7538DDC4E776->1b229672-9fc1-42d6-9200-214eb0163fc5@group-440AB812C07F, cid=1148, SUCCESS, logIndex=0, commits[1b229672-9fc1-42d6-9200-214eb0163fc5:c1580, 4cc0758a-96f5-4ab9-816d-81d822da247a:c1576, 8693c47f-40a3-4a1c-b7ba-6ed996b9183c:c1576]
2019-07-08 22:29:39,839 INFO  client.GrpcClientProtocolClient (GrpcClientProtocolClient.java:onNext(255)) - client-7538DDC4E776->1b229672-9fc1-42d6-9200-214eb0163fc5: receive RaftClientReply:client-7538DDC4E776->1b229672-9fc1-42d6-9200-214eb0163fc5@group-440AB812C07F, cid=1149, SUCCESS, logIndex=1583, commits[1b229672-9fc1-42d6-9200-214eb0163fc5:c1584, 4cc0758a-96f5-4ab9-816d-81d822da247a:c1582, 8693c47f-40a3-4a1c-b7ba-6ed996b9183c:c1582]
2019-07-08 22:29:39,840 INFO  client.GrpcClientProtocolClient (GrpcClientProtocolClient.java:onNext(255)) - client-7538DDC4E776->1b229672-9fc1-42d6-9200-214eb0163fc5: receive RaftClientReply:client-7538DDC4E776->1b229672-9fc1-42d6-9200-214eb0163fc5@group-440AB812C07F, cid=1150, SUCCESS, logIndex=1584, commits[1b229672-9fc1-42d6-9200-214eb0163fc5:c1584, 4cc0758a-96f5-4ab9-816d-81d822da247a:c1582, 8693c47f-40a3-4a1c-b7ba-6ed996b9183c:c1582]
2019-07-08 22:29:39,852 INFO  client.GrpcClientProtocolClient (GrpcClientProtocolClient.java:onNext(255)) - client-7538DDC4E776->1b229672-9fc1-42d6-9200-214eb0163fc5: receive RaftClientReply:client-7538DDC4E776->1b229672-9fc1-42d6-9200-214eb0163fc5@group-440AB812C07F, cid=1151, SUCCESS, logIndex=1587, commits[1b229672-9fc1-42d6-9200-214eb0163fc5:c1588, 4cc0758a-96f5-4ab9-816d-81d822da247a:c1584, 8693c47f-40a3-4a1c-b7ba-6ed996b9183c:c1584]
2019-07-08 22:29:39,853 INFO  client.GrpcClientProtocolClient (GrpcClientProtocolClient.java:onNext(255)) - client-7538DDC4E776->1b229672-9fc1-42d6-9200-214eb0163fc5: receive RaftClientReply:client-7538DDC4E776->1b229672-9fc1-42d6-9200-214eb0163fc5@group-440AB812C07F, cid=1152, SUCCESS, logIndex=1588, commits[1b229672-9fc1-42d6-9200-214eb0163fc5:c1588, 4cc0758a-96f5-4ab9-816d-81d822da247a:c1584, 8693c47f-40a3-4a1c-b7ba-6ed996b9183c:c1584]
2019-07-08 22:29:39,865 INFO  client.GrpcClientProtocolClient (GrpcClientProtocolClient.java:onNext(255)) - client-7538DDC4E776->1b229672-9fc1-42d6-9200-214eb0163fc5: receive RaftClientReply:client-7538DDC4E776->1b229672-9fc1-42d6-9200-214eb0163fc5@group-440AB812C07F, cid=1153, SUCCESS, logIndex=0, commits[1b229672-9fc1-42d6-9200-214eb0163fc5:c1590, 4cc0758a-96f5-4ab9-816d-81d822da247a:c1588, 8693c47f-40a3-4a1c-b7ba-6ed996b9183c:c1588]
2019-07-08 22:29:39,884 INFO  client.GrpcClientProtocolClient (GrpcClientProtocolClient.java:onNext(255)) - client-7538DDC4E776->1b229672-9fc1-42d6-9200-214eb0163fc5: receive RaftClientReply:client-7538DDC4E776->1b229672-9fc1-42d6-9200-214eb0163fc5@group-440AB812C07F, cid=1154, SUCCESS, logIndex=1591, commits[1b229672-9fc1-42d6-9200-214eb0163fc5:c1592, 4cc0758a-96f5-4ab9-816d-81d822da247a:c1590, 8693c47f-40a3-4a1c-b7ba-6ed996b9183c:c1590]
2019-07-08 22:29:39,885 INFO  client.GrpcClientProtocolClient (GrpcClientProtocolClient.java:onNext(255)) - client-7538DDC4E776->1b229672-9fc1-42d6-9200-214eb0163fc5: receive RaftClientReply:client-7538DDC4E776->1b229672-9fc1-42d6-9200-214eb0163fc5@group-440AB812C07F, cid=1155, SUCCESS, logIndex=1592, commits[1b229672-9fc1-42d6-9200-214eb0163fc5:c1592, 4cc0758a-96f5-4ab9-816d-81d822da247a:c1590, 8693c47f-40a3-4a1c-b7ba-6ed996b9183c:c1590]
2019-07-08 22:29:39,885 INFO  client.GrpcClientProtocolClient (GrpcClientProtocolClient.java:onNext(255)) - client-7538DDC4E776->1b229672-9fc1-42d6-9200-214eb0163fc5: receive RaftClientReply:client-7538DDC4E776->1b229672-9fc1-42d6-9200-214eb0163fc5@group-440AB812C07F, cid=1156, SUCCESS, logIndex=1593, commits[1b229672-9fc1-42d6-9200-214eb0163fc5:c1594, 4cc0758a-96f5-4ab9-816d-81d822da247a:c1590, 8693c47f-40a3-4a1c-b7ba-6ed996b9183c:c1590]
2019-07-08 22:29:39,886 INFO  client.GrpcClientProtocolClient (GrpcClientProtocolClient.java:onNext(255)) - client-7538DDC4E776->1b229672-9fc1-42d6-9200-214eb0163fc5: receive RaftClientReply:client-7538DDC4E776->1b229672-9fc1-42d6-9200-214eb0163fc5@group-440AB812C07F, cid=1157, SUCCESS, logIndex=1594, commits[1b229672-9fc1-42d6-9200-214eb0163fc5:c1594, 4cc0758a-96f5-4ab9-816d-81d822da247a:c1590, 8693c47f-40a3-4a1c-b7ba-6ed996b9183c:c1590]
2019-07-08 22:29:39,888 INFO  client.GrpcClientProtocolClient (GrpcClientProtocolClient.java:onNext(255)) - client-7538DDC4E776->1b229672-9fc1-42d6-9200-214eb0163fc5: receive RaftClientReply:client-7538DDC4E776->1b229672-9fc1-42d6-9200-214eb0163fc5@group-440AB812C07F, cid=1158, SUCCESS, logIndex=0, commits[1b229672-9fc1-42d6-9200-214eb0163fc5:c1596, 4cc0758a-96f5-4ab9-816d-81d822da247a:c1592, 8693c47f-40a3-4a1c-b7ba-6ed996b9183c:c1592]
2019-07-08 22:29:39,908 INFO  client.GrpcClientProtocolClient (GrpcClientProtocolClient.java:onNext(255)) - client-7538DDC4E776->1b229672-9fc1-42d6-9200-214eb0163fc5: receive RaftClientReply:client-7538DDC4E776->1b229672-9fc1-42d6-9200-214eb0163fc5@group-440AB812C07F, cid=1159, SUCCESS, logIndex=1599, commits[1b229672-9fc1-42d6-9200-214eb0163fc5:c1600, 4cc0758a-96f5-4ab9-816d-81d822da247a:c1598, 8693c47f-40a3-4a1c-b7ba-6ed996b9183c:c1598]
2019-07-08 22:29:39,908 INFO  client.GrpcClientProtocolClient (GrpcClientProtocolClient.java:onNext(255)) - client-7538DDC4E776->1b229672-9fc1-42d6-9200-214eb0163fc5: receive RaftClientReply:client-7538DDC4E776->1b229672-9fc1-42d6-9200-214eb0163fc5@group-440AB812C07F, cid=1160, SUCCESS, logIndex=1600, commits[1b229672-9fc1-42d6-9200-214eb0163fc5:c1600, 4cc0758a-96f5-4ab9-816d-81d822da247a:c1598, 8693c47f-40a3-4a1c-b7ba-6ed996b9183c:c1598]
2019-07-08 22:29:39,920 INFO  client.GrpcClientProtocolClient (GrpcClientProtocolClient.java:onNext(255)) - client-7538DDC4E776->1b229672-9fc1-42d6-9200-214eb0163fc5: receive RaftClientReply:client-7538DDC4E776->1b229672-9fc1-42d6-9200-214eb0163fc5@group-440AB812C07F, cid=1161, SUCCESS, logIndex=1603, commits[1b229672-9fc1-42d6-9200-214eb0163fc5:c1604, 4cc0758a-96f5-4ab9-816d-81d822da247a:c1602, 8693c47f-40a3-4a1c-b7ba-6ed996b9183c:c1600]
2019-07-08 22:29:39,920 INFO  client.GrpcClientProtocolClient (GrpcClientProtocolClient.java:onNext(255)) - client-7538DDC4E776->1b229672-9fc1-42d6-9200-214eb0163fc5: receive RaftClientReply:client-7538DDC4E776->1b229672-9fc1-42d6-9200-214eb0163fc5@group-440AB812C07F, cid=1162, SUCCESS, logIndex=1604, commits[1b229672-9fc1-42d6-9200-214eb0163fc5:c1604, 4cc0758a-96f5-4ab9-816d-81d822da247a:c1602, 8693c47f-40a3-4a1c-b7ba-6ed996b9183c:c1600]
2019-07-08 22:29:39,923 INFO  client.GrpcClientProtocolClient (GrpcClientProtocolClient.java:onNext(255)) - client-7538DDC4E776->1b229672-9fc1-42d6-9200-214eb0163fc5: receive RaftClientReply:client-7538DDC4E776->1b229672-9fc1-42d6-9200-214eb0163fc5@group-440AB812C07F, cid=1163, SUCCESS, logIndex=0, commits[1b229672-9fc1-42d6-9200-214eb0163fc5:c1606, 4cc0758a-96f5-4ab9-816d-81d822da247a:c1604, 8693c47f-40a3-4a1c-b7ba-6ed996b9183c:c1604]
2019-07-08 22:29:39,936 INFO  client.GrpcClientProtocolClient (GrpcClientProtocolClient.java:onNext(255)) - client-7538DDC4E776->1b229672-9fc1-42d6-9200-214eb0163fc5: receive RaftClientReply:client-7538DDC4E776->1b229672-9fc1-42d6-9200-214eb0163fc5@group-440AB812C07F, cid=1164, SUCCESS, logIndex=1607, commits[1b229672-9fc1-42d6-9200-214eb0163fc5:c1608, 4cc0758a-96f5-4ab9-816d-81d822da247a:c1606, 8693c47f-40a3-4a1c-b7ba-6ed996b9183c:c1604]
2019-07-08 22:29:39,936 INFO  client.GrpcClientProtocolClient (GrpcClientProtocolClient.java:onNext(255)) - client-7538DDC4E776->1b229672-9fc1-42d6-9200-214eb0163fc5: receive RaftClientReply:client-7538DDC4E776->1b229672-9fc1-42d6-9200-214eb0163fc5@group-440AB812C07F, cid=1165, SUCCESS, logIndex=1608, commits[1b229672-9fc1-42d6-9200-214eb0163fc5:c1608, 4cc0758a-96f5-4ab9-816d-81d822da247a:c1606, 8693c47f-40a3-4a1c-b7ba-6ed996b9183c:c1606]
2019-07-08 22:29:39,938 INFO  client.GrpcClientProtocolClient (GrpcClientProtocolClient.java:onNext(255)) - client-7538DDC4E776->1b229672-9fc1-42d6-9200-214eb0163fc5: receive RaftClientReply:client-7538DDC4E776->1b229672-9fc1-42d6-9200-214eb0163fc5@group-440AB812C07F, cid=1166, SUCCESS, logIndex=1609, commits[1b229672-9fc1-42d6-9200-214eb0163fc5:c1610, 4cc0758a-96f5-4ab9-816d-81d822da247a:c1606, 8693c47f-40a3-4a1c-b7ba-6ed996b9183c:c1606]
2019-07-08 22:29:39,938 INFO  client.GrpcClientProtocolClient (GrpcClientProtocolClient.java:onNext(255)) - client-7538DDC4E776->1b229672-9fc1-42d6-9200-214eb0163fc5: receive RaftClientReply:client-7538DDC4E776->1b229672-9fc1-42d6-9200-214eb0163fc5@group-440AB812C07F, cid=1167, SUCCESS, logIndex=1610, commits[1b229672-9fc1-42d6-9200-214eb0163fc5:c1612, 4cc0758a-96f5-4ab9-816d-81d822da247a:c1606, 8693c47f-40a3-4a1c-b7ba-6ed996b9183c:c1608]
2019-07-08 22:29:39,939 INFO  client.GrpcClientProtocolClient (GrpcClientProtocolClient.java:onNext(255)) - client-7538DDC4E776->1b229672-9fc1-42d6-9200-214eb0163fc5: receive RaftClientReply:client-7538DDC4E776->1b229672-9fc1-42d6-9200-214eb0163fc5@group-440AB812C07F, cid=1168, SUCCESS, logIndex=0, commits[1b229672-9fc1-42d6-9200-214eb0163fc5:c1613, 4cc0758a-96f5-4ab9-816d-81d822da247a:c1608, 8693c47f-40a3-4a1c-b7ba-6ed996b9183c:c1609]
2019-07-08 22:29:39,951 INFO  client.GrpcClientProtocolClient (GrpcClientProtocolClient.java:onNext(255)) - client-7538DDC4E776->1b229672-9fc1-42d6-9200-214eb0163fc5: receive RaftClientReply:client-7538DDC4E776->1b229672-9fc1-42d6-9200-214eb0163fc5@group-440AB812C07F, cid=1169, SUCCESS, logIndex=1615, commits[1b229672-9fc1-42d6-9200-214eb0163fc5:c1616, 4cc0758a-96f5-4ab9-816d-81d822da247a:c1614, 8693c47f-40a3-4a1c-b7ba-6ed996b9183c:c1610]
2019-07-08 22:29:39,951 INFO  client.GrpcClientProtocolClient (GrpcClientProtocolClient.java:onNext(255)) - client-7538DDC4E776->1b229672-9fc1-42d6-9200-214eb0163fc5: receive RaftClientReply:client-7538DDC4E776->1b229672-9fc1-42d6-9200-214eb0163fc5@group-440AB812C07F, cid=1170, SUCCESS, logIndex=1616, commits[1b229672-9fc1-42d6-9200-214eb0163fc5:c1616, 4cc0758a-96f5-4ab9-816d-81d822da247a:c1614, 8693c47f-40a3-4a1c-b7ba-6ed996b9183c:c1614]
2019-07-08 22:29:39,980 INFO  client.GrpcClientProtocolClient (GrpcClientProtocolClient.java:onNext(255)) - client-7538DDC4E776->1b229672-9fc1-42d6-9200-214eb0163fc5: receive RaftClientReply:client-7538DDC4E776->1b229672-9fc1-42d6-9200-214eb0163fc5@group-440AB812C07F, cid=1171, SUCCESS, logIndex=1619, commits[1b229672-9fc1-42d6-9200-214eb0163fc5:c1620, 4cc0758a-96f5-4ab9-816d-81d822da247a:c1618, 8693c47f-40a3-4a1c-b7ba-6ed996b9183c:c1618]
2019-07-08 22:29:39,980 INFO  client.GrpcClientProtocolClient (GrpcClientProtocolClient.java:onNext(255)) - client-7538DDC4E776->1b229672-9fc1-42d6-9200-214eb0163fc5: receive RaftClientReply:client-7538DDC4E776->1b229672-9fc1-42d6-9200-214eb0163fc5@group-440AB812C07F, cid=1172, SUCCESS, logIndex=1620, commits[1b229672-9fc1-42d6-9200-214eb0163fc5:c1620, 4cc0758a-96f5-4ab9-816d-81d822da247a:c1618, 8693c47f-40a3-4a1c-b7ba-6ed996b9183c:c1618]
2019-07-08 22:29:39,988 INFO  client.GrpcClientProtocolClient (GrpcClientProtocolClient.java:onNext(255)) - client-7538DDC4E776->1b229672-9fc1-42d6-9200-214eb0163fc5: receive RaftClientReply:client-7538DDC4E776->1b229672-9fc1-42d6-9200-214eb0163fc5@group-440AB812C07F, cid=1173, SUCCESS, logIndex=0, commits[1b229672-9fc1-42d6-9200-214eb0163fc5:c1621, 4cc0758a-96f5-4ab9-816d-81d822da247a:c1620, 8693c47f-40a3-4a1c-b7ba-6ed996b9183c:c1620]
2019-07-08 22:29:40,008 INFO  client.GrpcClientProtocolClient (GrpcClientProtocolClient.java:onNext(255)) - client-7538DDC4E776->1b229672-9fc1-42d6-9200-214eb0163fc5: receive RaftClientReply:client-7538DDC4E776->1b229672-9fc1-42d6-9200-214eb0163fc5@group-440AB812C07F, cid=1174, SUCCESS, logIndex=1623, commits[1b229672-9fc1-42d6-9200-214eb0163fc5:c1623, 4cc0758a-96f5-4ab9-816d-81d822da247a:c1622, 8693c47f-40a3-4a1c-b7ba-6ed996b9183c:c1622]
2019-07-08 22:29:40,009 INFO  client.GrpcClientProtocolClient (GrpcClientProtocolClient.java:onNext(255)) - client-7538DDC4E776->1b229672-9fc1-42d6-9200-214eb0163fc5: receive RaftClientReply:client-7538DDC4E776->1b229672-9fc1-42d6-9200-214eb0163fc5@group-440AB812C07F, cid=1175, SUCCESS, logIndex=1624, commits[1b229672-9fc1-42d6-9200-214eb0163fc5:c1624, 4cc0758a-96f5-4ab9-816d-81d822da247a:c1622, 8693c47f-40a3-4a1c-b7ba-6ed996b9183c:c1622]
2019-07-08 22:29:40,019 INFO  client.GrpcClientProtocolClient (GrpcClientProtocolClient.java:onNext(255)) - client-7538DDC4E776->1b229672-9fc1-42d6-9200-214eb0163fc5: receive RaftClientReply:client-7538DDC4E776->1b229672-9fc1-42d6-9200-214eb0163fc5@group-440AB812C07F, cid=1176, SUCCESS, logIndex=1625, commits[1b229672-9fc1-42d6-9200-214eb0163fc5:c1626, 4cc0758a-96f5-4ab9-816d-81d822da247a:c1622, 8693c47f-40a3-4a1c-b7ba-6ed996b9183c:c1622]
2019-07-08 22:29:40,019 INFO  client.GrpcClientProtocolClient (GrpcClientProtocolClient.java:onNext(255)) - client-7538DDC4E776->1b229672-9fc1-42d6-9200-214eb0163fc5: receive RaftClientReply:client-7538DDC4E776->1b229672-9fc1-42d6-9200-214eb0163fc5@group-440AB812C07F, cid=1177, SUCCESS, logIndex=1626, commits[1b229672-9fc1-42d6-9200-214eb0163fc5:c1626, 4cc0758a-96f5-4ab9-816d-81d822da247a:c1622, 8693c47f-40a3-4a1c-b7ba-6ed996b9183c:c1622]
2019-07-08 22:29:40,021 INFO  client.GrpcClientProtocolClient (GrpcClientProtocolClient.java:onNext(255)) - client-7538DDC4E776->1b229672-9fc1-42d6-9200-214eb0163fc5: receive RaftClientReply:client-7538DDC4E776->1b229672-9fc1-42d6-9200-214eb0163fc5@group-440AB812C07F, cid=1178, SUCCESS, logIndex=0, commits[1b229672-9fc1-42d6-9200-214eb0163fc5:c1628, 4cc0758a-96f5-4ab9-816d-81d822da247a:c1624, 8693c47f-40a3-4a1c-b7ba-6ed996b9183c:c1624]
2019-07-08 22:29:40,040 INFO  client.GrpcClientProtocolClient (GrpcClientProtocolClient.java:onNext(255)) - client-7538DDC4E776->1b229672-9fc1-42d6-9200-214eb0163fc5: receive RaftClientReply:client-7538DDC4E776->1b229672-9fc1-42d6-9200-214eb0163fc5@group-440AB812C07F, cid=1179, SUCCESS, logIndex=1631, commits[1b229672-9fc1-42d6-9200-214eb0163fc5:c1632, 4cc0758a-96f5-4ab9-816d-81d822da247a:c1630, 8693c47f-40a3-4a1c-b7ba-6ed996b9183c:c1630]
2019-07-08 22:29:40,040 INFO  client.GrpcClientProtocolClient (GrpcClientProtocolClient.java:onNext(255)) - client-7538DDC4E776->1b229672-9fc1-42d6-9200-214eb0163fc5: receive RaftClientReply:client-7538DDC4E776->1b229672-9fc1-42d6-9200-214eb0163fc5@group-440AB812C07F, cid=1180, SUCCESS, logIndex=1632, commits[1b229672-9fc1-42d6-9200-214eb0163fc5:c1632, 4cc0758a-96f5-4ab9-816d-81d822da247a:c1630, 8693c47f-40a3-4a1c-b7ba-6ed996b9183c:c1630]
2019-07-08 22:29:40,053 INFO  client.GrpcClientProtocolClient (GrpcClientProtocolClient.java:onNext(255)) - client-7538DDC4E776->1b229672-9fc1-42d6-9200-214eb0163fc5: receive RaftClientReply:client-7538DDC4E776->1b229672-9fc1-42d6-9200-214eb0163fc5@group-440AB812C07F, cid=1181, SUCCESS, logIndex=1635, commits[1b229672-9fc1-42d6-9200-214eb0163fc5:c1635, 4cc0758a-96f5-4ab9-816d-81d822da247a:c1632, 8693c47f-40a3-4a1c-b7ba-6ed996b9183c:c1632]
2019-07-08 22:29:40,054 INFO  client.GrpcClientProtocolClient (GrpcClientProtocolClient.java:onNext(255)) - client-7538DDC4E776->1b229672-9fc1-42d6-9200-214eb0163fc5: receive RaftClientReply:client-7538DDC4E776->1b229672-9fc1-42d6-9200-214eb0163fc5@group-440AB812C07F, cid=1182, SUCCESS, logIndex=1636, commits[1b229672-9fc1-42d6-9200-214eb0163fc5:c1636, 4cc0758a-96f5-4ab9-816d-81d822da247a:c1632, 8693c47f-40a3-4a1c-b7ba-6ed996b9183c:c1632]
2019-07-08 22:29:40,067 INFO  client.GrpcClientProtocolClient (GrpcClientProtocolClient.java:onNext(255)) - client-7538DDC4E776->1b229672-9fc1-42d6-9200-214eb0163fc5: receive RaftClientReply:client-7538DDC4E776->1b229672-9fc1-42d6-9200-214eb0163fc5@group-440AB812C07F, cid=1183, SUCCESS, logIndex=0, commits[1b229672-9fc1-42d6-9200-214eb0163fc5:c1637, 4cc0758a-96f5-4ab9-816d-81d822da247a:c1636, 8693c47f-40a3-4a1c-b7ba-6ed996b9183c:c1636]
2019-07-08 22:29:40,086 INFO  client.GrpcClientProtocolClient (GrpcClientProtocolClient.java:onNext(255)) - client-7538DDC4E776->1b229672-9fc1-42d6-9200-214eb0163fc5: receive RaftClientReply:client-7538DDC4E776->1b229672-9fc1-42d6-9200-214eb0163fc5@group-440AB812C07F, cid=1184, SUCCESS, logIndex=1639, commits[1b229672-9fc1-42d6-9200-214eb0163fc5:c1640, 4cc0758a-96f5-4ab9-816d-81d822da247a:c1638, 8693c47f-40a3-4a1c-b7ba-6ed996b9183c:c1638]
2019-07-08 22:29:40,087 INFO  client.GrpcClientProtocolClient (GrpcClientProtocolClient.java:onNext(255)) - client-7538DDC4E776->1b229672-9fc1-42d6-9200-214eb0163fc5: receive RaftClientReply:client-7538DDC4E776->1b229672-9fc1-42d6-9200-214eb0163fc5@group-440AB812C07F, cid=1185, SUCCESS, logIndex=1640, commits[1b229672-9fc1-42d6-9200-214eb0163fc5:c1642, 4cc0758a-96f5-4ab9-816d-81d822da247a:c1638, 8693c47f-40a3-4a1c-b7ba-6ed996b9183c:c1638]
2019-07-08 22:29:40,087 INFO  client.GrpcClientProtocolClient (GrpcClientProtocolClient.java:onNext(255)) - client-7538DDC4E776->1b229672-9fc1-42d6-9200-214eb0163fc5: receive RaftClientReply:client-7538DDC4E776->1b229672-9fc1-42d6-9200-214eb0163fc5@group-440AB812C07F, cid=1186, SUCCESS, logIndex=1641, commits[1b229672-9fc1-42d6-9200-214eb0163fc5:c1642, 4cc0758a-96f5-4ab9-816d-81d822da247a:c1638, 8693c47f-40a3-4a1c-b7ba-6ed996b9183c:c1638]
2019-07-08 22:29:40,087 INFO  client.GrpcClientProtocolClient (GrpcClientProtocolClient.java:onNext(255)) - client-7538DDC4E776->1b229672-9fc1-42d6-9200-214eb0163fc5: receive RaftClientReply:client-7538DDC4E776->1b229672-9fc1-42d6-9200-214eb0163fc5@group-440AB812C07F, cid=1187, SUCCESS, logIndex=1642, commits[1b229672-9fc1-42d6-9200-214eb0163fc5:c1642, 4cc0758a-96f5-4ab9-816d-81d822da247a:c1638, 8693c47f-40a3-4a1c-b7ba-6ed996b9183c:c1638]
2019-07-08 22:29:40,089 INFO  client.GrpcClientProtocolClient (GrpcClientProtocolClient.java:onNext(255)) - client-7538DDC4E776->1b229672-9fc1-42d6-9200-214eb0163fc5: receive RaftClientReply:client-7538DDC4E776->1b229672-9fc1-42d6-9200-214eb0163fc5@group-440AB812C07F, cid=1188, SUCCESS, logIndex=0, commits[1b229672-9fc1-42d6-9200-214eb0163fc5:c1645, 4cc0758a-96f5-4ab9-816d-81d822da247a:c1640, 8693c47f-40a3-4a1c-b7ba-6ed996b9183c:c1641]
2019-07-08 22:29:40,108 INFO  client.GrpcClientProtocolClient (GrpcClientProtocolClient.java:onNext(255)) - client-7538DDC4E776->1b229672-9fc1-42d6-9200-214eb0163fc5: receive RaftClientReply:client-7538DDC4E776->1b229672-9fc1-42d6-9200-214eb0163fc5@group-440AB812C07F, cid=1189, SUCCESS, logIndex=1647, commits[1b229672-9fc1-42d6-9200-214eb0163fc5:c1648, 4cc0758a-96f5-4ab9-816d-81d822da247a:c1646, 8693c47f-40a3-4a1c-b7ba-6ed996b9183c:c1646]
2019-07-08 22:29:40,108 INFO  client.GrpcClientProtocolClient (GrpcClientProtocolClient.java:onNext(255)) - client-7538DDC4E776->1b229672-9fc1-42d6-9200-214eb0163fc5: receive RaftClientReply:client-7538DDC4E776->1b229672-9fc1-42d6-9200-214eb0163fc5@group-440AB812C07F, cid=1190, SUCCESS, logIndex=1648, commits[1b229672-9fc1-42d6-9200-214eb0163fc5:c1648, 4cc0758a-96f5-4ab9-816d-81d822da247a:c1646, 8693c47f-40a3-4a1c-b7ba-6ed996b9183c:c1646]
2019-07-08 22:29:40,124 INFO  client.GrpcClientProtocolClient (GrpcClientProtocolClient.java:onNext(255)) - client-7538DDC4E776->1b229672-9fc1-42d6-9200-214eb0163fc5: receive RaftClientReply:client-7538DDC4E776->1b229672-9fc1-42d6-9200-214eb0163fc5@group-440AB812C07F, cid=1191, SUCCESS, logIndex=1651, commits[1b229672-9fc1-42d6-9200-214eb0163fc5:c1652, 4cc0758a-96f5-4ab9-816d-81d822da247a:c1648, 8693c47f-40a3-4a1c-b7ba-6ed996b9183c:c1648]
2019-07-08 22:29:40,124 INFO  client.GrpcClientProtocolClient (GrpcClientProtocolClient.java:onNext(255)) - client-7538DDC4E776->1b229672-9fc1-42d6-9200-214eb0163fc5: receive RaftClientReply:client-7538DDC4E776->1b229672-9fc1-42d6-9200-214eb0163fc5@group-440AB812C07F, cid=1192, SUCCESS, logIndex=1652, commits[1b229672-9fc1-42d6-9200-214eb0163fc5:c1652, 4cc0758a-96f5-4ab9-816d-81d822da247a:c1648, 8693c47f-40a3-4a1c-b7ba-6ed996b9183c:c1648]
2019-07-08 22:29:40,137 INFO  client.GrpcClientProtocolClient (GrpcClientProtocolClient.java:onNext(255)) - client-7538DDC4E776->1b229672-9fc1-42d6-9200-214eb0163fc5: receive RaftClientReply:client-7538DDC4E776->1b229672-9fc1-42d6-9200-214eb0163fc5@group-440AB812C07F, cid=1193, SUCCESS, logIndex=0, commits[1b229672-9fc1-42d6-9200-214eb0163fc5:c1654, 4cc0758a-96f5-4ab9-816d-81d822da247a:c1652, 8693c47f-40a3-4a1c-b7ba-6ed996b9183c:c1652]
2019-07-08 22:29:40,157 INFO  client.GrpcClientProtocolClient (GrpcClientProtocolClient.java:onNext(255)) - client-7538DDC4E776->1b229672-9fc1-42d6-9200-214eb0163fc5: receive RaftClientReply:client-7538DDC4E776->1b229672-9fc1-42d6-9200-214eb0163fc5@group-440AB812C07F, cid=1194, SUCCESS, logIndex=1655, commits[1b229672-9fc1-42d6-9200-214eb0163fc5:c1656, 4cc0758a-96f5-4ab9-816d-81d822da247a:c1654, 8693c47f-40a3-4a1c-b7ba-6ed996b9183c:c1654]
2019-07-08 22:29:40,157 INFO  client.GrpcClientProtocolClient (GrpcClientProtocolClient.java:onNext(255)) - client-7538DDC4E776->1b229672-9fc1-42d6-9200-214eb0163fc5: receive RaftClientReply:client-7538DDC4E776->1b229672-9fc1-42d6-9200-214eb0163fc5@group-440AB812C07F, cid=1195, SUCCESS, logIndex=1656, commits[1b229672-9fc1-42d6-9200-214eb0163fc5:c1656, 4cc0758a-96f5-4ab9-816d-81d822da247a:c1654, 8693c47f-40a3-4a1c-b7ba-6ed996b9183c:c1654]
2019-07-08 22:29:40,158 INFO  client.GrpcClientProtocolClient (GrpcClientProtocolClient.java:onNext(255)) - client-7538DDC4E776->1b229672-9fc1-42d6-9200-214eb0163fc5: receive RaftClientReply:client-7538DDC4E776->1b229672-9fc1-42d6-9200-214eb0163fc5@group-440AB812C07F, cid=1196, SUCCESS, logIndex=1657, commits[1b229672-9fc1-42d6-9200-214eb0163fc5:c1658, 4cc0758a-96f5-4ab9-816d-81d822da247a:c1654, 8693c47f-40a3-4a1c-b7ba-6ed996b9183c:c1654]
2019-07-08 22:29:40,158 INFO  client.GrpcClientProtocolClient (GrpcClientProtocolClient.java:onNext(255)) - client-7538DDC4E776->1b229672-9fc1-42d6-9200-214eb0163fc5: receive RaftClientReply:client-7538DDC4E776->1b229672-9fc1-42d6-9200-214eb0163fc5@group-440AB812C07F, cid=1197, SUCCESS, logIndex=1658, commits[1b229672-9fc1-42d6-9200-214eb0163fc5:c1658, 4cc0758a-96f5-4ab9-816d-81d822da247a:c1654, 8693c47f-40a3-4a1c-b7ba-6ed996b9183c:c1654]
2019-07-08 22:29:40,160 INFO  client.GrpcClientProtocolClient (GrpcClientProtocolClient.java:onNext(255)) - client-7538DDC4E776->1b229672-9fc1-42d6-9200-214eb0163fc5: receive RaftClientReply:client-7538DDC4E776->1b229672-9fc1-42d6-9200-214eb0163fc5@group-440AB812C07F, cid=1198, SUCCESS, logIndex=0, commits[1b229672-9fc1-42d6-9200-214eb0163fc5:c1659, 4cc0758a-96f5-4ab9-816d-81d822da247a:c1656, 8693c47f-40a3-4a1c-b7ba-6ed996b9183c:c1656]
2019-07-08 22:29:40,170 INFO  client.GrpcClientProtocolClient (GrpcClientProtocolClient.java:onNext(255)) - client-7538DDC4E776->1b229672-9fc1-42d6-9200-214eb0163fc5: receive RaftClientReply:client-7538DDC4E776->1b229672-9fc1-42d6-9200-214eb0163fc5@group-440AB812C07F, cid=1199, SUCCESS, logIndex=1663, commits[1b229672-9fc1-42d6-9200-214eb0163fc5:c1664, 4cc0758a-96f5-4ab9-816d-81d822da247a:c1662, 8693c47f-40a3-4a1c-b7ba-6ed996b9183c:c1658]
2019-07-08 22:29:40,171 INFO  client.GrpcClientProtocolClient (GrpcClientProtocolClient.java:onNext(255)) - client-7538DDC4E776->1b229672-9fc1-42d6-9200-214eb0163fc5: receive RaftClientReply:client-7538DDC4E776->1b229672-9fc1-42d6-9200-214eb0163fc5@group-440AB812C07F, cid=1200, SUCCESS, logIndex=1664, commits[1b229672-9fc1-42d6-9200-214eb0163fc5:c1664, 4cc0758a-96f5-4ab9-816d-81d822da247a:c1662, 8693c47f-40a3-4a1c-b7ba-6ed996b9183c:c1662]
2019-07-08 22:29:40,180 INFO  client.GrpcClientProtocolClient (GrpcClientProtocolClient.java:onNext(255)) - client-7538DDC4E776->1b229672-9fc1-42d6-9200-214eb0163fc5: receive RaftClientReply:client-7538DDC4E776->1b229672-9fc1-42d6-9200-214eb0163fc5@group-440AB812C07F, cid=1201, SUCCESS, logIndex=1667, commits[1b229672-9fc1-42d6-9200-214eb0163fc5:c1668, 4cc0758a-96f5-4ab9-816d-81d822da247a:c1666, 8693c47f-40a3-4a1c-b7ba-6ed996b9183c:c1664]
2019-07-08 22:29:40,180 INFO  client.GrpcClientProtocolClient (GrpcClientProtocolClient.java:onNext(255)) - client-7538DDC4E776->1b229672-9fc1-42d6-9200-214eb0163fc5: receive RaftClientReply:client-7538DDC4E776->1b229672-9fc1-42d6-9200-214eb0163fc5@group-440AB812C07F, cid=1202, SUCCESS, logIndex=1668, commits[1b229672-9fc1-42d6-9200-214eb0163fc5:c1668, 4cc0758a-96f5-4ab9-816d-81d822da247a:c1666, 8693c47f-40a3-4a1c-b7ba-6ed996b9183c:c1664]
2019-07-08 22:29:40,182 INFO  client.GrpcClientProtocolClient (GrpcClientProtocolClient.java:onNext(255)) - client-7538DDC4E776->1b229672-9fc1-42d6-9200-214eb0163fc5: receive RaftClientReply:client-7538DDC4E776->1b229672-9fc1-42d6-9200-214eb0163fc5@group-440AB812C07F, cid=1203, SUCCESS, logIndex=0, commits[1b229672-9fc1-42d6-9200-214eb0163fc5:c1669, 4cc0758a-96f5-4ab9-816d-81d822da247a:c1668, 8693c47f-40a3-4a1c-b7ba-6ed996b9183c:c1668]
2019-07-08 22:29:40,290 INFO  client.GrpcClientProtocolClient (GrpcClientProtocolClient.java:onNext(255)) - client-7538DDC4E776->1b229672-9fc1-42d6-9200-214eb0163fc5: receive RaftClientReply:client-7538DDC4E776->1b229672-9fc1-42d6-9200-214eb0163fc5@group-440AB812C07F, cid=1204, SUCCESS, logIndex=1671, commits[1b229672-9fc1-42d6-9200-214eb0163fc5:c1674, 4cc0758a-96f5-4ab9-816d-81d822da247a:c1670, 8693c47f-40a3-4a1c-b7ba-6ed996b9183c:c1670]
2019-07-08 22:29:40,290 INFO  client.GrpcClientProtocolClient (GrpcClientProtocolClient.java:onNext(255)) - client-7538DDC4E776->1b229672-9fc1-42d6-9200-214eb0163fc5: receive RaftClientReply:client-7538DDC4E776->1b229672-9fc1-42d6-9200-214eb0163fc5@group-440AB812C07F, cid=1205, SUCCESS, logIndex=1672, commits[1b229672-9fc1-42d6-9200-214eb0163fc5:c1674, 4cc0758a-96f5-4ab9-816d-81d822da247a:c1670, 8693c47f-40a3-4a1c-b7ba-6ed996b9183c:c1670]
2019-07-08 22:29:40,291 INFO  client.GrpcClientProtocolClient (GrpcClientProtocolClient.java:onNext(255)) - client-7538DDC4E776->1b229672-9fc1-42d6-9200-214eb0163fc5: receive RaftClientReply:client-7538DDC4E776->1b229672-9fc1-42d6-9200-214eb0163fc5@group-440AB812C07F, cid=1206, SUCCESS, logIndex=1673, commits[1b229672-9fc1-42d6-9200-214eb0163fc5:c1674, 4cc0758a-96f5-4ab9-816d-81d822da247a:c1670, 8693c47f-40a3-4a1c-b7ba-6ed996b9183c:c1670]
2019-07-08 22:29:40,291 INFO  client.GrpcClientProtocolClient (GrpcClientProtocolClient.java:onNext(255)) - client-7538DDC4E776->1b229672-9fc1-42d6-9200-214eb0163fc5: receive RaftClientReply:client-7538DDC4E776->1b229672-9fc1-42d6-9200-214eb0163fc5@group-440AB812C07F, cid=1207, SUCCESS, logIndex=1674, commits[1b229672-9fc1-42d6-9200-214eb0163fc5:c1674, 4cc0758a-96f5-4ab9-816d-81d822da247a:c1670, 8693c47f-40a3-4a1c-b7ba-6ed996b9183c:c1670]
2019-07-08 22:29:40,302 INFO  client.GrpcClientProtocolClient (GrpcClientProtocolClient.java:onNext(255)) - client-7538DDC4E776->1b229672-9fc1-42d6-9200-214eb0163fc5: receive RaftClientReply:client-7538DDC4E776->1b229672-9fc1-42d6-9200-214eb0163fc5@group-440AB812C07F, cid=1208, SUCCESS, logIndex=0, commits[1b229672-9fc1-42d6-9200-214eb0163fc5:c1675, 4cc0758a-96f5-4ab9-816d-81d822da247a:c1672, 8693c47f-40a3-4a1c-b7ba-6ed996b9183c:c1672]
2019-07-08 22:29:40,322 INFO  client.GrpcClientProtocolClient (GrpcClientProtocolClient.java:onNext(255)) - client-7538DDC4E776->1b229672-9fc1-42d6-9200-214eb0163fc5: receive RaftClientReply:client-7538DDC4E776->1b229672-9fc1-42d6-9200-214eb0163fc5@group-440AB812C07F, cid=1209, SUCCESS, logIndex=1679, commits[1b229672-9fc1-42d6-9200-214eb0163fc5:c1680, 4cc0758a-96f5-4ab9-816d-81d822da247a:c1678, 8693c47f-40a3-4a1c-b7ba-6ed996b9183c:c1678]
2019-07-08 22:29:40,323 INFO  client.GrpcClientProtocolClient (GrpcClientProtocolClient.java:onNext(255)) - client-7538DDC4E776->1b229672-9fc1-42d6-9200-214eb0163fc5: receive RaftClientReply:client-7538DDC4E776->1b229672-9fc1-42d6-9200-214eb0163fc5@group-440AB812C07F, cid=1210, SUCCESS, logIndex=1680, commits[1b229672-9fc1-42d6-9200-214eb0163fc5:c1680, 4cc0758a-96f5-4ab9-816d-81d822da247a:c1678, 8693c47f-40a3-4a1c-b7ba-6ed996b9183c:c1678]
2019-07-08 22:29:40,336 INFO  client.GrpcClientProtocolClient (GrpcClientProtocolClient.java:onNext(255)) - client-7538DDC4E776->1b229672-9fc1-42d6-9200-214eb0163fc5: receive RaftClientReply:client-7538DDC4E776->1b229672-9fc1-42d6-9200-214eb0163fc5@group-440AB812C07F, cid=1211, SUCCESS, logIndex=1683, commits[1b229672-9fc1-42d6-9200-214eb0163fc5:c1684, 4cc0758a-96f5-4ab9-816d-81d822da247a:c1680, 8693c47f-40a3-4a1c-b7ba-6ed996b9183c:c1680]
2019-07-08 22:29:40,337 INFO  client.GrpcClientProtocolClient (GrpcClientProtocolClient.java:onNext(255)) - client-7538DDC4E776->1b229672-9fc1-42d6-9200-214eb0163fc5: receive RaftClientReply:client-7538DDC4E776->1b229672-9fc1-42d6-9200-214eb0163fc5@group-440AB812C07F, cid=1212, SUCCESS, logIndex=1684, commits[1b229672-9fc1-42d6-9200-214eb0163fc5:c1684, 4cc0758a-96f5-4ab9-816d-81d822da247a:c1680, 8693c47f-40a3-4a1c-b7ba-6ed996b9183c:c1680]
2019-07-08 22:29:40,349 INFO  client.GrpcClientProtocolClient (GrpcClientProtocolClient.java:onNext(255)) - client-7538DDC4E776->1b229672-9fc1-42d6-9200-214eb0163fc5: receive RaftClientReply:client-7538DDC4E776->1b229672-9fc1-42d6-9200-214eb0163fc5@group-440AB812C07F, cid=1213, SUCCESS, logIndex=0, commits[1b229672-9fc1-42d6-9200-214eb0163fc5:c1686, 4cc0758a-96f5-4ab9-816d-81d822da247a:c1684, 8693c47f-40a3-4a1c-b7ba-6ed996b9183c:c1684]
2019-07-08 22:29:40,368 INFO  client.GrpcClientProtocolClient (GrpcClientProtocolClient.java:onNext(255)) - client-7538DDC4E776->1b229672-9fc1-42d6-9200-214eb0163fc5: receive RaftClientReply:client-7538DDC4E776->1b229672-9fc1-42d6-9200-214eb0163fc5@group-440AB812C07F, cid=1214, SUCCESS, logIndex=1687, commits[1b229672-9fc1-42d6-9200-214eb0163fc5:c1689, 4cc0758a-96f5-4ab9-816d-81d822da247a:c1686, 8693c47f-40a3-4a1c-b7ba-6ed996b9183c:c1686]
2019-07-08 22:29:40,368 INFO  client.GrpcClientProtocolClient (GrpcClientProtocolClient.java:onNext(255)) - client-7538DDC4E776->1b229672-9fc1-42d6-9200-214eb0163fc5: receive RaftClientReply:client-7538DDC4E776->1b229672-9fc1-42d6-9200-214eb0163fc5@group-440AB812C07F, cid=1215, SUCCESS, logIndex=1688, commits[1b229672-9fc1-42d6-9200-214eb0163fc5:c1690, 4cc0758a-96f5-4ab9-816d-81d822da247a:c1686, 8693c47f-40a3-4a1c-b7ba-6ed996b9183c:c1686]
2019-07-08 22:29:40,369 INFO  client.GrpcClientProtocolClient (GrpcClientProtocolClient.java:onNext(255)) - client-7538DDC4E776->1b229672-9fc1-42d6-9200-214eb0163fc5: receive RaftClientReply:client-7538DDC4E776->1b229672-9fc1-42d6-9200-214eb0163fc5@group-440AB812C07F, cid=1216, SUCCESS, logIndex=1689, commits[1b229672-9fc1-42d6-9200-214eb0163fc5:c1690, 4cc0758a-96f5-4ab9-816d-81d822da247a:c1686, 8693c47f-40a3-4a1c-b7ba-6ed996b9183c:c1686]
2019-07-08 22:29:40,369 INFO  client.GrpcClientProtocolClient (GrpcClientProtocolClient.java:onNext(255)) - client-7538DDC4E776->1b229672-9fc1-42d6-9200-214eb0163fc5: receive RaftClientReply:client-7538DDC4E776->1b229672-9fc1-42d6-9200-214eb0163fc5@group-440AB812C07F, cid=1217, SUCCESS, logIndex=1690, commits[1b229672-9fc1-42d6-9200-214eb0163fc5:c1690, 4cc0758a-96f5-4ab9-816d-81d822da247a:c1686, 8693c47f-40a3-4a1c-b7ba-6ed996b9183c:c1686]
2019-07-08 22:29:40,370 INFO  client.GrpcClientProtocolClient (GrpcClientProtocolClient.java:onNext(255)) - client-7538DDC4E776->1b229672-9fc1-42d6-9200-214eb0163fc5: receive RaftClientReply:client-7538DDC4E776->1b229672-9fc1-42d6-9200-214eb0163fc5@group-440AB812C07F, cid=1218, SUCCESS, logIndex=0, commits[1b229672-9fc1-42d6-9200-214eb0163fc5:c1691, 4cc0758a-96f5-4ab9-816d-81d822da247a:c1688, 8693c47f-40a3-4a1c-b7ba-6ed996b9183c:c1688]
2019-07-08 22:29:40,389 INFO  client.GrpcClientProtocolClient (GrpcClientProtocolClient.java:onNext(255)) - client-7538DDC4E776->1b229672-9fc1-42d6-9200-214eb0163fc5: receive RaftClientReply:client-7538DDC4E776->1b229672-9fc1-42d6-9200-214eb0163fc5@group-440AB812C07F, cid=1219, SUCCESS, logIndex=1695, commits[1b229672-9fc1-42d6-9200-214eb0163fc5:c1696, 4cc0758a-96f5-4ab9-816d-81d822da247a:c1694, 8693c47f-40a3-4a1c-b7ba-6ed996b9183c:c1694]
2019-07-08 22:29:40,389 INFO  client.GrpcClientProtocolClient (GrpcClientProtocolClient.java:onNext(255)) - client-7538DDC4E776->1b229672-9fc1-42d6-9200-214eb0163fc5: receive RaftClientReply:client-7538DDC4E776->1b229672-9fc1-42d6-9200-214eb0163fc5@group-440AB812C07F, cid=1220, SUCCESS, logIndex=1696, commits[1b229672-9fc1-42d6-9200-214eb0163fc5:c1696, 4cc0758a-96f5-4ab9-816d-81d822da247a:c1694, 8693c47f-40a3-4a1c-b7ba-6ed996b9183c:c1694]
2019-07-08 22:29:40,402 INFO  client.GrpcClientProtocolClient (GrpcClientProtocolClient.java:onNext(255)) - client-7538DDC4E776->1b229672-9fc1-42d6-9200-214eb0163fc5: receive RaftClientReply:client-7538DDC4E776->1b229672-9fc1-42d6-9200-214eb0163fc5@group-440AB812C07F, cid=1221, SUCCESS, logIndex=1699, commits[1b229672-9fc1-42d6-9200-214eb0163fc5:c1699, 4cc0758a-96f5-4ab9-816d-81d822da247a:c1696, 8693c47f-40a3-4a1c-b7ba-6ed996b9183c:c1696]
2019-07-08 22:29:40,403 INFO  client.GrpcClientProtocolClient (GrpcClientProtocolClient.java:onNext(255)) - client-7538DDC4E776->1b229672-9fc1-42d6-9200-214eb0163fc5: receive RaftClientReply:client-7538DDC4E776->1b229672-9fc1-42d6-9200-214eb0163fc5@group-440AB812C07F, cid=1222, SUCCESS, logIndex=1700, commits[1b229672-9fc1-42d6-9200-214eb0163fc5:c1700, 4cc0758a-96f5-4ab9-816d-81d822da247a:c1696, 8693c47f-40a3-4a1c-b7ba-6ed996b9183c:c1696]
2019-07-08 22:29:40,416 INFO  client.GrpcClientProtocolClient (GrpcClientProtocolClient.java:onNext(255)) - client-7538DDC4E776->1b229672-9fc1-42d6-9200-214eb0163fc5: receive RaftClientReply:client-7538DDC4E776->1b229672-9fc1-42d6-9200-214eb0163fc5@group-440AB812C07F, cid=1223, SUCCESS, logIndex=0, commits[1b229672-9fc1-42d6-9200-214eb0163fc5:c1702, 4cc0758a-96f5-4ab9-816d-81d822da247a:c1700, 8693c47f-40a3-4a1c-b7ba-6ed996b9183c:c1700]
2019-07-08 22:29:40,435 INFO  client.GrpcClientProtocolClient (GrpcClientProtocolClient.java:onNext(255)) - client-7538DDC4E776->1b229672-9fc1-42d6-9200-214eb0163fc5: receive RaftClientReply:client-7538DDC4E776->1b229672-9fc1-42d6-9200-214eb0163fc5@group-440AB812C07F, cid=1224, SUCCESS, logIndex=1703, commits[1b229672-9fc1-42d6-9200-214eb0163fc5:c1704, 4cc0758a-96f5-4ab9-816d-81d822da247a:c1702, 8693c47f-40a3-4a1c-b7ba-6ed996b9183c:c1702]
2019-07-08 22:29:40,435 INFO  client.GrpcClientProtocolClient (GrpcClientProtocolClient.java:onNext(255)) - client-7538DDC4E776->1b229672-9fc1-42d6-9200-214eb0163fc5: receive RaftClientReply:client-7538DDC4E776->1b229672-9fc1-42d6-9200-214eb0163fc5@group-440AB812C07F, cid=1225, SUCCESS, logIndex=1704, commits[1b229672-9fc1-42d6-9200-214eb0163fc5:c1704, 4cc0758a-96f5-4ab9-816d-81d822da247a:c1702, 8693c47f-40a3-4a1c-b7ba-6ed996b9183c:c1702]
2019-07-08 22:29:40,436 INFO  client.GrpcClientProtocolClient (GrpcClientProtocolClient.java:onNext(255)) - client-7538DDC4E776->1b229672-9fc1-42d6-9200-214eb0163fc5: receive RaftClientReply:client-7538DDC4E776->1b229672-9fc1-42d6-9200-214eb0163fc5@group-440AB812C07F, cid=1226, SUCCESS, logIndex=1705, commits[1b229672-9fc1-42d6-9200-214eb0163fc5:c1706, 4cc0758a-96f5-4ab9-816d-81d822da247a:c1702, 8693c47f-40a3-4a1c-b7ba-6ed996b9183c:c1702]
2019-07-08 22:29:40,436 INFO  client.GrpcClientProtocolClient (GrpcClientProtocolClient.java:onNext(255)) - client-7538DDC4E776->1b229672-9fc1-42d6-9200-214eb0163fc5: receive RaftClientReply:client-7538DDC4E776->1b229672-9fc1-42d6-9200-214eb0163fc5@group-440AB812C07F, cid=1227, SUCCESS, logIndex=1706, commits[1b229672-9fc1-42d6-9200-214eb0163fc5:c1706, 4cc0758a-96f5-4ab9-816d-81d822da247a:c1702, 8693c47f-40a3-4a1c-b7ba-6ed996b9183c:c1702]
2019-07-08 22:29:40,437 INFO  client.GrpcClientProtocolClient (GrpcClientProtocolClient.java:onNext(255)) - client-7538DDC4E776->1b229672-9fc1-42d6-9200-214eb0163fc5: receive RaftClientReply:client-7538DDC4E776->1b229672-9fc1-42d6-9200-214eb0163fc5@group-440AB812C07F, cid=1228, SUCCESS, logIndex=0, commits[1b229672-9fc1-42d6-9200-214eb0163fc5:c1708, 4cc0758a-96f5-4ab9-816d-81d822da247a:c1704, 8693c47f-40a3-4a1c-b7ba-6ed996b9183c:c1704]
2019-07-08 22:29:40,449 INFO  client.GrpcClientProtocolClient (GrpcClientProtocolClient.java:onNext(255)) - client-7538DDC4E776->1b229672-9fc1-42d6-9200-214eb0163fc5: receive RaftClientReply:client-7538DDC4E776->1b229672-9fc1-42d6-9200-214eb0163fc5@group-440AB812C07F, cid=1229, SUCCESS, logIndex=1711, commits[1b229672-9fc1-42d6-9200-214eb0163fc5:c1712, 4cc0758a-96f5-4ab9-816d-81d822da247a:c1710, 8693c47f-40a3-4a1c-b7ba-6ed996b9183c:c1706]
2019-07-08 22:29:40,449 INFO  client.GrpcClientProtocolClient (GrpcClientProtocolClient.java:onNext(255)) - client-7538DDC4E776->1b229672-9fc1-42d6-9200-214eb0163fc5: receive RaftClientReply:client-7538DDC4E776->1b229672-9fc1-42d6-9200-214eb0163fc5@group-440AB812C07F, cid=1230, SUCCESS, logIndex=1712, commits[1b229672-9fc1-42d6-9200-214eb0163fc5:c1712, 4cc0758a-96f5-4ab9-816d-81d822da247a:c1710, 8693c47f-40a3-4a1c-b7ba-6ed996b9183c:c1710]
2019-07-08 22:29:40,460 INFO  client.GrpcClientProtocolClient (GrpcClientProtocolClient.java:onNext(255)) - client-7538DDC4E776->1b229672-9fc1-42d6-9200-214eb0163fc5: receive RaftClientReply:client-7538DDC4E776->1b229672-9fc1-42d6-9200-214eb0163fc5@group-440AB812C07F, cid=1231, SUCCESS, logIndex=1714, commits[1b229672-9fc1-42d6-9200-214eb0163fc5:c1715, 4cc0758a-96f5-4ab9-816d-81d822da247a:c1713, 8693c47f-40a3-4a1c-b7ba-6ed996b9183c:c1713]
2019-07-08 22:29:40,461 INFO  client.GrpcClientProtocolClient (GrpcClientProtocolClient.java:onNext(255)) - client-7538DDC4E776->1b229672-9fc1-42d6-9200-214eb0163fc5: receive RaftClientReply:client-7538DDC4E776->1b229672-9fc1-42d6-9200-214eb0163fc5@group-440AB812C07F, cid=1232, SUCCESS, logIndex=1715, commits[1b229672-9fc1-42d6-9200-214eb0163fc5:c1715, 4cc0758a-96f5-4ab9-816d-81d822da247a:c1713, 8693c47f-40a3-4a1c-b7ba-6ed996b9183c:c1713]
2019-07-08 22:29:40,462 INFO  client.GrpcClientProtocolClient (GrpcClientProtocolClient.java:onNext(255)) - client-7538DDC4E776->1b229672-9fc1-42d6-9200-214eb0163fc5: receive RaftClientReply:client-7538DDC4E776->1b229672-9fc1-42d6-9200-214eb0163fc5@group-440AB812C07F, cid=1233, SUCCESS, logIndex=0, commits[1b229672-9fc1-42d6-9200-214eb0163fc5:c1715, 4cc0758a-96f5-4ab9-816d-81d822da247a:c1715, 8693c47f-40a3-4a1c-b7ba-6ed996b9183c:c1715]
2019-07-08 22:29:40,494 INFO  client.GrpcClientProtocolClient (GrpcClientProtocolClient.java:onNext(255)) - client-7538DDC4E776->1b229672-9fc1-42d6-9200-214eb0163fc5: receive RaftClientReply:client-7538DDC4E776->1b229672-9fc1-42d6-9200-214eb0163fc5@group-440AB812C07F, cid=1234, SUCCESS, logIndex=1717, commits[1b229672-9fc1-42d6-9200-214eb0163fc5:c1718, 4cc0758a-96f5-4ab9-816d-81d822da247a:c1715, 8693c47f-40a3-4a1c-b7ba-6ed996b9183c:c1716]
2019-07-08 22:29:40,495 INFO  client.GrpcClientProtocolClient (GrpcClientProtocolClient.java:onNext(255)) - client-7538DDC4E776->1b229672-9fc1-42d6-9200-214eb0163fc5: receive RaftClientReply:client-7538DDC4E776->1b229672-9fc1-42d6-9200-214eb0163fc5@group-440AB812C07F, cid=1235, SUCCESS, logIndex=1718, commits[1b229672-9fc1-42d6-9200-214eb0163fc5:c1719, 4cc0758a-96f5-4ab9-816d-81d822da247a:c1715, 8693c47f-40a3-4a1c-b7ba-6ed996b9183c:c1716]
2019-07-08 22:29:40,495 INFO  client.GrpcClientProtocolClient (GrpcClientProtocolClient.java:onNext(255)) - client-7538DDC4E776->1b229672-9fc1-42d6-9200-214eb0163fc5: receive RaftClientReply:client-7538DDC4E776->1b229672-9fc1-42d6-9200-214eb0163fc5@group-440AB812C07F, cid=1236, SUCCESS, logIndex=1719, commits[1b229672-9fc1-42d6-9200-214eb0163fc5:c1720, 4cc0758a-96f5-4ab9-816d-81d822da247a:c1716, 8693c47f-40a3-4a1c-b7ba-6ed996b9183c:c1716]
2019-07-08 22:29:40,496 INFO  client.GrpcClientProtocolClient (GrpcClientProtocolClient.java:onNext(255)) - client-7538DDC4E776->1b229672-9fc1-42d6-9200-214eb0163fc5: receive RaftClientReply:client-7538DDC4E776->1b229672-9fc1-42d6-9200-214eb0163fc5@group-440AB812C07F, cid=1237, SUCCESS, logIndex=1720, commits[1b229672-9fc1-42d6-9200-214eb0163fc5:c1720, 4cc0758a-96f5-4ab9-816d-81d822da247a:c1716, 8693c47f-40a3-4a1c-b7ba-6ed996b9183c:c1716]
2019-07-08 22:29:40,498 INFO  client.GrpcClientProtocolClient (GrpcClientProtocolClient.java:onNext(255)) - client-7538DDC4E776->1b229672-9fc1-42d6-9200-214eb0163fc5: receive RaftClientReply:client-7538DDC4E776->1b229672-9fc1-42d6-9200-214eb0163fc5@group-440AB812C07F, cid=1238, SUCCESS, logIndex=0, commits[1b229672-9fc1-42d6-9200-214eb0163fc5:c1721, 4cc0758a-96f5-4ab9-816d-81d822da247a:c1718, 8693c47f-40a3-4a1c-b7ba-6ed996b9183c:c1718]
2019-07-08 22:29:40,508 INFO  client.GrpcClientProtocolClient (GrpcClientProtocolClient.java:onNext(255)) - client-7538DDC4E776->1b229672-9fc1-42d6-9200-214eb0163fc5: receive RaftClientReply:client-7538DDC4E776->1b229672-9fc1-42d6-9200-214eb0163fc5@group-440AB812C07F, cid=1239, SUCCESS, logIndex=1725, commits[1b229672-9fc1-42d6-9200-214eb0163fc5:c1726, 4cc0758a-96f5-4ab9-816d-81d822da247a:c1720, 8693c47f-40a3-4a1c-b7ba-6ed996b9183c:c1724]
2019-07-08 22:29:40,509 INFO  client.GrpcClientProtocolClient (GrpcClientProtocolClient.java:onNext(255)) - client-7538DDC4E776->1b229672-9fc1-42d6-9200-214eb0163fc5: receive RaftClientReply:client-7538DDC4E776->1b229672-9fc1-42d6-9200-214eb0163fc5@group-440AB812C07F, cid=1240, SUCCESS, logIndex=1726, commits[1b229672-9fc1-42d6-9200-214eb0163fc5:c1726, 4cc0758a-96f5-4ab9-816d-81d822da247a:c1724, 8693c47f-40a3-4a1c-b7ba-6ed996b9183c:c1724]
2019-07-08 22:29:40,548 INFO  client.GrpcClientProtocolClient (GrpcClientProtocolClient.java:onNext(255)) - client-7538DDC4E776->1b229672-9fc1-42d6-9200-214eb0163fc5: receive RaftClientReply:client-7538DDC4E776->1b229672-9fc1-42d6-9200-214eb0163fc5@group-440AB812C07F, cid=1241, SUCCESS, logIndex=1729, commits[1b229672-9fc1-42d6-9200-214eb0163fc5:c1730, 4cc0758a-96f5-4ab9-816d-81d822da247a:c1728, 8693c47f-40a3-4a1c-b7ba-6ed996b9183c:c1728]
2019-07-08 22:29:40,549 INFO  client.GrpcClientProtocolClient (GrpcClientProtocolClient.java:onNext(255)) - client-7538DDC4E776->1b229672-9fc1-42d6-9200-214eb0163fc5: receive RaftClientReply:client-7538DDC4E776->1b229672-9fc1-42d6-9200-214eb0163fc5@group-440AB812C07F, cid=1242, SUCCESS, logIndex=1730, commits[1b229672-9fc1-42d6-9200-214eb0163fc5:c1730, 4cc0758a-96f5-4ab9-816d-81d822da247a:c1728, 8693c47f-40a3-4a1c-b7ba-6ed996b9183c:c1728]
2019-07-08 22:29:40,556 INFO  client.GrpcClientProtocolClient (GrpcClientProtocolClient.java:onNext(255)) - client-7538DDC4E776->1b229672-9fc1-42d6-9200-214eb0163fc5: receive RaftClientReply:client-7538DDC4E776->1b229672-9fc1-42d6-9200-214eb0163fc5@group-440AB812C07F, cid=1243, SUCCESS, logIndex=0, commits[1b229672-9fc1-42d6-9200-214eb0163fc5:c1732, 4cc0758a-96f5-4ab9-816d-81d822da247a:c1730, 8693c47f-40a3-4a1c-b7ba-6ed996b9183c:c1730]
2019-07-08 22:29:40,593 INFO  client.GrpcClientProtocolClient (GrpcClientProtocolClient.java:onNext(255)) - client-7538DDC4E776->1b229672-9fc1-42d6-9200-214eb0163fc5: receive RaftClientReply:client-7538DDC4E776->1b229672-9fc1-42d6-9200-214eb0163fc5@group-440AB812C07F, cid=1244, SUCCESS, logIndex=1733, commits[1b229672-9fc1-42d6-9200-214eb0163fc5:c1734, 4cc0758a-96f5-4ab9-816d-81d822da247a:c1732, 8693c47f-40a3-4a1c-b7ba-6ed996b9183c:c1732]
2019-07-08 22:29:40,594 INFO  client.GrpcClientProtocolClient (GrpcClientProtocolClient.java:onNext(255)) - client-7538DDC4E776->1b229672-9fc1-42d6-9200-214eb0163fc5: receive RaftClientReply:client-7538DDC4E776->1b229672-9fc1-42d6-9200-214eb0163fc5@group-440AB812C07F, cid=1245, SUCCESS, logIndex=1734, commits[1b229672-9fc1-42d6-9200-214eb0163fc5:c1734, 4cc0758a-96f5-4ab9-816d-81d822da247a:c1732, 8693c47f-40a3-4a1c-b7ba-6ed996b9183c:c1732]
2019-07-08 22:29:40,594 INFO  client.GrpcClientProtocolClient (GrpcClientProtocolClient.java:onNext(255)) - client-7538DDC4E776->1b229672-9fc1-42d6-9200-214eb0163fc5: receive RaftClientReply:client-7538DDC4E776->1b229672-9fc1-42d6-9200-214eb0163fc5@group-440AB812C07F, cid=1246, SUCCESS, logIndex=1735, commits[1b229672-9fc1-42d6-9200-214eb0163fc5:c1736, 4cc0758a-96f5-4ab9-816d-81d822da247a:c1732, 8693c47f-40a3-4a1c-b7ba-6ed996b9183c:c1732]
2019-07-08 22:29:40,595 INFO  client.GrpcClientProtocolClient (GrpcClientProtocolClient.java:onNext(255)) - client-7538DDC4E776->1b229672-9fc1-42d6-9200-214eb0163fc5: receive RaftClientReply:client-7538DDC4E776->1b229672-9fc1-42d6-9200-214eb0163fc5@group-440AB812C07F, cid=1247, SUCCESS, logIndex=1736, commits[1b229672-9fc1-42d6-9200-214eb0163fc5:c1736, 4cc0758a-96f5-4ab9-816d-81d822da247a:c1732, 8693c47f-40a3-4a1c-b7ba-6ed996b9183c:c1732]
2019-07-08 22:29:40,596 INFO  client.GrpcClientProtocolClient (GrpcClientProtocolClient.java:onNext(255)) - client-7538DDC4E776->1b229672-9fc1-42d6-9200-214eb0163fc5: receive RaftClientReply:client-7538DDC4E776->1b229672-9fc1-42d6-9200-214eb0163fc5@group-440AB812C07F, cid=1248, SUCCESS, logIndex=0, commits[1b229672-9fc1-42d6-9200-214eb0163fc5:c1738, 4cc0758a-96f5-4ab9-816d-81d822da247a:c1734, 8693c47f-40a3-4a1c-b7ba-6ed996b9183c:c1734]
2019-07-08 22:29:40,616 INFO  client.GrpcClientProtocolClient (GrpcClientProtocolClient.java:onNext(255)) - client-7538DDC4E776->1b229672-9fc1-42d6-9200-214eb0163fc5: receive RaftClientReply:client-7538DDC4E776->1b229672-9fc1-42d6-9200-214eb0163fc5@group-440AB812C07F, cid=1249, SUCCESS, logIndex=1741, commits[1b229672-9fc1-42d6-9200-214eb0163fc5:c1742, 4cc0758a-96f5-4ab9-816d-81d822da247a:c1740, 8693c47f-40a3-4a1c-b7ba-6ed996b9183c:c1740]
2019-07-08 22:29:40,617 INFO  client.GrpcClientProtocolClient (GrpcClientProtocolClient.java:onNext(255)) - client-7538DDC4E776->1b229672-9fc1-42d6-9200-214eb0163fc5: receive RaftClientReply:client-7538DDC4E776->1b229672-9fc1-42d6-9200-214eb0163fc5@group-440AB812C07F, cid=1250, SUCCESS, logIndex=1742, commits[1b229672-9fc1-42d6-9200-214eb0163fc5:c1742, 4cc0758a-96f5-4ab9-816d-81d822da247a:c1740, 8693c47f-40a3-4a1c-b7ba-6ed996b9183c:c1740]
2019-07-08 22:29:40,629 INFO  client.GrpcClientProtocolClient (GrpcClientProtocolClient.java:onNext(255)) - client-7538DDC4E776->1b229672-9fc1-42d6-9200-214eb0163fc5: receive RaftClientReply:client-7538DDC4E776->1b229672-9fc1-42d6-9200-214eb0163fc5@group-440AB812C07F, cid=1251, SUCCESS, logIndex=1745, commits[1b229672-9fc1-42d6-9200-214eb0163fc5:c1746, 4cc0758a-96f5-4ab9-816d-81d822da247a:c1742, 8693c47f-40a3-4a1c-b7ba-6ed996b9183c:c1742]
2019-07-08 22:29:40,630 INFO  client.GrpcClientProtocolClient (GrpcClientProtocolClient.java:onNext(255)) - client-7538DDC4E776->1b229672-9fc1-42d6-9200-214eb0163fc5: receive RaftClientReply:client-7538DDC4E776->1b229672-9fc1-42d6-9200-214eb0163fc5@group-440AB812C07F, cid=1252, SUCCESS, logIndex=1746, commits[1b229672-9fc1-42d6-9200-214eb0163fc5:c1746, 4cc0758a-96f5-4ab9-816d-81d822da247a:c1742, 8693c47f-40a3-4a1c-b7ba-6ed996b9183c:c1742]
2019-07-08 22:29:40,641 INFO  client.GrpcClientProtocolClient (GrpcClientProtocolClient.java:onNext(255)) - client-7538DDC4E776->1b229672-9fc1-42d6-9200-214eb0163fc5: receive RaftClientReply:client-7538DDC4E776->1b229672-9fc1-42d6-9200-214eb0163fc5@group-440AB812C07F, cid=1253, SUCCESS, logIndex=0, commits[1b229672-9fc1-42d6-9200-214eb0163fc5:c1747, 4cc0758a-96f5-4ab9-816d-81d822da247a:c1746, 8693c47f-40a3-4a1c-b7ba-6ed996b9183c:c1746]
2019-07-08 22:29:40,671 INFO  client.GrpcClientProtocolClient (GrpcClientProtocolClient.java:onNext(255)) - client-7538DDC4E776->1b229672-9fc1-42d6-9200-214eb0163fc5: receive RaftClientReply:client-7538DDC4E776->1b229672-9fc1-42d6-9200-214eb0163fc5@group-440AB812C07F, cid=1254, SUCCESS, logIndex=1749, commits[1b229672-9fc1-42d6-9200-214eb0163fc5:c1751, 4cc0758a-96f5-4ab9-816d-81d822da247a:c1748, 8693c47f-40a3-4a1c-b7ba-6ed996b9183c:c1748]
2019-07-08 22:29:40,671 INFO  client.GrpcClientProtocolClient (GrpcClientProtocolClient.java:onNext(255)) - client-7538DDC4E776->1b229672-9fc1-42d6-9200-214eb0163fc5: receive RaftClientReply:client-7538DDC4E776->1b229672-9fc1-42d6-9200-214eb0163fc5@group-440AB812C07F, cid=1255, SUCCESS, logIndex=1750, commits[1b229672-9fc1-42d6-9200-214eb0163fc5:c1752, 4cc0758a-96f5-4ab9-816d-81d822da247a:c1748, 8693c47f-40a3-4a1c-b7ba-6ed996b9183c:c1748]
2019-07-08 22:29:40,672 INFO  client.GrpcClientProtocolClient (GrpcClientProtocolClient.java:onNext(255)) - client-7538DDC4E776->1b229672-9fc1-42d6-9200-214eb0163fc5: receive RaftClientReply:client-7538DDC4E776->1b229672-9fc1-42d6-9200-214eb0163fc5@group-440AB812C07F, cid=1256, SUCCESS, logIndex=1751, commits[1b229672-9fc1-42d6-9200-214eb0163fc5:c1752, 4cc0758a-96f5-4ab9-816d-81d822da247a:c1748, 8693c47f-40a3-4a1c-b7ba-6ed996b9183c:c1748]
2019-07-08 22:29:40,672 INFO  client.GrpcClientProtocolClient (GrpcClientProtocolClient.java:onNext(255)) - client-7538DDC4E776->1b229672-9fc1-42d6-9200-214eb0163fc5: receive RaftClientReply:client-7538DDC4E776->1b229672-9fc1-42d6-9200-214eb0163fc5@group-440AB812C07F, cid=1257, SUCCESS, logIndex=1752, commits[1b229672-9fc1-42d6-9200-214eb0163fc5:c1752, 4cc0758a-96f5-4ab9-816d-81d822da247a:c1748, 8693c47f-40a3-4a1c-b7ba-6ed996b9183c:c1748]
2019-07-08 22:29:40,673 INFO  client.GrpcClientProtocolClient (GrpcClientProtocolClient.java:onNext(255)) - client-7538DDC4E776->1b229672-9fc1-42d6-9200-214eb0163fc5: receive RaftClientReply:client-7538DDC4E776->1b229672-9fc1-42d6-9200-214eb0163fc5@group-440AB812C07F, cid=1258, SUCCESS, logIndex=0, commits[1b229672-9fc1-42d6-9200-214eb0163fc5:c1756, 4cc0758a-96f5-4ab9-816d-81d822da247a:c1752, 8693c47f-40a3-4a1c-b7ba-6ed996b9183c:c1750]
2019-07-08 22:29:40,692 INFO  client.GrpcClientProtocolClient (GrpcClientProtocolClient.java:onNext(255)) - client-7538DDC4E776->1b229672-9fc1-42d6-9200-214eb0163fc5: receive RaftClientReply:client-7538DDC4E776->1b229672-9fc1-42d6-9200-214eb0163fc5@group-440AB812C07F, cid=1259, SUCCESS, logIndex=1757, commits[1b229672-9fc1-42d6-9200-214eb0163fc5:c1758, 4cc0758a-96f5-4ab9-816d-81d822da247a:c1756, 8693c47f-40a3-4a1c-b7ba-6ed996b9183c:c1756]
2019-07-08 22:29:40,693 INFO  client.GrpcClientProtocolClient (GrpcClientProtocolClient.java:onNext(255)) - client-7538DDC4E776->1b229672-9fc1-42d6-9200-214eb0163fc5: receive RaftClientReply:client-7538DDC4E776->1b229672-9fc1-42d6-9200-214eb0163fc5@group-440AB812C07F, cid=1260, SUCCESS, logIndex=1758, commits[1b229672-9fc1-42d6-9200-214eb0163fc5:c1758, 4cc0758a-96f5-4ab9-816d-81d822da247a:c1756, 8693c47f-40a3-4a1c-b7ba-6ed996b9183c:c1756]
2019-07-08 22:29:40,705 INFO  client.GrpcClientProtocolClient (GrpcClientProtocolClient.java:onNext(255)) - client-7538DDC4E776->1b229672-9fc1-42d6-9200-214eb0163fc5: receive RaftClientReply:client-7538DDC4E776->1b229672-9fc1-42d6-9200-214eb0163fc5@group-440AB812C07F, cid=1261, SUCCESS, logIndex=1761, commits[1b229672-9fc1-42d6-9200-214eb0163fc5:c1762, 4cc0758a-96f5-4ab9-816d-81d822da247a:c1758, 8693c47f-40a3-4a1c-b7ba-6ed996b9183c:c1758]
2019-07-08 22:29:40,706 INFO  client.GrpcClientProtocolClient (GrpcClientProtocolClient.java:onNext(255)) - client-7538DDC4E776->1b229672-9fc1-42d6-9200-214eb0163fc5: receive RaftClientReply:client-7538DDC4E776->1b229672-9fc1-42d6-9200-214eb0163fc5@group-440AB812C07F, cid=1262, SUCCESS, logIndex=1762, commits[1b229672-9fc1-42d6-9200-214eb0163fc5:c1762, 4cc0758a-96f5-4ab9-816d-81d822da247a:c1758, 8693c47f-40a3-4a1c-b7ba-6ed996b9183c:c1758]
2019-07-08 22:29:40,718 INFO  client.GrpcClientProtocolClient (GrpcClientProtocolClient.java:onNext(255)) - client-7538DDC4E776->1b229672-9fc1-42d6-9200-214eb0163fc5: receive RaftClientReply:client-7538DDC4E776->1b229672-9fc1-42d6-9200-214eb0163fc5@group-440AB812C07F, cid=1263, SUCCESS, logIndex=0, commits[1b229672-9fc1-42d6-9200-214eb0163fc5:c1763, 4cc0758a-96f5-4ab9-816d-81d822da247a:c1762, 8693c47f-40a3-4a1c-b7ba-6ed996b9183c:c1762]
2019-07-08 22:29:40,745 INFO  client.GrpcClientProtocolClient (GrpcClientProtocolClient.java:onNext(255)) - client-7538DDC4E776->1b229672-9fc1-42d6-9200-214eb0163fc5: receive RaftClientReply:client-7538DDC4E776->1b229672-9fc1-42d6-9200-214eb0163fc5@group-440AB812C07F, cid=1264, SUCCESS, logIndex=1765, commits[1b229672-9fc1-42d6-9200-214eb0163fc5:c1766, 4cc0758a-96f5-4ab9-816d-81d822da247a:c1764, 8693c47f-40a3-4a1c-b7ba-6ed996b9183c:c1764]
2019-07-08 22:29:40,745 INFO  client.GrpcClientProtocolClient (GrpcClientProtocolClient.java:onNext(255)) - client-7538DDC4E776->1b229672-9fc1-42d6-9200-214eb0163fc5: receive RaftClientReply:client-7538DDC4E776->1b229672-9fc1-42d6-9200-214eb0163fc5@group-440AB812C07F, cid=1265, SUCCESS, logIndex=1766, commits[1b229672-9fc1-42d6-9200-214eb0163fc5:c1768, 4cc0758a-96f5-4ab9-816d-81d822da247a:c1764, 8693c47f-40a3-4a1c-b7ba-6ed996b9183c:c1764]
2019-07-08 22:29:40,745 INFO  client.GrpcClientProtocolClient (GrpcClientProtocolClient.java:onNext(255)) - client-7538DDC4E776->1b229672-9fc1-42d6-9200-214eb0163fc5: receive RaftClientReply:client-7538DDC4E776->1b229672-9fc1-42d6-9200-214eb0163fc5@group-440AB812C07F, cid=1266, SUCCESS, logIndex=1767, commits[1b229672-9fc1-42d6-9200-214eb0163fc5:c1768, 4cc0758a-96f5-4ab9-816d-81d822da247a:c1764, 8693c47f-40a3-4a1c-b7ba-6ed996b9183c:c1764]
2019-07-08 22:29:40,746 INFO  client.GrpcClientProtocolClient (GrpcClientProtocolClient.java:onNext(255)) - client-7538DDC4E776->1b229672-9fc1-42d6-9200-214eb0163fc5: receive RaftClientReply:client-7538DDC4E776->1b229672-9fc1-42d6-9200-214eb0163fc5@group-440AB812C07F, cid=1267, SUCCESS, logIndex=1768, commits[1b229672-9fc1-42d6-9200-214eb0163fc5:c1768, 4cc0758a-96f5-4ab9-816d-81d822da247a:c1764, 8693c47f-40a3-4a1c-b7ba-6ed996b9183c:c1764]
2019-07-08 22:29:40,748 INFO  client.GrpcClientProtocolClient (GrpcClientProtocolClient.java:onNext(255)) - client-7538DDC4E776->1b229672-9fc1-42d6-9200-214eb0163fc5: receive RaftClientReply:client-7538DDC4E776->1b229672-9fc1-42d6-9200-214eb0163fc5@group-440AB812C07F, cid=1268, SUCCESS, logIndex=0, commits[1b229672-9fc1-42d6-9200-214eb0163fc5:c1769, 4cc0758a-96f5-4ab9-816d-81d822da247a:c1766, 8693c47f-40a3-4a1c-b7ba-6ed996b9183c:c1766]
2019-07-08 22:29:40,768 INFO  client.GrpcClientProtocolClient (GrpcClientProtocolClient.java:onNext(255)) - client-7538DDC4E776->1b229672-9fc1-42d6-9200-214eb0163fc5: receive RaftClientReply:client-7538DDC4E776->1b229672-9fc1-42d6-9200-214eb0163fc5@group-440AB812C07F, cid=1269, SUCCESS, logIndex=1772, commits[1b229672-9fc1-42d6-9200-214eb0163fc5:c1773, 4cc0758a-96f5-4ab9-816d-81d822da247a:c1771, 8693c47f-40a3-4a1c-b7ba-6ed996b9183c:c1771]
2019-07-08 22:29:40,769 INFO  client.GrpcClientProtocolClient (GrpcClientProtocolClient.java:onNext(255)) - client-7538DDC4E776->1b229672-9fc1-42d6-9200-214eb0163fc5: receive RaftClientReply:client-7538DDC4E776->1b229672-9fc1-42d6-9200-214eb0163fc5@group-440AB812C07F, cid=1270, SUCCESS, logIndex=1773, commits[1b229672-9fc1-42d6-9200-214eb0163fc5:c1773, 4cc0758a-96f5-4ab9-816d-81d822da247a:c1771, 8693c47f-40a3-4a1c-b7ba-6ed996b9183c:c1771]
 0.00% |█                                                                                                    |  0/1 Time: 0:00:072019-07-08 22:29:40,795 INFO  client.GrpcClientProtocolClient (GrpcClientProtocolClient.java:onNext(255)) - client-7538DDC4E776->1b229672-9fc1-42d6-9200-214eb0163fc5: receive RaftClientReply:client-7538DDC4E776->1b229672-9fc1-42d6-9200-214eb0163fc5@group-440AB812C07F, cid=1271, SUCCESS, logIndex=1776, commits[1b229672-9fc1-42d6-9200-214eb0163fc5:c1777, 4cc0758a-96f5-4ab9-816d-81d822da247a:c1775, 8693c47f-40a3-4a1c-b7ba-6ed996b9183c:c1775]
2019-07-08 22:29:40,795 INFO  client.GrpcClientProtocolClient (GrpcClientProtocolClient.java:onNext(255)) - client-7538DDC4E776->1b229672-9fc1-42d6-9200-214eb0163fc5: receive RaftClientReply:client-7538DDC4E776->1b229672-9fc1-42d6-9200-214eb0163fc5@group-440AB812C07F, cid=1272, SUCCESS, logIndex=1777, commits[1b229672-9fc1-42d6-9200-214eb0163fc5:c1777, 4cc0758a-96f5-4ab9-816d-81d822da247a:c1775, 8693c47f-40a3-4a1c-b7ba-6ed996b9183c:c1775]
2019-07-08 22:29:40,807 INFO  client.GrpcClientProtocolClient (GrpcClientProtocolClient.java:onNext(255)) - client-7538DDC4E776->1b229672-9fc1-42d6-9200-214eb0163fc5: receive RaftClientReply:client-7538DDC4E776->1b229672-9fc1-42d6-9200-214eb0163fc5@group-440AB812C07F, cid=1273, SUCCESS, logIndex=0, commits[1b229672-9fc1-42d6-9200-214eb0163fc5:c1779, 4cc0758a-96f5-4ab9-816d-81d822da247a:c1777, 8693c47f-40a3-4a1c-b7ba-6ed996b9183c:c1777]
2019-07-08 22:29:40,928 INFO  client.GrpcClientProtocolClient (GrpcClientProtocolClient.java:onNext(255)) - client-7538DDC4E776->1b229672-9fc1-42d6-9200-214eb0163fc5: receive RaftClientReply:client-7538DDC4E776->1b229672-9fc1-42d6-9200-214eb0163fc5@group-440AB812C07F, cid=1274, SUCCESS, logIndex=1780, commits[1b229672-9fc1-42d6-9200-214eb0163fc5:c1781, 4cc0758a-96f5-4ab9-816d-81d822da247a:c1779, 8693c47f-40a3-4a1c-b7ba-6ed996b9183c:c1779]
2019-07-08 22:29:40,929 INFO  client.GrpcClientProtocolClient (GrpcClientProtocolClient.java:onNext(255)) - client-7538DDC4E776->1b229672-9fc1-42d6-9200-214eb0163fc5: receive RaftClientReply:client-7538DDC4E776->1b229672-9fc1-42d6-9200-214eb0163fc5@group-440AB812C07F, cid=1275, SUCCESS, logIndex=1781, commits[1b229672-9fc1-42d6-9200-214eb0163fc5:c1783, 4cc0758a-96f5-4ab9-816d-81d822da247a:c1779, 8693c47f-40a3-4a1c-b7ba-6ed996b9183c:c1779]
2019-07-08 22:29:40,930 INFO  client.GrpcClientProtocolClient (GrpcClientProtocolClient.java:onNext(255)) - client-7538DDC4E776->1b229672-9fc1-42d6-9200-214eb0163fc5: receive RaftClientReply:client-7538DDC4E776->1b229672-9fc1-42d6-9200-214eb0163fc5@group-440AB812C07F, cid=1276, SUCCESS, logIndex=1782, commits[1b229672-9fc1-42d6-9200-214eb0163fc5:c1783, 4cc0758a-96f5-4ab9-816d-81d822da247a:c1779, 8693c47f-40a3-4a1c-b7ba-6ed996b9183c:c1779]
2019-07-08 22:29:40,930 INFO  client.GrpcClientProtocolClient (GrpcClientProtocolClient.java:onNext(255)) - client-7538DDC4E776->1b229672-9fc1-42d6-9200-214eb0163fc5: receive RaftClientReply:client-7538DDC4E776->1b229672-9fc1-42d6-9200-214eb0163fc5@group-440AB812C07F, cid=1277, SUCCESS, logIndex=1783, commits[1b229672-9fc1-42d6-9200-214eb0163fc5:c1783, 4cc0758a-96f5-4ab9-816d-81d822da247a:c1779, 8693c47f-40a3-4a1c-b7ba-6ed996b9183c:c1779]
2019-07-08 22:29:40,933 INFO  client.GrpcClientProtocolClient (GrpcClientProtocolClient.java:onNext(255)) - client-7538DDC4E776->1b229672-9fc1-42d6-9200-214eb0163fc5: receive RaftClientReply:client-7538DDC4E776->1b229672-9fc1-42d6-9200-214eb0163fc5@group-440AB812C07F, cid=1278, SUCCESS, logIndex=0, commits[1b229672-9fc1-42d6-9200-214eb0163fc5:c1786, 4cc0758a-96f5-4ab9-816d-81d822da247a:c1783, 8693c47f-40a3-4a1c-b7ba-6ed996b9183c:c1781]
2019-07-08 22:29:40,954 INFO  client.GrpcClientProtocolClient (GrpcClientProtocolClient.java:onNext(255)) - client-7538DDC4E776->1b229672-9fc1-42d6-9200-214eb0163fc5: receive RaftClientReply:client-7538DDC4E776->1b229672-9fc1-42d6-9200-214eb0163fc5@group-440AB812C07F, cid=1279, SUCCESS, logIndex=1787, commits[1b229672-9fc1-42d6-9200-214eb0163fc5:c1788, 4cc0758a-96f5-4ab9-816d-81d822da247a:c1786, 8693c47f-40a3-4a1c-b7ba-6ed996b9183c:c1786]
2019-07-08 22:29:40,955 INFO  client.GrpcClientProtocolClient (GrpcClientProtocolClient.java:onNext(255)) - client-7538DDC4E776->1b229672-9fc1-42d6-9200-214eb0163fc5: receive RaftClientReply:client-7538DDC4E776->1b229672-9fc1-42d6-9200-214eb0163fc5@group-440AB812C07F, cid=1280, SUCCESS, logIndex=1788, commits[1b229672-9fc1-42d6-9200-214eb0163fc5:c1788, 4cc0758a-96f5-4ab9-816d-81d822da247a:c1786, 8693c47f-40a3-4a1c-b7ba-6ed996b9183c:c1786]
2019-07-08 22:29:40,967 INFO  client.GrpcClientProtocolClient (GrpcClientProtocolClient.java:onNext(255)) - client-7538DDC4E776->1b229672-9fc1-42d6-9200-214eb0163fc5: receive RaftClientReply:client-7538DDC4E776->1b229672-9fc1-42d6-9200-214eb0163fc5@group-440AB812C07F, cid=1281, SUCCESS, logIndex=1791, commits[1b229672-9fc1-42d6-9200-214eb0163fc5:c1792, 4cc0758a-96f5-4ab9-816d-81d822da247a:c1787, 8693c47f-40a3-4a1c-b7ba-6ed996b9183c:c1788]
2019-07-08 22:29:40,968 INFO  client.GrpcClientProtocolClient (GrpcClientProtocolClient.java:onNext(255)) - client-7538DDC4E776->1b229672-9fc1-42d6-9200-214eb0163fc5: receive RaftClientReply:client-7538DDC4E776->1b229672-9fc1-42d6-9200-214eb0163fc5@group-440AB812C07F, cid=1282, SUCCESS, logIndex=1792, commits[1b229672-9fc1-42d6-9200-214eb0163fc5:c1792, 4cc0758a-96f5-4ab9-816d-81d822da247a:c1788, 8693c47f-40a3-4a1c-b7ba-6ed996b9183c:c1788]
2019-07-08 22:29:40,970 INFO  client.GrpcClientProtocolClient (GrpcClientProtocolClient.java:onNext(255)) - client-7538DDC4E776->1b229672-9fc1-42d6-9200-214eb0163fc5: receive RaftClientReply:client-7538DDC4E776->1b229672-9fc1-42d6-9200-214eb0163fc5@group-440AB812C07F, cid=1283, SUCCESS, logIndex=0, commits[1b229672-9fc1-42d6-9200-214eb0163fc5:c1793, 4cc0758a-96f5-4ab9-816d-81d822da247a:c1792, 8693c47f-40a3-4a1c-b7ba-6ed996b9183c:c1792]
2019-07-08 22:29:41,000 INFO  client.GrpcClientProtocolClient (GrpcClientProtocolClient.java:onNext(255)) - client-7538DDC4E776->1b229672-9fc1-42d6-9200-214eb0163fc5: receive RaftClientReply:client-7538DDC4E776->1b229672-9fc1-42d6-9200-214eb0163fc5@group-440AB812C07F, cid=1284, SUCCESS, logIndex=1795, commits[1b229672-9fc1-42d6-9200-214eb0163fc5:c1796, 4cc0758a-96f5-4ab9-816d-81d822da247a:c1794, 8693c47f-40a3-4a1c-b7ba-6ed996b9183c:c1794]
2019-07-08 22:29:41,001 INFO  client.GrpcClientProtocolClient (GrpcClientProtocolClient.java:onNext(255)) - client-7538DDC4E776->1b229672-9fc1-42d6-9200-214eb0163fc5: receive RaftClientReply:client-7538DDC4E776->1b229672-9fc1-42d6-9200-214eb0163fc5@group-440AB812C07F, cid=1285, SUCCESS, logIndex=1796, commits[1b229672-9fc1-42d6-9200-214eb0163fc5:c1798, 4cc0758a-96f5-4ab9-816d-81d822da247a:c1794, 8693c47f-40a3-4a1c-b7ba-6ed996b9183c:c1794]
2019-07-08 22:29:41,001 INFO  client.GrpcClientProtocolClient (GrpcClientProtocolClient.java:onNext(255)) - client-7538DDC4E776->1b229672-9fc1-42d6-9200-214eb0163fc5: receive RaftClientReply:client-7538DDC4E776->1b229672-9fc1-42d6-9200-214eb0163fc5@group-440AB812C07F, cid=1286, SUCCESS, logIndex=1797, commits[1b229672-9fc1-42d6-9200-214eb0163fc5:c1798, 4cc0758a-96f5-4ab9-816d-81d822da247a:c1794, 8693c47f-40a3-4a1c-b7ba-6ed996b9183c:c1794]
2019-07-08 22:29:41,002 INFO  client.GrpcClientProtocolClient (GrpcClientProtocolClient.java:onNext(255)) - client-7538DDC4E776->1b229672-9fc1-42d6-9200-214eb0163fc5: receive RaftClientReply:client-7538DDC4E776->1b229672-9fc1-42d6-9200-214eb0163fc5@group-440AB812C07F, cid=1287, SUCCESS, logIndex=1798, commits[1b229672-9fc1-42d6-9200-214eb0163fc5:c1798, 4cc0758a-96f5-4ab9-816d-81d822da247a:c1794, 8693c47f-40a3-4a1c-b7ba-6ed996b9183c:c1794]
2019-07-08 22:29:41,004 INFO  client.GrpcClientProtocolClient (GrpcClientProtocolClient.java:onNext(255)) - client-7538DDC4E776->1b229672-9fc1-42d6-9200-214eb0163fc5: receive RaftClientReply:client-7538DDC4E776->1b229672-9fc1-42d6-9200-214eb0163fc5@group-440AB812C07F, cid=1288, SUCCESS, logIndex=0, commits[1b229672-9fc1-42d6-9200-214eb0163fc5:c1800, 4cc0758a-96f5-4ab9-816d-81d822da247a:c1796, 8693c47f-40a3-4a1c-b7ba-6ed996b9183c:c1796]
2019-07-08 22:29:41,025 INFO  client.GrpcClientProtocolClient (GrpcClientProtocolClient.java:onNext(255)) - client-7538DDC4E776->1b229672-9fc1-42d6-9200-214eb0163fc5: receive RaftClientReply:client-7538DDC4E776->1b229672-9fc1-42d6-9200-214eb0163fc5@group-440AB812C07F, cid=1289, SUCCESS, logIndex=1802, commits[1b229672-9fc1-42d6-9200-214eb0163fc5:c1803, 4cc0758a-96f5-4ab9-816d-81d822da247a:c1801, 8693c47f-40a3-4a1c-b7ba-6ed996b9183c:c1801]
2019-07-08 22:29:41,025 INFO  client.GrpcClientProtocolClient (GrpcClientProtocolClient.java:onNext(255)) - client-7538DDC4E776->1b229672-9fc1-42d6-9200-214eb0163fc5: receive RaftClientReply:client-7538DDC4E776->1b229672-9fc1-42d6-9200-214eb0163fc5@group-440AB812C07F, cid=1290, SUCCESS, logIndex=1803, commits[1b229672-9fc1-42d6-9200-214eb0163fc5:c1803, 4cc0758a-96f5-4ab9-816d-81d822da247a:c1801, 8693c47f-40a3-4a1c-b7ba-6ed996b9183c:c1801]
2019-07-08 22:29:41,047 INFO  client.GrpcClientProtocolClient (GrpcClientProtocolClient.java:onNext(255)) - client-7538DDC4E776->1b229672-9fc1-42d6-9200-214eb0163fc5: receive RaftClientReply:client-7538DDC4E776->1b229672-9fc1-42d6-9200-214eb0163fc5@group-440AB812C07F, cid=1291, SUCCESS, logIndex=1806, commits[1b229672-9fc1-42d6-9200-214eb0163fc5:c1807, 4cc0758a-96f5-4ab9-816d-81d822da247a:c1803, 8693c47f-40a3-4a1c-b7ba-6ed996b9183c:c1803]
2019-07-08 22:29:41,048 INFO  client.GrpcClientProtocolClient (GrpcClientProtocolClient.java:onNext(255)) - client-7538DDC4E776->1b229672-9fc1-42d6-9200-214eb0163fc5: receive RaftClientReply:client-7538DDC4E776->1b229672-9fc1-42d6-9200-214eb0163fc5@group-440AB812C07F, cid=1292, SUCCESS, logIndex=1807, commits[1b229672-9fc1-42d6-9200-214eb0163fc5:c1807, 4cc0758a-96f5-4ab9-816d-81d822da247a:c1803, 8693c47f-40a3-4a1c-b7ba-6ed996b9183c:c1803]
2019-07-08 22:29:41,067 INFO  client.GrpcClientProtocolClient (GrpcClientProtocolClient.java:onNext(255)) - client-7538DDC4E776->1b229672-9fc1-42d6-9200-214eb0163fc5: receive RaftClientReply:client-7538DDC4E776->1b229672-9fc1-42d6-9200-214eb0163fc5@group-440AB812C07F, cid=1293, SUCCESS, logIndex=0, commits[1b229672-9fc1-42d6-9200-214eb0163fc5:c1809, 4cc0758a-96f5-4ab9-816d-81d822da247a:c1807, 8693c47f-40a3-4a1c-b7ba-6ed996b9183c:c1807]
2019-07-08 22:29:41,100 INFO  client.GrpcClientProtocolClient (GrpcClientProtocolClient.java:onNext(255)) - client-7538DDC4E776->1b229672-9fc1-42d6-9200-214eb0163fc5: receive RaftClientReply:client-7538DDC4E776->1b229672-9fc1-42d6-9200-214eb0163fc5@group-440AB812C07F, cid=1294, SUCCESS, logIndex=1810, commits[1b229672-9fc1-42d6-9200-214eb0163fc5:c1811, 4cc0758a-96f5-4ab9-816d-81d822da247a:c1809, 8693c47f-40a3-4a1c-b7ba-6ed996b9183c:c1807]
2019-07-08 22:29:41,101 INFO  client.GrpcClientProtocolClient (GrpcClientProtocolClient.java:onNext(255)) - client-7538DDC4E776->1b229672-9fc1-42d6-9200-214eb0163fc5: receive RaftClientReply:client-7538DDC4E776->1b229672-9fc1-42d6-9200-214eb0163fc5@group-440AB812C07F, cid=1295, SUCCESS, logIndex=1811, commits[1b229672-9fc1-42d6-9200-214eb0163fc5:c1811, 4cc0758a-96f5-4ab9-816d-81d822da247a:c1809, 8693c47f-40a3-4a1c-b7ba-6ed996b9183c:c1807]
2019-07-08 22:29:41,103 INFO  client.GrpcClientProtocolClient (GrpcClientProtocolClient.java:onNext(255)) - client-7538DDC4E776->1b229672-9fc1-42d6-9200-214eb0163fc5: receive RaftClientReply:client-7538DDC4E776->1b229672-9fc1-42d6-9200-214eb0163fc5@group-440AB812C07F, cid=1296, SUCCESS, logIndex=1812, commits[1b229672-9fc1-42d6-9200-214eb0163fc5:c1813, 4cc0758a-96f5-4ab9-816d-81d822da247a:c1809, 8693c47f-40a3-4a1c-b7ba-6ed996b9183c:c1809]
2019-07-08 22:29:41,103 INFO  client.GrpcClientProtocolClient (GrpcClientProtocolClient.java:onNext(255)) - client-7538DDC4E776->1b229672-9fc1-42d6-9200-214eb0163fc5: receive RaftClientReply:client-7538DDC4E776->1b229672-9fc1-42d6-9200-214eb0163fc5@group-440AB812C07F, cid=1297, SUCCESS, logIndex=1813, commits[1b229672-9fc1-42d6-9200-214eb0163fc5:c1813, 4cc0758a-96f5-4ab9-816d-81d822da247a:c1809, 8693c47f-40a3-4a1c-b7ba-6ed996b9183c:c1809]
2019-07-08 22:29:41,115 INFO  client.GrpcClientProtocolClient (GrpcClientProtocolClient.java:onNext(255)) - client-7538DDC4E776->1b229672-9fc1-42d6-9200-214eb0163fc5: receive RaftClientReply:client-7538DDC4E776->1b229672-9fc1-42d6-9200-214eb0163fc5@group-440AB812C07F, cid=1298, SUCCESS, logIndex=0, commits[1b229672-9fc1-42d6-9200-214eb0163fc5:c1815, 4cc0758a-96f5-4ab9-816d-81d822da247a:c1811, 8693c47f-40a3-4a1c-b7ba-6ed996b9183c:c1811]
2019-07-08 22:29:41,136 INFO  client.GrpcClientProtocolClient (GrpcClientProtocolClient.java:onNext(255)) - client-7538DDC4E776->1b229672-9fc1-42d6-9200-214eb0163fc5: receive RaftClientReply:client-7538DDC4E776->1b229672-9fc1-42d6-9200-214eb0163fc5@group-440AB812C07F, cid=1299, SUCCESS, logIndex=1818, commits[1b229672-9fc1-42d6-9200-214eb0163fc5:c1819, 4cc0758a-96f5-4ab9-816d-81d822da247a:c1817, 8693c47f-40a3-4a1c-b7ba-6ed996b9183c:c1817]
2019-07-08 22:29:41,136 INFO  client.GrpcClientProtocolClient (GrpcClientProtocolClient.java:onNext(255)) - client-7538DDC4E776->1b229672-9fc1-42d6-9200-214eb0163fc5: receive RaftClientReply:client-7538DDC4E776->1b229672-9fc1-42d6-9200-214eb0163fc5@group-440AB812C07F, cid=1300, SUCCESS, logIndex=1819, commits[1b229672-9fc1-42d6-9200-214eb0163fc5:c1819, 4cc0758a-96f5-4ab9-816d-81d822da247a:c1817, 8693c47f-40a3-4a1c-b7ba-6ed996b9183c:c1817]
2019-07-08 22:29:41,149 INFO  client.GrpcClientProtocolClient (GrpcClientProtocolClient.java:onNext(255)) - client-7538DDC4E776->1b229672-9fc1-42d6-9200-214eb0163fc5: receive RaftClientReply:client-7538DDC4E776->1b229672-9fc1-42d6-9200-214eb0163fc5@group-440AB812C07F, cid=1301, SUCCESS, logIndex=1822, commits[1b229672-9fc1-42d6-9200-214eb0163fc5:c1823, 4cc0758a-96f5-4ab9-816d-81d822da247a:c1819, 8693c47f-40a3-4a1c-b7ba-6ed996b9183c:c1819]
2019-07-08 22:29:41,149 INFO  client.GrpcClientProtocolClient (GrpcClientProtocolClient.java:onNext(255)) - client-7538DDC4E776->1b229672-9fc1-42d6-9200-214eb0163fc5: receive RaftClientReply:client-7538DDC4E776->1b229672-9fc1-42d6-9200-214eb0163fc5@group-440AB812C07F, cid=1302, SUCCESS, logIndex=1823, commits[1b229672-9fc1-42d6-9200-214eb0163fc5:c1823, 4cc0758a-96f5-4ab9-816d-81d822da247a:c1819, 8693c47f-40a3-4a1c-b7ba-6ed996b9183c:c1819]
2019-07-08 22:29:41,161 INFO  client.GrpcClientProtocolClient (GrpcClientProtocolClient.java:onNext(255)) - client-7538DDC4E776->1b229672-9fc1-42d6-9200-214eb0163fc5: receive RaftClientReply:client-7538DDC4E776->1b229672-9fc1-42d6-9200-214eb0163fc5@group-440AB812C07F, cid=1303, SUCCESS, logIndex=0, commits[1b229672-9fc1-42d6-9200-214eb0163fc5:c1824, 4cc0758a-96f5-4ab9-816d-81d822da247a:c1823, 8693c47f-40a3-4a1c-b7ba-6ed996b9183c:c1823]
2019-07-08 22:29:41,188 INFO  client.GrpcClientProtocolClient (GrpcClientProtocolClient.java:onNext(255)) - client-7538DDC4E776->1b229672-9fc1-42d6-9200-214eb0163fc5: receive RaftClientReply:client-7538DDC4E776->1b229672-9fc1-42d6-9200-214eb0163fc5@group-440AB812C07F, cid=1304, SUCCESS, logIndex=1826, commits[1b229672-9fc1-42d6-9200-214eb0163fc5:c1827, 4cc0758a-96f5-4ab9-816d-81d822da247a:c1825, 8693c47f-40a3-4a1c-b7ba-6ed996b9183c:c1825]
2019-07-08 22:29:41,189 INFO  client.GrpcClientProtocolClient (GrpcClientProtocolClient.java:onNext(255)) - client-7538DDC4E776->1b229672-9fc1-42d6-9200-214eb0163fc5: receive RaftClientReply:client-7538DDC4E776->1b229672-9fc1-42d6-9200-214eb0163fc5@group-440AB812C07F, cid=1305, SUCCESS, logIndex=1827, commits[1b229672-9fc1-42d6-9200-214eb0163fc5:c1828, 4cc0758a-96f5-4ab9-816d-81d822da247a:c1825, 8693c47f-40a3-4a1c-b7ba-6ed996b9183c:c1825]
2019-07-08 22:29:41,189 INFO  client.GrpcClientProtocolClient (GrpcClientProtocolClient.java:onNext(255)) - client-7538DDC4E776->1b229672-9fc1-42d6-9200-214eb0163fc5: receive RaftClientReply:client-7538DDC4E776->1b229672-9fc1-42d6-9200-214eb0163fc5@group-440AB812C07F, cid=1306, SUCCESS, logIndex=1828, commits[1b229672-9fc1-42d6-9200-214eb0163fc5:c1829, 4cc0758a-96f5-4ab9-816d-81d822da247a:c1825, 8693c47f-40a3-4a1c-b7ba-6ed996b9183c:c1825]
2019-07-08 22:29:41,190 INFO  client.GrpcClientProtocolClient (GrpcClientProtocolClient.java:onNext(255)) - client-7538DDC4E776->1b229672-9fc1-42d6-9200-214eb0163fc5: receive RaftClientReply:client-7538DDC4E776->1b229672-9fc1-42d6-9200-214eb0163fc5@group-440AB812C07F, cid=1307, SUCCESS, logIndex=1829, commits[1b229672-9fc1-42d6-9200-214eb0163fc5:c1829, 4cc0758a-96f5-4ab9-816d-81d822da247a:c1825, 8693c47f-40a3-4a1c-b7ba-6ed996b9183c:c1825]
2019-07-08 22:29:41,191 INFO  client.GrpcClientProtocolClient (GrpcClientProtocolClient.java:onNext(255)) - client-7538DDC4E776->1b229672-9fc1-42d6-9200-214eb0163fc5: receive RaftClientReply:client-7538DDC4E776->1b229672-9fc1-42d6-9200-214eb0163fc5@group-440AB812C07F, cid=1308, SUCCESS, logIndex=0, commits[1b229672-9fc1-42d6-9200-214eb0163fc5:c1832, 4cc0758a-96f5-4ab9-816d-81d822da247a:c1828, 8693c47f-40a3-4a1c-b7ba-6ed996b9183c:c1827]
2019-07-08 22:29:41,211 INFO  client.GrpcClientProtocolClient (GrpcClientProtocolClient.java:onNext(255)) - client-7538DDC4E776->1b229672-9fc1-42d6-9200-214eb0163fc5: receive RaftClientReply:client-7538DDC4E776->1b229672-9fc1-42d6-9200-214eb0163fc5@group-440AB812C07F, cid=1309, SUCCESS, logIndex=1834, commits[1b229672-9fc1-42d6-9200-214eb0163fc5:c1835, 4cc0758a-96f5-4ab9-816d-81d822da247a:c1833, 8693c47f-40a3-4a1c-b7ba-6ed996b9183c:c1833]
2019-07-08 22:29:41,212 INFO  client.GrpcClientProtocolClient (GrpcClientProtocolClient.java:onNext(255)) - client-7538DDC4E776->1b229672-9fc1-42d6-9200-214eb0163fc5: receive RaftClientReply:client-7538DDC4E776->1b229672-9fc1-42d6-9200-214eb0163fc5@group-440AB812C07F, cid=1310, SUCCESS, logIndex=1835, commits[1b229672-9fc1-42d6-9200-214eb0163fc5:c1835, 4cc0758a-96f5-4ab9-816d-81d822da247a:c1833, 8693c47f-40a3-4a1c-b7ba-6ed996b9183c:c1833]
2019-07-08 22:29:41,225 INFO  client.GrpcClientProtocolClient (GrpcClientProtocolClient.java:onNext(255)) - client-7538DDC4E776->1b229672-9fc1-42d6-9200-214eb0163fc5: receive RaftClientReply:client-7538DDC4E776->1b229672-9fc1-42d6-9200-214eb0163fc5@group-440AB812C07F, cid=1311, SUCCESS, logIndex=1838, commits[1b229672-9fc1-42d6-9200-214eb0163fc5:c1839, 4cc0758a-96f5-4ab9-816d-81d822da247a:c1835, 8693c47f-40a3-4a1c-b7ba-6ed996b9183c:c1835]
2019-07-08 22:29:41,226 INFO  client.GrpcClientProtocolClient (GrpcClientProtocolClient.java:onNext(255)) - client-7538DDC4E776->1b229672-9fc1-42d6-9200-214eb0163fc5: receive RaftClientReply:client-7538DDC4E776->1b229672-9fc1-42d6-9200-214eb0163fc5@group-440AB812C07F, cid=1312, SUCCESS, logIndex=1839, commits[1b229672-9fc1-42d6-9200-214eb0163fc5:c1839, 4cc0758a-96f5-4ab9-816d-81d822da247a:c1835, 8693c47f-40a3-4a1c-b7ba-6ed996b9183c:c1835]
2019-07-08 22:29:41,238 INFO  client.GrpcClientProtocolClient (GrpcClientProtocolClient.java:onNext(255)) - client-7538DDC4E776->1b229672-9fc1-42d6-9200-214eb0163fc5: receive RaftClientReply:client-7538DDC4E776->1b229672-9fc1-42d6-9200-214eb0163fc5@group-440AB812C07F, cid=1313, SUCCESS, logIndex=0, commits[1b229672-9fc1-42d6-9200-214eb0163fc5:c1841, 4cc0758a-96f5-4ab9-816d-81d822da247a:c1839, 8693c47f-40a3-4a1c-b7ba-6ed996b9183c:c1839]
2019-07-08 22:29:41,258 INFO  client.GrpcClientProtocolClient (GrpcClientProtocolClient.java:onNext(255)) - client-7538DDC4E776->1b229672-9fc1-42d6-9200-214eb0163fc5: receive RaftClientReply:client-7538DDC4E776->1b229672-9fc1-42d6-9200-214eb0163fc5@group-440AB812C07F, cid=1314, SUCCESS, logIndex=1842, commits[1b229672-9fc1-42d6-9200-214eb0163fc5:c1843, 4cc0758a-96f5-4ab9-816d-81d822da247a:c1841, 8693c47f-40a3-4a1c-b7ba-6ed996b9183c:c1841]
2019-07-08 22:29:41,259 INFO  client.GrpcClientProtocolClient (GrpcClientProtocolClient.java:onNext(255)) - client-7538DDC4E776->1b229672-9fc1-42d6-9200-214eb0163fc5: receive RaftClientReply:client-7538DDC4E776->1b229672-9fc1-42d6-9200-214eb0163fc5@group-440AB812C07F, cid=1315, SUCCESS, logIndex=1843, commits[1b229672-9fc1-42d6-9200-214eb0163fc5:c1843, 4cc0758a-96f5-4ab9-816d-81d822da247a:c1841, 8693c47f-40a3-4a1c-b7ba-6ed996b9183c:c1841]
2019-07-08 22:29:41,261 INFO  client.GrpcClientProtocolClient (GrpcClientProtocolClient.java:onNext(255)) - client-7538DDC4E776->1b229672-9fc1-42d6-9200-214eb0163fc5: receive RaftClientReply:client-7538DDC4E776->1b229672-9fc1-42d6-9200-214eb0163fc5@group-440AB812C07F, cid=1316, SUCCESS, logIndex=1844, commits[1b229672-9fc1-42d6-9200-214eb0163fc5:c1845, 4cc0758a-96f5-4ab9-816d-81d822da247a:c1841, 8693c47f-40a3-4a1c-b7ba-6ed996b9183c:c1842]
2019-07-08 22:29:41,261 INFO  client.GrpcClientProtocolClient (GrpcClientProtocolClient.java:onNext(255)) - client-7538DDC4E776->1b229672-9fc1-42d6-9200-214eb0163fc5: receive RaftClientReply:client-7538DDC4E776->1b229672-9fc1-42d6-9200-214eb0163fc5@group-440AB812C07F, cid=1317, SUCCESS, logIndex=1845, commits[1b229672-9fc1-42d6-9200-214eb0163fc5:c1847, 4cc0758a-96f5-4ab9-816d-81d822da247a:c1841, 8693c47f-40a3-4a1c-b7ba-6ed996b9183c:c1843]
2019-07-08 22:29:41,262 INFO  client.GrpcClientProtocolClient (GrpcClientProtocolClient.java:onNext(255)) - client-7538DDC4E776->1b229672-9fc1-42d6-9200-214eb0163fc5: receive RaftClientReply:client-7538DDC4E776->1b229672-9fc1-42d6-9200-214eb0163fc5@group-440AB812C07F, cid=1318, SUCCESS, logIndex=0, commits[1b229672-9fc1-42d6-9200-214eb0163fc5:c1847, 4cc0758a-96f5-4ab9-816d-81d822da247a:c1843, 8693c47f-40a3-4a1c-b7ba-6ed996b9183c:c1843]
2019-07-08 22:29:41,296 INFO  client.GrpcClientProtocolClient (GrpcClientProtocolClient.java:onNext(255)) - client-7538DDC4E776->1b229672-9fc1-42d6-9200-214eb0163fc5: receive RaftClientReply:client-7538DDC4E776->1b229672-9fc1-42d6-9200-214eb0163fc5@group-440AB812C07F, cid=1319, SUCCESS, logIndex=1850, commits[1b229672-9fc1-42d6-9200-214eb0163fc5:c1851, 4cc0758a-96f5-4ab9-816d-81d822da247a:c1849, 8693c47f-40a3-4a1c-b7ba-6ed996b9183c:c1849]
2019-07-08 22:29:41,296 INFO  client.GrpcClientProtocolClient (GrpcClientProtocolClient.java:onNext(255)) - client-7538DDC4E776->1b229672-9fc1-42d6-9200-214eb0163fc5: receive RaftClientReply:client-7538DDC4E776->1b229672-9fc1-42d6-9200-214eb0163fc5@group-440AB812C07F, cid=1320, SUCCESS, logIndex=1851, commits[1b229672-9fc1-42d6-9200-214eb0163fc5:c1851, 4cc0758a-96f5-4ab9-816d-81d822da247a:c1849, 8693c47f-40a3-4a1c-b7ba-6ed996b9183c:c1849]
2019-07-08 22:29:41,328 INFO  client.GrpcClientProtocolClient (GrpcClientProtocolClient.java:onNext(255)) - client-7538DDC4E776->1b229672-9fc1-42d6-9200-214eb0163fc5: receive RaftClientReply:client-7538DDC4E776->1b229672-9fc1-42d6-9200-214eb0163fc5@group-440AB812C07F, cid=1321, SUCCESS, logIndex=1854, commits[1b229672-9fc1-42d6-9200-214eb0163fc5:c1855, 4cc0758a-96f5-4ab9-816d-81d822da247a:c1851, 8693c47f-40a3-4a1c-b7ba-6ed996b9183c:c1851]
2019-07-08 22:29:41,328 INFO  client.GrpcClientProtocolClient (GrpcClientProtocolClient.java:onNext(255)) - client-7538DDC4E776->1b229672-9fc1-42d6-9200-214eb0163fc5: receive RaftClientReply:client-7538DDC4E776->1b229672-9fc1-42d6-9200-214eb0163fc5@group-440AB812C07F, cid=1322, SUCCESS, logIndex=1855, commits[1b229672-9fc1-42d6-9200-214eb0163fc5:c1855, 4cc0758a-96f5-4ab9-816d-81d822da247a:c1851, 8693c47f-40a3-4a1c-b7ba-6ed996b9183c:c1851]
 0.00% |█                                                                                                    |  0/1 Time: 0:00:08 0.00% |█                                                                                                    |  0/1 Time: 0:00:092019-07-08 22:29:43,440 INFO  client.GrpcClientProtocolClient (GrpcClientProtocolClient.java:onNext(255)) - client-7538DDC4E776->1b229672-9fc1-42d6-9200-214eb0163fc5: receive RaftClientReply:client-7538DDC4E776->1b229672-9fc1-42d6-9200-214eb0163fc5@group-440AB812C07F, cid=1323, SUCCESS, logIndex=0, commits[1b229672-9fc1-42d6-9200-214eb0163fc5:c1856, 4cc0758a-96f5-4ab9-816d-81d822da247a:c1855, 8693c47f-40a3-4a1c-b7ba-6ed996b9183c:c1855]
2019-07-08 22:29:43,488 INFO  client.GrpcClientProtocolClient (GrpcClientProtocolClient.java:onNext(255)) - client-7538DDC4E776->1b229672-9fc1-42d6-9200-214eb0163fc5: receive RaftClientReply:client-7538DDC4E776->1b229672-9fc1-42d6-9200-214eb0163fc5@group-440AB812C07F, cid=1324, SUCCESS, logIndex=1858, commits[1b229672-9fc1-42d6-9200-214eb0163fc5:c1859, 4cc0758a-96f5-4ab9-816d-81d822da247a:c1856, 8693c47f-40a3-4a1c-b7ba-6ed996b9183c:c1856]
2019-07-08 22:29:43,489 INFO  client.GrpcClientProtocolClient (GrpcClientProtocolClient.java:onNext(255)) - client-7538DDC4E776->1b229672-9fc1-42d6-9200-214eb0163fc5: receive RaftClientReply:client-7538DDC4E776->1b229672-9fc1-42d6-9200-214eb0163fc5@group-440AB812C07F, cid=1325, SUCCESS, logIndex=1859, commits[1b229672-9fc1-42d6-9200-214eb0163fc5:c1859, 4cc0758a-96f5-4ab9-816d-81d822da247a:c1856, 8693c47f-40a3-4a1c-b7ba-6ed996b9183c:c1856]
2019-07-08 22:29:43,508 INFO  client.GrpcClientProtocolClient (GrpcClientProtocolClient.java:onNext(255)) - client-7538DDC4E776->1b229672-9fc1-42d6-9200-214eb0163fc5: receive RaftClientReply:client-7538DDC4E776->1b229672-9fc1-42d6-9200-214eb0163fc5@group-440AB812C07F, cid=1326, SUCCESS, logIndex=1860, commits[1b229672-9fc1-42d6-9200-214eb0163fc5:c1861, 4cc0758a-96f5-4ab9-816d-81d822da247a:c1856, 8693c47f-40a3-4a1c-b7ba-6ed996b9183c:c1856]
2019-07-08 22:29:43,508 INFO  client.GrpcClientProtocolClient (GrpcClientProtocolClient.java:onNext(255)) - client-7538DDC4E776->1b229672-9fc1-42d6-9200-214eb0163fc5: receive RaftClientReply:client-7538DDC4E776->1b229672-9fc1-42d6-9200-214eb0163fc5@group-440AB812C07F, cid=1327, SUCCESS, logIndex=1861, commits[1b229672-9fc1-42d6-9200-214eb0163fc5:c1862, 4cc0758a-96f5-4ab9-816d-81d822da247a:c1859, 8693c47f-40a3-4a1c-b7ba-6ed996b9183c:c1856]
2019-07-08 22:29:43,510 INFO  client.GrpcClientProtocolClient (GrpcClientProtocolClient.java:onNext(255)) - client-7538DDC4E776->1b229672-9fc1-42d6-9200-214eb0163fc5: receive RaftClientReply:client-7538DDC4E776->1b229672-9fc1-42d6-9200-214eb0163fc5@group-440AB812C07F, cid=1328, SUCCESS, logIndex=0, commits[1b229672-9fc1-42d6-9200-214eb0163fc5:c1865, 4cc0758a-96f5-4ab9-816d-81d822da247a:c1861, 8693c47f-40a3-4a1c-b7ba-6ed996b9183c:c1859]
2019-07-08 22:29:43,532 INFO  client.GrpcClientProtocolClient (GrpcClientProtocolClient.java:onNext(255)) - client-7538DDC4E776->1b229672-9fc1-42d6-9200-214eb0163fc5: receive RaftClientReply:client-7538DDC4E776->1b229672-9fc1-42d6-9200-214eb0163fc5@group-440AB812C07F, cid=1329, SUCCESS, logIndex=1866, commits[1b229672-9fc1-42d6-9200-214eb0163fc5:c1867, 4cc0758a-96f5-4ab9-816d-81d822da247a:c1865, 8693c47f-40a3-4a1c-b7ba-6ed996b9183c:c1865]
2019-07-08 22:29:43,532 INFO  client.GrpcClientProtocolClient (GrpcClientProtocolClient.java:onNext(255)) - client-7538DDC4E776->1b229672-9fc1-42d6-9200-214eb0163fc5: receive RaftClientReply:client-7538DDC4E776->1b229672-9fc1-42d6-9200-214eb0163fc5@group-440AB812C07F, cid=1330, SUCCESS, logIndex=1867, commits[1b229672-9fc1-42d6-9200-214eb0163fc5:c1867, 4cc0758a-96f5-4ab9-816d-81d822da247a:c1865, 8693c47f-40a3-4a1c-b7ba-6ed996b9183c:c1865]
2019-07-08 22:29:43,554 INFO  client.GrpcClientProtocolClient (GrpcClientProtocolClient.java:onNext(255)) - client-7538DDC4E776->1b229672-9fc1-42d6-9200-214eb0163fc5: receive RaftClientReply:client-7538DDC4E776->1b229672-9fc1-42d6-9200-214eb0163fc5@group-440AB812C07F, cid=1331, SUCCESS, logIndex=1870, commits[1b229672-9fc1-42d6-9200-214eb0163fc5:c1871, 4cc0758a-96f5-4ab9-816d-81d822da247a:c1867, 8693c47f-40a3-4a1c-b7ba-6ed996b9183c:c1867]
2019-07-08 22:29:43,554 INFO  client.GrpcClientProtocolClient (GrpcClientProtocolClient.java:onNext(255)) - client-7538DDC4E776->1b229672-9fc1-42d6-9200-214eb0163fc5: receive RaftClientReply:client-7538DDC4E776->1b229672-9fc1-42d6-9200-214eb0163fc5@group-440AB812C07F, cid=1332, SUCCESS, logIndex=1871, commits[1b229672-9fc1-42d6-9200-214eb0163fc5:c1871, 4cc0758a-96f5-4ab9-816d-81d822da247a:c1867, 8693c47f-40a3-4a1c-b7ba-6ed996b9183c:c1867]
2019-07-08 22:29:43,567 INFO  client.GrpcClientProtocolClient (GrpcClientProtocolClient.java:onNext(255)) - client-7538DDC4E776->1b229672-9fc1-42d6-9200-214eb0163fc5: receive RaftClientReply:client-7538DDC4E776->1b229672-9fc1-42d6-9200-214eb0163fc5@group-440AB812C07F, cid=1333, SUCCESS, logIndex=0, commits[1b229672-9fc1-42d6-9200-214eb0163fc5:c1873, 4cc0758a-96f5-4ab9-816d-81d822da247a:c1871, 8693c47f-40a3-4a1c-b7ba-6ed996b9183c:c1871]
2019-07-08 22:29:43,597 INFO  client.GrpcClientProtocolClient (GrpcClientProtocolClient.java:onNext(255)) - client-7538DDC4E776->1b229672-9fc1-42d6-9200-214eb0163fc5: receive RaftClientReply:client-7538DDC4E776->1b229672-9fc1-42d6-9200-214eb0163fc5@group-440AB812C07F, cid=1334, SUCCESS, logIndex=1874, commits[1b229672-9fc1-42d6-9200-214eb0163fc5:c1875, 4cc0758a-96f5-4ab9-816d-81d822da247a:c1873, 8693c47f-40a3-4a1c-b7ba-6ed996b9183c:c1873]
2019-07-08 22:29:43,598 INFO  client.GrpcClientProtocolClient (GrpcClientProtocolClient.java:onNext(255)) - client-7538DDC4E776->1b229672-9fc1-42d6-9200-214eb0163fc5: receive RaftClientReply:client-7538DDC4E776->1b229672-9fc1-42d6-9200-214eb0163fc5@group-440AB812C07F, cid=1335, SUCCESS, logIndex=1875, commits[1b229672-9fc1-42d6-9200-214eb0163fc5:c1877, 4cc0758a-96f5-4ab9-816d-81d822da247a:c1873, 8693c47f-40a3-4a1c-b7ba-6ed996b9183c:c1873]
2019-07-08 22:29:43,598 INFO  client.GrpcClientProtocolClient (GrpcClientProtocolClient.java:onNext(255)) - client-7538DDC4E776->1b229672-9fc1-42d6-9200-214eb0163fc5: receive RaftClientReply:client-7538DDC4E776->1b229672-9fc1-42d6-9200-214eb0163fc5@group-440AB812C07F, cid=1336, SUCCESS, logIndex=1876, commits[1b229672-9fc1-42d6-9200-214eb0163fc5:c1877, 4cc0758a-96f5-4ab9-816d-81d822da247a:c1873, 8693c47f-40a3-4a1c-b7ba-6ed996b9183c:c1873]
2019-07-08 22:29:43,599 INFO  client.GrpcClientProtocolClient (GrpcClientProtocolClient.java:onNext(255)) - client-7538DDC4E776->1b229672-9fc1-42d6-9200-214eb0163fc5: receive RaftClientReply:client-7538DDC4E776->1b229672-9fc1-42d6-9200-214eb0163fc5@group-440AB812C07F, cid=1337, SUCCESS, logIndex=1877, commits[1b229672-9fc1-42d6-9200-214eb0163fc5:c1877, 4cc0758a-96f5-4ab9-816d-81d822da247a:c1873, 8693c47f-40a3-4a1c-b7ba-6ed996b9183c:c1873]
2019-07-08 22:29:43,612 INFO  client.GrpcClientProtocolClient (GrpcClientProtocolClient.java:onNext(255)) - client-7538DDC4E776->1b229672-9fc1-42d6-9200-214eb0163fc5: receive RaftClientReply:client-7538DDC4E776->1b229672-9fc1-42d6-9200-214eb0163fc5@group-440AB812C07F, cid=1338, SUCCESS, logIndex=0, commits[1b229672-9fc1-42d6-9200-214eb0163fc5:c1879, 4cc0758a-96f5-4ab9-816d-81d822da247a:c1875, 8693c47f-40a3-4a1c-b7ba-6ed996b9183c:c1875]
2019-07-08 22:29:43,633 INFO  client.GrpcClientProtocolClient (GrpcClientProtocolClient.java:onNext(255)) - client-7538DDC4E776->1b229672-9fc1-42d6-9200-214eb0163fc5: receive RaftClientReply:client-7538DDC4E776->1b229672-9fc1-42d6-9200-214eb0163fc5@group-440AB812C07F, cid=1339, SUCCESS, logIndex=1882, commits[1b229672-9fc1-42d6-9200-214eb0163fc5:c1883, 4cc0758a-96f5-4ab9-816d-81d822da247a:c1881, 8693c47f-40a3-4a1c-b7ba-6ed996b9183c:c1881]
2019-07-08 22:29:43,634 INFO  client.GrpcClientProtocolClient (GrpcClientProtocolClient.java:onNext(255)) - client-7538DDC4E776->1b229672-9fc1-42d6-9200-214eb0163fc5: receive RaftClientReply:client-7538DDC4E776->1b229672-9fc1-42d6-9200-214eb0163fc5@group-440AB812C07F, cid=1340, SUCCESS, logIndex=1883, commits[1b229672-9fc1-42d6-9200-214eb0163fc5:c1883, 4cc0758a-96f5-4ab9-816d-81d822da247a:c1881, 8693c47f-40a3-4a1c-b7ba-6ed996b9183c:c1881]
2019-07-08 22:29:43,749 INFO  client.GrpcClientProtocolClient (GrpcClientProtocolClient.java:onNext(255)) - client-7538DDC4E776->1b229672-9fc1-42d6-9200-214eb0163fc5: receive RaftClientReply:client-7538DDC4E776->1b229672-9fc1-42d6-9200-214eb0163fc5@group-440AB812C07F, cid=1341, SUCCESS, logIndex=1886, commits[1b229672-9fc1-42d6-9200-214eb0163fc5:c1887, 4cc0758a-96f5-4ab9-816d-81d822da247a:c1883, 8693c47f-40a3-4a1c-b7ba-6ed996b9183c:c1883]
2019-07-08 22:29:43,750 INFO  client.GrpcClientProtocolClient (GrpcClientProtocolClient.java:onNext(255)) - client-7538DDC4E776->1b229672-9fc1-42d6-9200-214eb0163fc5: receive RaftClientReply:client-7538DDC4E776->1b229672-9fc1-42d6-9200-214eb0163fc5@group-440AB812C07F, cid=1342, SUCCESS, logIndex=1887, commits[1b229672-9fc1-42d6-9200-214eb0163fc5:c1887, 4cc0758a-96f5-4ab9-816d-81d822da247a:c1883, 8693c47f-40a3-4a1c-b7ba-6ed996b9183c:c1883]
2019-07-08 22:29:43,760 INFO  client.GrpcClientProtocolClient (GrpcClientProtocolClient.java:onNext(255)) - client-7538DDC4E776->1b229672-9fc1-42d6-9200-214eb0163fc5: receive RaftClientReply:client-7538DDC4E776->1b229672-9fc1-42d6-9200-214eb0163fc5@group-440AB812C07F, cid=1343, SUCCESS, logIndex=0, commits[1b229672-9fc1-42d6-9200-214eb0163fc5:c1888, 4cc0758a-96f5-4ab9-816d-81d822da247a:c1887, 8693c47f-40a3-4a1c-b7ba-6ed996b9183c:c1887]
 0.00% |█                                                                                                    |  0/1 Time: 0:00:102019-07-08 22:29:43,795 INFO  client.GrpcClientProtocolClient (GrpcClientProtocolClient.java:onNext(255)) - client-7538DDC4E776->1b229672-9fc1-42d6-9200-214eb0163fc5: receive RaftClientReply:client-7538DDC4E776->1b229672-9fc1-42d6-9200-214eb0163fc5@group-440AB812C07F, cid=1344, SUCCESS, logIndex=1889, commits[1b229672-9fc1-42d6-9200-214eb0163fc5:c1890, 4cc0758a-96f5-4ab9-816d-81d822da247a:c1888, 8693c47f-40a3-4a1c-b7ba-6ed996b9183c:c1888]
2019-07-08 22:29:43,795 INFO  client.GrpcClientProtocolClient (GrpcClientProtocolClient.java:onNext(255)) - client-7538DDC4E776->1b229672-9fc1-42d6-9200-214eb0163fc5: receive RaftClientReply:client-7538DDC4E776->1b229672-9fc1-42d6-9200-214eb0163fc5@group-440AB812C07F, cid=1345, SUCCESS, logIndex=1890, commits[1b229672-9fc1-42d6-9200-214eb0163fc5:c1892, 4cc0758a-96f5-4ab9-816d-81d822da247a:c1888, 8693c47f-40a3-4a1c-b7ba-6ed996b9183c:c1888]
2019-07-08 22:29:43,796 INFO  client.GrpcClientProtocolClient (GrpcClientProtocolClient.java:onNext(255)) - client-7538DDC4E776->1b229672-9fc1-42d6-9200-214eb0163fc5: receive RaftClientReply:client-7538DDC4E776->1b229672-9fc1-42d6-9200-214eb0163fc5@group-440AB812C07F, cid=1346, SUCCESS, logIndex=1891, commits[1b229672-9fc1-42d6-9200-214eb0163fc5:c1892, 4cc0758a-96f5-4ab9-816d-81d822da247a:c1888, 8693c47f-40a3-4a1c-b7ba-6ed996b9183c:c1888]
2019-07-08 22:29:43,796 INFO  client.GrpcClientProtocolClient (GrpcClientProtocolClient.java:onNext(255)) - client-7538DDC4E776->1b229672-9fc1-42d6-9200-214eb0163fc5: receive RaftClientReply:client-7538DDC4E776->1b229672-9fc1-42d6-9200-214eb0163fc5@group-440AB812C07F, cid=1347, SUCCESS, logIndex=1892, commits[1b229672-9fc1-42d6-9200-214eb0163fc5:c1892, 4cc0758a-96f5-4ab9-816d-81d822da247a:c1888, 8693c47f-40a3-4a1c-b7ba-6ed996b9183c:c1888]
2019-07-08 22:29:43,810 INFO  client.GrpcClientProtocolClient (GrpcClientProtocolClient.java:onNext(255)) - client-7538DDC4E776->1b229672-9fc1-42d6-9200-214eb0163fc5: receive RaftClientReply:client-7538DDC4E776->1b229672-9fc1-42d6-9200-214eb0163fc5@group-440AB812C07F, cid=1348, SUCCESS, logIndex=0, commits[1b229672-9fc1-42d6-9200-214eb0163fc5:c1895, 4cc0758a-96f5-4ab9-816d-81d822da247a:c1891, 8693c47f-40a3-4a1c-b7ba-6ed996b9183c:c1890]
2019-07-08 22:29:43,836 INFO  client.GrpcClientProtocolClient (GrpcClientProtocolClient.java:onNext(255)) - client-7538DDC4E776->1b229672-9fc1-42d6-9200-214eb0163fc5: receive RaftClientReply:client-7538DDC4E776->1b229672-9fc1-42d6-9200-214eb0163fc5@group-440AB812C07F, cid=1349, SUCCESS, logIndex=1897, commits[1b229672-9fc1-42d6-9200-214eb0163fc5:c1898, 4cc0758a-96f5-4ab9-816d-81d822da247a:c1896, 8693c47f-40a3-4a1c-b7ba-6ed996b9183c:c1896]
2019-07-08 22:29:43,837 INFO  client.GrpcClientProtocolClient (GrpcClientProtocolClient.java:onNext(255)) - client-7538DDC4E776->1b229672-9fc1-42d6-9200-214eb0163fc5: receive RaftClientReply:client-7538DDC4E776->1b229672-9fc1-42d6-9200-214eb0163fc5@group-440AB812C07F, cid=1350, SUCCESS, logIndex=1898, commits[1b229672-9fc1-42d6-9200-214eb0163fc5:c1898, 4cc0758a-96f5-4ab9-816d-81d822da247a:c1896, 8693c47f-40a3-4a1c-b7ba-6ed996b9183c:c1896]
2019-07-08 22:29:43,861 INFO  client.GrpcClientProtocolClient (GrpcClientProtocolClient.java:onNext(255)) - client-7538DDC4E776->1b229672-9fc1-42d6-9200-214eb0163fc5: receive RaftClientReply:client-7538DDC4E776->1b229672-9fc1-42d6-9200-214eb0163fc5@group-440AB812C07F, cid=1351, SUCCESS, logIndex=1901, commits[1b229672-9fc1-42d6-9200-214eb0163fc5:c1902, 4cc0758a-96f5-4ab9-816d-81d822da247a:c1898, 8693c47f-40a3-4a1c-b7ba-6ed996b9183c:c1898]
2019-07-08 22:29:43,861 INFO  client.GrpcClientProtocolClient (GrpcClientProtocolClient.java:onNext(255)) - client-7538DDC4E776->1b229672-9fc1-42d6-9200-214eb0163fc5: receive RaftClientReply:client-7538DDC4E776->1b229672-9fc1-42d6-9200-214eb0163fc5@group-440AB812C07F, cid=1352, SUCCESS, logIndex=1902, commits[1b229672-9fc1-42d6-9200-214eb0163fc5:c1902, 4cc0758a-96f5-4ab9-816d-81d822da247a:c1898, 8693c47f-40a3-4a1c-b7ba-6ed996b9183c:c1898]
2019-07-08 22:29:43,876 INFO  client.GrpcClientProtocolClient (GrpcClientProtocolClient.java:onNext(255)) - client-7538DDC4E776->1b229672-9fc1-42d6-9200-214eb0163fc5: receive RaftClientReply:client-7538DDC4E776->1b229672-9fc1-42d6-9200-214eb0163fc5@group-440AB812C07F, cid=1353, SUCCESS, logIndex=0, commits[1b229672-9fc1-42d6-9200-214eb0163fc5:c1903, 4cc0758a-96f5-4ab9-816d-81d822da247a:c1902, 8693c47f-40a3-4a1c-b7ba-6ed996b9183c:c1902]
2019-07-08 22:29:43,906 INFO  client.GrpcClientProtocolClient (GrpcClientProtocolClient.java:onNext(255)) - client-7538DDC4E776->1b229672-9fc1-42d6-9200-214eb0163fc5: receive RaftClientReply:client-7538DDC4E776->1b229672-9fc1-42d6-9200-214eb0163fc5@group-440AB812C07F, cid=1354, SUCCESS, logIndex=1905, commits[1b229672-9fc1-42d6-9200-214eb0163fc5:c1907, 4cc0758a-96f5-4ab9-816d-81d822da247a:c1904, 8693c47f-40a3-4a1c-b7ba-6ed996b9183c:c1904]
2019-07-08 22:29:43,907 INFO  client.GrpcClientProtocolClient (GrpcClientProtocolClient.java:onNext(255)) - client-7538DDC4E776->1b229672-9fc1-42d6-9200-214eb0163fc5: receive RaftClientReply:client-7538DDC4E776->1b229672-9fc1-42d6-9200-214eb0163fc5@group-440AB812C07F, cid=1355, SUCCESS, logIndex=1906, commits[1b229672-9fc1-42d6-9200-214eb0163fc5:c1908, 4cc0758a-96f5-4ab9-816d-81d822da247a:c1904, 8693c47f-40a3-4a1c-b7ba-6ed996b9183c:c1904]
2019-07-08 22:29:43,907 INFO  client.GrpcClientProtocolClient (GrpcClientProtocolClient.java:onNext(255)) - client-7538DDC4E776->1b229672-9fc1-42d6-9200-214eb0163fc5: receive RaftClientReply:client-7538DDC4E776->1b229672-9fc1-42d6-9200-214eb0163fc5@group-440AB812C07F, cid=1356, SUCCESS, logIndex=1907, commits[1b229672-9fc1-42d6-9200-214eb0163fc5:c1908, 4cc0758a-96f5-4ab9-816d-81d822da247a:c1904, 8693c47f-40a3-4a1c-b7ba-6ed996b9183c:c1904]
2019-07-08 22:29:43,907 INFO  client.GrpcClientProtocolClient (GrpcClientProtocolClient.java:onNext(255)) - client-7538DDC4E776->1b229672-9fc1-42d6-9200-214eb0163fc5: receive RaftClientReply:client-7538DDC4E776->1b229672-9fc1-42d6-9200-214eb0163fc5@group-440AB812C07F, cid=1357, SUCCESS, logIndex=1908, commits[1b229672-9fc1-42d6-9200-214eb0163fc5:c1908, 4cc0758a-96f5-4ab9-816d-81d822da247a:c1904, 8693c47f-40a3-4a1c-b7ba-6ed996b9183c:c1904]
2019-07-08 22:29:43,920 INFO  client.GrpcClientProtocolClient (GrpcClientProtocolClient.java:onNext(255)) - client-7538DDC4E776->1b229672-9fc1-42d6-9200-214eb0163fc5: receive RaftClientReply:client-7538DDC4E776->1b229672-9fc1-42d6-9200-214eb0163fc5@group-440AB812C07F, cid=1358, SUCCESS, logIndex=0, commits[1b229672-9fc1-42d6-9200-214eb0163fc5:c1910, 4cc0758a-96f5-4ab9-816d-81d822da247a:c1906, 8693c47f-40a3-4a1c-b7ba-6ed996b9183c:c1906]
2019-07-08 22:29:43,955 INFO  client.GrpcClientProtocolClient (GrpcClientProtocolClient.java:onNext(255)) - client-7538DDC4E776->1b229672-9fc1-42d6-9200-214eb0163fc5: receive RaftClientReply:client-7538DDC4E776->1b229672-9fc1-42d6-9200-214eb0163fc5@group-440AB812C07F, cid=1359, SUCCESS, logIndex=1913, commits[1b229672-9fc1-42d6-9200-214eb0163fc5:c1914, 4cc0758a-96f5-4ab9-816d-81d822da247a:c1912, 8693c47f-40a3-4a1c-b7ba-6ed996b9183c:c1912]
2019-07-08 22:29:43,955 INFO  client.GrpcClientProtocolClient (GrpcClientProtocolClient.java:onNext(255)) - client-7538DDC4E776->1b229672-9fc1-42d6-9200-214eb0163fc5: receive RaftClientReply:client-7538DDC4E776->1b229672-9fc1-42d6-9200-214eb0163fc5@group-440AB812C07F, cid=1360, SUCCESS, logIndex=1914, commits[1b229672-9fc1-42d6-9200-214eb0163fc5:c1914, 4cc0758a-96f5-4ab9-816d-81d822da247a:c1912, 8693c47f-40a3-4a1c-b7ba-6ed996b9183c:c1912]
2019-07-08 22:29:43,975 INFO  client.GrpcClientProtocolClient (GrpcClientProtocolClient.java:onNext(255)) - client-7538DDC4E776->1b229672-9fc1-42d6-9200-214eb0163fc5: receive RaftClientReply:client-7538DDC4E776->1b229672-9fc1-42d6-9200-214eb0163fc5@group-440AB812C07F, cid=1361, SUCCESS, logIndex=1917, commits[1b229672-9fc1-42d6-9200-214eb0163fc5:c1918, 4cc0758a-96f5-4ab9-816d-81d822da247a:c1914, 8693c47f-40a3-4a1c-b7ba-6ed996b9183c:c1914]
2019-07-08 22:29:43,976 INFO  client.GrpcClientProtocolClient (GrpcClientProtocolClient.java:onNext(255)) - client-7538DDC4E776->1b229672-9fc1-42d6-9200-214eb0163fc5: receive RaftClientReply:client-7538DDC4E776->1b229672-9fc1-42d6-9200-214eb0163fc5@group-440AB812C07F, cid=1362, SUCCESS, logIndex=1918, commits[1b229672-9fc1-42d6-9200-214eb0163fc5:c1918, 4cc0758a-96f5-4ab9-816d-81d822da247a:c1914, 8693c47f-40a3-4a1c-b7ba-6ed996b9183c:c1914]
2019-07-08 22:29:43,990 INFO  client.GrpcClientProtocolClient (GrpcClientProtocolClient.java:onNext(255)) - client-7538DDC4E776->1b229672-9fc1-42d6-9200-214eb0163fc5: receive RaftClientReply:client-7538DDC4E776->1b229672-9fc1-42d6-9200-214eb0163fc5@group-440AB812C07F, cid=1363, SUCCESS, logIndex=0, commits[1b229672-9fc1-42d6-9200-214eb0163fc5:c1920, 4cc0758a-96f5-4ab9-816d-81d822da247a:c1918, 8693c47f-40a3-4a1c-b7ba-6ed996b9183c:c1918]
2019-07-08 22:29:44,021 INFO  client.GrpcClientProtocolClient (GrpcClientProtocolClient.java:onNext(255)) - client-7538DDC4E776->1b229672-9fc1-42d6-9200-214eb0163fc5: receive RaftClientReply:client-7538DDC4E776->1b229672-9fc1-42d6-9200-214eb0163fc5@group-440AB812C07F, cid=1364, SUCCESS, logIndex=1921, commits[1b229672-9fc1-42d6-9200-214eb0163fc5:c1922, 4cc0758a-96f5-4ab9-816d-81d822da247a:c1920, 8693c47f-40a3-4a1c-b7ba-6ed996b9183c:c1920]
2019-07-08 22:29:44,021 INFO  client.GrpcClientProtocolClient (GrpcClientProtocolClient.java:onNext(255)) - client-7538DDC4E776->1b229672-9fc1-42d6-9200-214eb0163fc5: receive RaftClientReply:client-7538DDC4E776->1b229672-9fc1-42d6-9200-214eb0163fc5@group-440AB812C07F, cid=1365, SUCCESS, logIndex=1922, commits[1b229672-9fc1-42d6-9200-214eb0163fc5:c1924, 4cc0758a-96f5-4ab9-816d-81d822da247a:c1920, 8693c47f-40a3-4a1c-b7ba-6ed996b9183c:c1920]
2019-07-08 22:29:44,022 INFO  client.GrpcClientProtocolClient (GrpcClientProtocolClient.java:onNext(255)) - client-7538DDC4E776->1b229672-9fc1-42d6-9200-214eb0163fc5: receive RaftClientReply:client-7538DDC4E776->1b229672-9fc1-42d6-9200-214eb0163fc5@group-440AB812C07F, cid=1366, SUCCESS, logIndex=1923, commits[1b229672-9fc1-42d6-9200-214eb0163fc5:c1924, 4cc0758a-96f5-4ab9-816d-81d822da247a:c1920, 8693c47f-40a3-4a1c-b7ba-6ed996b9183c:c1920]
2019-07-08 22:29:44,022 INFO  client.GrpcClientProtocolClient (GrpcClientProtocolClient.java:onNext(255)) - client-7538DDC4E776->1b229672-9fc1-42d6-9200-214eb0163fc5: receive RaftClientReply:client-7538DDC4E776->1b229672-9fc1-42d6-9200-214eb0163fc5@group-440AB812C07F, cid=1367, SUCCESS, logIndex=1924, commits[1b229672-9fc1-42d6-9200-214eb0163fc5:c1924, 4cc0758a-96f5-4ab9-816d-81d822da247a:c1920, 8693c47f-40a3-4a1c-b7ba-6ed996b9183c:c1920]
2019-07-08 22:29:44,035 INFO  client.GrpcClientProtocolClient (GrpcClientProtocolClient.java:onNext(255)) - client-7538DDC4E776->1b229672-9fc1-42d6-9200-214eb0163fc5: receive RaftClientReply:client-7538DDC4E776->1b229672-9fc1-42d6-9200-214eb0163fc5@group-440AB812C07F, cid=1368, SUCCESS, logIndex=0, commits[1b229672-9fc1-42d6-9200-214eb0163fc5:c1926, 4cc0758a-96f5-4ab9-816d-81d822da247a:c1922, 8693c47f-40a3-4a1c-b7ba-6ed996b9183c:c1922]
2019-07-08 22:29:44,055 INFO  client.GrpcClientProtocolClient (GrpcClientProtocolClient.java:onNext(255)) - client-7538DDC4E776->1b229672-9fc1-42d6-9200-214eb0163fc5: receive RaftClientReply:client-7538DDC4E776->1b229672-9fc1-42d6-9200-214eb0163fc5@group-440AB812C07F, cid=1369, SUCCESS, logIndex=1928, commits[1b229672-9fc1-42d6-9200-214eb0163fc5:c1929, 4cc0758a-96f5-4ab9-816d-81d822da247a:c1927, 8693c47f-40a3-4a1c-b7ba-6ed996b9183c:c1927]
2019-07-08 22:29:44,056 INFO  client.GrpcClientProtocolClient (GrpcClientProtocolClient.java:onNext(255)) - client-7538DDC4E776->1b229672-9fc1-42d6-9200-214eb0163fc5: receive RaftClientReply:client-7538DDC4E776->1b229672-9fc1-42d6-9200-214eb0163fc5@group-440AB812C07F, cid=1370, SUCCESS, logIndex=1929, commits[1b229672-9fc1-42d6-9200-214eb0163fc5:c1929, 4cc0758a-96f5-4ab9-816d-81d822da247a:c1927, 8693c47f-40a3-4a1c-b7ba-6ed996b9183c:c1927]
2019-07-08 22:29:44,069 INFO  client.GrpcClientProtocolClient (GrpcClientProtocolClient.java:onNext(255)) - client-7538DDC4E776->1b229672-9fc1-42d6-9200-214eb0163fc5: receive RaftClientReply:client-7538DDC4E776->1b229672-9fc1-42d6-9200-214eb0163fc5@group-440AB812C07F, cid=1371, SUCCESS, logIndex=1932, commits[1b229672-9fc1-42d6-9200-214eb0163fc5:c1933, 4cc0758a-96f5-4ab9-816d-81d822da247a:c1928, 8693c47f-40a3-4a1c-b7ba-6ed996b9183c:c1929]
2019-07-08 22:29:44,070 INFO  client.GrpcClientProtocolClient (GrpcClientProtocolClient.java:onNext(255)) - client-7538DDC4E776->1b229672-9fc1-42d6-9200-214eb0163fc5: receive RaftClientReply:client-7538DDC4E776->1b229672-9fc1-42d6-9200-214eb0163fc5@group-440AB812C07F, cid=1372, SUCCESS, logIndex=1933, commits[1b229672-9fc1-42d6-9200-214eb0163fc5:c1933, 4cc0758a-96f5-4ab9-816d-81d822da247a:c1929, 8693c47f-40a3-4a1c-b7ba-6ed996b9183c:c1929]
2019-07-08 22:29:44,073 INFO  client.GrpcClientProtocolClient (GrpcClientProtocolClient.java:onNext(255)) - client-7538DDC4E776->1b229672-9fc1-42d6-9200-214eb0163fc5: receive RaftClientReply:client-7538DDC4E776->1b229672-9fc1-42d6-9200-214eb0163fc5@group-440AB812C07F, cid=1373, SUCCESS, logIndex=0, commits[1b229672-9fc1-42d6-9200-214eb0163fc5:c1935, 4cc0758a-96f5-4ab9-816d-81d822da247a:c1933, 8693c47f-40a3-4a1c-b7ba-6ed996b9183c:c1933]
2019-07-08 22:29:44,102 INFO  client.GrpcClientProtocolClient (GrpcClientProtocolClient.java:onNext(255)) - client-7538DDC4E776->1b229672-9fc1-42d6-9200-214eb0163fc5: receive RaftClientReply:client-7538DDC4E776->1b229672-9fc1-42d6-9200-214eb0163fc5@group-440AB812C07F, cid=1374, SUCCESS, logIndex=1936, commits[1b229672-9fc1-42d6-9200-214eb0163fc5:c1938, 4cc0758a-96f5-4ab9-816d-81d822da247a:c1935, 8693c47f-40a3-4a1c-b7ba-6ed996b9183c:c1935]
2019-07-08 22:29:44,102 INFO  client.GrpcClientProtocolClient (GrpcClientProtocolClient.java:onNext(255)) - client-7538DDC4E776->1b229672-9fc1-42d6-9200-214eb0163fc5: receive RaftClientReply:client-7538DDC4E776->1b229672-9fc1-42d6-9200-214eb0163fc5@group-440AB812C07F, cid=1375, SUCCESS, logIndex=1937, commits[1b229672-9fc1-42d6-9200-214eb0163fc5:c1939, 4cc0758a-96f5-4ab9-816d-81d822da247a:c1935, 8693c47f-40a3-4a1c-b7ba-6ed996b9183c:c1935]
2019-07-08 22:29:44,103 INFO  client.GrpcClientProtocolClient (GrpcClientProtocolClient.java:onNext(255)) - client-7538DDC4E776->1b229672-9fc1-42d6-9200-214eb0163fc5: receive RaftClientReply:client-7538DDC4E776->1b229672-9fc1-42d6-9200-214eb0163fc5@group-440AB812C07F, cid=1376, SUCCESS, logIndex=1938, commits[1b229672-9fc1-42d6-9200-214eb0163fc5:c1939, 4cc0758a-96f5-4ab9-816d-81d822da247a:c1935, 8693c47f-40a3-4a1c-b7ba-6ed996b9183c:c1935]
2019-07-08 22:29:44,103 INFO  client.GrpcClientProtocolClient (GrpcClientProtocolClient.java:onNext(255)) - client-7538DDC4E776->1b229672-9fc1-42d6-9200-214eb0163fc5: receive RaftClientReply:client-7538DDC4E776->1b229672-9fc1-42d6-9200-214eb0163fc5@group-440AB812C07F, cid=1377, SUCCESS, logIndex=1939, commits[1b229672-9fc1-42d6-9200-214eb0163fc5:c1939, 4cc0758a-96f5-4ab9-816d-81d822da247a:c1935, 8693c47f-40a3-4a1c-b7ba-6ed996b9183c:c1935]
2019-07-08 22:29:44,116 INFO  client.GrpcClientProtocolClient (GrpcClientProtocolClient.java:onNext(255)) - client-7538DDC4E776->1b229672-9fc1-42d6-9200-214eb0163fc5: receive RaftClientReply:client-7538DDC4E776->1b229672-9fc1-42d6-9200-214eb0163fc5@group-440AB812C07F, cid=1378, SUCCESS, logIndex=0, commits[1b229672-9fc1-42d6-9200-214eb0163fc5:c1940, 4cc0758a-96f5-4ab9-816d-81d822da247a:c1938, 8693c47f-40a3-4a1c-b7ba-6ed996b9183c:c1938]
2019-07-08 22:29:44,138 INFO  client.GrpcClientProtocolClient (GrpcClientProtocolClient.java:onNext(255)) - client-7538DDC4E776->1b229672-9fc1-42d6-9200-214eb0163fc5: receive RaftClientReply:client-7538DDC4E776->1b229672-9fc1-42d6-9200-214eb0163fc5@group-440AB812C07F, cid=1379, SUCCESS, logIndex=1944, commits[1b229672-9fc1-42d6-9200-214eb0163fc5:c1945, 4cc0758a-96f5-4ab9-816d-81d822da247a:c1943, 8693c47f-40a3-4a1c-b7ba-6ed996b9183c:c1943]
2019-07-08 22:29:44,138 INFO  client.GrpcClientProtocolClient (GrpcClientProtocolClient.java:onNext(255)) - client-7538DDC4E776->1b229672-9fc1-42d6-9200-214eb0163fc5: receive RaftClientReply:client-7538DDC4E776->1b229672-9fc1-42d6-9200-214eb0163fc5@group-440AB812C07F, cid=1380, SUCCESS, logIndex=1945, commits[1b229672-9fc1-42d6-9200-214eb0163fc5:c1945, 4cc0758a-96f5-4ab9-816d-81d822da247a:c1943, 8693c47f-40a3-4a1c-b7ba-6ed996b9183c:c1943]
2019-07-08 22:29:44,151 INFO  client.GrpcClientProtocolClient (GrpcClientProtocolClient.java:onNext(255)) - client-7538DDC4E776->1b229672-9fc1-42d6-9200-214eb0163fc5: receive RaftClientReply:client-7538DDC4E776->1b229672-9fc1-42d6-9200-214eb0163fc5@group-440AB812C07F, cid=1381, SUCCESS, logIndex=1948, commits[1b229672-9fc1-42d6-9200-214eb0163fc5:c1949, 4cc0758a-96f5-4ab9-816d-81d822da247a:c1945, 8693c47f-40a3-4a1c-b7ba-6ed996b9183c:c1945]
2019-07-08 22:29:44,152 INFO  client.GrpcClientProtocolClient (GrpcClientProtocolClient.java:onNext(255)) - client-7538DDC4E776->1b229672-9fc1-42d6-9200-214eb0163fc5: receive RaftClientReply:client-7538DDC4E776->1b229672-9fc1-42d6-9200-214eb0163fc5@group-440AB812C07F, cid=1382, SUCCESS, logIndex=1949, commits[1b229672-9fc1-42d6-9200-214eb0163fc5:c1949, 4cc0758a-96f5-4ab9-816d-81d822da247a:c1945, 8693c47f-40a3-4a1c-b7ba-6ed996b9183c:c1945]
2019-07-08 22:29:44,166 INFO  client.GrpcClientProtocolClient (GrpcClientProtocolClient.java:onNext(255)) - client-7538DDC4E776->1b229672-9fc1-42d6-9200-214eb0163fc5: receive RaftClientReply:client-7538DDC4E776->1b229672-9fc1-42d6-9200-214eb0163fc5@group-440AB812C07F, cid=1383, SUCCESS, logIndex=0, commits[1b229672-9fc1-42d6-9200-214eb0163fc5:c1951, 4cc0758a-96f5-4ab9-816d-81d822da247a:c1949, 8693c47f-40a3-4a1c-b7ba-6ed996b9183c:c1949]
2019-07-08 22:29:44,190 INFO  client.GrpcClientProtocolClient (GrpcClientProtocolClient.java:onNext(255)) - client-7538DDC4E776->1b229672-9fc1-42d6-9200-214eb0163fc5: receive RaftClientReply:client-7538DDC4E776->1b229672-9fc1-42d6-9200-214eb0163fc5@group-440AB812C07F, cid=1384, SUCCESS, logIndex=1952, commits[1b229672-9fc1-42d6-9200-214eb0163fc5:c1953, 4cc0758a-96f5-4ab9-816d-81d822da247a:c1951, 8693c47f-40a3-4a1c-b7ba-6ed996b9183c:c1951]
2019-07-08 22:29:44,191 INFO  client.GrpcClientProtocolClient (GrpcClientProtocolClient.java:onNext(255)) - client-7538DDC4E776->1b229672-9fc1-42d6-9200-214eb0163fc5: receive RaftClientReply:client-7538DDC4E776->1b229672-9fc1-42d6-9200-214eb0163fc5@group-440AB812C07F, cid=1385, SUCCESS, logIndex=1953, commits[1b229672-9fc1-42d6-9200-214eb0163fc5:c1955, 4cc0758a-96f5-4ab9-816d-81d822da247a:c1951, 8693c47f-40a3-4a1c-b7ba-6ed996b9183c:c1951]
2019-07-08 22:29:44,191 INFO  client.GrpcClientProtocolClient (GrpcClientProtocolClient.java:onNext(255)) - client-7538DDC4E776->1b229672-9fc1-42d6-9200-214eb0163fc5: receive RaftClientReply:client-7538DDC4E776->1b229672-9fc1-42d6-9200-214eb0163fc5@group-440AB812C07F, cid=1386, SUCCESS, logIndex=1954, commits[1b229672-9fc1-42d6-9200-214eb0163fc5:c1955, 4cc0758a-96f5-4ab9-816d-81d822da247a:c1951, 8693c47f-40a3-4a1c-b7ba-6ed996b9183c:c1951]
2019-07-08 22:29:44,191 INFO  client.GrpcClientProtocolClient (GrpcClientProtocolClient.java:onNext(255)) - client-7538DDC4E776->1b229672-9fc1-42d6-9200-214eb0163fc5: receive RaftClientReply:client-7538DDC4E776->1b229672-9fc1-42d6-9200-214eb0163fc5@group-440AB812C07F, cid=1387, SUCCESS, logIndex=1955, commits[1b229672-9fc1-42d6-9200-214eb0163fc5:c1955, 4cc0758a-96f5-4ab9-816d-81d822da247a:c1951, 8693c47f-40a3-4a1c-b7ba-6ed996b9183c:c1951]
2019-07-08 22:29:44,193 INFO  client.GrpcClientProtocolClient (GrpcClientProtocolClient.java:onNext(255)) - client-7538DDC4E776->1b229672-9fc1-42d6-9200-214eb0163fc5: receive RaftClientReply:client-7538DDC4E776->1b229672-9fc1-42d6-9200-214eb0163fc5@group-440AB812C07F, cid=1388, SUCCESS, logIndex=0, commits[1b229672-9fc1-42d6-9200-214eb0163fc5:c1957, 4cc0758a-96f5-4ab9-816d-81d822da247a:c1953, 8693c47f-40a3-4a1c-b7ba-6ed996b9183c:c1953]
2019-07-08 22:29:44,206 INFO  client.GrpcClientProtocolClient (GrpcClientProtocolClient.java:onNext(255)) - client-7538DDC4E776->1b229672-9fc1-42d6-9200-214eb0163fc5: receive RaftClientReply:client-7538DDC4E776->1b229672-9fc1-42d6-9200-214eb0163fc5@group-440AB812C07F, cid=1389, SUCCESS, logIndex=1960, commits[1b229672-9fc1-42d6-9200-214eb0163fc5:c1961, 4cc0758a-96f5-4ab9-816d-81d822da247a:c1955, 8693c47f-40a3-4a1c-b7ba-6ed996b9183c:c1959]
2019-07-08 22:29:44,206 INFO  client.GrpcClientProtocolClient (GrpcClientProtocolClient.java:onNext(255)) - client-7538DDC4E776->1b229672-9fc1-42d6-9200-214eb0163fc5: receive RaftClientReply:client-7538DDC4E776->1b229672-9fc1-42d6-9200-214eb0163fc5@group-440AB812C07F, cid=1390, SUCCESS, logIndex=1961, commits[1b229672-9fc1-42d6-9200-214eb0163fc5:c1961, 4cc0758a-96f5-4ab9-816d-81d822da247a:c1955, 8693c47f-40a3-4a1c-b7ba-6ed996b9183c:c1959]
2019-07-08 22:29:44,219 INFO  client.GrpcClientProtocolClient (GrpcClientProtocolClient.java:onNext(255)) - client-7538DDC4E776->1b229672-9fc1-42d6-9200-214eb0163fc5: receive RaftClientReply:client-7538DDC4E776->1b229672-9fc1-42d6-9200-214eb0163fc5@group-440AB812C07F, cid=1391, SUCCESS, logIndex=1964, commits[1b229672-9fc1-42d6-9200-214eb0163fc5:c1965, 4cc0758a-96f5-4ab9-816d-81d822da247a:c1961, 8693c47f-40a3-4a1c-b7ba-6ed996b9183c:c1961]
2019-07-08 22:29:44,219 INFO  client.GrpcClientProtocolClient (GrpcClientProtocolClient.java:onNext(255)) - client-7538DDC4E776->1b229672-9fc1-42d6-9200-214eb0163fc5: receive RaftClientReply:client-7538DDC4E776->1b229672-9fc1-42d6-9200-214eb0163fc5@group-440AB812C07F, cid=1392, SUCCESS, logIndex=1965, commits[1b229672-9fc1-42d6-9200-214eb0163fc5:c1965, 4cc0758a-96f5-4ab9-816d-81d822da247a:c1961, 8693c47f-40a3-4a1c-b7ba-6ed996b9183c:c1961]
2019-07-08 22:29:44,220 INFO  client.GrpcClientProtocolClient (GrpcClientProtocolClient.java:onNext(255)) - client-7538DDC4E776->1b229672-9fc1-42d6-9200-214eb0163fc5: receive RaftClientReply:client-7538DDC4E776->1b229672-9fc1-42d6-9200-214eb0163fc5@group-440AB812C07F, cid=1393, SUCCESS, logIndex=0, commits[1b229672-9fc1-42d6-9200-214eb0163fc5:c1966, 4cc0758a-96f5-4ab9-816d-81d822da247a:c1965, 8693c47f-40a3-4a1c-b7ba-6ed996b9183c:c1965]
2019-07-08 22:29:44,249 INFO  client.GrpcClientProtocolClient (GrpcClientProtocolClient.java:onNext(255)) - client-7538DDC4E776->1b229672-9fc1-42d6-9200-214eb0163fc5: receive RaftClientReply:client-7538DDC4E776->1b229672-9fc1-42d6-9200-214eb0163fc5@group-440AB812C07F, cid=1394, SUCCESS, logIndex=1968, commits[1b229672-9fc1-42d6-9200-214eb0163fc5:c1970, 4cc0758a-96f5-4ab9-816d-81d822da247a:c1967, 8693c47f-40a3-4a1c-b7ba-6ed996b9183c:c1967]
2019-07-08 22:29:44,249 INFO  client.GrpcClientProtocolClient (GrpcClientProtocolClient.java:onNext(255)) - client-7538DDC4E776->1b229672-9fc1-42d6-9200-214eb0163fc5: receive RaftClientReply:client-7538DDC4E776->1b229672-9fc1-42d6-9200-214eb0163fc5@group-440AB812C07F, cid=1395, SUCCESS, logIndex=1969, commits[1b229672-9fc1-42d6-9200-214eb0163fc5:c1971, 4cc0758a-96f5-4ab9-816d-81d822da247a:c1967, 8693c47f-40a3-4a1c-b7ba-6ed996b9183c:c1967]
2019-07-08 22:29:44,250 INFO  client.GrpcClientProtocolClient (GrpcClientProtocolClient.java:onNext(255)) - client-7538DDC4E776->1b229672-9fc1-42d6-9200-214eb0163fc5: receive RaftClientReply:client-7538DDC4E776->1b229672-9fc1-42d6-9200-214eb0163fc5@group-440AB812C07F, cid=1396, SUCCESS, logIndex=1970, commits[1b229672-9fc1-42d6-9200-214eb0163fc5:c1971, 4cc0758a-96f5-4ab9-816d-81d822da247a:c1967, 8693c47f-40a3-4a1c-b7ba-6ed996b9183c:c1967]
2019-07-08 22:29:44,250 INFO  client.GrpcClientProtocolClient (GrpcClientProtocolClient.java:onNext(255)) - client-7538DDC4E776->1b229672-9fc1-42d6-9200-214eb0163fc5: receive RaftClientReply:client-7538DDC4E776->1b229672-9fc1-42d6-9200-214eb0163fc5@group-440AB812C07F, cid=1397, SUCCESS, logIndex=1971, commits[1b229672-9fc1-42d6-9200-214eb0163fc5:c1971, 4cc0758a-96f5-4ab9-816d-81d822da247a:c1967, 8693c47f-40a3-4a1c-b7ba-6ed996b9183c:c1967]
2019-07-08 22:29:44,252 INFO  client.GrpcClientProtocolClient (GrpcClientProtocolClient.java:onNext(255)) - client-7538DDC4E776->1b229672-9fc1-42d6-9200-214eb0163fc5: receive RaftClientReply:client-7538DDC4E776->1b229672-9fc1-42d6-9200-214eb0163fc5@group-440AB812C07F, cid=1398, SUCCESS, logIndex=0, commits[1b229672-9fc1-42d6-9200-214eb0163fc5:c1972, 4cc0758a-96f5-4ab9-816d-81d822da247a:c1969, 8693c47f-40a3-4a1c-b7ba-6ed996b9183c:c1969]
2019-07-08 22:29:44,288 INFO  client.GrpcClientProtocolClient (GrpcClientProtocolClient.java:onNext(255)) - client-7538DDC4E776->1b229672-9fc1-42d6-9200-214eb0163fc5: receive RaftClientReply:client-7538DDC4E776->1b229672-9fc1-42d6-9200-214eb0163fc5@group-440AB812C07F, cid=1399, SUCCESS, logIndex=1976, commits[1b229672-9fc1-42d6-9200-214eb0163fc5:c1977, 4cc0758a-96f5-4ab9-816d-81d822da247a:c1972, 8693c47f-40a3-4a1c-b7ba-6ed996b9183c:c1972]
2019-07-08 22:29:44,288 INFO  client.GrpcClientProtocolClient (GrpcClientProtocolClient.java:onNext(255)) - client-7538DDC4E776->1b229672-9fc1-42d6-9200-214eb0163fc5: receive RaftClientReply:client-7538DDC4E776->1b229672-9fc1-42d6-9200-214eb0163fc5@group-440AB812C07F, cid=1400, SUCCESS, logIndex=1977, commits[1b229672-9fc1-42d6-9200-214eb0163fc5:c1977, 4cc0758a-96f5-4ab9-816d-81d822da247a:c1972, 8693c47f-40a3-4a1c-b7ba-6ed996b9183c:c1972]
2019-07-08 22:29:44,302 INFO  client.GrpcClientProtocolClient (GrpcClientProtocolClient.java:onNext(255)) - client-7538DDC4E776->1b229672-9fc1-42d6-9200-214eb0163fc5: receive RaftClientReply:client-7538DDC4E776->1b229672-9fc1-42d6-9200-214eb0163fc5@group-440AB812C07F, cid=1401, SUCCESS, logIndex=1980, commits[1b229672-9fc1-42d6-9200-214eb0163fc5:c1981, 4cc0758a-96f5-4ab9-816d-81d822da247a:c1977, 8693c47f-40a3-4a1c-b7ba-6ed996b9183c:c1977]
2019-07-08 22:29:44,303 INFO  client.GrpcClientProtocolClient (GrpcClientProtocolClient.java:onNext(255)) - client-7538DDC4E776->1b229672-9fc1-42d6-9200-214eb0163fc5: receive RaftClientReply:client-7538DDC4E776->1b229672-9fc1-42d6-9200-214eb0163fc5@group-440AB812C07F, cid=1402, SUCCESS, logIndex=1981, commits[1b229672-9fc1-42d6-9200-214eb0163fc5:c1981, 4cc0758a-96f5-4ab9-816d-81d822da247a:c1977, 8693c47f-40a3-4a1c-b7ba-6ed996b9183c:c1977]
2019-07-08 22:29:44,317 INFO  client.GrpcClientProtocolClient (GrpcClientProtocolClient.java:onNext(255)) - client-7538DDC4E776->1b229672-9fc1-42d6-9200-214eb0163fc5: receive RaftClientReply:client-7538DDC4E776->1b229672-9fc1-42d6-9200-214eb0163fc5@group-440AB812C07F, cid=1403, SUCCESS, logIndex=0, commits[1b229672-9fc1-42d6-9200-214eb0163fc5:c1983, 4cc0758a-96f5-4ab9-816d-81d822da247a:c1981, 8693c47f-40a3-4a1c-b7ba-6ed996b9183c:c1981]
2019-07-08 22:29:44,343 INFO  client.GrpcClientProtocolClient (GrpcClientProtocolClient.java:onNext(255)) - client-7538DDC4E776->1b229672-9fc1-42d6-9200-214eb0163fc5: receive RaftClientReply:client-7538DDC4E776->1b229672-9fc1-42d6-9200-214eb0163fc5@group-440AB812C07F, cid=1404, SUCCESS, logIndex=1984, commits[1b229672-9fc1-42d6-9200-214eb0163fc5:c1985, 4cc0758a-96f5-4ab9-816d-81d822da247a:c1983, 8693c47f-40a3-4a1c-b7ba-6ed996b9183c:c1983]
2019-07-08 22:29:44,343 INFO  client.GrpcClientProtocolClient (GrpcClientProtocolClient.java:onNext(255)) - client-7538DDC4E776->1b229672-9fc1-42d6-9200-214eb0163fc5: receive RaftClientReply:client-7538DDC4E776->1b229672-9fc1-42d6-9200-214eb0163fc5@group-440AB812C07F, cid=1405, SUCCESS, logIndex=1985, commits[1b229672-9fc1-42d6-9200-214eb0163fc5:c1987, 4cc0758a-96f5-4ab9-816d-81d822da247a:c1983, 8693c47f-40a3-4a1c-b7ba-6ed996b9183c:c1983]
2019-07-08 22:29:44,343 INFO  client.GrpcClientProtocolClient (GrpcClientProtocolClient.java:onNext(255)) - client-7538DDC4E776->1b229672-9fc1-42d6-9200-214eb0163fc5: receive RaftClientReply:client-7538DDC4E776->1b229672-9fc1-42d6-9200-214eb0163fc5@group-440AB812C07F, cid=1406, SUCCESS, logIndex=1986, commits[1b229672-9fc1-42d6-9200-214eb0163fc5:c1987, 4cc0758a-96f5-4ab9-816d-81d822da247a:c1983, 8693c47f-40a3-4a1c-b7ba-6ed996b9183c:c1983]
2019-07-08 22:29:44,344 INFO  client.GrpcClientProtocolClient (GrpcClientProtocolClient.java:onNext(255)) - client-7538DDC4E776->1b229672-9fc1-42d6-9200-214eb0163fc5: receive RaftClientReply:client-7538DDC4E776->1b229672-9fc1-42d6-9200-214eb0163fc5@group-440AB812C07F, cid=1407, SUCCESS, logIndex=1987, commits[1b229672-9fc1-42d6-9200-214eb0163fc5:c1987, 4cc0758a-96f5-4ab9-816d-81d822da247a:c1983, 8693c47f-40a3-4a1c-b7ba-6ed996b9183c:c1983]
2019-07-08 22:29:44,357 INFO  client.GrpcClientProtocolClient (GrpcClientProtocolClient.java:onNext(255)) - client-7538DDC4E776->1b229672-9fc1-42d6-9200-214eb0163fc5: receive RaftClientReply:client-7538DDC4E776->1b229672-9fc1-42d6-9200-214eb0163fc5@group-440AB812C07F, cid=1408, SUCCESS, logIndex=0, commits[1b229672-9fc1-42d6-9200-214eb0163fc5:c1989, 4cc0758a-96f5-4ab9-816d-81d822da247a:c1985, 8693c47f-40a3-4a1c-b7ba-6ed996b9183c:c1985]
2019-07-08 22:29:44,369 INFO  client.GrpcClientProtocolClient (GrpcClientProtocolClient.java:onNext(255)) - client-7538DDC4E776->1b229672-9fc1-42d6-9200-214eb0163fc5: receive RaftClientReply:client-7538DDC4E776->1b229672-9fc1-42d6-9200-214eb0163fc5@group-440AB812C07F, cid=1409, SUCCESS, logIndex=1992, commits[1b229672-9fc1-42d6-9200-214eb0163fc5:c1993, 4cc0758a-96f5-4ab9-816d-81d822da247a:c1991, 8693c47f-40a3-4a1c-b7ba-6ed996b9183c:c1991]
2019-07-08 22:29:44,370 INFO  client.GrpcClientProtocolClient (GrpcClientProtocolClient.java:onNext(255)) - client-7538DDC4E776->1b229672-9fc1-42d6-9200-214eb0163fc5: receive RaftClientReply:client-7538DDC4E776->1b229672-9fc1-42d6-9200-214eb0163fc5@group-440AB812C07F, cid=1410, SUCCESS, logIndex=1993, commits[1b229672-9fc1-42d6-9200-214eb0163fc5:c1993, 4cc0758a-96f5-4ab9-816d-81d822da247a:c1991, 8693c47f-40a3-4a1c-b7ba-6ed996b9183c:c1991]
2019-07-08 22:29:44,486 INFO  client.GrpcClientProtocolClient (GrpcClientProtocolClient.java:onNext(255)) - client-7538DDC4E776->1b229672-9fc1-42d6-9200-214eb0163fc5: receive RaftClientReply:client-7538DDC4E776->1b229672-9fc1-42d6-9200-214eb0163fc5@group-440AB812C07F, cid=1411, SUCCESS, logIndex=1996, commits[1b229672-9fc1-42d6-9200-214eb0163fc5:c1997, 4cc0758a-96f5-4ab9-816d-81d822da247a:c1995, 8693c47f-40a3-4a1c-b7ba-6ed996b9183c:c1995]
2019-07-08 22:29:44,487 INFO  client.GrpcClientProtocolClient (GrpcClientProtocolClient.java:onNext(255)) - client-7538DDC4E776->1b229672-9fc1-42d6-9200-214eb0163fc5: receive RaftClientReply:client-7538DDC4E776->1b229672-9fc1-42d6-9200-214eb0163fc5@group-440AB812C07F, cid=1412, SUCCESS, logIndex=1997, commits[1b229672-9fc1-42d6-9200-214eb0163fc5:c1997, 4cc0758a-96f5-4ab9-816d-81d822da247a:c1995, 8693c47f-40a3-4a1c-b7ba-6ed996b9183c:c1995]
2019-07-08 22:29:44,499 INFO  client.GrpcClientProtocolClient (GrpcClientProtocolClient.java:onNext(255)) - client-7538DDC4E776->1b229672-9fc1-42d6-9200-214eb0163fc5: receive RaftClientReply:client-7538DDC4E776->1b229672-9fc1-42d6-9200-214eb0163fc5@group-440AB812C07F, cid=1413, SUCCESS, logIndex=0, commits[1b229672-9fc1-42d6-9200-214eb0163fc5:c1999, 4cc0758a-96f5-4ab9-816d-81d822da247a:c1997, 8693c47f-40a3-4a1c-b7ba-6ed996b9183c:c1997]
2019-07-08 22:29:44,531 INFO  client.GrpcClientProtocolClient (GrpcClientProtocolClient.java:onNext(255)) - client-7538DDC4E776->1b229672-9fc1-42d6-9200-214eb0163fc5: receive RaftClientReply:client-7538DDC4E776->1b229672-9fc1-42d6-9200-214eb0163fc5@group-440AB812C07F, cid=1414, SUCCESS, logIndex=2000, commits[1b229672-9fc1-42d6-9200-214eb0163fc5:c2000, 4cc0758a-96f5-4ab9-816d-81d822da247a:c1999, 8693c47f-40a3-4a1c-b7ba-6ed996b9183c:c1999]
2019-07-08 22:29:44,532 INFO  client.GrpcClientProtocolClient (GrpcClientProtocolClient.java:onNext(255)) - client-7538DDC4E776->1b229672-9fc1-42d6-9200-214eb0163fc5: receive RaftClientReply:client-7538DDC4E776->1b229672-9fc1-42d6-9200-214eb0163fc5@group-440AB812C07F, cid=1415, SUCCESS, logIndex=2001, commits[1b229672-9fc1-42d6-9200-214eb0163fc5:c2003, 4cc0758a-96f5-4ab9-816d-81d822da247a:c1999, 8693c47f-40a3-4a1c-b7ba-6ed996b9183c:c1999]
2019-07-08 22:29:44,532 INFO  client.GrpcClientProtocolClient (GrpcClientProtocolClient.java:onNext(255)) - client-7538DDC4E776->1b229672-9fc1-42d6-9200-214eb0163fc5: receive RaftClientReply:client-7538DDC4E776->1b229672-9fc1-42d6-9200-214eb0163fc5@group-440AB812C07F, cid=1416, SUCCESS, logIndex=2002, commits[1b229672-9fc1-42d6-9200-214eb0163fc5:c2003, 4cc0758a-96f5-4ab9-816d-81d822da247a:c1999, 8693c47f-40a3-4a1c-b7ba-6ed996b9183c:c1999]
2019-07-08 22:29:44,532 INFO  client.GrpcClientProtocolClient (GrpcClientProtocolClient.java:onNext(255)) - client-7538DDC4E776->1b229672-9fc1-42d6-9200-214eb0163fc5: receive RaftClientReply:client-7538DDC4E776->1b229672-9fc1-42d6-9200-214eb0163fc5@group-440AB812C07F, cid=1417, SUCCESS, logIndex=2003, commits[1b229672-9fc1-42d6-9200-214eb0163fc5:c2003, 4cc0758a-96f5-4ab9-816d-81d822da247a:c1999, 8693c47f-40a3-4a1c-b7ba-6ed996b9183c:c1999]
2019-07-08 22:29:44,534 INFO  client.GrpcClientProtocolClient (GrpcClientProtocolClient.java:onNext(255)) - client-7538DDC4E776->1b229672-9fc1-42d6-9200-214eb0163fc5: receive RaftClientReply:client-7538DDC4E776->1b229672-9fc1-42d6-9200-214eb0163fc5@group-440AB812C07F, cid=1418, SUCCESS, logIndex=0, commits[1b229672-9fc1-42d6-9200-214eb0163fc5:c2005, 4cc0758a-96f5-4ab9-816d-81d822da247a:c2003, 8693c47f-40a3-4a1c-b7ba-6ed996b9183c:c2003]
2019-07-08 22:29:44,556 INFO  client.GrpcClientProtocolClient (GrpcClientProtocolClient.java:onNext(255)) - client-7538DDC4E776->1b229672-9fc1-42d6-9200-214eb0163fc5: receive RaftClientReply:client-7538DDC4E776->1b229672-9fc1-42d6-9200-214eb0163fc5@group-440AB812C07F, cid=1419, SUCCESS, logIndex=2006, commits[1b229672-9fc1-42d6-9200-214eb0163fc5:c2007, 4cc0758a-96f5-4ab9-816d-81d822da247a:c2005, 8693c47f-40a3-4a1c-b7ba-6ed996b9183c:c2005]
2019-07-08 22:29:44,556 INFO  client.GrpcClientProtocolClient (GrpcClientProtocolClient.java:onNext(255)) - client-7538DDC4E776->1b229672-9fc1-42d6-9200-214eb0163fc5: receive RaftClientReply:client-7538DDC4E776->1b229672-9fc1-42d6-9200-214eb0163fc5@group-440AB812C07F, cid=1420, SUCCESS, logIndex=2007, commits[1b229672-9fc1-42d6-9200-214eb0163fc5:c2007, 4cc0758a-96f5-4ab9-816d-81d822da247a:c2005, 8693c47f-40a3-4a1c-b7ba-6ed996b9183c:c2005]
2019-07-08 22:29:44,569 INFO  client.GrpcClientProtocolClient (GrpcClientProtocolClient.java:onNext(255)) - client-7538DDC4E776->1b229672-9fc1-42d6-9200-214eb0163fc5: receive RaftClientReply:client-7538DDC4E776->1b229672-9fc1-42d6-9200-214eb0163fc5@group-440AB812C07F, cid=1421, SUCCESS, logIndex=2010, commits[1b229672-9fc1-42d6-9200-214eb0163fc5:c2011, 4cc0758a-96f5-4ab9-816d-81d822da247a:c2007, 8693c47f-40a3-4a1c-b7ba-6ed996b9183c:c2007]
2019-07-08 22:29:44,570 INFO  client.GrpcClientProtocolClient (GrpcClientProtocolClient.java:onNext(255)) - client-7538DDC4E776->1b229672-9fc1-42d6-9200-214eb0163fc5: receive RaftClientReply:client-7538DDC4E776->1b229672-9fc1-42d6-9200-214eb0163fc5@group-440AB812C07F, cid=1422, SUCCESS, logIndex=2011, commits[1b229672-9fc1-42d6-9200-214eb0163fc5:c2011, 4cc0758a-96f5-4ab9-816d-81d822da247a:c2007, 8693c47f-40a3-4a1c-b7ba-6ed996b9183c:c2007]
2019-07-08 22:29:44,582 INFO  client.GrpcClientProtocolClient (GrpcClientProtocolClient.java:onNext(255)) - client-7538DDC4E776->1b229672-9fc1-42d6-9200-214eb0163fc5: receive RaftClientReply:client-7538DDC4E776->1b229672-9fc1-42d6-9200-214eb0163fc5@group-440AB812C07F, cid=1423, SUCCESS, logIndex=0, commits[1b229672-9fc1-42d6-9200-214eb0163fc5:c2013, 4cc0758a-96f5-4ab9-816d-81d822da247a:c2011, 8693c47f-40a3-4a1c-b7ba-6ed996b9183c:c2011]
2019-07-08 22:29:44,610 INFO  client.GrpcClientProtocolClient (GrpcClientProtocolClient.java:onNext(255)) - client-7538DDC4E776->1b229672-9fc1-42d6-9200-214eb0163fc5: receive RaftClientReply:client-7538DDC4E776->1b229672-9fc1-42d6-9200-214eb0163fc5@group-440AB812C07F, cid=1424, SUCCESS, logIndex=2014, commits[1b229672-9fc1-42d6-9200-214eb0163fc5:c2017, 4cc0758a-96f5-4ab9-816d-81d822da247a:c2013, 8693c47f-40a3-4a1c-b7ba-6ed996b9183c:c2013]
2019-07-08 22:29:44,611 INFO  client.GrpcClientProtocolClient (GrpcClientProtocolClient.java:onNext(255)) - client-7538DDC4E776->1b229672-9fc1-42d6-9200-214eb0163fc5: receive RaftClientReply:client-7538DDC4E776->1b229672-9fc1-42d6-9200-214eb0163fc5@group-440AB812C07F, cid=1425, SUCCESS, logIndex=2015, commits[1b229672-9fc1-42d6-9200-214eb0163fc5:c2017, 4cc0758a-96f5-4ab9-816d-81d822da247a:c2013, 8693c47f-40a3-4a1c-b7ba-6ed996b9183c:c2013]
2019-07-08 22:29:44,611 INFO  client.GrpcClientProtocolClient (GrpcClientProtocolClient.java:onNext(255)) - client-7538DDC4E776->1b229672-9fc1-42d6-9200-214eb0163fc5: receive RaftClientReply:client-7538DDC4E776->1b229672-9fc1-42d6-9200-214eb0163fc5@group-440AB812C07F, cid=1426, SUCCESS, logIndex=2016, commits[1b229672-9fc1-42d6-9200-214eb0163fc5:c2017, 4cc0758a-96f5-4ab9-816d-81d822da247a:c2013, 8693c47f-40a3-4a1c-b7ba-6ed996b9183c:c2013]
2019-07-08 22:29:44,611 INFO  client.GrpcClientProtocolClient (GrpcClientProtocolClient.java:onNext(255)) - client-7538DDC4E776->1b229672-9fc1-42d6-9200-214eb0163fc5: receive RaftClientReply:client-7538DDC4E776->1b229672-9fc1-42d6-9200-214eb0163fc5@group-440AB812C07F, cid=1427, SUCCESS, logIndex=2017, commits[1b229672-9fc1-42d6-9200-214eb0163fc5:c2017, 4cc0758a-96f5-4ab9-816d-81d822da247a:c2013, 8693c47f-40a3-4a1c-b7ba-6ed996b9183c:c2013]
2019-07-08 22:29:44,613 INFO  client.GrpcClientProtocolClient (GrpcClientProtocolClient.java:onNext(255)) - client-7538DDC4E776->1b229672-9fc1-42d6-9200-214eb0163fc5: receive RaftClientReply:client-7538DDC4E776->1b229672-9fc1-42d6-9200-214eb0163fc5@group-440AB812C07F, cid=1428, SUCCESS, logIndex=0, commits[1b229672-9fc1-42d6-9200-214eb0163fc5:c2021, 4cc0758a-96f5-4ab9-816d-81d822da247a:c2017, 8693c47f-40a3-4a1c-b7ba-6ed996b9183c:c2015]
2019-07-08 22:29:44,635 INFO  client.GrpcClientProtocolClient (GrpcClientProtocolClient.java:onNext(255)) - client-7538DDC4E776->1b229672-9fc1-42d6-9200-214eb0163fc5: receive RaftClientReply:client-7538DDC4E776->1b229672-9fc1-42d6-9200-214eb0163fc5@group-440AB812C07F, cid=1429, SUCCESS, logIndex=2022, commits[1b229672-9fc1-42d6-9200-214eb0163fc5:c2023, 4cc0758a-96f5-4ab9-816d-81d822da247a:c2021, 8693c47f-40a3-4a1c-b7ba-6ed996b9183c:c2021]
2019-07-08 22:29:44,636 INFO  client.GrpcClientProtocolClient (GrpcClientProtocolClient.java:onNext(255)) - client-7538DDC4E776->1b229672-9fc1-42d6-9200-214eb0163fc5: receive RaftClientReply:client-7538DDC4E776->1b229672-9fc1-42d6-9200-214eb0163fc5@group-440AB812C07F, cid=1430, SUCCESS, logIndex=2023, commits[1b229672-9fc1-42d6-9200-214eb0163fc5:c2023, 4cc0758a-96f5-4ab9-816d-81d822da247a:c2021, 8693c47f-40a3-4a1c-b7ba-6ed996b9183c:c2021]
2019-07-08 22:29:44,649 INFO  client.GrpcClientProtocolClient (GrpcClientProtocolClient.java:onNext(255)) - client-7538DDC4E776->1b229672-9fc1-42d6-9200-214eb0163fc5: receive RaftClientReply:client-7538DDC4E776->1b229672-9fc1-42d6-9200-214eb0163fc5@group-440AB812C07F, cid=1431, SUCCESS, logIndex=2026, commits[1b229672-9fc1-42d6-9200-214eb0163fc5:c2027, 4cc0758a-96f5-4ab9-816d-81d822da247a:c2023, 8693c47f-40a3-4a1c-b7ba-6ed996b9183c:c2023]
2019-07-08 22:29:44,649 INFO  client.GrpcClientProtocolClient (GrpcClientProtocolClient.java:onNext(255)) - client-7538DDC4E776->1b229672-9fc1-42d6-9200-214eb0163fc5: receive RaftClientReply:client-7538DDC4E776->1b229672-9fc1-42d6-9200-214eb0163fc5@group-440AB812C07F, cid=1432, SUCCESS, logIndex=2027, commits[1b229672-9fc1-42d6-9200-214eb0163fc5:c2027, 4cc0758a-96f5-4ab9-816d-81d822da247a:c2023, 8693c47f-40a3-4a1c-b7ba-6ed996b9183c:c2023]
2019-07-08 22:29:44,660 INFO  client.GrpcClientProtocolClient (GrpcClientProtocolClient.java:onNext(255)) - client-7538DDC4E776->1b229672-9fc1-42d6-9200-214eb0163fc5: receive RaftClientReply:client-7538DDC4E776->1b229672-9fc1-42d6-9200-214eb0163fc5@group-440AB812C07F, cid=1433, SUCCESS, logIndex=0, commits[1b229672-9fc1-42d6-9200-214eb0163fc5:c2028, 4cc0758a-96f5-4ab9-816d-81d822da247a:c2027, 8693c47f-40a3-4a1c-b7ba-6ed996b9183c:c2027]
2019-07-08 22:29:44,683 INFO  client.GrpcClientProtocolClient (GrpcClientProtocolClient.java:onNext(255)) - client-7538DDC4E776->1b229672-9fc1-42d6-9200-214eb0163fc5: receive RaftClientReply:client-7538DDC4E776->1b229672-9fc1-42d6-9200-214eb0163fc5@group-440AB812C07F, cid=1434, SUCCESS, logIndex=2030, commits[1b229672-9fc1-42d6-9200-214eb0163fc5:c2031, 4cc0758a-96f5-4ab9-816d-81d822da247a:c2029, 8693c47f-40a3-4a1c-b7ba-6ed996b9183c:c2027]
2019-07-08 22:29:44,683 INFO  client.GrpcClientProtocolClient (GrpcClientProtocolClient.java:onNext(255)) - client-7538DDC4E776->1b229672-9fc1-42d6-9200-214eb0163fc5: receive RaftClientReply:client-7538DDC4E776->1b229672-9fc1-42d6-9200-214eb0163fc5@group-440AB812C07F, cid=1435, SUCCESS, logIndex=2031, commits[1b229672-9fc1-42d6-9200-214eb0163fc5:c2031, 4cc0758a-96f5-4ab9-816d-81d822da247a:c2029, 8693c47f-40a3-4a1c-b7ba-6ed996b9183c:c2027]
2019-07-08 22:29:44,685 INFO  client.GrpcClientProtocolClient (GrpcClientProtocolClient.java:onNext(255)) - client-7538DDC4E776->1b229672-9fc1-42d6-9200-214eb0163fc5: receive RaftClientReply:client-7538DDC4E776->1b229672-9fc1-42d6-9200-214eb0163fc5@group-440AB812C07F, cid=1436, SUCCESS, logIndex=2032, commits[1b229672-9fc1-42d6-9200-214eb0163fc5:c2033, 4cc0758a-96f5-4ab9-816d-81d822da247a:c2029, 8693c47f-40a3-4a1c-b7ba-6ed996b9183c:c2029]
2019-07-08 22:29:44,686 INFO  client.GrpcClientProtocolClient (GrpcClientProtocolClient.java:onNext(255)) - client-7538DDC4E776->1b229672-9fc1-42d6-9200-214eb0163fc5: receive RaftClientReply:client-7538DDC4E776->1b229672-9fc1-42d6-9200-214eb0163fc5@group-440AB812C07F, cid=1437, SUCCESS, logIndex=2033, commits[1b229672-9fc1-42d6-9200-214eb0163fc5:c2033, 4cc0758a-96f5-4ab9-816d-81d822da247a:c2029, 8693c47f-40a3-4a1c-b7ba-6ed996b9183c:c2029]
2019-07-08 22:29:44,687 INFO  client.GrpcClientProtocolClient (GrpcClientProtocolClient.java:onNext(255)) - client-7538DDC4E776->1b229672-9fc1-42d6-9200-214eb0163fc5: receive RaftClientReply:client-7538DDC4E776->1b229672-9fc1-42d6-9200-214eb0163fc5@group-440AB812C07F, cid=1438, SUCCESS, logIndex=0, commits[1b229672-9fc1-42d6-9200-214eb0163fc5:c2035, 4cc0758a-96f5-4ab9-816d-81d822da247a:c2031, 8693c47f-40a3-4a1c-b7ba-6ed996b9183c:c2031]
2019-07-08 22:29:44,698 INFO  client.GrpcClientProtocolClient (GrpcClientProtocolClient.java:onNext(255)) - client-7538DDC4E776->1b229672-9fc1-42d6-9200-214eb0163fc5: receive RaftClientReply:client-7538DDC4E776->1b229672-9fc1-42d6-9200-214eb0163fc5@group-440AB812C07F, cid=1439, SUCCESS, logIndex=2038, commits[1b229672-9fc1-42d6-9200-214eb0163fc5:c2039, 4cc0758a-96f5-4ab9-816d-81d822da247a:c2037, 8693c47f-40a3-4a1c-b7ba-6ed996b9183c:c2037]
2019-07-08 22:29:44,698 INFO  client.GrpcClientProtocolClient (GrpcClientProtocolClient.java:onNext(255)) - client-7538DDC4E776->1b229672-9fc1-42d6-9200-214eb0163fc5: receive RaftClientReply:client-7538DDC4E776->1b229672-9fc1-42d6-9200-214eb0163fc5@group-440AB812C07F, cid=1440, SUCCESS, logIndex=2039, commits[1b229672-9fc1-42d6-9200-214eb0163fc5:c2039, 4cc0758a-96f5-4ab9-816d-81d822da247a:c2037, 8693c47f-40a3-4a1c-b7ba-6ed996b9183c:c2037]
2019-07-08 22:29:44,720 INFO  client.GrpcClientProtocolClient (GrpcClientProtocolClient.java:onNext(255)) - client-7538DDC4E776->1b229672-9fc1-42d6-9200-214eb0163fc5: receive RaftClientReply:client-7538DDC4E776->1b229672-9fc1-42d6-9200-214eb0163fc5@group-440AB812C07F, cid=1441, SUCCESS, logIndex=2042, commits[1b229672-9fc1-42d6-9200-214eb0163fc5:c2043, 4cc0758a-96f5-4ab9-816d-81d822da247a:c2041, 8693c47f-40a3-4a1c-b7ba-6ed996b9183c:c2041]
2019-07-08 22:29:44,720 INFO  client.GrpcClientProtocolClient (GrpcClientProtocolClient.java:onNext(255)) - client-7538DDC4E776->1b229672-9fc1-42d6-9200-214eb0163fc5: receive RaftClientReply:client-7538DDC4E776->1b229672-9fc1-42d6-9200-214eb0163fc5@group-440AB812C07F, cid=1442, SUCCESS, logIndex=2043, commits[1b229672-9fc1-42d6-9200-214eb0163fc5:c2043, 4cc0758a-96f5-4ab9-816d-81d822da247a:c2041, 8693c47f-40a3-4a1c-b7ba-6ed996b9183c:c2041]
2019-07-08 22:29:44,732 INFO  client.GrpcClientProtocolClient (GrpcClientProtocolClient.java:onNext(255)) - client-7538DDC4E776->1b229672-9fc1-42d6-9200-214eb0163fc5: receive RaftClientReply:client-7538DDC4E776->1b229672-9fc1-42d6-9200-214eb0163fc5@group-440AB812C07F, cid=1443, SUCCESS, logIndex=0, commits[1b229672-9fc1-42d6-9200-214eb0163fc5:c2045, 4cc0758a-96f5-4ab9-816d-81d822da247a:c2043, 8693c47f-40a3-4a1c-b7ba-6ed996b9183c:c2043]
2019-07-08 22:29:44,761 INFO  client.GrpcClientProtocolClient (GrpcClientProtocolClient.java:onNext(255)) - client-7538DDC4E776->1b229672-9fc1-42d6-9200-214eb0163fc5: receive RaftClientReply:client-7538DDC4E776->1b229672-9fc1-42d6-9200-214eb0163fc5@group-440AB812C07F, cid=1444, SUCCESS, logIndex=2046, commits[1b229672-9fc1-42d6-9200-214eb0163fc5:c2049, 4cc0758a-96f5-4ab9-816d-81d822da247a:c2045, 8693c47f-40a3-4a1c-b7ba-6ed996b9183c:c2045]
2019-07-08 22:29:44,762 INFO  client.GrpcClientProtocolClient (GrpcClientProtocolClient.java:onNext(255)) - client-7538DDC4E776->1b229672-9fc1-42d6-9200-214eb0163fc5: receive RaftClientReply:client-7538DDC4E776->1b229672-9fc1-42d6-9200-214eb0163fc5@group-440AB812C07F, cid=1445, SUCCESS, logIndex=2047, commits[1b229672-9fc1-42d6-9200-214eb0163fc5:c2049, 4cc0758a-96f5-4ab9-816d-81d822da247a:c2045, 8693c47f-40a3-4a1c-b7ba-6ed996b9183c:c2045]
2019-07-08 22:29:44,762 INFO  client.GrpcClientProtocolClient (GrpcClientProtocolClient.java:onNext(255)) - client-7538DDC4E776->1b229672-9fc1-42d6-9200-214eb0163fc5: receive RaftClientReply:client-7538DDC4E776->1b229672-9fc1-42d6-9200-214eb0163fc5@group-440AB812C07F, cid=1446, SUCCESS, logIndex=2048, commits[1b229672-9fc1-42d6-9200-214eb0163fc5:c2049, 4cc0758a-96f5-4ab9-816d-81d822da247a:c2045, 8693c47f-40a3-4a1c-b7ba-6ed996b9183c:c2045]
2019-07-08 22:29:44,763 INFO  client.GrpcClientProtocolClient (GrpcClientProtocolClient.java:onNext(255)) - client-7538DDC4E776->1b229672-9fc1-42d6-9200-214eb0163fc5: receive RaftClientReply:client-7538DDC4E776->1b229672-9fc1-42d6-9200-214eb0163fc5@group-440AB812C07F, cid=1447, SUCCESS, logIndex=2049, commits[1b229672-9fc1-42d6-9200-214eb0163fc5:c2049, 4cc0758a-96f5-4ab9-816d-81d822da247a:c2045, 8693c47f-40a3-4a1c-b7ba-6ed996b9183c:c2045]
2019-07-08 22:29:44,774 INFO  client.GrpcClientProtocolClient (GrpcClientProtocolClient.java:onNext(255)) - client-7538DDC4E776->1b229672-9fc1-42d6-9200-214eb0163fc5: receive RaftClientReply:client-7538DDC4E776->1b229672-9fc1-42d6-9200-214eb0163fc5@group-440AB812C07F, cid=1448, SUCCESS, logIndex=0, commits[1b229672-9fc1-42d6-9200-214eb0163fc5:c2051, 4cc0758a-96f5-4ab9-816d-81d822da247a:c2048, 8693c47f-40a3-4a1c-b7ba-6ed996b9183c:c2048]
 0.00% |█                                                                                                    |  0/1 Time: 0:00:112019-07-08 22:29:44,793 INFO  client.GrpcClientProtocolClient (GrpcClientProtocolClient.java:onNext(255)) - client-7538DDC4E776->1b229672-9fc1-42d6-9200-214eb0163fc5: receive RaftClientReply:client-7538DDC4E776->1b229672-9fc1-42d6-9200-214eb0163fc5@group-440AB812C07F, cid=1449, SUCCESS, logIndex=2054, commits[1b229672-9fc1-42d6-9200-214eb0163fc5:c2055, 4cc0758a-96f5-4ab9-816d-81d822da247a:c2053, 8693c47f-40a3-4a1c-b7ba-6ed996b9183c:c2053]
2019-07-08 22:29:44,794 INFO  client.GrpcClientProtocolClient (GrpcClientProtocolClient.java:onNext(255)) - client-7538DDC4E776->1b229672-9fc1-42d6-9200-214eb0163fc5: receive RaftClientReply:client-7538DDC4E776->1b229672-9fc1-42d6-9200-214eb0163fc5@group-440AB812C07F, cid=1450, SUCCESS, logIndex=2055, commits[1b229672-9fc1-42d6-9200-214eb0163fc5:c2055, 4cc0758a-96f5-4ab9-816d-81d822da247a:c2053, 8693c47f-40a3-4a1c-b7ba-6ed996b9183c:c2053]
2019-07-08 22:29:44,810 INFO  client.GrpcClientProtocolClient (GrpcClientProtocolClient.java:onNext(255)) - client-7538DDC4E776->1b229672-9fc1-42d6-9200-214eb0163fc5: receive RaftClientReply:client-7538DDC4E776->1b229672-9fc1-42d6-9200-214eb0163fc5@group-440AB812C07F, cid=1451, SUCCESS, logIndex=2058, commits[1b229672-9fc1-42d6-9200-214eb0163fc5:c2059, 4cc0758a-96f5-4ab9-816d-81d822da247a:c2055, 8693c47f-40a3-4a1c-b7ba-6ed996b9183c:c2055]
2019-07-08 22:29:44,810 INFO  client.GrpcClientProtocolClient (GrpcClientProtocolClient.java:onNext(255)) - client-7538DDC4E776->1b229672-9fc1-42d6-9200-214eb0163fc5: receive RaftClientReply:client-7538DDC4E776->1b229672-9fc1-42d6-9200-214eb0163fc5@group-440AB812C07F, cid=1452, SUCCESS, logIndex=2059, commits[1b229672-9fc1-42d6-9200-214eb0163fc5:c2059, 4cc0758a-96f5-4ab9-816d-81d822da247a:c2055, 8693c47f-40a3-4a1c-b7ba-6ed996b9183c:c2055]
2019-07-08 22:29:44,813 INFO  client.GrpcClientProtocolClient (GrpcClientProtocolClient.java:onNext(255)) - client-7538DDC4E776->1b229672-9fc1-42d6-9200-214eb0163fc5: receive RaftClientReply:client-7538DDC4E776->1b229672-9fc1-42d6-9200-214eb0163fc5@group-440AB812C07F, cid=1453, SUCCESS, logIndex=0, commits[1b229672-9fc1-42d6-9200-214eb0163fc5:c2061, 4cc0758a-96f5-4ab9-816d-81d822da247a:c2059, 8693c47f-40a3-4a1c-b7ba-6ed996b9183c:c2059]
2019-07-08 22:29:44,838 INFO  client.GrpcClientProtocolClient (GrpcClientProtocolClient.java:onNext(255)) - client-7538DDC4E776->1b229672-9fc1-42d6-9200-214eb0163fc5: receive RaftClientReply:client-7538DDC4E776->1b229672-9fc1-42d6-9200-214eb0163fc5@group-440AB812C07F, cid=1454, SUCCESS, logIndex=2062, commits[1b229672-9fc1-42d6-9200-214eb0163fc5:c2063, 4cc0758a-96f5-4ab9-816d-81d822da247a:c2061, 8693c47f-40a3-4a1c-b7ba-6ed996b9183c:c2061]
2019-07-08 22:29:44,839 INFO  client.GrpcClientProtocolClient (GrpcClientProtocolClient.java:onNext(255)) - client-7538DDC4E776->1b229672-9fc1-42d6-9200-214eb0163fc5: receive RaftClientReply:client-7538DDC4E776->1b229672-9fc1-42d6-9200-214eb0163fc5@group-440AB812C07F, cid=1455, SUCCESS, logIndex=2063, commits[1b229672-9fc1-42d6-9200-214eb0163fc5:c2063, 4cc0758a-96f5-4ab9-816d-81d822da247a:c2061, 8693c47f-40a3-4a1c-b7ba-6ed996b9183c:c2061]
2019-07-08 22:29:44,839 INFO  client.GrpcClientProtocolClient (GrpcClientProtocolClient.java:onNext(255)) - client-7538DDC4E776->1b229672-9fc1-42d6-9200-214eb0163fc5: receive RaftClientReply:client-7538DDC4E776->1b229672-9fc1-42d6-9200-214eb0163fc5@group-440AB812C07F, cid=1456, SUCCESS, logIndex=2064, commits[1b229672-9fc1-42d6-9200-214eb0163fc5:c2065, 4cc0758a-96f5-4ab9-816d-81d822da247a:c2061, 8693c47f-40a3-4a1c-b7ba-6ed996b9183c:c2061]
2019-07-08 22:29:44,840 INFO  client.GrpcClientProtocolClient (GrpcClientProtocolClient.java:onNext(255)) - client-7538DDC4E776->1b229672-9fc1-42d6-9200-214eb0163fc5: receive RaftClientReply:client-7538DDC4E776->1b229672-9fc1-42d6-9200-214eb0163fc5@group-440AB812C07F, cid=1457, SUCCESS, logIndex=2065, commits[1b229672-9fc1-42d6-9200-214eb0163fc5:c2065, 4cc0758a-96f5-4ab9-816d-81d822da247a:c2061, 8693c47f-40a3-4a1c-b7ba-6ed996b9183c:c2061]
2019-07-08 22:29:44,841 INFO  client.GrpcClientProtocolClient (GrpcClientProtocolClient.java:onNext(255)) - client-7538DDC4E776->1b229672-9fc1-42d6-9200-214eb0163fc5: receive RaftClientReply:client-7538DDC4E776->1b229672-9fc1-42d6-9200-214eb0163fc5@group-440AB812C07F, cid=1458, SUCCESS, logIndex=0, commits[1b229672-9fc1-42d6-9200-214eb0163fc5:c2067, 4cc0758a-96f5-4ab9-816d-81d822da247a:c2063, 8693c47f-40a3-4a1c-b7ba-6ed996b9183c:c2063]
2019-07-08 22:29:44,860 INFO  client.GrpcClientProtocolClient (GrpcClientProtocolClient.java:onNext(255)) - client-7538DDC4E776->1b229672-9fc1-42d6-9200-214eb0163fc5: receive RaftClientReply:client-7538DDC4E776->1b229672-9fc1-42d6-9200-214eb0163fc5@group-440AB812C07F, cid=1459, SUCCESS, logIndex=2070, commits[1b229672-9fc1-42d6-9200-214eb0163fc5:c2071, 4cc0758a-96f5-4ab9-816d-81d822da247a:c2069, 8693c47f-40a3-4a1c-b7ba-6ed996b9183c:c2069]
2019-07-08 22:29:44,860 INFO  client.GrpcClientProtocolClient (GrpcClientProtocolClient.java:onNext(255)) - client-7538DDC4E776->1b229672-9fc1-42d6-9200-214eb0163fc5: receive RaftClientReply:client-7538DDC4E776->1b229672-9fc1-42d6-9200-214eb0163fc5@group-440AB812C07F, cid=1460, SUCCESS, logIndex=2071, commits[1b229672-9fc1-42d6-9200-214eb0163fc5:c2071, 4cc0758a-96f5-4ab9-816d-81d822da247a:c2069, 8693c47f-40a3-4a1c-b7ba-6ed996b9183c:c2069]
2019-07-08 22:29:44,873 INFO  client.GrpcClientProtocolClient (GrpcClientProtocolClient.java:onNext(255)) - client-7538DDC4E776->1b229672-9fc1-42d6-9200-214eb0163fc5: receive RaftClientReply:client-7538DDC4E776->1b229672-9fc1-42d6-9200-214eb0163fc5@group-440AB812C07F, cid=1461, SUCCESS, logIndex=2074, commits[1b229672-9fc1-42d6-9200-214eb0163fc5:c2074, 4cc0758a-96f5-4ab9-816d-81d822da247a:c2071, 8693c47f-40a3-4a1c-b7ba-6ed996b9183c:c2071]
2019-07-08 22:29:44,874 INFO  client.GrpcClientProtocolClient (GrpcClientProtocolClient.java:onNext(255)) - client-7538DDC4E776->1b229672-9fc1-42d6-9200-214eb0163fc5: receive RaftClientReply:client-7538DDC4E776->1b229672-9fc1-42d6-9200-214eb0163fc5@group-440AB812C07F, cid=1462, SUCCESS, logIndex=2075, commits[1b229672-9fc1-42d6-9200-214eb0163fc5:c2075, 4cc0758a-96f5-4ab9-816d-81d822da247a:c2071, 8693c47f-40a3-4a1c-b7ba-6ed996b9183c:c2071]
2019-07-08 22:29:44,886 INFO  client.GrpcClientProtocolClient (GrpcClientProtocolClient.java:onNext(255)) - client-7538DDC4E776->1b229672-9fc1-42d6-9200-214eb0163fc5: receive RaftClientReply:client-7538DDC4E776->1b229672-9fc1-42d6-9200-214eb0163fc5@group-440AB812C07F, cid=1463, SUCCESS, logIndex=0, commits[1b229672-9fc1-42d6-9200-214eb0163fc5:c2077, 4cc0758a-96f5-4ab9-816d-81d822da247a:c2075, 8693c47f-40a3-4a1c-b7ba-6ed996b9183c:c2075]
2019-07-08 22:29:44,914 INFO  client.GrpcClientProtocolClient (GrpcClientProtocolClient.java:onNext(255)) - client-7538DDC4E776->1b229672-9fc1-42d6-9200-214eb0163fc5: receive RaftClientReply:client-7538DDC4E776->1b229672-9fc1-42d6-9200-214eb0163fc5@group-440AB812C07F, cid=1464, SUCCESS, logIndex=2078, commits[1b229672-9fc1-42d6-9200-214eb0163fc5:c2081, 4cc0758a-96f5-4ab9-816d-81d822da247a:c2077, 8693c47f-40a3-4a1c-b7ba-6ed996b9183c:c2077]
2019-07-08 22:29:44,915 INFO  client.GrpcClientProtocolClient (GrpcClientProtocolClient.java:onNext(255)) - client-7538DDC4E776->1b229672-9fc1-42d6-9200-214eb0163fc5: receive RaftClientReply:client-7538DDC4E776->1b229672-9fc1-42d6-9200-214eb0163fc5@group-440AB812C07F, cid=1465, SUCCESS, logIndex=2079, commits[1b229672-9fc1-42d6-9200-214eb0163fc5:c2081, 4cc0758a-96f5-4ab9-816d-81d822da247a:c2077, 8693c47f-40a3-4a1c-b7ba-6ed996b9183c:c2077]
2019-07-08 22:29:44,915 INFO  client.GrpcClientProtocolClient (GrpcClientProtocolClient.java:onNext(255)) - client-7538DDC4E776->1b229672-9fc1-42d6-9200-214eb0163fc5: receive RaftClientReply:client-7538DDC4E776->1b229672-9fc1-42d6-9200-214eb0163fc5@group-440AB812C07F, cid=1466, SUCCESS, logIndex=2080, commits[1b229672-9fc1-42d6-9200-214eb0163fc5:c2081, 4cc0758a-96f5-4ab9-816d-81d822da247a:c2077, 8693c47f-40a3-4a1c-b7ba-6ed996b9183c:c2077]
2019-07-08 22:29:44,915 INFO  client.GrpcClientProtocolClient (GrpcClientProtocolClient.java:onNext(255)) - client-7538DDC4E776->1b229672-9fc1-42d6-9200-214eb0163fc5: receive RaftClientReply:client-7538DDC4E776->1b229672-9fc1-42d6-9200-214eb0163fc5@group-440AB812C07F, cid=1467, SUCCESS, logIndex=2081, commits[1b229672-9fc1-42d6-9200-214eb0163fc5:c2081, 4cc0758a-96f5-4ab9-816d-81d822da247a:c2077, 8693c47f-40a3-4a1c-b7ba-6ed996b9183c:c2077]
2019-07-08 22:29:44,926 INFO  client.GrpcClientProtocolClient (GrpcClientProtocolClient.java:onNext(255)) - client-7538DDC4E776->1b229672-9fc1-42d6-9200-214eb0163fc5: receive RaftClientReply:client-7538DDC4E776->1b229672-9fc1-42d6-9200-214eb0163fc5@group-440AB812C07F, cid=1468, SUCCESS, logIndex=0, commits[1b229672-9fc1-42d6-9200-214eb0163fc5:c2082, 4cc0758a-96f5-4ab9-816d-81d822da247a:c2079, 8693c47f-40a3-4a1c-b7ba-6ed996b9183c:c2079]
2019-07-08 22:29:44,937 INFO  client.GrpcClientProtocolClient (GrpcClientProtocolClient.java:onNext(255)) - client-7538DDC4E776->1b229672-9fc1-42d6-9200-214eb0163fc5: receive RaftClientReply:client-7538DDC4E776->1b229672-9fc1-42d6-9200-214eb0163fc5@group-440AB812C07F, cid=1469, SUCCESS, logIndex=2086, commits[1b229672-9fc1-42d6-9200-214eb0163fc5:c2087, 4cc0758a-96f5-4ab9-816d-81d822da247a:c2085, 8693c47f-40a3-4a1c-b7ba-6ed996b9183c:c2085]
2019-07-08 22:29:44,938 INFO  client.GrpcClientProtocolClient (GrpcClientProtocolClient.java:onNext(255)) - client-7538DDC4E776->1b229672-9fc1-42d6-9200-214eb0163fc5: receive RaftClientReply:client-7538DDC4E776->1b229672-9fc1-42d6-9200-214eb0163fc5@group-440AB812C07F, cid=1470, SUCCESS, logIndex=2087, commits[1b229672-9fc1-42d6-9200-214eb0163fc5:c2087, 4cc0758a-96f5-4ab9-816d-81d822da247a:c2085, 8693c47f-40a3-4a1c-b7ba-6ed996b9183c:c2085]
2019-07-08 22:29:44,949 INFO  client.GrpcClientProtocolClient (GrpcClientProtocolClient.java:onNext(255)) - client-7538DDC4E776->1b229672-9fc1-42d6-9200-214eb0163fc5: receive RaftClientReply:client-7538DDC4E776->1b229672-9fc1-42d6-9200-214eb0163fc5@group-440AB812C07F, cid=1471, SUCCESS, logIndex=2090, commits[1b229672-9fc1-42d6-9200-214eb0163fc5:c2091, 4cc0758a-96f5-4ab9-816d-81d822da247a:c2089, 8693c47f-40a3-4a1c-b7ba-6ed996b9183c:c2087]
2019-07-08 22:29:44,949 INFO  client.GrpcClientProtocolClient (GrpcClientProtocolClient.java:onNext(255)) - client-7538DDC4E776->1b229672-9fc1-42d6-9200-214eb0163fc5: receive RaftClientReply:client-7538DDC4E776->1b229672-9fc1-42d6-9200-214eb0163fc5@group-440AB812C07F, cid=1472, SUCCESS, logIndex=2091, commits[1b229672-9fc1-42d6-9200-214eb0163fc5:c2091, 4cc0758a-96f5-4ab9-816d-81d822da247a:c2089, 8693c47f-40a3-4a1c-b7ba-6ed996b9183c:c2089]
2019-07-08 22:29:44,950 INFO  client.GrpcClientProtocolClient (GrpcClientProtocolClient.java:onNext(255)) - client-7538DDC4E776->1b229672-9fc1-42d6-9200-214eb0163fc5: receive RaftClientReply:client-7538DDC4E776->1b229672-9fc1-42d6-9200-214eb0163fc5@group-440AB812C07F, cid=1473, SUCCESS, logIndex=0, commits[1b229672-9fc1-42d6-9200-214eb0163fc5:c2092, 4cc0758a-96f5-4ab9-816d-81d822da247a:c2091, 8693c47f-40a3-4a1c-b7ba-6ed996b9183c:c2091]
2019-07-08 22:29:44,987 INFO  client.GrpcClientProtocolClient (GrpcClientProtocolClient.java:onNext(255)) - client-7538DDC4E776->1b229672-9fc1-42d6-9200-214eb0163fc5: receive RaftClientReply:client-7538DDC4E776->1b229672-9fc1-42d6-9200-214eb0163fc5@group-440AB812C07F, cid=1474, SUCCESS, logIndex=2094, commits[1b229672-9fc1-42d6-9200-214eb0163fc5:c2095, 4cc0758a-96f5-4ab9-816d-81d822da247a:c2093, 8693c47f-40a3-4a1c-b7ba-6ed996b9183c:c2093]
2019-07-08 22:29:44,988 INFO  client.GrpcClientProtocolClient (GrpcClientProtocolClient.java:onNext(255)) - client-7538DDC4E776->1b229672-9fc1-42d6-9200-214eb0163fc5: receive RaftClientReply:client-7538DDC4E776->1b229672-9fc1-42d6-9200-214eb0163fc5@group-440AB812C07F, cid=1475, SUCCESS, logIndex=2095, commits[1b229672-9fc1-42d6-9200-214eb0163fc5:c2095, 4cc0758a-96f5-4ab9-816d-81d822da247a:c2093, 8693c47f-40a3-4a1c-b7ba-6ed996b9183c:c2093]
2019-07-08 22:29:44,988 INFO  client.GrpcClientProtocolClient (GrpcClientProtocolClient.java:onNext(255)) - client-7538DDC4E776->1b229672-9fc1-42d6-9200-214eb0163fc5: receive RaftClientReply:client-7538DDC4E776->1b229672-9fc1-42d6-9200-214eb0163fc5@group-440AB812C07F, cid=1476, SUCCESS, logIndex=2096, commits[1b229672-9fc1-42d6-9200-214eb0163fc5:c2097, 4cc0758a-96f5-4ab9-816d-81d822da247a:c2093, 8693c47f-40a3-4a1c-b7ba-6ed996b9183c:c2093]
2019-07-08 22:29:44,989 INFO  client.GrpcClientProtocolClient (GrpcClientProtocolClient.java:onNext(255)) - client-7538DDC4E776->1b229672-9fc1-42d6-9200-214eb0163fc5: receive RaftClientReply:client-7538DDC4E776->1b229672-9fc1-42d6-9200-214eb0163fc5@group-440AB812C07F, cid=1477, SUCCESS, logIndex=2097, commits[1b229672-9fc1-42d6-9200-214eb0163fc5:c2097, 4cc0758a-96f5-4ab9-816d-81d822da247a:c2093, 8693c47f-40a3-4a1c-b7ba-6ed996b9183c:c2093]
2019-07-08 22:29:44,990 INFO  client.GrpcClientProtocolClient (GrpcClientProtocolClient.java:onNext(255)) - client-7538DDC4E776->1b229672-9fc1-42d6-9200-214eb0163fc5: receive RaftClientReply:client-7538DDC4E776->1b229672-9fc1-42d6-9200-214eb0163fc5@group-440AB812C07F, cid=1478, SUCCESS, logIndex=0, commits[1b229672-9fc1-42d6-9200-214eb0163fc5:c2099, 4cc0758a-96f5-4ab9-816d-81d822da247a:c2095, 8693c47f-40a3-4a1c-b7ba-6ed996b9183c:c2095]
2019-07-08 22:29:45,097 INFO  client.GrpcClientProtocolClient (GrpcClientProtocolClient.java:onNext(255)) - client-7538DDC4E776->1b229672-9fc1-42d6-9200-214eb0163fc5: receive RaftClientReply:client-7538DDC4E776->1b229672-9fc1-42d6-9200-214eb0163fc5@group-440AB812C07F, cid=1479, SUCCESS, logIndex=2102, commits[1b229672-9fc1-42d6-9200-214eb0163fc5:c2103, 4cc0758a-96f5-4ab9-816d-81d822da247a:c2101, 8693c47f-40a3-4a1c-b7ba-6ed996b9183c:c2101]
2019-07-08 22:29:45,098 INFO  client.GrpcClientProtocolClient (GrpcClientProtocolClient.java:onNext(255)) - client-7538DDC4E776->1b229672-9fc1-42d6-9200-214eb0163fc5: receive RaftClientReply:client-7538DDC4E776->1b229672-9fc1-42d6-9200-214eb0163fc5@group-440AB812C07F, cid=1480, SUCCESS, logIndex=2103, commits[1b229672-9fc1-42d6-9200-214eb0163fc5:c2103, 4cc0758a-96f5-4ab9-816d-81d822da247a:c2101, 8693c47f-40a3-4a1c-b7ba-6ed996b9183c:c2101]
2019-07-08 22:29:45,111 INFO  client.GrpcClientProtocolClient (GrpcClientProtocolClient.java:onNext(255)) - client-7538DDC4E776->1b229672-9fc1-42d6-9200-214eb0163fc5: receive RaftClientReply:client-7538DDC4E776->1b229672-9fc1-42d6-9200-214eb0163fc5@group-440AB812C07F, cid=1481, SUCCESS, logIndex=2106, commits[1b229672-9fc1-42d6-9200-214eb0163fc5:c2106, 4cc0758a-96f5-4ab9-816d-81d822da247a:c2103, 8693c47f-40a3-4a1c-b7ba-6ed996b9183c:c2103]
2019-07-08 22:29:45,111 INFO  client.GrpcClientProtocolClient (GrpcClientProtocolClient.java:onNext(255)) - client-7538DDC4E776->1b229672-9fc1-42d6-9200-214eb0163fc5: receive RaftClientReply:client-7538DDC4E776->1b229672-9fc1-42d6-9200-214eb0163fc5@group-440AB812C07F, cid=1482, SUCCESS, logIndex=2107, commits[1b229672-9fc1-42d6-9200-214eb0163fc5:c2107, 4cc0758a-96f5-4ab9-816d-81d822da247a:c2103, 8693c47f-40a3-4a1c-b7ba-6ed996b9183c:c2103]
2019-07-08 22:29:45,124 INFO  client.GrpcClientProtocolClient (GrpcClientProtocolClient.java:onNext(255)) - client-7538DDC4E776->1b229672-9fc1-42d6-9200-214eb0163fc5: receive RaftClientReply:client-7538DDC4E776->1b229672-9fc1-42d6-9200-214eb0163fc5@group-440AB812C07F, cid=1483, SUCCESS, logIndex=0, commits[1b229672-9fc1-42d6-9200-214eb0163fc5:c2109, 4cc0758a-96f5-4ab9-816d-81d822da247a:c2107, 8693c47f-40a3-4a1c-b7ba-6ed996b9183c:c2107]
2019-07-08 22:29:45,155 INFO  client.GrpcClientProtocolClient (GrpcClientProtocolClient.java:onNext(255)) - client-7538DDC4E776->1b229672-9fc1-42d6-9200-214eb0163fc5: receive RaftClientReply:client-7538DDC4E776->1b229672-9fc1-42d6-9200-214eb0163fc5@group-440AB812C07F, cid=1484, SUCCESS, logIndex=2110, commits[1b229672-9fc1-42d6-9200-214eb0163fc5:c2112, 4cc0758a-96f5-4ab9-816d-81d822da247a:c2109, 8693c47f-40a3-4a1c-b7ba-6ed996b9183c:c2109]
2019-07-08 22:29:45,155 INFO  client.GrpcClientProtocolClient (GrpcClientProtocolClient.java:onNext(255)) - client-7538DDC4E776->1b229672-9fc1-42d6-9200-214eb0163fc5: receive RaftClientReply:client-7538DDC4E776->1b229672-9fc1-42d6-9200-214eb0163fc5@group-440AB812C07F, cid=1485, SUCCESS, logIndex=2111, commits[1b229672-9fc1-42d6-9200-214eb0163fc5:c2113, 4cc0758a-96f5-4ab9-816d-81d822da247a:c2109, 8693c47f-40a3-4a1c-b7ba-6ed996b9183c:c2109]
2019-07-08 22:29:45,156 INFO  client.GrpcClientProtocolClient (GrpcClientProtocolClient.java:onNext(255)) - client-7538DDC4E776->1b229672-9fc1-42d6-9200-214eb0163fc5: receive RaftClientReply:client-7538DDC4E776->1b229672-9fc1-42d6-9200-214eb0163fc5@group-440AB812C07F, cid=1486, SUCCESS, logIndex=2112, commits[1b229672-9fc1-42d6-9200-214eb0163fc5:c2113, 4cc0758a-96f5-4ab9-816d-81d822da247a:c2109, 8693c47f-40a3-4a1c-b7ba-6ed996b9183c:c2109]
2019-07-08 22:29:45,156 INFO  client.GrpcClientProtocolClient (GrpcClientProtocolClient.java:onNext(255)) - client-7538DDC4E776->1b229672-9fc1-42d6-9200-214eb0163fc5: receive RaftClientReply:client-7538DDC4E776->1b229672-9fc1-42d6-9200-214eb0163fc5@group-440AB812C07F, cid=1487, SUCCESS, logIndex=2113, commits[1b229672-9fc1-42d6-9200-214eb0163fc5:c2113, 4cc0758a-96f5-4ab9-816d-81d822da247a:c2109, 8693c47f-40a3-4a1c-b7ba-6ed996b9183c:c2109]
2019-07-08 22:29:45,167 INFO  client.GrpcClientProtocolClient (GrpcClientProtocolClient.java:onNext(255)) - client-7538DDC4E776->1b229672-9fc1-42d6-9200-214eb0163fc5: receive RaftClientReply:client-7538DDC4E776->1b229672-9fc1-42d6-9200-214eb0163fc5@group-440AB812C07F, cid=1488, SUCCESS, logIndex=0, commits[1b229672-9fc1-42d6-9200-214eb0163fc5:c2114, 4cc0758a-96f5-4ab9-816d-81d822da247a:c2111, 8693c47f-40a3-4a1c-b7ba-6ed996b9183c:c2111]
2019-07-08 22:29:45,186 INFO  client.GrpcClientProtocolClient (GrpcClientProtocolClient.java:onNext(255)) - client-7538DDC4E776->1b229672-9fc1-42d6-9200-214eb0163fc5: receive RaftClientReply:client-7538DDC4E776->1b229672-9fc1-42d6-9200-214eb0163fc5@group-440AB812C07F, cid=1489, SUCCESS, logIndex=2118, commits[1b229672-9fc1-42d6-9200-214eb0163fc5:c2119, 4cc0758a-96f5-4ab9-816d-81d822da247a:c2117, 8693c47f-40a3-4a1c-b7ba-6ed996b9183c:c2117]
2019-07-08 22:29:45,187 INFO  client.GrpcClientProtocolClient (GrpcClientProtocolClient.java:onNext(255)) - client-7538DDC4E776->1b229672-9fc1-42d6-9200-214eb0163fc5: receive RaftClientReply:client-7538DDC4E776->1b229672-9fc1-42d6-9200-214eb0163fc5@group-440AB812C07F, cid=1490, SUCCESS, logIndex=2119, commits[1b229672-9fc1-42d6-9200-214eb0163fc5:c2119, 4cc0758a-96f5-4ab9-816d-81d822da247a:c2117, 8693c47f-40a3-4a1c-b7ba-6ed996b9183c:c2117]
2019-07-08 22:29:45,200 INFO  client.GrpcClientProtocolClient (GrpcClientProtocolClient.java:onNext(255)) - client-7538DDC4E776->1b229672-9fc1-42d6-9200-214eb0163fc5: receive RaftClientReply:client-7538DDC4E776->1b229672-9fc1-42d6-9200-214eb0163fc5@group-440AB812C07F, cid=1491, SUCCESS, logIndex=2122, commits[1b229672-9fc1-42d6-9200-214eb0163fc5:c2123, 4cc0758a-96f5-4ab9-816d-81d822da247a:c2119, 8693c47f-40a3-4a1c-b7ba-6ed996b9183c:c2119]
2019-07-08 22:29:45,200 INFO  client.GrpcClientProtocolClient (GrpcClientProtocolClient.java:onNext(255)) - client-7538DDC4E776->1b229672-9fc1-42d6-9200-214eb0163fc5: receive RaftClientReply:client-7538DDC4E776->1b229672-9fc1-42d6-9200-214eb0163fc5@group-440AB812C07F, cid=1492, SUCCESS, logIndex=2123, commits[1b229672-9fc1-42d6-9200-214eb0163fc5:c2123, 4cc0758a-96f5-4ab9-816d-81d822da247a:c2119, 8693c47f-40a3-4a1c-b7ba-6ed996b9183c:c2119]
2019-07-08 22:29:45,213 INFO  client.GrpcClientProtocolClient (GrpcClientProtocolClient.java:onNext(255)) - client-7538DDC4E776->1b229672-9fc1-42d6-9200-214eb0163fc5: receive RaftClientReply:client-7538DDC4E776->1b229672-9fc1-42d6-9200-214eb0163fc5@group-440AB812C07F, cid=1493, SUCCESS, logIndex=0, commits[1b229672-9fc1-42d6-9200-214eb0163fc5:c2125, 4cc0758a-96f5-4ab9-816d-81d822da247a:c2123, 8693c47f-40a3-4a1c-b7ba-6ed996b9183c:c2123]
2019-07-08 22:29:45,236 INFO  client.GrpcClientProtocolClient (GrpcClientProtocolClient.java:onNext(255)) - client-7538DDC4E776->1b229672-9fc1-42d6-9200-214eb0163fc5: receive RaftClientReply:client-7538DDC4E776->1b229672-9fc1-42d6-9200-214eb0163fc5@group-440AB812C07F, cid=1494, SUCCESS, logIndex=2126, commits[1b229672-9fc1-42d6-9200-214eb0163fc5:c2128, 4cc0758a-96f5-4ab9-816d-81d822da247a:c2125, 8693c47f-40a3-4a1c-b7ba-6ed996b9183c:c2125]
2019-07-08 22:29:45,237 INFO  client.GrpcClientProtocolClient (GrpcClientProtocolClient.java:onNext(255)) - client-7538DDC4E776->1b229672-9fc1-42d6-9200-214eb0163fc5: receive RaftClientReply:client-7538DDC4E776->1b229672-9fc1-42d6-9200-214eb0163fc5@group-440AB812C07F, cid=1495, SUCCESS, logIndex=2127, commits[1b229672-9fc1-42d6-9200-214eb0163fc5:c2129, 4cc0758a-96f5-4ab9-816d-81d822da247a:c2125, 8693c47f-40a3-4a1c-b7ba-6ed996b9183c:c2125]
2019-07-08 22:29:45,237 INFO  client.GrpcClientProtocolClient (GrpcClientProtocolClient.java:onNext(255)) - client-7538DDC4E776->1b229672-9fc1-42d6-9200-214eb0163fc5: receive RaftClientReply:client-7538DDC4E776->1b229672-9fc1-42d6-9200-214eb0163fc5@group-440AB812C07F, cid=1496, SUCCESS, logIndex=2128, commits[1b229672-9fc1-42d6-9200-214eb0163fc5:c2130, 4cc0758a-96f5-4ab9-816d-81d822da247a:c2126, 8693c47f-40a3-4a1c-b7ba-6ed996b9183c:c2127]
2019-07-08 22:29:45,238 INFO  client.GrpcClientProtocolClient (GrpcClientProtocolClient.java:onNext(255)) - client-7538DDC4E776->1b229672-9fc1-42d6-9200-214eb0163fc5: receive RaftClientReply:client-7538DDC4E776->1b229672-9fc1-42d6-9200-214eb0163fc5@group-440AB812C07F, cid=1497, SUCCESS, logIndex=2129, commits[1b229672-9fc1-42d6-9200-214eb0163fc5:c2130, 4cc0758a-96f5-4ab9-816d-81d822da247a:c2126, 8693c47f-40a3-4a1c-b7ba-6ed996b9183c:c2127]
2019-07-08 22:29:45,239 INFO  client.GrpcClientProtocolClient (GrpcClientProtocolClient.java:onNext(255)) - client-7538DDC4E776->1b229672-9fc1-42d6-9200-214eb0163fc5: receive RaftClientReply:client-7538DDC4E776->1b229672-9fc1-42d6-9200-214eb0163fc5@group-440AB812C07F, cid=1498, SUCCESS, logIndex=0, commits[1b229672-9fc1-42d6-9200-214eb0163fc5:c2132, 4cc0758a-96f5-4ab9-816d-81d822da247a:c2128, 8693c47f-40a3-4a1c-b7ba-6ed996b9183c:c2128]
2019-07-08 22:29:45,258 INFO  client.GrpcClientProtocolClient (GrpcClientProtocolClient.java:onNext(255)) - client-7538DDC4E776->1b229672-9fc1-42d6-9200-214eb0163fc5: receive RaftClientReply:client-7538DDC4E776->1b229672-9fc1-42d6-9200-214eb0163fc5@group-440AB812C07F, cid=1499, SUCCESS, logIndex=2134, commits[1b229672-9fc1-42d6-9200-214eb0163fc5:c2135, 4cc0758a-96f5-4ab9-816d-81d822da247a:c2133, 8693c47f-40a3-4a1c-b7ba-6ed996b9183c:c2133]
2019-07-08 22:29:45,258 INFO  client.GrpcClientProtocolClient (GrpcClientProtocolClient.java:onNext(255)) - client-7538DDC4E776->1b229672-9fc1-42d6-9200-214eb0163fc5: receive RaftClientReply:client-7538DDC4E776->1b229672-9fc1-42d6-9200-214eb0163fc5@group-440AB812C07F, cid=1500, SUCCESS, logIndex=2135, commits[1b229672-9fc1-42d6-9200-214eb0163fc5:c2135, 4cc0758a-96f5-4ab9-816d-81d822da247a:c2133, 8693c47f-40a3-4a1c-b7ba-6ed996b9183c:c2133]
2019-07-08 22:29:45,271 INFO  client.GrpcClientProtocolClient (GrpcClientProtocolClient.java:onNext(255)) - client-7538DDC4E776->1b229672-9fc1-42d6-9200-214eb0163fc5: receive RaftClientReply:client-7538DDC4E776->1b229672-9fc1-42d6-9200-214eb0163fc5@group-440AB812C07F, cid=1501, SUCCESS, logIndex=2138, commits[1b229672-9fc1-42d6-9200-214eb0163fc5:c2139, 4cc0758a-96f5-4ab9-816d-81d822da247a:c2135, 8693c47f-40a3-4a1c-b7ba-6ed996b9183c:c2135]
2019-07-08 22:29:45,272 INFO  client.GrpcClientProtocolClient (GrpcClientProtocolClient.java:onNext(255)) - client-7538DDC4E776->1b229672-9fc1-42d6-9200-214eb0163fc5: receive RaftClientReply:client-7538DDC4E776->1b229672-9fc1-42d6-9200-214eb0163fc5@group-440AB812C07F, cid=1502, SUCCESS, logIndex=2139, commits[1b229672-9fc1-42d6-9200-214eb0163fc5:c2139, 4cc0758a-96f5-4ab9-816d-81d822da247a:c2135, 8693c47f-40a3-4a1c-b7ba-6ed996b9183c:c2135]
2019-07-08 22:29:45,284 INFO  client.GrpcClientProtocolClient (GrpcClientProtocolClient.java:onNext(255)) - client-7538DDC4E776->1b229672-9fc1-42d6-9200-214eb0163fc5: receive RaftClientReply:client-7538DDC4E776->1b229672-9fc1-42d6-9200-214eb0163fc5@group-440AB812C07F, cid=1503, SUCCESS, logIndex=0, commits[1b229672-9fc1-42d6-9200-214eb0163fc5:c2141, 4cc0758a-96f5-4ab9-816d-81d822da247a:c2139, 8693c47f-40a3-4a1c-b7ba-6ed996b9183c:c2139]
2019-07-08 22:29:45,318 INFO  client.GrpcClientProtocolClient (GrpcClientProtocolClient.java:onNext(255)) - client-7538DDC4E776->1b229672-9fc1-42d6-9200-214eb0163fc5: receive RaftClientReply:client-7538DDC4E776->1b229672-9fc1-42d6-9200-214eb0163fc5@group-440AB812C07F, cid=1504, SUCCESS, logIndex=2142, commits[1b229672-9fc1-42d6-9200-214eb0163fc5:c2145, 4cc0758a-96f5-4ab9-816d-81d822da247a:c2141, 8693c47f-40a3-4a1c-b7ba-6ed996b9183c:c2141]
2019-07-08 22:29:45,318 INFO  client.GrpcClientProtocolClient (GrpcClientProtocolClient.java:onNext(255)) - client-7538DDC4E776->1b229672-9fc1-42d6-9200-214eb0163fc5: receive RaftClientReply:client-7538DDC4E776->1b229672-9fc1-42d6-9200-214eb0163fc5@group-440AB812C07F, cid=1505, SUCCESS, logIndex=2143, commits[1b229672-9fc1-42d6-9200-214eb0163fc5:c2145, 4cc0758a-96f5-4ab9-816d-81d822da247a:c2141, 8693c47f-40a3-4a1c-b7ba-6ed996b9183c:c2141]
2019-07-08 22:29:45,319 INFO  client.GrpcClientProtocolClient (GrpcClientProtocolClient.java:onNext(255)) - client-7538DDC4E776->1b229672-9fc1-42d6-9200-214eb0163fc5: receive RaftClientReply:client-7538DDC4E776->1b229672-9fc1-42d6-9200-214eb0163fc5@group-440AB812C07F, cid=1506, SUCCESS, logIndex=2144, commits[1b229672-9fc1-42d6-9200-214eb0163fc5:c2145, 4cc0758a-96f5-4ab9-816d-81d822da247a:c2141, 8693c47f-40a3-4a1c-b7ba-6ed996b9183c:c2141]
2019-07-08 22:29:45,319 INFO  client.GrpcClientProtocolClient (GrpcClientProtocolClient.java:onNext(255)) - client-7538DDC4E776->1b229672-9fc1-42d6-9200-214eb0163fc5: receive RaftClientReply:client-7538DDC4E776->1b229672-9fc1-42d6-9200-214eb0163fc5@group-440AB812C07F, cid=1507, SUCCESS, logIndex=2145, commits[1b229672-9fc1-42d6-9200-214eb0163fc5:c2145, 4cc0758a-96f5-4ab9-816d-81d822da247a:c2141, 8693c47f-40a3-4a1c-b7ba-6ed996b9183c:c2141]
2019-07-08 22:29:45,331 INFO  client.GrpcClientProtocolClient (GrpcClientProtocolClient.java:onNext(255)) - client-7538DDC4E776->1b229672-9fc1-42d6-9200-214eb0163fc5: receive RaftClientReply:client-7538DDC4E776->1b229672-9fc1-42d6-9200-214eb0163fc5@group-440AB812C07F, cid=1508, SUCCESS, logIndex=0, commits[1b229672-9fc1-42d6-9200-214eb0163fc5:c2148, 4cc0758a-96f5-4ab9-816d-81d822da247a:c2145, 8693c47f-40a3-4a1c-b7ba-6ed996b9183c:c2143]
2019-07-08 22:29:45,351 INFO  client.GrpcClientProtocolClient (GrpcClientProtocolClient.java:onNext(255)) - client-7538DDC4E776->1b229672-9fc1-42d6-9200-214eb0163fc5: receive RaftClientReply:client-7538DDC4E776->1b229672-9fc1-42d6-9200-214eb0163fc5@group-440AB812C07F, cid=1509, SUCCESS, logIndex=2150, commits[1b229672-9fc1-42d6-9200-214eb0163fc5:c2151, 4cc0758a-96f5-4ab9-816d-81d822da247a:c2149, 8693c47f-40a3-4a1c-b7ba-6ed996b9183c:c2149]
2019-07-08 22:29:45,351 INFO  client.GrpcClientProtocolClient (GrpcClientProtocolClient.java:onNext(255)) - client-7538DDC4E776->1b229672-9fc1-42d6-9200-214eb0163fc5: receive RaftClientReply:client-7538DDC4E776->1b229672-9fc1-42d6-9200-214eb0163fc5@group-440AB812C07F, cid=1510, SUCCESS, logIndex=2151, commits[1b229672-9fc1-42d6-9200-214eb0163fc5:c2151, 4cc0758a-96f5-4ab9-816d-81d822da247a:c2149, 8693c47f-40a3-4a1c-b7ba-6ed996b9183c:c2149]
2019-07-08 22:29:45,364 INFO  client.GrpcClientProtocolClient (GrpcClientProtocolClient.java:onNext(255)) - client-7538DDC4E776->1b229672-9fc1-42d6-9200-214eb0163fc5: receive RaftClientReply:client-7538DDC4E776->1b229672-9fc1-42d6-9200-214eb0163fc5@group-440AB812C07F, cid=1511, SUCCESS, logIndex=2154, commits[1b229672-9fc1-42d6-9200-214eb0163fc5:c2155, 4cc0758a-96f5-4ab9-816d-81d822da247a:c2151, 8693c47f-40a3-4a1c-b7ba-6ed996b9183c:c2151]
2019-07-08 22:29:45,364 INFO  client.GrpcClientProtocolClient (GrpcClientProtocolClient.java:onNext(255)) - client-7538DDC4E776->1b229672-9fc1-42d6-9200-214eb0163fc5: receive RaftClientReply:client-7538DDC4E776->1b229672-9fc1-42d6-9200-214eb0163fc5@group-440AB812C07F, cid=1512, SUCCESS, logIndex=2155, commits[1b229672-9fc1-42d6-9200-214eb0163fc5:c2155, 4cc0758a-96f5-4ab9-816d-81d822da247a:c2151, 8693c47f-40a3-4a1c-b7ba-6ed996b9183c:c2151]
2019-07-08 22:29:45,376 INFO  client.GrpcClientProtocolClient (GrpcClientProtocolClient.java:onNext(255)) - client-7538DDC4E776->1b229672-9fc1-42d6-9200-214eb0163fc5: receive RaftClientReply:client-7538DDC4E776->1b229672-9fc1-42d6-9200-214eb0163fc5@group-440AB812C07F, cid=1513, SUCCESS, logIndex=0, commits[1b229672-9fc1-42d6-9200-214eb0163fc5:c2156, 4cc0758a-96f5-4ab9-816d-81d822da247a:c2155, 8693c47f-40a3-4a1c-b7ba-6ed996b9183c:c2155]
2019-07-08 22:29:45,401 INFO  client.GrpcClientProtocolClient (GrpcClientProtocolClient.java:onNext(255)) - client-7538DDC4E776->1b229672-9fc1-42d6-9200-214eb0163fc5: receive RaftClientReply:client-7538DDC4E776->1b229672-9fc1-42d6-9200-214eb0163fc5@group-440AB812C07F, cid=1514, SUCCESS, logIndex=2158, commits[1b229672-9fc1-42d6-9200-214eb0163fc5:c2160, 4cc0758a-96f5-4ab9-816d-81d822da247a:c2157, 8693c47f-40a3-4a1c-b7ba-6ed996b9183c:c2157]
2019-07-08 22:29:45,401 INFO  client.GrpcClientProtocolClient (GrpcClientProtocolClient.java:onNext(255)) - client-7538DDC4E776->1b229672-9fc1-42d6-9200-214eb0163fc5: receive RaftClientReply:client-7538DDC4E776->1b229672-9fc1-42d6-9200-214eb0163fc5@group-440AB812C07F, cid=1515, SUCCESS, logIndex=2159, commits[1b229672-9fc1-42d6-9200-214eb0163fc5:c2161, 4cc0758a-96f5-4ab9-816d-81d822da247a:c2157, 8693c47f-40a3-4a1c-b7ba-6ed996b9183c:c2157]
2019-07-08 22:29:45,402 INFO  client.GrpcClientProtocolClient (GrpcClientProtocolClient.java:onNext(255)) - client-7538DDC4E776->1b229672-9fc1-42d6-9200-214eb0163fc5: receive RaftClientReply:client-7538DDC4E776->1b229672-9fc1-42d6-9200-214eb0163fc5@group-440AB812C07F, cid=1516, SUCCESS, logIndex=2160, commits[1b229672-9fc1-42d6-9200-214eb0163fc5:c2161, 4cc0758a-96f5-4ab9-816d-81d822da247a:c2157, 8693c47f-40a3-4a1c-b7ba-6ed996b9183c:c2157]
2019-07-08 22:29:45,402 INFO  client.GrpcClientProtocolClient (GrpcClientProtocolClient.java:onNext(255)) - client-7538DDC4E776->1b229672-9fc1-42d6-9200-214eb0163fc5: receive RaftClientReply:client-7538DDC4E776->1b229672-9fc1-42d6-9200-214eb0163fc5@group-440AB812C07F, cid=1517, SUCCESS, logIndex=2161, commits[1b229672-9fc1-42d6-9200-214eb0163fc5:c2161, 4cc0758a-96f5-4ab9-816d-81d822da247a:c2157, 8693c47f-40a3-4a1c-b7ba-6ed996b9183c:c2157]
2019-07-08 22:29:45,404 INFO  client.GrpcClientProtocolClient (GrpcClientProtocolClient.java:onNext(255)) - client-7538DDC4E776->1b229672-9fc1-42d6-9200-214eb0163fc5: receive RaftClientReply:client-7538DDC4E776->1b229672-9fc1-42d6-9200-214eb0163fc5@group-440AB812C07F, cid=1518, SUCCESS, logIndex=0, commits[1b229672-9fc1-42d6-9200-214eb0163fc5:c2165, 4cc0758a-96f5-4ab9-816d-81d822da247a:c2159, 8693c47f-40a3-4a1c-b7ba-6ed996b9183c:c2161]
2019-07-08 22:29:45,424 INFO  client.GrpcClientProtocolClient (GrpcClientProtocolClient.java:onNext(255)) - client-7538DDC4E776->1b229672-9fc1-42d6-9200-214eb0163fc5: receive RaftClientReply:client-7538DDC4E776->1b229672-9fc1-42d6-9200-214eb0163fc5@group-440AB812C07F, cid=1519, SUCCESS, logIndex=2166, commits[1b229672-9fc1-42d6-9200-214eb0163fc5:c2167, 4cc0758a-96f5-4ab9-816d-81d822da247a:c2165, 8693c47f-40a3-4a1c-b7ba-6ed996b9183c:c2165]
2019-07-08 22:29:45,424 INFO  client.GrpcClientProtocolClient (GrpcClientProtocolClient.java:onNext(255)) - client-7538DDC4E776->1b229672-9fc1-42d6-9200-214eb0163fc5: receive RaftClientReply:client-7538DDC4E776->1b229672-9fc1-42d6-9200-214eb0163fc5@group-440AB812C07F, cid=1520, SUCCESS, logIndex=2167, commits[1b229672-9fc1-42d6-9200-214eb0163fc5:c2167, 4cc0758a-96f5-4ab9-816d-81d822da247a:c2165, 8693c47f-40a3-4a1c-b7ba-6ed996b9183c:c2165]
2019-07-08 22:29:45,434 INFO  client.GrpcClientProtocolClient (GrpcClientProtocolClient.java:onNext(255)) - client-7538DDC4E776->1b229672-9fc1-42d6-9200-214eb0163fc5: receive RaftClientReply:client-7538DDC4E776->1b229672-9fc1-42d6-9200-214eb0163fc5@group-440AB812C07F, cid=1521, SUCCESS, logIndex=2170, commits[1b229672-9fc1-42d6-9200-214eb0163fc5:c2171, 4cc0758a-96f5-4ab9-816d-81d822da247a:c2169, 8693c47f-40a3-4a1c-b7ba-6ed996b9183c:c2167]
2019-07-08 22:29:45,435 INFO  client.GrpcClientProtocolClient (GrpcClientProtocolClient.java:onNext(255)) - client-7538DDC4E776->1b229672-9fc1-42d6-9200-214eb0163fc5: receive RaftClientReply:client-7538DDC4E776->1b229672-9fc1-42d6-9200-214eb0163fc5@group-440AB812C07F, cid=1522, SUCCESS, logIndex=2171, commits[1b229672-9fc1-42d6-9200-214eb0163fc5:c2171, 4cc0758a-96f5-4ab9-816d-81d822da247a:c2169, 8693c47f-40a3-4a1c-b7ba-6ed996b9183c:c2167]
2019-07-08 22:29:45,437 INFO  client.GrpcClientProtocolClient (GrpcClientProtocolClient.java:onNext(255)) - client-7538DDC4E776->1b229672-9fc1-42d6-9200-214eb0163fc5: receive RaftClientReply:client-7538DDC4E776->1b229672-9fc1-42d6-9200-214eb0163fc5@group-440AB812C07F, cid=1523, SUCCESS, logIndex=0, commits[1b229672-9fc1-42d6-9200-214eb0163fc5:c2172, 4cc0758a-96f5-4ab9-816d-81d822da247a:c2171, 8693c47f-40a3-4a1c-b7ba-6ed996b9183c:c2171]
2019-07-08 22:29:45,460 INFO  client.GrpcClientProtocolClient (GrpcClientProtocolClient.java:onNext(255)) - client-7538DDC4E776->1b229672-9fc1-42d6-9200-214eb0163fc5: receive RaftClientReply:client-7538DDC4E776->1b229672-9fc1-42d6-9200-214eb0163fc5@group-440AB812C07F, cid=1524, SUCCESS, logIndex=2174, commits[1b229672-9fc1-42d6-9200-214eb0163fc5:c2177, 4cc0758a-96f5-4ab9-816d-81d822da247a:c2173, 8693c47f-40a3-4a1c-b7ba-6ed996b9183c:c2173]
2019-07-08 22:29:45,460 INFO  client.GrpcClientProtocolClient (GrpcClientProtocolClient.java:onNext(255)) - client-7538DDC4E776->1b229672-9fc1-42d6-9200-214eb0163fc5: receive RaftClientReply:client-7538DDC4E776->1b229672-9fc1-42d6-9200-214eb0163fc5@group-440AB812C07F, cid=1525, SUCCESS, logIndex=2175, commits[1b229672-9fc1-42d6-9200-214eb0163fc5:c2177, 4cc0758a-96f5-4ab9-816d-81d822da247a:c2173, 8693c47f-40a3-4a1c-b7ba-6ed996b9183c:c2173]
2019-07-08 22:29:45,461 INFO  client.GrpcClientProtocolClient (GrpcClientProtocolClient.java:onNext(255)) - client-7538DDC4E776->1b229672-9fc1-42d6-9200-214eb0163fc5: receive RaftClientReply:client-7538DDC4E776->1b229672-9fc1-42d6-9200-214eb0163fc5@group-440AB812C07F, cid=1526, SUCCESS, logIndex=2176, commits[1b229672-9fc1-42d6-9200-214eb0163fc5:c2177, 4cc0758a-96f5-4ab9-816d-81d822da247a:c2173, 8693c47f-40a3-4a1c-b7ba-6ed996b9183c:c2173]
2019-07-08 22:29:45,461 INFO  client.GrpcClientProtocolClient (GrpcClientProtocolClient.java:onNext(255)) - client-7538DDC4E776->1b229672-9fc1-42d6-9200-214eb0163fc5: receive RaftClientReply:client-7538DDC4E776->1b229672-9fc1-42d6-9200-214eb0163fc5@group-440AB812C07F, cid=1527, SUCCESS, logIndex=2177, commits[1b229672-9fc1-42d6-9200-214eb0163fc5:c2177, 4cc0758a-96f5-4ab9-816d-81d822da247a:c2173, 8693c47f-40a3-4a1c-b7ba-6ed996b9183c:c2173]
2019-07-08 22:29:45,462 INFO  client.GrpcClientProtocolClient (GrpcClientProtocolClient.java:onNext(255)) - client-7538DDC4E776->1b229672-9fc1-42d6-9200-214eb0163fc5: receive RaftClientReply:client-7538DDC4E776->1b229672-9fc1-42d6-9200-214eb0163fc5@group-440AB812C07F, cid=1528, SUCCESS, logIndex=0, commits[1b229672-9fc1-42d6-9200-214eb0163fc5:c2178, 4cc0758a-96f5-4ab9-816d-81d822da247a:c2177, 8693c47f-40a3-4a1c-b7ba-6ed996b9183c:c2177]
2019-07-08 22:29:45,486 INFO  client.GrpcClientProtocolClient (GrpcClientProtocolClient.java:onNext(255)) - client-7538DDC4E776->1b229672-9fc1-42d6-9200-214eb0163fc5: receive RaftClientReply:client-7538DDC4E776->1b229672-9fc1-42d6-9200-214eb0163fc5@group-440AB812C07F, cid=1529, SUCCESS, logIndex=2180, commits[1b229672-9fc1-42d6-9200-214eb0163fc5:c2181, 4cc0758a-96f5-4ab9-816d-81d822da247a:c2179, 8693c47f-40a3-4a1c-b7ba-6ed996b9183c:c2179]
2019-07-08 22:29:45,486 INFO  client.GrpcClientProtocolClient (GrpcClientProtocolClient.java:onNext(255)) - client-7538DDC4E776->1b229672-9fc1-42d6-9200-214eb0163fc5: receive RaftClientReply:client-7538DDC4E776->1b229672-9fc1-42d6-9200-214eb0163fc5@group-440AB812C07F, cid=1530, SUCCESS, logIndex=2181, commits[1b229672-9fc1-42d6-9200-214eb0163fc5:c2181, 4cc0758a-96f5-4ab9-816d-81d822da247a:c2179, 8693c47f-40a3-4a1c-b7ba-6ed996b9183c:c2179]
2019-07-08 22:29:45,500 INFO  client.GrpcClientProtocolClient (GrpcClientProtocolClient.java:onNext(255)) - client-7538DDC4E776->1b229672-9fc1-42d6-9200-214eb0163fc5: receive RaftClientReply:client-7538DDC4E776->1b229672-9fc1-42d6-9200-214eb0163fc5@group-440AB812C07F, cid=1531, SUCCESS, logIndex=2184, commits[1b229672-9fc1-42d6-9200-214eb0163fc5:c2184, 4cc0758a-96f5-4ab9-816d-81d822da247a:c2181, 8693c47f-40a3-4a1c-b7ba-6ed996b9183c:c2181]
2019-07-08 22:29:45,501 INFO  client.GrpcClientProtocolClient (GrpcClientProtocolClient.java:onNext(255)) - client-7538DDC4E776->1b229672-9fc1-42d6-9200-214eb0163fc5: receive RaftClientReply:client-7538DDC4E776->1b229672-9fc1-42d6-9200-214eb0163fc5@group-440AB812C07F, cid=1532, SUCCESS, logIndex=2185, commits[1b229672-9fc1-42d6-9200-214eb0163fc5:c2185, 4cc0758a-96f5-4ab9-816d-81d822da247a:c2181, 8693c47f-40a3-4a1c-b7ba-6ed996b9183c:c2181]
2019-07-08 22:29:45,513 INFO  client.GrpcClientProtocolClient (GrpcClientProtocolClient.java:onNext(255)) - client-7538DDC4E776->1b229672-9fc1-42d6-9200-214eb0163fc5: receive RaftClientReply:client-7538DDC4E776->1b229672-9fc1-42d6-9200-214eb0163fc5@group-440AB812C07F, cid=1533, SUCCESS, logIndex=0, commits[1b229672-9fc1-42d6-9200-214eb0163fc5:c2187, 4cc0758a-96f5-4ab9-816d-81d822da247a:c2185, 8693c47f-40a3-4a1c-b7ba-6ed996b9183c:c2185]
2019-07-08 22:29:45,541 INFO  client.GrpcClientProtocolClient (GrpcClientProtocolClient.java:onNext(255)) - client-7538DDC4E776->1b229672-9fc1-42d6-9200-214eb0163fc5: receive RaftClientReply:client-7538DDC4E776->1b229672-9fc1-42d6-9200-214eb0163fc5@group-440AB812C07F, cid=1534, SUCCESS, logIndex=2188, commits[1b229672-9fc1-42d6-9200-214eb0163fc5:c2189, 4cc0758a-96f5-4ab9-816d-81d822da247a:c2187, 8693c47f-40a3-4a1c-b7ba-6ed996b9183c:c2187]
2019-07-08 22:29:45,541 INFO  client.GrpcClientProtocolClient (GrpcClientProtocolClient.java:onNext(255)) - client-7538DDC4E776->1b229672-9fc1-42d6-9200-214eb0163fc5: receive RaftClientReply:client-7538DDC4E776->1b229672-9fc1-42d6-9200-214eb0163fc5@group-440AB812C07F, cid=1535, SUCCESS, logIndex=2189, commits[1b229672-9fc1-42d6-9200-214eb0163fc5:c2191, 4cc0758a-96f5-4ab9-816d-81d822da247a:c2187, 8693c47f-40a3-4a1c-b7ba-6ed996b9183c:c2187]
2019-07-08 22:29:45,542 INFO  client.GrpcClientProtocolClient (GrpcClientProtocolClient.java:onNext(255)) - client-7538DDC4E776->1b229672-9fc1-42d6-9200-214eb0163fc5: receive RaftClientReply:client-7538DDC4E776->1b229672-9fc1-42d6-9200-214eb0163fc5@group-440AB812C07F, cid=1536, SUCCESS, logIndex=2190, commits[1b229672-9fc1-42d6-9200-214eb0163fc5:c2191, 4cc0758a-96f5-4ab9-816d-81d822da247a:c2187, 8693c47f-40a3-4a1c-b7ba-6ed996b9183c:c2187]
2019-07-08 22:29:45,542 INFO  client.GrpcClientProtocolClient (GrpcClientProtocolClient.java:onNext(255)) - client-7538DDC4E776->1b229672-9fc1-42d6-9200-214eb0163fc5: receive RaftClientReply:client-7538DDC4E776->1b229672-9fc1-42d6-9200-214eb0163fc5@group-440AB812C07F, cid=1537, SUCCESS, logIndex=2191, commits[1b229672-9fc1-42d6-9200-214eb0163fc5:c2191, 4cc0758a-96f5-4ab9-816d-81d822da247a:c2187, 8693c47f-40a3-4a1c-b7ba-6ed996b9183c:c2187]
2019-07-08 22:29:45,543 INFO  client.GrpcClientProtocolClient (GrpcClientProtocolClient.java:onNext(255)) - client-7538DDC4E776->1b229672-9fc1-42d6-9200-214eb0163fc5: receive RaftClientReply:client-7538DDC4E776->1b229672-9fc1-42d6-9200-214eb0163fc5@group-440AB812C07F, cid=1538, SUCCESS, logIndex=0, commits[1b229672-9fc1-42d6-9200-214eb0163fc5:c2192, 4cc0758a-96f5-4ab9-816d-81d822da247a:c2189, 8693c47f-40a3-4a1c-b7ba-6ed996b9183c:c2189]
2019-07-08 22:29:45,563 INFO  client.GrpcClientProtocolClient (GrpcClientProtocolClient.java:onNext(255)) - client-7538DDC4E776->1b229672-9fc1-42d6-9200-214eb0163fc5: receive RaftClientReply:client-7538DDC4E776->1b229672-9fc1-42d6-9200-214eb0163fc5@group-440AB812C07F, cid=1539, SUCCESS, logIndex=2196, commits[1b229672-9fc1-42d6-9200-214eb0163fc5:c2197, 4cc0758a-96f5-4ab9-816d-81d822da247a:c2195, 8693c47f-40a3-4a1c-b7ba-6ed996b9183c:c2195]
2019-07-08 22:29:45,564 INFO  client.GrpcClientProtocolClient (GrpcClientProtocolClient.java:onNext(255)) - client-7538DDC4E776->1b229672-9fc1-42d6-9200-214eb0163fc5: receive RaftClientReply:client-7538DDC4E776->1b229672-9fc1-42d6-9200-214eb0163fc5@group-440AB812C07F, cid=1540, SUCCESS, logIndex=2197, commits[1b229672-9fc1-42d6-9200-214eb0163fc5:c2197, 4cc0758a-96f5-4ab9-816d-81d822da247a:c2195, 8693c47f-40a3-4a1c-b7ba-6ed996b9183c:c2195]
2019-07-08 22:29:45,576 INFO  client.GrpcClientProtocolClient (GrpcClientProtocolClient.java:onNext(255)) - client-7538DDC4E776->1b229672-9fc1-42d6-9200-214eb0163fc5: receive RaftClientReply:client-7538DDC4E776->1b229672-9fc1-42d6-9200-214eb0163fc5@group-440AB812C07F, cid=1541, SUCCESS, logIndex=2200, commits[1b229672-9fc1-42d6-9200-214eb0163fc5:c2201, 4cc0758a-96f5-4ab9-816d-81d822da247a:c2197, 8693c47f-40a3-4a1c-b7ba-6ed996b9183c:c2197]
2019-07-08 22:29:45,577 INFO  client.GrpcClientProtocolClient (GrpcClientProtocolClient.java:onNext(255)) - client-7538DDC4E776->1b229672-9fc1-42d6-9200-214eb0163fc5: receive RaftClientReply:client-7538DDC4E776->1b229672-9fc1-42d6-9200-214eb0163fc5@group-440AB812C07F, cid=1542, SUCCESS, logIndex=2201, commits[1b229672-9fc1-42d6-9200-214eb0163fc5:c2201, 4cc0758a-96f5-4ab9-816d-81d822da247a:c2197, 8693c47f-40a3-4a1c-b7ba-6ed996b9183c:c2197]
2019-07-08 22:29:45,588 INFO  client.GrpcClientProtocolClient (GrpcClientProtocolClient.java:onNext(255)) - client-7538DDC4E776->1b229672-9fc1-42d6-9200-214eb0163fc5: receive RaftClientReply:client-7538DDC4E776->1b229672-9fc1-42d6-9200-214eb0163fc5@group-440AB812C07F, cid=1543, SUCCESS, logIndex=0, commits[1b229672-9fc1-42d6-9200-214eb0163fc5:c2202, 4cc0758a-96f5-4ab9-816d-81d822da247a:c2201, 8693c47f-40a3-4a1c-b7ba-6ed996b9183c:c2201]
2019-07-08 22:29:45,711 INFO  client.GrpcClientProtocolClient (GrpcClientProtocolClient.java:onNext(255)) - client-7538DDC4E776->1b229672-9fc1-42d6-9200-214eb0163fc5: receive RaftClientReply:client-7538DDC4E776->1b229672-9fc1-42d6-9200-214eb0163fc5@group-440AB812C07F, cid=1544, SUCCESS, logIndex=2204, commits[1b229672-9fc1-42d6-9200-214eb0163fc5:c2205, 4cc0758a-96f5-4ab9-816d-81d822da247a:c2203, 8693c47f-40a3-4a1c-b7ba-6ed996b9183c:c2203]
2019-07-08 22:29:45,712 INFO  client.GrpcClientProtocolClient (GrpcClientProtocolClient.java:onNext(255)) - client-7538DDC4E776->1b229672-9fc1-42d6-9200-214eb0163fc5: receive RaftClientReply:client-7538DDC4E776->1b229672-9fc1-42d6-9200-214eb0163fc5@group-440AB812C07F, cid=1545, SUCCESS, logIndex=2205, commits[1b229672-9fc1-42d6-9200-214eb0163fc5:c2206, 4cc0758a-96f5-4ab9-816d-81d822da247a:c2203, 8693c47f-40a3-4a1c-b7ba-6ed996b9183c:c2203]
2019-07-08 22:29:45,712 INFO  client.GrpcClientProtocolClient (GrpcClientProtocolClient.java:onNext(255)) - client-7538DDC4E776->1b229672-9fc1-42d6-9200-214eb0163fc5: receive RaftClientReply:client-7538DDC4E776->1b229672-9fc1-42d6-9200-214eb0163fc5@group-440AB812C07F, cid=1546, SUCCESS, logIndex=2206, commits[1b229672-9fc1-42d6-9200-214eb0163fc5:c2207, 4cc0758a-96f5-4ab9-816d-81d822da247a:c2203, 8693c47f-40a3-4a1c-b7ba-6ed996b9183c:c2203]
2019-07-08 22:29:45,713 INFO  client.GrpcClientProtocolClient (GrpcClientProtocolClient.java:onNext(255)) - client-7538DDC4E776->1b229672-9fc1-42d6-9200-214eb0163fc5: receive RaftClientReply:client-7538DDC4E776->1b229672-9fc1-42d6-9200-214eb0163fc5@group-440AB812C07F, cid=1547, SUCCESS, logIndex=2207, commits[1b229672-9fc1-42d6-9200-214eb0163fc5:c2208, 4cc0758a-96f5-4ab9-816d-81d822da247a:c2203, 8693c47f-40a3-4a1c-b7ba-6ed996b9183c:c2204]
2019-07-08 22:29:45,714 INFO  client.GrpcClientProtocolClient (GrpcClientProtocolClient.java:onNext(255)) - client-7538DDC4E776->1b229672-9fc1-42d6-9200-214eb0163fc5: receive RaftClientReply:client-7538DDC4E776->1b229672-9fc1-42d6-9200-214eb0163fc5@group-440AB812C07F, cid=1548, SUCCESS, logIndex=0, commits[1b229672-9fc1-42d6-9200-214eb0163fc5:c2211, 4cc0758a-96f5-4ab9-816d-81d822da247a:c2205, 8693c47f-40a3-4a1c-b7ba-6ed996b9183c:c2207]
2019-07-08 22:29:45,740 INFO  client.GrpcClientProtocolClient (GrpcClientProtocolClient.java:onNext(255)) - client-7538DDC4E776->1b229672-9fc1-42d6-9200-214eb0163fc5: receive RaftClientReply:client-7538DDC4E776->1b229672-9fc1-42d6-9200-214eb0163fc5@group-440AB812C07F, cid=1549, SUCCESS, logIndex=2212, commits[1b229672-9fc1-42d6-9200-214eb0163fc5:c2213, 4cc0758a-96f5-4ab9-816d-81d822da247a:c2211, 8693c47f-40a3-4a1c-b7ba-6ed996b9183c:c2211]
2019-07-08 22:29:45,741 INFO  client.GrpcClientProtocolClient (GrpcClientProtocolClient.java:onNext(255)) - client-7538DDC4E776->1b229672-9fc1-42d6-9200-214eb0163fc5: receive RaftClientReply:client-7538DDC4E776->1b229672-9fc1-42d6-9200-214eb0163fc5@group-440AB812C07F, cid=1550, SUCCESS, logIndex=2213, commits[1b229672-9fc1-42d6-9200-214eb0163fc5:c2213, 4cc0758a-96f5-4ab9-816d-81d822da247a:c2211, 8693c47f-40a3-4a1c-b7ba-6ed996b9183c:c2211]
2019-07-08 22:29:45,769 INFO  client.GrpcClientProtocolClient (GrpcClientProtocolClient.java:onNext(255)) - client-7538DDC4E776->1b229672-9fc1-42d6-9200-214eb0163fc5: receive RaftClientReply:client-7538DDC4E776->1b229672-9fc1-42d6-9200-214eb0163fc5@group-440AB812C07F, cid=1551, SUCCESS, logIndex=2216, commits[1b229672-9fc1-42d6-9200-214eb0163fc5:c2217, 4cc0758a-96f5-4ab9-816d-81d822da247a:c2212, 8693c47f-40a3-4a1c-b7ba-6ed996b9183c:c2213]
2019-07-08 22:29:45,770 INFO  client.GrpcClientProtocolClient (GrpcClientProtocolClient.java:onNext(255)) - client-7538DDC4E776->1b229672-9fc1-42d6-9200-214eb0163fc5: receive RaftClientReply:client-7538DDC4E776->1b229672-9fc1-42d6-9200-214eb0163fc5@group-440AB812C07F, cid=1552, SUCCESS, logIndex=2217, commits[1b229672-9fc1-42d6-9200-214eb0163fc5:c2217, 4cc0758a-96f5-4ab9-816d-81d822da247a:c2213, 8693c47f-40a3-4a1c-b7ba-6ed996b9183c:c2213]
2019-07-08 22:29:45,772 INFO  client.GrpcClientProtocolClient (GrpcClientProtocolClient.java:onNext(255)) - client-7538DDC4E776->1b229672-9fc1-42d6-9200-214eb0163fc5: receive RaftClientReply:client-7538DDC4E776->1b229672-9fc1-42d6-9200-214eb0163fc5@group-440AB812C07F, cid=1553, SUCCESS, logIndex=0, commits[1b229672-9fc1-42d6-9200-214eb0163fc5:c2219, 4cc0758a-96f5-4ab9-816d-81d822da247a:c2217, 8693c47f-40a3-4a1c-b7ba-6ed996b9183c:c2217]
 0.00% |█                                                                                                    |  0/1 Time: 0:00:122019-07-08 22:29:45,808 INFO  client.GrpcClientProtocolClient (GrpcClientProtocolClient.java:onNext(255)) - client-7538DDC4E776->1b229672-9fc1-42d6-9200-214eb0163fc5: receive RaftClientReply:client-7538DDC4E776->1b229672-9fc1-42d6-9200-214eb0163fc5@group-440AB812C07F, cid=1554, SUCCESS, logIndex=2220, commits[1b229672-9fc1-42d6-9200-214eb0163fc5:c2221, 4cc0758a-96f5-4ab9-816d-81d822da247a:c2219, 8693c47f-40a3-4a1c-b7ba-6ed996b9183c:c2219]
2019-07-08 22:29:45,809 INFO  client.GrpcClientProtocolClient (GrpcClientProtocolClient.java:onNext(255)) - client-7538DDC4E776->1b229672-9fc1-42d6-9200-214eb0163fc5: receive RaftClientReply:client-7538DDC4E776->1b229672-9fc1-42d6-9200-214eb0163fc5@group-440AB812C07F, cid=1555, SUCCESS, logIndex=2221, commits[1b229672-9fc1-42d6-9200-214eb0163fc5:c2223, 4cc0758a-96f5-4ab9-816d-81d822da247a:c2219, 8693c47f-40a3-4a1c-b7ba-6ed996b9183c:c2219]
2019-07-08 22:29:45,809 INFO  client.GrpcClientProtocolClient (GrpcClientProtocolClient.java:onNext(255)) - client-7538DDC4E776->1b229672-9fc1-42d6-9200-214eb0163fc5: receive RaftClientReply:client-7538DDC4E776->1b229672-9fc1-42d6-9200-214eb0163fc5@group-440AB812C07F, cid=1556, SUCCESS, logIndex=2222, commits[1b229672-9fc1-42d6-9200-214eb0163fc5:c2223, 4cc0758a-96f5-4ab9-816d-81d822da247a:c2219, 8693c47f-40a3-4a1c-b7ba-6ed996b9183c:c2219]
2019-07-08 22:29:45,809 INFO  client.GrpcClientProtocolClient (GrpcClientProtocolClient.java:onNext(255)) - client-7538DDC4E776->1b229672-9fc1-42d6-9200-214eb0163fc5: receive RaftClientReply:client-7538DDC4E776->1b229672-9fc1-42d6-9200-214eb0163fc5@group-440AB812C07F, cid=1557, SUCCESS, logIndex=2223, commits[1b229672-9fc1-42d6-9200-214eb0163fc5:c2223, 4cc0758a-96f5-4ab9-816d-81d822da247a:c2219, 8693c47f-40a3-4a1c-b7ba-6ed996b9183c:c2219]
2019-07-08 22:29:45,821 INFO  client.GrpcClientProtocolClient (GrpcClientProtocolClient.java:onNext(255)) - client-7538DDC4E776->1b229672-9fc1-42d6-9200-214eb0163fc5: receive RaftClientReply:client-7538DDC4E776->1b229672-9fc1-42d6-9200-214eb0163fc5@group-440AB812C07F, cid=1558, SUCCESS, logIndex=0, commits[1b229672-9fc1-42d6-9200-214eb0163fc5:c2225, 4cc0758a-96f5-4ab9-816d-81d822da247a:c2221, 8693c47f-40a3-4a1c-b7ba-6ed996b9183c:c2221]
2019-07-08 22:29:45,840 INFO  client.GrpcClientProtocolClient (GrpcClientProtocolClient.java:onNext(255)) - client-7538DDC4E776->1b229672-9fc1-42d6-9200-214eb0163fc5: receive RaftClientReply:client-7538DDC4E776->1b229672-9fc1-42d6-9200-214eb0163fc5@group-440AB812C07F, cid=1559, SUCCESS, logIndex=2227, commits[1b229672-9fc1-42d6-9200-214eb0163fc5:c2228, 4cc0758a-96f5-4ab9-816d-81d822da247a:c2226, 8693c47f-40a3-4a1c-b7ba-6ed996b9183c:c2226]
2019-07-08 22:29:45,841 INFO  client.GrpcClientProtocolClient (GrpcClientProtocolClient.java:onNext(255)) - client-7538DDC4E776->1b229672-9fc1-42d6-9200-214eb0163fc5: receive RaftClientReply:client-7538DDC4E776->1b229672-9fc1-42d6-9200-214eb0163fc5@group-440AB812C07F, cid=1560, SUCCESS, logIndex=2228, commits[1b229672-9fc1-42d6-9200-214eb0163fc5:c2228, 4cc0758a-96f5-4ab9-816d-81d822da247a:c2226, 8693c47f-40a3-4a1c-b7ba-6ed996b9183c:c2226]
2019-07-08 22:29:45,854 INFO  client.GrpcClientProtocolClient (GrpcClientProtocolClient.java:onNext(255)) - client-7538DDC4E776->1b229672-9fc1-42d6-9200-214eb0163fc5: receive RaftClientReply:client-7538DDC4E776->1b229672-9fc1-42d6-9200-214eb0163fc5@group-440AB812C07F, cid=1561, SUCCESS, logIndex=2231, commits[1b229672-9fc1-42d6-9200-214eb0163fc5:c2232, 4cc0758a-96f5-4ab9-816d-81d822da247a:c2228, 8693c47f-40a3-4a1c-b7ba-6ed996b9183c:c2228]
2019-07-08 22:29:45,855 INFO  client.GrpcClientProtocolClient (GrpcClientProtocolClient.java:onNext(255)) - client-7538DDC4E776->1b229672-9fc1-42d6-9200-214eb0163fc5: receive RaftClientReply:client-7538DDC4E776->1b229672-9fc1-42d6-9200-214eb0163fc5@group-440AB812C07F, cid=1562, SUCCESS, logIndex=2232, commits[1b229672-9fc1-42d6-9200-214eb0163fc5:c2232, 4cc0758a-96f5-4ab9-816d-81d822da247a:c2228, 8693c47f-40a3-4a1c-b7ba-6ed996b9183c:c2228]
2019-07-08 22:29:45,867 INFO  client.GrpcClientProtocolClient (GrpcClientProtocolClient.java:onNext(255)) - client-7538DDC4E776->1b229672-9fc1-42d6-9200-214eb0163fc5: receive RaftClientReply:client-7538DDC4E776->1b229672-9fc1-42d6-9200-214eb0163fc5@group-440AB812C07F, cid=1563, SUCCESS, logIndex=0, commits[1b229672-9fc1-42d6-9200-214eb0163fc5:c2234, 4cc0758a-96f5-4ab9-816d-81d822da247a:c2232, 8693c47f-40a3-4a1c-b7ba-6ed996b9183c:c2232]
2019-07-08 22:29:45,896 INFO  client.GrpcClientProtocolClient (GrpcClientProtocolClient.java:onNext(255)) - client-7538DDC4E776->1b229672-9fc1-42d6-9200-214eb0163fc5: receive RaftClientReply:client-7538DDC4E776->1b229672-9fc1-42d6-9200-214eb0163fc5@group-440AB812C07F, cid=1564, SUCCESS, logIndex=2235, commits[1b229672-9fc1-42d6-9200-214eb0163fc5:c2236, 4cc0758a-96f5-4ab9-816d-81d822da247a:c2234, 8693c47f-40a3-4a1c-b7ba-6ed996b9183c:c2234]
2019-07-08 22:29:45,896 INFO  client.GrpcClientProtocolClient (GrpcClientProtocolClient.java:onNext(255)) - client-7538DDC4E776->1b229672-9fc1-42d6-9200-214eb0163fc5: receive RaftClientReply:client-7538DDC4E776->1b229672-9fc1-42d6-9200-214eb0163fc5@group-440AB812C07F, cid=1565, SUCCESS, logIndex=2236, commits[1b229672-9fc1-42d6-9200-214eb0163fc5:c2238, 4cc0758a-96f5-4ab9-816d-81d822da247a:c2234, 8693c47f-40a3-4a1c-b7ba-6ed996b9183c:c2234]
2019-07-08 22:29:45,896 INFO  client.GrpcClientProtocolClient (GrpcClientProtocolClient.java:onNext(255)) - client-7538DDC4E776->1b229672-9fc1-42d6-9200-214eb0163fc5: receive RaftClientReply:client-7538DDC4E776->1b229672-9fc1-42d6-9200-214eb0163fc5@group-440AB812C07F, cid=1566, SUCCESS, logIndex=2237, commits[1b229672-9fc1-42d6-9200-214eb0163fc5:c2238, 4cc0758a-96f5-4ab9-816d-81d822da247a:c2234, 8693c47f-40a3-4a1c-b7ba-6ed996b9183c:c2234]
2019-07-08 22:29:45,897 INFO  client.GrpcClientProtocolClient (GrpcClientProtocolClient.java:onNext(255)) - client-7538DDC4E776->1b229672-9fc1-42d6-9200-214eb0163fc5: receive RaftClientReply:client-7538DDC4E776->1b229672-9fc1-42d6-9200-214eb0163fc5@group-440AB812C07F, cid=1567, SUCCESS, logIndex=2238, commits[1b229672-9fc1-42d6-9200-214eb0163fc5:c2238, 4cc0758a-96f5-4ab9-816d-81d822da247a:c2234, 8693c47f-40a3-4a1c-b7ba-6ed996b9183c:c2234]
2019-07-08 22:29:45,909 INFO  client.GrpcClientProtocolClient (GrpcClientProtocolClient.java:onNext(255)) - client-7538DDC4E776->1b229672-9fc1-42d6-9200-214eb0163fc5: receive RaftClientReply:client-7538DDC4E776->1b229672-9fc1-42d6-9200-214eb0163fc5@group-440AB812C07F, cid=1568, SUCCESS, logIndex=0, commits[1b229672-9fc1-42d6-9200-214eb0163fc5:c2241, 4cc0758a-96f5-4ab9-816d-81d822da247a:c2238, 8693c47f-40a3-4a1c-b7ba-6ed996b9183c:c2236]
2019-07-08 22:29:45,927 INFO  client.GrpcClientProtocolClient (GrpcClientProtocolClient.java:onNext(255)) - client-7538DDC4E776->1b229672-9fc1-42d6-9200-214eb0163fc5: receive RaftClientReply:client-7538DDC4E776->1b229672-9fc1-42d6-9200-214eb0163fc5@group-440AB812C07F, cid=1569, SUCCESS, logIndex=2242, commits[1b229672-9fc1-42d6-9200-214eb0163fc5:c2243, 4cc0758a-96f5-4ab9-816d-81d822da247a:c2241, 8693c47f-40a3-4a1c-b7ba-6ed996b9183c:c2241]
2019-07-08 22:29:45,928 INFO  client.GrpcClientProtocolClient (GrpcClientProtocolClient.java:onNext(255)) - client-7538DDC4E776->1b229672-9fc1-42d6-9200-214eb0163fc5: receive RaftClientReply:client-7538DDC4E776->1b229672-9fc1-42d6-9200-214eb0163fc5@group-440AB812C07F, cid=1570, SUCCESS, logIndex=2243, commits[1b229672-9fc1-42d6-9200-214eb0163fc5:c2243, 4cc0758a-96f5-4ab9-816d-81d822da247a:c2241, 8693c47f-40a3-4a1c-b7ba-6ed996b9183c:c2241]
2019-07-08 22:29:45,941 INFO  client.GrpcClientProtocolClient (GrpcClientProtocolClient.java:onNext(255)) - client-7538DDC4E776->1b229672-9fc1-42d6-9200-214eb0163fc5: receive RaftClientReply:client-7538DDC4E776->1b229672-9fc1-42d6-9200-214eb0163fc5@group-440AB812C07F, cid=1571, SUCCESS, logIndex=2246, commits[1b229672-9fc1-42d6-9200-214eb0163fc5:c2247, 4cc0758a-96f5-4ab9-816d-81d822da247a:c2243, 8693c47f-40a3-4a1c-b7ba-6ed996b9183c:c2243]
2019-07-08 22:29:45,941 INFO  client.GrpcClientProtocolClient (GrpcClientProtocolClient.java:onNext(255)) - client-7538DDC4E776->1b229672-9fc1-42d6-9200-214eb0163fc5: receive RaftClientReply:client-7538DDC4E776->1b229672-9fc1-42d6-9200-214eb0163fc5@group-440AB812C07F, cid=1572, SUCCESS, logIndex=2247, commits[1b229672-9fc1-42d6-9200-214eb0163fc5:c2247, 4cc0758a-96f5-4ab9-816d-81d822da247a:c2243, 8693c47f-40a3-4a1c-b7ba-6ed996b9183c:c2243]
2019-07-08 22:29:45,943 INFO  client.GrpcClientProtocolClient (GrpcClientProtocolClient.java:onNext(255)) - client-7538DDC4E776->1b229672-9fc1-42d6-9200-214eb0163fc5: receive RaftClientReply:client-7538DDC4E776->1b229672-9fc1-42d6-9200-214eb0163fc5@group-440AB812C07F, cid=1573, SUCCESS, logIndex=0, commits[1b229672-9fc1-42d6-9200-214eb0163fc5:c2248, 4cc0758a-96f5-4ab9-816d-81d822da247a:c2247, 8693c47f-40a3-4a1c-b7ba-6ed996b9183c:c2247]
2019-07-08 22:29:45,962 INFO  client.GrpcClientProtocolClient (GrpcClientProtocolClient.java:onNext(255)) - client-7538DDC4E776->1b229672-9fc1-42d6-9200-214eb0163fc5: receive RaftClientReply:client-7538DDC4E776->1b229672-9fc1-42d6-9200-214eb0163fc5@group-440AB812C07F, cid=1574, SUCCESS, logIndex=2249, commits[1b229672-9fc1-42d6-9200-214eb0163fc5:c2250, 4cc0758a-96f5-4ab9-816d-81d822da247a:c2248, 8693c47f-40a3-4a1c-b7ba-6ed996b9183c:c2248]
2019-07-08 22:29:45,962 INFO  client.GrpcClientProtocolClient (GrpcClientProtocolClient.java:onNext(255)) - client-7538DDC4E776->1b229672-9fc1-42d6-9200-214eb0163fc5: receive RaftClientReply:client-7538DDC4E776->1b229672-9fc1-42d6-9200-214eb0163fc5@group-440AB812C07F, cid=1575, SUCCESS, logIndex=2250, commits[1b229672-9fc1-42d6-9200-214eb0163fc5:c2252, 4cc0758a-96f5-4ab9-816d-81d822da247a:c2248, 8693c47f-40a3-4a1c-b7ba-6ed996b9183c:c2248]
2019-07-08 22:29:45,962 INFO  client.GrpcClientProtocolClient (GrpcClientProtocolClient.java:onNext(255)) - client-7538DDC4E776->1b229672-9fc1-42d6-9200-214eb0163fc5: receive RaftClientReply:client-7538DDC4E776->1b229672-9fc1-42d6-9200-214eb0163fc5@group-440AB812C07F, cid=1576, SUCCESS, logIndex=2251, commits[1b229672-9fc1-42d6-9200-214eb0163fc5:c2252, 4cc0758a-96f5-4ab9-816d-81d822da247a:c2248, 8693c47f-40a3-4a1c-b7ba-6ed996b9183c:c2248]
2019-07-08 22:29:45,963 INFO  client.GrpcClientProtocolClient (GrpcClientProtocolClient.java:onNext(255)) - client-7538DDC4E776->1b229672-9fc1-42d6-9200-214eb0163fc5: receive RaftClientReply:client-7538DDC4E776->1b229672-9fc1-42d6-9200-214eb0163fc5@group-440AB812C07F, cid=1577, SUCCESS, logIndex=2252, commits[1b229672-9fc1-42d6-9200-214eb0163fc5:c2252, 4cc0758a-96f5-4ab9-816d-81d822da247a:c2248, 8693c47f-40a3-4a1c-b7ba-6ed996b9183c:c2248]
2019-07-08 22:29:45,965 INFO  client.GrpcClientProtocolClient (GrpcClientProtocolClient.java:onNext(255)) - client-7538DDC4E776->1b229672-9fc1-42d6-9200-214eb0163fc5: receive RaftClientReply:client-7538DDC4E776->1b229672-9fc1-42d6-9200-214eb0163fc5@group-440AB812C07F, cid=1578, SUCCESS, logIndex=0, commits[1b229672-9fc1-42d6-9200-214eb0163fc5:c2255, 4cc0758a-96f5-4ab9-816d-81d822da247a:c2252, 8693c47f-40a3-4a1c-b7ba-6ed996b9183c:c2250]
2019-07-08 22:29:45,995 INFO  client.GrpcClientProtocolClient (GrpcClientProtocolClient.java:onNext(255)) - client-7538DDC4E776->1b229672-9fc1-42d6-9200-214eb0163fc5: receive RaftClientReply:client-7538DDC4E776->1b229672-9fc1-42d6-9200-214eb0163fc5@group-440AB812C07F, cid=1579, SUCCESS, logIndex=2257, commits[1b229672-9fc1-42d6-9200-214eb0163fc5:c2258, 4cc0758a-96f5-4ab9-816d-81d822da247a:c2256, 8693c47f-40a3-4a1c-b7ba-6ed996b9183c:c2256]
2019-07-08 22:29:45,995 INFO  client.GrpcClientProtocolClient (GrpcClientProtocolClient.java:onNext(255)) - client-7538DDC4E776->1b229672-9fc1-42d6-9200-214eb0163fc5: receive RaftClientReply:client-7538DDC4E776->1b229672-9fc1-42d6-9200-214eb0163fc5@group-440AB812C07F, cid=1580, SUCCESS, logIndex=2258, commits[1b229672-9fc1-42d6-9200-214eb0163fc5:c2258, 4cc0758a-96f5-4ab9-816d-81d822da247a:c2256, 8693c47f-40a3-4a1c-b7ba-6ed996b9183c:c2256]
2019-07-08 22:29:46,009 INFO  client.GrpcClientProtocolClient (GrpcClientProtocolClient.java:onNext(255)) - client-7538DDC4E776->1b229672-9fc1-42d6-9200-214eb0163fc5: receive RaftClientReply:client-7538DDC4E776->1b229672-9fc1-42d6-9200-214eb0163fc5@group-440AB812C07F, cid=1581, SUCCESS, logIndex=2261, commits[1b229672-9fc1-42d6-9200-214eb0163fc5:c2262, 4cc0758a-96f5-4ab9-816d-81d822da247a:c2258, 8693c47f-40a3-4a1c-b7ba-6ed996b9183c:c2258]
2019-07-08 22:29:46,009 INFO  client.GrpcClientProtocolClient (GrpcClientProtocolClient.java:onNext(255)) - client-7538DDC4E776->1b229672-9fc1-42d6-9200-214eb0163fc5: receive RaftClientReply:client-7538DDC4E776->1b229672-9fc1-42d6-9200-214eb0163fc5@group-440AB812C07F, cid=1582, SUCCESS, logIndex=2262, commits[1b229672-9fc1-42d6-9200-214eb0163fc5:c2262, 4cc0758a-96f5-4ab9-816d-81d822da247a:c2258, 8693c47f-40a3-4a1c-b7ba-6ed996b9183c:c2258]
2019-07-08 22:29:46,022 INFO  client.GrpcClientProtocolClient (GrpcClientProtocolClient.java:onNext(255)) - client-7538DDC4E776->1b229672-9fc1-42d6-9200-214eb0163fc5: receive RaftClientReply:client-7538DDC4E776->1b229672-9fc1-42d6-9200-214eb0163fc5@group-440AB812C07F, cid=1583, SUCCESS, logIndex=0, commits[1b229672-9fc1-42d6-9200-214eb0163fc5:c2264, 4cc0758a-96f5-4ab9-816d-81d822da247a:c2262, 8693c47f-40a3-4a1c-b7ba-6ed996b9183c:c2262]
2019-07-08 22:29:46,040 INFO  client.GrpcClientProtocolClient (GrpcClientProtocolClient.java:onNext(255)) - client-7538DDC4E776->1b229672-9fc1-42d6-9200-214eb0163fc5: receive RaftClientReply:client-7538DDC4E776->1b229672-9fc1-42d6-9200-214eb0163fc5@group-440AB812C07F, cid=1584, SUCCESS, logIndex=2265, commits[1b229672-9fc1-42d6-9200-214eb0163fc5:c2266, 4cc0758a-96f5-4ab9-816d-81d822da247a:c2264, 8693c47f-40a3-4a1c-b7ba-6ed996b9183c:c2264]
2019-07-08 22:29:46,041 INFO  client.GrpcClientProtocolClient (GrpcClientProtocolClient.java:onNext(255)) - client-7538DDC4E776->1b229672-9fc1-42d6-9200-214eb0163fc5: receive RaftClientReply:client-7538DDC4E776->1b229672-9fc1-42d6-9200-214eb0163fc5@group-440AB812C07F, cid=1585, SUCCESS, logIndex=2266, commits[1b229672-9fc1-42d6-9200-214eb0163fc5:c2268, 4cc0758a-96f5-4ab9-816d-81d822da247a:c2264, 8693c47f-40a3-4a1c-b7ba-6ed996b9183c:c2264]
2019-07-08 22:29:46,041 INFO  client.GrpcClientProtocolClient (GrpcClientProtocolClient.java:onNext(255)) - client-7538DDC4E776->1b229672-9fc1-42d6-9200-214eb0163fc5: receive RaftClientReply:client-7538DDC4E776->1b229672-9fc1-42d6-9200-214eb0163fc5@group-440AB812C07F, cid=1586, SUCCESS, logIndex=2267, commits[1b229672-9fc1-42d6-9200-214eb0163fc5:c2268, 4cc0758a-96f5-4ab9-816d-81d822da247a:c2264, 8693c47f-40a3-4a1c-b7ba-6ed996b9183c:c2264]
2019-07-08 22:29:46,041 INFO  client.GrpcClientProtocolClient (GrpcClientProtocolClient.java:onNext(255)) - client-7538DDC4E776->1b229672-9fc1-42d6-9200-214eb0163fc5: receive RaftClientReply:client-7538DDC4E776->1b229672-9fc1-42d6-9200-214eb0163fc5@group-440AB812C07F, cid=1587, SUCCESS, logIndex=2268, commits[1b229672-9fc1-42d6-9200-214eb0163fc5:c2268, 4cc0758a-96f5-4ab9-816d-81d822da247a:c2264, 8693c47f-40a3-4a1c-b7ba-6ed996b9183c:c2264]
2019-07-08 22:29:46,043 INFO  client.GrpcClientProtocolClient (GrpcClientProtocolClient.java:onNext(255)) - client-7538DDC4E776->1b229672-9fc1-42d6-9200-214eb0163fc5: receive RaftClientReply:client-7538DDC4E776->1b229672-9fc1-42d6-9200-214eb0163fc5@group-440AB812C07F, cid=1588, SUCCESS, logIndex=0, commits[1b229672-9fc1-42d6-9200-214eb0163fc5:c2270, 4cc0758a-96f5-4ab9-816d-81d822da247a:c2266, 8693c47f-40a3-4a1c-b7ba-6ed996b9183c:c2266]
2019-07-08 22:29:46,062 INFO  client.GrpcClientProtocolClient (GrpcClientProtocolClient.java:onNext(255)) - client-7538DDC4E776->1b229672-9fc1-42d6-9200-214eb0163fc5: receive RaftClientReply:client-7538DDC4E776->1b229672-9fc1-42d6-9200-214eb0163fc5@group-440AB812C07F, cid=1589, SUCCESS, logIndex=2273, commits[1b229672-9fc1-42d6-9200-214eb0163fc5:c2274, 4cc0758a-96f5-4ab9-816d-81d822da247a:c2272, 8693c47f-40a3-4a1c-b7ba-6ed996b9183c:c2272]
2019-07-08 22:29:46,062 INFO  client.GrpcClientProtocolClient (GrpcClientProtocolClient.java:onNext(255)) - client-7538DDC4E776->1b229672-9fc1-42d6-9200-214eb0163fc5: receive RaftClientReply:client-7538DDC4E776->1b229672-9fc1-42d6-9200-214eb0163fc5@group-440AB812C07F, cid=1590, SUCCESS, logIndex=2274, commits[1b229672-9fc1-42d6-9200-214eb0163fc5:c2274, 4cc0758a-96f5-4ab9-816d-81d822da247a:c2272, 8693c47f-40a3-4a1c-b7ba-6ed996b9183c:c2272]
2019-07-08 22:29:46,075 INFO  client.GrpcClientProtocolClient (GrpcClientProtocolClient.java:onNext(255)) - client-7538DDC4E776->1b229672-9fc1-42d6-9200-214eb0163fc5: receive RaftClientReply:client-7538DDC4E776->1b229672-9fc1-42d6-9200-214eb0163fc5@group-440AB812C07F, cid=1591, SUCCESS, logIndex=2277, commits[1b229672-9fc1-42d6-9200-214eb0163fc5:c2278, 4cc0758a-96f5-4ab9-816d-81d822da247a:c2274, 8693c47f-40a3-4a1c-b7ba-6ed996b9183c:c2274]
2019-07-08 22:29:46,076 INFO  client.GrpcClientProtocolClient (GrpcClientProtocolClient.java:onNext(255)) - client-7538DDC4E776->1b229672-9fc1-42d6-9200-214eb0163fc5: receive RaftClientReply:client-7538DDC4E776->1b229672-9fc1-42d6-9200-214eb0163fc5@group-440AB812C07F, cid=1592, SUCCESS, logIndex=2278, commits[1b229672-9fc1-42d6-9200-214eb0163fc5:c2278, 4cc0758a-96f5-4ab9-816d-81d822da247a:c2274, 8693c47f-40a3-4a1c-b7ba-6ed996b9183c:c2274]
2019-07-08 22:29:46,088 INFO  client.GrpcClientProtocolClient (GrpcClientProtocolClient.java:onNext(255)) - client-7538DDC4E776->1b229672-9fc1-42d6-9200-214eb0163fc5: receive RaftClientReply:client-7538DDC4E776->1b229672-9fc1-42d6-9200-214eb0163fc5@group-440AB812C07F, cid=1593, SUCCESS, logIndex=0, commits[1b229672-9fc1-42d6-9200-214eb0163fc5:c2279, 4cc0758a-96f5-4ab9-816d-81d822da247a:c2278, 8693c47f-40a3-4a1c-b7ba-6ed996b9183c:c2278]
2019-07-08 22:29:46,117 INFO  client.GrpcClientProtocolClient (GrpcClientProtocolClient.java:onNext(255)) - client-7538DDC4E776->1b229672-9fc1-42d6-9200-214eb0163fc5: receive RaftClientReply:client-7538DDC4E776->1b229672-9fc1-42d6-9200-214eb0163fc5@group-440AB812C07F, cid=1594, SUCCESS, logIndex=2281, commits[1b229672-9fc1-42d6-9200-214eb0163fc5:c2283, 4cc0758a-96f5-4ab9-816d-81d822da247a:c2280, 8693c47f-40a3-4a1c-b7ba-6ed996b9183c:c2280]
2019-07-08 22:29:46,117 INFO  client.GrpcClientProtocolClient (GrpcClientProtocolClient.java:onNext(255)) - client-7538DDC4E776->1b229672-9fc1-42d6-9200-214eb0163fc5: receive RaftClientReply:client-7538DDC4E776->1b229672-9fc1-42d6-9200-214eb0163fc5@group-440AB812C07F, cid=1595, SUCCESS, logIndex=2282, commits[1b229672-9fc1-42d6-9200-214eb0163fc5:c2284, 4cc0758a-96f5-4ab9-816d-81d822da247a:c2280, 8693c47f-40a3-4a1c-b7ba-6ed996b9183c:c2280]
2019-07-08 22:29:46,118 INFO  client.GrpcClientProtocolClient (GrpcClientProtocolClient.java:onNext(255)) - client-7538DDC4E776->1b229672-9fc1-42d6-9200-214eb0163fc5: receive RaftClientReply:client-7538DDC4E776->1b229672-9fc1-42d6-9200-214eb0163fc5@group-440AB812C07F, cid=1596, SUCCESS, logIndex=2283, commits[1b229672-9fc1-42d6-9200-214eb0163fc5:c2284, 4cc0758a-96f5-4ab9-816d-81d822da247a:c2280, 8693c47f-40a3-4a1c-b7ba-6ed996b9183c:c2280]
2019-07-08 22:29:46,118 INFO  client.GrpcClientProtocolClient (GrpcClientProtocolClient.java:onNext(255)) - client-7538DDC4E776->1b229672-9fc1-42d6-9200-214eb0163fc5: receive RaftClientReply:client-7538DDC4E776->1b229672-9fc1-42d6-9200-214eb0163fc5@group-440AB812C07F, cid=1597, SUCCESS, logIndex=2284, commits[1b229672-9fc1-42d6-9200-214eb0163fc5:c2284, 4cc0758a-96f5-4ab9-816d-81d822da247a:c2280, 8693c47f-40a3-4a1c-b7ba-6ed996b9183c:c2280]
2019-07-08 22:29:46,129 INFO  client.GrpcClientProtocolClient (GrpcClientProtocolClient.java:onNext(255)) - client-7538DDC4E776->1b229672-9fc1-42d6-9200-214eb0163fc5: receive RaftClientReply:client-7538DDC4E776->1b229672-9fc1-42d6-9200-214eb0163fc5@group-440AB812C07F, cid=1598, SUCCESS, logIndex=0, commits[1b229672-9fc1-42d6-9200-214eb0163fc5:c2287, 4cc0758a-96f5-4ab9-816d-81d822da247a:c2283, 8693c47f-40a3-4a1c-b7ba-6ed996b9183c:c2282]
2019-07-08 22:29:46,147 INFO  client.GrpcClientProtocolClient (GrpcClientProtocolClient.java:onNext(255)) - client-7538DDC4E776->1b229672-9fc1-42d6-9200-214eb0163fc5: receive RaftClientReply:client-7538DDC4E776->1b229672-9fc1-42d6-9200-214eb0163fc5@group-440AB812C07F, cid=1599, SUCCESS, logIndex=2289, commits[1b229672-9fc1-42d6-9200-214eb0163fc5:c2290, 4cc0758a-96f5-4ab9-816d-81d822da247a:c2288, 8693c47f-40a3-4a1c-b7ba-6ed996b9183c:c2288]
2019-07-08 22:29:46,148 INFO  client.GrpcClientProtocolClient (GrpcClientProtocolClient.java:onNext(255)) - client-7538DDC4E776->1b229672-9fc1-42d6-9200-214eb0163fc5: receive RaftClientReply:client-7538DDC4E776->1b229672-9fc1-42d6-9200-214eb0163fc5@group-440AB812C07F, cid=1600, SUCCESS, logIndex=2290, commits[1b229672-9fc1-42d6-9200-214eb0163fc5:c2290, 4cc0758a-96f5-4ab9-816d-81d822da247a:c2288, 8693c47f-40a3-4a1c-b7ba-6ed996b9183c:c2288]
2019-07-08 22:29:46,161 INFO  client.GrpcClientProtocolClient (GrpcClientProtocolClient.java:onNext(255)) - client-7538DDC4E776->1b229672-9fc1-42d6-9200-214eb0163fc5: receive RaftClientReply:client-7538DDC4E776->1b229672-9fc1-42d6-9200-214eb0163fc5@group-440AB812C07F, cid=1601, SUCCESS, logIndex=2293, commits[1b229672-9fc1-42d6-9200-214eb0163fc5:c2293, 4cc0758a-96f5-4ab9-816d-81d822da247a:c2290, 8693c47f-40a3-4a1c-b7ba-6ed996b9183c:c2290]
2019-07-08 22:29:46,161 INFO  client.GrpcClientProtocolClient (GrpcClientProtocolClient.java:onNext(255)) - client-7538DDC4E776->1b229672-9fc1-42d6-9200-214eb0163fc5: receive RaftClientReply:client-7538DDC4E776->1b229672-9fc1-42d6-9200-214eb0163fc5@group-440AB812C07F, cid=1602, SUCCESS, logIndex=2294, commits[1b229672-9fc1-42d6-9200-214eb0163fc5:c2294, 4cc0758a-96f5-4ab9-816d-81d822da247a:c2290, 8693c47f-40a3-4a1c-b7ba-6ed996b9183c:c2290]
2019-07-08 22:29:46,174 INFO  client.GrpcClientProtocolClient (GrpcClientProtocolClient.java:onNext(255)) - client-7538DDC4E776->1b229672-9fc1-42d6-9200-214eb0163fc5: receive RaftClientReply:client-7538DDC4E776->1b229672-9fc1-42d6-9200-214eb0163fc5@group-440AB812C07F, cid=1603, SUCCESS, logIndex=0, commits[1b229672-9fc1-42d6-9200-214eb0163fc5:c2296, 4cc0758a-96f5-4ab9-816d-81d822da247a:c2294, 8693c47f-40a3-4a1c-b7ba-6ed996b9183c:c2294]
2019-07-08 22:29:46,199 INFO  client.GrpcClientProtocolClient (GrpcClientProtocolClient.java:onNext(255)) - client-7538DDC4E776->1b229672-9fc1-42d6-9200-214eb0163fc5: receive RaftClientReply:client-7538DDC4E776->1b229672-9fc1-42d6-9200-214eb0163fc5@group-440AB812C07F, cid=1604, SUCCESS, logIndex=2297, commits[1b229672-9fc1-42d6-9200-214eb0163fc5:c2298, 4cc0758a-96f5-4ab9-816d-81d822da247a:c2296, 8693c47f-40a3-4a1c-b7ba-6ed996b9183c:c2296]
2019-07-08 22:29:46,200 INFO  client.GrpcClientProtocolClient (GrpcClientProtocolClient.java:onNext(255)) - client-7538DDC4E776->1b229672-9fc1-42d6-9200-214eb0163fc5: receive RaftClientReply:client-7538DDC4E776->1b229672-9fc1-42d6-9200-214eb0163fc5@group-440AB812C07F, cid=1605, SUCCESS, logIndex=2298, commits[1b229672-9fc1-42d6-9200-214eb0163fc5:c2298, 4cc0758a-96f5-4ab9-816d-81d822da247a:c2296, 8693c47f-40a3-4a1c-b7ba-6ed996b9183c:c2296]
2019-07-08 22:29:46,200 INFO  client.GrpcClientProtocolClient (GrpcClientProtocolClient.java:onNext(255)) - client-7538DDC4E776->1b229672-9fc1-42d6-9200-214eb0163fc5: receive RaftClientReply:client-7538DDC4E776->1b229672-9fc1-42d6-9200-214eb0163fc5@group-440AB812C07F, cid=1606, SUCCESS, logIndex=2299, commits[1b229672-9fc1-42d6-9200-214eb0163fc5:c2300, 4cc0758a-96f5-4ab9-816d-81d822da247a:c2296, 8693c47f-40a3-4a1c-b7ba-6ed996b9183c:c2296]
2019-07-08 22:29:46,201 INFO  client.GrpcClientProtocolClient (GrpcClientProtocolClient.java:onNext(255)) - client-7538DDC4E776->1b229672-9fc1-42d6-9200-214eb0163fc5: receive RaftClientReply:client-7538DDC4E776->1b229672-9fc1-42d6-9200-214eb0163fc5@group-440AB812C07F, cid=1607, SUCCESS, logIndex=2300, commits[1b229672-9fc1-42d6-9200-214eb0163fc5:c2300, 4cc0758a-96f5-4ab9-816d-81d822da247a:c2296, 8693c47f-40a3-4a1c-b7ba-6ed996b9183c:c2296]
2019-07-08 22:29:46,206 INFO  client.GrpcClientProtocolClient (GrpcClientProtocolClient.java:onNext(255)) - client-7538DDC4E776->1b229672-9fc1-42d6-9200-214eb0163fc5: receive RaftClientReply:client-7538DDC4E776->1b229672-9fc1-42d6-9200-214eb0163fc5@group-440AB812C07F, cid=1608, SUCCESS, logIndex=0, commits[1b229672-9fc1-42d6-9200-214eb0163fc5:c2302, 4cc0758a-96f5-4ab9-816d-81d822da247a:c2298, 8693c47f-40a3-4a1c-b7ba-6ed996b9183c:c2298]
2019-07-08 22:29:46,228 INFO  client.GrpcClientProtocolClient (GrpcClientProtocolClient.java:onNext(255)) - client-7538DDC4E776->1b229672-9fc1-42d6-9200-214eb0163fc5: receive RaftClientReply:client-7538DDC4E776->1b229672-9fc1-42d6-9200-214eb0163fc5@group-440AB812C07F, cid=1609, SUCCESS, logIndex=2305, commits[1b229672-9fc1-42d6-9200-214eb0163fc5:c2306, 4cc0758a-96f5-4ab9-816d-81d822da247a:c2304, 8693c47f-40a3-4a1c-b7ba-6ed996b9183c:c2304]
2019-07-08 22:29:46,228 INFO  client.GrpcClientProtocolClient (GrpcClientProtocolClient.java:onNext(255)) - client-7538DDC4E776->1b229672-9fc1-42d6-9200-214eb0163fc5: receive RaftClientReply:client-7538DDC4E776->1b229672-9fc1-42d6-9200-214eb0163fc5@group-440AB812C07F, cid=1610, SUCCESS, logIndex=2306, commits[1b229672-9fc1-42d6-9200-214eb0163fc5:c2306, 4cc0758a-96f5-4ab9-816d-81d822da247a:c2304, 8693c47f-40a3-4a1c-b7ba-6ed996b9183c:c2304]
2019-07-08 22:29:46,250 INFO  client.GrpcClientProtocolClient (GrpcClientProtocolClient.java:onNext(255)) - client-7538DDC4E776->1b229672-9fc1-42d6-9200-214eb0163fc5: receive RaftClientReply:client-7538DDC4E776->1b229672-9fc1-42d6-9200-214eb0163fc5@group-440AB812C07F, cid=1611, SUCCESS, logIndex=2309, commits[1b229672-9fc1-42d6-9200-214eb0163fc5:c2310, 4cc0758a-96f5-4ab9-816d-81d822da247a:c2306, 8693c47f-40a3-4a1c-b7ba-6ed996b9183c:c2306]
2019-07-08 22:29:46,250 INFO  client.GrpcClientProtocolClient (GrpcClientProtocolClient.java:onNext(255)) - client-7538DDC4E776->1b229672-9fc1-42d6-9200-214eb0163fc5: receive RaftClientReply:client-7538DDC4E776->1b229672-9fc1-42d6-9200-214eb0163fc5@group-440AB812C07F, cid=1612, SUCCESS, logIndex=2310, commits[1b229672-9fc1-42d6-9200-214eb0163fc5:c2310, 4cc0758a-96f5-4ab9-816d-81d822da247a:c2306, 8693c47f-40a3-4a1c-b7ba-6ed996b9183c:c2306]
2019-07-08 22:29:46,260 INFO  client.GrpcClientProtocolClient (GrpcClientProtocolClient.java:onNext(255)) - client-7538DDC4E776->1b229672-9fc1-42d6-9200-214eb0163fc5: receive RaftClientReply:client-7538DDC4E776->1b229672-9fc1-42d6-9200-214eb0163fc5@group-440AB812C07F, cid=1613, SUCCESS, logIndex=0, commits[1b229672-9fc1-42d6-9200-214eb0163fc5:c2312, 4cc0758a-96f5-4ab9-816d-81d822da247a:c2310, 8693c47f-40a3-4a1c-b7ba-6ed996b9183c:c2310]
2019-07-08 22:29:46,419 INFO  client.GrpcClientProtocolClient (GrpcClientProtocolClient.java:onNext(255)) - client-7538DDC4E776->1b229672-9fc1-42d6-9200-214eb0163fc5: receive RaftClientReply:client-7538DDC4E776->1b229672-9fc1-42d6-9200-214eb0163fc5@group-440AB812C07F, cid=1614, SUCCESS, logIndex=2313, commits[1b229672-9fc1-42d6-9200-214eb0163fc5:c2313, 4cc0758a-96f5-4ab9-816d-81d822da247a:c2312, 8693c47f-40a3-4a1c-b7ba-6ed996b9183c:c2310]
2019-07-08 22:29:46,420 INFO  client.GrpcClientProtocolClient (GrpcClientProtocolClient.java:onNext(255)) - client-7538DDC4E776->1b229672-9fc1-42d6-9200-214eb0163fc5: receive RaftClientReply:client-7538DDC4E776->1b229672-9fc1-42d6-9200-214eb0163fc5@group-440AB812C07F, cid=1615, SUCCESS, logIndex=2314, commits[1b229672-9fc1-42d6-9200-214eb0163fc5:c2316, 4cc0758a-96f5-4ab9-816d-81d822da247a:c2312, 8693c47f-40a3-4a1c-b7ba-6ed996b9183c:c2312]
2019-07-08 22:29:46,420 INFO  client.GrpcClientProtocolClient (GrpcClientProtocolClient.java:onNext(255)) - client-7538DDC4E776->1b229672-9fc1-42d6-9200-214eb0163fc5: receive RaftClientReply:client-7538DDC4E776->1b229672-9fc1-42d6-9200-214eb0163fc5@group-440AB812C07F, cid=1616, SUCCESS, logIndex=2315, commits[1b229672-9fc1-42d6-9200-214eb0163fc5:c2316, 4cc0758a-96f5-4ab9-816d-81d822da247a:c2312, 8693c47f-40a3-4a1c-b7ba-6ed996b9183c:c2312]
2019-07-08 22:29:46,420 INFO  client.GrpcClientProtocolClient (GrpcClientProtocolClient.java:onNext(255)) - client-7538DDC4E776->1b229672-9fc1-42d6-9200-214eb0163fc5: receive RaftClientReply:client-7538DDC4E776->1b229672-9fc1-42d6-9200-214eb0163fc5@group-440AB812C07F, cid=1617, SUCCESS, logIndex=2316, commits[1b229672-9fc1-42d6-9200-214eb0163fc5:c2316, 4cc0758a-96f5-4ab9-816d-81d822da247a:c2312, 8693c47f-40a3-4a1c-b7ba-6ed996b9183c:c2312]
2019-07-08 22:29:46,431 INFO  client.GrpcClientProtocolClient (GrpcClientProtocolClient.java:onNext(255)) - client-7538DDC4E776->1b229672-9fc1-42d6-9200-214eb0163fc5: receive RaftClientReply:client-7538DDC4E776->1b229672-9fc1-42d6-9200-214eb0163fc5@group-440AB812C07F, cid=1618, SUCCESS, logIndex=0, commits[1b229672-9fc1-42d6-9200-214eb0163fc5:c2319, 4cc0758a-96f5-4ab9-816d-81d822da247a:c2316, 8693c47f-40a3-4a1c-b7ba-6ed996b9183c:c2316]
2019-07-08 22:29:46,453 INFO  client.GrpcClientProtocolClient (GrpcClientProtocolClient.java:onNext(255)) - client-7538DDC4E776->1b229672-9fc1-42d6-9200-214eb0163fc5: receive RaftClientReply:client-7538DDC4E776->1b229672-9fc1-42d6-9200-214eb0163fc5@group-440AB812C07F, cid=1619, SUCCESS, logIndex=2320, commits[1b229672-9fc1-42d6-9200-214eb0163fc5:c2321, 4cc0758a-96f5-4ab9-816d-81d822da247a:c2319, 8693c47f-40a3-4a1c-b7ba-6ed996b9183c:c2319]
2019-07-08 22:29:46,454 INFO  client.GrpcClientProtocolClient (GrpcClientProtocolClient.java:onNext(255)) - client-7538DDC4E776->1b229672-9fc1-42d6-9200-214eb0163fc5: receive RaftClientReply:client-7538DDC4E776->1b229672-9fc1-42d6-9200-214eb0163fc5@group-440AB812C07F, cid=1620, SUCCESS, logIndex=2321, commits[1b229672-9fc1-42d6-9200-214eb0163fc5:c2321, 4cc0758a-96f5-4ab9-816d-81d822da247a:c2319, 8693c47f-40a3-4a1c-b7ba-6ed996b9183c:c2319]
2019-07-08 22:29:46,468 INFO  client.GrpcClientProtocolClient (GrpcClientProtocolClient.java:onNext(255)) - client-7538DDC4E776->1b229672-9fc1-42d6-9200-214eb0163fc5: receive RaftClientReply:client-7538DDC4E776->1b229672-9fc1-42d6-9200-214eb0163fc5@group-440AB812C07F, cid=1621, SUCCESS, logIndex=2324, commits[1b229672-9fc1-42d6-9200-214eb0163fc5:c2325, 4cc0758a-96f5-4ab9-816d-81d822da247a:c2321, 8693c47f-40a3-4a1c-b7ba-6ed996b9183c:c2321]
2019-07-08 22:29:46,469 INFO  client.GrpcClientProtocolClient (GrpcClientProtocolClient.java:onNext(255)) - client-7538DDC4E776->1b229672-9fc1-42d6-9200-214eb0163fc5: receive RaftClientReply:client-7538DDC4E776->1b229672-9fc1-42d6-9200-214eb0163fc5@group-440AB812C07F, cid=1622, SUCCESS, logIndex=2325, commits[1b229672-9fc1-42d6-9200-214eb0163fc5:c2325, 4cc0758a-96f5-4ab9-816d-81d822da247a:c2321, 8693c47f-40a3-4a1c-b7ba-6ed996b9183c:c2321]
2019-07-08 22:29:46,470 INFO  client.GrpcClientProtocolClient (GrpcClientProtocolClient.java:onNext(255)) - client-7538DDC4E776->1b229672-9fc1-42d6-9200-214eb0163fc5: receive RaftClientReply:client-7538DDC4E776->1b229672-9fc1-42d6-9200-214eb0163fc5@group-440AB812C07F, cid=1623, SUCCESS, logIndex=0, commits[1b229672-9fc1-42d6-9200-214eb0163fc5:c2327, 4cc0758a-96f5-4ab9-816d-81d822da247a:c2325, 8693c47f-40a3-4a1c-b7ba-6ed996b9183c:c2325]
2019-07-08 22:29:46,500 INFO  client.GrpcClientProtocolClient (GrpcClientProtocolClient.java:onNext(255)) - client-7538DDC4E776->1b229672-9fc1-42d6-9200-214eb0163fc5: receive RaftClientReply:client-7538DDC4E776->1b229672-9fc1-42d6-9200-214eb0163fc5@group-440AB812C07F, cid=1624, SUCCESS, logIndex=2328, commits[1b229672-9fc1-42d6-9200-214eb0163fc5:c2331, 4cc0758a-96f5-4ab9-816d-81d822da247a:c2327, 8693c47f-40a3-4a1c-b7ba-6ed996b9183c:c2327]
2019-07-08 22:29:46,501 INFO  client.GrpcClientProtocolClient (GrpcClientProtocolClient.java:onNext(255)) - client-7538DDC4E776->1b229672-9fc1-42d6-9200-214eb0163fc5: receive RaftClientReply:client-7538DDC4E776->1b229672-9fc1-42d6-9200-214eb0163fc5@group-440AB812C07F, cid=1625, SUCCESS, logIndex=2329, commits[1b229672-9fc1-42d6-9200-214eb0163fc5:c2331, 4cc0758a-96f5-4ab9-816d-81d822da247a:c2327, 8693c47f-40a3-4a1c-b7ba-6ed996b9183c:c2327]
2019-07-08 22:29:46,501 INFO  client.GrpcClientProtocolClient (GrpcClientProtocolClient.java:onNext(255)) - client-7538DDC4E776->1b229672-9fc1-42d6-9200-214eb0163fc5: receive RaftClientReply:client-7538DDC4E776->1b229672-9fc1-42d6-9200-214eb0163fc5@group-440AB812C07F, cid=1626, SUCCESS, logIndex=2330, commits[1b229672-9fc1-42d6-9200-214eb0163fc5:c2331, 4cc0758a-96f5-4ab9-816d-81d822da247a:c2327, 8693c47f-40a3-4a1c-b7ba-6ed996b9183c:c2327]
2019-07-08 22:29:46,501 INFO  client.GrpcClientProtocolClient (GrpcClientProtocolClient.java:onNext(255)) - client-7538DDC4E776->1b229672-9fc1-42d6-9200-214eb0163fc5: receive RaftClientReply:client-7538DDC4E776->1b229672-9fc1-42d6-9200-214eb0163fc5@group-440AB812C07F, cid=1627, SUCCESS, logIndex=2331, commits[1b229672-9fc1-42d6-9200-214eb0163fc5:c2331, 4cc0758a-96f5-4ab9-816d-81d822da247a:c2327, 8693c47f-40a3-4a1c-b7ba-6ed996b9183c:c2327]
2019-07-08 22:29:46,512 INFO  client.GrpcClientProtocolClient (GrpcClientProtocolClient.java:onNext(255)) - client-7538DDC4E776->1b229672-9fc1-42d6-9200-214eb0163fc5: receive RaftClientReply:client-7538DDC4E776->1b229672-9fc1-42d6-9200-214eb0163fc5@group-440AB812C07F, cid=1628, SUCCESS, logIndex=0, commits[1b229672-9fc1-42d6-9200-214eb0163fc5:c2332, 4cc0758a-96f5-4ab9-816d-81d822da247a:c2329, 8693c47f-40a3-4a1c-b7ba-6ed996b9183c:c2329]
2019-07-08 22:29:46,533 INFO  client.GrpcClientProtocolClient (GrpcClientProtocolClient.java:onNext(255)) - client-7538DDC4E776->1b229672-9fc1-42d6-9200-214eb0163fc5: receive RaftClientReply:client-7538DDC4E776->1b229672-9fc1-42d6-9200-214eb0163fc5@group-440AB812C07F, cid=1629, SUCCESS, logIndex=2336, commits[1b229672-9fc1-42d6-9200-214eb0163fc5:c2337, 4cc0758a-96f5-4ab9-816d-81d822da247a:c2335, 8693c47f-40a3-4a1c-b7ba-6ed996b9183c:c2335]
2019-07-08 22:29:46,533 INFO  client.GrpcClientProtocolClient (GrpcClientProtocolClient.java:onNext(255)) - client-7538DDC4E776->1b229672-9fc1-42d6-9200-214eb0163fc5: receive RaftClientReply:client-7538DDC4E776->1b229672-9fc1-42d6-9200-214eb0163fc5@group-440AB812C07F, cid=1630, SUCCESS, logIndex=2337, commits[1b229672-9fc1-42d6-9200-214eb0163fc5:c2337, 4cc0758a-96f5-4ab9-816d-81d822da247a:c2335, 8693c47f-40a3-4a1c-b7ba-6ed996b9183c:c2335]
2019-07-08 22:29:46,550 INFO  client.GrpcClientProtocolClient (GrpcClientProtocolClient.java:onNext(255)) - client-7538DDC4E776->1b229672-9fc1-42d6-9200-214eb0163fc5: receive RaftClientReply:client-7538DDC4E776->1b229672-9fc1-42d6-9200-214eb0163fc5@group-440AB812C07F, cid=1631, SUCCESS, logIndex=2340, commits[1b229672-9fc1-42d6-9200-214eb0163fc5:c2341, 4cc0758a-96f5-4ab9-816d-81d822da247a:c2337, 8693c47f-40a3-4a1c-b7ba-6ed996b9183c:c2337]
2019-07-08 22:29:46,550 INFO  client.GrpcClientProtocolClient (GrpcClientProtocolClient.java:onNext(255)) - client-7538DDC4E776->1b229672-9fc1-42d6-9200-214eb0163fc5: receive RaftClientReply:client-7538DDC4E776->1b229672-9fc1-42d6-9200-214eb0163fc5@group-440AB812C07F, cid=1632, SUCCESS, logIndex=2341, commits[1b229672-9fc1-42d6-9200-214eb0163fc5:c2341, 4cc0758a-96f5-4ab9-816d-81d822da247a:c2337, 8693c47f-40a3-4a1c-b7ba-6ed996b9183c:c2337]
2019-07-08 22:29:46,564 INFO  client.GrpcClientProtocolClient (GrpcClientProtocolClient.java:onNext(255)) - client-7538DDC4E776->1b229672-9fc1-42d6-9200-214eb0163fc5: receive RaftClientReply:client-7538DDC4E776->1b229672-9fc1-42d6-9200-214eb0163fc5@group-440AB812C07F, cid=1633, SUCCESS, logIndex=0, commits[1b229672-9fc1-42d6-9200-214eb0163fc5:c2342, 4cc0758a-96f5-4ab9-816d-81d822da247a:c2341, 8693c47f-40a3-4a1c-b7ba-6ed996b9183c:c2341]
2019-07-08 22:29:46,590 INFO  client.GrpcClientProtocolClient (GrpcClientProtocolClient.java:onNext(255)) - client-7538DDC4E776->1b229672-9fc1-42d6-9200-214eb0163fc5: receive RaftClientReply:client-7538DDC4E776->1b229672-9fc1-42d6-9200-214eb0163fc5@group-440AB812C07F, cid=1634, SUCCESS, logIndex=2344, commits[1b229672-9fc1-42d6-9200-214eb0163fc5:c2345, 4cc0758a-96f5-4ab9-816d-81d822da247a:c2343, 8693c47f-40a3-4a1c-b7ba-6ed996b9183c:c2343]
2019-07-08 22:29:46,591 INFO  client.GrpcClientProtocolClient (GrpcClientProtocolClient.java:onNext(255)) - client-7538DDC4E776->1b229672-9fc1-42d6-9200-214eb0163fc5: receive RaftClientReply:client-7538DDC4E776->1b229672-9fc1-42d6-9200-214eb0163fc5@group-440AB812C07F, cid=1635, SUCCESS, logIndex=2345, commits[1b229672-9fc1-42d6-9200-214eb0163fc5:c2345, 4cc0758a-96f5-4ab9-816d-81d822da247a:c2343, 8693c47f-40a3-4a1c-b7ba-6ed996b9183c:c2343]
2019-07-08 22:29:46,592 INFO  client.GrpcClientProtocolClient (GrpcClientProtocolClient.java:onNext(255)) - client-7538DDC4E776->1b229672-9fc1-42d6-9200-214eb0163fc5: receive RaftClientReply:client-7538DDC4E776->1b229672-9fc1-42d6-9200-214eb0163fc5@group-440AB812C07F, cid=1636, SUCCESS, logIndex=2346, commits[1b229672-9fc1-42d6-9200-214eb0163fc5:c2347, 4cc0758a-96f5-4ab9-816d-81d822da247a:c2343, 8693c47f-40a3-4a1c-b7ba-6ed996b9183c:c2343]
2019-07-08 22:29:46,592 INFO  client.GrpcClientProtocolClient (GrpcClientProtocolClient.java:onNext(255)) - client-7538DDC4E776->1b229672-9fc1-42d6-9200-214eb0163fc5: receive RaftClientReply:client-7538DDC4E776->1b229672-9fc1-42d6-9200-214eb0163fc5@group-440AB812C07F, cid=1637, SUCCESS, logIndex=2347, commits[1b229672-9fc1-42d6-9200-214eb0163fc5:c2347, 4cc0758a-96f5-4ab9-816d-81d822da247a:c2343, 8693c47f-40a3-4a1c-b7ba-6ed996b9183c:c2343]
2019-07-08 22:29:46,593 INFO  client.GrpcClientProtocolClient (GrpcClientProtocolClient.java:onNext(255)) - client-7538DDC4E776->1b229672-9fc1-42d6-9200-214eb0163fc5: receive RaftClientReply:client-7538DDC4E776->1b229672-9fc1-42d6-9200-214eb0163fc5@group-440AB812C07F, cid=1638, SUCCESS, logIndex=0, commits[1b229672-9fc1-42d6-9200-214eb0163fc5:c2349, 4cc0758a-96f5-4ab9-816d-81d822da247a:c2345, 8693c47f-40a3-4a1c-b7ba-6ed996b9183c:c2345]
2019-07-08 22:29:46,612 INFO  client.GrpcClientProtocolClient (GrpcClientProtocolClient.java:onNext(255)) - client-7538DDC4E776->1b229672-9fc1-42d6-9200-214eb0163fc5: receive RaftClientReply:client-7538DDC4E776->1b229672-9fc1-42d6-9200-214eb0163fc5@group-440AB812C07F, cid=1639, SUCCESS, logIndex=2352, commits[1b229672-9fc1-42d6-9200-214eb0163fc5:c2353, 4cc0758a-96f5-4ab9-816d-81d822da247a:c2351, 8693c47f-40a3-4a1c-b7ba-6ed996b9183c:c2351]
2019-07-08 22:29:46,612 INFO  client.GrpcClientProtocolClient (GrpcClientProtocolClient.java:onNext(255)) - client-7538DDC4E776->1b229672-9fc1-42d6-9200-214eb0163fc5: receive RaftClientReply:client-7538DDC4E776->1b229672-9fc1-42d6-9200-214eb0163fc5@group-440AB812C07F, cid=1640, SUCCESS, logIndex=2353, commits[1b229672-9fc1-42d6-9200-214eb0163fc5:c2353, 4cc0758a-96f5-4ab9-816d-81d822da247a:c2351, 8693c47f-40a3-4a1c-b7ba-6ed996b9183c:c2351]
2019-07-08 22:29:46,627 INFO  client.GrpcClientProtocolClient (GrpcClientProtocolClient.java:onNext(255)) - client-7538DDC4E776->1b229672-9fc1-42d6-9200-214eb0163fc5: receive RaftClientReply:client-7538DDC4E776->1b229672-9fc1-42d6-9200-214eb0163fc5@group-440AB812C07F, cid=1641, SUCCESS, logIndex=2356, commits[1b229672-9fc1-42d6-9200-214eb0163fc5:c2357, 4cc0758a-96f5-4ab9-816d-81d822da247a:c2353, 8693c47f-40a3-4a1c-b7ba-6ed996b9183c:c2353]
2019-07-08 22:29:46,627 INFO  client.GrpcClientProtocolClient (GrpcClientProtocolClient.java:onNext(255)) - client-7538DDC4E776->1b229672-9fc1-42d6-9200-214eb0163fc5: receive RaftClientReply:client-7538DDC4E776->1b229672-9fc1-42d6-9200-214eb0163fc5@group-440AB812C07F, cid=1642, SUCCESS, logIndex=2357, commits[1b229672-9fc1-42d6-9200-214eb0163fc5:c2357, 4cc0758a-96f5-4ab9-816d-81d822da247a:c2353, 8693c47f-40a3-4a1c-b7ba-6ed996b9183c:c2353]
2019-07-08 22:29:46,641 INFO  client.GrpcClientProtocolClient (GrpcClientProtocolClient.java:onNext(255)) - client-7538DDC4E776->1b229672-9fc1-42d6-9200-214eb0163fc5: receive RaftClientReply:client-7538DDC4E776->1b229672-9fc1-42d6-9200-214eb0163fc5@group-440AB812C07F, cid=1643, SUCCESS, logIndex=0, commits[1b229672-9fc1-42d6-9200-214eb0163fc5:c2358, 4cc0758a-96f5-4ab9-816d-81d822da247a:c2357, 8693c47f-40a3-4a1c-b7ba-6ed996b9183c:c2357]
2019-07-08 22:29:46,666 INFO  client.GrpcClientProtocolClient (GrpcClientProtocolClient.java:onNext(255)) - client-7538DDC4E776->1b229672-9fc1-42d6-9200-214eb0163fc5: receive RaftClientReply:client-7538DDC4E776->1b229672-9fc1-42d6-9200-214eb0163fc5@group-440AB812C07F, cid=1644, SUCCESS, logIndex=2360, commits[1b229672-9fc1-42d6-9200-214eb0163fc5:c2361, 4cc0758a-96f5-4ab9-816d-81d822da247a:c2359, 8693c47f-40a3-4a1c-b7ba-6ed996b9183c:c2359]
2019-07-08 22:29:46,667 INFO  client.GrpcClientProtocolClient (GrpcClientProtocolClient.java:onNext(255)) - client-7538DDC4E776->1b229672-9fc1-42d6-9200-214eb0163fc5: receive RaftClientReply:client-7538DDC4E776->1b229672-9fc1-42d6-9200-214eb0163fc5@group-440AB812C07F, cid=1645, SUCCESS, logIndex=2361, commits[1b229672-9fc1-42d6-9200-214eb0163fc5:c2361, 4cc0758a-96f5-4ab9-816d-81d822da247a:c2359, 8693c47f-40a3-4a1c-b7ba-6ed996b9183c:c2359]
2019-07-08 22:29:46,667 INFO  client.GrpcClientProtocolClient (GrpcClientProtocolClient.java:onNext(255)) - client-7538DDC4E776->1b229672-9fc1-42d6-9200-214eb0163fc5: receive RaftClientReply:client-7538DDC4E776->1b229672-9fc1-42d6-9200-214eb0163fc5@group-440AB812C07F, cid=1646, SUCCESS, logIndex=2362, commits[1b229672-9fc1-42d6-9200-214eb0163fc5:c2363, 4cc0758a-96f5-4ab9-816d-81d822da247a:c2359, 8693c47f-40a3-4a1c-b7ba-6ed996b9183c:c2359]
2019-07-08 22:29:46,667 INFO  client.GrpcClientProtocolClient (GrpcClientProtocolClient.java:onNext(255)) - client-7538DDC4E776->1b229672-9fc1-42d6-9200-214eb0163fc5: receive RaftClientReply:client-7538DDC4E776->1b229672-9fc1-42d6-9200-214eb0163fc5@group-440AB812C07F, cid=1647, SUCCESS, logIndex=2363, commits[1b229672-9fc1-42d6-9200-214eb0163fc5:c2363, 4cc0758a-96f5-4ab9-816d-81d822da247a:c2359, 8693c47f-40a3-4a1c-b7ba-6ed996b9183c:c2359]
2019-07-08 22:29:46,671 INFO  client.GrpcClientProtocolClient (GrpcClientProtocolClient.java:onNext(255)) - client-7538DDC4E776->1b229672-9fc1-42d6-9200-214eb0163fc5: receive RaftClientReply:client-7538DDC4E776->1b229672-9fc1-42d6-9200-214eb0163fc5@group-440AB812C07F, cid=1648, SUCCESS, logIndex=0, commits[1b229672-9fc1-42d6-9200-214eb0163fc5:c2367, 4cc0758a-96f5-4ab9-816d-81d822da247a:c2363, 8693c47f-40a3-4a1c-b7ba-6ed996b9183c:c2361]
2019-07-08 22:29:46,693 INFO  client.GrpcClientProtocolClient (GrpcClientProtocolClient.java:onNext(255)) - client-7538DDC4E776->1b229672-9fc1-42d6-9200-214eb0163fc5: receive RaftClientReply:client-7538DDC4E776->1b229672-9fc1-42d6-9200-214eb0163fc5@group-440AB812C07F, cid=1649, SUCCESS, logIndex=2368, commits[1b229672-9fc1-42d6-9200-214eb0163fc5:c2369, 4cc0758a-96f5-4ab9-816d-81d822da247a:c2367, 8693c47f-40a3-4a1c-b7ba-6ed996b9183c:c2367]
2019-07-08 22:29:46,694 INFO  client.GrpcClientProtocolClient (GrpcClientProtocolClient.java:onNext(255)) - client-7538DDC4E776->1b229672-9fc1-42d6-9200-214eb0163fc5: receive RaftClientReply:client-7538DDC4E776->1b229672-9fc1-42d6-9200-214eb0163fc5@group-440AB812C07F, cid=1650, SUCCESS, logIndex=2369, commits[1b229672-9fc1-42d6-9200-214eb0163fc5:c2369, 4cc0758a-96f5-4ab9-816d-81d822da247a:c2367, 8693c47f-40a3-4a1c-b7ba-6ed996b9183c:c2367]
2019-07-08 22:29:46,707 INFO  client.GrpcClientProtocolClient (GrpcClientProtocolClient.java:onNext(255)) - client-7538DDC4E776->1b229672-9fc1-42d6-9200-214eb0163fc5: receive RaftClientReply:client-7538DDC4E776->1b229672-9fc1-42d6-9200-214eb0163fc5@group-440AB812C07F, cid=1651, SUCCESS, logIndex=2372, commits[1b229672-9fc1-42d6-9200-214eb0163fc5:c2373, 4cc0758a-96f5-4ab9-816d-81d822da247a:c2368, 8693c47f-40a3-4a1c-b7ba-6ed996b9183c:c2369]
2019-07-08 22:29:46,707 INFO  client.GrpcClientProtocolClient (GrpcClientProtocolClient.java:onNext(255)) - client-7538DDC4E776->1b229672-9fc1-42d6-9200-214eb0163fc5: receive RaftClientReply:client-7538DDC4E776->1b229672-9fc1-42d6-9200-214eb0163fc5@group-440AB812C07F, cid=1652, SUCCESS, logIndex=2373, commits[1b229672-9fc1-42d6-9200-214eb0163fc5:c2373, 4cc0758a-96f5-4ab9-816d-81d822da247a:c2369, 8693c47f-40a3-4a1c-b7ba-6ed996b9183c:c2369]
2019-07-08 22:29:46,709 INFO  client.GrpcClientProtocolClient (GrpcClientProtocolClient.java:onNext(255)) - client-7538DDC4E776->1b229672-9fc1-42d6-9200-214eb0163fc5: receive RaftClientReply:client-7538DDC4E776->1b229672-9fc1-42d6-9200-214eb0163fc5@group-440AB812C07F, cid=1653, SUCCESS, logIndex=0, commits[1b229672-9fc1-42d6-9200-214eb0163fc5:c2374, 4cc0758a-96f5-4ab9-816d-81d822da247a:c2373, 8693c47f-40a3-4a1c-b7ba-6ed996b9183c:c2373]
2019-07-08 22:29:46,736 INFO  client.GrpcClientProtocolClient (GrpcClientProtocolClient.java:onNext(255)) - client-7538DDC4E776->1b229672-9fc1-42d6-9200-214eb0163fc5: receive RaftClientReply:client-7538DDC4E776->1b229672-9fc1-42d6-9200-214eb0163fc5@group-440AB812C07F, cid=1654, SUCCESS, logIndex=2376, commits[1b229672-9fc1-42d6-9200-214eb0163fc5:c2377, 4cc0758a-96f5-4ab9-816d-81d822da247a:c2375, 8693c47f-40a3-4a1c-b7ba-6ed996b9183c:c2375]
2019-07-08 22:29:46,736 INFO  client.GrpcClientProtocolClient (GrpcClientProtocolClient.java:onNext(255)) - client-7538DDC4E776->1b229672-9fc1-42d6-9200-214eb0163fc5: receive RaftClientReply:client-7538DDC4E776->1b229672-9fc1-42d6-9200-214eb0163fc5@group-440AB812C07F, cid=1655, SUCCESS, logIndex=2377, commits[1b229672-9fc1-42d6-9200-214eb0163fc5:c2377, 4cc0758a-96f5-4ab9-816d-81d822da247a:c2375, 8693c47f-40a3-4a1c-b7ba-6ed996b9183c:c2375]
2019-07-08 22:29:46,737 INFO  client.GrpcClientProtocolClient (GrpcClientProtocolClient.java:onNext(255)) - client-7538DDC4E776->1b229672-9fc1-42d6-9200-214eb0163fc5: receive RaftClientReply:client-7538DDC4E776->1b229672-9fc1-42d6-9200-214eb0163fc5@group-440AB812C07F, cid=1656, SUCCESS, logIndex=2378, commits[1b229672-9fc1-42d6-9200-214eb0163fc5:c2379, 4cc0758a-96f5-4ab9-816d-81d822da247a:c2375, 8693c47f-40a3-4a1c-b7ba-6ed996b9183c:c2375]
2019-07-08 22:29:46,737 INFO  client.GrpcClientProtocolClient (GrpcClientProtocolClient.java:onNext(255)) - client-7538DDC4E776->1b229672-9fc1-42d6-9200-214eb0163fc5: receive RaftClientReply:client-7538DDC4E776->1b229672-9fc1-42d6-9200-214eb0163fc5@group-440AB812C07F, cid=1657, SUCCESS, logIndex=2379, commits[1b229672-9fc1-42d6-9200-214eb0163fc5:c2379, 4cc0758a-96f5-4ab9-816d-81d822da247a:c2375, 8693c47f-40a3-4a1c-b7ba-6ed996b9183c:c2375]
2019-07-08 22:29:46,750 INFO  client.GrpcClientProtocolClient (GrpcClientProtocolClient.java:onNext(255)) - client-7538DDC4E776->1b229672-9fc1-42d6-9200-214eb0163fc5: receive RaftClientReply:client-7538DDC4E776->1b229672-9fc1-42d6-9200-214eb0163fc5@group-440AB812C07F, cid=1658, SUCCESS, logIndex=0, commits[1b229672-9fc1-42d6-9200-214eb0163fc5:c2381, 4cc0758a-96f5-4ab9-816d-81d822da247a:c2377, 8693c47f-40a3-4a1c-b7ba-6ed996b9183c:c2377]
2019-07-08 22:29:46,791 INFO  client.GrpcClientProtocolClient (GrpcClientProtocolClient.java:onNext(255)) - client-7538DDC4E776->1b229672-9fc1-42d6-9200-214eb0163fc5: receive RaftClientReply:client-7538DDC4E776->1b229672-9fc1-42d6-9200-214eb0163fc5@group-440AB812C07F, cid=1659, SUCCESS, logIndex=2384, commits[1b229672-9fc1-42d6-9200-214eb0163fc5:c2385, 4cc0758a-96f5-4ab9-816d-81d822da247a:c2383, 8693c47f-40a3-4a1c-b7ba-6ed996b9183c:c2383]
2019-07-08 22:29:46,792 INFO  client.GrpcClientProtocolClient (GrpcClientProtocolClient.java:onNext(255)) - client-7538DDC4E776->1b229672-9fc1-42d6-9200-214eb0163fc5: receive RaftClientReply:client-7538DDC4E776->1b229672-9fc1-42d6-9200-214eb0163fc5@group-440AB812C07F, cid=1660, SUCCESS, logIndex=2385, commits[1b229672-9fc1-42d6-9200-214eb0163fc5:c2385, 4cc0758a-96f5-4ab9-816d-81d822da247a:c2383, 8693c47f-40a3-4a1c-b7ba-6ed996b9183c:c2383]
 0.00% |█                                                                                                    |  0/1 Time: 0:00:132019-07-08 22:29:46,816 INFO  client.GrpcClientProtocolClient (GrpcClientProtocolClient.java:onNext(255)) - client-7538DDC4E776->1b229672-9fc1-42d6-9200-214eb0163fc5: receive RaftClientReply:client-7538DDC4E776->1b229672-9fc1-42d6-9200-214eb0163fc5@group-440AB812C07F, cid=1661, SUCCESS, logIndex=2388, commits[1b229672-9fc1-42d6-9200-214eb0163fc5:c2389, 4cc0758a-96f5-4ab9-816d-81d822da247a:c2385, 8693c47f-40a3-4a1c-b7ba-6ed996b9183c:c2385]
2019-07-08 22:29:46,816 INFO  client.GrpcClientProtocolClient (GrpcClientProtocolClient.java:onNext(255)) - client-7538DDC4E776->1b229672-9fc1-42d6-9200-214eb0163fc5: receive RaftClientReply:client-7538DDC4E776->1b229672-9fc1-42d6-9200-214eb0163fc5@group-440AB812C07F, cid=1662, SUCCESS, logIndex=2389, commits[1b229672-9fc1-42d6-9200-214eb0163fc5:c2389, 4cc0758a-96f5-4ab9-816d-81d822da247a:c2385, 8693c47f-40a3-4a1c-b7ba-6ed996b9183c:c2385]
2019-07-08 22:29:46,829 INFO  client.GrpcClientProtocolClient (GrpcClientProtocolClient.java:onNext(255)) - client-7538DDC4E776->1b229672-9fc1-42d6-9200-214eb0163fc5: receive RaftClientReply:client-7538DDC4E776->1b229672-9fc1-42d6-9200-214eb0163fc5@group-440AB812C07F, cid=1663, SUCCESS, logIndex=0, commits[1b229672-9fc1-42d6-9200-214eb0163fc5:c2391, 4cc0758a-96f5-4ab9-816d-81d822da247a:c2389, 8693c47f-40a3-4a1c-b7ba-6ed996b9183c:c2389]
2019-07-08 22:29:46,859 INFO  client.GrpcClientProtocolClient (GrpcClientProtocolClient.java:onNext(255)) - client-7538DDC4E776->1b229672-9fc1-42d6-9200-214eb0163fc5: receive RaftClientReply:client-7538DDC4E776->1b229672-9fc1-42d6-9200-214eb0163fc5@group-440AB812C07F, cid=1664, SUCCESS, logIndex=2392, commits[1b229672-9fc1-42d6-9200-214eb0163fc5:c2393, 4cc0758a-96f5-4ab9-816d-81d822da247a:c2391, 8693c47f-40a3-4a1c-b7ba-6ed996b9183c:c2391]
2019-07-08 22:29:46,859 INFO  client.GrpcClientProtocolClient (GrpcClientProtocolClient.java:onNext(255)) - client-7538DDC4E776->1b229672-9fc1-42d6-9200-214eb0163fc5: receive RaftClientReply:client-7538DDC4E776->1b229672-9fc1-42d6-9200-214eb0163fc5@group-440AB812C07F, cid=1665, SUCCESS, logIndex=2393, commits[1b229672-9fc1-42d6-9200-214eb0163fc5:c2394, 4cc0758a-96f5-4ab9-816d-81d822da247a:c2391, 8693c47f-40a3-4a1c-b7ba-6ed996b9183c:c2391]
2019-07-08 22:29:46,860 INFO  client.GrpcClientProtocolClient (GrpcClientProtocolClient.java:onNext(255)) - client-7538DDC4E776->1b229672-9fc1-42d6-9200-214eb0163fc5: receive RaftClientReply:client-7538DDC4E776->1b229672-9fc1-42d6-9200-214eb0163fc5@group-440AB812C07F, cid=1666, SUCCESS, logIndex=2394, commits[1b229672-9fc1-42d6-9200-214eb0163fc5:c2395, 4cc0758a-96f5-4ab9-816d-81d822da247a:c2391, 8693c47f-40a3-4a1c-b7ba-6ed996b9183c:c2391]
2019-07-08 22:29:46,860 INFO  client.GrpcClientProtocolClient (GrpcClientProtocolClient.java:onNext(255)) - client-7538DDC4E776->1b229672-9fc1-42d6-9200-214eb0163fc5: receive RaftClientReply:client-7538DDC4E776->1b229672-9fc1-42d6-9200-214eb0163fc5@group-440AB812C07F, cid=1667, SUCCESS, logIndex=2395, commits[1b229672-9fc1-42d6-9200-214eb0163fc5:c2395, 4cc0758a-96f5-4ab9-816d-81d822da247a:c2391, 8693c47f-40a3-4a1c-b7ba-6ed996b9183c:c2391]
2019-07-08 22:29:46,861 INFO  client.GrpcClientProtocolClient (GrpcClientProtocolClient.java:onNext(255)) - client-7538DDC4E776->1b229672-9fc1-42d6-9200-214eb0163fc5: receive RaftClientReply:client-7538DDC4E776->1b229672-9fc1-42d6-9200-214eb0163fc5@group-440AB812C07F, cid=1668, SUCCESS, logIndex=0, commits[1b229672-9fc1-42d6-9200-214eb0163fc5:c2396, 4cc0758a-96f5-4ab9-816d-81d822da247a:c2393, 8693c47f-40a3-4a1c-b7ba-6ed996b9183c:c2393]
2019-07-08 22:29:46,883 INFO  client.GrpcClientProtocolClient (GrpcClientProtocolClient.java:onNext(255)) - client-7538DDC4E776->1b229672-9fc1-42d6-9200-214eb0163fc5: receive RaftClientReply:client-7538DDC4E776->1b229672-9fc1-42d6-9200-214eb0163fc5@group-440AB812C07F, cid=1669, SUCCESS, logIndex=2400, commits[1b229672-9fc1-42d6-9200-214eb0163fc5:c2401, 4cc0758a-96f5-4ab9-816d-81d822da247a:c2399, 8693c47f-40a3-4a1c-b7ba-6ed996b9183c:c2399]
2019-07-08 22:29:46,884 INFO  client.GrpcClientProtocolClient (GrpcClientProtocolClient.java:onNext(255)) - client-7538DDC4E776->1b229672-9fc1-42d6-9200-214eb0163fc5: receive RaftClientReply:client-7538DDC4E776->1b229672-9fc1-42d6-9200-214eb0163fc5@group-440AB812C07F, cid=1670, SUCCESS, logIndex=2401, commits[1b229672-9fc1-42d6-9200-214eb0163fc5:c2401, 4cc0758a-96f5-4ab9-816d-81d822da247a:c2399, 8693c47f-40a3-4a1c-b7ba-6ed996b9183c:c2399]
2019-07-08 22:29:46,897 INFO  client.GrpcClientProtocolClient (GrpcClientProtocolClient.java:onNext(255)) - client-7538DDC4E776->1b229672-9fc1-42d6-9200-214eb0163fc5: receive RaftClientReply:client-7538DDC4E776->1b229672-9fc1-42d6-9200-214eb0163fc5@group-440AB812C07F, cid=1671, SUCCESS, logIndex=2404, commits[1b229672-9fc1-42d6-9200-214eb0163fc5:c2405, 4cc0758a-96f5-4ab9-816d-81d822da247a:c2401, 8693c47f-40a3-4a1c-b7ba-6ed996b9183c:c2401]
2019-07-08 22:29:46,898 INFO  client.GrpcClientProtocolClient (GrpcClientProtocolClient.java:onNext(255)) - client-7538DDC4E776->1b229672-9fc1-42d6-9200-214eb0163fc5: receive RaftClientReply:client-7538DDC4E776->1b229672-9fc1-42d6-9200-214eb0163fc5@group-440AB812C07F, cid=1672, SUCCESS, logIndex=2405, commits[1b229672-9fc1-42d6-9200-214eb0163fc5:c2405, 4cc0758a-96f5-4ab9-816d-81d822da247a:c2401, 8693c47f-40a3-4a1c-b7ba-6ed996b9183c:c2401]
2019-07-08 22:29:46,909 INFO  client.GrpcClientProtocolClient (GrpcClientProtocolClient.java:onNext(255)) - client-7538DDC4E776->1b229672-9fc1-42d6-9200-214eb0163fc5: receive RaftClientReply:client-7538DDC4E776->1b229672-9fc1-42d6-9200-214eb0163fc5@group-440AB812C07F, cid=1673, SUCCESS, logIndex=0, commits[1b229672-9fc1-42d6-9200-214eb0163fc5:c2406, 4cc0758a-96f5-4ab9-816d-81d822da247a:c2405, 8693c47f-40a3-4a1c-b7ba-6ed996b9183c:c2405]
2019-07-08 22:29:46,937 INFO  client.GrpcClientProtocolClient (GrpcClientProtocolClient.java:onNext(255)) - client-7538DDC4E776->1b229672-9fc1-42d6-9200-214eb0163fc5: receive RaftClientReply:client-7538DDC4E776->1b229672-9fc1-42d6-9200-214eb0163fc5@group-440AB812C07F, cid=1674, SUCCESS, logIndex=2408, commits[1b229672-9fc1-42d6-9200-214eb0163fc5:c2408, 4cc0758a-96f5-4ab9-816d-81d822da247a:c2407, 8693c47f-40a3-4a1c-b7ba-6ed996b9183c:c2407]
2019-07-08 22:29:46,938 INFO  client.GrpcClientProtocolClient (GrpcClientProtocolClient.java:onNext(255)) - client-7538DDC4E776->1b229672-9fc1-42d6-9200-214eb0163fc5: receive RaftClientReply:client-7538DDC4E776->1b229672-9fc1-42d6-9200-214eb0163fc5@group-440AB812C07F, cid=1675, SUCCESS, logIndex=2409, commits[1b229672-9fc1-42d6-9200-214eb0163fc5:c2411, 4cc0758a-96f5-4ab9-816d-81d822da247a:c2407, 8693c47f-40a3-4a1c-b7ba-6ed996b9183c:c2407]
2019-07-08 22:29:46,938 INFO  client.GrpcClientProtocolClient (GrpcClientProtocolClient.java:onNext(255)) - client-7538DDC4E776->1b229672-9fc1-42d6-9200-214eb0163fc5: receive RaftClientReply:client-7538DDC4E776->1b229672-9fc1-42d6-9200-214eb0163fc5@group-440AB812C07F, cid=1676, SUCCESS, logIndex=2410, commits[1b229672-9fc1-42d6-9200-214eb0163fc5:c2412, 4cc0758a-96f5-4ab9-816d-81d822da247a:c2408, 8693c47f-40a3-4a1c-b7ba-6ed996b9183c:c2407]
2019-07-08 22:29:46,938 INFO  client.GrpcClientProtocolClient (GrpcClientProtocolClient.java:onNext(255)) - client-7538DDC4E776->1b229672-9fc1-42d6-9200-214eb0163fc5: receive RaftClientReply:client-7538DDC4E776->1b229672-9fc1-42d6-9200-214eb0163fc5@group-440AB812C07F, cid=1677, SUCCESS, logIndex=2411, commits[1b229672-9fc1-42d6-9200-214eb0163fc5:c2412, 4cc0758a-96f5-4ab9-816d-81d822da247a:c2408, 8693c47f-40a3-4a1c-b7ba-6ed996b9183c:c2408]
2019-07-08 22:29:46,939 INFO  client.GrpcClientProtocolClient (GrpcClientProtocolClient.java:onNext(255)) - client-7538DDC4E776->1b229672-9fc1-42d6-9200-214eb0163fc5: receive RaftClientReply:client-7538DDC4E776->1b229672-9fc1-42d6-9200-214eb0163fc5@group-440AB812C07F, cid=1678, SUCCESS, logIndex=0, commits[1b229672-9fc1-42d6-9200-214eb0163fc5:c2413, 4cc0758a-96f5-4ab9-816d-81d822da247a:c2411, 8693c47f-40a3-4a1c-b7ba-6ed996b9183c:c2411]
2019-07-08 22:29:46,960 INFO  client.GrpcClientProtocolClient (GrpcClientProtocolClient.java:onNext(255)) - client-7538DDC4E776->1b229672-9fc1-42d6-9200-214eb0163fc5: receive RaftClientReply:client-7538DDC4E776->1b229672-9fc1-42d6-9200-214eb0163fc5@group-440AB812C07F, cid=1679, SUCCESS, logIndex=2414, commits[1b229672-9fc1-42d6-9200-214eb0163fc5:c2415, 4cc0758a-96f5-4ab9-816d-81d822da247a:c2413, 8693c47f-40a3-4a1c-b7ba-6ed996b9183c:c2413]
2019-07-08 22:29:46,961 INFO  client.GrpcClientProtocolClient (GrpcClientProtocolClient.java:onNext(255)) - client-7538DDC4E776->1b229672-9fc1-42d6-9200-214eb0163fc5: receive RaftClientReply:client-7538DDC4E776->1b229672-9fc1-42d6-9200-214eb0163fc5@group-440AB812C07F, cid=1680, SUCCESS, logIndex=2415, commits[1b229672-9fc1-42d6-9200-214eb0163fc5:c2415, 4cc0758a-96f5-4ab9-816d-81d822da247a:c2413, 8693c47f-40a3-4a1c-b7ba-6ed996b9183c:c2413]
2019-07-08 22:29:47,070 INFO  client.GrpcClientProtocolClient (GrpcClientProtocolClient.java:onNext(255)) - client-7538DDC4E776->1b229672-9fc1-42d6-9200-214eb0163fc5: receive RaftClientReply:client-7538DDC4E776->1b229672-9fc1-42d6-9200-214eb0163fc5@group-440AB812C07F, cid=1681, SUCCESS, logIndex=2418, commits[1b229672-9fc1-42d6-9200-214eb0163fc5:c2419, 4cc0758a-96f5-4ab9-816d-81d822da247a:c2416, 8693c47f-40a3-4a1c-b7ba-6ed996b9183c:c2416]
2019-07-08 22:29:47,071 INFO  client.GrpcClientProtocolClient (GrpcClientProtocolClient.java:onNext(255)) - client-7538DDC4E776->1b229672-9fc1-42d6-9200-214eb0163fc5: receive RaftClientReply:client-7538DDC4E776->1b229672-9fc1-42d6-9200-214eb0163fc5@group-440AB812C07F, cid=1682, SUCCESS, logIndex=2419, commits[1b229672-9fc1-42d6-9200-214eb0163fc5:c2419, 4cc0758a-96f5-4ab9-816d-81d822da247a:c2416, 8693c47f-40a3-4a1c-b7ba-6ed996b9183c:c2416]
2019-07-08 22:29:47,083 INFO  client.GrpcClientProtocolClient (GrpcClientProtocolClient.java:onNext(255)) - client-7538DDC4E776->1b229672-9fc1-42d6-9200-214eb0163fc5: receive RaftClientReply:client-7538DDC4E776->1b229672-9fc1-42d6-9200-214eb0163fc5@group-440AB812C07F, cid=1683, SUCCESS, logIndex=0, commits[1b229672-9fc1-42d6-9200-214eb0163fc5:c2421, 4cc0758a-96f5-4ab9-816d-81d822da247a:c2419, 8693c47f-40a3-4a1c-b7ba-6ed996b9183c:c2419]
2019-07-08 22:29:47,111 INFO  client.GrpcClientProtocolClient (GrpcClientProtocolClient.java:onNext(255)) - client-7538DDC4E776->1b229672-9fc1-42d6-9200-214eb0163fc5: receive RaftClientReply:client-7538DDC4E776->1b229672-9fc1-42d6-9200-214eb0163fc5@group-440AB812C07F, cid=1684, SUCCESS, logIndex=2422, commits[1b229672-9fc1-42d6-9200-214eb0163fc5:c2423, 4cc0758a-96f5-4ab9-816d-81d822da247a:c2421, 8693c47f-40a3-4a1c-b7ba-6ed996b9183c:c2421]
2019-07-08 22:29:47,112 INFO  client.GrpcClientProtocolClient (GrpcClientProtocolClient.java:onNext(255)) - client-7538DDC4E776->1b229672-9fc1-42d6-9200-214eb0163fc5: receive RaftClientReply:client-7538DDC4E776->1b229672-9fc1-42d6-9200-214eb0163fc5@group-440AB812C07F, cid=1685, SUCCESS, logIndex=2423, commits[1b229672-9fc1-42d6-9200-214eb0163fc5:c2425, 4cc0758a-96f5-4ab9-816d-81d822da247a:c2421, 8693c47f-40a3-4a1c-b7ba-6ed996b9183c:c2421]
2019-07-08 22:29:47,112 INFO  client.GrpcClientProtocolClient (GrpcClientProtocolClient.java:onNext(255)) - client-7538DDC4E776->1b229672-9fc1-42d6-9200-214eb0163fc5: receive RaftClientReply:client-7538DDC4E776->1b229672-9fc1-42d6-9200-214eb0163fc5@group-440AB812C07F, cid=1686, SUCCESS, logIndex=2424, commits[1b229672-9fc1-42d6-9200-214eb0163fc5:c2425, 4cc0758a-96f5-4ab9-816d-81d822da247a:c2421, 8693c47f-40a3-4a1c-b7ba-6ed996b9183c:c2421]
2019-07-08 22:29:47,113 INFO  client.GrpcClientProtocolClient (GrpcClientProtocolClient.java:onNext(255)) - client-7538DDC4E776->1b229672-9fc1-42d6-9200-214eb0163fc5: receive RaftClientReply:client-7538DDC4E776->1b229672-9fc1-42d6-9200-214eb0163fc5@group-440AB812C07F, cid=1687, SUCCESS, logIndex=2425, commits[1b229672-9fc1-42d6-9200-214eb0163fc5:c2425, 4cc0758a-96f5-4ab9-816d-81d822da247a:c2421, 8693c47f-40a3-4a1c-b7ba-6ed996b9183c:c2421]
2019-07-08 22:29:47,126 INFO  client.GrpcClientProtocolClient (GrpcClientProtocolClient.java:onNext(255)) - client-7538DDC4E776->1b229672-9fc1-42d6-9200-214eb0163fc5: receive RaftClientReply:client-7538DDC4E776->1b229672-9fc1-42d6-9200-214eb0163fc5@group-440AB812C07F, cid=1688, SUCCESS, logIndex=0, commits[1b229672-9fc1-42d6-9200-214eb0163fc5:c2427, 4cc0758a-96f5-4ab9-816d-81d822da247a:c2423, 8693c47f-40a3-4a1c-b7ba-6ed996b9183c:c2423]
2019-07-08 22:29:47,146 INFO  client.GrpcClientProtocolClient (GrpcClientProtocolClient.java:onNext(255)) - client-7538DDC4E776->1b229672-9fc1-42d6-9200-214eb0163fc5: receive RaftClientReply:client-7538DDC4E776->1b229672-9fc1-42d6-9200-214eb0163fc5@group-440AB812C07F, cid=1689, SUCCESS, logIndex=2429, commits[1b229672-9fc1-42d6-9200-214eb0163fc5:c2429, 4cc0758a-96f5-4ab9-816d-81d822da247a:c2428, 8693c47f-40a3-4a1c-b7ba-6ed996b9183c:c2428]
2019-07-08 22:29:47,146 INFO  client.GrpcClientProtocolClient (GrpcClientProtocolClient.java:onNext(255)) - client-7538DDC4E776->1b229672-9fc1-42d6-9200-214eb0163fc5: receive RaftClientReply:client-7538DDC4E776->1b229672-9fc1-42d6-9200-214eb0163fc5@group-440AB812C07F, cid=1690, SUCCESS, logIndex=2430, commits[1b229672-9fc1-42d6-9200-214eb0163fc5:c2430, 4cc0758a-96f5-4ab9-816d-81d822da247a:c2428, 8693c47f-40a3-4a1c-b7ba-6ed996b9183c:c2428]
2019-07-08 22:29:47,159 INFO  client.GrpcClientProtocolClient (GrpcClientProtocolClient.java:onNext(255)) - client-7538DDC4E776->1b229672-9fc1-42d6-9200-214eb0163fc5: receive RaftClientReply:client-7538DDC4E776->1b229672-9fc1-42d6-9200-214eb0163fc5@group-440AB812C07F, cid=1691, SUCCESS, logIndex=2433, commits[1b229672-9fc1-42d6-9200-214eb0163fc5:c2434, 4cc0758a-96f5-4ab9-816d-81d822da247a:c2430, 8693c47f-40a3-4a1c-b7ba-6ed996b9183c:c2429]
2019-07-08 22:29:47,159 INFO  client.GrpcClientProtocolClient (GrpcClientProtocolClient.java:onNext(255)) - client-7538DDC4E776->1b229672-9fc1-42d6-9200-214eb0163fc5: receive RaftClientReply:client-7538DDC4E776->1b229672-9fc1-42d6-9200-214eb0163fc5@group-440AB812C07F, cid=1692, SUCCESS, logIndex=2434, commits[1b229672-9fc1-42d6-9200-214eb0163fc5:c2434, 4cc0758a-96f5-4ab9-816d-81d822da247a:c2430, 8693c47f-40a3-4a1c-b7ba-6ed996b9183c:c2429]
2019-07-08 22:29:47,169 INFO  client.GrpcClientProtocolClient (GrpcClientProtocolClient.java:onNext(255)) - client-7538DDC4E776->1b229672-9fc1-42d6-9200-214eb0163fc5: receive RaftClientReply:client-7538DDC4E776->1b229672-9fc1-42d6-9200-214eb0163fc5@group-440AB812C07F, cid=1693, SUCCESS, logIndex=0, commits[1b229672-9fc1-42d6-9200-214eb0163fc5:c2434, 4cc0758a-96f5-4ab9-816d-81d822da247a:c2430, 8693c47f-40a3-4a1c-b7ba-6ed996b9183c:c2430]
2019-07-08 22:29:47,170 INFO  client.GrpcClientProtocolClient (GrpcClientProtocolClient.java:onNext(255)) - client-7538DDC4E776->1b229672-9fc1-42d6-9200-214eb0163fc5: receive RaftClientReply:client-7538DDC4E776->1b229672-9fc1-42d6-9200-214eb0163fc5@group-440AB812C07F, cid=1694, SUCCESS, logIndex=0, commits[1b229672-9fc1-42d6-9200-214eb0163fc5:c2435, 4cc0758a-96f5-4ab9-816d-81d822da247a:c2434, 8693c47f-40a3-4a1c-b7ba-6ed996b9183c:c2434]
2019-07-08 22:29:47,200 INFO  client.GrpcClientProtocolClient (GrpcClientProtocolClient.java:onNext(255)) - client-7538DDC4E776->1b229672-9fc1-42d6-9200-214eb0163fc5: receive RaftClientReply:client-7538DDC4E776->1b229672-9fc1-42d6-9200-214eb0163fc5@group-440AB812C07F, cid=1695, SUCCESS, logIndex=2437, commits[1b229672-9fc1-42d6-9200-214eb0163fc5:c2438, 4cc0758a-96f5-4ab9-816d-81d822da247a:c2436, 8693c47f-40a3-4a1c-b7ba-6ed996b9183c:c2436]
2019-07-08 22:29:47,200 INFO  client.GrpcClientProtocolClient (GrpcClientProtocolClient.java:onNext(255)) - client-7538DDC4E776->1b229672-9fc1-42d6-9200-214eb0163fc5: receive RaftClientReply:client-7538DDC4E776->1b229672-9fc1-42d6-9200-214eb0163fc5@group-440AB812C07F, cid=1696, SUCCESS, logIndex=2438, commits[1b229672-9fc1-42d6-9200-214eb0163fc5:c2440, 4cc0758a-96f5-4ab9-816d-81d822da247a:c2436, 8693c47f-40a3-4a1c-b7ba-6ed996b9183c:c2436]
2019-07-08 22:29:47,201 INFO  client.GrpcClientProtocolClient (GrpcClientProtocolClient.java:onNext(255)) - client-7538DDC4E776->1b229672-9fc1-42d6-9200-214eb0163fc5: receive RaftClientReply:client-7538DDC4E776->1b229672-9fc1-42d6-9200-214eb0163fc5@group-440AB812C07F, cid=1697, SUCCESS, logIndex=2439, commits[1b229672-9fc1-42d6-9200-214eb0163fc5:c2440, 4cc0758a-96f5-4ab9-816d-81d822da247a:c2436, 8693c47f-40a3-4a1c-b7ba-6ed996b9183c:c2436]
2019-07-08 22:29:47,201 INFO  client.GrpcClientProtocolClient (GrpcClientProtocolClient.java:onNext(255)) - client-7538DDC4E776->1b229672-9fc1-42d6-9200-214eb0163fc5: receive RaftClientReply:client-7538DDC4E776->1b229672-9fc1-42d6-9200-214eb0163fc5@group-440AB812C07F, cid=1698, SUCCESS, logIndex=2440, commits[1b229672-9fc1-42d6-9200-214eb0163fc5:c2440, 4cc0758a-96f5-4ab9-816d-81d822da247a:c2436, 8693c47f-40a3-4a1c-b7ba-6ed996b9183c:c2436]
2019-07-08 22:29:47,214 INFO  client.GrpcClientProtocolClient (GrpcClientProtocolClient.java:onNext(255)) - client-7538DDC4E776->1b229672-9fc1-42d6-9200-214eb0163fc5: receive RaftClientReply:client-7538DDC4E776->1b229672-9fc1-42d6-9200-214eb0163fc5@group-440AB812C07F, cid=1699, SUCCESS, logIndex=0, commits[1b229672-9fc1-42d6-9200-214eb0163fc5:c2442, 4cc0758a-96f5-4ab9-816d-81d822da247a:c2438, 8693c47f-40a3-4a1c-b7ba-6ed996b9183c:c2438]
2019-07-08 22:29:47,226 INFO  client.GrpcClientProtocolClient (GrpcClientProtocolClient.java:onNext(255)) - client-7538DDC4E776->1b229672-9fc1-42d6-9200-214eb0163fc5: receive RaftClientReply:client-7538DDC4E776->1b229672-9fc1-42d6-9200-214eb0163fc5@group-440AB812C07F, cid=1700, SUCCESS, logIndex=2444, commits[1b229672-9fc1-42d6-9200-214eb0163fc5:c2445, 4cc0758a-96f5-4ab9-816d-81d822da247a:c2443, 8693c47f-40a3-4a1c-b7ba-6ed996b9183c:c2440]
2019-07-08 22:29:47,226 INFO  client.GrpcClientProtocolClient (GrpcClientProtocolClient.java:onNext(255)) - client-7538DDC4E776->1b229672-9fc1-42d6-9200-214eb0163fc5: receive RaftClientReply:client-7538DDC4E776->1b229672-9fc1-42d6-9200-214eb0163fc5@group-440AB812C07F, cid=1701, SUCCESS, logIndex=2445, commits[1b229672-9fc1-42d6-9200-214eb0163fc5:c2445, 4cc0758a-96f5-4ab9-816d-81d822da247a:c2443, 8693c47f-40a3-4a1c-b7ba-6ed996b9183c:c2443]
2019-07-08 22:29:47,237 INFO  client.GrpcClientProtocolClient (GrpcClientProtocolClient.java:onNext(255)) - client-7538DDC4E776->1b229672-9fc1-42d6-9200-214eb0163fc5: receive RaftClientReply:client-7538DDC4E776->1b229672-9fc1-42d6-9200-214eb0163fc5@group-440AB812C07F, cid=1702, SUCCESS, logIndex=2448, commits[1b229672-9fc1-42d6-9200-214eb0163fc5:c2449, 4cc0758a-96f5-4ab9-816d-81d822da247a:c2447, 8693c47f-40a3-4a1c-b7ba-6ed996b9183c:c2445]
2019-07-08 22:29:47,237 INFO  client.GrpcClientProtocolClient (GrpcClientProtocolClient.java:onNext(255)) - client-7538DDC4E776->1b229672-9fc1-42d6-9200-214eb0163fc5: receive RaftClientReply:client-7538DDC4E776->1b229672-9fc1-42d6-9200-214eb0163fc5@group-440AB812C07F, cid=1703, SUCCESS, logIndex=2449, commits[1b229672-9fc1-42d6-9200-214eb0163fc5:c2449, 4cc0758a-96f5-4ab9-816d-81d822da247a:c2447, 8693c47f-40a3-4a1c-b7ba-6ed996b9183c:c2447]
2019-07-08 22:29:47,238 INFO  client.GrpcClientProtocolClient (GrpcClientProtocolClient.java:onNext(255)) - client-7538DDC4E776->1b229672-9fc1-42d6-9200-214eb0163fc5: receive RaftClientReply:client-7538DDC4E776->1b229672-9fc1-42d6-9200-214eb0163fc5@group-440AB812C07F, cid=1704, SUCCESS, logIndex=0, commits[1b229672-9fc1-42d6-9200-214eb0163fc5:c2450, 4cc0758a-96f5-4ab9-816d-81d822da247a:c2449, 8693c47f-40a3-4a1c-b7ba-6ed996b9183c:c2449]
2019-07-08 22:29:47,255 INFO  client.GrpcClientProtocolClient (GrpcClientProtocolClient.java:onNext(255)) - client-7538DDC4E776->1b229672-9fc1-42d6-9200-214eb0163fc5: receive RaftClientReply:client-7538DDC4E776->1b229672-9fc1-42d6-9200-214eb0163fc5@group-440AB812C07F, cid=1705, SUCCESS, logIndex=2452, commits[1b229672-9fc1-42d6-9200-214eb0163fc5:c2453, 4cc0758a-96f5-4ab9-816d-81d822da247a:c2451, 8693c47f-40a3-4a1c-b7ba-6ed996b9183c:c2449]
2019-07-08 22:29:47,256 INFO  client.GrpcClientProtocolClient (GrpcClientProtocolClient.java:onNext(255)) - client-7538DDC4E776->1b229672-9fc1-42d6-9200-214eb0163fc5: receive RaftClientReply:client-7538DDC4E776->1b229672-9fc1-42d6-9200-214eb0163fc5@group-440AB812C07F, cid=1706, SUCCESS, logIndex=2453, commits[1b229672-9fc1-42d6-9200-214eb0163fc5:c2453, 4cc0758a-96f5-4ab9-816d-81d822da247a:c2451, 8693c47f-40a3-4a1c-b7ba-6ed996b9183c:c2449]
2019-07-08 22:29:47,258 INFO  client.GrpcClientProtocolClient (GrpcClientProtocolClient.java:onNext(255)) - client-7538DDC4E776->1b229672-9fc1-42d6-9200-214eb0163fc5: receive RaftClientReply:client-7538DDC4E776->1b229672-9fc1-42d6-9200-214eb0163fc5@group-440AB812C07F, cid=1707, SUCCESS, logIndex=2454, commits[1b229672-9fc1-42d6-9200-214eb0163fc5:c2455, 4cc0758a-96f5-4ab9-816d-81d822da247a:c2451, 8693c47f-40a3-4a1c-b7ba-6ed996b9183c:c2451]
2019-07-08 22:29:47,258 INFO  client.GrpcClientProtocolClient (GrpcClientProtocolClient.java:onNext(255)) - client-7538DDC4E776->1b229672-9fc1-42d6-9200-214eb0163fc5: receive RaftClientReply:client-7538DDC4E776->1b229672-9fc1-42d6-9200-214eb0163fc5@group-440AB812C07F, cid=1708, SUCCESS, logIndex=2455, commits[1b229672-9fc1-42d6-9200-214eb0163fc5:c2455, 4cc0758a-96f5-4ab9-816d-81d822da247a:c2451, 8693c47f-40a3-4a1c-b7ba-6ed996b9183c:c2451]
2019-07-08 22:29:47,259 INFO  client.GrpcClientProtocolClient (GrpcClientProtocolClient.java:onNext(255)) - client-7538DDC4E776->1b229672-9fc1-42d6-9200-214eb0163fc5: receive RaftClientReply:client-7538DDC4E776->1b229672-9fc1-42d6-9200-214eb0163fc5@group-440AB812C07F, cid=1709, SUCCESS, logIndex=0, commits[1b229672-9fc1-42d6-9200-214eb0163fc5:c2457, 4cc0758a-96f5-4ab9-816d-81d822da247a:c2453, 8693c47f-40a3-4a1c-b7ba-6ed996b9183c:c2453]
2019-07-08 22:29:47,282 INFO  client.GrpcClientProtocolClient (GrpcClientProtocolClient.java:onNext(255)) - client-7538DDC4E776->1b229672-9fc1-42d6-9200-214eb0163fc5: receive RaftClientReply:client-7538DDC4E776->1b229672-9fc1-42d6-9200-214eb0163fc5@group-440AB812C07F, cid=1710, SUCCESS, logIndex=2460, commits[1b229672-9fc1-42d6-9200-214eb0163fc5:c2461, 4cc0758a-96f5-4ab9-816d-81d822da247a:c2459, 8693c47f-40a3-4a1c-b7ba-6ed996b9183c:c2459]
2019-07-08 22:29:47,283 INFO  client.GrpcClientProtocolClient (GrpcClientProtocolClient.java:onNext(255)) - client-7538DDC4E776->1b229672-9fc1-42d6-9200-214eb0163fc5: receive RaftClientReply:client-7538DDC4E776->1b229672-9fc1-42d6-9200-214eb0163fc5@group-440AB812C07F, cid=1711, SUCCESS, logIndex=2461, commits[1b229672-9fc1-42d6-9200-214eb0163fc5:c2461, 4cc0758a-96f5-4ab9-816d-81d822da247a:c2459, 8693c47f-40a3-4a1c-b7ba-6ed996b9183c:c2459]
2019-07-08 22:29:47,311 INFO  client.GrpcClientProtocolClient (GrpcClientProtocolClient.java:onNext(255)) - client-7538DDC4E776->1b229672-9fc1-42d6-9200-214eb0163fc5: receive RaftClientReply:client-7538DDC4E776->1b229672-9fc1-42d6-9200-214eb0163fc5@group-440AB812C07F, cid=1712, SUCCESS, logIndex=2464, commits[1b229672-9fc1-42d6-9200-214eb0163fc5:c2465, 4cc0758a-96f5-4ab9-816d-81d822da247a:c2461, 8693c47f-40a3-4a1c-b7ba-6ed996b9183c:c2461]
2019-07-08 22:29:47,312 INFO  client.GrpcClientProtocolClient (GrpcClientProtocolClient.java:onNext(255)) - client-7538DDC4E776->1b229672-9fc1-42d6-9200-214eb0163fc5: receive RaftClientReply:client-7538DDC4E776->1b229672-9fc1-42d6-9200-214eb0163fc5@group-440AB812C07F, cid=1713, SUCCESS, logIndex=2465, commits[1b229672-9fc1-42d6-9200-214eb0163fc5:c2465, 4cc0758a-96f5-4ab9-816d-81d822da247a:c2461, 8693c47f-40a3-4a1c-b7ba-6ed996b9183c:c2461]
2019-07-08 22:29:47,323 INFO  client.GrpcClientProtocolClient (GrpcClientProtocolClient.java:onNext(255)) - client-7538DDC4E776->1b229672-9fc1-42d6-9200-214eb0163fc5: receive RaftClientReply:client-7538DDC4E776->1b229672-9fc1-42d6-9200-214eb0163fc5@group-440AB812C07F, cid=1714, SUCCESS, logIndex=0, commits[1b229672-9fc1-42d6-9200-214eb0163fc5:c2466, 4cc0758a-96f5-4ab9-816d-81d822da247a:c2465, 8693c47f-40a3-4a1c-b7ba-6ed996b9183c:c2465]
2019-07-08 22:29:47,353 INFO  client.GrpcClientProtocolClient (GrpcClientProtocolClient.java:onNext(255)) - client-7538DDC4E776->1b229672-9fc1-42d6-9200-214eb0163fc5: receive RaftClientReply:client-7538DDC4E776->1b229672-9fc1-42d6-9200-214eb0163fc5@group-440AB812C07F, cid=1715, SUCCESS, logIndex=2468, commits[1b229672-9fc1-42d6-9200-214eb0163fc5:c2470, 4cc0758a-96f5-4ab9-816d-81d822da247a:c2467, 8693c47f-40a3-4a1c-b7ba-6ed996b9183c:c2467]
2019-07-08 22:29:47,353 INFO  client.GrpcClientProtocolClient (GrpcClientProtocolClient.java:onNext(255)) - client-7538DDC4E776->1b229672-9fc1-42d6-9200-214eb0163fc5: receive RaftClientReply:client-7538DDC4E776->1b229672-9fc1-42d6-9200-214eb0163fc5@group-440AB812C07F, cid=1716, SUCCESS, logIndex=2469, commits[1b229672-9fc1-42d6-9200-214eb0163fc5:c2471, 4cc0758a-96f5-4ab9-816d-81d822da247a:c2467, 8693c47f-40a3-4a1c-b7ba-6ed996b9183c:c2467]
2019-07-08 22:29:47,354 INFO  client.GrpcClientProtocolClient (GrpcClientProtocolClient.java:onNext(255)) - client-7538DDC4E776->1b229672-9fc1-42d6-9200-214eb0163fc5: receive RaftClientReply:client-7538DDC4E776->1b229672-9fc1-42d6-9200-214eb0163fc5@group-440AB812C07F, cid=1717, SUCCESS, logIndex=2470, commits[1b229672-9fc1-42d6-9200-214eb0163fc5:c2471, 4cc0758a-96f5-4ab9-816d-81d822da247a:c2467, 8693c47f-40a3-4a1c-b7ba-6ed996b9183c:c2467]
2019-07-08 22:29:47,354 INFO  client.GrpcClientProtocolClient (GrpcClientProtocolClient.java:onNext(255)) - client-7538DDC4E776->1b229672-9fc1-42d6-9200-214eb0163fc5: receive RaftClientReply:client-7538DDC4E776->1b229672-9fc1-42d6-9200-214eb0163fc5@group-440AB812C07F, cid=1718, SUCCESS, logIndex=2471, commits[1b229672-9fc1-42d6-9200-214eb0163fc5:c2472, 4cc0758a-96f5-4ab9-816d-81d822da247a:c2468, 8693c47f-40a3-4a1c-b7ba-6ed996b9183c:c2467]
2019-07-08 22:29:47,367 INFO  client.GrpcClientProtocolClient (GrpcClientProtocolClient.java:onNext(255)) - client-7538DDC4E776->1b229672-9fc1-42d6-9200-214eb0163fc5: receive RaftClientReply:client-7538DDC4E776->1b229672-9fc1-42d6-9200-214eb0163fc5@group-440AB812C07F, cid=1719, SUCCESS, logIndex=0, commits[1b229672-9fc1-42d6-9200-214eb0163fc5:c2473, 4cc0758a-96f5-4ab9-816d-81d822da247a:c2469, 8693c47f-40a3-4a1c-b7ba-6ed996b9183c:c2469]
2019-07-08 22:29:47,387 INFO  client.GrpcClientProtocolClient (GrpcClientProtocolClient.java:onNext(255)) - client-7538DDC4E776->1b229672-9fc1-42d6-9200-214eb0163fc5: receive RaftClientReply:client-7538DDC4E776->1b229672-9fc1-42d6-9200-214eb0163fc5@group-440AB812C07F, cid=1720, SUCCESS, logIndex=2476, commits[1b229672-9fc1-42d6-9200-214eb0163fc5:c2477, 4cc0758a-96f5-4ab9-816d-81d822da247a:c2475, 8693c47f-40a3-4a1c-b7ba-6ed996b9183c:c2475]
2019-07-08 22:29:47,388 INFO  client.GrpcClientProtocolClient (GrpcClientProtocolClient.java:onNext(255)) - client-7538DDC4E776->1b229672-9fc1-42d6-9200-214eb0163fc5: receive RaftClientReply:client-7538DDC4E776->1b229672-9fc1-42d6-9200-214eb0163fc5@group-440AB812C07F, cid=1721, SUCCESS, logIndex=2477, commits[1b229672-9fc1-42d6-9200-214eb0163fc5:c2477, 4cc0758a-96f5-4ab9-816d-81d822da247a:c2475, 8693c47f-40a3-4a1c-b7ba-6ed996b9183c:c2475]
2019-07-08 22:29:47,401 INFO  client.GrpcClientProtocolClient (GrpcClientProtocolClient.java:onNext(255)) - client-7538DDC4E776->1b229672-9fc1-42d6-9200-214eb0163fc5: receive RaftClientReply:client-7538DDC4E776->1b229672-9fc1-42d6-9200-214eb0163fc5@group-440AB812C07F, cid=1722, SUCCESS, logIndex=2480, commits[1b229672-9fc1-42d6-9200-214eb0163fc5:c2481, 4cc0758a-96f5-4ab9-816d-81d822da247a:c2477, 8693c47f-40a3-4a1c-b7ba-6ed996b9183c:c2477]
2019-07-08 22:29:47,401 INFO  client.GrpcClientProtocolClient (GrpcClientProtocolClient.java:onNext(255)) - client-7538DDC4E776->1b229672-9fc1-42d6-9200-214eb0163fc5: receive RaftClientReply:client-7538DDC4E776->1b229672-9fc1-42d6-9200-214eb0163fc5@group-440AB812C07F, cid=1723, SUCCESS, logIndex=2481, commits[1b229672-9fc1-42d6-9200-214eb0163fc5:c2481, 4cc0758a-96f5-4ab9-816d-81d822da247a:c2477, 8693c47f-40a3-4a1c-b7ba-6ed996b9183c:c2477]
2019-07-08 22:29:47,416 INFO  client.GrpcClientProtocolClient (GrpcClientProtocolClient.java:onNext(255)) - client-7538DDC4E776->1b229672-9fc1-42d6-9200-214eb0163fc5: receive RaftClientReply:client-7538DDC4E776->1b229672-9fc1-42d6-9200-214eb0163fc5@group-440AB812C07F, cid=1724, SUCCESS, logIndex=0, commits[1b229672-9fc1-42d6-9200-214eb0163fc5:c2483, 4cc0758a-96f5-4ab9-816d-81d822da247a:c2481, 8693c47f-40a3-4a1c-b7ba-6ed996b9183c:c2481]
2019-07-08 22:29:47,446 INFO  client.GrpcClientProtocolClient (GrpcClientProtocolClient.java:onNext(255)) - client-7538DDC4E776->1b229672-9fc1-42d6-9200-214eb0163fc5: receive RaftClientReply:client-7538DDC4E776->1b229672-9fc1-42d6-9200-214eb0163fc5@group-440AB812C07F, cid=1725, SUCCESS, logIndex=2484, commits[1b229672-9fc1-42d6-9200-214eb0163fc5:c2487, 4cc0758a-96f5-4ab9-816d-81d822da247a:c2483, 8693c47f-40a3-4a1c-b7ba-6ed996b9183c:c2483]
2019-07-08 22:29:47,447 INFO  client.GrpcClientProtocolClient (GrpcClientProtocolClient.java:onNext(255)) - client-7538DDC4E776->1b229672-9fc1-42d6-9200-214eb0163fc5: receive RaftClientReply:client-7538DDC4E776->1b229672-9fc1-42d6-9200-214eb0163fc5@group-440AB812C07F, cid=1726, SUCCESS, logIndex=2485, commits[1b229672-9fc1-42d6-9200-214eb0163fc5:c2487, 4cc0758a-96f5-4ab9-816d-81d822da247a:c2483, 8693c47f-40a3-4a1c-b7ba-6ed996b9183c:c2483]
2019-07-08 22:29:47,448 INFO  client.GrpcClientProtocolClient (GrpcClientProtocolClient.java:onNext(255)) - client-7538DDC4E776->1b229672-9fc1-42d6-9200-214eb0163fc5: receive RaftClientReply:client-7538DDC4E776->1b229672-9fc1-42d6-9200-214eb0163fc5@group-440AB812C07F, cid=1727, SUCCESS, logIndex=2486, commits[1b229672-9fc1-42d6-9200-214eb0163fc5:c2487, 4cc0758a-96f5-4ab9-816d-81d822da247a:c2483, 8693c47f-40a3-4a1c-b7ba-6ed996b9183c:c2483]
2019-07-08 22:29:47,448 INFO  client.GrpcClientProtocolClient (GrpcClientProtocolClient.java:onNext(255)) - client-7538DDC4E776->1b229672-9fc1-42d6-9200-214eb0163fc5: receive RaftClientReply:client-7538DDC4E776->1b229672-9fc1-42d6-9200-214eb0163fc5@group-440AB812C07F, cid=1728, SUCCESS, logIndex=2487, commits[1b229672-9fc1-42d6-9200-214eb0163fc5:c2487, 4cc0758a-96f5-4ab9-816d-81d822da247a:c2483, 8693c47f-40a3-4a1c-b7ba-6ed996b9183c:c2483]
2019-07-08 22:29:47,460 INFO  client.GrpcClientProtocolClient (GrpcClientProtocolClient.java:onNext(255)) - client-7538DDC4E776->1b229672-9fc1-42d6-9200-214eb0163fc5: receive RaftClientReply:client-7538DDC4E776->1b229672-9fc1-42d6-9200-214eb0163fc5@group-440AB812C07F, cid=1729, SUCCESS, logIndex=0, commits[1b229672-9fc1-42d6-9200-214eb0163fc5:c2489, 4cc0758a-96f5-4ab9-816d-81d822da247a:c2485, 8693c47f-40a3-4a1c-b7ba-6ed996b9183c:c2485]
2019-07-08 22:29:47,482 INFO  client.GrpcClientProtocolClient (GrpcClientProtocolClient.java:onNext(255)) - client-7538DDC4E776->1b229672-9fc1-42d6-9200-214eb0163fc5: receive RaftClientReply:client-7538DDC4E776->1b229672-9fc1-42d6-9200-214eb0163fc5@group-440AB812C07F, cid=1730, SUCCESS, logIndex=2492, commits[1b229672-9fc1-42d6-9200-214eb0163fc5:c2493, 4cc0758a-96f5-4ab9-816d-81d822da247a:c2491, 8693c47f-40a3-4a1c-b7ba-6ed996b9183c:c2491]
2019-07-08 22:29:47,482 INFO  client.GrpcClientProtocolClient (GrpcClientProtocolClient.java:onNext(255)) - client-7538DDC4E776->1b229672-9fc1-42d6-9200-214eb0163fc5: receive RaftClientReply:client-7538DDC4E776->1b229672-9fc1-42d6-9200-214eb0163fc5@group-440AB812C07F, cid=1731, SUCCESS, logIndex=2493, commits[1b229672-9fc1-42d6-9200-214eb0163fc5:c2493, 4cc0758a-96f5-4ab9-816d-81d822da247a:c2491, 8693c47f-40a3-4a1c-b7ba-6ed996b9183c:c2491]
2019-07-08 22:29:47,495 INFO  client.GrpcClientProtocolClient (GrpcClientProtocolClient.java:onNext(255)) - client-7538DDC4E776->1b229672-9fc1-42d6-9200-214eb0163fc5: receive RaftClientReply:client-7538DDC4E776->1b229672-9fc1-42d6-9200-214eb0163fc5@group-440AB812C07F, cid=1732, SUCCESS, logIndex=2496, commits[1b229672-9fc1-42d6-9200-214eb0163fc5:c2497, 4cc0758a-96f5-4ab9-816d-81d822da247a:c2495, 8693c47f-40a3-4a1c-b7ba-6ed996b9183c:c2493]
2019-07-08 22:29:47,495 INFO  client.GrpcClientProtocolClient (GrpcClientProtocolClient.java:onNext(255)) - client-7538DDC4E776->1b229672-9fc1-42d6-9200-214eb0163fc5: receive RaftClientReply:client-7538DDC4E776->1b229672-9fc1-42d6-9200-214eb0163fc5@group-440AB812C07F, cid=1733, SUCCESS, logIndex=2497, commits[1b229672-9fc1-42d6-9200-214eb0163fc5:c2497, 4cc0758a-96f5-4ab9-816d-81d822da247a:c2495, 8693c47f-40a3-4a1c-b7ba-6ed996b9183c:c2495]
2019-07-08 22:29:47,499 INFO  client.GrpcClientProtocolClient (GrpcClientProtocolClient.java:onNext(255)) - client-7538DDC4E776->1b229672-9fc1-42d6-9200-214eb0163fc5: receive RaftClientReply:client-7538DDC4E776->1b229672-9fc1-42d6-9200-214eb0163fc5@group-440AB812C07F, cid=1734, SUCCESS, logIndex=0, commits[1b229672-9fc1-42d6-9200-214eb0163fc5:c2499, 4cc0758a-96f5-4ab9-816d-81d822da247a:c2497, 8693c47f-40a3-4a1c-b7ba-6ed996b9183c:c2497]
2019-07-08 22:29:47,543 INFO  client.GrpcClientProtocolClient (GrpcClientProtocolClient.java:onNext(255)) - client-7538DDC4E776->1b229672-9fc1-42d6-9200-214eb0163fc5: receive RaftClientReply:client-7538DDC4E776->1b229672-9fc1-42d6-9200-214eb0163fc5@group-440AB812C07F, cid=1735, SUCCESS, logIndex=2500, commits[1b229672-9fc1-42d6-9200-214eb0163fc5:c2501, 4cc0758a-96f5-4ab9-816d-81d822da247a:c2499, 8693c47f-40a3-4a1c-b7ba-6ed996b9183c:c2499]
2019-07-08 22:29:47,543 INFO  client.GrpcClientProtocolClient (GrpcClientProtocolClient.java:onNext(255)) - client-7538DDC4E776->1b229672-9fc1-42d6-9200-214eb0163fc5: receive RaftClientReply:client-7538DDC4E776->1b229672-9fc1-42d6-9200-214eb0163fc5@group-440AB812C07F, cid=1736, SUCCESS, logIndex=2501, commits[1b229672-9fc1-42d6-9200-214eb0163fc5:c2503, 4cc0758a-96f5-4ab9-816d-81d822da247a:c2499, 8693c47f-40a3-4a1c-b7ba-6ed996b9183c:c2499]
2019-07-08 22:29:47,544 INFO  client.GrpcClientProtocolClient (GrpcClientProtocolClient.java:onNext(255)) - client-7538DDC4E776->1b229672-9fc1-42d6-9200-214eb0163fc5: receive RaftClientReply:client-7538DDC4E776->1b229672-9fc1-42d6-9200-214eb0163fc5@group-440AB812C07F, cid=1737, SUCCESS, logIndex=2502, commits[1b229672-9fc1-42d6-9200-214eb0163fc5:c2503, 4cc0758a-96f5-4ab9-816d-81d822da247a:c2499, 8693c47f-40a3-4a1c-b7ba-6ed996b9183c:c2499]
2019-07-08 22:29:47,544 INFO  client.GrpcClientProtocolClient (GrpcClientProtocolClient.java:onNext(255)) - client-7538DDC4E776->1b229672-9fc1-42d6-9200-214eb0163fc5: receive RaftClientReply:client-7538DDC4E776->1b229672-9fc1-42d6-9200-214eb0163fc5@group-440AB812C07F, cid=1738, SUCCESS, logIndex=2503, commits[1b229672-9fc1-42d6-9200-214eb0163fc5:c2503, 4cc0758a-96f5-4ab9-816d-81d822da247a:c2499, 8693c47f-40a3-4a1c-b7ba-6ed996b9183c:c2499]
2019-07-08 22:29:47,557 INFO  client.GrpcClientProtocolClient (GrpcClientProtocolClient.java:onNext(255)) - client-7538DDC4E776->1b229672-9fc1-42d6-9200-214eb0163fc5: receive RaftClientReply:client-7538DDC4E776->1b229672-9fc1-42d6-9200-214eb0163fc5@group-440AB812C07F, cid=1739, SUCCESS, logIndex=0, commits[1b229672-9fc1-42d6-9200-214eb0163fc5:c2507, 4cc0758a-96f5-4ab9-816d-81d822da247a:c2501, 8693c47f-40a3-4a1c-b7ba-6ed996b9183c:c2503]
2019-07-08 22:29:47,574 INFO  client.GrpcClientProtocolClient (GrpcClientProtocolClient.java:onNext(255)) - client-7538DDC4E776->1b229672-9fc1-42d6-9200-214eb0163fc5: receive RaftClientReply:client-7538DDC4E776->1b229672-9fc1-42d6-9200-214eb0163fc5@group-440AB812C07F, cid=1740, SUCCESS, logIndex=2508, commits[1b229672-9fc1-42d6-9200-214eb0163fc5:c2509, 4cc0758a-96f5-4ab9-816d-81d822da247a:c2507, 8693c47f-40a3-4a1c-b7ba-6ed996b9183c:c2507]
2019-07-08 22:29:47,574 INFO  client.GrpcClientProtocolClient (GrpcClientProtocolClient.java:onNext(255)) - client-7538DDC4E776->1b229672-9fc1-42d6-9200-214eb0163fc5: receive RaftClientReply:client-7538DDC4E776->1b229672-9fc1-42d6-9200-214eb0163fc5@group-440AB812C07F, cid=1741, SUCCESS, logIndex=2509, commits[1b229672-9fc1-42d6-9200-214eb0163fc5:c2509, 4cc0758a-96f5-4ab9-816d-81d822da247a:c2507, 8693c47f-40a3-4a1c-b7ba-6ed996b9183c:c2507]
2019-07-08 22:29:47,587 INFO  client.GrpcClientProtocolClient (GrpcClientProtocolClient.java:onNext(255)) - client-7538DDC4E776->1b229672-9fc1-42d6-9200-214eb0163fc5: receive RaftClientReply:client-7538DDC4E776->1b229672-9fc1-42d6-9200-214eb0163fc5@group-440AB812C07F, cid=1742, SUCCESS, logIndex=2512, commits[1b229672-9fc1-42d6-9200-214eb0163fc5:c2513, 4cc0758a-96f5-4ab9-816d-81d822da247a:c2508, 8693c47f-40a3-4a1c-b7ba-6ed996b9183c:c2509]
2019-07-08 22:29:47,588 INFO  client.GrpcClientProtocolClient (GrpcClientProtocolClient.java:onNext(255)) - client-7538DDC4E776->1b229672-9fc1-42d6-9200-214eb0163fc5: receive RaftClientReply:client-7538DDC4E776->1b229672-9fc1-42d6-9200-214eb0163fc5@group-440AB812C07F, cid=1743, SUCCESS, logIndex=2513, commits[1b229672-9fc1-42d6-9200-214eb0163fc5:c2513, 4cc0758a-96f5-4ab9-816d-81d822da247a:c2509, 8693c47f-40a3-4a1c-b7ba-6ed996b9183c:c2509]
2019-07-08 22:29:47,589 INFO  client.GrpcClientProtocolClient (GrpcClientProtocolClient.java:onNext(255)) - client-7538DDC4E776->1b229672-9fc1-42d6-9200-214eb0163fc5: receive RaftClientReply:client-7538DDC4E776->1b229672-9fc1-42d6-9200-214eb0163fc5@group-440AB812C07F, cid=1744, SUCCESS, logIndex=0, commits[1b229672-9fc1-42d6-9200-214eb0163fc5:c2514, 4cc0758a-96f5-4ab9-816d-81d822da247a:c2513, 8693c47f-40a3-4a1c-b7ba-6ed996b9183c:c2513]
2019-07-08 22:29:47,617 INFO  client.GrpcClientProtocolClient (GrpcClientProtocolClient.java:onNext(255)) - client-7538DDC4E776->1b229672-9fc1-42d6-9200-214eb0163fc5: receive RaftClientReply:client-7538DDC4E776->1b229672-9fc1-42d6-9200-214eb0163fc5@group-440AB812C07F, cid=1745, SUCCESS, logIndex=2516, commits[1b229672-9fc1-42d6-9200-214eb0163fc5:c2517, 4cc0758a-96f5-4ab9-816d-81d822da247a:c2515, 8693c47f-40a3-4a1c-b7ba-6ed996b9183c:c2515]
2019-07-08 22:29:47,617 INFO  client.GrpcClientProtocolClient (GrpcClientProtocolClient.java:onNext(255)) - client-7538DDC4E776->1b229672-9fc1-42d6-9200-214eb0163fc5: receive RaftClientReply:client-7538DDC4E776->1b229672-9fc1-42d6-9200-214eb0163fc5@group-440AB812C07F, cid=1746, SUCCESS, logIndex=2517, commits[1b229672-9fc1-42d6-9200-214eb0163fc5:c2517, 4cc0758a-96f5-4ab9-816d-81d822da247a:c2515, 8693c47f-40a3-4a1c-b7ba-6ed996b9183c:c2515]
2019-07-08 22:29:47,618 INFO  client.GrpcClientProtocolClient (GrpcClientProtocolClient.java:onNext(255)) - client-7538DDC4E776->1b229672-9fc1-42d6-9200-214eb0163fc5: receive RaftClientReply:client-7538DDC4E776->1b229672-9fc1-42d6-9200-214eb0163fc5@group-440AB812C07F, cid=1747, SUCCESS, logIndex=2518, commits[1b229672-9fc1-42d6-9200-214eb0163fc5:c2519, 4cc0758a-96f5-4ab9-816d-81d822da247a:c2515, 8693c47f-40a3-4a1c-b7ba-6ed996b9183c:c2515]
2019-07-08 22:29:47,618 INFO  client.GrpcClientProtocolClient (GrpcClientProtocolClient.java:onNext(255)) - client-7538DDC4E776->1b229672-9fc1-42d6-9200-214eb0163fc5: receive RaftClientReply:client-7538DDC4E776->1b229672-9fc1-42d6-9200-214eb0163fc5@group-440AB812C07F, cid=1748, SUCCESS, logIndex=2519, commits[1b229672-9fc1-42d6-9200-214eb0163fc5:c2519, 4cc0758a-96f5-4ab9-816d-81d822da247a:c2515, 8693c47f-40a3-4a1c-b7ba-6ed996b9183c:c2515]
2019-07-08 22:29:47,729 INFO  client.GrpcClientProtocolClient (GrpcClientProtocolClient.java:onNext(255)) - client-7538DDC4E776->1b229672-9fc1-42d6-9200-214eb0163fc5: receive RaftClientReply:client-7538DDC4E776->1b229672-9fc1-42d6-9200-214eb0163fc5@group-440AB812C07F, cid=1749, SUCCESS, logIndex=0, commits[1b229672-9fc1-42d6-9200-214eb0163fc5:c2523, 4cc0758a-96f5-4ab9-816d-81d822da247a:c2519, 8693c47f-40a3-4a1c-b7ba-6ed996b9183c:c2517]
2019-07-08 22:29:47,752 INFO  client.GrpcClientProtocolClient (GrpcClientProtocolClient.java:onNext(255)) - client-7538DDC4E776->1b229672-9fc1-42d6-9200-214eb0163fc5: receive RaftClientReply:client-7538DDC4E776->1b229672-9fc1-42d6-9200-214eb0163fc5@group-440AB812C07F, cid=1750, SUCCESS, logIndex=2524, commits[1b229672-9fc1-42d6-9200-214eb0163fc5:c2525, 4cc0758a-96f5-4ab9-816d-81d822da247a:c2523, 8693c47f-40a3-4a1c-b7ba-6ed996b9183c:c2523]
2019-07-08 22:29:47,753 INFO  client.GrpcClientProtocolClient (GrpcClientProtocolClient.java:onNext(255)) - client-7538DDC4E776->1b229672-9fc1-42d6-9200-214eb0163fc5: receive RaftClientReply:client-7538DDC4E776->1b229672-9fc1-42d6-9200-214eb0163fc5@group-440AB812C07F, cid=1751, SUCCESS, logIndex=2525, commits[1b229672-9fc1-42d6-9200-214eb0163fc5:c2525, 4cc0758a-96f5-4ab9-816d-81d822da247a:c2523, 8693c47f-40a3-4a1c-b7ba-6ed996b9183c:c2523]
2019-07-08 22:29:47,778 INFO  client.GrpcClientProtocolClient (GrpcClientProtocolClient.java:onNext(255)) - client-7538DDC4E776->1b229672-9fc1-42d6-9200-214eb0163fc5: receive RaftClientReply:client-7538DDC4E776->1b229672-9fc1-42d6-9200-214eb0163fc5@group-440AB812C07F, cid=1752, SUCCESS, logIndex=2528, commits[1b229672-9fc1-42d6-9200-214eb0163fc5:c2529, 4cc0758a-96f5-4ab9-816d-81d822da247a:c2524, 8693c47f-40a3-4a1c-b7ba-6ed996b9183c:c2525]
2019-07-08 22:29:47,778 INFO  client.GrpcClientProtocolClient (GrpcClientProtocolClient.java:onNext(255)) - client-7538DDC4E776->1b229672-9fc1-42d6-9200-214eb0163fc5: receive RaftClientReply:client-7538DDC4E776->1b229672-9fc1-42d6-9200-214eb0163fc5@group-440AB812C07F, cid=1753, SUCCESS, logIndex=2529, commits[1b229672-9fc1-42d6-9200-214eb0163fc5:c2529, 4cc0758a-96f5-4ab9-816d-81d822da247a:c2525, 8693c47f-40a3-4a1c-b7ba-6ed996b9183c:c2525]
2019-07-08 22:29:47,781 INFO  client.GrpcClientProtocolClient (GrpcClientProtocolClient.java:onNext(255)) - client-7538DDC4E776->1b229672-9fc1-42d6-9200-214eb0163fc5: receive RaftClientReply:client-7538DDC4E776->1b229672-9fc1-42d6-9200-214eb0163fc5@group-440AB812C07F, cid=1754, SUCCESS, logIndex=0, commits[1b229672-9fc1-42d6-9200-214eb0163fc5:c2530, 4cc0758a-96f5-4ab9-816d-81d822da247a:c2529, 8693c47f-40a3-4a1c-b7ba-6ed996b9183c:c2529]
 0.00% |█                                                                                                    |  0/1 Time: 0:00:142019-07-08 22:29:47,817 INFO  client.GrpcClientProtocolClient (GrpcClientProtocolClient.java:onNext(255)) - client-7538DDC4E776->1b229672-9fc1-42d6-9200-214eb0163fc5: receive RaftClientReply:client-7538DDC4E776->1b229672-9fc1-42d6-9200-214eb0163fc5@group-440AB812C07F, cid=1755, SUCCESS, logIndex=2532, commits[1b229672-9fc1-42d6-9200-214eb0163fc5:c2533, 4cc0758a-96f5-4ab9-816d-81d822da247a:c2531, 8693c47f-40a3-4a1c-b7ba-6ed996b9183c:c2531]
2019-07-08 22:29:47,818 INFO  client.GrpcClientProtocolClient (GrpcClientProtocolClient.java:onNext(255)) - client-7538DDC4E776->1b229672-9fc1-42d6-9200-214eb0163fc5: receive RaftClientReply:client-7538DDC4E776->1b229672-9fc1-42d6-9200-214eb0163fc5@group-440AB812C07F, cid=1756, SUCCESS, logIndex=2533, commits[1b229672-9fc1-42d6-9200-214eb0163fc5:c2535, 4cc0758a-96f5-4ab9-816d-81d822da247a:c2531, 8693c47f-40a3-4a1c-b7ba-6ed996b9183c:c2531]
2019-07-08 22:29:47,818 INFO  client.GrpcClientProtocolClient (GrpcClientProtocolClient.java:onNext(255)) - client-7538DDC4E776->1b229672-9fc1-42d6-9200-214eb0163fc5: receive RaftClientReply:client-7538DDC4E776->1b229672-9fc1-42d6-9200-214eb0163fc5@group-440AB812C07F, cid=1757, SUCCESS, logIndex=2534, commits[1b229672-9fc1-42d6-9200-214eb0163fc5:c2535, 4cc0758a-96f5-4ab9-816d-81d822da247a:c2531, 8693c47f-40a3-4a1c-b7ba-6ed996b9183c:c2531]
2019-07-08 22:29:47,818 INFO  client.GrpcClientProtocolClient (GrpcClientProtocolClient.java:onNext(255)) - client-7538DDC4E776->1b229672-9fc1-42d6-9200-214eb0163fc5: receive RaftClientReply:client-7538DDC4E776->1b229672-9fc1-42d6-9200-214eb0163fc5@group-440AB812C07F, cid=1758, SUCCESS, logIndex=2535, commits[1b229672-9fc1-42d6-9200-214eb0163fc5:c2536, 4cc0758a-96f5-4ab9-816d-81d822da247a:c2531, 8693c47f-40a3-4a1c-b7ba-6ed996b9183c:c2533]
2019-07-08 22:29:47,820 INFO  client.GrpcClientProtocolClient (GrpcClientProtocolClient.java:onNext(255)) - client-7538DDC4E776->1b229672-9fc1-42d6-9200-214eb0163fc5: receive RaftClientReply:client-7538DDC4E776->1b229672-9fc1-42d6-9200-214eb0163fc5@group-440AB812C07F, cid=1759, SUCCESS, logIndex=0, commits[1b229672-9fc1-42d6-9200-214eb0163fc5:c2538, 4cc0758a-96f5-4ab9-816d-81d822da247a:c2533, 8693c47f-40a3-4a1c-b7ba-6ed996b9183c:c2535]
2019-07-08 22:29:47,834 INFO  client.GrpcClientProtocolClient (GrpcClientProtocolClient.java:onNext(255)) - client-7538DDC4E776->1b229672-9fc1-42d6-9200-214eb0163fc5: receive RaftClientReply:client-7538DDC4E776->1b229672-9fc1-42d6-9200-214eb0163fc5@group-440AB812C07F, cid=1760, SUCCESS, logIndex=2539, commits[1b229672-9fc1-42d6-9200-214eb0163fc5:c2540, 4cc0758a-96f5-4ab9-816d-81d822da247a:c2538, 8693c47f-40a3-4a1c-b7ba-6ed996b9183c:c2538]
2019-07-08 22:29:47,835 INFO  client.GrpcClientProtocolClient (GrpcClientProtocolClient.java:onNext(255)) - client-7538DDC4E776->1b229672-9fc1-42d6-9200-214eb0163fc5: receive RaftClientReply:client-7538DDC4E776->1b229672-9fc1-42d6-9200-214eb0163fc5@group-440AB812C07F, cid=1761, SUCCESS, logIndex=2540, commits[1b229672-9fc1-42d6-9200-214eb0163fc5:c2540, 4cc0758a-96f5-4ab9-816d-81d822da247a:c2538, 8693c47f-40a3-4a1c-b7ba-6ed996b9183c:c2538]
2019-07-08 22:29:47,849 INFO  client.GrpcClientProtocolClient (GrpcClientProtocolClient.java:onNext(255)) - client-7538DDC4E776->1b229672-9fc1-42d6-9200-214eb0163fc5: receive RaftClientReply:client-7538DDC4E776->1b229672-9fc1-42d6-9200-214eb0163fc5@group-440AB812C07F, cid=1762, SUCCESS, logIndex=2543, commits[1b229672-9fc1-42d6-9200-214eb0163fc5:c2544, 4cc0758a-96f5-4ab9-816d-81d822da247a:c2540, 8693c47f-40a3-4a1c-b7ba-6ed996b9183c:c2540]
2019-07-08 22:29:47,850 INFO  client.GrpcClientProtocolClient (GrpcClientProtocolClient.java:onNext(255)) - client-7538DDC4E776->1b229672-9fc1-42d6-9200-214eb0163fc5: receive RaftClientReply:client-7538DDC4E776->1b229672-9fc1-42d6-9200-214eb0163fc5@group-440AB812C07F, cid=1763, SUCCESS, logIndex=2544, commits[1b229672-9fc1-42d6-9200-214eb0163fc5:c2544, 4cc0758a-96f5-4ab9-816d-81d822da247a:c2540, 8693c47f-40a3-4a1c-b7ba-6ed996b9183c:c2540]
2019-07-08 22:29:47,864 INFO  client.GrpcClientProtocolClient (GrpcClientProtocolClient.java:onNext(255)) - client-7538DDC4E776->1b229672-9fc1-42d6-9200-214eb0163fc5: receive RaftClientReply:client-7538DDC4E776->1b229672-9fc1-42d6-9200-214eb0163fc5@group-440AB812C07F, cid=1764, SUCCESS, logIndex=0, commits[1b229672-9fc1-42d6-9200-214eb0163fc5:c2546, 4cc0758a-96f5-4ab9-816d-81d822da247a:c2544, 8693c47f-40a3-4a1c-b7ba-6ed996b9183c:c2544]
2019-07-08 22:29:47,909 INFO  client.GrpcClientProtocolClient (GrpcClientProtocolClient.java:onNext(255)) - client-7538DDC4E776->1b229672-9fc1-42d6-9200-214eb0163fc5: receive RaftClientReply:client-7538DDC4E776->1b229672-9fc1-42d6-9200-214eb0163fc5@group-440AB812C07F, cid=1765, SUCCESS, logIndex=2547, commits[1b229672-9fc1-42d6-9200-214eb0163fc5:c2548, 4cc0758a-96f5-4ab9-816d-81d822da247a:c2546, 8693c47f-40a3-4a1c-b7ba-6ed996b9183c:c2546]
2019-07-08 22:29:47,910 INFO  client.GrpcClientProtocolClient (GrpcClientProtocolClient.java:onNext(255)) - client-7538DDC4E776->1b229672-9fc1-42d6-9200-214eb0163fc5: receive RaftClientReply:client-7538DDC4E776->1b229672-9fc1-42d6-9200-214eb0163fc5@group-440AB812C07F, cid=1766, SUCCESS, logIndex=2548, commits[1b229672-9fc1-42d6-9200-214eb0163fc5:c2550, 4cc0758a-96f5-4ab9-816d-81d822da247a:c2546, 8693c47f-40a3-4a1c-b7ba-6ed996b9183c:c2546]
2019-07-08 22:29:47,910 INFO  client.GrpcClientProtocolClient (GrpcClientProtocolClient.java:onNext(255)) - client-7538DDC4E776->1b229672-9fc1-42d6-9200-214eb0163fc5: receive RaftClientReply:client-7538DDC4E776->1b229672-9fc1-42d6-9200-214eb0163fc5@group-440AB812C07F, cid=1767, SUCCESS, logIndex=2549, commits[1b229672-9fc1-42d6-9200-214eb0163fc5:c2550, 4cc0758a-96f5-4ab9-816d-81d822da247a:c2547, 8693c47f-40a3-4a1c-b7ba-6ed996b9183c:c2546]
2019-07-08 22:29:47,911 INFO  client.GrpcClientProtocolClient (GrpcClientProtocolClient.java:onNext(255)) - client-7538DDC4E776->1b229672-9fc1-42d6-9200-214eb0163fc5: receive RaftClientReply:client-7538DDC4E776->1b229672-9fc1-42d6-9200-214eb0163fc5@group-440AB812C07F, cid=1768, SUCCESS, logIndex=2550, commits[1b229672-9fc1-42d6-9200-214eb0163fc5:c2551, 4cc0758a-96f5-4ab9-816d-81d822da247a:c2547, 8693c47f-40a3-4a1c-b7ba-6ed996b9183c:c2546]
2019-07-08 22:29:47,912 INFO  client.GrpcClientProtocolClient (GrpcClientProtocolClient.java:onNext(255)) - client-7538DDC4E776->1b229672-9fc1-42d6-9200-214eb0163fc5: receive RaftClientReply:client-7538DDC4E776->1b229672-9fc1-42d6-9200-214eb0163fc5@group-440AB812C07F, cid=1769, SUCCESS, logIndex=0, commits[1b229672-9fc1-42d6-9200-214eb0163fc5:c2553, 4cc0758a-96f5-4ab9-816d-81d822da247a:c2550, 8693c47f-40a3-4a1c-b7ba-6ed996b9183c:c2548]
2019-07-08 22:29:47,935 INFO  client.GrpcClientProtocolClient (GrpcClientProtocolClient.java:onNext(255)) - client-7538DDC4E776->1b229672-9fc1-42d6-9200-214eb0163fc5: receive RaftClientReply:client-7538DDC4E776->1b229672-9fc1-42d6-9200-214eb0163fc5@group-440AB812C07F, cid=1770, SUCCESS, logIndex=2554, commits[1b229672-9fc1-42d6-9200-214eb0163fc5:c2555, 4cc0758a-96f5-4ab9-816d-81d822da247a:c2553, 8693c47f-40a3-4a1c-b7ba-6ed996b9183c:c2553]
2019-07-08 22:29:47,935 INFO  client.GrpcClientProtocolClient (GrpcClientProtocolClient.java:onNext(255)) - client-7538DDC4E776->1b229672-9fc1-42d6-9200-214eb0163fc5: receive RaftClientReply:client-7538DDC4E776->1b229672-9fc1-42d6-9200-214eb0163fc5@group-440AB812C07F, cid=1771, SUCCESS, logIndex=2555, commits[1b229672-9fc1-42d6-9200-214eb0163fc5:c2555, 4cc0758a-96f5-4ab9-816d-81d822da247a:c2553, 8693c47f-40a3-4a1c-b7ba-6ed996b9183c:c2553]
2019-07-08 22:29:47,960 INFO  client.GrpcClientProtocolClient (GrpcClientProtocolClient.java:onNext(255)) - client-7538DDC4E776->1b229672-9fc1-42d6-9200-214eb0163fc5: receive RaftClientReply:client-7538DDC4E776->1b229672-9fc1-42d6-9200-214eb0163fc5@group-440AB812C07F, cid=1772, SUCCESS, logIndex=2558, commits[1b229672-9fc1-42d6-9200-214eb0163fc5:c2559, 4cc0758a-96f5-4ab9-816d-81d822da247a:c2555, 8693c47f-40a3-4a1c-b7ba-6ed996b9183c:c2555]
2019-07-08 22:29:47,960 INFO  client.GrpcClientProtocolClient (GrpcClientProtocolClient.java:onNext(255)) - client-7538DDC4E776->1b229672-9fc1-42d6-9200-214eb0163fc5: receive RaftClientReply:client-7538DDC4E776->1b229672-9fc1-42d6-9200-214eb0163fc5@group-440AB812C07F, cid=1773, SUCCESS, logIndex=2559, commits[1b229672-9fc1-42d6-9200-214eb0163fc5:c2559, 4cc0758a-96f5-4ab9-816d-81d822da247a:c2555, 8693c47f-40a3-4a1c-b7ba-6ed996b9183c:c2555]
2019-07-08 22:29:47,974 INFO  client.GrpcClientProtocolClient (GrpcClientProtocolClient.java:onNext(255)) - client-7538DDC4E776->1b229672-9fc1-42d6-9200-214eb0163fc5: receive RaftClientReply:client-7538DDC4E776->1b229672-9fc1-42d6-9200-214eb0163fc5@group-440AB812C07F, cid=1774, SUCCESS, logIndex=0, commits[1b229672-9fc1-42d6-9200-214eb0163fc5:c2561, 4cc0758a-96f5-4ab9-816d-81d822da247a:c2559, 8693c47f-40a3-4a1c-b7ba-6ed996b9183c:c2559]
2019-07-08 22:29:48,011 INFO  client.GrpcClientProtocolClient (GrpcClientProtocolClient.java:onNext(255)) - client-7538DDC4E776->1b229672-9fc1-42d6-9200-214eb0163fc5: receive RaftClientReply:client-7538DDC4E776->1b229672-9fc1-42d6-9200-214eb0163fc5@group-440AB812C07F, cid=1775, SUCCESS, logIndex=2562, commits[1b229672-9fc1-42d6-9200-214eb0163fc5:c2563, 4cc0758a-96f5-4ab9-816d-81d822da247a:c2561, 8693c47f-40a3-4a1c-b7ba-6ed996b9183c:c2561]
2019-07-08 22:29:48,011 INFO  client.GrpcClientProtocolClient (GrpcClientProtocolClient.java:onNext(255)) - client-7538DDC4E776->1b229672-9fc1-42d6-9200-214eb0163fc5: receive RaftClientReply:client-7538DDC4E776->1b229672-9fc1-42d6-9200-214eb0163fc5@group-440AB812C07F, cid=1776, SUCCESS, logIndex=2563, commits[1b229672-9fc1-42d6-9200-214eb0163fc5:c2565, 4cc0758a-96f5-4ab9-816d-81d822da247a:c2561, 8693c47f-40a3-4a1c-b7ba-6ed996b9183c:c2561]
2019-07-08 22:29:48,012 INFO  client.GrpcClientProtocolClient (GrpcClientProtocolClient.java:onNext(255)) - client-7538DDC4E776->1b229672-9fc1-42d6-9200-214eb0163fc5: receive RaftClientReply:client-7538DDC4E776->1b229672-9fc1-42d6-9200-214eb0163fc5@group-440AB812C07F, cid=1777, SUCCESS, logIndex=2564, commits[1b229672-9fc1-42d6-9200-214eb0163fc5:c2565, 4cc0758a-96f5-4ab9-816d-81d822da247a:c2561, 8693c47f-40a3-4a1c-b7ba-6ed996b9183c:c2561]
2019-07-08 22:29:48,012 INFO  client.GrpcClientProtocolClient (GrpcClientProtocolClient.java:onNext(255)) - client-7538DDC4E776->1b229672-9fc1-42d6-9200-214eb0163fc5: receive RaftClientReply:client-7538DDC4E776->1b229672-9fc1-42d6-9200-214eb0163fc5@group-440AB812C07F, cid=1778, SUCCESS, logIndex=2565, commits[1b229672-9fc1-42d6-9200-214eb0163fc5:c2565, 4cc0758a-96f5-4ab9-816d-81d822da247a:c2561, 8693c47f-40a3-4a1c-b7ba-6ed996b9183c:c2561]
2019-07-08 22:29:48,023 INFO  client.GrpcClientProtocolClient (GrpcClientProtocolClient.java:onNext(255)) - client-7538DDC4E776->1b229672-9fc1-42d6-9200-214eb0163fc5: receive RaftClientReply:client-7538DDC4E776->1b229672-9fc1-42d6-9200-214eb0163fc5@group-440AB812C07F, cid=1779, SUCCESS, logIndex=0, commits[1b229672-9fc1-42d6-9200-214eb0163fc5:c2567, 4cc0758a-96f5-4ab9-816d-81d822da247a:c2563, 8693c47f-40a3-4a1c-b7ba-6ed996b9183c:c2563]
2019-07-08 22:29:48,045 INFO  client.GrpcClientProtocolClient (GrpcClientProtocolClient.java:onNext(255)) - client-7538DDC4E776->1b229672-9fc1-42d6-9200-214eb0163fc5: receive RaftClientReply:client-7538DDC4E776->1b229672-9fc1-42d6-9200-214eb0163fc5@group-440AB812C07F, cid=1780, SUCCESS, logIndex=2569, commits[1b229672-9fc1-42d6-9200-214eb0163fc5:c2570, 4cc0758a-96f5-4ab9-816d-81d822da247a:c2568, 8693c47f-40a3-4a1c-b7ba-6ed996b9183c:c2568]
2019-07-08 22:29:48,045 INFO  client.GrpcClientProtocolClient (GrpcClientProtocolClient.java:onNext(255)) - client-7538DDC4E776->1b229672-9fc1-42d6-9200-214eb0163fc5: receive RaftClientReply:client-7538DDC4E776->1b229672-9fc1-42d6-9200-214eb0163fc5@group-440AB812C07F, cid=1781, SUCCESS, logIndex=2570, commits[1b229672-9fc1-42d6-9200-214eb0163fc5:c2570, 4cc0758a-96f5-4ab9-816d-81d822da247a:c2568, 8693c47f-40a3-4a1c-b7ba-6ed996b9183c:c2568]
2019-07-08 22:29:48,061 INFO  client.GrpcClientProtocolClient (GrpcClientProtocolClient.java:onNext(255)) - client-7538DDC4E776->1b229672-9fc1-42d6-9200-214eb0163fc5: receive RaftClientReply:client-7538DDC4E776->1b229672-9fc1-42d6-9200-214eb0163fc5@group-440AB812C07F, cid=1782, SUCCESS, logIndex=2573, commits[1b229672-9fc1-42d6-9200-214eb0163fc5:c2574, 4cc0758a-96f5-4ab9-816d-81d822da247a:c2570, 8693c47f-40a3-4a1c-b7ba-6ed996b9183c:c2570]
2019-07-08 22:29:48,061 INFO  client.GrpcClientProtocolClient (GrpcClientProtocolClient.java:onNext(255)) - client-7538DDC4E776->1b229672-9fc1-42d6-9200-214eb0163fc5: receive RaftClientReply:client-7538DDC4E776->1b229672-9fc1-42d6-9200-214eb0163fc5@group-440AB812C07F, cid=1783, SUCCESS, logIndex=2574, commits[1b229672-9fc1-42d6-9200-214eb0163fc5:c2574, 4cc0758a-96f5-4ab9-816d-81d822da247a:c2570, 8693c47f-40a3-4a1c-b7ba-6ed996b9183c:c2570]
2019-07-08 22:29:48,076 INFO  client.GrpcClientProtocolClient (GrpcClientProtocolClient.java:onNext(255)) - client-7538DDC4E776->1b229672-9fc1-42d6-9200-214eb0163fc5: receive RaftClientReply:client-7538DDC4E776->1b229672-9fc1-42d6-9200-214eb0163fc5@group-440AB812C07F, cid=1784, SUCCESS, logIndex=0, commits[1b229672-9fc1-42d6-9200-214eb0163fc5:c2576, 4cc0758a-96f5-4ab9-816d-81d822da247a:c2574, 8693c47f-40a3-4a1c-b7ba-6ed996b9183c:c2574]
2019-07-08 22:29:48,108 INFO  client.GrpcClientProtocolClient (GrpcClientProtocolClient.java:onNext(255)) - client-7538DDC4E776->1b229672-9fc1-42d6-9200-214eb0163fc5: receive RaftClientReply:client-7538DDC4E776->1b229672-9fc1-42d6-9200-214eb0163fc5@group-440AB812C07F, cid=1785, SUCCESS, logIndex=2577, commits[1b229672-9fc1-42d6-9200-214eb0163fc5:c2578, 4cc0758a-96f5-4ab9-816d-81d822da247a:c2576, 8693c47f-40a3-4a1c-b7ba-6ed996b9183c:c2576]
2019-07-08 22:29:48,109 INFO  client.GrpcClientProtocolClient (GrpcClientProtocolClient.java:onNext(255)) - client-7538DDC4E776->1b229672-9fc1-42d6-9200-214eb0163fc5: receive RaftClientReply:client-7538DDC4E776->1b229672-9fc1-42d6-9200-214eb0163fc5@group-440AB812C07F, cid=1786, SUCCESS, logIndex=2578, commits[1b229672-9fc1-42d6-9200-214eb0163fc5:c2580, 4cc0758a-96f5-4ab9-816d-81d822da247a:c2576, 8693c47f-40a3-4a1c-b7ba-6ed996b9183c:c2576]
2019-07-08 22:29:48,109 INFO  client.GrpcClientProtocolClient (GrpcClientProtocolClient.java:onNext(255)) - client-7538DDC4E776->1b229672-9fc1-42d6-9200-214eb0163fc5: receive RaftClientReply:client-7538DDC4E776->1b229672-9fc1-42d6-9200-214eb0163fc5@group-440AB812C07F, cid=1787, SUCCESS, logIndex=2579, commits[1b229672-9fc1-42d6-9200-214eb0163fc5:c2580, 4cc0758a-96f5-4ab9-816d-81d822da247a:c2576, 8693c47f-40a3-4a1c-b7ba-6ed996b9183c:c2576]
2019-07-08 22:29:48,110 INFO  client.GrpcClientProtocolClient (GrpcClientProtocolClient.java:onNext(255)) - client-7538DDC4E776->1b229672-9fc1-42d6-9200-214eb0163fc5: receive RaftClientReply:client-7538DDC4E776->1b229672-9fc1-42d6-9200-214eb0163fc5@group-440AB812C07F, cid=1788, SUCCESS, logIndex=2580, commits[1b229672-9fc1-42d6-9200-214eb0163fc5:c2580, 4cc0758a-96f5-4ab9-816d-81d822da247a:c2576, 8693c47f-40a3-4a1c-b7ba-6ed996b9183c:c2578]
2019-07-08 22:29:48,111 INFO  client.GrpcClientProtocolClient (GrpcClientProtocolClient.java:onNext(255)) - client-7538DDC4E776->1b229672-9fc1-42d6-9200-214eb0163fc5: receive RaftClientReply:client-7538DDC4E776->1b229672-9fc1-42d6-9200-214eb0163fc5@group-440AB812C07F, cid=1789, SUCCESS, logIndex=0, commits[1b229672-9fc1-42d6-9200-214eb0163fc5:c2584, 4cc0758a-96f5-4ab9-816d-81d822da247a:c2580, 8693c47f-40a3-4a1c-b7ba-6ed996b9183c:c2580]
2019-07-08 22:29:48,131 INFO  client.GrpcClientProtocolClient (GrpcClientProtocolClient.java:onNext(255)) - client-7538DDC4E776->1b229672-9fc1-42d6-9200-214eb0163fc5: receive RaftClientReply:client-7538DDC4E776->1b229672-9fc1-42d6-9200-214eb0163fc5@group-440AB812C07F, cid=1790, SUCCESS, logIndex=2585, commits[1b229672-9fc1-42d6-9200-214eb0163fc5:c2586, 4cc0758a-96f5-4ab9-816d-81d822da247a:c2584, 8693c47f-40a3-4a1c-b7ba-6ed996b9183c:c2584]
2019-07-08 22:29:48,131 INFO  client.GrpcClientProtocolClient (GrpcClientProtocolClient.java:onNext(255)) - client-7538DDC4E776->1b229672-9fc1-42d6-9200-214eb0163fc5: receive RaftClientReply:client-7538DDC4E776->1b229672-9fc1-42d6-9200-214eb0163fc5@group-440AB812C07F, cid=1791, SUCCESS, logIndex=2586, commits[1b229672-9fc1-42d6-9200-214eb0163fc5:c2586, 4cc0758a-96f5-4ab9-816d-81d822da247a:c2584, 8693c47f-40a3-4a1c-b7ba-6ed996b9183c:c2584]
2019-07-08 22:29:48,146 INFO  client.GrpcClientProtocolClient (GrpcClientProtocolClient.java:onNext(255)) - client-7538DDC4E776->1b229672-9fc1-42d6-9200-214eb0163fc5: receive RaftClientReply:client-7538DDC4E776->1b229672-9fc1-42d6-9200-214eb0163fc5@group-440AB812C07F, cid=1792, SUCCESS, logIndex=2589, commits[1b229672-9fc1-42d6-9200-214eb0163fc5:c2589, 4cc0758a-96f5-4ab9-816d-81d822da247a:c2586, 8693c47f-40a3-4a1c-b7ba-6ed996b9183c:c2586]
2019-07-08 22:29:48,146 INFO  client.GrpcClientProtocolClient (GrpcClientProtocolClient.java:onNext(255)) - client-7538DDC4E776->1b229672-9fc1-42d6-9200-214eb0163fc5: receive RaftClientReply:client-7538DDC4E776->1b229672-9fc1-42d6-9200-214eb0163fc5@group-440AB812C07F, cid=1793, SUCCESS, logIndex=2590, commits[1b229672-9fc1-42d6-9200-214eb0163fc5:c2590, 4cc0758a-96f5-4ab9-816d-81d822da247a:c2586, 8693c47f-40a3-4a1c-b7ba-6ed996b9183c:c2586]
2019-07-08 22:29:48,159 INFO  client.GrpcClientProtocolClient (GrpcClientProtocolClient.java:onNext(255)) - client-7538DDC4E776->1b229672-9fc1-42d6-9200-214eb0163fc5: receive RaftClientReply:client-7538DDC4E776->1b229672-9fc1-42d6-9200-214eb0163fc5@group-440AB812C07F, cid=1794, SUCCESS, logIndex=0, commits[1b229672-9fc1-42d6-9200-214eb0163fc5:c2592, 4cc0758a-96f5-4ab9-816d-81d822da247a:c2590, 8693c47f-40a3-4a1c-b7ba-6ed996b9183c:c2590]
2019-07-08 22:29:48,189 INFO  client.GrpcClientProtocolClient (GrpcClientProtocolClient.java:onNext(255)) - client-7538DDC4E776->1b229672-9fc1-42d6-9200-214eb0163fc5: receive RaftClientReply:client-7538DDC4E776->1b229672-9fc1-42d6-9200-214eb0163fc5@group-440AB812C07F, cid=1795, SUCCESS, logIndex=2593, commits[1b229672-9fc1-42d6-9200-214eb0163fc5:c2595, 4cc0758a-96f5-4ab9-816d-81d822da247a:c2592, 8693c47f-40a3-4a1c-b7ba-6ed996b9183c:c2592]
2019-07-08 22:29:48,191 INFO  client.GrpcClientProtocolClient (GrpcClientProtocolClient.java:onNext(255)) - client-7538DDC4E776->1b229672-9fc1-42d6-9200-214eb0163fc5: receive RaftClientReply:client-7538DDC4E776->1b229672-9fc1-42d6-9200-214eb0163fc5@group-440AB812C07F, cid=1796, SUCCESS, logIndex=2594, commits[1b229672-9fc1-42d6-9200-214eb0163fc5:c2596, 4cc0758a-96f5-4ab9-816d-81d822da247a:c2592, 8693c47f-40a3-4a1c-b7ba-6ed996b9183c:c2592]
2019-07-08 22:29:48,191 INFO  client.GrpcClientProtocolClient (GrpcClientProtocolClient.java:onNext(255)) - client-7538DDC4E776->1b229672-9fc1-42d6-9200-214eb0163fc5: receive RaftClientReply:client-7538DDC4E776->1b229672-9fc1-42d6-9200-214eb0163fc5@group-440AB812C07F, cid=1797, SUCCESS, logIndex=2595, commits[1b229672-9fc1-42d6-9200-214eb0163fc5:c2596, 4cc0758a-96f5-4ab9-816d-81d822da247a:c2592, 8693c47f-40a3-4a1c-b7ba-6ed996b9183c:c2592]
2019-07-08 22:29:48,192 INFO  client.GrpcClientProtocolClient (GrpcClientProtocolClient.java:onNext(255)) - client-7538DDC4E776->1b229672-9fc1-42d6-9200-214eb0163fc5: receive RaftClientReply:client-7538DDC4E776->1b229672-9fc1-42d6-9200-214eb0163fc5@group-440AB812C07F, cid=1798, SUCCESS, logIndex=2596, commits[1b229672-9fc1-42d6-9200-214eb0163fc5:c2596, 4cc0758a-96f5-4ab9-816d-81d822da247a:c2592, 8693c47f-40a3-4a1c-b7ba-6ed996b9183c:c2592]
2019-07-08 22:29:48,193 INFO  client.GrpcClientProtocolClient (GrpcClientProtocolClient.java:onNext(255)) - client-7538DDC4E776->1b229672-9fc1-42d6-9200-214eb0163fc5: receive RaftClientReply:client-7538DDC4E776->1b229672-9fc1-42d6-9200-214eb0163fc5@group-440AB812C07F, cid=1799, SUCCESS, logIndex=0, commits[1b229672-9fc1-42d6-9200-214eb0163fc5:c2599, 4cc0758a-96f5-4ab9-816d-81d822da247a:c2595, 8693c47f-40a3-4a1c-b7ba-6ed996b9183c:c2596]
2019-07-08 22:29:48,217 INFO  client.GrpcClientProtocolClient (GrpcClientProtocolClient.java:onNext(255)) - client-7538DDC4E776->1b229672-9fc1-42d6-9200-214eb0163fc5: receive RaftClientReply:client-7538DDC4E776->1b229672-9fc1-42d6-9200-214eb0163fc5@group-440AB812C07F, cid=1800, SUCCESS, logIndex=2601, commits[1b229672-9fc1-42d6-9200-214eb0163fc5:c2602, 4cc0758a-96f5-4ab9-816d-81d822da247a:c2600, 8693c47f-40a3-4a1c-b7ba-6ed996b9183c:c2600]
2019-07-08 22:29:48,218 INFO  client.GrpcClientProtocolClient (GrpcClientProtocolClient.java:onNext(255)) - client-7538DDC4E776->1b229672-9fc1-42d6-9200-214eb0163fc5: receive RaftClientReply:client-7538DDC4E776->1b229672-9fc1-42d6-9200-214eb0163fc5@group-440AB812C07F, cid=1801, SUCCESS, logIndex=2602, commits[1b229672-9fc1-42d6-9200-214eb0163fc5:c2602, 4cc0758a-96f5-4ab9-816d-81d822da247a:c2600, 8693c47f-40a3-4a1c-b7ba-6ed996b9183c:c2600]
2019-07-08 22:29:48,241 INFO  client.GrpcClientProtocolClient (GrpcClientProtocolClient.java:onNext(255)) - client-7538DDC4E776->1b229672-9fc1-42d6-9200-214eb0163fc5: receive RaftClientReply:client-7538DDC4E776->1b229672-9fc1-42d6-9200-214eb0163fc5@group-440AB812C07F, cid=1802, SUCCESS, logIndex=2605, commits[1b229672-9fc1-42d6-9200-214eb0163fc5:c2606, 4cc0758a-96f5-4ab9-816d-81d822da247a:c2601, 8693c47f-40a3-4a1c-b7ba-6ed996b9183c:c2602]
2019-07-08 22:29:48,241 INFO  client.GrpcClientProtocolClient (GrpcClientProtocolClient.java:onNext(255)) - client-7538DDC4E776->1b229672-9fc1-42d6-9200-214eb0163fc5: receive RaftClientReply:client-7538DDC4E776->1b229672-9fc1-42d6-9200-214eb0163fc5@group-440AB812C07F, cid=1803, SUCCESS, logIndex=2606, commits[1b229672-9fc1-42d6-9200-214eb0163fc5:c2606, 4cc0758a-96f5-4ab9-816d-81d822da247a:c2602, 8693c47f-40a3-4a1c-b7ba-6ed996b9183c:c2602]
2019-07-08 22:29:48,242 INFO  client.GrpcClientProtocolClient (GrpcClientProtocolClient.java:onNext(255)) - client-7538DDC4E776->1b229672-9fc1-42d6-9200-214eb0163fc5: receive RaftClientReply:client-7538DDC4E776->1b229672-9fc1-42d6-9200-214eb0163fc5@group-440AB812C07F, cid=1804, SUCCESS, logIndex=0, commits[1b229672-9fc1-42d6-9200-214eb0163fc5:c2607, 4cc0758a-96f5-4ab9-816d-81d822da247a:c2606, 8693c47f-40a3-4a1c-b7ba-6ed996b9183c:c2606]
2019-07-08 22:29:48,270 INFO  client.GrpcClientProtocolClient (GrpcClientProtocolClient.java:onNext(255)) - client-7538DDC4E776->1b229672-9fc1-42d6-9200-214eb0163fc5: receive RaftClientReply:client-7538DDC4E776->1b229672-9fc1-42d6-9200-214eb0163fc5@group-440AB812C07F, cid=1805, SUCCESS, logIndex=2609, commits[1b229672-9fc1-42d6-9200-214eb0163fc5:c2610, 4cc0758a-96f5-4ab9-816d-81d822da247a:c2608, 8693c47f-40a3-4a1c-b7ba-6ed996b9183c:c2608]
2019-07-08 22:29:48,270 INFO  client.GrpcClientProtocolClient (GrpcClientProtocolClient.java:onNext(255)) - client-7538DDC4E776->1b229672-9fc1-42d6-9200-214eb0163fc5: receive RaftClientReply:client-7538DDC4E776->1b229672-9fc1-42d6-9200-214eb0163fc5@group-440AB812C07F, cid=1806, SUCCESS, logIndex=2610, commits[1b229672-9fc1-42d6-9200-214eb0163fc5:c2612, 4cc0758a-96f5-4ab9-816d-81d822da247a:c2608, 8693c47f-40a3-4a1c-b7ba-6ed996b9183c:c2608]
2019-07-08 22:29:48,271 INFO  client.GrpcClientProtocolClient (GrpcClientProtocolClient.java:onNext(255)) - client-7538DDC4E776->1b229672-9fc1-42d6-9200-214eb0163fc5: receive RaftClientReply:client-7538DDC4E776->1b229672-9fc1-42d6-9200-214eb0163fc5@group-440AB812C07F, cid=1807, SUCCESS, logIndex=2611, commits[1b229672-9fc1-42d6-9200-214eb0163fc5:c2612, 4cc0758a-96f5-4ab9-816d-81d822da247a:c2608, 8693c47f-40a3-4a1c-b7ba-6ed996b9183c:c2608]
2019-07-08 22:29:48,271 INFO  client.GrpcClientProtocolClient (GrpcClientProtocolClient.java:onNext(255)) - client-7538DDC4E776->1b229672-9fc1-42d6-9200-214eb0163fc5: receive RaftClientReply:client-7538DDC4E776->1b229672-9fc1-42d6-9200-214eb0163fc5@group-440AB812C07F, cid=1808, SUCCESS, logIndex=2612, commits[1b229672-9fc1-42d6-9200-214eb0163fc5:c2612, 4cc0758a-96f5-4ab9-816d-81d822da247a:c2608, 8693c47f-40a3-4a1c-b7ba-6ed996b9183c:c2608]
2019-07-08 22:29:48,284 INFO  client.GrpcClientProtocolClient (GrpcClientProtocolClient.java:onNext(255)) - client-7538DDC4E776->1b229672-9fc1-42d6-9200-214eb0163fc5: receive RaftClientReply:client-7538DDC4E776->1b229672-9fc1-42d6-9200-214eb0163fc5@group-440AB812C07F, cid=1809, SUCCESS, logIndex=0, commits[1b229672-9fc1-42d6-9200-214eb0163fc5:c2615, 4cc0758a-96f5-4ab9-816d-81d822da247a:c2611, 8693c47f-40a3-4a1c-b7ba-6ed996b9183c:c2610]
2019-07-08 22:29:48,308 INFO  client.GrpcClientProtocolClient (GrpcClientProtocolClient.java:onNext(255)) - client-7538DDC4E776->1b229672-9fc1-42d6-9200-214eb0163fc5: receive RaftClientReply:client-7538DDC4E776->1b229672-9fc1-42d6-9200-214eb0163fc5@group-440AB812C07F, cid=1810, SUCCESS, logIndex=2617, commits[1b229672-9fc1-42d6-9200-214eb0163fc5:c2618, 4cc0758a-96f5-4ab9-816d-81d822da247a:c2616, 8693c47f-40a3-4a1c-b7ba-6ed996b9183c:c2616]
2019-07-08 22:29:48,308 INFO  client.GrpcClientProtocolClient (GrpcClientProtocolClient.java:onNext(255)) - client-7538DDC4E776->1b229672-9fc1-42d6-9200-214eb0163fc5: receive RaftClientReply:client-7538DDC4E776->1b229672-9fc1-42d6-9200-214eb0163fc5@group-440AB812C07F, cid=1811, SUCCESS, logIndex=2618, commits[1b229672-9fc1-42d6-9200-214eb0163fc5:c2618, 4cc0758a-96f5-4ab9-816d-81d822da247a:c2616, 8693c47f-40a3-4a1c-b7ba-6ed996b9183c:c2616]
2019-07-08 22:29:48,319 INFO  client.GrpcClientProtocolClient (GrpcClientProtocolClient.java:onNext(255)) - client-7538DDC4E776->1b229672-9fc1-42d6-9200-214eb0163fc5: receive RaftClientReply:client-7538DDC4E776->1b229672-9fc1-42d6-9200-214eb0163fc5@group-440AB812C07F, cid=1812, SUCCESS, logIndex=2621, commits[1b229672-9fc1-42d6-9200-214eb0163fc5:c2622, 4cc0758a-96f5-4ab9-816d-81d822da247a:c2618, 8693c47f-40a3-4a1c-b7ba-6ed996b9183c:c2618]
2019-07-08 22:29:48,319 INFO  client.GrpcClientProtocolClient (GrpcClientProtocolClient.java:onNext(255)) - client-7538DDC4E776->1b229672-9fc1-42d6-9200-214eb0163fc5: receive RaftClientReply:client-7538DDC4E776->1b229672-9fc1-42d6-9200-214eb0163fc5@group-440AB812C07F, cid=1813, SUCCESS, logIndex=2622, commits[1b229672-9fc1-42d6-9200-214eb0163fc5:c2622, 4cc0758a-96f5-4ab9-816d-81d822da247a:c2618, 8693c47f-40a3-4a1c-b7ba-6ed996b9183c:c2618]
2019-07-08 22:29:48,321 INFO  client.GrpcClientProtocolClient (GrpcClientProtocolClient.java:onNext(255)) - client-7538DDC4E776->1b229672-9fc1-42d6-9200-214eb0163fc5: receive RaftClientReply:client-7538DDC4E776->1b229672-9fc1-42d6-9200-214eb0163fc5@group-440AB812C07F, cid=1814, SUCCESS, logIndex=0, commits[1b229672-9fc1-42d6-9200-214eb0163fc5:c2624, 4cc0758a-96f5-4ab9-816d-81d822da247a:c2622, 8693c47f-40a3-4a1c-b7ba-6ed996b9183c:c2622]
2019-07-08 22:29:48,350 INFO  client.GrpcClientProtocolClient (GrpcClientProtocolClient.java:onNext(255)) - client-7538DDC4E776->1b229672-9fc1-42d6-9200-214eb0163fc5: receive RaftClientReply:client-7538DDC4E776->1b229672-9fc1-42d6-9200-214eb0163fc5@group-440AB812C07F, cid=1815, SUCCESS, logIndex=2625, commits[1b229672-9fc1-42d6-9200-214eb0163fc5:c2626, 4cc0758a-96f5-4ab9-816d-81d822da247a:c2624, 8693c47f-40a3-4a1c-b7ba-6ed996b9183c:c2624]
2019-07-08 22:29:48,447 INFO  client.GrpcClientProtocolClient (GrpcClientProtocolClient.java:onNext(255)) - client-7538DDC4E776->1b229672-9fc1-42d6-9200-214eb0163fc5: receive RaftClientReply:client-7538DDC4E776->1b229672-9fc1-42d6-9200-214eb0163fc5@group-440AB812C07F, cid=1816, SUCCESS, logIndex=2626, commits[1b229672-9fc1-42d6-9200-214eb0163fc5:c2626, 4cc0758a-96f5-4ab9-816d-81d822da247a:c2624, 8693c47f-40a3-4a1c-b7ba-6ed996b9183c:c2624]
2019-07-08 22:29:48,448 INFO  client.GrpcClientProtocolClient (GrpcClientProtocolClient.java:onNext(255)) - client-7538DDC4E776->1b229672-9fc1-42d6-9200-214eb0163fc5: receive RaftClientReply:client-7538DDC4E776->1b229672-9fc1-42d6-9200-214eb0163fc5@group-440AB812C07F, cid=1817, SUCCESS, logIndex=2627, commits[1b229672-9fc1-42d6-9200-214eb0163fc5:c2628, 4cc0758a-96f5-4ab9-816d-81d822da247a:c2624, 8693c47f-40a3-4a1c-b7ba-6ed996b9183c:c2624]
2019-07-08 22:29:48,448 INFO  client.GrpcClientProtocolClient (GrpcClientProtocolClient.java:onNext(255)) - client-7538DDC4E776->1b229672-9fc1-42d6-9200-214eb0163fc5: receive RaftClientReply:client-7538DDC4E776->1b229672-9fc1-42d6-9200-214eb0163fc5@group-440AB812C07F, cid=1818, SUCCESS, logIndex=2628, commits[1b229672-9fc1-42d6-9200-214eb0163fc5:c2628, 4cc0758a-96f5-4ab9-816d-81d822da247a:c2624, 8693c47f-40a3-4a1c-b7ba-6ed996b9183c:c2624]
2019-07-08 22:29:48,486 INFO  client.GrpcClientProtocolClient (GrpcClientProtocolClient.java:onNext(255)) - client-7538DDC4E776->1b229672-9fc1-42d6-9200-214eb0163fc5: receive RaftClientReply:client-7538DDC4E776->1b229672-9fc1-42d6-9200-214eb0163fc5@group-440AB812C07F, cid=1819, SUCCESS, logIndex=0, commits[1b229672-9fc1-42d6-9200-214eb0163fc5:c2629, 4cc0758a-96f5-4ab9-816d-81d822da247a:c2626, 8693c47f-40a3-4a1c-b7ba-6ed996b9183c:c2626]
2019-07-08 22:29:48,500 INFO  client.GrpcClientProtocolClient (GrpcClientProtocolClient.java:onNext(255)) - client-7538DDC4E776->1b229672-9fc1-42d6-9200-214eb0163fc5: receive RaftClientReply:client-7538DDC4E776->1b229672-9fc1-42d6-9200-214eb0163fc5@group-440AB812C07F, cid=1820, SUCCESS, logIndex=2633, commits[1b229672-9fc1-42d6-9200-214eb0163fc5:c2634, 4cc0758a-96f5-4ab9-816d-81d822da247a:c2628, 8693c47f-40a3-4a1c-b7ba-6ed996b9183c:c2632]
2019-07-08 22:29:48,501 INFO  client.GrpcClientProtocolClient (GrpcClientProtocolClient.java:onNext(255)) - client-7538DDC4E776->1b229672-9fc1-42d6-9200-214eb0163fc5: receive RaftClientReply:client-7538DDC4E776->1b229672-9fc1-42d6-9200-214eb0163fc5@group-440AB812C07F, cid=1821, SUCCESS, logIndex=2634, commits[1b229672-9fc1-42d6-9200-214eb0163fc5:c2634, 4cc0758a-96f5-4ab9-816d-81d822da247a:c2632, 8693c47f-40a3-4a1c-b7ba-6ed996b9183c:c2632]
2019-07-08 22:29:48,514 INFO  client.GrpcClientProtocolClient (GrpcClientProtocolClient.java:onNext(255)) - client-7538DDC4E776->1b229672-9fc1-42d6-9200-214eb0163fc5: receive RaftClientReply:client-7538DDC4E776->1b229672-9fc1-42d6-9200-214eb0163fc5@group-440AB812C07F, cid=1822, SUCCESS, logIndex=2636, commits[1b229672-9fc1-42d6-9200-214eb0163fc5:c2637, 4cc0758a-96f5-4ab9-816d-81d822da247a:c2635, 8693c47f-40a3-4a1c-b7ba-6ed996b9183c:c2635]
2019-07-08 22:29:48,514 INFO  client.GrpcClientProtocolClient (GrpcClientProtocolClient.java:onNext(255)) - client-7538DDC4E776->1b229672-9fc1-42d6-9200-214eb0163fc5: receive RaftClientReply:client-7538DDC4E776->1b229672-9fc1-42d6-9200-214eb0163fc5@group-440AB812C07F, cid=1823, SUCCESS, logIndex=2637, commits[1b229672-9fc1-42d6-9200-214eb0163fc5:c2637, 4cc0758a-96f5-4ab9-816d-81d822da247a:c2635, 8693c47f-40a3-4a1c-b7ba-6ed996b9183c:c2635]
2019-07-08 22:29:48,519 INFO  client.GrpcClientProtocolClient (GrpcClientProtocolClient.java:onNext(255)) - client-7538DDC4E776->1b229672-9fc1-42d6-9200-214eb0163fc5: receive RaftClientReply:client-7538DDC4E776->1b229672-9fc1-42d6-9200-214eb0163fc5@group-440AB812C07F, cid=1824, SUCCESS, logIndex=0, commits[1b229672-9fc1-42d6-9200-214eb0163fc5:c2638, 4cc0758a-96f5-4ab9-816d-81d822da247a:c2637, 8693c47f-40a3-4a1c-b7ba-6ed996b9183c:c2637]
2019-07-08 22:29:48,571 INFO  client.GrpcClientProtocolClient (GrpcClientProtocolClient.java:onNext(255)) - client-7538DDC4E776->1b229672-9fc1-42d6-9200-214eb0163fc5: receive RaftClientReply:client-7538DDC4E776->1b229672-9fc1-42d6-9200-214eb0163fc5@group-440AB812C07F, cid=1825, SUCCESS, logIndex=2640, commits[1b229672-9fc1-42d6-9200-214eb0163fc5:c2641, 4cc0758a-96f5-4ab9-816d-81d822da247a:c2639, 8693c47f-40a3-4a1c-b7ba-6ed996b9183c:c2639]
2019-07-08 22:29:48,571 INFO  client.GrpcClientProtocolClient (GrpcClientProtocolClient.java:onNext(255)) - client-7538DDC4E776->1b229672-9fc1-42d6-9200-214eb0163fc5: receive RaftClientReply:client-7538DDC4E776->1b229672-9fc1-42d6-9200-214eb0163fc5@group-440AB812C07F, cid=1826, SUCCESS, logIndex=2641, commits[1b229672-9fc1-42d6-9200-214eb0163fc5:c2643, 4cc0758a-96f5-4ab9-816d-81d822da247a:c2639, 8693c47f-40a3-4a1c-b7ba-6ed996b9183c:c2639]
2019-07-08 22:29:48,572 INFO  client.GrpcClientProtocolClient (GrpcClientProtocolClient.java:onNext(255)) - client-7538DDC4E776->1b229672-9fc1-42d6-9200-214eb0163fc5: receive RaftClientReply:client-7538DDC4E776->1b229672-9fc1-42d6-9200-214eb0163fc5@group-440AB812C07F, cid=1827, SUCCESS, logIndex=2642, commits[1b229672-9fc1-42d6-9200-214eb0163fc5:c2643, 4cc0758a-96f5-4ab9-816d-81d822da247a:c2639, 8693c47f-40a3-4a1c-b7ba-6ed996b9183c:c2639]
2019-07-08 22:29:48,572 INFO  client.GrpcClientProtocolClient (GrpcClientProtocolClient.java:onNext(255)) - client-7538DDC4E776->1b229672-9fc1-42d6-9200-214eb0163fc5: receive RaftClientReply:client-7538DDC4E776->1b229672-9fc1-42d6-9200-214eb0163fc5@group-440AB812C07F, cid=1828, SUCCESS, logIndex=2643, commits[1b229672-9fc1-42d6-9200-214eb0163fc5:c2643, 4cc0758a-96f5-4ab9-816d-81d822da247a:c2639, 8693c47f-40a3-4a1c-b7ba-6ed996b9183c:c2639]
2019-07-08 22:29:48,593 INFO  client.GrpcClientProtocolClient (GrpcClientProtocolClient.java:onNext(255)) - client-7538DDC4E776->1b229672-9fc1-42d6-9200-214eb0163fc5: receive RaftClientReply:client-7538DDC4E776->1b229672-9fc1-42d6-9200-214eb0163fc5@group-440AB812C07F, cid=1829, SUCCESS, logIndex=0, commits[1b229672-9fc1-42d6-9200-214eb0163fc5:c2645, 4cc0758a-96f5-4ab9-816d-81d822da247a:c2641, 8693c47f-40a3-4a1c-b7ba-6ed996b9183c:c2641]
2019-07-08 22:29:48,616 INFO  client.GrpcClientProtocolClient (GrpcClientProtocolClient.java:onNext(255)) - client-7538DDC4E776->1b229672-9fc1-42d6-9200-214eb0163fc5: receive RaftClientReply:client-7538DDC4E776->1b229672-9fc1-42d6-9200-214eb0163fc5@group-440AB812C07F, cid=1830, SUCCESS, logIndex=2647, commits[1b229672-9fc1-42d6-9200-214eb0163fc5:c2648, 4cc0758a-96f5-4ab9-816d-81d822da247a:c2646, 8693c47f-40a3-4a1c-b7ba-6ed996b9183c:c2646]
2019-07-08 22:29:48,616 INFO  client.GrpcClientProtocolClient (GrpcClientProtocolClient.java:onNext(255)) - client-7538DDC4E776->1b229672-9fc1-42d6-9200-214eb0163fc5: receive RaftClientReply:client-7538DDC4E776->1b229672-9fc1-42d6-9200-214eb0163fc5@group-440AB812C07F, cid=1831, SUCCESS, logIndex=2648, commits[1b229672-9fc1-42d6-9200-214eb0163fc5:c2648, 4cc0758a-96f5-4ab9-816d-81d822da247a:c2646, 8693c47f-40a3-4a1c-b7ba-6ed996b9183c:c2646]
2019-07-08 22:29:48,641 INFO  client.GrpcClientProtocolClient (GrpcClientProtocolClient.java:onNext(255)) - client-7538DDC4E776->1b229672-9fc1-42d6-9200-214eb0163fc5: receive RaftClientReply:client-7538DDC4E776->1b229672-9fc1-42d6-9200-214eb0163fc5@group-440AB812C07F, cid=1832, SUCCESS, logIndex=2651, commits[1b229672-9fc1-42d6-9200-214eb0163fc5:c2652, 4cc0758a-96f5-4ab9-816d-81d822da247a:c2648, 8693c47f-40a3-4a1c-b7ba-6ed996b9183c:c2648]
2019-07-08 22:29:48,641 INFO  client.GrpcClientProtocolClient (GrpcClientProtocolClient.java:onNext(255)) - client-7538DDC4E776->1b229672-9fc1-42d6-9200-214eb0163fc5: receive RaftClientReply:client-7538DDC4E776->1b229672-9fc1-42d6-9200-214eb0163fc5@group-440AB812C07F, cid=1833, SUCCESS, logIndex=2652, commits[1b229672-9fc1-42d6-9200-214eb0163fc5:c2652, 4cc0758a-96f5-4ab9-816d-81d822da247a:c2648, 8693c47f-40a3-4a1c-b7ba-6ed996b9183c:c2648]
2019-07-08 22:29:48,656 INFO  client.GrpcClientProtocolClient (GrpcClientProtocolClient.java:onNext(255)) - client-7538DDC4E776->1b229672-9fc1-42d6-9200-214eb0163fc5: receive RaftClientReply:client-7538DDC4E776->1b229672-9fc1-42d6-9200-214eb0163fc5@group-440AB812C07F, cid=1834, SUCCESS, logIndex=0, commits[1b229672-9fc1-42d6-9200-214eb0163fc5:c2654, 4cc0758a-96f5-4ab9-816d-81d822da247a:c2652, 8693c47f-40a3-4a1c-b7ba-6ed996b9183c:c2652]
2019-07-08 22:29:48,687 INFO  client.GrpcClientProtocolClient (GrpcClientProtocolClient.java:onNext(255)) - client-7538DDC4E776->1b229672-9fc1-42d6-9200-214eb0163fc5: receive RaftClientReply:client-7538DDC4E776->1b229672-9fc1-42d6-9200-214eb0163fc5@group-440AB812C07F, cid=1835, SUCCESS, logIndex=2655, commits[1b229672-9fc1-42d6-9200-214eb0163fc5:c2656, 4cc0758a-96f5-4ab9-816d-81d822da247a:c2654, 8693c47f-40a3-4a1c-b7ba-6ed996b9183c:c2654]
2019-07-08 22:29:48,687 INFO  client.GrpcClientProtocolClient (GrpcClientProtocolClient.java:onNext(255)) - client-7538DDC4E776->1b229672-9fc1-42d6-9200-214eb0163fc5: receive RaftClientReply:client-7538DDC4E776->1b229672-9fc1-42d6-9200-214eb0163fc5@group-440AB812C07F, cid=1836, SUCCESS, logIndex=2656, commits[1b229672-9fc1-42d6-9200-214eb0163fc5:c2658, 4cc0758a-96f5-4ab9-816d-81d822da247a:c2654, 8693c47f-40a3-4a1c-b7ba-6ed996b9183c:c2654]
2019-07-08 22:29:48,688 INFO  client.GrpcClientProtocolClient (GrpcClientProtocolClient.java:onNext(255)) - client-7538DDC4E776->1b229672-9fc1-42d6-9200-214eb0163fc5: receive RaftClientReply:client-7538DDC4E776->1b229672-9fc1-42d6-9200-214eb0163fc5@group-440AB812C07F, cid=1837, SUCCESS, logIndex=2657, commits[1b229672-9fc1-42d6-9200-214eb0163fc5:c2658, 4cc0758a-96f5-4ab9-816d-81d822da247a:c2654, 8693c47f-40a3-4a1c-b7ba-6ed996b9183c:c2654]
2019-07-08 22:29:48,688 INFO  client.GrpcClientProtocolClient (GrpcClientProtocolClient.java:onNext(255)) - client-7538DDC4E776->1b229672-9fc1-42d6-9200-214eb0163fc5: receive RaftClientReply:client-7538DDC4E776->1b229672-9fc1-42d6-9200-214eb0163fc5@group-440AB812C07F, cid=1838, SUCCESS, logIndex=2658, commits[1b229672-9fc1-42d6-9200-214eb0163fc5:c2658, 4cc0758a-96f5-4ab9-816d-81d822da247a:c2654, 8693c47f-40a3-4a1c-b7ba-6ed996b9183c:c2654]
2019-07-08 22:29:48,701 INFO  client.GrpcClientProtocolClient (GrpcClientProtocolClient.java:onNext(255)) - client-7538DDC4E776->1b229672-9fc1-42d6-9200-214eb0163fc5: receive RaftClientReply:client-7538DDC4E776->1b229672-9fc1-42d6-9200-214eb0163fc5@group-440AB812C07F, cid=1839, SUCCESS, logIndex=0, commits[1b229672-9fc1-42d6-9200-214eb0163fc5:c2662, 4cc0758a-96f5-4ab9-816d-81d822da247a:c2658, 8693c47f-40a3-4a1c-b7ba-6ed996b9183c:c2656]
2019-07-08 22:29:48,722 INFO  client.GrpcClientProtocolClient (GrpcClientProtocolClient.java:onNext(255)) - client-7538DDC4E776->1b229672-9fc1-42d6-9200-214eb0163fc5: receive RaftClientReply:client-7538DDC4E776->1b229672-9fc1-42d6-9200-214eb0163fc5@group-440AB812C07F, cid=1840, SUCCESS, logIndex=2663, commits[1b229672-9fc1-42d6-9200-214eb0163fc5:c2664, 4cc0758a-96f5-4ab9-816d-81d822da247a:c2662, 8693c47f-40a3-4a1c-b7ba-6ed996b9183c:c2662]
2019-07-08 22:29:48,722 INFO  client.GrpcClientProtocolClient (GrpcClientProtocolClient.java:onNext(255)) - client-7538DDC4E776->1b229672-9fc1-42d6-9200-214eb0163fc5: receive RaftClientReply:client-7538DDC4E776->1b229672-9fc1-42d6-9200-214eb0163fc5@group-440AB812C07F, cid=1841, SUCCESS, logIndex=2664, commits[1b229672-9fc1-42d6-9200-214eb0163fc5:c2664, 4cc0758a-96f5-4ab9-816d-81d822da247a:c2662, 8693c47f-40a3-4a1c-b7ba-6ed996b9183c:c2662]
2019-07-08 22:29:48,735 INFO  client.GrpcClientProtocolClient (GrpcClientProtocolClient.java:onNext(255)) - client-7538DDC4E776->1b229672-9fc1-42d6-9200-214eb0163fc5: receive RaftClientReply:client-7538DDC4E776->1b229672-9fc1-42d6-9200-214eb0163fc5@group-440AB812C07F, cid=1842, SUCCESS, logIndex=2667, commits[1b229672-9fc1-42d6-9200-214eb0163fc5:c2668, 4cc0758a-96f5-4ab9-816d-81d822da247a:c2663, 8693c47f-40a3-4a1c-b7ba-6ed996b9183c:c2664]
2019-07-08 22:29:48,736 INFO  client.GrpcClientProtocolClient (GrpcClientProtocolClient.java:onNext(255)) - client-7538DDC4E776->1b229672-9fc1-42d6-9200-214eb0163fc5: receive RaftClientReply:client-7538DDC4E776->1b229672-9fc1-42d6-9200-214eb0163fc5@group-440AB812C07F, cid=1843, SUCCESS, logIndex=2668, commits[1b229672-9fc1-42d6-9200-214eb0163fc5:c2668, 4cc0758a-96f5-4ab9-816d-81d822da247a:c2664, 8693c47f-40a3-4a1c-b7ba-6ed996b9183c:c2664]
2019-07-08 22:29:48,749 INFO  client.GrpcClientProtocolClient (GrpcClientProtocolClient.java:onNext(255)) - client-7538DDC4E776->1b229672-9fc1-42d6-9200-214eb0163fc5: receive RaftClientReply:client-7538DDC4E776->1b229672-9fc1-42d6-9200-214eb0163fc5@group-440AB812C07F, cid=1844, SUCCESS, logIndex=0, commits[1b229672-9fc1-42d6-9200-214eb0163fc5:c2670, 4cc0758a-96f5-4ab9-816d-81d822da247a:c2668, 8693c47f-40a3-4a1c-b7ba-6ed996b9183c:c2668]
2019-07-08 22:29:48,773 INFO  client.GrpcClientProtocolClient (GrpcClientProtocolClient.java:onNext(255)) - client-7538DDC4E776->1b229672-9fc1-42d6-9200-214eb0163fc5: receive RaftClientReply:client-7538DDC4E776->1b229672-9fc1-42d6-9200-214eb0163fc5@group-440AB812C07F, cid=1845, SUCCESS, logIndex=2671, commits[1b229672-9fc1-42d6-9200-214eb0163fc5:c2671, 4cc0758a-96f5-4ab9-816d-81d822da247a:c2668, 8693c47f-40a3-4a1c-b7ba-6ed996b9183c:c2670]
2019-07-08 22:29:48,774 INFO  client.GrpcClientProtocolClient (GrpcClientProtocolClient.java:onNext(255)) - client-7538DDC4E776->1b229672-9fc1-42d6-9200-214eb0163fc5: receive RaftClientReply:client-7538DDC4E776->1b229672-9fc1-42d6-9200-214eb0163fc5@group-440AB812C07F, cid=1846, SUCCESS, logIndex=2672, commits[1b229672-9fc1-42d6-9200-214eb0163fc5:c2674, 4cc0758a-96f5-4ab9-816d-81d822da247a:c2670, 8693c47f-40a3-4a1c-b7ba-6ed996b9183c:c2670]
2019-07-08 22:29:48,774 INFO  client.GrpcClientProtocolClient (GrpcClientProtocolClient.java:onNext(255)) - client-7538DDC4E776->1b229672-9fc1-42d6-9200-214eb0163fc5: receive RaftClientReply:client-7538DDC4E776->1b229672-9fc1-42d6-9200-214eb0163fc5@group-440AB812C07F, cid=1847, SUCCESS, logIndex=2673, commits[1b229672-9fc1-42d6-9200-214eb0163fc5:c2674, 4cc0758a-96f5-4ab9-816d-81d822da247a:c2670, 8693c47f-40a3-4a1c-b7ba-6ed996b9183c:c2670]
2019-07-08 22:29:48,775 INFO  client.GrpcClientProtocolClient (GrpcClientProtocolClient.java:onNext(255)) - client-7538DDC4E776->1b229672-9fc1-42d6-9200-214eb0163fc5: receive RaftClientReply:client-7538DDC4E776->1b229672-9fc1-42d6-9200-214eb0163fc5@group-440AB812C07F, cid=1848, SUCCESS, logIndex=2674, commits[1b229672-9fc1-42d6-9200-214eb0163fc5:c2674, 4cc0758a-96f5-4ab9-816d-81d822da247a:c2670, 8693c47f-40a3-4a1c-b7ba-6ed996b9183c:c2670]
2019-07-08 22:29:48,776 INFO  client.GrpcClientProtocolClient (GrpcClientProtocolClient.java:onNext(255)) - client-7538DDC4E776->1b229672-9fc1-42d6-9200-214eb0163fc5: receive RaftClientReply:client-7538DDC4E776->1b229672-9fc1-42d6-9200-214eb0163fc5@group-440AB812C07F, cid=1849, SUCCESS, logIndex=0, commits[1b229672-9fc1-42d6-9200-214eb0163fc5:c2674, 4cc0758a-96f5-4ab9-816d-81d822da247a:c2672, 8693c47f-40a3-4a1c-b7ba-6ed996b9183c:c2672]
 0.00% |█                                                                                                    |  0/1 Time: 0:00:152019-07-08 22:29:48,808 INFO  client.GrpcClientProtocolClient (GrpcClientProtocolClient.java:onNext(255)) - client-7538DDC4E776->1b229672-9fc1-42d6-9200-214eb0163fc5: receive RaftClientReply:client-7538DDC4E776->1b229672-9fc1-42d6-9200-214eb0163fc5@group-440AB812C07F, cid=1850, SUCCESS, logIndex=2678, commits[1b229672-9fc1-42d6-9200-214eb0163fc5:c2679, 4cc0758a-96f5-4ab9-816d-81d822da247a:c2677, 8693c47f-40a3-4a1c-b7ba-6ed996b9183c:c2677]
2019-07-08 22:29:48,808 INFO  client.GrpcClientProtocolClient (GrpcClientProtocolClient.java:onNext(255)) - client-7538DDC4E776->1b229672-9fc1-42d6-9200-214eb0163fc5: receive RaftClientReply:client-7538DDC4E776->1b229672-9fc1-42d6-9200-214eb0163fc5@group-440AB812C07F, cid=1851, SUCCESS, logIndex=2679, commits[1b229672-9fc1-42d6-9200-214eb0163fc5:c2679, 4cc0758a-96f5-4ab9-816d-81d822da247a:c2677, 8693c47f-40a3-4a1c-b7ba-6ed996b9183c:c2677]
2019-07-08 22:29:48,828 INFO  client.GrpcClientProtocolClient (GrpcClientProtocolClient.java:onNext(255)) - client-7538DDC4E776->1b229672-9fc1-42d6-9200-214eb0163fc5: receive RaftClientReply:client-7538DDC4E776->1b229672-9fc1-42d6-9200-214eb0163fc5@group-440AB812C07F, cid=1852, SUCCESS, logIndex=2682, commits[1b229672-9fc1-42d6-9200-214eb0163fc5:c2683, 4cc0758a-96f5-4ab9-816d-81d822da247a:c2681, 8693c47f-40a3-4a1c-b7ba-6ed996b9183c:c2681]
2019-07-08 22:29:48,828 INFO  client.GrpcClientProtocolClient (GrpcClientProtocolClient.java:onNext(255)) - client-7538DDC4E776->1b229672-9fc1-42d6-9200-214eb0163fc5: receive RaftClientReply:client-7538DDC4E776->1b229672-9fc1-42d6-9200-214eb0163fc5@group-440AB812C07F, cid=1853, SUCCESS, logIndex=2683, commits[1b229672-9fc1-42d6-9200-214eb0163fc5:c2683, 4cc0758a-96f5-4ab9-816d-81d822da247a:c2681, 8693c47f-40a3-4a1c-b7ba-6ed996b9183c:c2681]
2019-07-08 22:29:48,842 INFO  client.GrpcClientProtocolClient (GrpcClientProtocolClient.java:onNext(255)) - client-7538DDC4E776->1b229672-9fc1-42d6-9200-214eb0163fc5: receive RaftClientReply:client-7538DDC4E776->1b229672-9fc1-42d6-9200-214eb0163fc5@group-440AB812C07F, cid=1854, SUCCESS, logIndex=0, commits[1b229672-9fc1-42d6-9200-214eb0163fc5:c2685, 4cc0758a-96f5-4ab9-816d-81d822da247a:c2683, 8693c47f-40a3-4a1c-b7ba-6ed996b9183c:c2683]
2019-07-08 22:29:48,868 INFO  client.GrpcClientProtocolClient (GrpcClientProtocolClient.java:onNext(255)) - client-7538DDC4E776->1b229672-9fc1-42d6-9200-214eb0163fc5: receive RaftClientReply:client-7538DDC4E776->1b229672-9fc1-42d6-9200-214eb0163fc5@group-440AB812C07F, cid=1855, SUCCESS, logIndex=2686, commits[1b229672-9fc1-42d6-9200-214eb0163fc5:c2688, 4cc0758a-96f5-4ab9-816d-81d822da247a:c2685, 8693c47f-40a3-4a1c-b7ba-6ed996b9183c:c2685]
2019-07-08 22:29:48,868 INFO  client.GrpcClientProtocolClient (GrpcClientProtocolClient.java:onNext(255)) - client-7538DDC4E776->1b229672-9fc1-42d6-9200-214eb0163fc5: receive RaftClientReply:client-7538DDC4E776->1b229672-9fc1-42d6-9200-214eb0163fc5@group-440AB812C07F, cid=1856, SUCCESS, logIndex=2687, commits[1b229672-9fc1-42d6-9200-214eb0163fc5:c2689, 4cc0758a-96f5-4ab9-816d-81d822da247a:c2685, 8693c47f-40a3-4a1c-b7ba-6ed996b9183c:c2685]
2019-07-08 22:29:48,868 INFO  client.GrpcClientProtocolClient (GrpcClientProtocolClient.java:onNext(255)) - client-7538DDC4E776->1b229672-9fc1-42d6-9200-214eb0163fc5: receive RaftClientReply:client-7538DDC4E776->1b229672-9fc1-42d6-9200-214eb0163fc5@group-440AB812C07F, cid=1857, SUCCESS, logIndex=2688, commits[1b229672-9fc1-42d6-9200-214eb0163fc5:c2689, 4cc0758a-96f5-4ab9-816d-81d822da247a:c2685, 8693c47f-40a3-4a1c-b7ba-6ed996b9183c:c2685]
2019-07-08 22:29:48,869 INFO  client.GrpcClientProtocolClient (GrpcClientProtocolClient.java:onNext(255)) - client-7538DDC4E776->1b229672-9fc1-42d6-9200-214eb0163fc5: receive RaftClientReply:client-7538DDC4E776->1b229672-9fc1-42d6-9200-214eb0163fc5@group-440AB812C07F, cid=1858, SUCCESS, logIndex=2689, commits[1b229672-9fc1-42d6-9200-214eb0163fc5:c2689, 4cc0758a-96f5-4ab9-816d-81d822da247a:c2685, 8693c47f-40a3-4a1c-b7ba-6ed996b9183c:c2685]
2019-07-08 22:29:48,871 INFO  client.GrpcClientProtocolClient (GrpcClientProtocolClient.java:onNext(255)) - client-7538DDC4E776->1b229672-9fc1-42d6-9200-214eb0163fc5: receive RaftClientReply:client-7538DDC4E776->1b229672-9fc1-42d6-9200-214eb0163fc5@group-440AB812C07F, cid=1859, SUCCESS, logIndex=0, commits[1b229672-9fc1-42d6-9200-214eb0163fc5:c2690, 4cc0758a-96f5-4ab9-816d-81d822da247a:c2687, 8693c47f-40a3-4a1c-b7ba-6ed996b9183c:c2687]
2019-07-08 22:29:48,884 INFO  client.GrpcClientProtocolClient (GrpcClientProtocolClient.java:onNext(255)) - client-7538DDC4E776->1b229672-9fc1-42d6-9200-214eb0163fc5: receive RaftClientReply:client-7538DDC4E776->1b229672-9fc1-42d6-9200-214eb0163fc5@group-440AB812C07F, cid=1860, SUCCESS, logIndex=2694, commits[1b229672-9fc1-42d6-9200-214eb0163fc5:c2695, 4cc0758a-96f5-4ab9-816d-81d822da247a:c2690, 8693c47f-40a3-4a1c-b7ba-6ed996b9183c:c2689]
2019-07-08 22:29:48,884 INFO  client.GrpcClientProtocolClient (GrpcClientProtocolClient.java:onNext(255)) - client-7538DDC4E776->1b229672-9fc1-42d6-9200-214eb0163fc5: receive RaftClientReply:client-7538DDC4E776->1b229672-9fc1-42d6-9200-214eb0163fc5@group-440AB812C07F, cid=1861, SUCCESS, logIndex=2695, commits[1b229672-9fc1-42d6-9200-214eb0163fc5:c2695, 4cc0758a-96f5-4ab9-816d-81d822da247a:c2690, 8693c47f-40a3-4a1c-b7ba-6ed996b9183c:c2690]
2019-07-08 22:29:48,899 INFO  client.GrpcClientProtocolClient (GrpcClientProtocolClient.java:onNext(255)) - client-7538DDC4E776->1b229672-9fc1-42d6-9200-214eb0163fc5: receive RaftClientReply:client-7538DDC4E776->1b229672-9fc1-42d6-9200-214eb0163fc5@group-440AB812C07F, cid=1862, SUCCESS, logIndex=2698, commits[1b229672-9fc1-42d6-9200-214eb0163fc5:c2698, 4cc0758a-96f5-4ab9-816d-81d822da247a:c2695, 8693c47f-40a3-4a1c-b7ba-6ed996b9183c:c2695]
2019-07-08 22:29:48,899 INFO  client.GrpcClientProtocolClient (GrpcClientProtocolClient.java:onNext(255)) - client-7538DDC4E776->1b229672-9fc1-42d6-9200-214eb0163fc5: receive RaftClientReply:client-7538DDC4E776->1b229672-9fc1-42d6-9200-214eb0163fc5@group-440AB812C07F, cid=1863, SUCCESS, logIndex=2699, commits[1b229672-9fc1-42d6-9200-214eb0163fc5:c2699, 4cc0758a-96f5-4ab9-816d-81d822da247a:c2695, 8693c47f-40a3-4a1c-b7ba-6ed996b9183c:c2695]
2019-07-08 22:29:48,913 INFO  client.GrpcClientProtocolClient (GrpcClientProtocolClient.java:onNext(255)) - client-7538DDC4E776->1b229672-9fc1-42d6-9200-214eb0163fc5: receive RaftClientReply:client-7538DDC4E776->1b229672-9fc1-42d6-9200-214eb0163fc5@group-440AB812C07F, cid=1864, SUCCESS, logIndex=0, commits[1b229672-9fc1-42d6-9200-214eb0163fc5:c2701, 4cc0758a-96f5-4ab9-816d-81d822da247a:c2699, 8693c47f-40a3-4a1c-b7ba-6ed996b9183c:c2699]
2019-07-08 22:29:48,941 INFO  client.GrpcClientProtocolClient (GrpcClientProtocolClient.java:onNext(255)) - client-7538DDC4E776->1b229672-9fc1-42d6-9200-214eb0163fc5: receive RaftClientReply:client-7538DDC4E776->1b229672-9fc1-42d6-9200-214eb0163fc5@group-440AB812C07F, cid=1865, SUCCESS, logIndex=2702, commits[1b229672-9fc1-42d6-9200-214eb0163fc5:c2705, 4cc0758a-96f5-4ab9-816d-81d822da247a:c2701, 8693c47f-40a3-4a1c-b7ba-6ed996b9183c:c2701]
2019-07-08 22:29:48,942 INFO  client.GrpcClientProtocolClient (GrpcClientProtocolClient.java:onNext(255)) - client-7538DDC4E776->1b229672-9fc1-42d6-9200-214eb0163fc5: receive RaftClientReply:client-7538DDC4E776->1b229672-9fc1-42d6-9200-214eb0163fc5@group-440AB812C07F, cid=1866, SUCCESS, logIndex=2703, commits[1b229672-9fc1-42d6-9200-214eb0163fc5:c2705, 4cc0758a-96f5-4ab9-816d-81d822da247a:c2701, 8693c47f-40a3-4a1c-b7ba-6ed996b9183c:c2701]
2019-07-08 22:29:48,942 INFO  client.GrpcClientProtocolClient (GrpcClientProtocolClient.java:onNext(255)) - client-7538DDC4E776->1b229672-9fc1-42d6-9200-214eb0163fc5: receive RaftClientReply:client-7538DDC4E776->1b229672-9fc1-42d6-9200-214eb0163fc5@group-440AB812C07F, cid=1867, SUCCESS, logIndex=2704, commits[1b229672-9fc1-42d6-9200-214eb0163fc5:c2705, 4cc0758a-96f5-4ab9-816d-81d822da247a:c2701, 8693c47f-40a3-4a1c-b7ba-6ed996b9183c:c2701]
2019-07-08 22:29:48,942 INFO  client.GrpcClientProtocolClient (GrpcClientProtocolClient.java:onNext(255)) - client-7538DDC4E776->1b229672-9fc1-42d6-9200-214eb0163fc5: receive RaftClientReply:client-7538DDC4E776->1b229672-9fc1-42d6-9200-214eb0163fc5@group-440AB812C07F, cid=1868, SUCCESS, logIndex=2705, commits[1b229672-9fc1-42d6-9200-214eb0163fc5:c2705, 4cc0758a-96f5-4ab9-816d-81d822da247a:c2701, 8693c47f-40a3-4a1c-b7ba-6ed996b9183c:c2701]
2019-07-08 22:29:48,944 INFO  client.GrpcClientProtocolClient (GrpcClientProtocolClient.java:onNext(255)) - client-7538DDC4E776->1b229672-9fc1-42d6-9200-214eb0163fc5: receive RaftClientReply:client-7538DDC4E776->1b229672-9fc1-42d6-9200-214eb0163fc5@group-440AB812C07F, cid=1869, SUCCESS, logIndex=0, commits[1b229672-9fc1-42d6-9200-214eb0163fc5:c2706, 4cc0758a-96f5-4ab9-816d-81d822da247a:c2703, 8693c47f-40a3-4a1c-b7ba-6ed996b9183c:c2703]
2019-07-08 22:29:48,962 INFO  client.GrpcClientProtocolClient (GrpcClientProtocolClient.java:onNext(255)) - client-7538DDC4E776->1b229672-9fc1-42d6-9200-214eb0163fc5: receive RaftClientReply:client-7538DDC4E776->1b229672-9fc1-42d6-9200-214eb0163fc5@group-440AB812C07F, cid=1870, SUCCESS, logIndex=2710, commits[1b229672-9fc1-42d6-9200-214eb0163fc5:c2711, 4cc0758a-96f5-4ab9-816d-81d822da247a:c2706, 8693c47f-40a3-4a1c-b7ba-6ed996b9183c:c2706]
2019-07-08 22:29:48,962 INFO  client.GrpcClientProtocolClient (GrpcClientProtocolClient.java:onNext(255)) - client-7538DDC4E776->1b229672-9fc1-42d6-9200-214eb0163fc5: receive RaftClientReply:client-7538DDC4E776->1b229672-9fc1-42d6-9200-214eb0163fc5@group-440AB812C07F, cid=1871, SUCCESS, logIndex=2711, commits[1b229672-9fc1-42d6-9200-214eb0163fc5:c2711, 4cc0758a-96f5-4ab9-816d-81d822da247a:c2706, 8693c47f-40a3-4a1c-b7ba-6ed996b9183c:c2706]
2019-07-08 22:29:48,977 INFO  client.GrpcClientProtocolClient (GrpcClientProtocolClient.java:onNext(255)) - client-7538DDC4E776->1b229672-9fc1-42d6-9200-214eb0163fc5: receive RaftClientReply:client-7538DDC4E776->1b229672-9fc1-42d6-9200-214eb0163fc5@group-440AB812C07F, cid=1872, SUCCESS, logIndex=2714, commits[1b229672-9fc1-42d6-9200-214eb0163fc5:c2715, 4cc0758a-96f5-4ab9-816d-81d822da247a:c2711, 8693c47f-40a3-4a1c-b7ba-6ed996b9183c:c2711]
2019-07-08 22:29:48,977 INFO  client.GrpcClientProtocolClient (GrpcClientProtocolClient.java:onNext(255)) - client-7538DDC4E776->1b229672-9fc1-42d6-9200-214eb0163fc5: receive RaftClientReply:client-7538DDC4E776->1b229672-9fc1-42d6-9200-214eb0163fc5@group-440AB812C07F, cid=1873, SUCCESS, logIndex=2715, commits[1b229672-9fc1-42d6-9200-214eb0163fc5:c2715, 4cc0758a-96f5-4ab9-816d-81d822da247a:c2711, 8693c47f-40a3-4a1c-b7ba-6ed996b9183c:c2711]
2019-07-08 22:29:48,991 INFO  client.GrpcClientProtocolClient (GrpcClientProtocolClient.java:onNext(255)) - client-7538DDC4E776->1b229672-9fc1-42d6-9200-214eb0163fc5: receive RaftClientReply:client-7538DDC4E776->1b229672-9fc1-42d6-9200-214eb0163fc5@group-440AB812C07F, cid=1874, SUCCESS, logIndex=0, commits[1b229672-9fc1-42d6-9200-214eb0163fc5:c2717, 4cc0758a-96f5-4ab9-816d-81d822da247a:c2715, 8693c47f-40a3-4a1c-b7ba-6ed996b9183c:c2715]
2019-07-08 22:29:49,011 INFO  client.GrpcClientProtocolClient (GrpcClientProtocolClient.java:onNext(255)) - client-7538DDC4E776->1b229672-9fc1-42d6-9200-214eb0163fc5: receive RaftClientReply:client-7538DDC4E776->1b229672-9fc1-42d6-9200-214eb0163fc5@group-440AB812C07F, cid=1875, SUCCESS, logIndex=2718, commits[1b229672-9fc1-42d6-9200-214eb0163fc5:c2721, 4cc0758a-96f5-4ab9-816d-81d822da247a:c2717, 8693c47f-40a3-4a1c-b7ba-6ed996b9183c:c2715]
2019-07-08 22:29:49,012 INFO  client.GrpcClientProtocolClient (GrpcClientProtocolClient.java:onNext(255)) - client-7538DDC4E776->1b229672-9fc1-42d6-9200-214eb0163fc5: receive RaftClientReply:client-7538DDC4E776->1b229672-9fc1-42d6-9200-214eb0163fc5@group-440AB812C07F, cid=1876, SUCCESS, logIndex=2719, commits[1b229672-9fc1-42d6-9200-214eb0163fc5:c2721, 4cc0758a-96f5-4ab9-816d-81d822da247a:c2717, 8693c47f-40a3-4a1c-b7ba-6ed996b9183c:c2717]
2019-07-08 22:29:49,012 INFO  client.GrpcClientProtocolClient (GrpcClientProtocolClient.java:onNext(255)) - client-7538DDC4E776->1b229672-9fc1-42d6-9200-214eb0163fc5: receive RaftClientReply:client-7538DDC4E776->1b229672-9fc1-42d6-9200-214eb0163fc5@group-440AB812C07F, cid=1877, SUCCESS, logIndex=2720, commits[1b229672-9fc1-42d6-9200-214eb0163fc5:c2721, 4cc0758a-96f5-4ab9-816d-81d822da247a:c2717, 8693c47f-40a3-4a1c-b7ba-6ed996b9183c:c2717]
2019-07-08 22:29:49,013 INFO  client.GrpcClientProtocolClient (GrpcClientProtocolClient.java:onNext(255)) - client-7538DDC4E776->1b229672-9fc1-42d6-9200-214eb0163fc5: receive RaftClientReply:client-7538DDC4E776->1b229672-9fc1-42d6-9200-214eb0163fc5@group-440AB812C07F, cid=1878, SUCCESS, logIndex=2721, commits[1b229672-9fc1-42d6-9200-214eb0163fc5:c2722, 4cc0758a-96f5-4ab9-816d-81d822da247a:c2720, 8693c47f-40a3-4a1c-b7ba-6ed996b9183c:c2717]
2019-07-08 22:29:49,014 INFO  client.GrpcClientProtocolClient (GrpcClientProtocolClient.java:onNext(255)) - client-7538DDC4E776->1b229672-9fc1-42d6-9200-214eb0163fc5: receive RaftClientReply:client-7538DDC4E776->1b229672-9fc1-42d6-9200-214eb0163fc5@group-440AB812C07F, cid=1879, SUCCESS, logIndex=0, commits[1b229672-9fc1-42d6-9200-214eb0163fc5:c2722, 4cc0758a-96f5-4ab9-816d-81d822da247a:c2720, 8693c47f-40a3-4a1c-b7ba-6ed996b9183c:c2720]
2019-07-08 22:29:49,026 INFO  client.GrpcClientProtocolClient (GrpcClientProtocolClient.java:onNext(255)) - client-7538DDC4E776->1b229672-9fc1-42d6-9200-214eb0163fc5: receive RaftClientReply:client-7538DDC4E776->1b229672-9fc1-42d6-9200-214eb0163fc5@group-440AB812C07F, cid=1880, SUCCESS, logIndex=2725, commits[1b229672-9fc1-42d6-9200-214eb0163fc5:c2726, 4cc0758a-96f5-4ab9-816d-81d822da247a:c2721, 8693c47f-40a3-4a1c-b7ba-6ed996b9183c:c2724]
2019-07-08 22:29:49,026 INFO  client.GrpcClientProtocolClient (GrpcClientProtocolClient.java:onNext(255)) - client-7538DDC4E776->1b229672-9fc1-42d6-9200-214eb0163fc5: receive RaftClientReply:client-7538DDC4E776->1b229672-9fc1-42d6-9200-214eb0163fc5@group-440AB812C07F, cid=1881, SUCCESS, logIndex=2726, commits[1b229672-9fc1-42d6-9200-214eb0163fc5:c2726, 4cc0758a-96f5-4ab9-816d-81d822da247a:c2724, 8693c47f-40a3-4a1c-b7ba-6ed996b9183c:c2724]
2019-07-08 22:29:49,037 INFO  client.GrpcClientProtocolClient (GrpcClientProtocolClient.java:onNext(255)) - client-7538DDC4E776->1b229672-9fc1-42d6-9200-214eb0163fc5: receive RaftClientReply:client-7538DDC4E776->1b229672-9fc1-42d6-9200-214eb0163fc5@group-440AB812C07F, cid=1882, SUCCESS, logIndex=2729, commits[1b229672-9fc1-42d6-9200-214eb0163fc5:c2730, 4cc0758a-96f5-4ab9-816d-81d822da247a:c2726, 8693c47f-40a3-4a1c-b7ba-6ed996b9183c:c2728]
2019-07-08 22:29:49,037 INFO  client.GrpcClientProtocolClient (GrpcClientProtocolClient.java:onNext(255)) - client-7538DDC4E776->1b229672-9fc1-42d6-9200-214eb0163fc5: receive RaftClientReply:client-7538DDC4E776->1b229672-9fc1-42d6-9200-214eb0163fc5@group-440AB812C07F, cid=1883, SUCCESS, logIndex=2730, commits[1b229672-9fc1-42d6-9200-214eb0163fc5:c2730, 4cc0758a-96f5-4ab9-816d-81d822da247a:c2728, 8693c47f-40a3-4a1c-b7ba-6ed996b9183c:c2728]
2019-07-08 22:29:49,039 INFO  client.GrpcClientProtocolClient (GrpcClientProtocolClient.java:onNext(255)) - client-7538DDC4E776->1b229672-9fc1-42d6-9200-214eb0163fc5: receive RaftClientReply:client-7538DDC4E776->1b229672-9fc1-42d6-9200-214eb0163fc5@group-440AB812C07F, cid=1884, SUCCESS, logIndex=0, commits[1b229672-9fc1-42d6-9200-214eb0163fc5:c2731, 4cc0758a-96f5-4ab9-816d-81d822da247a:c2730, 8693c47f-40a3-4a1c-b7ba-6ed996b9183c:c2730]
2019-07-08 22:29:49,067 INFO  client.GrpcClientProtocolClient (GrpcClientProtocolClient.java:onNext(255)) - client-7538DDC4E776->1b229672-9fc1-42d6-9200-214eb0163fc5: receive RaftClientReply:client-7538DDC4E776->1b229672-9fc1-42d6-9200-214eb0163fc5@group-440AB812C07F, cid=1885, SUCCESS, logIndex=2733, commits[1b229672-9fc1-42d6-9200-214eb0163fc5:c2734, 4cc0758a-96f5-4ab9-816d-81d822da247a:c2732, 8693c47f-40a3-4a1c-b7ba-6ed996b9183c:c2732]
2019-07-08 22:29:49,067 INFO  client.GrpcClientProtocolClient (GrpcClientProtocolClient.java:onNext(255)) - client-7538DDC4E776->1b229672-9fc1-42d6-9200-214eb0163fc5: receive RaftClientReply:client-7538DDC4E776->1b229672-9fc1-42d6-9200-214eb0163fc5@group-440AB812C07F, cid=1886, SUCCESS, logIndex=2734, commits[1b229672-9fc1-42d6-9200-214eb0163fc5:c2736, 4cc0758a-96f5-4ab9-816d-81d822da247a:c2732, 8693c47f-40a3-4a1c-b7ba-6ed996b9183c:c2732]
2019-07-08 22:29:49,067 INFO  client.GrpcClientProtocolClient (GrpcClientProtocolClient.java:onNext(255)) - client-7538DDC4E776->1b229672-9fc1-42d6-9200-214eb0163fc5: receive RaftClientReply:client-7538DDC4E776->1b229672-9fc1-42d6-9200-214eb0163fc5@group-440AB812C07F, cid=1887, SUCCESS, logIndex=2735, commits[1b229672-9fc1-42d6-9200-214eb0163fc5:c2736, 4cc0758a-96f5-4ab9-816d-81d822da247a:c2732, 8693c47f-40a3-4a1c-b7ba-6ed996b9183c:c2732]
2019-07-08 22:29:49,068 INFO  client.GrpcClientProtocolClient (GrpcClientProtocolClient.java:onNext(255)) - client-7538DDC4E776->1b229672-9fc1-42d6-9200-214eb0163fc5: receive RaftClientReply:client-7538DDC4E776->1b229672-9fc1-42d6-9200-214eb0163fc5@group-440AB812C07F, cid=1888, SUCCESS, logIndex=2736, commits[1b229672-9fc1-42d6-9200-214eb0163fc5:c2736, 4cc0758a-96f5-4ab9-816d-81d822da247a:c2732, 8693c47f-40a3-4a1c-b7ba-6ed996b9183c:c2732]
2019-07-08 22:29:49,174 INFO  client.GrpcClientProtocolClient (GrpcClientProtocolClient.java:onNext(255)) - client-7538DDC4E776->1b229672-9fc1-42d6-9200-214eb0163fc5: receive RaftClientReply:client-7538DDC4E776->1b229672-9fc1-42d6-9200-214eb0163fc5@group-440AB812C07F, cid=1889, SUCCESS, logIndex=0, commits[1b229672-9fc1-42d6-9200-214eb0163fc5:c2740, 4cc0758a-96f5-4ab9-816d-81d822da247a:c2736, 8693c47f-40a3-4a1c-b7ba-6ed996b9183c:c2734]
2019-07-08 22:29:49,199 INFO  client.GrpcClientProtocolClient (GrpcClientProtocolClient.java:onNext(255)) - client-7538DDC4E776->1b229672-9fc1-42d6-9200-214eb0163fc5: receive RaftClientReply:client-7538DDC4E776->1b229672-9fc1-42d6-9200-214eb0163fc5@group-440AB812C07F, cid=1890, SUCCESS, logIndex=2741, commits[1b229672-9fc1-42d6-9200-214eb0163fc5:c2742, 4cc0758a-96f5-4ab9-816d-81d822da247a:c2736, 8693c47f-40a3-4a1c-b7ba-6ed996b9183c:c2740]
2019-07-08 22:29:49,199 INFO  client.GrpcClientProtocolClient (GrpcClientProtocolClient.java:onNext(255)) - client-7538DDC4E776->1b229672-9fc1-42d6-9200-214eb0163fc5: receive RaftClientReply:client-7538DDC4E776->1b229672-9fc1-42d6-9200-214eb0163fc5@group-440AB812C07F, cid=1891, SUCCESS, logIndex=2742, commits[1b229672-9fc1-42d6-9200-214eb0163fc5:c2742, 4cc0758a-96f5-4ab9-816d-81d822da247a:c2740, 8693c47f-40a3-4a1c-b7ba-6ed996b9183c:c2740]
2019-07-08 22:29:49,223 INFO  client.GrpcClientProtocolClient (GrpcClientProtocolClient.java:onNext(255)) - client-7538DDC4E776->1b229672-9fc1-42d6-9200-214eb0163fc5: receive RaftClientReply:client-7538DDC4E776->1b229672-9fc1-42d6-9200-214eb0163fc5@group-440AB812C07F, cid=1892, SUCCESS, logIndex=2745, commits[1b229672-9fc1-42d6-9200-214eb0163fc5:c2746, 4cc0758a-96f5-4ab9-816d-81d822da247a:c2742, 8693c47f-40a3-4a1c-b7ba-6ed996b9183c:c2742]
2019-07-08 22:29:49,224 INFO  client.GrpcClientProtocolClient (GrpcClientProtocolClient.java:onNext(255)) - client-7538DDC4E776->1b229672-9fc1-42d6-9200-214eb0163fc5: receive RaftClientReply:client-7538DDC4E776->1b229672-9fc1-42d6-9200-214eb0163fc5@group-440AB812C07F, cid=1893, SUCCESS, logIndex=2746, commits[1b229672-9fc1-42d6-9200-214eb0163fc5:c2746, 4cc0758a-96f5-4ab9-816d-81d822da247a:c2742, 8693c47f-40a3-4a1c-b7ba-6ed996b9183c:c2742]
2019-07-08 22:29:49,235 INFO  client.GrpcClientProtocolClient (GrpcClientProtocolClient.java:onNext(255)) - client-7538DDC4E776->1b229672-9fc1-42d6-9200-214eb0163fc5: receive RaftClientReply:client-7538DDC4E776->1b229672-9fc1-42d6-9200-214eb0163fc5@group-440AB812C07F, cid=1894, SUCCESS, logIndex=0, commits[1b229672-9fc1-42d6-9200-214eb0163fc5:c2747, 4cc0758a-96f5-4ab9-816d-81d822da247a:c2746, 8693c47f-40a3-4a1c-b7ba-6ed996b9183c:c2746]
2019-07-08 22:29:49,259 INFO  client.GrpcClientProtocolClient (GrpcClientProtocolClient.java:onNext(255)) - client-7538DDC4E776->1b229672-9fc1-42d6-9200-214eb0163fc5: receive RaftClientReply:client-7538DDC4E776->1b229672-9fc1-42d6-9200-214eb0163fc5@group-440AB812C07F, cid=1895, SUCCESS, logIndex=2749, commits[1b229672-9fc1-42d6-9200-214eb0163fc5:c2750, 4cc0758a-96f5-4ab9-816d-81d822da247a:c2748, 8693c47f-40a3-4a1c-b7ba-6ed996b9183c:c2748]
2019-07-08 22:29:49,259 INFO  client.GrpcClientProtocolClient (GrpcClientProtocolClient.java:onNext(255)) - client-7538DDC4E776->1b229672-9fc1-42d6-9200-214eb0163fc5: receive RaftClientReply:client-7538DDC4E776->1b229672-9fc1-42d6-9200-214eb0163fc5@group-440AB812C07F, cid=1896, SUCCESS, logIndex=2750, commits[1b229672-9fc1-42d6-9200-214eb0163fc5:c2750, 4cc0758a-96f5-4ab9-816d-81d822da247a:c2748, 8693c47f-40a3-4a1c-b7ba-6ed996b9183c:c2748]
2019-07-08 22:29:49,262 INFO  client.GrpcClientProtocolClient (GrpcClientProtocolClient.java:onNext(255)) - client-7538DDC4E776->1b229672-9fc1-42d6-9200-214eb0163fc5: receive RaftClientReply:client-7538DDC4E776->1b229672-9fc1-42d6-9200-214eb0163fc5@group-440AB812C07F, cid=1897, SUCCESS, logIndex=2751, commits[1b229672-9fc1-42d6-9200-214eb0163fc5:c2754, 4cc0758a-96f5-4ab9-816d-81d822da247a:c2750, 8693c47f-40a3-4a1c-b7ba-6ed996b9183c:c2748]
2019-07-08 22:29:49,262 INFO  client.GrpcClientProtocolClient (GrpcClientProtocolClient.java:onNext(255)) - client-7538DDC4E776->1b229672-9fc1-42d6-9200-214eb0163fc5: receive RaftClientReply:client-7538DDC4E776->1b229672-9fc1-42d6-9200-214eb0163fc5@group-440AB812C07F, cid=1898, SUCCESS, logIndex=2752, commits[1b229672-9fc1-42d6-9200-214eb0163fc5:c2754, 4cc0758a-96f5-4ab9-816d-81d822da247a:c2750, 8693c47f-40a3-4a1c-b7ba-6ed996b9183c:c2748]
2019-07-08 22:29:49,263 INFO  client.GrpcClientProtocolClient (GrpcClientProtocolClient.java:onNext(255)) - client-7538DDC4E776->1b229672-9fc1-42d6-9200-214eb0163fc5: receive RaftClientReply:client-7538DDC4E776->1b229672-9fc1-42d6-9200-214eb0163fc5@group-440AB812C07F, cid=1899, SUCCESS, logIndex=0, commits[1b229672-9fc1-42d6-9200-214eb0163fc5:c2755, 4cc0758a-96f5-4ab9-816d-81d822da247a:c2752, 8693c47f-40a3-4a1c-b7ba-6ed996b9183c:c2750]
2019-07-08 22:29:49,283 INFO  client.GrpcClientProtocolClient (GrpcClientProtocolClient.java:onNext(255)) - client-7538DDC4E776->1b229672-9fc1-42d6-9200-214eb0163fc5: receive RaftClientReply:client-7538DDC4E776->1b229672-9fc1-42d6-9200-214eb0163fc5@group-440AB812C07F, cid=1900, SUCCESS, logIndex=2757, commits[1b229672-9fc1-42d6-9200-214eb0163fc5:c2758, 4cc0758a-96f5-4ab9-816d-81d822da247a:c2756, 8693c47f-40a3-4a1c-b7ba-6ed996b9183c:c2756]
2019-07-08 22:29:49,284 INFO  client.GrpcClientProtocolClient (GrpcClientProtocolClient.java:onNext(255)) - client-7538DDC4E776->1b229672-9fc1-42d6-9200-214eb0163fc5: receive RaftClientReply:client-7538DDC4E776->1b229672-9fc1-42d6-9200-214eb0163fc5@group-440AB812C07F, cid=1901, SUCCESS, logIndex=2758, commits[1b229672-9fc1-42d6-9200-214eb0163fc5:c2758, 4cc0758a-96f5-4ab9-816d-81d822da247a:c2756, 8693c47f-40a3-4a1c-b7ba-6ed996b9183c:c2756]
2019-07-08 22:29:49,299 INFO  client.GrpcClientProtocolClient (GrpcClientProtocolClient.java:onNext(255)) - client-7538DDC4E776->1b229672-9fc1-42d6-9200-214eb0163fc5: receive RaftClientReply:client-7538DDC4E776->1b229672-9fc1-42d6-9200-214eb0163fc5@group-440AB812C07F, cid=1902, SUCCESS, logIndex=2761, commits[1b229672-9fc1-42d6-9200-214eb0163fc5:c2762, 4cc0758a-96f5-4ab9-816d-81d822da247a:c2758, 8693c47f-40a3-4a1c-b7ba-6ed996b9183c:c2758]
2019-07-08 22:29:49,299 INFO  client.GrpcClientProtocolClient (GrpcClientProtocolClient.java:onNext(255)) - client-7538DDC4E776->1b229672-9fc1-42d6-9200-214eb0163fc5: receive RaftClientReply:client-7538DDC4E776->1b229672-9fc1-42d6-9200-214eb0163fc5@group-440AB812C07F, cid=1903, SUCCESS, logIndex=2762, commits[1b229672-9fc1-42d6-9200-214eb0163fc5:c2762, 4cc0758a-96f5-4ab9-816d-81d822da247a:c2758, 8693c47f-40a3-4a1c-b7ba-6ed996b9183c:c2758]
2019-07-08 22:29:49,320 INFO  client.GrpcClientProtocolClient (GrpcClientProtocolClient.java:onNext(255)) - client-7538DDC4E776->1b229672-9fc1-42d6-9200-214eb0163fc5: receive RaftClientReply:client-7538DDC4E776->1b229672-9fc1-42d6-9200-214eb0163fc5@group-440AB812C07F, cid=1904, SUCCESS, logIndex=0, commits[1b229672-9fc1-42d6-9200-214eb0163fc5:c2763, 4cc0758a-96f5-4ab9-816d-81d822da247a:c2762, 8693c47f-40a3-4a1c-b7ba-6ed996b9183c:c2762]
2019-07-08 22:29:49,351 INFO  client.GrpcClientProtocolClient (GrpcClientProtocolClient.java:onNext(255)) - client-7538DDC4E776->1b229672-9fc1-42d6-9200-214eb0163fc5: receive RaftClientReply:client-7538DDC4E776->1b229672-9fc1-42d6-9200-214eb0163fc5@group-440AB812C07F, cid=1905, SUCCESS, logIndex=2765, commits[1b229672-9fc1-42d6-9200-214eb0163fc5:c2768, 4cc0758a-96f5-4ab9-816d-81d822da247a:c2764, 8693c47f-40a3-4a1c-b7ba-6ed996b9183c:c2764]
2019-07-08 22:29:49,352 INFO  client.GrpcClientProtocolClient (GrpcClientProtocolClient.java:onNext(255)) - client-7538DDC4E776->1b229672-9fc1-42d6-9200-214eb0163fc5: receive RaftClientReply:client-7538DDC4E776->1b229672-9fc1-42d6-9200-214eb0163fc5@group-440AB812C07F, cid=1906, SUCCESS, logIndex=2766, commits[1b229672-9fc1-42d6-9200-214eb0163fc5:c2768, 4cc0758a-96f5-4ab9-816d-81d822da247a:c2764, 8693c47f-40a3-4a1c-b7ba-6ed996b9183c:c2764]
2019-07-08 22:29:49,353 INFO  client.GrpcClientProtocolClient (GrpcClientProtocolClient.java:onNext(255)) - client-7538DDC4E776->1b229672-9fc1-42d6-9200-214eb0163fc5: receive RaftClientReply:client-7538DDC4E776->1b229672-9fc1-42d6-9200-214eb0163fc5@group-440AB812C07F, cid=1907, SUCCESS, logIndex=2767, commits[1b229672-9fc1-42d6-9200-214eb0163fc5:c2768, 4cc0758a-96f5-4ab9-816d-81d822da247a:c2764, 8693c47f-40a3-4a1c-b7ba-6ed996b9183c:c2764]
2019-07-08 22:29:49,353 INFO  client.GrpcClientProtocolClient (GrpcClientProtocolClient.java:onNext(255)) - client-7538DDC4E776->1b229672-9fc1-42d6-9200-214eb0163fc5: receive RaftClientReply:client-7538DDC4E776->1b229672-9fc1-42d6-9200-214eb0163fc5@group-440AB812C07F, cid=1908, SUCCESS, logIndex=2768, commits[1b229672-9fc1-42d6-9200-214eb0163fc5:c2768, 4cc0758a-96f5-4ab9-816d-81d822da247a:c2764, 8693c47f-40a3-4a1c-b7ba-6ed996b9183c:c2764]
2019-07-08 22:29:49,363 INFO  client.GrpcClientProtocolClient (GrpcClientProtocolClient.java:onNext(255)) - client-7538DDC4E776->1b229672-9fc1-42d6-9200-214eb0163fc5: receive RaftClientReply:client-7538DDC4E776->1b229672-9fc1-42d6-9200-214eb0163fc5@group-440AB812C07F, cid=1909, SUCCESS, logIndex=0, commits[1b229672-9fc1-42d6-9200-214eb0163fc5:c2769, 4cc0758a-96f5-4ab9-816d-81d822da247a:c2768, 8693c47f-40a3-4a1c-b7ba-6ed996b9183c:c2768]
2019-07-08 22:29:49,387 INFO  client.GrpcClientProtocolClient (GrpcClientProtocolClient.java:onNext(255)) - client-7538DDC4E776->1b229672-9fc1-42d6-9200-214eb0163fc5: receive RaftClientReply:client-7538DDC4E776->1b229672-9fc1-42d6-9200-214eb0163fc5@group-440AB812C07F, cid=1910, SUCCESS, logIndex=2771, commits[1b229672-9fc1-42d6-9200-214eb0163fc5:c2772, 4cc0758a-96f5-4ab9-816d-81d822da247a:c2770, 8693c47f-40a3-4a1c-b7ba-6ed996b9183c:c2770]
2019-07-08 22:29:49,388 INFO  client.GrpcClientProtocolClient (GrpcClientProtocolClient.java:onNext(255)) - client-7538DDC4E776->1b229672-9fc1-42d6-9200-214eb0163fc5: receive RaftClientReply:client-7538DDC4E776->1b229672-9fc1-42d6-9200-214eb0163fc5@group-440AB812C07F, cid=1911, SUCCESS, logIndex=2772, commits[1b229672-9fc1-42d6-9200-214eb0163fc5:c2772, 4cc0758a-96f5-4ab9-816d-81d822da247a:c2770, 8693c47f-40a3-4a1c-b7ba-6ed996b9183c:c2770]
2019-07-08 22:29:49,414 INFO  client.GrpcClientProtocolClient (GrpcClientProtocolClient.java:onNext(255)) - client-7538DDC4E776->1b229672-9fc1-42d6-9200-214eb0163fc5: receive RaftClientReply:client-7538DDC4E776->1b229672-9fc1-42d6-9200-214eb0163fc5@group-440AB812C07F, cid=1912, SUCCESS, logIndex=2775, commits[1b229672-9fc1-42d6-9200-214eb0163fc5:c2776, 4cc0758a-96f5-4ab9-816d-81d822da247a:c2772, 8693c47f-40a3-4a1c-b7ba-6ed996b9183c:c2772]
2019-07-08 22:29:49,414 INFO  client.GrpcClientProtocolClient (GrpcClientProtocolClient.java:onNext(255)) - client-7538DDC4E776->1b229672-9fc1-42d6-9200-214eb0163fc5: receive RaftClientReply:client-7538DDC4E776->1b229672-9fc1-42d6-9200-214eb0163fc5@group-440AB812C07F, cid=1913, SUCCESS, logIndex=2776, commits[1b229672-9fc1-42d6-9200-214eb0163fc5:c2776, 4cc0758a-96f5-4ab9-816d-81d822da247a:c2772, 8693c47f-40a3-4a1c-b7ba-6ed996b9183c:c2772]
2019-07-08 22:29:49,440 INFO  client.GrpcClientProtocolClient (GrpcClientProtocolClient.java:onNext(255)) - client-7538DDC4E776->1b229672-9fc1-42d6-9200-214eb0163fc5: receive RaftClientReply:client-7538DDC4E776->1b229672-9fc1-42d6-9200-214eb0163fc5@group-440AB812C07F, cid=1914, SUCCESS, logIndex=0, commits[1b229672-9fc1-42d6-9200-214eb0163fc5:c2777, 4cc0758a-96f5-4ab9-816d-81d822da247a:c2776, 8693c47f-40a3-4a1c-b7ba-6ed996b9183c:c2776]
2019-07-08 22:29:49,475 INFO  client.GrpcClientProtocolClient (GrpcClientProtocolClient.java:onNext(255)) - client-7538DDC4E776->1b229672-9fc1-42d6-9200-214eb0163fc5: receive RaftClientReply:client-7538DDC4E776->1b229672-9fc1-42d6-9200-214eb0163fc5@group-440AB812C07F, cid=1915, SUCCESS, logIndex=2779, commits[1b229672-9fc1-42d6-9200-214eb0163fc5:c2780, 4cc0758a-96f5-4ab9-816d-81d822da247a:c2778, 8693c47f-40a3-4a1c-b7ba-6ed996b9183c:c2778]
2019-07-08 22:29:49,476 INFO  client.GrpcClientProtocolClient (GrpcClientProtocolClient.java:onNext(255)) - client-7538DDC4E776->1b229672-9fc1-42d6-9200-214eb0163fc5: receive RaftClientReply:client-7538DDC4E776->1b229672-9fc1-42d6-9200-214eb0163fc5@group-440AB812C07F, cid=1916, SUCCESS, logIndex=2780, commits[1b229672-9fc1-42d6-9200-214eb0163fc5:c2780, 4cc0758a-96f5-4ab9-816d-81d822da247a:c2778, 8693c47f-40a3-4a1c-b7ba-6ed996b9183c:c2778]
2019-07-08 22:29:49,482 INFO  client.GrpcClientProtocolClient (GrpcClientProtocolClient.java:onNext(255)) - client-7538DDC4E776->1b229672-9fc1-42d6-9200-214eb0163fc5: receive RaftClientReply:client-7538DDC4E776->1b229672-9fc1-42d6-9200-214eb0163fc5@group-440AB812C07F, cid=1917, SUCCESS, logIndex=2781, commits[1b229672-9fc1-42d6-9200-214eb0163fc5:c2782, 4cc0758a-96f5-4ab9-816d-81d822da247a:c2778, 8693c47f-40a3-4a1c-b7ba-6ed996b9183c:c2778]
2019-07-08 22:29:49,482 INFO  client.GrpcClientProtocolClient (GrpcClientProtocolClient.java:onNext(255)) - client-7538DDC4E776->1b229672-9fc1-42d6-9200-214eb0163fc5: receive RaftClientReply:client-7538DDC4E776->1b229672-9fc1-42d6-9200-214eb0163fc5@group-440AB812C07F, cid=1918, SUCCESS, logIndex=2782, commits[1b229672-9fc1-42d6-9200-214eb0163fc5:c2782, 4cc0758a-96f5-4ab9-816d-81d822da247a:c2778, 8693c47f-40a3-4a1c-b7ba-6ed996b9183c:c2778]
2019-07-08 22:29:49,495 INFO  client.GrpcClientProtocolClient (GrpcClientProtocolClient.java:onNext(255)) - client-7538DDC4E776->1b229672-9fc1-42d6-9200-214eb0163fc5: receive RaftClientReply:client-7538DDC4E776->1b229672-9fc1-42d6-9200-214eb0163fc5@group-440AB812C07F, cid=1919, SUCCESS, logIndex=0, commits[1b229672-9fc1-42d6-9200-214eb0163fc5:c2785, 4cc0758a-96f5-4ab9-816d-81d822da247a:c2782, 8693c47f-40a3-4a1c-b7ba-6ed996b9183c:c2780]
2019-07-08 22:29:49,512 INFO  client.GrpcClientProtocolClient (GrpcClientProtocolClient.java:onNext(255)) - client-7538DDC4E776->1b229672-9fc1-42d6-9200-214eb0163fc5: receive RaftClientReply:client-7538DDC4E776->1b229672-9fc1-42d6-9200-214eb0163fc5@group-440AB812C07F, cid=1920, SUCCESS, logIndex=2786, commits[1b229672-9fc1-42d6-9200-214eb0163fc5:c2787, 4cc0758a-96f5-4ab9-816d-81d822da247a:c2785, 8693c47f-40a3-4a1c-b7ba-6ed996b9183c:c2782]
2019-07-08 22:29:49,512 INFO  client.GrpcClientProtocolClient (GrpcClientProtocolClient.java:onNext(255)) - client-7538DDC4E776->1b229672-9fc1-42d6-9200-214eb0163fc5: receive RaftClientReply:client-7538DDC4E776->1b229672-9fc1-42d6-9200-214eb0163fc5@group-440AB812C07F, cid=1921, SUCCESS, logIndex=2787, commits[1b229672-9fc1-42d6-9200-214eb0163fc5:c2787, 4cc0758a-96f5-4ab9-816d-81d822da247a:c2785, 8693c47f-40a3-4a1c-b7ba-6ed996b9183c:c2785]
2019-07-08 22:29:49,524 INFO  client.GrpcClientProtocolClient (GrpcClientProtocolClient.java:onNext(255)) - client-7538DDC4E776->1b229672-9fc1-42d6-9200-214eb0163fc5: receive RaftClientReply:client-7538DDC4E776->1b229672-9fc1-42d6-9200-214eb0163fc5@group-440AB812C07F, cid=1922, SUCCESS, logIndex=2790, commits[1b229672-9fc1-42d6-9200-214eb0163fc5:c2791, 4cc0758a-96f5-4ab9-816d-81d822da247a:c2787, 8693c47f-40a3-4a1c-b7ba-6ed996b9183c:c2789]
2019-07-08 22:29:49,526 INFO  client.GrpcClientProtocolClient (GrpcClientProtocolClient.java:onNext(255)) - client-7538DDC4E776->1b229672-9fc1-42d6-9200-214eb0163fc5: receive RaftClientReply:client-7538DDC4E776->1b229672-9fc1-42d6-9200-214eb0163fc5@group-440AB812C07F, cid=1923, SUCCESS, logIndex=2791, commits[1b229672-9fc1-42d6-9200-214eb0163fc5:c2791, 4cc0758a-96f5-4ab9-816d-81d822da247a:c2789, 8693c47f-40a3-4a1c-b7ba-6ed996b9183c:c2789]
2019-07-08 22:29:49,530 INFO  client.GrpcClientProtocolClient (GrpcClientProtocolClient.java:onNext(255)) - client-7538DDC4E776->1b229672-9fc1-42d6-9200-214eb0163fc5: receive RaftClientReply:client-7538DDC4E776->1b229672-9fc1-42d6-9200-214eb0163fc5@group-440AB812C07F, cid=1924, SUCCESS, logIndex=0, commits[1b229672-9fc1-42d6-9200-214eb0163fc5:c2792, 4cc0758a-96f5-4ab9-816d-81d822da247a:c2791, 8693c47f-40a3-4a1c-b7ba-6ed996b9183c:c2791]
2019-07-08 22:29:49,550 INFO  client.GrpcClientProtocolClient (GrpcClientProtocolClient.java:onNext(255)) - client-7538DDC4E776->1b229672-9fc1-42d6-9200-214eb0163fc5: receive RaftClientReply:client-7538DDC4E776->1b229672-9fc1-42d6-9200-214eb0163fc5@group-440AB812C07F, cid=1925, SUCCESS, logIndex=2794, commits[1b229672-9fc1-42d6-9200-214eb0163fc5:c2795, 4cc0758a-96f5-4ab9-816d-81d822da247a:c2793, 8693c47f-40a3-4a1c-b7ba-6ed996b9183c:c2791]
2019-07-08 22:29:49,550 INFO  client.GrpcClientProtocolClient (GrpcClientProtocolClient.java:onNext(255)) - client-7538DDC4E776->1b229672-9fc1-42d6-9200-214eb0163fc5: receive RaftClientReply:client-7538DDC4E776->1b229672-9fc1-42d6-9200-214eb0163fc5@group-440AB812C07F, cid=1926, SUCCESS, logIndex=2795, commits[1b229672-9fc1-42d6-9200-214eb0163fc5:c2795, 4cc0758a-96f5-4ab9-816d-81d822da247a:c2793, 8693c47f-40a3-4a1c-b7ba-6ed996b9183c:c2791]
2019-07-08 22:29:49,552 INFO  client.GrpcClientProtocolClient (GrpcClientProtocolClient.java:onNext(255)) - client-7538DDC4E776->1b229672-9fc1-42d6-9200-214eb0163fc5: receive RaftClientReply:client-7538DDC4E776->1b229672-9fc1-42d6-9200-214eb0163fc5@group-440AB812C07F, cid=1927, SUCCESS, logIndex=2796, commits[1b229672-9fc1-42d6-9200-214eb0163fc5:c2797, 4cc0758a-96f5-4ab9-816d-81d822da247a:c2793, 8693c47f-40a3-4a1c-b7ba-6ed996b9183c:c2793]
2019-07-08 22:29:49,553 INFO  client.GrpcClientProtocolClient (GrpcClientProtocolClient.java:onNext(255)) - client-7538DDC4E776->1b229672-9fc1-42d6-9200-214eb0163fc5: receive RaftClientReply:client-7538DDC4E776->1b229672-9fc1-42d6-9200-214eb0163fc5@group-440AB812C07F, cid=1928, SUCCESS, logIndex=2797, commits[1b229672-9fc1-42d6-9200-214eb0163fc5:c2797, 4cc0758a-96f5-4ab9-816d-81d822da247a:c2793, 8693c47f-40a3-4a1c-b7ba-6ed996b9183c:c2793]
2019-07-08 22:29:49,555 INFO  client.GrpcClientProtocolClient (GrpcClientProtocolClient.java:onNext(255)) - client-7538DDC4E776->1b229672-9fc1-42d6-9200-214eb0163fc5: receive RaftClientReply:client-7538DDC4E776->1b229672-9fc1-42d6-9200-214eb0163fc5@group-440AB812C07F, cid=1929, SUCCESS, logIndex=0, commits[1b229672-9fc1-42d6-9200-214eb0163fc5:c2799, 4cc0758a-96f5-4ab9-816d-81d822da247a:c2795, 8693c47f-40a3-4a1c-b7ba-6ed996b9183c:c2795]
2019-07-08 22:29:49,578 INFO  client.GrpcClientProtocolClient (GrpcClientProtocolClient.java:onNext(255)) - client-7538DDC4E776->1b229672-9fc1-42d6-9200-214eb0163fc5: receive RaftClientReply:client-7538DDC4E776->1b229672-9fc1-42d6-9200-214eb0163fc5@group-440AB812C07F, cid=1930, SUCCESS, logIndex=2802, commits[1b229672-9fc1-42d6-9200-214eb0163fc5:c2803, 4cc0758a-96f5-4ab9-816d-81d822da247a:c2801, 8693c47f-40a3-4a1c-b7ba-6ed996b9183c:c2801]
2019-07-08 22:29:49,579 INFO  client.GrpcClientProtocolClient (GrpcClientProtocolClient.java:onNext(255)) - client-7538DDC4E776->1b229672-9fc1-42d6-9200-214eb0163fc5: receive RaftClientReply:client-7538DDC4E776->1b229672-9fc1-42d6-9200-214eb0163fc5@group-440AB812C07F, cid=1931, SUCCESS, logIndex=2803, commits[1b229672-9fc1-42d6-9200-214eb0163fc5:c2803, 4cc0758a-96f5-4ab9-816d-81d822da247a:c2801, 8693c47f-40a3-4a1c-b7ba-6ed996b9183c:c2801]
2019-07-08 22:29:49,591 INFO  client.GrpcClientProtocolClient (GrpcClientProtocolClient.java:onNext(255)) - client-7538DDC4E776->1b229672-9fc1-42d6-9200-214eb0163fc5: receive RaftClientReply:client-7538DDC4E776->1b229672-9fc1-42d6-9200-214eb0163fc5@group-440AB812C07F, cid=1932, SUCCESS, logIndex=2806, commits[1b229672-9fc1-42d6-9200-214eb0163fc5:c2806, 4cc0758a-96f5-4ab9-816d-81d822da247a:c2803, 8693c47f-40a3-4a1c-b7ba-6ed996b9183c:c2803]
2019-07-08 22:29:49,592 INFO  client.GrpcClientProtocolClient (GrpcClientProtocolClient.java:onNext(255)) - client-7538DDC4E776->1b229672-9fc1-42d6-9200-214eb0163fc5: receive RaftClientReply:client-7538DDC4E776->1b229672-9fc1-42d6-9200-214eb0163fc5@group-440AB812C07F, cid=1933, SUCCESS, logIndex=2807, commits[1b229672-9fc1-42d6-9200-214eb0163fc5:c2807, 4cc0758a-96f5-4ab9-816d-81d822da247a:c2803, 8693c47f-40a3-4a1c-b7ba-6ed996b9183c:c2803]
2019-07-08 22:29:49,608 INFO  client.GrpcClientProtocolClient (GrpcClientProtocolClient.java:onNext(255)) - client-7538DDC4E776->1b229672-9fc1-42d6-9200-214eb0163fc5: receive RaftClientReply:client-7538DDC4E776->1b229672-9fc1-42d6-9200-214eb0163fc5@group-440AB812C07F, cid=1934, SUCCESS, logIndex=0, commits[1b229672-9fc1-42d6-9200-214eb0163fc5:c2809, 4cc0758a-96f5-4ab9-816d-81d822da247a:c2807, 8693c47f-40a3-4a1c-b7ba-6ed996b9183c:c2807]
2019-07-08 22:29:49,634 INFO  client.GrpcClientProtocolClient (GrpcClientProtocolClient.java:onNext(255)) - client-7538DDC4E776->1b229672-9fc1-42d6-9200-214eb0163fc5: receive RaftClientReply:client-7538DDC4E776->1b229672-9fc1-42d6-9200-214eb0163fc5@group-440AB812C07F, cid=1935, SUCCESS, logIndex=2810, commits[1b229672-9fc1-42d6-9200-214eb0163fc5:c2811, 4cc0758a-96f5-4ab9-816d-81d822da247a:c2809, 8693c47f-40a3-4a1c-b7ba-6ed996b9183c:c2809]
2019-07-08 22:29:49,635 INFO  client.GrpcClientProtocolClient (GrpcClientProtocolClient.java:onNext(255)) - client-7538DDC4E776->1b229672-9fc1-42d6-9200-214eb0163fc5: receive RaftClientReply:client-7538DDC4E776->1b229672-9fc1-42d6-9200-214eb0163fc5@group-440AB812C07F, cid=1936, SUCCESS, logIndex=2811, commits[1b229672-9fc1-42d6-9200-214eb0163fc5:c2813, 4cc0758a-96f5-4ab9-816d-81d822da247a:c2809, 8693c47f-40a3-4a1c-b7ba-6ed996b9183c:c2809]
2019-07-08 22:29:49,635 INFO  client.GrpcClientProtocolClient (GrpcClientProtocolClient.java:onNext(255)) - client-7538DDC4E776->1b229672-9fc1-42d6-9200-214eb0163fc5: receive RaftClientReply:client-7538DDC4E776->1b229672-9fc1-42d6-9200-214eb0163fc5@group-440AB812C07F, cid=1937, SUCCESS, logIndex=2812, commits[1b229672-9fc1-42d6-9200-214eb0163fc5:c2813, 4cc0758a-96f5-4ab9-816d-81d822da247a:c2809, 8693c47f-40a3-4a1c-b7ba-6ed996b9183c:c2809]
2019-07-08 22:29:49,635 INFO  client.GrpcClientProtocolClient (GrpcClientProtocolClient.java:onNext(255)) - client-7538DDC4E776->1b229672-9fc1-42d6-9200-214eb0163fc5: receive RaftClientReply:client-7538DDC4E776->1b229672-9fc1-42d6-9200-214eb0163fc5@group-440AB812C07F, cid=1938, SUCCESS, logIndex=2813, commits[1b229672-9fc1-42d6-9200-214eb0163fc5:c2813, 4cc0758a-96f5-4ab9-816d-81d822da247a:c2809, 8693c47f-40a3-4a1c-b7ba-6ed996b9183c:c2809]
2019-07-08 22:29:49,648 INFO  client.GrpcClientProtocolClient (GrpcClientProtocolClient.java:onNext(255)) - client-7538DDC4E776->1b229672-9fc1-42d6-9200-214eb0163fc5: receive RaftClientReply:client-7538DDC4E776->1b229672-9fc1-42d6-9200-214eb0163fc5@group-440AB812C07F, cid=1939, SUCCESS, logIndex=0, commits[1b229672-9fc1-42d6-9200-214eb0163fc5:c2816, 4cc0758a-96f5-4ab9-816d-81d822da247a:c2813, 8693c47f-40a3-4a1c-b7ba-6ed996b9183c:c2811]
2019-07-08 22:29:49,720 INFO  client.GrpcClientProtocolClient (GrpcClientProtocolClient.java:onNext(255)) - client-7538DDC4E776->1b229672-9fc1-42d6-9200-214eb0163fc5: receive RaftClientReply:client-7538DDC4E776->1b229672-9fc1-42d6-9200-214eb0163fc5@group-440AB812C07F, cid=1940, SUCCESS, logIndex=2817, commits[1b229672-9fc1-42d6-9200-214eb0163fc5:c2818, 4cc0758a-96f5-4ab9-816d-81d822da247a:c2816, 8693c47f-40a3-4a1c-b7ba-6ed996b9183c:c2816]
2019-07-08 22:29:49,721 INFO  client.GrpcClientProtocolClient (GrpcClientProtocolClient.java:onNext(255)) - client-7538DDC4E776->1b229672-9fc1-42d6-9200-214eb0163fc5: receive RaftClientReply:client-7538DDC4E776->1b229672-9fc1-42d6-9200-214eb0163fc5@group-440AB812C07F, cid=1941, SUCCESS, logIndex=2818, commits[1b229672-9fc1-42d6-9200-214eb0163fc5:c2818, 4cc0758a-96f5-4ab9-816d-81d822da247a:c2816, 8693c47f-40a3-4a1c-b7ba-6ed996b9183c:c2816]
2019-07-08 22:29:49,735 INFO  client.GrpcClientProtocolClient (GrpcClientProtocolClient.java:onNext(255)) - client-7538DDC4E776->1b229672-9fc1-42d6-9200-214eb0163fc5: receive RaftClientReply:client-7538DDC4E776->1b229672-9fc1-42d6-9200-214eb0163fc5@group-440AB812C07F, cid=1942, SUCCESS, logIndex=2821, commits[1b229672-9fc1-42d6-9200-214eb0163fc5:c2822, 4cc0758a-96f5-4ab9-816d-81d822da247a:c2818, 8693c47f-40a3-4a1c-b7ba-6ed996b9183c:c2818]
2019-07-08 22:29:49,735 INFO  client.GrpcClientProtocolClient (GrpcClientProtocolClient.java:onNext(255)) - client-7538DDC4E776->1b229672-9fc1-42d6-9200-214eb0163fc5: receive RaftClientReply:client-7538DDC4E776->1b229672-9fc1-42d6-9200-214eb0163fc5@group-440AB812C07F, cid=1943, SUCCESS, logIndex=2822, commits[1b229672-9fc1-42d6-9200-214eb0163fc5:c2822, 4cc0758a-96f5-4ab9-816d-81d822da247a:c2818, 8693c47f-40a3-4a1c-b7ba-6ed996b9183c:c2818]
2019-07-08 22:29:49,749 INFO  client.GrpcClientProtocolClient (GrpcClientProtocolClient.java:onNext(255)) - client-7538DDC4E776->1b229672-9fc1-42d6-9200-214eb0163fc5: receive RaftClientReply:client-7538DDC4E776->1b229672-9fc1-42d6-9200-214eb0163fc5@group-440AB812C07F, cid=1944, SUCCESS, logIndex=0, commits[1b229672-9fc1-42d6-9200-214eb0163fc5:c2824, 4cc0758a-96f5-4ab9-816d-81d822da247a:c2822, 8693c47f-40a3-4a1c-b7ba-6ed996b9183c:c2822]
2019-07-08 22:29:49,778 INFO  client.GrpcClientProtocolClient (GrpcClientProtocolClient.java:onNext(255)) - client-7538DDC4E776->1b229672-9fc1-42d6-9200-214eb0163fc5: receive RaftClientReply:client-7538DDC4E776->1b229672-9fc1-42d6-9200-214eb0163fc5@group-440AB812C07F, cid=1945, SUCCESS, logIndex=2825, commits[1b229672-9fc1-42d6-9200-214eb0163fc5:c2826, 4cc0758a-96f5-4ab9-816d-81d822da247a:c2824, 8693c47f-40a3-4a1c-b7ba-6ed996b9183c:c2824]
2019-07-08 22:29:49,779 INFO  client.GrpcClientProtocolClient (GrpcClientProtocolClient.java:onNext(255)) - client-7538DDC4E776->1b229672-9fc1-42d6-9200-214eb0163fc5: receive RaftClientReply:client-7538DDC4E776->1b229672-9fc1-42d6-9200-214eb0163fc5@group-440AB812C07F, cid=1946, SUCCESS, logIndex=2826, commits[1b229672-9fc1-42d6-9200-214eb0163fc5:c2826, 4cc0758a-96f5-4ab9-816d-81d822da247a:c2824, 8693c47f-40a3-4a1c-b7ba-6ed996b9183c:c2824]
2019-07-08 22:29:49,789 INFO  client.GrpcClientProtocolClient (GrpcClientProtocolClient.java:onNext(255)) - client-7538DDC4E776->1b229672-9fc1-42d6-9200-214eb0163fc5: receive RaftClientReply:client-7538DDC4E776->1b229672-9fc1-42d6-9200-214eb0163fc5@group-440AB812C07F, cid=1947, SUCCESS, logIndex=2827, commits[1b229672-9fc1-42d6-9200-214eb0163fc5:c2828, 4cc0758a-96f5-4ab9-816d-81d822da247a:c2824, 8693c47f-40a3-4a1c-b7ba-6ed996b9183c:c2824]
2019-07-08 22:29:49,789 INFO  client.GrpcClientProtocolClient (GrpcClientProtocolClient.java:onNext(255)) - client-7538DDC4E776->1b229672-9fc1-42d6-9200-214eb0163fc5: receive RaftClientReply:client-7538DDC4E776->1b229672-9fc1-42d6-9200-214eb0163fc5@group-440AB812C07F, cid=1948, SUCCESS, logIndex=2828, commits[1b229672-9fc1-42d6-9200-214eb0163fc5:c2828, 4cc0758a-96f5-4ab9-816d-81d822da247a:c2824, 8693c47f-40a3-4a1c-b7ba-6ed996b9183c:c2824]
2019-07-08 22:29:49,792 INFO  client.GrpcClientProtocolClient (GrpcClientProtocolClient.java:onNext(255)) - client-7538DDC4E776->1b229672-9fc1-42d6-9200-214eb0163fc5: receive RaftClientReply:client-7538DDC4E776->1b229672-9fc1-42d6-9200-214eb0163fc5@group-440AB812C07F, cid=1949, SUCCESS, logIndex=0, commits[1b229672-9fc1-42d6-9200-214eb0163fc5:c2830, 4cc0758a-96f5-4ab9-816d-81d822da247a:c2826, 8693c47f-40a3-4a1c-b7ba-6ed996b9183c:c2826]
 0.00% |█                                                                                                    |  0/1 Time: 0:00:162019-07-08 22:29:49,818 INFO  client.GrpcClientProtocolClient (GrpcClientProtocolClient.java:onNext(255)) - client-7538DDC4E776->1b229672-9fc1-42d6-9200-214eb0163fc5: receive RaftClientReply:client-7538DDC4E776->1b229672-9fc1-42d6-9200-214eb0163fc5@group-440AB812C07F, cid=1950, SUCCESS, logIndex=2833, commits[1b229672-9fc1-42d6-9200-214eb0163fc5:c2834, 4cc0758a-96f5-4ab9-816d-81d822da247a:c2828, 8693c47f-40a3-4a1c-b7ba-6ed996b9183c:c2830]
2019-07-08 22:29:49,818 INFO  client.GrpcClientProtocolClient (GrpcClientProtocolClient.java:onNext(255)) - client-7538DDC4E776->1b229672-9fc1-42d6-9200-214eb0163fc5: receive RaftClientReply:client-7538DDC4E776->1b229672-9fc1-42d6-9200-214eb0163fc5@group-440AB812C07F, cid=1951, SUCCESS, logIndex=2834, commits[1b229672-9fc1-42d6-9200-214eb0163fc5:c2834, 4cc0758a-96f5-4ab9-816d-81d822da247a:c2830, 8693c47f-40a3-4a1c-b7ba-6ed996b9183c:c2830]
2019-07-08 22:29:49,844 INFO  client.GrpcClientProtocolClient (GrpcClientProtocolClient.java:onNext(255)) - client-7538DDC4E776->1b229672-9fc1-42d6-9200-214eb0163fc5: receive RaftClientReply:client-7538DDC4E776->1b229672-9fc1-42d6-9200-214eb0163fc5@group-440AB812C07F, cid=1952, SUCCESS, logIndex=2836, commits[1b229672-9fc1-42d6-9200-214eb0163fc5:c2837, 4cc0758a-96f5-4ab9-816d-81d822da247a:c2834, 8693c47f-40a3-4a1c-b7ba-6ed996b9183c:c2834]
2019-07-08 22:29:49,845 INFO  client.GrpcClientProtocolClient (GrpcClientProtocolClient.java:onNext(255)) - client-7538DDC4E776->1b229672-9fc1-42d6-9200-214eb0163fc5: receive RaftClientReply:client-7538DDC4E776->1b229672-9fc1-42d6-9200-214eb0163fc5@group-440AB812C07F, cid=1953, SUCCESS, logIndex=2837, commits[1b229672-9fc1-42d6-9200-214eb0163fc5:c2837, 4cc0758a-96f5-4ab9-816d-81d822da247a:c2834, 8693c47f-40a3-4a1c-b7ba-6ed996b9183c:c2834]
2019-07-08 22:29:49,872 INFO  client.GrpcClientProtocolClient (GrpcClientProtocolClient.java:onNext(255)) - client-7538DDC4E776->1b229672-9fc1-42d6-9200-214eb0163fc5: receive RaftClientReply:client-7538DDC4E776->1b229672-9fc1-42d6-9200-214eb0163fc5@group-440AB812C07F, cid=1954, SUCCESS, logIndex=0, commits[1b229672-9fc1-42d6-9200-214eb0163fc5:c2839, 4cc0758a-96f5-4ab9-816d-81d822da247a:c2837, 8693c47f-40a3-4a1c-b7ba-6ed996b9183c:c2837]
2019-07-08 22:29:49,897 INFO  client.GrpcClientProtocolClient (GrpcClientProtocolClient.java:onNext(255)) - client-7538DDC4E776->1b229672-9fc1-42d6-9200-214eb0163fc5: receive RaftClientReply:client-7538DDC4E776->1b229672-9fc1-42d6-9200-214eb0163fc5@group-440AB812C07F, cid=1955, SUCCESS, logIndex=2840, commits[1b229672-9fc1-42d6-9200-214eb0163fc5:c2841, 4cc0758a-96f5-4ab9-816d-81d822da247a:c2839, 8693c47f-40a3-4a1c-b7ba-6ed996b9183c:c2839]
2019-07-08 22:29:49,897 INFO  client.GrpcClientProtocolClient (GrpcClientProtocolClient.java:onNext(255)) - client-7538DDC4E776->1b229672-9fc1-42d6-9200-214eb0163fc5: receive RaftClientReply:client-7538DDC4E776->1b229672-9fc1-42d6-9200-214eb0163fc5@group-440AB812C07F, cid=1956, SUCCESS, logIndex=2841, commits[1b229672-9fc1-42d6-9200-214eb0163fc5:c2841, 4cc0758a-96f5-4ab9-816d-81d822da247a:c2839, 8693c47f-40a3-4a1c-b7ba-6ed996b9183c:c2839]
2019-07-08 22:29:49,898 INFO  client.GrpcClientProtocolClient (GrpcClientProtocolClient.java:onNext(255)) - client-7538DDC4E776->1b229672-9fc1-42d6-9200-214eb0163fc5: receive RaftClientReply:client-7538DDC4E776->1b229672-9fc1-42d6-9200-214eb0163fc5@group-440AB812C07F, cid=1957, SUCCESS, logIndex=2842, commits[1b229672-9fc1-42d6-9200-214eb0163fc5:c2843, 4cc0758a-96f5-4ab9-816d-81d822da247a:c2839, 8693c47f-40a3-4a1c-b7ba-6ed996b9183c:c2839]
2019-07-08 22:29:49,898 INFO  client.GrpcClientProtocolClient (GrpcClientProtocolClient.java:onNext(255)) - client-7538DDC4E776->1b229672-9fc1-42d6-9200-214eb0163fc5: receive RaftClientReply:client-7538DDC4E776->1b229672-9fc1-42d6-9200-214eb0163fc5@group-440AB812C07F, cid=1958, SUCCESS, logIndex=2843, commits[1b229672-9fc1-42d6-9200-214eb0163fc5:c2843, 4cc0758a-96f5-4ab9-816d-81d822da247a:c2839, 8693c47f-40a3-4a1c-b7ba-6ed996b9183c:c2839]
2019-07-08 22:29:49,912 INFO  client.GrpcClientProtocolClient (GrpcClientProtocolClient.java:onNext(255)) - client-7538DDC4E776->1b229672-9fc1-42d6-9200-214eb0163fc5: receive RaftClientReply:client-7538DDC4E776->1b229672-9fc1-42d6-9200-214eb0163fc5@group-440AB812C07F, cid=1959, SUCCESS, logIndex=0, commits[1b229672-9fc1-42d6-9200-214eb0163fc5:c2845, 4cc0758a-96f5-4ab9-816d-81d822da247a:c2841, 8693c47f-40a3-4a1c-b7ba-6ed996b9183c:c2841]
2019-07-08 22:29:49,978 INFO  client.GrpcClientProtocolClient (GrpcClientProtocolClient.java:onNext(255)) - client-7538DDC4E776->1b229672-9fc1-42d6-9200-214eb0163fc5: receive RaftClientReply:client-7538DDC4E776->1b229672-9fc1-42d6-9200-214eb0163fc5@group-440AB812C07F, cid=1960, SUCCESS, logIndex=2848, commits[1b229672-9fc1-42d6-9200-214eb0163fc5:c2848, 4cc0758a-96f5-4ab9-816d-81d822da247a:c2843, 8693c47f-40a3-4a1c-b7ba-6ed996b9183c:c2847]
2019-07-08 22:29:49,979 INFO  client.GrpcClientProtocolClient (GrpcClientProtocolClient.java:onNext(255)) - client-7538DDC4E776->1b229672-9fc1-42d6-9200-214eb0163fc5: receive RaftClientReply:client-7538DDC4E776->1b229672-9fc1-42d6-9200-214eb0163fc5@group-440AB812C07F, cid=1961, SUCCESS, logIndex=2849, commits[1b229672-9fc1-42d6-9200-214eb0163fc5:c2849, 4cc0758a-96f5-4ab9-816d-81d822da247a:c2847, 8693c47f-40a3-4a1c-b7ba-6ed996b9183c:c2847]
2019-07-08 22:29:50,006 INFO  client.GrpcClientProtocolClient (GrpcClientProtocolClient.java:onNext(255)) - client-7538DDC4E776->1b229672-9fc1-42d6-9200-214eb0163fc5: receive RaftClientReply:client-7538DDC4E776->1b229672-9fc1-42d6-9200-214eb0163fc5@group-440AB812C07F, cid=1962, SUCCESS, logIndex=2852, commits[1b229672-9fc1-42d6-9200-214eb0163fc5:c2853, 4cc0758a-96f5-4ab9-816d-81d822da247a:c2850, 8693c47f-40a3-4a1c-b7ba-6ed996b9183c:c2850]
2019-07-08 22:29:50,007 INFO  client.GrpcClientProtocolClient (GrpcClientProtocolClient.java:onNext(255)) - client-7538DDC4E776->1b229672-9fc1-42d6-9200-214eb0163fc5: receive RaftClientReply:client-7538DDC4E776->1b229672-9fc1-42d6-9200-214eb0163fc5@group-440AB812C07F, cid=1963, SUCCESS, logIndex=2853, commits[1b229672-9fc1-42d6-9200-214eb0163fc5:c2853, 4cc0758a-96f5-4ab9-816d-81d822da247a:c2850, 8693c47f-40a3-4a1c-b7ba-6ed996b9183c:c2850]
2019-07-08 22:29:50,033 INFO  client.GrpcClientProtocolClient (GrpcClientProtocolClient.java:onNext(255)) - client-7538DDC4E776->1b229672-9fc1-42d6-9200-214eb0163fc5: receive RaftClientReply:client-7538DDC4E776->1b229672-9fc1-42d6-9200-214eb0163fc5@group-440AB812C07F, cid=1964, SUCCESS, logIndex=0, commits[1b229672-9fc1-42d6-9200-214eb0163fc5:c2855, 4cc0758a-96f5-4ab9-816d-81d822da247a:c2853, 8693c47f-40a3-4a1c-b7ba-6ed996b9183c:c2853]
2019-07-08 22:29:50,177 INFO  client.GrpcClientProtocolClient (GrpcClientProtocolClient.java:onNext(255)) - client-7538DDC4E776->1b229672-9fc1-42d6-9200-214eb0163fc5: receive RaftClientReply:client-7538DDC4E776->1b229672-9fc1-42d6-9200-214eb0163fc5@group-440AB812C07F, cid=1965, SUCCESS, logIndex=2856, commits[1b229672-9fc1-42d6-9200-214eb0163fc5:c2857, 4cc0758a-96f5-4ab9-816d-81d822da247a:c2855, 8693c47f-40a3-4a1c-b7ba-6ed996b9183c:c2855]
2019-07-08 22:29:50,177 INFO  client.GrpcClientProtocolClient (GrpcClientProtocolClient.java:onNext(255)) - client-7538DDC4E776->1b229672-9fc1-42d6-9200-214eb0163fc5: receive RaftClientReply:client-7538DDC4E776->1b229672-9fc1-42d6-9200-214eb0163fc5@group-440AB812C07F, cid=1966, SUCCESS, logIndex=2857, commits[1b229672-9fc1-42d6-9200-214eb0163fc5:c2857, 4cc0758a-96f5-4ab9-816d-81d822da247a:c2855, 8693c47f-40a3-4a1c-b7ba-6ed996b9183c:c2855]
2019-07-08 22:29:50,178 INFO  client.GrpcClientProtocolClient (GrpcClientProtocolClient.java:onNext(255)) - client-7538DDC4E776->1b229672-9fc1-42d6-9200-214eb0163fc5: receive RaftClientReply:client-7538DDC4E776->1b229672-9fc1-42d6-9200-214eb0163fc5@group-440AB812C07F, cid=1967, SUCCESS, logIndex=2858, commits[1b229672-9fc1-42d6-9200-214eb0163fc5:c2859, 4cc0758a-96f5-4ab9-816d-81d822da247a:c2855, 8693c47f-40a3-4a1c-b7ba-6ed996b9183c:c2855]
2019-07-08 22:29:50,178 INFO  client.GrpcClientProtocolClient (GrpcClientProtocolClient.java:onNext(255)) - client-7538DDC4E776->1b229672-9fc1-42d6-9200-214eb0163fc5: receive RaftClientReply:client-7538DDC4E776->1b229672-9fc1-42d6-9200-214eb0163fc5@group-440AB812C07F, cid=1968, SUCCESS, logIndex=2859, commits[1b229672-9fc1-42d6-9200-214eb0163fc5:c2859, 4cc0758a-96f5-4ab9-816d-81d822da247a:c2855, 8693c47f-40a3-4a1c-b7ba-6ed996b9183c:c2855]
2019-07-08 22:29:50,191 INFO  client.GrpcClientProtocolClient (GrpcClientProtocolClient.java:onNext(255)) - client-7538DDC4E776->1b229672-9fc1-42d6-9200-214eb0163fc5: receive RaftClientReply:client-7538DDC4E776->1b229672-9fc1-42d6-9200-214eb0163fc5@group-440AB812C07F, cid=1969, SUCCESS, logIndex=0, commits[1b229672-9fc1-42d6-9200-214eb0163fc5:c2861, 4cc0758a-96f5-4ab9-816d-81d822da247a:c2857, 8693c47f-40a3-4a1c-b7ba-6ed996b9183c:c2857]
2019-07-08 22:29:50,214 INFO  client.GrpcClientProtocolClient (GrpcClientProtocolClient.java:onNext(255)) - client-7538DDC4E776->1b229672-9fc1-42d6-9200-214eb0163fc5: receive RaftClientReply:client-7538DDC4E776->1b229672-9fc1-42d6-9200-214eb0163fc5@group-440AB812C07F, cid=1970, SUCCESS, logIndex=2863, commits[1b229672-9fc1-42d6-9200-214eb0163fc5:c2864, 4cc0758a-96f5-4ab9-816d-81d822da247a:c2862, 8693c47f-40a3-4a1c-b7ba-6ed996b9183c:c2862]
2019-07-08 22:29:50,214 INFO  client.GrpcClientProtocolClient (GrpcClientProtocolClient.java:onNext(255)) - client-7538DDC4E776->1b229672-9fc1-42d6-9200-214eb0163fc5: receive RaftClientReply:client-7538DDC4E776->1b229672-9fc1-42d6-9200-214eb0163fc5@group-440AB812C07F, cid=1971, SUCCESS, logIndex=2864, commits[1b229672-9fc1-42d6-9200-214eb0163fc5:c2864, 4cc0758a-96f5-4ab9-816d-81d822da247a:c2862, 8693c47f-40a3-4a1c-b7ba-6ed996b9183c:c2862]
2019-07-08 22:29:50,243 INFO  client.GrpcClientProtocolClient (GrpcClientProtocolClient.java:onNext(255)) - client-7538DDC4E776->1b229672-9fc1-42d6-9200-214eb0163fc5: receive RaftClientReply:client-7538DDC4E776->1b229672-9fc1-42d6-9200-214eb0163fc5@group-440AB812C07F, cid=1972, SUCCESS, logIndex=2867, commits[1b229672-9fc1-42d6-9200-214eb0163fc5:c2868, 4cc0758a-96f5-4ab9-816d-81d822da247a:c2864, 8693c47f-40a3-4a1c-b7ba-6ed996b9183c:c2864]
2019-07-08 22:29:50,243 INFO  client.GrpcClientProtocolClient (GrpcClientProtocolClient.java:onNext(255)) - client-7538DDC4E776->1b229672-9fc1-42d6-9200-214eb0163fc5: receive RaftClientReply:client-7538DDC4E776->1b229672-9fc1-42d6-9200-214eb0163fc5@group-440AB812C07F, cid=1973, SUCCESS, logIndex=2868, commits[1b229672-9fc1-42d6-9200-214eb0163fc5:c2868, 4cc0758a-96f5-4ab9-816d-81d822da247a:c2864, 8693c47f-40a3-4a1c-b7ba-6ed996b9183c:c2864]
2019-07-08 22:29:50,256 INFO  client.GrpcClientProtocolClient (GrpcClientProtocolClient.java:onNext(255)) - client-7538DDC4E776->1b229672-9fc1-42d6-9200-214eb0163fc5: receive RaftClientReply:client-7538DDC4E776->1b229672-9fc1-42d6-9200-214eb0163fc5@group-440AB812C07F, cid=1974, SUCCESS, logIndex=0, commits[1b229672-9fc1-42d6-9200-214eb0163fc5:c2869, 4cc0758a-96f5-4ab9-816d-81d822da247a:c2868, 8693c47f-40a3-4a1c-b7ba-6ed996b9183c:c2868]
2019-07-08 22:29:50,290 INFO  client.GrpcClientProtocolClient (GrpcClientProtocolClient.java:onNext(255)) - client-7538DDC4E776->1b229672-9fc1-42d6-9200-214eb0163fc5: receive RaftClientReply:client-7538DDC4E776->1b229672-9fc1-42d6-9200-214eb0163fc5@group-440AB812C07F, cid=1975, SUCCESS, logIndex=2871, commits[1b229672-9fc1-42d6-9200-214eb0163fc5:c2872, 4cc0758a-96f5-4ab9-816d-81d822da247a:c2870, 8693c47f-40a3-4a1c-b7ba-6ed996b9183c:c2870]
2019-07-08 22:29:50,290 INFO  client.GrpcClientProtocolClient (GrpcClientProtocolClient.java:onNext(255)) - client-7538DDC4E776->1b229672-9fc1-42d6-9200-214eb0163fc5: receive RaftClientReply:client-7538DDC4E776->1b229672-9fc1-42d6-9200-214eb0163fc5@group-440AB812C07F, cid=1976, SUCCESS, logIndex=2872, commits[1b229672-9fc1-42d6-9200-214eb0163fc5:c2872, 4cc0758a-96f5-4ab9-816d-81d822da247a:c2870, 8693c47f-40a3-4a1c-b7ba-6ed996b9183c:c2870]
2019-07-08 22:29:50,297 INFO  client.GrpcClientProtocolClient (GrpcClientProtocolClient.java:onNext(255)) - client-7538DDC4E776->1b229672-9fc1-42d6-9200-214eb0163fc5: receive RaftClientReply:client-7538DDC4E776->1b229672-9fc1-42d6-9200-214eb0163fc5@group-440AB812C07F, cid=1977, SUCCESS, logIndex=2873, commits[1b229672-9fc1-42d6-9200-214eb0163fc5:c2874, 4cc0758a-96f5-4ab9-816d-81d822da247a:c2870, 8693c47f-40a3-4a1c-b7ba-6ed996b9183c:c2870]
2019-07-08 22:29:50,297 INFO  client.GrpcClientProtocolClient (GrpcClientProtocolClient.java:onNext(255)) - client-7538DDC4E776->1b229672-9fc1-42d6-9200-214eb0163fc5: receive RaftClientReply:client-7538DDC4E776->1b229672-9fc1-42d6-9200-214eb0163fc5@group-440AB812C07F, cid=1978, SUCCESS, logIndex=2874, commits[1b229672-9fc1-42d6-9200-214eb0163fc5:c2874, 4cc0758a-96f5-4ab9-816d-81d822da247a:c2870, 8693c47f-40a3-4a1c-b7ba-6ed996b9183c:c2870]
2019-07-08 22:29:50,311 INFO  client.GrpcClientProtocolClient (GrpcClientProtocolClient.java:onNext(255)) - client-7538DDC4E776->1b229672-9fc1-42d6-9200-214eb0163fc5: receive RaftClientReply:client-7538DDC4E776->1b229672-9fc1-42d6-9200-214eb0163fc5@group-440AB812C07F, cid=1979, SUCCESS, logIndex=0, commits[1b229672-9fc1-42d6-9200-214eb0163fc5:c2877, 4cc0758a-96f5-4ab9-816d-81d822da247a:c2874, 8693c47f-40a3-4a1c-b7ba-6ed996b9183c:c2872]
2019-07-08 22:29:50,324 INFO  client.GrpcClientProtocolClient (GrpcClientProtocolClient.java:onNext(255)) - client-7538DDC4E776->1b229672-9fc1-42d6-9200-214eb0163fc5: receive RaftClientReply:client-7538DDC4E776->1b229672-9fc1-42d6-9200-214eb0163fc5@group-440AB812C07F, cid=1980, SUCCESS, logIndex=2878, commits[1b229672-9fc1-42d6-9200-214eb0163fc5:c2879, 4cc0758a-96f5-4ab9-816d-81d822da247a:c2874, 8693c47f-40a3-4a1c-b7ba-6ed996b9183c:c2877]
2019-07-08 22:29:50,324 INFO  client.GrpcClientProtocolClient (GrpcClientProtocolClient.java:onNext(255)) - client-7538DDC4E776->1b229672-9fc1-42d6-9200-214eb0163fc5: receive RaftClientReply:client-7538DDC4E776->1b229672-9fc1-42d6-9200-214eb0163fc5@group-440AB812C07F, cid=1981, SUCCESS, logIndex=2879, commits[1b229672-9fc1-42d6-9200-214eb0163fc5:c2879, 4cc0758a-96f5-4ab9-816d-81d822da247a:c2874, 8693c47f-40a3-4a1c-b7ba-6ed996b9183c:c2877]
2019-07-08 22:29:50,338 INFO  client.GrpcClientProtocolClient (GrpcClientProtocolClient.java:onNext(255)) - client-7538DDC4E776->1b229672-9fc1-42d6-9200-214eb0163fc5: receive RaftClientReply:client-7538DDC4E776->1b229672-9fc1-42d6-9200-214eb0163fc5@group-440AB812C07F, cid=1982, SUCCESS, logIndex=2882, commits[1b229672-9fc1-42d6-9200-214eb0163fc5:c2883, 4cc0758a-96f5-4ab9-816d-81d822da247a:c2881, 8693c47f-40a3-4a1c-b7ba-6ed996b9183c:c2880]
2019-07-08 22:29:50,338 INFO  client.GrpcClientProtocolClient (GrpcClientProtocolClient.java:onNext(255)) - client-7538DDC4E776->1b229672-9fc1-42d6-9200-214eb0163fc5: receive RaftClientReply:client-7538DDC4E776->1b229672-9fc1-42d6-9200-214eb0163fc5@group-440AB812C07F, cid=1983, SUCCESS, logIndex=2883, commits[1b229672-9fc1-42d6-9200-214eb0163fc5:c2883, 4cc0758a-96f5-4ab9-816d-81d822da247a:c2881, 8693c47f-40a3-4a1c-b7ba-6ed996b9183c:c2881]
2019-07-08 22:29:50,344 INFO  client.GrpcClientProtocolClient (GrpcClientProtocolClient.java:onNext(255)) - client-7538DDC4E776->1b229672-9fc1-42d6-9200-214eb0163fc5: receive RaftClientReply:client-7538DDC4E776->1b229672-9fc1-42d6-9200-214eb0163fc5@group-440AB812C07F, cid=1984, SUCCESS, logIndex=0, commits[1b229672-9fc1-42d6-9200-214eb0163fc5:c2884, 4cc0758a-96f5-4ab9-816d-81d822da247a:c2883, 8693c47f-40a3-4a1c-b7ba-6ed996b9183c:c2883]
2019-07-08 22:29:50,385 INFO  client.GrpcClientProtocolClient (GrpcClientProtocolClient.java:onNext(255)) - client-7538DDC4E776->1b229672-9fc1-42d6-9200-214eb0163fc5: receive RaftClientReply:client-7538DDC4E776->1b229672-9fc1-42d6-9200-214eb0163fc5@group-440AB812C07F, cid=1985, SUCCESS, logIndex=2886, commits[1b229672-9fc1-42d6-9200-214eb0163fc5:c2889, 4cc0758a-96f5-4ab9-816d-81d822da247a:c2885, 8693c47f-40a3-4a1c-b7ba-6ed996b9183c:c2885]
2019-07-08 22:29:50,386 INFO  client.GrpcClientProtocolClient (GrpcClientProtocolClient.java:onNext(255)) - client-7538DDC4E776->1b229672-9fc1-42d6-9200-214eb0163fc5: receive RaftClientReply:client-7538DDC4E776->1b229672-9fc1-42d6-9200-214eb0163fc5@group-440AB812C07F, cid=1986, SUCCESS, logIndex=2887, commits[1b229672-9fc1-42d6-9200-214eb0163fc5:c2889, 4cc0758a-96f5-4ab9-816d-81d822da247a:c2885, 8693c47f-40a3-4a1c-b7ba-6ed996b9183c:c2885]
2019-07-08 22:29:50,386 INFO  client.GrpcClientProtocolClient (GrpcClientProtocolClient.java:onNext(255)) - client-7538DDC4E776->1b229672-9fc1-42d6-9200-214eb0163fc5: receive RaftClientReply:client-7538DDC4E776->1b229672-9fc1-42d6-9200-214eb0163fc5@group-440AB812C07F, cid=1987, SUCCESS, logIndex=2888, commits[1b229672-9fc1-42d6-9200-214eb0163fc5:c2889, 4cc0758a-96f5-4ab9-816d-81d822da247a:c2885, 8693c47f-40a3-4a1c-b7ba-6ed996b9183c:c2885]
2019-07-08 22:29:50,386 INFO  client.GrpcClientProtocolClient (GrpcClientProtocolClient.java:onNext(255)) - client-7538DDC4E776->1b229672-9fc1-42d6-9200-214eb0163fc5: receive RaftClientReply:client-7538DDC4E776->1b229672-9fc1-42d6-9200-214eb0163fc5@group-440AB812C07F, cid=1988, SUCCESS, logIndex=2889, commits[1b229672-9fc1-42d6-9200-214eb0163fc5:c2889, 4cc0758a-96f5-4ab9-816d-81d822da247a:c2885, 8693c47f-40a3-4a1c-b7ba-6ed996b9183c:c2885]
2019-07-08 22:29:50,391 INFO  client.GrpcClientProtocolClient (GrpcClientProtocolClient.java:onNext(255)) - client-7538DDC4E776->1b229672-9fc1-42d6-9200-214eb0163fc5: receive RaftClientReply:client-7538DDC4E776->1b229672-9fc1-42d6-9200-214eb0163fc5@group-440AB812C07F, cid=1989, SUCCESS, logIndex=0, commits[1b229672-9fc1-42d6-9200-214eb0163fc5:c2890, 4cc0758a-96f5-4ab9-816d-81d822da247a:c2887, 8693c47f-40a3-4a1c-b7ba-6ed996b9183c:c2887]
2019-07-08 22:29:50,411 INFO  client.GrpcClientProtocolClient (GrpcClientProtocolClient.java:onNext(255)) - client-7538DDC4E776->1b229672-9fc1-42d6-9200-214eb0163fc5: receive RaftClientReply:client-7538DDC4E776->1b229672-9fc1-42d6-9200-214eb0163fc5@group-440AB812C07F, cid=1990, SUCCESS, logIndex=2894, commits[1b229672-9fc1-42d6-9200-214eb0163fc5:c2895, 4cc0758a-96f5-4ab9-816d-81d822da247a:c2893, 8693c47f-40a3-4a1c-b7ba-6ed996b9183c:c2893]
2019-07-08 22:29:50,411 INFO  client.GrpcClientProtocolClient (GrpcClientProtocolClient.java:onNext(255)) - client-7538DDC4E776->1b229672-9fc1-42d6-9200-214eb0163fc5: receive RaftClientReply:client-7538DDC4E776->1b229672-9fc1-42d6-9200-214eb0163fc5@group-440AB812C07F, cid=1991, SUCCESS, logIndex=2895, commits[1b229672-9fc1-42d6-9200-214eb0163fc5:c2895, 4cc0758a-96f5-4ab9-816d-81d822da247a:c2893, 8693c47f-40a3-4a1c-b7ba-6ed996b9183c:c2893]
2019-07-08 22:29:50,437 INFO  client.GrpcClientProtocolClient (GrpcClientProtocolClient.java:onNext(255)) - client-7538DDC4E776->1b229672-9fc1-42d6-9200-214eb0163fc5: receive RaftClientReply:client-7538DDC4E776->1b229672-9fc1-42d6-9200-214eb0163fc5@group-440AB812C07F, cid=1992, SUCCESS, logIndex=2897, commits[1b229672-9fc1-42d6-9200-214eb0163fc5:c2898, 4cc0758a-96f5-4ab9-816d-81d822da247a:c2895, 8693c47f-40a3-4a1c-b7ba-6ed996b9183c:c2895]
2019-07-08 22:29:50,437 INFO  client.GrpcClientProtocolClient (GrpcClientProtocolClient.java:onNext(255)) - client-7538DDC4E776->1b229672-9fc1-42d6-9200-214eb0163fc5: receive RaftClientReply:client-7538DDC4E776->1b229672-9fc1-42d6-9200-214eb0163fc5@group-440AB812C07F, cid=1993, SUCCESS, logIndex=2898, commits[1b229672-9fc1-42d6-9200-214eb0163fc5:c2898, 4cc0758a-96f5-4ab9-816d-81d822da247a:c2895, 8693c47f-40a3-4a1c-b7ba-6ed996b9183c:c2895]
2019-07-08 22:29:50,463 INFO  client.GrpcClientProtocolClient (GrpcClientProtocolClient.java:onNext(255)) - client-7538DDC4E776->1b229672-9fc1-42d6-9200-214eb0163fc5: receive RaftClientReply:client-7538DDC4E776->1b229672-9fc1-42d6-9200-214eb0163fc5@group-440AB812C07F, cid=1994, SUCCESS, logIndex=0, commits[1b229672-9fc1-42d6-9200-214eb0163fc5:c2900, 4cc0758a-96f5-4ab9-816d-81d822da247a:c2898, 8693c47f-40a3-4a1c-b7ba-6ed996b9183c:c2898]
2019-07-08 22:29:50,504 INFO  client.GrpcClientProtocolClient (GrpcClientProtocolClient.java:onNext(255)) - client-7538DDC4E776->1b229672-9fc1-42d6-9200-214eb0163fc5: receive RaftClientReply:client-7538DDC4E776->1b229672-9fc1-42d6-9200-214eb0163fc5@group-440AB812C07F, cid=1995, SUCCESS, logIndex=2901, commits[1b229672-9fc1-42d6-9200-214eb0163fc5:c2902, 4cc0758a-96f5-4ab9-816d-81d822da247a:c2900, 8693c47f-40a3-4a1c-b7ba-6ed996b9183c:c2900]
2019-07-08 22:29:50,504 INFO  client.GrpcClientProtocolClient (GrpcClientProtocolClient.java:onNext(255)) - client-7538DDC4E776->1b229672-9fc1-42d6-9200-214eb0163fc5: receive RaftClientReply:client-7538DDC4E776->1b229672-9fc1-42d6-9200-214eb0163fc5@group-440AB812C07F, cid=1996, SUCCESS, logIndex=2902, commits[1b229672-9fc1-42d6-9200-214eb0163fc5:c2902, 4cc0758a-96f5-4ab9-816d-81d822da247a:c2900, 8693c47f-40a3-4a1c-b7ba-6ed996b9183c:c2900]
2019-07-08 22:29:50,516 INFO  client.GrpcClientProtocolClient (GrpcClientProtocolClient.java:onNext(255)) - client-7538DDC4E776->1b229672-9fc1-42d6-9200-214eb0163fc5: receive RaftClientReply:client-7538DDC4E776->1b229672-9fc1-42d6-9200-214eb0163fc5@group-440AB812C07F, cid=1997, SUCCESS, logIndex=2903, commits[1b229672-9fc1-42d6-9200-214eb0163fc5:c2904, 4cc0758a-96f5-4ab9-816d-81d822da247a:c2900, 8693c47f-40a3-4a1c-b7ba-6ed996b9183c:c2900]
2019-07-08 22:29:50,517 INFO  client.GrpcClientProtocolClient (GrpcClientProtocolClient.java:onNext(255)) - client-7538DDC4E776->1b229672-9fc1-42d6-9200-214eb0163fc5: receive RaftClientReply:client-7538DDC4E776->1b229672-9fc1-42d6-9200-214eb0163fc5@group-440AB812C07F, cid=1998, SUCCESS, logIndex=2904, commits[1b229672-9fc1-42d6-9200-214eb0163fc5:c2904, 4cc0758a-96f5-4ab9-816d-81d822da247a:c2900, 8693c47f-40a3-4a1c-b7ba-6ed996b9183c:c2900]
2019-07-08 22:29:50,529 INFO  client.GrpcClientProtocolClient (GrpcClientProtocolClient.java:onNext(255)) - client-7538DDC4E776->1b229672-9fc1-42d6-9200-214eb0163fc5: receive RaftClientReply:client-7538DDC4E776->1b229672-9fc1-42d6-9200-214eb0163fc5@group-440AB812C07F, cid=1999, SUCCESS, logIndex=0, commits[1b229672-9fc1-42d6-9200-214eb0163fc5:c2906, 4cc0758a-96f5-4ab9-816d-81d822da247a:c2902, 8693c47f-40a3-4a1c-b7ba-6ed996b9183c:c2902]
2019-07-08 22:29:50,551 INFO  client.GrpcClientProtocolClient (GrpcClientProtocolClient.java:onNext(255)) - client-7538DDC4E776->1b229672-9fc1-42d6-9200-214eb0163fc5: receive RaftClientReply:client-7538DDC4E776->1b229672-9fc1-42d6-9200-214eb0163fc5@group-440AB812C07F, cid=2000, SUCCESS, logIndex=2909, commits[1b229672-9fc1-42d6-9200-214eb0163fc5:c2910, 4cc0758a-96f5-4ab9-816d-81d822da247a:c2906, 8693c47f-40a3-4a1c-b7ba-6ed996b9183c:c2906]
2019-07-08 22:29:50,551 INFO  client.GrpcClientProtocolClient (GrpcClientProtocolClient.java:onNext(255)) - client-7538DDC4E776->1b229672-9fc1-42d6-9200-214eb0163fc5: receive RaftClientReply:client-7538DDC4E776->1b229672-9fc1-42d6-9200-214eb0163fc5@group-440AB812C07F, cid=2001, SUCCESS, logIndex=2910, commits[1b229672-9fc1-42d6-9200-214eb0163fc5:c2910, 4cc0758a-96f5-4ab9-816d-81d822da247a:c2906, 8693c47f-40a3-4a1c-b7ba-6ed996b9183c:c2906]
2019-07-08 22:29:50,569 INFO  client.GrpcClientProtocolClient (GrpcClientProtocolClient.java:onNext(255)) - client-7538DDC4E776->1b229672-9fc1-42d6-9200-214eb0163fc5: receive RaftClientReply:client-7538DDC4E776->1b229672-9fc1-42d6-9200-214eb0163fc5@group-440AB812C07F, cid=2002, SUCCESS, logIndex=2913, commits[1b229672-9fc1-42d6-9200-214eb0163fc5:c2914, 4cc0758a-96f5-4ab9-816d-81d822da247a:c2910, 8693c47f-40a3-4a1c-b7ba-6ed996b9183c:c2910]
2019-07-08 22:29:50,569 INFO  client.GrpcClientProtocolClient (GrpcClientProtocolClient.java:onNext(255)) - client-7538DDC4E776->1b229672-9fc1-42d6-9200-214eb0163fc5: receive RaftClientReply:client-7538DDC4E776->1b229672-9fc1-42d6-9200-214eb0163fc5@group-440AB812C07F, cid=2003, SUCCESS, logIndex=2914, commits[1b229672-9fc1-42d6-9200-214eb0163fc5:c2914, 4cc0758a-96f5-4ab9-816d-81d822da247a:c2910, 8693c47f-40a3-4a1c-b7ba-6ed996b9183c:c2910]
2019-07-08 22:29:50,571 INFO  client.GrpcClientProtocolClient (GrpcClientProtocolClient.java:onNext(255)) - client-7538DDC4E776->1b229672-9fc1-42d6-9200-214eb0163fc5: receive RaftClientReply:client-7538DDC4E776->1b229672-9fc1-42d6-9200-214eb0163fc5@group-440AB812C07F, cid=2004, SUCCESS, logIndex=0, commits[1b229672-9fc1-42d6-9200-214eb0163fc5:c2915, 4cc0758a-96f5-4ab9-816d-81d822da247a:c2914, 8693c47f-40a3-4a1c-b7ba-6ed996b9183c:c2914]
2019-07-08 22:29:50,590 INFO  client.GrpcClientProtocolClient (GrpcClientProtocolClient.java:onNext(255)) - client-7538DDC4E776->1b229672-9fc1-42d6-9200-214eb0163fc5: receive RaftClientReply:client-7538DDC4E776->1b229672-9fc1-42d6-9200-214eb0163fc5@group-440AB812C07F, cid=2005, SUCCESS, logIndex=2916, commits[1b229672-9fc1-42d6-9200-214eb0163fc5:c2917, 4cc0758a-96f5-4ab9-816d-81d822da247a:c2914, 8693c47f-40a3-4a1c-b7ba-6ed996b9183c:c2915]
2019-07-08 22:29:50,590 INFO  client.GrpcClientProtocolClient (GrpcClientProtocolClient.java:onNext(255)) - client-7538DDC4E776->1b229672-9fc1-42d6-9200-214eb0163fc5: receive RaftClientReply:client-7538DDC4E776->1b229672-9fc1-42d6-9200-214eb0163fc5@group-440AB812C07F, cid=2006, SUCCESS, logIndex=2917, commits[1b229672-9fc1-42d6-9200-214eb0163fc5:c2917, 4cc0758a-96f5-4ab9-816d-81d822da247a:c2914, 8693c47f-40a3-4a1c-b7ba-6ed996b9183c:c2915]
2019-07-08 22:29:50,594 INFO  client.GrpcClientProtocolClient (GrpcClientProtocolClient.java:onNext(255)) - client-7538DDC4E776->1b229672-9fc1-42d6-9200-214eb0163fc5: receive RaftClientReply:client-7538DDC4E776->1b229672-9fc1-42d6-9200-214eb0163fc5@group-440AB812C07F, cid=2007, SUCCESS, logIndex=2918, commits[1b229672-9fc1-42d6-9200-214eb0163fc5:c2919, 4cc0758a-96f5-4ab9-816d-81d822da247a:c2915, 8693c47f-40a3-4a1c-b7ba-6ed996b9183c:c2916]
2019-07-08 22:29:50,595 INFO  client.GrpcClientProtocolClient (GrpcClientProtocolClient.java:onNext(255)) - client-7538DDC4E776->1b229672-9fc1-42d6-9200-214eb0163fc5: receive RaftClientReply:client-7538DDC4E776->1b229672-9fc1-42d6-9200-214eb0163fc5@group-440AB812C07F, cid=2008, SUCCESS, logIndex=2919, commits[1b229672-9fc1-42d6-9200-214eb0163fc5:c2921, 4cc0758a-96f5-4ab9-816d-81d822da247a:c2915, 8693c47f-40a3-4a1c-b7ba-6ed996b9183c:c2917]
2019-07-08 22:29:50,596 INFO  client.GrpcClientProtocolClient (GrpcClientProtocolClient.java:onNext(255)) - client-7538DDC4E776->1b229672-9fc1-42d6-9200-214eb0163fc5: receive RaftClientReply:client-7538DDC4E776->1b229672-9fc1-42d6-9200-214eb0163fc5@group-440AB812C07F, cid=2009, SUCCESS, logIndex=0, commits[1b229672-9fc1-42d6-9200-214eb0163fc5:c2921, 4cc0758a-96f5-4ab9-816d-81d822da247a:c2917, 8693c47f-40a3-4a1c-b7ba-6ed996b9183c:c2917]
2019-07-08 22:29:50,607 INFO  client.GrpcClientProtocolClient (GrpcClientProtocolClient.java:onNext(255)) - client-7538DDC4E776->1b229672-9fc1-42d6-9200-214eb0163fc5: receive RaftClientReply:client-7538DDC4E776->1b229672-9fc1-42d6-9200-214eb0163fc5@group-440AB812C07F, cid=2010, SUCCESS, logIndex=2924, commits[1b229672-9fc1-42d6-9200-214eb0163fc5:c2925, 4cc0758a-96f5-4ab9-816d-81d822da247a:c2919, 8693c47f-40a3-4a1c-b7ba-6ed996b9183c:c2923]
2019-07-08 22:29:50,608 INFO  client.GrpcClientProtocolClient (GrpcClientProtocolClient.java:onNext(255)) - client-7538DDC4E776->1b229672-9fc1-42d6-9200-214eb0163fc5: receive RaftClientReply:client-7538DDC4E776->1b229672-9fc1-42d6-9200-214eb0163fc5@group-440AB812C07F, cid=2011, SUCCESS, logIndex=2925, commits[1b229672-9fc1-42d6-9200-214eb0163fc5:c2925, 4cc0758a-96f5-4ab9-816d-81d822da247a:c2923, 8693c47f-40a3-4a1c-b7ba-6ed996b9183c:c2923]
2019-07-08 22:29:50,633 INFO  client.GrpcClientProtocolClient (GrpcClientProtocolClient.java:onNext(255)) - client-7538DDC4E776->1b229672-9fc1-42d6-9200-214eb0163fc5: receive RaftClientReply:client-7538DDC4E776->1b229672-9fc1-42d6-9200-214eb0163fc5@group-440AB812C07F, cid=2012, SUCCESS, logIndex=2928, commits[1b229672-9fc1-42d6-9200-214eb0163fc5:c2929, 4cc0758a-96f5-4ab9-816d-81d822da247a:c2927, 8693c47f-40a3-4a1c-b7ba-6ed996b9183c:c2925]
2019-07-08 22:29:50,634 INFO  client.GrpcClientProtocolClient (GrpcClientProtocolClient.java:onNext(255)) - client-7538DDC4E776->1b229672-9fc1-42d6-9200-214eb0163fc5: receive RaftClientReply:client-7538DDC4E776->1b229672-9fc1-42d6-9200-214eb0163fc5@group-440AB812C07F, cid=2013, SUCCESS, logIndex=2929, commits[1b229672-9fc1-42d6-9200-214eb0163fc5:c2929, 4cc0758a-96f5-4ab9-816d-81d822da247a:c2927, 8693c47f-40a3-4a1c-b7ba-6ed996b9183c:c2927]
2019-07-08 22:29:50,635 INFO  client.GrpcClientProtocolClient (GrpcClientProtocolClient.java:onNext(255)) - client-7538DDC4E776->1b229672-9fc1-42d6-9200-214eb0163fc5: receive RaftClientReply:client-7538DDC4E776->1b229672-9fc1-42d6-9200-214eb0163fc5@group-440AB812C07F, cid=2014, SUCCESS, logIndex=0, commits[1b229672-9fc1-42d6-9200-214eb0163fc5:c2930, 4cc0758a-96f5-4ab9-816d-81d822da247a:c2929, 8693c47f-40a3-4a1c-b7ba-6ed996b9183c:c2929]
2019-07-08 22:29:50,662 INFO  client.GrpcClientProtocolClient (GrpcClientProtocolClient.java:onNext(255)) - client-7538DDC4E776->1b229672-9fc1-42d6-9200-214eb0163fc5: receive RaftClientReply:client-7538DDC4E776->1b229672-9fc1-42d6-9200-214eb0163fc5@group-440AB812C07F, cid=2015, SUCCESS, logIndex=2932, commits[1b229672-9fc1-42d6-9200-214eb0163fc5:c2933, 4cc0758a-96f5-4ab9-816d-81d822da247a:c2931, 8693c47f-40a3-4a1c-b7ba-6ed996b9183c:c2931]
2019-07-08 22:29:50,663 INFO  client.GrpcClientProtocolClient (GrpcClientProtocolClient.java:onNext(255)) - client-7538DDC4E776->1b229672-9fc1-42d6-9200-214eb0163fc5: receive RaftClientReply:client-7538DDC4E776->1b229672-9fc1-42d6-9200-214eb0163fc5@group-440AB812C07F, cid=2016, SUCCESS, logIndex=2933, commits[1b229672-9fc1-42d6-9200-214eb0163fc5:c2935, 4cc0758a-96f5-4ab9-816d-81d822da247a:c2931, 8693c47f-40a3-4a1c-b7ba-6ed996b9183c:c2931]
2019-07-08 22:29:50,663 INFO  client.GrpcClientProtocolClient (GrpcClientProtocolClient.java:onNext(255)) - client-7538DDC4E776->1b229672-9fc1-42d6-9200-214eb0163fc5: receive RaftClientReply:client-7538DDC4E776->1b229672-9fc1-42d6-9200-214eb0163fc5@group-440AB812C07F, cid=2017, SUCCESS, logIndex=2934, commits[1b229672-9fc1-42d6-9200-214eb0163fc5:c2935, 4cc0758a-96f5-4ab9-816d-81d822da247a:c2931, 8693c47f-40a3-4a1c-b7ba-6ed996b9183c:c2931]
2019-07-08 22:29:50,664 INFO  client.GrpcClientProtocolClient (GrpcClientProtocolClient.java:onNext(255)) - client-7538DDC4E776->1b229672-9fc1-42d6-9200-214eb0163fc5: receive RaftClientReply:client-7538DDC4E776->1b229672-9fc1-42d6-9200-214eb0163fc5@group-440AB812C07F, cid=2018, SUCCESS, logIndex=2935, commits[1b229672-9fc1-42d6-9200-214eb0163fc5:c2935, 4cc0758a-96f5-4ab9-816d-81d822da247a:c2931, 8693c47f-40a3-4a1c-b7ba-6ed996b9183c:c2931]
2019-07-08 22:29:50,672 INFO  client.GrpcClientProtocolClient (GrpcClientProtocolClient.java:onNext(255)) - client-7538DDC4E776->1b229672-9fc1-42d6-9200-214eb0163fc5: receive RaftClientReply:client-7538DDC4E776->1b229672-9fc1-42d6-9200-214eb0163fc5@group-440AB812C07F, cid=2019, SUCCESS, logIndex=0, commits[1b229672-9fc1-42d6-9200-214eb0163fc5:c2937, 4cc0758a-96f5-4ab9-816d-81d822da247a:c2933, 8693c47f-40a3-4a1c-b7ba-6ed996b9183c:c2933]
2019-07-08 22:29:50,691 INFO  client.GrpcClientProtocolClient (GrpcClientProtocolClient.java:onNext(255)) - client-7538DDC4E776->1b229672-9fc1-42d6-9200-214eb0163fc5: receive RaftClientReply:client-7538DDC4E776->1b229672-9fc1-42d6-9200-214eb0163fc5@group-440AB812C07F, cid=2020, SUCCESS, logIndex=2940, commits[1b229672-9fc1-42d6-9200-214eb0163fc5:c2941, 4cc0758a-96f5-4ab9-816d-81d822da247a:c2939, 8693c47f-40a3-4a1c-b7ba-6ed996b9183c:c2939]
2019-07-08 22:29:50,692 INFO  client.GrpcClientProtocolClient (GrpcClientProtocolClient.java:onNext(255)) - client-7538DDC4E776->1b229672-9fc1-42d6-9200-214eb0163fc5: receive RaftClientReply:client-7538DDC4E776->1b229672-9fc1-42d6-9200-214eb0163fc5@group-440AB812C07F, cid=2021, SUCCESS, logIndex=2941, commits[1b229672-9fc1-42d6-9200-214eb0163fc5:c2941, 4cc0758a-96f5-4ab9-816d-81d822da247a:c2939, 8693c47f-40a3-4a1c-b7ba-6ed996b9183c:c2939]
2019-07-08 22:29:50,717 INFO  client.GrpcClientProtocolClient (GrpcClientProtocolClient.java:onNext(255)) - client-7538DDC4E776->1b229672-9fc1-42d6-9200-214eb0163fc5: receive RaftClientReply:client-7538DDC4E776->1b229672-9fc1-42d6-9200-214eb0163fc5@group-440AB812C07F, cid=2022, SUCCESS, logIndex=2944, commits[1b229672-9fc1-42d6-9200-214eb0163fc5:c2944, 4cc0758a-96f5-4ab9-816d-81d822da247a:c2941, 8693c47f-40a3-4a1c-b7ba-6ed996b9183c:c2941]
2019-07-08 22:29:50,718 INFO  client.GrpcClientProtocolClient (GrpcClientProtocolClient.java:onNext(255)) - client-7538DDC4E776->1b229672-9fc1-42d6-9200-214eb0163fc5: receive RaftClientReply:client-7538DDC4E776->1b229672-9fc1-42d6-9200-214eb0163fc5@group-440AB812C07F, cid=2023, SUCCESS, logIndex=2945, commits[1b229672-9fc1-42d6-9200-214eb0163fc5:c2945, 4cc0758a-96f5-4ab9-816d-81d822da247a:c2941, 8693c47f-40a3-4a1c-b7ba-6ed996b9183c:c2941]
2019-07-08 22:29:50,744 INFO  client.GrpcClientProtocolClient (GrpcClientProtocolClient.java:onNext(255)) - client-7538DDC4E776->1b229672-9fc1-42d6-9200-214eb0163fc5: receive RaftClientReply:client-7538DDC4E776->1b229672-9fc1-42d6-9200-214eb0163fc5@group-440AB812C07F, cid=2024, SUCCESS, logIndex=0, commits[1b229672-9fc1-42d6-9200-214eb0163fc5:c2947, 4cc0758a-96f5-4ab9-816d-81d822da247a:c2945, 8693c47f-40a3-4a1c-b7ba-6ed996b9183c:c2945]
2019-07-08 22:29:50,780 INFO  client.GrpcClientProtocolClient (GrpcClientProtocolClient.java:onNext(255)) - client-7538DDC4E776->1b229672-9fc1-42d6-9200-214eb0163fc5: receive RaftClientReply:client-7538DDC4E776->1b229672-9fc1-42d6-9200-214eb0163fc5@group-440AB812C07F, cid=2025, SUCCESS, logIndex=2948, commits[1b229672-9fc1-42d6-9200-214eb0163fc5:c2950, 4cc0758a-96f5-4ab9-816d-81d822da247a:c2947, 8693c47f-40a3-4a1c-b7ba-6ed996b9183c:c2947]
2019-07-08 22:29:50,780 INFO  client.GrpcClientProtocolClient (GrpcClientProtocolClient.java:onNext(255)) - client-7538DDC4E776->1b229672-9fc1-42d6-9200-214eb0163fc5: receive RaftClientReply:client-7538DDC4E776->1b229672-9fc1-42d6-9200-214eb0163fc5@group-440AB812C07F, cid=2026, SUCCESS, logIndex=2949, commits[1b229672-9fc1-42d6-9200-214eb0163fc5:c2951, 4cc0758a-96f5-4ab9-816d-81d822da247a:c2947, 8693c47f-40a3-4a1c-b7ba-6ed996b9183c:c2947]
2019-07-08 22:29:50,781 INFO  client.GrpcClientProtocolClient (GrpcClientProtocolClient.java:onNext(255)) - client-7538DDC4E776->1b229672-9fc1-42d6-9200-214eb0163fc5: receive RaftClientReply:client-7538DDC4E776->1b229672-9fc1-42d6-9200-214eb0163fc5@group-440AB812C07F, cid=2027, SUCCESS, logIndex=2950, commits[1b229672-9fc1-42d6-9200-214eb0163fc5:c2951, 4cc0758a-96f5-4ab9-816d-81d822da247a:c2947, 8693c47f-40a3-4a1c-b7ba-6ed996b9183c:c2947]
2019-07-08 22:29:50,782 INFO  client.GrpcClientProtocolClient (GrpcClientProtocolClient.java:onNext(255)) - client-7538DDC4E776->1b229672-9fc1-42d6-9200-214eb0163fc5: receive RaftClientReply:client-7538DDC4E776->1b229672-9fc1-42d6-9200-214eb0163fc5@group-440AB812C07F, cid=2028, SUCCESS, logIndex=2951, commits[1b229672-9fc1-42d6-9200-214eb0163fc5:c2951, 4cc0758a-96f5-4ab9-816d-81d822da247a:c2947, 8693c47f-40a3-4a1c-b7ba-6ed996b9183c:c2947]
 0.00% |█                                                                                                    |  0/1 Time: 0:00:172019-07-08 22:29:50,807 INFO  client.GrpcClientProtocolClient (GrpcClientProtocolClient.java:onNext(255)) - client-7538DDC4E776->1b229672-9fc1-42d6-9200-214eb0163fc5: receive RaftClientReply:client-7538DDC4E776->1b229672-9fc1-42d6-9200-214eb0163fc5@group-440AB812C07F, cid=2029, SUCCESS, logIndex=0, commits[1b229672-9fc1-42d6-9200-214eb0163fc5:c2954, 4cc0758a-96f5-4ab9-816d-81d822da247a:c2951, 8693c47f-40a3-4a1c-b7ba-6ed996b9183c:c2950]
2019-07-08 22:29:50,828 INFO  client.GrpcClientProtocolClient (GrpcClientProtocolClient.java:onNext(255)) - client-7538DDC4E776->1b229672-9fc1-42d6-9200-214eb0163fc5: receive RaftClientReply:client-7538DDC4E776->1b229672-9fc1-42d6-9200-214eb0163fc5@group-440AB812C07F, cid=2030, SUCCESS, logIndex=2955, commits[1b229672-9fc1-42d6-9200-214eb0163fc5:c2956, 4cc0758a-96f5-4ab9-816d-81d822da247a:c2954, 8693c47f-40a3-4a1c-b7ba-6ed996b9183c:c2954]
2019-07-08 22:29:50,829 INFO  client.GrpcClientProtocolClient (GrpcClientProtocolClient.java:onNext(255)) - client-7538DDC4E776->1b229672-9fc1-42d6-9200-214eb0163fc5: receive RaftClientReply:client-7538DDC4E776->1b229672-9fc1-42d6-9200-214eb0163fc5@group-440AB812C07F, cid=2031, SUCCESS, logIndex=2956, commits[1b229672-9fc1-42d6-9200-214eb0163fc5:c2956, 4cc0758a-96f5-4ab9-816d-81d822da247a:c2954, 8693c47f-40a3-4a1c-b7ba-6ed996b9183c:c2954]
2019-07-08 22:29:50,846 INFO  client.GrpcClientProtocolClient (GrpcClientProtocolClient.java:onNext(255)) - client-7538DDC4E776->1b229672-9fc1-42d6-9200-214eb0163fc5: receive RaftClientReply:client-7538DDC4E776->1b229672-9fc1-42d6-9200-214eb0163fc5@group-440AB812C07F, cid=2032, SUCCESS, logIndex=2959, commits[1b229672-9fc1-42d6-9200-214eb0163fc5:c2960, 4cc0758a-96f5-4ab9-816d-81d822da247a:c2956, 8693c47f-40a3-4a1c-b7ba-6ed996b9183c:c2956]
2019-07-08 22:29:50,846 INFO  client.GrpcClientProtocolClient (GrpcClientProtocolClient.java:onNext(255)) - client-7538DDC4E776->1b229672-9fc1-42d6-9200-214eb0163fc5: receive RaftClientReply:client-7538DDC4E776->1b229672-9fc1-42d6-9200-214eb0163fc5@group-440AB812C07F, cid=2033, SUCCESS, logIndex=2960, commits[1b229672-9fc1-42d6-9200-214eb0163fc5:c2960, 4cc0758a-96f5-4ab9-816d-81d822da247a:c2956, 8693c47f-40a3-4a1c-b7ba-6ed996b9183c:c2956]
2019-07-08 22:29:50,855 INFO  client.GrpcClientProtocolClient (GrpcClientProtocolClient.java:onNext(255)) - client-7538DDC4E776->1b229672-9fc1-42d6-9200-214eb0163fc5: receive RaftClientReply:client-7538DDC4E776->1b229672-9fc1-42d6-9200-214eb0163fc5@group-440AB812C07F, cid=2034, SUCCESS, logIndex=0, commits[1b229672-9fc1-42d6-9200-214eb0163fc5:c2962, 4cc0758a-96f5-4ab9-816d-81d822da247a:c2960, 8693c47f-40a3-4a1c-b7ba-6ed996b9183c:c2960]
2019-07-08 22:29:50,897 INFO  client.GrpcClientProtocolClient (GrpcClientProtocolClient.java:onNext(255)) - client-7538DDC4E776->1b229672-9fc1-42d6-9200-214eb0163fc5: receive RaftClientReply:client-7538DDC4E776->1b229672-9fc1-42d6-9200-214eb0163fc5@group-440AB812C07F, cid=2035, SUCCESS, logIndex=2963, commits[1b229672-9fc1-42d6-9200-214eb0163fc5:c2965, 4cc0758a-96f5-4ab9-816d-81d822da247a:c2962, 8693c47f-40a3-4a1c-b7ba-6ed996b9183c:c2962]
2019-07-08 22:29:50,897 INFO  client.GrpcClientProtocolClient (GrpcClientProtocolClient.java:onNext(255)) - client-7538DDC4E776->1b229672-9fc1-42d6-9200-214eb0163fc5: receive RaftClientReply:client-7538DDC4E776->1b229672-9fc1-42d6-9200-214eb0163fc5@group-440AB812C07F, cid=2036, SUCCESS, logIndex=2964, commits[1b229672-9fc1-42d6-9200-214eb0163fc5:c2966, 4cc0758a-96f5-4ab9-816d-81d822da247a:c2962, 8693c47f-40a3-4a1c-b7ba-6ed996b9183c:c2962]
2019-07-08 22:29:50,898 INFO  client.GrpcClientProtocolClient (GrpcClientProtocolClient.java:onNext(255)) - client-7538DDC4E776->1b229672-9fc1-42d6-9200-214eb0163fc5: receive RaftClientReply:client-7538DDC4E776->1b229672-9fc1-42d6-9200-214eb0163fc5@group-440AB812C07F, cid=2037, SUCCESS, logIndex=2965, commits[1b229672-9fc1-42d6-9200-214eb0163fc5:c2966, 4cc0758a-96f5-4ab9-816d-81d822da247a:c2962, 8693c47f-40a3-4a1c-b7ba-6ed996b9183c:c2962]
2019-07-08 22:29:50,898 INFO  client.GrpcClientProtocolClient (GrpcClientProtocolClient.java:onNext(255)) - client-7538DDC4E776->1b229672-9fc1-42d6-9200-214eb0163fc5: receive RaftClientReply:client-7538DDC4E776->1b229672-9fc1-42d6-9200-214eb0163fc5@group-440AB812C07F, cid=2038, SUCCESS, logIndex=2966, commits[1b229672-9fc1-42d6-9200-214eb0163fc5:c2966, 4cc0758a-96f5-4ab9-816d-81d822da247a:c2962, 8693c47f-40a3-4a1c-b7ba-6ed996b9183c:c2962]
2019-07-08 22:29:50,910 INFO  client.GrpcClientProtocolClient (GrpcClientProtocolClient.java:onNext(255)) - client-7538DDC4E776->1b229672-9fc1-42d6-9200-214eb0163fc5: receive RaftClientReply:client-7538DDC4E776->1b229672-9fc1-42d6-9200-214eb0163fc5@group-440AB812C07F, cid=2039, SUCCESS, logIndex=0, commits[1b229672-9fc1-42d6-9200-214eb0163fc5:c2967, 4cc0758a-96f5-4ab9-816d-81d822da247a:c2965, 8693c47f-40a3-4a1c-b7ba-6ed996b9183c:c2965]
2019-07-08 22:29:50,925 INFO  client.GrpcClientProtocolClient (GrpcClientProtocolClient.java:onNext(255)) - client-7538DDC4E776->1b229672-9fc1-42d6-9200-214eb0163fc5: receive RaftClientReply:client-7538DDC4E776->1b229672-9fc1-42d6-9200-214eb0163fc5@group-440AB812C07F, cid=2040, SUCCESS, logIndex=2970, commits[1b229672-9fc1-42d6-9200-214eb0163fc5:c2971, 4cc0758a-96f5-4ab9-816d-81d822da247a:c2966, 8693c47f-40a3-4a1c-b7ba-6ed996b9183c:c2969]
2019-07-08 22:29:50,925 INFO  client.GrpcClientProtocolClient (GrpcClientProtocolClient.java:onNext(255)) - client-7538DDC4E776->1b229672-9fc1-42d6-9200-214eb0163fc5: receive RaftClientReply:client-7538DDC4E776->1b229672-9fc1-42d6-9200-214eb0163fc5@group-440AB812C07F, cid=2041, SUCCESS, logIndex=2971, commits[1b229672-9fc1-42d6-9200-214eb0163fc5:c2971, 4cc0758a-96f5-4ab9-816d-81d822da247a:c2969, 8693c47f-40a3-4a1c-b7ba-6ed996b9183c:c2969]
2019-07-08 22:29:51,474 INFO  client.GrpcClientProtocolClient (GrpcClientProtocolClient.java:onNext(255)) - client-7538DDC4E776->1b229672-9fc1-42d6-9200-214eb0163fc5: receive RaftClientReply:client-7538DDC4E776->1b229672-9fc1-42d6-9200-214eb0163fc5@group-440AB812C07F, cid=2042, SUCCESS, logIndex=2974, commits[1b229672-9fc1-42d6-9200-214eb0163fc5:c2975, 4cc0758a-96f5-4ab9-816d-81d822da247a:c2973, 8693c47f-40a3-4a1c-b7ba-6ed996b9183c:c2973]
2019-07-08 22:29:51,474 INFO  client.GrpcClientProtocolClient (GrpcClientProtocolClient.java:onNext(255)) - client-7538DDC4E776->1b229672-9fc1-42d6-9200-214eb0163fc5: receive RaftClientReply:client-7538DDC4E776->1b229672-9fc1-42d6-9200-214eb0163fc5@group-440AB812C07F, cid=2043, SUCCESS, logIndex=2975, commits[1b229672-9fc1-42d6-9200-214eb0163fc5:c2975, 4cc0758a-96f5-4ab9-816d-81d822da247a:c2973, 8693c47f-40a3-4a1c-b7ba-6ed996b9183c:c2973]
2019-07-08 22:29:51,488 INFO  client.GrpcClientProtocolClient (GrpcClientProtocolClient.java:onNext(255)) - client-7538DDC4E776->1b229672-9fc1-42d6-9200-214eb0163fc5: receive RaftClientReply:client-7538DDC4E776->1b229672-9fc1-42d6-9200-214eb0163fc5@group-440AB812C07F, cid=2044, SUCCESS, logIndex=0, commits[1b229672-9fc1-42d6-9200-214eb0163fc5:c2976, 4cc0758a-96f5-4ab9-816d-81d822da247a:c2975, 8693c47f-40a3-4a1c-b7ba-6ed996b9183c:c2975]
2019-07-08 22:29:51,517 INFO  client.GrpcClientProtocolClient (GrpcClientProtocolClient.java:onNext(255)) - client-7538DDC4E776->1b229672-9fc1-42d6-9200-214eb0163fc5: receive RaftClientReply:client-7538DDC4E776->1b229672-9fc1-42d6-9200-214eb0163fc5@group-440AB812C07F, cid=2045, SUCCESS, logIndex=2978, commits[1b229672-9fc1-42d6-9200-214eb0163fc5:c2979, 4cc0758a-96f5-4ab9-816d-81d822da247a:c2977, 8693c47f-40a3-4a1c-b7ba-6ed996b9183c:c2977]
2019-07-08 22:29:51,518 INFO  client.GrpcClientProtocolClient (GrpcClientProtocolClient.java:onNext(255)) - client-7538DDC4E776->1b229672-9fc1-42d6-9200-214eb0163fc5: receive RaftClientReply:client-7538DDC4E776->1b229672-9fc1-42d6-9200-214eb0163fc5@group-440AB812C07F, cid=2046, SUCCESS, logIndex=2979, commits[1b229672-9fc1-42d6-9200-214eb0163fc5:c2979, 4cc0758a-96f5-4ab9-816d-81d822da247a:c2977, 8693c47f-40a3-4a1c-b7ba-6ed996b9183c:c2977]
2019-07-08 22:29:51,518 INFO  client.GrpcClientProtocolClient (GrpcClientProtocolClient.java:onNext(255)) - client-7538DDC4E776->1b229672-9fc1-42d6-9200-214eb0163fc5: receive RaftClientReply:client-7538DDC4E776->1b229672-9fc1-42d6-9200-214eb0163fc5@group-440AB812C07F, cid=2047, SUCCESS, logIndex=2980, commits[1b229672-9fc1-42d6-9200-214eb0163fc5:c2981, 4cc0758a-96f5-4ab9-816d-81d822da247a:c2977, 8693c47f-40a3-4a1c-b7ba-6ed996b9183c:c2977]
2019-07-08 22:29:51,518 INFO  client.GrpcClientProtocolClient (GrpcClientProtocolClient.java:onNext(255)) - client-7538DDC4E776->1b229672-9fc1-42d6-9200-214eb0163fc5: receive RaftClientReply:client-7538DDC4E776->1b229672-9fc1-42d6-9200-214eb0163fc5@group-440AB812C07F, cid=2048, SUCCESS, logIndex=2981, commits[1b229672-9fc1-42d6-9200-214eb0163fc5:c2981, 4cc0758a-96f5-4ab9-816d-81d822da247a:c2977, 8693c47f-40a3-4a1c-b7ba-6ed996b9183c:c2977]
2019-07-08 22:29:51,533 INFO  client.GrpcClientProtocolClient (GrpcClientProtocolClient.java:onNext(255)) - client-7538DDC4E776->1b229672-9fc1-42d6-9200-214eb0163fc5: receive RaftClientReply:client-7538DDC4E776->1b229672-9fc1-42d6-9200-214eb0163fc5@group-440AB812C07F, cid=2049, SUCCESS, logIndex=0, commits[1b229672-9fc1-42d6-9200-214eb0163fc5:c2983, 4cc0758a-96f5-4ab9-816d-81d822da247a:c2979, 8693c47f-40a3-4a1c-b7ba-6ed996b9183c:c2979]
2019-07-08 22:29:51,557 INFO  client.GrpcClientProtocolClient (GrpcClientProtocolClient.java:onNext(255)) - client-7538DDC4E776->1b229672-9fc1-42d6-9200-214eb0163fc5: receive RaftClientReply:client-7538DDC4E776->1b229672-9fc1-42d6-9200-214eb0163fc5@group-440AB812C07F, cid=2050, SUCCESS, logIndex=2986, commits[1b229672-9fc1-42d6-9200-214eb0163fc5:c2987, 4cc0758a-96f5-4ab9-816d-81d822da247a:c2985, 8693c47f-40a3-4a1c-b7ba-6ed996b9183c:c2985]
2019-07-08 22:29:51,557 INFO  client.GrpcClientProtocolClient (GrpcClientProtocolClient.java:onNext(255)) - client-7538DDC4E776->1b229672-9fc1-42d6-9200-214eb0163fc5: receive RaftClientReply:client-7538DDC4E776->1b229672-9fc1-42d6-9200-214eb0163fc5@group-440AB812C07F, cid=2051, SUCCESS, logIndex=2987, commits[1b229672-9fc1-42d6-9200-214eb0163fc5:c2987, 4cc0758a-96f5-4ab9-816d-81d822da247a:c2985, 8693c47f-40a3-4a1c-b7ba-6ed996b9183c:c2985]
2019-07-08 22:29:51,583 INFO  client.GrpcClientProtocolClient (GrpcClientProtocolClient.java:onNext(255)) - client-7538DDC4E776->1b229672-9fc1-42d6-9200-214eb0163fc5: receive RaftClientReply:client-7538DDC4E776->1b229672-9fc1-42d6-9200-214eb0163fc5@group-440AB812C07F, cid=2052, SUCCESS, logIndex=2990, commits[1b229672-9fc1-42d6-9200-214eb0163fc5:c2991, 4cc0758a-96f5-4ab9-816d-81d822da247a:c2987, 8693c47f-40a3-4a1c-b7ba-6ed996b9183c:c2987]
2019-07-08 22:29:51,584 INFO  client.GrpcClientProtocolClient (GrpcClientProtocolClient.java:onNext(255)) - client-7538DDC4E776->1b229672-9fc1-42d6-9200-214eb0163fc5: receive RaftClientReply:client-7538DDC4E776->1b229672-9fc1-42d6-9200-214eb0163fc5@group-440AB812C07F, cid=2053, SUCCESS, logIndex=2991, commits[1b229672-9fc1-42d6-9200-214eb0163fc5:c2991, 4cc0758a-96f5-4ab9-816d-81d822da247a:c2987, 8693c47f-40a3-4a1c-b7ba-6ed996b9183c:c2987]
2019-07-08 22:29:51,596 INFO  client.GrpcClientProtocolClient (GrpcClientProtocolClient.java:onNext(255)) - client-7538DDC4E776->1b229672-9fc1-42d6-9200-214eb0163fc5: receive RaftClientReply:client-7538DDC4E776->1b229672-9fc1-42d6-9200-214eb0163fc5@group-440AB812C07F, cid=2054, SUCCESS, logIndex=0, commits[1b229672-9fc1-42d6-9200-214eb0163fc5:c2992, 4cc0758a-96f5-4ab9-816d-81d822da247a:c2991, 8693c47f-40a3-4a1c-b7ba-6ed996b9183c:c2991]
2019-07-08 22:29:51,617 INFO  client.GrpcClientProtocolClient (GrpcClientProtocolClient.java:onNext(255)) - client-7538DDC4E776->1b229672-9fc1-42d6-9200-214eb0163fc5: receive RaftClientReply:client-7538DDC4E776->1b229672-9fc1-42d6-9200-214eb0163fc5@group-440AB812C07F, cid=2055, SUCCESS, logIndex=2994, commits[1b229672-9fc1-42d6-9200-214eb0163fc5:c2995, 4cc0758a-96f5-4ab9-816d-81d822da247a:c2993, 8693c47f-40a3-4a1c-b7ba-6ed996b9183c:c2991]
2019-07-08 22:29:51,617 INFO  client.GrpcClientProtocolClient (GrpcClientProtocolClient.java:onNext(255)) - client-7538DDC4E776->1b229672-9fc1-42d6-9200-214eb0163fc5: receive RaftClientReply:client-7538DDC4E776->1b229672-9fc1-42d6-9200-214eb0163fc5@group-440AB812C07F, cid=2056, SUCCESS, logIndex=2995, commits[1b229672-9fc1-42d6-9200-214eb0163fc5:c2995, 4cc0758a-96f5-4ab9-816d-81d822da247a:c2993, 8693c47f-40a3-4a1c-b7ba-6ed996b9183c:c2991]
2019-07-08 22:29:51,620 INFO  client.GrpcClientProtocolClient (GrpcClientProtocolClient.java:onNext(255)) - client-7538DDC4E776->1b229672-9fc1-42d6-9200-214eb0163fc5: receive RaftClientReply:client-7538DDC4E776->1b229672-9fc1-42d6-9200-214eb0163fc5@group-440AB812C07F, cid=2057, SUCCESS, logIndex=2996, commits[1b229672-9fc1-42d6-9200-214eb0163fc5:c2997, 4cc0758a-96f5-4ab9-816d-81d822da247a:c2993, 8693c47f-40a3-4a1c-b7ba-6ed996b9183c:c2993]
2019-07-08 22:29:51,621 INFO  client.GrpcClientProtocolClient (GrpcClientProtocolClient.java:onNext(255)) - client-7538DDC4E776->1b229672-9fc1-42d6-9200-214eb0163fc5: receive RaftClientReply:client-7538DDC4E776->1b229672-9fc1-42d6-9200-214eb0163fc5@group-440AB812C07F, cid=2058, SUCCESS, logIndex=2997, commits[1b229672-9fc1-42d6-9200-214eb0163fc5:c2997, 4cc0758a-96f5-4ab9-816d-81d822da247a:c2993, 8693c47f-40a3-4a1c-b7ba-6ed996b9183c:c2993]
2019-07-08 22:29:51,624 INFO  client.GrpcClientProtocolClient (GrpcClientProtocolClient.java:onNext(255)) - client-7538DDC4E776->1b229672-9fc1-42d6-9200-214eb0163fc5: receive RaftClientReply:client-7538DDC4E776->1b229672-9fc1-42d6-9200-214eb0163fc5@group-440AB812C07F, cid=2059, SUCCESS, logIndex=0, commits[1b229672-9fc1-42d6-9200-214eb0163fc5:c2999, 4cc0758a-96f5-4ab9-816d-81d822da247a:c2995, 8693c47f-40a3-4a1c-b7ba-6ed996b9183c:c2995]
2019-07-08 22:29:51,637 INFO  client.GrpcClientProtocolClient (GrpcClientProtocolClient.java:onNext(255)) - client-7538DDC4E776->1b229672-9fc1-42d6-9200-214eb0163fc5: receive RaftClientReply:client-7538DDC4E776->1b229672-9fc1-42d6-9200-214eb0163fc5@group-440AB812C07F, cid=2060, SUCCESS, logIndex=3002, commits[1b229672-9fc1-42d6-9200-214eb0163fc5:c3003, 4cc0758a-96f5-4ab9-816d-81d822da247a:c3001, 8693c47f-40a3-4a1c-b7ba-6ed996b9183c:c3001]
2019-07-08 22:29:51,637 INFO  client.GrpcClientProtocolClient (GrpcClientProtocolClient.java:onNext(255)) - client-7538DDC4E776->1b229672-9fc1-42d6-9200-214eb0163fc5: receive RaftClientReply:client-7538DDC4E776->1b229672-9fc1-42d6-9200-214eb0163fc5@group-440AB812C07F, cid=2061, SUCCESS, logIndex=3003, commits[1b229672-9fc1-42d6-9200-214eb0163fc5:c3003, 4cc0758a-96f5-4ab9-816d-81d822da247a:c3001, 8693c47f-40a3-4a1c-b7ba-6ed996b9183c:c3001]
2019-07-08 22:29:51,651 INFO  client.GrpcClientProtocolClient (GrpcClientProtocolClient.java:onNext(255)) - client-7538DDC4E776->1b229672-9fc1-42d6-9200-214eb0163fc5: receive RaftClientReply:client-7538DDC4E776->1b229672-9fc1-42d6-9200-214eb0163fc5@group-440AB812C07F, cid=2062, SUCCESS, logIndex=3006, commits[1b229672-9fc1-42d6-9200-214eb0163fc5:c3007, 4cc0758a-96f5-4ab9-816d-81d822da247a:c3005, 8693c47f-40a3-4a1c-b7ba-6ed996b9183c:c3003]
2019-07-08 22:29:51,651 INFO  client.GrpcClientProtocolClient (GrpcClientProtocolClient.java:onNext(255)) - client-7538DDC4E776->1b229672-9fc1-42d6-9200-214eb0163fc5: receive RaftClientReply:client-7538DDC4E776->1b229672-9fc1-42d6-9200-214eb0163fc5@group-440AB812C07F, cid=2063, SUCCESS, logIndex=3007, commits[1b229672-9fc1-42d6-9200-214eb0163fc5:c3007, 4cc0758a-96f5-4ab9-816d-81d822da247a:c3005, 8693c47f-40a3-4a1c-b7ba-6ed996b9183c:c3005]
2019-07-08 22:29:51,656 INFO  client.GrpcClientProtocolClient (GrpcClientProtocolClient.java:onNext(255)) - client-7538DDC4E776->1b229672-9fc1-42d6-9200-214eb0163fc5: receive RaftClientReply:client-7538DDC4E776->1b229672-9fc1-42d6-9200-214eb0163fc5@group-440AB812C07F, cid=2064, SUCCESS, logIndex=0, commits[1b229672-9fc1-42d6-9200-214eb0163fc5:c3008, 4cc0758a-96f5-4ab9-816d-81d822da247a:c3007, 8693c47f-40a3-4a1c-b7ba-6ed996b9183c:c3007]
2019-07-08 22:29:51,678 INFO  client.GrpcClientProtocolClient (GrpcClientProtocolClient.java:onNext(255)) - client-7538DDC4E776->1b229672-9fc1-42d6-9200-214eb0163fc5: receive RaftClientReply:client-7538DDC4E776->1b229672-9fc1-42d6-9200-214eb0163fc5@group-440AB812C07F, cid=2065, SUCCESS, logIndex=3010, commits[1b229672-9fc1-42d6-9200-214eb0163fc5:c3013, 4cc0758a-96f5-4ab9-816d-81d822da247a:c3009, 8693c47f-40a3-4a1c-b7ba-6ed996b9183c:c3007]
2019-07-08 22:29:51,679 INFO  client.GrpcClientProtocolClient (GrpcClientProtocolClient.java:onNext(255)) - client-7538DDC4E776->1b229672-9fc1-42d6-9200-214eb0163fc5: receive RaftClientReply:client-7538DDC4E776->1b229672-9fc1-42d6-9200-214eb0163fc5@group-440AB812C07F, cid=2066, SUCCESS, logIndex=3011, commits[1b229672-9fc1-42d6-9200-214eb0163fc5:c3013, 4cc0758a-96f5-4ab9-816d-81d822da247a:c3009, 8693c47f-40a3-4a1c-b7ba-6ed996b9183c:c3007]
2019-07-08 22:29:51,679 INFO  client.GrpcClientProtocolClient (GrpcClientProtocolClient.java:onNext(255)) - client-7538DDC4E776->1b229672-9fc1-42d6-9200-214eb0163fc5: receive RaftClientReply:client-7538DDC4E776->1b229672-9fc1-42d6-9200-214eb0163fc5@group-440AB812C07F, cid=2067, SUCCESS, logIndex=3012, commits[1b229672-9fc1-42d6-9200-214eb0163fc5:c3013, 4cc0758a-96f5-4ab9-816d-81d822da247a:c3009, 8693c47f-40a3-4a1c-b7ba-6ed996b9183c:c3007]
2019-07-08 22:29:51,679 INFO  client.GrpcClientProtocolClient (GrpcClientProtocolClient.java:onNext(255)) - client-7538DDC4E776->1b229672-9fc1-42d6-9200-214eb0163fc5: receive RaftClientReply:client-7538DDC4E776->1b229672-9fc1-42d6-9200-214eb0163fc5@group-440AB812C07F, cid=2068, SUCCESS, logIndex=3013, commits[1b229672-9fc1-42d6-9200-214eb0163fc5:c3013, 4cc0758a-96f5-4ab9-816d-81d822da247a:c3009, 8693c47f-40a3-4a1c-b7ba-6ed996b9183c:c3009]
2019-07-08 22:29:51,683 INFO  client.GrpcClientProtocolClient (GrpcClientProtocolClient.java:onNext(255)) - client-7538DDC4E776->1b229672-9fc1-42d6-9200-214eb0163fc5: receive RaftClientReply:client-7538DDC4E776->1b229672-9fc1-42d6-9200-214eb0163fc5@group-440AB812C07F, cid=2069, SUCCESS, logIndex=0, commits[1b229672-9fc1-42d6-9200-214eb0163fc5:c3014, 4cc0758a-96f5-4ab9-816d-81d822da247a:c3011, 8693c47f-40a3-4a1c-b7ba-6ed996b9183c:c3011]
2019-07-08 22:29:51,696 INFO  client.GrpcClientProtocolClient (GrpcClientProtocolClient.java:onNext(255)) - client-7538DDC4E776->1b229672-9fc1-42d6-9200-214eb0163fc5: receive RaftClientReply:client-7538DDC4E776->1b229672-9fc1-42d6-9200-214eb0163fc5@group-440AB812C07F, cid=2070, SUCCESS, logIndex=3018, commits[1b229672-9fc1-42d6-9200-214eb0163fc5:c3019, 4cc0758a-96f5-4ab9-816d-81d822da247a:c3017, 8693c47f-40a3-4a1c-b7ba-6ed996b9183c:c3017]
2019-07-08 22:29:51,697 INFO  client.GrpcClientProtocolClient (GrpcClientProtocolClient.java:onNext(255)) - client-7538DDC4E776->1b229672-9fc1-42d6-9200-214eb0163fc5: receive RaftClientReply:client-7538DDC4E776->1b229672-9fc1-42d6-9200-214eb0163fc5@group-440AB812C07F, cid=2071, SUCCESS, logIndex=3019, commits[1b229672-9fc1-42d6-9200-214eb0163fc5:c3019, 4cc0758a-96f5-4ab9-816d-81d822da247a:c3017, 8693c47f-40a3-4a1c-b7ba-6ed996b9183c:c3017]
2019-07-08 22:29:51,708 INFO  client.GrpcClientProtocolClient (GrpcClientProtocolClient.java:onNext(255)) - client-7538DDC4E776->1b229672-9fc1-42d6-9200-214eb0163fc5: receive RaftClientReply:client-7538DDC4E776->1b229672-9fc1-42d6-9200-214eb0163fc5@group-440AB812C07F, cid=2072, SUCCESS, logIndex=3022, commits[1b229672-9fc1-42d6-9200-214eb0163fc5:c3023, 4cc0758a-96f5-4ab9-816d-81d822da247a:c3021, 8693c47f-40a3-4a1c-b7ba-6ed996b9183c:c3019]
2019-07-08 22:29:51,708 INFO  client.GrpcClientProtocolClient (GrpcClientProtocolClient.java:onNext(255)) - client-7538DDC4E776->1b229672-9fc1-42d6-9200-214eb0163fc5: receive RaftClientReply:client-7538DDC4E776->1b229672-9fc1-42d6-9200-214eb0163fc5@group-440AB812C07F, cid=2073, SUCCESS, logIndex=3023, commits[1b229672-9fc1-42d6-9200-214eb0163fc5:c3023, 4cc0758a-96f5-4ab9-816d-81d822da247a:c3021, 8693c47f-40a3-4a1c-b7ba-6ed996b9183c:c3019]
2019-07-08 22:29:51,713 INFO  client.GrpcClientProtocolClient (GrpcClientProtocolClient.java:onNext(255)) - client-7538DDC4E776->1b229672-9fc1-42d6-9200-214eb0163fc5: receive RaftClientReply:client-7538DDC4E776->1b229672-9fc1-42d6-9200-214eb0163fc5@group-440AB812C07F, cid=2074, SUCCESS, logIndex=0, commits[1b229672-9fc1-42d6-9200-214eb0163fc5:c3024, 4cc0758a-96f5-4ab9-816d-81d822da247a:c3023, 8693c47f-40a3-4a1c-b7ba-6ed996b9183c:c3023]
2019-07-08 22:29:51,735 INFO  client.GrpcClientProtocolClient (GrpcClientProtocolClient.java:onNext(255)) - client-7538DDC4E776->1b229672-9fc1-42d6-9200-214eb0163fc5: receive RaftClientReply:client-7538DDC4E776->1b229672-9fc1-42d6-9200-214eb0163fc5@group-440AB812C07F, cid=2075, SUCCESS, logIndex=3026, commits[1b229672-9fc1-42d6-9200-214eb0163fc5:c3027, 4cc0758a-96f5-4ab9-816d-81d822da247a:c3025, 8693c47f-40a3-4a1c-b7ba-6ed996b9183c:c3023]
2019-07-08 22:29:51,735 INFO  client.GrpcClientProtocolClient (GrpcClientProtocolClient.java:onNext(255)) - client-7538DDC4E776->1b229672-9fc1-42d6-9200-214eb0163fc5: receive RaftClientReply:client-7538DDC4E776->1b229672-9fc1-42d6-9200-214eb0163fc5@group-440AB812C07F, cid=2076, SUCCESS, logIndex=3027, commits[1b229672-9fc1-42d6-9200-214eb0163fc5:c3027, 4cc0758a-96f5-4ab9-816d-81d822da247a:c3025, 8693c47f-40a3-4a1c-b7ba-6ed996b9183c:c3023]
2019-07-08 22:29:51,740 INFO  client.GrpcClientProtocolClient (GrpcClientProtocolClient.java:onNext(255)) - client-7538DDC4E776->1b229672-9fc1-42d6-9200-214eb0163fc5: receive RaftClientReply:client-7538DDC4E776->1b229672-9fc1-42d6-9200-214eb0163fc5@group-440AB812C07F, cid=2077, SUCCESS, logIndex=3028, commits[1b229672-9fc1-42d6-9200-214eb0163fc5:c3029, 4cc0758a-96f5-4ab9-816d-81d822da247a:c3025, 8693c47f-40a3-4a1c-b7ba-6ed996b9183c:c3025]
2019-07-08 22:29:51,741 INFO  client.GrpcClientProtocolClient (GrpcClientProtocolClient.java:onNext(255)) - client-7538DDC4E776->1b229672-9fc1-42d6-9200-214eb0163fc5: receive RaftClientReply:client-7538DDC4E776->1b229672-9fc1-42d6-9200-214eb0163fc5@group-440AB812C07F, cid=2078, SUCCESS, logIndex=3029, commits[1b229672-9fc1-42d6-9200-214eb0163fc5:c3031, 4cc0758a-96f5-4ab9-816d-81d822da247a:c3027, 8693c47f-40a3-4a1c-b7ba-6ed996b9183c:c3025]
2019-07-08 22:29:51,767 INFO  client.GrpcClientProtocolClient (GrpcClientProtocolClient.java:onNext(255)) - client-7538DDC4E776->1b229672-9fc1-42d6-9200-214eb0163fc5: receive RaftClientReply:client-7538DDC4E776->1b229672-9fc1-42d6-9200-214eb0163fc5@group-440AB812C07F, cid=2079, SUCCESS, logIndex=0, commits[1b229672-9fc1-42d6-9200-214eb0163fc5:c3032, 4cc0758a-96f5-4ab9-816d-81d822da247a:c3028, 8693c47f-40a3-4a1c-b7ba-6ed996b9183c:c3027]
2019-07-08 22:29:51,787 INFO  client.GrpcClientProtocolClient (GrpcClientProtocolClient.java:onNext(255)) - client-7538DDC4E776->1b229672-9fc1-42d6-9200-214eb0163fc5: receive RaftClientReply:client-7538DDC4E776->1b229672-9fc1-42d6-9200-214eb0163fc5@group-440AB812C07F, cid=2080, SUCCESS, logIndex=3034, commits[1b229672-9fc1-42d6-9200-214eb0163fc5:c3035, 4cc0758a-96f5-4ab9-816d-81d822da247a:c3033, 8693c47f-40a3-4a1c-b7ba-6ed996b9183c:c3033]
2019-07-08 22:29:51,788 INFO  client.GrpcClientProtocolClient (GrpcClientProtocolClient.java:onNext(255)) - client-7538DDC4E776->1b229672-9fc1-42d6-9200-214eb0163fc5: receive RaftClientReply:client-7538DDC4E776->1b229672-9fc1-42d6-9200-214eb0163fc5@group-440AB812C07F, cid=2081, SUCCESS, logIndex=3035, commits[1b229672-9fc1-42d6-9200-214eb0163fc5:c3035, 4cc0758a-96f5-4ab9-816d-81d822da247a:c3033, 8693c47f-40a3-4a1c-b7ba-6ed996b9183c:c3033]
 0.00% |█                                                                                                    |  0/1 Time: 0:00:182019-07-08 22:29:51,802 INFO  client.GrpcClientProtocolClient (GrpcClientProtocolClient.java:onNext(255)) - client-7538DDC4E776->1b229672-9fc1-42d6-9200-214eb0163fc5: receive RaftClientReply:client-7538DDC4E776->1b229672-9fc1-42d6-9200-214eb0163fc5@group-440AB812C07F, cid=2082, SUCCESS, logIndex=3038, commits[1b229672-9fc1-42d6-9200-214eb0163fc5:c3039, 4cc0758a-96f5-4ab9-816d-81d822da247a:c3035, 8693c47f-40a3-4a1c-b7ba-6ed996b9183c:c3035]
2019-07-08 22:29:51,802 INFO  client.GrpcClientProtocolClient (GrpcClientProtocolClient.java:onNext(255)) - client-7538DDC4E776->1b229672-9fc1-42d6-9200-214eb0163fc5: receive RaftClientReply:client-7538DDC4E776->1b229672-9fc1-42d6-9200-214eb0163fc5@group-440AB812C07F, cid=2083, SUCCESS, logIndex=3039, commits[1b229672-9fc1-42d6-9200-214eb0163fc5:c3039, 4cc0758a-96f5-4ab9-816d-81d822da247a:c3035, 8693c47f-40a3-4a1c-b7ba-6ed996b9183c:c3035]
2019-07-08 22:29:51,813 INFO  client.GrpcClientProtocolClient (GrpcClientProtocolClient.java:onNext(255)) - client-7538DDC4E776->1b229672-9fc1-42d6-9200-214eb0163fc5: receive RaftClientReply:client-7538DDC4E776->1b229672-9fc1-42d6-9200-214eb0163fc5@group-440AB812C07F, cid=2084, SUCCESS, logIndex=0, commits[1b229672-9fc1-42d6-9200-214eb0163fc5:c3040, 4cc0758a-96f5-4ab9-816d-81d822da247a:c3039, 8693c47f-40a3-4a1c-b7ba-6ed996b9183c:c3039]
2019-07-08 22:29:51,843 INFO  client.GrpcClientProtocolClient (GrpcClientProtocolClient.java:onNext(255)) - client-7538DDC4E776->1b229672-9fc1-42d6-9200-214eb0163fc5: receive RaftClientReply:client-7538DDC4E776->1b229672-9fc1-42d6-9200-214eb0163fc5@group-440AB812C07F, cid=2085, SUCCESS, logIndex=3042, commits[1b229672-9fc1-42d6-9200-214eb0163fc5:c3045, 4cc0758a-96f5-4ab9-816d-81d822da247a:c3041, 8693c47f-40a3-4a1c-b7ba-6ed996b9183c:c3041]
2019-07-08 22:29:51,844 INFO  client.GrpcClientProtocolClient (GrpcClientProtocolClient.java:onNext(255)) - client-7538DDC4E776->1b229672-9fc1-42d6-9200-214eb0163fc5: receive RaftClientReply:client-7538DDC4E776->1b229672-9fc1-42d6-9200-214eb0163fc5@group-440AB812C07F, cid=2086, SUCCESS, logIndex=3043, commits[1b229672-9fc1-42d6-9200-214eb0163fc5:c3045, 4cc0758a-96f5-4ab9-816d-81d822da247a:c3041, 8693c47f-40a3-4a1c-b7ba-6ed996b9183c:c3041]
2019-07-08 22:29:51,845 INFO  client.GrpcClientProtocolClient (GrpcClientProtocolClient.java:onNext(255)) - client-7538DDC4E776->1b229672-9fc1-42d6-9200-214eb0163fc5: receive RaftClientReply:client-7538DDC4E776->1b229672-9fc1-42d6-9200-214eb0163fc5@group-440AB812C07F, cid=2087, SUCCESS, logIndex=3044, commits[1b229672-9fc1-42d6-9200-214eb0163fc5:c3045, 4cc0758a-96f5-4ab9-816d-81d822da247a:c3041, 8693c47f-40a3-4a1c-b7ba-6ed996b9183c:c3041]
2019-07-08 22:29:51,845 INFO  client.GrpcClientProtocolClient (GrpcClientProtocolClient.java:onNext(255)) - client-7538DDC4E776->1b229672-9fc1-42d6-9200-214eb0163fc5: receive RaftClientReply:client-7538DDC4E776->1b229672-9fc1-42d6-9200-214eb0163fc5@group-440AB812C07F, cid=2088, SUCCESS, logIndex=3045, commits[1b229672-9fc1-42d6-9200-214eb0163fc5:c3045, 4cc0758a-96f5-4ab9-816d-81d822da247a:c3041, 8693c47f-40a3-4a1c-b7ba-6ed996b9183c:c3041]
2019-07-08 22:29:51,857 INFO  client.GrpcClientProtocolClient (GrpcClientProtocolClient.java:onNext(255)) - client-7538DDC4E776->1b229672-9fc1-42d6-9200-214eb0163fc5: receive RaftClientReply:client-7538DDC4E776->1b229672-9fc1-42d6-9200-214eb0163fc5@group-440AB812C07F, cid=2089, SUCCESS, logIndex=0, commits[1b229672-9fc1-42d6-9200-214eb0163fc5:c3046, 4cc0758a-96f5-4ab9-816d-81d822da247a:c3043, 8693c47f-40a3-4a1c-b7ba-6ed996b9183c:c3043]
2019-07-08 22:29:51,878 INFO  client.GrpcClientProtocolClient (GrpcClientProtocolClient.java:onNext(255)) - client-7538DDC4E776->1b229672-9fc1-42d6-9200-214eb0163fc5: receive RaftClientReply:client-7538DDC4E776->1b229672-9fc1-42d6-9200-214eb0163fc5@group-440AB812C07F, cid=2090, SUCCESS, logIndex=3050, commits[1b229672-9fc1-42d6-9200-214eb0163fc5:c3051, 4cc0758a-96f5-4ab9-816d-81d822da247a:c3049, 8693c47f-40a3-4a1c-b7ba-6ed996b9183c:c3049]
2019-07-08 22:29:51,879 INFO  client.GrpcClientProtocolClient (GrpcClientProtocolClient.java:onNext(255)) - client-7538DDC4E776->1b229672-9fc1-42d6-9200-214eb0163fc5: receive RaftClientReply:client-7538DDC4E776->1b229672-9fc1-42d6-9200-214eb0163fc5@group-440AB812C07F, cid=2091, SUCCESS, logIndex=3051, commits[1b229672-9fc1-42d6-9200-214eb0163fc5:c3051, 4cc0758a-96f5-4ab9-816d-81d822da247a:c3049, 8693c47f-40a3-4a1c-b7ba-6ed996b9183c:c3049]
2019-07-08 22:29:51,894 INFO  client.GrpcClientProtocolClient (GrpcClientProtocolClient.java:onNext(255)) - client-7538DDC4E776->1b229672-9fc1-42d6-9200-214eb0163fc5: receive RaftClientReply:client-7538DDC4E776->1b229672-9fc1-42d6-9200-214eb0163fc5@group-440AB812C07F, cid=2092, SUCCESS, logIndex=3054, commits[1b229672-9fc1-42d6-9200-214eb0163fc5:c3054, 4cc0758a-96f5-4ab9-816d-81d822da247a:c3051, 8693c47f-40a3-4a1c-b7ba-6ed996b9183c:c3051]
2019-07-08 22:29:51,894 INFO  client.GrpcClientProtocolClient (GrpcClientProtocolClient.java:onNext(255)) - client-7538DDC4E776->1b229672-9fc1-42d6-9200-214eb0163fc5: receive RaftClientReply:client-7538DDC4E776->1b229672-9fc1-42d6-9200-214eb0163fc5@group-440AB812C07F, cid=2093, SUCCESS, logIndex=3055, commits[1b229672-9fc1-42d6-9200-214eb0163fc5:c3055, 4cc0758a-96f5-4ab9-816d-81d822da247a:c3051, 8693c47f-40a3-4a1c-b7ba-6ed996b9183c:c3051]
2019-07-08 22:29:51,919 INFO  client.GrpcClientProtocolClient (GrpcClientProtocolClient.java:onNext(255)) - client-7538DDC4E776->1b229672-9fc1-42d6-9200-214eb0163fc5: receive RaftClientReply:client-7538DDC4E776->1b229672-9fc1-42d6-9200-214eb0163fc5@group-440AB812C07F, cid=2094, SUCCESS, logIndex=0, commits[1b229672-9fc1-42d6-9200-214eb0163fc5:c3057, 4cc0758a-96f5-4ab9-816d-81d822da247a:c3055, 8693c47f-40a3-4a1c-b7ba-6ed996b9183c:c3055]
2019-07-08 22:29:51,952 INFO  client.GrpcClientProtocolClient (GrpcClientProtocolClient.java:onNext(255)) - client-7538DDC4E776->1b229672-9fc1-42d6-9200-214eb0163fc5: receive RaftClientReply:client-7538DDC4E776->1b229672-9fc1-42d6-9200-214eb0163fc5@group-440AB812C07F, cid=2095, SUCCESS, logIndex=3058, commits[1b229672-9fc1-42d6-9200-214eb0163fc5:c3061, 4cc0758a-96f5-4ab9-816d-81d822da247a:c3057, 8693c47f-40a3-4a1c-b7ba-6ed996b9183c:c3057]
2019-07-08 22:29:51,952 INFO  client.GrpcClientProtocolClient (GrpcClientProtocolClient.java:onNext(255)) - client-7538DDC4E776->1b229672-9fc1-42d6-9200-214eb0163fc5: receive RaftClientReply:client-7538DDC4E776->1b229672-9fc1-42d6-9200-214eb0163fc5@group-440AB812C07F, cid=2096, SUCCESS, logIndex=3059, commits[1b229672-9fc1-42d6-9200-214eb0163fc5:c3061, 4cc0758a-96f5-4ab9-816d-81d822da247a:c3057, 8693c47f-40a3-4a1c-b7ba-6ed996b9183c:c3057]
2019-07-08 22:29:51,953 INFO  client.GrpcClientProtocolClient (GrpcClientProtocolClient.java:onNext(255)) - client-7538DDC4E776->1b229672-9fc1-42d6-9200-214eb0163fc5: receive RaftClientReply:client-7538DDC4E776->1b229672-9fc1-42d6-9200-214eb0163fc5@group-440AB812C07F, cid=2097, SUCCESS, logIndex=3060, commits[1b229672-9fc1-42d6-9200-214eb0163fc5:c3061, 4cc0758a-96f5-4ab9-816d-81d822da247a:c3057, 8693c47f-40a3-4a1c-b7ba-6ed996b9183c:c3057]
2019-07-08 22:29:51,953 INFO  client.GrpcClientProtocolClient (GrpcClientProtocolClient.java:onNext(255)) - client-7538DDC4E776->1b229672-9fc1-42d6-9200-214eb0163fc5: receive RaftClientReply:client-7538DDC4E776->1b229672-9fc1-42d6-9200-214eb0163fc5@group-440AB812C07F, cid=2098, SUCCESS, logIndex=3061, commits[1b229672-9fc1-42d6-9200-214eb0163fc5:c3061, 4cc0758a-96f5-4ab9-816d-81d822da247a:c3057, 8693c47f-40a3-4a1c-b7ba-6ed996b9183c:c3057]
2019-07-08 22:29:51,957 INFO  client.GrpcClientProtocolClient (GrpcClientProtocolClient.java:onNext(255)) - client-7538DDC4E776->1b229672-9fc1-42d6-9200-214eb0163fc5: receive RaftClientReply:client-7538DDC4E776->1b229672-9fc1-42d6-9200-214eb0163fc5@group-440AB812C07F, cid=2099, SUCCESS, logIndex=0, commits[1b229672-9fc1-42d6-9200-214eb0163fc5:c3064, 4cc0758a-96f5-4ab9-816d-81d822da247a:c3061, 8693c47f-40a3-4a1c-b7ba-6ed996b9183c:c3060]
2019-07-08 22:29:51,971 INFO  client.GrpcClientProtocolClient (GrpcClientProtocolClient.java:onNext(255)) - client-7538DDC4E776->1b229672-9fc1-42d6-9200-214eb0163fc5: receive RaftClientReply:client-7538DDC4E776->1b229672-9fc1-42d6-9200-214eb0163fc5@group-440AB812C07F, cid=2100, SUCCESS, logIndex=3065, commits[1b229672-9fc1-42d6-9200-214eb0163fc5:c3066, 4cc0758a-96f5-4ab9-816d-81d822da247a:c3064, 8693c47f-40a3-4a1c-b7ba-6ed996b9183c:c3064]
2019-07-08 22:29:51,972 INFO  client.GrpcClientProtocolClient (GrpcClientProtocolClient.java:onNext(255)) - client-7538DDC4E776->1b229672-9fc1-42d6-9200-214eb0163fc5: receive RaftClientReply:client-7538DDC4E776->1b229672-9fc1-42d6-9200-214eb0163fc5@group-440AB812C07F, cid=2101, SUCCESS, logIndex=3066, commits[1b229672-9fc1-42d6-9200-214eb0163fc5:c3066, 4cc0758a-96f5-4ab9-816d-81d822da247a:c3064, 8693c47f-40a3-4a1c-b7ba-6ed996b9183c:c3064]
2019-07-08 22:29:52,008 INFO  client.GrpcClientProtocolClient (GrpcClientProtocolClient.java:onNext(255)) - client-7538DDC4E776->1b229672-9fc1-42d6-9200-214eb0163fc5: receive RaftClientReply:client-7538DDC4E776->1b229672-9fc1-42d6-9200-214eb0163fc5@group-440AB812C07F, cid=2102, SUCCESS, logIndex=3069, commits[1b229672-9fc1-42d6-9200-214eb0163fc5:c3070, 4cc0758a-96f5-4ab9-816d-81d822da247a:c3068, 8693c47f-40a3-4a1c-b7ba-6ed996b9183c:c3068]
2019-07-08 22:29:52,008 INFO  client.GrpcClientProtocolClient (GrpcClientProtocolClient.java:onNext(255)) - client-7538DDC4E776->1b229672-9fc1-42d6-9200-214eb0163fc5: receive RaftClientReply:client-7538DDC4E776->1b229672-9fc1-42d6-9200-214eb0163fc5@group-440AB812C07F, cid=2103, SUCCESS, logIndex=3070, commits[1b229672-9fc1-42d6-9200-214eb0163fc5:c3070, 4cc0758a-96f5-4ab9-816d-81d822da247a:c3068, 8693c47f-40a3-4a1c-b7ba-6ed996b9183c:c3068]
2019-07-08 22:29:52,017 INFO  client.GrpcClientProtocolClient (GrpcClientProtocolClient.java:onNext(255)) - client-7538DDC4E776->1b229672-9fc1-42d6-9200-214eb0163fc5: receive RaftClientReply:client-7538DDC4E776->1b229672-9fc1-42d6-9200-214eb0163fc5@group-440AB812C07F, cid=2104, SUCCESS, logIndex=0, commits[1b229672-9fc1-42d6-9200-214eb0163fc5:c3071, 4cc0758a-96f5-4ab9-816d-81d822da247a:c3070, 8693c47f-40a3-4a1c-b7ba-6ed996b9183c:c3070]
2019-07-08 22:29:52,049 INFO  client.GrpcClientProtocolClient (GrpcClientProtocolClient.java:onNext(255)) - client-7538DDC4E776->1b229672-9fc1-42d6-9200-214eb0163fc5: receive RaftClientReply:client-7538DDC4E776->1b229672-9fc1-42d6-9200-214eb0163fc5@group-440AB812C07F, cid=2105, SUCCESS, logIndex=3073, commits[1b229672-9fc1-42d6-9200-214eb0163fc5:c3074, 4cc0758a-96f5-4ab9-816d-81d822da247a:c3072, 8693c47f-40a3-4a1c-b7ba-6ed996b9183c:c3072]
2019-07-08 22:29:52,050 INFO  client.GrpcClientProtocolClient (GrpcClientProtocolClient.java:onNext(255)) - client-7538DDC4E776->1b229672-9fc1-42d6-9200-214eb0163fc5: receive RaftClientReply:client-7538DDC4E776->1b229672-9fc1-42d6-9200-214eb0163fc5@group-440AB812C07F, cid=2106, SUCCESS, logIndex=3074, commits[1b229672-9fc1-42d6-9200-214eb0163fc5:c3076, 4cc0758a-96f5-4ab9-816d-81d822da247a:c3072, 8693c47f-40a3-4a1c-b7ba-6ed996b9183c:c3072]
2019-07-08 22:29:52,050 INFO  client.GrpcClientProtocolClient (GrpcClientProtocolClient.java:onNext(255)) - client-7538DDC4E776->1b229672-9fc1-42d6-9200-214eb0163fc5: receive RaftClientReply:client-7538DDC4E776->1b229672-9fc1-42d6-9200-214eb0163fc5@group-440AB812C07F, cid=2107, SUCCESS, logIndex=3075, commits[1b229672-9fc1-42d6-9200-214eb0163fc5:c3076, 4cc0758a-96f5-4ab9-816d-81d822da247a:c3072, 8693c47f-40a3-4a1c-b7ba-6ed996b9183c:c3072]
2019-07-08 22:29:52,050 INFO  client.GrpcClientProtocolClient (GrpcClientProtocolClient.java:onNext(255)) - client-7538DDC4E776->1b229672-9fc1-42d6-9200-214eb0163fc5: receive RaftClientReply:client-7538DDC4E776->1b229672-9fc1-42d6-9200-214eb0163fc5@group-440AB812C07F, cid=2108, SUCCESS, logIndex=3076, commits[1b229672-9fc1-42d6-9200-214eb0163fc5:c3076, 4cc0758a-96f5-4ab9-816d-81d822da247a:c3072, 8693c47f-40a3-4a1c-b7ba-6ed996b9183c:c3072]
2019-07-08 22:29:52,063 INFO  client.GrpcClientProtocolClient (GrpcClientProtocolClient.java:onNext(255)) - client-7538DDC4E776->1b229672-9fc1-42d6-9200-214eb0163fc5: receive RaftClientReply:client-7538DDC4E776->1b229672-9fc1-42d6-9200-214eb0163fc5@group-440AB812C07F, cid=2109, SUCCESS, logIndex=0, commits[1b229672-9fc1-42d6-9200-214eb0163fc5:c3078, 4cc0758a-96f5-4ab9-816d-81d822da247a:c3074, 8693c47f-40a3-4a1c-b7ba-6ed996b9183c:c3074]
2019-07-08 22:29:52,086 INFO  client.GrpcClientProtocolClient (GrpcClientProtocolClient.java:onNext(255)) - client-7538DDC4E776->1b229672-9fc1-42d6-9200-214eb0163fc5: receive RaftClientReply:client-7538DDC4E776->1b229672-9fc1-42d6-9200-214eb0163fc5@group-440AB812C07F, cid=2110, SUCCESS, logIndex=3081, commits[1b229672-9fc1-42d6-9200-214eb0163fc5:c3082, 4cc0758a-96f5-4ab9-816d-81d822da247a:c3080, 8693c47f-40a3-4a1c-b7ba-6ed996b9183c:c3080]
2019-07-08 22:29:52,086 INFO  client.GrpcClientProtocolClient (GrpcClientProtocolClient.java:onNext(255)) - client-7538DDC4E776->1b229672-9fc1-42d6-9200-214eb0163fc5: receive RaftClientReply:client-7538DDC4E776->1b229672-9fc1-42d6-9200-214eb0163fc5@group-440AB812C07F, cid=2111, SUCCESS, logIndex=3082, commits[1b229672-9fc1-42d6-9200-214eb0163fc5:c3082, 4cc0758a-96f5-4ab9-816d-81d822da247a:c3080, 8693c47f-40a3-4a1c-b7ba-6ed996b9183c:c3080]
2019-07-08 22:29:52,111 INFO  client.GrpcClientProtocolClient (GrpcClientProtocolClient.java:onNext(255)) - client-7538DDC4E776->1b229672-9fc1-42d6-9200-214eb0163fc5: receive RaftClientReply:client-7538DDC4E776->1b229672-9fc1-42d6-9200-214eb0163fc5@group-440AB812C07F, cid=2112, SUCCESS, logIndex=3085, commits[1b229672-9fc1-42d6-9200-214eb0163fc5:c3086, 4cc0758a-96f5-4ab9-816d-81d822da247a:c3082, 8693c47f-40a3-4a1c-b7ba-6ed996b9183c:c3082]
2019-07-08 22:29:52,111 INFO  client.GrpcClientProtocolClient (GrpcClientProtocolClient.java:onNext(255)) - client-7538DDC4E776->1b229672-9fc1-42d6-9200-214eb0163fc5: receive RaftClientReply:client-7538DDC4E776->1b229672-9fc1-42d6-9200-214eb0163fc5@group-440AB812C07F, cid=2113, SUCCESS, logIndex=3086, commits[1b229672-9fc1-42d6-9200-214eb0163fc5:c3086, 4cc0758a-96f5-4ab9-816d-81d822da247a:c3082, 8693c47f-40a3-4a1c-b7ba-6ed996b9183c:c3082]
2019-07-08 22:29:52,122 INFO  client.GrpcClientProtocolClient (GrpcClientProtocolClient.java:onNext(255)) - client-7538DDC4E776->1b229672-9fc1-42d6-9200-214eb0163fc5: receive RaftClientReply:client-7538DDC4E776->1b229672-9fc1-42d6-9200-214eb0163fc5@group-440AB812C07F, cid=2114, SUCCESS, logIndex=0, commits[1b229672-9fc1-42d6-9200-214eb0163fc5:c3086, 4cc0758a-96f5-4ab9-816d-81d822da247a:c3086, 8693c47f-40a3-4a1c-b7ba-6ed996b9183c:c3086]
2019-07-08 22:29:52,158 INFO  client.GrpcClientProtocolClient (GrpcClientProtocolClient.java:onNext(255)) - client-7538DDC4E776->1b229672-9fc1-42d6-9200-214eb0163fc5: receive RaftClientReply:client-7538DDC4E776->1b229672-9fc1-42d6-9200-214eb0163fc5@group-440AB812C07F, cid=2115, SUCCESS, logIndex=3089, commits[1b229672-9fc1-42d6-9200-214eb0163fc5:c3090, 4cc0758a-96f5-4ab9-816d-81d822da247a:c3088, 8693c47f-40a3-4a1c-b7ba-6ed996b9183c:c3088]
2019-07-08 22:29:52,159 INFO  client.GrpcClientProtocolClient (GrpcClientProtocolClient.java:onNext(255)) - client-7538DDC4E776->1b229672-9fc1-42d6-9200-214eb0163fc5: receive RaftClientReply:client-7538DDC4E776->1b229672-9fc1-42d6-9200-214eb0163fc5@group-440AB812C07F, cid=2116, SUCCESS, logIndex=3090, commits[1b229672-9fc1-42d6-9200-214eb0163fc5:c3092, 4cc0758a-96f5-4ab9-816d-81d822da247a:c3088, 8693c47f-40a3-4a1c-b7ba-6ed996b9183c:c3088]
2019-07-08 22:29:52,159 INFO  client.GrpcClientProtocolClient (GrpcClientProtocolClient.java:onNext(255)) - client-7538DDC4E776->1b229672-9fc1-42d6-9200-214eb0163fc5: receive RaftClientReply:client-7538DDC4E776->1b229672-9fc1-42d6-9200-214eb0163fc5@group-440AB812C07F, cid=2117, SUCCESS, logIndex=3091, commits[1b229672-9fc1-42d6-9200-214eb0163fc5:c3092, 4cc0758a-96f5-4ab9-816d-81d822da247a:c3088, 8693c47f-40a3-4a1c-b7ba-6ed996b9183c:c3088]
2019-07-08 22:29:52,159 INFO  client.GrpcClientProtocolClient (GrpcClientProtocolClient.java:onNext(255)) - client-7538DDC4E776->1b229672-9fc1-42d6-9200-214eb0163fc5: receive RaftClientReply:client-7538DDC4E776->1b229672-9fc1-42d6-9200-214eb0163fc5@group-440AB812C07F, cid=2118, SUCCESS, logIndex=3092, commits[1b229672-9fc1-42d6-9200-214eb0163fc5:c3092, 4cc0758a-96f5-4ab9-816d-81d822da247a:c3088, 8693c47f-40a3-4a1c-b7ba-6ed996b9183c:c3088]
2019-07-08 22:29:52,171 INFO  client.GrpcClientProtocolClient (GrpcClientProtocolClient.java:onNext(255)) - client-7538DDC4E776->1b229672-9fc1-42d6-9200-214eb0163fc5: receive RaftClientReply:client-7538DDC4E776->1b229672-9fc1-42d6-9200-214eb0163fc5@group-440AB812C07F, cid=2119, SUCCESS, logIndex=0, commits[1b229672-9fc1-42d6-9200-214eb0163fc5:c3093, 4cc0758a-96f5-4ab9-816d-81d822da247a:c3090, 8693c47f-40a3-4a1c-b7ba-6ed996b9183c:c3090]
2019-07-08 22:29:52,196 INFO  client.GrpcClientProtocolClient (GrpcClientProtocolClient.java:onNext(255)) - client-7538DDC4E776->1b229672-9fc1-42d6-9200-214eb0163fc5: receive RaftClientReply:client-7538DDC4E776->1b229672-9fc1-42d6-9200-214eb0163fc5@group-440AB812C07F, cid=2120, SUCCESS, logIndex=3097, commits[1b229672-9fc1-42d6-9200-214eb0163fc5:c3098, 4cc0758a-96f5-4ab9-816d-81d822da247a:c3093, 8693c47f-40a3-4a1c-b7ba-6ed996b9183c:c3093]
2019-07-08 22:29:52,196 INFO  client.GrpcClientProtocolClient (GrpcClientProtocolClient.java:onNext(255)) - client-7538DDC4E776->1b229672-9fc1-42d6-9200-214eb0163fc5: receive RaftClientReply:client-7538DDC4E776->1b229672-9fc1-42d6-9200-214eb0163fc5@group-440AB812C07F, cid=2121, SUCCESS, logIndex=3098, commits[1b229672-9fc1-42d6-9200-214eb0163fc5:c3098, 4cc0758a-96f5-4ab9-816d-81d822da247a:c3093, 8693c47f-40a3-4a1c-b7ba-6ed996b9183c:c3093]
2019-07-08 22:29:52,217 INFO  client.GrpcClientProtocolClient (GrpcClientProtocolClient.java:onNext(255)) - client-7538DDC4E776->1b229672-9fc1-42d6-9200-214eb0163fc5: receive RaftClientReply:client-7538DDC4E776->1b229672-9fc1-42d6-9200-214eb0163fc5@group-440AB812C07F, cid=2122, SUCCESS, logIndex=3101, commits[1b229672-9fc1-42d6-9200-214eb0163fc5:c3102, 4cc0758a-96f5-4ab9-816d-81d822da247a:c3100, 8693c47f-40a3-4a1c-b7ba-6ed996b9183c:c3098]
2019-07-08 22:29:52,217 INFO  client.GrpcClientProtocolClient (GrpcClientProtocolClient.java:onNext(255)) - client-7538DDC4E776->1b229672-9fc1-42d6-9200-214eb0163fc5: receive RaftClientReply:client-7538DDC4E776->1b229672-9fc1-42d6-9200-214eb0163fc5@group-440AB812C07F, cid=2123, SUCCESS, logIndex=3102, commits[1b229672-9fc1-42d6-9200-214eb0163fc5:c3102, 4cc0758a-96f5-4ab9-816d-81d822da247a:c3100, 8693c47f-40a3-4a1c-b7ba-6ed996b9183c:c3100]
2019-07-08 22:29:52,220 INFO  client.GrpcClientProtocolClient (GrpcClientProtocolClient.java:onNext(255)) - client-7538DDC4E776->1b229672-9fc1-42d6-9200-214eb0163fc5: receive RaftClientReply:client-7538DDC4E776->1b229672-9fc1-42d6-9200-214eb0163fc5@group-440AB812C07F, cid=2124, SUCCESS, logIndex=0, commits[1b229672-9fc1-42d6-9200-214eb0163fc5:c3103, 4cc0758a-96f5-4ab9-816d-81d822da247a:c3102, 8693c47f-40a3-4a1c-b7ba-6ed996b9183c:c3102]
2019-07-08 22:29:52,354 INFO  client.GrpcClientProtocolClient (GrpcClientProtocolClient.java:onNext(255)) - client-7538DDC4E776->1b229672-9fc1-42d6-9200-214eb0163fc5: receive RaftClientReply:client-7538DDC4E776->1b229672-9fc1-42d6-9200-214eb0163fc5@group-440AB812C07F, cid=2125, SUCCESS, logIndex=3105, commits[1b229672-9fc1-42d6-9200-214eb0163fc5:c3106, 4cc0758a-96f5-4ab9-816d-81d822da247a:c3104, 8693c47f-40a3-4a1c-b7ba-6ed996b9183c:c3104]
2019-07-08 22:29:52,355 INFO  client.GrpcClientProtocolClient (GrpcClientProtocolClient.java:onNext(255)) - client-7538DDC4E776->1b229672-9fc1-42d6-9200-214eb0163fc5: receive RaftClientReply:client-7538DDC4E776->1b229672-9fc1-42d6-9200-214eb0163fc5@group-440AB812C07F, cid=2126, SUCCESS, logIndex=3106, commits[1b229672-9fc1-42d6-9200-214eb0163fc5:c3108, 4cc0758a-96f5-4ab9-816d-81d822da247a:c3104, 8693c47f-40a3-4a1c-b7ba-6ed996b9183c:c3104]
2019-07-08 22:29:52,355 INFO  client.GrpcClientProtocolClient (GrpcClientProtocolClient.java:onNext(255)) - client-7538DDC4E776->1b229672-9fc1-42d6-9200-214eb0163fc5: receive RaftClientReply:client-7538DDC4E776->1b229672-9fc1-42d6-9200-214eb0163fc5@group-440AB812C07F, cid=2127, SUCCESS, logIndex=3107, commits[1b229672-9fc1-42d6-9200-214eb0163fc5:c3108, 4cc0758a-96f5-4ab9-816d-81d822da247a:c3104, 8693c47f-40a3-4a1c-b7ba-6ed996b9183c:c3104]
2019-07-08 22:29:52,355 INFO  client.GrpcClientProtocolClient (GrpcClientProtocolClient.java:onNext(255)) - client-7538DDC4E776->1b229672-9fc1-42d6-9200-214eb0163fc5: receive RaftClientReply:client-7538DDC4E776->1b229672-9fc1-42d6-9200-214eb0163fc5@group-440AB812C07F, cid=2128, SUCCESS, logIndex=3108, commits[1b229672-9fc1-42d6-9200-214eb0163fc5:c3108, 4cc0758a-96f5-4ab9-816d-81d822da247a:c3104, 8693c47f-40a3-4a1c-b7ba-6ed996b9183c:c3104]
2019-07-08 22:29:52,369 INFO  client.GrpcClientProtocolClient (GrpcClientProtocolClient.java:onNext(255)) - client-7538DDC4E776->1b229672-9fc1-42d6-9200-214eb0163fc5: receive RaftClientReply:client-7538DDC4E776->1b229672-9fc1-42d6-9200-214eb0163fc5@group-440AB812C07F, cid=2129, SUCCESS, logIndex=0, commits[1b229672-9fc1-42d6-9200-214eb0163fc5:c3109, 4cc0758a-96f5-4ab9-816d-81d822da247a:c3106, 8693c47f-40a3-4a1c-b7ba-6ed996b9183c:c3106]
2019-07-08 22:29:52,394 INFO  client.GrpcClientProtocolClient (GrpcClientProtocolClient.java:onNext(255)) - client-7538DDC4E776->1b229672-9fc1-42d6-9200-214eb0163fc5: receive RaftClientReply:client-7538DDC4E776->1b229672-9fc1-42d6-9200-214eb0163fc5@group-440AB812C07F, cid=2130, SUCCESS, logIndex=3113, commits[1b229672-9fc1-42d6-9200-214eb0163fc5:c3114, 4cc0758a-96f5-4ab9-816d-81d822da247a:c3112, 8693c47f-40a3-4a1c-b7ba-6ed996b9183c:c3112]
2019-07-08 22:29:52,395 INFO  client.GrpcClientProtocolClient (GrpcClientProtocolClient.java:onNext(255)) - client-7538DDC4E776->1b229672-9fc1-42d6-9200-214eb0163fc5: receive RaftClientReply:client-7538DDC4E776->1b229672-9fc1-42d6-9200-214eb0163fc5@group-440AB812C07F, cid=2131, SUCCESS, logIndex=3114, commits[1b229672-9fc1-42d6-9200-214eb0163fc5:c3114, 4cc0758a-96f5-4ab9-816d-81d822da247a:c3112, 8693c47f-40a3-4a1c-b7ba-6ed996b9183c:c3112]
2019-07-08 22:29:52,408 INFO  client.GrpcClientProtocolClient (GrpcClientProtocolClient.java:onNext(255)) - client-7538DDC4E776->1b229672-9fc1-42d6-9200-214eb0163fc5: receive RaftClientReply:client-7538DDC4E776->1b229672-9fc1-42d6-9200-214eb0163fc5@group-440AB812C07F, cid=2132, SUCCESS, logIndex=3117, commits[1b229672-9fc1-42d6-9200-214eb0163fc5:c3118, 4cc0758a-96f5-4ab9-816d-81d822da247a:c3113, 8693c47f-40a3-4a1c-b7ba-6ed996b9183c:c3114]
2019-07-08 22:29:52,408 INFO  client.GrpcClientProtocolClient (GrpcClientProtocolClient.java:onNext(255)) - client-7538DDC4E776->1b229672-9fc1-42d6-9200-214eb0163fc5: receive RaftClientReply:client-7538DDC4E776->1b229672-9fc1-42d6-9200-214eb0163fc5@group-440AB812C07F, cid=2133, SUCCESS, logIndex=3118, commits[1b229672-9fc1-42d6-9200-214eb0163fc5:c3118, 4cc0758a-96f5-4ab9-816d-81d822da247a:c3113, 8693c47f-40a3-4a1c-b7ba-6ed996b9183c:c3114]
2019-07-08 22:29:52,409 INFO  client.GrpcClientProtocolClient (GrpcClientProtocolClient.java:onNext(255)) - client-7538DDC4E776->1b229672-9fc1-42d6-9200-214eb0163fc5: receive RaftClientReply:client-7538DDC4E776->1b229672-9fc1-42d6-9200-214eb0163fc5@group-440AB812C07F, cid=2134, SUCCESS, logIndex=0, commits[1b229672-9fc1-42d6-9200-214eb0163fc5:c3118, 4cc0758a-96f5-4ab9-816d-81d822da247a:c3114, 8693c47f-40a3-4a1c-b7ba-6ed996b9183c:c3114]
2019-07-08 22:29:52,423 INFO  client.GrpcClientProtocolClient (GrpcClientProtocolClient.java:onNext(255)) - client-7538DDC4E776->1b229672-9fc1-42d6-9200-214eb0163fc5: receive RaftClientReply:client-7538DDC4E776->1b229672-9fc1-42d6-9200-214eb0163fc5@group-440AB812C07F, cid=2135, SUCCESS, logIndex=0, commits[1b229672-9fc1-42d6-9200-214eb0163fc5:c3119, 4cc0758a-96f5-4ab9-816d-81d822da247a:c3118, 8693c47f-40a3-4a1c-b7ba-6ed996b9183c:c3118]
2019-07-08 22:29:52,457 INFO  client.GrpcClientProtocolClient (GrpcClientProtocolClient.java:onNext(255)) - client-7538DDC4E776->1b229672-9fc1-42d6-9200-214eb0163fc5: receive RaftClientReply:client-7538DDC4E776->1b229672-9fc1-42d6-9200-214eb0163fc5@group-440AB812C07F, cid=2136, SUCCESS, logIndex=3121, commits[1b229672-9fc1-42d6-9200-214eb0163fc5:c3122, 4cc0758a-96f5-4ab9-816d-81d822da247a:c3120, 8693c47f-40a3-4a1c-b7ba-6ed996b9183c:c3120]
2019-07-08 22:29:52,458 INFO  client.GrpcClientProtocolClient (GrpcClientProtocolClient.java:onNext(255)) - client-7538DDC4E776->1b229672-9fc1-42d6-9200-214eb0163fc5: receive RaftClientReply:client-7538DDC4E776->1b229672-9fc1-42d6-9200-214eb0163fc5@group-440AB812C07F, cid=2137, SUCCESS, logIndex=3122, commits[1b229672-9fc1-42d6-9200-214eb0163fc5:c3122, 4cc0758a-96f5-4ab9-816d-81d822da247a:c3120, 8693c47f-40a3-4a1c-b7ba-6ed996b9183c:c3120]
2019-07-08 22:29:52,467 INFO  client.GrpcClientProtocolClient (GrpcClientProtocolClient.java:onNext(255)) - client-7538DDC4E776->1b229672-9fc1-42d6-9200-214eb0163fc5: receive RaftClientReply:client-7538DDC4E776->1b229672-9fc1-42d6-9200-214eb0163fc5@group-440AB812C07F, cid=2138, SUCCESS, logIndex=3123, commits[1b229672-9fc1-42d6-9200-214eb0163fc5:c3124, 4cc0758a-96f5-4ab9-816d-81d822da247a:c3120, 8693c47f-40a3-4a1c-b7ba-6ed996b9183c:c3120]
2019-07-08 22:29:52,467 INFO  client.GrpcClientProtocolClient (GrpcClientProtocolClient.java:onNext(255)) - client-7538DDC4E776->1b229672-9fc1-42d6-9200-214eb0163fc5: receive RaftClientReply:client-7538DDC4E776->1b229672-9fc1-42d6-9200-214eb0163fc5@group-440AB812C07F, cid=2139, SUCCESS, logIndex=3124, commits[1b229672-9fc1-42d6-9200-214eb0163fc5:c3124, 4cc0758a-96f5-4ab9-816d-81d822da247a:c3120, 8693c47f-40a3-4a1c-b7ba-6ed996b9183c:c3120]
2019-07-08 22:29:52,482 INFO  client.GrpcClientProtocolClient (GrpcClientProtocolClient.java:onNext(255)) - client-7538DDC4E776->1b229672-9fc1-42d6-9200-214eb0163fc5: receive RaftClientReply:client-7538DDC4E776->1b229672-9fc1-42d6-9200-214eb0163fc5@group-440AB812C07F, cid=2140, SUCCESS, logIndex=0, commits[1b229672-9fc1-42d6-9200-214eb0163fc5:c3126, 4cc0758a-96f5-4ab9-816d-81d822da247a:c3122, 8693c47f-40a3-4a1c-b7ba-6ed996b9183c:c3122]
2019-07-08 22:29:52,498 INFO  client.GrpcClientProtocolClient (GrpcClientProtocolClient.java:onNext(255)) - client-7538DDC4E776->1b229672-9fc1-42d6-9200-214eb0163fc5: receive RaftClientReply:client-7538DDC4E776->1b229672-9fc1-42d6-9200-214eb0163fc5@group-440AB812C07F, cid=2141, SUCCESS, logIndex=3128, commits[1b229672-9fc1-42d6-9200-214eb0163fc5:c3129, 4cc0758a-96f5-4ab9-816d-81d822da247a:c3126, 8693c47f-40a3-4a1c-b7ba-6ed996b9183c:c3124]
2019-07-08 22:29:52,498 INFO  client.GrpcClientProtocolClient (GrpcClientProtocolClient.java:onNext(255)) - client-7538DDC4E776->1b229672-9fc1-42d6-9200-214eb0163fc5: receive RaftClientReply:client-7538DDC4E776->1b229672-9fc1-42d6-9200-214eb0163fc5@group-440AB812C07F, cid=2142, SUCCESS, logIndex=3129, commits[1b229672-9fc1-42d6-9200-214eb0163fc5:c3129, 4cc0758a-96f5-4ab9-816d-81d822da247a:c3126, 8693c47f-40a3-4a1c-b7ba-6ed996b9183c:c3126]
2019-07-08 22:29:52,528 INFO  client.GrpcClientProtocolClient (GrpcClientProtocolClient.java:onNext(255)) - client-7538DDC4E776->1b229672-9fc1-42d6-9200-214eb0163fc5: receive RaftClientReply:client-7538DDC4E776->1b229672-9fc1-42d6-9200-214eb0163fc5@group-440AB812C07F, cid=2143, SUCCESS, logIndex=3132, commits[1b229672-9fc1-42d6-9200-214eb0163fc5:c3133, 4cc0758a-96f5-4ab9-816d-81d822da247a:c3131, 8693c47f-40a3-4a1c-b7ba-6ed996b9183c:c3131]
2019-07-08 22:29:52,528 INFO  client.GrpcClientProtocolClient (GrpcClientProtocolClient.java:onNext(255)) - client-7538DDC4E776->1b229672-9fc1-42d6-9200-214eb0163fc5: receive RaftClientReply:client-7538DDC4E776->1b229672-9fc1-42d6-9200-214eb0163fc5@group-440AB812C07F, cid=2144, SUCCESS, logIndex=3133, commits[1b229672-9fc1-42d6-9200-214eb0163fc5:c3133, 4cc0758a-96f5-4ab9-816d-81d822da247a:c3131, 8693c47f-40a3-4a1c-b7ba-6ed996b9183c:c3131]
2019-07-08 22:29:52,545 INFO  client.GrpcClientProtocolClient (GrpcClientProtocolClient.java:onNext(255)) - client-7538DDC4E776->1b229672-9fc1-42d6-9200-214eb0163fc5: receive RaftClientReply:client-7538DDC4E776->1b229672-9fc1-42d6-9200-214eb0163fc5@group-440AB812C07F, cid=2145, SUCCESS, logIndex=0, commits[1b229672-9fc1-42d6-9200-214eb0163fc5:c3135, 4cc0758a-96f5-4ab9-816d-81d822da247a:c3133, 8693c47f-40a3-4a1c-b7ba-6ed996b9183c:c3133]
2019-07-08 22:29:52,580 INFO  client.GrpcClientProtocolClient (GrpcClientProtocolClient.java:onNext(255)) - client-7538DDC4E776->1b229672-9fc1-42d6-9200-214eb0163fc5: receive RaftClientReply:client-7538DDC4E776->1b229672-9fc1-42d6-9200-214eb0163fc5@group-440AB812C07F, cid=2146, SUCCESS, logIndex=3136, commits[1b229672-9fc1-42d6-9200-214eb0163fc5:c3138, 4cc0758a-96f5-4ab9-816d-81d822da247a:c3135, 8693c47f-40a3-4a1c-b7ba-6ed996b9183c:c3135]
2019-07-08 22:29:52,580 INFO  client.GrpcClientProtocolClient (GrpcClientProtocolClient.java:onNext(255)) - client-7538DDC4E776->1b229672-9fc1-42d6-9200-214eb0163fc5: receive RaftClientReply:client-7538DDC4E776->1b229672-9fc1-42d6-9200-214eb0163fc5@group-440AB812C07F, cid=2147, SUCCESS, logIndex=3137, commits[1b229672-9fc1-42d6-9200-214eb0163fc5:c3139, 4cc0758a-96f5-4ab9-816d-81d822da247a:c3135, 8693c47f-40a3-4a1c-b7ba-6ed996b9183c:c3135]
2019-07-08 22:29:52,580 INFO  client.GrpcClientProtocolClient (GrpcClientProtocolClient.java:onNext(255)) - client-7538DDC4E776->1b229672-9fc1-42d6-9200-214eb0163fc5: receive RaftClientReply:client-7538DDC4E776->1b229672-9fc1-42d6-9200-214eb0163fc5@group-440AB812C07F, cid=2148, SUCCESS, logIndex=3138, commits[1b229672-9fc1-42d6-9200-214eb0163fc5:c3139, 4cc0758a-96f5-4ab9-816d-81d822da247a:c3135, 8693c47f-40a3-4a1c-b7ba-6ed996b9183c:c3135]
2019-07-08 22:29:52,581 INFO  client.GrpcClientProtocolClient (GrpcClientProtocolClient.java:onNext(255)) - client-7538DDC4E776->1b229672-9fc1-42d6-9200-214eb0163fc5: receive RaftClientReply:client-7538DDC4E776->1b229672-9fc1-42d6-9200-214eb0163fc5@group-440AB812C07F, cid=2149, SUCCESS, logIndex=3139, commits[1b229672-9fc1-42d6-9200-214eb0163fc5:c3139, 4cc0758a-96f5-4ab9-816d-81d822da247a:c3135, 8693c47f-40a3-4a1c-b7ba-6ed996b9183c:c3135]
2019-07-08 22:29:52,594 INFO  client.GrpcClientProtocolClient (GrpcClientProtocolClient.java:onNext(255)) - client-7538DDC4E776->1b229672-9fc1-42d6-9200-214eb0163fc5: receive RaftClientReply:client-7538DDC4E776->1b229672-9fc1-42d6-9200-214eb0163fc5@group-440AB812C07F, cid=2150, SUCCESS, logIndex=0, commits[1b229672-9fc1-42d6-9200-214eb0163fc5:c3143, 4cc0758a-96f5-4ab9-816d-81d822da247a:c3139, 8693c47f-40a3-4a1c-b7ba-6ed996b9183c:c3138]
2019-07-08 22:29:52,616 INFO  client.GrpcClientProtocolClient (GrpcClientProtocolClient.java:onNext(255)) - client-7538DDC4E776->1b229672-9fc1-42d6-9200-214eb0163fc5: receive RaftClientReply:client-7538DDC4E776->1b229672-9fc1-42d6-9200-214eb0163fc5@group-440AB812C07F, cid=2151, SUCCESS, logIndex=3144, commits[1b229672-9fc1-42d6-9200-214eb0163fc5:c3145, 4cc0758a-96f5-4ab9-816d-81d822da247a:c3143, 8693c47f-40a3-4a1c-b7ba-6ed996b9183c:c3143]
2019-07-08 22:29:52,617 INFO  client.GrpcClientProtocolClient (GrpcClientProtocolClient.java:onNext(255)) - client-7538DDC4E776->1b229672-9fc1-42d6-9200-214eb0163fc5: receive RaftClientReply:client-7538DDC4E776->1b229672-9fc1-42d6-9200-214eb0163fc5@group-440AB812C07F, cid=2152, SUCCESS, logIndex=3145, commits[1b229672-9fc1-42d6-9200-214eb0163fc5:c3145, 4cc0758a-96f5-4ab9-816d-81d822da247a:c3143, 8693c47f-40a3-4a1c-b7ba-6ed996b9183c:c3143]
2019-07-08 22:29:52,642 INFO  client.GrpcClientProtocolClient (GrpcClientProtocolClient.java:onNext(255)) - client-7538DDC4E776->1b229672-9fc1-42d6-9200-214eb0163fc5: receive RaftClientReply:client-7538DDC4E776->1b229672-9fc1-42d6-9200-214eb0163fc5@group-440AB812C07F, cid=2153, SUCCESS, logIndex=3148, commits[1b229672-9fc1-42d6-9200-214eb0163fc5:c3149, 4cc0758a-96f5-4ab9-816d-81d822da247a:c3145, 8693c47f-40a3-4a1c-b7ba-6ed996b9183c:c3144]
2019-07-08 22:29:52,643 INFO  client.GrpcClientProtocolClient (GrpcClientProtocolClient.java:onNext(255)) - client-7538DDC4E776->1b229672-9fc1-42d6-9200-214eb0163fc5: receive RaftClientReply:client-7538DDC4E776->1b229672-9fc1-42d6-9200-214eb0163fc5@group-440AB812C07F, cid=2154, SUCCESS, logIndex=3149, commits[1b229672-9fc1-42d6-9200-214eb0163fc5:c3149, 4cc0758a-96f5-4ab9-816d-81d822da247a:c3145, 8693c47f-40a3-4a1c-b7ba-6ed996b9183c:c3145]
2019-07-08 22:29:52,657 INFO  client.GrpcClientProtocolClient (GrpcClientProtocolClient.java:onNext(255)) - client-7538DDC4E776->1b229672-9fc1-42d6-9200-214eb0163fc5: receive RaftClientReply:client-7538DDC4E776->1b229672-9fc1-42d6-9200-214eb0163fc5@group-440AB812C07F, cid=2155, SUCCESS, logIndex=0, commits[1b229672-9fc1-42d6-9200-214eb0163fc5:c3150, 4cc0758a-96f5-4ab9-816d-81d822da247a:c3149, 8693c47f-40a3-4a1c-b7ba-6ed996b9183c:c3149]
2019-07-08 22:29:52,688 INFO  client.GrpcClientProtocolClient (GrpcClientProtocolClient.java:onNext(255)) - client-7538DDC4E776->1b229672-9fc1-42d6-9200-214eb0163fc5: receive RaftClientReply:client-7538DDC4E776->1b229672-9fc1-42d6-9200-214eb0163fc5@group-440AB812C07F, cid=2156, SUCCESS, logIndex=3152, commits[1b229672-9fc1-42d6-9200-214eb0163fc5:c3154, 4cc0758a-96f5-4ab9-816d-81d822da247a:c3151, 8693c47f-40a3-4a1c-b7ba-6ed996b9183c:c3151]
2019-07-08 22:29:52,689 INFO  client.GrpcClientProtocolClient (GrpcClientProtocolClient.java:onNext(255)) - client-7538DDC4E776->1b229672-9fc1-42d6-9200-214eb0163fc5: receive RaftClientReply:client-7538DDC4E776->1b229672-9fc1-42d6-9200-214eb0163fc5@group-440AB812C07F, cid=2157, SUCCESS, logIndex=3153, commits[1b229672-9fc1-42d6-9200-214eb0163fc5:c3155, 4cc0758a-96f5-4ab9-816d-81d822da247a:c3151, 8693c47f-40a3-4a1c-b7ba-6ed996b9183c:c3151]
2019-07-08 22:29:52,689 INFO  client.GrpcClientProtocolClient (GrpcClientProtocolClient.java:onNext(255)) - client-7538DDC4E776->1b229672-9fc1-42d6-9200-214eb0163fc5: receive RaftClientReply:client-7538DDC4E776->1b229672-9fc1-42d6-9200-214eb0163fc5@group-440AB812C07F, cid=2158, SUCCESS, logIndex=3154, commits[1b229672-9fc1-42d6-9200-214eb0163fc5:c3155, 4cc0758a-96f5-4ab9-816d-81d822da247a:c3151, 8693c47f-40a3-4a1c-b7ba-6ed996b9183c:c3151]
2019-07-08 22:29:52,690 INFO  client.GrpcClientProtocolClient (GrpcClientProtocolClient.java:onNext(255)) - client-7538DDC4E776->1b229672-9fc1-42d6-9200-214eb0163fc5: receive RaftClientReply:client-7538DDC4E776->1b229672-9fc1-42d6-9200-214eb0163fc5@group-440AB812C07F, cid=2159, SUCCESS, logIndex=3155, commits[1b229672-9fc1-42d6-9200-214eb0163fc5:c3155, 4cc0758a-96f5-4ab9-816d-81d822da247a:c3151, 8693c47f-40a3-4a1c-b7ba-6ed996b9183c:c3151]
2019-07-08 22:29:52,693 INFO  client.GrpcClientProtocolClient (GrpcClientProtocolClient.java:onNext(255)) - client-7538DDC4E776->1b229672-9fc1-42d6-9200-214eb0163fc5: receive RaftClientReply:client-7538DDC4E776->1b229672-9fc1-42d6-9200-214eb0163fc5@group-440AB812C07F, cid=2160, SUCCESS, logIndex=0, commits[1b229672-9fc1-42d6-9200-214eb0163fc5:c3157, 4cc0758a-96f5-4ab9-816d-81d822da247a:c3153, 8693c47f-40a3-4a1c-b7ba-6ed996b9183c:c3153]
2019-07-08 22:29:52,715 INFO  client.GrpcClientProtocolClient (GrpcClientProtocolClient.java:onNext(255)) - client-7538DDC4E776->1b229672-9fc1-42d6-9200-214eb0163fc5: receive RaftClientReply:client-7538DDC4E776->1b229672-9fc1-42d6-9200-214eb0163fc5@group-440AB812C07F, cid=2161, SUCCESS, logIndex=3160, commits[1b229672-9fc1-42d6-9200-214eb0163fc5:c3161, 4cc0758a-96f5-4ab9-816d-81d822da247a:c3159, 8693c47f-40a3-4a1c-b7ba-6ed996b9183c:c3159]
2019-07-08 22:29:52,716 INFO  client.GrpcClientProtocolClient (GrpcClientProtocolClient.java:onNext(255)) - client-7538DDC4E776->1b229672-9fc1-42d6-9200-214eb0163fc5: receive RaftClientReply:client-7538DDC4E776->1b229672-9fc1-42d6-9200-214eb0163fc5@group-440AB812C07F, cid=2162, SUCCESS, logIndex=3161, commits[1b229672-9fc1-42d6-9200-214eb0163fc5:c3161, 4cc0758a-96f5-4ab9-816d-81d822da247a:c3159, 8693c47f-40a3-4a1c-b7ba-6ed996b9183c:c3159]
2019-07-08 22:29:52,731 INFO  client.GrpcClientProtocolClient (GrpcClientProtocolClient.java:onNext(255)) - client-7538DDC4E776->1b229672-9fc1-42d6-9200-214eb0163fc5: receive RaftClientReply:client-7538DDC4E776->1b229672-9fc1-42d6-9200-214eb0163fc5@group-440AB812C07F, cid=2163, SUCCESS, logIndex=3164, commits[1b229672-9fc1-42d6-9200-214eb0163fc5:c3164, 4cc0758a-96f5-4ab9-816d-81d822da247a:c3161, 8693c47f-40a3-4a1c-b7ba-6ed996b9183c:c3161]
2019-07-08 22:29:52,731 INFO  client.GrpcClientProtocolClient (GrpcClientProtocolClient.java:onNext(255)) - client-7538DDC4E776->1b229672-9fc1-42d6-9200-214eb0163fc5: receive RaftClientReply:client-7538DDC4E776->1b229672-9fc1-42d6-9200-214eb0163fc5@group-440AB812C07F, cid=2164, SUCCESS, logIndex=3165, commits[1b229672-9fc1-42d6-9200-214eb0163fc5:c3165, 4cc0758a-96f5-4ab9-816d-81d822da247a:c3161, 8693c47f-40a3-4a1c-b7ba-6ed996b9183c:c3161]
2019-07-08 22:29:52,747 INFO  client.GrpcClientProtocolClient (GrpcClientProtocolClient.java:onNext(255)) - client-7538DDC4E776->1b229672-9fc1-42d6-9200-214eb0163fc5: receive RaftClientReply:client-7538DDC4E776->1b229672-9fc1-42d6-9200-214eb0163fc5@group-440AB812C07F, cid=2165, SUCCESS, logIndex=0, commits[1b229672-9fc1-42d6-9200-214eb0163fc5:c3167, 4cc0758a-96f5-4ab9-816d-81d822da247a:c3165, 8693c47f-40a3-4a1c-b7ba-6ed996b9183c:c3165]
2019-07-08 22:29:52,774 INFO  client.GrpcClientProtocolClient (GrpcClientProtocolClient.java:onNext(255)) - client-7538DDC4E776->1b229672-9fc1-42d6-9200-214eb0163fc5: receive RaftClientReply:client-7538DDC4E776->1b229672-9fc1-42d6-9200-214eb0163fc5@group-440AB812C07F, cid=2166, SUCCESS, logIndex=3168, commits[1b229672-9fc1-42d6-9200-214eb0163fc5:c3171, 4cc0758a-96f5-4ab9-816d-81d822da247a:c3167, 8693c47f-40a3-4a1c-b7ba-6ed996b9183c:c3167]
2019-07-08 22:29:52,774 INFO  client.GrpcClientProtocolClient (GrpcClientProtocolClient.java:onNext(255)) - client-7538DDC4E776->1b229672-9fc1-42d6-9200-214eb0163fc5: receive RaftClientReply:client-7538DDC4E776->1b229672-9fc1-42d6-9200-214eb0163fc5@group-440AB812C07F, cid=2167, SUCCESS, logIndex=3169, commits[1b229672-9fc1-42d6-9200-214eb0163fc5:c3171, 4cc0758a-96f5-4ab9-816d-81d822da247a:c3167, 8693c47f-40a3-4a1c-b7ba-6ed996b9183c:c3167]
2019-07-08 22:29:52,775 INFO  client.GrpcClientProtocolClient (GrpcClientProtocolClient.java:onNext(255)) - client-7538DDC4E776->1b229672-9fc1-42d6-9200-214eb0163fc5: receive RaftClientReply:client-7538DDC4E776->1b229672-9fc1-42d6-9200-214eb0163fc5@group-440AB812C07F, cid=2168, SUCCESS, logIndex=3170, commits[1b229672-9fc1-42d6-9200-214eb0163fc5:c3171, 4cc0758a-96f5-4ab9-816d-81d822da247a:c3167, 8693c47f-40a3-4a1c-b7ba-6ed996b9183c:c3167]
2019-07-08 22:29:52,775 INFO  client.GrpcClientProtocolClient (GrpcClientProtocolClient.java:onNext(255)) - client-7538DDC4E776->1b229672-9fc1-42d6-9200-214eb0163fc5: receive RaftClientReply:client-7538DDC4E776->1b229672-9fc1-42d6-9200-214eb0163fc5@group-440AB812C07F, cid=2169, SUCCESS, logIndex=3171, commits[1b229672-9fc1-42d6-9200-214eb0163fc5:c3171, 4cc0758a-96f5-4ab9-816d-81d822da247a:c3167, 8693c47f-40a3-4a1c-b7ba-6ed996b9183c:c3167]
2019-07-08 22:29:52,777 INFO  client.GrpcClientProtocolClient (GrpcClientProtocolClient.java:onNext(255)) - client-7538DDC4E776->1b229672-9fc1-42d6-9200-214eb0163fc5: receive RaftClientReply:client-7538DDC4E776->1b229672-9fc1-42d6-9200-214eb0163fc5@group-440AB812C07F, cid=2170, SUCCESS, logIndex=0, commits[1b229672-9fc1-42d6-9200-214eb0163fc5:c3173, 4cc0758a-96f5-4ab9-816d-81d822da247a:c3171, 8693c47f-40a3-4a1c-b7ba-6ed996b9183c:c3171]
 0.00% |█                                                                                                    |  0/1 Time: 0:00:192019-07-08 22:29:52,806 INFO  client.GrpcClientProtocolClient (GrpcClientProtocolClient.java:onNext(255)) - client-7538DDC4E776->1b229672-9fc1-42d6-9200-214eb0163fc5: receive RaftClientReply:client-7538DDC4E776->1b229672-9fc1-42d6-9200-214eb0163fc5@group-440AB812C07F, cid=2171, SUCCESS, logIndex=3174, commits[1b229672-9fc1-42d6-9200-214eb0163fc5:c3175, 4cc0758a-96f5-4ab9-816d-81d822da247a:c3171, 8693c47f-40a3-4a1c-b7ba-6ed996b9183c:c3173]
2019-07-08 22:29:52,806 INFO  client.GrpcClientProtocolClient (GrpcClientProtocolClient.java:onNext(255)) - client-7538DDC4E776->1b229672-9fc1-42d6-9200-214eb0163fc5: receive RaftClientReply:client-7538DDC4E776->1b229672-9fc1-42d6-9200-214eb0163fc5@group-440AB812C07F, cid=2172, SUCCESS, logIndex=3175, commits[1b229672-9fc1-42d6-9200-214eb0163fc5:c3175, 4cc0758a-96f5-4ab9-816d-81d822da247a:c3173, 8693c47f-40a3-4a1c-b7ba-6ed996b9183c:c3173]
2019-07-08 22:29:52,820 INFO  client.GrpcClientProtocolClient (GrpcClientProtocolClient.java:onNext(255)) - client-7538DDC4E776->1b229672-9fc1-42d6-9200-214eb0163fc5: receive RaftClientReply:client-7538DDC4E776->1b229672-9fc1-42d6-9200-214eb0163fc5@group-440AB812C07F, cid=2173, SUCCESS, logIndex=3177, commits[1b229672-9fc1-42d6-9200-214eb0163fc5:c3178, 4cc0758a-96f5-4ab9-816d-81d822da247a:c3175, 8693c47f-40a3-4a1c-b7ba-6ed996b9183c:c3175]
2019-07-08 22:29:52,821 INFO  client.GrpcClientProtocolClient (GrpcClientProtocolClient.java:onNext(255)) - client-7538DDC4E776->1b229672-9fc1-42d6-9200-214eb0163fc5: receive RaftClientReply:client-7538DDC4E776->1b229672-9fc1-42d6-9200-214eb0163fc5@group-440AB812C07F, cid=2174, SUCCESS, logIndex=3178, commits[1b229672-9fc1-42d6-9200-214eb0163fc5:c3178, 4cc0758a-96f5-4ab9-816d-81d822da247a:c3175, 8693c47f-40a3-4a1c-b7ba-6ed996b9183c:c3175]
2019-07-08 22:29:52,834 INFO  client.GrpcClientProtocolClient (GrpcClientProtocolClient.java:onNext(255)) - client-7538DDC4E776->1b229672-9fc1-42d6-9200-214eb0163fc5: receive RaftClientReply:client-7538DDC4E776->1b229672-9fc1-42d6-9200-214eb0163fc5@group-440AB812C07F, cid=2175, SUCCESS, logIndex=0, commits[1b229672-9fc1-42d6-9200-214eb0163fc5:c3180, 4cc0758a-96f5-4ab9-816d-81d822da247a:c3178, 8693c47f-40a3-4a1c-b7ba-6ed996b9183c:c3178]
2019-07-08 22:29:52,866 INFO  client.GrpcClientProtocolClient (GrpcClientProtocolClient.java:onNext(255)) - client-7538DDC4E776->1b229672-9fc1-42d6-9200-214eb0163fc5: receive RaftClientReply:client-7538DDC4E776->1b229672-9fc1-42d6-9200-214eb0163fc5@group-440AB812C07F, cid=2176, SUCCESS, logIndex=3181, commits[1b229672-9fc1-42d6-9200-214eb0163fc5:c3182, 4cc0758a-96f5-4ab9-816d-81d822da247a:c3180, 8693c47f-40a3-4a1c-b7ba-6ed996b9183c:c3180]
2019-07-08 22:29:52,867 INFO  client.GrpcClientProtocolClient (GrpcClientProtocolClient.java:onNext(255)) - client-7538DDC4E776->1b229672-9fc1-42d6-9200-214eb0163fc5: receive RaftClientReply:client-7538DDC4E776->1b229672-9fc1-42d6-9200-214eb0163fc5@group-440AB812C07F, cid=2177, SUCCESS, logIndex=3182, commits[1b229672-9fc1-42d6-9200-214eb0163fc5:c3183, 4cc0758a-96f5-4ab9-816d-81d822da247a:c3180, 8693c47f-40a3-4a1c-b7ba-6ed996b9183c:c3180]
2019-07-08 22:29:52,867 INFO  client.GrpcClientProtocolClient (GrpcClientProtocolClient.java:onNext(255)) - client-7538DDC4E776->1b229672-9fc1-42d6-9200-214eb0163fc5: receive RaftClientReply:client-7538DDC4E776->1b229672-9fc1-42d6-9200-214eb0163fc5@group-440AB812C07F, cid=2178, SUCCESS, logIndex=3183, commits[1b229672-9fc1-42d6-9200-214eb0163fc5:c3184, 4cc0758a-96f5-4ab9-816d-81d822da247a:c3180, 8693c47f-40a3-4a1c-b7ba-6ed996b9183c:c3180]
2019-07-08 22:29:52,867 INFO  client.GrpcClientProtocolClient (GrpcClientProtocolClient.java:onNext(255)) - client-7538DDC4E776->1b229672-9fc1-42d6-9200-214eb0163fc5: receive RaftClientReply:client-7538DDC4E776->1b229672-9fc1-42d6-9200-214eb0163fc5@group-440AB812C07F, cid=2179, SUCCESS, logIndex=3184, commits[1b229672-9fc1-42d6-9200-214eb0163fc5:c3184, 4cc0758a-96f5-4ab9-816d-81d822da247a:c3180, 8693c47f-40a3-4a1c-b7ba-6ed996b9183c:c3180]
2019-07-08 22:29:52,878 INFO  client.GrpcClientProtocolClient (GrpcClientProtocolClient.java:onNext(255)) - client-7538DDC4E776->1b229672-9fc1-42d6-9200-214eb0163fc5: receive RaftClientReply:client-7538DDC4E776->1b229672-9fc1-42d6-9200-214eb0163fc5@group-440AB812C07F, cid=2180, SUCCESS, logIndex=0, commits[1b229672-9fc1-42d6-9200-214eb0163fc5:c3185, 4cc0758a-96f5-4ab9-816d-81d822da247a:c3182, 8693c47f-40a3-4a1c-b7ba-6ed996b9183c:c3182]
2019-07-08 22:29:52,902 INFO  client.GrpcClientProtocolClient (GrpcClientProtocolClient.java:onNext(255)) - client-7538DDC4E776->1b229672-9fc1-42d6-9200-214eb0163fc5: receive RaftClientReply:client-7538DDC4E776->1b229672-9fc1-42d6-9200-214eb0163fc5@group-440AB812C07F, cid=2181, SUCCESS, logIndex=3189, commits[1b229672-9fc1-42d6-9200-214eb0163fc5:c3189, 4cc0758a-96f5-4ab9-816d-81d822da247a:c3188, 8693c47f-40a3-4a1c-b7ba-6ed996b9183c:c3188]
2019-07-08 22:29:52,902 INFO  client.GrpcClientProtocolClient (GrpcClientProtocolClient.java:onNext(255)) - client-7538DDC4E776->1b229672-9fc1-42d6-9200-214eb0163fc5: receive RaftClientReply:client-7538DDC4E776->1b229672-9fc1-42d6-9200-214eb0163fc5@group-440AB812C07F, cid=2182, SUCCESS, logIndex=3190, commits[1b229672-9fc1-42d6-9200-214eb0163fc5:c3190, 4cc0758a-96f5-4ab9-816d-81d822da247a:c3188, 8693c47f-40a3-4a1c-b7ba-6ed996b9183c:c3188]
2019-07-08 22:29:52,928 INFO  client.GrpcClientProtocolClient (GrpcClientProtocolClient.java:onNext(255)) - client-7538DDC4E776->1b229672-9fc1-42d6-9200-214eb0163fc5: receive RaftClientReply:client-7538DDC4E776->1b229672-9fc1-42d6-9200-214eb0163fc5@group-440AB812C07F, cid=2183, SUCCESS, logIndex=3193, commits[1b229672-9fc1-42d6-9200-214eb0163fc5:c3194, 4cc0758a-96f5-4ab9-816d-81d822da247a:c3189, 8693c47f-40a3-4a1c-b7ba-6ed996b9183c:c3190]
2019-07-08 22:29:52,929 INFO  client.GrpcClientProtocolClient (GrpcClientProtocolClient.java:onNext(255)) - client-7538DDC4E776->1b229672-9fc1-42d6-9200-214eb0163fc5: receive RaftClientReply:client-7538DDC4E776->1b229672-9fc1-42d6-9200-214eb0163fc5@group-440AB812C07F, cid=2184, SUCCESS, logIndex=3194, commits[1b229672-9fc1-42d6-9200-214eb0163fc5:c3194, 4cc0758a-96f5-4ab9-816d-81d822da247a:c3190, 8693c47f-40a3-4a1c-b7ba-6ed996b9183c:c3190]
2019-07-08 22:29:52,943 INFO  client.GrpcClientProtocolClient (GrpcClientProtocolClient.java:onNext(255)) - client-7538DDC4E776->1b229672-9fc1-42d6-9200-214eb0163fc5: receive RaftClientReply:client-7538DDC4E776->1b229672-9fc1-42d6-9200-214eb0163fc5@group-440AB812C07F, cid=2185, SUCCESS, logIndex=0, commits[1b229672-9fc1-42d6-9200-214eb0163fc5:c3196, 4cc0758a-96f5-4ab9-816d-81d822da247a:c3194, 8693c47f-40a3-4a1c-b7ba-6ed996b9183c:c3194]
2019-07-08 22:29:52,976 INFO  client.GrpcClientProtocolClient (GrpcClientProtocolClient.java:onNext(255)) - client-7538DDC4E776->1b229672-9fc1-42d6-9200-214eb0163fc5: receive RaftClientReply:client-7538DDC4E776->1b229672-9fc1-42d6-9200-214eb0163fc5@group-440AB812C07F, cid=2186, SUCCESS, logIndex=3197, commits[1b229672-9fc1-42d6-9200-214eb0163fc5:c3198, 4cc0758a-96f5-4ab9-816d-81d822da247a:c3196, 8693c47f-40a3-4a1c-b7ba-6ed996b9183c:c3196]
2019-07-08 22:29:52,977 INFO  client.GrpcClientProtocolClient (GrpcClientProtocolClient.java:onNext(255)) - client-7538DDC4E776->1b229672-9fc1-42d6-9200-214eb0163fc5: receive RaftClientReply:client-7538DDC4E776->1b229672-9fc1-42d6-9200-214eb0163fc5@group-440AB812C07F, cid=2187, SUCCESS, logIndex=3198, commits[1b229672-9fc1-42d6-9200-214eb0163fc5:c3200, 4cc0758a-96f5-4ab9-816d-81d822da247a:c3196, 8693c47f-40a3-4a1c-b7ba-6ed996b9183c:c3196]
2019-07-08 22:29:52,977 INFO  client.GrpcClientProtocolClient (GrpcClientProtocolClient.java:onNext(255)) - client-7538DDC4E776->1b229672-9fc1-42d6-9200-214eb0163fc5: receive RaftClientReply:client-7538DDC4E776->1b229672-9fc1-42d6-9200-214eb0163fc5@group-440AB812C07F, cid=2188, SUCCESS, logIndex=3199, commits[1b229672-9fc1-42d6-9200-214eb0163fc5:c3200, 4cc0758a-96f5-4ab9-816d-81d822da247a:c3196, 8693c47f-40a3-4a1c-b7ba-6ed996b9183c:c3196]
2019-07-08 22:29:52,978 INFO  client.GrpcClientProtocolClient (GrpcClientProtocolClient.java:onNext(255)) - client-7538DDC4E776->1b229672-9fc1-42d6-9200-214eb0163fc5: receive RaftClientReply:client-7538DDC4E776->1b229672-9fc1-42d6-9200-214eb0163fc5@group-440AB812C07F, cid=2189, SUCCESS, logIndex=3200, commits[1b229672-9fc1-42d6-9200-214eb0163fc5:c3200, 4cc0758a-96f5-4ab9-816d-81d822da247a:c3196, 8693c47f-40a3-4a1c-b7ba-6ed996b9183c:c3196]
2019-07-08 22:29:52,990 INFO  client.GrpcClientProtocolClient (GrpcClientProtocolClient.java:onNext(255)) - client-7538DDC4E776->1b229672-9fc1-42d6-9200-214eb0163fc5: receive RaftClientReply:client-7538DDC4E776->1b229672-9fc1-42d6-9200-214eb0163fc5@group-440AB812C07F, cid=2190, SUCCESS, logIndex=0, commits[1b229672-9fc1-42d6-9200-214eb0163fc5:c3204, 4cc0758a-96f5-4ab9-816d-81d822da247a:c3200, 8693c47f-40a3-4a1c-b7ba-6ed996b9183c:c3198]
2019-07-08 22:29:53,005 INFO  client.GrpcClientProtocolClient (GrpcClientProtocolClient.java:onNext(255)) - client-7538DDC4E776->1b229672-9fc1-42d6-9200-214eb0163fc5: receive RaftClientReply:client-7538DDC4E776->1b229672-9fc1-42d6-9200-214eb0163fc5@group-440AB812C07F, cid=2191, SUCCESS, logIndex=3205, commits[1b229672-9fc1-42d6-9200-214eb0163fc5:c3206, 4cc0758a-96f5-4ab9-816d-81d822da247a:c3200, 8693c47f-40a3-4a1c-b7ba-6ed996b9183c:c3204]
2019-07-08 22:29:53,006 INFO  client.GrpcClientProtocolClient (GrpcClientProtocolClient.java:onNext(255)) - client-7538DDC4E776->1b229672-9fc1-42d6-9200-214eb0163fc5: receive RaftClientReply:client-7538DDC4E776->1b229672-9fc1-42d6-9200-214eb0163fc5@group-440AB812C07F, cid=2192, SUCCESS, logIndex=3206, commits[1b229672-9fc1-42d6-9200-214eb0163fc5:c3206, 4cc0758a-96f5-4ab9-816d-81d822da247a:c3204, 8693c47f-40a3-4a1c-b7ba-6ed996b9183c:c3204]
2019-07-08 22:29:53,020 INFO  client.GrpcClientProtocolClient (GrpcClientProtocolClient.java:onNext(255)) - client-7538DDC4E776->1b229672-9fc1-42d6-9200-214eb0163fc5: receive RaftClientReply:client-7538DDC4E776->1b229672-9fc1-42d6-9200-214eb0163fc5@group-440AB812C07F, cid=2193, SUCCESS, logIndex=3209, commits[1b229672-9fc1-42d6-9200-214eb0163fc5:c3210, 4cc0758a-96f5-4ab9-816d-81d822da247a:c3208, 8693c47f-40a3-4a1c-b7ba-6ed996b9183c:c3208]
2019-07-08 22:29:53,020 INFO  client.GrpcClientProtocolClient (GrpcClientProtocolClient.java:onNext(255)) - client-7538DDC4E776->1b229672-9fc1-42d6-9200-214eb0163fc5: receive RaftClientReply:client-7538DDC4E776->1b229672-9fc1-42d6-9200-214eb0163fc5@group-440AB812C07F, cid=2194, SUCCESS, logIndex=3210, commits[1b229672-9fc1-42d6-9200-214eb0163fc5:c3210, 4cc0758a-96f5-4ab9-816d-81d822da247a:c3208, 8693c47f-40a3-4a1c-b7ba-6ed996b9183c:c3208]
2019-07-08 22:29:53,022 INFO  client.GrpcClientProtocolClient (GrpcClientProtocolClient.java:onNext(255)) - client-7538DDC4E776->1b229672-9fc1-42d6-9200-214eb0163fc5: receive RaftClientReply:client-7538DDC4E776->1b229672-9fc1-42d6-9200-214eb0163fc5@group-440AB812C07F, cid=2195, SUCCESS, logIndex=0, commits[1b229672-9fc1-42d6-9200-214eb0163fc5:c3211, 4cc0758a-96f5-4ab9-816d-81d822da247a:c3210, 8693c47f-40a3-4a1c-b7ba-6ed996b9183c:c3210]
2019-07-08 22:29:53,047 INFO  client.GrpcClientProtocolClient (GrpcClientProtocolClient.java:onNext(255)) - client-7538DDC4E776->1b229672-9fc1-42d6-9200-214eb0163fc5: receive RaftClientReply:client-7538DDC4E776->1b229672-9fc1-42d6-9200-214eb0163fc5@group-440AB812C07F, cid=2196, SUCCESS, logIndex=3213, commits[1b229672-9fc1-42d6-9200-214eb0163fc5:c3215, 4cc0758a-96f5-4ab9-816d-81d822da247a:c3212, 8693c47f-40a3-4a1c-b7ba-6ed996b9183c:c3212]
2019-07-08 22:29:53,048 INFO  client.GrpcClientProtocolClient (GrpcClientProtocolClient.java:onNext(255)) - client-7538DDC4E776->1b229672-9fc1-42d6-9200-214eb0163fc5: receive RaftClientReply:client-7538DDC4E776->1b229672-9fc1-42d6-9200-214eb0163fc5@group-440AB812C07F, cid=2197, SUCCESS, logIndex=3214, commits[1b229672-9fc1-42d6-9200-214eb0163fc5:c3216, 4cc0758a-96f5-4ab9-816d-81d822da247a:c3212, 8693c47f-40a3-4a1c-b7ba-6ed996b9183c:c3212]
2019-07-08 22:29:53,048 INFO  client.GrpcClientProtocolClient (GrpcClientProtocolClient.java:onNext(255)) - client-7538DDC4E776->1b229672-9fc1-42d6-9200-214eb0163fc5: receive RaftClientReply:client-7538DDC4E776->1b229672-9fc1-42d6-9200-214eb0163fc5@group-440AB812C07F, cid=2198, SUCCESS, logIndex=3215, commits[1b229672-9fc1-42d6-9200-214eb0163fc5:c3216, 4cc0758a-96f5-4ab9-816d-81d822da247a:c3212, 8693c47f-40a3-4a1c-b7ba-6ed996b9183c:c3212]
2019-07-08 22:29:53,048 INFO  client.GrpcClientProtocolClient (GrpcClientProtocolClient.java:onNext(255)) - client-7538DDC4E776->1b229672-9fc1-42d6-9200-214eb0163fc5: receive RaftClientReply:client-7538DDC4E776->1b229672-9fc1-42d6-9200-214eb0163fc5@group-440AB812C07F, cid=2199, SUCCESS, logIndex=3216, commits[1b229672-9fc1-42d6-9200-214eb0163fc5:c3216, 4cc0758a-96f5-4ab9-816d-81d822da247a:c3212, 8693c47f-40a3-4a1c-b7ba-6ed996b9183c:c3212]
2019-07-08 22:29:53,059 INFO  client.GrpcClientProtocolClient (GrpcClientProtocolClient.java:onNext(255)) - client-7538DDC4E776->1b229672-9fc1-42d6-9200-214eb0163fc5: receive RaftClientReply:client-7538DDC4E776->1b229672-9fc1-42d6-9200-214eb0163fc5@group-440AB812C07F, cid=2200, SUCCESS, logIndex=0, commits[1b229672-9fc1-42d6-9200-214eb0163fc5:c3217, 4cc0758a-96f5-4ab9-816d-81d822da247a:c3214, 8693c47f-40a3-4a1c-b7ba-6ed996b9183c:c3215]
2019-07-08 22:29:53,080 INFO  client.GrpcClientProtocolClient (GrpcClientProtocolClient.java:onNext(255)) - client-7538DDC4E776->1b229672-9fc1-42d6-9200-214eb0163fc5: receive RaftClientReply:client-7538DDC4E776->1b229672-9fc1-42d6-9200-214eb0163fc5@group-440AB812C07F, cid=2201, SUCCESS, logIndex=3221, commits[1b229672-9fc1-42d6-9200-214eb0163fc5:c3222, 4cc0758a-96f5-4ab9-816d-81d822da247a:c3220, 8693c47f-40a3-4a1c-b7ba-6ed996b9183c:c3220]
2019-07-08 22:29:53,080 INFO  client.GrpcClientProtocolClient (GrpcClientProtocolClient.java:onNext(255)) - client-7538DDC4E776->1b229672-9fc1-42d6-9200-214eb0163fc5: receive RaftClientReply:client-7538DDC4E776->1b229672-9fc1-42d6-9200-214eb0163fc5@group-440AB812C07F, cid=2202, SUCCESS, logIndex=3222, commits[1b229672-9fc1-42d6-9200-214eb0163fc5:c3222, 4cc0758a-96f5-4ab9-816d-81d822da247a:c3220, 8693c47f-40a3-4a1c-b7ba-6ed996b9183c:c3220]
2019-07-08 22:29:53,095 INFO  client.GrpcClientProtocolClient (GrpcClientProtocolClient.java:onNext(255)) - client-7538DDC4E776->1b229672-9fc1-42d6-9200-214eb0163fc5: receive RaftClientReply:client-7538DDC4E776->1b229672-9fc1-42d6-9200-214eb0163fc5@group-440AB812C07F, cid=2203, SUCCESS, logIndex=3225, commits[1b229672-9fc1-42d6-9200-214eb0163fc5:c3226, 4cc0758a-96f5-4ab9-816d-81d822da247a:c3222, 8693c47f-40a3-4a1c-b7ba-6ed996b9183c:c3222]
2019-07-08 22:29:53,095 INFO  client.GrpcClientProtocolClient (GrpcClientProtocolClient.java:onNext(255)) - client-7538DDC4E776->1b229672-9fc1-42d6-9200-214eb0163fc5: receive RaftClientReply:client-7538DDC4E776->1b229672-9fc1-42d6-9200-214eb0163fc5@group-440AB812C07F, cid=2204, SUCCESS, logIndex=3226, commits[1b229672-9fc1-42d6-9200-214eb0163fc5:c3226, 4cc0758a-96f5-4ab9-816d-81d822da247a:c3222, 8693c47f-40a3-4a1c-b7ba-6ed996b9183c:c3222]
2019-07-08 22:29:53,108 INFO  client.GrpcClientProtocolClient (GrpcClientProtocolClient.java:onNext(255)) - client-7538DDC4E776->1b229672-9fc1-42d6-9200-214eb0163fc5: receive RaftClientReply:client-7538DDC4E776->1b229672-9fc1-42d6-9200-214eb0163fc5@group-440AB812C07F, cid=2205, SUCCESS, logIndex=0, commits[1b229672-9fc1-42d6-9200-214eb0163fc5:c3228, 4cc0758a-96f5-4ab9-816d-81d822da247a:c3226, 8693c47f-40a3-4a1c-b7ba-6ed996b9183c:c3226]
2019-07-08 22:29:53,237 INFO  client.GrpcClientProtocolClient (GrpcClientProtocolClient.java:onNext(255)) - client-7538DDC4E776->1b229672-9fc1-42d6-9200-214eb0163fc5: receive RaftClientReply:client-7538DDC4E776->1b229672-9fc1-42d6-9200-214eb0163fc5@group-440AB812C07F, cid=2206, SUCCESS, logIndex=3229, commits[1b229672-9fc1-42d6-9200-214eb0163fc5:c3231, 4cc0758a-96f5-4ab9-816d-81d822da247a:c3228, 8693c47f-40a3-4a1c-b7ba-6ed996b9183c:c3228]
2019-07-08 22:29:53,238 INFO  client.GrpcClientProtocolClient (GrpcClientProtocolClient.java:onNext(255)) - client-7538DDC4E776->1b229672-9fc1-42d6-9200-214eb0163fc5: receive RaftClientReply:client-7538DDC4E776->1b229672-9fc1-42d6-9200-214eb0163fc5@group-440AB812C07F, cid=2207, SUCCESS, logIndex=3230, commits[1b229672-9fc1-42d6-9200-214eb0163fc5:c3232, 4cc0758a-96f5-4ab9-816d-81d822da247a:c3228, 8693c47f-40a3-4a1c-b7ba-6ed996b9183c:c3228]
2019-07-08 22:29:53,238 INFO  client.GrpcClientProtocolClient (GrpcClientProtocolClient.java:onNext(255)) - client-7538DDC4E776->1b229672-9fc1-42d6-9200-214eb0163fc5: receive RaftClientReply:client-7538DDC4E776->1b229672-9fc1-42d6-9200-214eb0163fc5@group-440AB812C07F, cid=2208, SUCCESS, logIndex=3231, commits[1b229672-9fc1-42d6-9200-214eb0163fc5:c3233, 4cc0758a-96f5-4ab9-816d-81d822da247a:c3229, 8693c47f-40a3-4a1c-b7ba-6ed996b9183c:c3228]
2019-07-08 22:29:53,239 INFO  client.GrpcClientProtocolClient (GrpcClientProtocolClient.java:onNext(255)) - client-7538DDC4E776->1b229672-9fc1-42d6-9200-214eb0163fc5: receive RaftClientReply:client-7538DDC4E776->1b229672-9fc1-42d6-9200-214eb0163fc5@group-440AB812C07F, cid=2209, SUCCESS, logIndex=3232, commits[1b229672-9fc1-42d6-9200-214eb0163fc5:c3233, 4cc0758a-96f5-4ab9-816d-81d822da247a:c3229, 8693c47f-40a3-4a1c-b7ba-6ed996b9183c:c3228]
2019-07-08 22:29:53,251 INFO  client.GrpcClientProtocolClient (GrpcClientProtocolClient.java:onNext(255)) - client-7538DDC4E776->1b229672-9fc1-42d6-9200-214eb0163fc5: receive RaftClientReply:client-7538DDC4E776->1b229672-9fc1-42d6-9200-214eb0163fc5@group-440AB812C07F, cid=2210, SUCCESS, logIndex=0, commits[1b229672-9fc1-42d6-9200-214eb0163fc5:c3236, 4cc0758a-96f5-4ab9-816d-81d822da247a:c3232, 8693c47f-40a3-4a1c-b7ba-6ed996b9183c:c3231]
2019-07-08 22:29:53,273 INFO  client.GrpcClientProtocolClient (GrpcClientProtocolClient.java:onNext(255)) - client-7538DDC4E776->1b229672-9fc1-42d6-9200-214eb0163fc5: receive RaftClientReply:client-7538DDC4E776->1b229672-9fc1-42d6-9200-214eb0163fc5@group-440AB812C07F, cid=2211, SUCCESS, logIndex=3237, commits[1b229672-9fc1-42d6-9200-214eb0163fc5:c3238, 4cc0758a-96f5-4ab9-816d-81d822da247a:c3236, 8693c47f-40a3-4a1c-b7ba-6ed996b9183c:c3236]
2019-07-08 22:29:53,273 INFO  client.GrpcClientProtocolClient (GrpcClientProtocolClient.java:onNext(255)) - client-7538DDC4E776->1b229672-9fc1-42d6-9200-214eb0163fc5: receive RaftClientReply:client-7538DDC4E776->1b229672-9fc1-42d6-9200-214eb0163fc5@group-440AB812C07F, cid=2212, SUCCESS, logIndex=3238, commits[1b229672-9fc1-42d6-9200-214eb0163fc5:c3238, 4cc0758a-96f5-4ab9-816d-81d822da247a:c3236, 8693c47f-40a3-4a1c-b7ba-6ed996b9183c:c3236]
2019-07-08 22:29:53,293 INFO  client.GrpcClientProtocolClient (GrpcClientProtocolClient.java:onNext(255)) - client-7538DDC4E776->1b229672-9fc1-42d6-9200-214eb0163fc5: receive RaftClientReply:client-7538DDC4E776->1b229672-9fc1-42d6-9200-214eb0163fc5@group-440AB812C07F, cid=2213, SUCCESS, logIndex=3241, commits[1b229672-9fc1-42d6-9200-214eb0163fc5:c3242, 4cc0758a-96f5-4ab9-816d-81d822da247a:c3238, 8693c47f-40a3-4a1c-b7ba-6ed996b9183c:c3237]
2019-07-08 22:29:53,294 INFO  client.GrpcClientProtocolClient (GrpcClientProtocolClient.java:onNext(255)) - client-7538DDC4E776->1b229672-9fc1-42d6-9200-214eb0163fc5: receive RaftClientReply:client-7538DDC4E776->1b229672-9fc1-42d6-9200-214eb0163fc5@group-440AB812C07F, cid=2214, SUCCESS, logIndex=3242, commits[1b229672-9fc1-42d6-9200-214eb0163fc5:c3242, 4cc0758a-96f5-4ab9-816d-81d822da247a:c3238, 8693c47f-40a3-4a1c-b7ba-6ed996b9183c:c3238]
2019-07-08 22:29:53,295 INFO  client.GrpcClientProtocolClient (GrpcClientProtocolClient.java:onNext(255)) - client-7538DDC4E776->1b229672-9fc1-42d6-9200-214eb0163fc5: receive RaftClientReply:client-7538DDC4E776->1b229672-9fc1-42d6-9200-214eb0163fc5@group-440AB812C07F, cid=2215, SUCCESS, logIndex=0, commits[1b229672-9fc1-42d6-9200-214eb0163fc5:c3243, 4cc0758a-96f5-4ab9-816d-81d822da247a:c3242, 8693c47f-40a3-4a1c-b7ba-6ed996b9183c:c3242]
2019-07-08 22:29:53,327 INFO  client.GrpcClientProtocolClient (GrpcClientProtocolClient.java:onNext(255)) - client-7538DDC4E776->1b229672-9fc1-42d6-9200-214eb0163fc5: receive RaftClientReply:client-7538DDC4E776->1b229672-9fc1-42d6-9200-214eb0163fc5@group-440AB812C07F, cid=2216, SUCCESS, logIndex=3245, commits[1b229672-9fc1-42d6-9200-214eb0163fc5:c3246, 4cc0758a-96f5-4ab9-816d-81d822da247a:c3244, 8693c47f-40a3-4a1c-b7ba-6ed996b9183c:c3244]
2019-07-08 22:29:53,327 INFO  client.GrpcClientProtocolClient (GrpcClientProtocolClient.java:onNext(255)) - client-7538DDC4E776->1b229672-9fc1-42d6-9200-214eb0163fc5: receive RaftClientReply:client-7538DDC4E776->1b229672-9fc1-42d6-9200-214eb0163fc5@group-440AB812C07F, cid=2217, SUCCESS, logIndex=3246, commits[1b229672-9fc1-42d6-9200-214eb0163fc5:c3248, 4cc0758a-96f5-4ab9-816d-81d822da247a:c3244, 8693c47f-40a3-4a1c-b7ba-6ed996b9183c:c3244]
2019-07-08 22:29:53,328 INFO  client.GrpcClientProtocolClient (GrpcClientProtocolClient.java:onNext(255)) - client-7538DDC4E776->1b229672-9fc1-42d6-9200-214eb0163fc5: receive RaftClientReply:client-7538DDC4E776->1b229672-9fc1-42d6-9200-214eb0163fc5@group-440AB812C07F, cid=2218, SUCCESS, logIndex=3247, commits[1b229672-9fc1-42d6-9200-214eb0163fc5:c3248, 4cc0758a-96f5-4ab9-816d-81d822da247a:c3244, 8693c47f-40a3-4a1c-b7ba-6ed996b9183c:c3244]
2019-07-08 22:29:53,328 INFO  client.GrpcClientProtocolClient (GrpcClientProtocolClient.java:onNext(255)) - client-7538DDC4E776->1b229672-9fc1-42d6-9200-214eb0163fc5: receive RaftClientReply:client-7538DDC4E776->1b229672-9fc1-42d6-9200-214eb0163fc5@group-440AB812C07F, cid=2219, SUCCESS, logIndex=3248, commits[1b229672-9fc1-42d6-9200-214eb0163fc5:c3249, 4cc0758a-96f5-4ab9-816d-81d822da247a:c3245, 8693c47f-40a3-4a1c-b7ba-6ed996b9183c:c3244]
2019-07-08 22:29:53,329 INFO  client.GrpcClientProtocolClient (GrpcClientProtocolClient.java:onNext(255)) - client-7538DDC4E776->1b229672-9fc1-42d6-9200-214eb0163fc5: receive RaftClientReply:client-7538DDC4E776->1b229672-9fc1-42d6-9200-214eb0163fc5@group-440AB812C07F, cid=2220, SUCCESS, logIndex=0, commits[1b229672-9fc1-42d6-9200-214eb0163fc5:c3252, 4cc0758a-96f5-4ab9-816d-81d822da247a:c3248, 8693c47f-40a3-4a1c-b7ba-6ed996b9183c:c3246]
2019-07-08 22:29:53,350 INFO  client.GrpcClientProtocolClient (GrpcClientProtocolClient.java:onNext(255)) - client-7538DDC4E776->1b229672-9fc1-42d6-9200-214eb0163fc5: receive RaftClientReply:client-7538DDC4E776->1b229672-9fc1-42d6-9200-214eb0163fc5@group-440AB812C07F, cid=2221, SUCCESS, logIndex=3253, commits[1b229672-9fc1-42d6-9200-214eb0163fc5:c3254, 4cc0758a-96f5-4ab9-816d-81d822da247a:c3252, 8693c47f-40a3-4a1c-b7ba-6ed996b9183c:c3252]
2019-07-08 22:29:53,350 INFO  client.GrpcClientProtocolClient (GrpcClientProtocolClient.java:onNext(255)) - client-7538DDC4E776->1b229672-9fc1-42d6-9200-214eb0163fc5: receive RaftClientReply:client-7538DDC4E776->1b229672-9fc1-42d6-9200-214eb0163fc5@group-440AB812C07F, cid=2222, SUCCESS, logIndex=3254, commits[1b229672-9fc1-42d6-9200-214eb0163fc5:c3254, 4cc0758a-96f5-4ab9-816d-81d822da247a:c3252, 8693c47f-40a3-4a1c-b7ba-6ed996b9183c:c3252]
2019-07-08 22:29:53,365 INFO  client.GrpcClientProtocolClient (GrpcClientProtocolClient.java:onNext(255)) - client-7538DDC4E776->1b229672-9fc1-42d6-9200-214eb0163fc5: receive RaftClientReply:client-7538DDC4E776->1b229672-9fc1-42d6-9200-214eb0163fc5@group-440AB812C07F, cid=2223, SUCCESS, logIndex=3257, commits[1b229672-9fc1-42d6-9200-214eb0163fc5:c3258, 4cc0758a-96f5-4ab9-816d-81d822da247a:c3254, 8693c47f-40a3-4a1c-b7ba-6ed996b9183c:c3254]
2019-07-08 22:29:53,365 INFO  client.GrpcClientProtocolClient (GrpcClientProtocolClient.java:onNext(255)) - client-7538DDC4E776->1b229672-9fc1-42d6-9200-214eb0163fc5: receive RaftClientReply:client-7538DDC4E776->1b229672-9fc1-42d6-9200-214eb0163fc5@group-440AB812C07F, cid=2224, SUCCESS, logIndex=3258, commits[1b229672-9fc1-42d6-9200-214eb0163fc5:c3258, 4cc0758a-96f5-4ab9-816d-81d822da247a:c3254, 8693c47f-40a3-4a1c-b7ba-6ed996b9183c:c3254]
2019-07-08 22:29:53,379 INFO  client.GrpcClientProtocolClient (GrpcClientProtocolClient.java:onNext(255)) - client-7538DDC4E776->1b229672-9fc1-42d6-9200-214eb0163fc5: receive RaftClientReply:client-7538DDC4E776->1b229672-9fc1-42d6-9200-214eb0163fc5@group-440AB812C07F, cid=2225, SUCCESS, logIndex=0, commits[1b229672-9fc1-42d6-9200-214eb0163fc5:c3260, 4cc0758a-96f5-4ab9-816d-81d822da247a:c3258, 8693c47f-40a3-4a1c-b7ba-6ed996b9183c:c3258]
2019-07-08 22:29:53,411 INFO  client.GrpcClientProtocolClient (GrpcClientProtocolClient.java:onNext(255)) - client-7538DDC4E776->1b229672-9fc1-42d6-9200-214eb0163fc5: receive RaftClientReply:client-7538DDC4E776->1b229672-9fc1-42d6-9200-214eb0163fc5@group-440AB812C07F, cid=2226, SUCCESS, logIndex=3261, commits[1b229672-9fc1-42d6-9200-214eb0163fc5:c3263, 4cc0758a-96f5-4ab9-816d-81d822da247a:c3260, 8693c47f-40a3-4a1c-b7ba-6ed996b9183c:c3260]
2019-07-08 22:29:53,412 INFO  client.GrpcClientProtocolClient (GrpcClientProtocolClient.java:onNext(255)) - client-7538DDC4E776->1b229672-9fc1-42d6-9200-214eb0163fc5: receive RaftClientReply:client-7538DDC4E776->1b229672-9fc1-42d6-9200-214eb0163fc5@group-440AB812C07F, cid=2227, SUCCESS, logIndex=3262, commits[1b229672-9fc1-42d6-9200-214eb0163fc5:c3264, 4cc0758a-96f5-4ab9-816d-81d822da247a:c3260, 8693c47f-40a3-4a1c-b7ba-6ed996b9183c:c3260]
2019-07-08 22:29:53,413 INFO  client.GrpcClientProtocolClient (GrpcClientProtocolClient.java:onNext(255)) - client-7538DDC4E776->1b229672-9fc1-42d6-9200-214eb0163fc5: receive RaftClientReply:client-7538DDC4E776->1b229672-9fc1-42d6-9200-214eb0163fc5@group-440AB812C07F, cid=2228, SUCCESS, logIndex=3263, commits[1b229672-9fc1-42d6-9200-214eb0163fc5:c3264, 4cc0758a-96f5-4ab9-816d-81d822da247a:c3260, 8693c47f-40a3-4a1c-b7ba-6ed996b9183c:c3260]
2019-07-08 22:29:53,413 INFO  client.GrpcClientProtocolClient (GrpcClientProtocolClient.java:onNext(255)) - client-7538DDC4E776->1b229672-9fc1-42d6-9200-214eb0163fc5: receive RaftClientReply:client-7538DDC4E776->1b229672-9fc1-42d6-9200-214eb0163fc5@group-440AB812C07F, cid=2229, SUCCESS, logIndex=3264, commits[1b229672-9fc1-42d6-9200-214eb0163fc5:c3264, 4cc0758a-96f5-4ab9-816d-81d822da247a:c3260, 8693c47f-40a3-4a1c-b7ba-6ed996b9183c:c3260]
2019-07-08 22:29:53,424 INFO  client.GrpcClientProtocolClient (GrpcClientProtocolClient.java:onNext(255)) - client-7538DDC4E776->1b229672-9fc1-42d6-9200-214eb0163fc5: receive RaftClientReply:client-7538DDC4E776->1b229672-9fc1-42d6-9200-214eb0163fc5@group-440AB812C07F, cid=2230, SUCCESS, logIndex=0, commits[1b229672-9fc1-42d6-9200-214eb0163fc5:c3267, 4cc0758a-96f5-4ab9-816d-81d822da247a:c3263, 8693c47f-40a3-4a1c-b7ba-6ed996b9183c:c3262]
2019-07-08 22:29:53,444 INFO  client.GrpcClientProtocolClient (GrpcClientProtocolClient.java:onNext(255)) - client-7538DDC4E776->1b229672-9fc1-42d6-9200-214eb0163fc5: receive RaftClientReply:client-7538DDC4E776->1b229672-9fc1-42d6-9200-214eb0163fc5@group-440AB812C07F, cid=2231, SUCCESS, logIndex=3269, commits[1b229672-9fc1-42d6-9200-214eb0163fc5:c3270, 4cc0758a-96f5-4ab9-816d-81d822da247a:c3268, 8693c47f-40a3-4a1c-b7ba-6ed996b9183c:c3268]
2019-07-08 22:29:53,445 INFO  client.GrpcClientProtocolClient (GrpcClientProtocolClient.java:onNext(255)) - client-7538DDC4E776->1b229672-9fc1-42d6-9200-214eb0163fc5: receive RaftClientReply:client-7538DDC4E776->1b229672-9fc1-42d6-9200-214eb0163fc5@group-440AB812C07F, cid=2232, SUCCESS, logIndex=3270, commits[1b229672-9fc1-42d6-9200-214eb0163fc5:c3270, 4cc0758a-96f5-4ab9-816d-81d822da247a:c3268, 8693c47f-40a3-4a1c-b7ba-6ed996b9183c:c3268]
2019-07-08 22:29:53,503 INFO  client.GrpcClientProtocolClient (GrpcClientProtocolClient.java:onNext(255)) - client-7538DDC4E776->1b229672-9fc1-42d6-9200-214eb0163fc5: receive RaftClientReply:client-7538DDC4E776->1b229672-9fc1-42d6-9200-214eb0163fc5@group-440AB812C07F, cid=2233, SUCCESS, logIndex=3273, commits[1b229672-9fc1-42d6-9200-214eb0163fc5:c3274, 4cc0758a-96f5-4ab9-816d-81d822da247a:c3270, 8693c47f-40a3-4a1c-b7ba-6ed996b9183c:c3270]
2019-07-08 22:29:53,503 INFO  client.GrpcClientProtocolClient (GrpcClientProtocolClient.java:onNext(255)) - client-7538DDC4E776->1b229672-9fc1-42d6-9200-214eb0163fc5: receive RaftClientReply:client-7538DDC4E776->1b229672-9fc1-42d6-9200-214eb0163fc5@group-440AB812C07F, cid=2234, SUCCESS, logIndex=3274, commits[1b229672-9fc1-42d6-9200-214eb0163fc5:c3274, 4cc0758a-96f5-4ab9-816d-81d822da247a:c3270, 8693c47f-40a3-4a1c-b7ba-6ed996b9183c:c3270]
2019-07-08 22:29:53,517 INFO  client.GrpcClientProtocolClient (GrpcClientProtocolClient.java:onNext(255)) - client-7538DDC4E776->1b229672-9fc1-42d6-9200-214eb0163fc5: receive RaftClientReply:client-7538DDC4E776->1b229672-9fc1-42d6-9200-214eb0163fc5@group-440AB812C07F, cid=2235, SUCCESS, logIndex=0, commits[1b229672-9fc1-42d6-9200-214eb0163fc5:c3276, 4cc0758a-96f5-4ab9-816d-81d822da247a:c3274, 8693c47f-40a3-4a1c-b7ba-6ed996b9183c:c3274]
2019-07-08 22:29:53,549 INFO  client.GrpcClientProtocolClient (GrpcClientProtocolClient.java:onNext(255)) - client-7538DDC4E776->1b229672-9fc1-42d6-9200-214eb0163fc5: receive RaftClientReply:client-7538DDC4E776->1b229672-9fc1-42d6-9200-214eb0163fc5@group-440AB812C07F, cid=2236, SUCCESS, logIndex=3277, commits[1b229672-9fc1-42d6-9200-214eb0163fc5:c3278, 4cc0758a-96f5-4ab9-816d-81d822da247a:c3276, 8693c47f-40a3-4a1c-b7ba-6ed996b9183c:c3276]
2019-07-08 22:29:53,550 INFO  client.GrpcClientProtocolClient (GrpcClientProtocolClient.java:onNext(255)) - client-7538DDC4E776->1b229672-9fc1-42d6-9200-214eb0163fc5: receive RaftClientReply:client-7538DDC4E776->1b229672-9fc1-42d6-9200-214eb0163fc5@group-440AB812C07F, cid=2237, SUCCESS, logIndex=3278, commits[1b229672-9fc1-42d6-9200-214eb0163fc5:c3280, 4cc0758a-96f5-4ab9-816d-81d822da247a:c3276, 8693c47f-40a3-4a1c-b7ba-6ed996b9183c:c3276]
2019-07-08 22:29:53,550 INFO  client.GrpcClientProtocolClient (GrpcClientProtocolClient.java:onNext(255)) - client-7538DDC4E776->1b229672-9fc1-42d6-9200-214eb0163fc5: receive RaftClientReply:client-7538DDC4E776->1b229672-9fc1-42d6-9200-214eb0163fc5@group-440AB812C07F, cid=2238, SUCCESS, logIndex=3279, commits[1b229672-9fc1-42d6-9200-214eb0163fc5:c3280, 4cc0758a-96f5-4ab9-816d-81d822da247a:c3276, 8693c47f-40a3-4a1c-b7ba-6ed996b9183c:c3276]
2019-07-08 22:29:53,550 INFO  client.GrpcClientProtocolClient (GrpcClientProtocolClient.java:onNext(255)) - client-7538DDC4E776->1b229672-9fc1-42d6-9200-214eb0163fc5: receive RaftClientReply:client-7538DDC4E776->1b229672-9fc1-42d6-9200-214eb0163fc5@group-440AB812C07F, cid=2239, SUCCESS, logIndex=3280, commits[1b229672-9fc1-42d6-9200-214eb0163fc5:c3281, 4cc0758a-96f5-4ab9-816d-81d822da247a:c3276, 8693c47f-40a3-4a1c-b7ba-6ed996b9183c:c3277]
2019-07-08 22:29:53,554 INFO  client.GrpcClientProtocolClient (GrpcClientProtocolClient.java:onNext(255)) - client-7538DDC4E776->1b229672-9fc1-42d6-9200-214eb0163fc5: receive RaftClientReply:client-7538DDC4E776->1b229672-9fc1-42d6-9200-214eb0163fc5@group-440AB812C07F, cid=2240, SUCCESS, logIndex=0, commits[1b229672-9fc1-42d6-9200-214eb0163fc5:c3282, 4cc0758a-96f5-4ab9-816d-81d822da247a:c3278, 8693c47f-40a3-4a1c-b7ba-6ed996b9183c:c3278]
2019-07-08 22:29:53,583 INFO  client.GrpcClientProtocolClient (GrpcClientProtocolClient.java:onNext(255)) - client-7538DDC4E776->1b229672-9fc1-42d6-9200-214eb0163fc5: receive RaftClientReply:client-7538DDC4E776->1b229672-9fc1-42d6-9200-214eb0163fc5@group-440AB812C07F, cid=2241, SUCCESS, logIndex=3285, commits[1b229672-9fc1-42d6-9200-214eb0163fc5:c3286, 4cc0758a-96f5-4ab9-816d-81d822da247a:c3284, 8693c47f-40a3-4a1c-b7ba-6ed996b9183c:c3284]
2019-07-08 22:29:53,583 INFO  client.GrpcClientProtocolClient (GrpcClientProtocolClient.java:onNext(255)) - client-7538DDC4E776->1b229672-9fc1-42d6-9200-214eb0163fc5: receive RaftClientReply:client-7538DDC4E776->1b229672-9fc1-42d6-9200-214eb0163fc5@group-440AB812C07F, cid=2242, SUCCESS, logIndex=3286, commits[1b229672-9fc1-42d6-9200-214eb0163fc5:c3286, 4cc0758a-96f5-4ab9-816d-81d822da247a:c3284, 8693c47f-40a3-4a1c-b7ba-6ed996b9183c:c3284]
2019-07-08 22:29:53,595 INFO  client.GrpcClientProtocolClient (GrpcClientProtocolClient.java:onNext(255)) - client-7538DDC4E776->1b229672-9fc1-42d6-9200-214eb0163fc5: receive RaftClientReply:client-7538DDC4E776->1b229672-9fc1-42d6-9200-214eb0163fc5@group-440AB812C07F, cid=2243, SUCCESS, logIndex=3289, commits[1b229672-9fc1-42d6-9200-214eb0163fc5:c3290, 4cc0758a-96f5-4ab9-816d-81d822da247a:c3287, 8693c47f-40a3-4a1c-b7ba-6ed996b9183c:c3286]
2019-07-08 22:29:53,596 INFO  client.GrpcClientProtocolClient (GrpcClientProtocolClient.java:onNext(255)) - client-7538DDC4E776->1b229672-9fc1-42d6-9200-214eb0163fc5: receive RaftClientReply:client-7538DDC4E776->1b229672-9fc1-42d6-9200-214eb0163fc5@group-440AB812C07F, cid=2244, SUCCESS, logIndex=3290, commits[1b229672-9fc1-42d6-9200-214eb0163fc5:c3290, 4cc0758a-96f5-4ab9-816d-81d822da247a:c3287, 8693c47f-40a3-4a1c-b7ba-6ed996b9183c:c3287]
2019-07-08 22:29:53,598 INFO  client.GrpcClientProtocolClient (GrpcClientProtocolClient.java:onNext(255)) - client-7538DDC4E776->1b229672-9fc1-42d6-9200-214eb0163fc5: receive RaftClientReply:client-7538DDC4E776->1b229672-9fc1-42d6-9200-214eb0163fc5@group-440AB812C07F, cid=2245, SUCCESS, logIndex=0, commits[1b229672-9fc1-42d6-9200-214eb0163fc5:c3291, 4cc0758a-96f5-4ab9-816d-81d822da247a:c3290, 8693c47f-40a3-4a1c-b7ba-6ed996b9183c:c3290]
2019-07-08 22:29:53,631 INFO  client.GrpcClientProtocolClient (GrpcClientProtocolClient.java:onNext(255)) - client-7538DDC4E776->1b229672-9fc1-42d6-9200-214eb0163fc5: receive RaftClientReply:client-7538DDC4E776->1b229672-9fc1-42d6-9200-214eb0163fc5@group-440AB812C07F, cid=2246, SUCCESS, logIndex=3293, commits[1b229672-9fc1-42d6-9200-214eb0163fc5:c3296, 4cc0758a-96f5-4ab9-816d-81d822da247a:c3292, 8693c47f-40a3-4a1c-b7ba-6ed996b9183c:c3292]
2019-07-08 22:29:53,631 INFO  client.GrpcClientProtocolClient (GrpcClientProtocolClient.java:onNext(255)) - client-7538DDC4E776->1b229672-9fc1-42d6-9200-214eb0163fc5: receive RaftClientReply:client-7538DDC4E776->1b229672-9fc1-42d6-9200-214eb0163fc5@group-440AB812C07F, cid=2247, SUCCESS, logIndex=3294, commits[1b229672-9fc1-42d6-9200-214eb0163fc5:c3296, 4cc0758a-96f5-4ab9-816d-81d822da247a:c3292, 8693c47f-40a3-4a1c-b7ba-6ed996b9183c:c3292]
2019-07-08 22:29:53,631 INFO  client.GrpcClientProtocolClient (GrpcClientProtocolClient.java:onNext(255)) - client-7538DDC4E776->1b229672-9fc1-42d6-9200-214eb0163fc5: receive RaftClientReply:client-7538DDC4E776->1b229672-9fc1-42d6-9200-214eb0163fc5@group-440AB812C07F, cid=2248, SUCCESS, logIndex=3295, commits[1b229672-9fc1-42d6-9200-214eb0163fc5:c3296, 4cc0758a-96f5-4ab9-816d-81d822da247a:c3292, 8693c47f-40a3-4a1c-b7ba-6ed996b9183c:c3292]
2019-07-08 22:29:53,632 INFO  client.GrpcClientProtocolClient (GrpcClientProtocolClient.java:onNext(255)) - client-7538DDC4E776->1b229672-9fc1-42d6-9200-214eb0163fc5: receive RaftClientReply:client-7538DDC4E776->1b229672-9fc1-42d6-9200-214eb0163fc5@group-440AB812C07F, cid=2249, SUCCESS, logIndex=3296, commits[1b229672-9fc1-42d6-9200-214eb0163fc5:c3296, 4cc0758a-96f5-4ab9-816d-81d822da247a:c3292, 8693c47f-40a3-4a1c-b7ba-6ed996b9183c:c3292]
2019-07-08 22:29:53,642 INFO  client.GrpcClientProtocolClient (GrpcClientProtocolClient.java:onNext(255)) - client-7538DDC4E776->1b229672-9fc1-42d6-9200-214eb0163fc5: receive RaftClientReply:client-7538DDC4E776->1b229672-9fc1-42d6-9200-214eb0163fc5@group-440AB812C07F, cid=2250, SUCCESS, logIndex=0, commits[1b229672-9fc1-42d6-9200-214eb0163fc5:c3297, 4cc0758a-96f5-4ab9-816d-81d822da247a:c3294, 8693c47f-40a3-4a1c-b7ba-6ed996b9183c:c3294]
2019-07-08 22:29:53,663 INFO  client.GrpcClientProtocolClient (GrpcClientProtocolClient.java:onNext(255)) - client-7538DDC4E776->1b229672-9fc1-42d6-9200-214eb0163fc5: receive RaftClientReply:client-7538DDC4E776->1b229672-9fc1-42d6-9200-214eb0163fc5@group-440AB812C07F, cid=2251, SUCCESS, logIndex=3301, commits[1b229672-9fc1-42d6-9200-214eb0163fc5:c3302, 4cc0758a-96f5-4ab9-816d-81d822da247a:c3300, 8693c47f-40a3-4a1c-b7ba-6ed996b9183c:c3300]
2019-07-08 22:29:53,664 INFO  client.GrpcClientProtocolClient (GrpcClientProtocolClient.java:onNext(255)) - client-7538DDC4E776->1b229672-9fc1-42d6-9200-214eb0163fc5: receive RaftClientReply:client-7538DDC4E776->1b229672-9fc1-42d6-9200-214eb0163fc5@group-440AB812C07F, cid=2252, SUCCESS, logIndex=3302, commits[1b229672-9fc1-42d6-9200-214eb0163fc5:c3302, 4cc0758a-96f5-4ab9-816d-81d822da247a:c3300, 8693c47f-40a3-4a1c-b7ba-6ed996b9183c:c3300]
2019-07-08 22:29:53,687 INFO  client.GrpcClientProtocolClient (GrpcClientProtocolClient.java:onNext(255)) - client-7538DDC4E776->1b229672-9fc1-42d6-9200-214eb0163fc5: receive RaftClientReply:client-7538DDC4E776->1b229672-9fc1-42d6-9200-214eb0163fc5@group-440AB812C07F, cid=2253, SUCCESS, logIndex=3305, commits[1b229672-9fc1-42d6-9200-214eb0163fc5:c3306, 4cc0758a-96f5-4ab9-816d-81d822da247a:c3302, 8693c47f-40a3-4a1c-b7ba-6ed996b9183c:c3302]
2019-07-08 22:29:53,688 INFO  client.GrpcClientProtocolClient (GrpcClientProtocolClient.java:onNext(255)) - client-7538DDC4E776->1b229672-9fc1-42d6-9200-214eb0163fc5: receive RaftClientReply:client-7538DDC4E776->1b229672-9fc1-42d6-9200-214eb0163fc5@group-440AB812C07F, cid=2254, SUCCESS, logIndex=3306, commits[1b229672-9fc1-42d6-9200-214eb0163fc5:c3306, 4cc0758a-96f5-4ab9-816d-81d822da247a:c3302, 8693c47f-40a3-4a1c-b7ba-6ed996b9183c:c3302]
2019-07-08 22:29:53,699 INFO  client.GrpcClientProtocolClient (GrpcClientProtocolClient.java:onNext(255)) - client-7538DDC4E776->1b229672-9fc1-42d6-9200-214eb0163fc5: receive RaftClientReply:client-7538DDC4E776->1b229672-9fc1-42d6-9200-214eb0163fc5@group-440AB812C07F, cid=2255, SUCCESS, logIndex=0, commits[1b229672-9fc1-42d6-9200-214eb0163fc5:c3307, 4cc0758a-96f5-4ab9-816d-81d822da247a:c3306, 8693c47f-40a3-4a1c-b7ba-6ed996b9183c:c3306]
2019-07-08 22:29:53,733 INFO  client.GrpcClientProtocolClient (GrpcClientProtocolClient.java:onNext(255)) - client-7538DDC4E776->1b229672-9fc1-42d6-9200-214eb0163fc5: receive RaftClientReply:client-7538DDC4E776->1b229672-9fc1-42d6-9200-214eb0163fc5@group-440AB812C07F, cid=2256, SUCCESS, logIndex=3309, commits[1b229672-9fc1-42d6-9200-214eb0163fc5:c3310, 4cc0758a-96f5-4ab9-816d-81d822da247a:c3308, 8693c47f-40a3-4a1c-b7ba-6ed996b9183c:c3308]
2019-07-08 22:29:53,734 INFO  client.GrpcClientProtocolClient (GrpcClientProtocolClient.java:onNext(255)) - client-7538DDC4E776->1b229672-9fc1-42d6-9200-214eb0163fc5: receive RaftClientReply:client-7538DDC4E776->1b229672-9fc1-42d6-9200-214eb0163fc5@group-440AB812C07F, cid=2257, SUCCESS, logIndex=3310, commits[1b229672-9fc1-42d6-9200-214eb0163fc5:c3310, 4cc0758a-96f5-4ab9-816d-81d822da247a:c3308, 8693c47f-40a3-4a1c-b7ba-6ed996b9183c:c3308]
2019-07-08 22:29:53,744 INFO  client.GrpcClientProtocolClient (GrpcClientProtocolClient.java:onNext(255)) - client-7538DDC4E776->1b229672-9fc1-42d6-9200-214eb0163fc5: receive RaftClientReply:client-7538DDC4E776->1b229672-9fc1-42d6-9200-214eb0163fc5@group-440AB812C07F, cid=2258, SUCCESS, logIndex=3311, commits[1b229672-9fc1-42d6-9200-214eb0163fc5:c3312, 4cc0758a-96f5-4ab9-816d-81d822da247a:c3308, 8693c47f-40a3-4a1c-b7ba-6ed996b9183c:c3308]
2019-07-08 22:29:53,745 INFO  client.GrpcClientProtocolClient (GrpcClientProtocolClient.java:onNext(255)) - client-7538DDC4E776->1b229672-9fc1-42d6-9200-214eb0163fc5: receive RaftClientReply:client-7538DDC4E776->1b229672-9fc1-42d6-9200-214eb0163fc5@group-440AB812C07F, cid=2259, SUCCESS, logIndex=3312, commits[1b229672-9fc1-42d6-9200-214eb0163fc5:c3312, 4cc0758a-96f5-4ab9-816d-81d822da247a:c3308, 8693c47f-40a3-4a1c-b7ba-6ed996b9183c:c3308]
2019-07-08 22:29:53,756 INFO  client.GrpcClientProtocolClient (GrpcClientProtocolClient.java:onNext(255)) - client-7538DDC4E776->1b229672-9fc1-42d6-9200-214eb0163fc5: receive RaftClientReply:client-7538DDC4E776->1b229672-9fc1-42d6-9200-214eb0163fc5@group-440AB812C07F, cid=2260, SUCCESS, logIndex=0, commits[1b229672-9fc1-42d6-9200-214eb0163fc5:c3314, 4cc0758a-96f5-4ab9-816d-81d822da247a:c3310, 8693c47f-40a3-4a1c-b7ba-6ed996b9183c:c3310]
2019-07-08 22:29:53,771 INFO  client.GrpcClientProtocolClient (GrpcClientProtocolClient.java:onNext(255)) - client-7538DDC4E776->1b229672-9fc1-42d6-9200-214eb0163fc5: receive RaftClientReply:client-7538DDC4E776->1b229672-9fc1-42d6-9200-214eb0163fc5@group-440AB812C07F, cid=2261, SUCCESS, logIndex=3317, commits[1b229672-9fc1-42d6-9200-214eb0163fc5:c3318, 4cc0758a-96f5-4ab9-816d-81d822da247a:c3316, 8693c47f-40a3-4a1c-b7ba-6ed996b9183c:c3316]
2019-07-08 22:29:53,771 INFO  client.GrpcClientProtocolClient (GrpcClientProtocolClient.java:onNext(255)) - client-7538DDC4E776->1b229672-9fc1-42d6-9200-214eb0163fc5: receive RaftClientReply:client-7538DDC4E776->1b229672-9fc1-42d6-9200-214eb0163fc5@group-440AB812C07F, cid=2262, SUCCESS, logIndex=3318, commits[1b229672-9fc1-42d6-9200-214eb0163fc5:c3318, 4cc0758a-96f5-4ab9-816d-81d822da247a:c3316, 8693c47f-40a3-4a1c-b7ba-6ed996b9183c:c3316]
2019-07-08 22:29:53,785 INFO  client.GrpcClientProtocolClient (GrpcClientProtocolClient.java:onNext(255)) - client-7538DDC4E776->1b229672-9fc1-42d6-9200-214eb0163fc5: receive RaftClientReply:client-7538DDC4E776->1b229672-9fc1-42d6-9200-214eb0163fc5@group-440AB812C07F, cid=2263, SUCCESS, logIndex=3321, commits[1b229672-9fc1-42d6-9200-214eb0163fc5:c3322, 4cc0758a-96f5-4ab9-816d-81d822da247a:c3318, 8693c47f-40a3-4a1c-b7ba-6ed996b9183c:c3320]
2019-07-08 22:29:53,786 INFO  client.GrpcClientProtocolClient (GrpcClientProtocolClient.java:onNext(255)) - client-7538DDC4E776->1b229672-9fc1-42d6-9200-214eb0163fc5: receive RaftClientReply:client-7538DDC4E776->1b229672-9fc1-42d6-9200-214eb0163fc5@group-440AB812C07F, cid=2264, SUCCESS, logIndex=3322, commits[1b229672-9fc1-42d6-9200-214eb0163fc5:c3322, 4cc0758a-96f5-4ab9-816d-81d822da247a:c3320, 8693c47f-40a3-4a1c-b7ba-6ed996b9183c:c3320]
2019-07-08 22:29:53,789 INFO  client.GrpcClientProtocolClient (GrpcClientProtocolClient.java:onNext(255)) - client-7538DDC4E776->1b229672-9fc1-42d6-9200-214eb0163fc5: receive RaftClientReply:client-7538DDC4E776->1b229672-9fc1-42d6-9200-214eb0163fc5@group-440AB812C07F, cid=2265, SUCCESS, logIndex=0, commits[1b229672-9fc1-42d6-9200-214eb0163fc5:c3323, 4cc0758a-96f5-4ab9-816d-81d822da247a:c3322, 8693c47f-40a3-4a1c-b7ba-6ed996b9183c:c3322]
 0.00% |█                                                                                                    |  0/1 Time: 0:00:202019-07-08 22:29:53,817 INFO  client.GrpcClientProtocolClient (GrpcClientProtocolClient.java:onNext(255)) - client-7538DDC4E776->1b229672-9fc1-42d6-9200-214eb0163fc5: receive RaftClientReply:client-7538DDC4E776->1b229672-9fc1-42d6-9200-214eb0163fc5@group-440AB812C07F, cid=2266, SUCCESS, logIndex=3325, commits[1b229672-9fc1-42d6-9200-214eb0163fc5:c3326, 4cc0758a-96f5-4ab9-816d-81d822da247a:c3324, 8693c47f-40a3-4a1c-b7ba-6ed996b9183c:c3324]
2019-07-08 22:29:53,818 INFO  client.GrpcClientProtocolClient (GrpcClientProtocolClient.java:onNext(255)) - client-7538DDC4E776->1b229672-9fc1-42d6-9200-214eb0163fc5: receive RaftClientReply:client-7538DDC4E776->1b229672-9fc1-42d6-9200-214eb0163fc5@group-440AB812C07F, cid=2267, SUCCESS, logIndex=3326, commits[1b229672-9fc1-42d6-9200-214eb0163fc5:c3328, 4cc0758a-96f5-4ab9-816d-81d822da247a:c3324, 8693c47f-40a3-4a1c-b7ba-6ed996b9183c:c3324]
2019-07-08 22:29:53,818 INFO  client.GrpcClientProtocolClient (GrpcClientProtocolClient.java:onNext(255)) - client-7538DDC4E776->1b229672-9fc1-42d6-9200-214eb0163fc5: receive RaftClientReply:client-7538DDC4E776->1b229672-9fc1-42d6-9200-214eb0163fc5@group-440AB812C07F, cid=2268, SUCCESS, logIndex=3327, commits[1b229672-9fc1-42d6-9200-214eb0163fc5:c3328, 4cc0758a-96f5-4ab9-816d-81d822da247a:c3324, 8693c47f-40a3-4a1c-b7ba-6ed996b9183c:c3324]
2019-07-08 22:29:53,819 INFO  client.GrpcClientProtocolClient (GrpcClientProtocolClient.java:onNext(255)) - client-7538DDC4E776->1b229672-9fc1-42d6-9200-214eb0163fc5: receive RaftClientReply:client-7538DDC4E776->1b229672-9fc1-42d6-9200-214eb0163fc5@group-440AB812C07F, cid=2269, SUCCESS, logIndex=3328, commits[1b229672-9fc1-42d6-9200-214eb0163fc5:c3328, 4cc0758a-96f5-4ab9-816d-81d822da247a:c3324, 8693c47f-40a3-4a1c-b7ba-6ed996b9183c:c3324]
2019-07-08 22:29:53,820 INFO  client.GrpcClientProtocolClient (GrpcClientProtocolClient.java:onNext(255)) - client-7538DDC4E776->1b229672-9fc1-42d6-9200-214eb0163fc5: receive RaftClientReply:client-7538DDC4E776->1b229672-9fc1-42d6-9200-214eb0163fc5@group-440AB812C07F, cid=2270, SUCCESS, logIndex=0, commits[1b229672-9fc1-42d6-9200-214eb0163fc5:c3329, 4cc0758a-96f5-4ab9-816d-81d822da247a:c3326, 8693c47f-40a3-4a1c-b7ba-6ed996b9183c:c3326]
2019-07-08 22:29:53,845 INFO  client.GrpcClientProtocolClient (GrpcClientProtocolClient.java:onNext(255)) - client-7538DDC4E776->1b229672-9fc1-42d6-9200-214eb0163fc5: receive RaftClientReply:client-7538DDC4E776->1b229672-9fc1-42d6-9200-214eb0163fc5@group-440AB812C07F, cid=2271, SUCCESS, logIndex=3332, commits[1b229672-9fc1-42d6-9200-214eb0163fc5:c3333, 4cc0758a-96f5-4ab9-816d-81d822da247a:c3329, 8693c47f-40a3-4a1c-b7ba-6ed996b9183c:c3328]
2019-07-08 22:29:53,846 INFO  client.GrpcClientProtocolClient (GrpcClientProtocolClient.java:onNext(255)) - client-7538DDC4E776->1b229672-9fc1-42d6-9200-214eb0163fc5: receive RaftClientReply:client-7538DDC4E776->1b229672-9fc1-42d6-9200-214eb0163fc5@group-440AB812C07F, cid=2272, SUCCESS, logIndex=3333, commits[1b229672-9fc1-42d6-9200-214eb0163fc5:c3333, 4cc0758a-96f5-4ab9-816d-81d822da247a:c3329, 8693c47f-40a3-4a1c-b7ba-6ed996b9183c:c3329]
2019-07-08 22:29:53,861 INFO  client.GrpcClientProtocolClient (GrpcClientProtocolClient.java:onNext(255)) - client-7538DDC4E776->1b229672-9fc1-42d6-9200-214eb0163fc5: receive RaftClientReply:client-7538DDC4E776->1b229672-9fc1-42d6-9200-214eb0163fc5@group-440AB812C07F, cid=2273, SUCCESS, logIndex=3336, commits[1b229672-9fc1-42d6-9200-214eb0163fc5:c3337, 4cc0758a-96f5-4ab9-816d-81d822da247a:c3334, 8693c47f-40a3-4a1c-b7ba-6ed996b9183c:c3334]
2019-07-08 22:29:53,861 INFO  client.GrpcClientProtocolClient (GrpcClientProtocolClient.java:onNext(255)) - client-7538DDC4E776->1b229672-9fc1-42d6-9200-214eb0163fc5: receive RaftClientReply:client-7538DDC4E776->1b229672-9fc1-42d6-9200-214eb0163fc5@group-440AB812C07F, cid=2274, SUCCESS, logIndex=3337, commits[1b229672-9fc1-42d6-9200-214eb0163fc5:c3337, 4cc0758a-96f5-4ab9-816d-81d822da247a:c3334, 8693c47f-40a3-4a1c-b7ba-6ed996b9183c:c3334]
2019-07-08 22:29:53,876 INFO  client.GrpcClientProtocolClient (GrpcClientProtocolClient.java:onNext(255)) - client-7538DDC4E776->1b229672-9fc1-42d6-9200-214eb0163fc5: receive RaftClientReply:client-7538DDC4E776->1b229672-9fc1-42d6-9200-214eb0163fc5@group-440AB812C07F, cid=2275, SUCCESS, logIndex=0, commits[1b229672-9fc1-42d6-9200-214eb0163fc5:c3339, 4cc0758a-96f5-4ab9-816d-81d822da247a:c3337, 8693c47f-40a3-4a1c-b7ba-6ed996b9183c:c3337]
2019-07-08 22:29:53,905 INFO  client.GrpcClientProtocolClient (GrpcClientProtocolClient.java:onNext(255)) - client-7538DDC4E776->1b229672-9fc1-42d6-9200-214eb0163fc5: receive RaftClientReply:client-7538DDC4E776->1b229672-9fc1-42d6-9200-214eb0163fc5@group-440AB812C07F, cid=2276, SUCCESS, logIndex=3340, commits[1b229672-9fc1-42d6-9200-214eb0163fc5:c3341, 4cc0758a-96f5-4ab9-816d-81d822da247a:c3339, 8693c47f-40a3-4a1c-b7ba-6ed996b9183c:c3339]
2019-07-08 22:29:53,906 INFO  client.GrpcClientProtocolClient (GrpcClientProtocolClient.java:onNext(255)) - client-7538DDC4E776->1b229672-9fc1-42d6-9200-214eb0163fc5: receive RaftClientReply:client-7538DDC4E776->1b229672-9fc1-42d6-9200-214eb0163fc5@group-440AB812C07F, cid=2277, SUCCESS, logIndex=3341, commits[1b229672-9fc1-42d6-9200-214eb0163fc5:c3343, 4cc0758a-96f5-4ab9-816d-81d822da247a:c3339, 8693c47f-40a3-4a1c-b7ba-6ed996b9183c:c3339]
2019-07-08 22:29:53,906 INFO  client.GrpcClientProtocolClient (GrpcClientProtocolClient.java:onNext(255)) - client-7538DDC4E776->1b229672-9fc1-42d6-9200-214eb0163fc5: receive RaftClientReply:client-7538DDC4E776->1b229672-9fc1-42d6-9200-214eb0163fc5@group-440AB812C07F, cid=2278, SUCCESS, logIndex=3342, commits[1b229672-9fc1-42d6-9200-214eb0163fc5:c3343, 4cc0758a-96f5-4ab9-816d-81d822da247a:c3339, 8693c47f-40a3-4a1c-b7ba-6ed996b9183c:c3339]
2019-07-08 22:29:53,906 INFO  client.GrpcClientProtocolClient (GrpcClientProtocolClient.java:onNext(255)) - client-7538DDC4E776->1b229672-9fc1-42d6-9200-214eb0163fc5: receive RaftClientReply:client-7538DDC4E776->1b229672-9fc1-42d6-9200-214eb0163fc5@group-440AB812C07F, cid=2279, SUCCESS, logIndex=3343, commits[1b229672-9fc1-42d6-9200-214eb0163fc5:c3343, 4cc0758a-96f5-4ab9-816d-81d822da247a:c3339, 8693c47f-40a3-4a1c-b7ba-6ed996b9183c:c3339]
2019-07-08 22:29:53,919 INFO  client.GrpcClientProtocolClient (GrpcClientProtocolClient.java:onNext(255)) - client-7538DDC4E776->1b229672-9fc1-42d6-9200-214eb0163fc5: receive RaftClientReply:client-7538DDC4E776->1b229672-9fc1-42d6-9200-214eb0163fc5@group-440AB812C07F, cid=2280, SUCCESS, logIndex=0, commits[1b229672-9fc1-42d6-9200-214eb0163fc5:c3346, 4cc0758a-96f5-4ab9-816d-81d822da247a:c3343, 8693c47f-40a3-4a1c-b7ba-6ed996b9183c:c3341]
2019-07-08 22:29:53,939 INFO  client.GrpcClientProtocolClient (GrpcClientProtocolClient.java:onNext(255)) - client-7538DDC4E776->1b229672-9fc1-42d6-9200-214eb0163fc5: receive RaftClientReply:client-7538DDC4E776->1b229672-9fc1-42d6-9200-214eb0163fc5@group-440AB812C07F, cid=2281, SUCCESS, logIndex=3347, commits[1b229672-9fc1-42d6-9200-214eb0163fc5:c3348, 4cc0758a-96f5-4ab9-816d-81d822da247a:c3346, 8693c47f-40a3-4a1c-b7ba-6ed996b9183c:c3346]
2019-07-08 22:29:53,940 INFO  client.GrpcClientProtocolClient (GrpcClientProtocolClient.java:onNext(255)) - client-7538DDC4E776->1b229672-9fc1-42d6-9200-214eb0163fc5: receive RaftClientReply:client-7538DDC4E776->1b229672-9fc1-42d6-9200-214eb0163fc5@group-440AB812C07F, cid=2282, SUCCESS, logIndex=3348, commits[1b229672-9fc1-42d6-9200-214eb0163fc5:c3348, 4cc0758a-96f5-4ab9-816d-81d822da247a:c3346, 8693c47f-40a3-4a1c-b7ba-6ed996b9183c:c3346]
2019-07-08 22:29:53,954 INFO  client.GrpcClientProtocolClient (GrpcClientProtocolClient.java:onNext(255)) - client-7538DDC4E776->1b229672-9fc1-42d6-9200-214eb0163fc5: receive RaftClientReply:client-7538DDC4E776->1b229672-9fc1-42d6-9200-214eb0163fc5@group-440AB812C07F, cid=2283, SUCCESS, logIndex=3351, commits[1b229672-9fc1-42d6-9200-214eb0163fc5:c3352, 4cc0758a-96f5-4ab9-816d-81d822da247a:c3348, 8693c47f-40a3-4a1c-b7ba-6ed996b9183c:c3348]
2019-07-08 22:29:53,954 INFO  client.GrpcClientProtocolClient (GrpcClientProtocolClient.java:onNext(255)) - client-7538DDC4E776->1b229672-9fc1-42d6-9200-214eb0163fc5: receive RaftClientReply:client-7538DDC4E776->1b229672-9fc1-42d6-9200-214eb0163fc5@group-440AB812C07F, cid=2284, SUCCESS, logIndex=3352, commits[1b229672-9fc1-42d6-9200-214eb0163fc5:c3352, 4cc0758a-96f5-4ab9-816d-81d822da247a:c3348, 8693c47f-40a3-4a1c-b7ba-6ed996b9183c:c3348]
2019-07-08 22:29:53,967 INFO  client.GrpcClientProtocolClient (GrpcClientProtocolClient.java:onNext(255)) - client-7538DDC4E776->1b229672-9fc1-42d6-9200-214eb0163fc5: receive RaftClientReply:client-7538DDC4E776->1b229672-9fc1-42d6-9200-214eb0163fc5@group-440AB812C07F, cid=2285, SUCCESS, logIndex=0, commits[1b229672-9fc1-42d6-9200-214eb0163fc5:c3354, 4cc0758a-96f5-4ab9-816d-81d822da247a:c3352, 8693c47f-40a3-4a1c-b7ba-6ed996b9183c:c3352]
2019-07-08 22:29:54,000 INFO  client.GrpcClientProtocolClient (GrpcClientProtocolClient.java:onNext(255)) - client-7538DDC4E776->1b229672-9fc1-42d6-9200-214eb0163fc5: receive RaftClientReply:client-7538DDC4E776->1b229672-9fc1-42d6-9200-214eb0163fc5@group-440AB812C07F, cid=2286, SUCCESS, logIndex=3355, commits[1b229672-9fc1-42d6-9200-214eb0163fc5:c3356, 4cc0758a-96f5-4ab9-816d-81d822da247a:c3354, 8693c47f-40a3-4a1c-b7ba-6ed996b9183c:c3354]
2019-07-08 22:29:54,001 INFO  client.GrpcClientProtocolClient (GrpcClientProtocolClient.java:onNext(255)) - client-7538DDC4E776->1b229672-9fc1-42d6-9200-214eb0163fc5: receive RaftClientReply:client-7538DDC4E776->1b229672-9fc1-42d6-9200-214eb0163fc5@group-440AB812C07F, cid=2287, SUCCESS, logIndex=3356, commits[1b229672-9fc1-42d6-9200-214eb0163fc5:c3358, 4cc0758a-96f5-4ab9-816d-81d822da247a:c3354, 8693c47f-40a3-4a1c-b7ba-6ed996b9183c:c3354]
2019-07-08 22:29:54,001 INFO  client.GrpcClientProtocolClient (GrpcClientProtocolClient.java:onNext(255)) - client-7538DDC4E776->1b229672-9fc1-42d6-9200-214eb0163fc5: receive RaftClientReply:client-7538DDC4E776->1b229672-9fc1-42d6-9200-214eb0163fc5@group-440AB812C07F, cid=2288, SUCCESS, logIndex=3357, commits[1b229672-9fc1-42d6-9200-214eb0163fc5:c3358, 4cc0758a-96f5-4ab9-816d-81d822da247a:c3354, 8693c47f-40a3-4a1c-b7ba-6ed996b9183c:c3354]
2019-07-08 22:29:54,002 INFO  client.GrpcClientProtocolClient (GrpcClientProtocolClient.java:onNext(255)) - client-7538DDC4E776->1b229672-9fc1-42d6-9200-214eb0163fc5: receive RaftClientReply:client-7538DDC4E776->1b229672-9fc1-42d6-9200-214eb0163fc5@group-440AB812C07F, cid=2289, SUCCESS, logIndex=3358, commits[1b229672-9fc1-42d6-9200-214eb0163fc5:c3358, 4cc0758a-96f5-4ab9-816d-81d822da247a:c3354, 8693c47f-40a3-4a1c-b7ba-6ed996b9183c:c3354]
2019-07-08 22:29:54,006 INFO  client.GrpcClientProtocolClient (GrpcClientProtocolClient.java:onNext(255)) - client-7538DDC4E776->1b229672-9fc1-42d6-9200-214eb0163fc5: receive RaftClientReply:client-7538DDC4E776->1b229672-9fc1-42d6-9200-214eb0163fc5@group-440AB812C07F, cid=2290, SUCCESS, logIndex=0, commits[1b229672-9fc1-42d6-9200-214eb0163fc5:c3362, 4cc0758a-96f5-4ab9-816d-81d822da247a:c3358, 8693c47f-40a3-4a1c-b7ba-6ed996b9183c:c3356]
2019-07-08 22:29:54,018 INFO  client.GrpcClientProtocolClient (GrpcClientProtocolClient.java:onNext(255)) - client-7538DDC4E776->1b229672-9fc1-42d6-9200-214eb0163fc5: receive RaftClientReply:client-7538DDC4E776->1b229672-9fc1-42d6-9200-214eb0163fc5@group-440AB812C07F, cid=2291, SUCCESS, logIndex=3363, commits[1b229672-9fc1-42d6-9200-214eb0163fc5:c3364, 4cc0758a-96f5-4ab9-816d-81d822da247a:c3362, 8693c47f-40a3-4a1c-b7ba-6ed996b9183c:c3358]
2019-07-08 22:29:54,018 INFO  client.GrpcClientProtocolClient (GrpcClientProtocolClient.java:onNext(255)) - client-7538DDC4E776->1b229672-9fc1-42d6-9200-214eb0163fc5: receive RaftClientReply:client-7538DDC4E776->1b229672-9fc1-42d6-9200-214eb0163fc5@group-440AB812C07F, cid=2292, SUCCESS, logIndex=3364, commits[1b229672-9fc1-42d6-9200-214eb0163fc5:c3364, 4cc0758a-96f5-4ab9-816d-81d822da247a:c3362, 8693c47f-40a3-4a1c-b7ba-6ed996b9183c:c3362]
2019-07-08 22:29:54,030 INFO  client.GrpcClientProtocolClient (GrpcClientProtocolClient.java:onNext(255)) - client-7538DDC4E776->1b229672-9fc1-42d6-9200-214eb0163fc5: receive RaftClientReply:client-7538DDC4E776->1b229672-9fc1-42d6-9200-214eb0163fc5@group-440AB812C07F, cid=2293, SUCCESS, logIndex=3367, commits[1b229672-9fc1-42d6-9200-214eb0163fc5:c3368, 4cc0758a-96f5-4ab9-816d-81d822da247a:c3364, 8693c47f-40a3-4a1c-b7ba-6ed996b9183c:c3366]
2019-07-08 22:29:54,030 INFO  client.GrpcClientProtocolClient (GrpcClientProtocolClient.java:onNext(255)) - client-7538DDC4E776->1b229672-9fc1-42d6-9200-214eb0163fc5: receive RaftClientReply:client-7538DDC4E776->1b229672-9fc1-42d6-9200-214eb0163fc5@group-440AB812C07F, cid=2294, SUCCESS, logIndex=3368, commits[1b229672-9fc1-42d6-9200-214eb0163fc5:c3368, 4cc0758a-96f5-4ab9-816d-81d822da247a:c3366, 8693c47f-40a3-4a1c-b7ba-6ed996b9183c:c3366]
2019-07-08 22:29:54,034 INFO  client.GrpcClientProtocolClient (GrpcClientProtocolClient.java:onNext(255)) - client-7538DDC4E776->1b229672-9fc1-42d6-9200-214eb0163fc5: receive RaftClientReply:client-7538DDC4E776->1b229672-9fc1-42d6-9200-214eb0163fc5@group-440AB812C07F, cid=2295, SUCCESS, logIndex=0, commits[1b229672-9fc1-42d6-9200-214eb0163fc5:c3369, 4cc0758a-96f5-4ab9-816d-81d822da247a:c3368, 8693c47f-40a3-4a1c-b7ba-6ed996b9183c:c3368]
2019-07-08 22:29:54,179 INFO  client.GrpcClientProtocolClient (GrpcClientProtocolClient.java:onNext(255)) - client-7538DDC4E776->1b229672-9fc1-42d6-9200-214eb0163fc5: receive RaftClientReply:client-7538DDC4E776->1b229672-9fc1-42d6-9200-214eb0163fc5@group-440AB812C07F, cid=2296, SUCCESS, logIndex=3371, commits[1b229672-9fc1-42d6-9200-214eb0163fc5:c3372, 4cc0758a-96f5-4ab9-816d-81d822da247a:c3370, 8693c47f-40a3-4a1c-b7ba-6ed996b9183c:c3370]
2019-07-08 22:29:54,180 INFO  client.GrpcClientProtocolClient (GrpcClientProtocolClient.java:onNext(255)) - client-7538DDC4E776->1b229672-9fc1-42d6-9200-214eb0163fc5: receive RaftClientReply:client-7538DDC4E776->1b229672-9fc1-42d6-9200-214eb0163fc5@group-440AB812C07F, cid=2297, SUCCESS, logIndex=3372, commits[1b229672-9fc1-42d6-9200-214eb0163fc5:c3373, 4cc0758a-96f5-4ab9-816d-81d822da247a:c3370, 8693c47f-40a3-4a1c-b7ba-6ed996b9183c:c3370]
2019-07-08 22:29:54,180 INFO  client.GrpcClientProtocolClient (GrpcClientProtocolClient.java:onNext(255)) - client-7538DDC4E776->1b229672-9fc1-42d6-9200-214eb0163fc5: receive RaftClientReply:client-7538DDC4E776->1b229672-9fc1-42d6-9200-214eb0163fc5@group-440AB812C07F, cid=2298, SUCCESS, logIndex=3373, commits[1b229672-9fc1-42d6-9200-214eb0163fc5:c3374, 4cc0758a-96f5-4ab9-816d-81d822da247a:c3370, 8693c47f-40a3-4a1c-b7ba-6ed996b9183c:c3370]
2019-07-08 22:29:54,180 INFO  client.GrpcClientProtocolClient (GrpcClientProtocolClient.java:onNext(255)) - client-7538DDC4E776->1b229672-9fc1-42d6-9200-214eb0163fc5: receive RaftClientReply:client-7538DDC4E776->1b229672-9fc1-42d6-9200-214eb0163fc5@group-440AB812C07F, cid=2299, SUCCESS, logIndex=3374, commits[1b229672-9fc1-42d6-9200-214eb0163fc5:c3374, 4cc0758a-96f5-4ab9-816d-81d822da247a:c3370, 8693c47f-40a3-4a1c-b7ba-6ed996b9183c:c3370]
2019-07-08 22:29:54,182 INFO  client.GrpcClientProtocolClient (GrpcClientProtocolClient.java:onNext(255)) - client-7538DDC4E776->1b229672-9fc1-42d6-9200-214eb0163fc5: receive RaftClientReply:client-7538DDC4E776->1b229672-9fc1-42d6-9200-214eb0163fc5@group-440AB812C07F, cid=2300, SUCCESS, logIndex=0, commits[1b229672-9fc1-42d6-9200-214eb0163fc5:c3376, 4cc0758a-96f5-4ab9-816d-81d822da247a:c3372, 8693c47f-40a3-4a1c-b7ba-6ed996b9183c:c3372]
2019-07-08 22:29:54,204 INFO  client.GrpcClientProtocolClient (GrpcClientProtocolClient.java:onNext(255)) - client-7538DDC4E776->1b229672-9fc1-42d6-9200-214eb0163fc5: receive RaftClientReply:client-7538DDC4E776->1b229672-9fc1-42d6-9200-214eb0163fc5@group-440AB812C07F, cid=2301, SUCCESS, logIndex=3379, commits[1b229672-9fc1-42d6-9200-214eb0163fc5:c3380, 4cc0758a-96f5-4ab9-816d-81d822da247a:c3378, 8693c47f-40a3-4a1c-b7ba-6ed996b9183c:c3378]
2019-07-08 22:29:54,204 INFO  client.GrpcClientProtocolClient (GrpcClientProtocolClient.java:onNext(255)) - client-7538DDC4E776->1b229672-9fc1-42d6-9200-214eb0163fc5: receive RaftClientReply:client-7538DDC4E776->1b229672-9fc1-42d6-9200-214eb0163fc5@group-440AB812C07F, cid=2302, SUCCESS, logIndex=3380, commits[1b229672-9fc1-42d6-9200-214eb0163fc5:c3380, 4cc0758a-96f5-4ab9-816d-81d822da247a:c3378, 8693c47f-40a3-4a1c-b7ba-6ed996b9183c:c3378]
2019-07-08 22:29:54,218 INFO  client.GrpcClientProtocolClient (GrpcClientProtocolClient.java:onNext(255)) - client-7538DDC4E776->1b229672-9fc1-42d6-9200-214eb0163fc5: receive RaftClientReply:client-7538DDC4E776->1b229672-9fc1-42d6-9200-214eb0163fc5@group-440AB812C07F, cid=2303, SUCCESS, logIndex=3383, commits[1b229672-9fc1-42d6-9200-214eb0163fc5:c3384, 4cc0758a-96f5-4ab9-816d-81d822da247a:c3379, 8693c47f-40a3-4a1c-b7ba-6ed996b9183c:c3380]
2019-07-08 22:29:54,218 INFO  client.GrpcClientProtocolClient (GrpcClientProtocolClient.java:onNext(255)) - client-7538DDC4E776->1b229672-9fc1-42d6-9200-214eb0163fc5: receive RaftClientReply:client-7538DDC4E776->1b229672-9fc1-42d6-9200-214eb0163fc5@group-440AB812C07F, cid=2304, SUCCESS, logIndex=3384, commits[1b229672-9fc1-42d6-9200-214eb0163fc5:c3384, 4cc0758a-96f5-4ab9-816d-81d822da247a:c3379, 8693c47f-40a3-4a1c-b7ba-6ed996b9183c:c3380]
2019-07-08 22:29:54,219 INFO  client.GrpcClientProtocolClient (GrpcClientProtocolClient.java:onNext(255)) - client-7538DDC4E776->1b229672-9fc1-42d6-9200-214eb0163fc5: receive RaftClientReply:client-7538DDC4E776->1b229672-9fc1-42d6-9200-214eb0163fc5@group-440AB812C07F, cid=2305, SUCCESS, logIndex=0, commits[1b229672-9fc1-42d6-9200-214eb0163fc5:c3385, 4cc0758a-96f5-4ab9-816d-81d822da247a:c3380, 8693c47f-40a3-4a1c-b7ba-6ed996b9183c:c3383]
2019-07-08 22:29:54,220 INFO  client.GrpcClientProtocolClient (GrpcClientProtocolClient.java:onNext(255)) - client-7538DDC4E776->1b229672-9fc1-42d6-9200-214eb0163fc5: receive RaftClientReply:client-7538DDC4E776->1b229672-9fc1-42d6-9200-214eb0163fc5@group-440AB812C07F, cid=2306, SUCCESS, logIndex=0, commits[1b229672-9fc1-42d6-9200-214eb0163fc5:c3386, 4cc0758a-96f5-4ab9-816d-81d822da247a:c3384, 8693c47f-40a3-4a1c-b7ba-6ed996b9183c:c3384]
2019-07-08 22:29:54,252 INFO  client.GrpcClientProtocolClient (GrpcClientProtocolClient.java:onNext(255)) - client-7538DDC4E776->1b229672-9fc1-42d6-9200-214eb0163fc5: receive RaftClientReply:client-7538DDC4E776->1b229672-9fc1-42d6-9200-214eb0163fc5@group-440AB812C07F, cid=2307, SUCCESS, logIndex=3387, commits[1b229672-9fc1-42d6-9200-214eb0163fc5:c3388, 4cc0758a-96f5-4ab9-816d-81d822da247a:c3386, 8693c47f-40a3-4a1c-b7ba-6ed996b9183c:c3386]
2019-07-08 22:29:54,253 INFO  client.GrpcClientProtocolClient (GrpcClientProtocolClient.java:onNext(255)) - client-7538DDC4E776->1b229672-9fc1-42d6-9200-214eb0163fc5: receive RaftClientReply:client-7538DDC4E776->1b229672-9fc1-42d6-9200-214eb0163fc5@group-440AB812C07F, cid=2308, SUCCESS, logIndex=3388, commits[1b229672-9fc1-42d6-9200-214eb0163fc5:c3390, 4cc0758a-96f5-4ab9-816d-81d822da247a:c3386, 8693c47f-40a3-4a1c-b7ba-6ed996b9183c:c3386]
2019-07-08 22:29:54,253 INFO  client.GrpcClientProtocolClient (GrpcClientProtocolClient.java:onNext(255)) - client-7538DDC4E776->1b229672-9fc1-42d6-9200-214eb0163fc5: receive RaftClientReply:client-7538DDC4E776->1b229672-9fc1-42d6-9200-214eb0163fc5@group-440AB812C07F, cid=2309, SUCCESS, logIndex=3389, commits[1b229672-9fc1-42d6-9200-214eb0163fc5:c3390, 4cc0758a-96f5-4ab9-816d-81d822da247a:c3386, 8693c47f-40a3-4a1c-b7ba-6ed996b9183c:c3386]
2019-07-08 22:29:54,253 INFO  client.GrpcClientProtocolClient (GrpcClientProtocolClient.java:onNext(255)) - client-7538DDC4E776->1b229672-9fc1-42d6-9200-214eb0163fc5: receive RaftClientReply:client-7538DDC4E776->1b229672-9fc1-42d6-9200-214eb0163fc5@group-440AB812C07F, cid=2310, SUCCESS, logIndex=3390, commits[1b229672-9fc1-42d6-9200-214eb0163fc5:c3390, 4cc0758a-96f5-4ab9-816d-81d822da247a:c3386, 8693c47f-40a3-4a1c-b7ba-6ed996b9183c:c3386]
2019-07-08 22:29:54,255 INFO  client.GrpcClientProtocolClient (GrpcClientProtocolClient.java:onNext(255)) - client-7538DDC4E776->1b229672-9fc1-42d6-9200-214eb0163fc5: receive RaftClientReply:client-7538DDC4E776->1b229672-9fc1-42d6-9200-214eb0163fc5@group-440AB812C07F, cid=2311, SUCCESS, logIndex=0, commits[1b229672-9fc1-42d6-9200-214eb0163fc5:c3392, 4cc0758a-96f5-4ab9-816d-81d822da247a:c3388, 8693c47f-40a3-4a1c-b7ba-6ed996b9183c:c3388]
2019-07-08 22:29:54,278 INFO  client.GrpcClientProtocolClient (GrpcClientProtocolClient.java:onNext(255)) - client-7538DDC4E776->1b229672-9fc1-42d6-9200-214eb0163fc5: receive RaftClientReply:client-7538DDC4E776->1b229672-9fc1-42d6-9200-214eb0163fc5@group-440AB812C07F, cid=2312, SUCCESS, logIndex=3395, commits[1b229672-9fc1-42d6-9200-214eb0163fc5:c3396, 4cc0758a-96f5-4ab9-816d-81d822da247a:c3392, 8693c47f-40a3-4a1c-b7ba-6ed996b9183c:c3390]
2019-07-08 22:29:54,279 INFO  client.GrpcClientProtocolClient (GrpcClientProtocolClient.java:onNext(255)) - client-7538DDC4E776->1b229672-9fc1-42d6-9200-214eb0163fc5: receive RaftClientReply:client-7538DDC4E776->1b229672-9fc1-42d6-9200-214eb0163fc5@group-440AB812C07F, cid=2313, SUCCESS, logIndex=3396, commits[1b229672-9fc1-42d6-9200-214eb0163fc5:c3396, 4cc0758a-96f5-4ab9-816d-81d822da247a:c3392, 8693c47f-40a3-4a1c-b7ba-6ed996b9183c:c3392]
2019-07-08 22:29:54,292 INFO  client.GrpcClientProtocolClient (GrpcClientProtocolClient.java:onNext(255)) - client-7538DDC4E776->1b229672-9fc1-42d6-9200-214eb0163fc5: receive RaftClientReply:client-7538DDC4E776->1b229672-9fc1-42d6-9200-214eb0163fc5@group-440AB812C07F, cid=2314, SUCCESS, logIndex=3398, commits[1b229672-9fc1-42d6-9200-214eb0163fc5:c3399, 4cc0758a-96f5-4ab9-816d-81d822da247a:c3396, 8693c47f-40a3-4a1c-b7ba-6ed996b9183c:c3396]
2019-07-08 22:29:54,292 INFO  client.GrpcClientProtocolClient (GrpcClientProtocolClient.java:onNext(255)) - client-7538DDC4E776->1b229672-9fc1-42d6-9200-214eb0163fc5: receive RaftClientReply:client-7538DDC4E776->1b229672-9fc1-42d6-9200-214eb0163fc5@group-440AB812C07F, cid=2315, SUCCESS, logIndex=3399, commits[1b229672-9fc1-42d6-9200-214eb0163fc5:c3399, 4cc0758a-96f5-4ab9-816d-81d822da247a:c3396, 8693c47f-40a3-4a1c-b7ba-6ed996b9183c:c3396]
2019-07-08 22:29:54,295 INFO  client.GrpcClientProtocolClient (GrpcClientProtocolClient.java:onNext(255)) - client-7538DDC4E776->1b229672-9fc1-42d6-9200-214eb0163fc5: receive RaftClientReply:client-7538DDC4E776->1b229672-9fc1-42d6-9200-214eb0163fc5@group-440AB812C07F, cid=2316, SUCCESS, logIndex=0, commits[1b229672-9fc1-42d6-9200-214eb0163fc5:c3400, 4cc0758a-96f5-4ab9-816d-81d822da247a:c3399, 8693c47f-40a3-4a1c-b7ba-6ed996b9183c:c3399]
2019-07-08 22:29:54,330 INFO  client.GrpcClientProtocolClient (GrpcClientProtocolClient.java:onNext(255)) - client-7538DDC4E776->1b229672-9fc1-42d6-9200-214eb0163fc5: receive RaftClientReply:client-7538DDC4E776->1b229672-9fc1-42d6-9200-214eb0163fc5@group-440AB812C07F, cid=2317, SUCCESS, logIndex=3402, commits[1b229672-9fc1-42d6-9200-214eb0163fc5:c3404, 4cc0758a-96f5-4ab9-816d-81d822da247a:c3399, 8693c47f-40a3-4a1c-b7ba-6ed996b9183c:c3401]
2019-07-08 22:29:54,331 INFO  client.GrpcClientProtocolClient (GrpcClientProtocolClient.java:onNext(255)) - client-7538DDC4E776->1b229672-9fc1-42d6-9200-214eb0163fc5: receive RaftClientReply:client-7538DDC4E776->1b229672-9fc1-42d6-9200-214eb0163fc5@group-440AB812C07F, cid=2318, SUCCESS, logIndex=3403, commits[1b229672-9fc1-42d6-9200-214eb0163fc5:c3405, 4cc0758a-96f5-4ab9-816d-81d822da247a:c3401, 8693c47f-40a3-4a1c-b7ba-6ed996b9183c:c3401]
2019-07-08 22:29:54,331 INFO  client.GrpcClientProtocolClient (GrpcClientProtocolClient.java:onNext(255)) - client-7538DDC4E776->1b229672-9fc1-42d6-9200-214eb0163fc5: receive RaftClientReply:client-7538DDC4E776->1b229672-9fc1-42d6-9200-214eb0163fc5@group-440AB812C07F, cid=2319, SUCCESS, logIndex=3404, commits[1b229672-9fc1-42d6-9200-214eb0163fc5:c3405, 4cc0758a-96f5-4ab9-816d-81d822da247a:c3401, 8693c47f-40a3-4a1c-b7ba-6ed996b9183c:c3401]
2019-07-08 22:29:54,331 INFO  client.GrpcClientProtocolClient (GrpcClientProtocolClient.java:onNext(255)) - client-7538DDC4E776->1b229672-9fc1-42d6-9200-214eb0163fc5: receive RaftClientReply:client-7538DDC4E776->1b229672-9fc1-42d6-9200-214eb0163fc5@group-440AB812C07F, cid=2320, SUCCESS, logIndex=3405, commits[1b229672-9fc1-42d6-9200-214eb0163fc5:c3405, 4cc0758a-96f5-4ab9-816d-81d822da247a:c3401, 8693c47f-40a3-4a1c-b7ba-6ed996b9183c:c3401]
2019-07-08 22:29:54,345 INFO  client.GrpcClientProtocolClient (GrpcClientProtocolClient.java:onNext(255)) - client-7538DDC4E776->1b229672-9fc1-42d6-9200-214eb0163fc5: receive RaftClientReply:client-7538DDC4E776->1b229672-9fc1-42d6-9200-214eb0163fc5@group-440AB812C07F, cid=2321, SUCCESS, logIndex=0, commits[1b229672-9fc1-42d6-9200-214eb0163fc5:c3407, 4cc0758a-96f5-4ab9-816d-81d822da247a:c3403, 8693c47f-40a3-4a1c-b7ba-6ed996b9183c:c3403]
2019-07-08 22:29:54,367 INFO  client.GrpcClientProtocolClient (GrpcClientProtocolClient.java:onNext(255)) - client-7538DDC4E776->1b229672-9fc1-42d6-9200-214eb0163fc5: receive RaftClientReply:client-7538DDC4E776->1b229672-9fc1-42d6-9200-214eb0163fc5@group-440AB812C07F, cid=2322, SUCCESS, logIndex=3410, commits[1b229672-9fc1-42d6-9200-214eb0163fc5:c3411, 4cc0758a-96f5-4ab9-816d-81d822da247a:c3409, 8693c47f-40a3-4a1c-b7ba-6ed996b9183c:c3409]
2019-07-08 22:29:54,367 INFO  client.GrpcClientProtocolClient (GrpcClientProtocolClient.java:onNext(255)) - client-7538DDC4E776->1b229672-9fc1-42d6-9200-214eb0163fc5: receive RaftClientReply:client-7538DDC4E776->1b229672-9fc1-42d6-9200-214eb0163fc5@group-440AB812C07F, cid=2323, SUCCESS, logIndex=3411, commits[1b229672-9fc1-42d6-9200-214eb0163fc5:c3411, 4cc0758a-96f5-4ab9-816d-81d822da247a:c3409, 8693c47f-40a3-4a1c-b7ba-6ed996b9183c:c3409]
2019-07-08 22:29:54,379 INFO  client.GrpcClientProtocolClient (GrpcClientProtocolClient.java:onNext(255)) - client-7538DDC4E776->1b229672-9fc1-42d6-9200-214eb0163fc5: receive RaftClientReply:client-7538DDC4E776->1b229672-9fc1-42d6-9200-214eb0163fc5@group-440AB812C07F, cid=2324, SUCCESS, logIndex=3414, commits[1b229672-9fc1-42d6-9200-214eb0163fc5:c3415, 4cc0758a-96f5-4ab9-816d-81d822da247a:c3411, 8693c47f-40a3-4a1c-b7ba-6ed996b9183c:c3411]
2019-07-08 22:29:54,380 INFO  client.GrpcClientProtocolClient (GrpcClientProtocolClient.java:onNext(255)) - client-7538DDC4E776->1b229672-9fc1-42d6-9200-214eb0163fc5: receive RaftClientReply:client-7538DDC4E776->1b229672-9fc1-42d6-9200-214eb0163fc5@group-440AB812C07F, cid=2325, SUCCESS, logIndex=3415, commits[1b229672-9fc1-42d6-9200-214eb0163fc5:c3415, 4cc0758a-96f5-4ab9-816d-81d822da247a:c3411, 8693c47f-40a3-4a1c-b7ba-6ed996b9183c:c3411]
2019-07-08 22:29:54,393 INFO  client.GrpcClientProtocolClient (GrpcClientProtocolClient.java:onNext(255)) - client-7538DDC4E776->1b229672-9fc1-42d6-9200-214eb0163fc5: receive RaftClientReply:client-7538DDC4E776->1b229672-9fc1-42d6-9200-214eb0163fc5@group-440AB812C07F, cid=2326, SUCCESS, logIndex=0, commits[1b229672-9fc1-42d6-9200-214eb0163fc5:c3416, 4cc0758a-96f5-4ab9-816d-81d822da247a:c3415, 8693c47f-40a3-4a1c-b7ba-6ed996b9183c:c3415]
2019-07-08 22:29:54,422 INFO  client.GrpcClientProtocolClient (GrpcClientProtocolClient.java:onNext(255)) - client-7538DDC4E776->1b229672-9fc1-42d6-9200-214eb0163fc5: receive RaftClientReply:client-7538DDC4E776->1b229672-9fc1-42d6-9200-214eb0163fc5@group-440AB812C07F, cid=2327, SUCCESS, logIndex=3418, commits[1b229672-9fc1-42d6-9200-214eb0163fc5:c3418, 4cc0758a-96f5-4ab9-816d-81d822da247a:c3417, 8693c47f-40a3-4a1c-b7ba-6ed996b9183c:c3417]
2019-07-08 22:29:54,423 INFO  client.GrpcClientProtocolClient (GrpcClientProtocolClient.java:onNext(255)) - client-7538DDC4E776->1b229672-9fc1-42d6-9200-214eb0163fc5: receive RaftClientReply:client-7538DDC4E776->1b229672-9fc1-42d6-9200-214eb0163fc5@group-440AB812C07F, cid=2328, SUCCESS, logIndex=3419, commits[1b229672-9fc1-42d6-9200-214eb0163fc5:c3421, 4cc0758a-96f5-4ab9-816d-81d822da247a:c3417, 8693c47f-40a3-4a1c-b7ba-6ed996b9183c:c3417]
2019-07-08 22:29:54,423 INFO  client.GrpcClientProtocolClient (GrpcClientProtocolClient.java:onNext(255)) - client-7538DDC4E776->1b229672-9fc1-42d6-9200-214eb0163fc5: receive RaftClientReply:client-7538DDC4E776->1b229672-9fc1-42d6-9200-214eb0163fc5@group-440AB812C07F, cid=2329, SUCCESS, logIndex=3420, commits[1b229672-9fc1-42d6-9200-214eb0163fc5:c3421, 4cc0758a-96f5-4ab9-816d-81d822da247a:c3417, 8693c47f-40a3-4a1c-b7ba-6ed996b9183c:c3417]
2019-07-08 22:29:54,423 INFO  client.GrpcClientProtocolClient (GrpcClientProtocolClient.java:onNext(255)) - client-7538DDC4E776->1b229672-9fc1-42d6-9200-214eb0163fc5: receive RaftClientReply:client-7538DDC4E776->1b229672-9fc1-42d6-9200-214eb0163fc5@group-440AB812C07F, cid=2330, SUCCESS, logIndex=3421, commits[1b229672-9fc1-42d6-9200-214eb0163fc5:c3421, 4cc0758a-96f5-4ab9-816d-81d822da247a:c3417, 8693c47f-40a3-4a1c-b7ba-6ed996b9183c:c3417]
2019-07-08 22:29:54,438 INFO  client.GrpcClientProtocolClient (GrpcClientProtocolClient.java:onNext(255)) - client-7538DDC4E776->1b229672-9fc1-42d6-9200-214eb0163fc5: receive RaftClientReply:client-7538DDC4E776->1b229672-9fc1-42d6-9200-214eb0163fc5@group-440AB812C07F, cid=2331, SUCCESS, logIndex=0, commits[1b229672-9fc1-42d6-9200-214eb0163fc5:c3424, 4cc0758a-96f5-4ab9-816d-81d822da247a:c3421, 8693c47f-40a3-4a1c-b7ba-6ed996b9183c:c3419]
2019-07-08 22:29:54,459 INFO  client.GrpcClientProtocolClient (GrpcClientProtocolClient.java:onNext(255)) - client-7538DDC4E776->1b229672-9fc1-42d6-9200-214eb0163fc5: receive RaftClientReply:client-7538DDC4E776->1b229672-9fc1-42d6-9200-214eb0163fc5@group-440AB812C07F, cid=2332, SUCCESS, logIndex=3425, commits[1b229672-9fc1-42d6-9200-214eb0163fc5:c3426, 4cc0758a-96f5-4ab9-816d-81d822da247a:c3424, 8693c47f-40a3-4a1c-b7ba-6ed996b9183c:c3424]
2019-07-08 22:29:54,459 INFO  client.GrpcClientProtocolClient (GrpcClientProtocolClient.java:onNext(255)) - client-7538DDC4E776->1b229672-9fc1-42d6-9200-214eb0163fc5: receive RaftClientReply:client-7538DDC4E776->1b229672-9fc1-42d6-9200-214eb0163fc5@group-440AB812C07F, cid=2333, SUCCESS, logIndex=3426, commits[1b229672-9fc1-42d6-9200-214eb0163fc5:c3426, 4cc0758a-96f5-4ab9-816d-81d822da247a:c3424, 8693c47f-40a3-4a1c-b7ba-6ed996b9183c:c3424]
2019-07-08 22:29:54,473 INFO  client.GrpcClientProtocolClient (GrpcClientProtocolClient.java:onNext(255)) - client-7538DDC4E776->1b229672-9fc1-42d6-9200-214eb0163fc5: receive RaftClientReply:client-7538DDC4E776->1b229672-9fc1-42d6-9200-214eb0163fc5@group-440AB812C07F, cid=2334, SUCCESS, logIndex=3429, commits[1b229672-9fc1-42d6-9200-214eb0163fc5:c3430, 4cc0758a-96f5-4ab9-816d-81d822da247a:c3426, 8693c47f-40a3-4a1c-b7ba-6ed996b9183c:c3426]
2019-07-08 22:29:54,474 INFO  client.GrpcClientProtocolClient (GrpcClientProtocolClient.java:onNext(255)) - client-7538DDC4E776->1b229672-9fc1-42d6-9200-214eb0163fc5: receive RaftClientReply:client-7538DDC4E776->1b229672-9fc1-42d6-9200-214eb0163fc5@group-440AB812C07F, cid=2335, SUCCESS, logIndex=3430, commits[1b229672-9fc1-42d6-9200-214eb0163fc5:c3430, 4cc0758a-96f5-4ab9-816d-81d822da247a:c3426, 8693c47f-40a3-4a1c-b7ba-6ed996b9183c:c3426]
2019-07-08 22:29:54,485 INFO  client.GrpcClientProtocolClient (GrpcClientProtocolClient.java:onNext(255)) - client-7538DDC4E776->1b229672-9fc1-42d6-9200-214eb0163fc5: receive RaftClientReply:client-7538DDC4E776->1b229672-9fc1-42d6-9200-214eb0163fc5@group-440AB812C07F, cid=2336, SUCCESS, logIndex=0, commits[1b229672-9fc1-42d6-9200-214eb0163fc5:c3431, 4cc0758a-96f5-4ab9-816d-81d822da247a:c3430, 8693c47f-40a3-4a1c-b7ba-6ed996b9183c:c3430]
2019-07-08 22:29:54,520 INFO  client.GrpcClientProtocolClient (GrpcClientProtocolClient.java:onNext(255)) - client-7538DDC4E776->1b229672-9fc1-42d6-9200-214eb0163fc5: receive RaftClientReply:client-7538DDC4E776->1b229672-9fc1-42d6-9200-214eb0163fc5@group-440AB812C07F, cid=2337, SUCCESS, logIndex=3433, commits[1b229672-9fc1-42d6-9200-214eb0163fc5:c3434, 4cc0758a-96f5-4ab9-816d-81d822da247a:c3432, 8693c47f-40a3-4a1c-b7ba-6ed996b9183c:c3432]
2019-07-08 22:29:54,520 INFO  client.GrpcClientProtocolClient (GrpcClientProtocolClient.java:onNext(255)) - client-7538DDC4E776->1b229672-9fc1-42d6-9200-214eb0163fc5: receive RaftClientReply:client-7538DDC4E776->1b229672-9fc1-42d6-9200-214eb0163fc5@group-440AB812C07F, cid=2338, SUCCESS, logIndex=3434, commits[1b229672-9fc1-42d6-9200-214eb0163fc5:c3436, 4cc0758a-96f5-4ab9-816d-81d822da247a:c3432, 8693c47f-40a3-4a1c-b7ba-6ed996b9183c:c3432]
2019-07-08 22:29:54,521 INFO  client.GrpcClientProtocolClient (GrpcClientProtocolClient.java:onNext(255)) - client-7538DDC4E776->1b229672-9fc1-42d6-9200-214eb0163fc5: receive RaftClientReply:client-7538DDC4E776->1b229672-9fc1-42d6-9200-214eb0163fc5@group-440AB812C07F, cid=2339, SUCCESS, logIndex=3435, commits[1b229672-9fc1-42d6-9200-214eb0163fc5:c3436, 4cc0758a-96f5-4ab9-816d-81d822da247a:c3432, 8693c47f-40a3-4a1c-b7ba-6ed996b9183c:c3432]
2019-07-08 22:29:54,521 INFO  client.GrpcClientProtocolClient (GrpcClientProtocolClient.java:onNext(255)) - client-7538DDC4E776->1b229672-9fc1-42d6-9200-214eb0163fc5: receive RaftClientReply:client-7538DDC4E776->1b229672-9fc1-42d6-9200-214eb0163fc5@group-440AB812C07F, cid=2340, SUCCESS, logIndex=3436, commits[1b229672-9fc1-42d6-9200-214eb0163fc5:c3436, 4cc0758a-96f5-4ab9-816d-81d822da247a:c3432, 8693c47f-40a3-4a1c-b7ba-6ed996b9183c:c3432]
2019-07-08 22:29:54,525 INFO  client.GrpcClientProtocolClient (GrpcClientProtocolClient.java:onNext(255)) - client-7538DDC4E776->1b229672-9fc1-42d6-9200-214eb0163fc5: receive RaftClientReply:client-7538DDC4E776->1b229672-9fc1-42d6-9200-214eb0163fc5@group-440AB812C07F, cid=2341, SUCCESS, logIndex=0, commits[1b229672-9fc1-42d6-9200-214eb0163fc5:c3438, 4cc0758a-96f5-4ab9-816d-81d822da247a:c3434, 8693c47f-40a3-4a1c-b7ba-6ed996b9183c:c3434]
2019-07-08 22:29:54,536 INFO  client.GrpcClientProtocolClient (GrpcClientProtocolClient.java:onNext(255)) - client-7538DDC4E776->1b229672-9fc1-42d6-9200-214eb0163fc5: receive RaftClientReply:client-7538DDC4E776->1b229672-9fc1-42d6-9200-214eb0163fc5@group-440AB812C07F, cid=2342, SUCCESS, logIndex=3440, commits[1b229672-9fc1-42d6-9200-214eb0163fc5:c3441, 4cc0758a-96f5-4ab9-816d-81d822da247a:c3439, 8693c47f-40a3-4a1c-b7ba-6ed996b9183c:c3436]
2019-07-08 22:29:54,537 INFO  client.GrpcClientProtocolClient (GrpcClientProtocolClient.java:onNext(255)) - client-7538DDC4E776->1b229672-9fc1-42d6-9200-214eb0163fc5: receive RaftClientReply:client-7538DDC4E776->1b229672-9fc1-42d6-9200-214eb0163fc5@group-440AB812C07F, cid=2343, SUCCESS, logIndex=3441, commits[1b229672-9fc1-42d6-9200-214eb0163fc5:c3441, 4cc0758a-96f5-4ab9-816d-81d822da247a:c3439, 8693c47f-40a3-4a1c-b7ba-6ed996b9183c:c3439]
2019-07-08 22:29:54,548 INFO  client.GrpcClientProtocolClient (GrpcClientProtocolClient.java:onNext(255)) - client-7538DDC4E776->1b229672-9fc1-42d6-9200-214eb0163fc5: receive RaftClientReply:client-7538DDC4E776->1b229672-9fc1-42d6-9200-214eb0163fc5@group-440AB812C07F, cid=2344, SUCCESS, logIndex=3444, commits[1b229672-9fc1-42d6-9200-214eb0163fc5:c3445, 4cc0758a-96f5-4ab9-816d-81d822da247a:c3441, 8693c47f-40a3-4a1c-b7ba-6ed996b9183c:c3443]
2019-07-08 22:29:54,548 INFO  client.GrpcClientProtocolClient (GrpcClientProtocolClient.java:onNext(255)) - client-7538DDC4E776->1b229672-9fc1-42d6-9200-214eb0163fc5: receive RaftClientReply:client-7538DDC4E776->1b229672-9fc1-42d6-9200-214eb0163fc5@group-440AB812C07F, cid=2345, SUCCESS, logIndex=3445, commits[1b229672-9fc1-42d6-9200-214eb0163fc5:c3445, 4cc0758a-96f5-4ab9-816d-81d822da247a:c3443, 8693c47f-40a3-4a1c-b7ba-6ed996b9183c:c3443]
2019-07-08 22:29:54,553 INFO  client.GrpcClientProtocolClient (GrpcClientProtocolClient.java:onNext(255)) - client-7538DDC4E776->1b229672-9fc1-42d6-9200-214eb0163fc5: receive RaftClientReply:client-7538DDC4E776->1b229672-9fc1-42d6-9200-214eb0163fc5@group-440AB812C07F, cid=2346, SUCCESS, logIndex=0, commits[1b229672-9fc1-42d6-9200-214eb0163fc5:c3447, 4cc0758a-96f5-4ab9-816d-81d822da247a:c3445, 8693c47f-40a3-4a1c-b7ba-6ed996b9183c:c3445]
2019-07-08 22:29:54,590 INFO  client.GrpcClientProtocolClient (GrpcClientProtocolClient.java:onNext(255)) - client-7538DDC4E776->1b229672-9fc1-42d6-9200-214eb0163fc5: receive RaftClientReply:client-7538DDC4E776->1b229672-9fc1-42d6-9200-214eb0163fc5@group-440AB812C07F, cid=2347, SUCCESS, logIndex=3448, commits[1b229672-9fc1-42d6-9200-214eb0163fc5:c3448, 4cc0758a-96f5-4ab9-816d-81d822da247a:c3447, 8693c47f-40a3-4a1c-b7ba-6ed996b9183c:c3447]
2019-07-08 22:29:54,591 INFO  client.GrpcClientProtocolClient (GrpcClientProtocolClient.java:onNext(255)) - client-7538DDC4E776->1b229672-9fc1-42d6-9200-214eb0163fc5: receive RaftClientReply:client-7538DDC4E776->1b229672-9fc1-42d6-9200-214eb0163fc5@group-440AB812C07F, cid=2348, SUCCESS, logIndex=3449, commits[1b229672-9fc1-42d6-9200-214eb0163fc5:c3449, 4cc0758a-96f5-4ab9-816d-81d822da247a:c3447, 8693c47f-40a3-4a1c-b7ba-6ed996b9183c:c3447]
2019-07-08 22:29:54,601 INFO  client.GrpcClientProtocolClient (GrpcClientProtocolClient.java:onNext(255)) - client-7538DDC4E776->1b229672-9fc1-42d6-9200-214eb0163fc5: receive RaftClientReply:client-7538DDC4E776->1b229672-9fc1-42d6-9200-214eb0163fc5@group-440AB812C07F, cid=2349, SUCCESS, logIndex=3450, commits[1b229672-9fc1-42d6-9200-214eb0163fc5:c3451, 4cc0758a-96f5-4ab9-816d-81d822da247a:c3447, 8693c47f-40a3-4a1c-b7ba-6ed996b9183c:c3447]
2019-07-08 22:29:54,602 INFO  client.GrpcClientProtocolClient (GrpcClientProtocolClient.java:onNext(255)) - client-7538DDC4E776->1b229672-9fc1-42d6-9200-214eb0163fc5: receive RaftClientReply:client-7538DDC4E776->1b229672-9fc1-42d6-9200-214eb0163fc5@group-440AB812C07F, cid=2350, SUCCESS, logIndex=3451, commits[1b229672-9fc1-42d6-9200-214eb0163fc5:c3451, 4cc0758a-96f5-4ab9-816d-81d822da247a:c3447, 8693c47f-40a3-4a1c-b7ba-6ed996b9183c:c3447]
2019-07-08 22:29:54,604 INFO  client.GrpcClientProtocolClient (GrpcClientProtocolClient.java:onNext(255)) - client-7538DDC4E776->1b229672-9fc1-42d6-9200-214eb0163fc5: receive RaftClientReply:client-7538DDC4E776->1b229672-9fc1-42d6-9200-214eb0163fc5@group-440AB812C07F, cid=2351, SUCCESS, logIndex=0, commits[1b229672-9fc1-42d6-9200-214eb0163fc5:c3453, 4cc0758a-96f5-4ab9-816d-81d822da247a:c3449, 8693c47f-40a3-4a1c-b7ba-6ed996b9183c:c3449]
2019-07-08 22:29:54,618 INFO  client.GrpcClientProtocolClient (GrpcClientProtocolClient.java:onNext(255)) - client-7538DDC4E776->1b229672-9fc1-42d6-9200-214eb0163fc5: receive RaftClientReply:client-7538DDC4E776->1b229672-9fc1-42d6-9200-214eb0163fc5@group-440AB812C07F, cid=2352, SUCCESS, logIndex=3456, commits[1b229672-9fc1-42d6-9200-214eb0163fc5:c3457, 4cc0758a-96f5-4ab9-816d-81d822da247a:c3453, 8693c47f-40a3-4a1c-b7ba-6ed996b9183c:c3451]
2019-07-08 22:29:54,618 INFO  client.GrpcClientProtocolClient (GrpcClientProtocolClient.java:onNext(255)) - client-7538DDC4E776->1b229672-9fc1-42d6-9200-214eb0163fc5: receive RaftClientReply:client-7538DDC4E776->1b229672-9fc1-42d6-9200-214eb0163fc5@group-440AB812C07F, cid=2353, SUCCESS, logIndex=3457, commits[1b229672-9fc1-42d6-9200-214eb0163fc5:c3457, 4cc0758a-96f5-4ab9-816d-81d822da247a:c3453, 8693c47f-40a3-4a1c-b7ba-6ed996b9183c:c3451]
2019-07-08 22:29:54,634 INFO  client.GrpcClientProtocolClient (GrpcClientProtocolClient.java:onNext(255)) - client-7538DDC4E776->1b229672-9fc1-42d6-9200-214eb0163fc5: receive RaftClientReply:client-7538DDC4E776->1b229672-9fc1-42d6-9200-214eb0163fc5@group-440AB812C07F, cid=2354, SUCCESS, logIndex=3460, commits[1b229672-9fc1-42d6-9200-214eb0163fc5:c3461, 4cc0758a-96f5-4ab9-816d-81d822da247a:c3457, 8693c47f-40a3-4a1c-b7ba-6ed996b9183c:c3459]
2019-07-08 22:29:54,634 INFO  client.GrpcClientProtocolClient (GrpcClientProtocolClient.java:onNext(255)) - client-7538DDC4E776->1b229672-9fc1-42d6-9200-214eb0163fc5: receive RaftClientReply:client-7538DDC4E776->1b229672-9fc1-42d6-9200-214eb0163fc5@group-440AB812C07F, cid=2355, SUCCESS, logIndex=3461, commits[1b229672-9fc1-42d6-9200-214eb0163fc5:c3461, 4cc0758a-96f5-4ab9-816d-81d822da247a:c3459, 8693c47f-40a3-4a1c-b7ba-6ed996b9183c:c3459]
2019-07-08 22:29:54,649 INFO  client.GrpcClientProtocolClient (GrpcClientProtocolClient.java:onNext(255)) - client-7538DDC4E776->1b229672-9fc1-42d6-9200-214eb0163fc5: receive RaftClientReply:client-7538DDC4E776->1b229672-9fc1-42d6-9200-214eb0163fc5@group-440AB812C07F, cid=2356, SUCCESS, logIndex=0, commits[1b229672-9fc1-42d6-9200-214eb0163fc5:c3463, 4cc0758a-96f5-4ab9-816d-81d822da247a:c3461, 8693c47f-40a3-4a1c-b7ba-6ed996b9183c:c3461]
2019-07-08 22:29:54,676 INFO  client.GrpcClientProtocolClient (GrpcClientProtocolClient.java:onNext(255)) - client-7538DDC4E776->1b229672-9fc1-42d6-9200-214eb0163fc5: receive RaftClientReply:client-7538DDC4E776->1b229672-9fc1-42d6-9200-214eb0163fc5@group-440AB812C07F, cid=2357, SUCCESS, logIndex=3464, commits[1b229672-9fc1-42d6-9200-214eb0163fc5:c3465, 4cc0758a-96f5-4ab9-816d-81d822da247a:c3463, 8693c47f-40a3-4a1c-b7ba-6ed996b9183c:c3463]
2019-07-08 22:29:54,677 INFO  client.GrpcClientProtocolClient (GrpcClientProtocolClient.java:onNext(255)) - client-7538DDC4E776->1b229672-9fc1-42d6-9200-214eb0163fc5: receive RaftClientReply:client-7538DDC4E776->1b229672-9fc1-42d6-9200-214eb0163fc5@group-440AB812C07F, cid=2358, SUCCESS, logIndex=3465, commits[1b229672-9fc1-42d6-9200-214eb0163fc5:c3467, 4cc0758a-96f5-4ab9-816d-81d822da247a:c3463, 8693c47f-40a3-4a1c-b7ba-6ed996b9183c:c3463]
2019-07-08 22:29:54,677 INFO  client.GrpcClientProtocolClient (GrpcClientProtocolClient.java:onNext(255)) - client-7538DDC4E776->1b229672-9fc1-42d6-9200-214eb0163fc5: receive RaftClientReply:client-7538DDC4E776->1b229672-9fc1-42d6-9200-214eb0163fc5@group-440AB812C07F, cid=2359, SUCCESS, logIndex=3466, commits[1b229672-9fc1-42d6-9200-214eb0163fc5:c3468, 4cc0758a-96f5-4ab9-816d-81d822da247a:c3464, 8693c47f-40a3-4a1c-b7ba-6ed996b9183c:c3463]
2019-07-08 22:29:54,677 INFO  client.GrpcClientProtocolClient (GrpcClientProtocolClient.java:onNext(255)) - client-7538DDC4E776->1b229672-9fc1-42d6-9200-214eb0163fc5: receive RaftClientReply:client-7538DDC4E776->1b229672-9fc1-42d6-9200-214eb0163fc5@group-440AB812C07F, cid=2360, SUCCESS, logIndex=3467, commits[1b229672-9fc1-42d6-9200-214eb0163fc5:c3468, 4cc0758a-96f5-4ab9-816d-81d822da247a:c3464, 8693c47f-40a3-4a1c-b7ba-6ed996b9183c:c3463]
2019-07-08 22:29:54,690 INFO  client.GrpcClientProtocolClient (GrpcClientProtocolClient.java:onNext(255)) - client-7538DDC4E776->1b229672-9fc1-42d6-9200-214eb0163fc5: receive RaftClientReply:client-7538DDC4E776->1b229672-9fc1-42d6-9200-214eb0163fc5@group-440AB812C07F, cid=2361, SUCCESS, logIndex=0, commits[1b229672-9fc1-42d6-9200-214eb0163fc5:c3471, 4cc0758a-96f5-4ab9-816d-81d822da247a:c3467, 8693c47f-40a3-4a1c-b7ba-6ed996b9183c:c3466]
2019-07-08 22:29:54,711 INFO  client.GrpcClientProtocolClient (GrpcClientProtocolClient.java:onNext(255)) - client-7538DDC4E776->1b229672-9fc1-42d6-9200-214eb0163fc5: receive RaftClientReply:client-7538DDC4E776->1b229672-9fc1-42d6-9200-214eb0163fc5@group-440AB812C07F, cid=2362, SUCCESS, logIndex=3472, commits[1b229672-9fc1-42d6-9200-214eb0163fc5:c3473, 4cc0758a-96f5-4ab9-816d-81d822da247a:c3471, 8693c47f-40a3-4a1c-b7ba-6ed996b9183c:c3471]
2019-07-08 22:29:54,711 INFO  client.GrpcClientProtocolClient (GrpcClientProtocolClient.java:onNext(255)) - client-7538DDC4E776->1b229672-9fc1-42d6-9200-214eb0163fc5: receive RaftClientReply:client-7538DDC4E776->1b229672-9fc1-42d6-9200-214eb0163fc5@group-440AB812C07F, cid=2363, SUCCESS, logIndex=3473, commits[1b229672-9fc1-42d6-9200-214eb0163fc5:c3473, 4cc0758a-96f5-4ab9-816d-81d822da247a:c3471, 8693c47f-40a3-4a1c-b7ba-6ed996b9183c:c3471]
2019-07-08 22:29:54,724 INFO  client.GrpcClientProtocolClient (GrpcClientProtocolClient.java:onNext(255)) - client-7538DDC4E776->1b229672-9fc1-42d6-9200-214eb0163fc5: receive RaftClientReply:client-7538DDC4E776->1b229672-9fc1-42d6-9200-214eb0163fc5@group-440AB812C07F, cid=2364, SUCCESS, logIndex=3476, commits[1b229672-9fc1-42d6-9200-214eb0163fc5:c3477, 4cc0758a-96f5-4ab9-816d-81d822da247a:c3473, 8693c47f-40a3-4a1c-b7ba-6ed996b9183c:c3473]
2019-07-08 22:29:54,725 INFO  client.GrpcClientProtocolClient (GrpcClientProtocolClient.java:onNext(255)) - client-7538DDC4E776->1b229672-9fc1-42d6-9200-214eb0163fc5: receive RaftClientReply:client-7538DDC4E776->1b229672-9fc1-42d6-9200-214eb0163fc5@group-440AB812C07F, cid=2365, SUCCESS, logIndex=3477, commits[1b229672-9fc1-42d6-9200-214eb0163fc5:c3477, 4cc0758a-96f5-4ab9-816d-81d822da247a:c3473, 8693c47f-40a3-4a1c-b7ba-6ed996b9183c:c3473]
2019-07-08 22:29:54,740 INFO  client.GrpcClientProtocolClient (GrpcClientProtocolClient.java:onNext(255)) - client-7538DDC4E776->1b229672-9fc1-42d6-9200-214eb0163fc5: receive RaftClientReply:client-7538DDC4E776->1b229672-9fc1-42d6-9200-214eb0163fc5@group-440AB812C07F, cid=2366, SUCCESS, logIndex=0, commits[1b229672-9fc1-42d6-9200-214eb0163fc5:c3479, 4cc0758a-96f5-4ab9-816d-81d822da247a:c3477, 8693c47f-40a3-4a1c-b7ba-6ed996b9183c:c3477]
2019-07-08 22:29:54,767 INFO  client.GrpcClientProtocolClient (GrpcClientProtocolClient.java:onNext(255)) - client-7538DDC4E776->1b229672-9fc1-42d6-9200-214eb0163fc5: receive RaftClientReply:client-7538DDC4E776->1b229672-9fc1-42d6-9200-214eb0163fc5@group-440AB812C07F, cid=2367, SUCCESS, logIndex=3480, commits[1b229672-9fc1-42d6-9200-214eb0163fc5:c3482, 4cc0758a-96f5-4ab9-816d-81d822da247a:c3479, 8693c47f-40a3-4a1c-b7ba-6ed996b9183c:c3479]
2019-07-08 22:29:54,767 INFO  client.GrpcClientProtocolClient (GrpcClientProtocolClient.java:onNext(255)) - client-7538DDC4E776->1b229672-9fc1-42d6-9200-214eb0163fc5: receive RaftClientReply:client-7538DDC4E776->1b229672-9fc1-42d6-9200-214eb0163fc5@group-440AB812C07F, cid=2368, SUCCESS, logIndex=3481, commits[1b229672-9fc1-42d6-9200-214eb0163fc5:c3483, 4cc0758a-96f5-4ab9-816d-81d822da247a:c3479, 8693c47f-40a3-4a1c-b7ba-6ed996b9183c:c3479]
2019-07-08 22:29:54,768 INFO  client.GrpcClientProtocolClient (GrpcClientProtocolClient.java:onNext(255)) - client-7538DDC4E776->1b229672-9fc1-42d6-9200-214eb0163fc5: receive RaftClientReply:client-7538DDC4E776->1b229672-9fc1-42d6-9200-214eb0163fc5@group-440AB812C07F, cid=2369, SUCCESS, logIndex=3482, commits[1b229672-9fc1-42d6-9200-214eb0163fc5:c3483, 4cc0758a-96f5-4ab9-816d-81d822da247a:c3479, 8693c47f-40a3-4a1c-b7ba-6ed996b9183c:c3480]
2019-07-08 22:29:54,768 INFO  client.GrpcClientProtocolClient (GrpcClientProtocolClient.java:onNext(255)) - client-7538DDC4E776->1b229672-9fc1-42d6-9200-214eb0163fc5: receive RaftClientReply:client-7538DDC4E776->1b229672-9fc1-42d6-9200-214eb0163fc5@group-440AB812C07F, cid=2370, SUCCESS, logIndex=3483, commits[1b229672-9fc1-42d6-9200-214eb0163fc5:c3484, 4cc0758a-96f5-4ab9-816d-81d822da247a:c3479, 8693c47f-40a3-4a1c-b7ba-6ed996b9183c:c3480]
2019-07-08 22:29:54,770 INFO  client.GrpcClientProtocolClient (GrpcClientProtocolClient.java:onNext(255)) - client-7538DDC4E776->1b229672-9fc1-42d6-9200-214eb0163fc5: receive RaftClientReply:client-7538DDC4E776->1b229672-9fc1-42d6-9200-214eb0163fc5@group-440AB812C07F, cid=2371, SUCCESS, logIndex=0, commits[1b229672-9fc1-42d6-9200-214eb0163fc5:c3485, 4cc0758a-96f5-4ab9-816d-81d822da247a:c3481, 8693c47f-40a3-4a1c-b7ba-6ed996b9183c:c3481]
2019-07-08 22:29:54,791 INFO  client.GrpcClientProtocolClient (GrpcClientProtocolClient.java:onNext(255)) - client-7538DDC4E776->1b229672-9fc1-42d6-9200-214eb0163fc5: receive RaftClientReply:client-7538DDC4E776->1b229672-9fc1-42d6-9200-214eb0163fc5@group-440AB812C07F, cid=2372, SUCCESS, logIndex=3488, commits[1b229672-9fc1-42d6-9200-214eb0163fc5:c3489, 4cc0758a-96f5-4ab9-816d-81d822da247a:c3487, 8693c47f-40a3-4a1c-b7ba-6ed996b9183c:c3487]
2019-07-08 22:29:54,791 INFO  client.GrpcClientProtocolClient (GrpcClientProtocolClient.java:onNext(255)) - client-7538DDC4E776->1b229672-9fc1-42d6-9200-214eb0163fc5: receive RaftClientReply:client-7538DDC4E776->1b229672-9fc1-42d6-9200-214eb0163fc5@group-440AB812C07F, cid=2373, SUCCESS, logIndex=3489, commits[1b229672-9fc1-42d6-9200-214eb0163fc5:c3489, 4cc0758a-96f5-4ab9-816d-81d822da247a:c3487, 8693c47f-40a3-4a1c-b7ba-6ed996b9183c:c3487]
 0.00% |█                                                                                                    |  0/1 Time: 0:00:212019-07-08 22:29:54,806 INFO  client.GrpcClientProtocolClient (GrpcClientProtocolClient.java:onNext(255)) - client-7538DDC4E776->1b229672-9fc1-42d6-9200-214eb0163fc5: receive RaftClientReply:client-7538DDC4E776->1b229672-9fc1-42d6-9200-214eb0163fc5@group-440AB812C07F, cid=2374, SUCCESS, logIndex=3492, commits[1b229672-9fc1-42d6-9200-214eb0163fc5:c3493, 4cc0758a-96f5-4ab9-816d-81d822da247a:c3489, 8693c47f-40a3-4a1c-b7ba-6ed996b9183c:c3489]
2019-07-08 22:29:54,807 INFO  client.GrpcClientProtocolClient (GrpcClientProtocolClient.java:onNext(255)) - client-7538DDC4E776->1b229672-9fc1-42d6-9200-214eb0163fc5: receive RaftClientReply:client-7538DDC4E776->1b229672-9fc1-42d6-9200-214eb0163fc5@group-440AB812C07F, cid=2375, SUCCESS, logIndex=3493, commits[1b229672-9fc1-42d6-9200-214eb0163fc5:c3493, 4cc0758a-96f5-4ab9-816d-81d822da247a:c3489, 8693c47f-40a3-4a1c-b7ba-6ed996b9183c:c3489]
2019-07-08 22:29:54,818 INFO  client.GrpcClientProtocolClient (GrpcClientProtocolClient.java:onNext(255)) - client-7538DDC4E776->1b229672-9fc1-42d6-9200-214eb0163fc5: receive RaftClientReply:client-7538DDC4E776->1b229672-9fc1-42d6-9200-214eb0163fc5@group-440AB812C07F, cid=2376, SUCCESS, logIndex=0, commits[1b229672-9fc1-42d6-9200-214eb0163fc5:c3494, 4cc0758a-96f5-4ab9-816d-81d822da247a:c3493, 8693c47f-40a3-4a1c-b7ba-6ed996b9183c:c3493]
2019-07-08 22:29:54,847 INFO  client.GrpcClientProtocolClient (GrpcClientProtocolClient.java:onNext(255)) - client-7538DDC4E776->1b229672-9fc1-42d6-9200-214eb0163fc5: receive RaftClientReply:client-7538DDC4E776->1b229672-9fc1-42d6-9200-214eb0163fc5@group-440AB812C07F, cid=2377, SUCCESS, logIndex=3496, commits[1b229672-9fc1-42d6-9200-214eb0163fc5:c3497, 4cc0758a-96f5-4ab9-816d-81d822da247a:c3495, 8693c47f-40a3-4a1c-b7ba-6ed996b9183c:c3495]
2019-07-08 22:29:54,847 INFO  client.GrpcClientProtocolClient (GrpcClientProtocolClient.java:onNext(255)) - client-7538DDC4E776->1b229672-9fc1-42d6-9200-214eb0163fc5: receive RaftClientReply:client-7538DDC4E776->1b229672-9fc1-42d6-9200-214eb0163fc5@group-440AB812C07F, cid=2378, SUCCESS, logIndex=3497, commits[1b229672-9fc1-42d6-9200-214eb0163fc5:c3499, 4cc0758a-96f5-4ab9-816d-81d822da247a:c3495, 8693c47f-40a3-4a1c-b7ba-6ed996b9183c:c3495]
2019-07-08 22:29:54,848 INFO  client.GrpcClientProtocolClient (GrpcClientProtocolClient.java:onNext(255)) - client-7538DDC4E776->1b229672-9fc1-42d6-9200-214eb0163fc5: receive RaftClientReply:client-7538DDC4E776->1b229672-9fc1-42d6-9200-214eb0163fc5@group-440AB812C07F, cid=2379, SUCCESS, logIndex=3498, commits[1b229672-9fc1-42d6-9200-214eb0163fc5:c3500, 4cc0758a-96f5-4ab9-816d-81d822da247a:c3495, 8693c47f-40a3-4a1c-b7ba-6ed996b9183c:c3496]
2019-07-08 22:29:54,848 INFO  client.GrpcClientProtocolClient (GrpcClientProtocolClient.java:onNext(255)) - client-7538DDC4E776->1b229672-9fc1-42d6-9200-214eb0163fc5: receive RaftClientReply:client-7538DDC4E776->1b229672-9fc1-42d6-9200-214eb0163fc5@group-440AB812C07F, cid=2380, SUCCESS, logIndex=3499, commits[1b229672-9fc1-42d6-9200-214eb0163fc5:c3500, 4cc0758a-96f5-4ab9-816d-81d822da247a:c3495, 8693c47f-40a3-4a1c-b7ba-6ed996b9183c:c3496]
2019-07-08 22:29:54,862 INFO  client.GrpcClientProtocolClient (GrpcClientProtocolClient.java:onNext(255)) - client-7538DDC4E776->1b229672-9fc1-42d6-9200-214eb0163fc5: receive RaftClientReply:client-7538DDC4E776->1b229672-9fc1-42d6-9200-214eb0163fc5@group-440AB812C07F, cid=2381, SUCCESS, logIndex=0, commits[1b229672-9fc1-42d6-9200-214eb0163fc5:c3503, 4cc0758a-96f5-4ab9-816d-81d822da247a:c3498, 8693c47f-40a3-4a1c-b7ba-6ed996b9183c:c3499]
2019-07-08 22:29:54,881 INFO  client.GrpcClientProtocolClient (GrpcClientProtocolClient.java:onNext(255)) - client-7538DDC4E776->1b229672-9fc1-42d6-9200-214eb0163fc5: receive RaftClientReply:client-7538DDC4E776->1b229672-9fc1-42d6-9200-214eb0163fc5@group-440AB812C07F, cid=2382, SUCCESS, logIndex=3504, commits[1b229672-9fc1-42d6-9200-214eb0163fc5:c3505, 4cc0758a-96f5-4ab9-816d-81d822da247a:c3503, 8693c47f-40a3-4a1c-b7ba-6ed996b9183c:c3503]
2019-07-08 22:29:54,882 INFO  client.GrpcClientProtocolClient (GrpcClientProtocolClient.java:onNext(255)) - client-7538DDC4E776->1b229672-9fc1-42d6-9200-214eb0163fc5: receive RaftClientReply:client-7538DDC4E776->1b229672-9fc1-42d6-9200-214eb0163fc5@group-440AB812C07F, cid=2383, SUCCESS, logIndex=3505, commits[1b229672-9fc1-42d6-9200-214eb0163fc5:c3505, 4cc0758a-96f5-4ab9-816d-81d822da247a:c3503, 8693c47f-40a3-4a1c-b7ba-6ed996b9183c:c3503]
2019-07-08 22:29:54,896 INFO  client.GrpcClientProtocolClient (GrpcClientProtocolClient.java:onNext(255)) - client-7538DDC4E776->1b229672-9fc1-42d6-9200-214eb0163fc5: receive RaftClientReply:client-7538DDC4E776->1b229672-9fc1-42d6-9200-214eb0163fc5@group-440AB812C07F, cid=2384, SUCCESS, logIndex=3508, commits[1b229672-9fc1-42d6-9200-214eb0163fc5:c3509, 4cc0758a-96f5-4ab9-816d-81d822da247a:c3505, 8693c47f-40a3-4a1c-b7ba-6ed996b9183c:c3505]
2019-07-08 22:29:54,897 INFO  client.GrpcClientProtocolClient (GrpcClientProtocolClient.java:onNext(255)) - client-7538DDC4E776->1b229672-9fc1-42d6-9200-214eb0163fc5: receive RaftClientReply:client-7538DDC4E776->1b229672-9fc1-42d6-9200-214eb0163fc5@group-440AB812C07F, cid=2385, SUCCESS, logIndex=3509, commits[1b229672-9fc1-42d6-9200-214eb0163fc5:c3509, 4cc0758a-96f5-4ab9-816d-81d822da247a:c3505, 8693c47f-40a3-4a1c-b7ba-6ed996b9183c:c3505]
2019-07-08 22:29:54,912 INFO  client.GrpcClientProtocolClient (GrpcClientProtocolClient.java:onNext(255)) - client-7538DDC4E776->1b229672-9fc1-42d6-9200-214eb0163fc5: receive RaftClientReply:client-7538DDC4E776->1b229672-9fc1-42d6-9200-214eb0163fc5@group-440AB812C07F, cid=2386, SUCCESS, logIndex=0, commits[1b229672-9fc1-42d6-9200-214eb0163fc5:c3510, 4cc0758a-96f5-4ab9-816d-81d822da247a:c3509, 8693c47f-40a3-4a1c-b7ba-6ed996b9183c:c3509]
2019-07-08 22:29:55,070 INFO  client.GrpcClientProtocolClient (GrpcClientProtocolClient.java:onNext(255)) - client-7538DDC4E776->1b229672-9fc1-42d6-9200-214eb0163fc5: receive RaftClientReply:client-7538DDC4E776->1b229672-9fc1-42d6-9200-214eb0163fc5@group-440AB812C07F, cid=2387, SUCCESS, logIndex=3512, commits[1b229672-9fc1-42d6-9200-214eb0163fc5:c3513, 4cc0758a-96f5-4ab9-816d-81d822da247a:c3511, 8693c47f-40a3-4a1c-b7ba-6ed996b9183c:c3511]
2019-07-08 22:29:55,071 INFO  client.GrpcClientProtocolClient (GrpcClientProtocolClient.java:onNext(255)) - client-7538DDC4E776->1b229672-9fc1-42d6-9200-214eb0163fc5: receive RaftClientReply:client-7538DDC4E776->1b229672-9fc1-42d6-9200-214eb0163fc5@group-440AB812C07F, cid=2388, SUCCESS, logIndex=3513, commits[1b229672-9fc1-42d6-9200-214eb0163fc5:c3513, 4cc0758a-96f5-4ab9-816d-81d822da247a:c3511, 8693c47f-40a3-4a1c-b7ba-6ed996b9183c:c3511]
2019-07-08 22:29:55,071 INFO  client.GrpcClientProtocolClient (GrpcClientProtocolClient.java:onNext(255)) - client-7538DDC4E776->1b229672-9fc1-42d6-9200-214eb0163fc5: receive RaftClientReply:client-7538DDC4E776->1b229672-9fc1-42d6-9200-214eb0163fc5@group-440AB812C07F, cid=2389, SUCCESS, logIndex=3514, commits[1b229672-9fc1-42d6-9200-214eb0163fc5:c3515, 4cc0758a-96f5-4ab9-816d-81d822da247a:c3511, 8693c47f-40a3-4a1c-b7ba-6ed996b9183c:c3511]
2019-07-08 22:29:55,072 INFO  client.GrpcClientProtocolClient (GrpcClientProtocolClient.java:onNext(255)) - client-7538DDC4E776->1b229672-9fc1-42d6-9200-214eb0163fc5: receive RaftClientReply:client-7538DDC4E776->1b229672-9fc1-42d6-9200-214eb0163fc5@group-440AB812C07F, cid=2390, SUCCESS, logIndex=3515, commits[1b229672-9fc1-42d6-9200-214eb0163fc5:c3515, 4cc0758a-96f5-4ab9-816d-81d822da247a:c3511, 8693c47f-40a3-4a1c-b7ba-6ed996b9183c:c3511]
2019-07-08 22:29:55,084 INFO  client.GrpcClientProtocolClient (GrpcClientProtocolClient.java:onNext(255)) - client-7538DDC4E776->1b229672-9fc1-42d6-9200-214eb0163fc5: receive RaftClientReply:client-7538DDC4E776->1b229672-9fc1-42d6-9200-214eb0163fc5@group-440AB812C07F, cid=2391, SUCCESS, logIndex=0, commits[1b229672-9fc1-42d6-9200-214eb0163fc5:c3519, 4cc0758a-96f5-4ab9-816d-81d822da247a:c3513, 8693c47f-40a3-4a1c-b7ba-6ed996b9183c:c3515]
2019-07-08 22:29:55,122 INFO  client.GrpcClientProtocolClient (GrpcClientProtocolClient.java:onNext(255)) - client-7538DDC4E776->1b229672-9fc1-42d6-9200-214eb0163fc5: receive RaftClientReply:client-7538DDC4E776->1b229672-9fc1-42d6-9200-214eb0163fc5@group-440AB812C07F, cid=2392, SUCCESS, logIndex=3520, commits[1b229672-9fc1-42d6-9200-214eb0163fc5:c3521, 4cc0758a-96f5-4ab9-816d-81d822da247a:c3519, 8693c47f-40a3-4a1c-b7ba-6ed996b9183c:c3519]
2019-07-08 22:29:55,123 INFO  client.GrpcClientProtocolClient (GrpcClientProtocolClient.java:onNext(255)) - client-7538DDC4E776->1b229672-9fc1-42d6-9200-214eb0163fc5: receive RaftClientReply:client-7538DDC4E776->1b229672-9fc1-42d6-9200-214eb0163fc5@group-440AB812C07F, cid=2393, SUCCESS, logIndex=3521, commits[1b229672-9fc1-42d6-9200-214eb0163fc5:c3521, 4cc0758a-96f5-4ab9-816d-81d822da247a:c3519, 8693c47f-40a3-4a1c-b7ba-6ed996b9183c:c3519]
2019-07-08 22:29:55,147 INFO  client.GrpcClientProtocolClient (GrpcClientProtocolClient.java:onNext(255)) - client-7538DDC4E776->1b229672-9fc1-42d6-9200-214eb0163fc5: receive RaftClientReply:client-7538DDC4E776->1b229672-9fc1-42d6-9200-214eb0163fc5@group-440AB812C07F, cid=2394, SUCCESS, logIndex=3524, commits[1b229672-9fc1-42d6-9200-214eb0163fc5:c3525, 4cc0758a-96f5-4ab9-816d-81d822da247a:c3521, 8693c47f-40a3-4a1c-b7ba-6ed996b9183c:c3521]
2019-07-08 22:29:55,147 INFO  client.GrpcClientProtocolClient (GrpcClientProtocolClient.java:onNext(255)) - client-7538DDC4E776->1b229672-9fc1-42d6-9200-214eb0163fc5: receive RaftClientReply:client-7538DDC4E776->1b229672-9fc1-42d6-9200-214eb0163fc5@group-440AB812C07F, cid=2395, SUCCESS, logIndex=3525, commits[1b229672-9fc1-42d6-9200-214eb0163fc5:c3525, 4cc0758a-96f5-4ab9-816d-81d822da247a:c3521, 8693c47f-40a3-4a1c-b7ba-6ed996b9183c:c3521]
2019-07-08 22:29:55,162 INFO  client.GrpcClientProtocolClient (GrpcClientProtocolClient.java:onNext(255)) - client-7538DDC4E776->1b229672-9fc1-42d6-9200-214eb0163fc5: receive RaftClientReply:client-7538DDC4E776->1b229672-9fc1-42d6-9200-214eb0163fc5@group-440AB812C07F, cid=2396, SUCCESS, logIndex=0, commits[1b229672-9fc1-42d6-9200-214eb0163fc5:c3527, 4cc0758a-96f5-4ab9-816d-81d822da247a:c3525, 8693c47f-40a3-4a1c-b7ba-6ed996b9183c:c3525]
2019-07-08 22:29:55,193 INFO  client.GrpcClientProtocolClient (GrpcClientProtocolClient.java:onNext(255)) - client-7538DDC4E776->1b229672-9fc1-42d6-9200-214eb0163fc5: receive RaftClientReply:client-7538DDC4E776->1b229672-9fc1-42d6-9200-214eb0163fc5@group-440AB812C07F, cid=2397, SUCCESS, logIndex=3528, commits[1b229672-9fc1-42d6-9200-214eb0163fc5:c3529, 4cc0758a-96f5-4ab9-816d-81d822da247a:c3527, 8693c47f-40a3-4a1c-b7ba-6ed996b9183c:c3527]
2019-07-08 22:29:55,193 INFO  client.GrpcClientProtocolClient (GrpcClientProtocolClient.java:onNext(255)) - client-7538DDC4E776->1b229672-9fc1-42d6-9200-214eb0163fc5: receive RaftClientReply:client-7538DDC4E776->1b229672-9fc1-42d6-9200-214eb0163fc5@group-440AB812C07F, cid=2398, SUCCESS, logIndex=3529, commits[1b229672-9fc1-42d6-9200-214eb0163fc5:c3531, 4cc0758a-96f5-4ab9-816d-81d822da247a:c3527, 8693c47f-40a3-4a1c-b7ba-6ed996b9183c:c3527]
2019-07-08 22:29:55,194 INFO  client.GrpcClientProtocolClient (GrpcClientProtocolClient.java:onNext(255)) - client-7538DDC4E776->1b229672-9fc1-42d6-9200-214eb0163fc5: receive RaftClientReply:client-7538DDC4E776->1b229672-9fc1-42d6-9200-214eb0163fc5@group-440AB812C07F, cid=2399, SUCCESS, logIndex=3530, commits[1b229672-9fc1-42d6-9200-214eb0163fc5:c3531, 4cc0758a-96f5-4ab9-816d-81d822da247a:c3527, 8693c47f-40a3-4a1c-b7ba-6ed996b9183c:c3527]
2019-07-08 22:29:55,194 INFO  client.GrpcClientProtocolClient (GrpcClientProtocolClient.java:onNext(255)) - client-7538DDC4E776->1b229672-9fc1-42d6-9200-214eb0163fc5: receive RaftClientReply:client-7538DDC4E776->1b229672-9fc1-42d6-9200-214eb0163fc5@group-440AB812C07F, cid=2400, SUCCESS, logIndex=3531, commits[1b229672-9fc1-42d6-9200-214eb0163fc5:c3531, 4cc0758a-96f5-4ab9-816d-81d822da247a:c3527, 8693c47f-40a3-4a1c-b7ba-6ed996b9183c:c3527]
2019-07-08 22:29:55,207 INFO  client.GrpcClientProtocolClient (GrpcClientProtocolClient.java:onNext(255)) - client-7538DDC4E776->1b229672-9fc1-42d6-9200-214eb0163fc5: receive RaftClientReply:client-7538DDC4E776->1b229672-9fc1-42d6-9200-214eb0163fc5@group-440AB812C07F, cid=2401, SUCCESS, logIndex=0, commits[1b229672-9fc1-42d6-9200-214eb0163fc5:c3534, 4cc0758a-96f5-4ab9-816d-81d822da247a:c3529, 8693c47f-40a3-4a1c-b7ba-6ed996b9183c:c3530]
2019-07-08 22:29:55,229 INFO  client.GrpcClientProtocolClient (GrpcClientProtocolClient.java:onNext(255)) - client-7538DDC4E776->1b229672-9fc1-42d6-9200-214eb0163fc5: receive RaftClientReply:client-7538DDC4E776->1b229672-9fc1-42d6-9200-214eb0163fc5@group-440AB812C07F, cid=2402, SUCCESS, logIndex=3536, commits[1b229672-9fc1-42d6-9200-214eb0163fc5:c3537, 4cc0758a-96f5-4ab9-816d-81d822da247a:c3535, 8693c47f-40a3-4a1c-b7ba-6ed996b9183c:c3535]
2019-07-08 22:29:55,229 INFO  client.GrpcClientProtocolClient (GrpcClientProtocolClient.java:onNext(255)) - client-7538DDC4E776->1b229672-9fc1-42d6-9200-214eb0163fc5: receive RaftClientReply:client-7538DDC4E776->1b229672-9fc1-42d6-9200-214eb0163fc5@group-440AB812C07F, cid=2403, SUCCESS, logIndex=3537, commits[1b229672-9fc1-42d6-9200-214eb0163fc5:c3537, 4cc0758a-96f5-4ab9-816d-81d822da247a:c3535, 8693c47f-40a3-4a1c-b7ba-6ed996b9183c:c3535]
2019-07-08 22:29:55,242 INFO  client.GrpcClientProtocolClient (GrpcClientProtocolClient.java:onNext(255)) - client-7538DDC4E776->1b229672-9fc1-42d6-9200-214eb0163fc5: receive RaftClientReply:client-7538DDC4E776->1b229672-9fc1-42d6-9200-214eb0163fc5@group-440AB812C07F, cid=2404, SUCCESS, logIndex=3540, commits[1b229672-9fc1-42d6-9200-214eb0163fc5:c3541, 4cc0758a-96f5-4ab9-816d-81d822da247a:c3537, 8693c47f-40a3-4a1c-b7ba-6ed996b9183c:c3537]
2019-07-08 22:29:55,243 INFO  client.GrpcClientProtocolClient (GrpcClientProtocolClient.java:onNext(255)) - client-7538DDC4E776->1b229672-9fc1-42d6-9200-214eb0163fc5: receive RaftClientReply:client-7538DDC4E776->1b229672-9fc1-42d6-9200-214eb0163fc5@group-440AB812C07F, cid=2405, SUCCESS, logIndex=3541, commits[1b229672-9fc1-42d6-9200-214eb0163fc5:c3541, 4cc0758a-96f5-4ab9-816d-81d822da247a:c3537, 8693c47f-40a3-4a1c-b7ba-6ed996b9183c:c3537]
2019-07-08 22:29:55,245 INFO  client.GrpcClientProtocolClient (GrpcClientProtocolClient.java:onNext(255)) - client-7538DDC4E776->1b229672-9fc1-42d6-9200-214eb0163fc5: receive RaftClientReply:client-7538DDC4E776->1b229672-9fc1-42d6-9200-214eb0163fc5@group-440AB812C07F, cid=2406, SUCCESS, logIndex=0, commits[1b229672-9fc1-42d6-9200-214eb0163fc5:c3542, 4cc0758a-96f5-4ab9-816d-81d822da247a:c3541, 8693c47f-40a3-4a1c-b7ba-6ed996b9183c:c3541]
2019-07-08 22:29:55,275 INFO  client.GrpcClientProtocolClient (GrpcClientProtocolClient.java:onNext(255)) - client-7538DDC4E776->1b229672-9fc1-42d6-9200-214eb0163fc5: receive RaftClientReply:client-7538DDC4E776->1b229672-9fc1-42d6-9200-214eb0163fc5@group-440AB812C07F, cid=2407, SUCCESS, logIndex=3544, commits[1b229672-9fc1-42d6-9200-214eb0163fc5:c3545, 4cc0758a-96f5-4ab9-816d-81d822da247a:c3543, 8693c47f-40a3-4a1c-b7ba-6ed996b9183c:c3543]
2019-07-08 22:29:55,276 INFO  client.GrpcClientProtocolClient (GrpcClientProtocolClient.java:onNext(255)) - client-7538DDC4E776->1b229672-9fc1-42d6-9200-214eb0163fc5: receive RaftClientReply:client-7538DDC4E776->1b229672-9fc1-42d6-9200-214eb0163fc5@group-440AB812C07F, cid=2408, SUCCESS, logIndex=3545, commits[1b229672-9fc1-42d6-9200-214eb0163fc5:c3547, 4cc0758a-96f5-4ab9-816d-81d822da247a:c3543, 8693c47f-40a3-4a1c-b7ba-6ed996b9183c:c3543]
2019-07-08 22:29:55,276 INFO  client.GrpcClientProtocolClient (GrpcClientProtocolClient.java:onNext(255)) - client-7538DDC4E776->1b229672-9fc1-42d6-9200-214eb0163fc5: receive RaftClientReply:client-7538DDC4E776->1b229672-9fc1-42d6-9200-214eb0163fc5@group-440AB812C07F, cid=2409, SUCCESS, logIndex=3546, commits[1b229672-9fc1-42d6-9200-214eb0163fc5:c3547, 4cc0758a-96f5-4ab9-816d-81d822da247a:c3543, 8693c47f-40a3-4a1c-b7ba-6ed996b9183c:c3543]
2019-07-08 22:29:55,276 INFO  client.GrpcClientProtocolClient (GrpcClientProtocolClient.java:onNext(255)) - client-7538DDC4E776->1b229672-9fc1-42d6-9200-214eb0163fc5: receive RaftClientReply:client-7538DDC4E776->1b229672-9fc1-42d6-9200-214eb0163fc5@group-440AB812C07F, cid=2410, SUCCESS, logIndex=3547, commits[1b229672-9fc1-42d6-9200-214eb0163fc5:c3547, 4cc0758a-96f5-4ab9-816d-81d822da247a:c3544, 8693c47f-40a3-4a1c-b7ba-6ed996b9183c:c3543]
2019-07-08 22:29:55,289 INFO  client.GrpcClientProtocolClient (GrpcClientProtocolClient.java:onNext(255)) - client-7538DDC4E776->1b229672-9fc1-42d6-9200-214eb0163fc5: receive RaftClientReply:client-7538DDC4E776->1b229672-9fc1-42d6-9200-214eb0163fc5@group-440AB812C07F, cid=2411, SUCCESS, logIndex=0, commits[1b229672-9fc1-42d6-9200-214eb0163fc5:c3549, 4cc0758a-96f5-4ab9-816d-81d822da247a:c3545, 8693c47f-40a3-4a1c-b7ba-6ed996b9183c:c3545]
2019-07-08 22:29:55,309 INFO  client.GrpcClientProtocolClient (GrpcClientProtocolClient.java:onNext(255)) - client-7538DDC4E776->1b229672-9fc1-42d6-9200-214eb0163fc5: receive RaftClientReply:client-7538DDC4E776->1b229672-9fc1-42d6-9200-214eb0163fc5@group-440AB812C07F, cid=2412, SUCCESS, logIndex=3551, commits[1b229672-9fc1-42d6-9200-214eb0163fc5:c3552, 4cc0758a-96f5-4ab9-816d-81d822da247a:c3550, 8693c47f-40a3-4a1c-b7ba-6ed996b9183c:c3550]
2019-07-08 22:29:55,310 INFO  client.GrpcClientProtocolClient (GrpcClientProtocolClient.java:onNext(255)) - client-7538DDC4E776->1b229672-9fc1-42d6-9200-214eb0163fc5: receive RaftClientReply:client-7538DDC4E776->1b229672-9fc1-42d6-9200-214eb0163fc5@group-440AB812C07F, cid=2413, SUCCESS, logIndex=3552, commits[1b229672-9fc1-42d6-9200-214eb0163fc5:c3552, 4cc0758a-96f5-4ab9-816d-81d822da247a:c3550, 8693c47f-40a3-4a1c-b7ba-6ed996b9183c:c3550]
2019-07-08 22:29:55,322 INFO  client.GrpcClientProtocolClient (GrpcClientProtocolClient.java:onNext(255)) - client-7538DDC4E776->1b229672-9fc1-42d6-9200-214eb0163fc5: receive RaftClientReply:client-7538DDC4E776->1b229672-9fc1-42d6-9200-214eb0163fc5@group-440AB812C07F, cid=2414, SUCCESS, logIndex=3555, commits[1b229672-9fc1-42d6-9200-214eb0163fc5:c3556, 4cc0758a-96f5-4ab9-816d-81d822da247a:c3552, 8693c47f-40a3-4a1c-b7ba-6ed996b9183c:c3554]
2019-07-08 22:29:55,322 INFO  client.GrpcClientProtocolClient (GrpcClientProtocolClient.java:onNext(255)) - client-7538DDC4E776->1b229672-9fc1-42d6-9200-214eb0163fc5: receive RaftClientReply:client-7538DDC4E776->1b229672-9fc1-42d6-9200-214eb0163fc5@group-440AB812C07F, cid=2415, SUCCESS, logIndex=3556, commits[1b229672-9fc1-42d6-9200-214eb0163fc5:c3556, 4cc0758a-96f5-4ab9-816d-81d822da247a:c3552, 8693c47f-40a3-4a1c-b7ba-6ed996b9183c:c3554]
2019-07-08 22:29:55,327 INFO  client.GrpcClientProtocolClient (GrpcClientProtocolClient.java:onNext(255)) - client-7538DDC4E776->1b229672-9fc1-42d6-9200-214eb0163fc5: receive RaftClientReply:client-7538DDC4E776->1b229672-9fc1-42d6-9200-214eb0163fc5@group-440AB812C07F, cid=2416, SUCCESS, logIndex=0, commits[1b229672-9fc1-42d6-9200-214eb0163fc5:c3557, 4cc0758a-96f5-4ab9-816d-81d822da247a:c3556, 8693c47f-40a3-4a1c-b7ba-6ed996b9183c:c3556]
2019-07-08 22:29:55,352 INFO  client.GrpcClientProtocolClient (GrpcClientProtocolClient.java:onNext(255)) - client-7538DDC4E776->1b229672-9fc1-42d6-9200-214eb0163fc5: receive RaftClientReply:client-7538DDC4E776->1b229672-9fc1-42d6-9200-214eb0163fc5@group-440AB812C07F, cid=2417, SUCCESS, logIndex=3559, commits[1b229672-9fc1-42d6-9200-214eb0163fc5:c3560, 4cc0758a-96f5-4ab9-816d-81d822da247a:c3558, 8693c47f-40a3-4a1c-b7ba-6ed996b9183c:c3558]
2019-07-08 22:29:55,353 INFO  client.GrpcClientProtocolClient (GrpcClientProtocolClient.java:onNext(255)) - client-7538DDC4E776->1b229672-9fc1-42d6-9200-214eb0163fc5: receive RaftClientReply:client-7538DDC4E776->1b229672-9fc1-42d6-9200-214eb0163fc5@group-440AB812C07F, cid=2418, SUCCESS, logIndex=3560, commits[1b229672-9fc1-42d6-9200-214eb0163fc5:c3560, 4cc0758a-96f5-4ab9-816d-81d822da247a:c3558, 8693c47f-40a3-4a1c-b7ba-6ed996b9183c:c3558]
2019-07-08 22:29:55,353 INFO  client.GrpcClientProtocolClient (GrpcClientProtocolClient.java:onNext(255)) - client-7538DDC4E776->1b229672-9fc1-42d6-9200-214eb0163fc5: receive RaftClientReply:client-7538DDC4E776->1b229672-9fc1-42d6-9200-214eb0163fc5@group-440AB812C07F, cid=2419, SUCCESS, logIndex=3561, commits[1b229672-9fc1-42d6-9200-214eb0163fc5:c3562, 4cc0758a-96f5-4ab9-816d-81d822da247a:c3558, 8693c47f-40a3-4a1c-b7ba-6ed996b9183c:c3558]
2019-07-08 22:29:55,354 INFO  client.GrpcClientProtocolClient (GrpcClientProtocolClient.java:onNext(255)) - client-7538DDC4E776->1b229672-9fc1-42d6-9200-214eb0163fc5: receive RaftClientReply:client-7538DDC4E776->1b229672-9fc1-42d6-9200-214eb0163fc5@group-440AB812C07F, cid=2420, SUCCESS, logIndex=3562, commits[1b229672-9fc1-42d6-9200-214eb0163fc5:c3562, 4cc0758a-96f5-4ab9-816d-81d822da247a:c3558, 8693c47f-40a3-4a1c-b7ba-6ed996b9183c:c3558]
2019-07-08 22:29:55,367 INFO  client.GrpcClientProtocolClient (GrpcClientProtocolClient.java:onNext(255)) - client-7538DDC4E776->1b229672-9fc1-42d6-9200-214eb0163fc5: receive RaftClientReply:client-7538DDC4E776->1b229672-9fc1-42d6-9200-214eb0163fc5@group-440AB812C07F, cid=2421, SUCCESS, logIndex=0, commits[1b229672-9fc1-42d6-9200-214eb0163fc5:c3564, 4cc0758a-96f5-4ab9-816d-81d822da247a:c3560, 8693c47f-40a3-4a1c-b7ba-6ed996b9183c:c3560]
2019-07-08 22:29:55,378 INFO  client.GrpcClientProtocolClient (GrpcClientProtocolClient.java:onNext(255)) - client-7538DDC4E776->1b229672-9fc1-42d6-9200-214eb0163fc5: receive RaftClientReply:client-7538DDC4E776->1b229672-9fc1-42d6-9200-214eb0163fc5@group-440AB812C07F, cid=2422, SUCCESS, logIndex=3567, commits[1b229672-9fc1-42d6-9200-214eb0163fc5:c3568, 4cc0758a-96f5-4ab9-816d-81d822da247a:c3566, 8693c47f-40a3-4a1c-b7ba-6ed996b9183c:c3562]
2019-07-08 22:29:55,378 INFO  client.GrpcClientProtocolClient (GrpcClientProtocolClient.java:onNext(255)) - client-7538DDC4E776->1b229672-9fc1-42d6-9200-214eb0163fc5: receive RaftClientReply:client-7538DDC4E776->1b229672-9fc1-42d6-9200-214eb0163fc5@group-440AB812C07F, cid=2423, SUCCESS, logIndex=3568, commits[1b229672-9fc1-42d6-9200-214eb0163fc5:c3568, 4cc0758a-96f5-4ab9-816d-81d822da247a:c3566, 8693c47f-40a3-4a1c-b7ba-6ed996b9183c:c3566]
2019-07-08 22:29:55,393 INFO  client.GrpcClientProtocolClient (GrpcClientProtocolClient.java:onNext(255)) - client-7538DDC4E776->1b229672-9fc1-42d6-9200-214eb0163fc5: receive RaftClientReply:client-7538DDC4E776->1b229672-9fc1-42d6-9200-214eb0163fc5@group-440AB812C07F, cid=2424, SUCCESS, logIndex=3571, commits[1b229672-9fc1-42d6-9200-214eb0163fc5:c3572, 4cc0758a-96f5-4ab9-816d-81d822da247a:c3570, 8693c47f-40a3-4a1c-b7ba-6ed996b9183c:c3568]
2019-07-08 22:29:55,393 INFO  client.GrpcClientProtocolClient (GrpcClientProtocolClient.java:onNext(255)) - client-7538DDC4E776->1b229672-9fc1-42d6-9200-214eb0163fc5: receive RaftClientReply:client-7538DDC4E776->1b229672-9fc1-42d6-9200-214eb0163fc5@group-440AB812C07F, cid=2425, SUCCESS, logIndex=3572, commits[1b229672-9fc1-42d6-9200-214eb0163fc5:c3572, 4cc0758a-96f5-4ab9-816d-81d822da247a:c3570, 8693c47f-40a3-4a1c-b7ba-6ed996b9183c:c3570]
2019-07-08 22:29:55,396 INFO  client.GrpcClientProtocolClient (GrpcClientProtocolClient.java:onNext(255)) - client-7538DDC4E776->1b229672-9fc1-42d6-9200-214eb0163fc5: receive RaftClientReply:client-7538DDC4E776->1b229672-9fc1-42d6-9200-214eb0163fc5@group-440AB812C07F, cid=2426, SUCCESS, logIndex=0, commits[1b229672-9fc1-42d6-9200-214eb0163fc5:c3573, 4cc0758a-96f5-4ab9-816d-81d822da247a:c3572, 8693c47f-40a3-4a1c-b7ba-6ed996b9183c:c3572]
2019-07-08 22:29:55,425 INFO  client.GrpcClientProtocolClient (GrpcClientProtocolClient.java:onNext(255)) - client-7538DDC4E776->1b229672-9fc1-42d6-9200-214eb0163fc5: receive RaftClientReply:client-7538DDC4E776->1b229672-9fc1-42d6-9200-214eb0163fc5@group-440AB812C07F, cid=2427, SUCCESS, logIndex=3575, commits[1b229672-9fc1-42d6-9200-214eb0163fc5:c3576, 4cc0758a-96f5-4ab9-816d-81d822da247a:c3574, 8693c47f-40a3-4a1c-b7ba-6ed996b9183c:c3574]
2019-07-08 22:29:55,426 INFO  client.GrpcClientProtocolClient (GrpcClientProtocolClient.java:onNext(255)) - client-7538DDC4E776->1b229672-9fc1-42d6-9200-214eb0163fc5: receive RaftClientReply:client-7538DDC4E776->1b229672-9fc1-42d6-9200-214eb0163fc5@group-440AB812C07F, cid=2428, SUCCESS, logIndex=3576, commits[1b229672-9fc1-42d6-9200-214eb0163fc5:c3576, 4cc0758a-96f5-4ab9-816d-81d822da247a:c3574, 8693c47f-40a3-4a1c-b7ba-6ed996b9183c:c3574]
2019-07-08 22:29:55,426 INFO  client.GrpcClientProtocolClient (GrpcClientProtocolClient.java:onNext(255)) - client-7538DDC4E776->1b229672-9fc1-42d6-9200-214eb0163fc5: receive RaftClientReply:client-7538DDC4E776->1b229672-9fc1-42d6-9200-214eb0163fc5@group-440AB812C07F, cid=2429, SUCCESS, logIndex=3577, commits[1b229672-9fc1-42d6-9200-214eb0163fc5:c3578, 4cc0758a-96f5-4ab9-816d-81d822da247a:c3574, 8693c47f-40a3-4a1c-b7ba-6ed996b9183c:c3574]
2019-07-08 22:29:55,426 INFO  client.GrpcClientProtocolClient (GrpcClientProtocolClient.java:onNext(255)) - client-7538DDC4E776->1b229672-9fc1-42d6-9200-214eb0163fc5: receive RaftClientReply:client-7538DDC4E776->1b229672-9fc1-42d6-9200-214eb0163fc5@group-440AB812C07F, cid=2430, SUCCESS, logIndex=3578, commits[1b229672-9fc1-42d6-9200-214eb0163fc5:c3578, 4cc0758a-96f5-4ab9-816d-81d822da247a:c3574, 8693c47f-40a3-4a1c-b7ba-6ed996b9183c:c3574]
2019-07-08 22:29:55,430 INFO  client.GrpcClientProtocolClient (GrpcClientProtocolClient.java:onNext(255)) - client-7538DDC4E776->1b229672-9fc1-42d6-9200-214eb0163fc5: receive RaftClientReply:client-7538DDC4E776->1b229672-9fc1-42d6-9200-214eb0163fc5@group-440AB812C07F, cid=2431, SUCCESS, logIndex=0, commits[1b229672-9fc1-42d6-9200-214eb0163fc5:c3580, 4cc0758a-96f5-4ab9-816d-81d822da247a:c3576, 8693c47f-40a3-4a1c-b7ba-6ed996b9183c:c3577]
2019-07-08 22:29:55,443 INFO  client.GrpcClientProtocolClient (GrpcClientProtocolClient.java:onNext(255)) - client-7538DDC4E776->1b229672-9fc1-42d6-9200-214eb0163fc5: receive RaftClientReply:client-7538DDC4E776->1b229672-9fc1-42d6-9200-214eb0163fc5@group-440AB812C07F, cid=2432, SUCCESS, logIndex=3583, commits[1b229672-9fc1-42d6-9200-214eb0163fc5:c3584, 4cc0758a-96f5-4ab9-816d-81d822da247a:c3578, 8693c47f-40a3-4a1c-b7ba-6ed996b9183c:c3580]
2019-07-08 22:29:55,444 INFO  client.GrpcClientProtocolClient (GrpcClientProtocolClient.java:onNext(255)) - client-7538DDC4E776->1b229672-9fc1-42d6-9200-214eb0163fc5: receive RaftClientReply:client-7538DDC4E776->1b229672-9fc1-42d6-9200-214eb0163fc5@group-440AB812C07F, cid=2433, SUCCESS, logIndex=3584, commits[1b229672-9fc1-42d6-9200-214eb0163fc5:c3584, 4cc0758a-96f5-4ab9-816d-81d822da247a:c3580, 8693c47f-40a3-4a1c-b7ba-6ed996b9183c:c3580]
2019-07-08 22:29:55,458 INFO  client.GrpcClientProtocolClient (GrpcClientProtocolClient.java:onNext(255)) - client-7538DDC4E776->1b229672-9fc1-42d6-9200-214eb0163fc5: receive RaftClientReply:client-7538DDC4E776->1b229672-9fc1-42d6-9200-214eb0163fc5@group-440AB812C07F, cid=2434, SUCCESS, logIndex=3586, commits[1b229672-9fc1-42d6-9200-214eb0163fc5:c3587, 4cc0758a-96f5-4ab9-816d-81d822da247a:c3584, 8693c47f-40a3-4a1c-b7ba-6ed996b9183c:c3584]
2019-07-08 22:29:55,458 INFO  client.GrpcClientProtocolClient (GrpcClientProtocolClient.java:onNext(255)) - client-7538DDC4E776->1b229672-9fc1-42d6-9200-214eb0163fc5: receive RaftClientReply:client-7538DDC4E776->1b229672-9fc1-42d6-9200-214eb0163fc5@group-440AB812C07F, cid=2435, SUCCESS, logIndex=3587, commits[1b229672-9fc1-42d6-9200-214eb0163fc5:c3587, 4cc0758a-96f5-4ab9-816d-81d822da247a:c3584, 8693c47f-40a3-4a1c-b7ba-6ed996b9183c:c3584]
2019-07-08 22:29:55,472 INFO  client.GrpcClientProtocolClient (GrpcClientProtocolClient.java:onNext(255)) - client-7538DDC4E776->1b229672-9fc1-42d6-9200-214eb0163fc5: receive RaftClientReply:client-7538DDC4E776->1b229672-9fc1-42d6-9200-214eb0163fc5@group-440AB812C07F, cid=2436, SUCCESS, logIndex=0, commits[1b229672-9fc1-42d6-9200-214eb0163fc5:c3589, 4cc0758a-96f5-4ab9-816d-81d822da247a:c3587, 8693c47f-40a3-4a1c-b7ba-6ed996b9183c:c3587]
2019-07-08 22:29:55,501 INFO  client.GrpcClientProtocolClient (GrpcClientProtocolClient.java:onNext(255)) - client-7538DDC4E776->1b229672-9fc1-42d6-9200-214eb0163fc5: receive RaftClientReply:client-7538DDC4E776->1b229672-9fc1-42d6-9200-214eb0163fc5@group-440AB812C07F, cid=2437, SUCCESS, logIndex=3590, commits[1b229672-9fc1-42d6-9200-214eb0163fc5:c3591, 4cc0758a-96f5-4ab9-816d-81d822da247a:c3589, 8693c47f-40a3-4a1c-b7ba-6ed996b9183c:c3589]
2019-07-08 22:29:55,501 INFO  client.GrpcClientProtocolClient (GrpcClientProtocolClient.java:onNext(255)) - client-7538DDC4E776->1b229672-9fc1-42d6-9200-214eb0163fc5: receive RaftClientReply:client-7538DDC4E776->1b229672-9fc1-42d6-9200-214eb0163fc5@group-440AB812C07F, cid=2438, SUCCESS, logIndex=3591, commits[1b229672-9fc1-42d6-9200-214eb0163fc5:c3592, 4cc0758a-96f5-4ab9-816d-81d822da247a:c3589, 8693c47f-40a3-4a1c-b7ba-6ed996b9183c:c3589]
2019-07-08 22:29:55,502 INFO  client.GrpcClientProtocolClient (GrpcClientProtocolClient.java:onNext(255)) - client-7538DDC4E776->1b229672-9fc1-42d6-9200-214eb0163fc5: receive RaftClientReply:client-7538DDC4E776->1b229672-9fc1-42d6-9200-214eb0163fc5@group-440AB812C07F, cid=2439, SUCCESS, logIndex=3592, commits[1b229672-9fc1-42d6-9200-214eb0163fc5:c3593, 4cc0758a-96f5-4ab9-816d-81d822da247a:c3589, 8693c47f-40a3-4a1c-b7ba-6ed996b9183c:c3589]
2019-07-08 22:29:55,502 INFO  client.GrpcClientProtocolClient (GrpcClientProtocolClient.java:onNext(255)) - client-7538DDC4E776->1b229672-9fc1-42d6-9200-214eb0163fc5: receive RaftClientReply:client-7538DDC4E776->1b229672-9fc1-42d6-9200-214eb0163fc5@group-440AB812C07F, cid=2440, SUCCESS, logIndex=3593, commits[1b229672-9fc1-42d6-9200-214eb0163fc5:c3593, 4cc0758a-96f5-4ab9-816d-81d822da247a:c3589, 8693c47f-40a3-4a1c-b7ba-6ed996b9183c:c3589]
2019-07-08 22:29:55,503 INFO  client.GrpcClientProtocolClient (GrpcClientProtocolClient.java:onNext(255)) - client-7538DDC4E776->1b229672-9fc1-42d6-9200-214eb0163fc5: receive RaftClientReply:client-7538DDC4E776->1b229672-9fc1-42d6-9200-214eb0163fc5@group-440AB812C07F, cid=2441, SUCCESS, logIndex=0, commits[1b229672-9fc1-42d6-9200-214eb0163fc5:c3596, 4cc0758a-96f5-4ab9-816d-81d822da247a:c3592, 8693c47f-40a3-4a1c-b7ba-6ed996b9183c:c3591]
2019-07-08 22:29:55,532 INFO  client.GrpcClientProtocolClient (GrpcClientProtocolClient.java:onNext(255)) - client-7538DDC4E776->1b229672-9fc1-42d6-9200-214eb0163fc5: receive RaftClientReply:client-7538DDC4E776->1b229672-9fc1-42d6-9200-214eb0163fc5@group-440AB812C07F, cid=2442, SUCCESS, logIndex=3598, commits[1b229672-9fc1-42d6-9200-214eb0163fc5:c3599, 4cc0758a-96f5-4ab9-816d-81d822da247a:c3597, 8693c47f-40a3-4a1c-b7ba-6ed996b9183c:c3597]
2019-07-08 22:29:55,532 INFO  client.GrpcClientProtocolClient (GrpcClientProtocolClient.java:onNext(255)) - client-7538DDC4E776->1b229672-9fc1-42d6-9200-214eb0163fc5: receive RaftClientReply:client-7538DDC4E776->1b229672-9fc1-42d6-9200-214eb0163fc5@group-440AB812C07F, cid=2443, SUCCESS, logIndex=3599, commits[1b229672-9fc1-42d6-9200-214eb0163fc5:c3599, 4cc0758a-96f5-4ab9-816d-81d822da247a:c3597, 8693c47f-40a3-4a1c-b7ba-6ed996b9183c:c3597]
2019-07-08 22:29:55,547 INFO  client.GrpcClientProtocolClient (GrpcClientProtocolClient.java:onNext(255)) - client-7538DDC4E776->1b229672-9fc1-42d6-9200-214eb0163fc5: receive RaftClientReply:client-7538DDC4E776->1b229672-9fc1-42d6-9200-214eb0163fc5@group-440AB812C07F, cid=2444, SUCCESS, logIndex=3602, commits[1b229672-9fc1-42d6-9200-214eb0163fc5:c3603, 4cc0758a-96f5-4ab9-816d-81d822da247a:c3599, 8693c47f-40a3-4a1c-b7ba-6ed996b9183c:c3599]
2019-07-08 22:29:55,548 INFO  client.GrpcClientProtocolClient (GrpcClientProtocolClient.java:onNext(255)) - client-7538DDC4E776->1b229672-9fc1-42d6-9200-214eb0163fc5: receive RaftClientReply:client-7538DDC4E776->1b229672-9fc1-42d6-9200-214eb0163fc5@group-440AB812C07F, cid=2445, SUCCESS, logIndex=3603, commits[1b229672-9fc1-42d6-9200-214eb0163fc5:c3603, 4cc0758a-96f5-4ab9-816d-81d822da247a:c3599, 8693c47f-40a3-4a1c-b7ba-6ed996b9183c:c3599]
2019-07-08 22:29:55,549 INFO  client.GrpcClientProtocolClient (GrpcClientProtocolClient.java:onNext(255)) - client-7538DDC4E776->1b229672-9fc1-42d6-9200-214eb0163fc5: receive RaftClientReply:client-7538DDC4E776->1b229672-9fc1-42d6-9200-214eb0163fc5@group-440AB812C07F, cid=2446, SUCCESS, logIndex=0, commits[1b229672-9fc1-42d6-9200-214eb0163fc5:c3603, 4cc0758a-96f5-4ab9-816d-81d822da247a:c3603, 8693c47f-40a3-4a1c-b7ba-6ed996b9183c:c3603]
2019-07-08 22:29:55,572 INFO  client.GrpcClientProtocolClient (GrpcClientProtocolClient.java:onNext(255)) - client-7538DDC4E776->1b229672-9fc1-42d6-9200-214eb0163fc5: receive RaftClientReply:client-7538DDC4E776->1b229672-9fc1-42d6-9200-214eb0163fc5@group-440AB812C07F, cid=2447, SUCCESS, logIndex=3606, commits[1b229672-9fc1-42d6-9200-214eb0163fc5:c3607, 4cc0758a-96f5-4ab9-816d-81d822da247a:c3605, 8693c47f-40a3-4a1c-b7ba-6ed996b9183c:c3603]
2019-07-08 22:29:55,573 INFO  client.GrpcClientProtocolClient (GrpcClientProtocolClient.java:onNext(255)) - client-7538DDC4E776->1b229672-9fc1-42d6-9200-214eb0163fc5: receive RaftClientReply:client-7538DDC4E776->1b229672-9fc1-42d6-9200-214eb0163fc5@group-440AB812C07F, cid=2448, SUCCESS, logIndex=3607, commits[1b229672-9fc1-42d6-9200-214eb0163fc5:c3607, 4cc0758a-96f5-4ab9-816d-81d822da247a:c3605, 8693c47f-40a3-4a1c-b7ba-6ed996b9183c:c3603]
2019-07-08 22:29:55,576 INFO  client.GrpcClientProtocolClient (GrpcClientProtocolClient.java:onNext(255)) - client-7538DDC4E776->1b229672-9fc1-42d6-9200-214eb0163fc5: receive RaftClientReply:client-7538DDC4E776->1b229672-9fc1-42d6-9200-214eb0163fc5@group-440AB812C07F, cid=2449, SUCCESS, logIndex=3608, commits[1b229672-9fc1-42d6-9200-214eb0163fc5:c3609, 4cc0758a-96f5-4ab9-816d-81d822da247a:c3605, 8693c47f-40a3-4a1c-b7ba-6ed996b9183c:c3605]
2019-07-08 22:29:55,576 INFO  client.GrpcClientProtocolClient (GrpcClientProtocolClient.java:onNext(255)) - client-7538DDC4E776->1b229672-9fc1-42d6-9200-214eb0163fc5: receive RaftClientReply:client-7538DDC4E776->1b229672-9fc1-42d6-9200-214eb0163fc5@group-440AB812C07F, cid=2450, SUCCESS, logIndex=3609, commits[1b229672-9fc1-42d6-9200-214eb0163fc5:c3609, 4cc0758a-96f5-4ab9-816d-81d822da247a:c3605, 8693c47f-40a3-4a1c-b7ba-6ed996b9183c:c3605]
2019-07-08 22:29:55,577 INFO  client.GrpcClientProtocolClient (GrpcClientProtocolClient.java:onNext(255)) - client-7538DDC4E776->1b229672-9fc1-42d6-9200-214eb0163fc5: receive RaftClientReply:client-7538DDC4E776->1b229672-9fc1-42d6-9200-214eb0163fc5@group-440AB812C07F, cid=2451, SUCCESS, logIndex=0, commits[1b229672-9fc1-42d6-9200-214eb0163fc5:c3611, 4cc0758a-96f5-4ab9-816d-81d822da247a:c3607, 8693c47f-40a3-4a1c-b7ba-6ed996b9183c:c3607]
2019-07-08 22:29:55,614 INFO  client.GrpcClientProtocolClient (GrpcClientProtocolClient.java:onNext(255)) - client-7538DDC4E776->1b229672-9fc1-42d6-9200-214eb0163fc5: receive RaftClientReply:client-7538DDC4E776->1b229672-9fc1-42d6-9200-214eb0163fc5@group-440AB812C07F, cid=2452, SUCCESS, logIndex=3614, commits[1b229672-9fc1-42d6-9200-214eb0163fc5:c3615, 4cc0758a-96f5-4ab9-816d-81d822da247a:c3613, 8693c47f-40a3-4a1c-b7ba-6ed996b9183c:c3613]
2019-07-08 22:29:55,614 INFO  client.GrpcClientProtocolClient (GrpcClientProtocolClient.java:onNext(255)) - client-7538DDC4E776->1b229672-9fc1-42d6-9200-214eb0163fc5: receive RaftClientReply:client-7538DDC4E776->1b229672-9fc1-42d6-9200-214eb0163fc5@group-440AB812C07F, cid=2453, SUCCESS, logIndex=3615, commits[1b229672-9fc1-42d6-9200-214eb0163fc5:c3615, 4cc0758a-96f5-4ab9-816d-81d822da247a:c3613, 8693c47f-40a3-4a1c-b7ba-6ed996b9183c:c3613]
2019-07-08 22:29:55,628 INFO  client.GrpcClientProtocolClient (GrpcClientProtocolClient.java:onNext(255)) - client-7538DDC4E776->1b229672-9fc1-42d6-9200-214eb0163fc5: receive RaftClientReply:client-7538DDC4E776->1b229672-9fc1-42d6-9200-214eb0163fc5@group-440AB812C07F, cid=2454, SUCCESS, logIndex=3618, commits[1b229672-9fc1-42d6-9200-214eb0163fc5:c3619, 4cc0758a-96f5-4ab9-816d-81d822da247a:c3615, 8693c47f-40a3-4a1c-b7ba-6ed996b9183c:c3615]
2019-07-08 22:29:55,628 INFO  client.GrpcClientProtocolClient (GrpcClientProtocolClient.java:onNext(255)) - client-7538DDC4E776->1b229672-9fc1-42d6-9200-214eb0163fc5: receive RaftClientReply:client-7538DDC4E776->1b229672-9fc1-42d6-9200-214eb0163fc5@group-440AB812C07F, cid=2455, SUCCESS, logIndex=3619, commits[1b229672-9fc1-42d6-9200-214eb0163fc5:c3619, 4cc0758a-96f5-4ab9-816d-81d822da247a:c3615, 8693c47f-40a3-4a1c-b7ba-6ed996b9183c:c3615]
2019-07-08 22:29:55,639 INFO  client.GrpcClientProtocolClient (GrpcClientProtocolClient.java:onNext(255)) - client-7538DDC4E776->1b229672-9fc1-42d6-9200-214eb0163fc5: receive RaftClientReply:client-7538DDC4E776->1b229672-9fc1-42d6-9200-214eb0163fc5@group-440AB812C07F, cid=2456, SUCCESS, logIndex=0, commits[1b229672-9fc1-42d6-9200-214eb0163fc5:c3620, 4cc0758a-96f5-4ab9-816d-81d822da247a:c3619, 8693c47f-40a3-4a1c-b7ba-6ed996b9183c:c3619]
2019-07-08 22:29:55,669 INFO  client.GrpcClientProtocolClient (GrpcClientProtocolClient.java:onNext(255)) - client-7538DDC4E776->1b229672-9fc1-42d6-9200-214eb0163fc5: receive RaftClientReply:client-7538DDC4E776->1b229672-9fc1-42d6-9200-214eb0163fc5@group-440AB812C07F, cid=2457, SUCCESS, logIndex=3622, commits[1b229672-9fc1-42d6-9200-214eb0163fc5:c3623, 4cc0758a-96f5-4ab9-816d-81d822da247a:c3621, 8693c47f-40a3-4a1c-b7ba-6ed996b9183c:c3621]
2019-07-08 22:29:55,670 INFO  client.GrpcClientProtocolClient (GrpcClientProtocolClient.java:onNext(255)) - client-7538DDC4E776->1b229672-9fc1-42d6-9200-214eb0163fc5: receive RaftClientReply:client-7538DDC4E776->1b229672-9fc1-42d6-9200-214eb0163fc5@group-440AB812C07F, cid=2458, SUCCESS, logIndex=3623, commits[1b229672-9fc1-42d6-9200-214eb0163fc5:c3625, 4cc0758a-96f5-4ab9-816d-81d822da247a:c3621, 8693c47f-40a3-4a1c-b7ba-6ed996b9183c:c3621]
2019-07-08 22:29:55,670 INFO  client.GrpcClientProtocolClient (GrpcClientProtocolClient.java:onNext(255)) - client-7538DDC4E776->1b229672-9fc1-42d6-9200-214eb0163fc5: receive RaftClientReply:client-7538DDC4E776->1b229672-9fc1-42d6-9200-214eb0163fc5@group-440AB812C07F, cid=2459, SUCCESS, logIndex=3624, commits[1b229672-9fc1-42d6-9200-214eb0163fc5:c3625, 4cc0758a-96f5-4ab9-816d-81d822da247a:c3621, 8693c47f-40a3-4a1c-b7ba-6ed996b9183c:c3621]
2019-07-08 22:29:55,670 INFO  client.GrpcClientProtocolClient (GrpcClientProtocolClient.java:onNext(255)) - client-7538DDC4E776->1b229672-9fc1-42d6-9200-214eb0163fc5: receive RaftClientReply:client-7538DDC4E776->1b229672-9fc1-42d6-9200-214eb0163fc5@group-440AB812C07F, cid=2460, SUCCESS, logIndex=3625, commits[1b229672-9fc1-42d6-9200-214eb0163fc5:c3625, 4cc0758a-96f5-4ab9-816d-81d822da247a:c3621, 8693c47f-40a3-4a1c-b7ba-6ed996b9183c:c3621]
2019-07-08 22:29:55,684 INFO  client.GrpcClientProtocolClient (GrpcClientProtocolClient.java:onNext(255)) - client-7538DDC4E776->1b229672-9fc1-42d6-9200-214eb0163fc5: receive RaftClientReply:client-7538DDC4E776->1b229672-9fc1-42d6-9200-214eb0163fc5@group-440AB812C07F, cid=2461, SUCCESS, logIndex=0, commits[1b229672-9fc1-42d6-9200-214eb0163fc5:c3628, 4cc0758a-96f5-4ab9-816d-81d822da247a:c3625, 8693c47f-40a3-4a1c-b7ba-6ed996b9183c:c3623]
2019-07-08 22:29:55,705 INFO  client.GrpcClientProtocolClient (GrpcClientProtocolClient.java:onNext(255)) - client-7538DDC4E776->1b229672-9fc1-42d6-9200-214eb0163fc5: receive RaftClientReply:client-7538DDC4E776->1b229672-9fc1-42d6-9200-214eb0163fc5@group-440AB812C07F, cid=2462, SUCCESS, logIndex=3630, commits[1b229672-9fc1-42d6-9200-214eb0163fc5:c3630, 4cc0758a-96f5-4ab9-816d-81d822da247a:c3629, 8693c47f-40a3-4a1c-b7ba-6ed996b9183c:c3629]
2019-07-08 22:29:55,705 INFO  client.GrpcClientProtocolClient (GrpcClientProtocolClient.java:onNext(255)) - client-7538DDC4E776->1b229672-9fc1-42d6-9200-214eb0163fc5: receive RaftClientReply:client-7538DDC4E776->1b229672-9fc1-42d6-9200-214eb0163fc5@group-440AB812C07F, cid=2463, SUCCESS, logIndex=3631, commits[1b229672-9fc1-42d6-9200-214eb0163fc5:c3631, 4cc0758a-96f5-4ab9-816d-81d822da247a:c3629, 8693c47f-40a3-4a1c-b7ba-6ed996b9183c:c3629]
2019-07-08 22:29:55,730 INFO  client.GrpcClientProtocolClient (GrpcClientProtocolClient.java:onNext(255)) - client-7538DDC4E776->1b229672-9fc1-42d6-9200-214eb0163fc5: receive RaftClientReply:client-7538DDC4E776->1b229672-9fc1-42d6-9200-214eb0163fc5@group-440AB812C07F, cid=2464, SUCCESS, logIndex=3634, commits[1b229672-9fc1-42d6-9200-214eb0163fc5:c3635, 4cc0758a-96f5-4ab9-816d-81d822da247a:c3631, 8693c47f-40a3-4a1c-b7ba-6ed996b9183c:c3631]
2019-07-08 22:29:55,730 INFO  client.GrpcClientProtocolClient (GrpcClientProtocolClient.java:onNext(255)) - client-7538DDC4E776->1b229672-9fc1-42d6-9200-214eb0163fc5: receive RaftClientReply:client-7538DDC4E776->1b229672-9fc1-42d6-9200-214eb0163fc5@group-440AB812C07F, cid=2465, SUCCESS, logIndex=3635, commits[1b229672-9fc1-42d6-9200-214eb0163fc5:c3635, 4cc0758a-96f5-4ab9-816d-81d822da247a:c3631, 8693c47f-40a3-4a1c-b7ba-6ed996b9183c:c3631]
2019-07-08 22:29:55,743 INFO  client.GrpcClientProtocolClient (GrpcClientProtocolClient.java:onNext(255)) - client-7538DDC4E776->1b229672-9fc1-42d6-9200-214eb0163fc5: receive RaftClientReply:client-7538DDC4E776->1b229672-9fc1-42d6-9200-214eb0163fc5@group-440AB812C07F, cid=2466, SUCCESS, logIndex=0, commits[1b229672-9fc1-42d6-9200-214eb0163fc5:c3636, 4cc0758a-96f5-4ab9-816d-81d822da247a:c3635, 8693c47f-40a3-4a1c-b7ba-6ed996b9183c:c3635]
2019-07-08 22:29:55,768 INFO  client.GrpcClientProtocolClient (GrpcClientProtocolClient.java:onNext(255)) - client-7538DDC4E776->1b229672-9fc1-42d6-9200-214eb0163fc5: receive RaftClientReply:client-7538DDC4E776->1b229672-9fc1-42d6-9200-214eb0163fc5@group-440AB812C07F, cid=2467, SUCCESS, logIndex=3638, commits[1b229672-9fc1-42d6-9200-214eb0163fc5:c3639, 4cc0758a-96f5-4ab9-816d-81d822da247a:c3637, 8693c47f-40a3-4a1c-b7ba-6ed996b9183c:c3637]
2019-07-08 22:29:55,768 INFO  client.GrpcClientProtocolClient (GrpcClientProtocolClient.java:onNext(255)) - client-7538DDC4E776->1b229672-9fc1-42d6-9200-214eb0163fc5: receive RaftClientReply:client-7538DDC4E776->1b229672-9fc1-42d6-9200-214eb0163fc5@group-440AB812C07F, cid=2468, SUCCESS, logIndex=3639, commits[1b229672-9fc1-42d6-9200-214eb0163fc5:c3639, 4cc0758a-96f5-4ab9-816d-81d822da247a:c3637, 8693c47f-40a3-4a1c-b7ba-6ed996b9183c:c3637]
2019-07-08 22:29:55,770 INFO  client.GrpcClientProtocolClient (GrpcClientProtocolClient.java:onNext(255)) - client-7538DDC4E776->1b229672-9fc1-42d6-9200-214eb0163fc5: receive RaftClientReply:client-7538DDC4E776->1b229672-9fc1-42d6-9200-214eb0163fc5@group-440AB812C07F, cid=2469, SUCCESS, logIndex=3640, commits[1b229672-9fc1-42d6-9200-214eb0163fc5:c3641, 4cc0758a-96f5-4ab9-816d-81d822da247a:c3637, 8693c47f-40a3-4a1c-b7ba-6ed996b9183c:c3639]
2019-07-08 22:29:55,771 INFO  client.GrpcClientProtocolClient (GrpcClientProtocolClient.java:onNext(255)) - client-7538DDC4E776->1b229672-9fc1-42d6-9200-214eb0163fc5: receive RaftClientReply:client-7538DDC4E776->1b229672-9fc1-42d6-9200-214eb0163fc5@group-440AB812C07F, cid=2470, SUCCESS, logIndex=3641, commits[1b229672-9fc1-42d6-9200-214eb0163fc5:c3643, 4cc0758a-96f5-4ab9-816d-81d822da247a:c3637, 8693c47f-40a3-4a1c-b7ba-6ed996b9183c:c3639]
2019-07-08 22:29:55,772 INFO  client.GrpcClientProtocolClient (GrpcClientProtocolClient.java:onNext(255)) - client-7538DDC4E776->1b229672-9fc1-42d6-9200-214eb0163fc5: receive RaftClientReply:client-7538DDC4E776->1b229672-9fc1-42d6-9200-214eb0163fc5@group-440AB812C07F, cid=2471, SUCCESS, logIndex=0, commits[1b229672-9fc1-42d6-9200-214eb0163fc5:c3643, 4cc0758a-96f5-4ab9-816d-81d822da247a:c3639, 8693c47f-40a3-4a1c-b7ba-6ed996b9183c:c3639]
2019-07-08 22:29:55,787 INFO  client.GrpcClientProtocolClient (GrpcClientProtocolClient.java:onNext(255)) - client-7538DDC4E776->1b229672-9fc1-42d6-9200-214eb0163fc5: receive RaftClientReply:client-7538DDC4E776->1b229672-9fc1-42d6-9200-214eb0163fc5@group-440AB812C07F, cid=2472, SUCCESS, logIndex=3646, commits[1b229672-9fc1-42d6-9200-214eb0163fc5:c3647, 4cc0758a-96f5-4ab9-816d-81d822da247a:c3645, 8693c47f-40a3-4a1c-b7ba-6ed996b9183c:c3641]
2019-07-08 22:29:55,787 INFO  client.GrpcClientProtocolClient (GrpcClientProtocolClient.java:onNext(255)) - client-7538DDC4E776->1b229672-9fc1-42d6-9200-214eb0163fc5: receive RaftClientReply:client-7538DDC4E776->1b229672-9fc1-42d6-9200-214eb0163fc5@group-440AB812C07F, cid=2473, SUCCESS, logIndex=3647, commits[1b229672-9fc1-42d6-9200-214eb0163fc5:c3647, 4cc0758a-96f5-4ab9-816d-81d822da247a:c3645, 8693c47f-40a3-4a1c-b7ba-6ed996b9183c:c3645]
 0.00% |█                                                                                                    |  0/1 Time: 0:00:222019-07-08 22:29:55,802 INFO  client.GrpcClientProtocolClient (GrpcClientProtocolClient.java:onNext(255)) - client-7538DDC4E776->1b229672-9fc1-42d6-9200-214eb0163fc5: receive RaftClientReply:client-7538DDC4E776->1b229672-9fc1-42d6-9200-214eb0163fc5@group-440AB812C07F, cid=2474, SUCCESS, logIndex=3650, commits[1b229672-9fc1-42d6-9200-214eb0163fc5:c3651, 4cc0758a-96f5-4ab9-816d-81d822da247a:c3647, 8693c47f-40a3-4a1c-b7ba-6ed996b9183c:c3649]
2019-07-08 22:29:55,802 INFO  client.GrpcClientProtocolClient (GrpcClientProtocolClient.java:onNext(255)) - client-7538DDC4E776->1b229672-9fc1-42d6-9200-214eb0163fc5: receive RaftClientReply:client-7538DDC4E776->1b229672-9fc1-42d6-9200-214eb0163fc5@group-440AB812C07F, cid=2475, SUCCESS, logIndex=3651, commits[1b229672-9fc1-42d6-9200-214eb0163fc5:c3651, 4cc0758a-96f5-4ab9-816d-81d822da247a:c3649, 8693c47f-40a3-4a1c-b7ba-6ed996b9183c:c3649]
2019-07-08 22:29:55,803 INFO  client.GrpcClientProtocolClient (GrpcClientProtocolClient.java:onNext(255)) - client-7538DDC4E776->1b229672-9fc1-42d6-9200-214eb0163fc5: receive RaftClientReply:client-7538DDC4E776->1b229672-9fc1-42d6-9200-214eb0163fc5@group-440AB812C07F, cid=2476, SUCCESS, logIndex=0, commits[1b229672-9fc1-42d6-9200-214eb0163fc5:c3652, 4cc0758a-96f5-4ab9-816d-81d822da247a:c3651, 8693c47f-40a3-4a1c-b7ba-6ed996b9183c:c3651]
2019-07-08 22:29:55,965 INFO  client.GrpcClientProtocolClient (GrpcClientProtocolClient.java:onNext(255)) - client-7538DDC4E776->1b229672-9fc1-42d6-9200-214eb0163fc5: receive RaftClientReply:client-7538DDC4E776->1b229672-9fc1-42d6-9200-214eb0163fc5@group-440AB812C07F, cid=2477, SUCCESS, logIndex=3654, commits[1b229672-9fc1-42d6-9200-214eb0163fc5:c3655, 4cc0758a-96f5-4ab9-816d-81d822da247a:c3653, 8693c47f-40a3-4a1c-b7ba-6ed996b9183c:c3653]
2019-07-08 22:29:55,966 INFO  client.GrpcClientProtocolClient (GrpcClientProtocolClient.java:onNext(255)) - client-7538DDC4E776->1b229672-9fc1-42d6-9200-214eb0163fc5: receive RaftClientReply:client-7538DDC4E776->1b229672-9fc1-42d6-9200-214eb0163fc5@group-440AB812C07F, cid=2478, SUCCESS, logIndex=3655, commits[1b229672-9fc1-42d6-9200-214eb0163fc5:c3656, 4cc0758a-96f5-4ab9-816d-81d822da247a:c3653, 8693c47f-40a3-4a1c-b7ba-6ed996b9183c:c3653]
2019-07-08 22:29:55,966 INFO  client.GrpcClientProtocolClient (GrpcClientProtocolClient.java:onNext(255)) - client-7538DDC4E776->1b229672-9fc1-42d6-9200-214eb0163fc5: receive RaftClientReply:client-7538DDC4E776->1b229672-9fc1-42d6-9200-214eb0163fc5@group-440AB812C07F, cid=2479, SUCCESS, logIndex=3656, commits[1b229672-9fc1-42d6-9200-214eb0163fc5:c3657, 4cc0758a-96f5-4ab9-816d-81d822da247a:c3653, 8693c47f-40a3-4a1c-b7ba-6ed996b9183c:c3653]
2019-07-08 22:29:55,966 INFO  client.GrpcClientProtocolClient (GrpcClientProtocolClient.java:onNext(255)) - client-7538DDC4E776->1b229672-9fc1-42d6-9200-214eb0163fc5: receive RaftClientReply:client-7538DDC4E776->1b229672-9fc1-42d6-9200-214eb0163fc5@group-440AB812C07F, cid=2480, SUCCESS, logIndex=3657, commits[1b229672-9fc1-42d6-9200-214eb0163fc5:c3657, 4cc0758a-96f5-4ab9-816d-81d822da247a:c3653, 8693c47f-40a3-4a1c-b7ba-6ed996b9183c:c3653]
2019-07-08 22:29:55,980 INFO  client.GrpcClientProtocolClient (GrpcClientProtocolClient.java:onNext(255)) - client-7538DDC4E776->1b229672-9fc1-42d6-9200-214eb0163fc5: receive RaftClientReply:client-7538DDC4E776->1b229672-9fc1-42d6-9200-214eb0163fc5@group-440AB812C07F, cid=2481, SUCCESS, logIndex=0, commits[1b229672-9fc1-42d6-9200-214eb0163fc5:c3660, 4cc0758a-96f5-4ab9-816d-81d822da247a:c3656, 8693c47f-40a3-4a1c-b7ba-6ed996b9183c:c3655]
2019-07-08 22:29:56,001 INFO  client.GrpcClientProtocolClient (GrpcClientProtocolClient.java:onNext(255)) - client-7538DDC4E776->1b229672-9fc1-42d6-9200-214eb0163fc5: receive RaftClientReply:client-7538DDC4E776->1b229672-9fc1-42d6-9200-214eb0163fc5@group-440AB812C07F, cid=2482, SUCCESS, logIndex=3662, commits[1b229672-9fc1-42d6-9200-214eb0163fc5:c3663, 4cc0758a-96f5-4ab9-816d-81d822da247a:c3661, 8693c47f-40a3-4a1c-b7ba-6ed996b9183c:c3661]
2019-07-08 22:29:56,002 INFO  client.GrpcClientProtocolClient (GrpcClientProtocolClient.java:onNext(255)) - client-7538DDC4E776->1b229672-9fc1-42d6-9200-214eb0163fc5: receive RaftClientReply:client-7538DDC4E776->1b229672-9fc1-42d6-9200-214eb0163fc5@group-440AB812C07F, cid=2483, SUCCESS, logIndex=3663, commits[1b229672-9fc1-42d6-9200-214eb0163fc5:c3663, 4cc0758a-96f5-4ab9-816d-81d822da247a:c3661, 8693c47f-40a3-4a1c-b7ba-6ed996b9183c:c3661]
2019-07-08 22:29:56,026 INFO  client.GrpcClientProtocolClient (GrpcClientProtocolClient.java:onNext(255)) - client-7538DDC4E776->1b229672-9fc1-42d6-9200-214eb0163fc5: receive RaftClientReply:client-7538DDC4E776->1b229672-9fc1-42d6-9200-214eb0163fc5@group-440AB812C07F, cid=2484, SUCCESS, logIndex=3666, commits[1b229672-9fc1-42d6-9200-214eb0163fc5:c3667, 4cc0758a-96f5-4ab9-816d-81d822da247a:c3663, 8693c47f-40a3-4a1c-b7ba-6ed996b9183c:c3663]
2019-07-08 22:29:56,027 INFO  client.GrpcClientProtocolClient (GrpcClientProtocolClient.java:onNext(255)) - client-7538DDC4E776->1b229672-9fc1-42d6-9200-214eb0163fc5: receive RaftClientReply:client-7538DDC4E776->1b229672-9fc1-42d6-9200-214eb0163fc5@group-440AB812C07F, cid=2485, SUCCESS, logIndex=3667, commits[1b229672-9fc1-42d6-9200-214eb0163fc5:c3667, 4cc0758a-96f5-4ab9-816d-81d822da247a:c3663, 8693c47f-40a3-4a1c-b7ba-6ed996b9183c:c3663]
2019-07-08 22:29:56,041 INFO  client.GrpcClientProtocolClient (GrpcClientProtocolClient.java:onNext(255)) - client-7538DDC4E776->1b229672-9fc1-42d6-9200-214eb0163fc5: receive RaftClientReply:client-7538DDC4E776->1b229672-9fc1-42d6-9200-214eb0163fc5@group-440AB812C07F, cid=2486, SUCCESS, logIndex=0, commits[1b229672-9fc1-42d6-9200-214eb0163fc5:c3669, 4cc0758a-96f5-4ab9-816d-81d822da247a:c3667, 8693c47f-40a3-4a1c-b7ba-6ed996b9183c:c3667]
2019-07-08 22:29:56,073 INFO  client.GrpcClientProtocolClient (GrpcClientProtocolClient.java:onNext(255)) - client-7538DDC4E776->1b229672-9fc1-42d6-9200-214eb0163fc5: receive RaftClientReply:client-7538DDC4E776->1b229672-9fc1-42d6-9200-214eb0163fc5@group-440AB812C07F, cid=2487, SUCCESS, logIndex=3670, commits[1b229672-9fc1-42d6-9200-214eb0163fc5:c3671, 4cc0758a-96f5-4ab9-816d-81d822da247a:c3669, 8693c47f-40a3-4a1c-b7ba-6ed996b9183c:c3669]
2019-07-08 22:29:56,074 INFO  client.GrpcClientProtocolClient (GrpcClientProtocolClient.java:onNext(255)) - client-7538DDC4E776->1b229672-9fc1-42d6-9200-214eb0163fc5: receive RaftClientReply:client-7538DDC4E776->1b229672-9fc1-42d6-9200-214eb0163fc5@group-440AB812C07F, cid=2488, SUCCESS, logIndex=3671, commits[1b229672-9fc1-42d6-9200-214eb0163fc5:c3673, 4cc0758a-96f5-4ab9-816d-81d822da247a:c3669, 8693c47f-40a3-4a1c-b7ba-6ed996b9183c:c3669]
2019-07-08 22:29:56,074 INFO  client.GrpcClientProtocolClient (GrpcClientProtocolClient.java:onNext(255)) - client-7538DDC4E776->1b229672-9fc1-42d6-9200-214eb0163fc5: receive RaftClientReply:client-7538DDC4E776->1b229672-9fc1-42d6-9200-214eb0163fc5@group-440AB812C07F, cid=2489, SUCCESS, logIndex=3672, commits[1b229672-9fc1-42d6-9200-214eb0163fc5:c3673, 4cc0758a-96f5-4ab9-816d-81d822da247a:c3669, 8693c47f-40a3-4a1c-b7ba-6ed996b9183c:c3669]
2019-07-08 22:29:56,075 INFO  client.GrpcClientProtocolClient (GrpcClientProtocolClient.java:onNext(255)) - client-7538DDC4E776->1b229672-9fc1-42d6-9200-214eb0163fc5: receive RaftClientReply:client-7538DDC4E776->1b229672-9fc1-42d6-9200-214eb0163fc5@group-440AB812C07F, cid=2490, SUCCESS, logIndex=3673, commits[1b229672-9fc1-42d6-9200-214eb0163fc5:c3673, 4cc0758a-96f5-4ab9-816d-81d822da247a:c3669, 8693c47f-40a3-4a1c-b7ba-6ed996b9183c:c3669]
2019-07-08 22:29:56,088 INFO  client.GrpcClientProtocolClient (GrpcClientProtocolClient.java:onNext(255)) - client-7538DDC4E776->1b229672-9fc1-42d6-9200-214eb0163fc5: receive RaftClientReply:client-7538DDC4E776->1b229672-9fc1-42d6-9200-214eb0163fc5@group-440AB812C07F, cid=2491, SUCCESS, logIndex=0, commits[1b229672-9fc1-42d6-9200-214eb0163fc5:c3675, 4cc0758a-96f5-4ab9-816d-81d822da247a:c3671, 8693c47f-40a3-4a1c-b7ba-6ed996b9183c:c3671]
2019-07-08 22:29:56,108 INFO  client.GrpcClientProtocolClient (GrpcClientProtocolClient.java:onNext(255)) - client-7538DDC4E776->1b229672-9fc1-42d6-9200-214eb0163fc5: receive RaftClientReply:client-7538DDC4E776->1b229672-9fc1-42d6-9200-214eb0163fc5@group-440AB812C07F, cid=2492, SUCCESS, logIndex=3678, commits[1b229672-9fc1-42d6-9200-214eb0163fc5:c3679, 4cc0758a-96f5-4ab9-816d-81d822da247a:c3677, 8693c47f-40a3-4a1c-b7ba-6ed996b9183c:c3677]
2019-07-08 22:29:56,109 INFO  client.GrpcClientProtocolClient (GrpcClientProtocolClient.java:onNext(255)) - client-7538DDC4E776->1b229672-9fc1-42d6-9200-214eb0163fc5: receive RaftClientReply:client-7538DDC4E776->1b229672-9fc1-42d6-9200-214eb0163fc5@group-440AB812C07F, cid=2493, SUCCESS, logIndex=3679, commits[1b229672-9fc1-42d6-9200-214eb0163fc5:c3679, 4cc0758a-96f5-4ab9-816d-81d822da247a:c3677, 8693c47f-40a3-4a1c-b7ba-6ed996b9183c:c3677]
2019-07-08 22:29:56,145 INFO  client.GrpcClientProtocolClient (GrpcClientProtocolClient.java:onNext(255)) - client-7538DDC4E776->1b229672-9fc1-42d6-9200-214eb0163fc5: receive RaftClientReply:client-7538DDC4E776->1b229672-9fc1-42d6-9200-214eb0163fc5@group-440AB812C07F, cid=2494, SUCCESS, logIndex=3682, commits[1b229672-9fc1-42d6-9200-214eb0163fc5:c3682, 4cc0758a-96f5-4ab9-816d-81d822da247a:c3679, 8693c47f-40a3-4a1c-b7ba-6ed996b9183c:c3679]
2019-07-08 22:29:56,145 INFO  client.GrpcClientProtocolClient (GrpcClientProtocolClient.java:onNext(255)) - client-7538DDC4E776->1b229672-9fc1-42d6-9200-214eb0163fc5: receive RaftClientReply:client-7538DDC4E776->1b229672-9fc1-42d6-9200-214eb0163fc5@group-440AB812C07F, cid=2495, SUCCESS, logIndex=3683, commits[1b229672-9fc1-42d6-9200-214eb0163fc5:c3683, 4cc0758a-96f5-4ab9-816d-81d822da247a:c3679, 8693c47f-40a3-4a1c-b7ba-6ed996b9183c:c3679]
2019-07-08 22:29:56,166 INFO  client.GrpcClientProtocolClient (GrpcClientProtocolClient.java:onNext(255)) - client-7538DDC4E776->1b229672-9fc1-42d6-9200-214eb0163fc5: receive RaftClientReply:client-7538DDC4E776->1b229672-9fc1-42d6-9200-214eb0163fc5@group-440AB812C07F, cid=2496, SUCCESS, logIndex=0, commits[1b229672-9fc1-42d6-9200-214eb0163fc5:c3685, 4cc0758a-96f5-4ab9-816d-81d822da247a:c3683, 8693c47f-40a3-4a1c-b7ba-6ed996b9183c:c3683]
2019-07-08 22:29:56,199 INFO  client.GrpcClientProtocolClient (GrpcClientProtocolClient.java:onNext(255)) - client-7538DDC4E776->1b229672-9fc1-42d6-9200-214eb0163fc5: receive RaftClientReply:client-7538DDC4E776->1b229672-9fc1-42d6-9200-214eb0163fc5@group-440AB812C07F, cid=2497, SUCCESS, logIndex=3686, commits[1b229672-9fc1-42d6-9200-214eb0163fc5:c3687, 4cc0758a-96f5-4ab9-816d-81d822da247a:c3685, 8693c47f-40a3-4a1c-b7ba-6ed996b9183c:c3685]
2019-07-08 22:29:56,199 INFO  client.GrpcClientProtocolClient (GrpcClientProtocolClient.java:onNext(255)) - client-7538DDC4E776->1b229672-9fc1-42d6-9200-214eb0163fc5: receive RaftClientReply:client-7538DDC4E776->1b229672-9fc1-42d6-9200-214eb0163fc5@group-440AB812C07F, cid=2498, SUCCESS, logIndex=3687, commits[1b229672-9fc1-42d6-9200-214eb0163fc5:c3687, 4cc0758a-96f5-4ab9-816d-81d822da247a:c3685, 8693c47f-40a3-4a1c-b7ba-6ed996b9183c:c3685]
2019-07-08 22:29:56,210 INFO  client.GrpcClientProtocolClient (GrpcClientProtocolClient.java:onNext(255)) - client-7538DDC4E776->1b229672-9fc1-42d6-9200-214eb0163fc5: receive RaftClientReply:client-7538DDC4E776->1b229672-9fc1-42d6-9200-214eb0163fc5@group-440AB812C07F, cid=2499, SUCCESS, logIndex=3688, commits[1b229672-9fc1-42d6-9200-214eb0163fc5:c3689, 4cc0758a-96f5-4ab9-816d-81d822da247a:c3685, 8693c47f-40a3-4a1c-b7ba-6ed996b9183c:c3685]
2019-07-08 22:29:56,210 INFO  client.GrpcClientProtocolClient (GrpcClientProtocolClient.java:onNext(255)) - client-7538DDC4E776->1b229672-9fc1-42d6-9200-214eb0163fc5: receive RaftClientReply:client-7538DDC4E776->1b229672-9fc1-42d6-9200-214eb0163fc5@group-440AB812C07F, cid=2500, SUCCESS, logIndex=3689, commits[1b229672-9fc1-42d6-9200-214eb0163fc5:c3689, 4cc0758a-96f5-4ab9-816d-81d822da247a:c3685, 8693c47f-40a3-4a1c-b7ba-6ed996b9183c:c3685]
2019-07-08 22:29:56,213 INFO  client.GrpcClientProtocolClient (GrpcClientProtocolClient.java:onNext(255)) - client-7538DDC4E776->1b229672-9fc1-42d6-9200-214eb0163fc5: receive RaftClientReply:client-7538DDC4E776->1b229672-9fc1-42d6-9200-214eb0163fc5@group-440AB812C07F, cid=2501, SUCCESS, logIndex=0, commits[1b229672-9fc1-42d6-9200-214eb0163fc5:c3691, 4cc0758a-96f5-4ab9-816d-81d822da247a:c3687, 8693c47f-40a3-4a1c-b7ba-6ed996b9183c:c3687]
2019-07-08 22:29:56,227 INFO  client.GrpcClientProtocolClient (GrpcClientProtocolClient.java:onNext(255)) - client-7538DDC4E776->1b229672-9fc1-42d6-9200-214eb0163fc5: receive RaftClientReply:client-7538DDC4E776->1b229672-9fc1-42d6-9200-214eb0163fc5@group-440AB812C07F, cid=2502, SUCCESS, logIndex=3694, commits[1b229672-9fc1-42d6-9200-214eb0163fc5:c3695, 4cc0758a-96f5-4ab9-816d-81d822da247a:c3691, 8693c47f-40a3-4a1c-b7ba-6ed996b9183c:c3689]
2019-07-08 22:29:56,227 INFO  client.GrpcClientProtocolClient (GrpcClientProtocolClient.java:onNext(255)) - client-7538DDC4E776->1b229672-9fc1-42d6-9200-214eb0163fc5: receive RaftClientReply:client-7538DDC4E776->1b229672-9fc1-42d6-9200-214eb0163fc5@group-440AB812C07F, cid=2503, SUCCESS, logIndex=3695, commits[1b229672-9fc1-42d6-9200-214eb0163fc5:c3695, 4cc0758a-96f5-4ab9-816d-81d822da247a:c3691, 8693c47f-40a3-4a1c-b7ba-6ed996b9183c:c3691]
2019-07-08 22:29:56,248 INFO  client.GrpcClientProtocolClient (GrpcClientProtocolClient.java:onNext(255)) - client-7538DDC4E776->1b229672-9fc1-42d6-9200-214eb0163fc5: receive RaftClientReply:client-7538DDC4E776->1b229672-9fc1-42d6-9200-214eb0163fc5@group-440AB812C07F, cid=2504, SUCCESS, logIndex=3698, commits[1b229672-9fc1-42d6-9200-214eb0163fc5:c3699, 4cc0758a-96f5-4ab9-816d-81d822da247a:c3697, 8693c47f-40a3-4a1c-b7ba-6ed996b9183c:c3697]
2019-07-08 22:29:56,249 INFO  client.GrpcClientProtocolClient (GrpcClientProtocolClient.java:onNext(255)) - client-7538DDC4E776->1b229672-9fc1-42d6-9200-214eb0163fc5: receive RaftClientReply:client-7538DDC4E776->1b229672-9fc1-42d6-9200-214eb0163fc5@group-440AB812C07F, cid=2505, SUCCESS, logIndex=3699, commits[1b229672-9fc1-42d6-9200-214eb0163fc5:c3699, 4cc0758a-96f5-4ab9-816d-81d822da247a:c3697, 8693c47f-40a3-4a1c-b7ba-6ed996b9183c:c3697]
2019-07-08 22:29:56,263 INFO  client.GrpcClientProtocolClient (GrpcClientProtocolClient.java:onNext(255)) - client-7538DDC4E776->1b229672-9fc1-42d6-9200-214eb0163fc5: receive RaftClientReply:client-7538DDC4E776->1b229672-9fc1-42d6-9200-214eb0163fc5@group-440AB812C07F, cid=2506, SUCCESS, logIndex=0, commits[1b229672-9fc1-42d6-9200-214eb0163fc5:c3701, 4cc0758a-96f5-4ab9-816d-81d822da247a:c3699, 8693c47f-40a3-4a1c-b7ba-6ed996b9183c:c3699]
2019-07-08 22:29:56,294 INFO  client.GrpcClientProtocolClient (GrpcClientProtocolClient.java:onNext(255)) - client-7538DDC4E776->1b229672-9fc1-42d6-9200-214eb0163fc5: receive RaftClientReply:client-7538DDC4E776->1b229672-9fc1-42d6-9200-214eb0163fc5@group-440AB812C07F, cid=2507, SUCCESS, logIndex=3702, commits[1b229672-9fc1-42d6-9200-214eb0163fc5:c3703, 4cc0758a-96f5-4ab9-816d-81d822da247a:c3701, 8693c47f-40a3-4a1c-b7ba-6ed996b9183c:c3701]
2019-07-08 22:29:56,295 INFO  client.GrpcClientProtocolClient (GrpcClientProtocolClient.java:onNext(255)) - client-7538DDC4E776->1b229672-9fc1-42d6-9200-214eb0163fc5: receive RaftClientReply:client-7538DDC4E776->1b229672-9fc1-42d6-9200-214eb0163fc5@group-440AB812C07F, cid=2508, SUCCESS, logIndex=3703, commits[1b229672-9fc1-42d6-9200-214eb0163fc5:c3704, 4cc0758a-96f5-4ab9-816d-81d822da247a:c3701, 8693c47f-40a3-4a1c-b7ba-6ed996b9183c:c3701]
2019-07-08 22:29:56,295 INFO  client.GrpcClientProtocolClient (GrpcClientProtocolClient.java:onNext(255)) - client-7538DDC4E776->1b229672-9fc1-42d6-9200-214eb0163fc5: receive RaftClientReply:client-7538DDC4E776->1b229672-9fc1-42d6-9200-214eb0163fc5@group-440AB812C07F, cid=2509, SUCCESS, logIndex=3704, commits[1b229672-9fc1-42d6-9200-214eb0163fc5:c3704, 4cc0758a-96f5-4ab9-816d-81d822da247a:c3701, 8693c47f-40a3-4a1c-b7ba-6ed996b9183c:c3701]
2019-07-08 22:29:56,295 INFO  client.GrpcClientProtocolClient (GrpcClientProtocolClient.java:onNext(255)) - client-7538DDC4E776->1b229672-9fc1-42d6-9200-214eb0163fc5: receive RaftClientReply:client-7538DDC4E776->1b229672-9fc1-42d6-9200-214eb0163fc5@group-440AB812C07F, cid=2510, SUCCESS, logIndex=3705, commits[1b229672-9fc1-42d6-9200-214eb0163fc5:c3705, 4cc0758a-96f5-4ab9-816d-81d822da247a:c3701, 8693c47f-40a3-4a1c-b7ba-6ed996b9183c:c3701]
2019-07-08 22:29:56,298 INFO  client.GrpcClientProtocolClient (GrpcClientProtocolClient.java:onNext(255)) - client-7538DDC4E776->1b229672-9fc1-42d6-9200-214eb0163fc5: receive RaftClientReply:client-7538DDC4E776->1b229672-9fc1-42d6-9200-214eb0163fc5@group-440AB812C07F, cid=2511, SUCCESS, logIndex=0, commits[1b229672-9fc1-42d6-9200-214eb0163fc5:c3709, 4cc0758a-96f5-4ab9-816d-81d822da247a:c3705, 8693c47f-40a3-4a1c-b7ba-6ed996b9183c:c3703]
2019-07-08 22:29:56,318 INFO  client.GrpcClientProtocolClient (GrpcClientProtocolClient.java:onNext(255)) - client-7538DDC4E776->1b229672-9fc1-42d6-9200-214eb0163fc5: receive RaftClientReply:client-7538DDC4E776->1b229672-9fc1-42d6-9200-214eb0163fc5@group-440AB812C07F, cid=2512, SUCCESS, logIndex=3710, commits[1b229672-9fc1-42d6-9200-214eb0163fc5:c3711, 4cc0758a-96f5-4ab9-816d-81d822da247a:c3709, 8693c47f-40a3-4a1c-b7ba-6ed996b9183c:c3709]
2019-07-08 22:29:56,318 INFO  client.GrpcClientProtocolClient (GrpcClientProtocolClient.java:onNext(255)) - client-7538DDC4E776->1b229672-9fc1-42d6-9200-214eb0163fc5: receive RaftClientReply:client-7538DDC4E776->1b229672-9fc1-42d6-9200-214eb0163fc5@group-440AB812C07F, cid=2513, SUCCESS, logIndex=3711, commits[1b229672-9fc1-42d6-9200-214eb0163fc5:c3711, 4cc0758a-96f5-4ab9-816d-81d822da247a:c3709, 8693c47f-40a3-4a1c-b7ba-6ed996b9183c:c3709]
2019-07-08 22:29:56,331 INFO  client.GrpcClientProtocolClient (GrpcClientProtocolClient.java:onNext(255)) - client-7538DDC4E776->1b229672-9fc1-42d6-9200-214eb0163fc5: receive RaftClientReply:client-7538DDC4E776->1b229672-9fc1-42d6-9200-214eb0163fc5@group-440AB812C07F, cid=2514, SUCCESS, logIndex=3714, commits[1b229672-9fc1-42d6-9200-214eb0163fc5:c3715, 4cc0758a-96f5-4ab9-816d-81d822da247a:c3711, 8693c47f-40a3-4a1c-b7ba-6ed996b9183c:c3711]
2019-07-08 22:29:56,331 INFO  client.GrpcClientProtocolClient (GrpcClientProtocolClient.java:onNext(255)) - client-7538DDC4E776->1b229672-9fc1-42d6-9200-214eb0163fc5: receive RaftClientReply:client-7538DDC4E776->1b229672-9fc1-42d6-9200-214eb0163fc5@group-440AB812C07F, cid=2515, SUCCESS, logIndex=3715, commits[1b229672-9fc1-42d6-9200-214eb0163fc5:c3715, 4cc0758a-96f5-4ab9-816d-81d822da247a:c3711, 8693c47f-40a3-4a1c-b7ba-6ed996b9183c:c3711]
2019-07-08 22:29:56,346 INFO  client.GrpcClientProtocolClient (GrpcClientProtocolClient.java:onNext(255)) - client-7538DDC4E776->1b229672-9fc1-42d6-9200-214eb0163fc5: receive RaftClientReply:client-7538DDC4E776->1b229672-9fc1-42d6-9200-214eb0163fc5@group-440AB812C07F, cid=2516, SUCCESS, logIndex=0, commits[1b229672-9fc1-42d6-9200-214eb0163fc5:c3716, 4cc0758a-96f5-4ab9-816d-81d822da247a:c3715, 8693c47f-40a3-4a1c-b7ba-6ed996b9183c:c3715]
2019-07-08 22:29:56,375 INFO  client.GrpcClientProtocolClient (GrpcClientProtocolClient.java:onNext(255)) - client-7538DDC4E776->1b229672-9fc1-42d6-9200-214eb0163fc5: receive RaftClientReply:client-7538DDC4E776->1b229672-9fc1-42d6-9200-214eb0163fc5@group-440AB812C07F, cid=2517, SUCCESS, logIndex=3718, commits[1b229672-9fc1-42d6-9200-214eb0163fc5:c3719, 4cc0758a-96f5-4ab9-816d-81d822da247a:c3717, 8693c47f-40a3-4a1c-b7ba-6ed996b9183c:c3717]
2019-07-08 22:29:56,375 INFO  client.GrpcClientProtocolClient (GrpcClientProtocolClient.java:onNext(255)) - client-7538DDC4E776->1b229672-9fc1-42d6-9200-214eb0163fc5: receive RaftClientReply:client-7538DDC4E776->1b229672-9fc1-42d6-9200-214eb0163fc5@group-440AB812C07F, cid=2518, SUCCESS, logIndex=3719, commits[1b229672-9fc1-42d6-9200-214eb0163fc5:c3719, 4cc0758a-96f5-4ab9-816d-81d822da247a:c3717, 8693c47f-40a3-4a1c-b7ba-6ed996b9183c:c3717]
2019-07-08 22:29:56,376 INFO  client.GrpcClientProtocolClient (GrpcClientProtocolClient.java:onNext(255)) - client-7538DDC4E776->1b229672-9fc1-42d6-9200-214eb0163fc5: receive RaftClientReply:client-7538DDC4E776->1b229672-9fc1-42d6-9200-214eb0163fc5@group-440AB812C07F, cid=2519, SUCCESS, logIndex=3720, commits[1b229672-9fc1-42d6-9200-214eb0163fc5:c3721, 4cc0758a-96f5-4ab9-816d-81d822da247a:c3717, 8693c47f-40a3-4a1c-b7ba-6ed996b9183c:c3717]
2019-07-08 22:29:56,376 INFO  client.GrpcClientProtocolClient (GrpcClientProtocolClient.java:onNext(255)) - client-7538DDC4E776->1b229672-9fc1-42d6-9200-214eb0163fc5: receive RaftClientReply:client-7538DDC4E776->1b229672-9fc1-42d6-9200-214eb0163fc5@group-440AB812C07F, cid=2520, SUCCESS, logIndex=3721, commits[1b229672-9fc1-42d6-9200-214eb0163fc5:c3721, 4cc0758a-96f5-4ab9-816d-81d822da247a:c3717, 8693c47f-40a3-4a1c-b7ba-6ed996b9183c:c3717]
2019-07-08 22:29:56,379 INFO  client.GrpcClientProtocolClient (GrpcClientProtocolClient.java:onNext(255)) - client-7538DDC4E776->1b229672-9fc1-42d6-9200-214eb0163fc5: receive RaftClientReply:client-7538DDC4E776->1b229672-9fc1-42d6-9200-214eb0163fc5@group-440AB812C07F, cid=2521, SUCCESS, logIndex=0, commits[1b229672-9fc1-42d6-9200-214eb0163fc5:c3723, 4cc0758a-96f5-4ab9-816d-81d822da247a:c3719, 8693c47f-40a3-4a1c-b7ba-6ed996b9183c:c3719]
2019-07-08 22:29:56,408 INFO  client.GrpcClientProtocolClient (GrpcClientProtocolClient.java:onNext(255)) - client-7538DDC4E776->1b229672-9fc1-42d6-9200-214eb0163fc5: receive RaftClientReply:client-7538DDC4E776->1b229672-9fc1-42d6-9200-214eb0163fc5@group-440AB812C07F, cid=2522, SUCCESS, logIndex=3726, commits[1b229672-9fc1-42d6-9200-214eb0163fc5:c3727, 4cc0758a-96f5-4ab9-816d-81d822da247a:c3721, 8693c47f-40a3-4a1c-b7ba-6ed996b9183c:c3725]
2019-07-08 22:29:56,409 INFO  client.GrpcClientProtocolClient (GrpcClientProtocolClient.java:onNext(255)) - client-7538DDC4E776->1b229672-9fc1-42d6-9200-214eb0163fc5: receive RaftClientReply:client-7538DDC4E776->1b229672-9fc1-42d6-9200-214eb0163fc5@group-440AB812C07F, cid=2523, SUCCESS, logIndex=3727, commits[1b229672-9fc1-42d6-9200-214eb0163fc5:c3727, 4cc0758a-96f5-4ab9-816d-81d822da247a:c3725, 8693c47f-40a3-4a1c-b7ba-6ed996b9183c:c3725]
2019-07-08 22:29:56,422 INFO  client.GrpcClientProtocolClient (GrpcClientProtocolClient.java:onNext(255)) - client-7538DDC4E776->1b229672-9fc1-42d6-9200-214eb0163fc5: receive RaftClientReply:client-7538DDC4E776->1b229672-9fc1-42d6-9200-214eb0163fc5@group-440AB812C07F, cid=2524, SUCCESS, logIndex=3730, commits[1b229672-9fc1-42d6-9200-214eb0163fc5:c3731, 4cc0758a-96f5-4ab9-816d-81d822da247a:c3727, 8693c47f-40a3-4a1c-b7ba-6ed996b9183c:c3727]
2019-07-08 22:29:56,422 INFO  client.GrpcClientProtocolClient (GrpcClientProtocolClient.java:onNext(255)) - client-7538DDC4E776->1b229672-9fc1-42d6-9200-214eb0163fc5: receive RaftClientReply:client-7538DDC4E776->1b229672-9fc1-42d6-9200-214eb0163fc5@group-440AB812C07F, cid=2525, SUCCESS, logIndex=3731, commits[1b229672-9fc1-42d6-9200-214eb0163fc5:c3731, 4cc0758a-96f5-4ab9-816d-81d822da247a:c3727, 8693c47f-40a3-4a1c-b7ba-6ed996b9183c:c3727]
2019-07-08 22:29:56,425 INFO  client.GrpcClientProtocolClient (GrpcClientProtocolClient.java:onNext(255)) - client-7538DDC4E776->1b229672-9fc1-42d6-9200-214eb0163fc5: receive RaftClientReply:client-7538DDC4E776->1b229672-9fc1-42d6-9200-214eb0163fc5@group-440AB812C07F, cid=2526, SUCCESS, logIndex=0, commits[1b229672-9fc1-42d6-9200-214eb0163fc5:c3733, 4cc0758a-96f5-4ab9-816d-81d822da247a:c3731, 8693c47f-40a3-4a1c-b7ba-6ed996b9183c:c3731]
2019-07-08 22:29:56,457 INFO  client.GrpcClientProtocolClient (GrpcClientProtocolClient.java:onNext(255)) - client-7538DDC4E776->1b229672-9fc1-42d6-9200-214eb0163fc5: receive RaftClientReply:client-7538DDC4E776->1b229672-9fc1-42d6-9200-214eb0163fc5@group-440AB812C07F, cid=2527, SUCCESS, logIndex=3734, commits[1b229672-9fc1-42d6-9200-214eb0163fc5:c3735, 4cc0758a-96f5-4ab9-816d-81d822da247a:c3733, 8693c47f-40a3-4a1c-b7ba-6ed996b9183c:c3733]
2019-07-08 22:29:56,457 INFO  client.GrpcClientProtocolClient (GrpcClientProtocolClient.java:onNext(255)) - client-7538DDC4E776->1b229672-9fc1-42d6-9200-214eb0163fc5: receive RaftClientReply:client-7538DDC4E776->1b229672-9fc1-42d6-9200-214eb0163fc5@group-440AB812C07F, cid=2528, SUCCESS, logIndex=3735, commits[1b229672-9fc1-42d6-9200-214eb0163fc5:c3735, 4cc0758a-96f5-4ab9-816d-81d822da247a:c3733, 8693c47f-40a3-4a1c-b7ba-6ed996b9183c:c3733]
2019-07-08 22:29:56,458 INFO  client.GrpcClientProtocolClient (GrpcClientProtocolClient.java:onNext(255)) - client-7538DDC4E776->1b229672-9fc1-42d6-9200-214eb0163fc5: receive RaftClientReply:client-7538DDC4E776->1b229672-9fc1-42d6-9200-214eb0163fc5@group-440AB812C07F, cid=2529, SUCCESS, logIndex=3736, commits[1b229672-9fc1-42d6-9200-214eb0163fc5:c3737, 4cc0758a-96f5-4ab9-816d-81d822da247a:c3733, 8693c47f-40a3-4a1c-b7ba-6ed996b9183c:c3733]
2019-07-08 22:29:56,458 INFO  client.GrpcClientProtocolClient (GrpcClientProtocolClient.java:onNext(255)) - client-7538DDC4E776->1b229672-9fc1-42d6-9200-214eb0163fc5: receive RaftClientReply:client-7538DDC4E776->1b229672-9fc1-42d6-9200-214eb0163fc5@group-440AB812C07F, cid=2530, SUCCESS, logIndex=3737, commits[1b229672-9fc1-42d6-9200-214eb0163fc5:c3737, 4cc0758a-96f5-4ab9-816d-81d822da247a:c3733, 8693c47f-40a3-4a1c-b7ba-6ed996b9183c:c3733]
2019-07-08 22:29:56,460 INFO  client.GrpcClientProtocolClient (GrpcClientProtocolClient.java:onNext(255)) - client-7538DDC4E776->1b229672-9fc1-42d6-9200-214eb0163fc5: receive RaftClientReply:client-7538DDC4E776->1b229672-9fc1-42d6-9200-214eb0163fc5@group-440AB812C07F, cid=2531, SUCCESS, logIndex=0, commits[1b229672-9fc1-42d6-9200-214eb0163fc5:c3739, 4cc0758a-96f5-4ab9-816d-81d822da247a:c3735, 8693c47f-40a3-4a1c-b7ba-6ed996b9183c:c3735]
2019-07-08 22:29:56,481 INFO  client.GrpcClientProtocolClient (GrpcClientProtocolClient.java:onNext(255)) - client-7538DDC4E776->1b229672-9fc1-42d6-9200-214eb0163fc5: receive RaftClientReply:client-7538DDC4E776->1b229672-9fc1-42d6-9200-214eb0163fc5@group-440AB812C07F, cid=2532, SUCCESS, logIndex=3742, commits[1b229672-9fc1-42d6-9200-214eb0163fc5:c3743, 4cc0758a-96f5-4ab9-816d-81d822da247a:c3741, 8693c47f-40a3-4a1c-b7ba-6ed996b9183c:c3741]
2019-07-08 22:29:56,481 INFO  client.GrpcClientProtocolClient (GrpcClientProtocolClient.java:onNext(255)) - client-7538DDC4E776->1b229672-9fc1-42d6-9200-214eb0163fc5: receive RaftClientReply:client-7538DDC4E776->1b229672-9fc1-42d6-9200-214eb0163fc5@group-440AB812C07F, cid=2533, SUCCESS, logIndex=3743, commits[1b229672-9fc1-42d6-9200-214eb0163fc5:c3743, 4cc0758a-96f5-4ab9-816d-81d822da247a:c3741, 8693c47f-40a3-4a1c-b7ba-6ed996b9183c:c3741]
2019-07-08 22:29:56,494 INFO  client.GrpcClientProtocolClient (GrpcClientProtocolClient.java:onNext(255)) - client-7538DDC4E776->1b229672-9fc1-42d6-9200-214eb0163fc5: receive RaftClientReply:client-7538DDC4E776->1b229672-9fc1-42d6-9200-214eb0163fc5@group-440AB812C07F, cid=2534, SUCCESS, logIndex=3746, commits[1b229672-9fc1-42d6-9200-214eb0163fc5:c3747, 4cc0758a-96f5-4ab9-816d-81d822da247a:c3743, 8693c47f-40a3-4a1c-b7ba-6ed996b9183c:c3742]
2019-07-08 22:29:56,495 INFO  client.GrpcClientProtocolClient (GrpcClientProtocolClient.java:onNext(255)) - client-7538DDC4E776->1b229672-9fc1-42d6-9200-214eb0163fc5: receive RaftClientReply:client-7538DDC4E776->1b229672-9fc1-42d6-9200-214eb0163fc5@group-440AB812C07F, cid=2535, SUCCESS, logIndex=3747, commits[1b229672-9fc1-42d6-9200-214eb0163fc5:c3747, 4cc0758a-96f5-4ab9-816d-81d822da247a:c3743, 8693c47f-40a3-4a1c-b7ba-6ed996b9183c:c3743]
2019-07-08 22:29:56,496 INFO  client.GrpcClientProtocolClient (GrpcClientProtocolClient.java:onNext(255)) - client-7538DDC4E776->1b229672-9fc1-42d6-9200-214eb0163fc5: receive RaftClientReply:client-7538DDC4E776->1b229672-9fc1-42d6-9200-214eb0163fc5@group-440AB812C07F, cid=2536, SUCCESS, logIndex=0, commits[1b229672-9fc1-42d6-9200-214eb0163fc5:c3748, 4cc0758a-96f5-4ab9-816d-81d822da247a:c3747, 8693c47f-40a3-4a1c-b7ba-6ed996b9183c:c3747]
2019-07-08 22:29:56,525 INFO  client.GrpcClientProtocolClient (GrpcClientProtocolClient.java:onNext(255)) - client-7538DDC4E776->1b229672-9fc1-42d6-9200-214eb0163fc5: receive RaftClientReply:client-7538DDC4E776->1b229672-9fc1-42d6-9200-214eb0163fc5@group-440AB812C07F, cid=2537, SUCCESS, logIndex=3750, commits[1b229672-9fc1-42d6-9200-214eb0163fc5:c3751, 4cc0758a-96f5-4ab9-816d-81d822da247a:c3749, 8693c47f-40a3-4a1c-b7ba-6ed996b9183c:c3749]
2019-07-08 22:29:56,525 INFO  client.GrpcClientProtocolClient (GrpcClientProtocolClient.java:onNext(255)) - client-7538DDC4E776->1b229672-9fc1-42d6-9200-214eb0163fc5: receive RaftClientReply:client-7538DDC4E776->1b229672-9fc1-42d6-9200-214eb0163fc5@group-440AB812C07F, cid=2538, SUCCESS, logIndex=3751, commits[1b229672-9fc1-42d6-9200-214eb0163fc5:c3752, 4cc0758a-96f5-4ab9-816d-81d822da247a:c3749, 8693c47f-40a3-4a1c-b7ba-6ed996b9183c:c3749]
2019-07-08 22:29:56,526 INFO  client.GrpcClientProtocolClient (GrpcClientProtocolClient.java:onNext(255)) - client-7538DDC4E776->1b229672-9fc1-42d6-9200-214eb0163fc5: receive RaftClientReply:client-7538DDC4E776->1b229672-9fc1-42d6-9200-214eb0163fc5@group-440AB812C07F, cid=2539, SUCCESS, logIndex=3752, commits[1b229672-9fc1-42d6-9200-214eb0163fc5:c3753, 4cc0758a-96f5-4ab9-816d-81d822da247a:c3749, 8693c47f-40a3-4a1c-b7ba-6ed996b9183c:c3749]
2019-07-08 22:29:56,526 INFO  client.GrpcClientProtocolClient (GrpcClientProtocolClient.java:onNext(255)) - client-7538DDC4E776->1b229672-9fc1-42d6-9200-214eb0163fc5: receive RaftClientReply:client-7538DDC4E776->1b229672-9fc1-42d6-9200-214eb0163fc5@group-440AB812C07F, cid=2540, SUCCESS, logIndex=3753, commits[1b229672-9fc1-42d6-9200-214eb0163fc5:c3753, 4cc0758a-96f5-4ab9-816d-81d822da247a:c3749, 8693c47f-40a3-4a1c-b7ba-6ed996b9183c:c3749]
2019-07-08 22:29:56,540 INFO  client.GrpcClientProtocolClient (GrpcClientProtocolClient.java:onNext(255)) - client-7538DDC4E776->1b229672-9fc1-42d6-9200-214eb0163fc5: receive RaftClientReply:client-7538DDC4E776->1b229672-9fc1-42d6-9200-214eb0163fc5@group-440AB812C07F, cid=2541, SUCCESS, logIndex=0, commits[1b229672-9fc1-42d6-9200-214eb0163fc5:c3756, 4cc0758a-96f5-4ab9-816d-81d822da247a:c3752, 8693c47f-40a3-4a1c-b7ba-6ed996b9183c:c3751]
2019-07-08 22:29:56,560 INFO  client.GrpcClientProtocolClient (GrpcClientProtocolClient.java:onNext(255)) - client-7538DDC4E776->1b229672-9fc1-42d6-9200-214eb0163fc5: receive RaftClientReply:client-7538DDC4E776->1b229672-9fc1-42d6-9200-214eb0163fc5@group-440AB812C07F, cid=2542, SUCCESS, logIndex=3758, commits[1b229672-9fc1-42d6-9200-214eb0163fc5:c3759, 4cc0758a-96f5-4ab9-816d-81d822da247a:c3757, 8693c47f-40a3-4a1c-b7ba-6ed996b9183c:c3757]
2019-07-08 22:29:56,561 INFO  client.GrpcClientProtocolClient (GrpcClientProtocolClient.java:onNext(255)) - client-7538DDC4E776->1b229672-9fc1-42d6-9200-214eb0163fc5: receive RaftClientReply:client-7538DDC4E776->1b229672-9fc1-42d6-9200-214eb0163fc5@group-440AB812C07F, cid=2543, SUCCESS, logIndex=3759, commits[1b229672-9fc1-42d6-9200-214eb0163fc5:c3759, 4cc0758a-96f5-4ab9-816d-81d822da247a:c3757, 8693c47f-40a3-4a1c-b7ba-6ed996b9183c:c3757]
2019-07-08 22:29:56,575 INFO  client.GrpcClientProtocolClient (GrpcClientProtocolClient.java:onNext(255)) - client-7538DDC4E776->1b229672-9fc1-42d6-9200-214eb0163fc5: receive RaftClientReply:client-7538DDC4E776->1b229672-9fc1-42d6-9200-214eb0163fc5@group-440AB812C07F, cid=2544, SUCCESS, logIndex=3762, commits[1b229672-9fc1-42d6-9200-214eb0163fc5:c3762, 4cc0758a-96f5-4ab9-816d-81d822da247a:c3759, 8693c47f-40a3-4a1c-b7ba-6ed996b9183c:c3759]
2019-07-08 22:29:56,576 INFO  client.GrpcClientProtocolClient (GrpcClientProtocolClient.java:onNext(255)) - client-7538DDC4E776->1b229672-9fc1-42d6-9200-214eb0163fc5: receive RaftClientReply:client-7538DDC4E776->1b229672-9fc1-42d6-9200-214eb0163fc5@group-440AB812C07F, cid=2545, SUCCESS, logIndex=3763, commits[1b229672-9fc1-42d6-9200-214eb0163fc5:c3763, 4cc0758a-96f5-4ab9-816d-81d822da247a:c3759, 8693c47f-40a3-4a1c-b7ba-6ed996b9183c:c3759]
2019-07-08 22:29:56,589 INFO  client.GrpcClientProtocolClient (GrpcClientProtocolClient.java:onNext(255)) - client-7538DDC4E776->1b229672-9fc1-42d6-9200-214eb0163fc5: receive RaftClientReply:client-7538DDC4E776->1b229672-9fc1-42d6-9200-214eb0163fc5@group-440AB812C07F, cid=2546, SUCCESS, logIndex=0, commits[1b229672-9fc1-42d6-9200-214eb0163fc5:c3765, 4cc0758a-96f5-4ab9-816d-81d822da247a:c3763, 8693c47f-40a3-4a1c-b7ba-6ed996b9183c:c3763]
2019-07-08 22:29:56,619 INFO  client.GrpcClientProtocolClient (GrpcClientProtocolClient.java:onNext(255)) - client-7538DDC4E776->1b229672-9fc1-42d6-9200-214eb0163fc5: receive RaftClientReply:client-7538DDC4E776->1b229672-9fc1-42d6-9200-214eb0163fc5@group-440AB812C07F, cid=2547, SUCCESS, logIndex=3766, commits[1b229672-9fc1-42d6-9200-214eb0163fc5:c3767, 4cc0758a-96f5-4ab9-816d-81d822da247a:c3765, 8693c47f-40a3-4a1c-b7ba-6ed996b9183c:c3765]
2019-07-08 22:29:56,619 INFO  client.GrpcClientProtocolClient (GrpcClientProtocolClient.java:onNext(255)) - client-7538DDC4E776->1b229672-9fc1-42d6-9200-214eb0163fc5: receive RaftClientReply:client-7538DDC4E776->1b229672-9fc1-42d6-9200-214eb0163fc5@group-440AB812C07F, cid=2548, SUCCESS, logIndex=3767, commits[1b229672-9fc1-42d6-9200-214eb0163fc5:c3769, 4cc0758a-96f5-4ab9-816d-81d822da247a:c3765, 8693c47f-40a3-4a1c-b7ba-6ed996b9183c:c3765]
2019-07-08 22:29:56,620 INFO  client.GrpcClientProtocolClient (GrpcClientProtocolClient.java:onNext(255)) - client-7538DDC4E776->1b229672-9fc1-42d6-9200-214eb0163fc5: receive RaftClientReply:client-7538DDC4E776->1b229672-9fc1-42d6-9200-214eb0163fc5@group-440AB812C07F, cid=2549, SUCCESS, logIndex=3768, commits[1b229672-9fc1-42d6-9200-214eb0163fc5:c3769, 4cc0758a-96f5-4ab9-816d-81d822da247a:c3765, 8693c47f-40a3-4a1c-b7ba-6ed996b9183c:c3765]
2019-07-08 22:29:56,620 INFO  client.GrpcClientProtocolClient (GrpcClientProtocolClient.java:onNext(255)) - client-7538DDC4E776->1b229672-9fc1-42d6-9200-214eb0163fc5: receive RaftClientReply:client-7538DDC4E776->1b229672-9fc1-42d6-9200-214eb0163fc5@group-440AB812C07F, cid=2550, SUCCESS, logIndex=3769, commits[1b229672-9fc1-42d6-9200-214eb0163fc5:c3769, 4cc0758a-96f5-4ab9-816d-81d822da247a:c3765, 8693c47f-40a3-4a1c-b7ba-6ed996b9183c:c3765]
2019-07-08 22:29:56,639 INFO  client.GrpcClientProtocolClient (GrpcClientProtocolClient.java:onNext(255)) - client-7538DDC4E776->1b229672-9fc1-42d6-9200-214eb0163fc5: receive RaftClientReply:client-7538DDC4E776->1b229672-9fc1-42d6-9200-214eb0163fc5@group-440AB812C07F, cid=2551, SUCCESS, logIndex=0, commits[1b229672-9fc1-42d6-9200-214eb0163fc5:c3770, 4cc0758a-96f5-4ab9-816d-81d822da247a:c3767, 8693c47f-40a3-4a1c-b7ba-6ed996b9183c:c3767]
2019-07-08 22:29:56,661 INFO  client.GrpcClientProtocolClient (GrpcClientProtocolClient.java:onNext(255)) - client-7538DDC4E776->1b229672-9fc1-42d6-9200-214eb0163fc5: receive RaftClientReply:client-7538DDC4E776->1b229672-9fc1-42d6-9200-214eb0163fc5@group-440AB812C07F, cid=2552, SUCCESS, logIndex=3773, commits[1b229672-9fc1-42d6-9200-214eb0163fc5:c3774, 4cc0758a-96f5-4ab9-816d-81d822da247a:c3772, 8693c47f-40a3-4a1c-b7ba-6ed996b9183c:c3772]
2019-07-08 22:29:56,661 INFO  client.GrpcClientProtocolClient (GrpcClientProtocolClient.java:onNext(255)) - client-7538DDC4E776->1b229672-9fc1-42d6-9200-214eb0163fc5: receive RaftClientReply:client-7538DDC4E776->1b229672-9fc1-42d6-9200-214eb0163fc5@group-440AB812C07F, cid=2553, SUCCESS, logIndex=3774, commits[1b229672-9fc1-42d6-9200-214eb0163fc5:c3774, 4cc0758a-96f5-4ab9-816d-81d822da247a:c3772, 8693c47f-40a3-4a1c-b7ba-6ed996b9183c:c3772]
2019-07-08 22:29:56,677 INFO  client.GrpcClientProtocolClient (GrpcClientProtocolClient.java:onNext(255)) - client-7538DDC4E776->1b229672-9fc1-42d6-9200-214eb0163fc5: receive RaftClientReply:client-7538DDC4E776->1b229672-9fc1-42d6-9200-214eb0163fc5@group-440AB812C07F, cid=2554, SUCCESS, logIndex=3777, commits[1b229672-9fc1-42d6-9200-214eb0163fc5:c3778, 4cc0758a-96f5-4ab9-816d-81d822da247a:c3774, 8693c47f-40a3-4a1c-b7ba-6ed996b9183c:c3774]
2019-07-08 22:29:56,677 INFO  client.GrpcClientProtocolClient (GrpcClientProtocolClient.java:onNext(255)) - client-7538DDC4E776->1b229672-9fc1-42d6-9200-214eb0163fc5: receive RaftClientReply:client-7538DDC4E776->1b229672-9fc1-42d6-9200-214eb0163fc5@group-440AB812C07F, cid=2555, SUCCESS, logIndex=3778, commits[1b229672-9fc1-42d6-9200-214eb0163fc5:c3778, 4cc0758a-96f5-4ab9-816d-81d822da247a:c3774, 8693c47f-40a3-4a1c-b7ba-6ed996b9183c:c3774]
2019-07-08 22:29:56,691 INFO  client.GrpcClientProtocolClient (GrpcClientProtocolClient.java:onNext(255)) - client-7538DDC4E776->1b229672-9fc1-42d6-9200-214eb0163fc5: receive RaftClientReply:client-7538DDC4E776->1b229672-9fc1-42d6-9200-214eb0163fc5@group-440AB812C07F, cid=2556, SUCCESS, logIndex=0, commits[1b229672-9fc1-42d6-9200-214eb0163fc5:c3780, 4cc0758a-96f5-4ab9-816d-81d822da247a:c3778, 8693c47f-40a3-4a1c-b7ba-6ed996b9183c:c3778]
2019-07-08 22:29:56,721 INFO  client.GrpcClientProtocolClient (GrpcClientProtocolClient.java:onNext(255)) - client-7538DDC4E776->1b229672-9fc1-42d6-9200-214eb0163fc5: receive RaftClientReply:client-7538DDC4E776->1b229672-9fc1-42d6-9200-214eb0163fc5@group-440AB812C07F, cid=2557, SUCCESS, logIndex=3781, commits[1b229672-9fc1-42d6-9200-214eb0163fc5:c3782, 4cc0758a-96f5-4ab9-816d-81d822da247a:c3780, 8693c47f-40a3-4a1c-b7ba-6ed996b9183c:c3780]
2019-07-08 22:29:56,721 INFO  client.GrpcClientProtocolClient (GrpcClientProtocolClient.java:onNext(255)) - client-7538DDC4E776->1b229672-9fc1-42d6-9200-214eb0163fc5: receive RaftClientReply:client-7538DDC4E776->1b229672-9fc1-42d6-9200-214eb0163fc5@group-440AB812C07F, cid=2558, SUCCESS, logIndex=3782, commits[1b229672-9fc1-42d6-9200-214eb0163fc5:c3782, 4cc0758a-96f5-4ab9-816d-81d822da247a:c3780, 8693c47f-40a3-4a1c-b7ba-6ed996b9183c:c3780]
2019-07-08 22:29:56,731 INFO  client.GrpcClientProtocolClient (GrpcClientProtocolClient.java:onNext(255)) - client-7538DDC4E776->1b229672-9fc1-42d6-9200-214eb0163fc5: receive RaftClientReply:client-7538DDC4E776->1b229672-9fc1-42d6-9200-214eb0163fc5@group-440AB812C07F, cid=2559, SUCCESS, logIndex=3783, commits[1b229672-9fc1-42d6-9200-214eb0163fc5:c3784, 4cc0758a-96f5-4ab9-816d-81d822da247a:c3780, 8693c47f-40a3-4a1c-b7ba-6ed996b9183c:c3780]
2019-07-08 22:29:56,731 INFO  client.GrpcClientProtocolClient (GrpcClientProtocolClient.java:onNext(255)) - client-7538DDC4E776->1b229672-9fc1-42d6-9200-214eb0163fc5: receive RaftClientReply:client-7538DDC4E776->1b229672-9fc1-42d6-9200-214eb0163fc5@group-440AB812C07F, cid=2560, SUCCESS, logIndex=3784, commits[1b229672-9fc1-42d6-9200-214eb0163fc5:c3784, 4cc0758a-96f5-4ab9-816d-81d822da247a:c3780, 8693c47f-40a3-4a1c-b7ba-6ed996b9183c:c3780]
2019-07-08 22:29:56,734 INFO  client.GrpcClientProtocolClient (GrpcClientProtocolClient.java:onNext(255)) - client-7538DDC4E776->1b229672-9fc1-42d6-9200-214eb0163fc5: receive RaftClientReply:client-7538DDC4E776->1b229672-9fc1-42d6-9200-214eb0163fc5@group-440AB812C07F, cid=2561, SUCCESS, logIndex=0, commits[1b229672-9fc1-42d6-9200-214eb0163fc5:c3786, 4cc0758a-96f5-4ab9-816d-81d822da247a:c3782, 8693c47f-40a3-4a1c-b7ba-6ed996b9183c:c3784]
2019-07-08 22:29:56,747 INFO  client.GrpcClientProtocolClient (GrpcClientProtocolClient.java:onNext(255)) - client-7538DDC4E776->1b229672-9fc1-42d6-9200-214eb0163fc5: receive RaftClientReply:client-7538DDC4E776->1b229672-9fc1-42d6-9200-214eb0163fc5@group-440AB812C07F, cid=2562, SUCCESS, logIndex=3788, commits[1b229672-9fc1-42d6-9200-214eb0163fc5:c3789, 4cc0758a-96f5-4ab9-816d-81d822da247a:c3784, 8693c47f-40a3-4a1c-b7ba-6ed996b9183c:c3786]
2019-07-08 22:29:56,747 INFO  client.GrpcClientProtocolClient (GrpcClientProtocolClient.java:onNext(255)) - client-7538DDC4E776->1b229672-9fc1-42d6-9200-214eb0163fc5: receive RaftClientReply:client-7538DDC4E776->1b229672-9fc1-42d6-9200-214eb0163fc5@group-440AB812C07F, cid=2563, SUCCESS, logIndex=3789, commits[1b229672-9fc1-42d6-9200-214eb0163fc5:c3789, 4cc0758a-96f5-4ab9-816d-81d822da247a:c3784, 8693c47f-40a3-4a1c-b7ba-6ed996b9183c:c3786]
2019-07-08 22:29:56,775 INFO  client.GrpcClientProtocolClient (GrpcClientProtocolClient.java:onNext(255)) - client-7538DDC4E776->1b229672-9fc1-42d6-9200-214eb0163fc5: receive RaftClientReply:client-7538DDC4E776->1b229672-9fc1-42d6-9200-214eb0163fc5@group-440AB812C07F, cid=2564, SUCCESS, logIndex=3792, commits[1b229672-9fc1-42d6-9200-214eb0163fc5:c3792, 4cc0758a-96f5-4ab9-816d-81d822da247a:c3789, 8693c47f-40a3-4a1c-b7ba-6ed996b9183c:c3789]
2019-07-08 22:29:56,775 INFO  client.GrpcClientProtocolClient (GrpcClientProtocolClient.java:onNext(255)) - client-7538DDC4E776->1b229672-9fc1-42d6-9200-214eb0163fc5: receive RaftClientReply:client-7538DDC4E776->1b229672-9fc1-42d6-9200-214eb0163fc5@group-440AB812C07F, cid=2565, SUCCESS, logIndex=3793, commits[1b229672-9fc1-42d6-9200-214eb0163fc5:c3793, 4cc0758a-96f5-4ab9-816d-81d822da247a:c3789, 8693c47f-40a3-4a1c-b7ba-6ed996b9183c:c3789]
 0.00% |█                                                                                                    |  0/1 Time: 0:00:232019-07-08 22:29:56,799 INFO  client.GrpcClientProtocolClient (GrpcClientProtocolClient.java:onNext(255)) - client-7538DDC4E776->1b229672-9fc1-42d6-9200-214eb0163fc5: receive RaftClientReply:client-7538DDC4E776->1b229672-9fc1-42d6-9200-214eb0163fc5@group-440AB812C07F, cid=2566, SUCCESS, logIndex=0, commits[1b229672-9fc1-42d6-9200-214eb0163fc5:c3795, 4cc0758a-96f5-4ab9-816d-81d822da247a:c3793, 8693c47f-40a3-4a1c-b7ba-6ed996b9183c:c3793]
2019-07-08 22:29:56,971 INFO  client.GrpcClientProtocolClient (GrpcClientProtocolClient.java:onNext(255)) - client-7538DDC4E776->1b229672-9fc1-42d6-9200-214eb0163fc5: receive RaftClientReply:client-7538DDC4E776->1b229672-9fc1-42d6-9200-214eb0163fc5@group-440AB812C07F, cid=2567, SUCCESS, logIndex=3796, commits[1b229672-9fc1-42d6-9200-214eb0163fc5:c3797, 4cc0758a-96f5-4ab9-816d-81d822da247a:c3795, 8693c47f-40a3-4a1c-b7ba-6ed996b9183c:c3795]
2019-07-08 22:29:56,972 INFO  client.GrpcClientProtocolClient (GrpcClientProtocolClient.java:onNext(255)) - client-7538DDC4E776->1b229672-9fc1-42d6-9200-214eb0163fc5: receive RaftClientReply:client-7538DDC4E776->1b229672-9fc1-42d6-9200-214eb0163fc5@group-440AB812C07F, cid=2568, SUCCESS, logIndex=3797, commits[1b229672-9fc1-42d6-9200-214eb0163fc5:c3799, 4cc0758a-96f5-4ab9-816d-81d822da247a:c3795, 8693c47f-40a3-4a1c-b7ba-6ed996b9183c:c3795]
2019-07-08 22:29:56,972 INFO  client.GrpcClientProtocolClient (GrpcClientProtocolClient.java:onNext(255)) - client-7538DDC4E776->1b229672-9fc1-42d6-9200-214eb0163fc5: receive RaftClientReply:client-7538DDC4E776->1b229672-9fc1-42d6-9200-214eb0163fc5@group-440AB812C07F, cid=2569, SUCCESS, logIndex=3798, commits[1b229672-9fc1-42d6-9200-214eb0163fc5:c3799, 4cc0758a-96f5-4ab9-816d-81d822da247a:c3795, 8693c47f-40a3-4a1c-b7ba-6ed996b9183c:c3795]
2019-07-08 22:29:56,972 INFO  client.GrpcClientProtocolClient (GrpcClientProtocolClient.java:onNext(255)) - client-7538DDC4E776->1b229672-9fc1-42d6-9200-214eb0163fc5: receive RaftClientReply:client-7538DDC4E776->1b229672-9fc1-42d6-9200-214eb0163fc5@group-440AB812C07F, cid=2570, SUCCESS, logIndex=3799, commits[1b229672-9fc1-42d6-9200-214eb0163fc5:c3799, 4cc0758a-96f5-4ab9-816d-81d822da247a:c3795, 8693c47f-40a3-4a1c-b7ba-6ed996b9183c:c3795]
2019-07-08 22:29:56,985 INFO  client.GrpcClientProtocolClient (GrpcClientProtocolClient.java:onNext(255)) - client-7538DDC4E776->1b229672-9fc1-42d6-9200-214eb0163fc5: receive RaftClientReply:client-7538DDC4E776->1b229672-9fc1-42d6-9200-214eb0163fc5@group-440AB812C07F, cid=2571, SUCCESS, logIndex=0, commits[1b229672-9fc1-42d6-9200-214eb0163fc5:c3802, 4cc0758a-96f5-4ab9-816d-81d822da247a:c3799, 8693c47f-40a3-4a1c-b7ba-6ed996b9183c:c3797]
2019-07-08 22:29:57,007 INFO  client.GrpcClientProtocolClient (GrpcClientProtocolClient.java:onNext(255)) - client-7538DDC4E776->1b229672-9fc1-42d6-9200-214eb0163fc5: receive RaftClientReply:client-7538DDC4E776->1b229672-9fc1-42d6-9200-214eb0163fc5@group-440AB812C07F, cid=2572, SUCCESS, logIndex=3803, commits[1b229672-9fc1-42d6-9200-214eb0163fc5:c3804, 4cc0758a-96f5-4ab9-816d-81d822da247a:c3802, 8693c47f-40a3-4a1c-b7ba-6ed996b9183c:c3802]
2019-07-08 22:29:57,008 INFO  client.GrpcClientProtocolClient (GrpcClientProtocolClient.java:onNext(255)) - client-7538DDC4E776->1b229672-9fc1-42d6-9200-214eb0163fc5: receive RaftClientReply:client-7538DDC4E776->1b229672-9fc1-42d6-9200-214eb0163fc5@group-440AB812C07F, cid=2573, SUCCESS, logIndex=3804, commits[1b229672-9fc1-42d6-9200-214eb0163fc5:c3804, 4cc0758a-96f5-4ab9-816d-81d822da247a:c3802, 8693c47f-40a3-4a1c-b7ba-6ed996b9183c:c3802]
2019-07-08 22:29:57,034 INFO  client.GrpcClientProtocolClient (GrpcClientProtocolClient.java:onNext(255)) - client-7538DDC4E776->1b229672-9fc1-42d6-9200-214eb0163fc5: receive RaftClientReply:client-7538DDC4E776->1b229672-9fc1-42d6-9200-214eb0163fc5@group-440AB812C07F, cid=2574, SUCCESS, logIndex=3807, commits[1b229672-9fc1-42d6-9200-214eb0163fc5:c3808, 4cc0758a-96f5-4ab9-816d-81d822da247a:c3804, 8693c47f-40a3-4a1c-b7ba-6ed996b9183c:c3804]
2019-07-08 22:29:57,035 INFO  client.GrpcClientProtocolClient (GrpcClientProtocolClient.java:onNext(255)) - client-7538DDC4E776->1b229672-9fc1-42d6-9200-214eb0163fc5: receive RaftClientReply:client-7538DDC4E776->1b229672-9fc1-42d6-9200-214eb0163fc5@group-440AB812C07F, cid=2575, SUCCESS, logIndex=3808, commits[1b229672-9fc1-42d6-9200-214eb0163fc5:c3808, 4cc0758a-96f5-4ab9-816d-81d822da247a:c3804, 8693c47f-40a3-4a1c-b7ba-6ed996b9183c:c3804]
2019-07-08 22:29:57,058 INFO  client.GrpcClientProtocolClient (GrpcClientProtocolClient.java:onNext(255)) - client-7538DDC4E776->1b229672-9fc1-42d6-9200-214eb0163fc5: receive RaftClientReply:client-7538DDC4E776->1b229672-9fc1-42d6-9200-214eb0163fc5@group-440AB812C07F, cid=2576, SUCCESS, logIndex=0, commits[1b229672-9fc1-42d6-9200-214eb0163fc5:c3810, 4cc0758a-96f5-4ab9-816d-81d822da247a:c3808, 8693c47f-40a3-4a1c-b7ba-6ed996b9183c:c3808]
2019-07-08 22:29:57,094 INFO  client.GrpcClientProtocolClient (GrpcClientProtocolClient.java:onNext(255)) - client-7538DDC4E776->1b229672-9fc1-42d6-9200-214eb0163fc5: receive RaftClientReply:client-7538DDC4E776->1b229672-9fc1-42d6-9200-214eb0163fc5@group-440AB812C07F, cid=2577, SUCCESS, logIndex=3811, commits[1b229672-9fc1-42d6-9200-214eb0163fc5:c3812, 4cc0758a-96f5-4ab9-816d-81d822da247a:c3810, 8693c47f-40a3-4a1c-b7ba-6ed996b9183c:c3810]
2019-07-08 22:29:57,095 INFO  client.GrpcClientProtocolClient (GrpcClientProtocolClient.java:onNext(255)) - client-7538DDC4E776->1b229672-9fc1-42d6-9200-214eb0163fc5: receive RaftClientReply:client-7538DDC4E776->1b229672-9fc1-42d6-9200-214eb0163fc5@group-440AB812C07F, cid=2578, SUCCESS, logIndex=3812, commits[1b229672-9fc1-42d6-9200-214eb0163fc5:c3812, 4cc0758a-96f5-4ab9-816d-81d822da247a:c3810, 8693c47f-40a3-4a1c-b7ba-6ed996b9183c:c3810]
2019-07-08 22:29:57,104 INFO  client.GrpcClientProtocolClient (GrpcClientProtocolClient.java:onNext(255)) - client-7538DDC4E776->1b229672-9fc1-42d6-9200-214eb0163fc5: receive RaftClientReply:client-7538DDC4E776->1b229672-9fc1-42d6-9200-214eb0163fc5@group-440AB812C07F, cid=2579, SUCCESS, logIndex=3813, commits[1b229672-9fc1-42d6-9200-214eb0163fc5:c3814, 4cc0758a-96f5-4ab9-816d-81d822da247a:c3810, 8693c47f-40a3-4a1c-b7ba-6ed996b9183c:c3810]
2019-07-08 22:29:57,104 INFO  client.GrpcClientProtocolClient (GrpcClientProtocolClient.java:onNext(255)) - client-7538DDC4E776->1b229672-9fc1-42d6-9200-214eb0163fc5: receive RaftClientReply:client-7538DDC4E776->1b229672-9fc1-42d6-9200-214eb0163fc5@group-440AB812C07F, cid=2580, SUCCESS, logIndex=3814, commits[1b229672-9fc1-42d6-9200-214eb0163fc5:c3814, 4cc0758a-96f5-4ab9-816d-81d822da247a:c3810, 8693c47f-40a3-4a1c-b7ba-6ed996b9183c:c3810]
2019-07-08 22:29:57,119 INFO  client.GrpcClientProtocolClient (GrpcClientProtocolClient.java:onNext(255)) - client-7538DDC4E776->1b229672-9fc1-42d6-9200-214eb0163fc5: receive RaftClientReply:client-7538DDC4E776->1b229672-9fc1-42d6-9200-214eb0163fc5@group-440AB812C07F, cid=2581, SUCCESS, logIndex=0, commits[1b229672-9fc1-42d6-9200-214eb0163fc5:c3817, 4cc0758a-96f5-4ab9-816d-81d822da247a:c3812, 8693c47f-40a3-4a1c-b7ba-6ed996b9183c:c3812]
2019-07-08 22:29:57,134 INFO  client.GrpcClientProtocolClient (GrpcClientProtocolClient.java:onNext(255)) - client-7538DDC4E776->1b229672-9fc1-42d6-9200-214eb0163fc5: receive RaftClientReply:client-7538DDC4E776->1b229672-9fc1-42d6-9200-214eb0163fc5@group-440AB812C07F, cid=2582, SUCCESS, logIndex=3819, commits[1b229672-9fc1-42d6-9200-214eb0163fc5:c3820, 4cc0758a-96f5-4ab9-816d-81d822da247a:c3818, 8693c47f-40a3-4a1c-b7ba-6ed996b9183c:c3818]
2019-07-08 22:29:57,134 INFO  client.GrpcClientProtocolClient (GrpcClientProtocolClient.java:onNext(255)) - client-7538DDC4E776->1b229672-9fc1-42d6-9200-214eb0163fc5: receive RaftClientReply:client-7538DDC4E776->1b229672-9fc1-42d6-9200-214eb0163fc5@group-440AB812C07F, cid=2583, SUCCESS, logIndex=3820, commits[1b229672-9fc1-42d6-9200-214eb0163fc5:c3820, 4cc0758a-96f5-4ab9-816d-81d822da247a:c3818, 8693c47f-40a3-4a1c-b7ba-6ed996b9183c:c3818]
2019-07-08 22:29:57,147 INFO  client.GrpcClientProtocolClient (GrpcClientProtocolClient.java:onNext(255)) - client-7538DDC4E776->1b229672-9fc1-42d6-9200-214eb0163fc5: receive RaftClientReply:client-7538DDC4E776->1b229672-9fc1-42d6-9200-214eb0163fc5@group-440AB812C07F, cid=2584, SUCCESS, logIndex=3823, commits[1b229672-9fc1-42d6-9200-214eb0163fc5:c3824, 4cc0758a-96f5-4ab9-816d-81d822da247a:c3822, 8693c47f-40a3-4a1c-b7ba-6ed996b9183c:c3822]
2019-07-08 22:29:57,147 INFO  client.GrpcClientProtocolClient (GrpcClientProtocolClient.java:onNext(255)) - client-7538DDC4E776->1b229672-9fc1-42d6-9200-214eb0163fc5: receive RaftClientReply:client-7538DDC4E776->1b229672-9fc1-42d6-9200-214eb0163fc5@group-440AB812C07F, cid=2585, SUCCESS, logIndex=3824, commits[1b229672-9fc1-42d6-9200-214eb0163fc5:c3824, 4cc0758a-96f5-4ab9-816d-81d822da247a:c3822, 8693c47f-40a3-4a1c-b7ba-6ed996b9183c:c3822]
2019-07-08 22:29:57,152 INFO  client.GrpcClientProtocolClient (GrpcClientProtocolClient.java:onNext(255)) - client-7538DDC4E776->1b229672-9fc1-42d6-9200-214eb0163fc5: receive RaftClientReply:client-7538DDC4E776->1b229672-9fc1-42d6-9200-214eb0163fc5@group-440AB812C07F, cid=2586, SUCCESS, logIndex=0, commits[1b229672-9fc1-42d6-9200-214eb0163fc5:c3826, 4cc0758a-96f5-4ab9-816d-81d822da247a:c3824, 8693c47f-40a3-4a1c-b7ba-6ed996b9183c:c3824]
2019-07-08 22:29:57,182 INFO  client.GrpcClientProtocolClient (GrpcClientProtocolClient.java:onNext(255)) - client-7538DDC4E776->1b229672-9fc1-42d6-9200-214eb0163fc5: receive RaftClientReply:client-7538DDC4E776->1b229672-9fc1-42d6-9200-214eb0163fc5@group-440AB812C07F, cid=2587, SUCCESS, logIndex=3827, commits[1b229672-9fc1-42d6-9200-214eb0163fc5:c3830, 4cc0758a-96f5-4ab9-816d-81d822da247a:c3824, 8693c47f-40a3-4a1c-b7ba-6ed996b9183c:c3826]
2019-07-08 22:29:57,182 INFO  client.GrpcClientProtocolClient (GrpcClientProtocolClient.java:onNext(255)) - client-7538DDC4E776->1b229672-9fc1-42d6-9200-214eb0163fc5: receive RaftClientReply:client-7538DDC4E776->1b229672-9fc1-42d6-9200-214eb0163fc5@group-440AB812C07F, cid=2588, SUCCESS, logIndex=3828, commits[1b229672-9fc1-42d6-9200-214eb0163fc5:c3830, 4cc0758a-96f5-4ab9-816d-81d822da247a:c3826, 8693c47f-40a3-4a1c-b7ba-6ed996b9183c:c3826]
2019-07-08 22:29:57,183 INFO  client.GrpcClientProtocolClient (GrpcClientProtocolClient.java:onNext(255)) - client-7538DDC4E776->1b229672-9fc1-42d6-9200-214eb0163fc5: receive RaftClientReply:client-7538DDC4E776->1b229672-9fc1-42d6-9200-214eb0163fc5@group-440AB812C07F, cid=2589, SUCCESS, logIndex=3829, commits[1b229672-9fc1-42d6-9200-214eb0163fc5:c3831, 4cc0758a-96f5-4ab9-816d-81d822da247a:c3826, 8693c47f-40a3-4a1c-b7ba-6ed996b9183c:c3827]
2019-07-08 22:29:57,184 INFO  client.GrpcClientProtocolClient (GrpcClientProtocolClient.java:onNext(255)) - client-7538DDC4E776->1b229672-9fc1-42d6-9200-214eb0163fc5: receive RaftClientReply:client-7538DDC4E776->1b229672-9fc1-42d6-9200-214eb0163fc5@group-440AB812C07F, cid=2590, SUCCESS, logIndex=3830, commits[1b229672-9fc1-42d6-9200-214eb0163fc5:c3831, 4cc0758a-96f5-4ab9-816d-81d822da247a:c3826, 8693c47f-40a3-4a1c-b7ba-6ed996b9183c:c3827]
2019-07-08 22:29:57,186 INFO  client.GrpcClientProtocolClient (GrpcClientProtocolClient.java:onNext(255)) - client-7538DDC4E776->1b229672-9fc1-42d6-9200-214eb0163fc5: receive RaftClientReply:client-7538DDC4E776->1b229672-9fc1-42d6-9200-214eb0163fc5@group-440AB812C07F, cid=2591, SUCCESS, logIndex=0, commits[1b229672-9fc1-42d6-9200-214eb0163fc5:c3833, 4cc0758a-96f5-4ab9-816d-81d822da247a:c3830, 8693c47f-40a3-4a1c-b7ba-6ed996b9183c:c3830]
2019-07-08 22:29:57,207 INFO  client.GrpcClientProtocolClient (GrpcClientProtocolClient.java:onNext(255)) - client-7538DDC4E776->1b229672-9fc1-42d6-9200-214eb0163fc5: receive RaftClientReply:client-7538DDC4E776->1b229672-9fc1-42d6-9200-214eb0163fc5@group-440AB812C07F, cid=2592, SUCCESS, logIndex=3834, commits[1b229672-9fc1-42d6-9200-214eb0163fc5:c3835, 4cc0758a-96f5-4ab9-816d-81d822da247a:c3833, 8693c47f-40a3-4a1c-b7ba-6ed996b9183c:c3833]
2019-07-08 22:29:57,207 INFO  client.GrpcClientProtocolClient (GrpcClientProtocolClient.java:onNext(255)) - client-7538DDC4E776->1b229672-9fc1-42d6-9200-214eb0163fc5: receive RaftClientReply:client-7538DDC4E776->1b229672-9fc1-42d6-9200-214eb0163fc5@group-440AB812C07F, cid=2593, SUCCESS, logIndex=3835, commits[1b229672-9fc1-42d6-9200-214eb0163fc5:c3835, 4cc0758a-96f5-4ab9-816d-81d822da247a:c3833, 8693c47f-40a3-4a1c-b7ba-6ed996b9183c:c3833]
2019-07-08 22:29:57,220 INFO  client.GrpcClientProtocolClient (GrpcClientProtocolClient.java:onNext(255)) - client-7538DDC4E776->1b229672-9fc1-42d6-9200-214eb0163fc5: receive RaftClientReply:client-7538DDC4E776->1b229672-9fc1-42d6-9200-214eb0163fc5@group-440AB812C07F, cid=2594, SUCCESS, logIndex=3838, commits[1b229672-9fc1-42d6-9200-214eb0163fc5:c3839, 4cc0758a-96f5-4ab9-816d-81d822da247a:c3835, 8693c47f-40a3-4a1c-b7ba-6ed996b9183c:c3834]
2019-07-08 22:29:57,220 INFO  client.GrpcClientProtocolClient (GrpcClientProtocolClient.java:onNext(255)) - client-7538DDC4E776->1b229672-9fc1-42d6-9200-214eb0163fc5: receive RaftClientReply:client-7538DDC4E776->1b229672-9fc1-42d6-9200-214eb0163fc5@group-440AB812C07F, cid=2595, SUCCESS, logIndex=3839, commits[1b229672-9fc1-42d6-9200-214eb0163fc5:c3839, 4cc0758a-96f5-4ab9-816d-81d822da247a:c3835, 8693c47f-40a3-4a1c-b7ba-6ed996b9183c:c3834]
2019-07-08 22:29:57,222 INFO  client.GrpcClientProtocolClient (GrpcClientProtocolClient.java:onNext(255)) - client-7538DDC4E776->1b229672-9fc1-42d6-9200-214eb0163fc5: receive RaftClientReply:client-7538DDC4E776->1b229672-9fc1-42d6-9200-214eb0163fc5@group-440AB812C07F, cid=2596, SUCCESS, logIndex=0, commits[1b229672-9fc1-42d6-9200-214eb0163fc5:c3839, 4cc0758a-96f5-4ab9-816d-81d822da247a:c3835, 8693c47f-40a3-4a1c-b7ba-6ed996b9183c:c3835]
2019-07-08 22:29:57,234 INFO  client.GrpcClientProtocolClient (GrpcClientProtocolClient.java:onNext(255)) - client-7538DDC4E776->1b229672-9fc1-42d6-9200-214eb0163fc5: receive RaftClientReply:client-7538DDC4E776->1b229672-9fc1-42d6-9200-214eb0163fc5@group-440AB812C07F, cid=2597, SUCCESS, logIndex=0, commits[1b229672-9fc1-42d6-9200-214eb0163fc5:c3841, 4cc0758a-96f5-4ab9-816d-81d822da247a:c3839, 8693c47f-40a3-4a1c-b7ba-6ed996b9183c:c3839]
2019-07-08 22:29:57,272 INFO  client.GrpcClientProtocolClient (GrpcClientProtocolClient.java:onNext(255)) - client-7538DDC4E776->1b229672-9fc1-42d6-9200-214eb0163fc5: receive RaftClientReply:client-7538DDC4E776->1b229672-9fc1-42d6-9200-214eb0163fc5@group-440AB812C07F, cid=2598, SUCCESS, logIndex=3842, commits[1b229672-9fc1-42d6-9200-214eb0163fc5:c3843, 4cc0758a-96f5-4ab9-816d-81d822da247a:c3841, 8693c47f-40a3-4a1c-b7ba-6ed996b9183c:c3841]
2019-07-08 22:29:57,272 INFO  client.GrpcClientProtocolClient (GrpcClientProtocolClient.java:onNext(255)) - client-7538DDC4E776->1b229672-9fc1-42d6-9200-214eb0163fc5: receive RaftClientReply:client-7538DDC4E776->1b229672-9fc1-42d6-9200-214eb0163fc5@group-440AB812C07F, cid=2599, SUCCESS, logIndex=3843, commits[1b229672-9fc1-42d6-9200-214eb0163fc5:c3843, 4cc0758a-96f5-4ab9-816d-81d822da247a:c3841, 8693c47f-40a3-4a1c-b7ba-6ed996b9183c:c3841]
2019-07-08 22:29:57,289 INFO  client.GrpcClientProtocolClient (GrpcClientProtocolClient.java:onNext(255)) - client-7538DDC4E776->1b229672-9fc1-42d6-9200-214eb0163fc5: receive RaftClientReply:client-7538DDC4E776->1b229672-9fc1-42d6-9200-214eb0163fc5@group-440AB812C07F, cid=2600, SUCCESS, logIndex=3844, commits[1b229672-9fc1-42d6-9200-214eb0163fc5:c3845, 4cc0758a-96f5-4ab9-816d-81d822da247a:c3841, 8693c47f-40a3-4a1c-b7ba-6ed996b9183c:c3841]
2019-07-08 22:29:57,289 INFO  client.GrpcClientProtocolClient (GrpcClientProtocolClient.java:onNext(255)) - client-7538DDC4E776->1b229672-9fc1-42d6-9200-214eb0163fc5: receive RaftClientReply:client-7538DDC4E776->1b229672-9fc1-42d6-9200-214eb0163fc5@group-440AB812C07F, cid=2601, SUCCESS, logIndex=3845, commits[1b229672-9fc1-42d6-9200-214eb0163fc5:c3845, 4cc0758a-96f5-4ab9-816d-81d822da247a:c3841, 8693c47f-40a3-4a1c-b7ba-6ed996b9183c:c3841]
2019-07-08 22:29:57,299 INFO  client.GrpcClientProtocolClient (GrpcClientProtocolClient.java:onNext(255)) - client-7538DDC4E776->1b229672-9fc1-42d6-9200-214eb0163fc5: receive RaftClientReply:client-7538DDC4E776->1b229672-9fc1-42d6-9200-214eb0163fc5@group-440AB812C07F, cid=2602, SUCCESS, logIndex=0, commits[1b229672-9fc1-42d6-9200-214eb0163fc5:c3847, 4cc0758a-96f5-4ab9-816d-81d822da247a:c3843, 8693c47f-40a3-4a1c-b7ba-6ed996b9183c:c3843]
2019-07-08 22:29:57,322 INFO  client.GrpcClientProtocolClient (GrpcClientProtocolClient.java:onNext(255)) - client-7538DDC4E776->1b229672-9fc1-42d6-9200-214eb0163fc5: receive RaftClientReply:client-7538DDC4E776->1b229672-9fc1-42d6-9200-214eb0163fc5@group-440AB812C07F, cid=2603, SUCCESS, logIndex=3850, commits[1b229672-9fc1-42d6-9200-214eb0163fc5:c3851, 4cc0758a-96f5-4ab9-816d-81d822da247a:c3849, 8693c47f-40a3-4a1c-b7ba-6ed996b9183c:c3849]
2019-07-08 22:29:57,322 INFO  client.GrpcClientProtocolClient (GrpcClientProtocolClient.java:onNext(255)) - client-7538DDC4E776->1b229672-9fc1-42d6-9200-214eb0163fc5: receive RaftClientReply:client-7538DDC4E776->1b229672-9fc1-42d6-9200-214eb0163fc5@group-440AB812C07F, cid=2604, SUCCESS, logIndex=3851, commits[1b229672-9fc1-42d6-9200-214eb0163fc5:c3851, 4cc0758a-96f5-4ab9-816d-81d822da247a:c3849, 8693c47f-40a3-4a1c-b7ba-6ed996b9183c:c3849]
2019-07-08 22:29:57,348 INFO  client.GrpcClientProtocolClient (GrpcClientProtocolClient.java:onNext(255)) - client-7538DDC4E776->1b229672-9fc1-42d6-9200-214eb0163fc5: receive RaftClientReply:client-7538DDC4E776->1b229672-9fc1-42d6-9200-214eb0163fc5@group-440AB812C07F, cid=2605, SUCCESS, logIndex=3854, commits[1b229672-9fc1-42d6-9200-214eb0163fc5:c3855, 4cc0758a-96f5-4ab9-816d-81d822da247a:c3851, 8693c47f-40a3-4a1c-b7ba-6ed996b9183c:c3851]
2019-07-08 22:29:57,348 INFO  client.GrpcClientProtocolClient (GrpcClientProtocolClient.java:onNext(255)) - client-7538DDC4E776->1b229672-9fc1-42d6-9200-214eb0163fc5: receive RaftClientReply:client-7538DDC4E776->1b229672-9fc1-42d6-9200-214eb0163fc5@group-440AB812C07F, cid=2606, SUCCESS, logIndex=3855, commits[1b229672-9fc1-42d6-9200-214eb0163fc5:c3855, 4cc0758a-96f5-4ab9-816d-81d822da247a:c3851, 8693c47f-40a3-4a1c-b7ba-6ed996b9183c:c3851]
2019-07-08 22:29:57,349 INFO  client.GrpcClientProtocolClient (GrpcClientProtocolClient.java:onNext(255)) - client-7538DDC4E776->1b229672-9fc1-42d6-9200-214eb0163fc5: receive RaftClientReply:client-7538DDC4E776->1b229672-9fc1-42d6-9200-214eb0163fc5@group-440AB812C07F, cid=2607, SUCCESS, logIndex=0, commits[1b229672-9fc1-42d6-9200-214eb0163fc5:c3856, 4cc0758a-96f5-4ab9-816d-81d822da247a:c3855, 8693c47f-40a3-4a1c-b7ba-6ed996b9183c:c3855]
2019-07-08 22:29:57,382 INFO  client.GrpcClientProtocolClient (GrpcClientProtocolClient.java:onNext(255)) - client-7538DDC4E776->1b229672-9fc1-42d6-9200-214eb0163fc5: receive RaftClientReply:client-7538DDC4E776->1b229672-9fc1-42d6-9200-214eb0163fc5@group-440AB812C07F, cid=2608, SUCCESS, logIndex=3858, commits[1b229672-9fc1-42d6-9200-214eb0163fc5:c3860, 4cc0758a-96f5-4ab9-816d-81d822da247a:c3857, 8693c47f-40a3-4a1c-b7ba-6ed996b9183c:c3857]
2019-07-08 22:29:57,382 INFO  client.GrpcClientProtocolClient (GrpcClientProtocolClient.java:onNext(255)) - client-7538DDC4E776->1b229672-9fc1-42d6-9200-214eb0163fc5: receive RaftClientReply:client-7538DDC4E776->1b229672-9fc1-42d6-9200-214eb0163fc5@group-440AB812C07F, cid=2609, SUCCESS, logIndex=3859, commits[1b229672-9fc1-42d6-9200-214eb0163fc5:c3861, 4cc0758a-96f5-4ab9-816d-81d822da247a:c3857, 8693c47f-40a3-4a1c-b7ba-6ed996b9183c:c3857]
2019-07-08 22:29:57,383 INFO  client.GrpcClientProtocolClient (GrpcClientProtocolClient.java:onNext(255)) - client-7538DDC4E776->1b229672-9fc1-42d6-9200-214eb0163fc5: receive RaftClientReply:client-7538DDC4E776->1b229672-9fc1-42d6-9200-214eb0163fc5@group-440AB812C07F, cid=2610, SUCCESS, logIndex=3860, commits[1b229672-9fc1-42d6-9200-214eb0163fc5:c3861, 4cc0758a-96f5-4ab9-816d-81d822da247a:c3857, 8693c47f-40a3-4a1c-b7ba-6ed996b9183c:c3857]
2019-07-08 22:29:57,383 INFO  client.GrpcClientProtocolClient (GrpcClientProtocolClient.java:onNext(255)) - client-7538DDC4E776->1b229672-9fc1-42d6-9200-214eb0163fc5: receive RaftClientReply:client-7538DDC4E776->1b229672-9fc1-42d6-9200-214eb0163fc5@group-440AB812C07F, cid=2611, SUCCESS, logIndex=3861, commits[1b229672-9fc1-42d6-9200-214eb0163fc5:c3861, 4cc0758a-96f5-4ab9-816d-81d822da247a:c3857, 8693c47f-40a3-4a1c-b7ba-6ed996b9183c:c3857]
2019-07-08 22:29:57,384 INFO  client.GrpcClientProtocolClient (GrpcClientProtocolClient.java:onNext(255)) - client-7538DDC4E776->1b229672-9fc1-42d6-9200-214eb0163fc5: receive RaftClientReply:client-7538DDC4E776->1b229672-9fc1-42d6-9200-214eb0163fc5@group-440AB812C07F, cid=2612, SUCCESS, logIndex=0, commits[1b229672-9fc1-42d6-9200-214eb0163fc5:c3862, 4cc0758a-96f5-4ab9-816d-81d822da247a:c3859, 8693c47f-40a3-4a1c-b7ba-6ed996b9183c:c3859]
2019-07-08 22:29:57,396 INFO  client.GrpcClientProtocolClient (GrpcClientProtocolClient.java:onNext(255)) - client-7538DDC4E776->1b229672-9fc1-42d6-9200-214eb0163fc5: receive RaftClientReply:client-7538DDC4E776->1b229672-9fc1-42d6-9200-214eb0163fc5@group-440AB812C07F, cid=2613, SUCCESS, logIndex=3866, commits[1b229672-9fc1-42d6-9200-214eb0163fc5:c3867, 4cc0758a-96f5-4ab9-816d-81d822da247a:c3861, 8693c47f-40a3-4a1c-b7ba-6ed996b9183c:c3865]
2019-07-08 22:29:57,397 INFO  client.GrpcClientProtocolClient (GrpcClientProtocolClient.java:onNext(255)) - client-7538DDC4E776->1b229672-9fc1-42d6-9200-214eb0163fc5: receive RaftClientReply:client-7538DDC4E776->1b229672-9fc1-42d6-9200-214eb0163fc5@group-440AB812C07F, cid=2614, SUCCESS, logIndex=3867, commits[1b229672-9fc1-42d6-9200-214eb0163fc5:c3867, 4cc0758a-96f5-4ab9-816d-81d822da247a:c3865, 8693c47f-40a3-4a1c-b7ba-6ed996b9183c:c3865]
2019-07-08 22:29:57,407 INFO  client.GrpcClientProtocolClient (GrpcClientProtocolClient.java:onNext(255)) - client-7538DDC4E776->1b229672-9fc1-42d6-9200-214eb0163fc5: receive RaftClientReply:client-7538DDC4E776->1b229672-9fc1-42d6-9200-214eb0163fc5@group-440AB812C07F, cid=2615, SUCCESS, logIndex=3870, commits[1b229672-9fc1-42d6-9200-214eb0163fc5:c3871, 4cc0758a-96f5-4ab9-816d-81d822da247a:c3869, 8693c47f-40a3-4a1c-b7ba-6ed996b9183c:c3867]
2019-07-08 22:29:57,408 INFO  client.GrpcClientProtocolClient (GrpcClientProtocolClient.java:onNext(255)) - client-7538DDC4E776->1b229672-9fc1-42d6-9200-214eb0163fc5: receive RaftClientReply:client-7538DDC4E776->1b229672-9fc1-42d6-9200-214eb0163fc5@group-440AB812C07F, cid=2616, SUCCESS, logIndex=3871, commits[1b229672-9fc1-42d6-9200-214eb0163fc5:c3871, 4cc0758a-96f5-4ab9-816d-81d822da247a:c3869, 8693c47f-40a3-4a1c-b7ba-6ed996b9183c:c3869]
2019-07-08 22:29:57,411 INFO  client.GrpcClientProtocolClient (GrpcClientProtocolClient.java:onNext(255)) - client-7538DDC4E776->1b229672-9fc1-42d6-9200-214eb0163fc5: receive RaftClientReply:client-7538DDC4E776->1b229672-9fc1-42d6-9200-214eb0163fc5@group-440AB812C07F, cid=2617, SUCCESS, logIndex=0, commits[1b229672-9fc1-42d6-9200-214eb0163fc5:c3872, 4cc0758a-96f5-4ab9-816d-81d822da247a:c3871, 8693c47f-40a3-4a1c-b7ba-6ed996b9183c:c3871]
2019-07-08 22:29:57,442 INFO  client.GrpcClientProtocolClient (GrpcClientProtocolClient.java:onNext(255)) - client-7538DDC4E776->1b229672-9fc1-42d6-9200-214eb0163fc5: receive RaftClientReply:client-7538DDC4E776->1b229672-9fc1-42d6-9200-214eb0163fc5@group-440AB812C07F, cid=2618, SUCCESS, logIndex=3874, commits[1b229672-9fc1-42d6-9200-214eb0163fc5:c3877, 4cc0758a-96f5-4ab9-816d-81d822da247a:c3871, 8693c47f-40a3-4a1c-b7ba-6ed996b9183c:c3873]
2019-07-08 22:29:57,443 INFO  client.GrpcClientProtocolClient (GrpcClientProtocolClient.java:onNext(255)) - client-7538DDC4E776->1b229672-9fc1-42d6-9200-214eb0163fc5: receive RaftClientReply:client-7538DDC4E776->1b229672-9fc1-42d6-9200-214eb0163fc5@group-440AB812C07F, cid=2619, SUCCESS, logIndex=3875, commits[1b229672-9fc1-42d6-9200-214eb0163fc5:c3877, 4cc0758a-96f5-4ab9-816d-81d822da247a:c3873, 8693c47f-40a3-4a1c-b7ba-6ed996b9183c:c3873]
2019-07-08 22:29:57,443 INFO  client.GrpcClientProtocolClient (GrpcClientProtocolClient.java:onNext(255)) - client-7538DDC4E776->1b229672-9fc1-42d6-9200-214eb0163fc5: receive RaftClientReply:client-7538DDC4E776->1b229672-9fc1-42d6-9200-214eb0163fc5@group-440AB812C07F, cid=2620, SUCCESS, logIndex=3876, commits[1b229672-9fc1-42d6-9200-214eb0163fc5:c3877, 4cc0758a-96f5-4ab9-816d-81d822da247a:c3873, 8693c47f-40a3-4a1c-b7ba-6ed996b9183c:c3875]
2019-07-08 22:29:57,443 INFO  client.GrpcClientProtocolClient (GrpcClientProtocolClient.java:onNext(255)) - client-7538DDC4E776->1b229672-9fc1-42d6-9200-214eb0163fc5: receive RaftClientReply:client-7538DDC4E776->1b229672-9fc1-42d6-9200-214eb0163fc5@group-440AB812C07F, cid=2621, SUCCESS, logIndex=3877, commits[1b229672-9fc1-42d6-9200-214eb0163fc5:c3877, 4cc0758a-96f5-4ab9-816d-81d822da247a:c3873, 8693c47f-40a3-4a1c-b7ba-6ed996b9183c:c3875]
2019-07-08 22:29:57,445 INFO  client.GrpcClientProtocolClient (GrpcClientProtocolClient.java:onNext(255)) - client-7538DDC4E776->1b229672-9fc1-42d6-9200-214eb0163fc5: receive RaftClientReply:client-7538DDC4E776->1b229672-9fc1-42d6-9200-214eb0163fc5@group-440AB812C07F, cid=2622, SUCCESS, logIndex=0, commits[1b229672-9fc1-42d6-9200-214eb0163fc5:c3878, 4cc0758a-96f5-4ab9-816d-81d822da247a:c3875, 8693c47f-40a3-4a1c-b7ba-6ed996b9183c:c3875]
2019-07-08 22:29:57,460 INFO  client.GrpcClientProtocolClient (GrpcClientProtocolClient.java:onNext(255)) - client-7538DDC4E776->1b229672-9fc1-42d6-9200-214eb0163fc5: receive RaftClientReply:client-7538DDC4E776->1b229672-9fc1-42d6-9200-214eb0163fc5@group-440AB812C07F, cid=2623, SUCCESS, logIndex=3881, commits[1b229672-9fc1-42d6-9200-214eb0163fc5:c3882, 4cc0758a-96f5-4ab9-816d-81d822da247a:c3877, 8693c47f-40a3-4a1c-b7ba-6ed996b9183c:c3879]
2019-07-08 22:29:57,460 INFO  client.GrpcClientProtocolClient (GrpcClientProtocolClient.java:onNext(255)) - client-7538DDC4E776->1b229672-9fc1-42d6-9200-214eb0163fc5: receive RaftClientReply:client-7538DDC4E776->1b229672-9fc1-42d6-9200-214eb0163fc5@group-440AB812C07F, cid=2624, SUCCESS, logIndex=3882, commits[1b229672-9fc1-42d6-9200-214eb0163fc5:c3882, 4cc0758a-96f5-4ab9-816d-81d822da247a:c3879, 8693c47f-40a3-4a1c-b7ba-6ed996b9183c:c3879]
2019-07-08 22:29:57,473 INFO  client.GrpcClientProtocolClient (GrpcClientProtocolClient.java:onNext(255)) - client-7538DDC4E776->1b229672-9fc1-42d6-9200-214eb0163fc5: receive RaftClientReply:client-7538DDC4E776->1b229672-9fc1-42d6-9200-214eb0163fc5@group-440AB812C07F, cid=2625, SUCCESS, logIndex=3884, commits[1b229672-9fc1-42d6-9200-214eb0163fc5:c3885, 4cc0758a-96f5-4ab9-816d-81d822da247a:c3882, 8693c47f-40a3-4a1c-b7ba-6ed996b9183c:c3882]
2019-07-08 22:29:57,473 INFO  client.GrpcClientProtocolClient (GrpcClientProtocolClient.java:onNext(255)) - client-7538DDC4E776->1b229672-9fc1-42d6-9200-214eb0163fc5: receive RaftClientReply:client-7538DDC4E776->1b229672-9fc1-42d6-9200-214eb0163fc5@group-440AB812C07F, cid=2626, SUCCESS, logIndex=3885, commits[1b229672-9fc1-42d6-9200-214eb0163fc5:c3885, 4cc0758a-96f5-4ab9-816d-81d822da247a:c3882, 8693c47f-40a3-4a1c-b7ba-6ed996b9183c:c3882]
2019-07-08 22:29:57,488 INFO  client.GrpcClientProtocolClient (GrpcClientProtocolClient.java:onNext(255)) - client-7538DDC4E776->1b229672-9fc1-42d6-9200-214eb0163fc5: receive RaftClientReply:client-7538DDC4E776->1b229672-9fc1-42d6-9200-214eb0163fc5@group-440AB812C07F, cid=2627, SUCCESS, logIndex=0, commits[1b229672-9fc1-42d6-9200-214eb0163fc5:c3887, 4cc0758a-96f5-4ab9-816d-81d822da247a:c3885, 8693c47f-40a3-4a1c-b7ba-6ed996b9183c:c3885]
2019-07-08 22:29:57,520 INFO  client.GrpcClientProtocolClient (GrpcClientProtocolClient.java:onNext(255)) - client-7538DDC4E776->1b229672-9fc1-42d6-9200-214eb0163fc5: receive RaftClientReply:client-7538DDC4E776->1b229672-9fc1-42d6-9200-214eb0163fc5@group-440AB812C07F, cid=2628, SUCCESS, logIndex=3888, commits[1b229672-9fc1-42d6-9200-214eb0163fc5:c3889, 4cc0758a-96f5-4ab9-816d-81d822da247a:c3887, 8693c47f-40a3-4a1c-b7ba-6ed996b9183c:c3887]
2019-07-08 22:29:57,520 INFO  client.GrpcClientProtocolClient (GrpcClientProtocolClient.java:onNext(255)) - client-7538DDC4E776->1b229672-9fc1-42d6-9200-214eb0163fc5: receive RaftClientReply:client-7538DDC4E776->1b229672-9fc1-42d6-9200-214eb0163fc5@group-440AB812C07F, cid=2629, SUCCESS, logIndex=3889, commits[1b229672-9fc1-42d6-9200-214eb0163fc5:c3890, 4cc0758a-96f5-4ab9-816d-81d822da247a:c3887, 8693c47f-40a3-4a1c-b7ba-6ed996b9183c:c3887]
2019-07-08 22:29:57,521 INFO  client.GrpcClientProtocolClient (GrpcClientProtocolClient.java:onNext(255)) - client-7538DDC4E776->1b229672-9fc1-42d6-9200-214eb0163fc5: receive RaftClientReply:client-7538DDC4E776->1b229672-9fc1-42d6-9200-214eb0163fc5@group-440AB812C07F, cid=2630, SUCCESS, logIndex=3890, commits[1b229672-9fc1-42d6-9200-214eb0163fc5:c3891, 4cc0758a-96f5-4ab9-816d-81d822da247a:c3887, 8693c47f-40a3-4a1c-b7ba-6ed996b9183c:c3887]
2019-07-08 22:29:57,521 INFO  client.GrpcClientProtocolClient (GrpcClientProtocolClient.java:onNext(255)) - client-7538DDC4E776->1b229672-9fc1-42d6-9200-214eb0163fc5: receive RaftClientReply:client-7538DDC4E776->1b229672-9fc1-42d6-9200-214eb0163fc5@group-440AB812C07F, cid=2631, SUCCESS, logIndex=3891, commits[1b229672-9fc1-42d6-9200-214eb0163fc5:c3891, 4cc0758a-96f5-4ab9-816d-81d822da247a:c3887, 8693c47f-40a3-4a1c-b7ba-6ed996b9183c:c3887]
2019-07-08 22:29:57,535 INFO  client.GrpcClientProtocolClient (GrpcClientProtocolClient.java:onNext(255)) - client-7538DDC4E776->1b229672-9fc1-42d6-9200-214eb0163fc5: receive RaftClientReply:client-7538DDC4E776->1b229672-9fc1-42d6-9200-214eb0163fc5@group-440AB812C07F, cid=2632, SUCCESS, logIndex=0, commits[1b229672-9fc1-42d6-9200-214eb0163fc5:c3893, 4cc0758a-96f5-4ab9-816d-81d822da247a:c3889, 8693c47f-40a3-4a1c-b7ba-6ed996b9183c:c3889]
2019-07-08 22:29:57,555 INFO  client.GrpcClientProtocolClient (GrpcClientProtocolClient.java:onNext(255)) - client-7538DDC4E776->1b229672-9fc1-42d6-9200-214eb0163fc5: receive RaftClientReply:client-7538DDC4E776->1b229672-9fc1-42d6-9200-214eb0163fc5@group-440AB812C07F, cid=2633, SUCCESS, logIndex=3896, commits[1b229672-9fc1-42d6-9200-214eb0163fc5:c3897, 4cc0758a-96f5-4ab9-816d-81d822da247a:c3895, 8693c47f-40a3-4a1c-b7ba-6ed996b9183c:c3895]
2019-07-08 22:29:57,556 INFO  client.GrpcClientProtocolClient (GrpcClientProtocolClient.java:onNext(255)) - client-7538DDC4E776->1b229672-9fc1-42d6-9200-214eb0163fc5: receive RaftClientReply:client-7538DDC4E776->1b229672-9fc1-42d6-9200-214eb0163fc5@group-440AB812C07F, cid=2634, SUCCESS, logIndex=3897, commits[1b229672-9fc1-42d6-9200-214eb0163fc5:c3897, 4cc0758a-96f5-4ab9-816d-81d822da247a:c3895, 8693c47f-40a3-4a1c-b7ba-6ed996b9183c:c3895]
2019-07-08 22:29:57,569 INFO  client.GrpcClientProtocolClient (GrpcClientProtocolClient.java:onNext(255)) - client-7538DDC4E776->1b229672-9fc1-42d6-9200-214eb0163fc5: receive RaftClientReply:client-7538DDC4E776->1b229672-9fc1-42d6-9200-214eb0163fc5@group-440AB812C07F, cid=2635, SUCCESS, logIndex=3900, commits[1b229672-9fc1-42d6-9200-214eb0163fc5:c3901, 4cc0758a-96f5-4ab9-816d-81d822da247a:c3896, 8693c47f-40a3-4a1c-b7ba-6ed996b9183c:c3897]
2019-07-08 22:29:57,569 INFO  client.GrpcClientProtocolClient (GrpcClientProtocolClient.java:onNext(255)) - client-7538DDC4E776->1b229672-9fc1-42d6-9200-214eb0163fc5: receive RaftClientReply:client-7538DDC4E776->1b229672-9fc1-42d6-9200-214eb0163fc5@group-440AB812C07F, cid=2636, SUCCESS, logIndex=3901, commits[1b229672-9fc1-42d6-9200-214eb0163fc5:c3901, 4cc0758a-96f5-4ab9-816d-81d822da247a:c3897, 8693c47f-40a3-4a1c-b7ba-6ed996b9183c:c3897]
2019-07-08 22:29:57,583 INFO  client.GrpcClientProtocolClient (GrpcClientProtocolClient.java:onNext(255)) - client-7538DDC4E776->1b229672-9fc1-42d6-9200-214eb0163fc5: receive RaftClientReply:client-7538DDC4E776->1b229672-9fc1-42d6-9200-214eb0163fc5@group-440AB812C07F, cid=2637, SUCCESS, logIndex=0, commits[1b229672-9fc1-42d6-9200-214eb0163fc5:c3903, 4cc0758a-96f5-4ab9-816d-81d822da247a:c3901, 8693c47f-40a3-4a1c-b7ba-6ed996b9183c:c3901]
2019-07-08 22:29:57,619 INFO  client.GrpcClientProtocolClient (GrpcClientProtocolClient.java:onNext(255)) - client-7538DDC4E776->1b229672-9fc1-42d6-9200-214eb0163fc5: receive RaftClientReply:client-7538DDC4E776->1b229672-9fc1-42d6-9200-214eb0163fc5@group-440AB812C07F, cid=2638, SUCCESS, logIndex=3904, commits[1b229672-9fc1-42d6-9200-214eb0163fc5:c3906, 4cc0758a-96f5-4ab9-816d-81d822da247a:c3903, 8693c47f-40a3-4a1c-b7ba-6ed996b9183c:c3901]
2019-07-08 22:29:57,619 INFO  client.GrpcClientProtocolClient (GrpcClientProtocolClient.java:onNext(255)) - client-7538DDC4E776->1b229672-9fc1-42d6-9200-214eb0163fc5: receive RaftClientReply:client-7538DDC4E776->1b229672-9fc1-42d6-9200-214eb0163fc5@group-440AB812C07F, cid=2639, SUCCESS, logIndex=3905, commits[1b229672-9fc1-42d6-9200-214eb0163fc5:c3907, 4cc0758a-96f5-4ab9-816d-81d822da247a:c3903, 8693c47f-40a3-4a1c-b7ba-6ed996b9183c:c3903]
2019-07-08 22:29:57,620 INFO  client.GrpcClientProtocolClient (GrpcClientProtocolClient.java:onNext(255)) - client-7538DDC4E776->1b229672-9fc1-42d6-9200-214eb0163fc5: receive RaftClientReply:client-7538DDC4E776->1b229672-9fc1-42d6-9200-214eb0163fc5@group-440AB812C07F, cid=2640, SUCCESS, logIndex=3906, commits[1b229672-9fc1-42d6-9200-214eb0163fc5:c3907, 4cc0758a-96f5-4ab9-816d-81d822da247a:c3903, 8693c47f-40a3-4a1c-b7ba-6ed996b9183c:c3903]
2019-07-08 22:29:57,620 INFO  client.GrpcClientProtocolClient (GrpcClientProtocolClient.java:onNext(255)) - client-7538DDC4E776->1b229672-9fc1-42d6-9200-214eb0163fc5: receive RaftClientReply:client-7538DDC4E776->1b229672-9fc1-42d6-9200-214eb0163fc5@group-440AB812C07F, cid=2641, SUCCESS, logIndex=3907, commits[1b229672-9fc1-42d6-9200-214eb0163fc5:c3907, 4cc0758a-96f5-4ab9-816d-81d822da247a:c3903, 8693c47f-40a3-4a1c-b7ba-6ed996b9183c:c3903]
2019-07-08 22:29:57,622 INFO  client.GrpcClientProtocolClient (GrpcClientProtocolClient.java:onNext(255)) - client-7538DDC4E776->1b229672-9fc1-42d6-9200-214eb0163fc5: receive RaftClientReply:client-7538DDC4E776->1b229672-9fc1-42d6-9200-214eb0163fc5@group-440AB812C07F, cid=2642, SUCCESS, logIndex=0, commits[1b229672-9fc1-42d6-9200-214eb0163fc5:c3910, 4cc0758a-96f5-4ab9-816d-81d822da247a:c3906, 8693c47f-40a3-4a1c-b7ba-6ed996b9183c:c3906]
2019-07-08 22:29:57,636 INFO  client.GrpcClientProtocolClient (GrpcClientProtocolClient.java:onNext(255)) - client-7538DDC4E776->1b229672-9fc1-42d6-9200-214eb0163fc5: receive RaftClientReply:client-7538DDC4E776->1b229672-9fc1-42d6-9200-214eb0163fc5@group-440AB812C07F, cid=2643, SUCCESS, logIndex=3912, commits[1b229672-9fc1-42d6-9200-214eb0163fc5:c3913, 4cc0758a-96f5-4ab9-816d-81d822da247a:c3911, 8693c47f-40a3-4a1c-b7ba-6ed996b9183c:c3911]
2019-07-08 22:29:57,636 INFO  client.GrpcClientProtocolClient (GrpcClientProtocolClient.java:onNext(255)) - client-7538DDC4E776->1b229672-9fc1-42d6-9200-214eb0163fc5: receive RaftClientReply:client-7538DDC4E776->1b229672-9fc1-42d6-9200-214eb0163fc5@group-440AB812C07F, cid=2644, SUCCESS, logIndex=3913, commits[1b229672-9fc1-42d6-9200-214eb0163fc5:c3913, 4cc0758a-96f5-4ab9-816d-81d822da247a:c3911, 8693c47f-40a3-4a1c-b7ba-6ed996b9183c:c3911]
2019-07-08 22:29:57,648 INFO  client.GrpcClientProtocolClient (GrpcClientProtocolClient.java:onNext(255)) - client-7538DDC4E776->1b229672-9fc1-42d6-9200-214eb0163fc5: receive RaftClientReply:client-7538DDC4E776->1b229672-9fc1-42d6-9200-214eb0163fc5@group-440AB812C07F, cid=2645, SUCCESS, logIndex=3916, commits[1b229672-9fc1-42d6-9200-214eb0163fc5:c3917, 4cc0758a-96f5-4ab9-816d-81d822da247a:c3913, 8693c47f-40a3-4a1c-b7ba-6ed996b9183c:c3915]
2019-07-08 22:29:57,648 INFO  client.GrpcClientProtocolClient (GrpcClientProtocolClient.java:onNext(255)) - client-7538DDC4E776->1b229672-9fc1-42d6-9200-214eb0163fc5: receive RaftClientReply:client-7538DDC4E776->1b229672-9fc1-42d6-9200-214eb0163fc5@group-440AB812C07F, cid=2646, SUCCESS, logIndex=3917, commits[1b229672-9fc1-42d6-9200-214eb0163fc5:c3917, 4cc0758a-96f5-4ab9-816d-81d822da247a:c3913, 8693c47f-40a3-4a1c-b7ba-6ed996b9183c:c3915]
2019-07-08 22:29:57,650 INFO  client.GrpcClientProtocolClient (GrpcClientProtocolClient.java:onNext(255)) - client-7538DDC4E776->1b229672-9fc1-42d6-9200-214eb0163fc5: receive RaftClientReply:client-7538DDC4E776->1b229672-9fc1-42d6-9200-214eb0163fc5@group-440AB812C07F, cid=2647, SUCCESS, logIndex=0, commits[1b229672-9fc1-42d6-9200-214eb0163fc5:c3918, 4cc0758a-96f5-4ab9-816d-81d822da247a:c3917, 8693c47f-40a3-4a1c-b7ba-6ed996b9183c:c3917]
2019-07-08 22:29:57,691 INFO  client.GrpcClientProtocolClient (GrpcClientProtocolClient.java:onNext(255)) - client-7538DDC4E776->1b229672-9fc1-42d6-9200-214eb0163fc5: receive RaftClientReply:client-7538DDC4E776->1b229672-9fc1-42d6-9200-214eb0163fc5@group-440AB812C07F, cid=2648, SUCCESS, logIndex=3919, commits[1b229672-9fc1-42d6-9200-214eb0163fc5:c3920, 4cc0758a-96f5-4ab9-816d-81d822da247a:c3918, 8693c47f-40a3-4a1c-b7ba-6ed996b9183c:c3918]
2019-07-08 22:29:57,692 INFO  client.GrpcClientProtocolClient (GrpcClientProtocolClient.java:onNext(255)) - client-7538DDC4E776->1b229672-9fc1-42d6-9200-214eb0163fc5: receive RaftClientReply:client-7538DDC4E776->1b229672-9fc1-42d6-9200-214eb0163fc5@group-440AB812C07F, cid=2649, SUCCESS, logIndex=3920, commits[1b229672-9fc1-42d6-9200-214eb0163fc5:c3922, 4cc0758a-96f5-4ab9-816d-81d822da247a:c3918, 8693c47f-40a3-4a1c-b7ba-6ed996b9183c:c3918]
2019-07-08 22:29:57,692 INFO  client.GrpcClientProtocolClient (GrpcClientProtocolClient.java:onNext(255)) - client-7538DDC4E776->1b229672-9fc1-42d6-9200-214eb0163fc5: receive RaftClientReply:client-7538DDC4E776->1b229672-9fc1-42d6-9200-214eb0163fc5@group-440AB812C07F, cid=2650, SUCCESS, logIndex=3921, commits[1b229672-9fc1-42d6-9200-214eb0163fc5:c3922, 4cc0758a-96f5-4ab9-816d-81d822da247a:c3918, 8693c47f-40a3-4a1c-b7ba-6ed996b9183c:c3918]
2019-07-08 22:29:57,692 INFO  client.GrpcClientProtocolClient (GrpcClientProtocolClient.java:onNext(255)) - client-7538DDC4E776->1b229672-9fc1-42d6-9200-214eb0163fc5: receive RaftClientReply:client-7538DDC4E776->1b229672-9fc1-42d6-9200-214eb0163fc5@group-440AB812C07F, cid=2651, SUCCESS, logIndex=3922, commits[1b229672-9fc1-42d6-9200-214eb0163fc5:c3922, 4cc0758a-96f5-4ab9-816d-81d822da247a:c3918, 8693c47f-40a3-4a1c-b7ba-6ed996b9183c:c3918]
2019-07-08 22:29:57,701 INFO  client.GrpcClientProtocolClient (GrpcClientProtocolClient.java:onNext(255)) - client-7538DDC4E776->1b229672-9fc1-42d6-9200-214eb0163fc5: receive RaftClientReply:client-7538DDC4E776->1b229672-9fc1-42d6-9200-214eb0163fc5@group-440AB812C07F, cid=2652, SUCCESS, logIndex=0, commits[1b229672-9fc1-42d6-9200-214eb0163fc5:c3923, 4cc0758a-96f5-4ab9-816d-81d822da247a:c3920, 8693c47f-40a3-4a1c-b7ba-6ed996b9183c:c3920]
2019-07-08 22:29:57,739 INFO  client.GrpcClientProtocolClient (GrpcClientProtocolClient.java:onNext(255)) - client-7538DDC4E776->1b229672-9fc1-42d6-9200-214eb0163fc5: receive RaftClientReply:client-7538DDC4E776->1b229672-9fc1-42d6-9200-214eb0163fc5@group-440AB812C07F, cid=2653, SUCCESS, logIndex=3926, commits[1b229672-9fc1-42d6-9200-214eb0163fc5:c3927, 4cc0758a-96f5-4ab9-816d-81d822da247a:c3925, 8693c47f-40a3-4a1c-b7ba-6ed996b9183c:c3925]
2019-07-08 22:29:57,740 INFO  client.GrpcClientProtocolClient (GrpcClientProtocolClient.java:onNext(255)) - client-7538DDC4E776->1b229672-9fc1-42d6-9200-214eb0163fc5: receive RaftClientReply:client-7538DDC4E776->1b229672-9fc1-42d6-9200-214eb0163fc5@group-440AB812C07F, cid=2654, SUCCESS, logIndex=3927, commits[1b229672-9fc1-42d6-9200-214eb0163fc5:c3927, 4cc0758a-96f5-4ab9-816d-81d822da247a:c3925, 8693c47f-40a3-4a1c-b7ba-6ed996b9183c:c3925]
 0.00% |█                                                                                                    |  0/1 Time: 0:00:242019-07-08 22:29:57,883 INFO  client.GrpcClientProtocolClient (GrpcClientProtocolClient.java:onNext(255)) - client-7538DDC4E776->1b229672-9fc1-42d6-9200-214eb0163fc5: receive RaftClientReply:client-7538DDC4E776->1b229672-9fc1-42d6-9200-214eb0163fc5@group-440AB812C07F, cid=2655, SUCCESS, logIndex=3930, commits[1b229672-9fc1-42d6-9200-214eb0163fc5:c3931, 4cc0758a-96f5-4ab9-816d-81d822da247a:c3928, 8693c47f-40a3-4a1c-b7ba-6ed996b9183c:c3927]
2019-07-08 22:29:57,883 INFO  client.GrpcClientProtocolClient (GrpcClientProtocolClient.java:onNext(255)) - client-7538DDC4E776->1b229672-9fc1-42d6-9200-214eb0163fc5: receive RaftClientReply:client-7538DDC4E776->1b229672-9fc1-42d6-9200-214eb0163fc5@group-440AB812C07F, cid=2656, SUCCESS, logIndex=3931, commits[1b229672-9fc1-42d6-9200-214eb0163fc5:c3931, 4cc0758a-96f5-4ab9-816d-81d822da247a:c3928, 8693c47f-40a3-4a1c-b7ba-6ed996b9183c:c3928]
2019-07-08 22:29:57,894 INFO  client.GrpcClientProtocolClient (GrpcClientProtocolClient.java:onNext(255)) - client-7538DDC4E776->1b229672-9fc1-42d6-9200-214eb0163fc5: receive RaftClientReply:client-7538DDC4E776->1b229672-9fc1-42d6-9200-214eb0163fc5@group-440AB812C07F, cid=2657, SUCCESS, logIndex=0, commits[1b229672-9fc1-42d6-9200-214eb0163fc5:c3932, 4cc0758a-96f5-4ab9-816d-81d822da247a:c3931, 8693c47f-40a3-4a1c-b7ba-6ed996b9183c:c3931]
2019-07-08 22:29:57,929 INFO  client.GrpcClientProtocolClient (GrpcClientProtocolClient.java:onNext(255)) - client-7538DDC4E776->1b229672-9fc1-42d6-9200-214eb0163fc5: receive RaftClientReply:client-7538DDC4E776->1b229672-9fc1-42d6-9200-214eb0163fc5@group-440AB812C07F, cid=2658, SUCCESS, logIndex=3933, commits[1b229672-9fc1-42d6-9200-214eb0163fc5:c3935, 4cc0758a-96f5-4ab9-816d-81d822da247a:c3932, 8693c47f-40a3-4a1c-b7ba-6ed996b9183c:c3932]
2019-07-08 22:29:57,930 INFO  client.GrpcClientProtocolClient (GrpcClientProtocolClient.java:onNext(255)) - client-7538DDC4E776->1b229672-9fc1-42d6-9200-214eb0163fc5: receive RaftClientReply:client-7538DDC4E776->1b229672-9fc1-42d6-9200-214eb0163fc5@group-440AB812C07F, cid=2659, SUCCESS, logIndex=3934, commits[1b229672-9fc1-42d6-9200-214eb0163fc5:c3936, 4cc0758a-96f5-4ab9-816d-81d822da247a:c3932, 8693c47f-40a3-4a1c-b7ba-6ed996b9183c:c3932]
2019-07-08 22:29:57,930 INFO  client.GrpcClientProtocolClient (GrpcClientProtocolClient.java:onNext(255)) - client-7538DDC4E776->1b229672-9fc1-42d6-9200-214eb0163fc5: receive RaftClientReply:client-7538DDC4E776->1b229672-9fc1-42d6-9200-214eb0163fc5@group-440AB812C07F, cid=2660, SUCCESS, logIndex=3935, commits[1b229672-9fc1-42d6-9200-214eb0163fc5:c3936, 4cc0758a-96f5-4ab9-816d-81d822da247a:c3932, 8693c47f-40a3-4a1c-b7ba-6ed996b9183c:c3932]
2019-07-08 22:29:57,930 INFO  client.GrpcClientProtocolClient (GrpcClientProtocolClient.java:onNext(255)) - client-7538DDC4E776->1b229672-9fc1-42d6-9200-214eb0163fc5: receive RaftClientReply:client-7538DDC4E776->1b229672-9fc1-42d6-9200-214eb0163fc5@group-440AB812C07F, cid=2661, SUCCESS, logIndex=3936, commits[1b229672-9fc1-42d6-9200-214eb0163fc5:c3937, 4cc0758a-96f5-4ab9-816d-81d822da247a:c3933, 8693c47f-40a3-4a1c-b7ba-6ed996b9183c:c3932]
2019-07-08 22:29:57,933 INFO  client.GrpcClientProtocolClient (GrpcClientProtocolClient.java:onNext(255)) - client-7538DDC4E776->1b229672-9fc1-42d6-9200-214eb0163fc5: receive RaftClientReply:client-7538DDC4E776->1b229672-9fc1-42d6-9200-214eb0163fc5@group-440AB812C07F, cid=2662, SUCCESS, logIndex=0, commits[1b229672-9fc1-42d6-9200-214eb0163fc5:c3938, 4cc0758a-96f5-4ab9-816d-81d822da247a:c3935, 8693c47f-40a3-4a1c-b7ba-6ed996b9183c:c3935]
2019-07-08 22:29:57,957 INFO  client.GrpcClientProtocolClient (GrpcClientProtocolClient.java:onNext(255)) - client-7538DDC4E776->1b229672-9fc1-42d6-9200-214eb0163fc5: receive RaftClientReply:client-7538DDC4E776->1b229672-9fc1-42d6-9200-214eb0163fc5@group-440AB812C07F, cid=2663, SUCCESS, logIndex=3941, commits[1b229672-9fc1-42d6-9200-214eb0163fc5:c3942, 4cc0758a-96f5-4ab9-816d-81d822da247a:c3936, 8693c47f-40a3-4a1c-b7ba-6ed996b9183c:c3939]
2019-07-08 22:29:57,957 INFO  client.GrpcClientProtocolClient (GrpcClientProtocolClient.java:onNext(255)) - client-7538DDC4E776->1b229672-9fc1-42d6-9200-214eb0163fc5: receive RaftClientReply:client-7538DDC4E776->1b229672-9fc1-42d6-9200-214eb0163fc5@group-440AB812C07F, cid=2664, SUCCESS, logIndex=3942, commits[1b229672-9fc1-42d6-9200-214eb0163fc5:c3942, 4cc0758a-96f5-4ab9-816d-81d822da247a:c3939, 8693c47f-40a3-4a1c-b7ba-6ed996b9183c:c3939]
2019-07-08 22:29:57,970 INFO  client.GrpcClientProtocolClient (GrpcClientProtocolClient.java:onNext(255)) - client-7538DDC4E776->1b229672-9fc1-42d6-9200-214eb0163fc5: receive RaftClientReply:client-7538DDC4E776->1b229672-9fc1-42d6-9200-214eb0163fc5@group-440AB812C07F, cid=2665, SUCCESS, logIndex=3944, commits[1b229672-9fc1-42d6-9200-214eb0163fc5:c3944, 4cc0758a-96f5-4ab9-816d-81d822da247a:c3942, 8693c47f-40a3-4a1c-b7ba-6ed996b9183c:c3942]
2019-07-08 22:29:57,971 INFO  client.GrpcClientProtocolClient (GrpcClientProtocolClient.java:onNext(255)) - client-7538DDC4E776->1b229672-9fc1-42d6-9200-214eb0163fc5: receive RaftClientReply:client-7538DDC4E776->1b229672-9fc1-42d6-9200-214eb0163fc5@group-440AB812C07F, cid=2666, SUCCESS, logIndex=3945, commits[1b229672-9fc1-42d6-9200-214eb0163fc5:c3945, 4cc0758a-96f5-4ab9-816d-81d822da247a:c3942, 8693c47f-40a3-4a1c-b7ba-6ed996b9183c:c3942]
2019-07-08 22:29:57,985 INFO  client.GrpcClientProtocolClient (GrpcClientProtocolClient.java:onNext(255)) - client-7538DDC4E776->1b229672-9fc1-42d6-9200-214eb0163fc5: receive RaftClientReply:client-7538DDC4E776->1b229672-9fc1-42d6-9200-214eb0163fc5@group-440AB812C07F, cid=2667, SUCCESS, logIndex=0, commits[1b229672-9fc1-42d6-9200-214eb0163fc5:c3947, 4cc0758a-96f5-4ab9-816d-81d822da247a:c3945, 8693c47f-40a3-4a1c-b7ba-6ed996b9183c:c3945]
2019-07-08 22:29:58,014 INFO  client.GrpcClientProtocolClient (GrpcClientProtocolClient.java:onNext(255)) - client-7538DDC4E776->1b229672-9fc1-42d6-9200-214eb0163fc5: receive RaftClientReply:client-7538DDC4E776->1b229672-9fc1-42d6-9200-214eb0163fc5@group-440AB812C07F, cid=2668, SUCCESS, logIndex=3948, commits[1b229672-9fc1-42d6-9200-214eb0163fc5:c3949, 4cc0758a-96f5-4ab9-816d-81d822da247a:c3947, 8693c47f-40a3-4a1c-b7ba-6ed996b9183c:c3947]
2019-07-08 22:29:58,014 INFO  client.GrpcClientProtocolClient (GrpcClientProtocolClient.java:onNext(255)) - client-7538DDC4E776->1b229672-9fc1-42d6-9200-214eb0163fc5: receive RaftClientReply:client-7538DDC4E776->1b229672-9fc1-42d6-9200-214eb0163fc5@group-440AB812C07F, cid=2669, SUCCESS, logIndex=3949, commits[1b229672-9fc1-42d6-9200-214eb0163fc5:c3950, 4cc0758a-96f5-4ab9-816d-81d822da247a:c3947, 8693c47f-40a3-4a1c-b7ba-6ed996b9183c:c3947]
2019-07-08 22:29:58,014 INFO  client.GrpcClientProtocolClient (GrpcClientProtocolClient.java:onNext(255)) - client-7538DDC4E776->1b229672-9fc1-42d6-9200-214eb0163fc5: receive RaftClientReply:client-7538DDC4E776->1b229672-9fc1-42d6-9200-214eb0163fc5@group-440AB812C07F, cid=2670, SUCCESS, logIndex=3950, commits[1b229672-9fc1-42d6-9200-214eb0163fc5:c3951, 4cc0758a-96f5-4ab9-816d-81d822da247a:c3947, 8693c47f-40a3-4a1c-b7ba-6ed996b9183c:c3947]
2019-07-08 22:29:58,015 INFO  client.GrpcClientProtocolClient (GrpcClientProtocolClient.java:onNext(255)) - client-7538DDC4E776->1b229672-9fc1-42d6-9200-214eb0163fc5: receive RaftClientReply:client-7538DDC4E776->1b229672-9fc1-42d6-9200-214eb0163fc5@group-440AB812C07F, cid=2671, SUCCESS, logIndex=3951, commits[1b229672-9fc1-42d6-9200-214eb0163fc5:c3951, 4cc0758a-96f5-4ab9-816d-81d822da247a:c3947, 8693c47f-40a3-4a1c-b7ba-6ed996b9183c:c3947]
2019-07-08 22:29:58,028 INFO  client.GrpcClientProtocolClient (GrpcClientProtocolClient.java:onNext(255)) - client-7538DDC4E776->1b229672-9fc1-42d6-9200-214eb0163fc5: receive RaftClientReply:client-7538DDC4E776->1b229672-9fc1-42d6-9200-214eb0163fc5@group-440AB812C07F, cid=2672, SUCCESS, logIndex=0, commits[1b229672-9fc1-42d6-9200-214eb0163fc5:c3953, 4cc0758a-96f5-4ab9-816d-81d822da247a:c3949, 8693c47f-40a3-4a1c-b7ba-6ed996b9183c:c3949]
2019-07-08 22:29:58,052 INFO  client.GrpcClientProtocolClient (GrpcClientProtocolClient.java:onNext(255)) - client-7538DDC4E776->1b229672-9fc1-42d6-9200-214eb0163fc5: receive RaftClientReply:client-7538DDC4E776->1b229672-9fc1-42d6-9200-214eb0163fc5@group-440AB812C07F, cid=2673, SUCCESS, logIndex=3956, commits[1b229672-9fc1-42d6-9200-214eb0163fc5:c3957, 4cc0758a-96f5-4ab9-816d-81d822da247a:c3955, 8693c47f-40a3-4a1c-b7ba-6ed996b9183c:c3955]
2019-07-08 22:29:58,053 INFO  client.GrpcClientProtocolClient (GrpcClientProtocolClient.java:onNext(255)) - client-7538DDC4E776->1b229672-9fc1-42d6-9200-214eb0163fc5: receive RaftClientReply:client-7538DDC4E776->1b229672-9fc1-42d6-9200-214eb0163fc5@group-440AB812C07F, cid=2674, SUCCESS, logIndex=3957, commits[1b229672-9fc1-42d6-9200-214eb0163fc5:c3957, 4cc0758a-96f5-4ab9-816d-81d822da247a:c3955, 8693c47f-40a3-4a1c-b7ba-6ed996b9183c:c3955]
2019-07-08 22:29:58,066 INFO  client.GrpcClientProtocolClient (GrpcClientProtocolClient.java:onNext(255)) - client-7538DDC4E776->1b229672-9fc1-42d6-9200-214eb0163fc5: receive RaftClientReply:client-7538DDC4E776->1b229672-9fc1-42d6-9200-214eb0163fc5@group-440AB812C07F, cid=2675, SUCCESS, logIndex=3960, commits[1b229672-9fc1-42d6-9200-214eb0163fc5:c3961, 4cc0758a-96f5-4ab9-816d-81d822da247a:c3957, 8693c47f-40a3-4a1c-b7ba-6ed996b9183c:c3957]
2019-07-08 22:29:58,066 INFO  client.GrpcClientProtocolClient (GrpcClientProtocolClient.java:onNext(255)) - client-7538DDC4E776->1b229672-9fc1-42d6-9200-214eb0163fc5: receive RaftClientReply:client-7538DDC4E776->1b229672-9fc1-42d6-9200-214eb0163fc5@group-440AB812C07F, cid=2676, SUCCESS, logIndex=3961, commits[1b229672-9fc1-42d6-9200-214eb0163fc5:c3961, 4cc0758a-96f5-4ab9-816d-81d822da247a:c3957, 8693c47f-40a3-4a1c-b7ba-6ed996b9183c:c3957]
2019-07-08 22:29:58,068 INFO  client.GrpcClientProtocolClient (GrpcClientProtocolClient.java:onNext(255)) - client-7538DDC4E776->1b229672-9fc1-42d6-9200-214eb0163fc5: receive RaftClientReply:client-7538DDC4E776->1b229672-9fc1-42d6-9200-214eb0163fc5@group-440AB812C07F, cid=2677, SUCCESS, logIndex=0, commits[1b229672-9fc1-42d6-9200-214eb0163fc5:c3963, 4cc0758a-96f5-4ab9-816d-81d822da247a:c3961, 8693c47f-40a3-4a1c-b7ba-6ed996b9183c:c3961]
2019-07-08 22:29:58,097 INFO  client.GrpcClientProtocolClient (GrpcClientProtocolClient.java:onNext(255)) - client-7538DDC4E776->1b229672-9fc1-42d6-9200-214eb0163fc5: receive RaftClientReply:client-7538DDC4E776->1b229672-9fc1-42d6-9200-214eb0163fc5@group-440AB812C07F, cid=2678, SUCCESS, logIndex=3964, commits[1b229672-9fc1-42d6-9200-214eb0163fc5:c3966, 4cc0758a-96f5-4ab9-816d-81d822da247a:c3963, 8693c47f-40a3-4a1c-b7ba-6ed996b9183c:c3963]
2019-07-08 22:29:58,097 INFO  client.GrpcClientProtocolClient (GrpcClientProtocolClient.java:onNext(255)) - client-7538DDC4E776->1b229672-9fc1-42d6-9200-214eb0163fc5: receive RaftClientReply:client-7538DDC4E776->1b229672-9fc1-42d6-9200-214eb0163fc5@group-440AB812C07F, cid=2679, SUCCESS, logIndex=3965, commits[1b229672-9fc1-42d6-9200-214eb0163fc5:c3967, 4cc0758a-96f5-4ab9-816d-81d822da247a:c3963, 8693c47f-40a3-4a1c-b7ba-6ed996b9183c:c3963]
2019-07-08 22:29:58,098 INFO  client.GrpcClientProtocolClient (GrpcClientProtocolClient.java:onNext(255)) - client-7538DDC4E776->1b229672-9fc1-42d6-9200-214eb0163fc5: receive RaftClientReply:client-7538DDC4E776->1b229672-9fc1-42d6-9200-214eb0163fc5@group-440AB812C07F, cid=2680, SUCCESS, logIndex=3966, commits[1b229672-9fc1-42d6-9200-214eb0163fc5:c3968, 4cc0758a-96f5-4ab9-816d-81d822da247a:c3964, 8693c47f-40a3-4a1c-b7ba-6ed996b9183c:c3963]
2019-07-08 22:29:58,098 INFO  client.GrpcClientProtocolClient (GrpcClientProtocolClient.java:onNext(255)) - client-7538DDC4E776->1b229672-9fc1-42d6-9200-214eb0163fc5: receive RaftClientReply:client-7538DDC4E776->1b229672-9fc1-42d6-9200-214eb0163fc5@group-440AB812C07F, cid=2681, SUCCESS, logIndex=3967, commits[1b229672-9fc1-42d6-9200-214eb0163fc5:c3968, 4cc0758a-96f5-4ab9-816d-81d822da247a:c3965, 8693c47f-40a3-4a1c-b7ba-6ed996b9183c:c3963]
2019-07-08 22:29:58,100 INFO  client.GrpcClientProtocolClient (GrpcClientProtocolClient.java:onNext(255)) - client-7538DDC4E776->1b229672-9fc1-42d6-9200-214eb0163fc5: receive RaftClientReply:client-7538DDC4E776->1b229672-9fc1-42d6-9200-214eb0163fc5@group-440AB812C07F, cid=2682, SUCCESS, logIndex=0, commits[1b229672-9fc1-42d6-9200-214eb0163fc5:c3969, 4cc0758a-96f5-4ab9-816d-81d822da247a:c3965, 8693c47f-40a3-4a1c-b7ba-6ed996b9183c:c3965]
2019-07-08 22:29:58,114 INFO  client.GrpcClientProtocolClient (GrpcClientProtocolClient.java:onNext(255)) - client-7538DDC4E776->1b229672-9fc1-42d6-9200-214eb0163fc5: receive RaftClientReply:client-7538DDC4E776->1b229672-9fc1-42d6-9200-214eb0163fc5@group-440AB812C07F, cid=2683, SUCCESS, logIndex=3972, commits[1b229672-9fc1-42d6-9200-214eb0163fc5:c3973, 4cc0758a-96f5-4ab9-816d-81d822da247a:c3970, 8693c47f-40a3-4a1c-b7ba-6ed996b9183c:c3970]
2019-07-08 22:29:58,115 INFO  client.GrpcClientProtocolClient (GrpcClientProtocolClient.java:onNext(255)) - client-7538DDC4E776->1b229672-9fc1-42d6-9200-214eb0163fc5: receive RaftClientReply:client-7538DDC4E776->1b229672-9fc1-42d6-9200-214eb0163fc5@group-440AB812C07F, cid=2684, SUCCESS, logIndex=3973, commits[1b229672-9fc1-42d6-9200-214eb0163fc5:c3973, 4cc0758a-96f5-4ab9-816d-81d822da247a:c3970, 8693c47f-40a3-4a1c-b7ba-6ed996b9183c:c3970]
2019-07-08 22:29:58,129 INFO  client.GrpcClientProtocolClient (GrpcClientProtocolClient.java:onNext(255)) - client-7538DDC4E776->1b229672-9fc1-42d6-9200-214eb0163fc5: receive RaftClientReply:client-7538DDC4E776->1b229672-9fc1-42d6-9200-214eb0163fc5@group-440AB812C07F, cid=2685, SUCCESS, logIndex=3975, commits[1b229672-9fc1-42d6-9200-214eb0163fc5:c3976, 4cc0758a-96f5-4ab9-816d-81d822da247a:c3973, 8693c47f-40a3-4a1c-b7ba-6ed996b9183c:c3973]
2019-07-08 22:29:58,129 INFO  client.GrpcClientProtocolClient (GrpcClientProtocolClient.java:onNext(255)) - client-7538DDC4E776->1b229672-9fc1-42d6-9200-214eb0163fc5: receive RaftClientReply:client-7538DDC4E776->1b229672-9fc1-42d6-9200-214eb0163fc5@group-440AB812C07F, cid=2686, SUCCESS, logIndex=3976, commits[1b229672-9fc1-42d6-9200-214eb0163fc5:c3976, 4cc0758a-96f5-4ab9-816d-81d822da247a:c3973, 8693c47f-40a3-4a1c-b7ba-6ed996b9183c:c3973]
2019-07-08 22:29:58,154 INFO  client.GrpcClientProtocolClient (GrpcClientProtocolClient.java:onNext(255)) - client-7538DDC4E776->1b229672-9fc1-42d6-9200-214eb0163fc5: receive RaftClientReply:client-7538DDC4E776->1b229672-9fc1-42d6-9200-214eb0163fc5@group-440AB812C07F, cid=2687, SUCCESS, logIndex=0, commits[1b229672-9fc1-42d6-9200-214eb0163fc5:c3978, 4cc0758a-96f5-4ab9-816d-81d822da247a:c3976, 8693c47f-40a3-4a1c-b7ba-6ed996b9183c:c3976]
2019-07-08 22:29:58,182 INFO  client.GrpcClientProtocolClient (GrpcClientProtocolClient.java:onNext(255)) - client-7538DDC4E776->1b229672-9fc1-42d6-9200-214eb0163fc5: receive RaftClientReply:client-7538DDC4E776->1b229672-9fc1-42d6-9200-214eb0163fc5@group-440AB812C07F, cid=2688, SUCCESS, logIndex=3979, commits[1b229672-9fc1-42d6-9200-214eb0163fc5:c3980, 4cc0758a-96f5-4ab9-816d-81d822da247a:c3978, 8693c47f-40a3-4a1c-b7ba-6ed996b9183c:c3978]
2019-07-08 22:29:58,183 INFO  client.GrpcClientProtocolClient (GrpcClientProtocolClient.java:onNext(255)) - client-7538DDC4E776->1b229672-9fc1-42d6-9200-214eb0163fc5: receive RaftClientReply:client-7538DDC4E776->1b229672-9fc1-42d6-9200-214eb0163fc5@group-440AB812C07F, cid=2689, SUCCESS, logIndex=3980, commits[1b229672-9fc1-42d6-9200-214eb0163fc5:c3982, 4cc0758a-96f5-4ab9-816d-81d822da247a:c3978, 8693c47f-40a3-4a1c-b7ba-6ed996b9183c:c3978]
2019-07-08 22:29:58,183 INFO  client.GrpcClientProtocolClient (GrpcClientProtocolClient.java:onNext(255)) - client-7538DDC4E776->1b229672-9fc1-42d6-9200-214eb0163fc5: receive RaftClientReply:client-7538DDC4E776->1b229672-9fc1-42d6-9200-214eb0163fc5@group-440AB812C07F, cid=2690, SUCCESS, logIndex=3981, commits[1b229672-9fc1-42d6-9200-214eb0163fc5:c3982, 4cc0758a-96f5-4ab9-816d-81d822da247a:c3978, 8693c47f-40a3-4a1c-b7ba-6ed996b9183c:c3978]
2019-07-08 22:29:58,184 INFO  client.GrpcClientProtocolClient (GrpcClientProtocolClient.java:onNext(255)) - client-7538DDC4E776->1b229672-9fc1-42d6-9200-214eb0163fc5: receive RaftClientReply:client-7538DDC4E776->1b229672-9fc1-42d6-9200-214eb0163fc5@group-440AB812C07F, cid=2691, SUCCESS, logIndex=3982, commits[1b229672-9fc1-42d6-9200-214eb0163fc5:c3982, 4cc0758a-96f5-4ab9-816d-81d822da247a:c3978, 8693c47f-40a3-4a1c-b7ba-6ed996b9183c:c3978]
2019-07-08 22:29:58,197 INFO  client.GrpcClientProtocolClient (GrpcClientProtocolClient.java:onNext(255)) - client-7538DDC4E776->1b229672-9fc1-42d6-9200-214eb0163fc5: receive RaftClientReply:client-7538DDC4E776->1b229672-9fc1-42d6-9200-214eb0163fc5@group-440AB812C07F, cid=2692, SUCCESS, logIndex=0, commits[1b229672-9fc1-42d6-9200-214eb0163fc5:c3984, 4cc0758a-96f5-4ab9-816d-81d822da247a:c3980, 8693c47f-40a3-4a1c-b7ba-6ed996b9183c:c3981]
2019-07-08 22:29:58,226 INFO  client.GrpcClientProtocolClient (GrpcClientProtocolClient.java:onNext(255)) - client-7538DDC4E776->1b229672-9fc1-42d6-9200-214eb0163fc5: receive RaftClientReply:client-7538DDC4E776->1b229672-9fc1-42d6-9200-214eb0163fc5@group-440AB812C07F, cid=2693, SUCCESS, logIndex=3987, commits[1b229672-9fc1-42d6-9200-214eb0163fc5:c3988, 4cc0758a-96f5-4ab9-816d-81d822da247a:c3986, 8693c47f-40a3-4a1c-b7ba-6ed996b9183c:c3986]
2019-07-08 22:29:58,226 INFO  client.GrpcClientProtocolClient (GrpcClientProtocolClient.java:onNext(255)) - client-7538DDC4E776->1b229672-9fc1-42d6-9200-214eb0163fc5: receive RaftClientReply:client-7538DDC4E776->1b229672-9fc1-42d6-9200-214eb0163fc5@group-440AB812C07F, cid=2694, SUCCESS, logIndex=3988, commits[1b229672-9fc1-42d6-9200-214eb0163fc5:c3988, 4cc0758a-96f5-4ab9-816d-81d822da247a:c3986, 8693c47f-40a3-4a1c-b7ba-6ed996b9183c:c3986]
2019-07-08 22:29:58,250 INFO  client.GrpcClientProtocolClient (GrpcClientProtocolClient.java:onNext(255)) - client-7538DDC4E776->1b229672-9fc1-42d6-9200-214eb0163fc5: receive RaftClientReply:client-7538DDC4E776->1b229672-9fc1-42d6-9200-214eb0163fc5@group-440AB812C07F, cid=2695, SUCCESS, logIndex=3991, commits[1b229672-9fc1-42d6-9200-214eb0163fc5:c3992, 4cc0758a-96f5-4ab9-816d-81d822da247a:c3988, 8693c47f-40a3-4a1c-b7ba-6ed996b9183c:c3988]
2019-07-08 22:29:58,250 INFO  client.GrpcClientProtocolClient (GrpcClientProtocolClient.java:onNext(255)) - client-7538DDC4E776->1b229672-9fc1-42d6-9200-214eb0163fc5: receive RaftClientReply:client-7538DDC4E776->1b229672-9fc1-42d6-9200-214eb0163fc5@group-440AB812C07F, cid=2696, SUCCESS, logIndex=3992, commits[1b229672-9fc1-42d6-9200-214eb0163fc5:c3992, 4cc0758a-96f5-4ab9-816d-81d822da247a:c3988, 8693c47f-40a3-4a1c-b7ba-6ed996b9183c:c3988]
2019-07-08 22:29:58,261 INFO  client.GrpcClientProtocolClient (GrpcClientProtocolClient.java:onNext(255)) - client-7538DDC4E776->1b229672-9fc1-42d6-9200-214eb0163fc5: receive RaftClientReply:client-7538DDC4E776->1b229672-9fc1-42d6-9200-214eb0163fc5@group-440AB812C07F, cid=2697, SUCCESS, logIndex=0, commits[1b229672-9fc1-42d6-9200-214eb0163fc5:c3993, 4cc0758a-96f5-4ab9-816d-81d822da247a:c3992, 8693c47f-40a3-4a1c-b7ba-6ed996b9183c:c3992]
2019-07-08 22:29:58,290 INFO  client.GrpcClientProtocolClient (GrpcClientProtocolClient.java:onNext(255)) - client-7538DDC4E776->1b229672-9fc1-42d6-9200-214eb0163fc5: receive RaftClientReply:client-7538DDC4E776->1b229672-9fc1-42d6-9200-214eb0163fc5@group-440AB812C07F, cid=2698, SUCCESS, logIndex=3995, commits[1b229672-9fc1-42d6-9200-214eb0163fc5:c3998, 4cc0758a-96f5-4ab9-816d-81d822da247a:c3994, 8693c47f-40a3-4a1c-b7ba-6ed996b9183c:c3994]
2019-07-08 22:29:58,291 INFO  client.GrpcClientProtocolClient (GrpcClientProtocolClient.java:onNext(255)) - client-7538DDC4E776->1b229672-9fc1-42d6-9200-214eb0163fc5: receive RaftClientReply:client-7538DDC4E776->1b229672-9fc1-42d6-9200-214eb0163fc5@group-440AB812C07F, cid=2699, SUCCESS, logIndex=3996, commits[1b229672-9fc1-42d6-9200-214eb0163fc5:c3998, 4cc0758a-96f5-4ab9-816d-81d822da247a:c3994, 8693c47f-40a3-4a1c-b7ba-6ed996b9183c:c3994]
2019-07-08 22:29:58,292 INFO  client.GrpcClientProtocolClient (GrpcClientProtocolClient.java:onNext(255)) - client-7538DDC4E776->1b229672-9fc1-42d6-9200-214eb0163fc5: receive RaftClientReply:client-7538DDC4E776->1b229672-9fc1-42d6-9200-214eb0163fc5@group-440AB812C07F, cid=2700, SUCCESS, logIndex=3997, commits[1b229672-9fc1-42d6-9200-214eb0163fc5:c3998, 4cc0758a-96f5-4ab9-816d-81d822da247a:c3994, 8693c47f-40a3-4a1c-b7ba-6ed996b9183c:c3994]
2019-07-08 22:29:58,292 INFO  client.GrpcClientProtocolClient (GrpcClientProtocolClient.java:onNext(255)) - client-7538DDC4E776->1b229672-9fc1-42d6-9200-214eb0163fc5: receive RaftClientReply:client-7538DDC4E776->1b229672-9fc1-42d6-9200-214eb0163fc5@group-440AB812C07F, cid=2701, SUCCESS, logIndex=3998, commits[1b229672-9fc1-42d6-9200-214eb0163fc5:c3998, 4cc0758a-96f5-4ab9-816d-81d822da247a:c3994, 8693c47f-40a3-4a1c-b7ba-6ed996b9183c:c3994]
2019-07-08 22:29:58,293 INFO  client.GrpcClientProtocolClient (GrpcClientProtocolClient.java:onNext(255)) - client-7538DDC4E776->1b229672-9fc1-42d6-9200-214eb0163fc5: receive RaftClientReply:client-7538DDC4E776->1b229672-9fc1-42d6-9200-214eb0163fc5@group-440AB812C07F, cid=2702, SUCCESS, logIndex=0, commits[1b229672-9fc1-42d6-9200-214eb0163fc5:c3999, 4cc0758a-96f5-4ab9-816d-81d822da247a:c3996, 8693c47f-40a3-4a1c-b7ba-6ed996b9183c:c3996]
2019-07-08 22:29:58,328 INFO  client.GrpcClientProtocolClient (GrpcClientProtocolClient.java:onNext(255)) - client-7538DDC4E776->1b229672-9fc1-42d6-9200-214eb0163fc5: receive RaftClientReply:client-7538DDC4E776->1b229672-9fc1-42d6-9200-214eb0163fc5@group-440AB812C07F, cid=2703, SUCCESS, logIndex=4002, commits[1b229672-9fc1-42d6-9200-214eb0163fc5:c4003, 4cc0758a-96f5-4ab9-816d-81d822da247a:c4001, 8693c47f-40a3-4a1c-b7ba-6ed996b9183c:c3998]
2019-07-08 22:29:58,328 INFO  client.GrpcClientProtocolClient (GrpcClientProtocolClient.java:onNext(255)) - client-7538DDC4E776->1b229672-9fc1-42d6-9200-214eb0163fc5: receive RaftClientReply:client-7538DDC4E776->1b229672-9fc1-42d6-9200-214eb0163fc5@group-440AB812C07F, cid=2704, SUCCESS, logIndex=4003, commits[1b229672-9fc1-42d6-9200-214eb0163fc5:c4003, 4cc0758a-96f5-4ab9-816d-81d822da247a:c4001, 8693c47f-40a3-4a1c-b7ba-6ed996b9183c:c4001]
2019-07-08 22:29:58,341 INFO  client.GrpcClientProtocolClient (GrpcClientProtocolClient.java:onNext(255)) - client-7538DDC4E776->1b229672-9fc1-42d6-9200-214eb0163fc5: receive RaftClientReply:client-7538DDC4E776->1b229672-9fc1-42d6-9200-214eb0163fc5@group-440AB812C07F, cid=2705, SUCCESS, logIndex=4006, commits[1b229672-9fc1-42d6-9200-214eb0163fc5:c4007, 4cc0758a-96f5-4ab9-816d-81d822da247a:c4002, 8693c47f-40a3-4a1c-b7ba-6ed996b9183c:c4003]
2019-07-08 22:29:58,342 INFO  client.GrpcClientProtocolClient (GrpcClientProtocolClient.java:onNext(255)) - client-7538DDC4E776->1b229672-9fc1-42d6-9200-214eb0163fc5: receive RaftClientReply:client-7538DDC4E776->1b229672-9fc1-42d6-9200-214eb0163fc5@group-440AB812C07F, cid=2706, SUCCESS, logIndex=4007, commits[1b229672-9fc1-42d6-9200-214eb0163fc5:c4007, 4cc0758a-96f5-4ab9-816d-81d822da247a:c4002, 8693c47f-40a3-4a1c-b7ba-6ed996b9183c:c4003]
2019-07-08 22:29:58,343 INFO  client.GrpcClientProtocolClient (GrpcClientProtocolClient.java:onNext(255)) - client-7538DDC4E776->1b229672-9fc1-42d6-9200-214eb0163fc5: receive RaftClientReply:client-7538DDC4E776->1b229672-9fc1-42d6-9200-214eb0163fc5@group-440AB812C07F, cid=2707, SUCCESS, logIndex=0, commits[1b229672-9fc1-42d6-9200-214eb0163fc5:c4007, 4cc0758a-96f5-4ab9-816d-81d822da247a:c4003, 8693c47f-40a3-4a1c-b7ba-6ed996b9183c:c4003]
2019-07-08 22:29:58,344 INFO  client.GrpcClientProtocolClient (GrpcClientProtocolClient.java:onNext(255)) - client-7538DDC4E776->1b229672-9fc1-42d6-9200-214eb0163fc5: receive RaftClientReply:client-7538DDC4E776->1b229672-9fc1-42d6-9200-214eb0163fc5@group-440AB812C07F, cid=2708, SUCCESS, logIndex=0, commits[1b229672-9fc1-42d6-9200-214eb0163fc5:c4009, 4cc0758a-96f5-4ab9-816d-81d822da247a:c4007, 8693c47f-40a3-4a1c-b7ba-6ed996b9183c:c4007]
2019-07-08 22:29:58,377 INFO  client.GrpcClientProtocolClient (GrpcClientProtocolClient.java:onNext(255)) - client-7538DDC4E776->1b229672-9fc1-42d6-9200-214eb0163fc5: receive RaftClientReply:client-7538DDC4E776->1b229672-9fc1-42d6-9200-214eb0163fc5@group-440AB812C07F, cid=2709, SUCCESS, logIndex=4010, commits[1b229672-9fc1-42d6-9200-214eb0163fc5:c4011, 4cc0758a-96f5-4ab9-816d-81d822da247a:c4009, 8693c47f-40a3-4a1c-b7ba-6ed996b9183c:c4009]
2019-07-08 22:29:58,377 INFO  client.GrpcClientProtocolClient (GrpcClientProtocolClient.java:onNext(255)) - client-7538DDC4E776->1b229672-9fc1-42d6-9200-214eb0163fc5: receive RaftClientReply:client-7538DDC4E776->1b229672-9fc1-42d6-9200-214eb0163fc5@group-440AB812C07F, cid=2710, SUCCESS, logIndex=4011, commits[1b229672-9fc1-42d6-9200-214eb0163fc5:c4013, 4cc0758a-96f5-4ab9-816d-81d822da247a:c4009, 8693c47f-40a3-4a1c-b7ba-6ed996b9183c:c4009]
2019-07-08 22:29:58,378 INFO  client.GrpcClientProtocolClient (GrpcClientProtocolClient.java:onNext(255)) - client-7538DDC4E776->1b229672-9fc1-42d6-9200-214eb0163fc5: receive RaftClientReply:client-7538DDC4E776->1b229672-9fc1-42d6-9200-214eb0163fc5@group-440AB812C07F, cid=2711, SUCCESS, logIndex=4012, commits[1b229672-9fc1-42d6-9200-214eb0163fc5:c4013, 4cc0758a-96f5-4ab9-816d-81d822da247a:c4009, 8693c47f-40a3-4a1c-b7ba-6ed996b9183c:c4009]
2019-07-08 22:29:58,378 INFO  client.GrpcClientProtocolClient (GrpcClientProtocolClient.java:onNext(255)) - client-7538DDC4E776->1b229672-9fc1-42d6-9200-214eb0163fc5: receive RaftClientReply:client-7538DDC4E776->1b229672-9fc1-42d6-9200-214eb0163fc5@group-440AB812C07F, cid=2712, SUCCESS, logIndex=4013, commits[1b229672-9fc1-42d6-9200-214eb0163fc5:c4015, 4cc0758a-96f5-4ab9-816d-81d822da247a:c4009, 8693c47f-40a3-4a1c-b7ba-6ed996b9183c:c4011]
2019-07-08 22:29:58,379 INFO  client.GrpcClientProtocolClient (GrpcClientProtocolClient.java:onNext(255)) - client-7538DDC4E776->1b229672-9fc1-42d6-9200-214eb0163fc5: receive RaftClientReply:client-7538DDC4E776->1b229672-9fc1-42d6-9200-214eb0163fc5@group-440AB812C07F, cid=2713, SUCCESS, logIndex=0, commits[1b229672-9fc1-42d6-9200-214eb0163fc5:c4015, 4cc0758a-96f5-4ab9-816d-81d822da247a:c4011, 8693c47f-40a3-4a1c-b7ba-6ed996b9183c:c4011]
2019-07-08 22:29:58,392 INFO  client.GrpcClientProtocolClient (GrpcClientProtocolClient.java:onNext(255)) - client-7538DDC4E776->1b229672-9fc1-42d6-9200-214eb0163fc5: receive RaftClientReply:client-7538DDC4E776->1b229672-9fc1-42d6-9200-214eb0163fc5@group-440AB812C07F, cid=2714, SUCCESS, logIndex=4018, commits[1b229672-9fc1-42d6-9200-214eb0163fc5:c4019, 4cc0758a-96f5-4ab9-816d-81d822da247a:c4013, 8693c47f-40a3-4a1c-b7ba-6ed996b9183c:c4017]
2019-07-08 22:29:58,393 INFO  client.GrpcClientProtocolClient (GrpcClientProtocolClient.java:onNext(255)) - client-7538DDC4E776->1b229672-9fc1-42d6-9200-214eb0163fc5: receive RaftClientReply:client-7538DDC4E776->1b229672-9fc1-42d6-9200-214eb0163fc5@group-440AB812C07F, cid=2715, SUCCESS, logIndex=4019, commits[1b229672-9fc1-42d6-9200-214eb0163fc5:c4019, 4cc0758a-96f5-4ab9-816d-81d822da247a:c4017, 8693c47f-40a3-4a1c-b7ba-6ed996b9183c:c4017]
2019-07-08 22:29:58,408 INFO  client.GrpcClientProtocolClient (GrpcClientProtocolClient.java:onNext(255)) - client-7538DDC4E776->1b229672-9fc1-42d6-9200-214eb0163fc5: receive RaftClientReply:client-7538DDC4E776->1b229672-9fc1-42d6-9200-214eb0163fc5@group-440AB812C07F, cid=2716, SUCCESS, logIndex=4022, commits[1b229672-9fc1-42d6-9200-214eb0163fc5:c4023, 4cc0758a-96f5-4ab9-816d-81d822da247a:c4020, 8693c47f-40a3-4a1c-b7ba-6ed996b9183c:c4019]
2019-07-08 22:29:58,408 INFO  client.GrpcClientProtocolClient (GrpcClientProtocolClient.java:onNext(255)) - client-7538DDC4E776->1b229672-9fc1-42d6-9200-214eb0163fc5: receive RaftClientReply:client-7538DDC4E776->1b229672-9fc1-42d6-9200-214eb0163fc5@group-440AB812C07F, cid=2717, SUCCESS, logIndex=4023, commits[1b229672-9fc1-42d6-9200-214eb0163fc5:c4023, 4cc0758a-96f5-4ab9-816d-81d822da247a:c4020, 8693c47f-40a3-4a1c-b7ba-6ed996b9183c:c4019]
2019-07-08 22:29:58,409 INFO  client.GrpcClientProtocolClient (GrpcClientProtocolClient.java:onNext(255)) - client-7538DDC4E776->1b229672-9fc1-42d6-9200-214eb0163fc5: receive RaftClientReply:client-7538DDC4E776->1b229672-9fc1-42d6-9200-214eb0163fc5@group-440AB812C07F, cid=2718, SUCCESS, logIndex=0, commits[1b229672-9fc1-42d6-9200-214eb0163fc5:c4024, 4cc0758a-96f5-4ab9-816d-81d822da247a:c4023, 8693c47f-40a3-4a1c-b7ba-6ed996b9183c:c4023]
2019-07-08 22:29:58,436 INFO  client.GrpcClientProtocolClient (GrpcClientProtocolClient.java:onNext(255)) - client-7538DDC4E776->1b229672-9fc1-42d6-9200-214eb0163fc5: receive RaftClientReply:client-7538DDC4E776->1b229672-9fc1-42d6-9200-214eb0163fc5@group-440AB812C07F, cid=2719, SUCCESS, logIndex=4025, commits[1b229672-9fc1-42d6-9200-214eb0163fc5:c4026, 4cc0758a-96f5-4ab9-816d-81d822da247a:c4024, 8693c47f-40a3-4a1c-b7ba-6ed996b9183c:c4023]
2019-07-08 22:29:58,436 INFO  client.GrpcClientProtocolClient (GrpcClientProtocolClient.java:onNext(255)) - client-7538DDC4E776->1b229672-9fc1-42d6-9200-214eb0163fc5: receive RaftClientReply:client-7538DDC4E776->1b229672-9fc1-42d6-9200-214eb0163fc5@group-440AB812C07F, cid=2720, SUCCESS, logIndex=4026, commits[1b229672-9fc1-42d6-9200-214eb0163fc5:c4028, 4cc0758a-96f5-4ab9-816d-81d822da247a:c4024, 8693c47f-40a3-4a1c-b7ba-6ed996b9183c:c4024]
2019-07-08 22:29:58,437 INFO  client.GrpcClientProtocolClient (GrpcClientProtocolClient.java:onNext(255)) - client-7538DDC4E776->1b229672-9fc1-42d6-9200-214eb0163fc5: receive RaftClientReply:client-7538DDC4E776->1b229672-9fc1-42d6-9200-214eb0163fc5@group-440AB812C07F, cid=2721, SUCCESS, logIndex=4027, commits[1b229672-9fc1-42d6-9200-214eb0163fc5:c4028, 4cc0758a-96f5-4ab9-816d-81d822da247a:c4024, 8693c47f-40a3-4a1c-b7ba-6ed996b9183c:c4024]
2019-07-08 22:29:58,437 INFO  client.GrpcClientProtocolClient (GrpcClientProtocolClient.java:onNext(255)) - client-7538DDC4E776->1b229672-9fc1-42d6-9200-214eb0163fc5: receive RaftClientReply:client-7538DDC4E776->1b229672-9fc1-42d6-9200-214eb0163fc5@group-440AB812C07F, cid=2722, SUCCESS, logIndex=4028, commits[1b229672-9fc1-42d6-9200-214eb0163fc5:c4029, 4cc0758a-96f5-4ab9-816d-81d822da247a:c4026, 8693c47f-40a3-4a1c-b7ba-6ed996b9183c:c4024]
2019-07-08 22:29:58,438 INFO  client.GrpcClientProtocolClient (GrpcClientProtocolClient.java:onNext(255)) - client-7538DDC4E776->1b229672-9fc1-42d6-9200-214eb0163fc5: receive RaftClientReply:client-7538DDC4E776->1b229672-9fc1-42d6-9200-214eb0163fc5@group-440AB812C07F, cid=2723, SUCCESS, logIndex=0, commits[1b229672-9fc1-42d6-9200-214eb0163fc5:c4031, 4cc0758a-96f5-4ab9-816d-81d822da247a:c4028, 8693c47f-40a3-4a1c-b7ba-6ed996b9183c:c4026]
2019-07-08 22:29:58,467 INFO  client.GrpcClientProtocolClient (GrpcClientProtocolClient.java:onNext(255)) - client-7538DDC4E776->1b229672-9fc1-42d6-9200-214eb0163fc5: receive RaftClientReply:client-7538DDC4E776->1b229672-9fc1-42d6-9200-214eb0163fc5@group-440AB812C07F, cid=2724, SUCCESS, logIndex=4032, commits[1b229672-9fc1-42d6-9200-214eb0163fc5:c4033, 4cc0758a-96f5-4ab9-816d-81d822da247a:c4031, 8693c47f-40a3-4a1c-b7ba-6ed996b9183c:c4031]
2019-07-08 22:29:58,467 INFO  client.GrpcClientProtocolClient (GrpcClientProtocolClient.java:onNext(255)) - client-7538DDC4E776->1b229672-9fc1-42d6-9200-214eb0163fc5: receive RaftClientReply:client-7538DDC4E776->1b229672-9fc1-42d6-9200-214eb0163fc5@group-440AB812C07F, cid=2725, SUCCESS, logIndex=4033, commits[1b229672-9fc1-42d6-9200-214eb0163fc5:c4033, 4cc0758a-96f5-4ab9-816d-81d822da247a:c4031, 8693c47f-40a3-4a1c-b7ba-6ed996b9183c:c4031]
2019-07-08 22:29:58,481 INFO  client.GrpcClientProtocolClient (GrpcClientProtocolClient.java:onNext(255)) - client-7538DDC4E776->1b229672-9fc1-42d6-9200-214eb0163fc5: receive RaftClientReply:client-7538DDC4E776->1b229672-9fc1-42d6-9200-214eb0163fc5@group-440AB812C07F, cid=2726, SUCCESS, logIndex=4036, commits[1b229672-9fc1-42d6-9200-214eb0163fc5:c4037, 4cc0758a-96f5-4ab9-816d-81d822da247a:c4032, 8693c47f-40a3-4a1c-b7ba-6ed996b9183c:c4033]
2019-07-08 22:29:58,481 INFO  client.GrpcClientProtocolClient (GrpcClientProtocolClient.java:onNext(255)) - client-7538DDC4E776->1b229672-9fc1-42d6-9200-214eb0163fc5: receive RaftClientReply:client-7538DDC4E776->1b229672-9fc1-42d6-9200-214eb0163fc5@group-440AB812C07F, cid=2727, SUCCESS, logIndex=4037, commits[1b229672-9fc1-42d6-9200-214eb0163fc5:c4037, 4cc0758a-96f5-4ab9-816d-81d822da247a:c4033, 8693c47f-40a3-4a1c-b7ba-6ed996b9183c:c4033]
2019-07-08 22:29:58,482 INFO  client.GrpcClientProtocolClient (GrpcClientProtocolClient.java:onNext(255)) - client-7538DDC4E776->1b229672-9fc1-42d6-9200-214eb0163fc5: receive RaftClientReply:client-7538DDC4E776->1b229672-9fc1-42d6-9200-214eb0163fc5@group-440AB812C07F, cid=2728, SUCCESS, logIndex=0, commits[1b229672-9fc1-42d6-9200-214eb0163fc5:c4038, 4cc0758a-96f5-4ab9-816d-81d822da247a:c4037, 8693c47f-40a3-4a1c-b7ba-6ed996b9183c:c4037]
2019-07-08 22:29:58,511 INFO  client.GrpcClientProtocolClient (GrpcClientProtocolClient.java:onNext(255)) - client-7538DDC4E776->1b229672-9fc1-42d6-9200-214eb0163fc5: receive RaftClientReply:client-7538DDC4E776->1b229672-9fc1-42d6-9200-214eb0163fc5@group-440AB812C07F, cid=2729, SUCCESS, logIndex=4040, commits[1b229672-9fc1-42d6-9200-214eb0163fc5:c4041, 4cc0758a-96f5-4ab9-816d-81d822da247a:c4039, 8693c47f-40a3-4a1c-b7ba-6ed996b9183c:c4039]
2019-07-08 22:29:58,511 INFO  client.GrpcClientProtocolClient (GrpcClientProtocolClient.java:onNext(255)) - client-7538DDC4E776->1b229672-9fc1-42d6-9200-214eb0163fc5: receive RaftClientReply:client-7538DDC4E776->1b229672-9fc1-42d6-9200-214eb0163fc5@group-440AB812C07F, cid=2730, SUCCESS, logIndex=4041, commits[1b229672-9fc1-42d6-9200-214eb0163fc5:c4043, 4cc0758a-96f5-4ab9-816d-81d822da247a:c4039, 8693c47f-40a3-4a1c-b7ba-6ed996b9183c:c4039]
2019-07-08 22:29:58,512 INFO  client.GrpcClientProtocolClient (GrpcClientProtocolClient.java:onNext(255)) - client-7538DDC4E776->1b229672-9fc1-42d6-9200-214eb0163fc5: receive RaftClientReply:client-7538DDC4E776->1b229672-9fc1-42d6-9200-214eb0163fc5@group-440AB812C07F, cid=2731, SUCCESS, logIndex=4042, commits[1b229672-9fc1-42d6-9200-214eb0163fc5:c4043, 4cc0758a-96f5-4ab9-816d-81d822da247a:c4039, 8693c47f-40a3-4a1c-b7ba-6ed996b9183c:c4039]
2019-07-08 22:29:58,512 INFO  client.GrpcClientProtocolClient (GrpcClientProtocolClient.java:onNext(255)) - client-7538DDC4E776->1b229672-9fc1-42d6-9200-214eb0163fc5: receive RaftClientReply:client-7538DDC4E776->1b229672-9fc1-42d6-9200-214eb0163fc5@group-440AB812C07F, cid=2732, SUCCESS, logIndex=4043, commits[1b229672-9fc1-42d6-9200-214eb0163fc5:c4043, 4cc0758a-96f5-4ab9-816d-81d822da247a:c4039, 8693c47f-40a3-4a1c-b7ba-6ed996b9183c:c4039]
2019-07-08 22:29:58,513 INFO  client.GrpcClientProtocolClient (GrpcClientProtocolClient.java:onNext(255)) - client-7538DDC4E776->1b229672-9fc1-42d6-9200-214eb0163fc5: receive RaftClientReply:client-7538DDC4E776->1b229672-9fc1-42d6-9200-214eb0163fc5@group-440AB812C07F, cid=2733, SUCCESS, logIndex=0, commits[1b229672-9fc1-42d6-9200-214eb0163fc5:c4045, 4cc0758a-96f5-4ab9-816d-81d822da247a:c4041, 8693c47f-40a3-4a1c-b7ba-6ed996b9183c:c4041]
2019-07-08 22:29:58,533 INFO  client.GrpcClientProtocolClient (GrpcClientProtocolClient.java:onNext(255)) - client-7538DDC4E776->1b229672-9fc1-42d6-9200-214eb0163fc5: receive RaftClientReply:client-7538DDC4E776->1b229672-9fc1-42d6-9200-214eb0163fc5@group-440AB812C07F, cid=2734, SUCCESS, logIndex=4048, commits[1b229672-9fc1-42d6-9200-214eb0163fc5:c4049, 4cc0758a-96f5-4ab9-816d-81d822da247a:c4047, 8693c47f-40a3-4a1c-b7ba-6ed996b9183c:c4047]
2019-07-08 22:29:58,533 INFO  client.GrpcClientProtocolClient (GrpcClientProtocolClient.java:onNext(255)) - client-7538DDC4E776->1b229672-9fc1-42d6-9200-214eb0163fc5: receive RaftClientReply:client-7538DDC4E776->1b229672-9fc1-42d6-9200-214eb0163fc5@group-440AB812C07F, cid=2735, SUCCESS, logIndex=4049, commits[1b229672-9fc1-42d6-9200-214eb0163fc5:c4049, 4cc0758a-96f5-4ab9-816d-81d822da247a:c4047, 8693c47f-40a3-4a1c-b7ba-6ed996b9183c:c4047]
2019-07-08 22:29:58,546 INFO  client.GrpcClientProtocolClient (GrpcClientProtocolClient.java:onNext(255)) - client-7538DDC4E776->1b229672-9fc1-42d6-9200-214eb0163fc5: receive RaftClientReply:client-7538DDC4E776->1b229672-9fc1-42d6-9200-214eb0163fc5@group-440AB812C07F, cid=2736, SUCCESS, logIndex=4052, commits[1b229672-9fc1-42d6-9200-214eb0163fc5:c4053, 4cc0758a-96f5-4ab9-816d-81d822da247a:c4049, 8693c47f-40a3-4a1c-b7ba-6ed996b9183c:c4049]
2019-07-08 22:29:58,546 INFO  client.GrpcClientProtocolClient (GrpcClientProtocolClient.java:onNext(255)) - client-7538DDC4E776->1b229672-9fc1-42d6-9200-214eb0163fc5: receive RaftClientReply:client-7538DDC4E776->1b229672-9fc1-42d6-9200-214eb0163fc5@group-440AB812C07F, cid=2737, SUCCESS, logIndex=4053, commits[1b229672-9fc1-42d6-9200-214eb0163fc5:c4053, 4cc0758a-96f5-4ab9-816d-81d822da247a:c4049, 8693c47f-40a3-4a1c-b7ba-6ed996b9183c:c4049]
2019-07-08 22:29:58,558 INFO  client.GrpcClientProtocolClient (GrpcClientProtocolClient.java:onNext(255)) - client-7538DDC4E776->1b229672-9fc1-42d6-9200-214eb0163fc5: receive RaftClientReply:client-7538DDC4E776->1b229672-9fc1-42d6-9200-214eb0163fc5@group-440AB812C07F, cid=2738, SUCCESS, logIndex=0, commits[1b229672-9fc1-42d6-9200-214eb0163fc5:c4054, 4cc0758a-96f5-4ab9-816d-81d822da247a:c4053, 8693c47f-40a3-4a1c-b7ba-6ed996b9183c:c4053]
2019-07-08 22:29:58,584 INFO  client.GrpcClientProtocolClient (GrpcClientProtocolClient.java:onNext(255)) - client-7538DDC4E776->1b229672-9fc1-42d6-9200-214eb0163fc5: receive RaftClientReply:client-7538DDC4E776->1b229672-9fc1-42d6-9200-214eb0163fc5@group-440AB812C07F, cid=2739, SUCCESS, logIndex=4056, commits[1b229672-9fc1-42d6-9200-214eb0163fc5:c4059, 4cc0758a-96f5-4ab9-816d-81d822da247a:c4053, 8693c47f-40a3-4a1c-b7ba-6ed996b9183c:c4055]
2019-07-08 22:29:58,585 INFO  client.GrpcClientProtocolClient (GrpcClientProtocolClient.java:onNext(255)) - client-7538DDC4E776->1b229672-9fc1-42d6-9200-214eb0163fc5: receive RaftClientReply:client-7538DDC4E776->1b229672-9fc1-42d6-9200-214eb0163fc5@group-440AB812C07F, cid=2740, SUCCESS, logIndex=4057, commits[1b229672-9fc1-42d6-9200-214eb0163fc5:c4059, 4cc0758a-96f5-4ab9-816d-81d822da247a:c4055, 8693c47f-40a3-4a1c-b7ba-6ed996b9183c:c4055]
2019-07-08 22:29:58,585 INFO  client.GrpcClientProtocolClient (GrpcClientProtocolClient.java:onNext(255)) - client-7538DDC4E776->1b229672-9fc1-42d6-9200-214eb0163fc5: receive RaftClientReply:client-7538DDC4E776->1b229672-9fc1-42d6-9200-214eb0163fc5@group-440AB812C07F, cid=2741, SUCCESS, logIndex=4058, commits[1b229672-9fc1-42d6-9200-214eb0163fc5:c4059, 4cc0758a-96f5-4ab9-816d-81d822da247a:c4055, 8693c47f-40a3-4a1c-b7ba-6ed996b9183c:c4055]
2019-07-08 22:29:58,586 INFO  client.GrpcClientProtocolClient (GrpcClientProtocolClient.java:onNext(255)) - client-7538DDC4E776->1b229672-9fc1-42d6-9200-214eb0163fc5: receive RaftClientReply:client-7538DDC4E776->1b229672-9fc1-42d6-9200-214eb0163fc5@group-440AB812C07F, cid=2742, SUCCESS, logIndex=4059, commits[1b229672-9fc1-42d6-9200-214eb0163fc5:c4060, 4cc0758a-96f5-4ab9-816d-81d822da247a:c4055, 8693c47f-40a3-4a1c-b7ba-6ed996b9183c:c4057]
2019-07-08 22:29:58,588 INFO  client.GrpcClientProtocolClient (GrpcClientProtocolClient.java:onNext(255)) - client-7538DDC4E776->1b229672-9fc1-42d6-9200-214eb0163fc5: receive RaftClientReply:client-7538DDC4E776->1b229672-9fc1-42d6-9200-214eb0163fc5@group-440AB812C07F, cid=2743, SUCCESS, logIndex=0, commits[1b229672-9fc1-42d6-9200-214eb0163fc5:c4060, 4cc0758a-96f5-4ab9-816d-81d822da247a:c4058, 8693c47f-40a3-4a1c-b7ba-6ed996b9183c:c4057]
2019-07-08 22:29:58,724 INFO  client.GrpcClientProtocolClient (GrpcClientProtocolClient.java:onNext(255)) - client-7538DDC4E776->1b229672-9fc1-42d6-9200-214eb0163fc5: receive RaftClientReply:client-7538DDC4E776->1b229672-9fc1-42d6-9200-214eb0163fc5@group-440AB812C07F, cid=2744, SUCCESS, logIndex=4064, commits[1b229672-9fc1-42d6-9200-214eb0163fc5:c4065, 4cc0758a-96f5-4ab9-816d-81d822da247a:c4059, 8693c47f-40a3-4a1c-b7ba-6ed996b9183c:c4063]
2019-07-08 22:29:58,724 INFO  client.GrpcClientProtocolClient (GrpcClientProtocolClient.java:onNext(255)) - client-7538DDC4E776->1b229672-9fc1-42d6-9200-214eb0163fc5: receive RaftClientReply:client-7538DDC4E776->1b229672-9fc1-42d6-9200-214eb0163fc5@group-440AB812C07F, cid=2745, SUCCESS, logIndex=4065, commits[1b229672-9fc1-42d6-9200-214eb0163fc5:c4065, 4cc0758a-96f5-4ab9-816d-81d822da247a:c4063, 8693c47f-40a3-4a1c-b7ba-6ed996b9183c:c4063]
2019-07-08 22:29:58,747 INFO  client.GrpcClientProtocolClient (GrpcClientProtocolClient.java:onNext(255)) - client-7538DDC4E776->1b229672-9fc1-42d6-9200-214eb0163fc5: receive RaftClientReply:client-7538DDC4E776->1b229672-9fc1-42d6-9200-214eb0163fc5@group-440AB812C07F, cid=2746, SUCCESS, logIndex=4068, commits[1b229672-9fc1-42d6-9200-214eb0163fc5:c4069, 4cc0758a-96f5-4ab9-816d-81d822da247a:c4067, 8693c47f-40a3-4a1c-b7ba-6ed996b9183c:c4067]
2019-07-08 22:29:58,747 INFO  client.GrpcClientProtocolClient (GrpcClientProtocolClient.java:onNext(255)) - client-7538DDC4E776->1b229672-9fc1-42d6-9200-214eb0163fc5: receive RaftClientReply:client-7538DDC4E776->1b229672-9fc1-42d6-9200-214eb0163fc5@group-440AB812C07F, cid=2747, SUCCESS, logIndex=4069, commits[1b229672-9fc1-42d6-9200-214eb0163fc5:c4069, 4cc0758a-96f5-4ab9-816d-81d822da247a:c4067, 8693c47f-40a3-4a1c-b7ba-6ed996b9183c:c4067]
2019-07-08 22:29:58,761 INFO  client.GrpcClientProtocolClient (GrpcClientProtocolClient.java:onNext(255)) - client-7538DDC4E776->1b229672-9fc1-42d6-9200-214eb0163fc5: receive RaftClientReply:client-7538DDC4E776->1b229672-9fc1-42d6-9200-214eb0163fc5@group-440AB812C07F, cid=2748, SUCCESS, logIndex=0, commits[1b229672-9fc1-42d6-9200-214eb0163fc5:c4071, 4cc0758a-96f5-4ab9-816d-81d822da247a:c4069, 8693c47f-40a3-4a1c-b7ba-6ed996b9183c:c4069]
2019-07-08 22:29:58,792 INFO  client.GrpcClientProtocolClient (GrpcClientProtocolClient.java:onNext(255)) - client-7538DDC4E776->1b229672-9fc1-42d6-9200-214eb0163fc5: receive RaftClientReply:client-7538DDC4E776->1b229672-9fc1-42d6-9200-214eb0163fc5@group-440AB812C07F, cid=2749, SUCCESS, logIndex=4072, commits[1b229672-9fc1-42d6-9200-214eb0163fc5:c4073, 4cc0758a-96f5-4ab9-816d-81d822da247a:c4071, 8693c47f-40a3-4a1c-b7ba-6ed996b9183c:c4071]
2019-07-08 22:29:58,793 INFO  client.GrpcClientProtocolClient (GrpcClientProtocolClient.java:onNext(255)) - client-7538DDC4E776->1b229672-9fc1-42d6-9200-214eb0163fc5: receive RaftClientReply:client-7538DDC4E776->1b229672-9fc1-42d6-9200-214eb0163fc5@group-440AB812C07F, cid=2750, SUCCESS, logIndex=4073, commits[1b229672-9fc1-42d6-9200-214eb0163fc5:c4073, 4cc0758a-96f5-4ab9-816d-81d822da247a:c4071, 8693c47f-40a3-4a1c-b7ba-6ed996b9183c:c4071]
2019-07-08 22:29:58,793 INFO  client.GrpcClientProtocolClient (GrpcClientProtocolClient.java:onNext(255)) - client-7538DDC4E776->1b229672-9fc1-42d6-9200-214eb0163fc5: receive RaftClientReply:client-7538DDC4E776->1b229672-9fc1-42d6-9200-214eb0163fc5@group-440AB812C07F, cid=2751, SUCCESS, logIndex=4074, commits[1b229672-9fc1-42d6-9200-214eb0163fc5:c4075, 4cc0758a-96f5-4ab9-816d-81d822da247a:c4071, 8693c47f-40a3-4a1c-b7ba-6ed996b9183c:c4071]
2019-07-08 22:29:58,794 INFO  client.GrpcClientProtocolClient (GrpcClientProtocolClient.java:onNext(255)) - client-7538DDC4E776->1b229672-9fc1-42d6-9200-214eb0163fc5: receive RaftClientReply:client-7538DDC4E776->1b229672-9fc1-42d6-9200-214eb0163fc5@group-440AB812C07F, cid=2752, SUCCESS, logIndex=4075, commits[1b229672-9fc1-42d6-9200-214eb0163fc5:c4075, 4cc0758a-96f5-4ab9-816d-81d822da247a:c4071, 8693c47f-40a3-4a1c-b7ba-6ed996b9183c:c4071]
2019-07-08 22:29:58,807 INFO  client.GrpcClientProtocolClient (GrpcClientProtocolClient.java:onNext(255)) - client-7538DDC4E776->1b229672-9fc1-42d6-9200-214eb0163fc5: receive RaftClientReply:client-7538DDC4E776->1b229672-9fc1-42d6-9200-214eb0163fc5@group-440AB812C07F, cid=2753, SUCCESS, logIndex=0, commits[1b229672-9fc1-42d6-9200-214eb0163fc5:c4077, 4cc0758a-96f5-4ab9-816d-81d822da247a:c4073, 8693c47f-40a3-4a1c-b7ba-6ed996b9183c:c4073]
2019-07-08 22:29:58,827 INFO  client.GrpcClientProtocolClient (GrpcClientProtocolClient.java:onNext(255)) - client-7538DDC4E776->1b229672-9fc1-42d6-9200-214eb0163fc5: receive RaftClientReply:client-7538DDC4E776->1b229672-9fc1-42d6-9200-214eb0163fc5@group-440AB812C07F, cid=2754, SUCCESS, logIndex=4080, commits[1b229672-9fc1-42d6-9200-214eb0163fc5:c4081, 4cc0758a-96f5-4ab9-816d-81d822da247a:c4079, 8693c47f-40a3-4a1c-b7ba-6ed996b9183c:c4079]
2019-07-08 22:29:58,827 INFO  client.GrpcClientProtocolClient (GrpcClientProtocolClient.java:onNext(255)) - client-7538DDC4E776->1b229672-9fc1-42d6-9200-214eb0163fc5: receive RaftClientReply:client-7538DDC4E776->1b229672-9fc1-42d6-9200-214eb0163fc5@group-440AB812C07F, cid=2755, SUCCESS, logIndex=4081, commits[1b229672-9fc1-42d6-9200-214eb0163fc5:c4081, 4cc0758a-96f5-4ab9-816d-81d822da247a:c4079, 8693c47f-40a3-4a1c-b7ba-6ed996b9183c:c4079]
2019-07-08 22:29:58,855 INFO  client.GrpcClientProtocolClient (GrpcClientProtocolClient.java:onNext(255)) - client-7538DDC4E776->1b229672-9fc1-42d6-9200-214eb0163fc5: receive RaftClientReply:client-7538DDC4E776->1b229672-9fc1-42d6-9200-214eb0163fc5@group-440AB812C07F, cid=2756, SUCCESS, logIndex=4084, commits[1b229672-9fc1-42d6-9200-214eb0163fc5:c4084, 4cc0758a-96f5-4ab9-816d-81d822da247a:c4081, 8693c47f-40a3-4a1c-b7ba-6ed996b9183c:c4081]
2019-07-08 22:29:58,855 INFO  client.GrpcClientProtocolClient (GrpcClientProtocolClient.java:onNext(255)) - client-7538DDC4E776->1b229672-9fc1-42d6-9200-214eb0163fc5: receive RaftClientReply:client-7538DDC4E776->1b229672-9fc1-42d6-9200-214eb0163fc5@group-440AB812C07F, cid=2757, SUCCESS, logIndex=4085, commits[1b229672-9fc1-42d6-9200-214eb0163fc5:c4085, 4cc0758a-96f5-4ab9-816d-81d822da247a:c4081, 8693c47f-40a3-4a1c-b7ba-6ed996b9183c:c4081]
 0.00% |█                                                                                                    |  0/1 Time: 0:00:252019-07-08 22:29:58,869 INFO  client.GrpcClientProtocolClient (GrpcClientProtocolClient.java:onNext(255)) - client-7538DDC4E776->1b229672-9fc1-42d6-9200-214eb0163fc5: receive RaftClientReply:client-7538DDC4E776->1b229672-9fc1-42d6-9200-214eb0163fc5@group-440AB812C07F, cid=2758, SUCCESS, logIndex=0, commits[1b229672-9fc1-42d6-9200-214eb0163fc5:c4087, 4cc0758a-96f5-4ab9-816d-81d822da247a:c4085, 8693c47f-40a3-4a1c-b7ba-6ed996b9183c:c4085]
2019-07-08 22:29:58,901 INFO  client.GrpcClientProtocolClient (GrpcClientProtocolClient.java:onNext(255)) - client-7538DDC4E776->1b229672-9fc1-42d6-9200-214eb0163fc5: receive RaftClientReply:client-7538DDC4E776->1b229672-9fc1-42d6-9200-214eb0163fc5@group-440AB812C07F, cid=2759, SUCCESS, logIndex=4088, commits[1b229672-9fc1-42d6-9200-214eb0163fc5:c4089, 4cc0758a-96f5-4ab9-816d-81d822da247a:c4087, 8693c47f-40a3-4a1c-b7ba-6ed996b9183c:c4087]
2019-07-08 22:29:58,902 INFO  client.GrpcClientProtocolClient (GrpcClientProtocolClient.java:onNext(255)) - client-7538DDC4E776->1b229672-9fc1-42d6-9200-214eb0163fc5: receive RaftClientReply:client-7538DDC4E776->1b229672-9fc1-42d6-9200-214eb0163fc5@group-440AB812C07F, cid=2760, SUCCESS, logIndex=4089, commits[1b229672-9fc1-42d6-9200-214eb0163fc5:c4089, 4cc0758a-96f5-4ab9-816d-81d822da247a:c4087, 8693c47f-40a3-4a1c-b7ba-6ed996b9183c:c4087]
2019-07-08 22:29:58,912 INFO  client.GrpcClientProtocolClient (GrpcClientProtocolClient.java:onNext(255)) - client-7538DDC4E776->1b229672-9fc1-42d6-9200-214eb0163fc5: receive RaftClientReply:client-7538DDC4E776->1b229672-9fc1-42d6-9200-214eb0163fc5@group-440AB812C07F, cid=2761, SUCCESS, logIndex=4090, commits[1b229672-9fc1-42d6-9200-214eb0163fc5:c4091, 4cc0758a-96f5-4ab9-816d-81d822da247a:c4087, 8693c47f-40a3-4a1c-b7ba-6ed996b9183c:c4087]
2019-07-08 22:29:58,912 INFO  client.GrpcClientProtocolClient (GrpcClientProtocolClient.java:onNext(255)) - client-7538DDC4E776->1b229672-9fc1-42d6-9200-214eb0163fc5: receive RaftClientReply:client-7538DDC4E776->1b229672-9fc1-42d6-9200-214eb0163fc5@group-440AB812C07F, cid=2762, SUCCESS, logIndex=4091, commits[1b229672-9fc1-42d6-9200-214eb0163fc5:c4091, 4cc0758a-96f5-4ab9-816d-81d822da247a:c4087, 8693c47f-40a3-4a1c-b7ba-6ed996b9183c:c4087]
2019-07-08 22:29:58,914 INFO  client.GrpcClientProtocolClient (GrpcClientProtocolClient.java:onNext(255)) - client-7538DDC4E776->1b229672-9fc1-42d6-9200-214eb0163fc5: receive RaftClientReply:client-7538DDC4E776->1b229672-9fc1-42d6-9200-214eb0163fc5@group-440AB812C07F, cid=2763, SUCCESS, logIndex=0, commits[1b229672-9fc1-42d6-9200-214eb0163fc5:c4095, 4cc0758a-96f5-4ab9-816d-81d822da247a:c4089, 8693c47f-40a3-4a1c-b7ba-6ed996b9183c:c4089]
2019-07-08 22:29:58,983 INFO  client.GrpcClientProtocolClient (GrpcClientProtocolClient.java:onNext(255)) - client-7538DDC4E776->1b229672-9fc1-42d6-9200-214eb0163fc5: receive RaftClientReply:client-7538DDC4E776->1b229672-9fc1-42d6-9200-214eb0163fc5@group-440AB812C07F, cid=2764, SUCCESS, logIndex=4096, commits[1b229672-9fc1-42d6-9200-214eb0163fc5:c4097, 4cc0758a-96f5-4ab9-816d-81d822da247a:c4095, 8693c47f-40a3-4a1c-b7ba-6ed996b9183c:c4095]
2019-07-08 22:29:58,983 INFO  client.GrpcClientProtocolClient (GrpcClientProtocolClient.java:onNext(255)) - client-7538DDC4E776->1b229672-9fc1-42d6-9200-214eb0163fc5: receive RaftClientReply:client-7538DDC4E776->1b229672-9fc1-42d6-9200-214eb0163fc5@group-440AB812C07F, cid=2765, SUCCESS, logIndex=4097, commits[1b229672-9fc1-42d6-9200-214eb0163fc5:c4097, 4cc0758a-96f5-4ab9-816d-81d822da247a:c4095, 8693c47f-40a3-4a1c-b7ba-6ed996b9183c:c4095]
2019-07-08 22:29:59,008 INFO  client.GrpcClientProtocolClient (GrpcClientProtocolClient.java:onNext(255)) - client-7538DDC4E776->1b229672-9fc1-42d6-9200-214eb0163fc5: receive RaftClientReply:client-7538DDC4E776->1b229672-9fc1-42d6-9200-214eb0163fc5@group-440AB812C07F, cid=2766, SUCCESS, logIndex=4100, commits[1b229672-9fc1-42d6-9200-214eb0163fc5:c4101, 4cc0758a-96f5-4ab9-816d-81d822da247a:c4097, 8693c47f-40a3-4a1c-b7ba-6ed996b9183c:c4097]
2019-07-08 22:29:59,008 INFO  client.GrpcClientProtocolClient (GrpcClientProtocolClient.java:onNext(255)) - client-7538DDC4E776->1b229672-9fc1-42d6-9200-214eb0163fc5: receive RaftClientReply:client-7538DDC4E776->1b229672-9fc1-42d6-9200-214eb0163fc5@group-440AB812C07F, cid=2767, SUCCESS, logIndex=4101, commits[1b229672-9fc1-42d6-9200-214eb0163fc5:c4101, 4cc0758a-96f5-4ab9-816d-81d822da247a:c4097, 8693c47f-40a3-4a1c-b7ba-6ed996b9183c:c4097]
2019-07-08 22:29:59,018 INFO  client.GrpcClientProtocolClient (GrpcClientProtocolClient.java:onNext(255)) - client-7538DDC4E776->1b229672-9fc1-42d6-9200-214eb0163fc5: receive RaftClientReply:client-7538DDC4E776->1b229672-9fc1-42d6-9200-214eb0163fc5@group-440AB812C07F, cid=2768, SUCCESS, logIndex=0, commits[1b229672-9fc1-42d6-9200-214eb0163fc5:c4102, 4cc0758a-96f5-4ab9-816d-81d822da247a:c4101, 8693c47f-40a3-4a1c-b7ba-6ed996b9183c:c4101]
2019-07-08 22:29:59,051 INFO  client.GrpcClientProtocolClient (GrpcClientProtocolClient.java:onNext(255)) - client-7538DDC4E776->1b229672-9fc1-42d6-9200-214eb0163fc5: receive RaftClientReply:client-7538DDC4E776->1b229672-9fc1-42d6-9200-214eb0163fc5@group-440AB812C07F, cid=2769, SUCCESS, logIndex=4104, commits[1b229672-9fc1-42d6-9200-214eb0163fc5:c4106, 4cc0758a-96f5-4ab9-816d-81d822da247a:c4103, 8693c47f-40a3-4a1c-b7ba-6ed996b9183c:c4103]
2019-07-08 22:29:59,051 INFO  client.GrpcClientProtocolClient (GrpcClientProtocolClient.java:onNext(255)) - client-7538DDC4E776->1b229672-9fc1-42d6-9200-214eb0163fc5: receive RaftClientReply:client-7538DDC4E776->1b229672-9fc1-42d6-9200-214eb0163fc5@group-440AB812C07F, cid=2770, SUCCESS, logIndex=4105, commits[1b229672-9fc1-42d6-9200-214eb0163fc5:c4107, 4cc0758a-96f5-4ab9-816d-81d822da247a:c4103, 8693c47f-40a3-4a1c-b7ba-6ed996b9183c:c4103]
2019-07-08 22:29:59,052 INFO  client.GrpcClientProtocolClient (GrpcClientProtocolClient.java:onNext(255)) - client-7538DDC4E776->1b229672-9fc1-42d6-9200-214eb0163fc5: receive RaftClientReply:client-7538DDC4E776->1b229672-9fc1-42d6-9200-214eb0163fc5@group-440AB812C07F, cid=2771, SUCCESS, logIndex=4106, commits[1b229672-9fc1-42d6-9200-214eb0163fc5:c4107, 4cc0758a-96f5-4ab9-816d-81d822da247a:c4103, 8693c47f-40a3-4a1c-b7ba-6ed996b9183c:c4103]
2019-07-08 22:29:59,052 INFO  client.GrpcClientProtocolClient (GrpcClientProtocolClient.java:onNext(255)) - client-7538DDC4E776->1b229672-9fc1-42d6-9200-214eb0163fc5: receive RaftClientReply:client-7538DDC4E776->1b229672-9fc1-42d6-9200-214eb0163fc5@group-440AB812C07F, cid=2772, SUCCESS, logIndex=4107, commits[1b229672-9fc1-42d6-9200-214eb0163fc5:c4107, 4cc0758a-96f5-4ab9-816d-81d822da247a:c4103, 8693c47f-40a3-4a1c-b7ba-6ed996b9183c:c4103]
2019-07-08 22:29:59,065 INFO  client.GrpcClientProtocolClient (GrpcClientProtocolClient.java:onNext(255)) - client-7538DDC4E776->1b229672-9fc1-42d6-9200-214eb0163fc5: receive RaftClientReply:client-7538DDC4E776->1b229672-9fc1-42d6-9200-214eb0163fc5@group-440AB812C07F, cid=2773, SUCCESS, logIndex=0, commits[1b229672-9fc1-42d6-9200-214eb0163fc5:c4109, 4cc0758a-96f5-4ab9-816d-81d822da247a:c4105, 8693c47f-40a3-4a1c-b7ba-6ed996b9183c:c4105]
2019-07-08 22:29:59,084 INFO  client.GrpcClientProtocolClient (GrpcClientProtocolClient.java:onNext(255)) - client-7538DDC4E776->1b229672-9fc1-42d6-9200-214eb0163fc5: receive RaftClientReply:client-7538DDC4E776->1b229672-9fc1-42d6-9200-214eb0163fc5@group-440AB812C07F, cid=2774, SUCCESS, logIndex=4112, commits[1b229672-9fc1-42d6-9200-214eb0163fc5:c4113, 4cc0758a-96f5-4ab9-816d-81d822da247a:c4111, 8693c47f-40a3-4a1c-b7ba-6ed996b9183c:c4111]
2019-07-08 22:29:59,085 INFO  client.GrpcClientProtocolClient (GrpcClientProtocolClient.java:onNext(255)) - client-7538DDC4E776->1b229672-9fc1-42d6-9200-214eb0163fc5: receive RaftClientReply:client-7538DDC4E776->1b229672-9fc1-42d6-9200-214eb0163fc5@group-440AB812C07F, cid=2775, SUCCESS, logIndex=4113, commits[1b229672-9fc1-42d6-9200-214eb0163fc5:c4113, 4cc0758a-96f5-4ab9-816d-81d822da247a:c4111, 8693c47f-40a3-4a1c-b7ba-6ed996b9183c:c4111]
2019-07-08 22:29:59,099 INFO  client.GrpcClientProtocolClient (GrpcClientProtocolClient.java:onNext(255)) - client-7538DDC4E776->1b229672-9fc1-42d6-9200-214eb0163fc5: receive RaftClientReply:client-7538DDC4E776->1b229672-9fc1-42d6-9200-214eb0163fc5@group-440AB812C07F, cid=2776, SUCCESS, logIndex=4116, commits[1b229672-9fc1-42d6-9200-214eb0163fc5:c4117, 4cc0758a-96f5-4ab9-816d-81d822da247a:c4113, 8693c47f-40a3-4a1c-b7ba-6ed996b9183c:c4113]
2019-07-08 22:29:59,100 INFO  client.GrpcClientProtocolClient (GrpcClientProtocolClient.java:onNext(255)) - client-7538DDC4E776->1b229672-9fc1-42d6-9200-214eb0163fc5: receive RaftClientReply:client-7538DDC4E776->1b229672-9fc1-42d6-9200-214eb0163fc5@group-440AB812C07F, cid=2777, SUCCESS, logIndex=4117, commits[1b229672-9fc1-42d6-9200-214eb0163fc5:c4117, 4cc0758a-96f5-4ab9-816d-81d822da247a:c4113, 8693c47f-40a3-4a1c-b7ba-6ed996b9183c:c4113]
2019-07-08 22:29:59,113 INFO  client.GrpcClientProtocolClient (GrpcClientProtocolClient.java:onNext(255)) - client-7538DDC4E776->1b229672-9fc1-42d6-9200-214eb0163fc5: receive RaftClientReply:client-7538DDC4E776->1b229672-9fc1-42d6-9200-214eb0163fc5@group-440AB812C07F, cid=2778, SUCCESS, logIndex=0, commits[1b229672-9fc1-42d6-9200-214eb0163fc5:c4118, 4cc0758a-96f5-4ab9-816d-81d822da247a:c4117, 8693c47f-40a3-4a1c-b7ba-6ed996b9183c:c4117]
2019-07-08 22:29:59,146 INFO  client.GrpcClientProtocolClient (GrpcClientProtocolClient.java:onNext(255)) - client-7538DDC4E776->1b229672-9fc1-42d6-9200-214eb0163fc5: receive RaftClientReply:client-7538DDC4E776->1b229672-9fc1-42d6-9200-214eb0163fc5@group-440AB812C07F, cid=2779, SUCCESS, logIndex=4120, commits[1b229672-9fc1-42d6-9200-214eb0163fc5:c4122, 4cc0758a-96f5-4ab9-816d-81d822da247a:c4119, 8693c47f-40a3-4a1c-b7ba-6ed996b9183c:c4119]
2019-07-08 22:29:59,146 INFO  client.GrpcClientProtocolClient (GrpcClientProtocolClient.java:onNext(255)) - client-7538DDC4E776->1b229672-9fc1-42d6-9200-214eb0163fc5: receive RaftClientReply:client-7538DDC4E776->1b229672-9fc1-42d6-9200-214eb0163fc5@group-440AB812C07F, cid=2780, SUCCESS, logIndex=4121, commits[1b229672-9fc1-42d6-9200-214eb0163fc5:c4123, 4cc0758a-96f5-4ab9-816d-81d822da247a:c4119, 8693c47f-40a3-4a1c-b7ba-6ed996b9183c:c4119]
2019-07-08 22:29:59,147 INFO  client.GrpcClientProtocolClient (GrpcClientProtocolClient.java:onNext(255)) - client-7538DDC4E776->1b229672-9fc1-42d6-9200-214eb0163fc5: receive RaftClientReply:client-7538DDC4E776->1b229672-9fc1-42d6-9200-214eb0163fc5@group-440AB812C07F, cid=2781, SUCCESS, logIndex=4122, commits[1b229672-9fc1-42d6-9200-214eb0163fc5:c4123, 4cc0758a-96f5-4ab9-816d-81d822da247a:c4119, 8693c47f-40a3-4a1c-b7ba-6ed996b9183c:c4119]
2019-07-08 22:29:59,147 INFO  client.GrpcClientProtocolClient (GrpcClientProtocolClient.java:onNext(255)) - client-7538DDC4E776->1b229672-9fc1-42d6-9200-214eb0163fc5: receive RaftClientReply:client-7538DDC4E776->1b229672-9fc1-42d6-9200-214eb0163fc5@group-440AB812C07F, cid=2782, SUCCESS, logIndex=4123, commits[1b229672-9fc1-42d6-9200-214eb0163fc5:c4123, 4cc0758a-96f5-4ab9-816d-81d822da247a:c4119, 8693c47f-40a3-4a1c-b7ba-6ed996b9183c:c4119]
2019-07-08 22:29:59,160 INFO  client.GrpcClientProtocolClient (GrpcClientProtocolClient.java:onNext(255)) - client-7538DDC4E776->1b229672-9fc1-42d6-9200-214eb0163fc5: receive RaftClientReply:client-7538DDC4E776->1b229672-9fc1-42d6-9200-214eb0163fc5@group-440AB812C07F, cid=2783, SUCCESS, logIndex=0, commits[1b229672-9fc1-42d6-9200-214eb0163fc5:c4125, 4cc0758a-96f5-4ab9-816d-81d822da247a:c4122, 8693c47f-40a3-4a1c-b7ba-6ed996b9183c:c4122]
2019-07-08 22:29:59,179 INFO  client.GrpcClientProtocolClient (GrpcClientProtocolClient.java:onNext(255)) - client-7538DDC4E776->1b229672-9fc1-42d6-9200-214eb0163fc5: receive RaftClientReply:client-7538DDC4E776->1b229672-9fc1-42d6-9200-214eb0163fc5@group-440AB812C07F, cid=2784, SUCCESS, logIndex=4127, commits[1b229672-9fc1-42d6-9200-214eb0163fc5:c4128, 4cc0758a-96f5-4ab9-816d-81d822da247a:c4126, 8693c47f-40a3-4a1c-b7ba-6ed996b9183c:c4126]
2019-07-08 22:29:59,179 INFO  client.GrpcClientProtocolClient (GrpcClientProtocolClient.java:onNext(255)) - client-7538DDC4E776->1b229672-9fc1-42d6-9200-214eb0163fc5: receive RaftClientReply:client-7538DDC4E776->1b229672-9fc1-42d6-9200-214eb0163fc5@group-440AB812C07F, cid=2785, SUCCESS, logIndex=4128, commits[1b229672-9fc1-42d6-9200-214eb0163fc5:c4128, 4cc0758a-96f5-4ab9-816d-81d822da247a:c4126, 8693c47f-40a3-4a1c-b7ba-6ed996b9183c:c4126]
2019-07-08 22:29:59,204 INFO  client.GrpcClientProtocolClient (GrpcClientProtocolClient.java:onNext(255)) - client-7538DDC4E776->1b229672-9fc1-42d6-9200-214eb0163fc5: receive RaftClientReply:client-7538DDC4E776->1b229672-9fc1-42d6-9200-214eb0163fc5@group-440AB812C07F, cid=2786, SUCCESS, logIndex=4131, commits[1b229672-9fc1-42d6-9200-214eb0163fc5:c4132, 4cc0758a-96f5-4ab9-816d-81d822da247a:c4128, 8693c47f-40a3-4a1c-b7ba-6ed996b9183c:c4128]
2019-07-08 22:29:59,205 INFO  client.GrpcClientProtocolClient (GrpcClientProtocolClient.java:onNext(255)) - client-7538DDC4E776->1b229672-9fc1-42d6-9200-214eb0163fc5: receive RaftClientReply:client-7538DDC4E776->1b229672-9fc1-42d6-9200-214eb0163fc5@group-440AB812C07F, cid=2787, SUCCESS, logIndex=4132, commits[1b229672-9fc1-42d6-9200-214eb0163fc5:c4132, 4cc0758a-96f5-4ab9-816d-81d822da247a:c4128, 8693c47f-40a3-4a1c-b7ba-6ed996b9183c:c4128]
2019-07-08 22:29:59,209 INFO  client.GrpcClientProtocolClient (GrpcClientProtocolClient.java:onNext(255)) - client-7538DDC4E776->1b229672-9fc1-42d6-9200-214eb0163fc5: receive RaftClientReply:client-7538DDC4E776->1b229672-9fc1-42d6-9200-214eb0163fc5@group-440AB812C07F, cid=2788, SUCCESS, logIndex=0, commits[1b229672-9fc1-42d6-9200-214eb0163fc5:c4134, 4cc0758a-96f5-4ab9-816d-81d822da247a:c4132, 8693c47f-40a3-4a1c-b7ba-6ed996b9183c:c4132]
2019-07-08 22:29:59,252 INFO  client.GrpcClientProtocolClient (GrpcClientProtocolClient.java:onNext(255)) - client-7538DDC4E776->1b229672-9fc1-42d6-9200-214eb0163fc5: receive RaftClientReply:client-7538DDC4E776->1b229672-9fc1-42d6-9200-214eb0163fc5@group-440AB812C07F, cid=2789, SUCCESS, logIndex=4135, commits[1b229672-9fc1-42d6-9200-214eb0163fc5:c4136, 4cc0758a-96f5-4ab9-816d-81d822da247a:c4132, 8693c47f-40a3-4a1c-b7ba-6ed996b9183c:c4134]
2019-07-08 22:29:59,253 INFO  client.GrpcClientProtocolClient (GrpcClientProtocolClient.java:onNext(255)) - client-7538DDC4E776->1b229672-9fc1-42d6-9200-214eb0163fc5: receive RaftClientReply:client-7538DDC4E776->1b229672-9fc1-42d6-9200-214eb0163fc5@group-440AB812C07F, cid=2790, SUCCESS, logIndex=4136, commits[1b229672-9fc1-42d6-9200-214eb0163fc5:c4136, 4cc0758a-96f5-4ab9-816d-81d822da247a:c4132, 8693c47f-40a3-4a1c-b7ba-6ed996b9183c:c4134]
2019-07-08 22:29:59,277 INFO  client.GrpcClientProtocolClient (GrpcClientProtocolClient.java:onNext(255)) - client-7538DDC4E776->1b229672-9fc1-42d6-9200-214eb0163fc5: receive RaftClientReply:client-7538DDC4E776->1b229672-9fc1-42d6-9200-214eb0163fc5@group-440AB812C07F, cid=2791, SUCCESS, logIndex=4137, commits[1b229672-9fc1-42d6-9200-214eb0163fc5:c4138, 4cc0758a-96f5-4ab9-816d-81d822da247a:c4134, 8693c47f-40a3-4a1c-b7ba-6ed996b9183c:c4134]
2019-07-08 22:29:59,278 INFO  client.GrpcClientProtocolClient (GrpcClientProtocolClient.java:onNext(255)) - client-7538DDC4E776->1b229672-9fc1-42d6-9200-214eb0163fc5: receive RaftClientReply:client-7538DDC4E776->1b229672-9fc1-42d6-9200-214eb0163fc5@group-440AB812C07F, cid=2792, SUCCESS, logIndex=4138, commits[1b229672-9fc1-42d6-9200-214eb0163fc5:c4140, 4cc0758a-96f5-4ab9-816d-81d822da247a:c4136, 8693c47f-40a3-4a1c-b7ba-6ed996b9183c:c4136]
2019-07-08 22:29:59,292 INFO  client.GrpcClientProtocolClient (GrpcClientProtocolClient.java:onNext(255)) - client-7538DDC4E776->1b229672-9fc1-42d6-9200-214eb0163fc5: receive RaftClientReply:client-7538DDC4E776->1b229672-9fc1-42d6-9200-214eb0163fc5@group-440AB812C07F, cid=2793, SUCCESS, logIndex=4143, commits[1b229672-9fc1-42d6-9200-214eb0163fc5:c4144, 4cc0758a-96f5-4ab9-816d-81d822da247a:c4138, 8693c47f-40a3-4a1c-b7ba-6ed996b9183c:c4141]
2019-07-08 22:29:59,293 INFO  client.GrpcClientProtocolClient (GrpcClientProtocolClient.java:onNext(255)) - client-7538DDC4E776->1b229672-9fc1-42d6-9200-214eb0163fc5: receive RaftClientReply:client-7538DDC4E776->1b229672-9fc1-42d6-9200-214eb0163fc5@group-440AB812C07F, cid=2794, SUCCESS, logIndex=4144, commits[1b229672-9fc1-42d6-9200-214eb0163fc5:c4144, 4cc0758a-96f5-4ab9-816d-81d822da247a:c4138, 8693c47f-40a3-4a1c-b7ba-6ed996b9183c:c4141]
2019-07-08 22:29:59,308 INFO  client.GrpcClientProtocolClient (GrpcClientProtocolClient.java:onNext(255)) - client-7538DDC4E776->1b229672-9fc1-42d6-9200-214eb0163fc5: receive RaftClientReply:client-7538DDC4E776->1b229672-9fc1-42d6-9200-214eb0163fc5@group-440AB812C07F, cid=2795, SUCCESS, logIndex=4147, commits[1b229672-9fc1-42d6-9200-214eb0163fc5:c4148, 4cc0758a-96f5-4ab9-816d-81d822da247a:c4145, 8693c47f-40a3-4a1c-b7ba-6ed996b9183c:c4144]
2019-07-08 22:29:59,308 INFO  client.GrpcClientProtocolClient (GrpcClientProtocolClient.java:onNext(255)) - client-7538DDC4E776->1b229672-9fc1-42d6-9200-214eb0163fc5: receive RaftClientReply:client-7538DDC4E776->1b229672-9fc1-42d6-9200-214eb0163fc5@group-440AB812C07F, cid=2796, SUCCESS, logIndex=4148, commits[1b229672-9fc1-42d6-9200-214eb0163fc5:c4148, 4cc0758a-96f5-4ab9-816d-81d822da247a:c4145, 8693c47f-40a3-4a1c-b7ba-6ed996b9183c:c4145]
2019-07-08 22:29:59,311 INFO  client.GrpcClientProtocolClient (GrpcClientProtocolClient.java:onNext(255)) - client-7538DDC4E776->1b229672-9fc1-42d6-9200-214eb0163fc5: receive RaftClientReply:client-7538DDC4E776->1b229672-9fc1-42d6-9200-214eb0163fc5@group-440AB812C07F, cid=2797, SUCCESS, logIndex=0, commits[1b229672-9fc1-42d6-9200-214eb0163fc5:c4149, 4cc0758a-96f5-4ab9-816d-81d822da247a:c4148, 8693c47f-40a3-4a1c-b7ba-6ed996b9183c:c4148]
2019-07-08 22:29:59,341 INFO  client.GrpcClientProtocolClient (GrpcClientProtocolClient.java:onNext(255)) - client-7538DDC4E776->1b229672-9fc1-42d6-9200-214eb0163fc5: receive RaftClientReply:client-7538DDC4E776->1b229672-9fc1-42d6-9200-214eb0163fc5@group-440AB812C07F, cid=2798, SUCCESS, logIndex=4150, commits[1b229672-9fc1-42d6-9200-214eb0163fc5:c4151, 4cc0758a-96f5-4ab9-816d-81d822da247a:c4149, 8693c47f-40a3-4a1c-b7ba-6ed996b9183c:c4149]
2019-07-08 22:29:59,342 INFO  client.GrpcClientProtocolClient (GrpcClientProtocolClient.java:onNext(255)) - client-7538DDC4E776->1b229672-9fc1-42d6-9200-214eb0163fc5: receive RaftClientReply:client-7538DDC4E776->1b229672-9fc1-42d6-9200-214eb0163fc5@group-440AB812C07F, cid=2799, SUCCESS, logIndex=4151, commits[1b229672-9fc1-42d6-9200-214eb0163fc5:c4151, 4cc0758a-96f5-4ab9-816d-81d822da247a:c4149, 8693c47f-40a3-4a1c-b7ba-6ed996b9183c:c4149]
2019-07-08 22:29:59,342 INFO  client.GrpcClientProtocolClient (GrpcClientProtocolClient.java:onNext(255)) - client-7538DDC4E776->1b229672-9fc1-42d6-9200-214eb0163fc5: receive RaftClientReply:client-7538DDC4E776->1b229672-9fc1-42d6-9200-214eb0163fc5@group-440AB812C07F, cid=2800, SUCCESS, logIndex=4152, commits[1b229672-9fc1-42d6-9200-214eb0163fc5:c4153, 4cc0758a-96f5-4ab9-816d-81d822da247a:c4149, 8693c47f-40a3-4a1c-b7ba-6ed996b9183c:c4149]
2019-07-08 22:29:59,342 INFO  client.GrpcClientProtocolClient (GrpcClientProtocolClient.java:onNext(255)) - client-7538DDC4E776->1b229672-9fc1-42d6-9200-214eb0163fc5: receive RaftClientReply:client-7538DDC4E776->1b229672-9fc1-42d6-9200-214eb0163fc5@group-440AB812C07F, cid=2801, SUCCESS, logIndex=4153, commits[1b229672-9fc1-42d6-9200-214eb0163fc5:c4153, 4cc0758a-96f5-4ab9-816d-81d822da247a:c4149, 8693c47f-40a3-4a1c-b7ba-6ed996b9183c:c4149]
2019-07-08 22:29:59,356 INFO  client.GrpcClientProtocolClient (GrpcClientProtocolClient.java:onNext(255)) - client-7538DDC4E776->1b229672-9fc1-42d6-9200-214eb0163fc5: receive RaftClientReply:client-7538DDC4E776->1b229672-9fc1-42d6-9200-214eb0163fc5@group-440AB812C07F, cid=2802, SUCCESS, logIndex=0, commits[1b229672-9fc1-42d6-9200-214eb0163fc5:c4155, 4cc0758a-96f5-4ab9-816d-81d822da247a:c4151, 8693c47f-40a3-4a1c-b7ba-6ed996b9183c:c4151]
2019-07-08 22:29:59,376 INFO  client.GrpcClientProtocolClient (GrpcClientProtocolClient.java:onNext(255)) - client-7538DDC4E776->1b229672-9fc1-42d6-9200-214eb0163fc5: receive RaftClientReply:client-7538DDC4E776->1b229672-9fc1-42d6-9200-214eb0163fc5@group-440AB812C07F, cid=2803, SUCCESS, logIndex=4158, commits[1b229672-9fc1-42d6-9200-214eb0163fc5:c4159, 4cc0758a-96f5-4ab9-816d-81d822da247a:c4157, 8693c47f-40a3-4a1c-b7ba-6ed996b9183c:c4157]
2019-07-08 22:29:59,376 INFO  client.GrpcClientProtocolClient (GrpcClientProtocolClient.java:onNext(255)) - client-7538DDC4E776->1b229672-9fc1-42d6-9200-214eb0163fc5: receive RaftClientReply:client-7538DDC4E776->1b229672-9fc1-42d6-9200-214eb0163fc5@group-440AB812C07F, cid=2804, SUCCESS, logIndex=4159, commits[1b229672-9fc1-42d6-9200-214eb0163fc5:c4159, 4cc0758a-96f5-4ab9-816d-81d822da247a:c4157, 8693c47f-40a3-4a1c-b7ba-6ed996b9183c:c4157]
2019-07-08 22:29:59,390 INFO  client.GrpcClientProtocolClient (GrpcClientProtocolClient.java:onNext(255)) - client-7538DDC4E776->1b229672-9fc1-42d6-9200-214eb0163fc5: receive RaftClientReply:client-7538DDC4E776->1b229672-9fc1-42d6-9200-214eb0163fc5@group-440AB812C07F, cid=2805, SUCCESS, logIndex=4162, commits[1b229672-9fc1-42d6-9200-214eb0163fc5:c4163, 4cc0758a-96f5-4ab9-816d-81d822da247a:c4159, 8693c47f-40a3-4a1c-b7ba-6ed996b9183c:c4159]
2019-07-08 22:29:59,391 INFO  client.GrpcClientProtocolClient (GrpcClientProtocolClient.java:onNext(255)) - client-7538DDC4E776->1b229672-9fc1-42d6-9200-214eb0163fc5: receive RaftClientReply:client-7538DDC4E776->1b229672-9fc1-42d6-9200-214eb0163fc5@group-440AB812C07F, cid=2806, SUCCESS, logIndex=4163, commits[1b229672-9fc1-42d6-9200-214eb0163fc5:c4163, 4cc0758a-96f5-4ab9-816d-81d822da247a:c4159, 8693c47f-40a3-4a1c-b7ba-6ed996b9183c:c4159]
2019-07-08 22:29:59,405 INFO  client.GrpcClientProtocolClient (GrpcClientProtocolClient.java:onNext(255)) - client-7538DDC4E776->1b229672-9fc1-42d6-9200-214eb0163fc5: receive RaftClientReply:client-7538DDC4E776->1b229672-9fc1-42d6-9200-214eb0163fc5@group-440AB812C07F, cid=2807, SUCCESS, logIndex=0, commits[1b229672-9fc1-42d6-9200-214eb0163fc5:c4164, 4cc0758a-96f5-4ab9-816d-81d822da247a:c4163, 8693c47f-40a3-4a1c-b7ba-6ed996b9183c:c4163]
2019-07-08 22:29:59,450 INFO  client.GrpcClientProtocolClient (GrpcClientProtocolClient.java:onNext(255)) - client-7538DDC4E776->1b229672-9fc1-42d6-9200-214eb0163fc5: receive RaftClientReply:client-7538DDC4E776->1b229672-9fc1-42d6-9200-214eb0163fc5@group-440AB812C07F, cid=2808, SUCCESS, logIndex=4166, commits[1b229672-9fc1-42d6-9200-214eb0163fc5:c4167, 4cc0758a-96f5-4ab9-816d-81d822da247a:c4165, 8693c47f-40a3-4a1c-b7ba-6ed996b9183c:c4165]
2019-07-08 22:29:59,450 INFO  client.GrpcClientProtocolClient (GrpcClientProtocolClient.java:onNext(255)) - client-7538DDC4E776->1b229672-9fc1-42d6-9200-214eb0163fc5: receive RaftClientReply:client-7538DDC4E776->1b229672-9fc1-42d6-9200-214eb0163fc5@group-440AB812C07F, cid=2809, SUCCESS, logIndex=4167, commits[1b229672-9fc1-42d6-9200-214eb0163fc5:c4169, 4cc0758a-96f5-4ab9-816d-81d822da247a:c4165, 8693c47f-40a3-4a1c-b7ba-6ed996b9183c:c4165]
2019-07-08 22:29:59,451 INFO  client.GrpcClientProtocolClient (GrpcClientProtocolClient.java:onNext(255)) - client-7538DDC4E776->1b229672-9fc1-42d6-9200-214eb0163fc5: receive RaftClientReply:client-7538DDC4E776->1b229672-9fc1-42d6-9200-214eb0163fc5@group-440AB812C07F, cid=2810, SUCCESS, logIndex=4168, commits[1b229672-9fc1-42d6-9200-214eb0163fc5:c4169, 4cc0758a-96f5-4ab9-816d-81d822da247a:c4165, 8693c47f-40a3-4a1c-b7ba-6ed996b9183c:c4165]
2019-07-08 22:29:59,451 INFO  client.GrpcClientProtocolClient (GrpcClientProtocolClient.java:onNext(255)) - client-7538DDC4E776->1b229672-9fc1-42d6-9200-214eb0163fc5: receive RaftClientReply:client-7538DDC4E776->1b229672-9fc1-42d6-9200-214eb0163fc5@group-440AB812C07F, cid=2811, SUCCESS, logIndex=4169, commits[1b229672-9fc1-42d6-9200-214eb0163fc5:c4169, 4cc0758a-96f5-4ab9-816d-81d822da247a:c4165, 8693c47f-40a3-4a1c-b7ba-6ed996b9183c:c4165]
2019-07-08 22:29:59,455 INFO  client.GrpcClientProtocolClient (GrpcClientProtocolClient.java:onNext(255)) - client-7538DDC4E776->1b229672-9fc1-42d6-9200-214eb0163fc5: receive RaftClientReply:client-7538DDC4E776->1b229672-9fc1-42d6-9200-214eb0163fc5@group-440AB812C07F, cid=2812, SUCCESS, logIndex=0, commits[1b229672-9fc1-42d6-9200-214eb0163fc5:c4173, 4cc0758a-96f5-4ab9-816d-81d822da247a:c4167, 8693c47f-40a3-4a1c-b7ba-6ed996b9183c:c4169]
2019-07-08 22:29:59,469 INFO  client.GrpcClientProtocolClient (GrpcClientProtocolClient.java:onNext(255)) - client-7538DDC4E776->1b229672-9fc1-42d6-9200-214eb0163fc5: receive RaftClientReply:client-7538DDC4E776->1b229672-9fc1-42d6-9200-214eb0163fc5@group-440AB812C07F, cid=2813, SUCCESS, logIndex=4174, commits[1b229672-9fc1-42d6-9200-214eb0163fc5:c4175, 4cc0758a-96f5-4ab9-816d-81d822da247a:c4173, 8693c47f-40a3-4a1c-b7ba-6ed996b9183c:c4173]
2019-07-08 22:29:59,469 INFO  client.GrpcClientProtocolClient (GrpcClientProtocolClient.java:onNext(255)) - client-7538DDC4E776->1b229672-9fc1-42d6-9200-214eb0163fc5: receive RaftClientReply:client-7538DDC4E776->1b229672-9fc1-42d6-9200-214eb0163fc5@group-440AB812C07F, cid=2814, SUCCESS, logIndex=4175, commits[1b229672-9fc1-42d6-9200-214eb0163fc5:c4175, 4cc0758a-96f5-4ab9-816d-81d822da247a:c4173, 8693c47f-40a3-4a1c-b7ba-6ed996b9183c:c4173]
2019-07-08 22:29:59,508 INFO  client.GrpcClientProtocolClient (GrpcClientProtocolClient.java:onNext(255)) - client-7538DDC4E776->1b229672-9fc1-42d6-9200-214eb0163fc5: receive RaftClientReply:client-7538DDC4E776->1b229672-9fc1-42d6-9200-214eb0163fc5@group-440AB812C07F, cid=2815, SUCCESS, logIndex=4178, commits[1b229672-9fc1-42d6-9200-214eb0163fc5:c4179, 4cc0758a-96f5-4ab9-816d-81d822da247a:c4177, 8693c47f-40a3-4a1c-b7ba-6ed996b9183c:c4177]
2019-07-08 22:29:59,509 INFO  client.GrpcClientProtocolClient (GrpcClientProtocolClient.java:onNext(255)) - client-7538DDC4E776->1b229672-9fc1-42d6-9200-214eb0163fc5: receive RaftClientReply:client-7538DDC4E776->1b229672-9fc1-42d6-9200-214eb0163fc5@group-440AB812C07F, cid=2816, SUCCESS, logIndex=4179, commits[1b229672-9fc1-42d6-9200-214eb0163fc5:c4179, 4cc0758a-96f5-4ab9-816d-81d822da247a:c4177, 8693c47f-40a3-4a1c-b7ba-6ed996b9183c:c4177]
2019-07-08 22:29:59,523 INFO  client.GrpcClientProtocolClient (GrpcClientProtocolClient.java:onNext(255)) - client-7538DDC4E776->1b229672-9fc1-42d6-9200-214eb0163fc5: receive RaftClientReply:client-7538DDC4E776->1b229672-9fc1-42d6-9200-214eb0163fc5@group-440AB812C07F, cid=2817, SUCCESS, logIndex=0, commits[1b229672-9fc1-42d6-9200-214eb0163fc5:c4181, 4cc0758a-96f5-4ab9-816d-81d822da247a:c4179, 8693c47f-40a3-4a1c-b7ba-6ed996b9183c:c4179]
2019-07-08 22:29:59,553 INFO  client.GrpcClientProtocolClient (GrpcClientProtocolClient.java:onNext(255)) - client-7538DDC4E776->1b229672-9fc1-42d6-9200-214eb0163fc5: receive RaftClientReply:client-7538DDC4E776->1b229672-9fc1-42d6-9200-214eb0163fc5@group-440AB812C07F, cid=2818, SUCCESS, logIndex=4182, commits[1b229672-9fc1-42d6-9200-214eb0163fc5:c4183, 4cc0758a-96f5-4ab9-816d-81d822da247a:c4181, 8693c47f-40a3-4a1c-b7ba-6ed996b9183c:c4181]
2019-07-08 22:29:59,553 INFO  client.GrpcClientProtocolClient (GrpcClientProtocolClient.java:onNext(255)) - client-7538DDC4E776->1b229672-9fc1-42d6-9200-214eb0163fc5: receive RaftClientReply:client-7538DDC4E776->1b229672-9fc1-42d6-9200-214eb0163fc5@group-440AB812C07F, cid=2819, SUCCESS, logIndex=4183, commits[1b229672-9fc1-42d6-9200-214eb0163fc5:c4185, 4cc0758a-96f5-4ab9-816d-81d822da247a:c4181, 8693c47f-40a3-4a1c-b7ba-6ed996b9183c:c4181]
2019-07-08 22:29:59,554 INFO  client.GrpcClientProtocolClient (GrpcClientProtocolClient.java:onNext(255)) - client-7538DDC4E776->1b229672-9fc1-42d6-9200-214eb0163fc5: receive RaftClientReply:client-7538DDC4E776->1b229672-9fc1-42d6-9200-214eb0163fc5@group-440AB812C07F, cid=2820, SUCCESS, logIndex=4184, commits[1b229672-9fc1-42d6-9200-214eb0163fc5:c4185, 4cc0758a-96f5-4ab9-816d-81d822da247a:c4181, 8693c47f-40a3-4a1c-b7ba-6ed996b9183c:c4181]
2019-07-08 22:29:59,554 INFO  client.GrpcClientProtocolClient (GrpcClientProtocolClient.java:onNext(255)) - client-7538DDC4E776->1b229672-9fc1-42d6-9200-214eb0163fc5: receive RaftClientReply:client-7538DDC4E776->1b229672-9fc1-42d6-9200-214eb0163fc5@group-440AB812C07F, cid=2821, SUCCESS, logIndex=4185, commits[1b229672-9fc1-42d6-9200-214eb0163fc5:c4185, 4cc0758a-96f5-4ab9-816d-81d822da247a:c4181, 8693c47f-40a3-4a1c-b7ba-6ed996b9183c:c4181]
2019-07-08 22:29:59,555 INFO  client.GrpcClientProtocolClient (GrpcClientProtocolClient.java:onNext(255)) - client-7538DDC4E776->1b229672-9fc1-42d6-9200-214eb0163fc5: receive RaftClientReply:client-7538DDC4E776->1b229672-9fc1-42d6-9200-214eb0163fc5@group-440AB812C07F, cid=2822, SUCCESS, logIndex=0, commits[1b229672-9fc1-42d6-9200-214eb0163fc5:c4186, 4cc0758a-96f5-4ab9-816d-81d822da247a:c4183, 8693c47f-40a3-4a1c-b7ba-6ed996b9183c:c4183]
2019-07-08 22:29:59,573 INFO  client.GrpcClientProtocolClient (GrpcClientProtocolClient.java:onNext(255)) - client-7538DDC4E776->1b229672-9fc1-42d6-9200-214eb0163fc5: receive RaftClientReply:client-7538DDC4E776->1b229672-9fc1-42d6-9200-214eb0163fc5@group-440AB812C07F, cid=2823, SUCCESS, logIndex=4190, commits[1b229672-9fc1-42d6-9200-214eb0163fc5:c4191, 4cc0758a-96f5-4ab9-816d-81d822da247a:c4189, 8693c47f-40a3-4a1c-b7ba-6ed996b9183c:c4189]
2019-07-08 22:29:59,574 INFO  client.GrpcClientProtocolClient (GrpcClientProtocolClient.java:onNext(255)) - client-7538DDC4E776->1b229672-9fc1-42d6-9200-214eb0163fc5: receive RaftClientReply:client-7538DDC4E776->1b229672-9fc1-42d6-9200-214eb0163fc5@group-440AB812C07F, cid=2824, SUCCESS, logIndex=4191, commits[1b229672-9fc1-42d6-9200-214eb0163fc5:c4191, 4cc0758a-96f5-4ab9-816d-81d822da247a:c4189, 8693c47f-40a3-4a1c-b7ba-6ed996b9183c:c4189]
2019-07-08 22:29:59,588 INFO  client.GrpcClientProtocolClient (GrpcClientProtocolClient.java:onNext(255)) - client-7538DDC4E776->1b229672-9fc1-42d6-9200-214eb0163fc5: receive RaftClientReply:client-7538DDC4E776->1b229672-9fc1-42d6-9200-214eb0163fc5@group-440AB812C07F, cid=2825, SUCCESS, logIndex=4194, commits[1b229672-9fc1-42d6-9200-214eb0163fc5:c4195, 4cc0758a-96f5-4ab9-816d-81d822da247a:c4191, 8693c47f-40a3-4a1c-b7ba-6ed996b9183c:c4191]
2019-07-08 22:29:59,588 INFO  client.GrpcClientProtocolClient (GrpcClientProtocolClient.java:onNext(255)) - client-7538DDC4E776->1b229672-9fc1-42d6-9200-214eb0163fc5: receive RaftClientReply:client-7538DDC4E776->1b229672-9fc1-42d6-9200-214eb0163fc5@group-440AB812C07F, cid=2826, SUCCESS, logIndex=4195, commits[1b229672-9fc1-42d6-9200-214eb0163fc5:c4195, 4cc0758a-96f5-4ab9-816d-81d822da247a:c4191, 8693c47f-40a3-4a1c-b7ba-6ed996b9183c:c4191]
2019-07-08 22:29:59,603 INFO  client.GrpcClientProtocolClient (GrpcClientProtocolClient.java:onNext(255)) - client-7538DDC4E776->1b229672-9fc1-42d6-9200-214eb0163fc5: receive RaftClientReply:client-7538DDC4E776->1b229672-9fc1-42d6-9200-214eb0163fc5@group-440AB812C07F, cid=2827, SUCCESS, logIndex=0, commits[1b229672-9fc1-42d6-9200-214eb0163fc5:c4197, 4cc0758a-96f5-4ab9-816d-81d822da247a:c4195, 8693c47f-40a3-4a1c-b7ba-6ed996b9183c:c4195]
2019-07-08 22:29:59,736 INFO  client.GrpcClientProtocolClient (GrpcClientProtocolClient.java:onNext(255)) - client-7538DDC4E776->1b229672-9fc1-42d6-9200-214eb0163fc5: receive RaftClientReply:client-7538DDC4E776->1b229672-9fc1-42d6-9200-214eb0163fc5@group-440AB812C07F, cid=2828, SUCCESS, logIndex=4198, commits[1b229672-9fc1-42d6-9200-214eb0163fc5:c4199, 4cc0758a-96f5-4ab9-816d-81d822da247a:c4197, 8693c47f-40a3-4a1c-b7ba-6ed996b9183c:c4195]
2019-07-08 22:29:59,737 INFO  client.GrpcClientProtocolClient (GrpcClientProtocolClient.java:onNext(255)) - client-7538DDC4E776->1b229672-9fc1-42d6-9200-214eb0163fc5: receive RaftClientReply:client-7538DDC4E776->1b229672-9fc1-42d6-9200-214eb0163fc5@group-440AB812C07F, cid=2829, SUCCESS, logIndex=4199, commits[1b229672-9fc1-42d6-9200-214eb0163fc5:c4199, 4cc0758a-96f5-4ab9-816d-81d822da247a:c4197, 8693c47f-40a3-4a1c-b7ba-6ed996b9183c:c4195]
2019-07-08 22:29:59,749 INFO  client.GrpcClientProtocolClient (GrpcClientProtocolClient.java:onNext(255)) - client-7538DDC4E776->1b229672-9fc1-42d6-9200-214eb0163fc5: receive RaftClientReply:client-7538DDC4E776->1b229672-9fc1-42d6-9200-214eb0163fc5@group-440AB812C07F, cid=2830, SUCCESS, logIndex=4200, commits[1b229672-9fc1-42d6-9200-214eb0163fc5:c4201, 4cc0758a-96f5-4ab9-816d-81d822da247a:c4197, 8693c47f-40a3-4a1c-b7ba-6ed996b9183c:c4197]
2019-07-08 22:29:59,749 INFO  client.GrpcClientProtocolClient (GrpcClientProtocolClient.java:onNext(255)) - client-7538DDC4E776->1b229672-9fc1-42d6-9200-214eb0163fc5: receive RaftClientReply:client-7538DDC4E776->1b229672-9fc1-42d6-9200-214eb0163fc5@group-440AB812C07F, cid=2831, SUCCESS, logIndex=4201, commits[1b229672-9fc1-42d6-9200-214eb0163fc5:c4202, 4cc0758a-96f5-4ab9-816d-81d822da247a:c4197, 8693c47f-40a3-4a1c-b7ba-6ed996b9183c:c4199]
2019-07-08 22:29:59,750 INFO  client.GrpcClientProtocolClient (GrpcClientProtocolClient.java:onNext(255)) - client-7538DDC4E776->1b229672-9fc1-42d6-9200-214eb0163fc5: receive RaftClientReply:client-7538DDC4E776->1b229672-9fc1-42d6-9200-214eb0163fc5@group-440AB812C07F, cid=2832, SUCCESS, logIndex=0, commits[1b229672-9fc1-42d6-9200-214eb0163fc5:c4203, 4cc0758a-96f5-4ab9-816d-81d822da247a:c4199, 8693c47f-40a3-4a1c-b7ba-6ed996b9183c:c4199]
2019-07-08 22:29:59,770 INFO  client.GrpcClientProtocolClient (GrpcClientProtocolClient.java:onNext(255)) - client-7538DDC4E776->1b229672-9fc1-42d6-9200-214eb0163fc5: receive RaftClientReply:client-7538DDC4E776->1b229672-9fc1-42d6-9200-214eb0163fc5@group-440AB812C07F, cid=2833, SUCCESS, logIndex=4206, commits[1b229672-9fc1-42d6-9200-214eb0163fc5:c4207, 4cc0758a-96f5-4ab9-816d-81d822da247a:c4205, 8693c47f-40a3-4a1c-b7ba-6ed996b9183c:c4205]
2019-07-08 22:29:59,771 INFO  client.GrpcClientProtocolClient (GrpcClientProtocolClient.java:onNext(255)) - client-7538DDC4E776->1b229672-9fc1-42d6-9200-214eb0163fc5: receive RaftClientReply:client-7538DDC4E776->1b229672-9fc1-42d6-9200-214eb0163fc5@group-440AB812C07F, cid=2834, SUCCESS, logIndex=4207, commits[1b229672-9fc1-42d6-9200-214eb0163fc5:c4207, 4cc0758a-96f5-4ab9-816d-81d822da247a:c4205, 8693c47f-40a3-4a1c-b7ba-6ed996b9183c:c4205]
2019-07-08 22:29:59,791 INFO  client.GrpcClientProtocolClient (GrpcClientProtocolClient.java:onNext(255)) - client-7538DDC4E776->1b229672-9fc1-42d6-9200-214eb0163fc5: receive RaftClientReply:client-7538DDC4E776->1b229672-9fc1-42d6-9200-214eb0163fc5@group-440AB812C07F, cid=2835, SUCCESS, logIndex=4210, commits[1b229672-9fc1-42d6-9200-214eb0163fc5:c4211, 4cc0758a-96f5-4ab9-816d-81d822da247a:c4207, 8693c47f-40a3-4a1c-b7ba-6ed996b9183c:c4208]
2019-07-08 22:29:59,792 INFO  client.GrpcClientProtocolClient (GrpcClientProtocolClient.java:onNext(255)) - client-7538DDC4E776->1b229672-9fc1-42d6-9200-214eb0163fc5: receive RaftClientReply:client-7538DDC4E776->1b229672-9fc1-42d6-9200-214eb0163fc5@group-440AB812C07F, cid=2836, SUCCESS, logIndex=4211, commits[1b229672-9fc1-42d6-9200-214eb0163fc5:c4211, 4cc0758a-96f5-4ab9-816d-81d822da247a:c4208, 8693c47f-40a3-4a1c-b7ba-6ed996b9183c:c4208]
2019-07-08 22:29:59,793 INFO  client.GrpcClientProtocolClient (GrpcClientProtocolClient.java:onNext(255)) - client-7538DDC4E776->1b229672-9fc1-42d6-9200-214eb0163fc5: receive RaftClientReply:client-7538DDC4E776->1b229672-9fc1-42d6-9200-214eb0163fc5@group-440AB812C07F, cid=2837, SUCCESS, logIndex=0, commits[1b229672-9fc1-42d6-9200-214eb0163fc5:c4212, 4cc0758a-96f5-4ab9-816d-81d822da247a:c4211, 8693c47f-40a3-4a1c-b7ba-6ed996b9183c:c4211]
2019-07-08 22:29:59,821 INFO  client.GrpcClientProtocolClient (GrpcClientProtocolClient.java:onNext(255)) - client-7538DDC4E776->1b229672-9fc1-42d6-9200-214eb0163fc5: receive RaftClientReply:client-7538DDC4E776->1b229672-9fc1-42d6-9200-214eb0163fc5@group-440AB812C07F, cid=2838, SUCCESS, logIndex=4214, commits[1b229672-9fc1-42d6-9200-214eb0163fc5:c4215, 4cc0758a-96f5-4ab9-816d-81d822da247a:c4213, 8693c47f-40a3-4a1c-b7ba-6ed996b9183c:c4213]
2019-07-08 22:29:59,822 INFO  client.GrpcClientProtocolClient (GrpcClientProtocolClient.java:onNext(255)) - client-7538DDC4E776->1b229672-9fc1-42d6-9200-214eb0163fc5: receive RaftClientReply:client-7538DDC4E776->1b229672-9fc1-42d6-9200-214eb0163fc5@group-440AB812C07F, cid=2839, SUCCESS, logIndex=4215, commits[1b229672-9fc1-42d6-9200-214eb0163fc5:c4215, 4cc0758a-96f5-4ab9-816d-81d822da247a:c4213, 8693c47f-40a3-4a1c-b7ba-6ed996b9183c:c4213]
2019-07-08 22:29:59,822 INFO  client.GrpcClientProtocolClient (GrpcClientProtocolClient.java:onNext(255)) - client-7538DDC4E776->1b229672-9fc1-42d6-9200-214eb0163fc5: receive RaftClientReply:client-7538DDC4E776->1b229672-9fc1-42d6-9200-214eb0163fc5@group-440AB812C07F, cid=2840, SUCCESS, logIndex=4216, commits[1b229672-9fc1-42d6-9200-214eb0163fc5:c4217, 4cc0758a-96f5-4ab9-816d-81d822da247a:c4213, 8693c47f-40a3-4a1c-b7ba-6ed996b9183c:c4213]
2019-07-08 22:29:59,823 INFO  client.GrpcClientProtocolClient (GrpcClientProtocolClient.java:onNext(255)) - client-7538DDC4E776->1b229672-9fc1-42d6-9200-214eb0163fc5: receive RaftClientReply:client-7538DDC4E776->1b229672-9fc1-42d6-9200-214eb0163fc5@group-440AB812C07F, cid=2841, SUCCESS, logIndex=4217, commits[1b229672-9fc1-42d6-9200-214eb0163fc5:c4217, 4cc0758a-96f5-4ab9-816d-81d822da247a:c4213, 8693c47f-40a3-4a1c-b7ba-6ed996b9183c:c4213]
2019-07-08 22:29:59,836 INFO  client.GrpcClientProtocolClient (GrpcClientProtocolClient.java:onNext(255)) - client-7538DDC4E776->1b229672-9fc1-42d6-9200-214eb0163fc5: receive RaftClientReply:client-7538DDC4E776->1b229672-9fc1-42d6-9200-214eb0163fc5@group-440AB812C07F, cid=2842, SUCCESS, logIndex=0, commits[1b229672-9fc1-42d6-9200-214eb0163fc5:c4219, 4cc0758a-96f5-4ab9-816d-81d822da247a:c4215, 8693c47f-40a3-4a1c-b7ba-6ed996b9183c:c4215]
2019-07-08 22:29:59,855 INFO  client.GrpcClientProtocolClient (GrpcClientProtocolClient.java:onNext(255)) - client-7538DDC4E776->1b229672-9fc1-42d6-9200-214eb0163fc5: receive RaftClientReply:client-7538DDC4E776->1b229672-9fc1-42d6-9200-214eb0163fc5@group-440AB812C07F, cid=2843, SUCCESS, logIndex=4221, commits[1b229672-9fc1-42d6-9200-214eb0163fc5:c4222, 4cc0758a-96f5-4ab9-816d-81d822da247a:c4220, 8693c47f-40a3-4a1c-b7ba-6ed996b9183c:c4220]
2019-07-08 22:29:59,855 INFO  client.GrpcClientProtocolClient (GrpcClientProtocolClient.java:onNext(255)) - client-7538DDC4E776->1b229672-9fc1-42d6-9200-214eb0163fc5: receive RaftClientReply:client-7538DDC4E776->1b229672-9fc1-42d6-9200-214eb0163fc5@group-440AB812C07F, cid=2844, SUCCESS, logIndex=4222, commits[1b229672-9fc1-42d6-9200-214eb0163fc5:c4222, 4cc0758a-96f5-4ab9-816d-81d822da247a:c4220, 8693c47f-40a3-4a1c-b7ba-6ed996b9183c:c4220]
 0.00% |█                                                                                                    |  0/1 Time: 0:00:262019-07-08 22:29:59,870 INFO  client.GrpcClientProtocolClient (GrpcClientProtocolClient.java:onNext(255)) - client-7538DDC4E776->1b229672-9fc1-42d6-9200-214eb0163fc5: receive RaftClientReply:client-7538DDC4E776->1b229672-9fc1-42d6-9200-214eb0163fc5@group-440AB812C07F, cid=2845, SUCCESS, logIndex=4225, commits[1b229672-9fc1-42d6-9200-214eb0163fc5:c4226, 4cc0758a-96f5-4ab9-816d-81d822da247a:c4222, 8693c47f-40a3-4a1c-b7ba-6ed996b9183c:c4222]
2019-07-08 22:29:59,870 INFO  client.GrpcClientProtocolClient (GrpcClientProtocolClient.java:onNext(255)) - client-7538DDC4E776->1b229672-9fc1-42d6-9200-214eb0163fc5: receive RaftClientReply:client-7538DDC4E776->1b229672-9fc1-42d6-9200-214eb0163fc5@group-440AB812C07F, cid=2846, SUCCESS, logIndex=4226, commits[1b229672-9fc1-42d6-9200-214eb0163fc5:c4226, 4cc0758a-96f5-4ab9-816d-81d822da247a:c4222, 8693c47f-40a3-4a1c-b7ba-6ed996b9183c:c4222]
2019-07-08 22:29:59,883 INFO  client.GrpcClientProtocolClient (GrpcClientProtocolClient.java:onNext(255)) - client-7538DDC4E776->1b229672-9fc1-42d6-9200-214eb0163fc5: receive RaftClientReply:client-7538DDC4E776->1b229672-9fc1-42d6-9200-214eb0163fc5@group-440AB812C07F, cid=2847, SUCCESS, logIndex=0, commits[1b229672-9fc1-42d6-9200-214eb0163fc5:c4227, 4cc0758a-96f5-4ab9-816d-81d822da247a:c4226, 8693c47f-40a3-4a1c-b7ba-6ed996b9183c:c4226]
2019-07-08 22:29:59,910 INFO  client.GrpcClientProtocolClient (GrpcClientProtocolClient.java:onNext(255)) - client-7538DDC4E776->1b229672-9fc1-42d6-9200-214eb0163fc5: receive RaftClientReply:client-7538DDC4E776->1b229672-9fc1-42d6-9200-214eb0163fc5@group-440AB812C07F, cid=2848, SUCCESS, logIndex=4229, commits[1b229672-9fc1-42d6-9200-214eb0163fc5:c4231, 4cc0758a-96f5-4ab9-816d-81d822da247a:c4228, 8693c47f-40a3-4a1c-b7ba-6ed996b9183c:c4228]
2019-07-08 22:29:59,910 INFO  client.GrpcClientProtocolClient (GrpcClientProtocolClient.java:onNext(255)) - client-7538DDC4E776->1b229672-9fc1-42d6-9200-214eb0163fc5: receive RaftClientReply:client-7538DDC4E776->1b229672-9fc1-42d6-9200-214eb0163fc5@group-440AB812C07F, cid=2849, SUCCESS, logIndex=4230, commits[1b229672-9fc1-42d6-9200-214eb0163fc5:c4232, 4cc0758a-96f5-4ab9-816d-81d822da247a:c4228, 8693c47f-40a3-4a1c-b7ba-6ed996b9183c:c4228]
2019-07-08 22:29:59,911 INFO  client.GrpcClientProtocolClient (GrpcClientProtocolClient.java:onNext(255)) - client-7538DDC4E776->1b229672-9fc1-42d6-9200-214eb0163fc5: receive RaftClientReply:client-7538DDC4E776->1b229672-9fc1-42d6-9200-214eb0163fc5@group-440AB812C07F, cid=2850, SUCCESS, logIndex=4231, commits[1b229672-9fc1-42d6-9200-214eb0163fc5:c4232, 4cc0758a-96f5-4ab9-816d-81d822da247a:c4228, 8693c47f-40a3-4a1c-b7ba-6ed996b9183c:c4228]
2019-07-08 22:29:59,911 INFO  client.GrpcClientProtocolClient (GrpcClientProtocolClient.java:onNext(255)) - client-7538DDC4E776->1b229672-9fc1-42d6-9200-214eb0163fc5: receive RaftClientReply:client-7538DDC4E776->1b229672-9fc1-42d6-9200-214eb0163fc5@group-440AB812C07F, cid=2851, SUCCESS, logIndex=4232, commits[1b229672-9fc1-42d6-9200-214eb0163fc5:c4232, 4cc0758a-96f5-4ab9-816d-81d822da247a:c4228, 8693c47f-40a3-4a1c-b7ba-6ed996b9183c:c4228]
2019-07-08 22:29:59,915 INFO  client.GrpcClientProtocolClient (GrpcClientProtocolClient.java:onNext(255)) - client-7538DDC4E776->1b229672-9fc1-42d6-9200-214eb0163fc5: receive RaftClientReply:client-7538DDC4E776->1b229672-9fc1-42d6-9200-214eb0163fc5@group-440AB812C07F, cid=2852, SUCCESS, logIndex=0, commits[1b229672-9fc1-42d6-9200-214eb0163fc5:c4235, 4cc0758a-96f5-4ab9-816d-81d822da247a:c4230, 8693c47f-40a3-4a1c-b7ba-6ed996b9183c:c4231]
2019-07-08 22:29:59,934 INFO  client.GrpcClientProtocolClient (GrpcClientProtocolClient.java:onNext(255)) - client-7538DDC4E776->1b229672-9fc1-42d6-9200-214eb0163fc5: receive RaftClientReply:client-7538DDC4E776->1b229672-9fc1-42d6-9200-214eb0163fc5@group-440AB812C07F, cid=2853, SUCCESS, logIndex=4237, commits[1b229672-9fc1-42d6-9200-214eb0163fc5:c4238, 4cc0758a-96f5-4ab9-816d-81d822da247a:c4236, 8693c47f-40a3-4a1c-b7ba-6ed996b9183c:c4236]
2019-07-08 22:29:59,934 INFO  client.GrpcClientProtocolClient (GrpcClientProtocolClient.java:onNext(255)) - client-7538DDC4E776->1b229672-9fc1-42d6-9200-214eb0163fc5: receive RaftClientReply:client-7538DDC4E776->1b229672-9fc1-42d6-9200-214eb0163fc5@group-440AB812C07F, cid=2854, SUCCESS, logIndex=4238, commits[1b229672-9fc1-42d6-9200-214eb0163fc5:c4238, 4cc0758a-96f5-4ab9-816d-81d822da247a:c4236, 8693c47f-40a3-4a1c-b7ba-6ed996b9183c:c4236]
2019-07-08 22:29:59,948 INFO  client.GrpcClientProtocolClient (GrpcClientProtocolClient.java:onNext(255)) - client-7538DDC4E776->1b229672-9fc1-42d6-9200-214eb0163fc5: receive RaftClientReply:client-7538DDC4E776->1b229672-9fc1-42d6-9200-214eb0163fc5@group-440AB812C07F, cid=2855, SUCCESS, logIndex=4241, commits[1b229672-9fc1-42d6-9200-214eb0163fc5:c4241, 4cc0758a-96f5-4ab9-816d-81d822da247a:c4238, 8693c47f-40a3-4a1c-b7ba-6ed996b9183c:c4238]
2019-07-08 22:29:59,949 INFO  client.GrpcClientProtocolClient (GrpcClientProtocolClient.java:onNext(255)) - client-7538DDC4E776->1b229672-9fc1-42d6-9200-214eb0163fc5: receive RaftClientReply:client-7538DDC4E776->1b229672-9fc1-42d6-9200-214eb0163fc5@group-440AB812C07F, cid=2856, SUCCESS, logIndex=4242, commits[1b229672-9fc1-42d6-9200-214eb0163fc5:c4242, 4cc0758a-96f5-4ab9-816d-81d822da247a:c4238, 8693c47f-40a3-4a1c-b7ba-6ed996b9183c:c4238]
2019-07-08 22:29:59,966 INFO  client.GrpcClientProtocolClient (GrpcClientProtocolClient.java:onNext(255)) - client-7538DDC4E776->1b229672-9fc1-42d6-9200-214eb0163fc5: receive RaftClientReply:client-7538DDC4E776->1b229672-9fc1-42d6-9200-214eb0163fc5@group-440AB812C07F, cid=2857, SUCCESS, logIndex=0, commits[1b229672-9fc1-42d6-9200-214eb0163fc5:c4244, 4cc0758a-96f5-4ab9-816d-81d822da247a:c4242, 8693c47f-40a3-4a1c-b7ba-6ed996b9183c:c4242]
2019-07-08 22:29:59,996 INFO  client.GrpcClientProtocolClient (GrpcClientProtocolClient.java:onNext(255)) - client-7538DDC4E776->1b229672-9fc1-42d6-9200-214eb0163fc5: receive RaftClientReply:client-7538DDC4E776->1b229672-9fc1-42d6-9200-214eb0163fc5@group-440AB812C07F, cid=2858, SUCCESS, logIndex=4245, commits[1b229672-9fc1-42d6-9200-214eb0163fc5:c4248, 4cc0758a-96f5-4ab9-816d-81d822da247a:c4242, 8693c47f-40a3-4a1c-b7ba-6ed996b9183c:c4244]
2019-07-08 22:29:59,997 INFO  client.GrpcClientProtocolClient (GrpcClientProtocolClient.java:onNext(255)) - client-7538DDC4E776->1b229672-9fc1-42d6-9200-214eb0163fc5: receive RaftClientReply:client-7538DDC4E776->1b229672-9fc1-42d6-9200-214eb0163fc5@group-440AB812C07F, cid=2859, SUCCESS, logIndex=4246, commits[1b229672-9fc1-42d6-9200-214eb0163fc5:c4248, 4cc0758a-96f5-4ab9-816d-81d822da247a:c4244, 8693c47f-40a3-4a1c-b7ba-6ed996b9183c:c4244]
2019-07-08 22:29:59,997 INFO  client.GrpcClientProtocolClient (GrpcClientProtocolClient.java:onNext(255)) - client-7538DDC4E776->1b229672-9fc1-42d6-9200-214eb0163fc5: receive RaftClientReply:client-7538DDC4E776->1b229672-9fc1-42d6-9200-214eb0163fc5@group-440AB812C07F, cid=2860, SUCCESS, logIndex=4247, commits[1b229672-9fc1-42d6-9200-214eb0163fc5:c4248, 4cc0758a-96f5-4ab9-816d-81d822da247a:c4244, 8693c47f-40a3-4a1c-b7ba-6ed996b9183c:c4244]
2019-07-08 22:29:59,997 INFO  client.GrpcClientProtocolClient (GrpcClientProtocolClient.java:onNext(255)) - client-7538DDC4E776->1b229672-9fc1-42d6-9200-214eb0163fc5: receive RaftClientReply:client-7538DDC4E776->1b229672-9fc1-42d6-9200-214eb0163fc5@group-440AB812C07F, cid=2861, SUCCESS, logIndex=4248, commits[1b229672-9fc1-42d6-9200-214eb0163fc5:c4248, 4cc0758a-96f5-4ab9-816d-81d822da247a:c4244, 8693c47f-40a3-4a1c-b7ba-6ed996b9183c:c4244]
2019-07-08 22:30:00,015 INFO  client.GrpcClientProtocolClient (GrpcClientProtocolClient.java:onNext(255)) - client-7538DDC4E776->1b229672-9fc1-42d6-9200-214eb0163fc5: receive RaftClientReply:client-7538DDC4E776->1b229672-9fc1-42d6-9200-214eb0163fc5@group-440AB812C07F, cid=2862, SUCCESS, logIndex=0, commits[1b229672-9fc1-42d6-9200-214eb0163fc5:c4249, 4cc0758a-96f5-4ab9-816d-81d822da247a:c4247, 8693c47f-40a3-4a1c-b7ba-6ed996b9183c:c4247]
2019-07-08 22:30:00,029 INFO  client.GrpcClientProtocolClient (GrpcClientProtocolClient.java:onNext(255)) - client-7538DDC4E776->1b229672-9fc1-42d6-9200-214eb0163fc5: receive RaftClientReply:client-7538DDC4E776->1b229672-9fc1-42d6-9200-214eb0163fc5@group-440AB812C07F, cid=2863, SUCCESS, logIndex=4252, commits[1b229672-9fc1-42d6-9200-214eb0163fc5:c4253, 4cc0758a-96f5-4ab9-816d-81d822da247a:c4251, 8693c47f-40a3-4a1c-b7ba-6ed996b9183c:c4251]
2019-07-08 22:30:00,029 INFO  client.GrpcClientProtocolClient (GrpcClientProtocolClient.java:onNext(255)) - client-7538DDC4E776->1b229672-9fc1-42d6-9200-214eb0163fc5: receive RaftClientReply:client-7538DDC4E776->1b229672-9fc1-42d6-9200-214eb0163fc5@group-440AB812C07F, cid=2864, SUCCESS, logIndex=4253, commits[1b229672-9fc1-42d6-9200-214eb0163fc5:c4253, 4cc0758a-96f5-4ab9-816d-81d822da247a:c4251, 8693c47f-40a3-4a1c-b7ba-6ed996b9183c:c4251]
2019-07-08 22:30:00,044 INFO  client.GrpcClientProtocolClient (GrpcClientProtocolClient.java:onNext(255)) - client-7538DDC4E776->1b229672-9fc1-42d6-9200-214eb0163fc5: receive RaftClientReply:client-7538DDC4E776->1b229672-9fc1-42d6-9200-214eb0163fc5@group-440AB812C07F, cid=2865, SUCCESS, logIndex=4256, commits[1b229672-9fc1-42d6-9200-214eb0163fc5:c4257, 4cc0758a-96f5-4ab9-816d-81d822da247a:c4253, 8693c47f-40a3-4a1c-b7ba-6ed996b9183c:c4253]
2019-07-08 22:30:00,044 INFO  client.GrpcClientProtocolClient (GrpcClientProtocolClient.java:onNext(255)) - client-7538DDC4E776->1b229672-9fc1-42d6-9200-214eb0163fc5: receive RaftClientReply:client-7538DDC4E776->1b229672-9fc1-42d6-9200-214eb0163fc5@group-440AB812C07F, cid=2866, SUCCESS, logIndex=4257, commits[1b229672-9fc1-42d6-9200-214eb0163fc5:c4257, 4cc0758a-96f5-4ab9-816d-81d822da247a:c4253, 8693c47f-40a3-4a1c-b7ba-6ed996b9183c:c4253]
2019-07-08 22:30:00,059 INFO  client.GrpcClientProtocolClient (GrpcClientProtocolClient.java:onNext(255)) - client-7538DDC4E776->1b229672-9fc1-42d6-9200-214eb0163fc5: receive RaftClientReply:client-7538DDC4E776->1b229672-9fc1-42d6-9200-214eb0163fc5@group-440AB812C07F, cid=2867, SUCCESS, logIndex=0, commits[1b229672-9fc1-42d6-9200-214eb0163fc5:c4259, 4cc0758a-96f5-4ab9-816d-81d822da247a:c4257, 8693c47f-40a3-4a1c-b7ba-6ed996b9183c:c4257]
2019-07-08 22:30:00,091 INFO  client.GrpcClientProtocolClient (GrpcClientProtocolClient.java:onNext(255)) - client-7538DDC4E776->1b229672-9fc1-42d6-9200-214eb0163fc5: receive RaftClientReply:client-7538DDC4E776->1b229672-9fc1-42d6-9200-214eb0163fc5@group-440AB812C07F, cid=2868, SUCCESS, logIndex=4260, commits[1b229672-9fc1-42d6-9200-214eb0163fc5:c4262, 4cc0758a-96f5-4ab9-816d-81d822da247a:c4259, 8693c47f-40a3-4a1c-b7ba-6ed996b9183c:c4259]
2019-07-08 22:30:00,092 INFO  client.GrpcClientProtocolClient (GrpcClientProtocolClient.java:onNext(255)) - client-7538DDC4E776->1b229672-9fc1-42d6-9200-214eb0163fc5: receive RaftClientReply:client-7538DDC4E776->1b229672-9fc1-42d6-9200-214eb0163fc5@group-440AB812C07F, cid=2869, SUCCESS, logIndex=4261, commits[1b229672-9fc1-42d6-9200-214eb0163fc5:c4263, 4cc0758a-96f5-4ab9-816d-81d822da247a:c4259, 8693c47f-40a3-4a1c-b7ba-6ed996b9183c:c4259]
2019-07-08 22:30:00,092 INFO  client.GrpcClientProtocolClient (GrpcClientProtocolClient.java:onNext(255)) - client-7538DDC4E776->1b229672-9fc1-42d6-9200-214eb0163fc5: receive RaftClientReply:client-7538DDC4E776->1b229672-9fc1-42d6-9200-214eb0163fc5@group-440AB812C07F, cid=2870, SUCCESS, logIndex=4262, commits[1b229672-9fc1-42d6-9200-214eb0163fc5:c4263, 4cc0758a-96f5-4ab9-816d-81d822da247a:c4259, 8693c47f-40a3-4a1c-b7ba-6ed996b9183c:c4259]
2019-07-08 22:30:00,092 INFO  client.GrpcClientProtocolClient (GrpcClientProtocolClient.java:onNext(255)) - client-7538DDC4E776->1b229672-9fc1-42d6-9200-214eb0163fc5: receive RaftClientReply:client-7538DDC4E776->1b229672-9fc1-42d6-9200-214eb0163fc5@group-440AB812C07F, cid=2871, SUCCESS, logIndex=4263, commits[1b229672-9fc1-42d6-9200-214eb0163fc5:c4263, 4cc0758a-96f5-4ab9-816d-81d822da247a:c4259, 8693c47f-40a3-4a1c-b7ba-6ed996b9183c:c4259]
2019-07-08 22:30:00,095 INFO  client.GrpcClientProtocolClient (GrpcClientProtocolClient.java:onNext(255)) - client-7538DDC4E776->1b229672-9fc1-42d6-9200-214eb0163fc5: receive RaftClientReply:client-7538DDC4E776->1b229672-9fc1-42d6-9200-214eb0163fc5@group-440AB812C07F, cid=2872, SUCCESS, logIndex=0, commits[1b229672-9fc1-42d6-9200-214eb0163fc5:c4266, 4cc0758a-96f5-4ab9-816d-81d822da247a:c4262, 8693c47f-40a3-4a1c-b7ba-6ed996b9183c:c4262]
2019-07-08 22:30:00,106 INFO  client.GrpcClientProtocolClient (GrpcClientProtocolClient.java:onNext(255)) - client-7538DDC4E776->1b229672-9fc1-42d6-9200-214eb0163fc5: receive RaftClientReply:client-7538DDC4E776->1b229672-9fc1-42d6-9200-214eb0163fc5@group-440AB812C07F, cid=2873, SUCCESS, logIndex=4268, commits[1b229672-9fc1-42d6-9200-214eb0163fc5:c4269, 4cc0758a-96f5-4ab9-816d-81d822da247a:c4263, 8693c47f-40a3-4a1c-b7ba-6ed996b9183c:c4267]
2019-07-08 22:30:00,107 INFO  client.GrpcClientProtocolClient (GrpcClientProtocolClient.java:onNext(255)) - client-7538DDC4E776->1b229672-9fc1-42d6-9200-214eb0163fc5: receive RaftClientReply:client-7538DDC4E776->1b229672-9fc1-42d6-9200-214eb0163fc5@group-440AB812C07F, cid=2874, SUCCESS, logIndex=4269, commits[1b229672-9fc1-42d6-9200-214eb0163fc5:c4269, 4cc0758a-96f5-4ab9-816d-81d822da247a:c4267, 8693c47f-40a3-4a1c-b7ba-6ed996b9183c:c4267]
2019-07-08 22:30:00,125 INFO  client.GrpcClientProtocolClient (GrpcClientProtocolClient.java:onNext(255)) - client-7538DDC4E776->1b229672-9fc1-42d6-9200-214eb0163fc5: receive RaftClientReply:client-7538DDC4E776->1b229672-9fc1-42d6-9200-214eb0163fc5@group-440AB812C07F, cid=2875, SUCCESS, logIndex=4272, commits[1b229672-9fc1-42d6-9200-214eb0163fc5:c4273, 4cc0758a-96f5-4ab9-816d-81d822da247a:c4270, 8693c47f-40a3-4a1c-b7ba-6ed996b9183c:c4270]
2019-07-08 22:30:00,125 INFO  client.GrpcClientProtocolClient (GrpcClientProtocolClient.java:onNext(255)) - client-7538DDC4E776->1b229672-9fc1-42d6-9200-214eb0163fc5: receive RaftClientReply:client-7538DDC4E776->1b229672-9fc1-42d6-9200-214eb0163fc5@group-440AB812C07F, cid=2876, SUCCESS, logIndex=4273, commits[1b229672-9fc1-42d6-9200-214eb0163fc5:c4273, 4cc0758a-96f5-4ab9-816d-81d822da247a:c4270, 8693c47f-40a3-4a1c-b7ba-6ed996b9183c:c4270]
2019-07-08 22:30:00,139 INFO  client.GrpcClientProtocolClient (GrpcClientProtocolClient.java:onNext(255)) - client-7538DDC4E776->1b229672-9fc1-42d6-9200-214eb0163fc5: receive RaftClientReply:client-7538DDC4E776->1b229672-9fc1-42d6-9200-214eb0163fc5@group-440AB812C07F, cid=2877, SUCCESS, logIndex=0, commits[1b229672-9fc1-42d6-9200-214eb0163fc5:c4275, 4cc0758a-96f5-4ab9-816d-81d822da247a:c4273, 8693c47f-40a3-4a1c-b7ba-6ed996b9183c:c4273]
2019-07-08 22:30:00,215 INFO  client.GrpcClientProtocolClient (GrpcClientProtocolClient.java:onNext(255)) - client-7538DDC4E776->1b229672-9fc1-42d6-9200-214eb0163fc5: receive RaftClientReply:client-7538DDC4E776->1b229672-9fc1-42d6-9200-214eb0163fc5@group-440AB812C07F, cid=2878, SUCCESS, logIndex=4276, commits[1b229672-9fc1-42d6-9200-214eb0163fc5:c4277, 4cc0758a-96f5-4ab9-816d-81d822da247a:c4275, 8693c47f-40a3-4a1c-b7ba-6ed996b9183c:c4275]
2019-07-08 22:30:00,216 INFO  client.GrpcClientProtocolClient (GrpcClientProtocolClient.java:onNext(255)) - client-7538DDC4E776->1b229672-9fc1-42d6-9200-214eb0163fc5: receive RaftClientReply:client-7538DDC4E776->1b229672-9fc1-42d6-9200-214eb0163fc5@group-440AB812C07F, cid=2879, SUCCESS, logIndex=4277, commits[1b229672-9fc1-42d6-9200-214eb0163fc5:c4279, 4cc0758a-96f5-4ab9-816d-81d822da247a:c4275, 8693c47f-40a3-4a1c-b7ba-6ed996b9183c:c4275]
2019-07-08 22:30:00,217 INFO  client.GrpcClientProtocolClient (GrpcClientProtocolClient.java:onNext(255)) - client-7538DDC4E776->1b229672-9fc1-42d6-9200-214eb0163fc5: receive RaftClientReply:client-7538DDC4E776->1b229672-9fc1-42d6-9200-214eb0163fc5@group-440AB812C07F, cid=2880, SUCCESS, logIndex=4278, commits[1b229672-9fc1-42d6-9200-214eb0163fc5:c4279, 4cc0758a-96f5-4ab9-816d-81d822da247a:c4275, 8693c47f-40a3-4a1c-b7ba-6ed996b9183c:c4275]
2019-07-08 22:30:00,217 INFO  client.GrpcClientProtocolClient (GrpcClientProtocolClient.java:onNext(255)) - client-7538DDC4E776->1b229672-9fc1-42d6-9200-214eb0163fc5: receive RaftClientReply:client-7538DDC4E776->1b229672-9fc1-42d6-9200-214eb0163fc5@group-440AB812C07F, cid=2881, SUCCESS, logIndex=4279, commits[1b229672-9fc1-42d6-9200-214eb0163fc5:c4280, 4cc0758a-96f5-4ab9-816d-81d822da247a:c4276, 8693c47f-40a3-4a1c-b7ba-6ed996b9183c:c4276]
2019-07-08 22:30:00,219 INFO  client.GrpcClientProtocolClient (GrpcClientProtocolClient.java:onNext(255)) - client-7538DDC4E776->1b229672-9fc1-42d6-9200-214eb0163fc5: receive RaftClientReply:client-7538DDC4E776->1b229672-9fc1-42d6-9200-214eb0163fc5@group-440AB812C07F, cid=2882, SUCCESS, logIndex=0, commits[1b229672-9fc1-42d6-9200-214eb0163fc5:c4281, 4cc0758a-96f5-4ab9-816d-81d822da247a:c4277, 8693c47f-40a3-4a1c-b7ba-6ed996b9183c:c4277]
2019-07-08 22:30:00,233 INFO  client.GrpcClientProtocolClient (GrpcClientProtocolClient.java:onNext(255)) - client-7538DDC4E776->1b229672-9fc1-42d6-9200-214eb0163fc5: receive RaftClientReply:client-7538DDC4E776->1b229672-9fc1-42d6-9200-214eb0163fc5@group-440AB812C07F, cid=2883, SUCCESS, logIndex=4283, commits[1b229672-9fc1-42d6-9200-214eb0163fc5:c4284, 4cc0758a-96f5-4ab9-816d-81d822da247a:c4279, 8693c47f-40a3-4a1c-b7ba-6ed996b9183c:c4282]
2019-07-08 22:30:00,233 INFO  client.GrpcClientProtocolClient (GrpcClientProtocolClient.java:onNext(255)) - client-7538DDC4E776->1b229672-9fc1-42d6-9200-214eb0163fc5: receive RaftClientReply:client-7538DDC4E776->1b229672-9fc1-42d6-9200-214eb0163fc5@group-440AB812C07F, cid=2884, SUCCESS, logIndex=4284, commits[1b229672-9fc1-42d6-9200-214eb0163fc5:c4284, 4cc0758a-96f5-4ab9-816d-81d822da247a:c4282, 8693c47f-40a3-4a1c-b7ba-6ed996b9183c:c4282]
2019-07-08 22:30:00,270 INFO  client.GrpcClientProtocolClient (GrpcClientProtocolClient.java:onNext(255)) - client-7538DDC4E776->1b229672-9fc1-42d6-9200-214eb0163fc5: receive RaftClientReply:client-7538DDC4E776->1b229672-9fc1-42d6-9200-214eb0163fc5@group-440AB812C07F, cid=2885, SUCCESS, logIndex=4286, commits[1b229672-9fc1-42d6-9200-214eb0163fc5:c4287, 4cc0758a-96f5-4ab9-816d-81d822da247a:c4285, 8693c47f-40a3-4a1c-b7ba-6ed996b9183c:c4285]
2019-07-08 22:30:00,271 INFO  client.GrpcClientProtocolClient (GrpcClientProtocolClient.java:onNext(255)) - client-7538DDC4E776->1b229672-9fc1-42d6-9200-214eb0163fc5: receive RaftClientReply:client-7538DDC4E776->1b229672-9fc1-42d6-9200-214eb0163fc5@group-440AB812C07F, cid=2886, SUCCESS, logIndex=4287, commits[1b229672-9fc1-42d6-9200-214eb0163fc5:c4287, 4cc0758a-96f5-4ab9-816d-81d822da247a:c4285, 8693c47f-40a3-4a1c-b7ba-6ed996b9183c:c4285]
2019-07-08 22:30:00,272 INFO  client.GrpcClientProtocolClient (GrpcClientProtocolClient.java:onNext(255)) - client-7538DDC4E776->1b229672-9fc1-42d6-9200-214eb0163fc5: receive RaftClientReply:client-7538DDC4E776->1b229672-9fc1-42d6-9200-214eb0163fc5@group-440AB812C07F, cid=2887, SUCCESS, logIndex=0, commits[1b229672-9fc1-42d6-9200-214eb0163fc5:c4288, 4cc0758a-96f5-4ab9-816d-81d822da247a:c4287, 8693c47f-40a3-4a1c-b7ba-6ed996b9183c:c4287]
2019-07-08 22:30:00,307 INFO  client.GrpcClientProtocolClient (GrpcClientProtocolClient.java:onNext(255)) - client-7538DDC4E776->1b229672-9fc1-42d6-9200-214eb0163fc5: receive RaftClientReply:client-7538DDC4E776->1b229672-9fc1-42d6-9200-214eb0163fc5@group-440AB812C07F, cid=2888, SUCCESS, logIndex=4290, commits[1b229672-9fc1-42d6-9200-214eb0163fc5:c4291, 4cc0758a-96f5-4ab9-816d-81d822da247a:c4289, 8693c47f-40a3-4a1c-b7ba-6ed996b9183c:c4289]
2019-07-08 22:30:00,308 INFO  client.GrpcClientProtocolClient (GrpcClientProtocolClient.java:onNext(255)) - client-7538DDC4E776->1b229672-9fc1-42d6-9200-214eb0163fc5: receive RaftClientReply:client-7538DDC4E776->1b229672-9fc1-42d6-9200-214eb0163fc5@group-440AB812C07F, cid=2889, SUCCESS, logIndex=4291, commits[1b229672-9fc1-42d6-9200-214eb0163fc5:c4291, 4cc0758a-96f5-4ab9-816d-81d822da247a:c4289, 8693c47f-40a3-4a1c-b7ba-6ed996b9183c:c4289]
2019-07-08 22:30:00,310 INFO  client.GrpcClientProtocolClient (GrpcClientProtocolClient.java:onNext(255)) - client-7538DDC4E776->1b229672-9fc1-42d6-9200-214eb0163fc5: receive RaftClientReply:client-7538DDC4E776->1b229672-9fc1-42d6-9200-214eb0163fc5@group-440AB812C07F, cid=2890, SUCCESS, logIndex=4292, commits[1b229672-9fc1-42d6-9200-214eb0163fc5:c4293, 4cc0758a-96f5-4ab9-816d-81d822da247a:c4289, 8693c47f-40a3-4a1c-b7ba-6ed996b9183c:c4289]
2019-07-08 22:30:00,310 INFO  client.GrpcClientProtocolClient (GrpcClientProtocolClient.java:onNext(255)) - client-7538DDC4E776->1b229672-9fc1-42d6-9200-214eb0163fc5: receive RaftClientReply:client-7538DDC4E776->1b229672-9fc1-42d6-9200-214eb0163fc5@group-440AB812C07F, cid=2891, SUCCESS, logIndex=4293, commits[1b229672-9fc1-42d6-9200-214eb0163fc5:c4293, 4cc0758a-96f5-4ab9-816d-81d822da247a:c4289, 8693c47f-40a3-4a1c-b7ba-6ed996b9183c:c4289]
2019-07-08 22:30:00,322 INFO  client.GrpcClientProtocolClient (GrpcClientProtocolClient.java:onNext(255)) - client-7538DDC4E776->1b229672-9fc1-42d6-9200-214eb0163fc5: receive RaftClientReply:client-7538DDC4E776->1b229672-9fc1-42d6-9200-214eb0163fc5@group-440AB812C07F, cid=2892, SUCCESS, logIndex=0, commits[1b229672-9fc1-42d6-9200-214eb0163fc5:c4295, 4cc0758a-96f5-4ab9-816d-81d822da247a:c4291, 8693c47f-40a3-4a1c-b7ba-6ed996b9183c:c4291]
2019-07-08 22:30:00,342 INFO  client.GrpcClientProtocolClient (GrpcClientProtocolClient.java:onNext(255)) - client-7538DDC4E776->1b229672-9fc1-42d6-9200-214eb0163fc5: receive RaftClientReply:client-7538DDC4E776->1b229672-9fc1-42d6-9200-214eb0163fc5@group-440AB812C07F, cid=2893, SUCCESS, logIndex=4298, commits[1b229672-9fc1-42d6-9200-214eb0163fc5:c4299, 4cc0758a-96f5-4ab9-816d-81d822da247a:c4297, 8693c47f-40a3-4a1c-b7ba-6ed996b9183c:c4297]
2019-07-08 22:30:00,342 INFO  client.GrpcClientProtocolClient (GrpcClientProtocolClient.java:onNext(255)) - client-7538DDC4E776->1b229672-9fc1-42d6-9200-214eb0163fc5: receive RaftClientReply:client-7538DDC4E776->1b229672-9fc1-42d6-9200-214eb0163fc5@group-440AB812C07F, cid=2894, SUCCESS, logIndex=4299, commits[1b229672-9fc1-42d6-9200-214eb0163fc5:c4299, 4cc0758a-96f5-4ab9-816d-81d822da247a:c4297, 8693c47f-40a3-4a1c-b7ba-6ed996b9183c:c4297]
2019-07-08 22:30:00,357 INFO  client.GrpcClientProtocolClient (GrpcClientProtocolClient.java:onNext(255)) - client-7538DDC4E776->1b229672-9fc1-42d6-9200-214eb0163fc5: receive RaftClientReply:client-7538DDC4E776->1b229672-9fc1-42d6-9200-214eb0163fc5@group-440AB812C07F, cid=2895, SUCCESS, logIndex=4302, commits[1b229672-9fc1-42d6-9200-214eb0163fc5:c4303, 4cc0758a-96f5-4ab9-816d-81d822da247a:c4299, 8693c47f-40a3-4a1c-b7ba-6ed996b9183c:c4299]
2019-07-08 22:30:00,357 INFO  client.GrpcClientProtocolClient (GrpcClientProtocolClient.java:onNext(255)) - client-7538DDC4E776->1b229672-9fc1-42d6-9200-214eb0163fc5: receive RaftClientReply:client-7538DDC4E776->1b229672-9fc1-42d6-9200-214eb0163fc5@group-440AB812C07F, cid=2896, SUCCESS, logIndex=4303, commits[1b229672-9fc1-42d6-9200-214eb0163fc5:c4303, 4cc0758a-96f5-4ab9-816d-81d822da247a:c4299, 8693c47f-40a3-4a1c-b7ba-6ed996b9183c:c4299]
2019-07-08 22:30:00,382 INFO  client.GrpcClientProtocolClient (GrpcClientProtocolClient.java:onNext(255)) - client-7538DDC4E776->1b229672-9fc1-42d6-9200-214eb0163fc5: receive RaftClientReply:client-7538DDC4E776->1b229672-9fc1-42d6-9200-214eb0163fc5@group-440AB812C07F, cid=2897, SUCCESS, logIndex=0, commits[1b229672-9fc1-42d6-9200-214eb0163fc5:c4305, 4cc0758a-96f5-4ab9-816d-81d822da247a:c4303, 8693c47f-40a3-4a1c-b7ba-6ed996b9183c:c4303]
2019-07-08 22:30:00,411 INFO  client.GrpcClientProtocolClient (GrpcClientProtocolClient.java:onNext(255)) - client-7538DDC4E776->1b229672-9fc1-42d6-9200-214eb0163fc5: receive RaftClientReply:client-7538DDC4E776->1b229672-9fc1-42d6-9200-214eb0163fc5@group-440AB812C07F, cid=2898, SUCCESS, logIndex=4306, commits[1b229672-9fc1-42d6-9200-214eb0163fc5:c4308, 4cc0758a-96f5-4ab9-816d-81d822da247a:c4305, 8693c47f-40a3-4a1c-b7ba-6ed996b9183c:c4305]
2019-07-08 22:30:00,411 INFO  client.GrpcClientProtocolClient (GrpcClientProtocolClient.java:onNext(255)) - client-7538DDC4E776->1b229672-9fc1-42d6-9200-214eb0163fc5: receive RaftClientReply:client-7538DDC4E776->1b229672-9fc1-42d6-9200-214eb0163fc5@group-440AB812C07F, cid=2899, SUCCESS, logIndex=4307, commits[1b229672-9fc1-42d6-9200-214eb0163fc5:c4309, 4cc0758a-96f5-4ab9-816d-81d822da247a:c4305, 8693c47f-40a3-4a1c-b7ba-6ed996b9183c:c4305]
2019-07-08 22:30:00,412 INFO  client.GrpcClientProtocolClient (GrpcClientProtocolClient.java:onNext(255)) - client-7538DDC4E776->1b229672-9fc1-42d6-9200-214eb0163fc5: receive RaftClientReply:client-7538DDC4E776->1b229672-9fc1-42d6-9200-214eb0163fc5@group-440AB812C07F, cid=2900, SUCCESS, logIndex=4308, commits[1b229672-9fc1-42d6-9200-214eb0163fc5:c4309, 4cc0758a-96f5-4ab9-816d-81d822da247a:c4305, 8693c47f-40a3-4a1c-b7ba-6ed996b9183c:c4305]
2019-07-08 22:30:00,412 INFO  client.GrpcClientProtocolClient (GrpcClientProtocolClient.java:onNext(255)) - client-7538DDC4E776->1b229672-9fc1-42d6-9200-214eb0163fc5: receive RaftClientReply:client-7538DDC4E776->1b229672-9fc1-42d6-9200-214eb0163fc5@group-440AB812C07F, cid=2901, SUCCESS, logIndex=4309, commits[1b229672-9fc1-42d6-9200-214eb0163fc5:c4310, 4cc0758a-96f5-4ab9-816d-81d822da247a:c4305, 8693c47f-40a3-4a1c-b7ba-6ed996b9183c:c4306]
2019-07-08 22:30:00,415 INFO  client.GrpcClientProtocolClient (GrpcClientProtocolClient.java:onNext(255)) - client-7538DDC4E776->1b229672-9fc1-42d6-9200-214eb0163fc5: receive RaftClientReply:client-7538DDC4E776->1b229672-9fc1-42d6-9200-214eb0163fc5@group-440AB812C07F, cid=2902, SUCCESS, logIndex=0, commits[1b229672-9fc1-42d6-9200-214eb0163fc5:c4311, 4cc0758a-96f5-4ab9-816d-81d822da247a:c4307, 8693c47f-40a3-4a1c-b7ba-6ed996b9183c:c4307]
2019-07-08 22:30:00,428 INFO  client.GrpcClientProtocolClient (GrpcClientProtocolClient.java:onNext(255)) - client-7538DDC4E776->1b229672-9fc1-42d6-9200-214eb0163fc5: receive RaftClientReply:client-7538DDC4E776->1b229672-9fc1-42d6-9200-214eb0163fc5@group-440AB812C07F, cid=2903, SUCCESS, logIndex=4314, commits[1b229672-9fc1-42d6-9200-214eb0163fc5:c4315, 4cc0758a-96f5-4ab9-816d-81d822da247a:c4309, 8693c47f-40a3-4a1c-b7ba-6ed996b9183c:c4313]
2019-07-08 22:30:00,429 INFO  client.GrpcClientProtocolClient (GrpcClientProtocolClient.java:onNext(255)) - client-7538DDC4E776->1b229672-9fc1-42d6-9200-214eb0163fc5: receive RaftClientReply:client-7538DDC4E776->1b229672-9fc1-42d6-9200-214eb0163fc5@group-440AB812C07F, cid=2904, SUCCESS, logIndex=4315, commits[1b229672-9fc1-42d6-9200-214eb0163fc5:c4315, 4cc0758a-96f5-4ab9-816d-81d822da247a:c4309, 8693c47f-40a3-4a1c-b7ba-6ed996b9183c:c4313]
2019-07-08 22:30:00,442 INFO  client.GrpcClientProtocolClient (GrpcClientProtocolClient.java:onNext(255)) - client-7538DDC4E776->1b229672-9fc1-42d6-9200-214eb0163fc5: receive RaftClientReply:client-7538DDC4E776->1b229672-9fc1-42d6-9200-214eb0163fc5@group-440AB812C07F, cid=2905, SUCCESS, logIndex=4318, commits[1b229672-9fc1-42d6-9200-214eb0163fc5:c4319, 4cc0758a-96f5-4ab9-816d-81d822da247a:c4315, 8693c47f-40a3-4a1c-b7ba-6ed996b9183c:c4315]
2019-07-08 22:30:00,442 INFO  client.GrpcClientProtocolClient (GrpcClientProtocolClient.java:onNext(255)) - client-7538DDC4E776->1b229672-9fc1-42d6-9200-214eb0163fc5: receive RaftClientReply:client-7538DDC4E776->1b229672-9fc1-42d6-9200-214eb0163fc5@group-440AB812C07F, cid=2906, SUCCESS, logIndex=4319, commits[1b229672-9fc1-42d6-9200-214eb0163fc5:c4319, 4cc0758a-96f5-4ab9-816d-81d822da247a:c4315, 8693c47f-40a3-4a1c-b7ba-6ed996b9183c:c4315]
2019-07-08 22:30:00,454 INFO  client.GrpcClientProtocolClient (GrpcClientProtocolClient.java:onNext(255)) - client-7538DDC4E776->1b229672-9fc1-42d6-9200-214eb0163fc5: receive RaftClientReply:client-7538DDC4E776->1b229672-9fc1-42d6-9200-214eb0163fc5@group-440AB812C07F, cid=2907, SUCCESS, logIndex=0, commits[1b229672-9fc1-42d6-9200-214eb0163fc5:c4320, 4cc0758a-96f5-4ab9-816d-81d822da247a:c4319, 8693c47f-40a3-4a1c-b7ba-6ed996b9183c:c4319]
2019-07-08 22:30:00,479 INFO  client.GrpcClientProtocolClient (GrpcClientProtocolClient.java:onNext(255)) - client-7538DDC4E776->1b229672-9fc1-42d6-9200-214eb0163fc5: receive RaftClientReply:client-7538DDC4E776->1b229672-9fc1-42d6-9200-214eb0163fc5@group-440AB812C07F, cid=2908, SUCCESS, logIndex=4321, commits[1b229672-9fc1-42d6-9200-214eb0163fc5:c4323, 4cc0758a-96f5-4ab9-816d-81d822da247a:c4319, 8693c47f-40a3-4a1c-b7ba-6ed996b9183c:c4320]
2019-07-08 22:30:00,480 INFO  client.GrpcClientProtocolClient (GrpcClientProtocolClient.java:onNext(255)) - client-7538DDC4E776->1b229672-9fc1-42d6-9200-214eb0163fc5: receive RaftClientReply:client-7538DDC4E776->1b229672-9fc1-42d6-9200-214eb0163fc5@group-440AB812C07F, cid=2909, SUCCESS, logIndex=4322, commits[1b229672-9fc1-42d6-9200-214eb0163fc5:c4324, 4cc0758a-96f5-4ab9-816d-81d822da247a:c4320, 8693c47f-40a3-4a1c-b7ba-6ed996b9183c:c4320]
2019-07-08 22:30:00,480 INFO  client.GrpcClientProtocolClient (GrpcClientProtocolClient.java:onNext(255)) - client-7538DDC4E776->1b229672-9fc1-42d6-9200-214eb0163fc5: receive RaftClientReply:client-7538DDC4E776->1b229672-9fc1-42d6-9200-214eb0163fc5@group-440AB812C07F, cid=2910, SUCCESS, logIndex=4323, commits[1b229672-9fc1-42d6-9200-214eb0163fc5:c4324, 4cc0758a-96f5-4ab9-816d-81d822da247a:c4320, 8693c47f-40a3-4a1c-b7ba-6ed996b9183c:c4320]
2019-07-08 22:30:00,480 INFO  client.GrpcClientProtocolClient (GrpcClientProtocolClient.java:onNext(255)) - client-7538DDC4E776->1b229672-9fc1-42d6-9200-214eb0163fc5: receive RaftClientReply:client-7538DDC4E776->1b229672-9fc1-42d6-9200-214eb0163fc5@group-440AB812C07F, cid=2911, SUCCESS, logIndex=4324, commits[1b229672-9fc1-42d6-9200-214eb0163fc5:c4324, 4cc0758a-96f5-4ab9-816d-81d822da247a:c4320, 8693c47f-40a3-4a1c-b7ba-6ed996b9183c:c4320]
2019-07-08 22:30:00,481 INFO  client.GrpcClientProtocolClient (GrpcClientProtocolClient.java:onNext(255)) - client-7538DDC4E776->1b229672-9fc1-42d6-9200-214eb0163fc5: receive RaftClientReply:client-7538DDC4E776->1b229672-9fc1-42d6-9200-214eb0163fc5@group-440AB812C07F, cid=2912, SUCCESS, logIndex=0, commits[1b229672-9fc1-42d6-9200-214eb0163fc5:c4325, 4cc0758a-96f5-4ab9-816d-81d822da247a:c4322, 8693c47f-40a3-4a1c-b7ba-6ed996b9183c:c4322]
2019-07-08 22:30:00,532 INFO  client.GrpcClientProtocolClient (GrpcClientProtocolClient.java:onNext(255)) - client-7538DDC4E776->1b229672-9fc1-42d6-9200-214eb0163fc5: receive RaftClientReply:client-7538DDC4E776->1b229672-9fc1-42d6-9200-214eb0163fc5@group-440AB812C07F, cid=2913, SUCCESS, logIndex=4329, commits[1b229672-9fc1-42d6-9200-214eb0163fc5:c4330, 4cc0758a-96f5-4ab9-816d-81d822da247a:c4328, 8693c47f-40a3-4a1c-b7ba-6ed996b9183c:c4328]
2019-07-08 22:30:00,533 INFO  client.GrpcClientProtocolClient (GrpcClientProtocolClient.java:onNext(255)) - client-7538DDC4E776->1b229672-9fc1-42d6-9200-214eb0163fc5: receive RaftClientReply:client-7538DDC4E776->1b229672-9fc1-42d6-9200-214eb0163fc5@group-440AB812C07F, cid=2914, SUCCESS, logIndex=4330, commits[1b229672-9fc1-42d6-9200-214eb0163fc5:c4330, 4cc0758a-96f5-4ab9-816d-81d822da247a:c4328, 8693c47f-40a3-4a1c-b7ba-6ed996b9183c:c4328]
2019-07-08 22:30:00,552 INFO  client.GrpcClientProtocolClient (GrpcClientProtocolClient.java:onNext(255)) - client-7538DDC4E776->1b229672-9fc1-42d6-9200-214eb0163fc5: receive RaftClientReply:client-7538DDC4E776->1b229672-9fc1-42d6-9200-214eb0163fc5@group-440AB812C07F, cid=2915, SUCCESS, logIndex=4333, commits[1b229672-9fc1-42d6-9200-214eb0163fc5:c4334, 4cc0758a-96f5-4ab9-816d-81d822da247a:c4330, 8693c47f-40a3-4a1c-b7ba-6ed996b9183c:c4330]
2019-07-08 22:30:00,552 INFO  client.GrpcClientProtocolClient (GrpcClientProtocolClient.java:onNext(255)) - client-7538DDC4E776->1b229672-9fc1-42d6-9200-214eb0163fc5: receive RaftClientReply:client-7538DDC4E776->1b229672-9fc1-42d6-9200-214eb0163fc5@group-440AB812C07F, cid=2916, SUCCESS, logIndex=4334, commits[1b229672-9fc1-42d6-9200-214eb0163fc5:c4334, 4cc0758a-96f5-4ab9-816d-81d822da247a:c4330, 8693c47f-40a3-4a1c-b7ba-6ed996b9183c:c4330]
2019-07-08 22:30:00,565 INFO  client.GrpcClientProtocolClient (GrpcClientProtocolClient.java:onNext(255)) - client-7538DDC4E776->1b229672-9fc1-42d6-9200-214eb0163fc5: receive RaftClientReply:client-7538DDC4E776->1b229672-9fc1-42d6-9200-214eb0163fc5@group-440AB812C07F, cid=2917, SUCCESS, logIndex=0, commits[1b229672-9fc1-42d6-9200-214eb0163fc5:c4336, 4cc0758a-96f5-4ab9-816d-81d822da247a:c4334, 8693c47f-40a3-4a1c-b7ba-6ed996b9183c:c4334]
2019-07-08 22:30:00,714 INFO  client.GrpcClientProtocolClient (GrpcClientProtocolClient.java:onNext(255)) - client-7538DDC4E776->1b229672-9fc1-42d6-9200-214eb0163fc5: receive RaftClientReply:client-7538DDC4E776->1b229672-9fc1-42d6-9200-214eb0163fc5@group-440AB812C07F, cid=2918, SUCCESS, logIndex=4337, commits[1b229672-9fc1-42d6-9200-214eb0163fc5:c4338, 4cc0758a-96f5-4ab9-816d-81d822da247a:c4336, 8693c47f-40a3-4a1c-b7ba-6ed996b9183c:c4336]
2019-07-08 22:30:00,715 INFO  client.GrpcClientProtocolClient (GrpcClientProtocolClient.java:onNext(255)) - client-7538DDC4E776->1b229672-9fc1-42d6-9200-214eb0163fc5: receive RaftClientReply:client-7538DDC4E776->1b229672-9fc1-42d6-9200-214eb0163fc5@group-440AB812C07F, cid=2919, SUCCESS, logIndex=4338, commits[1b229672-9fc1-42d6-9200-214eb0163fc5:c4340, 4cc0758a-96f5-4ab9-816d-81d822da247a:c4336, 8693c47f-40a3-4a1c-b7ba-6ed996b9183c:c4336]
2019-07-08 22:30:00,715 INFO  client.GrpcClientProtocolClient (GrpcClientProtocolClient.java:onNext(255)) - client-7538DDC4E776->1b229672-9fc1-42d6-9200-214eb0163fc5: receive RaftClientReply:client-7538DDC4E776->1b229672-9fc1-42d6-9200-214eb0163fc5@group-440AB812C07F, cid=2920, SUCCESS, logIndex=4339, commits[1b229672-9fc1-42d6-9200-214eb0163fc5:c4340, 4cc0758a-96f5-4ab9-816d-81d822da247a:c4336, 8693c47f-40a3-4a1c-b7ba-6ed996b9183c:c4336]
2019-07-08 22:30:00,715 INFO  client.GrpcClientProtocolClient (GrpcClientProtocolClient.java:onNext(255)) - client-7538DDC4E776->1b229672-9fc1-42d6-9200-214eb0163fc5: receive RaftClientReply:client-7538DDC4E776->1b229672-9fc1-42d6-9200-214eb0163fc5@group-440AB812C07F, cid=2921, SUCCESS, logIndex=4340, commits[1b229672-9fc1-42d6-9200-214eb0163fc5:c4341, 4cc0758a-96f5-4ab9-816d-81d822da247a:c4337, 8693c47f-40a3-4a1c-b7ba-6ed996b9183c:c4336]
2019-07-08 22:30:00,729 INFO  client.GrpcClientProtocolClient (GrpcClientProtocolClient.java:onNext(255)) - client-7538DDC4E776->1b229672-9fc1-42d6-9200-214eb0163fc5: receive RaftClientReply:client-7538DDC4E776->1b229672-9fc1-42d6-9200-214eb0163fc5@group-440AB812C07F, cid=2922, SUCCESS, logIndex=0, commits[1b229672-9fc1-42d6-9200-214eb0163fc5:c4342, 4cc0758a-96f5-4ab9-816d-81d822da247a:c4338, 8693c47f-40a3-4a1c-b7ba-6ed996b9183c:c4338]
2019-07-08 22:30:00,748 INFO  client.GrpcClientProtocolClient (GrpcClientProtocolClient.java:onNext(255)) - client-7538DDC4E776->1b229672-9fc1-42d6-9200-214eb0163fc5: receive RaftClientReply:client-7538DDC4E776->1b229672-9fc1-42d6-9200-214eb0163fc5@group-440AB812C07F, cid=2923, SUCCESS, logIndex=4344, commits[1b229672-9fc1-42d6-9200-214eb0163fc5:c4345, 4cc0758a-96f5-4ab9-816d-81d822da247a:c4343, 8693c47f-40a3-4a1c-b7ba-6ed996b9183c:c4343]
2019-07-08 22:30:00,749 INFO  client.GrpcClientProtocolClient (GrpcClientProtocolClient.java:onNext(255)) - client-7538DDC4E776->1b229672-9fc1-42d6-9200-214eb0163fc5: receive RaftClientReply:client-7538DDC4E776->1b229672-9fc1-42d6-9200-214eb0163fc5@group-440AB812C07F, cid=2924, SUCCESS, logIndex=4345, commits[1b229672-9fc1-42d6-9200-214eb0163fc5:c4345, 4cc0758a-96f5-4ab9-816d-81d822da247a:c4343, 8693c47f-40a3-4a1c-b7ba-6ed996b9183c:c4343]
2019-07-08 22:30:00,797 INFO  client.GrpcClientProtocolClient (GrpcClientProtocolClient.java:onNext(255)) - client-7538DDC4E776->1b229672-9fc1-42d6-9200-214eb0163fc5: receive RaftClientReply:client-7538DDC4E776->1b229672-9fc1-42d6-9200-214eb0163fc5@group-440AB812C07F, cid=2925, SUCCESS, logIndex=4348, commits[1b229672-9fc1-42d6-9200-214eb0163fc5:c4349, 4cc0758a-96f5-4ab9-816d-81d822da247a:c4345, 8693c47f-40a3-4a1c-b7ba-6ed996b9183c:c4345]
2019-07-08 22:30:00,798 INFO  client.GrpcClientProtocolClient (GrpcClientProtocolClient.java:onNext(255)) - client-7538DDC4E776->1b229672-9fc1-42d6-9200-214eb0163fc5: receive RaftClientReply:client-7538DDC4E776->1b229672-9fc1-42d6-9200-214eb0163fc5@group-440AB812C07F, cid=2926, SUCCESS, logIndex=4349, commits[1b229672-9fc1-42d6-9200-214eb0163fc5:c4349, 4cc0758a-96f5-4ab9-816d-81d822da247a:c4345, 8693c47f-40a3-4a1c-b7ba-6ed996b9183c:c4345]
2019-07-08 22:30:00,812 INFO  client.GrpcClientProtocolClient (GrpcClientProtocolClient.java:onNext(255)) - client-7538DDC4E776->1b229672-9fc1-42d6-9200-214eb0163fc5: receive RaftClientReply:client-7538DDC4E776->1b229672-9fc1-42d6-9200-214eb0163fc5@group-440AB812C07F, cid=2927, SUCCESS, logIndex=0, commits[1b229672-9fc1-42d6-9200-214eb0163fc5:c4351, 4cc0758a-96f5-4ab9-816d-81d822da247a:c4349, 8693c47f-40a3-4a1c-b7ba-6ed996b9183c:c4349]
2019-07-08 22:30:00,853 INFO  client.GrpcClientProtocolClient (GrpcClientProtocolClient.java:onNext(255)) - client-7538DDC4E776->1b229672-9fc1-42d6-9200-214eb0163fc5: receive RaftClientReply:client-7538DDC4E776->1b229672-9fc1-42d6-9200-214eb0163fc5@group-440AB812C07F, cid=2928, SUCCESS, logIndex=4352, commits[1b229672-9fc1-42d6-9200-214eb0163fc5:c4354, 4cc0758a-96f5-4ab9-816d-81d822da247a:c4349, 8693c47f-40a3-4a1c-b7ba-6ed996b9183c:c4351]
2019-07-08 22:30:00,853 INFO  client.GrpcClientProtocolClient (GrpcClientProtocolClient.java:onNext(255)) - client-7538DDC4E776->1b229672-9fc1-42d6-9200-214eb0163fc5: receive RaftClientReply:client-7538DDC4E776->1b229672-9fc1-42d6-9200-214eb0163fc5@group-440AB812C07F, cid=2929, SUCCESS, logIndex=4353, commits[1b229672-9fc1-42d6-9200-214eb0163fc5:c4355, 4cc0758a-96f5-4ab9-816d-81d822da247a:c4351, 8693c47f-40a3-4a1c-b7ba-6ed996b9183c:c4351]
2019-07-08 22:30:00,854 INFO  client.GrpcClientProtocolClient (GrpcClientProtocolClient.java:onNext(255)) - client-7538DDC4E776->1b229672-9fc1-42d6-9200-214eb0163fc5: receive RaftClientReply:client-7538DDC4E776->1b229672-9fc1-42d6-9200-214eb0163fc5@group-440AB812C07F, cid=2930, SUCCESS, logIndex=4354, commits[1b229672-9fc1-42d6-9200-214eb0163fc5:c4355, 4cc0758a-96f5-4ab9-816d-81d822da247a:c4351, 8693c47f-40a3-4a1c-b7ba-6ed996b9183c:c4351]
2019-07-08 22:30:00,854 INFO  client.GrpcClientProtocolClient (GrpcClientProtocolClient.java:onNext(255)) - client-7538DDC4E776->1b229672-9fc1-42d6-9200-214eb0163fc5: receive RaftClientReply:client-7538DDC4E776->1b229672-9fc1-42d6-9200-214eb0163fc5@group-440AB812C07F, cid=2931, SUCCESS, logIndex=4355, commits[1b229672-9fc1-42d6-9200-214eb0163fc5:c4356, 4cc0758a-96f5-4ab9-816d-81d822da247a:c4351, 8693c47f-40a3-4a1c-b7ba-6ed996b9183c:c4352]
2019-07-08 22:30:00,857 INFO  client.GrpcClientProtocolClient (GrpcClientProtocolClient.java:onNext(255)) - client-7538DDC4E776->1b229672-9fc1-42d6-9200-214eb0163fc5: receive RaftClientReply:client-7538DDC4E776->1b229672-9fc1-42d6-9200-214eb0163fc5@group-440AB812C07F, cid=2932, SUCCESS, logIndex=0, commits[1b229672-9fc1-42d6-9200-214eb0163fc5:c4357, 4cc0758a-96f5-4ab9-816d-81d822da247a:c4353, 8693c47f-40a3-4a1c-b7ba-6ed996b9183c:c4353]
 0.00% |█                                                                                                    |  0/1 Time: 0:00:272019-07-08 22:30:00,869 INFO  client.GrpcClientProtocolClient (GrpcClientProtocolClient.java:onNext(255)) - client-7538DDC4E776->1b229672-9fc1-42d6-9200-214eb0163fc5: receive RaftClientReply:client-7538DDC4E776->1b229672-9fc1-42d6-9200-214eb0163fc5@group-440AB812C07F, cid=2933, SUCCESS, logIndex=4360, commits[1b229672-9fc1-42d6-9200-214eb0163fc5:c4361, 4cc0758a-96f5-4ab9-816d-81d822da247a:c4358, 8693c47f-40a3-4a1c-b7ba-6ed996b9183c:c4358]
2019-07-08 22:30:00,869 INFO  client.GrpcClientProtocolClient (GrpcClientProtocolClient.java:onNext(255)) - client-7538DDC4E776->1b229672-9fc1-42d6-9200-214eb0163fc5: receive RaftClientReply:client-7538DDC4E776->1b229672-9fc1-42d6-9200-214eb0163fc5@group-440AB812C07F, cid=2934, SUCCESS, logIndex=4361, commits[1b229672-9fc1-42d6-9200-214eb0163fc5:c4361, 4cc0758a-96f5-4ab9-816d-81d822da247a:c4358, 8693c47f-40a3-4a1c-b7ba-6ed996b9183c:c4358]
2019-07-08 22:30:00,885 INFO  client.GrpcClientProtocolClient (GrpcClientProtocolClient.java:onNext(255)) - client-7538DDC4E776->1b229672-9fc1-42d6-9200-214eb0163fc5: receive RaftClientReply:client-7538DDC4E776->1b229672-9fc1-42d6-9200-214eb0163fc5@group-440AB812C07F, cid=2935, SUCCESS, logIndex=4364, commits[1b229672-9fc1-42d6-9200-214eb0163fc5:c4365, 4cc0758a-96f5-4ab9-816d-81d822da247a:c4361, 8693c47f-40a3-4a1c-b7ba-6ed996b9183c:c4362]
2019-07-08 22:30:00,885 INFO  client.GrpcClientProtocolClient (GrpcClientProtocolClient.java:onNext(255)) - client-7538DDC4E776->1b229672-9fc1-42d6-9200-214eb0163fc5: receive RaftClientReply:client-7538DDC4E776->1b229672-9fc1-42d6-9200-214eb0163fc5@group-440AB812C07F, cid=2936, SUCCESS, logIndex=4365, commits[1b229672-9fc1-42d6-9200-214eb0163fc5:c4365, 4cc0758a-96f5-4ab9-816d-81d822da247a:c4362, 8693c47f-40a3-4a1c-b7ba-6ed996b9183c:c4362]
2019-07-08 22:30:00,899 INFO  client.GrpcClientProtocolClient (GrpcClientProtocolClient.java:onNext(255)) - client-7538DDC4E776->1b229672-9fc1-42d6-9200-214eb0163fc5: receive RaftClientReply:client-7538DDC4E776->1b229672-9fc1-42d6-9200-214eb0163fc5@group-440AB812C07F, cid=2937, SUCCESS, logIndex=0, commits[1b229672-9fc1-42d6-9200-214eb0163fc5:c4366, 4cc0758a-96f5-4ab9-816d-81d822da247a:c4365, 8693c47f-40a3-4a1c-b7ba-6ed996b9183c:c4365]
2019-07-08 22:30:00,978 INFO  client.GrpcClientProtocolClient (GrpcClientProtocolClient.java:onNext(255)) - client-7538DDC4E776->1b229672-9fc1-42d6-9200-214eb0163fc5: receive RaftClientReply:client-7538DDC4E776->1b229672-9fc1-42d6-9200-214eb0163fc5@group-440AB812C07F, cid=2938, SUCCESS, logIndex=4368, commits[1b229672-9fc1-42d6-9200-214eb0163fc5:c4369, 4cc0758a-96f5-4ab9-816d-81d822da247a:c4367, 8693c47f-40a3-4a1c-b7ba-6ed996b9183c:c4367]
2019-07-08 22:30:00,978 INFO  client.GrpcClientProtocolClient (GrpcClientProtocolClient.java:onNext(255)) - client-7538DDC4E776->1b229672-9fc1-42d6-9200-214eb0163fc5: receive RaftClientReply:client-7538DDC4E776->1b229672-9fc1-42d6-9200-214eb0163fc5@group-440AB812C07F, cid=2939, SUCCESS, logIndex=4369, commits[1b229672-9fc1-42d6-9200-214eb0163fc5:c4371, 4cc0758a-96f5-4ab9-816d-81d822da247a:c4367, 8693c47f-40a3-4a1c-b7ba-6ed996b9183c:c4367]
2019-07-08 22:30:00,979 INFO  client.GrpcClientProtocolClient (GrpcClientProtocolClient.java:onNext(255)) - client-7538DDC4E776->1b229672-9fc1-42d6-9200-214eb0163fc5: receive RaftClientReply:client-7538DDC4E776->1b229672-9fc1-42d6-9200-214eb0163fc5@group-440AB812C07F, cid=2940, SUCCESS, logIndex=4370, commits[1b229672-9fc1-42d6-9200-214eb0163fc5:c4371, 4cc0758a-96f5-4ab9-816d-81d822da247a:c4367, 8693c47f-40a3-4a1c-b7ba-6ed996b9183c:c4367]
2019-07-08 22:30:00,979 INFO  client.GrpcClientProtocolClient (GrpcClientProtocolClient.java:onNext(255)) - client-7538DDC4E776->1b229672-9fc1-42d6-9200-214eb0163fc5: receive RaftClientReply:client-7538DDC4E776->1b229672-9fc1-42d6-9200-214eb0163fc5@group-440AB812C07F, cid=2941, SUCCESS, logIndex=4371, commits[1b229672-9fc1-42d6-9200-214eb0163fc5:c4371, 4cc0758a-96f5-4ab9-816d-81d822da247a:c4367, 8693c47f-40a3-4a1c-b7ba-6ed996b9183c:c4367]
2019-07-08 22:30:00,991 INFO  client.GrpcClientProtocolClient (GrpcClientProtocolClient.java:onNext(255)) - client-7538DDC4E776->1b229672-9fc1-42d6-9200-214eb0163fc5: receive RaftClientReply:client-7538DDC4E776->1b229672-9fc1-42d6-9200-214eb0163fc5@group-440AB812C07F, cid=2942, SUCCESS, logIndex=0, commits[1b229672-9fc1-42d6-9200-214eb0163fc5:c4374, 4cc0758a-96f5-4ab9-816d-81d822da247a:c4370, 8693c47f-40a3-4a1c-b7ba-6ed996b9183c:c4369]
2019-07-08 22:30:01,013 INFO  client.GrpcClientProtocolClient (GrpcClientProtocolClient.java:onNext(255)) - client-7538DDC4E776->1b229672-9fc1-42d6-9200-214eb0163fc5: receive RaftClientReply:client-7538DDC4E776->1b229672-9fc1-42d6-9200-214eb0163fc5@group-440AB812C07F, cid=2943, SUCCESS, logIndex=4376, commits[1b229672-9fc1-42d6-9200-214eb0163fc5:c4377, 4cc0758a-96f5-4ab9-816d-81d822da247a:c4375, 8693c47f-40a3-4a1c-b7ba-6ed996b9183c:c4375]
2019-07-08 22:30:01,013 INFO  client.GrpcClientProtocolClient (GrpcClientProtocolClient.java:onNext(255)) - client-7538DDC4E776->1b229672-9fc1-42d6-9200-214eb0163fc5: receive RaftClientReply:client-7538DDC4E776->1b229672-9fc1-42d6-9200-214eb0163fc5@group-440AB812C07F, cid=2944, SUCCESS, logIndex=4377, commits[1b229672-9fc1-42d6-9200-214eb0163fc5:c4377, 4cc0758a-96f5-4ab9-816d-81d822da247a:c4375, 8693c47f-40a3-4a1c-b7ba-6ed996b9183c:c4375]
2019-07-08 22:30:01,030 INFO  client.GrpcClientProtocolClient (GrpcClientProtocolClient.java:onNext(255)) - client-7538DDC4E776->1b229672-9fc1-42d6-9200-214eb0163fc5: receive RaftClientReply:client-7538DDC4E776->1b229672-9fc1-42d6-9200-214eb0163fc5@group-440AB812C07F, cid=2945, SUCCESS, logIndex=4380, commits[1b229672-9fc1-42d6-9200-214eb0163fc5:c4381, 4cc0758a-96f5-4ab9-816d-81d822da247a:c4377, 8693c47f-40a3-4a1c-b7ba-6ed996b9183c:c4376]
2019-07-08 22:30:01,030 INFO  client.GrpcClientProtocolClient (GrpcClientProtocolClient.java:onNext(255)) - client-7538DDC4E776->1b229672-9fc1-42d6-9200-214eb0163fc5: receive RaftClientReply:client-7538DDC4E776->1b229672-9fc1-42d6-9200-214eb0163fc5@group-440AB812C07F, cid=2946, SUCCESS, logIndex=4381, commits[1b229672-9fc1-42d6-9200-214eb0163fc5:c4381, 4cc0758a-96f5-4ab9-816d-81d822da247a:c4377, 8693c47f-40a3-4a1c-b7ba-6ed996b9183c:c4377]
2019-07-08 22:30:01,042 INFO  client.GrpcClientProtocolClient (GrpcClientProtocolClient.java:onNext(255)) - client-7538DDC4E776->1b229672-9fc1-42d6-9200-214eb0163fc5: receive RaftClientReply:client-7538DDC4E776->1b229672-9fc1-42d6-9200-214eb0163fc5@group-440AB812C07F, cid=2947, SUCCESS, logIndex=0, commits[1b229672-9fc1-42d6-9200-214eb0163fc5:c4382, 4cc0758a-96f5-4ab9-816d-81d822da247a:c4381, 8693c47f-40a3-4a1c-b7ba-6ed996b9183c:c4381]
2019-07-08 22:30:01,075 INFO  client.GrpcClientProtocolClient (GrpcClientProtocolClient.java:onNext(255)) - client-7538DDC4E776->1b229672-9fc1-42d6-9200-214eb0163fc5: receive RaftClientReply:client-7538DDC4E776->1b229672-9fc1-42d6-9200-214eb0163fc5@group-440AB812C07F, cid=2948, SUCCESS, logIndex=4383, commits[1b229672-9fc1-42d6-9200-214eb0163fc5:c4384, 4cc0758a-96f5-4ab9-816d-81d822da247a:c4382, 8693c47f-40a3-4a1c-b7ba-6ed996b9183c:c4382]
2019-07-08 22:30:01,075 INFO  client.GrpcClientProtocolClient (GrpcClientProtocolClient.java:onNext(255)) - client-7538DDC4E776->1b229672-9fc1-42d6-9200-214eb0163fc5: receive RaftClientReply:client-7538DDC4E776->1b229672-9fc1-42d6-9200-214eb0163fc5@group-440AB812C07F, cid=2949, SUCCESS, logIndex=4384, commits[1b229672-9fc1-42d6-9200-214eb0163fc5:c4384, 4cc0758a-96f5-4ab9-816d-81d822da247a:c4382, 8693c47f-40a3-4a1c-b7ba-6ed996b9183c:c4382]
2019-07-08 22:30:01,076 INFO  client.GrpcClientProtocolClient (GrpcClientProtocolClient.java:onNext(255)) - client-7538DDC4E776->1b229672-9fc1-42d6-9200-214eb0163fc5: receive RaftClientReply:client-7538DDC4E776->1b229672-9fc1-42d6-9200-214eb0163fc5@group-440AB812C07F, cid=2950, SUCCESS, logIndex=4385, commits[1b229672-9fc1-42d6-9200-214eb0163fc5:c4386, 4cc0758a-96f5-4ab9-816d-81d822da247a:c4382, 8693c47f-40a3-4a1c-b7ba-6ed996b9183c:c4382]
2019-07-08 22:30:01,076 INFO  client.GrpcClientProtocolClient (GrpcClientProtocolClient.java:onNext(255)) - client-7538DDC4E776->1b229672-9fc1-42d6-9200-214eb0163fc5: receive RaftClientReply:client-7538DDC4E776->1b229672-9fc1-42d6-9200-214eb0163fc5@group-440AB812C07F, cid=2951, SUCCESS, logIndex=4386, commits[1b229672-9fc1-42d6-9200-214eb0163fc5:c4386, 4cc0758a-96f5-4ab9-816d-81d822da247a:c4382, 8693c47f-40a3-4a1c-b7ba-6ed996b9183c:c4382]
2019-07-08 22:30:01,079 INFO  client.GrpcClientProtocolClient (GrpcClientProtocolClient.java:onNext(255)) - client-7538DDC4E776->1b229672-9fc1-42d6-9200-214eb0163fc5: receive RaftClientReply:client-7538DDC4E776->1b229672-9fc1-42d6-9200-214eb0163fc5@group-440AB812C07F, cid=2952, SUCCESS, logIndex=0, commits[1b229672-9fc1-42d6-9200-214eb0163fc5:c4388, 4cc0758a-96f5-4ab9-816d-81d822da247a:c4384, 8693c47f-40a3-4a1c-b7ba-6ed996b9183c:c4384]
2019-07-08 22:30:01,092 INFO  client.GrpcClientProtocolClient (GrpcClientProtocolClient.java:onNext(255)) - client-7538DDC4E776->1b229672-9fc1-42d6-9200-214eb0163fc5: receive RaftClientReply:client-7538DDC4E776->1b229672-9fc1-42d6-9200-214eb0163fc5@group-440AB812C07F, cid=2953, SUCCESS, logIndex=4391, commits[1b229672-9fc1-42d6-9200-214eb0163fc5:c4392, 4cc0758a-96f5-4ab9-816d-81d822da247a:c4390, 8693c47f-40a3-4a1c-b7ba-6ed996b9183c:c4390]
2019-07-08 22:30:01,093 INFO  client.GrpcClientProtocolClient (GrpcClientProtocolClient.java:onNext(255)) - client-7538DDC4E776->1b229672-9fc1-42d6-9200-214eb0163fc5: receive RaftClientReply:client-7538DDC4E776->1b229672-9fc1-42d6-9200-214eb0163fc5@group-440AB812C07F, cid=2954, SUCCESS, logIndex=4392, commits[1b229672-9fc1-42d6-9200-214eb0163fc5:c4392, 4cc0758a-96f5-4ab9-816d-81d822da247a:c4390, 8693c47f-40a3-4a1c-b7ba-6ed996b9183c:c4390]
2019-07-08 22:30:01,107 INFO  client.GrpcClientProtocolClient (GrpcClientProtocolClient.java:onNext(255)) - client-7538DDC4E776->1b229672-9fc1-42d6-9200-214eb0163fc5: receive RaftClientReply:client-7538DDC4E776->1b229672-9fc1-42d6-9200-214eb0163fc5@group-440AB812C07F, cid=2955, SUCCESS, logIndex=4395, commits[1b229672-9fc1-42d6-9200-214eb0163fc5:c4396, 4cc0758a-96f5-4ab9-816d-81d822da247a:c4392, 8693c47f-40a3-4a1c-b7ba-6ed996b9183c:c4392]
2019-07-08 22:30:01,107 INFO  client.GrpcClientProtocolClient (GrpcClientProtocolClient.java:onNext(255)) - client-7538DDC4E776->1b229672-9fc1-42d6-9200-214eb0163fc5: receive RaftClientReply:client-7538DDC4E776->1b229672-9fc1-42d6-9200-214eb0163fc5@group-440AB812C07F, cid=2956, SUCCESS, logIndex=4396, commits[1b229672-9fc1-42d6-9200-214eb0163fc5:c4396, 4cc0758a-96f5-4ab9-816d-81d822da247a:c4392, 8693c47f-40a3-4a1c-b7ba-6ed996b9183c:c4392]
2019-07-08 22:30:01,119 INFO  client.GrpcClientProtocolClient (GrpcClientProtocolClient.java:onNext(255)) - client-7538DDC4E776->1b229672-9fc1-42d6-9200-214eb0163fc5: receive RaftClientReply:client-7538DDC4E776->1b229672-9fc1-42d6-9200-214eb0163fc5@group-440AB812C07F, cid=2957, SUCCESS, logIndex=0, commits[1b229672-9fc1-42d6-9200-214eb0163fc5:c4397, 4cc0758a-96f5-4ab9-816d-81d822da247a:c4396, 8693c47f-40a3-4a1c-b7ba-6ed996b9183c:c4396]
2019-07-08 22:30:01,150 INFO  client.GrpcClientProtocolClient (GrpcClientProtocolClient.java:onNext(255)) - client-7538DDC4E776->1b229672-9fc1-42d6-9200-214eb0163fc5: receive RaftClientReply:client-7538DDC4E776->1b229672-9fc1-42d6-9200-214eb0163fc5@group-440AB812C07F, cid=2958, SUCCESS, logIndex=4399, commits[1b229672-9fc1-42d6-9200-214eb0163fc5:c4400, 4cc0758a-96f5-4ab9-816d-81d822da247a:c4398, 8693c47f-40a3-4a1c-b7ba-6ed996b9183c:c4398]
2019-07-08 22:30:01,150 INFO  client.GrpcClientProtocolClient (GrpcClientProtocolClient.java:onNext(255)) - client-7538DDC4E776->1b229672-9fc1-42d6-9200-214eb0163fc5: receive RaftClientReply:client-7538DDC4E776->1b229672-9fc1-42d6-9200-214eb0163fc5@group-440AB812C07F, cid=2959, SUCCESS, logIndex=4400, commits[1b229672-9fc1-42d6-9200-214eb0163fc5:c4400, 4cc0758a-96f5-4ab9-816d-81d822da247a:c4398, 8693c47f-40a3-4a1c-b7ba-6ed996b9183c:c4398]
2019-07-08 22:30:01,161 INFO  client.GrpcClientProtocolClient (GrpcClientProtocolClient.java:onNext(255)) - client-7538DDC4E776->1b229672-9fc1-42d6-9200-214eb0163fc5: receive RaftClientReply:client-7538DDC4E776->1b229672-9fc1-42d6-9200-214eb0163fc5@group-440AB812C07F, cid=2960, SUCCESS, logIndex=4401, commits[1b229672-9fc1-42d6-9200-214eb0163fc5:c4402, 4cc0758a-96f5-4ab9-816d-81d822da247a:c4398, 8693c47f-40a3-4a1c-b7ba-6ed996b9183c:c4398]
2019-07-08 22:30:01,161 INFO  client.GrpcClientProtocolClient (GrpcClientProtocolClient.java:onNext(255)) - client-7538DDC4E776->1b229672-9fc1-42d6-9200-214eb0163fc5: receive RaftClientReply:client-7538DDC4E776->1b229672-9fc1-42d6-9200-214eb0163fc5@group-440AB812C07F, cid=2961, SUCCESS, logIndex=4402, commits[1b229672-9fc1-42d6-9200-214eb0163fc5:c4402, 4cc0758a-96f5-4ab9-816d-81d822da247a:c4398, 8693c47f-40a3-4a1c-b7ba-6ed996b9183c:c4398]
2019-07-08 22:30:01,164 INFO  client.GrpcClientProtocolClient (GrpcClientProtocolClient.java:onNext(255)) - client-7538DDC4E776->1b229672-9fc1-42d6-9200-214eb0163fc5: receive RaftClientReply:client-7538DDC4E776->1b229672-9fc1-42d6-9200-214eb0163fc5@group-440AB812C07F, cid=2962, SUCCESS, logIndex=0, commits[1b229672-9fc1-42d6-9200-214eb0163fc5:c4404, 4cc0758a-96f5-4ab9-816d-81d822da247a:c4400, 8693c47f-40a3-4a1c-b7ba-6ed996b9183c:c4400]
2019-07-08 22:30:01,192 INFO  client.GrpcClientProtocolClient (GrpcClientProtocolClient.java:onNext(255)) - client-7538DDC4E776->1b229672-9fc1-42d6-9200-214eb0163fc5: receive RaftClientReply:client-7538DDC4E776->1b229672-9fc1-42d6-9200-214eb0163fc5@group-440AB812C07F, cid=2963, SUCCESS, logIndex=4407, commits[1b229672-9fc1-42d6-9200-214eb0163fc5:c4408, 4cc0758a-96f5-4ab9-816d-81d822da247a:c4404, 8693c47f-40a3-4a1c-b7ba-6ed996b9183c:c4404]
2019-07-08 22:30:01,192 INFO  client.GrpcClientProtocolClient (GrpcClientProtocolClient.java:onNext(255)) - client-7538DDC4E776->1b229672-9fc1-42d6-9200-214eb0163fc5: receive RaftClientReply:client-7538DDC4E776->1b229672-9fc1-42d6-9200-214eb0163fc5@group-440AB812C07F, cid=2964, SUCCESS, logIndex=4408, commits[1b229672-9fc1-42d6-9200-214eb0163fc5:c4408, 4cc0758a-96f5-4ab9-816d-81d822da247a:c4404, 8693c47f-40a3-4a1c-b7ba-6ed996b9183c:c4404]
2019-07-08 22:30:01,218 INFO  client.GrpcClientProtocolClient (GrpcClientProtocolClient.java:onNext(255)) - client-7538DDC4E776->1b229672-9fc1-42d6-9200-214eb0163fc5: receive RaftClientReply:client-7538DDC4E776->1b229672-9fc1-42d6-9200-214eb0163fc5@group-440AB812C07F, cid=2965, SUCCESS, logIndex=4411, commits[1b229672-9fc1-42d6-9200-214eb0163fc5:c4412, 4cc0758a-96f5-4ab9-816d-81d822da247a:c4408, 8693c47f-40a3-4a1c-b7ba-6ed996b9183c:c4408]
2019-07-08 22:30:01,219 INFO  client.GrpcClientProtocolClient (GrpcClientProtocolClient.java:onNext(255)) - client-7538DDC4E776->1b229672-9fc1-42d6-9200-214eb0163fc5: receive RaftClientReply:client-7538DDC4E776->1b229672-9fc1-42d6-9200-214eb0163fc5@group-440AB812C07F, cid=2966, SUCCESS, logIndex=4412, commits[1b229672-9fc1-42d6-9200-214eb0163fc5:c4412, 4cc0758a-96f5-4ab9-816d-81d822da247a:c4408, 8693c47f-40a3-4a1c-b7ba-6ed996b9183c:c4408]
2019-07-08 22:30:01,234 INFO  client.GrpcClientProtocolClient (GrpcClientProtocolClient.java:onNext(255)) - client-7538DDC4E776->1b229672-9fc1-42d6-9200-214eb0163fc5: receive RaftClientReply:client-7538DDC4E776->1b229672-9fc1-42d6-9200-214eb0163fc5@group-440AB812C07F, cid=2967, SUCCESS, logIndex=0, commits[1b229672-9fc1-42d6-9200-214eb0163fc5:c4414, 4cc0758a-96f5-4ab9-816d-81d822da247a:c4412, 8693c47f-40a3-4a1c-b7ba-6ed996b9183c:c4412]
2019-07-08 22:30:01,313 INFO  client.GrpcClientProtocolClient (GrpcClientProtocolClient.java:onNext(255)) - client-7538DDC4E776->1b229672-9fc1-42d6-9200-214eb0163fc5: receive RaftClientReply:client-7538DDC4E776->1b229672-9fc1-42d6-9200-214eb0163fc5@group-440AB812C07F, cid=2968, SUCCESS, logIndex=4415, commits[1b229672-9fc1-42d6-9200-214eb0163fc5:c4416, 4cc0758a-96f5-4ab9-816d-81d822da247a:c4414, 8693c47f-40a3-4a1c-b7ba-6ed996b9183c:c4414]
2019-07-08 22:30:01,314 INFO  client.GrpcClientProtocolClient (GrpcClientProtocolClient.java:onNext(255)) - client-7538DDC4E776->1b229672-9fc1-42d6-9200-214eb0163fc5: receive RaftClientReply:client-7538DDC4E776->1b229672-9fc1-42d6-9200-214eb0163fc5@group-440AB812C07F, cid=2969, SUCCESS, logIndex=4416, commits[1b229672-9fc1-42d6-9200-214eb0163fc5:c4418, 4cc0758a-96f5-4ab9-816d-81d822da247a:c4414, 8693c47f-40a3-4a1c-b7ba-6ed996b9183c:c4414]
2019-07-08 22:30:01,315 INFO  client.GrpcClientProtocolClient (GrpcClientProtocolClient.java:onNext(255)) - client-7538DDC4E776->1b229672-9fc1-42d6-9200-214eb0163fc5: receive RaftClientReply:client-7538DDC4E776->1b229672-9fc1-42d6-9200-214eb0163fc5@group-440AB812C07F, cid=2970, SUCCESS, logIndex=4417, commits[1b229672-9fc1-42d6-9200-214eb0163fc5:c4418, 4cc0758a-96f5-4ab9-816d-81d822da247a:c4414, 8693c47f-40a3-4a1c-b7ba-6ed996b9183c:c4414]
2019-07-08 22:30:01,315 INFO  client.GrpcClientProtocolClient (GrpcClientProtocolClient.java:onNext(255)) - client-7538DDC4E776->1b229672-9fc1-42d6-9200-214eb0163fc5: receive RaftClientReply:client-7538DDC4E776->1b229672-9fc1-42d6-9200-214eb0163fc5@group-440AB812C07F, cid=2971, SUCCESS, logIndex=4418, commits[1b229672-9fc1-42d6-9200-214eb0163fc5:c4418, 4cc0758a-96f5-4ab9-816d-81d822da247a:c4414, 8693c47f-40a3-4a1c-b7ba-6ed996b9183c:c4414]
2019-07-08 22:30:01,328 INFO  client.GrpcClientProtocolClient (GrpcClientProtocolClient.java:onNext(255)) - client-7538DDC4E776->1b229672-9fc1-42d6-9200-214eb0163fc5: receive RaftClientReply:client-7538DDC4E776->1b229672-9fc1-42d6-9200-214eb0163fc5@group-440AB812C07F, cid=2972, SUCCESS, logIndex=0, commits[1b229672-9fc1-42d6-9200-214eb0163fc5:c4420, 4cc0758a-96f5-4ab9-816d-81d822da247a:c4416, 8693c47f-40a3-4a1c-b7ba-6ed996b9183c:c4416]
2019-07-08 22:30:01,344 INFO  client.GrpcClientProtocolClient (GrpcClientProtocolClient.java:onNext(255)) - client-7538DDC4E776->1b229672-9fc1-42d6-9200-214eb0163fc5: receive RaftClientReply:client-7538DDC4E776->1b229672-9fc1-42d6-9200-214eb0163fc5@group-440AB812C07F, cid=2973, SUCCESS, logIndex=4422, commits[1b229672-9fc1-42d6-9200-214eb0163fc5:c4423, 4cc0758a-96f5-4ab9-816d-81d822da247a:c4421, 8693c47f-40a3-4a1c-b7ba-6ed996b9183c:c4421]
2019-07-08 22:30:01,344 INFO  client.GrpcClientProtocolClient (GrpcClientProtocolClient.java:onNext(255)) - client-7538DDC4E776->1b229672-9fc1-42d6-9200-214eb0163fc5: receive RaftClientReply:client-7538DDC4E776->1b229672-9fc1-42d6-9200-214eb0163fc5@group-440AB812C07F, cid=2974, SUCCESS, logIndex=4423, commits[1b229672-9fc1-42d6-9200-214eb0163fc5:c4423, 4cc0758a-96f5-4ab9-816d-81d822da247a:c4421, 8693c47f-40a3-4a1c-b7ba-6ed996b9183c:c4421]
2019-07-08 22:30:01,360 INFO  client.GrpcClientProtocolClient (GrpcClientProtocolClient.java:onNext(255)) - client-7538DDC4E776->1b229672-9fc1-42d6-9200-214eb0163fc5: receive RaftClientReply:client-7538DDC4E776->1b229672-9fc1-42d6-9200-214eb0163fc5@group-440AB812C07F, cid=2975, SUCCESS, logIndex=4426, commits[1b229672-9fc1-42d6-9200-214eb0163fc5:c4427, 4cc0758a-96f5-4ab9-816d-81d822da247a:c4424, 8693c47f-40a3-4a1c-b7ba-6ed996b9183c:c4424]
2019-07-08 22:30:01,361 INFO  client.GrpcClientProtocolClient (GrpcClientProtocolClient.java:onNext(255)) - client-7538DDC4E776->1b229672-9fc1-42d6-9200-214eb0163fc5: receive RaftClientReply:client-7538DDC4E776->1b229672-9fc1-42d6-9200-214eb0163fc5@group-440AB812C07F, cid=2976, SUCCESS, logIndex=4427, commits[1b229672-9fc1-42d6-9200-214eb0163fc5:c4427, 4cc0758a-96f5-4ab9-816d-81d822da247a:c4424, 8693c47f-40a3-4a1c-b7ba-6ed996b9183c:c4424]
2019-07-08 22:30:01,374 INFO  client.GrpcClientProtocolClient (GrpcClientProtocolClient.java:onNext(255)) - client-7538DDC4E776->1b229672-9fc1-42d6-9200-214eb0163fc5: receive RaftClientReply:client-7538DDC4E776->1b229672-9fc1-42d6-9200-214eb0163fc5@group-440AB812C07F, cid=2977, SUCCESS, logIndex=0, commits[1b229672-9fc1-42d6-9200-214eb0163fc5:c4429, 4cc0758a-96f5-4ab9-816d-81d822da247a:c4427, 8693c47f-40a3-4a1c-b7ba-6ed996b9183c:c4427]
2019-07-08 22:30:01,404 INFO  client.GrpcClientProtocolClient (GrpcClientProtocolClient.java:onNext(255)) - client-7538DDC4E776->1b229672-9fc1-42d6-9200-214eb0163fc5: receive RaftClientReply:client-7538DDC4E776->1b229672-9fc1-42d6-9200-214eb0163fc5@group-440AB812C07F, cid=2978, SUCCESS, logIndex=4430, commits[1b229672-9fc1-42d6-9200-214eb0163fc5:c4431, 4cc0758a-96f5-4ab9-816d-81d822da247a:c4429, 8693c47f-40a3-4a1c-b7ba-6ed996b9183c:c4429]
2019-07-08 22:30:01,405 INFO  client.GrpcClientProtocolClient (GrpcClientProtocolClient.java:onNext(255)) - client-7538DDC4E776->1b229672-9fc1-42d6-9200-214eb0163fc5: receive RaftClientReply:client-7538DDC4E776->1b229672-9fc1-42d6-9200-214eb0163fc5@group-440AB812C07F, cid=2979, SUCCESS, logIndex=4431, commits[1b229672-9fc1-42d6-9200-214eb0163fc5:c4431, 4cc0758a-96f5-4ab9-816d-81d822da247a:c4429, 8693c47f-40a3-4a1c-b7ba-6ed996b9183c:c4429]
2019-07-08 22:30:01,405 INFO  client.GrpcClientProtocolClient (GrpcClientProtocolClient.java:onNext(255)) - client-7538DDC4E776->1b229672-9fc1-42d6-9200-214eb0163fc5: receive RaftClientReply:client-7538DDC4E776->1b229672-9fc1-42d6-9200-214eb0163fc5@group-440AB812C07F, cid=2980, SUCCESS, logIndex=4432, commits[1b229672-9fc1-42d6-9200-214eb0163fc5:c4433, 4cc0758a-96f5-4ab9-816d-81d822da247a:c4429, 8693c47f-40a3-4a1c-b7ba-6ed996b9183c:c4429]
2019-07-08 22:30:01,406 INFO  client.GrpcClientProtocolClient (GrpcClientProtocolClient.java:onNext(255)) - client-7538DDC4E776->1b229672-9fc1-42d6-9200-214eb0163fc5: receive RaftClientReply:client-7538DDC4E776->1b229672-9fc1-42d6-9200-214eb0163fc5@group-440AB812C07F, cid=2981, SUCCESS, logIndex=4433, commits[1b229672-9fc1-42d6-9200-214eb0163fc5:c4433, 4cc0758a-96f5-4ab9-816d-81d822da247a:c4429, 8693c47f-40a3-4a1c-b7ba-6ed996b9183c:c4429]
2019-07-08 22:30:01,479 INFO  client.GrpcClientProtocolClient (GrpcClientProtocolClient.java:onNext(255)) - client-7538DDC4E776->1b229672-9fc1-42d6-9200-214eb0163fc5: receive RaftClientReply:client-7538DDC4E776->1b229672-9fc1-42d6-9200-214eb0163fc5@group-440AB812C07F, cid=2982, SUCCESS, logIndex=0, commits[1b229672-9fc1-42d6-9200-214eb0163fc5:c4437, 4cc0758a-96f5-4ab9-816d-81d822da247a:c4433, 8693c47f-40a3-4a1c-b7ba-6ed996b9183c:c4431]
2019-07-08 22:30:01,500 INFO  client.GrpcClientProtocolClient (GrpcClientProtocolClient.java:onNext(255)) - client-7538DDC4E776->1b229672-9fc1-42d6-9200-214eb0163fc5: receive RaftClientReply:client-7538DDC4E776->1b229672-9fc1-42d6-9200-214eb0163fc5@group-440AB812C07F, cid=2983, SUCCESS, logIndex=4438, commits[1b229672-9fc1-42d6-9200-214eb0163fc5:c4439, 4cc0758a-96f5-4ab9-816d-81d822da247a:c4437, 8693c47f-40a3-4a1c-b7ba-6ed996b9183c:c4437]
2019-07-08 22:30:01,501 INFO  client.GrpcClientProtocolClient (GrpcClientProtocolClient.java:onNext(255)) - client-7538DDC4E776->1b229672-9fc1-42d6-9200-214eb0163fc5: receive RaftClientReply:client-7538DDC4E776->1b229672-9fc1-42d6-9200-214eb0163fc5@group-440AB812C07F, cid=2984, SUCCESS, logIndex=4439, commits[1b229672-9fc1-42d6-9200-214eb0163fc5:c4439, 4cc0758a-96f5-4ab9-816d-81d822da247a:c4437, 8693c47f-40a3-4a1c-b7ba-6ed996b9183c:c4437]
2019-07-08 22:30:01,515 INFO  client.GrpcClientProtocolClient (GrpcClientProtocolClient.java:onNext(255)) - client-7538DDC4E776->1b229672-9fc1-42d6-9200-214eb0163fc5: receive RaftClientReply:client-7538DDC4E776->1b229672-9fc1-42d6-9200-214eb0163fc5@group-440AB812C07F, cid=2985, SUCCESS, logIndex=4442, commits[1b229672-9fc1-42d6-9200-214eb0163fc5:c4443, 4cc0758a-96f5-4ab9-816d-81d822da247a:c4439, 8693c47f-40a3-4a1c-b7ba-6ed996b9183c:c4439]
2019-07-08 22:30:01,516 INFO  client.GrpcClientProtocolClient (GrpcClientProtocolClient.java:onNext(255)) - client-7538DDC4E776->1b229672-9fc1-42d6-9200-214eb0163fc5: receive RaftClientReply:client-7538DDC4E776->1b229672-9fc1-42d6-9200-214eb0163fc5@group-440AB812C07F, cid=2986, SUCCESS, logIndex=4443, commits[1b229672-9fc1-42d6-9200-214eb0163fc5:c4443, 4cc0758a-96f5-4ab9-816d-81d822da247a:c4439, 8693c47f-40a3-4a1c-b7ba-6ed996b9183c:c4439]
2019-07-08 22:30:01,547 INFO  client.GrpcClientProtocolClient (GrpcClientProtocolClient.java:onNext(255)) - client-7538DDC4E776->1b229672-9fc1-42d6-9200-214eb0163fc5: receive RaftClientReply:client-7538DDC4E776->1b229672-9fc1-42d6-9200-214eb0163fc5@group-440AB812C07F, cid=2987, SUCCESS, logIndex=0, commits[1b229672-9fc1-42d6-9200-214eb0163fc5:c4445, 4cc0758a-96f5-4ab9-816d-81d822da247a:c4443, 8693c47f-40a3-4a1c-b7ba-6ed996b9183c:c4443]
2019-07-08 22:30:01,580 INFO  client.GrpcClientProtocolClient (GrpcClientProtocolClient.java:onNext(255)) - client-7538DDC4E776->1b229672-9fc1-42d6-9200-214eb0163fc5: receive RaftClientReply:client-7538DDC4E776->1b229672-9fc1-42d6-9200-214eb0163fc5@group-440AB812C07F, cid=2988, SUCCESS, logIndex=4446, commits[1b229672-9fc1-42d6-9200-214eb0163fc5:c4447, 4cc0758a-96f5-4ab9-816d-81d822da247a:c4445, 8693c47f-40a3-4a1c-b7ba-6ed996b9183c:c4445]
2019-07-08 22:30:01,580 INFO  client.GrpcClientProtocolClient (GrpcClientProtocolClient.java:onNext(255)) - client-7538DDC4E776->1b229672-9fc1-42d6-9200-214eb0163fc5: receive RaftClientReply:client-7538DDC4E776->1b229672-9fc1-42d6-9200-214eb0163fc5@group-440AB812C07F, cid=2989, SUCCESS, logIndex=4447, commits[1b229672-9fc1-42d6-9200-214eb0163fc5:c4447, 4cc0758a-96f5-4ab9-816d-81d822da247a:c4445, 8693c47f-40a3-4a1c-b7ba-6ed996b9183c:c4445]
2019-07-08 22:30:01,581 INFO  client.GrpcClientProtocolClient (GrpcClientProtocolClient.java:onNext(255)) - client-7538DDC4E776->1b229672-9fc1-42d6-9200-214eb0163fc5: receive RaftClientReply:client-7538DDC4E776->1b229672-9fc1-42d6-9200-214eb0163fc5@group-440AB812C07F, cid=2990, SUCCESS, logIndex=4448, commits[1b229672-9fc1-42d6-9200-214eb0163fc5:c4449, 4cc0758a-96f5-4ab9-816d-81d822da247a:c4445, 8693c47f-40a3-4a1c-b7ba-6ed996b9183c:c4445]
2019-07-08 22:30:01,581 INFO  client.GrpcClientProtocolClient (GrpcClientProtocolClient.java:onNext(255)) - client-7538DDC4E776->1b229672-9fc1-42d6-9200-214eb0163fc5: receive RaftClientReply:client-7538DDC4E776->1b229672-9fc1-42d6-9200-214eb0163fc5@group-440AB812C07F, cid=2991, SUCCESS, logIndex=4449, commits[1b229672-9fc1-42d6-9200-214eb0163fc5:c4449, 4cc0758a-96f5-4ab9-816d-81d822da247a:c4445, 8693c47f-40a3-4a1c-b7ba-6ed996b9183c:c4445]
2019-07-08 22:30:01,596 INFO  client.GrpcClientProtocolClient (GrpcClientProtocolClient.java:onNext(255)) - client-7538DDC4E776->1b229672-9fc1-42d6-9200-214eb0163fc5: receive RaftClientReply:client-7538DDC4E776->1b229672-9fc1-42d6-9200-214eb0163fc5@group-440AB812C07F, cid=2992, SUCCESS, logIndex=0, commits[1b229672-9fc1-42d6-9200-214eb0163fc5:c4451, 4cc0758a-96f5-4ab9-816d-81d822da247a:c4447, 8693c47f-40a3-4a1c-b7ba-6ed996b9183c:c4447]
2019-07-08 22:30:01,618 INFO  client.GrpcClientProtocolClient (GrpcClientProtocolClient.java:onNext(255)) - client-7538DDC4E776->1b229672-9fc1-42d6-9200-214eb0163fc5: receive RaftClientReply:client-7538DDC4E776->1b229672-9fc1-42d6-9200-214eb0163fc5@group-440AB812C07F, cid=2993, SUCCESS, logIndex=4454, commits[1b229672-9fc1-42d6-9200-214eb0163fc5:c4455, 4cc0758a-96f5-4ab9-816d-81d822da247a:c4453, 8693c47f-40a3-4a1c-b7ba-6ed996b9183c:c4453]
2019-07-08 22:30:01,619 INFO  client.GrpcClientProtocolClient (GrpcClientProtocolClient.java:onNext(255)) - client-7538DDC4E776->1b229672-9fc1-42d6-9200-214eb0163fc5: receive RaftClientReply:client-7538DDC4E776->1b229672-9fc1-42d6-9200-214eb0163fc5@group-440AB812C07F, cid=2994, SUCCESS, logIndex=4455, commits[1b229672-9fc1-42d6-9200-214eb0163fc5:c4455, 4cc0758a-96f5-4ab9-816d-81d822da247a:c4453, 8693c47f-40a3-4a1c-b7ba-6ed996b9183c:c4453]
2019-07-08 22:30:01,648 INFO  client.GrpcClientProtocolClient (GrpcClientProtocolClient.java:onNext(255)) - client-7538DDC4E776->1b229672-9fc1-42d6-9200-214eb0163fc5: receive RaftClientReply:client-7538DDC4E776->1b229672-9fc1-42d6-9200-214eb0163fc5@group-440AB812C07F, cid=2995, SUCCESS, logIndex=4458, commits[1b229672-9fc1-42d6-9200-214eb0163fc5:c4459, 4cc0758a-96f5-4ab9-816d-81d822da247a:c4456, 8693c47f-40a3-4a1c-b7ba-6ed996b9183c:c4455]
2019-07-08 22:30:01,648 INFO  client.GrpcClientProtocolClient (GrpcClientProtocolClient.java:onNext(255)) - client-7538DDC4E776->1b229672-9fc1-42d6-9200-214eb0163fc5: receive RaftClientReply:client-7538DDC4E776->1b229672-9fc1-42d6-9200-214eb0163fc5@group-440AB812C07F, cid=2996, SUCCESS, logIndex=4459, commits[1b229672-9fc1-42d6-9200-214eb0163fc5:c4459, 4cc0758a-96f5-4ab9-816d-81d822da247a:c4456, 8693c47f-40a3-4a1c-b7ba-6ed996b9183c:c4456]
2019-07-08 22:30:01,673 INFO  client.GrpcClientProtocolClient (GrpcClientProtocolClient.java:onNext(255)) - client-7538DDC4E776->1b229672-9fc1-42d6-9200-214eb0163fc5: receive RaftClientReply:client-7538DDC4E776->1b229672-9fc1-42d6-9200-214eb0163fc5@group-440AB812C07F, cid=2997, SUCCESS, logIndex=0, commits[1b229672-9fc1-42d6-9200-214eb0163fc5:c4461, 4cc0758a-96f5-4ab9-816d-81d822da247a:c4459, 8693c47f-40a3-4a1c-b7ba-6ed996b9183c:c4459]
2019-07-08 22:30:01,708 INFO  client.GrpcClientProtocolClient (GrpcClientProtocolClient.java:onNext(255)) - client-7538DDC4E776->1b229672-9fc1-42d6-9200-214eb0163fc5: receive RaftClientReply:client-7538DDC4E776->1b229672-9fc1-42d6-9200-214eb0163fc5@group-440AB812C07F, cid=2998, SUCCESS, logIndex=4462, commits[1b229672-9fc1-42d6-9200-214eb0163fc5:c4463, 4cc0758a-96f5-4ab9-816d-81d822da247a:c4461, 8693c47f-40a3-4a1c-b7ba-6ed996b9183c:c4461]
2019-07-08 22:30:01,708 INFO  client.GrpcClientProtocolClient (GrpcClientProtocolClient.java:onNext(255)) - client-7538DDC4E776->1b229672-9fc1-42d6-9200-214eb0163fc5: receive RaftClientReply:client-7538DDC4E776->1b229672-9fc1-42d6-9200-214eb0163fc5@group-440AB812C07F, cid=2999, SUCCESS, logIndex=4463, commits[1b229672-9fc1-42d6-9200-214eb0163fc5:c4463, 4cc0758a-96f5-4ab9-816d-81d822da247a:c4461, 8693c47f-40a3-4a1c-b7ba-6ed996b9183c:c4461]
2019-07-08 22:30:01,719 INFO  client.GrpcClientProtocolClient (GrpcClientProtocolClient.java:onNext(255)) - client-7538DDC4E776->1b229672-9fc1-42d6-9200-214eb0163fc5: receive RaftClientReply:client-7538DDC4E776->1b229672-9fc1-42d6-9200-214eb0163fc5@group-440AB812C07F, cid=3000, SUCCESS, logIndex=4464, commits[1b229672-9fc1-42d6-9200-214eb0163fc5:c4465, 4cc0758a-96f5-4ab9-816d-81d822da247a:c4461, 8693c47f-40a3-4a1c-b7ba-6ed996b9183c:c4461]
2019-07-08 22:30:01,720 INFO  client.GrpcClientProtocolClient (GrpcClientProtocolClient.java:onNext(255)) - client-7538DDC4E776->1b229672-9fc1-42d6-9200-214eb0163fc5: receive RaftClientReply:client-7538DDC4E776->1b229672-9fc1-42d6-9200-214eb0163fc5@group-440AB812C07F, cid=3001, SUCCESS, logIndex=4465, commits[1b229672-9fc1-42d6-9200-214eb0163fc5:c4465, 4cc0758a-96f5-4ab9-816d-81d822da247a:c4461, 8693c47f-40a3-4a1c-b7ba-6ed996b9183c:c4461]
2019-07-08 22:30:01,723 INFO  client.GrpcClientProtocolClient (GrpcClientProtocolClient.java:onNext(255)) - client-7538DDC4E776->1b229672-9fc1-42d6-9200-214eb0163fc5: receive RaftClientReply:client-7538DDC4E776->1b229672-9fc1-42d6-9200-214eb0163fc5@group-440AB812C07F, cid=3002, SUCCESS, logIndex=0, commits[1b229672-9fc1-42d6-9200-214eb0163fc5:c4467, 4cc0758a-96f5-4ab9-816d-81d822da247a:c4463, 8693c47f-40a3-4a1c-b7ba-6ed996b9183c:c4463]
2019-07-08 22:30:01,736 INFO  client.GrpcClientProtocolClient (GrpcClientProtocolClient.java:onNext(255)) - client-7538DDC4E776->1b229672-9fc1-42d6-9200-214eb0163fc5: receive RaftClientReply:client-7538DDC4E776->1b229672-9fc1-42d6-9200-214eb0163fc5@group-440AB812C07F, cid=3003, SUCCESS, logIndex=4470, commits[1b229672-9fc1-42d6-9200-214eb0163fc5:c4471, 4cc0758a-96f5-4ab9-816d-81d822da247a:c4465, 8693c47f-40a3-4a1c-b7ba-6ed996b9183c:c4469]
2019-07-08 22:30:01,737 INFO  client.GrpcClientProtocolClient (GrpcClientProtocolClient.java:onNext(255)) - client-7538DDC4E776->1b229672-9fc1-42d6-9200-214eb0163fc5: receive RaftClientReply:client-7538DDC4E776->1b229672-9fc1-42d6-9200-214eb0163fc5@group-440AB812C07F, cid=3004, SUCCESS, logIndex=4471, commits[1b229672-9fc1-42d6-9200-214eb0163fc5:c4471, 4cc0758a-96f5-4ab9-816d-81d822da247a:c4469, 8693c47f-40a3-4a1c-b7ba-6ed996b9183c:c4469]
2019-07-08 22:30:01,863 INFO  client.GrpcClientProtocolClient (GrpcClientProtocolClient.java:onNext(255)) - client-7538DDC4E776->1b229672-9fc1-42d6-9200-214eb0163fc5: receive RaftClientReply:client-7538DDC4E776->1b229672-9fc1-42d6-9200-214eb0163fc5@group-440AB812C07F, cid=3005, SUCCESS, logIndex=4473, commits[1b229672-9fc1-42d6-9200-214eb0163fc5:c4474, 4cc0758a-96f5-4ab9-816d-81d822da247a:c4472, 8693c47f-40a3-4a1c-b7ba-6ed996b9183c:c4472]
2019-07-08 22:30:01,863 INFO  client.GrpcClientProtocolClient (GrpcClientProtocolClient.java:onNext(255)) - client-7538DDC4E776->1b229672-9fc1-42d6-9200-214eb0163fc5: receive RaftClientReply:client-7538DDC4E776->1b229672-9fc1-42d6-9200-214eb0163fc5@group-440AB812C07F, cid=3006, SUCCESS, logIndex=4474, commits[1b229672-9fc1-42d6-9200-214eb0163fc5:c4474, 4cc0758a-96f5-4ab9-816d-81d822da247a:c4472, 8693c47f-40a3-4a1c-b7ba-6ed996b9183c:c4472]
 0.00% |█                                                                                                    |  0/1 Time: 0:00:282019-07-08 22:30:01,877 INFO  client.GrpcClientProtocolClient (GrpcClientProtocolClient.java:onNext(255)) - client-7538DDC4E776->1b229672-9fc1-42d6-9200-214eb0163fc5: receive RaftClientReply:client-7538DDC4E776->1b229672-9fc1-42d6-9200-214eb0163fc5@group-440AB812C07F, cid=3007, SUCCESS, logIndex=0, commits[1b229672-9fc1-42d6-9200-214eb0163fc5:c4476, 4cc0758a-96f5-4ab9-816d-81d822da247a:c4474, 8693c47f-40a3-4a1c-b7ba-6ed996b9183c:c4474]
2019-07-08 22:30:01,911 INFO  client.GrpcClientProtocolClient (GrpcClientProtocolClient.java:onNext(255)) - client-7538DDC4E776->1b229672-9fc1-42d6-9200-214eb0163fc5: receive RaftClientReply:client-7538DDC4E776->1b229672-9fc1-42d6-9200-214eb0163fc5@group-440AB812C07F, cid=3008, SUCCESS, logIndex=4477, commits[1b229672-9fc1-42d6-9200-214eb0163fc5:c4478, 4cc0758a-96f5-4ab9-816d-81d822da247a:c4476, 8693c47f-40a3-4a1c-b7ba-6ed996b9183c:c4476]
2019-07-08 22:30:01,912 INFO  client.GrpcClientProtocolClient (GrpcClientProtocolClient.java:onNext(255)) - client-7538DDC4E776->1b229672-9fc1-42d6-9200-214eb0163fc5: receive RaftClientReply:client-7538DDC4E776->1b229672-9fc1-42d6-9200-214eb0163fc5@group-440AB812C07F, cid=3009, SUCCESS, logIndex=4478, commits[1b229672-9fc1-42d6-9200-214eb0163fc5:c4478, 4cc0758a-96f5-4ab9-816d-81d822da247a:c4476, 8693c47f-40a3-4a1c-b7ba-6ed996b9183c:c4476]
2019-07-08 22:30:01,924 INFO  client.GrpcClientProtocolClient (GrpcClientProtocolClient.java:onNext(255)) - client-7538DDC4E776->1b229672-9fc1-42d6-9200-214eb0163fc5: receive RaftClientReply:client-7538DDC4E776->1b229672-9fc1-42d6-9200-214eb0163fc5@group-440AB812C07F, cid=3010, SUCCESS, logIndex=4479, commits[1b229672-9fc1-42d6-9200-214eb0163fc5:c4480, 4cc0758a-96f5-4ab9-816d-81d822da247a:c4476, 8693c47f-40a3-4a1c-b7ba-6ed996b9183c:c4476]
2019-07-08 22:30:01,924 INFO  client.GrpcClientProtocolClient (GrpcClientProtocolClient.java:onNext(255)) - client-7538DDC4E776->1b229672-9fc1-42d6-9200-214eb0163fc5: receive RaftClientReply:client-7538DDC4E776->1b229672-9fc1-42d6-9200-214eb0163fc5@group-440AB812C07F, cid=3011, SUCCESS, logIndex=4480, commits[1b229672-9fc1-42d6-9200-214eb0163fc5:c4480, 4cc0758a-96f5-4ab9-816d-81d822da247a:c4476, 8693c47f-40a3-4a1c-b7ba-6ed996b9183c:c4476]
2019-07-08 22:30:01,937 INFO  client.GrpcClientProtocolClient (GrpcClientProtocolClient.java:onNext(255)) - client-7538DDC4E776->1b229672-9fc1-42d6-9200-214eb0163fc5: receive RaftClientReply:client-7538DDC4E776->1b229672-9fc1-42d6-9200-214eb0163fc5@group-440AB812C07F, cid=3012, SUCCESS, logIndex=0, commits[1b229672-9fc1-42d6-9200-214eb0163fc5:c4482, 4cc0758a-96f5-4ab9-816d-81d822da247a:c4478, 8693c47f-40a3-4a1c-b7ba-6ed996b9183c:c4478]
2019-07-08 22:30:01,963 INFO  client.GrpcClientProtocolClient (GrpcClientProtocolClient.java:onNext(255)) - client-7538DDC4E776->1b229672-9fc1-42d6-9200-214eb0163fc5: receive RaftClientReply:client-7538DDC4E776->1b229672-9fc1-42d6-9200-214eb0163fc5@group-440AB812C07F, cid=3013, SUCCESS, logIndex=4485, commits[1b229672-9fc1-42d6-9200-214eb0163fc5:c4486, 4cc0758a-96f5-4ab9-816d-81d822da247a:c4482, 8693c47f-40a3-4a1c-b7ba-6ed996b9183c:c4482]
2019-07-08 22:30:01,963 INFO  client.GrpcClientProtocolClient (GrpcClientProtocolClient.java:onNext(255)) - client-7538DDC4E776->1b229672-9fc1-42d6-9200-214eb0163fc5: receive RaftClientReply:client-7538DDC4E776->1b229672-9fc1-42d6-9200-214eb0163fc5@group-440AB812C07F, cid=3014, SUCCESS, logIndex=4486, commits[1b229672-9fc1-42d6-9200-214eb0163fc5:c4486, 4cc0758a-96f5-4ab9-816d-81d822da247a:c4482, 8693c47f-40a3-4a1c-b7ba-6ed996b9183c:c4482]
2019-07-08 22:30:02,004 INFO  client.GrpcClientProtocolClient (GrpcClientProtocolClient.java:onNext(255)) - client-7538DDC4E776->1b229672-9fc1-42d6-9200-214eb0163fc5: receive RaftClientReply:client-7538DDC4E776->1b229672-9fc1-42d6-9200-214eb0163fc5@group-440AB812C07F, cid=3015, SUCCESS, logIndex=4489, commits[1b229672-9fc1-42d6-9200-214eb0163fc5:c4490, 4cc0758a-96f5-4ab9-816d-81d822da247a:c4486, 8693c47f-40a3-4a1c-b7ba-6ed996b9183c:c4486]
2019-07-08 22:30:02,004 INFO  client.GrpcClientProtocolClient (GrpcClientProtocolClient.java:onNext(255)) - client-7538DDC4E776->1b229672-9fc1-42d6-9200-214eb0163fc5: receive RaftClientReply:client-7538DDC4E776->1b229672-9fc1-42d6-9200-214eb0163fc5@group-440AB812C07F, cid=3016, SUCCESS, logIndex=4490, commits[1b229672-9fc1-42d6-9200-214eb0163fc5:c4490, 4cc0758a-96f5-4ab9-816d-81d822da247a:c4486, 8693c47f-40a3-4a1c-b7ba-6ed996b9183c:c4486]
2019-07-08 22:30:02,007 INFO  client.GrpcClientProtocolClient (GrpcClientProtocolClient.java:onNext(255)) - client-7538DDC4E776->1b229672-9fc1-42d6-9200-214eb0163fc5: receive RaftClientReply:client-7538DDC4E776->1b229672-9fc1-42d6-9200-214eb0163fc5@group-440AB812C07F, cid=3017, SUCCESS, logIndex=0, commits[1b229672-9fc1-42d6-9200-214eb0163fc5:c4491, 4cc0758a-96f5-4ab9-816d-81d822da247a:c4490, 8693c47f-40a3-4a1c-b7ba-6ed996b9183c:c4490]
2019-07-08 22:30:02,033 INFO  client.GrpcClientProtocolClient (GrpcClientProtocolClient.java:onNext(255)) - client-7538DDC4E776->1b229672-9fc1-42d6-9200-214eb0163fc5: receive RaftClientReply:client-7538DDC4E776->1b229672-9fc1-42d6-9200-214eb0163fc5@group-440AB812C07F, cid=3018, SUCCESS, logIndex=4493, commits[1b229672-9fc1-42d6-9200-214eb0163fc5:c4494, 4cc0758a-96f5-4ab9-816d-81d822da247a:c4490, 8693c47f-40a3-4a1c-b7ba-6ed996b9183c:c4492]
2019-07-08 22:30:02,034 INFO  client.GrpcClientProtocolClient (GrpcClientProtocolClient.java:onNext(255)) - client-7538DDC4E776->1b229672-9fc1-42d6-9200-214eb0163fc5: receive RaftClientReply:client-7538DDC4E776->1b229672-9fc1-42d6-9200-214eb0163fc5@group-440AB812C07F, cid=3019, SUCCESS, logIndex=4494, commits[1b229672-9fc1-42d6-9200-214eb0163fc5:c4494, 4cc0758a-96f5-4ab9-816d-81d822da247a:c4490, 8693c47f-40a3-4a1c-b7ba-6ed996b9183c:c4492]
2019-07-08 22:30:02,037 INFO  client.GrpcClientProtocolClient (GrpcClientProtocolClient.java:onNext(255)) - client-7538DDC4E776->1b229672-9fc1-42d6-9200-214eb0163fc5: receive RaftClientReply:client-7538DDC4E776->1b229672-9fc1-42d6-9200-214eb0163fc5@group-440AB812C07F, cid=3020, SUCCESS, logIndex=4495, commits[1b229672-9fc1-42d6-9200-214eb0163fc5:c4497, 4cc0758a-96f5-4ab9-816d-81d822da247a:c4492, 8693c47f-40a3-4a1c-b7ba-6ed996b9183c:c4494]
2019-07-08 22:30:02,037 INFO  client.GrpcClientProtocolClient (GrpcClientProtocolClient.java:onNext(255)) - client-7538DDC4E776->1b229672-9fc1-42d6-9200-214eb0163fc5: receive RaftClientReply:client-7538DDC4E776->1b229672-9fc1-42d6-9200-214eb0163fc5@group-440AB812C07F, cid=3021, SUCCESS, logIndex=4496, commits[1b229672-9fc1-42d6-9200-214eb0163fc5:c4498, 4cc0758a-96f5-4ab9-816d-81d822da247a:c4492, 8693c47f-40a3-4a1c-b7ba-6ed996b9183c:c4494]
2019-07-08 22:30:02,038 INFO  client.GrpcClientProtocolClient (GrpcClientProtocolClient.java:onNext(255)) - client-7538DDC4E776->1b229672-9fc1-42d6-9200-214eb0163fc5: receive RaftClientReply:client-7538DDC4E776->1b229672-9fc1-42d6-9200-214eb0163fc5@group-440AB812C07F, cid=3022, SUCCESS, logIndex=0, commits[1b229672-9fc1-42d6-9200-214eb0163fc5:c4498, 4cc0758a-96f5-4ab9-816d-81d822da247a:c4494, 8693c47f-40a3-4a1c-b7ba-6ed996b9183c:c4494]
2019-07-08 22:30:02,051 INFO  client.GrpcClientProtocolClient (GrpcClientProtocolClient.java:onNext(255)) - client-7538DDC4E776->1b229672-9fc1-42d6-9200-214eb0163fc5: receive RaftClientReply:client-7538DDC4E776->1b229672-9fc1-42d6-9200-214eb0163fc5@group-440AB812C07F, cid=3023, SUCCESS, logIndex=4501, commits[1b229672-9fc1-42d6-9200-214eb0163fc5:c4502, 4cc0758a-96f5-4ab9-816d-81d822da247a:c4500, 8693c47f-40a3-4a1c-b7ba-6ed996b9183c:c4496]
2019-07-08 22:30:02,051 INFO  client.GrpcClientProtocolClient (GrpcClientProtocolClient.java:onNext(255)) - client-7538DDC4E776->1b229672-9fc1-42d6-9200-214eb0163fc5: receive RaftClientReply:client-7538DDC4E776->1b229672-9fc1-42d6-9200-214eb0163fc5@group-440AB812C07F, cid=3024, SUCCESS, logIndex=4502, commits[1b229672-9fc1-42d6-9200-214eb0163fc5:c4502, 4cc0758a-96f5-4ab9-816d-81d822da247a:c4500, 8693c47f-40a3-4a1c-b7ba-6ed996b9183c:c4500]
2019-07-08 22:30:02,091 INFO  client.GrpcClientProtocolClient (GrpcClientProtocolClient.java:onNext(255)) - client-7538DDC4E776->1b229672-9fc1-42d6-9200-214eb0163fc5: receive RaftClientReply:client-7538DDC4E776->1b229672-9fc1-42d6-9200-214eb0163fc5@group-440AB812C07F, cid=3025, SUCCESS, logIndex=4505, commits[1b229672-9fc1-42d6-9200-214eb0163fc5:c4506, 4cc0758a-96f5-4ab9-816d-81d822da247a:c4503, 8693c47f-40a3-4a1c-b7ba-6ed996b9183c:c4503]
2019-07-08 22:30:02,092 INFO  client.GrpcClientProtocolClient (GrpcClientProtocolClient.java:onNext(255)) - client-7538DDC4E776->1b229672-9fc1-42d6-9200-214eb0163fc5: receive RaftClientReply:client-7538DDC4E776->1b229672-9fc1-42d6-9200-214eb0163fc5@group-440AB812C07F, cid=3026, SUCCESS, logIndex=4506, commits[1b229672-9fc1-42d6-9200-214eb0163fc5:c4506, 4cc0758a-96f5-4ab9-816d-81d822da247a:c4503, 8693c47f-40a3-4a1c-b7ba-6ed996b9183c:c4503]
2019-07-08 22:30:02,094 INFO  client.GrpcClientProtocolClient (GrpcClientProtocolClient.java:onNext(255)) - client-7538DDC4E776->1b229672-9fc1-42d6-9200-214eb0163fc5: receive RaftClientReply:client-7538DDC4E776->1b229672-9fc1-42d6-9200-214eb0163fc5@group-440AB812C07F, cid=3027, SUCCESS, logIndex=0, commits[1b229672-9fc1-42d6-9200-214eb0163fc5:c4507, 4cc0758a-96f5-4ab9-816d-81d822da247a:c4506, 8693c47f-40a3-4a1c-b7ba-6ed996b9183c:c4506]
2019-07-08 22:30:02,126 INFO  client.GrpcClientProtocolClient (GrpcClientProtocolClient.java:onNext(255)) - client-7538DDC4E776->1b229672-9fc1-42d6-9200-214eb0163fc5: receive RaftClientReply:client-7538DDC4E776->1b229672-9fc1-42d6-9200-214eb0163fc5@group-440AB812C07F, cid=3028, SUCCESS, logIndex=4509, commits[1b229672-9fc1-42d6-9200-214eb0163fc5:c4510, 4cc0758a-96f5-4ab9-816d-81d822da247a:c4508, 8693c47f-40a3-4a1c-b7ba-6ed996b9183c:c4508]
2019-07-08 22:30:02,127 INFO  client.GrpcClientProtocolClient (GrpcClientProtocolClient.java:onNext(255)) - client-7538DDC4E776->1b229672-9fc1-42d6-9200-214eb0163fc5: receive RaftClientReply:client-7538DDC4E776->1b229672-9fc1-42d6-9200-214eb0163fc5@group-440AB812C07F, cid=3029, SUCCESS, logIndex=4510, commits[1b229672-9fc1-42d6-9200-214eb0163fc5:c4510, 4cc0758a-96f5-4ab9-816d-81d822da247a:c4508, 8693c47f-40a3-4a1c-b7ba-6ed996b9183c:c4508]
2019-07-08 22:30:02,127 INFO  client.GrpcClientProtocolClient (GrpcClientProtocolClient.java:onNext(255)) - client-7538DDC4E776->1b229672-9fc1-42d6-9200-214eb0163fc5: receive RaftClientReply:client-7538DDC4E776->1b229672-9fc1-42d6-9200-214eb0163fc5@group-440AB812C07F, cid=3030, SUCCESS, logIndex=4511, commits[1b229672-9fc1-42d6-9200-214eb0163fc5:c4512, 4cc0758a-96f5-4ab9-816d-81d822da247a:c4508, 8693c47f-40a3-4a1c-b7ba-6ed996b9183c:c4508]
2019-07-08 22:30:02,128 INFO  client.GrpcClientProtocolClient (GrpcClientProtocolClient.java:onNext(255)) - client-7538DDC4E776->1b229672-9fc1-42d6-9200-214eb0163fc5: receive RaftClientReply:client-7538DDC4E776->1b229672-9fc1-42d6-9200-214eb0163fc5@group-440AB812C07F, cid=3031, SUCCESS, logIndex=4512, commits[1b229672-9fc1-42d6-9200-214eb0163fc5:c4512, 4cc0758a-96f5-4ab9-816d-81d822da247a:c4508, 8693c47f-40a3-4a1c-b7ba-6ed996b9183c:c4508]
2019-07-08 22:30:02,141 INFO  client.GrpcClientProtocolClient (GrpcClientProtocolClient.java:onNext(255)) - client-7538DDC4E776->1b229672-9fc1-42d6-9200-214eb0163fc5: receive RaftClientReply:client-7538DDC4E776->1b229672-9fc1-42d6-9200-214eb0163fc5@group-440AB812C07F, cid=3032, SUCCESS, logIndex=0, commits[1b229672-9fc1-42d6-9200-214eb0163fc5:c4514, 4cc0758a-96f5-4ab9-816d-81d822da247a:c4510, 8693c47f-40a3-4a1c-b7ba-6ed996b9183c:c4510]
2019-07-08 22:30:02,153 INFO  client.GrpcClientProtocolClient (GrpcClientProtocolClient.java:onNext(255)) - client-7538DDC4E776->1b229672-9fc1-42d6-9200-214eb0163fc5: receive RaftClientReply:client-7538DDC4E776->1b229672-9fc1-42d6-9200-214eb0163fc5@group-440AB812C07F, cid=3033, SUCCESS, logIndex=4517, commits[1b229672-9fc1-42d6-9200-214eb0163fc5:c4518, 4cc0758a-96f5-4ab9-816d-81d822da247a:c4516, 8693c47f-40a3-4a1c-b7ba-6ed996b9183c:c4516]
2019-07-08 22:30:02,154 INFO  client.GrpcClientProtocolClient (GrpcClientProtocolClient.java:onNext(255)) - client-7538DDC4E776->1b229672-9fc1-42d6-9200-214eb0163fc5: receive RaftClientReply:client-7538DDC4E776->1b229672-9fc1-42d6-9200-214eb0163fc5@group-440AB812C07F, cid=3034, SUCCESS, logIndex=4518, commits[1b229672-9fc1-42d6-9200-214eb0163fc5:c4518, 4cc0758a-96f5-4ab9-816d-81d822da247a:c4516, 8693c47f-40a3-4a1c-b7ba-6ed996b9183c:c4516]
2019-07-08 22:30:02,180 INFO  client.GrpcClientProtocolClient (GrpcClientProtocolClient.java:onNext(255)) - client-7538DDC4E776->1b229672-9fc1-42d6-9200-214eb0163fc5: receive RaftClientReply:client-7538DDC4E776->1b229672-9fc1-42d6-9200-214eb0163fc5@group-440AB812C07F, cid=3035, SUCCESS, logIndex=4521, commits[1b229672-9fc1-42d6-9200-214eb0163fc5:c4522, 4cc0758a-96f5-4ab9-816d-81d822da247a:c4518, 8693c47f-40a3-4a1c-b7ba-6ed996b9183c:c4518]
2019-07-08 22:30:02,180 INFO  client.GrpcClientProtocolClient (GrpcClientProtocolClient.java:onNext(255)) - client-7538DDC4E776->1b229672-9fc1-42d6-9200-214eb0163fc5: receive RaftClientReply:client-7538DDC4E776->1b229672-9fc1-42d6-9200-214eb0163fc5@group-440AB812C07F, cid=3036, SUCCESS, logIndex=4522, commits[1b229672-9fc1-42d6-9200-214eb0163fc5:c4522, 4cc0758a-96f5-4ab9-816d-81d822da247a:c4518, 8693c47f-40a3-4a1c-b7ba-6ed996b9183c:c4518]
2019-07-08 22:30:02,193 INFO  client.GrpcClientProtocolClient (GrpcClientProtocolClient.java:onNext(255)) - client-7538DDC4E776->1b229672-9fc1-42d6-9200-214eb0163fc5: receive RaftClientReply:client-7538DDC4E776->1b229672-9fc1-42d6-9200-214eb0163fc5@group-440AB812C07F, cid=3037, SUCCESS, logIndex=0, commits[1b229672-9fc1-42d6-9200-214eb0163fc5:c4523, 4cc0758a-96f5-4ab9-816d-81d822da247a:c4522, 8693c47f-40a3-4a1c-b7ba-6ed996b9183c:c4522]
2019-07-08 22:30:02,223 INFO  client.GrpcClientProtocolClient (GrpcClientProtocolClient.java:onNext(255)) - client-7538DDC4E776->1b229672-9fc1-42d6-9200-214eb0163fc5: receive RaftClientReply:client-7538DDC4E776->1b229672-9fc1-42d6-9200-214eb0163fc5@group-440AB812C07F, cid=3038, SUCCESS, logIndex=4525, commits[1b229672-9fc1-42d6-9200-214eb0163fc5:c4526, 4cc0758a-96f5-4ab9-816d-81d822da247a:c4524, 8693c47f-40a3-4a1c-b7ba-6ed996b9183c:c4524]
2019-07-08 22:30:02,224 INFO  client.GrpcClientProtocolClient (GrpcClientProtocolClient.java:onNext(255)) - client-7538DDC4E776->1b229672-9fc1-42d6-9200-214eb0163fc5: receive RaftClientReply:client-7538DDC4E776->1b229672-9fc1-42d6-9200-214eb0163fc5@group-440AB812C07F, cid=3039, SUCCESS, logIndex=4526, commits[1b229672-9fc1-42d6-9200-214eb0163fc5:c4526, 4cc0758a-96f5-4ab9-816d-81d822da247a:c4524, 8693c47f-40a3-4a1c-b7ba-6ed996b9183c:c4524]
2019-07-08 22:30:02,224 INFO  client.GrpcClientProtocolClient (GrpcClientProtocolClient.java:onNext(255)) - client-7538DDC4E776->1b229672-9fc1-42d6-9200-214eb0163fc5: receive RaftClientReply:client-7538DDC4E776->1b229672-9fc1-42d6-9200-214eb0163fc5@group-440AB812C07F, cid=3040, SUCCESS, logIndex=4527, commits[1b229672-9fc1-42d6-9200-214eb0163fc5:c4528, 4cc0758a-96f5-4ab9-816d-81d822da247a:c4524, 8693c47f-40a3-4a1c-b7ba-6ed996b9183c:c4524]
2019-07-08 22:30:02,225 INFO  client.GrpcClientProtocolClient (GrpcClientProtocolClient.java:onNext(255)) - client-7538DDC4E776->1b229672-9fc1-42d6-9200-214eb0163fc5: receive RaftClientReply:client-7538DDC4E776->1b229672-9fc1-42d6-9200-214eb0163fc5@group-440AB812C07F, cid=3041, SUCCESS, logIndex=4528, commits[1b229672-9fc1-42d6-9200-214eb0163fc5:c4528, 4cc0758a-96f5-4ab9-816d-81d822da247a:c4524, 8693c47f-40a3-4a1c-b7ba-6ed996b9183c:c4524]
2019-07-08 22:30:02,230 INFO  client.GrpcClientProtocolClient (GrpcClientProtocolClient.java:onNext(255)) - client-7538DDC4E776->1b229672-9fc1-42d6-9200-214eb0163fc5: receive RaftClientReply:client-7538DDC4E776->1b229672-9fc1-42d6-9200-214eb0163fc5@group-440AB812C07F, cid=3042, SUCCESS, logIndex=0, commits[1b229672-9fc1-42d6-9200-214eb0163fc5:c4529, 4cc0758a-96f5-4ab9-816d-81d822da247a:c4526, 8693c47f-40a3-4a1c-b7ba-6ed996b9183c:c4526]
2019-07-08 22:30:02,240 INFO  client.GrpcClientProtocolClient (GrpcClientProtocolClient.java:onNext(255)) - client-7538DDC4E776->1b229672-9fc1-42d6-9200-214eb0163fc5: receive RaftClientReply:client-7538DDC4E776->1b229672-9fc1-42d6-9200-214eb0163fc5@group-440AB812C07F, cid=3043, SUCCESS, logIndex=4532, commits[1b229672-9fc1-42d6-9200-214eb0163fc5:c4533, 4cc0758a-96f5-4ab9-816d-81d822da247a:c4528, 8693c47f-40a3-4a1c-b7ba-6ed996b9183c:c4531]
2019-07-08 22:30:02,240 INFO  client.GrpcClientProtocolClient (GrpcClientProtocolClient.java:onNext(255)) - client-7538DDC4E776->1b229672-9fc1-42d6-9200-214eb0163fc5: receive RaftClientReply:client-7538DDC4E776->1b229672-9fc1-42d6-9200-214eb0163fc5@group-440AB812C07F, cid=3044, SUCCESS, logIndex=4533, commits[1b229672-9fc1-42d6-9200-214eb0163fc5:c4533, 4cc0758a-96f5-4ab9-816d-81d822da247a:c4528, 8693c47f-40a3-4a1c-b7ba-6ed996b9183c:c4531]
2019-07-08 22:30:02,249 INFO  client.GrpcClientProtocolClient (GrpcClientProtocolClient.java:onNext(255)) - client-7538DDC4E776->1b229672-9fc1-42d6-9200-214eb0163fc5: receive RaftClientReply:client-7538DDC4E776->1b229672-9fc1-42d6-9200-214eb0163fc5@group-440AB812C07F, cid=3045, SUCCESS, logIndex=4536, commits[1b229672-9fc1-42d6-9200-214eb0163fc5:c4537, 4cc0758a-96f5-4ab9-816d-81d822da247a:c4534, 8693c47f-40a3-4a1c-b7ba-6ed996b9183c:c4533]
2019-07-08 22:30:02,249 INFO  client.GrpcClientProtocolClient (GrpcClientProtocolClient.java:onNext(255)) - client-7538DDC4E776->1b229672-9fc1-42d6-9200-214eb0163fc5: receive RaftClientReply:client-7538DDC4E776->1b229672-9fc1-42d6-9200-214eb0163fc5@group-440AB812C07F, cid=3046, SUCCESS, logIndex=4537, commits[1b229672-9fc1-42d6-9200-214eb0163fc5:c4537, 4cc0758a-96f5-4ab9-816d-81d822da247a:c4534, 8693c47f-40a3-4a1c-b7ba-6ed996b9183c:c4533]
2019-07-08 22:30:02,253 INFO  client.GrpcClientProtocolClient (GrpcClientProtocolClient.java:onNext(255)) - client-7538DDC4E776->1b229672-9fc1-42d6-9200-214eb0163fc5: receive RaftClientReply:client-7538DDC4E776->1b229672-9fc1-42d6-9200-214eb0163fc5@group-440AB812C07F, cid=3047, SUCCESS, logIndex=0, commits[1b229672-9fc1-42d6-9200-214eb0163fc5:c4538, 4cc0758a-96f5-4ab9-816d-81d822da247a:c4537, 8693c47f-40a3-4a1c-b7ba-6ed996b9183c:c4537]
2019-07-08 22:30:02,277 INFO  client.GrpcClientProtocolClient (GrpcClientProtocolClient.java:onNext(255)) - client-7538DDC4E776->1b229672-9fc1-42d6-9200-214eb0163fc5: receive RaftClientReply:client-7538DDC4E776->1b229672-9fc1-42d6-9200-214eb0163fc5@group-440AB812C07F, cid=3048, SUCCESS, logIndex=4540, commits[1b229672-9fc1-42d6-9200-214eb0163fc5:c4541, 4cc0758a-96f5-4ab9-816d-81d822da247a:c4539, 8693c47f-40a3-4a1c-b7ba-6ed996b9183c:c4537]
2019-07-08 22:30:02,277 INFO  client.GrpcClientProtocolClient (GrpcClientProtocolClient.java:onNext(255)) - client-7538DDC4E776->1b229672-9fc1-42d6-9200-214eb0163fc5: receive RaftClientReply:client-7538DDC4E776->1b229672-9fc1-42d6-9200-214eb0163fc5@group-440AB812C07F, cid=3049, SUCCESS, logIndex=4541, commits[1b229672-9fc1-42d6-9200-214eb0163fc5:c4541, 4cc0758a-96f5-4ab9-816d-81d822da247a:c4539, 8693c47f-40a3-4a1c-b7ba-6ed996b9183c:c4537]
2019-07-08 22:30:02,280 INFO  client.GrpcClientProtocolClient (GrpcClientProtocolClient.java:onNext(255)) - client-7538DDC4E776->1b229672-9fc1-42d6-9200-214eb0163fc5: receive RaftClientReply:client-7538DDC4E776->1b229672-9fc1-42d6-9200-214eb0163fc5@group-440AB812C07F, cid=3050, SUCCESS, logIndex=4542, commits[1b229672-9fc1-42d6-9200-214eb0163fc5:c4543, 4cc0758a-96f5-4ab9-816d-81d822da247a:c4541, 8693c47f-40a3-4a1c-b7ba-6ed996b9183c:c4539]
2019-07-08 22:30:02,280 INFO  client.GrpcClientProtocolClient (GrpcClientProtocolClient.java:onNext(255)) - client-7538DDC4E776->1b229672-9fc1-42d6-9200-214eb0163fc5: receive RaftClientReply:client-7538DDC4E776->1b229672-9fc1-42d6-9200-214eb0163fc5@group-440AB812C07F, cid=3051, SUCCESS, logIndex=4543, commits[1b229672-9fc1-42d6-9200-214eb0163fc5:c4543, 4cc0758a-96f5-4ab9-816d-81d822da247a:c4541, 8693c47f-40a3-4a1c-b7ba-6ed996b9183c:c4539]
2019-07-08 22:30:02,282 INFO  client.GrpcClientProtocolClient (GrpcClientProtocolClient.java:onNext(255)) - client-7538DDC4E776->1b229672-9fc1-42d6-9200-214eb0163fc5: receive RaftClientReply:client-7538DDC4E776->1b229672-9fc1-42d6-9200-214eb0163fc5@group-440AB812C07F, cid=3052, SUCCESS, logIndex=0, commits[1b229672-9fc1-42d6-9200-214eb0163fc5:c4545, 4cc0758a-96f5-4ab9-816d-81d822da247a:c4541, 8693c47f-40a3-4a1c-b7ba-6ed996b9183c:c4541]
2019-07-08 22:30:02,292 INFO  client.GrpcClientProtocolClient (GrpcClientProtocolClient.java:onNext(255)) - client-7538DDC4E776->1b229672-9fc1-42d6-9200-214eb0163fc5: receive RaftClientReply:client-7538DDC4E776->1b229672-9fc1-42d6-9200-214eb0163fc5@group-440AB812C07F, cid=3053, SUCCESS, logIndex=4548, commits[1b229672-9fc1-42d6-9200-214eb0163fc5:c4549, 4cc0758a-96f5-4ab9-816d-81d822da247a:c4547, 8693c47f-40a3-4a1c-b7ba-6ed996b9183c:c4543]
2019-07-08 22:30:02,292 INFO  client.GrpcClientProtocolClient (GrpcClientProtocolClient.java:onNext(255)) - client-7538DDC4E776->1b229672-9fc1-42d6-9200-214eb0163fc5: receive RaftClientReply:client-7538DDC4E776->1b229672-9fc1-42d6-9200-214eb0163fc5@group-440AB812C07F, cid=3054, SUCCESS, logIndex=4549, commits[1b229672-9fc1-42d6-9200-214eb0163fc5:c4549, 4cc0758a-96f5-4ab9-816d-81d822da247a:c4547, 8693c47f-40a3-4a1c-b7ba-6ed996b9183c:c4547]
2019-07-08 22:30:02,302 INFO  client.GrpcClientProtocolClient (GrpcClientProtocolClient.java:onNext(255)) - client-7538DDC4E776->1b229672-9fc1-42d6-9200-214eb0163fc5: receive RaftClientReply:client-7538DDC4E776->1b229672-9fc1-42d6-9200-214eb0163fc5@group-440AB812C07F, cid=3055, SUCCESS, logIndex=4552, commits[1b229672-9fc1-42d6-9200-214eb0163fc5:c4553, 4cc0758a-96f5-4ab9-816d-81d822da247a:c4551, 8693c47f-40a3-4a1c-b7ba-6ed996b9183c:c4549]
2019-07-08 22:30:02,303 INFO  client.GrpcClientProtocolClient (GrpcClientProtocolClient.java:onNext(255)) - client-7538DDC4E776->1b229672-9fc1-42d6-9200-214eb0163fc5: receive RaftClientReply:client-7538DDC4E776->1b229672-9fc1-42d6-9200-214eb0163fc5@group-440AB812C07F, cid=3056, SUCCESS, logIndex=4553, commits[1b229672-9fc1-42d6-9200-214eb0163fc5:c4553, 4cc0758a-96f5-4ab9-816d-81d822da247a:c4551, 8693c47f-40a3-4a1c-b7ba-6ed996b9183c:c4551]
2019-07-08 22:30:02,304 INFO  client.GrpcClientProtocolClient (GrpcClientProtocolClient.java:onNext(255)) - client-7538DDC4E776->1b229672-9fc1-42d6-9200-214eb0163fc5: receive RaftClientReply:client-7538DDC4E776->1b229672-9fc1-42d6-9200-214eb0163fc5@group-440AB812C07F, cid=3057, SUCCESS, logIndex=0, commits[1b229672-9fc1-42d6-9200-214eb0163fc5:c4554, 4cc0758a-96f5-4ab9-816d-81d822da247a:c4553, 8693c47f-40a3-4a1c-b7ba-6ed996b9183c:c4553]
2019-07-08 22:30:02,333 INFO  client.GrpcClientProtocolClient (GrpcClientProtocolClient.java:onNext(255)) - client-7538DDC4E776->1b229672-9fc1-42d6-9200-214eb0163fc5: receive RaftClientReply:client-7538DDC4E776->1b229672-9fc1-42d6-9200-214eb0163fc5@group-440AB812C07F, cid=3058, SUCCESS, logIndex=4556, commits[1b229672-9fc1-42d6-9200-214eb0163fc5:c4557, 4cc0758a-96f5-4ab9-816d-81d822da247a:c4555, 8693c47f-40a3-4a1c-b7ba-6ed996b9183c:c4555]
2019-07-08 22:30:02,333 INFO  client.GrpcClientProtocolClient (GrpcClientProtocolClient.java:onNext(255)) - client-7538DDC4E776->1b229672-9fc1-42d6-9200-214eb0163fc5: receive RaftClientReply:client-7538DDC4E776->1b229672-9fc1-42d6-9200-214eb0163fc5@group-440AB812C07F, cid=3059, SUCCESS, logIndex=4557, commits[1b229672-9fc1-42d6-9200-214eb0163fc5:c4557, 4cc0758a-96f5-4ab9-816d-81d822da247a:c4555, 8693c47f-40a3-4a1c-b7ba-6ed996b9183c:c4555]
2019-07-08 22:30:02,334 INFO  client.GrpcClientProtocolClient (GrpcClientProtocolClient.java:onNext(255)) - client-7538DDC4E776->1b229672-9fc1-42d6-9200-214eb0163fc5: receive RaftClientReply:client-7538DDC4E776->1b229672-9fc1-42d6-9200-214eb0163fc5@group-440AB812C07F, cid=3060, SUCCESS, logIndex=4558, commits[1b229672-9fc1-42d6-9200-214eb0163fc5:c4558, 4cc0758a-96f5-4ab9-816d-81d822da247a:c4555, 8693c47f-40a3-4a1c-b7ba-6ed996b9183c:c4555]
2019-07-08 22:30:02,334 INFO  client.GrpcClientProtocolClient (GrpcClientProtocolClient.java:onNext(255)) - client-7538DDC4E776->1b229672-9fc1-42d6-9200-214eb0163fc5: receive RaftClientReply:client-7538DDC4E776->1b229672-9fc1-42d6-9200-214eb0163fc5@group-440AB812C07F, cid=3061, SUCCESS, logIndex=4559, commits[1b229672-9fc1-42d6-9200-214eb0163fc5:c4559, 4cc0758a-96f5-4ab9-816d-81d822da247a:c4555, 8693c47f-40a3-4a1c-b7ba-6ed996b9183c:c4555]
2019-07-08 22:30:02,347 INFO  client.GrpcClientProtocolClient (GrpcClientProtocolClient.java:onNext(255)) - client-7538DDC4E776->1b229672-9fc1-42d6-9200-214eb0163fc5: receive RaftClientReply:client-7538DDC4E776->1b229672-9fc1-42d6-9200-214eb0163fc5@group-440AB812C07F, cid=3062, SUCCESS, logIndex=0, commits[1b229672-9fc1-42d6-9200-214eb0163fc5:c4561, 4cc0758a-96f5-4ab9-816d-81d822da247a:c4557, 8693c47f-40a3-4a1c-b7ba-6ed996b9183c:c4557]
2019-07-08 22:30:02,368 INFO  client.GrpcClientProtocolClient (GrpcClientProtocolClient.java:onNext(255)) - client-7538DDC4E776->1b229672-9fc1-42d6-9200-214eb0163fc5: receive RaftClientReply:client-7538DDC4E776->1b229672-9fc1-42d6-9200-214eb0163fc5@group-440AB812C07F, cid=3063, SUCCESS, logIndex=4564, commits[1b229672-9fc1-42d6-9200-214eb0163fc5:c4565, 4cc0758a-96f5-4ab9-816d-81d822da247a:c4563, 8693c47f-40a3-4a1c-b7ba-6ed996b9183c:c4563]
2019-07-08 22:30:02,368 INFO  client.GrpcClientProtocolClient (GrpcClientProtocolClient.java:onNext(255)) - client-7538DDC4E776->1b229672-9fc1-42d6-9200-214eb0163fc5: receive RaftClientReply:client-7538DDC4E776->1b229672-9fc1-42d6-9200-214eb0163fc5@group-440AB812C07F, cid=3064, SUCCESS, logIndex=4565, commits[1b229672-9fc1-42d6-9200-214eb0163fc5:c4565, 4cc0758a-96f5-4ab9-816d-81d822da247a:c4563, 8693c47f-40a3-4a1c-b7ba-6ed996b9183c:c4563]
2019-07-08 22:30:02,394 INFO  client.GrpcClientProtocolClient (GrpcClientProtocolClient.java:onNext(255)) - client-7538DDC4E776->1b229672-9fc1-42d6-9200-214eb0163fc5: receive RaftClientReply:client-7538DDC4E776->1b229672-9fc1-42d6-9200-214eb0163fc5@group-440AB812C07F, cid=3065, SUCCESS, logIndex=4568, commits[1b229672-9fc1-42d6-9200-214eb0163fc5:c4569, 4cc0758a-96f5-4ab9-816d-81d822da247a:c4565, 8693c47f-40a3-4a1c-b7ba-6ed996b9183c:c4565]
2019-07-08 22:30:02,395 INFO  client.GrpcClientProtocolClient (GrpcClientProtocolClient.java:onNext(255)) - client-7538DDC4E776->1b229672-9fc1-42d6-9200-214eb0163fc5: receive RaftClientReply:client-7538DDC4E776->1b229672-9fc1-42d6-9200-214eb0163fc5@group-440AB812C07F, cid=3066, SUCCESS, logIndex=4569, commits[1b229672-9fc1-42d6-9200-214eb0163fc5:c4569, 4cc0758a-96f5-4ab9-816d-81d822da247a:c4565, 8693c47f-40a3-4a1c-b7ba-6ed996b9183c:c4565]
2019-07-08 22:30:02,421 INFO  client.GrpcClientProtocolClient (GrpcClientProtocolClient.java:onNext(255)) - client-7538DDC4E776->1b229672-9fc1-42d6-9200-214eb0163fc5: receive RaftClientReply:client-7538DDC4E776->1b229672-9fc1-42d6-9200-214eb0163fc5@group-440AB812C07F, cid=3067, SUCCESS, logIndex=0, commits[1b229672-9fc1-42d6-9200-214eb0163fc5:c4571, 4cc0758a-96f5-4ab9-816d-81d822da247a:c4569, 8693c47f-40a3-4a1c-b7ba-6ed996b9183c:c4569]
2019-07-08 22:30:02,455 INFO  client.GrpcClientProtocolClient (GrpcClientProtocolClient.java:onNext(255)) - client-7538DDC4E776->1b229672-9fc1-42d6-9200-214eb0163fc5: receive RaftClientReply:client-7538DDC4E776->1b229672-9fc1-42d6-9200-214eb0163fc5@group-440AB812C07F, cid=3068, SUCCESS, logIndex=4572, commits[1b229672-9fc1-42d6-9200-214eb0163fc5:c4573, 4cc0758a-96f5-4ab9-816d-81d822da247a:c4571, 8693c47f-40a3-4a1c-b7ba-6ed996b9183c:c4571]
2019-07-08 22:30:02,456 INFO  client.GrpcClientProtocolClient (GrpcClientProtocolClient.java:onNext(255)) - client-7538DDC4E776->1b229672-9fc1-42d6-9200-214eb0163fc5: receive RaftClientReply:client-7538DDC4E776->1b229672-9fc1-42d6-9200-214eb0163fc5@group-440AB812C07F, cid=3069, SUCCESS, logIndex=4573, commits[1b229672-9fc1-42d6-9200-214eb0163fc5:c4573, 4cc0758a-96f5-4ab9-816d-81d822da247a:c4571, 8693c47f-40a3-4a1c-b7ba-6ed996b9183c:c4571]
2019-07-08 22:30:02,467 INFO  client.GrpcClientProtocolClient (GrpcClientProtocolClient.java:onNext(255)) - client-7538DDC4E776->1b229672-9fc1-42d6-9200-214eb0163fc5: receive RaftClientReply:client-7538DDC4E776->1b229672-9fc1-42d6-9200-214eb0163fc5@group-440AB812C07F, cid=3070, SUCCESS, logIndex=4574, commits[1b229672-9fc1-42d6-9200-214eb0163fc5:c4574, 4cc0758a-96f5-4ab9-816d-81d822da247a:c4571, 8693c47f-40a3-4a1c-b7ba-6ed996b9183c:c4571]
2019-07-08 22:30:02,468 INFO  client.GrpcClientProtocolClient (GrpcClientProtocolClient.java:onNext(255)) - client-7538DDC4E776->1b229672-9fc1-42d6-9200-214eb0163fc5: receive RaftClientReply:client-7538DDC4E776->1b229672-9fc1-42d6-9200-214eb0163fc5@group-440AB812C07F, cid=3071, SUCCESS, logIndex=4575, commits[1b229672-9fc1-42d6-9200-214eb0163fc5:c4575, 4cc0758a-96f5-4ab9-816d-81d822da247a:c4571, 8693c47f-40a3-4a1c-b7ba-6ed996b9183c:c4571]
2019-07-08 22:30:02,478 INFO  client.GrpcClientProtocolClient (GrpcClientProtocolClient.java:onNext(255)) - client-7538DDC4E776->1b229672-9fc1-42d6-9200-214eb0163fc5: receive RaftClientReply:client-7538DDC4E776->1b229672-9fc1-42d6-9200-214eb0163fc5@group-440AB812C07F, cid=3072, SUCCESS, logIndex=0, commits[1b229672-9fc1-42d6-9200-214eb0163fc5:c4576, 4cc0758a-96f5-4ab9-816d-81d822da247a:c4573, 8693c47f-40a3-4a1c-b7ba-6ed996b9183c:c4573]
2019-07-08 22:30:02,498 INFO  client.GrpcClientProtocolClient (GrpcClientProtocolClient.java:onNext(255)) - client-7538DDC4E776->1b229672-9fc1-42d6-9200-214eb0163fc5: receive RaftClientReply:client-7538DDC4E776->1b229672-9fc1-42d6-9200-214eb0163fc5@group-440AB812C07F, cid=3073, SUCCESS, logIndex=4580, commits[1b229672-9fc1-42d6-9200-214eb0163fc5:c4580, 4cc0758a-96f5-4ab9-816d-81d822da247a:c4579, 8693c47f-40a3-4a1c-b7ba-6ed996b9183c:c4579]
2019-07-08 22:30:02,499 INFO  client.GrpcClientProtocolClient (GrpcClientProtocolClient.java:onNext(255)) - client-7538DDC4E776->1b229672-9fc1-42d6-9200-214eb0163fc5: receive RaftClientReply:client-7538DDC4E776->1b229672-9fc1-42d6-9200-214eb0163fc5@group-440AB812C07F, cid=3074, SUCCESS, logIndex=4581, commits[1b229672-9fc1-42d6-9200-214eb0163fc5:c4581, 4cc0758a-96f5-4ab9-816d-81d822da247a:c4579, 8693c47f-40a3-4a1c-b7ba-6ed996b9183c:c4579]
2019-07-08 22:30:02,509 INFO  client.GrpcClientProtocolClient (GrpcClientProtocolClient.java:onNext(255)) - client-7538DDC4E776->1b229672-9fc1-42d6-9200-214eb0163fc5: receive RaftClientReply:client-7538DDC4E776->1b229672-9fc1-42d6-9200-214eb0163fc5@group-440AB812C07F, cid=3075, SUCCESS, logIndex=4584, commits[1b229672-9fc1-42d6-9200-214eb0163fc5:c4585, 4cc0758a-96f5-4ab9-816d-81d822da247a:c4582, 8693c47f-40a3-4a1c-b7ba-6ed996b9183c:c4581]
2019-07-08 22:30:02,510 INFO  client.GrpcClientProtocolClient (GrpcClientProtocolClient.java:onNext(255)) - client-7538DDC4E776->1b229672-9fc1-42d6-9200-214eb0163fc5: receive RaftClientReply:client-7538DDC4E776->1b229672-9fc1-42d6-9200-214eb0163fc5@group-440AB812C07F, cid=3076, SUCCESS, logIndex=4585, commits[1b229672-9fc1-42d6-9200-214eb0163fc5:c4585, 4cc0758a-96f5-4ab9-816d-81d822da247a:c4582, 8693c47f-40a3-4a1c-b7ba-6ed996b9183c:c4581]
2019-07-08 22:30:02,515 INFO  client.GrpcClientProtocolClient (GrpcClientProtocolClient.java:onNext(255)) - client-7538DDC4E776->1b229672-9fc1-42d6-9200-214eb0163fc5: receive RaftClientReply:client-7538DDC4E776->1b229672-9fc1-42d6-9200-214eb0163fc5@group-440AB812C07F, cid=3077, SUCCESS, logIndex=0, commits[1b229672-9fc1-42d6-9200-214eb0163fc5:c4586, 4cc0758a-96f5-4ab9-816d-81d822da247a:c4585, 8693c47f-40a3-4a1c-b7ba-6ed996b9183c:c4585]
2019-07-08 22:30:02,537 INFO  client.GrpcClientProtocolClient (GrpcClientProtocolClient.java:onNext(255)) - client-7538DDC4E776->1b229672-9fc1-42d6-9200-214eb0163fc5: receive RaftClientReply:client-7538DDC4E776->1b229672-9fc1-42d6-9200-214eb0163fc5@group-440AB812C07F, cid=3078, SUCCESS, logIndex=4588, commits[1b229672-9fc1-42d6-9200-214eb0163fc5:c4589, 4cc0758a-96f5-4ab9-816d-81d822da247a:c4587, 8693c47f-40a3-4a1c-b7ba-6ed996b9183c:c4585]
2019-07-08 22:30:02,538 INFO  client.GrpcClientProtocolClient (GrpcClientProtocolClient.java:onNext(255)) - client-7538DDC4E776->1b229672-9fc1-42d6-9200-214eb0163fc5: receive RaftClientReply:client-7538DDC4E776->1b229672-9fc1-42d6-9200-214eb0163fc5@group-440AB812C07F, cid=3079, SUCCESS, logIndex=4589, commits[1b229672-9fc1-42d6-9200-214eb0163fc5:c4589, 4cc0758a-96f5-4ab9-816d-81d822da247a:c4587, 8693c47f-40a3-4a1c-b7ba-6ed996b9183c:c4585]
2019-07-08 22:30:02,539 INFO  client.GrpcClientProtocolClient (GrpcClientProtocolClient.java:onNext(255)) - client-7538DDC4E776->1b229672-9fc1-42d6-9200-214eb0163fc5: receive RaftClientReply:client-7538DDC4E776->1b229672-9fc1-42d6-9200-214eb0163fc5@group-440AB812C07F, cid=3080, SUCCESS, logIndex=4590, commits[1b229672-9fc1-42d6-9200-214eb0163fc5:c4591, 4cc0758a-96f5-4ab9-816d-81d822da247a:c4587, 8693c47f-40a3-4a1c-b7ba-6ed996b9183c:c4585]
2019-07-08 22:30:02,539 INFO  client.GrpcClientProtocolClient (GrpcClientProtocolClient.java:onNext(255)) - client-7538DDC4E776->1b229672-9fc1-42d6-9200-214eb0163fc5: receive RaftClientReply:client-7538DDC4E776->1b229672-9fc1-42d6-9200-214eb0163fc5@group-440AB812C07F, cid=3081, SUCCESS, logIndex=4591, commits[1b229672-9fc1-42d6-9200-214eb0163fc5:c4591, 4cc0758a-96f5-4ab9-816d-81d822da247a:c4587, 8693c47f-40a3-4a1c-b7ba-6ed996b9183c:c4585]
2019-07-08 22:30:02,544 INFO  client.GrpcClientProtocolClient (GrpcClientProtocolClient.java:onNext(255)) - client-7538DDC4E776->1b229672-9fc1-42d6-9200-214eb0163fc5: receive RaftClientReply:client-7538DDC4E776->1b229672-9fc1-42d6-9200-214eb0163fc5@group-440AB812C07F, cid=3082, SUCCESS, logIndex=0, commits[1b229672-9fc1-42d6-9200-214eb0163fc5:c4593, 4cc0758a-96f5-4ab9-816d-81d822da247a:c4589, 8693c47f-40a3-4a1c-b7ba-6ed996b9183c:c4589]
2019-07-08 22:30:02,554 INFO  client.GrpcClientProtocolClient (GrpcClientProtocolClient.java:onNext(255)) - client-7538DDC4E776->1b229672-9fc1-42d6-9200-214eb0163fc5: receive RaftClientReply:client-7538DDC4E776->1b229672-9fc1-42d6-9200-214eb0163fc5@group-440AB812C07F, cid=3083, SUCCESS, logIndex=4596, commits[1b229672-9fc1-42d6-9200-214eb0163fc5:c4597, 4cc0758a-96f5-4ab9-816d-81d822da247a:c4595, 8693c47f-40a3-4a1c-b7ba-6ed996b9183c:c4591]
2019-07-08 22:30:02,555 INFO  client.GrpcClientProtocolClient (GrpcClientProtocolClient.java:onNext(255)) - client-7538DDC4E776->1b229672-9fc1-42d6-9200-214eb0163fc5: receive RaftClientReply:client-7538DDC4E776->1b229672-9fc1-42d6-9200-214eb0163fc5@group-440AB812C07F, cid=3084, SUCCESS, logIndex=4597, commits[1b229672-9fc1-42d6-9200-214eb0163fc5:c4597, 4cc0758a-96f5-4ab9-816d-81d822da247a:c4595, 8693c47f-40a3-4a1c-b7ba-6ed996b9183c:c4591]
2019-07-08 22:30:02,566 INFO  client.GrpcClientProtocolClient (GrpcClientProtocolClient.java:onNext(255)) - client-7538DDC4E776->1b229672-9fc1-42d6-9200-214eb0163fc5: receive RaftClientReply:client-7538DDC4E776->1b229672-9fc1-42d6-9200-214eb0163fc5@group-440AB812C07F, cid=3085, SUCCESS, logIndex=4600, commits[1b229672-9fc1-42d6-9200-214eb0163fc5:c4601, 4cc0758a-96f5-4ab9-816d-81d822da247a:c4598, 8693c47f-40a3-4a1c-b7ba-6ed996b9183c:c4597]
2019-07-08 22:30:02,566 INFO  client.GrpcClientProtocolClient (GrpcClientProtocolClient.java:onNext(255)) - client-7538DDC4E776->1b229672-9fc1-42d6-9200-214eb0163fc5: receive RaftClientReply:client-7538DDC4E776->1b229672-9fc1-42d6-9200-214eb0163fc5@group-440AB812C07F, cid=3086, SUCCESS, logIndex=4601, commits[1b229672-9fc1-42d6-9200-214eb0163fc5:c4601, 4cc0758a-96f5-4ab9-816d-81d822da247a:c4598, 8693c47f-40a3-4a1c-b7ba-6ed996b9183c:c4598]
2019-07-08 22:30:02,568 INFO  client.GrpcClientProtocolClient (GrpcClientProtocolClient.java:onNext(255)) - client-7538DDC4E776->1b229672-9fc1-42d6-9200-214eb0163fc5: receive RaftClientReply:client-7538DDC4E776->1b229672-9fc1-42d6-9200-214eb0163fc5@group-440AB812C07F, cid=3087, SUCCESS, logIndex=0, commits[1b229672-9fc1-42d6-9200-214eb0163fc5:c4602, 4cc0758a-96f5-4ab9-816d-81d822da247a:c4601, 8693c47f-40a3-4a1c-b7ba-6ed996b9183c:c4601]
2019-07-08 22:30:02,596 INFO  client.GrpcClientProtocolClient (GrpcClientProtocolClient.java:onNext(255)) - client-7538DDC4E776->1b229672-9fc1-42d6-9200-214eb0163fc5: receive RaftClientReply:client-7538DDC4E776->1b229672-9fc1-42d6-9200-214eb0163fc5@group-440AB812C07F, cid=3088, SUCCESS, logIndex=4604, commits[1b229672-9fc1-42d6-9200-214eb0163fc5:c4606, 4cc0758a-96f5-4ab9-816d-81d822da247a:c4603, 8693c47f-40a3-4a1c-b7ba-6ed996b9183c:c4603]
2019-07-08 22:30:02,596 INFO  client.GrpcClientProtocolClient (GrpcClientProtocolClient.java:onNext(255)) - client-7538DDC4E776->1b229672-9fc1-42d6-9200-214eb0163fc5: receive RaftClientReply:client-7538DDC4E776->1b229672-9fc1-42d6-9200-214eb0163fc5@group-440AB812C07F, cid=3089, SUCCESS, logIndex=4605, commits[1b229672-9fc1-42d6-9200-214eb0163fc5:c4607, 4cc0758a-96f5-4ab9-816d-81d822da247a:c4603, 8693c47f-40a3-4a1c-b7ba-6ed996b9183c:c4603]
2019-07-08 22:30:02,597 INFO  client.GrpcClientProtocolClient (GrpcClientProtocolClient.java:onNext(255)) - client-7538DDC4E776->1b229672-9fc1-42d6-9200-214eb0163fc5: receive RaftClientReply:client-7538DDC4E776->1b229672-9fc1-42d6-9200-214eb0163fc5@group-440AB812C07F, cid=3090, SUCCESS, logIndex=4606, commits[1b229672-9fc1-42d6-9200-214eb0163fc5:c4607, 4cc0758a-96f5-4ab9-816d-81d822da247a:c4603, 8693c47f-40a3-4a1c-b7ba-6ed996b9183c:c4603]
2019-07-08 22:30:02,597 INFO  client.GrpcClientProtocolClient (GrpcClientProtocolClient.java:onNext(255)) - client-7538DDC4E776->1b229672-9fc1-42d6-9200-214eb0163fc5: receive RaftClientReply:client-7538DDC4E776->1b229672-9fc1-42d6-9200-214eb0163fc5@group-440AB812C07F, cid=3091, SUCCESS, logIndex=4607, commits[1b229672-9fc1-42d6-9200-214eb0163fc5:c4607, 4cc0758a-96f5-4ab9-816d-81d822da247a:c4603, 8693c47f-40a3-4a1c-b7ba-6ed996b9183c:c4603]
2019-07-08 22:30:02,609 INFO  client.GrpcClientProtocolClient (GrpcClientProtocolClient.java:onNext(255)) - client-7538DDC4E776->1b229672-9fc1-42d6-9200-214eb0163fc5: receive RaftClientReply:client-7538DDC4E776->1b229672-9fc1-42d6-9200-214eb0163fc5@group-440AB812C07F, cid=3092, SUCCESS, logIndex=0, commits[1b229672-9fc1-42d6-9200-214eb0163fc5:c4609, 4cc0758a-96f5-4ab9-816d-81d822da247a:c4605, 8693c47f-40a3-4a1c-b7ba-6ed996b9183c:c4605]
2019-07-08 22:30:02,726 INFO  client.GrpcClientProtocolClient (GrpcClientProtocolClient.java:onNext(255)) - client-7538DDC4E776->1b229672-9fc1-42d6-9200-214eb0163fc5: receive RaftClientReply:client-7538DDC4E776->1b229672-9fc1-42d6-9200-214eb0163fc5@group-440AB812C07F, cid=3093, SUCCESS, logIndex=4612, commits[1b229672-9fc1-42d6-9200-214eb0163fc5:c4612, 4cc0758a-96f5-4ab9-816d-81d822da247a:c4611, 8693c47f-40a3-4a1c-b7ba-6ed996b9183c:c4607]
2019-07-08 22:30:02,727 INFO  client.GrpcClientProtocolClient (GrpcClientProtocolClient.java:onNext(255)) - client-7538DDC4E776->1b229672-9fc1-42d6-9200-214eb0163fc5: receive RaftClientReply:client-7538DDC4E776->1b229672-9fc1-42d6-9200-214eb0163fc5@group-440AB812C07F, cid=3094, SUCCESS, logIndex=4613, commits[1b229672-9fc1-42d6-9200-214eb0163fc5:c4613, 4cc0758a-96f5-4ab9-816d-81d822da247a:c4611, 8693c47f-40a3-4a1c-b7ba-6ed996b9183c:c4611]
2019-07-08 22:30:02,751 INFO  client.GrpcClientProtocolClient (GrpcClientProtocolClient.java:onNext(255)) - client-7538DDC4E776->1b229672-9fc1-42d6-9200-214eb0163fc5: receive RaftClientReply:client-7538DDC4E776->1b229672-9fc1-42d6-9200-214eb0163fc5@group-440AB812C07F, cid=3095, SUCCESS, logIndex=4616, commits[1b229672-9fc1-42d6-9200-214eb0163fc5:c4616, 4cc0758a-96f5-4ab9-816d-81d822da247a:c4613, 8693c47f-40a3-4a1c-b7ba-6ed996b9183c:c4613]
2019-07-08 22:30:02,751 INFO  client.GrpcClientProtocolClient (GrpcClientProtocolClient.java:onNext(255)) - client-7538DDC4E776->1b229672-9fc1-42d6-9200-214eb0163fc5: receive RaftClientReply:client-7538DDC4E776->1b229672-9fc1-42d6-9200-214eb0163fc5@group-440AB812C07F, cid=3096, SUCCESS, logIndex=4617, commits[1b229672-9fc1-42d6-9200-214eb0163fc5:c4617, 4cc0758a-96f5-4ab9-816d-81d822da247a:c4613, 8693c47f-40a3-4a1c-b7ba-6ed996b9183c:c4613]
2019-07-08 22:30:02,777 INFO  client.GrpcClientProtocolClient (GrpcClientProtocolClient.java:onNext(255)) - client-7538DDC4E776->1b229672-9fc1-42d6-9200-214eb0163fc5: receive RaftClientReply:client-7538DDC4E776->1b229672-9fc1-42d6-9200-214eb0163fc5@group-440AB812C07F, cid=3097, SUCCESS, logIndex=0, commits[1b229672-9fc1-42d6-9200-214eb0163fc5:c4619, 4cc0758a-96f5-4ab9-816d-81d822da247a:c4617, 8693c47f-40a3-4a1c-b7ba-6ed996b9183c:c4617]
2019-07-08 22:30:02,813 INFO  client.GrpcClientProtocolClient (GrpcClientProtocolClient.java:onNext(255)) - client-7538DDC4E776->1b229672-9fc1-42d6-9200-214eb0163fc5: receive RaftClientReply:client-7538DDC4E776->1b229672-9fc1-42d6-9200-214eb0163fc5@group-440AB812C07F, cid=3098, SUCCESS, logIndex=4620, commits[1b229672-9fc1-42d6-9200-214eb0163fc5:c4621, 4cc0758a-96f5-4ab9-816d-81d822da247a:c4619, 8693c47f-40a3-4a1c-b7ba-6ed996b9183c:c4617]
2019-07-08 22:30:02,813 INFO  client.GrpcClientProtocolClient (GrpcClientProtocolClient.java:onNext(255)) - client-7538DDC4E776->1b229672-9fc1-42d6-9200-214eb0163fc5: receive RaftClientReply:client-7538DDC4E776->1b229672-9fc1-42d6-9200-214eb0163fc5@group-440AB812C07F, cid=3099, SUCCESS, logIndex=4621, commits[1b229672-9fc1-42d6-9200-214eb0163fc5:c4621, 4cc0758a-96f5-4ab9-816d-81d822da247a:c4619, 8693c47f-40a3-4a1c-b7ba-6ed996b9183c:c4619]
2019-07-08 22:30:02,822 INFO  client.GrpcClientProtocolClient (GrpcClientProtocolClient.java:onNext(255)) - client-7538DDC4E776->1b229672-9fc1-42d6-9200-214eb0163fc5: receive RaftClientReply:client-7538DDC4E776->1b229672-9fc1-42d6-9200-214eb0163fc5@group-440AB812C07F, cid=3100, SUCCESS, logIndex=4622, commits[1b229672-9fc1-42d6-9200-214eb0163fc5:c4623, 4cc0758a-96f5-4ab9-816d-81d822da247a:c4619, 8693c47f-40a3-4a1c-b7ba-6ed996b9183c:c4619]
2019-07-08 22:30:02,823 INFO  client.GrpcClientProtocolClient (GrpcClientProtocolClient.java:onNext(255)) - client-7538DDC4E776->1b229672-9fc1-42d6-9200-214eb0163fc5: receive RaftClientReply:client-7538DDC4E776->1b229672-9fc1-42d6-9200-214eb0163fc5@group-440AB812C07F, cid=3101, SUCCESS, logIndex=4623, commits[1b229672-9fc1-42d6-9200-214eb0163fc5:c4623, 4cc0758a-96f5-4ab9-816d-81d822da247a:c4619, 8693c47f-40a3-4a1c-b7ba-6ed996b9183c:c4619]
2019-07-08 22:30:02,825 INFO  client.GrpcClientProtocolClient (GrpcClientProtocolClient.java:onNext(255)) - client-7538DDC4E776->1b229672-9fc1-42d6-9200-214eb0163fc5: receive RaftClientReply:client-7538DDC4E776->1b229672-9fc1-42d6-9200-214eb0163fc5@group-440AB812C07F, cid=3102, SUCCESS, logIndex=0, commits[1b229672-9fc1-42d6-9200-214eb0163fc5:c4623, 4cc0758a-96f5-4ab9-816d-81d822da247a:c4621, 8693c47f-40a3-4a1c-b7ba-6ed996b9183c:c4621]
2019-07-08 22:30:02,851 INFO  client.GrpcClientProtocolClient (GrpcClientProtocolClient.java:onNext(255)) - client-7538DDC4E776->1b229672-9fc1-42d6-9200-214eb0163fc5: receive RaftClientReply:client-7538DDC4E776->1b229672-9fc1-42d6-9200-214eb0163fc5@group-440AB812C07F, cid=3103, SUCCESS, logIndex=4628, commits[1b229672-9fc1-42d6-9200-214eb0163fc5:c4629, 4cc0758a-96f5-4ab9-816d-81d822da247a:c4623, 8693c47f-40a3-4a1c-b7ba-6ed996b9183c:c4623]
2019-07-08 22:30:02,851 INFO  client.GrpcClientProtocolClient (GrpcClientProtocolClient.java:onNext(255)) - client-7538DDC4E776->1b229672-9fc1-42d6-9200-214eb0163fc5: receive RaftClientReply:client-7538DDC4E776->1b229672-9fc1-42d6-9200-214eb0163fc5@group-440AB812C07F, cid=3104, SUCCESS, logIndex=4629, commits[1b229672-9fc1-42d6-9200-214eb0163fc5:c4629, 4cc0758a-96f5-4ab9-816d-81d822da247a:c4623, 8693c47f-40a3-4a1c-b7ba-6ed996b9183c:c4623]
 0.00% |█                                                                                                    |  0/1 Time: 0:00:292019-07-08 22:30:02,877 INFO  client.GrpcClientProtocolClient (GrpcClientProtocolClient.java:onNext(255)) - client-7538DDC4E776->1b229672-9fc1-42d6-9200-214eb0163fc5: receive RaftClientReply:client-7538DDC4E776->1b229672-9fc1-42d6-9200-214eb0163fc5@group-440AB812C07F, cid=3105, SUCCESS, logIndex=4632, commits[1b229672-9fc1-42d6-9200-214eb0163fc5:c4633, 4cc0758a-96f5-4ab9-816d-81d822da247a:c4629, 8693c47f-40a3-4a1c-b7ba-6ed996b9183c:c4629]
2019-07-08 22:30:02,878 INFO  client.GrpcClientProtocolClient (GrpcClientProtocolClient.java:onNext(255)) - client-7538DDC4E776->1b229672-9fc1-42d6-9200-214eb0163fc5: receive RaftClientReply:client-7538DDC4E776->1b229672-9fc1-42d6-9200-214eb0163fc5@group-440AB812C07F, cid=3106, SUCCESS, logIndex=4633, commits[1b229672-9fc1-42d6-9200-214eb0163fc5:c4633, 4cc0758a-96f5-4ab9-816d-81d822da247a:c4629, 8693c47f-40a3-4a1c-b7ba-6ed996b9183c:c4629]
2019-07-08 22:30:02,892 INFO  client.GrpcClientProtocolClient (GrpcClientProtocolClient.java:onNext(255)) - client-7538DDC4E776->1b229672-9fc1-42d6-9200-214eb0163fc5: receive RaftClientReply:client-7538DDC4E776->1b229672-9fc1-42d6-9200-214eb0163fc5@group-440AB812C07F, cid=3107, SUCCESS, logIndex=0, commits[1b229672-9fc1-42d6-9200-214eb0163fc5:c4635, 4cc0758a-96f5-4ab9-816d-81d822da247a:c4633, 8693c47f-40a3-4a1c-b7ba-6ed996b9183c:c4633]
2019-07-08 22:30:02,926 INFO  client.GrpcClientProtocolClient (GrpcClientProtocolClient.java:onNext(255)) - client-7538DDC4E776->1b229672-9fc1-42d6-9200-214eb0163fc5: receive RaftClientReply:client-7538DDC4E776->1b229672-9fc1-42d6-9200-214eb0163fc5@group-440AB812C07F, cid=3108, SUCCESS, logIndex=4636, commits[1b229672-9fc1-42d6-9200-214eb0163fc5:c4637, 4cc0758a-96f5-4ab9-816d-81d822da247a:c4635, 8693c47f-40a3-4a1c-b7ba-6ed996b9183c:c4635]
2019-07-08 22:30:02,927 INFO  client.GrpcClientProtocolClient (GrpcClientProtocolClient.java:onNext(255)) - client-7538DDC4E776->1b229672-9fc1-42d6-9200-214eb0163fc5: receive RaftClientReply:client-7538DDC4E776->1b229672-9fc1-42d6-9200-214eb0163fc5@group-440AB812C07F, cid=3109, SUCCESS, logIndex=4637, commits[1b229672-9fc1-42d6-9200-214eb0163fc5:c4637, 4cc0758a-96f5-4ab9-816d-81d822da247a:c4635, 8693c47f-40a3-4a1c-b7ba-6ed996b9183c:c4635]
2019-07-08 22:30:02,937 INFO  client.GrpcClientProtocolClient (GrpcClientProtocolClient.java:onNext(255)) - client-7538DDC4E776->1b229672-9fc1-42d6-9200-214eb0163fc5: receive RaftClientReply:client-7538DDC4E776->1b229672-9fc1-42d6-9200-214eb0163fc5@group-440AB812C07F, cid=3110, SUCCESS, logIndex=4638, commits[1b229672-9fc1-42d6-9200-214eb0163fc5:c4639, 4cc0758a-96f5-4ab9-816d-81d822da247a:c4635, 8693c47f-40a3-4a1c-b7ba-6ed996b9183c:c4635]
2019-07-08 22:30:02,937 INFO  client.GrpcClientProtocolClient (GrpcClientProtocolClient.java:onNext(255)) - client-7538DDC4E776->1b229672-9fc1-42d6-9200-214eb0163fc5: receive RaftClientReply:client-7538DDC4E776->1b229672-9fc1-42d6-9200-214eb0163fc5@group-440AB812C07F, cid=3111, SUCCESS, logIndex=4639, commits[1b229672-9fc1-42d6-9200-214eb0163fc5:c4639, 4cc0758a-96f5-4ab9-816d-81d822da247a:c4635, 8693c47f-40a3-4a1c-b7ba-6ed996b9183c:c4635]
2019-07-08 22:30:02,939 INFO  client.GrpcClientProtocolClient (GrpcClientProtocolClient.java:onNext(255)) - client-7538DDC4E776->1b229672-9fc1-42d6-9200-214eb0163fc5: receive RaftClientReply:client-7538DDC4E776->1b229672-9fc1-42d6-9200-214eb0163fc5@group-440AB812C07F, cid=3112, SUCCESS, logIndex=0, commits[1b229672-9fc1-42d6-9200-214eb0163fc5:c4640, 4cc0758a-96f5-4ab9-816d-81d822da247a:c4637, 8693c47f-40a3-4a1c-b7ba-6ed996b9183c:c4637]
2019-07-08 22:30:02,952 INFO  client.GrpcClientProtocolClient (GrpcClientProtocolClient.java:onNext(255)) - client-7538DDC4E776->1b229672-9fc1-42d6-9200-214eb0163fc5: receive RaftClientReply:client-7538DDC4E776->1b229672-9fc1-42d6-9200-214eb0163fc5@group-440AB812C07F, cid=3113, SUCCESS, logIndex=4644, commits[1b229672-9fc1-42d6-9200-214eb0163fc5:c4645, 4cc0758a-96f5-4ab9-816d-81d822da247a:c4641, 8693c47f-40a3-4a1c-b7ba-6ed996b9183c:c4639]
2019-07-08 22:30:02,953 INFO  client.GrpcClientProtocolClient (GrpcClientProtocolClient.java:onNext(255)) - client-7538DDC4E776->1b229672-9fc1-42d6-9200-214eb0163fc5: receive RaftClientReply:client-7538DDC4E776->1b229672-9fc1-42d6-9200-214eb0163fc5@group-440AB812C07F, cid=3114, SUCCESS, logIndex=4645, commits[1b229672-9fc1-42d6-9200-214eb0163fc5:c4645, 4cc0758a-96f5-4ab9-816d-81d822da247a:c4641, 8693c47f-40a3-4a1c-b7ba-6ed996b9183c:c4641]
2019-07-08 22:30:02,980 INFO  client.GrpcClientProtocolClient (GrpcClientProtocolClient.java:onNext(255)) - client-7538DDC4E776->1b229672-9fc1-42d6-9200-214eb0163fc5: receive RaftClientReply:client-7538DDC4E776->1b229672-9fc1-42d6-9200-214eb0163fc5@group-440AB812C07F, cid=3115, SUCCESS, logIndex=4648, commits[1b229672-9fc1-42d6-9200-214eb0163fc5:c4649, 4cc0758a-96f5-4ab9-816d-81d822da247a:c4646, 8693c47f-40a3-4a1c-b7ba-6ed996b9183c:c4646]
2019-07-08 22:30:02,981 INFO  client.GrpcClientProtocolClient (GrpcClientProtocolClient.java:onNext(255)) - client-7538DDC4E776->1b229672-9fc1-42d6-9200-214eb0163fc5: receive RaftClientReply:client-7538DDC4E776->1b229672-9fc1-42d6-9200-214eb0163fc5@group-440AB812C07F, cid=3116, SUCCESS, logIndex=4649, commits[1b229672-9fc1-42d6-9200-214eb0163fc5:c4649, 4cc0758a-96f5-4ab9-816d-81d822da247a:c4646, 8693c47f-40a3-4a1c-b7ba-6ed996b9183c:c4646]
2019-07-08 22:30:02,994 INFO  client.GrpcClientProtocolClient (GrpcClientProtocolClient.java:onNext(255)) - client-7538DDC4E776->1b229672-9fc1-42d6-9200-214eb0163fc5: receive RaftClientReply:client-7538DDC4E776->1b229672-9fc1-42d6-9200-214eb0163fc5@group-440AB812C07F, cid=3117, SUCCESS, logIndex=0, commits[1b229672-9fc1-42d6-9200-214eb0163fc5:c4651, 4cc0758a-96f5-4ab9-816d-81d822da247a:c4649, 8693c47f-40a3-4a1c-b7ba-6ed996b9183c:c4649]
2019-07-08 22:30:03,028 INFO  client.GrpcClientProtocolClient (GrpcClientProtocolClient.java:onNext(255)) - client-7538DDC4E776->1b229672-9fc1-42d6-9200-214eb0163fc5: receive RaftClientReply:client-7538DDC4E776->1b229672-9fc1-42d6-9200-214eb0163fc5@group-440AB812C07F, cid=3118, SUCCESS, logIndex=4652, commits[1b229672-9fc1-42d6-9200-214eb0163fc5:c4654, 4cc0758a-96f5-4ab9-816d-81d822da247a:c4651, 8693c47f-40a3-4a1c-b7ba-6ed996b9183c:c4651]
2019-07-08 22:30:03,029 INFO  client.GrpcClientProtocolClient (GrpcClientProtocolClient.java:onNext(255)) - client-7538DDC4E776->1b229672-9fc1-42d6-9200-214eb0163fc5: receive RaftClientReply:client-7538DDC4E776->1b229672-9fc1-42d6-9200-214eb0163fc5@group-440AB812C07F, cid=3119, SUCCESS, logIndex=4653, commits[1b229672-9fc1-42d6-9200-214eb0163fc5:c4655, 4cc0758a-96f5-4ab9-816d-81d822da247a:c4651, 8693c47f-40a3-4a1c-b7ba-6ed996b9183c:c4651]
2019-07-08 22:30:03,029 INFO  client.GrpcClientProtocolClient (GrpcClientProtocolClient.java:onNext(255)) - client-7538DDC4E776->1b229672-9fc1-42d6-9200-214eb0163fc5: receive RaftClientReply:client-7538DDC4E776->1b229672-9fc1-42d6-9200-214eb0163fc5@group-440AB812C07F, cid=3120, SUCCESS, logIndex=4654, commits[1b229672-9fc1-42d6-9200-214eb0163fc5:c4655, 4cc0758a-96f5-4ab9-816d-81d822da247a:c4651, 8693c47f-40a3-4a1c-b7ba-6ed996b9183c:c4651]
2019-07-08 22:30:03,029 INFO  client.GrpcClientProtocolClient (GrpcClientProtocolClient.java:onNext(255)) - client-7538DDC4E776->1b229672-9fc1-42d6-9200-214eb0163fc5: receive RaftClientReply:client-7538DDC4E776->1b229672-9fc1-42d6-9200-214eb0163fc5@group-440AB812C07F, cid=3121, SUCCESS, logIndex=4655, commits[1b229672-9fc1-42d6-9200-214eb0163fc5:c4655, 4cc0758a-96f5-4ab9-816d-81d822da247a:c4651, 8693c47f-40a3-4a1c-b7ba-6ed996b9183c:c4651]
2019-07-08 22:30:03,052 INFO  client.GrpcClientProtocolClient (GrpcClientProtocolClient.java:onNext(255)) - client-7538DDC4E776->1b229672-9fc1-42d6-9200-214eb0163fc5: receive RaftClientReply:client-7538DDC4E776->1b229672-9fc1-42d6-9200-214eb0163fc5@group-440AB812C07F, cid=3122, SUCCESS, logIndex=0, commits[1b229672-9fc1-42d6-9200-214eb0163fc5:c4657, 4cc0758a-96f5-4ab9-816d-81d822da247a:c4653, 8693c47f-40a3-4a1c-b7ba-6ed996b9183c:c4653]
2019-07-08 22:30:03,064 INFO  client.GrpcClientProtocolClient (GrpcClientProtocolClient.java:onNext(255)) - client-7538DDC4E776->1b229672-9fc1-42d6-9200-214eb0163fc5: receive RaftClientReply:client-7538DDC4E776->1b229672-9fc1-42d6-9200-214eb0163fc5@group-440AB812C07F, cid=3123, SUCCESS, logIndex=4660, commits[1b229672-9fc1-42d6-9200-214eb0163fc5:c4661, 4cc0758a-96f5-4ab9-816d-81d822da247a:c4659, 8693c47f-40a3-4a1c-b7ba-6ed996b9183c:c4659]
2019-07-08 22:30:03,064 INFO  client.GrpcClientProtocolClient (GrpcClientProtocolClient.java:onNext(255)) - client-7538DDC4E776->1b229672-9fc1-42d6-9200-214eb0163fc5: receive RaftClientReply:client-7538DDC4E776->1b229672-9fc1-42d6-9200-214eb0163fc5@group-440AB812C07F, cid=3124, SUCCESS, logIndex=4661, commits[1b229672-9fc1-42d6-9200-214eb0163fc5:c4661, 4cc0758a-96f5-4ab9-816d-81d822da247a:c4659, 8693c47f-40a3-4a1c-b7ba-6ed996b9183c:c4659]
2019-07-08 22:30:03,092 INFO  client.GrpcClientProtocolClient (GrpcClientProtocolClient.java:onNext(255)) - client-7538DDC4E776->1b229672-9fc1-42d6-9200-214eb0163fc5: receive RaftClientReply:client-7538DDC4E776->1b229672-9fc1-42d6-9200-214eb0163fc5@group-440AB812C07F, cid=3125, SUCCESS, logIndex=4664, commits[1b229672-9fc1-42d6-9200-214eb0163fc5:c4665, 4cc0758a-96f5-4ab9-816d-81d822da247a:c4663, 8693c47f-40a3-4a1c-b7ba-6ed996b9183c:c4663]
2019-07-08 22:30:03,092 INFO  client.GrpcClientProtocolClient (GrpcClientProtocolClient.java:onNext(255)) - client-7538DDC4E776->1b229672-9fc1-42d6-9200-214eb0163fc5: receive RaftClientReply:client-7538DDC4E776->1b229672-9fc1-42d6-9200-214eb0163fc5@group-440AB812C07F, cid=3126, SUCCESS, logIndex=4665, commits[1b229672-9fc1-42d6-9200-214eb0163fc5:c4665, 4cc0758a-96f5-4ab9-816d-81d822da247a:c4663, 8693c47f-40a3-4a1c-b7ba-6ed996b9183c:c4663]
2019-07-08 22:30:03,105 INFO  client.GrpcClientProtocolClient (GrpcClientProtocolClient.java:onNext(255)) - client-7538DDC4E776->1b229672-9fc1-42d6-9200-214eb0163fc5: receive RaftClientReply:client-7538DDC4E776->1b229672-9fc1-42d6-9200-214eb0163fc5@group-440AB812C07F, cid=3127, SUCCESS, logIndex=0, commits[1b229672-9fc1-42d6-9200-214eb0163fc5:c4667, 4cc0758a-96f5-4ab9-816d-81d822da247a:c4665, 8693c47f-40a3-4a1c-b7ba-6ed996b9183c:c4665]
2019-07-08 22:30:03,134 INFO  client.GrpcClientProtocolClient (GrpcClientProtocolClient.java:onNext(255)) - client-7538DDC4E776->1b229672-9fc1-42d6-9200-214eb0163fc5: receive RaftClientReply:client-7538DDC4E776->1b229672-9fc1-42d6-9200-214eb0163fc5@group-440AB812C07F, cid=3128, SUCCESS, logIndex=4668, commits[1b229672-9fc1-42d6-9200-214eb0163fc5:c4670, 4cc0758a-96f5-4ab9-816d-81d822da247a:c4667, 8693c47f-40a3-4a1c-b7ba-6ed996b9183c:c4667]
2019-07-08 22:30:03,135 INFO  client.GrpcClientProtocolClient (GrpcClientProtocolClient.java:onNext(255)) - client-7538DDC4E776->1b229672-9fc1-42d6-9200-214eb0163fc5: receive RaftClientReply:client-7538DDC4E776->1b229672-9fc1-42d6-9200-214eb0163fc5@group-440AB812C07F, cid=3129, SUCCESS, logIndex=4669, commits[1b229672-9fc1-42d6-9200-214eb0163fc5:c4671, 4cc0758a-96f5-4ab9-816d-81d822da247a:c4667, 8693c47f-40a3-4a1c-b7ba-6ed996b9183c:c4667]
2019-07-08 22:30:03,135 INFO  client.GrpcClientProtocolClient (GrpcClientProtocolClient.java:onNext(255)) - client-7538DDC4E776->1b229672-9fc1-42d6-9200-214eb0163fc5: receive RaftClientReply:client-7538DDC4E776->1b229672-9fc1-42d6-9200-214eb0163fc5@group-440AB812C07F, cid=3130, SUCCESS, logIndex=4670, commits[1b229672-9fc1-42d6-9200-214eb0163fc5:c4671, 4cc0758a-96f5-4ab9-816d-81d822da247a:c4667, 8693c47f-40a3-4a1c-b7ba-6ed996b9183c:c4667]
2019-07-08 22:30:03,135 INFO  client.GrpcClientProtocolClient (GrpcClientProtocolClient.java:onNext(255)) - client-7538DDC4E776->1b229672-9fc1-42d6-9200-214eb0163fc5: receive RaftClientReply:client-7538DDC4E776->1b229672-9fc1-42d6-9200-214eb0163fc5@group-440AB812C07F, cid=3131, SUCCESS, logIndex=4671, commits[1b229672-9fc1-42d6-9200-214eb0163fc5:c4671, 4cc0758a-96f5-4ab9-816d-81d822da247a:c4667, 8693c47f-40a3-4a1c-b7ba-6ed996b9183c:c4667]
2019-07-08 22:30:03,149 INFO  client.GrpcClientProtocolClient (GrpcClientProtocolClient.java:onNext(255)) - client-7538DDC4E776->1b229672-9fc1-42d6-9200-214eb0163fc5: receive RaftClientReply:client-7538DDC4E776->1b229672-9fc1-42d6-9200-214eb0163fc5@group-440AB812C07F, cid=3132, SUCCESS, logIndex=0, commits[1b229672-9fc1-42d6-9200-214eb0163fc5:c4674, 4cc0758a-96f5-4ab9-816d-81d822da247a:c4669, 8693c47f-40a3-4a1c-b7ba-6ed996b9183c:c4670]
2019-07-08 22:30:03,167 INFO  client.GrpcClientProtocolClient (GrpcClientProtocolClient.java:onNext(255)) - client-7538DDC4E776->1b229672-9fc1-42d6-9200-214eb0163fc5: receive RaftClientReply:client-7538DDC4E776->1b229672-9fc1-42d6-9200-214eb0163fc5@group-440AB812C07F, cid=3133, SUCCESS, logIndex=4676, commits[1b229672-9fc1-42d6-9200-214eb0163fc5:c4677, 4cc0758a-96f5-4ab9-816d-81d822da247a:c4675, 8693c47f-40a3-4a1c-b7ba-6ed996b9183c:c4675]
2019-07-08 22:30:03,168 INFO  client.GrpcClientProtocolClient (GrpcClientProtocolClient.java:onNext(255)) - client-7538DDC4E776->1b229672-9fc1-42d6-9200-214eb0163fc5: receive RaftClientReply:client-7538DDC4E776->1b229672-9fc1-42d6-9200-214eb0163fc5@group-440AB812C07F, cid=3134, SUCCESS, logIndex=4677, commits[1b229672-9fc1-42d6-9200-214eb0163fc5:c4677, 4cc0758a-96f5-4ab9-816d-81d822da247a:c4675, 8693c47f-40a3-4a1c-b7ba-6ed996b9183c:c4675]
2019-07-08 22:30:03,194 INFO  client.GrpcClientProtocolClient (GrpcClientProtocolClient.java:onNext(255)) - client-7538DDC4E776->1b229672-9fc1-42d6-9200-214eb0163fc5: receive RaftClientReply:client-7538DDC4E776->1b229672-9fc1-42d6-9200-214eb0163fc5@group-440AB812C07F, cid=3135, SUCCESS, logIndex=4680, commits[1b229672-9fc1-42d6-9200-214eb0163fc5:c4681, 4cc0758a-96f5-4ab9-816d-81d822da247a:c4677, 8693c47f-40a3-4a1c-b7ba-6ed996b9183c:c4677]
2019-07-08 22:30:03,194 INFO  client.GrpcClientProtocolClient (GrpcClientProtocolClient.java:onNext(255)) - client-7538DDC4E776->1b229672-9fc1-42d6-9200-214eb0163fc5: receive RaftClientReply:client-7538DDC4E776->1b229672-9fc1-42d6-9200-214eb0163fc5@group-440AB812C07F, cid=3136, SUCCESS, logIndex=4681, commits[1b229672-9fc1-42d6-9200-214eb0163fc5:c4681, 4cc0758a-96f5-4ab9-816d-81d822da247a:c4677, 8693c47f-40a3-4a1c-b7ba-6ed996b9183c:c4677]
2019-07-08 22:30:03,207 INFO  client.GrpcClientProtocolClient (GrpcClientProtocolClient.java:onNext(255)) - client-7538DDC4E776->1b229672-9fc1-42d6-9200-214eb0163fc5: receive RaftClientReply:client-7538DDC4E776->1b229672-9fc1-42d6-9200-214eb0163fc5@group-440AB812C07F, cid=3137, SUCCESS, logIndex=0, commits[1b229672-9fc1-42d6-9200-214eb0163fc5:c4682, 4cc0758a-96f5-4ab9-816d-81d822da247a:c4681, 8693c47f-40a3-4a1c-b7ba-6ed996b9183c:c4681]
2019-07-08 22:30:03,239 INFO  client.GrpcClientProtocolClient (GrpcClientProtocolClient.java:onNext(255)) - client-7538DDC4E776->1b229672-9fc1-42d6-9200-214eb0163fc5: receive RaftClientReply:client-7538DDC4E776->1b229672-9fc1-42d6-9200-214eb0163fc5@group-440AB812C07F, cid=3138, SUCCESS, logIndex=4684, commits[1b229672-9fc1-42d6-9200-214eb0163fc5:c4685, 4cc0758a-96f5-4ab9-816d-81d822da247a:c4683, 8693c47f-40a3-4a1c-b7ba-6ed996b9183c:c4683]
2019-07-08 22:30:03,240 INFO  client.GrpcClientProtocolClient (GrpcClientProtocolClient.java:onNext(255)) - client-7538DDC4E776->1b229672-9fc1-42d6-9200-214eb0163fc5: receive RaftClientReply:client-7538DDC4E776->1b229672-9fc1-42d6-9200-214eb0163fc5@group-440AB812C07F, cid=3139, SUCCESS, logIndex=4685, commits[1b229672-9fc1-42d6-9200-214eb0163fc5:c4685, 4cc0758a-96f5-4ab9-816d-81d822da247a:c4683, 8693c47f-40a3-4a1c-b7ba-6ed996b9183c:c4683]
2019-07-08 22:30:03,250 INFO  client.GrpcClientProtocolClient (GrpcClientProtocolClient.java:onNext(255)) - client-7538DDC4E776->1b229672-9fc1-42d6-9200-214eb0163fc5: receive RaftClientReply:client-7538DDC4E776->1b229672-9fc1-42d6-9200-214eb0163fc5@group-440AB812C07F, cid=3140, SUCCESS, logIndex=4686, commits[1b229672-9fc1-42d6-9200-214eb0163fc5:c4687, 4cc0758a-96f5-4ab9-816d-81d822da247a:c4683, 8693c47f-40a3-4a1c-b7ba-6ed996b9183c:c4683]
2019-07-08 22:30:03,250 INFO  client.GrpcClientProtocolClient (GrpcClientProtocolClient.java:onNext(255)) - client-7538DDC4E776->1b229672-9fc1-42d6-9200-214eb0163fc5: receive RaftClientReply:client-7538DDC4E776->1b229672-9fc1-42d6-9200-214eb0163fc5@group-440AB812C07F, cid=3141, SUCCESS, logIndex=4687, commits[1b229672-9fc1-42d6-9200-214eb0163fc5:c4687, 4cc0758a-96f5-4ab9-816d-81d822da247a:c4683, 8693c47f-40a3-4a1c-b7ba-6ed996b9183c:c4683]
2019-07-08 22:30:03,256 INFO  client.GrpcClientProtocolClient (GrpcClientProtocolClient.java:onNext(255)) - client-7538DDC4E776->1b229672-9fc1-42d6-9200-214eb0163fc5: receive RaftClientReply:client-7538DDC4E776->1b229672-9fc1-42d6-9200-214eb0163fc5@group-440AB812C07F, cid=3142, SUCCESS, logIndex=0, commits[1b229672-9fc1-42d6-9200-214eb0163fc5:c4689, 4cc0758a-96f5-4ab9-816d-81d822da247a:c4687, 8693c47f-40a3-4a1c-b7ba-6ed996b9183c:c4685]
2019-07-08 22:30:03,267 INFO  client.GrpcClientProtocolClient (GrpcClientProtocolClient.java:onNext(255)) - client-7538DDC4E776->1b229672-9fc1-42d6-9200-214eb0163fc5: receive RaftClientReply:client-7538DDC4E776->1b229672-9fc1-42d6-9200-214eb0163fc5@group-440AB812C07F, cid=3143, SUCCESS, logIndex=4691, commits[1b229672-9fc1-42d6-9200-214eb0163fc5:c4692, 4cc0758a-96f5-4ab9-816d-81d822da247a:c4690, 8693c47f-40a3-4a1c-b7ba-6ed996b9183c:c4690]
2019-07-08 22:30:03,268 INFO  client.GrpcClientProtocolClient (GrpcClientProtocolClient.java:onNext(255)) - client-7538DDC4E776->1b229672-9fc1-42d6-9200-214eb0163fc5: receive RaftClientReply:client-7538DDC4E776->1b229672-9fc1-42d6-9200-214eb0163fc5@group-440AB812C07F, cid=3144, SUCCESS, logIndex=4692, commits[1b229672-9fc1-42d6-9200-214eb0163fc5:c4692, 4cc0758a-96f5-4ab9-816d-81d822da247a:c4690, 8693c47f-40a3-4a1c-b7ba-6ed996b9183c:c4690]
2019-07-08 22:30:03,278 INFO  client.GrpcClientProtocolClient (GrpcClientProtocolClient.java:onNext(255)) - client-7538DDC4E776->1b229672-9fc1-42d6-9200-214eb0163fc5: receive RaftClientReply:client-7538DDC4E776->1b229672-9fc1-42d6-9200-214eb0163fc5@group-440AB812C07F, cid=3145, SUCCESS, logIndex=4694, commits[1b229672-9fc1-42d6-9200-214eb0163fc5:c4695, 4cc0758a-96f5-4ab9-816d-81d822da247a:c4692, 8693c47f-40a3-4a1c-b7ba-6ed996b9183c:c4693]
2019-07-08 22:30:03,278 INFO  client.GrpcClientProtocolClient (GrpcClientProtocolClient.java:onNext(255)) - client-7538DDC4E776->1b229672-9fc1-42d6-9200-214eb0163fc5: receive RaftClientReply:client-7538DDC4E776->1b229672-9fc1-42d6-9200-214eb0163fc5@group-440AB812C07F, cid=3146, SUCCESS, logIndex=4695, commits[1b229672-9fc1-42d6-9200-214eb0163fc5:c4695, 4cc0758a-96f5-4ab9-816d-81d822da247a:c4693, 8693c47f-40a3-4a1c-b7ba-6ed996b9183c:c4693]
2019-07-08 22:30:03,281 INFO  client.GrpcClientProtocolClient (GrpcClientProtocolClient.java:onNext(255)) - client-7538DDC4E776->1b229672-9fc1-42d6-9200-214eb0163fc5: receive RaftClientReply:client-7538DDC4E776->1b229672-9fc1-42d6-9200-214eb0163fc5@group-440AB812C07F, cid=3147, SUCCESS, logIndex=0, commits[1b229672-9fc1-42d6-9200-214eb0163fc5:c4696, 4cc0758a-96f5-4ab9-816d-81d822da247a:c4695, 8693c47f-40a3-4a1c-b7ba-6ed996b9183c:c4695]
2019-07-08 22:30:03,302 INFO  client.GrpcClientProtocolClient (GrpcClientProtocolClient.java:onNext(255)) - client-7538DDC4E776->1b229672-9fc1-42d6-9200-214eb0163fc5: receive RaftClientReply:client-7538DDC4E776->1b229672-9fc1-42d6-9200-214eb0163fc5@group-440AB812C07F, cid=3148, SUCCESS, logIndex=4698, commits[1b229672-9fc1-42d6-9200-214eb0163fc5:c4699, 4cc0758a-96f5-4ab9-816d-81d822da247a:c4697, 8693c47f-40a3-4a1c-b7ba-6ed996b9183c:c4695]
2019-07-08 22:30:03,302 INFO  client.GrpcClientProtocolClient (GrpcClientProtocolClient.java:onNext(255)) - client-7538DDC4E776->1b229672-9fc1-42d6-9200-214eb0163fc5: receive RaftClientReply:client-7538DDC4E776->1b229672-9fc1-42d6-9200-214eb0163fc5@group-440AB812C07F, cid=3149, SUCCESS, logIndex=4699, commits[1b229672-9fc1-42d6-9200-214eb0163fc5:c4699, 4cc0758a-96f5-4ab9-816d-81d822da247a:c4697, 8693c47f-40a3-4a1c-b7ba-6ed996b9183c:c4695]
2019-07-08 22:30:03,304 INFO  client.GrpcClientProtocolClient (GrpcClientProtocolClient.java:onNext(255)) - client-7538DDC4E776->1b229672-9fc1-42d6-9200-214eb0163fc5: receive RaftClientReply:client-7538DDC4E776->1b229672-9fc1-42d6-9200-214eb0163fc5@group-440AB812C07F, cid=3150, SUCCESS, logIndex=4700, commits[1b229672-9fc1-42d6-9200-214eb0163fc5:c4702, 4cc0758a-96f5-4ab9-816d-81d822da247a:c4699, 8693c47f-40a3-4a1c-b7ba-6ed996b9183c:c4695]
2019-07-08 22:30:03,304 INFO  client.GrpcClientProtocolClient (GrpcClientProtocolClient.java:onNext(255)) - client-7538DDC4E776->1b229672-9fc1-42d6-9200-214eb0163fc5: receive RaftClientReply:client-7538DDC4E776->1b229672-9fc1-42d6-9200-214eb0163fc5@group-440AB812C07F, cid=3151, SUCCESS, logIndex=4701, commits[1b229672-9fc1-42d6-9200-214eb0163fc5:c4703, 4cc0758a-96f5-4ab9-816d-81d822da247a:c4699, 8693c47f-40a3-4a1c-b7ba-6ed996b9183c:c4697]
2019-07-08 22:30:03,305 INFO  client.GrpcClientProtocolClient (GrpcClientProtocolClient.java:onNext(255)) - client-7538DDC4E776->1b229672-9fc1-42d6-9200-214eb0163fc5: receive RaftClientReply:client-7538DDC4E776->1b229672-9fc1-42d6-9200-214eb0163fc5@group-440AB812C07F, cid=3152, SUCCESS, logIndex=0, commits[1b229672-9fc1-42d6-9200-214eb0163fc5:c4704, 4cc0758a-96f5-4ab9-816d-81d822da247a:c4701, 8693c47f-40a3-4a1c-b7ba-6ed996b9183c:c4699]
2019-07-08 22:30:03,315 INFO  client.GrpcClientProtocolClient (GrpcClientProtocolClient.java:onNext(255)) - client-7538DDC4E776->1b229672-9fc1-42d6-9200-214eb0163fc5: receive RaftClientReply:client-7538DDC4E776->1b229672-9fc1-42d6-9200-214eb0163fc5@group-440AB812C07F, cid=3153, SUCCESS, logIndex=4706, commits[1b229672-9fc1-42d6-9200-214eb0163fc5:c4707, 4cc0758a-96f5-4ab9-816d-81d822da247a:c4701, 8693c47f-40a3-4a1c-b7ba-6ed996b9183c:c4705]
2019-07-08 22:30:03,315 INFO  client.GrpcClientProtocolClient (GrpcClientProtocolClient.java:onNext(255)) - client-7538DDC4E776->1b229672-9fc1-42d6-9200-214eb0163fc5: receive RaftClientReply:client-7538DDC4E776->1b229672-9fc1-42d6-9200-214eb0163fc5@group-440AB812C07F, cid=3154, SUCCESS, logIndex=4707, commits[1b229672-9fc1-42d6-9200-214eb0163fc5:c4707, 4cc0758a-96f5-4ab9-816d-81d822da247a:c4701, 8693c47f-40a3-4a1c-b7ba-6ed996b9183c:c4705]
2019-07-08 22:30:03,341 INFO  client.GrpcClientProtocolClient (GrpcClientProtocolClient.java:onNext(255)) - client-7538DDC4E776->1b229672-9fc1-42d6-9200-214eb0163fc5: receive RaftClientReply:client-7538DDC4E776->1b229672-9fc1-42d6-9200-214eb0163fc5@group-440AB812C07F, cid=3155, SUCCESS, logIndex=4710, commits[1b229672-9fc1-42d6-9200-214eb0163fc5:c4711, 4cc0758a-96f5-4ab9-816d-81d822da247a:c4709, 8693c47f-40a3-4a1c-b7ba-6ed996b9183c:c4709]
2019-07-08 22:30:03,341 INFO  client.GrpcClientProtocolClient (GrpcClientProtocolClient.java:onNext(255)) - client-7538DDC4E776->1b229672-9fc1-42d6-9200-214eb0163fc5: receive RaftClientReply:client-7538DDC4E776->1b229672-9fc1-42d6-9200-214eb0163fc5@group-440AB812C07F, cid=3156, SUCCESS, logIndex=4711, commits[1b229672-9fc1-42d6-9200-214eb0163fc5:c4711, 4cc0758a-96f5-4ab9-816d-81d822da247a:c4709, 8693c47f-40a3-4a1c-b7ba-6ed996b9183c:c4709]
2019-07-08 22:30:03,355 INFO  client.GrpcClientProtocolClient (GrpcClientProtocolClient.java:onNext(255)) - client-7538DDC4E776->1b229672-9fc1-42d6-9200-214eb0163fc5: receive RaftClientReply:client-7538DDC4E776->1b229672-9fc1-42d6-9200-214eb0163fc5@group-440AB812C07F, cid=3157, SUCCESS, logIndex=0, commits[1b229672-9fc1-42d6-9200-214eb0163fc5:c4712, 4cc0758a-96f5-4ab9-816d-81d822da247a:c4711, 8693c47f-40a3-4a1c-b7ba-6ed996b9183c:c4711]
2019-07-08 22:30:03,383 INFO  client.GrpcClientProtocolClient (GrpcClientProtocolClient.java:onNext(255)) - client-7538DDC4E776->1b229672-9fc1-42d6-9200-214eb0163fc5: receive RaftClientReply:client-7538DDC4E776->1b229672-9fc1-42d6-9200-214eb0163fc5@group-440AB812C07F, cid=3158, SUCCESS, logIndex=4714, commits[1b229672-9fc1-42d6-9200-214eb0163fc5:c4715, 4cc0758a-96f5-4ab9-816d-81d822da247a:c4713, 8693c47f-40a3-4a1c-b7ba-6ed996b9183c:c4713]
2019-07-08 22:30:03,384 INFO  client.GrpcClientProtocolClient (GrpcClientProtocolClient.java:onNext(255)) - client-7538DDC4E776->1b229672-9fc1-42d6-9200-214eb0163fc5: receive RaftClientReply:client-7538DDC4E776->1b229672-9fc1-42d6-9200-214eb0163fc5@group-440AB812C07F, cid=3159, SUCCESS, logIndex=4715, commits[1b229672-9fc1-42d6-9200-214eb0163fc5:c4717, 4cc0758a-96f5-4ab9-816d-81d822da247a:c4713, 8693c47f-40a3-4a1c-b7ba-6ed996b9183c:c4713]
2019-07-08 22:30:03,384 INFO  client.GrpcClientProtocolClient (GrpcClientProtocolClient.java:onNext(255)) - client-7538DDC4E776->1b229672-9fc1-42d6-9200-214eb0163fc5: receive RaftClientReply:client-7538DDC4E776->1b229672-9fc1-42d6-9200-214eb0163fc5@group-440AB812C07F, cid=3160, SUCCESS, logIndex=4716, commits[1b229672-9fc1-42d6-9200-214eb0163fc5:c4717, 4cc0758a-96f5-4ab9-816d-81d822da247a:c4713, 8693c47f-40a3-4a1c-b7ba-6ed996b9183c:c4713]
2019-07-08 22:30:03,384 INFO  client.GrpcClientProtocolClient (GrpcClientProtocolClient.java:onNext(255)) - client-7538DDC4E776->1b229672-9fc1-42d6-9200-214eb0163fc5: receive RaftClientReply:client-7538DDC4E776->1b229672-9fc1-42d6-9200-214eb0163fc5@group-440AB812C07F, cid=3161, SUCCESS, logIndex=4717, commits[1b229672-9fc1-42d6-9200-214eb0163fc5:c4718, 4cc0758a-96f5-4ab9-816d-81d822da247a:c4714, 8693c47f-40a3-4a1c-b7ba-6ed996b9183c:c4713]
2019-07-08 22:30:03,397 INFO  client.GrpcClientProtocolClient (GrpcClientProtocolClient.java:onNext(255)) - client-7538DDC4E776->1b229672-9fc1-42d6-9200-214eb0163fc5: receive RaftClientReply:client-7538DDC4E776->1b229672-9fc1-42d6-9200-214eb0163fc5@group-440AB812C07F, cid=3162, SUCCESS, logIndex=0, commits[1b229672-9fc1-42d6-9200-214eb0163fc5:c4719, 4cc0758a-96f5-4ab9-816d-81d822da247a:c4715, 8693c47f-40a3-4a1c-b7ba-6ed996b9183c:c4715]
2019-07-08 22:30:03,415 INFO  client.GrpcClientProtocolClient (GrpcClientProtocolClient.java:onNext(255)) - client-7538DDC4E776->1b229672-9fc1-42d6-9200-214eb0163fc5: receive RaftClientReply:client-7538DDC4E776->1b229672-9fc1-42d6-9200-214eb0163fc5@group-440AB812C07F, cid=3163, SUCCESS, logIndex=4722, commits[1b229672-9fc1-42d6-9200-214eb0163fc5:c4723, 4cc0758a-96f5-4ab9-816d-81d822da247a:c4721, 8693c47f-40a3-4a1c-b7ba-6ed996b9183c:c4721]
2019-07-08 22:30:03,416 INFO  client.GrpcClientProtocolClient (GrpcClientProtocolClient.java:onNext(255)) - client-7538DDC4E776->1b229672-9fc1-42d6-9200-214eb0163fc5: receive RaftClientReply:client-7538DDC4E776->1b229672-9fc1-42d6-9200-214eb0163fc5@group-440AB812C07F, cid=3164, SUCCESS, logIndex=4723, commits[1b229672-9fc1-42d6-9200-214eb0163fc5:c4723, 4cc0758a-96f5-4ab9-816d-81d822da247a:c4721, 8693c47f-40a3-4a1c-b7ba-6ed996b9183c:c4721]
2019-07-08 22:30:03,442 INFO  client.GrpcClientProtocolClient (GrpcClientProtocolClient.java:onNext(255)) - client-7538DDC4E776->1b229672-9fc1-42d6-9200-214eb0163fc5: receive RaftClientReply:client-7538DDC4E776->1b229672-9fc1-42d6-9200-214eb0163fc5@group-440AB812C07F, cid=3165, SUCCESS, logIndex=4726, commits[1b229672-9fc1-42d6-9200-214eb0163fc5:c4727, 4cc0758a-96f5-4ab9-816d-81d822da247a:c4723, 8693c47f-40a3-4a1c-b7ba-6ed996b9183c:c4723]
2019-07-08 22:30:03,443 INFO  client.GrpcClientProtocolClient (GrpcClientProtocolClient.java:onNext(255)) - client-7538DDC4E776->1b229672-9fc1-42d6-9200-214eb0163fc5: receive RaftClientReply:client-7538DDC4E776->1b229672-9fc1-42d6-9200-214eb0163fc5@group-440AB812C07F, cid=3166, SUCCESS, logIndex=4727, commits[1b229672-9fc1-42d6-9200-214eb0163fc5:c4727, 4cc0758a-96f5-4ab9-816d-81d822da247a:c4723, 8693c47f-40a3-4a1c-b7ba-6ed996b9183c:c4723]
2019-07-08 22:30:03,469 INFO  client.GrpcClientProtocolClient (GrpcClientProtocolClient.java:onNext(255)) - client-7538DDC4E776->1b229672-9fc1-42d6-9200-214eb0163fc5: receive RaftClientReply:client-7538DDC4E776->1b229672-9fc1-42d6-9200-214eb0163fc5@group-440AB812C07F, cid=3167, SUCCESS, logIndex=0, commits[1b229672-9fc1-42d6-9200-214eb0163fc5:c4729, 4cc0758a-96f5-4ab9-816d-81d822da247a:c4727, 8693c47f-40a3-4a1c-b7ba-6ed996b9183c:c4727]
2019-07-08 22:30:03,502 INFO  client.GrpcClientProtocolClient (GrpcClientProtocolClient.java:onNext(255)) - client-7538DDC4E776->1b229672-9fc1-42d6-9200-214eb0163fc5: receive RaftClientReply:client-7538DDC4E776->1b229672-9fc1-42d6-9200-214eb0163fc5@group-440AB812C07F, cid=3168, SUCCESS, logIndex=4730, commits[1b229672-9fc1-42d6-9200-214eb0163fc5:c4731, 4cc0758a-96f5-4ab9-816d-81d822da247a:c4729, 8693c47f-40a3-4a1c-b7ba-6ed996b9183c:c4729]
2019-07-08 22:30:03,502 INFO  client.GrpcClientProtocolClient (GrpcClientProtocolClient.java:onNext(255)) - client-7538DDC4E776->1b229672-9fc1-42d6-9200-214eb0163fc5: receive RaftClientReply:client-7538DDC4E776->1b229672-9fc1-42d6-9200-214eb0163fc5@group-440AB812C07F, cid=3169, SUCCESS, logIndex=4731, commits[1b229672-9fc1-42d6-9200-214eb0163fc5:c4731, 4cc0758a-96f5-4ab9-816d-81d822da247a:c4729, 8693c47f-40a3-4a1c-b7ba-6ed996b9183c:c4729]
2019-07-08 22:30:03,512 INFO  client.GrpcClientProtocolClient (GrpcClientProtocolClient.java:onNext(255)) - client-7538DDC4E776->1b229672-9fc1-42d6-9200-214eb0163fc5: receive RaftClientReply:client-7538DDC4E776->1b229672-9fc1-42d6-9200-214eb0163fc5@group-440AB812C07F, cid=3170, SUCCESS, logIndex=4732, commits[1b229672-9fc1-42d6-9200-214eb0163fc5:c4733, 4cc0758a-96f5-4ab9-816d-81d822da247a:c4729, 8693c47f-40a3-4a1c-b7ba-6ed996b9183c:c4729]
2019-07-08 22:30:03,512 INFO  client.GrpcClientProtocolClient (GrpcClientProtocolClient.java:onNext(255)) - client-7538DDC4E776->1b229672-9fc1-42d6-9200-214eb0163fc5: receive RaftClientReply:client-7538DDC4E776->1b229672-9fc1-42d6-9200-214eb0163fc5@group-440AB812C07F, cid=3171, SUCCESS, logIndex=4733, commits[1b229672-9fc1-42d6-9200-214eb0163fc5:c4733, 4cc0758a-96f5-4ab9-816d-81d822da247a:c4729, 8693c47f-40a3-4a1c-b7ba-6ed996b9183c:c4729]
2019-07-08 22:30:03,514 INFO  client.GrpcClientProtocolClient (GrpcClientProtocolClient.java:onNext(255)) - client-7538DDC4E776->1b229672-9fc1-42d6-9200-214eb0163fc5: receive RaftClientReply:client-7538DDC4E776->1b229672-9fc1-42d6-9200-214eb0163fc5@group-440AB812C07F, cid=3172, SUCCESS, logIndex=0, commits[1b229672-9fc1-42d6-9200-214eb0163fc5:c4733, 4cc0758a-96f5-4ab9-816d-81d822da247a:c4731, 8693c47f-40a3-4a1c-b7ba-6ed996b9183c:c4731]
2019-07-08 22:30:03,535 INFO  client.GrpcClientProtocolClient (GrpcClientProtocolClient.java:onNext(255)) - client-7538DDC4E776->1b229672-9fc1-42d6-9200-214eb0163fc5: receive RaftClientReply:client-7538DDC4E776->1b229672-9fc1-42d6-9200-214eb0163fc5@group-440AB812C07F, cid=3173, SUCCESS, logIndex=4738, commits[1b229672-9fc1-42d6-9200-214eb0163fc5:c4739, 4cc0758a-96f5-4ab9-816d-81d822da247a:c4733, 8693c47f-40a3-4a1c-b7ba-6ed996b9183c:c4733]
2019-07-08 22:30:03,535 INFO  client.GrpcClientProtocolClient (GrpcClientProtocolClient.java:onNext(255)) - client-7538DDC4E776->1b229672-9fc1-42d6-9200-214eb0163fc5: receive RaftClientReply:client-7538DDC4E776->1b229672-9fc1-42d6-9200-214eb0163fc5@group-440AB812C07F, cid=3174, SUCCESS, logIndex=4739, commits[1b229672-9fc1-42d6-9200-214eb0163fc5:c4739, 4cc0758a-96f5-4ab9-816d-81d822da247a:c4733, 8693c47f-40a3-4a1c-b7ba-6ed996b9183c:c4733]
2019-07-08 22:30:03,546 INFO  client.GrpcClientProtocolClient (GrpcClientProtocolClient.java:onNext(255)) - client-7538DDC4E776->1b229672-9fc1-42d6-9200-214eb0163fc5: receive RaftClientReply:client-7538DDC4E776->1b229672-9fc1-42d6-9200-214eb0163fc5@group-440AB812C07F, cid=3175, SUCCESS, logIndex=4742, commits[1b229672-9fc1-42d6-9200-214eb0163fc5:c4743, 4cc0758a-96f5-4ab9-816d-81d822da247a:c4740, 8693c47f-40a3-4a1c-b7ba-6ed996b9183c:c4739]
2019-07-08 22:30:03,547 INFO  client.GrpcClientProtocolClient (GrpcClientProtocolClient.java:onNext(255)) - client-7538DDC4E776->1b229672-9fc1-42d6-9200-214eb0163fc5: receive RaftClientReply:client-7538DDC4E776->1b229672-9fc1-42d6-9200-214eb0163fc5@group-440AB812C07F, cid=3176, SUCCESS, logIndex=4743, commits[1b229672-9fc1-42d6-9200-214eb0163fc5:c4743, 4cc0758a-96f5-4ab9-816d-81d822da247a:c4740, 8693c47f-40a3-4a1c-b7ba-6ed996b9183c:c4740]
2019-07-08 22:30:03,549 INFO  client.GrpcClientProtocolClient (GrpcClientProtocolClient.java:onNext(255)) - client-7538DDC4E776->1b229672-9fc1-42d6-9200-214eb0163fc5: receive RaftClientReply:client-7538DDC4E776->1b229672-9fc1-42d6-9200-214eb0163fc5@group-440AB812C07F, cid=3177, SUCCESS, logIndex=0, commits[1b229672-9fc1-42d6-9200-214eb0163fc5:c4744, 4cc0758a-96f5-4ab9-816d-81d822da247a:c4743, 8693c47f-40a3-4a1c-b7ba-6ed996b9183c:c4743]
2019-07-08 22:30:03,594 INFO  client.GrpcClientProtocolClient (GrpcClientProtocolClient.java:onNext(255)) - client-7538DDC4E776->1b229672-9fc1-42d6-9200-214eb0163fc5: receive RaftClientReply:client-7538DDC4E776->1b229672-9fc1-42d6-9200-214eb0163fc5@group-440AB812C07F, cid=3178, SUCCESS, logIndex=4745, commits[1b229672-9fc1-42d6-9200-214eb0163fc5:c4748, 4cc0758a-96f5-4ab9-816d-81d822da247a:c4744, 8693c47f-40a3-4a1c-b7ba-6ed996b9183c:c4743]
2019-07-08 22:30:03,595 INFO  client.GrpcClientProtocolClient (GrpcClientProtocolClient.java:onNext(255)) - client-7538DDC4E776->1b229672-9fc1-42d6-9200-214eb0163fc5: receive RaftClientReply:client-7538DDC4E776->1b229672-9fc1-42d6-9200-214eb0163fc5@group-440AB812C07F, cid=3179, SUCCESS, logIndex=4746, commits[1b229672-9fc1-42d6-9200-214eb0163fc5:c4748, 4cc0758a-96f5-4ab9-816d-81d822da247a:c4744, 8693c47f-40a3-4a1c-b7ba-6ed996b9183c:c4744]
2019-07-08 22:30:03,595 INFO  client.GrpcClientProtocolClient (GrpcClientProtocolClient.java:onNext(255)) - client-7538DDC4E776->1b229672-9fc1-42d6-9200-214eb0163fc5: receive RaftClientReply:client-7538DDC4E776->1b229672-9fc1-42d6-9200-214eb0163fc5@group-440AB812C07F, cid=3180, SUCCESS, logIndex=4747, commits[1b229672-9fc1-42d6-9200-214eb0163fc5:c4748, 4cc0758a-96f5-4ab9-816d-81d822da247a:c4744, 8693c47f-40a3-4a1c-b7ba-6ed996b9183c:c4744]
2019-07-08 22:30:03,596 INFO  client.GrpcClientProtocolClient (GrpcClientProtocolClient.java:onNext(255)) - client-7538DDC4E776->1b229672-9fc1-42d6-9200-214eb0163fc5: receive RaftClientReply:client-7538DDC4E776->1b229672-9fc1-42d6-9200-214eb0163fc5@group-440AB812C07F, cid=3181, SUCCESS, logIndex=4748, commits[1b229672-9fc1-42d6-9200-214eb0163fc5:c4749, 4cc0758a-96f5-4ab9-816d-81d822da247a:c4745, 8693c47f-40a3-4a1c-b7ba-6ed996b9183c:c4744]
2019-07-08 22:30:03,608 INFO  client.GrpcClientProtocolClient (GrpcClientProtocolClient.java:onNext(255)) - client-7538DDC4E776->1b229672-9fc1-42d6-9200-214eb0163fc5: receive RaftClientReply:client-7538DDC4E776->1b229672-9fc1-42d6-9200-214eb0163fc5@group-440AB812C07F, cid=3182, SUCCESS, logIndex=0, commits[1b229672-9fc1-42d6-9200-214eb0163fc5:c4751, 4cc0758a-96f5-4ab9-816d-81d822da247a:c4747, 8693c47f-40a3-4a1c-b7ba-6ed996b9183c:c4748]
2019-07-08 22:30:03,638 INFO  client.GrpcClientProtocolClient (GrpcClientProtocolClient.java:onNext(255)) - client-7538DDC4E776->1b229672-9fc1-42d6-9200-214eb0163fc5: receive RaftClientReply:client-7538DDC4E776->1b229672-9fc1-42d6-9200-214eb0163fc5@group-440AB812C07F, cid=3183, SUCCESS, logIndex=4753, commits[1b229672-9fc1-42d6-9200-214eb0163fc5:c4754, 4cc0758a-96f5-4ab9-816d-81d822da247a:c4752, 8693c47f-40a3-4a1c-b7ba-6ed996b9183c:c4752]
2019-07-08 22:30:03,638 INFO  client.GrpcClientProtocolClient (GrpcClientProtocolClient.java:onNext(255)) - client-7538DDC4E776->1b229672-9fc1-42d6-9200-214eb0163fc5: receive RaftClientReply:client-7538DDC4E776->1b229672-9fc1-42d6-9200-214eb0163fc5@group-440AB812C07F, cid=3184, SUCCESS, logIndex=4754, commits[1b229672-9fc1-42d6-9200-214eb0163fc5:c4754, 4cc0758a-96f5-4ab9-816d-81d822da247a:c4752, 8693c47f-40a3-4a1c-b7ba-6ed996b9183c:c4752]
2019-07-08 22:30:03,777 INFO  client.GrpcClientProtocolClient (GrpcClientProtocolClient.java:onNext(255)) - client-7538DDC4E776->1b229672-9fc1-42d6-9200-214eb0163fc5: receive RaftClientReply:client-7538DDC4E776->1b229672-9fc1-42d6-9200-214eb0163fc5@group-440AB812C07F, cid=3185, SUCCESS, logIndex=4757, commits[1b229672-9fc1-42d6-9200-214eb0163fc5:c4758, 4cc0758a-96f5-4ab9-816d-81d822da247a:c4755, 8693c47f-40a3-4a1c-b7ba-6ed996b9183c:c4755]
2019-07-08 22:30:03,777 INFO  client.GrpcClientProtocolClient (GrpcClientProtocolClient.java:onNext(255)) - client-7538DDC4E776->1b229672-9fc1-42d6-9200-214eb0163fc5: receive RaftClientReply:client-7538DDC4E776->1b229672-9fc1-42d6-9200-214eb0163fc5@group-440AB812C07F, cid=3186, SUCCESS, logIndex=4758, commits[1b229672-9fc1-42d6-9200-214eb0163fc5:c4758, 4cc0758a-96f5-4ab9-816d-81d822da247a:c4755, 8693c47f-40a3-4a1c-b7ba-6ed996b9183c:c4755]
2019-07-08 22:30:03,802 INFO  client.GrpcClientProtocolClient (GrpcClientProtocolClient.java:onNext(255)) - client-7538DDC4E776->1b229672-9fc1-42d6-9200-214eb0163fc5: receive RaftClientReply:client-7538DDC4E776->1b229672-9fc1-42d6-9200-214eb0163fc5@group-440AB812C07F, cid=3187, SUCCESS, logIndex=0, commits[1b229672-9fc1-42d6-9200-214eb0163fc5:c4760, 4cc0758a-96f5-4ab9-816d-81d822da247a:c4758, 8693c47f-40a3-4a1c-b7ba-6ed996b9183c:c4758]
2019-07-08 22:30:03,841 INFO  client.GrpcClientProtocolClient (GrpcClientProtocolClient.java:onNext(255)) - client-7538DDC4E776->1b229672-9fc1-42d6-9200-214eb0163fc5: receive RaftClientReply:client-7538DDC4E776->1b229672-9fc1-42d6-9200-214eb0163fc5@group-440AB812C07F, cid=3188, SUCCESS, logIndex=4761, commits[1b229672-9fc1-42d6-9200-214eb0163fc5:c4763, 4cc0758a-96f5-4ab9-816d-81d822da247a:c4760, 8693c47f-40a3-4a1c-b7ba-6ed996b9183c:c4760]
2019-07-08 22:30:03,842 INFO  client.GrpcClientProtocolClient (GrpcClientProtocolClient.java:onNext(255)) - client-7538DDC4E776->1b229672-9fc1-42d6-9200-214eb0163fc5: receive RaftClientReply:client-7538DDC4E776->1b229672-9fc1-42d6-9200-214eb0163fc5@group-440AB812C07F, cid=3189, SUCCESS, logIndex=4762, commits[1b229672-9fc1-42d6-9200-214eb0163fc5:c4764, 4cc0758a-96f5-4ab9-816d-81d822da247a:c4760, 8693c47f-40a3-4a1c-b7ba-6ed996b9183c:c4760]
2019-07-08 22:30:03,842 INFO  client.GrpcClientProtocolClient (GrpcClientProtocolClient.java:onNext(255)) - client-7538DDC4E776->1b229672-9fc1-42d6-9200-214eb0163fc5: receive RaftClientReply:client-7538DDC4E776->1b229672-9fc1-42d6-9200-214eb0163fc5@group-440AB812C07F, cid=3190, SUCCESS, logIndex=4763, commits[1b229672-9fc1-42d6-9200-214eb0163fc5:c4764, 4cc0758a-96f5-4ab9-816d-81d822da247a:c4760, 8693c47f-40a3-4a1c-b7ba-6ed996b9183c:c4760]
2019-07-08 22:30:03,842 INFO  client.GrpcClientProtocolClient (GrpcClientProtocolClient.java:onNext(255)) - client-7538DDC4E776->1b229672-9fc1-42d6-9200-214eb0163fc5: receive RaftClientReply:client-7538DDC4E776->1b229672-9fc1-42d6-9200-214eb0163fc5@group-440AB812C07F, cid=3191, SUCCESS, logIndex=4764, commits[1b229672-9fc1-42d6-9200-214eb0163fc5:c4764, 4cc0758a-96f5-4ab9-816d-81d822da247a:c4760, 8693c47f-40a3-4a1c-b7ba-6ed996b9183c:c4760]
2019-07-08 22:30:03,861 INFO  client.GrpcClientProtocolClient (GrpcClientProtocolClient.java:onNext(255)) - client-7538DDC4E776->1b229672-9fc1-42d6-9200-214eb0163fc5: receive RaftClientReply:client-7538DDC4E776->1b229672-9fc1-42d6-9200-214eb0163fc5@group-440AB812C07F, cid=3192, SUCCESS, logIndex=0, commits[1b229672-9fc1-42d6-9200-214eb0163fc5:c4766, 4cc0758a-96f5-4ab9-816d-81d822da247a:c4762, 8693c47f-40a3-4a1c-b7ba-6ed996b9183c:c4763]
 0.00% |█                                                                                                    |  0/1 Time: 0:00:302019-07-08 22:30:03,881 INFO  client.GrpcClientProtocolClient (GrpcClientProtocolClient.java:onNext(255)) - client-7538DDC4E776->1b229672-9fc1-42d6-9200-214eb0163fc5: receive RaftClientReply:client-7538DDC4E776->1b229672-9fc1-42d6-9200-214eb0163fc5@group-440AB812C07F, cid=3193, SUCCESS, logIndex=4769, commits[1b229672-9fc1-42d6-9200-214eb0163fc5:c4770, 4cc0758a-96f5-4ab9-816d-81d822da247a:c4768, 8693c47f-40a3-4a1c-b7ba-6ed996b9183c:c4768]
2019-07-08 22:30:03,881 INFO  client.GrpcClientProtocolClient (GrpcClientProtocolClient.java:onNext(255)) - client-7538DDC4E776->1b229672-9fc1-42d6-9200-214eb0163fc5: receive RaftClientReply:client-7538DDC4E776->1b229672-9fc1-42d6-9200-214eb0163fc5@group-440AB812C07F, cid=3194, SUCCESS, logIndex=4770, commits[1b229672-9fc1-42d6-9200-214eb0163fc5:c4770, 4cc0758a-96f5-4ab9-816d-81d822da247a:c4768, 8693c47f-40a3-4a1c-b7ba-6ed996b9183c:c4768]
2019-07-08 22:30:03,896 INFO  client.GrpcClientProtocolClient (GrpcClientProtocolClient.java:onNext(255)) - client-7538DDC4E776->1b229672-9fc1-42d6-9200-214eb0163fc5: receive RaftClientReply:client-7538DDC4E776->1b229672-9fc1-42d6-9200-214eb0163fc5@group-440AB812C07F, cid=3195, SUCCESS, logIndex=4773, commits[1b229672-9fc1-42d6-9200-214eb0163fc5:c4774, 4cc0758a-96f5-4ab9-816d-81d822da247a:c4770, 8693c47f-40a3-4a1c-b7ba-6ed996b9183c:c4770]
2019-07-08 22:30:03,896 INFO  client.GrpcClientProtocolClient (GrpcClientProtocolClient.java:onNext(255)) - client-7538DDC4E776->1b229672-9fc1-42d6-9200-214eb0163fc5: receive RaftClientReply:client-7538DDC4E776->1b229672-9fc1-42d6-9200-214eb0163fc5@group-440AB812C07F, cid=3196, SUCCESS, logIndex=4774, commits[1b229672-9fc1-42d6-9200-214eb0163fc5:c4774, 4cc0758a-96f5-4ab9-816d-81d822da247a:c4770, 8693c47f-40a3-4a1c-b7ba-6ed996b9183c:c4770]
2019-07-08 22:30:03,910 INFO  client.GrpcClientProtocolClient (GrpcClientProtocolClient.java:onNext(255)) - client-7538DDC4E776->1b229672-9fc1-42d6-9200-214eb0163fc5: receive RaftClientReply:client-7538DDC4E776->1b229672-9fc1-42d6-9200-214eb0163fc5@group-440AB812C07F, cid=3197, SUCCESS, logIndex=0, commits[1b229672-9fc1-42d6-9200-214eb0163fc5:c4776, 4cc0758a-96f5-4ab9-816d-81d822da247a:c4774, 8693c47f-40a3-4a1c-b7ba-6ed996b9183c:c4774]
2019-07-08 22:30:03,942 INFO  client.GrpcClientProtocolClient (GrpcClientProtocolClient.java:onNext(255)) - client-7538DDC4E776->1b229672-9fc1-42d6-9200-214eb0163fc5: receive RaftClientReply:client-7538DDC4E776->1b229672-9fc1-42d6-9200-214eb0163fc5@group-440AB812C07F, cid=3198, SUCCESS, logIndex=4777, commits[1b229672-9fc1-42d6-9200-214eb0163fc5:c4780, 4cc0758a-96f5-4ab9-816d-81d822da247a:c4776, 8693c47f-40a3-4a1c-b7ba-6ed996b9183c:c4776]
2019-07-08 22:30:03,942 INFO  client.GrpcClientProtocolClient (GrpcClientProtocolClient.java:onNext(255)) - client-7538DDC4E776->1b229672-9fc1-42d6-9200-214eb0163fc5: receive RaftClientReply:client-7538DDC4E776->1b229672-9fc1-42d6-9200-214eb0163fc5@group-440AB812C07F, cid=3199, SUCCESS, logIndex=4778, commits[1b229672-9fc1-42d6-9200-214eb0163fc5:c4780, 4cc0758a-96f5-4ab9-816d-81d822da247a:c4776, 8693c47f-40a3-4a1c-b7ba-6ed996b9183c:c4776]
2019-07-08 22:30:03,943 INFO  client.GrpcClientProtocolClient (GrpcClientProtocolClient.java:onNext(255)) - client-7538DDC4E776->1b229672-9fc1-42d6-9200-214eb0163fc5: receive RaftClientReply:client-7538DDC4E776->1b229672-9fc1-42d6-9200-214eb0163fc5@group-440AB812C07F, cid=3200, SUCCESS, logIndex=4779, commits[1b229672-9fc1-42d6-9200-214eb0163fc5:c4780, 4cc0758a-96f5-4ab9-816d-81d822da247a:c4776, 8693c47f-40a3-4a1c-b7ba-6ed996b9183c:c4776]
2019-07-08 22:30:03,943 INFO  client.GrpcClientProtocolClient (GrpcClientProtocolClient.java:onNext(255)) - client-7538DDC4E776->1b229672-9fc1-42d6-9200-214eb0163fc5: receive RaftClientReply:client-7538DDC4E776->1b229672-9fc1-42d6-9200-214eb0163fc5@group-440AB812C07F, cid=3201, SUCCESS, logIndex=4780, commits[1b229672-9fc1-42d6-9200-214eb0163fc5:c4780, 4cc0758a-96f5-4ab9-816d-81d822da247a:c4776, 8693c47f-40a3-4a1c-b7ba-6ed996b9183c:c4776]
2019-07-08 22:30:03,968 INFO  client.GrpcClientProtocolClient (GrpcClientProtocolClient.java:onNext(255)) - client-7538DDC4E776->1b229672-9fc1-42d6-9200-214eb0163fc5: receive RaftClientReply:client-7538DDC4E776->1b229672-9fc1-42d6-9200-214eb0163fc5@group-440AB812C07F, cid=3202, SUCCESS, logIndex=0, commits[1b229672-9fc1-42d6-9200-214eb0163fc5:c4783, 4cc0758a-96f5-4ab9-816d-81d822da247a:c4778, 8693c47f-40a3-4a1c-b7ba-6ed996b9183c:c4779]
2019-07-08 22:30:03,989 INFO  client.GrpcClientProtocolClient (GrpcClientProtocolClient.java:onNext(255)) - client-7538DDC4E776->1b229672-9fc1-42d6-9200-214eb0163fc5: receive RaftClientReply:client-7538DDC4E776->1b229672-9fc1-42d6-9200-214eb0163fc5@group-440AB812C07F, cid=3203, SUCCESS, logIndex=4785, commits[1b229672-9fc1-42d6-9200-214eb0163fc5:c4786, 4cc0758a-96f5-4ab9-816d-81d822da247a:c4784, 8693c47f-40a3-4a1c-b7ba-6ed996b9183c:c4784]
2019-07-08 22:30:03,990 INFO  client.GrpcClientProtocolClient (GrpcClientProtocolClient.java:onNext(255)) - client-7538DDC4E776->1b229672-9fc1-42d6-9200-214eb0163fc5: receive RaftClientReply:client-7538DDC4E776->1b229672-9fc1-42d6-9200-214eb0163fc5@group-440AB812C07F, cid=3204, SUCCESS, logIndex=4786, commits[1b229672-9fc1-42d6-9200-214eb0163fc5:c4786, 4cc0758a-96f5-4ab9-816d-81d822da247a:c4784, 8693c47f-40a3-4a1c-b7ba-6ed996b9183c:c4784]
2019-07-08 22:30:04,016 INFO  client.GrpcClientProtocolClient (GrpcClientProtocolClient.java:onNext(255)) - client-7538DDC4E776->1b229672-9fc1-42d6-9200-214eb0163fc5: receive RaftClientReply:client-7538DDC4E776->1b229672-9fc1-42d6-9200-214eb0163fc5@group-440AB812C07F, cid=3205, SUCCESS, logIndex=4789, commits[1b229672-9fc1-42d6-9200-214eb0163fc5:c4790, 4cc0758a-96f5-4ab9-816d-81d822da247a:c4786, 8693c47f-40a3-4a1c-b7ba-6ed996b9183c:c4786]
2019-07-08 22:30:04,016 INFO  client.GrpcClientProtocolClient (GrpcClientProtocolClient.java:onNext(255)) - client-7538DDC4E776->1b229672-9fc1-42d6-9200-214eb0163fc5: receive RaftClientReply:client-7538DDC4E776->1b229672-9fc1-42d6-9200-214eb0163fc5@group-440AB812C07F, cid=3206, SUCCESS, logIndex=4790, commits[1b229672-9fc1-42d6-9200-214eb0163fc5:c4790, 4cc0758a-96f5-4ab9-816d-81d822da247a:c4786, 8693c47f-40a3-4a1c-b7ba-6ed996b9183c:c4786]
2019-07-08 22:30:04,031 INFO  client.GrpcClientProtocolClient (GrpcClientProtocolClient.java:onNext(255)) - client-7538DDC4E776->1b229672-9fc1-42d6-9200-214eb0163fc5: receive RaftClientReply:client-7538DDC4E776->1b229672-9fc1-42d6-9200-214eb0163fc5@group-440AB812C07F, cid=3207, SUCCESS, logIndex=0, commits[1b229672-9fc1-42d6-9200-214eb0163fc5:c4792, 4cc0758a-96f5-4ab9-816d-81d822da247a:c4790, 8693c47f-40a3-4a1c-b7ba-6ed996b9183c:c4790]
2019-07-08 22:30:04,058 INFO  client.GrpcClientProtocolClient (GrpcClientProtocolClient.java:onNext(255)) - client-7538DDC4E776->1b229672-9fc1-42d6-9200-214eb0163fc5: receive RaftClientReply:client-7538DDC4E776->1b229672-9fc1-42d6-9200-214eb0163fc5@group-440AB812C07F, cid=3208, SUCCESS, logIndex=4793, commits[1b229672-9fc1-42d6-9200-214eb0163fc5:c4794, 4cc0758a-96f5-4ab9-816d-81d822da247a:c4792, 8693c47f-40a3-4a1c-b7ba-6ed996b9183c:c4792]
2019-07-08 22:30:04,058 INFO  client.GrpcClientProtocolClient (GrpcClientProtocolClient.java:onNext(255)) - client-7538DDC4E776->1b229672-9fc1-42d6-9200-214eb0163fc5: receive RaftClientReply:client-7538DDC4E776->1b229672-9fc1-42d6-9200-214eb0163fc5@group-440AB812C07F, cid=3209, SUCCESS, logIndex=4794, commits[1b229672-9fc1-42d6-9200-214eb0163fc5:c4794, 4cc0758a-96f5-4ab9-816d-81d822da247a:c4792, 8693c47f-40a3-4a1c-b7ba-6ed996b9183c:c4792]
2019-07-08 22:30:04,061 INFO  client.GrpcClientProtocolClient (GrpcClientProtocolClient.java:onNext(255)) - client-7538DDC4E776->1b229672-9fc1-42d6-9200-214eb0163fc5: receive RaftClientReply:client-7538DDC4E776->1b229672-9fc1-42d6-9200-214eb0163fc5@group-440AB812C07F, cid=3210, SUCCESS, logIndex=4795, commits[1b229672-9fc1-42d6-9200-214eb0163fc5:c4797, 4cc0758a-96f5-4ab9-816d-81d822da247a:c4793, 8693c47f-40a3-4a1c-b7ba-6ed996b9183c:c4792]
2019-07-08 22:30:04,062 INFO  client.GrpcClientProtocolClient (GrpcClientProtocolClient.java:onNext(255)) - client-7538DDC4E776->1b229672-9fc1-42d6-9200-214eb0163fc5: receive RaftClientReply:client-7538DDC4E776->1b229672-9fc1-42d6-9200-214eb0163fc5@group-440AB812C07F, cid=3211, SUCCESS, logIndex=4796, commits[1b229672-9fc1-42d6-9200-214eb0163fc5:c4797, 4cc0758a-96f5-4ab9-816d-81d822da247a:c4793, 8693c47f-40a3-4a1c-b7ba-6ed996b9183c:c4793]
2019-07-08 22:30:04,063 INFO  client.GrpcClientProtocolClient (GrpcClientProtocolClient.java:onNext(255)) - client-7538DDC4E776->1b229672-9fc1-42d6-9200-214eb0163fc5: receive RaftClientReply:client-7538DDC4E776->1b229672-9fc1-42d6-9200-214eb0163fc5@group-440AB812C07F, cid=3212, SUCCESS, logIndex=0, commits[1b229672-9fc1-42d6-9200-214eb0163fc5:c4798, 4cc0758a-96f5-4ab9-816d-81d822da247a:c4794, 8693c47f-40a3-4a1c-b7ba-6ed996b9183c:c4794]
2019-07-08 22:30:04,076 INFO  client.GrpcClientProtocolClient (GrpcClientProtocolClient.java:onNext(255)) - client-7538DDC4E776->1b229672-9fc1-42d6-9200-214eb0163fc5: receive RaftClientReply:client-7538DDC4E776->1b229672-9fc1-42d6-9200-214eb0163fc5@group-440AB812C07F, cid=3213, SUCCESS, logIndex=4801, commits[1b229672-9fc1-42d6-9200-214eb0163fc5:c4802, 4cc0758a-96f5-4ab9-816d-81d822da247a:c4800, 8693c47f-40a3-4a1c-b7ba-6ed996b9183c:c4800]
2019-07-08 22:30:04,076 INFO  client.GrpcClientProtocolClient (GrpcClientProtocolClient.java:onNext(255)) - client-7538DDC4E776->1b229672-9fc1-42d6-9200-214eb0163fc5: receive RaftClientReply:client-7538DDC4E776->1b229672-9fc1-42d6-9200-214eb0163fc5@group-440AB812C07F, cid=3214, SUCCESS, logIndex=4802, commits[1b229672-9fc1-42d6-9200-214eb0163fc5:c4802, 4cc0758a-96f5-4ab9-816d-81d822da247a:c4800, 8693c47f-40a3-4a1c-b7ba-6ed996b9183c:c4800]
2019-07-08 22:30:04,108 INFO  client.GrpcClientProtocolClient (GrpcClientProtocolClient.java:onNext(255)) - client-7538DDC4E776->1b229672-9fc1-42d6-9200-214eb0163fc5: receive RaftClientReply:client-7538DDC4E776->1b229672-9fc1-42d6-9200-214eb0163fc5@group-440AB812C07F, cid=3215, SUCCESS, logIndex=4805, commits[1b229672-9fc1-42d6-9200-214eb0163fc5:c4806, 4cc0758a-96f5-4ab9-816d-81d822da247a:c4802, 8693c47f-40a3-4a1c-b7ba-6ed996b9183c:c4804]
2019-07-08 22:30:04,108 INFO  client.GrpcClientProtocolClient (GrpcClientProtocolClient.java:onNext(255)) - client-7538DDC4E776->1b229672-9fc1-42d6-9200-214eb0163fc5: receive RaftClientReply:client-7538DDC4E776->1b229672-9fc1-42d6-9200-214eb0163fc5@group-440AB812C07F, cid=3216, SUCCESS, logIndex=4806, commits[1b229672-9fc1-42d6-9200-214eb0163fc5:c4806, 4cc0758a-96f5-4ab9-816d-81d822da247a:c4804, 8693c47f-40a3-4a1c-b7ba-6ed996b9183c:c4804]
2019-07-08 22:30:04,111 INFO  client.GrpcClientProtocolClient (GrpcClientProtocolClient.java:onNext(255)) - client-7538DDC4E776->1b229672-9fc1-42d6-9200-214eb0163fc5: receive RaftClientReply:client-7538DDC4E776->1b229672-9fc1-42d6-9200-214eb0163fc5@group-440AB812C07F, cid=3217, SUCCESS, logIndex=0, commits[1b229672-9fc1-42d6-9200-214eb0163fc5:c4807, 4cc0758a-96f5-4ab9-816d-81d822da247a:c4806, 8693c47f-40a3-4a1c-b7ba-6ed996b9183c:c4806]
2019-07-08 22:30:04,142 INFO  client.GrpcClientProtocolClient (GrpcClientProtocolClient.java:onNext(255)) - client-7538DDC4E776->1b229672-9fc1-42d6-9200-214eb0163fc5: receive RaftClientReply:client-7538DDC4E776->1b229672-9fc1-42d6-9200-214eb0163fc5@group-440AB812C07F, cid=3218, SUCCESS, logIndex=4809, commits[1b229672-9fc1-42d6-9200-214eb0163fc5:c4810, 4cc0758a-96f5-4ab9-816d-81d822da247a:c4808, 8693c47f-40a3-4a1c-b7ba-6ed996b9183c:c4808]
2019-07-08 22:30:04,143 INFO  client.GrpcClientProtocolClient (GrpcClientProtocolClient.java:onNext(255)) - client-7538DDC4E776->1b229672-9fc1-42d6-9200-214eb0163fc5: receive RaftClientReply:client-7538DDC4E776->1b229672-9fc1-42d6-9200-214eb0163fc5@group-440AB812C07F, cid=3219, SUCCESS, logIndex=4810, commits[1b229672-9fc1-42d6-9200-214eb0163fc5:c4810, 4cc0758a-96f5-4ab9-816d-81d822da247a:c4808, 8693c47f-40a3-4a1c-b7ba-6ed996b9183c:c4808]
2019-07-08 22:30:04,154 INFO  client.GrpcClientProtocolClient (GrpcClientProtocolClient.java:onNext(255)) - client-7538DDC4E776->1b229672-9fc1-42d6-9200-214eb0163fc5: receive RaftClientReply:client-7538DDC4E776->1b229672-9fc1-42d6-9200-214eb0163fc5@group-440AB812C07F, cid=3220, SUCCESS, logIndex=4811, commits[1b229672-9fc1-42d6-9200-214eb0163fc5:c4812, 4cc0758a-96f5-4ab9-816d-81d822da247a:c4808, 8693c47f-40a3-4a1c-b7ba-6ed996b9183c:c4808]
2019-07-08 22:30:04,154 INFO  client.GrpcClientProtocolClient (GrpcClientProtocolClient.java:onNext(255)) - client-7538DDC4E776->1b229672-9fc1-42d6-9200-214eb0163fc5: receive RaftClientReply:client-7538DDC4E776->1b229672-9fc1-42d6-9200-214eb0163fc5@group-440AB812C07F, cid=3221, SUCCESS, logIndex=4812, commits[1b229672-9fc1-42d6-9200-214eb0163fc5:c4812, 4cc0758a-96f5-4ab9-816d-81d822da247a:c4808, 8693c47f-40a3-4a1c-b7ba-6ed996b9183c:c4808]
2019-07-08 22:30:04,155 INFO  client.GrpcClientProtocolClient (GrpcClientProtocolClient.java:onNext(255)) - client-7538DDC4E776->1b229672-9fc1-42d6-9200-214eb0163fc5: receive RaftClientReply:client-7538DDC4E776->1b229672-9fc1-42d6-9200-214eb0163fc5@group-440AB812C07F, cid=3222, SUCCESS, logIndex=0, commits[1b229672-9fc1-42d6-9200-214eb0163fc5:c4814, 4cc0758a-96f5-4ab9-816d-81d822da247a:c4811, 8693c47f-40a3-4a1c-b7ba-6ed996b9183c:c4810]
2019-07-08 22:30:04,179 INFO  client.GrpcClientProtocolClient (GrpcClientProtocolClient.java:onNext(255)) - client-7538DDC4E776->1b229672-9fc1-42d6-9200-214eb0163fc5: receive RaftClientReply:client-7538DDC4E776->1b229672-9fc1-42d6-9200-214eb0163fc5@group-440AB812C07F, cid=3223, SUCCESS, logIndex=4817, commits[1b229672-9fc1-42d6-9200-214eb0163fc5:c4818, 4cc0758a-96f5-4ab9-816d-81d822da247a:c4816, 8693c47f-40a3-4a1c-b7ba-6ed996b9183c:c4816]
2019-07-08 22:30:04,179 INFO  client.GrpcClientProtocolClient (GrpcClientProtocolClient.java:onNext(255)) - client-7538DDC4E776->1b229672-9fc1-42d6-9200-214eb0163fc5: receive RaftClientReply:client-7538DDC4E776->1b229672-9fc1-42d6-9200-214eb0163fc5@group-440AB812C07F, cid=3224, SUCCESS, logIndex=4818, commits[1b229672-9fc1-42d6-9200-214eb0163fc5:c4818, 4cc0758a-96f5-4ab9-816d-81d822da247a:c4816, 8693c47f-40a3-4a1c-b7ba-6ed996b9183c:c4816]
2019-07-08 22:30:04,204 INFO  client.GrpcClientProtocolClient (GrpcClientProtocolClient.java:onNext(255)) - client-7538DDC4E776->1b229672-9fc1-42d6-9200-214eb0163fc5: receive RaftClientReply:client-7538DDC4E776->1b229672-9fc1-42d6-9200-214eb0163fc5@group-440AB812C07F, cid=3225, SUCCESS, logIndex=4821, commits[1b229672-9fc1-42d6-9200-214eb0163fc5:c4822, 4cc0758a-96f5-4ab9-816d-81d822da247a:c4818, 8693c47f-40a3-4a1c-b7ba-6ed996b9183c:c4817]
2019-07-08 22:30:04,204 INFO  client.GrpcClientProtocolClient (GrpcClientProtocolClient.java:onNext(255)) - client-7538DDC4E776->1b229672-9fc1-42d6-9200-214eb0163fc5: receive RaftClientReply:client-7538DDC4E776->1b229672-9fc1-42d6-9200-214eb0163fc5@group-440AB812C07F, cid=3226, SUCCESS, logIndex=4822, commits[1b229672-9fc1-42d6-9200-214eb0163fc5:c4822, 4cc0758a-96f5-4ab9-816d-81d822da247a:c4818, 8693c47f-40a3-4a1c-b7ba-6ed996b9183c:c4818]
2019-07-08 22:30:04,230 INFO  client.GrpcClientProtocolClient (GrpcClientProtocolClient.java:onNext(255)) - client-7538DDC4E776->1b229672-9fc1-42d6-9200-214eb0163fc5: receive RaftClientReply:client-7538DDC4E776->1b229672-9fc1-42d6-9200-214eb0163fc5@group-440AB812C07F, cid=3227, SUCCESS, logIndex=0, commits[1b229672-9fc1-42d6-9200-214eb0163fc5:c4824, 4cc0758a-96f5-4ab9-816d-81d822da247a:c4822, 8693c47f-40a3-4a1c-b7ba-6ed996b9183c:c4822]
2019-07-08 22:30:04,264 INFO  client.GrpcClientProtocolClient (GrpcClientProtocolClient.java:onNext(255)) - client-7538DDC4E776->1b229672-9fc1-42d6-9200-214eb0163fc5: receive RaftClientReply:client-7538DDC4E776->1b229672-9fc1-42d6-9200-214eb0163fc5@group-440AB812C07F, cid=3228, SUCCESS, logIndex=4825, commits[1b229672-9fc1-42d6-9200-214eb0163fc5:c4826, 4cc0758a-96f5-4ab9-816d-81d822da247a:c4824, 8693c47f-40a3-4a1c-b7ba-6ed996b9183c:c4824]
2019-07-08 22:30:04,265 INFO  client.GrpcClientProtocolClient (GrpcClientProtocolClient.java:onNext(255)) - client-7538DDC4E776->1b229672-9fc1-42d6-9200-214eb0163fc5: receive RaftClientReply:client-7538DDC4E776->1b229672-9fc1-42d6-9200-214eb0163fc5@group-440AB812C07F, cid=3229, SUCCESS, logIndex=4826, commits[1b229672-9fc1-42d6-9200-214eb0163fc5:c4826, 4cc0758a-96f5-4ab9-816d-81d822da247a:c4824, 8693c47f-40a3-4a1c-b7ba-6ed996b9183c:c4824]
2019-07-08 22:30:04,285 INFO  client.GrpcClientProtocolClient (GrpcClientProtocolClient.java:onNext(255)) - client-7538DDC4E776->1b229672-9fc1-42d6-9200-214eb0163fc5: receive RaftClientReply:client-7538DDC4E776->1b229672-9fc1-42d6-9200-214eb0163fc5@group-440AB812C07F, cid=3230, SUCCESS, logIndex=4827, commits[1b229672-9fc1-42d6-9200-214eb0163fc5:c4828, 4cc0758a-96f5-4ab9-816d-81d822da247a:c4824, 8693c47f-40a3-4a1c-b7ba-6ed996b9183c:c4824]
2019-07-08 22:30:04,286 INFO  client.GrpcClientProtocolClient (GrpcClientProtocolClient.java:onNext(255)) - client-7538DDC4E776->1b229672-9fc1-42d6-9200-214eb0163fc5: receive RaftClientReply:client-7538DDC4E776->1b229672-9fc1-42d6-9200-214eb0163fc5@group-440AB812C07F, cid=3231, SUCCESS, logIndex=4828, commits[1b229672-9fc1-42d6-9200-214eb0163fc5:c4828, 4cc0758a-96f5-4ab9-816d-81d822da247a:c4824, 8693c47f-40a3-4a1c-b7ba-6ed996b9183c:c4824]
2019-07-08 22:30:04,289 INFO  client.GrpcClientProtocolClient (GrpcClientProtocolClient.java:onNext(255)) - client-7538DDC4E776->1b229672-9fc1-42d6-9200-214eb0163fc5: receive RaftClientReply:client-7538DDC4E776->1b229672-9fc1-42d6-9200-214eb0163fc5@group-440AB812C07F, cid=3232, SUCCESS, logIndex=0, commits[1b229672-9fc1-42d6-9200-214eb0163fc5:c4830, 4cc0758a-96f5-4ab9-816d-81d822da247a:c4826, 8693c47f-40a3-4a1c-b7ba-6ed996b9183c:c4826]
2019-07-08 22:30:04,301 INFO  client.GrpcClientProtocolClient (GrpcClientProtocolClient.java:onNext(255)) - client-7538DDC4E776->1b229672-9fc1-42d6-9200-214eb0163fc5: receive RaftClientReply:client-7538DDC4E776->1b229672-9fc1-42d6-9200-214eb0163fc5@group-440AB812C07F, cid=3233, SUCCESS, logIndex=4833, commits[1b229672-9fc1-42d6-9200-214eb0163fc5:c4834, 4cc0758a-96f5-4ab9-816d-81d822da247a:c4832, 8693c47f-40a3-4a1c-b7ba-6ed996b9183c:c4832]
2019-07-08 22:30:04,302 INFO  client.GrpcClientProtocolClient (GrpcClientProtocolClient.java:onNext(255)) - client-7538DDC4E776->1b229672-9fc1-42d6-9200-214eb0163fc5: receive RaftClientReply:client-7538DDC4E776->1b229672-9fc1-42d6-9200-214eb0163fc5@group-440AB812C07F, cid=3234, SUCCESS, logIndex=4834, commits[1b229672-9fc1-42d6-9200-214eb0163fc5:c4834, 4cc0758a-96f5-4ab9-816d-81d822da247a:c4832, 8693c47f-40a3-4a1c-b7ba-6ed996b9183c:c4832]
2019-07-08 22:30:04,314 INFO  client.GrpcClientProtocolClient (GrpcClientProtocolClient.java:onNext(255)) - client-7538DDC4E776->1b229672-9fc1-42d6-9200-214eb0163fc5: receive RaftClientReply:client-7538DDC4E776->1b229672-9fc1-42d6-9200-214eb0163fc5@group-440AB812C07F, cid=3235, SUCCESS, logIndex=4837, commits[1b229672-9fc1-42d6-9200-214eb0163fc5:c4838, 4cc0758a-96f5-4ab9-816d-81d822da247a:c4834, 8693c47f-40a3-4a1c-b7ba-6ed996b9183c:c4836]
2019-07-08 22:30:04,315 INFO  client.GrpcClientProtocolClient (GrpcClientProtocolClient.java:onNext(255)) - client-7538DDC4E776->1b229672-9fc1-42d6-9200-214eb0163fc5: receive RaftClientReply:client-7538DDC4E776->1b229672-9fc1-42d6-9200-214eb0163fc5@group-440AB812C07F, cid=3236, SUCCESS, logIndex=4838, commits[1b229672-9fc1-42d6-9200-214eb0163fc5:c4838, 4cc0758a-96f5-4ab9-816d-81d822da247a:c4836, 8693c47f-40a3-4a1c-b7ba-6ed996b9183c:c4836]
2019-07-08 22:30:04,317 INFO  client.GrpcClientProtocolClient (GrpcClientProtocolClient.java:onNext(255)) - client-7538DDC4E776->1b229672-9fc1-42d6-9200-214eb0163fc5: receive RaftClientReply:client-7538DDC4E776->1b229672-9fc1-42d6-9200-214eb0163fc5@group-440AB812C07F, cid=3237, SUCCESS, logIndex=0, commits[1b229672-9fc1-42d6-9200-214eb0163fc5:c4839, 4cc0758a-96f5-4ab9-816d-81d822da247a:c4838, 8693c47f-40a3-4a1c-b7ba-6ed996b9183c:c4838]
2019-07-08 22:30:04,361 INFO  client.GrpcClientProtocolClient (GrpcClientProtocolClient.java:onNext(255)) - client-7538DDC4E776->1b229672-9fc1-42d6-9200-214eb0163fc5: receive RaftClientReply:client-7538DDC4E776->1b229672-9fc1-42d6-9200-214eb0163fc5@group-440AB812C07F, cid=3238, SUCCESS, logIndex=4840, commits[1b229672-9fc1-42d6-9200-214eb0163fc5:c4841, 4cc0758a-96f5-4ab9-816d-81d822da247a:c4839, 8693c47f-40a3-4a1c-b7ba-6ed996b9183c:c4839]
2019-07-08 22:30:04,362 INFO  client.GrpcClientProtocolClient (GrpcClientProtocolClient.java:onNext(255)) - client-7538DDC4E776->1b229672-9fc1-42d6-9200-214eb0163fc5: receive RaftClientReply:client-7538DDC4E776->1b229672-9fc1-42d6-9200-214eb0163fc5@group-440AB812C07F, cid=3239, SUCCESS, logIndex=4841, commits[1b229672-9fc1-42d6-9200-214eb0163fc5:c4842, 4cc0758a-96f5-4ab9-816d-81d822da247a:c4839, 8693c47f-40a3-4a1c-b7ba-6ed996b9183c:c4839]
2019-07-08 22:30:04,363 INFO  client.GrpcClientProtocolClient (GrpcClientProtocolClient.java:onNext(255)) - client-7538DDC4E776->1b229672-9fc1-42d6-9200-214eb0163fc5: receive RaftClientReply:client-7538DDC4E776->1b229672-9fc1-42d6-9200-214eb0163fc5@group-440AB812C07F, cid=3240, SUCCESS, logIndex=4842, commits[1b229672-9fc1-42d6-9200-214eb0163fc5:c4843, 4cc0758a-96f5-4ab9-816d-81d822da247a:c4839, 8693c47f-40a3-4a1c-b7ba-6ed996b9183c:c4839]
2019-07-08 22:30:04,363 INFO  client.GrpcClientProtocolClient (GrpcClientProtocolClient.java:onNext(255)) - client-7538DDC4E776->1b229672-9fc1-42d6-9200-214eb0163fc5: receive RaftClientReply:client-7538DDC4E776->1b229672-9fc1-42d6-9200-214eb0163fc5@group-440AB812C07F, cid=3241, SUCCESS, logIndex=4843, commits[1b229672-9fc1-42d6-9200-214eb0163fc5:c4844, 4cc0758a-96f5-4ab9-816d-81d822da247a:c4841, 8693c47f-40a3-4a1c-b7ba-6ed996b9183c:c4839]
2019-07-08 22:30:04,364 INFO  client.GrpcClientProtocolClient (GrpcClientProtocolClient.java:onNext(255)) - client-7538DDC4E776->1b229672-9fc1-42d6-9200-214eb0163fc5: receive RaftClientReply:client-7538DDC4E776->1b229672-9fc1-42d6-9200-214eb0163fc5@group-440AB812C07F, cid=3242, SUCCESS, logIndex=0, commits[1b229672-9fc1-42d6-9200-214eb0163fc5:c4846, 4cc0758a-96f5-4ab9-816d-81d822da247a:c4842, 8693c47f-40a3-4a1c-b7ba-6ed996b9183c:c4842]
2019-07-08 22:30:04,381 INFO  client.GrpcClientProtocolClient (GrpcClientProtocolClient.java:onNext(255)) - client-7538DDC4E776->1b229672-9fc1-42d6-9200-214eb0163fc5: receive RaftClientReply:client-7538DDC4E776->1b229672-9fc1-42d6-9200-214eb0163fc5@group-440AB812C07F, cid=3243, SUCCESS, logIndex=4848, commits[1b229672-9fc1-42d6-9200-214eb0163fc5:c4849, 4cc0758a-96f5-4ab9-816d-81d822da247a:c4847, 8693c47f-40a3-4a1c-b7ba-6ed996b9183c:c4847]
2019-07-08 22:30:04,382 INFO  client.GrpcClientProtocolClient (GrpcClientProtocolClient.java:onNext(255)) - client-7538DDC4E776->1b229672-9fc1-42d6-9200-214eb0163fc5: receive RaftClientReply:client-7538DDC4E776->1b229672-9fc1-42d6-9200-214eb0163fc5@group-440AB812C07F, cid=3244, SUCCESS, logIndex=4849, commits[1b229672-9fc1-42d6-9200-214eb0163fc5:c4849, 4cc0758a-96f5-4ab9-816d-81d822da247a:c4847, 8693c47f-40a3-4a1c-b7ba-6ed996b9183c:c4847]
2019-07-08 22:30:04,397 INFO  client.GrpcClientProtocolClient (GrpcClientProtocolClient.java:onNext(255)) - client-7538DDC4E776->1b229672-9fc1-42d6-9200-214eb0163fc5: receive RaftClientReply:client-7538DDC4E776->1b229672-9fc1-42d6-9200-214eb0163fc5@group-440AB812C07F, cid=3245, SUCCESS, logIndex=4852, commits[1b229672-9fc1-42d6-9200-214eb0163fc5:c4853, 4cc0758a-96f5-4ab9-816d-81d822da247a:c4849, 8693c47f-40a3-4a1c-b7ba-6ed996b9183c:c4849]
2019-07-08 22:30:04,397 INFO  client.GrpcClientProtocolClient (GrpcClientProtocolClient.java:onNext(255)) - client-7538DDC4E776->1b229672-9fc1-42d6-9200-214eb0163fc5: receive RaftClientReply:client-7538DDC4E776->1b229672-9fc1-42d6-9200-214eb0163fc5@group-440AB812C07F, cid=3246, SUCCESS, logIndex=4853, commits[1b229672-9fc1-42d6-9200-214eb0163fc5:c4853, 4cc0758a-96f5-4ab9-816d-81d822da247a:c4849, 8693c47f-40a3-4a1c-b7ba-6ed996b9183c:c4849]
2019-07-08 22:30:04,424 INFO  client.GrpcClientProtocolClient (GrpcClientProtocolClient.java:onNext(255)) - client-7538DDC4E776->1b229672-9fc1-42d6-9200-214eb0163fc5: receive RaftClientReply:client-7538DDC4E776->1b229672-9fc1-42d6-9200-214eb0163fc5@group-440AB812C07F, cid=3247, SUCCESS, logIndex=0, commits[1b229672-9fc1-42d6-9200-214eb0163fc5:c4855, 4cc0758a-96f5-4ab9-816d-81d822da247a:c4853, 8693c47f-40a3-4a1c-b7ba-6ed996b9183c:c4853]
2019-07-08 22:30:04,457 INFO  client.GrpcClientProtocolClient (GrpcClientProtocolClient.java:onNext(255)) - client-7538DDC4E776->1b229672-9fc1-42d6-9200-214eb0163fc5: receive RaftClientReply:client-7538DDC4E776->1b229672-9fc1-42d6-9200-214eb0163fc5@group-440AB812C07F, cid=3248, SUCCESS, logIndex=4856, commits[1b229672-9fc1-42d6-9200-214eb0163fc5:c4857, 4cc0758a-96f5-4ab9-816d-81d822da247a:c4855, 8693c47f-40a3-4a1c-b7ba-6ed996b9183c:c4855]
2019-07-08 22:30:04,458 INFO  client.GrpcClientProtocolClient (GrpcClientProtocolClient.java:onNext(255)) - client-7538DDC4E776->1b229672-9fc1-42d6-9200-214eb0163fc5: receive RaftClientReply:client-7538DDC4E776->1b229672-9fc1-42d6-9200-214eb0163fc5@group-440AB812C07F, cid=3249, SUCCESS, logIndex=4857, commits[1b229672-9fc1-42d6-9200-214eb0163fc5:c4857, 4cc0758a-96f5-4ab9-816d-81d822da247a:c4855, 8693c47f-40a3-4a1c-b7ba-6ed996b9183c:c4855]
2019-07-08 22:30:04,470 INFO  client.GrpcClientProtocolClient (GrpcClientProtocolClient.java:onNext(255)) - client-7538DDC4E776->1b229672-9fc1-42d6-9200-214eb0163fc5: receive RaftClientReply:client-7538DDC4E776->1b229672-9fc1-42d6-9200-214eb0163fc5@group-440AB812C07F, cid=3250, SUCCESS, logIndex=4858, commits[1b229672-9fc1-42d6-9200-214eb0163fc5:c4859, 4cc0758a-96f5-4ab9-816d-81d822da247a:c4855, 8693c47f-40a3-4a1c-b7ba-6ed996b9183c:c4855]
2019-07-08 22:30:04,471 INFO  client.GrpcClientProtocolClient (GrpcClientProtocolClient.java:onNext(255)) - client-7538DDC4E776->1b229672-9fc1-42d6-9200-214eb0163fc5: receive RaftClientReply:client-7538DDC4E776->1b229672-9fc1-42d6-9200-214eb0163fc5@group-440AB812C07F, cid=3251, SUCCESS, logIndex=4859, commits[1b229672-9fc1-42d6-9200-214eb0163fc5:c4859, 4cc0758a-96f5-4ab9-816d-81d822da247a:c4855, 8693c47f-40a3-4a1c-b7ba-6ed996b9183c:c4855]
2019-07-08 22:30:04,484 INFO  client.GrpcClientProtocolClient (GrpcClientProtocolClient.java:onNext(255)) - client-7538DDC4E776->1b229672-9fc1-42d6-9200-214eb0163fc5: receive RaftClientReply:client-7538DDC4E776->1b229672-9fc1-42d6-9200-214eb0163fc5@group-440AB812C07F, cid=3252, SUCCESS, logIndex=0, commits[1b229672-9fc1-42d6-9200-214eb0163fc5:c4861, 4cc0758a-96f5-4ab9-816d-81d822da247a:c4857, 8693c47f-40a3-4a1c-b7ba-6ed996b9183c:c4857]
2019-07-08 22:30:04,509 INFO  client.GrpcClientProtocolClient (GrpcClientProtocolClient.java:onNext(255)) - client-7538DDC4E776->1b229672-9fc1-42d6-9200-214eb0163fc5: receive RaftClientReply:client-7538DDC4E776->1b229672-9fc1-42d6-9200-214eb0163fc5@group-440AB812C07F, cid=3253, SUCCESS, logIndex=4864, commits[1b229672-9fc1-42d6-9200-214eb0163fc5:c4865, 4cc0758a-96f5-4ab9-816d-81d822da247a:c4861, 8693c47f-40a3-4a1c-b7ba-6ed996b9183c:c4861]
2019-07-08 22:30:04,510 INFO  client.GrpcClientProtocolClient (GrpcClientProtocolClient.java:onNext(255)) - client-7538DDC4E776->1b229672-9fc1-42d6-9200-214eb0163fc5: receive RaftClientReply:client-7538DDC4E776->1b229672-9fc1-42d6-9200-214eb0163fc5@group-440AB812C07F, cid=3254, SUCCESS, logIndex=4865, commits[1b229672-9fc1-42d6-9200-214eb0163fc5:c4865, 4cc0758a-96f5-4ab9-816d-81d822da247a:c4861, 8693c47f-40a3-4a1c-b7ba-6ed996b9183c:c4861]
2019-07-08 22:30:04,533 INFO  client.GrpcClientProtocolClient (GrpcClientProtocolClient.java:onNext(255)) - client-7538DDC4E776->1b229672-9fc1-42d6-9200-214eb0163fc5: receive RaftClientReply:client-7538DDC4E776->1b229672-9fc1-42d6-9200-214eb0163fc5@group-440AB812C07F, cid=3255, SUCCESS, logIndex=4868, commits[1b229672-9fc1-42d6-9200-214eb0163fc5:c4868, 4cc0758a-96f5-4ab9-816d-81d822da247a:c4865, 8693c47f-40a3-4a1c-b7ba-6ed996b9183c:c4865]
2019-07-08 22:30:04,533 INFO  client.GrpcClientProtocolClient (GrpcClientProtocolClient.java:onNext(255)) - client-7538DDC4E776->1b229672-9fc1-42d6-9200-214eb0163fc5: receive RaftClientReply:client-7538DDC4E776->1b229672-9fc1-42d6-9200-214eb0163fc5@group-440AB812C07F, cid=3256, SUCCESS, logIndex=4869, commits[1b229672-9fc1-42d6-9200-214eb0163fc5:c4869, 4cc0758a-96f5-4ab9-816d-81d822da247a:c4865, 8693c47f-40a3-4a1c-b7ba-6ed996b9183c:c4865]
2019-07-08 22:30:04,540 INFO  client.GrpcClientProtocolClient (GrpcClientProtocolClient.java:onNext(255)) - client-7538DDC4E776->1b229672-9fc1-42d6-9200-214eb0163fc5: receive RaftClientReply:client-7538DDC4E776->1b229672-9fc1-42d6-9200-214eb0163fc5@group-440AB812C07F, cid=3257, SUCCESS, logIndex=0, commits[1b229672-9fc1-42d6-9200-214eb0163fc5:c4870, 4cc0758a-96f5-4ab9-816d-81d822da247a:c4869, 8693c47f-40a3-4a1c-b7ba-6ed996b9183c:c4869]
2019-07-08 22:30:04,575 INFO  client.GrpcClientProtocolClient (GrpcClientProtocolClient.java:onNext(255)) - client-7538DDC4E776->1b229672-9fc1-42d6-9200-214eb0163fc5: receive RaftClientReply:client-7538DDC4E776->1b229672-9fc1-42d6-9200-214eb0163fc5@group-440AB812C07F, cid=3258, SUCCESS, logIndex=4872, commits[1b229672-9fc1-42d6-9200-214eb0163fc5:c4874, 4cc0758a-96f5-4ab9-816d-81d822da247a:c4871, 8693c47f-40a3-4a1c-b7ba-6ed996b9183c:c4869]
2019-07-08 22:30:04,576 INFO  client.GrpcClientProtocolClient (GrpcClientProtocolClient.java:onNext(255)) - client-7538DDC4E776->1b229672-9fc1-42d6-9200-214eb0163fc5: receive RaftClientReply:client-7538DDC4E776->1b229672-9fc1-42d6-9200-214eb0163fc5@group-440AB812C07F, cid=3259, SUCCESS, logIndex=4873, commits[1b229672-9fc1-42d6-9200-214eb0163fc5:c4875, 4cc0758a-96f5-4ab9-816d-81d822da247a:c4871, 8693c47f-40a3-4a1c-b7ba-6ed996b9183c:c4871]
2019-07-08 22:30:04,576 INFO  client.GrpcClientProtocolClient (GrpcClientProtocolClient.java:onNext(255)) - client-7538DDC4E776->1b229672-9fc1-42d6-9200-214eb0163fc5: receive RaftClientReply:client-7538DDC4E776->1b229672-9fc1-42d6-9200-214eb0163fc5@group-440AB812C07F, cid=3260, SUCCESS, logIndex=4874, commits[1b229672-9fc1-42d6-9200-214eb0163fc5:c4875, 4cc0758a-96f5-4ab9-816d-81d822da247a:c4871, 8693c47f-40a3-4a1c-b7ba-6ed996b9183c:c4871]
2019-07-08 22:30:04,576 INFO  client.GrpcClientProtocolClient (GrpcClientProtocolClient.java:onNext(255)) - client-7538DDC4E776->1b229672-9fc1-42d6-9200-214eb0163fc5: receive RaftClientReply:client-7538DDC4E776->1b229672-9fc1-42d6-9200-214eb0163fc5@group-440AB812C07F, cid=3261, SUCCESS, logIndex=4875, commits[1b229672-9fc1-42d6-9200-214eb0163fc5:c4875, 4cc0758a-96f5-4ab9-816d-81d822da247a:c4871, 8693c47f-40a3-4a1c-b7ba-6ed996b9183c:c4871]
2019-07-08 22:30:04,579 INFO  client.GrpcClientProtocolClient (GrpcClientProtocolClient.java:onNext(255)) - client-7538DDC4E776->1b229672-9fc1-42d6-9200-214eb0163fc5: receive RaftClientReply:client-7538DDC4E776->1b229672-9fc1-42d6-9200-214eb0163fc5@group-440AB812C07F, cid=3262, SUCCESS, logIndex=0, commits[1b229672-9fc1-42d6-9200-214eb0163fc5:c4876, 4cc0758a-96f5-4ab9-816d-81d822da247a:c4873, 8693c47f-40a3-4a1c-b7ba-6ed996b9183c:c4873]
2019-07-08 22:30:04,611 INFO  client.GrpcClientProtocolClient (GrpcClientProtocolClient.java:onNext(255)) - client-7538DDC4E776->1b229672-9fc1-42d6-9200-214eb0163fc5: receive RaftClientReply:client-7538DDC4E776->1b229672-9fc1-42d6-9200-214eb0163fc5@group-440AB812C07F, cid=3263, SUCCESS, logIndex=4880, commits[1b229672-9fc1-42d6-9200-214eb0163fc5:c4881, 4cc0758a-96f5-4ab9-816d-81d822da247a:c4875, 8693c47f-40a3-4a1c-b7ba-6ed996b9183c:c4879]
2019-07-08 22:30:04,612 INFO  client.GrpcClientProtocolClient (GrpcClientProtocolClient.java:onNext(255)) - client-7538DDC4E776->1b229672-9fc1-42d6-9200-214eb0163fc5: receive RaftClientReply:client-7538DDC4E776->1b229672-9fc1-42d6-9200-214eb0163fc5@group-440AB812C07F, cid=3264, SUCCESS, logIndex=4881, commits[1b229672-9fc1-42d6-9200-214eb0163fc5:c4881, 4cc0758a-96f5-4ab9-816d-81d822da247a:c4879, 8693c47f-40a3-4a1c-b7ba-6ed996b9183c:c4879]
2019-07-08 22:30:04,627 INFO  client.GrpcClientProtocolClient (GrpcClientProtocolClient.java:onNext(255)) - client-7538DDC4E776->1b229672-9fc1-42d6-9200-214eb0163fc5: receive RaftClientReply:client-7538DDC4E776->1b229672-9fc1-42d6-9200-214eb0163fc5@group-440AB812C07F, cid=3265, SUCCESS, logIndex=4884, commits[1b229672-9fc1-42d6-9200-214eb0163fc5:c4885, 4cc0758a-96f5-4ab9-816d-81d822da247a:c4881, 8693c47f-40a3-4a1c-b7ba-6ed996b9183c:c4882]
2019-07-08 22:30:04,628 INFO  client.GrpcClientProtocolClient (GrpcClientProtocolClient.java:onNext(255)) - client-7538DDC4E776->1b229672-9fc1-42d6-9200-214eb0163fc5: receive RaftClientReply:client-7538DDC4E776->1b229672-9fc1-42d6-9200-214eb0163fc5@group-440AB812C07F, cid=3266, SUCCESS, logIndex=4885, commits[1b229672-9fc1-42d6-9200-214eb0163fc5:c4885, 4cc0758a-96f5-4ab9-816d-81d822da247a:c4882, 8693c47f-40a3-4a1c-b7ba-6ed996b9183c:c4882]
2019-07-08 22:30:04,631 INFO  client.GrpcClientProtocolClient (GrpcClientProtocolClient.java:onNext(255)) - client-7538DDC4E776->1b229672-9fc1-42d6-9200-214eb0163fc5: receive RaftClientReply:client-7538DDC4E776->1b229672-9fc1-42d6-9200-214eb0163fc5@group-440AB812C07F, cid=3267, SUCCESS, logIndex=0, commits[1b229672-9fc1-42d6-9200-214eb0163fc5:c4886, 4cc0758a-96f5-4ab9-816d-81d822da247a:c4885, 8693c47f-40a3-4a1c-b7ba-6ed996b9183c:c4885]
2019-07-08 22:30:04,665 INFO  client.GrpcClientProtocolClient (GrpcClientProtocolClient.java:onNext(255)) - client-7538DDC4E776->1b229672-9fc1-42d6-9200-214eb0163fc5: receive RaftClientReply:client-7538DDC4E776->1b229672-9fc1-42d6-9200-214eb0163fc5@group-440AB812C07F, cid=3268, SUCCESS, logIndex=4888, commits[1b229672-9fc1-42d6-9200-214eb0163fc5:c4890, 4cc0758a-96f5-4ab9-816d-81d822da247a:c4887, 8693c47f-40a3-4a1c-b7ba-6ed996b9183c:c4887]
2019-07-08 22:30:04,666 INFO  client.GrpcClientProtocolClient (GrpcClientProtocolClient.java:onNext(255)) - client-7538DDC4E776->1b229672-9fc1-42d6-9200-214eb0163fc5: receive RaftClientReply:client-7538DDC4E776->1b229672-9fc1-42d6-9200-214eb0163fc5@group-440AB812C07F, cid=3269, SUCCESS, logIndex=4889, commits[1b229672-9fc1-42d6-9200-214eb0163fc5:c4891, 4cc0758a-96f5-4ab9-816d-81d822da247a:c4887, 8693c47f-40a3-4a1c-b7ba-6ed996b9183c:c4887]
2019-07-08 22:30:04,666 INFO  client.GrpcClientProtocolClient (GrpcClientProtocolClient.java:onNext(255)) - client-7538DDC4E776->1b229672-9fc1-42d6-9200-214eb0163fc5: receive RaftClientReply:client-7538DDC4E776->1b229672-9fc1-42d6-9200-214eb0163fc5@group-440AB812C07F, cid=3270, SUCCESS, logIndex=4890, commits[1b229672-9fc1-42d6-9200-214eb0163fc5:c4891, 4cc0758a-96f5-4ab9-816d-81d822da247a:c4887, 8693c47f-40a3-4a1c-b7ba-6ed996b9183c:c4887]
2019-07-08 22:30:04,666 INFO  client.GrpcClientProtocolClient (GrpcClientProtocolClient.java:onNext(255)) - client-7538DDC4E776->1b229672-9fc1-42d6-9200-214eb0163fc5: receive RaftClientReply:client-7538DDC4E776->1b229672-9fc1-42d6-9200-214eb0163fc5@group-440AB812C07F, cid=3271, SUCCESS, logIndex=4891, commits[1b229672-9fc1-42d6-9200-214eb0163fc5:c4891, 4cc0758a-96f5-4ab9-816d-81d822da247a:c4887, 8693c47f-40a3-4a1c-b7ba-6ed996b9183c:c4887]
2019-07-08 22:30:04,692 INFO  client.GrpcClientProtocolClient (GrpcClientProtocolClient.java:onNext(255)) - client-7538DDC4E776->1b229672-9fc1-42d6-9200-214eb0163fc5: receive RaftClientReply:client-7538DDC4E776->1b229672-9fc1-42d6-9200-214eb0163fc5@group-440AB812C07F, cid=3272, SUCCESS, logIndex=0, commits[1b229672-9fc1-42d6-9200-214eb0163fc5:c4893, 4cc0758a-96f5-4ab9-816d-81d822da247a:c4889, 8693c47f-40a3-4a1c-b7ba-6ed996b9183c:c4889]
2019-07-08 22:30:04,813 INFO  client.GrpcClientProtocolClient (GrpcClientProtocolClient.java:onNext(255)) - client-7538DDC4E776->1b229672-9fc1-42d6-9200-214eb0163fc5: receive RaftClientReply:client-7538DDC4E776->1b229672-9fc1-42d6-9200-214eb0163fc5@group-440AB812C07F, cid=3273, SUCCESS, logIndex=4896, commits[1b229672-9fc1-42d6-9200-214eb0163fc5:c4897, 4cc0758a-96f5-4ab9-816d-81d822da247a:c4895, 8693c47f-40a3-4a1c-b7ba-6ed996b9183c:c4895]
2019-07-08 22:30:04,813 INFO  client.GrpcClientProtocolClient (GrpcClientProtocolClient.java:onNext(255)) - client-7538DDC4E776->1b229672-9fc1-42d6-9200-214eb0163fc5: receive RaftClientReply:client-7538DDC4E776->1b229672-9fc1-42d6-9200-214eb0163fc5@group-440AB812C07F, cid=3274, SUCCESS, logIndex=4897, commits[1b229672-9fc1-42d6-9200-214eb0163fc5:c4897, 4cc0758a-96f5-4ab9-816d-81d822da247a:c4895, 8693c47f-40a3-4a1c-b7ba-6ed996b9183c:c4895]
2019-07-08 22:30:04,841 INFO  client.GrpcClientProtocolClient (GrpcClientProtocolClient.java:onNext(255)) - client-7538DDC4E776->1b229672-9fc1-42d6-9200-214eb0163fc5: receive RaftClientReply:client-7538DDC4E776->1b229672-9fc1-42d6-9200-214eb0163fc5@group-440AB812C07F, cid=3275, SUCCESS, logIndex=4900, commits[1b229672-9fc1-42d6-9200-214eb0163fc5:c4901, 4cc0758a-96f5-4ab9-816d-81d822da247a:c4897, 8693c47f-40a3-4a1c-b7ba-6ed996b9183c:c4897]
2019-07-08 22:30:04,842 INFO  client.GrpcClientProtocolClient (GrpcClientProtocolClient.java:onNext(255)) - client-7538DDC4E776->1b229672-9fc1-42d6-9200-214eb0163fc5: receive RaftClientReply:client-7538DDC4E776->1b229672-9fc1-42d6-9200-214eb0163fc5@group-440AB812C07F, cid=3276, SUCCESS, logIndex=4901, commits[1b229672-9fc1-42d6-9200-214eb0163fc5:c4901, 4cc0758a-96f5-4ab9-816d-81d822da247a:c4897, 8693c47f-40a3-4a1c-b7ba-6ed996b9183c:c4897]
2019-07-08 22:30:04,869 INFO  client.GrpcClientProtocolClient (GrpcClientProtocolClient.java:onNext(255)) - client-7538DDC4E776->1b229672-9fc1-42d6-9200-214eb0163fc5: receive RaftClientReply:client-7538DDC4E776->1b229672-9fc1-42d6-9200-214eb0163fc5@group-440AB812C07F, cid=3277, SUCCESS, logIndex=0, commits[1b229672-9fc1-42d6-9200-214eb0163fc5:c4903, 4cc0758a-96f5-4ab9-816d-81d822da247a:c4901, 8693c47f-40a3-4a1c-b7ba-6ed996b9183c:c4901]
 0.00% |█                                                                                                    |  0/1 Time: 0:00:312019-07-08 22:30:04,905 INFO  client.GrpcClientProtocolClient (GrpcClientProtocolClient.java:onNext(255)) - client-7538DDC4E776->1b229672-9fc1-42d6-9200-214eb0163fc5: receive RaftClientReply:client-7538DDC4E776->1b229672-9fc1-42d6-9200-214eb0163fc5@group-440AB812C07F, cid=3278, SUCCESS, logIndex=4904, commits[1b229672-9fc1-42d6-9200-214eb0163fc5:c4905, 4cc0758a-96f5-4ab9-816d-81d822da247a:c4903, 8693c47f-40a3-4a1c-b7ba-6ed996b9183c:c4903]
2019-07-08 22:30:04,906 INFO  client.GrpcClientProtocolClient (GrpcClientProtocolClient.java:onNext(255)) - client-7538DDC4E776->1b229672-9fc1-42d6-9200-214eb0163fc5: receive RaftClientReply:client-7538DDC4E776->1b229672-9fc1-42d6-9200-214eb0163fc5@group-440AB812C07F, cid=3279, SUCCESS, logIndex=4905, commits[1b229672-9fc1-42d6-9200-214eb0163fc5:c4905, 4cc0758a-96f5-4ab9-816d-81d822da247a:c4903, 8693c47f-40a3-4a1c-b7ba-6ed996b9183c:c4903]
2019-07-08 22:30:04,906 INFO  client.GrpcClientProtocolClient (GrpcClientProtocolClient.java:onNext(255)) - client-7538DDC4E776->1b229672-9fc1-42d6-9200-214eb0163fc5: receive RaftClientReply:client-7538DDC4E776->1b229672-9fc1-42d6-9200-214eb0163fc5@group-440AB812C07F, cid=3280, SUCCESS, logIndex=4906, commits[1b229672-9fc1-42d6-9200-214eb0163fc5:c4907, 4cc0758a-96f5-4ab9-816d-81d822da247a:c4903, 8693c47f-40a3-4a1c-b7ba-6ed996b9183c:c4903]
2019-07-08 22:30:04,906 INFO  client.GrpcClientProtocolClient (GrpcClientProtocolClient.java:onNext(255)) - client-7538DDC4E776->1b229672-9fc1-42d6-9200-214eb0163fc5: receive RaftClientReply:client-7538DDC4E776->1b229672-9fc1-42d6-9200-214eb0163fc5@group-440AB812C07F, cid=3281, SUCCESS, logIndex=4907, commits[1b229672-9fc1-42d6-9200-214eb0163fc5:c4907, 4cc0758a-96f5-4ab9-816d-81d822da247a:c4903, 8693c47f-40a3-4a1c-b7ba-6ed996b9183c:c4903]
2019-07-08 22:30:04,908 INFO  client.GrpcClientProtocolClient (GrpcClientProtocolClient.java:onNext(255)) - client-7538DDC4E776->1b229672-9fc1-42d6-9200-214eb0163fc5: receive RaftClientReply:client-7538DDC4E776->1b229672-9fc1-42d6-9200-214eb0163fc5@group-440AB812C07F, cid=3282, SUCCESS, logIndex=0, commits[1b229672-9fc1-42d6-9200-214eb0163fc5:c4909, 4cc0758a-96f5-4ab9-816d-81d822da247a:c4905, 8693c47f-40a3-4a1c-b7ba-6ed996b9183c:c4905]
2019-07-08 22:30:04,930 INFO  client.GrpcClientProtocolClient (GrpcClientProtocolClient.java:onNext(255)) - client-7538DDC4E776->1b229672-9fc1-42d6-9200-214eb0163fc5: receive RaftClientReply:client-7538DDC4E776->1b229672-9fc1-42d6-9200-214eb0163fc5@group-440AB812C07F, cid=3283, SUCCESS, logIndex=4912, commits[1b229672-9fc1-42d6-9200-214eb0163fc5:c4913, 4cc0758a-96f5-4ab9-816d-81d822da247a:c4911, 8693c47f-40a3-4a1c-b7ba-6ed996b9183c:c4911]
2019-07-08 22:30:04,931 INFO  client.GrpcClientProtocolClient (GrpcClientProtocolClient.java:onNext(255)) - client-7538DDC4E776->1b229672-9fc1-42d6-9200-214eb0163fc5: receive RaftClientReply:client-7538DDC4E776->1b229672-9fc1-42d6-9200-214eb0163fc5@group-440AB812C07F, cid=3284, SUCCESS, logIndex=4913, commits[1b229672-9fc1-42d6-9200-214eb0163fc5:c4913, 4cc0758a-96f5-4ab9-816d-81d822da247a:c4911, 8693c47f-40a3-4a1c-b7ba-6ed996b9183c:c4911]
2019-07-08 22:30:04,954 INFO  client.GrpcClientProtocolClient (GrpcClientProtocolClient.java:onNext(255)) - client-7538DDC4E776->1b229672-9fc1-42d6-9200-214eb0163fc5: receive RaftClientReply:client-7538DDC4E776->1b229672-9fc1-42d6-9200-214eb0163fc5@group-440AB812C07F, cid=3285, SUCCESS, logIndex=4916, commits[1b229672-9fc1-42d6-9200-214eb0163fc5:c4917, 4cc0758a-96f5-4ab9-816d-81d822da247a:c4913, 8693c47f-40a3-4a1c-b7ba-6ed996b9183c:c4912]
2019-07-08 22:30:04,955 INFO  client.GrpcClientProtocolClient (GrpcClientProtocolClient.java:onNext(255)) - client-7538DDC4E776->1b229672-9fc1-42d6-9200-214eb0163fc5: receive RaftClientReply:client-7538DDC4E776->1b229672-9fc1-42d6-9200-214eb0163fc5@group-440AB812C07F, cid=3286, SUCCESS, logIndex=4917, commits[1b229672-9fc1-42d6-9200-214eb0163fc5:c4917, 4cc0758a-96f5-4ab9-816d-81d822da247a:c4913, 8693c47f-40a3-4a1c-b7ba-6ed996b9183c:c4913]
2019-07-08 22:30:04,981 INFO  client.GrpcClientProtocolClient (GrpcClientProtocolClient.java:onNext(255)) - client-7538DDC4E776->1b229672-9fc1-42d6-9200-214eb0163fc5: receive RaftClientReply:client-7538DDC4E776->1b229672-9fc1-42d6-9200-214eb0163fc5@group-440AB812C07F, cid=3287, SUCCESS, logIndex=0, commits[1b229672-9fc1-42d6-9200-214eb0163fc5:c4918, 4cc0758a-96f5-4ab9-816d-81d822da247a:c4917, 8693c47f-40a3-4a1c-b7ba-6ed996b9183c:c4917]
2019-07-08 22:30:05,017 INFO  client.GrpcClientProtocolClient (GrpcClientProtocolClient.java:onNext(255)) - client-7538DDC4E776->1b229672-9fc1-42d6-9200-214eb0163fc5: receive RaftClientReply:client-7538DDC4E776->1b229672-9fc1-42d6-9200-214eb0163fc5@group-440AB812C07F, cid=3288, SUCCESS, logIndex=4920, commits[1b229672-9fc1-42d6-9200-214eb0163fc5:c4921, 4cc0758a-96f5-4ab9-816d-81d822da247a:c4919, 8693c47f-40a3-4a1c-b7ba-6ed996b9183c:c4919]
2019-07-08 22:30:05,018 INFO  client.GrpcClientProtocolClient (GrpcClientProtocolClient.java:onNext(255)) - client-7538DDC4E776->1b229672-9fc1-42d6-9200-214eb0163fc5: receive RaftClientReply:client-7538DDC4E776->1b229672-9fc1-42d6-9200-214eb0163fc5@group-440AB812C07F, cid=3289, SUCCESS, logIndex=4921, commits[1b229672-9fc1-42d6-9200-214eb0163fc5:c4921, 4cc0758a-96f5-4ab9-816d-81d822da247a:c4919, 8693c47f-40a3-4a1c-b7ba-6ed996b9183c:c4919]
2019-07-08 22:30:05,030 INFO  client.GrpcClientProtocolClient (GrpcClientProtocolClient.java:onNext(255)) - client-7538DDC4E776->1b229672-9fc1-42d6-9200-214eb0163fc5: receive RaftClientReply:client-7538DDC4E776->1b229672-9fc1-42d6-9200-214eb0163fc5@group-440AB812C07F, cid=3290, SUCCESS, logIndex=4922, commits[1b229672-9fc1-42d6-9200-214eb0163fc5:c4923, 4cc0758a-96f5-4ab9-816d-81d822da247a:c4919, 8693c47f-40a3-4a1c-b7ba-6ed996b9183c:c4919]
2019-07-08 22:30:05,030 INFO  client.GrpcClientProtocolClient (GrpcClientProtocolClient.java:onNext(255)) - client-7538DDC4E776->1b229672-9fc1-42d6-9200-214eb0163fc5: receive RaftClientReply:client-7538DDC4E776->1b229672-9fc1-42d6-9200-214eb0163fc5@group-440AB812C07F, cid=3291, SUCCESS, logIndex=4923, commits[1b229672-9fc1-42d6-9200-214eb0163fc5:c4923, 4cc0758a-96f5-4ab9-816d-81d822da247a:c4919, 8693c47f-40a3-4a1c-b7ba-6ed996b9183c:c4919]
2019-07-08 22:30:05,043 INFO  client.GrpcClientProtocolClient (GrpcClientProtocolClient.java:onNext(255)) - client-7538DDC4E776->1b229672-9fc1-42d6-9200-214eb0163fc5: receive RaftClientReply:client-7538DDC4E776->1b229672-9fc1-42d6-9200-214eb0163fc5@group-440AB812C07F, cid=3292, SUCCESS, logIndex=0, commits[1b229672-9fc1-42d6-9200-214eb0163fc5:c4925, 4cc0758a-96f5-4ab9-816d-81d822da247a:c4921, 8693c47f-40a3-4a1c-b7ba-6ed996b9183c:c4921]
2019-07-08 22:30:05,060 INFO  client.GrpcClientProtocolClient (GrpcClientProtocolClient.java:onNext(255)) - client-7538DDC4E776->1b229672-9fc1-42d6-9200-214eb0163fc5: receive RaftClientReply:client-7538DDC4E776->1b229672-9fc1-42d6-9200-214eb0163fc5@group-440AB812C07F, cid=3293, SUCCESS, logIndex=4928, commits[1b229672-9fc1-42d6-9200-214eb0163fc5:c4929, 4cc0758a-96f5-4ab9-816d-81d822da247a:c4925, 8693c47f-40a3-4a1c-b7ba-6ed996b9183c:c4925]
2019-07-08 22:30:05,061 INFO  client.GrpcClientProtocolClient (GrpcClientProtocolClient.java:onNext(255)) - client-7538DDC4E776->1b229672-9fc1-42d6-9200-214eb0163fc5: receive RaftClientReply:client-7538DDC4E776->1b229672-9fc1-42d6-9200-214eb0163fc5@group-440AB812C07F, cid=3294, SUCCESS, logIndex=4929, commits[1b229672-9fc1-42d6-9200-214eb0163fc5:c4929, 4cc0758a-96f5-4ab9-816d-81d822da247a:c4925, 8693c47f-40a3-4a1c-b7ba-6ed996b9183c:c4925]
2019-07-08 22:30:05,075 INFO  client.GrpcClientProtocolClient (GrpcClientProtocolClient.java:onNext(255)) - client-7538DDC4E776->1b229672-9fc1-42d6-9200-214eb0163fc5: receive RaftClientReply:client-7538DDC4E776->1b229672-9fc1-42d6-9200-214eb0163fc5@group-440AB812C07F, cid=3295, SUCCESS, logIndex=4932, commits[1b229672-9fc1-42d6-9200-214eb0163fc5:c4933, 4cc0758a-96f5-4ab9-816d-81d822da247a:c4931, 8693c47f-40a3-4a1c-b7ba-6ed996b9183c:c4929]
2019-07-08 22:30:05,075 INFO  client.GrpcClientProtocolClient (GrpcClientProtocolClient.java:onNext(255)) - client-7538DDC4E776->1b229672-9fc1-42d6-9200-214eb0163fc5: receive RaftClientReply:client-7538DDC4E776->1b229672-9fc1-42d6-9200-214eb0163fc5@group-440AB812C07F, cid=3296, SUCCESS, logIndex=4933, commits[1b229672-9fc1-42d6-9200-214eb0163fc5:c4933, 4cc0758a-96f5-4ab9-816d-81d822da247a:c4931, 8693c47f-40a3-4a1c-b7ba-6ed996b9183c:c4931]
2019-07-08 22:30:05,080 INFO  client.GrpcClientProtocolClient (GrpcClientProtocolClient.java:onNext(255)) - client-7538DDC4E776->1b229672-9fc1-42d6-9200-214eb0163fc5: receive RaftClientReply:client-7538DDC4E776->1b229672-9fc1-42d6-9200-214eb0163fc5@group-440AB812C07F, cid=3297, SUCCESS, logIndex=0, commits[1b229672-9fc1-42d6-9200-214eb0163fc5:c4935, 4cc0758a-96f5-4ab9-816d-81d822da247a:c4933, 8693c47f-40a3-4a1c-b7ba-6ed996b9183c:c4933]
2019-07-08 22:30:05,128 INFO  client.GrpcClientProtocolClient (GrpcClientProtocolClient.java:onNext(255)) - client-7538DDC4E776->1b229672-9fc1-42d6-9200-214eb0163fc5: receive RaftClientReply:client-7538DDC4E776->1b229672-9fc1-42d6-9200-214eb0163fc5@group-440AB812C07F, cid=3298, SUCCESS, logIndex=4936, commits[1b229672-9fc1-42d6-9200-214eb0163fc5:c4937, 4cc0758a-96f5-4ab9-816d-81d822da247a:c4935, 8693c47f-40a3-4a1c-b7ba-6ed996b9183c:c4935]
2019-07-08 22:30:05,128 INFO  client.GrpcClientProtocolClient (GrpcClientProtocolClient.java:onNext(255)) - client-7538DDC4E776->1b229672-9fc1-42d6-9200-214eb0163fc5: receive RaftClientReply:client-7538DDC4E776->1b229672-9fc1-42d6-9200-214eb0163fc5@group-440AB812C07F, cid=3299, SUCCESS, logIndex=4937, commits[1b229672-9fc1-42d6-9200-214eb0163fc5:c4939, 4cc0758a-96f5-4ab9-816d-81d822da247a:c4935, 8693c47f-40a3-4a1c-b7ba-6ed996b9183c:c4935]
2019-07-08 22:30:05,129 INFO  client.GrpcClientProtocolClient (GrpcClientProtocolClient.java:onNext(255)) - client-7538DDC4E776->1b229672-9fc1-42d6-9200-214eb0163fc5: receive RaftClientReply:client-7538DDC4E776->1b229672-9fc1-42d6-9200-214eb0163fc5@group-440AB812C07F, cid=3300, SUCCESS, logIndex=4938, commits[1b229672-9fc1-42d6-9200-214eb0163fc5:c4939, 4cc0758a-96f5-4ab9-816d-81d822da247a:c4935, 8693c47f-40a3-4a1c-b7ba-6ed996b9183c:c4935]
2019-07-08 22:30:05,129 INFO  client.GrpcClientProtocolClient (GrpcClientProtocolClient.java:onNext(255)) - client-7538DDC4E776->1b229672-9fc1-42d6-9200-214eb0163fc5: receive RaftClientReply:client-7538DDC4E776->1b229672-9fc1-42d6-9200-214eb0163fc5@group-440AB812C07F, cid=3301, SUCCESS, logIndex=4939, commits[1b229672-9fc1-42d6-9200-214eb0163fc5:c4939, 4cc0758a-96f5-4ab9-816d-81d822da247a:c4935, 8693c47f-40a3-4a1c-b7ba-6ed996b9183c:c4935]
2019-07-08 22:30:05,140 INFO  client.GrpcClientProtocolClient (GrpcClientProtocolClient.java:onNext(255)) - client-7538DDC4E776->1b229672-9fc1-42d6-9200-214eb0163fc5: receive RaftClientReply:client-7538DDC4E776->1b229672-9fc1-42d6-9200-214eb0163fc5@group-440AB812C07F, cid=3302, SUCCESS, logIndex=0, commits[1b229672-9fc1-42d6-9200-214eb0163fc5:c4941, 4cc0758a-96f5-4ab9-816d-81d822da247a:c4937, 8693c47f-40a3-4a1c-b7ba-6ed996b9183c:c4937]
2019-07-08 22:30:05,163 INFO  client.GrpcClientProtocolClient (GrpcClientProtocolClient.java:onNext(255)) - client-7538DDC4E776->1b229672-9fc1-42d6-9200-214eb0163fc5: receive RaftClientReply:client-7538DDC4E776->1b229672-9fc1-42d6-9200-214eb0163fc5@group-440AB812C07F, cid=3303, SUCCESS, logIndex=4944, commits[1b229672-9fc1-42d6-9200-214eb0163fc5:c4945, 4cc0758a-96f5-4ab9-816d-81d822da247a:c4943, 8693c47f-40a3-4a1c-b7ba-6ed996b9183c:c4943]
2019-07-08 22:30:05,163 INFO  client.GrpcClientProtocolClient (GrpcClientProtocolClient.java:onNext(255)) - client-7538DDC4E776->1b229672-9fc1-42d6-9200-214eb0163fc5: receive RaftClientReply:client-7538DDC4E776->1b229672-9fc1-42d6-9200-214eb0163fc5@group-440AB812C07F, cid=3304, SUCCESS, logIndex=4945, commits[1b229672-9fc1-42d6-9200-214eb0163fc5:c4945, 4cc0758a-96f5-4ab9-816d-81d822da247a:c4943, 8693c47f-40a3-4a1c-b7ba-6ed996b9183c:c4943]
2019-07-08 22:30:05,178 INFO  client.GrpcClientProtocolClient (GrpcClientProtocolClient.java:onNext(255)) - client-7538DDC4E776->1b229672-9fc1-42d6-9200-214eb0163fc5: receive RaftClientReply:client-7538DDC4E776->1b229672-9fc1-42d6-9200-214eb0163fc5@group-440AB812C07F, cid=3305, SUCCESS, logIndex=4948, commits[1b229672-9fc1-42d6-9200-214eb0163fc5:c4949, 4cc0758a-96f5-4ab9-816d-81d822da247a:c4945, 8693c47f-40a3-4a1c-b7ba-6ed996b9183c:c4945]
2019-07-08 22:30:05,179 INFO  client.GrpcClientProtocolClient (GrpcClientProtocolClient.java:onNext(255)) - client-7538DDC4E776->1b229672-9fc1-42d6-9200-214eb0163fc5: receive RaftClientReply:client-7538DDC4E776->1b229672-9fc1-42d6-9200-214eb0163fc5@group-440AB812C07F, cid=3306, SUCCESS, logIndex=4949, commits[1b229672-9fc1-42d6-9200-214eb0163fc5:c4949, 4cc0758a-96f5-4ab9-816d-81d822da247a:c4945, 8693c47f-40a3-4a1c-b7ba-6ed996b9183c:c4945]
2019-07-08 22:30:05,193 INFO  client.GrpcClientProtocolClient (GrpcClientProtocolClient.java:onNext(255)) - client-7538DDC4E776->1b229672-9fc1-42d6-9200-214eb0163fc5: receive RaftClientReply:client-7538DDC4E776->1b229672-9fc1-42d6-9200-214eb0163fc5@group-440AB812C07F, cid=3307, SUCCESS, logIndex=0, commits[1b229672-9fc1-42d6-9200-214eb0163fc5:c4951, 4cc0758a-96f5-4ab9-816d-81d822da247a:c4949, 8693c47f-40a3-4a1c-b7ba-6ed996b9183c:c4949]
2019-07-08 22:30:05,224 INFO  client.GrpcClientProtocolClient (GrpcClientProtocolClient.java:onNext(255)) - client-7538DDC4E776->1b229672-9fc1-42d6-9200-214eb0163fc5: receive RaftClientReply:client-7538DDC4E776->1b229672-9fc1-42d6-9200-214eb0163fc5@group-440AB812C07F, cid=3308, SUCCESS, logIndex=4952, commits[1b229672-9fc1-42d6-9200-214eb0163fc5:c4952, 4cc0758a-96f5-4ab9-816d-81d822da247a:c4951, 8693c47f-40a3-4a1c-b7ba-6ed996b9183c:c4951]
2019-07-08 22:30:05,224 INFO  client.GrpcClientProtocolClient (GrpcClientProtocolClient.java:onNext(255)) - client-7538DDC4E776->1b229672-9fc1-42d6-9200-214eb0163fc5: receive RaftClientReply:client-7538DDC4E776->1b229672-9fc1-42d6-9200-214eb0163fc5@group-440AB812C07F, cid=3309, SUCCESS, logIndex=4953, commits[1b229672-9fc1-42d6-9200-214eb0163fc5:c4953, 4cc0758a-96f5-4ab9-816d-81d822da247a:c4951, 8693c47f-40a3-4a1c-b7ba-6ed996b9183c:c4951]
2019-07-08 22:30:05,234 INFO  client.GrpcClientProtocolClient (GrpcClientProtocolClient.java:onNext(255)) - client-7538DDC4E776->1b229672-9fc1-42d6-9200-214eb0163fc5: receive RaftClientReply:client-7538DDC4E776->1b229672-9fc1-42d6-9200-214eb0163fc5@group-440AB812C07F, cid=3310, SUCCESS, logIndex=4954, commits[1b229672-9fc1-42d6-9200-214eb0163fc5:c4955, 4cc0758a-96f5-4ab9-816d-81d822da247a:c4951, 8693c47f-40a3-4a1c-b7ba-6ed996b9183c:c4951]
2019-07-08 22:30:05,234 INFO  client.GrpcClientProtocolClient (GrpcClientProtocolClient.java:onNext(255)) - client-7538DDC4E776->1b229672-9fc1-42d6-9200-214eb0163fc5: receive RaftClientReply:client-7538DDC4E776->1b229672-9fc1-42d6-9200-214eb0163fc5@group-440AB812C07F, cid=3311, SUCCESS, logIndex=4955, commits[1b229672-9fc1-42d6-9200-214eb0163fc5:c4955, 4cc0758a-96f5-4ab9-816d-81d822da247a:c4951, 8693c47f-40a3-4a1c-b7ba-6ed996b9183c:c4951]
2019-07-08 22:30:05,250 INFO  client.GrpcClientProtocolClient (GrpcClientProtocolClient.java:onNext(255)) - client-7538DDC4E776->1b229672-9fc1-42d6-9200-214eb0163fc5: receive RaftClientReply:client-7538DDC4E776->1b229672-9fc1-42d6-9200-214eb0163fc5@group-440AB812C07F, cid=3312, SUCCESS, logIndex=0, commits[1b229672-9fc1-42d6-9200-214eb0163fc5:c4957, 4cc0758a-96f5-4ab9-816d-81d822da247a:c4953, 8693c47f-40a3-4a1c-b7ba-6ed996b9183c:c4953]
2019-07-08 22:30:05,262 INFO  client.GrpcClientProtocolClient (GrpcClientProtocolClient.java:onNext(255)) - client-7538DDC4E776->1b229672-9fc1-42d6-9200-214eb0163fc5: receive RaftClientReply:client-7538DDC4E776->1b229672-9fc1-42d6-9200-214eb0163fc5@group-440AB812C07F, cid=3313, SUCCESS, logIndex=4959, commits[1b229672-9fc1-42d6-9200-214eb0163fc5:c4960, 4cc0758a-96f5-4ab9-816d-81d822da247a:c4955, 8693c47f-40a3-4a1c-b7ba-6ed996b9183c:c4957]
2019-07-08 22:30:05,262 INFO  client.GrpcClientProtocolClient (GrpcClientProtocolClient.java:onNext(255)) - client-7538DDC4E776->1b229672-9fc1-42d6-9200-214eb0163fc5: receive RaftClientReply:client-7538DDC4E776->1b229672-9fc1-42d6-9200-214eb0163fc5@group-440AB812C07F, cid=3314, SUCCESS, logIndex=4960, commits[1b229672-9fc1-42d6-9200-214eb0163fc5:c4960, 4cc0758a-96f5-4ab9-816d-81d822da247a:c4957, 8693c47f-40a3-4a1c-b7ba-6ed996b9183c:c4957]
2019-07-08 22:30:05,288 INFO  client.GrpcClientProtocolClient (GrpcClientProtocolClient.java:onNext(255)) - client-7538DDC4E776->1b229672-9fc1-42d6-9200-214eb0163fc5: receive RaftClientReply:client-7538DDC4E776->1b229672-9fc1-42d6-9200-214eb0163fc5@group-440AB812C07F, cid=3315, SUCCESS, logIndex=4962, commits[1b229672-9fc1-42d6-9200-214eb0163fc5:c4963, 4cc0758a-96f5-4ab9-816d-81d822da247a:c4960, 8693c47f-40a3-4a1c-b7ba-6ed996b9183c:c4960]
2019-07-08 22:30:05,288 INFO  client.GrpcClientProtocolClient (GrpcClientProtocolClient.java:onNext(255)) - client-7538DDC4E776->1b229672-9fc1-42d6-9200-214eb0163fc5: receive RaftClientReply:client-7538DDC4E776->1b229672-9fc1-42d6-9200-214eb0163fc5@group-440AB812C07F, cid=3316, SUCCESS, logIndex=4963, commits[1b229672-9fc1-42d6-9200-214eb0163fc5:c4963, 4cc0758a-96f5-4ab9-816d-81d822da247a:c4960, 8693c47f-40a3-4a1c-b7ba-6ed996b9183c:c4960]
2019-07-08 22:30:05,290 INFO  client.GrpcClientProtocolClient (GrpcClientProtocolClient.java:onNext(255)) - client-7538DDC4E776->1b229672-9fc1-42d6-9200-214eb0163fc5: receive RaftClientReply:client-7538DDC4E776->1b229672-9fc1-42d6-9200-214eb0163fc5@group-440AB812C07F, cid=3317, SUCCESS, logIndex=0, commits[1b229672-9fc1-42d6-9200-214eb0163fc5:c4964, 4cc0758a-96f5-4ab9-816d-81d822da247a:c4963, 8693c47f-40a3-4a1c-b7ba-6ed996b9183c:c4963]
2019-07-08 22:30:05,323 INFO  client.GrpcClientProtocolClient (GrpcClientProtocolClient.java:onNext(255)) - client-7538DDC4E776->1b229672-9fc1-42d6-9200-214eb0163fc5: receive RaftClientReply:client-7538DDC4E776->1b229672-9fc1-42d6-9200-214eb0163fc5@group-440AB812C07F, cid=3318, SUCCESS, logIndex=4966, commits[1b229672-9fc1-42d6-9200-214eb0163fc5:c4967, 4cc0758a-96f5-4ab9-816d-81d822da247a:c4965, 8693c47f-40a3-4a1c-b7ba-6ed996b9183c:c4965]
2019-07-08 22:30:05,323 INFO  client.GrpcClientProtocolClient (GrpcClientProtocolClient.java:onNext(255)) - client-7538DDC4E776->1b229672-9fc1-42d6-9200-214eb0163fc5: receive RaftClientReply:client-7538DDC4E776->1b229672-9fc1-42d6-9200-214eb0163fc5@group-440AB812C07F, cid=3319, SUCCESS, logIndex=4967, commits[1b229672-9fc1-42d6-9200-214eb0163fc5:c4967, 4cc0758a-96f5-4ab9-816d-81d822da247a:c4965, 8693c47f-40a3-4a1c-b7ba-6ed996b9183c:c4965]
2019-07-08 22:30:05,326 INFO  client.GrpcClientProtocolClient (GrpcClientProtocolClient.java:onNext(255)) - client-7538DDC4E776->1b229672-9fc1-42d6-9200-214eb0163fc5: receive RaftClientReply:client-7538DDC4E776->1b229672-9fc1-42d6-9200-214eb0163fc5@group-440AB812C07F, cid=3320, SUCCESS, logIndex=4968, commits[1b229672-9fc1-42d6-9200-214eb0163fc5:c4968, 4cc0758a-96f5-4ab9-816d-81d822da247a:c4965, 8693c47f-40a3-4a1c-b7ba-6ed996b9183c:c4965]
2019-07-08 22:30:05,327 INFO  client.GrpcClientProtocolClient (GrpcClientProtocolClient.java:onNext(255)) - client-7538DDC4E776->1b229672-9fc1-42d6-9200-214eb0163fc5: receive RaftClientReply:client-7538DDC4E776->1b229672-9fc1-42d6-9200-214eb0163fc5@group-440AB812C07F, cid=3321, SUCCESS, logIndex=4969, commits[1b229672-9fc1-42d6-9200-214eb0163fc5:c4969, 4cc0758a-96f5-4ab9-816d-81d822da247a:c4965, 8693c47f-40a3-4a1c-b7ba-6ed996b9183c:c4965]
2019-07-08 22:30:05,330 INFO  client.GrpcClientProtocolClient (GrpcClientProtocolClient.java:onNext(255)) - client-7538DDC4E776->1b229672-9fc1-42d6-9200-214eb0163fc5: receive RaftClientReply:client-7538DDC4E776->1b229672-9fc1-42d6-9200-214eb0163fc5@group-440AB812C07F, cid=3322, SUCCESS, logIndex=0, commits[1b229672-9fc1-42d6-9200-214eb0163fc5:c4971, 4cc0758a-96f5-4ab9-816d-81d822da247a:c4967, 8693c47f-40a3-4a1c-b7ba-6ed996b9183c:c4967]
2019-07-08 22:30:05,343 INFO  client.GrpcClientProtocolClient (GrpcClientProtocolClient.java:onNext(255)) - client-7538DDC4E776->1b229672-9fc1-42d6-9200-214eb0163fc5: receive RaftClientReply:client-7538DDC4E776->1b229672-9fc1-42d6-9200-214eb0163fc5@group-440AB812C07F, cid=3323, SUCCESS, logIndex=4974, commits[1b229672-9fc1-42d6-9200-214eb0163fc5:c4975, 4cc0758a-96f5-4ab9-816d-81d822da247a:c4973, 8693c47f-40a3-4a1c-b7ba-6ed996b9183c:c4969]
2019-07-08 22:30:05,343 INFO  client.GrpcClientProtocolClient (GrpcClientProtocolClient.java:onNext(255)) - client-7538DDC4E776->1b229672-9fc1-42d6-9200-214eb0163fc5: receive RaftClientReply:client-7538DDC4E776->1b229672-9fc1-42d6-9200-214eb0163fc5@group-440AB812C07F, cid=3324, SUCCESS, logIndex=4975, commits[1b229672-9fc1-42d6-9200-214eb0163fc5:c4975, 4cc0758a-96f5-4ab9-816d-81d822da247a:c4973, 8693c47f-40a3-4a1c-b7ba-6ed996b9183c:c4973]
2019-07-08 22:30:05,354 INFO  client.GrpcClientProtocolClient (GrpcClientProtocolClient.java:onNext(255)) - client-7538DDC4E776->1b229672-9fc1-42d6-9200-214eb0163fc5: receive RaftClientReply:client-7538DDC4E776->1b229672-9fc1-42d6-9200-214eb0163fc5@group-440AB812C07F, cid=3325, SUCCESS, logIndex=4978, commits[1b229672-9fc1-42d6-9200-214eb0163fc5:c4979, 4cc0758a-96f5-4ab9-816d-81d822da247a:c4977, 8693c47f-40a3-4a1c-b7ba-6ed996b9183c:c4975]
2019-07-08 22:30:05,355 INFO  client.GrpcClientProtocolClient (GrpcClientProtocolClient.java:onNext(255)) - client-7538DDC4E776->1b229672-9fc1-42d6-9200-214eb0163fc5: receive RaftClientReply:client-7538DDC4E776->1b229672-9fc1-42d6-9200-214eb0163fc5@group-440AB812C07F, cid=3326, SUCCESS, logIndex=4979, commits[1b229672-9fc1-42d6-9200-214eb0163fc5:c4979, 4cc0758a-96f5-4ab9-816d-81d822da247a:c4977, 8693c47f-40a3-4a1c-b7ba-6ed996b9183c:c4977]
2019-07-08 22:30:05,358 INFO  client.GrpcClientProtocolClient (GrpcClientProtocolClient.java:onNext(255)) - client-7538DDC4E776->1b229672-9fc1-42d6-9200-214eb0163fc5: receive RaftClientReply:client-7538DDC4E776->1b229672-9fc1-42d6-9200-214eb0163fc5@group-440AB812C07F, cid=3327, SUCCESS, logIndex=0, commits[1b229672-9fc1-42d6-9200-214eb0163fc5:c4980, 4cc0758a-96f5-4ab9-816d-81d822da247a:c4979, 8693c47f-40a3-4a1c-b7ba-6ed996b9183c:c4979]
2019-07-08 22:30:05,401 INFO  client.GrpcClientProtocolClient (GrpcClientProtocolClient.java:onNext(255)) - client-7538DDC4E776->1b229672-9fc1-42d6-9200-214eb0163fc5: receive RaftClientReply:client-7538DDC4E776->1b229672-9fc1-42d6-9200-214eb0163fc5@group-440AB812C07F, cid=3328, SUCCESS, logIndex=4982, commits[1b229672-9fc1-42d6-9200-214eb0163fc5:c4983, 4cc0758a-96f5-4ab9-816d-81d822da247a:c4981, 8693c47f-40a3-4a1c-b7ba-6ed996b9183c:c4981]
2019-07-08 22:30:05,402 INFO  client.GrpcClientProtocolClient (GrpcClientProtocolClient.java:onNext(255)) - client-7538DDC4E776->1b229672-9fc1-42d6-9200-214eb0163fc5: receive RaftClientReply:client-7538DDC4E776->1b229672-9fc1-42d6-9200-214eb0163fc5@group-440AB812C07F, cid=3329, SUCCESS, logIndex=4983, commits[1b229672-9fc1-42d6-9200-214eb0163fc5:c4985, 4cc0758a-96f5-4ab9-816d-81d822da247a:c4981, 8693c47f-40a3-4a1c-b7ba-6ed996b9183c:c4981]
2019-07-08 22:30:05,402 INFO  client.GrpcClientProtocolClient (GrpcClientProtocolClient.java:onNext(255)) - client-7538DDC4E776->1b229672-9fc1-42d6-9200-214eb0163fc5: receive RaftClientReply:client-7538DDC4E776->1b229672-9fc1-42d6-9200-214eb0163fc5@group-440AB812C07F, cid=3330, SUCCESS, logIndex=4984, commits[1b229672-9fc1-42d6-9200-214eb0163fc5:c4985, 4cc0758a-96f5-4ab9-816d-81d822da247a:c4981, 8693c47f-40a3-4a1c-b7ba-6ed996b9183c:c4981]
2019-07-08 22:30:05,402 INFO  client.GrpcClientProtocolClient (GrpcClientProtocolClient.java:onNext(255)) - client-7538DDC4E776->1b229672-9fc1-42d6-9200-214eb0163fc5: receive RaftClientReply:client-7538DDC4E776->1b229672-9fc1-42d6-9200-214eb0163fc5@group-440AB812C07F, cid=3331, SUCCESS, logIndex=4985, commits[1b229672-9fc1-42d6-9200-214eb0163fc5:c4985, 4cc0758a-96f5-4ab9-816d-81d822da247a:c4981, 8693c47f-40a3-4a1c-b7ba-6ed996b9183c:c4981]
2019-07-08 22:30:05,412 INFO  client.GrpcClientProtocolClient (GrpcClientProtocolClient.java:onNext(255)) - client-7538DDC4E776->1b229672-9fc1-42d6-9200-214eb0163fc5: receive RaftClientReply:client-7538DDC4E776->1b229672-9fc1-42d6-9200-214eb0163fc5@group-440AB812C07F, cid=3332, SUCCESS, logIndex=0, commits[1b229672-9fc1-42d6-9200-214eb0163fc5:c4988, 4cc0758a-96f5-4ab9-816d-81d822da247a:c4984, 8693c47f-40a3-4a1c-b7ba-6ed996b9183c:c4983]
2019-07-08 22:30:05,432 INFO  client.GrpcClientProtocolClient (GrpcClientProtocolClient.java:onNext(255)) - client-7538DDC4E776->1b229672-9fc1-42d6-9200-214eb0163fc5: receive RaftClientReply:client-7538DDC4E776->1b229672-9fc1-42d6-9200-214eb0163fc5@group-440AB812C07F, cid=3333, SUCCESS, logIndex=4990, commits[1b229672-9fc1-42d6-9200-214eb0163fc5:c4991, 4cc0758a-96f5-4ab9-816d-81d822da247a:c4989, 8693c47f-40a3-4a1c-b7ba-6ed996b9183c:c4989]
2019-07-08 22:30:05,432 INFO  client.GrpcClientProtocolClient (GrpcClientProtocolClient.java:onNext(255)) - client-7538DDC4E776->1b229672-9fc1-42d6-9200-214eb0163fc5: receive RaftClientReply:client-7538DDC4E776->1b229672-9fc1-42d6-9200-214eb0163fc5@group-440AB812C07F, cid=3334, SUCCESS, logIndex=4991, commits[1b229672-9fc1-42d6-9200-214eb0163fc5:c4991, 4cc0758a-96f5-4ab9-816d-81d822da247a:c4989, 8693c47f-40a3-4a1c-b7ba-6ed996b9183c:c4989]
2019-07-08 22:30:05,457 INFO  client.GrpcClientProtocolClient (GrpcClientProtocolClient.java:onNext(255)) - client-7538DDC4E776->1b229672-9fc1-42d6-9200-214eb0163fc5: receive RaftClientReply:client-7538DDC4E776->1b229672-9fc1-42d6-9200-214eb0163fc5@group-440AB812C07F, cid=3335, SUCCESS, logIndex=4994, commits[1b229672-9fc1-42d6-9200-214eb0163fc5:c4995, 4cc0758a-96f5-4ab9-816d-81d822da247a:c4991, 8693c47f-40a3-4a1c-b7ba-6ed996b9183c:c4991]
2019-07-08 22:30:05,457 INFO  client.GrpcClientProtocolClient (GrpcClientProtocolClient.java:onNext(255)) - client-7538DDC4E776->1b229672-9fc1-42d6-9200-214eb0163fc5: receive RaftClientReply:client-7538DDC4E776->1b229672-9fc1-42d6-9200-214eb0163fc5@group-440AB812C07F, cid=3336, SUCCESS, logIndex=4995, commits[1b229672-9fc1-42d6-9200-214eb0163fc5:c4995, 4cc0758a-96f5-4ab9-816d-81d822da247a:c4991, 8693c47f-40a3-4a1c-b7ba-6ed996b9183c:c4991]
2019-07-08 22:30:05,471 INFO  client.GrpcClientProtocolClient (GrpcClientProtocolClient.java:onNext(255)) - client-7538DDC4E776->1b229672-9fc1-42d6-9200-214eb0163fc5: receive RaftClientReply:client-7538DDC4E776->1b229672-9fc1-42d6-9200-214eb0163fc5@group-440AB812C07F, cid=3337, SUCCESS, logIndex=0, commits[1b229672-9fc1-42d6-9200-214eb0163fc5:c4996, 4cc0758a-96f5-4ab9-816d-81d822da247a:c4995, 8693c47f-40a3-4a1c-b7ba-6ed996b9183c:c4995]
2019-07-08 22:30:05,507 INFO  client.GrpcClientProtocolClient (GrpcClientProtocolClient.java:onNext(255)) - client-7538DDC4E776->1b229672-9fc1-42d6-9200-214eb0163fc5: receive RaftClientReply:client-7538DDC4E776->1b229672-9fc1-42d6-9200-214eb0163fc5@group-440AB812C07F, cid=3338, SUCCESS, logIndex=4998, commits[1b229672-9fc1-42d6-9200-214eb0163fc5:c4999, 4cc0758a-96f5-4ab9-816d-81d822da247a:c4997, 8693c47f-40a3-4a1c-b7ba-6ed996b9183c:c4997]
2019-07-08 22:30:05,507 INFO  client.GrpcClientProtocolClient (GrpcClientProtocolClient.java:onNext(255)) - client-7538DDC4E776->1b229672-9fc1-42d6-9200-214eb0163fc5: receive RaftClientReply:client-7538DDC4E776->1b229672-9fc1-42d6-9200-214eb0163fc5@group-440AB812C07F, cid=3339, SUCCESS, logIndex=4999, commits[1b229672-9fc1-42d6-9200-214eb0163fc5:c5001, 4cc0758a-96f5-4ab9-816d-81d822da247a:c4997, 8693c47f-40a3-4a1c-b7ba-6ed996b9183c:c4997]
2019-07-08 22:30:05,507 INFO  client.GrpcClientProtocolClient (GrpcClientProtocolClient.java:onNext(255)) - client-7538DDC4E776->1b229672-9fc1-42d6-9200-214eb0163fc5: receive RaftClientReply:client-7538DDC4E776->1b229672-9fc1-42d6-9200-214eb0163fc5@group-440AB812C07F, cid=3340, SUCCESS, logIndex=5000, commits[1b229672-9fc1-42d6-9200-214eb0163fc5:c5001, 4cc0758a-96f5-4ab9-816d-81d822da247a:c4997, 8693c47f-40a3-4a1c-b7ba-6ed996b9183c:c4997]
2019-07-08 22:30:05,508 INFO  client.GrpcClientProtocolClient (GrpcClientProtocolClient.java:onNext(255)) - client-7538DDC4E776->1b229672-9fc1-42d6-9200-214eb0163fc5: receive RaftClientReply:client-7538DDC4E776->1b229672-9fc1-42d6-9200-214eb0163fc5@group-440AB812C07F, cid=3341, SUCCESS, logIndex=5001, commits[1b229672-9fc1-42d6-9200-214eb0163fc5:c5001, 4cc0758a-96f5-4ab9-816d-81d822da247a:c4997, 8693c47f-40a3-4a1c-b7ba-6ed996b9183c:c4997]
2019-07-08 22:30:05,519 INFO  client.GrpcClientProtocolClient (GrpcClientProtocolClient.java:onNext(255)) - client-7538DDC4E776->1b229672-9fc1-42d6-9200-214eb0163fc5: receive RaftClientReply:client-7538DDC4E776->1b229672-9fc1-42d6-9200-214eb0163fc5@group-440AB812C07F, cid=3342, SUCCESS, logIndex=0, commits[1b229672-9fc1-42d6-9200-214eb0163fc5:c5003, 4cc0758a-96f5-4ab9-816d-81d822da247a:c4999, 8693c47f-40a3-4a1c-b7ba-6ed996b9183c:c4999]
2019-07-08 22:30:05,540 INFO  client.GrpcClientProtocolClient (GrpcClientProtocolClient.java:onNext(255)) - client-7538DDC4E776->1b229672-9fc1-42d6-9200-214eb0163fc5: receive RaftClientReply:client-7538DDC4E776->1b229672-9fc1-42d6-9200-214eb0163fc5@group-440AB812C07F, cid=3343, SUCCESS, logIndex=5006, commits[1b229672-9fc1-42d6-9200-214eb0163fc5:c5007, 4cc0758a-96f5-4ab9-816d-81d822da247a:c5005, 8693c47f-40a3-4a1c-b7ba-6ed996b9183c:c5005]
2019-07-08 22:30:05,540 INFO  client.GrpcClientProtocolClient (GrpcClientProtocolClient.java:onNext(255)) - client-7538DDC4E776->1b229672-9fc1-42d6-9200-214eb0163fc5: receive RaftClientReply:client-7538DDC4E776->1b229672-9fc1-42d6-9200-214eb0163fc5@group-440AB812C07F, cid=3344, SUCCESS, logIndex=5007, commits[1b229672-9fc1-42d6-9200-214eb0163fc5:c5007, 4cc0758a-96f5-4ab9-816d-81d822da247a:c5005, 8693c47f-40a3-4a1c-b7ba-6ed996b9183c:c5005]
2019-07-08 22:30:05,555 INFO  client.GrpcClientProtocolClient (GrpcClientProtocolClient.java:onNext(255)) - client-7538DDC4E776->1b229672-9fc1-42d6-9200-214eb0163fc5: receive RaftClientReply:client-7538DDC4E776->1b229672-9fc1-42d6-9200-214eb0163fc5@group-440AB812C07F, cid=3345, SUCCESS, logIndex=5010, commits[1b229672-9fc1-42d6-9200-214eb0163fc5:c5011, 4cc0758a-96f5-4ab9-816d-81d822da247a:c5007, 8693c47f-40a3-4a1c-b7ba-6ed996b9183c:c5007]
2019-07-08 22:30:05,555 INFO  client.GrpcClientProtocolClient (GrpcClientProtocolClient.java:onNext(255)) - client-7538DDC4E776->1b229672-9fc1-42d6-9200-214eb0163fc5: receive RaftClientReply:client-7538DDC4E776->1b229672-9fc1-42d6-9200-214eb0163fc5@group-440AB812C07F, cid=3346, SUCCESS, logIndex=5011, commits[1b229672-9fc1-42d6-9200-214eb0163fc5:c5011, 4cc0758a-96f5-4ab9-816d-81d822da247a:c5007, 8693c47f-40a3-4a1c-b7ba-6ed996b9183c:c5007]
2019-07-08 22:30:05,579 INFO  client.GrpcClientProtocolClient (GrpcClientProtocolClient.java:onNext(255)) - client-7538DDC4E776->1b229672-9fc1-42d6-9200-214eb0163fc5: receive RaftClientReply:client-7538DDC4E776->1b229672-9fc1-42d6-9200-214eb0163fc5@group-440AB812C07F, cid=3347, SUCCESS, logIndex=0, commits[1b229672-9fc1-42d6-9200-214eb0163fc5:c5013, 4cc0758a-96f5-4ab9-816d-81d822da247a:c5011, 8693c47f-40a3-4a1c-b7ba-6ed996b9183c:c5011]
2019-07-08 22:30:05,631 INFO  client.GrpcClientProtocolClient (GrpcClientProtocolClient.java:onNext(255)) - client-7538DDC4E776->1b229672-9fc1-42d6-9200-214eb0163fc5: receive RaftClientReply:client-7538DDC4E776->1b229672-9fc1-42d6-9200-214eb0163fc5@group-440AB812C07F, cid=3348, SUCCESS, logIndex=5014, commits[1b229672-9fc1-42d6-9200-214eb0163fc5:c5017, 4cc0758a-96f5-4ab9-816d-81d822da247a:c5013, 8693c47f-40a3-4a1c-b7ba-6ed996b9183c:c5011]
2019-07-08 22:30:05,632 INFO  client.GrpcClientProtocolClient (GrpcClientProtocolClient.java:onNext(255)) - client-7538DDC4E776->1b229672-9fc1-42d6-9200-214eb0163fc5: receive RaftClientReply:client-7538DDC4E776->1b229672-9fc1-42d6-9200-214eb0163fc5@group-440AB812C07F, cid=3349, SUCCESS, logIndex=5015, commits[1b229672-9fc1-42d6-9200-214eb0163fc5:c5017, 4cc0758a-96f5-4ab9-816d-81d822da247a:c5013, 8693c47f-40a3-4a1c-b7ba-6ed996b9183c:c5013]
2019-07-08 22:30:05,632 INFO  client.GrpcClientProtocolClient (GrpcClientProtocolClient.java:onNext(255)) - client-7538DDC4E776->1b229672-9fc1-42d6-9200-214eb0163fc5: receive RaftClientReply:client-7538DDC4E776->1b229672-9fc1-42d6-9200-214eb0163fc5@group-440AB812C07F, cid=3350, SUCCESS, logIndex=5016, commits[1b229672-9fc1-42d6-9200-214eb0163fc5:c5017, 4cc0758a-96f5-4ab9-816d-81d822da247a:c5013, 8693c47f-40a3-4a1c-b7ba-6ed996b9183c:c5013]
2019-07-08 22:30:05,633 INFO  client.GrpcClientProtocolClient (GrpcClientProtocolClient.java:onNext(255)) - client-7538DDC4E776->1b229672-9fc1-42d6-9200-214eb0163fc5: receive RaftClientReply:client-7538DDC4E776->1b229672-9fc1-42d6-9200-214eb0163fc5@group-440AB812C07F, cid=3351, SUCCESS, logIndex=5017, commits[1b229672-9fc1-42d6-9200-214eb0163fc5:c5017, 4cc0758a-96f5-4ab9-816d-81d822da247a:c5013, 8693c47f-40a3-4a1c-b7ba-6ed996b9183c:c5013]
2019-07-08 22:30:05,644 INFO  client.GrpcClientProtocolClient (GrpcClientProtocolClient.java:onNext(255)) - client-7538DDC4E776->1b229672-9fc1-42d6-9200-214eb0163fc5: receive RaftClientReply:client-7538DDC4E776->1b229672-9fc1-42d6-9200-214eb0163fc5@group-440AB812C07F, cid=3352, SUCCESS, logIndex=0, commits[1b229672-9fc1-42d6-9200-214eb0163fc5:c5021, 4cc0758a-96f5-4ab9-816d-81d822da247a:c5015, 8693c47f-40a3-4a1c-b7ba-6ed996b9183c:c5017]
2019-07-08 22:30:05,661 INFO  client.GrpcClientProtocolClient (GrpcClientProtocolClient.java:onNext(255)) - client-7538DDC4E776->1b229672-9fc1-42d6-9200-214eb0163fc5: receive RaftClientReply:client-7538DDC4E776->1b229672-9fc1-42d6-9200-214eb0163fc5@group-440AB812C07F, cid=3353, SUCCESS, logIndex=5022, commits[1b229672-9fc1-42d6-9200-214eb0163fc5:c5023, 4cc0758a-96f5-4ab9-816d-81d822da247a:c5021, 8693c47f-40a3-4a1c-b7ba-6ed996b9183c:c5021]
2019-07-08 22:30:05,662 INFO  client.GrpcClientProtocolClient (GrpcClientProtocolClient.java:onNext(255)) - client-7538DDC4E776->1b229672-9fc1-42d6-9200-214eb0163fc5: receive RaftClientReply:client-7538DDC4E776->1b229672-9fc1-42d6-9200-214eb0163fc5@group-440AB812C07F, cid=3354, SUCCESS, logIndex=5023, commits[1b229672-9fc1-42d6-9200-214eb0163fc5:c5023, 4cc0758a-96f5-4ab9-816d-81d822da247a:c5021, 8693c47f-40a3-4a1c-b7ba-6ed996b9183c:c5021]
2019-07-08 22:30:05,677 INFO  client.GrpcClientProtocolClient (GrpcClientProtocolClient.java:onNext(255)) - client-7538DDC4E776->1b229672-9fc1-42d6-9200-214eb0163fc5: receive RaftClientReply:client-7538DDC4E776->1b229672-9fc1-42d6-9200-214eb0163fc5@group-440AB812C07F, cid=3355, SUCCESS, logIndex=5026, commits[1b229672-9fc1-42d6-9200-214eb0163fc5:c5027, 4cc0758a-96f5-4ab9-816d-81d822da247a:c5024, 8693c47f-40a3-4a1c-b7ba-6ed996b9183c:c5024]
2019-07-08 22:30:05,678 INFO  client.GrpcClientProtocolClient (GrpcClientProtocolClient.java:onNext(255)) - client-7538DDC4E776->1b229672-9fc1-42d6-9200-214eb0163fc5: receive RaftClientReply:client-7538DDC4E776->1b229672-9fc1-42d6-9200-214eb0163fc5@group-440AB812C07F, cid=3356, SUCCESS, logIndex=5027, commits[1b229672-9fc1-42d6-9200-214eb0163fc5:c5027, 4cc0758a-96f5-4ab9-816d-81d822da247a:c5024, 8693c47f-40a3-4a1c-b7ba-6ed996b9183c:c5024]
2019-07-08 22:30:05,692 INFO  client.GrpcClientProtocolClient (GrpcClientProtocolClient.java:onNext(255)) - client-7538DDC4E776->1b229672-9fc1-42d6-9200-214eb0163fc5: receive RaftClientReply:client-7538DDC4E776->1b229672-9fc1-42d6-9200-214eb0163fc5@group-440AB812C07F, cid=3357, SUCCESS, logIndex=0, commits[1b229672-9fc1-42d6-9200-214eb0163fc5:c5029, 4cc0758a-96f5-4ab9-816d-81d822da247a:c5027, 8693c47f-40a3-4a1c-b7ba-6ed996b9183c:c5027]
2019-07-08 22:30:05,728 INFO  client.GrpcClientProtocolClient (GrpcClientProtocolClient.java:onNext(255)) - client-7538DDC4E776->1b229672-9fc1-42d6-9200-214eb0163fc5: receive RaftClientReply:client-7538DDC4E776->1b229672-9fc1-42d6-9200-214eb0163fc5@group-440AB812C07F, cid=3358, SUCCESS, logIndex=5030, commits[1b229672-9fc1-42d6-9200-214eb0163fc5:c5031, 4cc0758a-96f5-4ab9-816d-81d822da247a:c5029, 8693c47f-40a3-4a1c-b7ba-6ed996b9183c:c5029]
2019-07-08 22:30:05,729 INFO  client.GrpcClientProtocolClient (GrpcClientProtocolClient.java:onNext(255)) - client-7538DDC4E776->1b229672-9fc1-42d6-9200-214eb0163fc5: receive RaftClientReply:client-7538DDC4E776->1b229672-9fc1-42d6-9200-214eb0163fc5@group-440AB812C07F, cid=3359, SUCCESS, logIndex=5031, commits[1b229672-9fc1-42d6-9200-214eb0163fc5:c5033, 4cc0758a-96f5-4ab9-816d-81d822da247a:c5029, 8693c47f-40a3-4a1c-b7ba-6ed996b9183c:c5029]
2019-07-08 22:30:05,729 INFO  client.GrpcClientProtocolClient (GrpcClientProtocolClient.java:onNext(255)) - client-7538DDC4E776->1b229672-9fc1-42d6-9200-214eb0163fc5: receive RaftClientReply:client-7538DDC4E776->1b229672-9fc1-42d6-9200-214eb0163fc5@group-440AB812C07F, cid=3360, SUCCESS, logIndex=5032, commits[1b229672-9fc1-42d6-9200-214eb0163fc5:c5033, 4cc0758a-96f5-4ab9-816d-81d822da247a:c5029, 8693c47f-40a3-4a1c-b7ba-6ed996b9183c:c5029]
2019-07-08 22:30:05,729 INFO  client.GrpcClientProtocolClient (GrpcClientProtocolClient.java:onNext(255)) - client-7538DDC4E776->1b229672-9fc1-42d6-9200-214eb0163fc5: receive RaftClientReply:client-7538DDC4E776->1b229672-9fc1-42d6-9200-214eb0163fc5@group-440AB812C07F, cid=3361, SUCCESS, logIndex=5033, commits[1b229672-9fc1-42d6-9200-214eb0163fc5:c5034, 4cc0758a-96f5-4ab9-816d-81d822da247a:c5029, 8693c47f-40a3-4a1c-b7ba-6ed996b9183c:c5031]
2019-07-08 22:30:05,731 INFO  client.GrpcClientProtocolClient (GrpcClientProtocolClient.java:onNext(255)) - client-7538DDC4E776->1b229672-9fc1-42d6-9200-214eb0163fc5: receive RaftClientReply:client-7538DDC4E776->1b229672-9fc1-42d6-9200-214eb0163fc5@group-440AB812C07F, cid=3362, SUCCESS, logIndex=0, commits[1b229672-9fc1-42d6-9200-214eb0163fc5:c5035, 4cc0758a-96f5-4ab9-816d-81d822da247a:c5031, 8693c47f-40a3-4a1c-b7ba-6ed996b9183c:c5031]
2019-07-08 22:30:05,745 INFO  client.GrpcClientProtocolClient (GrpcClientProtocolClient.java:onNext(255)) - client-7538DDC4E776->1b229672-9fc1-42d6-9200-214eb0163fc5: receive RaftClientReply:client-7538DDC4E776->1b229672-9fc1-42d6-9200-214eb0163fc5@group-440AB812C07F, cid=3363, SUCCESS, logIndex=5037, commits[1b229672-9fc1-42d6-9200-214eb0163fc5:c5038, 4cc0758a-96f5-4ab9-816d-81d822da247a:c5035, 8693c47f-40a3-4a1c-b7ba-6ed996b9183c:c5033]
2019-07-08 22:30:05,745 INFO  client.GrpcClientProtocolClient (GrpcClientProtocolClient.java:onNext(255)) - client-7538DDC4E776->1b229672-9fc1-42d6-9200-214eb0163fc5: receive RaftClientReply:client-7538DDC4E776->1b229672-9fc1-42d6-9200-214eb0163fc5@group-440AB812C07F, cid=3364, SUCCESS, logIndex=5038, commits[1b229672-9fc1-42d6-9200-214eb0163fc5:c5038, 4cc0758a-96f5-4ab9-816d-81d822da247a:c5035, 8693c47f-40a3-4a1c-b7ba-6ed996b9183c:c5035]
 0.00% |█                                                                                                    |  0/1 Time: 0:00:322019-07-08 22:30:06,296 INFO  client.GrpcClientProtocolClient (GrpcClientProtocolClient.java:onNext(255)) - client-7538DDC4E776->1b229672-9fc1-42d6-9200-214eb0163fc5: receive RaftClientReply:client-7538DDC4E776->1b229672-9fc1-42d6-9200-214eb0163fc5@group-440AB812C07F, cid=3365, SUCCESS, logIndex=5041, commits[1b229672-9fc1-42d6-9200-214eb0163fc5:c5042, 4cc0758a-96f5-4ab9-816d-81d822da247a:c5040, 8693c47f-40a3-4a1c-b7ba-6ed996b9183c:c5040]
2019-07-08 22:30:06,297 INFO  client.GrpcClientProtocolClient (GrpcClientProtocolClient.java:onNext(255)) - client-7538DDC4E776->1b229672-9fc1-42d6-9200-214eb0163fc5: receive RaftClientReply:client-7538DDC4E776->1b229672-9fc1-42d6-9200-214eb0163fc5@group-440AB812C07F, cid=3366, SUCCESS, logIndex=5042, commits[1b229672-9fc1-42d6-9200-214eb0163fc5:c5042, 4cc0758a-96f5-4ab9-816d-81d822da247a:c5040, 8693c47f-40a3-4a1c-b7ba-6ed996b9183c:c5040]
2019-07-08 22:30:06,311 INFO  client.GrpcClientProtocolClient (GrpcClientProtocolClient.java:onNext(255)) - client-7538DDC4E776->1b229672-9fc1-42d6-9200-214eb0163fc5: receive RaftClientReply:client-7538DDC4E776->1b229672-9fc1-42d6-9200-214eb0163fc5@group-440AB812C07F, cid=3367, SUCCESS, logIndex=0, commits[1b229672-9fc1-42d6-9200-214eb0163fc5:c5044, 4cc0758a-96f5-4ab9-816d-81d822da247a:c5042, 8693c47f-40a3-4a1c-b7ba-6ed996b9183c:c5042]
2019-07-08 22:30:06,340 INFO  client.GrpcClientProtocolClient (GrpcClientProtocolClient.java:onNext(255)) - client-7538DDC4E776->1b229672-9fc1-42d6-9200-214eb0163fc5: receive RaftClientReply:client-7538DDC4E776->1b229672-9fc1-42d6-9200-214eb0163fc5@group-440AB812C07F, cid=3368, SUCCESS, logIndex=5045, commits[1b229672-9fc1-42d6-9200-214eb0163fc5:c5046, 4cc0758a-96f5-4ab9-816d-81d822da247a:c5044, 8693c47f-40a3-4a1c-b7ba-6ed996b9183c:c5044]
2019-07-08 22:30:06,341 INFO  client.GrpcClientProtocolClient (GrpcClientProtocolClient.java:onNext(255)) - client-7538DDC4E776->1b229672-9fc1-42d6-9200-214eb0163fc5: receive RaftClientReply:client-7538DDC4E776->1b229672-9fc1-42d6-9200-214eb0163fc5@group-440AB812C07F, cid=3369, SUCCESS, logIndex=5046, commits[1b229672-9fc1-42d6-9200-214eb0163fc5:c5047, 4cc0758a-96f5-4ab9-816d-81d822da247a:c5044, 8693c47f-40a3-4a1c-b7ba-6ed996b9183c:c5044]
2019-07-08 22:30:06,341 INFO  client.GrpcClientProtocolClient (GrpcClientProtocolClient.java:onNext(255)) - client-7538DDC4E776->1b229672-9fc1-42d6-9200-214eb0163fc5: receive RaftClientReply:client-7538DDC4E776->1b229672-9fc1-42d6-9200-214eb0163fc5@group-440AB812C07F, cid=3370, SUCCESS, logIndex=5047, commits[1b229672-9fc1-42d6-9200-214eb0163fc5:c5048, 4cc0758a-96f5-4ab9-816d-81d822da247a:c5044, 8693c47f-40a3-4a1c-b7ba-6ed996b9183c:c5044]
2019-07-08 22:30:06,341 INFO  client.GrpcClientProtocolClient (GrpcClientProtocolClient.java:onNext(255)) - client-7538DDC4E776->1b229672-9fc1-42d6-9200-214eb0163fc5: receive RaftClientReply:client-7538DDC4E776->1b229672-9fc1-42d6-9200-214eb0163fc5@group-440AB812C07F, cid=3371, SUCCESS, logIndex=5048, commits[1b229672-9fc1-42d6-9200-214eb0163fc5:c5048, 4cc0758a-96f5-4ab9-816d-81d822da247a:c5044, 8693c47f-40a3-4a1c-b7ba-6ed996b9183c:c5044]
2019-07-08 22:30:06,356 INFO  client.GrpcClientProtocolClient (GrpcClientProtocolClient.java:onNext(255)) - client-7538DDC4E776->1b229672-9fc1-42d6-9200-214eb0163fc5: receive RaftClientReply:client-7538DDC4E776->1b229672-9fc1-42d6-9200-214eb0163fc5@group-440AB812C07F, cid=3372, SUCCESS, logIndex=0, commits[1b229672-9fc1-42d6-9200-214eb0163fc5:c5050, 4cc0758a-96f5-4ab9-816d-81d822da247a:c5046, 8693c47f-40a3-4a1c-b7ba-6ed996b9183c:c5046]
2019-07-08 22:30:06,370 INFO  client.GrpcClientProtocolClient (GrpcClientProtocolClient.java:onNext(255)) - client-7538DDC4E776->1b229672-9fc1-42d6-9200-214eb0163fc5: receive RaftClientReply:client-7538DDC4E776->1b229672-9fc1-42d6-9200-214eb0163fc5@group-440AB812C07F, cid=3373, SUCCESS, logIndex=5053, commits[1b229672-9fc1-42d6-9200-214eb0163fc5:c5054, 4cc0758a-96f5-4ab9-816d-81d822da247a:c5052, 8693c47f-40a3-4a1c-b7ba-6ed996b9183c:c5052]
2019-07-08 22:30:06,370 INFO  client.GrpcClientProtocolClient (GrpcClientProtocolClient.java:onNext(255)) - client-7538DDC4E776->1b229672-9fc1-42d6-9200-214eb0163fc5: receive RaftClientReply:client-7538DDC4E776->1b229672-9fc1-42d6-9200-214eb0163fc5@group-440AB812C07F, cid=3374, SUCCESS, logIndex=5054, commits[1b229672-9fc1-42d6-9200-214eb0163fc5:c5054, 4cc0758a-96f5-4ab9-816d-81d822da247a:c5052, 8693c47f-40a3-4a1c-b7ba-6ed996b9183c:c5052]
2019-07-08 22:30:06,397 INFO  client.GrpcClientProtocolClient (GrpcClientProtocolClient.java:onNext(255)) - client-7538DDC4E776->1b229672-9fc1-42d6-9200-214eb0163fc5: receive RaftClientReply:client-7538DDC4E776->1b229672-9fc1-42d6-9200-214eb0163fc5@group-440AB812C07F, cid=3375, SUCCESS, logIndex=5057, commits[1b229672-9fc1-42d6-9200-214eb0163fc5:c5058, 4cc0758a-96f5-4ab9-816d-81d822da247a:c5054, 8693c47f-40a3-4a1c-b7ba-6ed996b9183c:c5054]
2019-07-08 22:30:06,397 INFO  client.GrpcClientProtocolClient (GrpcClientProtocolClient.java:onNext(255)) - client-7538DDC4E776->1b229672-9fc1-42d6-9200-214eb0163fc5: receive RaftClientReply:client-7538DDC4E776->1b229672-9fc1-42d6-9200-214eb0163fc5@group-440AB812C07F, cid=3376, SUCCESS, logIndex=5058, commits[1b229672-9fc1-42d6-9200-214eb0163fc5:c5058, 4cc0758a-96f5-4ab9-816d-81d822da247a:c5054, 8693c47f-40a3-4a1c-b7ba-6ed996b9183c:c5054]
2019-07-08 22:30:06,422 INFO  client.GrpcClientProtocolClient (GrpcClientProtocolClient.java:onNext(255)) - client-7538DDC4E776->1b229672-9fc1-42d6-9200-214eb0163fc5: receive RaftClientReply:client-7538DDC4E776->1b229672-9fc1-42d6-9200-214eb0163fc5@group-440AB812C07F, cid=3377, SUCCESS, logIndex=0, commits[1b229672-9fc1-42d6-9200-214eb0163fc5:c5060, 4cc0758a-96f5-4ab9-816d-81d822da247a:c5058, 8693c47f-40a3-4a1c-b7ba-6ed996b9183c:c5058]
2019-07-08 22:30:06,462 INFO  client.GrpcClientProtocolClient (GrpcClientProtocolClient.java:onNext(255)) - client-7538DDC4E776->1b229672-9fc1-42d6-9200-214eb0163fc5: receive RaftClientReply:client-7538DDC4E776->1b229672-9fc1-42d6-9200-214eb0163fc5@group-440AB812C07F, cid=3378, SUCCESS, logIndex=5061, commits[1b229672-9fc1-42d6-9200-214eb0163fc5:c5062, 4cc0758a-96f5-4ab9-816d-81d822da247a:c5058, 8693c47f-40a3-4a1c-b7ba-6ed996b9183c:c5060]
2019-07-08 22:30:06,463 INFO  client.GrpcClientProtocolClient (GrpcClientProtocolClient.java:onNext(255)) - client-7538DDC4E776->1b229672-9fc1-42d6-9200-214eb0163fc5: receive RaftClientReply:client-7538DDC4E776->1b229672-9fc1-42d6-9200-214eb0163fc5@group-440AB812C07F, cid=3379, SUCCESS, logIndex=5062, commits[1b229672-9fc1-42d6-9200-214eb0163fc5:c5062, 4cc0758a-96f5-4ab9-816d-81d822da247a:c5058, 8693c47f-40a3-4a1c-b7ba-6ed996b9183c:c5060]
2019-07-08 22:30:06,464 INFO  client.GrpcClientProtocolClient (GrpcClientProtocolClient.java:onNext(255)) - client-7538DDC4E776->1b229672-9fc1-42d6-9200-214eb0163fc5: receive RaftClientReply:client-7538DDC4E776->1b229672-9fc1-42d6-9200-214eb0163fc5@group-440AB812C07F, cid=3380, SUCCESS, logIndex=5063, commits[1b229672-9fc1-42d6-9200-214eb0163fc5:c5064, 4cc0758a-96f5-4ab9-816d-81d822da247a:c5060, 8693c47f-40a3-4a1c-b7ba-6ed996b9183c:c5060]
2019-07-08 22:30:06,465 INFO  client.GrpcClientProtocolClient (GrpcClientProtocolClient.java:onNext(255)) - client-7538DDC4E776->1b229672-9fc1-42d6-9200-214eb0163fc5: receive RaftClientReply:client-7538DDC4E776->1b229672-9fc1-42d6-9200-214eb0163fc5@group-440AB812C07F, cid=3381, SUCCESS, logIndex=5064, commits[1b229672-9fc1-42d6-9200-214eb0163fc5:c5064, 4cc0758a-96f5-4ab9-816d-81d822da247a:c5060, 8693c47f-40a3-4a1c-b7ba-6ed996b9183c:c5060]
2019-07-08 22:30:06,466 INFO  client.GrpcClientProtocolClient (GrpcClientProtocolClient.java:onNext(255)) - client-7538DDC4E776->1b229672-9fc1-42d6-9200-214eb0163fc5: receive RaftClientReply:client-7538DDC4E776->1b229672-9fc1-42d6-9200-214eb0163fc5@group-440AB812C07F, cid=3382, SUCCESS, logIndex=0, commits[1b229672-9fc1-42d6-9200-214eb0163fc5:c5066, 4cc0758a-96f5-4ab9-816d-81d822da247a:c5062, 8693c47f-40a3-4a1c-b7ba-6ed996b9183c:c5062]
2019-07-08 22:30:06,479 INFO  client.GrpcClientProtocolClient (GrpcClientProtocolClient.java:onNext(255)) - client-7538DDC4E776->1b229672-9fc1-42d6-9200-214eb0163fc5: receive RaftClientReply:client-7538DDC4E776->1b229672-9fc1-42d6-9200-214eb0163fc5@group-440AB812C07F, cid=3383, SUCCESS, logIndex=5069, commits[1b229672-9fc1-42d6-9200-214eb0163fc5:c5070, 4cc0758a-96f5-4ab9-816d-81d822da247a:c5068, 8693c47f-40a3-4a1c-b7ba-6ed996b9183c:c5064]
2019-07-08 22:30:06,480 INFO  client.GrpcClientProtocolClient (GrpcClientProtocolClient.java:onNext(255)) - client-7538DDC4E776->1b229672-9fc1-42d6-9200-214eb0163fc5: receive RaftClientReply:client-7538DDC4E776->1b229672-9fc1-42d6-9200-214eb0163fc5@group-440AB812C07F, cid=3384, SUCCESS, logIndex=5070, commits[1b229672-9fc1-42d6-9200-214eb0163fc5:c5070, 4cc0758a-96f5-4ab9-816d-81d822da247a:c5068, 8693c47f-40a3-4a1c-b7ba-6ed996b9183c:c5068]
2019-07-08 22:30:06,493 INFO  client.GrpcClientProtocolClient (GrpcClientProtocolClient.java:onNext(255)) - client-7538DDC4E776->1b229672-9fc1-42d6-9200-214eb0163fc5: receive RaftClientReply:client-7538DDC4E776->1b229672-9fc1-42d6-9200-214eb0163fc5@group-440AB812C07F, cid=3385, SUCCESS, logIndex=5073, commits[1b229672-9fc1-42d6-9200-214eb0163fc5:c5074, 4cc0758a-96f5-4ab9-816d-81d822da247a:c5072, 8693c47f-40a3-4a1c-b7ba-6ed996b9183c:c5072]
2019-07-08 22:30:06,493 INFO  client.GrpcClientProtocolClient (GrpcClientProtocolClient.java:onNext(255)) - client-7538DDC4E776->1b229672-9fc1-42d6-9200-214eb0163fc5: receive RaftClientReply:client-7538DDC4E776->1b229672-9fc1-42d6-9200-214eb0163fc5@group-440AB812C07F, cid=3386, SUCCESS, logIndex=5074, commits[1b229672-9fc1-42d6-9200-214eb0163fc5:c5074, 4cc0758a-96f5-4ab9-816d-81d822da247a:c5072, 8693c47f-40a3-4a1c-b7ba-6ed996b9183c:c5072]
2019-07-08 22:30:06,498 INFO  client.GrpcClientProtocolClient (GrpcClientProtocolClient.java:onNext(255)) - client-7538DDC4E776->1b229672-9fc1-42d6-9200-214eb0163fc5: receive RaftClientReply:client-7538DDC4E776->1b229672-9fc1-42d6-9200-214eb0163fc5@group-440AB812C07F, cid=3387, SUCCESS, logIndex=0, commits[1b229672-9fc1-42d6-9200-214eb0163fc5:c5075, 4cc0758a-96f5-4ab9-816d-81d822da247a:c5074, 8693c47f-40a3-4a1c-b7ba-6ed996b9183c:c5074]
2019-07-08 22:30:06,522 INFO  client.GrpcClientProtocolClient (GrpcClientProtocolClient.java:onNext(255)) - client-7538DDC4E776->1b229672-9fc1-42d6-9200-214eb0163fc5: receive RaftClientReply:client-7538DDC4E776->1b229672-9fc1-42d6-9200-214eb0163fc5@group-440AB812C07F, cid=3388, SUCCESS, logIndex=5077, commits[1b229672-9fc1-42d6-9200-214eb0163fc5:c5078, 4cc0758a-96f5-4ab9-816d-81d822da247a:c5076, 8693c47f-40a3-4a1c-b7ba-6ed996b9183c:c5076]
2019-07-08 22:30:06,522 INFO  client.GrpcClientProtocolClient (GrpcClientProtocolClient.java:onNext(255)) - client-7538DDC4E776->1b229672-9fc1-42d6-9200-214eb0163fc5: receive RaftClientReply:client-7538DDC4E776->1b229672-9fc1-42d6-9200-214eb0163fc5@group-440AB812C07F, cid=3389, SUCCESS, logIndex=5078, commits[1b229672-9fc1-42d6-9200-214eb0163fc5:c5078, 4cc0758a-96f5-4ab9-816d-81d822da247a:c5076, 8693c47f-40a3-4a1c-b7ba-6ed996b9183c:c5076]
2019-07-08 22:30:06,524 INFO  client.GrpcClientProtocolClient (GrpcClientProtocolClient.java:onNext(255)) - client-7538DDC4E776->1b229672-9fc1-42d6-9200-214eb0163fc5: receive RaftClientReply:client-7538DDC4E776->1b229672-9fc1-42d6-9200-214eb0163fc5@group-440AB812C07F, cid=3390, SUCCESS, logIndex=5079, commits[1b229672-9fc1-42d6-9200-214eb0163fc5:c5080, 4cc0758a-96f5-4ab9-816d-81d822da247a:c5076, 8693c47f-40a3-4a1c-b7ba-6ed996b9183c:c5076]
2019-07-08 22:30:06,524 INFO  client.GrpcClientProtocolClient (GrpcClientProtocolClient.java:onNext(255)) - client-7538DDC4E776->1b229672-9fc1-42d6-9200-214eb0163fc5: receive RaftClientReply:client-7538DDC4E776->1b229672-9fc1-42d6-9200-214eb0163fc5@group-440AB812C07F, cid=3391, SUCCESS, logIndex=5080, commits[1b229672-9fc1-42d6-9200-214eb0163fc5:c5080, 4cc0758a-96f5-4ab9-816d-81d822da247a:c5076, 8693c47f-40a3-4a1c-b7ba-6ed996b9183c:c5076]
2019-07-08 22:30:06,527 INFO  client.GrpcClientProtocolClient (GrpcClientProtocolClient.java:onNext(255)) - client-7538DDC4E776->1b229672-9fc1-42d6-9200-214eb0163fc5: receive RaftClientReply:client-7538DDC4E776->1b229672-9fc1-42d6-9200-214eb0163fc5@group-440AB812C07F, cid=3392, SUCCESS, logIndex=0, commits[1b229672-9fc1-42d6-9200-214eb0163fc5:c5082, 4cc0758a-96f5-4ab9-816d-81d822da247a:c5078, 8693c47f-40a3-4a1c-b7ba-6ed996b9183c:c5078]
2019-07-08 22:30:06,538 INFO  client.GrpcClientProtocolClient (GrpcClientProtocolClient.java:onNext(255)) - client-7538DDC4E776->1b229672-9fc1-42d6-9200-214eb0163fc5: receive RaftClientReply:client-7538DDC4E776->1b229672-9fc1-42d6-9200-214eb0163fc5@group-440AB812C07F, cid=3393, SUCCESS, logIndex=5085, commits[1b229672-9fc1-42d6-9200-214eb0163fc5:c5086, 4cc0758a-96f5-4ab9-816d-81d822da247a:c5084, 8693c47f-40a3-4a1c-b7ba-6ed996b9183c:c5080]
2019-07-08 22:30:06,539 INFO  client.GrpcClientProtocolClient (GrpcClientProtocolClient.java:onNext(255)) - client-7538DDC4E776->1b229672-9fc1-42d6-9200-214eb0163fc5: receive RaftClientReply:client-7538DDC4E776->1b229672-9fc1-42d6-9200-214eb0163fc5@group-440AB812C07F, cid=3394, SUCCESS, logIndex=5086, commits[1b229672-9fc1-42d6-9200-214eb0163fc5:c5086, 4cc0758a-96f5-4ab9-816d-81d822da247a:c5084, 8693c47f-40a3-4a1c-b7ba-6ed996b9183c:c5084]
2019-07-08 22:30:06,548 INFO  client.GrpcClientProtocolClient (GrpcClientProtocolClient.java:onNext(255)) - client-7538DDC4E776->1b229672-9fc1-42d6-9200-214eb0163fc5: receive RaftClientReply:client-7538DDC4E776->1b229672-9fc1-42d6-9200-214eb0163fc5@group-440AB812C07F, cid=3395, SUCCESS, logIndex=5089, commits[1b229672-9fc1-42d6-9200-214eb0163fc5:c5090, 4cc0758a-96f5-4ab9-816d-81d822da247a:c5088, 8693c47f-40a3-4a1c-b7ba-6ed996b9183c:c5086]
2019-07-08 22:30:06,549 INFO  client.GrpcClientProtocolClient (GrpcClientProtocolClient.java:onNext(255)) - client-7538DDC4E776->1b229672-9fc1-42d6-9200-214eb0163fc5: receive RaftClientReply:client-7538DDC4E776->1b229672-9fc1-42d6-9200-214eb0163fc5@group-440AB812C07F, cid=3396, SUCCESS, logIndex=5090, commits[1b229672-9fc1-42d6-9200-214eb0163fc5:c5090, 4cc0758a-96f5-4ab9-816d-81d822da247a:c5088, 8693c47f-40a3-4a1c-b7ba-6ed996b9183c:c5088]
2019-07-08 22:30:06,553 INFO  client.GrpcClientProtocolClient (GrpcClientProtocolClient.java:onNext(255)) - client-7538DDC4E776->1b229672-9fc1-42d6-9200-214eb0163fc5: receive RaftClientReply:client-7538DDC4E776->1b229672-9fc1-42d6-9200-214eb0163fc5@group-440AB812C07F, cid=3397, SUCCESS, logIndex=0, commits[1b229672-9fc1-42d6-9200-214eb0163fc5:c5092, 4cc0758a-96f5-4ab9-816d-81d822da247a:c5090, 8693c47f-40a3-4a1c-b7ba-6ed996b9183c:c5090]
2019-07-08 22:30:06,577 INFO  client.GrpcClientProtocolClient (GrpcClientProtocolClient.java:onNext(255)) - client-7538DDC4E776->1b229672-9fc1-42d6-9200-214eb0163fc5: receive RaftClientReply:client-7538DDC4E776->1b229672-9fc1-42d6-9200-214eb0163fc5@group-440AB812C07F, cid=3398, SUCCESS, logIndex=5093, commits[1b229672-9fc1-42d6-9200-214eb0163fc5:c5095, 4cc0758a-96f5-4ab9-816d-81d822da247a:c5092, 8693c47f-40a3-4a1c-b7ba-6ed996b9183c:c5092]
2019-07-08 22:30:06,578 INFO  client.GrpcClientProtocolClient (GrpcClientProtocolClient.java:onNext(255)) - client-7538DDC4E776->1b229672-9fc1-42d6-9200-214eb0163fc5: receive RaftClientReply:client-7538DDC4E776->1b229672-9fc1-42d6-9200-214eb0163fc5@group-440AB812C07F, cid=3399, SUCCESS, logIndex=5094, commits[1b229672-9fc1-42d6-9200-214eb0163fc5:c5096, 4cc0758a-96f5-4ab9-816d-81d822da247a:c5092, 8693c47f-40a3-4a1c-b7ba-6ed996b9183c:c5092]
2019-07-08 22:30:06,578 INFO  client.GrpcClientProtocolClient (GrpcClientProtocolClient.java:onNext(255)) - client-7538DDC4E776->1b229672-9fc1-42d6-9200-214eb0163fc5: receive RaftClientReply:client-7538DDC4E776->1b229672-9fc1-42d6-9200-214eb0163fc5@group-440AB812C07F, cid=3400, SUCCESS, logIndex=5095, commits[1b229672-9fc1-42d6-9200-214eb0163fc5:c5096, 4cc0758a-96f5-4ab9-816d-81d822da247a:c5092, 8693c47f-40a3-4a1c-b7ba-6ed996b9183c:c5092]
2019-07-08 22:30:06,578 INFO  client.GrpcClientProtocolClient (GrpcClientProtocolClient.java:onNext(255)) - client-7538DDC4E776->1b229672-9fc1-42d6-9200-214eb0163fc5: receive RaftClientReply:client-7538DDC4E776->1b229672-9fc1-42d6-9200-214eb0163fc5@group-440AB812C07F, cid=3401, SUCCESS, logIndex=5096, commits[1b229672-9fc1-42d6-9200-214eb0163fc5:c5096, 4cc0758a-96f5-4ab9-816d-81d822da247a:c5092, 8693c47f-40a3-4a1c-b7ba-6ed996b9183c:c5092]
2019-07-08 22:30:06,592 INFO  client.GrpcClientProtocolClient (GrpcClientProtocolClient.java:onNext(255)) - client-7538DDC4E776->1b229672-9fc1-42d6-9200-214eb0163fc5: receive RaftClientReply:client-7538DDC4E776->1b229672-9fc1-42d6-9200-214eb0163fc5@group-440AB812C07F, cid=3402, SUCCESS, logIndex=0, commits[1b229672-9fc1-42d6-9200-214eb0163fc5:c5100, 4cc0758a-96f5-4ab9-816d-81d822da247a:c5094, 8693c47f-40a3-4a1c-b7ba-6ed996b9183c:c5096]
2019-07-08 22:30:06,612 INFO  client.GrpcClientProtocolClient (GrpcClientProtocolClient.java:onNext(255)) - client-7538DDC4E776->1b229672-9fc1-42d6-9200-214eb0163fc5: receive RaftClientReply:client-7538DDC4E776->1b229672-9fc1-42d6-9200-214eb0163fc5@group-440AB812C07F, cid=3403, SUCCESS, logIndex=5101, commits[1b229672-9fc1-42d6-9200-214eb0163fc5:c5102, 4cc0758a-96f5-4ab9-816d-81d822da247a:c5100, 8693c47f-40a3-4a1c-b7ba-6ed996b9183c:c5100]
2019-07-08 22:30:06,613 INFO  client.GrpcClientProtocolClient (GrpcClientProtocolClient.java:onNext(255)) - client-7538DDC4E776->1b229672-9fc1-42d6-9200-214eb0163fc5: receive RaftClientReply:client-7538DDC4E776->1b229672-9fc1-42d6-9200-214eb0163fc5@group-440AB812C07F, cid=3404, SUCCESS, logIndex=5102, commits[1b229672-9fc1-42d6-9200-214eb0163fc5:c5102, 4cc0758a-96f5-4ab9-816d-81d822da247a:c5100, 8693c47f-40a3-4a1c-b7ba-6ed996b9183c:c5100]
2019-07-08 22:30:06,626 INFO  client.GrpcClientProtocolClient (GrpcClientProtocolClient.java:onNext(255)) - client-7538DDC4E776->1b229672-9fc1-42d6-9200-214eb0163fc5: receive RaftClientReply:client-7538DDC4E776->1b229672-9fc1-42d6-9200-214eb0163fc5@group-440AB812C07F, cid=3405, SUCCESS, logIndex=5105, commits[1b229672-9fc1-42d6-9200-214eb0163fc5:c5106, 4cc0758a-96f5-4ab9-816d-81d822da247a:c5102, 8693c47f-40a3-4a1c-b7ba-6ed996b9183c:c5102]
2019-07-08 22:30:06,626 INFO  client.GrpcClientProtocolClient (GrpcClientProtocolClient.java:onNext(255)) - client-7538DDC4E776->1b229672-9fc1-42d6-9200-214eb0163fc5: receive RaftClientReply:client-7538DDC4E776->1b229672-9fc1-42d6-9200-214eb0163fc5@group-440AB812C07F, cid=3406, SUCCESS, logIndex=5106, commits[1b229672-9fc1-42d6-9200-214eb0163fc5:c5106, 4cc0758a-96f5-4ab9-816d-81d822da247a:c5102, 8693c47f-40a3-4a1c-b7ba-6ed996b9183c:c5102]
2019-07-08 22:30:06,640 INFO  client.GrpcClientProtocolClient (GrpcClientProtocolClient.java:onNext(255)) - client-7538DDC4E776->1b229672-9fc1-42d6-9200-214eb0163fc5: receive RaftClientReply:client-7538DDC4E776->1b229672-9fc1-42d6-9200-214eb0163fc5@group-440AB812C07F, cid=3407, SUCCESS, logIndex=0, commits[1b229672-9fc1-42d6-9200-214eb0163fc5:c5108, 4cc0758a-96f5-4ab9-816d-81d822da247a:c5106, 8693c47f-40a3-4a1c-b7ba-6ed996b9183c:c5106]
2019-07-08 22:30:06,675 INFO  client.GrpcClientProtocolClient (GrpcClientProtocolClient.java:onNext(255)) - client-7538DDC4E776->1b229672-9fc1-42d6-9200-214eb0163fc5: receive RaftClientReply:client-7538DDC4E776->1b229672-9fc1-42d6-9200-214eb0163fc5@group-440AB812C07F, cid=3408, SUCCESS, logIndex=5109, commits[1b229672-9fc1-42d6-9200-214eb0163fc5:c5110, 4cc0758a-96f5-4ab9-816d-81d822da247a:c5108, 8693c47f-40a3-4a1c-b7ba-6ed996b9183c:c5108]
2019-07-08 22:30:06,676 INFO  client.GrpcClientProtocolClient (GrpcClientProtocolClient.java:onNext(255)) - client-7538DDC4E776->1b229672-9fc1-42d6-9200-214eb0163fc5: receive RaftClientReply:client-7538DDC4E776->1b229672-9fc1-42d6-9200-214eb0163fc5@group-440AB812C07F, cid=3409, SUCCESS, logIndex=5110, commits[1b229672-9fc1-42d6-9200-214eb0163fc5:c5110, 4cc0758a-96f5-4ab9-816d-81d822da247a:c5108, 8693c47f-40a3-4a1c-b7ba-6ed996b9183c:c5108]
2019-07-08 22:30:06,685 INFO  client.GrpcClientProtocolClient (GrpcClientProtocolClient.java:onNext(255)) - client-7538DDC4E776->1b229672-9fc1-42d6-9200-214eb0163fc5: receive RaftClientReply:client-7538DDC4E776->1b229672-9fc1-42d6-9200-214eb0163fc5@group-440AB812C07F, cid=3410, SUCCESS, logIndex=5111, commits[1b229672-9fc1-42d6-9200-214eb0163fc5:c5112, 4cc0758a-96f5-4ab9-816d-81d822da247a:c5108, 8693c47f-40a3-4a1c-b7ba-6ed996b9183c:c5108]
2019-07-08 22:30:06,686 INFO  client.GrpcClientProtocolClient (GrpcClientProtocolClient.java:onNext(255)) - client-7538DDC4E776->1b229672-9fc1-42d6-9200-214eb0163fc5: receive RaftClientReply:client-7538DDC4E776->1b229672-9fc1-42d6-9200-214eb0163fc5@group-440AB812C07F, cid=3411, SUCCESS, logIndex=5112, commits[1b229672-9fc1-42d6-9200-214eb0163fc5:c5112, 4cc0758a-96f5-4ab9-816d-81d822da247a:c5108, 8693c47f-40a3-4a1c-b7ba-6ed996b9183c:c5108]
2019-07-08 22:30:06,701 INFO  client.GrpcClientProtocolClient (GrpcClientProtocolClient.java:onNext(255)) - client-7538DDC4E776->1b229672-9fc1-42d6-9200-214eb0163fc5: receive RaftClientReply:client-7538DDC4E776->1b229672-9fc1-42d6-9200-214eb0163fc5@group-440AB812C07F, cid=3412, SUCCESS, logIndex=0, commits[1b229672-9fc1-42d6-9200-214eb0163fc5:c5114, 4cc0758a-96f5-4ab9-816d-81d822da247a:c5112, 8693c47f-40a3-4a1c-b7ba-6ed996b9183c:c5110]
2019-07-08 22:30:06,715 INFO  client.GrpcClientProtocolClient (GrpcClientProtocolClient.java:onNext(255)) - client-7538DDC4E776->1b229672-9fc1-42d6-9200-214eb0163fc5: receive RaftClientReply:client-7538DDC4E776->1b229672-9fc1-42d6-9200-214eb0163fc5@group-440AB812C07F, cid=3413, SUCCESS, logIndex=5116, commits[1b229672-9fc1-42d6-9200-214eb0163fc5:c5117, 4cc0758a-96f5-4ab9-816d-81d822da247a:c5114, 8693c47f-40a3-4a1c-b7ba-6ed996b9183c:c5112]
2019-07-08 22:30:06,715 INFO  client.GrpcClientProtocolClient (GrpcClientProtocolClient.java:onNext(255)) - client-7538DDC4E776->1b229672-9fc1-42d6-9200-214eb0163fc5: receive RaftClientReply:client-7538DDC4E776->1b229672-9fc1-42d6-9200-214eb0163fc5@group-440AB812C07F, cid=3414, SUCCESS, logIndex=5117, commits[1b229672-9fc1-42d6-9200-214eb0163fc5:c5117, 4cc0758a-96f5-4ab9-816d-81d822da247a:c5114, 8693c47f-40a3-4a1c-b7ba-6ed996b9183c:c5112]
2019-07-08 22:30:06,740 INFO  client.GrpcClientProtocolClient (GrpcClientProtocolClient.java:onNext(255)) - client-7538DDC4E776->1b229672-9fc1-42d6-9200-214eb0163fc5: receive RaftClientReply:client-7538DDC4E776->1b229672-9fc1-42d6-9200-214eb0163fc5@group-440AB812C07F, cid=3415, SUCCESS, logIndex=5120, commits[1b229672-9fc1-42d6-9200-214eb0163fc5:c5121, 4cc0758a-96f5-4ab9-816d-81d822da247a:c5117, 8693c47f-40a3-4a1c-b7ba-6ed996b9183c:c5117]
2019-07-08 22:30:06,741 INFO  client.GrpcClientProtocolClient (GrpcClientProtocolClient.java:onNext(255)) - client-7538DDC4E776->1b229672-9fc1-42d6-9200-214eb0163fc5: receive RaftClientReply:client-7538DDC4E776->1b229672-9fc1-42d6-9200-214eb0163fc5@group-440AB812C07F, cid=3416, SUCCESS, logIndex=5121, commits[1b229672-9fc1-42d6-9200-214eb0163fc5:c5121, 4cc0758a-96f5-4ab9-816d-81d822da247a:c5117, 8693c47f-40a3-4a1c-b7ba-6ed996b9183c:c5117]
2019-07-08 22:30:06,754 INFO  client.GrpcClientProtocolClient (GrpcClientProtocolClient.java:onNext(255)) - client-7538DDC4E776->1b229672-9fc1-42d6-9200-214eb0163fc5: receive RaftClientReply:client-7538DDC4E776->1b229672-9fc1-42d6-9200-214eb0163fc5@group-440AB812C07F, cid=3417, SUCCESS, logIndex=0, commits[1b229672-9fc1-42d6-9200-214eb0163fc5:c5122, 4cc0758a-96f5-4ab9-816d-81d822da247a:c5121, 8693c47f-40a3-4a1c-b7ba-6ed996b9183c:c5121]
2019-07-08 22:30:06,783 INFO  client.GrpcClientProtocolClient (GrpcClientProtocolClient.java:onNext(255)) - client-7538DDC4E776->1b229672-9fc1-42d6-9200-214eb0163fc5: receive RaftClientReply:client-7538DDC4E776->1b229672-9fc1-42d6-9200-214eb0163fc5@group-440AB812C07F, cid=3418, SUCCESS, logIndex=5123, commits[1b229672-9fc1-42d6-9200-214eb0163fc5:c5124, 4cc0758a-96f5-4ab9-816d-81d822da247a:c5121, 8693c47f-40a3-4a1c-b7ba-6ed996b9183c:c5122]
2019-07-08 22:30:06,784 INFO  client.GrpcClientProtocolClient (GrpcClientProtocolClient.java:onNext(255)) - client-7538DDC4E776->1b229672-9fc1-42d6-9200-214eb0163fc5: receive RaftClientReply:client-7538DDC4E776->1b229672-9fc1-42d6-9200-214eb0163fc5@group-440AB812C07F, cid=3419, SUCCESS, logIndex=5124, commits[1b229672-9fc1-42d6-9200-214eb0163fc5:c5126, 4cc0758a-96f5-4ab9-816d-81d822da247a:c5121, 8693c47f-40a3-4a1c-b7ba-6ed996b9183c:c5122]
2019-07-08 22:30:06,784 INFO  client.GrpcClientProtocolClient (GrpcClientProtocolClient.java:onNext(255)) - client-7538DDC4E776->1b229672-9fc1-42d6-9200-214eb0163fc5: receive RaftClientReply:client-7538DDC4E776->1b229672-9fc1-42d6-9200-214eb0163fc5@group-440AB812C07F, cid=3420, SUCCESS, logIndex=5125, commits[1b229672-9fc1-42d6-9200-214eb0163fc5:c5126, 4cc0758a-96f5-4ab9-816d-81d822da247a:c5122, 8693c47f-40a3-4a1c-b7ba-6ed996b9183c:c5122]
2019-07-08 22:30:06,785 INFO  client.GrpcClientProtocolClient (GrpcClientProtocolClient.java:onNext(255)) - client-7538DDC4E776->1b229672-9fc1-42d6-9200-214eb0163fc5: receive RaftClientReply:client-7538DDC4E776->1b229672-9fc1-42d6-9200-214eb0163fc5@group-440AB812C07F, cid=3421, SUCCESS, logIndex=5126, commits[1b229672-9fc1-42d6-9200-214eb0163fc5:c5126, 4cc0758a-96f5-4ab9-816d-81d822da247a:c5122, 8693c47f-40a3-4a1c-b7ba-6ed996b9183c:c5122]
2019-07-08 22:30:06,787 INFO  client.GrpcClientProtocolClient (GrpcClientProtocolClient.java:onNext(255)) - client-7538DDC4E776->1b229672-9fc1-42d6-9200-214eb0163fc5: receive RaftClientReply:client-7538DDC4E776->1b229672-9fc1-42d6-9200-214eb0163fc5@group-440AB812C07F, cid=3422, SUCCESS, logIndex=0, commits[1b229672-9fc1-42d6-9200-214eb0163fc5:c5128, 4cc0758a-96f5-4ab9-816d-81d822da247a:c5124, 8693c47f-40a3-4a1c-b7ba-6ed996b9183c:c5124]
2019-07-08 22:30:06,799 INFO  client.GrpcClientProtocolClient (GrpcClientProtocolClient.java:onNext(255)) - client-7538DDC4E776->1b229672-9fc1-42d6-9200-214eb0163fc5: receive RaftClientReply:client-7538DDC4E776->1b229672-9fc1-42d6-9200-214eb0163fc5@group-440AB812C07F, cid=3423, SUCCESS, logIndex=5130, commits[1b229672-9fc1-42d6-9200-214eb0163fc5:c5131, 4cc0758a-96f5-4ab9-816d-81d822da247a:c5129, 8693c47f-40a3-4a1c-b7ba-6ed996b9183c:c5126]
2019-07-08 22:30:06,799 INFO  client.GrpcClientProtocolClient (GrpcClientProtocolClient.java:onNext(255)) - client-7538DDC4E776->1b229672-9fc1-42d6-9200-214eb0163fc5: receive RaftClientReply:client-7538DDC4E776->1b229672-9fc1-42d6-9200-214eb0163fc5@group-440AB812C07F, cid=3424, SUCCESS, logIndex=5131, commits[1b229672-9fc1-42d6-9200-214eb0163fc5:c5131, 4cc0758a-96f5-4ab9-816d-81d822da247a:c5129, 8693c47f-40a3-4a1c-b7ba-6ed996b9183c:c5126]
2019-07-08 22:30:06,821 INFO  client.GrpcClientProtocolClient (GrpcClientProtocolClient.java:onNext(255)) - client-7538DDC4E776->1b229672-9fc1-42d6-9200-214eb0163fc5: receive RaftClientReply:client-7538DDC4E776->1b229672-9fc1-42d6-9200-214eb0163fc5@group-440AB812C07F, cid=3425, SUCCESS, logIndex=5134, commits[1b229672-9fc1-42d6-9200-214eb0163fc5:c5135, 4cc0758a-96f5-4ab9-816d-81d822da247a:c5133, 8693c47f-40a3-4a1c-b7ba-6ed996b9183c:c5133]
2019-07-08 22:30:06,821 INFO  client.GrpcClientProtocolClient (GrpcClientProtocolClient.java:onNext(255)) - client-7538DDC4E776->1b229672-9fc1-42d6-9200-214eb0163fc5: receive RaftClientReply:client-7538DDC4E776->1b229672-9fc1-42d6-9200-214eb0163fc5@group-440AB812C07F, cid=3426, SUCCESS, logIndex=5135, commits[1b229672-9fc1-42d6-9200-214eb0163fc5:c5135, 4cc0758a-96f5-4ab9-816d-81d822da247a:c5133, 8693c47f-40a3-4a1c-b7ba-6ed996b9183c:c5133]
2019-07-08 22:30:06,836 INFO  client.GrpcClientProtocolClient (GrpcClientProtocolClient.java:onNext(255)) - client-7538DDC4E776->1b229672-9fc1-42d6-9200-214eb0163fc5: receive RaftClientReply:client-7538DDC4E776->1b229672-9fc1-42d6-9200-214eb0163fc5@group-440AB812C07F, cid=3427, SUCCESS, logIndex=0, commits[1b229672-9fc1-42d6-9200-214eb0163fc5:c5137, 4cc0758a-96f5-4ab9-816d-81d822da247a:c5135, 8693c47f-40a3-4a1c-b7ba-6ed996b9183c:c5135]
2019-07-08 22:30:06,867 INFO  client.GrpcClientProtocolClient (GrpcClientProtocolClient.java:onNext(255)) - client-7538DDC4E776->1b229672-9fc1-42d6-9200-214eb0163fc5: receive RaftClientReply:client-7538DDC4E776->1b229672-9fc1-42d6-9200-214eb0163fc5@group-440AB812C07F, cid=3428, SUCCESS, logIndex=5138, commits[1b229672-9fc1-42d6-9200-214eb0163fc5:c5140, 4cc0758a-96f5-4ab9-816d-81d822da247a:c5137, 8693c47f-40a3-4a1c-b7ba-6ed996b9183c:c5137]
2019-07-08 22:30:06,868 INFO  client.GrpcClientProtocolClient (GrpcClientProtocolClient.java:onNext(255)) - client-7538DDC4E776->1b229672-9fc1-42d6-9200-214eb0163fc5: receive RaftClientReply:client-7538DDC4E776->1b229672-9fc1-42d6-9200-214eb0163fc5@group-440AB812C07F, cid=3429, SUCCESS, logIndex=5139, commits[1b229672-9fc1-42d6-9200-214eb0163fc5:c5141, 4cc0758a-96f5-4ab9-816d-81d822da247a:c5137, 8693c47f-40a3-4a1c-b7ba-6ed996b9183c:c5137]
2019-07-08 22:30:06,868 INFO  client.GrpcClientProtocolClient (GrpcClientProtocolClient.java:onNext(255)) - client-7538DDC4E776->1b229672-9fc1-42d6-9200-214eb0163fc5: receive RaftClientReply:client-7538DDC4E776->1b229672-9fc1-42d6-9200-214eb0163fc5@group-440AB812C07F, cid=3430, SUCCESS, logIndex=5140, commits[1b229672-9fc1-42d6-9200-214eb0163fc5:c5141, 4cc0758a-96f5-4ab9-816d-81d822da247a:c5137, 8693c47f-40a3-4a1c-b7ba-6ed996b9183c:c5137]
2019-07-08 22:30:06,868 INFO  client.GrpcClientProtocolClient (GrpcClientProtocolClient.java:onNext(255)) - client-7538DDC4E776->1b229672-9fc1-42d6-9200-214eb0163fc5: receive RaftClientReply:client-7538DDC4E776->1b229672-9fc1-42d6-9200-214eb0163fc5@group-440AB812C07F, cid=3431, SUCCESS, logIndex=5141, commits[1b229672-9fc1-42d6-9200-214eb0163fc5:c5141, 4cc0758a-96f5-4ab9-816d-81d822da247a:c5137, 8693c47f-40a3-4a1c-b7ba-6ed996b9183c:c5137]
2019-07-08 22:30:06,898 INFO  client.GrpcClientProtocolClient (GrpcClientProtocolClient.java:onNext(255)) - client-7538DDC4E776->1b229672-9fc1-42d6-9200-214eb0163fc5: receive RaftClientReply:client-7538DDC4E776->1b229672-9fc1-42d6-9200-214eb0163fc5@group-440AB812C07F, cid=3432, SUCCESS, logIndex=0, commits[1b229672-9fc1-42d6-9200-214eb0163fc5:c5145, 4cc0758a-96f5-4ab9-816d-81d822da247a:c5141, 8693c47f-40a3-4a1c-b7ba-6ed996b9183c:c5139]
2019-07-08 22:30:06,923 INFO  client.GrpcClientProtocolClient (GrpcClientProtocolClient.java:onNext(255)) - client-7538DDC4E776->1b229672-9fc1-42d6-9200-214eb0163fc5: receive RaftClientReply:client-7538DDC4E776->1b229672-9fc1-42d6-9200-214eb0163fc5@group-440AB812C07F, cid=3433, SUCCESS, logIndex=5146, commits[1b229672-9fc1-42d6-9200-214eb0163fc5:c5147, 4cc0758a-96f5-4ab9-816d-81d822da247a:c5145, 8693c47f-40a3-4a1c-b7ba-6ed996b9183c:c5145]
2019-07-08 22:30:06,923 INFO  client.GrpcClientProtocolClient (GrpcClientProtocolClient.java:onNext(255)) - client-7538DDC4E776->1b229672-9fc1-42d6-9200-214eb0163fc5: receive RaftClientReply:client-7538DDC4E776->1b229672-9fc1-42d6-9200-214eb0163fc5@group-440AB812C07F, cid=3434, SUCCESS, logIndex=5147, commits[1b229672-9fc1-42d6-9200-214eb0163fc5:c5147, 4cc0758a-96f5-4ab9-816d-81d822da247a:c5145, 8693c47f-40a3-4a1c-b7ba-6ed996b9183c:c5145]
2019-07-08 22:30:06,950 INFO  client.GrpcClientProtocolClient (GrpcClientProtocolClient.java:onNext(255)) - client-7538DDC4E776->1b229672-9fc1-42d6-9200-214eb0163fc5: receive RaftClientReply:client-7538DDC4E776->1b229672-9fc1-42d6-9200-214eb0163fc5@group-440AB812C07F, cid=3435, SUCCESS, logIndex=5150, commits[1b229672-9fc1-42d6-9200-214eb0163fc5:c5151, 4cc0758a-96f5-4ab9-816d-81d822da247a:c5147, 8693c47f-40a3-4a1c-b7ba-6ed996b9183c:c5147]
2019-07-08 22:30:06,950 INFO  client.GrpcClientProtocolClient (GrpcClientProtocolClient.java:onNext(255)) - client-7538DDC4E776->1b229672-9fc1-42d6-9200-214eb0163fc5: receive RaftClientReply:client-7538DDC4E776->1b229672-9fc1-42d6-9200-214eb0163fc5@group-440AB812C07F, cid=3436, SUCCESS, logIndex=5151, commits[1b229672-9fc1-42d6-9200-214eb0163fc5:c5151, 4cc0758a-96f5-4ab9-816d-81d822da247a:c5147, 8693c47f-40a3-4a1c-b7ba-6ed996b9183c:c5147]
2019-07-08 22:30:06,976 INFO  client.GrpcClientProtocolClient (GrpcClientProtocolClient.java:onNext(255)) - client-7538DDC4E776->1b229672-9fc1-42d6-9200-214eb0163fc5: receive RaftClientReply:client-7538DDC4E776->1b229672-9fc1-42d6-9200-214eb0163fc5@group-440AB812C07F, cid=3437, SUCCESS, logIndex=0, commits[1b229672-9fc1-42d6-9200-214eb0163fc5:c5153, 4cc0758a-96f5-4ab9-816d-81d822da247a:c5151, 8693c47f-40a3-4a1c-b7ba-6ed996b9183c:c5151]
2019-07-08 22:30:07,012 INFO  client.GrpcClientProtocolClient (GrpcClientProtocolClient.java:onNext(255)) - client-7538DDC4E776->1b229672-9fc1-42d6-9200-214eb0163fc5: receive RaftClientReply:client-7538DDC4E776->1b229672-9fc1-42d6-9200-214eb0163fc5@group-440AB812C07F, cid=3438, SUCCESS, logIndex=5154, commits[1b229672-9fc1-42d6-9200-214eb0163fc5:c5155, 4cc0758a-96f5-4ab9-816d-81d822da247a:c5153, 8693c47f-40a3-4a1c-b7ba-6ed996b9183c:c5153]
2019-07-08 22:30:07,013 INFO  client.GrpcClientProtocolClient (GrpcClientProtocolClient.java:onNext(255)) - client-7538DDC4E776->1b229672-9fc1-42d6-9200-214eb0163fc5: receive RaftClientReply:client-7538DDC4E776->1b229672-9fc1-42d6-9200-214eb0163fc5@group-440AB812C07F, cid=3439, SUCCESS, logIndex=5155, commits[1b229672-9fc1-42d6-9200-214eb0163fc5:c5155, 4cc0758a-96f5-4ab9-816d-81d822da247a:c5153, 8693c47f-40a3-4a1c-b7ba-6ed996b9183c:c5153]
2019-07-08 22:30:07,013 INFO  client.GrpcClientProtocolClient (GrpcClientProtocolClient.java:onNext(255)) - client-7538DDC4E776->1b229672-9fc1-42d6-9200-214eb0163fc5: receive RaftClientReply:client-7538DDC4E776->1b229672-9fc1-42d6-9200-214eb0163fc5@group-440AB812C07F, cid=3440, SUCCESS, logIndex=5156, commits[1b229672-9fc1-42d6-9200-214eb0163fc5:c5157, 4cc0758a-96f5-4ab9-816d-81d822da247a:c5153, 8693c47f-40a3-4a1c-b7ba-6ed996b9183c:c5153]
2019-07-08 22:30:07,014 INFO  client.GrpcClientProtocolClient (GrpcClientProtocolClient.java:onNext(255)) - client-7538DDC4E776->1b229672-9fc1-42d6-9200-214eb0163fc5: receive RaftClientReply:client-7538DDC4E776->1b229672-9fc1-42d6-9200-214eb0163fc5@group-440AB812C07F, cid=3441, SUCCESS, logIndex=5157, commits[1b229672-9fc1-42d6-9200-214eb0163fc5:c5157, 4cc0758a-96f5-4ab9-816d-81d822da247a:c5153, 8693c47f-40a3-4a1c-b7ba-6ed996b9183c:c5153]
2019-07-08 22:30:07,017 INFO  client.GrpcClientProtocolClient (GrpcClientProtocolClient.java:onNext(255)) - client-7538DDC4E776->1b229672-9fc1-42d6-9200-214eb0163fc5: receive RaftClientReply:client-7538DDC4E776->1b229672-9fc1-42d6-9200-214eb0163fc5@group-440AB812C07F, cid=3442, SUCCESS, logIndex=0, commits[1b229672-9fc1-42d6-9200-214eb0163fc5:c5159, 4cc0758a-96f5-4ab9-816d-81d822da247a:c5155, 8693c47f-40a3-4a1c-b7ba-6ed996b9183c:c5155]
2019-07-08 22:30:07,032 INFO  client.GrpcClientProtocolClient (GrpcClientProtocolClient.java:onNext(255)) - client-7538DDC4E776->1b229672-9fc1-42d6-9200-214eb0163fc5: receive RaftClientReply:client-7538DDC4E776->1b229672-9fc1-42d6-9200-214eb0163fc5@group-440AB812C07F, cid=3443, SUCCESS, logIndex=5162, commits[1b229672-9fc1-42d6-9200-214eb0163fc5:c5163, 4cc0758a-96f5-4ab9-816d-81d822da247a:c5161, 8693c47f-40a3-4a1c-b7ba-6ed996b9183c:c5157]
2019-07-08 22:30:07,033 INFO  client.GrpcClientProtocolClient (GrpcClientProtocolClient.java:onNext(255)) - client-7538DDC4E776->1b229672-9fc1-42d6-9200-214eb0163fc5: receive RaftClientReply:client-7538DDC4E776->1b229672-9fc1-42d6-9200-214eb0163fc5@group-440AB812C07F, cid=3444, SUCCESS, logIndex=5163, commits[1b229672-9fc1-42d6-9200-214eb0163fc5:c5163, 4cc0758a-96f5-4ab9-816d-81d822da247a:c5161, 8693c47f-40a3-4a1c-b7ba-6ed996b9183c:c5161]
2019-07-08 22:30:07,047 INFO  client.GrpcClientProtocolClient (GrpcClientProtocolClient.java:onNext(255)) - client-7538DDC4E776->1b229672-9fc1-42d6-9200-214eb0163fc5: receive RaftClientReply:client-7538DDC4E776->1b229672-9fc1-42d6-9200-214eb0163fc5@group-440AB812C07F, cid=3445, SUCCESS, logIndex=5166, commits[1b229672-9fc1-42d6-9200-214eb0163fc5:c5167, 4cc0758a-96f5-4ab9-816d-81d822da247a:c5165, 8693c47f-40a3-4a1c-b7ba-6ed996b9183c:c5163]
2019-07-08 22:30:07,047 INFO  client.GrpcClientProtocolClient (GrpcClientProtocolClient.java:onNext(255)) - client-7538DDC4E776->1b229672-9fc1-42d6-9200-214eb0163fc5: receive RaftClientReply:client-7538DDC4E776->1b229672-9fc1-42d6-9200-214eb0163fc5@group-440AB812C07F, cid=3446, SUCCESS, logIndex=5167, commits[1b229672-9fc1-42d6-9200-214eb0163fc5:c5167, 4cc0758a-96f5-4ab9-816d-81d822da247a:c5165, 8693c47f-40a3-4a1c-b7ba-6ed996b9183c:c5165]
2019-07-08 22:30:07,049 INFO  client.GrpcClientProtocolClient (GrpcClientProtocolClient.java:onNext(255)) - client-7538DDC4E776->1b229672-9fc1-42d6-9200-214eb0163fc5: receive RaftClientReply:client-7538DDC4E776->1b229672-9fc1-42d6-9200-214eb0163fc5@group-440AB812C07F, cid=3447, SUCCESS, logIndex=0, commits[1b229672-9fc1-42d6-9200-214eb0163fc5:c5168, 4cc0758a-96f5-4ab9-816d-81d822da247a:c5167, 8693c47f-40a3-4a1c-b7ba-6ed996b9183c:c5167]
2019-07-08 22:30:07,081 INFO  client.GrpcClientProtocolClient (GrpcClientProtocolClient.java:onNext(255)) - client-7538DDC4E776->1b229672-9fc1-42d6-9200-214eb0163fc5: receive RaftClientReply:client-7538DDC4E776->1b229672-9fc1-42d6-9200-214eb0163fc5@group-440AB812C07F, cid=3448, SUCCESS, logIndex=5170, commits[1b229672-9fc1-42d6-9200-214eb0163fc5:c5172, 4cc0758a-96f5-4ab9-816d-81d822da247a:c5169, 8693c47f-40a3-4a1c-b7ba-6ed996b9183c:c5169]
2019-07-08 22:30:07,082 INFO  client.GrpcClientProtocolClient (GrpcClientProtocolClient.java:onNext(255)) - client-7538DDC4E776->1b229672-9fc1-42d6-9200-214eb0163fc5: receive RaftClientReply:client-7538DDC4E776->1b229672-9fc1-42d6-9200-214eb0163fc5@group-440AB812C07F, cid=3449, SUCCESS, logIndex=5171, commits[1b229672-9fc1-42d6-9200-214eb0163fc5:c5173, 4cc0758a-96f5-4ab9-816d-81d822da247a:c5169, 8693c47f-40a3-4a1c-b7ba-6ed996b9183c:c5169]
2019-07-08 22:30:07,082 INFO  client.GrpcClientProtocolClient (GrpcClientProtocolClient.java:onNext(255)) - client-7538DDC4E776->1b229672-9fc1-42d6-9200-214eb0163fc5: receive RaftClientReply:client-7538DDC4E776->1b229672-9fc1-42d6-9200-214eb0163fc5@group-440AB812C07F, cid=3450, SUCCESS, logIndex=5172, commits[1b229672-9fc1-42d6-9200-214eb0163fc5:c5173, 4cc0758a-96f5-4ab9-816d-81d822da247a:c5169, 8693c47f-40a3-4a1c-b7ba-6ed996b9183c:c5169]
2019-07-08 22:30:07,082 INFO  client.GrpcClientProtocolClient (GrpcClientProtocolClient.java:onNext(255)) - client-7538DDC4E776->1b229672-9fc1-42d6-9200-214eb0163fc5: receive RaftClientReply:client-7538DDC4E776->1b229672-9fc1-42d6-9200-214eb0163fc5@group-440AB812C07F, cid=3451, SUCCESS, logIndex=5173, commits[1b229672-9fc1-42d6-9200-214eb0163fc5:c5173, 4cc0758a-96f5-4ab9-816d-81d822da247a:c5169, 8693c47f-40a3-4a1c-b7ba-6ed996b9183c:c5169]
2019-07-08 22:30:07,094 INFO  client.GrpcClientProtocolClient (GrpcClientProtocolClient.java:onNext(255)) - client-7538DDC4E776->1b229672-9fc1-42d6-9200-214eb0163fc5: receive RaftClientReply:client-7538DDC4E776->1b229672-9fc1-42d6-9200-214eb0163fc5@group-440AB812C07F, cid=3452, SUCCESS, logIndex=0, commits[1b229672-9fc1-42d6-9200-214eb0163fc5:c5176, 4cc0758a-96f5-4ab9-816d-81d822da247a:c5171, 8693c47f-40a3-4a1c-b7ba-6ed996b9183c:c5172]
2019-07-08 22:30:07,112 INFO  client.GrpcClientProtocolClient (GrpcClientProtocolClient.java:onNext(255)) - client-7538DDC4E776->1b229672-9fc1-42d6-9200-214eb0163fc5: receive RaftClientReply:client-7538DDC4E776->1b229672-9fc1-42d6-9200-214eb0163fc5@group-440AB812C07F, cid=3453, SUCCESS, logIndex=5178, commits[1b229672-9fc1-42d6-9200-214eb0163fc5:c5179, 4cc0758a-96f5-4ab9-816d-81d822da247a:c5177, 8693c47f-40a3-4a1c-b7ba-6ed996b9183c:c5177]
2019-07-08 22:30:07,112 INFO  client.GrpcClientProtocolClient (GrpcClientProtocolClient.java:onNext(255)) - client-7538DDC4E776->1b229672-9fc1-42d6-9200-214eb0163fc5: receive RaftClientReply:client-7538DDC4E776->1b229672-9fc1-42d6-9200-214eb0163fc5@group-440AB812C07F, cid=3454, SUCCESS, logIndex=5179, commits[1b229672-9fc1-42d6-9200-214eb0163fc5:c5179, 4cc0758a-96f5-4ab9-816d-81d822da247a:c5177, 8693c47f-40a3-4a1c-b7ba-6ed996b9183c:c5177]
2019-07-08 22:30:07,234 INFO  client.GrpcClientProtocolClient (GrpcClientProtocolClient.java:onNext(255)) - client-7538DDC4E776->1b229672-9fc1-42d6-9200-214eb0163fc5: receive RaftClientReply:client-7538DDC4E776->1b229672-9fc1-42d6-9200-214eb0163fc5@group-440AB812C07F, cid=3455, SUCCESS, logIndex=5182, commits[1b229672-9fc1-42d6-9200-214eb0163fc5:c5183, 4cc0758a-96f5-4ab9-816d-81d822da247a:c5180, 8693c47f-40a3-4a1c-b7ba-6ed996b9183c:c5179]
2019-07-08 22:30:07,234 INFO  client.GrpcClientProtocolClient (GrpcClientProtocolClient.java:onNext(255)) - client-7538DDC4E776->1b229672-9fc1-42d6-9200-214eb0163fc5: receive RaftClientReply:client-7538DDC4E776->1b229672-9fc1-42d6-9200-214eb0163fc5@group-440AB812C07F, cid=3456, SUCCESS, logIndex=5183, commits[1b229672-9fc1-42d6-9200-214eb0163fc5:c5183, 4cc0758a-96f5-4ab9-816d-81d822da247a:c5180, 8693c47f-40a3-4a1c-b7ba-6ed996b9183c:c5180]
2019-07-08 22:30:07,248 INFO  client.GrpcClientProtocolClient (GrpcClientProtocolClient.java:onNext(255)) - client-7538DDC4E776->1b229672-9fc1-42d6-9200-214eb0163fc5: receive RaftClientReply:client-7538DDC4E776->1b229672-9fc1-42d6-9200-214eb0163fc5@group-440AB812C07F, cid=3457, SUCCESS, logIndex=0, commits[1b229672-9fc1-42d6-9200-214eb0163fc5:c5185, 4cc0758a-96f5-4ab9-816d-81d822da247a:c5183, 8693c47f-40a3-4a1c-b7ba-6ed996b9183c:c5183]
 0.00% |█                                                                                                    |  0/1 Time: 0:00:332019-07-08 22:30:07,283 INFO  client.GrpcClientProtocolClient (GrpcClientProtocolClient.java:onNext(255)) - client-7538DDC4E776->1b229672-9fc1-42d6-9200-214eb0163fc5: receive RaftClientReply:client-7538DDC4E776->1b229672-9fc1-42d6-9200-214eb0163fc5@group-440AB812C07F, cid=3458, SUCCESS, logIndex=5186, commits[1b229672-9fc1-42d6-9200-214eb0163fc5:c5187, 4cc0758a-96f5-4ab9-816d-81d822da247a:c5185, 8693c47f-40a3-4a1c-b7ba-6ed996b9183c:c5185]
2019-07-08 22:30:07,283 INFO  client.GrpcClientProtocolClient (GrpcClientProtocolClient.java:onNext(255)) - client-7538DDC4E776->1b229672-9fc1-42d6-9200-214eb0163fc5: receive RaftClientReply:client-7538DDC4E776->1b229672-9fc1-42d6-9200-214eb0163fc5@group-440AB812C07F, cid=3459, SUCCESS, logIndex=5187, commits[1b229672-9fc1-42d6-9200-214eb0163fc5:c5187, 4cc0758a-96f5-4ab9-816d-81d822da247a:c5185, 8693c47f-40a3-4a1c-b7ba-6ed996b9183c:c5185]
2019-07-08 22:30:07,283 INFO  client.GrpcClientProtocolClient (GrpcClientProtocolClient.java:onNext(255)) - client-7538DDC4E776->1b229672-9fc1-42d6-9200-214eb0163fc5: receive RaftClientReply:client-7538DDC4E776->1b229672-9fc1-42d6-9200-214eb0163fc5@group-440AB812C07F, cid=3460, SUCCESS, logIndex=5188, commits[1b229672-9fc1-42d6-9200-214eb0163fc5:c5189, 4cc0758a-96f5-4ab9-816d-81d822da247a:c5185, 8693c47f-40a3-4a1c-b7ba-6ed996b9183c:c5185]
2019-07-08 22:30:07,284 INFO  client.GrpcClientProtocolClient (GrpcClientProtocolClient.java:onNext(255)) - client-7538DDC4E776->1b229672-9fc1-42d6-9200-214eb0163fc5: receive RaftClientReply:client-7538DDC4E776->1b229672-9fc1-42d6-9200-214eb0163fc5@group-440AB812C07F, cid=3461, SUCCESS, logIndex=5189, commits[1b229672-9fc1-42d6-9200-214eb0163fc5:c5189, 4cc0758a-96f5-4ab9-816d-81d822da247a:c5185, 8693c47f-40a3-4a1c-b7ba-6ed996b9183c:c5185]
2019-07-08 22:30:07,297 INFO  client.GrpcClientProtocolClient (GrpcClientProtocolClient.java:onNext(255)) - client-7538DDC4E776->1b229672-9fc1-42d6-9200-214eb0163fc5: receive RaftClientReply:client-7538DDC4E776->1b229672-9fc1-42d6-9200-214eb0163fc5@group-440AB812C07F, cid=3462, SUCCESS, logIndex=0, commits[1b229672-9fc1-42d6-9200-214eb0163fc5:c5191, 4cc0758a-96f5-4ab9-816d-81d822da247a:c5187, 8693c47f-40a3-4a1c-b7ba-6ed996b9183c:c5187]
2019-07-08 22:30:07,325 INFO  client.GrpcClientProtocolClient (GrpcClientProtocolClient.java:onNext(255)) - client-7538DDC4E776->1b229672-9fc1-42d6-9200-214eb0163fc5: receive RaftClientReply:client-7538DDC4E776->1b229672-9fc1-42d6-9200-214eb0163fc5@group-440AB812C07F, cid=3463, SUCCESS, logIndex=5194, commits[1b229672-9fc1-42d6-9200-214eb0163fc5:c5195, 4cc0758a-96f5-4ab9-816d-81d822da247a:c5193, 8693c47f-40a3-4a1c-b7ba-6ed996b9183c:c5193]
2019-07-08 22:30:07,325 INFO  client.GrpcClientProtocolClient (GrpcClientProtocolClient.java:onNext(255)) - client-7538DDC4E776->1b229672-9fc1-42d6-9200-214eb0163fc5: receive RaftClientReply:client-7538DDC4E776->1b229672-9fc1-42d6-9200-214eb0163fc5@group-440AB812C07F, cid=3464, SUCCESS, logIndex=5195, commits[1b229672-9fc1-42d6-9200-214eb0163fc5:c5195, 4cc0758a-96f5-4ab9-816d-81d822da247a:c5193, 8693c47f-40a3-4a1c-b7ba-6ed996b9183c:c5193]
2019-07-08 22:30:07,342 INFO  client.GrpcClientProtocolClient (GrpcClientProtocolClient.java:onNext(255)) - client-7538DDC4E776->1b229672-9fc1-42d6-9200-214eb0163fc5: receive RaftClientReply:client-7538DDC4E776->1b229672-9fc1-42d6-9200-214eb0163fc5@group-440AB812C07F, cid=3465, SUCCESS, logIndex=5198, commits[1b229672-9fc1-42d6-9200-214eb0163fc5:c5199, 4cc0758a-96f5-4ab9-816d-81d822da247a:c5196, 8693c47f-40a3-4a1c-b7ba-6ed996b9183c:c5195]
2019-07-08 22:30:07,342 INFO  client.GrpcClientProtocolClient (GrpcClientProtocolClient.java:onNext(255)) - client-7538DDC4E776->1b229672-9fc1-42d6-9200-214eb0163fc5: receive RaftClientReply:client-7538DDC4E776->1b229672-9fc1-42d6-9200-214eb0163fc5@group-440AB812C07F, cid=3466, SUCCESS, logIndex=5199, commits[1b229672-9fc1-42d6-9200-214eb0163fc5:c5199, 4cc0758a-96f5-4ab9-816d-81d822da247a:c5196, 8693c47f-40a3-4a1c-b7ba-6ed996b9183c:c5196]
2019-07-08 22:30:07,346 INFO  client.GrpcClientProtocolClient (GrpcClientProtocolClient.java:onNext(255)) - client-7538DDC4E776->1b229672-9fc1-42d6-9200-214eb0163fc5: receive RaftClientReply:client-7538DDC4E776->1b229672-9fc1-42d6-9200-214eb0163fc5@group-440AB812C07F, cid=3467, SUCCESS, logIndex=0, commits[1b229672-9fc1-42d6-9200-214eb0163fc5:c5201, 4cc0758a-96f5-4ab9-816d-81d822da247a:c5199, 8693c47f-40a3-4a1c-b7ba-6ed996b9183c:c5199]
2019-07-08 22:30:07,382 INFO  client.GrpcClientProtocolClient (GrpcClientProtocolClient.java:onNext(255)) - client-7538DDC4E776->1b229672-9fc1-42d6-9200-214eb0163fc5: receive RaftClientReply:client-7538DDC4E776->1b229672-9fc1-42d6-9200-214eb0163fc5@group-440AB812C07F, cid=3468, SUCCESS, logIndex=5202, commits[1b229672-9fc1-42d6-9200-214eb0163fc5:c5203, 4cc0758a-96f5-4ab9-816d-81d822da247a:c5201, 8693c47f-40a3-4a1c-b7ba-6ed996b9183c:c5201]
2019-07-08 22:30:07,383 INFO  client.GrpcClientProtocolClient (GrpcClientProtocolClient.java:onNext(255)) - client-7538DDC4E776->1b229672-9fc1-42d6-9200-214eb0163fc5: receive RaftClientReply:client-7538DDC4E776->1b229672-9fc1-42d6-9200-214eb0163fc5@group-440AB812C07F, cid=3469, SUCCESS, logIndex=5203, commits[1b229672-9fc1-42d6-9200-214eb0163fc5:c5205, 4cc0758a-96f5-4ab9-816d-81d822da247a:c5201, 8693c47f-40a3-4a1c-b7ba-6ed996b9183c:c5201]
2019-07-08 22:30:07,383 INFO  client.GrpcClientProtocolClient (GrpcClientProtocolClient.java:onNext(255)) - client-7538DDC4E776->1b229672-9fc1-42d6-9200-214eb0163fc5: receive RaftClientReply:client-7538DDC4E776->1b229672-9fc1-42d6-9200-214eb0163fc5@group-440AB812C07F, cid=3470, SUCCESS, logIndex=5204, commits[1b229672-9fc1-42d6-9200-214eb0163fc5:c5205, 4cc0758a-96f5-4ab9-816d-81d822da247a:c5201, 8693c47f-40a3-4a1c-b7ba-6ed996b9183c:c5201]
2019-07-08 22:30:07,383 INFO  client.GrpcClientProtocolClient (GrpcClientProtocolClient.java:onNext(255)) - client-7538DDC4E776->1b229672-9fc1-42d6-9200-214eb0163fc5: receive RaftClientReply:client-7538DDC4E776->1b229672-9fc1-42d6-9200-214eb0163fc5@group-440AB812C07F, cid=3471, SUCCESS, logIndex=5205, commits[1b229672-9fc1-42d6-9200-214eb0163fc5:c5205, 4cc0758a-96f5-4ab9-816d-81d822da247a:c5201, 8693c47f-40a3-4a1c-b7ba-6ed996b9183c:c5201]
2019-07-08 22:30:07,395 INFO  client.GrpcClientProtocolClient (GrpcClientProtocolClient.java:onNext(255)) - client-7538DDC4E776->1b229672-9fc1-42d6-9200-214eb0163fc5: receive RaftClientReply:client-7538DDC4E776->1b229672-9fc1-42d6-9200-214eb0163fc5@group-440AB812C07F, cid=3472, SUCCESS, logIndex=0, commits[1b229672-9fc1-42d6-9200-214eb0163fc5:c5208, 4cc0758a-96f5-4ab9-816d-81d822da247a:c5204, 8693c47f-40a3-4a1c-b7ba-6ed996b9183c:c5203]
2019-07-08 22:30:07,415 INFO  client.GrpcClientProtocolClient (GrpcClientProtocolClient.java:onNext(255)) - client-7538DDC4E776->1b229672-9fc1-42d6-9200-214eb0163fc5: receive RaftClientReply:client-7538DDC4E776->1b229672-9fc1-42d6-9200-214eb0163fc5@group-440AB812C07F, cid=3473, SUCCESS, logIndex=5210, commits[1b229672-9fc1-42d6-9200-214eb0163fc5:c5211, 4cc0758a-96f5-4ab9-816d-81d822da247a:c5209, 8693c47f-40a3-4a1c-b7ba-6ed996b9183c:c5209]
2019-07-08 22:30:07,415 INFO  client.GrpcClientProtocolClient (GrpcClientProtocolClient.java:onNext(255)) - client-7538DDC4E776->1b229672-9fc1-42d6-9200-214eb0163fc5: receive RaftClientReply:client-7538DDC4E776->1b229672-9fc1-42d6-9200-214eb0163fc5@group-440AB812C07F, cid=3474, SUCCESS, logIndex=5211, commits[1b229672-9fc1-42d6-9200-214eb0163fc5:c5211, 4cc0758a-96f5-4ab9-816d-81d822da247a:c5209, 8693c47f-40a3-4a1c-b7ba-6ed996b9183c:c5209]
2019-07-08 22:30:07,429 INFO  client.GrpcClientProtocolClient (GrpcClientProtocolClient.java:onNext(255)) - client-7538DDC4E776->1b229672-9fc1-42d6-9200-214eb0163fc5: receive RaftClientReply:client-7538DDC4E776->1b229672-9fc1-42d6-9200-214eb0163fc5@group-440AB812C07F, cid=3475, SUCCESS, logIndex=5214, commits[1b229672-9fc1-42d6-9200-214eb0163fc5:c5215, 4cc0758a-96f5-4ab9-816d-81d822da247a:c5211, 8693c47f-40a3-4a1c-b7ba-6ed996b9183c:c5211]
2019-07-08 22:30:07,430 INFO  client.GrpcClientProtocolClient (GrpcClientProtocolClient.java:onNext(255)) - client-7538DDC4E776->1b229672-9fc1-42d6-9200-214eb0163fc5: receive RaftClientReply:client-7538DDC4E776->1b229672-9fc1-42d6-9200-214eb0163fc5@group-440AB812C07F, cid=3476, SUCCESS, logIndex=5215, commits[1b229672-9fc1-42d6-9200-214eb0163fc5:c5215, 4cc0758a-96f5-4ab9-816d-81d822da247a:c5211, 8693c47f-40a3-4a1c-b7ba-6ed996b9183c:c5211]
2019-07-08 22:30:07,444 INFO  client.GrpcClientProtocolClient (GrpcClientProtocolClient.java:onNext(255)) - client-7538DDC4E776->1b229672-9fc1-42d6-9200-214eb0163fc5: receive RaftClientReply:client-7538DDC4E776->1b229672-9fc1-42d6-9200-214eb0163fc5@group-440AB812C07F, cid=3477, SUCCESS, logIndex=0, commits[1b229672-9fc1-42d6-9200-214eb0163fc5:c5217, 4cc0758a-96f5-4ab9-816d-81d822da247a:c5215, 8693c47f-40a3-4a1c-b7ba-6ed996b9183c:c5215]
2019-07-08 22:30:07,477 INFO  client.GrpcClientProtocolClient (GrpcClientProtocolClient.java:onNext(255)) - client-7538DDC4E776->1b229672-9fc1-42d6-9200-214eb0163fc5: receive RaftClientReply:client-7538DDC4E776->1b229672-9fc1-42d6-9200-214eb0163fc5@group-440AB812C07F, cid=3478, SUCCESS, logIndex=5218, commits[1b229672-9fc1-42d6-9200-214eb0163fc5:c5219, 4cc0758a-96f5-4ab9-816d-81d822da247a:c5217, 8693c47f-40a3-4a1c-b7ba-6ed996b9183c:c5217]
2019-07-08 22:30:07,478 INFO  client.GrpcClientProtocolClient (GrpcClientProtocolClient.java:onNext(255)) - client-7538DDC4E776->1b229672-9fc1-42d6-9200-214eb0163fc5: receive RaftClientReply:client-7538DDC4E776->1b229672-9fc1-42d6-9200-214eb0163fc5@group-440AB812C07F, cid=3479, SUCCESS, logIndex=5219, commits[1b229672-9fc1-42d6-9200-214eb0163fc5:c5220, 4cc0758a-96f5-4ab9-816d-81d822da247a:c5217, 8693c47f-40a3-4a1c-b7ba-6ed996b9183c:c5217]
2019-07-08 22:30:07,479 INFO  client.GrpcClientProtocolClient (GrpcClientProtocolClient.java:onNext(255)) - client-7538DDC4E776->1b229672-9fc1-42d6-9200-214eb0163fc5: receive RaftClientReply:client-7538DDC4E776->1b229672-9fc1-42d6-9200-214eb0163fc5@group-440AB812C07F, cid=3480, SUCCESS, logIndex=5220, commits[1b229672-9fc1-42d6-9200-214eb0163fc5:c5221, 4cc0758a-96f5-4ab9-816d-81d822da247a:c5217, 8693c47f-40a3-4a1c-b7ba-6ed996b9183c:c5217]
2019-07-08 22:30:07,479 INFO  client.GrpcClientProtocolClient (GrpcClientProtocolClient.java:onNext(255)) - client-7538DDC4E776->1b229672-9fc1-42d6-9200-214eb0163fc5: receive RaftClientReply:client-7538DDC4E776->1b229672-9fc1-42d6-9200-214eb0163fc5@group-440AB812C07F, cid=3481, SUCCESS, logIndex=5221, commits[1b229672-9fc1-42d6-9200-214eb0163fc5:c5223, 4cc0758a-96f5-4ab9-816d-81d822da247a:c5217, 8693c47f-40a3-4a1c-b7ba-6ed996b9183c:c5219]
2019-07-08 22:30:07,480 INFO  client.GrpcClientProtocolClient (GrpcClientProtocolClient.java:onNext(255)) - client-7538DDC4E776->1b229672-9fc1-42d6-9200-214eb0163fc5: receive RaftClientReply:client-7538DDC4E776->1b229672-9fc1-42d6-9200-214eb0163fc5@group-440AB812C07F, cid=3482, SUCCESS, logIndex=0, commits[1b229672-9fc1-42d6-9200-214eb0163fc5:c5223, 4cc0758a-96f5-4ab9-816d-81d822da247a:c5219, 8693c47f-40a3-4a1c-b7ba-6ed996b9183c:c5219]
2019-07-08 22:30:07,497 INFO  client.GrpcClientProtocolClient (GrpcClientProtocolClient.java:onNext(255)) - client-7538DDC4E776->1b229672-9fc1-42d6-9200-214eb0163fc5: receive RaftClientReply:client-7538DDC4E776->1b229672-9fc1-42d6-9200-214eb0163fc5@group-440AB812C07F, cid=3483, SUCCESS, logIndex=5226, commits[1b229672-9fc1-42d6-9200-214eb0163fc5:c5227, 4cc0758a-96f5-4ab9-816d-81d822da247a:c5225, 8693c47f-40a3-4a1c-b7ba-6ed996b9183c:c5225]
2019-07-08 22:30:07,497 INFO  client.GrpcClientProtocolClient (GrpcClientProtocolClient.java:onNext(255)) - client-7538DDC4E776->1b229672-9fc1-42d6-9200-214eb0163fc5: receive RaftClientReply:client-7538DDC4E776->1b229672-9fc1-42d6-9200-214eb0163fc5@group-440AB812C07F, cid=3484, SUCCESS, logIndex=5227, commits[1b229672-9fc1-42d6-9200-214eb0163fc5:c5227, 4cc0758a-96f5-4ab9-816d-81d822da247a:c5225, 8693c47f-40a3-4a1c-b7ba-6ed996b9183c:c5225]
2019-07-08 22:30:07,520 INFO  client.GrpcClientProtocolClient (GrpcClientProtocolClient.java:onNext(255)) - client-7538DDC4E776->1b229672-9fc1-42d6-9200-214eb0163fc5: receive RaftClientReply:client-7538DDC4E776->1b229672-9fc1-42d6-9200-214eb0163fc5@group-440AB812C07F, cid=3485, SUCCESS, logIndex=5230, commits[1b229672-9fc1-42d6-9200-214eb0163fc5:c5231, 4cc0758a-96f5-4ab9-816d-81d822da247a:c5227, 8693c47f-40a3-4a1c-b7ba-6ed996b9183c:c5227]
2019-07-08 22:30:07,521 INFO  client.GrpcClientProtocolClient (GrpcClientProtocolClient.java:onNext(255)) - client-7538DDC4E776->1b229672-9fc1-42d6-9200-214eb0163fc5: receive RaftClientReply:client-7538DDC4E776->1b229672-9fc1-42d6-9200-214eb0163fc5@group-440AB812C07F, cid=3486, SUCCESS, logIndex=5231, commits[1b229672-9fc1-42d6-9200-214eb0163fc5:c5231, 4cc0758a-96f5-4ab9-816d-81d822da247a:c5227, 8693c47f-40a3-4a1c-b7ba-6ed996b9183c:c5227]
2019-07-08 22:30:07,525 INFO  client.GrpcClientProtocolClient (GrpcClientProtocolClient.java:onNext(255)) - client-7538DDC4E776->1b229672-9fc1-42d6-9200-214eb0163fc5: receive RaftClientReply:client-7538DDC4E776->1b229672-9fc1-42d6-9200-214eb0163fc5@group-440AB812C07F, cid=3487, SUCCESS, logIndex=0, commits[1b229672-9fc1-42d6-9200-214eb0163fc5:c5233, 4cc0758a-96f5-4ab9-816d-81d822da247a:c5231, 8693c47f-40a3-4a1c-b7ba-6ed996b9183c:c5231]
2019-07-08 22:30:07,552 INFO  client.GrpcClientProtocolClient (GrpcClientProtocolClient.java:onNext(255)) - client-7538DDC4E776->1b229672-9fc1-42d6-9200-214eb0163fc5: receive RaftClientReply:client-7538DDC4E776->1b229672-9fc1-42d6-9200-214eb0163fc5@group-440AB812C07F, cid=3488, SUCCESS, logIndex=5234, commits[1b229672-9fc1-42d6-9200-214eb0163fc5:c5235, 4cc0758a-96f5-4ab9-816d-81d822da247a:c5231, 8693c47f-40a3-4a1c-b7ba-6ed996b9183c:c5233]
2019-07-08 22:30:07,552 INFO  client.GrpcClientProtocolClient (GrpcClientProtocolClient.java:onNext(255)) - client-7538DDC4E776->1b229672-9fc1-42d6-9200-214eb0163fc5: receive RaftClientReply:client-7538DDC4E776->1b229672-9fc1-42d6-9200-214eb0163fc5@group-440AB812C07F, cid=3489, SUCCESS, logIndex=5235, commits[1b229672-9fc1-42d6-9200-214eb0163fc5:c5235, 4cc0758a-96f5-4ab9-816d-81d822da247a:c5233, 8693c47f-40a3-4a1c-b7ba-6ed996b9183c:c5233]
2019-07-08 22:30:07,553 INFO  client.GrpcClientProtocolClient (GrpcClientProtocolClient.java:onNext(255)) - client-7538DDC4E776->1b229672-9fc1-42d6-9200-214eb0163fc5: receive RaftClientReply:client-7538DDC4E776->1b229672-9fc1-42d6-9200-214eb0163fc5@group-440AB812C07F, cid=3490, SUCCESS, logIndex=5236, commits[1b229672-9fc1-42d6-9200-214eb0163fc5:c5237, 4cc0758a-96f5-4ab9-816d-81d822da247a:c5233, 8693c47f-40a3-4a1c-b7ba-6ed996b9183c:c5233]
2019-07-08 22:30:07,553 INFO  client.GrpcClientProtocolClient (GrpcClientProtocolClient.java:onNext(255)) - client-7538DDC4E776->1b229672-9fc1-42d6-9200-214eb0163fc5: receive RaftClientReply:client-7538DDC4E776->1b229672-9fc1-42d6-9200-214eb0163fc5@group-440AB812C07F, cid=3491, SUCCESS, logIndex=5237, commits[1b229672-9fc1-42d6-9200-214eb0163fc5:c5237, 4cc0758a-96f5-4ab9-816d-81d822da247a:c5233, 8693c47f-40a3-4a1c-b7ba-6ed996b9183c:c5233]
2019-07-08 22:30:07,555 INFO  client.GrpcClientProtocolClient (GrpcClientProtocolClient.java:onNext(255)) - client-7538DDC4E776->1b229672-9fc1-42d6-9200-214eb0163fc5: receive RaftClientReply:client-7538DDC4E776->1b229672-9fc1-42d6-9200-214eb0163fc5@group-440AB812C07F, cid=3492, SUCCESS, logIndex=0, commits[1b229672-9fc1-42d6-9200-214eb0163fc5:c5239, 4cc0758a-96f5-4ab9-816d-81d822da247a:c5235, 8693c47f-40a3-4a1c-b7ba-6ed996b9183c:c5235]
2019-07-08 22:30:07,584 INFO  client.GrpcClientProtocolClient (GrpcClientProtocolClient.java:onNext(255)) - client-7538DDC4E776->1b229672-9fc1-42d6-9200-214eb0163fc5: receive RaftClientReply:client-7538DDC4E776->1b229672-9fc1-42d6-9200-214eb0163fc5@group-440AB812C07F, cid=3493, SUCCESS, logIndex=5242, commits[1b229672-9fc1-42d6-9200-214eb0163fc5:c5243, 4cc0758a-96f5-4ab9-816d-81d822da247a:c5241, 8693c47f-40a3-4a1c-b7ba-6ed996b9183c:c5241]
2019-07-08 22:30:07,585 INFO  client.GrpcClientProtocolClient (GrpcClientProtocolClient.java:onNext(255)) - client-7538DDC4E776->1b229672-9fc1-42d6-9200-214eb0163fc5: receive RaftClientReply:client-7538DDC4E776->1b229672-9fc1-42d6-9200-214eb0163fc5@group-440AB812C07F, cid=3494, SUCCESS, logIndex=5243, commits[1b229672-9fc1-42d6-9200-214eb0163fc5:c5243, 4cc0758a-96f5-4ab9-816d-81d822da247a:c5241, 8693c47f-40a3-4a1c-b7ba-6ed996b9183c:c5241]
2019-07-08 22:30:07,608 INFO  client.GrpcClientProtocolClient (GrpcClientProtocolClient.java:onNext(255)) - client-7538DDC4E776->1b229672-9fc1-42d6-9200-214eb0163fc5: receive RaftClientReply:client-7538DDC4E776->1b229672-9fc1-42d6-9200-214eb0163fc5@group-440AB812C07F, cid=3495, SUCCESS, logIndex=5246, commits[1b229672-9fc1-42d6-9200-214eb0163fc5:c5247, 4cc0758a-96f5-4ab9-816d-81d822da247a:c5243, 8693c47f-40a3-4a1c-b7ba-6ed996b9183c:c5243]
2019-07-08 22:30:07,608 INFO  client.GrpcClientProtocolClient (GrpcClientProtocolClient.java:onNext(255)) - client-7538DDC4E776->1b229672-9fc1-42d6-9200-214eb0163fc5: receive RaftClientReply:client-7538DDC4E776->1b229672-9fc1-42d6-9200-214eb0163fc5@group-440AB812C07F, cid=3496, SUCCESS, logIndex=5247, commits[1b229672-9fc1-42d6-9200-214eb0163fc5:c5247, 4cc0758a-96f5-4ab9-816d-81d822da247a:c5243, 8693c47f-40a3-4a1c-b7ba-6ed996b9183c:c5243]
2019-07-08 22:30:07,612 INFO  client.GrpcClientProtocolClient (GrpcClientProtocolClient.java:onNext(255)) - client-7538DDC4E776->1b229672-9fc1-42d6-9200-214eb0163fc5: receive RaftClientReply:client-7538DDC4E776->1b229672-9fc1-42d6-9200-214eb0163fc5@group-440AB812C07F, cid=3497, SUCCESS, logIndex=0, commits[1b229672-9fc1-42d6-9200-214eb0163fc5:c5248, 4cc0758a-96f5-4ab9-816d-81d822da247a:c5247, 8693c47f-40a3-4a1c-b7ba-6ed996b9183c:c5247]
2019-07-08 22:30:07,642 INFO  client.GrpcClientProtocolClient (GrpcClientProtocolClient.java:onNext(255)) - client-7538DDC4E776->1b229672-9fc1-42d6-9200-214eb0163fc5: receive RaftClientReply:client-7538DDC4E776->1b229672-9fc1-42d6-9200-214eb0163fc5@group-440AB812C07F, cid=3498, SUCCESS, logIndex=5250, commits[1b229672-9fc1-42d6-9200-214eb0163fc5:c5251, 4cc0758a-96f5-4ab9-816d-81d822da247a:c5249, 8693c47f-40a3-4a1c-b7ba-6ed996b9183c:c5249]
2019-07-08 22:30:07,643 INFO  client.GrpcClientProtocolClient (GrpcClientProtocolClient.java:onNext(255)) - client-7538DDC4E776->1b229672-9fc1-42d6-9200-214eb0163fc5: receive RaftClientReply:client-7538DDC4E776->1b229672-9fc1-42d6-9200-214eb0163fc5@group-440AB812C07F, cid=3499, SUCCESS, logIndex=5251, commits[1b229672-9fc1-42d6-9200-214eb0163fc5:c5251, 4cc0758a-96f5-4ab9-816d-81d822da247a:c5249, 8693c47f-40a3-4a1c-b7ba-6ed996b9183c:c5249]
2019-07-08 22:30:07,654 INFO  client.GrpcClientProtocolClient (GrpcClientProtocolClient.java:onNext(255)) - client-7538DDC4E776->1b229672-9fc1-42d6-9200-214eb0163fc5: receive RaftClientReply:client-7538DDC4E776->1b229672-9fc1-42d6-9200-214eb0163fc5@group-440AB812C07F, cid=3500, SUCCESS, logIndex=5252, commits[1b229672-9fc1-42d6-9200-214eb0163fc5:c5254, 4cc0758a-96f5-4ab9-816d-81d822da247a:c5251, 8693c47f-40a3-4a1c-b7ba-6ed996b9183c:c5249]
2019-07-08 22:30:07,655 INFO  client.GrpcClientProtocolClient (GrpcClientProtocolClient.java:onNext(255)) - client-7538DDC4E776->1b229672-9fc1-42d6-9200-214eb0163fc5: receive RaftClientReply:client-7538DDC4E776->1b229672-9fc1-42d6-9200-214eb0163fc5@group-440AB812C07F, cid=3501, SUCCESS, logIndex=5253, commits[1b229672-9fc1-42d6-9200-214eb0163fc5:c5254, 4cc0758a-96f5-4ab9-816d-81d822da247a:c5251, 8693c47f-40a3-4a1c-b7ba-6ed996b9183c:c5249]
2019-07-08 22:30:07,656 INFO  client.GrpcClientProtocolClient (GrpcClientProtocolClient.java:onNext(255)) - client-7538DDC4E776->1b229672-9fc1-42d6-9200-214eb0163fc5: receive RaftClientReply:client-7538DDC4E776->1b229672-9fc1-42d6-9200-214eb0163fc5@group-440AB812C07F, cid=3502, SUCCESS, logIndex=0, commits[1b229672-9fc1-42d6-9200-214eb0163fc5:c5256, 4cc0758a-96f5-4ab9-816d-81d822da247a:c5252, 8693c47f-40a3-4a1c-b7ba-6ed996b9183c:c5251]
2019-07-08 22:30:07,677 INFO  client.GrpcClientProtocolClient (GrpcClientProtocolClient.java:onNext(255)) - client-7538DDC4E776->1b229672-9fc1-42d6-9200-214eb0163fc5: receive RaftClientReply:client-7538DDC4E776->1b229672-9fc1-42d6-9200-214eb0163fc5@group-440AB812C07F, cid=3503, SUCCESS, logIndex=5258, commits[1b229672-9fc1-42d6-9200-214eb0163fc5:c5259, 4cc0758a-96f5-4ab9-816d-81d822da247a:c5257, 8693c47f-40a3-4a1c-b7ba-6ed996b9183c:c5257]
2019-07-08 22:30:07,678 INFO  client.GrpcClientProtocolClient (GrpcClientProtocolClient.java:onNext(255)) - client-7538DDC4E776->1b229672-9fc1-42d6-9200-214eb0163fc5: receive RaftClientReply:client-7538DDC4E776->1b229672-9fc1-42d6-9200-214eb0163fc5@group-440AB812C07F, cid=3504, SUCCESS, logIndex=5259, commits[1b229672-9fc1-42d6-9200-214eb0163fc5:c5259, 4cc0758a-96f5-4ab9-816d-81d822da247a:c5257, 8693c47f-40a3-4a1c-b7ba-6ed996b9183c:c5257]
2019-07-08 22:30:07,704 INFO  client.GrpcClientProtocolClient (GrpcClientProtocolClient.java:onNext(255)) - client-7538DDC4E776->1b229672-9fc1-42d6-9200-214eb0163fc5: receive RaftClientReply:client-7538DDC4E776->1b229672-9fc1-42d6-9200-214eb0163fc5@group-440AB812C07F, cid=3505, SUCCESS, logIndex=5262, commits[1b229672-9fc1-42d6-9200-214eb0163fc5:c5263, 4cc0758a-96f5-4ab9-816d-81d822da247a:c5259, 8693c47f-40a3-4a1c-b7ba-6ed996b9183c:c5259]
2019-07-08 22:30:07,705 INFO  client.GrpcClientProtocolClient (GrpcClientProtocolClient.java:onNext(255)) - client-7538DDC4E776->1b229672-9fc1-42d6-9200-214eb0163fc5: receive RaftClientReply:client-7538DDC4E776->1b229672-9fc1-42d6-9200-214eb0163fc5@group-440AB812C07F, cid=3506, SUCCESS, logIndex=5263, commits[1b229672-9fc1-42d6-9200-214eb0163fc5:c5263, 4cc0758a-96f5-4ab9-816d-81d822da247a:c5259, 8693c47f-40a3-4a1c-b7ba-6ed996b9183c:c5259]
2019-07-08 22:30:07,719 INFO  client.GrpcClientProtocolClient (GrpcClientProtocolClient.java:onNext(255)) - client-7538DDC4E776->1b229672-9fc1-42d6-9200-214eb0163fc5: receive RaftClientReply:client-7538DDC4E776->1b229672-9fc1-42d6-9200-214eb0163fc5@group-440AB812C07F, cid=3507, SUCCESS, logIndex=0, commits[1b229672-9fc1-42d6-9200-214eb0163fc5:c5265, 4cc0758a-96f5-4ab9-816d-81d822da247a:c5263, 8693c47f-40a3-4a1c-b7ba-6ed996b9183c:c5263]
2019-07-08 22:30:07,753 INFO  client.GrpcClientProtocolClient (GrpcClientProtocolClient.java:onNext(255)) - client-7538DDC4E776->1b229672-9fc1-42d6-9200-214eb0163fc5: receive RaftClientReply:client-7538DDC4E776->1b229672-9fc1-42d6-9200-214eb0163fc5@group-440AB812C07F, cid=3508, SUCCESS, logIndex=5266, commits[1b229672-9fc1-42d6-9200-214eb0163fc5:c5267, 4cc0758a-96f5-4ab9-816d-81d822da247a:c5265, 8693c47f-40a3-4a1c-b7ba-6ed996b9183c:c5265]
2019-07-08 22:30:07,754 INFO  client.GrpcClientProtocolClient (GrpcClientProtocolClient.java:onNext(255)) - client-7538DDC4E776->1b229672-9fc1-42d6-9200-214eb0163fc5: receive RaftClientReply:client-7538DDC4E776->1b229672-9fc1-42d6-9200-214eb0163fc5@group-440AB812C07F, cid=3509, SUCCESS, logIndex=5267, commits[1b229672-9fc1-42d6-9200-214eb0163fc5:c5268, 4cc0758a-96f5-4ab9-816d-81d822da247a:c5265, 8693c47f-40a3-4a1c-b7ba-6ed996b9183c:c5265]
2019-07-08 22:30:07,754 INFO  client.GrpcClientProtocolClient (GrpcClientProtocolClient.java:onNext(255)) - client-7538DDC4E776->1b229672-9fc1-42d6-9200-214eb0163fc5: receive RaftClientReply:client-7538DDC4E776->1b229672-9fc1-42d6-9200-214eb0163fc5@group-440AB812C07F, cid=3510, SUCCESS, logIndex=5268, commits[1b229672-9fc1-42d6-9200-214eb0163fc5:c5269, 4cc0758a-96f5-4ab9-816d-81d822da247a:c5265, 8693c47f-40a3-4a1c-b7ba-6ed996b9183c:c5265]
2019-07-08 22:30:07,754 INFO  client.GrpcClientProtocolClient (GrpcClientProtocolClient.java:onNext(255)) - client-7538DDC4E776->1b229672-9fc1-42d6-9200-214eb0163fc5: receive RaftClientReply:client-7538DDC4E776->1b229672-9fc1-42d6-9200-214eb0163fc5@group-440AB812C07F, cid=3511, SUCCESS, logIndex=5269, commits[1b229672-9fc1-42d6-9200-214eb0163fc5:c5269, 4cc0758a-96f5-4ab9-816d-81d822da247a:c5265, 8693c47f-40a3-4a1c-b7ba-6ed996b9183c:c5265]
2019-07-08 22:30:07,769 INFO  client.GrpcClientProtocolClient (GrpcClientProtocolClient.java:onNext(255)) - client-7538DDC4E776->1b229672-9fc1-42d6-9200-214eb0163fc5: receive RaftClientReply:client-7538DDC4E776->1b229672-9fc1-42d6-9200-214eb0163fc5@group-440AB812C07F, cid=3512, SUCCESS, logIndex=0, commits[1b229672-9fc1-42d6-9200-214eb0163fc5:c5271, 4cc0758a-96f5-4ab9-816d-81d822da247a:c5267, 8693c47f-40a3-4a1c-b7ba-6ed996b9183c:c5267]
2019-07-08 22:30:07,782 INFO  client.GrpcClientProtocolClient (GrpcClientProtocolClient.java:onNext(255)) - client-7538DDC4E776->1b229672-9fc1-42d6-9200-214eb0163fc5: receive RaftClientReply:client-7538DDC4E776->1b229672-9fc1-42d6-9200-214eb0163fc5@group-440AB812C07F, cid=3513, SUCCESS, logIndex=5274, commits[1b229672-9fc1-42d6-9200-214eb0163fc5:c5275, 4cc0758a-96f5-4ab9-816d-81d822da247a:c5273, 8693c47f-40a3-4a1c-b7ba-6ed996b9183c:c5269]
2019-07-08 22:30:07,783 INFO  client.GrpcClientProtocolClient (GrpcClientProtocolClient.java:onNext(255)) - client-7538DDC4E776->1b229672-9fc1-42d6-9200-214eb0163fc5: receive RaftClientReply:client-7538DDC4E776->1b229672-9fc1-42d6-9200-214eb0163fc5@group-440AB812C07F, cid=3514, SUCCESS, logIndex=5275, commits[1b229672-9fc1-42d6-9200-214eb0163fc5:c5275, 4cc0758a-96f5-4ab9-816d-81d822da247a:c5273, 8693c47f-40a3-4a1c-b7ba-6ed996b9183c:c5269]
2019-07-08 22:30:07,796 INFO  client.GrpcClientProtocolClient (GrpcClientProtocolClient.java:onNext(255)) - client-7538DDC4E776->1b229672-9fc1-42d6-9200-214eb0163fc5: receive RaftClientReply:client-7538DDC4E776->1b229672-9fc1-42d6-9200-214eb0163fc5@group-440AB812C07F, cid=3515, SUCCESS, logIndex=5278, commits[1b229672-9fc1-42d6-9200-214eb0163fc5:c5279, 4cc0758a-96f5-4ab9-816d-81d822da247a:c5277, 8693c47f-40a3-4a1c-b7ba-6ed996b9183c:c5275]
2019-07-08 22:30:07,796 INFO  client.GrpcClientProtocolClient (GrpcClientProtocolClient.java:onNext(255)) - client-7538DDC4E776->1b229672-9fc1-42d6-9200-214eb0163fc5: receive RaftClientReply:client-7538DDC4E776->1b229672-9fc1-42d6-9200-214eb0163fc5@group-440AB812C07F, cid=3516, SUCCESS, logIndex=5279, commits[1b229672-9fc1-42d6-9200-214eb0163fc5:c5279, 4cc0758a-96f5-4ab9-816d-81d822da247a:c5277, 8693c47f-40a3-4a1c-b7ba-6ed996b9183c:c5277]
2019-07-08 22:30:07,797 INFO  client.GrpcClientProtocolClient (GrpcClientProtocolClient.java:onNext(255)) - client-7538DDC4E776->1b229672-9fc1-42d6-9200-214eb0163fc5: receive RaftClientReply:client-7538DDC4E776->1b229672-9fc1-42d6-9200-214eb0163fc5@group-440AB812C07F, cid=3517, SUCCESS, logIndex=0, commits[1b229672-9fc1-42d6-9200-214eb0163fc5:c5280, 4cc0758a-96f5-4ab9-816d-81d822da247a:c5279, 8693c47f-40a3-4a1c-b7ba-6ed996b9183c:c5279]
2019-07-08 22:30:07,843 INFO  client.GrpcClientProtocolClient (GrpcClientProtocolClient.java:onNext(255)) - client-7538DDC4E776->1b229672-9fc1-42d6-9200-214eb0163fc5: receive RaftClientReply:client-7538DDC4E776->1b229672-9fc1-42d6-9200-214eb0163fc5@group-440AB812C07F, cid=3518, SUCCESS, logIndex=5282, commits[1b229672-9fc1-42d6-9200-214eb0163fc5:c5284, 4cc0758a-96f5-4ab9-816d-81d822da247a:c5281, 8693c47f-40a3-4a1c-b7ba-6ed996b9183c:c5281]
2019-07-08 22:30:07,844 INFO  client.GrpcClientProtocolClient (GrpcClientProtocolClient.java:onNext(255)) - client-7538DDC4E776->1b229672-9fc1-42d6-9200-214eb0163fc5: receive RaftClientReply:client-7538DDC4E776->1b229672-9fc1-42d6-9200-214eb0163fc5@group-440AB812C07F, cid=3519, SUCCESS, logIndex=5283, commits[1b229672-9fc1-42d6-9200-214eb0163fc5:c5285, 4cc0758a-96f5-4ab9-816d-81d822da247a:c5281, 8693c47f-40a3-4a1c-b7ba-6ed996b9183c:c5281]
2019-07-08 22:30:07,844 INFO  client.GrpcClientProtocolClient (GrpcClientProtocolClient.java:onNext(255)) - client-7538DDC4E776->1b229672-9fc1-42d6-9200-214eb0163fc5: receive RaftClientReply:client-7538DDC4E776->1b229672-9fc1-42d6-9200-214eb0163fc5@group-440AB812C07F, cid=3520, SUCCESS, logIndex=5284, commits[1b229672-9fc1-42d6-9200-214eb0163fc5:c5285, 4cc0758a-96f5-4ab9-816d-81d822da247a:c5281, 8693c47f-40a3-4a1c-b7ba-6ed996b9183c:c5281]
2019-07-08 22:30:07,844 INFO  client.GrpcClientProtocolClient (GrpcClientProtocolClient.java:onNext(255)) - client-7538DDC4E776->1b229672-9fc1-42d6-9200-214eb0163fc5: receive RaftClientReply:client-7538DDC4E776->1b229672-9fc1-42d6-9200-214eb0163fc5@group-440AB812C07F, cid=3521, SUCCESS, logIndex=5285, commits[1b229672-9fc1-42d6-9200-214eb0163fc5:c5285, 4cc0758a-96f5-4ab9-816d-81d822da247a:c5281, 8693c47f-40a3-4a1c-b7ba-6ed996b9183c:c5281]
2019-07-08 22:30:07,856 INFO  client.GrpcClientProtocolClient (GrpcClientProtocolClient.java:onNext(255)) - client-7538DDC4E776->1b229672-9fc1-42d6-9200-214eb0163fc5: receive RaftClientReply:client-7538DDC4E776->1b229672-9fc1-42d6-9200-214eb0163fc5@group-440AB812C07F, cid=3522, SUCCESS, logIndex=0, commits[1b229672-9fc1-42d6-9200-214eb0163fc5:c5287, 4cc0758a-96f5-4ab9-816d-81d822da247a:c5283, 8693c47f-40a3-4a1c-b7ba-6ed996b9183c:c5283]
2019-07-08 22:30:07,871 INFO  client.GrpcClientProtocolClient (GrpcClientProtocolClient.java:onNext(255)) - client-7538DDC4E776->1b229672-9fc1-42d6-9200-214eb0163fc5: receive RaftClientReply:client-7538DDC4E776->1b229672-9fc1-42d6-9200-214eb0163fc5@group-440AB812C07F, cid=3523, SUCCESS, logIndex=5290, commits[1b229672-9fc1-42d6-9200-214eb0163fc5:c5291, 4cc0758a-96f5-4ab9-816d-81d822da247a:c5289, 8693c47f-40a3-4a1c-b7ba-6ed996b9183c:c5289]
2019-07-08 22:30:07,872 INFO  client.GrpcClientProtocolClient (GrpcClientProtocolClient.java:onNext(255)) - client-7538DDC4E776->1b229672-9fc1-42d6-9200-214eb0163fc5: receive RaftClientReply:client-7538DDC4E776->1b229672-9fc1-42d6-9200-214eb0163fc5@group-440AB812C07F, cid=3524, SUCCESS, logIndex=5291, commits[1b229672-9fc1-42d6-9200-214eb0163fc5:c5291, 4cc0758a-96f5-4ab9-816d-81d822da247a:c5289, 8693c47f-40a3-4a1c-b7ba-6ed996b9183c:c5289]
2019-07-08 22:30:07,884 INFO  client.GrpcClientProtocolClient (GrpcClientProtocolClient.java:onNext(255)) - client-7538DDC4E776->1b229672-9fc1-42d6-9200-214eb0163fc5: receive RaftClientReply:client-7538DDC4E776->1b229672-9fc1-42d6-9200-214eb0163fc5@group-440AB812C07F, cid=3525, SUCCESS, logIndex=5294, commits[1b229672-9fc1-42d6-9200-214eb0163fc5:c5295, 4cc0758a-96f5-4ab9-816d-81d822da247a:c5291, 8693c47f-40a3-4a1c-b7ba-6ed996b9183c:c5291]
2019-07-08 22:30:07,885 INFO  client.GrpcClientProtocolClient (GrpcClientProtocolClient.java:onNext(255)) - client-7538DDC4E776->1b229672-9fc1-42d6-9200-214eb0163fc5: receive RaftClientReply:client-7538DDC4E776->1b229672-9fc1-42d6-9200-214eb0163fc5@group-440AB812C07F, cid=3526, SUCCESS, logIndex=5295, commits[1b229672-9fc1-42d6-9200-214eb0163fc5:c5295, 4cc0758a-96f5-4ab9-816d-81d822da247a:c5291, 8693c47f-40a3-4a1c-b7ba-6ed996b9183c:c5291]
2019-07-08 22:30:07,887 INFO  client.GrpcClientProtocolClient (GrpcClientProtocolClient.java:onNext(255)) - client-7538DDC4E776->1b229672-9fc1-42d6-9200-214eb0163fc5: receive RaftClientReply:client-7538DDC4E776->1b229672-9fc1-42d6-9200-214eb0163fc5@group-440AB812C07F, cid=3527, SUCCESS, logIndex=0, commits[1b229672-9fc1-42d6-9200-214eb0163fc5:c5296, 4cc0758a-96f5-4ab9-816d-81d822da247a:c5295, 8693c47f-40a3-4a1c-b7ba-6ed996b9183c:c5295]
2019-07-08 22:30:07,917 INFO  client.GrpcClientProtocolClient (GrpcClientProtocolClient.java:onNext(255)) - client-7538DDC4E776->1b229672-9fc1-42d6-9200-214eb0163fc5: receive RaftClientReply:client-7538DDC4E776->1b229672-9fc1-42d6-9200-214eb0163fc5@group-440AB812C07F, cid=3528, SUCCESS, logIndex=5298, commits[1b229672-9fc1-42d6-9200-214eb0163fc5:c5298, 4cc0758a-96f5-4ab9-816d-81d822da247a:c5297, 8693c47f-40a3-4a1c-b7ba-6ed996b9183c:c5297]
2019-07-08 22:30:07,927 INFO  client.GrpcClientProtocolClient (GrpcClientProtocolClient.java:onNext(255)) - client-7538DDC4E776->1b229672-9fc1-42d6-9200-214eb0163fc5: receive RaftClientReply:client-7538DDC4E776->1b229672-9fc1-42d6-9200-214eb0163fc5@group-440AB812C07F, cid=3529, SUCCESS, logIndex=5299, commits[1b229672-9fc1-42d6-9200-214eb0163fc5:c5301, 4cc0758a-96f5-4ab9-816d-81d822da247a:c5297, 8693c47f-40a3-4a1c-b7ba-6ed996b9183c:c5297]
2019-07-08 22:30:07,927 INFO  client.GrpcClientProtocolClient (GrpcClientProtocolClient.java:onNext(255)) - client-7538DDC4E776->1b229672-9fc1-42d6-9200-214eb0163fc5: receive RaftClientReply:client-7538DDC4E776->1b229672-9fc1-42d6-9200-214eb0163fc5@group-440AB812C07F, cid=3530, SUCCESS, logIndex=5300, commits[1b229672-9fc1-42d6-9200-214eb0163fc5:c5302, 4cc0758a-96f5-4ab9-816d-81d822da247a:c5298, 8693c47f-40a3-4a1c-b7ba-6ed996b9183c:c5297]
2019-07-08 22:30:07,928 INFO  client.GrpcClientProtocolClient (GrpcClientProtocolClient.java:onNext(255)) - client-7538DDC4E776->1b229672-9fc1-42d6-9200-214eb0163fc5: receive RaftClientReply:client-7538DDC4E776->1b229672-9fc1-42d6-9200-214eb0163fc5@group-440AB812C07F, cid=3531, SUCCESS, logIndex=5301, commits[1b229672-9fc1-42d6-9200-214eb0163fc5:c5302, 4cc0758a-96f5-4ab9-816d-81d822da247a:c5298, 8693c47f-40a3-4a1c-b7ba-6ed996b9183c:c5297]
2019-07-08 22:30:07,931 INFO  client.GrpcClientProtocolClient (GrpcClientProtocolClient.java:onNext(255)) - client-7538DDC4E776->1b229672-9fc1-42d6-9200-214eb0163fc5: receive RaftClientReply:client-7538DDC4E776->1b229672-9fc1-42d6-9200-214eb0163fc5@group-440AB812C07F, cid=3532, SUCCESS, logIndex=0, commits[1b229672-9fc1-42d6-9200-214eb0163fc5:c5304, 4cc0758a-96f5-4ab9-816d-81d822da247a:c5301, 8693c47f-40a3-4a1c-b7ba-6ed996b9183c:c5301]
2019-07-08 22:30:07,951 INFO  client.GrpcClientProtocolClient (GrpcClientProtocolClient.java:onNext(255)) - client-7538DDC4E776->1b229672-9fc1-42d6-9200-214eb0163fc5: receive RaftClientReply:client-7538DDC4E776->1b229672-9fc1-42d6-9200-214eb0163fc5@group-440AB812C07F, cid=3533, SUCCESS, logIndex=5305, commits[1b229672-9fc1-42d6-9200-214eb0163fc5:c5306, 4cc0758a-96f5-4ab9-816d-81d822da247a:c5304, 8693c47f-40a3-4a1c-b7ba-6ed996b9183c:c5304]
2019-07-08 22:30:07,952 INFO  client.GrpcClientProtocolClient (GrpcClientProtocolClient.java:onNext(255)) - client-7538DDC4E776->1b229672-9fc1-42d6-9200-214eb0163fc5: receive RaftClientReply:client-7538DDC4E776->1b229672-9fc1-42d6-9200-214eb0163fc5@group-440AB812C07F, cid=3534, SUCCESS, logIndex=5306, commits[1b229672-9fc1-42d6-9200-214eb0163fc5:c5306, 4cc0758a-96f5-4ab9-816d-81d822da247a:c5304, 8693c47f-40a3-4a1c-b7ba-6ed996b9183c:c5304]
2019-07-08 22:30:07,958 INFO  segmented.SegmentedRaftLogWorker (SegmentedRaftLogWorker.java:rollLogSegment(385)) - 1b229672-9fc1-42d6-9200-214eb0163fc5-SegmentedRaftLogWorker:Storage Directory /tmp/workdir/hadoop-ozone/tools/target/test-dir/MiniOzoneClusterImpl-e1203517-4d94-45bb-8cd4-dfe9b2d858b2/datanode-0/data/ratis/ac6cad6e-b66e-450c-9069-440ab812c07f: Rolling segment log-0_5309 to index:5309
2019-07-08 22:30:07,960 INFO  segmented.SegmentedRaftLogWorker (SegmentedRaftLogWorker.java:rollLogSegment(385)) - 4cc0758a-96f5-4ab9-816d-81d822da247a-SegmentedRaftLogWorker:Storage Directory /tmp/workdir/hadoop-ozone/tools/target/test-dir/MiniOzoneClusterImpl-e1203517-4d94-45bb-8cd4-dfe9b2d858b2/datanode-1/data/ratis/ac6cad6e-b66e-450c-9069-440ab812c07f: Rolling segment log-0_5309 to index:5309
2019-07-08 22:30:07,960 INFO  segmented.SegmentedRaftLogWorker (SegmentedRaftLogWorker.java:rollLogSegment(385)) - 8693c47f-40a3-4a1c-b7ba-6ed996b9183c-SegmentedRaftLogWorker:Storage Directory /tmp/workdir/hadoop-ozone/tools/target/test-dir/MiniOzoneClusterImpl-e1203517-4d94-45bb-8cd4-dfe9b2d858b2/datanode-2/data/ratis/ac6cad6e-b66e-450c-9069-440ab812c07f: Rolling segment log-0_5309 to index:5309
2019-07-08 22:30:07,964 INFO  segmented.SegmentedRaftLogWorker (SegmentedRaftLogWorker.java:execute(526)) - 1b229672-9fc1-42d6-9200-214eb0163fc5-SegmentedRaftLogWorker:Storage Directory /tmp/workdir/hadoop-ozone/tools/target/test-dir/MiniOzoneClusterImpl-e1203517-4d94-45bb-8cd4-dfe9b2d858b2/datanode-0/data/ratis/ac6cad6e-b66e-450c-9069-440ab812c07f: Rolled log segment from /tmp/workdir/hadoop-ozone/tools/target/test-dir/MiniOzoneClusterImpl-e1203517-4d94-45bb-8cd4-dfe9b2d858b2/datanode-0/data/ratis/ac6cad6e-b66e-450c-9069-440ab812c07f/current/log_inprogress_0 to /tmp/workdir/hadoop-ozone/tools/target/test-dir/MiniOzoneClusterImpl-e1203517-4d94-45bb-8cd4-dfe9b2d858b2/datanode-0/data/ratis/ac6cad6e-b66e-450c-9069-440ab812c07f/current/log_0-5309
2019-07-08 22:30:07,965 INFO  segmented.SegmentedRaftLogWorker (SegmentedRaftLogWorker.java:execute(526)) - 4cc0758a-96f5-4ab9-816d-81d822da247a-SegmentedRaftLogWorker:Storage Directory /tmp/workdir/hadoop-ozone/tools/target/test-dir/MiniOzoneClusterImpl-e1203517-4d94-45bb-8cd4-dfe9b2d858b2/datanode-1/data/ratis/ac6cad6e-b66e-450c-9069-440ab812c07f: Rolled log segment from /tmp/workdir/hadoop-ozone/tools/target/test-dir/MiniOzoneClusterImpl-e1203517-4d94-45bb-8cd4-dfe9b2d858b2/datanode-1/data/ratis/ac6cad6e-b66e-450c-9069-440ab812c07f/current/log_inprogress_0 to /tmp/workdir/hadoop-ozone/tools/target/test-dir/MiniOzoneClusterImpl-e1203517-4d94-45bb-8cd4-dfe9b2d858b2/datanode-1/data/ratis/ac6cad6e-b66e-450c-9069-440ab812c07f/current/log_0-5309
2019-07-08 22:30:07,965 INFO  segmented.SegmentedRaftLogWorker (SegmentedRaftLogWorker.java:execute(526)) - 8693c47f-40a3-4a1c-b7ba-6ed996b9183c-SegmentedRaftLogWorker:Storage Directory /tmp/workdir/hadoop-ozone/tools/target/test-dir/MiniOzoneClusterImpl-e1203517-4d94-45bb-8cd4-dfe9b2d858b2/datanode-2/data/ratis/ac6cad6e-b66e-450c-9069-440ab812c07f: Rolled log segment from /tmp/workdir/hadoop-ozone/tools/target/test-dir/MiniOzoneClusterImpl-e1203517-4d94-45bb-8cd4-dfe9b2d858b2/datanode-2/data/ratis/ac6cad6e-b66e-450c-9069-440ab812c07f/current/log_inprogress_0 to /tmp/workdir/hadoop-ozone/tools/target/test-dir/MiniOzoneClusterImpl-e1203517-4d94-45bb-8cd4-dfe9b2d858b2/datanode-2/data/ratis/ac6cad6e-b66e-450c-9069-440ab812c07f/current/log_0-5309
2019-07-08 22:30:08,001 INFO  client.GrpcClientProtocolClient (GrpcClientProtocolClient.java:onNext(255)) - client-7538DDC4E776->1b229672-9fc1-42d6-9200-214eb0163fc5: receive RaftClientReply:client-7538DDC4E776->1b229672-9fc1-42d6-9200-214eb0163fc5@group-440AB812C07F, cid=3535, SUCCESS, logIndex=5309, commits[1b229672-9fc1-42d6-9200-214eb0163fc5:c5309, 4cc0758a-96f5-4ab9-816d-81d822da247a:c5306, 8693c47f-40a3-4a1c-b7ba-6ed996b9183c:c5306]
2019-07-08 22:30:08,015 INFO  segmented.SegmentedRaftLogWorker (SegmentedRaftLogWorker.java:execute(569)) - 1b229672-9fc1-42d6-9200-214eb0163fc5-SegmentedRaftLogWorker:Storage Directory /tmp/workdir/hadoop-ozone/tools/target/test-dir/MiniOzoneClusterImpl-e1203517-4d94-45bb-8cd4-dfe9b2d858b2/datanode-0/data/ratis/ac6cad6e-b66e-450c-9069-440ab812c07f: created new log segment /tmp/workdir/hadoop-ozone/tools/target/test-dir/MiniOzoneClusterImpl-e1203517-4d94-45bb-8cd4-dfe9b2d858b2/datanode-0/data/ratis/ac6cad6e-b66e-450c-9069-440ab812c07f/current/log_inprogress_5310
2019-07-08 22:30:08,028 INFO  segmented.SegmentedRaftLogWorker (SegmentedRaftLogWorker.java:execute(569)) - 4cc0758a-96f5-4ab9-816d-81d822da247a-SegmentedRaftLogWorker:Storage Directory /tmp/workdir/hadoop-ozone/tools/target/test-dir/MiniOzoneClusterImpl-e1203517-4d94-45bb-8cd4-dfe9b2d858b2/datanode-1/data/ratis/ac6cad6e-b66e-450c-9069-440ab812c07f: created new log segment /tmp/workdir/hadoop-ozone/tools/target/test-dir/MiniOzoneClusterImpl-e1203517-4d94-45bb-8cd4-dfe9b2d858b2/datanode-1/data/ratis/ac6cad6e-b66e-450c-9069-440ab812c07f/current/log_inprogress_5310
2019-07-08 22:30:08,028 INFO  segmented.SegmentedRaftLogWorker (SegmentedRaftLogWorker.java:execute(569)) - 8693c47f-40a3-4a1c-b7ba-6ed996b9183c-SegmentedRaftLogWorker:Storage Directory /tmp/workdir/hadoop-ozone/tools/target/test-dir/MiniOzoneClusterImpl-e1203517-4d94-45bb-8cd4-dfe9b2d858b2/datanode-2/data/ratis/ac6cad6e-b66e-450c-9069-440ab812c07f: created new log segment /tmp/workdir/hadoop-ozone/tools/target/test-dir/MiniOzoneClusterImpl-e1203517-4d94-45bb-8cd4-dfe9b2d858b2/datanode-2/data/ratis/ac6cad6e-b66e-450c-9069-440ab812c07f/current/log_inprogress_5310
2019-07-08 22:30:08,043 INFO  client.GrpcClientProtocolClient (GrpcClientProtocolClient.java:onNext(255)) - client-7538DDC4E776->1b229672-9fc1-42d6-9200-214eb0163fc5: receive RaftClientReply:client-7538DDC4E776->1b229672-9fc1-42d6-9200-214eb0163fc5@group-440AB812C07F, cid=3536, SUCCESS, logIndex=5310, commits[1b229672-9fc1-42d6-9200-214eb0163fc5:c5311, 4cc0758a-96f5-4ab9-816d-81d822da247a:c5309, 8693c47f-40a3-4a1c-b7ba-6ed996b9183c:c5306]
2019-07-08 22:30:08,057 INFO  client.GrpcClientProtocolClient (GrpcClientProtocolClient.java:onNext(255)) - client-7538DDC4E776->1b229672-9fc1-42d6-9200-214eb0163fc5: receive RaftClientReply:client-7538DDC4E776->1b229672-9fc1-42d6-9200-214eb0163fc5@group-440AB812C07F, cid=3537, SUCCESS, logIndex=0, commits[1b229672-9fc1-42d6-9200-214eb0163fc5:c5312, 4cc0758a-96f5-4ab9-816d-81d822da247a:c5311, 8693c47f-40a3-4a1c-b7ba-6ed996b9183c:c5311]
2019-07-08 22:30:08,109 INFO  client.GrpcClientProtocolClient (GrpcClientProtocolClient.java:onNext(255)) - client-7538DDC4E776->1b229672-9fc1-42d6-9200-214eb0163fc5: receive RaftClientReply:client-7538DDC4E776->1b229672-9fc1-42d6-9200-214eb0163fc5@group-440AB812C07F, cid=3538, SUCCESS, logIndex=5313, commits[1b229672-9fc1-42d6-9200-214eb0163fc5:c5314, 4cc0758a-96f5-4ab9-816d-81d822da247a:c5312, 8693c47f-40a3-4a1c-b7ba-6ed996b9183c:c5312]
2019-07-08 22:30:08,110 INFO  client.GrpcClientProtocolClient (GrpcClientProtocolClient.java:onNext(255)) - client-7538DDC4E776->1b229672-9fc1-42d6-9200-214eb0163fc5: receive RaftClientReply:client-7538DDC4E776->1b229672-9fc1-42d6-9200-214eb0163fc5@group-440AB812C07F, cid=3539, SUCCESS, logIndex=5314, commits[1b229672-9fc1-42d6-9200-214eb0163fc5:c5316, 4cc0758a-96f5-4ab9-816d-81d822da247a:c5312, 8693c47f-40a3-4a1c-b7ba-6ed996b9183c:c5312]
2019-07-08 22:30:08,110 INFO  client.GrpcClientProtocolClient (GrpcClientProtocolClient.java:onNext(255)) - client-7538DDC4E776->1b229672-9fc1-42d6-9200-214eb0163fc5: receive RaftClientReply:client-7538DDC4E776->1b229672-9fc1-42d6-9200-214eb0163fc5@group-440AB812C07F, cid=3540, SUCCESS, logIndex=5315, commits[1b229672-9fc1-42d6-9200-214eb0163fc5:c5316, 4cc0758a-96f5-4ab9-816d-81d822da247a:c5312, 8693c47f-40a3-4a1c-b7ba-6ed996b9183c:c5312]
2019-07-08 22:30:08,111 INFO  client.GrpcClientProtocolClient (GrpcClientProtocolClient.java:onNext(255)) - client-7538DDC4E776->1b229672-9fc1-42d6-9200-214eb0163fc5: receive RaftClientReply:client-7538DDC4E776->1b229672-9fc1-42d6-9200-214eb0163fc5@group-440AB812C07F, cid=3541, SUCCESS, logIndex=5316, commits[1b229672-9fc1-42d6-9200-214eb0163fc5:c5316, 4cc0758a-96f5-4ab9-816d-81d822da247a:c5312, 8693c47f-40a3-4a1c-b7ba-6ed996b9183c:c5312]
 0.00% |█                                                                                                    |  0/1 Time: 0:00:34 0.00% |█                                                                                                    |  0/1 Time: 0:00:35 0.00% |█                                                                                                    |  0/1 Time: 0:00:362019-07-08 22:30:11,109 WARN  server.GrpcLogAppender (GrpcLogAppender.java:timeoutAppendRequest(200)) - GrpcLogAppender(1b229672-9fc1-42d6-9200-214eb0163fc5->4cc0758a-96f5-4ab9-816d-81d822da247a): appendEntries Timeout, request=1b229672-9fc1-42d6-9200-214eb0163fc5->4cc0758a-96f5-4ab9-816d-81d822da247a#5364-t1, previous=(t:1, i:5316), leaderCommit=5313, initializing? false, entries: size=1, first=(t:1, i:5317), METADATAENTRY(c5313)
2019-07-08 22:30:11,112 WARN  server.GrpcLogAppender (GrpcLogAppender.java:timeoutAppendRequest(200)) - GrpcLogAppender(1b229672-9fc1-42d6-9200-214eb0163fc5->4cc0758a-96f5-4ab9-816d-81d822da247a): appendEntries Timeout, request=1b229672-9fc1-42d6-9200-214eb0163fc5->4cc0758a-96f5-4ab9-816d-81d822da247a#5365-t1, previous=(t:1, i:5317), leaderCommit=5314, initializing? false, entries: size=1, first=(t:1, i:5318), METADATAENTRY(c5314)
2019-07-08 22:30:11,112 WARN  server.GrpcLogAppender (GrpcLogAppender.java:timeoutAppendRequest(200)) - GrpcLogAppender(1b229672-9fc1-42d6-9200-214eb0163fc5->4cc0758a-96f5-4ab9-816d-81d822da247a): appendEntries Timeout, request=1b229672-9fc1-42d6-9200-214eb0163fc5->4cc0758a-96f5-4ab9-816d-81d822da247a#5366-t1, previous=(t:1, i:5318), leaderCommit=5315, initializing? false, entries: size=1, first=(t:1, i:5319), METADATAENTRY(c5315)
2019-07-08 22:30:11,113 WARN  server.GrpcLogAppender (GrpcLogAppender.java:timeoutAppendRequest(200)) - GrpcLogAppender(1b229672-9fc1-42d6-9200-214eb0163fc5->4cc0758a-96f5-4ab9-816d-81d822da247a): appendEntries Timeout, request=1b229672-9fc1-42d6-9200-214eb0163fc5->4cc0758a-96f5-4ab9-816d-81d822da247a#5367-t1, previous=(t:1, i:5319), leaderCommit=5316, initializing? false, entries: size=1, first=(t:1, i:5320), METADATAENTRY(c5316)
 0.00% |█                                                                                                    |  0/1 Time: 0:00:372019-07-08 22:30:11,563 WARN  server.GrpcLogAppender (GrpcLogAppender.java:onNextImpl(250)) - org.apache.ratis.grpc.server.GrpcLogAppender$AppendLogResponseHandler@48cb9c0b: Request not found, ignoring reply: 1b229672-9fc1-42d6-9200-214eb0163fc5<-4cc0758a-96f5-4ab9-816d-81d822da247a#5364:OK,SUCCESS,nextIndex:5318,term:1,followerCommit:5316
2019-07-08 22:30:11,565 WARN  server.GrpcLogAppender (GrpcLogAppender.java:onNextImpl(250)) - org.apache.ratis.grpc.server.GrpcLogAppender$AppendLogResponseHandler@48cb9c0b: Request not found, ignoring reply: 1b229672-9fc1-42d6-9200-214eb0163fc5<-4cc0758a-96f5-4ab9-816d-81d822da247a#5365:OK,SUCCESS,nextIndex:5319,term:1,followerCommit:5316
2019-07-08 22:30:11,610 WARN  server.GrpcLogAppender (GrpcLogAppender.java:timeoutAppendRequest(200)) - GrpcLogAppender(1b229672-9fc1-42d6-9200-214eb0163fc5->4cc0758a-96f5-4ab9-816d-81d822da247a): appendEntries Timeout, request=1b229672-9fc1-42d6-9200-214eb0163fc5->4cc0758a-96f5-4ab9-816d-81d822da247a#5368-t1, previous=(t:1, i:5320), leaderCommit=5316, initializing? false, entries: <empty>
2019-07-08 22:30:12,111 WARN  server.GrpcLogAppender (GrpcLogAppender.java:timeoutAppendRequest(200)) - GrpcLogAppender(1b229672-9fc1-42d6-9200-214eb0163fc5->4cc0758a-96f5-4ab9-816d-81d822da247a): appendEntries Timeout, request=1b229672-9fc1-42d6-9200-214eb0163fc5->4cc0758a-96f5-4ab9-816d-81d822da247a#5369-t1, previous=(t:1, i:5320), leaderCommit=5317, initializing? false, entries: <empty>
 0.00% |█                                                                                                    |  0/1 Time: 0:00:382019-07-08 22:30:12,611 WARN  server.GrpcLogAppender (GrpcLogAppender.java:timeoutAppendRequest(200)) - GrpcLogAppender(1b229672-9fc1-42d6-9200-214eb0163fc5->4cc0758a-96f5-4ab9-816d-81d822da247a): appendEntries Timeout, request=1b229672-9fc1-42d6-9200-214eb0163fc5->4cc0758a-96f5-4ab9-816d-81d822da247a#5370-t1, previous=(t:1, i:5320), leaderCommit=5317, initializing? false, entries: <empty>
2019-07-08 22:30:13,111 WARN  server.GrpcLogAppender (GrpcLogAppender.java:timeoutAppendRequest(200)) - GrpcLogAppender(1b229672-9fc1-42d6-9200-214eb0163fc5->4cc0758a-96f5-4ab9-816d-81d822da247a): appendEntries Timeout, request=1b229672-9fc1-42d6-9200-214eb0163fc5->4cc0758a-96f5-4ab9-816d-81d822da247a#5371-t1, previous=(t:1, i:5320), leaderCommit=5317, initializing? false, entries: <empty>
2019-07-08 22:30:13,114 WARN  scm.XceiverClientRatis (XceiverClientRatis.java:watchForCommit(262)) - 3 way commit failed 
java.util.concurrent.TimeoutException
	at java.util.concurrent.CompletableFuture.timedGet(CompletableFuture.java:1771)
	at java.util.concurrent.CompletableFuture.get(CompletableFuture.java:1915)
	at org.apache.hadoop.hdds.scm.XceiverClientRatis.watchForCommit(XceiverClientRatis.java:259)
	at org.apache.hadoop.hdds.scm.storage.CommitWatcher.watchForCommit(CommitWatcher.java:194)
	at org.apache.hadoop.hdds.scm.storage.CommitWatcher.watchOnFirstIndex(CommitWatcher.java:135)
	at org.apache.hadoop.hdds.scm.storage.BlockOutputStream.watchForCommit(BlockOutputStream.java:355)
	at org.apache.hadoop.hdds.scm.storage.BlockOutputStream.handleFullBuffer(BlockOutputStream.java:332)
	at org.apache.hadoop.hdds.scm.storage.BlockOutputStream.write(BlockOutputStream.java:259)
	at org.apache.hadoop.ozone.client.io.BlockOutputStreamEntry.write(BlockOutputStreamEntry.java:129)
	at org.apache.hadoop.ozone.client.io.KeyOutputStream.handleWrite(KeyOutputStream.java:211)
	at org.apache.hadoop.ozone.client.io.KeyOutputStream.write(KeyOutputStream.java:193)
	at org.apache.hadoop.ozone.client.io.OzoneOutputStream.write(OzoneOutputStream.java:49)
	at org.apache.hadoop.ozone.freon.RandomKeyGenerator$KeyProcessor.run(RandomKeyGenerator.java:693)
	at java.util.concurrent.Executors$RunnableAdapter.call(Executors.java:511)
	at java.util.concurrent.FutureTask.run(FutureTask.java:266)
	at java.util.concurrent.ThreadPoolExecutor.runWorker(ThreadPoolExecutor.java:1149)
	at java.util.concurrent.ThreadPoolExecutor$Worker.run(ThreadPoolExecutor.java:624)
	at java.lang.Thread.run(Thread.java:748)
2019-07-08 22:30:13,118 INFO  client.GrpcClientProtocolClient (GrpcClientProtocolClient.java:onNext(255)) - client-7538DDC4E776->1b229672-9fc1-42d6-9200-214eb0163fc5: receive RaftClientReply:client-7538DDC4E776->1b229672-9fc1-42d6-9200-214eb0163fc5@group-440AB812C07F, cid=3543, SUCCESS, logIndex=0, commits[1b229672-9fc1-42d6-9200-214eb0163fc5:c5320, 4cc0758a-96f5-4ab9-816d-81d822da247a:c5312, 8693c47f-40a3-4a1c-b7ba-6ed996b9183c:c5320]
2019-07-08 22:30:13,122 INFO  scm.XceiverClientRatis (XceiverClientRatis.java:lambda$watchForCommit$7(280)) - Could not commit 5314 to all the nodes. Server 4cc0758a-96f5-4ab9-816d-81d822da247a has failed. Committed by majority.
 0.00% |█                                                                                                    |  0/1 Time: 0:00:392019-07-08 22:30:13,318 WARN  server.GrpcLogAppender (GrpcLogAppender.java:onNextImpl(250)) - org.apache.ratis.grpc.server.GrpcLogAppender$AppendLogResponseHandler@48cb9c0b: Request not found, ignoring reply: 1b229672-9fc1-42d6-9200-214eb0163fc5<-4cc0758a-96f5-4ab9-816d-81d822da247a#5366:OK,SUCCESS,nextIndex:5320,term:1,followerCommit:5318
2019-07-08 22:30:13,318 WARN  server.GrpcLogAppender (GrpcLogAppender.java:onNextImpl(250)) - org.apache.ratis.grpc.server.GrpcLogAppender$AppendLogResponseHandler@48cb9c0b: Request not found, ignoring reply: 1b229672-9fc1-42d6-9200-214eb0163fc5<-4cc0758a-96f5-4ab9-816d-81d822da247a#5367:OK,SUCCESS,nextIndex:5321,term:1,followerCommit:5318
2019-07-08 22:30:13,318 WARN  server.GrpcLogAppender (GrpcLogAppender.java:onNextImpl(250)) - org.apache.ratis.grpc.server.GrpcLogAppender$AppendLogResponseHandler@48cb9c0b: Request not found, ignoring reply: 1b229672-9fc1-42d6-9200-214eb0163fc5<-4cc0758a-96f5-4ab9-816d-81d822da247a#5368:OK,SUCCESS,nextIndex:5321,term:1,followerCommit:5316
2019-07-08 22:30:13,318 WARN  server.GrpcLogAppender (GrpcLogAppender.java:onNextImpl(250)) - org.apache.ratis.grpc.server.GrpcLogAppender$AppendLogResponseHandler@48cb9c0b: Request not found, ignoring reply: 1b229672-9fc1-42d6-9200-214eb0163fc5<-4cc0758a-96f5-4ab9-816d-81d822da247a#5369:OK,SUCCESS,nextIndex:5321,term:1,followerCommit:5316
2019-07-08 22:30:13,319 WARN  server.GrpcLogAppender (GrpcLogAppender.java:onNextImpl(250)) - org.apache.ratis.grpc.server.GrpcLogAppender$AppendLogResponseHandler@48cb9c0b: Request not found, ignoring reply: 1b229672-9fc1-42d6-9200-214eb0163fc5<-4cc0758a-96f5-4ab9-816d-81d822da247a#5370:OK,SUCCESS,nextIndex:5321,term:1,followerCommit:5316
2019-07-08 22:30:13,319 WARN  server.GrpcLogAppender (GrpcLogAppender.java:onNextImpl(250)) - org.apache.ratis.grpc.server.GrpcLogAppender$AppendLogResponseHandler@48cb9c0b: Request not found, ignoring reply: 1b229672-9fc1-42d6-9200-214eb0163fc5<-4cc0758a-96f5-4ab9-816d-81d822da247a#5371:OK,SUCCESS,nextIndex:5321,term:1,followerCommit:5316
2019-07-08 22:30:13,320 INFO  client.GrpcClientProtocolClient (GrpcClientProtocolClient.java:onNext(255)) - client-7538DDC4E776->1b229672-9fc1-42d6-9200-214eb0163fc5: receive RaftClientReply:client-7538DDC4E776->1b229672-9fc1-42d6-9200-214eb0163fc5@group-440AB812C07F, cid=3542, SUCCESS, logIndex=0, commits[1b229672-9fc1-42d6-9200-214eb0163fc5:c5320, 4cc0758a-96f5-4ab9-816d-81d822da247a:c5316, 8693c47f-40a3-4a1c-b7ba-6ed996b9183c:c5320]
2019-07-08 22:30:13,320 INFO  client.GrpcClientProtocolClient (GrpcClientProtocolClient.java:onNext(255)) - client-7538DDC4E776->1b229672-9fc1-42d6-9200-214eb0163fc5: receive RaftClientReply:client-7538DDC4E776->1b229672-9fc1-42d6-9200-214eb0163fc5@group-440AB812C07F, cid=3542, SUCCESS, logIndex=0, commits[1b229672-9fc1-42d6-9200-214eb0163fc5:c5320, 4cc0758a-96f5-4ab9-816d-81d822da247a:c5316, 8693c47f-40a3-4a1c-b7ba-6ed996b9183c:c5320]
2019-07-08 22:30:13,516 INFO  client.GrpcClientProtocolClient (GrpcClientProtocolClient.java:onNext(255)) - client-7538DDC4E776->1b229672-9fc1-42d6-9200-214eb0163fc5: receive RaftClientReply:client-7538DDC4E776->1b229672-9fc1-42d6-9200-214eb0163fc5@group-440AB812C07F, cid=3544, SUCCESS, logIndex=5321, commits[1b229672-9fc1-42d6-9200-214eb0163fc5:c5322, 4cc0758a-96f5-4ab9-816d-81d822da247a:c5320, 8693c47f-40a3-4a1c-b7ba-6ed996b9183c:c5320]
2019-07-08 22:30:13,517 INFO  client.GrpcClientProtocolClient (GrpcClientProtocolClient.java:onNext(255)) - client-7538DDC4E776->1b229672-9fc1-42d6-9200-214eb0163fc5: receive RaftClientReply:client-7538DDC4E776->1b229672-9fc1-42d6-9200-214eb0163fc5@group-440AB812C07F, cid=3545, SUCCESS, logIndex=5322, commits[1b229672-9fc1-42d6-9200-214eb0163fc5:c5322, 4cc0758a-96f5-4ab9-816d-81d822da247a:c5320, 8693c47f-40a3-4a1c-b7ba-6ed996b9183c:c5320]
 0.00% |█                                                                                                    |  0/1 Time: 0:00:402019-07-08 22:30:14,495 INFO  client.GrpcClientProtocolClient (GrpcClientProtocolClient.java:onNext(255)) - client-7538DDC4E776->1b229672-9fc1-42d6-9200-214eb0163fc5: receive RaftClientReply:client-7538DDC4E776->1b229672-9fc1-42d6-9200-214eb0163fc5@group-440AB812C07F, cid=3546, SUCCESS, logIndex=5325, commits[1b229672-9fc1-42d6-9200-214eb0163fc5:c5326, 4cc0758a-96f5-4ab9-816d-81d822da247a:c5321, 8693c47f-40a3-4a1c-b7ba-6ed996b9183c:c5323]
2019-07-08 22:30:14,496 INFO  client.GrpcClientProtocolClient (GrpcClientProtocolClient.java:onNext(255)) - client-7538DDC4E776->1b229672-9fc1-42d6-9200-214eb0163fc5: receive RaftClientReply:client-7538DDC4E776->1b229672-9fc1-42d6-9200-214eb0163fc5@group-440AB812C07F, cid=3547, SUCCESS, logIndex=5326, commits[1b229672-9fc1-42d6-9200-214eb0163fc5:c5326, 4cc0758a-96f5-4ab9-816d-81d822da247a:c5321, 8693c47f-40a3-4a1c-b7ba-6ed996b9183c:c5323]
 0.00% |█                                                                                                    |  0/1 Time: 0:00:41 0.00% |█                                                                                                    |  0/1 Time: 0:00:42 0.00% |█                                                                                                    |  0/1 Time: 0:00:432019-07-08 22:30:17,494 WARN  server.GrpcLogAppender (GrpcLogAppender.java:timeoutAppendRequest(200)) - GrpcLogAppender(1b229672-9fc1-42d6-9200-214eb0163fc5->8693c47f-40a3-4a1c-b7ba-6ed996b9183c): appendEntries Timeout, request=1b229672-9fc1-42d6-9200-214eb0163fc5->8693c47f-40a3-4a1c-b7ba-6ed996b9183c#5385-t1, previous=(t:1, i:5327), leaderCommit=5326, initializing? false, entries: size=1, first=(t:1, i:5328), METADATAENTRY(c5326)
2019-07-08 22:30:17,495 WARN  server.GrpcLogAppender (GrpcLogAppender.java:timeoutAppendRequest(200)) - GrpcLogAppender(1b229672-9fc1-42d6-9200-214eb0163fc5->4cc0758a-96f5-4ab9-816d-81d822da247a): appendEntries Timeout, request=1b229672-9fc1-42d6-9200-214eb0163fc5->4cc0758a-96f5-4ab9-816d-81d822da247a#5384-t1, previous=(t:1, i:5326), leaderCommit=5326, initializing? false, entries: size=1, first=(t:1, i:5327), METADATAENTRY(c5325)
2019-07-08 22:30:17,495 WARN  server.GrpcLogAppender (GrpcLogAppender.java:timeoutAppendRequest(200)) - GrpcLogAppender(1b229672-9fc1-42d6-9200-214eb0163fc5->4cc0758a-96f5-4ab9-816d-81d822da247a): appendEntries Timeout, request=1b229672-9fc1-42d6-9200-214eb0163fc5->4cc0758a-96f5-4ab9-816d-81d822da247a#5385-t1, previous=(t:1, i:5327), leaderCommit=5326, initializing? false, entries: size=1, first=(t:1, i:5328), METADATAENTRY(c5326)
2019-07-08 22:30:17,995 WARN  server.GrpcLogAppender (GrpcLogAppender.java:timeoutAppendRequest(200)) - GrpcLogAppender(1b229672-9fc1-42d6-9200-214eb0163fc5->4cc0758a-96f5-4ab9-816d-81d822da247a): appendEntries Timeout, request=1b229672-9fc1-42d6-9200-214eb0163fc5->4cc0758a-96f5-4ab9-816d-81d822da247a#5386-t1, previous=(t:1, i:5328), leaderCommit=5326, initializing? false, entries: <empty>
2019-07-08 22:30:17,995 WARN  server.GrpcLogAppender (GrpcLogAppender.java:timeoutAppendRequest(200)) - GrpcLogAppender(1b229672-9fc1-42d6-9200-214eb0163fc5->8693c47f-40a3-4a1c-b7ba-6ed996b9183c): appendEntries Timeout, request=1b229672-9fc1-42d6-9200-214eb0163fc5->8693c47f-40a3-4a1c-b7ba-6ed996b9183c#5386-t1, previous=(t:1, i:5328), leaderCommit=5326, initializing? false, entries: <empty>
 0.00% |█                                                                                                    |  0/1 Time: 0:00:442019-07-08 22:30:18,495 WARN  server.GrpcLogAppender (GrpcLogAppender.java:timeoutAppendRequest(200)) - GrpcLogAppender(1b229672-9fc1-42d6-9200-214eb0163fc5->8693c47f-40a3-4a1c-b7ba-6ed996b9183c): appendEntries Timeout, request=1b229672-9fc1-42d6-9200-214eb0163fc5->8693c47f-40a3-4a1c-b7ba-6ed996b9183c#5387-t1, previous=(t:1, i:5328), leaderCommit=5326, initializing? false, entries: <empty>
2019-07-08 22:30:18,495 WARN  server.GrpcLogAppender (GrpcLogAppender.java:timeoutAppendRequest(200)) - GrpcLogAppender(1b229672-9fc1-42d6-9200-214eb0163fc5->4cc0758a-96f5-4ab9-816d-81d822da247a): appendEntries Timeout, request=1b229672-9fc1-42d6-9200-214eb0163fc5->4cc0758a-96f5-4ab9-816d-81d822da247a#5387-t1, previous=(t:1, i:5328), leaderCommit=5326, initializing? false, entries: <empty>
2019-07-08 22:30:18,995 WARN  server.GrpcLogAppender (GrpcLogAppender.java:timeoutAppendRequest(200)) - GrpcLogAppender(1b229672-9fc1-42d6-9200-214eb0163fc5->8693c47f-40a3-4a1c-b7ba-6ed996b9183c): appendEntries Timeout, request=1b229672-9fc1-42d6-9200-214eb0163fc5->8693c47f-40a3-4a1c-b7ba-6ed996b9183c#5388-t1, previous=(t:1, i:5328), leaderCommit=5326, initializing? false, entries: <empty>
2019-07-08 22:30:18,995 WARN  server.GrpcLogAppender (GrpcLogAppender.java:timeoutAppendRequest(200)) - GrpcLogAppender(1b229672-9fc1-42d6-9200-214eb0163fc5->4cc0758a-96f5-4ab9-816d-81d822da247a): appendEntries Timeout, request=1b229672-9fc1-42d6-9200-214eb0163fc5->4cc0758a-96f5-4ab9-816d-81d822da247a#5388-t1, previous=(t:1, i:5328), leaderCommit=5326, initializing? false, entries: <empty>
 0.00% |█                                                                                                    |  0/1 Time: 0:00:452019-07-08 22:30:19,497 WARN  scm.XceiverClientRatis (XceiverClientRatis.java:watchForCommit(262)) - 3 way commit failed 
java.util.concurrent.TimeoutException
	at java.util.concurrent.CompletableFuture.timedGet(CompletableFuture.java:1771)
	at java.util.concurrent.CompletableFuture.get(CompletableFuture.java:1915)
	at org.apache.hadoop.hdds.scm.XceiverClientRatis.watchForCommit(XceiverClientRatis.java:259)
	at org.apache.hadoop.hdds.scm.storage.CommitWatcher.watchForCommit(CommitWatcher.java:194)
	at org.apache.hadoop.hdds.scm.storage.CommitWatcher.watchOnLastIndex(CommitWatcher.java:157)
	at org.apache.hadoop.hdds.scm.storage.BlockOutputStream.watchForCommit(BlockOutputStream.java:355)
	at org.apache.hadoop.hdds.scm.storage.BlockOutputStream.handleFlush(BlockOutputStream.java:486)
	at org.apache.hadoop.hdds.scm.storage.BlockOutputStream.close(BlockOutputStream.java:500)
	at org.apache.hadoop.ozone.client.io.BlockOutputStreamEntry.close(BlockOutputStreamEntry.java:143)
	at org.apache.hadoop.ozone.client.io.KeyOutputStream.handleFlushOrClose(KeyOutputStream.java:438)
	at org.apache.hadoop.ozone.client.io.KeyOutputStream.handleWrite(KeyOutputStream.java:235)
	at org.apache.hadoop.ozone.client.io.KeyOutputStream.write(KeyOutputStream.java:193)
	at org.apache.hadoop.ozone.client.io.OzoneOutputStream.write(OzoneOutputStream.java:49)
	at org.apache.hadoop.ozone.freon.RandomKeyGenerator$KeyProcessor.run(RandomKeyGenerator.java:693)
	at java.util.concurrent.Executors$RunnableAdapter.call(Executors.java:511)
	at java.util.concurrent.FutureTask.run(FutureTask.java:266)
	at java.util.concurrent.ThreadPoolExecutor.runWorker(ThreadPoolExecutor.java:1149)
	at java.util.concurrent.ThreadPoolExecutor$Worker.run(ThreadPoolExecutor.java:624)
	at java.lang.Thread.run(Thread.java:748)
2019-07-08 22:30:19,499 INFO  client.GrpcClientProtocolClient (GrpcClientProtocolClient.java:onNext(255)) - client-7538DDC4E776->1b229672-9fc1-42d6-9200-214eb0163fc5: receive RaftClientReply:client-7538DDC4E776->1b229672-9fc1-42d6-9200-214eb0163fc5@group-440AB812C07F, cid=3549, SUCCESS, logIndex=0, commits[1b229672-9fc1-42d6-9200-214eb0163fc5:c5327, 4cc0758a-96f5-4ab9-816d-81d822da247a:c5323, 8693c47f-40a3-4a1c-b7ba-6ed996b9183c:c5326]
2019-07-08 22:30:19,500 INFO  scm.XceiverClientRatis (XceiverClientRatis.java:lambda$watchForCommit$7(280)) - Could not commit 5326 to all the nodes. Server 4cc0758a-96f5-4ab9-816d-81d822da247a has failed. Committed by majority.
2019-07-08 22:30:19,537 WARN  block.BlockManagerImpl (BlockManagerImpl.java:allocateBlock(192)) - Pipeline creation failed for type:RATIS factor:THREE. Retrying get pipelines call once.
org.apache.hadoop.hdds.scm.pipeline.InsufficientDatanodesException: Cannot create pipeline of factor 3 using 2 nodes.
	at org.apache.hadoop.hdds.scm.pipeline.RatisPipelineProvider.create(RatisPipelineProvider.java:151)
	at org.apache.hadoop.hdds.scm.pipeline.PipelineFactory.create(PipelineFactory.java:57)
	at org.apache.hadoop.hdds.scm.pipeline.SCMPipelineManager.createPipeline(SCMPipelineManager.java:149)
	at org.apache.hadoop.hdds.scm.block.BlockManagerImpl.allocateBlock(BlockManagerImpl.java:190)
	at org.apache.hadoop.hdds.scm.server.SCMBlockProtocolServer.allocateBlock(SCMBlockProtocolServer.java:172)
	at org.apache.hadoop.ozone.protocolPB.ScmBlockLocationProtocolServerSideTranslatorPB.allocateScmBlock(ScmBlockLocationProtocolServerSideTranslatorPB.java:144)
	at org.apache.hadoop.ozone.protocolPB.ScmBlockLocationProtocolServerSideTranslatorPB.send(ScmBlockLocationProtocolServerSideTranslatorPB.java:107)
	at org.apache.hadoop.hdds.protocol.proto.ScmBlockLocationProtocolProtos$ScmBlockLocationProtocolService$2.callBlockingMethod(ScmBlockLocationProtocolProtos.java:11281)
	at org.apache.hadoop.ipc.ProtobufRpcEngine$Server$ProtoBufRpcInvoker.call(ProtobufRpcEngine.java:524)
	at org.apache.hadoop.ipc.RPC$Server.call(RPC.java:1025)
	at org.apache.hadoop.ipc.Server$RpcCall.run(Server.java:876)
	at org.apache.hadoop.ipc.Server$RpcCall.run(Server.java:822)
	at java.security.AccessController.doPrivileged(Native Method)
	at javax.security.auth.Subject.doAs(Subject.java:422)
	at org.apache.hadoop.security.UserGroupInformation.doAs(UserGroupInformation.java:1730)
	at org.apache.hadoop.ipc.Server$Handler.run(Server.java:2682)
2019-07-08 22:30:19,538 INFO  block.BlockManagerImpl (BlockManagerImpl.java:allocateBlock(198)) - Could not find available pipeline of type:RATIS and factor:THREE even after retrying
2019-07-08 22:30:19,539 ERROR block.BlockManagerImpl (BlockManagerImpl.java:allocateBlock(222)) - Unable to allocate a block for the size: 4194304, type: RATIS, factor: THREE
22:30:19.545 [IPC Server handler 2 on 45941] ERROR OMAudit - user=jenkins1000 | ip=127.0.0.1 | op=ALLOCATE_BLOCK {volume=vol-0-36152, bucket=bucket-0-11475, key=key-0-07330, dataSize=0, replicationType=null, replicationFactor=null, keyLocationInfo=null, clientID=102408190283088274} | ret=FAILURE
org.apache.hadoop.hdds.scm.exceptions.SCMException: Allocated 0 blocks. Requested 1 blocks
	at org.apache.hadoop.hdds.scm.protocolPB.ScmBlockLocationProtocolClientSideTranslatorPB.handleError(ScmBlockLocationProtocolClientSideTranslatorPB.java:113) ~[classes/:?]
	at org.apache.hadoop.hdds.scm.protocolPB.ScmBlockLocationProtocolClientSideTranslatorPB.allocateBlock(ScmBlockLocationProtocolClientSideTranslatorPB.java:151) ~[classes/:?]
	at sun.reflect.GeneratedMethodAccessor43.invoke(Unknown Source) ~[?:?]
	at sun.reflect.DelegatingMethodAccessorImpl.invoke(DelegatingMethodAccessorImpl.java:43) ~[?:1.8.0_212]
	at java.lang.reflect.Method.invoke(Method.java:498) ~[?:1.8.0_212]
	at org.apache.hadoop.hdds.tracing.TraceAllMethod.invoke(TraceAllMethod.java:66) ~[classes/:?]
	at com.sun.proxy.$Proxy27.allocateBlock(Unknown Source) ~[?:?]
	at org.apache.hadoop.ozone.om.KeyManagerImpl.allocateBlock(KeyManagerImpl.java:348) ~[classes/:?]
	at org.apache.hadoop.ozone.om.KeyManagerImpl.allocateBlock(KeyManagerImpl.java:316) ~[classes/:?]
	at org.apache.hadoop.ozone.om.OzoneManager.allocateBlock(OzoneManager.java:2291) [classes/:?]
	at org.apache.hadoop.ozone.protocolPB.OzoneManagerRequestHandler.allocateBlock(OzoneManagerRequestHandler.java:756) [classes/:?]
	at org.apache.hadoop.ozone.protocolPB.OzoneManagerRequestHandler.handle(OzoneManagerRequestHandler.java:249) [classes/:?]
	at org.apache.hadoop.ozone.protocolPB.OzoneManagerProtocolServerSideTranslatorPB.submitRequestDirectlyToOM(OzoneManagerProtocolServerSideTranslatorPB.java:192) [classes/:?]
	at org.apache.hadoop.ozone.protocolPB.OzoneManagerProtocolServerSideTranslatorPB.submitRequest(OzoneManagerProtocolServerSideTranslatorPB.java:110) [classes/:?]
	at org.apache.hadoop.ozone.protocol.proto.OzoneManagerProtocolProtos$OzoneManagerService$2.callBlockingMethod(OzoneManagerProtocolProtos.java) [classes/:?]
	at org.apache.hadoop.ipc.ProtobufRpcEngine$Server$ProtoBufRpcInvoker.call(ProtobufRpcEngine.java:524) [hadoop-common-3.2.0.jar:?]
	at org.apache.hadoop.ipc.RPC$Server.call(RPC.java:1025) [hadoop-common-3.2.0.jar:?]
	at org.apache.hadoop.ipc.Server$RpcCall.run(Server.java:876) [hadoop-common-3.2.0.jar:?]
	at org.apache.hadoop.ipc.Server$RpcCall.run(Server.java:822) [hadoop-common-3.2.0.jar:?]
	at java.security.AccessController.doPrivileged(Native Method) [?:1.8.0_212]
	at javax.security.auth.Subject.doAs(Subject.java:422) [?:1.8.0_212]
	at org.apache.hadoop.security.UserGroupInformation.doAs(UserGroupInformation.java:1730) [hadoop-common-3.2.0.jar:?]
	at org.apache.hadoop.ipc.Server$Handler.run(Server.java:2682) [hadoop-common-3.2.0.jar:?]
2019-07-08 22:30:19,568 ERROR io.BlockOutputStreamEntryPool (BlockOutputStreamEntryPool.java:allocateBlockIfNeeded(299)) - Try to allocate more blocks for write failed, already allocated 0 blocks for this write.
INTERNAL_ERROR org.apache.hadoop.ozone.om.exceptions.OMException: Allocated 0 blocks. Requested 1 blocks
	at org.apache.hadoop.ozone.om.protocolPB.OzoneManagerProtocolClientSideTranslatorPB.handleError(OzoneManagerProtocolClientSideTranslatorPB.java:720)
	at org.apache.hadoop.ozone.om.protocolPB.OzoneManagerProtocolClientSideTranslatorPB.allocateBlock(OzoneManagerProtocolClientSideTranslatorPB.java:752)
	at org.apache.hadoop.ozone.client.io.BlockOutputStreamEntryPool.allocateNewBlock(BlockOutputStreamEntryPool.java:248)
	at org.apache.hadoop.ozone.client.io.BlockOutputStreamEntryPool.allocateBlockIfNeeded(BlockOutputStreamEntryPool.java:296)
	at org.apache.hadoop.ozone.client.io.KeyOutputStream.handleWrite(KeyOutputStream.java:201)
	at org.apache.hadoop.ozone.client.io.KeyOutputStream.write(KeyOutputStream.java:193)
	at org.apache.hadoop.ozone.client.io.OzoneOutputStream.write(OzoneOutputStream.java:49)
	at org.apache.hadoop.ozone.freon.RandomKeyGenerator$KeyProcessor.run(RandomKeyGenerator.java:693)
	at java.util.concurrent.Executors$RunnableAdapter.call(Executors.java:511)
	at java.util.concurrent.FutureTask.run(FutureTask.java:266)
	at java.util.concurrent.ThreadPoolExecutor.runWorker(ThreadPoolExecutor.java:1149)
	at java.util.concurrent.ThreadPoolExecutor$Worker.run(ThreadPoolExecutor.java:624)
	at java.lang.Thread.run(Thread.java:748)
2019-07-08 22:30:19,568 ERROR freon.RandomKeyGenerator (RandomKeyGenerator.java:run(718)) - Exception while adding key: key-0-07330 in bucket: bucket-0-11475 of volume: vol-0-36152.
INTERNAL_ERROR org.apache.hadoop.ozone.om.exceptions.OMException: Allocated 0 blocks. Requested 1 blocks
	at org.apache.hadoop.ozone.om.protocolPB.OzoneManagerProtocolClientSideTranslatorPB.handleError(OzoneManagerProtocolClientSideTranslatorPB.java:720)
	at org.apache.hadoop.ozone.om.protocolPB.OzoneManagerProtocolClientSideTranslatorPB.allocateBlock(OzoneManagerProtocolClientSideTranslatorPB.java:752)
	at org.apache.hadoop.ozone.client.io.BlockOutputStreamEntryPool.allocateNewBlock(BlockOutputStreamEntryPool.java:248)
	at org.apache.hadoop.ozone.client.io.BlockOutputStreamEntryPool.allocateBlockIfNeeded(BlockOutputStreamEntryPool.java:296)
	at org.apache.hadoop.ozone.client.io.KeyOutputStream.handleWrite(KeyOutputStream.java:201)
	at org.apache.hadoop.ozone.client.io.KeyOutputStream.write(KeyOutputStream.java:193)
	at org.apache.hadoop.ozone.client.io.OzoneOutputStream.write(OzoneOutputStream.java:49)
	at org.apache.hadoop.ozone.freon.RandomKeyGenerator$KeyProcessor.run(RandomKeyGenerator.java:693)
	at java.util.concurrent.Executors$RunnableAdapter.call(Executors.java:511)
	at java.util.concurrent.FutureTask.run(FutureTask.java:266)
	at java.util.concurrent.ThreadPoolExecutor.runWorker(ThreadPoolExecutor.java:1149)
	at java.util.concurrent.ThreadPoolExecutor$Worker.run(ThreadPoolExecutor.java:624)
	at java.lang.Thread.run(Thread.java:748)
2019-07-08 22:30:19,870 WARN  server.GrpcLogAppender (GrpcLogAppender.java:timeoutAppendRequest(200)) - GrpcLogAppender(1b229672-9fc1-42d6-9200-214eb0163fc5->8693c47f-40a3-4a1c-b7ba-6ed996b9183c): appendEntries Timeout, request=1b229672-9fc1-42d6-9200-214eb0163fc5->8693c47f-40a3-4a1c-b7ba-6ed996b9183c#5389-t1, previous=(t:1, i:5328), leaderCommit=5327, initializing? false, entries: <empty>
2019-07-08 22:30:19,870 WARN  server.GrpcLogAppender (GrpcLogAppender.java:timeoutAppendRequest(200)) - GrpcLogAppender(1b229672-9fc1-42d6-9200-214eb0163fc5->4cc0758a-96f5-4ab9-816d-81d822da247a): appendEntries Timeout, request=1b229672-9fc1-42d6-9200-214eb0163fc5->4cc0758a-96f5-4ab9-816d-81d822da247a#5389-t1, previous=(t:1, i:5328), leaderCommit=5327, initializing? false, entries: <empty>
 0.00% |█                                                                                                    |  0/1 Time: 0:00:462019-07-08 22:30:20,370 WARN  server.GrpcLogAppender (GrpcLogAppender.java:timeoutAppendRequest(200)) - GrpcLogAppender(1b229672-9fc1-42d6-9200-214eb0163fc5->8693c47f-40a3-4a1c-b7ba-6ed996b9183c): appendEntries Timeout, request=1b229672-9fc1-42d6-9200-214eb0163fc5->8693c47f-40a3-4a1c-b7ba-6ed996b9183c#5390-t1, previous=(t:1, i:5328), leaderCommit=5327, initializing? false, entries: <empty>
2019-07-08 22:30:20,370 WARN  server.GrpcLogAppender (GrpcLogAppender.java:timeoutAppendRequest(200)) - GrpcLogAppender(1b229672-9fc1-42d6-9200-214eb0163fc5->4cc0758a-96f5-4ab9-816d-81d822da247a): appendEntries Timeout, request=1b229672-9fc1-42d6-9200-214eb0163fc5->4cc0758a-96f5-4ab9-816d-81d822da247a#5390-t1, previous=(t:1, i:5328), leaderCommit=5327, initializing? false, entries: <empty>
2019-07-08 22:30:20,870 WARN  server.GrpcLogAppender (GrpcLogAppender.java:timeoutAppendRequest(200)) - GrpcLogAppender(1b229672-9fc1-42d6-9200-214eb0163fc5->8693c47f-40a3-4a1c-b7ba-6ed996b9183c): appendEntries Timeout, request=1b229672-9fc1-42d6-9200-214eb0163fc5->8693c47f-40a3-4a1c-b7ba-6ed996b9183c#5391-t1, previous=(t:1, i:5328), leaderCommit=5327, initializing? false, entries: <empty>
2019-07-08 22:30:20,871 WARN  server.GrpcLogAppender (GrpcLogAppender.java:timeoutAppendRequest(200)) - GrpcLogAppender(1b229672-9fc1-42d6-9200-214eb0163fc5->4cc0758a-96f5-4ab9-816d-81d822da247a): appendEntries Timeout, request=1b229672-9fc1-42d6-9200-214eb0163fc5->4cc0758a-96f5-4ab9-816d-81d822da247a#5391-t1, previous=(t:1, i:5328), leaderCommit=5327, initializing? false, entries: <empty>
 0.00% |█                                                                                                    |  0/1 Time: 0:00:472019-07-08 22:30:21,370 WARN  server.GrpcLogAppender (GrpcLogAppender.java:timeoutAppendRequest(200)) - GrpcLogAppender(1b229672-9fc1-42d6-9200-214eb0163fc5->8693c47f-40a3-4a1c-b7ba-6ed996b9183c): appendEntries Timeout, request=1b229672-9fc1-42d6-9200-214eb0163fc5->8693c47f-40a3-4a1c-b7ba-6ed996b9183c#5392-t1, previous=(t:1, i:5328), leaderCommit=5327, initializing? false, entries: <empty>
2019-07-08 22:30:21,371 WARN  server.GrpcLogAppender (GrpcLogAppender.java:timeoutAppendRequest(200)) - GrpcLogAppender(1b229672-9fc1-42d6-9200-214eb0163fc5->4cc0758a-96f5-4ab9-816d-81d822da247a): appendEntries Timeout, request=1b229672-9fc1-42d6-9200-214eb0163fc5->4cc0758a-96f5-4ab9-816d-81d822da247a#5392-t1, previous=(t:1, i:5328), leaderCommit=5327, initializing? false, entries: <empty>
2019-07-08 22:30:21,871 WARN  server.GrpcLogAppender (GrpcLogAppender.java:timeoutAppendRequest(200)) - GrpcLogAppender(1b229672-9fc1-42d6-9200-214eb0163fc5->8693c47f-40a3-4a1c-b7ba-6ed996b9183c): appendEntries Timeout, request=1b229672-9fc1-42d6-9200-214eb0163fc5->8693c47f-40a3-4a1c-b7ba-6ed996b9183c#5393-t1, previous=(t:1, i:5328), leaderCommit=5327, initializing? false, entries: <empty>
2019-07-08 22:30:21,871 WARN  server.GrpcLogAppender (GrpcLogAppender.java:timeoutAppendRequest(200)) - GrpcLogAppender(1b229672-9fc1-42d6-9200-214eb0163fc5->4cc0758a-96f5-4ab9-816d-81d822da247a): appendEntries Timeout, request=1b229672-9fc1-42d6-9200-214eb0163fc5->4cc0758a-96f5-4ab9-816d-81d822da247a#5393-t1, previous=(t:1, i:5328), leaderCommit=5327, initializing? false, entries: <empty>
 0.00% |█                                                                                                    |  0/1 Time: 0:00:482019-07-08 22:30:22,371 WARN  server.GrpcLogAppender (GrpcLogAppender.java:timeoutAppendRequest(200)) - GrpcLogAppender(1b229672-9fc1-42d6-9200-214eb0163fc5->8693c47f-40a3-4a1c-b7ba-6ed996b9183c): appendEntries Timeout, request=1b229672-9fc1-42d6-9200-214eb0163fc5->8693c47f-40a3-4a1c-b7ba-6ed996b9183c#5394-t1, previous=(t:1, i:5328), leaderCommit=5327, initializing? false, entries: <empty>
2019-07-08 22:30:22,371 WARN  server.GrpcLogAppender (GrpcLogAppender.java:timeoutAppendRequest(200)) - GrpcLogAppender(1b229672-9fc1-42d6-9200-214eb0163fc5->4cc0758a-96f5-4ab9-816d-81d822da247a): appendEntries Timeout, request=1b229672-9fc1-42d6-9200-214eb0163fc5->4cc0758a-96f5-4ab9-816d-81d822da247a#5394-t1, previous=(t:1, i:5328), leaderCommit=5327, initializing? false, entries: <empty>
2019-07-08 22:30:22,518 WARN  server.GrpcLogAppender (GrpcLogAppender.java:onNextImpl(250)) - org.apache.ratis.grpc.server.GrpcLogAppender$AppendLogResponseHandler@72c714b6: Request not found, ignoring reply: 1b229672-9fc1-42d6-9200-214eb0163fc5<-8693c47f-40a3-4a1c-b7ba-6ed996b9183c#5385:OK,SUCCESS,nextIndex:5329,term:1,followerCommit:5327
2019-07-08 22:30:22,518 WARN  server.GrpcLogAppender (GrpcLogAppender.java:onNextImpl(250)) - org.apache.ratis.grpc.server.GrpcLogAppender$AppendLogResponseHandler@72c714b6: Request not found, ignoring reply: 1b229672-9fc1-42d6-9200-214eb0163fc5<-8693c47f-40a3-4a1c-b7ba-6ed996b9183c#5386:OK,SUCCESS,nextIndex:5329,term:1,followerCommit:5326
2019-07-08 22:30:22,519 WARN  server.GrpcLogAppender (GrpcLogAppender.java:onNextImpl(250)) - org.apache.ratis.grpc.server.GrpcLogAppender$AppendLogResponseHandler@72c714b6: Request not found, ignoring reply: 1b229672-9fc1-42d6-9200-214eb0163fc5<-8693c47f-40a3-4a1c-b7ba-6ed996b9183c#5387:OK,SUCCESS,nextIndex:5329,term:1,followerCommit:5326
2019-07-08 22:30:22,519 WARN  server.GrpcLogAppender (GrpcLogAppender.java:onNextImpl(250)) - org.apache.ratis.grpc.server.GrpcLogAppender$AppendLogResponseHandler@72c714b6: Request not found, ignoring reply: 1b229672-9fc1-42d6-9200-214eb0163fc5<-8693c47f-40a3-4a1c-b7ba-6ed996b9183c#5388:OK,SUCCESS,nextIndex:5329,term:1,followerCommit:5326
2019-07-08 22:30:22,519 WARN  server.GrpcLogAppender (GrpcLogAppender.java:onNextImpl(250)) - org.apache.ratis.grpc.server.GrpcLogAppender$AppendLogResponseHandler@72c714b6: Request not found, ignoring reply: 1b229672-9fc1-42d6-9200-214eb0163fc5<-8693c47f-40a3-4a1c-b7ba-6ed996b9183c#5389:OK,SUCCESS,nextIndex:5329,term:1,followerCommit:5327
2019-07-08 22:30:22,519 WARN  server.GrpcLogAppender (GrpcLogAppender.java:onNextImpl(250)) - org.apache.ratis.grpc.server.GrpcLogAppender$AppendLogResponseHandler@72c714b6: Request not found, ignoring reply: 1b229672-9fc1-42d6-9200-214eb0163fc5<-8693c47f-40a3-4a1c-b7ba-6ed996b9183c#5390:OK,SUCCESS,nextIndex:5329,term:1,followerCommit:5327
2019-07-08 22:30:22,520 WARN  server.GrpcLogAppender (GrpcLogAppender.java:onNextImpl(250)) - org.apache.ratis.grpc.server.GrpcLogAppender$AppendLogResponseHandler@72c714b6: Request not found, ignoring reply: 1b229672-9fc1-42d6-9200-214eb0163fc5<-8693c47f-40a3-4a1c-b7ba-6ed996b9183c#5391:OK,SUCCESS,nextIndex:5329,term:1,followerCommit:5327
2019-07-08 22:30:22,520 WARN  server.GrpcLogAppender (GrpcLogAppender.java:onNextImpl(250)) - org.apache.ratis.grpc.server.GrpcLogAppender$AppendLogResponseHandler@72c714b6: Request not found, ignoring reply: 1b229672-9fc1-42d6-9200-214eb0163fc5<-8693c47f-40a3-4a1c-b7ba-6ed996b9183c#5392:OK,SUCCESS,nextIndex:5329,term:1,followerCommit:5327
2019-07-08 22:30:22,520 WARN  server.GrpcLogAppender (GrpcLogAppender.java:onNextImpl(250)) - org.apache.ratis.grpc.server.GrpcLogAppender$AppendLogResponseHandler@72c714b6: Request not found, ignoring reply: 1b229672-9fc1-42d6-9200-214eb0163fc5<-8693c47f-40a3-4a1c-b7ba-6ed996b9183c#5393:OK,SUCCESS,nextIndex:5329,term:1,followerCommit:5327
2019-07-08 22:30:22,520 WARN  server.GrpcLogAppender (GrpcLogAppender.java:onNextImpl(250)) - org.apache.ratis.grpc.server.GrpcLogAppender$AppendLogResponseHandler@72c714b6: Request not found, ignoring reply: 1b229672-9fc1-42d6-9200-214eb0163fc5<-8693c47f-40a3-4a1c-b7ba-6ed996b9183c#5394:OK,SUCCESS,nextIndex:5329,term:1,followerCommit:5327
2019-07-08 22:30:22,592 WARN  server.GrpcLogAppender (GrpcLogAppender.java:onNextImpl(250)) - org.apache.ratis.grpc.server.GrpcLogAppender$AppendLogResponseHandler@48cb9c0b: Request not found, ignoring reply: 1b229672-9fc1-42d6-9200-214eb0163fc5<-4cc0758a-96f5-4ab9-816d-81d822da247a#5384:OK,SUCCESS,nextIndex:5328,term:1,followerCommit:5326
2019-07-08 22:30:22,593 WARN  server.GrpcLogAppender (GrpcLogAppender.java:onNextImpl(250)) - org.apache.ratis.grpc.server.GrpcLogAppender$AppendLogResponseHandler@48cb9c0b: Request not found, ignoring reply: 1b229672-9fc1-42d6-9200-214eb0163fc5<-4cc0758a-96f5-4ab9-816d-81d822da247a#5385:OK,SUCCESS,nextIndex:5329,term:1,followerCommit:5326
2019-07-08 22:30:22,593 WARN  server.GrpcLogAppender (GrpcLogAppender.java:onNextImpl(250)) - org.apache.ratis.grpc.server.GrpcLogAppender$AppendLogResponseHandler@48cb9c0b: Request not found, ignoring reply: 1b229672-9fc1-42d6-9200-214eb0163fc5<-4cc0758a-96f5-4ab9-816d-81d822da247a#5386:OK,SUCCESS,nextIndex:5329,term:1,followerCommit:5323
2019-07-08 22:30:22,593 WARN  server.GrpcLogAppender (GrpcLogAppender.java:onNextImpl(250)) - org.apache.ratis.grpc.server.GrpcLogAppender$AppendLogResponseHandler@48cb9c0b: Request not found, ignoring reply: 1b229672-9fc1-42d6-9200-214eb0163fc5<-4cc0758a-96f5-4ab9-816d-81d822da247a#5387:OK,SUCCESS,nextIndex:5329,term:1,followerCommit:5323
2019-07-08 22:30:22,593 WARN  server.GrpcLogAppender (GrpcLogAppender.java:onNextImpl(250)) - org.apache.ratis.grpc.server.GrpcLogAppender$AppendLogResponseHandler@48cb9c0b: Request not found, ignoring reply: 1b229672-9fc1-42d6-9200-214eb0163fc5<-4cc0758a-96f5-4ab9-816d-81d822da247a#5388:OK,SUCCESS,nextIndex:5329,term:1,followerCommit:5323
2019-07-08 22:30:22,594 WARN  server.GrpcLogAppender (GrpcLogAppender.java:onNextImpl(250)) - org.apache.ratis.grpc.server.GrpcLogAppender$AppendLogResponseHandler@48cb9c0b: Request not found, ignoring reply: 1b229672-9fc1-42d6-9200-214eb0163fc5<-4cc0758a-96f5-4ab9-816d-81d822da247a#5389:OK,SUCCESS,nextIndex:5329,term:1,followerCommit:5326
2019-07-08 22:30:22,594 WARN  server.GrpcLogAppender (GrpcLogAppender.java:onNextImpl(250)) - org.apache.ratis.grpc.server.GrpcLogAppender$AppendLogResponseHandler@48cb9c0b: Request not found, ignoring reply: 1b229672-9fc1-42d6-9200-214eb0163fc5<-4cc0758a-96f5-4ab9-816d-81d822da247a#5390:OK,SUCCESS,nextIndex:5329,term:1,followerCommit:5326
2019-07-08 22:30:22,594 WARN  server.GrpcLogAppender (GrpcLogAppender.java:onNextImpl(250)) - org.apache.ratis.grpc.server.GrpcLogAppender$AppendLogResponseHandler@48cb9c0b: Request not found, ignoring reply: 1b229672-9fc1-42d6-9200-214eb0163fc5<-4cc0758a-96f5-4ab9-816d-81d822da247a#5391:OK,SUCCESS,nextIndex:5329,term:1,followerCommit:5326
2019-07-08 22:30:22,594 WARN  server.GrpcLogAppender (GrpcLogAppender.java:onNextImpl(250)) - org.apache.ratis.grpc.server.GrpcLogAppender$AppendLogResponseHandler@48cb9c0b: Request not found, ignoring reply: 1b229672-9fc1-42d6-9200-214eb0163fc5<-4cc0758a-96f5-4ab9-816d-81d822da247a#5392:OK,SUCCESS,nextIndex:5329,term:1,followerCommit:5326
2019-07-08 22:30:22,594 WARN  server.GrpcLogAppender (GrpcLogAppender.java:onNextImpl(250)) - org.apache.ratis.grpc.server.GrpcLogAppender$AppendLogResponseHandler@48cb9c0b: Request not found, ignoring reply: 1b229672-9fc1-42d6-9200-214eb0163fc5<-4cc0758a-96f5-4ab9-816d-81d822da247a#5393:OK,SUCCESS,nextIndex:5329,term:1,followerCommit:5326
2019-07-08 22:30:22,595 WARN  server.GrpcLogAppender (GrpcLogAppender.java:onNextImpl(250)) - org.apache.ratis.grpc.server.GrpcLogAppender$AppendLogResponseHandler@48cb9c0b: Request not found, ignoring reply: 1b229672-9fc1-42d6-9200-214eb0163fc5<-4cc0758a-96f5-4ab9-816d-81d822da247a#5394:OK,SUCCESS,nextIndex:5329,term:1,followerCommit:5326
2019-07-08 22:30:22,595 INFO  client.GrpcClientProtocolClient (GrpcClientProtocolClient.java:onNext(255)) - client-7538DDC4E776->1b229672-9fc1-42d6-9200-214eb0163fc5: receive RaftClientReply:client-7538DDC4E776->1b229672-9fc1-42d6-9200-214eb0163fc5@group-440AB812C07F, cid=3548, SUCCESS, logIndex=0, commits[1b229672-9fc1-42d6-9200-214eb0163fc5:c5328, 4cc0758a-96f5-4ab9-816d-81d822da247a:c5326, 8693c47f-40a3-4a1c-b7ba-6ed996b9183c:c5327]
2019-07-08 22:30:22,596 INFO  client.GrpcClientProtocolClient (GrpcClientProtocolClient.java:onNext(255)) - client-7538DDC4E776->1b229672-9fc1-42d6-9200-214eb0163fc5: receive RaftClientReply:client-7538DDC4E776->1b229672-9fc1-42d6-9200-214eb0163fc5@group-440AB812C07F, cid=3548, SUCCESS, logIndex=0, commits[1b229672-9fc1-42d6-9200-214eb0163fc5:c5328, 4cc0758a-96f5-4ab9-816d-81d822da247a:c5326, 8693c47f-40a3-4a1c-b7ba-6ed996b9183c:c5327]
2019-07-08 22:30:22,596 INFO  client.GrpcClientProtocolClient (GrpcClientProtocolClient.java:onNext(255)) - client-7538DDC4E776->1b229672-9fc1-42d6-9200-214eb0163fc5: receive RaftClientReply:client-7538DDC4E776->1b229672-9fc1-42d6-9200-214eb0163fc5@group-440AB812C07F, cid=3548, SUCCESS, logIndex=0, commits[1b229672-9fc1-42d6-9200-214eb0163fc5:c5328, 4cc0758a-96f5-4ab9-816d-81d822da247a:c5326, 8693c47f-40a3-4a1c-b7ba-6ed996b9183c:c5327]
 0.00% |█                                                                                                    |  0/1 Time: 0:00:49 100.00% |█████████████████████████████████████████████████████████████████████████████████████████████████████|  1/1 Time: 0:00:50
]]></system-out>
  </testcase>
  <testcase name="multiThread" classname="org.apache.hadoop.ozone.freon.TestRandomKeyGenerator" time="5.034"/>
</testsuite>