<?xml version="1.0" encoding="UTF-8"?>
<testsuite xmlns:xsi="http://www.w3.org/2001/XMLSchema-instance" xsi:noNamespaceSchemaLocation="https://maven.apache.org/surefire/maven-surefire-plugin/xsd/surefire-test-report.xsd" name="org.apache.hadoop.ozone.client.rpc.TestWatchForCommit" time="398.042" tests="5" errors="2" skipped="0" failures="0">
  <properties>
    <property name="awt.toolkit" value="sun.awt.X11.XToolkit"/>
    <property name="file.encoding.pkg" value="sun.io"/>
    <property name="java.specification.version" value="1.8"/>
    <property name="sun.cpu.isalist" value=""/>
    <property name="sun.jnu.encoding" value="UTF-8"/>
    <property name="java.class.path" value="/workdir/hadoop-ozone/integration-test/target/test-classes:/workdir/hadoop-ozone/integration-test/target/classes:/home/user/.m2/repository/org/apache/hadoop/hadoop-ozone-common/0.5.0-SNAPSHOT/hadoop-ozone-common-0.5.0-SNAPSHOT.jar:/home/user/.m2/repository/org/apache/commons/commons-compress/1.4.1/commons-compress-1.4.1.jar:/home/user/.m2/repository/org/tukaani/xz/1.0/xz-1.0.jar:/home/user/.m2/repository/org/apache/hadoop/hadoop-common/3.2.0/hadoop-common-3.2.0.jar:/home/user/.m2/repository/org/apache/hadoop/hadoop-hdfs/3.2.0/hadoop-hdfs-3.2.0.jar:/home/user/.m2/repository/org/apache/hadoop/hadoop-hdfs-client/3.2.0/hadoop-hdfs-client-3.2.0.jar:/home/user/.m2/repository/com/fasterxml/jackson/core/jackson-annotations/2.9.9/jackson-annotations-2.9.9.jar:/home/user/.m2/repository/org/apache/hadoop/hadoop-hdds-common/0.5.0-SNAPSHOT/hadoop-hdds-common-0.5.0-SNAPSHOT.jar:/home/user/.m2/repository/javax/annotation/javax.annotation-api/1.2/javax.annotation-api-1.2.jar:/home/user/.m2/repository/org/apache/ratis/ratis-server/0.4.0/ratis-server-0.4.0.jar:/home/user/.m2/repository/org/apache/ratis/ratis-thirdparty-misc/0.2.0/ratis-thirdparty-misc-0.2.0.jar:/home/user/.m2/repository/org/apache/ratis/ratis-proto/0.4.0/ratis-proto-0.4.0.jar:/home/user/.m2/repository/org/apache/ratis/ratis-common/0.4.0/ratis-common-0.4.0.jar:/home/user/.m2/repository/org/apache/ratis/ratis-client/0.4.0/ratis-client-0.4.0.jar:/home/user/.m2/repository/org/apache/ratis/ratis-metrics/0.4.0/ratis-metrics-0.4.0.jar:/home/user/.m2/repository/com/github/joshelser/dropwizard-metrics-hadoop-metrics2-reporter/0.1.2/dropwizard-metrics-hadoop-metrics2-reporter-0.1.2.jar:/home/user/.m2/repository/io/dropwizard/metrics/metrics-jvm/3.2.5/metrics-jvm-3.2.5.jar:/home/user/.m2/repository/io/dropwizard/metrics/metrics-ganglia/3.2.5/metrics-ganglia-3.2.5.jar:/home/user/.m2/repository/info/ganglia/gmetric4j/gmetric4j/1.0.7/gmetric4j-1.0.7.jar:/home/user/.m2/repository/org/apache/ratis/ratis-netty/0.4.0/ratis-netty-0.4.0.jar:/home/user/.m2/repository/org/apache/ratis/ratis-grpc/0.4.0/ratis-grpc-0.4.0.jar:/home/user/.m2/repository/org/rocksdb/rocksdbjni/6.0.1/rocksdbjni-6.0.1.jar:/home/user/.m2/repository/org/apache/logging/log4j/log4j-api/2.11.0/log4j-api-2.11.0.jar:/home/user/.m2/repository/org/apache/logging/log4j/log4j-core/2.11.0/log4j-core-2.11.0.jar:/home/user/.m2/repository/com/lmax/disruptor/3.4.2/disruptor-3.4.2.jar:/home/user/.m2/repository/org/apache/commons/commons-pool2/2.6.0/commons-pool2-2.6.0.jar:/home/user/.m2/repository/org/bouncycastle/bcpkix-jdk15on/1.60/bcpkix-jdk15on-1.60.jar:/home/user/.m2/repository/commons-validator/commons-validator/1.6/commons-validator-1.6.jar:/home/user/.m2/repository/commons-digester/commons-digester/1.8.1/commons-digester-1.8.1.jar:/home/user/.m2/repository/io/jaegertracing/jaeger-client/0.34.0/jaeger-client-0.34.0.jar:/home/user/.m2/repository/io/jaegertracing/jaeger-thrift/0.34.0/jaeger-thrift-0.34.0.jar:/home/user/.m2/repository/org/apache/thrift/libthrift/0.12.0/libthrift-0.12.0.jar:/home/user/.m2/repository/com/squareup/okhttp3/okhttp/3.9.0/okhttp-3.9.0.jar:/home/user/.m2/repository/com/squareup/okio/okio/1.13.0/okio-1.13.0.jar:/home/user/.m2/repository/io/jaegertracing/jaeger-core/0.34.0/jaeger-core-0.34.0.jar:/home/user/.m2/repository/io/jaegertracing/jaeger-tracerresolver/0.34.0/jaeger-tracerresolver-0.34.0.jar:/home/user/.m2/repository/io/opentracing/contrib/opentracing-tracerresolver/0.1.5/opentracing-tracerresolver-0.1.5.jar:/home/user/.m2/repository/io/opentracing/opentracing-util/0.31.0/opentracing-util-0.31.0.jar:/home/user/.m2/repository/io/opentracing/opentracing-api/0.31.0/opentracing-api-0.31.0.jar:/home/user/.m2/repository/io/opentracing/opentracing-noop/0.31.0/opentracing-noop-0.31.0.jar:/home/user/.m2/repository/org/apache/hadoop/hadoop-hdds-server-framework/0.5.0-SNAPSHOT/hadoop-hdds-server-framework-0.5.0-SNAPSHOT.jar:/home/user/.m2/repository/org/apache/hadoop/hadoop-hdds-container-service/0.5.0-SNAPSHOT/hadoop-hdds-container-service-0.5.0-SNAPSHOT.jar:/home/user/.m2/repository/org/apache/hadoop/hadoop-hdds-client/0.5.0-SNAPSHOT/hadoop-hdds-client-0.5.0-SNAPSHOT.jar:/home/user/.m2/repository/org/apache/hadoop/hadoop-hdds-tools/0.5.0-SNAPSHOT/hadoop-hdds-tools-0.5.0-SNAPSHOT.jar:/home/user/.m2/repository/org/apache/hadoop/hadoop-hdds-server-scm/0.5.0-SNAPSHOT/hadoop-hdds-server-scm-0.5.0-SNAPSHOT.jar:/home/user/.m2/repository/org/apache/hadoop/hadoop-hdds-docs/0.5.0-SNAPSHOT/hadoop-hdds-docs-0.5.0-SNAPSHOT.jar:/home/user/.m2/repository/io/dropwizard/metrics/metrics-core/3.2.4/metrics-core-3.2.4.jar:/home/user/.m2/repository/org/hamcrest/hamcrest-all/1.3/hamcrest-all-1.3.jar:/home/user/.m2/repository/org/bouncycastle/bcprov-jdk15on/1.60/bcprov-jdk15on-1.60.jar:/home/user/.m2/repository/info/picocli/picocli/3.9.6/picocli-3.9.6.jar:/home/user/.m2/repository/com/google/protobuf/protobuf-java/2.5.0/protobuf-java-2.5.0.jar:/home/user/.m2/repository/com/google/guava/guava/11.0.2/guava-11.0.2.jar:/home/user/.m2/repository/org/apache/hadoop/hadoop-ozone-ozone-manager/0.5.0-SNAPSHOT/hadoop-ozone-ozone-manager-0.5.0-SNAPSHOT.jar:/home/user/.m2/repository/org/apache/hadoop/hadoop-minikdc/3.2.0/hadoop-minikdc-3.2.0.jar:/home/user/.m2/repository/commons-io/commons-io/2.5/commons-io-2.5.jar:/home/user/.m2/repository/org/apache/kerby/kerb-simplekdc/1.0.1/kerb-simplekdc-1.0.1.jar:/home/user/.m2/repository/org/apache/kerby/kerb-client/1.0.1/kerb-client-1.0.1.jar:/home/user/.m2/repository/org/apache/kerby/kerby-config/1.0.1/kerby-config-1.0.1.jar:/home/user/.m2/repository/org/apache/kerby/kerb-core/1.0.1/kerb-core-1.0.1.jar:/home/user/.m2/repository/org/apache/kerby/kerby-pkix/1.0.1/kerby-pkix-1.0.1.jar:/home/user/.m2/repository/org/apache/kerby/kerby-asn1/1.0.1/kerby-asn1-1.0.1.jar:/home/user/.m2/repository/org/apache/kerby/kerby-util/1.0.1/kerby-util-1.0.1.jar:/home/user/.m2/repository/org/apache/kerby/kerb-common/1.0.1/kerb-common-1.0.1.jar:/home/user/.m2/repository/org/apache/kerby/kerb-crypto/1.0.1/kerb-crypto-1.0.1.jar:/home/user/.m2/repository/org/apache/kerby/kerb-util/1.0.1/kerb-util-1.0.1.jar:/home/user/.m2/repository/org/apache/kerby/token-provider/1.0.1/token-provider-1.0.1.jar:/home/user/.m2/repository/org/apache/kerby/kerb-admin/1.0.1/kerb-admin-1.0.1.jar:/home/user/.m2/repository/org/apache/kerby/kerb-server/1.0.1/kerb-server-1.0.1.jar:/home/user/.m2/repository/org/apache/kerby/kerb-identity/1.0.1/kerb-identity-1.0.1.jar:/home/user/.m2/repository/org/apache/kerby/kerby-xdr/1.0.1/kerby-xdr-1.0.1.jar:/home/user/.m2/repository/org/slf4j/slf4j-log4j12/1.7.25/slf4j-log4j12-1.7.25.jar:/home/user/.m2/repository/org/apache/hadoop/hadoop-ozone-s3gateway/0.5.0-SNAPSHOT/hadoop-ozone-s3gateway-0.5.0-SNAPSHOT.jar:/home/user/.m2/repository/org/jboss/weld/servlet/weld-servlet/2.4.7.Final/weld-servlet-2.4.7.Final.jar:/home/user/.m2/repository/org/glassfish/jersey/containers/jersey-container-servlet-core/2.27/jersey-container-servlet-core-2.27.jar:/home/user/.m2/repository/org/glassfish/hk2/external/javax.inject/2.5.0-b42/javax.inject-2.5.0-b42.jar:/home/user/.m2/repository/org/glassfish/jersey/core/jersey-common/2.27/jersey-common-2.27.jar:/home/user/.m2/repository/org/glassfish/hk2/osgi-resource-locator/1.0.1/osgi-resource-locator-1.0.1.jar:/home/user/.m2/repository/javax/ws/rs/javax.ws.rs-api/2.1/javax.ws.rs-api-2.1.jar:/home/user/.m2/repository/org/glassfish/jersey/ext/cdi/jersey-cdi1x/2.27/jersey-cdi1x-2.27.jar:/home/user/.m2/repository/org/glassfish/jersey/inject/jersey-hk2/2.27/jersey-hk2-2.27.jar:/home/user/.m2/repository/org/glassfish/hk2/hk2-locator/2.5.0-b42/hk2-locator-2.5.0-b42.jar:/home/user/.m2/repository/org/javassist/javassist/3.22.0-CR2/javassist-3.22.0-CR2.jar:/home/user/.m2/repository/org/glassfish/hk2/hk2-api/2.5.0/hk2-api-2.5.0.jar:/home/user/.m2/repository/org/glassfish/hk2/external/jakarta.inject/2.5.0/jakarta.inject-2.5.0.jar:/home/user/.m2/repository/org/glassfish/hk2/hk2-utils/2.5.0/hk2-utils-2.5.0.jar:/home/user/.m2/repository/jakarta/annotation/jakarta.annotation-api/1.3.4/jakarta.annotation-api-1.3.4.jar:/home/user/.m2/repository/org/glassfish/hk2/external/aopalliance-repackaged/2.5.0/aopalliance-repackaged-2.5.0.jar:/home/user/.m2/repository/com/fasterxml/jackson/dataformat/jackson-dataformat-xml/2.9.0/jackson-dataformat-xml-2.9.0.jar:/home/user/.m2/repository/com/fasterxml/jackson/core/jackson-core/2.9.9/jackson-core-2.9.9.jar:/home/user/.m2/repository/com/fasterxml/jackson/module/jackson-module-jaxb-annotations/2.9.9/jackson-module-jaxb-annotations-2.9.9.jar:/home/user/.m2/repository/javax/enterprise/cdi-api/1.2/cdi-api-1.2.jar:/home/user/.m2/repository/javax/el/javax.el-api/3.0.0/javax.el-api-3.0.0.jar:/home/user/.m2/repository/javax/interceptor/javax.interceptor-api/1.2/javax.interceptor-api-1.2.jar:/home/user/.m2/repository/javax/inject/javax.inject/1/javax.inject-1.jar:/home/user/.m2/repository/com/sun/xml/bind/jaxb-impl/2.3.0.1/jaxb-impl-2.3.0.1.jar:/home/user/.m2/repository/com/sun/xml/bind/jaxb-core/2.3.0.1/jaxb-core-2.3.0.1.jar:/home/user/.m2/repository/javax/xml/bind/jaxb-api/2.3.0/jaxb-api-2.3.0.jar:/home/user/.m2/repository/javax/activation/activation/1.1.1/activation-1.1.1.jar:/home/user/.m2/repository/org/apache/hadoop/hadoop-ozone-csi/0.5.0-SNAPSHOT/hadoop-ozone-csi-0.5.0-SNAPSHOT.jar:/home/user/.m2/repository/com/google/protobuf/protobuf-java-util/3.5.1/protobuf-java-util-3.5.1.jar:/home/user/.m2/repository/org/apache/hadoop/hadoop-hdds-config/0.5.0-SNAPSHOT/hadoop-hdds-config-0.5.0-SNAPSHOT.jar:/home/user/.m2/repository/io/grpc/grpc-netty/1.17.1/grpc-netty-1.17.1.jar:/home/user/.m2/repository/io/grpc/grpc-core/1.17.1/grpc-core-1.17.1.jar:/home/user/.m2/repository/io/grpc/grpc-context/1.17.1/grpc-context-1.17.1.jar:/home/user/.m2/repository/com/google/errorprone/error_prone_annotations/2.2.0/error_prone_annotations-2.2.0.jar:/home/user/.m2/repository/org/codehaus/mojo/animal-sniffer-annotations/1.17/animal-sniffer-annotations-1.17.jar:/home/user/.m2/repository/io/opencensus/opencensus-api/0.17.0/opencensus-api-0.17.0.jar:/home/user/.m2/repository/io/opencensus/opencensus-contrib-grpc-metrics/0.17.0/opencensus-contrib-grpc-metrics-0.17.0.jar:/home/user/.m2/repository/io/netty/netty-codec-http2/4.1.30.Final/netty-codec-http2-4.1.30.Final.jar:/home/user/.m2/repository/io/netty/netty-codec-http/4.1.30.Final/netty-codec-http-4.1.30.Final.jar:/home/user/.m2/repository/io/netty/netty-codec/4.1.30.Final/netty-codec-4.1.30.Final.jar:/home/user/.m2/repository/io/netty/netty-handler/4.1.30.Final/netty-handler-4.1.30.Final.jar:/home/user/.m2/repository/io/netty/netty-handler-proxy/4.1.30.Final/netty-handler-proxy-4.1.30.Final.jar:/home/user/.m2/repository/io/netty/netty-codec-socks/4.1.30.Final/netty-codec-socks-4.1.30.Final.jar:/home/user/.m2/repository/io/netty/netty-transport-native-epoll/4.1.30.Final/netty-transport-native-epoll-4.1.30.Final.jar:/home/user/.m2/repository/io/netty/netty-common/4.1.30.Final/netty-common-4.1.30.Final.jar:/home/user/.m2/repository/io/netty/netty-buffer/4.1.30.Final/netty-buffer-4.1.30.Final.jar:/home/user/.m2/repository/io/netty/netty-transport/4.1.30.Final/netty-transport-4.1.30.Final.jar:/home/user/.m2/repository/io/netty/netty-resolver/4.1.30.Final/netty-resolver-4.1.30.Final.jar:/home/user/.m2/repository/io/netty/netty-transport-native-unix-common/4.1.30.Final/netty-transport-native-unix-common-4.1.30.Final.jar:/home/user/.m2/repository/io/grpc/grpc-protobuf/1.17.1/grpc-protobuf-1.17.1.jar:/home/user/.m2/repository/com/google/api/grpc/proto-google-common-protos/1.0.0/proto-google-common-protos-1.0.0.jar:/home/user/.m2/repository/io/grpc/grpc-protobuf-lite/1.17.1/grpc-protobuf-lite-1.17.1.jar:/home/user/.m2/repository/io/grpc/grpc-stub/1.17.1/grpc-stub-1.17.1.jar:/home/user/.m2/repository/org/apache/hadoop/hadoop-ozone-recon/0.5.0-SNAPSHOT/hadoop-ozone-recon-0.5.0-SNAPSHOT.jar:/home/user/.m2/repository/org/apache/hadoop/hadoop-ozone-reconcodegen/0.5.0-SNAPSHOT/hadoop-ozone-reconcodegen-0.5.0-SNAPSHOT.jar:/home/user/.m2/repository/com/google/inject/extensions/guice-multibindings/4.0/guice-multibindings-4.0.jar:/home/user/.m2/repository/com/google/inject/guice/4.0/guice-4.0.jar:/home/user/.m2/repository/aopalliance/aopalliance/1.0/aopalliance-1.0.jar:/home/user/.m2/repository/com/google/inject/extensions/guice-servlet/4.0/guice-servlet-4.0.jar:/home/user/.m2/repository/org/glassfish/jersey/containers/jersey-container-servlet/2.27/jersey-container-servlet-2.27.jar:/home/user/.m2/repository/org/glassfish/hk2/guice-bridge/2.5.0/guice-bridge-2.5.0.jar:/home/user/.m2/repository/org/glassfish/jersey/core/jersey-server/2.27/jersey-server-2.27.jar:/home/user/.m2/repository/org/glassfish/jersey/core/jersey-client/2.27/jersey-client-2.27.jar:/home/user/.m2/repository/org/glassfish/jersey/media/jersey-media-jaxb/2.27/jersey-media-jaxb-2.27.jar:/home/user/.m2/repository/javax/validation/validation-api/1.1.0.Final/validation-api-1.1.0.Final.jar:/home/user/.m2/repository/org/glassfish/jersey/media/jersey-media-json-jackson/2.27/jersey-media-json-jackson-2.27.jar:/home/user/.m2/repository/org/glassfish/jersey/ext/jersey-entity-filtering/2.27/jersey-entity-filtering-2.27.jar:/home/user/.m2/repository/com/google/inject/extensions/guice-assistedinject/4.0/guice-assistedinject-4.0.jar:/home/user/.m2/repository/org/jooq/jooq/3.11.10/jooq-3.11.10.jar:/home/user/.m2/repository/org/jooq/jooq-meta/3.11.10/jooq-meta-3.11.10.jar:/home/user/.m2/repository/org/jooq/jooq-codegen/3.11.10/jooq-codegen-3.11.10.jar:/home/user/.m2/repository/com/jolbox/bonecp/0.8.0.RELEASE/bonecp-0.8.0.RELEASE.jar:/home/user/.m2/repository/org/xerial/sqlite-jdbc/3.25.2/sqlite-jdbc-3.25.2.jar:/home/user/.m2/repository/org/springframework/spring-jdbc/5.1.3.RELEASE/spring-jdbc-5.1.3.RELEASE.jar:/home/user/.m2/repository/org/springframework/spring-beans/5.1.3.RELEASE/spring-beans-5.1.3.RELEASE.jar:/home/user/.m2/repository/org/springframework/spring-core/5.1.3.RELEASE/spring-core-5.1.3.RELEASE.jar:/home/user/.m2/repository/org/springframework/spring-jcl/5.1.3.RELEASE/spring-jcl-5.1.3.RELEASE.jar:/home/user/.m2/repository/org/springframework/spring-tx/5.1.3.RELEASE/spring-tx-5.1.3.RELEASE.jar:/home/user/.m2/repository/org/apache/hadoop/hadoop-ozone-client/0.5.0-SNAPSHOT/hadoop-ozone-client-0.5.0-SNAPSHOT.jar:/home/user/.m2/repository/commons-lang/commons-lang/2.6/commons-lang-2.6.jar:/home/user/.m2/repository/org/apache/hadoop/hadoop-ozone-ozone-manager/0.5.0-SNAPSHOT/hadoop-ozone-ozone-manager-0.5.0-SNAPSHOT-tests.jar:/home/user/.m2/repository/junit/junit/4.11/junit-4.11.jar:/home/user/.m2/repository/org/hamcrest/hamcrest-core/1.3/hamcrest-core-1.3.jar:/home/user/.m2/repository/org/openjdk/jmh/jmh-core/1.19/jmh-core-1.19.jar:/home/user/.m2/repository/net/sf/jopt-simple/jopt-simple/4.6/jopt-simple-4.6.jar:/home/user/.m2/repository/org/apache/commons/commons-math3/3.1.1/commons-math3-3.1.1.jar:/home/user/.m2/repository/org/openjdk/jmh/jmh-generator-annprocess/1.19/jmh-generator-annprocess-1.19.jar:/home/user/.m2/repository/org/mockito/mockito-all/1.8.5/mockito-all-1.8.5.jar:/home/user/.m2/repository/org/apache/hadoop/hadoop-kms/3.2.0/hadoop-kms-3.2.0.jar:/home/user/.m2/repository/org/apache/hadoop/hadoop-auth/3.2.0/hadoop-auth-3.2.0.jar:/home/user/.m2/repository/com/nimbusds/nimbus-jose-jwt/4.41.1/nimbus-jose-jwt-4.41.1.jar:/home/user/.m2/repository/com/github/stephenc/jcip/jcip-annotations/1.0-1/jcip-annotations-1.0-1.jar:/home/user/.m2/repository/net/minidev/json-smart/2.3/json-smart-2.3.jar:/home/user/.m2/repository/net/minidev/accessors-smart/1.2/accessors-smart-1.2.jar:/home/user/.m2/repository/org/ow2/asm/asm/5.0.4/asm-5.0.4.jar:/home/user/.m2/repository/org/apache/curator/curator-framework/2.12.0/curator-framework-2.12.0.jar:/home/user/.m2/repository/com/sun/jersey/jersey-core/1.19/jersey-core-1.19.jar:/home/user/.m2/repository/javax/ws/rs/jsr311-api/1.1.1/jsr311-api-1.1.1.jar:/home/user/.m2/repository/com/sun/jersey/jersey-server/1.19/jersey-server-1.19.jar:/home/user/.m2/repository/javax/servlet/javax.servlet-api/3.1.0/javax.servlet-api-3.1.0.jar:/home/user/.m2/repository/org/eclipse/jetty/jetty-server/9.3.25.v20180904/jetty-server-9.3.25.v20180904.jar:/home/user/.m2/repository/org/eclipse/jetty/jetty-http/9.3.25.v20180904/jetty-http-9.3.25.v20180904.jar:/home/user/.m2/repository/org/eclipse/jetty/jetty-io/9.3.25.v20180904/jetty-io-9.3.25.v20180904.jar:/home/user/.m2/repository/org/eclipse/jetty/jetty-webapp/9.3.25.v20180904/jetty-webapp-9.3.25.v20180904.jar:/home/user/.m2/repository/org/eclipse/jetty/jetty-xml/9.3.25.v20180904/jetty-xml-9.3.25.v20180904.jar:/home/user/.m2/repository/log4j/log4j/1.2.17/log4j-1.2.17.jar:/home/user/.m2/repository/org/slf4j/slf4j-api/1.7.25/slf4j-api-1.7.25.jar:/home/user/.m2/repository/org/slf4j/jul-to-slf4j/1.7.25/jul-to-slf4j-1.7.25.jar:/home/user/.m2/repository/org/eclipse/jetty/jetty-util/9.3.25.v20180904/jetty-util-9.3.25.v20180904.jar:/home/user/.m2/repository/com/fasterxml/jackson/core/jackson-databind/2.9.9/jackson-databind-2.9.9.jar:/home/user/.m2/repository/org/apache/hadoop/hadoop-kms/3.2.0/hadoop-kms-3.2.0-tests.jar:/home/user/.m2/repository/org/apache/hadoop/hadoop-hdds-server-scm/0.5.0-SNAPSHOT/hadoop-hdds-server-scm-0.5.0-SNAPSHOT-tests.jar:/home/user/.m2/repository/org/apache/hadoop/hadoop-hdds-container-service/0.5.0-SNAPSHOT/hadoop-hdds-container-service-0.5.0-SNAPSHOT-tests.jar:/home/user/.m2/repository/org/yaml/snakeyaml/1.16/snakeyaml-1.16.jar:/home/user/.m2/repository/org/apache/hadoop/hadoop-common/3.2.0/hadoop-common-3.2.0-tests.jar:/home/user/.m2/repository/org/apache/hadoop/hadoop-annotations/3.2.0/hadoop-annotations-3.2.0.jar:/usr/lib/jvm/java-1.8-openjdk/jre/../lib/tools.jar:/home/user/.m2/repository/commons-cli/commons-cli/1.2/commons-cli-1.2.jar:/home/user/.m2/repository/org/apache/httpcomponents/httpclient/4.5.2/httpclient-4.5.2.jar:/home/user/.m2/repository/org/apache/httpcomponents/httpcore/4.4.4/httpcore-4.4.4.jar:/home/user/.m2/repository/commons-codec/commons-codec/1.11/commons-codec-1.11.jar:/home/user/.m2/repository/commons-net/commons-net/3.6/commons-net-3.6.jar:/home/user/.m2/repository/commons-collections/commons-collections/3.2.2/commons-collections-3.2.2.jar:/home/user/.m2/repository/org/eclipse/jetty/jetty-servlet/9.3.25.v20180904/jetty-servlet-9.3.25.v20180904.jar:/home/user/.m2/repository/org/eclipse/jetty/jetty-security/9.3.25.v20180904/jetty-security-9.3.25.v20180904.jar:/home/user/.m2/repository/javax/servlet/jsp/jsp-api/2.1/jsp-api-2.1.jar:/home/user/.m2/repository/com/sun/jersey/jersey-servlet/1.19/jersey-servlet-1.19.jar:/home/user/.m2/repository/com/sun/jersey/jersey-json/1.19/jersey-json-1.19.jar:/home/user/.m2/repository/org/codehaus/jettison/jettison/1.1/jettison-1.1.jar:/home/user/.m2/repository/org/codehaus/jackson/jackson-core-asl/1.9.13/jackson-core-asl-1.9.13.jar:/home/user/.m2/repository/org/codehaus/jackson/jackson-mapper-asl/1.9.13/jackson-mapper-asl-1.9.13.jar:/home/user/.m2/repository/org/codehaus/jackson/jackson-jaxrs/1.9.13/jackson-jaxrs-1.9.13.jar:/home/user/.m2/repository/org/codehaus/jackson/jackson-xc/1.9.13/jackson-xc-1.9.13.jar:/home/user/.m2/repository/commons-logging/commons-logging/1.1.3/commons-logging-1.1.3.jar:/home/user/.m2/repository/commons-beanutils/commons-beanutils/1.9.4/commons-beanutils-1.9.4.jar:/home/user/.m2/repository/org/apache/commons/commons-configuration2/2.1.1/commons-configuration2-2.1.1.jar:/home/user/.m2/repository/org/apache/commons/commons-lang3/3.7/commons-lang3-3.7.jar:/home/user/.m2/repository/org/apache/commons/commons-text/1.4/commons-text-1.4.jar:/home/user/.m2/repository/org/apache/avro/avro/1.7.7/avro-1.7.7.jar:/home/user/.m2/repository/com/thoughtworks/paranamer/paranamer/2.3/paranamer-2.3.jar:/home/user/.m2/repository/org/xerial/snappy/snappy-java/1.0.5/snappy-java-1.0.5.jar:/home/user/.m2/repository/com/google/re2j/re2j/1.1/re2j-1.1.jar:/home/user/.m2/repository/com/google/code/gson/gson/2.2.4/gson-2.2.4.jar:/home/user/.m2/repository/com/jcraft/jsch/0.1.54/jsch-0.1.54.jar:/home/user/.m2/repository/org/apache/curator/curator-client/2.12.0/curator-client-2.12.0.jar:/home/user/.m2/repository/org/apache/curator/curator-recipes/2.12.0/curator-recipes-2.12.0.jar:/home/user/.m2/repository/com/google/code/findbugs/jsr305/3.0.0/jsr305-3.0.0.jar:/home/user/.m2/repository/org/apache/htrace/htrace-core4/4.1.0-incubating/htrace-core4-4.1.0-incubating.jar:/home/user/.m2/repository/org/apache/zookeeper/zookeeper/3.4.13/zookeeper-3.4.13.jar:/home/user/.m2/repository/jline/jline/0.9.94/jline-0.9.94.jar:/home/user/.m2/repository/org/apache/yetus/audience-annotations/0.5.0/audience-annotations-0.5.0.jar:/home/user/.m2/repository/org/codehaus/woodstox/stax2-api/3.1.4/stax2-api-3.1.4.jar:/home/user/.m2/repository/com/fasterxml/woodstox/woodstox-core/5.0.3/woodstox-core-5.0.3.jar:/home/user/.m2/repository/dnsjava/dnsjava/2.1.7/dnsjava-2.1.7.jar:/home/user/.m2/repository/org/apache/hadoop/hadoop-hdfs/3.2.0/hadoop-hdfs-3.2.0-tests.jar:/home/user/.m2/repository/org/eclipse/jetty/jetty-util-ajax/9.3.25.v20180904/jetty-util-ajax-9.3.25.v20180904.jar:/home/user/.m2/repository/commons-daemon/commons-daemon/1.0.13/commons-daemon-1.0.13.jar:/home/user/.m2/repository/io/netty/netty/3.10.5.Final/netty-3.10.5.Final.jar:/home/user/.m2/repository/io/netty/netty-all/4.0.52.Final/netty-all-4.0.52.Final.jar:/home/user/.m2/repository/org/fusesource/leveldbjni/leveldbjni-all/1.8/leveldbjni-all-1.8.jar:"/>
    <property name="java.vm.vendor" value="IcedTea"/>
    <property name="sun.arch.data.model" value="64"/>
    <property name="test.build.dir" value="/workdir/hadoop-ozone/integration-test/target/test-dir"/>
    <property name="test.cache.data" value=""/>
    <property name="java.vendor.url" value="https://icedtea.classpath.org"/>
    <property name="user.timezone" value=""/>
    <property name="java.vm.specification.version" value="1.8"/>
    <property name="os.name" value="Linux"/>
    <property name="test.build.data" value="/workdir/hadoop-ozone/integration-test/target/test-dir"/>
    <property name="user.country" value="US"/>
    <property name="sun.java.launcher" value="SUN_STANDARD"/>
    <property name="sun.boot.library.path" value="/usr/lib/jvm/java-1.8-openjdk/jre/lib/amd64"/>
    <property name="sun.java.command" value="/workdir/hadoop-ozone/integration-test/target/surefire/surefirebooter6631051970855851219.jar /workdir/hadoop-ozone/integration-test/target/surefire 2019-09-24T11-09-20_750-jvmRun1 surefire3060542068366429024tmp surefire_184604323215457709734tmp"/>
    <property name="test" value="!TestMiniChaosOzoneCluster"/>
    <property name="surefire.test.class.path" value="/workdir/hadoop-ozone/integration-test/target/test-classes:/workdir/hadoop-ozone/integration-test/target/classes:/home/user/.m2/repository/org/apache/hadoop/hadoop-ozone-common/0.5.0-SNAPSHOT/hadoop-ozone-common-0.5.0-SNAPSHOT.jar:/home/user/.m2/repository/org/apache/commons/commons-compress/1.4.1/commons-compress-1.4.1.jar:/home/user/.m2/repository/org/tukaani/xz/1.0/xz-1.0.jar:/home/user/.m2/repository/org/apache/hadoop/hadoop-common/3.2.0/hadoop-common-3.2.0.jar:/home/user/.m2/repository/org/apache/hadoop/hadoop-hdfs/3.2.0/hadoop-hdfs-3.2.0.jar:/home/user/.m2/repository/org/apache/hadoop/hadoop-hdfs-client/3.2.0/hadoop-hdfs-client-3.2.0.jar:/home/user/.m2/repository/com/fasterxml/jackson/core/jackson-annotations/2.9.9/jackson-annotations-2.9.9.jar:/home/user/.m2/repository/org/apache/hadoop/hadoop-hdds-common/0.5.0-SNAPSHOT/hadoop-hdds-common-0.5.0-SNAPSHOT.jar:/home/user/.m2/repository/javax/annotation/javax.annotation-api/1.2/javax.annotation-api-1.2.jar:/home/user/.m2/repository/org/apache/ratis/ratis-server/0.4.0/ratis-server-0.4.0.jar:/home/user/.m2/repository/org/apache/ratis/ratis-thirdparty-misc/0.2.0/ratis-thirdparty-misc-0.2.0.jar:/home/user/.m2/repository/org/apache/ratis/ratis-proto/0.4.0/ratis-proto-0.4.0.jar:/home/user/.m2/repository/org/apache/ratis/ratis-common/0.4.0/ratis-common-0.4.0.jar:/home/user/.m2/repository/org/apache/ratis/ratis-client/0.4.0/ratis-client-0.4.0.jar:/home/user/.m2/repository/org/apache/ratis/ratis-metrics/0.4.0/ratis-metrics-0.4.0.jar:/home/user/.m2/repository/com/github/joshelser/dropwizard-metrics-hadoop-metrics2-reporter/0.1.2/dropwizard-metrics-hadoop-metrics2-reporter-0.1.2.jar:/home/user/.m2/repository/io/dropwizard/metrics/metrics-jvm/3.2.5/metrics-jvm-3.2.5.jar:/home/user/.m2/repository/io/dropwizard/metrics/metrics-ganglia/3.2.5/metrics-ganglia-3.2.5.jar:/home/user/.m2/repository/info/ganglia/gmetric4j/gmetric4j/1.0.7/gmetric4j-1.0.7.jar:/home/user/.m2/repository/org/apache/ratis/ratis-netty/0.4.0/ratis-netty-0.4.0.jar:/home/user/.m2/repository/org/apache/ratis/ratis-grpc/0.4.0/ratis-grpc-0.4.0.jar:/home/user/.m2/repository/org/rocksdb/rocksdbjni/6.0.1/rocksdbjni-6.0.1.jar:/home/user/.m2/repository/org/apache/logging/log4j/log4j-api/2.11.0/log4j-api-2.11.0.jar:/home/user/.m2/repository/org/apache/logging/log4j/log4j-core/2.11.0/log4j-core-2.11.0.jar:/home/user/.m2/repository/com/lmax/disruptor/3.4.2/disruptor-3.4.2.jar:/home/user/.m2/repository/org/apache/commons/commons-pool2/2.6.0/commons-pool2-2.6.0.jar:/home/user/.m2/repository/org/bouncycastle/bcpkix-jdk15on/1.60/bcpkix-jdk15on-1.60.jar:/home/user/.m2/repository/commons-validator/commons-validator/1.6/commons-validator-1.6.jar:/home/user/.m2/repository/commons-digester/commons-digester/1.8.1/commons-digester-1.8.1.jar:/home/user/.m2/repository/io/jaegertracing/jaeger-client/0.34.0/jaeger-client-0.34.0.jar:/home/user/.m2/repository/io/jaegertracing/jaeger-thrift/0.34.0/jaeger-thrift-0.34.0.jar:/home/user/.m2/repository/org/apache/thrift/libthrift/0.12.0/libthrift-0.12.0.jar:/home/user/.m2/repository/com/squareup/okhttp3/okhttp/3.9.0/okhttp-3.9.0.jar:/home/user/.m2/repository/com/squareup/okio/okio/1.13.0/okio-1.13.0.jar:/home/user/.m2/repository/io/jaegertracing/jaeger-core/0.34.0/jaeger-core-0.34.0.jar:/home/user/.m2/repository/io/jaegertracing/jaeger-tracerresolver/0.34.0/jaeger-tracerresolver-0.34.0.jar:/home/user/.m2/repository/io/opentracing/contrib/opentracing-tracerresolver/0.1.5/opentracing-tracerresolver-0.1.5.jar:/home/user/.m2/repository/io/opentracing/opentracing-util/0.31.0/opentracing-util-0.31.0.jar:/home/user/.m2/repository/io/opentracing/opentracing-api/0.31.0/opentracing-api-0.31.0.jar:/home/user/.m2/repository/io/opentracing/opentracing-noop/0.31.0/opentracing-noop-0.31.0.jar:/home/user/.m2/repository/org/apache/hadoop/hadoop-hdds-server-framework/0.5.0-SNAPSHOT/hadoop-hdds-server-framework-0.5.0-SNAPSHOT.jar:/home/user/.m2/repository/org/apache/hadoop/hadoop-hdds-container-service/0.5.0-SNAPSHOT/hadoop-hdds-container-service-0.5.0-SNAPSHOT.jar:/home/user/.m2/repository/org/apache/hadoop/hadoop-hdds-client/0.5.0-SNAPSHOT/hadoop-hdds-client-0.5.0-SNAPSHOT.jar:/home/user/.m2/repository/org/apache/hadoop/hadoop-hdds-tools/0.5.0-SNAPSHOT/hadoop-hdds-tools-0.5.0-SNAPSHOT.jar:/home/user/.m2/repository/org/apache/hadoop/hadoop-hdds-server-scm/0.5.0-SNAPSHOT/hadoop-hdds-server-scm-0.5.0-SNAPSHOT.jar:/home/user/.m2/repository/org/apache/hadoop/hadoop-hdds-docs/0.5.0-SNAPSHOT/hadoop-hdds-docs-0.5.0-SNAPSHOT.jar:/home/user/.m2/repository/io/dropwizard/metrics/metrics-core/3.2.4/metrics-core-3.2.4.jar:/home/user/.m2/repository/org/hamcrest/hamcrest-all/1.3/hamcrest-all-1.3.jar:/home/user/.m2/repository/org/bouncycastle/bcprov-jdk15on/1.60/bcprov-jdk15on-1.60.jar:/home/user/.m2/repository/info/picocli/picocli/3.9.6/picocli-3.9.6.jar:/home/user/.m2/repository/com/google/protobuf/protobuf-java/2.5.0/protobuf-java-2.5.0.jar:/home/user/.m2/repository/com/google/guava/guava/11.0.2/guava-11.0.2.jar:/home/user/.m2/repository/org/apache/hadoop/hadoop-ozone-ozone-manager/0.5.0-SNAPSHOT/hadoop-ozone-ozone-manager-0.5.0-SNAPSHOT.jar:/home/user/.m2/repository/org/apache/hadoop/hadoop-minikdc/3.2.0/hadoop-minikdc-3.2.0.jar:/home/user/.m2/repository/commons-io/commons-io/2.5/commons-io-2.5.jar:/home/user/.m2/repository/org/apache/kerby/kerb-simplekdc/1.0.1/kerb-simplekdc-1.0.1.jar:/home/user/.m2/repository/org/apache/kerby/kerb-client/1.0.1/kerb-client-1.0.1.jar:/home/user/.m2/repository/org/apache/kerby/kerby-config/1.0.1/kerby-config-1.0.1.jar:/home/user/.m2/repository/org/apache/kerby/kerb-core/1.0.1/kerb-core-1.0.1.jar:/home/user/.m2/repository/org/apache/kerby/kerby-pkix/1.0.1/kerby-pkix-1.0.1.jar:/home/user/.m2/repository/org/apache/kerby/kerby-asn1/1.0.1/kerby-asn1-1.0.1.jar:/home/user/.m2/repository/org/apache/kerby/kerby-util/1.0.1/kerby-util-1.0.1.jar:/home/user/.m2/repository/org/apache/kerby/kerb-common/1.0.1/kerb-common-1.0.1.jar:/home/user/.m2/repository/org/apache/kerby/kerb-crypto/1.0.1/kerb-crypto-1.0.1.jar:/home/user/.m2/repository/org/apache/kerby/kerb-util/1.0.1/kerb-util-1.0.1.jar:/home/user/.m2/repository/org/apache/kerby/token-provider/1.0.1/token-provider-1.0.1.jar:/home/user/.m2/repository/org/apache/kerby/kerb-admin/1.0.1/kerb-admin-1.0.1.jar:/home/user/.m2/repository/org/apache/kerby/kerb-server/1.0.1/kerb-server-1.0.1.jar:/home/user/.m2/repository/org/apache/kerby/kerb-identity/1.0.1/kerb-identity-1.0.1.jar:/home/user/.m2/repository/org/apache/kerby/kerby-xdr/1.0.1/kerby-xdr-1.0.1.jar:/home/user/.m2/repository/org/slf4j/slf4j-log4j12/1.7.25/slf4j-log4j12-1.7.25.jar:/home/user/.m2/repository/org/apache/hadoop/hadoop-ozone-s3gateway/0.5.0-SNAPSHOT/hadoop-ozone-s3gateway-0.5.0-SNAPSHOT.jar:/home/user/.m2/repository/org/jboss/weld/servlet/weld-servlet/2.4.7.Final/weld-servlet-2.4.7.Final.jar:/home/user/.m2/repository/org/glassfish/jersey/containers/jersey-container-servlet-core/2.27/jersey-container-servlet-core-2.27.jar:/home/user/.m2/repository/org/glassfish/hk2/external/javax.inject/2.5.0-b42/javax.inject-2.5.0-b42.jar:/home/user/.m2/repository/org/glassfish/jersey/core/jersey-common/2.27/jersey-common-2.27.jar:/home/user/.m2/repository/org/glassfish/hk2/osgi-resource-locator/1.0.1/osgi-resource-locator-1.0.1.jar:/home/user/.m2/repository/javax/ws/rs/javax.ws.rs-api/2.1/javax.ws.rs-api-2.1.jar:/home/user/.m2/repository/org/glassfish/jersey/ext/cdi/jersey-cdi1x/2.27/jersey-cdi1x-2.27.jar:/home/user/.m2/repository/org/glassfish/jersey/inject/jersey-hk2/2.27/jersey-hk2-2.27.jar:/home/user/.m2/repository/org/glassfish/hk2/hk2-locator/2.5.0-b42/hk2-locator-2.5.0-b42.jar:/home/user/.m2/repository/org/javassist/javassist/3.22.0-CR2/javassist-3.22.0-CR2.jar:/home/user/.m2/repository/org/glassfish/hk2/hk2-api/2.5.0/hk2-api-2.5.0.jar:/home/user/.m2/repository/org/glassfish/hk2/external/jakarta.inject/2.5.0/jakarta.inject-2.5.0.jar:/home/user/.m2/repository/org/glassfish/hk2/hk2-utils/2.5.0/hk2-utils-2.5.0.jar:/home/user/.m2/repository/jakarta/annotation/jakarta.annotation-api/1.3.4/jakarta.annotation-api-1.3.4.jar:/home/user/.m2/repository/org/glassfish/hk2/external/aopalliance-repackaged/2.5.0/aopalliance-repackaged-2.5.0.jar:/home/user/.m2/repository/com/fasterxml/jackson/dataformat/jackson-dataformat-xml/2.9.0/jackson-dataformat-xml-2.9.0.jar:/home/user/.m2/repository/com/fasterxml/jackson/core/jackson-core/2.9.9/jackson-core-2.9.9.jar:/home/user/.m2/repository/com/fasterxml/jackson/module/jackson-module-jaxb-annotations/2.9.9/jackson-module-jaxb-annotations-2.9.9.jar:/home/user/.m2/repository/javax/enterprise/cdi-api/1.2/cdi-api-1.2.jar:/home/user/.m2/repository/javax/el/javax.el-api/3.0.0/javax.el-api-3.0.0.jar:/home/user/.m2/repository/javax/interceptor/javax.interceptor-api/1.2/javax.interceptor-api-1.2.jar:/home/user/.m2/repository/javax/inject/javax.inject/1/javax.inject-1.jar:/home/user/.m2/repository/com/sun/xml/bind/jaxb-impl/2.3.0.1/jaxb-impl-2.3.0.1.jar:/home/user/.m2/repository/com/sun/xml/bind/jaxb-core/2.3.0.1/jaxb-core-2.3.0.1.jar:/home/user/.m2/repository/javax/xml/bind/jaxb-api/2.3.0/jaxb-api-2.3.0.jar:/home/user/.m2/repository/javax/activation/activation/1.1.1/activation-1.1.1.jar:/home/user/.m2/repository/org/apache/hadoop/hadoop-ozone-csi/0.5.0-SNAPSHOT/hadoop-ozone-csi-0.5.0-SNAPSHOT.jar:/home/user/.m2/repository/com/google/protobuf/protobuf-java-util/3.5.1/protobuf-java-util-3.5.1.jar:/home/user/.m2/repository/org/apache/hadoop/hadoop-hdds-config/0.5.0-SNAPSHOT/hadoop-hdds-config-0.5.0-SNAPSHOT.jar:/home/user/.m2/repository/io/grpc/grpc-netty/1.17.1/grpc-netty-1.17.1.jar:/home/user/.m2/repository/io/grpc/grpc-core/1.17.1/grpc-core-1.17.1.jar:/home/user/.m2/repository/io/grpc/grpc-context/1.17.1/grpc-context-1.17.1.jar:/home/user/.m2/repository/com/google/errorprone/error_prone_annotations/2.2.0/error_prone_annotations-2.2.0.jar:/home/user/.m2/repository/org/codehaus/mojo/animal-sniffer-annotations/1.17/animal-sniffer-annotations-1.17.jar:/home/user/.m2/repository/io/opencensus/opencensus-api/0.17.0/opencensus-api-0.17.0.jar:/home/user/.m2/repository/io/opencensus/opencensus-contrib-grpc-metrics/0.17.0/opencensus-contrib-grpc-metrics-0.17.0.jar:/home/user/.m2/repository/io/netty/netty-codec-http2/4.1.30.Final/netty-codec-http2-4.1.30.Final.jar:/home/user/.m2/repository/io/netty/netty-codec-http/4.1.30.Final/netty-codec-http-4.1.30.Final.jar:/home/user/.m2/repository/io/netty/netty-codec/4.1.30.Final/netty-codec-4.1.30.Final.jar:/home/user/.m2/repository/io/netty/netty-handler/4.1.30.Final/netty-handler-4.1.30.Final.jar:/home/user/.m2/repository/io/netty/netty-handler-proxy/4.1.30.Final/netty-handler-proxy-4.1.30.Final.jar:/home/user/.m2/repository/io/netty/netty-codec-socks/4.1.30.Final/netty-codec-socks-4.1.30.Final.jar:/home/user/.m2/repository/io/netty/netty-transport-native-epoll/4.1.30.Final/netty-transport-native-epoll-4.1.30.Final.jar:/home/user/.m2/repository/io/netty/netty-common/4.1.30.Final/netty-common-4.1.30.Final.jar:/home/user/.m2/repository/io/netty/netty-buffer/4.1.30.Final/netty-buffer-4.1.30.Final.jar:/home/user/.m2/repository/io/netty/netty-transport/4.1.30.Final/netty-transport-4.1.30.Final.jar:/home/user/.m2/repository/io/netty/netty-resolver/4.1.30.Final/netty-resolver-4.1.30.Final.jar:/home/user/.m2/repository/io/netty/netty-transport-native-unix-common/4.1.30.Final/netty-transport-native-unix-common-4.1.30.Final.jar:/home/user/.m2/repository/io/grpc/grpc-protobuf/1.17.1/grpc-protobuf-1.17.1.jar:/home/user/.m2/repository/com/google/api/grpc/proto-google-common-protos/1.0.0/proto-google-common-protos-1.0.0.jar:/home/user/.m2/repository/io/grpc/grpc-protobuf-lite/1.17.1/grpc-protobuf-lite-1.17.1.jar:/home/user/.m2/repository/io/grpc/grpc-stub/1.17.1/grpc-stub-1.17.1.jar:/home/user/.m2/repository/org/apache/hadoop/hadoop-ozone-recon/0.5.0-SNAPSHOT/hadoop-ozone-recon-0.5.0-SNAPSHOT.jar:/home/user/.m2/repository/org/apache/hadoop/hadoop-ozone-reconcodegen/0.5.0-SNAPSHOT/hadoop-ozone-reconcodegen-0.5.0-SNAPSHOT.jar:/home/user/.m2/repository/com/google/inject/extensions/guice-multibindings/4.0/guice-multibindings-4.0.jar:/home/user/.m2/repository/com/google/inject/guice/4.0/guice-4.0.jar:/home/user/.m2/repository/aopalliance/aopalliance/1.0/aopalliance-1.0.jar:/home/user/.m2/repository/com/google/inject/extensions/guice-servlet/4.0/guice-servlet-4.0.jar:/home/user/.m2/repository/org/glassfish/jersey/containers/jersey-container-servlet/2.27/jersey-container-servlet-2.27.jar:/home/user/.m2/repository/org/glassfish/hk2/guice-bridge/2.5.0/guice-bridge-2.5.0.jar:/home/user/.m2/repository/org/glassfish/jersey/core/jersey-server/2.27/jersey-server-2.27.jar:/home/user/.m2/repository/org/glassfish/jersey/core/jersey-client/2.27/jersey-client-2.27.jar:/home/user/.m2/repository/org/glassfish/jersey/media/jersey-media-jaxb/2.27/jersey-media-jaxb-2.27.jar:/home/user/.m2/repository/javax/validation/validation-api/1.1.0.Final/validation-api-1.1.0.Final.jar:/home/user/.m2/repository/org/glassfish/jersey/media/jersey-media-json-jackson/2.27/jersey-media-json-jackson-2.27.jar:/home/user/.m2/repository/org/glassfish/jersey/ext/jersey-entity-filtering/2.27/jersey-entity-filtering-2.27.jar:/home/user/.m2/repository/com/google/inject/extensions/guice-assistedinject/4.0/guice-assistedinject-4.0.jar:/home/user/.m2/repository/org/jooq/jooq/3.11.10/jooq-3.11.10.jar:/home/user/.m2/repository/org/jooq/jooq-meta/3.11.10/jooq-meta-3.11.10.jar:/home/user/.m2/repository/org/jooq/jooq-codegen/3.11.10/jooq-codegen-3.11.10.jar:/home/user/.m2/repository/com/jolbox/bonecp/0.8.0.RELEASE/bonecp-0.8.0.RELEASE.jar:/home/user/.m2/repository/org/xerial/sqlite-jdbc/3.25.2/sqlite-jdbc-3.25.2.jar:/home/user/.m2/repository/org/springframework/spring-jdbc/5.1.3.RELEASE/spring-jdbc-5.1.3.RELEASE.jar:/home/user/.m2/repository/org/springframework/spring-beans/5.1.3.RELEASE/spring-beans-5.1.3.RELEASE.jar:/home/user/.m2/repository/org/springframework/spring-core/5.1.3.RELEASE/spring-core-5.1.3.RELEASE.jar:/home/user/.m2/repository/org/springframework/spring-jcl/5.1.3.RELEASE/spring-jcl-5.1.3.RELEASE.jar:/home/user/.m2/repository/org/springframework/spring-tx/5.1.3.RELEASE/spring-tx-5.1.3.RELEASE.jar:/home/user/.m2/repository/org/apache/hadoop/hadoop-ozone-client/0.5.0-SNAPSHOT/hadoop-ozone-client-0.5.0-SNAPSHOT.jar:/home/user/.m2/repository/commons-lang/commons-lang/2.6/commons-lang-2.6.jar:/home/user/.m2/repository/org/apache/hadoop/hadoop-ozone-ozone-manager/0.5.0-SNAPSHOT/hadoop-ozone-ozone-manager-0.5.0-SNAPSHOT-tests.jar:/home/user/.m2/repository/junit/junit/4.11/junit-4.11.jar:/home/user/.m2/repository/org/hamcrest/hamcrest-core/1.3/hamcrest-core-1.3.jar:/home/user/.m2/repository/org/openjdk/jmh/jmh-core/1.19/jmh-core-1.19.jar:/home/user/.m2/repository/net/sf/jopt-simple/jopt-simple/4.6/jopt-simple-4.6.jar:/home/user/.m2/repository/org/apache/commons/commons-math3/3.1.1/commons-math3-3.1.1.jar:/home/user/.m2/repository/org/openjdk/jmh/jmh-generator-annprocess/1.19/jmh-generator-annprocess-1.19.jar:/home/user/.m2/repository/org/mockito/mockito-all/1.8.5/mockito-all-1.8.5.jar:/home/user/.m2/repository/org/apache/hadoop/hadoop-kms/3.2.0/hadoop-kms-3.2.0.jar:/home/user/.m2/repository/org/apache/hadoop/hadoop-auth/3.2.0/hadoop-auth-3.2.0.jar:/home/user/.m2/repository/com/nimbusds/nimbus-jose-jwt/4.41.1/nimbus-jose-jwt-4.41.1.jar:/home/user/.m2/repository/com/github/stephenc/jcip/jcip-annotations/1.0-1/jcip-annotations-1.0-1.jar:/home/user/.m2/repository/net/minidev/json-smart/2.3/json-smart-2.3.jar:/home/user/.m2/repository/net/minidev/accessors-smart/1.2/accessors-smart-1.2.jar:/home/user/.m2/repository/org/ow2/asm/asm/5.0.4/asm-5.0.4.jar:/home/user/.m2/repository/org/apache/curator/curator-framework/2.12.0/curator-framework-2.12.0.jar:/home/user/.m2/repository/com/sun/jersey/jersey-core/1.19/jersey-core-1.19.jar:/home/user/.m2/repository/javax/ws/rs/jsr311-api/1.1.1/jsr311-api-1.1.1.jar:/home/user/.m2/repository/com/sun/jersey/jersey-server/1.19/jersey-server-1.19.jar:/home/user/.m2/repository/javax/servlet/javax.servlet-api/3.1.0/javax.servlet-api-3.1.0.jar:/home/user/.m2/repository/org/eclipse/jetty/jetty-server/9.3.25.v20180904/jetty-server-9.3.25.v20180904.jar:/home/user/.m2/repository/org/eclipse/jetty/jetty-http/9.3.25.v20180904/jetty-http-9.3.25.v20180904.jar:/home/user/.m2/repository/org/eclipse/jetty/jetty-io/9.3.25.v20180904/jetty-io-9.3.25.v20180904.jar:/home/user/.m2/repository/org/eclipse/jetty/jetty-webapp/9.3.25.v20180904/jetty-webapp-9.3.25.v20180904.jar:/home/user/.m2/repository/org/eclipse/jetty/jetty-xml/9.3.25.v20180904/jetty-xml-9.3.25.v20180904.jar:/home/user/.m2/repository/log4j/log4j/1.2.17/log4j-1.2.17.jar:/home/user/.m2/repository/org/slf4j/slf4j-api/1.7.25/slf4j-api-1.7.25.jar:/home/user/.m2/repository/org/slf4j/jul-to-slf4j/1.7.25/jul-to-slf4j-1.7.25.jar:/home/user/.m2/repository/org/eclipse/jetty/jetty-util/9.3.25.v20180904/jetty-util-9.3.25.v20180904.jar:/home/user/.m2/repository/com/fasterxml/jackson/core/jackson-databind/2.9.9/jackson-databind-2.9.9.jar:/home/user/.m2/repository/org/apache/hadoop/hadoop-kms/3.2.0/hadoop-kms-3.2.0-tests.jar:/home/user/.m2/repository/org/apache/hadoop/hadoop-hdds-server-scm/0.5.0-SNAPSHOT/hadoop-hdds-server-scm-0.5.0-SNAPSHOT-tests.jar:/home/user/.m2/repository/org/apache/hadoop/hadoop-hdds-container-service/0.5.0-SNAPSHOT/hadoop-hdds-container-service-0.5.0-SNAPSHOT-tests.jar:/home/user/.m2/repository/org/yaml/snakeyaml/1.16/snakeyaml-1.16.jar:/home/user/.m2/repository/org/apache/hadoop/hadoop-common/3.2.0/hadoop-common-3.2.0-tests.jar:/home/user/.m2/repository/org/apache/hadoop/hadoop-annotations/3.2.0/hadoop-annotations-3.2.0.jar:/usr/lib/jvm/java-1.8-openjdk/jre/../lib/tools.jar:/home/user/.m2/repository/commons-cli/commons-cli/1.2/commons-cli-1.2.jar:/home/user/.m2/repository/org/apache/httpcomponents/httpclient/4.5.2/httpclient-4.5.2.jar:/home/user/.m2/repository/org/apache/httpcomponents/httpcore/4.4.4/httpcore-4.4.4.jar:/home/user/.m2/repository/commons-codec/commons-codec/1.11/commons-codec-1.11.jar:/home/user/.m2/repository/commons-net/commons-net/3.6/commons-net-3.6.jar:/home/user/.m2/repository/commons-collections/commons-collections/3.2.2/commons-collections-3.2.2.jar:/home/user/.m2/repository/org/eclipse/jetty/jetty-servlet/9.3.25.v20180904/jetty-servlet-9.3.25.v20180904.jar:/home/user/.m2/repository/org/eclipse/jetty/jetty-security/9.3.25.v20180904/jetty-security-9.3.25.v20180904.jar:/home/user/.m2/repository/javax/servlet/jsp/jsp-api/2.1/jsp-api-2.1.jar:/home/user/.m2/repository/com/sun/jersey/jersey-servlet/1.19/jersey-servlet-1.19.jar:/home/user/.m2/repository/com/sun/jersey/jersey-json/1.19/jersey-json-1.19.jar:/home/user/.m2/repository/org/codehaus/jettison/jettison/1.1/jettison-1.1.jar:/home/user/.m2/repository/org/codehaus/jackson/jackson-core-asl/1.9.13/jackson-core-asl-1.9.13.jar:/home/user/.m2/repository/org/codehaus/jackson/jackson-mapper-asl/1.9.13/jackson-mapper-asl-1.9.13.jar:/home/user/.m2/repository/org/codehaus/jackson/jackson-jaxrs/1.9.13/jackson-jaxrs-1.9.13.jar:/home/user/.m2/repository/org/codehaus/jackson/jackson-xc/1.9.13/jackson-xc-1.9.13.jar:/home/user/.m2/repository/commons-logging/commons-logging/1.1.3/commons-logging-1.1.3.jar:/home/user/.m2/repository/commons-beanutils/commons-beanutils/1.9.4/commons-beanutils-1.9.4.jar:/home/user/.m2/repository/org/apache/commons/commons-configuration2/2.1.1/commons-configuration2-2.1.1.jar:/home/user/.m2/repository/org/apache/commons/commons-lang3/3.7/commons-lang3-3.7.jar:/home/user/.m2/repository/org/apache/commons/commons-text/1.4/commons-text-1.4.jar:/home/user/.m2/repository/org/apache/avro/avro/1.7.7/avro-1.7.7.jar:/home/user/.m2/repository/com/thoughtworks/paranamer/paranamer/2.3/paranamer-2.3.jar:/home/user/.m2/repository/org/xerial/snappy/snappy-java/1.0.5/snappy-java-1.0.5.jar:/home/user/.m2/repository/com/google/re2j/re2j/1.1/re2j-1.1.jar:/home/user/.m2/repository/com/google/code/gson/gson/2.2.4/gson-2.2.4.jar:/home/user/.m2/repository/com/jcraft/jsch/0.1.54/jsch-0.1.54.jar:/home/user/.m2/repository/org/apache/curator/curator-client/2.12.0/curator-client-2.12.0.jar:/home/user/.m2/repository/org/apache/curator/curator-recipes/2.12.0/curator-recipes-2.12.0.jar:/home/user/.m2/repository/com/google/code/findbugs/jsr305/3.0.0/jsr305-3.0.0.jar:/home/user/.m2/repository/org/apache/htrace/htrace-core4/4.1.0-incubating/htrace-core4-4.1.0-incubating.jar:/home/user/.m2/repository/org/apache/zookeeper/zookeeper/3.4.13/zookeeper-3.4.13.jar:/home/user/.m2/repository/jline/jline/0.9.94/jline-0.9.94.jar:/home/user/.m2/repository/org/apache/yetus/audience-annotations/0.5.0/audience-annotations-0.5.0.jar:/home/user/.m2/repository/org/codehaus/woodstox/stax2-api/3.1.4/stax2-api-3.1.4.jar:/home/user/.m2/repository/com/fasterxml/woodstox/woodstox-core/5.0.3/woodstox-core-5.0.3.jar:/home/user/.m2/repository/dnsjava/dnsjava/2.1.7/dnsjava-2.1.7.jar:/home/user/.m2/repository/org/apache/hadoop/hadoop-hdfs/3.2.0/hadoop-hdfs-3.2.0-tests.jar:/home/user/.m2/repository/org/eclipse/jetty/jetty-util-ajax/9.3.25.v20180904/jetty-util-ajax-9.3.25.v20180904.jar:/home/user/.m2/repository/commons-daemon/commons-daemon/1.0.13/commons-daemon-1.0.13.jar:/home/user/.m2/repository/io/netty/netty/3.10.5.Final/netty-3.10.5.Final.jar:/home/user/.m2/repository/io/netty/netty-all/4.0.52.Final/netty-all-4.0.52.Final.jar:/home/user/.m2/repository/org/fusesource/leveldbjni/leveldbjni-all/1.8/leveldbjni-all-1.8.jar:"/>
    <property name="sun.cpu.endian" value="little"/>
    <property name="user.home" value="/home/user"/>
    <property name="user.language" value="en"/>
    <property name="java.specification.vendor" value="Oracle Corporation"/>
    <property name="java.home" value="/usr/lib/jvm/java-1.8-openjdk/jre"/>
    <property name="java.security.krb5.conf" value="/workdir/hadoop-ozone/integration-test/target/test-classes/krb5.conf"/>
    <property name="basedir" value="/workdir/hadoop-ozone/integration-test"/>
    <property name="file.separator" value="/"/>
    <property name="line.separator" value="&#10;"/>
    <property name="java.vm.specification.vendor" value="Oracle Corporation"/>
    <property name="java.specification.name" value="Java Platform API Specification"/>
    <property name="java.awt.graphicsenv" value="sun.awt.X11GraphicsEnvironment"/>
    <property name="surefire.real.class.path" value="/workdir/hadoop-ozone/integration-test/target/surefire/surefirebooter6631051970855851219.jar"/>
    <property name="hadoop.log.dir" value="/workdir/hadoop-ozone/integration-test/target/log"/>
    <property name="sun.boot.class.path" value="/usr/lib/jvm/java-1.8-openjdk/jre/lib/resources.jar:/usr/lib/jvm/java-1.8-openjdk/jre/lib/rt.jar:/usr/lib/jvm/java-1.8-openjdk/jre/lib/sunrsasign.jar:/usr/lib/jvm/java-1.8-openjdk/jre/lib/jsse.jar:/usr/lib/jvm/java-1.8-openjdk/jre/lib/jce.jar:/usr/lib/jvm/java-1.8-openjdk/jre/lib/charsets.jar:/usr/lib/jvm/java-1.8-openjdk/jre/lib/jfr.jar:/usr/lib/jvm/java-1.8-openjdk/jre/classes"/>
    <property name="sun.management.compiler" value="HotSpot 64-Bit Tiered Compilers"/>
    <property name="java.runtime.version" value="1.8.0_212-b04"/>
    <property name="java.net.preferIPv4Stack" value="true"/>
    <property name="user.name" value="jenkins1000"/>
    <property name="path.separator" value=":"/>
    <property name="java.security.egd" value="file:///dev/urandom"/>
    <property name="os.version" value="3.10.0-957.12.2.el7.x86_64"/>
    <property name="java.endorsed.dirs" value="/usr/lib/jvm/java-1.8-openjdk/jre/lib/endorsed"/>
    <property name="java.runtime.name" value="OpenJDK Runtime Environment"/>
    <property name="file.encoding" value="UTF-8"/>
    <property name="java.vm.name" value="OpenJDK 64-Bit Server VM"/>
    <property name="test.build.webapps" value=""/>
    <property name="localRepository" value="/home/user/.m2/repository"/>
    <property name="java.vendor.url.bug" value="https://icedtea.classpath.org/bugzilla"/>
    <property name="java.io.tmpdir" value="/tmp"/>
    <property name="require.test.libhadoop" value=""/>
    <property name="java.version" value="1.8.0_212"/>
    <property name="user.dir" value="/workdir/hadoop-ozone/integration-test"/>
    <property name="os.arch" value="amd64"/>
    <property name="java.vm.specification.name" value="Java Virtual Machine Specification"/>
    <property name="test.build.classes" value="/workdir/hadoop-ozone/integration-test/target/test-classes"/>
    <property name="java.awt.printerjob" value="sun.print.PSPrinterJob"/>
    <property name="sun.os.patch.level" value="unknown"/>
    <property name="hadoop.tmp.dir" value="/workdir/hadoop-ozone/integration-test/target/tmp"/>
    <property name="java.library.path" value="/usr/lib/jvm/java-1.8-openjdk/jre/lib/amd64/server:/usr/lib/jvm/java-1.8-openjdk/jre/lib/amd64:/usr/lib/jvm/java-1.8-openjdk/jre/../lib/amd64:/workdir/hadoop-ozone/integration-test/target/native/target/usr/local/lib:/workdir/hadoop-ozone/integration-test/../../hadoop-common-project/hadoop-common/target/native/target/usr/local/lib:/usr/java/packages/lib/amd64:/usr/lib64:/lib64:/lib:/usr/lib"/>
    <property name="java.vm.info" value="mixed mode"/>
    <property name="java.vendor" value="IcedTea"/>
    <property name="java.vm.version" value="25.212-b04"/>
    <property name="java.ext.dirs" value="/usr/lib/jvm/java-1.8-openjdk/jre/lib/ext:/usr/java/packages/lib/ext"/>
    <property name="sun.io.unicode.encoding" value="UnicodeLittle"/>
    <property name="java.class.version" value="52.0"/>
  </properties>
  <testcase name="testWatchForCommitWithKeyWrite" classname="org.apache.hadoop.ozone.client.rpc.TestWatchForCommit" time="153.025">
    <error message="Allocated 0 blocks. Requested 1 blocks" type="INTERNAL_ERROR org.apache.hadoop.ozone.om.exceptions.OMException">INTERNAL_ERROR org.apache.hadoop.ozone.om.exceptions.OMException: Allocated 0 blocks. Requested 1 blocks
	at org.apache.hadoop.ozone.om.protocolPB.OzoneManagerProtocolClientSideTranslatorPB.handleError(OzoneManagerProtocolClientSideTranslatorPB.java:732)
	at org.apache.hadoop.ozone.om.protocolPB.OzoneManagerProtocolClientSideTranslatorPB.openKey(OzoneManagerProtocolClientSideTranslatorPB.java:723)
	at sun.reflect.NativeMethodAccessorImpl.invoke0(Native Method)
	at sun.reflect.NativeMethodAccessorImpl.invoke(NativeMethodAccessorImpl.java:62)
	at sun.reflect.DelegatingMethodAccessorImpl.invoke(DelegatingMethodAccessorImpl.java:43)
	at java.lang.reflect.Method.invoke(Method.java:498)
	at org.apache.hadoop.hdds.tracing.TraceAllMethod.invoke(TraceAllMethod.java:66)
	at com.sun.proxy.$Proxy35.openKey(Unknown Source)
	at org.apache.hadoop.ozone.client.rpc.RpcClient.createKey(RpcClient.java:614)
	at org.apache.hadoop.ozone.client.OzoneBucket.createKey(OzoneBucket.java:325)
	at org.apache.hadoop.ozone.container.ContainerTestHelper.createKey(ContainerTestHelper.java:695)
	at org.apache.hadoop.ozone.client.rpc.TestWatchForCommit.createKey(TestWatchForCommit.java:456)
	at org.apache.hadoop.ozone.client.rpc.TestWatchForCommit.testWatchForCommitWithKeyWrite(TestWatchForCommit.java:157)
	at sun.reflect.NativeMethodAccessorImpl.invoke0(Native Method)
	at sun.reflect.NativeMethodAccessorImpl.invoke(NativeMethodAccessorImpl.java:62)
	at sun.reflect.DelegatingMethodAccessorImpl.invoke(DelegatingMethodAccessorImpl.java:43)
	at java.lang.reflect.Method.invoke(Method.java:498)
	at org.junit.runners.model.FrameworkMethod$1.runReflectiveCall(FrameworkMethod.java:47)
	at org.junit.internal.runners.model.ReflectiveCallable.run(ReflectiveCallable.java:12)
	at org.junit.runners.model.FrameworkMethod.invokeExplosively(FrameworkMethod.java:44)
	at org.junit.internal.runners.statements.InvokeMethod.evaluate(InvokeMethod.java:17)
	at org.junit.runners.ParentRunner.runLeaf(ParentRunner.java:271)
	at org.junit.runners.BlockJUnit4ClassRunner.runChild(BlockJUnit4ClassRunner.java:70)
	at org.junit.runners.BlockJUnit4ClassRunner.runChild(BlockJUnit4ClassRunner.java:50)
	at org.junit.runners.ParentRunner$3.run(ParentRunner.java:238)
	at org.junit.runners.ParentRunner$1.schedule(ParentRunner.java:63)
	at org.junit.runners.ParentRunner.runChildren(ParentRunner.java:236)
	at org.junit.runners.ParentRunner.access$000(ParentRunner.java:53)
	at org.junit.runners.ParentRunner$2.evaluate(ParentRunner.java:229)
	at org.junit.runners.ParentRunner.run(ParentRunner.java:309)
	at org.apache.maven.surefire.junit4.JUnit4Provider.execute(JUnit4Provider.java:365)
	at org.apache.maven.surefire.junit4.JUnit4Provider.executeWithRerun(JUnit4Provider.java:273)
	at org.apache.maven.surefire.junit4.JUnit4Provider.executeTestSet(JUnit4Provider.java:238)
	at org.apache.maven.surefire.junit4.JUnit4Provider.invoke(JUnit4Provider.java:159)
	at org.apache.maven.surefire.booter.ForkedBooter.invokeProviderInSameClassLoader(ForkedBooter.java:384)
	at org.apache.maven.surefire.booter.ForkedBooter.runSuitesInProcess(ForkedBooter.java:345)
	at org.apache.maven.surefire.booter.ForkedBooter.execute(ForkedBooter.java:126)
	at org.apache.maven.surefire.booter.ForkedBooter.main(ForkedBooter.java:418)
</error>
    <system-out><![CDATA[2019-09-24 11:35:53,756 [main] WARN  server.ServerUtils (ServerUtils.java:getScmDbDir(145)) - ozone.scm.db.dirs is not configured. We recommend adding this setting. Falling back to ozone.metadata.dirs instead.
2019-09-24 11:35:56,523 [main] WARN  server.ServerUtils (ServerUtils.java:getScmDbDir(145)) - ozone.scm.db.dirs is not configured. We recommend adding this setting. Falling back to ozone.metadata.dirs instead.
2019-09-24 11:35:56,527 [main] WARN  server.ServerUtils (ServerUtils.java:getScmDbDir(145)) - ozone.scm.db.dirs is not configured. We recommend adding this setting. Falling back to ozone.metadata.dirs instead.
2019-09-24 11:35:56,547 [main] INFO  util.log (Log.java:initialized(192)) - Logging initialized @3584ms
2019-09-24 11:35:56,654 [main] INFO  db.DBStoreBuilder (DBStoreBuilder.java:addTable(110)) - using custom profile for table: deletedBlocks
2019-09-24 11:35:56,654 [main] INFO  db.DBStoreBuilder (DBStoreBuilder.java:processTables(161)) - Using default column profile:DBProfile.DISK for Table:deletedBlocks
2019-09-24 11:35:56,655 [main] INFO  db.DBStoreBuilder (DBStoreBuilder.java:addTable(110)) - using custom profile for table: validCerts
2019-09-24 11:35:56,655 [main] INFO  db.DBStoreBuilder (DBStoreBuilder.java:processTables(161)) - Using default column profile:DBProfile.DISK for Table:validCerts
2019-09-24 11:35:56,655 [main] INFO  db.DBStoreBuilder (DBStoreBuilder.java:addTable(110)) - using custom profile for table: revokedCerts
2019-09-24 11:35:56,656 [main] INFO  db.DBStoreBuilder (DBStoreBuilder.java:processTables(161)) - Using default column profile:DBProfile.DISK for Table:revokedCerts
2019-09-24 11:35:56,670 [main] INFO  db.DBStoreBuilder (DBStoreBuilder.java:addTable(110)) - using custom profile for table: default
2019-09-24 11:35:56,671 [main] INFO  db.DBStoreBuilder (DBStoreBuilder.java:processTables(167)) - Using default column profile:DBProfile.DISK for Table:default
2019-09-24 11:35:56,672 [main] INFO  db.DBStoreBuilder (DBStoreBuilder.java:getDbProfile(198)) - Using default options. DBProfile.DISK
2019-09-24 11:36:17,609 [main] INFO  net.NodeSchemaLoader (NodeSchemaLoader.java:loadSchemaFromFile(125)) - Loading file from sun.misc.CompoundEnumeration@4802796d
2019-09-24 11:36:17,611 [main] INFO  net.NodeSchemaLoader (NodeSchemaLoader.java:loadSchema(171)) - Loading network topology layer schema file
2019-09-24 11:36:17,686 [main] WARN  server.ServerUtils (ServerUtils.java:sanitizeUserArgs(70)) - ozone.scm.stale.node.interval value = 300000 is larger than max = 100000 based on the key value of ozone.scm.heartbeat.thread.interval, reset to the max value 100000.
2019-09-24 11:36:17,688 [main] WARN  server.ServerUtils (ServerUtils.java:sanitizeUserArgs(70)) - ozone.scm.stale.node.interval value = 300000 is larger than max = 100000 based on the key value of ozone.scm.heartbeat.thread.interval, reset to the max value 100000.
2019-09-24 11:36:17,691 [main] INFO  node.SCMNodeManager (SCMNodeManager.java:<init>(114)) - Entering startup safe mode.
2019-09-24 11:36:17,770 [main] INFO  algorithms.ContainerPlacementPolicyFactory (ContainerPlacementPolicyFactory.java:getPolicy(57)) - Create container placement policy of type org.apache.hadoop.hdds.scm.container.placement.algorithms.SCMContainerPlacementRandom
2019-09-24 11:36:17,786 [main] WARN  server.ServerUtils (ServerUtils.java:getScmDbDir(145)) - ozone.scm.db.dirs is not configured. We recommend adding this setting. Falling back to ozone.metadata.dirs instead.
2019-09-24 11:36:29,811 [main] INFO  pipeline.SCMPipelineManager (SCMPipelineManager.java:initializePipelineState(132)) - No pipeline exists in current db
2019-09-24 11:36:29,815 [main] WARN  server.ServerUtils (ServerUtils.java:getScmDbDir(145)) - ozone.scm.db.dirs is not configured. We recommend adding this setting. Falling back to ozone.metadata.dirs instead.
2019-09-24 11:36:48,484 [main] WARN  events.EventQueue (EventQueue.java:fireEvent(183)) - No event handler registered for event TypedEvent{payloadType=SafeModeStatus, name='SafeModeStatus'}
2019-09-24 11:36:48,905 [main] INFO  ipc.CallQueueManager (CallQueueManager.java:<init>(84)) - Using callQueue: class java.util.concurrent.LinkedBlockingQueue, queueCapacity: 2000, scheduler: class org.apache.hadoop.ipc.DefaultRpcScheduler, ipcBackoff: false.
2019-09-24 11:36:49,070 [Socket Reader #1 for port 34267] INFO  ipc.Server (Server.java:run(1074)) - Starting Socket Reader #1 for port 34267
2019-09-24 11:36:49,102 [main] INFO  ipc.CallQueueManager (CallQueueManager.java:<init>(84)) - Using callQueue: class java.util.concurrent.LinkedBlockingQueue, queueCapacity: 2000, scheduler: class org.apache.hadoop.ipc.DefaultRpcScheduler, ipcBackoff: false.
2019-09-24 11:36:49,103 [Socket Reader #1 for port 42744] INFO  ipc.Server (Server.java:run(1074)) - Starting Socket Reader #1 for port 42744
2019-09-24 11:36:49,111 [main] INFO  ipc.CallQueueManager (CallQueueManager.java:<init>(84)) - Using callQueue: class java.util.concurrent.LinkedBlockingQueue, queueCapacity: 2000, scheduler: class org.apache.hadoop.ipc.DefaultRpcScheduler, ipcBackoff: false.
2019-09-24 11:36:49,112 [Socket Reader #1 for port 33801] INFO  ipc.Server (Server.java:run(1074)) - Starting Socket Reader #1 for port 33801
2019-09-24 11:36:49,136 [main] INFO  hdfs.DFSUtil (DFSUtil.java:httpServerTemplateForNNAndJN(1641)) - Starting Web-server for scm at: http://0.0.0.0:0
2019-09-24 11:36:49,292 [main] INFO  server.AuthenticationFilter (AuthenticationFilter.java:constructSecretProvider(240)) - Unable to initialize FileSignerSecretProvider, falling back to use random secrets.
2019-09-24 11:36:49,301 [main] WARN  http.HttpRequestLog (HttpRequestLog.java:getRequestLog(97)) - Jetty request log can only be enabled using Log4j
2019-09-24 11:36:49,309 [main] INFO  http.HttpServer2 (HttpServer2.java:addGlobalFilter(975)) - Added global filter 'safety' (class=org.apache.hadoop.http.HttpServer2$QuotingInputFilter)
2019-09-24 11:36:49,312 [main] INFO  http.HttpServer2 (HttpServer2.java:addFilter(948)) - Added filter static_user_filter (class=org.apache.hadoop.http.lib.StaticUserWebFilter$StaticUserFilter) to context scm
2019-09-24 11:36:49,312 [main] INFO  http.HttpServer2 (HttpServer2.java:addFilter(958)) - Added filter static_user_filter (class=org.apache.hadoop.http.lib.StaticUserWebFilter$StaticUserFilter) to context static
2019-09-24 11:36:49,312 [main] INFO  http.HttpServer2 (HttpServer2.java:addFilter(958)) - Added filter static_user_filter (class=org.apache.hadoop.http.lib.StaticUserWebFilter$StaticUserFilter) to context logs
2019-09-24 11:36:49,341 [main] INFO  server.StorageContainerManager (StorageContainerManager.java:start(770)) - StorageContainerLocationProtocol RPC server is listening at /0.0.0.0:33801
2019-09-24 11:36:49,415 [main] WARN  impl.MetricsConfig (MetricsConfig.java:loadFirst(134)) - Cannot locate configuration: tried hadoop-metrics2-storagecontainermanager.properties,hadoop-metrics2.properties
2019-09-24 11:36:49,429 [main] INFO  impl.MetricsSystemImpl (MetricsSystemImpl.java:startTimer(374)) - Scheduled Metric snapshot period at 10 second(s).
2019-09-24 11:36:49,430 [main] INFO  impl.MetricsSystemImpl (MetricsSystemImpl.java:start(191)) - StorageContainerManager metrics system started
2019-09-24 11:36:49,674 [main] INFO  server.SCMClientProtocolServer (SCMClientProtocolServer.java:start(151)) - RPC server for Client  is listening at /0.0.0.0:33801
2019-09-24 11:36:49,674 [IPC Server Responder] INFO  ipc.Server (Server.java:run(1314)) - IPC Server Responder: starting
2019-09-24 11:36:49,675 [IPC Server listener on 33801] INFO  ipc.Server (Server.java:run(1153)) - IPC Server listener on 33801: starting
2019-09-24 11:36:49,677 [main] INFO  server.StorageContainerManager (StorageContainerManager.java:start(780)) - ScmBlockLocationProtocol RPC server is listening at /0.0.0.0:42744
2019-09-24 11:36:49,679 [main] INFO  server.SCMBlockProtocolServer (SCMBlockProtocolServer.java:start(146)) - RPC server for Block Protocol is listening at /0.0.0.0:42744
2019-09-24 11:36:49,680 [IPC Server Responder] INFO  ipc.Server (Server.java:run(1314)) - IPC Server Responder: starting
2019-09-24 11:36:49,680 [IPC Server listener on 42744] INFO  ipc.Server (Server.java:run(1153)) - IPC Server listener on 42744: starting
2019-09-24 11:36:49,683 [main] INFO  server.StorageContainerManager (StorageContainerManager.java:start(784)) - ScmDatanodeProtocl RPC server is listening at /0.0.0.0:34267
2019-09-24 11:36:49,683 [main] INFO  server.SCMDatanodeProtocolServer (SCMDatanodeProtocolServer.java:start(191)) - RPC server for DataNodes is listening at /0.0.0.0:34267
2019-09-24 11:36:49,683 [IPC Server Responder] INFO  ipc.Server (Server.java:run(1314)) - IPC Server Responder: starting
2019-09-24 11:36:49,684 [IPC Server listener on 34267] INFO  ipc.Server (Server.java:run(1153)) - IPC Server listener on 34267: starting
2019-09-24 11:36:49,688 [main] INFO  http.HttpServer2 (HttpServer2.java:bindListener(1191)) - Jetty bound to port 36019
2019-09-24 11:36:49,691 [main] INFO  server.Server (Server.java:doStart(351)) - jetty-9.3.25.v20180904, build timestamp: 2018-09-04T21:11:46Z, git hash: 3ce520221d0240229c862b122d2b06c12a625732
2019-09-24 11:36:49,740 [main] INFO  handler.ContextHandler (ContextHandler.java:doStart(781)) - Started o.e.j.s.ServletContextHandler@71cf1b07{/logs,file:///workdir/hadoop-ozone/integration-test/target/log,AVAILABLE}
2019-09-24 11:36:49,741 [main] INFO  handler.ContextHandler (ContextHandler.java:doStart(781)) - Started o.e.j.s.ServletContextHandler@4fce136b{/static,file:///workdir/hadoop-ozone/integration-test/target/test-classes/webapps/static,AVAILABLE}
2019-09-24 11:36:49,772 [main] INFO  handler.ContextHandler (ContextHandler.java:doStart(781)) - Started o.e.j.w.WebAppContext@9cd25ff{/,file:///workdir/hadoop-ozone/integration-test/target/test-classes/webapps/scm/,AVAILABLE}{/scm}
2019-09-24 11:36:49,778 [main] INFO  server.AbstractConnector (AbstractConnector.java:doStart(278)) - Started ServerConnector@1ac85b0c{HTTP/1.1,[http/1.1]}{0.0.0.0:36019}
2019-09-24 11:36:49,778 [main] INFO  server.Server (Server.java:doStart(419)) - Started @56815ms
2019-09-24 11:36:49,780 [main] INFO  impl.MetricsSinkAdapter (MetricsSinkAdapter.java:start(204)) - Sink prometheus started
2019-09-24 11:36:49,781 [main] INFO  impl.MetricsSystemImpl (MetricsSystemImpl.java:registerSink(301)) - Registered sink prometheus
2019-09-24 11:36:49,782 [main] INFO  server.BaseHttpServer (BaseHttpServer.java:updateConnectorAddress(215)) - HTTP server of SCM is listening at http://0.0.0.0:36019
2019-09-24 11:36:49,790 [org.apache.hadoop.util.JvmPauseMonitor$Monitor@410954b] INFO  util.JvmPauseMonitor (JvmPauseMonitor.java:run(188)) - Starting JVM pause monitor
2019-09-24 11:36:49,794 [main] WARN  server.ServerUtils (ServerUtils.java:getDBPath(222)) - ozone.om.db.dirs is not configured. We recommend adding this setting. Falling back to ozone.metadata.dirs instead.
2019-09-24 11:36:57,380 [main] WARN  server.ServerUtils (ServerUtils.java:getDBPath(222)) - ozone.om.db.dirs is not configured. We recommend adding this setting. Falling back to ozone.metadata.dirs instead.
2019-09-24 11:36:57,380 [main] WARN  server.ServerUtils (ServerUtils.java:getDBPath(222)) - ozone.om.db.dirs is not configured. We recommend adding this setting. Falling back to ozone.metadata.dirs instead.
2019-09-24 11:36:57,382 [main] INFO  om.OzoneManager (OzoneManager.java:setOMNodeDetails(652)) - OM Service ID is not set. Setting it to the default ID: omServiceIdDefault
2019-09-24 11:36:57,382 [main] INFO  om.OzoneManager (OzoneManager.java:setOMNodeDetails(658)) - OM Node ID is not set. Setting it to the OmStorage's OmID: 9f5877fa-7d10-4fbe-bfac-989780c34abf
2019-09-24 11:36:57,383 [main] INFO  om.OzoneManager (OzoneManager.java:loadOMHAConfigs(609)) - Found matching OM address with OMServiceId: null, OMNodeId: null, RPC Address: localhost:0 and Ratis port: 9872
2019-09-24 11:36:58,108 [main] WARN  server.ServerUtils (ServerUtils.java:getDBPath(222)) - ozone.om.db.dirs is not configured. We recommend adding this setting. Falling back to ozone.metadata.dirs instead.
2019-09-24 11:36:58,115 [main] INFO  db.DBStoreBuilder (DBStoreBuilder.java:addTable(110)) - using custom profile for table: userTable
2019-09-24 11:36:58,116 [main] INFO  db.DBStoreBuilder (DBStoreBuilder.java:processTables(161)) - Using default column profile:DBProfile.DISK for Table:userTable
2019-09-24 11:36:58,116 [main] INFO  db.DBStoreBuilder (DBStoreBuilder.java:addTable(110)) - using custom profile for table: volumeTable
2019-09-24 11:36:58,116 [main] INFO  db.DBStoreBuilder (DBStoreBuilder.java:processTables(161)) - Using default column profile:DBProfile.DISK for Table:volumeTable
2019-09-24 11:36:58,116 [main] INFO  db.DBStoreBuilder (DBStoreBuilder.java:addTable(110)) - using custom profile for table: bucketTable
2019-09-24 11:36:58,117 [main] INFO  db.DBStoreBuilder (DBStoreBuilder.java:processTables(161)) - Using default column profile:DBProfile.DISK for Table:bucketTable
2019-09-24 11:36:58,117 [main] INFO  db.DBStoreBuilder (DBStoreBuilder.java:addTable(110)) - using custom profile for table: keyTable
2019-09-24 11:36:58,117 [main] INFO  db.DBStoreBuilder (DBStoreBuilder.java:processTables(161)) - Using default column profile:DBProfile.DISK for Table:keyTable
2019-09-24 11:36:58,117 [main] INFO  db.DBStoreBuilder (DBStoreBuilder.java:addTable(110)) - using custom profile for table: deletedTable
2019-09-24 11:36:58,117 [main] INFO  db.DBStoreBuilder (DBStoreBuilder.java:processTables(161)) - Using default column profile:DBProfile.DISK for Table:deletedTable
2019-09-24 11:36:58,118 [main] INFO  db.DBStoreBuilder (DBStoreBuilder.java:addTable(110)) - using custom profile for table: openKeyTable
2019-09-24 11:36:58,118 [main] INFO  db.DBStoreBuilder (DBStoreBuilder.java:processTables(161)) - Using default column profile:DBProfile.DISK for Table:openKeyTable
2019-09-24 11:36:58,118 [main] INFO  db.DBStoreBuilder (DBStoreBuilder.java:addTable(110)) - using custom profile for table: s3Table
2019-09-24 11:36:58,119 [main] INFO  db.DBStoreBuilder (DBStoreBuilder.java:processTables(161)) - Using default column profile:DBProfile.DISK for Table:s3Table
2019-09-24 11:36:58,119 [main] INFO  db.DBStoreBuilder (DBStoreBuilder.java:addTable(110)) - using custom profile for table: multipartInfoTable
2019-09-24 11:36:58,119 [main] INFO  db.DBStoreBuilder (DBStoreBuilder.java:processTables(161)) - Using default column profile:DBProfile.DISK for Table:multipartInfoTable
2019-09-24 11:36:58,119 [main] INFO  db.DBStoreBuilder (DBStoreBuilder.java:addTable(110)) - using custom profile for table: dTokenTable
2019-09-24 11:36:58,119 [main] INFO  db.DBStoreBuilder (DBStoreBuilder.java:processTables(161)) - Using default column profile:DBProfile.DISK for Table:dTokenTable
2019-09-24 11:36:58,120 [main] INFO  db.DBStoreBuilder (DBStoreBuilder.java:addTable(110)) - using custom profile for table: s3SecretTable
2019-09-24 11:36:58,120 [main] INFO  db.DBStoreBuilder (DBStoreBuilder.java:processTables(161)) - Using default column profile:DBProfile.DISK for Table:s3SecretTable
2019-09-24 11:36:58,120 [main] INFO  db.DBStoreBuilder (DBStoreBuilder.java:addTable(110)) - using custom profile for table: prefixTable
2019-09-24 11:36:58,120 [main] INFO  db.DBStoreBuilder (DBStoreBuilder.java:processTables(161)) - Using default column profile:DBProfile.DISK for Table:prefixTable
2019-09-24 11:36:58,121 [main] INFO  db.DBStoreBuilder (DBStoreBuilder.java:addTable(110)) - using custom profile for table: default
2019-09-24 11:36:58,121 [main] INFO  db.DBStoreBuilder (DBStoreBuilder.java:processTables(167)) - Using default column profile:DBProfile.DISK for Table:default
2019-09-24 11:36:58,121 [main] INFO  db.DBStoreBuilder (DBStoreBuilder.java:getDbProfile(198)) - Using default options. DBProfile.DISK
2019-09-24 11:38:05,667 [main] INFO  ipc.CallQueueManager (CallQueueManager.java:<init>(84)) - Using callQueue: class java.util.concurrent.LinkedBlockingQueue, queueCapacity: 2000, scheduler: class org.apache.hadoop.ipc.DefaultRpcScheduler, ipcBackoff: false.
2019-09-24 11:38:05,668 [Socket Reader #1 for port 40850] INFO  ipc.Server (Server.java:run(1074)) - Starting Socket Reader #1 for port 40850
2019-09-24 11:38:05,697 [main] INFO  om.OzoneManager (OzoneManager.java:start(1243)) - OzoneManager RPC server is listening at localhost/127.0.0.1:40850
2019-09-24 11:38:05,697 [main] INFO  impl.MetricsSystemImpl (MetricsSystemImpl.java:init(158)) - OzoneManager metrics system started (again)
2019-09-24 11:38:05,698 [IPC Server Responder] INFO  ipc.Server (Server.java:run(1314)) - IPC Server Responder: starting
2019-09-24 11:38:05,698 [IPC Server listener on 40850] INFO  ipc.Server (Server.java:run(1153)) - IPC Server listener on 40850: starting
2019-09-24 11:38:05,745 [main] INFO  hdfs.DFSUtil (DFSUtil.java:httpServerTemplateForNNAndJN(1641)) - Starting Web-server for ozoneManager at: http://0.0.0.0:0
2019-09-24 11:38:05,748 [main] INFO  server.AuthenticationFilter (AuthenticationFilter.java:constructSecretProvider(240)) - Unable to initialize FileSignerSecretProvider, falling back to use random secrets.
2019-09-24 11:38:05,748 [main] WARN  http.HttpRequestLog (HttpRequestLog.java:getRequestLog(97)) - Jetty request log can only be enabled using Log4j
2019-09-24 11:38:05,751 [main] INFO  http.HttpServer2 (HttpServer2.java:addGlobalFilter(975)) - Added global filter 'safety' (class=org.apache.hadoop.http.HttpServer2$QuotingInputFilter)
2019-09-24 11:38:05,752 [main] INFO  http.HttpServer2 (HttpServer2.java:addFilter(948)) - Added filter static_user_filter (class=org.apache.hadoop.http.lib.StaticUserWebFilter$StaticUserFilter) to context ozoneManager
2019-09-24 11:38:05,753 [main] INFO  http.HttpServer2 (HttpServer2.java:addFilter(958)) - Added filter static_user_filter (class=org.apache.hadoop.http.lib.StaticUserWebFilter$StaticUserFilter) to context static
2019-09-24 11:38:05,755 [main] INFO  http.HttpServer2 (HttpServer2.java:addFilter(958)) - Added filter static_user_filter (class=org.apache.hadoop.http.lib.StaticUserWebFilter$StaticUserFilter) to context logs
2019-09-24 11:38:05,758 [main] INFO  http.HttpServer2 (HttpServer2.java:bindListener(1191)) - Jetty bound to port 42003
2019-09-24 11:38:05,758 [main] INFO  server.Server (Server.java:doStart(351)) - jetty-9.3.25.v20180904, build timestamp: 2018-09-04T21:11:46Z, git hash: 3ce520221d0240229c862b122d2b06c12a625732
2019-09-24 11:38:05,760 [main] INFO  handler.ContextHandler (ContextHandler.java:doStart(781)) - Started o.e.j.s.ServletContextHandler@67dba613{/logs,file:///workdir/hadoop-ozone/integration-test/target/log,AVAILABLE}
2019-09-24 11:38:05,761 [main] INFO  handler.ContextHandler (ContextHandler.java:doStart(781)) - Started o.e.j.s.ServletContextHandler@5cf8edcf{/static,file:///workdir/hadoop-ozone/integration-test/target/test-classes/webapps/static,AVAILABLE}
2019-09-24 11:38:05,767 [main] INFO  handler.ContextHandler (ContextHandler.java:doStart(781)) - Started o.e.j.w.WebAppContext@22d1886d{/,file:///workdir/hadoop-ozone/integration-test/target/test-classes/webapps/ozoneManager/,AVAILABLE}{/ozoneManager}
2019-09-24 11:38:05,768 [main] INFO  server.AbstractConnector (AbstractConnector.java:doStart(278)) - Started ServerConnector@7df60067{HTTP/1.1,[http/1.1]}{0.0.0.0:42003}
2019-09-24 11:38:05,769 [main] INFO  server.Server (Server.java:doStart(419)) - Started @132805ms
2019-09-24 11:38:05,769 [main] WARN  impl.MetricsSystemImpl (MetricsSystemImpl.java:register(276)) - Sink prometheus already exists!
2019-09-24 11:38:05,770 [main] INFO  server.BaseHttpServer (BaseHttpServer.java:updateConnectorAddress(215)) - HTTP server of OZONEMANAGER is listening at http://0.0.0.0:42003
2019-09-24 11:38:06,092 [main] INFO  impl.MetricsSystemImpl (MetricsSystemImpl.java:init(158)) - HddsDatanode metrics system started (again)
2019-09-24 11:38:06,136 [main] INFO  ozone.HddsDatanodeService (HddsDatanodeService.java:start(184)) - HddsDatanodeService host:pr-hdds-2166-cfpzp-170641675 ip:192.168.36.75
2019-09-24 11:38:06,166 [main] INFO  volume.HddsVolume (HddsVolume.java:<init>(176)) - Creating Volume: /workdir/hadoop-ozone/integration-test/target/test-dir/MiniOzoneClusterImpl-eec8fab0-77d9-416d-a41f-8ed3903f94c0/datanode-0/data/containers/hdds of  storage type : DISK and capacity : 1482555576320
2019-09-24 11:38:06,168 [main] INFO  volume.VolumeSet (VolumeSet.java:initializeVolumeSet(170)) - Added Volume : /workdir/hadoop-ozone/integration-test/target/test-dir/MiniOzoneClusterImpl-eec8fab0-77d9-416d-a41f-8ed3903f94c0/datanode-0/data/containers/hdds to VolumeSet
2019-09-24 11:38:06,171 [main] INFO  volume.ThrottledAsyncChecker (ThrottledAsyncChecker.java:schedule(139)) - Scheduling a check for org.apache.hadoop.ozone.container.common.volume.HddsVolume@7ce9e05a
2019-09-24 11:38:06,187 [main] INFO  volume.HddsVolumeChecker (HddsVolumeChecker.java:checkAllVolumes(202)) - Scheduled health check for volume org.apache.hadoop.ozone.container.common.volume.HddsVolume@7ce9e05a
2019-09-24 11:38:06,318 [main] INFO  impl.RaftServerProxy (ConfUtils.java:logGet(43)) - raft.rpc.type = GRPC (default)
2019-09-24 11:38:06,389 [main] INFO  grpc.GrpcFactory (GrpcFactory.java:checkPooledByteBufAllocatorUseCacheForAllThreads(45)) - PERFORMANCE WARNING: useCacheForAllThreads is true that may cause Netty to create a lot garbage objects and, as a result, trigger GC.
	It is recommended to disable useCacheForAllThreads by setting -Dorg.apache.ratis.thirdparty.io.netty.allocator.useCacheForAllThreads=false in command line.
2019-09-24 11:38:06,394 [main] INFO  grpc.GrpcConfigKeys$Server (ConfUtils.java:logGet(43)) - raft.grpc.server.port = 0 (default)
2019-09-24 11:38:06,395 [main] INFO  server.GrpcService (ConfUtils.java:logGet(43)) - raft.grpc.message.size.max = 33570816 (custom)
2019-09-24 11:38:06,397 [main] INFO  server.RaftServerConfigKeys (ConfUtils.java:logGet(43)) - raft.server.log.appender.buffer.byte-limit = 33554432 (custom)
2019-09-24 11:38:06,397 [main] INFO  server.GrpcService (ConfUtils.java:logGet(43)) - raft.grpc.flow.control.window = 1MB (=1048576) (default)
2019-09-24 11:38:06,398 [main] INFO  server.RaftServerConfigKeys (ConfUtils.java:logGet(43)) - raft.server.rpc.request.timeout = 3000ms (default)
2019-09-24 11:38:06,569 [main] INFO  server.RaftServerConfigKeys (ConfUtils.java:logGet(43)) - raft.server.storage.dir = [/workdir/hadoop-ozone/integration-test/target/test-dir/MiniOzoneClusterImpl-eec8fab0-77d9-416d-a41f-8ed3903f94c0/datanode-0/data/ratis] (custom)
2019-09-24 11:38:06,627 [main] INFO  hdfs.DFSUtil (DFSUtil.java:httpServerTemplateForNNAndJN(1641)) - Starting Web-server for hddsDatanode at: http://0.0.0.0:0
2019-09-24 11:38:06,629 [main] INFO  server.AuthenticationFilter (AuthenticationFilter.java:constructSecretProvider(240)) - Unable to initialize FileSignerSecretProvider, falling back to use random secrets.
2019-09-24 11:38:06,630 [main] WARN  http.HttpRequestLog (HttpRequestLog.java:getRequestLog(97)) - Jetty request log can only be enabled using Log4j
2019-09-24 11:38:06,632 [main] INFO  http.HttpServer2 (HttpServer2.java:addGlobalFilter(975)) - Added global filter 'safety' (class=org.apache.hadoop.http.HttpServer2$QuotingInputFilter)
2019-09-24 11:38:06,632 [main] INFO  http.HttpServer2 (HttpServer2.java:addFilter(948)) - Added filter static_user_filter (class=org.apache.hadoop.http.lib.StaticUserWebFilter$StaticUserFilter) to context hddsDatanode
2019-09-24 11:38:06,633 [main] INFO  http.HttpServer2 (HttpServer2.java:addFilter(958)) - Added filter static_user_filter (class=org.apache.hadoop.http.lib.StaticUserWebFilter$StaticUserFilter) to context logs
2019-09-24 11:38:06,633 [main] INFO  http.HttpServer2 (HttpServer2.java:addFilter(958)) - Added filter static_user_filter (class=org.apache.hadoop.http.lib.StaticUserWebFilter$StaticUserFilter) to context static
2019-09-24 11:38:06,634 [main] INFO  http.HttpServer2 (HttpServer2.java:bindListener(1191)) - Jetty bound to port 46781
2019-09-24 11:38:06,634 [main] INFO  server.Server (Server.java:doStart(351)) - jetty-9.3.25.v20180904, build timestamp: 2018-09-04T21:11:46Z, git hash: 3ce520221d0240229c862b122d2b06c12a625732
2019-09-24 11:38:06,638 [main] INFO  handler.ContextHandler (ContextHandler.java:doStart(781)) - Started o.e.j.s.ServletContextHandler@7b6860f9{/logs,file:///workdir/hadoop-ozone/integration-test/target/log,AVAILABLE}
2019-09-24 11:38:06,639 [main] INFO  handler.ContextHandler (ContextHandler.java:doStart(781)) - Started o.e.j.s.ServletContextHandler@31ee2fdb{/static,jar:file:/home/user/.m2/repository/org/apache/hadoop/hadoop-hdds-container-service/0.5.0-SNAPSHOT/hadoop-hdds-container-service-0.5.0-SNAPSHOT.jar!/webapps/static,AVAILABLE}
2019-09-24 11:38:06,672 [main] INFO  handler.ContextHandler (ContextHandler.java:doStart(781)) - Started o.e.j.w.WebAppContext@2849434b{/,file:///tmp/jetty-0.0.0.0-46781-hddsDatanode-_-any-8071202505646206321.dir/webapp/,AVAILABLE}{/hddsDatanode}
2019-09-24 11:38:06,673 [main] INFO  server.AbstractConnector (AbstractConnector.java:doStart(278)) - Started ServerConnector@60bbacfc{HTTP/1.1,[http/1.1]}{0.0.0.0:46781}
2019-09-24 11:38:06,673 [main] INFO  server.Server (Server.java:doStart(419)) - Started @133710ms
2019-09-24 11:38:06,673 [main] WARN  impl.MetricsSystemImpl (MetricsSystemImpl.java:register(276)) - Sink prometheus already exists!
2019-09-24 11:38:06,674 [main] INFO  server.BaseHttpServer (BaseHttpServer.java:updateConnectorAddress(215)) - HTTP server of HDDSDATANODE is listening at http://0.0.0.0:46781
2019-09-24 11:38:06,675 [main] INFO  impl.MetricsSystemImpl (MetricsSystemImpl.java:init(158)) - HddsDatanode metrics system started (again)
2019-09-24 11:38:06,678 [main] INFO  ozone.HddsDatanodeService (HddsDatanodeService.java:start(184)) - HddsDatanodeService host:pr-hdds-2166-cfpzp-170641675 ip:192.168.36.75
2019-09-24 11:38:06,681 [org.apache.hadoop.util.JvmPauseMonitor$Monitor@48735e90] INFO  util.JvmPauseMonitor (JvmPauseMonitor.java:run(188)) - Starting JVM pause monitor
2019-09-24 11:38:06,684 [main] INFO  volume.HddsVolume (HddsVolume.java:<init>(176)) - Creating Volume: /workdir/hadoop-ozone/integration-test/target/test-dir/MiniOzoneClusterImpl-eec8fab0-77d9-416d-a41f-8ed3903f94c0/datanode-1/data/containers/hdds of  storage type : DISK and capacity : 1482555576320
2019-09-24 11:38:06,685 [main] INFO  volume.VolumeSet (VolumeSet.java:initializeVolumeSet(170)) - Added Volume : /workdir/hadoop-ozone/integration-test/target/test-dir/MiniOzoneClusterImpl-eec8fab0-77d9-416d-a41f-8ed3903f94c0/datanode-1/data/containers/hdds to VolumeSet
2019-09-24 11:38:06,686 [main] INFO  volume.ThrottledAsyncChecker (ThrottledAsyncChecker.java:schedule(139)) - Scheduling a check for org.apache.hadoop.ozone.container.common.volume.HddsVolume@4c6007fb
2019-09-24 11:38:06,691 [main] INFO  volume.HddsVolumeChecker (HddsVolumeChecker.java:checkAllVolumes(202)) - Scheduled health check for volume org.apache.hadoop.ozone.container.common.volume.HddsVolume@4c6007fb
2019-09-24 11:38:06,716 [main] INFO  impl.RaftServerProxy (ConfUtils.java:logGet(43)) - raft.rpc.type = GRPC (default)
2019-09-24 11:38:06,716 [main] INFO  grpc.GrpcFactory (GrpcFactory.java:checkPooledByteBufAllocatorUseCacheForAllThreads(45)) - PERFORMANCE WARNING: useCacheForAllThreads is true that may cause Netty to create a lot garbage objects and, as a result, trigger GC.
	It is recommended to disable useCacheForAllThreads by setting -Dorg.apache.ratis.thirdparty.io.netty.allocator.useCacheForAllThreads=false in command line.
2019-09-24 11:38:06,717 [main] INFO  grpc.GrpcConfigKeys$Server (ConfUtils.java:logGet(43)) - raft.grpc.server.port = 0 (default)
2019-09-24 11:38:06,717 [main] INFO  server.GrpcService (ConfUtils.java:logGet(43)) - raft.grpc.message.size.max = 33570816 (custom)
2019-09-24 11:38:06,717 [main] INFO  server.RaftServerConfigKeys (ConfUtils.java:logGet(43)) - raft.server.log.appender.buffer.byte-limit = 33554432 (custom)
2019-09-24 11:38:06,718 [main] INFO  server.GrpcService (ConfUtils.java:logGet(43)) - raft.grpc.flow.control.window = 1MB (=1048576) (default)
2019-09-24 11:38:06,718 [main] INFO  server.RaftServerConfigKeys (ConfUtils.java:logGet(43)) - raft.server.rpc.request.timeout = 3000ms (default)
2019-09-24 11:38:06,719 [main] INFO  server.RaftServerConfigKeys (ConfUtils.java:logGet(43)) - raft.server.storage.dir = [/workdir/hadoop-ozone/integration-test/target/test-dir/MiniOzoneClusterImpl-eec8fab0-77d9-416d-a41f-8ed3903f94c0/datanode-1/data/ratis] (custom)
2019-09-24 11:38:06,721 [main] INFO  hdfs.DFSUtil (DFSUtil.java:httpServerTemplateForNNAndJN(1641)) - Starting Web-server for hddsDatanode at: http://0.0.0.0:0
2019-09-24 11:38:06,723 [main] INFO  server.AuthenticationFilter (AuthenticationFilter.java:constructSecretProvider(240)) - Unable to initialize FileSignerSecretProvider, falling back to use random secrets.
2019-09-24 11:38:06,724 [main] WARN  http.HttpRequestLog (HttpRequestLog.java:getRequestLog(97)) - Jetty request log can only be enabled using Log4j
2019-09-24 11:38:06,726 [main] INFO  http.HttpServer2 (HttpServer2.java:addGlobalFilter(975)) - Added global filter 'safety' (class=org.apache.hadoop.http.HttpServer2$QuotingInputFilter)
2019-09-24 11:38:06,726 [main] INFO  http.HttpServer2 (HttpServer2.java:addFilter(948)) - Added filter static_user_filter (class=org.apache.hadoop.http.lib.StaticUserWebFilter$StaticUserFilter) to context hddsDatanode
2019-09-24 11:38:06,727 [main] INFO  http.HttpServer2 (HttpServer2.java:addFilter(958)) - Added filter static_user_filter (class=org.apache.hadoop.http.lib.StaticUserWebFilter$StaticUserFilter) to context static
2019-09-24 11:38:06,727 [main] INFO  http.HttpServer2 (HttpServer2.java:addFilter(958)) - Added filter static_user_filter (class=org.apache.hadoop.http.lib.StaticUserWebFilter$StaticUserFilter) to context logs
2019-09-24 11:38:06,728 [main] INFO  http.HttpServer2 (HttpServer2.java:bindListener(1191)) - Jetty bound to port 36329
2019-09-24 11:38:06,728 [main] INFO  server.Server (Server.java:doStart(351)) - jetty-9.3.25.v20180904, build timestamp: 2018-09-04T21:11:46Z, git hash: 3ce520221d0240229c862b122d2b06c12a625732
2019-09-24 11:38:06,730 [main] INFO  handler.ContextHandler (ContextHandler.java:doStart(781)) - Started o.e.j.s.ServletContextHandler@3dffc764{/logs,file:///workdir/hadoop-ozone/integration-test/target/log,AVAILABLE}
2019-09-24 11:38:06,730 [main] INFO  handler.ContextHandler (ContextHandler.java:doStart(781)) - Started o.e.j.s.ServletContextHandler@561b61ed{/static,jar:file:/home/user/.m2/repository/org/apache/hadoop/hadoop-hdds-container-service/0.5.0-SNAPSHOT/hadoop-hdds-container-service-0.5.0-SNAPSHOT.jar!/webapps/static,AVAILABLE}
2019-09-24 11:38:06,759 [main] INFO  handler.ContextHandler (ContextHandler.java:doStart(781)) - Started o.e.j.w.WebAppContext@3c3a0032{/,file:///tmp/jetty-0.0.0.0-36329-hddsDatanode-_-any-4213155880765208016.dir/webapp/,AVAILABLE}{/hddsDatanode}
2019-09-24 11:38:06,760 [main] INFO  server.AbstractConnector (AbstractConnector.java:doStart(278)) - Started ServerConnector@7ceb4478{HTTP/1.1,[http/1.1]}{0.0.0.0:36329}
2019-09-24 11:38:06,760 [main] INFO  server.Server (Server.java:doStart(419)) - Started @133797ms
2019-09-24 11:38:06,761 [main] WARN  impl.MetricsSystemImpl (MetricsSystemImpl.java:register(276)) - Sink prometheus already exists!
2019-09-24 11:38:06,761 [main] INFO  server.BaseHttpServer (BaseHttpServer.java:updateConnectorAddress(215)) - HTTP server of HDDSDATANODE is listening at http://0.0.0.0:36329
2019-09-24 11:38:06,762 [main] INFO  impl.MetricsSystemImpl (MetricsSystemImpl.java:init(158)) - HddsDatanode metrics system started (again)
2019-09-24 11:38:06,765 [org.apache.hadoop.util.JvmPauseMonitor$Monitor@502fae88] INFO  util.JvmPauseMonitor (JvmPauseMonitor.java:run(188)) - Starting JVM pause monitor
2019-09-24 11:38:06,765 [main] INFO  ozone.HddsDatanodeService (HddsDatanodeService.java:start(184)) - HddsDatanodeService host:pr-hdds-2166-cfpzp-170641675 ip:192.168.36.75
2019-09-24 11:38:06,771 [main] INFO  volume.HddsVolume (HddsVolume.java:<init>(176)) - Creating Volume: /workdir/hadoop-ozone/integration-test/target/test-dir/MiniOzoneClusterImpl-eec8fab0-77d9-416d-a41f-8ed3903f94c0/datanode-2/data/containers/hdds of  storage type : DISK and capacity : 1482555576320
2019-09-24 11:38:06,772 [main] INFO  volume.VolumeSet (VolumeSet.java:initializeVolumeSet(170)) - Added Volume : /workdir/hadoop-ozone/integration-test/target/test-dir/MiniOzoneClusterImpl-eec8fab0-77d9-416d-a41f-8ed3903f94c0/datanode-2/data/containers/hdds to VolumeSet
2019-09-24 11:38:06,772 [main] INFO  volume.ThrottledAsyncChecker (ThrottledAsyncChecker.java:schedule(139)) - Scheduling a check for org.apache.hadoop.ozone.container.common.volume.HddsVolume@4da6d664
2019-09-24 11:38:06,773 [main] INFO  volume.HddsVolumeChecker (HddsVolumeChecker.java:checkAllVolumes(202)) - Scheduled health check for volume org.apache.hadoop.ozone.container.common.volume.HddsVolume@4da6d664
2019-09-24 11:38:06,795 [main] INFO  impl.RaftServerProxy (ConfUtils.java:logGet(43)) - raft.rpc.type = GRPC (default)
2019-09-24 11:38:06,795 [main] INFO  grpc.GrpcFactory (GrpcFactory.java:checkPooledByteBufAllocatorUseCacheForAllThreads(45)) - PERFORMANCE WARNING: useCacheForAllThreads is true that may cause Netty to create a lot garbage objects and, as a result, trigger GC.
	It is recommended to disable useCacheForAllThreads by setting -Dorg.apache.ratis.thirdparty.io.netty.allocator.useCacheForAllThreads=false in command line.
2019-09-24 11:38:06,796 [main] INFO  grpc.GrpcConfigKeys$Server (ConfUtils.java:logGet(43)) - raft.grpc.server.port = 0 (default)
2019-09-24 11:38:06,796 [main] INFO  server.GrpcService (ConfUtils.java:logGet(43)) - raft.grpc.message.size.max = 33570816 (custom)
2019-09-24 11:38:06,796 [main] INFO  server.RaftServerConfigKeys (ConfUtils.java:logGet(43)) - raft.server.log.appender.buffer.byte-limit = 33554432 (custom)
2019-09-24 11:38:06,797 [main] INFO  server.GrpcService (ConfUtils.java:logGet(43)) - raft.grpc.flow.control.window = 1MB (=1048576) (default)
2019-09-24 11:38:06,797 [main] INFO  server.RaftServerConfigKeys (ConfUtils.java:logGet(43)) - raft.server.rpc.request.timeout = 3000ms (default)
2019-09-24 11:38:06,798 [main] INFO  server.RaftServerConfigKeys (ConfUtils.java:logGet(43)) - raft.server.storage.dir = [/workdir/hadoop-ozone/integration-test/target/test-dir/MiniOzoneClusterImpl-eec8fab0-77d9-416d-a41f-8ed3903f94c0/datanode-2/data/ratis] (custom)
2019-09-24 11:38:06,802 [main] INFO  hdfs.DFSUtil (DFSUtil.java:httpServerTemplateForNNAndJN(1641)) - Starting Web-server for hddsDatanode at: http://0.0.0.0:0
2019-09-24 11:38:06,803 [main] INFO  server.AuthenticationFilter (AuthenticationFilter.java:constructSecretProvider(240)) - Unable to initialize FileSignerSecretProvider, falling back to use random secrets.
2019-09-24 11:38:06,804 [main] WARN  http.HttpRequestLog (HttpRequestLog.java:getRequestLog(97)) - Jetty request log can only be enabled using Log4j
2019-09-24 11:38:06,805 [main] INFO  http.HttpServer2 (HttpServer2.java:addGlobalFilter(975)) - Added global filter 'safety' (class=org.apache.hadoop.http.HttpServer2$QuotingInputFilter)
2019-09-24 11:38:06,806 [main] INFO  http.HttpServer2 (HttpServer2.java:addFilter(948)) - Added filter static_user_filter (class=org.apache.hadoop.http.lib.StaticUserWebFilter$StaticUserFilter) to context hddsDatanode
2019-09-24 11:38:06,806 [main] INFO  http.HttpServer2 (HttpServer2.java:addFilter(958)) - Added filter static_user_filter (class=org.apache.hadoop.http.lib.StaticUserWebFilter$StaticUserFilter) to context static
2019-09-24 11:38:06,807 [main] INFO  http.HttpServer2 (HttpServer2.java:addFilter(958)) - Added filter static_user_filter (class=org.apache.hadoop.http.lib.StaticUserWebFilter$StaticUserFilter) to context logs
2019-09-24 11:38:06,807 [main] INFO  http.HttpServer2 (HttpServer2.java:bindListener(1191)) - Jetty bound to port 40863
2019-09-24 11:38:06,808 [main] INFO  server.Server (Server.java:doStart(351)) - jetty-9.3.25.v20180904, build timestamp: 2018-09-04T21:11:46Z, git hash: 3ce520221d0240229c862b122d2b06c12a625732
2019-09-24 11:38:06,811 [main] INFO  handler.ContextHandler (ContextHandler.java:doStart(781)) - Started o.e.j.s.ServletContextHandler@1aad0b1{/logs,file:///workdir/hadoop-ozone/integration-test/target/log,AVAILABLE}
2019-09-24 11:38:06,812 [main] INFO  handler.ContextHandler (ContextHandler.java:doStart(781)) - Started o.e.j.s.ServletContextHandler@5af8bb51{/static,jar:file:/home/user/.m2/repository/org/apache/hadoop/hadoop-hdds-container-service/0.5.0-SNAPSHOT/hadoop-hdds-container-service-0.5.0-SNAPSHOT.jar!/webapps/static,AVAILABLE}
2019-09-24 11:38:06,815 [Datanode State Machine Thread - 0] INFO  datanode.InitDatanodeState (InitDatanodeState.java:persistContainerDatanodeDetails(140)) - DatanodeDetails is persisted to /workdir/hadoop-ozone/integration-test/target/test-dir/MiniOzoneClusterImpl-eec8fab0-77d9-416d-a41f-8ed3903f94c0/datanode-0/meta/datanode.id
2019-09-24 11:38:06,819 [Datanode State Machine Thread - 0] INFO  datanode.InitDatanodeState (InitDatanodeState.java:persistContainerDatanodeDetails(140)) - DatanodeDetails is persisted to /workdir/hadoop-ozone/integration-test/target/test-dir/MiniOzoneClusterImpl-eec8fab0-77d9-416d-a41f-8ed3903f94c0/datanode-1/meta/datanode.id
2019-09-24 11:38:06,847 [main] INFO  handler.ContextHandler (ContextHandler.java:doStart(781)) - Started o.e.j.w.WebAppContext@56da7487{/,file:///tmp/jetty-0.0.0.0-40863-hddsDatanode-_-any-376582304765854660.dir/webapp/,AVAILABLE}{/hddsDatanode}
2019-09-24 11:38:06,849 [main] INFO  server.AbstractConnector (AbstractConnector.java:doStart(278)) - Started ServerConnector@599e4d41{HTTP/1.1,[http/1.1]}{0.0.0.0:40863}
2019-09-24 11:38:06,849 [main] INFO  server.Server (Server.java:doStart(419)) - Started @133886ms
2019-09-24 11:38:06,850 [main] WARN  impl.MetricsSystemImpl (MetricsSystemImpl.java:register(276)) - Sink prometheus already exists!
2019-09-24 11:38:06,850 [main] INFO  server.BaseHttpServer (BaseHttpServer.java:updateConnectorAddress(215)) - HTTP server of HDDSDATANODE is listening at http://0.0.0.0:40863
2019-09-24 11:38:06,851 [main] INFO  impl.MetricsSystemImpl (MetricsSystemImpl.java:init(158)) - HddsDatanode metrics system started (again)
2019-09-24 11:38:06,853 [org.apache.hadoop.util.JvmPauseMonitor$Monitor@58c89b3f] INFO  util.JvmPauseMonitor (JvmPauseMonitor.java:run(188)) - Starting JVM pause monitor
2019-09-24 11:38:06,854 [main] INFO  ozone.HddsDatanodeService (HddsDatanodeService.java:start(184)) - HddsDatanodeService host:pr-hdds-2166-cfpzp-170641675 ip:192.168.36.75
2019-09-24 11:38:06,856 [Datanode State Machine Thread - 0] INFO  datanode.InitDatanodeState (InitDatanodeState.java:persistContainerDatanodeDetails(140)) - DatanodeDetails is persisted to /workdir/hadoop-ozone/integration-test/target/test-dir/MiniOzoneClusterImpl-eec8fab0-77d9-416d-a41f-8ed3903f94c0/datanode-2/meta/datanode.id
2019-09-24 11:38:06,860 [main] INFO  volume.HddsVolume (HddsVolume.java:<init>(176)) - Creating Volume: /workdir/hadoop-ozone/integration-test/target/test-dir/MiniOzoneClusterImpl-eec8fab0-77d9-416d-a41f-8ed3903f94c0/datanode-3/data/containers/hdds of  storage type : DISK and capacity : 1482555576320
2019-09-24 11:38:06,909 [main] INFO  volume.VolumeSet (VolumeSet.java:initializeVolumeSet(170)) - Added Volume : /workdir/hadoop-ozone/integration-test/target/test-dir/MiniOzoneClusterImpl-eec8fab0-77d9-416d-a41f-8ed3903f94c0/datanode-3/data/containers/hdds to VolumeSet
2019-09-24 11:38:06,909 [main] INFO  volume.ThrottledAsyncChecker (ThrottledAsyncChecker.java:schedule(139)) - Scheduling a check for org.apache.hadoop.ozone.container.common.volume.HddsVolume@1981d861
2019-09-24 11:38:06,910 [main] INFO  volume.HddsVolumeChecker (HddsVolumeChecker.java:checkAllVolumes(202)) - Scheduled health check for volume org.apache.hadoop.ozone.container.common.volume.HddsVolume@1981d861
2019-09-24 11:38:06,927 [main] INFO  impl.RaftServerProxy (ConfUtils.java:logGet(43)) - raft.rpc.type = GRPC (default)
2019-09-24 11:38:06,927 [main] INFO  grpc.GrpcFactory (GrpcFactory.java:checkPooledByteBufAllocatorUseCacheForAllThreads(45)) - PERFORMANCE WARNING: useCacheForAllThreads is true that may cause Netty to create a lot garbage objects and, as a result, trigger GC.
	It is recommended to disable useCacheForAllThreads by setting -Dorg.apache.ratis.thirdparty.io.netty.allocator.useCacheForAllThreads=false in command line.
2019-09-24 11:38:06,927 [main] INFO  grpc.GrpcConfigKeys$Server (ConfUtils.java:logGet(43)) - raft.grpc.server.port = 0 (default)
2019-09-24 11:38:06,928 [main] INFO  server.GrpcService (ConfUtils.java:logGet(43)) - raft.grpc.message.size.max = 33570816 (custom)
2019-09-24 11:38:06,928 [main] INFO  server.RaftServerConfigKeys (ConfUtils.java:logGet(43)) - raft.server.log.appender.buffer.byte-limit = 33554432 (custom)
2019-09-24 11:38:06,928 [main] INFO  server.GrpcService (ConfUtils.java:logGet(43)) - raft.grpc.flow.control.window = 1MB (=1048576) (default)
2019-09-24 11:38:06,928 [main] INFO  server.RaftServerConfigKeys (ConfUtils.java:logGet(43)) - raft.server.rpc.request.timeout = 3000ms (default)
2019-09-24 11:38:06,929 [main] INFO  server.RaftServerConfigKeys (ConfUtils.java:logGet(43)) - raft.server.storage.dir = [/workdir/hadoop-ozone/integration-test/target/test-dir/MiniOzoneClusterImpl-eec8fab0-77d9-416d-a41f-8ed3903f94c0/datanode-3/data/ratis] (custom)
2019-09-24 11:38:06,930 [main] INFO  hdfs.DFSUtil (DFSUtil.java:httpServerTemplateForNNAndJN(1641)) - Starting Web-server for hddsDatanode at: http://0.0.0.0:0
2019-09-24 11:38:06,932 [main] INFO  server.AuthenticationFilter (AuthenticationFilter.java:constructSecretProvider(240)) - Unable to initialize FileSignerSecretProvider, falling back to use random secrets.
2019-09-24 11:38:06,932 [main] WARN  http.HttpRequestLog (HttpRequestLog.java:getRequestLog(97)) - Jetty request log can only be enabled using Log4j
2019-09-24 11:38:06,934 [main] INFO  http.HttpServer2 (HttpServer2.java:addGlobalFilter(975)) - Added global filter 'safety' (class=org.apache.hadoop.http.HttpServer2$QuotingInputFilter)
2019-09-24 11:38:06,934 [main] INFO  http.HttpServer2 (HttpServer2.java:addFilter(948)) - Added filter static_user_filter (class=org.apache.hadoop.http.lib.StaticUserWebFilter$StaticUserFilter) to context hddsDatanode
2019-09-24 11:38:06,935 [main] INFO  http.HttpServer2 (HttpServer2.java:addFilter(958)) - Added filter static_user_filter (class=org.apache.hadoop.http.lib.StaticUserWebFilter$StaticUserFilter) to context logs
2019-09-24 11:38:06,935 [main] INFO  http.HttpServer2 (HttpServer2.java:addFilter(958)) - Added filter static_user_filter (class=org.apache.hadoop.http.lib.StaticUserWebFilter$StaticUserFilter) to context static
2019-09-24 11:38:06,935 [main] INFO  http.HttpServer2 (HttpServer2.java:bindListener(1191)) - Jetty bound to port 43612
2019-09-24 11:38:06,936 [main] INFO  server.Server (Server.java:doStart(351)) - jetty-9.3.25.v20180904, build timestamp: 2018-09-04T21:11:46Z, git hash: 3ce520221d0240229c862b122d2b06c12a625732
2019-09-24 11:38:06,937 [main] INFO  handler.ContextHandler (ContextHandler.java:doStart(781)) - Started o.e.j.s.ServletContextHandler@68ab0936{/logs,file:///workdir/hadoop-ozone/integration-test/target/log,AVAILABLE}
2019-09-24 11:38:06,938 [main] INFO  handler.ContextHandler (ContextHandler.java:doStart(781)) - Started o.e.j.s.ServletContextHandler@42b84286{/static,jar:file:/home/user/.m2/repository/org/apache/hadoop/hadoop-hdds-container-service/0.5.0-SNAPSHOT/hadoop-hdds-container-service-0.5.0-SNAPSHOT.jar!/webapps/static,AVAILABLE}
2019-09-24 11:38:06,968 [main] INFO  handler.ContextHandler (ContextHandler.java:doStart(781)) - Started o.e.j.w.WebAppContext@6caf7803{/,file:///tmp/jetty-0.0.0.0-43612-hddsDatanode-_-any-1841823622057047278.dir/webapp/,AVAILABLE}{/hddsDatanode}
2019-09-24 11:38:06,969 [main] INFO  server.AbstractConnector (AbstractConnector.java:doStart(278)) - Started ServerConnector@709ed6f3{HTTP/1.1,[http/1.1]}{0.0.0.0:43612}
2019-09-24 11:38:06,969 [main] INFO  server.Server (Server.java:doStart(419)) - Started @134006ms
2019-09-24 11:38:06,970 [main] WARN  impl.MetricsSystemImpl (MetricsSystemImpl.java:register(276)) - Sink prometheus already exists!
2019-09-24 11:38:06,970 [main] INFO  server.BaseHttpServer (BaseHttpServer.java:updateConnectorAddress(215)) - HTTP server of HDDSDATANODE is listening at http://0.0.0.0:43612
2019-09-24 11:38:06,971 [main] INFO  impl.MetricsSystemImpl (MetricsSystemImpl.java:init(158)) - HddsDatanode metrics system started (again)
2019-09-24 11:38:06,974 [org.apache.hadoop.util.JvmPauseMonitor$Monitor@445270e4] INFO  util.JvmPauseMonitor (JvmPauseMonitor.java:run(188)) - Starting JVM pause monitor
2019-09-24 11:38:06,974 [main] INFO  ozone.HddsDatanodeService (HddsDatanodeService.java:start(184)) - HddsDatanodeService host:pr-hdds-2166-cfpzp-170641675 ip:192.168.36.75
2019-09-24 11:38:06,977 [Datanode State Machine Thread - 0] INFO  datanode.InitDatanodeState (InitDatanodeState.java:persistContainerDatanodeDetails(140)) - DatanodeDetails is persisted to /workdir/hadoop-ozone/integration-test/target/test-dir/MiniOzoneClusterImpl-eec8fab0-77d9-416d-a41f-8ed3903f94c0/datanode-3/meta/datanode.id
2019-09-24 11:38:06,980 [main] INFO  volume.HddsVolume (HddsVolume.java:<init>(176)) - Creating Volume: /workdir/hadoop-ozone/integration-test/target/test-dir/MiniOzoneClusterImpl-eec8fab0-77d9-416d-a41f-8ed3903f94c0/datanode-4/data/containers/hdds of  storage type : DISK and capacity : 1482555576320
2019-09-24 11:38:06,980 [main] INFO  volume.VolumeSet (VolumeSet.java:initializeVolumeSet(170)) - Added Volume : /workdir/hadoop-ozone/integration-test/target/test-dir/MiniOzoneClusterImpl-eec8fab0-77d9-416d-a41f-8ed3903f94c0/datanode-4/data/containers/hdds to VolumeSet
2019-09-24 11:38:06,980 [main] INFO  volume.ThrottledAsyncChecker (ThrottledAsyncChecker.java:schedule(139)) - Scheduling a check for org.apache.hadoop.ozone.container.common.volume.HddsVolume@7fb29ca9
2019-09-24 11:38:06,981 [main] INFO  volume.HddsVolumeChecker (HddsVolumeChecker.java:checkAllVolumes(202)) - Scheduled health check for volume org.apache.hadoop.ozone.container.common.volume.HddsVolume@7fb29ca9
2019-09-24 11:38:06,998 [main] INFO  impl.RaftServerProxy (ConfUtils.java:logGet(43)) - raft.rpc.type = GRPC (default)
2019-09-24 11:38:06,998 [main] INFO  grpc.GrpcFactory (GrpcFactory.java:checkPooledByteBufAllocatorUseCacheForAllThreads(45)) - PERFORMANCE WARNING: useCacheForAllThreads is true that may cause Netty to create a lot garbage objects and, as a result, trigger GC.
	It is recommended to disable useCacheForAllThreads by setting -Dorg.apache.ratis.thirdparty.io.netty.allocator.useCacheForAllThreads=false in command line.
2019-09-24 11:38:06,998 [main] INFO  grpc.GrpcConfigKeys$Server (ConfUtils.java:logGet(43)) - raft.grpc.server.port = 0 (default)
2019-09-24 11:38:06,999 [main] INFO  server.GrpcService (ConfUtils.java:logGet(43)) - raft.grpc.message.size.max = 33570816 (custom)
2019-09-24 11:38:06,999 [main] INFO  server.RaftServerConfigKeys (ConfUtils.java:logGet(43)) - raft.server.log.appender.buffer.byte-limit = 33554432 (custom)
2019-09-24 11:38:06,999 [main] INFO  server.GrpcService (ConfUtils.java:logGet(43)) - raft.grpc.flow.control.window = 1MB (=1048576) (default)
2019-09-24 11:38:07,000 [main] INFO  server.RaftServerConfigKeys (ConfUtils.java:logGet(43)) - raft.server.rpc.request.timeout = 3000ms (default)
2019-09-24 11:38:07,001 [main] INFO  server.RaftServerConfigKeys (ConfUtils.java:logGet(43)) - raft.server.storage.dir = [/workdir/hadoop-ozone/integration-test/target/test-dir/MiniOzoneClusterImpl-eec8fab0-77d9-416d-a41f-8ed3903f94c0/datanode-4/data/ratis] (custom)
2019-09-24 11:38:07,003 [main] INFO  hdfs.DFSUtil (DFSUtil.java:httpServerTemplateForNNAndJN(1641)) - Starting Web-server for hddsDatanode at: http://0.0.0.0:0
2019-09-24 11:38:07,004 [main] INFO  server.AuthenticationFilter (AuthenticationFilter.java:constructSecretProvider(240)) - Unable to initialize FileSignerSecretProvider, falling back to use random secrets.
2019-09-24 11:38:07,005 [main] WARN  http.HttpRequestLog (HttpRequestLog.java:getRequestLog(97)) - Jetty request log can only be enabled using Log4j
2019-09-24 11:38:07,007 [main] INFO  http.HttpServer2 (HttpServer2.java:addGlobalFilter(975)) - Added global filter 'safety' (class=org.apache.hadoop.http.HttpServer2$QuotingInputFilter)
2019-09-24 11:38:07,008 [main] INFO  http.HttpServer2 (HttpServer2.java:addFilter(948)) - Added filter static_user_filter (class=org.apache.hadoop.http.lib.StaticUserWebFilter$StaticUserFilter) to context hddsDatanode
2019-09-24 11:38:07,008 [main] INFO  http.HttpServer2 (HttpServer2.java:addFilter(958)) - Added filter static_user_filter (class=org.apache.hadoop.http.lib.StaticUserWebFilter$StaticUserFilter) to context static
2019-09-24 11:38:07,009 [main] INFO  http.HttpServer2 (HttpServer2.java:addFilter(958)) - Added filter static_user_filter (class=org.apache.hadoop.http.lib.StaticUserWebFilter$StaticUserFilter) to context logs
2019-09-24 11:38:07,009 [main] INFO  http.HttpServer2 (HttpServer2.java:bindListener(1191)) - Jetty bound to port 34430
2019-09-24 11:38:07,010 [main] INFO  server.Server (Server.java:doStart(351)) - jetty-9.3.25.v20180904, build timestamp: 2018-09-04T21:11:46Z, git hash: 3ce520221d0240229c862b122d2b06c12a625732
2019-09-24 11:38:07,016 [main] INFO  handler.ContextHandler (ContextHandler.java:doStart(781)) - Started o.e.j.s.ServletContextHandler@237f7970{/logs,file:///workdir/hadoop-ozone/integration-test/target/log,AVAILABLE}
2019-09-24 11:38:07,017 [main] INFO  handler.ContextHandler (ContextHandler.java:doStart(781)) - Started o.e.j.s.ServletContextHandler@7b948f3e{/static,jar:file:/home/user/.m2/repository/org/apache/hadoop/hadoop-hdds-container-service/0.5.0-SNAPSHOT/hadoop-hdds-container-service-0.5.0-SNAPSHOT.jar!/webapps/static,AVAILABLE}
2019-09-24 11:38:07,062 [main] INFO  handler.ContextHandler (ContextHandler.java:doStart(781)) - Started o.e.j.w.WebAppContext@2f84acf7{/,file:///tmp/jetty-0.0.0.0-34430-hddsDatanode-_-any-4583974373400362660.dir/webapp/,AVAILABLE}{/hddsDatanode}
2019-09-24 11:38:07,064 [main] INFO  server.AbstractConnector (AbstractConnector.java:doStart(278)) - Started ServerConnector@291373d3{HTTP/1.1,[http/1.1]}{0.0.0.0:34430}
2019-09-24 11:38:07,064 [main] INFO  server.Server (Server.java:doStart(419)) - Started @134101ms
2019-09-24 11:38:07,064 [main] WARN  impl.MetricsSystemImpl (MetricsSystemImpl.java:register(276)) - Sink prometheus already exists!
2019-09-24 11:38:07,065 [main] INFO  server.BaseHttpServer (BaseHttpServer.java:updateConnectorAddress(215)) - HTTP server of HDDSDATANODE is listening at http://0.0.0.0:34430
2019-09-24 11:38:07,066 [main] INFO  impl.MetricsSystemImpl (MetricsSystemImpl.java:init(158)) - HddsDatanode metrics system started (again)
2019-09-24 11:38:07,069 [org.apache.hadoop.util.JvmPauseMonitor$Monitor@e924b79] INFO  util.JvmPauseMonitor (JvmPauseMonitor.java:run(188)) - Starting JVM pause monitor
2019-09-24 11:38:07,071 [main] INFO  ozone.HddsDatanodeService (HddsDatanodeService.java:start(184)) - HddsDatanodeService host:pr-hdds-2166-cfpzp-170641675 ip:192.168.36.75
2019-09-24 11:38:07,072 [Datanode State Machine Thread - 0] INFO  datanode.InitDatanodeState (InitDatanodeState.java:persistContainerDatanodeDetails(140)) - DatanodeDetails is persisted to /workdir/hadoop-ozone/integration-test/target/test-dir/MiniOzoneClusterImpl-eec8fab0-77d9-416d-a41f-8ed3903f94c0/datanode-4/meta/datanode.id
2019-09-24 11:38:07,076 [main] INFO  volume.HddsVolume (HddsVolume.java:<init>(176)) - Creating Volume: /workdir/hadoop-ozone/integration-test/target/test-dir/MiniOzoneClusterImpl-eec8fab0-77d9-416d-a41f-8ed3903f94c0/datanode-5/data/containers/hdds of  storage type : DISK and capacity : 1482555576320
2019-09-24 11:38:07,077 [main] INFO  volume.VolumeSet (VolumeSet.java:initializeVolumeSet(170)) - Added Volume : /workdir/hadoop-ozone/integration-test/target/test-dir/MiniOzoneClusterImpl-eec8fab0-77d9-416d-a41f-8ed3903f94c0/datanode-5/data/containers/hdds to VolumeSet
2019-09-24 11:38:07,077 [main] INFO  volume.ThrottledAsyncChecker (ThrottledAsyncChecker.java:schedule(139)) - Scheduling a check for org.apache.hadoop.ozone.container.common.volume.HddsVolume@5ea4300e
2019-09-24 11:38:07,078 [main] INFO  volume.HddsVolumeChecker (HddsVolumeChecker.java:checkAllVolumes(202)) - Scheduled health check for volume org.apache.hadoop.ozone.container.common.volume.HddsVolume@5ea4300e
2019-09-24 11:38:07,099 [main] INFO  impl.RaftServerProxy (ConfUtils.java:logGet(43)) - raft.rpc.type = GRPC (default)
2019-09-24 11:38:07,099 [main] INFO  grpc.GrpcFactory (GrpcFactory.java:checkPooledByteBufAllocatorUseCacheForAllThreads(45)) - PERFORMANCE WARNING: useCacheForAllThreads is true that may cause Netty to create a lot garbage objects and, as a result, trigger GC.
	It is recommended to disable useCacheForAllThreads by setting -Dorg.apache.ratis.thirdparty.io.netty.allocator.useCacheForAllThreads=false in command line.
2019-09-24 11:38:07,099 [main] INFO  grpc.GrpcConfigKeys$Server (ConfUtils.java:logGet(43)) - raft.grpc.server.port = 0 (default)
2019-09-24 11:38:07,100 [main] INFO  server.GrpcService (ConfUtils.java:logGet(43)) - raft.grpc.message.size.max = 33570816 (custom)
2019-09-24 11:38:07,100 [main] INFO  server.RaftServerConfigKeys (ConfUtils.java:logGet(43)) - raft.server.log.appender.buffer.byte-limit = 33554432 (custom)
2019-09-24 11:38:07,100 [main] INFO  server.GrpcService (ConfUtils.java:logGet(43)) - raft.grpc.flow.control.window = 1MB (=1048576) (default)
2019-09-24 11:38:07,100 [main] INFO  server.RaftServerConfigKeys (ConfUtils.java:logGet(43)) - raft.server.rpc.request.timeout = 3000ms (default)
2019-09-24 11:38:07,101 [main] INFO  server.RaftServerConfigKeys (ConfUtils.java:logGet(43)) - raft.server.storage.dir = [/workdir/hadoop-ozone/integration-test/target/test-dir/MiniOzoneClusterImpl-eec8fab0-77d9-416d-a41f-8ed3903f94c0/datanode-5/data/ratis] (custom)
2019-09-24 11:38:07,103 [main] INFO  hdfs.DFSUtil (DFSUtil.java:httpServerTemplateForNNAndJN(1641)) - Starting Web-server for hddsDatanode at: http://0.0.0.0:0
2019-09-24 11:38:07,104 [main] INFO  server.AuthenticationFilter (AuthenticationFilter.java:constructSecretProvider(240)) - Unable to initialize FileSignerSecretProvider, falling back to use random secrets.
2019-09-24 11:38:07,105 [main] WARN  http.HttpRequestLog (HttpRequestLog.java:getRequestLog(97)) - Jetty request log can only be enabled using Log4j
2019-09-24 11:38:07,106 [main] INFO  http.HttpServer2 (HttpServer2.java:addGlobalFilter(975)) - Added global filter 'safety' (class=org.apache.hadoop.http.HttpServer2$QuotingInputFilter)
2019-09-24 11:38:07,107 [main] INFO  http.HttpServer2 (HttpServer2.java:addFilter(948)) - Added filter static_user_filter (class=org.apache.hadoop.http.lib.StaticUserWebFilter$StaticUserFilter) to context hddsDatanode
2019-09-24 11:38:07,107 [main] INFO  http.HttpServer2 (HttpServer2.java:addFilter(958)) - Added filter static_user_filter (class=org.apache.hadoop.http.lib.StaticUserWebFilter$StaticUserFilter) to context logs
2019-09-24 11:38:07,107 [main] INFO  http.HttpServer2 (HttpServer2.java:addFilter(958)) - Added filter static_user_filter (class=org.apache.hadoop.http.lib.StaticUserWebFilter$StaticUserFilter) to context static
2019-09-24 11:38:07,108 [main] INFO  http.HttpServer2 (HttpServer2.java:bindListener(1191)) - Jetty bound to port 45810
2019-09-24 11:38:07,108 [main] INFO  server.Server (Server.java:doStart(351)) - jetty-9.3.25.v20180904, build timestamp: 2018-09-04T21:11:46Z, git hash: 3ce520221d0240229c862b122d2b06c12a625732
2019-09-24 11:38:07,110 [main] INFO  handler.ContextHandler (ContextHandler.java:doStart(781)) - Started o.e.j.s.ServletContextHandler@4996c99{/logs,file:///workdir/hadoop-ozone/integration-test/target/log,AVAILABLE}
2019-09-24 11:38:07,111 [main] INFO  handler.ContextHandler (ContextHandler.java:doStart(781)) - Started o.e.j.s.ServletContextHandler@315f09ef{/static,jar:file:/home/user/.m2/repository/org/apache/hadoop/hadoop-hdds-container-service/0.5.0-SNAPSHOT/hadoop-hdds-container-service-0.5.0-SNAPSHOT.jar!/webapps/static,AVAILABLE}
2019-09-24 11:38:07,142 [main] INFO  handler.ContextHandler (ContextHandler.java:doStart(781)) - Started o.e.j.w.WebAppContext@267dc982{/,file:///tmp/jetty-0.0.0.0-45810-hddsDatanode-_-any-4907349041214980861.dir/webapp/,AVAILABLE}{/hddsDatanode}
2019-09-24 11:38:07,144 [main] INFO  server.AbstractConnector (AbstractConnector.java:doStart(278)) - Started ServerConnector@439b15f2{HTTP/1.1,[http/1.1]}{0.0.0.0:45810}
2019-09-24 11:38:07,144 [main] INFO  server.Server (Server.java:doStart(419)) - Started @134181ms
2019-09-24 11:38:07,144 [main] WARN  impl.MetricsSystemImpl (MetricsSystemImpl.java:register(276)) - Sink prometheus already exists!
2019-09-24 11:38:07,145 [main] INFO  server.BaseHttpServer (BaseHttpServer.java:updateConnectorAddress(215)) - HTTP server of HDDSDATANODE is listening at http://0.0.0.0:45810
2019-09-24 11:38:07,145 [main] INFO  impl.MetricsSystemImpl (MetricsSystemImpl.java:init(158)) - HddsDatanode metrics system started (again)
2019-09-24 11:38:07,149 [org.apache.hadoop.util.JvmPauseMonitor$Monitor@7bf15169] INFO  util.JvmPauseMonitor (JvmPauseMonitor.java:run(188)) - Starting JVM pause monitor
2019-09-24 11:38:07,149 [main] INFO  ozone.HddsDatanodeService (HddsDatanodeService.java:start(184)) - HddsDatanodeService host:pr-hdds-2166-cfpzp-170641675 ip:192.168.36.75
2019-09-24 11:38:07,151 [Datanode State Machine Thread - 0] INFO  datanode.InitDatanodeState (InitDatanodeState.java:persistContainerDatanodeDetails(140)) - DatanodeDetails is persisted to /workdir/hadoop-ozone/integration-test/target/test-dir/MiniOzoneClusterImpl-eec8fab0-77d9-416d-a41f-8ed3903f94c0/datanode-5/meta/datanode.id
2019-09-24 11:38:07,154 [main] INFO  volume.HddsVolume (HddsVolume.java:<init>(176)) - Creating Volume: /workdir/hadoop-ozone/integration-test/target/test-dir/MiniOzoneClusterImpl-eec8fab0-77d9-416d-a41f-8ed3903f94c0/datanode-6/data/containers/hdds of  storage type : DISK and capacity : 1482555576320
2019-09-24 11:38:07,155 [main] INFO  volume.VolumeSet (VolumeSet.java:initializeVolumeSet(170)) - Added Volume : /workdir/hadoop-ozone/integration-test/target/test-dir/MiniOzoneClusterImpl-eec8fab0-77d9-416d-a41f-8ed3903f94c0/datanode-6/data/containers/hdds to VolumeSet
2019-09-24 11:38:07,155 [main] INFO  volume.ThrottledAsyncChecker (ThrottledAsyncChecker.java:schedule(139)) - Scheduling a check for org.apache.hadoop.ozone.container.common.volume.HddsVolume@54e02f6a
2019-09-24 11:38:07,155 [main] INFO  volume.HddsVolumeChecker (HddsVolumeChecker.java:checkAllVolumes(202)) - Scheduled health check for volume org.apache.hadoop.ozone.container.common.volume.HddsVolume@54e02f6a
2019-09-24 11:38:07,172 [main] INFO  impl.RaftServerProxy (ConfUtils.java:logGet(43)) - raft.rpc.type = GRPC (default)
2019-09-24 11:38:07,172 [main] INFO  grpc.GrpcFactory (GrpcFactory.java:checkPooledByteBufAllocatorUseCacheForAllThreads(45)) - PERFORMANCE WARNING: useCacheForAllThreads is true that may cause Netty to create a lot garbage objects and, as a result, trigger GC.
	It is recommended to disable useCacheForAllThreads by setting -Dorg.apache.ratis.thirdparty.io.netty.allocator.useCacheForAllThreads=false in command line.
2019-09-24 11:38:07,172 [main] INFO  grpc.GrpcConfigKeys$Server (ConfUtils.java:logGet(43)) - raft.grpc.server.port = 0 (default)
2019-09-24 11:38:07,172 [main] INFO  server.GrpcService (ConfUtils.java:logGet(43)) - raft.grpc.message.size.max = 33570816 (custom)
2019-09-24 11:38:07,173 [main] INFO  server.RaftServerConfigKeys (ConfUtils.java:logGet(43)) - raft.server.log.appender.buffer.byte-limit = 33554432 (custom)
2019-09-24 11:38:07,173 [main] INFO  server.GrpcService (ConfUtils.java:logGet(43)) - raft.grpc.flow.control.window = 1MB (=1048576) (default)
2019-09-24 11:38:07,173 [main] INFO  server.RaftServerConfigKeys (ConfUtils.java:logGet(43)) - raft.server.rpc.request.timeout = 3000ms (default)
2019-09-24 11:38:07,174 [main] INFO  server.RaftServerConfigKeys (ConfUtils.java:logGet(43)) - raft.server.storage.dir = [/workdir/hadoop-ozone/integration-test/target/test-dir/MiniOzoneClusterImpl-eec8fab0-77d9-416d-a41f-8ed3903f94c0/datanode-6/data/ratis] (custom)
2019-09-24 11:38:07,175 [main] INFO  hdfs.DFSUtil (DFSUtil.java:httpServerTemplateForNNAndJN(1641)) - Starting Web-server for hddsDatanode at: http://0.0.0.0:0
2019-09-24 11:38:07,177 [main] INFO  server.AuthenticationFilter (AuthenticationFilter.java:constructSecretProvider(240)) - Unable to initialize FileSignerSecretProvider, falling back to use random secrets.
2019-09-24 11:38:07,178 [main] WARN  http.HttpRequestLog (HttpRequestLog.java:getRequestLog(97)) - Jetty request log can only be enabled using Log4j
2019-09-24 11:38:07,180 [main] INFO  http.HttpServer2 (HttpServer2.java:addGlobalFilter(975)) - Added global filter 'safety' (class=org.apache.hadoop.http.HttpServer2$QuotingInputFilter)
2019-09-24 11:38:07,180 [main] INFO  http.HttpServer2 (HttpServer2.java:addFilter(948)) - Added filter static_user_filter (class=org.apache.hadoop.http.lib.StaticUserWebFilter$StaticUserFilter) to context hddsDatanode
2019-09-24 11:38:07,181 [main] INFO  http.HttpServer2 (HttpServer2.java:addFilter(958)) - Added filter static_user_filter (class=org.apache.hadoop.http.lib.StaticUserWebFilter$StaticUserFilter) to context logs
2019-09-24 11:38:07,181 [main] INFO  http.HttpServer2 (HttpServer2.java:addFilter(958)) - Added filter static_user_filter (class=org.apache.hadoop.http.lib.StaticUserWebFilter$StaticUserFilter) to context static
2019-09-24 11:38:07,182 [main] INFO  http.HttpServer2 (HttpServer2.java:bindListener(1191)) - Jetty bound to port 46721
2019-09-24 11:38:07,182 [main] INFO  server.Server (Server.java:doStart(351)) - jetty-9.3.25.v20180904, build timestamp: 2018-09-04T21:11:46Z, git hash: 3ce520221d0240229c862b122d2b06c12a625732
2019-09-24 11:38:07,183 [main] INFO  handler.ContextHandler (ContextHandler.java:doStart(781)) - Started o.e.j.s.ServletContextHandler@29149030{/logs,file:///workdir/hadoop-ozone/integration-test/target/log,AVAILABLE}
2019-09-24 11:38:07,184 [main] INFO  handler.ContextHandler (ContextHandler.java:doStart(781)) - Started o.e.j.s.ServletContextHandler@68868328{/static,jar:file:/home/user/.m2/repository/org/apache/hadoop/hadoop-hdds-container-service/0.5.0-SNAPSHOT/hadoop-hdds-container-service-0.5.0-SNAPSHOT.jar!/webapps/static,AVAILABLE}
2019-09-24 11:38:07,211 [main] INFO  handler.ContextHandler (ContextHandler.java:doStart(781)) - Started o.e.j.w.WebAppContext@8bd86c8{/,file:///tmp/jetty-0.0.0.0-46721-hddsDatanode-_-any-747964579842795746.dir/webapp/,AVAILABLE}{/hddsDatanode}
2019-09-24 11:38:07,213 [main] INFO  server.AbstractConnector (AbstractConnector.java:doStart(278)) - Started ServerConnector@4fa9ab6{HTTP/1.1,[http/1.1]}{0.0.0.0:46721}
2019-09-24 11:38:07,213 [main] INFO  server.Server (Server.java:doStart(419)) - Started @134250ms
2019-09-24 11:38:07,213 [main] WARN  impl.MetricsSystemImpl (MetricsSystemImpl.java:register(276)) - Sink prometheus already exists!
2019-09-24 11:38:07,214 [main] INFO  server.BaseHttpServer (BaseHttpServer.java:updateConnectorAddress(215)) - HTTP server of HDDSDATANODE is listening at http://0.0.0.0:46721
2019-09-24 11:38:07,216 [main] INFO  ozone.MiniOzoneClusterImpl (MiniOzoneClusterImpl.java:lambda$waitForClusterToBeReady$0(147)) - Waiting for cluster to be ready. Got 0 of 7 DN Heartbeats.
2019-09-24 11:38:07,217 [org.apache.hadoop.util.JvmPauseMonitor$Monitor@e0147f3] INFO  util.JvmPauseMonitor (JvmPauseMonitor.java:run(188)) - Starting JVM pause monitor
2019-09-24 11:38:07,218 [Datanode State Machine Thread - 0] INFO  datanode.InitDatanodeState (InitDatanodeState.java:persistContainerDatanodeDetails(140)) - DatanodeDetails is persisted to /workdir/hadoop-ozone/integration-test/target/test-dir/MiniOzoneClusterImpl-eec8fab0-77d9-416d-a41f-8ed3903f94c0/datanode-6/meta/datanode.id
2019-09-24 11:38:08,217 [main] INFO  ozone.MiniOzoneClusterImpl (MiniOzoneClusterImpl.java:lambda$waitForClusterToBeReady$0(147)) - Waiting for cluster to be ready. Got 0 of 7 DN Heartbeats.
2019-09-24 11:38:09,218 [main] INFO  ozone.MiniOzoneClusterImpl (MiniOzoneClusterImpl.java:lambda$waitForClusterToBeReady$0(147)) - Waiting for cluster to be ready. Got 0 of 7 DN Heartbeats.
2019-09-24 11:38:09,798 [Datanode State Machine Thread - 0] INFO  ozoneimpl.OzoneContainer (OzoneContainer.java:start(217)) - Attempting to start container services.
2019-09-24 11:38:09,802 [Datanode State Machine Thread - 0] INFO  ozoneimpl.OzoneContainer (OzoneContainer.java:startContainerScrub(179)) - Background container scanner has been disabled.
2019-09-24 11:38:09,803 [Datanode State Machine Thread - 0] INFO  ratis.XceiverServerRatis (XceiverServerRatis.java:start(411)) - Starting XceiverServerRatis 335135ac-c67e-4c6a-a6ea-750b9440052b at port 0
2019-09-24 11:38:09,831 [Datanode State Machine Thread - 0] INFO  impl.RaftServerProxy (RaftServerProxy.java:lambda$start$3(299)) - 335135ac-c67e-4c6a-a6ea-750b9440052b: start RPC server
2019-09-24 11:38:09,971 [Datanode State Machine Thread - 0] INFO  server.GrpcService (GrpcService.java:startImpl(158)) - 335135ac-c67e-4c6a-a6ea-750b9440052b: GrpcService started, listening on 0.0.0.0/0.0.0.0:33543
2019-09-24 11:38:09,972 [Datanode State Machine Thread - 0] INFO  ratis.XceiverServerRatis (XceiverServerRatis.java:start(421)) - XceiverServerRatis 335135ac-c67e-4c6a-a6ea-750b9440052b is started using port 33543
2019-09-24 11:38:09,975 [Datanode State Machine Thread - 0] INFO  server.XceiverServerGrpc (XceiverServerGrpc.java:start(149)) - XceiverServerGrpc 335135ac-c67e-4c6a-a6ea-750b9440052b is started using port 35025
2019-09-24 11:38:10,115 [Datanode State Machine Thread - 0] INFO  ozoneimpl.OzoneContainer (OzoneContainer.java:start(217)) - Attempting to start container services.
2019-09-24 11:38:10,115 [Datanode State Machine Thread - 0] INFO  ozoneimpl.OzoneContainer (OzoneContainer.java:start(217)) - Attempting to start container services.
2019-09-24 11:38:10,115 [Datanode State Machine Thread - 0] INFO  ozoneimpl.OzoneContainer (OzoneContainer.java:start(217)) - Attempting to start container services.
2019-09-24 11:38:10,115 [Datanode State Machine Thread - 0] INFO  ozoneimpl.OzoneContainer (OzoneContainer.java:start(217)) - Attempting to start container services.
2019-09-24 11:38:10,126 [Datanode State Machine Thread - 0] INFO  ozoneimpl.OzoneContainer (OzoneContainer.java:startContainerScrub(179)) - Background container scanner has been disabled.
2019-09-24 11:38:10,115 [Datanode State Machine Thread - 0] INFO  ozoneimpl.OzoneContainer (OzoneContainer.java:start(217)) - Attempting to start container services.
2019-09-24 11:38:10,115 [Datanode State Machine Thread - 0] INFO  ozoneimpl.OzoneContainer (OzoneContainer.java:start(217)) - Attempting to start container services.
2019-09-24 11:38:10,127 [Datanode State Machine Thread - 0] INFO  ozoneimpl.OzoneContainer (OzoneContainer.java:startContainerScrub(179)) - Background container scanner has been disabled.
2019-09-24 11:38:10,126 [Datanode State Machine Thread - 0] INFO  ratis.XceiverServerRatis (XceiverServerRatis.java:start(411)) - Starting XceiverServerRatis db6ee733-63fd-4980-b1cf-2b3ffbd7f28b at port 0
2019-09-24 11:38:10,126 [Datanode State Machine Thread - 0] INFO  ozoneimpl.OzoneContainer (OzoneContainer.java:startContainerScrub(179)) - Background container scanner has been disabled.
2019-09-24 11:38:10,126 [Datanode State Machine Thread - 0] INFO  ozoneimpl.OzoneContainer (OzoneContainer.java:startContainerScrub(179)) - Background container scanner has been disabled.
2019-09-24 11:38:10,126 [Datanode State Machine Thread - 0] INFO  ozoneimpl.OzoneContainer (OzoneContainer.java:startContainerScrub(179)) - Background container scanner has been disabled.
2019-09-24 11:38:10,128 [Datanode State Machine Thread - 0] INFO  ratis.XceiverServerRatis (XceiverServerRatis.java:start(411)) - Starting XceiverServerRatis 3120b585-6f93-4e27-95fc-4f79f0b2889b at port 0
2019-09-24 11:38:10,128 [Datanode State Machine Thread - 0] INFO  ratis.XceiverServerRatis (XceiverServerRatis.java:start(411)) - Starting XceiverServerRatis c0b1a4ec-8284-48ba-81e2-2d668d897bb9 at port 0
2019-09-24 11:38:10,127 [Datanode State Machine Thread - 0] INFO  ratis.XceiverServerRatis (XceiverServerRatis.java:start(411)) - Starting XceiverServerRatis 958de237-ccd4-4edc-a438-d6921c1ef371 at port 0
2019-09-24 11:38:10,127 [Datanode State Machine Thread - 0] INFO  ozoneimpl.OzoneContainer (OzoneContainer.java:startContainerScrub(179)) - Background container scanner has been disabled.
2019-09-24 11:38:10,128 [Datanode State Machine Thread - 0] INFO  ratis.XceiverServerRatis (XceiverServerRatis.java:start(411)) - Starting XceiverServerRatis 9b204ef5-3710-40d1-94f1-989d13b60c16 at port 0
2019-09-24 11:38:10,129 [Datanode State Machine Thread - 0] INFO  ratis.XceiverServerRatis (XceiverServerRatis.java:start(411)) - Starting XceiverServerRatis 1742632d-d775-4e03-b5ad-801dbe7f9f51 at port 0
2019-09-24 11:38:10,164 [Datanode State Machine Thread - 0] INFO  impl.RaftServerProxy (RaftServerProxy.java:lambda$start$3(299)) - db6ee733-63fd-4980-b1cf-2b3ffbd7f28b: start RPC server
2019-09-24 11:38:10,170 [Datanode State Machine Thread - 0] INFO  server.GrpcService (GrpcService.java:startImpl(158)) - db6ee733-63fd-4980-b1cf-2b3ffbd7f28b: GrpcService started, listening on 0.0.0.0/0.0.0.0:43598
2019-09-24 11:38:10,170 [Datanode State Machine Thread - 0] INFO  ratis.XceiverServerRatis (XceiverServerRatis.java:start(421)) - XceiverServerRatis db6ee733-63fd-4980-b1cf-2b3ffbd7f28b is started using port 43598
2019-09-24 11:38:10,174 [Datanode State Machine Thread - 0] INFO  server.XceiverServerGrpc (XceiverServerGrpc.java:start(149)) - XceiverServerGrpc db6ee733-63fd-4980-b1cf-2b3ffbd7f28b is started using port 37231
2019-09-24 11:38:10,177 [Datanode State Machine Thread - 0] INFO  impl.RaftServerProxy (RaftServerProxy.java:lambda$start$3(299)) - 958de237-ccd4-4edc-a438-d6921c1ef371: start RPC server
2019-09-24 11:38:10,181 [Datanode State Machine Thread - 0] INFO  impl.RaftServerProxy (RaftServerProxy.java:lambda$start$3(299)) - c0b1a4ec-8284-48ba-81e2-2d668d897bb9: start RPC server
2019-09-24 11:38:10,181 [Datanode State Machine Thread - 0] INFO  impl.RaftServerProxy (RaftServerProxy.java:lambda$start$3(299)) - 3120b585-6f93-4e27-95fc-4f79f0b2889b: start RPC server
2019-09-24 11:38:10,181 [Datanode State Machine Thread - 0] INFO  server.GrpcService (GrpcService.java:startImpl(158)) - 958de237-ccd4-4edc-a438-d6921c1ef371: GrpcService started, listening on 0.0.0.0/0.0.0.0:33854
2019-09-24 11:38:10,184 [Datanode State Machine Thread - 0] INFO  server.GrpcService (GrpcService.java:startImpl(158)) - c0b1a4ec-8284-48ba-81e2-2d668d897bb9: GrpcService started, listening on 0.0.0.0/0.0.0.0:37830
2019-09-24 11:38:10,184 [Datanode State Machine Thread - 0] INFO  impl.RaftServerProxy (RaftServerProxy.java:lambda$start$3(299)) - 9b204ef5-3710-40d1-94f1-989d13b60c16: start RPC server
2019-09-24 11:38:10,184 [Datanode State Machine Thread - 0] INFO  ratis.XceiverServerRatis (XceiverServerRatis.java:start(421)) - XceiverServerRatis 958de237-ccd4-4edc-a438-d6921c1ef371 is started using port 33854
2019-09-24 11:38:10,188 [Datanode State Machine Thread - 0] INFO  impl.RaftServerProxy (RaftServerProxy.java:lambda$start$3(299)) - 1742632d-d775-4e03-b5ad-801dbe7f9f51: start RPC server
2019-09-24 11:38:10,184 [Datanode State Machine Thread - 0] INFO  ratis.XceiverServerRatis (XceiverServerRatis.java:start(421)) - XceiverServerRatis c0b1a4ec-8284-48ba-81e2-2d668d897bb9 is started using port 37830
2019-09-24 11:38:10,188 [Datanode State Machine Thread - 0] INFO  server.GrpcService (GrpcService.java:startImpl(158)) - 3120b585-6f93-4e27-95fc-4f79f0b2889b: GrpcService started, listening on 0.0.0.0/0.0.0.0:36718
2019-09-24 11:38:10,193 [Datanode State Machine Thread - 0] INFO  ratis.XceiverServerRatis (XceiverServerRatis.java:start(421)) - XceiverServerRatis 3120b585-6f93-4e27-95fc-4f79f0b2889b is started using port 36718
2019-09-24 11:38:10,199 [Datanode State Machine Thread - 0] INFO  server.GrpcService (GrpcService.java:startImpl(158)) - 9b204ef5-3710-40d1-94f1-989d13b60c16: GrpcService started, listening on 0.0.0.0/0.0.0.0:42438
2019-09-24 11:38:10,201 [Datanode State Machine Thread - 0] INFO  ratis.XceiverServerRatis (XceiverServerRatis.java:start(421)) - XceiverServerRatis 9b204ef5-3710-40d1-94f1-989d13b60c16 is started using port 42438
2019-09-24 11:38:10,201 [Datanode State Machine Thread - 0] INFO  server.XceiverServerGrpc (XceiverServerGrpc.java:start(149)) - XceiverServerGrpc 958de237-ccd4-4edc-a438-d6921c1ef371 is started using port 36683
2019-09-24 11:38:10,202 [Datanode State Machine Thread - 0] INFO  server.GrpcService (GrpcService.java:startImpl(158)) - 1742632d-d775-4e03-b5ad-801dbe7f9f51: GrpcService started, listening on 0.0.0.0/0.0.0.0:33076
2019-09-24 11:38:10,202 [Datanode State Machine Thread - 0] INFO  server.XceiverServerGrpc (XceiverServerGrpc.java:start(149)) - XceiverServerGrpc c0b1a4ec-8284-48ba-81e2-2d668d897bb9 is started using port 36118
2019-09-24 11:38:10,205 [Datanode State Machine Thread - 0] INFO  server.XceiverServerGrpc (XceiverServerGrpc.java:start(149)) - XceiverServerGrpc 3120b585-6f93-4e27-95fc-4f79f0b2889b is started using port 40662
2019-09-24 11:38:10,202 [Datanode State Machine Thread - 0] INFO  ratis.XceiverServerRatis (XceiverServerRatis.java:start(421)) - XceiverServerRatis 1742632d-d775-4e03-b5ad-801dbe7f9f51 is started using port 33076
2019-09-24 11:38:10,206 [Datanode State Machine Thread - 0] INFO  server.XceiverServerGrpc (XceiverServerGrpc.java:start(149)) - XceiverServerGrpc 9b204ef5-3710-40d1-94f1-989d13b60c16 is started using port 38234
2019-09-24 11:38:10,215 [Datanode State Machine Thread - 0] INFO  server.XceiverServerGrpc (XceiverServerGrpc.java:start(149)) - XceiverServerGrpc 1742632d-d775-4e03-b5ad-801dbe7f9f51 is started using port 33493
2019-09-24 11:38:10,219 [main] INFO  ozone.MiniOzoneClusterImpl (MiniOzoneClusterImpl.java:lambda$waitForClusterToBeReady$0(147)) - Waiting for cluster to be ready. Got 0 of 7 DN Heartbeats.
2019-09-24 11:38:10,719 [IPC Server handler 11 on 34267] INFO  net.NetworkTopology (NetworkTopologyImpl.java:add(111)) - Added a new node: /default-rack/335135ac-c67e-4c6a-a6ea-750b9440052b
2019-09-24 11:38:10,720 [IPC Server handler 11 on 34267] INFO  node.SCMNodeManager (SCMNodeManager.java:register(266)) - Registered Data node : 335135ac-c67e-4c6a-a6ea-750b9440052b{ip: 192.168.36.75, host: pr-hdds-2166-cfpzp-170641675, networkLocation: /default-rack, certSerialId: null}
2019-09-24 11:38:10,729 [EventQueue-NodeRegistrationContainerReportForDataNodeSafeModeRule] INFO  safemode.SCMSafeModeManager (DataNodeSafeModeRule.java:process(71)) - SCM in safe mode. 1 DataNodes registered, 1 required.
2019-09-24 11:38:10,732 [EventQueue-NodeRegistrationContainerReportForDataNodeSafeModeRule] INFO  safemode.SCMSafeModeManager (SCMSafeModeManager.java:validateSafeModeExitRules(177)) - ScmSafeModeManager, all rules are successfully validated
2019-09-24 11:38:10,732 [EventQueue-NodeRegistrationContainerReportForDataNodeSafeModeRule] INFO  safemode.SCMSafeModeManager (SCMSafeModeManager.java:exitSafeMode(193)) - SCM exiting safe mode.
2019-09-24 11:38:10,769 [IPC Server handler 1 on 34267] INFO  net.NetworkTopology (NetworkTopologyImpl.java:add(111)) - Added a new node: /default-rack/c0b1a4ec-8284-48ba-81e2-2d668d897bb9
2019-09-24 11:38:10,771 [IPC Server handler 1 on 34267] INFO  node.SCMNodeManager (SCMNodeManager.java:register(266)) - Registered Data node : c0b1a4ec-8284-48ba-81e2-2d668d897bb9{ip: 192.168.36.75, host: pr-hdds-2166-cfpzp-170641675, networkLocation: /default-rack, certSerialId: null}
2019-09-24 11:38:10,856 [IPC Server handler 3 on 34267] INFO  net.NetworkTopology (NetworkTopologyImpl.java:add(111)) - Added a new node: /default-rack/958de237-ccd4-4edc-a438-d6921c1ef371
2019-09-24 11:38:10,856 [IPC Server handler 3 on 34267] INFO  node.SCMNodeManager (SCMNodeManager.java:register(266)) - Registered Data node : 958de237-ccd4-4edc-a438-d6921c1ef371{ip: 192.168.36.75, host: pr-hdds-2166-cfpzp-170641675, networkLocation: /default-rack, certSerialId: null}
2019-09-24 11:38:10,977 [IPC Server handler 14 on 34267] INFO  net.NetworkTopology (NetworkTopologyImpl.java:add(111)) - Added a new node: /default-rack/3120b585-6f93-4e27-95fc-4f79f0b2889b
2019-09-24 11:38:10,978 [IPC Server handler 14 on 34267] INFO  node.SCMNodeManager (SCMNodeManager.java:register(266)) - Registered Data node : 3120b585-6f93-4e27-95fc-4f79f0b2889b{ip: 192.168.36.75, host: pr-hdds-2166-cfpzp-170641675, networkLocation: /default-rack, certSerialId: null}
2019-09-24 11:38:11,073 [IPC Server handler 16 on 34267] INFO  net.NetworkTopology (NetworkTopologyImpl.java:add(111)) - Added a new node: /default-rack/db6ee733-63fd-4980-b1cf-2b3ffbd7f28b
2019-09-24 11:38:11,074 [IPC Server handler 16 on 34267] INFO  node.SCMNodeManager (SCMNodeManager.java:register(266)) - Registered Data node : db6ee733-63fd-4980-b1cf-2b3ffbd7f28b{ip: 192.168.36.75, host: pr-hdds-2166-cfpzp-170641675, networkLocation: /default-rack, certSerialId: null}
2019-09-24 11:38:11,155 [IPC Server handler 4 on 34267] INFO  net.NetworkTopology (NetworkTopologyImpl.java:add(111)) - Added a new node: /default-rack/1742632d-d775-4e03-b5ad-801dbe7f9f51
2019-09-24 11:38:11,155 [IPC Server handler 4 on 34267] INFO  node.SCMNodeManager (SCMNodeManager.java:register(266)) - Registered Data node : 1742632d-d775-4e03-b5ad-801dbe7f9f51{ip: 192.168.36.75, host: pr-hdds-2166-cfpzp-170641675, networkLocation: /default-rack, certSerialId: null}
2019-09-24 11:38:11,220 [main] INFO  ozone.MiniOzoneClusterImpl (MiniOzoneClusterImpl.java:lambda$waitForClusterToBeReady$0(147)) - Waiting for cluster to be ready. Got 6 of 7 DN Heartbeats.
2019-09-24 11:38:11,221 [IPC Server handler 17 on 34267] INFO  net.NetworkTopology (NetworkTopologyImpl.java:add(111)) - Added a new node: /default-rack/9b204ef5-3710-40d1-94f1-989d13b60c16
2019-09-24 11:38:11,221 [IPC Server handler 17 on 34267] INFO  node.SCMNodeManager (SCMNodeManager.java:register(266)) - Registered Data node : 9b204ef5-3710-40d1-94f1-989d13b60c16{ip: 192.168.36.75, host: pr-hdds-2166-cfpzp-170641675, networkLocation: /default-rack, certSerialId: null}
2019-09-24 11:38:11,340 [grpc-default-executor-0] INFO  impl.RaftServerProxy (RaftServerProxy.java:addNew(89)) - 335135ac-c67e-4c6a-a6ea-750b9440052b: addNew group-29C1CC74388C:[335135ac-c67e-4c6a-a6ea-750b9440052b:192.168.36.75:33543] returns group-29C1CC74388C:java.util.concurrent.CompletableFuture@6074c0d3[Not completed]
2019-09-24 11:38:11,356 [pool-27-thread-1] INFO  impl.RaftServerImpl (RaftServerImpl.java:<init>(95)) - 335135ac-c67e-4c6a-a6ea-750b9440052b: new RaftServerImpl for group-29C1CC74388C:[335135ac-c67e-4c6a-a6ea-750b9440052b:192.168.36.75:33543] with ContainerStateMachine:uninitialized
2019-09-24 11:38:11,358 [pool-27-thread-1] INFO  server.RaftServerConfigKeys (ConfUtils.java:logGet(43)) - raft.server.rpc.timeout.min = 1s (custom)
2019-09-24 11:38:11,360 [pool-27-thread-1] INFO  server.RaftServerConfigKeys (ConfUtils.java:logGet(43)) - raft.server.rpc.timeout.max = 1200ms (custom)
2019-09-24 11:38:11,360 [pool-27-thread-1] INFO  server.RaftServerConfigKeys (ConfUtils.java:logGet(43)) - raft.server.rpcslowness.timeout = 120s (custom)
2019-09-24 11:38:11,361 [pool-27-thread-1] INFO  server.RaftServerConfigKeys (ConfUtils.java:logGet(43)) - raft.server.sleep.deviation.threshold = 300 (default)
2019-09-24 11:38:11,362 [pool-27-thread-1] INFO  server.RaftServerConfigKeys (ConfUtils.java:logGet(43)) - raft.server.log.appender.install.snapshot.enabled = false (custom)
2019-09-24 11:38:11,371 [pool-27-thread-1] INFO  impl.RaftServerImpl (ServerState.java:<init>(103)) - 335135ac-c67e-4c6a-a6ea-750b9440052b@group-29C1CC74388C: ConfigurationManager, init=-1: [335135ac-c67e-4c6a-a6ea-750b9440052b:192.168.36.75:33543], old=null, confs=<EMPTY_MAP>
2019-09-24 11:38:11,371 [pool-27-thread-1] INFO  server.RaftServerConfigKeys (ConfUtils.java:logGet(43)) - raft.server.storage.dir = [/workdir/hadoop-ozone/integration-test/target/test-dir/MiniOzoneClusterImpl-eec8fab0-77d9-416d-a41f-8ed3903f94c0/datanode-0/data/ratis] (custom)
2019-09-24 11:38:11,379 [pool-27-thread-1] INFO  storage.RaftStorageDirectory (RaftStorageDirectory.java:analyzeStorage(246)) - The storage directory /workdir/hadoop-ozone/integration-test/target/test-dir/MiniOzoneClusterImpl-eec8fab0-77d9-416d-a41f-8ed3903f94c0/datanode-0/data/ratis/94d6faa6-747a-46eb-84b2-29c1cc74388c does not exist. Creating ...
2019-09-24 11:38:12,220 [main] INFO  ozone.MiniOzoneClusterImpl (MiniOzoneClusterImpl.java:lambda$waitForClusterToBeReady$0(147)) - Cluster is ready. Got 7 of 7 DN Heartbeats.
2019-09-24 11:38:12,222 [pool-27-thread-1] INFO  storage.RaftStorageDirectory (RaftStorageDirectory.java:tryLock(328)) - Lock on /workdir/hadoop-ozone/integration-test/target/test-dir/MiniOzoneClusterImpl-eec8fab0-77d9-416d-a41f-8ed3903f94c0/datanode-0/data/ratis/94d6faa6-747a-46eb-84b2-29c1cc74388c/in_use.lock acquired by nodename 4183@pr-hdds-2166-cfpzp-170641675
2019-09-24 11:38:12,764 [main] INFO  rpc.RpcClient (RpcClient.java:createVolume(276)) - Creating Volume: watchforcommithandlingtest, with jenkins1000 as owner.
2019-09-24 11:38:12,879 [IPC Server handler 1 on 40850] INFO  volume.OMVolumeCreateRequest (OMVolumeCreateRequest.java:validateAndUpdateCache(189)) - created volume:watchforcommithandlingtest for user:jenkins1000
2019-09-24 11:38:13,799 [Thread-238] INFO  container.ReplicationManager (ReplicationManager.java:start(162)) - Starting Replication Monitor Thread.
2019-09-24 11:38:13,803 [ReplicationMonitor] INFO  container.ReplicationManager (ReplicationManager.java:run(225)) - Replication Monitor Thread took 1 milliseconds for processing 0 containers.
2019-09-24 11:38:13,953 [RATISCREATEPIPELINE1] ERROR pipeline.RatisPipelineProvider (RatisPipelineProvider.java:lambda$null$5(235)) - Failed invoke Ratis rpc org.apache.hadoop.hdds.scm.pipeline.RatisPipelineProvider$$Lambda$173/434307232@4433ae72 for 335135ac-c67e-4c6a-a6ea-750b9440052b
org.apache.ratis.protocol.TimeoutIOException: deadline exceeded after 2959818263ns
	at org.apache.ratis.grpc.GrpcUtil.tryUnwrapException(GrpcUtil.java:82)
	at org.apache.ratis.grpc.GrpcUtil.unwrapException(GrpcUtil.java:75)
	at org.apache.ratis.grpc.client.GrpcClientProtocolClient.blockingCall(GrpcClientProtocolClient.java:178)
	at org.apache.ratis.grpc.client.GrpcClientProtocolClient.groupAdd(GrpcClientProtocolClient.java:147)
	at org.apache.ratis.grpc.client.GrpcClientRpc.sendRequest(GrpcClientRpc.java:94)
	at org.apache.ratis.client.impl.RaftClientImpl.sendRequest(RaftClientImpl.java:278)
	at org.apache.ratis.client.impl.RaftClientImpl.groupAdd(RaftClientImpl.java:205)
	at org.apache.hadoop.hdds.scm.pipeline.RatisPipelineProvider.lambda$initializePipeline$4(RatisPipelineProvider.java:196)
	at org.apache.hadoop.hdds.scm.pipeline.RatisPipelineProvider.lambda$null$5(RatisPipelineProvider.java:231)
	at java.util.stream.ForEachOps$ForEachOp$OfRef.accept(ForEachOps.java:184)
	at java.util.ArrayList$ArrayListSpliterator.forEachRemaining(ArrayList.java:1382)
	at java.util.stream.AbstractPipeline.copyInto(AbstractPipeline.java:482)
	at java.util.stream.ForEachOps$ForEachTask.compute(ForEachOps.java:291)
	at java.util.concurrent.CountedCompleter.exec(CountedCompleter.java:731)
	at java.util.concurrent.ForkJoinTask.doExec(ForkJoinTask.java:289)
	at java.util.concurrent.ForkJoinTask.doInvoke(ForkJoinTask.java:401)
	at java.util.concurrent.ForkJoinTask.invoke(ForkJoinTask.java:734)
	at java.util.stream.ForEachOps$ForEachOp.evaluateParallel(ForEachOps.java:160)
	at java.util.stream.ForEachOps$ForEachOp$OfRef.evaluateParallel(ForEachOps.java:174)
	at java.util.stream.AbstractPipeline.evaluate(AbstractPipeline.java:233)
	at java.util.stream.ReferencePipeline.forEach(ReferencePipeline.java:418)
	at java.util.stream.ReferencePipeline$Head.forEach(ReferencePipeline.java:583)
	at org.apache.hadoop.hdds.scm.pipeline.RatisPipelineProvider.lambda$callRatisRpc$6(RatisPipelineProvider.java:225)
	at java.util.concurrent.ForkJoinTask$AdaptedRunnableAction.exec(ForkJoinTask.java:1386)
	at java.util.concurrent.ForkJoinTask.doExec(ForkJoinTask.java:289)
	at java.util.concurrent.ForkJoinPool$WorkQueue.runTask(ForkJoinPool.java:1056)
	at java.util.concurrent.ForkJoinPool.runWorker(ForkJoinPool.java:1692)
	at java.util.concurrent.ForkJoinWorkerThread.run(ForkJoinWorkerThread.java:157)
Caused by: org.apache.ratis.thirdparty.io.grpc.StatusRuntimeException: DEADLINE_EXCEEDED: deadline exceeded after 2959818263ns
	at org.apache.ratis.thirdparty.io.grpc.stub.ClientCalls.toStatusRuntimeException(ClientCalls.java:233)
	at org.apache.ratis.thirdparty.io.grpc.stub.ClientCalls.getUnchecked(ClientCalls.java:214)
	at org.apache.ratis.thirdparty.io.grpc.stub.ClientCalls.blockingUnaryCall(ClientCalls.java:139)
	at org.apache.ratis.proto.grpc.AdminProtocolServiceGrpc$AdminProtocolServiceBlockingStub.groupManagement(AdminProtocolServiceGrpc.java:274)
	at org.apache.ratis.grpc.client.GrpcClientProtocolClient.lambda$groupAdd$3(GrpcClientProtocolClient.java:149)
	at org.apache.ratis.grpc.client.GrpcClientProtocolClient.blockingCall(GrpcClientProtocolClient.java:176)
	... 25 more
2019-09-24 11:38:14,041 [grpc-default-executor-2] INFO  impl.RaftServerProxy (RaftServerProxy.java:addNew(89)) - 335135ac-c67e-4c6a-a6ea-750b9440052b: addNew group-747FA073EFC6:[335135ac-c67e-4c6a-a6ea-750b9440052b:192.168.36.75:33543, c0b1a4ec-8284-48ba-81e2-2d668d897bb9:192.168.36.75:37830, 958de237-ccd4-4edc-a438-d6921c1ef371:192.168.36.75:33854] returns group-747FA073EFC6:java.util.concurrent.CompletableFuture@3a6ca88c[Not completed]
2019-09-24 11:38:14,046 [grpc-default-executor-1] INFO  impl.RaftServerProxy (RaftServerProxy.java:addNew(89)) - c0b1a4ec-8284-48ba-81e2-2d668d897bb9: addNew group-747FA073EFC6:[335135ac-c67e-4c6a-a6ea-750b9440052b:192.168.36.75:33543, c0b1a4ec-8284-48ba-81e2-2d668d897bb9:192.168.36.75:37830, 958de237-ccd4-4edc-a438-d6921c1ef371:192.168.36.75:33854] returns group-747FA073EFC6:java.util.concurrent.CompletableFuture@4673d7c2[Not completed]
2019-09-24 11:38:14,047 [grpc-default-executor-2] INFO  impl.RaftServerProxy (RaftServerProxy.java:addNew(89)) - 958de237-ccd4-4edc-a438-d6921c1ef371: addNew group-747FA073EFC6:[335135ac-c67e-4c6a-a6ea-750b9440052b:192.168.36.75:33543, c0b1a4ec-8284-48ba-81e2-2d668d897bb9:192.168.36.75:37830, 958de237-ccd4-4edc-a438-d6921c1ef371:192.168.36.75:33854] returns group-747FA073EFC6:java.util.concurrent.CompletableFuture@15170dbc[Not completed]
2019-09-24 11:38:14,102 [pool-37-thread-1] INFO  impl.RaftServerImpl (RaftServerImpl.java:<init>(95)) - c0b1a4ec-8284-48ba-81e2-2d668d897bb9: new RaftServerImpl for group-747FA073EFC6:[335135ac-c67e-4c6a-a6ea-750b9440052b:192.168.36.75:33543, c0b1a4ec-8284-48ba-81e2-2d668d897bb9:192.168.36.75:37830, 958de237-ccd4-4edc-a438-d6921c1ef371:192.168.36.75:33854] with ContainerStateMachine:uninitialized
2019-09-24 11:38:14,122 [pool-37-thread-1] INFO  server.RaftServerConfigKeys (ConfUtils.java:logGet(43)) - raft.server.rpc.timeout.min = 1s (custom)
2019-09-24 11:38:14,143 [pool-37-thread-1] INFO  server.RaftServerConfigKeys (ConfUtils.java:logGet(43)) - raft.server.rpc.timeout.max = 1200ms (custom)
2019-09-24 11:38:14,143 [pool-37-thread-1] INFO  server.RaftServerConfigKeys (ConfUtils.java:logGet(43)) - raft.server.rpcslowness.timeout = 120s (custom)
2019-09-24 11:38:14,143 [pool-37-thread-1] INFO  server.RaftServerConfigKeys (ConfUtils.java:logGet(43)) - raft.server.sleep.deviation.threshold = 300 (default)
2019-09-24 11:38:14,143 [pool-37-thread-1] INFO  server.RaftServerConfigKeys (ConfUtils.java:logGet(43)) - raft.server.log.appender.install.snapshot.enabled = false (custom)
2019-09-24 11:38:14,146 [pool-37-thread-1] INFO  impl.RaftServerImpl (ServerState.java:<init>(103)) - c0b1a4ec-8284-48ba-81e2-2d668d897bb9@group-747FA073EFC6: ConfigurationManager, init=-1: [335135ac-c67e-4c6a-a6ea-750b9440052b:192.168.36.75:33543, c0b1a4ec-8284-48ba-81e2-2d668d897bb9:192.168.36.75:37830, 958de237-ccd4-4edc-a438-d6921c1ef371:192.168.36.75:33854], old=null, confs=<EMPTY_MAP>
2019-09-24 11:38:14,146 [pool-47-thread-1] INFO  impl.RaftServerImpl (RaftServerImpl.java:<init>(95)) - 958de237-ccd4-4edc-a438-d6921c1ef371: new RaftServerImpl for group-747FA073EFC6:[335135ac-c67e-4c6a-a6ea-750b9440052b:192.168.36.75:33543, c0b1a4ec-8284-48ba-81e2-2d668d897bb9:192.168.36.75:37830, 958de237-ccd4-4edc-a438-d6921c1ef371:192.168.36.75:33854] with ContainerStateMachine:uninitialized
2019-09-24 11:38:14,146 [pool-37-thread-1] INFO  server.RaftServerConfigKeys (ConfUtils.java:logGet(43)) - raft.server.storage.dir = [/workdir/hadoop-ozone/integration-test/target/test-dir/MiniOzoneClusterImpl-eec8fab0-77d9-416d-a41f-8ed3903f94c0/datanode-1/data/ratis] (custom)
2019-09-24 11:38:14,146 [pool-47-thread-1] INFO  server.RaftServerConfigKeys (ConfUtils.java:logGet(43)) - raft.server.rpc.timeout.min = 1s (custom)
2019-09-24 11:38:14,147 [pool-47-thread-1] INFO  server.RaftServerConfigKeys (ConfUtils.java:logGet(43)) - raft.server.rpc.timeout.max = 1200ms (custom)
2019-09-24 11:38:14,147 [pool-37-thread-1] INFO  storage.RaftStorageDirectory (RaftStorageDirectory.java:analyzeStorage(246)) - The storage directory /workdir/hadoop-ozone/integration-test/target/test-dir/MiniOzoneClusterImpl-eec8fab0-77d9-416d-a41f-8ed3903f94c0/datanode-1/data/ratis/1fd0380c-be6f-4ca2-a9af-747fa073efc6 does not exist. Creating ...
2019-09-24 11:38:14,148 [pool-47-thread-1] INFO  server.RaftServerConfigKeys (ConfUtils.java:logGet(43)) - raft.server.rpcslowness.timeout = 120s (custom)
2019-09-24 11:38:14,148 [pool-47-thread-1] INFO  server.RaftServerConfigKeys (ConfUtils.java:logGet(43)) - raft.server.sleep.deviation.threshold = 300 (default)
2019-09-24 11:38:14,148 [pool-47-thread-1] INFO  server.RaftServerConfigKeys (ConfUtils.java:logGet(43)) - raft.server.log.appender.install.snapshot.enabled = false (custom)
2019-09-24 11:38:14,149 [pool-47-thread-1] INFO  impl.RaftServerImpl (ServerState.java:<init>(103)) - 958de237-ccd4-4edc-a438-d6921c1ef371@group-747FA073EFC6: ConfigurationManager, init=-1: [335135ac-c67e-4c6a-a6ea-750b9440052b:192.168.36.75:33543, c0b1a4ec-8284-48ba-81e2-2d668d897bb9:192.168.36.75:37830, 958de237-ccd4-4edc-a438-d6921c1ef371:192.168.36.75:33854], old=null, confs=<EMPTY_MAP>
2019-09-24 11:38:14,149 [pool-47-thread-1] INFO  server.RaftServerConfigKeys (ConfUtils.java:logGet(43)) - raft.server.storage.dir = [/workdir/hadoop-ozone/integration-test/target/test-dir/MiniOzoneClusterImpl-eec8fab0-77d9-416d-a41f-8ed3903f94c0/datanode-2/data/ratis] (custom)
2019-09-24 11:38:14,149 [pool-47-thread-1] INFO  storage.RaftStorageDirectory (RaftStorageDirectory.java:analyzeStorage(246)) - The storage directory /workdir/hadoop-ozone/integration-test/target/test-dir/MiniOzoneClusterImpl-eec8fab0-77d9-416d-a41f-8ed3903f94c0/datanode-2/data/ratis/1fd0380c-be6f-4ca2-a9af-747fa073efc6 does not exist. Creating ...
2019-09-24 11:38:15,085 [main] INFO  rpc.RpcClient (RpcClient.java:createBucket(415)) - Creating Bucket: watchforcommithandlingtest/watchforcommithandlingtest, with Versioning false and Storage Type set to DISK and Encryption set to false 
2019-09-24 11:38:15,115 [main] INFO  ozone.MiniOzoneClusterImpl (MiniOzoneClusterImpl.java:getStorageContainerLocationClient(234)) - Creating StorageContainerLocationProtocol RPC client with address /0.0.0.0:33801
2019-09-24 11:38:15,116 [main] INFO  impl.MetricsSystemImpl (MetricsSystemImpl.java:init(158)) - XceiverClientMetrics metrics system started (again)
2019-09-24 11:38:16,977 [RATISCREATEPIPELINE1] ERROR pipeline.RatisPipelineProvider (RatisPipelineProvider.java:lambda$null$5(235)) - Failed invoke Ratis rpc org.apache.hadoop.hdds.scm.pipeline.RatisPipelineProvider$$Lambda$173/434307232@633ddb8d for c0b1a4ec-8284-48ba-81e2-2d668d897bb9
org.apache.ratis.protocol.TimeoutIOException: deadline exceeded after 2997314932ns
	at org.apache.ratis.grpc.GrpcUtil.tryUnwrapException(GrpcUtil.java:82)
	at org.apache.ratis.grpc.GrpcUtil.unwrapException(GrpcUtil.java:75)
	at org.apache.ratis.grpc.client.GrpcClientProtocolClient.blockingCall(GrpcClientProtocolClient.java:178)
	at org.apache.ratis.grpc.client.GrpcClientProtocolClient.groupAdd(GrpcClientProtocolClient.java:147)
	at org.apache.ratis.grpc.client.GrpcClientRpc.sendRequest(GrpcClientRpc.java:94)
	at org.apache.ratis.client.impl.RaftClientImpl.sendRequest(RaftClientImpl.java:278)
	at org.apache.ratis.client.impl.RaftClientImpl.groupAdd(RaftClientImpl.java:205)
	at org.apache.hadoop.hdds.scm.pipeline.RatisPipelineProvider.lambda$initializePipeline$4(RatisPipelineProvider.java:196)
	at org.apache.hadoop.hdds.scm.pipeline.RatisPipelineProvider.lambda$null$5(RatisPipelineProvider.java:231)
	at java.util.stream.ForEachOps$ForEachOp$OfRef.accept(ForEachOps.java:184)
	at java.util.ArrayList$ArrayListSpliterator.forEachRemaining(ArrayList.java:1382)
	at java.util.stream.AbstractPipeline.copyInto(AbstractPipeline.java:482)
	at java.util.stream.ForEachOps$ForEachTask.compute(ForEachOps.java:291)
	at java.util.concurrent.CountedCompleter.exec(CountedCompleter.java:731)
	at java.util.concurrent.ForkJoinTask.doExec(ForkJoinTask.java:289)
	at java.util.concurrent.ForkJoinTask.doInvoke(ForkJoinTask.java:401)
	at java.util.concurrent.ForkJoinTask.invoke(ForkJoinTask.java:734)
	at java.util.stream.ForEachOps$ForEachOp.evaluateParallel(ForEachOps.java:160)
	at java.util.stream.ForEachOps$ForEachOp$OfRef.evaluateParallel(ForEachOps.java:174)
	at java.util.stream.AbstractPipeline.evaluate(AbstractPipeline.java:233)
	at java.util.stream.ReferencePipeline.forEach(ReferencePipeline.java:418)
	at java.util.stream.ReferencePipeline$Head.forEach(ReferencePipeline.java:583)
	at org.apache.hadoop.hdds.scm.pipeline.RatisPipelineProvider.lambda$callRatisRpc$6(RatisPipelineProvider.java:225)
	at java.util.concurrent.ForkJoinTask$AdaptedRunnableAction.exec(ForkJoinTask.java:1386)
	at java.util.concurrent.ForkJoinTask.doExec(ForkJoinTask.java:289)
	at java.util.concurrent.ForkJoinPool$WorkQueue.runTask(ForkJoinPool.java:1056)
	at java.util.concurrent.ForkJoinPool.runWorker(ForkJoinPool.java:1692)
	at java.util.concurrent.ForkJoinWorkerThread.run(ForkJoinWorkerThread.java:157)
Caused by: org.apache.ratis.thirdparty.io.grpc.StatusRuntimeException: DEADLINE_EXCEEDED: deadline exceeded after 2997314932ns
	at org.apache.ratis.thirdparty.io.grpc.stub.ClientCalls.toStatusRuntimeException(ClientCalls.java:233)
	at org.apache.ratis.thirdparty.io.grpc.stub.ClientCalls.getUnchecked(ClientCalls.java:214)
	at org.apache.ratis.thirdparty.io.grpc.stub.ClientCalls.blockingUnaryCall(ClientCalls.java:139)
	at org.apache.ratis.proto.grpc.AdminProtocolServiceGrpc$AdminProtocolServiceBlockingStub.groupManagement(AdminProtocolServiceGrpc.java:274)
	at org.apache.ratis.grpc.client.GrpcClientProtocolClient.lambda$groupAdd$3(GrpcClientProtocolClient.java:149)
	at org.apache.ratis.grpc.client.GrpcClientProtocolClient.blockingCall(GrpcClientProtocolClient.java:176)
	... 25 more
2019-09-24 11:38:16,977 [RATISCREATEPIPELINE2] ERROR pipeline.RatisPipelineProvider (RatisPipelineProvider.java:lambda$null$5(235)) - Failed invoke Ratis rpc org.apache.hadoop.hdds.scm.pipeline.RatisPipelineProvider$$Lambda$173/434307232@633ddb8d for 335135ac-c67e-4c6a-a6ea-750b9440052b
org.apache.ratis.protocol.TimeoutIOException: deadline exceeded after 2994874660ns
	at org.apache.ratis.grpc.GrpcUtil.tryUnwrapException(GrpcUtil.java:82)
	at org.apache.ratis.grpc.GrpcUtil.unwrapException(GrpcUtil.java:75)
	at org.apache.ratis.grpc.client.GrpcClientProtocolClient.blockingCall(GrpcClientProtocolClient.java:178)
	at org.apache.ratis.grpc.client.GrpcClientProtocolClient.groupAdd(GrpcClientProtocolClient.java:147)
	at org.apache.ratis.grpc.client.GrpcClientRpc.sendRequest(GrpcClientRpc.java:94)
	at org.apache.ratis.client.impl.RaftClientImpl.sendRequest(RaftClientImpl.java:278)
	at org.apache.ratis.client.impl.RaftClientImpl.groupAdd(RaftClientImpl.java:205)
	at org.apache.hadoop.hdds.scm.pipeline.RatisPipelineProvider.lambda$initializePipeline$4(RatisPipelineProvider.java:196)
	at org.apache.hadoop.hdds.scm.pipeline.RatisPipelineProvider.lambda$null$5(RatisPipelineProvider.java:231)
	at java.util.stream.ForEachOps$ForEachOp$OfRef.accept(ForEachOps.java:184)
	at java.util.ArrayList$ArrayListSpliterator.forEachRemaining(ArrayList.java:1382)
	at java.util.stream.AbstractPipeline.copyInto(AbstractPipeline.java:482)
	at java.util.stream.ForEachOps$ForEachTask.compute(ForEachOps.java:291)
	at java.util.concurrent.CountedCompleter.exec(CountedCompleter.java:731)
	at java.util.concurrent.ForkJoinTask.doExec(ForkJoinTask.java:289)
	at java.util.concurrent.ForkJoinPool$WorkQueue.runTask(ForkJoinPool.java:1056)
	at java.util.concurrent.ForkJoinPool.runWorker(ForkJoinPool.java:1692)
	at java.util.concurrent.ForkJoinWorkerThread.run(ForkJoinWorkerThread.java:157)
Caused by: org.apache.ratis.thirdparty.io.grpc.StatusRuntimeException: DEADLINE_EXCEEDED: deadline exceeded after 2994874660ns
	at org.apache.ratis.thirdparty.io.grpc.stub.ClientCalls.toStatusRuntimeException(ClientCalls.java:233)
	at org.apache.ratis.thirdparty.io.grpc.stub.ClientCalls.getUnchecked(ClientCalls.java:214)
	at org.apache.ratis.thirdparty.io.grpc.stub.ClientCalls.blockingUnaryCall(ClientCalls.java:139)
	at org.apache.ratis.proto.grpc.AdminProtocolServiceGrpc$AdminProtocolServiceBlockingStub.groupManagement(AdminProtocolServiceGrpc.java:274)
	at org.apache.ratis.grpc.client.GrpcClientProtocolClient.lambda$groupAdd$3(GrpcClientProtocolClient.java:149)
	at org.apache.ratis.grpc.client.GrpcClientProtocolClient.blockingCall(GrpcClientProtocolClient.java:176)
	... 15 more
2019-09-24 11:38:16,977 [RATISCREATEPIPELINE3] ERROR pipeline.RatisPipelineProvider (RatisPipelineProvider.java:lambda$null$5(235)) - Failed invoke Ratis rpc org.apache.hadoop.hdds.scm.pipeline.RatisPipelineProvider$$Lambda$173/434307232@633ddb8d for 958de237-ccd4-4edc-a438-d6921c1ef371
org.apache.ratis.protocol.TimeoutIOException: deadline exceeded after 2999722519ns
	at org.apache.ratis.grpc.GrpcUtil.tryUnwrapException(GrpcUtil.java:82)
	at org.apache.ratis.grpc.GrpcUtil.unwrapException(GrpcUtil.java:75)
	at org.apache.ratis.grpc.client.GrpcClientProtocolClient.blockingCall(GrpcClientProtocolClient.java:178)
	at org.apache.ratis.grpc.client.GrpcClientProtocolClient.groupAdd(GrpcClientProtocolClient.java:147)
	at org.apache.ratis.grpc.client.GrpcClientRpc.sendRequest(GrpcClientRpc.java:94)
	at org.apache.ratis.client.impl.RaftClientImpl.sendRequest(RaftClientImpl.java:278)
	at org.apache.ratis.client.impl.RaftClientImpl.groupAdd(RaftClientImpl.java:205)
	at org.apache.hadoop.hdds.scm.pipeline.RatisPipelineProvider.lambda$initializePipeline$4(RatisPipelineProvider.java:196)
	at org.apache.hadoop.hdds.scm.pipeline.RatisPipelineProvider.lambda$null$5(RatisPipelineProvider.java:231)
	at java.util.stream.ForEachOps$ForEachOp$OfRef.accept(ForEachOps.java:184)
	at java.util.ArrayList$ArrayListSpliterator.forEachRemaining(ArrayList.java:1382)
	at java.util.stream.AbstractPipeline.copyInto(AbstractPipeline.java:482)
	at java.util.stream.ForEachOps$ForEachTask.compute(ForEachOps.java:291)
	at java.util.concurrent.CountedCompleter.exec(CountedCompleter.java:731)
	at java.util.concurrent.ForkJoinTask.doExec(ForkJoinTask.java:289)
	at java.util.concurrent.ForkJoinPool$WorkQueue.runTask(ForkJoinPool.java:1056)
	at java.util.concurrent.ForkJoinPool.runWorker(ForkJoinPool.java:1692)
	at java.util.concurrent.ForkJoinWorkerThread.run(ForkJoinWorkerThread.java:157)
Caused by: org.apache.ratis.thirdparty.io.grpc.StatusRuntimeException: DEADLINE_EXCEEDED: deadline exceeded after 2999722519ns
	at org.apache.ratis.thirdparty.io.grpc.stub.ClientCalls.toStatusRuntimeException(ClientCalls.java:233)
	at org.apache.ratis.thirdparty.io.grpc.stub.ClientCalls.getUnchecked(ClientCalls.java:214)
	at org.apache.ratis.thirdparty.io.grpc.stub.ClientCalls.blockingUnaryCall(ClientCalls.java:139)
	at org.apache.ratis.proto.grpc.AdminProtocolServiceGrpc$AdminProtocolServiceBlockingStub.groupManagement(AdminProtocolServiceGrpc.java:274)
	at org.apache.ratis.grpc.client.GrpcClientProtocolClient.lambda$groupAdd$3(GrpcClientProtocolClient.java:149)
	at org.apache.ratis.grpc.client.GrpcClientProtocolClient.blockingCall(GrpcClientProtocolClient.java:176)
	... 15 more
2019-09-24 11:38:17,032 [grpc-default-executor-2] INFO  impl.RaftServerProxy (RaftServerProxy.java:addNew(89)) - 335135ac-c67e-4c6a-a6ea-750b9440052b: addNew group-6D6251ACE4B7:[335135ac-c67e-4c6a-a6ea-750b9440052b:192.168.36.75:33543] returns group-6D6251ACE4B7:java.util.concurrent.CompletableFuture@6dcc0eec[Not completed]
2019-09-24 11:38:17,854 [pool-27-thread-1] INFO  storage.RaftStorage (RaftStorage.java:format(72)) - Storage directory /workdir/hadoop-ozone/integration-test/target/test-dir/MiniOzoneClusterImpl-eec8fab0-77d9-416d-a41f-8ed3903f94c0/datanode-0/data/ratis/94d6faa6-747a-46eb-84b2-29c1cc74388c has been successfully formatted.
2019-09-24 11:38:17,857 [pool-27-thread-1] INFO  ratis.ContainerStateMachine (ContainerStateMachine.java:loadSnapshot(230)) - group-29C1CC74388C: The snapshot info is null. Setting the last applied indexto:(t:0, i:~)
2019-09-24 11:38:17,857 [pool-27-thread-1] INFO  server.RaftServerConfigKeys (ConfUtils.java:logGet(43)) - raft.server.notification.no-leader.timeout = 120s (custom)
2019-09-24 11:38:17,860 [pool-27-thread-1] INFO  server.RaftServerConfigKeys (ConfUtils.java:logGet(43)) - raft.server.log.use.memory = false (default)
2019-09-24 11:38:17,865 [pool-27-thread-1] INFO  server.RaftServerConfigKeys (ConfUtils.java:logGet(43)) - raft.server.log.purge.gap = 1000000 (custom)
2019-09-24 11:38:17,865 [pool-27-thread-1] INFO  server.RaftServerConfigKeys (ConfUtils.java:logGet(43)) - raft.server.log.appender.buffer.byte-limit = 33554432 (custom)
2019-09-24 11:38:17,867 [pool-27-thread-1] INFO  server.RaftServerConfigKeys (ConfUtils.java:logGet(43)) - raft.server.log.segment.size.max = 1048576 (custom)
2019-09-24 11:38:17,872 [pool-27-thread-1] INFO  server.RaftServerConfigKeys (ConfUtils.java:logGet(43)) - raft.server.log.segment.cache.num.max = 2 (custom)
2019-09-24 11:38:17,877 [pool-27-thread-1] INFO  segmented.SegmentedRaftLogWorker (SegmentedRaftLogWorker.java:<init>(172)) - new 335135ac-c67e-4c6a-a6ea-750b9440052b@group-29C1CC74388C-SegmentedRaftLogWorker for RaftStorage:Storage Directory /workdir/hadoop-ozone/integration-test/target/test-dir/MiniOzoneClusterImpl-eec8fab0-77d9-416d-a41f-8ed3903f94c0/datanode-0/data/ratis/94d6faa6-747a-46eb-84b2-29c1cc74388c
2019-09-24 11:38:17,879 [pool-27-thread-1] INFO  impl.MetricsSystemImpl (MetricsSystemImpl.java:init(158)) - ratis metrics system started (again)
2019-09-24 11:38:17,885 [pool-27-thread-1] INFO  metrics.MetricRegistries (MetricRegistriesLoader.java:load(64)) - Loaded MetricRegistries class org.apache.ratis.metrics.impl.MetricRegistriesImpl
2019-09-24 11:38:17,914 [pool-27-thread-1] INFO  server.RaftServerConfigKeys (ConfUtils.java:logGet(43)) - raft.server.log.queue.byte-limit = 2147483647 (custom)
2019-09-24 11:38:17,915 [pool-27-thread-1] INFO  server.RaftServerConfigKeys (ConfUtils.java:logGet(43)) - raft.server.log.queue.element-limit = 1024 (custom)
2019-09-24 11:38:17,918 [pool-27-thread-1] INFO  server.RaftServerConfigKeys (ConfUtils.java:logGet(43)) - raft.server.log.segment.size.max = 1048576 (custom)
2019-09-24 11:38:17,919 [pool-27-thread-1] INFO  server.RaftServerConfigKeys (ConfUtils.java:logGet(43)) - raft.server.log.preallocated.size = 16384 (custom)
2019-09-24 11:38:17,919 [pool-27-thread-1] INFO  server.RaftServerConfigKeys (ConfUtils.java:logGet(43)) - raft.server.log.write.buffer.size = 33554432 (custom)
2019-09-24 11:38:17,919 [pool-27-thread-1] INFO  server.RaftServerConfigKeys (ConfUtils.java:logGet(43)) - raft.server.log.force.sync.num = 128 (default)
2019-09-24 11:38:17,920 [pool-27-thread-1] INFO  server.RaftServerConfigKeys (ConfUtils.java:logGet(43)) - raft.server.log.statemachine.data.sync = true (default)
2019-09-24 11:38:17,920 [pool-27-thread-1] INFO  server.RaftServerConfigKeys (ConfUtils.java:logGet(43)) - raft.server.log.statemachine.data.sync.timeout = 10s (default)
2019-09-24 11:38:17,921 [pool-27-thread-1] INFO  server.RaftServerConfigKeys (ConfUtils.java:logGet(43)) - raft.server.log.statemachine.data.sync.timeout.retry = -1 (default)
2019-09-24 11:38:17,929 [pool-27-thread-1] INFO  server.RaftServerConfigKeys (ConfUtils.java:logGet(43)) - raft.server.log.statemachine.data.caching.enabled = true (custom)
2019-09-24 11:38:17,934 [pool-27-thread-1] INFO  segmented.SegmentedRaftLogWorker (SegmentedRaftLogWorker.java:lambda$new$0(132)) - 335135ac-c67e-4c6a-a6ea-750b9440052b@group-29C1CC74388C-SegmentedRaftLogWorker: flushIndex: setUnconditionally 0 -> -1
2019-09-24 11:38:17,939 [pool-27-thread-1] INFO  server.RaftServerConfigKeys (ConfUtils.java:logGet(43)) - raft.server.snapshot.auto.trigger.enabled = true (custom)
2019-09-24 11:38:17,939 [pool-27-thread-1] INFO  server.RaftServerConfigKeys (ConfUtils.java:logGet(43)) - raft.server.snapshot.auto.trigger.threshold = 10000 (custom)
2019-09-24 11:38:17,940 [pool-27-thread-1] INFO  server.RaftServerConfigKeys (ConfUtils.java:logGet(43)) - raft.server.snapshot.retention.num.files = 5 (custom)
2019-09-24 11:38:17,940 [pool-27-thread-1] INFO  server.RaftServerConfigKeys (ConfUtils.java:logGet(43)) - raft.server.retrycache.expirytime = 600000ms (custom)
2019-09-24 11:38:17,967 [pool-27-thread-1] INFO  impl.RaftServerImpl (RaftServerImpl.java:<init>(95)) - 335135ac-c67e-4c6a-a6ea-750b9440052b: new RaftServerImpl for group-747FA073EFC6:[335135ac-c67e-4c6a-a6ea-750b9440052b:192.168.36.75:33543, c0b1a4ec-8284-48ba-81e2-2d668d897bb9:192.168.36.75:37830, 958de237-ccd4-4edc-a438-d6921c1ef371:192.168.36.75:33854] with ContainerStateMachine:uninitialized
2019-09-24 11:38:17,968 [pool-27-thread-1] INFO  server.RaftServerConfigKeys (ConfUtils.java:logGet(43)) - raft.server.rpc.timeout.min = 1s (custom)
2019-09-24 11:38:17,968 [pool-27-thread-1] INFO  server.RaftServerConfigKeys (ConfUtils.java:logGet(43)) - raft.server.rpc.timeout.max = 1200ms (custom)
2019-09-24 11:38:17,968 [pool-27-thread-1] INFO  server.RaftServerConfigKeys (ConfUtils.java:logGet(43)) - raft.server.rpcslowness.timeout = 120s (custom)
2019-09-24 11:38:17,968 [pool-27-thread-1] INFO  server.RaftServerConfigKeys (ConfUtils.java:logGet(43)) - raft.server.sleep.deviation.threshold = 300 (default)
2019-09-24 11:38:17,968 [pool-27-thread-1] INFO  server.RaftServerConfigKeys (ConfUtils.java:logGet(43)) - raft.server.log.appender.install.snapshot.enabled = false (custom)
2019-09-24 11:38:17,968 [pool-27-thread-1] INFO  impl.RaftServerImpl (ServerState.java:<init>(103)) - 335135ac-c67e-4c6a-a6ea-750b9440052b@group-747FA073EFC6: ConfigurationManager, init=-1: [335135ac-c67e-4c6a-a6ea-750b9440052b:192.168.36.75:33543, c0b1a4ec-8284-48ba-81e2-2d668d897bb9:192.168.36.75:37830, 958de237-ccd4-4edc-a438-d6921c1ef371:192.168.36.75:33854], old=null, confs=<EMPTY_MAP>
2019-09-24 11:38:17,969 [pool-27-thread-1] INFO  server.RaftServerConfigKeys (ConfUtils.java:logGet(43)) - raft.server.storage.dir = [/workdir/hadoop-ozone/integration-test/target/test-dir/MiniOzoneClusterImpl-eec8fab0-77d9-416d-a41f-8ed3903f94c0/datanode-0/data/ratis] (custom)
2019-09-24 11:38:17,969 [pool-27-thread-1] INFO  storage.RaftStorageDirectory (RaftStorageDirectory.java:analyzeStorage(246)) - The storage directory /workdir/hadoop-ozone/integration-test/target/test-dir/MiniOzoneClusterImpl-eec8fab0-77d9-416d-a41f-8ed3903f94c0/datanode-0/data/ratis/1fd0380c-be6f-4ca2-a9af-747fa073efc6 does not exist. Creating ...
2019-09-24 11:38:18,589 [pool-37-thread-1] INFO  storage.RaftStorageDirectory (RaftStorageDirectory.java:tryLock(328)) - Lock on /workdir/hadoop-ozone/integration-test/target/test-dir/MiniOzoneClusterImpl-eec8fab0-77d9-416d-a41f-8ed3903f94c0/datanode-1/data/ratis/1fd0380c-be6f-4ca2-a9af-747fa073efc6/in_use.lock acquired by nodename 4183@pr-hdds-2166-cfpzp-170641675
2019-09-24 11:38:18,589 [pool-47-thread-1] INFO  storage.RaftStorageDirectory (RaftStorageDirectory.java:tryLock(328)) - Lock on /workdir/hadoop-ozone/integration-test/target/test-dir/MiniOzoneClusterImpl-eec8fab0-77d9-416d-a41f-8ed3903f94c0/datanode-2/data/ratis/1fd0380c-be6f-4ca2-a9af-747fa073efc6/in_use.lock acquired by nodename 4183@pr-hdds-2166-cfpzp-170641675
2019-09-24 11:38:20,017 [RATISCREATEPIPELINE1] ERROR pipeline.RatisPipelineProvider (RatisPipelineProvider.java:lambda$null$5(235)) - Failed invoke Ratis rpc org.apache.hadoop.hdds.scm.pipeline.RatisPipelineProvider$$Lambda$173/434307232@5c63415c for 335135ac-c67e-4c6a-a6ea-750b9440052b
org.apache.ratis.protocol.TimeoutIOException: deadline exceeded after 2998070125ns
	at org.apache.ratis.grpc.GrpcUtil.tryUnwrapException(GrpcUtil.java:82)
	at org.apache.ratis.grpc.GrpcUtil.unwrapException(GrpcUtil.java:75)
	at org.apache.ratis.grpc.client.GrpcClientProtocolClient.blockingCall(GrpcClientProtocolClient.java:178)
	at org.apache.ratis.grpc.client.GrpcClientProtocolClient.groupAdd(GrpcClientProtocolClient.java:147)
	at org.apache.ratis.grpc.client.GrpcClientRpc.sendRequest(GrpcClientRpc.java:94)
	at org.apache.ratis.client.impl.RaftClientImpl.sendRequest(RaftClientImpl.java:278)
	at org.apache.ratis.client.impl.RaftClientImpl.groupAdd(RaftClientImpl.java:205)
	at org.apache.hadoop.hdds.scm.pipeline.RatisPipelineProvider.lambda$initializePipeline$4(RatisPipelineProvider.java:196)
	at org.apache.hadoop.hdds.scm.pipeline.RatisPipelineProvider.lambda$null$5(RatisPipelineProvider.java:231)
	at java.util.stream.ForEachOps$ForEachOp$OfRef.accept(ForEachOps.java:184)
	at java.util.ArrayList$ArrayListSpliterator.forEachRemaining(ArrayList.java:1382)
	at java.util.stream.AbstractPipeline.copyInto(AbstractPipeline.java:482)
	at java.util.stream.ForEachOps$ForEachTask.compute(ForEachOps.java:291)
	at java.util.concurrent.CountedCompleter.exec(CountedCompleter.java:731)
	at java.util.concurrent.ForkJoinTask.doExec(ForkJoinTask.java:289)
	at java.util.concurrent.ForkJoinTask.doInvoke(ForkJoinTask.java:401)
	at java.util.concurrent.ForkJoinTask.invoke(ForkJoinTask.java:734)
	at java.util.stream.ForEachOps$ForEachOp.evaluateParallel(ForEachOps.java:160)
	at java.util.stream.ForEachOps$ForEachOp$OfRef.evaluateParallel(ForEachOps.java:174)
	at java.util.stream.AbstractPipeline.evaluate(AbstractPipeline.java:233)
	at java.util.stream.ReferencePipeline.forEach(ReferencePipeline.java:418)
	at java.util.stream.ReferencePipeline$Head.forEach(ReferencePipeline.java:583)
	at org.apache.hadoop.hdds.scm.pipeline.RatisPipelineProvider.lambda$callRatisRpc$6(RatisPipelineProvider.java:225)
	at java.util.concurrent.ForkJoinTask$AdaptedRunnableAction.exec(ForkJoinTask.java:1386)
	at java.util.concurrent.ForkJoinTask.doExec(ForkJoinTask.java:289)
	at java.util.concurrent.ForkJoinPool$WorkQueue.runTask(ForkJoinPool.java:1056)
	at java.util.concurrent.ForkJoinPool.runWorker(ForkJoinPool.java:1692)
	at java.util.concurrent.ForkJoinWorkerThread.run(ForkJoinWorkerThread.java:157)
Caused by: org.apache.ratis.thirdparty.io.grpc.StatusRuntimeException: DEADLINE_EXCEEDED: deadline exceeded after 2998070125ns
	at org.apache.ratis.thirdparty.io.grpc.stub.ClientCalls.toStatusRuntimeException(ClientCalls.java:233)
	at org.apache.ratis.thirdparty.io.grpc.stub.ClientCalls.getUnchecked(ClientCalls.java:214)
	at org.apache.ratis.thirdparty.io.grpc.stub.ClientCalls.blockingUnaryCall(ClientCalls.java:139)
	at org.apache.ratis.proto.grpc.AdminProtocolServiceGrpc$AdminProtocolServiceBlockingStub.groupManagement(AdminProtocolServiceGrpc.java:274)
	at org.apache.ratis.grpc.client.GrpcClientProtocolClient.lambda$groupAdd$3(GrpcClientProtocolClient.java:149)
	at org.apache.ratis.grpc.client.GrpcClientProtocolClient.blockingCall(GrpcClientProtocolClient.java:176)
	... 25 more
2019-09-24 11:38:20,058 [grpc-default-executor-1] INFO  impl.RaftServerProxy (RaftServerProxy.java:addNew(89)) - 335135ac-c67e-4c6a-a6ea-750b9440052b: addNew group-751669DBC220:[335135ac-c67e-4c6a-a6ea-750b9440052b:192.168.36.75:33543, c0b1a4ec-8284-48ba-81e2-2d668d897bb9:192.168.36.75:37830, 958de237-ccd4-4edc-a438-d6921c1ef371:192.168.36.75:33854] returns group-751669DBC220:java.util.concurrent.CompletableFuture@3e6f31d6[Not completed]
2019-09-24 11:38:20,058 [grpc-default-executor-0] INFO  impl.RaftServerProxy (RaftServerProxy.java:addNew(89)) - 958de237-ccd4-4edc-a438-d6921c1ef371: addNew group-751669DBC220:[335135ac-c67e-4c6a-a6ea-750b9440052b:192.168.36.75:33543, c0b1a4ec-8284-48ba-81e2-2d668d897bb9:192.168.36.75:37830, 958de237-ccd4-4edc-a438-d6921c1ef371:192.168.36.75:33854] returns group-751669DBC220:java.util.concurrent.CompletableFuture@77900dfb[Not completed]
2019-09-24 11:38:20,059 [grpc-default-executor-2] INFO  impl.RaftServerProxy (RaftServerProxy.java:addNew(89)) - c0b1a4ec-8284-48ba-81e2-2d668d897bb9: addNew group-751669DBC220:[335135ac-c67e-4c6a-a6ea-750b9440052b:192.168.36.75:33543, c0b1a4ec-8284-48ba-81e2-2d668d897bb9:192.168.36.75:37830, 958de237-ccd4-4edc-a438-d6921c1ef371:192.168.36.75:33854] returns group-751669DBC220:java.util.concurrent.CompletableFuture@3629d9c6[Not completed]
2019-09-24 11:38:22,613 [pool-27-thread-1] INFO  storage.RaftStorageDirectory (RaftStorageDirectory.java:tryLock(328)) - Lock on /workdir/hadoop-ozone/integration-test/target/test-dir/MiniOzoneClusterImpl-eec8fab0-77d9-416d-a41f-8ed3903f94c0/datanode-0/data/ratis/1fd0380c-be6f-4ca2-a9af-747fa073efc6/in_use.lock acquired by nodename 4183@pr-hdds-2166-cfpzp-170641675
2019-09-24 11:38:23,031 [RATISCREATEPIPELINE2] ERROR pipeline.RatisPipelineProvider (RatisPipelineProvider.java:lambda$null$5(235)) - Failed invoke Ratis rpc org.apache.hadoop.hdds.scm.pipeline.RatisPipelineProvider$$Lambda$173/434307232@44453013 for 335135ac-c67e-4c6a-a6ea-750b9440052b
org.apache.ratis.protocol.TimeoutIOException: deadline exceeded after 2999804231ns
	at org.apache.ratis.grpc.GrpcUtil.tryUnwrapException(GrpcUtil.java:82)
	at org.apache.ratis.grpc.GrpcUtil.unwrapException(GrpcUtil.java:75)
	at org.apache.ratis.grpc.client.GrpcClientProtocolClient.blockingCall(GrpcClientProtocolClient.java:178)
	at org.apache.ratis.grpc.client.GrpcClientProtocolClient.groupAdd(GrpcClientProtocolClient.java:147)
	at org.apache.ratis.grpc.client.GrpcClientRpc.sendRequest(GrpcClientRpc.java:94)
	at org.apache.ratis.client.impl.RaftClientImpl.sendRequest(RaftClientImpl.java:278)
	at org.apache.ratis.client.impl.RaftClientImpl.groupAdd(RaftClientImpl.java:205)
	at org.apache.hadoop.hdds.scm.pipeline.RatisPipelineProvider.lambda$initializePipeline$4(RatisPipelineProvider.java:196)
	at org.apache.hadoop.hdds.scm.pipeline.RatisPipelineProvider.lambda$null$5(RatisPipelineProvider.java:231)
	at java.util.stream.ForEachOps$ForEachOp$OfRef.accept(ForEachOps.java:184)
	at java.util.ArrayList$ArrayListSpliterator.forEachRemaining(ArrayList.java:1382)
	at java.util.stream.AbstractPipeline.copyInto(AbstractPipeline.java:482)
	at java.util.stream.ForEachOps$ForEachTask.compute(ForEachOps.java:291)
	at java.util.concurrent.CountedCompleter.exec(CountedCompleter.java:731)
	at java.util.concurrent.ForkJoinTask.doExec(ForkJoinTask.java:289)
	at java.util.concurrent.ForkJoinPool$WorkQueue.runTask(ForkJoinPool.java:1056)
	at java.util.concurrent.ForkJoinPool.runWorker(ForkJoinPool.java:1692)
	at java.util.concurrent.ForkJoinWorkerThread.run(ForkJoinWorkerThread.java:157)
Caused by: org.apache.ratis.thirdparty.io.grpc.StatusRuntimeException: DEADLINE_EXCEEDED: deadline exceeded after 2999804231ns
	at org.apache.ratis.thirdparty.io.grpc.stub.ClientCalls.toStatusRuntimeException(ClientCalls.java:233)
	at org.apache.ratis.thirdparty.io.grpc.stub.ClientCalls.getUnchecked(ClientCalls.java:214)
	at org.apache.ratis.thirdparty.io.grpc.stub.ClientCalls.blockingUnaryCall(ClientCalls.java:139)
	at org.apache.ratis.proto.grpc.AdminProtocolServiceGrpc$AdminProtocolServiceBlockingStub.groupManagement(AdminProtocolServiceGrpc.java:274)
	at org.apache.ratis.grpc.client.GrpcClientProtocolClient.lambda$groupAdd$3(GrpcClientProtocolClient.java:149)
	at org.apache.ratis.grpc.client.GrpcClientProtocolClient.blockingCall(GrpcClientProtocolClient.java:176)
	... 15 more
2019-09-24 11:38:23,039 [RATISCREATEPIPELINE1] ERROR pipeline.RatisPipelineProvider (RatisPipelineProvider.java:lambda$null$5(235)) - Failed invoke Ratis rpc org.apache.hadoop.hdds.scm.pipeline.RatisPipelineProvider$$Lambda$173/434307232@44453013 for c0b1a4ec-8284-48ba-81e2-2d668d897bb9
org.apache.ratis.protocol.TimeoutIOException: deadline exceeded after 2999746353ns
	at org.apache.ratis.grpc.GrpcUtil.tryUnwrapException(GrpcUtil.java:82)
	at org.apache.ratis.grpc.GrpcUtil.unwrapException(GrpcUtil.java:75)
	at org.apache.ratis.grpc.client.GrpcClientProtocolClient.blockingCall(GrpcClientProtocolClient.java:178)
	at org.apache.ratis.grpc.client.GrpcClientProtocolClient.groupAdd(GrpcClientProtocolClient.java:147)
	at org.apache.ratis.grpc.client.GrpcClientRpc.sendRequest(GrpcClientRpc.java:94)
	at org.apache.ratis.client.impl.RaftClientImpl.sendRequest(RaftClientImpl.java:278)
	at org.apache.ratis.client.impl.RaftClientImpl.groupAdd(RaftClientImpl.java:205)
	at org.apache.hadoop.hdds.scm.pipeline.RatisPipelineProvider.lambda$initializePipeline$4(RatisPipelineProvider.java:196)
	at org.apache.hadoop.hdds.scm.pipeline.RatisPipelineProvider.lambda$null$5(RatisPipelineProvider.java:231)
	at java.util.stream.ForEachOps$ForEachOp$OfRef.accept(ForEachOps.java:184)
	at java.util.ArrayList$ArrayListSpliterator.forEachRemaining(ArrayList.java:1382)
	at java.util.stream.AbstractPipeline.copyInto(AbstractPipeline.java:482)
	at java.util.stream.ForEachOps$ForEachTask.compute(ForEachOps.java:291)
	at java.util.concurrent.CountedCompleter.exec(CountedCompleter.java:731)
	at java.util.concurrent.ForkJoinTask.doExec(ForkJoinTask.java:289)
	at java.util.concurrent.ForkJoinTask.doInvoke(ForkJoinTask.java:401)
	at java.util.concurrent.ForkJoinTask.invoke(ForkJoinTask.java:734)
	at java.util.stream.ForEachOps$ForEachOp.evaluateParallel(ForEachOps.java:160)
	at java.util.stream.ForEachOps$ForEachOp$OfRef.evaluateParallel(ForEachOps.java:174)
	at java.util.stream.AbstractPipeline.evaluate(AbstractPipeline.java:233)
	at java.util.stream.ReferencePipeline.forEach(ReferencePipeline.java:418)
	at java.util.stream.ReferencePipeline$Head.forEach(ReferencePipeline.java:583)
	at org.apache.hadoop.hdds.scm.pipeline.RatisPipelineProvider.lambda$callRatisRpc$6(RatisPipelineProvider.java:225)
	at java.util.concurrent.ForkJoinTask$AdaptedRunnableAction.exec(ForkJoinTask.java:1386)
	at java.util.concurrent.ForkJoinTask.doExec(ForkJoinTask.java:289)
	at java.util.concurrent.ForkJoinPool$WorkQueue.runTask(ForkJoinPool.java:1056)
	at java.util.concurrent.ForkJoinPool.runWorker(ForkJoinPool.java:1692)
	at java.util.concurrent.ForkJoinWorkerThread.run(ForkJoinWorkerThread.java:157)
Caused by: org.apache.ratis.thirdparty.io.grpc.StatusRuntimeException: DEADLINE_EXCEEDED: deadline exceeded after 2999746353ns
	at org.apache.ratis.thirdparty.io.grpc.stub.ClientCalls.toStatusRuntimeException(ClientCalls.java:233)
	at org.apache.ratis.thirdparty.io.grpc.stub.ClientCalls.getUnchecked(ClientCalls.java:214)
	at org.apache.ratis.thirdparty.io.grpc.stub.ClientCalls.blockingUnaryCall(ClientCalls.java:139)
	at org.apache.ratis.proto.grpc.AdminProtocolServiceGrpc$AdminProtocolServiceBlockingStub.groupManagement(AdminProtocolServiceGrpc.java:274)
	at org.apache.ratis.grpc.client.GrpcClientProtocolClient.lambda$groupAdd$3(GrpcClientProtocolClient.java:149)
	at org.apache.ratis.grpc.client.GrpcClientProtocolClient.blockingCall(GrpcClientProtocolClient.java:176)
	... 25 more
2019-09-24 11:38:23,031 [RATISCREATEPIPELINE3] ERROR pipeline.RatisPipelineProvider (RatisPipelineProvider.java:lambda$null$5(235)) - Failed invoke Ratis rpc org.apache.hadoop.hdds.scm.pipeline.RatisPipelineProvider$$Lambda$173/434307232@44453013 for 958de237-ccd4-4edc-a438-d6921c1ef371
org.apache.ratis.protocol.TimeoutIOException: deadline exceeded after 2998152033ns
	at org.apache.ratis.grpc.GrpcUtil.tryUnwrapException(GrpcUtil.java:82)
	at org.apache.ratis.grpc.GrpcUtil.unwrapException(GrpcUtil.java:75)
	at org.apache.ratis.grpc.client.GrpcClientProtocolClient.blockingCall(GrpcClientProtocolClient.java:178)
	at org.apache.ratis.grpc.client.GrpcClientProtocolClient.groupAdd(GrpcClientProtocolClient.java:147)
	at org.apache.ratis.grpc.client.GrpcClientRpc.sendRequest(GrpcClientRpc.java:94)
	at org.apache.ratis.client.impl.RaftClientImpl.sendRequest(RaftClientImpl.java:278)
	at org.apache.ratis.client.impl.RaftClientImpl.groupAdd(RaftClientImpl.java:205)
	at org.apache.hadoop.hdds.scm.pipeline.RatisPipelineProvider.lambda$initializePipeline$4(RatisPipelineProvider.java:196)
	at org.apache.hadoop.hdds.scm.pipeline.RatisPipelineProvider.lambda$null$5(RatisPipelineProvider.java:231)
	at java.util.stream.ForEachOps$ForEachOp$OfRef.accept(ForEachOps.java:184)
	at java.util.ArrayList$ArrayListSpliterator.forEachRemaining(ArrayList.java:1382)
	at java.util.stream.AbstractPipeline.copyInto(AbstractPipeline.java:482)
	at java.util.stream.ForEachOps$ForEachTask.compute(ForEachOps.java:291)
	at java.util.concurrent.CountedCompleter.exec(CountedCompleter.java:731)
	at java.util.concurrent.ForkJoinTask.doExec(ForkJoinTask.java:289)
	at java.util.concurrent.ForkJoinPool$WorkQueue.runTask(ForkJoinPool.java:1056)
	at java.util.concurrent.ForkJoinPool.runWorker(ForkJoinPool.java:1692)
	at java.util.concurrent.ForkJoinWorkerThread.run(ForkJoinWorkerThread.java:157)
Caused by: org.apache.ratis.thirdparty.io.grpc.StatusRuntimeException: DEADLINE_EXCEEDED: deadline exceeded after 2998152033ns
	at org.apache.ratis.thirdparty.io.grpc.stub.ClientCalls.toStatusRuntimeException(ClientCalls.java:233)
	at org.apache.ratis.thirdparty.io.grpc.stub.ClientCalls.getUnchecked(ClientCalls.java:214)
	at org.apache.ratis.thirdparty.io.grpc.stub.ClientCalls.blockingUnaryCall(ClientCalls.java:139)
	at org.apache.ratis.proto.grpc.AdminProtocolServiceGrpc$AdminProtocolServiceBlockingStub.groupManagement(AdminProtocolServiceGrpc.java:274)
	at org.apache.ratis.grpc.client.GrpcClientProtocolClient.lambda$groupAdd$3(GrpcClientProtocolClient.java:149)
	at org.apache.ratis.grpc.client.GrpcClientProtocolClient.blockingCall(GrpcClientProtocolClient.java:176)
	... 15 more
2019-09-24 11:38:23,076 [grpc-default-executor-0] INFO  impl.RaftServerProxy (RaftServerProxy.java:addNew(89)) - 335135ac-c67e-4c6a-a6ea-750b9440052b: addNew group-8AE27A07BD06:[335135ac-c67e-4c6a-a6ea-750b9440052b:192.168.36.75:33543, c0b1a4ec-8284-48ba-81e2-2d668d897bb9:192.168.36.75:37830, 958de237-ccd4-4edc-a438-d6921c1ef371:192.168.36.75:33854] returns group-8AE27A07BD06:java.util.concurrent.CompletableFuture@7db65f0f[Not completed]
2019-09-24 11:38:23,077 [grpc-default-executor-3] INFO  impl.RaftServerProxy (RaftServerProxy.java:addNew(89)) - 958de237-ccd4-4edc-a438-d6921c1ef371: addNew group-8AE27A07BD06:[335135ac-c67e-4c6a-a6ea-750b9440052b:192.168.36.75:33543, c0b1a4ec-8284-48ba-81e2-2d668d897bb9:192.168.36.75:37830, 958de237-ccd4-4edc-a438-d6921c1ef371:192.168.36.75:33854] returns group-8AE27A07BD06:java.util.concurrent.CompletableFuture@7405d8a6[Not completed]
2019-09-24 11:38:23,081 [grpc-default-executor-3] INFO  impl.RaftServerProxy (RaftServerProxy.java:addNew(89)) - c0b1a4ec-8284-48ba-81e2-2d668d897bb9: addNew group-8AE27A07BD06:[335135ac-c67e-4c6a-a6ea-750b9440052b:192.168.36.75:33543, c0b1a4ec-8284-48ba-81e2-2d668d897bb9:192.168.36.75:37830, 958de237-ccd4-4edc-a438-d6921c1ef371:192.168.36.75:33854] returns group-8AE27A07BD06:java.util.concurrent.CompletableFuture@703a42fe[Not completed]
2019-09-24 11:38:26,064 [RATISCREATEPIPELINE3] ERROR pipeline.RatisPipelineProvider (RatisPipelineProvider.java:lambda$null$5(235)) - Failed invoke Ratis rpc org.apache.hadoop.hdds.scm.pipeline.RatisPipelineProvider$$Lambda$173/434307232@b6b1e0e for 335135ac-c67e-4c6a-a6ea-750b9440052b
org.apache.ratis.protocol.TimeoutIOException: deadline exceeded after 2999764370ns
	at org.apache.ratis.grpc.GrpcUtil.tryUnwrapException(GrpcUtil.java:82)
	at org.apache.ratis.grpc.GrpcUtil.unwrapException(GrpcUtil.java:75)
	at org.apache.ratis.grpc.client.GrpcClientProtocolClient.blockingCall(GrpcClientProtocolClient.java:178)
	at org.apache.ratis.grpc.client.GrpcClientProtocolClient.groupAdd(GrpcClientProtocolClient.java:147)
	at org.apache.ratis.grpc.client.GrpcClientRpc.sendRequest(GrpcClientRpc.java:94)
	at org.apache.ratis.client.impl.RaftClientImpl.sendRequest(RaftClientImpl.java:278)
	at org.apache.ratis.client.impl.RaftClientImpl.groupAdd(RaftClientImpl.java:205)
	at org.apache.hadoop.hdds.scm.pipeline.RatisPipelineProvider.lambda$initializePipeline$4(RatisPipelineProvider.java:196)
	at org.apache.hadoop.hdds.scm.pipeline.RatisPipelineProvider.lambda$null$5(RatisPipelineProvider.java:231)
	at java.util.stream.ForEachOps$ForEachOp$OfRef.accept(ForEachOps.java:184)
	at java.util.ArrayList$ArrayListSpliterator.forEachRemaining(ArrayList.java:1382)
	at java.util.stream.AbstractPipeline.copyInto(AbstractPipeline.java:482)
	at java.util.stream.ForEachOps$ForEachTask.compute(ForEachOps.java:291)
	at java.util.concurrent.CountedCompleter.exec(CountedCompleter.java:731)
	at java.util.concurrent.ForkJoinTask.doExec(ForkJoinTask.java:289)
	at java.util.concurrent.ForkJoinPool$WorkQueue.runTask(ForkJoinPool.java:1056)
	at java.util.concurrent.ForkJoinPool.runWorker(ForkJoinPool.java:1692)
	at java.util.concurrent.ForkJoinWorkerThread.run(ForkJoinWorkerThread.java:157)
Caused by: org.apache.ratis.thirdparty.io.grpc.StatusRuntimeException: DEADLINE_EXCEEDED: deadline exceeded after 2999764370ns
	at org.apache.ratis.thirdparty.io.grpc.stub.ClientCalls.toStatusRuntimeException(ClientCalls.java:233)
	at org.apache.ratis.thirdparty.io.grpc.stub.ClientCalls.getUnchecked(ClientCalls.java:214)
	at org.apache.ratis.thirdparty.io.grpc.stub.ClientCalls.blockingUnaryCall(ClientCalls.java:139)
	at org.apache.ratis.proto.grpc.AdminProtocolServiceGrpc$AdminProtocolServiceBlockingStub.groupManagement(AdminProtocolServiceGrpc.java:274)
	at org.apache.ratis.grpc.client.GrpcClientProtocolClient.lambda$groupAdd$3(GrpcClientProtocolClient.java:149)
	at org.apache.ratis.grpc.client.GrpcClientProtocolClient.blockingCall(GrpcClientProtocolClient.java:176)
	... 15 more
2019-09-24 11:38:26,067 [RATISCREATEPIPELINE1] ERROR pipeline.RatisPipelineProvider (RatisPipelineProvider.java:lambda$null$5(235)) - Failed invoke Ratis rpc org.apache.hadoop.hdds.scm.pipeline.RatisPipelineProvider$$Lambda$173/434307232@b6b1e0e for c0b1a4ec-8284-48ba-81e2-2d668d897bb9
org.apache.ratis.protocol.TimeoutIOException: deadline exceeded after 2998636306ns
	at org.apache.ratis.grpc.GrpcUtil.tryUnwrapException(GrpcUtil.java:82)
	at org.apache.ratis.grpc.GrpcUtil.unwrapException(GrpcUtil.java:75)
	at org.apache.ratis.grpc.client.GrpcClientProtocolClient.blockingCall(GrpcClientProtocolClient.java:178)
	at org.apache.ratis.grpc.client.GrpcClientProtocolClient.groupAdd(GrpcClientProtocolClient.java:147)
	at org.apache.ratis.grpc.client.GrpcClientRpc.sendRequest(GrpcClientRpc.java:94)
	at org.apache.ratis.client.impl.RaftClientImpl.sendRequest(RaftClientImpl.java:278)
	at org.apache.ratis.client.impl.RaftClientImpl.groupAdd(RaftClientImpl.java:205)
	at org.apache.hadoop.hdds.scm.pipeline.RatisPipelineProvider.lambda$initializePipeline$4(RatisPipelineProvider.java:196)
	at org.apache.hadoop.hdds.scm.pipeline.RatisPipelineProvider.lambda$null$5(RatisPipelineProvider.java:231)
	at java.util.stream.ForEachOps$ForEachOp$OfRef.accept(ForEachOps.java:184)
	at java.util.ArrayList$ArrayListSpliterator.forEachRemaining(ArrayList.java:1382)
	at java.util.stream.AbstractPipeline.copyInto(AbstractPipeline.java:482)
	at java.util.stream.ForEachOps$ForEachTask.compute(ForEachOps.java:291)
	at java.util.concurrent.CountedCompleter.exec(CountedCompleter.java:731)
	at java.util.concurrent.ForkJoinTask.doExec(ForkJoinTask.java:289)
	at java.util.concurrent.ForkJoinTask.doInvoke(ForkJoinTask.java:401)
	at java.util.concurrent.ForkJoinTask.invoke(ForkJoinTask.java:734)
	at java.util.stream.ForEachOps$ForEachOp.evaluateParallel(ForEachOps.java:160)
	at java.util.stream.ForEachOps$ForEachOp$OfRef.evaluateParallel(ForEachOps.java:174)
	at java.util.stream.AbstractPipeline.evaluate(AbstractPipeline.java:233)
	at java.util.stream.ReferencePipeline.forEach(ReferencePipeline.java:418)
	at java.util.stream.ReferencePipeline$Head.forEach(ReferencePipeline.java:583)
	at org.apache.hadoop.hdds.scm.pipeline.RatisPipelineProvider.lambda$callRatisRpc$6(RatisPipelineProvider.java:225)
	at java.util.concurrent.ForkJoinTask$AdaptedRunnableAction.exec(ForkJoinTask.java:1386)
	at java.util.concurrent.ForkJoinTask.doExec(ForkJoinTask.java:289)
	at java.util.concurrent.ForkJoinPool$WorkQueue.runTask(ForkJoinPool.java:1056)
	at java.util.concurrent.ForkJoinPool.runWorker(ForkJoinPool.java:1692)
	at java.util.concurrent.ForkJoinWorkerThread.run(ForkJoinWorkerThread.java:157)
Caused by: org.apache.ratis.thirdparty.io.grpc.StatusRuntimeException: DEADLINE_EXCEEDED: deadline exceeded after 2998636306ns
	at org.apache.ratis.thirdparty.io.grpc.stub.ClientCalls.toStatusRuntimeException(ClientCalls.java:233)
	at org.apache.ratis.thirdparty.io.grpc.stub.ClientCalls.getUnchecked(ClientCalls.java:214)
	at org.apache.ratis.thirdparty.io.grpc.stub.ClientCalls.blockingUnaryCall(ClientCalls.java:139)
	at org.apache.ratis.proto.grpc.AdminProtocolServiceGrpc$AdminProtocolServiceBlockingStub.groupManagement(AdminProtocolServiceGrpc.java:274)
	at org.apache.ratis.grpc.client.GrpcClientProtocolClient.lambda$groupAdd$3(GrpcClientProtocolClient.java:149)
	at org.apache.ratis.grpc.client.GrpcClientProtocolClient.blockingCall(GrpcClientProtocolClient.java:176)
	... 25 more
2019-09-24 11:38:26,064 [RATISCREATEPIPELINE2] ERROR pipeline.RatisPipelineProvider (RatisPipelineProvider.java:lambda$null$5(235)) - Failed invoke Ratis rpc org.apache.hadoop.hdds.scm.pipeline.RatisPipelineProvider$$Lambda$173/434307232@b6b1e0e for 958de237-ccd4-4edc-a438-d6921c1ef371
org.apache.ratis.protocol.TimeoutIOException: deadline exceeded after 2998112171ns
	at org.apache.ratis.grpc.GrpcUtil.tryUnwrapException(GrpcUtil.java:82)
	at org.apache.ratis.grpc.GrpcUtil.unwrapException(GrpcUtil.java:75)
	at org.apache.ratis.grpc.client.GrpcClientProtocolClient.blockingCall(GrpcClientProtocolClient.java:178)
	at org.apache.ratis.grpc.client.GrpcClientProtocolClient.groupAdd(GrpcClientProtocolClient.java:147)
	at org.apache.ratis.grpc.client.GrpcClientRpc.sendRequest(GrpcClientRpc.java:94)
	at org.apache.ratis.client.impl.RaftClientImpl.sendRequest(RaftClientImpl.java:278)
	at org.apache.ratis.client.impl.RaftClientImpl.groupAdd(RaftClientImpl.java:205)
	at org.apache.hadoop.hdds.scm.pipeline.RatisPipelineProvider.lambda$initializePipeline$4(RatisPipelineProvider.java:196)
	at org.apache.hadoop.hdds.scm.pipeline.RatisPipelineProvider.lambda$null$5(RatisPipelineProvider.java:231)
	at java.util.stream.ForEachOps$ForEachOp$OfRef.accept(ForEachOps.java:184)
	at java.util.ArrayList$ArrayListSpliterator.forEachRemaining(ArrayList.java:1382)
	at java.util.stream.AbstractPipeline.copyInto(AbstractPipeline.java:482)
	at java.util.stream.ForEachOps$ForEachTask.compute(ForEachOps.java:291)
	at java.util.concurrent.CountedCompleter.exec(CountedCompleter.java:731)
	at java.util.concurrent.ForkJoinTask.doExec(ForkJoinTask.java:289)
	at java.util.concurrent.ForkJoinPool$WorkQueue.runTask(ForkJoinPool.java:1056)
	at java.util.concurrent.ForkJoinPool.runWorker(ForkJoinPool.java:1692)
	at java.util.concurrent.ForkJoinWorkerThread.run(ForkJoinWorkerThread.java:157)
Caused by: org.apache.ratis.thirdparty.io.grpc.StatusRuntimeException: DEADLINE_EXCEEDED: deadline exceeded after 2998112171ns
	at org.apache.ratis.thirdparty.io.grpc.stub.ClientCalls.toStatusRuntimeException(ClientCalls.java:233)
	at org.apache.ratis.thirdparty.io.grpc.stub.ClientCalls.getUnchecked(ClientCalls.java:214)
	at org.apache.ratis.thirdparty.io.grpc.stub.ClientCalls.blockingUnaryCall(ClientCalls.java:139)
	at org.apache.ratis.proto.grpc.AdminProtocolServiceGrpc$AdminProtocolServiceBlockingStub.groupManagement(AdminProtocolServiceGrpc.java:274)
	at org.apache.ratis.grpc.client.GrpcClientProtocolClient.lambda$groupAdd$3(GrpcClientProtocolClient.java:149)
	at org.apache.ratis.grpc.client.GrpcClientProtocolClient.blockingCall(GrpcClientProtocolClient.java:176)
	... 15 more
2019-09-24 11:38:26,094 [IPC Server handler 0 on 42744] WARN  block.BlockManagerImpl (BlockManagerImpl.java:allocateBlock(192)) - Pipeline creation failed for type:RATIS factor:THREE. Retrying get pipelines call once.
org.apache.hadoop.io.MultipleIOException: 3 exceptions [java.io.IOException: Failed invoke Ratis rpc org.apache.hadoop.hdds.scm.pipeline.RatisPipelineProvider$$Lambda$173/434307232@b6b1e0e for 335135ac-c67e-4c6a-a6ea-750b9440052b, java.io.IOException: Failed invoke Ratis rpc org.apache.hadoop.hdds.scm.pipeline.RatisPipelineProvider$$Lambda$173/434307232@b6b1e0e for c0b1a4ec-8284-48ba-81e2-2d668d897bb9, java.io.IOException: Failed invoke Ratis rpc org.apache.hadoop.hdds.scm.pipeline.RatisPipelineProvider$$Lambda$173/434307232@b6b1e0e for 958de237-ccd4-4edc-a438-d6921c1ef371]
	at org.apache.hadoop.io.MultipleIOException.createIOException(MultipleIOException.java:53)
	at org.apache.hadoop.hdds.scm.pipeline.RatisPipelineProvider.callRatisRpc(RatisPipelineProvider.java:251)
	at org.apache.hadoop.hdds.scm.pipeline.RatisPipelineProvider.initializePipeline(RatisPipelineProvider.java:194)
	at org.apache.hadoop.hdds.scm.pipeline.RatisPipelineProvider.create(RatisPipelineProvider.java:163)
	at org.apache.hadoop.hdds.scm.pipeline.PipelineFactory.create(PipelineFactory.java:58)
	at org.apache.hadoop.hdds.scm.pipeline.SCMPipelineManager.createPipeline(SCMPipelineManager.java:155)
	at org.apache.hadoop.hdds.scm.block.BlockManagerImpl.allocateBlock(BlockManagerImpl.java:190)
	at org.apache.hadoop.hdds.scm.server.SCMBlockProtocolServer.allocateBlock(SCMBlockProtocolServer.java:182)
	at org.apache.hadoop.ozone.protocolPB.ScmBlockLocationProtocolServerSideTranslatorPB.allocateScmBlock(ScmBlockLocationProtocolServerSideTranslatorPB.java:183)
	at org.apache.hadoop.ozone.protocolPB.ScmBlockLocationProtocolServerSideTranslatorPB.processMessage(ScmBlockLocationProtocolServerSideTranslatorPB.java:141)
	at org.apache.hadoop.ozone.protocolPB.ScmBlockLocationProtocolServerSideTranslatorPB.send(ScmBlockLocationProtocolServerSideTranslatorPB.java:116)
	at org.apache.hadoop.hdds.protocol.proto.ScmBlockLocationProtocolProtos$ScmBlockLocationProtocolService$2.callBlockingMethod(ScmBlockLocationProtocolProtos.java:13157)
	at org.apache.hadoop.ipc.ProtobufRpcEngine$Server$ProtoBufRpcInvoker.call(ProtobufRpcEngine.java:524)
	at org.apache.hadoop.ipc.RPC$Server.call(RPC.java:1025)
	at org.apache.hadoop.ipc.Server$RpcCall.run(Server.java:876)
	at org.apache.hadoop.ipc.Server$RpcCall.run(Server.java:822)
	at java.security.AccessController.doPrivileged(Native Method)
	at javax.security.auth.Subject.doAs(Subject.java:422)
	at org.apache.hadoop.security.UserGroupInformation.doAs(UserGroupInformation.java:1730)
	at org.apache.hadoop.ipc.Server$Handler.run(Server.java:2682)
2019-09-24 11:38:26,095 [IPC Server handler 0 on 42744] INFO  block.BlockManagerImpl (BlockManagerImpl.java:allocateBlock(198)) - Could not find available pipeline of type:RATIS and factor:THREE even after retrying
2019-09-24 11:38:26,095 [IPC Server handler 0 on 42744] ERROR block.BlockManagerImpl (BlockManagerImpl.java:allocateBlock(222)) - Unable to allocate a block for the size: 800, type: RATIS, factor: THREE
]]></system-out>
    <system-err><![CDATA[ERROR StatusLogger No Log4j 2 configuration file found. Using default configuration (logging only errors to the console), or user programmatically provided configurations. Set system property 'log4j2.debug' to show Log4j 2 internal initialization logging. See https://logging.apache.org/log4j/2.x/manual/configuration.html for instructions on how to configure Log4j 2
]]></system-err>
  </testcase>
  <testcase name="testWatchForCommitWithSmallerTimeoutValue" classname="org.apache.hadoop.ozone.client.rpc.TestWatchForCommit" time="80.734"/>
  <testcase name="testWatchForCommitForRetryfailure" classname="org.apache.hadoop.ozone.client.rpc.TestWatchForCommit" time="86.414"/>
  <testcase name="testWatchForCommitForGroupMismatchException" classname="org.apache.hadoop.ozone.client.rpc.TestWatchForCommit" time="29.937">
    <error message="org.apache.ratis.protocol.RaftRetryFailureException: Failed RaftClientRequest:client-BD5A246E2684-&gt;643e9d8e-4f99-42c5-a66a-284f0687bd5b@group-88B44F0D333A, cid=81, seq=1*, RW, org.apache.hadoop.hdds.scm.XceiverClientRatis$$Lambda$652/120157876@aee4152 for 20 attempts with RetryLimited(maxAttempts=20, sleepTime=1000ms)" type="java.util.concurrent.ExecutionException">java.util.concurrent.ExecutionException: org.apache.ratis.protocol.RaftRetryFailureException: Failed RaftClientRequest:client-BD5A246E2684->643e9d8e-4f99-42c5-a66a-284f0687bd5b@group-88B44F0D333A, cid=81, seq=1*, RW, org.apache.hadoop.hdds.scm.XceiverClientRatis$$Lambda$652/120157876@aee4152 for 20 attempts with RetryLimited(maxAttempts=20, sleepTime=1000ms)
	at java.util.concurrent.CompletableFuture.reportGet(CompletableFuture.java:357)
	at java.util.concurrent.CompletableFuture.get(CompletableFuture.java:1895)
	at org.apache.hadoop.ozone.client.rpc.TestWatchForCommit.testWatchForCommitForGroupMismatchException(TestWatchForCommit.java:432)
	at sun.reflect.NativeMethodAccessorImpl.invoke0(Native Method)
	at sun.reflect.NativeMethodAccessorImpl.invoke(NativeMethodAccessorImpl.java:62)
	at sun.reflect.DelegatingMethodAccessorImpl.invoke(DelegatingMethodAccessorImpl.java:43)
	at java.lang.reflect.Method.invoke(Method.java:498)
	at org.junit.runners.model.FrameworkMethod$1.runReflectiveCall(FrameworkMethod.java:47)
	at org.junit.internal.runners.model.ReflectiveCallable.run(ReflectiveCallable.java:12)
	at org.junit.runners.model.FrameworkMethod.invokeExplosively(FrameworkMethod.java:44)
	at org.junit.internal.runners.statements.InvokeMethod.evaluate(InvokeMethod.java:17)
	at org.junit.runners.ParentRunner.runLeaf(ParentRunner.java:271)
	at org.junit.runners.BlockJUnit4ClassRunner.runChild(BlockJUnit4ClassRunner.java:70)
	at org.junit.runners.BlockJUnit4ClassRunner.runChild(BlockJUnit4ClassRunner.java:50)
	at org.junit.runners.ParentRunner$3.run(ParentRunner.java:238)
	at org.junit.runners.ParentRunner$1.schedule(ParentRunner.java:63)
	at org.junit.runners.ParentRunner.runChildren(ParentRunner.java:236)
	at org.junit.runners.ParentRunner.access$000(ParentRunner.java:53)
	at org.junit.runners.ParentRunner$2.evaluate(ParentRunner.java:229)
	at org.junit.runners.ParentRunner.run(ParentRunner.java:309)
	at org.apache.maven.surefire.junit4.JUnit4Provider.execute(JUnit4Provider.java:365)
	at org.apache.maven.surefire.junit4.JUnit4Provider.executeWithRerun(JUnit4Provider.java:273)
	at org.apache.maven.surefire.junit4.JUnit4Provider.executeTestSet(JUnit4Provider.java:238)
	at org.apache.maven.surefire.junit4.JUnit4Provider.invoke(JUnit4Provider.java:159)
	at org.apache.maven.surefire.booter.ForkedBooter.invokeProviderInSameClassLoader(ForkedBooter.java:384)
	at org.apache.maven.surefire.booter.ForkedBooter.runSuitesInProcess(ForkedBooter.java:345)
	at org.apache.maven.surefire.booter.ForkedBooter.execute(ForkedBooter.java:126)
	at org.apache.maven.surefire.booter.ForkedBooter.main(ForkedBooter.java:418)
Caused by: org.apache.ratis.protocol.RaftRetryFailureException: Failed RaftClientRequest:client-BD5A246E2684->643e9d8e-4f99-42c5-a66a-284f0687bd5b@group-88B44F0D333A, cid=81, seq=1*, RW, org.apache.hadoop.hdds.scm.XceiverClientRatis$$Lambda$652/120157876@aee4152 for 20 attempts with RetryLimited(maxAttempts=20, sleepTime=1000ms)
	at org.apache.ratis.client.impl.RaftClientImpl.noMoreRetries(RaftClientImpl.java:271)
	at org.apache.ratis.client.impl.OrderedAsync.handleAsyncRetryFailure(OrderedAsync.java:138)
	at org.apache.ratis.client.impl.OrderedAsync.lambda$sendRequest$10(OrderedAsync.java:230)
	at java.util.concurrent.CompletableFuture.uniExceptionally(CompletableFuture.java:870)
	at java.util.concurrent.CompletableFuture$UniExceptionally.tryFire(CompletableFuture.java:852)
	at java.util.concurrent.CompletableFuture.postComplete(CompletableFuture.java:474)
	at java.util.concurrent.CompletableFuture.completeExceptionally(CompletableFuture.java:1977)
	at org.apache.ratis.grpc.client.GrpcClientProtocolClient$AsyncStreamObservers.completeReplyExceptionally(GrpcClientProtocolClient.java:339)
	at org.apache.ratis.grpc.client.GrpcClientProtocolClient$AsyncStreamObservers.access$000(GrpcClientProtocolClient.java:255)
	at org.apache.ratis.grpc.client.GrpcClientProtocolClient$AsyncStreamObservers$1.onNext(GrpcClientProtocolClient.java:267)
	at org.apache.ratis.grpc.client.GrpcClientProtocolClient$AsyncStreamObservers$1.onNext(GrpcClientProtocolClient.java:258)
	at org.apache.ratis.thirdparty.io.grpc.stub.ClientCalls$StreamObserverToCallListenerAdapter.onMessage(ClientCalls.java:421)
	at org.apache.ratis.thirdparty.io.grpc.ForwardingClientCallListener.onMessage(ForwardingClientCallListener.java:33)
	at org.apache.ratis.thirdparty.io.grpc.ForwardingClientCallListener.onMessage(ForwardingClientCallListener.java:33)
	at org.apache.ratis.thirdparty.io.grpc.internal.ClientCallImpl$ClientStreamListenerImpl$1MessagesAvailable.runInContext(ClientCallImpl.java:519)
	at org.apache.ratis.thirdparty.io.grpc.internal.ContextRunnable.run(ContextRunnable.java:37)
	at org.apache.ratis.thirdparty.io.grpc.internal.SerializingExecutor.run(SerializingExecutor.java:123)
	at java.util.concurrent.ThreadPoolExecutor.runWorker(ThreadPoolExecutor.java:1149)
	at java.util.concurrent.ThreadPoolExecutor$Worker.run(ThreadPoolExecutor.java:624)
	at java.lang.Thread.run(Thread.java:748)
Caused by: org.apache.ratis.protocol.NotLeaderException: Server 643e9d8e-4f99-42c5-a66a-284f0687bd5b@group-88B44F0D333A is not the leader
	at org.apache.ratis.client.impl.ClientProtoUtils.toRaftClientReply(ClientProtoUtils.java:243)
	at org.apache.ratis.grpc.client.GrpcClientProtocolClient$AsyncStreamObservers$1.onNext(GrpcClientProtocolClient.java:263)
	... 10 more
</error>
    <system-out><![CDATA[2019-09-24 11:41:13,586 [main] WARN  server.ServerUtils (ServerUtils.java:getScmDbDir(145)) - ozone.scm.db.dirs is not configured. We recommend adding this setting. Falling back to ozone.metadata.dirs instead.
2019-09-24 11:41:14,811 [main] WARN  server.ServerUtils (ServerUtils.java:getScmDbDir(145)) - ozone.scm.db.dirs is not configured. We recommend adding this setting. Falling back to ozone.metadata.dirs instead.
2019-09-24 11:41:14,811 [main] WARN  server.ServerUtils (ServerUtils.java:getScmDbDir(145)) - ozone.scm.db.dirs is not configured. We recommend adding this setting. Falling back to ozone.metadata.dirs instead.
2019-09-24 11:41:14,812 [main] INFO  db.DBStoreBuilder (DBStoreBuilder.java:addTable(110)) - using custom profile for table: deletedBlocks
2019-09-24 11:41:14,812 [main] INFO  db.DBStoreBuilder (DBStoreBuilder.java:processTables(161)) - Using default column profile:DBProfile.DISK for Table:deletedBlocks
2019-09-24 11:41:14,812 [main] INFO  db.DBStoreBuilder (DBStoreBuilder.java:addTable(110)) - using custom profile for table: validCerts
2019-09-24 11:41:14,812 [main] INFO  db.DBStoreBuilder (DBStoreBuilder.java:processTables(161)) - Using default column profile:DBProfile.DISK for Table:validCerts
2019-09-24 11:41:14,812 [main] INFO  db.DBStoreBuilder (DBStoreBuilder.java:addTable(110)) - using custom profile for table: revokedCerts
2019-09-24 11:41:14,812 [main] INFO  db.DBStoreBuilder (DBStoreBuilder.java:processTables(161)) - Using default column profile:DBProfile.DISK for Table:revokedCerts
2019-09-24 11:41:14,813 [main] INFO  db.DBStoreBuilder (DBStoreBuilder.java:addTable(110)) - using custom profile for table: default
2019-09-24 11:41:14,813 [main] INFO  db.DBStoreBuilder (DBStoreBuilder.java:processTables(167)) - Using default column profile:DBProfile.DISK for Table:default
2019-09-24 11:41:14,813 [main] INFO  db.DBStoreBuilder (DBStoreBuilder.java:getDbProfile(198)) - Using default options. DBProfile.DISK
2019-09-24 11:41:15,084 [main] INFO  net.NodeSchemaLoader (NodeSchemaLoader.java:loadSchemaFromFile(125)) - Loading file from sun.misc.CompoundEnumeration@7a1b8a46
2019-09-24 11:41:15,084 [main] INFO  net.NodeSchemaLoader (NodeSchemaLoader.java:loadSchema(171)) - Loading network topology layer schema file
2019-09-24 11:41:15,091 [main] INFO  node.SCMNodeManager (SCMNodeManager.java:<init>(114)) - Entering startup safe mode.
2019-09-24 11:41:15,092 [main] INFO  algorithms.ContainerPlacementPolicyFactory (ContainerPlacementPolicyFactory.java:getPolicy(57)) - Create container placement policy of type org.apache.hadoop.hdds.scm.container.placement.algorithms.SCMContainerPlacementRandom
2019-09-24 11:41:15,092 [main] WARN  server.ServerUtils (ServerUtils.java:getScmDbDir(145)) - ozone.scm.db.dirs is not configured. We recommend adding this setting. Falling back to ozone.metadata.dirs instead.
2019-09-24 11:41:15,150 [main] INFO  pipeline.SCMPipelineManager (SCMPipelineManager.java:initializePipelineState(132)) - No pipeline exists in current db
2019-09-24 11:41:15,150 [main] WARN  server.ServerUtils (ServerUtils.java:getScmDbDir(145)) - ozone.scm.db.dirs is not configured. We recommend adding this setting. Falling back to ozone.metadata.dirs instead.
2019-09-24 11:41:15,215 [main] WARN  events.EventQueue (EventQueue.java:fireEvent(183)) - No event handler registered for event TypedEvent{payloadType=SafeModeStatus, name='SafeModeStatus'}
2019-09-24 11:41:15,215 [main] INFO  ipc.CallQueueManager (CallQueueManager.java:<init>(84)) - Using callQueue: class java.util.concurrent.LinkedBlockingQueue, queueCapacity: 2000, scheduler: class org.apache.hadoop.ipc.DefaultRpcScheduler, ipcBackoff: false.
2019-09-24 11:41:15,216 [Socket Reader #1 for port 37028] INFO  ipc.Server (Server.java:run(1074)) - Starting Socket Reader #1 for port 37028
2019-09-24 11:41:15,228 [main] INFO  ipc.CallQueueManager (CallQueueManager.java:<init>(84)) - Using callQueue: class java.util.concurrent.LinkedBlockingQueue, queueCapacity: 2000, scheduler: class org.apache.hadoop.ipc.DefaultRpcScheduler, ipcBackoff: false.
2019-09-24 11:41:15,229 [Socket Reader #1 for port 41772] INFO  ipc.Server (Server.java:run(1074)) - Starting Socket Reader #1 for port 41772
2019-09-24 11:41:15,231 [main] INFO  ipc.CallQueueManager (CallQueueManager.java:<init>(84)) - Using callQueue: class java.util.concurrent.LinkedBlockingQueue, queueCapacity: 2000, scheduler: class org.apache.hadoop.ipc.DefaultRpcScheduler, ipcBackoff: false.
2019-09-24 11:41:15,232 [Socket Reader #1 for port 35597] INFO  ipc.Server (Server.java:run(1074)) - Starting Socket Reader #1 for port 35597
2019-09-24 11:41:15,235 [main] INFO  hdfs.DFSUtil (DFSUtil.java:httpServerTemplateForNNAndJN(1641)) - Starting Web-server for scm at: http://0.0.0.0:0
2019-09-24 11:41:15,237 [main] INFO  server.AuthenticationFilter (AuthenticationFilter.java:constructSecretProvider(240)) - Unable to initialize FileSignerSecretProvider, falling back to use random secrets.
2019-09-24 11:41:15,237 [main] WARN  http.HttpRequestLog (HttpRequestLog.java:getRequestLog(97)) - Jetty request log can only be enabled using Log4j
2019-09-24 11:41:15,239 [main] INFO  http.HttpServer2 (HttpServer2.java:addGlobalFilter(975)) - Added global filter 'safety' (class=org.apache.hadoop.http.HttpServer2$QuotingInputFilter)
2019-09-24 11:41:15,240 [main] INFO  http.HttpServer2 (HttpServer2.java:addFilter(948)) - Added filter static_user_filter (class=org.apache.hadoop.http.lib.StaticUserWebFilter$StaticUserFilter) to context scm
2019-09-24 11:41:15,240 [main] INFO  http.HttpServer2 (HttpServer2.java:addFilter(958)) - Added filter static_user_filter (class=org.apache.hadoop.http.lib.StaticUserWebFilter$StaticUserFilter) to context static
2019-09-24 11:41:15,240 [main] INFO  http.HttpServer2 (HttpServer2.java:addFilter(958)) - Added filter static_user_filter (class=org.apache.hadoop.http.lib.StaticUserWebFilter$StaticUserFilter) to context logs
2019-09-24 11:41:15,241 [main] INFO  server.StorageContainerManager (StorageContainerManager.java:start(770)) - StorageContainerLocationProtocol RPC server is listening at /0.0.0.0:35597
2019-09-24 11:41:15,243 [main] WARN  impl.MetricsConfig (MetricsConfig.java:loadFirst(134)) - Cannot locate configuration: tried hadoop-metrics2-storagecontainermanager.properties,hadoop-metrics2.properties
2019-09-24 11:41:15,244 [main] INFO  impl.MetricsSystemImpl (MetricsSystemImpl.java:startTimer(374)) - Scheduled Metric snapshot period at 10 second(s).
2019-09-24 11:41:15,244 [main] INFO  impl.MetricsSystemImpl (MetricsSystemImpl.java:start(191)) - StorageContainerManager metrics system started
2019-09-24 11:41:15,338 [main] WARN  impl.MetricsSystemImpl (MetricsSystemImpl.java:register(276)) - Sink prometheus already exists!
2019-09-24 11:41:15,732 [main] INFO  server.SCMClientProtocolServer (SCMClientProtocolServer.java:start(151)) - RPC server for Client  is listening at /0.0.0.0:35597
2019-09-24 11:41:15,733 [IPC Server Responder] INFO  ipc.Server (Server.java:run(1314)) - IPC Server Responder: starting
2019-09-24 11:41:15,733 [IPC Server listener on 35597] INFO  ipc.Server (Server.java:run(1153)) - IPC Server listener on 35597: starting
2019-09-24 11:41:15,744 [main] INFO  server.StorageContainerManager (StorageContainerManager.java:start(780)) - ScmBlockLocationProtocol RPC server is listening at /0.0.0.0:41772
2019-09-24 11:41:15,745 [main] INFO  server.SCMBlockProtocolServer (SCMBlockProtocolServer.java:start(146)) - RPC server for Block Protocol is listening at /0.0.0.0:41772
2019-09-24 11:41:15,745 [IPC Server Responder] INFO  ipc.Server (Server.java:run(1314)) - IPC Server Responder: starting
2019-09-24 11:41:15,745 [IPC Server listener on 41772] INFO  ipc.Server (Server.java:run(1153)) - IPC Server listener on 41772: starting
2019-09-24 11:41:15,750 [main] INFO  server.StorageContainerManager (StorageContainerManager.java:start(784)) - ScmDatanodeProtocl RPC server is listening at /0.0.0.0:37028
2019-09-24 11:41:15,750 [main] INFO  server.SCMDatanodeProtocolServer (SCMDatanodeProtocolServer.java:start(191)) - RPC server for DataNodes is listening at /0.0.0.0:37028
2019-09-24 11:41:15,751 [IPC Server Responder] INFO  ipc.Server (Server.java:run(1314)) - IPC Server Responder: starting
2019-09-24 11:41:15,751 [IPC Server listener on 37028] INFO  ipc.Server (Server.java:run(1153)) - IPC Server listener on 37028: starting
2019-09-24 11:41:15,755 [main] INFO  http.HttpServer2 (HttpServer2.java:bindListener(1191)) - Jetty bound to port 39505
2019-09-24 11:41:15,755 [main] INFO  server.Server (Server.java:doStart(351)) - jetty-9.3.25.v20180904, build timestamp: 2018-09-04T21:11:46Z, git hash: 3ce520221d0240229c862b122d2b06c12a625732
2019-09-24 11:41:15,757 [main] INFO  handler.ContextHandler (ContextHandler.java:doStart(781)) - Started o.e.j.s.ServletContextHandler@fd413fb{/logs,file:///workdir/hadoop-ozone/integration-test/target/log,AVAILABLE}
2019-09-24 11:41:15,757 [main] INFO  handler.ContextHandler (ContextHandler.java:doStart(781)) - Started o.e.j.s.ServletContextHandler@6f6efa4f{/static,file:///workdir/hadoop-ozone/integration-test/target/test-classes/webapps/static,AVAILABLE}
2019-09-24 11:41:15,760 [main] INFO  handler.ContextHandler (ContextHandler.java:doStart(781)) - Started o.e.j.w.WebAppContext@1859ffda{/,file:///workdir/hadoop-ozone/integration-test/target/test-classes/webapps/scm/,AVAILABLE}{/scm}
2019-09-24 11:41:15,761 [main] INFO  server.AbstractConnector (AbstractConnector.java:doStart(278)) - Started ServerConnector@59838256{HTTP/1.1,[http/1.1]}{0.0.0.0:39505}
2019-09-24 11:41:15,763 [main] INFO  server.Server (Server.java:doStart(419)) - Started @322800ms
2019-09-24 11:41:15,764 [main] WARN  impl.MetricsSystemImpl (MetricsSystemImpl.java:register(276)) - Sink prometheus already exists!
2019-09-24 11:41:15,764 [main] INFO  server.BaseHttpServer (BaseHttpServer.java:updateConnectorAddress(215)) - HTTP server of SCM is listening at http://0.0.0.0:39505
2019-09-24 11:41:15,767 [main] WARN  server.ServerUtils (ServerUtils.java:getDBPath(222)) - ozone.om.db.dirs is not configured. We recommend adding this setting. Falling back to ozone.metadata.dirs instead.
2019-09-24 11:41:15,767 [org.apache.hadoop.util.JvmPauseMonitor$Monitor@5ae15] INFO  util.JvmPauseMonitor (JvmPauseMonitor.java:run(188)) - Starting JVM pause monitor
2019-09-24 11:41:15,778 [main] WARN  server.ServerUtils (ServerUtils.java:getDBPath(222)) - ozone.om.db.dirs is not configured. We recommend adding this setting. Falling back to ozone.metadata.dirs instead.
2019-09-24 11:41:15,778 [main] WARN  server.ServerUtils (ServerUtils.java:getDBPath(222)) - ozone.om.db.dirs is not configured. We recommend adding this setting. Falling back to ozone.metadata.dirs instead.
2019-09-24 11:41:15,779 [main] INFO  om.OzoneManager (OzoneManager.java:setOMNodeDetails(652)) - OM Service ID is not set. Setting it to the default ID: omServiceIdDefault
2019-09-24 11:41:15,779 [main] INFO  om.OzoneManager (OzoneManager.java:setOMNodeDetails(658)) - OM Node ID is not set. Setting it to the OmStorage's OmID: f5369a7d-d3af-4ce6-8bce-732635b1de55
2019-09-24 11:41:15,779 [main] INFO  om.OzoneManager (OzoneManager.java:loadOMHAConfigs(609)) - Found matching OM address with OMServiceId: null, OMNodeId: null, RPC Address: localhost:0 and Ratis port: 9872
2019-09-24 11:41:15,789 [main] WARN  server.ServerUtils (ServerUtils.java:getDBPath(222)) - ozone.om.db.dirs is not configured. We recommend adding this setting. Falling back to ozone.metadata.dirs instead.
2019-09-24 11:41:15,790 [main] INFO  db.DBStoreBuilder (DBStoreBuilder.java:addTable(110)) - using custom profile for table: userTable
2019-09-24 11:41:15,790 [main] INFO  db.DBStoreBuilder (DBStoreBuilder.java:processTables(161)) - Using default column profile:DBProfile.DISK for Table:userTable
2019-09-24 11:41:15,790 [main] INFO  db.DBStoreBuilder (DBStoreBuilder.java:addTable(110)) - using custom profile for table: volumeTable
2019-09-24 11:41:15,790 [main] INFO  db.DBStoreBuilder (DBStoreBuilder.java:processTables(161)) - Using default column profile:DBProfile.DISK for Table:volumeTable
2019-09-24 11:41:15,790 [main] INFO  db.DBStoreBuilder (DBStoreBuilder.java:addTable(110)) - using custom profile for table: bucketTable
2019-09-24 11:41:15,790 [main] INFO  db.DBStoreBuilder (DBStoreBuilder.java:processTables(161)) - Using default column profile:DBProfile.DISK for Table:bucketTable
2019-09-24 11:41:15,791 [main] INFO  db.DBStoreBuilder (DBStoreBuilder.java:addTable(110)) - using custom profile for table: keyTable
2019-09-24 11:41:15,791 [main] INFO  db.DBStoreBuilder (DBStoreBuilder.java:processTables(161)) - Using default column profile:DBProfile.DISK for Table:keyTable
2019-09-24 11:41:15,791 [main] INFO  db.DBStoreBuilder (DBStoreBuilder.java:addTable(110)) - using custom profile for table: deletedTable
2019-09-24 11:41:15,791 [main] INFO  db.DBStoreBuilder (DBStoreBuilder.java:processTables(161)) - Using default column profile:DBProfile.DISK for Table:deletedTable
2019-09-24 11:41:15,791 [main] INFO  db.DBStoreBuilder (DBStoreBuilder.java:addTable(110)) - using custom profile for table: openKeyTable
2019-09-24 11:41:15,791 [main] INFO  db.DBStoreBuilder (DBStoreBuilder.java:processTables(161)) - Using default column profile:DBProfile.DISK for Table:openKeyTable
2019-09-24 11:41:15,791 [main] INFO  db.DBStoreBuilder (DBStoreBuilder.java:addTable(110)) - using custom profile for table: s3Table
2019-09-24 11:41:15,792 [main] INFO  db.DBStoreBuilder (DBStoreBuilder.java:processTables(161)) - Using default column profile:DBProfile.DISK for Table:s3Table
2019-09-24 11:41:15,792 [main] INFO  db.DBStoreBuilder (DBStoreBuilder.java:addTable(110)) - using custom profile for table: multipartInfoTable
2019-09-24 11:41:15,792 [main] INFO  db.DBStoreBuilder (DBStoreBuilder.java:processTables(161)) - Using default column profile:DBProfile.DISK for Table:multipartInfoTable
2019-09-24 11:41:15,792 [main] INFO  db.DBStoreBuilder (DBStoreBuilder.java:addTable(110)) - using custom profile for table: dTokenTable
2019-09-24 11:41:15,792 [main] INFO  db.DBStoreBuilder (DBStoreBuilder.java:processTables(161)) - Using default column profile:DBProfile.DISK for Table:dTokenTable
2019-09-24 11:41:15,792 [main] INFO  db.DBStoreBuilder (DBStoreBuilder.java:addTable(110)) - using custom profile for table: s3SecretTable
2019-09-24 11:41:15,792 [main] INFO  db.DBStoreBuilder (DBStoreBuilder.java:processTables(161)) - Using default column profile:DBProfile.DISK for Table:s3SecretTable
2019-09-24 11:41:15,793 [main] INFO  db.DBStoreBuilder (DBStoreBuilder.java:addTable(110)) - using custom profile for table: prefixTable
2019-09-24 11:41:15,793 [main] INFO  db.DBStoreBuilder (DBStoreBuilder.java:processTables(161)) - Using default column profile:DBProfile.DISK for Table:prefixTable
2019-09-24 11:41:15,793 [main] INFO  db.DBStoreBuilder (DBStoreBuilder.java:addTable(110)) - using custom profile for table: default
2019-09-24 11:41:15,793 [main] INFO  db.DBStoreBuilder (DBStoreBuilder.java:processTables(167)) - Using default column profile:DBProfile.DISK for Table:default
2019-09-24 11:41:15,793 [main] INFO  db.DBStoreBuilder (DBStoreBuilder.java:getDbProfile(198)) - Using default options. DBProfile.DISK
2019-09-24 11:41:16,359 [main] INFO  ipc.CallQueueManager (CallQueueManager.java:<init>(84)) - Using callQueue: class java.util.concurrent.LinkedBlockingQueue, queueCapacity: 2000, scheduler: class org.apache.hadoop.ipc.DefaultRpcScheduler, ipcBackoff: false.
2019-09-24 11:41:16,360 [Socket Reader #1 for port 46504] INFO  ipc.Server (Server.java:run(1074)) - Starting Socket Reader #1 for port 46504
2019-09-24 11:41:16,381 [main] INFO  om.OzoneManager (OzoneManager.java:start(1243)) - OzoneManager RPC server is listening at localhost/127.0.0.1:46504
2019-09-24 11:41:16,381 [main] INFO  impl.MetricsSystemImpl (MetricsSystemImpl.java:init(158)) - OzoneManager metrics system started (again)
2019-09-24 11:41:16,382 [IPC Server Responder] INFO  ipc.Server (Server.java:run(1314)) - IPC Server Responder: starting
2019-09-24 11:41:16,382 [IPC Server listener on 46504] INFO  ipc.Server (Server.java:run(1153)) - IPC Server listener on 46504: starting
2019-09-24 11:41:16,391 [main] INFO  hdfs.DFSUtil (DFSUtil.java:httpServerTemplateForNNAndJN(1641)) - Starting Web-server for ozoneManager at: http://0.0.0.0:0
2019-09-24 11:41:16,393 [main] INFO  server.AuthenticationFilter (AuthenticationFilter.java:constructSecretProvider(240)) - Unable to initialize FileSignerSecretProvider, falling back to use random secrets.
2019-09-24 11:41:16,393 [main] WARN  http.HttpRequestLog (HttpRequestLog.java:getRequestLog(97)) - Jetty request log can only be enabled using Log4j
2019-09-24 11:41:16,395 [main] INFO  http.HttpServer2 (HttpServer2.java:addGlobalFilter(975)) - Added global filter 'safety' (class=org.apache.hadoop.http.HttpServer2$QuotingInputFilter)
2019-09-24 11:41:16,396 [main] INFO  http.HttpServer2 (HttpServer2.java:addFilter(948)) - Added filter static_user_filter (class=org.apache.hadoop.http.lib.StaticUserWebFilter$StaticUserFilter) to context ozoneManager
2019-09-24 11:41:16,396 [main] INFO  http.HttpServer2 (HttpServer2.java:addFilter(958)) - Added filter static_user_filter (class=org.apache.hadoop.http.lib.StaticUserWebFilter$StaticUserFilter) to context logs
2019-09-24 11:41:16,396 [main] INFO  http.HttpServer2 (HttpServer2.java:addFilter(958)) - Added filter static_user_filter (class=org.apache.hadoop.http.lib.StaticUserWebFilter$StaticUserFilter) to context static
2019-09-24 11:41:16,397 [main] INFO  http.HttpServer2 (HttpServer2.java:bindListener(1191)) - Jetty bound to port 32831
2019-09-24 11:41:16,398 [main] INFO  server.Server (Server.java:doStart(351)) - jetty-9.3.25.v20180904, build timestamp: 2018-09-04T21:11:46Z, git hash: 3ce520221d0240229c862b122d2b06c12a625732
2019-09-24 11:41:16,399 [main] INFO  handler.ContextHandler (ContextHandler.java:doStart(781)) - Started o.e.j.s.ServletContextHandler@31e739bf{/logs,file:///workdir/hadoop-ozone/integration-test/target/log,AVAILABLE}
2019-09-24 11:41:16,400 [main] INFO  handler.ContextHandler (ContextHandler.java:doStart(781)) - Started o.e.j.s.ServletContextHandler@7e7743ec{/static,file:///workdir/hadoop-ozone/integration-test/target/test-classes/webapps/static,AVAILABLE}
2019-09-24 11:41:16,405 [main] INFO  handler.ContextHandler (ContextHandler.java:doStart(781)) - Started o.e.j.w.WebAppContext@202d9236{/,file:///workdir/hadoop-ozone/integration-test/target/test-classes/webapps/ozoneManager/,AVAILABLE}{/ozoneManager}
2019-09-24 11:41:16,406 [main] INFO  server.AbstractConnector (AbstractConnector.java:doStart(278)) - Started ServerConnector@1f782c05{HTTP/1.1,[http/1.1]}{0.0.0.0:32831}
2019-09-24 11:41:16,409 [main] INFO  server.Server (Server.java:doStart(419)) - Started @323446ms
2019-09-24 11:41:16,409 [main] WARN  impl.MetricsSystemImpl (MetricsSystemImpl.java:register(276)) - Sink prometheus already exists!
2019-09-24 11:41:16,410 [main] INFO  server.BaseHttpServer (BaseHttpServer.java:updateConnectorAddress(215)) - HTTP server of OZONEMANAGER is listening at http://0.0.0.0:32831
2019-09-24 11:41:16,426 [main] INFO  impl.MetricsSystemImpl (MetricsSystemImpl.java:init(158)) - HddsDatanode metrics system started (again)
2019-09-24 11:41:16,446 [main] INFO  ozone.HddsDatanodeService (HddsDatanodeService.java:start(184)) - HddsDatanodeService host:pr-hdds-2166-cfpzp-170641675 ip:192.168.36.75
2019-09-24 11:41:16,456 [main] INFO  volume.HddsVolume (HddsVolume.java:<init>(176)) - Creating Volume: /workdir/hadoop-ozone/integration-test/target/test-dir/MiniOzoneClusterImpl-5d0df7c9-a72d-48a6-8b02-28236aa5d78e/datanode-0/data/containers/hdds of  storage type : DISK and capacity : 1482555576320
2019-09-24 11:41:16,456 [main] INFO  volume.VolumeSet (VolumeSet.java:initializeVolumeSet(170)) - Added Volume : /workdir/hadoop-ozone/integration-test/target/test-dir/MiniOzoneClusterImpl-5d0df7c9-a72d-48a6-8b02-28236aa5d78e/datanode-0/data/containers/hdds to VolumeSet
2019-09-24 11:41:16,457 [main] INFO  volume.ThrottledAsyncChecker (ThrottledAsyncChecker.java:schedule(139)) - Scheduling a check for org.apache.hadoop.ozone.container.common.volume.HddsVolume@ee21292
2019-09-24 11:41:16,457 [main] INFO  volume.HddsVolumeChecker (HddsVolumeChecker.java:checkAllVolumes(202)) - Scheduled health check for volume org.apache.hadoop.ozone.container.common.volume.HddsVolume@ee21292
2019-09-24 11:41:16,472 [main] INFO  impl.RaftServerProxy (ConfUtils.java:logGet(43)) - raft.rpc.type = GRPC (default)
2019-09-24 11:41:16,472 [main] INFO  grpc.GrpcFactory (GrpcFactory.java:checkPooledByteBufAllocatorUseCacheForAllThreads(45)) - PERFORMANCE WARNING: useCacheForAllThreads is true that may cause Netty to create a lot garbage objects and, as a result, trigger GC.
	It is recommended to disable useCacheForAllThreads by setting -Dorg.apache.ratis.thirdparty.io.netty.allocator.useCacheForAllThreads=false in command line.
2019-09-24 11:41:16,472 [main] INFO  grpc.GrpcConfigKeys$Server (ConfUtils.java:logGet(43)) - raft.grpc.server.port = 0 (default)
2019-09-24 11:41:16,473 [main] INFO  server.GrpcService (ConfUtils.java:logGet(43)) - raft.grpc.message.size.max = 33570816 (custom)
2019-09-24 11:41:16,473 [main] INFO  server.RaftServerConfigKeys (ConfUtils.java:logGet(43)) - raft.server.log.appender.buffer.byte-limit = 33554432 (custom)
2019-09-24 11:41:16,473 [main] INFO  server.GrpcService (ConfUtils.java:logGet(43)) - raft.grpc.flow.control.window = 1MB (=1048576) (default)
2019-09-24 11:41:16,473 [main] INFO  server.RaftServerConfigKeys (ConfUtils.java:logGet(43)) - raft.server.rpc.request.timeout = 3000ms (default)
2019-09-24 11:41:16,474 [main] INFO  server.RaftServerConfigKeys (ConfUtils.java:logGet(43)) - raft.server.storage.dir = [/workdir/hadoop-ozone/integration-test/target/test-dir/MiniOzoneClusterImpl-5d0df7c9-a72d-48a6-8b02-28236aa5d78e/datanode-0/data/ratis] (custom)
2019-09-24 11:41:16,475 [main] INFO  hdfs.DFSUtil (DFSUtil.java:httpServerTemplateForNNAndJN(1641)) - Starting Web-server for hddsDatanode at: http://0.0.0.0:0
2019-09-24 11:41:16,477 [main] INFO  server.AuthenticationFilter (AuthenticationFilter.java:constructSecretProvider(240)) - Unable to initialize FileSignerSecretProvider, falling back to use random secrets.
2019-09-24 11:41:16,477 [main] WARN  http.HttpRequestLog (HttpRequestLog.java:getRequestLog(97)) - Jetty request log can only be enabled using Log4j
2019-09-24 11:41:16,479 [main] INFO  http.HttpServer2 (HttpServer2.java:addGlobalFilter(975)) - Added global filter 'safety' (class=org.apache.hadoop.http.HttpServer2$QuotingInputFilter)
2019-09-24 11:41:16,479 [main] INFO  http.HttpServer2 (HttpServer2.java:addFilter(948)) - Added filter static_user_filter (class=org.apache.hadoop.http.lib.StaticUserWebFilter$StaticUserFilter) to context hddsDatanode
2019-09-24 11:41:16,480 [main] INFO  http.HttpServer2 (HttpServer2.java:addFilter(958)) - Added filter static_user_filter (class=org.apache.hadoop.http.lib.StaticUserWebFilter$StaticUserFilter) to context static
2019-09-24 11:41:16,480 [main] INFO  http.HttpServer2 (HttpServer2.java:addFilter(958)) - Added filter static_user_filter (class=org.apache.hadoop.http.lib.StaticUserWebFilter$StaticUserFilter) to context logs
2019-09-24 11:41:16,480 [main] INFO  http.HttpServer2 (HttpServer2.java:bindListener(1191)) - Jetty bound to port 34541
2019-09-24 11:41:16,480 [main] INFO  server.Server (Server.java:doStart(351)) - jetty-9.3.25.v20180904, build timestamp: 2018-09-04T21:11:46Z, git hash: 3ce520221d0240229c862b122d2b06c12a625732
2019-09-24 11:41:16,482 [main] INFO  handler.ContextHandler (ContextHandler.java:doStart(781)) - Started o.e.j.s.ServletContextHandler@4d93f75b{/logs,file:///workdir/hadoop-ozone/integration-test/target/log,AVAILABLE}
2019-09-24 11:41:16,482 [main] INFO  handler.ContextHandler (ContextHandler.java:doStart(781)) - Started o.e.j.s.ServletContextHandler@4f281aaf{/static,jar:file:/home/user/.m2/repository/org/apache/hadoop/hadoop-hdds-container-service/0.5.0-SNAPSHOT/hadoop-hdds-container-service-0.5.0-SNAPSHOT.jar!/webapps/static,AVAILABLE}
2019-09-24 11:41:16,509 [main] INFO  handler.ContextHandler (ContextHandler.java:doStart(781)) - Started o.e.j.w.WebAppContext@778a1250{/,file:///tmp/jetty-0.0.0.0-34541-hddsDatanode-_-any-3741979885842261991.dir/webapp/,AVAILABLE}{/hddsDatanode}
2019-09-24 11:41:16,510 [main] INFO  server.AbstractConnector (AbstractConnector.java:doStart(278)) - Started ServerConnector@55acec99{HTTP/1.1,[http/1.1]}{0.0.0.0:34541}
2019-09-24 11:41:16,513 [main] INFO  server.Server (Server.java:doStart(419)) - Started @323550ms
2019-09-24 11:41:16,513 [main] WARN  impl.MetricsSystemImpl (MetricsSystemImpl.java:register(276)) - Sink prometheus already exists!
2019-09-24 11:41:16,514 [main] INFO  server.BaseHttpServer (BaseHttpServer.java:updateConnectorAddress(215)) - HTTP server of HDDSDATANODE is listening at http://0.0.0.0:34541
2019-09-24 11:41:16,514 [main] INFO  impl.MetricsSystemImpl (MetricsSystemImpl.java:init(158)) - HddsDatanode metrics system started (again)
2019-09-24 11:41:16,534 [org.apache.hadoop.util.JvmPauseMonitor$Monitor@63d2b9cc] INFO  util.JvmPauseMonitor (JvmPauseMonitor.java:run(188)) - Starting JVM pause monitor
2019-09-24 11:41:16,536 [Datanode State Machine Thread - 0] INFO  datanode.InitDatanodeState (InitDatanodeState.java:persistContainerDatanodeDetails(140)) - DatanodeDetails is persisted to /workdir/hadoop-ozone/integration-test/target/test-dir/MiniOzoneClusterImpl-5d0df7c9-a72d-48a6-8b02-28236aa5d78e/datanode-0/meta/datanode.id
2019-09-24 11:41:16,536 [main] INFO  ozone.HddsDatanodeService (HddsDatanodeService.java:start(184)) - HddsDatanodeService host:pr-hdds-2166-cfpzp-170641675 ip:192.168.36.75
2019-09-24 11:41:16,637 [main] INFO  volume.HddsVolume (HddsVolume.java:<init>(176)) - Creating Volume: /workdir/hadoop-ozone/integration-test/target/test-dir/MiniOzoneClusterImpl-5d0df7c9-a72d-48a6-8b02-28236aa5d78e/datanode-1/data/containers/hdds of  storage type : DISK and capacity : 1482555576320
2019-09-24 11:41:16,638 [main] INFO  volume.VolumeSet (VolumeSet.java:initializeVolumeSet(170)) - Added Volume : /workdir/hadoop-ozone/integration-test/target/test-dir/MiniOzoneClusterImpl-5d0df7c9-a72d-48a6-8b02-28236aa5d78e/datanode-1/data/containers/hdds to VolumeSet
2019-09-24 11:41:16,638 [main] INFO  volume.ThrottledAsyncChecker (ThrottledAsyncChecker.java:schedule(139)) - Scheduling a check for org.apache.hadoop.ozone.container.common.volume.HddsVolume@16d07cf3
2019-09-24 11:41:16,639 [main] INFO  volume.HddsVolumeChecker (HddsVolumeChecker.java:checkAllVolumes(202)) - Scheduled health check for volume org.apache.hadoop.ozone.container.common.volume.HddsVolume@16d07cf3
2019-09-24 11:41:16,653 [main] INFO  impl.RaftServerProxy (ConfUtils.java:logGet(43)) - raft.rpc.type = GRPC (default)
2019-09-24 11:41:16,654 [main] INFO  grpc.GrpcFactory (GrpcFactory.java:checkPooledByteBufAllocatorUseCacheForAllThreads(45)) - PERFORMANCE WARNING: useCacheForAllThreads is true that may cause Netty to create a lot garbage objects and, as a result, trigger GC.
	It is recommended to disable useCacheForAllThreads by setting -Dorg.apache.ratis.thirdparty.io.netty.allocator.useCacheForAllThreads=false in command line.
2019-09-24 11:41:16,654 [main] INFO  grpc.GrpcConfigKeys$Server (ConfUtils.java:logGet(43)) - raft.grpc.server.port = 0 (default)
2019-09-24 11:41:16,654 [main] INFO  server.GrpcService (ConfUtils.java:logGet(43)) - raft.grpc.message.size.max = 33570816 (custom)
2019-09-24 11:41:16,654 [main] INFO  server.RaftServerConfigKeys (ConfUtils.java:logGet(43)) - raft.server.log.appender.buffer.byte-limit = 33554432 (custom)
2019-09-24 11:41:16,654 [main] INFO  server.GrpcService (ConfUtils.java:logGet(43)) - raft.grpc.flow.control.window = 1MB (=1048576) (default)
2019-09-24 11:41:16,655 [main] INFO  server.RaftServerConfigKeys (ConfUtils.java:logGet(43)) - raft.server.rpc.request.timeout = 3000ms (default)
2019-09-24 11:41:16,655 [main] INFO  server.RaftServerConfigKeys (ConfUtils.java:logGet(43)) - raft.server.storage.dir = [/workdir/hadoop-ozone/integration-test/target/test-dir/MiniOzoneClusterImpl-5d0df7c9-a72d-48a6-8b02-28236aa5d78e/datanode-1/data/ratis] (custom)
2019-09-24 11:41:16,657 [main] INFO  hdfs.DFSUtil (DFSUtil.java:httpServerTemplateForNNAndJN(1641)) - Starting Web-server for hddsDatanode at: http://0.0.0.0:0
2019-09-24 11:41:16,658 [main] INFO  server.AuthenticationFilter (AuthenticationFilter.java:constructSecretProvider(240)) - Unable to initialize FileSignerSecretProvider, falling back to use random secrets.
2019-09-24 11:41:16,658 [main] WARN  http.HttpRequestLog (HttpRequestLog.java:getRequestLog(97)) - Jetty request log can only be enabled using Log4j
2019-09-24 11:41:16,659 [main] INFO  http.HttpServer2 (HttpServer2.java:addGlobalFilter(975)) - Added global filter 'safety' (class=org.apache.hadoop.http.HttpServer2$QuotingInputFilter)
2019-09-24 11:41:16,660 [main] INFO  http.HttpServer2 (HttpServer2.java:addFilter(948)) - Added filter static_user_filter (class=org.apache.hadoop.http.lib.StaticUserWebFilter$StaticUserFilter) to context hddsDatanode
2019-09-24 11:41:16,660 [main] INFO  http.HttpServer2 (HttpServer2.java:addFilter(958)) - Added filter static_user_filter (class=org.apache.hadoop.http.lib.StaticUserWebFilter$StaticUserFilter) to context static
2019-09-24 11:41:16,660 [main] INFO  http.HttpServer2 (HttpServer2.java:addFilter(958)) - Added filter static_user_filter (class=org.apache.hadoop.http.lib.StaticUserWebFilter$StaticUserFilter) to context logs
2019-09-24 11:41:16,661 [main] INFO  http.HttpServer2 (HttpServer2.java:bindListener(1191)) - Jetty bound to port 42556
2019-09-24 11:41:16,661 [main] INFO  server.Server (Server.java:doStart(351)) - jetty-9.3.25.v20180904, build timestamp: 2018-09-04T21:11:46Z, git hash: 3ce520221d0240229c862b122d2b06c12a625732
2019-09-24 11:41:16,662 [main] INFO  handler.ContextHandler (ContextHandler.java:doStart(781)) - Started o.e.j.s.ServletContextHandler@8e25d3f{/logs,file:///workdir/hadoop-ozone/integration-test/target/log,AVAILABLE}
2019-09-24 11:41:16,663 [main] INFO  handler.ContextHandler (ContextHandler.java:doStart(781)) - Started o.e.j.s.ServletContextHandler@79b18230{/static,jar:file:/home/user/.m2/repository/org/apache/hadoop/hadoop-hdds-container-service/0.5.0-SNAPSHOT/hadoop-hdds-container-service-0.5.0-SNAPSHOT.jar!/webapps/static,AVAILABLE}
2019-09-24 11:41:16,688 [main] INFO  handler.ContextHandler (ContextHandler.java:doStart(781)) - Started o.e.j.w.WebAppContext@39b626e5{/,file:///tmp/jetty-0.0.0.0-42556-hddsDatanode-_-any-2022061165098192319.dir/webapp/,AVAILABLE}{/hddsDatanode}
2019-09-24 11:41:16,688 [main] INFO  server.AbstractConnector (AbstractConnector.java:doStart(278)) - Started ServerConnector@32a4ecbe{HTTP/1.1,[http/1.1]}{0.0.0.0:42556}
2019-09-24 11:41:16,691 [main] INFO  server.Server (Server.java:doStart(419)) - Started @323728ms
2019-09-24 11:41:16,691 [main] WARN  impl.MetricsSystemImpl (MetricsSystemImpl.java:register(276)) - Sink prometheus already exists!
2019-09-24 11:41:16,692 [main] INFO  server.BaseHttpServer (BaseHttpServer.java:updateConnectorAddress(215)) - HTTP server of HDDSDATANODE is listening at http://0.0.0.0:42556
2019-09-24 11:41:16,692 [main] INFO  impl.MetricsSystemImpl (MetricsSystemImpl.java:init(158)) - HddsDatanode metrics system started (again)
2019-09-24 11:41:16,711 [org.apache.hadoop.util.JvmPauseMonitor$Monitor@1ed2ccc2] INFO  util.JvmPauseMonitor (JvmPauseMonitor.java:run(188)) - Starting JVM pause monitor
2019-09-24 11:41:16,712 [Datanode State Machine Thread - 0] INFO  datanode.InitDatanodeState (InitDatanodeState.java:persistContainerDatanodeDetails(140)) - DatanodeDetails is persisted to /workdir/hadoop-ozone/integration-test/target/test-dir/MiniOzoneClusterImpl-5d0df7c9-a72d-48a6-8b02-28236aa5d78e/datanode-1/meta/datanode.id
2019-09-24 11:41:16,713 [main] INFO  ozone.HddsDatanodeService (HddsDatanodeService.java:start(184)) - HddsDatanodeService host:pr-hdds-2166-cfpzp-170641675 ip:192.168.36.75
2019-09-24 11:41:16,721 [main] INFO  volume.HddsVolume (HddsVolume.java:<init>(176)) - Creating Volume: /workdir/hadoop-ozone/integration-test/target/test-dir/MiniOzoneClusterImpl-5d0df7c9-a72d-48a6-8b02-28236aa5d78e/datanode-2/data/containers/hdds of  storage type : DISK and capacity : 1482555576320
2019-09-24 11:41:16,721 [main] INFO  volume.VolumeSet (VolumeSet.java:initializeVolumeSet(170)) - Added Volume : /workdir/hadoop-ozone/integration-test/target/test-dir/MiniOzoneClusterImpl-5d0df7c9-a72d-48a6-8b02-28236aa5d78e/datanode-2/data/containers/hdds to VolumeSet
2019-09-24 11:41:16,722 [main] INFO  volume.ThrottledAsyncChecker (ThrottledAsyncChecker.java:schedule(139)) - Scheduling a check for org.apache.hadoop.ozone.container.common.volume.HddsVolume@21e45a6f
2019-09-24 11:41:16,722 [main] INFO  volume.HddsVolumeChecker (HddsVolumeChecker.java:checkAllVolumes(202)) - Scheduled health check for volume org.apache.hadoop.ozone.container.common.volume.HddsVolume@21e45a6f
2019-09-24 11:41:16,735 [main] INFO  impl.RaftServerProxy (ConfUtils.java:logGet(43)) - raft.rpc.type = GRPC (default)
2019-09-24 11:41:16,735 [main] INFO  grpc.GrpcFactory (GrpcFactory.java:checkPooledByteBufAllocatorUseCacheForAllThreads(45)) - PERFORMANCE WARNING: useCacheForAllThreads is true that may cause Netty to create a lot garbage objects and, as a result, trigger GC.
	It is recommended to disable useCacheForAllThreads by setting -Dorg.apache.ratis.thirdparty.io.netty.allocator.useCacheForAllThreads=false in command line.
2019-09-24 11:41:16,735 [main] INFO  grpc.GrpcConfigKeys$Server (ConfUtils.java:logGet(43)) - raft.grpc.server.port = 0 (default)
2019-09-24 11:41:16,735 [main] INFO  server.GrpcService (ConfUtils.java:logGet(43)) - raft.grpc.message.size.max = 33570816 (custom)
2019-09-24 11:41:16,735 [main] INFO  server.RaftServerConfigKeys (ConfUtils.java:logGet(43)) - raft.server.log.appender.buffer.byte-limit = 33554432 (custom)
2019-09-24 11:41:16,735 [main] INFO  server.GrpcService (ConfUtils.java:logGet(43)) - raft.grpc.flow.control.window = 1MB (=1048576) (default)
2019-09-24 11:41:16,736 [main] INFO  server.RaftServerConfigKeys (ConfUtils.java:logGet(43)) - raft.server.rpc.request.timeout = 3000ms (default)
2019-09-24 11:41:16,736 [main] INFO  server.RaftServerConfigKeys (ConfUtils.java:logGet(43)) - raft.server.storage.dir = [/workdir/hadoop-ozone/integration-test/target/test-dir/MiniOzoneClusterImpl-5d0df7c9-a72d-48a6-8b02-28236aa5d78e/datanode-2/data/ratis] (custom)
2019-09-24 11:41:16,737 [main] INFO  hdfs.DFSUtil (DFSUtil.java:httpServerTemplateForNNAndJN(1641)) - Starting Web-server for hddsDatanode at: http://0.0.0.0:0
2019-09-24 11:41:16,738 [main] INFO  server.AuthenticationFilter (AuthenticationFilter.java:constructSecretProvider(240)) - Unable to initialize FileSignerSecretProvider, falling back to use random secrets.
2019-09-24 11:41:16,739 [main] WARN  http.HttpRequestLog (HttpRequestLog.java:getRequestLog(97)) - Jetty request log can only be enabled using Log4j
2019-09-24 11:41:16,740 [main] INFO  http.HttpServer2 (HttpServer2.java:addGlobalFilter(975)) - Added global filter 'safety' (class=org.apache.hadoop.http.HttpServer2$QuotingInputFilter)
2019-09-24 11:41:16,740 [main] INFO  http.HttpServer2 (HttpServer2.java:addFilter(948)) - Added filter static_user_filter (class=org.apache.hadoop.http.lib.StaticUserWebFilter$StaticUserFilter) to context hddsDatanode
2019-09-24 11:41:16,740 [main] INFO  http.HttpServer2 (HttpServer2.java:addFilter(958)) - Added filter static_user_filter (class=org.apache.hadoop.http.lib.StaticUserWebFilter$StaticUserFilter) to context logs
2019-09-24 11:41:16,741 [main] INFO  http.HttpServer2 (HttpServer2.java:addFilter(958)) - Added filter static_user_filter (class=org.apache.hadoop.http.lib.StaticUserWebFilter$StaticUserFilter) to context static
2019-09-24 11:41:16,741 [main] INFO  http.HttpServer2 (HttpServer2.java:bindListener(1191)) - Jetty bound to port 44560
2019-09-24 11:41:16,741 [main] INFO  server.Server (Server.java:doStart(351)) - jetty-9.3.25.v20180904, build timestamp: 2018-09-04T21:11:46Z, git hash: 3ce520221d0240229c862b122d2b06c12a625732
2019-09-24 11:41:16,742 [main] INFO  handler.ContextHandler (ContextHandler.java:doStart(781)) - Started o.e.j.s.ServletContextHandler@6f9ab79d{/logs,file:///workdir/hadoop-ozone/integration-test/target/log,AVAILABLE}
2019-09-24 11:41:16,743 [main] INFO  handler.ContextHandler (ContextHandler.java:doStart(781)) - Started o.e.j.s.ServletContextHandler@10a18e3e{/static,jar:file:/home/user/.m2/repository/org/apache/hadoop/hadoop-hdds-container-service/0.5.0-SNAPSHOT/hadoop-hdds-container-service-0.5.0-SNAPSHOT.jar!/webapps/static,AVAILABLE}
2019-09-24 11:41:16,768 [main] INFO  handler.ContextHandler (ContextHandler.java:doStart(781)) - Started o.e.j.w.WebAppContext@1d6751e3{/,file:///tmp/jetty-0.0.0.0-44560-hddsDatanode-_-any-6432919368332500245.dir/webapp/,AVAILABLE}{/hddsDatanode}
2019-09-24 11:41:16,769 [main] INFO  server.AbstractConnector (AbstractConnector.java:doStart(278)) - Started ServerConnector@2d258eff{HTTP/1.1,[http/1.1]}{0.0.0.0:44560}
2019-09-24 11:41:16,772 [main] INFO  server.Server (Server.java:doStart(419)) - Started @323809ms
2019-09-24 11:41:16,772 [main] WARN  impl.MetricsSystemImpl (MetricsSystemImpl.java:register(276)) - Sink prometheus already exists!
2019-09-24 11:41:16,773 [main] INFO  server.BaseHttpServer (BaseHttpServer.java:updateConnectorAddress(215)) - HTTP server of HDDSDATANODE is listening at http://0.0.0.0:44560
2019-09-24 11:41:16,773 [main] INFO  impl.MetricsSystemImpl (MetricsSystemImpl.java:init(158)) - HddsDatanode metrics system started (again)
2019-09-24 11:41:16,793 [org.apache.hadoop.util.JvmPauseMonitor$Monitor@58b9fb1e] INFO  util.JvmPauseMonitor (JvmPauseMonitor.java:run(188)) - Starting JVM pause monitor
2019-09-24 11:41:16,795 [Datanode State Machine Thread - 0] INFO  datanode.InitDatanodeState (InitDatanodeState.java:persistContainerDatanodeDetails(140)) - DatanodeDetails is persisted to /workdir/hadoop-ozone/integration-test/target/test-dir/MiniOzoneClusterImpl-5d0df7c9-a72d-48a6-8b02-28236aa5d78e/datanode-2/meta/datanode.id
2019-09-24 11:41:16,795 [main] INFO  ozone.HddsDatanodeService (HddsDatanodeService.java:start(184)) - HddsDatanodeService host:pr-hdds-2166-cfpzp-170641675 ip:192.168.36.75
2019-09-24 11:41:16,802 [main] INFO  volume.HddsVolume (HddsVolume.java:<init>(176)) - Creating Volume: /workdir/hadoop-ozone/integration-test/target/test-dir/MiniOzoneClusterImpl-5d0df7c9-a72d-48a6-8b02-28236aa5d78e/datanode-3/data/containers/hdds of  storage type : DISK and capacity : 1482555576320
2019-09-24 11:41:16,803 [main] INFO  volume.VolumeSet (VolumeSet.java:initializeVolumeSet(170)) - Added Volume : /workdir/hadoop-ozone/integration-test/target/test-dir/MiniOzoneClusterImpl-5d0df7c9-a72d-48a6-8b02-28236aa5d78e/datanode-3/data/containers/hdds to VolumeSet
2019-09-24 11:41:16,803 [main] INFO  volume.ThrottledAsyncChecker (ThrottledAsyncChecker.java:schedule(139)) - Scheduling a check for org.apache.hadoop.ozone.container.common.volume.HddsVolume@79a201cf
2019-09-24 11:41:16,803 [main] INFO  volume.HddsVolumeChecker (HddsVolumeChecker.java:checkAllVolumes(202)) - Scheduled health check for volume org.apache.hadoop.ozone.container.common.volume.HddsVolume@79a201cf
2019-09-24 11:41:16,816 [main] INFO  impl.RaftServerProxy (ConfUtils.java:logGet(43)) - raft.rpc.type = GRPC (default)
2019-09-24 11:41:16,816 [main] INFO  grpc.GrpcFactory (GrpcFactory.java:checkPooledByteBufAllocatorUseCacheForAllThreads(45)) - PERFORMANCE WARNING: useCacheForAllThreads is true that may cause Netty to create a lot garbage objects and, as a result, trigger GC.
	It is recommended to disable useCacheForAllThreads by setting -Dorg.apache.ratis.thirdparty.io.netty.allocator.useCacheForAllThreads=false in command line.
2019-09-24 11:41:16,816 [main] INFO  grpc.GrpcConfigKeys$Server (ConfUtils.java:logGet(43)) - raft.grpc.server.port = 0 (default)
2019-09-24 11:41:16,817 [main] INFO  server.GrpcService (ConfUtils.java:logGet(43)) - raft.grpc.message.size.max = 33570816 (custom)
2019-09-24 11:41:16,817 [main] INFO  server.RaftServerConfigKeys (ConfUtils.java:logGet(43)) - raft.server.log.appender.buffer.byte-limit = 33554432 (custom)
2019-09-24 11:41:16,817 [main] INFO  server.GrpcService (ConfUtils.java:logGet(43)) - raft.grpc.flow.control.window = 1MB (=1048576) (default)
2019-09-24 11:41:16,817 [main] INFO  server.RaftServerConfigKeys (ConfUtils.java:logGet(43)) - raft.server.rpc.request.timeout = 3000ms (default)
2019-09-24 11:41:16,817 [main] INFO  server.RaftServerConfigKeys (ConfUtils.java:logGet(43)) - raft.server.storage.dir = [/workdir/hadoop-ozone/integration-test/target/test-dir/MiniOzoneClusterImpl-5d0df7c9-a72d-48a6-8b02-28236aa5d78e/datanode-3/data/ratis] (custom)
2019-09-24 11:41:16,819 [main] INFO  hdfs.DFSUtil (DFSUtil.java:httpServerTemplateForNNAndJN(1641)) - Starting Web-server for hddsDatanode at: http://0.0.0.0:0
2019-09-24 11:41:16,820 [main] INFO  server.AuthenticationFilter (AuthenticationFilter.java:constructSecretProvider(240)) - Unable to initialize FileSignerSecretProvider, falling back to use random secrets.
2019-09-24 11:41:16,820 [main] WARN  http.HttpRequestLog (HttpRequestLog.java:getRequestLog(97)) - Jetty request log can only be enabled using Log4j
2019-09-24 11:41:16,821 [main] INFO  http.HttpServer2 (HttpServer2.java:addGlobalFilter(975)) - Added global filter 'safety' (class=org.apache.hadoop.http.HttpServer2$QuotingInputFilter)
2019-09-24 11:41:16,822 [main] INFO  http.HttpServer2 (HttpServer2.java:addFilter(948)) - Added filter static_user_filter (class=org.apache.hadoop.http.lib.StaticUserWebFilter$StaticUserFilter) to context hddsDatanode
2019-09-24 11:41:16,822 [main] INFO  http.HttpServer2 (HttpServer2.java:addFilter(958)) - Added filter static_user_filter (class=org.apache.hadoop.http.lib.StaticUserWebFilter$StaticUserFilter) to context static
2019-09-24 11:41:16,822 [main] INFO  http.HttpServer2 (HttpServer2.java:addFilter(958)) - Added filter static_user_filter (class=org.apache.hadoop.http.lib.StaticUserWebFilter$StaticUserFilter) to context logs
2019-09-24 11:41:16,823 [main] INFO  http.HttpServer2 (HttpServer2.java:bindListener(1191)) - Jetty bound to port 44644
2019-09-24 11:41:16,823 [main] INFO  server.Server (Server.java:doStart(351)) - jetty-9.3.25.v20180904, build timestamp: 2018-09-04T21:11:46Z, git hash: 3ce520221d0240229c862b122d2b06c12a625732
2019-09-24 11:41:16,824 [main] INFO  handler.ContextHandler (ContextHandler.java:doStart(781)) - Started o.e.j.s.ServletContextHandler@d3e3085{/logs,file:///workdir/hadoop-ozone/integration-test/target/log,AVAILABLE}
2019-09-24 11:41:16,825 [main] INFO  handler.ContextHandler (ContextHandler.java:doStart(781)) - Started o.e.j.s.ServletContextHandler@285005b8{/static,jar:file:/home/user/.m2/repository/org/apache/hadoop/hadoop-hdds-container-service/0.5.0-SNAPSHOT/hadoop-hdds-container-service-0.5.0-SNAPSHOT.jar!/webapps/static,AVAILABLE}
2019-09-24 11:41:16,851 [main] INFO  handler.ContextHandler (ContextHandler.java:doStart(781)) - Started o.e.j.w.WebAppContext@681c0ae6{/,file:///tmp/jetty-0.0.0.0-44644-hddsDatanode-_-any-3277962052036225681.dir/webapp/,AVAILABLE}{/hddsDatanode}
2019-09-24 11:41:16,851 [main] INFO  server.AbstractConnector (AbstractConnector.java:doStart(278)) - Started ServerConnector@73ca34e7{HTTP/1.1,[http/1.1]}{0.0.0.0:44644}
2019-09-24 11:41:16,856 [main] INFO  server.Server (Server.java:doStart(419)) - Started @323893ms
2019-09-24 11:41:16,856 [main] WARN  impl.MetricsSystemImpl (MetricsSystemImpl.java:register(276)) - Sink prometheus already exists!
2019-09-24 11:41:16,857 [main] INFO  server.BaseHttpServer (BaseHttpServer.java:updateConnectorAddress(215)) - HTTP server of HDDSDATANODE is listening at http://0.0.0.0:44644
2019-09-24 11:41:16,857 [main] INFO  impl.MetricsSystemImpl (MetricsSystemImpl.java:init(158)) - HddsDatanode metrics system started (again)
2019-09-24 11:41:16,879 [org.apache.hadoop.util.JvmPauseMonitor$Monitor@5d112c3] INFO  util.JvmPauseMonitor (JvmPauseMonitor.java:run(188)) - Starting JVM pause monitor
2019-09-24 11:41:16,880 [Datanode State Machine Thread - 0] INFO  datanode.InitDatanodeState (InitDatanodeState.java:persistContainerDatanodeDetails(140)) - DatanodeDetails is persisted to /workdir/hadoop-ozone/integration-test/target/test-dir/MiniOzoneClusterImpl-5d0df7c9-a72d-48a6-8b02-28236aa5d78e/datanode-3/meta/datanode.id
2019-09-24 11:41:16,881 [main] INFO  ozone.HddsDatanodeService (HddsDatanodeService.java:start(184)) - HddsDatanodeService host:pr-hdds-2166-cfpzp-170641675 ip:192.168.36.75
2019-09-24 11:41:16,892 [main] INFO  volume.HddsVolume (HddsVolume.java:<init>(176)) - Creating Volume: /workdir/hadoop-ozone/integration-test/target/test-dir/MiniOzoneClusterImpl-5d0df7c9-a72d-48a6-8b02-28236aa5d78e/datanode-4/data/containers/hdds of  storage type : DISK and capacity : 1482555576320
2019-09-24 11:41:16,893 [main] INFO  volume.VolumeSet (VolumeSet.java:initializeVolumeSet(170)) - Added Volume : /workdir/hadoop-ozone/integration-test/target/test-dir/MiniOzoneClusterImpl-5d0df7c9-a72d-48a6-8b02-28236aa5d78e/datanode-4/data/containers/hdds to VolumeSet
2019-09-24 11:41:16,893 [main] INFO  volume.ThrottledAsyncChecker (ThrottledAsyncChecker.java:schedule(139)) - Scheduling a check for org.apache.hadoop.ozone.container.common.volume.HddsVolume@5f025000
2019-09-24 11:41:16,893 [main] INFO  volume.HddsVolumeChecker (HddsVolumeChecker.java:checkAllVolumes(202)) - Scheduled health check for volume org.apache.hadoop.ozone.container.common.volume.HddsVolume@5f025000
2019-09-24 11:41:16,910 [main] INFO  impl.RaftServerProxy (ConfUtils.java:logGet(43)) - raft.rpc.type = GRPC (default)
2019-09-24 11:41:16,910 [main] INFO  grpc.GrpcFactory (GrpcFactory.java:checkPooledByteBufAllocatorUseCacheForAllThreads(45)) - PERFORMANCE WARNING: useCacheForAllThreads is true that may cause Netty to create a lot garbage objects and, as a result, trigger GC.
	It is recommended to disable useCacheForAllThreads by setting -Dorg.apache.ratis.thirdparty.io.netty.allocator.useCacheForAllThreads=false in command line.
2019-09-24 11:41:16,910 [main] INFO  grpc.GrpcConfigKeys$Server (ConfUtils.java:logGet(43)) - raft.grpc.server.port = 0 (default)
2019-09-24 11:41:16,910 [main] INFO  server.GrpcService (ConfUtils.java:logGet(43)) - raft.grpc.message.size.max = 33570816 (custom)
2019-09-24 11:41:16,911 [main] INFO  server.RaftServerConfigKeys (ConfUtils.java:logGet(43)) - raft.server.log.appender.buffer.byte-limit = 33554432 (custom)
2019-09-24 11:41:16,911 [main] INFO  server.GrpcService (ConfUtils.java:logGet(43)) - raft.grpc.flow.control.window = 1MB (=1048576) (default)
2019-09-24 11:41:16,911 [main] INFO  server.RaftServerConfigKeys (ConfUtils.java:logGet(43)) - raft.server.rpc.request.timeout = 3000ms (default)
2019-09-24 11:41:16,911 [main] INFO  server.RaftServerConfigKeys (ConfUtils.java:logGet(43)) - raft.server.storage.dir = [/workdir/hadoop-ozone/integration-test/target/test-dir/MiniOzoneClusterImpl-5d0df7c9-a72d-48a6-8b02-28236aa5d78e/datanode-4/data/ratis] (custom)
2019-09-24 11:41:16,912 [main] INFO  hdfs.DFSUtil (DFSUtil.java:httpServerTemplateForNNAndJN(1641)) - Starting Web-server for hddsDatanode at: http://0.0.0.0:0
2019-09-24 11:41:16,914 [main] INFO  server.AuthenticationFilter (AuthenticationFilter.java:constructSecretProvider(240)) - Unable to initialize FileSignerSecretProvider, falling back to use random secrets.
2019-09-24 11:41:16,915 [main] WARN  http.HttpRequestLog (HttpRequestLog.java:getRequestLog(97)) - Jetty request log can only be enabled using Log4j
2019-09-24 11:41:16,916 [main] INFO  http.HttpServer2 (HttpServer2.java:addGlobalFilter(975)) - Added global filter 'safety' (class=org.apache.hadoop.http.HttpServer2$QuotingInputFilter)
2019-09-24 11:41:16,916 [main] INFO  http.HttpServer2 (HttpServer2.java:addFilter(948)) - Added filter static_user_filter (class=org.apache.hadoop.http.lib.StaticUserWebFilter$StaticUserFilter) to context hddsDatanode
2019-09-24 11:41:16,916 [main] INFO  http.HttpServer2 (HttpServer2.java:addFilter(958)) - Added filter static_user_filter (class=org.apache.hadoop.http.lib.StaticUserWebFilter$StaticUserFilter) to context logs
2019-09-24 11:41:16,917 [main] INFO  http.HttpServer2 (HttpServer2.java:addFilter(958)) - Added filter static_user_filter (class=org.apache.hadoop.http.lib.StaticUserWebFilter$StaticUserFilter) to context static
2019-09-24 11:41:16,917 [main] INFO  http.HttpServer2 (HttpServer2.java:bindListener(1191)) - Jetty bound to port 32861
2019-09-24 11:41:16,917 [main] INFO  server.Server (Server.java:doStart(351)) - jetty-9.3.25.v20180904, build timestamp: 2018-09-04T21:11:46Z, git hash: 3ce520221d0240229c862b122d2b06c12a625732
2019-09-24 11:41:16,919 [main] INFO  handler.ContextHandler (ContextHandler.java:doStart(781)) - Started o.e.j.s.ServletContextHandler@4971f459{/logs,file:///workdir/hadoop-ozone/integration-test/target/log,AVAILABLE}
2019-09-24 11:41:16,919 [main] INFO  handler.ContextHandler (ContextHandler.java:doStart(781)) - Started o.e.j.s.ServletContextHandler@2eada095{/static,jar:file:/home/user/.m2/repository/org/apache/hadoop/hadoop-hdds-container-service/0.5.0-SNAPSHOT/hadoop-hdds-container-service-0.5.0-SNAPSHOT.jar!/webapps/static,AVAILABLE}
2019-09-24 11:41:16,944 [main] INFO  handler.ContextHandler (ContextHandler.java:doStart(781)) - Started o.e.j.w.WebAppContext@88b76f2{/,file:///tmp/jetty-0.0.0.0-32861-hddsDatanode-_-any-5997673436690121556.dir/webapp/,AVAILABLE}{/hddsDatanode}
2019-09-24 11:41:16,944 [main] INFO  server.AbstractConnector (AbstractConnector.java:doStart(278)) - Started ServerConnector@1b4872bc{HTTP/1.1,[http/1.1]}{0.0.0.0:32861}
2019-09-24 11:41:16,950 [main] INFO  server.Server (Server.java:doStart(419)) - Started @323987ms
2019-09-24 11:41:16,950 [main] WARN  impl.MetricsSystemImpl (MetricsSystemImpl.java:register(276)) - Sink prometheus already exists!
2019-09-24 11:41:16,952 [main] INFO  server.BaseHttpServer (BaseHttpServer.java:updateConnectorAddress(215)) - HTTP server of HDDSDATANODE is listening at http://0.0.0.0:32861
2019-09-24 11:41:16,953 [main] INFO  impl.MetricsSystemImpl (MetricsSystemImpl.java:init(158)) - HddsDatanode metrics system started (again)
2019-09-24 11:41:16,975 [org.apache.hadoop.util.JvmPauseMonitor$Monitor@3cd3c142] INFO  util.JvmPauseMonitor (JvmPauseMonitor.java:run(188)) - Starting JVM pause monitor
2019-09-24 11:41:16,976 [Datanode State Machine Thread - 0] INFO  datanode.InitDatanodeState (InitDatanodeState.java:persistContainerDatanodeDetails(140)) - DatanodeDetails is persisted to /workdir/hadoop-ozone/integration-test/target/test-dir/MiniOzoneClusterImpl-5d0df7c9-a72d-48a6-8b02-28236aa5d78e/datanode-4/meta/datanode.id
2019-09-24 11:41:16,977 [main] INFO  ozone.HddsDatanodeService (HddsDatanodeService.java:start(184)) - HddsDatanodeService host:pr-hdds-2166-cfpzp-170641675 ip:192.168.36.75
2019-09-24 11:41:16,985 [main] INFO  volume.HddsVolume (HddsVolume.java:<init>(176)) - Creating Volume: /workdir/hadoop-ozone/integration-test/target/test-dir/MiniOzoneClusterImpl-5d0df7c9-a72d-48a6-8b02-28236aa5d78e/datanode-5/data/containers/hdds of  storage type : DISK and capacity : 1482555576320
2019-09-24 11:41:16,986 [main] INFO  volume.VolumeSet (VolumeSet.java:initializeVolumeSet(170)) - Added Volume : /workdir/hadoop-ozone/integration-test/target/test-dir/MiniOzoneClusterImpl-5d0df7c9-a72d-48a6-8b02-28236aa5d78e/datanode-5/data/containers/hdds to VolumeSet
2019-09-24 11:41:16,986 [main] INFO  volume.ThrottledAsyncChecker (ThrottledAsyncChecker.java:schedule(139)) - Scheduling a check for org.apache.hadoop.ozone.container.common.volume.HddsVolume@2c30c81d
2019-09-24 11:41:16,987 [main] INFO  volume.HddsVolumeChecker (HddsVolumeChecker.java:checkAllVolumes(202)) - Scheduled health check for volume org.apache.hadoop.ozone.container.common.volume.HddsVolume@2c30c81d
2019-09-24 11:41:17,004 [main] INFO  impl.RaftServerProxy (ConfUtils.java:logGet(43)) - raft.rpc.type = GRPC (default)
2019-09-24 11:41:17,004 [main] INFO  grpc.GrpcFactory (GrpcFactory.java:checkPooledByteBufAllocatorUseCacheForAllThreads(45)) - PERFORMANCE WARNING: useCacheForAllThreads is true that may cause Netty to create a lot garbage objects and, as a result, trigger GC.
	It is recommended to disable useCacheForAllThreads by setting -Dorg.apache.ratis.thirdparty.io.netty.allocator.useCacheForAllThreads=false in command line.
2019-09-24 11:41:17,005 [main] INFO  grpc.GrpcConfigKeys$Server (ConfUtils.java:logGet(43)) - raft.grpc.server.port = 0 (default)
2019-09-24 11:41:17,005 [main] INFO  server.GrpcService (ConfUtils.java:logGet(43)) - raft.grpc.message.size.max = 33570816 (custom)
2019-09-24 11:41:17,005 [main] INFO  server.RaftServerConfigKeys (ConfUtils.java:logGet(43)) - raft.server.log.appender.buffer.byte-limit = 33554432 (custom)
2019-09-24 11:41:17,006 [main] INFO  server.GrpcService (ConfUtils.java:logGet(43)) - raft.grpc.flow.control.window = 1MB (=1048576) (default)
2019-09-24 11:41:17,006 [main] INFO  server.RaftServerConfigKeys (ConfUtils.java:logGet(43)) - raft.server.rpc.request.timeout = 3000ms (default)
2019-09-24 11:41:17,007 [main] INFO  server.RaftServerConfigKeys (ConfUtils.java:logGet(43)) - raft.server.storage.dir = [/workdir/hadoop-ozone/integration-test/target/test-dir/MiniOzoneClusterImpl-5d0df7c9-a72d-48a6-8b02-28236aa5d78e/datanode-5/data/ratis] (custom)
2019-09-24 11:41:17,009 [main] INFO  hdfs.DFSUtil (DFSUtil.java:httpServerTemplateForNNAndJN(1641)) - Starting Web-server for hddsDatanode at: http://0.0.0.0:0
2019-09-24 11:41:17,010 [main] INFO  server.AuthenticationFilter (AuthenticationFilter.java:constructSecretProvider(240)) - Unable to initialize FileSignerSecretProvider, falling back to use random secrets.
2019-09-24 11:41:17,011 [main] WARN  http.HttpRequestLog (HttpRequestLog.java:getRequestLog(97)) - Jetty request log can only be enabled using Log4j
2019-09-24 11:41:17,013 [main] INFO  http.HttpServer2 (HttpServer2.java:addGlobalFilter(975)) - Added global filter 'safety' (class=org.apache.hadoop.http.HttpServer2$QuotingInputFilter)
2019-09-24 11:41:17,014 [main] INFO  http.HttpServer2 (HttpServer2.java:addFilter(948)) - Added filter static_user_filter (class=org.apache.hadoop.http.lib.StaticUserWebFilter$StaticUserFilter) to context hddsDatanode
2019-09-24 11:41:17,014 [main] INFO  http.HttpServer2 (HttpServer2.java:addFilter(958)) - Added filter static_user_filter (class=org.apache.hadoop.http.lib.StaticUserWebFilter$StaticUserFilter) to context static
2019-09-24 11:41:17,015 [main] INFO  http.HttpServer2 (HttpServer2.java:addFilter(958)) - Added filter static_user_filter (class=org.apache.hadoop.http.lib.StaticUserWebFilter$StaticUserFilter) to context logs
2019-09-24 11:41:17,015 [main] INFO  http.HttpServer2 (HttpServer2.java:bindListener(1191)) - Jetty bound to port 44590
2019-09-24 11:41:17,016 [main] INFO  server.Server (Server.java:doStart(351)) - jetty-9.3.25.v20180904, build timestamp: 2018-09-04T21:11:46Z, git hash: 3ce520221d0240229c862b122d2b06c12a625732
2019-09-24 11:41:17,017 [main] INFO  handler.ContextHandler (ContextHandler.java:doStart(781)) - Started o.e.j.s.ServletContextHandler@b6bccb4{/logs,file:///workdir/hadoop-ozone/integration-test/target/log,AVAILABLE}
2019-09-24 11:41:17,018 [main] INFO  handler.ContextHandler (ContextHandler.java:doStart(781)) - Started o.e.j.s.ServletContextHandler@59303963{/static,jar:file:/home/user/.m2/repository/org/apache/hadoop/hadoop-hdds-container-service/0.5.0-SNAPSHOT/hadoop-hdds-container-service-0.5.0-SNAPSHOT.jar!/webapps/static,AVAILABLE}
2019-09-24 11:41:17,046 [main] INFO  handler.ContextHandler (ContextHandler.java:doStart(781)) - Started o.e.j.w.WebAppContext@67d4c48d{/,file:///tmp/jetty-0.0.0.0-44590-hddsDatanode-_-any-9202746744315239614.dir/webapp/,AVAILABLE}{/hddsDatanode}
2019-09-24 11:41:17,047 [main] INFO  server.AbstractConnector (AbstractConnector.java:doStart(278)) - Started ServerConnector@230a73f2{HTTP/1.1,[http/1.1]}{0.0.0.0:44590}
2019-09-24 11:41:17,051 [main] INFO  server.Server (Server.java:doStart(419)) - Started @324088ms
2019-09-24 11:41:17,051 [main] WARN  impl.MetricsSystemImpl (MetricsSystemImpl.java:register(276)) - Sink prometheus already exists!
2019-09-24 11:41:17,052 [main] INFO  server.BaseHttpServer (BaseHttpServer.java:updateConnectorAddress(215)) - HTTP server of HDDSDATANODE is listening at http://0.0.0.0:44590
2019-09-24 11:41:17,053 [main] INFO  impl.MetricsSystemImpl (MetricsSystemImpl.java:init(158)) - HddsDatanode metrics system started (again)
2019-09-24 11:41:17,077 [org.apache.hadoop.util.JvmPauseMonitor$Monitor@4cd5e6a8] INFO  util.JvmPauseMonitor (JvmPauseMonitor.java:run(188)) - Starting JVM pause monitor
2019-09-24 11:41:17,079 [Datanode State Machine Thread - 0] INFO  datanode.InitDatanodeState (InitDatanodeState.java:persistContainerDatanodeDetails(140)) - DatanodeDetails is persisted to /workdir/hadoop-ozone/integration-test/target/test-dir/MiniOzoneClusterImpl-5d0df7c9-a72d-48a6-8b02-28236aa5d78e/datanode-5/meta/datanode.id
2019-09-24 11:41:17,080 [main] INFO  ozone.HddsDatanodeService (HddsDatanodeService.java:start(184)) - HddsDatanodeService host:pr-hdds-2166-cfpzp-170641675 ip:192.168.36.75
2019-09-24 11:41:17,107 [main] INFO  volume.HddsVolume (HddsVolume.java:<init>(176)) - Creating Volume: /workdir/hadoop-ozone/integration-test/target/test-dir/MiniOzoneClusterImpl-5d0df7c9-a72d-48a6-8b02-28236aa5d78e/datanode-6/data/containers/hdds of  storage type : DISK and capacity : 1482555576320
2019-09-24 11:41:17,107 [main] INFO  volume.VolumeSet (VolumeSet.java:initializeVolumeSet(170)) - Added Volume : /workdir/hadoop-ozone/integration-test/target/test-dir/MiniOzoneClusterImpl-5d0df7c9-a72d-48a6-8b02-28236aa5d78e/datanode-6/data/containers/hdds to VolumeSet
2019-09-24 11:41:17,107 [main] INFO  volume.ThrottledAsyncChecker (ThrottledAsyncChecker.java:schedule(139)) - Scheduling a check for org.apache.hadoop.ozone.container.common.volume.HddsVolume@25a1a012
2019-09-24 11:41:17,107 [main] INFO  volume.HddsVolumeChecker (HddsVolumeChecker.java:checkAllVolumes(202)) - Scheduled health check for volume org.apache.hadoop.ozone.container.common.volume.HddsVolume@25a1a012
2019-09-24 11:41:17,122 [main] INFO  impl.RaftServerProxy (ConfUtils.java:logGet(43)) - raft.rpc.type = GRPC (default)
2019-09-24 11:41:17,122 [main] INFO  grpc.GrpcFactory (GrpcFactory.java:checkPooledByteBufAllocatorUseCacheForAllThreads(45)) - PERFORMANCE WARNING: useCacheForAllThreads is true that may cause Netty to create a lot garbage objects and, as a result, trigger GC.
	It is recommended to disable useCacheForAllThreads by setting -Dorg.apache.ratis.thirdparty.io.netty.allocator.useCacheForAllThreads=false in command line.
2019-09-24 11:41:17,122 [main] INFO  grpc.GrpcConfigKeys$Server (ConfUtils.java:logGet(43)) - raft.grpc.server.port = 0 (default)
2019-09-24 11:41:17,123 [main] INFO  server.GrpcService (ConfUtils.java:logGet(43)) - raft.grpc.message.size.max = 33570816 (custom)
2019-09-24 11:41:17,123 [main] INFO  server.RaftServerConfigKeys (ConfUtils.java:logGet(43)) - raft.server.log.appender.buffer.byte-limit = 33554432 (custom)
2019-09-24 11:41:17,123 [main] INFO  server.GrpcService (ConfUtils.java:logGet(43)) - raft.grpc.flow.control.window = 1MB (=1048576) (default)
2019-09-24 11:41:17,123 [main] INFO  server.RaftServerConfigKeys (ConfUtils.java:logGet(43)) - raft.server.rpc.request.timeout = 3000ms (default)
2019-09-24 11:41:17,123 [main] INFO  server.RaftServerConfigKeys (ConfUtils.java:logGet(43)) - raft.server.storage.dir = [/workdir/hadoop-ozone/integration-test/target/test-dir/MiniOzoneClusterImpl-5d0df7c9-a72d-48a6-8b02-28236aa5d78e/datanode-6/data/ratis] (custom)
2019-09-24 11:41:17,125 [main] INFO  hdfs.DFSUtil (DFSUtil.java:httpServerTemplateForNNAndJN(1641)) - Starting Web-server for hddsDatanode at: http://0.0.0.0:0
2019-09-24 11:41:17,126 [main] INFO  server.AuthenticationFilter (AuthenticationFilter.java:constructSecretProvider(240)) - Unable to initialize FileSignerSecretProvider, falling back to use random secrets.
2019-09-24 11:41:17,126 [main] WARN  http.HttpRequestLog (HttpRequestLog.java:getRequestLog(97)) - Jetty request log can only be enabled using Log4j
2019-09-24 11:41:17,128 [main] INFO  http.HttpServer2 (HttpServer2.java:addGlobalFilter(975)) - Added global filter 'safety' (class=org.apache.hadoop.http.HttpServer2$QuotingInputFilter)
2019-09-24 11:41:17,128 [main] INFO  http.HttpServer2 (HttpServer2.java:addFilter(948)) - Added filter static_user_filter (class=org.apache.hadoop.http.lib.StaticUserWebFilter$StaticUserFilter) to context hddsDatanode
2019-09-24 11:41:17,128 [main] INFO  http.HttpServer2 (HttpServer2.java:addFilter(958)) - Added filter static_user_filter (class=org.apache.hadoop.http.lib.StaticUserWebFilter$StaticUserFilter) to context logs
2019-09-24 11:41:17,128 [main] INFO  http.HttpServer2 (HttpServer2.java:addFilter(958)) - Added filter static_user_filter (class=org.apache.hadoop.http.lib.StaticUserWebFilter$StaticUserFilter) to context static
2019-09-24 11:41:17,129 [main] INFO  http.HttpServer2 (HttpServer2.java:bindListener(1191)) - Jetty bound to port 41099
2019-09-24 11:41:17,129 [main] INFO  server.Server (Server.java:doStart(351)) - jetty-9.3.25.v20180904, build timestamp: 2018-09-04T21:11:46Z, git hash: 3ce520221d0240229c862b122d2b06c12a625732
2019-09-24 11:41:17,130 [main] INFO  handler.ContextHandler (ContextHandler.java:doStart(781)) - Started o.e.j.s.ServletContextHandler@58dad04a{/logs,file:///workdir/hadoop-ozone/integration-test/target/log,AVAILABLE}
2019-09-24 11:41:17,131 [main] INFO  handler.ContextHandler (ContextHandler.java:doStart(781)) - Started o.e.j.s.ServletContextHandler@113ee1ce{/static,jar:file:/home/user/.m2/repository/org/apache/hadoop/hadoop-hdds-container-service/0.5.0-SNAPSHOT/hadoop-hdds-container-service-0.5.0-SNAPSHOT.jar!/webapps/static,AVAILABLE}
2019-09-24 11:41:17,237 [main] INFO  handler.ContextHandler (ContextHandler.java:doStart(781)) - Started o.e.j.w.WebAppContext@7c96c85{/,file:///tmp/jetty-0.0.0.0-41099-hddsDatanode-_-any-5214632059040539516.dir/webapp/,AVAILABLE}{/hddsDatanode}
2019-09-24 11:41:17,241 [main] INFO  server.AbstractConnector (AbstractConnector.java:doStart(278)) - Started ServerConnector@b0f2d91{HTTP/1.1,[http/1.1]}{0.0.0.0:41099}
2019-09-24 11:41:17,242 [main] INFO  server.Server (Server.java:doStart(419)) - Started @324278ms
2019-09-24 11:41:17,242 [main] WARN  impl.MetricsSystemImpl (MetricsSystemImpl.java:register(276)) - Sink prometheus already exists!
2019-09-24 11:41:17,243 [main] INFO  server.BaseHttpServer (BaseHttpServer.java:updateConnectorAddress(215)) - HTTP server of HDDSDATANODE is listening at http://0.0.0.0:41099
2019-09-24 11:41:17,243 [main] INFO  ozone.MiniOzoneClusterImpl (MiniOzoneClusterImpl.java:lambda$waitForClusterToBeReady$0(147)) - Waiting for cluster to be ready. Got 0 of 7 DN Heartbeats.
2019-09-24 11:41:17,244 [org.apache.hadoop.util.JvmPauseMonitor$Monitor@797d6407] INFO  util.JvmPauseMonitor (JvmPauseMonitor.java:run(188)) - Starting JVM pause monitor
2019-09-24 11:41:17,245 [Datanode State Machine Thread - 0] INFO  datanode.InitDatanodeState (InitDatanodeState.java:persistContainerDatanodeDetails(140)) - DatanodeDetails is persisted to /workdir/hadoop-ozone/integration-test/target/test-dir/MiniOzoneClusterImpl-5d0df7c9-a72d-48a6-8b02-28236aa5d78e/datanode-6/meta/datanode.id
2019-09-24 11:41:18,245 [main] INFO  ozone.MiniOzoneClusterImpl (MiniOzoneClusterImpl.java:lambda$waitForClusterToBeReady$0(147)) - Waiting for cluster to be ready. Got 0 of 7 DN Heartbeats.
2019-09-24 11:41:18,612 [Datanode State Machine Thread - 0] INFO  ozoneimpl.OzoneContainer (OzoneContainer.java:start(217)) - Attempting to start container services.
2019-09-24 11:41:18,613 [Datanode State Machine Thread - 0] INFO  ozoneimpl.OzoneContainer (OzoneContainer.java:startContainerScrub(179)) - Background container scanner has been disabled.
2019-09-24 11:41:18,613 [Datanode State Machine Thread - 0] INFO  ratis.XceiverServerRatis (XceiverServerRatis.java:start(411)) - Starting XceiverServerRatis 643e9d8e-4f99-42c5-a66a-284f0687bd5b at port 0
2019-09-24 11:41:18,867 [Datanode State Machine Thread - 0] INFO  impl.RaftServerProxy (RaftServerProxy.java:lambda$start$3(299)) - 643e9d8e-4f99-42c5-a66a-284f0687bd5b: start RPC server
2019-09-24 11:41:18,890 [Datanode State Machine Thread - 0] INFO  ozoneimpl.OzoneContainer (OzoneContainer.java:start(217)) - Attempting to start container services.
2019-09-24 11:41:18,890 [Datanode State Machine Thread - 0] INFO  ozoneimpl.OzoneContainer (OzoneContainer.java:start(217)) - Attempting to start container services.
2019-09-24 11:41:18,890 [Datanode State Machine Thread - 0] INFO  ozoneimpl.OzoneContainer (OzoneContainer.java:startContainerScrub(179)) - Background container scanner has been disabled.
2019-09-24 11:41:18,893 [Datanode State Machine Thread - 0] INFO  ratis.XceiverServerRatis (XceiverServerRatis.java:start(411)) - Starting XceiverServerRatis b6143034-8df3-44ef-b701-ecb033592bc9 at port 0
2019-09-24 11:41:18,893 [Datanode State Machine Thread - 0] INFO  server.GrpcService (GrpcService.java:startImpl(158)) - 643e9d8e-4f99-42c5-a66a-284f0687bd5b: GrpcService started, listening on 0.0.0.0/0.0.0.0:37560
2019-09-24 11:41:18,890 [Datanode State Machine Thread - 0] INFO  ozoneimpl.OzoneContainer (OzoneContainer.java:startContainerScrub(179)) - Background container scanner has been disabled.
2019-09-24 11:41:18,893 [Datanode State Machine Thread - 0] INFO  ratis.XceiverServerRatis (XceiverServerRatis.java:start(421)) - XceiverServerRatis 643e9d8e-4f99-42c5-a66a-284f0687bd5b is started using port 37560
2019-09-24 11:41:18,894 [Datanode State Machine Thread - 0] INFO  ratis.XceiverServerRatis (XceiverServerRatis.java:start(411)) - Starting XceiverServerRatis 529ebe6e-d9ef-4104-9a91-06bed023192c at port 0
2019-09-24 11:41:18,894 [Datanode State Machine Thread - 0] INFO  server.XceiverServerGrpc (XceiverServerGrpc.java:start(149)) - XceiverServerGrpc 643e9d8e-4f99-42c5-a66a-284f0687bd5b is started using port 37076
2019-09-24 11:41:18,911 [Datanode State Machine Thread - 0] INFO  ozoneimpl.OzoneContainer (OzoneContainer.java:start(217)) - Attempting to start container services.
2019-09-24 11:41:18,912 [Datanode State Machine Thread - 0] INFO  ozoneimpl.OzoneContainer (OzoneContainer.java:startContainerScrub(179)) - Background container scanner has been disabled.
2019-09-24 11:41:18,912 [Datanode State Machine Thread - 0] INFO  ratis.XceiverServerRatis (XceiverServerRatis.java:start(411)) - Starting XceiverServerRatis 5233621a-f557-4e78-b33f-0dd3281b1b34 at port 0
2019-09-24 11:41:18,951 [Datanode State Machine Thread - 0] INFO  impl.RaftServerProxy (RaftServerProxy.java:lambda$start$3(299)) - b6143034-8df3-44ef-b701-ecb033592bc9: start RPC server
2019-09-24 11:41:18,953 [Datanode State Machine Thread - 0] INFO  server.GrpcService (GrpcService.java:startImpl(158)) - b6143034-8df3-44ef-b701-ecb033592bc9: GrpcService started, listening on 0.0.0.0/0.0.0.0:41295
2019-09-24 11:41:18,953 [Datanode State Machine Thread - 0] INFO  ratis.XceiverServerRatis (XceiverServerRatis.java:start(421)) - XceiverServerRatis b6143034-8df3-44ef-b701-ecb033592bc9 is started using port 41295
2019-09-24 11:41:18,953 [Datanode State Machine Thread - 0] INFO  server.XceiverServerGrpc (XceiverServerGrpc.java:start(149)) - XceiverServerGrpc b6143034-8df3-44ef-b701-ecb033592bc9 is started using port 38939
2019-09-24 11:41:18,958 [Datanode State Machine Thread - 0] INFO  impl.RaftServerProxy (RaftServerProxy.java:lambda$start$3(299)) - 529ebe6e-d9ef-4104-9a91-06bed023192c: start RPC server
2019-09-24 11:41:18,961 [Datanode State Machine Thread - 0] INFO  server.GrpcService (GrpcService.java:startImpl(158)) - 529ebe6e-d9ef-4104-9a91-06bed023192c: GrpcService started, listening on 0.0.0.0/0.0.0.0:44072
2019-09-24 11:41:18,962 [Datanode State Machine Thread - 0] INFO  ratis.XceiverServerRatis (XceiverServerRatis.java:start(421)) - XceiverServerRatis 529ebe6e-d9ef-4104-9a91-06bed023192c is started using port 44072
2019-09-24 11:41:18,983 [Datanode State Machine Thread - 0] INFO  server.XceiverServerGrpc (XceiverServerGrpc.java:start(149)) - XceiverServerGrpc 529ebe6e-d9ef-4104-9a91-06bed023192c is started using port 37354
2019-09-24 11:41:18,983 [Datanode State Machine Thread - 0] INFO  impl.RaftServerProxy (RaftServerProxy.java:lambda$start$3(299)) - 5233621a-f557-4e78-b33f-0dd3281b1b34: start RPC server
2019-09-24 11:41:18,992 [Datanode State Machine Thread - 0] INFO  server.GrpcService (GrpcService.java:startImpl(158)) - 5233621a-f557-4e78-b33f-0dd3281b1b34: GrpcService started, listening on 0.0.0.0/0.0.0.0:41613
2019-09-24 11:41:18,992 [Datanode State Machine Thread - 0] INFO  ratis.XceiverServerRatis (XceiverServerRatis.java:start(421)) - XceiverServerRatis 5233621a-f557-4e78-b33f-0dd3281b1b34 is started using port 41613
2019-09-24 11:41:18,993 [Datanode State Machine Thread - 0] INFO  server.XceiverServerGrpc (XceiverServerGrpc.java:start(149)) - XceiverServerGrpc 5233621a-f557-4e78-b33f-0dd3281b1b34 is started using port 40738
2019-09-24 11:41:19,005 [Datanode State Machine Thread - 0] INFO  ozoneimpl.OzoneContainer (OzoneContainer.java:start(217)) - Attempting to start container services.
2019-09-24 11:41:19,005 [Datanode State Machine Thread - 0] INFO  ozoneimpl.OzoneContainer (OzoneContainer.java:startContainerScrub(179)) - Background container scanner has been disabled.
2019-09-24 11:41:19,005 [Datanode State Machine Thread - 0] INFO  ratis.XceiverServerRatis (XceiverServerRatis.java:start(411)) - Starting XceiverServerRatis 6580372e-dbe4-4e5f-b67c-ae98088f5cde at port 0
2019-09-24 11:41:19,012 [Datanode State Machine Thread - 0] INFO  impl.RaftServerProxy (RaftServerProxy.java:lambda$start$3(299)) - 6580372e-dbe4-4e5f-b67c-ae98088f5cde: start RPC server
2019-09-24 11:41:19,013 [Datanode State Machine Thread - 0] INFO  server.GrpcService (GrpcService.java:startImpl(158)) - 6580372e-dbe4-4e5f-b67c-ae98088f5cde: GrpcService started, listening on 0.0.0.0/0.0.0.0:41540
2019-09-24 11:41:19,013 [Datanode State Machine Thread - 0] INFO  ratis.XceiverServerRatis (XceiverServerRatis.java:start(421)) - XceiverServerRatis 6580372e-dbe4-4e5f-b67c-ae98088f5cde is started using port 41540
2019-09-24 11:41:19,013 [Datanode State Machine Thread - 0] INFO  server.XceiverServerGrpc (XceiverServerGrpc.java:start(149)) - XceiverServerGrpc 6580372e-dbe4-4e5f-b67c-ae98088f5cde is started using port 37531
2019-09-24 11:41:19,091 [Datanode State Machine Thread - 0] INFO  ozoneimpl.OzoneContainer (OzoneContainer.java:start(217)) - Attempting to start container services.
2019-09-24 11:41:19,091 [Datanode State Machine Thread - 0] INFO  ozoneimpl.OzoneContainer (OzoneContainer.java:startContainerScrub(179)) - Background container scanner has been disabled.
2019-09-24 11:41:19,091 [Datanode State Machine Thread - 0] INFO  ratis.XceiverServerRatis (XceiverServerRatis.java:start(411)) - Starting XceiverServerRatis ada62c6a-1c54-4530-b54d-914239af4641 at port 0
2019-09-24 11:41:19,133 [Datanode State Machine Thread - 0] INFO  impl.RaftServerProxy (RaftServerProxy.java:lambda$start$3(299)) - ada62c6a-1c54-4530-b54d-914239af4641: start RPC server
2019-09-24 11:41:19,134 [Datanode State Machine Thread - 0] INFO  server.GrpcService (GrpcService.java:startImpl(158)) - ada62c6a-1c54-4530-b54d-914239af4641: GrpcService started, listening on 0.0.0.0/0.0.0.0:34963
2019-09-24 11:41:19,134 [Datanode State Machine Thread - 0] INFO  ratis.XceiverServerRatis (XceiverServerRatis.java:start(421)) - XceiverServerRatis ada62c6a-1c54-4530-b54d-914239af4641 is started using port 34963
2019-09-24 11:41:19,138 [Datanode State Machine Thread - 0] INFO  server.XceiverServerGrpc (XceiverServerGrpc.java:start(149)) - XceiverServerGrpc ada62c6a-1c54-4530-b54d-914239af4641 is started using port 34861
2019-09-24 11:41:19,245 [main] INFO  ozone.MiniOzoneClusterImpl (MiniOzoneClusterImpl.java:lambda$waitForClusterToBeReady$0(147)) - Waiting for cluster to be ready. Got 0 of 7 DN Heartbeats.
2019-09-24 11:41:19,258 [Datanode State Machine Thread - 0] INFO  ozoneimpl.OzoneContainer (OzoneContainer.java:start(217)) - Attempting to start container services.
2019-09-24 11:41:19,258 [Datanode State Machine Thread - 0] INFO  ozoneimpl.OzoneContainer (OzoneContainer.java:startContainerScrub(179)) - Background container scanner has been disabled.
2019-09-24 11:41:19,259 [Datanode State Machine Thread - 0] INFO  ratis.XceiverServerRatis (XceiverServerRatis.java:start(411)) - Starting XceiverServerRatis ad7d9de2-3d2e-4449-be67-7700fbbd2254 at port 0
2019-09-24 11:41:19,279 [Datanode State Machine Thread - 0] INFO  impl.RaftServerProxy (RaftServerProxy.java:lambda$start$3(299)) - ad7d9de2-3d2e-4449-be67-7700fbbd2254: start RPC server
2019-09-24 11:41:19,283 [Datanode State Machine Thread - 0] INFO  server.GrpcService (GrpcService.java:startImpl(158)) - ad7d9de2-3d2e-4449-be67-7700fbbd2254: GrpcService started, listening on 0.0.0.0/0.0.0.0:39888
2019-09-24 11:41:19,284 [Datanode State Machine Thread - 0] INFO  ratis.XceiverServerRatis (XceiverServerRatis.java:start(421)) - XceiverServerRatis ad7d9de2-3d2e-4449-be67-7700fbbd2254 is started using port 39888
2019-09-24 11:41:19,284 [Datanode State Machine Thread - 0] INFO  server.XceiverServerGrpc (XceiverServerGrpc.java:start(149)) - XceiverServerGrpc ad7d9de2-3d2e-4449-be67-7700fbbd2254 is started using port 40251
2019-09-24 11:41:20,246 [main] INFO  ozone.MiniOzoneClusterImpl (MiniOzoneClusterImpl.java:lambda$waitForClusterToBeReady$0(147)) - Waiting for cluster to be ready. Got 0 of 7 DN Heartbeats.
2019-09-24 11:41:20,543 [IPC Server handler 2 on 37028] INFO  net.NetworkTopology (NetworkTopologyImpl.java:add(111)) - Added a new node: /default-rack/643e9d8e-4f99-42c5-a66a-284f0687bd5b
2019-09-24 11:41:20,549 [IPC Server handler 2 on 37028] INFO  node.SCMNodeManager (SCMNodeManager.java:register(266)) - Registered Data node : 643e9d8e-4f99-42c5-a66a-284f0687bd5b{ip: 192.168.36.75, host: pr-hdds-2166-cfpzp-170641675, networkLocation: /default-rack, certSerialId: null}
2019-09-24 11:41:20,566 [EventQueue-NodeRegistrationContainerReportForDataNodeSafeModeRule] INFO  safemode.SCMSafeModeManager (DataNodeSafeModeRule.java:process(71)) - SCM in safe mode. 1 DataNodes registered, 1 required.
2019-09-24 11:41:20,574 [EventQueue-NodeRegistrationContainerReportForDataNodeSafeModeRule] INFO  safemode.SCMSafeModeManager (SCMSafeModeManager.java:validateSafeModeExitRules(177)) - ScmSafeModeManager, all rules are successfully validated
2019-09-24 11:41:20,574 [EventQueue-NodeRegistrationContainerReportForDataNodeSafeModeRule] INFO  safemode.SCMSafeModeManager (SCMSafeModeManager.java:exitSafeMode(193)) - SCM exiting safe mode.
2019-09-24 11:41:20,579 [grpc-default-executor-2] INFO  impl.RaftServerProxy (RaftServerProxy.java:addNew(89)) - 643e9d8e-4f99-42c5-a66a-284f0687bd5b: addNew group-0BFE7956F123:[643e9d8e-4f99-42c5-a66a-284f0687bd5b:192.168.36.75:37560] returns group-0BFE7956F123:java.util.concurrent.CompletableFuture@4b2bc092[Not completed]
2019-09-24 11:41:20,581 [pool-292-thread-1] INFO  impl.RaftServerImpl (RaftServerImpl.java:<init>(95)) - 643e9d8e-4f99-42c5-a66a-284f0687bd5b: new RaftServerImpl for group-0BFE7956F123:[643e9d8e-4f99-42c5-a66a-284f0687bd5b:192.168.36.75:37560] with ContainerStateMachine:uninitialized
2019-09-24 11:41:20,581 [pool-292-thread-1] INFO  server.RaftServerConfigKeys (ConfUtils.java:logGet(43)) - raft.server.rpc.timeout.min = 5s (custom)
2019-09-24 11:41:20,581 [pool-292-thread-1] INFO  server.RaftServerConfigKeys (ConfUtils.java:logGet(43)) - raft.server.rpc.timeout.max = 5200ms (custom)
2019-09-24 11:41:20,581 [pool-292-thread-1] INFO  server.RaftServerConfigKeys (ConfUtils.java:logGet(43)) - raft.server.rpcslowness.timeout = 120s (custom)
2019-09-24 11:41:20,581 [pool-292-thread-1] INFO  server.RaftServerConfigKeys (ConfUtils.java:logGet(43)) - raft.server.sleep.deviation.threshold = 300 (default)
2019-09-24 11:41:20,581 [pool-292-thread-1] INFO  server.RaftServerConfigKeys (ConfUtils.java:logGet(43)) - raft.server.log.appender.install.snapshot.enabled = false (custom)
2019-09-24 11:41:20,582 [pool-292-thread-1] INFO  impl.RaftServerImpl (ServerState.java:<init>(103)) - 643e9d8e-4f99-42c5-a66a-284f0687bd5b@group-0BFE7956F123: ConfigurationManager, init=-1: [643e9d8e-4f99-42c5-a66a-284f0687bd5b:192.168.36.75:37560], old=null, confs=<EMPTY_MAP>
2019-09-24 11:41:20,582 [pool-292-thread-1] INFO  server.RaftServerConfigKeys (ConfUtils.java:logGet(43)) - raft.server.storage.dir = [/workdir/hadoop-ozone/integration-test/target/test-dir/MiniOzoneClusterImpl-5d0df7c9-a72d-48a6-8b02-28236aa5d78e/datanode-0/data/ratis] (custom)
2019-09-24 11:41:20,582 [pool-292-thread-1] INFO  storage.RaftStorageDirectory (RaftStorageDirectory.java:analyzeStorage(246)) - The storage directory /workdir/hadoop-ozone/integration-test/target/test-dir/MiniOzoneClusterImpl-5d0df7c9-a72d-48a6-8b02-28236aa5d78e/datanode-0/data/ratis/878ad9cf-4bf9-4d2e-8efb-0bfe7956f123 does not exist. Creating ...
2019-09-24 11:41:20,713 [IPC Server handler 6 on 37028] INFO  net.NetworkTopology (NetworkTopologyImpl.java:add(111)) - Added a new node: /default-rack/b6143034-8df3-44ef-b701-ecb033592bc9
2019-09-24 11:41:20,713 [IPC Server handler 6 on 37028] INFO  node.SCMNodeManager (SCMNodeManager.java:register(266)) - Registered Data node : b6143034-8df3-44ef-b701-ecb033592bc9{ip: 192.168.36.75, host: pr-hdds-2166-cfpzp-170641675, networkLocation: /default-rack, certSerialId: null}
2019-09-24 11:41:20,795 [IPC Server handler 0 on 37028] INFO  net.NetworkTopology (NetworkTopologyImpl.java:add(111)) - Added a new node: /default-rack/529ebe6e-d9ef-4104-9a91-06bed023192c
2019-09-24 11:41:20,795 [IPC Server handler 0 on 37028] INFO  node.SCMNodeManager (SCMNodeManager.java:register(266)) - Registered Data node : 529ebe6e-d9ef-4104-9a91-06bed023192c{ip: 192.168.36.75, host: pr-hdds-2166-cfpzp-170641675, networkLocation: /default-rack, certSerialId: null}
2019-09-24 11:41:20,890 [IPC Server handler 1 on 37028] INFO  net.NetworkTopology (NetworkTopologyImpl.java:add(111)) - Added a new node: /default-rack/5233621a-f557-4e78-b33f-0dd3281b1b34
2019-09-24 11:41:20,891 [IPC Server handler 1 on 37028] INFO  node.SCMNodeManager (SCMNodeManager.java:register(266)) - Registered Data node : 5233621a-f557-4e78-b33f-0dd3281b1b34{ip: 192.168.36.75, host: pr-hdds-2166-cfpzp-170641675, networkLocation: /default-rack, certSerialId: null}
2019-09-24 11:41:20,980 [IPC Server handler 3 on 37028] INFO  net.NetworkTopology (NetworkTopologyImpl.java:add(111)) - Added a new node: /default-rack/6580372e-dbe4-4e5f-b67c-ae98088f5cde
2019-09-24 11:41:20,980 [IPC Server handler 3 on 37028] INFO  node.SCMNodeManager (SCMNodeManager.java:register(266)) - Registered Data node : 6580372e-dbe4-4e5f-b67c-ae98088f5cde{ip: 192.168.36.75, host: pr-hdds-2166-cfpzp-170641675, networkLocation: /default-rack, certSerialId: null}
2019-09-24 11:41:21,078 [IPC Server handler 4 on 37028] INFO  net.NetworkTopology (NetworkTopologyImpl.java:add(111)) - Added a new node: /default-rack/ada62c6a-1c54-4530-b54d-914239af4641
2019-09-24 11:41:21,079 [IPC Server handler 4 on 37028] INFO  node.SCMNodeManager (SCMNodeManager.java:register(266)) - Registered Data node : ada62c6a-1c54-4530-b54d-914239af4641{ip: 192.168.36.75, host: pr-hdds-2166-cfpzp-170641675, networkLocation: /default-rack, certSerialId: null}
2019-09-24 11:41:21,245 [IPC Server handler 2 on 37028] INFO  net.NetworkTopology (NetworkTopologyImpl.java:add(111)) - Added a new node: /default-rack/ad7d9de2-3d2e-4449-be67-7700fbbd2254
2019-09-24 11:41:21,246 [IPC Server handler 2 on 37028] INFO  node.SCMNodeManager (SCMNodeManager.java:register(266)) - Registered Data node : ad7d9de2-3d2e-4449-be67-7700fbbd2254{ip: 192.168.36.75, host: pr-hdds-2166-cfpzp-170641675, networkLocation: /default-rack, certSerialId: null}
2019-09-24 11:41:21,246 [main] INFO  ozone.MiniOzoneClusterImpl (MiniOzoneClusterImpl.java:lambda$waitForClusterToBeReady$0(147)) - Cluster is ready. Got 7 of 7 DN Heartbeats.
2019-09-24 11:41:21,287 [main] INFO  rpc.RpcClient (RpcClient.java:createVolume(276)) - Creating Volume: watchforcommithandlingtest, with jenkins1000 as owner.
2019-09-24 11:41:21,292 [IPC Server handler 1 on 46504] INFO  volume.OMVolumeCreateRequest (OMVolumeCreateRequest.java:validateAndUpdateCache(189)) - created volume:watchforcommithandlingtest for user:jenkins1000
2019-09-24 11:41:22,932 [main] INFO  rpc.RpcClient (RpcClient.java:createBucket(415)) - Creating Bucket: watchforcommithandlingtest/watchforcommithandlingtest, with Versioning false and Storage Type set to DISK and Encryption set to false 
2019-09-24 11:41:22,941 [main] INFO  ozone.MiniOzoneClusterImpl (MiniOzoneClusterImpl.java:getStorageContainerLocationClient(234)) - Creating StorageContainerLocationProtocol RPC client with address /0.0.0.0:35597
2019-09-24 11:41:23,559 [RATISCREATEPIPELINE1] ERROR pipeline.RatisPipelineProvider (RatisPipelineProvider.java:lambda$null$5(235)) - Failed invoke Ratis rpc org.apache.hadoop.hdds.scm.pipeline.RatisPipelineProvider$$Lambda$173/434307232@2479e5d5 for 643e9d8e-4f99-42c5-a66a-284f0687bd5b
org.apache.ratis.protocol.TimeoutIOException: deadline exceeded after 2999717756ns
	at org.apache.ratis.grpc.GrpcUtil.tryUnwrapException(GrpcUtil.java:82)
	at org.apache.ratis.grpc.GrpcUtil.unwrapException(GrpcUtil.java:75)
	at org.apache.ratis.grpc.client.GrpcClientProtocolClient.blockingCall(GrpcClientProtocolClient.java:178)
	at org.apache.ratis.grpc.client.GrpcClientProtocolClient.groupAdd(GrpcClientProtocolClient.java:147)
	at org.apache.ratis.grpc.client.GrpcClientRpc.sendRequest(GrpcClientRpc.java:94)
	at org.apache.ratis.client.impl.RaftClientImpl.sendRequest(RaftClientImpl.java:278)
	at org.apache.ratis.client.impl.RaftClientImpl.groupAdd(RaftClientImpl.java:205)
	at org.apache.hadoop.hdds.scm.pipeline.RatisPipelineProvider.lambda$initializePipeline$4(RatisPipelineProvider.java:196)
	at org.apache.hadoop.hdds.scm.pipeline.RatisPipelineProvider.lambda$null$5(RatisPipelineProvider.java:231)
	at java.util.stream.ForEachOps$ForEachOp$OfRef.accept(ForEachOps.java:184)
	at java.util.ArrayList$ArrayListSpliterator.forEachRemaining(ArrayList.java:1382)
	at java.util.stream.AbstractPipeline.copyInto(AbstractPipeline.java:482)
	at java.util.stream.ForEachOps$ForEachTask.compute(ForEachOps.java:291)
	at java.util.concurrent.CountedCompleter.exec(CountedCompleter.java:731)
	at java.util.concurrent.ForkJoinTask.doExec(ForkJoinTask.java:289)
	at java.util.concurrent.ForkJoinTask.doInvoke(ForkJoinTask.java:401)
	at java.util.concurrent.ForkJoinTask.invoke(ForkJoinTask.java:734)
	at java.util.stream.ForEachOps$ForEachOp.evaluateParallel(ForEachOps.java:160)
	at java.util.stream.ForEachOps$ForEachOp$OfRef.evaluateParallel(ForEachOps.java:174)
	at java.util.stream.AbstractPipeline.evaluate(AbstractPipeline.java:233)
	at java.util.stream.ReferencePipeline.forEach(ReferencePipeline.java:418)
	at java.util.stream.ReferencePipeline$Head.forEach(ReferencePipeline.java:583)
	at org.apache.hadoop.hdds.scm.pipeline.RatisPipelineProvider.lambda$callRatisRpc$6(RatisPipelineProvider.java:225)
	at java.util.concurrent.ForkJoinTask$AdaptedRunnableAction.exec(ForkJoinTask.java:1386)
	at java.util.concurrent.ForkJoinTask.doExec(ForkJoinTask.java:289)
	at java.util.concurrent.ForkJoinPool$WorkQueue.runTask(ForkJoinPool.java:1056)
	at java.util.concurrent.ForkJoinPool.runWorker(ForkJoinPool.java:1692)
	at java.util.concurrent.ForkJoinWorkerThread.run(ForkJoinWorkerThread.java:157)
Caused by: org.apache.ratis.thirdparty.io.grpc.StatusRuntimeException: DEADLINE_EXCEEDED: deadline exceeded after 2999717756ns
	at org.apache.ratis.thirdparty.io.grpc.stub.ClientCalls.toStatusRuntimeException(ClientCalls.java:233)
	at org.apache.ratis.thirdparty.io.grpc.stub.ClientCalls.getUnchecked(ClientCalls.java:214)
	at org.apache.ratis.thirdparty.io.grpc.stub.ClientCalls.blockingUnaryCall(ClientCalls.java:139)
	at org.apache.ratis.proto.grpc.AdminProtocolServiceGrpc$AdminProtocolServiceBlockingStub.groupManagement(AdminProtocolServiceGrpc.java:274)
	at org.apache.ratis.grpc.client.GrpcClientProtocolClient.lambda$groupAdd$3(GrpcClientProtocolClient.java:149)
	at org.apache.ratis.grpc.client.GrpcClientProtocolClient.blockingCall(GrpcClientProtocolClient.java:176)
	... 25 more
2019-09-24 11:41:23,577 [pool-292-thread-1] INFO  storage.RaftStorageDirectory (RaftStorageDirectory.java:tryLock(328)) - Lock on /workdir/hadoop-ozone/integration-test/target/test-dir/MiniOzoneClusterImpl-5d0df7c9-a72d-48a6-8b02-28236aa5d78e/datanode-0/data/ratis/878ad9cf-4bf9-4d2e-8efb-0bfe7956f123/in_use.lock acquired by nodename 4183@pr-hdds-2166-cfpzp-170641675
2019-09-24 11:41:23,577 [grpc-default-executor-9] INFO  impl.RaftServerProxy (RaftServerProxy.java:addNew(89)) - 643e9d8e-4f99-42c5-a66a-284f0687bd5b: addNew group-88B44F0D333A:[643e9d8e-4f99-42c5-a66a-284f0687bd5b:192.168.36.75:37560, 5233621a-f557-4e78-b33f-0dd3281b1b34:192.168.36.75:41613, 6580372e-dbe4-4e5f-b67c-ae98088f5cde:192.168.36.75:41540] returns group-88B44F0D333A:java.util.concurrent.CompletableFuture@759d15a0[Not completed]
2019-09-24 11:41:23,577 [grpc-default-executor-2] INFO  impl.RaftServerProxy (RaftServerProxy.java:addNew(89)) - 6580372e-dbe4-4e5f-b67c-ae98088f5cde: addNew group-88B44F0D333A:[643e9d8e-4f99-42c5-a66a-284f0687bd5b:192.168.36.75:37560, 5233621a-f557-4e78-b33f-0dd3281b1b34:192.168.36.75:41613, 6580372e-dbe4-4e5f-b67c-ae98088f5cde:192.168.36.75:41540] returns group-88B44F0D333A:java.util.concurrent.CompletableFuture@73da305e[Not completed]
2019-09-24 11:41:23,577 [grpc-default-executor-5] INFO  impl.RaftServerProxy (RaftServerProxy.java:addNew(89)) - 5233621a-f557-4e78-b33f-0dd3281b1b34: addNew group-88B44F0D333A:[643e9d8e-4f99-42c5-a66a-284f0687bd5b:192.168.36.75:37560, 5233621a-f557-4e78-b33f-0dd3281b1b34:192.168.36.75:41613, 6580372e-dbe4-4e5f-b67c-ae98088f5cde:192.168.36.75:41540] returns group-88B44F0D333A:java.util.concurrent.CompletableFuture@2d6e9d5c[Not completed]
2019-09-24 11:41:23,577 [Thread-2530] INFO  container.ReplicationManager (ReplicationManager.java:start(162)) - Starting Replication Monitor Thread.
2019-09-24 11:41:23,578 [pool-332-thread-1] INFO  impl.RaftServerImpl (RaftServerImpl.java:<init>(95)) - 6580372e-dbe4-4e5f-b67c-ae98088f5cde: new RaftServerImpl for group-88B44F0D333A:[643e9d8e-4f99-42c5-a66a-284f0687bd5b:192.168.36.75:37560, 5233621a-f557-4e78-b33f-0dd3281b1b34:192.168.36.75:41613, 6580372e-dbe4-4e5f-b67c-ae98088f5cde:192.168.36.75:41540] with ContainerStateMachine:uninitialized
2019-09-24 11:41:23,578 [pool-332-thread-1] INFO  server.RaftServerConfigKeys (ConfUtils.java:logGet(43)) - raft.server.rpc.timeout.min = 5s (custom)
2019-09-24 11:41:23,583 [pool-332-thread-1] INFO  server.RaftServerConfigKeys (ConfUtils.java:logGet(43)) - raft.server.rpc.timeout.max = 5200ms (custom)
2019-09-24 11:41:23,583 [pool-332-thread-1] INFO  server.RaftServerConfigKeys (ConfUtils.java:logGet(43)) - raft.server.rpcslowness.timeout = 120s (custom)
2019-09-24 11:41:23,583 [pool-332-thread-1] INFO  server.RaftServerConfigKeys (ConfUtils.java:logGet(43)) - raft.server.sleep.deviation.threshold = 300 (default)
2019-09-24 11:41:23,583 [pool-332-thread-1] INFO  server.RaftServerConfigKeys (ConfUtils.java:logGet(43)) - raft.server.log.appender.install.snapshot.enabled = false (custom)
2019-09-24 11:41:23,583 [pool-322-thread-1] INFO  impl.RaftServerImpl (RaftServerImpl.java:<init>(95)) - 5233621a-f557-4e78-b33f-0dd3281b1b34: new RaftServerImpl for group-88B44F0D333A:[643e9d8e-4f99-42c5-a66a-284f0687bd5b:192.168.36.75:37560, 5233621a-f557-4e78-b33f-0dd3281b1b34:192.168.36.75:41613, 6580372e-dbe4-4e5f-b67c-ae98088f5cde:192.168.36.75:41540] with ContainerStateMachine:uninitialized
2019-09-24 11:41:23,583 [pool-332-thread-1] INFO  impl.RaftServerImpl (ServerState.java:<init>(103)) - 6580372e-dbe4-4e5f-b67c-ae98088f5cde@group-88B44F0D333A: ConfigurationManager, init=-1: [643e9d8e-4f99-42c5-a66a-284f0687bd5b:192.168.36.75:37560, 5233621a-f557-4e78-b33f-0dd3281b1b34:192.168.36.75:41613, 6580372e-dbe4-4e5f-b67c-ae98088f5cde:192.168.36.75:41540], old=null, confs=<EMPTY_MAP>
2019-09-24 11:41:23,583 [pool-322-thread-1] INFO  server.RaftServerConfigKeys (ConfUtils.java:logGet(43)) - raft.server.rpc.timeout.min = 5s (custom)
2019-09-24 11:41:23,584 [pool-332-thread-1] INFO  server.RaftServerConfigKeys (ConfUtils.java:logGet(43)) - raft.server.storage.dir = [/workdir/hadoop-ozone/integration-test/target/test-dir/MiniOzoneClusterImpl-5d0df7c9-a72d-48a6-8b02-28236aa5d78e/datanode-4/data/ratis] (custom)
2019-09-24 11:41:23,584 [pool-322-thread-1] INFO  server.RaftServerConfigKeys (ConfUtils.java:logGet(43)) - raft.server.rpc.timeout.max = 5200ms (custom)
2019-09-24 11:41:23,584 [pool-322-thread-1] INFO  server.RaftServerConfigKeys (ConfUtils.java:logGet(43)) - raft.server.rpcslowness.timeout = 120s (custom)
2019-09-24 11:41:23,584 [pool-322-thread-1] INFO  server.RaftServerConfigKeys (ConfUtils.java:logGet(43)) - raft.server.sleep.deviation.threshold = 300 (default)
2019-09-24 11:41:23,584 [pool-332-thread-1] INFO  storage.RaftStorageDirectory (RaftStorageDirectory.java:analyzeStorage(246)) - The storage directory /workdir/hadoop-ozone/integration-test/target/test-dir/MiniOzoneClusterImpl-5d0df7c9-a72d-48a6-8b02-28236aa5d78e/datanode-4/data/ratis/f944d919-7970-477b-800e-88b44f0d333a does not exist. Creating ...
2019-09-24 11:41:23,584 [pool-322-thread-1] INFO  server.RaftServerConfigKeys (ConfUtils.java:logGet(43)) - raft.server.log.appender.install.snapshot.enabled = false (custom)
2019-09-24 11:41:23,584 [pool-322-thread-1] INFO  impl.RaftServerImpl (ServerState.java:<init>(103)) - 5233621a-f557-4e78-b33f-0dd3281b1b34@group-88B44F0D333A: ConfigurationManager, init=-1: [643e9d8e-4f99-42c5-a66a-284f0687bd5b:192.168.36.75:37560, 5233621a-f557-4e78-b33f-0dd3281b1b34:192.168.36.75:41613, 6580372e-dbe4-4e5f-b67c-ae98088f5cde:192.168.36.75:41540], old=null, confs=<EMPTY_MAP>
2019-09-24 11:41:23,584 [pool-322-thread-1] INFO  server.RaftServerConfigKeys (ConfUtils.java:logGet(43)) - raft.server.storage.dir = [/workdir/hadoop-ozone/integration-test/target/test-dir/MiniOzoneClusterImpl-5d0df7c9-a72d-48a6-8b02-28236aa5d78e/datanode-3/data/ratis] (custom)
2019-09-24 11:41:23,585 [pool-322-thread-1] INFO  storage.RaftStorageDirectory (RaftStorageDirectory.java:analyzeStorage(246)) - The storage directory /workdir/hadoop-ozone/integration-test/target/test-dir/MiniOzoneClusterImpl-5d0df7c9-a72d-48a6-8b02-28236aa5d78e/datanode-3/data/ratis/f944d919-7970-477b-800e-88b44f0d333a does not exist. Creating ...
2019-09-24 11:41:23,611 [pool-322-thread-1] INFO  storage.RaftStorageDirectory (RaftStorageDirectory.java:tryLock(328)) - Lock on /workdir/hadoop-ozone/integration-test/target/test-dir/MiniOzoneClusterImpl-5d0df7c9-a72d-48a6-8b02-28236aa5d78e/datanode-3/data/ratis/f944d919-7970-477b-800e-88b44f0d333a/in_use.lock acquired by nodename 4183@pr-hdds-2166-cfpzp-170641675
2019-09-24 11:41:23,611 [pool-292-thread-1] INFO  storage.RaftStorage (RaftStorage.java:format(72)) - Storage directory /workdir/hadoop-ozone/integration-test/target/test-dir/MiniOzoneClusterImpl-5d0df7c9-a72d-48a6-8b02-28236aa5d78e/datanode-0/data/ratis/878ad9cf-4bf9-4d2e-8efb-0bfe7956f123 has been successfully formatted.
2019-09-24 11:41:23,611 [pool-332-thread-1] INFO  storage.RaftStorageDirectory (RaftStorageDirectory.java:tryLock(328)) - Lock on /workdir/hadoop-ozone/integration-test/target/test-dir/MiniOzoneClusterImpl-5d0df7c9-a72d-48a6-8b02-28236aa5d78e/datanode-4/data/ratis/f944d919-7970-477b-800e-88b44f0d333a/in_use.lock acquired by nodename 4183@pr-hdds-2166-cfpzp-170641675
2019-09-24 11:41:23,611 [pool-292-thread-1] INFO  ratis.ContainerStateMachine (ContainerStateMachine.java:loadSnapshot(230)) - group-0BFE7956F123: The snapshot info is null. Setting the last applied indexto:(t:0, i:~)
2019-09-24 11:41:23,612 [pool-292-thread-1] INFO  server.RaftServerConfigKeys (ConfUtils.java:logGet(43)) - raft.server.notification.no-leader.timeout = 120s (custom)
2019-09-24 11:41:23,612 [pool-292-thread-1] INFO  server.RaftServerConfigKeys (ConfUtils.java:logGet(43)) - raft.server.log.use.memory = false (default)
2019-09-24 11:41:23,612 [pool-292-thread-1] INFO  server.RaftServerConfigKeys (ConfUtils.java:logGet(43)) - raft.server.log.purge.gap = 1000000 (custom)
2019-09-24 11:41:23,612 [pool-292-thread-1] INFO  server.RaftServerConfigKeys (ConfUtils.java:logGet(43)) - raft.server.log.appender.buffer.byte-limit = 33554432 (custom)
2019-09-24 11:41:23,612 [pool-292-thread-1] INFO  server.RaftServerConfigKeys (ConfUtils.java:logGet(43)) - raft.server.log.segment.size.max = 1048576 (custom)
2019-09-24 11:41:23,612 [pool-292-thread-1] INFO  server.RaftServerConfigKeys (ConfUtils.java:logGet(43)) - raft.server.log.segment.cache.num.max = 2 (custom)
2019-09-24 11:41:23,613 [pool-292-thread-1] INFO  segmented.SegmentedRaftLogWorker (SegmentedRaftLogWorker.java:<init>(172)) - new 643e9d8e-4f99-42c5-a66a-284f0687bd5b@group-0BFE7956F123-SegmentedRaftLogWorker for RaftStorage:Storage Directory /workdir/hadoop-ozone/integration-test/target/test-dir/MiniOzoneClusterImpl-5d0df7c9-a72d-48a6-8b02-28236aa5d78e/datanode-0/data/ratis/878ad9cf-4bf9-4d2e-8efb-0bfe7956f123
2019-09-24 11:41:23,615 [pool-292-thread-1] INFO  server.RaftServerConfigKeys (ConfUtils.java:logGet(43)) - raft.server.log.queue.byte-limit = 2147483647 (custom)
2019-09-24 11:41:23,615 [pool-292-thread-1] INFO  server.RaftServerConfigKeys (ConfUtils.java:logGet(43)) - raft.server.log.queue.element-limit = 1024 (custom)
2019-09-24 11:41:23,615 [pool-292-thread-1] INFO  server.RaftServerConfigKeys (ConfUtils.java:logGet(43)) - raft.server.log.segment.size.max = 1048576 (custom)
2019-09-24 11:41:23,616 [pool-292-thread-1] INFO  server.RaftServerConfigKeys (ConfUtils.java:logGet(43)) - raft.server.log.preallocated.size = 16384 (custom)
2019-09-24 11:41:23,616 [pool-292-thread-1] INFO  server.RaftServerConfigKeys (ConfUtils.java:logGet(43)) - raft.server.log.write.buffer.size = 33554432 (custom)
2019-09-24 11:41:23,616 [pool-292-thread-1] INFO  server.RaftServerConfigKeys (ConfUtils.java:logGet(43)) - raft.server.log.force.sync.num = 128 (default)
2019-09-24 11:41:23,616 [pool-292-thread-1] INFO  server.RaftServerConfigKeys (ConfUtils.java:logGet(43)) - raft.server.log.statemachine.data.sync = true (default)
2019-09-24 11:41:23,616 [pool-292-thread-1] INFO  server.RaftServerConfigKeys (ConfUtils.java:logGet(43)) - raft.server.log.statemachine.data.sync.timeout = 10s (default)
2019-09-24 11:41:23,616 [pool-292-thread-1] INFO  server.RaftServerConfigKeys (ConfUtils.java:logGet(43)) - raft.server.log.statemachine.data.sync.timeout.retry = -1 (default)
2019-09-24 11:41:23,617 [pool-292-thread-1] INFO  server.RaftServerConfigKeys (ConfUtils.java:logGet(43)) - raft.server.log.statemachine.data.caching.enabled = true (custom)
2019-09-24 11:41:23,617 [pool-292-thread-1] INFO  segmented.SegmentedRaftLogWorker (SegmentedRaftLogWorker.java:lambda$new$0(132)) - 643e9d8e-4f99-42c5-a66a-284f0687bd5b@group-0BFE7956F123-SegmentedRaftLogWorker: flushIndex: setUnconditionally 0 -> -1
2019-09-24 11:41:23,617 [pool-292-thread-1] INFO  server.RaftServerConfigKeys (ConfUtils.java:logGet(43)) - raft.server.snapshot.auto.trigger.enabled = true (custom)
2019-09-24 11:41:23,618 [pool-292-thread-1] INFO  server.RaftServerConfigKeys (ConfUtils.java:logGet(43)) - raft.server.snapshot.auto.trigger.threshold = 10000 (custom)
2019-09-24 11:41:23,618 [pool-292-thread-1] INFO  server.RaftServerConfigKeys (ConfUtils.java:logGet(43)) - raft.server.snapshot.retention.num.files = 5 (custom)
2019-09-24 11:41:23,618 [pool-292-thread-1] INFO  server.RaftServerConfigKeys (ConfUtils.java:logGet(43)) - raft.server.retrycache.expirytime = 600000ms (custom)
2019-09-24 11:41:23,621 [pool-322-thread-1] INFO  storage.RaftStorage (RaftStorage.java:format(72)) - Storage directory /workdir/hadoop-ozone/integration-test/target/test-dir/MiniOzoneClusterImpl-5d0df7c9-a72d-48a6-8b02-28236aa5d78e/datanode-3/data/ratis/f944d919-7970-477b-800e-88b44f0d333a has been successfully formatted.
2019-09-24 11:41:23,621 [pool-292-thread-1] INFO  impl.RaftServerImpl (RaftServerImpl.java:<init>(95)) - 643e9d8e-4f99-42c5-a66a-284f0687bd5b: new RaftServerImpl for group-88B44F0D333A:[643e9d8e-4f99-42c5-a66a-284f0687bd5b:192.168.36.75:37560, 5233621a-f557-4e78-b33f-0dd3281b1b34:192.168.36.75:41613, 6580372e-dbe4-4e5f-b67c-ae98088f5cde:192.168.36.75:41540] with ContainerStateMachine:uninitialized
2019-09-24 11:41:23,621 [pool-322-thread-1] INFO  ratis.ContainerStateMachine (ContainerStateMachine.java:loadSnapshot(230)) - group-88B44F0D333A: The snapshot info is null. Setting the last applied indexto:(t:0, i:~)
2019-09-24 11:41:23,621 [pool-332-thread-1] INFO  storage.RaftStorage (RaftStorage.java:format(72)) - Storage directory /workdir/hadoop-ozone/integration-test/target/test-dir/MiniOzoneClusterImpl-5d0df7c9-a72d-48a6-8b02-28236aa5d78e/datanode-4/data/ratis/f944d919-7970-477b-800e-88b44f0d333a has been successfully formatted.
2019-09-24 11:41:23,621 [pool-322-thread-1] INFO  server.RaftServerConfigKeys (ConfUtils.java:logGet(43)) - raft.server.notification.no-leader.timeout = 120s (custom)
2019-09-24 11:41:23,621 [pool-292-thread-1] INFO  server.RaftServerConfigKeys (ConfUtils.java:logGet(43)) - raft.server.rpc.timeout.min = 5s (custom)
2019-09-24 11:41:23,621 [pool-322-thread-1] INFO  server.RaftServerConfigKeys (ConfUtils.java:logGet(43)) - raft.server.log.use.memory = false (default)
2019-09-24 11:41:23,621 [pool-332-thread-1] INFO  ratis.ContainerStateMachine (ContainerStateMachine.java:loadSnapshot(230)) - group-88B44F0D333A: The snapshot info is null. Setting the last applied indexto:(t:0, i:~)
2019-09-24 11:41:23,622 [pool-322-thread-1] INFO  server.RaftServerConfigKeys (ConfUtils.java:logGet(43)) - raft.server.log.purge.gap = 1000000 (custom)
2019-09-24 11:41:23,622 [pool-322-thread-1] INFO  server.RaftServerConfigKeys (ConfUtils.java:logGet(43)) - raft.server.log.appender.buffer.byte-limit = 33554432 (custom)
2019-09-24 11:41:23,622 [pool-292-thread-1] INFO  server.RaftServerConfigKeys (ConfUtils.java:logGet(43)) - raft.server.rpc.timeout.max = 5200ms (custom)
2019-09-24 11:41:23,622 [pool-322-thread-1] INFO  server.RaftServerConfigKeys (ConfUtils.java:logGet(43)) - raft.server.log.segment.size.max = 1048576 (custom)
2019-09-24 11:41:23,622 [pool-332-thread-1] INFO  server.RaftServerConfigKeys (ConfUtils.java:logGet(43)) - raft.server.notification.no-leader.timeout = 120s (custom)
2019-09-24 11:41:23,622 [pool-322-thread-1] INFO  server.RaftServerConfigKeys (ConfUtils.java:logGet(43)) - raft.server.log.segment.cache.num.max = 2 (custom)
2019-09-24 11:41:23,622 [pool-292-thread-1] INFO  server.RaftServerConfigKeys (ConfUtils.java:logGet(43)) - raft.server.rpcslowness.timeout = 120s (custom)
2019-09-24 11:41:23,622 [pool-322-thread-1] INFO  segmented.SegmentedRaftLogWorker (SegmentedRaftLogWorker.java:<init>(172)) - new 5233621a-f557-4e78-b33f-0dd3281b1b34@group-88B44F0D333A-SegmentedRaftLogWorker for RaftStorage:Storage Directory /workdir/hadoop-ozone/integration-test/target/test-dir/MiniOzoneClusterImpl-5d0df7c9-a72d-48a6-8b02-28236aa5d78e/datanode-3/data/ratis/f944d919-7970-477b-800e-88b44f0d333a
2019-09-24 11:41:23,622 [pool-332-thread-1] INFO  server.RaftServerConfigKeys (ConfUtils.java:logGet(43)) - raft.server.log.use.memory = false (default)
2019-09-24 11:41:23,623 [pool-292-thread-1] INFO  server.RaftServerConfigKeys (ConfUtils.java:logGet(43)) - raft.server.sleep.deviation.threshold = 300 (default)
2019-09-24 11:41:23,623 [pool-332-thread-1] INFO  server.RaftServerConfigKeys (ConfUtils.java:logGet(43)) - raft.server.log.purge.gap = 1000000 (custom)
2019-09-24 11:41:23,623 [pool-292-thread-1] INFO  server.RaftServerConfigKeys (ConfUtils.java:logGet(43)) - raft.server.log.appender.install.snapshot.enabled = false (custom)
2019-09-24 11:41:23,623 [pool-332-thread-1] INFO  server.RaftServerConfigKeys (ConfUtils.java:logGet(43)) - raft.server.log.appender.buffer.byte-limit = 33554432 (custom)
2019-09-24 11:41:23,623 [pool-292-thread-1] INFO  impl.RaftServerImpl (ServerState.java:<init>(103)) - 643e9d8e-4f99-42c5-a66a-284f0687bd5b@group-88B44F0D333A: ConfigurationManager, init=-1: [643e9d8e-4f99-42c5-a66a-284f0687bd5b:192.168.36.75:37560, 5233621a-f557-4e78-b33f-0dd3281b1b34:192.168.36.75:41613, 6580372e-dbe4-4e5f-b67c-ae98088f5cde:192.168.36.75:41540], old=null, confs=<EMPTY_MAP>
2019-09-24 11:41:23,623 [pool-332-thread-1] INFO  server.RaftServerConfigKeys (ConfUtils.java:logGet(43)) - raft.server.log.segment.size.max = 1048576 (custom)
2019-09-24 11:41:23,623 [pool-332-thread-1] INFO  server.RaftServerConfigKeys (ConfUtils.java:logGet(43)) - raft.server.log.segment.cache.num.max = 2 (custom)
2019-09-24 11:41:23,623 [pool-292-thread-1] INFO  server.RaftServerConfigKeys (ConfUtils.java:logGet(43)) - raft.server.storage.dir = [/workdir/hadoop-ozone/integration-test/target/test-dir/MiniOzoneClusterImpl-5d0df7c9-a72d-48a6-8b02-28236aa5d78e/datanode-0/data/ratis] (custom)
2019-09-24 11:41:23,623 [pool-332-thread-1] INFO  segmented.SegmentedRaftLogWorker (SegmentedRaftLogWorker.java:<init>(172)) - new 6580372e-dbe4-4e5f-b67c-ae98088f5cde@group-88B44F0D333A-SegmentedRaftLogWorker for RaftStorage:Storage Directory /workdir/hadoop-ozone/integration-test/target/test-dir/MiniOzoneClusterImpl-5d0df7c9-a72d-48a6-8b02-28236aa5d78e/datanode-4/data/ratis/f944d919-7970-477b-800e-88b44f0d333a
2019-09-24 11:41:23,624 [pool-292-thread-1] INFO  storage.RaftStorageDirectory (RaftStorageDirectory.java:analyzeStorage(246)) - The storage directory /workdir/hadoop-ozone/integration-test/target/test-dir/MiniOzoneClusterImpl-5d0df7c9-a72d-48a6-8b02-28236aa5d78e/datanode-0/data/ratis/f944d919-7970-477b-800e-88b44f0d333a does not exist. Creating ...
2019-09-24 11:41:23,624 [pool-322-thread-1] INFO  server.RaftServerConfigKeys (ConfUtils.java:logGet(43)) - raft.server.log.queue.byte-limit = 2147483647 (custom)
2019-09-24 11:41:23,624 [pool-322-thread-1] INFO  server.RaftServerConfigKeys (ConfUtils.java:logGet(43)) - raft.server.log.queue.element-limit = 1024 (custom)
2019-09-24 11:41:23,624 [pool-322-thread-1] INFO  server.RaftServerConfigKeys (ConfUtils.java:logGet(43)) - raft.server.log.segment.size.max = 1048576 (custom)
2019-09-24 11:41:23,625 [pool-322-thread-1] INFO  server.RaftServerConfigKeys (ConfUtils.java:logGet(43)) - raft.server.log.preallocated.size = 16384 (custom)
2019-09-24 11:41:23,625 [pool-332-thread-1] INFO  server.RaftServerConfigKeys (ConfUtils.java:logGet(43)) - raft.server.log.queue.byte-limit = 2147483647 (custom)
2019-09-24 11:41:23,625 [pool-322-thread-1] INFO  server.RaftServerConfigKeys (ConfUtils.java:logGet(43)) - raft.server.log.write.buffer.size = 33554432 (custom)
2019-09-24 11:41:23,625 [pool-332-thread-1] INFO  server.RaftServerConfigKeys (ConfUtils.java:logGet(43)) - raft.server.log.queue.element-limit = 1024 (custom)
2019-09-24 11:41:23,625 [pool-322-thread-1] INFO  server.RaftServerConfigKeys (ConfUtils.java:logGet(43)) - raft.server.log.force.sync.num = 128 (default)
2019-09-24 11:41:23,625 [pool-332-thread-1] INFO  server.RaftServerConfigKeys (ConfUtils.java:logGet(43)) - raft.server.log.segment.size.max = 1048576 (custom)
2019-09-24 11:41:23,625 [pool-322-thread-1] INFO  server.RaftServerConfigKeys (ConfUtils.java:logGet(43)) - raft.server.log.statemachine.data.sync = true (default)
2019-09-24 11:41:23,625 [pool-332-thread-1] INFO  server.RaftServerConfigKeys (ConfUtils.java:logGet(43)) - raft.server.log.preallocated.size = 16384 (custom)
2019-09-24 11:41:23,625 [pool-322-thread-1] INFO  server.RaftServerConfigKeys (ConfUtils.java:logGet(43)) - raft.server.log.statemachine.data.sync.timeout = 10s (default)
2019-09-24 11:41:23,625 [pool-332-thread-1] INFO  server.RaftServerConfigKeys (ConfUtils.java:logGet(43)) - raft.server.log.write.buffer.size = 33554432 (custom)
2019-09-24 11:41:23,626 [pool-322-thread-1] INFO  server.RaftServerConfigKeys (ConfUtils.java:logGet(43)) - raft.server.log.statemachine.data.sync.timeout.retry = -1 (default)
2019-09-24 11:41:23,626 [pool-332-thread-1] INFO  server.RaftServerConfigKeys (ConfUtils.java:logGet(43)) - raft.server.log.force.sync.num = 128 (default)
2019-09-24 11:41:23,626 [pool-332-thread-1] INFO  server.RaftServerConfigKeys (ConfUtils.java:logGet(43)) - raft.server.log.statemachine.data.sync = true (default)
2019-09-24 11:41:23,626 [pool-322-thread-1] INFO  server.RaftServerConfigKeys (ConfUtils.java:logGet(43)) - raft.server.log.statemachine.data.caching.enabled = true (custom)
2019-09-24 11:41:23,626 [pool-332-thread-1] INFO  server.RaftServerConfigKeys (ConfUtils.java:logGet(43)) - raft.server.log.statemachine.data.sync.timeout = 10s (default)
2019-09-24 11:41:23,626 [pool-332-thread-1] INFO  server.RaftServerConfigKeys (ConfUtils.java:logGet(43)) - raft.server.log.statemachine.data.sync.timeout.retry = -1 (default)
2019-09-24 11:41:23,626 [pool-322-thread-1] INFO  segmented.SegmentedRaftLogWorker (SegmentedRaftLogWorker.java:lambda$new$0(132)) - 5233621a-f557-4e78-b33f-0dd3281b1b34@group-88B44F0D333A-SegmentedRaftLogWorker: flushIndex: setUnconditionally 0 -> -1
2019-09-24 11:41:23,626 [pool-332-thread-1] INFO  server.RaftServerConfigKeys (ConfUtils.java:logGet(43)) - raft.server.log.statemachine.data.caching.enabled = true (custom)
2019-09-24 11:41:23,626 [pool-322-thread-1] INFO  server.RaftServerConfigKeys (ConfUtils.java:logGet(43)) - raft.server.snapshot.auto.trigger.enabled = true (custom)
2019-09-24 11:41:23,627 [pool-332-thread-1] INFO  segmented.SegmentedRaftLogWorker (SegmentedRaftLogWorker.java:lambda$new$0(132)) - 6580372e-dbe4-4e5f-b67c-ae98088f5cde@group-88B44F0D333A-SegmentedRaftLogWorker: flushIndex: setUnconditionally 0 -> -1
2019-09-24 11:41:23,627 [pool-322-thread-1] INFO  server.RaftServerConfigKeys (ConfUtils.java:logGet(43)) - raft.server.snapshot.auto.trigger.threshold = 10000 (custom)
2019-09-24 11:41:23,627 [pool-332-thread-1] INFO  server.RaftServerConfigKeys (ConfUtils.java:logGet(43)) - raft.server.snapshot.auto.trigger.enabled = true (custom)
2019-09-24 11:41:23,627 [pool-322-thread-1] INFO  server.RaftServerConfigKeys (ConfUtils.java:logGet(43)) - raft.server.snapshot.retention.num.files = 5 (custom)
2019-09-24 11:41:23,627 [pool-332-thread-1] INFO  server.RaftServerConfigKeys (ConfUtils.java:logGet(43)) - raft.server.snapshot.auto.trigger.threshold = 10000 (custom)
2019-09-24 11:41:23,627 [pool-322-thread-1] INFO  server.RaftServerConfigKeys (ConfUtils.java:logGet(43)) - raft.server.retrycache.expirytime = 600000ms (custom)
2019-09-24 11:41:23,627 [pool-332-thread-1] INFO  server.RaftServerConfigKeys (ConfUtils.java:logGet(43)) - raft.server.snapshot.retention.num.files = 5 (custom)
2019-09-24 11:41:23,627 [pool-332-thread-1] INFO  server.RaftServerConfigKeys (ConfUtils.java:logGet(43)) - raft.server.retrycache.expirytime = 600000ms (custom)
2019-09-24 11:41:23,629 [pool-322-thread-1] INFO  impl.RaftServerImpl (RaftServerImpl.java:start(185)) - 5233621a-f557-4e78-b33f-0dd3281b1b34@group-88B44F0D333A: start as a follower, conf=-1: [643e9d8e-4f99-42c5-a66a-284f0687bd5b:192.168.36.75:37560, 5233621a-f557-4e78-b33f-0dd3281b1b34:192.168.36.75:41613, 6580372e-dbe4-4e5f-b67c-ae98088f5cde:192.168.36.75:41540], old=null
2019-09-24 11:41:23,629 [pool-332-thread-1] INFO  impl.RaftServerImpl (RaftServerImpl.java:start(185)) - 6580372e-dbe4-4e5f-b67c-ae98088f5cde@group-88B44F0D333A: start as a follower, conf=-1: [643e9d8e-4f99-42c5-a66a-284f0687bd5b:192.168.36.75:37560, 5233621a-f557-4e78-b33f-0dd3281b1b34:192.168.36.75:41613, 6580372e-dbe4-4e5f-b67c-ae98088f5cde:192.168.36.75:41540], old=null
2019-09-24 11:41:23,629 [pool-322-thread-1] INFO  impl.RaftServerImpl (RaftServerImpl.java:setRole(174)) - 5233621a-f557-4e78-b33f-0dd3281b1b34@group-88B44F0D333A: changes role from      null to FOLLOWER at term 0 for startAsFollower
2019-09-24 11:41:23,629 [pool-332-thread-1] INFO  impl.RaftServerImpl (RaftServerImpl.java:setRole(174)) - 6580372e-dbe4-4e5f-b67c-ae98088f5cde@group-88B44F0D333A: changes role from      null to FOLLOWER at term 0 for startAsFollower
2019-09-24 11:41:23,629 [pool-322-thread-1] INFO  impl.RoleInfo (RoleInfo.java:updateAndGet(143)) - 5233621a-f557-4e78-b33f-0dd3281b1b34: start FollowerState
2019-09-24 11:41:23,630 [pool-332-thread-1] INFO  impl.RoleInfo (RoleInfo.java:updateAndGet(143)) - 6580372e-dbe4-4e5f-b67c-ae98088f5cde: start FollowerState
2019-09-24 11:41:23,630 [pool-332-thread-1] INFO  util.JmxRegister (JmxRegister.java:tryRegister(44)) - Successfully registered JMX Bean with object name Ratis:service=RaftServer,group=group-88B44F0D333A,id=6580372e-dbe4-4e5f-b67c-ae98088f5cde
2019-09-24 11:41:23,630 [pool-322-thread-1] INFO  util.JmxRegister (JmxRegister.java:tryRegister(44)) - Successfully registered JMX Bean with object name Ratis:service=RaftServer,group=group-88B44F0D333A,id=5233621a-f557-4e78-b33f-0dd3281b1b34
2019-09-24 11:41:23,638 [pool-292-thread-1] INFO  storage.RaftStorageDirectory (RaftStorageDirectory.java:tryLock(328)) - Lock on /workdir/hadoop-ozone/integration-test/target/test-dir/MiniOzoneClusterImpl-5d0df7c9-a72d-48a6-8b02-28236aa5d78e/datanode-0/data/ratis/f944d919-7970-477b-800e-88b44f0d333a/in_use.lock acquired by nodename 4183@pr-hdds-2166-cfpzp-170641675
2019-09-24 11:41:23,656 [pool-292-thread-1] INFO  storage.RaftStorage (RaftStorage.java:format(72)) - Storage directory /workdir/hadoop-ozone/integration-test/target/test-dir/MiniOzoneClusterImpl-5d0df7c9-a72d-48a6-8b02-28236aa5d78e/datanode-0/data/ratis/f944d919-7970-477b-800e-88b44f0d333a has been successfully formatted.
2019-09-24 11:41:23,657 [pool-292-thread-1] INFO  ratis.ContainerStateMachine (ContainerStateMachine.java:loadSnapshot(230)) - group-88B44F0D333A: The snapshot info is null. Setting the last applied indexto:(t:0, i:~)
2019-09-24 11:41:23,657 [pool-292-thread-1] INFO  server.RaftServerConfigKeys (ConfUtils.java:logGet(43)) - raft.server.notification.no-leader.timeout = 120s (custom)
2019-09-24 11:41:23,657 [pool-292-thread-1] INFO  server.RaftServerConfigKeys (ConfUtils.java:logGet(43)) - raft.server.log.use.memory = false (default)
2019-09-24 11:41:23,657 [pool-292-thread-1] INFO  server.RaftServerConfigKeys (ConfUtils.java:logGet(43)) - raft.server.log.purge.gap = 1000000 (custom)
2019-09-24 11:41:23,657 [pool-292-thread-1] INFO  server.RaftServerConfigKeys (ConfUtils.java:logGet(43)) - raft.server.log.appender.buffer.byte-limit = 33554432 (custom)
2019-09-24 11:41:23,657 [pool-292-thread-1] INFO  server.RaftServerConfigKeys (ConfUtils.java:logGet(43)) - raft.server.log.segment.size.max = 1048576 (custom)
2019-09-24 11:41:23,658 [pool-292-thread-1] INFO  server.RaftServerConfigKeys (ConfUtils.java:logGet(43)) - raft.server.log.segment.cache.num.max = 2 (custom)
2019-09-24 11:41:23,658 [pool-292-thread-1] INFO  segmented.SegmentedRaftLogWorker (SegmentedRaftLogWorker.java:<init>(172)) - new 643e9d8e-4f99-42c5-a66a-284f0687bd5b@group-88B44F0D333A-SegmentedRaftLogWorker for RaftStorage:Storage Directory /workdir/hadoop-ozone/integration-test/target/test-dir/MiniOzoneClusterImpl-5d0df7c9-a72d-48a6-8b02-28236aa5d78e/datanode-0/data/ratis/f944d919-7970-477b-800e-88b44f0d333a
2019-09-24 11:41:23,658 [pool-292-thread-1] INFO  server.RaftServerConfigKeys (ConfUtils.java:logGet(43)) - raft.server.log.queue.byte-limit = 2147483647 (custom)
2019-09-24 11:41:23,658 [pool-292-thread-1] INFO  server.RaftServerConfigKeys (ConfUtils.java:logGet(43)) - raft.server.log.queue.element-limit = 1024 (custom)
2019-09-24 11:41:23,658 [pool-292-thread-1] INFO  server.RaftServerConfigKeys (ConfUtils.java:logGet(43)) - raft.server.log.segment.size.max = 1048576 (custom)
2019-09-24 11:41:23,658 [pool-292-thread-1] INFO  server.RaftServerConfigKeys (ConfUtils.java:logGet(43)) - raft.server.log.preallocated.size = 16384 (custom)
2019-09-24 11:41:23,658 [pool-292-thread-1] INFO  server.RaftServerConfigKeys (ConfUtils.java:logGet(43)) - raft.server.log.write.buffer.size = 33554432 (custom)
2019-09-24 11:41:23,658 [pool-292-thread-1] INFO  server.RaftServerConfigKeys (ConfUtils.java:logGet(43)) - raft.server.log.force.sync.num = 128 (default)
2019-09-24 11:41:23,659 [pool-292-thread-1] INFO  server.RaftServerConfigKeys (ConfUtils.java:logGet(43)) - raft.server.log.statemachine.data.sync = true (default)
2019-09-24 11:41:23,659 [pool-292-thread-1] INFO  server.RaftServerConfigKeys (ConfUtils.java:logGet(43)) - raft.server.log.statemachine.data.sync.timeout = 10s (default)
2019-09-24 11:41:23,659 [pool-292-thread-1] INFO  server.RaftServerConfigKeys (ConfUtils.java:logGet(43)) - raft.server.log.statemachine.data.sync.timeout.retry = -1 (default)
2019-09-24 11:41:23,659 [pool-292-thread-1] INFO  server.RaftServerConfigKeys (ConfUtils.java:logGet(43)) - raft.server.log.statemachine.data.caching.enabled = true (custom)
2019-09-24 11:41:23,659 [pool-292-thread-1] INFO  segmented.SegmentedRaftLogWorker (SegmentedRaftLogWorker.java:lambda$new$0(132)) - 643e9d8e-4f99-42c5-a66a-284f0687bd5b@group-88B44F0D333A-SegmentedRaftLogWorker: flushIndex: setUnconditionally 0 -> -1
2019-09-24 11:41:23,660 [pool-292-thread-1] INFO  server.RaftServerConfigKeys (ConfUtils.java:logGet(43)) - raft.server.snapshot.auto.trigger.enabled = true (custom)
2019-09-24 11:41:23,660 [pool-292-thread-1] INFO  server.RaftServerConfigKeys (ConfUtils.java:logGet(43)) - raft.server.snapshot.auto.trigger.threshold = 10000 (custom)
2019-09-24 11:41:23,660 [pool-292-thread-1] INFO  server.RaftServerConfigKeys (ConfUtils.java:logGet(43)) - raft.server.snapshot.retention.num.files = 5 (custom)
2019-09-24 11:41:23,660 [pool-292-thread-1] INFO  server.RaftServerConfigKeys (ConfUtils.java:logGet(43)) - raft.server.retrycache.expirytime = 600000ms (custom)
2019-09-24 11:41:23,662 [pool-292-thread-1] INFO  impl.RaftServerImpl (RaftServerImpl.java:start(185)) - 643e9d8e-4f99-42c5-a66a-284f0687bd5b@group-0BFE7956F123: start as a follower, conf=-1: [643e9d8e-4f99-42c5-a66a-284f0687bd5b:192.168.36.75:37560], old=null
2019-09-24 11:41:23,662 [pool-292-thread-1] INFO  impl.RaftServerImpl (RaftServerImpl.java:setRole(174)) - 643e9d8e-4f99-42c5-a66a-284f0687bd5b@group-0BFE7956F123: changes role from      null to FOLLOWER at term 0 for startAsFollower
2019-09-24 11:41:23,662 [pool-292-thread-1] INFO  impl.RoleInfo (RoleInfo.java:updateAndGet(143)) - 643e9d8e-4f99-42c5-a66a-284f0687bd5b: start FollowerState
2019-09-24 11:41:23,662 [pool-292-thread-1] INFO  util.JmxRegister (JmxRegister.java:tryRegister(44)) - Successfully registered JMX Bean with object name Ratis:service=RaftServer,group=group-0BFE7956F123,id=643e9d8e-4f99-42c5-a66a-284f0687bd5b
2019-09-24 11:41:23,663 [pool-292-thread-1] INFO  impl.RaftServerImpl (RaftServerImpl.java:start(185)) - 643e9d8e-4f99-42c5-a66a-284f0687bd5b@group-88B44F0D333A: start as a follower, conf=-1: [643e9d8e-4f99-42c5-a66a-284f0687bd5b:192.168.36.75:37560, 5233621a-f557-4e78-b33f-0dd3281b1b34:192.168.36.75:41613, 6580372e-dbe4-4e5f-b67c-ae98088f5cde:192.168.36.75:41540], old=null
2019-09-24 11:41:23,663 [pool-292-thread-1] INFO  impl.RaftServerImpl (RaftServerImpl.java:setRole(174)) - 643e9d8e-4f99-42c5-a66a-284f0687bd5b@group-88B44F0D333A: changes role from      null to FOLLOWER at term 0 for startAsFollower
2019-09-24 11:41:23,663 [pool-292-thread-1] INFO  impl.RoleInfo (RoleInfo.java:updateAndGet(143)) - 643e9d8e-4f99-42c5-a66a-284f0687bd5b: start FollowerState
2019-09-24 11:41:23,663 [pool-292-thread-1] INFO  util.JmxRegister (JmxRegister.java:tryRegister(44)) - Successfully registered JMX Bean with object name Ratis:service=RaftServer,group=group-88B44F0D333A,id=643e9d8e-4f99-42c5-a66a-284f0687bd5b
2019-09-24 11:41:23,665 [RatisPipelineUtilsThread] INFO  pipeline.PipelineStateManager (PipelineStateManager.java:addPipeline(56)) - Created pipeline Pipeline[ Id: f944d919-7970-477b-800e-88b44f0d333a, Nodes: 6580372e-dbe4-4e5f-b67c-ae98088f5cde{ip: 192.168.36.75, host: pr-hdds-2166-cfpzp-170641675, networkLocation: /default-rack, certSerialId: null}643e9d8e-4f99-42c5-a66a-284f0687bd5b{ip: 192.168.36.75, host: pr-hdds-2166-cfpzp-170641675, networkLocation: /default-rack, certSerialId: null}5233621a-f557-4e78-b33f-0dd3281b1b34{ip: 192.168.36.75, host: pr-hdds-2166-cfpzp-170641675, networkLocation: /default-rack, certSerialId: null}, Type:RATIS, Factor:THREE, State:OPEN]
2019-09-24 11:41:23,681 [grpc-default-executor-5] INFO  impl.RaftServerProxy (RaftServerProxy.java:addNew(89)) - ada62c6a-1c54-4530-b54d-914239af4641: addNew group-12B47C4E708E:[ada62c6a-1c54-4530-b54d-914239af4641:192.168.36.75:34963, ad7d9de2-3d2e-4449-be67-7700fbbd2254:192.168.36.75:39888, 529ebe6e-d9ef-4104-9a91-06bed023192c:192.168.36.75:44072] returns group-12B47C4E708E:java.util.concurrent.CompletableFuture@8a32518[Not completed]
2019-09-24 11:41:23,684 [grpc-default-executor-2] INFO  impl.RaftServerProxy (RaftServerProxy.java:addNew(89)) - 529ebe6e-d9ef-4104-9a91-06bed023192c: addNew group-12B47C4E708E:[ada62c6a-1c54-4530-b54d-914239af4641:192.168.36.75:34963, ad7d9de2-3d2e-4449-be67-7700fbbd2254:192.168.36.75:39888, 529ebe6e-d9ef-4104-9a91-06bed023192c:192.168.36.75:44072] returns group-12B47C4E708E:java.util.concurrent.CompletableFuture@626eb8a5[Not completed]
2019-09-24 11:41:23,685 [grpc-default-executor-9] INFO  impl.RaftServerProxy (RaftServerProxy.java:addNew(89)) - ad7d9de2-3d2e-4449-be67-7700fbbd2254: addNew group-12B47C4E708E:[ada62c6a-1c54-4530-b54d-914239af4641:192.168.36.75:34963, ad7d9de2-3d2e-4449-be67-7700fbbd2254:192.168.36.75:39888, 529ebe6e-d9ef-4104-9a91-06bed023192c:192.168.36.75:44072] returns group-12B47C4E708E:java.util.concurrent.CompletableFuture@75c9c143[Not completed]
2019-09-24 11:41:23,686 [pool-342-thread-1] INFO  impl.RaftServerImpl (RaftServerImpl.java:<init>(95)) - ada62c6a-1c54-4530-b54d-914239af4641: new RaftServerImpl for group-12B47C4E708E:[ada62c6a-1c54-4530-b54d-914239af4641:192.168.36.75:34963, ad7d9de2-3d2e-4449-be67-7700fbbd2254:192.168.36.75:39888, 529ebe6e-d9ef-4104-9a91-06bed023192c:192.168.36.75:44072] with ContainerStateMachine:uninitialized
2019-09-24 11:41:23,686 [pool-342-thread-1] INFO  server.RaftServerConfigKeys (ConfUtils.java:logGet(43)) - raft.server.rpc.timeout.min = 5s (custom)
2019-09-24 11:41:23,686 [pool-342-thread-1] INFO  server.RaftServerConfigKeys (ConfUtils.java:logGet(43)) - raft.server.rpc.timeout.max = 5200ms (custom)
2019-09-24 11:41:23,686 [pool-342-thread-1] INFO  server.RaftServerConfigKeys (ConfUtils.java:logGet(43)) - raft.server.rpcslowness.timeout = 120s (custom)
2019-09-24 11:41:23,686 [pool-312-thread-1] INFO  impl.RaftServerImpl (RaftServerImpl.java:<init>(95)) - 529ebe6e-d9ef-4104-9a91-06bed023192c: new RaftServerImpl for group-12B47C4E708E:[ada62c6a-1c54-4530-b54d-914239af4641:192.168.36.75:34963, ad7d9de2-3d2e-4449-be67-7700fbbd2254:192.168.36.75:39888, 529ebe6e-d9ef-4104-9a91-06bed023192c:192.168.36.75:44072] with ContainerStateMachine:uninitialized
2019-09-24 11:41:23,686 [pool-342-thread-1] INFO  server.RaftServerConfigKeys (ConfUtils.java:logGet(43)) - raft.server.sleep.deviation.threshold = 300 (default)
2019-09-24 11:41:23,686 [pool-312-thread-1] INFO  server.RaftServerConfigKeys (ConfUtils.java:logGet(43)) - raft.server.rpc.timeout.min = 5s (custom)
2019-09-24 11:41:23,686 [pool-342-thread-1] INFO  server.RaftServerConfigKeys (ConfUtils.java:logGet(43)) - raft.server.log.appender.install.snapshot.enabled = false (custom)
2019-09-24 11:41:23,686 [pool-352-thread-1] INFO  impl.RaftServerImpl (RaftServerImpl.java:<init>(95)) - ad7d9de2-3d2e-4449-be67-7700fbbd2254: new RaftServerImpl for group-12B47C4E708E:[ada62c6a-1c54-4530-b54d-914239af4641:192.168.36.75:34963, ad7d9de2-3d2e-4449-be67-7700fbbd2254:192.168.36.75:39888, 529ebe6e-d9ef-4104-9a91-06bed023192c:192.168.36.75:44072] with ContainerStateMachine:uninitialized
2019-09-24 11:41:23,687 [pool-342-thread-1] INFO  impl.RaftServerImpl (ServerState.java:<init>(103)) - ada62c6a-1c54-4530-b54d-914239af4641@group-12B47C4E708E: ConfigurationManager, init=-1: [ada62c6a-1c54-4530-b54d-914239af4641:192.168.36.75:34963, ad7d9de2-3d2e-4449-be67-7700fbbd2254:192.168.36.75:39888, 529ebe6e-d9ef-4104-9a91-06bed023192c:192.168.36.75:44072], old=null, confs=<EMPTY_MAP>
2019-09-24 11:41:23,686 [pool-312-thread-1] INFO  server.RaftServerConfigKeys (ConfUtils.java:logGet(43)) - raft.server.rpc.timeout.max = 5200ms (custom)
2019-09-24 11:41:23,687 [pool-352-thread-1] INFO  server.RaftServerConfigKeys (ConfUtils.java:logGet(43)) - raft.server.rpc.timeout.min = 5s (custom)
2019-09-24 11:41:23,687 [pool-312-thread-1] INFO  server.RaftServerConfigKeys (ConfUtils.java:logGet(43)) - raft.server.rpcslowness.timeout = 120s (custom)
2019-09-24 11:41:23,687 [pool-342-thread-1] INFO  server.RaftServerConfigKeys (ConfUtils.java:logGet(43)) - raft.server.storage.dir = [/workdir/hadoop-ozone/integration-test/target/test-dir/MiniOzoneClusterImpl-5d0df7c9-a72d-48a6-8b02-28236aa5d78e/datanode-5/data/ratis] (custom)
2019-09-24 11:41:23,687 [pool-312-thread-1] INFO  server.RaftServerConfigKeys (ConfUtils.java:logGet(43)) - raft.server.sleep.deviation.threshold = 300 (default)
2019-09-24 11:41:23,687 [pool-352-thread-1] INFO  server.RaftServerConfigKeys (ConfUtils.java:logGet(43)) - raft.server.rpc.timeout.max = 5200ms (custom)
2019-09-24 11:41:23,687 [pool-312-thread-1] INFO  server.RaftServerConfigKeys (ConfUtils.java:logGet(43)) - raft.server.log.appender.install.snapshot.enabled = false (custom)
2019-09-24 11:41:23,687 [pool-342-thread-1] INFO  storage.RaftStorageDirectory (RaftStorageDirectory.java:analyzeStorage(246)) - The storage directory /workdir/hadoop-ozone/integration-test/target/test-dir/MiniOzoneClusterImpl-5d0df7c9-a72d-48a6-8b02-28236aa5d78e/datanode-5/data/ratis/2965dfbc-c309-4288-8aa1-12b47c4e708e does not exist. Creating ...
2019-09-24 11:41:23,687 [pool-352-thread-1] INFO  server.RaftServerConfigKeys (ConfUtils.java:logGet(43)) - raft.server.rpcslowness.timeout = 120s (custom)
2019-09-24 11:41:23,687 [pool-312-thread-1] INFO  impl.RaftServerImpl (ServerState.java:<init>(103)) - 529ebe6e-d9ef-4104-9a91-06bed023192c@group-12B47C4E708E: ConfigurationManager, init=-1: [ada62c6a-1c54-4530-b54d-914239af4641:192.168.36.75:34963, ad7d9de2-3d2e-4449-be67-7700fbbd2254:192.168.36.75:39888, 529ebe6e-d9ef-4104-9a91-06bed023192c:192.168.36.75:44072], old=null, confs=<EMPTY_MAP>
2019-09-24 11:41:23,688 [pool-352-thread-1] INFO  server.RaftServerConfigKeys (ConfUtils.java:logGet(43)) - raft.server.sleep.deviation.threshold = 300 (default)
2019-09-24 11:41:23,688 [pool-312-thread-1] INFO  server.RaftServerConfigKeys (ConfUtils.java:logGet(43)) - raft.server.storage.dir = [/workdir/hadoop-ozone/integration-test/target/test-dir/MiniOzoneClusterImpl-5d0df7c9-a72d-48a6-8b02-28236aa5d78e/datanode-2/data/ratis] (custom)
2019-09-24 11:41:23,688 [pool-352-thread-1] INFO  server.RaftServerConfigKeys (ConfUtils.java:logGet(43)) - raft.server.log.appender.install.snapshot.enabled = false (custom)
2019-09-24 11:41:23,688 [pool-352-thread-1] INFO  impl.RaftServerImpl (ServerState.java:<init>(103)) - ad7d9de2-3d2e-4449-be67-7700fbbd2254@group-12B47C4E708E: ConfigurationManager, init=-1: [ada62c6a-1c54-4530-b54d-914239af4641:192.168.36.75:34963, ad7d9de2-3d2e-4449-be67-7700fbbd2254:192.168.36.75:39888, 529ebe6e-d9ef-4104-9a91-06bed023192c:192.168.36.75:44072], old=null, confs=<EMPTY_MAP>
2019-09-24 11:41:23,688 [pool-312-thread-1] INFO  storage.RaftStorageDirectory (RaftStorageDirectory.java:analyzeStorage(246)) - The storage directory /workdir/hadoop-ozone/integration-test/target/test-dir/MiniOzoneClusterImpl-5d0df7c9-a72d-48a6-8b02-28236aa5d78e/datanode-2/data/ratis/2965dfbc-c309-4288-8aa1-12b47c4e708e does not exist. Creating ...
2019-09-24 11:41:23,688 [pool-352-thread-1] INFO  server.RaftServerConfigKeys (ConfUtils.java:logGet(43)) - raft.server.storage.dir = [/workdir/hadoop-ozone/integration-test/target/test-dir/MiniOzoneClusterImpl-5d0df7c9-a72d-48a6-8b02-28236aa5d78e/datanode-6/data/ratis] (custom)
2019-09-24 11:41:23,688 [pool-352-thread-1] INFO  storage.RaftStorageDirectory (RaftStorageDirectory.java:analyzeStorage(246)) - The storage directory /workdir/hadoop-ozone/integration-test/target/test-dir/MiniOzoneClusterImpl-5d0df7c9-a72d-48a6-8b02-28236aa5d78e/datanode-6/data/ratis/2965dfbc-c309-4288-8aa1-12b47c4e708e does not exist. Creating ...
2019-09-24 11:41:23,700 [pool-312-thread-1] INFO  storage.RaftStorageDirectory (RaftStorageDirectory.java:tryLock(328)) - Lock on /workdir/hadoop-ozone/integration-test/target/test-dir/MiniOzoneClusterImpl-5d0df7c9-a72d-48a6-8b02-28236aa5d78e/datanode-2/data/ratis/2965dfbc-c309-4288-8aa1-12b47c4e708e/in_use.lock acquired by nodename 4183@pr-hdds-2166-cfpzp-170641675
2019-09-24 11:41:23,700 [pool-342-thread-1] INFO  storage.RaftStorageDirectory (RaftStorageDirectory.java:tryLock(328)) - Lock on /workdir/hadoop-ozone/integration-test/target/test-dir/MiniOzoneClusterImpl-5d0df7c9-a72d-48a6-8b02-28236aa5d78e/datanode-5/data/ratis/2965dfbc-c309-4288-8aa1-12b47c4e708e/in_use.lock acquired by nodename 4183@pr-hdds-2166-cfpzp-170641675
2019-09-24 11:41:23,700 [pool-352-thread-1] INFO  storage.RaftStorageDirectory (RaftStorageDirectory.java:tryLock(328)) - Lock on /workdir/hadoop-ozone/integration-test/target/test-dir/MiniOzoneClusterImpl-5d0df7c9-a72d-48a6-8b02-28236aa5d78e/datanode-6/data/ratis/2965dfbc-c309-4288-8aa1-12b47c4e708e/in_use.lock acquired by nodename 4183@pr-hdds-2166-cfpzp-170641675
2019-09-24 11:41:23,715 [pool-312-thread-1] INFO  storage.RaftStorage (RaftStorage.java:format(72)) - Storage directory /workdir/hadoop-ozone/integration-test/target/test-dir/MiniOzoneClusterImpl-5d0df7c9-a72d-48a6-8b02-28236aa5d78e/datanode-2/data/ratis/2965dfbc-c309-4288-8aa1-12b47c4e708e has been successfully formatted.
2019-09-24 11:41:23,715 [pool-342-thread-1] INFO  storage.RaftStorage (RaftStorage.java:format(72)) - Storage directory /workdir/hadoop-ozone/integration-test/target/test-dir/MiniOzoneClusterImpl-5d0df7c9-a72d-48a6-8b02-28236aa5d78e/datanode-5/data/ratis/2965dfbc-c309-4288-8aa1-12b47c4e708e has been successfully formatted.
2019-09-24 11:41:23,715 [pool-352-thread-1] INFO  storage.RaftStorage (RaftStorage.java:format(72)) - Storage directory /workdir/hadoop-ozone/integration-test/target/test-dir/MiniOzoneClusterImpl-5d0df7c9-a72d-48a6-8b02-28236aa5d78e/datanode-6/data/ratis/2965dfbc-c309-4288-8aa1-12b47c4e708e has been successfully formatted.
2019-09-24 11:41:23,715 [pool-342-thread-1] INFO  ratis.ContainerStateMachine (ContainerStateMachine.java:loadSnapshot(230)) - group-12B47C4E708E: The snapshot info is null. Setting the last applied indexto:(t:0, i:~)
2019-09-24 11:41:23,715 [pool-352-thread-1] INFO  ratis.ContainerStateMachine (ContainerStateMachine.java:loadSnapshot(230)) - group-12B47C4E708E: The snapshot info is null. Setting the last applied indexto:(t:0, i:~)
2019-09-24 11:41:23,715 [pool-312-thread-1] INFO  ratis.ContainerStateMachine (ContainerStateMachine.java:loadSnapshot(230)) - group-12B47C4E708E: The snapshot info is null. Setting the last applied indexto:(t:0, i:~)
2019-09-24 11:41:23,715 [pool-352-thread-1] INFO  server.RaftServerConfigKeys (ConfUtils.java:logGet(43)) - raft.server.notification.no-leader.timeout = 120s (custom)
2019-09-24 11:41:23,715 [pool-342-thread-1] INFO  server.RaftServerConfigKeys (ConfUtils.java:logGet(43)) - raft.server.notification.no-leader.timeout = 120s (custom)
2019-09-24 11:41:23,716 [pool-352-thread-1] INFO  server.RaftServerConfigKeys (ConfUtils.java:logGet(43)) - raft.server.log.use.memory = false (default)
2019-09-24 11:41:23,715 [pool-312-thread-1] INFO  server.RaftServerConfigKeys (ConfUtils.java:logGet(43)) - raft.server.notification.no-leader.timeout = 120s (custom)
2019-09-24 11:41:23,716 [pool-352-thread-1] INFO  server.RaftServerConfigKeys (ConfUtils.java:logGet(43)) - raft.server.log.purge.gap = 1000000 (custom)
2019-09-24 11:41:23,716 [pool-342-thread-1] INFO  server.RaftServerConfigKeys (ConfUtils.java:logGet(43)) - raft.server.log.use.memory = false (default)
2019-09-24 11:41:23,716 [pool-352-thread-1] INFO  server.RaftServerConfigKeys (ConfUtils.java:logGet(43)) - raft.server.log.appender.buffer.byte-limit = 33554432 (custom)
2019-09-24 11:41:23,716 [pool-312-thread-1] INFO  server.RaftServerConfigKeys (ConfUtils.java:logGet(43)) - raft.server.log.use.memory = false (default)
2019-09-24 11:41:23,716 [pool-352-thread-1] INFO  server.RaftServerConfigKeys (ConfUtils.java:logGet(43)) - raft.server.log.segment.size.max = 1048576 (custom)
2019-09-24 11:41:23,716 [pool-342-thread-1] INFO  server.RaftServerConfigKeys (ConfUtils.java:logGet(43)) - raft.server.log.purge.gap = 1000000 (custom)
2019-09-24 11:41:23,716 [pool-352-thread-1] INFO  server.RaftServerConfigKeys (ConfUtils.java:logGet(43)) - raft.server.log.segment.cache.num.max = 2 (custom)
2019-09-24 11:41:23,716 [pool-312-thread-1] INFO  server.RaftServerConfigKeys (ConfUtils.java:logGet(43)) - raft.server.log.purge.gap = 1000000 (custom)
2019-09-24 11:41:23,716 [pool-352-thread-1] INFO  segmented.SegmentedRaftLogWorker (SegmentedRaftLogWorker.java:<init>(172)) - new ad7d9de2-3d2e-4449-be67-7700fbbd2254@group-12B47C4E708E-SegmentedRaftLogWorker for RaftStorage:Storage Directory /workdir/hadoop-ozone/integration-test/target/test-dir/MiniOzoneClusterImpl-5d0df7c9-a72d-48a6-8b02-28236aa5d78e/datanode-6/data/ratis/2965dfbc-c309-4288-8aa1-12b47c4e708e
2019-09-24 11:41:23,716 [pool-342-thread-1] INFO  server.RaftServerConfigKeys (ConfUtils.java:logGet(43)) - raft.server.log.appender.buffer.byte-limit = 33554432 (custom)
2019-09-24 11:41:23,716 [pool-312-thread-1] INFO  server.RaftServerConfigKeys (ConfUtils.java:logGet(43)) - raft.server.log.appender.buffer.byte-limit = 33554432 (custom)
2019-09-24 11:41:23,717 [pool-342-thread-1] INFO  server.RaftServerConfigKeys (ConfUtils.java:logGet(43)) - raft.server.log.segment.size.max = 1048576 (custom)
2019-09-24 11:41:23,717 [pool-312-thread-1] INFO  server.RaftServerConfigKeys (ConfUtils.java:logGet(43)) - raft.server.log.segment.size.max = 1048576 (custom)
2019-09-24 11:41:23,717 [pool-342-thread-1] INFO  server.RaftServerConfigKeys (ConfUtils.java:logGet(43)) - raft.server.log.segment.cache.num.max = 2 (custom)
2019-09-24 11:41:23,717 [pool-312-thread-1] INFO  server.RaftServerConfigKeys (ConfUtils.java:logGet(43)) - raft.server.log.segment.cache.num.max = 2 (custom)
2019-09-24 11:41:23,717 [pool-342-thread-1] INFO  segmented.SegmentedRaftLogWorker (SegmentedRaftLogWorker.java:<init>(172)) - new ada62c6a-1c54-4530-b54d-914239af4641@group-12B47C4E708E-SegmentedRaftLogWorker for RaftStorage:Storage Directory /workdir/hadoop-ozone/integration-test/target/test-dir/MiniOzoneClusterImpl-5d0df7c9-a72d-48a6-8b02-28236aa5d78e/datanode-5/data/ratis/2965dfbc-c309-4288-8aa1-12b47c4e708e
2019-09-24 11:41:23,717 [pool-312-thread-1] INFO  segmented.SegmentedRaftLogWorker (SegmentedRaftLogWorker.java:<init>(172)) - new 529ebe6e-d9ef-4104-9a91-06bed023192c@group-12B47C4E708E-SegmentedRaftLogWorker for RaftStorage:Storage Directory /workdir/hadoop-ozone/integration-test/target/test-dir/MiniOzoneClusterImpl-5d0df7c9-a72d-48a6-8b02-28236aa5d78e/datanode-2/data/ratis/2965dfbc-c309-4288-8aa1-12b47c4e708e
2019-09-24 11:41:23,718 [pool-352-thread-1] INFO  server.RaftServerConfigKeys (ConfUtils.java:logGet(43)) - raft.server.log.queue.byte-limit = 2147483647 (custom)
2019-09-24 11:41:23,718 [pool-352-thread-1] INFO  server.RaftServerConfigKeys (ConfUtils.java:logGet(43)) - raft.server.log.queue.element-limit = 1024 (custom)
2019-09-24 11:41:23,718 [pool-352-thread-1] INFO  server.RaftServerConfigKeys (ConfUtils.java:logGet(43)) - raft.server.log.segment.size.max = 1048576 (custom)
2019-09-24 11:41:23,718 [pool-352-thread-1] INFO  server.RaftServerConfigKeys (ConfUtils.java:logGet(43)) - raft.server.log.preallocated.size = 16384 (custom)
2019-09-24 11:41:23,718 [pool-352-thread-1] INFO  server.RaftServerConfigKeys (ConfUtils.java:logGet(43)) - raft.server.log.write.buffer.size = 33554432 (custom)
2019-09-24 11:41:23,719 [pool-352-thread-1] INFO  server.RaftServerConfigKeys (ConfUtils.java:logGet(43)) - raft.server.log.force.sync.num = 128 (default)
2019-09-24 11:41:23,719 [pool-352-thread-1] INFO  server.RaftServerConfigKeys (ConfUtils.java:logGet(43)) - raft.server.log.statemachine.data.sync = true (default)
2019-09-24 11:41:23,719 [pool-352-thread-1] INFO  server.RaftServerConfigKeys (ConfUtils.java:logGet(43)) - raft.server.log.statemachine.data.sync.timeout = 10s (default)
2019-09-24 11:41:23,719 [pool-352-thread-1] INFO  server.RaftServerConfigKeys (ConfUtils.java:logGet(43)) - raft.server.log.statemachine.data.sync.timeout.retry = -1 (default)
2019-09-24 11:41:23,719 [pool-352-thread-1] INFO  server.RaftServerConfigKeys (ConfUtils.java:logGet(43)) - raft.server.log.statemachine.data.caching.enabled = true (custom)
2019-09-24 11:41:23,719 [pool-342-thread-1] INFO  server.RaftServerConfigKeys (ConfUtils.java:logGet(43)) - raft.server.log.queue.byte-limit = 2147483647 (custom)
2019-09-24 11:41:23,719 [pool-342-thread-1] INFO  server.RaftServerConfigKeys (ConfUtils.java:logGet(43)) - raft.server.log.queue.element-limit = 1024 (custom)
2019-09-24 11:41:23,719 [pool-352-thread-1] INFO  segmented.SegmentedRaftLogWorker (SegmentedRaftLogWorker.java:lambda$new$0(132)) - ad7d9de2-3d2e-4449-be67-7700fbbd2254@group-12B47C4E708E-SegmentedRaftLogWorker: flushIndex: setUnconditionally 0 -> -1
2019-09-24 11:41:23,719 [pool-312-thread-1] INFO  server.RaftServerConfigKeys (ConfUtils.java:logGet(43)) - raft.server.log.queue.byte-limit = 2147483647 (custom)
2019-09-24 11:41:23,719 [pool-342-thread-1] INFO  server.RaftServerConfigKeys (ConfUtils.java:logGet(43)) - raft.server.log.segment.size.max = 1048576 (custom)
2019-09-24 11:41:23,720 [pool-312-thread-1] INFO  server.RaftServerConfigKeys (ConfUtils.java:logGet(43)) - raft.server.log.queue.element-limit = 1024 (custom)
2019-09-24 11:41:23,720 [pool-352-thread-1] INFO  server.RaftServerConfigKeys (ConfUtils.java:logGet(43)) - raft.server.snapshot.auto.trigger.enabled = true (custom)
2019-09-24 11:41:23,720 [pool-312-thread-1] INFO  server.RaftServerConfigKeys (ConfUtils.java:logGet(43)) - raft.server.log.segment.size.max = 1048576 (custom)
2019-09-24 11:41:23,720 [pool-342-thread-1] INFO  server.RaftServerConfigKeys (ConfUtils.java:logGet(43)) - raft.server.log.preallocated.size = 16384 (custom)
2019-09-24 11:41:23,720 [pool-312-thread-1] INFO  server.RaftServerConfigKeys (ConfUtils.java:logGet(43)) - raft.server.log.preallocated.size = 16384 (custom)
2019-09-24 11:41:23,720 [pool-352-thread-1] INFO  server.RaftServerConfigKeys (ConfUtils.java:logGet(43)) - raft.server.snapshot.auto.trigger.threshold = 10000 (custom)
2019-09-24 11:41:23,720 [pool-312-thread-1] INFO  server.RaftServerConfigKeys (ConfUtils.java:logGet(43)) - raft.server.log.write.buffer.size = 33554432 (custom)
2019-09-24 11:41:23,720 [pool-342-thread-1] INFO  server.RaftServerConfigKeys (ConfUtils.java:logGet(43)) - raft.server.log.write.buffer.size = 33554432 (custom)
2019-09-24 11:41:23,721 [pool-312-thread-1] INFO  server.RaftServerConfigKeys (ConfUtils.java:logGet(43)) - raft.server.log.force.sync.num = 128 (default)
2019-09-24 11:41:23,720 [pool-352-thread-1] INFO  server.RaftServerConfigKeys (ConfUtils.java:logGet(43)) - raft.server.snapshot.retention.num.files = 5 (custom)
2019-09-24 11:41:23,721 [pool-312-thread-1] INFO  server.RaftServerConfigKeys (ConfUtils.java:logGet(43)) - raft.server.log.statemachine.data.sync = true (default)
2019-09-24 11:41:23,721 [pool-342-thread-1] INFO  server.RaftServerConfigKeys (ConfUtils.java:logGet(43)) - raft.server.log.force.sync.num = 128 (default)
2019-09-24 11:41:23,721 [pool-312-thread-1] INFO  server.RaftServerConfigKeys (ConfUtils.java:logGet(43)) - raft.server.log.statemachine.data.sync.timeout = 10s (default)
2019-09-24 11:41:23,721 [pool-352-thread-1] INFO  server.RaftServerConfigKeys (ConfUtils.java:logGet(43)) - raft.server.retrycache.expirytime = 600000ms (custom)
2019-09-24 11:41:23,721 [pool-312-thread-1] INFO  server.RaftServerConfigKeys (ConfUtils.java:logGet(43)) - raft.server.log.statemachine.data.sync.timeout.retry = -1 (default)
2019-09-24 11:41:23,721 [pool-342-thread-1] INFO  server.RaftServerConfigKeys (ConfUtils.java:logGet(43)) - raft.server.log.statemachine.data.sync = true (default)
2019-09-24 11:41:23,722 [pool-312-thread-1] INFO  server.RaftServerConfigKeys (ConfUtils.java:logGet(43)) - raft.server.log.statemachine.data.caching.enabled = true (custom)
2019-09-24 11:41:23,722 [pool-342-thread-1] INFO  server.RaftServerConfigKeys (ConfUtils.java:logGet(43)) - raft.server.log.statemachine.data.sync.timeout = 10s (default)
2019-09-24 11:41:23,722 [pool-342-thread-1] INFO  server.RaftServerConfigKeys (ConfUtils.java:logGet(43)) - raft.server.log.statemachine.data.sync.timeout.retry = -1 (default)
2019-09-24 11:41:23,722 [pool-312-thread-1] INFO  segmented.SegmentedRaftLogWorker (SegmentedRaftLogWorker.java:lambda$new$0(132)) - 529ebe6e-d9ef-4104-9a91-06bed023192c@group-12B47C4E708E-SegmentedRaftLogWorker: flushIndex: setUnconditionally 0 -> -1
2019-09-24 11:41:23,722 [pool-342-thread-1] INFO  server.RaftServerConfigKeys (ConfUtils.java:logGet(43)) - raft.server.log.statemachine.data.caching.enabled = true (custom)
2019-09-24 11:41:23,722 [pool-312-thread-1] INFO  server.RaftServerConfigKeys (ConfUtils.java:logGet(43)) - raft.server.snapshot.auto.trigger.enabled = true (custom)
2019-09-24 11:41:23,722 [pool-342-thread-1] INFO  segmented.SegmentedRaftLogWorker (SegmentedRaftLogWorker.java:lambda$new$0(132)) - ada62c6a-1c54-4530-b54d-914239af4641@group-12B47C4E708E-SegmentedRaftLogWorker: flushIndex: setUnconditionally 0 -> -1
2019-09-24 11:41:23,722 [pool-312-thread-1] INFO  server.RaftServerConfigKeys (ConfUtils.java:logGet(43)) - raft.server.snapshot.auto.trigger.threshold = 10000 (custom)
2019-09-24 11:41:23,723 [pool-342-thread-1] INFO  server.RaftServerConfigKeys (ConfUtils.java:logGet(43)) - raft.server.snapshot.auto.trigger.enabled = true (custom)
2019-09-24 11:41:23,723 [pool-352-thread-1] INFO  impl.RaftServerImpl (RaftServerImpl.java:start(185)) - ad7d9de2-3d2e-4449-be67-7700fbbd2254@group-12B47C4E708E: start as a follower, conf=-1: [ada62c6a-1c54-4530-b54d-914239af4641:192.168.36.75:34963, ad7d9de2-3d2e-4449-be67-7700fbbd2254:192.168.36.75:39888, 529ebe6e-d9ef-4104-9a91-06bed023192c:192.168.36.75:44072], old=null
2019-09-24 11:41:23,723 [pool-342-thread-1] INFO  server.RaftServerConfigKeys (ConfUtils.java:logGet(43)) - raft.server.snapshot.auto.trigger.threshold = 10000 (custom)
2019-09-24 11:41:23,723 [pool-312-thread-1] INFO  server.RaftServerConfigKeys (ConfUtils.java:logGet(43)) - raft.server.snapshot.retention.num.files = 5 (custom)
2019-09-24 11:41:23,723 [pool-342-thread-1] INFO  server.RaftServerConfigKeys (ConfUtils.java:logGet(43)) - raft.server.snapshot.retention.num.files = 5 (custom)
2019-09-24 11:41:23,723 [pool-352-thread-1] INFO  impl.RaftServerImpl (RaftServerImpl.java:setRole(174)) - ad7d9de2-3d2e-4449-be67-7700fbbd2254@group-12B47C4E708E: changes role from      null to FOLLOWER at term 0 for startAsFollower
2019-09-24 11:41:23,723 [pool-342-thread-1] INFO  server.RaftServerConfigKeys (ConfUtils.java:logGet(43)) - raft.server.retrycache.expirytime = 600000ms (custom)
2019-09-24 11:41:23,723 [pool-312-thread-1] INFO  server.RaftServerConfigKeys (ConfUtils.java:logGet(43)) - raft.server.retrycache.expirytime = 600000ms (custom)
2019-09-24 11:41:23,723 [pool-352-thread-1] INFO  impl.RoleInfo (RoleInfo.java:updateAndGet(143)) - ad7d9de2-3d2e-4449-be67-7700fbbd2254: start FollowerState
2019-09-24 11:41:23,724 [pool-352-thread-1] INFO  util.JmxRegister (JmxRegister.java:tryRegister(44)) - Successfully registered JMX Bean with object name Ratis:service=RaftServer,group=group-12B47C4E708E,id=ad7d9de2-3d2e-4449-be67-7700fbbd2254
2019-09-24 11:41:23,725 [pool-342-thread-1] INFO  impl.RaftServerImpl (RaftServerImpl.java:start(185)) - ada62c6a-1c54-4530-b54d-914239af4641@group-12B47C4E708E: start as a follower, conf=-1: [ada62c6a-1c54-4530-b54d-914239af4641:192.168.36.75:34963, ad7d9de2-3d2e-4449-be67-7700fbbd2254:192.168.36.75:39888, 529ebe6e-d9ef-4104-9a91-06bed023192c:192.168.36.75:44072], old=null
2019-09-24 11:41:23,725 [pool-342-thread-1] INFO  impl.RaftServerImpl (RaftServerImpl.java:setRole(174)) - ada62c6a-1c54-4530-b54d-914239af4641@group-12B47C4E708E: changes role from      null to FOLLOWER at term 0 for startAsFollower
2019-09-24 11:41:23,725 [pool-342-thread-1] INFO  impl.RoleInfo (RoleInfo.java:updateAndGet(143)) - ada62c6a-1c54-4530-b54d-914239af4641: start FollowerState
2019-09-24 11:41:23,725 [pool-312-thread-1] INFO  impl.RaftServerImpl (RaftServerImpl.java:start(185)) - 529ebe6e-d9ef-4104-9a91-06bed023192c@group-12B47C4E708E: start as a follower, conf=-1: [ada62c6a-1c54-4530-b54d-914239af4641:192.168.36.75:34963, ad7d9de2-3d2e-4449-be67-7700fbbd2254:192.168.36.75:39888, 529ebe6e-d9ef-4104-9a91-06bed023192c:192.168.36.75:44072], old=null
2019-09-24 11:41:23,725 [pool-312-thread-1] INFO  impl.RaftServerImpl (RaftServerImpl.java:setRole(174)) - 529ebe6e-d9ef-4104-9a91-06bed023192c@group-12B47C4E708E: changes role from      null to FOLLOWER at term 0 for startAsFollower
2019-09-24 11:41:23,726 [pool-312-thread-1] INFO  impl.RoleInfo (RoleInfo.java:updateAndGet(143)) - 529ebe6e-d9ef-4104-9a91-06bed023192c: start FollowerState
2019-09-24 11:41:23,726 [pool-342-thread-1] INFO  util.JmxRegister (JmxRegister.java:tryRegister(44)) - Successfully registered JMX Bean with object name Ratis:service=RaftServer,group=group-12B47C4E708E,id=ada62c6a-1c54-4530-b54d-914239af4641
2019-09-24 11:41:23,726 [pool-312-thread-1] INFO  util.JmxRegister (JmxRegister.java:tryRegister(44)) - Successfully registered JMX Bean with object name Ratis:service=RaftServer,group=group-12B47C4E708E,id=529ebe6e-d9ef-4104-9a91-06bed023192c
2019-09-24 11:41:23,727 [RatisPipelineUtilsThread] INFO  pipeline.PipelineStateManager (PipelineStateManager.java:addPipeline(56)) - Created pipeline Pipeline[ Id: 2965dfbc-c309-4288-8aa1-12b47c4e708e, Nodes: ad7d9de2-3d2e-4449-be67-7700fbbd2254{ip: 192.168.36.75, host: pr-hdds-2166-cfpzp-170641675, networkLocation: /default-rack, certSerialId: null}ada62c6a-1c54-4530-b54d-914239af4641{ip: 192.168.36.75, host: pr-hdds-2166-cfpzp-170641675, networkLocation: /default-rack, certSerialId: null}529ebe6e-d9ef-4104-9a91-06bed023192c{ip: 192.168.36.75, host: pr-hdds-2166-cfpzp-170641675, networkLocation: /default-rack, certSerialId: null}, Type:RATIS, Factor:THREE, State:OPEN]
2019-09-24 11:41:23,740 [grpc-default-executor-9] INFO  impl.RaftServerProxy (RaftServerProxy.java:addNew(89)) - 6580372e-dbe4-4e5f-b67c-ae98088f5cde: addNew group-4F7E992B41C3:[6580372e-dbe4-4e5f-b67c-ae98088f5cde:192.168.36.75:41540] returns group-4F7E992B41C3:java.util.concurrent.CompletableFuture@3920e7ff[Not completed]
2019-09-24 11:41:23,740 [pool-332-thread-1] INFO  impl.RaftServerImpl (RaftServerImpl.java:<init>(95)) - 6580372e-dbe4-4e5f-b67c-ae98088f5cde: new RaftServerImpl for group-4F7E992B41C3:[6580372e-dbe4-4e5f-b67c-ae98088f5cde:192.168.36.75:41540] with ContainerStateMachine:uninitialized
2019-09-24 11:41:23,740 [pool-332-thread-1] INFO  server.RaftServerConfigKeys (ConfUtils.java:logGet(43)) - raft.server.rpc.timeout.min = 5s (custom)
2019-09-24 11:41:23,741 [pool-332-thread-1] INFO  server.RaftServerConfigKeys (ConfUtils.java:logGet(43)) - raft.server.rpc.timeout.max = 5200ms (custom)
2019-09-24 11:41:23,741 [pool-332-thread-1] INFO  server.RaftServerConfigKeys (ConfUtils.java:logGet(43)) - raft.server.rpcslowness.timeout = 120s (custom)
2019-09-24 11:41:23,741 [pool-332-thread-1] INFO  server.RaftServerConfigKeys (ConfUtils.java:logGet(43)) - raft.server.sleep.deviation.threshold = 300 (default)
2019-09-24 11:41:23,741 [pool-332-thread-1] INFO  server.RaftServerConfigKeys (ConfUtils.java:logGet(43)) - raft.server.log.appender.install.snapshot.enabled = false (custom)
2019-09-24 11:41:23,741 [pool-332-thread-1] INFO  impl.RaftServerImpl (ServerState.java:<init>(103)) - 6580372e-dbe4-4e5f-b67c-ae98088f5cde@group-4F7E992B41C3: ConfigurationManager, init=-1: [6580372e-dbe4-4e5f-b67c-ae98088f5cde:192.168.36.75:41540], old=null, confs=<EMPTY_MAP>
2019-09-24 11:41:23,741 [pool-332-thread-1] INFO  server.RaftServerConfigKeys (ConfUtils.java:logGet(43)) - raft.server.storage.dir = [/workdir/hadoop-ozone/integration-test/target/test-dir/MiniOzoneClusterImpl-5d0df7c9-a72d-48a6-8b02-28236aa5d78e/datanode-4/data/ratis] (custom)
2019-09-24 11:41:23,741 [pool-332-thread-1] INFO  storage.RaftStorageDirectory (RaftStorageDirectory.java:analyzeStorage(246)) - The storage directory /workdir/hadoop-ozone/integration-test/target/test-dir/MiniOzoneClusterImpl-5d0df7c9-a72d-48a6-8b02-28236aa5d78e/datanode-4/data/ratis/d76cb2df-a4fa-45d6-ad8e-4f7e992b41c3 does not exist. Creating ...
2019-09-24 11:41:23,749 [pool-332-thread-1] INFO  storage.RaftStorageDirectory (RaftStorageDirectory.java:tryLock(328)) - Lock on /workdir/hadoop-ozone/integration-test/target/test-dir/MiniOzoneClusterImpl-5d0df7c9-a72d-48a6-8b02-28236aa5d78e/datanode-4/data/ratis/d76cb2df-a4fa-45d6-ad8e-4f7e992b41c3/in_use.lock acquired by nodename 4183@pr-hdds-2166-cfpzp-170641675
2019-09-24 11:41:23,762 [pool-332-thread-1] INFO  storage.RaftStorage (RaftStorage.java:format(72)) - Storage directory /workdir/hadoop-ozone/integration-test/target/test-dir/MiniOzoneClusterImpl-5d0df7c9-a72d-48a6-8b02-28236aa5d78e/datanode-4/data/ratis/d76cb2df-a4fa-45d6-ad8e-4f7e992b41c3 has been successfully formatted.
2019-09-24 11:41:23,762 [pool-332-thread-1] INFO  ratis.ContainerStateMachine (ContainerStateMachine.java:loadSnapshot(230)) - group-4F7E992B41C3: The snapshot info is null. Setting the last applied indexto:(t:0, i:~)
2019-09-24 11:41:23,762 [pool-332-thread-1] INFO  server.RaftServerConfigKeys (ConfUtils.java:logGet(43)) - raft.server.notification.no-leader.timeout = 120s (custom)
2019-09-24 11:41:23,762 [pool-332-thread-1] INFO  server.RaftServerConfigKeys (ConfUtils.java:logGet(43)) - raft.server.log.use.memory = false (default)
2019-09-24 11:41:23,762 [pool-332-thread-1] INFO  server.RaftServerConfigKeys (ConfUtils.java:logGet(43)) - raft.server.log.purge.gap = 1000000 (custom)
2019-09-24 11:41:23,762 [pool-332-thread-1] INFO  server.RaftServerConfigKeys (ConfUtils.java:logGet(43)) - raft.server.log.appender.buffer.byte-limit = 33554432 (custom)
2019-09-24 11:41:23,763 [pool-332-thread-1] INFO  server.RaftServerConfigKeys (ConfUtils.java:logGet(43)) - raft.server.log.segment.size.max = 1048576 (custom)
2019-09-24 11:41:23,763 [pool-332-thread-1] INFO  server.RaftServerConfigKeys (ConfUtils.java:logGet(43)) - raft.server.log.segment.cache.num.max = 2 (custom)
2019-09-24 11:41:23,763 [pool-332-thread-1] INFO  segmented.SegmentedRaftLogWorker (SegmentedRaftLogWorker.java:<init>(172)) - new 6580372e-dbe4-4e5f-b67c-ae98088f5cde@group-4F7E992B41C3-SegmentedRaftLogWorker for RaftStorage:Storage Directory /workdir/hadoop-ozone/integration-test/target/test-dir/MiniOzoneClusterImpl-5d0df7c9-a72d-48a6-8b02-28236aa5d78e/datanode-4/data/ratis/d76cb2df-a4fa-45d6-ad8e-4f7e992b41c3
2019-09-24 11:41:23,763 [pool-332-thread-1] INFO  server.RaftServerConfigKeys (ConfUtils.java:logGet(43)) - raft.server.log.queue.byte-limit = 2147483647 (custom)
2019-09-24 11:41:23,763 [pool-332-thread-1] INFO  server.RaftServerConfigKeys (ConfUtils.java:logGet(43)) - raft.server.log.queue.element-limit = 1024 (custom)
2019-09-24 11:41:23,763 [pool-332-thread-1] INFO  server.RaftServerConfigKeys (ConfUtils.java:logGet(43)) - raft.server.log.segment.size.max = 1048576 (custom)
2019-09-24 11:41:23,763 [pool-332-thread-1] INFO  server.RaftServerConfigKeys (ConfUtils.java:logGet(43)) - raft.server.log.preallocated.size = 16384 (custom)
2019-09-24 11:41:23,763 [pool-332-thread-1] INFO  server.RaftServerConfigKeys (ConfUtils.java:logGet(43)) - raft.server.log.write.buffer.size = 33554432 (custom)
2019-09-24 11:41:23,763 [pool-332-thread-1] INFO  server.RaftServerConfigKeys (ConfUtils.java:logGet(43)) - raft.server.log.force.sync.num = 128 (default)
2019-09-24 11:41:23,763 [pool-332-thread-1] INFO  server.RaftServerConfigKeys (ConfUtils.java:logGet(43)) - raft.server.log.statemachine.data.sync = true (default)
2019-09-24 11:41:23,763 [pool-332-thread-1] INFO  server.RaftServerConfigKeys (ConfUtils.java:logGet(43)) - raft.server.log.statemachine.data.sync.timeout = 10s (default)
2019-09-24 11:41:23,763 [pool-332-thread-1] INFO  server.RaftServerConfigKeys (ConfUtils.java:logGet(43)) - raft.server.log.statemachine.data.sync.timeout.retry = -1 (default)
2019-09-24 11:41:23,764 [pool-332-thread-1] INFO  server.RaftServerConfigKeys (ConfUtils.java:logGet(43)) - raft.server.log.statemachine.data.caching.enabled = true (custom)
2019-09-24 11:41:23,764 [pool-332-thread-1] INFO  segmented.SegmentedRaftLogWorker (SegmentedRaftLogWorker.java:lambda$new$0(132)) - 6580372e-dbe4-4e5f-b67c-ae98088f5cde@group-4F7E992B41C3-SegmentedRaftLogWorker: flushIndex: setUnconditionally 0 -> -1
2019-09-24 11:41:23,764 [pool-332-thread-1] INFO  server.RaftServerConfigKeys (ConfUtils.java:logGet(43)) - raft.server.snapshot.auto.trigger.enabled = true (custom)
2019-09-24 11:41:23,764 [pool-332-thread-1] INFO  server.RaftServerConfigKeys (ConfUtils.java:logGet(43)) - raft.server.snapshot.auto.trigger.threshold = 10000 (custom)
2019-09-24 11:41:23,764 [pool-332-thread-1] INFO  server.RaftServerConfigKeys (ConfUtils.java:logGet(43)) - raft.server.snapshot.retention.num.files = 5 (custom)
2019-09-24 11:41:23,764 [pool-332-thread-1] INFO  server.RaftServerConfigKeys (ConfUtils.java:logGet(43)) - raft.server.retrycache.expirytime = 600000ms (custom)
2019-09-24 11:41:23,765 [pool-332-thread-1] INFO  impl.RaftServerImpl (RaftServerImpl.java:start(185)) - 6580372e-dbe4-4e5f-b67c-ae98088f5cde@group-4F7E992B41C3: start as a follower, conf=-1: [6580372e-dbe4-4e5f-b67c-ae98088f5cde:192.168.36.75:41540], old=null
2019-09-24 11:41:23,765 [pool-332-thread-1] INFO  impl.RaftServerImpl (RaftServerImpl.java:setRole(174)) - 6580372e-dbe4-4e5f-b67c-ae98088f5cde@group-4F7E992B41C3: changes role from      null to FOLLOWER at term 0 for startAsFollower
2019-09-24 11:41:23,766 [pool-332-thread-1] INFO  impl.RoleInfo (RoleInfo.java:updateAndGet(143)) - 6580372e-dbe4-4e5f-b67c-ae98088f5cde: start FollowerState
2019-09-24 11:41:23,766 [pool-332-thread-1] INFO  util.JmxRegister (JmxRegister.java:tryRegister(44)) - Successfully registered JMX Bean with object name Ratis:service=RaftServer,group=group-4F7E992B41C3,id=6580372e-dbe4-4e5f-b67c-ae98088f5cde
2019-09-24 11:41:23,767 [RatisPipelineUtilsThread] INFO  pipeline.PipelineStateManager (PipelineStateManager.java:addPipeline(56)) - Created pipeline Pipeline[ Id: d76cb2df-a4fa-45d6-ad8e-4f7e992b41c3, Nodes: 6580372e-dbe4-4e5f-b67c-ae98088f5cde{ip: 192.168.36.75, host: pr-hdds-2166-cfpzp-170641675, networkLocation: /default-rack, certSerialId: null}, Type:RATIS, Factor:ONE, State:OPEN]
2019-09-24 11:41:23,775 [grpc-default-executor-9] INFO  impl.RaftServerProxy (RaftServerProxy.java:addNew(89)) - 643e9d8e-4f99-42c5-a66a-284f0687bd5b: addNew group-CFD9347A0908:[643e9d8e-4f99-42c5-a66a-284f0687bd5b:192.168.36.75:37560] returns group-CFD9347A0908:java.util.concurrent.CompletableFuture@c0c3c2e[Not completed]
2019-09-24 11:41:23,776 [pool-292-thread-1] INFO  impl.RaftServerImpl (RaftServerImpl.java:<init>(95)) - 643e9d8e-4f99-42c5-a66a-284f0687bd5b: new RaftServerImpl for group-CFD9347A0908:[643e9d8e-4f99-42c5-a66a-284f0687bd5b:192.168.36.75:37560] with ContainerStateMachine:uninitialized
2019-09-24 11:41:23,776 [pool-292-thread-1] INFO  server.RaftServerConfigKeys (ConfUtils.java:logGet(43)) - raft.server.rpc.timeout.min = 5s (custom)
2019-09-24 11:41:23,776 [pool-292-thread-1] INFO  server.RaftServerConfigKeys (ConfUtils.java:logGet(43)) - raft.server.rpc.timeout.max = 5200ms (custom)
2019-09-24 11:41:23,776 [pool-292-thread-1] INFO  server.RaftServerConfigKeys (ConfUtils.java:logGet(43)) - raft.server.rpcslowness.timeout = 120s (custom)
2019-09-24 11:41:23,777 [pool-292-thread-1] INFO  server.RaftServerConfigKeys (ConfUtils.java:logGet(43)) - raft.server.sleep.deviation.threshold = 300 (default)
2019-09-24 11:41:23,777 [pool-292-thread-1] INFO  server.RaftServerConfigKeys (ConfUtils.java:logGet(43)) - raft.server.log.appender.install.snapshot.enabled = false (custom)
2019-09-24 11:41:23,777 [pool-292-thread-1] INFO  impl.RaftServerImpl (ServerState.java:<init>(103)) - 643e9d8e-4f99-42c5-a66a-284f0687bd5b@group-CFD9347A0908: ConfigurationManager, init=-1: [643e9d8e-4f99-42c5-a66a-284f0687bd5b:192.168.36.75:37560], old=null, confs=<EMPTY_MAP>
2019-09-24 11:41:23,777 [pool-292-thread-1] INFO  server.RaftServerConfigKeys (ConfUtils.java:logGet(43)) - raft.server.storage.dir = [/workdir/hadoop-ozone/integration-test/target/test-dir/MiniOzoneClusterImpl-5d0df7c9-a72d-48a6-8b02-28236aa5d78e/datanode-0/data/ratis] (custom)
2019-09-24 11:41:23,777 [pool-292-thread-1] INFO  storage.RaftStorageDirectory (RaftStorageDirectory.java:analyzeStorage(246)) - The storage directory /workdir/hadoop-ozone/integration-test/target/test-dir/MiniOzoneClusterImpl-5d0df7c9-a72d-48a6-8b02-28236aa5d78e/datanode-0/data/ratis/024fc59d-cfa6-4c8c-aba6-cfd9347a0908 does not exist. Creating ...
2019-09-24 11:41:23,784 [pool-292-thread-1] INFO  storage.RaftStorageDirectory (RaftStorageDirectory.java:tryLock(328)) - Lock on /workdir/hadoop-ozone/integration-test/target/test-dir/MiniOzoneClusterImpl-5d0df7c9-a72d-48a6-8b02-28236aa5d78e/datanode-0/data/ratis/024fc59d-cfa6-4c8c-aba6-cfd9347a0908/in_use.lock acquired by nodename 4183@pr-hdds-2166-cfpzp-170641675
2019-09-24 11:41:23,798 [pool-292-thread-1] INFO  storage.RaftStorage (RaftStorage.java:format(72)) - Storage directory /workdir/hadoop-ozone/integration-test/target/test-dir/MiniOzoneClusterImpl-5d0df7c9-a72d-48a6-8b02-28236aa5d78e/datanode-0/data/ratis/024fc59d-cfa6-4c8c-aba6-cfd9347a0908 has been successfully formatted.
2019-09-24 11:41:23,798 [pool-292-thread-1] INFO  ratis.ContainerStateMachine (ContainerStateMachine.java:loadSnapshot(230)) - group-CFD9347A0908: The snapshot info is null. Setting the last applied indexto:(t:0, i:~)
2019-09-24 11:41:23,798 [pool-292-thread-1] INFO  server.RaftServerConfigKeys (ConfUtils.java:logGet(43)) - raft.server.notification.no-leader.timeout = 120s (custom)
2019-09-24 11:41:23,798 [pool-292-thread-1] INFO  server.RaftServerConfigKeys (ConfUtils.java:logGet(43)) - raft.server.log.use.memory = false (default)
2019-09-24 11:41:23,798 [pool-292-thread-1] INFO  server.RaftServerConfigKeys (ConfUtils.java:logGet(43)) - raft.server.log.purge.gap = 1000000 (custom)
2019-09-24 11:41:23,798 [pool-292-thread-1] INFO  server.RaftServerConfigKeys (ConfUtils.java:logGet(43)) - raft.server.log.appender.buffer.byte-limit = 33554432 (custom)
2019-09-24 11:41:23,799 [pool-292-thread-1] INFO  server.RaftServerConfigKeys (ConfUtils.java:logGet(43)) - raft.server.log.segment.size.max = 1048576 (custom)
2019-09-24 11:41:23,799 [pool-292-thread-1] INFO  server.RaftServerConfigKeys (ConfUtils.java:logGet(43)) - raft.server.log.segment.cache.num.max = 2 (custom)
2019-09-24 11:41:23,799 [pool-292-thread-1] INFO  segmented.SegmentedRaftLogWorker (SegmentedRaftLogWorker.java:<init>(172)) - new 643e9d8e-4f99-42c5-a66a-284f0687bd5b@group-CFD9347A0908-SegmentedRaftLogWorker for RaftStorage:Storage Directory /workdir/hadoop-ozone/integration-test/target/test-dir/MiniOzoneClusterImpl-5d0df7c9-a72d-48a6-8b02-28236aa5d78e/datanode-0/data/ratis/024fc59d-cfa6-4c8c-aba6-cfd9347a0908
2019-09-24 11:41:23,799 [pool-292-thread-1] INFO  server.RaftServerConfigKeys (ConfUtils.java:logGet(43)) - raft.server.log.queue.byte-limit = 2147483647 (custom)
2019-09-24 11:41:23,799 [pool-292-thread-1] INFO  server.RaftServerConfigKeys (ConfUtils.java:logGet(43)) - raft.server.log.queue.element-limit = 1024 (custom)
2019-09-24 11:41:23,799 [pool-292-thread-1] INFO  server.RaftServerConfigKeys (ConfUtils.java:logGet(43)) - raft.server.log.segment.size.max = 1048576 (custom)
2019-09-24 11:41:23,799 [pool-292-thread-1] INFO  server.RaftServerConfigKeys (ConfUtils.java:logGet(43)) - raft.server.log.preallocated.size = 16384 (custom)
2019-09-24 11:41:23,799 [pool-292-thread-1] INFO  server.RaftServerConfigKeys (ConfUtils.java:logGet(43)) - raft.server.log.write.buffer.size = 33554432 (custom)
2019-09-24 11:41:23,799 [pool-292-thread-1] INFO  server.RaftServerConfigKeys (ConfUtils.java:logGet(43)) - raft.server.log.force.sync.num = 128 (default)
2019-09-24 11:41:23,799 [pool-292-thread-1] INFO  server.RaftServerConfigKeys (ConfUtils.java:logGet(43)) - raft.server.log.statemachine.data.sync = true (default)
2019-09-24 11:41:23,799 [pool-292-thread-1] INFO  server.RaftServerConfigKeys (ConfUtils.java:logGet(43)) - raft.server.log.statemachine.data.sync.timeout = 10s (default)
2019-09-24 11:41:23,800 [pool-292-thread-1] INFO  server.RaftServerConfigKeys (ConfUtils.java:logGet(43)) - raft.server.log.statemachine.data.sync.timeout.retry = -1 (default)
2019-09-24 11:41:23,800 [pool-292-thread-1] INFO  server.RaftServerConfigKeys (ConfUtils.java:logGet(43)) - raft.server.log.statemachine.data.caching.enabled = true (custom)
2019-09-24 11:41:23,800 [pool-292-thread-1] INFO  segmented.SegmentedRaftLogWorker (SegmentedRaftLogWorker.java:lambda$new$0(132)) - 643e9d8e-4f99-42c5-a66a-284f0687bd5b@group-CFD9347A0908-SegmentedRaftLogWorker: flushIndex: setUnconditionally 0 -> -1
2019-09-24 11:41:23,800 [pool-292-thread-1] INFO  server.RaftServerConfigKeys (ConfUtils.java:logGet(43)) - raft.server.snapshot.auto.trigger.enabled = true (custom)
2019-09-24 11:41:23,800 [pool-292-thread-1] INFO  server.RaftServerConfigKeys (ConfUtils.java:logGet(43)) - raft.server.snapshot.auto.trigger.threshold = 10000 (custom)
2019-09-24 11:41:23,800 [pool-292-thread-1] INFO  server.RaftServerConfigKeys (ConfUtils.java:logGet(43)) - raft.server.snapshot.retention.num.files = 5 (custom)
2019-09-24 11:41:23,800 [pool-292-thread-1] INFO  server.RaftServerConfigKeys (ConfUtils.java:logGet(43)) - raft.server.retrycache.expirytime = 600000ms (custom)
2019-09-24 11:41:23,802 [pool-292-thread-1] INFO  impl.RaftServerImpl (RaftServerImpl.java:start(185)) - 643e9d8e-4f99-42c5-a66a-284f0687bd5b@group-CFD9347A0908: start as a follower, conf=-1: [643e9d8e-4f99-42c5-a66a-284f0687bd5b:192.168.36.75:37560], old=null
2019-09-24 11:41:23,802 [pool-292-thread-1] INFO  impl.RaftServerImpl (RaftServerImpl.java:setRole(174)) - 643e9d8e-4f99-42c5-a66a-284f0687bd5b@group-CFD9347A0908: changes role from      null to FOLLOWER at term 0 for startAsFollower
2019-09-24 11:41:23,802 [pool-292-thread-1] INFO  impl.RoleInfo (RoleInfo.java:updateAndGet(143)) - 643e9d8e-4f99-42c5-a66a-284f0687bd5b: start FollowerState
2019-09-24 11:41:23,803 [pool-292-thread-1] INFO  util.JmxRegister (JmxRegister.java:tryRegister(44)) - Successfully registered JMX Bean with object name Ratis:service=RaftServer,group=group-CFD9347A0908,id=643e9d8e-4f99-42c5-a66a-284f0687bd5b
2019-09-24 11:41:23,804 [RatisPipelineUtilsThread] INFO  pipeline.PipelineStateManager (PipelineStateManager.java:addPipeline(56)) - Created pipeline Pipeline[ Id: 024fc59d-cfa6-4c8c-aba6-cfd9347a0908, Nodes: 643e9d8e-4f99-42c5-a66a-284f0687bd5b{ip: 192.168.36.75, host: pr-hdds-2166-cfpzp-170641675, networkLocation: /default-rack, certSerialId: null}, Type:RATIS, Factor:ONE, State:OPEN]
2019-09-24 11:41:23,817 [grpc-default-executor-9] INFO  impl.RaftServerProxy (RaftServerProxy.java:addNew(89)) - 5233621a-f557-4e78-b33f-0dd3281b1b34: addNew group-4BB85EBA102A:[5233621a-f557-4e78-b33f-0dd3281b1b34:192.168.36.75:41613] returns group-4BB85EBA102A:java.util.concurrent.CompletableFuture@7d5491fc[Not completed]
2019-09-24 11:41:23,817 [pool-322-thread-1] INFO  impl.RaftServerImpl (RaftServerImpl.java:<init>(95)) - 5233621a-f557-4e78-b33f-0dd3281b1b34: new RaftServerImpl for group-4BB85EBA102A:[5233621a-f557-4e78-b33f-0dd3281b1b34:192.168.36.75:41613] with ContainerStateMachine:uninitialized
2019-09-24 11:41:23,818 [pool-322-thread-1] INFO  server.RaftServerConfigKeys (ConfUtils.java:logGet(43)) - raft.server.rpc.timeout.min = 5s (custom)
2019-09-24 11:41:23,818 [pool-322-thread-1] INFO  server.RaftServerConfigKeys (ConfUtils.java:logGet(43)) - raft.server.rpc.timeout.max = 5200ms (custom)
2019-09-24 11:41:23,818 [pool-322-thread-1] INFO  server.RaftServerConfigKeys (ConfUtils.java:logGet(43)) - raft.server.rpcslowness.timeout = 120s (custom)
2019-09-24 11:41:23,818 [pool-322-thread-1] INFO  server.RaftServerConfigKeys (ConfUtils.java:logGet(43)) - raft.server.sleep.deviation.threshold = 300 (default)
2019-09-24 11:41:23,818 [pool-322-thread-1] INFO  server.RaftServerConfigKeys (ConfUtils.java:logGet(43)) - raft.server.log.appender.install.snapshot.enabled = false (custom)
2019-09-24 11:41:23,818 [pool-322-thread-1] INFO  impl.RaftServerImpl (ServerState.java:<init>(103)) - 5233621a-f557-4e78-b33f-0dd3281b1b34@group-4BB85EBA102A: ConfigurationManager, init=-1: [5233621a-f557-4e78-b33f-0dd3281b1b34:192.168.36.75:41613], old=null, confs=<EMPTY_MAP>
2019-09-24 11:41:23,818 [pool-322-thread-1] INFO  server.RaftServerConfigKeys (ConfUtils.java:logGet(43)) - raft.server.storage.dir = [/workdir/hadoop-ozone/integration-test/target/test-dir/MiniOzoneClusterImpl-5d0df7c9-a72d-48a6-8b02-28236aa5d78e/datanode-3/data/ratis] (custom)
2019-09-24 11:41:23,818 [pool-322-thread-1] INFO  storage.RaftStorageDirectory (RaftStorageDirectory.java:analyzeStorage(246)) - The storage directory /workdir/hadoop-ozone/integration-test/target/test-dir/MiniOzoneClusterImpl-5d0df7c9-a72d-48a6-8b02-28236aa5d78e/datanode-3/data/ratis/09350577-9895-4cf5-b6c5-4bb85eba102a does not exist. Creating ...
2019-09-24 11:41:23,824 [pool-322-thread-1] INFO  storage.RaftStorageDirectory (RaftStorageDirectory.java:tryLock(328)) - Lock on /workdir/hadoop-ozone/integration-test/target/test-dir/MiniOzoneClusterImpl-5d0df7c9-a72d-48a6-8b02-28236aa5d78e/datanode-3/data/ratis/09350577-9895-4cf5-b6c5-4bb85eba102a/in_use.lock acquired by nodename 4183@pr-hdds-2166-cfpzp-170641675
2019-09-24 11:41:23,838 [pool-322-thread-1] INFO  storage.RaftStorage (RaftStorage.java:format(72)) - Storage directory /workdir/hadoop-ozone/integration-test/target/test-dir/MiniOzoneClusterImpl-5d0df7c9-a72d-48a6-8b02-28236aa5d78e/datanode-3/data/ratis/09350577-9895-4cf5-b6c5-4bb85eba102a has been successfully formatted.
2019-09-24 11:41:23,838 [pool-322-thread-1] INFO  ratis.ContainerStateMachine (ContainerStateMachine.java:loadSnapshot(230)) - group-4BB85EBA102A: The snapshot info is null. Setting the last applied indexto:(t:0, i:~)
2019-09-24 11:41:23,838 [pool-322-thread-1] INFO  server.RaftServerConfigKeys (ConfUtils.java:logGet(43)) - raft.server.notification.no-leader.timeout = 120s (custom)
2019-09-24 11:41:23,838 [pool-322-thread-1] INFO  server.RaftServerConfigKeys (ConfUtils.java:logGet(43)) - raft.server.log.use.memory = false (default)
2019-09-24 11:41:23,838 [pool-322-thread-1] INFO  server.RaftServerConfigKeys (ConfUtils.java:logGet(43)) - raft.server.log.purge.gap = 1000000 (custom)
2019-09-24 11:41:23,838 [pool-322-thread-1] INFO  server.RaftServerConfigKeys (ConfUtils.java:logGet(43)) - raft.server.log.appender.buffer.byte-limit = 33554432 (custom)
2019-09-24 11:41:23,839 [pool-322-thread-1] INFO  server.RaftServerConfigKeys (ConfUtils.java:logGet(43)) - raft.server.log.segment.size.max = 1048576 (custom)
2019-09-24 11:41:23,839 [pool-322-thread-1] INFO  server.RaftServerConfigKeys (ConfUtils.java:logGet(43)) - raft.server.log.segment.cache.num.max = 2 (custom)
2019-09-24 11:41:23,839 [pool-322-thread-1] INFO  segmented.SegmentedRaftLogWorker (SegmentedRaftLogWorker.java:<init>(172)) - new 5233621a-f557-4e78-b33f-0dd3281b1b34@group-4BB85EBA102A-SegmentedRaftLogWorker for RaftStorage:Storage Directory /workdir/hadoop-ozone/integration-test/target/test-dir/MiniOzoneClusterImpl-5d0df7c9-a72d-48a6-8b02-28236aa5d78e/datanode-3/data/ratis/09350577-9895-4cf5-b6c5-4bb85eba102a
2019-09-24 11:41:23,839 [pool-322-thread-1] INFO  server.RaftServerConfigKeys (ConfUtils.java:logGet(43)) - raft.server.log.queue.byte-limit = 2147483647 (custom)
2019-09-24 11:41:23,839 [pool-322-thread-1] INFO  server.RaftServerConfigKeys (ConfUtils.java:logGet(43)) - raft.server.log.queue.element-limit = 1024 (custom)
2019-09-24 11:41:23,839 [pool-322-thread-1] INFO  server.RaftServerConfigKeys (ConfUtils.java:logGet(43)) - raft.server.log.segment.size.max = 1048576 (custom)
2019-09-24 11:41:23,839 [pool-322-thread-1] INFO  server.RaftServerConfigKeys (ConfUtils.java:logGet(43)) - raft.server.log.preallocated.size = 16384 (custom)
2019-09-24 11:41:23,839 [pool-322-thread-1] INFO  server.RaftServerConfigKeys (ConfUtils.java:logGet(43)) - raft.server.log.write.buffer.size = 33554432 (custom)
2019-09-24 11:41:23,839 [pool-322-thread-1] INFO  server.RaftServerConfigKeys (ConfUtils.java:logGet(43)) - raft.server.log.force.sync.num = 128 (default)
2019-09-24 11:41:23,839 [pool-322-thread-1] INFO  server.RaftServerConfigKeys (ConfUtils.java:logGet(43)) - raft.server.log.statemachine.data.sync = true (default)
2019-09-24 11:41:23,839 [pool-322-thread-1] INFO  server.RaftServerConfigKeys (ConfUtils.java:logGet(43)) - raft.server.log.statemachine.data.sync.timeout = 10s (default)
2019-09-24 11:41:23,840 [pool-322-thread-1] INFO  server.RaftServerConfigKeys (ConfUtils.java:logGet(43)) - raft.server.log.statemachine.data.sync.timeout.retry = -1 (default)
2019-09-24 11:41:23,840 [pool-322-thread-1] INFO  server.RaftServerConfigKeys (ConfUtils.java:logGet(43)) - raft.server.log.statemachine.data.caching.enabled = true (custom)
2019-09-24 11:41:23,840 [pool-322-thread-1] INFO  segmented.SegmentedRaftLogWorker (SegmentedRaftLogWorker.java:lambda$new$0(132)) - 5233621a-f557-4e78-b33f-0dd3281b1b34@group-4BB85EBA102A-SegmentedRaftLogWorker: flushIndex: setUnconditionally 0 -> -1
2019-09-24 11:41:23,840 [pool-322-thread-1] INFO  server.RaftServerConfigKeys (ConfUtils.java:logGet(43)) - raft.server.snapshot.auto.trigger.enabled = true (custom)
2019-09-24 11:41:23,840 [pool-322-thread-1] INFO  server.RaftServerConfigKeys (ConfUtils.java:logGet(43)) - raft.server.snapshot.auto.trigger.threshold = 10000 (custom)
2019-09-24 11:41:23,840 [pool-322-thread-1] INFO  server.RaftServerConfigKeys (ConfUtils.java:logGet(43)) - raft.server.snapshot.retention.num.files = 5 (custom)
2019-09-24 11:41:23,840 [pool-322-thread-1] INFO  server.RaftServerConfigKeys (ConfUtils.java:logGet(43)) - raft.server.retrycache.expirytime = 600000ms (custom)
2019-09-24 11:41:23,842 [pool-322-thread-1] INFO  impl.RaftServerImpl (RaftServerImpl.java:start(185)) - 5233621a-f557-4e78-b33f-0dd3281b1b34@group-4BB85EBA102A: start as a follower, conf=-1: [5233621a-f557-4e78-b33f-0dd3281b1b34:192.168.36.75:41613], old=null
2019-09-24 11:41:23,842 [pool-322-thread-1] INFO  impl.RaftServerImpl (RaftServerImpl.java:setRole(174)) - 5233621a-f557-4e78-b33f-0dd3281b1b34@group-4BB85EBA102A: changes role from      null to FOLLOWER at term 0 for startAsFollower
2019-09-24 11:41:23,842 [pool-322-thread-1] INFO  impl.RoleInfo (RoleInfo.java:updateAndGet(143)) - 5233621a-f557-4e78-b33f-0dd3281b1b34: start FollowerState
2019-09-24 11:41:23,842 [pool-322-thread-1] INFO  util.JmxRegister (JmxRegister.java:tryRegister(44)) - Successfully registered JMX Bean with object name Ratis:service=RaftServer,group=group-4BB85EBA102A,id=5233621a-f557-4e78-b33f-0dd3281b1b34
2019-09-24 11:41:23,844 [RatisPipelineUtilsThread] INFO  pipeline.PipelineStateManager (PipelineStateManager.java:addPipeline(56)) - Created pipeline Pipeline[ Id: 09350577-9895-4cf5-b6c5-4bb85eba102a, Nodes: 5233621a-f557-4e78-b33f-0dd3281b1b34{ip: 192.168.36.75, host: pr-hdds-2166-cfpzp-170641675, networkLocation: /default-rack, certSerialId: null}, Type:RATIS, Factor:ONE, State:OPEN]
2019-09-24 11:41:23,852 [grpc-default-executor-9] INFO  impl.RaftServerProxy (RaftServerProxy.java:addNew(89)) - ad7d9de2-3d2e-4449-be67-7700fbbd2254: addNew group-7D61F32FC7C4:[ad7d9de2-3d2e-4449-be67-7700fbbd2254:192.168.36.75:39888] returns group-7D61F32FC7C4:java.util.concurrent.CompletableFuture@6b4a4e8[Not completed]
2019-09-24 11:41:23,853 [pool-352-thread-1] INFO  impl.RaftServerImpl (RaftServerImpl.java:<init>(95)) - ad7d9de2-3d2e-4449-be67-7700fbbd2254: new RaftServerImpl for group-7D61F32FC7C4:[ad7d9de2-3d2e-4449-be67-7700fbbd2254:192.168.36.75:39888] with ContainerStateMachine:uninitialized
2019-09-24 11:41:23,853 [pool-352-thread-1] INFO  server.RaftServerConfigKeys (ConfUtils.java:logGet(43)) - raft.server.rpc.timeout.min = 5s (custom)
2019-09-24 11:41:23,853 [pool-352-thread-1] INFO  server.RaftServerConfigKeys (ConfUtils.java:logGet(43)) - raft.server.rpc.timeout.max = 5200ms (custom)
2019-09-24 11:41:23,853 [pool-352-thread-1] INFO  server.RaftServerConfigKeys (ConfUtils.java:logGet(43)) - raft.server.rpcslowness.timeout = 120s (custom)
2019-09-24 11:41:23,853 [pool-352-thread-1] INFO  server.RaftServerConfigKeys (ConfUtils.java:logGet(43)) - raft.server.sleep.deviation.threshold = 300 (default)
2019-09-24 11:41:23,853 [pool-352-thread-1] INFO  server.RaftServerConfigKeys (ConfUtils.java:logGet(43)) - raft.server.log.appender.install.snapshot.enabled = false (custom)
2019-09-24 11:41:23,853 [pool-352-thread-1] INFO  impl.RaftServerImpl (ServerState.java:<init>(103)) - ad7d9de2-3d2e-4449-be67-7700fbbd2254@group-7D61F32FC7C4: ConfigurationManager, init=-1: [ad7d9de2-3d2e-4449-be67-7700fbbd2254:192.168.36.75:39888], old=null, confs=<EMPTY_MAP>
2019-09-24 11:41:23,853 [pool-352-thread-1] INFO  server.RaftServerConfigKeys (ConfUtils.java:logGet(43)) - raft.server.storage.dir = [/workdir/hadoop-ozone/integration-test/target/test-dir/MiniOzoneClusterImpl-5d0df7c9-a72d-48a6-8b02-28236aa5d78e/datanode-6/data/ratis] (custom)
2019-09-24 11:41:23,853 [pool-352-thread-1] INFO  storage.RaftStorageDirectory (RaftStorageDirectory.java:analyzeStorage(246)) - The storage directory /workdir/hadoop-ozone/integration-test/target/test-dir/MiniOzoneClusterImpl-5d0df7c9-a72d-48a6-8b02-28236aa5d78e/datanode-6/data/ratis/628bea22-f8f9-422b-bbb8-7d61f32fc7c4 does not exist. Creating ...
2019-09-24 11:41:23,861 [pool-352-thread-1] INFO  storage.RaftStorageDirectory (RaftStorageDirectory.java:tryLock(328)) - Lock on /workdir/hadoop-ozone/integration-test/target/test-dir/MiniOzoneClusterImpl-5d0df7c9-a72d-48a6-8b02-28236aa5d78e/datanode-6/data/ratis/628bea22-f8f9-422b-bbb8-7d61f32fc7c4/in_use.lock acquired by nodename 4183@pr-hdds-2166-cfpzp-170641675
2019-09-24 11:41:23,875 [pool-352-thread-1] INFO  storage.RaftStorage (RaftStorage.java:format(72)) - Storage directory /workdir/hadoop-ozone/integration-test/target/test-dir/MiniOzoneClusterImpl-5d0df7c9-a72d-48a6-8b02-28236aa5d78e/datanode-6/data/ratis/628bea22-f8f9-422b-bbb8-7d61f32fc7c4 has been successfully formatted.
2019-09-24 11:41:23,875 [pool-352-thread-1] INFO  ratis.ContainerStateMachine (ContainerStateMachine.java:loadSnapshot(230)) - group-7D61F32FC7C4: The snapshot info is null. Setting the last applied indexto:(t:0, i:~)
2019-09-24 11:41:23,875 [pool-352-thread-1] INFO  server.RaftServerConfigKeys (ConfUtils.java:logGet(43)) - raft.server.notification.no-leader.timeout = 120s (custom)
2019-09-24 11:41:23,875 [pool-352-thread-1] INFO  server.RaftServerConfigKeys (ConfUtils.java:logGet(43)) - raft.server.log.use.memory = false (default)
2019-09-24 11:41:23,876 [pool-352-thread-1] INFO  server.RaftServerConfigKeys (ConfUtils.java:logGet(43)) - raft.server.log.purge.gap = 1000000 (custom)
2019-09-24 11:41:23,876 [pool-352-thread-1] INFO  server.RaftServerConfigKeys (ConfUtils.java:logGet(43)) - raft.server.log.appender.buffer.byte-limit = 33554432 (custom)
2019-09-24 11:41:23,876 [pool-352-thread-1] INFO  server.RaftServerConfigKeys (ConfUtils.java:logGet(43)) - raft.server.log.segment.size.max = 1048576 (custom)
2019-09-24 11:41:23,876 [pool-352-thread-1] INFO  server.RaftServerConfigKeys (ConfUtils.java:logGet(43)) - raft.server.log.segment.cache.num.max = 2 (custom)
2019-09-24 11:41:23,876 [pool-352-thread-1] INFO  segmented.SegmentedRaftLogWorker (SegmentedRaftLogWorker.java:<init>(172)) - new ad7d9de2-3d2e-4449-be67-7700fbbd2254@group-7D61F32FC7C4-SegmentedRaftLogWorker for RaftStorage:Storage Directory /workdir/hadoop-ozone/integration-test/target/test-dir/MiniOzoneClusterImpl-5d0df7c9-a72d-48a6-8b02-28236aa5d78e/datanode-6/data/ratis/628bea22-f8f9-422b-bbb8-7d61f32fc7c4
2019-09-24 11:41:23,876 [pool-352-thread-1] INFO  server.RaftServerConfigKeys (ConfUtils.java:logGet(43)) - raft.server.log.queue.byte-limit = 2147483647 (custom)
2019-09-24 11:41:23,876 [pool-352-thread-1] INFO  server.RaftServerConfigKeys (ConfUtils.java:logGet(43)) - raft.server.log.queue.element-limit = 1024 (custom)
2019-09-24 11:41:23,876 [pool-352-thread-1] INFO  server.RaftServerConfigKeys (ConfUtils.java:logGet(43)) - raft.server.log.segment.size.max = 1048576 (custom)
2019-09-24 11:41:23,876 [pool-352-thread-1] INFO  server.RaftServerConfigKeys (ConfUtils.java:logGet(43)) - raft.server.log.preallocated.size = 16384 (custom)
2019-09-24 11:41:23,876 [pool-352-thread-1] INFO  server.RaftServerConfigKeys (ConfUtils.java:logGet(43)) - raft.server.log.write.buffer.size = 33554432 (custom)
2019-09-24 11:41:23,877 [pool-352-thread-1] INFO  server.RaftServerConfigKeys (ConfUtils.java:logGet(43)) - raft.server.log.force.sync.num = 128 (default)
2019-09-24 11:41:23,877 [pool-352-thread-1] INFO  server.RaftServerConfigKeys (ConfUtils.java:logGet(43)) - raft.server.log.statemachine.data.sync = true (default)
2019-09-24 11:41:23,877 [pool-352-thread-1] INFO  server.RaftServerConfigKeys (ConfUtils.java:logGet(43)) - raft.server.log.statemachine.data.sync.timeout = 10s (default)
2019-09-24 11:41:23,877 [pool-352-thread-1] INFO  server.RaftServerConfigKeys (ConfUtils.java:logGet(43)) - raft.server.log.statemachine.data.sync.timeout.retry = -1 (default)
2019-09-24 11:41:23,877 [pool-352-thread-1] INFO  server.RaftServerConfigKeys (ConfUtils.java:logGet(43)) - raft.server.log.statemachine.data.caching.enabled = true (custom)
2019-09-24 11:41:23,877 [pool-352-thread-1] INFO  segmented.SegmentedRaftLogWorker (SegmentedRaftLogWorker.java:lambda$new$0(132)) - ad7d9de2-3d2e-4449-be67-7700fbbd2254@group-7D61F32FC7C4-SegmentedRaftLogWorker: flushIndex: setUnconditionally 0 -> -1
2019-09-24 11:41:23,877 [pool-352-thread-1] INFO  server.RaftServerConfigKeys (ConfUtils.java:logGet(43)) - raft.server.snapshot.auto.trigger.enabled = true (custom)
2019-09-24 11:41:23,877 [pool-352-thread-1] INFO  server.RaftServerConfigKeys (ConfUtils.java:logGet(43)) - raft.server.snapshot.auto.trigger.threshold = 10000 (custom)
2019-09-24 11:41:23,878 [pool-352-thread-1] INFO  server.RaftServerConfigKeys (ConfUtils.java:logGet(43)) - raft.server.snapshot.retention.num.files = 5 (custom)
2019-09-24 11:41:23,878 [pool-352-thread-1] INFO  server.RaftServerConfigKeys (ConfUtils.java:logGet(43)) - raft.server.retrycache.expirytime = 600000ms (custom)
2019-09-24 11:41:23,879 [pool-352-thread-1] INFO  impl.RaftServerImpl (RaftServerImpl.java:start(185)) - ad7d9de2-3d2e-4449-be67-7700fbbd2254@group-7D61F32FC7C4: start as a follower, conf=-1: [ad7d9de2-3d2e-4449-be67-7700fbbd2254:192.168.36.75:39888], old=null
2019-09-24 11:41:23,879 [pool-352-thread-1] INFO  impl.RaftServerImpl (RaftServerImpl.java:setRole(174)) - ad7d9de2-3d2e-4449-be67-7700fbbd2254@group-7D61F32FC7C4: changes role from      null to FOLLOWER at term 0 for startAsFollower
2019-09-24 11:41:23,879 [pool-352-thread-1] INFO  impl.RoleInfo (RoleInfo.java:updateAndGet(143)) - ad7d9de2-3d2e-4449-be67-7700fbbd2254: start FollowerState
2019-09-24 11:41:23,879 [pool-352-thread-1] INFO  util.JmxRegister (JmxRegister.java:tryRegister(44)) - Successfully registered JMX Bean with object name Ratis:service=RaftServer,group=group-7D61F32FC7C4,id=ad7d9de2-3d2e-4449-be67-7700fbbd2254
2019-09-24 11:41:23,881 [RatisPipelineUtilsThread] INFO  pipeline.PipelineStateManager (PipelineStateManager.java:addPipeline(56)) - Created pipeline Pipeline[ Id: 628bea22-f8f9-422b-bbb8-7d61f32fc7c4, Nodes: ad7d9de2-3d2e-4449-be67-7700fbbd2254{ip: 192.168.36.75, host: pr-hdds-2166-cfpzp-170641675, networkLocation: /default-rack, certSerialId: null}, Type:RATIS, Factor:ONE, State:OPEN]
2019-09-24 11:41:23,888 [grpc-default-executor-9] INFO  impl.RaftServerProxy (RaftServerProxy.java:addNew(89)) - ada62c6a-1c54-4530-b54d-914239af4641: addNew group-6A2D9584CF21:[ada62c6a-1c54-4530-b54d-914239af4641:192.168.36.75:34963] returns group-6A2D9584CF21:java.util.concurrent.CompletableFuture@30e7a474[Not completed]
2019-09-24 11:41:23,889 [pool-342-thread-1] INFO  impl.RaftServerImpl (RaftServerImpl.java:<init>(95)) - ada62c6a-1c54-4530-b54d-914239af4641: new RaftServerImpl for group-6A2D9584CF21:[ada62c6a-1c54-4530-b54d-914239af4641:192.168.36.75:34963] with ContainerStateMachine:uninitialized
2019-09-24 11:41:23,889 [pool-342-thread-1] INFO  server.RaftServerConfigKeys (ConfUtils.java:logGet(43)) - raft.server.rpc.timeout.min = 5s (custom)
2019-09-24 11:41:23,889 [pool-342-thread-1] INFO  server.RaftServerConfigKeys (ConfUtils.java:logGet(43)) - raft.server.rpc.timeout.max = 5200ms (custom)
2019-09-24 11:41:23,889 [pool-342-thread-1] INFO  server.RaftServerConfigKeys (ConfUtils.java:logGet(43)) - raft.server.rpcslowness.timeout = 120s (custom)
2019-09-24 11:41:23,889 [pool-342-thread-1] INFO  server.RaftServerConfigKeys (ConfUtils.java:logGet(43)) - raft.server.sleep.deviation.threshold = 300 (default)
2019-09-24 11:41:23,889 [pool-342-thread-1] INFO  server.RaftServerConfigKeys (ConfUtils.java:logGet(43)) - raft.server.log.appender.install.snapshot.enabled = false (custom)
2019-09-24 11:41:23,889 [pool-342-thread-1] INFO  impl.RaftServerImpl (ServerState.java:<init>(103)) - ada62c6a-1c54-4530-b54d-914239af4641@group-6A2D9584CF21: ConfigurationManager, init=-1: [ada62c6a-1c54-4530-b54d-914239af4641:192.168.36.75:34963], old=null, confs=<EMPTY_MAP>
2019-09-24 11:41:23,890 [pool-342-thread-1] INFO  server.RaftServerConfigKeys (ConfUtils.java:logGet(43)) - raft.server.storage.dir = [/workdir/hadoop-ozone/integration-test/target/test-dir/MiniOzoneClusterImpl-5d0df7c9-a72d-48a6-8b02-28236aa5d78e/datanode-5/data/ratis] (custom)
2019-09-24 11:41:23,890 [pool-342-thread-1] INFO  storage.RaftStorageDirectory (RaftStorageDirectory.java:analyzeStorage(246)) - The storage directory /workdir/hadoop-ozone/integration-test/target/test-dir/MiniOzoneClusterImpl-5d0df7c9-a72d-48a6-8b02-28236aa5d78e/datanode-5/data/ratis/14ab40ce-7793-46d1-b6d2-6a2d9584cf21 does not exist. Creating ...
2019-09-24 11:41:23,905 [pool-342-thread-1] INFO  storage.RaftStorageDirectory (RaftStorageDirectory.java:tryLock(328)) - Lock on /workdir/hadoop-ozone/integration-test/target/test-dir/MiniOzoneClusterImpl-5d0df7c9-a72d-48a6-8b02-28236aa5d78e/datanode-5/data/ratis/14ab40ce-7793-46d1-b6d2-6a2d9584cf21/in_use.lock acquired by nodename 4183@pr-hdds-2166-cfpzp-170641675
2019-09-24 11:41:23,918 [pool-342-thread-1] INFO  storage.RaftStorage (RaftStorage.java:format(72)) - Storage directory /workdir/hadoop-ozone/integration-test/target/test-dir/MiniOzoneClusterImpl-5d0df7c9-a72d-48a6-8b02-28236aa5d78e/datanode-5/data/ratis/14ab40ce-7793-46d1-b6d2-6a2d9584cf21 has been successfully formatted.
2019-09-24 11:41:23,919 [pool-342-thread-1] INFO  ratis.ContainerStateMachine (ContainerStateMachine.java:loadSnapshot(230)) - group-6A2D9584CF21: The snapshot info is null. Setting the last applied indexto:(t:0, i:~)
2019-09-24 11:41:23,919 [pool-342-thread-1] INFO  server.RaftServerConfigKeys (ConfUtils.java:logGet(43)) - raft.server.notification.no-leader.timeout = 120s (custom)
2019-09-24 11:41:23,919 [pool-342-thread-1] INFO  server.RaftServerConfigKeys (ConfUtils.java:logGet(43)) - raft.server.log.use.memory = false (default)
2019-09-24 11:41:23,919 [pool-342-thread-1] INFO  server.RaftServerConfigKeys (ConfUtils.java:logGet(43)) - raft.server.log.purge.gap = 1000000 (custom)
2019-09-24 11:41:23,919 [pool-342-thread-1] INFO  server.RaftServerConfigKeys (ConfUtils.java:logGet(43)) - raft.server.log.appender.buffer.byte-limit = 33554432 (custom)
2019-09-24 11:41:23,919 [pool-342-thread-1] INFO  server.RaftServerConfigKeys (ConfUtils.java:logGet(43)) - raft.server.log.segment.size.max = 1048576 (custom)
2019-09-24 11:41:23,919 [pool-342-thread-1] INFO  server.RaftServerConfigKeys (ConfUtils.java:logGet(43)) - raft.server.log.segment.cache.num.max = 2 (custom)
2019-09-24 11:41:23,919 [pool-342-thread-1] INFO  segmented.SegmentedRaftLogWorker (SegmentedRaftLogWorker.java:<init>(172)) - new ada62c6a-1c54-4530-b54d-914239af4641@group-6A2D9584CF21-SegmentedRaftLogWorker for RaftStorage:Storage Directory /workdir/hadoop-ozone/integration-test/target/test-dir/MiniOzoneClusterImpl-5d0df7c9-a72d-48a6-8b02-28236aa5d78e/datanode-5/data/ratis/14ab40ce-7793-46d1-b6d2-6a2d9584cf21
2019-09-24 11:41:23,919 [pool-342-thread-1] INFO  server.RaftServerConfigKeys (ConfUtils.java:logGet(43)) - raft.server.log.queue.byte-limit = 2147483647 (custom)
2019-09-24 11:41:23,919 [pool-342-thread-1] INFO  server.RaftServerConfigKeys (ConfUtils.java:logGet(43)) - raft.server.log.queue.element-limit = 1024 (custom)
2019-09-24 11:41:23,920 [pool-342-thread-1] INFO  server.RaftServerConfigKeys (ConfUtils.java:logGet(43)) - raft.server.log.segment.size.max = 1048576 (custom)
2019-09-24 11:41:23,920 [pool-342-thread-1] INFO  server.RaftServerConfigKeys (ConfUtils.java:logGet(43)) - raft.server.log.preallocated.size = 16384 (custom)
2019-09-24 11:41:23,920 [pool-342-thread-1] INFO  server.RaftServerConfigKeys (ConfUtils.java:logGet(43)) - raft.server.log.write.buffer.size = 33554432 (custom)
2019-09-24 11:41:23,920 [pool-342-thread-1] INFO  server.RaftServerConfigKeys (ConfUtils.java:logGet(43)) - raft.server.log.force.sync.num = 128 (default)
2019-09-24 11:41:23,920 [pool-342-thread-1] INFO  server.RaftServerConfigKeys (ConfUtils.java:logGet(43)) - raft.server.log.statemachine.data.sync = true (default)
2019-09-24 11:41:23,920 [pool-342-thread-1] INFO  server.RaftServerConfigKeys (ConfUtils.java:logGet(43)) - raft.server.log.statemachine.data.sync.timeout = 10s (default)
2019-09-24 11:41:23,920 [pool-342-thread-1] INFO  server.RaftServerConfigKeys (ConfUtils.java:logGet(43)) - raft.server.log.statemachine.data.sync.timeout.retry = -1 (default)
2019-09-24 11:41:23,920 [pool-342-thread-1] INFO  server.RaftServerConfigKeys (ConfUtils.java:logGet(43)) - raft.server.log.statemachine.data.caching.enabled = true (custom)
2019-09-24 11:41:23,920 [pool-342-thread-1] INFO  segmented.SegmentedRaftLogWorker (SegmentedRaftLogWorker.java:lambda$new$0(132)) - ada62c6a-1c54-4530-b54d-914239af4641@group-6A2D9584CF21-SegmentedRaftLogWorker: flushIndex: setUnconditionally 0 -> -1
2019-09-24 11:41:23,921 [pool-342-thread-1] INFO  server.RaftServerConfigKeys (ConfUtils.java:logGet(43)) - raft.server.snapshot.auto.trigger.enabled = true (custom)
2019-09-24 11:41:23,921 [pool-342-thread-1] INFO  server.RaftServerConfigKeys (ConfUtils.java:logGet(43)) - raft.server.snapshot.auto.trigger.threshold = 10000 (custom)
2019-09-24 11:41:23,921 [pool-342-thread-1] INFO  server.RaftServerConfigKeys (ConfUtils.java:logGet(43)) - raft.server.snapshot.retention.num.files = 5 (custom)
2019-09-24 11:41:23,921 [pool-342-thread-1] INFO  server.RaftServerConfigKeys (ConfUtils.java:logGet(43)) - raft.server.retrycache.expirytime = 600000ms (custom)
2019-09-24 11:41:23,922 [pool-342-thread-1] INFO  impl.RaftServerImpl (RaftServerImpl.java:start(185)) - ada62c6a-1c54-4530-b54d-914239af4641@group-6A2D9584CF21: start as a follower, conf=-1: [ada62c6a-1c54-4530-b54d-914239af4641:192.168.36.75:34963], old=null
2019-09-24 11:41:23,922 [pool-342-thread-1] INFO  impl.RaftServerImpl (RaftServerImpl.java:setRole(174)) - ada62c6a-1c54-4530-b54d-914239af4641@group-6A2D9584CF21: changes role from      null to FOLLOWER at term 0 for startAsFollower
2019-09-24 11:41:23,922 [pool-342-thread-1] INFO  impl.RoleInfo (RoleInfo.java:updateAndGet(143)) - ada62c6a-1c54-4530-b54d-914239af4641: start FollowerState
2019-09-24 11:41:23,923 [pool-342-thread-1] INFO  util.JmxRegister (JmxRegister.java:tryRegister(44)) - Successfully registered JMX Bean with object name Ratis:service=RaftServer,group=group-6A2D9584CF21,id=ada62c6a-1c54-4530-b54d-914239af4641
2019-09-24 11:41:23,924 [RatisPipelineUtilsThread] INFO  pipeline.PipelineStateManager (PipelineStateManager.java:addPipeline(56)) - Created pipeline Pipeline[ Id: 14ab40ce-7793-46d1-b6d2-6a2d9584cf21, Nodes: ada62c6a-1c54-4530-b54d-914239af4641{ip: 192.168.36.75, host: pr-hdds-2166-cfpzp-170641675, networkLocation: /default-rack, certSerialId: null}, Type:RATIS, Factor:ONE, State:OPEN]
2019-09-24 11:41:23,934 [grpc-default-executor-9] INFO  impl.RaftServerProxy (RaftServerProxy.java:addNew(89)) - 529ebe6e-d9ef-4104-9a91-06bed023192c: addNew group-A0074C602F48:[529ebe6e-d9ef-4104-9a91-06bed023192c:192.168.36.75:44072] returns group-A0074C602F48:java.util.concurrent.CompletableFuture@586fd10b[Not completed]
2019-09-24 11:41:23,936 [pool-312-thread-1] INFO  impl.RaftServerImpl (RaftServerImpl.java:<init>(95)) - 529ebe6e-d9ef-4104-9a91-06bed023192c: new RaftServerImpl for group-A0074C602F48:[529ebe6e-d9ef-4104-9a91-06bed023192c:192.168.36.75:44072] with ContainerStateMachine:uninitialized
2019-09-24 11:41:23,936 [pool-312-thread-1] INFO  server.RaftServerConfigKeys (ConfUtils.java:logGet(43)) - raft.server.rpc.timeout.min = 5s (custom)
2019-09-24 11:41:23,936 [pool-312-thread-1] INFO  server.RaftServerConfigKeys (ConfUtils.java:logGet(43)) - raft.server.rpc.timeout.max = 5200ms (custom)
2019-09-24 11:41:23,936 [pool-312-thread-1] INFO  server.RaftServerConfigKeys (ConfUtils.java:logGet(43)) - raft.server.rpcslowness.timeout = 120s (custom)
2019-09-24 11:41:23,936 [pool-312-thread-1] INFO  server.RaftServerConfigKeys (ConfUtils.java:logGet(43)) - raft.server.sleep.deviation.threshold = 300 (default)
2019-09-24 11:41:23,936 [pool-312-thread-1] INFO  server.RaftServerConfigKeys (ConfUtils.java:logGet(43)) - raft.server.log.appender.install.snapshot.enabled = false (custom)
2019-09-24 11:41:23,936 [pool-312-thread-1] INFO  impl.RaftServerImpl (ServerState.java:<init>(103)) - 529ebe6e-d9ef-4104-9a91-06bed023192c@group-A0074C602F48: ConfigurationManager, init=-1: [529ebe6e-d9ef-4104-9a91-06bed023192c:192.168.36.75:44072], old=null, confs=<EMPTY_MAP>
2019-09-24 11:41:23,937 [pool-312-thread-1] INFO  server.RaftServerConfigKeys (ConfUtils.java:logGet(43)) - raft.server.storage.dir = [/workdir/hadoop-ozone/integration-test/target/test-dir/MiniOzoneClusterImpl-5d0df7c9-a72d-48a6-8b02-28236aa5d78e/datanode-2/data/ratis] (custom)
2019-09-24 11:41:23,937 [pool-312-thread-1] INFO  storage.RaftStorageDirectory (RaftStorageDirectory.java:analyzeStorage(246)) - The storage directory /workdir/hadoop-ozone/integration-test/target/test-dir/MiniOzoneClusterImpl-5d0df7c9-a72d-48a6-8b02-28236aa5d78e/datanode-2/data/ratis/d2687ad5-5308-467c-8599-a0074c602f48 does not exist. Creating ...
2019-09-24 11:41:23,944 [pool-312-thread-1] INFO  storage.RaftStorageDirectory (RaftStorageDirectory.java:tryLock(328)) - Lock on /workdir/hadoop-ozone/integration-test/target/test-dir/MiniOzoneClusterImpl-5d0df7c9-a72d-48a6-8b02-28236aa5d78e/datanode-2/data/ratis/d2687ad5-5308-467c-8599-a0074c602f48/in_use.lock acquired by nodename 4183@pr-hdds-2166-cfpzp-170641675
2019-09-24 11:41:23,959 [pool-312-thread-1] INFO  storage.RaftStorage (RaftStorage.java:format(72)) - Storage directory /workdir/hadoop-ozone/integration-test/target/test-dir/MiniOzoneClusterImpl-5d0df7c9-a72d-48a6-8b02-28236aa5d78e/datanode-2/data/ratis/d2687ad5-5308-467c-8599-a0074c602f48 has been successfully formatted.
2019-09-24 11:41:23,959 [pool-312-thread-1] INFO  ratis.ContainerStateMachine (ContainerStateMachine.java:loadSnapshot(230)) - group-A0074C602F48: The snapshot info is null. Setting the last applied indexto:(t:0, i:~)
2019-09-24 11:41:23,960 [pool-312-thread-1] INFO  server.RaftServerConfigKeys (ConfUtils.java:logGet(43)) - raft.server.notification.no-leader.timeout = 120s (custom)
2019-09-24 11:41:23,960 [pool-312-thread-1] INFO  server.RaftServerConfigKeys (ConfUtils.java:logGet(43)) - raft.server.log.use.memory = false (default)
2019-09-24 11:41:23,960 [pool-312-thread-1] INFO  server.RaftServerConfigKeys (ConfUtils.java:logGet(43)) - raft.server.log.purge.gap = 1000000 (custom)
2019-09-24 11:41:23,960 [pool-312-thread-1] INFO  server.RaftServerConfigKeys (ConfUtils.java:logGet(43)) - raft.server.log.appender.buffer.byte-limit = 33554432 (custom)
2019-09-24 11:41:23,960 [pool-312-thread-1] INFO  server.RaftServerConfigKeys (ConfUtils.java:logGet(43)) - raft.server.log.segment.size.max = 1048576 (custom)
2019-09-24 11:41:23,960 [pool-312-thread-1] INFO  server.RaftServerConfigKeys (ConfUtils.java:logGet(43)) - raft.server.log.segment.cache.num.max = 2 (custom)
2019-09-24 11:41:23,960 [pool-312-thread-1] INFO  segmented.SegmentedRaftLogWorker (SegmentedRaftLogWorker.java:<init>(172)) - new 529ebe6e-d9ef-4104-9a91-06bed023192c@group-A0074C602F48-SegmentedRaftLogWorker for RaftStorage:Storage Directory /workdir/hadoop-ozone/integration-test/target/test-dir/MiniOzoneClusterImpl-5d0df7c9-a72d-48a6-8b02-28236aa5d78e/datanode-2/data/ratis/d2687ad5-5308-467c-8599-a0074c602f48
2019-09-24 11:41:23,961 [pool-312-thread-1] INFO  server.RaftServerConfigKeys (ConfUtils.java:logGet(43)) - raft.server.log.queue.byte-limit = 2147483647 (custom)
2019-09-24 11:41:23,961 [pool-312-thread-1] INFO  server.RaftServerConfigKeys (ConfUtils.java:logGet(43)) - raft.server.log.queue.element-limit = 1024 (custom)
2019-09-24 11:41:23,961 [pool-312-thread-1] INFO  server.RaftServerConfigKeys (ConfUtils.java:logGet(43)) - raft.server.log.segment.size.max = 1048576 (custom)
2019-09-24 11:41:23,961 [pool-312-thread-1] INFO  server.RaftServerConfigKeys (ConfUtils.java:logGet(43)) - raft.server.log.preallocated.size = 16384 (custom)
2019-09-24 11:41:23,961 [pool-312-thread-1] INFO  server.RaftServerConfigKeys (ConfUtils.java:logGet(43)) - raft.server.log.write.buffer.size = 33554432 (custom)
2019-09-24 11:41:23,961 [pool-312-thread-1] INFO  server.RaftServerConfigKeys (ConfUtils.java:logGet(43)) - raft.server.log.force.sync.num = 128 (default)
2019-09-24 11:41:23,961 [pool-312-thread-1] INFO  server.RaftServerConfigKeys (ConfUtils.java:logGet(43)) - raft.server.log.statemachine.data.sync = true (default)
2019-09-24 11:41:23,962 [pool-312-thread-1] INFO  server.RaftServerConfigKeys (ConfUtils.java:logGet(43)) - raft.server.log.statemachine.data.sync.timeout = 10s (default)
2019-09-24 11:41:23,962 [pool-312-thread-1] INFO  server.RaftServerConfigKeys (ConfUtils.java:logGet(43)) - raft.server.log.statemachine.data.sync.timeout.retry = -1 (default)
2019-09-24 11:41:23,962 [pool-312-thread-1] INFO  server.RaftServerConfigKeys (ConfUtils.java:logGet(43)) - raft.server.log.statemachine.data.caching.enabled = true (custom)
2019-09-24 11:41:23,962 [pool-312-thread-1] INFO  segmented.SegmentedRaftLogWorker (SegmentedRaftLogWorker.java:lambda$new$0(132)) - 529ebe6e-d9ef-4104-9a91-06bed023192c@group-A0074C602F48-SegmentedRaftLogWorker: flushIndex: setUnconditionally 0 -> -1
2019-09-24 11:41:23,963 [pool-312-thread-1] INFO  server.RaftServerConfigKeys (ConfUtils.java:logGet(43)) - raft.server.snapshot.auto.trigger.enabled = true (custom)
2019-09-24 11:41:23,963 [pool-312-thread-1] INFO  server.RaftServerConfigKeys (ConfUtils.java:logGet(43)) - raft.server.snapshot.auto.trigger.threshold = 10000 (custom)
2019-09-24 11:41:23,963 [pool-312-thread-1] INFO  server.RaftServerConfigKeys (ConfUtils.java:logGet(43)) - raft.server.snapshot.retention.num.files = 5 (custom)
2019-09-24 11:41:23,963 [pool-312-thread-1] INFO  server.RaftServerConfigKeys (ConfUtils.java:logGet(43)) - raft.server.retrycache.expirytime = 600000ms (custom)
2019-09-24 11:41:23,965 [pool-312-thread-1] INFO  impl.RaftServerImpl (RaftServerImpl.java:start(185)) - 529ebe6e-d9ef-4104-9a91-06bed023192c@group-A0074C602F48: start as a follower, conf=-1: [529ebe6e-d9ef-4104-9a91-06bed023192c:192.168.36.75:44072], old=null
2019-09-24 11:41:23,965 [pool-312-thread-1] INFO  impl.RaftServerImpl (RaftServerImpl.java:setRole(174)) - 529ebe6e-d9ef-4104-9a91-06bed023192c@group-A0074C602F48: changes role from      null to FOLLOWER at term 0 for startAsFollower
2019-09-24 11:41:23,965 [pool-312-thread-1] INFO  impl.RoleInfo (RoleInfo.java:updateAndGet(143)) - 529ebe6e-d9ef-4104-9a91-06bed023192c: start FollowerState
2019-09-24 11:41:23,966 [pool-312-thread-1] INFO  util.JmxRegister (JmxRegister.java:tryRegister(44)) - Successfully registered JMX Bean with object name Ratis:service=RaftServer,group=group-A0074C602F48,id=529ebe6e-d9ef-4104-9a91-06bed023192c
2019-09-24 11:41:23,968 [RatisPipelineUtilsThread] INFO  pipeline.PipelineStateManager (PipelineStateManager.java:addPipeline(56)) - Created pipeline Pipeline[ Id: d2687ad5-5308-467c-8599-a0074c602f48, Nodes: 529ebe6e-d9ef-4104-9a91-06bed023192c{ip: 192.168.36.75, host: pr-hdds-2166-cfpzp-170641675, networkLocation: /default-rack, certSerialId: null}, Type:RATIS, Factor:ONE, State:OPEN]
2019-09-24 11:41:23,997 [grpc-default-executor-9] INFO  impl.RaftServerProxy (RaftServerProxy.java:addNew(89)) - b6143034-8df3-44ef-b701-ecb033592bc9: addNew group-A1C2FD7D2DDD:[b6143034-8df3-44ef-b701-ecb033592bc9:192.168.36.75:41295] returns group-A1C2FD7D2DDD:java.util.concurrent.CompletableFuture@128e9694[Not completed]
2019-09-24 11:41:23,999 [pool-302-thread-1] INFO  impl.RaftServerImpl (RaftServerImpl.java:<init>(95)) - b6143034-8df3-44ef-b701-ecb033592bc9: new RaftServerImpl for group-A1C2FD7D2DDD:[b6143034-8df3-44ef-b701-ecb033592bc9:192.168.36.75:41295] with ContainerStateMachine:uninitialized
2019-09-24 11:41:23,999 [pool-302-thread-1] INFO  server.RaftServerConfigKeys (ConfUtils.java:logGet(43)) - raft.server.rpc.timeout.min = 5s (custom)
2019-09-24 11:41:23,999 [pool-302-thread-1] INFO  server.RaftServerConfigKeys (ConfUtils.java:logGet(43)) - raft.server.rpc.timeout.max = 5200ms (custom)
2019-09-24 11:41:23,999 [pool-302-thread-1] INFO  server.RaftServerConfigKeys (ConfUtils.java:logGet(43)) - raft.server.rpcslowness.timeout = 120s (custom)
2019-09-24 11:41:24,000 [pool-302-thread-1] INFO  server.RaftServerConfigKeys (ConfUtils.java:logGet(43)) - raft.server.sleep.deviation.threshold = 300 (default)
2019-09-24 11:41:24,000 [pool-302-thread-1] INFO  server.RaftServerConfigKeys (ConfUtils.java:logGet(43)) - raft.server.log.appender.install.snapshot.enabled = false (custom)
2019-09-24 11:41:24,000 [pool-302-thread-1] INFO  impl.RaftServerImpl (ServerState.java:<init>(103)) - b6143034-8df3-44ef-b701-ecb033592bc9@group-A1C2FD7D2DDD: ConfigurationManager, init=-1: [b6143034-8df3-44ef-b701-ecb033592bc9:192.168.36.75:41295], old=null, confs=<EMPTY_MAP>
2019-09-24 11:41:24,000 [pool-302-thread-1] INFO  server.RaftServerConfigKeys (ConfUtils.java:logGet(43)) - raft.server.storage.dir = [/workdir/hadoop-ozone/integration-test/target/test-dir/MiniOzoneClusterImpl-5d0df7c9-a72d-48a6-8b02-28236aa5d78e/datanode-1/data/ratis] (custom)
2019-09-24 11:41:24,000 [pool-302-thread-1] INFO  storage.RaftStorageDirectory (RaftStorageDirectory.java:analyzeStorage(246)) - The storage directory /workdir/hadoop-ozone/integration-test/target/test-dir/MiniOzoneClusterImpl-5d0df7c9-a72d-48a6-8b02-28236aa5d78e/datanode-1/data/ratis/09046260-420b-4f90-a84b-a1c2fd7d2ddd does not exist. Creating ...
2019-09-24 11:41:24,017 [pool-302-thread-1] INFO  storage.RaftStorageDirectory (RaftStorageDirectory.java:tryLock(328)) - Lock on /workdir/hadoop-ozone/integration-test/target/test-dir/MiniOzoneClusterImpl-5d0df7c9-a72d-48a6-8b02-28236aa5d78e/datanode-1/data/ratis/09046260-420b-4f90-a84b-a1c2fd7d2ddd/in_use.lock acquired by nodename 4183@pr-hdds-2166-cfpzp-170641675
2019-09-24 11:41:24,034 [pool-302-thread-1] INFO  storage.RaftStorage (RaftStorage.java:format(72)) - Storage directory /workdir/hadoop-ozone/integration-test/target/test-dir/MiniOzoneClusterImpl-5d0df7c9-a72d-48a6-8b02-28236aa5d78e/datanode-1/data/ratis/09046260-420b-4f90-a84b-a1c2fd7d2ddd has been successfully formatted.
2019-09-24 11:41:24,034 [pool-302-thread-1] INFO  ratis.ContainerStateMachine (ContainerStateMachine.java:loadSnapshot(230)) - group-A1C2FD7D2DDD: The snapshot info is null. Setting the last applied indexto:(t:0, i:~)
2019-09-24 11:41:24,034 [pool-302-thread-1] INFO  server.RaftServerConfigKeys (ConfUtils.java:logGet(43)) - raft.server.notification.no-leader.timeout = 120s (custom)
2019-09-24 11:41:24,034 [pool-302-thread-1] INFO  server.RaftServerConfigKeys (ConfUtils.java:logGet(43)) - raft.server.log.use.memory = false (default)
2019-09-24 11:41:24,034 [pool-302-thread-1] INFO  server.RaftServerConfigKeys (ConfUtils.java:logGet(43)) - raft.server.log.purge.gap = 1000000 (custom)
2019-09-24 11:41:24,035 [pool-302-thread-1] INFO  server.RaftServerConfigKeys (ConfUtils.java:logGet(43)) - raft.server.log.appender.buffer.byte-limit = 33554432 (custom)
2019-09-24 11:41:24,035 [pool-302-thread-1] INFO  server.RaftServerConfigKeys (ConfUtils.java:logGet(43)) - raft.server.log.segment.size.max = 1048576 (custom)
2019-09-24 11:41:24,035 [pool-302-thread-1] INFO  server.RaftServerConfigKeys (ConfUtils.java:logGet(43)) - raft.server.log.segment.cache.num.max = 2 (custom)
2019-09-24 11:41:24,035 [pool-302-thread-1] INFO  segmented.SegmentedRaftLogWorker (SegmentedRaftLogWorker.java:<init>(172)) - new b6143034-8df3-44ef-b701-ecb033592bc9@group-A1C2FD7D2DDD-SegmentedRaftLogWorker for RaftStorage:Storage Directory /workdir/hadoop-ozone/integration-test/target/test-dir/MiniOzoneClusterImpl-5d0df7c9-a72d-48a6-8b02-28236aa5d78e/datanode-1/data/ratis/09046260-420b-4f90-a84b-a1c2fd7d2ddd
2019-09-24 11:41:24,037 [pool-302-thread-1] INFO  server.RaftServerConfigKeys (ConfUtils.java:logGet(43)) - raft.server.log.queue.byte-limit = 2147483647 (custom)
2019-09-24 11:41:24,037 [pool-302-thread-1] INFO  server.RaftServerConfigKeys (ConfUtils.java:logGet(43)) - raft.server.log.queue.element-limit = 1024 (custom)
2019-09-24 11:41:24,037 [pool-302-thread-1] INFO  server.RaftServerConfigKeys (ConfUtils.java:logGet(43)) - raft.server.log.segment.size.max = 1048576 (custom)
2019-09-24 11:41:24,037 [pool-302-thread-1] INFO  server.RaftServerConfigKeys (ConfUtils.java:logGet(43)) - raft.server.log.preallocated.size = 16384 (custom)
2019-09-24 11:41:24,037 [pool-302-thread-1] INFO  server.RaftServerConfigKeys (ConfUtils.java:logGet(43)) - raft.server.log.write.buffer.size = 33554432 (custom)
2019-09-24 11:41:24,037 [pool-302-thread-1] INFO  server.RaftServerConfigKeys (ConfUtils.java:logGet(43)) - raft.server.log.force.sync.num = 128 (default)
2019-09-24 11:41:24,037 [pool-302-thread-1] INFO  server.RaftServerConfigKeys (ConfUtils.java:logGet(43)) - raft.server.log.statemachine.data.sync = true (default)
2019-09-24 11:41:24,038 [pool-302-thread-1] INFO  server.RaftServerConfigKeys (ConfUtils.java:logGet(43)) - raft.server.log.statemachine.data.sync.timeout = 10s (default)
2019-09-24 11:41:24,038 [pool-302-thread-1] INFO  server.RaftServerConfigKeys (ConfUtils.java:logGet(43)) - raft.server.log.statemachine.data.sync.timeout.retry = -1 (default)
2019-09-24 11:41:24,038 [pool-302-thread-1] INFO  server.RaftServerConfigKeys (ConfUtils.java:logGet(43)) - raft.server.log.statemachine.data.caching.enabled = true (custom)
2019-09-24 11:41:24,038 [pool-302-thread-1] INFO  segmented.SegmentedRaftLogWorker (SegmentedRaftLogWorker.java:lambda$new$0(132)) - b6143034-8df3-44ef-b701-ecb033592bc9@group-A1C2FD7D2DDD-SegmentedRaftLogWorker: flushIndex: setUnconditionally 0 -> -1
2019-09-24 11:41:24,038 [pool-302-thread-1] INFO  server.RaftServerConfigKeys (ConfUtils.java:logGet(43)) - raft.server.snapshot.auto.trigger.enabled = true (custom)
2019-09-24 11:41:24,039 [pool-302-thread-1] INFO  server.RaftServerConfigKeys (ConfUtils.java:logGet(43)) - raft.server.snapshot.auto.trigger.threshold = 10000 (custom)
2019-09-24 11:41:24,039 [pool-302-thread-1] INFO  server.RaftServerConfigKeys (ConfUtils.java:logGet(43)) - raft.server.snapshot.retention.num.files = 5 (custom)
2019-09-24 11:41:24,039 [pool-302-thread-1] INFO  server.RaftServerConfigKeys (ConfUtils.java:logGet(43)) - raft.server.retrycache.expirytime = 600000ms (custom)
2019-09-24 11:41:24,040 [pool-302-thread-1] INFO  impl.RaftServerImpl (RaftServerImpl.java:start(185)) - b6143034-8df3-44ef-b701-ecb033592bc9@group-A1C2FD7D2DDD: start as a follower, conf=-1: [b6143034-8df3-44ef-b701-ecb033592bc9:192.168.36.75:41295], old=null
2019-09-24 11:41:24,040 [pool-302-thread-1] INFO  impl.RaftServerImpl (RaftServerImpl.java:setRole(174)) - b6143034-8df3-44ef-b701-ecb033592bc9@group-A1C2FD7D2DDD: changes role from      null to FOLLOWER at term 0 for startAsFollower
2019-09-24 11:41:24,041 [pool-302-thread-1] INFO  impl.RoleInfo (RoleInfo.java:updateAndGet(143)) - b6143034-8df3-44ef-b701-ecb033592bc9: start FollowerState
2019-09-24 11:41:24,041 [pool-302-thread-1] INFO  util.JmxRegister (JmxRegister.java:tryRegister(44)) - Successfully registered JMX Bean with object name Ratis:service=RaftServer,group=group-A1C2FD7D2DDD,id=b6143034-8df3-44ef-b701-ecb033592bc9
2019-09-24 11:41:24,042 [RatisPipelineUtilsThread] INFO  pipeline.PipelineStateManager (PipelineStateManager.java:addPipeline(56)) - Created pipeline Pipeline[ Id: 09046260-420b-4f90-a84b-a1c2fd7d2ddd, Nodes: b6143034-8df3-44ef-b701-ecb033592bc9{ip: 192.168.36.75, host: pr-hdds-2166-cfpzp-170641675, networkLocation: /default-rack, certSerialId: null}, Type:RATIS, Factor:ONE, State:OPEN]
2019-09-24 11:41:24,043 [ReplicationMonitor] INFO  container.ReplicationManager (ReplicationManager.java:run(225)) - Replication Monitor Thread took 461 milliseconds for processing 1 containers.
2019-09-24 11:41:28,738 [Thread-2569] INFO  impl.FollowerState (FollowerState.java:run(106)) - 643e9d8e-4f99-42c5-a66a-284f0687bd5b:group-88B44F0D333A changes to CANDIDATE, lastRpcTime:5075, electionTimeout:5075ms
2019-09-24 11:41:28,739 [Thread-2569] INFO  impl.RoleInfo (RoleInfo.java:shutdownFollowerState(121)) - 643e9d8e-4f99-42c5-a66a-284f0687bd5b: shutdown FollowerState
2019-09-24 11:41:28,739 [Thread-2569] INFO  impl.RaftServerImpl (RaftServerImpl.java:setRole(174)) - 643e9d8e-4f99-42c5-a66a-284f0687bd5b@group-88B44F0D333A: changes role from  FOLLOWER to CANDIDATE at term 0 for changeToCandidate
2019-09-24 11:41:28,739 [Thread-2569] INFO  impl.RoleInfo (RoleInfo.java:updateAndGet(143)) - 643e9d8e-4f99-42c5-a66a-284f0687bd5b: start LeaderElection
2019-09-24 11:41:28,752 [Thread-2577] INFO  impl.FollowerState (FollowerState.java:run(106)) - 529ebe6e-d9ef-4104-9a91-06bed023192c:group-12B47C4E708E changes to CANDIDATE, lastRpcTime:5026, electionTimeout:5026ms
2019-09-24 11:41:28,752 [Thread-2577] INFO  impl.RoleInfo (RoleInfo.java:shutdownFollowerState(121)) - 529ebe6e-d9ef-4104-9a91-06bed023192c: shutdown FollowerState
2019-09-24 11:41:28,752 [Thread-2577] INFO  impl.RaftServerImpl (RaftServerImpl.java:setRole(174)) - 529ebe6e-d9ef-4104-9a91-06bed023192c@group-12B47C4E708E: changes role from  FOLLOWER to CANDIDATE at term 0 for changeToCandidate
2019-09-24 11:41:28,752 [Thread-2577] INFO  impl.RoleInfo (RoleInfo.java:updateAndGet(143)) - 529ebe6e-d9ef-4104-9a91-06bed023192c: start LeaderElection
2019-09-24 11:41:28,752 [Thread-2567] INFO  impl.FollowerState (FollowerState.java:run(106)) - 643e9d8e-4f99-42c5-a66a-284f0687bd5b:group-0BFE7956F123 changes to CANDIDATE, lastRpcTime:5090, electionTimeout:5090ms
2019-09-24 11:41:28,756 [Thread-2563] INFO  impl.FollowerState (FollowerState.java:run(106)) - 6580372e-dbe4-4e5f-b67c-ae98088f5cde:group-88B44F0D333A changes to CANDIDATE, lastRpcTime:5126, electionTimeout:5125ms
2019-09-24 11:41:28,760 [Thread-2567] INFO  impl.RoleInfo (RoleInfo.java:shutdownFollowerState(121)) - 643e9d8e-4f99-42c5-a66a-284f0687bd5b: shutdown FollowerState
2019-09-24 11:41:28,760 [Thread-2563] INFO  impl.RoleInfo (RoleInfo.java:shutdownFollowerState(121)) - 6580372e-dbe4-4e5f-b67c-ae98088f5cde: shutdown FollowerState
2019-09-24 11:41:28,760 [Thread-2567] INFO  impl.RaftServerImpl (RaftServerImpl.java:setRole(174)) - 643e9d8e-4f99-42c5-a66a-284f0687bd5b@group-0BFE7956F123: changes role from  FOLLOWER to CANDIDATE at term 0 for changeToCandidate
2019-09-24 11:41:28,760 [Thread-2563] INFO  impl.RaftServerImpl (RaftServerImpl.java:setRole(174)) - 6580372e-dbe4-4e5f-b67c-ae98088f5cde@group-88B44F0D333A: changes role from  FOLLOWER to CANDIDATE at term 0 for changeToCandidate
2019-09-24 11:41:28,760 [Thread-2567] INFO  impl.RoleInfo (RoleInfo.java:updateAndGet(143)) - 643e9d8e-4f99-42c5-a66a-284f0687bd5b: start LeaderElection
2019-09-24 11:41:28,760 [Thread-2563] INFO  impl.RoleInfo (RoleInfo.java:updateAndGet(143)) - 6580372e-dbe4-4e5f-b67c-ae98088f5cde: start LeaderElection
2019-09-24 11:41:28,781 [Thread-2562] INFO  impl.FollowerState (FollowerState.java:run(106)) - 5233621a-f557-4e78-b33f-0dd3281b1b34:group-88B44F0D333A changes to CANDIDATE, lastRpcTime:5151, electionTimeout:5151ms
2019-09-24 11:41:28,781 [Thread-2562] INFO  impl.RoleInfo (RoleInfo.java:shutdownFollowerState(121)) - 5233621a-f557-4e78-b33f-0dd3281b1b34: shutdown FollowerState
2019-09-24 11:41:28,781 [Thread-2562] INFO  impl.RaftServerImpl (RaftServerImpl.java:setRole(174)) - 5233621a-f557-4e78-b33f-0dd3281b1b34@group-88B44F0D333A: changes role from  FOLLOWER to CANDIDATE at term 0 for changeToCandidate
2019-09-24 11:41:28,781 [Thread-2562] INFO  impl.RoleInfo (RoleInfo.java:updateAndGet(143)) - 5233621a-f557-4e78-b33f-0dd3281b1b34: start LeaderElection
2019-09-24 11:41:28,829 [Thread-2584] INFO  impl.FollowerState (FollowerState.java:run(106)) - 643e9d8e-4f99-42c5-a66a-284f0687bd5b:group-CFD9347A0908 changes to CANDIDATE, lastRpcTime:5026, electionTimeout:5026ms
2019-09-24 11:41:28,829 [Thread-2584] INFO  impl.RoleInfo (RoleInfo.java:shutdownFollowerState(121)) - 643e9d8e-4f99-42c5-a66a-284f0687bd5b: shutdown FollowerState
2019-09-24 11:41:28,829 [Thread-2584] INFO  impl.RaftServerImpl (RaftServerImpl.java:setRole(174)) - 643e9d8e-4f99-42c5-a66a-284f0687bd5b@group-CFD9347A0908: changes role from  FOLLOWER to CANDIDATE at term 0 for changeToCandidate
2019-09-24 11:41:28,829 [Thread-2584] INFO  impl.RoleInfo (RoleInfo.java:updateAndGet(143)) - 643e9d8e-4f99-42c5-a66a-284f0687bd5b: start LeaderElection
2019-09-24 11:41:28,844 [Thread-2576] INFO  impl.FollowerState (FollowerState.java:run(106)) - ada62c6a-1c54-4530-b54d-914239af4641:group-12B47C4E708E changes to CANDIDATE, lastRpcTime:5118, electionTimeout:5118ms
2019-09-24 11:41:28,844 [Thread-2576] INFO  impl.RoleInfo (RoleInfo.java:shutdownFollowerState(121)) - ada62c6a-1c54-4530-b54d-914239af4641: shutdown FollowerState
2019-09-24 11:41:28,844 [Thread-2576] INFO  impl.RaftServerImpl (RaftServerImpl.java:setRole(174)) - ada62c6a-1c54-4530-b54d-914239af4641@group-12B47C4E708E: changes role from  FOLLOWER to CANDIDATE at term 0 for changeToCandidate
2019-09-24 11:41:28,844 [Thread-2576] INFO  impl.RoleInfo (RoleInfo.java:updateAndGet(143)) - ada62c6a-1c54-4530-b54d-914239af4641: start LeaderElection
2019-09-24 11:41:28,867 [Thread-2581] INFO  impl.FollowerState (FollowerState.java:run(106)) - 6580372e-dbe4-4e5f-b67c-ae98088f5cde:group-4F7E992B41C3 changes to CANDIDATE, lastRpcTime:5101, electionTimeout:5101ms
2019-09-24 11:41:28,867 [Thread-2581] INFO  impl.RoleInfo (RoleInfo.java:shutdownFollowerState(121)) - 6580372e-dbe4-4e5f-b67c-ae98088f5cde: shutdown FollowerState
2019-09-24 11:41:28,867 [Thread-2581] INFO  impl.RaftServerImpl (RaftServerImpl.java:setRole(174)) - 6580372e-dbe4-4e5f-b67c-ae98088f5cde@group-4F7E992B41C3: changes role from  FOLLOWER to CANDIDATE at term 0 for changeToCandidate
2019-09-24 11:41:28,868 [Thread-2581] INFO  impl.RoleInfo (RoleInfo.java:updateAndGet(143)) - 6580372e-dbe4-4e5f-b67c-ae98088f5cde: start LeaderElection
2019-09-24 11:41:28,876 [Thread-2587] INFO  impl.FollowerState (FollowerState.java:run(106)) - 5233621a-f557-4e78-b33f-0dd3281b1b34:group-4BB85EBA102A changes to CANDIDATE, lastRpcTime:5034, electionTimeout:5034ms
2019-09-24 11:41:28,876 [Thread-2587] INFO  impl.RoleInfo (RoleInfo.java:shutdownFollowerState(121)) - 5233621a-f557-4e78-b33f-0dd3281b1b34: shutdown FollowerState
2019-09-24 11:41:28,876 [Thread-2587] INFO  impl.RaftServerImpl (RaftServerImpl.java:setRole(174)) - 5233621a-f557-4e78-b33f-0dd3281b1b34@group-4BB85EBA102A: changes role from  FOLLOWER to CANDIDATE at term 0 for changeToCandidate
2019-09-24 11:41:28,877 [Thread-2587] INFO  impl.RoleInfo (RoleInfo.java:updateAndGet(143)) - 5233621a-f557-4e78-b33f-0dd3281b1b34: start LeaderElection
2019-09-24 11:41:28,887 [Thread-2574] INFO  impl.FollowerState (FollowerState.java:run(106)) - ad7d9de2-3d2e-4449-be67-7700fbbd2254:group-12B47C4E708E changes to CANDIDATE, lastRpcTime:5163, electionTimeout:5163ms
2019-09-24 11:41:28,887 [Thread-2574] INFO  impl.RoleInfo (RoleInfo.java:shutdownFollowerState(121)) - ad7d9de2-3d2e-4449-be67-7700fbbd2254: shutdown FollowerState
2019-09-24 11:41:28,887 [Thread-2574] INFO  impl.RaftServerImpl (RaftServerImpl.java:setRole(174)) - ad7d9de2-3d2e-4449-be67-7700fbbd2254@group-12B47C4E708E: changes role from  FOLLOWER to CANDIDATE at term 0 for changeToCandidate
2019-09-24 11:41:28,887 [Thread-2574] INFO  impl.RoleInfo (RoleInfo.java:updateAndGet(143)) - ad7d9de2-3d2e-4449-be67-7700fbbd2254: start LeaderElection
2019-09-24 11:41:29,001 [Thread-2590] INFO  impl.FollowerState (FollowerState.java:run(106)) - ad7d9de2-3d2e-4449-be67-7700fbbd2254:group-7D61F32FC7C4 changes to CANDIDATE, lastRpcTime:5121, electionTimeout:5121ms
2019-09-24 11:41:29,001 [Thread-2590] INFO  impl.RoleInfo (RoleInfo.java:shutdownFollowerState(121)) - ad7d9de2-3d2e-4449-be67-7700fbbd2254: shutdown FollowerState
2019-09-24 11:41:29,001 [Thread-2590] INFO  impl.RaftServerImpl (RaftServerImpl.java:setRole(174)) - ad7d9de2-3d2e-4449-be67-7700fbbd2254@group-7D61F32FC7C4: changes role from  FOLLOWER to CANDIDATE at term 0 for changeToCandidate
2019-09-24 11:41:29,001 [Thread-2590] INFO  impl.RoleInfo (RoleInfo.java:updateAndGet(143)) - ad7d9de2-3d2e-4449-be67-7700fbbd2254: start LeaderElection
2019-09-24 11:41:29,069 [Thread-2595] INFO  impl.FollowerState (FollowerState.java:run(106)) - ada62c6a-1c54-4530-b54d-914239af4641:group-6A2D9584CF21 changes to CANDIDATE, lastRpcTime:5146, electionTimeout:5146ms
2019-09-24 11:41:29,069 [Thread-2595] INFO  impl.RoleInfo (RoleInfo.java:shutdownFollowerState(121)) - ada62c6a-1c54-4530-b54d-914239af4641: shutdown FollowerState
2019-09-24 11:41:29,069 [Thread-2595] INFO  impl.RaftServerImpl (RaftServerImpl.java:setRole(174)) - ada62c6a-1c54-4530-b54d-914239af4641@group-6A2D9584CF21: changes role from  FOLLOWER to CANDIDATE at term 0 for changeToCandidate
2019-09-24 11:41:29,069 [Thread-2595] INFO  impl.RoleInfo (RoleInfo.java:updateAndGet(143)) - ada62c6a-1c54-4530-b54d-914239af4641: start LeaderElection
2019-09-24 11:41:29,110 [Thread-2598] INFO  impl.FollowerState (FollowerState.java:run(106)) - 529ebe6e-d9ef-4104-9a91-06bed023192c:group-A0074C602F48 changes to CANDIDATE, lastRpcTime:5144, electionTimeout:5144ms
2019-09-24 11:41:29,110 [Thread-2598] INFO  impl.RoleInfo (RoleInfo.java:shutdownFollowerState(121)) - 529ebe6e-d9ef-4104-9a91-06bed023192c: shutdown FollowerState
2019-09-24 11:41:29,110 [Thread-2598] INFO  impl.RaftServerImpl (RaftServerImpl.java:setRole(174)) - 529ebe6e-d9ef-4104-9a91-06bed023192c@group-A0074C602F48: changes role from  FOLLOWER to CANDIDATE at term 0 for changeToCandidate
2019-09-24 11:41:29,111 [Thread-2598] INFO  impl.RoleInfo (RoleInfo.java:updateAndGet(143)) - 529ebe6e-d9ef-4104-9a91-06bed023192c: start LeaderElection
2019-09-24 11:41:29,203 [Thread-2602] INFO  impl.FollowerState (FollowerState.java:run(106)) - b6143034-8df3-44ef-b701-ecb033592bc9:group-A1C2FD7D2DDD changes to CANDIDATE, lastRpcTime:5162, electionTimeout:5162ms
2019-09-24 11:41:29,204 [Thread-2602] INFO  impl.RoleInfo (RoleInfo.java:shutdownFollowerState(121)) - b6143034-8df3-44ef-b701-ecb033592bc9: shutdown FollowerState
2019-09-24 11:41:29,204 [Thread-2602] INFO  impl.RaftServerImpl (RaftServerImpl.java:setRole(174)) - b6143034-8df3-44ef-b701-ecb033592bc9@group-A1C2FD7D2DDD: changes role from  FOLLOWER to CANDIDATE at term 0 for changeToCandidate
2019-09-24 11:41:29,204 [Thread-2602] INFO  impl.RoleInfo (RoleInfo.java:updateAndGet(143)) - b6143034-8df3-44ef-b701-ecb033592bc9: start LeaderElection
2019-09-24 11:41:30,976 [6580372e-dbe4-4e5f-b67c-ae98088f5cde@group-88B44F0D333A:LeaderElection81] INFO  impl.LeaderElection (LeaderElection.java:askForVotes(182)) - 6580372e-dbe4-4e5f-b67c-ae98088f5cde@group-88B44F0D333A:LeaderElection81: begin an election at term 1 for -1: [643e9d8e-4f99-42c5-a66a-284f0687bd5b:192.168.36.75:37560, 5233621a-f557-4e78-b33f-0dd3281b1b34:192.168.36.75:41613, 6580372e-dbe4-4e5f-b67c-ae98088f5cde:192.168.36.75:41540], old=null
2019-09-24 11:41:30,977 [6580372e-dbe4-4e5f-b67c-ae98088f5cde@group-4F7E992B41C3:LeaderElection85] INFO  impl.LeaderElection (LeaderElection.java:askForVotes(182)) - 6580372e-dbe4-4e5f-b67c-ae98088f5cde@group-4F7E992B41C3:LeaderElection85: begin an election at term 1 for -1: [6580372e-dbe4-4e5f-b67c-ae98088f5cde:192.168.36.75:41540], old=null
2019-09-24 11:41:30,977 [ad7d9de2-3d2e-4449-be67-7700fbbd2254@group-7D61F32FC7C4:LeaderElection88] INFO  impl.LeaderElection (LeaderElection.java:askForVotes(182)) - ad7d9de2-3d2e-4449-be67-7700fbbd2254@group-7D61F32FC7C4:LeaderElection88: begin an election at term 1 for -1: [ad7d9de2-3d2e-4449-be67-7700fbbd2254:192.168.36.75:39888], old=null
2019-09-24 11:41:30,977 [ad7d9de2-3d2e-4449-be67-7700fbbd2254@group-7D61F32FC7C4:LeaderElection88] INFO  impl.RoleInfo (RoleInfo.java:shutdownLeaderElection(134)) - ad7d9de2-3d2e-4449-be67-7700fbbd2254: shutdown LeaderElection
2019-09-24 11:41:30,977 [529ebe6e-d9ef-4104-9a91-06bed023192c@group-12B47C4E708E:LeaderElection79] INFO  impl.LeaderElection (LeaderElection.java:askForVotes(182)) - 529ebe6e-d9ef-4104-9a91-06bed023192c@group-12B47C4E708E:LeaderElection79: begin an election at term 1 for -1: [ada62c6a-1c54-4530-b54d-914239af4641:192.168.36.75:34963, ad7d9de2-3d2e-4449-be67-7700fbbd2254:192.168.36.75:39888, 529ebe6e-d9ef-4104-9a91-06bed023192c:192.168.36.75:44072], old=null
2019-09-24 11:41:30,977 [643e9d8e-4f99-42c5-a66a-284f0687bd5b@group-0BFE7956F123:LeaderElection80] INFO  impl.LeaderElection (LeaderElection.java:askForVotes(182)) - 643e9d8e-4f99-42c5-a66a-284f0687bd5b@group-0BFE7956F123:LeaderElection80: begin an election at term 1 for -1: [643e9d8e-4f99-42c5-a66a-284f0687bd5b:192.168.36.75:37560], old=null
2019-09-24 11:41:30,978 [643e9d8e-4f99-42c5-a66a-284f0687bd5b@group-0BFE7956F123:LeaderElection80] INFO  impl.RoleInfo (RoleInfo.java:shutdownLeaderElection(134)) - 643e9d8e-4f99-42c5-a66a-284f0687bd5b: shutdown LeaderElection
2019-09-24 11:41:30,977 [643e9d8e-4f99-42c5-a66a-284f0687bd5b@group-88B44F0D333A:LeaderElection78] INFO  impl.LeaderElection (LeaderElection.java:askForVotes(182)) - 643e9d8e-4f99-42c5-a66a-284f0687bd5b@group-88B44F0D333A:LeaderElection78: begin an election at term 1 for -1: [643e9d8e-4f99-42c5-a66a-284f0687bd5b:192.168.36.75:37560, 5233621a-f557-4e78-b33f-0dd3281b1b34:192.168.36.75:41613, 6580372e-dbe4-4e5f-b67c-ae98088f5cde:192.168.36.75:41540], old=null
2019-09-24 11:41:30,977 [6580372e-dbe4-4e5f-b67c-ae98088f5cde@group-4F7E992B41C3:LeaderElection85] INFO  impl.RoleInfo (RoleInfo.java:shutdownLeaderElection(134)) - 6580372e-dbe4-4e5f-b67c-ae98088f5cde: shutdown LeaderElection
2019-09-24 11:41:30,978 [6580372e-dbe4-4e5f-b67c-ae98088f5cde@group-4F7E992B41C3:LeaderElection85] INFO  impl.RaftServerImpl (RaftServerImpl.java:setRole(174)) - 6580372e-dbe4-4e5f-b67c-ae98088f5cde@group-4F7E992B41C3: changes role from CANDIDATE to LEADER at term 1 for changeToLeader
2019-09-24 11:41:30,978 [6580372e-dbe4-4e5f-b67c-ae98088f5cde@group-4F7E992B41C3:LeaderElection85] INFO  impl.RaftServerImpl (ServerState.java:setLeader(253)) - 6580372e-dbe4-4e5f-b67c-ae98088f5cde@group-4F7E992B41C3: change Leader from null to 6580372e-dbe4-4e5f-b67c-ae98088f5cde at term 1 for becomeLeader, leader elected after 7216ms
2019-09-24 11:41:30,979 [6580372e-dbe4-4e5f-b67c-ae98088f5cde@group-4F7E992B41C3:LeaderElection85] INFO  server.RaftServerConfigKeys (ConfUtils.java:logGet(43)) - raft.server.staging.catchup.gap = 1000 (default)
2019-09-24 11:41:30,977 [643e9d8e-4f99-42c5-a66a-284f0687bd5b@group-CFD9347A0908:LeaderElection83] INFO  impl.LeaderElection (LeaderElection.java:askForVotes(182)) - 643e9d8e-4f99-42c5-a66a-284f0687bd5b@group-CFD9347A0908:LeaderElection83: begin an election at term 1 for -1: [643e9d8e-4f99-42c5-a66a-284f0687bd5b:192.168.36.75:37560], old=null
2019-09-24 11:41:30,977 [ada62c6a-1c54-4530-b54d-914239af4641@group-12B47C4E708E:LeaderElection84] INFO  impl.LeaderElection (LeaderElection.java:askForVotes(182)) - ada62c6a-1c54-4530-b54d-914239af4641@group-12B47C4E708E:LeaderElection84: begin an election at term 1 for -1: [ada62c6a-1c54-4530-b54d-914239af4641:192.168.36.75:34963, ad7d9de2-3d2e-4449-be67-7700fbbd2254:192.168.36.75:39888, 529ebe6e-d9ef-4104-9a91-06bed023192c:192.168.36.75:44072], old=null
2019-09-24 11:41:30,977 [5233621a-f557-4e78-b33f-0dd3281b1b34@group-88B44F0D333A:LeaderElection82] INFO  impl.LeaderElection (LeaderElection.java:askForVotes(182)) - 5233621a-f557-4e78-b33f-0dd3281b1b34@group-88B44F0D333A:LeaderElection82: begin an election at term 1 for -1: [643e9d8e-4f99-42c5-a66a-284f0687bd5b:192.168.36.75:37560, 5233621a-f557-4e78-b33f-0dd3281b1b34:192.168.36.75:41613, 6580372e-dbe4-4e5f-b67c-ae98088f5cde:192.168.36.75:41540], old=null
2019-09-24 11:41:30,979 [643e9d8e-4f99-42c5-a66a-284f0687bd5b@group-CFD9347A0908:LeaderElection83] INFO  impl.RoleInfo (RoleInfo.java:shutdownLeaderElection(134)) - 643e9d8e-4f99-42c5-a66a-284f0687bd5b: shutdown LeaderElection
2019-09-24 11:41:30,980 [643e9d8e-4f99-42c5-a66a-284f0687bd5b@group-CFD9347A0908:LeaderElection83] INFO  impl.RaftServerImpl (RaftServerImpl.java:setRole(174)) - 643e9d8e-4f99-42c5-a66a-284f0687bd5b@group-CFD9347A0908: changes role from CANDIDATE to LEADER at term 1 for changeToLeader
2019-09-24 11:41:30,980 [643e9d8e-4f99-42c5-a66a-284f0687bd5b@group-CFD9347A0908:LeaderElection83] INFO  impl.RaftServerImpl (ServerState.java:setLeader(253)) - 643e9d8e-4f99-42c5-a66a-284f0687bd5b@group-CFD9347A0908: change Leader from null to 643e9d8e-4f99-42c5-a66a-284f0687bd5b at term 1 for becomeLeader, leader elected after 7181ms
2019-09-24 11:41:30,979 [6580372e-dbe4-4e5f-b67c-ae98088f5cde@group-4F7E992B41C3:LeaderElection85] INFO  server.RaftServerConfigKeys (ConfUtils.java:logGet(43)) - raft.server.rpc.sleep.time = 25ms (default)
2019-09-24 11:41:30,978 [643e9d8e-4f99-42c5-a66a-284f0687bd5b@group-0BFE7956F123:LeaderElection80] INFO  impl.RaftServerImpl (RaftServerImpl.java:setRole(174)) - 643e9d8e-4f99-42c5-a66a-284f0687bd5b@group-0BFE7956F123: changes role from CANDIDATE to LEADER at term 1 for changeToLeader
2019-09-24 11:41:30,978 [ad7d9de2-3d2e-4449-be67-7700fbbd2254@group-7D61F32FC7C4:LeaderElection88] INFO  impl.RaftServerImpl (RaftServerImpl.java:setRole(174)) - ad7d9de2-3d2e-4449-be67-7700fbbd2254@group-7D61F32FC7C4: changes role from CANDIDATE to LEADER at term 1 for changeToLeader
2019-09-24 11:41:30,977 [5233621a-f557-4e78-b33f-0dd3281b1b34@group-4BB85EBA102A:LeaderElection86] INFO  impl.LeaderElection (LeaderElection.java:askForVotes(182)) - 5233621a-f557-4e78-b33f-0dd3281b1b34@group-4BB85EBA102A:LeaderElection86: begin an election at term 1 for -1: [5233621a-f557-4e78-b33f-0dd3281b1b34:192.168.36.75:41613], old=null
2019-09-24 11:41:30,988 [5233621a-f557-4e78-b33f-0dd3281b1b34@group-4BB85EBA102A:LeaderElection86] INFO  impl.RoleInfo (RoleInfo.java:shutdownLeaderElection(134)) - 5233621a-f557-4e78-b33f-0dd3281b1b34: shutdown LeaderElection
2019-09-24 11:41:30,988 [5233621a-f557-4e78-b33f-0dd3281b1b34@group-4BB85EBA102A:LeaderElection86] INFO  impl.RaftServerImpl (RaftServerImpl.java:setRole(174)) - 5233621a-f557-4e78-b33f-0dd3281b1b34@group-4BB85EBA102A: changes role from CANDIDATE to LEADER at term 1 for changeToLeader
2019-09-24 11:41:30,988 [5233621a-f557-4e78-b33f-0dd3281b1b34@group-4BB85EBA102A:LeaderElection86] INFO  impl.RaftServerImpl (ServerState.java:setLeader(253)) - 5233621a-f557-4e78-b33f-0dd3281b1b34@group-4BB85EBA102A: change Leader from null to 5233621a-f557-4e78-b33f-0dd3281b1b34 at term 1 for becomeLeader, leader elected after 7149ms
2019-09-24 11:41:30,988 [5233621a-f557-4e78-b33f-0dd3281b1b34@group-4BB85EBA102A:LeaderElection86] INFO  server.RaftServerConfigKeys (ConfUtils.java:logGet(43)) - raft.server.staging.catchup.gap = 1000 (default)
2019-09-24 11:41:30,988 [5233621a-f557-4e78-b33f-0dd3281b1b34@group-4BB85EBA102A:LeaderElection86] INFO  server.RaftServerConfigKeys (ConfUtils.java:logGet(43)) - raft.server.rpc.sleep.time = 25ms (default)
2019-09-24 11:41:30,988 [5233621a-f557-4e78-b33f-0dd3281b1b34@group-4BB85EBA102A:LeaderElection86] INFO  server.RaftServerConfigKeys (ConfUtils.java:logGet(43)) - raft.server.write.element-limit = 4096 (default)
2019-09-24 11:41:30,989 [5233621a-f557-4e78-b33f-0dd3281b1b34@group-4BB85EBA102A:LeaderElection86] INFO  server.RaftServerConfigKeys (ConfUtils.java:logGet(43)) - raft.server.watch.timeout = 10s (default)
2019-09-24 11:41:30,989 [5233621a-f557-4e78-b33f-0dd3281b1b34@group-4BB85EBA102A:LeaderElection86] INFO  server.RaftServerConfigKeys (ConfUtils.java:logGet(43)) - raft.server.watch.timeout.denomination = 1s (default)
2019-09-24 11:41:30,989 [5233621a-f557-4e78-b33f-0dd3281b1b34@group-4BB85EBA102A:LeaderElection86] INFO  server.RaftServerConfigKeys (ConfUtils.java:logGet(43)) - raft.server.watch.element-limit = 65536 (default)
2019-09-24 11:41:30,977 [ad7d9de2-3d2e-4449-be67-7700fbbd2254@group-12B47C4E708E:LeaderElection87] INFO  impl.LeaderElection (LeaderElection.java:askForVotes(182)) - ad7d9de2-3d2e-4449-be67-7700fbbd2254@group-12B47C4E708E:LeaderElection87: begin an election at term 1 for -1: [ada62c6a-1c54-4530-b54d-914239af4641:192.168.36.75:34963, ad7d9de2-3d2e-4449-be67-7700fbbd2254:192.168.36.75:39888, 529ebe6e-d9ef-4104-9a91-06bed023192c:192.168.36.75:44072], old=null
2019-09-24 11:41:30,988 [ad7d9de2-3d2e-4449-be67-7700fbbd2254@group-7D61F32FC7C4:LeaderElection88] INFO  impl.RaftServerImpl (ServerState.java:setLeader(253)) - ad7d9de2-3d2e-4449-be67-7700fbbd2254@group-7D61F32FC7C4: change Leader from null to ad7d9de2-3d2e-4449-be67-7700fbbd2254 at term 1 for becomeLeader, leader elected after 7112ms
2019-09-24 11:41:30,987 [529ebe6e-d9ef-4104-9a91-06bed023192c@group-A0074C602F48:LeaderElection90] INFO  impl.LeaderElection (LeaderElection.java:askForVotes(182)) - 529ebe6e-d9ef-4104-9a91-06bed023192c@group-A0074C602F48:LeaderElection90: begin an election at term 1 for -1: [529ebe6e-d9ef-4104-9a91-06bed023192c:192.168.36.75:44072], old=null
2019-09-24 11:41:30,987 [b6143034-8df3-44ef-b701-ecb033592bc9@group-A1C2FD7D2DDD:LeaderElection91] INFO  impl.LeaderElection (LeaderElection.java:askForVotes(182)) - b6143034-8df3-44ef-b701-ecb033592bc9@group-A1C2FD7D2DDD:LeaderElection91: begin an election at term 1 for -1: [b6143034-8df3-44ef-b701-ecb033592bc9:192.168.36.75:41295], old=null
2019-09-24 11:41:30,987 [ada62c6a-1c54-4530-b54d-914239af4641@group-6A2D9584CF21:LeaderElection89] INFO  impl.LeaderElection (LeaderElection.java:askForVotes(182)) - ada62c6a-1c54-4530-b54d-914239af4641@group-6A2D9584CF21:LeaderElection89: begin an election at term 1 for -1: [ada62c6a-1c54-4530-b54d-914239af4641:192.168.36.75:34963], old=null
2019-09-24 11:41:30,981 [6580372e-dbe4-4e5f-b67c-ae98088f5cde@group-4F7E992B41C3:LeaderElection85] INFO  server.RaftServerConfigKeys (ConfUtils.java:logGet(43)) - raft.server.write.element-limit = 4096 (default)
2019-09-24 11:41:30,981 [643e9d8e-4f99-42c5-a66a-284f0687bd5b@group-0BFE7956F123:LeaderElection80] INFO  impl.RaftServerImpl (ServerState.java:setLeader(253)) - 643e9d8e-4f99-42c5-a66a-284f0687bd5b@group-0BFE7956F123: change Leader from null to 643e9d8e-4f99-42c5-a66a-284f0687bd5b at term 1 for becomeLeader, leader elected after 7368ms
2019-09-24 11:41:30,980 [643e9d8e-4f99-42c5-a66a-284f0687bd5b@group-CFD9347A0908:LeaderElection83] INFO  server.RaftServerConfigKeys (ConfUtils.java:logGet(43)) - raft.server.staging.catchup.gap = 1000 (default)
2019-09-24 11:41:30,991 [6580372e-dbe4-4e5f-b67c-ae98088f5cde@group-4F7E992B41C3:LeaderElection85] INFO  server.RaftServerConfigKeys (ConfUtils.java:logGet(43)) - raft.server.watch.timeout = 10s (default)
2019-09-24 11:41:30,991 [529ebe6e-d9ef-4104-9a91-06bed023192c@group-12B47C4E708E:LeaderElection79] INFO  impl.LeaderElection (LeaderElection.java:logAndReturn(56)) - 529ebe6e-d9ef-4104-9a91-06bed023192c@group-12B47C4E708E:LeaderElection79: Election REJECTED; received 2 response(s) [529ebe6e-d9ef-4104-9a91-06bed023192c<-ada62c6a-1c54-4530-b54d-914239af4641#0:FAIL-t1, 529ebe6e-d9ef-4104-9a91-06bed023192c<-ad7d9de2-3d2e-4449-be67-7700fbbd2254#0:FAIL-t1] and 0 exception(s); 529ebe6e-d9ef-4104-9a91-06bed023192c@group-12B47C4E708E:t1, leader=null, voted=529ebe6e-d9ef-4104-9a91-06bed023192c, raftlog=529ebe6e-d9ef-4104-9a91-06bed023192c@group-12B47C4E708E-SegmentedRaftLog:OPENED:c-1,f-1,i0, conf=-1: [ada62c6a-1c54-4530-b54d-914239af4641:192.168.36.75:34963, ad7d9de2-3d2e-4449-be67-7700fbbd2254:192.168.36.75:39888, 529ebe6e-d9ef-4104-9a91-06bed023192c:192.168.36.75:44072], old=null
2019-09-24 11:41:30,991 [ada62c6a-1c54-4530-b54d-914239af4641@group-6A2D9584CF21:LeaderElection89] INFO  impl.RoleInfo (RoleInfo.java:shutdownLeaderElection(134)) - ada62c6a-1c54-4530-b54d-914239af4641: shutdown LeaderElection
2019-09-24 11:41:30,990 [b6143034-8df3-44ef-b701-ecb033592bc9@group-A1C2FD7D2DDD:LeaderElection91] INFO  impl.RoleInfo (RoleInfo.java:shutdownLeaderElection(134)) - b6143034-8df3-44ef-b701-ecb033592bc9: shutdown LeaderElection
2019-09-24 11:41:30,990 [529ebe6e-d9ef-4104-9a91-06bed023192c@group-A0074C602F48:LeaderElection90] INFO  impl.RoleInfo (RoleInfo.java:shutdownLeaderElection(134)) - 529ebe6e-d9ef-4104-9a91-06bed023192c: shutdown LeaderElection
2019-09-24 11:41:30,990 [6580372e-dbe4-4e5f-b67c-ae98088f5cde@group-88B44F0D333A:LeaderElection81] INFO  impl.LeaderElection (LeaderElection.java:logAndReturn(56)) - 6580372e-dbe4-4e5f-b67c-ae98088f5cde@group-88B44F0D333A:LeaderElection81: Election REJECTED; received 2 response(s) [6580372e-dbe4-4e5f-b67c-ae98088f5cde<-643e9d8e-4f99-42c5-a66a-284f0687bd5b#0:FAIL-t1, 6580372e-dbe4-4e5f-b67c-ae98088f5cde<-5233621a-f557-4e78-b33f-0dd3281b1b34#0:FAIL-t1] and 0 exception(s); 6580372e-dbe4-4e5f-b67c-ae98088f5cde@group-88B44F0D333A:t1, leader=null, voted=6580372e-dbe4-4e5f-b67c-ae98088f5cde, raftlog=6580372e-dbe4-4e5f-b67c-ae98088f5cde@group-88B44F0D333A-SegmentedRaftLog:OPENED:c-1,f-1,i0, conf=-1: [643e9d8e-4f99-42c5-a66a-284f0687bd5b:192.168.36.75:37560, 5233621a-f557-4e78-b33f-0dd3281b1b34:192.168.36.75:41613, 6580372e-dbe4-4e5f-b67c-ae98088f5cde:192.168.36.75:41540], old=null
2019-09-24 11:41:30,990 [ad7d9de2-3d2e-4449-be67-7700fbbd2254@group-7D61F32FC7C4:LeaderElection88] INFO  server.RaftServerConfigKeys (ConfUtils.java:logGet(43)) - raft.server.staging.catchup.gap = 1000 (default)
2019-09-24 11:41:30,992 [6580372e-dbe4-4e5f-b67c-ae98088f5cde@group-88B44F0D333A:LeaderElection81] INFO  impl.RaftServerImpl (RaftServerImpl.java:setRole(174)) - 6580372e-dbe4-4e5f-b67c-ae98088f5cde@group-88B44F0D333A: changes role from CANDIDATE to FOLLOWER at term 1 for DISCOVERED_A_NEW_TERM
2019-09-24 11:41:30,992 [5233621a-f557-4e78-b33f-0dd3281b1b34@group-4BB85EBA102A:LeaderElection86] INFO  impl.RoleInfo (RoleInfo.java:updateAndGet(143)) - 5233621a-f557-4e78-b33f-0dd3281b1b34: start LeaderState
2019-09-24 11:41:30,992 [ada62c6a-1c54-4530-b54d-914239af4641@group-12B47C4E708E:LeaderElection84] INFO  impl.LeaderElection (LeaderElection.java:logAndReturn(56)) - ada62c6a-1c54-4530-b54d-914239af4641@group-12B47C4E708E:LeaderElection84: Election REJECTED; received 2 response(s) [ada62c6a-1c54-4530-b54d-914239af4641<-ad7d9de2-3d2e-4449-be67-7700fbbd2254#0:FAIL-t1, ada62c6a-1c54-4530-b54d-914239af4641<-529ebe6e-d9ef-4104-9a91-06bed023192c#0:FAIL-t1] and 0 exception(s); ada62c6a-1c54-4530-b54d-914239af4641@group-12B47C4E708E:t1, leader=null, voted=ada62c6a-1c54-4530-b54d-914239af4641, raftlog=ada62c6a-1c54-4530-b54d-914239af4641@group-12B47C4E708E-SegmentedRaftLog:OPENED:c-1,f-1,i0, conf=-1: [ada62c6a-1c54-4530-b54d-914239af4641:192.168.36.75:34963, ad7d9de2-3d2e-4449-be67-7700fbbd2254:192.168.36.75:39888, 529ebe6e-d9ef-4104-9a91-06bed023192c:192.168.36.75:44072], old=null
2019-09-24 11:41:30,992 [529ebe6e-d9ef-4104-9a91-06bed023192c@group-A0074C602F48:LeaderElection90] INFO  impl.RaftServerImpl (RaftServerImpl.java:setRole(174)) - 529ebe6e-d9ef-4104-9a91-06bed023192c@group-A0074C602F48: changes role from CANDIDATE to LEADER at term 1 for changeToLeader
2019-09-24 11:41:30,992 [b6143034-8df3-44ef-b701-ecb033592bc9@group-A1C2FD7D2DDD:LeaderElection91] INFO  impl.RaftServerImpl (RaftServerImpl.java:setRole(174)) - b6143034-8df3-44ef-b701-ecb033592bc9@group-A1C2FD7D2DDD: changes role from CANDIDATE to LEADER at term 1 for changeToLeader
2019-09-24 11:41:30,993 [643e9d8e-4f99-42c5-a66a-284f0687bd5b@group-88B44F0D333A:LeaderElection78] INFO  impl.LeaderElection (LeaderElection.java:logAndReturn(56)) - 643e9d8e-4f99-42c5-a66a-284f0687bd5b@group-88B44F0D333A:LeaderElection78: Election REJECTED; received 2 response(s) [643e9d8e-4f99-42c5-a66a-284f0687bd5b<-5233621a-f557-4e78-b33f-0dd3281b1b34#0:FAIL-t1, 643e9d8e-4f99-42c5-a66a-284f0687bd5b<-6580372e-dbe4-4e5f-b67c-ae98088f5cde#0:FAIL-t1] and 0 exception(s); 643e9d8e-4f99-42c5-a66a-284f0687bd5b@group-88B44F0D333A:t1, leader=null, voted=643e9d8e-4f99-42c5-a66a-284f0687bd5b, raftlog=643e9d8e-4f99-42c5-a66a-284f0687bd5b@group-88B44F0D333A-SegmentedRaftLog:OPENED:c-1,f-1,i0, conf=-1: [643e9d8e-4f99-42c5-a66a-284f0687bd5b:192.168.36.75:37560, 5233621a-f557-4e78-b33f-0dd3281b1b34:192.168.36.75:41613, 6580372e-dbe4-4e5f-b67c-ae98088f5cde:192.168.36.75:41540], old=null
2019-09-24 11:41:30,991 [ada62c6a-1c54-4530-b54d-914239af4641@group-6A2D9584CF21:LeaderElection89] INFO  impl.RaftServerImpl (RaftServerImpl.java:setRole(174)) - ada62c6a-1c54-4530-b54d-914239af4641@group-6A2D9584CF21: changes role from CANDIDATE to LEADER at term 1 for changeToLeader
2019-09-24 11:41:30,991 [529ebe6e-d9ef-4104-9a91-06bed023192c@group-12B47C4E708E:LeaderElection79] INFO  impl.RaftServerImpl (RaftServerImpl.java:setRole(174)) - 529ebe6e-d9ef-4104-9a91-06bed023192c@group-12B47C4E708E: changes role from CANDIDATE to FOLLOWER at term 1 for DISCOVERED_A_NEW_TERM
2019-09-24 11:41:30,991 [6580372e-dbe4-4e5f-b67c-ae98088f5cde@group-4F7E992B41C3:LeaderElection85] INFO  server.RaftServerConfigKeys (ConfUtils.java:logGet(43)) - raft.server.watch.timeout.denomination = 1s (default)
2019-09-24 11:41:30,991 [643e9d8e-4f99-42c5-a66a-284f0687bd5b@group-0BFE7956F123:LeaderElection80] INFO  server.RaftServerConfigKeys (ConfUtils.java:logGet(43)) - raft.server.staging.catchup.gap = 1000 (default)
2019-09-24 11:41:30,991 [643e9d8e-4f99-42c5-a66a-284f0687bd5b@group-CFD9347A0908:LeaderElection83] INFO  server.RaftServerConfigKeys (ConfUtils.java:logGet(43)) - raft.server.rpc.sleep.time = 25ms (default)
2019-09-24 11:41:30,994 [643e9d8e-4f99-42c5-a66a-284f0687bd5b@group-0BFE7956F123:LeaderElection80] INFO  server.RaftServerConfigKeys (ConfUtils.java:logGet(43)) - raft.server.rpc.sleep.time = 25ms (default)
2019-09-24 11:41:30,994 [6580372e-dbe4-4e5f-b67c-ae98088f5cde@group-4F7E992B41C3:LeaderElection85] INFO  server.RaftServerConfigKeys (ConfUtils.java:logGet(43)) - raft.server.watch.element-limit = 65536 (default)
2019-09-24 11:41:30,994 [529ebe6e-d9ef-4104-9a91-06bed023192c@group-12B47C4E708E:LeaderElection79] INFO  impl.RoleInfo (RoleInfo.java:shutdownLeaderElection(134)) - 529ebe6e-d9ef-4104-9a91-06bed023192c: shutdown LeaderElection
2019-09-24 11:41:30,994 [ada62c6a-1c54-4530-b54d-914239af4641@group-6A2D9584CF21:LeaderElection89] INFO  impl.RaftServerImpl (ServerState.java:setLeader(253)) - ada62c6a-1c54-4530-b54d-914239af4641@group-6A2D9584CF21: change Leader from null to ada62c6a-1c54-4530-b54d-914239af4641 at term 1 for becomeLeader, leader elected after 7075ms
2019-09-24 11:41:30,994 [643e9d8e-4f99-42c5-a66a-284f0687bd5b@group-88B44F0D333A:LeaderElection78] INFO  impl.RaftServerImpl (RaftServerImpl.java:setRole(174)) - 643e9d8e-4f99-42c5-a66a-284f0687bd5b@group-88B44F0D333A: changes role from CANDIDATE to FOLLOWER at term 1 for DISCOVERED_A_NEW_TERM
2019-09-24 11:41:30,993 [5233621a-f557-4e78-b33f-0dd3281b1b34@group-4BB85EBA102A:LeaderElection86] INFO  segmented.SegmentedRaftLogWorker (SegmentedRaftLogWorker.java:startLogSegment(380)) - 5233621a-f557-4e78-b33f-0dd3281b1b34@group-4BB85EBA102A-SegmentedRaftLogWorker: Starting segment from index:0
2019-09-24 11:41:30,993 [b6143034-8df3-44ef-b701-ecb033592bc9@group-A1C2FD7D2DDD:LeaderElection91] INFO  impl.RaftServerImpl (ServerState.java:setLeader(253)) - b6143034-8df3-44ef-b701-ecb033592bc9@group-A1C2FD7D2DDD: change Leader from null to b6143034-8df3-44ef-b701-ecb033592bc9 at term 1 for becomeLeader, leader elected after 6959ms
2019-09-24 11:41:30,993 [529ebe6e-d9ef-4104-9a91-06bed023192c@group-A0074C602F48:LeaderElection90] INFO  impl.RaftServerImpl (ServerState.java:setLeader(253)) - 529ebe6e-d9ef-4104-9a91-06bed023192c@group-A0074C602F48: change Leader from null to 529ebe6e-d9ef-4104-9a91-06bed023192c at term 1 for becomeLeader, leader elected after 7033ms
2019-09-24 11:41:30,993 [ada62c6a-1c54-4530-b54d-914239af4641@group-12B47C4E708E:LeaderElection84] INFO  impl.RaftServerImpl (RaftServerImpl.java:setRole(174)) - ada62c6a-1c54-4530-b54d-914239af4641@group-12B47C4E708E: changes role from CANDIDATE to FOLLOWER at term 1 for DISCOVERED_A_NEW_TERM
2019-09-24 11:41:30,992 [6580372e-dbe4-4e5f-b67c-ae98088f5cde@group-88B44F0D333A:LeaderElection81] INFO  impl.RoleInfo (RoleInfo.java:shutdownLeaderElection(134)) - 6580372e-dbe4-4e5f-b67c-ae98088f5cde: shutdown LeaderElection
2019-09-24 11:41:30,992 [ad7d9de2-3d2e-4449-be67-7700fbbd2254@group-7D61F32FC7C4:LeaderElection88] INFO  server.RaftServerConfigKeys (ConfUtils.java:logGet(43)) - raft.server.rpc.sleep.time = 25ms (default)
2019-09-24 11:41:30,996 [5233621a-f557-4e78-b33f-0dd3281b1b34@group-4BB85EBA102A:LeaderElection86] INFO  impl.RaftServerImpl (ServerState.java:setRaftConf(354)) - 5233621a-f557-4e78-b33f-0dd3281b1b34@group-4BB85EBA102A: set configuration 0: [5233621a-f557-4e78-b33f-0dd3281b1b34:192.168.36.75:41613], old=null at 0
2019-09-24 11:41:30,996 [6580372e-dbe4-4e5f-b67c-ae98088f5cde@group-88B44F0D333A:LeaderElection81] INFO  impl.RoleInfo (RoleInfo.java:updateAndGet(143)) - 6580372e-dbe4-4e5f-b67c-ae98088f5cde: start FollowerState
2019-09-24 11:41:30,995 [ada62c6a-1c54-4530-b54d-914239af4641@group-12B47C4E708E:LeaderElection84] INFO  impl.RoleInfo (RoleInfo.java:shutdownLeaderElection(134)) - ada62c6a-1c54-4530-b54d-914239af4641: shutdown LeaderElection
2019-09-24 11:41:30,995 [529ebe6e-d9ef-4104-9a91-06bed023192c@group-A0074C602F48:LeaderElection90] INFO  server.RaftServerConfigKeys (ConfUtils.java:logGet(43)) - raft.server.staging.catchup.gap = 1000 (default)
2019-09-24 11:41:30,996 [529ebe6e-d9ef-4104-9a91-06bed023192c@group-A0074C602F48:LeaderElection90] INFO  server.RaftServerConfigKeys (ConfUtils.java:logGet(43)) - raft.server.rpc.sleep.time = 25ms (default)
2019-09-24 11:41:30,995 [b6143034-8df3-44ef-b701-ecb033592bc9@group-A1C2FD7D2DDD:LeaderElection91] INFO  server.RaftServerConfigKeys (ConfUtils.java:logGet(43)) - raft.server.staging.catchup.gap = 1000 (default)
2019-09-24 11:41:30,996 [b6143034-8df3-44ef-b701-ecb033592bc9@group-A1C2FD7D2DDD:LeaderElection91] INFO  server.RaftServerConfigKeys (ConfUtils.java:logGet(43)) - raft.server.rpc.sleep.time = 25ms (default)
2019-09-24 11:41:30,995 [643e9d8e-4f99-42c5-a66a-284f0687bd5b@group-88B44F0D333A:LeaderElection78] INFO  impl.RoleInfo (RoleInfo.java:shutdownLeaderElection(134)) - 643e9d8e-4f99-42c5-a66a-284f0687bd5b: shutdown LeaderElection
2019-09-24 11:41:30,995 [ada62c6a-1c54-4530-b54d-914239af4641@group-6A2D9584CF21:LeaderElection89] INFO  server.RaftServerConfigKeys (ConfUtils.java:logGet(43)) - raft.server.staging.catchup.gap = 1000 (default)
2019-09-24 11:41:30,995 [529ebe6e-d9ef-4104-9a91-06bed023192c@group-12B47C4E708E:LeaderElection79] INFO  impl.RoleInfo (RoleInfo.java:updateAndGet(143)) - 529ebe6e-d9ef-4104-9a91-06bed023192c: start FollowerState
2019-09-24 11:41:30,995 [643e9d8e-4f99-42c5-a66a-284f0687bd5b@group-0BFE7956F123:LeaderElection80] INFO  server.RaftServerConfigKeys (ConfUtils.java:logGet(43)) - raft.server.write.element-limit = 4096 (default)
2019-09-24 11:41:30,994 [643e9d8e-4f99-42c5-a66a-284f0687bd5b@group-CFD9347A0908:LeaderElection83] INFO  server.RaftServerConfigKeys (ConfUtils.java:logGet(43)) - raft.server.write.element-limit = 4096 (default)
2019-09-24 11:41:30,997 [643e9d8e-4f99-42c5-a66a-284f0687bd5b@group-0BFE7956F123:LeaderElection80] INFO  server.RaftServerConfigKeys (ConfUtils.java:logGet(43)) - raft.server.watch.timeout = 10s (default)
2019-09-24 11:41:30,997 [ada62c6a-1c54-4530-b54d-914239af4641@group-6A2D9584CF21:LeaderElection89] INFO  server.RaftServerConfigKeys (ConfUtils.java:logGet(43)) - raft.server.rpc.sleep.time = 25ms (default)
2019-09-24 11:41:30,997 [5233621a-f557-4e78-b33f-0dd3281b1b34@group-88B44F0D333A:LeaderElection82] INFO  impl.LeaderElection (LeaderElection.java:logAndReturn(56)) - 5233621a-f557-4e78-b33f-0dd3281b1b34@group-88B44F0D333A:LeaderElection82: Election REJECTED; received 2 response(s) [5233621a-f557-4e78-b33f-0dd3281b1b34<-643e9d8e-4f99-42c5-a66a-284f0687bd5b#0:FAIL-t1, 5233621a-f557-4e78-b33f-0dd3281b1b34<-6580372e-dbe4-4e5f-b67c-ae98088f5cde#0:FAIL-t1] and 0 exception(s); 5233621a-f557-4e78-b33f-0dd3281b1b34@group-88B44F0D333A:t1, leader=null, voted=5233621a-f557-4e78-b33f-0dd3281b1b34, raftlog=5233621a-f557-4e78-b33f-0dd3281b1b34@group-88B44F0D333A-SegmentedRaftLog:OPENED:c-1,f-1,i0, conf=-1: [643e9d8e-4f99-42c5-a66a-284f0687bd5b:192.168.36.75:37560, 5233621a-f557-4e78-b33f-0dd3281b1b34:192.168.36.75:41613, 6580372e-dbe4-4e5f-b67c-ae98088f5cde:192.168.36.75:41540], old=null
2019-09-24 11:41:30,997 [643e9d8e-4f99-42c5-a66a-284f0687bd5b@group-88B44F0D333A:LeaderElection78] INFO  impl.RoleInfo (RoleInfo.java:updateAndGet(143)) - 643e9d8e-4f99-42c5-a66a-284f0687bd5b: start FollowerState
2019-09-24 11:41:30,996 [b6143034-8df3-44ef-b701-ecb033592bc9@group-A1C2FD7D2DDD:LeaderElection91] INFO  server.RaftServerConfigKeys (ConfUtils.java:logGet(43)) - raft.server.write.element-limit = 4096 (default)
2019-09-24 11:41:30,996 [529ebe6e-d9ef-4104-9a91-06bed023192c@group-A0074C602F48:LeaderElection90] INFO  server.RaftServerConfigKeys (ConfUtils.java:logGet(43)) - raft.server.write.element-limit = 4096 (default)
2019-09-24 11:41:30,996 [6580372e-dbe4-4e5f-b67c-ae98088f5cde@group-4F7E992B41C3:LeaderElection85] INFO  impl.RoleInfo (RoleInfo.java:updateAndGet(143)) - 6580372e-dbe4-4e5f-b67c-ae98088f5cde: start LeaderState
2019-09-24 11:41:30,998 [6580372e-dbe4-4e5f-b67c-ae98088f5cde@group-4F7E992B41C3:LeaderElection85] INFO  segmented.SegmentedRaftLogWorker (SegmentedRaftLogWorker.java:startLogSegment(380)) - 6580372e-dbe4-4e5f-b67c-ae98088f5cde@group-4F7E992B41C3-SegmentedRaftLogWorker: Starting segment from index:0
2019-09-24 11:41:30,998 [6580372e-dbe4-4e5f-b67c-ae98088f5cde@group-4F7E992B41C3:LeaderElection85] INFO  impl.RaftServerImpl (ServerState.java:setRaftConf(354)) - 6580372e-dbe4-4e5f-b67c-ae98088f5cde@group-4F7E992B41C3: set configuration 0: [6580372e-dbe4-4e5f-b67c-ae98088f5cde:192.168.36.75:41540], old=null at 0
2019-09-24 11:41:30,996 [ada62c6a-1c54-4530-b54d-914239af4641@group-12B47C4E708E:LeaderElection84] INFO  impl.RoleInfo (RoleInfo.java:updateAndGet(143)) - ada62c6a-1c54-4530-b54d-914239af4641: start FollowerState
2019-09-24 11:41:30,996 [ad7d9de2-3d2e-4449-be67-7700fbbd2254@group-7D61F32FC7C4:LeaderElection88] INFO  server.RaftServerConfigKeys (ConfUtils.java:logGet(43)) - raft.server.write.element-limit = 4096 (default)
2019-09-24 11:41:30,998 [529ebe6e-d9ef-4104-9a91-06bed023192c@group-A0074C602F48:LeaderElection90] INFO  server.RaftServerConfigKeys (ConfUtils.java:logGet(43)) - raft.server.watch.timeout = 10s (default)
2019-09-24 11:41:30,998 [b6143034-8df3-44ef-b701-ecb033592bc9@group-A1C2FD7D2DDD:LeaderElection91] INFO  server.RaftServerConfigKeys (ConfUtils.java:logGet(43)) - raft.server.watch.timeout = 10s (default)
2019-09-24 11:41:30,997 [5233621a-f557-4e78-b33f-0dd3281b1b34@group-88B44F0D333A:LeaderElection82] INFO  impl.RaftServerImpl (RaftServerImpl.java:setRole(174)) - 5233621a-f557-4e78-b33f-0dd3281b1b34@group-88B44F0D333A: changes role from CANDIDATE to FOLLOWER at term 1 for DISCOVERED_A_NEW_TERM
2019-09-24 11:41:30,997 [ada62c6a-1c54-4530-b54d-914239af4641@group-6A2D9584CF21:LeaderElection89] INFO  server.RaftServerConfigKeys (ConfUtils.java:logGet(43)) - raft.server.write.element-limit = 4096 (default)
2019-09-24 11:41:30,997 [643e9d8e-4f99-42c5-a66a-284f0687bd5b@group-0BFE7956F123:LeaderElection80] INFO  server.RaftServerConfigKeys (ConfUtils.java:logGet(43)) - raft.server.watch.timeout.denomination = 1s (default)
2019-09-24 11:41:30,997 [643e9d8e-4f99-42c5-a66a-284f0687bd5b@group-CFD9347A0908:LeaderElection83] INFO  server.RaftServerConfigKeys (ConfUtils.java:logGet(43)) - raft.server.watch.timeout = 10s (default)
2019-09-24 11:41:30,999 [ad7d9de2-3d2e-4449-be67-7700fbbd2254@group-12B47C4E708E:LeaderElection87] INFO  impl.LeaderElection (LeaderElection.java:logAndReturn(56)) - ad7d9de2-3d2e-4449-be67-7700fbbd2254@group-12B47C4E708E:LeaderElection87: Election REJECTED; received 2 response(s) [ad7d9de2-3d2e-4449-be67-7700fbbd2254<-ada62c6a-1c54-4530-b54d-914239af4641#0:FAIL-t1, ad7d9de2-3d2e-4449-be67-7700fbbd2254<-529ebe6e-d9ef-4104-9a91-06bed023192c#0:FAIL-t1] and 0 exception(s); ad7d9de2-3d2e-4449-be67-7700fbbd2254@group-12B47C4E708E:t1, leader=null, voted=ad7d9de2-3d2e-4449-be67-7700fbbd2254, raftlog=ad7d9de2-3d2e-4449-be67-7700fbbd2254@group-12B47C4E708E-SegmentedRaftLog:OPENED:c-1,f-1,i0, conf=-1: [ada62c6a-1c54-4530-b54d-914239af4641:192.168.36.75:34963, ad7d9de2-3d2e-4449-be67-7700fbbd2254:192.168.36.75:39888, 529ebe6e-d9ef-4104-9a91-06bed023192c:192.168.36.75:44072], old=null
2019-09-24 11:41:30,999 [643e9d8e-4f99-42c5-a66a-284f0687bd5b@group-0BFE7956F123:LeaderElection80] INFO  server.RaftServerConfigKeys (ConfUtils.java:logGet(43)) - raft.server.watch.element-limit = 65536 (default)
2019-09-24 11:41:30,999 [ada62c6a-1c54-4530-b54d-914239af4641@group-6A2D9584CF21:LeaderElection89] INFO  server.RaftServerConfigKeys (ConfUtils.java:logGet(43)) - raft.server.watch.timeout = 10s (default)
2019-09-24 11:41:30,999 [5233621a-f557-4e78-b33f-0dd3281b1b34@group-88B44F0D333A:LeaderElection82] INFO  impl.RoleInfo (RoleInfo.java:shutdownLeaderElection(134)) - 5233621a-f557-4e78-b33f-0dd3281b1b34: shutdown LeaderElection
2019-09-24 11:41:30,999 [b6143034-8df3-44ef-b701-ecb033592bc9@group-A1C2FD7D2DDD:LeaderElection91] INFO  server.RaftServerConfigKeys (ConfUtils.java:logGet(43)) - raft.server.watch.timeout.denomination = 1s (default)
2019-09-24 11:41:30,999 [529ebe6e-d9ef-4104-9a91-06bed023192c@group-A0074C602F48:LeaderElection90] INFO  server.RaftServerConfigKeys (ConfUtils.java:logGet(43)) - raft.server.watch.timeout.denomination = 1s (default)
2019-09-24 11:41:30,999 [ad7d9de2-3d2e-4449-be67-7700fbbd2254@group-7D61F32FC7C4:LeaderElection88] INFO  server.RaftServerConfigKeys (ConfUtils.java:logGet(43)) - raft.server.watch.timeout = 10s (default)
2019-09-24 11:41:31,000 [529ebe6e-d9ef-4104-9a91-06bed023192c@group-A0074C602F48:LeaderElection90] INFO  server.RaftServerConfigKeys (ConfUtils.java:logGet(43)) - raft.server.watch.element-limit = 65536 (default)
2019-09-24 11:41:30,999 [b6143034-8df3-44ef-b701-ecb033592bc9@group-A1C2FD7D2DDD:LeaderElection91] INFO  server.RaftServerConfigKeys (ConfUtils.java:logGet(43)) - raft.server.watch.element-limit = 65536 (default)
2019-09-24 11:41:30,999 [5233621a-f557-4e78-b33f-0dd3281b1b34@group-88B44F0D333A:LeaderElection82] INFO  impl.RoleInfo (RoleInfo.java:updateAndGet(143)) - 5233621a-f557-4e78-b33f-0dd3281b1b34: start FollowerState
2019-09-24 11:41:30,999 [ada62c6a-1c54-4530-b54d-914239af4641@group-6A2D9584CF21:LeaderElection89] INFO  server.RaftServerConfigKeys (ConfUtils.java:logGet(43)) - raft.server.watch.timeout.denomination = 1s (default)
2019-09-24 11:41:30,999 [ad7d9de2-3d2e-4449-be67-7700fbbd2254@group-12B47C4E708E:LeaderElection87] INFO  impl.RaftServerImpl (RaftServerImpl.java:setRole(174)) - ad7d9de2-3d2e-4449-be67-7700fbbd2254@group-12B47C4E708E: changes role from CANDIDATE to FOLLOWER at term 1 for DISCOVERED_A_NEW_TERM
2019-09-24 11:41:30,999 [643e9d8e-4f99-42c5-a66a-284f0687bd5b@group-CFD9347A0908:LeaderElection83] INFO  server.RaftServerConfigKeys (ConfUtils.java:logGet(43)) - raft.server.watch.timeout.denomination = 1s (default)
2019-09-24 11:41:31,000 [ad7d9de2-3d2e-4449-be67-7700fbbd2254@group-12B47C4E708E:LeaderElection87] INFO  impl.RoleInfo (RoleInfo.java:shutdownLeaderElection(134)) - ad7d9de2-3d2e-4449-be67-7700fbbd2254: shutdown LeaderElection
2019-09-24 11:41:31,000 [ada62c6a-1c54-4530-b54d-914239af4641@group-6A2D9584CF21:LeaderElection89] INFO  server.RaftServerConfigKeys (ConfUtils.java:logGet(43)) - raft.server.watch.element-limit = 65536 (default)
2019-09-24 11:41:31,000 [ad7d9de2-3d2e-4449-be67-7700fbbd2254@group-7D61F32FC7C4:LeaderElection88] INFO  server.RaftServerConfigKeys (ConfUtils.java:logGet(43)) - raft.server.watch.timeout.denomination = 1s (default)
2019-09-24 11:41:31,001 [643e9d8e-4f99-42c5-a66a-284f0687bd5b@group-0BFE7956F123:LeaderElection80] INFO  impl.RoleInfo (RoleInfo.java:updateAndGet(143)) - 643e9d8e-4f99-42c5-a66a-284f0687bd5b: start LeaderState
2019-09-24 11:41:31,001 [ad7d9de2-3d2e-4449-be67-7700fbbd2254@group-12B47C4E708E:LeaderElection87] INFO  impl.RoleInfo (RoleInfo.java:updateAndGet(143)) - ad7d9de2-3d2e-4449-be67-7700fbbd2254: start FollowerState
2019-09-24 11:41:31,001 [643e9d8e-4f99-42c5-a66a-284f0687bd5b@group-CFD9347A0908:LeaderElection83] INFO  server.RaftServerConfigKeys (ConfUtils.java:logGet(43)) - raft.server.watch.element-limit = 65536 (default)
2019-09-24 11:41:31,001 [643e9d8e-4f99-42c5-a66a-284f0687bd5b@group-0BFE7956F123:LeaderElection80] INFO  segmented.SegmentedRaftLogWorker (SegmentedRaftLogWorker.java:startLogSegment(380)) - 643e9d8e-4f99-42c5-a66a-284f0687bd5b@group-0BFE7956F123-SegmentedRaftLogWorker: Starting segment from index:0
2019-09-24 11:41:31,001 [ad7d9de2-3d2e-4449-be67-7700fbbd2254@group-7D61F32FC7C4:LeaderElection88] INFO  server.RaftServerConfigKeys (ConfUtils.java:logGet(43)) - raft.server.watch.element-limit = 65536 (default)
2019-09-24 11:41:31,002 [643e9d8e-4f99-42c5-a66a-284f0687bd5b@group-0BFE7956F123:LeaderElection80] INFO  impl.RaftServerImpl (ServerState.java:setRaftConf(354)) - 643e9d8e-4f99-42c5-a66a-284f0687bd5b@group-0BFE7956F123: set configuration 0: [643e9d8e-4f99-42c5-a66a-284f0687bd5b:192.168.36.75:37560], old=null at 0
2019-09-24 11:41:31,005 [529ebe6e-d9ef-4104-9a91-06bed023192c@group-A0074C602F48:LeaderElection90] INFO  impl.RoleInfo (RoleInfo.java:updateAndGet(143)) - 529ebe6e-d9ef-4104-9a91-06bed023192c: start LeaderState
2019-09-24 11:41:31,005 [b6143034-8df3-44ef-b701-ecb033592bc9@group-A1C2FD7D2DDD:LeaderElection91] INFO  impl.RoleInfo (RoleInfo.java:updateAndGet(143)) - b6143034-8df3-44ef-b701-ecb033592bc9: start LeaderState
2019-09-24 11:41:31,005 [529ebe6e-d9ef-4104-9a91-06bed023192c@group-A0074C602F48:LeaderElection90] INFO  segmented.SegmentedRaftLogWorker (SegmentedRaftLogWorker.java:startLogSegment(380)) - 529ebe6e-d9ef-4104-9a91-06bed023192c@group-A0074C602F48-SegmentedRaftLogWorker: Starting segment from index:0
2019-09-24 11:41:31,005 [b6143034-8df3-44ef-b701-ecb033592bc9@group-A1C2FD7D2DDD:LeaderElection91] INFO  segmented.SegmentedRaftLogWorker (SegmentedRaftLogWorker.java:startLogSegment(380)) - b6143034-8df3-44ef-b701-ecb033592bc9@group-A1C2FD7D2DDD-SegmentedRaftLogWorker: Starting segment from index:0
2019-09-24 11:41:31,006 [529ebe6e-d9ef-4104-9a91-06bed023192c@group-A0074C602F48:LeaderElection90] INFO  impl.RaftServerImpl (ServerState.java:setRaftConf(354)) - 529ebe6e-d9ef-4104-9a91-06bed023192c@group-A0074C602F48: set configuration 0: [529ebe6e-d9ef-4104-9a91-06bed023192c:192.168.36.75:44072], old=null at 0
2019-09-24 11:41:31,007 [ada62c6a-1c54-4530-b54d-914239af4641@group-6A2D9584CF21:LeaderElection89] INFO  impl.RoleInfo (RoleInfo.java:updateAndGet(143)) - ada62c6a-1c54-4530-b54d-914239af4641: start LeaderState
2019-09-24 11:41:31,007 [b6143034-8df3-44ef-b701-ecb033592bc9@group-A1C2FD7D2DDD:LeaderElection91] INFO  impl.RaftServerImpl (ServerState.java:setRaftConf(354)) - b6143034-8df3-44ef-b701-ecb033592bc9@group-A1C2FD7D2DDD: set configuration 0: [b6143034-8df3-44ef-b701-ecb033592bc9:192.168.36.75:41295], old=null at 0
2019-09-24 11:41:31,007 [ad7d9de2-3d2e-4449-be67-7700fbbd2254@group-7D61F32FC7C4:LeaderElection88] INFO  impl.RoleInfo (RoleInfo.java:updateAndGet(143)) - ad7d9de2-3d2e-4449-be67-7700fbbd2254: start LeaderState
2019-09-24 11:41:31,007 [ada62c6a-1c54-4530-b54d-914239af4641@group-6A2D9584CF21:LeaderElection89] INFO  segmented.SegmentedRaftLogWorker (SegmentedRaftLogWorker.java:startLogSegment(380)) - ada62c6a-1c54-4530-b54d-914239af4641@group-6A2D9584CF21-SegmentedRaftLogWorker: Starting segment from index:0
2019-09-24 11:41:31,007 [ad7d9de2-3d2e-4449-be67-7700fbbd2254@group-7D61F32FC7C4:LeaderElection88] INFO  segmented.SegmentedRaftLogWorker (SegmentedRaftLogWorker.java:startLogSegment(380)) - ad7d9de2-3d2e-4449-be67-7700fbbd2254@group-7D61F32FC7C4-SegmentedRaftLogWorker: Starting segment from index:0
2019-09-24 11:41:31,007 [643e9d8e-4f99-42c5-a66a-284f0687bd5b@group-CFD9347A0908:LeaderElection83] INFO  impl.RoleInfo (RoleInfo.java:updateAndGet(143)) - 643e9d8e-4f99-42c5-a66a-284f0687bd5b: start LeaderState
2019-09-24 11:41:31,008 [ada62c6a-1c54-4530-b54d-914239af4641@group-6A2D9584CF21:LeaderElection89] INFO  impl.RaftServerImpl (ServerState.java:setRaftConf(354)) - ada62c6a-1c54-4530-b54d-914239af4641@group-6A2D9584CF21: set configuration 0: [ada62c6a-1c54-4530-b54d-914239af4641:192.168.36.75:34963], old=null at 0
2019-09-24 11:41:31,009 [643e9d8e-4f99-42c5-a66a-284f0687bd5b@group-CFD9347A0908:LeaderElection83] INFO  segmented.SegmentedRaftLogWorker (SegmentedRaftLogWorker.java:startLogSegment(380)) - 643e9d8e-4f99-42c5-a66a-284f0687bd5b@group-CFD9347A0908-SegmentedRaftLogWorker: Starting segment from index:0
2019-09-24 11:41:31,009 [ad7d9de2-3d2e-4449-be67-7700fbbd2254@group-7D61F32FC7C4:LeaderElection88] INFO  impl.RaftServerImpl (ServerState.java:setRaftConf(354)) - ad7d9de2-3d2e-4449-be67-7700fbbd2254@group-7D61F32FC7C4: set configuration 0: [ad7d9de2-3d2e-4449-be67-7700fbbd2254:192.168.36.75:39888], old=null at 0
2019-09-24 11:41:31,009 [643e9d8e-4f99-42c5-a66a-284f0687bd5b@group-CFD9347A0908:LeaderElection83] INFO  impl.RaftServerImpl (ServerState.java:setRaftConf(354)) - 643e9d8e-4f99-42c5-a66a-284f0687bd5b@group-CFD9347A0908: set configuration 0: [643e9d8e-4f99-42c5-a66a-284f0687bd5b:192.168.36.75:37560], old=null at 0
2019-09-24 11:41:31,043 [5233621a-f557-4e78-b33f-0dd3281b1b34@group-4BB85EBA102A-SegmentedRaftLogWorker] INFO  segmented.SegmentedRaftLogWorker (SegmentedRaftLogWorker.java:execute(569)) - 5233621a-f557-4e78-b33f-0dd3281b1b34@group-4BB85EBA102A-SegmentedRaftLogWorker: created new log segment /workdir/hadoop-ozone/integration-test/target/test-dir/MiniOzoneClusterImpl-5d0df7c9-a72d-48a6-8b02-28236aa5d78e/datanode-3/data/ratis/09350577-9895-4cf5-b6c5-4bb85eba102a/current/log_inprogress_0
2019-09-24 11:41:31,043 [643e9d8e-4f99-42c5-a66a-284f0687bd5b@group-0BFE7956F123-SegmentedRaftLogWorker] INFO  segmented.SegmentedRaftLogWorker (SegmentedRaftLogWorker.java:execute(569)) - 643e9d8e-4f99-42c5-a66a-284f0687bd5b@group-0BFE7956F123-SegmentedRaftLogWorker: created new log segment /workdir/hadoop-ozone/integration-test/target/test-dir/MiniOzoneClusterImpl-5d0df7c9-a72d-48a6-8b02-28236aa5d78e/datanode-0/data/ratis/878ad9cf-4bf9-4d2e-8efb-0bfe7956f123/current/log_inprogress_0
2019-09-24 11:41:31,043 [6580372e-dbe4-4e5f-b67c-ae98088f5cde@group-4F7E992B41C3-SegmentedRaftLogWorker] INFO  segmented.SegmentedRaftLogWorker (SegmentedRaftLogWorker.java:execute(569)) - 6580372e-dbe4-4e5f-b67c-ae98088f5cde@group-4F7E992B41C3-SegmentedRaftLogWorker: created new log segment /workdir/hadoop-ozone/integration-test/target/test-dir/MiniOzoneClusterImpl-5d0df7c9-a72d-48a6-8b02-28236aa5d78e/datanode-4/data/ratis/d76cb2df-a4fa-45d6-ad8e-4f7e992b41c3/current/log_inprogress_0
2019-09-24 11:41:31,046 [ada62c6a-1c54-4530-b54d-914239af4641@group-6A2D9584CF21-SegmentedRaftLogWorker] INFO  segmented.SegmentedRaftLogWorker (SegmentedRaftLogWorker.java:execute(569)) - ada62c6a-1c54-4530-b54d-914239af4641@group-6A2D9584CF21-SegmentedRaftLogWorker: created new log segment /workdir/hadoop-ozone/integration-test/target/test-dir/MiniOzoneClusterImpl-5d0df7c9-a72d-48a6-8b02-28236aa5d78e/datanode-5/data/ratis/14ab40ce-7793-46d1-b6d2-6a2d9584cf21/current/log_inprogress_0
2019-09-24 11:41:31,046 [ad7d9de2-3d2e-4449-be67-7700fbbd2254@group-7D61F32FC7C4-SegmentedRaftLogWorker] INFO  segmented.SegmentedRaftLogWorker (SegmentedRaftLogWorker.java:execute(569)) - ad7d9de2-3d2e-4449-be67-7700fbbd2254@group-7D61F32FC7C4-SegmentedRaftLogWorker: created new log segment /workdir/hadoop-ozone/integration-test/target/test-dir/MiniOzoneClusterImpl-5d0df7c9-a72d-48a6-8b02-28236aa5d78e/datanode-6/data/ratis/628bea22-f8f9-422b-bbb8-7d61f32fc7c4/current/log_inprogress_0
2019-09-24 11:41:31,046 [b6143034-8df3-44ef-b701-ecb033592bc9@group-A1C2FD7D2DDD-SegmentedRaftLogWorker] INFO  segmented.SegmentedRaftLogWorker (SegmentedRaftLogWorker.java:execute(569)) - b6143034-8df3-44ef-b701-ecb033592bc9@group-A1C2FD7D2DDD-SegmentedRaftLogWorker: created new log segment /workdir/hadoop-ozone/integration-test/target/test-dir/MiniOzoneClusterImpl-5d0df7c9-a72d-48a6-8b02-28236aa5d78e/datanode-1/data/ratis/09046260-420b-4f90-a84b-a1c2fd7d2ddd/current/log_inprogress_0
2019-09-24 11:41:31,062 [643e9d8e-4f99-42c5-a66a-284f0687bd5b@group-CFD9347A0908-SegmentedRaftLogWorker] INFO  segmented.SegmentedRaftLogWorker (SegmentedRaftLogWorker.java:execute(569)) - 643e9d8e-4f99-42c5-a66a-284f0687bd5b@group-CFD9347A0908-SegmentedRaftLogWorker: created new log segment /workdir/hadoop-ozone/integration-test/target/test-dir/MiniOzoneClusterImpl-5d0df7c9-a72d-48a6-8b02-28236aa5d78e/datanode-0/data/ratis/024fc59d-cfa6-4c8c-aba6-cfd9347a0908/current/log_inprogress_0
2019-09-24 11:41:31,062 [529ebe6e-d9ef-4104-9a91-06bed023192c@group-A0074C602F48-SegmentedRaftLogWorker] INFO  segmented.SegmentedRaftLogWorker (SegmentedRaftLogWorker.java:execute(569)) - 529ebe6e-d9ef-4104-9a91-06bed023192c@group-A0074C602F48-SegmentedRaftLogWorker: created new log segment /workdir/hadoop-ozone/integration-test/target/test-dir/MiniOzoneClusterImpl-5d0df7c9-a72d-48a6-8b02-28236aa5d78e/datanode-2/data/ratis/d2687ad5-5308-467c-8599-a0074c602f48/current/log_inprogress_0
2019-09-24 11:41:36,003 [Thread-2705] INFO  impl.FollowerState (FollowerState.java:run(106)) - 6580372e-dbe4-4e5f-b67c-ae98088f5cde:group-88B44F0D333A changes to CANDIDATE, lastRpcTime:5007, electionTimeout:5007ms
2019-09-24 11:41:36,004 [Thread-2705] INFO  impl.RoleInfo (RoleInfo.java:shutdownFollowerState(121)) - 6580372e-dbe4-4e5f-b67c-ae98088f5cde: shutdown FollowerState
2019-09-24 11:41:36,004 [Thread-2705] INFO  impl.RaftServerImpl (RaftServerImpl.java:setRole(174)) - 6580372e-dbe4-4e5f-b67c-ae98088f5cde@group-88B44F0D333A: changes role from  FOLLOWER to CANDIDATE at term 1 for changeToCandidate
2019-09-24 11:41:36,004 [Thread-2705] INFO  impl.RoleInfo (RoleInfo.java:updateAndGet(143)) - 6580372e-dbe4-4e5f-b67c-ae98088f5cde: start LeaderElection
2019-09-24 11:41:36,030 [Thread-2710] INFO  impl.FollowerState (FollowerState.java:run(106)) - 643e9d8e-4f99-42c5-a66a-284f0687bd5b:group-88B44F0D333A changes to CANDIDATE, lastRpcTime:5033, electionTimeout:5032ms
2019-09-24 11:41:36,030 [Thread-2710] INFO  impl.RoleInfo (RoleInfo.java:shutdownFollowerState(121)) - 643e9d8e-4f99-42c5-a66a-284f0687bd5b: shutdown FollowerState
2019-09-24 11:41:36,030 [Thread-2710] INFO  impl.RaftServerImpl (RaftServerImpl.java:setRole(174)) - 643e9d8e-4f99-42c5-a66a-284f0687bd5b@group-88B44F0D333A: changes role from  FOLLOWER to CANDIDATE at term 1 for changeToCandidate
2019-09-24 11:41:36,030 [Thread-2710] INFO  impl.RoleInfo (RoleInfo.java:updateAndGet(143)) - 643e9d8e-4f99-42c5-a66a-284f0687bd5b: start LeaderElection
2019-09-24 11:41:36,071 [Thread-2704] INFO  impl.FollowerState (FollowerState.java:run(106)) - 529ebe6e-d9ef-4104-9a91-06bed023192c:group-12B47C4E708E changes to CANDIDATE, lastRpcTime:5076, electionTimeout:5074ms
2019-09-24 11:41:36,071 [Thread-2704] INFO  impl.RoleInfo (RoleInfo.java:shutdownFollowerState(121)) - 529ebe6e-d9ef-4104-9a91-06bed023192c: shutdown FollowerState
2019-09-24 11:41:36,071 [Thread-2704] INFO  impl.RaftServerImpl (RaftServerImpl.java:setRole(174)) - 529ebe6e-d9ef-4104-9a91-06bed023192c@group-12B47C4E708E: changes role from  FOLLOWER to CANDIDATE at term 1 for changeToCandidate
2019-09-24 11:41:36,072 [Thread-2704] INFO  impl.RoleInfo (RoleInfo.java:updateAndGet(143)) - 529ebe6e-d9ef-4104-9a91-06bed023192c: start LeaderElection
2019-09-24 11:41:36,142 [Thread-2713] INFO  impl.FollowerState (FollowerState.java:run(106)) - ad7d9de2-3d2e-4449-be67-7700fbbd2254:group-12B47C4E708E changes to CANDIDATE, lastRpcTime:5141, electionTimeout:5140ms
2019-09-24 11:41:36,143 [Thread-2713] INFO  impl.RoleInfo (RoleInfo.java:shutdownFollowerState(121)) - ad7d9de2-3d2e-4449-be67-7700fbbd2254: shutdown FollowerState
2019-09-24 11:41:36,143 [Thread-2713] INFO  impl.RaftServerImpl (RaftServerImpl.java:setRole(174)) - ad7d9de2-3d2e-4449-be67-7700fbbd2254@group-12B47C4E708E: changes role from  FOLLOWER to CANDIDATE at term 1 for changeToCandidate
2019-09-24 11:41:36,143 [Thread-2713] INFO  impl.RoleInfo (RoleInfo.java:updateAndGet(143)) - ad7d9de2-3d2e-4449-be67-7700fbbd2254: start LeaderElection
2019-09-24 11:41:36,162 [Thread-2707] INFO  impl.FollowerState (FollowerState.java:run(106)) - ada62c6a-1c54-4530-b54d-914239af4641:group-12B47C4E708E changes to CANDIDATE, lastRpcTime:5165, electionTimeout:5163ms
2019-09-24 11:41:36,162 [Thread-2707] INFO  impl.RoleInfo (RoleInfo.java:shutdownFollowerState(121)) - ada62c6a-1c54-4530-b54d-914239af4641: shutdown FollowerState
2019-09-24 11:41:36,162 [Thread-2707] INFO  impl.RaftServerImpl (RaftServerImpl.java:setRole(174)) - ada62c6a-1c54-4530-b54d-914239af4641@group-12B47C4E708E: changes role from  FOLLOWER to CANDIDATE at term 1 for changeToCandidate
2019-09-24 11:41:36,162 [Thread-2707] INFO  impl.RoleInfo (RoleInfo.java:updateAndGet(143)) - ada62c6a-1c54-4530-b54d-914239af4641: start LeaderElection
2019-09-24 11:41:36,166 [Thread-2712] INFO  impl.FollowerState (FollowerState.java:run(106)) - 5233621a-f557-4e78-b33f-0dd3281b1b34:group-88B44F0D333A changes to CANDIDATE, lastRpcTime:5166, electionTimeout:5163ms
2019-09-24 11:41:36,166 [Thread-2712] INFO  impl.RoleInfo (RoleInfo.java:shutdownFollowerState(121)) - 5233621a-f557-4e78-b33f-0dd3281b1b34: shutdown FollowerState
2019-09-24 11:41:36,166 [Thread-2712] INFO  impl.RaftServerImpl (RaftServerImpl.java:setRole(174)) - 5233621a-f557-4e78-b33f-0dd3281b1b34@group-88B44F0D333A: changes role from  FOLLOWER to CANDIDATE at term 1 for changeToCandidate
2019-09-24 11:41:36,166 [Thread-2712] INFO  impl.RoleInfo (RoleInfo.java:updateAndGet(143)) - 5233621a-f557-4e78-b33f-0dd3281b1b34: start LeaderElection
2019-09-24 11:41:37,912 [643e9d8e-4f99-42c5-a66a-284f0687bd5b@group-88B44F0D333A:LeaderElection93] INFO  impl.LeaderElection (LeaderElection.java:askForVotes(182)) - 643e9d8e-4f99-42c5-a66a-284f0687bd5b@group-88B44F0D333A:LeaderElection93: begin an election at term 2 for -1: [643e9d8e-4f99-42c5-a66a-284f0687bd5b:192.168.36.75:37560, 5233621a-f557-4e78-b33f-0dd3281b1b34:192.168.36.75:41613, 6580372e-dbe4-4e5f-b67c-ae98088f5cde:192.168.36.75:41540], old=null
2019-09-24 11:41:37,912 [6580372e-dbe4-4e5f-b67c-ae98088f5cde@group-88B44F0D333A:LeaderElection92] INFO  impl.LeaderElection (LeaderElection.java:askForVotes(182)) - 6580372e-dbe4-4e5f-b67c-ae98088f5cde@group-88B44F0D333A:LeaderElection92: begin an election at term 2 for -1: [643e9d8e-4f99-42c5-a66a-284f0687bd5b:192.168.36.75:37560, 5233621a-f557-4e78-b33f-0dd3281b1b34:192.168.36.75:41613, 6580372e-dbe4-4e5f-b67c-ae98088f5cde:192.168.36.75:41540], old=null
2019-09-24 11:41:38,839 [529ebe6e-d9ef-4104-9a91-06bed023192c@group-12B47C4E708E:LeaderElection94] INFO  impl.LeaderElection (LeaderElection.java:askForVotes(182)) - 529ebe6e-d9ef-4104-9a91-06bed023192c@group-12B47C4E708E:LeaderElection94: begin an election at term 2 for -1: [ada62c6a-1c54-4530-b54d-914239af4641:192.168.36.75:34963, ad7d9de2-3d2e-4449-be67-7700fbbd2254:192.168.36.75:39888, 529ebe6e-d9ef-4104-9a91-06bed023192c:192.168.36.75:44072], old=null
2019-09-24 11:41:38,839 [ad7d9de2-3d2e-4449-be67-7700fbbd2254@group-12B47C4E708E:LeaderElection95] INFO  impl.LeaderElection (LeaderElection.java:askForVotes(182)) - ad7d9de2-3d2e-4449-be67-7700fbbd2254@group-12B47C4E708E:LeaderElection95: begin an election at term 2 for -1: [ada62c6a-1c54-4530-b54d-914239af4641:192.168.36.75:34963, ad7d9de2-3d2e-4449-be67-7700fbbd2254:192.168.36.75:39888, 529ebe6e-d9ef-4104-9a91-06bed023192c:192.168.36.75:44072], old=null
2019-09-24 11:41:38,839 [5233621a-f557-4e78-b33f-0dd3281b1b34@group-88B44F0D333A:LeaderElection97] INFO  impl.LeaderElection (LeaderElection.java:askForVotes(182)) - 5233621a-f557-4e78-b33f-0dd3281b1b34@group-88B44F0D333A:LeaderElection97: begin an election at term 2 for -1: [643e9d8e-4f99-42c5-a66a-284f0687bd5b:192.168.36.75:37560, 5233621a-f557-4e78-b33f-0dd3281b1b34:192.168.36.75:41613, 6580372e-dbe4-4e5f-b67c-ae98088f5cde:192.168.36.75:41540], old=null
2019-09-24 11:41:38,839 [ada62c6a-1c54-4530-b54d-914239af4641@group-12B47C4E708E:LeaderElection96] INFO  impl.LeaderElection (LeaderElection.java:askForVotes(182)) - ada62c6a-1c54-4530-b54d-914239af4641@group-12B47C4E708E:LeaderElection96: begin an election at term 2 for -1: [ada62c6a-1c54-4530-b54d-914239af4641:192.168.36.75:34963, ad7d9de2-3d2e-4449-be67-7700fbbd2254:192.168.36.75:39888, 529ebe6e-d9ef-4104-9a91-06bed023192c:192.168.36.75:44072], old=null
2019-09-24 11:41:38,841 [643e9d8e-4f99-42c5-a66a-284f0687bd5b@group-88B44F0D333A:LeaderElection93] INFO  impl.LeaderElection (LeaderElection.java:logAndReturn(56)) - 643e9d8e-4f99-42c5-a66a-284f0687bd5b@group-88B44F0D333A:LeaderElection93: Election REJECTED; received 2 response(s) [643e9d8e-4f99-42c5-a66a-284f0687bd5b<-5233621a-f557-4e78-b33f-0dd3281b1b34#0:FAIL-t2, 643e9d8e-4f99-42c5-a66a-284f0687bd5b<-6580372e-dbe4-4e5f-b67c-ae98088f5cde#0:FAIL-t2] and 0 exception(s); 643e9d8e-4f99-42c5-a66a-284f0687bd5b@group-88B44F0D333A:t2, leader=null, voted=643e9d8e-4f99-42c5-a66a-284f0687bd5b, raftlog=643e9d8e-4f99-42c5-a66a-284f0687bd5b@group-88B44F0D333A-SegmentedRaftLog:OPENED:c-1,f-1,i0, conf=-1: [643e9d8e-4f99-42c5-a66a-284f0687bd5b:192.168.36.75:37560, 5233621a-f557-4e78-b33f-0dd3281b1b34:192.168.36.75:41613, 6580372e-dbe4-4e5f-b67c-ae98088f5cde:192.168.36.75:41540], old=null
2019-09-24 11:41:38,841 [6580372e-dbe4-4e5f-b67c-ae98088f5cde@group-88B44F0D333A:LeaderElection92] INFO  impl.LeaderElection (LeaderElection.java:logAndReturn(56)) - 6580372e-dbe4-4e5f-b67c-ae98088f5cde@group-88B44F0D333A:LeaderElection92: Election REJECTED; received 2 response(s) [6580372e-dbe4-4e5f-b67c-ae98088f5cde<-643e9d8e-4f99-42c5-a66a-284f0687bd5b#0:FAIL-t2, 6580372e-dbe4-4e5f-b67c-ae98088f5cde<-5233621a-f557-4e78-b33f-0dd3281b1b34#0:FAIL-t2] and 0 exception(s); 6580372e-dbe4-4e5f-b67c-ae98088f5cde@group-88B44F0D333A:t2, leader=null, voted=6580372e-dbe4-4e5f-b67c-ae98088f5cde, raftlog=6580372e-dbe4-4e5f-b67c-ae98088f5cde@group-88B44F0D333A-SegmentedRaftLog:OPENED:c-1,f-1,i0, conf=-1: [643e9d8e-4f99-42c5-a66a-284f0687bd5b:192.168.36.75:37560, 5233621a-f557-4e78-b33f-0dd3281b1b34:192.168.36.75:41613, 6580372e-dbe4-4e5f-b67c-ae98088f5cde:192.168.36.75:41540], old=null
2019-09-24 11:41:38,847 [6580372e-dbe4-4e5f-b67c-ae98088f5cde@group-88B44F0D333A:LeaderElection92] INFO  impl.RaftServerImpl (RaftServerImpl.java:setRole(174)) - 6580372e-dbe4-4e5f-b67c-ae98088f5cde@group-88B44F0D333A: changes role from CANDIDATE to FOLLOWER at term 2 for DISCOVERED_A_NEW_TERM
2019-09-24 11:41:38,847 [643e9d8e-4f99-42c5-a66a-284f0687bd5b@group-88B44F0D333A:LeaderElection93] INFO  impl.RaftServerImpl (RaftServerImpl.java:setRole(174)) - 643e9d8e-4f99-42c5-a66a-284f0687bd5b@group-88B44F0D333A: changes role from CANDIDATE to FOLLOWER at term 2 for DISCOVERED_A_NEW_TERM
2019-09-24 11:41:38,847 [6580372e-dbe4-4e5f-b67c-ae98088f5cde@group-88B44F0D333A:LeaderElection92] INFO  impl.RoleInfo (RoleInfo.java:shutdownLeaderElection(134)) - 6580372e-dbe4-4e5f-b67c-ae98088f5cde: shutdown LeaderElection
2019-09-24 11:41:38,847 [643e9d8e-4f99-42c5-a66a-284f0687bd5b@group-88B44F0D333A:LeaderElection93] INFO  impl.RoleInfo (RoleInfo.java:shutdownLeaderElection(134)) - 643e9d8e-4f99-42c5-a66a-284f0687bd5b: shutdown LeaderElection
2019-09-24 11:41:38,848 [6580372e-dbe4-4e5f-b67c-ae98088f5cde@group-88B44F0D333A:LeaderElection92] INFO  impl.RoleInfo (RoleInfo.java:updateAndGet(143)) - 6580372e-dbe4-4e5f-b67c-ae98088f5cde: start FollowerState
2019-09-24 11:41:38,848 [643e9d8e-4f99-42c5-a66a-284f0687bd5b@group-88B44F0D333A:LeaderElection93] INFO  impl.RoleInfo (RoleInfo.java:updateAndGet(143)) - 643e9d8e-4f99-42c5-a66a-284f0687bd5b: start FollowerState
2019-09-24 11:41:38,851 [ada62c6a-1c54-4530-b54d-914239af4641@group-12B47C4E708E:LeaderElection96] INFO  impl.LeaderElection (LeaderElection.java:logAndReturn(56)) - ada62c6a-1c54-4530-b54d-914239af4641@group-12B47C4E708E:LeaderElection96: Election REJECTED; received 2 response(s) [ada62c6a-1c54-4530-b54d-914239af4641<-ad7d9de2-3d2e-4449-be67-7700fbbd2254#0:FAIL-t2, ada62c6a-1c54-4530-b54d-914239af4641<-529ebe6e-d9ef-4104-9a91-06bed023192c#0:FAIL-t2] and 0 exception(s); ada62c6a-1c54-4530-b54d-914239af4641@group-12B47C4E708E:t2, leader=null, voted=ada62c6a-1c54-4530-b54d-914239af4641, raftlog=ada62c6a-1c54-4530-b54d-914239af4641@group-12B47C4E708E-SegmentedRaftLog:OPENED:c-1,f-1,i0, conf=-1: [ada62c6a-1c54-4530-b54d-914239af4641:192.168.36.75:34963, ad7d9de2-3d2e-4449-be67-7700fbbd2254:192.168.36.75:39888, 529ebe6e-d9ef-4104-9a91-06bed023192c:192.168.36.75:44072], old=null
2019-09-24 11:41:38,851 [ada62c6a-1c54-4530-b54d-914239af4641@group-12B47C4E708E:LeaderElection96] INFO  impl.RaftServerImpl (RaftServerImpl.java:setRole(174)) - ada62c6a-1c54-4530-b54d-914239af4641@group-12B47C4E708E: changes role from CANDIDATE to FOLLOWER at term 2 for DISCOVERED_A_NEW_TERM
2019-09-24 11:41:38,851 [ada62c6a-1c54-4530-b54d-914239af4641@group-12B47C4E708E:LeaderElection96] INFO  impl.RoleInfo (RoleInfo.java:shutdownLeaderElection(134)) - ada62c6a-1c54-4530-b54d-914239af4641: shutdown LeaderElection
2019-09-24 11:41:38,851 [5233621a-f557-4e78-b33f-0dd3281b1b34@group-88B44F0D333A:LeaderElection97] INFO  impl.LeaderElection (LeaderElection.java:logAndReturn(56)) - 5233621a-f557-4e78-b33f-0dd3281b1b34@group-88B44F0D333A:LeaderElection97: Election REJECTED; received 2 response(s) [5233621a-f557-4e78-b33f-0dd3281b1b34<-643e9d8e-4f99-42c5-a66a-284f0687bd5b#0:FAIL-t2, 5233621a-f557-4e78-b33f-0dd3281b1b34<-6580372e-dbe4-4e5f-b67c-ae98088f5cde#0:FAIL-t2] and 0 exception(s); 5233621a-f557-4e78-b33f-0dd3281b1b34@group-88B44F0D333A:t2, leader=null, voted=5233621a-f557-4e78-b33f-0dd3281b1b34, raftlog=5233621a-f557-4e78-b33f-0dd3281b1b34@group-88B44F0D333A-SegmentedRaftLog:OPENED:c-1,f-1,i0, conf=-1: [643e9d8e-4f99-42c5-a66a-284f0687bd5b:192.168.36.75:37560, 5233621a-f557-4e78-b33f-0dd3281b1b34:192.168.36.75:41613, 6580372e-dbe4-4e5f-b67c-ae98088f5cde:192.168.36.75:41540], old=null
2019-09-24 11:41:38,851 [ada62c6a-1c54-4530-b54d-914239af4641@group-12B47C4E708E:LeaderElection96] INFO  impl.RoleInfo (RoleInfo.java:updateAndGet(143)) - ada62c6a-1c54-4530-b54d-914239af4641: start FollowerState
2019-09-24 11:41:38,851 [ad7d9de2-3d2e-4449-be67-7700fbbd2254@group-12B47C4E708E:LeaderElection95] INFO  impl.LeaderElection (LeaderElection.java:logAndReturn(56)) - ad7d9de2-3d2e-4449-be67-7700fbbd2254@group-12B47C4E708E:LeaderElection95: Election REJECTED; received 2 response(s) [ad7d9de2-3d2e-4449-be67-7700fbbd2254<-ada62c6a-1c54-4530-b54d-914239af4641#0:FAIL-t2, ad7d9de2-3d2e-4449-be67-7700fbbd2254<-529ebe6e-d9ef-4104-9a91-06bed023192c#0:FAIL-t2] and 0 exception(s); ad7d9de2-3d2e-4449-be67-7700fbbd2254@group-12B47C4E708E:t2, leader=null, voted=ad7d9de2-3d2e-4449-be67-7700fbbd2254, raftlog=ad7d9de2-3d2e-4449-be67-7700fbbd2254@group-12B47C4E708E-SegmentedRaftLog:OPENED:c-1,f-1,i0, conf=-1: [ada62c6a-1c54-4530-b54d-914239af4641:192.168.36.75:34963, ad7d9de2-3d2e-4449-be67-7700fbbd2254:192.168.36.75:39888, 529ebe6e-d9ef-4104-9a91-06bed023192c:192.168.36.75:44072], old=null
2019-09-24 11:41:38,851 [5233621a-f557-4e78-b33f-0dd3281b1b34@group-88B44F0D333A:LeaderElection97] INFO  impl.RaftServerImpl (RaftServerImpl.java:setRole(174)) - 5233621a-f557-4e78-b33f-0dd3281b1b34@group-88B44F0D333A: changes role from CANDIDATE to FOLLOWER at term 2 for DISCOVERED_A_NEW_TERM
2019-09-24 11:41:38,852 [ad7d9de2-3d2e-4449-be67-7700fbbd2254@group-12B47C4E708E:LeaderElection95] INFO  impl.RaftServerImpl (RaftServerImpl.java:setRole(174)) - ad7d9de2-3d2e-4449-be67-7700fbbd2254@group-12B47C4E708E: changes role from CANDIDATE to FOLLOWER at term 2 for DISCOVERED_A_NEW_TERM
2019-09-24 11:41:38,852 [5233621a-f557-4e78-b33f-0dd3281b1b34@group-88B44F0D333A:LeaderElection97] INFO  impl.RoleInfo (RoleInfo.java:shutdownLeaderElection(134)) - 5233621a-f557-4e78-b33f-0dd3281b1b34: shutdown LeaderElection
2019-09-24 11:41:38,852 [529ebe6e-d9ef-4104-9a91-06bed023192c@group-12B47C4E708E:LeaderElection94] INFO  impl.LeaderElection (LeaderElection.java:logAndReturn(56)) - 529ebe6e-d9ef-4104-9a91-06bed023192c@group-12B47C4E708E:LeaderElection94: Election REJECTED; received 2 response(s) [529ebe6e-d9ef-4104-9a91-06bed023192c<-ada62c6a-1c54-4530-b54d-914239af4641#0:FAIL-t2, 529ebe6e-d9ef-4104-9a91-06bed023192c<-ad7d9de2-3d2e-4449-be67-7700fbbd2254#0:FAIL-t2] and 0 exception(s); 529ebe6e-d9ef-4104-9a91-06bed023192c@group-12B47C4E708E:t2, leader=null, voted=529ebe6e-d9ef-4104-9a91-06bed023192c, raftlog=529ebe6e-d9ef-4104-9a91-06bed023192c@group-12B47C4E708E-SegmentedRaftLog:OPENED:c-1,f-1,i0, conf=-1: [ada62c6a-1c54-4530-b54d-914239af4641:192.168.36.75:34963, ad7d9de2-3d2e-4449-be67-7700fbbd2254:192.168.36.75:39888, 529ebe6e-d9ef-4104-9a91-06bed023192c:192.168.36.75:44072], old=null
2019-09-24 11:41:38,852 [ad7d9de2-3d2e-4449-be67-7700fbbd2254@group-12B47C4E708E:LeaderElection95] INFO  impl.RoleInfo (RoleInfo.java:shutdownLeaderElection(134)) - ad7d9de2-3d2e-4449-be67-7700fbbd2254: shutdown LeaderElection
2019-09-24 11:41:38,852 [529ebe6e-d9ef-4104-9a91-06bed023192c@group-12B47C4E708E:LeaderElection94] INFO  impl.RaftServerImpl (RaftServerImpl.java:setRole(174)) - 529ebe6e-d9ef-4104-9a91-06bed023192c@group-12B47C4E708E: changes role from CANDIDATE to FOLLOWER at term 2 for DISCOVERED_A_NEW_TERM
2019-09-24 11:41:38,852 [5233621a-f557-4e78-b33f-0dd3281b1b34@group-88B44F0D333A:LeaderElection97] INFO  impl.RoleInfo (RoleInfo.java:updateAndGet(143)) - 5233621a-f557-4e78-b33f-0dd3281b1b34: start FollowerState
2019-09-24 11:41:38,852 [529ebe6e-d9ef-4104-9a91-06bed023192c@group-12B47C4E708E:LeaderElection94] INFO  impl.RoleInfo (RoleInfo.java:shutdownLeaderElection(134)) - 529ebe6e-d9ef-4104-9a91-06bed023192c: shutdown LeaderElection
2019-09-24 11:41:38,852 [ad7d9de2-3d2e-4449-be67-7700fbbd2254@group-12B47C4E708E:LeaderElection95] INFO  impl.RoleInfo (RoleInfo.java:updateAndGet(143)) - ad7d9de2-3d2e-4449-be67-7700fbbd2254: start FollowerState
2019-09-24 11:41:38,853 [529ebe6e-d9ef-4104-9a91-06bed023192c@group-12B47C4E708E:LeaderElection94] INFO  impl.RoleInfo (RoleInfo.java:updateAndGet(143)) - 529ebe6e-d9ef-4104-9a91-06bed023192c: start FollowerState
]]></system-out>
  </testcase>
  <testcase name="test2WayCommitForTimeoutException" classname="org.apache.hadoop.ozone.client.rpc.TestWatchForCommit" time="47.86"/>
</testsuite>