<?xml version="1.0" encoding="UTF-8"?>
<testsuite xmlns:xsi="http://www.w3.org/2001/XMLSchema-instance" xsi:noNamespaceSchemaLocation="https://maven.apache.org/surefire/maven-surefire-plugin/xsd/surefire-test-report.xsd" name="org.apache.hadoop.ozone.client.rpc.Test2WayCommitInRatis" time="41.294" tests="1" errors="1" skipped="0" failures="0">
  <properties>
    <property name="awt.toolkit" value="sun.awt.X11.XToolkit"/>
    <property name="file.encoding.pkg" value="sun.io"/>
    <property name="java.specification.version" value="1.8"/>
    <property name="sun.cpu.isalist" value=""/>
    <property name="sun.jnu.encoding" value="UTF-8"/>
    <property name="java.class.path" value="/workdir/hadoop-ozone/integration-test/target/test-classes:/workdir/hadoop-ozone/integration-test/target/classes:/home/user/.m2/repository/org/apache/hadoop/hadoop-ozone-common/0.5.0-SNAPSHOT/hadoop-ozone-common-0.5.0-SNAPSHOT.jar:/home/user/.m2/repository/org/apache/commons/commons-compress/1.4.1/commons-compress-1.4.1.jar:/home/user/.m2/repository/org/tukaani/xz/1.0/xz-1.0.jar:/home/user/.m2/repository/org/apache/hadoop/hadoop-common/3.2.0/hadoop-common-3.2.0.jar:/home/user/.m2/repository/org/apache/hadoop/hadoop-hdfs/3.2.0/hadoop-hdfs-3.2.0.jar:/home/user/.m2/repository/org/apache/hadoop/hadoop-hdfs-client/3.2.0/hadoop-hdfs-client-3.2.0.jar:/home/user/.m2/repository/com/fasterxml/jackson/core/jackson-annotations/2.9.5/jackson-annotations-2.9.5.jar:/home/user/.m2/repository/org/apache/hadoop/hadoop-hdds-common/0.5.0-SNAPSHOT/hadoop-hdds-common-0.5.0-SNAPSHOT.jar:/home/user/.m2/repository/javax/annotation/javax.annotation-api/1.2/javax.annotation-api-1.2.jar:/home/user/.m2/repository/org/apache/ratis/ratis-server/0.4.0-2337318-SNAPSHOT/ratis-server-0.4.0-2337318-SNAPSHOT.jar:/home/user/.m2/repository/org/apache/ratis/ratis-thirdparty-misc/0.2.0/ratis-thirdparty-misc-0.2.0.jar:/home/user/.m2/repository/org/apache/ratis/ratis-proto/0.4.0-2337318-SNAPSHOT/ratis-proto-0.4.0-2337318-SNAPSHOT.jar:/home/user/.m2/repository/org/apache/ratis/ratis-common/0.4.0-2337318-SNAPSHOT/ratis-common-0.4.0-2337318-SNAPSHOT.jar:/home/user/.m2/repository/org/apache/ratis/ratis-client/0.4.0-2337318-SNAPSHOT/ratis-client-0.4.0-2337318-SNAPSHOT.jar:/home/user/.m2/repository/org/apache/ratis/ratis-metrics/0.4.0-2337318-SNAPSHOT/ratis-metrics-0.4.0-2337318-SNAPSHOT.jar:/home/user/.m2/repository/org/apache/ratis/ratis-netty/0.4.0-2337318-SNAPSHOT/ratis-netty-0.4.0-2337318-SNAPSHOT.jar:/home/user/.m2/repository/org/apache/ratis/ratis-grpc/0.4.0-2337318-SNAPSHOT/ratis-grpc-0.4.0-2337318-SNAPSHOT.jar:/home/user/.m2/repository/org/rocksdb/rocksdbjni/6.0.1/rocksdbjni-6.0.1.jar:/home/user/.m2/repository/org/apache/logging/log4j/log4j-api/2.11.0/log4j-api-2.11.0.jar:/home/user/.m2/repository/org/apache/logging/log4j/log4j-core/2.11.0/log4j-core-2.11.0.jar:/home/user/.m2/repository/com/lmax/disruptor/3.4.2/disruptor-3.4.2.jar:/home/user/.m2/repository/org/apache/commons/commons-pool2/2.6.0/commons-pool2-2.6.0.jar:/home/user/.m2/repository/org/bouncycastle/bcpkix-jdk15on/1.60/bcpkix-jdk15on-1.60.jar:/home/user/.m2/repository/commons-validator/commons-validator/1.6/commons-validator-1.6.jar:/home/user/.m2/repository/commons-digester/commons-digester/1.8.1/commons-digester-1.8.1.jar:/home/user/.m2/repository/io/jaegertracing/jaeger-client/0.33.1/jaeger-client-0.33.1.jar:/home/user/.m2/repository/io/jaegertracing/jaeger-thrift/0.33.1/jaeger-thrift-0.33.1.jar:/home/user/.m2/repository/org/apache/thrift/libthrift/0.11.0/libthrift-0.11.0.jar:/home/user/.m2/repository/com/squareup/okhttp3/okhttp/3.9.0/okhttp-3.9.0.jar:/home/user/.m2/repository/com/squareup/okio/okio/1.13.0/okio-1.13.0.jar:/home/user/.m2/repository/io/jaegertracing/jaeger-core/0.33.1/jaeger-core-0.33.1.jar:/home/user/.m2/repository/io/jaegertracing/jaeger-tracerresolver/0.33.1/jaeger-tracerresolver-0.33.1.jar:/home/user/.m2/repository/io/opentracing/contrib/opentracing-tracerresolver/0.1.5/opentracing-tracerresolver-0.1.5.jar:/home/user/.m2/repository/io/opentracing/opentracing-util/0.31.0/opentracing-util-0.31.0.jar:/home/user/.m2/repository/io/opentracing/opentracing-api/0.31.0/opentracing-api-0.31.0.jar:/home/user/.m2/repository/io/opentracing/opentracing-noop/0.31.0/opentracing-noop-0.31.0.jar:/home/user/.m2/repository/org/apache/hadoop/hadoop-hdds-server-framework/0.5.0-SNAPSHOT/hadoop-hdds-server-framework-0.5.0-SNAPSHOT.jar:/home/user/.m2/repository/org/apache/hadoop/hadoop-hdds-container-service/0.5.0-SNAPSHOT/hadoop-hdds-container-service-0.5.0-SNAPSHOT.jar:/home/user/.m2/repository/org/apache/hadoop/hadoop-hdds-client/0.5.0-SNAPSHOT/hadoop-hdds-client-0.5.0-SNAPSHOT.jar:/home/user/.m2/repository/org/apache/hadoop/hadoop-hdds-tools/0.5.0-SNAPSHOT/hadoop-hdds-tools-0.5.0-SNAPSHOT.jar:/home/user/.m2/repository/org/apache/hadoop/hadoop-hdds-server-scm/0.5.0-SNAPSHOT/hadoop-hdds-server-scm-0.5.0-SNAPSHOT.jar:/home/user/.m2/repository/org/apache/hadoop/hadoop-hdds-docs/0.5.0-SNAPSHOT/hadoop-hdds-docs-0.5.0-SNAPSHOT.jar:/home/user/.m2/repository/io/dropwizard/metrics/metrics-core/3.2.4/metrics-core-3.2.4.jar:/home/user/.m2/repository/org/hamcrest/hamcrest-all/1.3/hamcrest-all-1.3.jar:/home/user/.m2/repository/org/bouncycastle/bcprov-jdk15on/1.60/bcprov-jdk15on-1.60.jar:/home/user/.m2/repository/info/picocli/picocli/3.9.6/picocli-3.9.6.jar:/home/user/.m2/repository/com/google/protobuf/protobuf-java/2.5.0/protobuf-java-2.5.0.jar:/home/user/.m2/repository/com/google/guava/guava/11.0.2/guava-11.0.2.jar:/home/user/.m2/repository/org/apache/hadoop/hadoop-ozone-ozone-manager/0.5.0-SNAPSHOT/hadoop-ozone-ozone-manager-0.5.0-SNAPSHOT.jar:/home/user/.m2/repository/org/apache/hadoop/hadoop-minikdc/3.2.0/hadoop-minikdc-3.2.0.jar:/home/user/.m2/repository/commons-io/commons-io/2.5/commons-io-2.5.jar:/home/user/.m2/repository/org/apache/kerby/kerb-simplekdc/1.0.1/kerb-simplekdc-1.0.1.jar:/home/user/.m2/repository/org/apache/kerby/kerb-client/1.0.1/kerb-client-1.0.1.jar:/home/user/.m2/repository/org/apache/kerby/kerby-config/1.0.1/kerby-config-1.0.1.jar:/home/user/.m2/repository/org/apache/kerby/kerb-core/1.0.1/kerb-core-1.0.1.jar:/home/user/.m2/repository/org/apache/kerby/kerby-pkix/1.0.1/kerby-pkix-1.0.1.jar:/home/user/.m2/repository/org/apache/kerby/kerby-asn1/1.0.1/kerby-asn1-1.0.1.jar:/home/user/.m2/repository/org/apache/kerby/kerby-util/1.0.1/kerby-util-1.0.1.jar:/home/user/.m2/repository/org/apache/kerby/kerb-common/1.0.1/kerb-common-1.0.1.jar:/home/user/.m2/repository/org/apache/kerby/kerb-crypto/1.0.1/kerb-crypto-1.0.1.jar:/home/user/.m2/repository/org/apache/kerby/kerb-util/1.0.1/kerb-util-1.0.1.jar:/home/user/.m2/repository/org/apache/kerby/token-provider/1.0.1/token-provider-1.0.1.jar:/home/user/.m2/repository/org/apache/kerby/kerb-admin/1.0.1/kerb-admin-1.0.1.jar:/home/user/.m2/repository/org/apache/kerby/kerb-server/1.0.1/kerb-server-1.0.1.jar:/home/user/.m2/repository/org/apache/kerby/kerb-identity/1.0.1/kerb-identity-1.0.1.jar:/home/user/.m2/repository/org/apache/kerby/kerby-xdr/1.0.1/kerby-xdr-1.0.1.jar:/home/user/.m2/repository/org/slf4j/slf4j-log4j12/1.7.25/slf4j-log4j12-1.7.25.jar:/home/user/.m2/repository/org/apache/hadoop/hadoop-ozone-objectstore-service/0.5.0-SNAPSHOT/hadoop-ozone-objectstore-service-0.5.0-SNAPSHOT.jar:/home/user/.m2/repository/org/apache/hadoop/hadoop-ozone-s3gateway/0.5.0-SNAPSHOT/hadoop-ozone-s3gateway-0.5.0-SNAPSHOT.jar:/home/user/.m2/repository/org/jboss/weld/servlet/weld-servlet/2.4.7.Final/weld-servlet-2.4.7.Final.jar:/home/user/.m2/repository/org/glassfish/jersey/containers/jersey-container-servlet-core/2.27/jersey-container-servlet-core-2.27.jar:/home/user/.m2/repository/org/glassfish/hk2/external/javax.inject/2.5.0-b42/javax.inject-2.5.0-b42.jar:/home/user/.m2/repository/org/glassfish/jersey/core/jersey-common/2.27/jersey-common-2.27.jar:/home/user/.m2/repository/org/glassfish/hk2/osgi-resource-locator/1.0.1/osgi-resource-locator-1.0.1.jar:/home/user/.m2/repository/javax/ws/rs/javax.ws.rs-api/2.1/javax.ws.rs-api-2.1.jar:/home/user/.m2/repository/org/glassfish/jersey/ext/cdi/jersey-cdi1x/2.27/jersey-cdi1x-2.27.jar:/home/user/.m2/repository/org/glassfish/jersey/inject/jersey-hk2/2.27/jersey-hk2-2.27.jar:/home/user/.m2/repository/org/glassfish/hk2/hk2-locator/2.5.0-b42/hk2-locator-2.5.0-b42.jar:/home/user/.m2/repository/org/javassist/javassist/3.22.0-CR2/javassist-3.22.0-CR2.jar:/home/user/.m2/repository/org/glassfish/hk2/hk2-api/2.5.0/hk2-api-2.5.0.jar:/home/user/.m2/repository/org/glassfish/hk2/external/jakarta.inject/2.5.0/jakarta.inject-2.5.0.jar:/home/user/.m2/repository/org/glassfish/hk2/hk2-utils/2.5.0/hk2-utils-2.5.0.jar:/home/user/.m2/repository/jakarta/annotation/jakarta.annotation-api/1.3.4/jakarta.annotation-api-1.3.4.jar:/home/user/.m2/repository/org/glassfish/hk2/external/aopalliance-repackaged/2.5.0/aopalliance-repackaged-2.5.0.jar:/home/user/.m2/repository/com/fasterxml/jackson/dataformat/jackson-dataformat-xml/2.9.0/jackson-dataformat-xml-2.9.0.jar:/home/user/.m2/repository/com/fasterxml/jackson/core/jackson-core/2.9.5/jackson-core-2.9.5.jar:/home/user/.m2/repository/com/fasterxml/jackson/module/jackson-module-jaxb-annotations/2.9.5/jackson-module-jaxb-annotations-2.9.5.jar:/home/user/.m2/repository/javax/enterprise/cdi-api/1.2/cdi-api-1.2.jar:/home/user/.m2/repository/javax/el/javax.el-api/3.0.0/javax.el-api-3.0.0.jar:/home/user/.m2/repository/javax/interceptor/javax.interceptor-api/1.2/javax.interceptor-api-1.2.jar:/home/user/.m2/repository/javax/inject/javax.inject/1/javax.inject-1.jar:/home/user/.m2/repository/com/sun/xml/bind/jaxb-impl/2.3.0.1/jaxb-impl-2.3.0.1.jar:/home/user/.m2/repository/com/sun/xml/bind/jaxb-core/2.3.0.1/jaxb-core-2.3.0.1.jar:/home/user/.m2/repository/javax/xml/bind/jaxb-api/2.3.0/jaxb-api-2.3.0.jar:/home/user/.m2/repository/javax/activation/activation/1.1.1/activation-1.1.1.jar:/home/user/.m2/repository/org/apache/hadoop/hadoop-ozone-csi/0.5.0-SNAPSHOT/hadoop-ozone-csi-0.5.0-SNAPSHOT.jar:/home/user/.m2/repository/com/google/protobuf/protobuf-java-util/3.5.1/protobuf-java-util-3.5.1.jar:/home/user/.m2/repository/org/apache/hadoop/hadoop-hdds-config/0.5.0-SNAPSHOT/hadoop-hdds-config-0.5.0-SNAPSHOT.jar:/home/user/.m2/repository/io/grpc/grpc-netty/1.17.1/grpc-netty-1.17.1.jar:/home/user/.m2/repository/io/grpc/grpc-core/1.17.1/grpc-core-1.17.1.jar:/home/user/.m2/repository/io/grpc/grpc-context/1.17.1/grpc-context-1.17.1.jar:/home/user/.m2/repository/com/google/errorprone/error_prone_annotations/2.2.0/error_prone_annotations-2.2.0.jar:/home/user/.m2/repository/org/codehaus/mojo/animal-sniffer-annotations/1.17/animal-sniffer-annotations-1.17.jar:/home/user/.m2/repository/io/opencensus/opencensus-api/0.17.0/opencensus-api-0.17.0.jar:/home/user/.m2/repository/io/opencensus/opencensus-contrib-grpc-metrics/0.17.0/opencensus-contrib-grpc-metrics-0.17.0.jar:/home/user/.m2/repository/io/netty/netty-codec-http2/4.1.30.Final/netty-codec-http2-4.1.30.Final.jar:/home/user/.m2/repository/io/netty/netty-codec-http/4.1.30.Final/netty-codec-http-4.1.30.Final.jar:/home/user/.m2/repository/io/netty/netty-codec/4.1.30.Final/netty-codec-4.1.30.Final.jar:/home/user/.m2/repository/io/netty/netty-handler/4.1.30.Final/netty-handler-4.1.30.Final.jar:/home/user/.m2/repository/io/netty/netty-handler-proxy/4.1.30.Final/netty-handler-proxy-4.1.30.Final.jar:/home/user/.m2/repository/io/netty/netty-codec-socks/4.1.30.Final/netty-codec-socks-4.1.30.Final.jar:/home/user/.m2/repository/io/netty/netty-transport-native-epoll/4.1.30.Final/netty-transport-native-epoll-4.1.30.Final.jar:/home/user/.m2/repository/io/netty/netty-common/4.1.30.Final/netty-common-4.1.30.Final.jar:/home/user/.m2/repository/io/netty/netty-buffer/4.1.30.Final/netty-buffer-4.1.30.Final.jar:/home/user/.m2/repository/io/netty/netty-transport/4.1.30.Final/netty-transport-4.1.30.Final.jar:/home/user/.m2/repository/io/netty/netty-resolver/4.1.30.Final/netty-resolver-4.1.30.Final.jar:/home/user/.m2/repository/io/netty/netty-transport-native-unix-common/4.1.30.Final/netty-transport-native-unix-common-4.1.30.Final.jar:/home/user/.m2/repository/io/grpc/grpc-protobuf/1.17.1/grpc-protobuf-1.17.1.jar:/home/user/.m2/repository/com/google/api/grpc/proto-google-common-protos/1.0.0/proto-google-common-protos-1.0.0.jar:/home/user/.m2/repository/io/grpc/grpc-protobuf-lite/1.17.1/grpc-protobuf-lite-1.17.1.jar:/home/user/.m2/repository/io/grpc/grpc-stub/1.17.1/grpc-stub-1.17.1.jar:/home/user/.m2/repository/org/apache/hadoop/hadoop-ozone-recon/0.5.0-SNAPSHOT/hadoop-ozone-recon-0.5.0-SNAPSHOT.jar:/home/user/.m2/repository/org/apache/hadoop/hadoop-ozone-reconcodegen/0.5.0-SNAPSHOT/hadoop-ozone-reconcodegen-0.5.0-SNAPSHOT.jar:/home/user/.m2/repository/com/google/inject/extensions/guice-multibindings/4.0/guice-multibindings-4.0.jar:/home/user/.m2/repository/com/google/inject/guice/4.0/guice-4.0.jar:/home/user/.m2/repository/aopalliance/aopalliance/1.0/aopalliance-1.0.jar:/home/user/.m2/repository/com/google/inject/extensions/guice-servlet/4.0/guice-servlet-4.0.jar:/home/user/.m2/repository/org/glassfish/jersey/containers/jersey-container-servlet/2.27/jersey-container-servlet-2.27.jar:/home/user/.m2/repository/org/glassfish/hk2/guice-bridge/2.5.0/guice-bridge-2.5.0.jar:/home/user/.m2/repository/org/glassfish/jersey/core/jersey-server/2.27/jersey-server-2.27.jar:/home/user/.m2/repository/org/glassfish/jersey/core/jersey-client/2.27/jersey-client-2.27.jar:/home/user/.m2/repository/org/glassfish/jersey/media/jersey-media-jaxb/2.27/jersey-media-jaxb-2.27.jar:/home/user/.m2/repository/javax/validation/validation-api/1.1.0.Final/validation-api-1.1.0.Final.jar:/home/user/.m2/repository/org/glassfish/jersey/media/jersey-media-json-jackson/2.27/jersey-media-json-jackson-2.27.jar:/home/user/.m2/repository/org/glassfish/jersey/ext/jersey-entity-filtering/2.27/jersey-entity-filtering-2.27.jar:/home/user/.m2/repository/com/google/inject/extensions/guice-assistedinject/4.0/guice-assistedinject-4.0.jar:/home/user/.m2/repository/org/jooq/jooq/3.11.10/jooq-3.11.10.jar:/home/user/.m2/repository/org/jooq/jooq-meta/3.11.10/jooq-meta-3.11.10.jar:/home/user/.m2/repository/org/jooq/jooq-codegen/3.11.10/jooq-codegen-3.11.10.jar:/home/user/.m2/repository/com/jolbox/bonecp/0.8.0.RELEASE/bonecp-0.8.0.RELEASE.jar:/home/user/.m2/repository/org/xerial/sqlite-jdbc/3.25.2/sqlite-jdbc-3.25.2.jar:/home/user/.m2/repository/org/springframework/spring-jdbc/5.1.3.RELEASE/spring-jdbc-5.1.3.RELEASE.jar:/home/user/.m2/repository/org/springframework/spring-beans/5.1.3.RELEASE/spring-beans-5.1.3.RELEASE.jar:/home/user/.m2/repository/org/springframework/spring-core/5.1.3.RELEASE/spring-core-5.1.3.RELEASE.jar:/home/user/.m2/repository/org/springframework/spring-jcl/5.1.3.RELEASE/spring-jcl-5.1.3.RELEASE.jar:/home/user/.m2/repository/org/springframework/spring-tx/5.1.3.RELEASE/spring-tx-5.1.3.RELEASE.jar:/home/user/.m2/repository/org/apache/hadoop/hadoop-ozone-client/0.5.0-SNAPSHOT/hadoop-ozone-client-0.5.0-SNAPSHOT.jar:/home/user/.m2/repository/commons-lang/commons-lang/2.6/commons-lang-2.6.jar:/home/user/.m2/repository/org/apache/hadoop/hadoop-ozone-ozone-manager/0.5.0-SNAPSHOT/hadoop-ozone-ozone-manager-0.5.0-SNAPSHOT-tests.jar:/home/user/.m2/repository/junit/junit/4.11/junit-4.11.jar:/home/user/.m2/repository/org/hamcrest/hamcrest-core/1.3/hamcrest-core-1.3.jar:/home/user/.m2/repository/org/openjdk/jmh/jmh-core/1.19/jmh-core-1.19.jar:/home/user/.m2/repository/net/sf/jopt-simple/jopt-simple/4.6/jopt-simple-4.6.jar:/home/user/.m2/repository/org/apache/commons/commons-math3/3.1.1/commons-math3-3.1.1.jar:/home/user/.m2/repository/org/openjdk/jmh/jmh-generator-annprocess/1.19/jmh-generator-annprocess-1.19.jar:/home/user/.m2/repository/org/mockito/mockito-all/1.8.5/mockito-all-1.8.5.jar:/home/user/.m2/repository/org/apache/hadoop/hadoop-kms/3.2.0/hadoop-kms-3.2.0.jar:/home/user/.m2/repository/org/apache/hadoop/hadoop-auth/3.2.0/hadoop-auth-3.2.0.jar:/home/user/.m2/repository/com/nimbusds/nimbus-jose-jwt/4.41.1/nimbus-jose-jwt-4.41.1.jar:/home/user/.m2/repository/com/github/stephenc/jcip/jcip-annotations/1.0-1/jcip-annotations-1.0-1.jar:/home/user/.m2/repository/net/minidev/json-smart/2.3/json-smart-2.3.jar:/home/user/.m2/repository/net/minidev/accessors-smart/1.2/accessors-smart-1.2.jar:/home/user/.m2/repository/org/ow2/asm/asm/5.0.4/asm-5.0.4.jar:/home/user/.m2/repository/org/apache/curator/curator-framework/2.12.0/curator-framework-2.12.0.jar:/home/user/.m2/repository/com/sun/jersey/jersey-core/1.19/jersey-core-1.19.jar:/home/user/.m2/repository/javax/ws/rs/jsr311-api/1.1.1/jsr311-api-1.1.1.jar:/home/user/.m2/repository/com/sun/jersey/jersey-server/1.19/jersey-server-1.19.jar:/home/user/.m2/repository/javax/servlet/javax.servlet-api/3.1.0/javax.servlet-api-3.1.0.jar:/home/user/.m2/repository/org/eclipse/jetty/jetty-server/9.3.24.v20180605/jetty-server-9.3.24.v20180605.jar:/home/user/.m2/repository/org/eclipse/jetty/jetty-http/9.3.24.v20180605/jetty-http-9.3.24.v20180605.jar:/home/user/.m2/repository/org/eclipse/jetty/jetty-io/9.3.24.v20180605/jetty-io-9.3.24.v20180605.jar:/home/user/.m2/repository/org/eclipse/jetty/jetty-webapp/9.3.24.v20180605/jetty-webapp-9.3.24.v20180605.jar:/home/user/.m2/repository/org/eclipse/jetty/jetty-xml/9.3.24.v20180605/jetty-xml-9.3.24.v20180605.jar:/home/user/.m2/repository/log4j/log4j/1.2.17/log4j-1.2.17.jar:/home/user/.m2/repository/org/slf4j/slf4j-api/1.7.25/slf4j-api-1.7.25.jar:/home/user/.m2/repository/org/slf4j/jul-to-slf4j/1.7.25/jul-to-slf4j-1.7.25.jar:/home/user/.m2/repository/org/eclipse/jetty/jetty-util/9.3.24.v20180605/jetty-util-9.3.24.v20180605.jar:/home/user/.m2/repository/com/fasterxml/jackson/core/jackson-databind/2.9.5/jackson-databind-2.9.5.jar:/home/user/.m2/repository/org/apache/hadoop/hadoop-kms/3.2.0/hadoop-kms-3.2.0-tests.jar:/home/user/.m2/repository/org/apache/hadoop/hadoop-hdds-server-scm/0.5.0-SNAPSHOT/hadoop-hdds-server-scm-0.5.0-SNAPSHOT-tests.jar:/home/user/.m2/repository/org/apache/hadoop/hadoop-hdds-container-service/0.5.0-SNAPSHOT/hadoop-hdds-container-service-0.5.0-SNAPSHOT-tests.jar:/home/user/.m2/repository/org/yaml/snakeyaml/1.16/snakeyaml-1.16.jar:/home/user/.m2/repository/org/apache/hadoop/hadoop-common/3.2.0/hadoop-common-3.2.0-tests.jar:/home/user/.m2/repository/org/apache/hadoop/hadoop-annotations/3.2.0/hadoop-annotations-3.2.0.jar:/usr/lib/jvm/java-1.8-openjdk/jre/../lib/tools.jar:/home/user/.m2/repository/commons-cli/commons-cli/1.2/commons-cli-1.2.jar:/home/user/.m2/repository/org/apache/httpcomponents/httpclient/4.5.2/httpclient-4.5.2.jar:/home/user/.m2/repository/org/apache/httpcomponents/httpcore/4.4.4/httpcore-4.4.4.jar:/home/user/.m2/repository/commons-codec/commons-codec/1.11/commons-codec-1.11.jar:/home/user/.m2/repository/commons-net/commons-net/3.6/commons-net-3.6.jar:/home/user/.m2/repository/commons-collections/commons-collections/3.2.2/commons-collections-3.2.2.jar:/home/user/.m2/repository/org/eclipse/jetty/jetty-servlet/9.3.24.v20180605/jetty-servlet-9.3.24.v20180605.jar:/home/user/.m2/repository/org/eclipse/jetty/jetty-security/9.3.24.v20180605/jetty-security-9.3.24.v20180605.jar:/home/user/.m2/repository/javax/servlet/jsp/jsp-api/2.1/jsp-api-2.1.jar:/home/user/.m2/repository/com/sun/jersey/jersey-servlet/1.19/jersey-servlet-1.19.jar:/home/user/.m2/repository/com/sun/jersey/jersey-json/1.19/jersey-json-1.19.jar:/home/user/.m2/repository/org/codehaus/jettison/jettison/1.1/jettison-1.1.jar:/home/user/.m2/repository/org/codehaus/jackson/jackson-core-asl/1.9.13/jackson-core-asl-1.9.13.jar:/home/user/.m2/repository/org/codehaus/jackson/jackson-mapper-asl/1.9.13/jackson-mapper-asl-1.9.13.jar:/home/user/.m2/repository/org/codehaus/jackson/jackson-jaxrs/1.9.13/jackson-jaxrs-1.9.13.jar:/home/user/.m2/repository/org/codehaus/jackson/jackson-xc/1.9.13/jackson-xc-1.9.13.jar:/home/user/.m2/repository/commons-logging/commons-logging/1.1.3/commons-logging-1.1.3.jar:/home/user/.m2/repository/commons-beanutils/commons-beanutils/1.9.3/commons-beanutils-1.9.3.jar:/home/user/.m2/repository/org/apache/commons/commons-configuration2/2.1.1/commons-configuration2-2.1.1.jar:/home/user/.m2/repository/org/apache/commons/commons-lang3/3.7/commons-lang3-3.7.jar:/home/user/.m2/repository/org/apache/commons/commons-text/1.4/commons-text-1.4.jar:/home/user/.m2/repository/org/apache/avro/avro/1.7.7/avro-1.7.7.jar:/home/user/.m2/repository/com/thoughtworks/paranamer/paranamer/2.3/paranamer-2.3.jar:/home/user/.m2/repository/org/xerial/snappy/snappy-java/1.0.5/snappy-java-1.0.5.jar:/home/user/.m2/repository/com/google/re2j/re2j/1.1/re2j-1.1.jar:/home/user/.m2/repository/com/google/code/gson/gson/2.2.4/gson-2.2.4.jar:/home/user/.m2/repository/com/jcraft/jsch/0.1.54/jsch-0.1.54.jar:/home/user/.m2/repository/org/apache/curator/curator-client/2.12.0/curator-client-2.12.0.jar:/home/user/.m2/repository/org/apache/curator/curator-recipes/2.12.0/curator-recipes-2.12.0.jar:/home/user/.m2/repository/com/google/code/findbugs/jsr305/3.0.0/jsr305-3.0.0.jar:/home/user/.m2/repository/org/apache/htrace/htrace-core4/4.1.0-incubating/htrace-core4-4.1.0-incubating.jar:/home/user/.m2/repository/org/apache/zookeeper/zookeeper/3.4.13/zookeeper-3.4.13.jar:/home/user/.m2/repository/org/apache/yetus/audience-annotations/0.5.0/audience-annotations-0.5.0.jar:/home/user/.m2/repository/org/codehaus/woodstox/stax2-api/3.1.4/stax2-api-3.1.4.jar:/home/user/.m2/repository/com/fasterxml/woodstox/woodstox-core/5.0.3/woodstox-core-5.0.3.jar:/home/user/.m2/repository/dnsjava/dnsjava/2.1.7/dnsjava-2.1.7.jar:/home/user/.m2/repository/org/apache/hadoop/hadoop-hdfs/3.2.0/hadoop-hdfs-3.2.0-tests.jar:/home/user/.m2/repository/org/eclipse/jetty/jetty-util-ajax/9.3.24.v20180605/jetty-util-ajax-9.3.24.v20180605.jar:/home/user/.m2/repository/commons-daemon/commons-daemon/1.0.13/commons-daemon-1.0.13.jar:/home/user/.m2/repository/io/netty/netty/3.10.5.Final/netty-3.10.5.Final.jar:/home/user/.m2/repository/io/netty/netty-all/4.0.52.Final/netty-all-4.0.52.Final.jar:/home/user/.m2/repository/org/fusesource/leveldbjni/leveldbjni-all/1.8/leveldbjni-all-1.8.jar:"/>
    <property name="java.vm.vendor" value="IcedTea"/>
    <property name="sun.arch.data.model" value="64"/>
    <property name="test.build.dir" value="/workdir/hadoop-ozone/integration-test/target/test-dir"/>
    <property name="test.cache.data" value=""/>
    <property name="java.vendor.url" value="https://icedtea.classpath.org"/>
    <property name="user.timezone" value=""/>
    <property name="java.vm.specification.version" value="1.8"/>
    <property name="os.name" value="Linux"/>
    <property name="test.build.data" value="/workdir/hadoop-ozone/integration-test/target/test-dir"/>
    <property name="user.country" value="US"/>
    <property name="sun.java.launcher" value="SUN_STANDARD"/>
    <property name="sun.boot.library.path" value="/usr/lib/jvm/java-1.8-openjdk/jre/lib/amd64"/>
    <property name="sun.java.command" value="/workdir/hadoop-ozone/integration-test/target/surefire/surefirebooter4121675950723716476.jar /workdir/hadoop-ozone/integration-test/target/surefire 2019-08-20T14-25-26_043-jvmRun1 surefire609265848410306675tmp surefire_254636593509868988051tmp"/>
    <property name="surefire.test.class.path" value="/workdir/hadoop-ozone/integration-test/target/test-classes:/workdir/hadoop-ozone/integration-test/target/classes:/home/user/.m2/repository/org/apache/hadoop/hadoop-ozone-common/0.5.0-SNAPSHOT/hadoop-ozone-common-0.5.0-SNAPSHOT.jar:/home/user/.m2/repository/org/apache/commons/commons-compress/1.4.1/commons-compress-1.4.1.jar:/home/user/.m2/repository/org/tukaani/xz/1.0/xz-1.0.jar:/home/user/.m2/repository/org/apache/hadoop/hadoop-common/3.2.0/hadoop-common-3.2.0.jar:/home/user/.m2/repository/org/apache/hadoop/hadoop-hdfs/3.2.0/hadoop-hdfs-3.2.0.jar:/home/user/.m2/repository/org/apache/hadoop/hadoop-hdfs-client/3.2.0/hadoop-hdfs-client-3.2.0.jar:/home/user/.m2/repository/com/fasterxml/jackson/core/jackson-annotations/2.9.5/jackson-annotations-2.9.5.jar:/home/user/.m2/repository/org/apache/hadoop/hadoop-hdds-common/0.5.0-SNAPSHOT/hadoop-hdds-common-0.5.0-SNAPSHOT.jar:/home/user/.m2/repository/javax/annotation/javax.annotation-api/1.2/javax.annotation-api-1.2.jar:/home/user/.m2/repository/org/apache/ratis/ratis-server/0.4.0-2337318-SNAPSHOT/ratis-server-0.4.0-2337318-SNAPSHOT.jar:/home/user/.m2/repository/org/apache/ratis/ratis-thirdparty-misc/0.2.0/ratis-thirdparty-misc-0.2.0.jar:/home/user/.m2/repository/org/apache/ratis/ratis-proto/0.4.0-2337318-SNAPSHOT/ratis-proto-0.4.0-2337318-SNAPSHOT.jar:/home/user/.m2/repository/org/apache/ratis/ratis-common/0.4.0-2337318-SNAPSHOT/ratis-common-0.4.0-2337318-SNAPSHOT.jar:/home/user/.m2/repository/org/apache/ratis/ratis-client/0.4.0-2337318-SNAPSHOT/ratis-client-0.4.0-2337318-SNAPSHOT.jar:/home/user/.m2/repository/org/apache/ratis/ratis-metrics/0.4.0-2337318-SNAPSHOT/ratis-metrics-0.4.0-2337318-SNAPSHOT.jar:/home/user/.m2/repository/org/apache/ratis/ratis-netty/0.4.0-2337318-SNAPSHOT/ratis-netty-0.4.0-2337318-SNAPSHOT.jar:/home/user/.m2/repository/org/apache/ratis/ratis-grpc/0.4.0-2337318-SNAPSHOT/ratis-grpc-0.4.0-2337318-SNAPSHOT.jar:/home/user/.m2/repository/org/rocksdb/rocksdbjni/6.0.1/rocksdbjni-6.0.1.jar:/home/user/.m2/repository/org/apache/logging/log4j/log4j-api/2.11.0/log4j-api-2.11.0.jar:/home/user/.m2/repository/org/apache/logging/log4j/log4j-core/2.11.0/log4j-core-2.11.0.jar:/home/user/.m2/repository/com/lmax/disruptor/3.4.2/disruptor-3.4.2.jar:/home/user/.m2/repository/org/apache/commons/commons-pool2/2.6.0/commons-pool2-2.6.0.jar:/home/user/.m2/repository/org/bouncycastle/bcpkix-jdk15on/1.60/bcpkix-jdk15on-1.60.jar:/home/user/.m2/repository/commons-validator/commons-validator/1.6/commons-validator-1.6.jar:/home/user/.m2/repository/commons-digester/commons-digester/1.8.1/commons-digester-1.8.1.jar:/home/user/.m2/repository/io/jaegertracing/jaeger-client/0.33.1/jaeger-client-0.33.1.jar:/home/user/.m2/repository/io/jaegertracing/jaeger-thrift/0.33.1/jaeger-thrift-0.33.1.jar:/home/user/.m2/repository/org/apache/thrift/libthrift/0.11.0/libthrift-0.11.0.jar:/home/user/.m2/repository/com/squareup/okhttp3/okhttp/3.9.0/okhttp-3.9.0.jar:/home/user/.m2/repository/com/squareup/okio/okio/1.13.0/okio-1.13.0.jar:/home/user/.m2/repository/io/jaegertracing/jaeger-core/0.33.1/jaeger-core-0.33.1.jar:/home/user/.m2/repository/io/jaegertracing/jaeger-tracerresolver/0.33.1/jaeger-tracerresolver-0.33.1.jar:/home/user/.m2/repository/io/opentracing/contrib/opentracing-tracerresolver/0.1.5/opentracing-tracerresolver-0.1.5.jar:/home/user/.m2/repository/io/opentracing/opentracing-util/0.31.0/opentracing-util-0.31.0.jar:/home/user/.m2/repository/io/opentracing/opentracing-api/0.31.0/opentracing-api-0.31.0.jar:/home/user/.m2/repository/io/opentracing/opentracing-noop/0.31.0/opentracing-noop-0.31.0.jar:/home/user/.m2/repository/org/apache/hadoop/hadoop-hdds-server-framework/0.5.0-SNAPSHOT/hadoop-hdds-server-framework-0.5.0-SNAPSHOT.jar:/home/user/.m2/repository/org/apache/hadoop/hadoop-hdds-container-service/0.5.0-SNAPSHOT/hadoop-hdds-container-service-0.5.0-SNAPSHOT.jar:/home/user/.m2/repository/org/apache/hadoop/hadoop-hdds-client/0.5.0-SNAPSHOT/hadoop-hdds-client-0.5.0-SNAPSHOT.jar:/home/user/.m2/repository/org/apache/hadoop/hadoop-hdds-tools/0.5.0-SNAPSHOT/hadoop-hdds-tools-0.5.0-SNAPSHOT.jar:/home/user/.m2/repository/org/apache/hadoop/hadoop-hdds-server-scm/0.5.0-SNAPSHOT/hadoop-hdds-server-scm-0.5.0-SNAPSHOT.jar:/home/user/.m2/repository/org/apache/hadoop/hadoop-hdds-docs/0.5.0-SNAPSHOT/hadoop-hdds-docs-0.5.0-SNAPSHOT.jar:/home/user/.m2/repository/io/dropwizard/metrics/metrics-core/3.2.4/metrics-core-3.2.4.jar:/home/user/.m2/repository/org/hamcrest/hamcrest-all/1.3/hamcrest-all-1.3.jar:/home/user/.m2/repository/org/bouncycastle/bcprov-jdk15on/1.60/bcprov-jdk15on-1.60.jar:/home/user/.m2/repository/info/picocli/picocli/3.9.6/picocli-3.9.6.jar:/home/user/.m2/repository/com/google/protobuf/protobuf-java/2.5.0/protobuf-java-2.5.0.jar:/home/user/.m2/repository/com/google/guava/guava/11.0.2/guava-11.0.2.jar:/home/user/.m2/repository/org/apache/hadoop/hadoop-ozone-ozone-manager/0.5.0-SNAPSHOT/hadoop-ozone-ozone-manager-0.5.0-SNAPSHOT.jar:/home/user/.m2/repository/org/apache/hadoop/hadoop-minikdc/3.2.0/hadoop-minikdc-3.2.0.jar:/home/user/.m2/repository/commons-io/commons-io/2.5/commons-io-2.5.jar:/home/user/.m2/repository/org/apache/kerby/kerb-simplekdc/1.0.1/kerb-simplekdc-1.0.1.jar:/home/user/.m2/repository/org/apache/kerby/kerb-client/1.0.1/kerb-client-1.0.1.jar:/home/user/.m2/repository/org/apache/kerby/kerby-config/1.0.1/kerby-config-1.0.1.jar:/home/user/.m2/repository/org/apache/kerby/kerb-core/1.0.1/kerb-core-1.0.1.jar:/home/user/.m2/repository/org/apache/kerby/kerby-pkix/1.0.1/kerby-pkix-1.0.1.jar:/home/user/.m2/repository/org/apache/kerby/kerby-asn1/1.0.1/kerby-asn1-1.0.1.jar:/home/user/.m2/repository/org/apache/kerby/kerby-util/1.0.1/kerby-util-1.0.1.jar:/home/user/.m2/repository/org/apache/kerby/kerb-common/1.0.1/kerb-common-1.0.1.jar:/home/user/.m2/repository/org/apache/kerby/kerb-crypto/1.0.1/kerb-crypto-1.0.1.jar:/home/user/.m2/repository/org/apache/kerby/kerb-util/1.0.1/kerb-util-1.0.1.jar:/home/user/.m2/repository/org/apache/kerby/token-provider/1.0.1/token-provider-1.0.1.jar:/home/user/.m2/repository/org/apache/kerby/kerb-admin/1.0.1/kerb-admin-1.0.1.jar:/home/user/.m2/repository/org/apache/kerby/kerb-server/1.0.1/kerb-server-1.0.1.jar:/home/user/.m2/repository/org/apache/kerby/kerb-identity/1.0.1/kerb-identity-1.0.1.jar:/home/user/.m2/repository/org/apache/kerby/kerby-xdr/1.0.1/kerby-xdr-1.0.1.jar:/home/user/.m2/repository/org/slf4j/slf4j-log4j12/1.7.25/slf4j-log4j12-1.7.25.jar:/home/user/.m2/repository/org/apache/hadoop/hadoop-ozone-objectstore-service/0.5.0-SNAPSHOT/hadoop-ozone-objectstore-service-0.5.0-SNAPSHOT.jar:/home/user/.m2/repository/org/apache/hadoop/hadoop-ozone-s3gateway/0.5.0-SNAPSHOT/hadoop-ozone-s3gateway-0.5.0-SNAPSHOT.jar:/home/user/.m2/repository/org/jboss/weld/servlet/weld-servlet/2.4.7.Final/weld-servlet-2.4.7.Final.jar:/home/user/.m2/repository/org/glassfish/jersey/containers/jersey-container-servlet-core/2.27/jersey-container-servlet-core-2.27.jar:/home/user/.m2/repository/org/glassfish/hk2/external/javax.inject/2.5.0-b42/javax.inject-2.5.0-b42.jar:/home/user/.m2/repository/org/glassfish/jersey/core/jersey-common/2.27/jersey-common-2.27.jar:/home/user/.m2/repository/org/glassfish/hk2/osgi-resource-locator/1.0.1/osgi-resource-locator-1.0.1.jar:/home/user/.m2/repository/javax/ws/rs/javax.ws.rs-api/2.1/javax.ws.rs-api-2.1.jar:/home/user/.m2/repository/org/glassfish/jersey/ext/cdi/jersey-cdi1x/2.27/jersey-cdi1x-2.27.jar:/home/user/.m2/repository/org/glassfish/jersey/inject/jersey-hk2/2.27/jersey-hk2-2.27.jar:/home/user/.m2/repository/org/glassfish/hk2/hk2-locator/2.5.0-b42/hk2-locator-2.5.0-b42.jar:/home/user/.m2/repository/org/javassist/javassist/3.22.0-CR2/javassist-3.22.0-CR2.jar:/home/user/.m2/repository/org/glassfish/hk2/hk2-api/2.5.0/hk2-api-2.5.0.jar:/home/user/.m2/repository/org/glassfish/hk2/external/jakarta.inject/2.5.0/jakarta.inject-2.5.0.jar:/home/user/.m2/repository/org/glassfish/hk2/hk2-utils/2.5.0/hk2-utils-2.5.0.jar:/home/user/.m2/repository/jakarta/annotation/jakarta.annotation-api/1.3.4/jakarta.annotation-api-1.3.4.jar:/home/user/.m2/repository/org/glassfish/hk2/external/aopalliance-repackaged/2.5.0/aopalliance-repackaged-2.5.0.jar:/home/user/.m2/repository/com/fasterxml/jackson/dataformat/jackson-dataformat-xml/2.9.0/jackson-dataformat-xml-2.9.0.jar:/home/user/.m2/repository/com/fasterxml/jackson/core/jackson-core/2.9.5/jackson-core-2.9.5.jar:/home/user/.m2/repository/com/fasterxml/jackson/module/jackson-module-jaxb-annotations/2.9.5/jackson-module-jaxb-annotations-2.9.5.jar:/home/user/.m2/repository/javax/enterprise/cdi-api/1.2/cdi-api-1.2.jar:/home/user/.m2/repository/javax/el/javax.el-api/3.0.0/javax.el-api-3.0.0.jar:/home/user/.m2/repository/javax/interceptor/javax.interceptor-api/1.2/javax.interceptor-api-1.2.jar:/home/user/.m2/repository/javax/inject/javax.inject/1/javax.inject-1.jar:/home/user/.m2/repository/com/sun/xml/bind/jaxb-impl/2.3.0.1/jaxb-impl-2.3.0.1.jar:/home/user/.m2/repository/com/sun/xml/bind/jaxb-core/2.3.0.1/jaxb-core-2.3.0.1.jar:/home/user/.m2/repository/javax/xml/bind/jaxb-api/2.3.0/jaxb-api-2.3.0.jar:/home/user/.m2/repository/javax/activation/activation/1.1.1/activation-1.1.1.jar:/home/user/.m2/repository/org/apache/hadoop/hadoop-ozone-csi/0.5.0-SNAPSHOT/hadoop-ozone-csi-0.5.0-SNAPSHOT.jar:/home/user/.m2/repository/com/google/protobuf/protobuf-java-util/3.5.1/protobuf-java-util-3.5.1.jar:/home/user/.m2/repository/org/apache/hadoop/hadoop-hdds-config/0.5.0-SNAPSHOT/hadoop-hdds-config-0.5.0-SNAPSHOT.jar:/home/user/.m2/repository/io/grpc/grpc-netty/1.17.1/grpc-netty-1.17.1.jar:/home/user/.m2/repository/io/grpc/grpc-core/1.17.1/grpc-core-1.17.1.jar:/home/user/.m2/repository/io/grpc/grpc-context/1.17.1/grpc-context-1.17.1.jar:/home/user/.m2/repository/com/google/errorprone/error_prone_annotations/2.2.0/error_prone_annotations-2.2.0.jar:/home/user/.m2/repository/org/codehaus/mojo/animal-sniffer-annotations/1.17/animal-sniffer-annotations-1.17.jar:/home/user/.m2/repository/io/opencensus/opencensus-api/0.17.0/opencensus-api-0.17.0.jar:/home/user/.m2/repository/io/opencensus/opencensus-contrib-grpc-metrics/0.17.0/opencensus-contrib-grpc-metrics-0.17.0.jar:/home/user/.m2/repository/io/netty/netty-codec-http2/4.1.30.Final/netty-codec-http2-4.1.30.Final.jar:/home/user/.m2/repository/io/netty/netty-codec-http/4.1.30.Final/netty-codec-http-4.1.30.Final.jar:/home/user/.m2/repository/io/netty/netty-codec/4.1.30.Final/netty-codec-4.1.30.Final.jar:/home/user/.m2/repository/io/netty/netty-handler/4.1.30.Final/netty-handler-4.1.30.Final.jar:/home/user/.m2/repository/io/netty/netty-handler-proxy/4.1.30.Final/netty-handler-proxy-4.1.30.Final.jar:/home/user/.m2/repository/io/netty/netty-codec-socks/4.1.30.Final/netty-codec-socks-4.1.30.Final.jar:/home/user/.m2/repository/io/netty/netty-transport-native-epoll/4.1.30.Final/netty-transport-native-epoll-4.1.30.Final.jar:/home/user/.m2/repository/io/netty/netty-common/4.1.30.Final/netty-common-4.1.30.Final.jar:/home/user/.m2/repository/io/netty/netty-buffer/4.1.30.Final/netty-buffer-4.1.30.Final.jar:/home/user/.m2/repository/io/netty/netty-transport/4.1.30.Final/netty-transport-4.1.30.Final.jar:/home/user/.m2/repository/io/netty/netty-resolver/4.1.30.Final/netty-resolver-4.1.30.Final.jar:/home/user/.m2/repository/io/netty/netty-transport-native-unix-common/4.1.30.Final/netty-transport-native-unix-common-4.1.30.Final.jar:/home/user/.m2/repository/io/grpc/grpc-protobuf/1.17.1/grpc-protobuf-1.17.1.jar:/home/user/.m2/repository/com/google/api/grpc/proto-google-common-protos/1.0.0/proto-google-common-protos-1.0.0.jar:/home/user/.m2/repository/io/grpc/grpc-protobuf-lite/1.17.1/grpc-protobuf-lite-1.17.1.jar:/home/user/.m2/repository/io/grpc/grpc-stub/1.17.1/grpc-stub-1.17.1.jar:/home/user/.m2/repository/org/apache/hadoop/hadoop-ozone-recon/0.5.0-SNAPSHOT/hadoop-ozone-recon-0.5.0-SNAPSHOT.jar:/home/user/.m2/repository/org/apache/hadoop/hadoop-ozone-reconcodegen/0.5.0-SNAPSHOT/hadoop-ozone-reconcodegen-0.5.0-SNAPSHOT.jar:/home/user/.m2/repository/com/google/inject/extensions/guice-multibindings/4.0/guice-multibindings-4.0.jar:/home/user/.m2/repository/com/google/inject/guice/4.0/guice-4.0.jar:/home/user/.m2/repository/aopalliance/aopalliance/1.0/aopalliance-1.0.jar:/home/user/.m2/repository/com/google/inject/extensions/guice-servlet/4.0/guice-servlet-4.0.jar:/home/user/.m2/repository/org/glassfish/jersey/containers/jersey-container-servlet/2.27/jersey-container-servlet-2.27.jar:/home/user/.m2/repository/org/glassfish/hk2/guice-bridge/2.5.0/guice-bridge-2.5.0.jar:/home/user/.m2/repository/org/glassfish/jersey/core/jersey-server/2.27/jersey-server-2.27.jar:/home/user/.m2/repository/org/glassfish/jersey/core/jersey-client/2.27/jersey-client-2.27.jar:/home/user/.m2/repository/org/glassfish/jersey/media/jersey-media-jaxb/2.27/jersey-media-jaxb-2.27.jar:/home/user/.m2/repository/javax/validation/validation-api/1.1.0.Final/validation-api-1.1.0.Final.jar:/home/user/.m2/repository/org/glassfish/jersey/media/jersey-media-json-jackson/2.27/jersey-media-json-jackson-2.27.jar:/home/user/.m2/repository/org/glassfish/jersey/ext/jersey-entity-filtering/2.27/jersey-entity-filtering-2.27.jar:/home/user/.m2/repository/com/google/inject/extensions/guice-assistedinject/4.0/guice-assistedinject-4.0.jar:/home/user/.m2/repository/org/jooq/jooq/3.11.10/jooq-3.11.10.jar:/home/user/.m2/repository/org/jooq/jooq-meta/3.11.10/jooq-meta-3.11.10.jar:/home/user/.m2/repository/org/jooq/jooq-codegen/3.11.10/jooq-codegen-3.11.10.jar:/home/user/.m2/repository/com/jolbox/bonecp/0.8.0.RELEASE/bonecp-0.8.0.RELEASE.jar:/home/user/.m2/repository/org/xerial/sqlite-jdbc/3.25.2/sqlite-jdbc-3.25.2.jar:/home/user/.m2/repository/org/springframework/spring-jdbc/5.1.3.RELEASE/spring-jdbc-5.1.3.RELEASE.jar:/home/user/.m2/repository/org/springframework/spring-beans/5.1.3.RELEASE/spring-beans-5.1.3.RELEASE.jar:/home/user/.m2/repository/org/springframework/spring-core/5.1.3.RELEASE/spring-core-5.1.3.RELEASE.jar:/home/user/.m2/repository/org/springframework/spring-jcl/5.1.3.RELEASE/spring-jcl-5.1.3.RELEASE.jar:/home/user/.m2/repository/org/springframework/spring-tx/5.1.3.RELEASE/spring-tx-5.1.3.RELEASE.jar:/home/user/.m2/repository/org/apache/hadoop/hadoop-ozone-client/0.5.0-SNAPSHOT/hadoop-ozone-client-0.5.0-SNAPSHOT.jar:/home/user/.m2/repository/commons-lang/commons-lang/2.6/commons-lang-2.6.jar:/home/user/.m2/repository/org/apache/hadoop/hadoop-ozone-ozone-manager/0.5.0-SNAPSHOT/hadoop-ozone-ozone-manager-0.5.0-SNAPSHOT-tests.jar:/home/user/.m2/repository/junit/junit/4.11/junit-4.11.jar:/home/user/.m2/repository/org/hamcrest/hamcrest-core/1.3/hamcrest-core-1.3.jar:/home/user/.m2/repository/org/openjdk/jmh/jmh-core/1.19/jmh-core-1.19.jar:/home/user/.m2/repository/net/sf/jopt-simple/jopt-simple/4.6/jopt-simple-4.6.jar:/home/user/.m2/repository/org/apache/commons/commons-math3/3.1.1/commons-math3-3.1.1.jar:/home/user/.m2/repository/org/openjdk/jmh/jmh-generator-annprocess/1.19/jmh-generator-annprocess-1.19.jar:/home/user/.m2/repository/org/mockito/mockito-all/1.8.5/mockito-all-1.8.5.jar:/home/user/.m2/repository/org/apache/hadoop/hadoop-kms/3.2.0/hadoop-kms-3.2.0.jar:/home/user/.m2/repository/org/apache/hadoop/hadoop-auth/3.2.0/hadoop-auth-3.2.0.jar:/home/user/.m2/repository/com/nimbusds/nimbus-jose-jwt/4.41.1/nimbus-jose-jwt-4.41.1.jar:/home/user/.m2/repository/com/github/stephenc/jcip/jcip-annotations/1.0-1/jcip-annotations-1.0-1.jar:/home/user/.m2/repository/net/minidev/json-smart/2.3/json-smart-2.3.jar:/home/user/.m2/repository/net/minidev/accessors-smart/1.2/accessors-smart-1.2.jar:/home/user/.m2/repository/org/ow2/asm/asm/5.0.4/asm-5.0.4.jar:/home/user/.m2/repository/org/apache/curator/curator-framework/2.12.0/curator-framework-2.12.0.jar:/home/user/.m2/repository/com/sun/jersey/jersey-core/1.19/jersey-core-1.19.jar:/home/user/.m2/repository/javax/ws/rs/jsr311-api/1.1.1/jsr311-api-1.1.1.jar:/home/user/.m2/repository/com/sun/jersey/jersey-server/1.19/jersey-server-1.19.jar:/home/user/.m2/repository/javax/servlet/javax.servlet-api/3.1.0/javax.servlet-api-3.1.0.jar:/home/user/.m2/repository/org/eclipse/jetty/jetty-server/9.3.24.v20180605/jetty-server-9.3.24.v20180605.jar:/home/user/.m2/repository/org/eclipse/jetty/jetty-http/9.3.24.v20180605/jetty-http-9.3.24.v20180605.jar:/home/user/.m2/repository/org/eclipse/jetty/jetty-io/9.3.24.v20180605/jetty-io-9.3.24.v20180605.jar:/home/user/.m2/repository/org/eclipse/jetty/jetty-webapp/9.3.24.v20180605/jetty-webapp-9.3.24.v20180605.jar:/home/user/.m2/repository/org/eclipse/jetty/jetty-xml/9.3.24.v20180605/jetty-xml-9.3.24.v20180605.jar:/home/user/.m2/repository/log4j/log4j/1.2.17/log4j-1.2.17.jar:/home/user/.m2/repository/org/slf4j/slf4j-api/1.7.25/slf4j-api-1.7.25.jar:/home/user/.m2/repository/org/slf4j/jul-to-slf4j/1.7.25/jul-to-slf4j-1.7.25.jar:/home/user/.m2/repository/org/eclipse/jetty/jetty-util/9.3.24.v20180605/jetty-util-9.3.24.v20180605.jar:/home/user/.m2/repository/com/fasterxml/jackson/core/jackson-databind/2.9.5/jackson-databind-2.9.5.jar:/home/user/.m2/repository/org/apache/hadoop/hadoop-kms/3.2.0/hadoop-kms-3.2.0-tests.jar:/home/user/.m2/repository/org/apache/hadoop/hadoop-hdds-server-scm/0.5.0-SNAPSHOT/hadoop-hdds-server-scm-0.5.0-SNAPSHOT-tests.jar:/home/user/.m2/repository/org/apache/hadoop/hadoop-hdds-container-service/0.5.0-SNAPSHOT/hadoop-hdds-container-service-0.5.0-SNAPSHOT-tests.jar:/home/user/.m2/repository/org/yaml/snakeyaml/1.16/snakeyaml-1.16.jar:/home/user/.m2/repository/org/apache/hadoop/hadoop-common/3.2.0/hadoop-common-3.2.0-tests.jar:/home/user/.m2/repository/org/apache/hadoop/hadoop-annotations/3.2.0/hadoop-annotations-3.2.0.jar:/usr/lib/jvm/java-1.8-openjdk/jre/../lib/tools.jar:/home/user/.m2/repository/commons-cli/commons-cli/1.2/commons-cli-1.2.jar:/home/user/.m2/repository/org/apache/httpcomponents/httpclient/4.5.2/httpclient-4.5.2.jar:/home/user/.m2/repository/org/apache/httpcomponents/httpcore/4.4.4/httpcore-4.4.4.jar:/home/user/.m2/repository/commons-codec/commons-codec/1.11/commons-codec-1.11.jar:/home/user/.m2/repository/commons-net/commons-net/3.6/commons-net-3.6.jar:/home/user/.m2/repository/commons-collections/commons-collections/3.2.2/commons-collections-3.2.2.jar:/home/user/.m2/repository/org/eclipse/jetty/jetty-servlet/9.3.24.v20180605/jetty-servlet-9.3.24.v20180605.jar:/home/user/.m2/repository/org/eclipse/jetty/jetty-security/9.3.24.v20180605/jetty-security-9.3.24.v20180605.jar:/home/user/.m2/repository/javax/servlet/jsp/jsp-api/2.1/jsp-api-2.1.jar:/home/user/.m2/repository/com/sun/jersey/jersey-servlet/1.19/jersey-servlet-1.19.jar:/home/user/.m2/repository/com/sun/jersey/jersey-json/1.19/jersey-json-1.19.jar:/home/user/.m2/repository/org/codehaus/jettison/jettison/1.1/jettison-1.1.jar:/home/user/.m2/repository/org/codehaus/jackson/jackson-core-asl/1.9.13/jackson-core-asl-1.9.13.jar:/home/user/.m2/repository/org/codehaus/jackson/jackson-mapper-asl/1.9.13/jackson-mapper-asl-1.9.13.jar:/home/user/.m2/repository/org/codehaus/jackson/jackson-jaxrs/1.9.13/jackson-jaxrs-1.9.13.jar:/home/user/.m2/repository/org/codehaus/jackson/jackson-xc/1.9.13/jackson-xc-1.9.13.jar:/home/user/.m2/repository/commons-logging/commons-logging/1.1.3/commons-logging-1.1.3.jar:/home/user/.m2/repository/commons-beanutils/commons-beanutils/1.9.3/commons-beanutils-1.9.3.jar:/home/user/.m2/repository/org/apache/commons/commons-configuration2/2.1.1/commons-configuration2-2.1.1.jar:/home/user/.m2/repository/org/apache/commons/commons-lang3/3.7/commons-lang3-3.7.jar:/home/user/.m2/repository/org/apache/commons/commons-text/1.4/commons-text-1.4.jar:/home/user/.m2/repository/org/apache/avro/avro/1.7.7/avro-1.7.7.jar:/home/user/.m2/repository/com/thoughtworks/paranamer/paranamer/2.3/paranamer-2.3.jar:/home/user/.m2/repository/org/xerial/snappy/snappy-java/1.0.5/snappy-java-1.0.5.jar:/home/user/.m2/repository/com/google/re2j/re2j/1.1/re2j-1.1.jar:/home/user/.m2/repository/com/google/code/gson/gson/2.2.4/gson-2.2.4.jar:/home/user/.m2/repository/com/jcraft/jsch/0.1.54/jsch-0.1.54.jar:/home/user/.m2/repository/org/apache/curator/curator-client/2.12.0/curator-client-2.12.0.jar:/home/user/.m2/repository/org/apache/curator/curator-recipes/2.12.0/curator-recipes-2.12.0.jar:/home/user/.m2/repository/com/google/code/findbugs/jsr305/3.0.0/jsr305-3.0.0.jar:/home/user/.m2/repository/org/apache/htrace/htrace-core4/4.1.0-incubating/htrace-core4-4.1.0-incubating.jar:/home/user/.m2/repository/org/apache/zookeeper/zookeeper/3.4.13/zookeeper-3.4.13.jar:/home/user/.m2/repository/org/apache/yetus/audience-annotations/0.5.0/audience-annotations-0.5.0.jar:/home/user/.m2/repository/org/codehaus/woodstox/stax2-api/3.1.4/stax2-api-3.1.4.jar:/home/user/.m2/repository/com/fasterxml/woodstox/woodstox-core/5.0.3/woodstox-core-5.0.3.jar:/home/user/.m2/repository/dnsjava/dnsjava/2.1.7/dnsjava-2.1.7.jar:/home/user/.m2/repository/org/apache/hadoop/hadoop-hdfs/3.2.0/hadoop-hdfs-3.2.0-tests.jar:/home/user/.m2/repository/org/eclipse/jetty/jetty-util-ajax/9.3.24.v20180605/jetty-util-ajax-9.3.24.v20180605.jar:/home/user/.m2/repository/commons-daemon/commons-daemon/1.0.13/commons-daemon-1.0.13.jar:/home/user/.m2/repository/io/netty/netty/3.10.5.Final/netty-3.10.5.Final.jar:/home/user/.m2/repository/io/netty/netty-all/4.0.52.Final/netty-all-4.0.52.Final.jar:/home/user/.m2/repository/org/fusesource/leveldbjni/leveldbjni-all/1.8/leveldbjni-all-1.8.jar:"/>
    <property name="sun.cpu.endian" value="little"/>
    <property name="user.home" value="/home/user"/>
    <property name="user.language" value="en"/>
    <property name="java.specification.vendor" value="Oracle Corporation"/>
    <property name="java.home" value="/usr/lib/jvm/java-1.8-openjdk/jre"/>
    <property name="java.security.krb5.conf" value="/workdir/hadoop-ozone/integration-test/target/test-classes/krb5.conf"/>
    <property name="basedir" value="/workdir/hadoop-ozone/integration-test"/>
    <property name="file.separator" value="/"/>
    <property name="line.separator" value="&#10;"/>
    <property name="java.vm.specification.vendor" value="Oracle Corporation"/>
    <property name="java.specification.name" value="Java Platform API Specification"/>
    <property name="java.awt.graphicsenv" value="sun.awt.X11GraphicsEnvironment"/>
    <property name="surefire.real.class.path" value="/workdir/hadoop-ozone/integration-test/target/surefire/surefirebooter4121675950723716476.jar"/>
    <property name="hadoop.log.dir" value="/workdir/hadoop-ozone/integration-test/target/log"/>
    <property name="sun.boot.class.path" value="/usr/lib/jvm/java-1.8-openjdk/jre/lib/resources.jar:/usr/lib/jvm/java-1.8-openjdk/jre/lib/rt.jar:/usr/lib/jvm/java-1.8-openjdk/jre/lib/sunrsasign.jar:/usr/lib/jvm/java-1.8-openjdk/jre/lib/jsse.jar:/usr/lib/jvm/java-1.8-openjdk/jre/lib/jce.jar:/usr/lib/jvm/java-1.8-openjdk/jre/lib/charsets.jar:/usr/lib/jvm/java-1.8-openjdk/jre/lib/jfr.jar:/usr/lib/jvm/java-1.8-openjdk/jre/classes"/>
    <property name="sun.management.compiler" value="HotSpot 64-Bit Tiered Compilers"/>
    <property name="java.runtime.version" value="1.8.0_212-b04"/>
    <property name="java.net.preferIPv4Stack" value="true"/>
    <property name="user.name" value="jenkins1000"/>
    <property name="path.separator" value=":"/>
    <property name="java.security.egd" value="file:///dev/urandom"/>
    <property name="os.version" value="3.10.0-957.12.2.el7.x86_64"/>
    <property name="java.endorsed.dirs" value="/usr/lib/jvm/java-1.8-openjdk/jre/lib/endorsed"/>
    <property name="java.runtime.name" value="OpenJDK Runtime Environment"/>
    <property name="file.encoding" value="UTF-8"/>
    <property name="java.vm.name" value="OpenJDK 64-Bit Server VM"/>
    <property name="test.build.webapps" value=""/>
    <property name="localRepository" value="/home/user/.m2/repository"/>
    <property name="java.vendor.url.bug" value="https://icedtea.classpath.org/bugzilla"/>
    <property name="java.io.tmpdir" value="/tmp"/>
    <property name="require.test.libhadoop" value=""/>
    <property name="java.version" value="1.8.0_212"/>
    <property name="user.dir" value="/workdir/hadoop-ozone/integration-test"/>
    <property name="os.arch" value="amd64"/>
    <property name="java.vm.specification.name" value="Java Virtual Machine Specification"/>
    <property name="test.build.classes" value="/workdir/hadoop-ozone/integration-test/target/test-classes"/>
    <property name="java.awt.printerjob" value="sun.print.PSPrinterJob"/>
    <property name="sun.os.patch.level" value="unknown"/>
    <property name="hadoop.tmp.dir" value="/workdir/hadoop-ozone/integration-test/target/tmp"/>
    <property name="java.library.path" value="/usr/lib/jvm/java-1.8-openjdk/jre/lib/amd64/server:/usr/lib/jvm/java-1.8-openjdk/jre/lib/amd64:/usr/lib/jvm/java-1.8-openjdk/jre/../lib/amd64:/workdir/hadoop-ozone/integration-test/target/native/target/usr/local/lib:/workdir/hadoop-ozone/integration-test/../../hadoop-common-project/hadoop-common/target/native/target/usr/local/lib:/usr/java/packages/lib/amd64:/usr/lib64:/lib64:/lib:/usr/lib"/>
    <property name="java.vm.info" value="mixed mode"/>
    <property name="java.vendor" value="IcedTea"/>
    <property name="java.vm.version" value="25.212-b04"/>
    <property name="java.ext.dirs" value="/usr/lib/jvm/java-1.8-openjdk/jre/lib/ext:/usr/java/packages/lib/ext"/>
    <property name="sun.io.unicode.encoding" value="UnicodeLittle"/>
    <property name="java.class.version" value="52.0"/>
  </properties>
  <testcase name="test2WayCommitForRetryfailure" classname="org.apache.hadoop.ozone.client.rpc.Test2WayCommitInRatis" time="41.233">
    <error message="org.apache.ratis.protocol.RaftRetryFailureException: Failed RaftClientRequest:client-60CE66D7186E-&gt;9adc419d-8c51-46c2-afa7-2a9543020ca3@group-549927422985, cid=14, seq=2*, RW, org.apache.hadoop.hdds.scm.XceiverClientRatis$$Lambda$301/11529827@23410c16 for 20 attempts with RetryLimited(maxAttempts=20, sleepTime=1000ms)" type="java.util.concurrent.ExecutionException">java.util.concurrent.ExecutionException: org.apache.ratis.protocol.RaftRetryFailureException: Failed RaftClientRequest:client-60CE66D7186E->9adc419d-8c51-46c2-afa7-2a9543020ca3@group-549927422985, cid=14, seq=2*, RW, org.apache.hadoop.hdds.scm.XceiverClientRatis$$Lambda$301/11529827@23410c16 for 20 attempts with RetryLimited(maxAttempts=20, sleepTime=1000ms)
	at java.util.concurrent.CompletableFuture.reportGet(CompletableFuture.java:357)
	at java.util.concurrent.CompletableFuture.get(CompletableFuture.java:1895)
	at org.apache.hadoop.ozone.client.rpc.Test2WayCommitInRatis.test2WayCommitForRetryfailure(Test2WayCommitInRatis.java:144)
	at sun.reflect.NativeMethodAccessorImpl.invoke0(Native Method)
	at sun.reflect.NativeMethodAccessorImpl.invoke(NativeMethodAccessorImpl.java:62)
	at sun.reflect.DelegatingMethodAccessorImpl.invoke(DelegatingMethodAccessorImpl.java:43)
	at java.lang.reflect.Method.invoke(Method.java:498)
	at org.junit.runners.model.FrameworkMethod$1.runReflectiveCall(FrameworkMethod.java:47)
	at org.junit.internal.runners.model.ReflectiveCallable.run(ReflectiveCallable.java:12)
	at org.junit.runners.model.FrameworkMethod.invokeExplosively(FrameworkMethod.java:44)
	at org.junit.internal.runners.statements.InvokeMethod.evaluate(InvokeMethod.java:17)
	at org.junit.runners.ParentRunner.runLeaf(ParentRunner.java:271)
	at org.junit.runners.BlockJUnit4ClassRunner.runChild(BlockJUnit4ClassRunner.java:70)
	at org.junit.runners.BlockJUnit4ClassRunner.runChild(BlockJUnit4ClassRunner.java:50)
	at org.junit.runners.ParentRunner$3.run(ParentRunner.java:238)
	at org.junit.runners.ParentRunner$1.schedule(ParentRunner.java:63)
	at org.junit.runners.ParentRunner.runChildren(ParentRunner.java:236)
	at org.junit.runners.ParentRunner.access$000(ParentRunner.java:53)
	at org.junit.runners.ParentRunner$2.evaluate(ParentRunner.java:229)
	at org.junit.runners.ParentRunner.run(ParentRunner.java:309)
	at org.apache.maven.surefire.junit4.JUnit4Provider.execute(JUnit4Provider.java:365)
	at org.apache.maven.surefire.junit4.JUnit4Provider.executeWithRerun(JUnit4Provider.java:273)
	at org.apache.maven.surefire.junit4.JUnit4Provider.executeTestSet(JUnit4Provider.java:238)
	at org.apache.maven.surefire.junit4.JUnit4Provider.invoke(JUnit4Provider.java:159)
	at org.apache.maven.surefire.booter.ForkedBooter.invokeProviderInSameClassLoader(ForkedBooter.java:384)
	at org.apache.maven.surefire.booter.ForkedBooter.runSuitesInProcess(ForkedBooter.java:345)
	at org.apache.maven.surefire.booter.ForkedBooter.execute(ForkedBooter.java:126)
	at org.apache.maven.surefire.booter.ForkedBooter.main(ForkedBooter.java:418)
Caused by: org.apache.ratis.protocol.RaftRetryFailureException: Failed RaftClientRequest:client-60CE66D7186E->9adc419d-8c51-46c2-afa7-2a9543020ca3@group-549927422985, cid=14, seq=2*, RW, org.apache.hadoop.hdds.scm.XceiverClientRatis$$Lambda$301/11529827@23410c16 for 20 attempts with RetryLimited(maxAttempts=20, sleepTime=1000ms)
	at org.apache.ratis.client.impl.RaftClientImpl.noMoreRetries(RaftClientImpl.java:272)
	at org.apache.ratis.client.impl.OrderedAsync.handleAsyncRetryFailure(OrderedAsync.java:138)
	at org.apache.ratis.client.impl.OrderedAsync.lambda$sendRequest$10(OrderedAsync.java:230)
	at java.util.concurrent.CompletableFuture.uniExceptionally(CompletableFuture.java:870)
	at java.util.concurrent.CompletableFuture$UniExceptionally.tryFire(CompletableFuture.java:852)
	at java.util.concurrent.CompletableFuture.postComplete(CompletableFuture.java:474)
	at java.util.concurrent.CompletableFuture.completeExceptionally(CompletableFuture.java:1977)
	at org.apache.ratis.grpc.client.GrpcClientProtocolClient$AsyncStreamObservers.completeReplyExceptionally(GrpcClientProtocolClient.java:330)
	at org.apache.ratis.grpc.client.GrpcClientProtocolClient$AsyncStreamObservers.access$000(GrpcClientProtocolClient.java:246)
	at org.apache.ratis.grpc.client.GrpcClientProtocolClient$AsyncStreamObservers$1.onError(GrpcClientProtocolClient.java:275)
	at org.apache.ratis.thirdparty.io.grpc.stub.ClientCalls$StreamObserverToCallListenerAdapter.onClose(ClientCalls.java:434)
	at org.apache.ratis.thirdparty.io.grpc.PartialForwardingClientCallListener.onClose(PartialForwardingClientCallListener.java:39)
	at org.apache.ratis.thirdparty.io.grpc.ForwardingClientCallListener.onClose(ForwardingClientCallListener.java:23)
	at org.apache.ratis.thirdparty.io.grpc.ForwardingClientCallListener$SimpleForwardingClientCallListener.onClose(ForwardingClientCallListener.java:40)
	at org.apache.ratis.thirdparty.io.grpc.internal.CensusStatsModule$StatsClientInterceptor$1$1.onClose(CensusStatsModule.java:678)
	at org.apache.ratis.thirdparty.io.grpc.PartialForwardingClientCallListener.onClose(PartialForwardingClientCallListener.java:39)
	at org.apache.ratis.thirdparty.io.grpc.ForwardingClientCallListener.onClose(ForwardingClientCallListener.java:23)
	at org.apache.ratis.thirdparty.io.grpc.ForwardingClientCallListener$SimpleForwardingClientCallListener.onClose(ForwardingClientCallListener.java:40)
	at org.apache.ratis.thirdparty.io.grpc.internal.CensusTracingModule$TracingClientInterceptor$1$1.onClose(CensusTracingModule.java:397)
	at org.apache.ratis.thirdparty.io.grpc.internal.ClientCallImpl.closeObserver(ClientCallImpl.java:459)
	at org.apache.ratis.thirdparty.io.grpc.internal.ClientCallImpl.access$300(ClientCallImpl.java:63)
	at org.apache.ratis.thirdparty.io.grpc.internal.ClientCallImpl$ClientStreamListenerImpl.close(ClientCallImpl.java:546)
	at org.apache.ratis.thirdparty.io.grpc.internal.ClientCallImpl$ClientStreamListenerImpl.access$600(ClientCallImpl.java:467)
	at org.apache.ratis.thirdparty.io.grpc.internal.ClientCallImpl$ClientStreamListenerImpl$1StreamClosed.runInContext(ClientCallImpl.java:584)
	at org.apache.ratis.thirdparty.io.grpc.internal.ContextRunnable.run(ContextRunnable.java:37)
	at org.apache.ratis.thirdparty.io.grpc.internal.SerializingExecutor.run(SerializingExecutor.java:123)
	at java.util.concurrent.ThreadPoolExecutor.runWorker(ThreadPoolExecutor.java:1149)
	at java.util.concurrent.ThreadPoolExecutor$Worker.run(ThreadPoolExecutor.java:624)
	at java.lang.Thread.run(Thread.java:748)
Caused by: java.io.IOException: org.apache.ratis.thirdparty.io.grpc.StatusRuntimeException: UNAVAILABLE: io exception
	at org.apache.ratis.grpc.GrpcUtil.unwrapException(GrpcUtil.java:76)
	at org.apache.ratis.grpc.GrpcUtil.unwrapIOException(GrpcUtil.java:128)
	at org.apache.ratis.grpc.client.GrpcClientProtocolClient$AsyncStreamObservers$1.onError(GrpcClientProtocolClient.java:274)
	... 19 more
Caused by: org.apache.ratis.thirdparty.io.grpc.StatusRuntimeException: UNAVAILABLE: io exception
	at org.apache.ratis.thirdparty.io.grpc.Status.asRuntimeException(Status.java:526)
	... 19 more
Caused by: org.apache.ratis.thirdparty.io.netty.channel.AbstractChannel$AnnotatedConnectException: Connection refused: /192.168.69.107:35822
	at sun.nio.ch.SocketChannelImpl.checkConnect(Native Method)
	at sun.nio.ch.SocketChannelImpl.finishConnect(SocketChannelImpl.java:717)
	at org.apache.ratis.thirdparty.io.netty.channel.socket.nio.NioSocketChannel.doFinishConnect(NioSocketChannel.java:327)
	at org.apache.ratis.thirdparty.io.netty.channel.nio.AbstractNioChannel$AbstractNioUnsafe.finishConnect(AbstractNioChannel.java:340)
	at org.apache.ratis.thirdparty.io.netty.channel.nio.NioEventLoop.processSelectedKey(NioEventLoop.java:632)
	at org.apache.ratis.thirdparty.io.netty.channel.nio.NioEventLoop.processSelectedKeysOptimized(NioEventLoop.java:579)
	at org.apache.ratis.thirdparty.io.netty.channel.nio.NioEventLoop.processSelectedKeys(NioEventLoop.java:496)
	at org.apache.ratis.thirdparty.io.netty.channel.nio.NioEventLoop.run(NioEventLoop.java:458)
	at org.apache.ratis.thirdparty.io.netty.util.concurrent.SingleThreadEventExecutor$5.run(SingleThreadEventExecutor.java:897)
	at org.apache.ratis.thirdparty.io.netty.util.concurrent.FastThreadLocalRunnable.run(FastThreadLocalRunnable.java:30)
	... 1 more
Caused by: java.net.ConnectException: Connection refused
	... 11 more
</error>
    <system-out><![CDATA[2019-08-20 14:53:35,812 WARN  server.ServerUtils (ServerUtils.java:getScmDbDir(145)) - ozone.scm.db.dirs is not configured. We recommend adding this setting. Falling back to ozone.metadata.dirs instead.
2019-08-20 14:53:35,904 WARN  server.ServerUtils (ServerUtils.java:getScmDbDir(145)) - ozone.scm.db.dirs is not configured. We recommend adding this setting. Falling back to ozone.metadata.dirs instead.
2019-08-20 14:53:35,907 WARN  server.ServerUtils (ServerUtils.java:getScmDbDir(145)) - ozone.scm.db.dirs is not configured. We recommend adding this setting. Falling back to ozone.metadata.dirs instead.
2019-08-20 14:53:35,925 INFO  util.log (Log.java:initialized(192)) - Logging initialized @859ms
2019-08-20 14:53:36,049 INFO  db.DBStoreBuilder (DBStoreBuilder.java:addTable(110)) - using custom profile for table: deletedBlocks
2019-08-20 14:53:36,049 INFO  db.DBStoreBuilder (DBStoreBuilder.java:processTables(161)) - Using default column profile:DBProfile.DISK for Table:deletedBlocks
2019-08-20 14:53:36,050 INFO  db.DBStoreBuilder (DBStoreBuilder.java:addTable(110)) - using custom profile for table: validCerts
2019-08-20 14:53:36,050 INFO  db.DBStoreBuilder (DBStoreBuilder.java:processTables(161)) - Using default column profile:DBProfile.DISK for Table:validCerts
2019-08-20 14:53:36,050 INFO  db.DBStoreBuilder (DBStoreBuilder.java:addTable(110)) - using custom profile for table: revokedCerts
2019-08-20 14:53:36,051 INFO  db.DBStoreBuilder (DBStoreBuilder.java:processTables(161)) - Using default column profile:DBProfile.DISK for Table:revokedCerts
2019-08-20 14:53:36,062 INFO  db.DBStoreBuilder (DBStoreBuilder.java:addTable(110)) - using custom profile for table: default
2019-08-20 14:53:36,062 INFO  db.DBStoreBuilder (DBStoreBuilder.java:processTables(167)) - Using default column profile:DBProfile.DISK for Table:default
2019-08-20 14:53:36,063 INFO  db.DBStoreBuilder (DBStoreBuilder.java:getDbProfile(198)) - Using default options. DBProfile.DISK
2019-08-20 14:53:36,509 INFO  net.NodeSchemaLoader (NodeSchemaLoader.java:loadSchemaFromFile(125)) - Loading file from sun.misc.CompoundEnumeration@6eda5c9
2019-08-20 14:53:36,512 INFO  net.NodeSchemaLoader (NodeSchemaLoader.java:loadSchema(171)) - Loading network topology layer schema file
2019-08-20 14:53:36,583 WARN  server.ServerUtils (ServerUtils.java:sanitizeUserArgs(70)) - ozone.scm.stale.node.interval value = 300000 is larger than max = 100000 based on the key value of ozone.scm.heartbeat.thread.interval, reset to the max value 100000.
2019-08-20 14:53:36,585 WARN  server.ServerUtils (ServerUtils.java:sanitizeUserArgs(70)) - ozone.scm.stale.node.interval value = 300000 is larger than max = 100000 based on the key value of ozone.scm.heartbeat.thread.interval, reset to the max value 100000.
2019-08-20 14:53:36,587 INFO  node.SCMNodeManager (SCMNodeManager.java:<init>(121)) - Entering startup safe mode.
2019-08-20 14:53:36,653 INFO  algorithms.ContainerPlacementPolicyFactory (ContainerPlacementPolicyFactory.java:getPolicy(55)) - Create container placement policy of type org.apache.hadoop.hdds.scm.container.placement.algorithms.SCMContainerPlacementRandom
2019-08-20 14:53:36,667 WARN  server.ServerUtils (ServerUtils.java:getScmDbDir(145)) - ozone.scm.db.dirs is not configured. We recommend adding this setting. Falling back to ozone.metadata.dirs instead.
2019-08-20 14:53:36,779 INFO  pipeline.SCMPipelineManager (SCMPipelineManager.java:initializePipelineState(126)) - No pipeline exists in current db
2019-08-20 14:53:36,783 WARN  server.ServerUtils (ServerUtils.java:getScmDbDir(145)) - ozone.scm.db.dirs is not configured. We recommend adding this setting. Falling back to ozone.metadata.dirs instead.
2019-08-20 14:53:36,887 WARN  events.EventQueue (EventQueue.java:fireEvent(175)) - No event handler registered for event TypedEvent{payloadType=SafeModeStatus, name='SafeModeStatus'}
2019-08-20 14:53:37,292 INFO  ipc.CallQueueManager (CallQueueManager.java:<init>(84)) - Using callQueue: class java.util.concurrent.LinkedBlockingQueue, queueCapacity: 2000, scheduler: class org.apache.hadoop.ipc.DefaultRpcScheduler, ipcBackoff: false.
2019-08-20 14:53:37,327 INFO  ipc.Server (Server.java:run(1074)) - Starting Socket Reader #1 for port 40901
2019-08-20 14:53:37,355 INFO  ipc.CallQueueManager (CallQueueManager.java:<init>(84)) - Using callQueue: class java.util.concurrent.LinkedBlockingQueue, queueCapacity: 2000, scheduler: class org.apache.hadoop.ipc.DefaultRpcScheduler, ipcBackoff: false.
2019-08-20 14:53:37,357 INFO  ipc.Server (Server.java:run(1074)) - Starting Socket Reader #1 for port 35509
2019-08-20 14:53:37,365 INFO  ipc.CallQueueManager (CallQueueManager.java:<init>(84)) - Using callQueue: class java.util.concurrent.LinkedBlockingQueue, queueCapacity: 2000, scheduler: class org.apache.hadoop.ipc.DefaultRpcScheduler, ipcBackoff: false.
2019-08-20 14:53:37,366 INFO  ipc.Server (Server.java:run(1074)) - Starting Socket Reader #1 for port 39627
2019-08-20 14:53:37,473 INFO  hdfs.DFSUtil (DFSUtil.java:httpServerTemplateForNNAndJN(1641)) - Starting Web-server for scm at: http://0.0.0.0:0
2019-08-20 14:53:37,606 INFO  server.AuthenticationFilter (AuthenticationFilter.java:constructSecretProvider(240)) - Unable to initialize FileSignerSecretProvider, falling back to use random secrets.
2019-08-20 14:53:37,614 WARN  http.HttpRequestLog (HttpRequestLog.java:getRequestLog(97)) - Jetty request log can only be enabled using Log4j
2019-08-20 14:53:37,622 INFO  http.HttpServer2 (HttpServer2.java:addGlobalFilter(975)) - Added global filter 'safety' (class=org.apache.hadoop.http.HttpServer2$QuotingInputFilter)
2019-08-20 14:53:37,625 INFO  http.HttpServer2 (HttpServer2.java:addFilter(948)) - Added filter static_user_filter (class=org.apache.hadoop.http.lib.StaticUserWebFilter$StaticUserFilter) to context scm
2019-08-20 14:53:37,625 INFO  http.HttpServer2 (HttpServer2.java:addFilter(958)) - Added filter static_user_filter (class=org.apache.hadoop.http.lib.StaticUserWebFilter$StaticUserFilter) to context static
2019-08-20 14:53:37,626 INFO  http.HttpServer2 (HttpServer2.java:addFilter(958)) - Added filter static_user_filter (class=org.apache.hadoop.http.lib.StaticUserWebFilter$StaticUserFilter) to context logs
2019-08-20 14:53:37,652 INFO  server.StorageContainerManager (StorageContainerManager.java:start(759)) - StorageContainerLocationProtocol RPC server is listening at /0.0.0.0:39627
2019-08-20 14:53:37,709 WARN  impl.MetricsConfig (MetricsConfig.java:loadFirst(134)) - Cannot locate configuration: tried hadoop-metrics2-storagecontainermanager.properties,hadoop-metrics2.properties
2019-08-20 14:53:37,722 INFO  impl.MetricsSystemImpl (MetricsSystemImpl.java:startTimer(374)) - Scheduled Metric snapshot period at 10 second(s).
2019-08-20 14:53:37,722 INFO  impl.MetricsSystemImpl (MetricsSystemImpl.java:start(191)) - StorageContainerManager metrics system started
2019-08-20 14:53:37,997 INFO  server.SCMClientProtocolServer (SCMClientProtocolServer.java:start(151)) - RPC server for Client  is listening at /0.0.0.0:39627
2019-08-20 14:53:37,998 INFO  ipc.Server (Server.java:run(1314)) - IPC Server Responder: starting
2019-08-20 14:53:37,998 INFO  ipc.Server (Server.java:run(1153)) - IPC Server listener on 39627: starting
2019-08-20 14:53:38,000 INFO  server.StorageContainerManager (StorageContainerManager.java:start(769)) - ScmBlockLocationProtocol RPC server is listening at /0.0.0.0:35509
2019-08-20 14:53:38,000 INFO  server.SCMBlockProtocolServer (SCMBlockProtocolServer.java:start(140)) - RPC server for Block Protocol is listening at /0.0.0.0:35509
2019-08-20 14:53:38,001 INFO  ipc.Server (Server.java:run(1314)) - IPC Server Responder: starting
2019-08-20 14:53:38,001 INFO  ipc.Server (Server.java:run(1153)) - IPC Server listener on 35509: starting
2019-08-20 14:53:38,008 INFO  server.StorageContainerManager (StorageContainerManager.java:start(773)) - ScmDatanodeProtocl RPC server is listening at /0.0.0.0:40901
2019-08-20 14:53:38,009 INFO  server.SCMDatanodeProtocolServer (SCMDatanodeProtocolServer.java:start(191)) - RPC server for DataNodes is listening at /0.0.0.0:40901
2019-08-20 14:53:38,009 INFO  ipc.Server (Server.java:run(1314)) - IPC Server Responder: starting
2019-08-20 14:53:38,010 INFO  ipc.Server (Server.java:run(1153)) - IPC Server listener on 40901: starting
2019-08-20 14:53:38,019 INFO  http.HttpServer2 (HttpServer2.java:bindListener(1191)) - Jetty bound to port 41051
2019-08-20 14:53:38,021 INFO  server.Server (Server.java:doStart(351)) - jetty-9.3.24.v20180605, build timestamp: 2018-06-05T17:11:56Z, git hash: 84205aa28f11a4f31f2a3b86d1bba2cc8ab69827
2019-08-20 14:53:38,063 INFO  handler.ContextHandler (ContextHandler.java:doStart(781)) - Started o.e.j.s.ServletContextHandler@79d94571{/logs,file:///workdir/hadoop-ozone/integration-test/target/log,AVAILABLE}
2019-08-20 14:53:38,064 INFO  handler.ContextHandler (ContextHandler.java:doStart(781)) - Started o.e.j.s.ServletContextHandler@3212a8d7{/static,file:///workdir/hadoop-ozone/integration-test/target/test-classes/webapps/static,AVAILABLE}
2019-08-20 14:53:38,098 INFO  handler.ContextHandler (ContextHandler.java:doStart(781)) - Started o.e.j.w.WebAppContext@4a3e3e8b{/,file:///workdir/hadoop-ozone/integration-test/target/test-classes/webapps/scm/,AVAILABLE}{/scm}
2019-08-20 14:53:38,104 INFO  server.AbstractConnector (AbstractConnector.java:doStart(278)) - Started ServerConnector@6e9319f{HTTP/1.1,[http/1.1]}{0.0.0.0:41051}
2019-08-20 14:53:38,104 INFO  server.Server (Server.java:doStart(419)) - Started @3039ms
2019-08-20 14:53:38,105 INFO  server.BaseHttpServer (BaseHttpServer.java:updateConnectorAddress(213)) - HTTP server of SCM is listening at http://0.0.0.0:41051
2019-08-20 14:53:38,110 INFO  util.JvmPauseMonitor (JvmPauseMonitor.java:run(188)) - Starting JVM pause monitor
2019-08-20 14:53:38,113 WARN  server.ServerUtils (ServerUtils.java:getDBPath(222)) - ozone.om.db.dirs is not configured. We recommend adding this setting. Falling back to ozone.metadata.dirs instead.
2019-08-20 14:53:38,205 WARN  server.ServerUtils (ServerUtils.java:getDBPath(222)) - ozone.om.db.dirs is not configured. We recommend adding this setting. Falling back to ozone.metadata.dirs instead.
2019-08-20 14:53:38,205 WARN  server.ServerUtils (ServerUtils.java:getDBPath(222)) - ozone.om.db.dirs is not configured. We recommend adding this setting. Falling back to ozone.metadata.dirs instead.
2019-08-20 14:53:38,206 INFO  om.OzoneManager (OzoneManager.java:setOMNodeDetails(648)) - OM Service ID is not set. Setting it to the default ID: omServiceIdDefault
2019-08-20 14:53:38,207 INFO  om.OzoneManager (OzoneManager.java:setOMNodeDetails(654)) - OM Node ID is not set. Setting it to the OmStorage's OmID: f66b651f-a9d5-4dc1-95d7-1ace4c9306ae
2019-08-20 14:53:38,208 INFO  om.OzoneManager (OzoneManager.java:loadOMHAConfigs(605)) - Found matching OM address with OMServiceId: null, OMNodeId: null, RPC Address: localhost:0 and Ratis port: 9872
2019-08-20 14:53:38,933 WARN  server.ServerUtils (ServerUtils.java:getDBPath(222)) - ozone.om.db.dirs is not configured. We recommend adding this setting. Falling back to ozone.metadata.dirs instead.
2019-08-20 14:53:38,940 INFO  db.DBStoreBuilder (DBStoreBuilder.java:addTable(110)) - using custom profile for table: userTable
2019-08-20 14:53:38,940 INFO  db.DBStoreBuilder (DBStoreBuilder.java:processTables(161)) - Using default column profile:DBProfile.DISK for Table:userTable
2019-08-20 14:53:38,940 INFO  db.DBStoreBuilder (DBStoreBuilder.java:addTable(110)) - using custom profile for table: volumeTable
2019-08-20 14:53:38,941 INFO  db.DBStoreBuilder (DBStoreBuilder.java:processTables(161)) - Using default column profile:DBProfile.DISK for Table:volumeTable
2019-08-20 14:53:38,941 INFO  db.DBStoreBuilder (DBStoreBuilder.java:addTable(110)) - using custom profile for table: bucketTable
2019-08-20 14:53:38,941 INFO  db.DBStoreBuilder (DBStoreBuilder.java:processTables(161)) - Using default column profile:DBProfile.DISK for Table:bucketTable
2019-08-20 14:53:38,941 INFO  db.DBStoreBuilder (DBStoreBuilder.java:addTable(110)) - using custom profile for table: keyTable
2019-08-20 14:53:38,942 INFO  db.DBStoreBuilder (DBStoreBuilder.java:processTables(161)) - Using default column profile:DBProfile.DISK for Table:keyTable
2019-08-20 14:53:38,942 INFO  db.DBStoreBuilder (DBStoreBuilder.java:addTable(110)) - using custom profile for table: deletedTable
2019-08-20 14:53:38,942 INFO  db.DBStoreBuilder (DBStoreBuilder.java:processTables(161)) - Using default column profile:DBProfile.DISK for Table:deletedTable
2019-08-20 14:53:38,942 INFO  db.DBStoreBuilder (DBStoreBuilder.java:addTable(110)) - using custom profile for table: openKeyTable
2019-08-20 14:53:38,942 INFO  db.DBStoreBuilder (DBStoreBuilder.java:processTables(161)) - Using default column profile:DBProfile.DISK for Table:openKeyTable
2019-08-20 14:53:38,943 INFO  db.DBStoreBuilder (DBStoreBuilder.java:addTable(110)) - using custom profile for table: s3Table
2019-08-20 14:53:38,943 INFO  db.DBStoreBuilder (DBStoreBuilder.java:processTables(161)) - Using default column profile:DBProfile.DISK for Table:s3Table
2019-08-20 14:53:38,943 INFO  db.DBStoreBuilder (DBStoreBuilder.java:addTable(110)) - using custom profile for table: multipartInfoTable
2019-08-20 14:53:38,943 INFO  db.DBStoreBuilder (DBStoreBuilder.java:processTables(161)) - Using default column profile:DBProfile.DISK for Table:multipartInfoTable
2019-08-20 14:53:38,943 INFO  db.DBStoreBuilder (DBStoreBuilder.java:addTable(110)) - using custom profile for table: dTokenTable
2019-08-20 14:53:38,944 INFO  db.DBStoreBuilder (DBStoreBuilder.java:processTables(161)) - Using default column profile:DBProfile.DISK for Table:dTokenTable
2019-08-20 14:53:38,944 INFO  db.DBStoreBuilder (DBStoreBuilder.java:addTable(110)) - using custom profile for table: s3SecretTable
2019-08-20 14:53:38,944 INFO  db.DBStoreBuilder (DBStoreBuilder.java:processTables(161)) - Using default column profile:DBProfile.DISK for Table:s3SecretTable
2019-08-20 14:53:38,944 INFO  db.DBStoreBuilder (DBStoreBuilder.java:addTable(110)) - using custom profile for table: prefixTable
2019-08-20 14:53:38,945 INFO  db.DBStoreBuilder (DBStoreBuilder.java:processTables(161)) - Using default column profile:DBProfile.DISK for Table:prefixTable
2019-08-20 14:53:38,945 INFO  db.DBStoreBuilder (DBStoreBuilder.java:addTable(110)) - using custom profile for table: default
2019-08-20 14:53:38,945 INFO  db.DBStoreBuilder (DBStoreBuilder.java:processTables(167)) - Using default column profile:DBProfile.DISK for Table:default
2019-08-20 14:53:38,945 INFO  db.DBStoreBuilder (DBStoreBuilder.java:getDbProfile(198)) - Using default options. DBProfile.DISK
2019-08-20 14:53:39,653 INFO  ipc.CallQueueManager (CallQueueManager.java:<init>(84)) - Using callQueue: class java.util.concurrent.LinkedBlockingQueue, queueCapacity: 2000, scheduler: class org.apache.hadoop.ipc.DefaultRpcScheduler, ipcBackoff: false.
2019-08-20 14:53:39,653 INFO  ipc.Server (Server.java:run(1074)) - Starting Socket Reader #1 for port 43531
2019-08-20 14:53:39,675 INFO  om.OzoneManager (OzoneManager.java:start(1259)) - OzoneManager RPC server is listening at localhost/127.0.0.1:43531
2019-08-20 14:53:39,675 INFO  impl.MetricsSystemImpl (MetricsSystemImpl.java:init(158)) - OzoneManager metrics system started (again)
2019-08-20 14:53:39,677 INFO  ipc.Server (Server.java:run(1314)) - IPC Server Responder: starting
2019-08-20 14:53:39,677 INFO  ipc.Server (Server.java:run(1153)) - IPC Server listener on 43531: starting
2019-08-20 14:53:39,683 INFO  hdfs.DFSUtil (DFSUtil.java:httpServerTemplateForNNAndJN(1641)) - Starting Web-server for ozoneManager at: http://0.0.0.0:0
2019-08-20 14:53:39,685 INFO  server.AuthenticationFilter (AuthenticationFilter.java:constructSecretProvider(240)) - Unable to initialize FileSignerSecretProvider, falling back to use random secrets.
2019-08-20 14:53:39,686 WARN  http.HttpRequestLog (HttpRequestLog.java:getRequestLog(97)) - Jetty request log can only be enabled using Log4j
2019-08-20 14:53:39,688 INFO  http.HttpServer2 (HttpServer2.java:addGlobalFilter(975)) - Added global filter 'safety' (class=org.apache.hadoop.http.HttpServer2$QuotingInputFilter)
2019-08-20 14:53:39,689 INFO  http.HttpServer2 (HttpServer2.java:addFilter(948)) - Added filter static_user_filter (class=org.apache.hadoop.http.lib.StaticUserWebFilter$StaticUserFilter) to context ozoneManager
2019-08-20 14:53:39,689 INFO  http.HttpServer2 (HttpServer2.java:addFilter(958)) - Added filter static_user_filter (class=org.apache.hadoop.http.lib.StaticUserWebFilter$StaticUserFilter) to context static
2019-08-20 14:53:39,690 INFO  http.HttpServer2 (HttpServer2.java:addFilter(958)) - Added filter static_user_filter (class=org.apache.hadoop.http.lib.StaticUserWebFilter$StaticUserFilter) to context logs
2019-08-20 14:53:39,692 INFO  http.HttpServer2 (HttpServer2.java:bindListener(1191)) - Jetty bound to port 36592
2019-08-20 14:53:39,692 INFO  server.Server (Server.java:doStart(351)) - jetty-9.3.24.v20180605, build timestamp: 2018-06-05T17:11:56Z, git hash: 84205aa28f11a4f31f2a3b86d1bba2cc8ab69827
2019-08-20 14:53:39,694 INFO  handler.ContextHandler (ContextHandler.java:doStart(781)) - Started o.e.j.s.ServletContextHandler@7004e3d{/logs,file:///workdir/hadoop-ozone/integration-test/target/log,AVAILABLE}
2019-08-20 14:53:39,695 INFO  handler.ContextHandler (ContextHandler.java:doStart(781)) - Started o.e.j.s.ServletContextHandler@71a3a190{/static,file:///workdir/hadoop-ozone/integration-test/target/test-classes/webapps/static,AVAILABLE}
2019-08-20 14:53:39,701 INFO  handler.ContextHandler (ContextHandler.java:doStart(781)) - Started o.e.j.w.WebAppContext@4e868ef5{/,file:///workdir/hadoop-ozone/integration-test/target/test-classes/webapps/ozoneManager/,AVAILABLE}{/ozoneManager}
2019-08-20 14:53:39,702 INFO  server.AbstractConnector (AbstractConnector.java:doStart(278)) - Started ServerConnector@71c905a3{HTTP/1.1,[http/1.1]}{0.0.0.0:36592}
2019-08-20 14:53:39,703 INFO  server.Server (Server.java:doStart(419)) - Started @4637ms
2019-08-20 14:53:39,704 INFO  server.BaseHttpServer (BaseHttpServer.java:updateConnectorAddress(213)) - HTTP server of OZONEMANAGER is listening at http://0.0.0.0:36592
2019-08-20 14:53:40,045 INFO  impl.MetricsSystemImpl (MetricsSystemImpl.java:init(158)) - HddsDatanode metrics system started (again)
2019-08-20 14:53:40,141 INFO  ozone.HddsDatanodeService (HddsDatanodeService.java:start(184)) - HddsDatanodeService host:pr-hdds-1054-6hltv-2752131155 ip:192.168.69.107
2019-08-20 14:53:40,172 INFO  volume.HddsVolume (HddsVolume.java:<init>(176)) - Creating Volume: /workdir/hadoop-ozone/integration-test/target/test-dir/MiniOzoneClusterImpl-21e4d6e9-c99a-454d-a878-52e02252dc69/datanode-0/data/containers/hdds of  storage type : DISK and capacity : 1482555576320
2019-08-20 14:53:40,175 INFO  volume.VolumeSet (VolumeSet.java:initializeVolumeSet(170)) - Added Volume : /workdir/hadoop-ozone/integration-test/target/test-dir/MiniOzoneClusterImpl-21e4d6e9-c99a-454d-a878-52e02252dc69/datanode-0/data/containers/hdds to VolumeSet
2019-08-20 14:53:40,179 INFO  volume.ThrottledAsyncChecker (ThrottledAsyncChecker.java:schedule(140)) - Scheduling a check for org.apache.hadoop.ozone.container.common.volume.HddsVolume@58a4a74d
2019-08-20 14:53:40,201 INFO  volume.HddsVolumeChecker (HddsVolumeChecker.java:checkAllVolumes(203)) - Scheduled health check for volume org.apache.hadoop.ozone.container.common.volume.HddsVolume@58a4a74d
2019-08-20 14:53:40,329 INFO  impl.RaftServerProxy (ConfUtils.java:logGet(43)) - raft.rpc.type = GRPC (default)
2019-08-20 14:53:40,397 INFO  grpc.GrpcFactory (GrpcFactory.java:checkPooledByteBufAllocatorUseCacheForAllThreads(45)) - PERFORMANCE WARNING: useCacheForAllThreads is true that may cause Netty to create a lot garbage objects and, as a result, trigger GC.
	It is recommended to disable useCacheForAllThreads by setting -Dorg.apache.ratis.thirdparty.io.netty.allocator.useCacheForAllThreads=false in command line.
2019-08-20 14:53:40,402 INFO  grpc.GrpcConfigKeys$Server (ConfUtils.java:logGet(43)) - raft.grpc.server.port = 0 (default)
2019-08-20 14:53:40,403 INFO  server.GrpcService (ConfUtils.java:logGet(43)) - raft.grpc.message.size.max = 33570816 (custom)
2019-08-20 14:53:40,404 INFO  server.RaftServerConfigKeys (ConfUtils.java:logGet(43)) - raft.server.log.appender.buffer.byte-limit = 33554432 (custom)
2019-08-20 14:53:40,405 INFO  server.GrpcService (ConfUtils.java:logGet(43)) - raft.grpc.flow.control.window = 1MB (=1048576) (default)
2019-08-20 14:53:40,406 INFO  server.RaftServerConfigKeys (ConfUtils.java:logGet(43)) - raft.server.rpc.request.timeout = 3000ms (default)
2019-08-20 14:53:40,568 INFO  server.RaftServerConfigKeys (ConfUtils.java:logGet(43)) - raft.server.storage.dir = [/workdir/hadoop-ozone/integration-test/target/test-dir/MiniOzoneClusterImpl-21e4d6e9-c99a-454d-a878-52e02252dc69/datanode-0/data/ratis] (custom)
2019-08-20 14:53:40,603 INFO  replication.SimpleContainerDownloader (SimpleContainerDownloader.java:<init>(72)) - Starting container downloader service to copy containers to replicate.
2019-08-20 14:53:40,616 INFO  hdfs.DFSUtil (DFSUtil.java:httpServerTemplateForNNAndJN(1641)) - Starting Web-server for hddsDatanode at: http://0.0.0.0:0
2019-08-20 14:53:40,618 INFO  server.AuthenticationFilter (AuthenticationFilter.java:constructSecretProvider(240)) - Unable to initialize FileSignerSecretProvider, falling back to use random secrets.
2019-08-20 14:53:40,619 WARN  http.HttpRequestLog (HttpRequestLog.java:getRequestLog(97)) - Jetty request log can only be enabled using Log4j
2019-08-20 14:53:40,621 INFO  http.HttpServer2 (HttpServer2.java:addGlobalFilter(975)) - Added global filter 'safety' (class=org.apache.hadoop.http.HttpServer2$QuotingInputFilter)
2019-08-20 14:53:40,621 INFO  http.HttpServer2 (HttpServer2.java:addFilter(948)) - Added filter static_user_filter (class=org.apache.hadoop.http.lib.StaticUserWebFilter$StaticUserFilter) to context hddsDatanode
2019-08-20 14:53:40,622 INFO  http.HttpServer2 (HttpServer2.java:addFilter(958)) - Added filter static_user_filter (class=org.apache.hadoop.http.lib.StaticUserWebFilter$StaticUserFilter) to context static
2019-08-20 14:53:40,622 INFO  http.HttpServer2 (HttpServer2.java:addFilter(958)) - Added filter static_user_filter (class=org.apache.hadoop.http.lib.StaticUserWebFilter$StaticUserFilter) to context logs
2019-08-20 14:53:40,623 INFO  http.HttpServer2 (HttpServer2.java:bindListener(1191)) - Jetty bound to port 38198
2019-08-20 14:53:40,623 INFO  server.Server (Server.java:doStart(351)) - jetty-9.3.24.v20180605, build timestamp: 2018-06-05T17:11:56Z, git hash: 84205aa28f11a4f31f2a3b86d1bba2cc8ab69827
2019-08-20 14:53:40,625 INFO  handler.ContextHandler (ContextHandler.java:doStart(781)) - Started o.e.j.s.ServletContextHandler@302edb74{/logs,file:///workdir/hadoop-ozone/integration-test/target/log,AVAILABLE}
2019-08-20 14:53:40,626 INFO  handler.ContextHandler (ContextHandler.java:doStart(781)) - Started o.e.j.s.ServletContextHandler@672b72ba{/static,jar:file:/home/user/.m2/repository/org/apache/hadoop/hadoop-hdds-container-service/0.5.0-SNAPSHOT/hadoop-hdds-container-service-0.5.0-SNAPSHOT.jar!/webapps/static,AVAILABLE}
2019-08-20 14:53:40,658 INFO  handler.ContextHandler (ContextHandler.java:doStart(781)) - Started o.e.j.w.WebAppContext@4b6d92e{/,file:///tmp/jetty-0.0.0.0-38198-hddsDatanode-_-any-9016090532112542378.dir/webapp/,AVAILABLE}{/hddsDatanode}
2019-08-20 14:53:40,659 INFO  server.AbstractConnector (AbstractConnector.java:doStart(278)) - Started ServerConnector@33899f7a{HTTP/1.1,[http/1.1]}{0.0.0.0:38198}
2019-08-20 14:53:40,659 INFO  server.Server (Server.java:doStart(419)) - Started @5594ms
2019-08-20 14:53:40,661 INFO  server.BaseHttpServer (BaseHttpServer.java:updateConnectorAddress(213)) - HTTP server of HDDSDATANODE is listening at http://0.0.0.0:38198
2019-08-20 14:53:41,768 INFO  ozone.HddsDatanodeService (HddsDatanodeService.java:startPlugins(395)) - Started plug-in org.apache.hadoop.ozone.web.OzoneHddsDatanodeService@8054fe2
2019-08-20 14:53:41,770 INFO  impl.MetricsSystemImpl (MetricsSystemImpl.java:init(158)) - HddsDatanode metrics system started (again)
2019-08-20 14:53:41,773 INFO  ozone.HddsDatanodeService (HddsDatanodeService.java:start(184)) - HddsDatanodeService host:pr-hdds-1054-6hltv-2752131155 ip:192.168.69.107
2019-08-20 14:53:41,776 INFO  util.JvmPauseMonitor (JvmPauseMonitor.java:run(188)) - Starting JVM pause monitor
2019-08-20 14:53:41,782 INFO  volume.HddsVolume (HddsVolume.java:<init>(176)) - Creating Volume: /workdir/hadoop-ozone/integration-test/target/test-dir/MiniOzoneClusterImpl-21e4d6e9-c99a-454d-a878-52e02252dc69/datanode-1/data/containers/hdds of  storage type : DISK and capacity : 1482555576320
2019-08-20 14:53:41,782 INFO  volume.VolumeSet (VolumeSet.java:initializeVolumeSet(170)) - Added Volume : /workdir/hadoop-ozone/integration-test/target/test-dir/MiniOzoneClusterImpl-21e4d6e9-c99a-454d-a878-52e02252dc69/datanode-1/data/containers/hdds to VolumeSet
2019-08-20 14:53:41,783 INFO  volume.ThrottledAsyncChecker (ThrottledAsyncChecker.java:schedule(140)) - Scheduling a check for org.apache.hadoop.ozone.container.common.volume.HddsVolume@160e99e0
2019-08-20 14:53:41,784 INFO  volume.HddsVolumeChecker (HddsVolumeChecker.java:checkAllVolumes(203)) - Scheduled health check for volume org.apache.hadoop.ozone.container.common.volume.HddsVolume@160e99e0
2019-08-20 14:53:41,804 INFO  impl.RaftServerProxy (ConfUtils.java:logGet(43)) - raft.rpc.type = GRPC (default)
2019-08-20 14:53:41,804 INFO  grpc.GrpcFactory (GrpcFactory.java:checkPooledByteBufAllocatorUseCacheForAllThreads(45)) - PERFORMANCE WARNING: useCacheForAllThreads is true that may cause Netty to create a lot garbage objects and, as a result, trigger GC.
	It is recommended to disable useCacheForAllThreads by setting -Dorg.apache.ratis.thirdparty.io.netty.allocator.useCacheForAllThreads=false in command line.
2019-08-20 14:53:41,805 INFO  grpc.GrpcConfigKeys$Server (ConfUtils.java:logGet(43)) - raft.grpc.server.port = 0 (default)
2019-08-20 14:53:41,805 INFO  server.GrpcService (ConfUtils.java:logGet(43)) - raft.grpc.message.size.max = 33570816 (custom)
2019-08-20 14:53:41,805 INFO  server.RaftServerConfigKeys (ConfUtils.java:logGet(43)) - raft.server.log.appender.buffer.byte-limit = 33554432 (custom)
2019-08-20 14:53:41,805 INFO  server.GrpcService (ConfUtils.java:logGet(43)) - raft.grpc.flow.control.window = 1MB (=1048576) (default)
2019-08-20 14:53:41,806 INFO  server.RaftServerConfigKeys (ConfUtils.java:logGet(43)) - raft.server.rpc.request.timeout = 3000ms (default)
2019-08-20 14:53:41,806 INFO  server.RaftServerConfigKeys (ConfUtils.java:logGet(43)) - raft.server.storage.dir = [/workdir/hadoop-ozone/integration-test/target/test-dir/MiniOzoneClusterImpl-21e4d6e9-c99a-454d-a878-52e02252dc69/datanode-1/data/ratis] (custom)
2019-08-20 14:53:41,807 INFO  replication.SimpleContainerDownloader (SimpleContainerDownloader.java:<init>(72)) - Starting container downloader service to copy containers to replicate.
2019-08-20 14:53:41,808 INFO  hdfs.DFSUtil (DFSUtil.java:httpServerTemplateForNNAndJN(1641)) - Starting Web-server for hddsDatanode at: http://0.0.0.0:0
2019-08-20 14:53:41,810 INFO  server.AuthenticationFilter (AuthenticationFilter.java:constructSecretProvider(240)) - Unable to initialize FileSignerSecretProvider, falling back to use random secrets.
2019-08-20 14:53:41,811 WARN  http.HttpRequestLog (HttpRequestLog.java:getRequestLog(97)) - Jetty request log can only be enabled using Log4j
2019-08-20 14:53:41,813 INFO  http.HttpServer2 (HttpServer2.java:addGlobalFilter(975)) - Added global filter 'safety' (class=org.apache.hadoop.http.HttpServer2$QuotingInputFilter)
2019-08-20 14:53:41,814 INFO  http.HttpServer2 (HttpServer2.java:addFilter(948)) - Added filter static_user_filter (class=org.apache.hadoop.http.lib.StaticUserWebFilter$StaticUserFilter) to context hddsDatanode
2019-08-20 14:53:41,814 INFO  http.HttpServer2 (HttpServer2.java:addFilter(958)) - Added filter static_user_filter (class=org.apache.hadoop.http.lib.StaticUserWebFilter$StaticUserFilter) to context static
2019-08-20 14:53:41,815 INFO  http.HttpServer2 (HttpServer2.java:addFilter(958)) - Added filter static_user_filter (class=org.apache.hadoop.http.lib.StaticUserWebFilter$StaticUserFilter) to context logs
2019-08-20 14:53:41,815 INFO  http.HttpServer2 (HttpServer2.java:bindListener(1191)) - Jetty bound to port 43698
2019-08-20 14:53:41,816 INFO  server.Server (Server.java:doStart(351)) - jetty-9.3.24.v20180605, build timestamp: 2018-06-05T17:11:56Z, git hash: 84205aa28f11a4f31f2a3b86d1bba2cc8ab69827
2019-08-20 14:53:41,820 INFO  handler.ContextHandler (ContextHandler.java:doStart(781)) - Started o.e.j.s.ServletContextHandler@4877919f{/logs,file:///workdir/hadoop-ozone/integration-test/target/log,AVAILABLE}
2019-08-20 14:53:41,820 INFO  handler.ContextHandler (ContextHandler.java:doStart(781)) - Started o.e.j.s.ServletContextHandler@6f9ab79d{/static,jar:file:/home/user/.m2/repository/org/apache/hadoop/hadoop-hdds-container-service/0.5.0-SNAPSHOT/hadoop-hdds-container-service-0.5.0-SNAPSHOT.jar!/webapps/static,AVAILABLE}
2019-08-20 14:53:41,862 INFO  handler.ContextHandler (ContextHandler.java:doStart(781)) - Started o.e.j.w.WebAppContext@55c57422{/,file:///tmp/jetty-0.0.0.0-43698-hddsDatanode-_-any-1743821033544996633.dir/webapp/,AVAILABLE}{/hddsDatanode}
2019-08-20 14:53:41,864 INFO  server.AbstractConnector (AbstractConnector.java:doStart(278)) - Started ServerConnector@58d0a5de{HTTP/1.1,[http/1.1]}{0.0.0.0:43698}
2019-08-20 14:53:41,865 INFO  server.Server (Server.java:doStart(419)) - Started @6800ms
2019-08-20 14:53:41,866 INFO  server.BaseHttpServer (BaseHttpServer.java:updateConnectorAddress(213)) - HTTP server of HDDSDATANODE is listening at http://0.0.0.0:43698
2019-08-20 14:53:41,914 INFO  datanode.InitDatanodeState (InitDatanodeState.java:persistContainerDatanodeDetails(140)) - DatanodeDetails is persisted to /workdir/hadoop-ozone/integration-test/target/test-dir/MiniOzoneClusterImpl-21e4d6e9-c99a-454d-a878-52e02252dc69/datanode-0/meta/datanode.id
2019-08-20 14:53:42,022 INFO  ozone.HddsDatanodeService (HddsDatanodeService.java:startPlugins(395)) - Started plug-in org.apache.hadoop.ozone.web.OzoneHddsDatanodeService@6b37df8e
2019-08-20 14:53:42,023 INFO  impl.MetricsSystemImpl (MetricsSystemImpl.java:init(158)) - HddsDatanode metrics system started (again)
2019-08-20 14:53:42,026 INFO  ozone.HddsDatanodeService (HddsDatanodeService.java:start(184)) - HddsDatanodeService host:pr-hdds-1054-6hltv-2752131155 ip:192.168.69.107
2019-08-20 14:53:42,026 INFO  util.JvmPauseMonitor (JvmPauseMonitor.java:run(188)) - Starting JVM pause monitor
2019-08-20 14:53:42,035 INFO  volume.HddsVolume (HddsVolume.java:<init>(176)) - Creating Volume: /workdir/hadoop-ozone/integration-test/target/test-dir/MiniOzoneClusterImpl-21e4d6e9-c99a-454d-a878-52e02252dc69/datanode-2/data/containers/hdds of  storage type : DISK and capacity : 1482555576320
2019-08-20 14:53:42,035 INFO  volume.VolumeSet (VolumeSet.java:initializeVolumeSet(170)) - Added Volume : /workdir/hadoop-ozone/integration-test/target/test-dir/MiniOzoneClusterImpl-21e4d6e9-c99a-454d-a878-52e02252dc69/datanode-2/data/containers/hdds to VolumeSet
2019-08-20 14:53:42,035 INFO  volume.ThrottledAsyncChecker (ThrottledAsyncChecker.java:schedule(140)) - Scheduling a check for org.apache.hadoop.ozone.container.common.volume.HddsVolume@7fd99443
2019-08-20 14:53:42,035 INFO  datanode.InitDatanodeState (InitDatanodeState.java:persistContainerDatanodeDetails(140)) - DatanodeDetails is persisted to /workdir/hadoop-ozone/integration-test/target/test-dir/MiniOzoneClusterImpl-21e4d6e9-c99a-454d-a878-52e02252dc69/datanode-1/meta/datanode.id
2019-08-20 14:53:42,036 INFO  volume.HddsVolumeChecker (HddsVolumeChecker.java:checkAllVolumes(203)) - Scheduled health check for volume org.apache.hadoop.ozone.container.common.volume.HddsVolume@7fd99443
2019-08-20 14:53:42,051 INFO  impl.RaftServerProxy (ConfUtils.java:logGet(43)) - raft.rpc.type = GRPC (default)
2019-08-20 14:53:42,051 INFO  grpc.GrpcFactory (GrpcFactory.java:checkPooledByteBufAllocatorUseCacheForAllThreads(45)) - PERFORMANCE WARNING: useCacheForAllThreads is true that may cause Netty to create a lot garbage objects and, as a result, trigger GC.
	It is recommended to disable useCacheForAllThreads by setting -Dorg.apache.ratis.thirdparty.io.netty.allocator.useCacheForAllThreads=false in command line.
2019-08-20 14:53:42,052 INFO  grpc.GrpcConfigKeys$Server (ConfUtils.java:logGet(43)) - raft.grpc.server.port = 0 (default)
2019-08-20 14:53:42,052 INFO  server.GrpcService (ConfUtils.java:logGet(43)) - raft.grpc.message.size.max = 33570816 (custom)
2019-08-20 14:53:42,052 INFO  server.RaftServerConfigKeys (ConfUtils.java:logGet(43)) - raft.server.log.appender.buffer.byte-limit = 33554432 (custom)
2019-08-20 14:53:42,052 INFO  server.GrpcService (ConfUtils.java:logGet(43)) - raft.grpc.flow.control.window = 1MB (=1048576) (default)
2019-08-20 14:53:42,052 INFO  server.RaftServerConfigKeys (ConfUtils.java:logGet(43)) - raft.server.rpc.request.timeout = 3000ms (default)
2019-08-20 14:53:42,053 INFO  server.RaftServerConfigKeys (ConfUtils.java:logGet(43)) - raft.server.storage.dir = [/workdir/hadoop-ozone/integration-test/target/test-dir/MiniOzoneClusterImpl-21e4d6e9-c99a-454d-a878-52e02252dc69/datanode-2/data/ratis] (custom)
2019-08-20 14:53:42,054 INFO  replication.SimpleContainerDownloader (SimpleContainerDownloader.java:<init>(72)) - Starting container downloader service to copy containers to replicate.
2019-08-20 14:53:42,055 INFO  hdfs.DFSUtil (DFSUtil.java:httpServerTemplateForNNAndJN(1641)) - Starting Web-server for hddsDatanode at: http://0.0.0.0:0
2019-08-20 14:53:42,057 INFO  server.AuthenticationFilter (AuthenticationFilter.java:constructSecretProvider(240)) - Unable to initialize FileSignerSecretProvider, falling back to use random secrets.
2019-08-20 14:53:42,057 WARN  http.HttpRequestLog (HttpRequestLog.java:getRequestLog(97)) - Jetty request log can only be enabled using Log4j
2019-08-20 14:53:42,059 INFO  http.HttpServer2 (HttpServer2.java:addGlobalFilter(975)) - Added global filter 'safety' (class=org.apache.hadoop.http.HttpServer2$QuotingInputFilter)
2019-08-20 14:53:42,060 INFO  http.HttpServer2 (HttpServer2.java:addFilter(948)) - Added filter static_user_filter (class=org.apache.hadoop.http.lib.StaticUserWebFilter$StaticUserFilter) to context hddsDatanode
2019-08-20 14:53:42,060 INFO  http.HttpServer2 (HttpServer2.java:addFilter(958)) - Added filter static_user_filter (class=org.apache.hadoop.http.lib.StaticUserWebFilter$StaticUserFilter) to context static
2019-08-20 14:53:42,060 INFO  http.HttpServer2 (HttpServer2.java:addFilter(958)) - Added filter static_user_filter (class=org.apache.hadoop.http.lib.StaticUserWebFilter$StaticUserFilter) to context logs
2019-08-20 14:53:42,061 INFO  http.HttpServer2 (HttpServer2.java:bindListener(1191)) - Jetty bound to port 44390
2019-08-20 14:53:42,062 INFO  server.Server (Server.java:doStart(351)) - jetty-9.3.24.v20180605, build timestamp: 2018-06-05T17:11:56Z, git hash: 84205aa28f11a4f31f2a3b86d1bba2cc8ab69827
2019-08-20 14:53:42,064 INFO  handler.ContextHandler (ContextHandler.java:doStart(781)) - Started o.e.j.s.ServletContextHandler@5e50df2e{/logs,file:///workdir/hadoop-ozone/integration-test/target/log,AVAILABLE}
2019-08-20 14:53:42,064 INFO  handler.ContextHandler (ContextHandler.java:doStart(781)) - Started o.e.j.s.ServletContextHandler@c2cf597{/static,jar:file:/home/user/.m2/repository/org/apache/hadoop/hadoop-hdds-container-service/0.5.0-SNAPSHOT/hadoop-hdds-container-service-0.5.0-SNAPSHOT.jar!/webapps/static,AVAILABLE}
2019-08-20 14:53:42,101 INFO  handler.ContextHandler (ContextHandler.java:doStart(781)) - Started o.e.j.w.WebAppContext@3a1b36a1{/,file:///tmp/jetty-0.0.0.0-44390-hddsDatanode-_-any-7099769229564856876.dir/webapp/,AVAILABLE}{/hddsDatanode}
2019-08-20 14:53:42,102 INFO  server.AbstractConnector (AbstractConnector.java:doStart(278)) - Started ServerConnector@5e1a986c{HTTP/1.1,[http/1.1]}{0.0.0.0:44390}
2019-08-20 14:53:42,104 INFO  server.Server (Server.java:doStart(419)) - Started @7039ms
2019-08-20 14:53:42,105 INFO  server.BaseHttpServer (BaseHttpServer.java:updateConnectorAddress(213)) - HTTP server of HDDSDATANODE is listening at http://0.0.0.0:44390
2019-08-20 14:53:42,251 INFO  ozone.HddsDatanodeService (HddsDatanodeService.java:startPlugins(395)) - Started plug-in org.apache.hadoop.ozone.web.OzoneHddsDatanodeService@1e1e837d
2019-08-20 14:53:42,251 INFO  impl.MetricsSystemImpl (MetricsSystemImpl.java:init(158)) - HddsDatanode metrics system started (again)
2019-08-20 14:53:42,254 INFO  util.JvmPauseMonitor (JvmPauseMonitor.java:run(188)) - Starting JVM pause monitor
2019-08-20 14:53:42,254 INFO  ozone.HddsDatanodeService (HddsDatanodeService.java:start(184)) - HddsDatanodeService host:pr-hdds-1054-6hltv-2752131155 ip:192.168.69.107
2019-08-20 14:53:42,257 INFO  datanode.InitDatanodeState (InitDatanodeState.java:persistContainerDatanodeDetails(140)) - DatanodeDetails is persisted to /workdir/hadoop-ozone/integration-test/target/test-dir/MiniOzoneClusterImpl-21e4d6e9-c99a-454d-a878-52e02252dc69/datanode-2/meta/datanode.id
2019-08-20 14:53:42,262 INFO  volume.HddsVolume (HddsVolume.java:<init>(176)) - Creating Volume: /workdir/hadoop-ozone/integration-test/target/test-dir/MiniOzoneClusterImpl-21e4d6e9-c99a-454d-a878-52e02252dc69/datanode-3/data/containers/hdds of  storage type : DISK and capacity : 1482555576320
2019-08-20 14:53:42,262 INFO  volume.VolumeSet (VolumeSet.java:initializeVolumeSet(170)) - Added Volume : /workdir/hadoop-ozone/integration-test/target/test-dir/MiniOzoneClusterImpl-21e4d6e9-c99a-454d-a878-52e02252dc69/datanode-3/data/containers/hdds to VolumeSet
2019-08-20 14:53:42,263 INFO  volume.ThrottledAsyncChecker (ThrottledAsyncChecker.java:schedule(140)) - Scheduling a check for org.apache.hadoop.ozone.container.common.volume.HddsVolume@7b14c61
2019-08-20 14:53:42,263 INFO  volume.HddsVolumeChecker (HddsVolumeChecker.java:checkAllVolumes(203)) - Scheduled health check for volume org.apache.hadoop.ozone.container.common.volume.HddsVolume@7b14c61
2019-08-20 14:53:42,279 INFO  impl.RaftServerProxy (ConfUtils.java:logGet(43)) - raft.rpc.type = GRPC (default)
2019-08-20 14:53:42,279 INFO  grpc.GrpcFactory (GrpcFactory.java:checkPooledByteBufAllocatorUseCacheForAllThreads(45)) - PERFORMANCE WARNING: useCacheForAllThreads is true that may cause Netty to create a lot garbage objects and, as a result, trigger GC.
	It is recommended to disable useCacheForAllThreads by setting -Dorg.apache.ratis.thirdparty.io.netty.allocator.useCacheForAllThreads=false in command line.
2019-08-20 14:53:42,279 INFO  grpc.GrpcConfigKeys$Server (ConfUtils.java:logGet(43)) - raft.grpc.server.port = 0 (default)
2019-08-20 14:53:42,280 INFO  server.GrpcService (ConfUtils.java:logGet(43)) - raft.grpc.message.size.max = 33570816 (custom)
2019-08-20 14:53:42,280 INFO  server.RaftServerConfigKeys (ConfUtils.java:logGet(43)) - raft.server.log.appender.buffer.byte-limit = 33554432 (custom)
2019-08-20 14:53:42,280 INFO  server.GrpcService (ConfUtils.java:logGet(43)) - raft.grpc.flow.control.window = 1MB (=1048576) (default)
2019-08-20 14:53:42,280 INFO  server.RaftServerConfigKeys (ConfUtils.java:logGet(43)) - raft.server.rpc.request.timeout = 3000ms (default)
2019-08-20 14:53:42,281 INFO  server.RaftServerConfigKeys (ConfUtils.java:logGet(43)) - raft.server.storage.dir = [/workdir/hadoop-ozone/integration-test/target/test-dir/MiniOzoneClusterImpl-21e4d6e9-c99a-454d-a878-52e02252dc69/datanode-3/data/ratis] (custom)
2019-08-20 14:53:42,281 INFO  replication.SimpleContainerDownloader (SimpleContainerDownloader.java:<init>(72)) - Starting container downloader service to copy containers to replicate.
2019-08-20 14:53:42,283 INFO  hdfs.DFSUtil (DFSUtil.java:httpServerTemplateForNNAndJN(1641)) - Starting Web-server for hddsDatanode at: http://0.0.0.0:0
2019-08-20 14:53:42,284 INFO  server.AuthenticationFilter (AuthenticationFilter.java:constructSecretProvider(240)) - Unable to initialize FileSignerSecretProvider, falling back to use random secrets.
2019-08-20 14:53:42,285 WARN  http.HttpRequestLog (HttpRequestLog.java:getRequestLog(97)) - Jetty request log can only be enabled using Log4j
2019-08-20 14:53:42,287 INFO  http.HttpServer2 (HttpServer2.java:addGlobalFilter(975)) - Added global filter 'safety' (class=org.apache.hadoop.http.HttpServer2$QuotingInputFilter)
2019-08-20 14:53:42,288 INFO  http.HttpServer2 (HttpServer2.java:addFilter(948)) - Added filter static_user_filter (class=org.apache.hadoop.http.lib.StaticUserWebFilter$StaticUserFilter) to context hddsDatanode
2019-08-20 14:53:42,288 INFO  http.HttpServer2 (HttpServer2.java:addFilter(958)) - Added filter static_user_filter (class=org.apache.hadoop.http.lib.StaticUserWebFilter$StaticUserFilter) to context logs
2019-08-20 14:53:42,288 INFO  http.HttpServer2 (HttpServer2.java:addFilter(958)) - Added filter static_user_filter (class=org.apache.hadoop.http.lib.StaticUserWebFilter$StaticUserFilter) to context static
2019-08-20 14:53:42,289 INFO  http.HttpServer2 (HttpServer2.java:bindListener(1191)) - Jetty bound to port 39076
2019-08-20 14:53:42,289 INFO  server.Server (Server.java:doStart(351)) - jetty-9.3.24.v20180605, build timestamp: 2018-06-05T17:11:56Z, git hash: 84205aa28f11a4f31f2a3b86d1bba2cc8ab69827
2019-08-20 14:53:42,293 INFO  handler.ContextHandler (ContextHandler.java:doStart(781)) - Started o.e.j.s.ServletContextHandler@46a123e4{/logs,file:///workdir/hadoop-ozone/integration-test/target/log,AVAILABLE}
2019-08-20 14:53:42,294 INFO  handler.ContextHandler (ContextHandler.java:doStart(781)) - Started o.e.j.s.ServletContextHandler@3c28e5b6{/static,jar:file:/home/user/.m2/repository/org/apache/hadoop/hadoop-hdds-container-service/0.5.0-SNAPSHOT/hadoop-hdds-container-service-0.5.0-SNAPSHOT.jar!/webapps/static,AVAILABLE}
2019-08-20 14:53:42,334 INFO  handler.ContextHandler (ContextHandler.java:doStart(781)) - Started o.e.j.w.WebAppContext@5a14e60d{/,file:///tmp/jetty-0.0.0.0-39076-hddsDatanode-_-any-8105554825315029582.dir/webapp/,AVAILABLE}{/hddsDatanode}
2019-08-20 14:53:42,335 INFO  server.AbstractConnector (AbstractConnector.java:doStart(278)) - Started ServerConnector@f882465{HTTP/1.1,[http/1.1]}{0.0.0.0:39076}
2019-08-20 14:53:42,336 INFO  server.Server (Server.java:doStart(419)) - Started @7271ms
2019-08-20 14:53:42,337 INFO  server.BaseHttpServer (BaseHttpServer.java:updateConnectorAddress(213)) - HTTP server of HDDSDATANODE is listening at http://0.0.0.0:39076
2019-08-20 14:53:42,518 INFO  ozone.HddsDatanodeService (HddsDatanodeService.java:startPlugins(395)) - Started plug-in org.apache.hadoop.ozone.web.OzoneHddsDatanodeService@5a592c70
2019-08-20 14:53:42,519 INFO  impl.MetricsSystemImpl (MetricsSystemImpl.java:init(158)) - HddsDatanode metrics system started (again)
2019-08-20 14:53:42,521 INFO  util.JvmPauseMonitor (JvmPauseMonitor.java:run(188)) - Starting JVM pause monitor
2019-08-20 14:53:42,522 INFO  ozone.HddsDatanodeService (HddsDatanodeService.java:start(184)) - HddsDatanodeService host:pr-hdds-1054-6hltv-2752131155 ip:192.168.69.107
2019-08-20 14:53:42,523 INFO  datanode.InitDatanodeState (InitDatanodeState.java:persistContainerDatanodeDetails(140)) - DatanodeDetails is persisted to /workdir/hadoop-ozone/integration-test/target/test-dir/MiniOzoneClusterImpl-21e4d6e9-c99a-454d-a878-52e02252dc69/datanode-3/meta/datanode.id
2019-08-20 14:53:42,528 INFO  volume.HddsVolume (HddsVolume.java:<init>(176)) - Creating Volume: /workdir/hadoop-ozone/integration-test/target/test-dir/MiniOzoneClusterImpl-21e4d6e9-c99a-454d-a878-52e02252dc69/datanode-4/data/containers/hdds of  storage type : DISK and capacity : 1482555576320
2019-08-20 14:53:42,528 INFO  volume.VolumeSet (VolumeSet.java:initializeVolumeSet(170)) - Added Volume : /workdir/hadoop-ozone/integration-test/target/test-dir/MiniOzoneClusterImpl-21e4d6e9-c99a-454d-a878-52e02252dc69/datanode-4/data/containers/hdds to VolumeSet
2019-08-20 14:53:42,529 INFO  volume.ThrottledAsyncChecker (ThrottledAsyncChecker.java:schedule(140)) - Scheduling a check for org.apache.hadoop.ozone.container.common.volume.HddsVolume@3e6ec74
2019-08-20 14:53:42,529 INFO  volume.HddsVolumeChecker (HddsVolumeChecker.java:checkAllVolumes(203)) - Scheduled health check for volume org.apache.hadoop.ozone.container.common.volume.HddsVolume@3e6ec74
2019-08-20 14:53:42,544 INFO  impl.RaftServerProxy (ConfUtils.java:logGet(43)) - raft.rpc.type = GRPC (default)
2019-08-20 14:53:42,544 INFO  grpc.GrpcFactory (GrpcFactory.java:checkPooledByteBufAllocatorUseCacheForAllThreads(45)) - PERFORMANCE WARNING: useCacheForAllThreads is true that may cause Netty to create a lot garbage objects and, as a result, trigger GC.
	It is recommended to disable useCacheForAllThreads by setting -Dorg.apache.ratis.thirdparty.io.netty.allocator.useCacheForAllThreads=false in command line.
2019-08-20 14:53:42,545 INFO  grpc.GrpcConfigKeys$Server (ConfUtils.java:logGet(43)) - raft.grpc.server.port = 0 (default)
2019-08-20 14:53:42,545 INFO  server.GrpcService (ConfUtils.java:logGet(43)) - raft.grpc.message.size.max = 33570816 (custom)
2019-08-20 14:53:42,545 INFO  server.RaftServerConfigKeys (ConfUtils.java:logGet(43)) - raft.server.log.appender.buffer.byte-limit = 33554432 (custom)
2019-08-20 14:53:42,545 INFO  server.GrpcService (ConfUtils.java:logGet(43)) - raft.grpc.flow.control.window = 1MB (=1048576) (default)
2019-08-20 14:53:42,546 INFO  server.RaftServerConfigKeys (ConfUtils.java:logGet(43)) - raft.server.rpc.request.timeout = 3000ms (default)
2019-08-20 14:53:42,546 INFO  server.RaftServerConfigKeys (ConfUtils.java:logGet(43)) - raft.server.storage.dir = [/workdir/hadoop-ozone/integration-test/target/test-dir/MiniOzoneClusterImpl-21e4d6e9-c99a-454d-a878-52e02252dc69/datanode-4/data/ratis] (custom)
2019-08-20 14:53:42,547 INFO  replication.SimpleContainerDownloader (SimpleContainerDownloader.java:<init>(72)) - Starting container downloader service to copy containers to replicate.
2019-08-20 14:53:42,548 INFO  hdfs.DFSUtil (DFSUtil.java:httpServerTemplateForNNAndJN(1641)) - Starting Web-server for hddsDatanode at: http://0.0.0.0:0
2019-08-20 14:53:42,550 INFO  server.AuthenticationFilter (AuthenticationFilter.java:constructSecretProvider(240)) - Unable to initialize FileSignerSecretProvider, falling back to use random secrets.
2019-08-20 14:53:42,550 WARN  http.HttpRequestLog (HttpRequestLog.java:getRequestLog(97)) - Jetty request log can only be enabled using Log4j
2019-08-20 14:53:42,552 INFO  http.HttpServer2 (HttpServer2.java:addGlobalFilter(975)) - Added global filter 'safety' (class=org.apache.hadoop.http.HttpServer2$QuotingInputFilter)
2019-08-20 14:53:42,553 INFO  http.HttpServer2 (HttpServer2.java:addFilter(948)) - Added filter static_user_filter (class=org.apache.hadoop.http.lib.StaticUserWebFilter$StaticUserFilter) to context hddsDatanode
2019-08-20 14:53:42,553 INFO  http.HttpServer2 (HttpServer2.java:addFilter(958)) - Added filter static_user_filter (class=org.apache.hadoop.http.lib.StaticUserWebFilter$StaticUserFilter) to context logs
2019-08-20 14:53:42,554 INFO  http.HttpServer2 (HttpServer2.java:addFilter(958)) - Added filter static_user_filter (class=org.apache.hadoop.http.lib.StaticUserWebFilter$StaticUserFilter) to context static
2019-08-20 14:53:42,554 INFO  http.HttpServer2 (HttpServer2.java:bindListener(1191)) - Jetty bound to port 37169
2019-08-20 14:53:42,555 INFO  server.Server (Server.java:doStart(351)) - jetty-9.3.24.v20180605, build timestamp: 2018-06-05T17:11:56Z, git hash: 84205aa28f11a4f31f2a3b86d1bba2cc8ab69827
2019-08-20 14:53:42,559 INFO  handler.ContextHandler (ContextHandler.java:doStart(781)) - Started o.e.j.s.ServletContextHandler@10b8b900{/logs,file:///workdir/hadoop-ozone/integration-test/target/log,AVAILABLE}
2019-08-20 14:53:42,560 INFO  handler.ContextHandler (ContextHandler.java:doStart(781)) - Started o.e.j.s.ServletContextHandler@2801827a{/static,jar:file:/home/user/.m2/repository/org/apache/hadoop/hadoop-hdds-container-service/0.5.0-SNAPSHOT/hadoop-hdds-container-service-0.5.0-SNAPSHOT.jar!/webapps/static,AVAILABLE}
2019-08-20 14:53:42,604 INFO  handler.ContextHandler (ContextHandler.java:doStart(781)) - Started o.e.j.w.WebAppContext@5111de7c{/,file:///tmp/jetty-0.0.0.0-37169-hddsDatanode-_-any-6862786682653625431.dir/webapp/,AVAILABLE}{/hddsDatanode}
2019-08-20 14:53:42,606 INFO  server.AbstractConnector (AbstractConnector.java:doStart(278)) - Started ServerConnector@7ac48e10{HTTP/1.1,[http/1.1]}{0.0.0.0:37169}
2019-08-20 14:53:42,606 INFO  server.Server (Server.java:doStart(419)) - Started @7541ms
2019-08-20 14:53:42,607 INFO  server.BaseHttpServer (BaseHttpServer.java:updateConnectorAddress(213)) - HTTP server of HDDSDATANODE is listening at http://0.0.0.0:37169
2019-08-20 14:53:42,742 INFO  ozone.HddsDatanodeService (HddsDatanodeService.java:startPlugins(395)) - Started plug-in org.apache.hadoop.ozone.web.OzoneHddsDatanodeService@e3899fd
2019-08-20 14:53:42,742 INFO  impl.MetricsSystemImpl (MetricsSystemImpl.java:init(158)) - HddsDatanode metrics system started (again)
2019-08-20 14:53:42,746 INFO  util.JvmPauseMonitor (JvmPauseMonitor.java:run(188)) - Starting JVM pause monitor
2019-08-20 14:53:42,747 INFO  ozone.HddsDatanodeService (HddsDatanodeService.java:start(184)) - HddsDatanodeService host:pr-hdds-1054-6hltv-2752131155 ip:192.168.69.107
2019-08-20 14:53:42,749 INFO  datanode.InitDatanodeState (InitDatanodeState.java:persistContainerDatanodeDetails(140)) - DatanodeDetails is persisted to /workdir/hadoop-ozone/integration-test/target/test-dir/MiniOzoneClusterImpl-21e4d6e9-c99a-454d-a878-52e02252dc69/datanode-4/meta/datanode.id
2019-08-20 14:53:42,753 INFO  volume.HddsVolume (HddsVolume.java:<init>(176)) - Creating Volume: /workdir/hadoop-ozone/integration-test/target/test-dir/MiniOzoneClusterImpl-21e4d6e9-c99a-454d-a878-52e02252dc69/datanode-5/data/containers/hdds of  storage type : DISK and capacity : 1482555576320
2019-08-20 14:53:42,754 INFO  volume.VolumeSet (VolumeSet.java:initializeVolumeSet(170)) - Added Volume : /workdir/hadoop-ozone/integration-test/target/test-dir/MiniOzoneClusterImpl-21e4d6e9-c99a-454d-a878-52e02252dc69/datanode-5/data/containers/hdds to VolumeSet
2019-08-20 14:53:42,754 INFO  volume.ThrottledAsyncChecker (ThrottledAsyncChecker.java:schedule(140)) - Scheduling a check for org.apache.hadoop.ozone.container.common.volume.HddsVolume@c9b5a99
2019-08-20 14:53:42,754 INFO  volume.HddsVolumeChecker (HddsVolumeChecker.java:checkAllVolumes(203)) - Scheduled health check for volume org.apache.hadoop.ozone.container.common.volume.HddsVolume@c9b5a99
2019-08-20 14:53:42,769 INFO  impl.RaftServerProxy (ConfUtils.java:logGet(43)) - raft.rpc.type = GRPC (default)
2019-08-20 14:53:42,769 INFO  grpc.GrpcFactory (GrpcFactory.java:checkPooledByteBufAllocatorUseCacheForAllThreads(45)) - PERFORMANCE WARNING: useCacheForAllThreads is true that may cause Netty to create a lot garbage objects and, as a result, trigger GC.
	It is recommended to disable useCacheForAllThreads by setting -Dorg.apache.ratis.thirdparty.io.netty.allocator.useCacheForAllThreads=false in command line.
2019-08-20 14:53:42,770 INFO  grpc.GrpcConfigKeys$Server (ConfUtils.java:logGet(43)) - raft.grpc.server.port = 0 (default)
2019-08-20 14:53:42,770 INFO  server.GrpcService (ConfUtils.java:logGet(43)) - raft.grpc.message.size.max = 33570816 (custom)
2019-08-20 14:53:42,770 INFO  server.RaftServerConfigKeys (ConfUtils.java:logGet(43)) - raft.server.log.appender.buffer.byte-limit = 33554432 (custom)
2019-08-20 14:53:42,770 INFO  server.GrpcService (ConfUtils.java:logGet(43)) - raft.grpc.flow.control.window = 1MB (=1048576) (default)
2019-08-20 14:53:42,771 INFO  server.RaftServerConfigKeys (ConfUtils.java:logGet(43)) - raft.server.rpc.request.timeout = 3000ms (default)
2019-08-20 14:53:42,771 INFO  server.RaftServerConfigKeys (ConfUtils.java:logGet(43)) - raft.server.storage.dir = [/workdir/hadoop-ozone/integration-test/target/test-dir/MiniOzoneClusterImpl-21e4d6e9-c99a-454d-a878-52e02252dc69/datanode-5/data/ratis] (custom)
2019-08-20 14:53:42,772 INFO  replication.SimpleContainerDownloader (SimpleContainerDownloader.java:<init>(72)) - Starting container downloader service to copy containers to replicate.
2019-08-20 14:53:42,774 INFO  hdfs.DFSUtil (DFSUtil.java:httpServerTemplateForNNAndJN(1641)) - Starting Web-server for hddsDatanode at: http://0.0.0.0:0
2019-08-20 14:53:42,775 INFO  server.AuthenticationFilter (AuthenticationFilter.java:constructSecretProvider(240)) - Unable to initialize FileSignerSecretProvider, falling back to use random secrets.
2019-08-20 14:53:42,776 WARN  http.HttpRequestLog (HttpRequestLog.java:getRequestLog(97)) - Jetty request log can only be enabled using Log4j
2019-08-20 14:53:42,778 INFO  http.HttpServer2 (HttpServer2.java:addGlobalFilter(975)) - Added global filter 'safety' (class=org.apache.hadoop.http.HttpServer2$QuotingInputFilter)
2019-08-20 14:53:42,779 INFO  http.HttpServer2 (HttpServer2.java:addFilter(948)) - Added filter static_user_filter (class=org.apache.hadoop.http.lib.StaticUserWebFilter$StaticUserFilter) to context hddsDatanode
2019-08-20 14:53:42,779 INFO  http.HttpServer2 (HttpServer2.java:addFilter(958)) - Added filter static_user_filter (class=org.apache.hadoop.http.lib.StaticUserWebFilter$StaticUserFilter) to context logs
2019-08-20 14:53:42,779 INFO  http.HttpServer2 (HttpServer2.java:addFilter(958)) - Added filter static_user_filter (class=org.apache.hadoop.http.lib.StaticUserWebFilter$StaticUserFilter) to context static
2019-08-20 14:53:42,780 INFO  http.HttpServer2 (HttpServer2.java:bindListener(1191)) - Jetty bound to port 46880
2019-08-20 14:53:42,781 INFO  server.Server (Server.java:doStart(351)) - jetty-9.3.24.v20180605, build timestamp: 2018-06-05T17:11:56Z, git hash: 84205aa28f11a4f31f2a3b86d1bba2cc8ab69827
2019-08-20 14:53:42,783 INFO  handler.ContextHandler (ContextHandler.java:doStart(781)) - Started o.e.j.s.ServletContextHandler@6cdee57{/logs,file:///workdir/hadoop-ozone/integration-test/target/log,AVAILABLE}
2019-08-20 14:53:42,784 INFO  handler.ContextHandler (ContextHandler.java:doStart(781)) - Started o.e.j.s.ServletContextHandler@1edfedf1{/static,jar:file:/home/user/.m2/repository/org/apache/hadoop/hadoop-hdds-container-service/0.5.0-SNAPSHOT/hadoop-hdds-container-service-0.5.0-SNAPSHOT.jar!/webapps/static,AVAILABLE}
2019-08-20 14:53:42,824 INFO  handler.ContextHandler (ContextHandler.java:doStart(781)) - Started o.e.j.w.WebAppContext@2f09e6b2{/,file:///tmp/jetty-0.0.0.0-46880-hddsDatanode-_-any-5332918210228618850.dir/webapp/,AVAILABLE}{/hddsDatanode}
2019-08-20 14:53:42,826 INFO  server.AbstractConnector (AbstractConnector.java:doStart(278)) - Started ServerConnector@1bee0085{HTTP/1.1,[http/1.1]}{0.0.0.0:46880}
2019-08-20 14:53:42,826 INFO  server.Server (Server.java:doStart(419)) - Started @7761ms
2019-08-20 14:53:42,827 INFO  server.BaseHttpServer (BaseHttpServer.java:updateConnectorAddress(213)) - HTTP server of HDDSDATANODE is listening at http://0.0.0.0:46880
2019-08-20 14:53:42,970 INFO  ozone.HddsDatanodeService (HddsDatanodeService.java:startPlugins(395)) - Started plug-in org.apache.hadoop.ozone.web.OzoneHddsDatanodeService@1c62c3fd
2019-08-20 14:53:42,971 INFO  impl.MetricsSystemImpl (MetricsSystemImpl.java:init(158)) - HddsDatanode metrics system started (again)
2019-08-20 14:53:42,974 INFO  util.JvmPauseMonitor (JvmPauseMonitor.java:run(188)) - Starting JVM pause monitor
2019-08-20 14:53:42,975 INFO  ozone.HddsDatanodeService (HddsDatanodeService.java:start(184)) - HddsDatanodeService host:pr-hdds-1054-6hltv-2752131155 ip:192.168.69.107
2019-08-20 14:53:42,976 INFO  datanode.InitDatanodeState (InitDatanodeState.java:persistContainerDatanodeDetails(140)) - DatanodeDetails is persisted to /workdir/hadoop-ozone/integration-test/target/test-dir/MiniOzoneClusterImpl-21e4d6e9-c99a-454d-a878-52e02252dc69/datanode-5/meta/datanode.id
2019-08-20 14:53:42,983 INFO  volume.HddsVolume (HddsVolume.java:<init>(176)) - Creating Volume: /workdir/hadoop-ozone/integration-test/target/test-dir/MiniOzoneClusterImpl-21e4d6e9-c99a-454d-a878-52e02252dc69/datanode-6/data/containers/hdds of  storage type : DISK and capacity : 1482555576320
2019-08-20 14:53:42,984 INFO  volume.VolumeSet (VolumeSet.java:initializeVolumeSet(170)) - Added Volume : /workdir/hadoop-ozone/integration-test/target/test-dir/MiniOzoneClusterImpl-21e4d6e9-c99a-454d-a878-52e02252dc69/datanode-6/data/containers/hdds to VolumeSet
2019-08-20 14:53:42,984 INFO  volume.ThrottledAsyncChecker (ThrottledAsyncChecker.java:schedule(140)) - Scheduling a check for org.apache.hadoop.ozone.container.common.volume.HddsVolume@48567727
2019-08-20 14:53:42,985 INFO  volume.HddsVolumeChecker (HddsVolumeChecker.java:checkAllVolumes(203)) - Scheduled health check for volume org.apache.hadoop.ozone.container.common.volume.HddsVolume@48567727
2019-08-20 14:53:43,001 INFO  impl.RaftServerProxy (ConfUtils.java:logGet(43)) - raft.rpc.type = GRPC (default)
2019-08-20 14:53:43,001 INFO  grpc.GrpcFactory (GrpcFactory.java:checkPooledByteBufAllocatorUseCacheForAllThreads(45)) - PERFORMANCE WARNING: useCacheForAllThreads is true that may cause Netty to create a lot garbage objects and, as a result, trigger GC.
	It is recommended to disable useCacheForAllThreads by setting -Dorg.apache.ratis.thirdparty.io.netty.allocator.useCacheForAllThreads=false in command line.
2019-08-20 14:53:43,001 INFO  grpc.GrpcConfigKeys$Server (ConfUtils.java:logGet(43)) - raft.grpc.server.port = 0 (default)
2019-08-20 14:53:43,002 INFO  server.GrpcService (ConfUtils.java:logGet(43)) - raft.grpc.message.size.max = 33570816 (custom)
2019-08-20 14:53:43,002 INFO  server.RaftServerConfigKeys (ConfUtils.java:logGet(43)) - raft.server.log.appender.buffer.byte-limit = 33554432 (custom)
2019-08-20 14:53:43,002 INFO  server.GrpcService (ConfUtils.java:logGet(43)) - raft.grpc.flow.control.window = 1MB (=1048576) (default)
2019-08-20 14:53:43,003 INFO  server.RaftServerConfigKeys (ConfUtils.java:logGet(43)) - raft.server.rpc.request.timeout = 3000ms (default)
2019-08-20 14:53:43,003 INFO  server.RaftServerConfigKeys (ConfUtils.java:logGet(43)) - raft.server.storage.dir = [/workdir/hadoop-ozone/integration-test/target/test-dir/MiniOzoneClusterImpl-21e4d6e9-c99a-454d-a878-52e02252dc69/datanode-6/data/ratis] (custom)
2019-08-20 14:53:43,004 INFO  replication.SimpleContainerDownloader (SimpleContainerDownloader.java:<init>(72)) - Starting container downloader service to copy containers to replicate.
2019-08-20 14:53:43,005 INFO  hdfs.DFSUtil (DFSUtil.java:httpServerTemplateForNNAndJN(1641)) - Starting Web-server for hddsDatanode at: http://0.0.0.0:0
2019-08-20 14:53:43,007 INFO  server.AuthenticationFilter (AuthenticationFilter.java:constructSecretProvider(240)) - Unable to initialize FileSignerSecretProvider, falling back to use random secrets.
2019-08-20 14:53:43,008 WARN  http.HttpRequestLog (HttpRequestLog.java:getRequestLog(97)) - Jetty request log can only be enabled using Log4j
2019-08-20 14:53:43,010 INFO  http.HttpServer2 (HttpServer2.java:addGlobalFilter(975)) - Added global filter 'safety' (class=org.apache.hadoop.http.HttpServer2$QuotingInputFilter)
2019-08-20 14:53:43,011 INFO  http.HttpServer2 (HttpServer2.java:addFilter(948)) - Added filter static_user_filter (class=org.apache.hadoop.http.lib.StaticUserWebFilter$StaticUserFilter) to context hddsDatanode
2019-08-20 14:53:43,011 INFO  http.HttpServer2 (HttpServer2.java:addFilter(958)) - Added filter static_user_filter (class=org.apache.hadoop.http.lib.StaticUserWebFilter$StaticUserFilter) to context static
2019-08-20 14:53:43,011 INFO  http.HttpServer2 (HttpServer2.java:addFilter(958)) - Added filter static_user_filter (class=org.apache.hadoop.http.lib.StaticUserWebFilter$StaticUserFilter) to context logs
2019-08-20 14:53:43,012 INFO  http.HttpServer2 (HttpServer2.java:bindListener(1191)) - Jetty bound to port 40389
2019-08-20 14:53:43,012 INFO  server.Server (Server.java:doStart(351)) - jetty-9.3.24.v20180605, build timestamp: 2018-06-05T17:11:56Z, git hash: 84205aa28f11a4f31f2a3b86d1bba2cc8ab69827
2019-08-20 14:53:43,014 INFO  handler.ContextHandler (ContextHandler.java:doStart(781)) - Started o.e.j.s.ServletContextHandler@6c8efde4{/logs,file:///workdir/hadoop-ozone/integration-test/target/log,AVAILABLE}
2019-08-20 14:53:43,015 INFO  handler.ContextHandler (ContextHandler.java:doStart(781)) - Started o.e.j.s.ServletContextHandler@3b170235{/static,jar:file:/home/user/.m2/repository/org/apache/hadoop/hadoop-hdds-container-service/0.5.0-SNAPSHOT/hadoop-hdds-container-service-0.5.0-SNAPSHOT.jar!/webapps/static,AVAILABLE}
2019-08-20 14:53:43,101 INFO  handler.ContextHandler (ContextHandler.java:doStart(781)) - Started o.e.j.w.WebAppContext@6befbb12{/,file:///tmp/jetty-0.0.0.0-40389-hddsDatanode-_-any-6855017422407640578.dir/webapp/,AVAILABLE}{/hddsDatanode}
2019-08-20 14:53:43,103 INFO  server.AbstractConnector (AbstractConnector.java:doStart(278)) - Started ServerConnector@21d9cd04{HTTP/1.1,[http/1.1]}{0.0.0.0:40389}
2019-08-20 14:53:43,104 INFO  server.Server (Server.java:doStart(419)) - Started @8039ms
2019-08-20 14:53:43,106 INFO  server.BaseHttpServer (BaseHttpServer.java:updateConnectorAddress(213)) - HTTP server of HDDSDATANODE is listening at http://0.0.0.0:40389
2019-08-20 14:53:43,304 INFO  ozone.HddsDatanodeService (HddsDatanodeService.java:startPlugins(395)) - Started plug-in org.apache.hadoop.ozone.web.OzoneHddsDatanodeService@464aeb09
2019-08-20 14:53:43,307 INFO  ozone.MiniOzoneClusterImpl (MiniOzoneClusterImpl.java:lambda$waitForClusterToBeReady$0(142)) - Waiting for cluster to be ready. Got 0 of 7 DN Heartbeats.
2019-08-20 14:53:43,308 INFO  util.JvmPauseMonitor (JvmPauseMonitor.java:run(188)) - Starting JVM pause monitor
2019-08-20 14:53:43,311 INFO  datanode.InitDatanodeState (InitDatanodeState.java:persistContainerDatanodeDetails(140)) - DatanodeDetails is persisted to /workdir/hadoop-ozone/integration-test/target/test-dir/MiniOzoneClusterImpl-21e4d6e9-c99a-454d-a878-52e02252dc69/datanode-6/meta/datanode.id
2019-08-20 14:53:44,117 INFO  ozoneimpl.OzoneContainer (OzoneContainer.java:start(186)) - Attempting to start container services.
2019-08-20 14:53:44,117 INFO  ozoneimpl.OzoneContainer (OzoneContainer.java:start(186)) - Attempting to start container services.
2019-08-20 14:53:44,120 INFO  ozoneimpl.OzoneContainer (OzoneContainer.java:startContainerScrub(160)) - Background container scrubber has been disabled by hdds.containerscrub.enabled
2019-08-20 14:53:44,121 INFO  ozoneimpl.OzoneContainer (OzoneContainer.java:startContainerScrub(160)) - Background container scrubber has been disabled by hdds.containerscrub.enabled
2019-08-20 14:53:44,121 INFO  ratis.XceiverServerRatis (XceiverServerRatis.java:start(404)) - Starting XceiverServerRatis 2b4d4593-03da-45c4-a697-cd78daad85eb at port 0
2019-08-20 14:53:44,121 INFO  ratis.XceiverServerRatis (XceiverServerRatis.java:start(404)) - Starting XceiverServerRatis 9adc419d-8c51-46c2-afa7-2a9543020ca3 at port 0
2019-08-20 14:53:44,151 INFO  impl.RaftServerProxy (RaftServerProxy.java:lambda$start$3(299)) - 9adc419d-8c51-46c2-afa7-2a9543020ca3: start RPC server
2019-08-20 14:53:44,151 INFO  impl.RaftServerProxy (RaftServerProxy.java:lambda$start$3(299)) - 2b4d4593-03da-45c4-a697-cd78daad85eb: start RPC server
2019-08-20 14:53:44,279 INFO  ozoneimpl.OzoneContainer (OzoneContainer.java:start(186)) - Attempting to start container services.
2019-08-20 14:53:44,284 INFO  ozoneimpl.OzoneContainer (OzoneContainer.java:startContainerScrub(160)) - Background container scrubber has been disabled by hdds.containerscrub.enabled
2019-08-20 14:53:44,284 INFO  ratis.XceiverServerRatis (XceiverServerRatis.java:start(404)) - Starting XceiverServerRatis c56bca4c-c173-42bd-a810-5111441b8914 at port 0
2019-08-20 14:53:44,296 INFO  impl.RaftServerProxy (RaftServerProxy.java:lambda$start$3(299)) - c56bca4c-c173-42bd-a810-5111441b8914: start RPC server
2019-08-20 14:53:44,303 INFO  server.GrpcService (GrpcService.java:startImpl(149)) - 2b4d4593-03da-45c4-a697-cd78daad85eb: GrpcService started, listening on 0.0.0.0/0.0.0.0:33892
2019-08-20 14:53:44,303 INFO  server.GrpcService (GrpcService.java:startImpl(149)) - 9adc419d-8c51-46c2-afa7-2a9543020ca3: GrpcService started, listening on 0.0.0.0/0.0.0.0:35822
2019-08-20 14:53:44,303 INFO  server.GrpcService (GrpcService.java:startImpl(149)) - c56bca4c-c173-42bd-a810-5111441b8914: GrpcService started, listening on 0.0.0.0/0.0.0.0:37829
2019-08-20 14:53:44,304 INFO  ratis.XceiverServerRatis (XceiverServerRatis.java:start(414)) - XceiverServerRatis 9adc419d-8c51-46c2-afa7-2a9543020ca3 is started using port 35822
2019-08-20 14:53:44,304 INFO  ratis.XceiverServerRatis (XceiverServerRatis.java:start(414)) - XceiverServerRatis 2b4d4593-03da-45c4-a697-cd78daad85eb is started using port 33892
2019-08-20 14:53:44,304 INFO  ratis.XceiverServerRatis (XceiverServerRatis.java:start(414)) - XceiverServerRatis c56bca4c-c173-42bd-a810-5111441b8914 is started using port 37829
2019-08-20 14:53:44,308 INFO  ozone.MiniOzoneClusterImpl (MiniOzoneClusterImpl.java:lambda$waitForClusterToBeReady$0(142)) - Waiting for cluster to be ready. Got 0 of 7 DN Heartbeats.
2019-08-20 14:53:44,309 INFO  server.XceiverServerGrpc (XceiverServerGrpc.java:start(161)) - XceiverServerGrpc 2b4d4593-03da-45c4-a697-cd78daad85eb is started using port 32877
2019-08-20 14:53:44,309 INFO  server.XceiverServerGrpc (XceiverServerGrpc.java:start(161)) - XceiverServerGrpc c56bca4c-c173-42bd-a810-5111441b8914 is started using port 44925
2019-08-20 14:53:44,308 INFO  server.XceiverServerGrpc (XceiverServerGrpc.java:start(161)) - XceiverServerGrpc 9adc419d-8c51-46c2-afa7-2a9543020ca3 is started using port 35925
2019-08-20 14:53:44,541 INFO  ozoneimpl.OzoneContainer (OzoneContainer.java:start(186)) - Attempting to start container services.
2019-08-20 14:53:44,542 INFO  ozoneimpl.OzoneContainer (OzoneContainer.java:startContainerScrub(160)) - Background container scrubber has been disabled by hdds.containerscrub.enabled
2019-08-20 14:53:44,542 INFO  ratis.XceiverServerRatis (XceiverServerRatis.java:start(404)) - Starting XceiverServerRatis ad142a7e-96df-461f-a96b-5c8521832ae4 at port 0
2019-08-20 14:53:44,548 INFO  impl.RaftServerProxy (RaftServerProxy.java:lambda$start$3(299)) - ad142a7e-96df-461f-a96b-5c8521832ae4: start RPC server
2019-08-20 14:53:44,551 INFO  server.GrpcService (GrpcService.java:startImpl(149)) - ad142a7e-96df-461f-a96b-5c8521832ae4: GrpcService started, listening on 0.0.0.0/0.0.0.0:45080
2019-08-20 14:53:44,551 INFO  ratis.XceiverServerRatis (XceiverServerRatis.java:start(414)) - XceiverServerRatis ad142a7e-96df-461f-a96b-5c8521832ae4 is started using port 45080
2019-08-20 14:53:44,553 INFO  server.XceiverServerGrpc (XceiverServerGrpc.java:start(161)) - XceiverServerGrpc ad142a7e-96df-461f-a96b-5c8521832ae4 is started using port 35581
2019-08-20 14:53:44,802 INFO  ozoneimpl.OzoneContainer (OzoneContainer.java:start(186)) - Attempting to start container services.
2019-08-20 14:53:44,802 INFO  ozoneimpl.OzoneContainer (OzoneContainer.java:startContainerScrub(160)) - Background container scrubber has been disabled by hdds.containerscrub.enabled
2019-08-20 14:53:44,802 INFO  ratis.XceiverServerRatis (XceiverServerRatis.java:start(404)) - Starting XceiverServerRatis f39aa5fc-7605-42ea-a58b-15f94e0f6a78 at port 0
2019-08-20 14:53:44,810 INFO  impl.RaftServerProxy (RaftServerProxy.java:lambda$start$3(299)) - f39aa5fc-7605-42ea-a58b-15f94e0f6a78: start RPC server
2019-08-20 14:53:44,814 INFO  server.GrpcService (GrpcService.java:startImpl(149)) - f39aa5fc-7605-42ea-a58b-15f94e0f6a78: GrpcService started, listening on 0.0.0.0/0.0.0.0:38831
2019-08-20 14:53:44,814 INFO  ratis.XceiverServerRatis (XceiverServerRatis.java:start(414)) - XceiverServerRatis f39aa5fc-7605-42ea-a58b-15f94e0f6a78 is started using port 38831
2019-08-20 14:53:44,817 INFO  server.XceiverServerGrpc (XceiverServerGrpc.java:start(161)) - XceiverServerGrpc f39aa5fc-7605-42ea-a58b-15f94e0f6a78 is started using port 33205
2019-08-20 14:53:44,992 INFO  ozoneimpl.OzoneContainer (OzoneContainer.java:start(186)) - Attempting to start container services.
2019-08-20 14:53:44,992 INFO  ozoneimpl.OzoneContainer (OzoneContainer.java:startContainerScrub(160)) - Background container scrubber has been disabled by hdds.containerscrub.enabled
2019-08-20 14:53:44,992 INFO  ratis.XceiverServerRatis (XceiverServerRatis.java:start(404)) - Starting XceiverServerRatis 2380bf0b-cac6-4510-8ed0-9441f8f336c2 at port 0
2019-08-20 14:53:44,998 INFO  impl.RaftServerProxy (RaftServerProxy.java:lambda$start$3(299)) - 2380bf0b-cac6-4510-8ed0-9441f8f336c2: start RPC server
2019-08-20 14:53:45,003 INFO  server.GrpcService (GrpcService.java:startImpl(149)) - 2380bf0b-cac6-4510-8ed0-9441f8f336c2: GrpcService started, listening on 0.0.0.0/0.0.0.0:32941
2019-08-20 14:53:45,003 INFO  ratis.XceiverServerRatis (XceiverServerRatis.java:start(414)) - XceiverServerRatis 2380bf0b-cac6-4510-8ed0-9441f8f336c2 is started using port 32941
2019-08-20 14:53:45,006 INFO  server.XceiverServerGrpc (XceiverServerGrpc.java:start(161)) - XceiverServerGrpc 2380bf0b-cac6-4510-8ed0-9441f8f336c2 is started using port 40386
2019-08-20 14:53:45,311 INFO  ozone.MiniOzoneClusterImpl (MiniOzoneClusterImpl.java:lambda$waitForClusterToBeReady$0(142)) - Waiting for cluster to be ready. Got 0 of 7 DN Heartbeats.
2019-08-20 14:53:45,338 INFO  ozoneimpl.OzoneContainer (OzoneContainer.java:start(186)) - Attempting to start container services.
2019-08-20 14:53:45,338 INFO  ozoneimpl.OzoneContainer (OzoneContainer.java:startContainerScrub(160)) - Background container scrubber has been disabled by hdds.containerscrub.enabled
2019-08-20 14:53:45,338 INFO  ratis.XceiverServerRatis (XceiverServerRatis.java:start(404)) - Starting XceiverServerRatis fe3031ff-134f-45d8-93aa-0c9ccd82c642 at port 0
2019-08-20 14:53:45,345 INFO  impl.RaftServerProxy (RaftServerProxy.java:lambda$start$3(299)) - fe3031ff-134f-45d8-93aa-0c9ccd82c642: start RPC server
2019-08-20 14:53:45,350 INFO  server.GrpcService (GrpcService.java:startImpl(149)) - fe3031ff-134f-45d8-93aa-0c9ccd82c642: GrpcService started, listening on 0.0.0.0/0.0.0.0:44475
2019-08-20 14:53:45,350 INFO  ratis.XceiverServerRatis (XceiverServerRatis.java:start(414)) - XceiverServerRatis fe3031ff-134f-45d8-93aa-0c9ccd82c642 is started using port 44475
2019-08-20 14:53:45,353 INFO  server.XceiverServerGrpc (XceiverServerGrpc.java:start(161)) - XceiverServerGrpc fe3031ff-134f-45d8-93aa-0c9ccd82c642 is started using port 45595
2019-08-20 14:53:45,818 INFO  net.NetworkTopology (NetworkTopologyImpl.java:add(110)) - Added a new node: /default-rack/9adc419d-8c51-46c2-afa7-2a9543020ca3
2019-08-20 14:53:45,819 INFO  node.SCMNodeManager (SCMNodeManager.java:register(273)) - Registered Data node : 9adc419d-8c51-46c2-afa7-2a9543020ca3{ip: 192.168.69.107, host: pr-hdds-1054-6hltv-2752131155, networkLocation: /default-rack, certSerialId: null}
2019-08-20 14:53:45,823 INFO  safemode.SCMSafeModeManager (DataNodeSafeModeRule.java:process(71)) - SCM in safe mode. 1 DataNodes registered, 1 required.
2019-08-20 14:53:45,824 INFO  safemode.SCMSafeModeManager (SCMSafeModeManager.java:validateSafeModeExitRules(177)) - ScmSafeModeManager, all rules are successfully validated
2019-08-20 14:53:45,824 INFO  safemode.SCMSafeModeManager (SCMSafeModeManager.java:exitSafeMode(193)) - SCM exiting safe mode.
2019-08-20 14:53:46,030 INFO  net.NetworkTopology (NetworkTopologyImpl.java:add(110)) - Added a new node: /default-rack/2b4d4593-03da-45c4-a697-cd78daad85eb
2019-08-20 14:53:46,030 INFO  node.SCMNodeManager (SCMNodeManager.java:register(273)) - Registered Data node : 2b4d4593-03da-45c4-a697-cd78daad85eb{ip: 192.168.69.107, host: pr-hdds-1054-6hltv-2752131155, networkLocation: /default-rack, certSerialId: null}
2019-08-20 14:53:46,258 INFO  net.NetworkTopology (NetworkTopologyImpl.java:add(110)) - Added a new node: /default-rack/c56bca4c-c173-42bd-a810-5111441b8914
2019-08-20 14:53:46,258 INFO  node.SCMNodeManager (SCMNodeManager.java:register(273)) - Registered Data node : c56bca4c-c173-42bd-a810-5111441b8914{ip: 192.168.69.107, host: pr-hdds-1054-6hltv-2752131155, networkLocation: /default-rack, certSerialId: null}
2019-08-20 14:53:46,311 INFO  ozone.MiniOzoneClusterImpl (MiniOzoneClusterImpl.java:lambda$waitForClusterToBeReady$0(142)) - Waiting for cluster to be ready. Got 3 of 7 DN Heartbeats.
2019-08-20 14:53:46,657 INFO  net.NetworkTopology (NetworkTopologyImpl.java:add(110)) - Added a new node: /default-rack/ad142a7e-96df-461f-a96b-5c8521832ae4
2019-08-20 14:53:46,659 INFO  node.SCMNodeManager (SCMNodeManager.java:register(273)) - Registered Data node : ad142a7e-96df-461f-a96b-5c8521832ae4{ip: 192.168.69.107, host: pr-hdds-1054-6hltv-2752131155, networkLocation: /default-rack, certSerialId: null}
2019-08-20 14:53:46,671 INFO  impl.RaftServerProxy (RaftServerProxy.java:addNew(89)) - 9adc419d-8c51-46c2-afa7-2a9543020ca3: addNew group-997446700484:[9adc419d-8c51-46c2-afa7-2a9543020ca3:192.168.69.107:35822] returns group-997446700484:java.util.concurrent.CompletableFuture@7bb6748c[Not completed]
2019-08-20 14:53:46,688 INFO  impl.RaftServerImpl (RaftServerImpl.java:<init>(93)) - 9adc419d-8c51-46c2-afa7-2a9543020ca3: new RaftServerImpl for group-997446700484:[9adc419d-8c51-46c2-afa7-2a9543020ca3:192.168.69.107:35822] with ContainerStateMachine:uninitialized
2019-08-20 14:53:46,689 INFO  server.RaftServerConfigKeys (ConfUtils.java:logGet(43)) - raft.server.rpc.timeout.min = 5s (custom)
2019-08-20 14:53:46,691 INFO  server.RaftServerConfigKeys (ConfUtils.java:logGet(43)) - raft.server.rpc.timeout.max = 5200ms (custom)
2019-08-20 14:53:46,691 INFO  server.RaftServerConfigKeys (ConfUtils.java:logGet(43)) - raft.server.rpcslowness.timeout = 120s (custom)
2019-08-20 14:53:46,692 INFO  server.RaftServerConfigKeys (ConfUtils.java:logGet(43)) - raft.server.sleep.deviation.threshold = 300 (default)
2019-08-20 14:53:46,693 INFO  server.RaftServerConfigKeys (ConfUtils.java:logGet(43)) - raft.server.log.appender.install.snapshot.enabled = false (custom)
2019-08-20 14:53:46,699 INFO  impl.RaftServerImpl (ServerState.java:<init>(105)) - 9adc419d-8c51-46c2-afa7-2a9543020ca3:group-997446700484 ConfigurationManager, init=-1: [9adc419d-8c51-46c2-afa7-2a9543020ca3:192.168.69.107:35822], old=null, confs=<EMPTY_MAP>
2019-08-20 14:53:46,699 INFO  server.RaftServerConfigKeys (ConfUtils.java:logGet(43)) - raft.server.storage.dir = [/workdir/hadoop-ozone/integration-test/target/test-dir/MiniOzoneClusterImpl-21e4d6e9-c99a-454d-a878-52e02252dc69/datanode-0/data/ratis] (custom)
2019-08-20 14:53:46,706 INFO  storage.RaftStorageDirectory (RaftStorageDirectory.java:analyzeStorage(246)) - The storage directory /workdir/hadoop-ozone/integration-test/target/test-dir/MiniOzoneClusterImpl-21e4d6e9-c99a-454d-a878-52e02252dc69/datanode-0/data/ratis/843957ad-0f5b-49b9-a99e-997446700484 does not exist. Creating ...
2019-08-20 14:53:46,750 INFO  net.NetworkTopology (NetworkTopologyImpl.java:add(110)) - Added a new node: /default-rack/f39aa5fc-7605-42ea-a58b-15f94e0f6a78
2019-08-20 14:53:46,750 INFO  node.SCMNodeManager (SCMNodeManager.java:register(273)) - Registered Data node : f39aa5fc-7605-42ea-a58b-15f94e0f6a78{ip: 192.168.69.107, host: pr-hdds-1054-6hltv-2752131155, networkLocation: /default-rack, certSerialId: null}
2019-08-20 14:53:46,960 INFO  storage.RaftStorageDirectory (RaftStorageDirectory.java:tryLock(328)) - Lock on /workdir/hadoop-ozone/integration-test/target/test-dir/MiniOzoneClusterImpl-21e4d6e9-c99a-454d-a878-52e02252dc69/datanode-0/data/ratis/843957ad-0f5b-49b9-a99e-997446700484/in_use.lock acquired by nodename 6966@pr-hdds-1054-6hltv-2752131155
2019-08-20 14:53:46,979 INFO  net.NetworkTopology (NetworkTopologyImpl.java:add(110)) - Added a new node: /default-rack/2380bf0b-cac6-4510-8ed0-9441f8f336c2
2019-08-20 14:53:46,979 INFO  node.SCMNodeManager (SCMNodeManager.java:register(273)) - Registered Data node : 2380bf0b-cac6-4510-8ed0-9441f8f336c2{ip: 192.168.69.107, host: pr-hdds-1054-6hltv-2752131155, networkLocation: /default-rack, certSerialId: null}
2019-08-20 14:53:46,988 INFO  storage.RaftStorage (RaftStorage.java:format(72)) - Storage directory /workdir/hadoop-ozone/integration-test/target/test-dir/MiniOzoneClusterImpl-21e4d6e9-c99a-454d-a878-52e02252dc69/datanode-0/data/ratis/843957ad-0f5b-49b9-a99e-997446700484 has been successfully formatted.
2019-08-20 14:53:46,990 INFO  ratis.ContainerStateMachine (ContainerStateMachine.java:loadSnapshot(222)) - group-997446700484: The snapshot info is null. Setting the last applied indexto:(t:0, i:~)
2019-08-20 14:53:46,990 INFO  server.RaftServerConfigKeys (ConfUtils.java:logGet(43)) - raft.server.leader.election.timeout = 120s (custom)
2019-08-20 14:53:46,993 INFO  server.RaftServerConfigKeys (ConfUtils.java:logGet(43)) - raft.server.log.use.memory = false (default)
2019-08-20 14:53:46,997 INFO  server.RaftServerConfigKeys (ConfUtils.java:logGet(43)) - raft.server.log.purge.gap = 1000000000 (custom)
2019-08-20 14:53:46,998 INFO  server.RaftServerConfigKeys (ConfUtils.java:logGet(43)) - raft.server.log.appender.buffer.byte-limit = 33554432 (custom)
2019-08-20 14:53:46,999 INFO  server.RaftServerConfigKeys (ConfUtils.java:logGet(43)) - raft.server.log.segment.size.max = 1048576 (custom)
2019-08-20 14:53:47,003 INFO  server.RaftServerConfigKeys (ConfUtils.java:logGet(43)) - raft.server.log.segment.cache.num.max = 2 (custom)
2019-08-20 14:53:47,007 INFO  segmented.SegmentedRaftLogWorker (SegmentedRaftLogWorker.java:<init>(172)) - new 9adc419d-8c51-46c2-afa7-2a9543020ca3-SegmentedRaftLogWorker:Storage Directory /workdir/hadoop-ozone/integration-test/target/test-dir/MiniOzoneClusterImpl-21e4d6e9-c99a-454d-a878-52e02252dc69/datanode-0/data/ratis/843957ad-0f5b-49b9-a99e-997446700484 for RaftStorage:Storage Directory /workdir/hadoop-ozone/integration-test/target/test-dir/MiniOzoneClusterImpl-21e4d6e9-c99a-454d-a878-52e02252dc69/datanode-0/data/ratis/843957ad-0f5b-49b9-a99e-997446700484
2019-08-20 14:53:47,017 INFO  server.RaftServerConfigKeys (ConfUtils.java:logGet(43)) - raft.server.log.queue.byte-limit = 2147483647 (custom)
2019-08-20 14:53:47,017 INFO  server.RaftServerConfigKeys (ConfUtils.java:logGet(43)) - raft.server.log.queue.element-limit = 1024 (custom)
2019-08-20 14:53:47,021 INFO  server.RaftServerConfigKeys (ConfUtils.java:logGet(43)) - raft.server.log.segment.size.max = 1048576 (custom)
2019-08-20 14:53:47,022 INFO  server.RaftServerConfigKeys (ConfUtils.java:logGet(43)) - raft.server.log.preallocated.size = 16384 (custom)
2019-08-20 14:53:47,022 INFO  server.RaftServerConfigKeys (ConfUtils.java:logGet(43)) - raft.server.log.write.buffer.size = 33554432 (custom)
2019-08-20 14:53:47,022 INFO  server.RaftServerConfigKeys (ConfUtils.java:logGet(43)) - raft.server.log.force.sync.num = 128 (default)
2019-08-20 14:53:47,023 INFO  server.RaftServerConfigKeys (ConfUtils.java:logGet(43)) - raft.server.log.statemachine.data.sync = true (default)
2019-08-20 14:53:47,023 INFO  server.RaftServerConfigKeys (ConfUtils.java:logGet(43)) - raft.server.log.statemachine.data.sync.timeout = 10s (default)
2019-08-20 14:53:47,024 INFO  server.RaftServerConfigKeys (ConfUtils.java:logGet(43)) - raft.server.log.statemachine.data.sync.timeout.retry = -1 (default)
2019-08-20 14:53:47,030 INFO  server.RaftServerConfigKeys (ConfUtils.java:logGet(43)) - raft.server.log.statemachine.data.caching.enabled = true (custom)
2019-08-20 14:53:47,034 INFO  segmented.SegmentedRaftLogWorker (SegmentedRaftLogWorker.java:lambda$new$0(132)) - 9adc419d-8c51-46c2-afa7-2a9543020ca3-SegmentedRaftLogWorker:Storage Directory /workdir/hadoop-ozone/integration-test/target/test-dir/MiniOzoneClusterImpl-21e4d6e9-c99a-454d-a878-52e02252dc69/datanode-0/data/ratis/843957ad-0f5b-49b9-a99e-997446700484: flushIndex: setUnconditionally 0 -> -1
2019-08-20 14:53:47,037 INFO  server.RaftServerConfigKeys (ConfUtils.java:logGet(43)) - raft.server.snapshot.auto.trigger.enabled = true (custom)
2019-08-20 14:53:47,038 INFO  server.RaftServerConfigKeys (ConfUtils.java:logGet(43)) - raft.server.snapshot.auto.trigger.threshold = 10000 (custom)
2019-08-20 14:53:47,038 INFO  server.RaftServerConfigKeys (ConfUtils.java:logGet(43)) - raft.server.retrycache.expirytime = 600000ms (custom)
2019-08-20 14:53:47,056 INFO  impl.RaftServerImpl (RaftServerImpl.java:start(180)) - 9adc419d-8c51-46c2-afa7-2a9543020ca3: start group-997446700484
2019-08-20 14:53:47,057 INFO  impl.RaftServerImpl (RaftServerImpl.java:setRole(171)) - 9adc419d-8c51-46c2-afa7-2a9543020ca3:group-997446700484 changes role from null to FOLLOWER at term 0 for startAsFollower
2019-08-20 14:53:47,058 INFO  impl.RoleInfo (RoleInfo.java:updateAndGet(143)) - 9adc419d-8c51-46c2-afa7-2a9543020ca3: start FollowerState
2019-08-20 14:53:47,059 INFO  util.JmxRegister (JmxRegister.java:tryRegister(44)) - Successfully registered JMX Bean with object name Ratis:service=RaftServer,group=group-997446700484,id=9adc419d-8c51-46c2-afa7-2a9543020ca3
2019-08-20 14:53:47,106 INFO  pipeline.PipelineStateManager (PipelineStateManager.java:addPipeline(56)) - Created pipeline Pipeline[ Id: 843957ad-0f5b-49b9-a99e-997446700484, Nodes: 9adc419d-8c51-46c2-afa7-2a9543020ca3{ip: 192.168.69.107, host: pr-hdds-1054-6hltv-2752131155, networkLocation: /default-rack, certSerialId: null}, Type:RATIS, Factor:ONE, State:OPEN]
2019-08-20 14:53:47,130 INFO  impl.RaftServerProxy (RaftServerProxy.java:addNew(89)) - ad142a7e-96df-461f-a96b-5c8521832ae4: addNew group-816E46009CF6:[ad142a7e-96df-461f-a96b-5c8521832ae4:192.168.69.107:45080] returns group-816E46009CF6:java.util.concurrent.CompletableFuture@55b5cb8[Not completed]
2019-08-20 14:53:47,174 INFO  impl.RaftServerImpl (RaftServerImpl.java:<init>(93)) - ad142a7e-96df-461f-a96b-5c8521832ae4: new RaftServerImpl for group-816E46009CF6:[ad142a7e-96df-461f-a96b-5c8521832ae4:192.168.69.107:45080] with ContainerStateMachine:uninitialized
2019-08-20 14:53:47,175 INFO  server.RaftServerConfigKeys (ConfUtils.java:logGet(43)) - raft.server.rpc.timeout.min = 5s (custom)
2019-08-20 14:53:47,175 INFO  server.RaftServerConfigKeys (ConfUtils.java:logGet(43)) - raft.server.rpc.timeout.max = 5200ms (custom)
2019-08-20 14:53:47,175 INFO  server.RaftServerConfigKeys (ConfUtils.java:logGet(43)) - raft.server.rpcslowness.timeout = 120s (custom)
2019-08-20 14:53:47,175 INFO  server.RaftServerConfigKeys (ConfUtils.java:logGet(43)) - raft.server.sleep.deviation.threshold = 300 (default)
2019-08-20 14:53:47,175 INFO  server.RaftServerConfigKeys (ConfUtils.java:logGet(43)) - raft.server.log.appender.install.snapshot.enabled = false (custom)
2019-08-20 14:53:47,176 INFO  impl.RaftServerImpl (ServerState.java:<init>(105)) - ad142a7e-96df-461f-a96b-5c8521832ae4:group-816E46009CF6 ConfigurationManager, init=-1: [ad142a7e-96df-461f-a96b-5c8521832ae4:192.168.69.107:45080], old=null, confs=<EMPTY_MAP>
2019-08-20 14:53:47,176 INFO  server.RaftServerConfigKeys (ConfUtils.java:logGet(43)) - raft.server.storage.dir = [/workdir/hadoop-ozone/integration-test/target/test-dir/MiniOzoneClusterImpl-21e4d6e9-c99a-454d-a878-52e02252dc69/datanode-3/data/ratis] (custom)
2019-08-20 14:53:47,176 INFO  storage.RaftStorageDirectory (RaftStorageDirectory.java:analyzeStorage(246)) - The storage directory /workdir/hadoop-ozone/integration-test/target/test-dir/MiniOzoneClusterImpl-21e4d6e9-c99a-454d-a878-52e02252dc69/datanode-3/data/ratis/62ce7297-ddae-4a03-a2f2-816e46009cf6 does not exist. Creating ...
2019-08-20 14:53:47,203 INFO  storage.RaftStorageDirectory (RaftStorageDirectory.java:tryLock(328)) - Lock on /workdir/hadoop-ozone/integration-test/target/test-dir/MiniOzoneClusterImpl-21e4d6e9-c99a-454d-a878-52e02252dc69/datanode-3/data/ratis/62ce7297-ddae-4a03-a2f2-816e46009cf6/in_use.lock acquired by nodename 6966@pr-hdds-1054-6hltv-2752131155
2019-08-20 14:53:47,223 INFO  storage.RaftStorage (RaftStorage.java:format(72)) - Storage directory /workdir/hadoop-ozone/integration-test/target/test-dir/MiniOzoneClusterImpl-21e4d6e9-c99a-454d-a878-52e02252dc69/datanode-3/data/ratis/62ce7297-ddae-4a03-a2f2-816e46009cf6 has been successfully formatted.
2019-08-20 14:53:47,225 INFO  ratis.ContainerStateMachine (ContainerStateMachine.java:loadSnapshot(222)) - group-816E46009CF6: The snapshot info is null. Setting the last applied indexto:(t:0, i:~)
2019-08-20 14:53:47,226 INFO  server.RaftServerConfigKeys (ConfUtils.java:logGet(43)) - raft.server.leader.election.timeout = 120s (custom)
2019-08-20 14:53:47,226 INFO  server.RaftServerConfigKeys (ConfUtils.java:logGet(43)) - raft.server.log.use.memory = false (default)
2019-08-20 14:53:47,226 INFO  server.RaftServerConfigKeys (ConfUtils.java:logGet(43)) - raft.server.log.purge.gap = 1000000000 (custom)
2019-08-20 14:53:47,226 INFO  server.RaftServerConfigKeys (ConfUtils.java:logGet(43)) - raft.server.log.appender.buffer.byte-limit = 33554432 (custom)
2019-08-20 14:53:47,226 INFO  server.RaftServerConfigKeys (ConfUtils.java:logGet(43)) - raft.server.log.segment.size.max = 1048576 (custom)
2019-08-20 14:53:47,227 INFO  server.RaftServerConfigKeys (ConfUtils.java:logGet(43)) - raft.server.log.segment.cache.num.max = 2 (custom)
2019-08-20 14:53:47,227 INFO  segmented.SegmentedRaftLogWorker (SegmentedRaftLogWorker.java:<init>(172)) - new ad142a7e-96df-461f-a96b-5c8521832ae4-SegmentedRaftLogWorker:Storage Directory /workdir/hadoop-ozone/integration-test/target/test-dir/MiniOzoneClusterImpl-21e4d6e9-c99a-454d-a878-52e02252dc69/datanode-3/data/ratis/62ce7297-ddae-4a03-a2f2-816e46009cf6 for RaftStorage:Storage Directory /workdir/hadoop-ozone/integration-test/target/test-dir/MiniOzoneClusterImpl-21e4d6e9-c99a-454d-a878-52e02252dc69/datanode-3/data/ratis/62ce7297-ddae-4a03-a2f2-816e46009cf6
2019-08-20 14:53:47,228 INFO  server.RaftServerConfigKeys (ConfUtils.java:logGet(43)) - raft.server.log.queue.byte-limit = 2147483647 (custom)
2019-08-20 14:53:47,228 INFO  server.RaftServerConfigKeys (ConfUtils.java:logGet(43)) - raft.server.log.queue.element-limit = 1024 (custom)
2019-08-20 14:53:47,228 INFO  server.RaftServerConfigKeys (ConfUtils.java:logGet(43)) - raft.server.log.segment.size.max = 1048576 (custom)
2019-08-20 14:53:47,228 INFO  server.RaftServerConfigKeys (ConfUtils.java:logGet(43)) - raft.server.log.preallocated.size = 16384 (custom)
2019-08-20 14:53:47,229 INFO  server.RaftServerConfigKeys (ConfUtils.java:logGet(43)) - raft.server.log.write.buffer.size = 33554432 (custom)
2019-08-20 14:53:47,229 INFO  server.RaftServerConfigKeys (ConfUtils.java:logGet(43)) - raft.server.log.force.sync.num = 128 (default)
2019-08-20 14:53:47,229 INFO  server.RaftServerConfigKeys (ConfUtils.java:logGet(43)) - raft.server.log.statemachine.data.sync = true (default)
2019-08-20 14:53:47,229 INFO  server.RaftServerConfigKeys (ConfUtils.java:logGet(43)) - raft.server.log.statemachine.data.sync.timeout = 10s (default)
2019-08-20 14:53:47,229 INFO  server.RaftServerConfigKeys (ConfUtils.java:logGet(43)) - raft.server.log.statemachine.data.sync.timeout.retry = -1 (default)
2019-08-20 14:53:47,229 INFO  server.RaftServerConfigKeys (ConfUtils.java:logGet(43)) - raft.server.log.statemachine.data.caching.enabled = true (custom)
2019-08-20 14:53:47,230 INFO  segmented.SegmentedRaftLogWorker (SegmentedRaftLogWorker.java:lambda$new$0(132)) - ad142a7e-96df-461f-a96b-5c8521832ae4-SegmentedRaftLogWorker:Storage Directory /workdir/hadoop-ozone/integration-test/target/test-dir/MiniOzoneClusterImpl-21e4d6e9-c99a-454d-a878-52e02252dc69/datanode-3/data/ratis/62ce7297-ddae-4a03-a2f2-816e46009cf6: flushIndex: setUnconditionally 0 -> -1
2019-08-20 14:53:47,230 INFO  server.RaftServerConfigKeys (ConfUtils.java:logGet(43)) - raft.server.snapshot.auto.trigger.enabled = true (custom)
2019-08-20 14:53:47,230 INFO  server.RaftServerConfigKeys (ConfUtils.java:logGet(43)) - raft.server.snapshot.auto.trigger.threshold = 10000 (custom)
2019-08-20 14:53:47,230 INFO  server.RaftServerConfigKeys (ConfUtils.java:logGet(43)) - raft.server.retrycache.expirytime = 600000ms (custom)
2019-08-20 14:53:47,231 INFO  impl.RaftServerImpl (RaftServerImpl.java:start(180)) - ad142a7e-96df-461f-a96b-5c8521832ae4: start group-816E46009CF6
2019-08-20 14:53:47,231 INFO  impl.RaftServerImpl (RaftServerImpl.java:setRole(171)) - ad142a7e-96df-461f-a96b-5c8521832ae4:group-816E46009CF6 changes role from null to FOLLOWER at term 0 for startAsFollower
2019-08-20 14:53:47,231 INFO  impl.RoleInfo (RoleInfo.java:updateAndGet(143)) - ad142a7e-96df-461f-a96b-5c8521832ae4: start FollowerState
2019-08-20 14:53:47,233 INFO  util.JmxRegister (JmxRegister.java:tryRegister(44)) - Successfully registered JMX Bean with object name Ratis:service=RaftServer,group=group-816E46009CF6,id=ad142a7e-96df-461f-a96b-5c8521832ae4
2019-08-20 14:53:47,245 INFO  pipeline.PipelineStateManager (PipelineStateManager.java:addPipeline(56)) - Created pipeline Pipeline[ Id: 62ce7297-ddae-4a03-a2f2-816e46009cf6, Nodes: ad142a7e-96df-461f-a96b-5c8521832ae4{ip: 192.168.69.107, host: pr-hdds-1054-6hltv-2752131155, networkLocation: /default-rack, certSerialId: null}, Type:RATIS, Factor:ONE, State:OPEN]
2019-08-20 14:53:47,269 INFO  impl.RaftServerProxy (RaftServerProxy.java:addNew(89)) - c56bca4c-c173-42bd-a810-5111441b8914: addNew group-15B0D598E2E0:[c56bca4c-c173-42bd-a810-5111441b8914:192.168.69.107:37829] returns group-15B0D598E2E0:java.util.concurrent.CompletableFuture@1e4edf7a[Not completed]
2019-08-20 14:53:47,282 INFO  impl.RaftServerImpl (RaftServerImpl.java:<init>(93)) - c56bca4c-c173-42bd-a810-5111441b8914: new RaftServerImpl for group-15B0D598E2E0:[c56bca4c-c173-42bd-a810-5111441b8914:192.168.69.107:37829] with ContainerStateMachine:uninitialized
2019-08-20 14:53:47,282 INFO  server.RaftServerConfigKeys (ConfUtils.java:logGet(43)) - raft.server.rpc.timeout.min = 5s (custom)
2019-08-20 14:53:47,282 INFO  server.RaftServerConfigKeys (ConfUtils.java:logGet(43)) - raft.server.rpc.timeout.max = 5200ms (custom)
2019-08-20 14:53:47,283 INFO  server.RaftServerConfigKeys (ConfUtils.java:logGet(43)) - raft.server.rpcslowness.timeout = 120s (custom)
2019-08-20 14:53:47,283 INFO  server.RaftServerConfigKeys (ConfUtils.java:logGet(43)) - raft.server.sleep.deviation.threshold = 300 (default)
2019-08-20 14:53:47,283 INFO  server.RaftServerConfigKeys (ConfUtils.java:logGet(43)) - raft.server.log.appender.install.snapshot.enabled = false (custom)
2019-08-20 14:53:47,283 INFO  impl.RaftServerImpl (ServerState.java:<init>(105)) - c56bca4c-c173-42bd-a810-5111441b8914:group-15B0D598E2E0 ConfigurationManager, init=-1: [c56bca4c-c173-42bd-a810-5111441b8914:192.168.69.107:37829], old=null, confs=<EMPTY_MAP>
2019-08-20 14:53:47,283 INFO  server.RaftServerConfigKeys (ConfUtils.java:logGet(43)) - raft.server.storage.dir = [/workdir/hadoop-ozone/integration-test/target/test-dir/MiniOzoneClusterImpl-21e4d6e9-c99a-454d-a878-52e02252dc69/datanode-2/data/ratis] (custom)
2019-08-20 14:53:47,284 INFO  storage.RaftStorageDirectory (RaftStorageDirectory.java:analyzeStorage(246)) - The storage directory /workdir/hadoop-ozone/integration-test/target/test-dir/MiniOzoneClusterImpl-21e4d6e9-c99a-454d-a878-52e02252dc69/datanode-2/data/ratis/ec5e4faf-e3f9-4a90-ad69-15b0d598e2e0 does not exist. Creating ...
2019-08-20 14:53:47,297 INFO  storage.RaftStorageDirectory (RaftStorageDirectory.java:tryLock(328)) - Lock on /workdir/hadoop-ozone/integration-test/target/test-dir/MiniOzoneClusterImpl-21e4d6e9-c99a-454d-a878-52e02252dc69/datanode-2/data/ratis/ec5e4faf-e3f9-4a90-ad69-15b0d598e2e0/in_use.lock acquired by nodename 6966@pr-hdds-1054-6hltv-2752131155
2019-08-20 14:53:47,312 INFO  ozone.MiniOzoneClusterImpl (MiniOzoneClusterImpl.java:lambda$waitForClusterToBeReady$0(142)) - Waiting for cluster to be ready. Got 6 of 7 DN Heartbeats.
2019-08-20 14:53:47,312 INFO  net.NetworkTopology (NetworkTopologyImpl.java:add(110)) - Added a new node: /default-rack/fe3031ff-134f-45d8-93aa-0c9ccd82c642
2019-08-20 14:53:47,312 INFO  node.SCMNodeManager (SCMNodeManager.java:register(273)) - Registered Data node : fe3031ff-134f-45d8-93aa-0c9ccd82c642{ip: 192.168.69.107, host: pr-hdds-1054-6hltv-2752131155, networkLocation: /default-rack, certSerialId: null}
2019-08-20 14:53:47,324 INFO  storage.RaftStorage (RaftStorage.java:format(72)) - Storage directory /workdir/hadoop-ozone/integration-test/target/test-dir/MiniOzoneClusterImpl-21e4d6e9-c99a-454d-a878-52e02252dc69/datanode-2/data/ratis/ec5e4faf-e3f9-4a90-ad69-15b0d598e2e0 has been successfully formatted.
2019-08-20 14:53:47,324 INFO  ratis.ContainerStateMachine (ContainerStateMachine.java:loadSnapshot(222)) - group-15B0D598E2E0: The snapshot info is null. Setting the last applied indexto:(t:0, i:~)
2019-08-20 14:53:47,325 INFO  server.RaftServerConfigKeys (ConfUtils.java:logGet(43)) - raft.server.leader.election.timeout = 120s (custom)
2019-08-20 14:53:47,325 INFO  server.RaftServerConfigKeys (ConfUtils.java:logGet(43)) - raft.server.log.use.memory = false (default)
2019-08-20 14:53:47,325 INFO  server.RaftServerConfigKeys (ConfUtils.java:logGet(43)) - raft.server.log.purge.gap = 1000000000 (custom)
2019-08-20 14:53:47,325 INFO  server.RaftServerConfigKeys (ConfUtils.java:logGet(43)) - raft.server.log.appender.buffer.byte-limit = 33554432 (custom)
2019-08-20 14:53:47,325 INFO  server.RaftServerConfigKeys (ConfUtils.java:logGet(43)) - raft.server.log.segment.size.max = 1048576 (custom)
2019-08-20 14:53:47,325 INFO  server.RaftServerConfigKeys (ConfUtils.java:logGet(43)) - raft.server.log.segment.cache.num.max = 2 (custom)
2019-08-20 14:53:47,326 INFO  segmented.SegmentedRaftLogWorker (SegmentedRaftLogWorker.java:<init>(172)) - new c56bca4c-c173-42bd-a810-5111441b8914-SegmentedRaftLogWorker:Storage Directory /workdir/hadoop-ozone/integration-test/target/test-dir/MiniOzoneClusterImpl-21e4d6e9-c99a-454d-a878-52e02252dc69/datanode-2/data/ratis/ec5e4faf-e3f9-4a90-ad69-15b0d598e2e0 for RaftStorage:Storage Directory /workdir/hadoop-ozone/integration-test/target/test-dir/MiniOzoneClusterImpl-21e4d6e9-c99a-454d-a878-52e02252dc69/datanode-2/data/ratis/ec5e4faf-e3f9-4a90-ad69-15b0d598e2e0
2019-08-20 14:53:47,326 INFO  server.RaftServerConfigKeys (ConfUtils.java:logGet(43)) - raft.server.log.queue.byte-limit = 2147483647 (custom)
2019-08-20 14:53:47,326 INFO  server.RaftServerConfigKeys (ConfUtils.java:logGet(43)) - raft.server.log.queue.element-limit = 1024 (custom)
2019-08-20 14:53:47,326 INFO  server.RaftServerConfigKeys (ConfUtils.java:logGet(43)) - raft.server.log.segment.size.max = 1048576 (custom)
2019-08-20 14:53:47,327 INFO  server.RaftServerConfigKeys (ConfUtils.java:logGet(43)) - raft.server.log.preallocated.size = 16384 (custom)
2019-08-20 14:53:47,327 INFO  server.RaftServerConfigKeys (ConfUtils.java:logGet(43)) - raft.server.log.write.buffer.size = 33554432 (custom)
2019-08-20 14:53:47,327 INFO  server.RaftServerConfigKeys (ConfUtils.java:logGet(43)) - raft.server.log.force.sync.num = 128 (default)
2019-08-20 14:53:47,327 INFO  server.RaftServerConfigKeys (ConfUtils.java:logGet(43)) - raft.server.log.statemachine.data.sync = true (default)
2019-08-20 14:53:47,327 INFO  server.RaftServerConfigKeys (ConfUtils.java:logGet(43)) - raft.server.log.statemachine.data.sync.timeout = 10s (default)
2019-08-20 14:53:47,327 INFO  server.RaftServerConfigKeys (ConfUtils.java:logGet(43)) - raft.server.log.statemachine.data.sync.timeout.retry = -1 (default)
2019-08-20 14:53:47,328 INFO  server.RaftServerConfigKeys (ConfUtils.java:logGet(43)) - raft.server.log.statemachine.data.caching.enabled = true (custom)
2019-08-20 14:53:47,328 INFO  segmented.SegmentedRaftLogWorker (SegmentedRaftLogWorker.java:lambda$new$0(132)) - c56bca4c-c173-42bd-a810-5111441b8914-SegmentedRaftLogWorker:Storage Directory /workdir/hadoop-ozone/integration-test/target/test-dir/MiniOzoneClusterImpl-21e4d6e9-c99a-454d-a878-52e02252dc69/datanode-2/data/ratis/ec5e4faf-e3f9-4a90-ad69-15b0d598e2e0: flushIndex: setUnconditionally 0 -> -1
2019-08-20 14:53:47,328 INFO  server.RaftServerConfigKeys (ConfUtils.java:logGet(43)) - raft.server.snapshot.auto.trigger.enabled = true (custom)
2019-08-20 14:53:47,328 INFO  server.RaftServerConfigKeys (ConfUtils.java:logGet(43)) - raft.server.snapshot.auto.trigger.threshold = 10000 (custom)
2019-08-20 14:53:47,329 INFO  server.RaftServerConfigKeys (ConfUtils.java:logGet(43)) - raft.server.retrycache.expirytime = 600000ms (custom)
2019-08-20 14:53:47,329 INFO  impl.RaftServerImpl (RaftServerImpl.java:start(180)) - c56bca4c-c173-42bd-a810-5111441b8914: start group-15B0D598E2E0
2019-08-20 14:53:47,329 INFO  impl.RaftServerImpl (RaftServerImpl.java:setRole(171)) - c56bca4c-c173-42bd-a810-5111441b8914:group-15B0D598E2E0 changes role from null to FOLLOWER at term 0 for startAsFollower
2019-08-20 14:53:47,329 INFO  impl.RoleInfo (RoleInfo.java:updateAndGet(143)) - c56bca4c-c173-42bd-a810-5111441b8914: start FollowerState
2019-08-20 14:53:47,329 INFO  util.JmxRegister (JmxRegister.java:tryRegister(44)) - Successfully registered JMX Bean with object name Ratis:service=RaftServer,group=group-15B0D598E2E0,id=c56bca4c-c173-42bd-a810-5111441b8914
2019-08-20 14:53:47,342 INFO  pipeline.PipelineStateManager (PipelineStateManager.java:addPipeline(56)) - Created pipeline Pipeline[ Id: ec5e4faf-e3f9-4a90-ad69-15b0d598e2e0, Nodes: c56bca4c-c173-42bd-a810-5111441b8914{ip: 192.168.69.107, host: pr-hdds-1054-6hltv-2752131155, networkLocation: /default-rack, certSerialId: null}, Type:RATIS, Factor:ONE, State:OPEN]
2019-08-20 14:53:47,363 INFO  impl.RaftServerProxy (RaftServerProxy.java:addNew(89)) - 2b4d4593-03da-45c4-a697-cd78daad85eb: addNew group-405381620E8F:[2b4d4593-03da-45c4-a697-cd78daad85eb:192.168.69.107:33892] returns group-405381620E8F:java.util.concurrent.CompletableFuture@6e08b8[Not completed]
2019-08-20 14:53:47,364 INFO  impl.RaftServerImpl (RaftServerImpl.java:<init>(93)) - 2b4d4593-03da-45c4-a697-cd78daad85eb: new RaftServerImpl for group-405381620E8F:[2b4d4593-03da-45c4-a697-cd78daad85eb:192.168.69.107:33892] with ContainerStateMachine:uninitialized
2019-08-20 14:53:47,364 INFO  server.RaftServerConfigKeys (ConfUtils.java:logGet(43)) - raft.server.rpc.timeout.min = 5s (custom)
2019-08-20 14:53:47,364 INFO  server.RaftServerConfigKeys (ConfUtils.java:logGet(43)) - raft.server.rpc.timeout.max = 5200ms (custom)
2019-08-20 14:53:47,364 INFO  server.RaftServerConfigKeys (ConfUtils.java:logGet(43)) - raft.server.rpcslowness.timeout = 120s (custom)
2019-08-20 14:53:47,364 INFO  server.RaftServerConfigKeys (ConfUtils.java:logGet(43)) - raft.server.sleep.deviation.threshold = 300 (default)
2019-08-20 14:53:47,365 INFO  server.RaftServerConfigKeys (ConfUtils.java:logGet(43)) - raft.server.log.appender.install.snapshot.enabled = false (custom)
2019-08-20 14:53:47,365 INFO  impl.RaftServerImpl (ServerState.java:<init>(105)) - 2b4d4593-03da-45c4-a697-cd78daad85eb:group-405381620E8F ConfigurationManager, init=-1: [2b4d4593-03da-45c4-a697-cd78daad85eb:192.168.69.107:33892], old=null, confs=<EMPTY_MAP>
2019-08-20 14:53:47,365 INFO  server.RaftServerConfigKeys (ConfUtils.java:logGet(43)) - raft.server.storage.dir = [/workdir/hadoop-ozone/integration-test/target/test-dir/MiniOzoneClusterImpl-21e4d6e9-c99a-454d-a878-52e02252dc69/datanode-1/data/ratis] (custom)
2019-08-20 14:53:47,365 INFO  storage.RaftStorageDirectory (RaftStorageDirectory.java:analyzeStorage(246)) - The storage directory /workdir/hadoop-ozone/integration-test/target/test-dir/MiniOzoneClusterImpl-21e4d6e9-c99a-454d-a878-52e02252dc69/datanode-1/data/ratis/bd9bdefc-a9d7-4cd4-996a-405381620e8f does not exist. Creating ...
2019-08-20 14:53:47,387 INFO  storage.RaftStorageDirectory (RaftStorageDirectory.java:tryLock(328)) - Lock on /workdir/hadoop-ozone/integration-test/target/test-dir/MiniOzoneClusterImpl-21e4d6e9-c99a-454d-a878-52e02252dc69/datanode-1/data/ratis/bd9bdefc-a9d7-4cd4-996a-405381620e8f/in_use.lock acquired by nodename 6966@pr-hdds-1054-6hltv-2752131155
2019-08-20 14:53:47,428 INFO  storage.RaftStorage (RaftStorage.java:format(72)) - Storage directory /workdir/hadoop-ozone/integration-test/target/test-dir/MiniOzoneClusterImpl-21e4d6e9-c99a-454d-a878-52e02252dc69/datanode-1/data/ratis/bd9bdefc-a9d7-4cd4-996a-405381620e8f has been successfully formatted.
2019-08-20 14:53:47,428 INFO  ratis.ContainerStateMachine (ContainerStateMachine.java:loadSnapshot(222)) - group-405381620E8F: The snapshot info is null. Setting the last applied indexto:(t:0, i:~)
2019-08-20 14:53:47,429 INFO  server.RaftServerConfigKeys (ConfUtils.java:logGet(43)) - raft.server.leader.election.timeout = 120s (custom)
2019-08-20 14:53:47,429 INFO  server.RaftServerConfigKeys (ConfUtils.java:logGet(43)) - raft.server.log.use.memory = false (default)
2019-08-20 14:53:47,429 INFO  server.RaftServerConfigKeys (ConfUtils.java:logGet(43)) - raft.server.log.purge.gap = 1000000000 (custom)
2019-08-20 14:53:47,429 INFO  server.RaftServerConfigKeys (ConfUtils.java:logGet(43)) - raft.server.log.appender.buffer.byte-limit = 33554432 (custom)
2019-08-20 14:53:47,430 INFO  server.RaftServerConfigKeys (ConfUtils.java:logGet(43)) - raft.server.log.segment.size.max = 1048576 (custom)
2019-08-20 14:53:47,430 INFO  server.RaftServerConfigKeys (ConfUtils.java:logGet(43)) - raft.server.log.segment.cache.num.max = 2 (custom)
2019-08-20 14:53:47,430 INFO  segmented.SegmentedRaftLogWorker (SegmentedRaftLogWorker.java:<init>(172)) - new 2b4d4593-03da-45c4-a697-cd78daad85eb-SegmentedRaftLogWorker:Storage Directory /workdir/hadoop-ozone/integration-test/target/test-dir/MiniOzoneClusterImpl-21e4d6e9-c99a-454d-a878-52e02252dc69/datanode-1/data/ratis/bd9bdefc-a9d7-4cd4-996a-405381620e8f for RaftStorage:Storage Directory /workdir/hadoop-ozone/integration-test/target/test-dir/MiniOzoneClusterImpl-21e4d6e9-c99a-454d-a878-52e02252dc69/datanode-1/data/ratis/bd9bdefc-a9d7-4cd4-996a-405381620e8f
2019-08-20 14:53:47,430 INFO  server.RaftServerConfigKeys (ConfUtils.java:logGet(43)) - raft.server.log.queue.byte-limit = 2147483647 (custom)
2019-08-20 14:53:47,430 INFO  server.RaftServerConfigKeys (ConfUtils.java:logGet(43)) - raft.server.log.queue.element-limit = 1024 (custom)
2019-08-20 14:53:47,431 INFO  server.RaftServerConfigKeys (ConfUtils.java:logGet(43)) - raft.server.log.segment.size.max = 1048576 (custom)
2019-08-20 14:53:47,431 INFO  server.RaftServerConfigKeys (ConfUtils.java:logGet(43)) - raft.server.log.preallocated.size = 16384 (custom)
2019-08-20 14:53:47,431 INFO  server.RaftServerConfigKeys (ConfUtils.java:logGet(43)) - raft.server.log.write.buffer.size = 33554432 (custom)
2019-08-20 14:53:47,431 INFO  server.RaftServerConfigKeys (ConfUtils.java:logGet(43)) - raft.server.log.force.sync.num = 128 (default)
2019-08-20 14:53:47,432 INFO  server.RaftServerConfigKeys (ConfUtils.java:logGet(43)) - raft.server.log.statemachine.data.sync = true (default)
2019-08-20 14:53:47,432 INFO  server.RaftServerConfigKeys (ConfUtils.java:logGet(43)) - raft.server.log.statemachine.data.sync.timeout = 10s (default)
2019-08-20 14:53:47,432 INFO  server.RaftServerConfigKeys (ConfUtils.java:logGet(43)) - raft.server.log.statemachine.data.sync.timeout.retry = -1 (default)
2019-08-20 14:53:47,432 INFO  server.RaftServerConfigKeys (ConfUtils.java:logGet(43)) - raft.server.log.statemachine.data.caching.enabled = true (custom)
2019-08-20 14:53:47,433 INFO  segmented.SegmentedRaftLogWorker (SegmentedRaftLogWorker.java:lambda$new$0(132)) - 2b4d4593-03da-45c4-a697-cd78daad85eb-SegmentedRaftLogWorker:Storage Directory /workdir/hadoop-ozone/integration-test/target/test-dir/MiniOzoneClusterImpl-21e4d6e9-c99a-454d-a878-52e02252dc69/datanode-1/data/ratis/bd9bdefc-a9d7-4cd4-996a-405381620e8f: flushIndex: setUnconditionally 0 -> -1
2019-08-20 14:53:47,434 INFO  server.RaftServerConfigKeys (ConfUtils.java:logGet(43)) - raft.server.snapshot.auto.trigger.enabled = true (custom)
2019-08-20 14:53:47,434 INFO  server.RaftServerConfigKeys (ConfUtils.java:logGet(43)) - raft.server.snapshot.auto.trigger.threshold = 10000 (custom)
2019-08-20 14:53:47,434 INFO  server.RaftServerConfigKeys (ConfUtils.java:logGet(43)) - raft.server.retrycache.expirytime = 600000ms (custom)
2019-08-20 14:53:47,434 INFO  impl.RaftServerImpl (RaftServerImpl.java:start(180)) - 2b4d4593-03da-45c4-a697-cd78daad85eb: start group-405381620E8F
2019-08-20 14:53:47,435 INFO  impl.RaftServerImpl (RaftServerImpl.java:setRole(171)) - 2b4d4593-03da-45c4-a697-cd78daad85eb:group-405381620E8F changes role from null to FOLLOWER at term 0 for startAsFollower
2019-08-20 14:53:47,436 INFO  impl.RoleInfo (RoleInfo.java:updateAndGet(143)) - 2b4d4593-03da-45c4-a697-cd78daad85eb: start FollowerState
2019-08-20 14:53:47,436 INFO  util.JmxRegister (JmxRegister.java:tryRegister(44)) - Successfully registered JMX Bean with object name Ratis:service=RaftServer,group=group-405381620E8F,id=2b4d4593-03da-45c4-a697-cd78daad85eb
2019-08-20 14:53:47,445 INFO  pipeline.PipelineStateManager (PipelineStateManager.java:addPipeline(56)) - Created pipeline Pipeline[ Id: bd9bdefc-a9d7-4cd4-996a-405381620e8f, Nodes: 2b4d4593-03da-45c4-a697-cd78daad85eb{ip: 192.168.69.107, host: pr-hdds-1054-6hltv-2752131155, networkLocation: /default-rack, certSerialId: null}, Type:RATIS, Factor:ONE, State:OPEN]
2019-08-20 14:53:47,470 INFO  impl.RaftServerProxy (RaftServerProxy.java:addNew(89)) - f39aa5fc-7605-42ea-a58b-15f94e0f6a78: addNew group-645418ED8319:[f39aa5fc-7605-42ea-a58b-15f94e0f6a78:192.168.69.107:38831] returns group-645418ED8319:java.util.concurrent.CompletableFuture@503ce4db[Not completed]
2019-08-20 14:53:47,475 INFO  impl.RaftServerImpl (RaftServerImpl.java:<init>(93)) - f39aa5fc-7605-42ea-a58b-15f94e0f6a78: new RaftServerImpl for group-645418ED8319:[f39aa5fc-7605-42ea-a58b-15f94e0f6a78:192.168.69.107:38831] with ContainerStateMachine:uninitialized
2019-08-20 14:53:47,475 INFO  server.RaftServerConfigKeys (ConfUtils.java:logGet(43)) - raft.server.rpc.timeout.min = 5s (custom)
2019-08-20 14:53:47,475 INFO  server.RaftServerConfigKeys (ConfUtils.java:logGet(43)) - raft.server.rpc.timeout.max = 5200ms (custom)
2019-08-20 14:53:47,475 INFO  server.RaftServerConfigKeys (ConfUtils.java:logGet(43)) - raft.server.rpcslowness.timeout = 120s (custom)
2019-08-20 14:53:47,476 INFO  server.RaftServerConfigKeys (ConfUtils.java:logGet(43)) - raft.server.sleep.deviation.threshold = 300 (default)
2019-08-20 14:53:47,476 INFO  server.RaftServerConfigKeys (ConfUtils.java:logGet(43)) - raft.server.log.appender.install.snapshot.enabled = false (custom)
2019-08-20 14:53:47,476 INFO  impl.RaftServerImpl (ServerState.java:<init>(105)) - f39aa5fc-7605-42ea-a58b-15f94e0f6a78:group-645418ED8319 ConfigurationManager, init=-1: [f39aa5fc-7605-42ea-a58b-15f94e0f6a78:192.168.69.107:38831], old=null, confs=<EMPTY_MAP>
2019-08-20 14:53:47,476 INFO  server.RaftServerConfigKeys (ConfUtils.java:logGet(43)) - raft.server.storage.dir = [/workdir/hadoop-ozone/integration-test/target/test-dir/MiniOzoneClusterImpl-21e4d6e9-c99a-454d-a878-52e02252dc69/datanode-4/data/ratis] (custom)
2019-08-20 14:53:47,476 INFO  storage.RaftStorageDirectory (RaftStorageDirectory.java:analyzeStorage(246)) - The storage directory /workdir/hadoop-ozone/integration-test/target/test-dir/MiniOzoneClusterImpl-21e4d6e9-c99a-454d-a878-52e02252dc69/datanode-4/data/ratis/f09d4c29-5158-44c9-bdda-645418ed8319 does not exist. Creating ...
2019-08-20 14:53:47,507 INFO  storage.RaftStorageDirectory (RaftStorageDirectory.java:tryLock(328)) - Lock on /workdir/hadoop-ozone/integration-test/target/test-dir/MiniOzoneClusterImpl-21e4d6e9-c99a-454d-a878-52e02252dc69/datanode-4/data/ratis/f09d4c29-5158-44c9-bdda-645418ed8319/in_use.lock acquired by nodename 6966@pr-hdds-1054-6hltv-2752131155
2019-08-20 14:53:47,526 INFO  storage.RaftStorage (RaftStorage.java:format(72)) - Storage directory /workdir/hadoop-ozone/integration-test/target/test-dir/MiniOzoneClusterImpl-21e4d6e9-c99a-454d-a878-52e02252dc69/datanode-4/data/ratis/f09d4c29-5158-44c9-bdda-645418ed8319 has been successfully formatted.
2019-08-20 14:53:47,527 INFO  ratis.ContainerStateMachine (ContainerStateMachine.java:loadSnapshot(222)) - group-645418ED8319: The snapshot info is null. Setting the last applied indexto:(t:0, i:~)
2019-08-20 14:53:47,527 INFO  server.RaftServerConfigKeys (ConfUtils.java:logGet(43)) - raft.server.leader.election.timeout = 120s (custom)
2019-08-20 14:53:47,527 INFO  server.RaftServerConfigKeys (ConfUtils.java:logGet(43)) - raft.server.log.use.memory = false (default)
2019-08-20 14:53:47,528 INFO  server.RaftServerConfigKeys (ConfUtils.java:logGet(43)) - raft.server.log.purge.gap = 1000000000 (custom)
2019-08-20 14:53:47,528 INFO  server.RaftServerConfigKeys (ConfUtils.java:logGet(43)) - raft.server.log.appender.buffer.byte-limit = 33554432 (custom)
2019-08-20 14:53:47,528 INFO  server.RaftServerConfigKeys (ConfUtils.java:logGet(43)) - raft.server.log.segment.size.max = 1048576 (custom)
2019-08-20 14:53:47,528 INFO  server.RaftServerConfigKeys (ConfUtils.java:logGet(43)) - raft.server.log.segment.cache.num.max = 2 (custom)
2019-08-20 14:53:47,529 INFO  segmented.SegmentedRaftLogWorker (SegmentedRaftLogWorker.java:<init>(172)) - new f39aa5fc-7605-42ea-a58b-15f94e0f6a78-SegmentedRaftLogWorker:Storage Directory /workdir/hadoop-ozone/integration-test/target/test-dir/MiniOzoneClusterImpl-21e4d6e9-c99a-454d-a878-52e02252dc69/datanode-4/data/ratis/f09d4c29-5158-44c9-bdda-645418ed8319 for RaftStorage:Storage Directory /workdir/hadoop-ozone/integration-test/target/test-dir/MiniOzoneClusterImpl-21e4d6e9-c99a-454d-a878-52e02252dc69/datanode-4/data/ratis/f09d4c29-5158-44c9-bdda-645418ed8319
2019-08-20 14:53:47,529 INFO  server.RaftServerConfigKeys (ConfUtils.java:logGet(43)) - raft.server.log.queue.byte-limit = 2147483647 (custom)
2019-08-20 14:53:47,529 INFO  server.RaftServerConfigKeys (ConfUtils.java:logGet(43)) - raft.server.log.queue.element-limit = 1024 (custom)
2019-08-20 14:53:47,530 INFO  server.RaftServerConfigKeys (ConfUtils.java:logGet(43)) - raft.server.log.segment.size.max = 1048576 (custom)
2019-08-20 14:53:47,530 INFO  server.RaftServerConfigKeys (ConfUtils.java:logGet(43)) - raft.server.log.preallocated.size = 16384 (custom)
2019-08-20 14:53:47,530 INFO  server.RaftServerConfigKeys (ConfUtils.java:logGet(43)) - raft.server.log.write.buffer.size = 33554432 (custom)
2019-08-20 14:53:47,530 INFO  server.RaftServerConfigKeys (ConfUtils.java:logGet(43)) - raft.server.log.force.sync.num = 128 (default)
2019-08-20 14:53:47,531 INFO  server.RaftServerConfigKeys (ConfUtils.java:logGet(43)) - raft.server.log.statemachine.data.sync = true (default)
2019-08-20 14:53:47,531 INFO  server.RaftServerConfigKeys (ConfUtils.java:logGet(43)) - raft.server.log.statemachine.data.sync.timeout = 10s (default)
2019-08-20 14:53:47,531 INFO  server.RaftServerConfigKeys (ConfUtils.java:logGet(43)) - raft.server.log.statemachine.data.sync.timeout.retry = -1 (default)
2019-08-20 14:53:47,532 INFO  server.RaftServerConfigKeys (ConfUtils.java:logGet(43)) - raft.server.log.statemachine.data.caching.enabled = true (custom)
2019-08-20 14:53:47,532 INFO  segmented.SegmentedRaftLogWorker (SegmentedRaftLogWorker.java:lambda$new$0(132)) - f39aa5fc-7605-42ea-a58b-15f94e0f6a78-SegmentedRaftLogWorker:Storage Directory /workdir/hadoop-ozone/integration-test/target/test-dir/MiniOzoneClusterImpl-21e4d6e9-c99a-454d-a878-52e02252dc69/datanode-4/data/ratis/f09d4c29-5158-44c9-bdda-645418ed8319: flushIndex: setUnconditionally 0 -> -1
2019-08-20 14:53:47,533 INFO  server.RaftServerConfigKeys (ConfUtils.java:logGet(43)) - raft.server.snapshot.auto.trigger.enabled = true (custom)
2019-08-20 14:53:47,533 INFO  server.RaftServerConfigKeys (ConfUtils.java:logGet(43)) - raft.server.snapshot.auto.trigger.threshold = 10000 (custom)
2019-08-20 14:53:47,533 INFO  server.RaftServerConfigKeys (ConfUtils.java:logGet(43)) - raft.server.retrycache.expirytime = 600000ms (custom)
2019-08-20 14:53:47,533 INFO  impl.RaftServerImpl (RaftServerImpl.java:start(180)) - f39aa5fc-7605-42ea-a58b-15f94e0f6a78: start group-645418ED8319
2019-08-20 14:53:47,534 INFO  impl.RaftServerImpl (RaftServerImpl.java:setRole(171)) - f39aa5fc-7605-42ea-a58b-15f94e0f6a78:group-645418ED8319 changes role from null to FOLLOWER at term 0 for startAsFollower
2019-08-20 14:53:47,534 INFO  impl.RoleInfo (RoleInfo.java:updateAndGet(143)) - f39aa5fc-7605-42ea-a58b-15f94e0f6a78: start FollowerState
2019-08-20 14:53:47,535 INFO  util.JmxRegister (JmxRegister.java:tryRegister(44)) - Successfully registered JMX Bean with object name Ratis:service=RaftServer,group=group-645418ED8319,id=f39aa5fc-7605-42ea-a58b-15f94e0f6a78
2019-08-20 14:53:47,551 INFO  pipeline.PipelineStateManager (PipelineStateManager.java:addPipeline(56)) - Created pipeline Pipeline[ Id: f09d4c29-5158-44c9-bdda-645418ed8319, Nodes: f39aa5fc-7605-42ea-a58b-15f94e0f6a78{ip: 192.168.69.107, host: pr-hdds-1054-6hltv-2752131155, networkLocation: /default-rack, certSerialId: null}, Type:RATIS, Factor:ONE, State:OPEN]
2019-08-20 14:53:47,588 INFO  impl.RaftServerProxy (RaftServerProxy.java:addNew(89)) - 2380bf0b-cac6-4510-8ed0-9441f8f336c2: addNew group-8258FCF6BD90:[2380bf0b-cac6-4510-8ed0-9441f8f336c2:192.168.69.107:32941] returns group-8258FCF6BD90:java.util.concurrent.CompletableFuture@3692c8f9[Not completed]
2019-08-20 14:53:47,592 INFO  impl.RaftServerImpl (RaftServerImpl.java:<init>(93)) - 2380bf0b-cac6-4510-8ed0-9441f8f336c2: new RaftServerImpl for group-8258FCF6BD90:[2380bf0b-cac6-4510-8ed0-9441f8f336c2:192.168.69.107:32941] with ContainerStateMachine:uninitialized
2019-08-20 14:53:47,592 INFO  server.RaftServerConfigKeys (ConfUtils.java:logGet(43)) - raft.server.rpc.timeout.min = 5s (custom)
2019-08-20 14:53:47,592 INFO  server.RaftServerConfigKeys (ConfUtils.java:logGet(43)) - raft.server.rpc.timeout.max = 5200ms (custom)
2019-08-20 14:53:47,592 INFO  server.RaftServerConfigKeys (ConfUtils.java:logGet(43)) - raft.server.rpcslowness.timeout = 120s (custom)
2019-08-20 14:53:47,592 INFO  server.RaftServerConfigKeys (ConfUtils.java:logGet(43)) - raft.server.sleep.deviation.threshold = 300 (default)
2019-08-20 14:53:47,592 INFO  server.RaftServerConfigKeys (ConfUtils.java:logGet(43)) - raft.server.log.appender.install.snapshot.enabled = false (custom)
2019-08-20 14:53:47,592 INFO  impl.RaftServerImpl (ServerState.java:<init>(105)) - 2380bf0b-cac6-4510-8ed0-9441f8f336c2:group-8258FCF6BD90 ConfigurationManager, init=-1: [2380bf0b-cac6-4510-8ed0-9441f8f336c2:192.168.69.107:32941], old=null, confs=<EMPTY_MAP>
2019-08-20 14:53:47,593 INFO  server.RaftServerConfigKeys (ConfUtils.java:logGet(43)) - raft.server.storage.dir = [/workdir/hadoop-ozone/integration-test/target/test-dir/MiniOzoneClusterImpl-21e4d6e9-c99a-454d-a878-52e02252dc69/datanode-5/data/ratis] (custom)
2019-08-20 14:53:47,593 INFO  storage.RaftStorageDirectory (RaftStorageDirectory.java:analyzeStorage(246)) - The storage directory /workdir/hadoop-ozone/integration-test/target/test-dir/MiniOzoneClusterImpl-21e4d6e9-c99a-454d-a878-52e02252dc69/datanode-5/data/ratis/4728c15a-a188-411d-a96e-8258fcf6bd90 does not exist. Creating ...
2019-08-20 14:53:47,610 INFO  storage.RaftStorageDirectory (RaftStorageDirectory.java:tryLock(328)) - Lock on /workdir/hadoop-ozone/integration-test/target/test-dir/MiniOzoneClusterImpl-21e4d6e9-c99a-454d-a878-52e02252dc69/datanode-5/data/ratis/4728c15a-a188-411d-a96e-8258fcf6bd90/in_use.lock acquired by nodename 6966@pr-hdds-1054-6hltv-2752131155
2019-08-20 14:53:47,628 INFO  storage.RaftStorage (RaftStorage.java:format(72)) - Storage directory /workdir/hadoop-ozone/integration-test/target/test-dir/MiniOzoneClusterImpl-21e4d6e9-c99a-454d-a878-52e02252dc69/datanode-5/data/ratis/4728c15a-a188-411d-a96e-8258fcf6bd90 has been successfully formatted.
2019-08-20 14:53:47,629 INFO  ratis.ContainerStateMachine (ContainerStateMachine.java:loadSnapshot(222)) - group-8258FCF6BD90: The snapshot info is null. Setting the last applied indexto:(t:0, i:~)
2019-08-20 14:53:47,629 INFO  server.RaftServerConfigKeys (ConfUtils.java:logGet(43)) - raft.server.leader.election.timeout = 120s (custom)
2019-08-20 14:53:47,629 INFO  server.RaftServerConfigKeys (ConfUtils.java:logGet(43)) - raft.server.log.use.memory = false (default)
2019-08-20 14:53:47,629 INFO  server.RaftServerConfigKeys (ConfUtils.java:logGet(43)) - raft.server.log.purge.gap = 1000000000 (custom)
2019-08-20 14:53:47,629 INFO  server.RaftServerConfigKeys (ConfUtils.java:logGet(43)) - raft.server.log.appender.buffer.byte-limit = 33554432 (custom)
2019-08-20 14:53:47,629 INFO  server.RaftServerConfigKeys (ConfUtils.java:logGet(43)) - raft.server.log.segment.size.max = 1048576 (custom)
2019-08-20 14:53:47,629 INFO  server.RaftServerConfigKeys (ConfUtils.java:logGet(43)) - raft.server.log.segment.cache.num.max = 2 (custom)
2019-08-20 14:53:47,629 INFO  segmented.SegmentedRaftLogWorker (SegmentedRaftLogWorker.java:<init>(172)) - new 2380bf0b-cac6-4510-8ed0-9441f8f336c2-SegmentedRaftLogWorker:Storage Directory /workdir/hadoop-ozone/integration-test/target/test-dir/MiniOzoneClusterImpl-21e4d6e9-c99a-454d-a878-52e02252dc69/datanode-5/data/ratis/4728c15a-a188-411d-a96e-8258fcf6bd90 for RaftStorage:Storage Directory /workdir/hadoop-ozone/integration-test/target/test-dir/MiniOzoneClusterImpl-21e4d6e9-c99a-454d-a878-52e02252dc69/datanode-5/data/ratis/4728c15a-a188-411d-a96e-8258fcf6bd90
2019-08-20 14:53:47,630 INFO  server.RaftServerConfigKeys (ConfUtils.java:logGet(43)) - raft.server.log.queue.byte-limit = 2147483647 (custom)
2019-08-20 14:53:47,630 INFO  server.RaftServerConfigKeys (ConfUtils.java:logGet(43)) - raft.server.log.queue.element-limit = 1024 (custom)
2019-08-20 14:53:47,630 INFO  server.RaftServerConfigKeys (ConfUtils.java:logGet(43)) - raft.server.log.segment.size.max = 1048576 (custom)
2019-08-20 14:53:47,630 INFO  server.RaftServerConfigKeys (ConfUtils.java:logGet(43)) - raft.server.log.preallocated.size = 16384 (custom)
2019-08-20 14:53:47,630 INFO  server.RaftServerConfigKeys (ConfUtils.java:logGet(43)) - raft.server.log.write.buffer.size = 33554432 (custom)
2019-08-20 14:53:47,630 INFO  server.RaftServerConfigKeys (ConfUtils.java:logGet(43)) - raft.server.log.force.sync.num = 128 (default)
2019-08-20 14:53:47,630 INFO  server.RaftServerConfigKeys (ConfUtils.java:logGet(43)) - raft.server.log.statemachine.data.sync = true (default)
2019-08-20 14:53:47,631 INFO  server.RaftServerConfigKeys (ConfUtils.java:logGet(43)) - raft.server.log.statemachine.data.sync.timeout = 10s (default)
2019-08-20 14:53:47,631 INFO  server.RaftServerConfigKeys (ConfUtils.java:logGet(43)) - raft.server.log.statemachine.data.sync.timeout.retry = -1 (default)
2019-08-20 14:53:47,631 INFO  server.RaftServerConfigKeys (ConfUtils.java:logGet(43)) - raft.server.log.statemachine.data.caching.enabled = true (custom)
2019-08-20 14:53:47,631 INFO  segmented.SegmentedRaftLogWorker (SegmentedRaftLogWorker.java:lambda$new$0(132)) - 2380bf0b-cac6-4510-8ed0-9441f8f336c2-SegmentedRaftLogWorker:Storage Directory /workdir/hadoop-ozone/integration-test/target/test-dir/MiniOzoneClusterImpl-21e4d6e9-c99a-454d-a878-52e02252dc69/datanode-5/data/ratis/4728c15a-a188-411d-a96e-8258fcf6bd90: flushIndex: setUnconditionally 0 -> -1
2019-08-20 14:53:47,632 INFO  server.RaftServerConfigKeys (ConfUtils.java:logGet(43)) - raft.server.snapshot.auto.trigger.enabled = true (custom)
2019-08-20 14:53:47,632 INFO  server.RaftServerConfigKeys (ConfUtils.java:logGet(43)) - raft.server.snapshot.auto.trigger.threshold = 10000 (custom)
2019-08-20 14:53:47,632 INFO  server.RaftServerConfigKeys (ConfUtils.java:logGet(43)) - raft.server.retrycache.expirytime = 600000ms (custom)
2019-08-20 14:53:47,632 INFO  impl.RaftServerImpl (RaftServerImpl.java:start(180)) - 2380bf0b-cac6-4510-8ed0-9441f8f336c2: start group-8258FCF6BD90
2019-08-20 14:53:47,632 INFO  impl.RaftServerImpl (RaftServerImpl.java:setRole(171)) - 2380bf0b-cac6-4510-8ed0-9441f8f336c2:group-8258FCF6BD90 changes role from null to FOLLOWER at term 0 for startAsFollower
2019-08-20 14:53:47,632 INFO  impl.RoleInfo (RoleInfo.java:updateAndGet(143)) - 2380bf0b-cac6-4510-8ed0-9441f8f336c2: start FollowerState
2019-08-20 14:53:47,633 INFO  util.JmxRegister (JmxRegister.java:tryRegister(44)) - Successfully registered JMX Bean with object name Ratis:service=RaftServer,group=group-8258FCF6BD90,id=2380bf0b-cac6-4510-8ed0-9441f8f336c2
2019-08-20 14:53:47,642 INFO  pipeline.PipelineStateManager (PipelineStateManager.java:addPipeline(56)) - Created pipeline Pipeline[ Id: 4728c15a-a188-411d-a96e-8258fcf6bd90, Nodes: 2380bf0b-cac6-4510-8ed0-9441f8f336c2{ip: 192.168.69.107, host: pr-hdds-1054-6hltv-2752131155, networkLocation: /default-rack, certSerialId: null}, Type:RATIS, Factor:ONE, State:OPEN]
2019-08-20 14:53:47,656 INFO  impl.RaftServerProxy (RaftServerProxy.java:addNew(89)) - fe3031ff-134f-45d8-93aa-0c9ccd82c642: addNew group-8986957008FB:[fe3031ff-134f-45d8-93aa-0c9ccd82c642:192.168.69.107:44475] returns group-8986957008FB:java.util.concurrent.CompletableFuture@74814353[Not completed]
2019-08-20 14:53:47,660 INFO  impl.RaftServerImpl (RaftServerImpl.java:<init>(93)) - fe3031ff-134f-45d8-93aa-0c9ccd82c642: new RaftServerImpl for group-8986957008FB:[fe3031ff-134f-45d8-93aa-0c9ccd82c642:192.168.69.107:44475] with ContainerStateMachine:uninitialized
2019-08-20 14:53:47,660 INFO  server.RaftServerConfigKeys (ConfUtils.java:logGet(43)) - raft.server.rpc.timeout.min = 5s (custom)
2019-08-20 14:53:47,660 INFO  server.RaftServerConfigKeys (ConfUtils.java:logGet(43)) - raft.server.rpc.timeout.max = 5200ms (custom)
2019-08-20 14:53:47,660 INFO  server.RaftServerConfigKeys (ConfUtils.java:logGet(43)) - raft.server.rpcslowness.timeout = 120s (custom)
2019-08-20 14:53:47,660 INFO  server.RaftServerConfigKeys (ConfUtils.java:logGet(43)) - raft.server.sleep.deviation.threshold = 300 (default)
2019-08-20 14:53:47,660 INFO  server.RaftServerConfigKeys (ConfUtils.java:logGet(43)) - raft.server.log.appender.install.snapshot.enabled = false (custom)
2019-08-20 14:53:47,661 INFO  impl.RaftServerImpl (ServerState.java:<init>(105)) - fe3031ff-134f-45d8-93aa-0c9ccd82c642:group-8986957008FB ConfigurationManager, init=-1: [fe3031ff-134f-45d8-93aa-0c9ccd82c642:192.168.69.107:44475], old=null, confs=<EMPTY_MAP>
2019-08-20 14:53:47,661 INFO  server.RaftServerConfigKeys (ConfUtils.java:logGet(43)) - raft.server.storage.dir = [/workdir/hadoop-ozone/integration-test/target/test-dir/MiniOzoneClusterImpl-21e4d6e9-c99a-454d-a878-52e02252dc69/datanode-6/data/ratis] (custom)
2019-08-20 14:53:47,661 INFO  storage.RaftStorageDirectory (RaftStorageDirectory.java:analyzeStorage(246)) - The storage directory /workdir/hadoop-ozone/integration-test/target/test-dir/MiniOzoneClusterImpl-21e4d6e9-c99a-454d-a878-52e02252dc69/datanode-6/data/ratis/60513bf7-3057-4306-8326-8986957008fb does not exist. Creating ...
2019-08-20 14:53:47,691 INFO  storage.RaftStorageDirectory (RaftStorageDirectory.java:tryLock(328)) - Lock on /workdir/hadoop-ozone/integration-test/target/test-dir/MiniOzoneClusterImpl-21e4d6e9-c99a-454d-a878-52e02252dc69/datanode-6/data/ratis/60513bf7-3057-4306-8326-8986957008fb/in_use.lock acquired by nodename 6966@pr-hdds-1054-6hltv-2752131155
2019-08-20 14:53:47,704 INFO  storage.RaftStorage (RaftStorage.java:format(72)) - Storage directory /workdir/hadoop-ozone/integration-test/target/test-dir/MiniOzoneClusterImpl-21e4d6e9-c99a-454d-a878-52e02252dc69/datanode-6/data/ratis/60513bf7-3057-4306-8326-8986957008fb has been successfully formatted.
2019-08-20 14:53:47,704 INFO  ratis.ContainerStateMachine (ContainerStateMachine.java:loadSnapshot(222)) - group-8986957008FB: The snapshot info is null. Setting the last applied indexto:(t:0, i:~)
2019-08-20 14:53:47,704 INFO  server.RaftServerConfigKeys (ConfUtils.java:logGet(43)) - raft.server.leader.election.timeout = 120s (custom)
2019-08-20 14:53:47,705 INFO  server.RaftServerConfigKeys (ConfUtils.java:logGet(43)) - raft.server.log.use.memory = false (default)
2019-08-20 14:53:47,705 INFO  server.RaftServerConfigKeys (ConfUtils.java:logGet(43)) - raft.server.log.purge.gap = 1000000000 (custom)
2019-08-20 14:53:47,705 INFO  server.RaftServerConfigKeys (ConfUtils.java:logGet(43)) - raft.server.log.appender.buffer.byte-limit = 33554432 (custom)
2019-08-20 14:53:47,705 INFO  server.RaftServerConfigKeys (ConfUtils.java:logGet(43)) - raft.server.log.segment.size.max = 1048576 (custom)
2019-08-20 14:53:47,705 INFO  server.RaftServerConfigKeys (ConfUtils.java:logGet(43)) - raft.server.log.segment.cache.num.max = 2 (custom)
2019-08-20 14:53:47,705 INFO  segmented.SegmentedRaftLogWorker (SegmentedRaftLogWorker.java:<init>(172)) - new fe3031ff-134f-45d8-93aa-0c9ccd82c642-SegmentedRaftLogWorker:Storage Directory /workdir/hadoop-ozone/integration-test/target/test-dir/MiniOzoneClusterImpl-21e4d6e9-c99a-454d-a878-52e02252dc69/datanode-6/data/ratis/60513bf7-3057-4306-8326-8986957008fb for RaftStorage:Storage Directory /workdir/hadoop-ozone/integration-test/target/test-dir/MiniOzoneClusterImpl-21e4d6e9-c99a-454d-a878-52e02252dc69/datanode-6/data/ratis/60513bf7-3057-4306-8326-8986957008fb
2019-08-20 14:53:47,705 INFO  server.RaftServerConfigKeys (ConfUtils.java:logGet(43)) - raft.server.log.queue.byte-limit = 2147483647 (custom)
2019-08-20 14:53:47,706 INFO  server.RaftServerConfigKeys (ConfUtils.java:logGet(43)) - raft.server.log.queue.element-limit = 1024 (custom)
2019-08-20 14:53:47,706 INFO  server.RaftServerConfigKeys (ConfUtils.java:logGet(43)) - raft.server.log.segment.size.max = 1048576 (custom)
2019-08-20 14:53:47,706 INFO  server.RaftServerConfigKeys (ConfUtils.java:logGet(43)) - raft.server.log.preallocated.size = 16384 (custom)
2019-08-20 14:53:47,706 INFO  server.RaftServerConfigKeys (ConfUtils.java:logGet(43)) - raft.server.log.write.buffer.size = 33554432 (custom)
2019-08-20 14:53:47,706 INFO  server.RaftServerConfigKeys (ConfUtils.java:logGet(43)) - raft.server.log.force.sync.num = 128 (default)
2019-08-20 14:53:47,706 INFO  server.RaftServerConfigKeys (ConfUtils.java:logGet(43)) - raft.server.log.statemachine.data.sync = true (default)
2019-08-20 14:53:47,706 INFO  server.RaftServerConfigKeys (ConfUtils.java:logGet(43)) - raft.server.log.statemachine.data.sync.timeout = 10s (default)
2019-08-20 14:53:47,706 INFO  server.RaftServerConfigKeys (ConfUtils.java:logGet(43)) - raft.server.log.statemachine.data.sync.timeout.retry = -1 (default)
2019-08-20 14:53:47,707 INFO  server.RaftServerConfigKeys (ConfUtils.java:logGet(43)) - raft.server.log.statemachine.data.caching.enabled = true (custom)
2019-08-20 14:53:47,707 INFO  segmented.SegmentedRaftLogWorker (SegmentedRaftLogWorker.java:lambda$new$0(132)) - fe3031ff-134f-45d8-93aa-0c9ccd82c642-SegmentedRaftLogWorker:Storage Directory /workdir/hadoop-ozone/integration-test/target/test-dir/MiniOzoneClusterImpl-21e4d6e9-c99a-454d-a878-52e02252dc69/datanode-6/data/ratis/60513bf7-3057-4306-8326-8986957008fb: flushIndex: setUnconditionally 0 -> -1
2019-08-20 14:53:47,707 INFO  server.RaftServerConfigKeys (ConfUtils.java:logGet(43)) - raft.server.snapshot.auto.trigger.enabled = true (custom)
2019-08-20 14:53:47,707 INFO  server.RaftServerConfigKeys (ConfUtils.java:logGet(43)) - raft.server.snapshot.auto.trigger.threshold = 10000 (custom)
2019-08-20 14:53:47,708 INFO  server.RaftServerConfigKeys (ConfUtils.java:logGet(43)) - raft.server.retrycache.expirytime = 600000ms (custom)
2019-08-20 14:53:47,708 INFO  impl.RaftServerImpl (RaftServerImpl.java:start(180)) - fe3031ff-134f-45d8-93aa-0c9ccd82c642: start group-8986957008FB
2019-08-20 14:53:47,708 INFO  impl.RaftServerImpl (RaftServerImpl.java:setRole(171)) - fe3031ff-134f-45d8-93aa-0c9ccd82c642:group-8986957008FB changes role from null to FOLLOWER at term 0 for startAsFollower
2019-08-20 14:53:47,708 INFO  impl.RoleInfo (RoleInfo.java:updateAndGet(143)) - fe3031ff-134f-45d8-93aa-0c9ccd82c642: start FollowerState
2019-08-20 14:53:47,708 INFO  util.JmxRegister (JmxRegister.java:tryRegister(44)) - Successfully registered JMX Bean with object name Ratis:service=RaftServer,group=group-8986957008FB,id=fe3031ff-134f-45d8-93aa-0c9ccd82c642
2019-08-20 14:53:47,726 INFO  pipeline.PipelineStateManager (PipelineStateManager.java:addPipeline(56)) - Created pipeline Pipeline[ Id: 60513bf7-3057-4306-8326-8986957008fb, Nodes: fe3031ff-134f-45d8-93aa-0c9ccd82c642{ip: 192.168.69.107, host: pr-hdds-1054-6hltv-2752131155, networkLocation: /default-rack, certSerialId: null}, Type:RATIS, Factor:ONE, State:OPEN]
2019-08-20 14:53:47,759 INFO  impl.RaftServerProxy (RaftServerProxy.java:addNew(89)) - 9adc419d-8c51-46c2-afa7-2a9543020ca3: addNew group-549927422985:[9adc419d-8c51-46c2-afa7-2a9543020ca3:192.168.69.107:35822, ad142a7e-96df-461f-a96b-5c8521832ae4:192.168.69.107:45080, c56bca4c-c173-42bd-a810-5111441b8914:192.168.69.107:37829] returns group-549927422985:java.util.concurrent.CompletableFuture@2b2394df[Not completed]
2019-08-20 14:53:47,764 INFO  impl.RaftServerProxy (RaftServerProxy.java:addNew(89)) - ad142a7e-96df-461f-a96b-5c8521832ae4: addNew group-549927422985:[9adc419d-8c51-46c2-afa7-2a9543020ca3:192.168.69.107:35822, ad142a7e-96df-461f-a96b-5c8521832ae4:192.168.69.107:45080, c56bca4c-c173-42bd-a810-5111441b8914:192.168.69.107:37829] returns group-549927422985:java.util.concurrent.CompletableFuture@2f1c0563[Not completed]
2019-08-20 14:53:47,764 INFO  impl.RaftServerProxy (RaftServerProxy.java:addNew(89)) - c56bca4c-c173-42bd-a810-5111441b8914: addNew group-549927422985:[9adc419d-8c51-46c2-afa7-2a9543020ca3:192.168.69.107:35822, ad142a7e-96df-461f-a96b-5c8521832ae4:192.168.69.107:45080, c56bca4c-c173-42bd-a810-5111441b8914:192.168.69.107:37829] returns group-549927422985:java.util.concurrent.CompletableFuture@21373629[Not completed]
2019-08-20 14:53:47,765 INFO  impl.RaftServerImpl (RaftServerImpl.java:<init>(93)) - 9adc419d-8c51-46c2-afa7-2a9543020ca3: new RaftServerImpl for group-549927422985:[9adc419d-8c51-46c2-afa7-2a9543020ca3:192.168.69.107:35822, ad142a7e-96df-461f-a96b-5c8521832ae4:192.168.69.107:45080, c56bca4c-c173-42bd-a810-5111441b8914:192.168.69.107:37829] with ContainerStateMachine:uninitialized
2019-08-20 14:53:47,765 INFO  server.RaftServerConfigKeys (ConfUtils.java:logGet(43)) - raft.server.rpc.timeout.min = 5s (custom)
2019-08-20 14:53:47,765 INFO  server.RaftServerConfigKeys (ConfUtils.java:logGet(43)) - raft.server.rpc.timeout.max = 5200ms (custom)
2019-08-20 14:53:47,765 INFO  server.RaftServerConfigKeys (ConfUtils.java:logGet(43)) - raft.server.rpcslowness.timeout = 120s (custom)
2019-08-20 14:53:47,765 INFO  server.RaftServerConfigKeys (ConfUtils.java:logGet(43)) - raft.server.sleep.deviation.threshold = 300 (default)
2019-08-20 14:53:47,765 INFO  server.RaftServerConfigKeys (ConfUtils.java:logGet(43)) - raft.server.log.appender.install.snapshot.enabled = false (custom)
2019-08-20 14:53:47,766 INFO  impl.RaftServerImpl (ServerState.java:<init>(105)) - 9adc419d-8c51-46c2-afa7-2a9543020ca3:group-549927422985 ConfigurationManager, init=-1: [9adc419d-8c51-46c2-afa7-2a9543020ca3:192.168.69.107:35822, ad142a7e-96df-461f-a96b-5c8521832ae4:192.168.69.107:45080, c56bca4c-c173-42bd-a810-5111441b8914:192.168.69.107:37829], old=null, confs=<EMPTY_MAP>
2019-08-20 14:53:47,766 INFO  server.RaftServerConfigKeys (ConfUtils.java:logGet(43)) - raft.server.storage.dir = [/workdir/hadoop-ozone/integration-test/target/test-dir/MiniOzoneClusterImpl-21e4d6e9-c99a-454d-a878-52e02252dc69/datanode-0/data/ratis] (custom)
2019-08-20 14:53:47,766 INFO  impl.RaftServerImpl (RaftServerImpl.java:<init>(93)) - ad142a7e-96df-461f-a96b-5c8521832ae4: new RaftServerImpl for group-549927422985:[9adc419d-8c51-46c2-afa7-2a9543020ca3:192.168.69.107:35822, ad142a7e-96df-461f-a96b-5c8521832ae4:192.168.69.107:45080, c56bca4c-c173-42bd-a810-5111441b8914:192.168.69.107:37829] with ContainerStateMachine:uninitialized
2019-08-20 14:53:47,766 INFO  storage.RaftStorageDirectory (RaftStorageDirectory.java:analyzeStorage(246)) - The storage directory /workdir/hadoop-ozone/integration-test/target/test-dir/MiniOzoneClusterImpl-21e4d6e9-c99a-454d-a878-52e02252dc69/datanode-0/data/ratis/0c20dc57-49c2-46d2-b601-549927422985 does not exist. Creating ...
2019-08-20 14:53:47,766 INFO  server.RaftServerConfigKeys (ConfUtils.java:logGet(43)) - raft.server.rpc.timeout.min = 5s (custom)
2019-08-20 14:53:47,767 INFO  server.RaftServerConfigKeys (ConfUtils.java:logGet(43)) - raft.server.rpc.timeout.max = 5200ms (custom)
2019-08-20 14:53:47,767 INFO  server.RaftServerConfigKeys (ConfUtils.java:logGet(43)) - raft.server.rpcslowness.timeout = 120s (custom)
2019-08-20 14:53:47,767 INFO  server.RaftServerConfigKeys (ConfUtils.java:logGet(43)) - raft.server.sleep.deviation.threshold = 300 (default)
2019-08-20 14:53:47,767 INFO  impl.RaftServerImpl (RaftServerImpl.java:<init>(93)) - c56bca4c-c173-42bd-a810-5111441b8914: new RaftServerImpl for group-549927422985:[9adc419d-8c51-46c2-afa7-2a9543020ca3:192.168.69.107:35822, ad142a7e-96df-461f-a96b-5c8521832ae4:192.168.69.107:45080, c56bca4c-c173-42bd-a810-5111441b8914:192.168.69.107:37829] with ContainerStateMachine:uninitialized
2019-08-20 14:53:47,767 INFO  server.RaftServerConfigKeys (ConfUtils.java:logGet(43)) - raft.server.log.appender.install.snapshot.enabled = false (custom)
2019-08-20 14:53:47,767 INFO  server.RaftServerConfigKeys (ConfUtils.java:logGet(43)) - raft.server.rpc.timeout.min = 5s (custom)
2019-08-20 14:53:47,767 INFO  impl.RaftServerImpl (ServerState.java:<init>(105)) - ad142a7e-96df-461f-a96b-5c8521832ae4:group-549927422985 ConfigurationManager, init=-1: [9adc419d-8c51-46c2-afa7-2a9543020ca3:192.168.69.107:35822, ad142a7e-96df-461f-a96b-5c8521832ae4:192.168.69.107:45080, c56bca4c-c173-42bd-a810-5111441b8914:192.168.69.107:37829], old=null, confs=<EMPTY_MAP>
2019-08-20 14:53:47,768 INFO  server.RaftServerConfigKeys (ConfUtils.java:logGet(43)) - raft.server.rpc.timeout.max = 5200ms (custom)
2019-08-20 14:53:47,768 INFO  server.RaftServerConfigKeys (ConfUtils.java:logGet(43)) - raft.server.storage.dir = [/workdir/hadoop-ozone/integration-test/target/test-dir/MiniOzoneClusterImpl-21e4d6e9-c99a-454d-a878-52e02252dc69/datanode-3/data/ratis] (custom)
2019-08-20 14:53:47,768 INFO  server.RaftServerConfigKeys (ConfUtils.java:logGet(43)) - raft.server.rpcslowness.timeout = 120s (custom)
2019-08-20 14:53:47,768 INFO  server.RaftServerConfigKeys (ConfUtils.java:logGet(43)) - raft.server.sleep.deviation.threshold = 300 (default)
2019-08-20 14:53:47,768 INFO  server.RaftServerConfigKeys (ConfUtils.java:logGet(43)) - raft.server.log.appender.install.snapshot.enabled = false (custom)
2019-08-20 14:53:47,768 INFO  storage.RaftStorageDirectory (RaftStorageDirectory.java:analyzeStorage(246)) - The storage directory /workdir/hadoop-ozone/integration-test/target/test-dir/MiniOzoneClusterImpl-21e4d6e9-c99a-454d-a878-52e02252dc69/datanode-3/data/ratis/0c20dc57-49c2-46d2-b601-549927422985 does not exist. Creating ...
2019-08-20 14:53:47,768 INFO  impl.RaftServerImpl (ServerState.java:<init>(105)) - c56bca4c-c173-42bd-a810-5111441b8914:group-549927422985 ConfigurationManager, init=-1: [9adc419d-8c51-46c2-afa7-2a9543020ca3:192.168.69.107:35822, ad142a7e-96df-461f-a96b-5c8521832ae4:192.168.69.107:45080, c56bca4c-c173-42bd-a810-5111441b8914:192.168.69.107:37829], old=null, confs=<EMPTY_MAP>
2019-08-20 14:53:47,769 INFO  server.RaftServerConfigKeys (ConfUtils.java:logGet(43)) - raft.server.storage.dir = [/workdir/hadoop-ozone/integration-test/target/test-dir/MiniOzoneClusterImpl-21e4d6e9-c99a-454d-a878-52e02252dc69/datanode-2/data/ratis] (custom)
2019-08-20 14:53:47,769 INFO  storage.RaftStorageDirectory (RaftStorageDirectory.java:analyzeStorage(246)) - The storage directory /workdir/hadoop-ozone/integration-test/target/test-dir/MiniOzoneClusterImpl-21e4d6e9-c99a-454d-a878-52e02252dc69/datanode-2/data/ratis/0c20dc57-49c2-46d2-b601-549927422985 does not exist. Creating ...
2019-08-20 14:53:47,785 INFO  storage.RaftStorageDirectory (RaftStorageDirectory.java:tryLock(328)) - Lock on /workdir/hadoop-ozone/integration-test/target/test-dir/MiniOzoneClusterImpl-21e4d6e9-c99a-454d-a878-52e02252dc69/datanode-2/data/ratis/0c20dc57-49c2-46d2-b601-549927422985/in_use.lock acquired by nodename 6966@pr-hdds-1054-6hltv-2752131155
2019-08-20 14:53:47,785 INFO  storage.RaftStorageDirectory (RaftStorageDirectory.java:tryLock(328)) - Lock on /workdir/hadoop-ozone/integration-test/target/test-dir/MiniOzoneClusterImpl-21e4d6e9-c99a-454d-a878-52e02252dc69/datanode-0/data/ratis/0c20dc57-49c2-46d2-b601-549927422985/in_use.lock acquired by nodename 6966@pr-hdds-1054-6hltv-2752131155
2019-08-20 14:53:47,785 INFO  storage.RaftStorageDirectory (RaftStorageDirectory.java:tryLock(328)) - Lock on /workdir/hadoop-ozone/integration-test/target/test-dir/MiniOzoneClusterImpl-21e4d6e9-c99a-454d-a878-52e02252dc69/datanode-3/data/ratis/0c20dc57-49c2-46d2-b601-549927422985/in_use.lock acquired by nodename 6966@pr-hdds-1054-6hltv-2752131155
2019-08-20 14:53:47,802 INFO  storage.RaftStorage (RaftStorage.java:format(72)) - Storage directory /workdir/hadoop-ozone/integration-test/target/test-dir/MiniOzoneClusterImpl-21e4d6e9-c99a-454d-a878-52e02252dc69/datanode-0/data/ratis/0c20dc57-49c2-46d2-b601-549927422985 has been successfully formatted.
2019-08-20 14:53:47,802 INFO  storage.RaftStorage (RaftStorage.java:format(72)) - Storage directory /workdir/hadoop-ozone/integration-test/target/test-dir/MiniOzoneClusterImpl-21e4d6e9-c99a-454d-a878-52e02252dc69/datanode-3/data/ratis/0c20dc57-49c2-46d2-b601-549927422985 has been successfully formatted.
2019-08-20 14:53:47,802 INFO  ratis.ContainerStateMachine (ContainerStateMachine.java:loadSnapshot(222)) - group-549927422985: The snapshot info is null. Setting the last applied indexto:(t:0, i:~)
2019-08-20 14:53:47,802 INFO  storage.RaftStorage (RaftStorage.java:format(72)) - Storage directory /workdir/hadoop-ozone/integration-test/target/test-dir/MiniOzoneClusterImpl-21e4d6e9-c99a-454d-a878-52e02252dc69/datanode-2/data/ratis/0c20dc57-49c2-46d2-b601-549927422985 has been successfully formatted.
2019-08-20 14:53:47,803 INFO  server.RaftServerConfigKeys (ConfUtils.java:logGet(43)) - raft.server.leader.election.timeout = 120s (custom)
2019-08-20 14:53:47,803 INFO  ratis.ContainerStateMachine (ContainerStateMachine.java:loadSnapshot(222)) - group-549927422985: The snapshot info is null. Setting the last applied indexto:(t:0, i:~)
2019-08-20 14:53:47,803 INFO  ratis.ContainerStateMachine (ContainerStateMachine.java:loadSnapshot(222)) - group-549927422985: The snapshot info is null. Setting the last applied indexto:(t:0, i:~)
2019-08-20 14:53:47,803 INFO  server.RaftServerConfigKeys (ConfUtils.java:logGet(43)) - raft.server.log.use.memory = false (default)
2019-08-20 14:53:47,803 INFO  server.RaftServerConfigKeys (ConfUtils.java:logGet(43)) - raft.server.leader.election.timeout = 120s (custom)
2019-08-20 14:53:47,803 INFO  server.RaftServerConfigKeys (ConfUtils.java:logGet(43)) - raft.server.leader.election.timeout = 120s (custom)
2019-08-20 14:53:47,803 INFO  server.RaftServerConfigKeys (ConfUtils.java:logGet(43)) - raft.server.log.use.memory = false (default)
2019-08-20 14:53:47,803 INFO  server.RaftServerConfigKeys (ConfUtils.java:logGet(43)) - raft.server.log.purge.gap = 1000000000 (custom)
2019-08-20 14:53:47,803 INFO  server.RaftServerConfigKeys (ConfUtils.java:logGet(43)) - raft.server.log.purge.gap = 1000000000 (custom)
2019-08-20 14:53:47,803 INFO  server.RaftServerConfigKeys (ConfUtils.java:logGet(43)) - raft.server.log.use.memory = false (default)
2019-08-20 14:53:47,804 INFO  server.RaftServerConfigKeys (ConfUtils.java:logGet(43)) - raft.server.log.appender.buffer.byte-limit = 33554432 (custom)
2019-08-20 14:53:47,804 INFO  server.RaftServerConfigKeys (ConfUtils.java:logGet(43)) - raft.server.log.appender.buffer.byte-limit = 33554432 (custom)
2019-08-20 14:53:47,804 INFO  server.RaftServerConfigKeys (ConfUtils.java:logGet(43)) - raft.server.log.segment.size.max = 1048576 (custom)
2019-08-20 14:53:47,804 INFO  server.RaftServerConfigKeys (ConfUtils.java:logGet(43)) - raft.server.log.purge.gap = 1000000000 (custom)
2019-08-20 14:53:47,804 INFO  server.RaftServerConfigKeys (ConfUtils.java:logGet(43)) - raft.server.log.segment.cache.num.max = 2 (custom)
2019-08-20 14:53:47,804 INFO  server.RaftServerConfigKeys (ConfUtils.java:logGet(43)) - raft.server.log.segment.size.max = 1048576 (custom)
2019-08-20 14:53:47,804 INFO  segmented.SegmentedRaftLogWorker (SegmentedRaftLogWorker.java:<init>(172)) - new c56bca4c-c173-42bd-a810-5111441b8914-SegmentedRaftLogWorker:Storage Directory /workdir/hadoop-ozone/integration-test/target/test-dir/MiniOzoneClusterImpl-21e4d6e9-c99a-454d-a878-52e02252dc69/datanode-2/data/ratis/0c20dc57-49c2-46d2-b601-549927422985 for RaftStorage:Storage Directory /workdir/hadoop-ozone/integration-test/target/test-dir/MiniOzoneClusterImpl-21e4d6e9-c99a-454d-a878-52e02252dc69/datanode-2/data/ratis/0c20dc57-49c2-46d2-b601-549927422985
2019-08-20 14:53:47,804 INFO  server.RaftServerConfigKeys (ConfUtils.java:logGet(43)) - raft.server.log.appender.buffer.byte-limit = 33554432 (custom)
2019-08-20 14:53:47,805 INFO  server.RaftServerConfigKeys (ConfUtils.java:logGet(43)) - raft.server.log.queue.byte-limit = 2147483647 (custom)
2019-08-20 14:53:47,807 INFO  server.RaftServerConfigKeys (ConfUtils.java:logGet(43)) - raft.server.log.queue.element-limit = 1024 (custom)
2019-08-20 14:53:47,804 INFO  server.RaftServerConfigKeys (ConfUtils.java:logGet(43)) - raft.server.log.segment.cache.num.max = 2 (custom)
2019-08-20 14:53:47,807 INFO  server.RaftServerConfigKeys (ConfUtils.java:logGet(43)) - raft.server.log.segment.size.max = 1048576 (custom)
2019-08-20 14:53:47,805 INFO  server.RaftServerConfigKeys (ConfUtils.java:logGet(43)) - raft.server.log.segment.size.max = 1048576 (custom)
2019-08-20 14:53:47,807 INFO  server.RaftServerConfigKeys (ConfUtils.java:logGet(43)) - raft.server.log.preallocated.size = 16384 (custom)
2019-08-20 14:53:47,807 INFO  segmented.SegmentedRaftLogWorker (SegmentedRaftLogWorker.java:<init>(172)) - new 9adc419d-8c51-46c2-afa7-2a9543020ca3-SegmentedRaftLogWorker:Storage Directory /workdir/hadoop-ozone/integration-test/target/test-dir/MiniOzoneClusterImpl-21e4d6e9-c99a-454d-a878-52e02252dc69/datanode-0/data/ratis/0c20dc57-49c2-46d2-b601-549927422985 for RaftStorage:Storage Directory /workdir/hadoop-ozone/integration-test/target/test-dir/MiniOzoneClusterImpl-21e4d6e9-c99a-454d-a878-52e02252dc69/datanode-0/data/ratis/0c20dc57-49c2-46d2-b601-549927422985
2019-08-20 14:53:47,807 INFO  server.RaftServerConfigKeys (ConfUtils.java:logGet(43)) - raft.server.log.write.buffer.size = 33554432 (custom)
2019-08-20 14:53:47,807 INFO  server.RaftServerConfigKeys (ConfUtils.java:logGet(43)) - raft.server.log.segment.cache.num.max = 2 (custom)
2019-08-20 14:53:47,808 INFO  server.RaftServerConfigKeys (ConfUtils.java:logGet(43)) - raft.server.log.force.sync.num = 128 (default)
2019-08-20 14:53:47,807 INFO  server.RaftServerConfigKeys (ConfUtils.java:logGet(43)) - raft.server.log.queue.byte-limit = 2147483647 (custom)
2019-08-20 14:53:47,809 INFO  server.RaftServerConfigKeys (ConfUtils.java:logGet(43)) - raft.server.log.statemachine.data.sync = true (default)
2019-08-20 14:53:47,809 INFO  server.RaftServerConfigKeys (ConfUtils.java:logGet(43)) - raft.server.log.statemachine.data.sync.timeout = 10s (default)
2019-08-20 14:53:47,809 INFO  segmented.SegmentedRaftLogWorker (SegmentedRaftLogWorker.java:<init>(172)) - new ad142a7e-96df-461f-a96b-5c8521832ae4-SegmentedRaftLogWorker:Storage Directory /workdir/hadoop-ozone/integration-test/target/test-dir/MiniOzoneClusterImpl-21e4d6e9-c99a-454d-a878-52e02252dc69/datanode-3/data/ratis/0c20dc57-49c2-46d2-b601-549927422985 for RaftStorage:Storage Directory /workdir/hadoop-ozone/integration-test/target/test-dir/MiniOzoneClusterImpl-21e4d6e9-c99a-454d-a878-52e02252dc69/datanode-3/data/ratis/0c20dc57-49c2-46d2-b601-549927422985
2019-08-20 14:53:47,809 INFO  server.RaftServerConfigKeys (ConfUtils.java:logGet(43)) - raft.server.log.statemachine.data.sync.timeout.retry = -1 (default)
2019-08-20 14:53:47,809 INFO  server.RaftServerConfigKeys (ConfUtils.java:logGet(43)) - raft.server.log.queue.element-limit = 1024 (custom)
2019-08-20 14:53:47,811 INFO  server.RaftServerConfigKeys (ConfUtils.java:logGet(43)) - raft.server.log.statemachine.data.caching.enabled = true (custom)
2019-08-20 14:53:47,809 INFO  server.RaftServerConfigKeys (ConfUtils.java:logGet(43)) - raft.server.log.queue.byte-limit = 2147483647 (custom)
2019-08-20 14:53:47,811 INFO  server.RaftServerConfigKeys (ConfUtils.java:logGet(43)) - raft.server.log.segment.size.max = 1048576 (custom)
2019-08-20 14:53:47,811 INFO  segmented.SegmentedRaftLogWorker (SegmentedRaftLogWorker.java:lambda$new$0(132)) - c56bca4c-c173-42bd-a810-5111441b8914-SegmentedRaftLogWorker:Storage Directory /workdir/hadoop-ozone/integration-test/target/test-dir/MiniOzoneClusterImpl-21e4d6e9-c99a-454d-a878-52e02252dc69/datanode-2/data/ratis/0c20dc57-49c2-46d2-b601-549927422985: flushIndex: setUnconditionally 0 -> -1
2019-08-20 14:53:47,811 INFO  server.RaftServerConfigKeys (ConfUtils.java:logGet(43)) - raft.server.log.queue.element-limit = 1024 (custom)
2019-08-20 14:53:47,811 INFO  server.RaftServerConfigKeys (ConfUtils.java:logGet(43)) - raft.server.log.preallocated.size = 16384 (custom)
2019-08-20 14:53:47,811 INFO  server.RaftServerConfigKeys (ConfUtils.java:logGet(43)) - raft.server.snapshot.auto.trigger.enabled = true (custom)
2019-08-20 14:53:47,811 INFO  server.RaftServerConfigKeys (ConfUtils.java:logGet(43)) - raft.server.log.segment.size.max = 1048576 (custom)
2019-08-20 14:53:47,811 INFO  server.RaftServerConfigKeys (ConfUtils.java:logGet(43)) - raft.server.snapshot.auto.trigger.threshold = 10000 (custom)
2019-08-20 14:53:47,811 INFO  server.RaftServerConfigKeys (ConfUtils.java:logGet(43)) - raft.server.log.write.buffer.size = 33554432 (custom)
2019-08-20 14:53:47,812 INFO  server.RaftServerConfigKeys (ConfUtils.java:logGet(43)) - raft.server.retrycache.expirytime = 600000ms (custom)
2019-08-20 14:53:47,812 INFO  server.RaftServerConfigKeys (ConfUtils.java:logGet(43)) - raft.server.log.preallocated.size = 16384 (custom)
2019-08-20 14:53:47,812 INFO  server.RaftServerConfigKeys (ConfUtils.java:logGet(43)) - raft.server.log.force.sync.num = 128 (default)
2019-08-20 14:53:47,812 INFO  server.RaftServerConfigKeys (ConfUtils.java:logGet(43)) - raft.server.log.write.buffer.size = 33554432 (custom)
2019-08-20 14:53:47,812 INFO  impl.RaftServerImpl (RaftServerImpl.java:start(180)) - c56bca4c-c173-42bd-a810-5111441b8914: start group-549927422985
2019-08-20 14:53:47,812 INFO  server.RaftServerConfigKeys (ConfUtils.java:logGet(43)) - raft.server.log.force.sync.num = 128 (default)
2019-08-20 14:53:47,812 INFO  server.RaftServerConfigKeys (ConfUtils.java:logGet(43)) - raft.server.log.statemachine.data.sync = true (default)
2019-08-20 14:53:47,812 INFO  server.RaftServerConfigKeys (ConfUtils.java:logGet(43)) - raft.server.log.statemachine.data.sync = true (default)
2019-08-20 14:53:47,812 INFO  impl.RaftServerImpl (RaftServerImpl.java:setRole(171)) - c56bca4c-c173-42bd-a810-5111441b8914:group-549927422985 changes role from null to FOLLOWER at term 0 for startAsFollower
2019-08-20 14:53:47,813 INFO  server.RaftServerConfigKeys (ConfUtils.java:logGet(43)) - raft.server.log.statemachine.data.sync.timeout = 10s (default)
2019-08-20 14:53:47,813 INFO  server.RaftServerConfigKeys (ConfUtils.java:logGet(43)) - raft.server.log.statemachine.data.sync.timeout = 10s (default)
2019-08-20 14:53:47,813 INFO  server.RaftServerConfigKeys (ConfUtils.java:logGet(43)) - raft.server.log.statemachine.data.sync.timeout.retry = -1 (default)
2019-08-20 14:53:47,813 INFO  impl.RoleInfo (RoleInfo.java:updateAndGet(143)) - c56bca4c-c173-42bd-a810-5111441b8914: start FollowerState
2019-08-20 14:53:47,813 INFO  server.RaftServerConfigKeys (ConfUtils.java:logGet(43)) - raft.server.log.statemachine.data.caching.enabled = true (custom)
2019-08-20 14:53:47,813 INFO  server.RaftServerConfigKeys (ConfUtils.java:logGet(43)) - raft.server.log.statemachine.data.sync.timeout.retry = -1 (default)
2019-08-20 14:53:47,813 INFO  server.RaftServerConfigKeys (ConfUtils.java:logGet(43)) - raft.server.log.statemachine.data.caching.enabled = true (custom)
2019-08-20 14:53:47,813 INFO  segmented.SegmentedRaftLogWorker (SegmentedRaftLogWorker.java:lambda$new$0(132)) - ad142a7e-96df-461f-a96b-5c8521832ae4-SegmentedRaftLogWorker:Storage Directory /workdir/hadoop-ozone/integration-test/target/test-dir/MiniOzoneClusterImpl-21e4d6e9-c99a-454d-a878-52e02252dc69/datanode-3/data/ratis/0c20dc57-49c2-46d2-b601-549927422985: flushIndex: setUnconditionally 0 -> -1
2019-08-20 14:53:47,813 INFO  util.JmxRegister (JmxRegister.java:tryRegister(44)) - Successfully registered JMX Bean with object name Ratis:service=RaftServer,group=group-549927422985,id=c56bca4c-c173-42bd-a810-5111441b8914
2019-08-20 14:53:47,814 INFO  segmented.SegmentedRaftLogWorker (SegmentedRaftLogWorker.java:lambda$new$0(132)) - 9adc419d-8c51-46c2-afa7-2a9543020ca3-SegmentedRaftLogWorker:Storage Directory /workdir/hadoop-ozone/integration-test/target/test-dir/MiniOzoneClusterImpl-21e4d6e9-c99a-454d-a878-52e02252dc69/datanode-0/data/ratis/0c20dc57-49c2-46d2-b601-549927422985: flushIndex: setUnconditionally 0 -> -1
2019-08-20 14:53:47,814 INFO  server.RaftServerConfigKeys (ConfUtils.java:logGet(43)) - raft.server.snapshot.auto.trigger.enabled = true (custom)
2019-08-20 14:53:47,814 INFO  server.RaftServerConfigKeys (ConfUtils.java:logGet(43)) - raft.server.snapshot.auto.trigger.threshold = 10000 (custom)
2019-08-20 14:53:47,814 INFO  server.RaftServerConfigKeys (ConfUtils.java:logGet(43)) - raft.server.snapshot.auto.trigger.enabled = true (custom)
2019-08-20 14:53:47,814 INFO  server.RaftServerConfigKeys (ConfUtils.java:logGet(43)) - raft.server.retrycache.expirytime = 600000ms (custom)
2019-08-20 14:53:47,814 INFO  server.RaftServerConfigKeys (ConfUtils.java:logGet(43)) - raft.server.snapshot.auto.trigger.threshold = 10000 (custom)
2019-08-20 14:53:47,814 INFO  impl.RaftServerImpl (RaftServerImpl.java:start(180)) - ad142a7e-96df-461f-a96b-5c8521832ae4: start group-549927422985
2019-08-20 14:53:47,814 INFO  server.RaftServerConfigKeys (ConfUtils.java:logGet(43)) - raft.server.retrycache.expirytime = 600000ms (custom)
2019-08-20 14:53:47,814 INFO  impl.RaftServerImpl (RaftServerImpl.java:setRole(171)) - ad142a7e-96df-461f-a96b-5c8521832ae4:group-549927422985 changes role from null to FOLLOWER at term 0 for startAsFollower
2019-08-20 14:53:47,814 INFO  impl.RaftServerImpl (RaftServerImpl.java:start(180)) - 9adc419d-8c51-46c2-afa7-2a9543020ca3: start group-549927422985
2019-08-20 14:53:47,814 INFO  impl.RoleInfo (RoleInfo.java:updateAndGet(143)) - ad142a7e-96df-461f-a96b-5c8521832ae4: start FollowerState
2019-08-20 14:53:47,814 INFO  impl.RaftServerImpl (RaftServerImpl.java:setRole(171)) - 9adc419d-8c51-46c2-afa7-2a9543020ca3:group-549927422985 changes role from null to FOLLOWER at term 0 for startAsFollower
2019-08-20 14:53:47,815 INFO  impl.RoleInfo (RoleInfo.java:updateAndGet(143)) - 9adc419d-8c51-46c2-afa7-2a9543020ca3: start FollowerState
2019-08-20 14:53:47,815 INFO  util.JmxRegister (JmxRegister.java:tryRegister(44)) - Successfully registered JMX Bean with object name Ratis:service=RaftServer,group=group-549927422985,id=ad142a7e-96df-461f-a96b-5c8521832ae4
2019-08-20 14:53:47,815 INFO  util.JmxRegister (JmxRegister.java:tryRegister(44)) - Successfully registered JMX Bean with object name Ratis:service=RaftServer,group=group-549927422985,id=9adc419d-8c51-46c2-afa7-2a9543020ca3
2019-08-20 14:53:47,836 INFO  pipeline.PipelineStateManager (PipelineStateManager.java:addPipeline(56)) - Created pipeline Pipeline[ Id: 0c20dc57-49c2-46d2-b601-549927422985, Nodes: 9adc419d-8c51-46c2-afa7-2a9543020ca3{ip: 192.168.69.107, host: pr-hdds-1054-6hltv-2752131155, networkLocation: /default-rack, certSerialId: null}ad142a7e-96df-461f-a96b-5c8521832ae4{ip: 192.168.69.107, host: pr-hdds-1054-6hltv-2752131155, networkLocation: /default-rack, certSerialId: null}c56bca4c-c173-42bd-a810-5111441b8914{ip: 192.168.69.107, host: pr-hdds-1054-6hltv-2752131155, networkLocation: /default-rack, certSerialId: null}, Type:RATIS, Factor:THREE, State:OPEN]
2019-08-20 14:53:47,870 INFO  impl.RaftServerProxy (RaftServerProxy.java:addNew(89)) - 2b4d4593-03da-45c4-a697-cd78daad85eb: addNew group-3ADDC00B272F:[2b4d4593-03da-45c4-a697-cd78daad85eb:192.168.69.107:33892, 2380bf0b-cac6-4510-8ed0-9441f8f336c2:192.168.69.107:32941, f39aa5fc-7605-42ea-a58b-15f94e0f6a78:192.168.69.107:38831] returns group-3ADDC00B272F:java.util.concurrent.CompletableFuture@2cdbcb3b[Not completed]
2019-08-20 14:53:47,871 INFO  impl.RaftServerProxy (RaftServerProxy.java:addNew(89)) - 2380bf0b-cac6-4510-8ed0-9441f8f336c2: addNew group-3ADDC00B272F:[2b4d4593-03da-45c4-a697-cd78daad85eb:192.168.69.107:33892, 2380bf0b-cac6-4510-8ed0-9441f8f336c2:192.168.69.107:32941, f39aa5fc-7605-42ea-a58b-15f94e0f6a78:192.168.69.107:38831] returns group-3ADDC00B272F:java.util.concurrent.CompletableFuture@6ac463b9[Not completed]
2019-08-20 14:53:47,871 INFO  impl.RaftServerProxy (RaftServerProxy.java:addNew(89)) - f39aa5fc-7605-42ea-a58b-15f94e0f6a78: addNew group-3ADDC00B272F:[2b4d4593-03da-45c4-a697-cd78daad85eb:192.168.69.107:33892, 2380bf0b-cac6-4510-8ed0-9441f8f336c2:192.168.69.107:32941, f39aa5fc-7605-42ea-a58b-15f94e0f6a78:192.168.69.107:38831] returns group-3ADDC00B272F:java.util.concurrent.CompletableFuture@5bbe1560[Not completed]
2019-08-20 14:53:47,874 INFO  impl.RaftServerImpl (RaftServerImpl.java:<init>(93)) - 2b4d4593-03da-45c4-a697-cd78daad85eb: new RaftServerImpl for group-3ADDC00B272F:[2b4d4593-03da-45c4-a697-cd78daad85eb:192.168.69.107:33892, 2380bf0b-cac6-4510-8ed0-9441f8f336c2:192.168.69.107:32941, f39aa5fc-7605-42ea-a58b-15f94e0f6a78:192.168.69.107:38831] with ContainerStateMachine:uninitialized
2019-08-20 14:53:47,874 INFO  server.RaftServerConfigKeys (ConfUtils.java:logGet(43)) - raft.server.rpc.timeout.min = 5s (custom)
2019-08-20 14:53:47,874 INFO  server.RaftServerConfigKeys (ConfUtils.java:logGet(43)) - raft.server.rpc.timeout.max = 5200ms (custom)
2019-08-20 14:53:47,874 INFO  server.RaftServerConfigKeys (ConfUtils.java:logGet(43)) - raft.server.rpcslowness.timeout = 120s (custom)
2019-08-20 14:53:47,874 INFO  server.RaftServerConfigKeys (ConfUtils.java:logGet(43)) - raft.server.sleep.deviation.threshold = 300 (default)
2019-08-20 14:53:47,874 INFO  server.RaftServerConfigKeys (ConfUtils.java:logGet(43)) - raft.server.log.appender.install.snapshot.enabled = false (custom)
2019-08-20 14:53:47,874 INFO  impl.RaftServerImpl (ServerState.java:<init>(105)) - 2b4d4593-03da-45c4-a697-cd78daad85eb:group-3ADDC00B272F ConfigurationManager, init=-1: [2b4d4593-03da-45c4-a697-cd78daad85eb:192.168.69.107:33892, 2380bf0b-cac6-4510-8ed0-9441f8f336c2:192.168.69.107:32941, f39aa5fc-7605-42ea-a58b-15f94e0f6a78:192.168.69.107:38831], old=null, confs=<EMPTY_MAP>
2019-08-20 14:53:47,874 INFO  server.RaftServerConfigKeys (ConfUtils.java:logGet(43)) - raft.server.storage.dir = [/workdir/hadoop-ozone/integration-test/target/test-dir/MiniOzoneClusterImpl-21e4d6e9-c99a-454d-a878-52e02252dc69/datanode-1/data/ratis] (custom)
2019-08-20 14:53:47,875 INFO  storage.RaftStorageDirectory (RaftStorageDirectory.java:analyzeStorage(246)) - The storage directory /workdir/hadoop-ozone/integration-test/target/test-dir/MiniOzoneClusterImpl-21e4d6e9-c99a-454d-a878-52e02252dc69/datanode-1/data/ratis/93659cfd-1468-47a7-865d-3addc00b272f does not exist. Creating ...
2019-08-20 14:53:47,875 INFO  impl.RaftServerImpl (RaftServerImpl.java:<init>(93)) - 2380bf0b-cac6-4510-8ed0-9441f8f336c2: new RaftServerImpl for group-3ADDC00B272F:[2b4d4593-03da-45c4-a697-cd78daad85eb:192.168.69.107:33892, 2380bf0b-cac6-4510-8ed0-9441f8f336c2:192.168.69.107:32941, f39aa5fc-7605-42ea-a58b-15f94e0f6a78:192.168.69.107:38831] with ContainerStateMachine:uninitialized
2019-08-20 14:53:47,875 INFO  server.RaftServerConfigKeys (ConfUtils.java:logGet(43)) - raft.server.rpc.timeout.min = 5s (custom)
2019-08-20 14:53:47,875 INFO  server.RaftServerConfigKeys (ConfUtils.java:logGet(43)) - raft.server.rpc.timeout.max = 5200ms (custom)
2019-08-20 14:53:47,875 INFO  server.RaftServerConfigKeys (ConfUtils.java:logGet(43)) - raft.server.rpcslowness.timeout = 120s (custom)
2019-08-20 14:53:47,876 INFO  server.RaftServerConfigKeys (ConfUtils.java:logGet(43)) - raft.server.sleep.deviation.threshold = 300 (default)
2019-08-20 14:53:47,876 INFO  impl.RaftServerImpl (RaftServerImpl.java:<init>(93)) - f39aa5fc-7605-42ea-a58b-15f94e0f6a78: new RaftServerImpl for group-3ADDC00B272F:[2b4d4593-03da-45c4-a697-cd78daad85eb:192.168.69.107:33892, 2380bf0b-cac6-4510-8ed0-9441f8f336c2:192.168.69.107:32941, f39aa5fc-7605-42ea-a58b-15f94e0f6a78:192.168.69.107:38831] with ContainerStateMachine:uninitialized
2019-08-20 14:53:47,876 INFO  server.RaftServerConfigKeys (ConfUtils.java:logGet(43)) - raft.server.log.appender.install.snapshot.enabled = false (custom)
2019-08-20 14:53:47,876 INFO  server.RaftServerConfigKeys (ConfUtils.java:logGet(43)) - raft.server.rpc.timeout.min = 5s (custom)
2019-08-20 14:53:47,876 INFO  impl.RaftServerImpl (ServerState.java:<init>(105)) - 2380bf0b-cac6-4510-8ed0-9441f8f336c2:group-3ADDC00B272F ConfigurationManager, init=-1: [2b4d4593-03da-45c4-a697-cd78daad85eb:192.168.69.107:33892, 2380bf0b-cac6-4510-8ed0-9441f8f336c2:192.168.69.107:32941, f39aa5fc-7605-42ea-a58b-15f94e0f6a78:192.168.69.107:38831], old=null, confs=<EMPTY_MAP>
2019-08-20 14:53:47,876 INFO  server.RaftServerConfigKeys (ConfUtils.java:logGet(43)) - raft.server.rpc.timeout.max = 5200ms (custom)
2019-08-20 14:53:47,876 INFO  server.RaftServerConfigKeys (ConfUtils.java:logGet(43)) - raft.server.storage.dir = [/workdir/hadoop-ozone/integration-test/target/test-dir/MiniOzoneClusterImpl-21e4d6e9-c99a-454d-a878-52e02252dc69/datanode-5/data/ratis] (custom)
2019-08-20 14:53:47,876 INFO  server.RaftServerConfigKeys (ConfUtils.java:logGet(43)) - raft.server.rpcslowness.timeout = 120s (custom)
2019-08-20 14:53:47,877 INFO  server.RaftServerConfigKeys (ConfUtils.java:logGet(43)) - raft.server.sleep.deviation.threshold = 300 (default)
2019-08-20 14:53:47,877 INFO  server.RaftServerConfigKeys (ConfUtils.java:logGet(43)) - raft.server.log.appender.install.snapshot.enabled = false (custom)
2019-08-20 14:53:47,877 INFO  storage.RaftStorageDirectory (RaftStorageDirectory.java:analyzeStorage(246)) - The storage directory /workdir/hadoop-ozone/integration-test/target/test-dir/MiniOzoneClusterImpl-21e4d6e9-c99a-454d-a878-52e02252dc69/datanode-5/data/ratis/93659cfd-1468-47a7-865d-3addc00b272f does not exist. Creating ...
2019-08-20 14:53:47,877 INFO  impl.RaftServerImpl (ServerState.java:<init>(105)) - f39aa5fc-7605-42ea-a58b-15f94e0f6a78:group-3ADDC00B272F ConfigurationManager, init=-1: [2b4d4593-03da-45c4-a697-cd78daad85eb:192.168.69.107:33892, 2380bf0b-cac6-4510-8ed0-9441f8f336c2:192.168.69.107:32941, f39aa5fc-7605-42ea-a58b-15f94e0f6a78:192.168.69.107:38831], old=null, confs=<EMPTY_MAP>
2019-08-20 14:53:47,877 INFO  server.RaftServerConfigKeys (ConfUtils.java:logGet(43)) - raft.server.storage.dir = [/workdir/hadoop-ozone/integration-test/target/test-dir/MiniOzoneClusterImpl-21e4d6e9-c99a-454d-a878-52e02252dc69/datanode-4/data/ratis] (custom)
2019-08-20 14:53:47,878 INFO  storage.RaftStorageDirectory (RaftStorageDirectory.java:analyzeStorage(246)) - The storage directory /workdir/hadoop-ozone/integration-test/target/test-dir/MiniOzoneClusterImpl-21e4d6e9-c99a-454d-a878-52e02252dc69/datanode-4/data/ratis/93659cfd-1468-47a7-865d-3addc00b272f does not exist. Creating ...
2019-08-20 14:53:47,892 INFO  storage.RaftStorageDirectory (RaftStorageDirectory.java:tryLock(328)) - Lock on /workdir/hadoop-ozone/integration-test/target/test-dir/MiniOzoneClusterImpl-21e4d6e9-c99a-454d-a878-52e02252dc69/datanode-5/data/ratis/93659cfd-1468-47a7-865d-3addc00b272f/in_use.lock acquired by nodename 6966@pr-hdds-1054-6hltv-2752131155
2019-08-20 14:53:47,892 INFO  storage.RaftStorageDirectory (RaftStorageDirectory.java:tryLock(328)) - Lock on /workdir/hadoop-ozone/integration-test/target/test-dir/MiniOzoneClusterImpl-21e4d6e9-c99a-454d-a878-52e02252dc69/datanode-4/data/ratis/93659cfd-1468-47a7-865d-3addc00b272f/in_use.lock acquired by nodename 6966@pr-hdds-1054-6hltv-2752131155
2019-08-20 14:53:47,892 INFO  storage.RaftStorageDirectory (RaftStorageDirectory.java:tryLock(328)) - Lock on /workdir/hadoop-ozone/integration-test/target/test-dir/MiniOzoneClusterImpl-21e4d6e9-c99a-454d-a878-52e02252dc69/datanode-1/data/ratis/93659cfd-1468-47a7-865d-3addc00b272f/in_use.lock acquired by nodename 6966@pr-hdds-1054-6hltv-2752131155
2019-08-20 14:53:47,919 INFO  storage.RaftStorage (RaftStorage.java:format(72)) - Storage directory /workdir/hadoop-ozone/integration-test/target/test-dir/MiniOzoneClusterImpl-21e4d6e9-c99a-454d-a878-52e02252dc69/datanode-1/data/ratis/93659cfd-1468-47a7-865d-3addc00b272f has been successfully formatted.
2019-08-20 14:53:47,919 INFO  storage.RaftStorage (RaftStorage.java:format(72)) - Storage directory /workdir/hadoop-ozone/integration-test/target/test-dir/MiniOzoneClusterImpl-21e4d6e9-c99a-454d-a878-52e02252dc69/datanode-5/data/ratis/93659cfd-1468-47a7-865d-3addc00b272f has been successfully formatted.
2019-08-20 14:53:47,919 INFO  storage.RaftStorage (RaftStorage.java:format(72)) - Storage directory /workdir/hadoop-ozone/integration-test/target/test-dir/MiniOzoneClusterImpl-21e4d6e9-c99a-454d-a878-52e02252dc69/datanode-4/data/ratis/93659cfd-1468-47a7-865d-3addc00b272f has been successfully formatted.
2019-08-20 14:53:47,919 INFO  ratis.ContainerStateMachine (ContainerStateMachine.java:loadSnapshot(222)) - group-3ADDC00B272F: The snapshot info is null. Setting the last applied indexto:(t:0, i:~)
2019-08-20 14:53:47,919 INFO  ratis.ContainerStateMachine (ContainerStateMachine.java:loadSnapshot(222)) - group-3ADDC00B272F: The snapshot info is null. Setting the last applied indexto:(t:0, i:~)
2019-08-20 14:53:47,919 INFO  server.RaftServerConfigKeys (ConfUtils.java:logGet(43)) - raft.server.leader.election.timeout = 120s (custom)
2019-08-20 14:53:47,919 INFO  ratis.ContainerStateMachine (ContainerStateMachine.java:loadSnapshot(222)) - group-3ADDC00B272F: The snapshot info is null. Setting the last applied indexto:(t:0, i:~)
2019-08-20 14:53:47,920 INFO  server.RaftServerConfigKeys (ConfUtils.java:logGet(43)) - raft.server.log.use.memory = false (default)
2019-08-20 14:53:47,919 INFO  server.RaftServerConfigKeys (ConfUtils.java:logGet(43)) - raft.server.leader.election.timeout = 120s (custom)
2019-08-20 14:53:47,920 INFO  server.RaftServerConfigKeys (ConfUtils.java:logGet(43)) - raft.server.log.purge.gap = 1000000000 (custom)
2019-08-20 14:53:47,920 INFO  server.RaftServerConfigKeys (ConfUtils.java:logGet(43)) - raft.server.leader.election.timeout = 120s (custom)
2019-08-20 14:53:47,920 INFO  server.RaftServerConfigKeys (ConfUtils.java:logGet(43)) - raft.server.log.appender.buffer.byte-limit = 33554432 (custom)
2019-08-20 14:53:47,920 INFO  server.RaftServerConfigKeys (ConfUtils.java:logGet(43)) - raft.server.log.use.memory = false (default)
2019-08-20 14:53:47,920 INFO  server.RaftServerConfigKeys (ConfUtils.java:logGet(43)) - raft.server.log.segment.size.max = 1048576 (custom)
2019-08-20 14:53:47,920 INFO  server.RaftServerConfigKeys (ConfUtils.java:logGet(43)) - raft.server.log.use.memory = false (default)
2019-08-20 14:53:47,920 INFO  server.RaftServerConfigKeys (ConfUtils.java:logGet(43)) - raft.server.log.segment.cache.num.max = 2 (custom)
2019-08-20 14:53:47,920 INFO  server.RaftServerConfigKeys (ConfUtils.java:logGet(43)) - raft.server.log.purge.gap = 1000000000 (custom)
2019-08-20 14:53:47,920 INFO  segmented.SegmentedRaftLogWorker (SegmentedRaftLogWorker.java:<init>(172)) - new 2b4d4593-03da-45c4-a697-cd78daad85eb-SegmentedRaftLogWorker:Storage Directory /workdir/hadoop-ozone/integration-test/target/test-dir/MiniOzoneClusterImpl-21e4d6e9-c99a-454d-a878-52e02252dc69/datanode-1/data/ratis/93659cfd-1468-47a7-865d-3addc00b272f for RaftStorage:Storage Directory /workdir/hadoop-ozone/integration-test/target/test-dir/MiniOzoneClusterImpl-21e4d6e9-c99a-454d-a878-52e02252dc69/datanode-1/data/ratis/93659cfd-1468-47a7-865d-3addc00b272f
2019-08-20 14:53:47,920 INFO  server.RaftServerConfigKeys (ConfUtils.java:logGet(43)) - raft.server.log.purge.gap = 1000000000 (custom)
2019-08-20 14:53:47,921 INFO  server.RaftServerConfigKeys (ConfUtils.java:logGet(43)) - raft.server.log.queue.byte-limit = 2147483647 (custom)
2019-08-20 14:53:47,921 INFO  server.RaftServerConfigKeys (ConfUtils.java:logGet(43)) - raft.server.log.appender.buffer.byte-limit = 33554432 (custom)
2019-08-20 14:53:47,924 INFO  server.RaftServerConfigKeys (ConfUtils.java:logGet(43)) - raft.server.log.queue.element-limit = 1024 (custom)
2019-08-20 14:53:47,921 INFO  server.RaftServerConfigKeys (ConfUtils.java:logGet(43)) - raft.server.log.appender.buffer.byte-limit = 33554432 (custom)
2019-08-20 14:53:47,924 INFO  server.RaftServerConfigKeys (ConfUtils.java:logGet(43)) - raft.server.log.segment.size.max = 1048576 (custom)
2019-08-20 14:53:47,924 INFO  server.RaftServerConfigKeys (ConfUtils.java:logGet(43)) - raft.server.log.segment.size.max = 1048576 (custom)
2019-08-20 14:53:47,924 INFO  server.RaftServerConfigKeys (ConfUtils.java:logGet(43)) - raft.server.log.preallocated.size = 16384 (custom)
2019-08-20 14:53:47,924 INFO  server.RaftServerConfigKeys (ConfUtils.java:logGet(43)) - raft.server.log.segment.size.max = 1048576 (custom)
2019-08-20 14:53:47,924 INFO  server.RaftServerConfigKeys (ConfUtils.java:logGet(43)) - raft.server.log.write.buffer.size = 33554432 (custom)
2019-08-20 14:53:47,924 INFO  server.RaftServerConfigKeys (ConfUtils.java:logGet(43)) - raft.server.log.segment.cache.num.max = 2 (custom)
2019-08-20 14:53:47,925 INFO  server.RaftServerConfigKeys (ConfUtils.java:logGet(43)) - raft.server.log.force.sync.num = 128 (default)
2019-08-20 14:53:47,924 INFO  server.RaftServerConfigKeys (ConfUtils.java:logGet(43)) - raft.server.log.segment.cache.num.max = 2 (custom)
2019-08-20 14:53:47,925 INFO  server.RaftServerConfigKeys (ConfUtils.java:logGet(43)) - raft.server.log.statemachine.data.sync = true (default)
2019-08-20 14:53:47,925 INFO  segmented.SegmentedRaftLogWorker (SegmentedRaftLogWorker.java:<init>(172)) - new f39aa5fc-7605-42ea-a58b-15f94e0f6a78-SegmentedRaftLogWorker:Storage Directory /workdir/hadoop-ozone/integration-test/target/test-dir/MiniOzoneClusterImpl-21e4d6e9-c99a-454d-a878-52e02252dc69/datanode-4/data/ratis/93659cfd-1468-47a7-865d-3addc00b272f for RaftStorage:Storage Directory /workdir/hadoop-ozone/integration-test/target/test-dir/MiniOzoneClusterImpl-21e4d6e9-c99a-454d-a878-52e02252dc69/datanode-4/data/ratis/93659cfd-1468-47a7-865d-3addc00b272f
2019-08-20 14:53:47,925 INFO  server.RaftServerConfigKeys (ConfUtils.java:logGet(43)) - raft.server.log.statemachine.data.sync.timeout = 10s (default)
2019-08-20 14:53:47,925 INFO  segmented.SegmentedRaftLogWorker (SegmentedRaftLogWorker.java:<init>(172)) - new 2380bf0b-cac6-4510-8ed0-9441f8f336c2-SegmentedRaftLogWorker:Storage Directory /workdir/hadoop-ozone/integration-test/target/test-dir/MiniOzoneClusterImpl-21e4d6e9-c99a-454d-a878-52e02252dc69/datanode-5/data/ratis/93659cfd-1468-47a7-865d-3addc00b272f for RaftStorage:Storage Directory /workdir/hadoop-ozone/integration-test/target/test-dir/MiniOzoneClusterImpl-21e4d6e9-c99a-454d-a878-52e02252dc69/datanode-5/data/ratis/93659cfd-1468-47a7-865d-3addc00b272f
2019-08-20 14:53:47,925 INFO  server.RaftServerConfigKeys (ConfUtils.java:logGet(43)) - raft.server.log.statemachine.data.sync.timeout.retry = -1 (default)
2019-08-20 14:53:47,925 INFO  server.RaftServerConfigKeys (ConfUtils.java:logGet(43)) - raft.server.log.queue.byte-limit = 2147483647 (custom)
2019-08-20 14:53:47,929 INFO  server.RaftServerConfigKeys (ConfUtils.java:logGet(43)) - raft.server.log.statemachine.data.caching.enabled = true (custom)
2019-08-20 14:53:47,927 INFO  server.RaftServerConfigKeys (ConfUtils.java:logGet(43)) - raft.server.log.queue.byte-limit = 2147483647 (custom)
2019-08-20 14:53:47,929 INFO  server.RaftServerConfigKeys (ConfUtils.java:logGet(43)) - raft.server.log.queue.element-limit = 1024 (custom)
2019-08-20 14:53:47,929 INFO  segmented.SegmentedRaftLogWorker (SegmentedRaftLogWorker.java:lambda$new$0(132)) - 2b4d4593-03da-45c4-a697-cd78daad85eb-SegmentedRaftLogWorker:Storage Directory /workdir/hadoop-ozone/integration-test/target/test-dir/MiniOzoneClusterImpl-21e4d6e9-c99a-454d-a878-52e02252dc69/datanode-1/data/ratis/93659cfd-1468-47a7-865d-3addc00b272f: flushIndex: setUnconditionally 0 -> -1
2019-08-20 14:53:47,929 INFO  server.RaftServerConfigKeys (ConfUtils.java:logGet(43)) - raft.server.log.queue.element-limit = 1024 (custom)
2019-08-20 14:53:47,930 INFO  server.RaftServerConfigKeys (ConfUtils.java:logGet(43)) - raft.server.log.segment.size.max = 1048576 (custom)
2019-08-20 14:53:47,930 INFO  server.RaftServerConfigKeys (ConfUtils.java:logGet(43)) - raft.server.log.segment.size.max = 1048576 (custom)
2019-08-20 14:53:47,930 INFO  server.RaftServerConfigKeys (ConfUtils.java:logGet(43)) - raft.server.snapshot.auto.trigger.enabled = true (custom)
2019-08-20 14:53:47,930 INFO  server.RaftServerConfigKeys (ConfUtils.java:logGet(43)) - raft.server.log.preallocated.size = 16384 (custom)
2019-08-20 14:53:47,930 INFO  server.RaftServerConfigKeys (ConfUtils.java:logGet(43)) - raft.server.log.preallocated.size = 16384 (custom)
2019-08-20 14:53:47,930 INFO  server.RaftServerConfigKeys (ConfUtils.java:logGet(43)) - raft.server.log.write.buffer.size = 33554432 (custom)
2019-08-20 14:53:47,930 INFO  server.RaftServerConfigKeys (ConfUtils.java:logGet(43)) - raft.server.snapshot.auto.trigger.threshold = 10000 (custom)
2019-08-20 14:53:47,930 INFO  server.RaftServerConfigKeys (ConfUtils.java:logGet(43)) - raft.server.log.force.sync.num = 128 (default)
2019-08-20 14:53:47,930 INFO  server.RaftServerConfigKeys (ConfUtils.java:logGet(43)) - raft.server.log.write.buffer.size = 33554432 (custom)
2019-08-20 14:53:47,930 INFO  server.RaftServerConfigKeys (ConfUtils.java:logGet(43)) - raft.server.log.statemachine.data.sync = true (default)
2019-08-20 14:53:47,930 INFO  server.RaftServerConfigKeys (ConfUtils.java:logGet(43)) - raft.server.retrycache.expirytime = 600000ms (custom)
2019-08-20 14:53:47,931 INFO  server.RaftServerConfigKeys (ConfUtils.java:logGet(43)) - raft.server.log.statemachine.data.sync.timeout = 10s (default)
2019-08-20 14:53:47,931 INFO  server.RaftServerConfigKeys (ConfUtils.java:logGet(43)) - raft.server.log.force.sync.num = 128 (default)
2019-08-20 14:53:47,931 INFO  server.RaftServerConfigKeys (ConfUtils.java:logGet(43)) - raft.server.log.statemachine.data.sync.timeout.retry = -1 (default)
2019-08-20 14:53:47,931 INFO  impl.RaftServerImpl (RaftServerImpl.java:start(180)) - 2b4d4593-03da-45c4-a697-cd78daad85eb: start group-3ADDC00B272F
2019-08-20 14:53:47,931 INFO  server.RaftServerConfigKeys (ConfUtils.java:logGet(43)) - raft.server.log.statemachine.data.sync = true (default)
2019-08-20 14:53:47,931 INFO  impl.RaftServerImpl (RaftServerImpl.java:setRole(171)) - 2b4d4593-03da-45c4-a697-cd78daad85eb:group-3ADDC00B272F changes role from null to FOLLOWER at term 0 for startAsFollower
2019-08-20 14:53:47,931 INFO  server.RaftServerConfigKeys (ConfUtils.java:logGet(43)) - raft.server.log.statemachine.data.caching.enabled = true (custom)
2019-08-20 14:53:47,931 INFO  impl.RoleInfo (RoleInfo.java:updateAndGet(143)) - 2b4d4593-03da-45c4-a697-cd78daad85eb: start FollowerState
2019-08-20 14:53:47,931 INFO  server.RaftServerConfigKeys (ConfUtils.java:logGet(43)) - raft.server.log.statemachine.data.sync.timeout = 10s (default)
2019-08-20 14:53:47,932 INFO  segmented.SegmentedRaftLogWorker (SegmentedRaftLogWorker.java:lambda$new$0(132)) - 2380bf0b-cac6-4510-8ed0-9441f8f336c2-SegmentedRaftLogWorker:Storage Directory /workdir/hadoop-ozone/integration-test/target/test-dir/MiniOzoneClusterImpl-21e4d6e9-c99a-454d-a878-52e02252dc69/datanode-5/data/ratis/93659cfd-1468-47a7-865d-3addc00b272f: flushIndex: setUnconditionally 0 -> -1
2019-08-20 14:53:47,932 INFO  server.RaftServerConfigKeys (ConfUtils.java:logGet(43)) - raft.server.log.statemachine.data.sync.timeout.retry = -1 (default)
2019-08-20 14:53:47,932 INFO  server.RaftServerConfigKeys (ConfUtils.java:logGet(43)) - raft.server.snapshot.auto.trigger.enabled = true (custom)
2019-08-20 14:53:47,932 INFO  util.JmxRegister (JmxRegister.java:tryRegister(44)) - Successfully registered JMX Bean with object name Ratis:service=RaftServer,group=group-3ADDC00B272F,id=2b4d4593-03da-45c4-a697-cd78daad85eb
2019-08-20 14:53:47,932 INFO  server.RaftServerConfigKeys (ConfUtils.java:logGet(43)) - raft.server.log.statemachine.data.caching.enabled = true (custom)
2019-08-20 14:53:47,932 INFO  server.RaftServerConfigKeys (ConfUtils.java:logGet(43)) - raft.server.snapshot.auto.trigger.threshold = 10000 (custom)
2019-08-20 14:53:47,932 INFO  server.RaftServerConfigKeys (ConfUtils.java:logGet(43)) - raft.server.retrycache.expirytime = 600000ms (custom)
2019-08-20 14:53:47,932 INFO  segmented.SegmentedRaftLogWorker (SegmentedRaftLogWorker.java:lambda$new$0(132)) - f39aa5fc-7605-42ea-a58b-15f94e0f6a78-SegmentedRaftLogWorker:Storage Directory /workdir/hadoop-ozone/integration-test/target/test-dir/MiniOzoneClusterImpl-21e4d6e9-c99a-454d-a878-52e02252dc69/datanode-4/data/ratis/93659cfd-1468-47a7-865d-3addc00b272f: flushIndex: setUnconditionally 0 -> -1
2019-08-20 14:53:47,933 INFO  server.RaftServerConfigKeys (ConfUtils.java:logGet(43)) - raft.server.snapshot.auto.trigger.enabled = true (custom)
2019-08-20 14:53:47,933 INFO  server.RaftServerConfigKeys (ConfUtils.java:logGet(43)) - raft.server.snapshot.auto.trigger.threshold = 10000 (custom)
2019-08-20 14:53:47,933 INFO  server.RaftServerConfigKeys (ConfUtils.java:logGet(43)) - raft.server.retrycache.expirytime = 600000ms (custom)
2019-08-20 14:53:47,934 INFO  impl.RaftServerImpl (RaftServerImpl.java:start(180)) - f39aa5fc-7605-42ea-a58b-15f94e0f6a78: start group-3ADDC00B272F
2019-08-20 14:53:47,933 INFO  impl.RaftServerImpl (RaftServerImpl.java:start(180)) - 2380bf0b-cac6-4510-8ed0-9441f8f336c2: start group-3ADDC00B272F
2019-08-20 14:53:47,935 INFO  impl.RaftServerImpl (RaftServerImpl.java:setRole(171)) - f39aa5fc-7605-42ea-a58b-15f94e0f6a78:group-3ADDC00B272F changes role from null to FOLLOWER at term 0 for startAsFollower
2019-08-20 14:53:47,935 INFO  impl.RaftServerImpl (RaftServerImpl.java:setRole(171)) - 2380bf0b-cac6-4510-8ed0-9441f8f336c2:group-3ADDC00B272F changes role from null to FOLLOWER at term 0 for startAsFollower
2019-08-20 14:53:47,937 INFO  impl.RoleInfo (RoleInfo.java:updateAndGet(143)) - f39aa5fc-7605-42ea-a58b-15f94e0f6a78: start FollowerState
2019-08-20 14:53:47,937 INFO  impl.RoleInfo (RoleInfo.java:updateAndGet(143)) - 2380bf0b-cac6-4510-8ed0-9441f8f336c2: start FollowerState
2019-08-20 14:53:47,938 INFO  util.JmxRegister (JmxRegister.java:tryRegister(44)) - Successfully registered JMX Bean with object name Ratis:service=RaftServer,group=group-3ADDC00B272F,id=f39aa5fc-7605-42ea-a58b-15f94e0f6a78
2019-08-20 14:53:47,938 INFO  util.JmxRegister (JmxRegister.java:tryRegister(44)) - Successfully registered JMX Bean with object name Ratis:service=RaftServer,group=group-3ADDC00B272F,id=2380bf0b-cac6-4510-8ed0-9441f8f336c2
2019-08-20 14:53:47,960 INFO  pipeline.PipelineStateManager (PipelineStateManager.java:addPipeline(56)) - Created pipeline Pipeline[ Id: 93659cfd-1468-47a7-865d-3addc00b272f, Nodes: 2b4d4593-03da-45c4-a697-cd78daad85eb{ip: 192.168.69.107, host: pr-hdds-1054-6hltv-2752131155, networkLocation: /default-rack, certSerialId: null}f39aa5fc-7605-42ea-a58b-15f94e0f6a78{ip: 192.168.69.107, host: pr-hdds-1054-6hltv-2752131155, networkLocation: /default-rack, certSerialId: null}2380bf0b-cac6-4510-8ed0-9441f8f336c2{ip: 192.168.69.107, host: pr-hdds-1054-6hltv-2752131155, networkLocation: /default-rack, certSerialId: null}, Type:RATIS, Factor:THREE, State:OPEN]
2019-08-20 14:53:48,312 INFO  ozone.MiniOzoneClusterImpl (MiniOzoneClusterImpl.java:lambda$waitForClusterToBeReady$0(142)) - Cluster is ready. Got 7 of 7 DN Heartbeats.
2019-08-20 14:53:48,657 INFO  rpc.RpcClient (RpcClient.java:createVolume(293)) - Creating Volume: watchforcommithandlingtest, with jenkins1000 as owner.
2019-08-20 14:53:48,699 INFO  rpc.RpcClient (RpcClient.java:createBucket(430)) - Creating Bucket: watchforcommithandlingtest/watchforcommithandlingtest, with Versioning false and Storage Type set to DISK and Encryption set to false 
2019-08-20 14:53:48,716 INFO  ozone.MiniOzoneClusterImpl (MiniOzoneClusterImpl.java:getStorageContainerLocationClient(241)) - Creating StorageContainerLocationProtocol RPC client with address /0.0.0.0:39627
2019-08-20 14:53:48,749 INFO  impl.MetricsSystemImpl (MetricsSystemImpl.java:init(158)) - XceiverClientMetrics metrics system started (again)
2019-08-20 14:53:48,824 INFO  client.GrpcClientProtocolClient (GrpcClientProtocolClient.java:onNext(255)) - client-60CE66D7186E->9adc419d-8c51-46c2-afa7-2a9543020ca3: receive RaftClientReply:client-60CE66D7186E->9adc419d-8c51-46c2-afa7-2a9543020ca3@group-549927422985, cid=13, FAILED org.apache.ratis.protocol.NotLeaderException: Server 9adc419d-8c51-46c2-afa7-2a9543020ca3 is not the leader (null). Request must be sent to leader., logIndex=0, commits[9adc419d-8c51-46c2-afa7-2a9543020ca3:c-1]
2019-08-20 14:53:48,829 INFO  container.ReplicationManager (ReplicationManager.java:start(155)) - Starting Replication Monitor Thread.
2019-08-20 14:53:48,835 INFO  container.ReplicationManager (ReplicationManager.java:run(207)) - Replication Monitor Thread took 6 milliseconds for processing 1 containers.
2019-08-20 14:53:49,862 INFO  client.GrpcClientProtocolClient (GrpcClientProtocolClient.java:onNext(255)) - client-60CE66D7186E->ad142a7e-96df-461f-a96b-5c8521832ae4: receive RaftClientReply:client-60CE66D7186E->ad142a7e-96df-461f-a96b-5c8521832ae4@group-549927422985, cid=13, FAILED org.apache.ratis.protocol.NotLeaderException: Server ad142a7e-96df-461f-a96b-5c8521832ae4 is not the leader (null). Request must be sent to leader., logIndex=0, commits[ad142a7e-96df-461f-a96b-5c8521832ae4:c-1]
2019-08-20 14:53:50,892 INFO  client.GrpcClientProtocolClient (GrpcClientProtocolClient.java:onNext(255)) - client-60CE66D7186E->9adc419d-8c51-46c2-afa7-2a9543020ca3: receive RaftClientReply:client-60CE66D7186E->9adc419d-8c51-46c2-afa7-2a9543020ca3@group-549927422985, cid=13, FAILED org.apache.ratis.protocol.NotLeaderException: Server 9adc419d-8c51-46c2-afa7-2a9543020ca3 is not the leader (null). Request must be sent to leader., logIndex=0, commits[9adc419d-8c51-46c2-afa7-2a9543020ca3:c-1]
2019-08-20 14:53:51,912 INFO  client.GrpcClientProtocolClient (GrpcClientProtocolClient.java:onNext(255)) - client-60CE66D7186E->c56bca4c-c173-42bd-a810-5111441b8914: receive RaftClientReply:client-60CE66D7186E->c56bca4c-c173-42bd-a810-5111441b8914@group-549927422985, cid=13, FAILED org.apache.ratis.protocol.NotLeaderException: Server c56bca4c-c173-42bd-a810-5111441b8914 is not the leader (null). Request must be sent to leader., logIndex=0, commits[c56bca4c-c173-42bd-a810-5111441b8914:c-1]
2019-08-20 14:53:52,257 INFO  impl.FollowerState (FollowerState.java:run(106)) - 9adc419d-8c51-46c2-afa7-2a9543020ca3:group-997446700484 changes to CANDIDATE, lastRpcTime:5198, electionTimeout:5198ms
2019-08-20 14:53:52,257 INFO  impl.RoleInfo (RoleInfo.java:shutdownFollowerState(121)) - 9adc419d-8c51-46c2-afa7-2a9543020ca3: shutdown FollowerState
2019-08-20 14:53:52,257 INFO  impl.RaftServerImpl (RaftServerImpl.java:setRole(171)) - 9adc419d-8c51-46c2-afa7-2a9543020ca3:group-997446700484 changes role from FOLLOWER to CANDIDATE at term 0 for changeToCandidate
2019-08-20 14:53:52,266 INFO  impl.RoleInfo (RoleInfo.java:updateAndGet(143)) - 9adc419d-8c51-46c2-afa7-2a9543020ca3: start LeaderElection
2019-08-20 14:53:52,310 INFO  impl.FollowerState (FollowerState.java:run(106)) - ad142a7e-96df-461f-a96b-5c8521832ae4:group-816E46009CF6 changes to CANDIDATE, lastRpcTime:5078, electionTimeout:5077ms
2019-08-20 14:53:52,316 INFO  impl.RoleInfo (RoleInfo.java:shutdownFollowerState(121)) - ad142a7e-96df-461f-a96b-5c8521832ae4: shutdown FollowerState
2019-08-20 14:53:52,317 INFO  impl.RaftServerImpl (RaftServerImpl.java:setRole(171)) - ad142a7e-96df-461f-a96b-5c8521832ae4:group-816E46009CF6 changes role from FOLLOWER to CANDIDATE at term 0 for changeToCandidate
2019-08-20 14:53:52,317 INFO  impl.RoleInfo (RoleInfo.java:updateAndGet(143)) - ad142a7e-96df-461f-a96b-5c8521832ae4: start LeaderElection
2019-08-20 14:53:52,438 INFO  impl.FollowerState (FollowerState.java:run(106)) - c56bca4c-c173-42bd-a810-5111441b8914:group-15B0D598E2E0 changes to CANDIDATE, lastRpcTime:5108, electionTimeout:5108ms
2019-08-20 14:53:52,440 INFO  impl.RoleInfo (RoleInfo.java:shutdownFollowerState(121)) - c56bca4c-c173-42bd-a810-5111441b8914: shutdown FollowerState
2019-08-20 14:53:52,440 INFO  impl.RaftServerImpl (RaftServerImpl.java:setRole(171)) - c56bca4c-c173-42bd-a810-5111441b8914:group-15B0D598E2E0 changes role from FOLLOWER to CANDIDATE at term 0 for changeToCandidate
2019-08-20 14:53:52,440 INFO  impl.RoleInfo (RoleInfo.java:updateAndGet(143)) - c56bca4c-c173-42bd-a810-5111441b8914: start LeaderElection
2019-08-20 14:53:52,606 INFO  impl.LeaderElection (LeaderElection.java:askForVotes(181)) - 9adc419d-8c51-46c2-afa7-2a9543020ca3:group-997446700484:LeaderElection1: begin an election at term 1 for -1: [9adc419d-8c51-46c2-afa7-2a9543020ca3:192.168.69.107:35822], old=null
2019-08-20 14:53:52,606 INFO  impl.LeaderElection (LeaderElection.java:askForVotes(181)) - ad142a7e-96df-461f-a96b-5c8521832ae4:group-816E46009CF6:LeaderElection2: begin an election at term 1 for -1: [ad142a7e-96df-461f-a96b-5c8521832ae4:192.168.69.107:45080], old=null
2019-08-20 14:53:52,606 INFO  impl.LeaderElection (LeaderElection.java:askForVotes(181)) - c56bca4c-c173-42bd-a810-5111441b8914:group-15B0D598E2E0:LeaderElection3: begin an election at term 1 for -1: [c56bca4c-c173-42bd-a810-5111441b8914:192.168.69.107:37829], old=null
2019-08-20 14:53:52,610 INFO  impl.RoleInfo (RoleInfo.java:shutdownLeaderElection(134)) - c56bca4c-c173-42bd-a810-5111441b8914: shutdown LeaderElection
2019-08-20 14:53:52,610 INFO  impl.RoleInfo (RoleInfo.java:shutdownLeaderElection(134)) - ad142a7e-96df-461f-a96b-5c8521832ae4: shutdown LeaderElection
2019-08-20 14:53:52,610 INFO  impl.RoleInfo (RoleInfo.java:shutdownLeaderElection(134)) - 9adc419d-8c51-46c2-afa7-2a9543020ca3: shutdown LeaderElection
2019-08-20 14:53:52,611 INFO  impl.RaftServerImpl (RaftServerImpl.java:setRole(171)) - c56bca4c-c173-42bd-a810-5111441b8914:group-15B0D598E2E0 changes role from CANDIDATE to LEADER at term 1 for changeToLeader
2019-08-20 14:53:52,611 INFO  impl.RaftServerImpl (RaftServerImpl.java:setRole(171)) - 9adc419d-8c51-46c2-afa7-2a9543020ca3:group-997446700484 changes role from CANDIDATE to LEADER at term 1 for changeToLeader
2019-08-20 14:53:52,611 INFO  impl.RaftServerImpl (RaftServerImpl.java:setRole(171)) - ad142a7e-96df-461f-a96b-5c8521832ae4:group-816E46009CF6 changes role from CANDIDATE to LEADER at term 1 for changeToLeader
2019-08-20 14:53:52,611 INFO  impl.RaftServerImpl (ServerState.java:setLeader(263)) - 9adc419d-8c51-46c2-afa7-2a9543020ca3:group-997446700484 change Leader from null to 9adc419d-8c51-46c2-afa7-2a9543020ca3 at term 1 for becomeLeader, leader elected after 5620ms
2019-08-20 14:53:52,611 INFO  impl.RaftServerImpl (ServerState.java:setLeader(263)) - c56bca4c-c173-42bd-a810-5111441b8914:group-15B0D598E2E0 change Leader from null to c56bca4c-c173-42bd-a810-5111441b8914 at term 1 for becomeLeader, leader elected after 5286ms
2019-08-20 14:53:52,611 INFO  impl.RaftServerImpl (ServerState.java:setLeader(263)) - ad142a7e-96df-461f-a96b-5c8521832ae4:group-816E46009CF6 change Leader from null to ad142a7e-96df-461f-a96b-5c8521832ae4 at term 1 for becomeLeader, leader elected after 5385ms
2019-08-20 14:53:52,619 INFO  server.RaftServerConfigKeys (ConfUtils.java:logGet(43)) - raft.server.staging.catchup.gap = 1000 (default)
2019-08-20 14:53:52,619 INFO  server.RaftServerConfigKeys (ConfUtils.java:logGet(43)) - raft.server.staging.catchup.gap = 1000 (default)
2019-08-20 14:53:52,619 INFO  server.RaftServerConfigKeys (ConfUtils.java:logGet(43)) - raft.server.staging.catchup.gap = 1000 (default)
2019-08-20 14:53:52,619 INFO  server.RaftServerConfigKeys (ConfUtils.java:logGet(43)) - raft.server.rpc.sleep.time = 25ms (default)
2019-08-20 14:53:52,619 INFO  server.RaftServerConfigKeys (ConfUtils.java:logGet(43)) - raft.server.rpc.sleep.time = 25ms (default)
2019-08-20 14:53:52,619 INFO  server.RaftServerConfigKeys (ConfUtils.java:logGet(43)) - raft.server.rpc.sleep.time = 25ms (default)
2019-08-20 14:53:52,621 INFO  impl.FollowerState (FollowerState.java:run(106)) - 2b4d4593-03da-45c4-a697-cd78daad85eb:group-405381620E8F changes to CANDIDATE, lastRpcTime:5185, electionTimeout:5185ms
2019-08-20 14:53:52,621 INFO  impl.RoleInfo (RoleInfo.java:shutdownFollowerState(121)) - 2b4d4593-03da-45c4-a697-cd78daad85eb: shutdown FollowerState
2019-08-20 14:53:52,621 INFO  impl.RaftServerImpl (RaftServerImpl.java:setRole(171)) - 2b4d4593-03da-45c4-a697-cd78daad85eb:group-405381620E8F changes role from FOLLOWER to CANDIDATE at term 0 for changeToCandidate
2019-08-20 14:53:52,621 INFO  impl.RoleInfo (RoleInfo.java:updateAndGet(143)) - 2b4d4593-03da-45c4-a697-cd78daad85eb: start LeaderElection
2019-08-20 14:53:52,628 INFO  server.RaftServerConfigKeys (ConfUtils.java:logGet(43)) - raft.server.write.element-limit = 4096 (default)
2019-08-20 14:53:52,628 INFO  server.RaftServerConfigKeys (ConfUtils.java:logGet(43)) - raft.server.write.element-limit = 4096 (default)
2019-08-20 14:53:52,628 INFO  server.RaftServerConfigKeys (ConfUtils.java:logGet(43)) - raft.server.write.element-limit = 4096 (default)
2019-08-20 14:53:52,629 INFO  impl.FollowerState (FollowerState.java:run(106)) - f39aa5fc-7605-42ea-a58b-15f94e0f6a78:group-645418ED8319 changes to CANDIDATE, lastRpcTime:5095, electionTimeout:5095ms
2019-08-20 14:53:52,629 INFO  impl.RoleInfo (RoleInfo.java:shutdownFollowerState(121)) - f39aa5fc-7605-42ea-a58b-15f94e0f6a78: shutdown FollowerState
2019-08-20 14:53:52,630 INFO  impl.RaftServerImpl (RaftServerImpl.java:setRole(171)) - f39aa5fc-7605-42ea-a58b-15f94e0f6a78:group-645418ED8319 changes role from FOLLOWER to CANDIDATE at term 0 for changeToCandidate
2019-08-20 14:53:52,630 INFO  impl.RoleInfo (RoleInfo.java:updateAndGet(143)) - f39aa5fc-7605-42ea-a58b-15f94e0f6a78: start LeaderElection
2019-08-20 14:53:52,636 INFO  server.RaftServerConfigKeys (ConfUtils.java:logGet(43)) - raft.server.watch.timeout = 10s (default)
2019-08-20 14:53:52,636 INFO  server.RaftServerConfigKeys (ConfUtils.java:logGet(43)) - raft.server.watch.timeout = 10s (default)
2019-08-20 14:53:52,636 INFO  server.RaftServerConfigKeys (ConfUtils.java:logGet(43)) - raft.server.watch.timeout.denomination = 1s (default)
2019-08-20 14:53:52,636 INFO  server.RaftServerConfigKeys (ConfUtils.java:logGet(43)) - raft.server.watch.timeout = 10s (default)
2019-08-20 14:53:52,637 INFO  server.RaftServerConfigKeys (ConfUtils.java:logGet(43)) - raft.server.watch.timeout.denomination = 1s (default)
2019-08-20 14:53:52,637 INFO  server.RaftServerConfigKeys (ConfUtils.java:logGet(43)) - raft.server.watch.timeout.denomination = 1s (default)
2019-08-20 14:53:52,638 INFO  server.RaftServerConfigKeys (ConfUtils.java:logGet(43)) - raft.server.watch.element-limit = 65536 (default)
2019-08-20 14:53:52,638 INFO  server.RaftServerConfigKeys (ConfUtils.java:logGet(43)) - raft.server.watch.element-limit = 65536 (default)
2019-08-20 14:53:52,638 INFO  server.RaftServerConfigKeys (ConfUtils.java:logGet(43)) - raft.server.watch.element-limit = 65536 (default)
2019-08-20 14:53:52,644 INFO  impl.LeaderElection (LeaderElection.java:askForVotes(181)) - 2b4d4593-03da-45c4-a697-cd78daad85eb:group-405381620E8F:LeaderElection4: begin an election at term 1 for -1: [2b4d4593-03da-45c4-a697-cd78daad85eb:192.168.69.107:33892], old=null
2019-08-20 14:53:52,644 INFO  impl.LeaderElection (LeaderElection.java:askForVotes(181)) - f39aa5fc-7605-42ea-a58b-15f94e0f6a78:group-645418ED8319:LeaderElection5: begin an election at term 1 for -1: [f39aa5fc-7605-42ea-a58b-15f94e0f6a78:192.168.69.107:38831], old=null
2019-08-20 14:53:52,644 INFO  impl.RoleInfo (RoleInfo.java:shutdownLeaderElection(134)) - 2b4d4593-03da-45c4-a697-cd78daad85eb: shutdown LeaderElection
2019-08-20 14:53:52,644 INFO  impl.RoleInfo (RoleInfo.java:shutdownLeaderElection(134)) - f39aa5fc-7605-42ea-a58b-15f94e0f6a78: shutdown LeaderElection
2019-08-20 14:53:52,644 INFO  impl.RaftServerImpl (RaftServerImpl.java:setRole(171)) - 2b4d4593-03da-45c4-a697-cd78daad85eb:group-405381620E8F changes role from CANDIDATE to LEADER at term 1 for changeToLeader
2019-08-20 14:53:52,644 INFO  impl.RaftServerImpl (RaftServerImpl.java:setRole(171)) - f39aa5fc-7605-42ea-a58b-15f94e0f6a78:group-645418ED8319 changes role from CANDIDATE to LEADER at term 1 for changeToLeader
2019-08-20 14:53:52,644 INFO  impl.RaftServerImpl (ServerState.java:setLeader(263)) - 2b4d4593-03da-45c4-a697-cd78daad85eb:group-405381620E8F change Leader from null to 2b4d4593-03da-45c4-a697-cd78daad85eb at term 1 for becomeLeader, leader elected after 5215ms
2019-08-20 14:53:52,644 INFO  impl.RaftServerImpl (ServerState.java:setLeader(263)) - f39aa5fc-7605-42ea-a58b-15f94e0f6a78:group-645418ED8319 change Leader from null to f39aa5fc-7605-42ea-a58b-15f94e0f6a78 at term 1 for becomeLeader, leader elected after 5117ms
2019-08-20 14:53:52,646 INFO  server.RaftServerConfigKeys (ConfUtils.java:logGet(43)) - raft.server.staging.catchup.gap = 1000 (default)
2019-08-20 14:53:52,648 INFO  server.RaftServerConfigKeys (ConfUtils.java:logGet(43)) - raft.server.staging.catchup.gap = 1000 (default)
2019-08-20 14:53:52,648 INFO  server.RaftServerConfigKeys (ConfUtils.java:logGet(43)) - raft.server.rpc.sleep.time = 25ms (default)
2019-08-20 14:53:52,650 INFO  server.RaftServerConfigKeys (ConfUtils.java:logGet(43)) - raft.server.rpc.sleep.time = 25ms (default)
2019-08-20 14:53:52,650 INFO  server.RaftServerConfigKeys (ConfUtils.java:logGet(43)) - raft.server.write.element-limit = 4096 (default)
2019-08-20 14:53:52,650 INFO  server.RaftServerConfigKeys (ConfUtils.java:logGet(43)) - raft.server.write.element-limit = 4096 (default)
2019-08-20 14:53:52,650 INFO  server.RaftServerConfigKeys (ConfUtils.java:logGet(43)) - raft.server.watch.timeout = 10s (default)
2019-08-20 14:53:52,651 INFO  server.RaftServerConfigKeys (ConfUtils.java:logGet(43)) - raft.server.watch.timeout = 10s (default)
2019-08-20 14:53:52,652 INFO  server.RaftServerConfigKeys (ConfUtils.java:logGet(43)) - raft.server.watch.timeout.denomination = 1s (default)
2019-08-20 14:53:52,652 INFO  server.RaftServerConfigKeys (ConfUtils.java:logGet(43)) - raft.server.watch.timeout.denomination = 1s (default)
2019-08-20 14:53:52,652 INFO  server.RaftServerConfigKeys (ConfUtils.java:logGet(43)) - raft.server.watch.element-limit = 65536 (default)
2019-08-20 14:53:52,654 INFO  server.RaftServerConfigKeys (ConfUtils.java:logGet(43)) - raft.server.watch.element-limit = 65536 (default)
2019-08-20 14:53:52,657 INFO  impl.RoleInfo (RoleInfo.java:updateAndGet(143)) - 2b4d4593-03da-45c4-a697-cd78daad85eb: start LeaderState
2019-08-20 14:53:52,657 INFO  impl.RoleInfo (RoleInfo.java:updateAndGet(143)) - f39aa5fc-7605-42ea-a58b-15f94e0f6a78: start LeaderState
2019-08-20 14:53:52,657 INFO  impl.RoleInfo (RoleInfo.java:updateAndGet(143)) - c56bca4c-c173-42bd-a810-5111441b8914: start LeaderState
2019-08-20 14:53:52,657 INFO  impl.RoleInfo (RoleInfo.java:updateAndGet(143)) - 9adc419d-8c51-46c2-afa7-2a9543020ca3: start LeaderState
2019-08-20 14:53:52,657 INFO  impl.RoleInfo (RoleInfo.java:updateAndGet(143)) - ad142a7e-96df-461f-a96b-5c8521832ae4: start LeaderState
2019-08-20 14:53:52,681 INFO  segmented.SegmentedRaftLogWorker (SegmentedRaftLogWorker.java:startLogSegment(380)) - ad142a7e-96df-461f-a96b-5c8521832ae4-SegmentedRaftLogWorker:Storage Directory /workdir/hadoop-ozone/integration-test/target/test-dir/MiniOzoneClusterImpl-21e4d6e9-c99a-454d-a878-52e02252dc69/datanode-3/data/ratis/62ce7297-ddae-4a03-a2f2-816e46009cf6: Starting segment from index:0
2019-08-20 14:53:52,681 INFO  segmented.SegmentedRaftLogWorker (SegmentedRaftLogWorker.java:startLogSegment(380)) - 9adc419d-8c51-46c2-afa7-2a9543020ca3-SegmentedRaftLogWorker:Storage Directory /workdir/hadoop-ozone/integration-test/target/test-dir/MiniOzoneClusterImpl-21e4d6e9-c99a-454d-a878-52e02252dc69/datanode-0/data/ratis/843957ad-0f5b-49b9-a99e-997446700484: Starting segment from index:0
2019-08-20 14:53:52,681 INFO  segmented.SegmentedRaftLogWorker (SegmentedRaftLogWorker.java:startLogSegment(380)) - f39aa5fc-7605-42ea-a58b-15f94e0f6a78-SegmentedRaftLogWorker:Storage Directory /workdir/hadoop-ozone/integration-test/target/test-dir/MiniOzoneClusterImpl-21e4d6e9-c99a-454d-a878-52e02252dc69/datanode-4/data/ratis/f09d4c29-5158-44c9-bdda-645418ed8319: Starting segment from index:0
2019-08-20 14:53:52,681 INFO  segmented.SegmentedRaftLogWorker (SegmentedRaftLogWorker.java:startLogSegment(380)) - c56bca4c-c173-42bd-a810-5111441b8914-SegmentedRaftLogWorker:Storage Directory /workdir/hadoop-ozone/integration-test/target/test-dir/MiniOzoneClusterImpl-21e4d6e9-c99a-454d-a878-52e02252dc69/datanode-2/data/ratis/ec5e4faf-e3f9-4a90-ad69-15b0d598e2e0: Starting segment from index:0
2019-08-20 14:53:52,681 INFO  segmented.SegmentedRaftLogWorker (SegmentedRaftLogWorker.java:startLogSegment(380)) - 2b4d4593-03da-45c4-a697-cd78daad85eb-SegmentedRaftLogWorker:Storage Directory /workdir/hadoop-ozone/integration-test/target/test-dir/MiniOzoneClusterImpl-21e4d6e9-c99a-454d-a878-52e02252dc69/datanode-1/data/ratis/bd9bdefc-a9d7-4cd4-996a-405381620e8f: Starting segment from index:0
2019-08-20 14:53:52,689 INFO  impl.FollowerState (FollowerState.java:run(106)) - 2380bf0b-cac6-4510-8ed0-9441f8f336c2:group-8258FCF6BD90 changes to CANDIDATE, lastRpcTime:5056, electionTimeout:5056ms
2019-08-20 14:53:52,689 INFO  impl.RoleInfo (RoleInfo.java:shutdownFollowerState(121)) - 2380bf0b-cac6-4510-8ed0-9441f8f336c2: shutdown FollowerState
2019-08-20 14:53:52,689 INFO  impl.RaftServerImpl (RaftServerImpl.java:setRole(171)) - 2380bf0b-cac6-4510-8ed0-9441f8f336c2:group-8258FCF6BD90 changes role from FOLLOWER to CANDIDATE at term 0 for changeToCandidate
2019-08-20 14:53:52,689 INFO  impl.RoleInfo (RoleInfo.java:updateAndGet(143)) - 2380bf0b-cac6-4510-8ed0-9441f8f336c2: start LeaderElection
2019-08-20 14:53:52,695 INFO  impl.RaftServerImpl (ServerState.java:setRaftConf(361)) - 2b4d4593-03da-45c4-a697-cd78daad85eb:group-405381620E8F set configuration 0: [2b4d4593-03da-45c4-a697-cd78daad85eb:192.168.69.107:33892], old=null at 0
2019-08-20 14:53:52,695 INFO  impl.RaftServerImpl (ServerState.java:setRaftConf(361)) - f39aa5fc-7605-42ea-a58b-15f94e0f6a78:group-645418ED8319 set configuration 0: [f39aa5fc-7605-42ea-a58b-15f94e0f6a78:192.168.69.107:38831], old=null at 0
2019-08-20 14:53:52,695 INFO  impl.RaftServerImpl (ServerState.java:setRaftConf(361)) - 9adc419d-8c51-46c2-afa7-2a9543020ca3:group-997446700484 set configuration 0: [9adc419d-8c51-46c2-afa7-2a9543020ca3:192.168.69.107:35822], old=null at 0
2019-08-20 14:53:52,695 INFO  impl.RaftServerImpl (ServerState.java:setRaftConf(361)) - c56bca4c-c173-42bd-a810-5111441b8914:group-15B0D598E2E0 set configuration 0: [c56bca4c-c173-42bd-a810-5111441b8914:192.168.69.107:37829], old=null at 0
2019-08-20 14:53:52,695 INFO  impl.RaftServerImpl (ServerState.java:setRaftConf(361)) - ad142a7e-96df-461f-a96b-5c8521832ae4:group-816E46009CF6 set configuration 0: [ad142a7e-96df-461f-a96b-5c8521832ae4:192.168.69.107:45080], old=null at 0
2019-08-20 14:53:52,707 INFO  impl.LeaderElection (LeaderElection.java:askForVotes(181)) - 2380bf0b-cac6-4510-8ed0-9441f8f336c2:group-8258FCF6BD90:LeaderElection6: begin an election at term 1 for -1: [2380bf0b-cac6-4510-8ed0-9441f8f336c2:192.168.69.107:32941], old=null
2019-08-20 14:53:52,707 INFO  impl.RoleInfo (RoleInfo.java:shutdownLeaderElection(134)) - 2380bf0b-cac6-4510-8ed0-9441f8f336c2: shutdown LeaderElection
2019-08-20 14:53:52,707 INFO  impl.RaftServerImpl (RaftServerImpl.java:setRole(171)) - 2380bf0b-cac6-4510-8ed0-9441f8f336c2:group-8258FCF6BD90 changes role from CANDIDATE to LEADER at term 1 for changeToLeader
2019-08-20 14:53:52,707 INFO  impl.RaftServerImpl (ServerState.java:setLeader(263)) - 2380bf0b-cac6-4510-8ed0-9441f8f336c2:group-8258FCF6BD90 change Leader from null to 2380bf0b-cac6-4510-8ed0-9441f8f336c2 at term 1 for becomeLeader, leader elected after 5078ms
2019-08-20 14:53:52,709 INFO  server.RaftServerConfigKeys (ConfUtils.java:logGet(43)) - raft.server.staging.catchup.gap = 1000 (default)
2019-08-20 14:53:52,709 INFO  server.RaftServerConfigKeys (ConfUtils.java:logGet(43)) - raft.server.rpc.sleep.time = 25ms (default)
2019-08-20 14:53:52,709 INFO  server.RaftServerConfigKeys (ConfUtils.java:logGet(43)) - raft.server.write.element-limit = 4096 (default)
2019-08-20 14:53:52,709 INFO  server.RaftServerConfigKeys (ConfUtils.java:logGet(43)) - raft.server.watch.timeout = 10s (default)
2019-08-20 14:53:52,709 INFO  server.RaftServerConfigKeys (ConfUtils.java:logGet(43)) - raft.server.watch.timeout.denomination = 1s (default)
2019-08-20 14:53:52,709 INFO  server.RaftServerConfigKeys (ConfUtils.java:logGet(43)) - raft.server.watch.element-limit = 65536 (default)
2019-08-20 14:53:52,710 INFO  impl.RoleInfo (RoleInfo.java:updateAndGet(143)) - 2380bf0b-cac6-4510-8ed0-9441f8f336c2: start LeaderState
2019-08-20 14:53:52,710 INFO  segmented.SegmentedRaftLogWorker (SegmentedRaftLogWorker.java:startLogSegment(380)) - 2380bf0b-cac6-4510-8ed0-9441f8f336c2-SegmentedRaftLogWorker:Storage Directory /workdir/hadoop-ozone/integration-test/target/test-dir/MiniOzoneClusterImpl-21e4d6e9-c99a-454d-a878-52e02252dc69/datanode-5/data/ratis/4728c15a-a188-411d-a96e-8258fcf6bd90: Starting segment from index:0
2019-08-20 14:53:52,710 INFO  impl.RaftServerImpl (ServerState.java:setRaftConf(361)) - 2380bf0b-cac6-4510-8ed0-9441f8f336c2:group-8258FCF6BD90 set configuration 0: [2380bf0b-cac6-4510-8ed0-9441f8f336c2:192.168.69.107:32941], old=null at 0
2019-08-20 14:53:52,826 INFO  impl.FollowerState (FollowerState.java:run(106)) - fe3031ff-134f-45d8-93aa-0c9ccd82c642:group-8986957008FB changes to CANDIDATE, lastRpcTime:5118, electionTimeout:5118ms
2019-08-20 14:53:52,827 INFO  impl.RoleInfo (RoleInfo.java:shutdownFollowerState(121)) - fe3031ff-134f-45d8-93aa-0c9ccd82c642: shutdown FollowerState
2019-08-20 14:53:52,827 INFO  impl.RaftServerImpl (RaftServerImpl.java:setRole(171)) - fe3031ff-134f-45d8-93aa-0c9ccd82c642:group-8986957008FB changes role from FOLLOWER to CANDIDATE at term 0 for changeToCandidate
2019-08-20 14:53:52,827 INFO  impl.RoleInfo (RoleInfo.java:updateAndGet(143)) - fe3031ff-134f-45d8-93aa-0c9ccd82c642: start LeaderElection
2019-08-20 14:53:52,839 INFO  impl.LeaderElection (LeaderElection.java:askForVotes(181)) - fe3031ff-134f-45d8-93aa-0c9ccd82c642:group-8986957008FB:LeaderElection7: begin an election at term 1 for -1: [fe3031ff-134f-45d8-93aa-0c9ccd82c642:192.168.69.107:44475], old=null
2019-08-20 14:53:52,839 INFO  impl.RoleInfo (RoleInfo.java:shutdownLeaderElection(134)) - fe3031ff-134f-45d8-93aa-0c9ccd82c642: shutdown LeaderElection
2019-08-20 14:53:52,839 INFO  impl.RaftServerImpl (RaftServerImpl.java:setRole(171)) - fe3031ff-134f-45d8-93aa-0c9ccd82c642:group-8986957008FB changes role from CANDIDATE to LEADER at term 1 for changeToLeader
2019-08-20 14:53:52,839 INFO  impl.RaftServerImpl (ServerState.java:setLeader(263)) - fe3031ff-134f-45d8-93aa-0c9ccd82c642:group-8986957008FB change Leader from null to fe3031ff-134f-45d8-93aa-0c9ccd82c642 at term 1 for becomeLeader, leader elected after 5134ms
2019-08-20 14:53:52,840 INFO  server.RaftServerConfigKeys (ConfUtils.java:logGet(43)) - raft.server.staging.catchup.gap = 1000 (default)
2019-08-20 14:53:52,841 INFO  server.RaftServerConfigKeys (ConfUtils.java:logGet(43)) - raft.server.rpc.sleep.time = 25ms (default)
2019-08-20 14:53:52,841 INFO  server.RaftServerConfigKeys (ConfUtils.java:logGet(43)) - raft.server.write.element-limit = 4096 (default)
2019-08-20 14:53:52,841 INFO  server.RaftServerConfigKeys (ConfUtils.java:logGet(43)) - raft.server.watch.timeout = 10s (default)
2019-08-20 14:53:52,841 INFO  server.RaftServerConfigKeys (ConfUtils.java:logGet(43)) - raft.server.watch.timeout.denomination = 1s (default)
2019-08-20 14:53:52,841 INFO  server.RaftServerConfigKeys (ConfUtils.java:logGet(43)) - raft.server.watch.element-limit = 65536 (default)
2019-08-20 14:53:52,841 INFO  impl.RoleInfo (RoleInfo.java:updateAndGet(143)) - fe3031ff-134f-45d8-93aa-0c9ccd82c642: start LeaderState
2019-08-20 14:53:52,841 INFO  segmented.SegmentedRaftLogWorker (SegmentedRaftLogWorker.java:startLogSegment(380)) - fe3031ff-134f-45d8-93aa-0c9ccd82c642-SegmentedRaftLogWorker:Storage Directory /workdir/hadoop-ozone/integration-test/target/test-dir/MiniOzoneClusterImpl-21e4d6e9-c99a-454d-a878-52e02252dc69/datanode-6/data/ratis/60513bf7-3057-4306-8326-8986957008fb: Starting segment from index:0
2019-08-20 14:53:52,842 INFO  impl.RaftServerImpl (ServerState.java:setRaftConf(361)) - fe3031ff-134f-45d8-93aa-0c9ccd82c642:group-8986957008FB set configuration 0: [fe3031ff-134f-45d8-93aa-0c9ccd82c642:192.168.69.107:44475], old=null at 0
2019-08-20 14:53:52,910 INFO  segmented.SegmentedRaftLogWorker (SegmentedRaftLogWorker.java:execute(569)) - fe3031ff-134f-45d8-93aa-0c9ccd82c642-SegmentedRaftLogWorker:Storage Directory /workdir/hadoop-ozone/integration-test/target/test-dir/MiniOzoneClusterImpl-21e4d6e9-c99a-454d-a878-52e02252dc69/datanode-6/data/ratis/60513bf7-3057-4306-8326-8986957008fb: created new log segment /workdir/hadoop-ozone/integration-test/target/test-dir/MiniOzoneClusterImpl-21e4d6e9-c99a-454d-a878-52e02252dc69/datanode-6/data/ratis/60513bf7-3057-4306-8326-8986957008fb/current/log_inprogress_0
2019-08-20 14:53:52,910 INFO  segmented.SegmentedRaftLogWorker (SegmentedRaftLogWorker.java:execute(569)) - ad142a7e-96df-461f-a96b-5c8521832ae4-SegmentedRaftLogWorker:Storage Directory /workdir/hadoop-ozone/integration-test/target/test-dir/MiniOzoneClusterImpl-21e4d6e9-c99a-454d-a878-52e02252dc69/datanode-3/data/ratis/62ce7297-ddae-4a03-a2f2-816e46009cf6: created new log segment /workdir/hadoop-ozone/integration-test/target/test-dir/MiniOzoneClusterImpl-21e4d6e9-c99a-454d-a878-52e02252dc69/datanode-3/data/ratis/62ce7297-ddae-4a03-a2f2-816e46009cf6/current/log_inprogress_0
2019-08-20 14:53:52,910 INFO  segmented.SegmentedRaftLogWorker (SegmentedRaftLogWorker.java:execute(569)) - 2b4d4593-03da-45c4-a697-cd78daad85eb-SegmentedRaftLogWorker:Storage Directory /workdir/hadoop-ozone/integration-test/target/test-dir/MiniOzoneClusterImpl-21e4d6e9-c99a-454d-a878-52e02252dc69/datanode-1/data/ratis/bd9bdefc-a9d7-4cd4-996a-405381620e8f: created new log segment /workdir/hadoop-ozone/integration-test/target/test-dir/MiniOzoneClusterImpl-21e4d6e9-c99a-454d-a878-52e02252dc69/datanode-1/data/ratis/bd9bdefc-a9d7-4cd4-996a-405381620e8f/current/log_inprogress_0
2019-08-20 14:53:52,910 INFO  segmented.SegmentedRaftLogWorker (SegmentedRaftLogWorker.java:execute(569)) - c56bca4c-c173-42bd-a810-5111441b8914-SegmentedRaftLogWorker:Storage Directory /workdir/hadoop-ozone/integration-test/target/test-dir/MiniOzoneClusterImpl-21e4d6e9-c99a-454d-a878-52e02252dc69/datanode-2/data/ratis/ec5e4faf-e3f9-4a90-ad69-15b0d598e2e0: created new log segment /workdir/hadoop-ozone/integration-test/target/test-dir/MiniOzoneClusterImpl-21e4d6e9-c99a-454d-a878-52e02252dc69/datanode-2/data/ratis/ec5e4faf-e3f9-4a90-ad69-15b0d598e2e0/current/log_inprogress_0
2019-08-20 14:53:52,910 INFO  segmented.SegmentedRaftLogWorker (SegmentedRaftLogWorker.java:execute(569)) - 9adc419d-8c51-46c2-afa7-2a9543020ca3-SegmentedRaftLogWorker:Storage Directory /workdir/hadoop-ozone/integration-test/target/test-dir/MiniOzoneClusterImpl-21e4d6e9-c99a-454d-a878-52e02252dc69/datanode-0/data/ratis/843957ad-0f5b-49b9-a99e-997446700484: created new log segment /workdir/hadoop-ozone/integration-test/target/test-dir/MiniOzoneClusterImpl-21e4d6e9-c99a-454d-a878-52e02252dc69/datanode-0/data/ratis/843957ad-0f5b-49b9-a99e-997446700484/current/log_inprogress_0
2019-08-20 14:53:52,910 INFO  segmented.SegmentedRaftLogWorker (SegmentedRaftLogWorker.java:execute(569)) - 2380bf0b-cac6-4510-8ed0-9441f8f336c2-SegmentedRaftLogWorker:Storage Directory /workdir/hadoop-ozone/integration-test/target/test-dir/MiniOzoneClusterImpl-21e4d6e9-c99a-454d-a878-52e02252dc69/datanode-5/data/ratis/4728c15a-a188-411d-a96e-8258fcf6bd90: created new log segment /workdir/hadoop-ozone/integration-test/target/test-dir/MiniOzoneClusterImpl-21e4d6e9-c99a-454d-a878-52e02252dc69/datanode-5/data/ratis/4728c15a-a188-411d-a96e-8258fcf6bd90/current/log_inprogress_0
2019-08-20 14:53:52,910 INFO  segmented.SegmentedRaftLogWorker (SegmentedRaftLogWorker.java:execute(569)) - f39aa5fc-7605-42ea-a58b-15f94e0f6a78-SegmentedRaftLogWorker:Storage Directory /workdir/hadoop-ozone/integration-test/target/test-dir/MiniOzoneClusterImpl-21e4d6e9-c99a-454d-a878-52e02252dc69/datanode-4/data/ratis/f09d4c29-5158-44c9-bdda-645418ed8319: created new log segment /workdir/hadoop-ozone/integration-test/target/test-dir/MiniOzoneClusterImpl-21e4d6e9-c99a-454d-a878-52e02252dc69/datanode-4/data/ratis/f09d4c29-5158-44c9-bdda-645418ed8319/current/log_inprogress_0
2019-08-20 14:53:52,929 INFO  impl.FollowerState (FollowerState.java:run(106)) - ad142a7e-96df-461f-a96b-5c8521832ae4:group-549927422985 changes to CANDIDATE, lastRpcTime:5114, electionTimeout:5114ms
2019-08-20 14:53:52,930 INFO  impl.RoleInfo (RoleInfo.java:shutdownFollowerState(121)) - ad142a7e-96df-461f-a96b-5c8521832ae4: shutdown FollowerState
2019-08-20 14:53:52,930 INFO  impl.RaftServerImpl (RaftServerImpl.java:setRole(171)) - ad142a7e-96df-461f-a96b-5c8521832ae4:group-549927422985 changes role from FOLLOWER to CANDIDATE at term 0 for changeToCandidate
2019-08-20 14:53:52,930 INFO  impl.RoleInfo (RoleInfo.java:updateAndGet(143)) - ad142a7e-96df-461f-a96b-5c8521832ae4: start LeaderElection
2019-08-20 14:53:52,936 INFO  impl.LeaderElection (LeaderElection.java:askForVotes(181)) - ad142a7e-96df-461f-a96b-5c8521832ae4:group-549927422985:LeaderElection8: begin an election at term 1 for -1: [9adc419d-8c51-46c2-afa7-2a9543020ca3:192.168.69.107:35822, ad142a7e-96df-461f-a96b-5c8521832ae4:192.168.69.107:45080, c56bca4c-c173-42bd-a810-5111441b8914:192.168.69.107:37829], old=null
2019-08-20 14:53:52,939 INFO  impl.FollowerState (FollowerState.java:run(106)) - 9adc419d-8c51-46c2-afa7-2a9543020ca3:group-549927422985 changes to CANDIDATE, lastRpcTime:5124, electionTimeout:5123ms
2019-08-20 14:53:52,939 INFO  impl.RoleInfo (RoleInfo.java:shutdownFollowerState(121)) - 9adc419d-8c51-46c2-afa7-2a9543020ca3: shutdown FollowerState
2019-08-20 14:53:52,939 INFO  impl.RaftServerImpl (RaftServerImpl.java:setRole(171)) - 9adc419d-8c51-46c2-afa7-2a9543020ca3:group-549927422985 changes role from FOLLOWER to CANDIDATE at term 0 for changeToCandidate
2019-08-20 14:53:52,940 INFO  impl.RoleInfo (RoleInfo.java:updateAndGet(143)) - 9adc419d-8c51-46c2-afa7-2a9543020ca3: start LeaderElection
2019-08-20 14:53:52,945 INFO  client.GrpcClientProtocolClient (GrpcClientProtocolClient.java:onNext(255)) - client-60CE66D7186E->ad142a7e-96df-461f-a96b-5c8521832ae4: receive RaftClientReply:client-60CE66D7186E->ad142a7e-96df-461f-a96b-5c8521832ae4@group-549927422985, cid=13, FAILED org.apache.ratis.protocol.NotLeaderException: Server ad142a7e-96df-461f-a96b-5c8521832ae4 is not the leader (null). Request must be sent to leader., logIndex=0, commits[ad142a7e-96df-461f-a96b-5c8521832ae4:c-1]
2019-08-20 14:53:52,956 INFO  impl.LeaderElection (LeaderElection.java:askForVotes(181)) - 9adc419d-8c51-46c2-afa7-2a9543020ca3:group-549927422985:LeaderElection9: begin an election at term 1 for -1: [9adc419d-8c51-46c2-afa7-2a9543020ca3:192.168.69.107:35822, ad142a7e-96df-461f-a96b-5c8521832ae4:192.168.69.107:45080, c56bca4c-c173-42bd-a810-5111441b8914:192.168.69.107:37829], old=null
2019-08-20 14:53:52,956 INFO  impl.FollowerState (FollowerState.java:run(106)) - c56bca4c-c173-42bd-a810-5111441b8914:group-549927422985 changes to CANDIDATE, lastRpcTime:5143, electionTimeout:5143ms
2019-08-20 14:53:52,957 INFO  impl.RoleInfo (RoleInfo.java:shutdownFollowerState(121)) - c56bca4c-c173-42bd-a810-5111441b8914: shutdown FollowerState
2019-08-20 14:53:52,957 INFO  impl.RaftServerImpl (RaftServerImpl.java:setRole(171)) - c56bca4c-c173-42bd-a810-5111441b8914:group-549927422985 changes role from FOLLOWER to CANDIDATE at term 0 for changeToCandidate
2019-08-20 14:53:52,957 INFO  impl.RoleInfo (RoleInfo.java:updateAndGet(143)) - c56bca4c-c173-42bd-a810-5111441b8914: start LeaderElection
2019-08-20 14:53:52,978 INFO  impl.LeaderElection (LeaderElection.java:askForVotes(181)) - c56bca4c-c173-42bd-a810-5111441b8914:group-549927422985:LeaderElection10: begin an election at term 1 for -1: [9adc419d-8c51-46c2-afa7-2a9543020ca3:192.168.69.107:35822, ad142a7e-96df-461f-a96b-5c8521832ae4:192.168.69.107:45080, c56bca4c-c173-42bd-a810-5111441b8914:192.168.69.107:37829], old=null
2019-08-20 14:53:53,017 INFO  impl.LeaderElection (LeaderElection.java:logAndReturn(56)) - 9adc419d-8c51-46c2-afa7-2a9543020ca3:group-549927422985:LeaderElection9: Election REJECTED; received 2 response(s) [9adc419d-8c51-46c2-afa7-2a9543020ca3<-ad142a7e-96df-461f-a96b-5c8521832ae4#0:FAIL-t1, 9adc419d-8c51-46c2-afa7-2a9543020ca3<-c56bca4c-c173-42bd-a810-5111441b8914#0:FAIL-t1] and 0 exception(s); 9adc419d-8c51-46c2-afa7-2a9543020ca3:t1, leader=null, voted=9adc419d-8c51-46c2-afa7-2a9543020ca3, raftlog=9adc419d-8c51-46c2-afa7-2a9543020ca3-SegmentedRaftLog:OPENED:c-1,f-1,i0, conf=-1: [9adc419d-8c51-46c2-afa7-2a9543020ca3:192.168.69.107:35822, ad142a7e-96df-461f-a96b-5c8521832ae4:192.168.69.107:45080, c56bca4c-c173-42bd-a810-5111441b8914:192.168.69.107:37829], old=null
2019-08-20 14:53:53,017 INFO  impl.LeaderElection (LeaderElection.java:logAndReturn(56)) - c56bca4c-c173-42bd-a810-5111441b8914:group-549927422985:LeaderElection10: Election REJECTED; received 2 response(s) [c56bca4c-c173-42bd-a810-5111441b8914<-9adc419d-8c51-46c2-afa7-2a9543020ca3#0:FAIL-t1, c56bca4c-c173-42bd-a810-5111441b8914<-ad142a7e-96df-461f-a96b-5c8521832ae4#0:FAIL-t1] and 0 exception(s); c56bca4c-c173-42bd-a810-5111441b8914:t1, leader=null, voted=c56bca4c-c173-42bd-a810-5111441b8914, raftlog=c56bca4c-c173-42bd-a810-5111441b8914-SegmentedRaftLog:OPENED:c-1,f-1,i0, conf=-1: [9adc419d-8c51-46c2-afa7-2a9543020ca3:192.168.69.107:35822, ad142a7e-96df-461f-a96b-5c8521832ae4:192.168.69.107:45080, c56bca4c-c173-42bd-a810-5111441b8914:192.168.69.107:37829], old=null
2019-08-20 14:53:53,017 INFO  impl.LeaderElection (LeaderElection.java:logAndReturn(56)) - ad142a7e-96df-461f-a96b-5c8521832ae4:group-549927422985:LeaderElection8: Election REJECTED; received 2 response(s) [ad142a7e-96df-461f-a96b-5c8521832ae4<-9adc419d-8c51-46c2-afa7-2a9543020ca3#0:FAIL-t1, ad142a7e-96df-461f-a96b-5c8521832ae4<-c56bca4c-c173-42bd-a810-5111441b8914#0:FAIL-t1] and 0 exception(s); ad142a7e-96df-461f-a96b-5c8521832ae4:t1, leader=null, voted=ad142a7e-96df-461f-a96b-5c8521832ae4, raftlog=ad142a7e-96df-461f-a96b-5c8521832ae4-SegmentedRaftLog:OPENED:c-1,f-1,i0, conf=-1: [9adc419d-8c51-46c2-afa7-2a9543020ca3:192.168.69.107:35822, ad142a7e-96df-461f-a96b-5c8521832ae4:192.168.69.107:45080, c56bca4c-c173-42bd-a810-5111441b8914:192.168.69.107:37829], old=null
2019-08-20 14:53:53,020 INFO  impl.FollowerState (FollowerState.java:run(106)) - 2b4d4593-03da-45c4-a697-cd78daad85eb:group-3ADDC00B272F changes to CANDIDATE, lastRpcTime:5088, electionTimeout:5088ms
2019-08-20 14:53:53,022 INFO  impl.RoleInfo (RoleInfo.java:shutdownFollowerState(121)) - 2b4d4593-03da-45c4-a697-cd78daad85eb: shutdown FollowerState
2019-08-20 14:53:53,022 INFO  impl.RaftServerImpl (RaftServerImpl.java:setRole(171)) - 2b4d4593-03da-45c4-a697-cd78daad85eb:group-3ADDC00B272F changes role from FOLLOWER to CANDIDATE at term 0 for changeToCandidate
2019-08-20 14:53:53,031 INFO  impl.RaftServerImpl (RaftServerImpl.java:setRole(171)) - 9adc419d-8c51-46c2-afa7-2a9543020ca3:group-549927422985 changes role from CANDIDATE to FOLLOWER at term 1 for DISCOVERED_A_NEW_TERM
2019-08-20 14:53:53,033 INFO  impl.RaftServerImpl (RaftServerImpl.java:setRole(171)) - c56bca4c-c173-42bd-a810-5111441b8914:group-549927422985 changes role from CANDIDATE to FOLLOWER at term 1 for DISCOVERED_A_NEW_TERM
2019-08-20 14:53:53,033 INFO  impl.RoleInfo (RoleInfo.java:updateAndGet(143)) - 2b4d4593-03da-45c4-a697-cd78daad85eb: start LeaderElection
2019-08-20 14:53:53,031 INFO  impl.RaftServerImpl (RaftServerImpl.java:setRole(171)) - ad142a7e-96df-461f-a96b-5c8521832ae4:group-549927422985 changes role from CANDIDATE to FOLLOWER at term 1 for DISCOVERED_A_NEW_TERM
2019-08-20 14:53:53,033 INFO  impl.RoleInfo (RoleInfo.java:shutdownLeaderElection(134)) - c56bca4c-c173-42bd-a810-5111441b8914: shutdown LeaderElection
2019-08-20 14:53:53,033 INFO  impl.RoleInfo (RoleInfo.java:shutdownLeaderElection(134)) - 9adc419d-8c51-46c2-afa7-2a9543020ca3: shutdown LeaderElection
2019-08-20 14:53:53,033 INFO  impl.RoleInfo (RoleInfo.java:shutdownLeaderElection(134)) - ad142a7e-96df-461f-a96b-5c8521832ae4: shutdown LeaderElection
2019-08-20 14:53:53,037 INFO  impl.RoleInfo (RoleInfo.java:updateAndGet(143)) - 9adc419d-8c51-46c2-afa7-2a9543020ca3: start FollowerState
2019-08-20 14:53:53,037 INFO  impl.RoleInfo (RoleInfo.java:updateAndGet(143)) - c56bca4c-c173-42bd-a810-5111441b8914: start FollowerState
2019-08-20 14:53:53,037 INFO  impl.RoleInfo (RoleInfo.java:updateAndGet(143)) - ad142a7e-96df-461f-a96b-5c8521832ae4: start FollowerState
2019-08-20 14:53:53,044 INFO  impl.LeaderElection (LeaderElection.java:askForVotes(181)) - 2b4d4593-03da-45c4-a697-cd78daad85eb:group-3ADDC00B272F:LeaderElection11: begin an election at term 1 for -1: [2b4d4593-03da-45c4-a697-cd78daad85eb:192.168.69.107:33892, 2380bf0b-cac6-4510-8ed0-9441f8f336c2:192.168.69.107:32941, f39aa5fc-7605-42ea-a58b-15f94e0f6a78:192.168.69.107:38831], old=null
2019-08-20 14:53:53,055 INFO  impl.RaftServerImpl (RaftServerImpl.java:setRole(171)) - f39aa5fc-7605-42ea-a58b-15f94e0f6a78:group-3ADDC00B272F changes role from FOLLOWER to FOLLOWER at term 1 for recognizeCandidate:2b4d4593-03da-45c4-a697-cd78daad85eb
2019-08-20 14:53:53,056 INFO  impl.RaftServerImpl (RaftServerImpl.java:setRole(171)) - 2380bf0b-cac6-4510-8ed0-9441f8f336c2:group-3ADDC00B272F changes role from FOLLOWER to FOLLOWER at term 1 for recognizeCandidate:2b4d4593-03da-45c4-a697-cd78daad85eb
2019-08-20 14:53:53,056 INFO  impl.RoleInfo (RoleInfo.java:shutdownFollowerState(121)) - f39aa5fc-7605-42ea-a58b-15f94e0f6a78: shutdown FollowerState
2019-08-20 14:53:53,056 INFO  impl.RoleInfo (RoleInfo.java:shutdownFollowerState(121)) - 2380bf0b-cac6-4510-8ed0-9441f8f336c2: shutdown FollowerState
2019-08-20 14:53:53,057 INFO  impl.RoleInfo (RoleInfo.java:updateAndGet(143)) - f39aa5fc-7605-42ea-a58b-15f94e0f6a78: start FollowerState
2019-08-20 14:53:53,057 INFO  impl.FollowerState (FollowerState.java:run(114)) - 2380bf0b-cac6-4510-8ed0-9441f8f336c2: FollowerState was interrupted: java.lang.InterruptedException: sleep interrupted
2019-08-20 14:53:53,057 INFO  impl.RoleInfo (RoleInfo.java:updateAndGet(143)) - 2380bf0b-cac6-4510-8ed0-9441f8f336c2: start FollowerState
2019-08-20 14:53:53,057 INFO  impl.FollowerState (FollowerState.java:run(114)) - f39aa5fc-7605-42ea-a58b-15f94e0f6a78: FollowerState was interrupted: java.lang.InterruptedException: sleep interrupted
2019-08-20 14:53:53,111 INFO  impl.LeaderElection (LeaderElection.java:logAndReturn(56)) - 2b4d4593-03da-45c4-a697-cd78daad85eb:group-3ADDC00B272F:LeaderElection11: Election PASSED; received 1 response(s) [2b4d4593-03da-45c4-a697-cd78daad85eb<-f39aa5fc-7605-42ea-a58b-15f94e0f6a78#0:OK-t1] and 0 exception(s); 2b4d4593-03da-45c4-a697-cd78daad85eb:t1, leader=null, voted=2b4d4593-03da-45c4-a697-cd78daad85eb, raftlog=2b4d4593-03da-45c4-a697-cd78daad85eb-SegmentedRaftLog:OPENED:c-1,f-1,i0, conf=-1: [2b4d4593-03da-45c4-a697-cd78daad85eb:192.168.69.107:33892, 2380bf0b-cac6-4510-8ed0-9441f8f336c2:192.168.69.107:32941, f39aa5fc-7605-42ea-a58b-15f94e0f6a78:192.168.69.107:38831], old=null
2019-08-20 14:53:53,111 INFO  impl.RoleInfo (RoleInfo.java:shutdownLeaderElection(134)) - 2b4d4593-03da-45c4-a697-cd78daad85eb: shutdown LeaderElection
2019-08-20 14:53:53,114 INFO  impl.RaftServerImpl (RaftServerImpl.java:setRole(171)) - 2b4d4593-03da-45c4-a697-cd78daad85eb:group-3ADDC00B272F changes role from CANDIDATE to LEADER at term 1 for changeToLeader
2019-08-20 14:53:53,114 INFO  impl.RaftServerImpl (ServerState.java:setLeader(263)) - 2b4d4593-03da-45c4-a697-cd78daad85eb:group-3ADDC00B272F change Leader from null to 2b4d4593-03da-45c4-a697-cd78daad85eb at term 1 for becomeLeader, leader elected after 5195ms
2019-08-20 14:53:53,115 INFO  server.RaftServerConfigKeys (ConfUtils.java:logGet(43)) - raft.server.staging.catchup.gap = 1000 (default)
2019-08-20 14:53:53,115 INFO  server.RaftServerConfigKeys (ConfUtils.java:logGet(43)) - raft.server.rpc.sleep.time = 25ms (default)
2019-08-20 14:53:53,115 INFO  server.RaftServerConfigKeys (ConfUtils.java:logGet(43)) - raft.server.write.element-limit = 4096 (default)
2019-08-20 14:53:53,115 INFO  server.RaftServerConfigKeys (ConfUtils.java:logGet(43)) - raft.server.watch.timeout = 10s (default)
2019-08-20 14:53:53,115 INFO  server.RaftServerConfigKeys (ConfUtils.java:logGet(43)) - raft.server.watch.timeout.denomination = 1s (default)
2019-08-20 14:53:53,115 INFO  server.RaftServerConfigKeys (ConfUtils.java:logGet(43)) - raft.server.watch.element-limit = 65536 (default)
2019-08-20 14:53:53,118 INFO  server.RaftServerConfigKeys (ConfUtils.java:logGet(43)) - raft.server.log.appender.snapshot.chunk.size.max = 16MB (=16777216) (default)
2019-08-20 14:53:53,118 INFO  server.RaftServerConfigKeys (ConfUtils.java:logGet(43)) - raft.server.log.appender.buffer.byte-limit = 33554432 (custom)
2019-08-20 14:53:53,118 INFO  server.RaftServerConfigKeys (ConfUtils.java:logGet(43)) - raft.server.log.appender.buffer.element-limit = 1 (custom)
2019-08-20 14:53:53,121 INFO  grpc.GrpcConfigKeys$Server (ConfUtils.java:logGet(43)) - raft.grpc.server.leader.outstanding.appends.max = 128 (default)
2019-08-20 14:53:53,121 INFO  server.RaftServerConfigKeys (ConfUtils.java:logGet(43)) - raft.server.rpc.request.timeout = 3000ms (default)
2019-08-20 14:53:53,121 INFO  server.RaftServerConfigKeys (ConfUtils.java:logGet(43)) - raft.server.log.appender.install.snapshot.enabled = false (custom)
2019-08-20 14:53:53,122 INFO  server.RaftServerConfigKeys (ConfUtils.java:logGet(43)) - raft.server.log.appender.snapshot.chunk.size.max = 16MB (=16777216) (default)
2019-08-20 14:53:53,122 INFO  server.RaftServerConfigKeys (ConfUtils.java:logGet(43)) - raft.server.log.appender.buffer.byte-limit = 33554432 (custom)
2019-08-20 14:53:53,122 INFO  server.RaftServerConfigKeys (ConfUtils.java:logGet(43)) - raft.server.log.appender.buffer.element-limit = 1 (custom)
2019-08-20 14:53:53,122 INFO  grpc.GrpcConfigKeys$Server (ConfUtils.java:logGet(43)) - raft.grpc.server.leader.outstanding.appends.max = 128 (default)
2019-08-20 14:53:53,122 INFO  server.RaftServerConfigKeys (ConfUtils.java:logGet(43)) - raft.server.rpc.request.timeout = 3000ms (default)
2019-08-20 14:53:53,122 INFO  server.RaftServerConfigKeys (ConfUtils.java:logGet(43)) - raft.server.log.appender.install.snapshot.enabled = false (custom)
2019-08-20 14:53:53,123 INFO  impl.RoleInfo (RoleInfo.java:updateAndGet(143)) - 2b4d4593-03da-45c4-a697-cd78daad85eb: start LeaderState
2019-08-20 14:53:53,124 INFO  segmented.SegmentedRaftLogWorker (SegmentedRaftLogWorker.java:startLogSegment(380)) - 2b4d4593-03da-45c4-a697-cd78daad85eb-SegmentedRaftLogWorker:Storage Directory /workdir/hadoop-ozone/integration-test/target/test-dir/MiniOzoneClusterImpl-21e4d6e9-c99a-454d-a878-52e02252dc69/datanode-1/data/ratis/93659cfd-1468-47a7-865d-3addc00b272f: Starting segment from index:0
2019-08-20 14:53:53,124 INFO  impl.RaftServerImpl (ServerState.java:setRaftConf(361)) - 2b4d4593-03da-45c4-a697-cd78daad85eb:group-3ADDC00B272F set configuration 0: [2b4d4593-03da-45c4-a697-cd78daad85eb:192.168.69.107:33892, 2380bf0b-cac6-4510-8ed0-9441f8f336c2:192.168.69.107:32941, f39aa5fc-7605-42ea-a58b-15f94e0f6a78:192.168.69.107:38831], old=null at 0
2019-08-20 14:53:53,163 INFO  segmented.SegmentedRaftLogWorker (SegmentedRaftLogWorker.java:execute(569)) - 2b4d4593-03da-45c4-a697-cd78daad85eb-SegmentedRaftLogWorker:Storage Directory /workdir/hadoop-ozone/integration-test/target/test-dir/MiniOzoneClusterImpl-21e4d6e9-c99a-454d-a878-52e02252dc69/datanode-1/data/ratis/93659cfd-1468-47a7-865d-3addc00b272f: created new log segment /workdir/hadoop-ozone/integration-test/target/test-dir/MiniOzoneClusterImpl-21e4d6e9-c99a-454d-a878-52e02252dc69/datanode-1/data/ratis/93659cfd-1468-47a7-865d-3addc00b272f/current/log_inprogress_0
2019-08-20 14:53:53,175 INFO  impl.RaftServerImpl (ServerState.java:setLeader(263)) - 2380bf0b-cac6-4510-8ed0-9441f8f336c2:group-3ADDC00B272F change Leader from null to 2b4d4593-03da-45c4-a697-cd78daad85eb at term 1 for appendEntries, leader elected after 5254ms
2019-08-20 14:53:53,175 INFO  impl.RaftServerImpl (ServerState.java:setLeader(263)) - f39aa5fc-7605-42ea-a58b-15f94e0f6a78:group-3ADDC00B272F change Leader from null to 2b4d4593-03da-45c4-a697-cd78daad85eb at term 1 for appendEntries, leader elected after 5255ms
2019-08-20 14:53:53,204 INFO  impl.RaftServerImpl (ServerState.java:setRaftConf(361)) - f39aa5fc-7605-42ea-a58b-15f94e0f6a78:group-3ADDC00B272F set configuration 0: [2b4d4593-03da-45c4-a697-cd78daad85eb:192.168.69.107:33892, 2380bf0b-cac6-4510-8ed0-9441f8f336c2:192.168.69.107:32941, f39aa5fc-7605-42ea-a58b-15f94e0f6a78:192.168.69.107:38831], old=null at 0
2019-08-20 14:53:53,204 INFO  impl.RaftServerImpl (ServerState.java:setRaftConf(361)) - 2380bf0b-cac6-4510-8ed0-9441f8f336c2:group-3ADDC00B272F set configuration 0: [2b4d4593-03da-45c4-a697-cd78daad85eb:192.168.69.107:33892, 2380bf0b-cac6-4510-8ed0-9441f8f336c2:192.168.69.107:32941, f39aa5fc-7605-42ea-a58b-15f94e0f6a78:192.168.69.107:38831], old=null at 0
2019-08-20 14:53:53,204 INFO  segmented.SegmentedRaftLogWorker (SegmentedRaftLogWorker.java:startLogSegment(380)) - f39aa5fc-7605-42ea-a58b-15f94e0f6a78-SegmentedRaftLogWorker:Storage Directory /workdir/hadoop-ozone/integration-test/target/test-dir/MiniOzoneClusterImpl-21e4d6e9-c99a-454d-a878-52e02252dc69/datanode-4/data/ratis/93659cfd-1468-47a7-865d-3addc00b272f: Starting segment from index:0
2019-08-20 14:53:53,204 INFO  segmented.SegmentedRaftLogWorker (SegmentedRaftLogWorker.java:startLogSegment(380)) - 2380bf0b-cac6-4510-8ed0-9441f8f336c2-SegmentedRaftLogWorker:Storage Directory /workdir/hadoop-ozone/integration-test/target/test-dir/MiniOzoneClusterImpl-21e4d6e9-c99a-454d-a878-52e02252dc69/datanode-5/data/ratis/93659cfd-1468-47a7-865d-3addc00b272f: Starting segment from index:0
2019-08-20 14:53:53,256 INFO  segmented.SegmentedRaftLogWorker (SegmentedRaftLogWorker.java:execute(569)) - f39aa5fc-7605-42ea-a58b-15f94e0f6a78-SegmentedRaftLogWorker:Storage Directory /workdir/hadoop-ozone/integration-test/target/test-dir/MiniOzoneClusterImpl-21e4d6e9-c99a-454d-a878-52e02252dc69/datanode-4/data/ratis/93659cfd-1468-47a7-865d-3addc00b272f: created new log segment /workdir/hadoop-ozone/integration-test/target/test-dir/MiniOzoneClusterImpl-21e4d6e9-c99a-454d-a878-52e02252dc69/datanode-4/data/ratis/93659cfd-1468-47a7-865d-3addc00b272f/current/log_inprogress_0
2019-08-20 14:53:53,256 INFO  segmented.SegmentedRaftLogWorker (SegmentedRaftLogWorker.java:execute(569)) - 2380bf0b-cac6-4510-8ed0-9441f8f336c2-SegmentedRaftLogWorker:Storage Directory /workdir/hadoop-ozone/integration-test/target/test-dir/MiniOzoneClusterImpl-21e4d6e9-c99a-454d-a878-52e02252dc69/datanode-5/data/ratis/93659cfd-1468-47a7-865d-3addc00b272f: created new log segment /workdir/hadoop-ozone/integration-test/target/test-dir/MiniOzoneClusterImpl-21e4d6e9-c99a-454d-a878-52e02252dc69/datanode-5/data/ratis/93659cfd-1468-47a7-865d-3addc00b272f/current/log_inprogress_0
2019-08-20 14:53:53,970 INFO  client.GrpcClientProtocolClient (GrpcClientProtocolClient.java:onNext(255)) - client-60CE66D7186E->9adc419d-8c51-46c2-afa7-2a9543020ca3: receive RaftClientReply:client-60CE66D7186E->9adc419d-8c51-46c2-afa7-2a9543020ca3@group-549927422985, cid=13, FAILED org.apache.ratis.protocol.NotLeaderException: Server 9adc419d-8c51-46c2-afa7-2a9543020ca3 is not the leader (null). Request must be sent to leader., logIndex=0, commits[9adc419d-8c51-46c2-afa7-2a9543020ca3:c-1]
2019-08-20 14:53:54,988 INFO  client.GrpcClientProtocolClient (GrpcClientProtocolClient.java:onNext(255)) - client-60CE66D7186E->ad142a7e-96df-461f-a96b-5c8521832ae4: receive RaftClientReply:client-60CE66D7186E->ad142a7e-96df-461f-a96b-5c8521832ae4@group-549927422985, cid=13, FAILED org.apache.ratis.protocol.NotLeaderException: Server ad142a7e-96df-461f-a96b-5c8521832ae4 is not the leader (null). Request must be sent to leader., logIndex=0, commits[ad142a7e-96df-461f-a96b-5c8521832ae4:c-1]
2019-08-20 14:53:56,009 INFO  client.GrpcClientProtocolClient (GrpcClientProtocolClient.java:onNext(255)) - client-60CE66D7186E->9adc419d-8c51-46c2-afa7-2a9543020ca3: receive RaftClientReply:client-60CE66D7186E->9adc419d-8c51-46c2-afa7-2a9543020ca3@group-549927422985, cid=13, FAILED org.apache.ratis.protocol.NotLeaderException: Server 9adc419d-8c51-46c2-afa7-2a9543020ca3 is not the leader (null). Request must be sent to leader., logIndex=0, commits[9adc419d-8c51-46c2-afa7-2a9543020ca3:c-1]
2019-08-20 14:53:57,029 INFO  client.GrpcClientProtocolClient (GrpcClientProtocolClient.java:onNext(255)) - client-60CE66D7186E->ad142a7e-96df-461f-a96b-5c8521832ae4: receive RaftClientReply:client-60CE66D7186E->ad142a7e-96df-461f-a96b-5c8521832ae4@group-549927422985, cid=13, FAILED org.apache.ratis.protocol.NotLeaderException: Server ad142a7e-96df-461f-a96b-5c8521832ae4 is not the leader (null). Request must be sent to leader., logIndex=0, commits[ad142a7e-96df-461f-a96b-5c8521832ae4:c-1]
2019-08-20 14:53:58,048 INFO  client.GrpcClientProtocolClient (GrpcClientProtocolClient.java:onNext(255)) - client-60CE66D7186E->9adc419d-8c51-46c2-afa7-2a9543020ca3: receive RaftClientReply:client-60CE66D7186E->9adc419d-8c51-46c2-afa7-2a9543020ca3@group-549927422985, cid=13, FAILED org.apache.ratis.protocol.NotLeaderException: Server 9adc419d-8c51-46c2-afa7-2a9543020ca3 is not the leader (null). Request must be sent to leader., logIndex=0, commits[9adc419d-8c51-46c2-afa7-2a9543020ca3:c-1]
2019-08-20 14:53:58,121 INFO  impl.FollowerState (FollowerState.java:run(106)) - 9adc419d-8c51-46c2-afa7-2a9543020ca3:group-549927422985 changes to CANDIDATE, lastRpcTime:5084, electionTimeout:5083ms
2019-08-20 14:53:58,121 INFO  impl.RoleInfo (RoleInfo.java:shutdownFollowerState(121)) - 9adc419d-8c51-46c2-afa7-2a9543020ca3: shutdown FollowerState
2019-08-20 14:53:58,121 INFO  impl.RaftServerImpl (RaftServerImpl.java:setRole(171)) - 9adc419d-8c51-46c2-afa7-2a9543020ca3:group-549927422985 changes role from FOLLOWER to CANDIDATE at term 1 for changeToCandidate
2019-08-20 14:53:58,122 INFO  impl.RoleInfo (RoleInfo.java:updateAndGet(143)) - 9adc419d-8c51-46c2-afa7-2a9543020ca3: start LeaderElection
2019-08-20 14:53:58,138 INFO  impl.LeaderElection (LeaderElection.java:askForVotes(181)) - 9adc419d-8c51-46c2-afa7-2a9543020ca3:group-549927422985:LeaderElection12: begin an election at term 2 for -1: [9adc419d-8c51-46c2-afa7-2a9543020ca3:192.168.69.107:35822, ad142a7e-96df-461f-a96b-5c8521832ae4:192.168.69.107:45080, c56bca4c-c173-42bd-a810-5111441b8914:192.168.69.107:37829], old=null
2019-08-20 14:53:58,139 INFO  impl.FollowerState (FollowerState.java:run(106)) - ad142a7e-96df-461f-a96b-5c8521832ae4:group-549927422985 changes to CANDIDATE, lastRpcTime:5101, electionTimeout:5098ms
2019-08-20 14:53:58,139 INFO  impl.RoleInfo (RoleInfo.java:shutdownFollowerState(121)) - ad142a7e-96df-461f-a96b-5c8521832ae4: shutdown FollowerState
2019-08-20 14:53:58,139 INFO  impl.RaftServerImpl (RaftServerImpl.java:setRole(171)) - ad142a7e-96df-461f-a96b-5c8521832ae4:group-549927422985 changes role from FOLLOWER to CANDIDATE at term 1 for changeToCandidate
2019-08-20 14:53:58,139 INFO  impl.RoleInfo (RoleInfo.java:updateAndGet(143)) - ad142a7e-96df-461f-a96b-5c8521832ae4: start LeaderElection
2019-08-20 14:53:58,145 INFO  impl.RaftServerImpl (RaftServerImpl.java:setRole(171)) - c56bca4c-c173-42bd-a810-5111441b8914:group-549927422985 changes role from FOLLOWER to FOLLOWER at term 2 for recognizeCandidate:9adc419d-8c51-46c2-afa7-2a9543020ca3
2019-08-20 14:53:58,145 INFO  impl.RoleInfo (RoleInfo.java:shutdownFollowerState(121)) - c56bca4c-c173-42bd-a810-5111441b8914: shutdown FollowerState
2019-08-20 14:53:58,145 INFO  impl.RoleInfo (RoleInfo.java:updateAndGet(143)) - c56bca4c-c173-42bd-a810-5111441b8914: start FollowerState
2019-08-20 14:53:58,145 INFO  impl.FollowerState (FollowerState.java:run(114)) - c56bca4c-c173-42bd-a810-5111441b8914: FollowerState was interrupted: java.lang.InterruptedException: sleep interrupted
2019-08-20 14:53:58,155 INFO  impl.LeaderElection (LeaderElection.java:askForVotes(181)) - ad142a7e-96df-461f-a96b-5c8521832ae4:group-549927422985:LeaderElection13: begin an election at term 2 for -1: [9adc419d-8c51-46c2-afa7-2a9543020ca3:192.168.69.107:35822, ad142a7e-96df-461f-a96b-5c8521832ae4:192.168.69.107:45080, c56bca4c-c173-42bd-a810-5111441b8914:192.168.69.107:37829], old=null
2019-08-20 14:53:58,157 INFO  impl.LeaderElection (LeaderElection.java:logAndReturn(56)) - 9adc419d-8c51-46c2-afa7-2a9543020ca3:group-549927422985:LeaderElection12: Election PASSED; received 1 response(s) [9adc419d-8c51-46c2-afa7-2a9543020ca3<-c56bca4c-c173-42bd-a810-5111441b8914#0:OK-t2] and 0 exception(s); 9adc419d-8c51-46c2-afa7-2a9543020ca3:t2, leader=null, voted=9adc419d-8c51-46c2-afa7-2a9543020ca3, raftlog=9adc419d-8c51-46c2-afa7-2a9543020ca3-SegmentedRaftLog:OPENED:c-1,f-1,i0, conf=-1: [9adc419d-8c51-46c2-afa7-2a9543020ca3:192.168.69.107:35822, ad142a7e-96df-461f-a96b-5c8521832ae4:192.168.69.107:45080, c56bca4c-c173-42bd-a810-5111441b8914:192.168.69.107:37829], old=null
2019-08-20 14:53:58,157 INFO  impl.RoleInfo (RoleInfo.java:shutdownLeaderElection(134)) - 9adc419d-8c51-46c2-afa7-2a9543020ca3: shutdown LeaderElection
2019-08-20 14:53:58,163 INFO  impl.RaftServerImpl (RaftServerImpl.java:setRole(171)) - 9adc419d-8c51-46c2-afa7-2a9543020ca3:group-549927422985 changes role from CANDIDATE to LEADER at term 2 for changeToLeader
2019-08-20 14:53:58,163 INFO  impl.RaftServerImpl (ServerState.java:setLeader(263)) - 9adc419d-8c51-46c2-afa7-2a9543020ca3:group-549927422985 change Leader from null to 9adc419d-8c51-46c2-afa7-2a9543020ca3 at term 2 for becomeLeader, leader elected after 10360ms
2019-08-20 14:53:58,164 INFO  server.RaftServerConfigKeys (ConfUtils.java:logGet(43)) - raft.server.staging.catchup.gap = 1000 (default)
2019-08-20 14:53:58,165 INFO  server.RaftServerConfigKeys (ConfUtils.java:logGet(43)) - raft.server.rpc.sleep.time = 25ms (default)
2019-08-20 14:53:58,165 INFO  server.RaftServerConfigKeys (ConfUtils.java:logGet(43)) - raft.server.write.element-limit = 4096 (default)
2019-08-20 14:53:58,165 INFO  server.RaftServerConfigKeys (ConfUtils.java:logGet(43)) - raft.server.watch.timeout = 10s (default)
2019-08-20 14:53:58,167 INFO  server.RaftServerConfigKeys (ConfUtils.java:logGet(43)) - raft.server.watch.timeout.denomination = 1s (default)
2019-08-20 14:53:58,167 INFO  server.RaftServerConfigKeys (ConfUtils.java:logGet(43)) - raft.server.watch.element-limit = 65536 (default)
2019-08-20 14:53:58,167 INFO  server.RaftServerConfigKeys (ConfUtils.java:logGet(43)) - raft.server.log.appender.snapshot.chunk.size.max = 16MB (=16777216) (default)
2019-08-20 14:53:58,168 INFO  server.RaftServerConfigKeys (ConfUtils.java:logGet(43)) - raft.server.log.appender.buffer.byte-limit = 33554432 (custom)
2019-08-20 14:53:58,168 INFO  server.RaftServerConfigKeys (ConfUtils.java:logGet(43)) - raft.server.log.appender.buffer.element-limit = 1 (custom)
2019-08-20 14:53:58,168 INFO  grpc.GrpcConfigKeys$Server (ConfUtils.java:logGet(43)) - raft.grpc.server.leader.outstanding.appends.max = 128 (default)
2019-08-20 14:53:58,170 INFO  server.RaftServerConfigKeys (ConfUtils.java:logGet(43)) - raft.server.rpc.request.timeout = 3000ms (default)
2019-08-20 14:53:58,170 INFO  server.RaftServerConfigKeys (ConfUtils.java:logGet(43)) - raft.server.log.appender.install.snapshot.enabled = false (custom)
2019-08-20 14:53:58,170 INFO  server.RaftServerConfigKeys (ConfUtils.java:logGet(43)) - raft.server.log.appender.snapshot.chunk.size.max = 16MB (=16777216) (default)
2019-08-20 14:53:58,170 INFO  server.RaftServerConfigKeys (ConfUtils.java:logGet(43)) - raft.server.log.appender.buffer.byte-limit = 33554432 (custom)
2019-08-20 14:53:58,170 INFO  server.RaftServerConfigKeys (ConfUtils.java:logGet(43)) - raft.server.log.appender.buffer.element-limit = 1 (custom)
2019-08-20 14:53:58,171 INFO  grpc.GrpcConfigKeys$Server (ConfUtils.java:logGet(43)) - raft.grpc.server.leader.outstanding.appends.max = 128 (default)
2019-08-20 14:53:58,171 INFO  server.RaftServerConfigKeys (ConfUtils.java:logGet(43)) - raft.server.rpc.request.timeout = 3000ms (default)
2019-08-20 14:53:58,171 INFO  server.RaftServerConfigKeys (ConfUtils.java:logGet(43)) - raft.server.log.appender.install.snapshot.enabled = false (custom)
2019-08-20 14:53:58,171 INFO  impl.RoleInfo (RoleInfo.java:updateAndGet(143)) - 9adc419d-8c51-46c2-afa7-2a9543020ca3: start LeaderState
2019-08-20 14:53:58,171 INFO  segmented.SegmentedRaftLogWorker (SegmentedRaftLogWorker.java:startLogSegment(380)) - 9adc419d-8c51-46c2-afa7-2a9543020ca3-SegmentedRaftLogWorker:Storage Directory /workdir/hadoop-ozone/integration-test/target/test-dir/MiniOzoneClusterImpl-21e4d6e9-c99a-454d-a878-52e02252dc69/datanode-0/data/ratis/0c20dc57-49c2-46d2-b601-549927422985: Starting segment from index:0
2019-08-20 14:53:58,172 INFO  impl.RaftServerImpl (ServerState.java:setRaftConf(361)) - 9adc419d-8c51-46c2-afa7-2a9543020ca3:group-549927422985 set configuration 0: [9adc419d-8c51-46c2-afa7-2a9543020ca3:192.168.69.107:35822, ad142a7e-96df-461f-a96b-5c8521832ae4:192.168.69.107:45080, c56bca4c-c173-42bd-a810-5111441b8914:192.168.69.107:37829], old=null at 0
2019-08-20 14:53:58,204 INFO  impl.RaftServerImpl (RaftServerImpl.java:requestVote(754)) - 9adc419d-8c51-46c2-afa7-2a9543020ca3-LEADER: Withhold vote from candidate ad142a7e-96df-461f-a96b-5c8521832ae4 with term 2. State: leader=9adc419d-8c51-46c2-afa7-2a9543020ca3, term=2, lastRpcElapsed=null
2019-08-20 14:53:58,209 INFO  impl.RaftServerImpl (RaftServerImpl.java:setRole(171)) - ad142a7e-96df-461f-a96b-5c8521832ae4:group-549927422985 changes role from CANDIDATE to FOLLOWER at term 2 for appendEntries
2019-08-20 14:53:58,209 INFO  impl.RaftServerImpl (ServerState.java:setLeader(263)) - c56bca4c-c173-42bd-a810-5111441b8914:group-549927422985 change Leader from null to 9adc419d-8c51-46c2-afa7-2a9543020ca3 at term 2 for appendEntries, leader elected after 10406ms
2019-08-20 14:53:58,210 INFO  impl.LeaderElection (LeaderElection.java:logAndReturn(56)) - ad142a7e-96df-461f-a96b-5c8521832ae4:group-549927422985:LeaderElection13: Election REJECTED; received 2 response(s) [ad142a7e-96df-461f-a96b-5c8521832ae4<-9adc419d-8c51-46c2-afa7-2a9543020ca3#0:FAIL-t2, ad142a7e-96df-461f-a96b-5c8521832ae4<-c56bca4c-c173-42bd-a810-5111441b8914#0:FAIL-t2] and 0 exception(s); ad142a7e-96df-461f-a96b-5c8521832ae4:t2, leader=null, voted=ad142a7e-96df-461f-a96b-5c8521832ae4, raftlog=ad142a7e-96df-461f-a96b-5c8521832ae4-SegmentedRaftLog:OPENED:c-1,f-1,i0, conf=-1: [9adc419d-8c51-46c2-afa7-2a9543020ca3:192.168.69.107:35822, ad142a7e-96df-461f-a96b-5c8521832ae4:192.168.69.107:45080, c56bca4c-c173-42bd-a810-5111441b8914:192.168.69.107:37829], old=null
2019-08-20 14:53:58,209 INFO  impl.RoleInfo (RoleInfo.java:shutdownLeaderElection(134)) - ad142a7e-96df-461f-a96b-5c8521832ae4: shutdown LeaderElection
2019-08-20 14:53:58,210 INFO  impl.RoleInfo (RoleInfo.java:updateAndGet(143)) - ad142a7e-96df-461f-a96b-5c8521832ae4: start FollowerState
2019-08-20 14:53:58,210 INFO  impl.RaftServerImpl (ServerState.java:setLeader(263)) - ad142a7e-96df-461f-a96b-5c8521832ae4:group-549927422985 change Leader from null to 9adc419d-8c51-46c2-afa7-2a9543020ca3 at term 2 for appendEntries, leader elected after 10407ms
2019-08-20 14:53:58,213 INFO  impl.RaftServerImpl (ServerState.java:setRaftConf(361)) - c56bca4c-c173-42bd-a810-5111441b8914:group-549927422985 set configuration 0: [9adc419d-8c51-46c2-afa7-2a9543020ca3:192.168.69.107:35822, ad142a7e-96df-461f-a96b-5c8521832ae4:192.168.69.107:45080, c56bca4c-c173-42bd-a810-5111441b8914:192.168.69.107:37829], old=null at 0
2019-08-20 14:53:58,213 INFO  segmented.SegmentedRaftLogWorker (SegmentedRaftLogWorker.java:startLogSegment(380)) - c56bca4c-c173-42bd-a810-5111441b8914-SegmentedRaftLogWorker:Storage Directory /workdir/hadoop-ozone/integration-test/target/test-dir/MiniOzoneClusterImpl-21e4d6e9-c99a-454d-a878-52e02252dc69/datanode-2/data/ratis/0c20dc57-49c2-46d2-b601-549927422985: Starting segment from index:0
2019-08-20 14:53:58,213 INFO  impl.RaftServerImpl (ServerState.java:setRaftConf(361)) - ad142a7e-96df-461f-a96b-5c8521832ae4:group-549927422985 set configuration 0: [9adc419d-8c51-46c2-afa7-2a9543020ca3:192.168.69.107:35822, ad142a7e-96df-461f-a96b-5c8521832ae4:192.168.69.107:45080, c56bca4c-c173-42bd-a810-5111441b8914:192.168.69.107:37829], old=null at 0
2019-08-20 14:53:58,215 INFO  segmented.SegmentedRaftLogWorker (SegmentedRaftLogWorker.java:startLogSegment(380)) - ad142a7e-96df-461f-a96b-5c8521832ae4-SegmentedRaftLogWorker:Storage Directory /workdir/hadoop-ozone/integration-test/target/test-dir/MiniOzoneClusterImpl-21e4d6e9-c99a-454d-a878-52e02252dc69/datanode-3/data/ratis/0c20dc57-49c2-46d2-b601-549927422985: Starting segment from index:0
2019-08-20 14:53:58,217 INFO  segmented.SegmentedRaftLogWorker (SegmentedRaftLogWorker.java:execute(569)) - 9adc419d-8c51-46c2-afa7-2a9543020ca3-SegmentedRaftLogWorker:Storage Directory /workdir/hadoop-ozone/integration-test/target/test-dir/MiniOzoneClusterImpl-21e4d6e9-c99a-454d-a878-52e02252dc69/datanode-0/data/ratis/0c20dc57-49c2-46d2-b601-549927422985: created new log segment /workdir/hadoop-ozone/integration-test/target/test-dir/MiniOzoneClusterImpl-21e4d6e9-c99a-454d-a878-52e02252dc69/datanode-0/data/ratis/0c20dc57-49c2-46d2-b601-549927422985/current/log_inprogress_0
2019-08-20 14:53:58,257 INFO  segmented.SegmentedRaftLogWorker (SegmentedRaftLogWorker.java:execute(569)) - ad142a7e-96df-461f-a96b-5c8521832ae4-SegmentedRaftLogWorker:Storage Directory /workdir/hadoop-ozone/integration-test/target/test-dir/MiniOzoneClusterImpl-21e4d6e9-c99a-454d-a878-52e02252dc69/datanode-3/data/ratis/0c20dc57-49c2-46d2-b601-549927422985: created new log segment /workdir/hadoop-ozone/integration-test/target/test-dir/MiniOzoneClusterImpl-21e4d6e9-c99a-454d-a878-52e02252dc69/datanode-3/data/ratis/0c20dc57-49c2-46d2-b601-549927422985/current/log_inprogress_0
2019-08-20 14:53:58,257 INFO  segmented.SegmentedRaftLogWorker (SegmentedRaftLogWorker.java:execute(569)) - c56bca4c-c173-42bd-a810-5111441b8914-SegmentedRaftLogWorker:Storage Directory /workdir/hadoop-ozone/integration-test/target/test-dir/MiniOzoneClusterImpl-21e4d6e9-c99a-454d-a878-52e02252dc69/datanode-2/data/ratis/0c20dc57-49c2-46d2-b601-549927422985: created new log segment /workdir/hadoop-ozone/integration-test/target/test-dir/MiniOzoneClusterImpl-21e4d6e9-c99a-454d-a878-52e02252dc69/datanode-2/data/ratis/0c20dc57-49c2-46d2-b601-549927422985/current/log_inprogress_0
2019-08-20 14:53:59,068 INFO  client.GrpcClientProtocolClient (GrpcClientProtocolClient.java:onNext(255)) - client-60CE66D7186E->ad142a7e-96df-461f-a96b-5c8521832ae4: receive RaftClientReply:client-60CE66D7186E->ad142a7e-96df-461f-a96b-5c8521832ae4@group-549927422985, cid=13, FAILED org.apache.ratis.protocol.NotLeaderException: Server ad142a7e-96df-461f-a96b-5c8521832ae4 is not the leader (9adc419d-8c51-46c2-afa7-2a9543020ca3:192.168.69.107:35822). Request must be sent to leader., logIndex=0, commits[ad142a7e-96df-461f-a96b-5c8521832ae4:c-1, 9adc419d-8c51-46c2-afa7-2a9543020ca3:c-1, c56bca4c-c173-42bd-a810-5111441b8914:c-1]
2019-08-20 14:53:59,258 INFO  client.GrpcClientProtocolClient (GrpcClientProtocolClient.java:onNext(255)) - client-60CE66D7186E->9adc419d-8c51-46c2-afa7-2a9543020ca3: receive RaftClientReply:client-60CE66D7186E->9adc419d-8c51-46c2-afa7-2a9543020ca3@group-549927422985, cid=13, SUCCESS, logIndex=1, commits[9adc419d-8c51-46c2-afa7-2a9543020ca3:c2, ad142a7e-96df-461f-a96b-5c8521832ae4:c1, c56bca4c-c173-42bd-a810-5111441b8914:c1]
2019-08-20 14:53:59,264 INFO  datanode.ObjectStoreHandler (ObjectStoreHandler.java:close(155)) - Closing ObjectStoreHandler.
2019-08-20 14:53:59,266 INFO  ozone.HddsDatanodeService (HddsDatanodeService.java:stop(451)) - Stopped plug-in org.apache.hadoop.ozone.web.OzoneHddsDatanodeService@8054fe2
2019-08-20 14:54:00,226 INFO  statemachine.DatanodeStateMachine (DatanodeStateMachine.java:lambda$startDaemon$0(350)) - Ozone container server started.
2019-08-20 14:54:04,268 INFO  ozoneimpl.OzoneContainer (OzoneContainer.java:stop(199)) - Attempting to stop container services.
2019-08-20 14:54:04,269 INFO  impl.RaftServerProxy (RaftServerProxy.java:lambda$close$4(314)) - 9adc419d-8c51-46c2-afa7-2a9543020ca3: close
2019-08-20 14:54:04,271 INFO  impl.RaftServerImpl (RaftServerImpl.java:lambda$shutdown$3(245)) - 9adc419d-8c51-46c2-afa7-2a9543020ca3: shutdown group-997446700484
2019-08-20 14:54:04,272 INFO  util.JmxRegister (JmxRegister.java:unregister(73)) - Successfully un-registered JMX Bean with object name Ratis:service=RaftServer,group=group-997446700484,id=9adc419d-8c51-46c2-afa7-2a9543020ca3
2019-08-20 14:54:04,272 INFO  impl.RoleInfo (RoleInfo.java:shutdownLeaderState(104)) - 9adc419d-8c51-46c2-afa7-2a9543020ca3: shutdown LeaderState
2019-08-20 14:54:04,273 INFO  impl.PendingRequests (PendingRequests.java:sendNotLeaderResponses(202)) - 9adc419d-8c51-46c2-afa7-2a9543020ca3-PendingRequests: sendNotLeaderResponses
2019-08-20 14:54:04,275 INFO  impl.StateMachineUpdater (StateMachineUpdater.java:stopAndJoin(115)) - StateMachineUpdater:9adc419d-8c51-46c2-afa7-2a9543020ca3:group-997446700484: set stopIndex = 0
2019-08-20 14:54:04,275 INFO  impl.RaftServerImpl (ServerState.java:close(394)) - 9adc419d-8c51-46c2-afa7-2a9543020ca3:group-997446700484 closes. The last applied log index is 0
2019-08-20 14:54:04,277 INFO  segmented.SegmentedRaftLogWorker (SegmentedRaftLogWorker.java:run(313)) - 9adc419d-8c51-46c2-afa7-2a9543020ca3-SegmentedRaftLogWorker:Storage Directory /workdir/hadoop-ozone/integration-test/target/test-dir/MiniOzoneClusterImpl-21e4d6e9-c99a-454d-a878-52e02252dc69/datanode-0/data/ratis/843957ad-0f5b-49b9-a99e-997446700484 was interrupted, exiting. There are 0 tasks remaining in the queue.
2019-08-20 14:54:04,281 INFO  segmented.SegmentedRaftLogWorker (SegmentedRaftLogWorker.java:close(228)) - 9adc419d-8c51-46c2-afa7-2a9543020ca3-SegmentedRaftLogWorker:Storage Directory /workdir/hadoop-ozone/integration-test/target/test-dir/MiniOzoneClusterImpl-21e4d6e9-c99a-454d-a878-52e02252dc69/datanode-0/data/ratis/843957ad-0f5b-49b9-a99e-997446700484 close()
2019-08-20 14:54:04,285 INFO  impl.RaftServerImpl (RaftServerImpl.java:lambda$shutdown$3(245)) - 9adc419d-8c51-46c2-afa7-2a9543020ca3: shutdown group-549927422985
2019-08-20 14:54:04,285 INFO  util.JmxRegister (JmxRegister.java:unregister(73)) - Successfully un-registered JMX Bean with object name Ratis:service=RaftServer,group=group-549927422985,id=9adc419d-8c51-46c2-afa7-2a9543020ca3
2019-08-20 14:54:04,285 INFO  impl.RoleInfo (RoleInfo.java:shutdownLeaderState(104)) - 9adc419d-8c51-46c2-afa7-2a9543020ca3: shutdown LeaderState
2019-08-20 14:54:04,289 INFO  impl.PendingRequests (PendingRequests.java:sendNotLeaderResponses(202)) - 9adc419d-8c51-46c2-afa7-2a9543020ca3-PendingRequests: sendNotLeaderResponses
2019-08-20 14:54:04,289 WARN  server.GrpcLogAppender (GrpcLogAppender.java:mayWait(143)) - GrpcLogAppender(9adc419d-8c51-46c2-afa7-2a9543020ca3->c56bca4c-c173-42bd-a810-5111441b8914): Wait interrupted by java.lang.InterruptedException
2019-08-20 14:54:04,289 WARN  server.GrpcLogAppender (GrpcLogAppender.java:mayWait(143)) - GrpcLogAppender(9adc419d-8c51-46c2-afa7-2a9543020ca3->ad142a7e-96df-461f-a96b-5c8521832ae4): Wait interrupted by java.lang.InterruptedException
2019-08-20 14:54:04,300 INFO  impl.StateMachineUpdater (StateMachineUpdater.java:stopAndJoin(115)) - StateMachineUpdater:9adc419d-8c51-46c2-afa7-2a9543020ca3:group-549927422985: set stopIndex = 2
2019-08-20 14:54:04,300 INFO  ratis.ContainerStateMachine (ContainerStateMachine.java:takeSnapshot(271)) - group-549927422985: Taking a snapshot at:(t:2, i:2) file /workdir/hadoop-ozone/integration-test/target/test-dir/MiniOzoneClusterImpl-21e4d6e9-c99a-454d-a878-52e02252dc69/datanode-0/data/ratis/0c20dc57-49c2-46d2-b601-549927422985/sm/snapshot.2_2
2019-08-20 14:54:04,303 INFO  server.GrpcServerProtocolService (GrpcServerProtocolService.java:onCompleted(104)) - c56bca4c-c173-42bd-a810-5111441b8914: appendEntries completed
2019-08-20 14:54:04,303 INFO  server.GrpcServerProtocolService (GrpcServerProtocolService.java:onCompleted(104)) - ad142a7e-96df-461f-a96b-5c8521832ae4: appendEntries completed
2019-08-20 14:54:04,312 INFO  server.GrpcLogAppender (GrpcLogAppender.java:onCompleted(292)) - 9adc419d-8c51-46c2-afa7-2a9543020ca3->c56bca4c-c173-42bd-a810-5111441b8914: follower responses appendEntries COMPLETED
2019-08-20 14:54:04,325 INFO  server.GrpcLogAppender (GrpcLogAppender.java:onCompleted(292)) - 9adc419d-8c51-46c2-afa7-2a9543020ca3->ad142a7e-96df-461f-a96b-5c8521832ae4: follower responses appendEntries COMPLETED
2019-08-20 14:54:04,328 INFO  impl.FollowerInfo (FollowerInfo.java:lambda$new$0(50)) - 9adc419d-8c51-46c2-afa7-2a9543020ca3->ad142a7e-96df-461f-a96b-5c8521832ae4: nextIndex: updateUnconditionally 3 -> 2
2019-08-20 14:54:04,330 INFO  impl.FollowerInfo (FollowerInfo.java:lambda$new$0(50)) - 9adc419d-8c51-46c2-afa7-2a9543020ca3->c56bca4c-c173-42bd-a810-5111441b8914: nextIndex: updateUnconditionally 3 -> 2
2019-08-20 14:54:04,341 INFO  ratis.ContainerStateMachine (ContainerStateMachine.java:takeSnapshot(282)) - group-549927422985: Finished taking a snapshot at:(t:2, i:2) file:/workdir/hadoop-ozone/integration-test/target/test-dir/MiniOzoneClusterImpl-21e4d6e9-c99a-454d-a878-52e02252dc69/datanode-0/data/ratis/0c20dc57-49c2-46d2-b601-549927422985/sm/snapshot.2_2 time:40
2019-08-20 14:54:04,341 INFO  impl.StateMachineUpdater (StateMachineUpdater.java:takeSnapshot(242)) - StateMachineUpdater:9adc419d-8c51-46c2-afa7-2a9543020ca3:group-549927422985: Took a snapshot at index 2
2019-08-20 14:54:04,343 INFO  impl.StateMachineUpdater (StateMachineUpdater.java:lambda$new$0(80)) - StateMachineUpdater:9adc419d-8c51-46c2-afa7-2a9543020ca3:group-549927422985: snapshotIndex: updateIncreasingly -1 -> 2
2019-08-20 14:54:04,350 INFO  impl.RaftServerImpl (ServerState.java:close(394)) - 9adc419d-8c51-46c2-afa7-2a9543020ca3:group-549927422985 closes. The last applied log index is 2
2019-08-20 14:54:04,351 INFO  segmented.SegmentedRaftLogWorker (SegmentedRaftLogWorker.java:run(313)) - 9adc419d-8c51-46c2-afa7-2a9543020ca3-SegmentedRaftLogWorker:Storage Directory /workdir/hadoop-ozone/integration-test/target/test-dir/MiniOzoneClusterImpl-21e4d6e9-c99a-454d-a878-52e02252dc69/datanode-0/data/ratis/0c20dc57-49c2-46d2-b601-549927422985 was interrupted, exiting. There are 0 tasks remaining in the queue.
2019-08-20 14:54:04,353 INFO  segmented.SegmentedRaftLogWorker (SegmentedRaftLogWorker.java:close(228)) - 9adc419d-8c51-46c2-afa7-2a9543020ca3-SegmentedRaftLogWorker:Storage Directory /workdir/hadoop-ozone/integration-test/target/test-dir/MiniOzoneClusterImpl-21e4d6e9-c99a-454d-a878-52e02252dc69/datanode-0/data/ratis/0c20dc57-49c2-46d2-b601-549927422985 close()
2019-08-20 14:54:04,356 INFO  server.GrpcService (GrpcService.java:closeImpl(155)) - 9adc419d-8c51-46c2-afa7-2a9543020ca3: shutdown server with port 35822 now
2019-08-20 14:54:04,359 INFO  server.GrpcService (GrpcService.java:closeImpl(163)) - 9adc419d-8c51-46c2-afa7-2a9543020ca3: shutdown server with port 35822 successfully
2019-08-20 14:54:04,368 INFO  utils.BackgroundService (BackgroundService.java:shutdown(148)) - Shutting down service BlockDeletingService
2019-08-20 14:54:04,370 WARN  fs.CachingGetSpaceUsed (CachingGetSpaceUsed.java:run(183)) - Thread Interrupted waiting to refresh disk information: sleep interrupted
2019-08-20 14:54:04,392 INFO  statemachine.DatanodeStateMachine (DatanodeStateMachine.java:stopDaemon(395)) - Ozone container server stopped.
2019-08-20 14:54:04,396 INFO  handler.ContextHandler (ContextHandler.java:doStop(910)) - Stopped o.e.j.w.WebAppContext@4b6d92e{/,null,UNAVAILABLE}{/hddsDatanode}
2019-08-20 14:54:04,402 INFO  server.AbstractConnector (AbstractConnector.java:doStop(318)) - Stopped ServerConnector@33899f7a{HTTP/1.1,[http/1.1]}{0.0.0.0:0}
2019-08-20 14:54:04,402 INFO  handler.ContextHandler (ContextHandler.java:doStop(910)) - Stopped o.e.j.s.ServletContextHandler@672b72ba{/static,jar:file:/home/user/.m2/repository/org/apache/hadoop/hadoop-hdds-container-service/0.5.0-SNAPSHOT/hadoop-hdds-container-service-0.5.0-SNAPSHOT.jar!/webapps/static,UNAVAILABLE}
2019-08-20 14:54:04,402 INFO  handler.ContextHandler (ContextHandler.java:doStop(910)) - Stopped o.e.j.s.ServletContextHandler@302edb74{/logs,file:///workdir/hadoop-ozone/integration-test/target/log,UNAVAILABLE}
2019-08-20 14:54:06,437 INFO  client.GrpcClientProtocolClient (GrpcClientProtocolClient.java:onNext(255)) - client-60CE66D7186E->c56bca4c-c173-42bd-a810-5111441b8914: receive RaftClientReply:client-60CE66D7186E->c56bca4c-c173-42bd-a810-5111441b8914@group-549927422985, cid=14, FAILED org.apache.ratis.protocol.NotLeaderException: Server c56bca4c-c173-42bd-a810-5111441b8914 is not the leader (9adc419d-8c51-46c2-afa7-2a9543020ca3:192.168.69.107:35822). Request must be sent to leader., logIndex=0, commits[c56bca4c-c173-42bd-a810-5111441b8914:c2, 9adc419d-8c51-46c2-afa7-2a9543020ca3:c2, ad142a7e-96df-461f-a96b-5c8521832ae4:c2]
2019-08-20 14:54:07,464 INFO  client.GrpcClientProtocolClient (GrpcClientProtocolClient.java:onNext(255)) - client-60CE66D7186E->ad142a7e-96df-461f-a96b-5c8521832ae4: receive RaftClientReply:client-60CE66D7186E->ad142a7e-96df-461f-a96b-5c8521832ae4@group-549927422985, cid=14, FAILED org.apache.ratis.protocol.NotLeaderException: Server ad142a7e-96df-461f-a96b-5c8521832ae4 is not the leader (9adc419d-8c51-46c2-afa7-2a9543020ca3:192.168.69.107:35822). Request must be sent to leader., logIndex=0, commits[ad142a7e-96df-461f-a96b-5c8521832ae4:c2, 9adc419d-8c51-46c2-afa7-2a9543020ca3:c2, c56bca4c-c173-42bd-a810-5111441b8914:c2]
2019-08-20 14:54:07,474 WARN  client.GrpcClientProtocolService (LogUtils.java:warn(134)) - 5-OrderedRequestStreamObserver5: onError: org.apache.ratis.thirdparty.io.grpc.StatusRuntimeException: CANCELLED: cancelled before receiving half close
2019-08-20 14:54:08,490 INFO  client.GrpcClientProtocolClient (GrpcClientProtocolClient.java:onNext(255)) - client-60CE66D7186E->ad142a7e-96df-461f-a96b-5c8521832ae4: receive RaftClientReply:client-60CE66D7186E->ad142a7e-96df-461f-a96b-5c8521832ae4@group-549927422985, cid=14, FAILED org.apache.ratis.protocol.NotLeaderException: Server ad142a7e-96df-461f-a96b-5c8521832ae4 is not the leader (9adc419d-8c51-46c2-afa7-2a9543020ca3:192.168.69.107:35822). Request must be sent to leader., logIndex=0, commits[ad142a7e-96df-461f-a96b-5c8521832ae4:c2, 9adc419d-8c51-46c2-afa7-2a9543020ca3:c2, c56bca4c-c173-42bd-a810-5111441b8914:c2]
2019-08-20 14:54:09,529 INFO  client.GrpcClientProtocolClient (GrpcClientProtocolClient.java:onNext(255)) - client-60CE66D7186E->c56bca4c-c173-42bd-a810-5111441b8914: receive RaftClientReply:client-60CE66D7186E->c56bca4c-c173-42bd-a810-5111441b8914@group-549927422985, cid=14, FAILED org.apache.ratis.protocol.NotLeaderException: Server c56bca4c-c173-42bd-a810-5111441b8914 is not the leader (9adc419d-8c51-46c2-afa7-2a9543020ca3:192.168.69.107:35822). Request must be sent to leader., logIndex=0, commits[c56bca4c-c173-42bd-a810-5111441b8914:c2, 9adc419d-8c51-46c2-afa7-2a9543020ca3:c2, ad142a7e-96df-461f-a96b-5c8521832ae4:c2]
2019-08-20 14:54:10,564 INFO  client.GrpcClientProtocolClient (GrpcClientProtocolClient.java:onNext(255)) - client-60CE66D7186E->c56bca4c-c173-42bd-a810-5111441b8914: receive RaftClientReply:client-60CE66D7186E->c56bca4c-c173-42bd-a810-5111441b8914@group-549927422985, cid=14, FAILED org.apache.ratis.protocol.NotLeaderException: Server c56bca4c-c173-42bd-a810-5111441b8914 is not the leader (9adc419d-8c51-46c2-afa7-2a9543020ca3:192.168.69.107:35822). Request must be sent to leader., logIndex=0, commits[c56bca4c-c173-42bd-a810-5111441b8914:c2, 9adc419d-8c51-46c2-afa7-2a9543020ca3:c2, ad142a7e-96df-461f-a96b-5c8521832ae4:c2]
2019-08-20 14:54:11,587 INFO  client.GrpcClientProtocolClient (GrpcClientProtocolClient.java:onNext(255)) - client-60CE66D7186E->ad142a7e-96df-461f-a96b-5c8521832ae4: receive RaftClientReply:client-60CE66D7186E->ad142a7e-96df-461f-a96b-5c8521832ae4@group-549927422985, cid=14, FAILED org.apache.ratis.protocol.NotLeaderException: Server ad142a7e-96df-461f-a96b-5c8521832ae4 is not the leader (9adc419d-8c51-46c2-afa7-2a9543020ca3:192.168.69.107:35822). Request must be sent to leader., logIndex=0, commits[ad142a7e-96df-461f-a96b-5c8521832ae4:c2, 9adc419d-8c51-46c2-afa7-2a9543020ca3:c2, c56bca4c-c173-42bd-a810-5111441b8914:c2]
2019-08-20 14:54:12,613 INFO  client.GrpcClientProtocolClient (GrpcClientProtocolClient.java:onNext(255)) - client-60CE66D7186E->ad142a7e-96df-461f-a96b-5c8521832ae4: receive RaftClientReply:client-60CE66D7186E->ad142a7e-96df-461f-a96b-5c8521832ae4@group-549927422985, cid=14, FAILED org.apache.ratis.protocol.NotLeaderException: Server ad142a7e-96df-461f-a96b-5c8521832ae4 is not the leader (9adc419d-8c51-46c2-afa7-2a9543020ca3:192.168.69.107:35822). Request must be sent to leader., logIndex=0, commits[ad142a7e-96df-461f-a96b-5c8521832ae4:c2, 9adc419d-8c51-46c2-afa7-2a9543020ca3:c2, c56bca4c-c173-42bd-a810-5111441b8914:c2]
2019-08-20 14:54:13,553 INFO  impl.FollowerState (FollowerState.java:run(106)) - ad142a7e-96df-461f-a96b-5c8521832ae4:group-549927422985 changes to CANDIDATE, lastRpcTime:9428, electionTimeout:5118ms
2019-08-20 14:54:13,562 INFO  impl.FollowerState (FollowerState.java:run(106)) - c56bca4c-c173-42bd-a810-5111441b8914:group-549927422985 changes to CANDIDATE, lastRpcTime:9437, electionTimeout:5196ms
2019-08-20 14:54:13,564 INFO  impl.RoleInfo (RoleInfo.java:shutdownFollowerState(121)) - ad142a7e-96df-461f-a96b-5c8521832ae4: shutdown FollowerState
2019-08-20 14:54:13,564 INFO  impl.RoleInfo (RoleInfo.java:shutdownFollowerState(121)) - c56bca4c-c173-42bd-a810-5111441b8914: shutdown FollowerState
2019-08-20 14:54:13,564 INFO  impl.RaftServerImpl (RaftServerImpl.java:setRole(171)) - ad142a7e-96df-461f-a96b-5c8521832ae4:group-549927422985 changes role from FOLLOWER to CANDIDATE at term 2 for changeToCandidate
2019-08-20 14:54:13,564 INFO  impl.RaftServerImpl (RaftServerImpl.java:setRole(171)) - c56bca4c-c173-42bd-a810-5111441b8914:group-549927422985 changes role from FOLLOWER to CANDIDATE at term 2 for changeToCandidate
2019-08-20 14:54:13,564 INFO  impl.RoleInfo (RoleInfo.java:updateAndGet(143)) - ad142a7e-96df-461f-a96b-5c8521832ae4: start LeaderElection
2019-08-20 14:54:13,564 INFO  impl.RoleInfo (RoleInfo.java:updateAndGet(143)) - c56bca4c-c173-42bd-a810-5111441b8914: start LeaderElection
2019-08-20 14:54:13,568 INFO  impl.RaftServerImpl (ServerState.java:setLeader(263)) - ad142a7e-96df-461f-a96b-5c8521832ae4:group-549927422985 change Leader from 9adc419d-8c51-46c2-afa7-2a9543020ca3 to null at term 2 for initElection
2019-08-20 14:54:13,568 INFO  impl.RaftServerImpl (ServerState.java:setLeader(263)) - c56bca4c-c173-42bd-a810-5111441b8914:group-549927422985 change Leader from 9adc419d-8c51-46c2-afa7-2a9543020ca3 to null at term 2 for initElection
2019-08-20 14:54:13,582 INFO  impl.LeaderElection (LeaderElection.java:askForVotes(181)) - ad142a7e-96df-461f-a96b-5c8521832ae4:group-549927422985:LeaderElection14: begin an election at term 3 for 0: [9adc419d-8c51-46c2-afa7-2a9543020ca3:192.168.69.107:35822, ad142a7e-96df-461f-a96b-5c8521832ae4:192.168.69.107:45080, c56bca4c-c173-42bd-a810-5111441b8914:192.168.69.107:37829], old=null
2019-08-20 14:54:13,582 INFO  impl.LeaderElection (LeaderElection.java:askForVotes(181)) - c56bca4c-c173-42bd-a810-5111441b8914:group-549927422985:LeaderElection15: begin an election at term 3 for 0: [9adc419d-8c51-46c2-afa7-2a9543020ca3:192.168.69.107:35822, ad142a7e-96df-461f-a96b-5c8521832ae4:192.168.69.107:45080, c56bca4c-c173-42bd-a810-5111441b8914:192.168.69.107:37829], old=null
2019-08-20 14:54:13,591 INFO  impl.LeaderElection (LogUtils.java:infoOrTrace(149)) - ad142a7e-96df-461f-a96b-5c8521832ae4:group-549927422985:LeaderElection14 got exception when requesting votes: {}
java.util.concurrent.ExecutionException: org.apache.ratis.thirdparty.io.grpc.StatusRuntimeException: UNAVAILABLE: io exception
	at java.util.concurrent.FutureTask.report(FutureTask.java:122)
	at java.util.concurrent.FutureTask.get(FutureTask.java:192)
	at org.apache.ratis.server.impl.LeaderElection.waitForResults(LeaderElection.java:262)
	at org.apache.ratis.server.impl.LeaderElection.askForVotes(LeaderElection.java:200)
	at org.apache.ratis.server.impl.LeaderElection.run(LeaderElection.java:130)
	at java.lang.Thread.run(Thread.java:748)
Caused by: org.apache.ratis.thirdparty.io.grpc.StatusRuntimeException: UNAVAILABLE: io exception
	at org.apache.ratis.thirdparty.io.grpc.stub.ClientCalls.toStatusRuntimeException(ClientCalls.java:233)
	at org.apache.ratis.thirdparty.io.grpc.stub.ClientCalls.getUnchecked(ClientCalls.java:214)
	at org.apache.ratis.thirdparty.io.grpc.stub.ClientCalls.blockingUnaryCall(ClientCalls.java:139)
	at org.apache.ratis.proto.grpc.RaftServerProtocolServiceGrpc$RaftServerProtocolServiceBlockingStub.requestVote(RaftServerProtocolServiceGrpc.java:265)
	at org.apache.ratis.grpc.server.GrpcServerProtocolClient.requestVote(GrpcServerProtocolClient.java:83)
	at org.apache.ratis.grpc.server.GrpcService.requestVote(GrpcService.java:195)
	at org.apache.ratis.server.impl.LeaderElection.lambda$submitRequests$1(LeaderElection.java:237)
	at java.util.concurrent.FutureTask.run(FutureTask.java:266)
	at java.util.concurrent.Executors$RunnableAdapter.call(Executors.java:511)
	at java.util.concurrent.FutureTask.run(FutureTask.java:266)
	at java.util.concurrent.ThreadPoolExecutor.runWorker(ThreadPoolExecutor.java:1149)
	at java.util.concurrent.ThreadPoolExecutor$Worker.run(ThreadPoolExecutor.java:624)
	... 1 more
Caused by: org.apache.ratis.thirdparty.io.netty.channel.AbstractChannel$AnnotatedConnectException: Connection refused: /192.168.69.107:35822
	at sun.nio.ch.SocketChannelImpl.checkConnect(Native Method)
	at sun.nio.ch.SocketChannelImpl.finishConnect(SocketChannelImpl.java:717)
	at org.apache.ratis.thirdparty.io.netty.channel.socket.nio.NioSocketChannel.doFinishConnect(NioSocketChannel.java:327)
	at org.apache.ratis.thirdparty.io.netty.channel.nio.AbstractNioChannel$AbstractNioUnsafe.finishConnect(AbstractNioChannel.java:340)
	at org.apache.ratis.thirdparty.io.netty.channel.nio.NioEventLoop.processSelectedKey(NioEventLoop.java:632)
	at org.apache.ratis.thirdparty.io.netty.channel.nio.NioEventLoop.processSelectedKeysOptimized(NioEventLoop.java:579)
	at org.apache.ratis.thirdparty.io.netty.channel.nio.NioEventLoop.processSelectedKeys(NioEventLoop.java:496)
	at org.apache.ratis.thirdparty.io.netty.channel.nio.NioEventLoop.run(NioEventLoop.java:458)
	at org.apache.ratis.thirdparty.io.netty.util.concurrent.SingleThreadEventExecutor$5.run(SingleThreadEventExecutor.java:897)
	at org.apache.ratis.thirdparty.io.netty.util.concurrent.FastThreadLocalRunnable.run(FastThreadLocalRunnable.java:30)
	... 1 more
Caused by: java.net.ConnectException: Connection refused
	... 11 more
2019-08-20 14:54:13,591 INFO  impl.LeaderElection (LogUtils.java:infoOrTrace(149)) - c56bca4c-c173-42bd-a810-5111441b8914:group-549927422985:LeaderElection15 got exception when requesting votes: {}
java.util.concurrent.ExecutionException: org.apache.ratis.thirdparty.io.grpc.StatusRuntimeException: UNAVAILABLE: io exception
	at java.util.concurrent.FutureTask.report(FutureTask.java:122)
	at java.util.concurrent.FutureTask.get(FutureTask.java:192)
	at org.apache.ratis.server.impl.LeaderElection.waitForResults(LeaderElection.java:262)
	at org.apache.ratis.server.impl.LeaderElection.askForVotes(LeaderElection.java:200)
	at org.apache.ratis.server.impl.LeaderElection.run(LeaderElection.java:130)
	at java.lang.Thread.run(Thread.java:748)
Caused by: org.apache.ratis.thirdparty.io.grpc.StatusRuntimeException: UNAVAILABLE: io exception
	at org.apache.ratis.thirdparty.io.grpc.stub.ClientCalls.toStatusRuntimeException(ClientCalls.java:233)
	at org.apache.ratis.thirdparty.io.grpc.stub.ClientCalls.getUnchecked(ClientCalls.java:214)
	at org.apache.ratis.thirdparty.io.grpc.stub.ClientCalls.blockingUnaryCall(ClientCalls.java:139)
	at org.apache.ratis.proto.grpc.RaftServerProtocolServiceGrpc$RaftServerProtocolServiceBlockingStub.requestVote(RaftServerProtocolServiceGrpc.java:265)
	at org.apache.ratis.grpc.server.GrpcServerProtocolClient.requestVote(GrpcServerProtocolClient.java:83)
	at org.apache.ratis.grpc.server.GrpcService.requestVote(GrpcService.java:195)
	at org.apache.ratis.server.impl.LeaderElection.lambda$submitRequests$1(LeaderElection.java:237)
	at java.util.concurrent.FutureTask.run(FutureTask.java:266)
	at java.util.concurrent.Executors$RunnableAdapter.call(Executors.java:511)
	at java.util.concurrent.FutureTask.run(FutureTask.java:266)
	at java.util.concurrent.ThreadPoolExecutor.runWorker(ThreadPoolExecutor.java:1149)
	at java.util.concurrent.ThreadPoolExecutor$Worker.run(ThreadPoolExecutor.java:624)
	... 1 more
Caused by: org.apache.ratis.thirdparty.io.netty.channel.AbstractChannel$AnnotatedConnectException: Connection refused: /192.168.69.107:35822
	at sun.nio.ch.SocketChannelImpl.checkConnect(Native Method)
	at sun.nio.ch.SocketChannelImpl.finishConnect(SocketChannelImpl.java:717)
	at org.apache.ratis.thirdparty.io.netty.channel.socket.nio.NioSocketChannel.doFinishConnect(NioSocketChannel.java:327)
	at org.apache.ratis.thirdparty.io.netty.channel.nio.AbstractNioChannel$AbstractNioUnsafe.finishConnect(AbstractNioChannel.java:340)
	at org.apache.ratis.thirdparty.io.netty.channel.nio.NioEventLoop.processSelectedKey(NioEventLoop.java:632)
	at org.apache.ratis.thirdparty.io.netty.channel.nio.NioEventLoop.processSelectedKeysOptimized(NioEventLoop.java:579)
	at org.apache.ratis.thirdparty.io.netty.channel.nio.NioEventLoop.processSelectedKeys(NioEventLoop.java:496)
	at org.apache.ratis.thirdparty.io.netty.channel.nio.NioEventLoop.run(NioEventLoop.java:458)
	at org.apache.ratis.thirdparty.io.netty.util.concurrent.SingleThreadEventExecutor$5.run(SingleThreadEventExecutor.java:897)
	at org.apache.ratis.thirdparty.io.netty.util.concurrent.FastThreadLocalRunnable.run(FastThreadLocalRunnable.java:30)
	... 1 more
Caused by: java.net.ConnectException: Connection refused
	... 11 more
2019-08-20 14:54:13,595 INFO  impl.LeaderElection (LeaderElection.java:logAndReturn(56)) - ad142a7e-96df-461f-a96b-5c8521832ae4:group-549927422985:LeaderElection14: Election REJECTED; received 1 response(s) [ad142a7e-96df-461f-a96b-5c8521832ae4<-c56bca4c-c173-42bd-a810-5111441b8914#0:FAIL-t3] and 1 exception(s); ad142a7e-96df-461f-a96b-5c8521832ae4:t3, leader=null, voted=ad142a7e-96df-461f-a96b-5c8521832ae4, raftlog=ad142a7e-96df-461f-a96b-5c8521832ae4-SegmentedRaftLog:OPENED:c2,f2,i2, conf=0: [9adc419d-8c51-46c2-afa7-2a9543020ca3:192.168.69.107:35822, ad142a7e-96df-461f-a96b-5c8521832ae4:192.168.69.107:45080, c56bca4c-c173-42bd-a810-5111441b8914:192.168.69.107:37829], old=null
2019-08-20 14:54:13,597 INFO  impl.LeaderElection (LeaderElection.java:logAndReturn(56)) - c56bca4c-c173-42bd-a810-5111441b8914:group-549927422985:LeaderElection15: Election REJECTED; received 1 response(s) [c56bca4c-c173-42bd-a810-5111441b8914<-ad142a7e-96df-461f-a96b-5c8521832ae4#0:FAIL-t3] and 1 exception(s); c56bca4c-c173-42bd-a810-5111441b8914:t3, leader=null, voted=c56bca4c-c173-42bd-a810-5111441b8914, raftlog=c56bca4c-c173-42bd-a810-5111441b8914-SegmentedRaftLog:OPENED:c2,f2,i2, conf=0: [9adc419d-8c51-46c2-afa7-2a9543020ca3:192.168.69.107:35822, ad142a7e-96df-461f-a96b-5c8521832ae4:192.168.69.107:45080, c56bca4c-c173-42bd-a810-5111441b8914:192.168.69.107:37829], old=null
2019-08-20 14:54:13,597 INFO  impl.LeaderElection (LogUtils.java:infoOrTrace(149)) -   Exception 0: {}
java.util.concurrent.ExecutionException: org.apache.ratis.thirdparty.io.grpc.StatusRuntimeException: UNAVAILABLE: io exception
	at java.util.concurrent.FutureTask.report(FutureTask.java:122)
	at java.util.concurrent.FutureTask.get(FutureTask.java:192)
	at org.apache.ratis.server.impl.LeaderElection.waitForResults(LeaderElection.java:262)
	at org.apache.ratis.server.impl.LeaderElection.askForVotes(LeaderElection.java:200)
	at org.apache.ratis.server.impl.LeaderElection.run(LeaderElection.java:130)
	at java.lang.Thread.run(Thread.java:748)
Caused by: org.apache.ratis.thirdparty.io.grpc.StatusRuntimeException: UNAVAILABLE: io exception
	at org.apache.ratis.thirdparty.io.grpc.stub.ClientCalls.toStatusRuntimeException(ClientCalls.java:233)
	at org.apache.ratis.thirdparty.io.grpc.stub.ClientCalls.getUnchecked(ClientCalls.java:214)
	at org.apache.ratis.thirdparty.io.grpc.stub.ClientCalls.blockingUnaryCall(ClientCalls.java:139)
	at org.apache.ratis.proto.grpc.RaftServerProtocolServiceGrpc$RaftServerProtocolServiceBlockingStub.requestVote(RaftServerProtocolServiceGrpc.java:265)
	at org.apache.ratis.grpc.server.GrpcServerProtocolClient.requestVote(GrpcServerProtocolClient.java:83)
	at org.apache.ratis.grpc.server.GrpcService.requestVote(GrpcService.java:195)
	at org.apache.ratis.server.impl.LeaderElection.lambda$submitRequests$1(LeaderElection.java:237)
	at java.util.concurrent.FutureTask.run(FutureTask.java:266)
	at java.util.concurrent.Executors$RunnableAdapter.call(Executors.java:511)
	at java.util.concurrent.FutureTask.run(FutureTask.java:266)
	at java.util.concurrent.ThreadPoolExecutor.runWorker(ThreadPoolExecutor.java:1149)
	at java.util.concurrent.ThreadPoolExecutor$Worker.run(ThreadPoolExecutor.java:624)
	... 1 more
Caused by: org.apache.ratis.thirdparty.io.netty.channel.AbstractChannel$AnnotatedConnectException: Connection refused: /192.168.69.107:35822
	at sun.nio.ch.SocketChannelImpl.checkConnect(Native Method)
	at sun.nio.ch.SocketChannelImpl.finishConnect(SocketChannelImpl.java:717)
	at org.apache.ratis.thirdparty.io.netty.channel.socket.nio.NioSocketChannel.doFinishConnect(NioSocketChannel.java:327)
	at org.apache.ratis.thirdparty.io.netty.channel.nio.AbstractNioChannel$AbstractNioUnsafe.finishConnect(AbstractNioChannel.java:340)
	at org.apache.ratis.thirdparty.io.netty.channel.nio.NioEventLoop.processSelectedKey(NioEventLoop.java:632)
	at org.apache.ratis.thirdparty.io.netty.channel.nio.NioEventLoop.processSelectedKeysOptimized(NioEventLoop.java:579)
	at org.apache.ratis.thirdparty.io.netty.channel.nio.NioEventLoop.processSelectedKeys(NioEventLoop.java:496)
	at org.apache.ratis.thirdparty.io.netty.channel.nio.NioEventLoop.run(NioEventLoop.java:458)
	at org.apache.ratis.thirdparty.io.netty.util.concurrent.SingleThreadEventExecutor$5.run(SingleThreadEventExecutor.java:897)
	at org.apache.ratis.thirdparty.io.netty.util.concurrent.FastThreadLocalRunnable.run(FastThreadLocalRunnable.java:30)
	... 1 more
Caused by: java.net.ConnectException: Connection refused
	... 11 more
2019-08-20 14:54:13,597 INFO  impl.LeaderElection (LogUtils.java:infoOrTrace(149)) -   Exception 0: {}
java.util.concurrent.ExecutionException: org.apache.ratis.thirdparty.io.grpc.StatusRuntimeException: UNAVAILABLE: io exception
	at java.util.concurrent.FutureTask.report(FutureTask.java:122)
	at java.util.concurrent.FutureTask.get(FutureTask.java:192)
	at org.apache.ratis.server.impl.LeaderElection.waitForResults(LeaderElection.java:262)
	at org.apache.ratis.server.impl.LeaderElection.askForVotes(LeaderElection.java:200)
	at org.apache.ratis.server.impl.LeaderElection.run(LeaderElection.java:130)
	at java.lang.Thread.run(Thread.java:748)
Caused by: org.apache.ratis.thirdparty.io.grpc.StatusRuntimeException: UNAVAILABLE: io exception
	at org.apache.ratis.thirdparty.io.grpc.stub.ClientCalls.toStatusRuntimeException(ClientCalls.java:233)
	at org.apache.ratis.thirdparty.io.grpc.stub.ClientCalls.getUnchecked(ClientCalls.java:214)
	at org.apache.ratis.thirdparty.io.grpc.stub.ClientCalls.blockingUnaryCall(ClientCalls.java:139)
	at org.apache.ratis.proto.grpc.RaftServerProtocolServiceGrpc$RaftServerProtocolServiceBlockingStub.requestVote(RaftServerProtocolServiceGrpc.java:265)
	at org.apache.ratis.grpc.server.GrpcServerProtocolClient.requestVote(GrpcServerProtocolClient.java:83)
	at org.apache.ratis.grpc.server.GrpcService.requestVote(GrpcService.java:195)
	at org.apache.ratis.server.impl.LeaderElection.lambda$submitRequests$1(LeaderElection.java:237)
	at java.util.concurrent.FutureTask.run(FutureTask.java:266)
	at java.util.concurrent.Executors$RunnableAdapter.call(Executors.java:511)
	at java.util.concurrent.FutureTask.run(FutureTask.java:266)
	at java.util.concurrent.ThreadPoolExecutor.runWorker(ThreadPoolExecutor.java:1149)
	at java.util.concurrent.ThreadPoolExecutor$Worker.run(ThreadPoolExecutor.java:624)
	... 1 more
Caused by: org.apache.ratis.thirdparty.io.netty.channel.AbstractChannel$AnnotatedConnectException: Connection refused: /192.168.69.107:35822
	at sun.nio.ch.SocketChannelImpl.checkConnect(Native Method)
	at sun.nio.ch.SocketChannelImpl.finishConnect(SocketChannelImpl.java:717)
	at org.apache.ratis.thirdparty.io.netty.channel.socket.nio.NioSocketChannel.doFinishConnect(NioSocketChannel.java:327)
	at org.apache.ratis.thirdparty.io.netty.channel.nio.AbstractNioChannel$AbstractNioUnsafe.finishConnect(AbstractNioChannel.java:340)
	at org.apache.ratis.thirdparty.io.netty.channel.nio.NioEventLoop.processSelectedKey(NioEventLoop.java:632)
	at org.apache.ratis.thirdparty.io.netty.channel.nio.NioEventLoop.processSelectedKeysOptimized(NioEventLoop.java:579)
	at org.apache.ratis.thirdparty.io.netty.channel.nio.NioEventLoop.processSelectedKeys(NioEventLoop.java:496)
	at org.apache.ratis.thirdparty.io.netty.channel.nio.NioEventLoop.run(NioEventLoop.java:458)
	at org.apache.ratis.thirdparty.io.netty.util.concurrent.SingleThreadEventExecutor$5.run(SingleThreadEventExecutor.java:897)
	at org.apache.ratis.thirdparty.io.netty.util.concurrent.FastThreadLocalRunnable.run(FastThreadLocalRunnable.java:30)
	... 1 more
Caused by: java.net.ConnectException: Connection refused
	... 11 more
2019-08-20 14:54:13,598 INFO  impl.RaftServerImpl (RaftServerImpl.java:setRole(171)) - ad142a7e-96df-461f-a96b-5c8521832ae4:group-549927422985 changes role from CANDIDATE to FOLLOWER at term 3 for DISCOVERED_A_NEW_TERM
2019-08-20 14:54:13,600 INFO  impl.RaftServerImpl (RaftServerImpl.java:setRole(171)) - c56bca4c-c173-42bd-a810-5111441b8914:group-549927422985 changes role from CANDIDATE to FOLLOWER at term 3 for DISCOVERED_A_NEW_TERM
2019-08-20 14:54:13,601 INFO  impl.RoleInfo (RoleInfo.java:shutdownLeaderElection(134)) - ad142a7e-96df-461f-a96b-5c8521832ae4: shutdown LeaderElection
2019-08-20 14:54:13,602 INFO  impl.RoleInfo (RoleInfo.java:shutdownLeaderElection(134)) - c56bca4c-c173-42bd-a810-5111441b8914: shutdown LeaderElection
2019-08-20 14:54:13,602 INFO  impl.RoleInfo (RoleInfo.java:updateAndGet(143)) - ad142a7e-96df-461f-a96b-5c8521832ae4: start FollowerState
2019-08-20 14:54:13,602 INFO  impl.RoleInfo (RoleInfo.java:updateAndGet(143)) - c56bca4c-c173-42bd-a810-5111441b8914: start FollowerState
2019-08-20 14:54:13,653 INFO  client.GrpcClientProtocolClient (GrpcClientProtocolClient.java:onNext(255)) - client-60CE66D7186E->c56bca4c-c173-42bd-a810-5111441b8914: receive RaftClientReply:client-60CE66D7186E->c56bca4c-c173-42bd-a810-5111441b8914@group-549927422985, cid=14, FAILED org.apache.ratis.protocol.NotLeaderException: Server c56bca4c-c173-42bd-a810-5111441b8914 is not the leader (null). Request must be sent to leader., logIndex=0, commits[c56bca4c-c173-42bd-a810-5111441b8914:c2, 9adc419d-8c51-46c2-afa7-2a9543020ca3:c2, ad142a7e-96df-461f-a96b-5c8521832ae4:c2]
2019-08-20 14:54:15,679 INFO  client.GrpcClientProtocolClient (GrpcClientProtocolClient.java:onNext(255)) - client-60CE66D7186E->c56bca4c-c173-42bd-a810-5111441b8914: receive RaftClientReply:client-60CE66D7186E->c56bca4c-c173-42bd-a810-5111441b8914@group-549927422985, cid=14, FAILED org.apache.ratis.protocol.NotLeaderException: Server c56bca4c-c173-42bd-a810-5111441b8914 is not the leader (null). Request must be sent to leader., logIndex=0, commits[c56bca4c-c173-42bd-a810-5111441b8914:c2, 9adc419d-8c51-46c2-afa7-2a9543020ca3:c2, ad142a7e-96df-461f-a96b-5c8521832ae4:c2]
]]></system-out>
    <system-err><![CDATA[ERROR StatusLogger No Log4j 2 configuration file found. Using default configuration (logging only errors to the console), or user programmatically provided configurations. Set system property 'log4j2.debug' to show Log4j 2 internal initialization logging. See https://logging.apache.org/log4j/2.x/manual/configuration.html for instructions on how to configure Log4j 2
Aug 20, 2019 2:53:40 PM com.sun.jersey.server.impl.application.WebApplicationImpl _initiate
INFO: Initiating Jersey application, version 'Jersey: 1.19 02/11/2015 03:25 AM'
Aug 20, 2019 2:53:41 PM com.sun.jersey.server.impl.application.WebApplicationImpl _initiate
INFO: Initiating Jersey application, version 'Jersey: 1.19 02/11/2015 03:25 AM'
Aug 20, 2019 2:53:42 PM com.sun.jersey.server.impl.application.WebApplicationImpl _initiate
INFO: Initiating Jersey application, version 'Jersey: 1.19 02/11/2015 03:25 AM'
Aug 20, 2019 2:53:42 PM com.sun.jersey.server.impl.application.WebApplicationImpl _initiate
INFO: Initiating Jersey application, version 'Jersey: 1.19 02/11/2015 03:25 AM'
Aug 20, 2019 2:53:42 PM com.sun.jersey.server.impl.application.WebApplicationImpl _initiate
INFO: Initiating Jersey application, version 'Jersey: 1.19 02/11/2015 03:25 AM'
Aug 20, 2019 2:53:42 PM com.sun.jersey.server.impl.application.WebApplicationImpl _initiate
INFO: Initiating Jersey application, version 'Jersey: 1.19 02/11/2015 03:25 AM'
Aug 20, 2019 2:53:43 PM com.sun.jersey.server.impl.application.WebApplicationImpl _initiate
INFO: Initiating Jersey application, version 'Jersey: 1.19 02/11/2015 03:25 AM'
]]></system-err>
  </testcase>
</testsuite>