<?xml version="1.0" encoding="UTF-8"?>
<testsuite xmlns:xsi="http://www.w3.org/2001/XMLSchema-instance" xsi:noNamespaceSchemaLocation="https://maven.apache.org/surefire/maven-surefire-plugin/xsd/surefire-test-report.xsd" name="org.apache.hadoop.ozone.client.rpc.TestWatchForCommit" time="231.603" tests="5" errors="1" skipped="0" failures="0">
  <properties>
    <property name="awt.toolkit" value="sun.awt.X11.XToolkit"/>
    <property name="file.encoding.pkg" value="sun.io"/>
    <property name="java.specification.version" value="1.8"/>
    <property name="sun.cpu.isalist" value=""/>
    <property name="sun.jnu.encoding" value="UTF-8"/>
    <property name="java.class.path" value="/workdir/hadoop-ozone/integration-test/target/test-classes:/workdir/hadoop-ozone/integration-test/target/classes:/home/user/.m2/repository/org/apache/hadoop/hadoop-ozone-common/0.5.0-SNAPSHOT/hadoop-ozone-common-0.5.0-SNAPSHOT.jar:/home/user/.m2/repository/org/apache/commons/commons-compress/1.4.1/commons-compress-1.4.1.jar:/home/user/.m2/repository/org/tukaani/xz/1.0/xz-1.0.jar:/home/user/.m2/repository/org/apache/hadoop/hadoop-common/3.2.0/hadoop-common-3.2.0.jar:/home/user/.m2/repository/org/apache/hadoop/hadoop-hdfs/3.2.0/hadoop-hdfs-3.2.0.jar:/home/user/.m2/repository/org/apache/hadoop/hadoop-hdfs-client/3.2.0/hadoop-hdfs-client-3.2.0.jar:/home/user/.m2/repository/com/fasterxml/jackson/core/jackson-annotations/2.9.5/jackson-annotations-2.9.5.jar:/home/user/.m2/repository/org/apache/hadoop/hadoop-hdds-common/0.5.0-SNAPSHOT/hadoop-hdds-common-0.5.0-SNAPSHOT.jar:/home/user/.m2/repository/javax/annotation/javax.annotation-api/1.2/javax.annotation-api-1.2.jar:/home/user/.m2/repository/org/apache/ratis/ratis-server/0.4.0-2337318-SNAPSHOT/ratis-server-0.4.0-2337318-SNAPSHOT.jar:/home/user/.m2/repository/org/apache/ratis/ratis-thirdparty-misc/0.2.0/ratis-thirdparty-misc-0.2.0.jar:/home/user/.m2/repository/org/apache/ratis/ratis-proto/0.4.0-2337318-SNAPSHOT/ratis-proto-0.4.0-2337318-SNAPSHOT.jar:/home/user/.m2/repository/org/apache/ratis/ratis-common/0.4.0-2337318-SNAPSHOT/ratis-common-0.4.0-2337318-SNAPSHOT.jar:/home/user/.m2/repository/org/apache/ratis/ratis-client/0.4.0-2337318-SNAPSHOT/ratis-client-0.4.0-2337318-SNAPSHOT.jar:/home/user/.m2/repository/org/apache/ratis/ratis-metrics/0.4.0-2337318-SNAPSHOT/ratis-metrics-0.4.0-2337318-SNAPSHOT.jar:/home/user/.m2/repository/org/apache/ratis/ratis-netty/0.4.0-2337318-SNAPSHOT/ratis-netty-0.4.0-2337318-SNAPSHOT.jar:/home/user/.m2/repository/org/apache/ratis/ratis-grpc/0.4.0-2337318-SNAPSHOT/ratis-grpc-0.4.0-2337318-SNAPSHOT.jar:/home/user/.m2/repository/org/rocksdb/rocksdbjni/6.0.1/rocksdbjni-6.0.1.jar:/home/user/.m2/repository/org/apache/logging/log4j/log4j-api/2.11.0/log4j-api-2.11.0.jar:/home/user/.m2/repository/org/apache/logging/log4j/log4j-core/2.11.0/log4j-core-2.11.0.jar:/home/user/.m2/repository/com/lmax/disruptor/3.4.2/disruptor-3.4.2.jar:/home/user/.m2/repository/org/apache/commons/commons-pool2/2.6.0/commons-pool2-2.6.0.jar:/home/user/.m2/repository/org/bouncycastle/bcpkix-jdk15on/1.60/bcpkix-jdk15on-1.60.jar:/home/user/.m2/repository/commons-validator/commons-validator/1.6/commons-validator-1.6.jar:/home/user/.m2/repository/commons-digester/commons-digester/1.8.1/commons-digester-1.8.1.jar:/home/user/.m2/repository/io/jaegertracing/jaeger-client/0.33.1/jaeger-client-0.33.1.jar:/home/user/.m2/repository/io/jaegertracing/jaeger-thrift/0.33.1/jaeger-thrift-0.33.1.jar:/home/user/.m2/repository/org/apache/thrift/libthrift/0.11.0/libthrift-0.11.0.jar:/home/user/.m2/repository/com/squareup/okhttp3/okhttp/3.9.0/okhttp-3.9.0.jar:/home/user/.m2/repository/com/squareup/okio/okio/1.13.0/okio-1.13.0.jar:/home/user/.m2/repository/io/jaegertracing/jaeger-core/0.33.1/jaeger-core-0.33.1.jar:/home/user/.m2/repository/io/jaegertracing/jaeger-tracerresolver/0.33.1/jaeger-tracerresolver-0.33.1.jar:/home/user/.m2/repository/io/opentracing/contrib/opentracing-tracerresolver/0.1.5/opentracing-tracerresolver-0.1.5.jar:/home/user/.m2/repository/io/opentracing/opentracing-util/0.31.0/opentracing-util-0.31.0.jar:/home/user/.m2/repository/io/opentracing/opentracing-api/0.31.0/opentracing-api-0.31.0.jar:/home/user/.m2/repository/io/opentracing/opentracing-noop/0.31.0/opentracing-noop-0.31.0.jar:/home/user/.m2/repository/org/apache/hadoop/hadoop-hdds-server-framework/0.5.0-SNAPSHOT/hadoop-hdds-server-framework-0.5.0-SNAPSHOT.jar:/home/user/.m2/repository/org/apache/hadoop/hadoop-hdds-container-service/0.5.0-SNAPSHOT/hadoop-hdds-container-service-0.5.0-SNAPSHOT.jar:/home/user/.m2/repository/org/apache/hadoop/hadoop-hdds-client/0.5.0-SNAPSHOT/hadoop-hdds-client-0.5.0-SNAPSHOT.jar:/home/user/.m2/repository/org/apache/hadoop/hadoop-hdds-tools/0.5.0-SNAPSHOT/hadoop-hdds-tools-0.5.0-SNAPSHOT.jar:/home/user/.m2/repository/org/apache/hadoop/hadoop-hdds-server-scm/0.5.0-SNAPSHOT/hadoop-hdds-server-scm-0.5.0-SNAPSHOT.jar:/home/user/.m2/repository/org/apache/hadoop/hadoop-hdds-docs/0.5.0-SNAPSHOT/hadoop-hdds-docs-0.5.0-SNAPSHOT.jar:/home/user/.m2/repository/io/dropwizard/metrics/metrics-core/3.2.4/metrics-core-3.2.4.jar:/home/user/.m2/repository/org/hamcrest/hamcrest-all/1.3/hamcrest-all-1.3.jar:/home/user/.m2/repository/org/bouncycastle/bcprov-jdk15on/1.60/bcprov-jdk15on-1.60.jar:/home/user/.m2/repository/info/picocli/picocli/3.9.6/picocli-3.9.6.jar:/home/user/.m2/repository/com/google/protobuf/protobuf-java/2.5.0/protobuf-java-2.5.0.jar:/home/user/.m2/repository/com/google/guava/guava/11.0.2/guava-11.0.2.jar:/home/user/.m2/repository/org/apache/hadoop/hadoop-ozone-ozone-manager/0.5.0-SNAPSHOT/hadoop-ozone-ozone-manager-0.5.0-SNAPSHOT.jar:/home/user/.m2/repository/org/apache/hadoop/hadoop-minikdc/3.2.0/hadoop-minikdc-3.2.0.jar:/home/user/.m2/repository/commons-io/commons-io/2.5/commons-io-2.5.jar:/home/user/.m2/repository/org/apache/kerby/kerb-simplekdc/1.0.1/kerb-simplekdc-1.0.1.jar:/home/user/.m2/repository/org/apache/kerby/kerb-client/1.0.1/kerb-client-1.0.1.jar:/home/user/.m2/repository/org/apache/kerby/kerby-config/1.0.1/kerby-config-1.0.1.jar:/home/user/.m2/repository/org/apache/kerby/kerb-core/1.0.1/kerb-core-1.0.1.jar:/home/user/.m2/repository/org/apache/kerby/kerby-pkix/1.0.1/kerby-pkix-1.0.1.jar:/home/user/.m2/repository/org/apache/kerby/kerby-asn1/1.0.1/kerby-asn1-1.0.1.jar:/home/user/.m2/repository/org/apache/kerby/kerby-util/1.0.1/kerby-util-1.0.1.jar:/home/user/.m2/repository/org/apache/kerby/kerb-common/1.0.1/kerb-common-1.0.1.jar:/home/user/.m2/repository/org/apache/kerby/kerb-crypto/1.0.1/kerb-crypto-1.0.1.jar:/home/user/.m2/repository/org/apache/kerby/kerb-util/1.0.1/kerb-util-1.0.1.jar:/home/user/.m2/repository/org/apache/kerby/token-provider/1.0.1/token-provider-1.0.1.jar:/home/user/.m2/repository/org/apache/kerby/kerb-admin/1.0.1/kerb-admin-1.0.1.jar:/home/user/.m2/repository/org/apache/kerby/kerb-server/1.0.1/kerb-server-1.0.1.jar:/home/user/.m2/repository/org/apache/kerby/kerb-identity/1.0.1/kerb-identity-1.0.1.jar:/home/user/.m2/repository/org/apache/kerby/kerby-xdr/1.0.1/kerby-xdr-1.0.1.jar:/home/user/.m2/repository/org/slf4j/slf4j-log4j12/1.7.25/slf4j-log4j12-1.7.25.jar:/home/user/.m2/repository/org/apache/hadoop/hadoop-ozone-objectstore-service/0.5.0-SNAPSHOT/hadoop-ozone-objectstore-service-0.5.0-SNAPSHOT.jar:/home/user/.m2/repository/org/apache/hadoop/hadoop-ozone-s3gateway/0.5.0-SNAPSHOT/hadoop-ozone-s3gateway-0.5.0-SNAPSHOT.jar:/home/user/.m2/repository/org/jboss/weld/servlet/weld-servlet/2.4.7.Final/weld-servlet-2.4.7.Final.jar:/home/user/.m2/repository/org/glassfish/jersey/containers/jersey-container-servlet-core/2.27/jersey-container-servlet-core-2.27.jar:/home/user/.m2/repository/org/glassfish/hk2/external/javax.inject/2.5.0-b42/javax.inject-2.5.0-b42.jar:/home/user/.m2/repository/org/glassfish/jersey/core/jersey-common/2.27/jersey-common-2.27.jar:/home/user/.m2/repository/org/glassfish/hk2/osgi-resource-locator/1.0.1/osgi-resource-locator-1.0.1.jar:/home/user/.m2/repository/javax/ws/rs/javax.ws.rs-api/2.1/javax.ws.rs-api-2.1.jar:/home/user/.m2/repository/org/glassfish/jersey/ext/cdi/jersey-cdi1x/2.27/jersey-cdi1x-2.27.jar:/home/user/.m2/repository/org/glassfish/jersey/inject/jersey-hk2/2.27/jersey-hk2-2.27.jar:/home/user/.m2/repository/org/glassfish/hk2/hk2-locator/2.5.0-b42/hk2-locator-2.5.0-b42.jar:/home/user/.m2/repository/org/javassist/javassist/3.22.0-CR2/javassist-3.22.0-CR2.jar:/home/user/.m2/repository/org/glassfish/hk2/hk2-api/2.5.0/hk2-api-2.5.0.jar:/home/user/.m2/repository/org/glassfish/hk2/external/jakarta.inject/2.5.0/jakarta.inject-2.5.0.jar:/home/user/.m2/repository/org/glassfish/hk2/hk2-utils/2.5.0/hk2-utils-2.5.0.jar:/home/user/.m2/repository/jakarta/annotation/jakarta.annotation-api/1.3.4/jakarta.annotation-api-1.3.4.jar:/home/user/.m2/repository/org/glassfish/hk2/external/aopalliance-repackaged/2.5.0/aopalliance-repackaged-2.5.0.jar:/home/user/.m2/repository/com/fasterxml/jackson/dataformat/jackson-dataformat-xml/2.9.0/jackson-dataformat-xml-2.9.0.jar:/home/user/.m2/repository/com/fasterxml/jackson/core/jackson-core/2.9.5/jackson-core-2.9.5.jar:/home/user/.m2/repository/com/fasterxml/jackson/module/jackson-module-jaxb-annotations/2.9.5/jackson-module-jaxb-annotations-2.9.5.jar:/home/user/.m2/repository/javax/enterprise/cdi-api/1.2/cdi-api-1.2.jar:/home/user/.m2/repository/javax/el/javax.el-api/3.0.0/javax.el-api-3.0.0.jar:/home/user/.m2/repository/javax/interceptor/javax.interceptor-api/1.2/javax.interceptor-api-1.2.jar:/home/user/.m2/repository/javax/inject/javax.inject/1/javax.inject-1.jar:/home/user/.m2/repository/com/sun/xml/bind/jaxb-impl/2.3.0.1/jaxb-impl-2.3.0.1.jar:/home/user/.m2/repository/com/sun/xml/bind/jaxb-core/2.3.0.1/jaxb-core-2.3.0.1.jar:/home/user/.m2/repository/javax/xml/bind/jaxb-api/2.3.0/jaxb-api-2.3.0.jar:/home/user/.m2/repository/javax/activation/activation/1.1.1/activation-1.1.1.jar:/home/user/.m2/repository/org/apache/hadoop/hadoop-ozone-csi/0.5.0-SNAPSHOT/hadoop-ozone-csi-0.5.0-SNAPSHOT.jar:/home/user/.m2/repository/com/google/protobuf/protobuf-java-util/3.5.1/protobuf-java-util-3.5.1.jar:/home/user/.m2/repository/org/apache/hadoop/hadoop-hdds-config/0.5.0-SNAPSHOT/hadoop-hdds-config-0.5.0-SNAPSHOT.jar:/home/user/.m2/repository/io/grpc/grpc-netty/1.17.1/grpc-netty-1.17.1.jar:/home/user/.m2/repository/io/grpc/grpc-core/1.17.1/grpc-core-1.17.1.jar:/home/user/.m2/repository/io/grpc/grpc-context/1.17.1/grpc-context-1.17.1.jar:/home/user/.m2/repository/com/google/errorprone/error_prone_annotations/2.2.0/error_prone_annotations-2.2.0.jar:/home/user/.m2/repository/org/codehaus/mojo/animal-sniffer-annotations/1.17/animal-sniffer-annotations-1.17.jar:/home/user/.m2/repository/io/opencensus/opencensus-api/0.17.0/opencensus-api-0.17.0.jar:/home/user/.m2/repository/io/opencensus/opencensus-contrib-grpc-metrics/0.17.0/opencensus-contrib-grpc-metrics-0.17.0.jar:/home/user/.m2/repository/io/netty/netty-codec-http2/4.1.30.Final/netty-codec-http2-4.1.30.Final.jar:/home/user/.m2/repository/io/netty/netty-codec-http/4.1.30.Final/netty-codec-http-4.1.30.Final.jar:/home/user/.m2/repository/io/netty/netty-codec/4.1.30.Final/netty-codec-4.1.30.Final.jar:/home/user/.m2/repository/io/netty/netty-handler/4.1.30.Final/netty-handler-4.1.30.Final.jar:/home/user/.m2/repository/io/netty/netty-handler-proxy/4.1.30.Final/netty-handler-proxy-4.1.30.Final.jar:/home/user/.m2/repository/io/netty/netty-codec-socks/4.1.30.Final/netty-codec-socks-4.1.30.Final.jar:/home/user/.m2/repository/io/netty/netty-transport-native-epoll/4.1.30.Final/netty-transport-native-epoll-4.1.30.Final.jar:/home/user/.m2/repository/io/netty/netty-common/4.1.30.Final/netty-common-4.1.30.Final.jar:/home/user/.m2/repository/io/netty/netty-buffer/4.1.30.Final/netty-buffer-4.1.30.Final.jar:/home/user/.m2/repository/io/netty/netty-transport/4.1.30.Final/netty-transport-4.1.30.Final.jar:/home/user/.m2/repository/io/netty/netty-resolver/4.1.30.Final/netty-resolver-4.1.30.Final.jar:/home/user/.m2/repository/io/netty/netty-transport-native-unix-common/4.1.30.Final/netty-transport-native-unix-common-4.1.30.Final.jar:/home/user/.m2/repository/io/grpc/grpc-protobuf/1.17.1/grpc-protobuf-1.17.1.jar:/home/user/.m2/repository/com/google/api/grpc/proto-google-common-protos/1.0.0/proto-google-common-protos-1.0.0.jar:/home/user/.m2/repository/io/grpc/grpc-protobuf-lite/1.17.1/grpc-protobuf-lite-1.17.1.jar:/home/user/.m2/repository/io/grpc/grpc-stub/1.17.1/grpc-stub-1.17.1.jar:/home/user/.m2/repository/org/apache/hadoop/hadoop-ozone-recon/0.5.0-SNAPSHOT/hadoop-ozone-recon-0.5.0-SNAPSHOT.jar:/home/user/.m2/repository/org/apache/hadoop/hadoop-ozone-reconcodegen/0.5.0-SNAPSHOT/hadoop-ozone-reconcodegen-0.5.0-SNAPSHOT.jar:/home/user/.m2/repository/com/google/inject/extensions/guice-multibindings/4.0/guice-multibindings-4.0.jar:/home/user/.m2/repository/com/google/inject/guice/4.0/guice-4.0.jar:/home/user/.m2/repository/aopalliance/aopalliance/1.0/aopalliance-1.0.jar:/home/user/.m2/repository/com/google/inject/extensions/guice-servlet/4.0/guice-servlet-4.0.jar:/home/user/.m2/repository/org/glassfish/jersey/containers/jersey-container-servlet/2.27/jersey-container-servlet-2.27.jar:/home/user/.m2/repository/org/glassfish/hk2/guice-bridge/2.5.0/guice-bridge-2.5.0.jar:/home/user/.m2/repository/org/glassfish/jersey/core/jersey-server/2.27/jersey-server-2.27.jar:/home/user/.m2/repository/org/glassfish/jersey/core/jersey-client/2.27/jersey-client-2.27.jar:/home/user/.m2/repository/org/glassfish/jersey/media/jersey-media-jaxb/2.27/jersey-media-jaxb-2.27.jar:/home/user/.m2/repository/javax/validation/validation-api/1.1.0.Final/validation-api-1.1.0.Final.jar:/home/user/.m2/repository/org/glassfish/jersey/media/jersey-media-json-jackson/2.27/jersey-media-json-jackson-2.27.jar:/home/user/.m2/repository/org/glassfish/jersey/ext/jersey-entity-filtering/2.27/jersey-entity-filtering-2.27.jar:/home/user/.m2/repository/com/google/inject/extensions/guice-assistedinject/4.0/guice-assistedinject-4.0.jar:/home/user/.m2/repository/org/jooq/jooq/3.11.10/jooq-3.11.10.jar:/home/user/.m2/repository/org/jooq/jooq-meta/3.11.10/jooq-meta-3.11.10.jar:/home/user/.m2/repository/org/jooq/jooq-codegen/3.11.10/jooq-codegen-3.11.10.jar:/home/user/.m2/repository/com/jolbox/bonecp/0.8.0.RELEASE/bonecp-0.8.0.RELEASE.jar:/home/user/.m2/repository/org/xerial/sqlite-jdbc/3.25.2/sqlite-jdbc-3.25.2.jar:/home/user/.m2/repository/org/springframework/spring-jdbc/5.1.3.RELEASE/spring-jdbc-5.1.3.RELEASE.jar:/home/user/.m2/repository/org/springframework/spring-beans/5.1.3.RELEASE/spring-beans-5.1.3.RELEASE.jar:/home/user/.m2/repository/org/springframework/spring-core/5.1.3.RELEASE/spring-core-5.1.3.RELEASE.jar:/home/user/.m2/repository/org/springframework/spring-jcl/5.1.3.RELEASE/spring-jcl-5.1.3.RELEASE.jar:/home/user/.m2/repository/org/springframework/spring-tx/5.1.3.RELEASE/spring-tx-5.1.3.RELEASE.jar:/home/user/.m2/repository/org/apache/hadoop/hadoop-ozone-client/0.5.0-SNAPSHOT/hadoop-ozone-client-0.5.0-SNAPSHOT.jar:/home/user/.m2/repository/commons-lang/commons-lang/2.6/commons-lang-2.6.jar:/home/user/.m2/repository/org/apache/hadoop/hadoop-ozone-ozone-manager/0.5.0-SNAPSHOT/hadoop-ozone-ozone-manager-0.5.0-SNAPSHOT-tests.jar:/home/user/.m2/repository/junit/junit/4.11/junit-4.11.jar:/home/user/.m2/repository/org/hamcrest/hamcrest-core/1.3/hamcrest-core-1.3.jar:/home/user/.m2/repository/org/openjdk/jmh/jmh-core/1.19/jmh-core-1.19.jar:/home/user/.m2/repository/net/sf/jopt-simple/jopt-simple/4.6/jopt-simple-4.6.jar:/home/user/.m2/repository/org/apache/commons/commons-math3/3.1.1/commons-math3-3.1.1.jar:/home/user/.m2/repository/org/openjdk/jmh/jmh-generator-annprocess/1.19/jmh-generator-annprocess-1.19.jar:/home/user/.m2/repository/org/mockito/mockito-all/1.8.5/mockito-all-1.8.5.jar:/home/user/.m2/repository/org/apache/hadoop/hadoop-kms/3.2.0/hadoop-kms-3.2.0.jar:/home/user/.m2/repository/org/apache/hadoop/hadoop-auth/3.2.0/hadoop-auth-3.2.0.jar:/home/user/.m2/repository/com/nimbusds/nimbus-jose-jwt/4.41.1/nimbus-jose-jwt-4.41.1.jar:/home/user/.m2/repository/com/github/stephenc/jcip/jcip-annotations/1.0-1/jcip-annotations-1.0-1.jar:/home/user/.m2/repository/net/minidev/json-smart/2.3/json-smart-2.3.jar:/home/user/.m2/repository/net/minidev/accessors-smart/1.2/accessors-smart-1.2.jar:/home/user/.m2/repository/org/ow2/asm/asm/5.0.4/asm-5.0.4.jar:/home/user/.m2/repository/org/apache/curator/curator-framework/2.12.0/curator-framework-2.12.0.jar:/home/user/.m2/repository/com/sun/jersey/jersey-core/1.19/jersey-core-1.19.jar:/home/user/.m2/repository/javax/ws/rs/jsr311-api/1.1.1/jsr311-api-1.1.1.jar:/home/user/.m2/repository/com/sun/jersey/jersey-server/1.19/jersey-server-1.19.jar:/home/user/.m2/repository/javax/servlet/javax.servlet-api/3.1.0/javax.servlet-api-3.1.0.jar:/home/user/.m2/repository/org/eclipse/jetty/jetty-server/9.3.24.v20180605/jetty-server-9.3.24.v20180605.jar:/home/user/.m2/repository/org/eclipse/jetty/jetty-http/9.3.24.v20180605/jetty-http-9.3.24.v20180605.jar:/home/user/.m2/repository/org/eclipse/jetty/jetty-io/9.3.24.v20180605/jetty-io-9.3.24.v20180605.jar:/home/user/.m2/repository/org/eclipse/jetty/jetty-webapp/9.3.24.v20180605/jetty-webapp-9.3.24.v20180605.jar:/home/user/.m2/repository/org/eclipse/jetty/jetty-xml/9.3.24.v20180605/jetty-xml-9.3.24.v20180605.jar:/home/user/.m2/repository/log4j/log4j/1.2.17/log4j-1.2.17.jar:/home/user/.m2/repository/org/slf4j/slf4j-api/1.7.25/slf4j-api-1.7.25.jar:/home/user/.m2/repository/org/slf4j/jul-to-slf4j/1.7.25/jul-to-slf4j-1.7.25.jar:/home/user/.m2/repository/org/eclipse/jetty/jetty-util/9.3.24.v20180605/jetty-util-9.3.24.v20180605.jar:/home/user/.m2/repository/com/fasterxml/jackson/core/jackson-databind/2.9.5/jackson-databind-2.9.5.jar:/home/user/.m2/repository/org/apache/hadoop/hadoop-kms/3.2.0/hadoop-kms-3.2.0-tests.jar:/home/user/.m2/repository/org/apache/hadoop/hadoop-hdds-server-scm/0.5.0-SNAPSHOT/hadoop-hdds-server-scm-0.5.0-SNAPSHOT-tests.jar:/home/user/.m2/repository/org/apache/hadoop/hadoop-hdds-container-service/0.5.0-SNAPSHOT/hadoop-hdds-container-service-0.5.0-SNAPSHOT-tests.jar:/home/user/.m2/repository/org/yaml/snakeyaml/1.16/snakeyaml-1.16.jar:/home/user/.m2/repository/org/apache/hadoop/hadoop-common/3.2.0/hadoop-common-3.2.0-tests.jar:/home/user/.m2/repository/org/apache/hadoop/hadoop-annotations/3.2.0/hadoop-annotations-3.2.0.jar:/usr/lib/jvm/java-1.8-openjdk/jre/../lib/tools.jar:/home/user/.m2/repository/commons-cli/commons-cli/1.2/commons-cli-1.2.jar:/home/user/.m2/repository/org/apache/httpcomponents/httpclient/4.5.2/httpclient-4.5.2.jar:/home/user/.m2/repository/org/apache/httpcomponents/httpcore/4.4.4/httpcore-4.4.4.jar:/home/user/.m2/repository/commons-codec/commons-codec/1.11/commons-codec-1.11.jar:/home/user/.m2/repository/commons-net/commons-net/3.6/commons-net-3.6.jar:/home/user/.m2/repository/commons-collections/commons-collections/3.2.2/commons-collections-3.2.2.jar:/home/user/.m2/repository/org/eclipse/jetty/jetty-servlet/9.3.24.v20180605/jetty-servlet-9.3.24.v20180605.jar:/home/user/.m2/repository/org/eclipse/jetty/jetty-security/9.3.24.v20180605/jetty-security-9.3.24.v20180605.jar:/home/user/.m2/repository/javax/servlet/jsp/jsp-api/2.1/jsp-api-2.1.jar:/home/user/.m2/repository/com/sun/jersey/jersey-servlet/1.19/jersey-servlet-1.19.jar:/home/user/.m2/repository/com/sun/jersey/jersey-json/1.19/jersey-json-1.19.jar:/home/user/.m2/repository/org/codehaus/jettison/jettison/1.1/jettison-1.1.jar:/home/user/.m2/repository/org/codehaus/jackson/jackson-core-asl/1.9.13/jackson-core-asl-1.9.13.jar:/home/user/.m2/repository/org/codehaus/jackson/jackson-mapper-asl/1.9.13/jackson-mapper-asl-1.9.13.jar:/home/user/.m2/repository/org/codehaus/jackson/jackson-jaxrs/1.9.13/jackson-jaxrs-1.9.13.jar:/home/user/.m2/repository/org/codehaus/jackson/jackson-xc/1.9.13/jackson-xc-1.9.13.jar:/home/user/.m2/repository/commons-logging/commons-logging/1.1.3/commons-logging-1.1.3.jar:/home/user/.m2/repository/commons-beanutils/commons-beanutils/1.9.3/commons-beanutils-1.9.3.jar:/home/user/.m2/repository/org/apache/commons/commons-configuration2/2.1.1/commons-configuration2-2.1.1.jar:/home/user/.m2/repository/org/apache/commons/commons-lang3/3.7/commons-lang3-3.7.jar:/home/user/.m2/repository/org/apache/commons/commons-text/1.4/commons-text-1.4.jar:/home/user/.m2/repository/org/apache/avro/avro/1.7.7/avro-1.7.7.jar:/home/user/.m2/repository/com/thoughtworks/paranamer/paranamer/2.3/paranamer-2.3.jar:/home/user/.m2/repository/org/xerial/snappy/snappy-java/1.0.5/snappy-java-1.0.5.jar:/home/user/.m2/repository/com/google/re2j/re2j/1.1/re2j-1.1.jar:/home/user/.m2/repository/com/google/code/gson/gson/2.2.4/gson-2.2.4.jar:/home/user/.m2/repository/com/jcraft/jsch/0.1.54/jsch-0.1.54.jar:/home/user/.m2/repository/org/apache/curator/curator-client/2.12.0/curator-client-2.12.0.jar:/home/user/.m2/repository/org/apache/curator/curator-recipes/2.12.0/curator-recipes-2.12.0.jar:/home/user/.m2/repository/com/google/code/findbugs/jsr305/3.0.0/jsr305-3.0.0.jar:/home/user/.m2/repository/org/apache/htrace/htrace-core4/4.1.0-incubating/htrace-core4-4.1.0-incubating.jar:/home/user/.m2/repository/org/apache/zookeeper/zookeeper/3.4.13/zookeeper-3.4.13.jar:/home/user/.m2/repository/org/apache/yetus/audience-annotations/0.5.0/audience-annotations-0.5.0.jar:/home/user/.m2/repository/org/codehaus/woodstox/stax2-api/3.1.4/stax2-api-3.1.4.jar:/home/user/.m2/repository/com/fasterxml/woodstox/woodstox-core/5.0.3/woodstox-core-5.0.3.jar:/home/user/.m2/repository/dnsjava/dnsjava/2.1.7/dnsjava-2.1.7.jar:/home/user/.m2/repository/org/apache/hadoop/hadoop-hdfs/3.2.0/hadoop-hdfs-3.2.0-tests.jar:/home/user/.m2/repository/org/eclipse/jetty/jetty-util-ajax/9.3.24.v20180605/jetty-util-ajax-9.3.24.v20180605.jar:/home/user/.m2/repository/commons-daemon/commons-daemon/1.0.13/commons-daemon-1.0.13.jar:/home/user/.m2/repository/io/netty/netty/3.10.5.Final/netty-3.10.5.Final.jar:/home/user/.m2/repository/io/netty/netty-all/4.0.52.Final/netty-all-4.0.52.Final.jar:/home/user/.m2/repository/org/fusesource/leveldbjni/leveldbjni-all/1.8/leveldbjni-all-1.8.jar:"/>
    <property name="java.vm.vendor" value="IcedTea"/>
    <property name="sun.arch.data.model" value="64"/>
    <property name="test.build.dir" value="/workdir/hadoop-ozone/integration-test/target/test-dir"/>
    <property name="test.cache.data" value=""/>
    <property name="java.vendor.url" value="https://icedtea.classpath.org"/>
    <property name="user.timezone" value=""/>
    <property name="java.vm.specification.version" value="1.8"/>
    <property name="os.name" value="Linux"/>
    <property name="test.build.data" value="/workdir/hadoop-ozone/integration-test/target/test-dir"/>
    <property name="user.country" value="US"/>
    <property name="sun.java.launcher" value="SUN_STANDARD"/>
    <property name="sun.boot.library.path" value="/usr/lib/jvm/java-1.8-openjdk/jre/lib/amd64"/>
    <property name="sun.java.command" value="/workdir/hadoop-ozone/integration-test/target/surefire/surefirebooter1857146577654467060.jar /workdir/hadoop-ozone/integration-test/target/surefire 2019-08-20T14-25-26_043-jvmRun1 surefire7888084041938893427tmp surefire_244281049279339381725tmp"/>
    <property name="surefire.test.class.path" value="/workdir/hadoop-ozone/integration-test/target/test-classes:/workdir/hadoop-ozone/integration-test/target/classes:/home/user/.m2/repository/org/apache/hadoop/hadoop-ozone-common/0.5.0-SNAPSHOT/hadoop-ozone-common-0.5.0-SNAPSHOT.jar:/home/user/.m2/repository/org/apache/commons/commons-compress/1.4.1/commons-compress-1.4.1.jar:/home/user/.m2/repository/org/tukaani/xz/1.0/xz-1.0.jar:/home/user/.m2/repository/org/apache/hadoop/hadoop-common/3.2.0/hadoop-common-3.2.0.jar:/home/user/.m2/repository/org/apache/hadoop/hadoop-hdfs/3.2.0/hadoop-hdfs-3.2.0.jar:/home/user/.m2/repository/org/apache/hadoop/hadoop-hdfs-client/3.2.0/hadoop-hdfs-client-3.2.0.jar:/home/user/.m2/repository/com/fasterxml/jackson/core/jackson-annotations/2.9.5/jackson-annotations-2.9.5.jar:/home/user/.m2/repository/org/apache/hadoop/hadoop-hdds-common/0.5.0-SNAPSHOT/hadoop-hdds-common-0.5.0-SNAPSHOT.jar:/home/user/.m2/repository/javax/annotation/javax.annotation-api/1.2/javax.annotation-api-1.2.jar:/home/user/.m2/repository/org/apache/ratis/ratis-server/0.4.0-2337318-SNAPSHOT/ratis-server-0.4.0-2337318-SNAPSHOT.jar:/home/user/.m2/repository/org/apache/ratis/ratis-thirdparty-misc/0.2.0/ratis-thirdparty-misc-0.2.0.jar:/home/user/.m2/repository/org/apache/ratis/ratis-proto/0.4.0-2337318-SNAPSHOT/ratis-proto-0.4.0-2337318-SNAPSHOT.jar:/home/user/.m2/repository/org/apache/ratis/ratis-common/0.4.0-2337318-SNAPSHOT/ratis-common-0.4.0-2337318-SNAPSHOT.jar:/home/user/.m2/repository/org/apache/ratis/ratis-client/0.4.0-2337318-SNAPSHOT/ratis-client-0.4.0-2337318-SNAPSHOT.jar:/home/user/.m2/repository/org/apache/ratis/ratis-metrics/0.4.0-2337318-SNAPSHOT/ratis-metrics-0.4.0-2337318-SNAPSHOT.jar:/home/user/.m2/repository/org/apache/ratis/ratis-netty/0.4.0-2337318-SNAPSHOT/ratis-netty-0.4.0-2337318-SNAPSHOT.jar:/home/user/.m2/repository/org/apache/ratis/ratis-grpc/0.4.0-2337318-SNAPSHOT/ratis-grpc-0.4.0-2337318-SNAPSHOT.jar:/home/user/.m2/repository/org/rocksdb/rocksdbjni/6.0.1/rocksdbjni-6.0.1.jar:/home/user/.m2/repository/org/apache/logging/log4j/log4j-api/2.11.0/log4j-api-2.11.0.jar:/home/user/.m2/repository/org/apache/logging/log4j/log4j-core/2.11.0/log4j-core-2.11.0.jar:/home/user/.m2/repository/com/lmax/disruptor/3.4.2/disruptor-3.4.2.jar:/home/user/.m2/repository/org/apache/commons/commons-pool2/2.6.0/commons-pool2-2.6.0.jar:/home/user/.m2/repository/org/bouncycastle/bcpkix-jdk15on/1.60/bcpkix-jdk15on-1.60.jar:/home/user/.m2/repository/commons-validator/commons-validator/1.6/commons-validator-1.6.jar:/home/user/.m2/repository/commons-digester/commons-digester/1.8.1/commons-digester-1.8.1.jar:/home/user/.m2/repository/io/jaegertracing/jaeger-client/0.33.1/jaeger-client-0.33.1.jar:/home/user/.m2/repository/io/jaegertracing/jaeger-thrift/0.33.1/jaeger-thrift-0.33.1.jar:/home/user/.m2/repository/org/apache/thrift/libthrift/0.11.0/libthrift-0.11.0.jar:/home/user/.m2/repository/com/squareup/okhttp3/okhttp/3.9.0/okhttp-3.9.0.jar:/home/user/.m2/repository/com/squareup/okio/okio/1.13.0/okio-1.13.0.jar:/home/user/.m2/repository/io/jaegertracing/jaeger-core/0.33.1/jaeger-core-0.33.1.jar:/home/user/.m2/repository/io/jaegertracing/jaeger-tracerresolver/0.33.1/jaeger-tracerresolver-0.33.1.jar:/home/user/.m2/repository/io/opentracing/contrib/opentracing-tracerresolver/0.1.5/opentracing-tracerresolver-0.1.5.jar:/home/user/.m2/repository/io/opentracing/opentracing-util/0.31.0/opentracing-util-0.31.0.jar:/home/user/.m2/repository/io/opentracing/opentracing-api/0.31.0/opentracing-api-0.31.0.jar:/home/user/.m2/repository/io/opentracing/opentracing-noop/0.31.0/opentracing-noop-0.31.0.jar:/home/user/.m2/repository/org/apache/hadoop/hadoop-hdds-server-framework/0.5.0-SNAPSHOT/hadoop-hdds-server-framework-0.5.0-SNAPSHOT.jar:/home/user/.m2/repository/org/apache/hadoop/hadoop-hdds-container-service/0.5.0-SNAPSHOT/hadoop-hdds-container-service-0.5.0-SNAPSHOT.jar:/home/user/.m2/repository/org/apache/hadoop/hadoop-hdds-client/0.5.0-SNAPSHOT/hadoop-hdds-client-0.5.0-SNAPSHOT.jar:/home/user/.m2/repository/org/apache/hadoop/hadoop-hdds-tools/0.5.0-SNAPSHOT/hadoop-hdds-tools-0.5.0-SNAPSHOT.jar:/home/user/.m2/repository/org/apache/hadoop/hadoop-hdds-server-scm/0.5.0-SNAPSHOT/hadoop-hdds-server-scm-0.5.0-SNAPSHOT.jar:/home/user/.m2/repository/org/apache/hadoop/hadoop-hdds-docs/0.5.0-SNAPSHOT/hadoop-hdds-docs-0.5.0-SNAPSHOT.jar:/home/user/.m2/repository/io/dropwizard/metrics/metrics-core/3.2.4/metrics-core-3.2.4.jar:/home/user/.m2/repository/org/hamcrest/hamcrest-all/1.3/hamcrest-all-1.3.jar:/home/user/.m2/repository/org/bouncycastle/bcprov-jdk15on/1.60/bcprov-jdk15on-1.60.jar:/home/user/.m2/repository/info/picocli/picocli/3.9.6/picocli-3.9.6.jar:/home/user/.m2/repository/com/google/protobuf/protobuf-java/2.5.0/protobuf-java-2.5.0.jar:/home/user/.m2/repository/com/google/guava/guava/11.0.2/guava-11.0.2.jar:/home/user/.m2/repository/org/apache/hadoop/hadoop-ozone-ozone-manager/0.5.0-SNAPSHOT/hadoop-ozone-ozone-manager-0.5.0-SNAPSHOT.jar:/home/user/.m2/repository/org/apache/hadoop/hadoop-minikdc/3.2.0/hadoop-minikdc-3.2.0.jar:/home/user/.m2/repository/commons-io/commons-io/2.5/commons-io-2.5.jar:/home/user/.m2/repository/org/apache/kerby/kerb-simplekdc/1.0.1/kerb-simplekdc-1.0.1.jar:/home/user/.m2/repository/org/apache/kerby/kerb-client/1.0.1/kerb-client-1.0.1.jar:/home/user/.m2/repository/org/apache/kerby/kerby-config/1.0.1/kerby-config-1.0.1.jar:/home/user/.m2/repository/org/apache/kerby/kerb-core/1.0.1/kerb-core-1.0.1.jar:/home/user/.m2/repository/org/apache/kerby/kerby-pkix/1.0.1/kerby-pkix-1.0.1.jar:/home/user/.m2/repository/org/apache/kerby/kerby-asn1/1.0.1/kerby-asn1-1.0.1.jar:/home/user/.m2/repository/org/apache/kerby/kerby-util/1.0.1/kerby-util-1.0.1.jar:/home/user/.m2/repository/org/apache/kerby/kerb-common/1.0.1/kerb-common-1.0.1.jar:/home/user/.m2/repository/org/apache/kerby/kerb-crypto/1.0.1/kerb-crypto-1.0.1.jar:/home/user/.m2/repository/org/apache/kerby/kerb-util/1.0.1/kerb-util-1.0.1.jar:/home/user/.m2/repository/org/apache/kerby/token-provider/1.0.1/token-provider-1.0.1.jar:/home/user/.m2/repository/org/apache/kerby/kerb-admin/1.0.1/kerb-admin-1.0.1.jar:/home/user/.m2/repository/org/apache/kerby/kerb-server/1.0.1/kerb-server-1.0.1.jar:/home/user/.m2/repository/org/apache/kerby/kerb-identity/1.0.1/kerb-identity-1.0.1.jar:/home/user/.m2/repository/org/apache/kerby/kerby-xdr/1.0.1/kerby-xdr-1.0.1.jar:/home/user/.m2/repository/org/slf4j/slf4j-log4j12/1.7.25/slf4j-log4j12-1.7.25.jar:/home/user/.m2/repository/org/apache/hadoop/hadoop-ozone-objectstore-service/0.5.0-SNAPSHOT/hadoop-ozone-objectstore-service-0.5.0-SNAPSHOT.jar:/home/user/.m2/repository/org/apache/hadoop/hadoop-ozone-s3gateway/0.5.0-SNAPSHOT/hadoop-ozone-s3gateway-0.5.0-SNAPSHOT.jar:/home/user/.m2/repository/org/jboss/weld/servlet/weld-servlet/2.4.7.Final/weld-servlet-2.4.7.Final.jar:/home/user/.m2/repository/org/glassfish/jersey/containers/jersey-container-servlet-core/2.27/jersey-container-servlet-core-2.27.jar:/home/user/.m2/repository/org/glassfish/hk2/external/javax.inject/2.5.0-b42/javax.inject-2.5.0-b42.jar:/home/user/.m2/repository/org/glassfish/jersey/core/jersey-common/2.27/jersey-common-2.27.jar:/home/user/.m2/repository/org/glassfish/hk2/osgi-resource-locator/1.0.1/osgi-resource-locator-1.0.1.jar:/home/user/.m2/repository/javax/ws/rs/javax.ws.rs-api/2.1/javax.ws.rs-api-2.1.jar:/home/user/.m2/repository/org/glassfish/jersey/ext/cdi/jersey-cdi1x/2.27/jersey-cdi1x-2.27.jar:/home/user/.m2/repository/org/glassfish/jersey/inject/jersey-hk2/2.27/jersey-hk2-2.27.jar:/home/user/.m2/repository/org/glassfish/hk2/hk2-locator/2.5.0-b42/hk2-locator-2.5.0-b42.jar:/home/user/.m2/repository/org/javassist/javassist/3.22.0-CR2/javassist-3.22.0-CR2.jar:/home/user/.m2/repository/org/glassfish/hk2/hk2-api/2.5.0/hk2-api-2.5.0.jar:/home/user/.m2/repository/org/glassfish/hk2/external/jakarta.inject/2.5.0/jakarta.inject-2.5.0.jar:/home/user/.m2/repository/org/glassfish/hk2/hk2-utils/2.5.0/hk2-utils-2.5.0.jar:/home/user/.m2/repository/jakarta/annotation/jakarta.annotation-api/1.3.4/jakarta.annotation-api-1.3.4.jar:/home/user/.m2/repository/org/glassfish/hk2/external/aopalliance-repackaged/2.5.0/aopalliance-repackaged-2.5.0.jar:/home/user/.m2/repository/com/fasterxml/jackson/dataformat/jackson-dataformat-xml/2.9.0/jackson-dataformat-xml-2.9.0.jar:/home/user/.m2/repository/com/fasterxml/jackson/core/jackson-core/2.9.5/jackson-core-2.9.5.jar:/home/user/.m2/repository/com/fasterxml/jackson/module/jackson-module-jaxb-annotations/2.9.5/jackson-module-jaxb-annotations-2.9.5.jar:/home/user/.m2/repository/javax/enterprise/cdi-api/1.2/cdi-api-1.2.jar:/home/user/.m2/repository/javax/el/javax.el-api/3.0.0/javax.el-api-3.0.0.jar:/home/user/.m2/repository/javax/interceptor/javax.interceptor-api/1.2/javax.interceptor-api-1.2.jar:/home/user/.m2/repository/javax/inject/javax.inject/1/javax.inject-1.jar:/home/user/.m2/repository/com/sun/xml/bind/jaxb-impl/2.3.0.1/jaxb-impl-2.3.0.1.jar:/home/user/.m2/repository/com/sun/xml/bind/jaxb-core/2.3.0.1/jaxb-core-2.3.0.1.jar:/home/user/.m2/repository/javax/xml/bind/jaxb-api/2.3.0/jaxb-api-2.3.0.jar:/home/user/.m2/repository/javax/activation/activation/1.1.1/activation-1.1.1.jar:/home/user/.m2/repository/org/apache/hadoop/hadoop-ozone-csi/0.5.0-SNAPSHOT/hadoop-ozone-csi-0.5.0-SNAPSHOT.jar:/home/user/.m2/repository/com/google/protobuf/protobuf-java-util/3.5.1/protobuf-java-util-3.5.1.jar:/home/user/.m2/repository/org/apache/hadoop/hadoop-hdds-config/0.5.0-SNAPSHOT/hadoop-hdds-config-0.5.0-SNAPSHOT.jar:/home/user/.m2/repository/io/grpc/grpc-netty/1.17.1/grpc-netty-1.17.1.jar:/home/user/.m2/repository/io/grpc/grpc-core/1.17.1/grpc-core-1.17.1.jar:/home/user/.m2/repository/io/grpc/grpc-context/1.17.1/grpc-context-1.17.1.jar:/home/user/.m2/repository/com/google/errorprone/error_prone_annotations/2.2.0/error_prone_annotations-2.2.0.jar:/home/user/.m2/repository/org/codehaus/mojo/animal-sniffer-annotations/1.17/animal-sniffer-annotations-1.17.jar:/home/user/.m2/repository/io/opencensus/opencensus-api/0.17.0/opencensus-api-0.17.0.jar:/home/user/.m2/repository/io/opencensus/opencensus-contrib-grpc-metrics/0.17.0/opencensus-contrib-grpc-metrics-0.17.0.jar:/home/user/.m2/repository/io/netty/netty-codec-http2/4.1.30.Final/netty-codec-http2-4.1.30.Final.jar:/home/user/.m2/repository/io/netty/netty-codec-http/4.1.30.Final/netty-codec-http-4.1.30.Final.jar:/home/user/.m2/repository/io/netty/netty-codec/4.1.30.Final/netty-codec-4.1.30.Final.jar:/home/user/.m2/repository/io/netty/netty-handler/4.1.30.Final/netty-handler-4.1.30.Final.jar:/home/user/.m2/repository/io/netty/netty-handler-proxy/4.1.30.Final/netty-handler-proxy-4.1.30.Final.jar:/home/user/.m2/repository/io/netty/netty-codec-socks/4.1.30.Final/netty-codec-socks-4.1.30.Final.jar:/home/user/.m2/repository/io/netty/netty-transport-native-epoll/4.1.30.Final/netty-transport-native-epoll-4.1.30.Final.jar:/home/user/.m2/repository/io/netty/netty-common/4.1.30.Final/netty-common-4.1.30.Final.jar:/home/user/.m2/repository/io/netty/netty-buffer/4.1.30.Final/netty-buffer-4.1.30.Final.jar:/home/user/.m2/repository/io/netty/netty-transport/4.1.30.Final/netty-transport-4.1.30.Final.jar:/home/user/.m2/repository/io/netty/netty-resolver/4.1.30.Final/netty-resolver-4.1.30.Final.jar:/home/user/.m2/repository/io/netty/netty-transport-native-unix-common/4.1.30.Final/netty-transport-native-unix-common-4.1.30.Final.jar:/home/user/.m2/repository/io/grpc/grpc-protobuf/1.17.1/grpc-protobuf-1.17.1.jar:/home/user/.m2/repository/com/google/api/grpc/proto-google-common-protos/1.0.0/proto-google-common-protos-1.0.0.jar:/home/user/.m2/repository/io/grpc/grpc-protobuf-lite/1.17.1/grpc-protobuf-lite-1.17.1.jar:/home/user/.m2/repository/io/grpc/grpc-stub/1.17.1/grpc-stub-1.17.1.jar:/home/user/.m2/repository/org/apache/hadoop/hadoop-ozone-recon/0.5.0-SNAPSHOT/hadoop-ozone-recon-0.5.0-SNAPSHOT.jar:/home/user/.m2/repository/org/apache/hadoop/hadoop-ozone-reconcodegen/0.5.0-SNAPSHOT/hadoop-ozone-reconcodegen-0.5.0-SNAPSHOT.jar:/home/user/.m2/repository/com/google/inject/extensions/guice-multibindings/4.0/guice-multibindings-4.0.jar:/home/user/.m2/repository/com/google/inject/guice/4.0/guice-4.0.jar:/home/user/.m2/repository/aopalliance/aopalliance/1.0/aopalliance-1.0.jar:/home/user/.m2/repository/com/google/inject/extensions/guice-servlet/4.0/guice-servlet-4.0.jar:/home/user/.m2/repository/org/glassfish/jersey/containers/jersey-container-servlet/2.27/jersey-container-servlet-2.27.jar:/home/user/.m2/repository/org/glassfish/hk2/guice-bridge/2.5.0/guice-bridge-2.5.0.jar:/home/user/.m2/repository/org/glassfish/jersey/core/jersey-server/2.27/jersey-server-2.27.jar:/home/user/.m2/repository/org/glassfish/jersey/core/jersey-client/2.27/jersey-client-2.27.jar:/home/user/.m2/repository/org/glassfish/jersey/media/jersey-media-jaxb/2.27/jersey-media-jaxb-2.27.jar:/home/user/.m2/repository/javax/validation/validation-api/1.1.0.Final/validation-api-1.1.0.Final.jar:/home/user/.m2/repository/org/glassfish/jersey/media/jersey-media-json-jackson/2.27/jersey-media-json-jackson-2.27.jar:/home/user/.m2/repository/org/glassfish/jersey/ext/jersey-entity-filtering/2.27/jersey-entity-filtering-2.27.jar:/home/user/.m2/repository/com/google/inject/extensions/guice-assistedinject/4.0/guice-assistedinject-4.0.jar:/home/user/.m2/repository/org/jooq/jooq/3.11.10/jooq-3.11.10.jar:/home/user/.m2/repository/org/jooq/jooq-meta/3.11.10/jooq-meta-3.11.10.jar:/home/user/.m2/repository/org/jooq/jooq-codegen/3.11.10/jooq-codegen-3.11.10.jar:/home/user/.m2/repository/com/jolbox/bonecp/0.8.0.RELEASE/bonecp-0.8.0.RELEASE.jar:/home/user/.m2/repository/org/xerial/sqlite-jdbc/3.25.2/sqlite-jdbc-3.25.2.jar:/home/user/.m2/repository/org/springframework/spring-jdbc/5.1.3.RELEASE/spring-jdbc-5.1.3.RELEASE.jar:/home/user/.m2/repository/org/springframework/spring-beans/5.1.3.RELEASE/spring-beans-5.1.3.RELEASE.jar:/home/user/.m2/repository/org/springframework/spring-core/5.1.3.RELEASE/spring-core-5.1.3.RELEASE.jar:/home/user/.m2/repository/org/springframework/spring-jcl/5.1.3.RELEASE/spring-jcl-5.1.3.RELEASE.jar:/home/user/.m2/repository/org/springframework/spring-tx/5.1.3.RELEASE/spring-tx-5.1.3.RELEASE.jar:/home/user/.m2/repository/org/apache/hadoop/hadoop-ozone-client/0.5.0-SNAPSHOT/hadoop-ozone-client-0.5.0-SNAPSHOT.jar:/home/user/.m2/repository/commons-lang/commons-lang/2.6/commons-lang-2.6.jar:/home/user/.m2/repository/org/apache/hadoop/hadoop-ozone-ozone-manager/0.5.0-SNAPSHOT/hadoop-ozone-ozone-manager-0.5.0-SNAPSHOT-tests.jar:/home/user/.m2/repository/junit/junit/4.11/junit-4.11.jar:/home/user/.m2/repository/org/hamcrest/hamcrest-core/1.3/hamcrest-core-1.3.jar:/home/user/.m2/repository/org/openjdk/jmh/jmh-core/1.19/jmh-core-1.19.jar:/home/user/.m2/repository/net/sf/jopt-simple/jopt-simple/4.6/jopt-simple-4.6.jar:/home/user/.m2/repository/org/apache/commons/commons-math3/3.1.1/commons-math3-3.1.1.jar:/home/user/.m2/repository/org/openjdk/jmh/jmh-generator-annprocess/1.19/jmh-generator-annprocess-1.19.jar:/home/user/.m2/repository/org/mockito/mockito-all/1.8.5/mockito-all-1.8.5.jar:/home/user/.m2/repository/org/apache/hadoop/hadoop-kms/3.2.0/hadoop-kms-3.2.0.jar:/home/user/.m2/repository/org/apache/hadoop/hadoop-auth/3.2.0/hadoop-auth-3.2.0.jar:/home/user/.m2/repository/com/nimbusds/nimbus-jose-jwt/4.41.1/nimbus-jose-jwt-4.41.1.jar:/home/user/.m2/repository/com/github/stephenc/jcip/jcip-annotations/1.0-1/jcip-annotations-1.0-1.jar:/home/user/.m2/repository/net/minidev/json-smart/2.3/json-smart-2.3.jar:/home/user/.m2/repository/net/minidev/accessors-smart/1.2/accessors-smart-1.2.jar:/home/user/.m2/repository/org/ow2/asm/asm/5.0.4/asm-5.0.4.jar:/home/user/.m2/repository/org/apache/curator/curator-framework/2.12.0/curator-framework-2.12.0.jar:/home/user/.m2/repository/com/sun/jersey/jersey-core/1.19/jersey-core-1.19.jar:/home/user/.m2/repository/javax/ws/rs/jsr311-api/1.1.1/jsr311-api-1.1.1.jar:/home/user/.m2/repository/com/sun/jersey/jersey-server/1.19/jersey-server-1.19.jar:/home/user/.m2/repository/javax/servlet/javax.servlet-api/3.1.0/javax.servlet-api-3.1.0.jar:/home/user/.m2/repository/org/eclipse/jetty/jetty-server/9.3.24.v20180605/jetty-server-9.3.24.v20180605.jar:/home/user/.m2/repository/org/eclipse/jetty/jetty-http/9.3.24.v20180605/jetty-http-9.3.24.v20180605.jar:/home/user/.m2/repository/org/eclipse/jetty/jetty-io/9.3.24.v20180605/jetty-io-9.3.24.v20180605.jar:/home/user/.m2/repository/org/eclipse/jetty/jetty-webapp/9.3.24.v20180605/jetty-webapp-9.3.24.v20180605.jar:/home/user/.m2/repository/org/eclipse/jetty/jetty-xml/9.3.24.v20180605/jetty-xml-9.3.24.v20180605.jar:/home/user/.m2/repository/log4j/log4j/1.2.17/log4j-1.2.17.jar:/home/user/.m2/repository/org/slf4j/slf4j-api/1.7.25/slf4j-api-1.7.25.jar:/home/user/.m2/repository/org/slf4j/jul-to-slf4j/1.7.25/jul-to-slf4j-1.7.25.jar:/home/user/.m2/repository/org/eclipse/jetty/jetty-util/9.3.24.v20180605/jetty-util-9.3.24.v20180605.jar:/home/user/.m2/repository/com/fasterxml/jackson/core/jackson-databind/2.9.5/jackson-databind-2.9.5.jar:/home/user/.m2/repository/org/apache/hadoop/hadoop-kms/3.2.0/hadoop-kms-3.2.0-tests.jar:/home/user/.m2/repository/org/apache/hadoop/hadoop-hdds-server-scm/0.5.0-SNAPSHOT/hadoop-hdds-server-scm-0.5.0-SNAPSHOT-tests.jar:/home/user/.m2/repository/org/apache/hadoop/hadoop-hdds-container-service/0.5.0-SNAPSHOT/hadoop-hdds-container-service-0.5.0-SNAPSHOT-tests.jar:/home/user/.m2/repository/org/yaml/snakeyaml/1.16/snakeyaml-1.16.jar:/home/user/.m2/repository/org/apache/hadoop/hadoop-common/3.2.0/hadoop-common-3.2.0-tests.jar:/home/user/.m2/repository/org/apache/hadoop/hadoop-annotations/3.2.0/hadoop-annotations-3.2.0.jar:/usr/lib/jvm/java-1.8-openjdk/jre/../lib/tools.jar:/home/user/.m2/repository/commons-cli/commons-cli/1.2/commons-cli-1.2.jar:/home/user/.m2/repository/org/apache/httpcomponents/httpclient/4.5.2/httpclient-4.5.2.jar:/home/user/.m2/repository/org/apache/httpcomponents/httpcore/4.4.4/httpcore-4.4.4.jar:/home/user/.m2/repository/commons-codec/commons-codec/1.11/commons-codec-1.11.jar:/home/user/.m2/repository/commons-net/commons-net/3.6/commons-net-3.6.jar:/home/user/.m2/repository/commons-collections/commons-collections/3.2.2/commons-collections-3.2.2.jar:/home/user/.m2/repository/org/eclipse/jetty/jetty-servlet/9.3.24.v20180605/jetty-servlet-9.3.24.v20180605.jar:/home/user/.m2/repository/org/eclipse/jetty/jetty-security/9.3.24.v20180605/jetty-security-9.3.24.v20180605.jar:/home/user/.m2/repository/javax/servlet/jsp/jsp-api/2.1/jsp-api-2.1.jar:/home/user/.m2/repository/com/sun/jersey/jersey-servlet/1.19/jersey-servlet-1.19.jar:/home/user/.m2/repository/com/sun/jersey/jersey-json/1.19/jersey-json-1.19.jar:/home/user/.m2/repository/org/codehaus/jettison/jettison/1.1/jettison-1.1.jar:/home/user/.m2/repository/org/codehaus/jackson/jackson-core-asl/1.9.13/jackson-core-asl-1.9.13.jar:/home/user/.m2/repository/org/codehaus/jackson/jackson-mapper-asl/1.9.13/jackson-mapper-asl-1.9.13.jar:/home/user/.m2/repository/org/codehaus/jackson/jackson-jaxrs/1.9.13/jackson-jaxrs-1.9.13.jar:/home/user/.m2/repository/org/codehaus/jackson/jackson-xc/1.9.13/jackson-xc-1.9.13.jar:/home/user/.m2/repository/commons-logging/commons-logging/1.1.3/commons-logging-1.1.3.jar:/home/user/.m2/repository/commons-beanutils/commons-beanutils/1.9.3/commons-beanutils-1.9.3.jar:/home/user/.m2/repository/org/apache/commons/commons-configuration2/2.1.1/commons-configuration2-2.1.1.jar:/home/user/.m2/repository/org/apache/commons/commons-lang3/3.7/commons-lang3-3.7.jar:/home/user/.m2/repository/org/apache/commons/commons-text/1.4/commons-text-1.4.jar:/home/user/.m2/repository/org/apache/avro/avro/1.7.7/avro-1.7.7.jar:/home/user/.m2/repository/com/thoughtworks/paranamer/paranamer/2.3/paranamer-2.3.jar:/home/user/.m2/repository/org/xerial/snappy/snappy-java/1.0.5/snappy-java-1.0.5.jar:/home/user/.m2/repository/com/google/re2j/re2j/1.1/re2j-1.1.jar:/home/user/.m2/repository/com/google/code/gson/gson/2.2.4/gson-2.2.4.jar:/home/user/.m2/repository/com/jcraft/jsch/0.1.54/jsch-0.1.54.jar:/home/user/.m2/repository/org/apache/curator/curator-client/2.12.0/curator-client-2.12.0.jar:/home/user/.m2/repository/org/apache/curator/curator-recipes/2.12.0/curator-recipes-2.12.0.jar:/home/user/.m2/repository/com/google/code/findbugs/jsr305/3.0.0/jsr305-3.0.0.jar:/home/user/.m2/repository/org/apache/htrace/htrace-core4/4.1.0-incubating/htrace-core4-4.1.0-incubating.jar:/home/user/.m2/repository/org/apache/zookeeper/zookeeper/3.4.13/zookeeper-3.4.13.jar:/home/user/.m2/repository/org/apache/yetus/audience-annotations/0.5.0/audience-annotations-0.5.0.jar:/home/user/.m2/repository/org/codehaus/woodstox/stax2-api/3.1.4/stax2-api-3.1.4.jar:/home/user/.m2/repository/com/fasterxml/woodstox/woodstox-core/5.0.3/woodstox-core-5.0.3.jar:/home/user/.m2/repository/dnsjava/dnsjava/2.1.7/dnsjava-2.1.7.jar:/home/user/.m2/repository/org/apache/hadoop/hadoop-hdfs/3.2.0/hadoop-hdfs-3.2.0-tests.jar:/home/user/.m2/repository/org/eclipse/jetty/jetty-util-ajax/9.3.24.v20180605/jetty-util-ajax-9.3.24.v20180605.jar:/home/user/.m2/repository/commons-daemon/commons-daemon/1.0.13/commons-daemon-1.0.13.jar:/home/user/.m2/repository/io/netty/netty/3.10.5.Final/netty-3.10.5.Final.jar:/home/user/.m2/repository/io/netty/netty-all/4.0.52.Final/netty-all-4.0.52.Final.jar:/home/user/.m2/repository/org/fusesource/leveldbjni/leveldbjni-all/1.8/leveldbjni-all-1.8.jar:"/>
    <property name="sun.cpu.endian" value="little"/>
    <property name="user.home" value="/home/user"/>
    <property name="user.language" value="en"/>
    <property name="java.specification.vendor" value="Oracle Corporation"/>
    <property name="java.home" value="/usr/lib/jvm/java-1.8-openjdk/jre"/>
    <property name="java.security.krb5.conf" value="/workdir/hadoop-ozone/integration-test/target/test-classes/krb5.conf"/>
    <property name="basedir" value="/workdir/hadoop-ozone/integration-test"/>
    <property name="file.separator" value="/"/>
    <property name="line.separator" value="&#10;"/>
    <property name="java.vm.specification.vendor" value="Oracle Corporation"/>
    <property name="java.specification.name" value="Java Platform API Specification"/>
    <property name="java.awt.graphicsenv" value="sun.awt.X11GraphicsEnvironment"/>
    <property name="surefire.real.class.path" value="/workdir/hadoop-ozone/integration-test/target/surefire/surefirebooter1857146577654467060.jar"/>
    <property name="hadoop.log.dir" value="/workdir/hadoop-ozone/integration-test/target/log"/>
    <property name="sun.boot.class.path" value="/usr/lib/jvm/java-1.8-openjdk/jre/lib/resources.jar:/usr/lib/jvm/java-1.8-openjdk/jre/lib/rt.jar:/usr/lib/jvm/java-1.8-openjdk/jre/lib/sunrsasign.jar:/usr/lib/jvm/java-1.8-openjdk/jre/lib/jsse.jar:/usr/lib/jvm/java-1.8-openjdk/jre/lib/jce.jar:/usr/lib/jvm/java-1.8-openjdk/jre/lib/charsets.jar:/usr/lib/jvm/java-1.8-openjdk/jre/lib/jfr.jar:/usr/lib/jvm/java-1.8-openjdk/jre/classes"/>
    <property name="sun.management.compiler" value="HotSpot 64-Bit Tiered Compilers"/>
    <property name="java.runtime.version" value="1.8.0_212-b04"/>
    <property name="java.net.preferIPv4Stack" value="true"/>
    <property name="user.name" value="jenkins1000"/>
    <property name="path.separator" value=":"/>
    <property name="java.security.egd" value="file:///dev/urandom"/>
    <property name="os.version" value="3.10.0-957.12.2.el7.x86_64"/>
    <property name="java.endorsed.dirs" value="/usr/lib/jvm/java-1.8-openjdk/jre/lib/endorsed"/>
    <property name="java.runtime.name" value="OpenJDK Runtime Environment"/>
    <property name="file.encoding" value="UTF-8"/>
    <property name="java.vm.name" value="OpenJDK 64-Bit Server VM"/>
    <property name="test.build.webapps" value=""/>
    <property name="localRepository" value="/home/user/.m2/repository"/>
    <property name="java.vendor.url.bug" value="https://icedtea.classpath.org/bugzilla"/>
    <property name="java.io.tmpdir" value="/tmp"/>
    <property name="require.test.libhadoop" value=""/>
    <property name="java.version" value="1.8.0_212"/>
    <property name="user.dir" value="/workdir/hadoop-ozone/integration-test"/>
    <property name="os.arch" value="amd64"/>
    <property name="java.vm.specification.name" value="Java Virtual Machine Specification"/>
    <property name="test.build.classes" value="/workdir/hadoop-ozone/integration-test/target/test-classes"/>
    <property name="java.awt.printerjob" value="sun.print.PSPrinterJob"/>
    <property name="sun.os.patch.level" value="unknown"/>
    <property name="hadoop.tmp.dir" value="/workdir/hadoop-ozone/integration-test/target/tmp"/>
    <property name="java.library.path" value="/usr/lib/jvm/java-1.8-openjdk/jre/lib/amd64/server:/usr/lib/jvm/java-1.8-openjdk/jre/lib/amd64:/usr/lib/jvm/java-1.8-openjdk/jre/../lib/amd64:/workdir/hadoop-ozone/integration-test/target/native/target/usr/local/lib:/workdir/hadoop-ozone/integration-test/../../hadoop-common-project/hadoop-common/target/native/target/usr/local/lib:/usr/java/packages/lib/amd64:/usr/lib64:/lib64:/lib:/usr/lib"/>
    <property name="java.vm.info" value="mixed mode"/>
    <property name="java.vendor" value="IcedTea"/>
    <property name="java.vm.version" value="25.212-b04"/>
    <property name="java.ext.dirs" value="/usr/lib/jvm/java-1.8-openjdk/jre/lib/ext:/usr/java/packages/lib/ext"/>
    <property name="sun.io.unicode.encoding" value="UnicodeLittle"/>
    <property name="java.class.version" value="52.0"/>
  </properties>
  <testcase name="testWatchForCommitWithKeyWrite" classname="org.apache.hadoop.ozone.client.rpc.TestWatchForCommit" time="65.282"/>
  <testcase name="testWatchForCommitWithSmallerTimeoutValue" classname="org.apache.hadoop.ozone.client.rpc.TestWatchForCommit" time="45.967"/>
  <testcase name="testWatchForCommitForRetryfailure" classname="org.apache.hadoop.ozone.client.rpc.TestWatchForCommit" time="27.573">
    <error message="org.apache.ratis.protocol.RaftRetryFailureException: Failed RaftClientRequest:client-B2E14307DBE0-&gt;e8da62b6-b28b-4940-ab53-837f303f0ffe@group-AE7EDBEB28B3, cid=66, seq=1*, RW, org.apache.hadoop.hdds.scm.XceiverClientRatis$$Lambda$359/1079152956@41d529ad for 20 attempts with RetryLimited(maxAttempts=20, sleepTime=1000ms)" type="java.util.concurrent.ExecutionException">java.util.concurrent.ExecutionException: org.apache.ratis.protocol.RaftRetryFailureException: Failed RaftClientRequest:client-B2E14307DBE0->e8da62b6-b28b-4940-ab53-837f303f0ffe@group-AE7EDBEB28B3, cid=66, seq=1*, RW, org.apache.hadoop.hdds.scm.XceiverClientRatis$$Lambda$359/1079152956@41d529ad for 20 attempts with RetryLimited(maxAttempts=20, sleepTime=1000ms)
	at java.util.concurrent.CompletableFuture.reportGet(CompletableFuture.java:357)
	at java.util.concurrent.CompletableFuture.get(CompletableFuture.java:1895)
	at org.apache.hadoop.ozone.client.rpc.TestWatchForCommit.testWatchForCommitForRetryfailure(TestWatchForCommit.java:335)
	at sun.reflect.NativeMethodAccessorImpl.invoke0(Native Method)
	at sun.reflect.NativeMethodAccessorImpl.invoke(NativeMethodAccessorImpl.java:62)
	at sun.reflect.DelegatingMethodAccessorImpl.invoke(DelegatingMethodAccessorImpl.java:43)
	at java.lang.reflect.Method.invoke(Method.java:498)
	at org.junit.runners.model.FrameworkMethod$1.runReflectiveCall(FrameworkMethod.java:47)
	at org.junit.internal.runners.model.ReflectiveCallable.run(ReflectiveCallable.java:12)
	at org.junit.runners.model.FrameworkMethod.invokeExplosively(FrameworkMethod.java:44)
	at org.junit.internal.runners.statements.InvokeMethod.evaluate(InvokeMethod.java:17)
	at org.junit.runners.ParentRunner.runLeaf(ParentRunner.java:271)
	at org.junit.runners.BlockJUnit4ClassRunner.runChild(BlockJUnit4ClassRunner.java:70)
	at org.junit.runners.BlockJUnit4ClassRunner.runChild(BlockJUnit4ClassRunner.java:50)
	at org.junit.runners.ParentRunner$3.run(ParentRunner.java:238)
	at org.junit.runners.ParentRunner$1.schedule(ParentRunner.java:63)
	at org.junit.runners.ParentRunner.runChildren(ParentRunner.java:236)
	at org.junit.runners.ParentRunner.access$000(ParentRunner.java:53)
	at org.junit.runners.ParentRunner$2.evaluate(ParentRunner.java:229)
	at org.junit.runners.ParentRunner.run(ParentRunner.java:309)
	at org.apache.maven.surefire.junit4.JUnit4Provider.execute(JUnit4Provider.java:365)
	at org.apache.maven.surefire.junit4.JUnit4Provider.executeWithRerun(JUnit4Provider.java:273)
	at org.apache.maven.surefire.junit4.JUnit4Provider.executeTestSet(JUnit4Provider.java:238)
	at org.apache.maven.surefire.junit4.JUnit4Provider.invoke(JUnit4Provider.java:159)
	at org.apache.maven.surefire.booter.ForkedBooter.invokeProviderInSameClassLoader(ForkedBooter.java:384)
	at org.apache.maven.surefire.booter.ForkedBooter.runSuitesInProcess(ForkedBooter.java:345)
	at org.apache.maven.surefire.booter.ForkedBooter.execute(ForkedBooter.java:126)
	at org.apache.maven.surefire.booter.ForkedBooter.main(ForkedBooter.java:418)
Caused by: org.apache.ratis.protocol.RaftRetryFailureException: Failed RaftClientRequest:client-B2E14307DBE0->e8da62b6-b28b-4940-ab53-837f303f0ffe@group-AE7EDBEB28B3, cid=66, seq=1*, RW, org.apache.hadoop.hdds.scm.XceiverClientRatis$$Lambda$359/1079152956@41d529ad for 20 attempts with RetryLimited(maxAttempts=20, sleepTime=1000ms)
	at org.apache.ratis.client.impl.RaftClientImpl.noMoreRetries(RaftClientImpl.java:272)
	at org.apache.ratis.client.impl.OrderedAsync.handleAsyncRetryFailure(OrderedAsync.java:138)
	at org.apache.ratis.client.impl.OrderedAsync.lambda$sendRequest$10(OrderedAsync.java:230)
	at java.util.concurrent.CompletableFuture.uniExceptionally(CompletableFuture.java:870)
	at java.util.concurrent.CompletableFuture$UniExceptionally.tryFire(CompletableFuture.java:852)
	at java.util.concurrent.CompletableFuture.postComplete(CompletableFuture.java:474)
	at java.util.concurrent.CompletableFuture.completeExceptionally(CompletableFuture.java:1977)
	at org.apache.ratis.grpc.client.GrpcClientProtocolClient$AsyncStreamObservers.completeReplyExceptionally(GrpcClientProtocolClient.java:330)
	at org.apache.ratis.grpc.client.GrpcClientProtocolClient$AsyncStreamObservers.access$000(GrpcClientProtocolClient.java:246)
	at org.apache.ratis.grpc.client.GrpcClientProtocolClient$AsyncStreamObservers$1.onNext(GrpcClientProtocolClient.java:258)
	at org.apache.ratis.grpc.client.GrpcClientProtocolClient$AsyncStreamObservers$1.onNext(GrpcClientProtocolClient.java:249)
	at org.apache.ratis.thirdparty.io.grpc.stub.ClientCalls$StreamObserverToCallListenerAdapter.onMessage(ClientCalls.java:421)
	at org.apache.ratis.thirdparty.io.grpc.ForwardingClientCallListener.onMessage(ForwardingClientCallListener.java:33)
	at org.apache.ratis.thirdparty.io.grpc.ForwardingClientCallListener.onMessage(ForwardingClientCallListener.java:33)
	at org.apache.ratis.thirdparty.io.grpc.internal.ClientCallImpl$ClientStreamListenerImpl$1MessagesAvailable.runInContext(ClientCallImpl.java:519)
	at org.apache.ratis.thirdparty.io.grpc.internal.ContextRunnable.run(ContextRunnable.java:37)
	at org.apache.ratis.thirdparty.io.grpc.internal.SerializingExecutor.run(SerializingExecutor.java:123)
	at java.util.concurrent.ThreadPoolExecutor.runWorker(ThreadPoolExecutor.java:1149)
	at java.util.concurrent.ThreadPoolExecutor$Worker.run(ThreadPoolExecutor.java:624)
	at java.lang.Thread.run(Thread.java:748)
Caused by: org.apache.ratis.protocol.NotLeaderException: Server e8da62b6-b28b-4940-ab53-837f303f0ffe is not the leader (null). Request must be sent to leader.
	at org.apache.ratis.client.impl.ClientProtoUtils.toRaftClientReply(ClientProtoUtils.java:242)
	at org.apache.ratis.grpc.client.GrpcClientProtocolClient$AsyncStreamObservers$1.onNext(GrpcClientProtocolClient.java:254)
	... 10 more
</error>
    <system-out><![CDATA[2019-08-20 14:51:34,176 WARN  server.ServerUtils (ServerUtils.java:getScmDbDir(145)) - ozone.scm.db.dirs is not configured. We recommend adding this setting. Falling back to ozone.metadata.dirs instead.
2019-08-20 14:51:34,194 WARN  server.ServerUtils (ServerUtils.java:getScmDbDir(145)) - ozone.scm.db.dirs is not configured. We recommend adding this setting. Falling back to ozone.metadata.dirs instead.
2019-08-20 14:51:34,194 WARN  server.ServerUtils (ServerUtils.java:getScmDbDir(145)) - ozone.scm.db.dirs is not configured. We recommend adding this setting. Falling back to ozone.metadata.dirs instead.
2019-08-20 14:51:34,195 INFO  db.DBStoreBuilder (DBStoreBuilder.java:addTable(110)) - using custom profile for table: deletedBlocks
2019-08-20 14:51:34,195 INFO  db.DBStoreBuilder (DBStoreBuilder.java:processTables(161)) - Using default column profile:DBProfile.DISK for Table:deletedBlocks
2019-08-20 14:51:34,195 INFO  db.DBStoreBuilder (DBStoreBuilder.java:addTable(110)) - using custom profile for table: validCerts
2019-08-20 14:51:34,195 INFO  db.DBStoreBuilder (DBStoreBuilder.java:processTables(161)) - Using default column profile:DBProfile.DISK for Table:validCerts
2019-08-20 14:51:34,195 INFO  db.DBStoreBuilder (DBStoreBuilder.java:addTable(110)) - using custom profile for table: revokedCerts
2019-08-20 14:51:34,195 INFO  db.DBStoreBuilder (DBStoreBuilder.java:processTables(161)) - Using default column profile:DBProfile.DISK for Table:revokedCerts
2019-08-20 14:51:34,196 INFO  db.DBStoreBuilder (DBStoreBuilder.java:addTable(110)) - using custom profile for table: default
2019-08-20 14:51:34,196 INFO  db.DBStoreBuilder (DBStoreBuilder.java:processTables(167)) - Using default column profile:DBProfile.DISK for Table:default
2019-08-20 14:51:34,196 INFO  db.DBStoreBuilder (DBStoreBuilder.java:getDbProfile(198)) - Using default options. DBProfile.DISK
2019-08-20 14:51:34,430 INFO  net.NodeSchemaLoader (NodeSchemaLoader.java:loadSchemaFromFile(125)) - Loading file from sun.misc.CompoundEnumeration@114b2414
2019-08-20 14:51:34,431 INFO  net.NodeSchemaLoader (NodeSchemaLoader.java:loadSchema(171)) - Loading network topology layer schema file
2019-08-20 14:51:34,436 WARN  server.ServerUtils (ServerUtils.java:sanitizeUserArgs(70)) - ozone.scm.stale.node.interval value = 300000 is larger than max = 100000 based on the key value of ozone.scm.heartbeat.thread.interval, reset to the max value 100000.
2019-08-20 14:51:34,437 WARN  server.ServerUtils (ServerUtils.java:sanitizeUserArgs(70)) - ozone.scm.stale.node.interval value = 300000 is larger than max = 100000 based on the key value of ozone.scm.heartbeat.thread.interval, reset to the max value 100000.
2019-08-20 14:51:34,437 INFO  node.SCMNodeManager (SCMNodeManager.java:<init>(121)) - Entering startup safe mode.
2019-08-20 14:51:34,438 INFO  algorithms.ContainerPlacementPolicyFactory (ContainerPlacementPolicyFactory.java:getPolicy(55)) - Create container placement policy of type org.apache.hadoop.hdds.scm.container.placement.algorithms.SCMContainerPlacementRandom
2019-08-20 14:51:34,438 WARN  server.ServerUtils (ServerUtils.java:getScmDbDir(145)) - ozone.scm.db.dirs is not configured. We recommend adding this setting. Falling back to ozone.metadata.dirs instead.
2019-08-20 14:51:34,530 INFO  pipeline.SCMPipelineManager (SCMPipelineManager.java:initializePipelineState(126)) - No pipeline exists in current db
2019-08-20 14:51:34,530 WARN  server.ServerUtils (ServerUtils.java:getScmDbDir(145)) - ozone.scm.db.dirs is not configured. We recommend adding this setting. Falling back to ozone.metadata.dirs instead.
2019-08-20 14:51:34,657 WARN  events.EventQueue (EventQueue.java:fireEvent(175)) - No event handler registered for event TypedEvent{payloadType=SafeModeStatus, name='SafeModeStatus'}
2019-08-20 14:51:34,658 INFO  ipc.CallQueueManager (CallQueueManager.java:<init>(84)) - Using callQueue: class java.util.concurrent.LinkedBlockingQueue, queueCapacity: 2000, scheduler: class org.apache.hadoop.ipc.DefaultRpcScheduler, ipcBackoff: false.
2019-08-20 14:51:34,659 INFO  ipc.Server (Server.java:run(1074)) - Starting Socket Reader #1 for port 36636
2019-08-20 14:51:34,660 INFO  ipc.CallQueueManager (CallQueueManager.java:<init>(84)) - Using callQueue: class java.util.concurrent.LinkedBlockingQueue, queueCapacity: 2000, scheduler: class org.apache.hadoop.ipc.DefaultRpcScheduler, ipcBackoff: false.
2019-08-20 14:51:34,661 INFO  ipc.Server (Server.java:run(1074)) - Starting Socket Reader #1 for port 32916
2019-08-20 14:51:34,662 INFO  ipc.CallQueueManager (CallQueueManager.java:<init>(84)) - Using callQueue: class java.util.concurrent.LinkedBlockingQueue, queueCapacity: 2000, scheduler: class org.apache.hadoop.ipc.DefaultRpcScheduler, ipcBackoff: false.
2019-08-20 14:51:34,663 INFO  ipc.Server (Server.java:run(1074)) - Starting Socket Reader #1 for port 36301
2019-08-20 14:51:34,664 INFO  hdfs.DFSUtil (DFSUtil.java:httpServerTemplateForNNAndJN(1641)) - Starting Web-server for scm at: http://0.0.0.0:0
2019-08-20 14:51:34,666 INFO  server.AuthenticationFilter (AuthenticationFilter.java:constructSecretProvider(240)) - Unable to initialize FileSignerSecretProvider, falling back to use random secrets.
2019-08-20 14:51:34,667 WARN  http.HttpRequestLog (HttpRequestLog.java:getRequestLog(97)) - Jetty request log can only be enabled using Log4j
2019-08-20 14:51:34,668 INFO  http.HttpServer2 (HttpServer2.java:addGlobalFilter(975)) - Added global filter 'safety' (class=org.apache.hadoop.http.HttpServer2$QuotingInputFilter)
2019-08-20 14:51:34,669 INFO  http.HttpServer2 (HttpServer2.java:addFilter(948)) - Added filter static_user_filter (class=org.apache.hadoop.http.lib.StaticUserWebFilter$StaticUserFilter) to context scm
2019-08-20 14:51:34,669 INFO  http.HttpServer2 (HttpServer2.java:addFilter(958)) - Added filter static_user_filter (class=org.apache.hadoop.http.lib.StaticUserWebFilter$StaticUserFilter) to context static
2019-08-20 14:51:34,669 INFO  http.HttpServer2 (HttpServer2.java:addFilter(958)) - Added filter static_user_filter (class=org.apache.hadoop.http.lib.StaticUserWebFilter$StaticUserFilter) to context logs
2019-08-20 14:51:34,671 INFO  server.StorageContainerManager (StorageContainerManager.java:start(759)) - StorageContainerLocationProtocol RPC server is listening at /0.0.0.0:36301
2019-08-20 14:51:34,672 WARN  impl.MetricsConfig (MetricsConfig.java:loadFirst(134)) - Cannot locate configuration: tried hadoop-metrics2-storagecontainermanager.properties,hadoop-metrics2.properties
2019-08-20 14:51:34,673 INFO  impl.MetricsSystemImpl (MetricsSystemImpl.java:startTimer(374)) - Scheduled Metric snapshot period at 10 second(s).
2019-08-20 14:51:34,673 INFO  impl.MetricsSystemImpl (MetricsSystemImpl.java:start(191)) - StorageContainerManager metrics system started
2019-08-20 14:51:34,733 INFO  server.SCMClientProtocolServer (SCMClientProtocolServer.java:start(151)) - RPC server for Client  is listening at /0.0.0.0:36301
2019-08-20 14:51:34,734 INFO  ipc.Server (Server.java:run(1314)) - IPC Server Responder: starting
2019-08-20 14:51:34,734 INFO  ipc.Server (Server.java:run(1153)) - IPC Server listener on 36301: starting
2019-08-20 14:51:34,738 INFO  server.StorageContainerManager (StorageContainerManager.java:start(769)) - ScmBlockLocationProtocol RPC server is listening at /0.0.0.0:32916
2019-08-20 14:51:34,738 INFO  server.SCMBlockProtocolServer (SCMBlockProtocolServer.java:start(140)) - RPC server for Block Protocol is listening at /0.0.0.0:32916
2019-08-20 14:51:34,738 INFO  ipc.Server (Server.java:run(1314)) - IPC Server Responder: starting
2019-08-20 14:51:34,738 INFO  ipc.Server (Server.java:run(1153)) - IPC Server listener on 32916: starting
2019-08-20 14:51:34,743 INFO  server.StorageContainerManager (StorageContainerManager.java:start(773)) - ScmDatanodeProtocl RPC server is listening at /0.0.0.0:36636
2019-08-20 14:51:34,743 INFO  server.SCMDatanodeProtocolServer (SCMDatanodeProtocolServer.java:start(191)) - RPC server for DataNodes is listening at /0.0.0.0:36636
2019-08-20 14:51:34,743 INFO  ipc.Server (Server.java:run(1314)) - IPC Server Responder: starting
2019-08-20 14:51:34,743 INFO  ipc.Server (Server.java:run(1153)) - IPC Server listener on 36636: starting
2019-08-20 14:51:34,747 INFO  http.HttpServer2 (HttpServer2.java:bindListener(1191)) - Jetty bound to port 46261
2019-08-20 14:51:34,748 INFO  server.Server (Server.java:doStart(351)) - jetty-9.3.24.v20180605, build timestamp: 2018-06-05T17:11:56Z, git hash: 84205aa28f11a4f31f2a3b86d1bba2cc8ab69827
2019-08-20 14:51:34,749 INFO  handler.ContextHandler (ContextHandler.java:doStart(781)) - Started o.e.j.s.ServletContextHandler@5939f047{/logs,file:///workdir/hadoop-ozone/integration-test/target/log,AVAILABLE}
2019-08-20 14:51:34,749 INFO  handler.ContextHandler (ContextHandler.java:doStart(781)) - Started o.e.j.s.ServletContextHandler@776e7dfb{/static,file:///workdir/hadoop-ozone/integration-test/target/test-classes/webapps/static,AVAILABLE}
2019-08-20 14:51:34,753 INFO  handler.ContextHandler (ContextHandler.java:doStart(781)) - Started o.e.j.w.WebAppContext@6528d339{/,file:///workdir/hadoop-ozone/integration-test/target/test-classes/webapps/scm/,AVAILABLE}{/scm}
2019-08-20 14:51:34,754 INFO  server.AbstractConnector (AbstractConnector.java:doStart(278)) - Started ServerConnector@2dd2ff87{HTTP/1.1,[http/1.1]}{0.0.0.0:46261}
2019-08-20 14:51:34,755 INFO  server.Server (Server.java:doStart(419)) - Started @112222ms
2019-08-20 14:51:34,756 INFO  server.BaseHttpServer (BaseHttpServer.java:updateConnectorAddress(213)) - HTTP server of SCM is listening at http://0.0.0.0:46261
2019-08-20 14:51:34,756 WARN  server.ServerUtils (ServerUtils.java:getDBPath(222)) - ozone.om.db.dirs is not configured. We recommend adding this setting. Falling back to ozone.metadata.dirs instead.
2019-08-20 14:51:34,757 INFO  util.JvmPauseMonitor (JvmPauseMonitor.java:run(188)) - Starting JVM pause monitor
2019-08-20 14:51:34,785 WARN  server.ServerUtils (ServerUtils.java:getDBPath(222)) - ozone.om.db.dirs is not configured. We recommend adding this setting. Falling back to ozone.metadata.dirs instead.
2019-08-20 14:51:34,785 WARN  server.ServerUtils (ServerUtils.java:getDBPath(222)) - ozone.om.db.dirs is not configured. We recommend adding this setting. Falling back to ozone.metadata.dirs instead.
2019-08-20 14:51:34,785 INFO  om.OzoneManager (OzoneManager.java:setOMNodeDetails(648)) - OM Service ID is not set. Setting it to the default ID: omServiceIdDefault
2019-08-20 14:51:34,785 INFO  om.OzoneManager (OzoneManager.java:setOMNodeDetails(654)) - OM Node ID is not set. Setting it to the OmStorage's OmID: f611d060-6c90-4cb4-8120-ddc861aaa04f
2019-08-20 14:51:34,786 INFO  om.OzoneManager (OzoneManager.java:loadOMHAConfigs(605)) - Found matching OM address with OMServiceId: null, OMNodeId: null, RPC Address: localhost:0 and Ratis port: 9872
2019-08-20 14:51:34,791 WARN  server.ServerUtils (ServerUtils.java:getDBPath(222)) - ozone.om.db.dirs is not configured. We recommend adding this setting. Falling back to ozone.metadata.dirs instead.
2019-08-20 14:51:34,792 INFO  db.DBStoreBuilder (DBStoreBuilder.java:addTable(110)) - using custom profile for table: userTable
2019-08-20 14:51:34,792 INFO  db.DBStoreBuilder (DBStoreBuilder.java:processTables(161)) - Using default column profile:DBProfile.DISK for Table:userTable
2019-08-20 14:51:34,792 INFO  db.DBStoreBuilder (DBStoreBuilder.java:addTable(110)) - using custom profile for table: volumeTable
2019-08-20 14:51:34,792 INFO  db.DBStoreBuilder (DBStoreBuilder.java:processTables(161)) - Using default column profile:DBProfile.DISK for Table:volumeTable
2019-08-20 14:51:34,792 INFO  db.DBStoreBuilder (DBStoreBuilder.java:addTable(110)) - using custom profile for table: bucketTable
2019-08-20 14:51:34,793 INFO  db.DBStoreBuilder (DBStoreBuilder.java:processTables(161)) - Using default column profile:DBProfile.DISK for Table:bucketTable
2019-08-20 14:51:34,793 INFO  db.DBStoreBuilder (DBStoreBuilder.java:addTable(110)) - using custom profile for table: keyTable
2019-08-20 14:51:34,793 INFO  db.DBStoreBuilder (DBStoreBuilder.java:processTables(161)) - Using default column profile:DBProfile.DISK for Table:keyTable
2019-08-20 14:51:34,793 INFO  db.DBStoreBuilder (DBStoreBuilder.java:addTable(110)) - using custom profile for table: deletedTable
2019-08-20 14:51:34,793 INFO  db.DBStoreBuilder (DBStoreBuilder.java:processTables(161)) - Using default column profile:DBProfile.DISK for Table:deletedTable
2019-08-20 14:51:34,793 INFO  db.DBStoreBuilder (DBStoreBuilder.java:addTable(110)) - using custom profile for table: openKeyTable
2019-08-20 14:51:34,794 INFO  db.DBStoreBuilder (DBStoreBuilder.java:processTables(161)) - Using default column profile:DBProfile.DISK for Table:openKeyTable
2019-08-20 14:51:34,794 INFO  db.DBStoreBuilder (DBStoreBuilder.java:addTable(110)) - using custom profile for table: s3Table
2019-08-20 14:51:34,794 INFO  db.DBStoreBuilder (DBStoreBuilder.java:processTables(161)) - Using default column profile:DBProfile.DISK for Table:s3Table
2019-08-20 14:51:34,794 INFO  db.DBStoreBuilder (DBStoreBuilder.java:addTable(110)) - using custom profile for table: multipartInfoTable
2019-08-20 14:51:34,794 INFO  db.DBStoreBuilder (DBStoreBuilder.java:processTables(161)) - Using default column profile:DBProfile.DISK for Table:multipartInfoTable
2019-08-20 14:51:34,794 INFO  db.DBStoreBuilder (DBStoreBuilder.java:addTable(110)) - using custom profile for table: dTokenTable
2019-08-20 14:51:34,794 INFO  db.DBStoreBuilder (DBStoreBuilder.java:processTables(161)) - Using default column profile:DBProfile.DISK for Table:dTokenTable
2019-08-20 14:51:34,795 INFO  db.DBStoreBuilder (DBStoreBuilder.java:addTable(110)) - using custom profile for table: s3SecretTable
2019-08-20 14:51:34,795 INFO  db.DBStoreBuilder (DBStoreBuilder.java:processTables(161)) - Using default column profile:DBProfile.DISK for Table:s3SecretTable
2019-08-20 14:51:34,795 INFO  db.DBStoreBuilder (DBStoreBuilder.java:addTable(110)) - using custom profile for table: prefixTable
2019-08-20 14:51:34,795 INFO  db.DBStoreBuilder (DBStoreBuilder.java:processTables(161)) - Using default column profile:DBProfile.DISK for Table:prefixTable
2019-08-20 14:51:34,795 INFO  db.DBStoreBuilder (DBStoreBuilder.java:addTable(110)) - using custom profile for table: default
2019-08-20 14:51:34,795 INFO  db.DBStoreBuilder (DBStoreBuilder.java:processTables(167)) - Using default column profile:DBProfile.DISK for Table:default
2019-08-20 14:51:34,796 INFO  db.DBStoreBuilder (DBStoreBuilder.java:getDbProfile(198)) - Using default options. DBProfile.DISK
2019-08-20 14:51:35,659 INFO  ipc.CallQueueManager (CallQueueManager.java:<init>(84)) - Using callQueue: class java.util.concurrent.LinkedBlockingQueue, queueCapacity: 2000, scheduler: class org.apache.hadoop.ipc.DefaultRpcScheduler, ipcBackoff: false.
2019-08-20 14:51:35,660 INFO  ipc.Server (Server.java:run(1074)) - Starting Socket Reader #1 for port 37310
2019-08-20 14:51:35,670 INFO  om.OzoneManager (OzoneManager.java:start(1259)) - OzoneManager RPC server is listening at localhost/127.0.0.1:37310
2019-08-20 14:51:35,670 INFO  impl.MetricsSystemImpl (MetricsSystemImpl.java:init(158)) - OzoneManager metrics system started (again)
2019-08-20 14:51:35,670 INFO  ipc.Server (Server.java:run(1314)) - IPC Server Responder: starting
2019-08-20 14:51:35,671 INFO  ipc.Server (Server.java:run(1153)) - IPC Server listener on 37310: starting
2019-08-20 14:51:35,675 INFO  hdfs.DFSUtil (DFSUtil.java:httpServerTemplateForNNAndJN(1641)) - Starting Web-server for ozoneManager at: http://0.0.0.0:0
2019-08-20 14:51:35,676 INFO  server.AuthenticationFilter (AuthenticationFilter.java:constructSecretProvider(240)) - Unable to initialize FileSignerSecretProvider, falling back to use random secrets.
2019-08-20 14:51:35,677 WARN  http.HttpRequestLog (HttpRequestLog.java:getRequestLog(97)) - Jetty request log can only be enabled using Log4j
2019-08-20 14:51:35,679 INFO  http.HttpServer2 (HttpServer2.java:addGlobalFilter(975)) - Added global filter 'safety' (class=org.apache.hadoop.http.HttpServer2$QuotingInputFilter)
2019-08-20 14:51:35,680 INFO  http.HttpServer2 (HttpServer2.java:addFilter(948)) - Added filter static_user_filter (class=org.apache.hadoop.http.lib.StaticUserWebFilter$StaticUserFilter) to context ozoneManager
2019-08-20 14:51:35,680 INFO  http.HttpServer2 (HttpServer2.java:addFilter(958)) - Added filter static_user_filter (class=org.apache.hadoop.http.lib.StaticUserWebFilter$StaticUserFilter) to context logs
2019-08-20 14:51:35,680 INFO  http.HttpServer2 (HttpServer2.java:addFilter(958)) - Added filter static_user_filter (class=org.apache.hadoop.http.lib.StaticUserWebFilter$StaticUserFilter) to context static
2019-08-20 14:51:35,681 INFO  http.HttpServer2 (HttpServer2.java:bindListener(1191)) - Jetty bound to port 34196
2019-08-20 14:51:35,681 INFO  server.Server (Server.java:doStart(351)) - jetty-9.3.24.v20180605, build timestamp: 2018-06-05T17:11:56Z, git hash: 84205aa28f11a4f31f2a3b86d1bba2cc8ab69827
2019-08-20 14:51:35,683 INFO  handler.ContextHandler (ContextHandler.java:doStart(781)) - Started o.e.j.s.ServletContextHandler@4ba1c1a2{/logs,file:///workdir/hadoop-ozone/integration-test/target/log,AVAILABLE}
2019-08-20 14:51:35,684 INFO  handler.ContextHandler (ContextHandler.java:doStart(781)) - Started o.e.j.s.ServletContextHandler@97b84a4{/static,file:///workdir/hadoop-ozone/integration-test/target/test-classes/webapps/static,AVAILABLE}
2019-08-20 14:51:35,688 INFO  handler.ContextHandler (ContextHandler.java:doStart(781)) - Started o.e.j.w.WebAppContext@4535bdc6{/,file:///workdir/hadoop-ozone/integration-test/target/test-classes/webapps/ozoneManager/,AVAILABLE}{/ozoneManager}
2019-08-20 14:51:35,689 INFO  server.AbstractConnector (AbstractConnector.java:doStart(278)) - Started ServerConnector@23e86863{HTTP/1.1,[http/1.1]}{0.0.0.0:34196}
2019-08-20 14:51:35,690 INFO  server.Server (Server.java:doStart(419)) - Started @113157ms
2019-08-20 14:51:35,691 INFO  server.BaseHttpServer (BaseHttpServer.java:updateConnectorAddress(213)) - HTTP server of OZONEMANAGER is listening at http://0.0.0.0:34196
2019-08-20 14:51:35,708 INFO  impl.MetricsSystemImpl (MetricsSystemImpl.java:init(158)) - HddsDatanode metrics system started (again)
2019-08-20 14:51:35,711 INFO  ozone.HddsDatanodeService (HddsDatanodeService.java:start(184)) - HddsDatanodeService host:pr-hdds-1054-6hltv-2752131155 ip:192.168.69.107
2019-08-20 14:51:35,719 INFO  volume.HddsVolume (HddsVolume.java:<init>(176)) - Creating Volume: /workdir/hadoop-ozone/integration-test/target/test-dir/MiniOzoneClusterImpl-c74f0574-43a4-4fa8-97ed-eb665be36896/datanode-0/data/containers/hdds of  storage type : DISK and capacity : 1482555576320
2019-08-20 14:51:35,719 INFO  volume.VolumeSet (VolumeSet.java:initializeVolumeSet(170)) - Added Volume : /workdir/hadoop-ozone/integration-test/target/test-dir/MiniOzoneClusterImpl-c74f0574-43a4-4fa8-97ed-eb665be36896/datanode-0/data/containers/hdds to VolumeSet
2019-08-20 14:51:35,719 INFO  volume.ThrottledAsyncChecker (ThrottledAsyncChecker.java:schedule(140)) - Scheduling a check for org.apache.hadoop.ozone.container.common.volume.HddsVolume@5f5923ef
2019-08-20 14:51:35,720 INFO  volume.HddsVolumeChecker (HddsVolumeChecker.java:checkAllVolumes(203)) - Scheduled health check for volume org.apache.hadoop.ozone.container.common.volume.HddsVolume@5f5923ef
2019-08-20 14:51:35,733 INFO  impl.RaftServerProxy (ConfUtils.java:logGet(43)) - raft.rpc.type = GRPC (default)
2019-08-20 14:51:35,733 INFO  grpc.GrpcFactory (GrpcFactory.java:checkPooledByteBufAllocatorUseCacheForAllThreads(45)) - PERFORMANCE WARNING: useCacheForAllThreads is true that may cause Netty to create a lot garbage objects and, as a result, trigger GC.
	It is recommended to disable useCacheForAllThreads by setting -Dorg.apache.ratis.thirdparty.io.netty.allocator.useCacheForAllThreads=false in command line.
2019-08-20 14:51:35,734 INFO  grpc.GrpcConfigKeys$Server (ConfUtils.java:logGet(43)) - raft.grpc.server.port = 0 (default)
2019-08-20 14:51:35,734 INFO  server.GrpcService (ConfUtils.java:logGet(43)) - raft.grpc.message.size.max = 33570816 (custom)
2019-08-20 14:51:35,734 INFO  server.RaftServerConfigKeys (ConfUtils.java:logGet(43)) - raft.server.log.appender.buffer.byte-limit = 33554432 (custom)
2019-08-20 14:51:35,734 INFO  server.GrpcService (ConfUtils.java:logGet(43)) - raft.grpc.flow.control.window = 1MB (=1048576) (default)
2019-08-20 14:51:35,734 INFO  server.RaftServerConfigKeys (ConfUtils.java:logGet(43)) - raft.server.rpc.request.timeout = 3000ms (default)
2019-08-20 14:51:35,735 INFO  server.RaftServerConfigKeys (ConfUtils.java:logGet(43)) - raft.server.storage.dir = [/workdir/hadoop-ozone/integration-test/target/test-dir/MiniOzoneClusterImpl-c74f0574-43a4-4fa8-97ed-eb665be36896/datanode-0/data/ratis] (custom)
2019-08-20 14:51:35,735 INFO  replication.SimpleContainerDownloader (SimpleContainerDownloader.java:<init>(72)) - Starting container downloader service to copy containers to replicate.
2019-08-20 14:51:35,736 INFO  hdfs.DFSUtil (DFSUtil.java:httpServerTemplateForNNAndJN(1641)) - Starting Web-server for hddsDatanode at: http://0.0.0.0:0
2019-08-20 14:51:35,738 INFO  server.AuthenticationFilter (AuthenticationFilter.java:constructSecretProvider(240)) - Unable to initialize FileSignerSecretProvider, falling back to use random secrets.
2019-08-20 14:51:35,738 WARN  http.HttpRequestLog (HttpRequestLog.java:getRequestLog(97)) - Jetty request log can only be enabled using Log4j
2019-08-20 14:51:35,740 INFO  http.HttpServer2 (HttpServer2.java:addGlobalFilter(975)) - Added global filter 'safety' (class=org.apache.hadoop.http.HttpServer2$QuotingInputFilter)
2019-08-20 14:51:35,741 INFO  http.HttpServer2 (HttpServer2.java:addFilter(948)) - Added filter static_user_filter (class=org.apache.hadoop.http.lib.StaticUserWebFilter$StaticUserFilter) to context hddsDatanode
2019-08-20 14:51:35,741 INFO  http.HttpServer2 (HttpServer2.java:addFilter(958)) - Added filter static_user_filter (class=org.apache.hadoop.http.lib.StaticUserWebFilter$StaticUserFilter) to context static
2019-08-20 14:51:35,741 INFO  http.HttpServer2 (HttpServer2.java:addFilter(958)) - Added filter static_user_filter (class=org.apache.hadoop.http.lib.StaticUserWebFilter$StaticUserFilter) to context logs
2019-08-20 14:51:35,742 INFO  http.HttpServer2 (HttpServer2.java:bindListener(1191)) - Jetty bound to port 34797
2019-08-20 14:51:35,742 INFO  server.Server (Server.java:doStart(351)) - jetty-9.3.24.v20180605, build timestamp: 2018-06-05T17:11:56Z, git hash: 84205aa28f11a4f31f2a3b86d1bba2cc8ab69827
2019-08-20 14:51:35,744 INFO  handler.ContextHandler (ContextHandler.java:doStart(781)) - Started o.e.j.s.ServletContextHandler@5ea9373e{/logs,file:///workdir/hadoop-ozone/integration-test/target/log,AVAILABLE}
2019-08-20 14:51:35,744 INFO  handler.ContextHandler (ContextHandler.java:doStart(781)) - Started o.e.j.s.ServletContextHandler@5c0272e0{/static,jar:file:/home/user/.m2/repository/org/apache/hadoop/hadoop-hdds-container-service/0.5.0-SNAPSHOT/hadoop-hdds-container-service-0.5.0-SNAPSHOT.jar!/webapps/static,AVAILABLE}
2019-08-20 14:51:35,778 INFO  handler.ContextHandler (ContextHandler.java:doStart(781)) - Started o.e.j.w.WebAppContext@5b55c3d6{/,file:///tmp/jetty-0.0.0.0-34797-hddsDatanode-_-any-1272580448652025250.dir/webapp/,AVAILABLE}{/hddsDatanode}
2019-08-20 14:51:35,779 INFO  server.AbstractConnector (AbstractConnector.java:doStart(278)) - Started ServerConnector@6c8e5ac4{HTTP/1.1,[http/1.1]}{0.0.0.0:34797}
2019-08-20 14:51:35,780 INFO  server.Server (Server.java:doStart(419)) - Started @113247ms
2019-08-20 14:51:35,781 INFO  server.BaseHttpServer (BaseHttpServer.java:updateConnectorAddress(213)) - HTTP server of HDDSDATANODE is listening at http://0.0.0.0:34797
2019-08-20 14:51:35,935 INFO  ozone.HddsDatanodeService (HddsDatanodeService.java:startPlugins(395)) - Started plug-in org.apache.hadoop.ozone.web.OzoneHddsDatanodeService@29db008c
2019-08-20 14:51:35,935 INFO  impl.MetricsSystemImpl (MetricsSystemImpl.java:init(158)) - HddsDatanode metrics system started (again)
2019-08-20 14:51:35,939 INFO  util.JvmPauseMonitor (JvmPauseMonitor.java:run(188)) - Starting JVM pause monitor
2019-08-20 14:51:35,940 INFO  ozone.HddsDatanodeService (HddsDatanodeService.java:start(184)) - HddsDatanodeService host:pr-hdds-1054-6hltv-2752131155 ip:192.168.69.107
2019-08-20 14:51:35,941 INFO  datanode.InitDatanodeState (InitDatanodeState.java:persistContainerDatanodeDetails(140)) - DatanodeDetails is persisted to /workdir/hadoop-ozone/integration-test/target/test-dir/MiniOzoneClusterImpl-c74f0574-43a4-4fa8-97ed-eb665be36896/datanode-0/meta/datanode.id
2019-08-20 14:51:35,949 INFO  volume.HddsVolume (HddsVolume.java:<init>(176)) - Creating Volume: /workdir/hadoop-ozone/integration-test/target/test-dir/MiniOzoneClusterImpl-c74f0574-43a4-4fa8-97ed-eb665be36896/datanode-1/data/containers/hdds of  storage type : DISK and capacity : 1482555576320
2019-08-20 14:51:35,950 INFO  volume.VolumeSet (VolumeSet.java:initializeVolumeSet(170)) - Added Volume : /workdir/hadoop-ozone/integration-test/target/test-dir/MiniOzoneClusterImpl-c74f0574-43a4-4fa8-97ed-eb665be36896/datanode-1/data/containers/hdds to VolumeSet
2019-08-20 14:51:35,950 INFO  volume.ThrottledAsyncChecker (ThrottledAsyncChecker.java:schedule(140)) - Scheduling a check for org.apache.hadoop.ozone.container.common.volume.HddsVolume@21bf308
2019-08-20 14:51:35,951 INFO  volume.HddsVolumeChecker (HddsVolumeChecker.java:checkAllVolumes(203)) - Scheduled health check for volume org.apache.hadoop.ozone.container.common.volume.HddsVolume@21bf308
2019-08-20 14:51:35,976 INFO  impl.RaftServerProxy (ConfUtils.java:logGet(43)) - raft.rpc.type = GRPC (default)
2019-08-20 14:51:35,976 INFO  grpc.GrpcFactory (GrpcFactory.java:checkPooledByteBufAllocatorUseCacheForAllThreads(45)) - PERFORMANCE WARNING: useCacheForAllThreads is true that may cause Netty to create a lot garbage objects and, as a result, trigger GC.
	It is recommended to disable useCacheForAllThreads by setting -Dorg.apache.ratis.thirdparty.io.netty.allocator.useCacheForAllThreads=false in command line.
2019-08-20 14:51:35,977 INFO  grpc.GrpcConfigKeys$Server (ConfUtils.java:logGet(43)) - raft.grpc.server.port = 0 (default)
2019-08-20 14:51:35,977 INFO  server.GrpcService (ConfUtils.java:logGet(43)) - raft.grpc.message.size.max = 33570816 (custom)
2019-08-20 14:51:35,977 INFO  server.RaftServerConfigKeys (ConfUtils.java:logGet(43)) - raft.server.log.appender.buffer.byte-limit = 33554432 (custom)
2019-08-20 14:51:35,978 INFO  server.GrpcService (ConfUtils.java:logGet(43)) - raft.grpc.flow.control.window = 1MB (=1048576) (default)
2019-08-20 14:51:35,978 INFO  server.RaftServerConfigKeys (ConfUtils.java:logGet(43)) - raft.server.rpc.request.timeout = 3000ms (default)
2019-08-20 14:51:35,978 INFO  server.RaftServerConfigKeys (ConfUtils.java:logGet(43)) - raft.server.storage.dir = [/workdir/hadoop-ozone/integration-test/target/test-dir/MiniOzoneClusterImpl-c74f0574-43a4-4fa8-97ed-eb665be36896/datanode-1/data/ratis] (custom)
2019-08-20 14:51:35,979 INFO  replication.SimpleContainerDownloader (SimpleContainerDownloader.java:<init>(72)) - Starting container downloader service to copy containers to replicate.
2019-08-20 14:51:35,981 INFO  hdfs.DFSUtil (DFSUtil.java:httpServerTemplateForNNAndJN(1641)) - Starting Web-server for hddsDatanode at: http://0.0.0.0:0
2019-08-20 14:51:35,986 INFO  server.AuthenticationFilter (AuthenticationFilter.java:constructSecretProvider(240)) - Unable to initialize FileSignerSecretProvider, falling back to use random secrets.
2019-08-20 14:51:35,986 WARN  http.HttpRequestLog (HttpRequestLog.java:getRequestLog(97)) - Jetty request log can only be enabled using Log4j
2019-08-20 14:51:35,989 INFO  http.HttpServer2 (HttpServer2.java:addGlobalFilter(975)) - Added global filter 'safety' (class=org.apache.hadoop.http.HttpServer2$QuotingInputFilter)
2019-08-20 14:51:35,989 INFO  http.HttpServer2 (HttpServer2.java:addFilter(948)) - Added filter static_user_filter (class=org.apache.hadoop.http.lib.StaticUserWebFilter$StaticUserFilter) to context hddsDatanode
2019-08-20 14:51:35,989 INFO  http.HttpServer2 (HttpServer2.java:addFilter(958)) - Added filter static_user_filter (class=org.apache.hadoop.http.lib.StaticUserWebFilter$StaticUserFilter) to context logs
2019-08-20 14:51:35,990 INFO  http.HttpServer2 (HttpServer2.java:addFilter(958)) - Added filter static_user_filter (class=org.apache.hadoop.http.lib.StaticUserWebFilter$StaticUserFilter) to context static
2019-08-20 14:51:35,990 INFO  http.HttpServer2 (HttpServer2.java:bindListener(1191)) - Jetty bound to port 40888
2019-08-20 14:51:35,991 INFO  server.Server (Server.java:doStart(351)) - jetty-9.3.24.v20180605, build timestamp: 2018-06-05T17:11:56Z, git hash: 84205aa28f11a4f31f2a3b86d1bba2cc8ab69827
2019-08-20 14:51:35,993 INFO  handler.ContextHandler (ContextHandler.java:doStart(781)) - Started o.e.j.s.ServletContextHandler@237cd264{/logs,file:///workdir/hadoop-ozone/integration-test/target/log,AVAILABLE}
2019-08-20 14:51:35,993 INFO  handler.ContextHandler (ContextHandler.java:doStart(781)) - Started o.e.j.s.ServletContextHandler@5521407f{/static,jar:file:/home/user/.m2/repository/org/apache/hadoop/hadoop-hdds-container-service/0.5.0-SNAPSHOT/hadoop-hdds-container-service-0.5.0-SNAPSHOT.jar!/webapps/static,AVAILABLE}
2019-08-20 14:51:36,033 INFO  handler.ContextHandler (ContextHandler.java:doStart(781)) - Started o.e.j.w.WebAppContext@195cbf5e{/,file:///tmp/jetty-0.0.0.0-40888-hddsDatanode-_-any-8072527862608403736.dir/webapp/,AVAILABLE}{/hddsDatanode}
2019-08-20 14:51:36,034 INFO  server.AbstractConnector (AbstractConnector.java:doStart(278)) - Started ServerConnector@4cb82b09{HTTP/1.1,[http/1.1]}{0.0.0.0:40888}
2019-08-20 14:51:36,037 INFO  server.Server (Server.java:doStart(419)) - Started @113504ms
2019-08-20 14:51:36,038 INFO  server.BaseHttpServer (BaseHttpServer.java:updateConnectorAddress(213)) - HTTP server of HDDSDATANODE is listening at http://0.0.0.0:40888
2019-08-20 14:51:36,205 INFO  ozone.HddsDatanodeService (HddsDatanodeService.java:startPlugins(395)) - Started plug-in org.apache.hadoop.ozone.web.OzoneHddsDatanodeService@60ef30b1
2019-08-20 14:51:36,205 INFO  impl.MetricsSystemImpl (MetricsSystemImpl.java:init(158)) - HddsDatanode metrics system started (again)
2019-08-20 14:51:36,208 INFO  util.JvmPauseMonitor (JvmPauseMonitor.java:run(188)) - Starting JVM pause monitor
2019-08-20 14:51:36,208 INFO  ozone.HddsDatanodeService (HddsDatanodeService.java:start(184)) - HddsDatanodeService host:pr-hdds-1054-6hltv-2752131155 ip:192.168.69.107
2019-08-20 14:51:36,211 INFO  datanode.InitDatanodeState (InitDatanodeState.java:persistContainerDatanodeDetails(140)) - DatanodeDetails is persisted to /workdir/hadoop-ozone/integration-test/target/test-dir/MiniOzoneClusterImpl-c74f0574-43a4-4fa8-97ed-eb665be36896/datanode-1/meta/datanode.id
2019-08-20 14:51:36,216 INFO  volume.HddsVolume (HddsVolume.java:<init>(176)) - Creating Volume: /workdir/hadoop-ozone/integration-test/target/test-dir/MiniOzoneClusterImpl-c74f0574-43a4-4fa8-97ed-eb665be36896/datanode-2/data/containers/hdds of  storage type : DISK and capacity : 1482555576320
2019-08-20 14:51:36,216 INFO  volume.VolumeSet (VolumeSet.java:initializeVolumeSet(170)) - Added Volume : /workdir/hadoop-ozone/integration-test/target/test-dir/MiniOzoneClusterImpl-c74f0574-43a4-4fa8-97ed-eb665be36896/datanode-2/data/containers/hdds to VolumeSet
2019-08-20 14:51:36,217 INFO  volume.ThrottledAsyncChecker (ThrottledAsyncChecker.java:schedule(140)) - Scheduling a check for org.apache.hadoop.ozone.container.common.volume.HddsVolume@4d79d187
2019-08-20 14:51:36,217 INFO  volume.HddsVolumeChecker (HddsVolumeChecker.java:checkAllVolumes(203)) - Scheduled health check for volume org.apache.hadoop.ozone.container.common.volume.HddsVolume@4d79d187
2019-08-20 14:51:36,231 INFO  impl.RaftServerProxy (ConfUtils.java:logGet(43)) - raft.rpc.type = GRPC (default)
2019-08-20 14:51:36,231 INFO  grpc.GrpcFactory (GrpcFactory.java:checkPooledByteBufAllocatorUseCacheForAllThreads(45)) - PERFORMANCE WARNING: useCacheForAllThreads is true that may cause Netty to create a lot garbage objects and, as a result, trigger GC.
	It is recommended to disable useCacheForAllThreads by setting -Dorg.apache.ratis.thirdparty.io.netty.allocator.useCacheForAllThreads=false in command line.
2019-08-20 14:51:36,231 INFO  grpc.GrpcConfigKeys$Server (ConfUtils.java:logGet(43)) - raft.grpc.server.port = 0 (default)
2019-08-20 14:51:36,231 INFO  server.GrpcService (ConfUtils.java:logGet(43)) - raft.grpc.message.size.max = 33570816 (custom)
2019-08-20 14:51:36,232 INFO  server.RaftServerConfigKeys (ConfUtils.java:logGet(43)) - raft.server.log.appender.buffer.byte-limit = 33554432 (custom)
2019-08-20 14:51:36,232 INFO  server.GrpcService (ConfUtils.java:logGet(43)) - raft.grpc.flow.control.window = 1MB (=1048576) (default)
2019-08-20 14:51:36,232 INFO  server.RaftServerConfigKeys (ConfUtils.java:logGet(43)) - raft.server.rpc.request.timeout = 3000ms (default)
2019-08-20 14:51:36,232 INFO  server.RaftServerConfigKeys (ConfUtils.java:logGet(43)) - raft.server.storage.dir = [/workdir/hadoop-ozone/integration-test/target/test-dir/MiniOzoneClusterImpl-c74f0574-43a4-4fa8-97ed-eb665be36896/datanode-2/data/ratis] (custom)
2019-08-20 14:51:36,233 INFO  replication.SimpleContainerDownloader (SimpleContainerDownloader.java:<init>(72)) - Starting container downloader service to copy containers to replicate.
2019-08-20 14:51:36,234 INFO  hdfs.DFSUtil (DFSUtil.java:httpServerTemplateForNNAndJN(1641)) - Starting Web-server for hddsDatanode at: http://0.0.0.0:0
2019-08-20 14:51:36,236 INFO  server.AuthenticationFilter (AuthenticationFilter.java:constructSecretProvider(240)) - Unable to initialize FileSignerSecretProvider, falling back to use random secrets.
2019-08-20 14:51:36,236 WARN  http.HttpRequestLog (HttpRequestLog.java:getRequestLog(97)) - Jetty request log can only be enabled using Log4j
2019-08-20 14:51:36,238 INFO  http.HttpServer2 (HttpServer2.java:addGlobalFilter(975)) - Added global filter 'safety' (class=org.apache.hadoop.http.HttpServer2$QuotingInputFilter)
2019-08-20 14:51:36,238 INFO  http.HttpServer2 (HttpServer2.java:addFilter(948)) - Added filter static_user_filter (class=org.apache.hadoop.http.lib.StaticUserWebFilter$StaticUserFilter) to context hddsDatanode
2019-08-20 14:51:36,238 INFO  http.HttpServer2 (HttpServer2.java:addFilter(958)) - Added filter static_user_filter (class=org.apache.hadoop.http.lib.StaticUserWebFilter$StaticUserFilter) to context logs
2019-08-20 14:51:36,239 INFO  http.HttpServer2 (HttpServer2.java:addFilter(958)) - Added filter static_user_filter (class=org.apache.hadoop.http.lib.StaticUserWebFilter$StaticUserFilter) to context static
2019-08-20 14:51:36,239 INFO  http.HttpServer2 (HttpServer2.java:bindListener(1191)) - Jetty bound to port 44203
2019-08-20 14:51:36,239 INFO  server.Server (Server.java:doStart(351)) - jetty-9.3.24.v20180605, build timestamp: 2018-06-05T17:11:56Z, git hash: 84205aa28f11a4f31f2a3b86d1bba2cc8ab69827
2019-08-20 14:51:36,241 INFO  handler.ContextHandler (ContextHandler.java:doStart(781)) - Started o.e.j.s.ServletContextHandler@363fe35a{/logs,file:///workdir/hadoop-ozone/integration-test/target/log,AVAILABLE}
2019-08-20 14:51:36,242 INFO  handler.ContextHandler (ContextHandler.java:doStart(781)) - Started o.e.j.s.ServletContextHandler@350e3fb4{/static,jar:file:/home/user/.m2/repository/org/apache/hadoop/hadoop-hdds-container-service/0.5.0-SNAPSHOT/hadoop-hdds-container-service-0.5.0-SNAPSHOT.jar!/webapps/static,AVAILABLE}
2019-08-20 14:51:36,281 INFO  handler.ContextHandler (ContextHandler.java:doStart(781)) - Started o.e.j.w.WebAppContext@52f7fa65{/,file:///tmp/jetty-0.0.0.0-44203-hddsDatanode-_-any-1546192649745935725.dir/webapp/,AVAILABLE}{/hddsDatanode}
2019-08-20 14:51:36,282 INFO  server.AbstractConnector (AbstractConnector.java:doStart(278)) - Started ServerConnector@62c6db99{HTTP/1.1,[http/1.1]}{0.0.0.0:44203}
2019-08-20 14:51:36,283 INFO  server.Server (Server.java:doStart(419)) - Started @113750ms
2019-08-20 14:51:36,284 INFO  server.BaseHttpServer (BaseHttpServer.java:updateConnectorAddress(213)) - HTTP server of HDDSDATANODE is listening at http://0.0.0.0:44203
2019-08-20 14:51:36,410 INFO  ozone.HddsDatanodeService (HddsDatanodeService.java:startPlugins(395)) - Started plug-in org.apache.hadoop.ozone.web.OzoneHddsDatanodeService@568c9ee1
2019-08-20 14:51:36,410 INFO  impl.MetricsSystemImpl (MetricsSystemImpl.java:init(158)) - HddsDatanode metrics system started (again)
2019-08-20 14:51:36,413 INFO  util.JvmPauseMonitor (JvmPauseMonitor.java:run(188)) - Starting JVM pause monitor
2019-08-20 14:51:36,413 INFO  ozone.HddsDatanodeService (HddsDatanodeService.java:start(184)) - HddsDatanodeService host:pr-hdds-1054-6hltv-2752131155 ip:192.168.69.107
2019-08-20 14:51:36,414 INFO  datanode.InitDatanodeState (InitDatanodeState.java:persistContainerDatanodeDetails(140)) - DatanodeDetails is persisted to /workdir/hadoop-ozone/integration-test/target/test-dir/MiniOzoneClusterImpl-c74f0574-43a4-4fa8-97ed-eb665be36896/datanode-2/meta/datanode.id
2019-08-20 14:51:36,423 INFO  volume.HddsVolume (HddsVolume.java:<init>(176)) - Creating Volume: /workdir/hadoop-ozone/integration-test/target/test-dir/MiniOzoneClusterImpl-c74f0574-43a4-4fa8-97ed-eb665be36896/datanode-3/data/containers/hdds of  storage type : DISK and capacity : 1482555576320
2019-08-20 14:51:36,423 INFO  volume.VolumeSet (VolumeSet.java:initializeVolumeSet(170)) - Added Volume : /workdir/hadoop-ozone/integration-test/target/test-dir/MiniOzoneClusterImpl-c74f0574-43a4-4fa8-97ed-eb665be36896/datanode-3/data/containers/hdds to VolumeSet
2019-08-20 14:51:36,423 INFO  volume.ThrottledAsyncChecker (ThrottledAsyncChecker.java:schedule(140)) - Scheduling a check for org.apache.hadoop.ozone.container.common.volume.HddsVolume@78aa1753
2019-08-20 14:51:36,424 INFO  volume.HddsVolumeChecker (HddsVolumeChecker.java:checkAllVolumes(203)) - Scheduled health check for volume org.apache.hadoop.ozone.container.common.volume.HddsVolume@78aa1753
2019-08-20 14:51:36,436 INFO  impl.RaftServerProxy (ConfUtils.java:logGet(43)) - raft.rpc.type = GRPC (default)
2019-08-20 14:51:36,437 INFO  grpc.GrpcFactory (GrpcFactory.java:checkPooledByteBufAllocatorUseCacheForAllThreads(45)) - PERFORMANCE WARNING: useCacheForAllThreads is true that may cause Netty to create a lot garbage objects and, as a result, trigger GC.
	It is recommended to disable useCacheForAllThreads by setting -Dorg.apache.ratis.thirdparty.io.netty.allocator.useCacheForAllThreads=false in command line.
2019-08-20 14:51:36,437 INFO  grpc.GrpcConfigKeys$Server (ConfUtils.java:logGet(43)) - raft.grpc.server.port = 0 (default)
2019-08-20 14:51:36,437 INFO  server.GrpcService (ConfUtils.java:logGet(43)) - raft.grpc.message.size.max = 33570816 (custom)
2019-08-20 14:51:36,437 INFO  server.RaftServerConfigKeys (ConfUtils.java:logGet(43)) - raft.server.log.appender.buffer.byte-limit = 33554432 (custom)
2019-08-20 14:51:36,437 INFO  server.GrpcService (ConfUtils.java:logGet(43)) - raft.grpc.flow.control.window = 1MB (=1048576) (default)
2019-08-20 14:51:36,438 INFO  server.RaftServerConfigKeys (ConfUtils.java:logGet(43)) - raft.server.rpc.request.timeout = 3000ms (default)
2019-08-20 14:51:36,438 INFO  server.RaftServerConfigKeys (ConfUtils.java:logGet(43)) - raft.server.storage.dir = [/workdir/hadoop-ozone/integration-test/target/test-dir/MiniOzoneClusterImpl-c74f0574-43a4-4fa8-97ed-eb665be36896/datanode-3/data/ratis] (custom)
2019-08-20 14:51:36,438 INFO  replication.SimpleContainerDownloader (SimpleContainerDownloader.java:<init>(72)) - Starting container downloader service to copy containers to replicate.
2019-08-20 14:51:36,440 INFO  hdfs.DFSUtil (DFSUtil.java:httpServerTemplateForNNAndJN(1641)) - Starting Web-server for hddsDatanode at: http://0.0.0.0:0
2019-08-20 14:51:36,441 INFO  server.AuthenticationFilter (AuthenticationFilter.java:constructSecretProvider(240)) - Unable to initialize FileSignerSecretProvider, falling back to use random secrets.
2019-08-20 14:51:36,441 WARN  http.HttpRequestLog (HttpRequestLog.java:getRequestLog(97)) - Jetty request log can only be enabled using Log4j
2019-08-20 14:51:36,442 INFO  http.HttpServer2 (HttpServer2.java:addGlobalFilter(975)) - Added global filter 'safety' (class=org.apache.hadoop.http.HttpServer2$QuotingInputFilter)
2019-08-20 14:51:36,443 INFO  http.HttpServer2 (HttpServer2.java:addFilter(948)) - Added filter static_user_filter (class=org.apache.hadoop.http.lib.StaticUserWebFilter$StaticUserFilter) to context hddsDatanode
2019-08-20 14:51:36,443 INFO  http.HttpServer2 (HttpServer2.java:addFilter(958)) - Added filter static_user_filter (class=org.apache.hadoop.http.lib.StaticUserWebFilter$StaticUserFilter) to context static
2019-08-20 14:51:36,443 INFO  http.HttpServer2 (HttpServer2.java:addFilter(958)) - Added filter static_user_filter (class=org.apache.hadoop.http.lib.StaticUserWebFilter$StaticUserFilter) to context logs
2019-08-20 14:51:36,444 INFO  http.HttpServer2 (HttpServer2.java:bindListener(1191)) - Jetty bound to port 43804
2019-08-20 14:51:36,444 INFO  server.Server (Server.java:doStart(351)) - jetty-9.3.24.v20180605, build timestamp: 2018-06-05T17:11:56Z, git hash: 84205aa28f11a4f31f2a3b86d1bba2cc8ab69827
2019-08-20 14:51:36,446 INFO  handler.ContextHandler (ContextHandler.java:doStart(781)) - Started o.e.j.s.ServletContextHandler@2a8e30e3{/logs,file:///workdir/hadoop-ozone/integration-test/target/log,AVAILABLE}
2019-08-20 14:51:36,446 INFO  handler.ContextHandler (ContextHandler.java:doStart(781)) - Started o.e.j.s.ServletContextHandler@4cd51e4e{/static,jar:file:/home/user/.m2/repository/org/apache/hadoop/hadoop-hdds-container-service/0.5.0-SNAPSHOT/hadoop-hdds-container-service-0.5.0-SNAPSHOT.jar!/webapps/static,AVAILABLE}
2019-08-20 14:51:36,472 INFO  handler.ContextHandler (ContextHandler.java:doStart(781)) - Started o.e.j.w.WebAppContext@6fad5ace{/,file:///tmp/jetty-0.0.0.0-43804-hddsDatanode-_-any-9054954915227739906.dir/webapp/,AVAILABLE}{/hddsDatanode}
2019-08-20 14:51:36,473 INFO  server.AbstractConnector (AbstractConnector.java:doStart(278)) - Started ServerConnector@632dc41{HTTP/1.1,[http/1.1]}{0.0.0.0:43804}
2019-08-20 14:51:36,474 INFO  server.Server (Server.java:doStart(419)) - Started @113941ms
2019-08-20 14:51:36,475 INFO  server.BaseHttpServer (BaseHttpServer.java:updateConnectorAddress(213)) - HTTP server of HDDSDATANODE is listening at http://0.0.0.0:43804
2019-08-20 14:51:36,612 INFO  ozone.HddsDatanodeService (HddsDatanodeService.java:startPlugins(395)) - Started plug-in org.apache.hadoop.ozone.web.OzoneHddsDatanodeService@642ec6
2019-08-20 14:51:36,612 INFO  impl.MetricsSystemImpl (MetricsSystemImpl.java:init(158)) - HddsDatanode metrics system started (again)
2019-08-20 14:51:36,616 INFO  util.JvmPauseMonitor (JvmPauseMonitor.java:run(188)) - Starting JVM pause monitor
2019-08-20 14:51:36,616 INFO  ozone.HddsDatanodeService (HddsDatanodeService.java:start(184)) - HddsDatanodeService host:pr-hdds-1054-6hltv-2752131155 ip:192.168.69.107
2019-08-20 14:51:36,618 INFO  datanode.InitDatanodeState (InitDatanodeState.java:persistContainerDatanodeDetails(140)) - DatanodeDetails is persisted to /workdir/hadoop-ozone/integration-test/target/test-dir/MiniOzoneClusterImpl-c74f0574-43a4-4fa8-97ed-eb665be36896/datanode-3/meta/datanode.id
2019-08-20 14:51:36,632 INFO  volume.HddsVolume (HddsVolume.java:<init>(176)) - Creating Volume: /workdir/hadoop-ozone/integration-test/target/test-dir/MiniOzoneClusterImpl-c74f0574-43a4-4fa8-97ed-eb665be36896/datanode-4/data/containers/hdds of  storage type : DISK and capacity : 1482555576320
2019-08-20 14:51:36,632 INFO  volume.VolumeSet (VolumeSet.java:initializeVolumeSet(170)) - Added Volume : /workdir/hadoop-ozone/integration-test/target/test-dir/MiniOzoneClusterImpl-c74f0574-43a4-4fa8-97ed-eb665be36896/datanode-4/data/containers/hdds to VolumeSet
2019-08-20 14:51:36,633 INFO  volume.ThrottledAsyncChecker (ThrottledAsyncChecker.java:schedule(140)) - Scheduling a check for org.apache.hadoop.ozone.container.common.volume.HddsVolume@61fa3583
2019-08-20 14:51:36,633 INFO  volume.HddsVolumeChecker (HddsVolumeChecker.java:checkAllVolumes(203)) - Scheduled health check for volume org.apache.hadoop.ozone.container.common.volume.HddsVolume@61fa3583
2019-08-20 14:51:36,648 INFO  impl.RaftServerProxy (ConfUtils.java:logGet(43)) - raft.rpc.type = GRPC (default)
2019-08-20 14:51:36,648 INFO  grpc.GrpcFactory (GrpcFactory.java:checkPooledByteBufAllocatorUseCacheForAllThreads(45)) - PERFORMANCE WARNING: useCacheForAllThreads is true that may cause Netty to create a lot garbage objects and, as a result, trigger GC.
	It is recommended to disable useCacheForAllThreads by setting -Dorg.apache.ratis.thirdparty.io.netty.allocator.useCacheForAllThreads=false in command line.
2019-08-20 14:51:36,648 INFO  grpc.GrpcConfigKeys$Server (ConfUtils.java:logGet(43)) - raft.grpc.server.port = 0 (default)
2019-08-20 14:51:36,648 INFO  server.GrpcService (ConfUtils.java:logGet(43)) - raft.grpc.message.size.max = 33570816 (custom)
2019-08-20 14:51:36,649 INFO  server.RaftServerConfigKeys (ConfUtils.java:logGet(43)) - raft.server.log.appender.buffer.byte-limit = 33554432 (custom)
2019-08-20 14:51:36,649 INFO  server.GrpcService (ConfUtils.java:logGet(43)) - raft.grpc.flow.control.window = 1MB (=1048576) (default)
2019-08-20 14:51:36,649 INFO  server.RaftServerConfigKeys (ConfUtils.java:logGet(43)) - raft.server.rpc.request.timeout = 3000ms (default)
2019-08-20 14:51:36,649 INFO  server.RaftServerConfigKeys (ConfUtils.java:logGet(43)) - raft.server.storage.dir = [/workdir/hadoop-ozone/integration-test/target/test-dir/MiniOzoneClusterImpl-c74f0574-43a4-4fa8-97ed-eb665be36896/datanode-4/data/ratis] (custom)
2019-08-20 14:51:36,650 INFO  replication.SimpleContainerDownloader (SimpleContainerDownloader.java:<init>(72)) - Starting container downloader service to copy containers to replicate.
2019-08-20 14:51:36,651 INFO  hdfs.DFSUtil (DFSUtil.java:httpServerTemplateForNNAndJN(1641)) - Starting Web-server for hddsDatanode at: http://0.0.0.0:0
2019-08-20 14:51:36,653 INFO  server.AuthenticationFilter (AuthenticationFilter.java:constructSecretProvider(240)) - Unable to initialize FileSignerSecretProvider, falling back to use random secrets.
2019-08-20 14:51:36,653 WARN  http.HttpRequestLog (HttpRequestLog.java:getRequestLog(97)) - Jetty request log can only be enabled using Log4j
2019-08-20 14:51:36,655 INFO  http.HttpServer2 (HttpServer2.java:addGlobalFilter(975)) - Added global filter 'safety' (class=org.apache.hadoop.http.HttpServer2$QuotingInputFilter)
2019-08-20 14:51:36,656 INFO  http.HttpServer2 (HttpServer2.java:addFilter(948)) - Added filter static_user_filter (class=org.apache.hadoop.http.lib.StaticUserWebFilter$StaticUserFilter) to context hddsDatanode
2019-08-20 14:51:36,656 INFO  http.HttpServer2 (HttpServer2.java:addFilter(958)) - Added filter static_user_filter (class=org.apache.hadoop.http.lib.StaticUserWebFilter$StaticUserFilter) to context static
2019-08-20 14:51:36,656 INFO  http.HttpServer2 (HttpServer2.java:addFilter(958)) - Added filter static_user_filter (class=org.apache.hadoop.http.lib.StaticUserWebFilter$StaticUserFilter) to context logs
2019-08-20 14:51:36,657 INFO  http.HttpServer2 (HttpServer2.java:bindListener(1191)) - Jetty bound to port 42194
2019-08-20 14:51:36,657 INFO  server.Server (Server.java:doStart(351)) - jetty-9.3.24.v20180605, build timestamp: 2018-06-05T17:11:56Z, git hash: 84205aa28f11a4f31f2a3b86d1bba2cc8ab69827
2019-08-20 14:51:36,659 INFO  handler.ContextHandler (ContextHandler.java:doStart(781)) - Started o.e.j.s.ServletContextHandler@6b576ff8{/logs,file:///workdir/hadoop-ozone/integration-test/target/log,AVAILABLE}
2019-08-20 14:51:36,660 INFO  handler.ContextHandler (ContextHandler.java:doStart(781)) - Started o.e.j.s.ServletContextHandler@21022cbb{/static,jar:file:/home/user/.m2/repository/org/apache/hadoop/hadoop-hdds-container-service/0.5.0-SNAPSHOT/hadoop-hdds-container-service-0.5.0-SNAPSHOT.jar!/webapps/static,AVAILABLE}
2019-08-20 14:51:36,691 INFO  handler.ContextHandler (ContextHandler.java:doStart(781)) - Started o.e.j.w.WebAppContext@3966c679{/,file:///tmp/jetty-0.0.0.0-42194-hddsDatanode-_-any-1322118493053343528.dir/webapp/,AVAILABLE}{/hddsDatanode}
2019-08-20 14:51:36,692 INFO  server.AbstractConnector (AbstractConnector.java:doStart(278)) - Started ServerConnector@66a99584{HTTP/1.1,[http/1.1]}{0.0.0.0:42194}
2019-08-20 14:51:36,694 INFO  server.Server (Server.java:doStart(419)) - Started @114161ms
2019-08-20 14:51:36,695 INFO  server.BaseHttpServer (BaseHttpServer.java:updateConnectorAddress(213)) - HTTP server of HDDSDATANODE is listening at http://0.0.0.0:42194
2019-08-20 14:51:36,839 INFO  ozone.HddsDatanodeService (HddsDatanodeService.java:startPlugins(395)) - Started plug-in org.apache.hadoop.ozone.web.OzoneHddsDatanodeService@3225d950
2019-08-20 14:51:36,840 INFO  impl.MetricsSystemImpl (MetricsSystemImpl.java:init(158)) - HddsDatanode metrics system started (again)
2019-08-20 14:51:36,843 INFO  util.JvmPauseMonitor (JvmPauseMonitor.java:run(188)) - Starting JVM pause monitor
2019-08-20 14:51:36,843 INFO  ozone.HddsDatanodeService (HddsDatanodeService.java:start(184)) - HddsDatanodeService host:pr-hdds-1054-6hltv-2752131155 ip:192.168.69.107
2019-08-20 14:51:36,844 INFO  datanode.InitDatanodeState (InitDatanodeState.java:persistContainerDatanodeDetails(140)) - DatanodeDetails is persisted to /workdir/hadoop-ozone/integration-test/target/test-dir/MiniOzoneClusterImpl-c74f0574-43a4-4fa8-97ed-eb665be36896/datanode-4/meta/datanode.id
2019-08-20 14:51:36,850 INFO  volume.HddsVolume (HddsVolume.java:<init>(176)) - Creating Volume: /workdir/hadoop-ozone/integration-test/target/test-dir/MiniOzoneClusterImpl-c74f0574-43a4-4fa8-97ed-eb665be36896/datanode-5/data/containers/hdds of  storage type : DISK and capacity : 1482555576320
2019-08-20 14:51:36,851 INFO  volume.VolumeSet (VolumeSet.java:initializeVolumeSet(170)) - Added Volume : /workdir/hadoop-ozone/integration-test/target/test-dir/MiniOzoneClusterImpl-c74f0574-43a4-4fa8-97ed-eb665be36896/datanode-5/data/containers/hdds to VolumeSet
2019-08-20 14:51:36,851 INFO  volume.ThrottledAsyncChecker (ThrottledAsyncChecker.java:schedule(140)) - Scheduling a check for org.apache.hadoop.ozone.container.common.volume.HddsVolume@7c39193f
2019-08-20 14:51:36,852 INFO  volume.HddsVolumeChecker (HddsVolumeChecker.java:checkAllVolumes(203)) - Scheduled health check for volume org.apache.hadoop.ozone.container.common.volume.HddsVolume@7c39193f
2019-08-20 14:51:36,865 INFO  impl.RaftServerProxy (ConfUtils.java:logGet(43)) - raft.rpc.type = GRPC (default)
2019-08-20 14:51:36,865 INFO  grpc.GrpcFactory (GrpcFactory.java:checkPooledByteBufAllocatorUseCacheForAllThreads(45)) - PERFORMANCE WARNING: useCacheForAllThreads is true that may cause Netty to create a lot garbage objects and, as a result, trigger GC.
	It is recommended to disable useCacheForAllThreads by setting -Dorg.apache.ratis.thirdparty.io.netty.allocator.useCacheForAllThreads=false in command line.
2019-08-20 14:51:36,866 INFO  grpc.GrpcConfigKeys$Server (ConfUtils.java:logGet(43)) - raft.grpc.server.port = 0 (default)
2019-08-20 14:51:36,866 INFO  server.GrpcService (ConfUtils.java:logGet(43)) - raft.grpc.message.size.max = 33570816 (custom)
2019-08-20 14:51:36,866 INFO  server.RaftServerConfigKeys (ConfUtils.java:logGet(43)) - raft.server.log.appender.buffer.byte-limit = 33554432 (custom)
2019-08-20 14:51:36,866 INFO  server.GrpcService (ConfUtils.java:logGet(43)) - raft.grpc.flow.control.window = 1MB (=1048576) (default)
2019-08-20 14:51:36,867 INFO  server.RaftServerConfigKeys (ConfUtils.java:logGet(43)) - raft.server.rpc.request.timeout = 3000ms (default)
2019-08-20 14:51:36,867 INFO  server.RaftServerConfigKeys (ConfUtils.java:logGet(43)) - raft.server.storage.dir = [/workdir/hadoop-ozone/integration-test/target/test-dir/MiniOzoneClusterImpl-c74f0574-43a4-4fa8-97ed-eb665be36896/datanode-5/data/ratis] (custom)
2019-08-20 14:51:36,868 INFO  replication.SimpleContainerDownloader (SimpleContainerDownloader.java:<init>(72)) - Starting container downloader service to copy containers to replicate.
2019-08-20 14:51:36,869 INFO  hdfs.DFSUtil (DFSUtil.java:httpServerTemplateForNNAndJN(1641)) - Starting Web-server for hddsDatanode at: http://0.0.0.0:0
2019-08-20 14:51:36,870 INFO  server.AuthenticationFilter (AuthenticationFilter.java:constructSecretProvider(240)) - Unable to initialize FileSignerSecretProvider, falling back to use random secrets.
2019-08-20 14:51:36,870 WARN  http.HttpRequestLog (HttpRequestLog.java:getRequestLog(97)) - Jetty request log can only be enabled using Log4j
2019-08-20 14:51:36,872 INFO  http.HttpServer2 (HttpServer2.java:addGlobalFilter(975)) - Added global filter 'safety' (class=org.apache.hadoop.http.HttpServer2$QuotingInputFilter)
2019-08-20 14:51:36,872 INFO  http.HttpServer2 (HttpServer2.java:addFilter(948)) - Added filter static_user_filter (class=org.apache.hadoop.http.lib.StaticUserWebFilter$StaticUserFilter) to context hddsDatanode
2019-08-20 14:51:36,872 INFO  http.HttpServer2 (HttpServer2.java:addFilter(958)) - Added filter static_user_filter (class=org.apache.hadoop.http.lib.StaticUserWebFilter$StaticUserFilter) to context logs
2019-08-20 14:51:36,872 INFO  http.HttpServer2 (HttpServer2.java:addFilter(958)) - Added filter static_user_filter (class=org.apache.hadoop.http.lib.StaticUserWebFilter$StaticUserFilter) to context static
2019-08-20 14:51:36,873 INFO  http.HttpServer2 (HttpServer2.java:bindListener(1191)) - Jetty bound to port 44916
2019-08-20 14:51:36,873 INFO  server.Server (Server.java:doStart(351)) - jetty-9.3.24.v20180605, build timestamp: 2018-06-05T17:11:56Z, git hash: 84205aa28f11a4f31f2a3b86d1bba2cc8ab69827
2019-08-20 14:51:36,874 INFO  handler.ContextHandler (ContextHandler.java:doStart(781)) - Started o.e.j.s.ServletContextHandler@35d3202b{/logs,file:///workdir/hadoop-ozone/integration-test/target/log,AVAILABLE}
2019-08-20 14:51:36,875 INFO  handler.ContextHandler (ContextHandler.java:doStart(781)) - Started o.e.j.s.ServletContextHandler@64381526{/static,jar:file:/home/user/.m2/repository/org/apache/hadoop/hadoop-hdds-container-service/0.5.0-SNAPSHOT/hadoop-hdds-container-service-0.5.0-SNAPSHOT.jar!/webapps/static,AVAILABLE}
2019-08-20 14:51:36,901 INFO  handler.ContextHandler (ContextHandler.java:doStart(781)) - Started o.e.j.w.WebAppContext@488279d3{/,file:///tmp/jetty-0.0.0.0-44916-hddsDatanode-_-any-1440290699482680640.dir/webapp/,AVAILABLE}{/hddsDatanode}
2019-08-20 14:51:36,902 INFO  server.AbstractConnector (AbstractConnector.java:doStart(278)) - Started ServerConnector@27575bcd{HTTP/1.1,[http/1.1]}{0.0.0.0:44916}
2019-08-20 14:51:36,903 INFO  server.Server (Server.java:doStart(419)) - Started @114370ms
2019-08-20 14:51:36,904 INFO  server.BaseHttpServer (BaseHttpServer.java:updateConnectorAddress(213)) - HTTP server of HDDSDATANODE is listening at http://0.0.0.0:44916
2019-08-20 14:51:37,022 INFO  ozone.HddsDatanodeService (HddsDatanodeService.java:startPlugins(395)) - Started plug-in org.apache.hadoop.ozone.web.OzoneHddsDatanodeService@6003eb60
2019-08-20 14:51:37,022 INFO  impl.MetricsSystemImpl (MetricsSystemImpl.java:init(158)) - HddsDatanode metrics system started (again)
2019-08-20 14:51:37,026 INFO  util.JvmPauseMonitor (JvmPauseMonitor.java:run(188)) - Starting JVM pause monitor
2019-08-20 14:51:37,027 INFO  ozone.HddsDatanodeService (HddsDatanodeService.java:start(184)) - HddsDatanodeService host:pr-hdds-1054-6hltv-2752131155 ip:192.168.69.107
2019-08-20 14:51:37,028 INFO  datanode.InitDatanodeState (InitDatanodeState.java:persistContainerDatanodeDetails(140)) - DatanodeDetails is persisted to /workdir/hadoop-ozone/integration-test/target/test-dir/MiniOzoneClusterImpl-c74f0574-43a4-4fa8-97ed-eb665be36896/datanode-5/meta/datanode.id
2019-08-20 14:51:37,037 INFO  volume.HddsVolume (HddsVolume.java:<init>(176)) - Creating Volume: /workdir/hadoop-ozone/integration-test/target/test-dir/MiniOzoneClusterImpl-c74f0574-43a4-4fa8-97ed-eb665be36896/datanode-6/data/containers/hdds of  storage type : DISK and capacity : 1482555576320
2019-08-20 14:51:37,038 INFO  volume.VolumeSet (VolumeSet.java:initializeVolumeSet(170)) - Added Volume : /workdir/hadoop-ozone/integration-test/target/test-dir/MiniOzoneClusterImpl-c74f0574-43a4-4fa8-97ed-eb665be36896/datanode-6/data/containers/hdds to VolumeSet
2019-08-20 14:51:37,038 INFO  volume.ThrottledAsyncChecker (ThrottledAsyncChecker.java:schedule(140)) - Scheduling a check for org.apache.hadoop.ozone.container.common.volume.HddsVolume@3a359f7c
2019-08-20 14:51:37,039 INFO  volume.HddsVolumeChecker (HddsVolumeChecker.java:checkAllVolumes(203)) - Scheduled health check for volume org.apache.hadoop.ozone.container.common.volume.HddsVolume@3a359f7c
2019-08-20 14:51:37,058 INFO  impl.RaftServerProxy (ConfUtils.java:logGet(43)) - raft.rpc.type = GRPC (default)
2019-08-20 14:51:37,058 INFO  grpc.GrpcFactory (GrpcFactory.java:checkPooledByteBufAllocatorUseCacheForAllThreads(45)) - PERFORMANCE WARNING: useCacheForAllThreads is true that may cause Netty to create a lot garbage objects and, as a result, trigger GC.
	It is recommended to disable useCacheForAllThreads by setting -Dorg.apache.ratis.thirdparty.io.netty.allocator.useCacheForAllThreads=false in command line.
2019-08-20 14:51:37,058 INFO  grpc.GrpcConfigKeys$Server (ConfUtils.java:logGet(43)) - raft.grpc.server.port = 0 (default)
2019-08-20 14:51:37,058 INFO  server.GrpcService (ConfUtils.java:logGet(43)) - raft.grpc.message.size.max = 33570816 (custom)
2019-08-20 14:51:37,059 INFO  server.RaftServerConfigKeys (ConfUtils.java:logGet(43)) - raft.server.log.appender.buffer.byte-limit = 33554432 (custom)
2019-08-20 14:51:37,059 INFO  server.GrpcService (ConfUtils.java:logGet(43)) - raft.grpc.flow.control.window = 1MB (=1048576) (default)
2019-08-20 14:51:37,059 INFO  server.RaftServerConfigKeys (ConfUtils.java:logGet(43)) - raft.server.rpc.request.timeout = 3000ms (default)
2019-08-20 14:51:37,060 INFO  server.RaftServerConfigKeys (ConfUtils.java:logGet(43)) - raft.server.storage.dir = [/workdir/hadoop-ozone/integration-test/target/test-dir/MiniOzoneClusterImpl-c74f0574-43a4-4fa8-97ed-eb665be36896/datanode-6/data/ratis] (custom)
2019-08-20 14:51:37,060 INFO  replication.SimpleContainerDownloader (SimpleContainerDownloader.java:<init>(72)) - Starting container downloader service to copy containers to replicate.
2019-08-20 14:51:37,062 INFO  hdfs.DFSUtil (DFSUtil.java:httpServerTemplateForNNAndJN(1641)) - Starting Web-server for hddsDatanode at: http://0.0.0.0:0
2019-08-20 14:51:37,063 INFO  server.AuthenticationFilter (AuthenticationFilter.java:constructSecretProvider(240)) - Unable to initialize FileSignerSecretProvider, falling back to use random secrets.
2019-08-20 14:51:37,063 WARN  http.HttpRequestLog (HttpRequestLog.java:getRequestLog(97)) - Jetty request log can only be enabled using Log4j
2019-08-20 14:51:37,065 INFO  http.HttpServer2 (HttpServer2.java:addGlobalFilter(975)) - Added global filter 'safety' (class=org.apache.hadoop.http.HttpServer2$QuotingInputFilter)
2019-08-20 14:51:37,065 INFO  http.HttpServer2 (HttpServer2.java:addFilter(948)) - Added filter static_user_filter (class=org.apache.hadoop.http.lib.StaticUserWebFilter$StaticUserFilter) to context hddsDatanode
2019-08-20 14:51:37,065 INFO  http.HttpServer2 (HttpServer2.java:addFilter(958)) - Added filter static_user_filter (class=org.apache.hadoop.http.lib.StaticUserWebFilter$StaticUserFilter) to context static
2019-08-20 14:51:37,065 INFO  http.HttpServer2 (HttpServer2.java:addFilter(958)) - Added filter static_user_filter (class=org.apache.hadoop.http.lib.StaticUserWebFilter$StaticUserFilter) to context logs
2019-08-20 14:51:37,066 INFO  http.HttpServer2 (HttpServer2.java:bindListener(1191)) - Jetty bound to port 39260
2019-08-20 14:51:37,066 INFO  server.Server (Server.java:doStart(351)) - jetty-9.3.24.v20180605, build timestamp: 2018-06-05T17:11:56Z, git hash: 84205aa28f11a4f31f2a3b86d1bba2cc8ab69827
2019-08-20 14:51:37,067 INFO  handler.ContextHandler (ContextHandler.java:doStart(781)) - Started o.e.j.s.ServletContextHandler@57bfca3a{/logs,file:///workdir/hadoop-ozone/integration-test/target/log,AVAILABLE}
2019-08-20 14:51:37,068 INFO  handler.ContextHandler (ContextHandler.java:doStart(781)) - Started o.e.j.s.ServletContextHandler@4b9d2cee{/static,jar:file:/home/user/.m2/repository/org/apache/hadoop/hadoop-hdds-container-service/0.5.0-SNAPSHOT/hadoop-hdds-container-service-0.5.0-SNAPSHOT.jar!/webapps/static,AVAILABLE}
2019-08-20 14:51:37,095 INFO  handler.ContextHandler (ContextHandler.java:doStart(781)) - Started o.e.j.w.WebAppContext@5f26cb8b{/,file:///tmp/jetty-0.0.0.0-39260-hddsDatanode-_-any-1312231194926513049.dir/webapp/,AVAILABLE}{/hddsDatanode}
2019-08-20 14:51:37,095 INFO  server.AbstractConnector (AbstractConnector.java:doStart(278)) - Started ServerConnector@3a2a56f6{HTTP/1.1,[http/1.1]}{0.0.0.0:39260}
2019-08-20 14:51:37,097 INFO  server.Server (Server.java:doStart(419)) - Started @114564ms
2019-08-20 14:51:37,098 INFO  server.BaseHttpServer (BaseHttpServer.java:updateConnectorAddress(213)) - HTTP server of HDDSDATANODE is listening at http://0.0.0.0:39260
2019-08-20 14:51:37,346 INFO  ozone.HddsDatanodeService (HddsDatanodeService.java:startPlugins(395)) - Started plug-in org.apache.hadoop.ozone.web.OzoneHddsDatanodeService@55d8f6bb
2019-08-20 14:51:37,347 INFO  ozone.MiniOzoneClusterImpl (MiniOzoneClusterImpl.java:lambda$waitForClusterToBeReady$0(142)) - Waiting for cluster to be ready. Got 0 of 7 DN Heartbeats.
2019-08-20 14:51:37,348 INFO  util.JvmPauseMonitor (JvmPauseMonitor.java:run(188)) - Starting JVM pause monitor
2019-08-20 14:51:37,349 INFO  datanode.InitDatanodeState (InitDatanodeState.java:persistContainerDatanodeDetails(140)) - DatanodeDetails is persisted to /workdir/hadoop-ozone/integration-test/target/test-dir/MiniOzoneClusterImpl-c74f0574-43a4-4fa8-97ed-eb665be36896/datanode-6/meta/datanode.id
2019-08-20 14:51:37,962 INFO  ozoneimpl.OzoneContainer (OzoneContainer.java:start(186)) - Attempting to start container services.
2019-08-20 14:51:37,962 INFO  ozoneimpl.OzoneContainer (OzoneContainer.java:startContainerScrub(160)) - Background container scrubber has been disabled by hdds.containerscrub.enabled
2019-08-20 14:51:37,962 INFO  ratis.XceiverServerRatis (XceiverServerRatis.java:start(404)) - Starting XceiverServerRatis e8da62b6-b28b-4940-ab53-837f303f0ffe at port 0
2019-08-20 14:51:37,968 INFO  impl.RaftServerProxy (RaftServerProxy.java:lambda$start$3(299)) - e8da62b6-b28b-4940-ab53-837f303f0ffe: start RPC server
2019-08-20 14:51:37,969 INFO  server.GrpcService (GrpcService.java:startImpl(149)) - e8da62b6-b28b-4940-ab53-837f303f0ffe: GrpcService started, listening on 0.0.0.0/0.0.0.0:32984
2019-08-20 14:51:37,969 INFO  ratis.XceiverServerRatis (XceiverServerRatis.java:start(414)) - XceiverServerRatis e8da62b6-b28b-4940-ab53-837f303f0ffe is started using port 32984
2019-08-20 14:51:37,971 INFO  server.XceiverServerGrpc (XceiverServerGrpc.java:start(161)) - XceiverServerGrpc e8da62b6-b28b-4940-ab53-837f303f0ffe is started using port 41873
2019-08-20 14:51:38,235 INFO  ozoneimpl.OzoneContainer (OzoneContainer.java:start(186)) - Attempting to start container services.
2019-08-20 14:51:38,236 INFO  ozoneimpl.OzoneContainer (OzoneContainer.java:startContainerScrub(160)) - Background container scrubber has been disabled by hdds.containerscrub.enabled
2019-08-20 14:51:38,236 INFO  ratis.XceiverServerRatis (XceiverServerRatis.java:start(404)) - Starting XceiverServerRatis 973a9873-247c-4be8-a7a1-8a7292609846 at port 0
2019-08-20 14:51:38,242 INFO  impl.RaftServerProxy (RaftServerProxy.java:lambda$start$3(299)) - 973a9873-247c-4be8-a7a1-8a7292609846: start RPC server
2019-08-20 14:51:38,243 INFO  server.GrpcService (GrpcService.java:startImpl(149)) - 973a9873-247c-4be8-a7a1-8a7292609846: GrpcService started, listening on 0.0.0.0/0.0.0.0:42441
2019-08-20 14:51:38,243 INFO  ratis.XceiverServerRatis (XceiverServerRatis.java:start(414)) - XceiverServerRatis 973a9873-247c-4be8-a7a1-8a7292609846 is started using port 42441
2019-08-20 14:51:38,243 INFO  server.XceiverServerGrpc (XceiverServerGrpc.java:start(161)) - XceiverServerGrpc 973a9873-247c-4be8-a7a1-8a7292609846 is started using port 41377
2019-08-20 14:51:38,347 INFO  ozone.MiniOzoneClusterImpl (MiniOzoneClusterImpl.java:lambda$waitForClusterToBeReady$0(142)) - Waiting for cluster to be ready. Got 0 of 7 DN Heartbeats.
2019-08-20 14:51:38,436 INFO  ozoneimpl.OzoneContainer (OzoneContainer.java:start(186)) - Attempting to start container services.
2019-08-20 14:51:38,436 INFO  ozoneimpl.OzoneContainer (OzoneContainer.java:startContainerScrub(160)) - Background container scrubber has been disabled by hdds.containerscrub.enabled
2019-08-20 14:51:38,437 INFO  ratis.XceiverServerRatis (XceiverServerRatis.java:start(404)) - Starting XceiverServerRatis dc9a7e16-d776-4cd5-ab59-1213f44c5fc5 at port 0
2019-08-20 14:51:38,442 INFO  impl.RaftServerProxy (RaftServerProxy.java:lambda$start$3(299)) - dc9a7e16-d776-4cd5-ab59-1213f44c5fc5: start RPC server
2019-08-20 14:51:38,443 INFO  server.GrpcService (GrpcService.java:startImpl(149)) - dc9a7e16-d776-4cd5-ab59-1213f44c5fc5: GrpcService started, listening on 0.0.0.0/0.0.0.0:38424
2019-08-20 14:51:38,444 INFO  ratis.XceiverServerRatis (XceiverServerRatis.java:start(414)) - XceiverServerRatis dc9a7e16-d776-4cd5-ab59-1213f44c5fc5 is started using port 38424
2019-08-20 14:51:38,444 INFO  server.XceiverServerGrpc (XceiverServerGrpc.java:start(161)) - XceiverServerGrpc dc9a7e16-d776-4cd5-ab59-1213f44c5fc5 is started using port 36596
2019-08-20 14:51:38,630 INFO  ozoneimpl.OzoneContainer (OzoneContainer.java:start(186)) - Attempting to start container services.
2019-08-20 14:51:38,630 INFO  ozoneimpl.OzoneContainer (OzoneContainer.java:startContainerScrub(160)) - Background container scrubber has been disabled by hdds.containerscrub.enabled
2019-08-20 14:51:38,630 INFO  ratis.XceiverServerRatis (XceiverServerRatis.java:start(404)) - Starting XceiverServerRatis 2dce4224-1516-411e-baa0-6eb953eb6406 at port 0
2019-08-20 14:51:38,635 INFO  impl.RaftServerProxy (RaftServerProxy.java:lambda$start$3(299)) - 2dce4224-1516-411e-baa0-6eb953eb6406: start RPC server
2019-08-20 14:51:38,636 INFO  server.GrpcService (GrpcService.java:startImpl(149)) - 2dce4224-1516-411e-baa0-6eb953eb6406: GrpcService started, listening on 0.0.0.0/0.0.0.0:38590
2019-08-20 14:51:38,636 INFO  ratis.XceiverServerRatis (XceiverServerRatis.java:start(414)) - XceiverServerRatis 2dce4224-1516-411e-baa0-6eb953eb6406 is started using port 38590
2019-08-20 14:51:38,638 INFO  server.XceiverServerGrpc (XceiverServerGrpc.java:start(161)) - XceiverServerGrpc 2dce4224-1516-411e-baa0-6eb953eb6406 is started using port 39216
2019-08-20 14:51:38,857 INFO  ozoneimpl.OzoneContainer (OzoneContainer.java:start(186)) - Attempting to start container services.
2019-08-20 14:51:38,857 INFO  ozoneimpl.OzoneContainer (OzoneContainer.java:startContainerScrub(160)) - Background container scrubber has been disabled by hdds.containerscrub.enabled
2019-08-20 14:51:38,857 INFO  ratis.XceiverServerRatis (XceiverServerRatis.java:start(404)) - Starting XceiverServerRatis 5f936878-cdc2-4461-b492-9655c07e1f13 at port 0
2019-08-20 14:51:38,865 INFO  impl.RaftServerProxy (RaftServerProxy.java:lambda$start$3(299)) - 5f936878-cdc2-4461-b492-9655c07e1f13: start RPC server
2019-08-20 14:51:38,866 INFO  server.GrpcService (GrpcService.java:startImpl(149)) - 5f936878-cdc2-4461-b492-9655c07e1f13: GrpcService started, listening on 0.0.0.0/0.0.0.0:42684
2019-08-20 14:51:38,866 INFO  ratis.XceiverServerRatis (XceiverServerRatis.java:start(414)) - XceiverServerRatis 5f936878-cdc2-4461-b492-9655c07e1f13 is started using port 42684
2019-08-20 14:51:38,869 INFO  server.XceiverServerGrpc (XceiverServerGrpc.java:start(161)) - XceiverServerGrpc 5f936878-cdc2-4461-b492-9655c07e1f13 is started using port 38020
2019-08-20 14:51:39,032 INFO  ozoneimpl.OzoneContainer (OzoneContainer.java:start(186)) - Attempting to start container services.
2019-08-20 14:51:39,032 INFO  ozoneimpl.OzoneContainer (OzoneContainer.java:startContainerScrub(160)) - Background container scrubber has been disabled by hdds.containerscrub.enabled
2019-08-20 14:51:39,032 INFO  ratis.XceiverServerRatis (XceiverServerRatis.java:start(404)) - Starting XceiverServerRatis 2dd4c896-9c60-4b8b-8195-5f3d0832371a at port 0
2019-08-20 14:51:39,038 INFO  impl.RaftServerProxy (RaftServerProxy.java:lambda$start$3(299)) - 2dd4c896-9c60-4b8b-8195-5f3d0832371a: start RPC server
2019-08-20 14:51:39,039 INFO  server.GrpcService (GrpcService.java:startImpl(149)) - 2dd4c896-9c60-4b8b-8195-5f3d0832371a: GrpcService started, listening on 0.0.0.0/0.0.0.0:46623
2019-08-20 14:51:39,039 INFO  ratis.XceiverServerRatis (XceiverServerRatis.java:start(414)) - XceiverServerRatis 2dd4c896-9c60-4b8b-8195-5f3d0832371a is started using port 46623
2019-08-20 14:51:39,040 INFO  server.XceiverServerGrpc (XceiverServerGrpc.java:start(161)) - XceiverServerGrpc 2dd4c896-9c60-4b8b-8195-5f3d0832371a is started using port 42737
2019-08-20 14:51:39,347 INFO  ozone.MiniOzoneClusterImpl (MiniOzoneClusterImpl.java:lambda$waitForClusterToBeReady$0(142)) - Waiting for cluster to be ready. Got 0 of 7 DN Heartbeats.
2019-08-20 14:51:39,472 INFO  ozoneimpl.OzoneContainer (OzoneContainer.java:start(186)) - Attempting to start container services.
2019-08-20 14:51:39,473 INFO  ozoneimpl.OzoneContainer (OzoneContainer.java:startContainerScrub(160)) - Background container scrubber has been disabled by hdds.containerscrub.enabled
2019-08-20 14:51:39,473 INFO  ratis.XceiverServerRatis (XceiverServerRatis.java:start(404)) - Starting XceiverServerRatis 1f342ebb-1d47-446b-883e-c05c246dc270 at port 0
2019-08-20 14:51:39,478 INFO  impl.RaftServerProxy (RaftServerProxy.java:lambda$start$3(299)) - 1f342ebb-1d47-446b-883e-c05c246dc270: start RPC server
2019-08-20 14:51:39,478 INFO  server.GrpcService (GrpcService.java:startImpl(149)) - 1f342ebb-1d47-446b-883e-c05c246dc270: GrpcService started, listening on 0.0.0.0/0.0.0.0:36409
2019-08-20 14:51:39,478 INFO  ratis.XceiverServerRatis (XceiverServerRatis.java:start(414)) - XceiverServerRatis 1f342ebb-1d47-446b-883e-c05c246dc270 is started using port 36409
2019-08-20 14:51:39,479 INFO  server.XceiverServerGrpc (XceiverServerGrpc.java:start(161)) - XceiverServerGrpc 1f342ebb-1d47-446b-883e-c05c246dc270 is started using port 40999
2019-08-20 14:51:39,945 INFO  net.NetworkTopology (NetworkTopologyImpl.java:add(110)) - Added a new node: /default-rack/e8da62b6-b28b-4940-ab53-837f303f0ffe
2019-08-20 14:51:39,947 INFO  node.SCMNodeManager (SCMNodeManager.java:register(273)) - Registered Data node : e8da62b6-b28b-4940-ab53-837f303f0ffe{ip: 192.168.69.107, host: pr-hdds-1054-6hltv-2752131155, networkLocation: /default-rack, certSerialId: null}
2019-08-20 14:51:39,947 INFO  safemode.SCMSafeModeManager (DataNodeSafeModeRule.java:process(71)) - SCM in safe mode. 1 DataNodes registered, 1 required.
2019-08-20 14:51:39,949 INFO  safemode.SCMSafeModeManager (SCMSafeModeManager.java:validateSafeModeExitRules(177)) - ScmSafeModeManager, all rules are successfully validated
2019-08-20 14:51:39,949 INFO  safemode.SCMSafeModeManager (SCMSafeModeManager.java:exitSafeMode(193)) - SCM exiting safe mode.
2019-08-20 14:51:39,959 INFO  impl.RaftServerProxy (RaftServerProxy.java:addNew(89)) - e8da62b6-b28b-4940-ab53-837f303f0ffe: addNew group-16B4C620C0A9:[e8da62b6-b28b-4940-ab53-837f303f0ffe:192.168.69.107:32984] returns group-16B4C620C0A9:java.util.concurrent.CompletableFuture@4742ca99[Not completed]
2019-08-20 14:51:39,960 INFO  impl.RaftServerImpl (RaftServerImpl.java:<init>(93)) - e8da62b6-b28b-4940-ab53-837f303f0ffe: new RaftServerImpl for group-16B4C620C0A9:[e8da62b6-b28b-4940-ab53-837f303f0ffe:192.168.69.107:32984] with ContainerStateMachine:uninitialized
2019-08-20 14:51:39,960 INFO  server.RaftServerConfigKeys (ConfUtils.java:logGet(43)) - raft.server.rpc.timeout.min = 5s (custom)
2019-08-20 14:51:39,960 INFO  server.RaftServerConfigKeys (ConfUtils.java:logGet(43)) - raft.server.rpc.timeout.max = 5200ms (custom)
2019-08-20 14:51:39,960 INFO  server.RaftServerConfigKeys (ConfUtils.java:logGet(43)) - raft.server.rpcslowness.timeout = 120s (custom)
2019-08-20 14:51:39,961 INFO  server.RaftServerConfigKeys (ConfUtils.java:logGet(43)) - raft.server.sleep.deviation.threshold = 300 (default)
2019-08-20 14:51:39,961 INFO  server.RaftServerConfigKeys (ConfUtils.java:logGet(43)) - raft.server.log.appender.install.snapshot.enabled = false (custom)
2019-08-20 14:51:39,961 INFO  impl.RaftServerImpl (ServerState.java:<init>(105)) - e8da62b6-b28b-4940-ab53-837f303f0ffe:group-16B4C620C0A9 ConfigurationManager, init=-1: [e8da62b6-b28b-4940-ab53-837f303f0ffe:192.168.69.107:32984], old=null, confs=<EMPTY_MAP>
2019-08-20 14:51:39,961 INFO  server.RaftServerConfigKeys (ConfUtils.java:logGet(43)) - raft.server.storage.dir = [/workdir/hadoop-ozone/integration-test/target/test-dir/MiniOzoneClusterImpl-c74f0574-43a4-4fa8-97ed-eb665be36896/datanode-0/data/ratis] (custom)
2019-08-20 14:51:39,961 INFO  storage.RaftStorageDirectory (RaftStorageDirectory.java:analyzeStorage(246)) - The storage directory /workdir/hadoop-ozone/integration-test/target/test-dir/MiniOzoneClusterImpl-c74f0574-43a4-4fa8-97ed-eb665be36896/datanode-0/data/ratis/63c2cd82-baa8-4204-bbb7-16b4c620c0a9 does not exist. Creating ...
2019-08-20 14:51:39,976 INFO  storage.RaftStorageDirectory (RaftStorageDirectory.java:tryLock(328)) - Lock on /workdir/hadoop-ozone/integration-test/target/test-dir/MiniOzoneClusterImpl-c74f0574-43a4-4fa8-97ed-eb665be36896/datanode-0/data/ratis/63c2cd82-baa8-4204-bbb7-16b4c620c0a9/in_use.lock acquired by nodename 32601@pr-hdds-1054-6hltv-2752131155
2019-08-20 14:51:39,989 INFO  storage.RaftStorage (RaftStorage.java:format(72)) - Storage directory /workdir/hadoop-ozone/integration-test/target/test-dir/MiniOzoneClusterImpl-c74f0574-43a4-4fa8-97ed-eb665be36896/datanode-0/data/ratis/63c2cd82-baa8-4204-bbb7-16b4c620c0a9 has been successfully formatted.
2019-08-20 14:51:39,989 INFO  ratis.ContainerStateMachine (ContainerStateMachine.java:loadSnapshot(222)) - group-16B4C620C0A9: The snapshot info is null. Setting the last applied indexto:(t:0, i:~)
2019-08-20 14:51:39,989 INFO  server.RaftServerConfigKeys (ConfUtils.java:logGet(43)) - raft.server.leader.election.timeout = 120s (custom)
2019-08-20 14:51:39,990 INFO  server.RaftServerConfigKeys (ConfUtils.java:logGet(43)) - raft.server.log.use.memory = false (default)
2019-08-20 14:51:39,990 INFO  server.RaftServerConfigKeys (ConfUtils.java:logGet(43)) - raft.server.log.purge.gap = 1000000000 (custom)
2019-08-20 14:51:39,990 INFO  server.RaftServerConfigKeys (ConfUtils.java:logGet(43)) - raft.server.log.appender.buffer.byte-limit = 33554432 (custom)
2019-08-20 14:51:39,990 INFO  server.RaftServerConfigKeys (ConfUtils.java:logGet(43)) - raft.server.log.segment.size.max = 1048576 (custom)
2019-08-20 14:51:39,990 INFO  server.RaftServerConfigKeys (ConfUtils.java:logGet(43)) - raft.server.log.segment.cache.num.max = 2 (custom)
2019-08-20 14:51:39,991 INFO  segmented.SegmentedRaftLogWorker (SegmentedRaftLogWorker.java:<init>(172)) - new e8da62b6-b28b-4940-ab53-837f303f0ffe-SegmentedRaftLogWorker:Storage Directory /workdir/hadoop-ozone/integration-test/target/test-dir/MiniOzoneClusterImpl-c74f0574-43a4-4fa8-97ed-eb665be36896/datanode-0/data/ratis/63c2cd82-baa8-4204-bbb7-16b4c620c0a9 for RaftStorage:Storage Directory /workdir/hadoop-ozone/integration-test/target/test-dir/MiniOzoneClusterImpl-c74f0574-43a4-4fa8-97ed-eb665be36896/datanode-0/data/ratis/63c2cd82-baa8-4204-bbb7-16b4c620c0a9
2019-08-20 14:51:39,991 INFO  server.RaftServerConfigKeys (ConfUtils.java:logGet(43)) - raft.server.log.queue.byte-limit = 2147483647 (custom)
2019-08-20 14:51:39,991 INFO  server.RaftServerConfigKeys (ConfUtils.java:logGet(43)) - raft.server.log.queue.element-limit = 1024 (custom)
2019-08-20 14:51:39,991 INFO  server.RaftServerConfigKeys (ConfUtils.java:logGet(43)) - raft.server.log.segment.size.max = 1048576 (custom)
2019-08-20 14:51:39,991 INFO  server.RaftServerConfigKeys (ConfUtils.java:logGet(43)) - raft.server.log.preallocated.size = 16384 (custom)
2019-08-20 14:51:39,991 INFO  server.RaftServerConfigKeys (ConfUtils.java:logGet(43)) - raft.server.log.write.buffer.size = 33554432 (custom)
2019-08-20 14:51:39,992 INFO  server.RaftServerConfigKeys (ConfUtils.java:logGet(43)) - raft.server.log.force.sync.num = 128 (default)
2019-08-20 14:51:39,992 INFO  server.RaftServerConfigKeys (ConfUtils.java:logGet(43)) - raft.server.log.statemachine.data.sync = true (default)
2019-08-20 14:51:39,992 INFO  server.RaftServerConfigKeys (ConfUtils.java:logGet(43)) - raft.server.log.statemachine.data.sync.timeout = 10s (default)
2019-08-20 14:51:39,992 INFO  server.RaftServerConfigKeys (ConfUtils.java:logGet(43)) - raft.server.log.statemachine.data.sync.timeout.retry = -1 (default)
2019-08-20 14:51:39,992 INFO  server.RaftServerConfigKeys (ConfUtils.java:logGet(43)) - raft.server.log.statemachine.data.caching.enabled = true (custom)
2019-08-20 14:51:39,993 INFO  segmented.SegmentedRaftLogWorker (SegmentedRaftLogWorker.java:lambda$new$0(132)) - e8da62b6-b28b-4940-ab53-837f303f0ffe-SegmentedRaftLogWorker:Storage Directory /workdir/hadoop-ozone/integration-test/target/test-dir/MiniOzoneClusterImpl-c74f0574-43a4-4fa8-97ed-eb665be36896/datanode-0/data/ratis/63c2cd82-baa8-4204-bbb7-16b4c620c0a9: flushIndex: setUnconditionally 0 -> -1
2019-08-20 14:51:39,993 INFO  server.RaftServerConfigKeys (ConfUtils.java:logGet(43)) - raft.server.snapshot.auto.trigger.enabled = true (custom)
2019-08-20 14:51:39,993 INFO  server.RaftServerConfigKeys (ConfUtils.java:logGet(43)) - raft.server.snapshot.auto.trigger.threshold = 10000 (custom)
2019-08-20 14:51:39,993 INFO  server.RaftServerConfigKeys (ConfUtils.java:logGet(43)) - raft.server.retrycache.expirytime = 600000ms (custom)
2019-08-20 14:51:39,993 INFO  impl.RaftServerImpl (RaftServerImpl.java:start(180)) - e8da62b6-b28b-4940-ab53-837f303f0ffe: start group-16B4C620C0A9
2019-08-20 14:51:39,994 INFO  impl.RaftServerImpl (RaftServerImpl.java:setRole(171)) - e8da62b6-b28b-4940-ab53-837f303f0ffe:group-16B4C620C0A9 changes role from null to FOLLOWER at term 0 for startAsFollower
2019-08-20 14:51:39,994 INFO  impl.RoleInfo (RoleInfo.java:updateAndGet(143)) - e8da62b6-b28b-4940-ab53-837f303f0ffe: start FollowerState
2019-08-20 14:51:40,004 INFO  util.JmxRegister (JmxRegister.java:tryRegister(44)) - Successfully registered JMX Bean with object name Ratis:service=RaftServer,group=group-16B4C620C0A9,id=e8da62b6-b28b-4940-ab53-837f303f0ffe
2019-08-20 14:51:40,008 INFO  pipeline.PipelineStateManager (PipelineStateManager.java:addPipeline(56)) - Created pipeline Pipeline[ Id: 63c2cd82-baa8-4204-bbb7-16b4c620c0a9, Nodes: e8da62b6-b28b-4940-ab53-837f303f0ffe{ip: 192.168.69.107, host: pr-hdds-1054-6hltv-2752131155, networkLocation: /default-rack, certSerialId: null}, Type:RATIS, Factor:ONE, State:OPEN]
2019-08-20 14:51:40,209 INFO  net.NetworkTopology (NetworkTopologyImpl.java:add(110)) - Added a new node: /default-rack/973a9873-247c-4be8-a7a1-8a7292609846
2019-08-20 14:51:40,209 INFO  node.SCMNodeManager (SCMNodeManager.java:register(273)) - Registered Data node : 973a9873-247c-4be8-a7a1-8a7292609846{ip: 192.168.69.107, host: pr-hdds-1054-6hltv-2752131155, networkLocation: /default-rack, certSerialId: null}
2019-08-20 14:51:40,226 INFO  impl.RaftServerProxy (RaftServerProxy.java:addNew(89)) - 973a9873-247c-4be8-a7a1-8a7292609846: addNew group-2AAC4FEA049E:[973a9873-247c-4be8-a7a1-8a7292609846:192.168.69.107:42441] returns group-2AAC4FEA049E:java.util.concurrent.CompletableFuture@4b4c2139[Not completed]
2019-08-20 14:51:40,227 INFO  impl.RaftServerImpl (RaftServerImpl.java:<init>(93)) - 973a9873-247c-4be8-a7a1-8a7292609846: new RaftServerImpl for group-2AAC4FEA049E:[973a9873-247c-4be8-a7a1-8a7292609846:192.168.69.107:42441] with ContainerStateMachine:uninitialized
2019-08-20 14:51:40,227 INFO  server.RaftServerConfigKeys (ConfUtils.java:logGet(43)) - raft.server.rpc.timeout.min = 5s (custom)
2019-08-20 14:51:40,228 INFO  server.RaftServerConfigKeys (ConfUtils.java:logGet(43)) - raft.server.rpc.timeout.max = 5200ms (custom)
2019-08-20 14:51:40,228 INFO  server.RaftServerConfigKeys (ConfUtils.java:logGet(43)) - raft.server.rpcslowness.timeout = 120s (custom)
2019-08-20 14:51:40,228 INFO  server.RaftServerConfigKeys (ConfUtils.java:logGet(43)) - raft.server.sleep.deviation.threshold = 300 (default)
2019-08-20 14:51:40,228 INFO  server.RaftServerConfigKeys (ConfUtils.java:logGet(43)) - raft.server.log.appender.install.snapshot.enabled = false (custom)
2019-08-20 14:51:40,228 INFO  impl.RaftServerImpl (ServerState.java:<init>(105)) - 973a9873-247c-4be8-a7a1-8a7292609846:group-2AAC4FEA049E ConfigurationManager, init=-1: [973a9873-247c-4be8-a7a1-8a7292609846:192.168.69.107:42441], old=null, confs=<EMPTY_MAP>
2019-08-20 14:51:40,228 INFO  server.RaftServerConfigKeys (ConfUtils.java:logGet(43)) - raft.server.storage.dir = [/workdir/hadoop-ozone/integration-test/target/test-dir/MiniOzoneClusterImpl-c74f0574-43a4-4fa8-97ed-eb665be36896/datanode-1/data/ratis] (custom)
2019-08-20 14:51:40,229 INFO  storage.RaftStorageDirectory (RaftStorageDirectory.java:analyzeStorage(246)) - The storage directory /workdir/hadoop-ozone/integration-test/target/test-dir/MiniOzoneClusterImpl-c74f0574-43a4-4fa8-97ed-eb665be36896/datanode-1/data/ratis/75dbcf81-70d3-456d-9f50-2aac4fea049e does not exist. Creating ...
2019-08-20 14:51:40,280 INFO  storage.RaftStorageDirectory (RaftStorageDirectory.java:tryLock(328)) - Lock on /workdir/hadoop-ozone/integration-test/target/test-dir/MiniOzoneClusterImpl-c74f0574-43a4-4fa8-97ed-eb665be36896/datanode-1/data/ratis/75dbcf81-70d3-456d-9f50-2aac4fea049e/in_use.lock acquired by nodename 32601@pr-hdds-1054-6hltv-2752131155
2019-08-20 14:51:40,305 INFO  storage.RaftStorage (RaftStorage.java:format(72)) - Storage directory /workdir/hadoop-ozone/integration-test/target/test-dir/MiniOzoneClusterImpl-c74f0574-43a4-4fa8-97ed-eb665be36896/datanode-1/data/ratis/75dbcf81-70d3-456d-9f50-2aac4fea049e has been successfully formatted.
2019-08-20 14:51:40,305 INFO  ratis.ContainerStateMachine (ContainerStateMachine.java:loadSnapshot(222)) - group-2AAC4FEA049E: The snapshot info is null. Setting the last applied indexto:(t:0, i:~)
2019-08-20 14:51:40,305 INFO  server.RaftServerConfigKeys (ConfUtils.java:logGet(43)) - raft.server.leader.election.timeout = 120s (custom)
2019-08-20 14:51:40,305 INFO  server.RaftServerConfigKeys (ConfUtils.java:logGet(43)) - raft.server.log.use.memory = false (default)
2019-08-20 14:51:40,305 INFO  server.RaftServerConfigKeys (ConfUtils.java:logGet(43)) - raft.server.log.purge.gap = 1000000000 (custom)
2019-08-20 14:51:40,306 INFO  server.RaftServerConfigKeys (ConfUtils.java:logGet(43)) - raft.server.log.appender.buffer.byte-limit = 33554432 (custom)
2019-08-20 14:51:40,306 INFO  server.RaftServerConfigKeys (ConfUtils.java:logGet(43)) - raft.server.log.segment.size.max = 1048576 (custom)
2019-08-20 14:51:40,306 INFO  server.RaftServerConfigKeys (ConfUtils.java:logGet(43)) - raft.server.log.segment.cache.num.max = 2 (custom)
2019-08-20 14:51:40,306 INFO  segmented.SegmentedRaftLogWorker (SegmentedRaftLogWorker.java:<init>(172)) - new 973a9873-247c-4be8-a7a1-8a7292609846-SegmentedRaftLogWorker:Storage Directory /workdir/hadoop-ozone/integration-test/target/test-dir/MiniOzoneClusterImpl-c74f0574-43a4-4fa8-97ed-eb665be36896/datanode-1/data/ratis/75dbcf81-70d3-456d-9f50-2aac4fea049e for RaftStorage:Storage Directory /workdir/hadoop-ozone/integration-test/target/test-dir/MiniOzoneClusterImpl-c74f0574-43a4-4fa8-97ed-eb665be36896/datanode-1/data/ratis/75dbcf81-70d3-456d-9f50-2aac4fea049e
2019-08-20 14:51:40,306 INFO  server.RaftServerConfigKeys (ConfUtils.java:logGet(43)) - raft.server.log.queue.byte-limit = 2147483647 (custom)
2019-08-20 14:51:40,306 INFO  server.RaftServerConfigKeys (ConfUtils.java:logGet(43)) - raft.server.log.queue.element-limit = 1024 (custom)
2019-08-20 14:51:40,306 INFO  server.RaftServerConfigKeys (ConfUtils.java:logGet(43)) - raft.server.log.segment.size.max = 1048576 (custom)
2019-08-20 14:51:40,306 INFO  server.RaftServerConfigKeys (ConfUtils.java:logGet(43)) - raft.server.log.preallocated.size = 16384 (custom)
2019-08-20 14:51:40,306 INFO  server.RaftServerConfigKeys (ConfUtils.java:logGet(43)) - raft.server.log.write.buffer.size = 33554432 (custom)
2019-08-20 14:51:40,307 INFO  server.RaftServerConfigKeys (ConfUtils.java:logGet(43)) - raft.server.log.force.sync.num = 128 (default)
2019-08-20 14:51:40,307 INFO  server.RaftServerConfigKeys (ConfUtils.java:logGet(43)) - raft.server.log.statemachine.data.sync = true (default)
2019-08-20 14:51:40,307 INFO  server.RaftServerConfigKeys (ConfUtils.java:logGet(43)) - raft.server.log.statemachine.data.sync.timeout = 10s (default)
2019-08-20 14:51:40,307 INFO  server.RaftServerConfigKeys (ConfUtils.java:logGet(43)) - raft.server.log.statemachine.data.sync.timeout.retry = -1 (default)
2019-08-20 14:51:40,307 INFO  server.RaftServerConfigKeys (ConfUtils.java:logGet(43)) - raft.server.log.statemachine.data.caching.enabled = true (custom)
2019-08-20 14:51:40,307 INFO  segmented.SegmentedRaftLogWorker (SegmentedRaftLogWorker.java:lambda$new$0(132)) - 973a9873-247c-4be8-a7a1-8a7292609846-SegmentedRaftLogWorker:Storage Directory /workdir/hadoop-ozone/integration-test/target/test-dir/MiniOzoneClusterImpl-c74f0574-43a4-4fa8-97ed-eb665be36896/datanode-1/data/ratis/75dbcf81-70d3-456d-9f50-2aac4fea049e: flushIndex: setUnconditionally 0 -> -1
2019-08-20 14:51:40,308 INFO  server.RaftServerConfigKeys (ConfUtils.java:logGet(43)) - raft.server.snapshot.auto.trigger.enabled = true (custom)
2019-08-20 14:51:40,308 INFO  server.RaftServerConfigKeys (ConfUtils.java:logGet(43)) - raft.server.snapshot.auto.trigger.threshold = 10000 (custom)
2019-08-20 14:51:40,308 INFO  server.RaftServerConfigKeys (ConfUtils.java:logGet(43)) - raft.server.retrycache.expirytime = 600000ms (custom)
2019-08-20 14:51:40,308 INFO  impl.RaftServerImpl (RaftServerImpl.java:start(180)) - 973a9873-247c-4be8-a7a1-8a7292609846: start group-2AAC4FEA049E
2019-08-20 14:51:40,308 INFO  impl.RaftServerImpl (RaftServerImpl.java:setRole(171)) - 973a9873-247c-4be8-a7a1-8a7292609846:group-2AAC4FEA049E changes role from null to FOLLOWER at term 0 for startAsFollower
2019-08-20 14:51:40,308 INFO  impl.RoleInfo (RoleInfo.java:updateAndGet(143)) - 973a9873-247c-4be8-a7a1-8a7292609846: start FollowerState
2019-08-20 14:51:40,308 INFO  util.JmxRegister (JmxRegister.java:tryRegister(44)) - Successfully registered JMX Bean with object name Ratis:service=RaftServer,group=group-2AAC4FEA049E,id=973a9873-247c-4be8-a7a1-8a7292609846
2019-08-20 14:51:40,313 INFO  pipeline.PipelineStateManager (PipelineStateManager.java:addPipeline(56)) - Created pipeline Pipeline[ Id: 75dbcf81-70d3-456d-9f50-2aac4fea049e, Nodes: 973a9873-247c-4be8-a7a1-8a7292609846{ip: 192.168.69.107, host: pr-hdds-1054-6hltv-2752131155, networkLocation: /default-rack, certSerialId: null}, Type:RATIS, Factor:ONE, State:OPEN]
2019-08-20 14:51:40,348 INFO  ozone.MiniOzoneClusterImpl (MiniOzoneClusterImpl.java:lambda$waitForClusterToBeReady$0(142)) - Waiting for cluster to be ready. Got 2 of 7 DN Heartbeats.
2019-08-20 14:51:40,414 INFO  net.NetworkTopology (NetworkTopologyImpl.java:add(110)) - Added a new node: /default-rack/dc9a7e16-d776-4cd5-ab59-1213f44c5fc5
2019-08-20 14:51:40,414 INFO  node.SCMNodeManager (SCMNodeManager.java:register(273)) - Registered Data node : dc9a7e16-d776-4cd5-ab59-1213f44c5fc5{ip: 192.168.69.107, host: pr-hdds-1054-6hltv-2752131155, networkLocation: /default-rack, certSerialId: null}
2019-08-20 14:51:40,423 INFO  impl.RaftServerProxy (RaftServerProxy.java:addNew(89)) - dc9a7e16-d776-4cd5-ab59-1213f44c5fc5: addNew group-E0E1CCDA074B:[dc9a7e16-d776-4cd5-ab59-1213f44c5fc5:192.168.69.107:38424] returns group-E0E1CCDA074B:java.util.concurrent.CompletableFuture@647684cf[Not completed]
2019-08-20 14:51:40,424 INFO  impl.RaftServerImpl (RaftServerImpl.java:<init>(93)) - dc9a7e16-d776-4cd5-ab59-1213f44c5fc5: new RaftServerImpl for group-E0E1CCDA074B:[dc9a7e16-d776-4cd5-ab59-1213f44c5fc5:192.168.69.107:38424] with ContainerStateMachine:uninitialized
2019-08-20 14:51:40,424 INFO  server.RaftServerConfigKeys (ConfUtils.java:logGet(43)) - raft.server.rpc.timeout.min = 5s (custom)
2019-08-20 14:51:40,424 INFO  server.RaftServerConfigKeys (ConfUtils.java:logGet(43)) - raft.server.rpc.timeout.max = 5200ms (custom)
2019-08-20 14:51:40,424 INFO  server.RaftServerConfigKeys (ConfUtils.java:logGet(43)) - raft.server.rpcslowness.timeout = 120s (custom)
2019-08-20 14:51:40,424 INFO  server.RaftServerConfigKeys (ConfUtils.java:logGet(43)) - raft.server.sleep.deviation.threshold = 300 (default)
2019-08-20 14:51:40,424 INFO  server.RaftServerConfigKeys (ConfUtils.java:logGet(43)) - raft.server.log.appender.install.snapshot.enabled = false (custom)
2019-08-20 14:51:40,424 INFO  impl.RaftServerImpl (ServerState.java:<init>(105)) - dc9a7e16-d776-4cd5-ab59-1213f44c5fc5:group-E0E1CCDA074B ConfigurationManager, init=-1: [dc9a7e16-d776-4cd5-ab59-1213f44c5fc5:192.168.69.107:38424], old=null, confs=<EMPTY_MAP>
2019-08-20 14:51:40,424 INFO  server.RaftServerConfigKeys (ConfUtils.java:logGet(43)) - raft.server.storage.dir = [/workdir/hadoop-ozone/integration-test/target/test-dir/MiniOzoneClusterImpl-c74f0574-43a4-4fa8-97ed-eb665be36896/datanode-2/data/ratis] (custom)
2019-08-20 14:51:40,425 INFO  storage.RaftStorageDirectory (RaftStorageDirectory.java:analyzeStorage(246)) - The storage directory /workdir/hadoop-ozone/integration-test/target/test-dir/MiniOzoneClusterImpl-c74f0574-43a4-4fa8-97ed-eb665be36896/datanode-2/data/ratis/6971157e-c18e-462a-b71f-e0e1ccda074b does not exist. Creating ...
2019-08-20 14:51:40,428 INFO  storage.RaftStorageDirectory (RaftStorageDirectory.java:tryLock(328)) - Lock on /workdir/hadoop-ozone/integration-test/target/test-dir/MiniOzoneClusterImpl-c74f0574-43a4-4fa8-97ed-eb665be36896/datanode-2/data/ratis/6971157e-c18e-462a-b71f-e0e1ccda074b/in_use.lock acquired by nodename 32601@pr-hdds-1054-6hltv-2752131155
2019-08-20 14:51:40,441 INFO  storage.RaftStorage (RaftStorage.java:format(72)) - Storage directory /workdir/hadoop-ozone/integration-test/target/test-dir/MiniOzoneClusterImpl-c74f0574-43a4-4fa8-97ed-eb665be36896/datanode-2/data/ratis/6971157e-c18e-462a-b71f-e0e1ccda074b has been successfully formatted.
2019-08-20 14:51:40,441 INFO  ratis.ContainerStateMachine (ContainerStateMachine.java:loadSnapshot(222)) - group-E0E1CCDA074B: The snapshot info is null. Setting the last applied indexto:(t:0, i:~)
2019-08-20 14:51:40,441 INFO  server.RaftServerConfigKeys (ConfUtils.java:logGet(43)) - raft.server.leader.election.timeout = 120s (custom)
2019-08-20 14:51:40,442 INFO  server.RaftServerConfigKeys (ConfUtils.java:logGet(43)) - raft.server.log.use.memory = false (default)
2019-08-20 14:51:40,442 INFO  server.RaftServerConfigKeys (ConfUtils.java:logGet(43)) - raft.server.log.purge.gap = 1000000000 (custom)
2019-08-20 14:51:40,442 INFO  server.RaftServerConfigKeys (ConfUtils.java:logGet(43)) - raft.server.log.appender.buffer.byte-limit = 33554432 (custom)
2019-08-20 14:51:40,442 INFO  server.RaftServerConfigKeys (ConfUtils.java:logGet(43)) - raft.server.log.segment.size.max = 1048576 (custom)
2019-08-20 14:51:40,442 INFO  server.RaftServerConfigKeys (ConfUtils.java:logGet(43)) - raft.server.log.segment.cache.num.max = 2 (custom)
2019-08-20 14:51:40,442 INFO  segmented.SegmentedRaftLogWorker (SegmentedRaftLogWorker.java:<init>(172)) - new dc9a7e16-d776-4cd5-ab59-1213f44c5fc5-SegmentedRaftLogWorker:Storage Directory /workdir/hadoop-ozone/integration-test/target/test-dir/MiniOzoneClusterImpl-c74f0574-43a4-4fa8-97ed-eb665be36896/datanode-2/data/ratis/6971157e-c18e-462a-b71f-e0e1ccda074b for RaftStorage:Storage Directory /workdir/hadoop-ozone/integration-test/target/test-dir/MiniOzoneClusterImpl-c74f0574-43a4-4fa8-97ed-eb665be36896/datanode-2/data/ratis/6971157e-c18e-462a-b71f-e0e1ccda074b
2019-08-20 14:51:40,442 INFO  server.RaftServerConfigKeys (ConfUtils.java:logGet(43)) - raft.server.log.queue.byte-limit = 2147483647 (custom)
2019-08-20 14:51:40,442 INFO  server.RaftServerConfigKeys (ConfUtils.java:logGet(43)) - raft.server.log.queue.element-limit = 1024 (custom)
2019-08-20 14:51:40,443 INFO  server.RaftServerConfigKeys (ConfUtils.java:logGet(43)) - raft.server.log.segment.size.max = 1048576 (custom)
2019-08-20 14:51:40,443 INFO  server.RaftServerConfigKeys (ConfUtils.java:logGet(43)) - raft.server.log.preallocated.size = 16384 (custom)
2019-08-20 14:51:40,443 INFO  server.RaftServerConfigKeys (ConfUtils.java:logGet(43)) - raft.server.log.write.buffer.size = 33554432 (custom)
2019-08-20 14:51:40,443 INFO  server.RaftServerConfigKeys (ConfUtils.java:logGet(43)) - raft.server.log.force.sync.num = 128 (default)
2019-08-20 14:51:40,443 INFO  server.RaftServerConfigKeys (ConfUtils.java:logGet(43)) - raft.server.log.statemachine.data.sync = true (default)
2019-08-20 14:51:40,443 INFO  server.RaftServerConfigKeys (ConfUtils.java:logGet(43)) - raft.server.log.statemachine.data.sync.timeout = 10s (default)
2019-08-20 14:51:40,443 INFO  server.RaftServerConfigKeys (ConfUtils.java:logGet(43)) - raft.server.log.statemachine.data.sync.timeout.retry = -1 (default)
2019-08-20 14:51:40,443 INFO  server.RaftServerConfigKeys (ConfUtils.java:logGet(43)) - raft.server.log.statemachine.data.caching.enabled = true (custom)
2019-08-20 14:51:40,444 INFO  segmented.SegmentedRaftLogWorker (SegmentedRaftLogWorker.java:lambda$new$0(132)) - dc9a7e16-d776-4cd5-ab59-1213f44c5fc5-SegmentedRaftLogWorker:Storage Directory /workdir/hadoop-ozone/integration-test/target/test-dir/MiniOzoneClusterImpl-c74f0574-43a4-4fa8-97ed-eb665be36896/datanode-2/data/ratis/6971157e-c18e-462a-b71f-e0e1ccda074b: flushIndex: setUnconditionally 0 -> -1
2019-08-20 14:51:40,444 INFO  server.RaftServerConfigKeys (ConfUtils.java:logGet(43)) - raft.server.snapshot.auto.trigger.enabled = true (custom)
2019-08-20 14:51:40,444 INFO  server.RaftServerConfigKeys (ConfUtils.java:logGet(43)) - raft.server.snapshot.auto.trigger.threshold = 10000 (custom)
2019-08-20 14:51:40,444 INFO  server.RaftServerConfigKeys (ConfUtils.java:logGet(43)) - raft.server.retrycache.expirytime = 600000ms (custom)
2019-08-20 14:51:40,445 INFO  impl.RaftServerImpl (RaftServerImpl.java:start(180)) - dc9a7e16-d776-4cd5-ab59-1213f44c5fc5: start group-E0E1CCDA074B
2019-08-20 14:51:40,445 INFO  impl.RaftServerImpl (RaftServerImpl.java:setRole(171)) - dc9a7e16-d776-4cd5-ab59-1213f44c5fc5:group-E0E1CCDA074B changes role from null to FOLLOWER at term 0 for startAsFollower
2019-08-20 14:51:40,445 INFO  impl.RoleInfo (RoleInfo.java:updateAndGet(143)) - dc9a7e16-d776-4cd5-ab59-1213f44c5fc5: start FollowerState
2019-08-20 14:51:40,445 INFO  util.JmxRegister (JmxRegister.java:tryRegister(44)) - Successfully registered JMX Bean with object name Ratis:service=RaftServer,group=group-E0E1CCDA074B,id=dc9a7e16-d776-4cd5-ab59-1213f44c5fc5
2019-08-20 14:51:40,450 INFO  pipeline.PipelineStateManager (PipelineStateManager.java:addPipeline(56)) - Created pipeline Pipeline[ Id: 6971157e-c18e-462a-b71f-e0e1ccda074b, Nodes: dc9a7e16-d776-4cd5-ab59-1213f44c5fc5{ip: 192.168.69.107, host: pr-hdds-1054-6hltv-2752131155, networkLocation: /default-rack, certSerialId: null}, Type:RATIS, Factor:ONE, State:OPEN]
2019-08-20 14:51:40,468 INFO  impl.RaftServerProxy (RaftServerProxy.java:addNew(89)) - 973a9873-247c-4be8-a7a1-8a7292609846: addNew group-AE7EDBEB28B3:[dc9a7e16-d776-4cd5-ab59-1213f44c5fc5:192.168.69.107:38424, e8da62b6-b28b-4940-ab53-837f303f0ffe:192.168.69.107:32984, 973a9873-247c-4be8-a7a1-8a7292609846:192.168.69.107:42441] returns group-AE7EDBEB28B3:java.util.concurrent.CompletableFuture@44ec2a4[Not completed]
2019-08-20 14:51:40,468 INFO  impl.RaftServerProxy (RaftServerProxy.java:addNew(89)) - e8da62b6-b28b-4940-ab53-837f303f0ffe: addNew group-AE7EDBEB28B3:[dc9a7e16-d776-4cd5-ab59-1213f44c5fc5:192.168.69.107:38424, e8da62b6-b28b-4940-ab53-837f303f0ffe:192.168.69.107:32984, 973a9873-247c-4be8-a7a1-8a7292609846:192.168.69.107:42441] returns group-AE7EDBEB28B3:java.util.concurrent.CompletableFuture@db7a4fd[Not completed]
2019-08-20 14:51:40,468 INFO  impl.RaftServerProxy (RaftServerProxy.java:addNew(89)) - dc9a7e16-d776-4cd5-ab59-1213f44c5fc5: addNew group-AE7EDBEB28B3:[dc9a7e16-d776-4cd5-ab59-1213f44c5fc5:192.168.69.107:38424, e8da62b6-b28b-4940-ab53-837f303f0ffe:192.168.69.107:32984, 973a9873-247c-4be8-a7a1-8a7292609846:192.168.69.107:42441] returns group-AE7EDBEB28B3:java.util.concurrent.CompletableFuture@3a4712fa[Not completed]
2019-08-20 14:51:40,469 INFO  impl.RaftServerImpl (RaftServerImpl.java:<init>(93)) - dc9a7e16-d776-4cd5-ab59-1213f44c5fc5: new RaftServerImpl for group-AE7EDBEB28B3:[dc9a7e16-d776-4cd5-ab59-1213f44c5fc5:192.168.69.107:38424, e8da62b6-b28b-4940-ab53-837f303f0ffe:192.168.69.107:32984, 973a9873-247c-4be8-a7a1-8a7292609846:192.168.69.107:42441] with ContainerStateMachine:uninitialized
2019-08-20 14:51:40,469 INFO  server.RaftServerConfigKeys (ConfUtils.java:logGet(43)) - raft.server.rpc.timeout.min = 5s (custom)
2019-08-20 14:51:40,470 INFO  server.RaftServerConfigKeys (ConfUtils.java:logGet(43)) - raft.server.rpc.timeout.max = 5200ms (custom)
2019-08-20 14:51:40,470 INFO  server.RaftServerConfigKeys (ConfUtils.java:logGet(43)) - raft.server.rpcslowness.timeout = 120s (custom)
2019-08-20 14:51:40,470 INFO  server.RaftServerConfigKeys (ConfUtils.java:logGet(43)) - raft.server.sleep.deviation.threshold = 300 (default)
2019-08-20 14:51:40,470 INFO  server.RaftServerConfigKeys (ConfUtils.java:logGet(43)) - raft.server.log.appender.install.snapshot.enabled = false (custom)
2019-08-20 14:51:40,470 INFO  impl.RaftServerImpl (RaftServerImpl.java:<init>(93)) - e8da62b6-b28b-4940-ab53-837f303f0ffe: new RaftServerImpl for group-AE7EDBEB28B3:[dc9a7e16-d776-4cd5-ab59-1213f44c5fc5:192.168.69.107:38424, e8da62b6-b28b-4940-ab53-837f303f0ffe:192.168.69.107:32984, 973a9873-247c-4be8-a7a1-8a7292609846:192.168.69.107:42441] with ContainerStateMachine:uninitialized
2019-08-20 14:51:40,470 INFO  impl.RaftServerImpl (ServerState.java:<init>(105)) - dc9a7e16-d776-4cd5-ab59-1213f44c5fc5:group-AE7EDBEB28B3 ConfigurationManager, init=-1: [dc9a7e16-d776-4cd5-ab59-1213f44c5fc5:192.168.69.107:38424, e8da62b6-b28b-4940-ab53-837f303f0ffe:192.168.69.107:32984, 973a9873-247c-4be8-a7a1-8a7292609846:192.168.69.107:42441], old=null, confs=<EMPTY_MAP>
2019-08-20 14:51:40,470 INFO  server.RaftServerConfigKeys (ConfUtils.java:logGet(43)) - raft.server.rpc.timeout.min = 5s (custom)
2019-08-20 14:51:40,470 INFO  server.RaftServerConfigKeys (ConfUtils.java:logGet(43)) - raft.server.storage.dir = [/workdir/hadoop-ozone/integration-test/target/test-dir/MiniOzoneClusterImpl-c74f0574-43a4-4fa8-97ed-eb665be36896/datanode-2/data/ratis] (custom)
2019-08-20 14:51:40,470 INFO  server.RaftServerConfigKeys (ConfUtils.java:logGet(43)) - raft.server.rpc.timeout.max = 5200ms (custom)
2019-08-20 14:51:40,471 INFO  impl.RaftServerImpl (RaftServerImpl.java:<init>(93)) - 973a9873-247c-4be8-a7a1-8a7292609846: new RaftServerImpl for group-AE7EDBEB28B3:[dc9a7e16-d776-4cd5-ab59-1213f44c5fc5:192.168.69.107:38424, e8da62b6-b28b-4940-ab53-837f303f0ffe:192.168.69.107:32984, 973a9873-247c-4be8-a7a1-8a7292609846:192.168.69.107:42441] with ContainerStateMachine:uninitialized
2019-08-20 14:51:40,471 INFO  server.RaftServerConfigKeys (ConfUtils.java:logGet(43)) - raft.server.rpcslowness.timeout = 120s (custom)
2019-08-20 14:51:40,471 INFO  storage.RaftStorageDirectory (RaftStorageDirectory.java:analyzeStorage(246)) - The storage directory /workdir/hadoop-ozone/integration-test/target/test-dir/MiniOzoneClusterImpl-c74f0574-43a4-4fa8-97ed-eb665be36896/datanode-2/data/ratis/b61391df-7941-4d63-abe5-ae7edbeb28b3 does not exist. Creating ...
2019-08-20 14:51:40,471 INFO  server.RaftServerConfigKeys (ConfUtils.java:logGet(43)) - raft.server.sleep.deviation.threshold = 300 (default)
2019-08-20 14:51:40,471 INFO  server.RaftServerConfigKeys (ConfUtils.java:logGet(43)) - raft.server.rpc.timeout.min = 5s (custom)
2019-08-20 14:51:40,471 INFO  server.RaftServerConfigKeys (ConfUtils.java:logGet(43)) - raft.server.log.appender.install.snapshot.enabled = false (custom)
2019-08-20 14:51:40,471 INFO  server.RaftServerConfigKeys (ConfUtils.java:logGet(43)) - raft.server.rpc.timeout.max = 5200ms (custom)
2019-08-20 14:51:40,471 INFO  impl.RaftServerImpl (ServerState.java:<init>(105)) - e8da62b6-b28b-4940-ab53-837f303f0ffe:group-AE7EDBEB28B3 ConfigurationManager, init=-1: [dc9a7e16-d776-4cd5-ab59-1213f44c5fc5:192.168.69.107:38424, e8da62b6-b28b-4940-ab53-837f303f0ffe:192.168.69.107:32984, 973a9873-247c-4be8-a7a1-8a7292609846:192.168.69.107:42441], old=null, confs=<EMPTY_MAP>
2019-08-20 14:51:40,472 INFO  server.RaftServerConfigKeys (ConfUtils.java:logGet(43)) - raft.server.rpcslowness.timeout = 120s (custom)
2019-08-20 14:51:40,472 INFO  server.RaftServerConfigKeys (ConfUtils.java:logGet(43)) - raft.server.storage.dir = [/workdir/hadoop-ozone/integration-test/target/test-dir/MiniOzoneClusterImpl-c74f0574-43a4-4fa8-97ed-eb665be36896/datanode-0/data/ratis] (custom)
2019-08-20 14:51:40,472 INFO  server.RaftServerConfigKeys (ConfUtils.java:logGet(43)) - raft.server.sleep.deviation.threshold = 300 (default)
2019-08-20 14:51:40,472 INFO  server.RaftServerConfigKeys (ConfUtils.java:logGet(43)) - raft.server.log.appender.install.snapshot.enabled = false (custom)
2019-08-20 14:51:40,472 INFO  storage.RaftStorageDirectory (RaftStorageDirectory.java:analyzeStorage(246)) - The storage directory /workdir/hadoop-ozone/integration-test/target/test-dir/MiniOzoneClusterImpl-c74f0574-43a4-4fa8-97ed-eb665be36896/datanode-0/data/ratis/b61391df-7941-4d63-abe5-ae7edbeb28b3 does not exist. Creating ...
2019-08-20 14:51:40,472 INFO  impl.RaftServerImpl (ServerState.java:<init>(105)) - 973a9873-247c-4be8-a7a1-8a7292609846:group-AE7EDBEB28B3 ConfigurationManager, init=-1: [dc9a7e16-d776-4cd5-ab59-1213f44c5fc5:192.168.69.107:38424, e8da62b6-b28b-4940-ab53-837f303f0ffe:192.168.69.107:32984, 973a9873-247c-4be8-a7a1-8a7292609846:192.168.69.107:42441], old=null, confs=<EMPTY_MAP>
2019-08-20 14:51:40,473 INFO  server.RaftServerConfigKeys (ConfUtils.java:logGet(43)) - raft.server.storage.dir = [/workdir/hadoop-ozone/integration-test/target/test-dir/MiniOzoneClusterImpl-c74f0574-43a4-4fa8-97ed-eb665be36896/datanode-1/data/ratis] (custom)
2019-08-20 14:51:40,473 INFO  storage.RaftStorageDirectory (RaftStorageDirectory.java:analyzeStorage(246)) - The storage directory /workdir/hadoop-ozone/integration-test/target/test-dir/MiniOzoneClusterImpl-c74f0574-43a4-4fa8-97ed-eb665be36896/datanode-1/data/ratis/b61391df-7941-4d63-abe5-ae7edbeb28b3 does not exist. Creating ...
2019-08-20 14:51:40,476 INFO  storage.RaftStorageDirectory (RaftStorageDirectory.java:tryLock(328)) - Lock on /workdir/hadoop-ozone/integration-test/target/test-dir/MiniOzoneClusterImpl-c74f0574-43a4-4fa8-97ed-eb665be36896/datanode-2/data/ratis/b61391df-7941-4d63-abe5-ae7edbeb28b3/in_use.lock acquired by nodename 32601@pr-hdds-1054-6hltv-2752131155
2019-08-20 14:51:40,476 INFO  storage.RaftStorageDirectory (RaftStorageDirectory.java:tryLock(328)) - Lock on /workdir/hadoop-ozone/integration-test/target/test-dir/MiniOzoneClusterImpl-c74f0574-43a4-4fa8-97ed-eb665be36896/datanode-0/data/ratis/b61391df-7941-4d63-abe5-ae7edbeb28b3/in_use.lock acquired by nodename 32601@pr-hdds-1054-6hltv-2752131155
2019-08-20 14:51:40,490 INFO  storage.RaftStorageDirectory (RaftStorageDirectory.java:tryLock(328)) - Lock on /workdir/hadoop-ozone/integration-test/target/test-dir/MiniOzoneClusterImpl-c74f0574-43a4-4fa8-97ed-eb665be36896/datanode-1/data/ratis/b61391df-7941-4d63-abe5-ae7edbeb28b3/in_use.lock acquired by nodename 32601@pr-hdds-1054-6hltv-2752131155
2019-08-20 14:51:40,490 INFO  storage.RaftStorage (RaftStorage.java:format(72)) - Storage directory /workdir/hadoop-ozone/integration-test/target/test-dir/MiniOzoneClusterImpl-c74f0574-43a4-4fa8-97ed-eb665be36896/datanode-2/data/ratis/b61391df-7941-4d63-abe5-ae7edbeb28b3 has been successfully formatted.
2019-08-20 14:51:40,490 INFO  storage.RaftStorage (RaftStorage.java:format(72)) - Storage directory /workdir/hadoop-ozone/integration-test/target/test-dir/MiniOzoneClusterImpl-c74f0574-43a4-4fa8-97ed-eb665be36896/datanode-0/data/ratis/b61391df-7941-4d63-abe5-ae7edbeb28b3 has been successfully formatted.
2019-08-20 14:51:40,491 INFO  ratis.ContainerStateMachine (ContainerStateMachine.java:loadSnapshot(222)) - group-AE7EDBEB28B3: The snapshot info is null. Setting the last applied indexto:(t:0, i:~)
2019-08-20 14:51:40,491 INFO  ratis.ContainerStateMachine (ContainerStateMachine.java:loadSnapshot(222)) - group-AE7EDBEB28B3: The snapshot info is null. Setting the last applied indexto:(t:0, i:~)
2019-08-20 14:51:40,491 INFO  server.RaftServerConfigKeys (ConfUtils.java:logGet(43)) - raft.server.leader.election.timeout = 120s (custom)
2019-08-20 14:51:40,491 INFO  server.RaftServerConfigKeys (ConfUtils.java:logGet(43)) - raft.server.leader.election.timeout = 120s (custom)
2019-08-20 14:51:40,491 INFO  server.RaftServerConfigKeys (ConfUtils.java:logGet(43)) - raft.server.log.use.memory = false (default)
2019-08-20 14:51:40,491 INFO  server.RaftServerConfigKeys (ConfUtils.java:logGet(43)) - raft.server.log.use.memory = false (default)
2019-08-20 14:51:40,491 INFO  server.RaftServerConfigKeys (ConfUtils.java:logGet(43)) - raft.server.log.purge.gap = 1000000000 (custom)
2019-08-20 14:51:40,491 INFO  server.RaftServerConfigKeys (ConfUtils.java:logGet(43)) - raft.server.log.purge.gap = 1000000000 (custom)
2019-08-20 14:51:40,491 INFO  server.RaftServerConfigKeys (ConfUtils.java:logGet(43)) - raft.server.log.appender.buffer.byte-limit = 33554432 (custom)
2019-08-20 14:51:40,491 INFO  server.RaftServerConfigKeys (ConfUtils.java:logGet(43)) - raft.server.log.appender.buffer.byte-limit = 33554432 (custom)
2019-08-20 14:51:40,491 INFO  server.RaftServerConfigKeys (ConfUtils.java:logGet(43)) - raft.server.log.segment.size.max = 1048576 (custom)
2019-08-20 14:51:40,491 INFO  server.RaftServerConfigKeys (ConfUtils.java:logGet(43)) - raft.server.log.segment.size.max = 1048576 (custom)
2019-08-20 14:51:40,491 INFO  server.RaftServerConfigKeys (ConfUtils.java:logGet(43)) - raft.server.log.segment.cache.num.max = 2 (custom)
2019-08-20 14:51:40,492 INFO  server.RaftServerConfigKeys (ConfUtils.java:logGet(43)) - raft.server.log.segment.cache.num.max = 2 (custom)
2019-08-20 14:51:40,492 INFO  segmented.SegmentedRaftLogWorker (SegmentedRaftLogWorker.java:<init>(172)) - new dc9a7e16-d776-4cd5-ab59-1213f44c5fc5-SegmentedRaftLogWorker:Storage Directory /workdir/hadoop-ozone/integration-test/target/test-dir/MiniOzoneClusterImpl-c74f0574-43a4-4fa8-97ed-eb665be36896/datanode-2/data/ratis/b61391df-7941-4d63-abe5-ae7edbeb28b3 for RaftStorage:Storage Directory /workdir/hadoop-ozone/integration-test/target/test-dir/MiniOzoneClusterImpl-c74f0574-43a4-4fa8-97ed-eb665be36896/datanode-2/data/ratis/b61391df-7941-4d63-abe5-ae7edbeb28b3
2019-08-20 14:51:40,492 INFO  segmented.SegmentedRaftLogWorker (SegmentedRaftLogWorker.java:<init>(172)) - new e8da62b6-b28b-4940-ab53-837f303f0ffe-SegmentedRaftLogWorker:Storage Directory /workdir/hadoop-ozone/integration-test/target/test-dir/MiniOzoneClusterImpl-c74f0574-43a4-4fa8-97ed-eb665be36896/datanode-0/data/ratis/b61391df-7941-4d63-abe5-ae7edbeb28b3 for RaftStorage:Storage Directory /workdir/hadoop-ozone/integration-test/target/test-dir/MiniOzoneClusterImpl-c74f0574-43a4-4fa8-97ed-eb665be36896/datanode-0/data/ratis/b61391df-7941-4d63-abe5-ae7edbeb28b3
2019-08-20 14:51:40,492 INFO  server.RaftServerConfigKeys (ConfUtils.java:logGet(43)) - raft.server.log.queue.byte-limit = 2147483647 (custom)
2019-08-20 14:51:40,492 INFO  server.RaftServerConfigKeys (ConfUtils.java:logGet(43)) - raft.server.log.queue.byte-limit = 2147483647 (custom)
2019-08-20 14:51:40,492 INFO  server.RaftServerConfigKeys (ConfUtils.java:logGet(43)) - raft.server.log.queue.element-limit = 1024 (custom)
2019-08-20 14:51:40,492 INFO  server.RaftServerConfigKeys (ConfUtils.java:logGet(43)) - raft.server.log.queue.element-limit = 1024 (custom)
2019-08-20 14:51:40,492 INFO  server.RaftServerConfigKeys (ConfUtils.java:logGet(43)) - raft.server.log.segment.size.max = 1048576 (custom)
2019-08-20 14:51:40,492 INFO  server.RaftServerConfigKeys (ConfUtils.java:logGet(43)) - raft.server.log.segment.size.max = 1048576 (custom)
2019-08-20 14:51:40,492 INFO  server.RaftServerConfigKeys (ConfUtils.java:logGet(43)) - raft.server.log.preallocated.size = 16384 (custom)
2019-08-20 14:51:40,492 INFO  server.RaftServerConfigKeys (ConfUtils.java:logGet(43)) - raft.server.log.preallocated.size = 16384 (custom)
2019-08-20 14:51:40,492 INFO  server.RaftServerConfigKeys (ConfUtils.java:logGet(43)) - raft.server.log.write.buffer.size = 33554432 (custom)
2019-08-20 14:51:40,493 INFO  server.RaftServerConfigKeys (ConfUtils.java:logGet(43)) - raft.server.log.write.buffer.size = 33554432 (custom)
2019-08-20 14:51:40,493 INFO  server.RaftServerConfigKeys (ConfUtils.java:logGet(43)) - raft.server.log.force.sync.num = 128 (default)
2019-08-20 14:51:40,493 INFO  server.RaftServerConfigKeys (ConfUtils.java:logGet(43)) - raft.server.log.force.sync.num = 128 (default)
2019-08-20 14:51:40,493 INFO  server.RaftServerConfigKeys (ConfUtils.java:logGet(43)) - raft.server.log.statemachine.data.sync = true (default)
2019-08-20 14:51:40,493 INFO  server.RaftServerConfigKeys (ConfUtils.java:logGet(43)) - raft.server.log.statemachine.data.sync = true (default)
2019-08-20 14:51:40,493 INFO  server.RaftServerConfigKeys (ConfUtils.java:logGet(43)) - raft.server.log.statemachine.data.sync.timeout = 10s (default)
2019-08-20 14:51:40,493 INFO  server.RaftServerConfigKeys (ConfUtils.java:logGet(43)) - raft.server.log.statemachine.data.sync.timeout = 10s (default)
2019-08-20 14:51:40,493 INFO  server.RaftServerConfigKeys (ConfUtils.java:logGet(43)) - raft.server.log.statemachine.data.sync.timeout.retry = -1 (default)
2019-08-20 14:51:40,493 INFO  server.RaftServerConfigKeys (ConfUtils.java:logGet(43)) - raft.server.log.statemachine.data.sync.timeout.retry = -1 (default)
2019-08-20 14:51:40,493 INFO  server.RaftServerConfigKeys (ConfUtils.java:logGet(43)) - raft.server.log.statemachine.data.caching.enabled = true (custom)
2019-08-20 14:51:40,493 INFO  server.RaftServerConfigKeys (ConfUtils.java:logGet(43)) - raft.server.log.statemachine.data.caching.enabled = true (custom)
2019-08-20 14:51:40,494 INFO  segmented.SegmentedRaftLogWorker (SegmentedRaftLogWorker.java:lambda$new$0(132)) - dc9a7e16-d776-4cd5-ab59-1213f44c5fc5-SegmentedRaftLogWorker:Storage Directory /workdir/hadoop-ozone/integration-test/target/test-dir/MiniOzoneClusterImpl-c74f0574-43a4-4fa8-97ed-eb665be36896/datanode-2/data/ratis/b61391df-7941-4d63-abe5-ae7edbeb28b3: flushIndex: setUnconditionally 0 -> -1
2019-08-20 14:51:40,494 INFO  segmented.SegmentedRaftLogWorker (SegmentedRaftLogWorker.java:lambda$new$0(132)) - e8da62b6-b28b-4940-ab53-837f303f0ffe-SegmentedRaftLogWorker:Storage Directory /workdir/hadoop-ozone/integration-test/target/test-dir/MiniOzoneClusterImpl-c74f0574-43a4-4fa8-97ed-eb665be36896/datanode-0/data/ratis/b61391df-7941-4d63-abe5-ae7edbeb28b3: flushIndex: setUnconditionally 0 -> -1
2019-08-20 14:51:40,494 INFO  server.RaftServerConfigKeys (ConfUtils.java:logGet(43)) - raft.server.snapshot.auto.trigger.enabled = true (custom)
2019-08-20 14:51:40,494 INFO  server.RaftServerConfigKeys (ConfUtils.java:logGet(43)) - raft.server.snapshot.auto.trigger.enabled = true (custom)
2019-08-20 14:51:40,494 INFO  server.RaftServerConfigKeys (ConfUtils.java:logGet(43)) - raft.server.snapshot.auto.trigger.threshold = 10000 (custom)
2019-08-20 14:51:40,494 INFO  server.RaftServerConfigKeys (ConfUtils.java:logGet(43)) - raft.server.snapshot.auto.trigger.threshold = 10000 (custom)
2019-08-20 14:51:40,494 INFO  server.RaftServerConfigKeys (ConfUtils.java:logGet(43)) - raft.server.retrycache.expirytime = 600000ms (custom)
2019-08-20 14:51:40,494 INFO  server.RaftServerConfigKeys (ConfUtils.java:logGet(43)) - raft.server.retrycache.expirytime = 600000ms (custom)
2019-08-20 14:51:40,494 INFO  impl.RaftServerImpl (RaftServerImpl.java:start(180)) - dc9a7e16-d776-4cd5-ab59-1213f44c5fc5: start group-AE7EDBEB28B3
2019-08-20 14:51:40,494 INFO  impl.RaftServerImpl (RaftServerImpl.java:start(180)) - e8da62b6-b28b-4940-ab53-837f303f0ffe: start group-AE7EDBEB28B3
2019-08-20 14:51:40,494 INFO  impl.RaftServerImpl (RaftServerImpl.java:setRole(171)) - dc9a7e16-d776-4cd5-ab59-1213f44c5fc5:group-AE7EDBEB28B3 changes role from null to FOLLOWER at term 0 for startAsFollower
2019-08-20 14:51:40,494 INFO  impl.RaftServerImpl (RaftServerImpl.java:setRole(171)) - e8da62b6-b28b-4940-ab53-837f303f0ffe:group-AE7EDBEB28B3 changes role from null to FOLLOWER at term 0 for startAsFollower
2019-08-20 14:51:40,495 INFO  impl.RoleInfo (RoleInfo.java:updateAndGet(143)) - dc9a7e16-d776-4cd5-ab59-1213f44c5fc5: start FollowerState
2019-08-20 14:51:40,495 INFO  impl.RoleInfo (RoleInfo.java:updateAndGet(143)) - e8da62b6-b28b-4940-ab53-837f303f0ffe: start FollowerState
2019-08-20 14:51:40,495 INFO  util.JmxRegister (JmxRegister.java:tryRegister(44)) - Successfully registered JMX Bean with object name Ratis:service=RaftServer,group=group-AE7EDBEB28B3,id=dc9a7e16-d776-4cd5-ab59-1213f44c5fc5
2019-08-20 14:51:40,495 INFO  util.JmxRegister (JmxRegister.java:tryRegister(44)) - Successfully registered JMX Bean with object name Ratis:service=RaftServer,group=group-AE7EDBEB28B3,id=e8da62b6-b28b-4940-ab53-837f303f0ffe
2019-08-20 14:51:40,545 INFO  storage.RaftStorage (RaftStorage.java:format(72)) - Storage directory /workdir/hadoop-ozone/integration-test/target/test-dir/MiniOzoneClusterImpl-c74f0574-43a4-4fa8-97ed-eb665be36896/datanode-1/data/ratis/b61391df-7941-4d63-abe5-ae7edbeb28b3 has been successfully formatted.
2019-08-20 14:51:40,546 INFO  ratis.ContainerStateMachine (ContainerStateMachine.java:loadSnapshot(222)) - group-AE7EDBEB28B3: The snapshot info is null. Setting the last applied indexto:(t:0, i:~)
2019-08-20 14:51:40,546 INFO  server.RaftServerConfigKeys (ConfUtils.java:logGet(43)) - raft.server.leader.election.timeout = 120s (custom)
2019-08-20 14:51:40,546 INFO  server.RaftServerConfigKeys (ConfUtils.java:logGet(43)) - raft.server.log.use.memory = false (default)
2019-08-20 14:51:40,546 INFO  server.RaftServerConfigKeys (ConfUtils.java:logGet(43)) - raft.server.log.purge.gap = 1000000000 (custom)
2019-08-20 14:51:40,546 INFO  server.RaftServerConfigKeys (ConfUtils.java:logGet(43)) - raft.server.log.appender.buffer.byte-limit = 33554432 (custom)
2019-08-20 14:51:40,546 INFO  server.RaftServerConfigKeys (ConfUtils.java:logGet(43)) - raft.server.log.segment.size.max = 1048576 (custom)
2019-08-20 14:51:40,547 INFO  server.RaftServerConfigKeys (ConfUtils.java:logGet(43)) - raft.server.log.segment.cache.num.max = 2 (custom)
2019-08-20 14:51:40,547 INFO  segmented.SegmentedRaftLogWorker (SegmentedRaftLogWorker.java:<init>(172)) - new 973a9873-247c-4be8-a7a1-8a7292609846-SegmentedRaftLogWorker:Storage Directory /workdir/hadoop-ozone/integration-test/target/test-dir/MiniOzoneClusterImpl-c74f0574-43a4-4fa8-97ed-eb665be36896/datanode-1/data/ratis/b61391df-7941-4d63-abe5-ae7edbeb28b3 for RaftStorage:Storage Directory /workdir/hadoop-ozone/integration-test/target/test-dir/MiniOzoneClusterImpl-c74f0574-43a4-4fa8-97ed-eb665be36896/datanode-1/data/ratis/b61391df-7941-4d63-abe5-ae7edbeb28b3
2019-08-20 14:51:40,547 INFO  server.RaftServerConfigKeys (ConfUtils.java:logGet(43)) - raft.server.log.queue.byte-limit = 2147483647 (custom)
2019-08-20 14:51:40,547 INFO  server.RaftServerConfigKeys (ConfUtils.java:logGet(43)) - raft.server.log.queue.element-limit = 1024 (custom)
2019-08-20 14:51:40,547 INFO  server.RaftServerConfigKeys (ConfUtils.java:logGet(43)) - raft.server.log.segment.size.max = 1048576 (custom)
2019-08-20 14:51:40,547 INFO  server.RaftServerConfigKeys (ConfUtils.java:logGet(43)) - raft.server.log.preallocated.size = 16384 (custom)
2019-08-20 14:51:40,548 INFO  server.RaftServerConfigKeys (ConfUtils.java:logGet(43)) - raft.server.log.write.buffer.size = 33554432 (custom)
2019-08-20 14:51:40,548 INFO  server.RaftServerConfigKeys (ConfUtils.java:logGet(43)) - raft.server.log.force.sync.num = 128 (default)
2019-08-20 14:51:40,548 INFO  server.RaftServerConfigKeys (ConfUtils.java:logGet(43)) - raft.server.log.statemachine.data.sync = true (default)
2019-08-20 14:51:40,548 INFO  server.RaftServerConfigKeys (ConfUtils.java:logGet(43)) - raft.server.log.statemachine.data.sync.timeout = 10s (default)
2019-08-20 14:51:40,548 INFO  server.RaftServerConfigKeys (ConfUtils.java:logGet(43)) - raft.server.log.statemachine.data.sync.timeout.retry = -1 (default)
2019-08-20 14:51:40,548 INFO  server.RaftServerConfigKeys (ConfUtils.java:logGet(43)) - raft.server.log.statemachine.data.caching.enabled = true (custom)
2019-08-20 14:51:40,549 INFO  segmented.SegmentedRaftLogWorker (SegmentedRaftLogWorker.java:lambda$new$0(132)) - 973a9873-247c-4be8-a7a1-8a7292609846-SegmentedRaftLogWorker:Storage Directory /workdir/hadoop-ozone/integration-test/target/test-dir/MiniOzoneClusterImpl-c74f0574-43a4-4fa8-97ed-eb665be36896/datanode-1/data/ratis/b61391df-7941-4d63-abe5-ae7edbeb28b3: flushIndex: setUnconditionally 0 -> -1
2019-08-20 14:51:40,549 INFO  server.RaftServerConfigKeys (ConfUtils.java:logGet(43)) - raft.server.snapshot.auto.trigger.enabled = true (custom)
2019-08-20 14:51:40,549 INFO  server.RaftServerConfigKeys (ConfUtils.java:logGet(43)) - raft.server.snapshot.auto.trigger.threshold = 10000 (custom)
2019-08-20 14:51:40,550 INFO  server.RaftServerConfigKeys (ConfUtils.java:logGet(43)) - raft.server.retrycache.expirytime = 600000ms (custom)
2019-08-20 14:51:40,550 INFO  impl.RaftServerImpl (RaftServerImpl.java:start(180)) - 973a9873-247c-4be8-a7a1-8a7292609846: start group-AE7EDBEB28B3
2019-08-20 14:51:40,550 INFO  impl.RaftServerImpl (RaftServerImpl.java:setRole(171)) - 973a9873-247c-4be8-a7a1-8a7292609846:group-AE7EDBEB28B3 changes role from null to FOLLOWER at term 0 for startAsFollower
2019-08-20 14:51:40,550 INFO  impl.RoleInfo (RoleInfo.java:updateAndGet(143)) - 973a9873-247c-4be8-a7a1-8a7292609846: start FollowerState
2019-08-20 14:51:40,551 INFO  util.JmxRegister (JmxRegister.java:tryRegister(44)) - Successfully registered JMX Bean with object name Ratis:service=RaftServer,group=group-AE7EDBEB28B3,id=973a9873-247c-4be8-a7a1-8a7292609846
2019-08-20 14:51:40,556 INFO  pipeline.PipelineStateManager (PipelineStateManager.java:addPipeline(56)) - Created pipeline Pipeline[ Id: b61391df-7941-4d63-abe5-ae7edbeb28b3, Nodes: 973a9873-247c-4be8-a7a1-8a7292609846{ip: 192.168.69.107, host: pr-hdds-1054-6hltv-2752131155, networkLocation: /default-rack, certSerialId: null}e8da62b6-b28b-4940-ab53-837f303f0ffe{ip: 192.168.69.107, host: pr-hdds-1054-6hltv-2752131155, networkLocation: /default-rack, certSerialId: null}dc9a7e16-d776-4cd5-ab59-1213f44c5fc5{ip: 192.168.69.107, host: pr-hdds-1054-6hltv-2752131155, networkLocation: /default-rack, certSerialId: null}, Type:RATIS, Factor:THREE, State:OPEN]
2019-08-20 14:51:40,617 INFO  net.NetworkTopology (NetworkTopologyImpl.java:add(110)) - Added a new node: /default-rack/2dce4224-1516-411e-baa0-6eb953eb6406
2019-08-20 14:51:40,617 INFO  node.SCMNodeManager (SCMNodeManager.java:register(273)) - Registered Data node : 2dce4224-1516-411e-baa0-6eb953eb6406{ip: 192.168.69.107, host: pr-hdds-1054-6hltv-2752131155, networkLocation: /default-rack, certSerialId: null}
2019-08-20 14:51:40,630 INFO  impl.RaftServerProxy (RaftServerProxy.java:addNew(89)) - 2dce4224-1516-411e-baa0-6eb953eb6406: addNew group-09F66922473F:[2dce4224-1516-411e-baa0-6eb953eb6406:192.168.69.107:38590] returns group-09F66922473F:java.util.concurrent.CompletableFuture@21a2fc29[Not completed]
2019-08-20 14:51:40,631 INFO  impl.RaftServerImpl (RaftServerImpl.java:<init>(93)) - 2dce4224-1516-411e-baa0-6eb953eb6406: new RaftServerImpl for group-09F66922473F:[2dce4224-1516-411e-baa0-6eb953eb6406:192.168.69.107:38590] with ContainerStateMachine:uninitialized
2019-08-20 14:51:40,631 INFO  server.RaftServerConfigKeys (ConfUtils.java:logGet(43)) - raft.server.rpc.timeout.min = 5s (custom)
2019-08-20 14:51:40,631 INFO  server.RaftServerConfigKeys (ConfUtils.java:logGet(43)) - raft.server.rpc.timeout.max = 5200ms (custom)
2019-08-20 14:51:40,631 INFO  server.RaftServerConfigKeys (ConfUtils.java:logGet(43)) - raft.server.rpcslowness.timeout = 120s (custom)
2019-08-20 14:51:40,631 INFO  server.RaftServerConfigKeys (ConfUtils.java:logGet(43)) - raft.server.sleep.deviation.threshold = 300 (default)
2019-08-20 14:51:40,632 INFO  server.RaftServerConfigKeys (ConfUtils.java:logGet(43)) - raft.server.log.appender.install.snapshot.enabled = false (custom)
2019-08-20 14:51:40,632 INFO  impl.RaftServerImpl (ServerState.java:<init>(105)) - 2dce4224-1516-411e-baa0-6eb953eb6406:group-09F66922473F ConfigurationManager, init=-1: [2dce4224-1516-411e-baa0-6eb953eb6406:192.168.69.107:38590], old=null, confs=<EMPTY_MAP>
2019-08-20 14:51:40,632 INFO  server.RaftServerConfigKeys (ConfUtils.java:logGet(43)) - raft.server.storage.dir = [/workdir/hadoop-ozone/integration-test/target/test-dir/MiniOzoneClusterImpl-c74f0574-43a4-4fa8-97ed-eb665be36896/datanode-3/data/ratis] (custom)
2019-08-20 14:51:40,632 INFO  storage.RaftStorageDirectory (RaftStorageDirectory.java:analyzeStorage(246)) - The storage directory /workdir/hadoop-ozone/integration-test/target/test-dir/MiniOzoneClusterImpl-c74f0574-43a4-4fa8-97ed-eb665be36896/datanode-3/data/ratis/9ac816eb-1381-4f0c-b698-09f66922473f does not exist. Creating ...
2019-08-20 14:51:40,667 INFO  storage.RaftStorageDirectory (RaftStorageDirectory.java:tryLock(328)) - Lock on /workdir/hadoop-ozone/integration-test/target/test-dir/MiniOzoneClusterImpl-c74f0574-43a4-4fa8-97ed-eb665be36896/datanode-3/data/ratis/9ac816eb-1381-4f0c-b698-09f66922473f/in_use.lock acquired by nodename 32601@pr-hdds-1054-6hltv-2752131155
2019-08-20 14:51:40,695 INFO  storage.RaftStorage (RaftStorage.java:format(72)) - Storage directory /workdir/hadoop-ozone/integration-test/target/test-dir/MiniOzoneClusterImpl-c74f0574-43a4-4fa8-97ed-eb665be36896/datanode-3/data/ratis/9ac816eb-1381-4f0c-b698-09f66922473f has been successfully formatted.
2019-08-20 14:51:40,695 INFO  ratis.ContainerStateMachine (ContainerStateMachine.java:loadSnapshot(222)) - group-09F66922473F: The snapshot info is null. Setting the last applied indexto:(t:0, i:~)
2019-08-20 14:51:40,695 INFO  server.RaftServerConfigKeys (ConfUtils.java:logGet(43)) - raft.server.leader.election.timeout = 120s (custom)
2019-08-20 14:51:40,695 INFO  server.RaftServerConfigKeys (ConfUtils.java:logGet(43)) - raft.server.log.use.memory = false (default)
2019-08-20 14:51:40,695 INFO  server.RaftServerConfigKeys (ConfUtils.java:logGet(43)) - raft.server.log.purge.gap = 1000000000 (custom)
2019-08-20 14:51:40,695 INFO  server.RaftServerConfigKeys (ConfUtils.java:logGet(43)) - raft.server.log.appender.buffer.byte-limit = 33554432 (custom)
2019-08-20 14:51:40,695 INFO  server.RaftServerConfigKeys (ConfUtils.java:logGet(43)) - raft.server.log.segment.size.max = 1048576 (custom)
2019-08-20 14:51:40,696 INFO  server.RaftServerConfigKeys (ConfUtils.java:logGet(43)) - raft.server.log.segment.cache.num.max = 2 (custom)
2019-08-20 14:51:40,696 INFO  segmented.SegmentedRaftLogWorker (SegmentedRaftLogWorker.java:<init>(172)) - new 2dce4224-1516-411e-baa0-6eb953eb6406-SegmentedRaftLogWorker:Storage Directory /workdir/hadoop-ozone/integration-test/target/test-dir/MiniOzoneClusterImpl-c74f0574-43a4-4fa8-97ed-eb665be36896/datanode-3/data/ratis/9ac816eb-1381-4f0c-b698-09f66922473f for RaftStorage:Storage Directory /workdir/hadoop-ozone/integration-test/target/test-dir/MiniOzoneClusterImpl-c74f0574-43a4-4fa8-97ed-eb665be36896/datanode-3/data/ratis/9ac816eb-1381-4f0c-b698-09f66922473f
2019-08-20 14:51:40,696 INFO  server.RaftServerConfigKeys (ConfUtils.java:logGet(43)) - raft.server.log.queue.byte-limit = 2147483647 (custom)
2019-08-20 14:51:40,696 INFO  server.RaftServerConfigKeys (ConfUtils.java:logGet(43)) - raft.server.log.queue.element-limit = 1024 (custom)
2019-08-20 14:51:40,696 INFO  server.RaftServerConfigKeys (ConfUtils.java:logGet(43)) - raft.server.log.segment.size.max = 1048576 (custom)
2019-08-20 14:51:40,696 INFO  server.RaftServerConfigKeys (ConfUtils.java:logGet(43)) - raft.server.log.preallocated.size = 16384 (custom)
2019-08-20 14:51:40,696 INFO  server.RaftServerConfigKeys (ConfUtils.java:logGet(43)) - raft.server.log.write.buffer.size = 33554432 (custom)
2019-08-20 14:51:40,696 INFO  server.RaftServerConfigKeys (ConfUtils.java:logGet(43)) - raft.server.log.force.sync.num = 128 (default)
2019-08-20 14:51:40,697 INFO  server.RaftServerConfigKeys (ConfUtils.java:logGet(43)) - raft.server.log.statemachine.data.sync = true (default)
2019-08-20 14:51:40,697 INFO  server.RaftServerConfigKeys (ConfUtils.java:logGet(43)) - raft.server.log.statemachine.data.sync.timeout = 10s (default)
2019-08-20 14:51:40,697 INFO  server.RaftServerConfigKeys (ConfUtils.java:logGet(43)) - raft.server.log.statemachine.data.sync.timeout.retry = -1 (default)
2019-08-20 14:51:40,697 INFO  server.RaftServerConfigKeys (ConfUtils.java:logGet(43)) - raft.server.log.statemachine.data.caching.enabled = true (custom)
2019-08-20 14:51:40,697 INFO  segmented.SegmentedRaftLogWorker (SegmentedRaftLogWorker.java:lambda$new$0(132)) - 2dce4224-1516-411e-baa0-6eb953eb6406-SegmentedRaftLogWorker:Storage Directory /workdir/hadoop-ozone/integration-test/target/test-dir/MiniOzoneClusterImpl-c74f0574-43a4-4fa8-97ed-eb665be36896/datanode-3/data/ratis/9ac816eb-1381-4f0c-b698-09f66922473f: flushIndex: setUnconditionally 0 -> -1
2019-08-20 14:51:40,697 INFO  server.RaftServerConfigKeys (ConfUtils.java:logGet(43)) - raft.server.snapshot.auto.trigger.enabled = true (custom)
2019-08-20 14:51:40,698 INFO  server.RaftServerConfigKeys (ConfUtils.java:logGet(43)) - raft.server.snapshot.auto.trigger.threshold = 10000 (custom)
2019-08-20 14:51:40,698 INFO  server.RaftServerConfigKeys (ConfUtils.java:logGet(43)) - raft.server.retrycache.expirytime = 600000ms (custom)
2019-08-20 14:51:40,698 INFO  impl.RaftServerImpl (RaftServerImpl.java:start(180)) - 2dce4224-1516-411e-baa0-6eb953eb6406: start group-09F66922473F
2019-08-20 14:51:40,698 INFO  impl.RaftServerImpl (RaftServerImpl.java:setRole(171)) - 2dce4224-1516-411e-baa0-6eb953eb6406:group-09F66922473F changes role from null to FOLLOWER at term 0 for startAsFollower
2019-08-20 14:51:40,698 INFO  impl.RoleInfo (RoleInfo.java:updateAndGet(143)) - 2dce4224-1516-411e-baa0-6eb953eb6406: start FollowerState
2019-08-20 14:51:40,698 INFO  util.JmxRegister (JmxRegister.java:tryRegister(44)) - Successfully registered JMX Bean with object name Ratis:service=RaftServer,group=group-09F66922473F,id=2dce4224-1516-411e-baa0-6eb953eb6406
2019-08-20 14:51:40,702 INFO  pipeline.PipelineStateManager (PipelineStateManager.java:addPipeline(56)) - Created pipeline Pipeline[ Id: 9ac816eb-1381-4f0c-b698-09f66922473f, Nodes: 2dce4224-1516-411e-baa0-6eb953eb6406{ip: 192.168.69.107, host: pr-hdds-1054-6hltv-2752131155, networkLocation: /default-rack, certSerialId: null}, Type:RATIS, Factor:ONE, State:OPEN]
2019-08-20 14:51:40,843 INFO  net.NetworkTopology (NetworkTopologyImpl.java:add(110)) - Added a new node: /default-rack/5f936878-cdc2-4461-b492-9655c07e1f13
2019-08-20 14:51:40,844 INFO  node.SCMNodeManager (SCMNodeManager.java:register(273)) - Registered Data node : 5f936878-cdc2-4461-b492-9655c07e1f13{ip: 192.168.69.107, host: pr-hdds-1054-6hltv-2752131155, networkLocation: /default-rack, certSerialId: null}
2019-08-20 14:51:40,855 INFO  impl.RaftServerProxy (RaftServerProxy.java:addNew(89)) - 5f936878-cdc2-4461-b492-9655c07e1f13: addNew group-8AEAF6A88DFD:[5f936878-cdc2-4461-b492-9655c07e1f13:192.168.69.107:42684] returns group-8AEAF6A88DFD:java.util.concurrent.CompletableFuture@6fe79853[Not completed]
2019-08-20 14:51:40,856 INFO  impl.RaftServerImpl (RaftServerImpl.java:<init>(93)) - 5f936878-cdc2-4461-b492-9655c07e1f13: new RaftServerImpl for group-8AEAF6A88DFD:[5f936878-cdc2-4461-b492-9655c07e1f13:192.168.69.107:42684] with ContainerStateMachine:uninitialized
2019-08-20 14:51:40,856 INFO  server.RaftServerConfigKeys (ConfUtils.java:logGet(43)) - raft.server.rpc.timeout.min = 5s (custom)
2019-08-20 14:51:40,856 INFO  server.RaftServerConfigKeys (ConfUtils.java:logGet(43)) - raft.server.rpc.timeout.max = 5200ms (custom)
2019-08-20 14:51:40,856 INFO  server.RaftServerConfigKeys (ConfUtils.java:logGet(43)) - raft.server.rpcslowness.timeout = 120s (custom)
2019-08-20 14:51:40,856 INFO  server.RaftServerConfigKeys (ConfUtils.java:logGet(43)) - raft.server.sleep.deviation.threshold = 300 (default)
2019-08-20 14:51:40,856 INFO  server.RaftServerConfigKeys (ConfUtils.java:logGet(43)) - raft.server.log.appender.install.snapshot.enabled = false (custom)
2019-08-20 14:51:40,856 INFO  impl.RaftServerImpl (ServerState.java:<init>(105)) - 5f936878-cdc2-4461-b492-9655c07e1f13:group-8AEAF6A88DFD ConfigurationManager, init=-1: [5f936878-cdc2-4461-b492-9655c07e1f13:192.168.69.107:42684], old=null, confs=<EMPTY_MAP>
2019-08-20 14:51:40,857 INFO  server.RaftServerConfigKeys (ConfUtils.java:logGet(43)) - raft.server.storage.dir = [/workdir/hadoop-ozone/integration-test/target/test-dir/MiniOzoneClusterImpl-c74f0574-43a4-4fa8-97ed-eb665be36896/datanode-4/data/ratis] (custom)
2019-08-20 14:51:40,857 INFO  storage.RaftStorageDirectory (RaftStorageDirectory.java:analyzeStorage(246)) - The storage directory /workdir/hadoop-ozone/integration-test/target/test-dir/MiniOzoneClusterImpl-c74f0574-43a4-4fa8-97ed-eb665be36896/datanode-4/data/ratis/4be1b586-07f7-472f-9a59-8aeaf6a88dfd does not exist. Creating ...
2019-08-20 14:51:40,866 INFO  storage.RaftStorageDirectory (RaftStorageDirectory.java:tryLock(328)) - Lock on /workdir/hadoop-ozone/integration-test/target/test-dir/MiniOzoneClusterImpl-c74f0574-43a4-4fa8-97ed-eb665be36896/datanode-4/data/ratis/4be1b586-07f7-472f-9a59-8aeaf6a88dfd/in_use.lock acquired by nodename 32601@pr-hdds-1054-6hltv-2752131155
2019-08-20 14:51:40,880 INFO  storage.RaftStorage (RaftStorage.java:format(72)) - Storage directory /workdir/hadoop-ozone/integration-test/target/test-dir/MiniOzoneClusterImpl-c74f0574-43a4-4fa8-97ed-eb665be36896/datanode-4/data/ratis/4be1b586-07f7-472f-9a59-8aeaf6a88dfd has been successfully formatted.
2019-08-20 14:51:40,880 INFO  ratis.ContainerStateMachine (ContainerStateMachine.java:loadSnapshot(222)) - group-8AEAF6A88DFD: The snapshot info is null. Setting the last applied indexto:(t:0, i:~)
2019-08-20 14:51:40,880 INFO  server.RaftServerConfigKeys (ConfUtils.java:logGet(43)) - raft.server.leader.election.timeout = 120s (custom)
2019-08-20 14:51:40,880 INFO  server.RaftServerConfigKeys (ConfUtils.java:logGet(43)) - raft.server.log.use.memory = false (default)
2019-08-20 14:51:40,881 INFO  server.RaftServerConfigKeys (ConfUtils.java:logGet(43)) - raft.server.log.purge.gap = 1000000000 (custom)
2019-08-20 14:51:40,881 INFO  server.RaftServerConfigKeys (ConfUtils.java:logGet(43)) - raft.server.log.appender.buffer.byte-limit = 33554432 (custom)
2019-08-20 14:51:40,881 INFO  server.RaftServerConfigKeys (ConfUtils.java:logGet(43)) - raft.server.log.segment.size.max = 1048576 (custom)
2019-08-20 14:51:40,881 INFO  server.RaftServerConfigKeys (ConfUtils.java:logGet(43)) - raft.server.log.segment.cache.num.max = 2 (custom)
2019-08-20 14:51:40,881 INFO  segmented.SegmentedRaftLogWorker (SegmentedRaftLogWorker.java:<init>(172)) - new 5f936878-cdc2-4461-b492-9655c07e1f13-SegmentedRaftLogWorker:Storage Directory /workdir/hadoop-ozone/integration-test/target/test-dir/MiniOzoneClusterImpl-c74f0574-43a4-4fa8-97ed-eb665be36896/datanode-4/data/ratis/4be1b586-07f7-472f-9a59-8aeaf6a88dfd for RaftStorage:Storage Directory /workdir/hadoop-ozone/integration-test/target/test-dir/MiniOzoneClusterImpl-c74f0574-43a4-4fa8-97ed-eb665be36896/datanode-4/data/ratis/4be1b586-07f7-472f-9a59-8aeaf6a88dfd
2019-08-20 14:51:40,881 INFO  server.RaftServerConfigKeys (ConfUtils.java:logGet(43)) - raft.server.log.queue.byte-limit = 2147483647 (custom)
2019-08-20 14:51:40,881 INFO  server.RaftServerConfigKeys (ConfUtils.java:logGet(43)) - raft.server.log.queue.element-limit = 1024 (custom)
2019-08-20 14:51:40,882 INFO  server.RaftServerConfigKeys (ConfUtils.java:logGet(43)) - raft.server.log.segment.size.max = 1048576 (custom)
2019-08-20 14:51:40,882 INFO  server.RaftServerConfigKeys (ConfUtils.java:logGet(43)) - raft.server.log.preallocated.size = 16384 (custom)
2019-08-20 14:51:40,882 INFO  server.RaftServerConfigKeys (ConfUtils.java:logGet(43)) - raft.server.log.write.buffer.size = 33554432 (custom)
2019-08-20 14:51:40,882 INFO  server.RaftServerConfigKeys (ConfUtils.java:logGet(43)) - raft.server.log.force.sync.num = 128 (default)
2019-08-20 14:51:40,882 INFO  server.RaftServerConfigKeys (ConfUtils.java:logGet(43)) - raft.server.log.statemachine.data.sync = true (default)
2019-08-20 14:51:40,882 INFO  server.RaftServerConfigKeys (ConfUtils.java:logGet(43)) - raft.server.log.statemachine.data.sync.timeout = 10s (default)
2019-08-20 14:51:40,882 INFO  server.RaftServerConfigKeys (ConfUtils.java:logGet(43)) - raft.server.log.statemachine.data.sync.timeout.retry = -1 (default)
2019-08-20 14:51:40,882 INFO  server.RaftServerConfigKeys (ConfUtils.java:logGet(43)) - raft.server.log.statemachine.data.caching.enabled = true (custom)
2019-08-20 14:51:40,883 INFO  segmented.SegmentedRaftLogWorker (SegmentedRaftLogWorker.java:lambda$new$0(132)) - 5f936878-cdc2-4461-b492-9655c07e1f13-SegmentedRaftLogWorker:Storage Directory /workdir/hadoop-ozone/integration-test/target/test-dir/MiniOzoneClusterImpl-c74f0574-43a4-4fa8-97ed-eb665be36896/datanode-4/data/ratis/4be1b586-07f7-472f-9a59-8aeaf6a88dfd: flushIndex: setUnconditionally 0 -> -1
2019-08-20 14:51:40,883 INFO  server.RaftServerConfigKeys (ConfUtils.java:logGet(43)) - raft.server.snapshot.auto.trigger.enabled = true (custom)
2019-08-20 14:51:40,883 INFO  server.RaftServerConfigKeys (ConfUtils.java:logGet(43)) - raft.server.snapshot.auto.trigger.threshold = 10000 (custom)
2019-08-20 14:51:40,883 INFO  server.RaftServerConfigKeys (ConfUtils.java:logGet(43)) - raft.server.retrycache.expirytime = 600000ms (custom)
2019-08-20 14:51:40,883 INFO  impl.RaftServerImpl (RaftServerImpl.java:start(180)) - 5f936878-cdc2-4461-b492-9655c07e1f13: start group-8AEAF6A88DFD
2019-08-20 14:51:40,883 INFO  impl.RaftServerImpl (RaftServerImpl.java:setRole(171)) - 5f936878-cdc2-4461-b492-9655c07e1f13:group-8AEAF6A88DFD changes role from null to FOLLOWER at term 0 for startAsFollower
2019-08-20 14:51:40,884 INFO  impl.RoleInfo (RoleInfo.java:updateAndGet(143)) - 5f936878-cdc2-4461-b492-9655c07e1f13: start FollowerState
2019-08-20 14:51:40,884 INFO  util.JmxRegister (JmxRegister.java:tryRegister(44)) - Successfully registered JMX Bean with object name Ratis:service=RaftServer,group=group-8AEAF6A88DFD,id=5f936878-cdc2-4461-b492-9655c07e1f13
2019-08-20 14:51:40,889 INFO  pipeline.PipelineStateManager (PipelineStateManager.java:addPipeline(56)) - Created pipeline Pipeline[ Id: 4be1b586-07f7-472f-9a59-8aeaf6a88dfd, Nodes: 5f936878-cdc2-4461-b492-9655c07e1f13{ip: 192.168.69.107, host: pr-hdds-1054-6hltv-2752131155, networkLocation: /default-rack, certSerialId: null}, Type:RATIS, Factor:ONE, State:OPEN]
2019-08-20 14:51:41,027 INFO  net.NetworkTopology (NetworkTopologyImpl.java:add(110)) - Added a new node: /default-rack/2dd4c896-9c60-4b8b-8195-5f3d0832371a
2019-08-20 14:51:41,027 INFO  node.SCMNodeManager (SCMNodeManager.java:register(273)) - Registered Data node : 2dd4c896-9c60-4b8b-8195-5f3d0832371a{ip: 192.168.69.107, host: pr-hdds-1054-6hltv-2752131155, networkLocation: /default-rack, certSerialId: null}
2019-08-20 14:51:41,041 INFO  impl.RaftServerProxy (RaftServerProxy.java:addNew(89)) - 2dd4c896-9c60-4b8b-8195-5f3d0832371a: addNew group-BD0A876B1DC8:[2dd4c896-9c60-4b8b-8195-5f3d0832371a:192.168.69.107:46623] returns group-BD0A876B1DC8:java.util.concurrent.CompletableFuture@2ffc99ad[Not completed]
2019-08-20 14:51:41,042 INFO  impl.RaftServerImpl (RaftServerImpl.java:<init>(93)) - 2dd4c896-9c60-4b8b-8195-5f3d0832371a: new RaftServerImpl for group-BD0A876B1DC8:[2dd4c896-9c60-4b8b-8195-5f3d0832371a:192.168.69.107:46623] with ContainerStateMachine:uninitialized
2019-08-20 14:51:41,042 INFO  server.RaftServerConfigKeys (ConfUtils.java:logGet(43)) - raft.server.rpc.timeout.min = 5s (custom)
2019-08-20 14:51:41,043 INFO  server.RaftServerConfigKeys (ConfUtils.java:logGet(43)) - raft.server.rpc.timeout.max = 5200ms (custom)
2019-08-20 14:51:41,043 INFO  server.RaftServerConfigKeys (ConfUtils.java:logGet(43)) - raft.server.rpcslowness.timeout = 120s (custom)
2019-08-20 14:51:41,043 INFO  server.RaftServerConfigKeys (ConfUtils.java:logGet(43)) - raft.server.sleep.deviation.threshold = 300 (default)
2019-08-20 14:51:41,043 INFO  server.RaftServerConfigKeys (ConfUtils.java:logGet(43)) - raft.server.log.appender.install.snapshot.enabled = false (custom)
2019-08-20 14:51:41,043 INFO  impl.RaftServerImpl (ServerState.java:<init>(105)) - 2dd4c896-9c60-4b8b-8195-5f3d0832371a:group-BD0A876B1DC8 ConfigurationManager, init=-1: [2dd4c896-9c60-4b8b-8195-5f3d0832371a:192.168.69.107:46623], old=null, confs=<EMPTY_MAP>
2019-08-20 14:51:41,043 INFO  server.RaftServerConfigKeys (ConfUtils.java:logGet(43)) - raft.server.storage.dir = [/workdir/hadoop-ozone/integration-test/target/test-dir/MiniOzoneClusterImpl-c74f0574-43a4-4fa8-97ed-eb665be36896/datanode-5/data/ratis] (custom)
2019-08-20 14:51:41,043 INFO  storage.RaftStorageDirectory (RaftStorageDirectory.java:analyzeStorage(246)) - The storage directory /workdir/hadoop-ozone/integration-test/target/test-dir/MiniOzoneClusterImpl-c74f0574-43a4-4fa8-97ed-eb665be36896/datanode-5/data/ratis/e26e9b2b-a6e2-4e29-9975-bd0a876b1dc8 does not exist. Creating ...
2019-08-20 14:51:41,057 INFO  storage.RaftStorageDirectory (RaftStorageDirectory.java:tryLock(328)) - Lock on /workdir/hadoop-ozone/integration-test/target/test-dir/MiniOzoneClusterImpl-c74f0574-43a4-4fa8-97ed-eb665be36896/datanode-5/data/ratis/e26e9b2b-a6e2-4e29-9975-bd0a876b1dc8/in_use.lock acquired by nodename 32601@pr-hdds-1054-6hltv-2752131155
2019-08-20 14:51:41,070 INFO  storage.RaftStorage (RaftStorage.java:format(72)) - Storage directory /workdir/hadoop-ozone/integration-test/target/test-dir/MiniOzoneClusterImpl-c74f0574-43a4-4fa8-97ed-eb665be36896/datanode-5/data/ratis/e26e9b2b-a6e2-4e29-9975-bd0a876b1dc8 has been successfully formatted.
2019-08-20 14:51:41,071 INFO  ratis.ContainerStateMachine (ContainerStateMachine.java:loadSnapshot(222)) - group-BD0A876B1DC8: The snapshot info is null. Setting the last applied indexto:(t:0, i:~)
2019-08-20 14:51:41,071 INFO  server.RaftServerConfigKeys (ConfUtils.java:logGet(43)) - raft.server.leader.election.timeout = 120s (custom)
2019-08-20 14:51:41,071 INFO  server.RaftServerConfigKeys (ConfUtils.java:logGet(43)) - raft.server.log.use.memory = false (default)
2019-08-20 14:51:41,071 INFO  server.RaftServerConfigKeys (ConfUtils.java:logGet(43)) - raft.server.log.purge.gap = 1000000000 (custom)
2019-08-20 14:51:41,071 INFO  server.RaftServerConfigKeys (ConfUtils.java:logGet(43)) - raft.server.log.appender.buffer.byte-limit = 33554432 (custom)
2019-08-20 14:51:41,071 INFO  server.RaftServerConfigKeys (ConfUtils.java:logGet(43)) - raft.server.log.segment.size.max = 1048576 (custom)
2019-08-20 14:51:41,071 INFO  server.RaftServerConfigKeys (ConfUtils.java:logGet(43)) - raft.server.log.segment.cache.num.max = 2 (custom)
2019-08-20 14:51:41,072 INFO  segmented.SegmentedRaftLogWorker (SegmentedRaftLogWorker.java:<init>(172)) - new 2dd4c896-9c60-4b8b-8195-5f3d0832371a-SegmentedRaftLogWorker:Storage Directory /workdir/hadoop-ozone/integration-test/target/test-dir/MiniOzoneClusterImpl-c74f0574-43a4-4fa8-97ed-eb665be36896/datanode-5/data/ratis/e26e9b2b-a6e2-4e29-9975-bd0a876b1dc8 for RaftStorage:Storage Directory /workdir/hadoop-ozone/integration-test/target/test-dir/MiniOzoneClusterImpl-c74f0574-43a4-4fa8-97ed-eb665be36896/datanode-5/data/ratis/e26e9b2b-a6e2-4e29-9975-bd0a876b1dc8
2019-08-20 14:51:41,072 INFO  server.RaftServerConfigKeys (ConfUtils.java:logGet(43)) - raft.server.log.queue.byte-limit = 2147483647 (custom)
2019-08-20 14:51:41,072 INFO  server.RaftServerConfigKeys (ConfUtils.java:logGet(43)) - raft.server.log.queue.element-limit = 1024 (custom)
2019-08-20 14:51:41,072 INFO  server.RaftServerConfigKeys (ConfUtils.java:logGet(43)) - raft.server.log.segment.size.max = 1048576 (custom)
2019-08-20 14:51:41,072 INFO  server.RaftServerConfigKeys (ConfUtils.java:logGet(43)) - raft.server.log.preallocated.size = 16384 (custom)
2019-08-20 14:51:41,072 INFO  server.RaftServerConfigKeys (ConfUtils.java:logGet(43)) - raft.server.log.write.buffer.size = 33554432 (custom)
2019-08-20 14:51:41,072 INFO  server.RaftServerConfigKeys (ConfUtils.java:logGet(43)) - raft.server.log.force.sync.num = 128 (default)
2019-08-20 14:51:41,072 INFO  server.RaftServerConfigKeys (ConfUtils.java:logGet(43)) - raft.server.log.statemachine.data.sync = true (default)
2019-08-20 14:51:41,072 INFO  server.RaftServerConfigKeys (ConfUtils.java:logGet(43)) - raft.server.log.statemachine.data.sync.timeout = 10s (default)
2019-08-20 14:51:41,072 INFO  server.RaftServerConfigKeys (ConfUtils.java:logGet(43)) - raft.server.log.statemachine.data.sync.timeout.retry = -1 (default)
2019-08-20 14:51:41,073 INFO  server.RaftServerConfigKeys (ConfUtils.java:logGet(43)) - raft.server.log.statemachine.data.caching.enabled = true (custom)
2019-08-20 14:51:41,073 INFO  segmented.SegmentedRaftLogWorker (SegmentedRaftLogWorker.java:lambda$new$0(132)) - 2dd4c896-9c60-4b8b-8195-5f3d0832371a-SegmentedRaftLogWorker:Storage Directory /workdir/hadoop-ozone/integration-test/target/test-dir/MiniOzoneClusterImpl-c74f0574-43a4-4fa8-97ed-eb665be36896/datanode-5/data/ratis/e26e9b2b-a6e2-4e29-9975-bd0a876b1dc8: flushIndex: setUnconditionally 0 -> -1
2019-08-20 14:51:41,073 INFO  server.RaftServerConfigKeys (ConfUtils.java:logGet(43)) - raft.server.snapshot.auto.trigger.enabled = true (custom)
2019-08-20 14:51:41,073 INFO  server.RaftServerConfigKeys (ConfUtils.java:logGet(43)) - raft.server.snapshot.auto.trigger.threshold = 10000 (custom)
2019-08-20 14:51:41,073 INFO  server.RaftServerConfigKeys (ConfUtils.java:logGet(43)) - raft.server.retrycache.expirytime = 600000ms (custom)
2019-08-20 14:51:41,073 INFO  impl.RaftServerImpl (RaftServerImpl.java:start(180)) - 2dd4c896-9c60-4b8b-8195-5f3d0832371a: start group-BD0A876B1DC8
2019-08-20 14:51:41,074 INFO  impl.RaftServerImpl (RaftServerImpl.java:setRole(171)) - 2dd4c896-9c60-4b8b-8195-5f3d0832371a:group-BD0A876B1DC8 changes role from null to FOLLOWER at term 0 for startAsFollower
2019-08-20 14:51:41,074 INFO  impl.RoleInfo (RoleInfo.java:updateAndGet(143)) - 2dd4c896-9c60-4b8b-8195-5f3d0832371a: start FollowerState
2019-08-20 14:51:41,074 INFO  util.JmxRegister (JmxRegister.java:tryRegister(44)) - Successfully registered JMX Bean with object name Ratis:service=RaftServer,group=group-BD0A876B1DC8,id=2dd4c896-9c60-4b8b-8195-5f3d0832371a
2019-08-20 14:51:41,079 INFO  pipeline.PipelineStateManager (PipelineStateManager.java:addPipeline(56)) - Created pipeline Pipeline[ Id: e26e9b2b-a6e2-4e29-9975-bd0a876b1dc8, Nodes: 2dd4c896-9c60-4b8b-8195-5f3d0832371a{ip: 192.168.69.107, host: pr-hdds-1054-6hltv-2752131155, networkLocation: /default-rack, certSerialId: null}, Type:RATIS, Factor:ONE, State:OPEN]
2019-08-20 14:51:41,103 INFO  impl.RaftServerProxy (RaftServerProxy.java:addNew(89)) - 2dd4c896-9c60-4b8b-8195-5f3d0832371a: addNew group-F2052E92F9A0:[2dce4224-1516-411e-baa0-6eb953eb6406:192.168.69.107:38590, 5f936878-cdc2-4461-b492-9655c07e1f13:192.168.69.107:42684, 2dd4c896-9c60-4b8b-8195-5f3d0832371a:192.168.69.107:46623] returns group-F2052E92F9A0:java.util.concurrent.CompletableFuture@2421ffd9[Not completed]
2019-08-20 14:51:41,103 INFO  impl.RaftServerProxy (RaftServerProxy.java:addNew(89)) - 5f936878-cdc2-4461-b492-9655c07e1f13: addNew group-F2052E92F9A0:[2dce4224-1516-411e-baa0-6eb953eb6406:192.168.69.107:38590, 5f936878-cdc2-4461-b492-9655c07e1f13:192.168.69.107:42684, 2dd4c896-9c60-4b8b-8195-5f3d0832371a:192.168.69.107:46623] returns group-F2052E92F9A0:java.util.concurrent.CompletableFuture@5d367500[Not completed]
2019-08-20 14:51:41,103 INFO  impl.RaftServerProxy (RaftServerProxy.java:addNew(89)) - 2dce4224-1516-411e-baa0-6eb953eb6406: addNew group-F2052E92F9A0:[2dce4224-1516-411e-baa0-6eb953eb6406:192.168.69.107:38590, 5f936878-cdc2-4461-b492-9655c07e1f13:192.168.69.107:42684, 2dd4c896-9c60-4b8b-8195-5f3d0832371a:192.168.69.107:46623] returns group-F2052E92F9A0:java.util.concurrent.CompletableFuture@3643c750[Not completed]
2019-08-20 14:51:41,105 INFO  impl.RaftServerImpl (RaftServerImpl.java:<init>(93)) - 5f936878-cdc2-4461-b492-9655c07e1f13: new RaftServerImpl for group-F2052E92F9A0:[2dce4224-1516-411e-baa0-6eb953eb6406:192.168.69.107:38590, 5f936878-cdc2-4461-b492-9655c07e1f13:192.168.69.107:42684, 2dd4c896-9c60-4b8b-8195-5f3d0832371a:192.168.69.107:46623] with ContainerStateMachine:uninitialized
2019-08-20 14:51:41,105 INFO  server.RaftServerConfigKeys (ConfUtils.java:logGet(43)) - raft.server.rpc.timeout.min = 5s (custom)
2019-08-20 14:51:41,105 INFO  server.RaftServerConfigKeys (ConfUtils.java:logGet(43)) - raft.server.rpc.timeout.max = 5200ms (custom)
2019-08-20 14:51:41,105 INFO  impl.RaftServerImpl (RaftServerImpl.java:<init>(93)) - 2dd4c896-9c60-4b8b-8195-5f3d0832371a: new RaftServerImpl for group-F2052E92F9A0:[2dce4224-1516-411e-baa0-6eb953eb6406:192.168.69.107:38590, 5f936878-cdc2-4461-b492-9655c07e1f13:192.168.69.107:42684, 2dd4c896-9c60-4b8b-8195-5f3d0832371a:192.168.69.107:46623] with ContainerStateMachine:uninitialized
2019-08-20 14:51:41,105 INFO  server.RaftServerConfigKeys (ConfUtils.java:logGet(43)) - raft.server.rpcslowness.timeout = 120s (custom)
2019-08-20 14:51:41,105 INFO  server.RaftServerConfigKeys (ConfUtils.java:logGet(43)) - raft.server.rpc.timeout.min = 5s (custom)
2019-08-20 14:51:41,105 INFO  impl.RaftServerImpl (RaftServerImpl.java:<init>(93)) - 2dce4224-1516-411e-baa0-6eb953eb6406: new RaftServerImpl for group-F2052E92F9A0:[2dce4224-1516-411e-baa0-6eb953eb6406:192.168.69.107:38590, 5f936878-cdc2-4461-b492-9655c07e1f13:192.168.69.107:42684, 2dd4c896-9c60-4b8b-8195-5f3d0832371a:192.168.69.107:46623] with ContainerStateMachine:uninitialized
2019-08-20 14:51:41,105 INFO  server.RaftServerConfigKeys (ConfUtils.java:logGet(43)) - raft.server.sleep.deviation.threshold = 300 (default)
2019-08-20 14:51:41,106 INFO  server.RaftServerConfigKeys (ConfUtils.java:logGet(43)) - raft.server.rpc.timeout.min = 5s (custom)
2019-08-20 14:51:41,105 INFO  server.RaftServerConfigKeys (ConfUtils.java:logGet(43)) - raft.server.rpc.timeout.max = 5200ms (custom)
2019-08-20 14:51:41,106 INFO  server.RaftServerConfigKeys (ConfUtils.java:logGet(43)) - raft.server.rpc.timeout.max = 5200ms (custom)
2019-08-20 14:51:41,106 INFO  server.RaftServerConfigKeys (ConfUtils.java:logGet(43)) - raft.server.log.appender.install.snapshot.enabled = false (custom)
2019-08-20 14:51:41,106 INFO  server.RaftServerConfigKeys (ConfUtils.java:logGet(43)) - raft.server.rpcslowness.timeout = 120s (custom)
2019-08-20 14:51:41,106 INFO  server.RaftServerConfigKeys (ConfUtils.java:logGet(43)) - raft.server.rpcslowness.timeout = 120s (custom)
2019-08-20 14:51:41,106 INFO  server.RaftServerConfigKeys (ConfUtils.java:logGet(43)) - raft.server.sleep.deviation.threshold = 300 (default)
2019-08-20 14:51:41,106 INFO  impl.RaftServerImpl (ServerState.java:<init>(105)) - 5f936878-cdc2-4461-b492-9655c07e1f13:group-F2052E92F9A0 ConfigurationManager, init=-1: [2dce4224-1516-411e-baa0-6eb953eb6406:192.168.69.107:38590, 5f936878-cdc2-4461-b492-9655c07e1f13:192.168.69.107:42684, 2dd4c896-9c60-4b8b-8195-5f3d0832371a:192.168.69.107:46623], old=null, confs=<EMPTY_MAP>
2019-08-20 14:51:41,106 INFO  server.RaftServerConfigKeys (ConfUtils.java:logGet(43)) - raft.server.log.appender.install.snapshot.enabled = false (custom)
2019-08-20 14:51:41,106 INFO  server.RaftServerConfigKeys (ConfUtils.java:logGet(43)) - raft.server.sleep.deviation.threshold = 300 (default)
2019-08-20 14:51:41,107 INFO  impl.RaftServerImpl (ServerState.java:<init>(105)) - 2dce4224-1516-411e-baa0-6eb953eb6406:group-F2052E92F9A0 ConfigurationManager, init=-1: [2dce4224-1516-411e-baa0-6eb953eb6406:192.168.69.107:38590, 5f936878-cdc2-4461-b492-9655c07e1f13:192.168.69.107:42684, 2dd4c896-9c60-4b8b-8195-5f3d0832371a:192.168.69.107:46623], old=null, confs=<EMPTY_MAP>
2019-08-20 14:51:41,107 INFO  server.RaftServerConfigKeys (ConfUtils.java:logGet(43)) - raft.server.storage.dir = [/workdir/hadoop-ozone/integration-test/target/test-dir/MiniOzoneClusterImpl-c74f0574-43a4-4fa8-97ed-eb665be36896/datanode-4/data/ratis] (custom)
2019-08-20 14:51:41,107 INFO  server.RaftServerConfigKeys (ConfUtils.java:logGet(43)) - raft.server.storage.dir = [/workdir/hadoop-ozone/integration-test/target/test-dir/MiniOzoneClusterImpl-c74f0574-43a4-4fa8-97ed-eb665be36896/datanode-3/data/ratis] (custom)
2019-08-20 14:51:41,107 INFO  server.RaftServerConfigKeys (ConfUtils.java:logGet(43)) - raft.server.log.appender.install.snapshot.enabled = false (custom)
2019-08-20 14:51:41,107 INFO  storage.RaftStorageDirectory (RaftStorageDirectory.java:analyzeStorage(246)) - The storage directory /workdir/hadoop-ozone/integration-test/target/test-dir/MiniOzoneClusterImpl-c74f0574-43a4-4fa8-97ed-eb665be36896/datanode-4/data/ratis/a69cfe5a-5c6e-4dad-86c7-f2052e92f9a0 does not exist. Creating ...
2019-08-20 14:51:41,107 INFO  impl.RaftServerImpl (ServerState.java:<init>(105)) - 2dd4c896-9c60-4b8b-8195-5f3d0832371a:group-F2052E92F9A0 ConfigurationManager, init=-1: [2dce4224-1516-411e-baa0-6eb953eb6406:192.168.69.107:38590, 5f936878-cdc2-4461-b492-9655c07e1f13:192.168.69.107:42684, 2dd4c896-9c60-4b8b-8195-5f3d0832371a:192.168.69.107:46623], old=null, confs=<EMPTY_MAP>
2019-08-20 14:51:41,107 INFO  storage.RaftStorageDirectory (RaftStorageDirectory.java:analyzeStorage(246)) - The storage directory /workdir/hadoop-ozone/integration-test/target/test-dir/MiniOzoneClusterImpl-c74f0574-43a4-4fa8-97ed-eb665be36896/datanode-3/data/ratis/a69cfe5a-5c6e-4dad-86c7-f2052e92f9a0 does not exist. Creating ...
2019-08-20 14:51:41,107 INFO  server.RaftServerConfigKeys (ConfUtils.java:logGet(43)) - raft.server.storage.dir = [/workdir/hadoop-ozone/integration-test/target/test-dir/MiniOzoneClusterImpl-c74f0574-43a4-4fa8-97ed-eb665be36896/datanode-5/data/ratis] (custom)
2019-08-20 14:51:41,108 INFO  storage.RaftStorageDirectory (RaftStorageDirectory.java:analyzeStorage(246)) - The storage directory /workdir/hadoop-ozone/integration-test/target/test-dir/MiniOzoneClusterImpl-c74f0574-43a4-4fa8-97ed-eb665be36896/datanode-5/data/ratis/a69cfe5a-5c6e-4dad-86c7-f2052e92f9a0 does not exist. Creating ...
2019-08-20 14:51:41,133 INFO  storage.RaftStorageDirectory (RaftStorageDirectory.java:tryLock(328)) - Lock on /workdir/hadoop-ozone/integration-test/target/test-dir/MiniOzoneClusterImpl-c74f0574-43a4-4fa8-97ed-eb665be36896/datanode-5/data/ratis/a69cfe5a-5c6e-4dad-86c7-f2052e92f9a0/in_use.lock acquired by nodename 32601@pr-hdds-1054-6hltv-2752131155
2019-08-20 14:51:41,133 INFO  storage.RaftStorageDirectory (RaftStorageDirectory.java:tryLock(328)) - Lock on /workdir/hadoop-ozone/integration-test/target/test-dir/MiniOzoneClusterImpl-c74f0574-43a4-4fa8-97ed-eb665be36896/datanode-3/data/ratis/a69cfe5a-5c6e-4dad-86c7-f2052e92f9a0/in_use.lock acquired by nodename 32601@pr-hdds-1054-6hltv-2752131155
2019-08-20 14:51:41,133 INFO  storage.RaftStorageDirectory (RaftStorageDirectory.java:tryLock(328)) - Lock on /workdir/hadoop-ozone/integration-test/target/test-dir/MiniOzoneClusterImpl-c74f0574-43a4-4fa8-97ed-eb665be36896/datanode-4/data/ratis/a69cfe5a-5c6e-4dad-86c7-f2052e92f9a0/in_use.lock acquired by nodename 32601@pr-hdds-1054-6hltv-2752131155
2019-08-20 14:51:41,147 INFO  storage.RaftStorage (RaftStorage.java:format(72)) - Storage directory /workdir/hadoop-ozone/integration-test/target/test-dir/MiniOzoneClusterImpl-c74f0574-43a4-4fa8-97ed-eb665be36896/datanode-3/data/ratis/a69cfe5a-5c6e-4dad-86c7-f2052e92f9a0 has been successfully formatted.
2019-08-20 14:51:41,147 INFO  storage.RaftStorage (RaftStorage.java:format(72)) - Storage directory /workdir/hadoop-ozone/integration-test/target/test-dir/MiniOzoneClusterImpl-c74f0574-43a4-4fa8-97ed-eb665be36896/datanode-5/data/ratis/a69cfe5a-5c6e-4dad-86c7-f2052e92f9a0 has been successfully formatted.
2019-08-20 14:51:41,147 INFO  storage.RaftStorage (RaftStorage.java:format(72)) - Storage directory /workdir/hadoop-ozone/integration-test/target/test-dir/MiniOzoneClusterImpl-c74f0574-43a4-4fa8-97ed-eb665be36896/datanode-4/data/ratis/a69cfe5a-5c6e-4dad-86c7-f2052e92f9a0 has been successfully formatted.
2019-08-20 14:51:41,147 INFO  ratis.ContainerStateMachine (ContainerStateMachine.java:loadSnapshot(222)) - group-F2052E92F9A0: The snapshot info is null. Setting the last applied indexto:(t:0, i:~)
2019-08-20 14:51:41,147 INFO  ratis.ContainerStateMachine (ContainerStateMachine.java:loadSnapshot(222)) - group-F2052E92F9A0: The snapshot info is null. Setting the last applied indexto:(t:0, i:~)
2019-08-20 14:51:41,148 INFO  server.RaftServerConfigKeys (ConfUtils.java:logGet(43)) - raft.server.leader.election.timeout = 120s (custom)
2019-08-20 14:51:41,147 INFO  ratis.ContainerStateMachine (ContainerStateMachine.java:loadSnapshot(222)) - group-F2052E92F9A0: The snapshot info is null. Setting the last applied indexto:(t:0, i:~)
2019-08-20 14:51:41,148 INFO  server.RaftServerConfigKeys (ConfUtils.java:logGet(43)) - raft.server.log.use.memory = false (default)
2019-08-20 14:51:41,148 INFO  server.RaftServerConfigKeys (ConfUtils.java:logGet(43)) - raft.server.leader.election.timeout = 120s (custom)
2019-08-20 14:51:41,148 INFO  server.RaftServerConfigKeys (ConfUtils.java:logGet(43)) - raft.server.log.purge.gap = 1000000000 (custom)
2019-08-20 14:51:41,148 INFO  server.RaftServerConfigKeys (ConfUtils.java:logGet(43)) - raft.server.leader.election.timeout = 120s (custom)
2019-08-20 14:51:41,148 INFO  server.RaftServerConfigKeys (ConfUtils.java:logGet(43)) - raft.server.log.appender.buffer.byte-limit = 33554432 (custom)
2019-08-20 14:51:41,148 INFO  server.RaftServerConfigKeys (ConfUtils.java:logGet(43)) - raft.server.log.use.memory = false (default)
2019-08-20 14:51:41,149 INFO  server.RaftServerConfigKeys (ConfUtils.java:logGet(43)) - raft.server.log.segment.size.max = 1048576 (custom)
2019-08-20 14:51:41,148 INFO  server.RaftServerConfigKeys (ConfUtils.java:logGet(43)) - raft.server.log.use.memory = false (default)
2019-08-20 14:51:41,149 INFO  server.RaftServerConfigKeys (ConfUtils.java:logGet(43)) - raft.server.log.segment.cache.num.max = 2 (custom)
2019-08-20 14:51:41,149 INFO  server.RaftServerConfigKeys (ConfUtils.java:logGet(43)) - raft.server.log.purge.gap = 1000000000 (custom)
2019-08-20 14:51:41,149 INFO  segmented.SegmentedRaftLogWorker (SegmentedRaftLogWorker.java:<init>(172)) - new 2dd4c896-9c60-4b8b-8195-5f3d0832371a-SegmentedRaftLogWorker:Storage Directory /workdir/hadoop-ozone/integration-test/target/test-dir/MiniOzoneClusterImpl-c74f0574-43a4-4fa8-97ed-eb665be36896/datanode-5/data/ratis/a69cfe5a-5c6e-4dad-86c7-f2052e92f9a0 for RaftStorage:Storage Directory /workdir/hadoop-ozone/integration-test/target/test-dir/MiniOzoneClusterImpl-c74f0574-43a4-4fa8-97ed-eb665be36896/datanode-5/data/ratis/a69cfe5a-5c6e-4dad-86c7-f2052e92f9a0
2019-08-20 14:51:41,149 INFO  server.RaftServerConfigKeys (ConfUtils.java:logGet(43)) - raft.server.log.purge.gap = 1000000000 (custom)
2019-08-20 14:51:41,149 INFO  server.RaftServerConfigKeys (ConfUtils.java:logGet(43)) - raft.server.log.queue.byte-limit = 2147483647 (custom)
2019-08-20 14:51:41,149 INFO  server.RaftServerConfigKeys (ConfUtils.java:logGet(43)) - raft.server.log.appender.buffer.byte-limit = 33554432 (custom)
2019-08-20 14:51:41,149 INFO  server.RaftServerConfigKeys (ConfUtils.java:logGet(43)) - raft.server.log.queue.element-limit = 1024 (custom)
2019-08-20 14:51:41,149 INFO  server.RaftServerConfigKeys (ConfUtils.java:logGet(43)) - raft.server.log.appender.buffer.byte-limit = 33554432 (custom)
2019-08-20 14:51:41,150 INFO  server.RaftServerConfigKeys (ConfUtils.java:logGet(43)) - raft.server.log.segment.size.max = 1048576 (custom)
2019-08-20 14:51:41,150 INFO  server.RaftServerConfigKeys (ConfUtils.java:logGet(43)) - raft.server.log.segment.size.max = 1048576 (custom)
2019-08-20 14:51:41,150 INFO  server.RaftServerConfigKeys (ConfUtils.java:logGet(43)) - raft.server.log.preallocated.size = 16384 (custom)
2019-08-20 14:51:41,150 INFO  server.RaftServerConfigKeys (ConfUtils.java:logGet(43)) - raft.server.log.segment.size.max = 1048576 (custom)
2019-08-20 14:51:41,150 INFO  server.RaftServerConfigKeys (ConfUtils.java:logGet(43)) - raft.server.log.write.buffer.size = 33554432 (custom)
2019-08-20 14:51:41,150 INFO  server.RaftServerConfigKeys (ConfUtils.java:logGet(43)) - raft.server.log.segment.cache.num.max = 2 (custom)
2019-08-20 14:51:41,151 INFO  server.RaftServerConfigKeys (ConfUtils.java:logGet(43)) - raft.server.log.force.sync.num = 128 (default)
2019-08-20 14:51:41,150 INFO  server.RaftServerConfigKeys (ConfUtils.java:logGet(43)) - raft.server.log.segment.cache.num.max = 2 (custom)
2019-08-20 14:51:41,151 INFO  server.RaftServerConfigKeys (ConfUtils.java:logGet(43)) - raft.server.log.statemachine.data.sync = true (default)
2019-08-20 14:51:41,151 INFO  segmented.SegmentedRaftLogWorker (SegmentedRaftLogWorker.java:<init>(172)) - new 2dce4224-1516-411e-baa0-6eb953eb6406-SegmentedRaftLogWorker:Storage Directory /workdir/hadoop-ozone/integration-test/target/test-dir/MiniOzoneClusterImpl-c74f0574-43a4-4fa8-97ed-eb665be36896/datanode-3/data/ratis/a69cfe5a-5c6e-4dad-86c7-f2052e92f9a0 for RaftStorage:Storage Directory /workdir/hadoop-ozone/integration-test/target/test-dir/MiniOzoneClusterImpl-c74f0574-43a4-4fa8-97ed-eb665be36896/datanode-3/data/ratis/a69cfe5a-5c6e-4dad-86c7-f2052e92f9a0
2019-08-20 14:51:41,151 INFO  server.RaftServerConfigKeys (ConfUtils.java:logGet(43)) - raft.server.log.statemachine.data.sync.timeout = 10s (default)
2019-08-20 14:51:41,151 INFO  segmented.SegmentedRaftLogWorker (SegmentedRaftLogWorker.java:<init>(172)) - new 5f936878-cdc2-4461-b492-9655c07e1f13-SegmentedRaftLogWorker:Storage Directory /workdir/hadoop-ozone/integration-test/target/test-dir/MiniOzoneClusterImpl-c74f0574-43a4-4fa8-97ed-eb665be36896/datanode-4/data/ratis/a69cfe5a-5c6e-4dad-86c7-f2052e92f9a0 for RaftStorage:Storage Directory /workdir/hadoop-ozone/integration-test/target/test-dir/MiniOzoneClusterImpl-c74f0574-43a4-4fa8-97ed-eb665be36896/datanode-4/data/ratis/a69cfe5a-5c6e-4dad-86c7-f2052e92f9a0
2019-08-20 14:51:41,151 INFO  server.RaftServerConfigKeys (ConfUtils.java:logGet(43)) - raft.server.log.statemachine.data.sync.timeout.retry = -1 (default)
2019-08-20 14:51:41,151 INFO  server.RaftServerConfigKeys (ConfUtils.java:logGet(43)) - raft.server.log.queue.byte-limit = 2147483647 (custom)
2019-08-20 14:51:41,152 INFO  server.RaftServerConfigKeys (ConfUtils.java:logGet(43)) - raft.server.log.statemachine.data.caching.enabled = true (custom)
2019-08-20 14:51:41,151 INFO  server.RaftServerConfigKeys (ConfUtils.java:logGet(43)) - raft.server.log.queue.byte-limit = 2147483647 (custom)
2019-08-20 14:51:41,152 INFO  server.RaftServerConfigKeys (ConfUtils.java:logGet(43)) - raft.server.log.queue.element-limit = 1024 (custom)
2019-08-20 14:51:41,152 INFO  segmented.SegmentedRaftLogWorker (SegmentedRaftLogWorker.java:lambda$new$0(132)) - 2dd4c896-9c60-4b8b-8195-5f3d0832371a-SegmentedRaftLogWorker:Storage Directory /workdir/hadoop-ozone/integration-test/target/test-dir/MiniOzoneClusterImpl-c74f0574-43a4-4fa8-97ed-eb665be36896/datanode-5/data/ratis/a69cfe5a-5c6e-4dad-86c7-f2052e92f9a0: flushIndex: setUnconditionally 0 -> -1
2019-08-20 14:51:41,152 INFO  server.RaftServerConfigKeys (ConfUtils.java:logGet(43)) - raft.server.log.queue.element-limit = 1024 (custom)
2019-08-20 14:51:41,152 INFO  server.RaftServerConfigKeys (ConfUtils.java:logGet(43)) - raft.server.log.segment.size.max = 1048576 (custom)
2019-08-20 14:51:41,152 INFO  server.RaftServerConfigKeys (ConfUtils.java:logGet(43)) - raft.server.log.segment.size.max = 1048576 (custom)
2019-08-20 14:51:41,152 INFO  server.RaftServerConfigKeys (ConfUtils.java:logGet(43)) - raft.server.log.preallocated.size = 16384 (custom)
2019-08-20 14:51:41,152 INFO  server.RaftServerConfigKeys (ConfUtils.java:logGet(43)) - raft.server.snapshot.auto.trigger.enabled = true (custom)
2019-08-20 14:51:41,152 INFO  server.RaftServerConfigKeys (ConfUtils.java:logGet(43)) - raft.server.log.write.buffer.size = 33554432 (custom)
2019-08-20 14:51:41,153 INFO  server.RaftServerConfigKeys (ConfUtils.java:logGet(43)) - raft.server.log.force.sync.num = 128 (default)
2019-08-20 14:51:41,152 INFO  server.RaftServerConfigKeys (ConfUtils.java:logGet(43)) - raft.server.log.preallocated.size = 16384 (custom)
2019-08-20 14:51:41,153 INFO  server.RaftServerConfigKeys (ConfUtils.java:logGet(43)) - raft.server.log.statemachine.data.sync = true (default)
2019-08-20 14:51:41,153 INFO  server.RaftServerConfigKeys (ConfUtils.java:logGet(43)) - raft.server.snapshot.auto.trigger.threshold = 10000 (custom)
2019-08-20 14:51:41,153 INFO  server.RaftServerConfigKeys (ConfUtils.java:logGet(43)) - raft.server.log.statemachine.data.sync.timeout = 10s (default)
2019-08-20 14:51:41,153 INFO  server.RaftServerConfigKeys (ConfUtils.java:logGet(43)) - raft.server.retrycache.expirytime = 600000ms (custom)
2019-08-20 14:51:41,153 INFO  server.RaftServerConfigKeys (ConfUtils.java:logGet(43)) - raft.server.log.write.buffer.size = 33554432 (custom)
2019-08-20 14:51:41,153 INFO  server.RaftServerConfigKeys (ConfUtils.java:logGet(43)) - raft.server.log.statemachine.data.sync.timeout.retry = -1 (default)
2019-08-20 14:51:41,153 INFO  impl.RaftServerImpl (RaftServerImpl.java:start(180)) - 2dd4c896-9c60-4b8b-8195-5f3d0832371a: start group-F2052E92F9A0
2019-08-20 14:51:41,153 INFO  server.RaftServerConfigKeys (ConfUtils.java:logGet(43)) - raft.server.log.force.sync.num = 128 (default)
2019-08-20 14:51:41,154 INFO  impl.RaftServerImpl (RaftServerImpl.java:setRole(171)) - 2dd4c896-9c60-4b8b-8195-5f3d0832371a:group-F2052E92F9A0 changes role from null to FOLLOWER at term 0 for startAsFollower
2019-08-20 14:51:41,153 INFO  server.RaftServerConfigKeys (ConfUtils.java:logGet(43)) - raft.server.log.statemachine.data.caching.enabled = true (custom)
2019-08-20 14:51:41,154 INFO  impl.RoleInfo (RoleInfo.java:updateAndGet(143)) - 2dd4c896-9c60-4b8b-8195-5f3d0832371a: start FollowerState
2019-08-20 14:51:41,154 INFO  segmented.SegmentedRaftLogWorker (SegmentedRaftLogWorker.java:lambda$new$0(132)) - 5f936878-cdc2-4461-b492-9655c07e1f13-SegmentedRaftLogWorker:Storage Directory /workdir/hadoop-ozone/integration-test/target/test-dir/MiniOzoneClusterImpl-c74f0574-43a4-4fa8-97ed-eb665be36896/datanode-4/data/ratis/a69cfe5a-5c6e-4dad-86c7-f2052e92f9a0: flushIndex: setUnconditionally 0 -> -1
2019-08-20 14:51:41,154 INFO  server.RaftServerConfigKeys (ConfUtils.java:logGet(43)) - raft.server.log.statemachine.data.sync = true (default)
2019-08-20 14:51:41,154 INFO  server.RaftServerConfigKeys (ConfUtils.java:logGet(43)) - raft.server.log.statemachine.data.sync.timeout = 10s (default)
2019-08-20 14:51:41,154 INFO  util.JmxRegister (JmxRegister.java:tryRegister(44)) - Successfully registered JMX Bean with object name Ratis:service=RaftServer,group=group-F2052E92F9A0,id=2dd4c896-9c60-4b8b-8195-5f3d0832371a
2019-08-20 14:51:41,154 INFO  server.RaftServerConfigKeys (ConfUtils.java:logGet(43)) - raft.server.snapshot.auto.trigger.enabled = true (custom)
2019-08-20 14:51:41,154 INFO  server.RaftServerConfigKeys (ConfUtils.java:logGet(43)) - raft.server.log.statemachine.data.sync.timeout.retry = -1 (default)
2019-08-20 14:51:41,155 INFO  server.RaftServerConfigKeys (ConfUtils.java:logGet(43)) - raft.server.snapshot.auto.trigger.threshold = 10000 (custom)
2019-08-20 14:51:41,155 INFO  server.RaftServerConfigKeys (ConfUtils.java:logGet(43)) - raft.server.log.statemachine.data.caching.enabled = true (custom)
2019-08-20 14:51:41,155 INFO  server.RaftServerConfigKeys (ConfUtils.java:logGet(43)) - raft.server.retrycache.expirytime = 600000ms (custom)
2019-08-20 14:51:41,155 INFO  segmented.SegmentedRaftLogWorker (SegmentedRaftLogWorker.java:lambda$new$0(132)) - 2dce4224-1516-411e-baa0-6eb953eb6406-SegmentedRaftLogWorker:Storage Directory /workdir/hadoop-ozone/integration-test/target/test-dir/MiniOzoneClusterImpl-c74f0574-43a4-4fa8-97ed-eb665be36896/datanode-3/data/ratis/a69cfe5a-5c6e-4dad-86c7-f2052e92f9a0: flushIndex: setUnconditionally 0 -> -1
2019-08-20 14:51:41,155 INFO  impl.RaftServerImpl (RaftServerImpl.java:start(180)) - 5f936878-cdc2-4461-b492-9655c07e1f13: start group-F2052E92F9A0
2019-08-20 14:51:41,155 INFO  impl.RaftServerImpl (RaftServerImpl.java:setRole(171)) - 5f936878-cdc2-4461-b492-9655c07e1f13:group-F2052E92F9A0 changes role from null to FOLLOWER at term 0 for startAsFollower
2019-08-20 14:51:41,155 INFO  server.RaftServerConfigKeys (ConfUtils.java:logGet(43)) - raft.server.snapshot.auto.trigger.enabled = true (custom)
2019-08-20 14:51:41,155 INFO  impl.RoleInfo (RoleInfo.java:updateAndGet(143)) - 5f936878-cdc2-4461-b492-9655c07e1f13: start FollowerState
2019-08-20 14:51:41,155 INFO  server.RaftServerConfigKeys (ConfUtils.java:logGet(43)) - raft.server.snapshot.auto.trigger.threshold = 10000 (custom)
2019-08-20 14:51:41,156 INFO  server.RaftServerConfigKeys (ConfUtils.java:logGet(43)) - raft.server.retrycache.expirytime = 600000ms (custom)
2019-08-20 14:51:41,156 INFO  impl.RaftServerImpl (RaftServerImpl.java:start(180)) - 2dce4224-1516-411e-baa0-6eb953eb6406: start group-F2052E92F9A0
2019-08-20 14:51:41,156 INFO  util.JmxRegister (JmxRegister.java:tryRegister(44)) - Successfully registered JMX Bean with object name Ratis:service=RaftServer,group=group-F2052E92F9A0,id=5f936878-cdc2-4461-b492-9655c07e1f13
2019-08-20 14:51:41,156 INFO  impl.RaftServerImpl (RaftServerImpl.java:setRole(171)) - 2dce4224-1516-411e-baa0-6eb953eb6406:group-F2052E92F9A0 changes role from null to FOLLOWER at term 0 for startAsFollower
2019-08-20 14:51:41,158 INFO  impl.RoleInfo (RoleInfo.java:updateAndGet(143)) - 2dce4224-1516-411e-baa0-6eb953eb6406: start FollowerState
2019-08-20 14:51:41,159 INFO  util.JmxRegister (JmxRegister.java:tryRegister(44)) - Successfully registered JMX Bean with object name Ratis:service=RaftServer,group=group-F2052E92F9A0,id=2dce4224-1516-411e-baa0-6eb953eb6406
2019-08-20 14:51:41,164 INFO  pipeline.PipelineStateManager (PipelineStateManager.java:addPipeline(56)) - Created pipeline Pipeline[ Id: a69cfe5a-5c6e-4dad-86c7-f2052e92f9a0, Nodes: 5f936878-cdc2-4461-b492-9655c07e1f13{ip: 192.168.69.107, host: pr-hdds-1054-6hltv-2752131155, networkLocation: /default-rack, certSerialId: null}2dce4224-1516-411e-baa0-6eb953eb6406{ip: 192.168.69.107, host: pr-hdds-1054-6hltv-2752131155, networkLocation: /default-rack, certSerialId: null}2dd4c896-9c60-4b8b-8195-5f3d0832371a{ip: 192.168.69.107, host: pr-hdds-1054-6hltv-2752131155, networkLocation: /default-rack, certSerialId: null}, Type:RATIS, Factor:THREE, State:OPEN]
2019-08-20 14:51:41,348 INFO  ozone.MiniOzoneClusterImpl (MiniOzoneClusterImpl.java:lambda$waitForClusterToBeReady$0(142)) - Waiting for cluster to be ready. Got 6 of 7 DN Heartbeats.
2019-08-20 14:51:41,349 INFO  net.NetworkTopology (NetworkTopologyImpl.java:add(110)) - Added a new node: /default-rack/1f342ebb-1d47-446b-883e-c05c246dc270
2019-08-20 14:51:41,350 INFO  node.SCMNodeManager (SCMNodeManager.java:register(273)) - Registered Data node : 1f342ebb-1d47-446b-883e-c05c246dc270{ip: 192.168.69.107, host: pr-hdds-1054-6hltv-2752131155, networkLocation: /default-rack, certSerialId: null}
2019-08-20 14:51:41,363 INFO  impl.RaftServerProxy (RaftServerProxy.java:addNew(89)) - 1f342ebb-1d47-446b-883e-c05c246dc270: addNew group-C4436AF2A802:[1f342ebb-1d47-446b-883e-c05c246dc270:192.168.69.107:36409] returns group-C4436AF2A802:java.util.concurrent.CompletableFuture@11d799de[Not completed]
2019-08-20 14:51:41,364 INFO  impl.RaftServerImpl (RaftServerImpl.java:<init>(93)) - 1f342ebb-1d47-446b-883e-c05c246dc270: new RaftServerImpl for group-C4436AF2A802:[1f342ebb-1d47-446b-883e-c05c246dc270:192.168.69.107:36409] with ContainerStateMachine:uninitialized
2019-08-20 14:51:41,364 INFO  server.RaftServerConfigKeys (ConfUtils.java:logGet(43)) - raft.server.rpc.timeout.min = 5s (custom)
2019-08-20 14:51:41,364 INFO  server.RaftServerConfigKeys (ConfUtils.java:logGet(43)) - raft.server.rpc.timeout.max = 5200ms (custom)
2019-08-20 14:51:41,364 INFO  server.RaftServerConfigKeys (ConfUtils.java:logGet(43)) - raft.server.rpcslowness.timeout = 120s (custom)
2019-08-20 14:51:41,364 INFO  server.RaftServerConfigKeys (ConfUtils.java:logGet(43)) - raft.server.sleep.deviation.threshold = 300 (default)
2019-08-20 14:51:41,364 INFO  server.RaftServerConfigKeys (ConfUtils.java:logGet(43)) - raft.server.log.appender.install.snapshot.enabled = false (custom)
2019-08-20 14:51:41,364 INFO  impl.RaftServerImpl (ServerState.java:<init>(105)) - 1f342ebb-1d47-446b-883e-c05c246dc270:group-C4436AF2A802 ConfigurationManager, init=-1: [1f342ebb-1d47-446b-883e-c05c246dc270:192.168.69.107:36409], old=null, confs=<EMPTY_MAP>
2019-08-20 14:51:41,364 INFO  server.RaftServerConfigKeys (ConfUtils.java:logGet(43)) - raft.server.storage.dir = [/workdir/hadoop-ozone/integration-test/target/test-dir/MiniOzoneClusterImpl-c74f0574-43a4-4fa8-97ed-eb665be36896/datanode-6/data/ratis] (custom)
2019-08-20 14:51:41,365 INFO  storage.RaftStorageDirectory (RaftStorageDirectory.java:analyzeStorage(246)) - The storage directory /workdir/hadoop-ozone/integration-test/target/test-dir/MiniOzoneClusterImpl-c74f0574-43a4-4fa8-97ed-eb665be36896/datanode-6/data/ratis/4e6b05c3-6cb2-4b79-a11d-c4436af2a802 does not exist. Creating ...
2019-08-20 14:51:41,389 INFO  storage.RaftStorageDirectory (RaftStorageDirectory.java:tryLock(328)) - Lock on /workdir/hadoop-ozone/integration-test/target/test-dir/MiniOzoneClusterImpl-c74f0574-43a4-4fa8-97ed-eb665be36896/datanode-6/data/ratis/4e6b05c3-6cb2-4b79-a11d-c4436af2a802/in_use.lock acquired by nodename 32601@pr-hdds-1054-6hltv-2752131155
2019-08-20 14:51:41,414 INFO  storage.RaftStorage (RaftStorage.java:format(72)) - Storage directory /workdir/hadoop-ozone/integration-test/target/test-dir/MiniOzoneClusterImpl-c74f0574-43a4-4fa8-97ed-eb665be36896/datanode-6/data/ratis/4e6b05c3-6cb2-4b79-a11d-c4436af2a802 has been successfully formatted.
2019-08-20 14:51:41,414 INFO  ratis.ContainerStateMachine (ContainerStateMachine.java:loadSnapshot(222)) - group-C4436AF2A802: The snapshot info is null. Setting the last applied indexto:(t:0, i:~)
2019-08-20 14:51:41,414 INFO  server.RaftServerConfigKeys (ConfUtils.java:logGet(43)) - raft.server.leader.election.timeout = 120s (custom)
2019-08-20 14:51:41,414 INFO  server.RaftServerConfigKeys (ConfUtils.java:logGet(43)) - raft.server.log.use.memory = false (default)
2019-08-20 14:51:41,415 INFO  server.RaftServerConfigKeys (ConfUtils.java:logGet(43)) - raft.server.log.purge.gap = 1000000000 (custom)
2019-08-20 14:51:41,415 INFO  server.RaftServerConfigKeys (ConfUtils.java:logGet(43)) - raft.server.log.appender.buffer.byte-limit = 33554432 (custom)
2019-08-20 14:51:41,415 INFO  server.RaftServerConfigKeys (ConfUtils.java:logGet(43)) - raft.server.log.segment.size.max = 1048576 (custom)
2019-08-20 14:51:41,415 INFO  server.RaftServerConfigKeys (ConfUtils.java:logGet(43)) - raft.server.log.segment.cache.num.max = 2 (custom)
2019-08-20 14:51:41,415 INFO  segmented.SegmentedRaftLogWorker (SegmentedRaftLogWorker.java:<init>(172)) - new 1f342ebb-1d47-446b-883e-c05c246dc270-SegmentedRaftLogWorker:Storage Directory /workdir/hadoop-ozone/integration-test/target/test-dir/MiniOzoneClusterImpl-c74f0574-43a4-4fa8-97ed-eb665be36896/datanode-6/data/ratis/4e6b05c3-6cb2-4b79-a11d-c4436af2a802 for RaftStorage:Storage Directory /workdir/hadoop-ozone/integration-test/target/test-dir/MiniOzoneClusterImpl-c74f0574-43a4-4fa8-97ed-eb665be36896/datanode-6/data/ratis/4e6b05c3-6cb2-4b79-a11d-c4436af2a802
2019-08-20 14:51:41,415 INFO  server.RaftServerConfigKeys (ConfUtils.java:logGet(43)) - raft.server.log.queue.byte-limit = 2147483647 (custom)
2019-08-20 14:51:41,415 INFO  server.RaftServerConfigKeys (ConfUtils.java:logGet(43)) - raft.server.log.queue.element-limit = 1024 (custom)
2019-08-20 14:51:41,416 INFO  server.RaftServerConfigKeys (ConfUtils.java:logGet(43)) - raft.server.log.segment.size.max = 1048576 (custom)
2019-08-20 14:51:41,416 INFO  server.RaftServerConfigKeys (ConfUtils.java:logGet(43)) - raft.server.log.preallocated.size = 16384 (custom)
2019-08-20 14:51:41,416 INFO  server.RaftServerConfigKeys (ConfUtils.java:logGet(43)) - raft.server.log.write.buffer.size = 33554432 (custom)
2019-08-20 14:51:41,416 INFO  server.RaftServerConfigKeys (ConfUtils.java:logGet(43)) - raft.server.log.force.sync.num = 128 (default)
2019-08-20 14:51:41,416 INFO  server.RaftServerConfigKeys (ConfUtils.java:logGet(43)) - raft.server.log.statemachine.data.sync = true (default)
2019-08-20 14:51:41,416 INFO  server.RaftServerConfigKeys (ConfUtils.java:logGet(43)) - raft.server.log.statemachine.data.sync.timeout = 10s (default)
2019-08-20 14:51:41,416 INFO  server.RaftServerConfigKeys (ConfUtils.java:logGet(43)) - raft.server.log.statemachine.data.sync.timeout.retry = -1 (default)
2019-08-20 14:51:41,417 INFO  server.RaftServerConfigKeys (ConfUtils.java:logGet(43)) - raft.server.log.statemachine.data.caching.enabled = true (custom)
2019-08-20 14:51:41,417 INFO  segmented.SegmentedRaftLogWorker (SegmentedRaftLogWorker.java:lambda$new$0(132)) - 1f342ebb-1d47-446b-883e-c05c246dc270-SegmentedRaftLogWorker:Storage Directory /workdir/hadoop-ozone/integration-test/target/test-dir/MiniOzoneClusterImpl-c74f0574-43a4-4fa8-97ed-eb665be36896/datanode-6/data/ratis/4e6b05c3-6cb2-4b79-a11d-c4436af2a802: flushIndex: setUnconditionally 0 -> -1
2019-08-20 14:51:41,417 INFO  server.RaftServerConfigKeys (ConfUtils.java:logGet(43)) - raft.server.snapshot.auto.trigger.enabled = true (custom)
2019-08-20 14:51:41,417 INFO  server.RaftServerConfigKeys (ConfUtils.java:logGet(43)) - raft.server.snapshot.auto.trigger.threshold = 10000 (custom)
2019-08-20 14:51:41,417 INFO  server.RaftServerConfigKeys (ConfUtils.java:logGet(43)) - raft.server.retrycache.expirytime = 600000ms (custom)
2019-08-20 14:51:41,418 INFO  impl.RaftServerImpl (RaftServerImpl.java:start(180)) - 1f342ebb-1d47-446b-883e-c05c246dc270: start group-C4436AF2A802
2019-08-20 14:51:41,418 INFO  impl.RaftServerImpl (RaftServerImpl.java:setRole(171)) - 1f342ebb-1d47-446b-883e-c05c246dc270:group-C4436AF2A802 changes role from null to FOLLOWER at term 0 for startAsFollower
2019-08-20 14:51:41,418 INFO  impl.RoleInfo (RoleInfo.java:updateAndGet(143)) - 1f342ebb-1d47-446b-883e-c05c246dc270: start FollowerState
2019-08-20 14:51:41,418 INFO  util.JmxRegister (JmxRegister.java:tryRegister(44)) - Successfully registered JMX Bean with object name Ratis:service=RaftServer,group=group-C4436AF2A802,id=1f342ebb-1d47-446b-883e-c05c246dc270
2019-08-20 14:51:41,427 INFO  pipeline.PipelineStateManager (PipelineStateManager.java:addPipeline(56)) - Created pipeline Pipeline[ Id: 4e6b05c3-6cb2-4b79-a11d-c4436af2a802, Nodes: 1f342ebb-1d47-446b-883e-c05c246dc270{ip: 192.168.69.107, host: pr-hdds-1054-6hltv-2752131155, networkLocation: /default-rack, certSerialId: null}, Type:RATIS, Factor:ONE, State:OPEN]
2019-08-20 14:51:42,349 INFO  ozone.MiniOzoneClusterImpl (MiniOzoneClusterImpl.java:lambda$waitForClusterToBeReady$0(142)) - Cluster is ready. Got 7 of 7 DN Heartbeats.
2019-08-20 14:51:42,383 INFO  rpc.RpcClient (RpcClient.java:createVolume(293)) - Creating Volume: watchforcommithandlingtest, with jenkins1000 as owner.
2019-08-20 14:51:42,392 INFO  rpc.RpcClient (RpcClient.java:createBucket(430)) - Creating Bucket: watchforcommithandlingtest/watchforcommithandlingtest, with Versioning false and Storage Type set to DISK and Encryption set to false 
2019-08-20 14:51:42,397 INFO  ozone.MiniOzoneClusterImpl (MiniOzoneClusterImpl.java:getStorageContainerLocationClient(241)) - Creating StorageContainerLocationProtocol RPC client with address /0.0.0.0:36301
2019-08-20 14:51:42,438 INFO  client.GrpcClientProtocolClient (GrpcClientProtocolClient.java:onNext(255)) - client-B2E14307DBE0->973a9873-247c-4be8-a7a1-8a7292609846: receive RaftClientReply:client-B2E14307DBE0->973a9873-247c-4be8-a7a1-8a7292609846@group-AE7EDBEB28B3, cid=66, FAILED org.apache.ratis.protocol.NotLeaderException: Server 973a9873-247c-4be8-a7a1-8a7292609846 is not the leader (null). Request must be sent to leader., logIndex=0, commits[973a9873-247c-4be8-a7a1-8a7292609846:c-1]
2019-08-20 14:51:42,952 INFO  container.ReplicationManager (ReplicationManager.java:start(155)) - Starting Replication Monitor Thread.
2019-08-20 14:51:42,956 INFO  container.ReplicationManager (ReplicationManager.java:run(207)) - Replication Monitor Thread took 0 milliseconds for processing 1 containers.
2019-08-20 14:51:43,458 INFO  client.GrpcClientProtocolClient (GrpcClientProtocolClient.java:onNext(255)) - client-B2E14307DBE0->e8da62b6-b28b-4940-ab53-837f303f0ffe: receive RaftClientReply:client-B2E14307DBE0->e8da62b6-b28b-4940-ab53-837f303f0ffe@group-AE7EDBEB28B3, cid=66, FAILED org.apache.ratis.protocol.NotLeaderException: Server e8da62b6-b28b-4940-ab53-837f303f0ffe is not the leader (null). Request must be sent to leader., logIndex=0, commits[e8da62b6-b28b-4940-ab53-837f303f0ffe:c-1]
2019-08-20 14:51:44,478 INFO  client.GrpcClientProtocolClient (GrpcClientProtocolClient.java:onNext(255)) - client-B2E14307DBE0->dc9a7e16-d776-4cd5-ab59-1213f44c5fc5: receive RaftClientReply:client-B2E14307DBE0->dc9a7e16-d776-4cd5-ab59-1213f44c5fc5@group-AE7EDBEB28B3, cid=66, FAILED org.apache.ratis.protocol.NotLeaderException: Server dc9a7e16-d776-4cd5-ab59-1213f44c5fc5 is not the leader (null). Request must be sent to leader., logIndex=0, commits[dc9a7e16-d776-4cd5-ab59-1213f44c5fc5:c-1]
2019-08-20 14:51:45,136 INFO  impl.FollowerState (FollowerState.java:run(106)) - e8da62b6-b28b-4940-ab53-837f303f0ffe:group-16B4C620C0A9 changes to CANDIDATE, lastRpcTime:5142, electionTimeout:5142ms
2019-08-20 14:51:45,137 INFO  impl.RoleInfo (RoleInfo.java:shutdownFollowerState(121)) - e8da62b6-b28b-4940-ab53-837f303f0ffe: shutdown FollowerState
2019-08-20 14:51:45,137 INFO  impl.RaftServerImpl (RaftServerImpl.java:setRole(171)) - e8da62b6-b28b-4940-ab53-837f303f0ffe:group-16B4C620C0A9 changes role from FOLLOWER to CANDIDATE at term 0 for changeToCandidate
2019-08-20 14:51:45,137 INFO  impl.RoleInfo (RoleInfo.java:updateAndGet(143)) - e8da62b6-b28b-4940-ab53-837f303f0ffe: start LeaderElection
2019-08-20 14:51:45,451 INFO  impl.FollowerState (FollowerState.java:run(106)) - dc9a7e16-d776-4cd5-ab59-1213f44c5fc5:group-E0E1CCDA074B changes to CANDIDATE, lastRpcTime:5005, electionTimeout:5005ms
2019-08-20 14:51:45,451 INFO  impl.RoleInfo (RoleInfo.java:shutdownFollowerState(121)) - dc9a7e16-d776-4cd5-ab59-1213f44c5fc5: shutdown FollowerState
2019-08-20 14:51:45,451 INFO  impl.RaftServerImpl (RaftServerImpl.java:setRole(171)) - dc9a7e16-d776-4cd5-ab59-1213f44c5fc5:group-E0E1CCDA074B changes role from FOLLOWER to CANDIDATE at term 0 for changeToCandidate
2019-08-20 14:51:45,451 INFO  impl.RoleInfo (RoleInfo.java:updateAndGet(143)) - dc9a7e16-d776-4cd5-ab59-1213f44c5fc5: start LeaderElection
2019-08-20 14:51:45,501 INFO  impl.FollowerState (FollowerState.java:run(106)) - 973a9873-247c-4be8-a7a1-8a7292609846:group-2AAC4FEA049E changes to CANDIDATE, lastRpcTime:5193, electionTimeout:5189ms
2019-08-20 14:51:45,501 INFO  impl.FollowerState (FollowerState.java:run(106)) - e8da62b6-b28b-4940-ab53-837f303f0ffe:group-AE7EDBEB28B3 changes to CANDIDATE, lastRpcTime:5006, electionTimeout:5005ms
2019-08-20 14:51:45,502 INFO  impl.RoleInfo (RoleInfo.java:shutdownFollowerState(121)) - 973a9873-247c-4be8-a7a1-8a7292609846: shutdown FollowerState
2019-08-20 14:51:45,502 INFO  impl.RaftServerImpl (RaftServerImpl.java:setRole(171)) - 973a9873-247c-4be8-a7a1-8a7292609846:group-2AAC4FEA049E changes role from FOLLOWER to CANDIDATE at term 0 for changeToCandidate
2019-08-20 14:51:45,502 INFO  impl.RoleInfo (RoleInfo.java:shutdownFollowerState(121)) - e8da62b6-b28b-4940-ab53-837f303f0ffe: shutdown FollowerState
2019-08-20 14:51:45,502 INFO  impl.RoleInfo (RoleInfo.java:updateAndGet(143)) - 973a9873-247c-4be8-a7a1-8a7292609846: start LeaderElection
2019-08-20 14:51:45,502 INFO  impl.RaftServerImpl (RaftServerImpl.java:setRole(171)) - e8da62b6-b28b-4940-ab53-837f303f0ffe:group-AE7EDBEB28B3 changes role from FOLLOWER to CANDIDATE at term 0 for changeToCandidate
2019-08-20 14:51:45,505 INFO  impl.RoleInfo (RoleInfo.java:updateAndGet(143)) - e8da62b6-b28b-4940-ab53-837f303f0ffe: start LeaderElection
2019-08-20 14:51:45,511 INFO  client.GrpcClientProtocolClient (GrpcClientProtocolClient.java:onNext(255)) - client-B2E14307DBE0->e8da62b6-b28b-4940-ab53-837f303f0ffe: receive RaftClientReply:client-B2E14307DBE0->e8da62b6-b28b-4940-ab53-837f303f0ffe@group-AE7EDBEB28B3, cid=66, FAILED org.apache.ratis.protocol.NotLeaderException: Server e8da62b6-b28b-4940-ab53-837f303f0ffe is not the leader (null). Request must be sent to leader., logIndex=0, commits[e8da62b6-b28b-4940-ab53-837f303f0ffe:c-1]
2019-08-20 14:51:45,671 INFO  impl.FollowerState (FollowerState.java:run(106)) - dc9a7e16-d776-4cd5-ab59-1213f44c5fc5:group-AE7EDBEB28B3 changes to CANDIDATE, lastRpcTime:5176, electionTimeout:5176ms
2019-08-20 14:51:45,671 INFO  impl.RoleInfo (RoleInfo.java:shutdownFollowerState(121)) - dc9a7e16-d776-4cd5-ab59-1213f44c5fc5: shutdown FollowerState
2019-08-20 14:51:45,671 INFO  impl.RaftServerImpl (RaftServerImpl.java:setRole(171)) - dc9a7e16-d776-4cd5-ab59-1213f44c5fc5:group-AE7EDBEB28B3 changes role from FOLLOWER to CANDIDATE at term 0 for changeToCandidate
2019-08-20 14:51:45,672 INFO  impl.RoleInfo (RoleInfo.java:updateAndGet(143)) - dc9a7e16-d776-4cd5-ab59-1213f44c5fc5: start LeaderElection
2019-08-20 14:51:45,725 INFO  impl.FollowerState (FollowerState.java:run(106)) - 973a9873-247c-4be8-a7a1-8a7292609846:group-AE7EDBEB28B3 changes to CANDIDATE, lastRpcTime:5174, electionTimeout:5174ms
2019-08-20 14:51:45,725 INFO  impl.RoleInfo (RoleInfo.java:shutdownFollowerState(121)) - 973a9873-247c-4be8-a7a1-8a7292609846: shutdown FollowerState
2019-08-20 14:51:45,725 INFO  impl.RaftServerImpl (RaftServerImpl.java:setRole(171)) - 973a9873-247c-4be8-a7a1-8a7292609846:group-AE7EDBEB28B3 changes role from FOLLOWER to CANDIDATE at term 0 for changeToCandidate
2019-08-20 14:51:45,725 INFO  impl.RoleInfo (RoleInfo.java:updateAndGet(143)) - 973a9873-247c-4be8-a7a1-8a7292609846: start LeaderElection
2019-08-20 14:51:45,754 INFO  impl.FollowerState (FollowerState.java:run(106)) - 2dce4224-1516-411e-baa0-6eb953eb6406:group-09F66922473F changes to CANDIDATE, lastRpcTime:5056, electionTimeout:5056ms
2019-08-20 14:51:45,754 INFO  impl.RoleInfo (RoleInfo.java:shutdownFollowerState(121)) - 2dce4224-1516-411e-baa0-6eb953eb6406: shutdown FollowerState
2019-08-20 14:51:45,755 INFO  impl.RaftServerImpl (RaftServerImpl.java:setRole(171)) - 2dce4224-1516-411e-baa0-6eb953eb6406:group-09F66922473F changes role from FOLLOWER to CANDIDATE at term 0 for changeToCandidate
2019-08-20 14:51:45,755 INFO  impl.RoleInfo (RoleInfo.java:updateAndGet(143)) - 2dce4224-1516-411e-baa0-6eb953eb6406: start LeaderElection
2019-08-20 14:51:45,962 INFO  impl.FollowerState (FollowerState.java:run(106)) - 5f936878-cdc2-4461-b492-9655c07e1f13:group-8AEAF6A88DFD changes to CANDIDATE, lastRpcTime:5078, electionTimeout:5078ms
2019-08-20 14:51:45,962 INFO  impl.RoleInfo (RoleInfo.java:shutdownFollowerState(121)) - 5f936878-cdc2-4461-b492-9655c07e1f13: shutdown FollowerState
2019-08-20 14:51:45,963 INFO  impl.RaftServerImpl (RaftServerImpl.java:setRole(171)) - 5f936878-cdc2-4461-b492-9655c07e1f13:group-8AEAF6A88DFD changes role from FOLLOWER to CANDIDATE at term 0 for changeToCandidate
2019-08-20 14:51:45,963 INFO  impl.RoleInfo (RoleInfo.java:updateAndGet(143)) - 5f936878-cdc2-4461-b492-9655c07e1f13: start LeaderElection
2019-08-20 14:51:46,075 INFO  impl.FollowerState (FollowerState.java:run(106)) - 2dd4c896-9c60-4b8b-8195-5f3d0832371a:group-BD0A876B1DC8 changes to CANDIDATE, lastRpcTime:5001, electionTimeout:5001ms
2019-08-20 14:51:46,075 INFO  impl.RoleInfo (RoleInfo.java:shutdownFollowerState(121)) - 2dd4c896-9c60-4b8b-8195-5f3d0832371a: shutdown FollowerState
2019-08-20 14:51:46,075 INFO  impl.RaftServerImpl (RaftServerImpl.java:setRole(171)) - 2dd4c896-9c60-4b8b-8195-5f3d0832371a:group-BD0A876B1DC8 changes role from FOLLOWER to CANDIDATE at term 0 for changeToCandidate
2019-08-20 14:51:46,076 INFO  impl.RoleInfo (RoleInfo.java:updateAndGet(143)) - 2dd4c896-9c60-4b8b-8195-5f3d0832371a: start LeaderElection
2019-08-20 14:51:46,273 INFO  impl.FollowerState (FollowerState.java:run(106)) - 2dce4224-1516-411e-baa0-6eb953eb6406:group-F2052E92F9A0 changes to CANDIDATE, lastRpcTime:5114, electionTimeout:5114ms
2019-08-20 14:51:46,273 INFO  impl.RoleInfo (RoleInfo.java:shutdownFollowerState(121)) - 2dce4224-1516-411e-baa0-6eb953eb6406: shutdown FollowerState
2019-08-20 14:51:46,273 INFO  impl.RaftServerImpl (RaftServerImpl.java:setRole(171)) - 2dce4224-1516-411e-baa0-6eb953eb6406:group-F2052E92F9A0 changes role from FOLLOWER to CANDIDATE at term 0 for changeToCandidate
2019-08-20 14:51:46,273 INFO  impl.RoleInfo (RoleInfo.java:updateAndGet(143)) - 2dce4224-1516-411e-baa0-6eb953eb6406: start LeaderElection
2019-08-20 14:51:46,279 INFO  impl.FollowerState (FollowerState.java:run(106)) - 2dd4c896-9c60-4b8b-8195-5f3d0832371a:group-F2052E92F9A0 changes to CANDIDATE, lastRpcTime:5125, electionTimeout:5124ms
2019-08-20 14:51:46,279 INFO  impl.RoleInfo (RoleInfo.java:shutdownFollowerState(121)) - 2dd4c896-9c60-4b8b-8195-5f3d0832371a: shutdown FollowerState
2019-08-20 14:51:46,279 INFO  impl.RaftServerImpl (RaftServerImpl.java:setRole(171)) - 2dd4c896-9c60-4b8b-8195-5f3d0832371a:group-F2052E92F9A0 changes role from FOLLOWER to CANDIDATE at term 0 for changeToCandidate
2019-08-20 14:51:46,279 INFO  impl.RoleInfo (RoleInfo.java:updateAndGet(143)) - 2dd4c896-9c60-4b8b-8195-5f3d0832371a: start LeaderElection
2019-08-20 14:51:46,307 INFO  impl.FollowerState (FollowerState.java:run(106)) - 5f936878-cdc2-4461-b492-9655c07e1f13:group-F2052E92F9A0 changes to CANDIDATE, lastRpcTime:5151, electionTimeout:5151ms
2019-08-20 14:51:46,307 INFO  impl.RoleInfo (RoleInfo.java:shutdownFollowerState(121)) - 5f936878-cdc2-4461-b492-9655c07e1f13: shutdown FollowerState
2019-08-20 14:51:46,307 INFO  impl.RaftServerImpl (RaftServerImpl.java:setRole(171)) - 5f936878-cdc2-4461-b492-9655c07e1f13:group-F2052E92F9A0 changes role from FOLLOWER to CANDIDATE at term 0 for changeToCandidate
2019-08-20 14:51:46,307 INFO  impl.RoleInfo (RoleInfo.java:updateAndGet(143)) - 5f936878-cdc2-4461-b492-9655c07e1f13: start LeaderElection
2019-08-20 14:51:46,511 INFO  impl.FollowerState (FollowerState.java:run(106)) - 1f342ebb-1d47-446b-883e-c05c246dc270:group-C4436AF2A802 changes to CANDIDATE, lastRpcTime:5093, electionTimeout:5093ms
2019-08-20 14:51:46,512 INFO  impl.RoleInfo (RoleInfo.java:shutdownFollowerState(121)) - 1f342ebb-1d47-446b-883e-c05c246dc270: shutdown FollowerState
2019-08-20 14:51:46,512 INFO  impl.RaftServerImpl (RaftServerImpl.java:setRole(171)) - 1f342ebb-1d47-446b-883e-c05c246dc270:group-C4436AF2A802 changes role from FOLLOWER to CANDIDATE at term 0 for changeToCandidate
2019-08-20 14:51:46,512 INFO  impl.RoleInfo (RoleInfo.java:updateAndGet(143)) - 1f342ebb-1d47-446b-883e-c05c246dc270: start LeaderElection
2019-08-20 14:51:46,528 INFO  client.GrpcClientProtocolClient (GrpcClientProtocolClient.java:onNext(255)) - client-B2E14307DBE0->dc9a7e16-d776-4cd5-ab59-1213f44c5fc5: receive RaftClientReply:client-B2E14307DBE0->dc9a7e16-d776-4cd5-ab59-1213f44c5fc5@group-AE7EDBEB28B3, cid=66, FAILED org.apache.ratis.protocol.NotLeaderException: Server dc9a7e16-d776-4cd5-ab59-1213f44c5fc5 is not the leader (null). Request must be sent to leader., logIndex=0, commits[dc9a7e16-d776-4cd5-ab59-1213f44c5fc5:c-1]
2019-08-20 14:51:47,546 INFO  client.GrpcClientProtocolClient (GrpcClientProtocolClient.java:onNext(255)) - client-B2E14307DBE0->973a9873-247c-4be8-a7a1-8a7292609846: receive RaftClientReply:client-B2E14307DBE0->973a9873-247c-4be8-a7a1-8a7292609846@group-AE7EDBEB28B3, cid=66, FAILED org.apache.ratis.protocol.NotLeaderException: Server 973a9873-247c-4be8-a7a1-8a7292609846 is not the leader (null). Request must be sent to leader., logIndex=0, commits[973a9873-247c-4be8-a7a1-8a7292609846:c-1]
2019-08-20 14:51:48,561 INFO  client.GrpcClientProtocolClient (GrpcClientProtocolClient.java:onNext(255)) - client-B2E14307DBE0->e8da62b6-b28b-4940-ab53-837f303f0ffe: receive RaftClientReply:client-B2E14307DBE0->e8da62b6-b28b-4940-ab53-837f303f0ffe@group-AE7EDBEB28B3, cid=66, FAILED org.apache.ratis.protocol.NotLeaderException: Server e8da62b6-b28b-4940-ab53-837f303f0ffe is not the leader (null). Request must be sent to leader., logIndex=0, commits[e8da62b6-b28b-4940-ab53-837f303f0ffe:c-1]
2019-08-20 14:51:49,576 INFO  client.GrpcClientProtocolClient (GrpcClientProtocolClient.java:onNext(255)) - client-B2E14307DBE0->dc9a7e16-d776-4cd5-ab59-1213f44c5fc5: receive RaftClientReply:client-B2E14307DBE0->dc9a7e16-d776-4cd5-ab59-1213f44c5fc5@group-AE7EDBEB28B3, cid=66, FAILED org.apache.ratis.protocol.NotLeaderException: Server dc9a7e16-d776-4cd5-ab59-1213f44c5fc5 is not the leader (null). Request must be sent to leader., logIndex=0, commits[dc9a7e16-d776-4cd5-ab59-1213f44c5fc5:c-1]
2019-08-20 14:51:49,706 INFO  impl.LeaderElection (LeaderElection.java:askForVotes(181)) - e8da62b6-b28b-4940-ab53-837f303f0ffe:group-16B4C620C0A9:LeaderElection57: begin an election at term 1 for -1: [e8da62b6-b28b-4940-ab53-837f303f0ffe:192.168.69.107:32984], old=null
2019-08-20 14:51:49,706 INFO  impl.RoleInfo (RoleInfo.java:shutdownLeaderElection(134)) - e8da62b6-b28b-4940-ab53-837f303f0ffe: shutdown LeaderElection
2019-08-20 14:51:49,706 INFO  impl.RaftServerImpl (RaftServerImpl.java:setRole(171)) - e8da62b6-b28b-4940-ab53-837f303f0ffe:group-16B4C620C0A9 changes role from CANDIDATE to LEADER at term 1 for changeToLeader
2019-08-20 14:51:49,706 INFO  impl.RaftServerImpl (ServerState.java:setLeader(263)) - e8da62b6-b28b-4940-ab53-837f303f0ffe:group-16B4C620C0A9 change Leader from null to e8da62b6-b28b-4940-ab53-837f303f0ffe at term 1 for becomeLeader, leader elected after 9717ms
2019-08-20 14:51:49,707 INFO  server.RaftServerConfigKeys (ConfUtils.java:logGet(43)) - raft.server.staging.catchup.gap = 1000 (default)
2019-08-20 14:51:49,707 INFO  server.RaftServerConfigKeys (ConfUtils.java:logGet(43)) - raft.server.rpc.sleep.time = 25ms (default)
2019-08-20 14:51:49,707 INFO  server.RaftServerConfigKeys (ConfUtils.java:logGet(43)) - raft.server.write.element-limit = 4096 (default)
2019-08-20 14:51:49,707 INFO  server.RaftServerConfigKeys (ConfUtils.java:logGet(43)) - raft.server.watch.timeout = 10s (default)
2019-08-20 14:51:49,708 INFO  server.RaftServerConfigKeys (ConfUtils.java:logGet(43)) - raft.server.watch.timeout.denomination = 1s (default)
2019-08-20 14:51:49,708 INFO  server.RaftServerConfigKeys (ConfUtils.java:logGet(43)) - raft.server.watch.element-limit = 65536 (default)
2019-08-20 14:51:49,708 INFO  impl.RoleInfo (RoleInfo.java:updateAndGet(143)) - e8da62b6-b28b-4940-ab53-837f303f0ffe: start LeaderState
2019-08-20 14:51:49,708 INFO  impl.LeaderElection (LeaderElection.java:askForVotes(181)) - 2dce4224-1516-411e-baa0-6eb953eb6406:group-09F66922473F:LeaderElection63: begin an election at term 1 for -1: [2dce4224-1516-411e-baa0-6eb953eb6406:192.168.69.107:38590], old=null
2019-08-20 14:51:49,708 INFO  impl.LeaderElection (LeaderElection.java:askForVotes(181)) - 973a9873-247c-4be8-a7a1-8a7292609846:group-AE7EDBEB28B3:LeaderElection62: begin an election at term 1 for -1: [dc9a7e16-d776-4cd5-ab59-1213f44c5fc5:192.168.69.107:38424, e8da62b6-b28b-4940-ab53-837f303f0ffe:192.168.69.107:32984, 973a9873-247c-4be8-a7a1-8a7292609846:192.168.69.107:42441], old=null
2019-08-20 14:51:49,709 INFO  impl.LeaderElection (LeaderElection.java:askForVotes(181)) - 2dd4c896-9c60-4b8b-8195-5f3d0832371a:group-BD0A876B1DC8:LeaderElection65: begin an election at term 1 for -1: [2dd4c896-9c60-4b8b-8195-5f3d0832371a:192.168.69.107:46623], old=null
2019-08-20 14:51:49,709 INFO  impl.LeaderElection (LeaderElection.java:askForVotes(181)) - 2dd4c896-9c60-4b8b-8195-5f3d0832371a:group-F2052E92F9A0:LeaderElection67: begin an election at term 1 for -1: [2dce4224-1516-411e-baa0-6eb953eb6406:192.168.69.107:38590, 5f936878-cdc2-4461-b492-9655c07e1f13:192.168.69.107:42684, 2dd4c896-9c60-4b8b-8195-5f3d0832371a:192.168.69.107:46623], old=null
2019-08-20 14:51:49,709 INFO  impl.RoleInfo (RoleInfo.java:shutdownLeaderElection(134)) - 2dce4224-1516-411e-baa0-6eb953eb6406: shutdown LeaderElection
2019-08-20 14:51:49,708 INFO  impl.LeaderElection (LeaderElection.java:askForVotes(181)) - e8da62b6-b28b-4940-ab53-837f303f0ffe:group-AE7EDBEB28B3:LeaderElection60: begin an election at term 1 for -1: [dc9a7e16-d776-4cd5-ab59-1213f44c5fc5:192.168.69.107:38424, e8da62b6-b28b-4940-ab53-837f303f0ffe:192.168.69.107:32984, 973a9873-247c-4be8-a7a1-8a7292609846:192.168.69.107:42441], old=null
2019-08-20 14:51:49,708 INFO  impl.LeaderElection (LeaderElection.java:askForVotes(181)) - 5f936878-cdc2-4461-b492-9655c07e1f13:group-8AEAF6A88DFD:LeaderElection64: begin an election at term 1 for -1: [5f936878-cdc2-4461-b492-9655c07e1f13:192.168.69.107:42684], old=null
2019-08-20 14:51:49,708 INFO  impl.LeaderElection (LeaderElection.java:askForVotes(181)) - 5f936878-cdc2-4461-b492-9655c07e1f13:group-F2052E92F9A0:LeaderElection68: begin an election at term 1 for -1: [2dce4224-1516-411e-baa0-6eb953eb6406:192.168.69.107:38590, 5f936878-cdc2-4461-b492-9655c07e1f13:192.168.69.107:42684, 2dd4c896-9c60-4b8b-8195-5f3d0832371a:192.168.69.107:46623], old=null
2019-08-20 14:51:49,708 INFO  impl.LeaderElection (LeaderElection.java:askForVotes(181)) - 2dce4224-1516-411e-baa0-6eb953eb6406:group-F2052E92F9A0:LeaderElection66: begin an election at term 1 for -1: [2dce4224-1516-411e-baa0-6eb953eb6406:192.168.69.107:38590, 5f936878-cdc2-4461-b492-9655c07e1f13:192.168.69.107:42684, 2dd4c896-9c60-4b8b-8195-5f3d0832371a:192.168.69.107:46623], old=null
2019-08-20 14:51:49,708 INFO  impl.LeaderElection (LeaderElection.java:askForVotes(181)) - 1f342ebb-1d47-446b-883e-c05c246dc270:group-C4436AF2A802:LeaderElection69: begin an election at term 1 for -1: [1f342ebb-1d47-446b-883e-c05c246dc270:192.168.69.107:36409], old=null
2019-08-20 14:51:49,708 INFO  impl.LeaderElection (LeaderElection.java:askForVotes(181)) - 973a9873-247c-4be8-a7a1-8a7292609846:group-2AAC4FEA049E:LeaderElection59: begin an election at term 1 for -1: [973a9873-247c-4be8-a7a1-8a7292609846:192.168.69.107:42441], old=null
2019-08-20 14:51:49,708 INFO  impl.LeaderElection (LeaderElection.java:askForVotes(181)) - dc9a7e16-d776-4cd5-ab59-1213f44c5fc5:group-E0E1CCDA074B:LeaderElection58: begin an election at term 1 for -1: [dc9a7e16-d776-4cd5-ab59-1213f44c5fc5:192.168.69.107:38424], old=null
2019-08-20 14:51:49,708 INFO  impl.LeaderElection (LeaderElection.java:askForVotes(181)) - dc9a7e16-d776-4cd5-ab59-1213f44c5fc5:group-AE7EDBEB28B3:LeaderElection61: begin an election at term 1 for -1: [dc9a7e16-d776-4cd5-ab59-1213f44c5fc5:192.168.69.107:38424, e8da62b6-b28b-4940-ab53-837f303f0ffe:192.168.69.107:32984, 973a9873-247c-4be8-a7a1-8a7292609846:192.168.69.107:42441], old=null
2019-08-20 14:51:49,710 INFO  impl.RoleInfo (RoleInfo.java:shutdownLeaderElection(134)) - dc9a7e16-d776-4cd5-ab59-1213f44c5fc5: shutdown LeaderElection
2019-08-20 14:51:49,710 INFO  impl.RoleInfo (RoleInfo.java:shutdownLeaderElection(134)) - 973a9873-247c-4be8-a7a1-8a7292609846: shutdown LeaderElection
2019-08-20 14:51:49,710 INFO  impl.RaftServerImpl (RaftServerImpl.java:setRole(171)) - 973a9873-247c-4be8-a7a1-8a7292609846:group-2AAC4FEA049E changes role from CANDIDATE to LEADER at term 1 for changeToLeader
2019-08-20 14:51:49,710 INFO  impl.RaftServerImpl (ServerState.java:setLeader(263)) - 973a9873-247c-4be8-a7a1-8a7292609846:group-2AAC4FEA049E change Leader from null to 973a9873-247c-4be8-a7a1-8a7292609846 at term 1 for becomeLeader, leader elected after 9405ms
2019-08-20 14:51:49,711 INFO  server.RaftServerConfigKeys (ConfUtils.java:logGet(43)) - raft.server.staging.catchup.gap = 1000 (default)
2019-08-20 14:51:49,711 INFO  server.RaftServerConfigKeys (ConfUtils.java:logGet(43)) - raft.server.rpc.sleep.time = 25ms (default)
2019-08-20 14:51:49,710 INFO  impl.RoleInfo (RoleInfo.java:shutdownLeaderElection(134)) - 1f342ebb-1d47-446b-883e-c05c246dc270: shutdown LeaderElection
2019-08-20 14:51:49,709 INFO  impl.RoleInfo (RoleInfo.java:shutdownLeaderElection(134)) - 5f936878-cdc2-4461-b492-9655c07e1f13: shutdown LeaderElection
2019-08-20 14:51:49,709 INFO  impl.RaftServerImpl (RaftServerImpl.java:setRole(171)) - 2dce4224-1516-411e-baa0-6eb953eb6406:group-09F66922473F changes role from CANDIDATE to LEADER at term 1 for changeToLeader
2019-08-20 14:51:49,721 INFO  impl.RaftServerImpl (ServerState.java:setLeader(263)) - 2dce4224-1516-411e-baa0-6eb953eb6406:group-09F66922473F change Leader from null to 2dce4224-1516-411e-baa0-6eb953eb6406 at term 1 for becomeLeader, leader elected after 9025ms
2019-08-20 14:51:49,721 INFO  server.RaftServerConfigKeys (ConfUtils.java:logGet(43)) - raft.server.staging.catchup.gap = 1000 (default)
2019-08-20 14:51:49,721 INFO  server.RaftServerConfigKeys (ConfUtils.java:logGet(43)) - raft.server.rpc.sleep.time = 25ms (default)
2019-08-20 14:51:49,721 INFO  server.RaftServerConfigKeys (ConfUtils.java:logGet(43)) - raft.server.write.element-limit = 4096 (default)
2019-08-20 14:51:49,722 INFO  server.RaftServerConfigKeys (ConfUtils.java:logGet(43)) - raft.server.watch.timeout = 10s (default)
2019-08-20 14:51:49,722 INFO  server.RaftServerConfigKeys (ConfUtils.java:logGet(43)) - raft.server.watch.timeout.denomination = 1s (default)
2019-08-20 14:51:49,722 INFO  server.RaftServerConfigKeys (ConfUtils.java:logGet(43)) - raft.server.watch.element-limit = 65536 (default)
2019-08-20 14:51:49,709 INFO  impl.RoleInfo (RoleInfo.java:shutdownLeaderElection(134)) - 2dd4c896-9c60-4b8b-8195-5f3d0832371a: shutdown LeaderElection
2019-08-20 14:51:49,722 INFO  impl.RoleInfo (RoleInfo.java:updateAndGet(143)) - 2dce4224-1516-411e-baa0-6eb953eb6406: start LeaderState
2019-08-20 14:51:49,709 INFO  segmented.SegmentedRaftLogWorker (SegmentedRaftLogWorker.java:startLogSegment(380)) - e8da62b6-b28b-4940-ab53-837f303f0ffe-SegmentedRaftLogWorker:Storage Directory /workdir/hadoop-ozone/integration-test/target/test-dir/MiniOzoneClusterImpl-c74f0574-43a4-4fa8-97ed-eb665be36896/datanode-0/data/ratis/63c2cd82-baa8-4204-bbb7-16b4c620c0a9: Starting segment from index:0
2019-08-20 14:51:49,722 INFO  impl.RaftServerImpl (RaftServerImpl.java:setRole(171)) - 2dd4c896-9c60-4b8b-8195-5f3d0832371a:group-BD0A876B1DC8 changes role from CANDIDATE to LEADER at term 1 for changeToLeader
2019-08-20 14:51:49,723 INFO  impl.RaftServerImpl (ServerState.java:setLeader(263)) - 2dd4c896-9c60-4b8b-8195-5f3d0832371a:group-BD0A876B1DC8 change Leader from null to 2dd4c896-9c60-4b8b-8195-5f3d0832371a at term 1 for becomeLeader, leader elected after 8651ms
2019-08-20 14:51:49,723 INFO  server.RaftServerConfigKeys (ConfUtils.java:logGet(43)) - raft.server.staging.catchup.gap = 1000 (default)
2019-08-20 14:51:49,723 INFO  server.RaftServerConfigKeys (ConfUtils.java:logGet(43)) - raft.server.rpc.sleep.time = 25ms (default)
2019-08-20 14:51:49,723 INFO  segmented.SegmentedRaftLogWorker (SegmentedRaftLogWorker.java:startLogSegment(380)) - 2dce4224-1516-411e-baa0-6eb953eb6406-SegmentedRaftLogWorker:Storage Directory /workdir/hadoop-ozone/integration-test/target/test-dir/MiniOzoneClusterImpl-c74f0574-43a4-4fa8-97ed-eb665be36896/datanode-3/data/ratis/9ac816eb-1381-4f0c-b698-09f66922473f: Starting segment from index:0
2019-08-20 14:51:49,721 INFO  impl.RaftServerImpl (RaftServerImpl.java:setRole(171)) - 5f936878-cdc2-4461-b492-9655c07e1f13:group-8AEAF6A88DFD changes role from CANDIDATE to LEADER at term 1 for changeToLeader
2019-08-20 14:51:49,720 INFO  impl.RaftServerImpl (RaftServerImpl.java:setRole(171)) - 1f342ebb-1d47-446b-883e-c05c246dc270:group-C4436AF2A802 changes role from CANDIDATE to LEADER at term 1 for changeToLeader
2019-08-20 14:51:49,720 INFO  server.RaftServerConfigKeys (ConfUtils.java:logGet(43)) - raft.server.write.element-limit = 4096 (default)
2019-08-20 14:51:49,710 INFO  impl.RaftServerImpl (RaftServerImpl.java:setRole(171)) - dc9a7e16-d776-4cd5-ab59-1213f44c5fc5:group-E0E1CCDA074B changes role from CANDIDATE to LEADER at term 1 for changeToLeader
2019-08-20 14:51:49,724 INFO  server.RaftServerConfigKeys (ConfUtils.java:logGet(43)) - raft.server.watch.timeout = 10s (default)
2019-08-20 14:51:49,724 INFO  impl.RaftServerImpl (ServerState.java:setLeader(263)) - 1f342ebb-1d47-446b-883e-c05c246dc270:group-C4436AF2A802 change Leader from null to 1f342ebb-1d47-446b-883e-c05c246dc270 at term 1 for becomeLeader, leader elected after 8309ms
2019-08-20 14:51:49,724 INFO  server.RaftServerConfigKeys (ConfUtils.java:logGet(43)) - raft.server.staging.catchup.gap = 1000 (default)
2019-08-20 14:51:49,724 INFO  server.RaftServerConfigKeys (ConfUtils.java:logGet(43)) - raft.server.rpc.sleep.time = 25ms (default)
2019-08-20 14:51:49,724 INFO  server.RaftServerConfigKeys (ConfUtils.java:logGet(43)) - raft.server.write.element-limit = 4096 (default)
2019-08-20 14:51:49,724 INFO  server.RaftServerConfigKeys (ConfUtils.java:logGet(43)) - raft.server.watch.timeout = 10s (default)
2019-08-20 14:51:49,724 INFO  server.RaftServerConfigKeys (ConfUtils.java:logGet(43)) - raft.server.watch.timeout.denomination = 1s (default)
2019-08-20 14:51:49,724 INFO  server.RaftServerConfigKeys (ConfUtils.java:logGet(43)) - raft.server.watch.element-limit = 65536 (default)
2019-08-20 14:51:49,725 INFO  impl.RoleInfo (RoleInfo.java:updateAndGet(143)) - 1f342ebb-1d47-446b-883e-c05c246dc270: start LeaderState
2019-08-20 14:51:49,725 INFO  segmented.SegmentedRaftLogWorker (SegmentedRaftLogWorker.java:startLogSegment(380)) - 1f342ebb-1d47-446b-883e-c05c246dc270-SegmentedRaftLogWorker:Storage Directory /workdir/hadoop-ozone/integration-test/target/test-dir/MiniOzoneClusterImpl-c74f0574-43a4-4fa8-97ed-eb665be36896/datanode-6/data/ratis/4e6b05c3-6cb2-4b79-a11d-c4436af2a802: Starting segment from index:0
2019-08-20 14:51:49,723 INFO  impl.RaftServerImpl (ServerState.java:setLeader(263)) - 5f936878-cdc2-4461-b492-9655c07e1f13:group-8AEAF6A88DFD change Leader from null to 5f936878-cdc2-4461-b492-9655c07e1f13 at term 1 for becomeLeader, leader elected after 8843ms
2019-08-20 14:51:49,725 INFO  impl.RaftServerImpl (ServerState.java:setRaftConf(361)) - 2dce4224-1516-411e-baa0-6eb953eb6406:group-09F66922473F set configuration 0: [2dce4224-1516-411e-baa0-6eb953eb6406:192.168.69.107:38590], old=null at 0
2019-08-20 14:51:49,724 INFO  impl.RaftServerImpl (ServerState.java:setRaftConf(361)) - e8da62b6-b28b-4940-ab53-837f303f0ffe:group-16B4C620C0A9 set configuration 0: [e8da62b6-b28b-4940-ab53-837f303f0ffe:192.168.69.107:32984], old=null at 0
2019-08-20 14:51:49,724 INFO  server.RaftServerConfigKeys (ConfUtils.java:logGet(43)) - raft.server.watch.timeout.denomination = 1s (default)
2019-08-20 14:51:49,724 INFO  impl.RaftServerImpl (ServerState.java:setLeader(263)) - dc9a7e16-d776-4cd5-ab59-1213f44c5fc5:group-E0E1CCDA074B change Leader from null to dc9a7e16-d776-4cd5-ab59-1213f44c5fc5 at term 1 for becomeLeader, leader elected after 9282ms
2019-08-20 14:51:49,728 INFO  server.RaftServerConfigKeys (ConfUtils.java:logGet(43)) - raft.server.watch.element-limit = 65536 (default)
2019-08-20 14:51:49,728 INFO  server.RaftServerConfigKeys (ConfUtils.java:logGet(43)) - raft.server.write.element-limit = 4096 (default)
2019-08-20 14:51:49,725 INFO  impl.RaftServerImpl (ServerState.java:setRaftConf(361)) - 1f342ebb-1d47-446b-883e-c05c246dc270:group-C4436AF2A802 set configuration 0: [1f342ebb-1d47-446b-883e-c05c246dc270:192.168.69.107:36409], old=null at 0
2019-08-20 14:51:49,725 INFO  server.RaftServerConfigKeys (ConfUtils.java:logGet(43)) - raft.server.staging.catchup.gap = 1000 (default)
2019-08-20 14:51:49,729 INFO  server.RaftServerConfigKeys (ConfUtils.java:logGet(43)) - raft.server.watch.timeout = 10s (default)
2019-08-20 14:51:49,729 INFO  impl.RoleInfo (RoleInfo.java:updateAndGet(143)) - 973a9873-247c-4be8-a7a1-8a7292609846: start LeaderState
2019-08-20 14:51:49,728 INFO  server.RaftServerConfigKeys (ConfUtils.java:logGet(43)) - raft.server.staging.catchup.gap = 1000 (default)
2019-08-20 14:51:49,731 INFO  segmented.SegmentedRaftLogWorker (SegmentedRaftLogWorker.java:startLogSegment(380)) - 973a9873-247c-4be8-a7a1-8a7292609846-SegmentedRaftLogWorker:Storage Directory /workdir/hadoop-ozone/integration-test/target/test-dir/MiniOzoneClusterImpl-c74f0574-43a4-4fa8-97ed-eb665be36896/datanode-1/data/ratis/75dbcf81-70d3-456d-9f50-2aac4fea049e: Starting segment from index:0
2019-08-20 14:51:49,729 INFO  server.RaftServerConfigKeys (ConfUtils.java:logGet(43)) - raft.server.watch.timeout.denomination = 1s (default)
2019-08-20 14:51:49,729 INFO  server.RaftServerConfigKeys (ConfUtils.java:logGet(43)) - raft.server.rpc.sleep.time = 25ms (default)
2019-08-20 14:51:49,732 INFO  impl.RaftServerImpl (ServerState.java:setRaftConf(361)) - 973a9873-247c-4be8-a7a1-8a7292609846:group-2AAC4FEA049E set configuration 0: [973a9873-247c-4be8-a7a1-8a7292609846:192.168.69.107:42441], old=null at 0
2019-08-20 14:51:49,732 INFO  server.RaftServerConfigKeys (ConfUtils.java:logGet(43)) - raft.server.watch.element-limit = 65536 (default)
2019-08-20 14:51:49,731 INFO  server.RaftServerConfigKeys (ConfUtils.java:logGet(43)) - raft.server.rpc.sleep.time = 25ms (default)
2019-08-20 14:51:49,732 INFO  impl.RoleInfo (RoleInfo.java:updateAndGet(143)) - 2dd4c896-9c60-4b8b-8195-5f3d0832371a: start LeaderState
2019-08-20 14:51:49,732 INFO  server.RaftServerConfigKeys (ConfUtils.java:logGet(43)) - raft.server.write.element-limit = 4096 (default)
2019-08-20 14:51:49,732 INFO  segmented.SegmentedRaftLogWorker (SegmentedRaftLogWorker.java:startLogSegment(380)) - 2dd4c896-9c60-4b8b-8195-5f3d0832371a-SegmentedRaftLogWorker:Storage Directory /workdir/hadoop-ozone/integration-test/target/test-dir/MiniOzoneClusterImpl-c74f0574-43a4-4fa8-97ed-eb665be36896/datanode-5/data/ratis/e26e9b2b-a6e2-4e29-9975-bd0a876b1dc8: Starting segment from index:0
2019-08-20 14:51:49,732 INFO  server.RaftServerConfigKeys (ConfUtils.java:logGet(43)) - raft.server.write.element-limit = 4096 (default)
2019-08-20 14:51:49,732 INFO  server.RaftServerConfigKeys (ConfUtils.java:logGet(43)) - raft.server.watch.timeout = 10s (default)
2019-08-20 14:51:49,732 INFO  server.RaftServerConfigKeys (ConfUtils.java:logGet(43)) - raft.server.watch.timeout = 10s (default)
2019-08-20 14:51:49,750 INFO  server.RaftServerConfigKeys (ConfUtils.java:logGet(43)) - raft.server.watch.timeout.denomination = 1s (default)
2019-08-20 14:51:49,751 INFO  server.RaftServerConfigKeys (ConfUtils.java:logGet(43)) - raft.server.watch.element-limit = 65536 (default)
2019-08-20 14:51:49,733 INFO  server.RaftServerConfigKeys (ConfUtils.java:logGet(43)) - raft.server.watch.timeout.denomination = 1s (default)
2019-08-20 14:51:49,753 INFO  impl.RoleInfo (RoleInfo.java:updateAndGet(143)) - 5f936878-cdc2-4461-b492-9655c07e1f13: start LeaderState
2019-08-20 14:51:49,753 INFO  server.RaftServerConfigKeys (ConfUtils.java:logGet(43)) - raft.server.watch.element-limit = 65536 (default)
2019-08-20 14:51:49,753 INFO  impl.RaftServerImpl (ServerState.java:setRaftConf(361)) - 2dd4c896-9c60-4b8b-8195-5f3d0832371a:group-BD0A876B1DC8 set configuration 0: [2dd4c896-9c60-4b8b-8195-5f3d0832371a:192.168.69.107:46623], old=null at 0
2019-08-20 14:51:49,766 INFO  impl.RoleInfo (RoleInfo.java:updateAndGet(143)) - dc9a7e16-d776-4cd5-ab59-1213f44c5fc5: start LeaderState
2019-08-20 14:51:49,753 INFO  segmented.SegmentedRaftLogWorker (SegmentedRaftLogWorker.java:startLogSegment(380)) - 5f936878-cdc2-4461-b492-9655c07e1f13-SegmentedRaftLogWorker:Storage Directory /workdir/hadoop-ozone/integration-test/target/test-dir/MiniOzoneClusterImpl-c74f0574-43a4-4fa8-97ed-eb665be36896/datanode-4/data/ratis/4be1b586-07f7-472f-9a59-8aeaf6a88dfd: Starting segment from index:0
2019-08-20 14:51:49,766 INFO  segmented.SegmentedRaftLogWorker (SegmentedRaftLogWorker.java:startLogSegment(380)) - dc9a7e16-d776-4cd5-ab59-1213f44c5fc5-SegmentedRaftLogWorker:Storage Directory /workdir/hadoop-ozone/integration-test/target/test-dir/MiniOzoneClusterImpl-c74f0574-43a4-4fa8-97ed-eb665be36896/datanode-2/data/ratis/6971157e-c18e-462a-b71f-e0e1ccda074b: Starting segment from index:0
2019-08-20 14:51:49,766 INFO  impl.LeaderElection (LeaderElection.java:logAndReturn(56)) - 2dce4224-1516-411e-baa0-6eb953eb6406:group-F2052E92F9A0:LeaderElection66: Election REJECTED; received 2 response(s) [2dce4224-1516-411e-baa0-6eb953eb6406<-5f936878-cdc2-4461-b492-9655c07e1f13#0:FAIL-t1, 2dce4224-1516-411e-baa0-6eb953eb6406<-2dd4c896-9c60-4b8b-8195-5f3d0832371a#0:FAIL-t1] and 0 exception(s); 2dce4224-1516-411e-baa0-6eb953eb6406:t1, leader=null, voted=2dce4224-1516-411e-baa0-6eb953eb6406, raftlog=2dce4224-1516-411e-baa0-6eb953eb6406-SegmentedRaftLog:OPENED:c-1,f-1,i0, conf=-1: [2dce4224-1516-411e-baa0-6eb953eb6406:192.168.69.107:38590, 5f936878-cdc2-4461-b492-9655c07e1f13:192.168.69.107:42684, 2dd4c896-9c60-4b8b-8195-5f3d0832371a:192.168.69.107:46623], old=null
2019-08-20 14:51:49,769 INFO  impl.RaftServerImpl (ServerState.java:setRaftConf(361)) - 5f936878-cdc2-4461-b492-9655c07e1f13:group-8AEAF6A88DFD set configuration 0: [5f936878-cdc2-4461-b492-9655c07e1f13:192.168.69.107:42684], old=null at 0
2019-08-20 14:51:49,769 INFO  segmented.SegmentedRaftLogWorker (SegmentedRaftLogWorker.java:execute(569)) - 973a9873-247c-4be8-a7a1-8a7292609846-SegmentedRaftLogWorker:Storage Directory /workdir/hadoop-ozone/integration-test/target/test-dir/MiniOzoneClusterImpl-c74f0574-43a4-4fa8-97ed-eb665be36896/datanode-1/data/ratis/75dbcf81-70d3-456d-9f50-2aac4fea049e: created new log segment /workdir/hadoop-ozone/integration-test/target/test-dir/MiniOzoneClusterImpl-c74f0574-43a4-4fa8-97ed-eb665be36896/datanode-1/data/ratis/75dbcf81-70d3-456d-9f50-2aac4fea049e/current/log_inprogress_0
2019-08-20 14:51:49,769 INFO  segmented.SegmentedRaftLogWorker (SegmentedRaftLogWorker.java:execute(569)) - e8da62b6-b28b-4940-ab53-837f303f0ffe-SegmentedRaftLogWorker:Storage Directory /workdir/hadoop-ozone/integration-test/target/test-dir/MiniOzoneClusterImpl-c74f0574-43a4-4fa8-97ed-eb665be36896/datanode-0/data/ratis/63c2cd82-baa8-4204-bbb7-16b4c620c0a9: created new log segment /workdir/hadoop-ozone/integration-test/target/test-dir/MiniOzoneClusterImpl-c74f0574-43a4-4fa8-97ed-eb665be36896/datanode-0/data/ratis/63c2cd82-baa8-4204-bbb7-16b4c620c0a9/current/log_inprogress_0
2019-08-20 14:51:49,769 INFO  segmented.SegmentedRaftLogWorker (SegmentedRaftLogWorker.java:execute(569)) - 1f342ebb-1d47-446b-883e-c05c246dc270-SegmentedRaftLogWorker:Storage Directory /workdir/hadoop-ozone/integration-test/target/test-dir/MiniOzoneClusterImpl-c74f0574-43a4-4fa8-97ed-eb665be36896/datanode-6/data/ratis/4e6b05c3-6cb2-4b79-a11d-c4436af2a802: created new log segment /workdir/hadoop-ozone/integration-test/target/test-dir/MiniOzoneClusterImpl-c74f0574-43a4-4fa8-97ed-eb665be36896/datanode-6/data/ratis/4e6b05c3-6cb2-4b79-a11d-c4436af2a802/current/log_inprogress_0
2019-08-20 14:51:49,769 INFO  segmented.SegmentedRaftLogWorker (SegmentedRaftLogWorker.java:execute(569)) - 2dce4224-1516-411e-baa0-6eb953eb6406-SegmentedRaftLogWorker:Storage Directory /workdir/hadoop-ozone/integration-test/target/test-dir/MiniOzoneClusterImpl-c74f0574-43a4-4fa8-97ed-eb665be36896/datanode-3/data/ratis/9ac816eb-1381-4f0c-b698-09f66922473f: created new log segment /workdir/hadoop-ozone/integration-test/target/test-dir/MiniOzoneClusterImpl-c74f0574-43a4-4fa8-97ed-eb665be36896/datanode-3/data/ratis/9ac816eb-1381-4f0c-b698-09f66922473f/current/log_inprogress_0
2019-08-20 14:51:49,769 INFO  impl.RaftServerImpl (RaftServerImpl.java:setRole(171)) - 2dce4224-1516-411e-baa0-6eb953eb6406:group-F2052E92F9A0 changes role from CANDIDATE to FOLLOWER at term 1 for DISCOVERED_A_NEW_TERM
2019-08-20 14:51:49,770 INFO  impl.RoleInfo (RoleInfo.java:shutdownLeaderElection(134)) - 2dce4224-1516-411e-baa0-6eb953eb6406: shutdown LeaderElection
2019-08-20 14:51:49,769 INFO  impl.RaftServerImpl (ServerState.java:setRaftConf(361)) - dc9a7e16-d776-4cd5-ab59-1213f44c5fc5:group-E0E1CCDA074B set configuration 0: [dc9a7e16-d776-4cd5-ab59-1213f44c5fc5:192.168.69.107:38424], old=null at 0
2019-08-20 14:51:49,795 INFO  impl.RoleInfo (RoleInfo.java:updateAndGet(143)) - 2dce4224-1516-411e-baa0-6eb953eb6406: start FollowerState
2019-08-20 14:51:49,807 INFO  impl.LeaderElection (LeaderElection.java:logAndReturn(56)) - 973a9873-247c-4be8-a7a1-8a7292609846:group-AE7EDBEB28B3:LeaderElection62: Election REJECTED; received 2 response(s) [973a9873-247c-4be8-a7a1-8a7292609846<-dc9a7e16-d776-4cd5-ab59-1213f44c5fc5#0:FAIL-t1, 973a9873-247c-4be8-a7a1-8a7292609846<-e8da62b6-b28b-4940-ab53-837f303f0ffe#0:FAIL-t1] and 0 exception(s); 973a9873-247c-4be8-a7a1-8a7292609846:t1, leader=null, voted=973a9873-247c-4be8-a7a1-8a7292609846, raftlog=973a9873-247c-4be8-a7a1-8a7292609846-SegmentedRaftLog:OPENED:c-1,f-1,i0, conf=-1: [dc9a7e16-d776-4cd5-ab59-1213f44c5fc5:192.168.69.107:38424, e8da62b6-b28b-4940-ab53-837f303f0ffe:192.168.69.107:32984, 973a9873-247c-4be8-a7a1-8a7292609846:192.168.69.107:42441], old=null
2019-08-20 14:51:49,808 INFO  impl.RaftServerImpl (RaftServerImpl.java:setRole(171)) - 973a9873-247c-4be8-a7a1-8a7292609846:group-AE7EDBEB28B3 changes role from CANDIDATE to FOLLOWER at term 1 for DISCOVERED_A_NEW_TERM
2019-08-20 14:51:49,808 INFO  impl.RoleInfo (RoleInfo.java:shutdownLeaderElection(134)) - 973a9873-247c-4be8-a7a1-8a7292609846: shutdown LeaderElection
2019-08-20 14:51:49,809 INFO  impl.RoleInfo (RoleInfo.java:updateAndGet(143)) - 973a9873-247c-4be8-a7a1-8a7292609846: start FollowerState
2019-08-20 14:51:49,811 INFO  impl.LeaderElection (LeaderElection.java:logAndReturn(56)) - e8da62b6-b28b-4940-ab53-837f303f0ffe:group-AE7EDBEB28B3:LeaderElection60: Election REJECTED; received 2 response(s) [e8da62b6-b28b-4940-ab53-837f303f0ffe<-dc9a7e16-d776-4cd5-ab59-1213f44c5fc5#0:FAIL-t1, e8da62b6-b28b-4940-ab53-837f303f0ffe<-973a9873-247c-4be8-a7a1-8a7292609846#0:FAIL-t1] and 0 exception(s); e8da62b6-b28b-4940-ab53-837f303f0ffe:t1, leader=null, voted=e8da62b6-b28b-4940-ab53-837f303f0ffe, raftlog=e8da62b6-b28b-4940-ab53-837f303f0ffe-SegmentedRaftLog:OPENED:c-1,f-1,i0, conf=-1: [dc9a7e16-d776-4cd5-ab59-1213f44c5fc5:192.168.69.107:38424, e8da62b6-b28b-4940-ab53-837f303f0ffe:192.168.69.107:32984, 973a9873-247c-4be8-a7a1-8a7292609846:192.168.69.107:42441], old=null
2019-08-20 14:51:49,813 INFO  segmented.SegmentedRaftLogWorker (SegmentedRaftLogWorker.java:execute(569)) - 2dd4c896-9c60-4b8b-8195-5f3d0832371a-SegmentedRaftLogWorker:Storage Directory /workdir/hadoop-ozone/integration-test/target/test-dir/MiniOzoneClusterImpl-c74f0574-43a4-4fa8-97ed-eb665be36896/datanode-5/data/ratis/e26e9b2b-a6e2-4e29-9975-bd0a876b1dc8: created new log segment /workdir/hadoop-ozone/integration-test/target/test-dir/MiniOzoneClusterImpl-c74f0574-43a4-4fa8-97ed-eb665be36896/datanode-5/data/ratis/e26e9b2b-a6e2-4e29-9975-bd0a876b1dc8/current/log_inprogress_0
2019-08-20 14:51:49,813 INFO  impl.RaftServerImpl (RaftServerImpl.java:setRole(171)) - e8da62b6-b28b-4940-ab53-837f303f0ffe:group-AE7EDBEB28B3 changes role from CANDIDATE to FOLLOWER at term 1 for DISCOVERED_A_NEW_TERM
2019-08-20 14:51:49,813 INFO  segmented.SegmentedRaftLogWorker (SegmentedRaftLogWorker.java:execute(569)) - 5f936878-cdc2-4461-b492-9655c07e1f13-SegmentedRaftLogWorker:Storage Directory /workdir/hadoop-ozone/integration-test/target/test-dir/MiniOzoneClusterImpl-c74f0574-43a4-4fa8-97ed-eb665be36896/datanode-4/data/ratis/4be1b586-07f7-472f-9a59-8aeaf6a88dfd: created new log segment /workdir/hadoop-ozone/integration-test/target/test-dir/MiniOzoneClusterImpl-c74f0574-43a4-4fa8-97ed-eb665be36896/datanode-4/data/ratis/4be1b586-07f7-472f-9a59-8aeaf6a88dfd/current/log_inprogress_0
2019-08-20 14:51:49,813 INFO  segmented.SegmentedRaftLogWorker (SegmentedRaftLogWorker.java:execute(569)) - dc9a7e16-d776-4cd5-ab59-1213f44c5fc5-SegmentedRaftLogWorker:Storage Directory /workdir/hadoop-ozone/integration-test/target/test-dir/MiniOzoneClusterImpl-c74f0574-43a4-4fa8-97ed-eb665be36896/datanode-2/data/ratis/6971157e-c18e-462a-b71f-e0e1ccda074b: created new log segment /workdir/hadoop-ozone/integration-test/target/test-dir/MiniOzoneClusterImpl-c74f0574-43a4-4fa8-97ed-eb665be36896/datanode-2/data/ratis/6971157e-c18e-462a-b71f-e0e1ccda074b/current/log_inprogress_0
2019-08-20 14:51:49,815 INFO  impl.RoleInfo (RoleInfo.java:shutdownLeaderElection(134)) - e8da62b6-b28b-4940-ab53-837f303f0ffe: shutdown LeaderElection
2019-08-20 14:51:49,815 INFO  impl.LeaderElection (LeaderElection.java:logAndReturn(56)) - 2dd4c896-9c60-4b8b-8195-5f3d0832371a:group-F2052E92F9A0:LeaderElection67: Election REJECTED; received 2 response(s) [2dd4c896-9c60-4b8b-8195-5f3d0832371a<-2dce4224-1516-411e-baa0-6eb953eb6406#0:FAIL-t1, 2dd4c896-9c60-4b8b-8195-5f3d0832371a<-5f936878-cdc2-4461-b492-9655c07e1f13#0:FAIL-t1] and 0 exception(s); 2dd4c896-9c60-4b8b-8195-5f3d0832371a:t1, leader=null, voted=2dd4c896-9c60-4b8b-8195-5f3d0832371a, raftlog=2dd4c896-9c60-4b8b-8195-5f3d0832371a-SegmentedRaftLog:OPENED:c-1,f-1,i0, conf=-1: [2dce4224-1516-411e-baa0-6eb953eb6406:192.168.69.107:38590, 5f936878-cdc2-4461-b492-9655c07e1f13:192.168.69.107:42684, 2dd4c896-9c60-4b8b-8195-5f3d0832371a:192.168.69.107:46623], old=null
2019-08-20 14:51:49,817 INFO  impl.RoleInfo (RoleInfo.java:updateAndGet(143)) - e8da62b6-b28b-4940-ab53-837f303f0ffe: start FollowerState
2019-08-20 14:51:49,817 INFO  impl.LeaderElection (LeaderElection.java:logAndReturn(56)) - 5f936878-cdc2-4461-b492-9655c07e1f13:group-F2052E92F9A0:LeaderElection68: Election REJECTED; received 2 response(s) [5f936878-cdc2-4461-b492-9655c07e1f13<-2dce4224-1516-411e-baa0-6eb953eb6406#0:FAIL-t1, 5f936878-cdc2-4461-b492-9655c07e1f13<-2dd4c896-9c60-4b8b-8195-5f3d0832371a#0:FAIL-t1] and 0 exception(s); 5f936878-cdc2-4461-b492-9655c07e1f13:t1, leader=null, voted=5f936878-cdc2-4461-b492-9655c07e1f13, raftlog=5f936878-cdc2-4461-b492-9655c07e1f13-SegmentedRaftLog:OPENED:c-1,f-1,i0, conf=-1: [2dce4224-1516-411e-baa0-6eb953eb6406:192.168.69.107:38590, 5f936878-cdc2-4461-b492-9655c07e1f13:192.168.69.107:42684, 2dd4c896-9c60-4b8b-8195-5f3d0832371a:192.168.69.107:46623], old=null
2019-08-20 14:51:49,817 INFO  impl.RaftServerImpl (RaftServerImpl.java:setRole(171)) - 2dd4c896-9c60-4b8b-8195-5f3d0832371a:group-F2052E92F9A0 changes role from CANDIDATE to FOLLOWER at term 1 for DISCOVERED_A_NEW_TERM
2019-08-20 14:51:49,817 INFO  impl.RoleInfo (RoleInfo.java:shutdownLeaderElection(134)) - 2dd4c896-9c60-4b8b-8195-5f3d0832371a: shutdown LeaderElection
2019-08-20 14:51:49,818 INFO  impl.RoleInfo (RoleInfo.java:updateAndGet(143)) - 2dd4c896-9c60-4b8b-8195-5f3d0832371a: start FollowerState
2019-08-20 14:51:49,818 INFO  impl.RaftServerImpl (RaftServerImpl.java:setRole(171)) - 5f936878-cdc2-4461-b492-9655c07e1f13:group-F2052E92F9A0 changes role from CANDIDATE to FOLLOWER at term 1 for DISCOVERED_A_NEW_TERM
2019-08-20 14:51:49,818 INFO  impl.RoleInfo (RoleInfo.java:shutdownLeaderElection(134)) - 5f936878-cdc2-4461-b492-9655c07e1f13: shutdown LeaderElection
2019-08-20 14:51:49,820 INFO  impl.RoleInfo (RoleInfo.java:updateAndGet(143)) - 5f936878-cdc2-4461-b492-9655c07e1f13: start FollowerState
2019-08-20 14:51:49,820 INFO  impl.LeaderElection (LeaderElection.java:logAndReturn(56)) - dc9a7e16-d776-4cd5-ab59-1213f44c5fc5:group-AE7EDBEB28B3:LeaderElection61: Election REJECTED; received 2 response(s) [dc9a7e16-d776-4cd5-ab59-1213f44c5fc5<-e8da62b6-b28b-4940-ab53-837f303f0ffe#0:FAIL-t1, dc9a7e16-d776-4cd5-ab59-1213f44c5fc5<-973a9873-247c-4be8-a7a1-8a7292609846#0:FAIL-t1] and 0 exception(s); dc9a7e16-d776-4cd5-ab59-1213f44c5fc5:t1, leader=null, voted=dc9a7e16-d776-4cd5-ab59-1213f44c5fc5, raftlog=dc9a7e16-d776-4cd5-ab59-1213f44c5fc5-SegmentedRaftLog:OPENED:c-1,f-1,i0, conf=-1: [dc9a7e16-d776-4cd5-ab59-1213f44c5fc5:192.168.69.107:38424, e8da62b6-b28b-4940-ab53-837f303f0ffe:192.168.69.107:32984, 973a9873-247c-4be8-a7a1-8a7292609846:192.168.69.107:42441], old=null
2019-08-20 14:51:49,821 INFO  impl.RaftServerImpl (RaftServerImpl.java:setRole(171)) - dc9a7e16-d776-4cd5-ab59-1213f44c5fc5:group-AE7EDBEB28B3 changes role from CANDIDATE to FOLLOWER at term 1 for DISCOVERED_A_NEW_TERM
2019-08-20 14:51:49,821 INFO  impl.RoleInfo (RoleInfo.java:shutdownLeaderElection(134)) - dc9a7e16-d776-4cd5-ab59-1213f44c5fc5: shutdown LeaderElection
2019-08-20 14:51:49,821 INFO  impl.RoleInfo (RoleInfo.java:updateAndGet(143)) - dc9a7e16-d776-4cd5-ab59-1213f44c5fc5: start FollowerState
2019-08-20 14:51:50,588 INFO  client.GrpcClientProtocolClient (GrpcClientProtocolClient.java:onNext(255)) - client-B2E14307DBE0->973a9873-247c-4be8-a7a1-8a7292609846: receive RaftClientReply:client-B2E14307DBE0->973a9873-247c-4be8-a7a1-8a7292609846@group-AE7EDBEB28B3, cid=66, FAILED org.apache.ratis.protocol.NotLeaderException: Server 973a9873-247c-4be8-a7a1-8a7292609846 is not the leader (null). Request must be sent to leader., logIndex=0, commits[973a9873-247c-4be8-a7a1-8a7292609846:c-1]
2019-08-20 14:51:51,600 INFO  client.GrpcClientProtocolClient (GrpcClientProtocolClient.java:onNext(255)) - client-B2E14307DBE0->dc9a7e16-d776-4cd5-ab59-1213f44c5fc5: receive RaftClientReply:client-B2E14307DBE0->dc9a7e16-d776-4cd5-ab59-1213f44c5fc5@group-AE7EDBEB28B3, cid=66, FAILED org.apache.ratis.protocol.NotLeaderException: Server dc9a7e16-d776-4cd5-ab59-1213f44c5fc5 is not the leader (null). Request must be sent to leader., logIndex=0, commits[dc9a7e16-d776-4cd5-ab59-1213f44c5fc5:c-1]
2019-08-20 14:51:52,610 INFO  client.GrpcClientProtocolClient (GrpcClientProtocolClient.java:onNext(255)) - client-B2E14307DBE0->973a9873-247c-4be8-a7a1-8a7292609846: receive RaftClientReply:client-B2E14307DBE0->973a9873-247c-4be8-a7a1-8a7292609846@group-AE7EDBEB28B3, cid=66, FAILED org.apache.ratis.protocol.NotLeaderException: Server 973a9873-247c-4be8-a7a1-8a7292609846 is not the leader (null). Request must be sent to leader., logIndex=0, commits[973a9873-247c-4be8-a7a1-8a7292609846:c-1]
2019-08-20 14:51:53,621 INFO  client.GrpcClientProtocolClient (GrpcClientProtocolClient.java:onNext(255)) - client-B2E14307DBE0->dc9a7e16-d776-4cd5-ab59-1213f44c5fc5: receive RaftClientReply:client-B2E14307DBE0->dc9a7e16-d776-4cd5-ab59-1213f44c5fc5@group-AE7EDBEB28B3, cid=66, FAILED org.apache.ratis.protocol.NotLeaderException: Server dc9a7e16-d776-4cd5-ab59-1213f44c5fc5 is not the leader (null). Request must be sent to leader., logIndex=0, commits[dc9a7e16-d776-4cd5-ab59-1213f44c5fc5:c-1]
2019-08-20 14:51:54,631 INFO  client.GrpcClientProtocolClient (GrpcClientProtocolClient.java:onNext(255)) - client-B2E14307DBE0->e8da62b6-b28b-4940-ab53-837f303f0ffe: receive RaftClientReply:client-B2E14307DBE0->e8da62b6-b28b-4940-ab53-837f303f0ffe@group-AE7EDBEB28B3, cid=66, FAILED org.apache.ratis.protocol.NotLeaderException: Server e8da62b6-b28b-4940-ab53-837f303f0ffe is not the leader (null). Request must be sent to leader., logIndex=0, commits[e8da62b6-b28b-4940-ab53-837f303f0ffe:c-1]
2019-08-20 14:51:54,851 INFO  impl.FollowerState (FollowerState.java:run(106)) - e8da62b6-b28b-4940-ab53-837f303f0ffe:group-AE7EDBEB28B3 changes to CANDIDATE, lastRpcTime:5033, electionTimeout:5033ms
2019-08-20 14:51:54,851 INFO  impl.RoleInfo (RoleInfo.java:shutdownFollowerState(121)) - e8da62b6-b28b-4940-ab53-837f303f0ffe: shutdown FollowerState
2019-08-20 14:51:54,851 INFO  impl.RaftServerImpl (RaftServerImpl.java:setRole(171)) - e8da62b6-b28b-4940-ab53-837f303f0ffe:group-AE7EDBEB28B3 changes role from FOLLOWER to CANDIDATE at term 1 for changeToCandidate
2019-08-20 14:51:54,852 INFO  impl.RoleInfo (RoleInfo.java:updateAndGet(143)) - e8da62b6-b28b-4940-ab53-837f303f0ffe: start LeaderElection
2019-08-20 14:51:54,863 INFO  impl.FollowerState (FollowerState.java:run(106)) - dc9a7e16-d776-4cd5-ab59-1213f44c5fc5:group-AE7EDBEB28B3 changes to CANDIDATE, lastRpcTime:5042, electionTimeout:5042ms
2019-08-20 14:51:54,863 INFO  impl.RoleInfo (RoleInfo.java:shutdownFollowerState(121)) - dc9a7e16-d776-4cd5-ab59-1213f44c5fc5: shutdown FollowerState
2019-08-20 14:51:54,864 INFO  impl.RaftServerImpl (RaftServerImpl.java:setRole(171)) - dc9a7e16-d776-4cd5-ab59-1213f44c5fc5:group-AE7EDBEB28B3 changes role from FOLLOWER to CANDIDATE at term 1 for changeToCandidate
2019-08-20 14:51:54,864 INFO  impl.FollowerState (FollowerState.java:run(106)) - 5f936878-cdc2-4461-b492-9655c07e1f13:group-F2052E92F9A0 changes to CANDIDATE, lastRpcTime:5043, electionTimeout:5042ms
2019-08-20 14:51:54,864 INFO  impl.RoleInfo (RoleInfo.java:shutdownFollowerState(121)) - 5f936878-cdc2-4461-b492-9655c07e1f13: shutdown FollowerState
2019-08-20 14:51:54,864 INFO  impl.RoleInfo (RoleInfo.java:updateAndGet(143)) - dc9a7e16-d776-4cd5-ab59-1213f44c5fc5: start LeaderElection
2019-08-20 14:51:54,864 INFO  impl.RaftServerImpl (RaftServerImpl.java:setRole(171)) - 5f936878-cdc2-4461-b492-9655c07e1f13:group-F2052E92F9A0 changes role from FOLLOWER to CANDIDATE at term 1 for changeToCandidate
2019-08-20 14:51:54,864 INFO  impl.RoleInfo (RoleInfo.java:updateAndGet(143)) - 5f936878-cdc2-4461-b492-9655c07e1f13: start LeaderElection
2019-08-20 14:51:54,873 INFO  impl.FollowerState (FollowerState.java:run(106)) - 973a9873-247c-4be8-a7a1-8a7292609846:group-AE7EDBEB28B3 changes to CANDIDATE, lastRpcTime:5064, electionTimeout:5064ms
2019-08-20 14:51:54,873 INFO  impl.RoleInfo (RoleInfo.java:shutdownFollowerState(121)) - 973a9873-247c-4be8-a7a1-8a7292609846: shutdown FollowerState
2019-08-20 14:51:54,873 INFO  impl.RaftServerImpl (RaftServerImpl.java:setRole(171)) - 973a9873-247c-4be8-a7a1-8a7292609846:group-AE7EDBEB28B3 changes role from FOLLOWER to CANDIDATE at term 1 for changeToCandidate
2019-08-20 14:51:54,873 INFO  impl.RoleInfo (RoleInfo.java:updateAndGet(143)) - 973a9873-247c-4be8-a7a1-8a7292609846: start LeaderElection
2019-08-20 14:51:54,879 INFO  impl.FollowerState (FollowerState.java:run(106)) - 2dce4224-1516-411e-baa0-6eb953eb6406:group-F2052E92F9A0 changes to CANDIDATE, lastRpcTime:5083, electionTimeout:5079ms
2019-08-20 14:51:54,879 INFO  impl.RoleInfo (RoleInfo.java:shutdownFollowerState(121)) - 2dce4224-1516-411e-baa0-6eb953eb6406: shutdown FollowerState
2019-08-20 14:51:54,879 INFO  impl.RaftServerImpl (RaftServerImpl.java:setRole(171)) - 2dce4224-1516-411e-baa0-6eb953eb6406:group-F2052E92F9A0 changes role from FOLLOWER to CANDIDATE at term 1 for changeToCandidate
2019-08-20 14:51:54,879 INFO  impl.RoleInfo (RoleInfo.java:updateAndGet(143)) - 2dce4224-1516-411e-baa0-6eb953eb6406: start LeaderElection
2019-08-20 14:51:54,882 INFO  impl.LeaderElection (LeaderElection.java:askForVotes(181)) - e8da62b6-b28b-4940-ab53-837f303f0ffe:group-AE7EDBEB28B3:LeaderElection70: begin an election at term 2 for -1: [dc9a7e16-d776-4cd5-ab59-1213f44c5fc5:192.168.69.107:38424, e8da62b6-b28b-4940-ab53-837f303f0ffe:192.168.69.107:32984, 973a9873-247c-4be8-a7a1-8a7292609846:192.168.69.107:42441], old=null
2019-08-20 14:51:54,882 INFO  impl.LeaderElection (LeaderElection.java:askForVotes(181)) - dc9a7e16-d776-4cd5-ab59-1213f44c5fc5:group-AE7EDBEB28B3:LeaderElection71: begin an election at term 2 for -1: [dc9a7e16-d776-4cd5-ab59-1213f44c5fc5:192.168.69.107:38424, e8da62b6-b28b-4940-ab53-837f303f0ffe:192.168.69.107:32984, 973a9873-247c-4be8-a7a1-8a7292609846:192.168.69.107:42441], old=null
2019-08-20 14:51:54,882 INFO  impl.LeaderElection (LeaderElection.java:askForVotes(181)) - 973a9873-247c-4be8-a7a1-8a7292609846:group-AE7EDBEB28B3:LeaderElection73: begin an election at term 2 for -1: [dc9a7e16-d776-4cd5-ab59-1213f44c5fc5:192.168.69.107:38424, e8da62b6-b28b-4940-ab53-837f303f0ffe:192.168.69.107:32984, 973a9873-247c-4be8-a7a1-8a7292609846:192.168.69.107:42441], old=null
2019-08-20 14:51:54,882 INFO  impl.LeaderElection (LeaderElection.java:askForVotes(181)) - 5f936878-cdc2-4461-b492-9655c07e1f13:group-F2052E92F9A0:LeaderElection72: begin an election at term 2 for -1: [2dce4224-1516-411e-baa0-6eb953eb6406:192.168.69.107:38590, 5f936878-cdc2-4461-b492-9655c07e1f13:192.168.69.107:42684, 2dd4c896-9c60-4b8b-8195-5f3d0832371a:192.168.69.107:46623], old=null
2019-08-20 14:51:54,905 INFO  impl.RaftServerImpl (RaftServerImpl.java:setRole(171)) - 2dd4c896-9c60-4b8b-8195-5f3d0832371a:group-F2052E92F9A0 changes role from FOLLOWER to FOLLOWER at term 2 for recognizeCandidate:5f936878-cdc2-4461-b492-9655c07e1f13
2019-08-20 14:51:54,905 INFO  impl.RoleInfo (RoleInfo.java:shutdownFollowerState(121)) - 2dd4c896-9c60-4b8b-8195-5f3d0832371a: shutdown FollowerState
2019-08-20 14:51:54,905 INFO  impl.LeaderElection (LeaderElection.java:askForVotes(181)) - 2dce4224-1516-411e-baa0-6eb953eb6406:group-F2052E92F9A0:LeaderElection74: begin an election at term 2 for -1: [2dce4224-1516-411e-baa0-6eb953eb6406:192.168.69.107:38590, 5f936878-cdc2-4461-b492-9655c07e1f13:192.168.69.107:42684, 2dd4c896-9c60-4b8b-8195-5f3d0832371a:192.168.69.107:46623], old=null
2019-08-20 14:51:54,905 INFO  impl.FollowerState (FollowerState.java:run(114)) - 2dd4c896-9c60-4b8b-8195-5f3d0832371a: FollowerState was interrupted: java.lang.InterruptedException: sleep interrupted
2019-08-20 14:51:54,905 INFO  impl.RoleInfo (RoleInfo.java:updateAndGet(143)) - 2dd4c896-9c60-4b8b-8195-5f3d0832371a: start FollowerState
2019-08-20 14:51:54,919 INFO  impl.LeaderElection (LeaderElection.java:logAndReturn(56)) - e8da62b6-b28b-4940-ab53-837f303f0ffe:group-AE7EDBEB28B3:LeaderElection70: Election REJECTED; received 2 response(s) [e8da62b6-b28b-4940-ab53-837f303f0ffe<-dc9a7e16-d776-4cd5-ab59-1213f44c5fc5#0:FAIL-t2, e8da62b6-b28b-4940-ab53-837f303f0ffe<-973a9873-247c-4be8-a7a1-8a7292609846#0:FAIL-t2] and 0 exception(s); e8da62b6-b28b-4940-ab53-837f303f0ffe:t2, leader=null, voted=e8da62b6-b28b-4940-ab53-837f303f0ffe, raftlog=e8da62b6-b28b-4940-ab53-837f303f0ffe-SegmentedRaftLog:OPENED:c-1,f-1,i0, conf=-1: [dc9a7e16-d776-4cd5-ab59-1213f44c5fc5:192.168.69.107:38424, e8da62b6-b28b-4940-ab53-837f303f0ffe:192.168.69.107:32984, 973a9873-247c-4be8-a7a1-8a7292609846:192.168.69.107:42441], old=null
2019-08-20 14:51:54,919 INFO  impl.LeaderElection (LeaderElection.java:logAndReturn(56)) - 973a9873-247c-4be8-a7a1-8a7292609846:group-AE7EDBEB28B3:LeaderElection73: Election REJECTED; received 2 response(s) [973a9873-247c-4be8-a7a1-8a7292609846<-dc9a7e16-d776-4cd5-ab59-1213f44c5fc5#0:FAIL-t2, 973a9873-247c-4be8-a7a1-8a7292609846<-e8da62b6-b28b-4940-ab53-837f303f0ffe#0:FAIL-t2] and 0 exception(s); 973a9873-247c-4be8-a7a1-8a7292609846:t2, leader=null, voted=973a9873-247c-4be8-a7a1-8a7292609846, raftlog=973a9873-247c-4be8-a7a1-8a7292609846-SegmentedRaftLog:OPENED:c-1,f-1,i0, conf=-1: [dc9a7e16-d776-4cd5-ab59-1213f44c5fc5:192.168.69.107:38424, e8da62b6-b28b-4940-ab53-837f303f0ffe:192.168.69.107:32984, 973a9873-247c-4be8-a7a1-8a7292609846:192.168.69.107:42441], old=null
2019-08-20 14:51:54,919 INFO  impl.LeaderElection (LeaderElection.java:logAndReturn(56)) - dc9a7e16-d776-4cd5-ab59-1213f44c5fc5:group-AE7EDBEB28B3:LeaderElection71: Election REJECTED; received 2 response(s) [dc9a7e16-d776-4cd5-ab59-1213f44c5fc5<-e8da62b6-b28b-4940-ab53-837f303f0ffe#0:FAIL-t2, dc9a7e16-d776-4cd5-ab59-1213f44c5fc5<-973a9873-247c-4be8-a7a1-8a7292609846#0:FAIL-t2] and 0 exception(s); dc9a7e16-d776-4cd5-ab59-1213f44c5fc5:t2, leader=null, voted=dc9a7e16-d776-4cd5-ab59-1213f44c5fc5, raftlog=dc9a7e16-d776-4cd5-ab59-1213f44c5fc5-SegmentedRaftLog:OPENED:c-1,f-1,i0, conf=-1: [dc9a7e16-d776-4cd5-ab59-1213f44c5fc5:192.168.69.107:38424, e8da62b6-b28b-4940-ab53-837f303f0ffe:192.168.69.107:32984, 973a9873-247c-4be8-a7a1-8a7292609846:192.168.69.107:42441], old=null
2019-08-20 14:51:54,919 INFO  impl.RaftServerImpl (RaftServerImpl.java:setRole(171)) - 973a9873-247c-4be8-a7a1-8a7292609846:group-AE7EDBEB28B3 changes role from CANDIDATE to FOLLOWER at term 2 for DISCOVERED_A_NEW_TERM
2019-08-20 14:51:54,919 INFO  impl.RaftServerImpl (RaftServerImpl.java:setRole(171)) - e8da62b6-b28b-4940-ab53-837f303f0ffe:group-AE7EDBEB28B3 changes role from CANDIDATE to FOLLOWER at term 2 for DISCOVERED_A_NEW_TERM
2019-08-20 14:51:54,919 INFO  impl.RoleInfo (RoleInfo.java:shutdownLeaderElection(134)) - 973a9873-247c-4be8-a7a1-8a7292609846: shutdown LeaderElection
2019-08-20 14:51:54,919 INFO  impl.RaftServerImpl (RaftServerImpl.java:setRole(171)) - dc9a7e16-d776-4cd5-ab59-1213f44c5fc5:group-AE7EDBEB28B3 changes role from CANDIDATE to FOLLOWER at term 2 for DISCOVERED_A_NEW_TERM
2019-08-20 14:51:54,919 INFO  impl.RoleInfo (RoleInfo.java:updateAndGet(143)) - 973a9873-247c-4be8-a7a1-8a7292609846: start FollowerState
2019-08-20 14:51:54,919 INFO  impl.RoleInfo (RoleInfo.java:shutdownLeaderElection(134)) - e8da62b6-b28b-4940-ab53-837f303f0ffe: shutdown LeaderElection
2019-08-20 14:51:54,919 INFO  impl.RoleInfo (RoleInfo.java:shutdownLeaderElection(134)) - dc9a7e16-d776-4cd5-ab59-1213f44c5fc5: shutdown LeaderElection
2019-08-20 14:51:54,920 INFO  impl.RoleInfo (RoleInfo.java:updateAndGet(143)) - e8da62b6-b28b-4940-ab53-837f303f0ffe: start FollowerState
2019-08-20 14:51:54,920 INFO  impl.RoleInfo (RoleInfo.java:updateAndGet(143)) - dc9a7e16-d776-4cd5-ab59-1213f44c5fc5: start FollowerState
2019-08-20 14:51:54,951 INFO  impl.LeaderElection (LeaderElection.java:logAndReturn(56)) - 2dce4224-1516-411e-baa0-6eb953eb6406:group-F2052E92F9A0:LeaderElection74: Election REJECTED; received 2 response(s) [2dce4224-1516-411e-baa0-6eb953eb6406<-5f936878-cdc2-4461-b492-9655c07e1f13#0:FAIL-t2, 2dce4224-1516-411e-baa0-6eb953eb6406<-2dd4c896-9c60-4b8b-8195-5f3d0832371a#0:FAIL-t2] and 0 exception(s); 2dce4224-1516-411e-baa0-6eb953eb6406:t2, leader=null, voted=2dce4224-1516-411e-baa0-6eb953eb6406, raftlog=2dce4224-1516-411e-baa0-6eb953eb6406-SegmentedRaftLog:OPENED:c-1,f-1,i0, conf=-1: [2dce4224-1516-411e-baa0-6eb953eb6406:192.168.69.107:38590, 5f936878-cdc2-4461-b492-9655c07e1f13:192.168.69.107:42684, 2dd4c896-9c60-4b8b-8195-5f3d0832371a:192.168.69.107:46623], old=null
2019-08-20 14:51:54,951 INFO  impl.LeaderElection (LeaderElection.java:logAndReturn(56)) - 5f936878-cdc2-4461-b492-9655c07e1f13:group-F2052E92F9A0:LeaderElection72: Election PASSED; received 2 response(s) [5f936878-cdc2-4461-b492-9655c07e1f13<-2dce4224-1516-411e-baa0-6eb953eb6406#0:FAIL-t2, 5f936878-cdc2-4461-b492-9655c07e1f13<-2dd4c896-9c60-4b8b-8195-5f3d0832371a#0:OK-t2] and 0 exception(s); 5f936878-cdc2-4461-b492-9655c07e1f13:t2, leader=null, voted=5f936878-cdc2-4461-b492-9655c07e1f13, raftlog=5f936878-cdc2-4461-b492-9655c07e1f13-SegmentedRaftLog:OPENED:c-1,f-1,i0, conf=-1: [2dce4224-1516-411e-baa0-6eb953eb6406:192.168.69.107:38590, 5f936878-cdc2-4461-b492-9655c07e1f13:192.168.69.107:42684, 2dd4c896-9c60-4b8b-8195-5f3d0832371a:192.168.69.107:46623], old=null
2019-08-20 14:51:54,951 INFO  impl.RaftServerImpl (RaftServerImpl.java:setRole(171)) - 2dce4224-1516-411e-baa0-6eb953eb6406:group-F2052E92F9A0 changes role from CANDIDATE to FOLLOWER at term 2 for DISCOVERED_A_NEW_TERM
2019-08-20 14:51:54,951 INFO  impl.RoleInfo (RoleInfo.java:shutdownLeaderElection(134)) - 5f936878-cdc2-4461-b492-9655c07e1f13: shutdown LeaderElection
2019-08-20 14:51:54,951 INFO  impl.RoleInfo (RoleInfo.java:shutdownLeaderElection(134)) - 2dce4224-1516-411e-baa0-6eb953eb6406: shutdown LeaderElection
2019-08-20 14:51:54,951 INFO  impl.RaftServerImpl (RaftServerImpl.java:setRole(171)) - 5f936878-cdc2-4461-b492-9655c07e1f13:group-F2052E92F9A0 changes role from CANDIDATE to LEADER at term 2 for changeToLeader
2019-08-20 14:51:54,951 INFO  impl.RoleInfo (RoleInfo.java:updateAndGet(143)) - 2dce4224-1516-411e-baa0-6eb953eb6406: start FollowerState
2019-08-20 14:51:54,952 INFO  impl.RaftServerImpl (ServerState.java:setLeader(263)) - 5f936878-cdc2-4461-b492-9655c07e1f13:group-F2052E92F9A0 change Leader from null to 5f936878-cdc2-4461-b492-9655c07e1f13 at term 2 for becomeLeader, leader elected after 13803ms
2019-08-20 14:51:54,952 INFO  server.RaftServerConfigKeys (ConfUtils.java:logGet(43)) - raft.server.staging.catchup.gap = 1000 (default)
2019-08-20 14:51:54,952 INFO  server.RaftServerConfigKeys (ConfUtils.java:logGet(43)) - raft.server.rpc.sleep.time = 25ms (default)
2019-08-20 14:51:54,952 INFO  server.RaftServerConfigKeys (ConfUtils.java:logGet(43)) - raft.server.write.element-limit = 4096 (default)
2019-08-20 14:51:54,952 INFO  server.RaftServerConfigKeys (ConfUtils.java:logGet(43)) - raft.server.watch.timeout = 10s (default)
2019-08-20 14:51:54,952 INFO  server.RaftServerConfigKeys (ConfUtils.java:logGet(43)) - raft.server.watch.timeout.denomination = 1s (default)
2019-08-20 14:51:54,952 INFO  server.RaftServerConfigKeys (ConfUtils.java:logGet(43)) - raft.server.watch.element-limit = 65536 (default)
2019-08-20 14:51:54,952 INFO  server.RaftServerConfigKeys (ConfUtils.java:logGet(43)) - raft.server.log.appender.snapshot.chunk.size.max = 16MB (=16777216) (default)
2019-08-20 14:51:54,953 INFO  server.RaftServerConfigKeys (ConfUtils.java:logGet(43)) - raft.server.log.appender.buffer.byte-limit = 33554432 (custom)
2019-08-20 14:51:54,953 INFO  server.RaftServerConfigKeys (ConfUtils.java:logGet(43)) - raft.server.log.appender.buffer.element-limit = 1 (custom)
2019-08-20 14:51:54,953 INFO  grpc.GrpcConfigKeys$Server (ConfUtils.java:logGet(43)) - raft.grpc.server.leader.outstanding.appends.max = 128 (default)
2019-08-20 14:51:54,953 INFO  server.RaftServerConfigKeys (ConfUtils.java:logGet(43)) - raft.server.rpc.request.timeout = 3000ms (default)
2019-08-20 14:51:54,953 INFO  server.RaftServerConfigKeys (ConfUtils.java:logGet(43)) - raft.server.log.appender.install.snapshot.enabled = false (custom)
2019-08-20 14:51:54,953 INFO  server.RaftServerConfigKeys (ConfUtils.java:logGet(43)) - raft.server.log.appender.snapshot.chunk.size.max = 16MB (=16777216) (default)
2019-08-20 14:51:54,953 INFO  server.RaftServerConfigKeys (ConfUtils.java:logGet(43)) - raft.server.log.appender.buffer.byte-limit = 33554432 (custom)
2019-08-20 14:51:54,953 INFO  server.RaftServerConfigKeys (ConfUtils.java:logGet(43)) - raft.server.log.appender.buffer.element-limit = 1 (custom)
2019-08-20 14:51:54,954 INFO  grpc.GrpcConfigKeys$Server (ConfUtils.java:logGet(43)) - raft.grpc.server.leader.outstanding.appends.max = 128 (default)
2019-08-20 14:51:54,954 INFO  server.RaftServerConfigKeys (ConfUtils.java:logGet(43)) - raft.server.rpc.request.timeout = 3000ms (default)
2019-08-20 14:51:54,954 INFO  server.RaftServerConfigKeys (ConfUtils.java:logGet(43)) - raft.server.log.appender.install.snapshot.enabled = false (custom)
2019-08-20 14:51:54,954 INFO  impl.RoleInfo (RoleInfo.java:updateAndGet(143)) - 5f936878-cdc2-4461-b492-9655c07e1f13: start LeaderState
2019-08-20 14:51:54,954 INFO  segmented.SegmentedRaftLogWorker (SegmentedRaftLogWorker.java:startLogSegment(380)) - 5f936878-cdc2-4461-b492-9655c07e1f13-SegmentedRaftLogWorker:Storage Directory /workdir/hadoop-ozone/integration-test/target/test-dir/MiniOzoneClusterImpl-c74f0574-43a4-4fa8-97ed-eb665be36896/datanode-4/data/ratis/a69cfe5a-5c6e-4dad-86c7-f2052e92f9a0: Starting segment from index:0
2019-08-20 14:51:54,955 INFO  impl.RaftServerImpl (ServerState.java:setRaftConf(361)) - 5f936878-cdc2-4461-b492-9655c07e1f13:group-F2052E92F9A0 set configuration 0: [2dce4224-1516-411e-baa0-6eb953eb6406:192.168.69.107:38590, 5f936878-cdc2-4461-b492-9655c07e1f13:192.168.69.107:42684, 2dd4c896-9c60-4b8b-8195-5f3d0832371a:192.168.69.107:46623], old=null at 0
2019-08-20 14:51:54,956 INFO  impl.RaftServerImpl (ServerState.java:setLeader(263)) - 2dd4c896-9c60-4b8b-8195-5f3d0832371a:group-F2052E92F9A0 change Leader from null to 5f936878-cdc2-4461-b492-9655c07e1f13 at term 2 for appendEntries, leader elected after 13808ms
2019-08-20 14:51:54,956 INFO  impl.RaftServerImpl (ServerState.java:setLeader(263)) - 2dce4224-1516-411e-baa0-6eb953eb6406:group-F2052E92F9A0 change Leader from null to 5f936878-cdc2-4461-b492-9655c07e1f13 at term 2 for appendEntries, leader elected after 13808ms
2019-08-20 14:51:54,958 INFO  impl.RaftServerImpl (ServerState.java:setRaftConf(361)) - 2dce4224-1516-411e-baa0-6eb953eb6406:group-F2052E92F9A0 set configuration 0: [2dce4224-1516-411e-baa0-6eb953eb6406:192.168.69.107:38590, 5f936878-cdc2-4461-b492-9655c07e1f13:192.168.69.107:42684, 2dd4c896-9c60-4b8b-8195-5f3d0832371a:192.168.69.107:46623], old=null at 0
2019-08-20 14:51:54,958 INFO  impl.RaftServerImpl (ServerState.java:setRaftConf(361)) - 2dd4c896-9c60-4b8b-8195-5f3d0832371a:group-F2052E92F9A0 set configuration 0: [2dce4224-1516-411e-baa0-6eb953eb6406:192.168.69.107:38590, 5f936878-cdc2-4461-b492-9655c07e1f13:192.168.69.107:42684, 2dd4c896-9c60-4b8b-8195-5f3d0832371a:192.168.69.107:46623], old=null at 0
2019-08-20 14:51:54,959 INFO  segmented.SegmentedRaftLogWorker (SegmentedRaftLogWorker.java:startLogSegment(380)) - 2dd4c896-9c60-4b8b-8195-5f3d0832371a-SegmentedRaftLogWorker:Storage Directory /workdir/hadoop-ozone/integration-test/target/test-dir/MiniOzoneClusterImpl-c74f0574-43a4-4fa8-97ed-eb665be36896/datanode-5/data/ratis/a69cfe5a-5c6e-4dad-86c7-f2052e92f9a0: Starting segment from index:0
2019-08-20 14:51:54,959 INFO  segmented.SegmentedRaftLogWorker (SegmentedRaftLogWorker.java:startLogSegment(380)) - 2dce4224-1516-411e-baa0-6eb953eb6406-SegmentedRaftLogWorker:Storage Directory /workdir/hadoop-ozone/integration-test/target/test-dir/MiniOzoneClusterImpl-c74f0574-43a4-4fa8-97ed-eb665be36896/datanode-3/data/ratis/a69cfe5a-5c6e-4dad-86c7-f2052e92f9a0: Starting segment from index:0
2019-08-20 14:51:55,003 INFO  segmented.SegmentedRaftLogWorker (SegmentedRaftLogWorker.java:execute(569)) - 5f936878-cdc2-4461-b492-9655c07e1f13-SegmentedRaftLogWorker:Storage Directory /workdir/hadoop-ozone/integration-test/target/test-dir/MiniOzoneClusterImpl-c74f0574-43a4-4fa8-97ed-eb665be36896/datanode-4/data/ratis/a69cfe5a-5c6e-4dad-86c7-f2052e92f9a0: created new log segment /workdir/hadoop-ozone/integration-test/target/test-dir/MiniOzoneClusterImpl-c74f0574-43a4-4fa8-97ed-eb665be36896/datanode-4/data/ratis/a69cfe5a-5c6e-4dad-86c7-f2052e92f9a0/current/log_inprogress_0
2019-08-20 14:51:55,003 INFO  segmented.SegmentedRaftLogWorker (SegmentedRaftLogWorker.java:execute(569)) - 2dce4224-1516-411e-baa0-6eb953eb6406-SegmentedRaftLogWorker:Storage Directory /workdir/hadoop-ozone/integration-test/target/test-dir/MiniOzoneClusterImpl-c74f0574-43a4-4fa8-97ed-eb665be36896/datanode-3/data/ratis/a69cfe5a-5c6e-4dad-86c7-f2052e92f9a0: created new log segment /workdir/hadoop-ozone/integration-test/target/test-dir/MiniOzoneClusterImpl-c74f0574-43a4-4fa8-97ed-eb665be36896/datanode-3/data/ratis/a69cfe5a-5c6e-4dad-86c7-f2052e92f9a0/current/log_inprogress_0
2019-08-20 14:51:55,003 INFO  segmented.SegmentedRaftLogWorker (SegmentedRaftLogWorker.java:execute(569)) - 2dd4c896-9c60-4b8b-8195-5f3d0832371a-SegmentedRaftLogWorker:Storage Directory /workdir/hadoop-ozone/integration-test/target/test-dir/MiniOzoneClusterImpl-c74f0574-43a4-4fa8-97ed-eb665be36896/datanode-5/data/ratis/a69cfe5a-5c6e-4dad-86c7-f2052e92f9a0: created new log segment /workdir/hadoop-ozone/integration-test/target/test-dir/MiniOzoneClusterImpl-c74f0574-43a4-4fa8-97ed-eb665be36896/datanode-5/data/ratis/a69cfe5a-5c6e-4dad-86c7-f2052e92f9a0/current/log_inprogress_0
2019-08-20 14:51:55,653 INFO  client.GrpcClientProtocolClient (GrpcClientProtocolClient.java:onNext(255)) - client-B2E14307DBE0->dc9a7e16-d776-4cd5-ab59-1213f44c5fc5: receive RaftClientReply:client-B2E14307DBE0->dc9a7e16-d776-4cd5-ab59-1213f44c5fc5@group-AE7EDBEB28B3, cid=66, FAILED org.apache.ratis.protocol.NotLeaderException: Server dc9a7e16-d776-4cd5-ab59-1213f44c5fc5 is not the leader (null). Request must be sent to leader., logIndex=0, commits[dc9a7e16-d776-4cd5-ab59-1213f44c5fc5:c-1]
2019-08-20 14:51:56,665 INFO  client.GrpcClientProtocolClient (GrpcClientProtocolClient.java:onNext(255)) - client-B2E14307DBE0->973a9873-247c-4be8-a7a1-8a7292609846: receive RaftClientReply:client-B2E14307DBE0->973a9873-247c-4be8-a7a1-8a7292609846@group-AE7EDBEB28B3, cid=66, FAILED org.apache.ratis.protocol.NotLeaderException: Server 973a9873-247c-4be8-a7a1-8a7292609846 is not the leader (null). Request must be sent to leader., logIndex=0, commits[973a9873-247c-4be8-a7a1-8a7292609846:c-1]
2019-08-20 14:51:57,677 INFO  client.GrpcClientProtocolClient (GrpcClientProtocolClient.java:onNext(255)) - client-B2E14307DBE0->dc9a7e16-d776-4cd5-ab59-1213f44c5fc5: receive RaftClientReply:client-B2E14307DBE0->dc9a7e16-d776-4cd5-ab59-1213f44c5fc5@group-AE7EDBEB28B3, cid=66, FAILED org.apache.ratis.protocol.NotLeaderException: Server dc9a7e16-d776-4cd5-ab59-1213f44c5fc5 is not the leader (null). Request must be sent to leader., logIndex=0, commits[dc9a7e16-d776-4cd5-ab59-1213f44c5fc5:c-1]
2019-08-20 14:51:58,689 INFO  client.GrpcClientProtocolClient (GrpcClientProtocolClient.java:onNext(255)) - client-B2E14307DBE0->e8da62b6-b28b-4940-ab53-837f303f0ffe: receive RaftClientReply:client-B2E14307DBE0->e8da62b6-b28b-4940-ab53-837f303f0ffe@group-AE7EDBEB28B3, cid=66, FAILED org.apache.ratis.protocol.NotLeaderException: Server e8da62b6-b28b-4940-ab53-837f303f0ffe is not the leader (null). Request must be sent to leader., logIndex=0, commits[e8da62b6-b28b-4940-ab53-837f303f0ffe:c-1]
2019-08-20 14:51:59,699 INFO  client.GrpcClientProtocolClient (GrpcClientProtocolClient.java:onNext(255)) - client-B2E14307DBE0->973a9873-247c-4be8-a7a1-8a7292609846: receive RaftClientReply:client-B2E14307DBE0->973a9873-247c-4be8-a7a1-8a7292609846@group-AE7EDBEB28B3, cid=66, FAILED org.apache.ratis.protocol.NotLeaderException: Server 973a9873-247c-4be8-a7a1-8a7292609846 is not the leader (null). Request must be sent to leader., logIndex=0, commits[973a9873-247c-4be8-a7a1-8a7292609846:c-1]
2019-08-20 14:51:59,926 INFO  impl.FollowerState (FollowerState.java:run(106)) - e8da62b6-b28b-4940-ab53-837f303f0ffe:group-AE7EDBEB28B3 changes to CANDIDATE, lastRpcTime:5005, electionTimeout:5005ms
2019-08-20 14:51:59,926 INFO  impl.RoleInfo (RoleInfo.java:shutdownFollowerState(121)) - e8da62b6-b28b-4940-ab53-837f303f0ffe: shutdown FollowerState
2019-08-20 14:51:59,926 INFO  impl.RaftServerImpl (RaftServerImpl.java:setRole(171)) - e8da62b6-b28b-4940-ab53-837f303f0ffe:group-AE7EDBEB28B3 changes role from FOLLOWER to CANDIDATE at term 2 for changeToCandidate
2019-08-20 14:51:59,926 INFO  impl.RoleInfo (RoleInfo.java:updateAndGet(143)) - e8da62b6-b28b-4940-ab53-837f303f0ffe: start LeaderElection
2019-08-20 14:52:00,013 INFO  impl.FollowerState (FollowerState.java:run(106)) - 973a9873-247c-4be8-a7a1-8a7292609846:group-AE7EDBEB28B3 changes to CANDIDATE, lastRpcTime:5093, electionTimeout:5093ms
2019-08-20 14:52:00,013 INFO  impl.RoleInfo (RoleInfo.java:shutdownFollowerState(121)) - 973a9873-247c-4be8-a7a1-8a7292609846: shutdown FollowerState
2019-08-20 14:52:00,013 INFO  impl.RaftServerImpl (RaftServerImpl.java:setRole(171)) - 973a9873-247c-4be8-a7a1-8a7292609846:group-AE7EDBEB28B3 changes role from FOLLOWER to CANDIDATE at term 2 for changeToCandidate
2019-08-20 14:52:00,013 INFO  impl.RoleInfo (RoleInfo.java:updateAndGet(143)) - 973a9873-247c-4be8-a7a1-8a7292609846: start LeaderElection
2019-08-20 14:52:00,058 INFO  impl.FollowerState (FollowerState.java:run(106)) - dc9a7e16-d776-4cd5-ab59-1213f44c5fc5:group-AE7EDBEB28B3 changes to CANDIDATE, lastRpcTime:5137, electionTimeout:5137ms
2019-08-20 14:52:00,058 INFO  impl.RoleInfo (RoleInfo.java:shutdownFollowerState(121)) - dc9a7e16-d776-4cd5-ab59-1213f44c5fc5: shutdown FollowerState
2019-08-20 14:52:00,058 INFO  impl.RaftServerImpl (RaftServerImpl.java:setRole(171)) - dc9a7e16-d776-4cd5-ab59-1213f44c5fc5:group-AE7EDBEB28B3 changes role from FOLLOWER to CANDIDATE at term 2 for changeToCandidate
2019-08-20 14:52:00,058 INFO  impl.RoleInfo (RoleInfo.java:updateAndGet(143)) - dc9a7e16-d776-4cd5-ab59-1213f44c5fc5: start LeaderElection
2019-08-20 14:52:00,505 INFO  impl.LeaderElection (LeaderElection.java:askForVotes(181)) - 973a9873-247c-4be8-a7a1-8a7292609846:group-AE7EDBEB28B3:LeaderElection76: begin an election at term 3 for -1: [dc9a7e16-d776-4cd5-ab59-1213f44c5fc5:192.168.69.107:38424, e8da62b6-b28b-4940-ab53-837f303f0ffe:192.168.69.107:32984, 973a9873-247c-4be8-a7a1-8a7292609846:192.168.69.107:42441], old=null
2019-08-20 14:52:00,505 INFO  impl.LeaderElection (LeaderElection.java:askForVotes(181)) - e8da62b6-b28b-4940-ab53-837f303f0ffe:group-AE7EDBEB28B3:LeaderElection75: begin an election at term 3 for -1: [dc9a7e16-d776-4cd5-ab59-1213f44c5fc5:192.168.69.107:38424, e8da62b6-b28b-4940-ab53-837f303f0ffe:192.168.69.107:32984, 973a9873-247c-4be8-a7a1-8a7292609846:192.168.69.107:42441], old=null
2019-08-20 14:52:00,505 INFO  impl.LeaderElection (LeaderElection.java:askForVotes(181)) - dc9a7e16-d776-4cd5-ab59-1213f44c5fc5:group-AE7EDBEB28B3:LeaderElection77: begin an election at term 3 for -1: [dc9a7e16-d776-4cd5-ab59-1213f44c5fc5:192.168.69.107:38424, e8da62b6-b28b-4940-ab53-837f303f0ffe:192.168.69.107:32984, 973a9873-247c-4be8-a7a1-8a7292609846:192.168.69.107:42441], old=null
2019-08-20 14:52:00,509 INFO  impl.LeaderElection (LeaderElection.java:logAndReturn(56)) - 973a9873-247c-4be8-a7a1-8a7292609846:group-AE7EDBEB28B3:LeaderElection76: Election REJECTED; received 2 response(s) [973a9873-247c-4be8-a7a1-8a7292609846<-dc9a7e16-d776-4cd5-ab59-1213f44c5fc5#0:FAIL-t3, 973a9873-247c-4be8-a7a1-8a7292609846<-e8da62b6-b28b-4940-ab53-837f303f0ffe#0:FAIL-t3] and 0 exception(s); 973a9873-247c-4be8-a7a1-8a7292609846:t3, leader=null, voted=973a9873-247c-4be8-a7a1-8a7292609846, raftlog=973a9873-247c-4be8-a7a1-8a7292609846-SegmentedRaftLog:OPENED:c-1,f-1,i0, conf=-1: [dc9a7e16-d776-4cd5-ab59-1213f44c5fc5:192.168.69.107:38424, e8da62b6-b28b-4940-ab53-837f303f0ffe:192.168.69.107:32984, 973a9873-247c-4be8-a7a1-8a7292609846:192.168.69.107:42441], old=null
2019-08-20 14:52:00,509 INFO  impl.LeaderElection (LeaderElection.java:logAndReturn(56)) - dc9a7e16-d776-4cd5-ab59-1213f44c5fc5:group-AE7EDBEB28B3:LeaderElection77: Election REJECTED; received 2 response(s) [dc9a7e16-d776-4cd5-ab59-1213f44c5fc5<-e8da62b6-b28b-4940-ab53-837f303f0ffe#0:FAIL-t3, dc9a7e16-d776-4cd5-ab59-1213f44c5fc5<-973a9873-247c-4be8-a7a1-8a7292609846#0:FAIL-t3] and 0 exception(s); dc9a7e16-d776-4cd5-ab59-1213f44c5fc5:t3, leader=null, voted=dc9a7e16-d776-4cd5-ab59-1213f44c5fc5, raftlog=dc9a7e16-d776-4cd5-ab59-1213f44c5fc5-SegmentedRaftLog:OPENED:c-1,f-1,i0, conf=-1: [dc9a7e16-d776-4cd5-ab59-1213f44c5fc5:192.168.69.107:38424, e8da62b6-b28b-4940-ab53-837f303f0ffe:192.168.69.107:32984, 973a9873-247c-4be8-a7a1-8a7292609846:192.168.69.107:42441], old=null
2019-08-20 14:52:00,510 INFO  impl.LeaderElection (LeaderElection.java:logAndReturn(56)) - e8da62b6-b28b-4940-ab53-837f303f0ffe:group-AE7EDBEB28B3:LeaderElection75: Election REJECTED; received 2 response(s) [e8da62b6-b28b-4940-ab53-837f303f0ffe<-dc9a7e16-d776-4cd5-ab59-1213f44c5fc5#0:FAIL-t3, e8da62b6-b28b-4940-ab53-837f303f0ffe<-973a9873-247c-4be8-a7a1-8a7292609846#0:FAIL-t3] and 0 exception(s); e8da62b6-b28b-4940-ab53-837f303f0ffe:t3, leader=null, voted=e8da62b6-b28b-4940-ab53-837f303f0ffe, raftlog=e8da62b6-b28b-4940-ab53-837f303f0ffe-SegmentedRaftLog:OPENED:c-1,f-1,i0, conf=-1: [dc9a7e16-d776-4cd5-ab59-1213f44c5fc5:192.168.69.107:38424, e8da62b6-b28b-4940-ab53-837f303f0ffe:192.168.69.107:32984, 973a9873-247c-4be8-a7a1-8a7292609846:192.168.69.107:42441], old=null
2019-08-20 14:52:00,510 INFO  impl.RaftServerImpl (RaftServerImpl.java:setRole(171)) - 973a9873-247c-4be8-a7a1-8a7292609846:group-AE7EDBEB28B3 changes role from CANDIDATE to FOLLOWER at term 3 for DISCOVERED_A_NEW_TERM
2019-08-20 14:52:00,510 INFO  impl.RaftServerImpl (RaftServerImpl.java:setRole(171)) - e8da62b6-b28b-4940-ab53-837f303f0ffe:group-AE7EDBEB28B3 changes role from CANDIDATE to FOLLOWER at term 3 for DISCOVERED_A_NEW_TERM
2019-08-20 14:52:00,510 INFO  impl.RaftServerImpl (RaftServerImpl.java:setRole(171)) - dc9a7e16-d776-4cd5-ab59-1213f44c5fc5:group-AE7EDBEB28B3 changes role from CANDIDATE to FOLLOWER at term 3 for DISCOVERED_A_NEW_TERM
2019-08-20 14:52:00,510 INFO  impl.RoleInfo (RoleInfo.java:shutdownLeaderElection(134)) - e8da62b6-b28b-4940-ab53-837f303f0ffe: shutdown LeaderElection
2019-08-20 14:52:00,510 INFO  impl.RoleInfo (RoleInfo.java:shutdownLeaderElection(134)) - 973a9873-247c-4be8-a7a1-8a7292609846: shutdown LeaderElection
2019-08-20 14:52:00,510 INFO  impl.RoleInfo (RoleInfo.java:updateAndGet(143)) - e8da62b6-b28b-4940-ab53-837f303f0ffe: start FollowerState
2019-08-20 14:52:00,510 INFO  impl.RoleInfo (RoleInfo.java:shutdownLeaderElection(134)) - dc9a7e16-d776-4cd5-ab59-1213f44c5fc5: shutdown LeaderElection
2019-08-20 14:52:00,510 INFO  impl.RoleInfo (RoleInfo.java:updateAndGet(143)) - 973a9873-247c-4be8-a7a1-8a7292609846: start FollowerState
2019-08-20 14:52:00,511 INFO  impl.RoleInfo (RoleInfo.java:updateAndGet(143)) - dc9a7e16-d776-4cd5-ab59-1213f44c5fc5: start FollowerState
2019-08-20 14:52:00,710 INFO  client.GrpcClientProtocolClient (GrpcClientProtocolClient.java:onNext(255)) - client-B2E14307DBE0->dc9a7e16-d776-4cd5-ab59-1213f44c5fc5: receive RaftClientReply:client-B2E14307DBE0->dc9a7e16-d776-4cd5-ab59-1213f44c5fc5@group-AE7EDBEB28B3, cid=66, FAILED org.apache.ratis.protocol.NotLeaderException: Server dc9a7e16-d776-4cd5-ab59-1213f44c5fc5 is not the leader (null). Request must be sent to leader., logIndex=0, commits[dc9a7e16-d776-4cd5-ab59-1213f44c5fc5:c-1]
2019-08-20 14:52:01,719 INFO  client.GrpcClientProtocolClient (GrpcClientProtocolClient.java:onNext(255)) - client-B2E14307DBE0->e8da62b6-b28b-4940-ab53-837f303f0ffe: receive RaftClientReply:client-B2E14307DBE0->e8da62b6-b28b-4940-ab53-837f303f0ffe@group-AE7EDBEB28B3, cid=66, FAILED org.apache.ratis.protocol.NotLeaderException: Server e8da62b6-b28b-4940-ab53-837f303f0ffe is not the leader (null). Request must be sent to leader., logIndex=0, commits[e8da62b6-b28b-4940-ab53-837f303f0ffe:c-1]
]]></system-out>
    <system-err><![CDATA[Aug 20, 2019 2:51:35 PM com.sun.jersey.server.impl.application.WebApplicationImpl _initiate
INFO: Initiating Jersey application, version 'Jersey: 1.19 02/11/2015 03:25 AM'
Aug 20, 2019 2:51:36 PM com.sun.jersey.server.impl.application.WebApplicationImpl _initiate
INFO: Initiating Jersey application, version 'Jersey: 1.19 02/11/2015 03:25 AM'
Aug 20, 2019 2:51:36 PM com.sun.jersey.server.impl.application.WebApplicationImpl _initiate
INFO: Initiating Jersey application, version 'Jersey: 1.19 02/11/2015 03:25 AM'
Aug 20, 2019 2:51:36 PM com.sun.jersey.server.impl.application.WebApplicationImpl _initiate
INFO: Initiating Jersey application, version 'Jersey: 1.19 02/11/2015 03:25 AM'
Aug 20, 2019 2:51:36 PM com.sun.jersey.server.impl.application.WebApplicationImpl _initiate
INFO: Initiating Jersey application, version 'Jersey: 1.19 02/11/2015 03:25 AM'
Aug 20, 2019 2:51:36 PM com.sun.jersey.server.impl.application.WebApplicationImpl _initiate
INFO: Initiating Jersey application, version 'Jersey: 1.19 02/11/2015 03:25 AM'
Aug 20, 2019 2:51:37 PM com.sun.jersey.server.impl.application.WebApplicationImpl _initiate
INFO: Initiating Jersey application, version 'Jersey: 1.19 02/11/2015 03:25 AM'
]]></system-err>
  </testcase>
  <testcase name="testWatchForCommitForGroupMismatchException" classname="org.apache.hadoop.ozone.client.rpc.TestWatchForCommit" time="40.962"/>
  <testcase name="test2WayCommitForTimeoutException" classname="org.apache.hadoop.ozone.client.rpc.TestWatchForCommit" time="51.756"/>
</testsuite>