<?xml version="1.0" encoding="UTF-8"?>
<testsuite xmlns:xsi="http://www.w3.org/2001/XMLSchema-instance" xsi:noNamespaceSchemaLocation="https://maven.apache.org/surefire/maven-surefire-plugin/xsd/surefire-test-report.xsd" name="org.apache.hadoop.ozone.client.rpc.TestMultiBlockWritesWithDnFailures" time="47.79" tests="1" errors="1" skipped="0" failures="0">
  <properties>
    <property name="awt.toolkit" value="sun.awt.X11.XToolkit"/>
    <property name="file.encoding.pkg" value="sun.io"/>
    <property name="java.specification.version" value="1.8"/>
    <property name="sun.cpu.isalist" value=""/>
    <property name="sun.jnu.encoding" value="UTF-8"/>
    <property name="java.class.path" value="/workdir/hadoop-ozone/integration-test/target/test-classes:/workdir/hadoop-ozone/integration-test/target/classes:/home/user/.m2/repository/org/apache/hadoop/hadoop-ozone-common/0.5.0-SNAPSHOT/hadoop-ozone-common-0.5.0-SNAPSHOT.jar:/home/user/.m2/repository/org/apache/commons/commons-compress/1.4.1/commons-compress-1.4.1.jar:/home/user/.m2/repository/org/tukaani/xz/1.0/xz-1.0.jar:/home/user/.m2/repository/org/apache/hadoop/hadoop-common/3.2.0/hadoop-common-3.2.0.jar:/home/user/.m2/repository/org/apache/hadoop/hadoop-hdfs/3.2.0/hadoop-hdfs-3.2.0.jar:/home/user/.m2/repository/org/apache/hadoop/hadoop-hdfs-client/3.2.0/hadoop-hdfs-client-3.2.0.jar:/home/user/.m2/repository/com/fasterxml/jackson/core/jackson-annotations/2.9.5/jackson-annotations-2.9.5.jar:/home/user/.m2/repository/org/apache/hadoop/hadoop-hdds-common/0.5.0-SNAPSHOT/hadoop-hdds-common-0.5.0-SNAPSHOT.jar:/home/user/.m2/repository/javax/annotation/javax.annotation-api/1.2/javax.annotation-api-1.2.jar:/home/user/.m2/repository/org/apache/ratis/ratis-server/0.4.0-2337318-SNAPSHOT/ratis-server-0.4.0-2337318-SNAPSHOT.jar:/home/user/.m2/repository/org/apache/ratis/ratis-thirdparty-misc/0.2.0/ratis-thirdparty-misc-0.2.0.jar:/home/user/.m2/repository/org/apache/ratis/ratis-proto/0.4.0-2337318-SNAPSHOT/ratis-proto-0.4.0-2337318-SNAPSHOT.jar:/home/user/.m2/repository/org/apache/ratis/ratis-common/0.4.0-2337318-SNAPSHOT/ratis-common-0.4.0-2337318-SNAPSHOT.jar:/home/user/.m2/repository/org/apache/ratis/ratis-client/0.4.0-2337318-SNAPSHOT/ratis-client-0.4.0-2337318-SNAPSHOT.jar:/home/user/.m2/repository/org/apache/ratis/ratis-metrics/0.4.0-2337318-SNAPSHOT/ratis-metrics-0.4.0-2337318-SNAPSHOT.jar:/home/user/.m2/repository/org/apache/ratis/ratis-netty/0.4.0-2337318-SNAPSHOT/ratis-netty-0.4.0-2337318-SNAPSHOT.jar:/home/user/.m2/repository/org/apache/ratis/ratis-grpc/0.4.0-2337318-SNAPSHOT/ratis-grpc-0.4.0-2337318-SNAPSHOT.jar:/home/user/.m2/repository/org/rocksdb/rocksdbjni/6.0.1/rocksdbjni-6.0.1.jar:/home/user/.m2/repository/org/apache/logging/log4j/log4j-api/2.11.0/log4j-api-2.11.0.jar:/home/user/.m2/repository/org/apache/logging/log4j/log4j-core/2.11.0/log4j-core-2.11.0.jar:/home/user/.m2/repository/com/lmax/disruptor/3.4.2/disruptor-3.4.2.jar:/home/user/.m2/repository/org/apache/commons/commons-pool2/2.6.0/commons-pool2-2.6.0.jar:/home/user/.m2/repository/org/bouncycastle/bcpkix-jdk15on/1.60/bcpkix-jdk15on-1.60.jar:/home/user/.m2/repository/commons-validator/commons-validator/1.6/commons-validator-1.6.jar:/home/user/.m2/repository/commons-digester/commons-digester/1.8.1/commons-digester-1.8.1.jar:/home/user/.m2/repository/io/jaegertracing/jaeger-client/0.33.1/jaeger-client-0.33.1.jar:/home/user/.m2/repository/io/jaegertracing/jaeger-thrift/0.33.1/jaeger-thrift-0.33.1.jar:/home/user/.m2/repository/org/apache/thrift/libthrift/0.11.0/libthrift-0.11.0.jar:/home/user/.m2/repository/com/squareup/okhttp3/okhttp/3.9.0/okhttp-3.9.0.jar:/home/user/.m2/repository/com/squareup/okio/okio/1.13.0/okio-1.13.0.jar:/home/user/.m2/repository/io/jaegertracing/jaeger-core/0.33.1/jaeger-core-0.33.1.jar:/home/user/.m2/repository/io/jaegertracing/jaeger-tracerresolver/0.33.1/jaeger-tracerresolver-0.33.1.jar:/home/user/.m2/repository/io/opentracing/contrib/opentracing-tracerresolver/0.1.5/opentracing-tracerresolver-0.1.5.jar:/home/user/.m2/repository/io/opentracing/opentracing-util/0.31.0/opentracing-util-0.31.0.jar:/home/user/.m2/repository/io/opentracing/opentracing-api/0.31.0/opentracing-api-0.31.0.jar:/home/user/.m2/repository/io/opentracing/opentracing-noop/0.31.0/opentracing-noop-0.31.0.jar:/home/user/.m2/repository/org/apache/hadoop/hadoop-hdds-server-framework/0.5.0-SNAPSHOT/hadoop-hdds-server-framework-0.5.0-SNAPSHOT.jar:/home/user/.m2/repository/org/apache/hadoop/hadoop-hdds-container-service/0.5.0-SNAPSHOT/hadoop-hdds-container-service-0.5.0-SNAPSHOT.jar:/home/user/.m2/repository/org/apache/hadoop/hadoop-hdds-client/0.5.0-SNAPSHOT/hadoop-hdds-client-0.5.0-SNAPSHOT.jar:/home/user/.m2/repository/org/apache/hadoop/hadoop-hdds-tools/0.5.0-SNAPSHOT/hadoop-hdds-tools-0.5.0-SNAPSHOT.jar:/home/user/.m2/repository/org/apache/hadoop/hadoop-hdds-server-scm/0.5.0-SNAPSHOT/hadoop-hdds-server-scm-0.5.0-SNAPSHOT.jar:/home/user/.m2/repository/org/apache/hadoop/hadoop-hdds-docs/0.5.0-SNAPSHOT/hadoop-hdds-docs-0.5.0-SNAPSHOT.jar:/home/user/.m2/repository/io/dropwizard/metrics/metrics-core/3.2.4/metrics-core-3.2.4.jar:/home/user/.m2/repository/org/hamcrest/hamcrest-all/1.3/hamcrest-all-1.3.jar:/home/user/.m2/repository/org/bouncycastle/bcprov-jdk15on/1.60/bcprov-jdk15on-1.60.jar:/home/user/.m2/repository/info/picocli/picocli/3.9.6/picocli-3.9.6.jar:/home/user/.m2/repository/com/google/protobuf/protobuf-java/2.5.0/protobuf-java-2.5.0.jar:/home/user/.m2/repository/com/google/guava/guava/11.0.2/guava-11.0.2.jar:/home/user/.m2/repository/org/apache/hadoop/hadoop-ozone-ozone-manager/0.5.0-SNAPSHOT/hadoop-ozone-ozone-manager-0.5.0-SNAPSHOT.jar:/home/user/.m2/repository/org/apache/hadoop/hadoop-minikdc/3.2.0/hadoop-minikdc-3.2.0.jar:/home/user/.m2/repository/commons-io/commons-io/2.5/commons-io-2.5.jar:/home/user/.m2/repository/org/apache/kerby/kerb-simplekdc/1.0.1/kerb-simplekdc-1.0.1.jar:/home/user/.m2/repository/org/apache/kerby/kerb-client/1.0.1/kerb-client-1.0.1.jar:/home/user/.m2/repository/org/apache/kerby/kerby-config/1.0.1/kerby-config-1.0.1.jar:/home/user/.m2/repository/org/apache/kerby/kerb-core/1.0.1/kerb-core-1.0.1.jar:/home/user/.m2/repository/org/apache/kerby/kerby-pkix/1.0.1/kerby-pkix-1.0.1.jar:/home/user/.m2/repository/org/apache/kerby/kerby-asn1/1.0.1/kerby-asn1-1.0.1.jar:/home/user/.m2/repository/org/apache/kerby/kerby-util/1.0.1/kerby-util-1.0.1.jar:/home/user/.m2/repository/org/apache/kerby/kerb-common/1.0.1/kerb-common-1.0.1.jar:/home/user/.m2/repository/org/apache/kerby/kerb-crypto/1.0.1/kerb-crypto-1.0.1.jar:/home/user/.m2/repository/org/apache/kerby/kerb-util/1.0.1/kerb-util-1.0.1.jar:/home/user/.m2/repository/org/apache/kerby/token-provider/1.0.1/token-provider-1.0.1.jar:/home/user/.m2/repository/org/apache/kerby/kerb-admin/1.0.1/kerb-admin-1.0.1.jar:/home/user/.m2/repository/org/apache/kerby/kerb-server/1.0.1/kerb-server-1.0.1.jar:/home/user/.m2/repository/org/apache/kerby/kerb-identity/1.0.1/kerb-identity-1.0.1.jar:/home/user/.m2/repository/org/apache/kerby/kerby-xdr/1.0.1/kerby-xdr-1.0.1.jar:/home/user/.m2/repository/org/slf4j/slf4j-log4j12/1.7.25/slf4j-log4j12-1.7.25.jar:/home/user/.m2/repository/org/apache/hadoop/hadoop-ozone-objectstore-service/0.5.0-SNAPSHOT/hadoop-ozone-objectstore-service-0.5.0-SNAPSHOT.jar:/home/user/.m2/repository/org/apache/hadoop/hadoop-ozone-s3gateway/0.5.0-SNAPSHOT/hadoop-ozone-s3gateway-0.5.0-SNAPSHOT.jar:/home/user/.m2/repository/org/jboss/weld/servlet/weld-servlet/2.4.7.Final/weld-servlet-2.4.7.Final.jar:/home/user/.m2/repository/org/glassfish/jersey/containers/jersey-container-servlet-core/2.27/jersey-container-servlet-core-2.27.jar:/home/user/.m2/repository/org/glassfish/hk2/external/javax.inject/2.5.0-b42/javax.inject-2.5.0-b42.jar:/home/user/.m2/repository/org/glassfish/jersey/core/jersey-common/2.27/jersey-common-2.27.jar:/home/user/.m2/repository/org/glassfish/hk2/osgi-resource-locator/1.0.1/osgi-resource-locator-1.0.1.jar:/home/user/.m2/repository/javax/ws/rs/javax.ws.rs-api/2.1/javax.ws.rs-api-2.1.jar:/home/user/.m2/repository/org/glassfish/jersey/ext/cdi/jersey-cdi1x/2.27/jersey-cdi1x-2.27.jar:/home/user/.m2/repository/org/glassfish/jersey/inject/jersey-hk2/2.27/jersey-hk2-2.27.jar:/home/user/.m2/repository/org/glassfish/hk2/hk2-locator/2.5.0-b42/hk2-locator-2.5.0-b42.jar:/home/user/.m2/repository/org/javassist/javassist/3.22.0-CR2/javassist-3.22.0-CR2.jar:/home/user/.m2/repository/org/glassfish/hk2/hk2-api/2.5.0/hk2-api-2.5.0.jar:/home/user/.m2/repository/org/glassfish/hk2/external/jakarta.inject/2.5.0/jakarta.inject-2.5.0.jar:/home/user/.m2/repository/org/glassfish/hk2/hk2-utils/2.5.0/hk2-utils-2.5.0.jar:/home/user/.m2/repository/jakarta/annotation/jakarta.annotation-api/1.3.4/jakarta.annotation-api-1.3.4.jar:/home/user/.m2/repository/org/glassfish/hk2/external/aopalliance-repackaged/2.5.0/aopalliance-repackaged-2.5.0.jar:/home/user/.m2/repository/com/fasterxml/jackson/dataformat/jackson-dataformat-xml/2.9.0/jackson-dataformat-xml-2.9.0.jar:/home/user/.m2/repository/com/fasterxml/jackson/core/jackson-core/2.9.5/jackson-core-2.9.5.jar:/home/user/.m2/repository/com/fasterxml/jackson/module/jackson-module-jaxb-annotations/2.9.5/jackson-module-jaxb-annotations-2.9.5.jar:/home/user/.m2/repository/javax/enterprise/cdi-api/1.2/cdi-api-1.2.jar:/home/user/.m2/repository/javax/el/javax.el-api/3.0.0/javax.el-api-3.0.0.jar:/home/user/.m2/repository/javax/interceptor/javax.interceptor-api/1.2/javax.interceptor-api-1.2.jar:/home/user/.m2/repository/javax/inject/javax.inject/1/javax.inject-1.jar:/home/user/.m2/repository/com/sun/xml/bind/jaxb-impl/2.3.0.1/jaxb-impl-2.3.0.1.jar:/home/user/.m2/repository/com/sun/xml/bind/jaxb-core/2.3.0.1/jaxb-core-2.3.0.1.jar:/home/user/.m2/repository/javax/xml/bind/jaxb-api/2.3.0/jaxb-api-2.3.0.jar:/home/user/.m2/repository/javax/activation/activation/1.1.1/activation-1.1.1.jar:/home/user/.m2/repository/org/apache/hadoop/hadoop-ozone-csi/0.5.0-SNAPSHOT/hadoop-ozone-csi-0.5.0-SNAPSHOT.jar:/home/user/.m2/repository/com/google/protobuf/protobuf-java-util/3.5.1/protobuf-java-util-3.5.1.jar:/home/user/.m2/repository/org/apache/hadoop/hadoop-hdds-config/0.5.0-SNAPSHOT/hadoop-hdds-config-0.5.0-SNAPSHOT.jar:/home/user/.m2/repository/io/grpc/grpc-netty/1.17.1/grpc-netty-1.17.1.jar:/home/user/.m2/repository/io/grpc/grpc-core/1.17.1/grpc-core-1.17.1.jar:/home/user/.m2/repository/io/grpc/grpc-context/1.17.1/grpc-context-1.17.1.jar:/home/user/.m2/repository/com/google/errorprone/error_prone_annotations/2.2.0/error_prone_annotations-2.2.0.jar:/home/user/.m2/repository/org/codehaus/mojo/animal-sniffer-annotations/1.17/animal-sniffer-annotations-1.17.jar:/home/user/.m2/repository/io/opencensus/opencensus-api/0.17.0/opencensus-api-0.17.0.jar:/home/user/.m2/repository/io/opencensus/opencensus-contrib-grpc-metrics/0.17.0/opencensus-contrib-grpc-metrics-0.17.0.jar:/home/user/.m2/repository/io/netty/netty-codec-http2/4.1.30.Final/netty-codec-http2-4.1.30.Final.jar:/home/user/.m2/repository/io/netty/netty-codec-http/4.1.30.Final/netty-codec-http-4.1.30.Final.jar:/home/user/.m2/repository/io/netty/netty-codec/4.1.30.Final/netty-codec-4.1.30.Final.jar:/home/user/.m2/repository/io/netty/netty-handler/4.1.30.Final/netty-handler-4.1.30.Final.jar:/home/user/.m2/repository/io/netty/netty-handler-proxy/4.1.30.Final/netty-handler-proxy-4.1.30.Final.jar:/home/user/.m2/repository/io/netty/netty-codec-socks/4.1.30.Final/netty-codec-socks-4.1.30.Final.jar:/home/user/.m2/repository/io/netty/netty-transport-native-epoll/4.1.30.Final/netty-transport-native-epoll-4.1.30.Final.jar:/home/user/.m2/repository/io/netty/netty-common/4.1.30.Final/netty-common-4.1.30.Final.jar:/home/user/.m2/repository/io/netty/netty-buffer/4.1.30.Final/netty-buffer-4.1.30.Final.jar:/home/user/.m2/repository/io/netty/netty-transport/4.1.30.Final/netty-transport-4.1.30.Final.jar:/home/user/.m2/repository/io/netty/netty-resolver/4.1.30.Final/netty-resolver-4.1.30.Final.jar:/home/user/.m2/repository/io/netty/netty-transport-native-unix-common/4.1.30.Final/netty-transport-native-unix-common-4.1.30.Final.jar:/home/user/.m2/repository/io/grpc/grpc-protobuf/1.17.1/grpc-protobuf-1.17.1.jar:/home/user/.m2/repository/com/google/api/grpc/proto-google-common-protos/1.0.0/proto-google-common-protos-1.0.0.jar:/home/user/.m2/repository/io/grpc/grpc-protobuf-lite/1.17.1/grpc-protobuf-lite-1.17.1.jar:/home/user/.m2/repository/io/grpc/grpc-stub/1.17.1/grpc-stub-1.17.1.jar:/home/user/.m2/repository/org/apache/hadoop/hadoop-ozone-recon/0.5.0-SNAPSHOT/hadoop-ozone-recon-0.5.0-SNAPSHOT.jar:/home/user/.m2/repository/org/apache/hadoop/hadoop-ozone-reconcodegen/0.5.0-SNAPSHOT/hadoop-ozone-reconcodegen-0.5.0-SNAPSHOT.jar:/home/user/.m2/repository/com/google/inject/extensions/guice-multibindings/4.0/guice-multibindings-4.0.jar:/home/user/.m2/repository/com/google/inject/guice/4.0/guice-4.0.jar:/home/user/.m2/repository/aopalliance/aopalliance/1.0/aopalliance-1.0.jar:/home/user/.m2/repository/com/google/inject/extensions/guice-servlet/4.0/guice-servlet-4.0.jar:/home/user/.m2/repository/org/glassfish/jersey/containers/jersey-container-servlet/2.27/jersey-container-servlet-2.27.jar:/home/user/.m2/repository/org/glassfish/hk2/guice-bridge/2.5.0/guice-bridge-2.5.0.jar:/home/user/.m2/repository/org/glassfish/jersey/core/jersey-server/2.27/jersey-server-2.27.jar:/home/user/.m2/repository/org/glassfish/jersey/core/jersey-client/2.27/jersey-client-2.27.jar:/home/user/.m2/repository/org/glassfish/jersey/media/jersey-media-jaxb/2.27/jersey-media-jaxb-2.27.jar:/home/user/.m2/repository/javax/validation/validation-api/1.1.0.Final/validation-api-1.1.0.Final.jar:/home/user/.m2/repository/org/glassfish/jersey/media/jersey-media-json-jackson/2.27/jersey-media-json-jackson-2.27.jar:/home/user/.m2/repository/org/glassfish/jersey/ext/jersey-entity-filtering/2.27/jersey-entity-filtering-2.27.jar:/home/user/.m2/repository/com/google/inject/extensions/guice-assistedinject/4.0/guice-assistedinject-4.0.jar:/home/user/.m2/repository/org/jooq/jooq/3.11.10/jooq-3.11.10.jar:/home/user/.m2/repository/org/jooq/jooq-meta/3.11.10/jooq-meta-3.11.10.jar:/home/user/.m2/repository/org/jooq/jooq-codegen/3.11.10/jooq-codegen-3.11.10.jar:/home/user/.m2/repository/com/jolbox/bonecp/0.8.0.RELEASE/bonecp-0.8.0.RELEASE.jar:/home/user/.m2/repository/org/xerial/sqlite-jdbc/3.25.2/sqlite-jdbc-3.25.2.jar:/home/user/.m2/repository/org/springframework/spring-jdbc/5.1.3.RELEASE/spring-jdbc-5.1.3.RELEASE.jar:/home/user/.m2/repository/org/springframework/spring-beans/5.1.3.RELEASE/spring-beans-5.1.3.RELEASE.jar:/home/user/.m2/repository/org/springframework/spring-core/5.1.3.RELEASE/spring-core-5.1.3.RELEASE.jar:/home/user/.m2/repository/org/springframework/spring-jcl/5.1.3.RELEASE/spring-jcl-5.1.3.RELEASE.jar:/home/user/.m2/repository/org/springframework/spring-tx/5.1.3.RELEASE/spring-tx-5.1.3.RELEASE.jar:/home/user/.m2/repository/org/apache/hadoop/hadoop-ozone-client/0.5.0-SNAPSHOT/hadoop-ozone-client-0.5.0-SNAPSHOT.jar:/home/user/.m2/repository/commons-lang/commons-lang/2.6/commons-lang-2.6.jar:/home/user/.m2/repository/org/apache/hadoop/hadoop-ozone-ozone-manager/0.5.0-SNAPSHOT/hadoop-ozone-ozone-manager-0.5.0-SNAPSHOT-tests.jar:/home/user/.m2/repository/junit/junit/4.11/junit-4.11.jar:/home/user/.m2/repository/org/hamcrest/hamcrest-core/1.3/hamcrest-core-1.3.jar:/home/user/.m2/repository/org/openjdk/jmh/jmh-core/1.19/jmh-core-1.19.jar:/home/user/.m2/repository/net/sf/jopt-simple/jopt-simple/4.6/jopt-simple-4.6.jar:/home/user/.m2/repository/org/apache/commons/commons-math3/3.1.1/commons-math3-3.1.1.jar:/home/user/.m2/repository/org/openjdk/jmh/jmh-generator-annprocess/1.19/jmh-generator-annprocess-1.19.jar:/home/user/.m2/repository/org/mockito/mockito-all/1.8.5/mockito-all-1.8.5.jar:/home/user/.m2/repository/org/apache/hadoop/hadoop-kms/3.2.0/hadoop-kms-3.2.0.jar:/home/user/.m2/repository/org/apache/hadoop/hadoop-auth/3.2.0/hadoop-auth-3.2.0.jar:/home/user/.m2/repository/com/nimbusds/nimbus-jose-jwt/4.41.1/nimbus-jose-jwt-4.41.1.jar:/home/user/.m2/repository/com/github/stephenc/jcip/jcip-annotations/1.0-1/jcip-annotations-1.0-1.jar:/home/user/.m2/repository/net/minidev/json-smart/2.3/json-smart-2.3.jar:/home/user/.m2/repository/net/minidev/accessors-smart/1.2/accessors-smart-1.2.jar:/home/user/.m2/repository/org/ow2/asm/asm/5.0.4/asm-5.0.4.jar:/home/user/.m2/repository/org/apache/curator/curator-framework/2.12.0/curator-framework-2.12.0.jar:/home/user/.m2/repository/com/sun/jersey/jersey-core/1.19/jersey-core-1.19.jar:/home/user/.m2/repository/javax/ws/rs/jsr311-api/1.1.1/jsr311-api-1.1.1.jar:/home/user/.m2/repository/com/sun/jersey/jersey-server/1.19/jersey-server-1.19.jar:/home/user/.m2/repository/javax/servlet/javax.servlet-api/3.1.0/javax.servlet-api-3.1.0.jar:/home/user/.m2/repository/org/eclipse/jetty/jetty-server/9.3.24.v20180605/jetty-server-9.3.24.v20180605.jar:/home/user/.m2/repository/org/eclipse/jetty/jetty-http/9.3.24.v20180605/jetty-http-9.3.24.v20180605.jar:/home/user/.m2/repository/org/eclipse/jetty/jetty-io/9.3.24.v20180605/jetty-io-9.3.24.v20180605.jar:/home/user/.m2/repository/org/eclipse/jetty/jetty-webapp/9.3.24.v20180605/jetty-webapp-9.3.24.v20180605.jar:/home/user/.m2/repository/org/eclipse/jetty/jetty-xml/9.3.24.v20180605/jetty-xml-9.3.24.v20180605.jar:/home/user/.m2/repository/log4j/log4j/1.2.17/log4j-1.2.17.jar:/home/user/.m2/repository/org/slf4j/slf4j-api/1.7.25/slf4j-api-1.7.25.jar:/home/user/.m2/repository/org/slf4j/jul-to-slf4j/1.7.25/jul-to-slf4j-1.7.25.jar:/home/user/.m2/repository/org/eclipse/jetty/jetty-util/9.3.24.v20180605/jetty-util-9.3.24.v20180605.jar:/home/user/.m2/repository/com/fasterxml/jackson/core/jackson-databind/2.9.5/jackson-databind-2.9.5.jar:/home/user/.m2/repository/org/apache/hadoop/hadoop-kms/3.2.0/hadoop-kms-3.2.0-tests.jar:/home/user/.m2/repository/org/apache/hadoop/hadoop-hdds-server-scm/0.5.0-SNAPSHOT/hadoop-hdds-server-scm-0.5.0-SNAPSHOT-tests.jar:/home/user/.m2/repository/org/apache/hadoop/hadoop-hdds-container-service/0.5.0-SNAPSHOT/hadoop-hdds-container-service-0.5.0-SNAPSHOT-tests.jar:/home/user/.m2/repository/org/yaml/snakeyaml/1.16/snakeyaml-1.16.jar:/home/user/.m2/repository/org/apache/hadoop/hadoop-common/3.2.0/hadoop-common-3.2.0-tests.jar:/home/user/.m2/repository/org/apache/hadoop/hadoop-annotations/3.2.0/hadoop-annotations-3.2.0.jar:/usr/lib/jvm/java-1.8-openjdk/jre/../lib/tools.jar:/home/user/.m2/repository/commons-cli/commons-cli/1.2/commons-cli-1.2.jar:/home/user/.m2/repository/org/apache/httpcomponents/httpclient/4.5.2/httpclient-4.5.2.jar:/home/user/.m2/repository/org/apache/httpcomponents/httpcore/4.4.4/httpcore-4.4.4.jar:/home/user/.m2/repository/commons-codec/commons-codec/1.11/commons-codec-1.11.jar:/home/user/.m2/repository/commons-net/commons-net/3.6/commons-net-3.6.jar:/home/user/.m2/repository/commons-collections/commons-collections/3.2.2/commons-collections-3.2.2.jar:/home/user/.m2/repository/org/eclipse/jetty/jetty-servlet/9.3.24.v20180605/jetty-servlet-9.3.24.v20180605.jar:/home/user/.m2/repository/org/eclipse/jetty/jetty-security/9.3.24.v20180605/jetty-security-9.3.24.v20180605.jar:/home/user/.m2/repository/javax/servlet/jsp/jsp-api/2.1/jsp-api-2.1.jar:/home/user/.m2/repository/com/sun/jersey/jersey-servlet/1.19/jersey-servlet-1.19.jar:/home/user/.m2/repository/com/sun/jersey/jersey-json/1.19/jersey-json-1.19.jar:/home/user/.m2/repository/org/codehaus/jettison/jettison/1.1/jettison-1.1.jar:/home/user/.m2/repository/org/codehaus/jackson/jackson-core-asl/1.9.13/jackson-core-asl-1.9.13.jar:/home/user/.m2/repository/org/codehaus/jackson/jackson-mapper-asl/1.9.13/jackson-mapper-asl-1.9.13.jar:/home/user/.m2/repository/org/codehaus/jackson/jackson-jaxrs/1.9.13/jackson-jaxrs-1.9.13.jar:/home/user/.m2/repository/org/codehaus/jackson/jackson-xc/1.9.13/jackson-xc-1.9.13.jar:/home/user/.m2/repository/commons-logging/commons-logging/1.1.3/commons-logging-1.1.3.jar:/home/user/.m2/repository/commons-beanutils/commons-beanutils/1.9.3/commons-beanutils-1.9.3.jar:/home/user/.m2/repository/org/apache/commons/commons-configuration2/2.1.1/commons-configuration2-2.1.1.jar:/home/user/.m2/repository/org/apache/commons/commons-lang3/3.7/commons-lang3-3.7.jar:/home/user/.m2/repository/org/apache/commons/commons-text/1.4/commons-text-1.4.jar:/home/user/.m2/repository/org/apache/avro/avro/1.7.7/avro-1.7.7.jar:/home/user/.m2/repository/com/thoughtworks/paranamer/paranamer/2.3/paranamer-2.3.jar:/home/user/.m2/repository/org/xerial/snappy/snappy-java/1.0.5/snappy-java-1.0.5.jar:/home/user/.m2/repository/com/google/re2j/re2j/1.1/re2j-1.1.jar:/home/user/.m2/repository/com/google/code/gson/gson/2.2.4/gson-2.2.4.jar:/home/user/.m2/repository/com/jcraft/jsch/0.1.54/jsch-0.1.54.jar:/home/user/.m2/repository/org/apache/curator/curator-client/2.12.0/curator-client-2.12.0.jar:/home/user/.m2/repository/org/apache/curator/curator-recipes/2.12.0/curator-recipes-2.12.0.jar:/home/user/.m2/repository/com/google/code/findbugs/jsr305/3.0.0/jsr305-3.0.0.jar:/home/user/.m2/repository/org/apache/htrace/htrace-core4/4.1.0-incubating/htrace-core4-4.1.0-incubating.jar:/home/user/.m2/repository/org/apache/zookeeper/zookeeper/3.4.13/zookeeper-3.4.13.jar:/home/user/.m2/repository/org/apache/yetus/audience-annotations/0.5.0/audience-annotations-0.5.0.jar:/home/user/.m2/repository/org/codehaus/woodstox/stax2-api/3.1.4/stax2-api-3.1.4.jar:/home/user/.m2/repository/com/fasterxml/woodstox/woodstox-core/5.0.3/woodstox-core-5.0.3.jar:/home/user/.m2/repository/dnsjava/dnsjava/2.1.7/dnsjava-2.1.7.jar:/home/user/.m2/repository/org/apache/hadoop/hadoop-hdfs/3.2.0/hadoop-hdfs-3.2.0-tests.jar:/home/user/.m2/repository/org/eclipse/jetty/jetty-util-ajax/9.3.24.v20180605/jetty-util-ajax-9.3.24.v20180605.jar:/home/user/.m2/repository/commons-daemon/commons-daemon/1.0.13/commons-daemon-1.0.13.jar:/home/user/.m2/repository/io/netty/netty/3.10.5.Final/netty-3.10.5.Final.jar:/home/user/.m2/repository/io/netty/netty-all/4.0.52.Final/netty-all-4.0.52.Final.jar:/home/user/.m2/repository/org/fusesource/leveldbjni/leveldbjni-all/1.8/leveldbjni-all-1.8.jar:"/>
    <property name="java.vm.vendor" value="IcedTea"/>
    <property name="sun.arch.data.model" value="64"/>
    <property name="test.build.dir" value="/workdir/hadoop-ozone/integration-test/target/test-dir"/>
    <property name="test.cache.data" value=""/>
    <property name="java.vendor.url" value="https://icedtea.classpath.org"/>
    <property name="user.timezone" value=""/>
    <property name="java.vm.specification.version" value="1.8"/>
    <property name="os.name" value="Linux"/>
    <property name="test.build.data" value="/workdir/hadoop-ozone/integration-test/target/test-dir"/>
    <property name="user.country" value="US"/>
    <property name="sun.java.launcher" value="SUN_STANDARD"/>
    <property name="sun.boot.library.path" value="/usr/lib/jvm/java-1.8-openjdk/jre/lib/amd64"/>
    <property name="sun.java.command" value="/workdir/hadoop-ozone/integration-test/target/surefire/surefirebooter6932631678755489451.jar /workdir/hadoop-ozone/integration-test/target/surefire 2019-08-20T14-25-26_043-jvmRun1 surefire3230178697846004211tmp surefire_276954683584258889380tmp"/>
    <property name="surefire.test.class.path" value="/workdir/hadoop-ozone/integration-test/target/test-classes:/workdir/hadoop-ozone/integration-test/target/classes:/home/user/.m2/repository/org/apache/hadoop/hadoop-ozone-common/0.5.0-SNAPSHOT/hadoop-ozone-common-0.5.0-SNAPSHOT.jar:/home/user/.m2/repository/org/apache/commons/commons-compress/1.4.1/commons-compress-1.4.1.jar:/home/user/.m2/repository/org/tukaani/xz/1.0/xz-1.0.jar:/home/user/.m2/repository/org/apache/hadoop/hadoop-common/3.2.0/hadoop-common-3.2.0.jar:/home/user/.m2/repository/org/apache/hadoop/hadoop-hdfs/3.2.0/hadoop-hdfs-3.2.0.jar:/home/user/.m2/repository/org/apache/hadoop/hadoop-hdfs-client/3.2.0/hadoop-hdfs-client-3.2.0.jar:/home/user/.m2/repository/com/fasterxml/jackson/core/jackson-annotations/2.9.5/jackson-annotations-2.9.5.jar:/home/user/.m2/repository/org/apache/hadoop/hadoop-hdds-common/0.5.0-SNAPSHOT/hadoop-hdds-common-0.5.0-SNAPSHOT.jar:/home/user/.m2/repository/javax/annotation/javax.annotation-api/1.2/javax.annotation-api-1.2.jar:/home/user/.m2/repository/org/apache/ratis/ratis-server/0.4.0-2337318-SNAPSHOT/ratis-server-0.4.0-2337318-SNAPSHOT.jar:/home/user/.m2/repository/org/apache/ratis/ratis-thirdparty-misc/0.2.0/ratis-thirdparty-misc-0.2.0.jar:/home/user/.m2/repository/org/apache/ratis/ratis-proto/0.4.0-2337318-SNAPSHOT/ratis-proto-0.4.0-2337318-SNAPSHOT.jar:/home/user/.m2/repository/org/apache/ratis/ratis-common/0.4.0-2337318-SNAPSHOT/ratis-common-0.4.0-2337318-SNAPSHOT.jar:/home/user/.m2/repository/org/apache/ratis/ratis-client/0.4.0-2337318-SNAPSHOT/ratis-client-0.4.0-2337318-SNAPSHOT.jar:/home/user/.m2/repository/org/apache/ratis/ratis-metrics/0.4.0-2337318-SNAPSHOT/ratis-metrics-0.4.0-2337318-SNAPSHOT.jar:/home/user/.m2/repository/org/apache/ratis/ratis-netty/0.4.0-2337318-SNAPSHOT/ratis-netty-0.4.0-2337318-SNAPSHOT.jar:/home/user/.m2/repository/org/apache/ratis/ratis-grpc/0.4.0-2337318-SNAPSHOT/ratis-grpc-0.4.0-2337318-SNAPSHOT.jar:/home/user/.m2/repository/org/rocksdb/rocksdbjni/6.0.1/rocksdbjni-6.0.1.jar:/home/user/.m2/repository/org/apache/logging/log4j/log4j-api/2.11.0/log4j-api-2.11.0.jar:/home/user/.m2/repository/org/apache/logging/log4j/log4j-core/2.11.0/log4j-core-2.11.0.jar:/home/user/.m2/repository/com/lmax/disruptor/3.4.2/disruptor-3.4.2.jar:/home/user/.m2/repository/org/apache/commons/commons-pool2/2.6.0/commons-pool2-2.6.0.jar:/home/user/.m2/repository/org/bouncycastle/bcpkix-jdk15on/1.60/bcpkix-jdk15on-1.60.jar:/home/user/.m2/repository/commons-validator/commons-validator/1.6/commons-validator-1.6.jar:/home/user/.m2/repository/commons-digester/commons-digester/1.8.1/commons-digester-1.8.1.jar:/home/user/.m2/repository/io/jaegertracing/jaeger-client/0.33.1/jaeger-client-0.33.1.jar:/home/user/.m2/repository/io/jaegertracing/jaeger-thrift/0.33.1/jaeger-thrift-0.33.1.jar:/home/user/.m2/repository/org/apache/thrift/libthrift/0.11.0/libthrift-0.11.0.jar:/home/user/.m2/repository/com/squareup/okhttp3/okhttp/3.9.0/okhttp-3.9.0.jar:/home/user/.m2/repository/com/squareup/okio/okio/1.13.0/okio-1.13.0.jar:/home/user/.m2/repository/io/jaegertracing/jaeger-core/0.33.1/jaeger-core-0.33.1.jar:/home/user/.m2/repository/io/jaegertracing/jaeger-tracerresolver/0.33.1/jaeger-tracerresolver-0.33.1.jar:/home/user/.m2/repository/io/opentracing/contrib/opentracing-tracerresolver/0.1.5/opentracing-tracerresolver-0.1.5.jar:/home/user/.m2/repository/io/opentracing/opentracing-util/0.31.0/opentracing-util-0.31.0.jar:/home/user/.m2/repository/io/opentracing/opentracing-api/0.31.0/opentracing-api-0.31.0.jar:/home/user/.m2/repository/io/opentracing/opentracing-noop/0.31.0/opentracing-noop-0.31.0.jar:/home/user/.m2/repository/org/apache/hadoop/hadoop-hdds-server-framework/0.5.0-SNAPSHOT/hadoop-hdds-server-framework-0.5.0-SNAPSHOT.jar:/home/user/.m2/repository/org/apache/hadoop/hadoop-hdds-container-service/0.5.0-SNAPSHOT/hadoop-hdds-container-service-0.5.0-SNAPSHOT.jar:/home/user/.m2/repository/org/apache/hadoop/hadoop-hdds-client/0.5.0-SNAPSHOT/hadoop-hdds-client-0.5.0-SNAPSHOT.jar:/home/user/.m2/repository/org/apache/hadoop/hadoop-hdds-tools/0.5.0-SNAPSHOT/hadoop-hdds-tools-0.5.0-SNAPSHOT.jar:/home/user/.m2/repository/org/apache/hadoop/hadoop-hdds-server-scm/0.5.0-SNAPSHOT/hadoop-hdds-server-scm-0.5.0-SNAPSHOT.jar:/home/user/.m2/repository/org/apache/hadoop/hadoop-hdds-docs/0.5.0-SNAPSHOT/hadoop-hdds-docs-0.5.0-SNAPSHOT.jar:/home/user/.m2/repository/io/dropwizard/metrics/metrics-core/3.2.4/metrics-core-3.2.4.jar:/home/user/.m2/repository/org/hamcrest/hamcrest-all/1.3/hamcrest-all-1.3.jar:/home/user/.m2/repository/org/bouncycastle/bcprov-jdk15on/1.60/bcprov-jdk15on-1.60.jar:/home/user/.m2/repository/info/picocli/picocli/3.9.6/picocli-3.9.6.jar:/home/user/.m2/repository/com/google/protobuf/protobuf-java/2.5.0/protobuf-java-2.5.0.jar:/home/user/.m2/repository/com/google/guava/guava/11.0.2/guava-11.0.2.jar:/home/user/.m2/repository/org/apache/hadoop/hadoop-ozone-ozone-manager/0.5.0-SNAPSHOT/hadoop-ozone-ozone-manager-0.5.0-SNAPSHOT.jar:/home/user/.m2/repository/org/apache/hadoop/hadoop-minikdc/3.2.0/hadoop-minikdc-3.2.0.jar:/home/user/.m2/repository/commons-io/commons-io/2.5/commons-io-2.5.jar:/home/user/.m2/repository/org/apache/kerby/kerb-simplekdc/1.0.1/kerb-simplekdc-1.0.1.jar:/home/user/.m2/repository/org/apache/kerby/kerb-client/1.0.1/kerb-client-1.0.1.jar:/home/user/.m2/repository/org/apache/kerby/kerby-config/1.0.1/kerby-config-1.0.1.jar:/home/user/.m2/repository/org/apache/kerby/kerb-core/1.0.1/kerb-core-1.0.1.jar:/home/user/.m2/repository/org/apache/kerby/kerby-pkix/1.0.1/kerby-pkix-1.0.1.jar:/home/user/.m2/repository/org/apache/kerby/kerby-asn1/1.0.1/kerby-asn1-1.0.1.jar:/home/user/.m2/repository/org/apache/kerby/kerby-util/1.0.1/kerby-util-1.0.1.jar:/home/user/.m2/repository/org/apache/kerby/kerb-common/1.0.1/kerb-common-1.0.1.jar:/home/user/.m2/repository/org/apache/kerby/kerb-crypto/1.0.1/kerb-crypto-1.0.1.jar:/home/user/.m2/repository/org/apache/kerby/kerb-util/1.0.1/kerb-util-1.0.1.jar:/home/user/.m2/repository/org/apache/kerby/token-provider/1.0.1/token-provider-1.0.1.jar:/home/user/.m2/repository/org/apache/kerby/kerb-admin/1.0.1/kerb-admin-1.0.1.jar:/home/user/.m2/repository/org/apache/kerby/kerb-server/1.0.1/kerb-server-1.0.1.jar:/home/user/.m2/repository/org/apache/kerby/kerb-identity/1.0.1/kerb-identity-1.0.1.jar:/home/user/.m2/repository/org/apache/kerby/kerby-xdr/1.0.1/kerby-xdr-1.0.1.jar:/home/user/.m2/repository/org/slf4j/slf4j-log4j12/1.7.25/slf4j-log4j12-1.7.25.jar:/home/user/.m2/repository/org/apache/hadoop/hadoop-ozone-objectstore-service/0.5.0-SNAPSHOT/hadoop-ozone-objectstore-service-0.5.0-SNAPSHOT.jar:/home/user/.m2/repository/org/apache/hadoop/hadoop-ozone-s3gateway/0.5.0-SNAPSHOT/hadoop-ozone-s3gateway-0.5.0-SNAPSHOT.jar:/home/user/.m2/repository/org/jboss/weld/servlet/weld-servlet/2.4.7.Final/weld-servlet-2.4.7.Final.jar:/home/user/.m2/repository/org/glassfish/jersey/containers/jersey-container-servlet-core/2.27/jersey-container-servlet-core-2.27.jar:/home/user/.m2/repository/org/glassfish/hk2/external/javax.inject/2.5.0-b42/javax.inject-2.5.0-b42.jar:/home/user/.m2/repository/org/glassfish/jersey/core/jersey-common/2.27/jersey-common-2.27.jar:/home/user/.m2/repository/org/glassfish/hk2/osgi-resource-locator/1.0.1/osgi-resource-locator-1.0.1.jar:/home/user/.m2/repository/javax/ws/rs/javax.ws.rs-api/2.1/javax.ws.rs-api-2.1.jar:/home/user/.m2/repository/org/glassfish/jersey/ext/cdi/jersey-cdi1x/2.27/jersey-cdi1x-2.27.jar:/home/user/.m2/repository/org/glassfish/jersey/inject/jersey-hk2/2.27/jersey-hk2-2.27.jar:/home/user/.m2/repository/org/glassfish/hk2/hk2-locator/2.5.0-b42/hk2-locator-2.5.0-b42.jar:/home/user/.m2/repository/org/javassist/javassist/3.22.0-CR2/javassist-3.22.0-CR2.jar:/home/user/.m2/repository/org/glassfish/hk2/hk2-api/2.5.0/hk2-api-2.5.0.jar:/home/user/.m2/repository/org/glassfish/hk2/external/jakarta.inject/2.5.0/jakarta.inject-2.5.0.jar:/home/user/.m2/repository/org/glassfish/hk2/hk2-utils/2.5.0/hk2-utils-2.5.0.jar:/home/user/.m2/repository/jakarta/annotation/jakarta.annotation-api/1.3.4/jakarta.annotation-api-1.3.4.jar:/home/user/.m2/repository/org/glassfish/hk2/external/aopalliance-repackaged/2.5.0/aopalliance-repackaged-2.5.0.jar:/home/user/.m2/repository/com/fasterxml/jackson/dataformat/jackson-dataformat-xml/2.9.0/jackson-dataformat-xml-2.9.0.jar:/home/user/.m2/repository/com/fasterxml/jackson/core/jackson-core/2.9.5/jackson-core-2.9.5.jar:/home/user/.m2/repository/com/fasterxml/jackson/module/jackson-module-jaxb-annotations/2.9.5/jackson-module-jaxb-annotations-2.9.5.jar:/home/user/.m2/repository/javax/enterprise/cdi-api/1.2/cdi-api-1.2.jar:/home/user/.m2/repository/javax/el/javax.el-api/3.0.0/javax.el-api-3.0.0.jar:/home/user/.m2/repository/javax/interceptor/javax.interceptor-api/1.2/javax.interceptor-api-1.2.jar:/home/user/.m2/repository/javax/inject/javax.inject/1/javax.inject-1.jar:/home/user/.m2/repository/com/sun/xml/bind/jaxb-impl/2.3.0.1/jaxb-impl-2.3.0.1.jar:/home/user/.m2/repository/com/sun/xml/bind/jaxb-core/2.3.0.1/jaxb-core-2.3.0.1.jar:/home/user/.m2/repository/javax/xml/bind/jaxb-api/2.3.0/jaxb-api-2.3.0.jar:/home/user/.m2/repository/javax/activation/activation/1.1.1/activation-1.1.1.jar:/home/user/.m2/repository/org/apache/hadoop/hadoop-ozone-csi/0.5.0-SNAPSHOT/hadoop-ozone-csi-0.5.0-SNAPSHOT.jar:/home/user/.m2/repository/com/google/protobuf/protobuf-java-util/3.5.1/protobuf-java-util-3.5.1.jar:/home/user/.m2/repository/org/apache/hadoop/hadoop-hdds-config/0.5.0-SNAPSHOT/hadoop-hdds-config-0.5.0-SNAPSHOT.jar:/home/user/.m2/repository/io/grpc/grpc-netty/1.17.1/grpc-netty-1.17.1.jar:/home/user/.m2/repository/io/grpc/grpc-core/1.17.1/grpc-core-1.17.1.jar:/home/user/.m2/repository/io/grpc/grpc-context/1.17.1/grpc-context-1.17.1.jar:/home/user/.m2/repository/com/google/errorprone/error_prone_annotations/2.2.0/error_prone_annotations-2.2.0.jar:/home/user/.m2/repository/org/codehaus/mojo/animal-sniffer-annotations/1.17/animal-sniffer-annotations-1.17.jar:/home/user/.m2/repository/io/opencensus/opencensus-api/0.17.0/opencensus-api-0.17.0.jar:/home/user/.m2/repository/io/opencensus/opencensus-contrib-grpc-metrics/0.17.0/opencensus-contrib-grpc-metrics-0.17.0.jar:/home/user/.m2/repository/io/netty/netty-codec-http2/4.1.30.Final/netty-codec-http2-4.1.30.Final.jar:/home/user/.m2/repository/io/netty/netty-codec-http/4.1.30.Final/netty-codec-http-4.1.30.Final.jar:/home/user/.m2/repository/io/netty/netty-codec/4.1.30.Final/netty-codec-4.1.30.Final.jar:/home/user/.m2/repository/io/netty/netty-handler/4.1.30.Final/netty-handler-4.1.30.Final.jar:/home/user/.m2/repository/io/netty/netty-handler-proxy/4.1.30.Final/netty-handler-proxy-4.1.30.Final.jar:/home/user/.m2/repository/io/netty/netty-codec-socks/4.1.30.Final/netty-codec-socks-4.1.30.Final.jar:/home/user/.m2/repository/io/netty/netty-transport-native-epoll/4.1.30.Final/netty-transport-native-epoll-4.1.30.Final.jar:/home/user/.m2/repository/io/netty/netty-common/4.1.30.Final/netty-common-4.1.30.Final.jar:/home/user/.m2/repository/io/netty/netty-buffer/4.1.30.Final/netty-buffer-4.1.30.Final.jar:/home/user/.m2/repository/io/netty/netty-transport/4.1.30.Final/netty-transport-4.1.30.Final.jar:/home/user/.m2/repository/io/netty/netty-resolver/4.1.30.Final/netty-resolver-4.1.30.Final.jar:/home/user/.m2/repository/io/netty/netty-transport-native-unix-common/4.1.30.Final/netty-transport-native-unix-common-4.1.30.Final.jar:/home/user/.m2/repository/io/grpc/grpc-protobuf/1.17.1/grpc-protobuf-1.17.1.jar:/home/user/.m2/repository/com/google/api/grpc/proto-google-common-protos/1.0.0/proto-google-common-protos-1.0.0.jar:/home/user/.m2/repository/io/grpc/grpc-protobuf-lite/1.17.1/grpc-protobuf-lite-1.17.1.jar:/home/user/.m2/repository/io/grpc/grpc-stub/1.17.1/grpc-stub-1.17.1.jar:/home/user/.m2/repository/org/apache/hadoop/hadoop-ozone-recon/0.5.0-SNAPSHOT/hadoop-ozone-recon-0.5.0-SNAPSHOT.jar:/home/user/.m2/repository/org/apache/hadoop/hadoop-ozone-reconcodegen/0.5.0-SNAPSHOT/hadoop-ozone-reconcodegen-0.5.0-SNAPSHOT.jar:/home/user/.m2/repository/com/google/inject/extensions/guice-multibindings/4.0/guice-multibindings-4.0.jar:/home/user/.m2/repository/com/google/inject/guice/4.0/guice-4.0.jar:/home/user/.m2/repository/aopalliance/aopalliance/1.0/aopalliance-1.0.jar:/home/user/.m2/repository/com/google/inject/extensions/guice-servlet/4.0/guice-servlet-4.0.jar:/home/user/.m2/repository/org/glassfish/jersey/containers/jersey-container-servlet/2.27/jersey-container-servlet-2.27.jar:/home/user/.m2/repository/org/glassfish/hk2/guice-bridge/2.5.0/guice-bridge-2.5.0.jar:/home/user/.m2/repository/org/glassfish/jersey/core/jersey-server/2.27/jersey-server-2.27.jar:/home/user/.m2/repository/org/glassfish/jersey/core/jersey-client/2.27/jersey-client-2.27.jar:/home/user/.m2/repository/org/glassfish/jersey/media/jersey-media-jaxb/2.27/jersey-media-jaxb-2.27.jar:/home/user/.m2/repository/javax/validation/validation-api/1.1.0.Final/validation-api-1.1.0.Final.jar:/home/user/.m2/repository/org/glassfish/jersey/media/jersey-media-json-jackson/2.27/jersey-media-json-jackson-2.27.jar:/home/user/.m2/repository/org/glassfish/jersey/ext/jersey-entity-filtering/2.27/jersey-entity-filtering-2.27.jar:/home/user/.m2/repository/com/google/inject/extensions/guice-assistedinject/4.0/guice-assistedinject-4.0.jar:/home/user/.m2/repository/org/jooq/jooq/3.11.10/jooq-3.11.10.jar:/home/user/.m2/repository/org/jooq/jooq-meta/3.11.10/jooq-meta-3.11.10.jar:/home/user/.m2/repository/org/jooq/jooq-codegen/3.11.10/jooq-codegen-3.11.10.jar:/home/user/.m2/repository/com/jolbox/bonecp/0.8.0.RELEASE/bonecp-0.8.0.RELEASE.jar:/home/user/.m2/repository/org/xerial/sqlite-jdbc/3.25.2/sqlite-jdbc-3.25.2.jar:/home/user/.m2/repository/org/springframework/spring-jdbc/5.1.3.RELEASE/spring-jdbc-5.1.3.RELEASE.jar:/home/user/.m2/repository/org/springframework/spring-beans/5.1.3.RELEASE/spring-beans-5.1.3.RELEASE.jar:/home/user/.m2/repository/org/springframework/spring-core/5.1.3.RELEASE/spring-core-5.1.3.RELEASE.jar:/home/user/.m2/repository/org/springframework/spring-jcl/5.1.3.RELEASE/spring-jcl-5.1.3.RELEASE.jar:/home/user/.m2/repository/org/springframework/spring-tx/5.1.3.RELEASE/spring-tx-5.1.3.RELEASE.jar:/home/user/.m2/repository/org/apache/hadoop/hadoop-ozone-client/0.5.0-SNAPSHOT/hadoop-ozone-client-0.5.0-SNAPSHOT.jar:/home/user/.m2/repository/commons-lang/commons-lang/2.6/commons-lang-2.6.jar:/home/user/.m2/repository/org/apache/hadoop/hadoop-ozone-ozone-manager/0.5.0-SNAPSHOT/hadoop-ozone-ozone-manager-0.5.0-SNAPSHOT-tests.jar:/home/user/.m2/repository/junit/junit/4.11/junit-4.11.jar:/home/user/.m2/repository/org/hamcrest/hamcrest-core/1.3/hamcrest-core-1.3.jar:/home/user/.m2/repository/org/openjdk/jmh/jmh-core/1.19/jmh-core-1.19.jar:/home/user/.m2/repository/net/sf/jopt-simple/jopt-simple/4.6/jopt-simple-4.6.jar:/home/user/.m2/repository/org/apache/commons/commons-math3/3.1.1/commons-math3-3.1.1.jar:/home/user/.m2/repository/org/openjdk/jmh/jmh-generator-annprocess/1.19/jmh-generator-annprocess-1.19.jar:/home/user/.m2/repository/org/mockito/mockito-all/1.8.5/mockito-all-1.8.5.jar:/home/user/.m2/repository/org/apache/hadoop/hadoop-kms/3.2.0/hadoop-kms-3.2.0.jar:/home/user/.m2/repository/org/apache/hadoop/hadoop-auth/3.2.0/hadoop-auth-3.2.0.jar:/home/user/.m2/repository/com/nimbusds/nimbus-jose-jwt/4.41.1/nimbus-jose-jwt-4.41.1.jar:/home/user/.m2/repository/com/github/stephenc/jcip/jcip-annotations/1.0-1/jcip-annotations-1.0-1.jar:/home/user/.m2/repository/net/minidev/json-smart/2.3/json-smart-2.3.jar:/home/user/.m2/repository/net/minidev/accessors-smart/1.2/accessors-smart-1.2.jar:/home/user/.m2/repository/org/ow2/asm/asm/5.0.4/asm-5.0.4.jar:/home/user/.m2/repository/org/apache/curator/curator-framework/2.12.0/curator-framework-2.12.0.jar:/home/user/.m2/repository/com/sun/jersey/jersey-core/1.19/jersey-core-1.19.jar:/home/user/.m2/repository/javax/ws/rs/jsr311-api/1.1.1/jsr311-api-1.1.1.jar:/home/user/.m2/repository/com/sun/jersey/jersey-server/1.19/jersey-server-1.19.jar:/home/user/.m2/repository/javax/servlet/javax.servlet-api/3.1.0/javax.servlet-api-3.1.0.jar:/home/user/.m2/repository/org/eclipse/jetty/jetty-server/9.3.24.v20180605/jetty-server-9.3.24.v20180605.jar:/home/user/.m2/repository/org/eclipse/jetty/jetty-http/9.3.24.v20180605/jetty-http-9.3.24.v20180605.jar:/home/user/.m2/repository/org/eclipse/jetty/jetty-io/9.3.24.v20180605/jetty-io-9.3.24.v20180605.jar:/home/user/.m2/repository/org/eclipse/jetty/jetty-webapp/9.3.24.v20180605/jetty-webapp-9.3.24.v20180605.jar:/home/user/.m2/repository/org/eclipse/jetty/jetty-xml/9.3.24.v20180605/jetty-xml-9.3.24.v20180605.jar:/home/user/.m2/repository/log4j/log4j/1.2.17/log4j-1.2.17.jar:/home/user/.m2/repository/org/slf4j/slf4j-api/1.7.25/slf4j-api-1.7.25.jar:/home/user/.m2/repository/org/slf4j/jul-to-slf4j/1.7.25/jul-to-slf4j-1.7.25.jar:/home/user/.m2/repository/org/eclipse/jetty/jetty-util/9.3.24.v20180605/jetty-util-9.3.24.v20180605.jar:/home/user/.m2/repository/com/fasterxml/jackson/core/jackson-databind/2.9.5/jackson-databind-2.9.5.jar:/home/user/.m2/repository/org/apache/hadoop/hadoop-kms/3.2.0/hadoop-kms-3.2.0-tests.jar:/home/user/.m2/repository/org/apache/hadoop/hadoop-hdds-server-scm/0.5.0-SNAPSHOT/hadoop-hdds-server-scm-0.5.0-SNAPSHOT-tests.jar:/home/user/.m2/repository/org/apache/hadoop/hadoop-hdds-container-service/0.5.0-SNAPSHOT/hadoop-hdds-container-service-0.5.0-SNAPSHOT-tests.jar:/home/user/.m2/repository/org/yaml/snakeyaml/1.16/snakeyaml-1.16.jar:/home/user/.m2/repository/org/apache/hadoop/hadoop-common/3.2.0/hadoop-common-3.2.0-tests.jar:/home/user/.m2/repository/org/apache/hadoop/hadoop-annotations/3.2.0/hadoop-annotations-3.2.0.jar:/usr/lib/jvm/java-1.8-openjdk/jre/../lib/tools.jar:/home/user/.m2/repository/commons-cli/commons-cli/1.2/commons-cli-1.2.jar:/home/user/.m2/repository/org/apache/httpcomponents/httpclient/4.5.2/httpclient-4.5.2.jar:/home/user/.m2/repository/org/apache/httpcomponents/httpcore/4.4.4/httpcore-4.4.4.jar:/home/user/.m2/repository/commons-codec/commons-codec/1.11/commons-codec-1.11.jar:/home/user/.m2/repository/commons-net/commons-net/3.6/commons-net-3.6.jar:/home/user/.m2/repository/commons-collections/commons-collections/3.2.2/commons-collections-3.2.2.jar:/home/user/.m2/repository/org/eclipse/jetty/jetty-servlet/9.3.24.v20180605/jetty-servlet-9.3.24.v20180605.jar:/home/user/.m2/repository/org/eclipse/jetty/jetty-security/9.3.24.v20180605/jetty-security-9.3.24.v20180605.jar:/home/user/.m2/repository/javax/servlet/jsp/jsp-api/2.1/jsp-api-2.1.jar:/home/user/.m2/repository/com/sun/jersey/jersey-servlet/1.19/jersey-servlet-1.19.jar:/home/user/.m2/repository/com/sun/jersey/jersey-json/1.19/jersey-json-1.19.jar:/home/user/.m2/repository/org/codehaus/jettison/jettison/1.1/jettison-1.1.jar:/home/user/.m2/repository/org/codehaus/jackson/jackson-core-asl/1.9.13/jackson-core-asl-1.9.13.jar:/home/user/.m2/repository/org/codehaus/jackson/jackson-mapper-asl/1.9.13/jackson-mapper-asl-1.9.13.jar:/home/user/.m2/repository/org/codehaus/jackson/jackson-jaxrs/1.9.13/jackson-jaxrs-1.9.13.jar:/home/user/.m2/repository/org/codehaus/jackson/jackson-xc/1.9.13/jackson-xc-1.9.13.jar:/home/user/.m2/repository/commons-logging/commons-logging/1.1.3/commons-logging-1.1.3.jar:/home/user/.m2/repository/commons-beanutils/commons-beanutils/1.9.3/commons-beanutils-1.9.3.jar:/home/user/.m2/repository/org/apache/commons/commons-configuration2/2.1.1/commons-configuration2-2.1.1.jar:/home/user/.m2/repository/org/apache/commons/commons-lang3/3.7/commons-lang3-3.7.jar:/home/user/.m2/repository/org/apache/commons/commons-text/1.4/commons-text-1.4.jar:/home/user/.m2/repository/org/apache/avro/avro/1.7.7/avro-1.7.7.jar:/home/user/.m2/repository/com/thoughtworks/paranamer/paranamer/2.3/paranamer-2.3.jar:/home/user/.m2/repository/org/xerial/snappy/snappy-java/1.0.5/snappy-java-1.0.5.jar:/home/user/.m2/repository/com/google/re2j/re2j/1.1/re2j-1.1.jar:/home/user/.m2/repository/com/google/code/gson/gson/2.2.4/gson-2.2.4.jar:/home/user/.m2/repository/com/jcraft/jsch/0.1.54/jsch-0.1.54.jar:/home/user/.m2/repository/org/apache/curator/curator-client/2.12.0/curator-client-2.12.0.jar:/home/user/.m2/repository/org/apache/curator/curator-recipes/2.12.0/curator-recipes-2.12.0.jar:/home/user/.m2/repository/com/google/code/findbugs/jsr305/3.0.0/jsr305-3.0.0.jar:/home/user/.m2/repository/org/apache/htrace/htrace-core4/4.1.0-incubating/htrace-core4-4.1.0-incubating.jar:/home/user/.m2/repository/org/apache/zookeeper/zookeeper/3.4.13/zookeeper-3.4.13.jar:/home/user/.m2/repository/org/apache/yetus/audience-annotations/0.5.0/audience-annotations-0.5.0.jar:/home/user/.m2/repository/org/codehaus/woodstox/stax2-api/3.1.4/stax2-api-3.1.4.jar:/home/user/.m2/repository/com/fasterxml/woodstox/woodstox-core/5.0.3/woodstox-core-5.0.3.jar:/home/user/.m2/repository/dnsjava/dnsjava/2.1.7/dnsjava-2.1.7.jar:/home/user/.m2/repository/org/apache/hadoop/hadoop-hdfs/3.2.0/hadoop-hdfs-3.2.0-tests.jar:/home/user/.m2/repository/org/eclipse/jetty/jetty-util-ajax/9.3.24.v20180605/jetty-util-ajax-9.3.24.v20180605.jar:/home/user/.m2/repository/commons-daemon/commons-daemon/1.0.13/commons-daemon-1.0.13.jar:/home/user/.m2/repository/io/netty/netty/3.10.5.Final/netty-3.10.5.Final.jar:/home/user/.m2/repository/io/netty/netty-all/4.0.52.Final/netty-all-4.0.52.Final.jar:/home/user/.m2/repository/org/fusesource/leveldbjni/leveldbjni-all/1.8/leveldbjni-all-1.8.jar:"/>
    <property name="sun.cpu.endian" value="little"/>
    <property name="user.home" value="/home/user"/>
    <property name="user.language" value="en"/>
    <property name="java.specification.vendor" value="Oracle Corporation"/>
    <property name="java.home" value="/usr/lib/jvm/java-1.8-openjdk/jre"/>
    <property name="java.security.krb5.conf" value="/workdir/hadoop-ozone/integration-test/target/test-classes/krb5.conf"/>
    <property name="basedir" value="/workdir/hadoop-ozone/integration-test"/>
    <property name="file.separator" value="/"/>
    <property name="line.separator" value="&#10;"/>
    <property name="java.vm.specification.vendor" value="Oracle Corporation"/>
    <property name="java.specification.name" value="Java Platform API Specification"/>
    <property name="java.awt.graphicsenv" value="sun.awt.X11GraphicsEnvironment"/>
    <property name="surefire.real.class.path" value="/workdir/hadoop-ozone/integration-test/target/surefire/surefirebooter6932631678755489451.jar"/>
    <property name="hadoop.log.dir" value="/workdir/hadoop-ozone/integration-test/target/log"/>
    <property name="sun.boot.class.path" value="/usr/lib/jvm/java-1.8-openjdk/jre/lib/resources.jar:/usr/lib/jvm/java-1.8-openjdk/jre/lib/rt.jar:/usr/lib/jvm/java-1.8-openjdk/jre/lib/sunrsasign.jar:/usr/lib/jvm/java-1.8-openjdk/jre/lib/jsse.jar:/usr/lib/jvm/java-1.8-openjdk/jre/lib/jce.jar:/usr/lib/jvm/java-1.8-openjdk/jre/lib/charsets.jar:/usr/lib/jvm/java-1.8-openjdk/jre/lib/jfr.jar:/usr/lib/jvm/java-1.8-openjdk/jre/classes"/>
    <property name="sun.management.compiler" value="HotSpot 64-Bit Tiered Compilers"/>
    <property name="java.runtime.version" value="1.8.0_212-b04"/>
    <property name="java.net.preferIPv4Stack" value="true"/>
    <property name="user.name" value="jenkins1000"/>
    <property name="path.separator" value=":"/>
    <property name="java.security.egd" value="file:///dev/urandom"/>
    <property name="os.version" value="3.10.0-957.12.2.el7.x86_64"/>
    <property name="java.endorsed.dirs" value="/usr/lib/jvm/java-1.8-openjdk/jre/lib/endorsed"/>
    <property name="java.runtime.name" value="OpenJDK Runtime Environment"/>
    <property name="file.encoding" value="UTF-8"/>
    <property name="java.vm.name" value="OpenJDK 64-Bit Server VM"/>
    <property name="test.build.webapps" value=""/>
    <property name="localRepository" value="/home/user/.m2/repository"/>
    <property name="java.vendor.url.bug" value="https://icedtea.classpath.org/bugzilla"/>
    <property name="java.io.tmpdir" value="/tmp"/>
    <property name="require.test.libhadoop" value=""/>
    <property name="java.version" value="1.8.0_212"/>
    <property name="user.dir" value="/workdir/hadoop-ozone/integration-test"/>
    <property name="os.arch" value="amd64"/>
    <property name="java.vm.specification.name" value="Java Virtual Machine Specification"/>
    <property name="test.build.classes" value="/workdir/hadoop-ozone/integration-test/target/test-classes"/>
    <property name="java.awt.printerjob" value="sun.print.PSPrinterJob"/>
    <property name="sun.os.patch.level" value="unknown"/>
    <property name="hadoop.tmp.dir" value="/workdir/hadoop-ozone/integration-test/target/tmp"/>
    <property name="java.library.path" value="/usr/lib/jvm/java-1.8-openjdk/jre/lib/amd64/server:/usr/lib/jvm/java-1.8-openjdk/jre/lib/amd64:/usr/lib/jvm/java-1.8-openjdk/jre/../lib/amd64:/workdir/hadoop-ozone/integration-test/target/native/target/usr/local/lib:/workdir/hadoop-ozone/integration-test/../../hadoop-common-project/hadoop-common/target/native/target/usr/local/lib:/usr/java/packages/lib/amd64:/usr/lib64:/lib64:/lib:/usr/lib"/>
    <property name="java.vm.info" value="mixed mode"/>
    <property name="java.vendor" value="IcedTea"/>
    <property name="java.vm.version" value="25.212-b04"/>
    <property name="java.ext.dirs" value="/usr/lib/jvm/java-1.8-openjdk/jre/lib/ext:/usr/java/packages/lib/ext"/>
    <property name="sun.io.unicode.encoding" value="UnicodeLittle"/>
    <property name="java.class.version" value="52.0"/>
  </properties>
  <testcase name="testMultiBlockWritesWithDnFailures" classname="org.apache.hadoop.ozone.client.rpc.TestMultiBlockWritesWithDnFailures" time="47.73">
    <error message="Allocated 0 blocks. Requested 1 blocks" type="INTERNAL_ERROR org.apache.hadoop.ozone.om.exceptions.OMException">INTERNAL_ERROR org.apache.hadoop.ozone.om.exceptions.OMException: Allocated 0 blocks. Requested 1 blocks
	at org.apache.hadoop.ozone.om.protocolPB.OzoneManagerProtocolClientSideTranslatorPB.handleError(OzoneManagerProtocolClientSideTranslatorPB.java:725)
	at org.apache.hadoop.ozone.om.protocolPB.OzoneManagerProtocolClientSideTranslatorPB.allocateBlock(OzoneManagerProtocolClientSideTranslatorPB.java:757)
	at org.apache.hadoop.ozone.client.io.BlockOutputStreamEntryPool.allocateNewBlock(BlockOutputStreamEntryPool.java:248)
	at org.apache.hadoop.ozone.client.io.BlockOutputStreamEntryPool.allocateBlockIfNeeded(BlockOutputStreamEntryPool.java:296)
	at org.apache.hadoop.ozone.client.io.KeyOutputStream.handleWrite(KeyOutputStream.java:201)
	at org.apache.hadoop.ozone.client.io.KeyOutputStream.handleRetry(KeyOutputStream.java:376)
	at org.apache.hadoop.ozone.client.io.KeyOutputStream.handleException(KeyOutputStream.java:325)
	at org.apache.hadoop.ozone.client.io.KeyOutputStream.handleWrite(KeyOutputStream.java:231)
	at org.apache.hadoop.ozone.client.io.KeyOutputStream.write(KeyOutputStream.java:193)
	at org.apache.hadoop.ozone.client.io.OzoneOutputStream.write(OzoneOutputStream.java:49)
	at java.io.OutputStream.write(OutputStream.java:75)
	at org.apache.hadoop.ozone.client.rpc.TestMultiBlockWritesWithDnFailures.testMultiBlockWritesWithDnFailures(TestMultiBlockWritesWithDnFailures.java:144)
	at sun.reflect.NativeMethodAccessorImpl.invoke0(Native Method)
	at sun.reflect.NativeMethodAccessorImpl.invoke(NativeMethodAccessorImpl.java:62)
	at sun.reflect.DelegatingMethodAccessorImpl.invoke(DelegatingMethodAccessorImpl.java:43)
	at java.lang.reflect.Method.invoke(Method.java:498)
	at org.junit.runners.model.FrameworkMethod$1.runReflectiveCall(FrameworkMethod.java:47)
	at org.junit.internal.runners.model.ReflectiveCallable.run(ReflectiveCallable.java:12)
	at org.junit.runners.model.FrameworkMethod.invokeExplosively(FrameworkMethod.java:44)
	at org.junit.internal.runners.statements.InvokeMethod.evaluate(InvokeMethod.java:17)
	at org.junit.runners.ParentRunner.runLeaf(ParentRunner.java:271)
	at org.junit.runners.BlockJUnit4ClassRunner.runChild(BlockJUnit4ClassRunner.java:70)
	at org.junit.runners.BlockJUnit4ClassRunner.runChild(BlockJUnit4ClassRunner.java:50)
	at org.junit.runners.ParentRunner$3.run(ParentRunner.java:238)
	at org.junit.runners.ParentRunner$1.schedule(ParentRunner.java:63)
	at org.junit.runners.ParentRunner.runChildren(ParentRunner.java:236)
	at org.junit.runners.ParentRunner.access$000(ParentRunner.java:53)
	at org.junit.runners.ParentRunner$2.evaluate(ParentRunner.java:229)
	at org.junit.runners.ParentRunner.run(ParentRunner.java:309)
	at org.apache.maven.surefire.junit4.JUnit4Provider.execute(JUnit4Provider.java:365)
	at org.apache.maven.surefire.junit4.JUnit4Provider.executeWithRerun(JUnit4Provider.java:273)
	at org.apache.maven.surefire.junit4.JUnit4Provider.executeTestSet(JUnit4Provider.java:238)
	at org.apache.maven.surefire.junit4.JUnit4Provider.invoke(JUnit4Provider.java:159)
	at org.apache.maven.surefire.booter.ForkedBooter.invokeProviderInSameClassLoader(ForkedBooter.java:384)
	at org.apache.maven.surefire.booter.ForkedBooter.runSuitesInProcess(ForkedBooter.java:345)
	at org.apache.maven.surefire.booter.ForkedBooter.execute(ForkedBooter.java:126)
	at org.apache.maven.surefire.booter.ForkedBooter.main(ForkedBooter.java:418)
</error>
    <system-out><![CDATA[2019-08-20 14:55:35,827 WARN  server.ServerUtils (ServerUtils.java:getScmDbDir(145)) - ozone.scm.db.dirs is not configured. We recommend adding this setting. Falling back to ozone.metadata.dirs instead.
2019-08-20 14:55:35,933 WARN  server.ServerUtils (ServerUtils.java:getScmDbDir(145)) - ozone.scm.db.dirs is not configured. We recommend adding this setting. Falling back to ozone.metadata.dirs instead.
2019-08-20 14:55:35,935 WARN  server.ServerUtils (ServerUtils.java:getScmDbDir(145)) - ozone.scm.db.dirs is not configured. We recommend adding this setting. Falling back to ozone.metadata.dirs instead.
2019-08-20 14:55:35,952 INFO  util.log (Log.java:initialized(192)) - Logging initialized @824ms
2019-08-20 14:55:36,058 INFO  db.DBStoreBuilder (DBStoreBuilder.java:addTable(110)) - using custom profile for table: deletedBlocks
2019-08-20 14:55:36,059 INFO  db.DBStoreBuilder (DBStoreBuilder.java:processTables(161)) - Using default column profile:DBProfile.DISK for Table:deletedBlocks
2019-08-20 14:55:36,059 INFO  db.DBStoreBuilder (DBStoreBuilder.java:addTable(110)) - using custom profile for table: validCerts
2019-08-20 14:55:36,060 INFO  db.DBStoreBuilder (DBStoreBuilder.java:processTables(161)) - Using default column profile:DBProfile.DISK for Table:validCerts
2019-08-20 14:55:36,060 INFO  db.DBStoreBuilder (DBStoreBuilder.java:addTable(110)) - using custom profile for table: revokedCerts
2019-08-20 14:55:36,061 INFO  db.DBStoreBuilder (DBStoreBuilder.java:processTables(161)) - Using default column profile:DBProfile.DISK for Table:revokedCerts
2019-08-20 14:55:36,075 INFO  db.DBStoreBuilder (DBStoreBuilder.java:addTable(110)) - using custom profile for table: default
2019-08-20 14:55:36,075 INFO  db.DBStoreBuilder (DBStoreBuilder.java:processTables(167)) - Using default column profile:DBProfile.DISK for Table:default
2019-08-20 14:55:36,076 INFO  db.DBStoreBuilder (DBStoreBuilder.java:getDbProfile(198)) - Using default options. DBProfile.DISK
2019-08-20 14:55:36,363 INFO  net.NodeSchemaLoader (NodeSchemaLoader.java:loadSchemaFromFile(125)) - Loading file from sun.misc.CompoundEnumeration@393671df
2019-08-20 14:55:36,366 INFO  net.NodeSchemaLoader (NodeSchemaLoader.java:loadSchema(171)) - Loading network topology layer schema file
2019-08-20 14:55:36,473 INFO  node.SCMNodeManager (SCMNodeManager.java:<init>(121)) - Entering startup safe mode.
2019-08-20 14:55:36,564 INFO  algorithms.ContainerPlacementPolicyFactory (ContainerPlacementPolicyFactory.java:getPolicy(55)) - Create container placement policy of type org.apache.hadoop.hdds.scm.container.placement.algorithms.SCMContainerPlacementRandom
2019-08-20 14:55:36,580 WARN  server.ServerUtils (ServerUtils.java:getScmDbDir(145)) - ozone.scm.db.dirs is not configured. We recommend adding this setting. Falling back to ozone.metadata.dirs instead.
2019-08-20 14:55:36,682 INFO  pipeline.SCMPipelineManager (SCMPipelineManager.java:initializePipelineState(126)) - No pipeline exists in current db
2019-08-20 14:55:36,686 WARN  server.ServerUtils (ServerUtils.java:getScmDbDir(145)) - ozone.scm.db.dirs is not configured. We recommend adding this setting. Falling back to ozone.metadata.dirs instead.
2019-08-20 14:55:48,224 WARN  events.EventQueue (EventQueue.java:fireEvent(175)) - No event handler registered for event TypedEvent{payloadType=SafeModeStatus, name='SafeModeStatus'}
2019-08-20 14:55:48,605 INFO  ipc.CallQueueManager (CallQueueManager.java:<init>(84)) - Using callQueue: class java.util.concurrent.LinkedBlockingQueue, queueCapacity: 2000, scheduler: class org.apache.hadoop.ipc.DefaultRpcScheduler, ipcBackoff: false.
2019-08-20 14:55:48,637 INFO  ipc.Server (Server.java:run(1074)) - Starting Socket Reader #1 for port 35816
2019-08-20 14:55:48,671 INFO  ipc.CallQueueManager (CallQueueManager.java:<init>(84)) - Using callQueue: class java.util.concurrent.LinkedBlockingQueue, queueCapacity: 2000, scheduler: class org.apache.hadoop.ipc.DefaultRpcScheduler, ipcBackoff: false.
2019-08-20 14:55:48,673 INFO  ipc.Server (Server.java:run(1074)) - Starting Socket Reader #1 for port 36520
2019-08-20 14:55:48,681 INFO  ipc.CallQueueManager (CallQueueManager.java:<init>(84)) - Using callQueue: class java.util.concurrent.LinkedBlockingQueue, queueCapacity: 2000, scheduler: class org.apache.hadoop.ipc.DefaultRpcScheduler, ipcBackoff: false.
2019-08-20 14:55:48,682 INFO  ipc.Server (Server.java:run(1074)) - Starting Socket Reader #1 for port 41062
2019-08-20 14:55:48,789 INFO  hdfs.DFSUtil (DFSUtil.java:httpServerTemplateForNNAndJN(1641)) - Starting Web-server for scm at: http://0.0.0.0:0
2019-08-20 14:55:48,929 INFO  server.AuthenticationFilter (AuthenticationFilter.java:constructSecretProvider(240)) - Unable to initialize FileSignerSecretProvider, falling back to use random secrets.
2019-08-20 14:55:48,937 WARN  http.HttpRequestLog (HttpRequestLog.java:getRequestLog(97)) - Jetty request log can only be enabled using Log4j
2019-08-20 14:55:48,945 INFO  http.HttpServer2 (HttpServer2.java:addGlobalFilter(975)) - Added global filter 'safety' (class=org.apache.hadoop.http.HttpServer2$QuotingInputFilter)
2019-08-20 14:55:48,947 INFO  http.HttpServer2 (HttpServer2.java:addFilter(948)) - Added filter static_user_filter (class=org.apache.hadoop.http.lib.StaticUserWebFilter$StaticUserFilter) to context scm
2019-08-20 14:55:48,947 INFO  http.HttpServer2 (HttpServer2.java:addFilter(958)) - Added filter static_user_filter (class=org.apache.hadoop.http.lib.StaticUserWebFilter$StaticUserFilter) to context static
2019-08-20 14:55:48,948 INFO  http.HttpServer2 (HttpServer2.java:addFilter(958)) - Added filter static_user_filter (class=org.apache.hadoop.http.lib.StaticUserWebFilter$StaticUserFilter) to context logs
2019-08-20 14:55:48,975 INFO  server.StorageContainerManager (StorageContainerManager.java:start(759)) - StorageContainerLocationProtocol RPC server is listening at /0.0.0.0:41062
2019-08-20 14:55:49,032 WARN  impl.MetricsConfig (MetricsConfig.java:loadFirst(134)) - Cannot locate configuration: tried hadoop-metrics2-storagecontainermanager.properties,hadoop-metrics2.properties
2019-08-20 14:55:49,044 INFO  impl.MetricsSystemImpl (MetricsSystemImpl.java:startTimer(374)) - Scheduled Metric snapshot period at 10 second(s).
2019-08-20 14:55:49,044 INFO  impl.MetricsSystemImpl (MetricsSystemImpl.java:start(191)) - StorageContainerManager metrics system started
2019-08-20 14:55:49,257 INFO  server.SCMClientProtocolServer (SCMClientProtocolServer.java:start(151)) - RPC server for Client  is listening at /0.0.0.0:41062
2019-08-20 14:55:49,258 INFO  ipc.Server (Server.java:run(1314)) - IPC Server Responder: starting
2019-08-20 14:55:49,258 INFO  ipc.Server (Server.java:run(1153)) - IPC Server listener on 41062: starting
2019-08-20 14:55:49,264 INFO  server.StorageContainerManager (StorageContainerManager.java:start(769)) - ScmBlockLocationProtocol RPC server is listening at /0.0.0.0:36520
2019-08-20 14:55:49,264 INFO  server.SCMBlockProtocolServer (SCMBlockProtocolServer.java:start(140)) - RPC server for Block Protocol is listening at /0.0.0.0:36520
2019-08-20 14:55:49,265 INFO  ipc.Server (Server.java:run(1314)) - IPC Server Responder: starting
2019-08-20 14:55:49,265 INFO  ipc.Server (Server.java:run(1153)) - IPC Server listener on 36520: starting
2019-08-20 14:55:49,269 INFO  server.StorageContainerManager (StorageContainerManager.java:start(773)) - ScmDatanodeProtocl RPC server is listening at /0.0.0.0:35816
2019-08-20 14:55:49,270 INFO  server.SCMDatanodeProtocolServer (SCMDatanodeProtocolServer.java:start(191)) - RPC server for DataNodes is listening at /0.0.0.0:35816
2019-08-20 14:55:49,271 INFO  ipc.Server (Server.java:run(1314)) - IPC Server Responder: starting
2019-08-20 14:55:49,271 INFO  ipc.Server (Server.java:run(1153)) - IPC Server listener on 35816: starting
2019-08-20 14:55:49,279 INFO  http.HttpServer2 (HttpServer2.java:bindListener(1191)) - Jetty bound to port 32993
2019-08-20 14:55:49,281 INFO  server.Server (Server.java:doStart(351)) - jetty-9.3.24.v20180605, build timestamp: 2018-06-05T17:11:56Z, git hash: 84205aa28f11a4f31f2a3b86d1bba2cc8ab69827
2019-08-20 14:55:49,317 INFO  handler.ContextHandler (ContextHandler.java:doStart(781)) - Started o.e.j.s.ServletContextHandler@79d94571{/logs,file:///workdir/hadoop-ozone/integration-test/target/log,AVAILABLE}
2019-08-20 14:55:49,318 INFO  handler.ContextHandler (ContextHandler.java:doStart(781)) - Started o.e.j.s.ServletContextHandler@3212a8d7{/static,file:///workdir/hadoop-ozone/integration-test/target/test-classes/webapps/static,AVAILABLE}
2019-08-20 14:55:49,349 INFO  handler.ContextHandler (ContextHandler.java:doStart(781)) - Started o.e.j.w.WebAppContext@4a3e3e8b{/,file:///workdir/hadoop-ozone/integration-test/target/test-classes/webapps/scm/,AVAILABLE}{/scm}
2019-08-20 14:55:49,355 INFO  server.AbstractConnector (AbstractConnector.java:doStart(278)) - Started ServerConnector@6e9319f{HTTP/1.1,[http/1.1]}{0.0.0.0:32993}
2019-08-20 14:55:49,355 INFO  server.Server (Server.java:doStart(419)) - Started @14228ms
2019-08-20 14:55:49,356 INFO  server.BaseHttpServer (BaseHttpServer.java:updateConnectorAddress(213)) - HTTP server of SCM is listening at http://0.0.0.0:32993
2019-08-20 14:55:49,362 INFO  util.JvmPauseMonitor (JvmPauseMonitor.java:run(188)) - Starting JVM pause monitor
2019-08-20 14:55:49,366 WARN  server.ServerUtils (ServerUtils.java:getDBPath(222)) - ozone.om.db.dirs is not configured. We recommend adding this setting. Falling back to ozone.metadata.dirs instead.
2019-08-20 14:55:49,467 WARN  server.ServerUtils (ServerUtils.java:getDBPath(222)) - ozone.om.db.dirs is not configured. We recommend adding this setting. Falling back to ozone.metadata.dirs instead.
2019-08-20 14:55:49,468 WARN  server.ServerUtils (ServerUtils.java:getDBPath(222)) - ozone.om.db.dirs is not configured. We recommend adding this setting. Falling back to ozone.metadata.dirs instead.
2019-08-20 14:55:49,469 INFO  om.OzoneManager (OzoneManager.java:setOMNodeDetails(648)) - OM Service ID is not set. Setting it to the default ID: omServiceIdDefault
2019-08-20 14:55:49,469 INFO  om.OzoneManager (OzoneManager.java:setOMNodeDetails(654)) - OM Node ID is not set. Setting it to the OmStorage's OmID: 8457d7ba-016d-4fed-a43a-5a48b3d1d170
2019-08-20 14:55:49,470 INFO  om.OzoneManager (OzoneManager.java:loadOMHAConfigs(605)) - Found matching OM address with OMServiceId: null, OMNodeId: null, RPC Address: localhost:0 and Ratis port: 9872
2019-08-20 14:55:50,185 WARN  server.ServerUtils (ServerUtils.java:getDBPath(222)) - ozone.om.db.dirs is not configured. We recommend adding this setting. Falling back to ozone.metadata.dirs instead.
2019-08-20 14:55:50,193 INFO  db.DBStoreBuilder (DBStoreBuilder.java:addTable(110)) - using custom profile for table: userTable
2019-08-20 14:55:50,193 INFO  db.DBStoreBuilder (DBStoreBuilder.java:processTables(161)) - Using default column profile:DBProfile.DISK for Table:userTable
2019-08-20 14:55:50,193 INFO  db.DBStoreBuilder (DBStoreBuilder.java:addTable(110)) - using custom profile for table: volumeTable
2019-08-20 14:55:50,193 INFO  db.DBStoreBuilder (DBStoreBuilder.java:processTables(161)) - Using default column profile:DBProfile.DISK for Table:volumeTable
2019-08-20 14:55:50,194 INFO  db.DBStoreBuilder (DBStoreBuilder.java:addTable(110)) - using custom profile for table: bucketTable
2019-08-20 14:55:50,194 INFO  db.DBStoreBuilder (DBStoreBuilder.java:processTables(161)) - Using default column profile:DBProfile.DISK for Table:bucketTable
2019-08-20 14:55:50,194 INFO  db.DBStoreBuilder (DBStoreBuilder.java:addTable(110)) - using custom profile for table: keyTable
2019-08-20 14:55:50,194 INFO  db.DBStoreBuilder (DBStoreBuilder.java:processTables(161)) - Using default column profile:DBProfile.DISK for Table:keyTable
2019-08-20 14:55:50,195 INFO  db.DBStoreBuilder (DBStoreBuilder.java:addTable(110)) - using custom profile for table: deletedTable
2019-08-20 14:55:50,195 INFO  db.DBStoreBuilder (DBStoreBuilder.java:processTables(161)) - Using default column profile:DBProfile.DISK for Table:deletedTable
2019-08-20 14:55:50,195 INFO  db.DBStoreBuilder (DBStoreBuilder.java:addTable(110)) - using custom profile for table: openKeyTable
2019-08-20 14:55:50,195 INFO  db.DBStoreBuilder (DBStoreBuilder.java:processTables(161)) - Using default column profile:DBProfile.DISK for Table:openKeyTable
2019-08-20 14:55:50,196 INFO  db.DBStoreBuilder (DBStoreBuilder.java:addTable(110)) - using custom profile for table: s3Table
2019-08-20 14:55:50,196 INFO  db.DBStoreBuilder (DBStoreBuilder.java:processTables(161)) - Using default column profile:DBProfile.DISK for Table:s3Table
2019-08-20 14:55:50,196 INFO  db.DBStoreBuilder (DBStoreBuilder.java:addTable(110)) - using custom profile for table: multipartInfoTable
2019-08-20 14:55:50,196 INFO  db.DBStoreBuilder (DBStoreBuilder.java:processTables(161)) - Using default column profile:DBProfile.DISK for Table:multipartInfoTable
2019-08-20 14:55:50,197 INFO  db.DBStoreBuilder (DBStoreBuilder.java:addTable(110)) - using custom profile for table: dTokenTable
2019-08-20 14:55:50,197 INFO  db.DBStoreBuilder (DBStoreBuilder.java:processTables(161)) - Using default column profile:DBProfile.DISK for Table:dTokenTable
2019-08-20 14:55:50,197 INFO  db.DBStoreBuilder (DBStoreBuilder.java:addTable(110)) - using custom profile for table: s3SecretTable
2019-08-20 14:55:50,197 INFO  db.DBStoreBuilder (DBStoreBuilder.java:processTables(161)) - Using default column profile:DBProfile.DISK for Table:s3SecretTable
2019-08-20 14:55:50,198 INFO  db.DBStoreBuilder (DBStoreBuilder.java:addTable(110)) - using custom profile for table: prefixTable
2019-08-20 14:55:50,198 INFO  db.DBStoreBuilder (DBStoreBuilder.java:processTables(161)) - Using default column profile:DBProfile.DISK for Table:prefixTable
2019-08-20 14:55:50,198 INFO  db.DBStoreBuilder (DBStoreBuilder.java:addTable(110)) - using custom profile for table: default
2019-08-20 14:55:50,198 INFO  db.DBStoreBuilder (DBStoreBuilder.java:processTables(167)) - Using default column profile:DBProfile.DISK for Table:default
2019-08-20 14:55:50,199 INFO  db.DBStoreBuilder (DBStoreBuilder.java:getDbProfile(198)) - Using default options. DBProfile.DISK
2019-08-20 14:55:51,677 INFO  ipc.CallQueueManager (CallQueueManager.java:<init>(84)) - Using callQueue: class java.util.concurrent.LinkedBlockingQueue, queueCapacity: 2000, scheduler: class org.apache.hadoop.ipc.DefaultRpcScheduler, ipcBackoff: false.
2019-08-20 14:55:51,678 INFO  ipc.Server (Server.java:run(1074)) - Starting Socket Reader #1 for port 40191
2019-08-20 14:55:51,697 INFO  om.OzoneManager (OzoneManager.java:start(1259)) - OzoneManager RPC server is listening at localhost/127.0.0.1:40191
2019-08-20 14:55:51,697 INFO  impl.MetricsSystemImpl (MetricsSystemImpl.java:init(158)) - OzoneManager metrics system started (again)
2019-08-20 14:55:51,698 INFO  ipc.Server (Server.java:run(1314)) - IPC Server Responder: starting
2019-08-20 14:55:51,698 INFO  ipc.Server (Server.java:run(1153)) - IPC Server listener on 40191: starting
2019-08-20 14:55:51,703 INFO  hdfs.DFSUtil (DFSUtil.java:httpServerTemplateForNNAndJN(1641)) - Starting Web-server for ozoneManager at: http://0.0.0.0:0
2019-08-20 14:55:51,704 INFO  server.AuthenticationFilter (AuthenticationFilter.java:constructSecretProvider(240)) - Unable to initialize FileSignerSecretProvider, falling back to use random secrets.
2019-08-20 14:55:51,705 WARN  http.HttpRequestLog (HttpRequestLog.java:getRequestLog(97)) - Jetty request log can only be enabled using Log4j
2019-08-20 14:55:51,707 INFO  http.HttpServer2 (HttpServer2.java:addGlobalFilter(975)) - Added global filter 'safety' (class=org.apache.hadoop.http.HttpServer2$QuotingInputFilter)
2019-08-20 14:55:51,708 INFO  http.HttpServer2 (HttpServer2.java:addFilter(948)) - Added filter static_user_filter (class=org.apache.hadoop.http.lib.StaticUserWebFilter$StaticUserFilter) to context ozoneManager
2019-08-20 14:55:51,708 INFO  http.HttpServer2 (HttpServer2.java:addFilter(958)) - Added filter static_user_filter (class=org.apache.hadoop.http.lib.StaticUserWebFilter$StaticUserFilter) to context static
2019-08-20 14:55:51,708 INFO  http.HttpServer2 (HttpServer2.java:addFilter(958)) - Added filter static_user_filter (class=org.apache.hadoop.http.lib.StaticUserWebFilter$StaticUserFilter) to context logs
2019-08-20 14:55:51,710 INFO  http.HttpServer2 (HttpServer2.java:bindListener(1191)) - Jetty bound to port 33595
2019-08-20 14:55:51,710 INFO  server.Server (Server.java:doStart(351)) - jetty-9.3.24.v20180605, build timestamp: 2018-06-05T17:11:56Z, git hash: 84205aa28f11a4f31f2a3b86d1bba2cc8ab69827
2019-08-20 14:55:51,712 INFO  handler.ContextHandler (ContextHandler.java:doStart(781)) - Started o.e.j.s.ServletContextHandler@7c28c1{/logs,file:///workdir/hadoop-ozone/integration-test/target/log,AVAILABLE}
2019-08-20 14:55:51,713 INFO  handler.ContextHandler (ContextHandler.java:doStart(781)) - Started o.e.j.s.ServletContextHandler@67ec8477{/static,file:///workdir/hadoop-ozone/integration-test/target/test-classes/webapps/static,AVAILABLE}
2019-08-20 14:55:51,718 INFO  handler.ContextHandler (ContextHandler.java:doStart(781)) - Started o.e.j.w.WebAppContext@1dab9dd6{/,file:///workdir/hadoop-ozone/integration-test/target/test-classes/webapps/ozoneManager/,AVAILABLE}{/ozoneManager}
2019-08-20 14:55:51,718 INFO  server.AbstractConnector (AbstractConnector.java:doStart(278)) - Started ServerConnector@247667dd{HTTP/1.1,[http/1.1]}{0.0.0.0:33595}
2019-08-20 14:55:51,719 INFO  server.Server (Server.java:doStart(419)) - Started @16591ms
2019-08-20 14:55:51,720 INFO  server.BaseHttpServer (BaseHttpServer.java:updateConnectorAddress(213)) - HTTP server of OZONEMANAGER is listening at http://0.0.0.0:33595
2019-08-20 14:55:51,976 INFO  impl.MetricsSystemImpl (MetricsSystemImpl.java:init(158)) - HddsDatanode metrics system started (again)
2019-08-20 14:55:52,064 INFO  ozone.HddsDatanodeService (HddsDatanodeService.java:start(184)) - HddsDatanodeService host:pr-hdds-1054-6hltv-2752131155 ip:192.168.69.107
2019-08-20 14:55:52,095 INFO  volume.HddsVolume (HddsVolume.java:<init>(176)) - Creating Volume: /workdir/hadoop-ozone/integration-test/target/test-dir/MiniOzoneClusterImpl-695552eb-70e7-4800-ab80-1fd0bd7a96c2/datanode-0/data/containers/hdds of  storage type : DISK and capacity : 1482555576320
2019-08-20 14:55:52,097 INFO  volume.VolumeSet (VolumeSet.java:initializeVolumeSet(170)) - Added Volume : /workdir/hadoop-ozone/integration-test/target/test-dir/MiniOzoneClusterImpl-695552eb-70e7-4800-ab80-1fd0bd7a96c2/datanode-0/data/containers/hdds to VolumeSet
2019-08-20 14:55:52,100 INFO  volume.ThrottledAsyncChecker (ThrottledAsyncChecker.java:schedule(140)) - Scheduling a check for org.apache.hadoop.ozone.container.common.volume.HddsVolume@35088e87
2019-08-20 14:55:52,121 INFO  volume.HddsVolumeChecker (HddsVolumeChecker.java:checkAllVolumes(203)) - Scheduled health check for volume org.apache.hadoop.ozone.container.common.volume.HddsVolume@35088e87
2019-08-20 14:55:52,230 INFO  impl.RaftServerProxy (ConfUtils.java:logGet(43)) - raft.rpc.type = GRPC (default)
2019-08-20 14:55:52,297 INFO  grpc.GrpcFactory (GrpcFactory.java:checkPooledByteBufAllocatorUseCacheForAllThreads(45)) - PERFORMANCE WARNING: useCacheForAllThreads is true that may cause Netty to create a lot garbage objects and, as a result, trigger GC.
	It is recommended to disable useCacheForAllThreads by setting -Dorg.apache.ratis.thirdparty.io.netty.allocator.useCacheForAllThreads=false in command line.
2019-08-20 14:55:52,301 INFO  grpc.GrpcConfigKeys$Server (ConfUtils.java:logGet(43)) - raft.grpc.server.port = 0 (default)
2019-08-20 14:55:52,302 INFO  server.GrpcService (ConfUtils.java:logGet(43)) - raft.grpc.message.size.max = 33570816 (custom)
2019-08-20 14:55:52,304 INFO  server.RaftServerConfigKeys (ConfUtils.java:logGet(43)) - raft.server.log.appender.buffer.byte-limit = 33554432 (custom)
2019-08-20 14:55:52,305 INFO  server.GrpcService (ConfUtils.java:logGet(43)) - raft.grpc.flow.control.window = 1MB (=1048576) (default)
2019-08-20 14:55:52,306 INFO  server.RaftServerConfigKeys (ConfUtils.java:logGet(43)) - raft.server.rpc.request.timeout = 3000ms (default)
2019-08-20 14:55:52,464 INFO  server.RaftServerConfigKeys (ConfUtils.java:logGet(43)) - raft.server.storage.dir = [/workdir/hadoop-ozone/integration-test/target/test-dir/MiniOzoneClusterImpl-695552eb-70e7-4800-ab80-1fd0bd7a96c2/datanode-0/data/ratis] (custom)
2019-08-20 14:55:52,500 INFO  replication.SimpleContainerDownloader (SimpleContainerDownloader.java:<init>(72)) - Starting container downloader service to copy containers to replicate.
2019-08-20 14:55:52,513 INFO  hdfs.DFSUtil (DFSUtil.java:httpServerTemplateForNNAndJN(1641)) - Starting Web-server for hddsDatanode at: http://0.0.0.0:0
2019-08-20 14:55:52,514 INFO  server.AuthenticationFilter (AuthenticationFilter.java:constructSecretProvider(240)) - Unable to initialize FileSignerSecretProvider, falling back to use random secrets.
2019-08-20 14:55:52,515 WARN  http.HttpRequestLog (HttpRequestLog.java:getRequestLog(97)) - Jetty request log can only be enabled using Log4j
2019-08-20 14:55:52,517 INFO  http.HttpServer2 (HttpServer2.java:addGlobalFilter(975)) - Added global filter 'safety' (class=org.apache.hadoop.http.HttpServer2$QuotingInputFilter)
2019-08-20 14:55:52,517 INFO  http.HttpServer2 (HttpServer2.java:addFilter(948)) - Added filter static_user_filter (class=org.apache.hadoop.http.lib.StaticUserWebFilter$StaticUserFilter) to context hddsDatanode
2019-08-20 14:55:52,518 INFO  http.HttpServer2 (HttpServer2.java:addFilter(958)) - Added filter static_user_filter (class=org.apache.hadoop.http.lib.StaticUserWebFilter$StaticUserFilter) to context logs
2019-08-20 14:55:52,518 INFO  http.HttpServer2 (HttpServer2.java:addFilter(958)) - Added filter static_user_filter (class=org.apache.hadoop.http.lib.StaticUserWebFilter$StaticUserFilter) to context static
2019-08-20 14:55:52,519 INFO  http.HttpServer2 (HttpServer2.java:bindListener(1191)) - Jetty bound to port 44410
2019-08-20 14:55:52,519 INFO  server.Server (Server.java:doStart(351)) - jetty-9.3.24.v20180605, build timestamp: 2018-06-05T17:11:56Z, git hash: 84205aa28f11a4f31f2a3b86d1bba2cc8ab69827
2019-08-20 14:55:52,522 INFO  handler.ContextHandler (ContextHandler.java:doStart(781)) - Started o.e.j.s.ServletContextHandler@7efd28bd{/logs,file:///workdir/hadoop-ozone/integration-test/target/log,AVAILABLE}
2019-08-20 14:55:52,523 INFO  handler.ContextHandler (ContextHandler.java:doStart(781)) - Started o.e.j.s.ServletContextHandler@7718a40f{/static,jar:file:/home/user/.m2/repository/org/apache/hadoop/hadoop-hdds-container-service/0.5.0-SNAPSHOT/hadoop-hdds-container-service-0.5.0-SNAPSHOT.jar!/webapps/static,AVAILABLE}
2019-08-20 14:55:52,556 INFO  handler.ContextHandler (ContextHandler.java:doStart(781)) - Started o.e.j.w.WebAppContext@33899f7a{/,file:///tmp/jetty-0.0.0.0-44410-hddsDatanode-_-any-1185378248571045106.dir/webapp/,AVAILABLE}{/hddsDatanode}
2019-08-20 14:55:52,557 INFO  server.AbstractConnector (AbstractConnector.java:doStart(278)) - Started ServerConnector@7899de11{HTTP/1.1,[http/1.1]}{0.0.0.0:44410}
2019-08-20 14:55:52,557 INFO  server.Server (Server.java:doStart(419)) - Started @17430ms
2019-08-20 14:55:52,558 INFO  server.BaseHttpServer (BaseHttpServer.java:updateConnectorAddress(213)) - HTTP server of HDDSDATANODE is listening at http://0.0.0.0:44410
2019-08-20 14:55:53,630 INFO  ozone.HddsDatanodeService (HddsDatanodeService.java:startPlugins(395)) - Started plug-in org.apache.hadoop.ozone.web.OzoneHddsDatanodeService@a85644c
2019-08-20 14:55:53,631 INFO  impl.MetricsSystemImpl (MetricsSystemImpl.java:init(158)) - HddsDatanode metrics system started (again)
2019-08-20 14:55:53,633 INFO  ozone.HddsDatanodeService (HddsDatanodeService.java:start(184)) - HddsDatanodeService host:pr-hdds-1054-6hltv-2752131155 ip:192.168.69.107
2019-08-20 14:55:53,636 INFO  util.JvmPauseMonitor (JvmPauseMonitor.java:run(188)) - Starting JVM pause monitor
2019-08-20 14:55:53,642 INFO  volume.HddsVolume (HddsVolume.java:<init>(176)) - Creating Volume: /workdir/hadoop-ozone/integration-test/target/test-dir/MiniOzoneClusterImpl-695552eb-70e7-4800-ab80-1fd0bd7a96c2/datanode-1/data/containers/hdds of  storage type : DISK and capacity : 1482555576320
2019-08-20 14:55:53,642 INFO  volume.VolumeSet (VolumeSet.java:initializeVolumeSet(170)) - Added Volume : /workdir/hadoop-ozone/integration-test/target/test-dir/MiniOzoneClusterImpl-695552eb-70e7-4800-ab80-1fd0bd7a96c2/datanode-1/data/containers/hdds to VolumeSet
2019-08-20 14:55:53,643 INFO  volume.ThrottledAsyncChecker (ThrottledAsyncChecker.java:schedule(140)) - Scheduling a check for org.apache.hadoop.ozone.container.common.volume.HddsVolume@3bb9ca38
2019-08-20 14:55:53,643 INFO  volume.HddsVolumeChecker (HddsVolumeChecker.java:checkAllVolumes(203)) - Scheduled health check for volume org.apache.hadoop.ozone.container.common.volume.HddsVolume@3bb9ca38
2019-08-20 14:55:53,657 INFO  impl.RaftServerProxy (ConfUtils.java:logGet(43)) - raft.rpc.type = GRPC (default)
2019-08-20 14:55:53,658 INFO  grpc.GrpcFactory (GrpcFactory.java:checkPooledByteBufAllocatorUseCacheForAllThreads(45)) - PERFORMANCE WARNING: useCacheForAllThreads is true that may cause Netty to create a lot garbage objects and, as a result, trigger GC.
	It is recommended to disable useCacheForAllThreads by setting -Dorg.apache.ratis.thirdparty.io.netty.allocator.useCacheForAllThreads=false in command line.
2019-08-20 14:55:53,658 INFO  grpc.GrpcConfigKeys$Server (ConfUtils.java:logGet(43)) - raft.grpc.server.port = 0 (default)
2019-08-20 14:55:53,658 INFO  server.GrpcService (ConfUtils.java:logGet(43)) - raft.grpc.message.size.max = 33570816 (custom)
2019-08-20 14:55:53,658 INFO  server.RaftServerConfigKeys (ConfUtils.java:logGet(43)) - raft.server.log.appender.buffer.byte-limit = 33554432 (custom)
2019-08-20 14:55:53,659 INFO  server.GrpcService (ConfUtils.java:logGet(43)) - raft.grpc.flow.control.window = 1MB (=1048576) (default)
2019-08-20 14:55:53,659 INFO  server.RaftServerConfigKeys (ConfUtils.java:logGet(43)) - raft.server.rpc.request.timeout = 3000ms (default)
2019-08-20 14:55:53,659 INFO  server.RaftServerConfigKeys (ConfUtils.java:logGet(43)) - raft.server.storage.dir = [/workdir/hadoop-ozone/integration-test/target/test-dir/MiniOzoneClusterImpl-695552eb-70e7-4800-ab80-1fd0bd7a96c2/datanode-1/data/ratis] (custom)
2019-08-20 14:55:53,660 INFO  replication.SimpleContainerDownloader (SimpleContainerDownloader.java:<init>(72)) - Starting container downloader service to copy containers to replicate.
2019-08-20 14:55:53,661 INFO  hdfs.DFSUtil (DFSUtil.java:httpServerTemplateForNNAndJN(1641)) - Starting Web-server for hddsDatanode at: http://0.0.0.0:0
2019-08-20 14:55:53,663 INFO  server.AuthenticationFilter (AuthenticationFilter.java:constructSecretProvider(240)) - Unable to initialize FileSignerSecretProvider, falling back to use random secrets.
2019-08-20 14:55:53,664 WARN  http.HttpRequestLog (HttpRequestLog.java:getRequestLog(97)) - Jetty request log can only be enabled using Log4j
2019-08-20 14:55:53,667 INFO  http.HttpServer2 (HttpServer2.java:addGlobalFilter(975)) - Added global filter 'safety' (class=org.apache.hadoop.http.HttpServer2$QuotingInputFilter)
2019-08-20 14:55:53,668 INFO  http.HttpServer2 (HttpServer2.java:addFilter(948)) - Added filter static_user_filter (class=org.apache.hadoop.http.lib.StaticUserWebFilter$StaticUserFilter) to context hddsDatanode
2019-08-20 14:55:53,668 INFO  http.HttpServer2 (HttpServer2.java:addFilter(958)) - Added filter static_user_filter (class=org.apache.hadoop.http.lib.StaticUserWebFilter$StaticUserFilter) to context logs
2019-08-20 14:55:53,668 INFO  http.HttpServer2 (HttpServer2.java:addFilter(958)) - Added filter static_user_filter (class=org.apache.hadoop.http.lib.StaticUserWebFilter$StaticUserFilter) to context static
2019-08-20 14:55:53,669 INFO  http.HttpServer2 (HttpServer2.java:bindListener(1191)) - Jetty bound to port 38650
2019-08-20 14:55:53,670 INFO  server.Server (Server.java:doStart(351)) - jetty-9.3.24.v20180605, build timestamp: 2018-06-05T17:11:56Z, git hash: 84205aa28f11a4f31f2a3b86d1bba2cc8ab69827
2019-08-20 14:55:53,672 INFO  handler.ContextHandler (ContextHandler.java:doStart(781)) - Started o.e.j.s.ServletContextHandler@1e12a5a6{/logs,file:///workdir/hadoop-ozone/integration-test/target/log,AVAILABLE}
2019-08-20 14:55:53,673 INFO  handler.ContextHandler (ContextHandler.java:doStart(781)) - Started o.e.j.s.ServletContextHandler@47a7c93e{/static,jar:file:/home/user/.m2/repository/org/apache/hadoop/hadoop-hdds-container-service/0.5.0-SNAPSHOT/hadoop-hdds-container-service-0.5.0-SNAPSHOT.jar!/webapps/static,AVAILABLE}
2019-08-20 14:55:53,704 INFO  handler.ContextHandler (ContextHandler.java:doStart(781)) - Started o.e.j.w.WebAppContext@2c1f8dbd{/,file:///tmp/jetty-0.0.0.0-38650-hddsDatanode-_-any-1580872660793791598.dir/webapp/,AVAILABLE}{/hddsDatanode}
2019-08-20 14:55:53,705 INFO  server.AbstractConnector (AbstractConnector.java:doStart(278)) - Started ServerConnector@55c57422{HTTP/1.1,[http/1.1]}{0.0.0.0:38650}
2019-08-20 14:55:53,706 INFO  server.Server (Server.java:doStart(419)) - Started @18578ms
2019-08-20 14:55:53,707 INFO  server.BaseHttpServer (BaseHttpServer.java:updateConnectorAddress(213)) - HTTP server of HDDSDATANODE is listening at http://0.0.0.0:38650
2019-08-20 14:55:53,765 INFO  datanode.InitDatanodeState (InitDatanodeState.java:persistContainerDatanodeDetails(140)) - DatanodeDetails is persisted to /workdir/hadoop-ozone/integration-test/target/test-dir/MiniOzoneClusterImpl-695552eb-70e7-4800-ab80-1fd0bd7a96c2/datanode-0/meta/datanode.id
2019-08-20 14:55:53,856 INFO  ozone.HddsDatanodeService (HddsDatanodeService.java:startPlugins(395)) - Started plug-in org.apache.hadoop.ozone.web.OzoneHddsDatanodeService@6b37df8e
2019-08-20 14:55:53,857 INFO  impl.MetricsSystemImpl (MetricsSystemImpl.java:init(158)) - HddsDatanode metrics system started (again)
2019-08-20 14:55:53,859 INFO  util.JvmPauseMonitor (JvmPauseMonitor.java:run(188)) - Starting JVM pause monitor
2019-08-20 14:55:53,860 INFO  ozone.HddsDatanodeService (HddsDatanodeService.java:start(184)) - HddsDatanodeService host:pr-hdds-1054-6hltv-2752131155 ip:192.168.69.107
2019-08-20 14:55:53,864 INFO  datanode.InitDatanodeState (InitDatanodeState.java:persistContainerDatanodeDetails(140)) - DatanodeDetails is persisted to /workdir/hadoop-ozone/integration-test/target/test-dir/MiniOzoneClusterImpl-695552eb-70e7-4800-ab80-1fd0bd7a96c2/datanode-1/meta/datanode.id
2019-08-20 14:55:53,869 INFO  volume.HddsVolume (HddsVolume.java:<init>(176)) - Creating Volume: /workdir/hadoop-ozone/integration-test/target/test-dir/MiniOzoneClusterImpl-695552eb-70e7-4800-ab80-1fd0bd7a96c2/datanode-2/data/containers/hdds of  storage type : DISK and capacity : 1482555576320
2019-08-20 14:55:53,869 INFO  volume.VolumeSet (VolumeSet.java:initializeVolumeSet(170)) - Added Volume : /workdir/hadoop-ozone/integration-test/target/test-dir/MiniOzoneClusterImpl-695552eb-70e7-4800-ab80-1fd0bd7a96c2/datanode-2/data/containers/hdds to VolumeSet
2019-08-20 14:55:53,870 INFO  volume.ThrottledAsyncChecker (ThrottledAsyncChecker.java:schedule(140)) - Scheduling a check for org.apache.hadoop.ozone.container.common.volume.HddsVolume@622d7e4
2019-08-20 14:55:53,870 INFO  volume.HddsVolumeChecker (HddsVolumeChecker.java:checkAllVolumes(203)) - Scheduled health check for volume org.apache.hadoop.ozone.container.common.volume.HddsVolume@622d7e4
2019-08-20 14:55:53,884 INFO  impl.RaftServerProxy (ConfUtils.java:logGet(43)) - raft.rpc.type = GRPC (default)
2019-08-20 14:55:53,885 INFO  grpc.GrpcFactory (GrpcFactory.java:checkPooledByteBufAllocatorUseCacheForAllThreads(45)) - PERFORMANCE WARNING: useCacheForAllThreads is true that may cause Netty to create a lot garbage objects and, as a result, trigger GC.
	It is recommended to disable useCacheForAllThreads by setting -Dorg.apache.ratis.thirdparty.io.netty.allocator.useCacheForAllThreads=false in command line.
2019-08-20 14:55:53,885 INFO  grpc.GrpcConfigKeys$Server (ConfUtils.java:logGet(43)) - raft.grpc.server.port = 0 (default)
2019-08-20 14:55:53,885 INFO  server.GrpcService (ConfUtils.java:logGet(43)) - raft.grpc.message.size.max = 33570816 (custom)
2019-08-20 14:55:53,886 INFO  server.RaftServerConfigKeys (ConfUtils.java:logGet(43)) - raft.server.log.appender.buffer.byte-limit = 33554432 (custom)
2019-08-20 14:55:53,886 INFO  server.GrpcService (ConfUtils.java:logGet(43)) - raft.grpc.flow.control.window = 1MB (=1048576) (default)
2019-08-20 14:55:53,886 INFO  server.RaftServerConfigKeys (ConfUtils.java:logGet(43)) - raft.server.rpc.request.timeout = 3000ms (default)
2019-08-20 14:55:53,887 INFO  server.RaftServerConfigKeys (ConfUtils.java:logGet(43)) - raft.server.storage.dir = [/workdir/hadoop-ozone/integration-test/target/test-dir/MiniOzoneClusterImpl-695552eb-70e7-4800-ab80-1fd0bd7a96c2/datanode-2/data/ratis] (custom)
2019-08-20 14:55:53,887 INFO  replication.SimpleContainerDownloader (SimpleContainerDownloader.java:<init>(72)) - Starting container downloader service to copy containers to replicate.
2019-08-20 14:55:53,889 INFO  hdfs.DFSUtil (DFSUtil.java:httpServerTemplateForNNAndJN(1641)) - Starting Web-server for hddsDatanode at: http://0.0.0.0:0
2019-08-20 14:55:53,890 INFO  server.AuthenticationFilter (AuthenticationFilter.java:constructSecretProvider(240)) - Unable to initialize FileSignerSecretProvider, falling back to use random secrets.
2019-08-20 14:55:53,891 WARN  http.HttpRequestLog (HttpRequestLog.java:getRequestLog(97)) - Jetty request log can only be enabled using Log4j
2019-08-20 14:55:53,893 INFO  http.HttpServer2 (HttpServer2.java:addGlobalFilter(975)) - Added global filter 'safety' (class=org.apache.hadoop.http.HttpServer2$QuotingInputFilter)
2019-08-20 14:55:53,894 INFO  http.HttpServer2 (HttpServer2.java:addFilter(948)) - Added filter static_user_filter (class=org.apache.hadoop.http.lib.StaticUserWebFilter$StaticUserFilter) to context hddsDatanode
2019-08-20 14:55:53,894 INFO  http.HttpServer2 (HttpServer2.java:addFilter(958)) - Added filter static_user_filter (class=org.apache.hadoop.http.lib.StaticUserWebFilter$StaticUserFilter) to context static
2019-08-20 14:55:53,894 INFO  http.HttpServer2 (HttpServer2.java:addFilter(958)) - Added filter static_user_filter (class=org.apache.hadoop.http.lib.StaticUserWebFilter$StaticUserFilter) to context logs
2019-08-20 14:55:53,895 INFO  http.HttpServer2 (HttpServer2.java:bindListener(1191)) - Jetty bound to port 36742
2019-08-20 14:55:53,895 INFO  server.Server (Server.java:doStart(351)) - jetty-9.3.24.v20180605, build timestamp: 2018-06-05T17:11:56Z, git hash: 84205aa28f11a4f31f2a3b86d1bba2cc8ab69827
2019-08-20 14:55:53,899 INFO  handler.ContextHandler (ContextHandler.java:doStart(781)) - Started o.e.j.s.ServletContextHandler@100aa331{/logs,file:///workdir/hadoop-ozone/integration-test/target/log,AVAILABLE}
2019-08-20 14:55:53,900 INFO  handler.ContextHandler (ContextHandler.java:doStart(781)) - Started o.e.j.s.ServletContextHandler@724bf25f{/static,jar:file:/home/user/.m2/repository/org/apache/hadoop/hadoop-hdds-container-service/0.5.0-SNAPSHOT/hadoop-hdds-container-service-0.5.0-SNAPSHOT.jar!/webapps/static,AVAILABLE}
2019-08-20 14:55:53,937 INFO  handler.ContextHandler (ContextHandler.java:doStart(781)) - Started o.e.j.w.WebAppContext@5e1a986c{/,file:///tmp/jetty-0.0.0.0-36742-hddsDatanode-_-any-4348307654942405592.dir/webapp/,AVAILABLE}{/hddsDatanode}
2019-08-20 14:55:53,939 INFO  server.AbstractConnector (AbstractConnector.java:doStart(278)) - Started ServerConnector@4b55ff0a{HTTP/1.1,[http/1.1]}{0.0.0.0:36742}
2019-08-20 14:55:53,939 INFO  server.Server (Server.java:doStart(419)) - Started @18812ms
2019-08-20 14:55:53,940 INFO  server.BaseHttpServer (BaseHttpServer.java:updateConnectorAddress(213)) - HTTP server of HDDSDATANODE is listening at http://0.0.0.0:36742
2019-08-20 14:55:54,125 INFO  ozone.HddsDatanodeService (HddsDatanodeService.java:startPlugins(395)) - Started plug-in org.apache.hadoop.ozone.web.OzoneHddsDatanodeService@4b957db0
2019-08-20 14:55:54,125 INFO  impl.MetricsSystemImpl (MetricsSystemImpl.java:init(158)) - HddsDatanode metrics system started (again)
2019-08-20 14:55:54,129 INFO  ozone.HddsDatanodeService (HddsDatanodeService.java:start(184)) - HddsDatanodeService host:pr-hdds-1054-6hltv-2752131155 ip:192.168.69.107
2019-08-20 14:55:54,129 INFO  util.JvmPauseMonitor (JvmPauseMonitor.java:run(188)) - Starting JVM pause monitor
2019-08-20 14:55:54,132 INFO  datanode.InitDatanodeState (InitDatanodeState.java:persistContainerDatanodeDetails(140)) - DatanodeDetails is persisted to /workdir/hadoop-ozone/integration-test/target/test-dir/MiniOzoneClusterImpl-695552eb-70e7-4800-ab80-1fd0bd7a96c2/datanode-2/meta/datanode.id
2019-08-20 14:55:54,137 INFO  volume.HddsVolume (HddsVolume.java:<init>(176)) - Creating Volume: /workdir/hadoop-ozone/integration-test/target/test-dir/MiniOzoneClusterImpl-695552eb-70e7-4800-ab80-1fd0bd7a96c2/datanode-3/data/containers/hdds of  storage type : DISK and capacity : 1482555576320
2019-08-20 14:55:54,137 INFO  volume.VolumeSet (VolumeSet.java:initializeVolumeSet(170)) - Added Volume : /workdir/hadoop-ozone/integration-test/target/test-dir/MiniOzoneClusterImpl-695552eb-70e7-4800-ab80-1fd0bd7a96c2/datanode-3/data/containers/hdds to VolumeSet
2019-08-20 14:55:54,138 INFO  volume.ThrottledAsyncChecker (ThrottledAsyncChecker.java:schedule(140)) - Scheduling a check for org.apache.hadoop.ozone.container.common.volume.HddsVolume@47044f7d
2019-08-20 14:55:54,138 INFO  volume.HddsVolumeChecker (HddsVolumeChecker.java:checkAllVolumes(203)) - Scheduled health check for volume org.apache.hadoop.ozone.container.common.volume.HddsVolume@47044f7d
2019-08-20 14:55:54,152 INFO  impl.RaftServerProxy (ConfUtils.java:logGet(43)) - raft.rpc.type = GRPC (default)
2019-08-20 14:55:54,153 INFO  grpc.GrpcFactory (GrpcFactory.java:checkPooledByteBufAllocatorUseCacheForAllThreads(45)) - PERFORMANCE WARNING: useCacheForAllThreads is true that may cause Netty to create a lot garbage objects and, as a result, trigger GC.
	It is recommended to disable useCacheForAllThreads by setting -Dorg.apache.ratis.thirdparty.io.netty.allocator.useCacheForAllThreads=false in command line.
2019-08-20 14:55:54,153 INFO  grpc.GrpcConfigKeys$Server (ConfUtils.java:logGet(43)) - raft.grpc.server.port = 0 (default)
2019-08-20 14:55:54,153 INFO  server.GrpcService (ConfUtils.java:logGet(43)) - raft.grpc.message.size.max = 33570816 (custom)
2019-08-20 14:55:54,153 INFO  server.RaftServerConfigKeys (ConfUtils.java:logGet(43)) - raft.server.log.appender.buffer.byte-limit = 33554432 (custom)
2019-08-20 14:55:54,153 INFO  server.GrpcService (ConfUtils.java:logGet(43)) - raft.grpc.flow.control.window = 1MB (=1048576) (default)
2019-08-20 14:55:54,154 INFO  server.RaftServerConfigKeys (ConfUtils.java:logGet(43)) - raft.server.rpc.request.timeout = 3000ms (default)
2019-08-20 14:55:54,154 INFO  server.RaftServerConfigKeys (ConfUtils.java:logGet(43)) - raft.server.storage.dir = [/workdir/hadoop-ozone/integration-test/target/test-dir/MiniOzoneClusterImpl-695552eb-70e7-4800-ab80-1fd0bd7a96c2/datanode-3/data/ratis] (custom)
2019-08-20 14:55:54,155 INFO  replication.SimpleContainerDownloader (SimpleContainerDownloader.java:<init>(72)) - Starting container downloader service to copy containers to replicate.
2019-08-20 14:55:54,156 INFO  hdfs.DFSUtil (DFSUtil.java:httpServerTemplateForNNAndJN(1641)) - Starting Web-server for hddsDatanode at: http://0.0.0.0:0
2019-08-20 14:55:54,158 INFO  server.AuthenticationFilter (AuthenticationFilter.java:constructSecretProvider(240)) - Unable to initialize FileSignerSecretProvider, falling back to use random secrets.
2019-08-20 14:55:54,158 WARN  http.HttpRequestLog (HttpRequestLog.java:getRequestLog(97)) - Jetty request log can only be enabled using Log4j
2019-08-20 14:55:54,161 INFO  http.HttpServer2 (HttpServer2.java:addGlobalFilter(975)) - Added global filter 'safety' (class=org.apache.hadoop.http.HttpServer2$QuotingInputFilter)
2019-08-20 14:55:54,161 INFO  http.HttpServer2 (HttpServer2.java:addFilter(948)) - Added filter static_user_filter (class=org.apache.hadoop.http.lib.StaticUserWebFilter$StaticUserFilter) to context hddsDatanode
2019-08-20 14:55:54,162 INFO  http.HttpServer2 (HttpServer2.java:addFilter(958)) - Added filter static_user_filter (class=org.apache.hadoop.http.lib.StaticUserWebFilter$StaticUserFilter) to context static
2019-08-20 14:55:54,162 INFO  http.HttpServer2 (HttpServer2.java:addFilter(958)) - Added filter static_user_filter (class=org.apache.hadoop.http.lib.StaticUserWebFilter$StaticUserFilter) to context logs
2019-08-20 14:55:54,163 INFO  http.HttpServer2 (HttpServer2.java:bindListener(1191)) - Jetty bound to port 42599
2019-08-20 14:55:54,163 INFO  server.Server (Server.java:doStart(351)) - jetty-9.3.24.v20180605, build timestamp: 2018-06-05T17:11:56Z, git hash: 84205aa28f11a4f31f2a3b86d1bba2cc8ab69827
2019-08-20 14:55:54,165 INFO  handler.ContextHandler (ContextHandler.java:doStart(781)) - Started o.e.j.s.ServletContextHandler@7d3691e1{/logs,file:///workdir/hadoop-ozone/integration-test/target/log,AVAILABLE}
2019-08-20 14:55:54,166 INFO  handler.ContextHandler (ContextHandler.java:doStart(781)) - Started o.e.j.s.ServletContextHandler@44bc2449{/static,jar:file:/home/user/.m2/repository/org/apache/hadoop/hadoop-hdds-container-service/0.5.0-SNAPSHOT/hadoop-hdds-container-service-0.5.0-SNAPSHOT.jar!/webapps/static,AVAILABLE}
2019-08-20 14:55:54,203 INFO  handler.ContextHandler (ContextHandler.java:doStart(781)) - Started o.e.j.w.WebAppContext@6dcab9d9{/,file:///tmp/jetty-0.0.0.0-42599-hddsDatanode-_-any-5490821742110234636.dir/webapp/,AVAILABLE}{/hddsDatanode}
2019-08-20 14:55:54,205 INFO  server.AbstractConnector (AbstractConnector.java:doStart(278)) - Started ServerConnector@5a14e60d{HTTP/1.1,[http/1.1]}{0.0.0.0:42599}
2019-08-20 14:55:54,205 INFO  server.Server (Server.java:doStart(419)) - Started @19078ms
2019-08-20 14:55:54,206 INFO  server.BaseHttpServer (BaseHttpServer.java:updateConnectorAddress(213)) - HTTP server of HDDSDATANODE is listening at http://0.0.0.0:42599
2019-08-20 14:55:54,347 INFO  ozone.HddsDatanodeService (HddsDatanodeService.java:startPlugins(395)) - Started plug-in org.apache.hadoop.ozone.web.OzoneHddsDatanodeService@afde064
2019-08-20 14:55:54,347 INFO  impl.MetricsSystemImpl (MetricsSystemImpl.java:init(158)) - HddsDatanode metrics system started (again)
2019-08-20 14:55:54,349 INFO  util.JvmPauseMonitor (JvmPauseMonitor.java:run(188)) - Starting JVM pause monitor
2019-08-20 14:55:54,351 INFO  datanode.InitDatanodeState (InitDatanodeState.java:persistContainerDatanodeDetails(140)) - DatanodeDetails is persisted to /workdir/hadoop-ozone/integration-test/target/test-dir/MiniOzoneClusterImpl-695552eb-70e7-4800-ab80-1fd0bd7a96c2/datanode-3/meta/datanode.id
2019-08-20 14:55:54,351 INFO  ozone.HddsDatanodeService (HddsDatanodeService.java:start(184)) - HddsDatanodeService host:pr-hdds-1054-6hltv-2752131155 ip:192.168.69.107
2019-08-20 14:55:54,453 INFO  volume.HddsVolume (HddsVolume.java:<init>(176)) - Creating Volume: /workdir/hadoop-ozone/integration-test/target/test-dir/MiniOzoneClusterImpl-695552eb-70e7-4800-ab80-1fd0bd7a96c2/datanode-4/data/containers/hdds of  storage type : DISK and capacity : 1482555576320
2019-08-20 14:55:54,453 INFO  volume.VolumeSet (VolumeSet.java:initializeVolumeSet(170)) - Added Volume : /workdir/hadoop-ozone/integration-test/target/test-dir/MiniOzoneClusterImpl-695552eb-70e7-4800-ab80-1fd0bd7a96c2/datanode-4/data/containers/hdds to VolumeSet
2019-08-20 14:55:54,453 INFO  volume.ThrottledAsyncChecker (ThrottledAsyncChecker.java:schedule(140)) - Scheduling a check for org.apache.hadoop.ozone.container.common.volume.HddsVolume@3e6ec74
2019-08-20 14:55:54,454 INFO  volume.HddsVolumeChecker (HddsVolumeChecker.java:checkAllVolumes(203)) - Scheduled health check for volume org.apache.hadoop.ozone.container.common.volume.HddsVolume@3e6ec74
2019-08-20 14:55:54,470 INFO  impl.RaftServerProxy (ConfUtils.java:logGet(43)) - raft.rpc.type = GRPC (default)
2019-08-20 14:55:54,471 INFO  grpc.GrpcFactory (GrpcFactory.java:checkPooledByteBufAllocatorUseCacheForAllThreads(45)) - PERFORMANCE WARNING: useCacheForAllThreads is true that may cause Netty to create a lot garbage objects and, as a result, trigger GC.
	It is recommended to disable useCacheForAllThreads by setting -Dorg.apache.ratis.thirdparty.io.netty.allocator.useCacheForAllThreads=false in command line.
2019-08-20 14:55:54,471 INFO  grpc.GrpcConfigKeys$Server (ConfUtils.java:logGet(43)) - raft.grpc.server.port = 0 (default)
2019-08-20 14:55:54,471 INFO  server.GrpcService (ConfUtils.java:logGet(43)) - raft.grpc.message.size.max = 33570816 (custom)
2019-08-20 14:55:54,472 INFO  server.RaftServerConfigKeys (ConfUtils.java:logGet(43)) - raft.server.log.appender.buffer.byte-limit = 33554432 (custom)
2019-08-20 14:55:54,472 INFO  server.GrpcService (ConfUtils.java:logGet(43)) - raft.grpc.flow.control.window = 1MB (=1048576) (default)
2019-08-20 14:55:54,472 INFO  server.RaftServerConfigKeys (ConfUtils.java:logGet(43)) - raft.server.rpc.request.timeout = 3000ms (default)
2019-08-20 14:55:54,473 INFO  server.RaftServerConfigKeys (ConfUtils.java:logGet(43)) - raft.server.storage.dir = [/workdir/hadoop-ozone/integration-test/target/test-dir/MiniOzoneClusterImpl-695552eb-70e7-4800-ab80-1fd0bd7a96c2/datanode-4/data/ratis] (custom)
2019-08-20 14:55:54,474 INFO  replication.SimpleContainerDownloader (SimpleContainerDownloader.java:<init>(72)) - Starting container downloader service to copy containers to replicate.
2019-08-20 14:55:54,475 INFO  hdfs.DFSUtil (DFSUtil.java:httpServerTemplateForNNAndJN(1641)) - Starting Web-server for hddsDatanode at: http://0.0.0.0:0
2019-08-20 14:55:54,476 INFO  server.AuthenticationFilter (AuthenticationFilter.java:constructSecretProvider(240)) - Unable to initialize FileSignerSecretProvider, falling back to use random secrets.
2019-08-20 14:55:54,477 WARN  http.HttpRequestLog (HttpRequestLog.java:getRequestLog(97)) - Jetty request log can only be enabled using Log4j
2019-08-20 14:55:54,479 INFO  http.HttpServer2 (HttpServer2.java:addGlobalFilter(975)) - Added global filter 'safety' (class=org.apache.hadoop.http.HttpServer2$QuotingInputFilter)
2019-08-20 14:55:54,479 INFO  http.HttpServer2 (HttpServer2.java:addFilter(948)) - Added filter static_user_filter (class=org.apache.hadoop.http.lib.StaticUserWebFilter$StaticUserFilter) to context hddsDatanode
2019-08-20 14:55:54,479 INFO  http.HttpServer2 (HttpServer2.java:addFilter(958)) - Added filter static_user_filter (class=org.apache.hadoop.http.lib.StaticUserWebFilter$StaticUserFilter) to context logs
2019-08-20 14:55:54,479 INFO  http.HttpServer2 (HttpServer2.java:addFilter(958)) - Added filter static_user_filter (class=org.apache.hadoop.http.lib.StaticUserWebFilter$StaticUserFilter) to context static
2019-08-20 14:55:54,480 INFO  http.HttpServer2 (HttpServer2.java:bindListener(1191)) - Jetty bound to port 39464
2019-08-20 14:55:54,480 INFO  server.Server (Server.java:doStart(351)) - jetty-9.3.24.v20180605, build timestamp: 2018-06-05T17:11:56Z, git hash: 84205aa28f11a4f31f2a3b86d1bba2cc8ab69827
2019-08-20 14:55:54,482 INFO  handler.ContextHandler (ContextHandler.java:doStart(781)) - Started o.e.j.s.ServletContextHandler@10b8b900{/logs,file:///workdir/hadoop-ozone/integration-test/target/log,AVAILABLE}
2019-08-20 14:55:54,483 INFO  handler.ContextHandler (ContextHandler.java:doStart(781)) - Started o.e.j.s.ServletContextHandler@2801827a{/static,jar:file:/home/user/.m2/repository/org/apache/hadoop/hadoop-hdds-container-service/0.5.0-SNAPSHOT/hadoop-hdds-container-service-0.5.0-SNAPSHOT.jar!/webapps/static,AVAILABLE}
2019-08-20 14:55:54,510 INFO  handler.ContextHandler (ContextHandler.java:doStart(781)) - Started o.e.j.w.WebAppContext@5111de7c{/,file:///tmp/jetty-0.0.0.0-39464-hddsDatanode-_-any-7665358115330582182.dir/webapp/,AVAILABLE}{/hddsDatanode}
2019-08-20 14:55:54,511 INFO  server.AbstractConnector (AbstractConnector.java:doStart(278)) - Started ServerConnector@7ac48e10{HTTP/1.1,[http/1.1]}{0.0.0.0:39464}
2019-08-20 14:55:54,511 INFO  server.Server (Server.java:doStart(419)) - Started @19384ms
2019-08-20 14:55:54,512 INFO  server.BaseHttpServer (BaseHttpServer.java:updateConnectorAddress(213)) - HTTP server of HDDSDATANODE is listening at http://0.0.0.0:39464
2019-08-20 14:55:54,636 INFO  ozone.HddsDatanodeService (HddsDatanodeService.java:startPlugins(395)) - Started plug-in org.apache.hadoop.ozone.web.OzoneHddsDatanodeService@e3899fd
2019-08-20 14:55:54,636 INFO  impl.MetricsSystemImpl (MetricsSystemImpl.java:init(158)) - HddsDatanode metrics system started (again)
2019-08-20 14:55:54,639 INFO  util.JvmPauseMonitor (JvmPauseMonitor.java:run(188)) - Starting JVM pause monitor
2019-08-20 14:55:54,640 INFO  ozone.HddsDatanodeService (HddsDatanodeService.java:start(184)) - HddsDatanodeService host:pr-hdds-1054-6hltv-2752131155 ip:192.168.69.107
2019-08-20 14:55:54,642 INFO  datanode.InitDatanodeState (InitDatanodeState.java:persistContainerDatanodeDetails(140)) - DatanodeDetails is persisted to /workdir/hadoop-ozone/integration-test/target/test-dir/MiniOzoneClusterImpl-695552eb-70e7-4800-ab80-1fd0bd7a96c2/datanode-4/meta/datanode.id
2019-08-20 14:55:54,647 INFO  volume.HddsVolume (HddsVolume.java:<init>(176)) - Creating Volume: /workdir/hadoop-ozone/integration-test/target/test-dir/MiniOzoneClusterImpl-695552eb-70e7-4800-ab80-1fd0bd7a96c2/datanode-5/data/containers/hdds of  storage type : DISK and capacity : 1482555576320
2019-08-20 14:55:54,647 INFO  volume.VolumeSet (VolumeSet.java:initializeVolumeSet(170)) - Added Volume : /workdir/hadoop-ozone/integration-test/target/test-dir/MiniOzoneClusterImpl-695552eb-70e7-4800-ab80-1fd0bd7a96c2/datanode-5/data/containers/hdds to VolumeSet
2019-08-20 14:55:54,648 INFO  volume.ThrottledAsyncChecker (ThrottledAsyncChecker.java:schedule(140)) - Scheduling a check for org.apache.hadoop.ozone.container.common.volume.HddsVolume@c9b5a99
2019-08-20 14:55:54,649 INFO  volume.HddsVolumeChecker (HddsVolumeChecker.java:checkAllVolumes(203)) - Scheduled health check for volume org.apache.hadoop.ozone.container.common.volume.HddsVolume@c9b5a99
2019-08-20 14:55:54,665 INFO  impl.RaftServerProxy (ConfUtils.java:logGet(43)) - raft.rpc.type = GRPC (default)
2019-08-20 14:55:54,665 INFO  grpc.GrpcFactory (GrpcFactory.java:checkPooledByteBufAllocatorUseCacheForAllThreads(45)) - PERFORMANCE WARNING: useCacheForAllThreads is true that may cause Netty to create a lot garbage objects and, as a result, trigger GC.
	It is recommended to disable useCacheForAllThreads by setting -Dorg.apache.ratis.thirdparty.io.netty.allocator.useCacheForAllThreads=false in command line.
2019-08-20 14:55:54,666 INFO  grpc.GrpcConfigKeys$Server (ConfUtils.java:logGet(43)) - raft.grpc.server.port = 0 (default)
2019-08-20 14:55:54,666 INFO  server.GrpcService (ConfUtils.java:logGet(43)) - raft.grpc.message.size.max = 33570816 (custom)
2019-08-20 14:55:54,666 INFO  server.RaftServerConfigKeys (ConfUtils.java:logGet(43)) - raft.server.log.appender.buffer.byte-limit = 33554432 (custom)
2019-08-20 14:55:54,666 INFO  server.GrpcService (ConfUtils.java:logGet(43)) - raft.grpc.flow.control.window = 1MB (=1048576) (default)
2019-08-20 14:55:54,667 INFO  server.RaftServerConfigKeys (ConfUtils.java:logGet(43)) - raft.server.rpc.request.timeout = 3000ms (default)
2019-08-20 14:55:54,668 INFO  server.RaftServerConfigKeys (ConfUtils.java:logGet(43)) - raft.server.storage.dir = [/workdir/hadoop-ozone/integration-test/target/test-dir/MiniOzoneClusterImpl-695552eb-70e7-4800-ab80-1fd0bd7a96c2/datanode-5/data/ratis] (custom)
2019-08-20 14:55:54,668 INFO  replication.SimpleContainerDownloader (SimpleContainerDownloader.java:<init>(72)) - Starting container downloader service to copy containers to replicate.
2019-08-20 14:55:54,670 INFO  hdfs.DFSUtil (DFSUtil.java:httpServerTemplateForNNAndJN(1641)) - Starting Web-server for hddsDatanode at: http://0.0.0.0:0
2019-08-20 14:55:54,671 INFO  server.AuthenticationFilter (AuthenticationFilter.java:constructSecretProvider(240)) - Unable to initialize FileSignerSecretProvider, falling back to use random secrets.
2019-08-20 14:55:54,672 WARN  http.HttpRequestLog (HttpRequestLog.java:getRequestLog(97)) - Jetty request log can only be enabled using Log4j
2019-08-20 14:55:54,674 INFO  http.HttpServer2 (HttpServer2.java:addGlobalFilter(975)) - Added global filter 'safety' (class=org.apache.hadoop.http.HttpServer2$QuotingInputFilter)
2019-08-20 14:55:54,675 INFO  http.HttpServer2 (HttpServer2.java:addFilter(948)) - Added filter static_user_filter (class=org.apache.hadoop.http.lib.StaticUserWebFilter$StaticUserFilter) to context hddsDatanode
2019-08-20 14:55:54,675 INFO  http.HttpServer2 (HttpServer2.java:addFilter(958)) - Added filter static_user_filter (class=org.apache.hadoop.http.lib.StaticUserWebFilter$StaticUserFilter) to context logs
2019-08-20 14:55:54,675 INFO  http.HttpServer2 (HttpServer2.java:addFilter(958)) - Added filter static_user_filter (class=org.apache.hadoop.http.lib.StaticUserWebFilter$StaticUserFilter) to context static
2019-08-20 14:55:54,676 INFO  http.HttpServer2 (HttpServer2.java:bindListener(1191)) - Jetty bound to port 44077
2019-08-20 14:55:54,676 INFO  server.Server (Server.java:doStart(351)) - jetty-9.3.24.v20180605, build timestamp: 2018-06-05T17:11:56Z, git hash: 84205aa28f11a4f31f2a3b86d1bba2cc8ab69827
2019-08-20 14:55:54,678 INFO  handler.ContextHandler (ContextHandler.java:doStart(781)) - Started o.e.j.s.ServletContextHandler@6cdee57{/logs,file:///workdir/hadoop-ozone/integration-test/target/log,AVAILABLE}
2019-08-20 14:55:54,679 INFO  handler.ContextHandler (ContextHandler.java:doStart(781)) - Started o.e.j.s.ServletContextHandler@1edfedf1{/static,jar:file:/home/user/.m2/repository/org/apache/hadoop/hadoop-hdds-container-service/0.5.0-SNAPSHOT/hadoop-hdds-container-service-0.5.0-SNAPSHOT.jar!/webapps/static,AVAILABLE}
2019-08-20 14:55:54,709 INFO  handler.ContextHandler (ContextHandler.java:doStart(781)) - Started o.e.j.w.WebAppContext@2f09e6b2{/,file:///tmp/jetty-0.0.0.0-44077-hddsDatanode-_-any-2170214401111719669.dir/webapp/,AVAILABLE}{/hddsDatanode}
2019-08-20 14:55:54,710 INFO  server.AbstractConnector (AbstractConnector.java:doStart(278)) - Started ServerConnector@1bee0085{HTTP/1.1,[http/1.1]}{0.0.0.0:44077}
2019-08-20 14:55:54,711 INFO  server.Server (Server.java:doStart(419)) - Started @19584ms
2019-08-20 14:55:54,712 INFO  server.BaseHttpServer (BaseHttpServer.java:updateConnectorAddress(213)) - HTTP server of HDDSDATANODE is listening at http://0.0.0.0:44077
2019-08-20 14:55:54,868 INFO  ozone.HddsDatanodeService (HddsDatanodeService.java:startPlugins(395)) - Started plug-in org.apache.hadoop.ozone.web.OzoneHddsDatanodeService@1c62c3fd
2019-08-20 14:55:54,871 INFO  ozone.MiniOzoneClusterImpl (MiniOzoneClusterImpl.java:lambda$waitForClusterToBeReady$0(142)) - Waiting for cluster to be ready. Got 0 of 6 DN Heartbeats.
2019-08-20 14:55:54,871 INFO  util.JvmPauseMonitor (JvmPauseMonitor.java:run(188)) - Starting JVM pause monitor
2019-08-20 14:55:54,873 INFO  datanode.InitDatanodeState (InitDatanodeState.java:persistContainerDatanodeDetails(140)) - DatanodeDetails is persisted to /workdir/hadoop-ozone/integration-test/target/test-dir/MiniOzoneClusterImpl-695552eb-70e7-4800-ab80-1fd0bd7a96c2/datanode-5/meta/datanode.id
2019-08-20 14:55:55,710 INFO  ozoneimpl.OzoneContainer (OzoneContainer.java:start(186)) - Attempting to start container services.
2019-08-20 14:55:55,712 INFO  ozoneimpl.OzoneContainer (OzoneContainer.java:startContainerScrub(160)) - Background container scrubber has been disabled by hdds.containerscrub.enabled
2019-08-20 14:55:55,712 INFO  ratis.XceiverServerRatis (XceiverServerRatis.java:start(404)) - Starting XceiverServerRatis 9b0e08c1-4d9b-40d6-b4a2-45180464a3fb at port 0
2019-08-20 14:55:55,780 INFO  impl.RaftServerProxy (RaftServerProxy.java:lambda$start$3(299)) - 9b0e08c1-4d9b-40d6-b4a2-45180464a3fb: start RPC server
2019-08-20 14:55:55,871 INFO  ozone.MiniOzoneClusterImpl (MiniOzoneClusterImpl.java:lambda$waitForClusterToBeReady$0(142)) - Waiting for cluster to be ready. Got 0 of 6 DN Heartbeats.
2019-08-20 14:55:55,887 INFO  ozoneimpl.OzoneContainer (OzoneContainer.java:start(186)) - Attempting to start container services.
2019-08-20 14:55:55,888 INFO  ozoneimpl.OzoneContainer (OzoneContainer.java:startContainerScrub(160)) - Background container scrubber has been disabled by hdds.containerscrub.enabled
2019-08-20 14:55:55,888 INFO  ratis.XceiverServerRatis (XceiverServerRatis.java:start(404)) - Starting XceiverServerRatis a649f690-d225-45d2-88c7-52634dd1991d at port 0
2019-08-20 14:55:55,895 INFO  server.GrpcService (GrpcService.java:startImpl(149)) - 9b0e08c1-4d9b-40d6-b4a2-45180464a3fb: GrpcService started, listening on 0.0.0.0/0.0.0.0:34421
2019-08-20 14:55:55,896 INFO  ratis.XceiverServerRatis (XceiverServerRatis.java:start(414)) - XceiverServerRatis 9b0e08c1-4d9b-40d6-b4a2-45180464a3fb is started using port 34421
2019-08-20 14:55:55,899 INFO  server.XceiverServerGrpc (XceiverServerGrpc.java:start(161)) - XceiverServerGrpc 9b0e08c1-4d9b-40d6-b4a2-45180464a3fb is started using port 33914
2019-08-20 14:55:55,902 INFO  impl.RaftServerProxy (RaftServerProxy.java:lambda$start$3(299)) - a649f690-d225-45d2-88c7-52634dd1991d: start RPC server
2019-08-20 14:55:55,906 INFO  server.GrpcService (GrpcService.java:startImpl(149)) - a649f690-d225-45d2-88c7-52634dd1991d: GrpcService started, listening on 0.0.0.0/0.0.0.0:44113
2019-08-20 14:55:55,906 INFO  ratis.XceiverServerRatis (XceiverServerRatis.java:start(414)) - XceiverServerRatis a649f690-d225-45d2-88c7-52634dd1991d is started using port 44113
2019-08-20 14:55:55,909 INFO  server.XceiverServerGrpc (XceiverServerGrpc.java:start(161)) - XceiverServerGrpc a649f690-d225-45d2-88c7-52634dd1991d is started using port 44427
2019-08-20 14:55:56,175 INFO  ozoneimpl.OzoneContainer (OzoneContainer.java:start(186)) - Attempting to start container services.
2019-08-20 14:55:56,177 INFO  ozoneimpl.OzoneContainer (OzoneContainer.java:startContainerScrub(160)) - Background container scrubber has been disabled by hdds.containerscrub.enabled
2019-08-20 14:55:56,177 INFO  ratis.XceiverServerRatis (XceiverServerRatis.java:start(404)) - Starting XceiverServerRatis 0181d800-9f85-42fe-8aa5-822e6a490a55 at port 0
2019-08-20 14:55:56,182 INFO  impl.RaftServerProxy (RaftServerProxy.java:lambda$start$3(299)) - 0181d800-9f85-42fe-8aa5-822e6a490a55: start RPC server
2019-08-20 14:55:56,185 INFO  server.GrpcService (GrpcService.java:startImpl(149)) - 0181d800-9f85-42fe-8aa5-822e6a490a55: GrpcService started, listening on 0.0.0.0/0.0.0.0:36414
2019-08-20 14:55:56,185 INFO  ratis.XceiverServerRatis (XceiverServerRatis.java:start(414)) - XceiverServerRatis 0181d800-9f85-42fe-8aa5-822e6a490a55 is started using port 36414
2019-08-20 14:55:56,187 INFO  server.XceiverServerGrpc (XceiverServerGrpc.java:start(161)) - XceiverServerGrpc 0181d800-9f85-42fe-8aa5-822e6a490a55 is started using port 46337
2019-08-20 14:55:56,387 INFO  ozoneimpl.OzoneContainer (OzoneContainer.java:start(186)) - Attempting to start container services.
2019-08-20 14:55:56,393 INFO  ozoneimpl.OzoneContainer (OzoneContainer.java:startContainerScrub(160)) - Background container scrubber has been disabled by hdds.containerscrub.enabled
2019-08-20 14:55:56,393 INFO  ratis.XceiverServerRatis (XceiverServerRatis.java:start(404)) - Starting XceiverServerRatis 0137e547-5d73-4510-aaf5-b735c043c419 at port 0
2019-08-20 14:55:56,401 INFO  impl.RaftServerProxy (RaftServerProxy.java:lambda$start$3(299)) - 0137e547-5d73-4510-aaf5-b735c043c419: start RPC server
2019-08-20 14:55:56,405 INFO  server.GrpcService (GrpcService.java:startImpl(149)) - 0137e547-5d73-4510-aaf5-b735c043c419: GrpcService started, listening on 0.0.0.0/0.0.0.0:37610
2019-08-20 14:55:56,405 INFO  ratis.XceiverServerRatis (XceiverServerRatis.java:start(414)) - XceiverServerRatis 0137e547-5d73-4510-aaf5-b735c043c419 is started using port 37610
2019-08-20 14:55:56,408 INFO  server.XceiverServerGrpc (XceiverServerGrpc.java:start(161)) - XceiverServerGrpc 0137e547-5d73-4510-aaf5-b735c043c419 is started using port 36942
2019-08-20 14:55:56,653 INFO  ozoneimpl.OzoneContainer (OzoneContainer.java:start(186)) - Attempting to start container services.
2019-08-20 14:55:56,653 INFO  ozoneimpl.OzoneContainer (OzoneContainer.java:startContainerScrub(160)) - Background container scrubber has been disabled by hdds.containerscrub.enabled
2019-08-20 14:55:56,653 INFO  ratis.XceiverServerRatis (XceiverServerRatis.java:start(404)) - Starting XceiverServerRatis 9f9ca74d-fc7b-4259-86d4-3ed441e955cd at port 0
2019-08-20 14:55:56,659 INFO  impl.RaftServerProxy (RaftServerProxy.java:lambda$start$3(299)) - 9f9ca74d-fc7b-4259-86d4-3ed441e955cd: start RPC server
2019-08-20 14:55:56,662 INFO  server.GrpcService (GrpcService.java:startImpl(149)) - 9f9ca74d-fc7b-4259-86d4-3ed441e955cd: GrpcService started, listening on 0.0.0.0/0.0.0.0:43201
2019-08-20 14:55:56,662 INFO  ratis.XceiverServerRatis (XceiverServerRatis.java:start(414)) - XceiverServerRatis 9f9ca74d-fc7b-4259-86d4-3ed441e955cd is started using port 43201
2019-08-20 14:55:56,665 INFO  server.XceiverServerGrpc (XceiverServerGrpc.java:start(161)) - XceiverServerGrpc 9f9ca74d-fc7b-4259-86d4-3ed441e955cd is started using port 36811
2019-08-20 14:55:56,873 INFO  ozone.MiniOzoneClusterImpl (MiniOzoneClusterImpl.java:lambda$waitForClusterToBeReady$0(142)) - Waiting for cluster to be ready. Got 0 of 6 DN Heartbeats.
2019-08-20 14:55:56,888 INFO  ozoneimpl.OzoneContainer (OzoneContainer.java:start(186)) - Attempting to start container services.
2019-08-20 14:55:56,888 INFO  ozoneimpl.OzoneContainer (OzoneContainer.java:startContainerScrub(160)) - Background container scrubber has been disabled by hdds.containerscrub.enabled
2019-08-20 14:55:56,888 INFO  ratis.XceiverServerRatis (XceiverServerRatis.java:start(404)) - Starting XceiverServerRatis ec72e195-cdaf-4219-9313-040ed479ed22 at port 0
2019-08-20 14:55:56,895 INFO  impl.RaftServerProxy (RaftServerProxy.java:lambda$start$3(299)) - ec72e195-cdaf-4219-9313-040ed479ed22: start RPC server
2019-08-20 14:55:56,899 INFO  server.GrpcService (GrpcService.java:startImpl(149)) - ec72e195-cdaf-4219-9313-040ed479ed22: GrpcService started, listening on 0.0.0.0/0.0.0.0:45597
2019-08-20 14:55:56,900 INFO  ratis.XceiverServerRatis (XceiverServerRatis.java:start(414)) - XceiverServerRatis ec72e195-cdaf-4219-9313-040ed479ed22 is started using port 45597
2019-08-20 14:55:56,902 INFO  server.XceiverServerGrpc (XceiverServerGrpc.java:start(161)) - XceiverServerGrpc ec72e195-cdaf-4219-9313-040ed479ed22 is started using port 34722
2019-08-20 14:55:57,668 INFO  net.NetworkTopology (NetworkTopologyImpl.java:add(110)) - Added a new node: /default-rack/9b0e08c1-4d9b-40d6-b4a2-45180464a3fb
2019-08-20 14:55:57,669 INFO  node.SCMNodeManager (SCMNodeManager.java:register(273)) - Registered Data node : 9b0e08c1-4d9b-40d6-b4a2-45180464a3fb{ip: 192.168.69.107, host: pr-hdds-1054-6hltv-2752131155, networkLocation: /default-rack, certSerialId: null}
2019-08-20 14:55:57,672 INFO  safemode.SCMSafeModeManager (DataNodeSafeModeRule.java:process(71)) - SCM in safe mode. 1 DataNodes registered, 1 required.
2019-08-20 14:55:57,673 INFO  safemode.SCMSafeModeManager (SCMSafeModeManager.java:validateSafeModeExitRules(177)) - ScmSafeModeManager, all rules are successfully validated
2019-08-20 14:55:57,674 INFO  safemode.SCMSafeModeManager (SCMSafeModeManager.java:exitSafeMode(193)) - SCM exiting safe mode.
2019-08-20 14:55:57,862 INFO  net.NetworkTopology (NetworkTopologyImpl.java:add(110)) - Added a new node: /default-rack/a649f690-d225-45d2-88c7-52634dd1991d
2019-08-20 14:55:57,863 INFO  node.SCMNodeManager (SCMNodeManager.java:register(273)) - Registered Data node : a649f690-d225-45d2-88c7-52634dd1991d{ip: 192.168.69.107, host: pr-hdds-1054-6hltv-2752131155, networkLocation: /default-rack, certSerialId: null}
2019-08-20 14:55:57,873 INFO  ozone.MiniOzoneClusterImpl (MiniOzoneClusterImpl.java:lambda$waitForClusterToBeReady$0(142)) - Waiting for cluster to be ready. Got 2 of 6 DN Heartbeats.
2019-08-20 14:55:58,370 INFO  net.NetworkTopology (NetworkTopologyImpl.java:add(110)) - Added a new node: /default-rack/0137e547-5d73-4510-aaf5-b735c043c419
2019-08-20 14:55:58,370 INFO  net.NetworkTopology (NetworkTopologyImpl.java:add(110)) - Added a new node: /default-rack/0181d800-9f85-42fe-8aa5-822e6a490a55
2019-08-20 14:55:58,370 INFO  node.SCMNodeManager (SCMNodeManager.java:register(273)) - Registered Data node : 0137e547-5d73-4510-aaf5-b735c043c419{ip: 192.168.69.107, host: pr-hdds-1054-6hltv-2752131155, networkLocation: /default-rack, certSerialId: null}
2019-08-20 14:55:58,371 INFO  node.SCMNodeManager (SCMNodeManager.java:register(273)) - Registered Data node : 0181d800-9f85-42fe-8aa5-822e6a490a55{ip: 192.168.69.107, host: pr-hdds-1054-6hltv-2752131155, networkLocation: /default-rack, certSerialId: null}
2019-08-20 14:55:58,396 INFO  impl.RaftServerProxy (RaftServerProxy.java:addNew(89)) - 9b0e08c1-4d9b-40d6-b4a2-45180464a3fb: addNew group-F8D8E3EBC3EB:[9b0e08c1-4d9b-40d6-b4a2-45180464a3fb:192.168.69.107:34421] returns group-F8D8E3EBC3EB:java.util.concurrent.CompletableFuture@5acba537[Not completed]
2019-08-20 14:55:58,409 INFO  impl.RaftServerImpl (RaftServerImpl.java:<init>(93)) - 9b0e08c1-4d9b-40d6-b4a2-45180464a3fb: new RaftServerImpl for group-F8D8E3EBC3EB:[9b0e08c1-4d9b-40d6-b4a2-45180464a3fb:192.168.69.107:34421] with ContainerStateMachine:uninitialized
2019-08-20 14:55:58,410 INFO  server.RaftServerConfigKeys (ConfUtils.java:logGet(43)) - raft.server.rpc.timeout.min = 5s (custom)
2019-08-20 14:55:58,412 INFO  server.RaftServerConfigKeys (ConfUtils.java:logGet(43)) - raft.server.rpc.timeout.max = 5200ms (custom)
2019-08-20 14:55:58,412 INFO  server.RaftServerConfigKeys (ConfUtils.java:logGet(43)) - raft.server.rpcslowness.timeout = 120s (custom)
2019-08-20 14:55:58,412 INFO  server.RaftServerConfigKeys (ConfUtils.java:logGet(43)) - raft.server.sleep.deviation.threshold = 300 (default)
2019-08-20 14:55:58,413 INFO  server.RaftServerConfigKeys (ConfUtils.java:logGet(43)) - raft.server.log.appender.install.snapshot.enabled = false (custom)
2019-08-20 14:55:58,420 INFO  impl.RaftServerImpl (ServerState.java:<init>(105)) - 9b0e08c1-4d9b-40d6-b4a2-45180464a3fb:group-F8D8E3EBC3EB ConfigurationManager, init=-1: [9b0e08c1-4d9b-40d6-b4a2-45180464a3fb:192.168.69.107:34421], old=null, confs=<EMPTY_MAP>
2019-08-20 14:55:58,420 INFO  server.RaftServerConfigKeys (ConfUtils.java:logGet(43)) - raft.server.storage.dir = [/workdir/hadoop-ozone/integration-test/target/test-dir/MiniOzoneClusterImpl-695552eb-70e7-4800-ab80-1fd0bd7a96c2/datanode-0/data/ratis] (custom)
2019-08-20 14:55:58,428 INFO  storage.RaftStorageDirectory (RaftStorageDirectory.java:analyzeStorage(246)) - The storage directory /workdir/hadoop-ozone/integration-test/target/test-dir/MiniOzoneClusterImpl-695552eb-70e7-4800-ab80-1fd0bd7a96c2/datanode-0/data/ratis/174821c9-7f17-4a50-9251-f8d8e3ebc3eb does not exist. Creating ...
2019-08-20 14:55:58,441 INFO  storage.RaftStorageDirectory (RaftStorageDirectory.java:tryLock(328)) - Lock on /workdir/hadoop-ozone/integration-test/target/test-dir/MiniOzoneClusterImpl-695552eb-70e7-4800-ab80-1fd0bd7a96c2/datanode-0/data/ratis/174821c9-7f17-4a50-9251-f8d8e3ebc3eb/in_use.lock acquired by nodename 12083@pr-hdds-1054-6hltv-2752131155
2019-08-20 14:55:58,453 INFO  storage.RaftStorage (RaftStorage.java:format(72)) - Storage directory /workdir/hadoop-ozone/integration-test/target/test-dir/MiniOzoneClusterImpl-695552eb-70e7-4800-ab80-1fd0bd7a96c2/datanode-0/data/ratis/174821c9-7f17-4a50-9251-f8d8e3ebc3eb has been successfully formatted.
2019-08-20 14:55:58,456 INFO  ratis.ContainerStateMachine (ContainerStateMachine.java:loadSnapshot(222)) - group-F8D8E3EBC3EB: The snapshot info is null. Setting the last applied indexto:(t:0, i:~)
2019-08-20 14:55:58,456 INFO  server.RaftServerConfigKeys (ConfUtils.java:logGet(43)) - raft.server.leader.election.timeout = 120s (custom)
2019-08-20 14:55:58,458 INFO  server.RaftServerConfigKeys (ConfUtils.java:logGet(43)) - raft.server.log.use.memory = false (default)
2019-08-20 14:55:58,462 INFO  server.RaftServerConfigKeys (ConfUtils.java:logGet(43)) - raft.server.log.purge.gap = 1000000000 (custom)
2019-08-20 14:55:58,462 INFO  server.RaftServerConfigKeys (ConfUtils.java:logGet(43)) - raft.server.log.appender.buffer.byte-limit = 33554432 (custom)
2019-08-20 14:55:58,463 INFO  server.RaftServerConfigKeys (ConfUtils.java:logGet(43)) - raft.server.log.segment.size.max = 1048576 (custom)
2019-08-20 14:55:58,467 INFO  server.RaftServerConfigKeys (ConfUtils.java:logGet(43)) - raft.server.log.segment.cache.num.max = 2 (custom)
2019-08-20 14:55:58,472 INFO  segmented.SegmentedRaftLogWorker (SegmentedRaftLogWorker.java:<init>(172)) - new 9b0e08c1-4d9b-40d6-b4a2-45180464a3fb-SegmentedRaftLogWorker:Storage Directory /workdir/hadoop-ozone/integration-test/target/test-dir/MiniOzoneClusterImpl-695552eb-70e7-4800-ab80-1fd0bd7a96c2/datanode-0/data/ratis/174821c9-7f17-4a50-9251-f8d8e3ebc3eb for RaftStorage:Storage Directory /workdir/hadoop-ozone/integration-test/target/test-dir/MiniOzoneClusterImpl-695552eb-70e7-4800-ab80-1fd0bd7a96c2/datanode-0/data/ratis/174821c9-7f17-4a50-9251-f8d8e3ebc3eb
2019-08-20 14:55:58,482 INFO  server.RaftServerConfigKeys (ConfUtils.java:logGet(43)) - raft.server.log.queue.byte-limit = 2147483647 (custom)
2019-08-20 14:55:58,483 INFO  server.RaftServerConfigKeys (ConfUtils.java:logGet(43)) - raft.server.log.queue.element-limit = 1024 (custom)
2019-08-20 14:55:58,489 INFO  server.RaftServerConfigKeys (ConfUtils.java:logGet(43)) - raft.server.log.segment.size.max = 1048576 (custom)
2019-08-20 14:55:58,489 INFO  server.RaftServerConfigKeys (ConfUtils.java:logGet(43)) - raft.server.log.preallocated.size = 16384 (custom)
2019-08-20 14:55:58,490 INFO  server.RaftServerConfigKeys (ConfUtils.java:logGet(43)) - raft.server.log.write.buffer.size = 33554432 (custom)
2019-08-20 14:55:58,490 INFO  server.RaftServerConfigKeys (ConfUtils.java:logGet(43)) - raft.server.log.force.sync.num = 128 (default)
2019-08-20 14:55:58,491 INFO  server.RaftServerConfigKeys (ConfUtils.java:logGet(43)) - raft.server.log.statemachine.data.sync = true (default)
2019-08-20 14:55:58,491 INFO  server.RaftServerConfigKeys (ConfUtils.java:logGet(43)) - raft.server.log.statemachine.data.sync.timeout = 10s (default)
2019-08-20 14:55:58,492 INFO  server.RaftServerConfigKeys (ConfUtils.java:logGet(43)) - raft.server.log.statemachine.data.sync.timeout.retry = -1 (default)
2019-08-20 14:55:58,499 INFO  server.RaftServerConfigKeys (ConfUtils.java:logGet(43)) - raft.server.log.statemachine.data.caching.enabled = true (custom)
2019-08-20 14:55:58,503 INFO  segmented.SegmentedRaftLogWorker (SegmentedRaftLogWorker.java:lambda$new$0(132)) - 9b0e08c1-4d9b-40d6-b4a2-45180464a3fb-SegmentedRaftLogWorker:Storage Directory /workdir/hadoop-ozone/integration-test/target/test-dir/MiniOzoneClusterImpl-695552eb-70e7-4800-ab80-1fd0bd7a96c2/datanode-0/data/ratis/174821c9-7f17-4a50-9251-f8d8e3ebc3eb: flushIndex: setUnconditionally 0 -> -1
2019-08-20 14:55:58,507 INFO  server.RaftServerConfigKeys (ConfUtils.java:logGet(43)) - raft.server.snapshot.auto.trigger.enabled = true (custom)
2019-08-20 14:55:58,507 INFO  server.RaftServerConfigKeys (ConfUtils.java:logGet(43)) - raft.server.snapshot.auto.trigger.threshold = 10000 (custom)
2019-08-20 14:55:58,508 INFO  server.RaftServerConfigKeys (ConfUtils.java:logGet(43)) - raft.server.retrycache.expirytime = 600000ms (custom)
2019-08-20 14:55:58,526 INFO  impl.RaftServerImpl (RaftServerImpl.java:start(180)) - 9b0e08c1-4d9b-40d6-b4a2-45180464a3fb: start group-F8D8E3EBC3EB
2019-08-20 14:55:58,527 INFO  impl.RaftServerImpl (RaftServerImpl.java:setRole(171)) - 9b0e08c1-4d9b-40d6-b4a2-45180464a3fb:group-F8D8E3EBC3EB changes role from null to FOLLOWER at term 0 for startAsFollower
2019-08-20 14:55:58,528 INFO  impl.RoleInfo (RoleInfo.java:updateAndGet(143)) - 9b0e08c1-4d9b-40d6-b4a2-45180464a3fb: start FollowerState
2019-08-20 14:55:58,530 INFO  util.JmxRegister (JmxRegister.java:tryRegister(44)) - Successfully registered JMX Bean with object name Ratis:service=RaftServer,group=group-F8D8E3EBC3EB,id=9b0e08c1-4d9b-40d6-b4a2-45180464a3fb
2019-08-20 14:55:58,578 INFO  pipeline.PipelineStateManager (PipelineStateManager.java:addPipeline(56)) - Created pipeline Pipeline[ Id: 174821c9-7f17-4a50-9251-f8d8e3ebc3eb, Nodes: 9b0e08c1-4d9b-40d6-b4a2-45180464a3fb{ip: 192.168.69.107, host: pr-hdds-1054-6hltv-2752131155, networkLocation: /default-rack, certSerialId: null}, Type:RATIS, Factor:ONE, State:OPEN]
2019-08-20 14:55:58,601 INFO  impl.RaftServerProxy (RaftServerProxy.java:addNew(89)) - a649f690-d225-45d2-88c7-52634dd1991d: addNew group-0D760A777019:[a649f690-d225-45d2-88c7-52634dd1991d:192.168.69.107:44113] returns group-0D760A777019:java.util.concurrent.CompletableFuture@14b6fe07[Not completed]
2019-08-20 14:55:58,634 INFO  impl.RaftServerImpl (RaftServerImpl.java:<init>(93)) - a649f690-d225-45d2-88c7-52634dd1991d: new RaftServerImpl for group-0D760A777019:[a649f690-d225-45d2-88c7-52634dd1991d:192.168.69.107:44113] with ContainerStateMachine:uninitialized
2019-08-20 14:55:58,635 INFO  server.RaftServerConfigKeys (ConfUtils.java:logGet(43)) - raft.server.rpc.timeout.min = 5s (custom)
2019-08-20 14:55:58,635 INFO  server.RaftServerConfigKeys (ConfUtils.java:logGet(43)) - raft.server.rpc.timeout.max = 5200ms (custom)
2019-08-20 14:55:58,636 INFO  server.RaftServerConfigKeys (ConfUtils.java:logGet(43)) - raft.server.rpcslowness.timeout = 120s (custom)
2019-08-20 14:55:58,636 INFO  server.RaftServerConfigKeys (ConfUtils.java:logGet(43)) - raft.server.sleep.deviation.threshold = 300 (default)
2019-08-20 14:55:58,636 INFO  server.RaftServerConfigKeys (ConfUtils.java:logGet(43)) - raft.server.log.appender.install.snapshot.enabled = false (custom)
2019-08-20 14:55:58,636 INFO  impl.RaftServerImpl (ServerState.java:<init>(105)) - a649f690-d225-45d2-88c7-52634dd1991d:group-0D760A777019 ConfigurationManager, init=-1: [a649f690-d225-45d2-88c7-52634dd1991d:192.168.69.107:44113], old=null, confs=<EMPTY_MAP>
2019-08-20 14:55:58,636 INFO  server.RaftServerConfigKeys (ConfUtils.java:logGet(43)) - raft.server.storage.dir = [/workdir/hadoop-ozone/integration-test/target/test-dir/MiniOzoneClusterImpl-695552eb-70e7-4800-ab80-1fd0bd7a96c2/datanode-1/data/ratis] (custom)
2019-08-20 14:55:58,636 INFO  storage.RaftStorageDirectory (RaftStorageDirectory.java:analyzeStorage(246)) - The storage directory /workdir/hadoop-ozone/integration-test/target/test-dir/MiniOzoneClusterImpl-695552eb-70e7-4800-ab80-1fd0bd7a96c2/datanode-1/data/ratis/8c19f274-a35e-40f0-9916-0d760a777019 does not exist. Creating ...
2019-08-20 14:55:58,644 INFO  net.NetworkTopology (NetworkTopologyImpl.java:add(110)) - Added a new node: /default-rack/9f9ca74d-fc7b-4259-86d4-3ed441e955cd
2019-08-20 14:55:58,644 INFO  node.SCMNodeManager (SCMNodeManager.java:register(273)) - Registered Data node : 9f9ca74d-fc7b-4259-86d4-3ed441e955cd{ip: 192.168.69.107, host: pr-hdds-1054-6hltv-2752131155, networkLocation: /default-rack, certSerialId: null}
2019-08-20 14:55:58,651 INFO  storage.RaftStorageDirectory (RaftStorageDirectory.java:tryLock(328)) - Lock on /workdir/hadoop-ozone/integration-test/target/test-dir/MiniOzoneClusterImpl-695552eb-70e7-4800-ab80-1fd0bd7a96c2/datanode-1/data/ratis/8c19f274-a35e-40f0-9916-0d760a777019/in_use.lock acquired by nodename 12083@pr-hdds-1054-6hltv-2752131155
2019-08-20 14:55:58,665 INFO  storage.RaftStorage (RaftStorage.java:format(72)) - Storage directory /workdir/hadoop-ozone/integration-test/target/test-dir/MiniOzoneClusterImpl-695552eb-70e7-4800-ab80-1fd0bd7a96c2/datanode-1/data/ratis/8c19f274-a35e-40f0-9916-0d760a777019 has been successfully formatted.
2019-08-20 14:55:58,668 INFO  ratis.ContainerStateMachine (ContainerStateMachine.java:loadSnapshot(222)) - group-0D760A777019: The snapshot info is null. Setting the last applied indexto:(t:0, i:~)
2019-08-20 14:55:58,669 INFO  server.RaftServerConfigKeys (ConfUtils.java:logGet(43)) - raft.server.leader.election.timeout = 120s (custom)
2019-08-20 14:55:58,669 INFO  server.RaftServerConfigKeys (ConfUtils.java:logGet(43)) - raft.server.log.use.memory = false (default)
2019-08-20 14:55:58,670 INFO  server.RaftServerConfigKeys (ConfUtils.java:logGet(43)) - raft.server.log.purge.gap = 1000000000 (custom)
2019-08-20 14:55:58,670 INFO  server.RaftServerConfigKeys (ConfUtils.java:logGet(43)) - raft.server.log.appender.buffer.byte-limit = 33554432 (custom)
2019-08-20 14:55:58,670 INFO  server.RaftServerConfigKeys (ConfUtils.java:logGet(43)) - raft.server.log.segment.size.max = 1048576 (custom)
2019-08-20 14:55:58,670 INFO  server.RaftServerConfigKeys (ConfUtils.java:logGet(43)) - raft.server.log.segment.cache.num.max = 2 (custom)
2019-08-20 14:55:58,670 INFO  segmented.SegmentedRaftLogWorker (SegmentedRaftLogWorker.java:<init>(172)) - new a649f690-d225-45d2-88c7-52634dd1991d-SegmentedRaftLogWorker:Storage Directory /workdir/hadoop-ozone/integration-test/target/test-dir/MiniOzoneClusterImpl-695552eb-70e7-4800-ab80-1fd0bd7a96c2/datanode-1/data/ratis/8c19f274-a35e-40f0-9916-0d760a777019 for RaftStorage:Storage Directory /workdir/hadoop-ozone/integration-test/target/test-dir/MiniOzoneClusterImpl-695552eb-70e7-4800-ab80-1fd0bd7a96c2/datanode-1/data/ratis/8c19f274-a35e-40f0-9916-0d760a777019
2019-08-20 14:55:58,672 INFO  server.RaftServerConfigKeys (ConfUtils.java:logGet(43)) - raft.server.log.queue.byte-limit = 2147483647 (custom)
2019-08-20 14:55:58,672 INFO  server.RaftServerConfigKeys (ConfUtils.java:logGet(43)) - raft.server.log.queue.element-limit = 1024 (custom)
2019-08-20 14:55:58,672 INFO  server.RaftServerConfigKeys (ConfUtils.java:logGet(43)) - raft.server.log.segment.size.max = 1048576 (custom)
2019-08-20 14:55:58,673 INFO  server.RaftServerConfigKeys (ConfUtils.java:logGet(43)) - raft.server.log.preallocated.size = 16384 (custom)
2019-08-20 14:55:58,673 INFO  server.RaftServerConfigKeys (ConfUtils.java:logGet(43)) - raft.server.log.write.buffer.size = 33554432 (custom)
2019-08-20 14:55:58,673 INFO  server.RaftServerConfigKeys (ConfUtils.java:logGet(43)) - raft.server.log.force.sync.num = 128 (default)
2019-08-20 14:55:58,673 INFO  server.RaftServerConfigKeys (ConfUtils.java:logGet(43)) - raft.server.log.statemachine.data.sync = true (default)
2019-08-20 14:55:58,673 INFO  server.RaftServerConfigKeys (ConfUtils.java:logGet(43)) - raft.server.log.statemachine.data.sync.timeout = 10s (default)
2019-08-20 14:55:58,673 INFO  server.RaftServerConfigKeys (ConfUtils.java:logGet(43)) - raft.server.log.statemachine.data.sync.timeout.retry = -1 (default)
2019-08-20 14:55:58,673 INFO  server.RaftServerConfigKeys (ConfUtils.java:logGet(43)) - raft.server.log.statemachine.data.caching.enabled = true (custom)
2019-08-20 14:55:58,674 INFO  segmented.SegmentedRaftLogWorker (SegmentedRaftLogWorker.java:lambda$new$0(132)) - a649f690-d225-45d2-88c7-52634dd1991d-SegmentedRaftLogWorker:Storage Directory /workdir/hadoop-ozone/integration-test/target/test-dir/MiniOzoneClusterImpl-695552eb-70e7-4800-ab80-1fd0bd7a96c2/datanode-1/data/ratis/8c19f274-a35e-40f0-9916-0d760a777019: flushIndex: setUnconditionally 0 -> -1
2019-08-20 14:55:58,674 INFO  server.RaftServerConfigKeys (ConfUtils.java:logGet(43)) - raft.server.snapshot.auto.trigger.enabled = true (custom)
2019-08-20 14:55:58,674 INFO  server.RaftServerConfigKeys (ConfUtils.java:logGet(43)) - raft.server.snapshot.auto.trigger.threshold = 10000 (custom)
2019-08-20 14:55:58,674 INFO  server.RaftServerConfigKeys (ConfUtils.java:logGet(43)) - raft.server.retrycache.expirytime = 600000ms (custom)
2019-08-20 14:55:58,675 INFO  impl.RaftServerImpl (RaftServerImpl.java:start(180)) - a649f690-d225-45d2-88c7-52634dd1991d: start group-0D760A777019
2019-08-20 14:55:58,675 INFO  impl.RaftServerImpl (RaftServerImpl.java:setRole(171)) - a649f690-d225-45d2-88c7-52634dd1991d:group-0D760A777019 changes role from null to FOLLOWER at term 0 for startAsFollower
2019-08-20 14:55:58,675 INFO  impl.RoleInfo (RoleInfo.java:updateAndGet(143)) - a649f690-d225-45d2-88c7-52634dd1991d: start FollowerState
2019-08-20 14:55:58,676 INFO  util.JmxRegister (JmxRegister.java:tryRegister(44)) - Successfully registered JMX Bean with object name Ratis:service=RaftServer,group=group-0D760A777019,id=a649f690-d225-45d2-88c7-52634dd1991d
2019-08-20 14:55:58,689 INFO  pipeline.PipelineStateManager (PipelineStateManager.java:addPipeline(56)) - Created pipeline Pipeline[ Id: 8c19f274-a35e-40f0-9916-0d760a777019, Nodes: a649f690-d225-45d2-88c7-52634dd1991d{ip: 192.168.69.107, host: pr-hdds-1054-6hltv-2752131155, networkLocation: /default-rack, certSerialId: null}, Type:RATIS, Factor:ONE, State:OPEN]
2019-08-20 14:55:58,709 INFO  impl.RaftServerProxy (RaftServerProxy.java:addNew(89)) - 9f9ca74d-fc7b-4259-86d4-3ed441e955cd: addNew group-D19E71E653AD:[9f9ca74d-fc7b-4259-86d4-3ed441e955cd:192.168.69.107:43201] returns group-D19E71E653AD:java.util.concurrent.CompletableFuture@450d80f7[Not completed]
2019-08-20 14:55:58,721 INFO  impl.RaftServerImpl (RaftServerImpl.java:<init>(93)) - 9f9ca74d-fc7b-4259-86d4-3ed441e955cd: new RaftServerImpl for group-D19E71E653AD:[9f9ca74d-fc7b-4259-86d4-3ed441e955cd:192.168.69.107:43201] with ContainerStateMachine:uninitialized
2019-08-20 14:55:58,721 INFO  server.RaftServerConfigKeys (ConfUtils.java:logGet(43)) - raft.server.rpc.timeout.min = 5s (custom)
2019-08-20 14:55:58,721 INFO  server.RaftServerConfigKeys (ConfUtils.java:logGet(43)) - raft.server.rpc.timeout.max = 5200ms (custom)
2019-08-20 14:55:58,721 INFO  server.RaftServerConfigKeys (ConfUtils.java:logGet(43)) - raft.server.rpcslowness.timeout = 120s (custom)
2019-08-20 14:55:58,722 INFO  server.RaftServerConfigKeys (ConfUtils.java:logGet(43)) - raft.server.sleep.deviation.threshold = 300 (default)
2019-08-20 14:55:58,722 INFO  server.RaftServerConfigKeys (ConfUtils.java:logGet(43)) - raft.server.log.appender.install.snapshot.enabled = false (custom)
2019-08-20 14:55:58,722 INFO  impl.RaftServerImpl (ServerState.java:<init>(105)) - 9f9ca74d-fc7b-4259-86d4-3ed441e955cd:group-D19E71E653AD ConfigurationManager, init=-1: [9f9ca74d-fc7b-4259-86d4-3ed441e955cd:192.168.69.107:43201], old=null, confs=<EMPTY_MAP>
2019-08-20 14:55:58,722 INFO  server.RaftServerConfigKeys (ConfUtils.java:logGet(43)) - raft.server.storage.dir = [/workdir/hadoop-ozone/integration-test/target/test-dir/MiniOzoneClusterImpl-695552eb-70e7-4800-ab80-1fd0bd7a96c2/datanode-4/data/ratis] (custom)
2019-08-20 14:55:58,723 INFO  storage.RaftStorageDirectory (RaftStorageDirectory.java:analyzeStorage(246)) - The storage directory /workdir/hadoop-ozone/integration-test/target/test-dir/MiniOzoneClusterImpl-695552eb-70e7-4800-ab80-1fd0bd7a96c2/datanode-4/data/ratis/fd5fbe2b-a380-4c86-856c-d19e71e653ad does not exist. Creating ...
2019-08-20 14:55:58,735 INFO  storage.RaftStorageDirectory (RaftStorageDirectory.java:tryLock(328)) - Lock on /workdir/hadoop-ozone/integration-test/target/test-dir/MiniOzoneClusterImpl-695552eb-70e7-4800-ab80-1fd0bd7a96c2/datanode-4/data/ratis/fd5fbe2b-a380-4c86-856c-d19e71e653ad/in_use.lock acquired by nodename 12083@pr-hdds-1054-6hltv-2752131155
2019-08-20 14:55:58,738 INFO  storage.RaftStorage (RaftStorage.java:format(72)) - Storage directory /workdir/hadoop-ozone/integration-test/target/test-dir/MiniOzoneClusterImpl-695552eb-70e7-4800-ab80-1fd0bd7a96c2/datanode-4/data/ratis/fd5fbe2b-a380-4c86-856c-d19e71e653ad has been successfully formatted.
2019-08-20 14:55:58,738 INFO  ratis.ContainerStateMachine (ContainerStateMachine.java:loadSnapshot(222)) - group-D19E71E653AD: The snapshot info is null. Setting the last applied indexto:(t:0, i:~)
2019-08-20 14:55:58,739 INFO  server.RaftServerConfigKeys (ConfUtils.java:logGet(43)) - raft.server.leader.election.timeout = 120s (custom)
2019-08-20 14:55:58,739 INFO  server.RaftServerConfigKeys (ConfUtils.java:logGet(43)) - raft.server.log.use.memory = false (default)
2019-08-20 14:55:58,739 INFO  server.RaftServerConfigKeys (ConfUtils.java:logGet(43)) - raft.server.log.purge.gap = 1000000000 (custom)
2019-08-20 14:55:58,739 INFO  server.RaftServerConfigKeys (ConfUtils.java:logGet(43)) - raft.server.log.appender.buffer.byte-limit = 33554432 (custom)
2019-08-20 14:55:58,739 INFO  server.RaftServerConfigKeys (ConfUtils.java:logGet(43)) - raft.server.log.segment.size.max = 1048576 (custom)
2019-08-20 14:55:58,740 INFO  server.RaftServerConfigKeys (ConfUtils.java:logGet(43)) - raft.server.log.segment.cache.num.max = 2 (custom)
2019-08-20 14:55:58,740 INFO  segmented.SegmentedRaftLogWorker (SegmentedRaftLogWorker.java:<init>(172)) - new 9f9ca74d-fc7b-4259-86d4-3ed441e955cd-SegmentedRaftLogWorker:Storage Directory /workdir/hadoop-ozone/integration-test/target/test-dir/MiniOzoneClusterImpl-695552eb-70e7-4800-ab80-1fd0bd7a96c2/datanode-4/data/ratis/fd5fbe2b-a380-4c86-856c-d19e71e653ad for RaftStorage:Storage Directory /workdir/hadoop-ozone/integration-test/target/test-dir/MiniOzoneClusterImpl-695552eb-70e7-4800-ab80-1fd0bd7a96c2/datanode-4/data/ratis/fd5fbe2b-a380-4c86-856c-d19e71e653ad
2019-08-20 14:55:58,740 INFO  server.RaftServerConfigKeys (ConfUtils.java:logGet(43)) - raft.server.log.queue.byte-limit = 2147483647 (custom)
2019-08-20 14:55:58,740 INFO  server.RaftServerConfigKeys (ConfUtils.java:logGet(43)) - raft.server.log.queue.element-limit = 1024 (custom)
2019-08-20 14:55:58,740 INFO  server.RaftServerConfigKeys (ConfUtils.java:logGet(43)) - raft.server.log.segment.size.max = 1048576 (custom)
2019-08-20 14:55:58,741 INFO  server.RaftServerConfigKeys (ConfUtils.java:logGet(43)) - raft.server.log.preallocated.size = 16384 (custom)
2019-08-20 14:55:58,741 INFO  server.RaftServerConfigKeys (ConfUtils.java:logGet(43)) - raft.server.log.write.buffer.size = 33554432 (custom)
2019-08-20 14:55:58,741 INFO  server.RaftServerConfigKeys (ConfUtils.java:logGet(43)) - raft.server.log.force.sync.num = 128 (default)
2019-08-20 14:55:58,741 INFO  server.RaftServerConfigKeys (ConfUtils.java:logGet(43)) - raft.server.log.statemachine.data.sync = true (default)
2019-08-20 14:55:58,741 INFO  server.RaftServerConfigKeys (ConfUtils.java:logGet(43)) - raft.server.log.statemachine.data.sync.timeout = 10s (default)
2019-08-20 14:55:58,741 INFO  server.RaftServerConfigKeys (ConfUtils.java:logGet(43)) - raft.server.log.statemachine.data.sync.timeout.retry = -1 (default)
2019-08-20 14:55:58,742 INFO  server.RaftServerConfigKeys (ConfUtils.java:logGet(43)) - raft.server.log.statemachine.data.caching.enabled = true (custom)
2019-08-20 14:55:58,742 INFO  segmented.SegmentedRaftLogWorker (SegmentedRaftLogWorker.java:lambda$new$0(132)) - 9f9ca74d-fc7b-4259-86d4-3ed441e955cd-SegmentedRaftLogWorker:Storage Directory /workdir/hadoop-ozone/integration-test/target/test-dir/MiniOzoneClusterImpl-695552eb-70e7-4800-ab80-1fd0bd7a96c2/datanode-4/data/ratis/fd5fbe2b-a380-4c86-856c-d19e71e653ad: flushIndex: setUnconditionally 0 -> -1
2019-08-20 14:55:58,743 INFO  server.RaftServerConfigKeys (ConfUtils.java:logGet(43)) - raft.server.snapshot.auto.trigger.enabled = true (custom)
2019-08-20 14:55:58,743 INFO  server.RaftServerConfigKeys (ConfUtils.java:logGet(43)) - raft.server.snapshot.auto.trigger.threshold = 10000 (custom)
2019-08-20 14:55:58,743 INFO  server.RaftServerConfigKeys (ConfUtils.java:logGet(43)) - raft.server.retrycache.expirytime = 600000ms (custom)
2019-08-20 14:55:58,743 INFO  impl.RaftServerImpl (RaftServerImpl.java:start(180)) - 9f9ca74d-fc7b-4259-86d4-3ed441e955cd: start group-D19E71E653AD
2019-08-20 14:55:58,743 INFO  impl.RaftServerImpl (RaftServerImpl.java:setRole(171)) - 9f9ca74d-fc7b-4259-86d4-3ed441e955cd:group-D19E71E653AD changes role from null to FOLLOWER at term 0 for startAsFollower
2019-08-20 14:55:58,743 INFO  impl.RoleInfo (RoleInfo.java:updateAndGet(143)) - 9f9ca74d-fc7b-4259-86d4-3ed441e955cd: start FollowerState
2019-08-20 14:55:58,744 INFO  util.JmxRegister (JmxRegister.java:tryRegister(44)) - Successfully registered JMX Bean with object name Ratis:service=RaftServer,group=group-D19E71E653AD,id=9f9ca74d-fc7b-4259-86d4-3ed441e955cd
2019-08-20 14:55:58,754 INFO  pipeline.PipelineStateManager (PipelineStateManager.java:addPipeline(56)) - Created pipeline Pipeline[ Id: fd5fbe2b-a380-4c86-856c-d19e71e653ad, Nodes: 9f9ca74d-fc7b-4259-86d4-3ed441e955cd{ip: 192.168.69.107, host: pr-hdds-1054-6hltv-2752131155, networkLocation: /default-rack, certSerialId: null}, Type:RATIS, Factor:ONE, State:OPEN]
2019-08-20 14:55:58,781 INFO  impl.RaftServerProxy (RaftServerProxy.java:addNew(89)) - 0137e547-5d73-4510-aaf5-b735c043c419: addNew group-9C521B2D4E66:[0137e547-5d73-4510-aaf5-b735c043c419:192.168.69.107:37610] returns group-9C521B2D4E66:java.util.concurrent.CompletableFuture@60452c68[Not completed]
2019-08-20 14:55:58,784 INFO  impl.RaftServerImpl (RaftServerImpl.java:<init>(93)) - 0137e547-5d73-4510-aaf5-b735c043c419: new RaftServerImpl for group-9C521B2D4E66:[0137e547-5d73-4510-aaf5-b735c043c419:192.168.69.107:37610] with ContainerStateMachine:uninitialized
2019-08-20 14:55:58,784 INFO  server.RaftServerConfigKeys (ConfUtils.java:logGet(43)) - raft.server.rpc.timeout.min = 5s (custom)
2019-08-20 14:55:58,785 INFO  server.RaftServerConfigKeys (ConfUtils.java:logGet(43)) - raft.server.rpc.timeout.max = 5200ms (custom)
2019-08-20 14:55:58,785 INFO  server.RaftServerConfigKeys (ConfUtils.java:logGet(43)) - raft.server.rpcslowness.timeout = 120s (custom)
2019-08-20 14:55:58,785 INFO  server.RaftServerConfigKeys (ConfUtils.java:logGet(43)) - raft.server.sleep.deviation.threshold = 300 (default)
2019-08-20 14:55:58,785 INFO  server.RaftServerConfigKeys (ConfUtils.java:logGet(43)) - raft.server.log.appender.install.snapshot.enabled = false (custom)
2019-08-20 14:55:58,785 INFO  impl.RaftServerImpl (ServerState.java:<init>(105)) - 0137e547-5d73-4510-aaf5-b735c043c419:group-9C521B2D4E66 ConfigurationManager, init=-1: [0137e547-5d73-4510-aaf5-b735c043c419:192.168.69.107:37610], old=null, confs=<EMPTY_MAP>
2019-08-20 14:55:58,785 INFO  server.RaftServerConfigKeys (ConfUtils.java:logGet(43)) - raft.server.storage.dir = [/workdir/hadoop-ozone/integration-test/target/test-dir/MiniOzoneClusterImpl-695552eb-70e7-4800-ab80-1fd0bd7a96c2/datanode-3/data/ratis] (custom)
2019-08-20 14:55:58,785 INFO  storage.RaftStorageDirectory (RaftStorageDirectory.java:analyzeStorage(246)) - The storage directory /workdir/hadoop-ozone/integration-test/target/test-dir/MiniOzoneClusterImpl-695552eb-70e7-4800-ab80-1fd0bd7a96c2/datanode-3/data/ratis/d651cc16-be30-45ae-8fee-9c521b2d4e66 does not exist. Creating ...
2019-08-20 14:55:58,798 INFO  storage.RaftStorageDirectory (RaftStorageDirectory.java:tryLock(328)) - Lock on /workdir/hadoop-ozone/integration-test/target/test-dir/MiniOzoneClusterImpl-695552eb-70e7-4800-ab80-1fd0bd7a96c2/datanode-3/data/ratis/d651cc16-be30-45ae-8fee-9c521b2d4e66/in_use.lock acquired by nodename 12083@pr-hdds-1054-6hltv-2752131155
2019-08-20 14:55:58,802 INFO  storage.RaftStorage (RaftStorage.java:format(72)) - Storage directory /workdir/hadoop-ozone/integration-test/target/test-dir/MiniOzoneClusterImpl-695552eb-70e7-4800-ab80-1fd0bd7a96c2/datanode-3/data/ratis/d651cc16-be30-45ae-8fee-9c521b2d4e66 has been successfully formatted.
2019-08-20 14:55:58,802 INFO  ratis.ContainerStateMachine (ContainerStateMachine.java:loadSnapshot(222)) - group-9C521B2D4E66: The snapshot info is null. Setting the last applied indexto:(t:0, i:~)
2019-08-20 14:55:58,802 INFO  server.RaftServerConfigKeys (ConfUtils.java:logGet(43)) - raft.server.leader.election.timeout = 120s (custom)
2019-08-20 14:55:58,802 INFO  server.RaftServerConfigKeys (ConfUtils.java:logGet(43)) - raft.server.log.use.memory = false (default)
2019-08-20 14:55:58,803 INFO  server.RaftServerConfigKeys (ConfUtils.java:logGet(43)) - raft.server.log.purge.gap = 1000000000 (custom)
2019-08-20 14:55:58,803 INFO  server.RaftServerConfigKeys (ConfUtils.java:logGet(43)) - raft.server.log.appender.buffer.byte-limit = 33554432 (custom)
2019-08-20 14:55:58,803 INFO  server.RaftServerConfigKeys (ConfUtils.java:logGet(43)) - raft.server.log.segment.size.max = 1048576 (custom)
2019-08-20 14:55:58,803 INFO  server.RaftServerConfigKeys (ConfUtils.java:logGet(43)) - raft.server.log.segment.cache.num.max = 2 (custom)
2019-08-20 14:55:58,803 INFO  segmented.SegmentedRaftLogWorker (SegmentedRaftLogWorker.java:<init>(172)) - new 0137e547-5d73-4510-aaf5-b735c043c419-SegmentedRaftLogWorker:Storage Directory /workdir/hadoop-ozone/integration-test/target/test-dir/MiniOzoneClusterImpl-695552eb-70e7-4800-ab80-1fd0bd7a96c2/datanode-3/data/ratis/d651cc16-be30-45ae-8fee-9c521b2d4e66 for RaftStorage:Storage Directory /workdir/hadoop-ozone/integration-test/target/test-dir/MiniOzoneClusterImpl-695552eb-70e7-4800-ab80-1fd0bd7a96c2/datanode-3/data/ratis/d651cc16-be30-45ae-8fee-9c521b2d4e66
2019-08-20 14:55:58,803 INFO  server.RaftServerConfigKeys (ConfUtils.java:logGet(43)) - raft.server.log.queue.byte-limit = 2147483647 (custom)
2019-08-20 14:55:58,803 INFO  server.RaftServerConfigKeys (ConfUtils.java:logGet(43)) - raft.server.log.queue.element-limit = 1024 (custom)
2019-08-20 14:55:58,803 INFO  server.RaftServerConfigKeys (ConfUtils.java:logGet(43)) - raft.server.log.segment.size.max = 1048576 (custom)
2019-08-20 14:55:58,804 INFO  server.RaftServerConfigKeys (ConfUtils.java:logGet(43)) - raft.server.log.preallocated.size = 16384 (custom)
2019-08-20 14:55:58,804 INFO  server.RaftServerConfigKeys (ConfUtils.java:logGet(43)) - raft.server.log.write.buffer.size = 33554432 (custom)
2019-08-20 14:55:58,804 INFO  server.RaftServerConfigKeys (ConfUtils.java:logGet(43)) - raft.server.log.force.sync.num = 128 (default)
2019-08-20 14:55:58,804 INFO  server.RaftServerConfigKeys (ConfUtils.java:logGet(43)) - raft.server.log.statemachine.data.sync = true (default)
2019-08-20 14:55:58,804 INFO  server.RaftServerConfigKeys (ConfUtils.java:logGet(43)) - raft.server.log.statemachine.data.sync.timeout = 10s (default)
2019-08-20 14:55:58,804 INFO  server.RaftServerConfigKeys (ConfUtils.java:logGet(43)) - raft.server.log.statemachine.data.sync.timeout.retry = -1 (default)
2019-08-20 14:55:58,804 INFO  server.RaftServerConfigKeys (ConfUtils.java:logGet(43)) - raft.server.log.statemachine.data.caching.enabled = true (custom)
2019-08-20 14:55:58,805 INFO  segmented.SegmentedRaftLogWorker (SegmentedRaftLogWorker.java:lambda$new$0(132)) - 0137e547-5d73-4510-aaf5-b735c043c419-SegmentedRaftLogWorker:Storage Directory /workdir/hadoop-ozone/integration-test/target/test-dir/MiniOzoneClusterImpl-695552eb-70e7-4800-ab80-1fd0bd7a96c2/datanode-3/data/ratis/d651cc16-be30-45ae-8fee-9c521b2d4e66: flushIndex: setUnconditionally 0 -> -1
2019-08-20 14:55:58,805 INFO  server.RaftServerConfigKeys (ConfUtils.java:logGet(43)) - raft.server.snapshot.auto.trigger.enabled = true (custom)
2019-08-20 14:55:58,805 INFO  server.RaftServerConfigKeys (ConfUtils.java:logGet(43)) - raft.server.snapshot.auto.trigger.threshold = 10000 (custom)
2019-08-20 14:55:58,805 INFO  server.RaftServerConfigKeys (ConfUtils.java:logGet(43)) - raft.server.retrycache.expirytime = 600000ms (custom)
2019-08-20 14:55:58,805 INFO  impl.RaftServerImpl (RaftServerImpl.java:start(180)) - 0137e547-5d73-4510-aaf5-b735c043c419: start group-9C521B2D4E66
2019-08-20 14:55:58,805 INFO  impl.RaftServerImpl (RaftServerImpl.java:setRole(171)) - 0137e547-5d73-4510-aaf5-b735c043c419:group-9C521B2D4E66 changes role from null to FOLLOWER at term 0 for startAsFollower
2019-08-20 14:55:58,806 INFO  impl.RoleInfo (RoleInfo.java:updateAndGet(143)) - 0137e547-5d73-4510-aaf5-b735c043c419: start FollowerState
2019-08-20 14:55:58,806 INFO  util.JmxRegister (JmxRegister.java:tryRegister(44)) - Successfully registered JMX Bean with object name Ratis:service=RaftServer,group=group-9C521B2D4E66,id=0137e547-5d73-4510-aaf5-b735c043c419
2019-08-20 14:55:58,817 INFO  pipeline.PipelineStateManager (PipelineStateManager.java:addPipeline(56)) - Created pipeline Pipeline[ Id: d651cc16-be30-45ae-8fee-9c521b2d4e66, Nodes: 0137e547-5d73-4510-aaf5-b735c043c419{ip: 192.168.69.107, host: pr-hdds-1054-6hltv-2752131155, networkLocation: /default-rack, certSerialId: null}, Type:RATIS, Factor:ONE, State:OPEN]
2019-08-20 14:55:58,837 INFO  impl.RaftServerProxy (RaftServerProxy.java:addNew(89)) - 0181d800-9f85-42fe-8aa5-822e6a490a55: addNew group-88A05E09B13C:[0181d800-9f85-42fe-8aa5-822e6a490a55:192.168.69.107:36414] returns group-88A05E09B13C:java.util.concurrent.CompletableFuture@5b6ed07[Not completed]
2019-08-20 14:55:58,839 INFO  impl.RaftServerImpl (RaftServerImpl.java:<init>(93)) - 0181d800-9f85-42fe-8aa5-822e6a490a55: new RaftServerImpl for group-88A05E09B13C:[0181d800-9f85-42fe-8aa5-822e6a490a55:192.168.69.107:36414] with ContainerStateMachine:uninitialized
2019-08-20 14:55:58,839 INFO  server.RaftServerConfigKeys (ConfUtils.java:logGet(43)) - raft.server.rpc.timeout.min = 5s (custom)
2019-08-20 14:55:58,839 INFO  server.RaftServerConfigKeys (ConfUtils.java:logGet(43)) - raft.server.rpc.timeout.max = 5200ms (custom)
2019-08-20 14:55:58,839 INFO  server.RaftServerConfigKeys (ConfUtils.java:logGet(43)) - raft.server.rpcslowness.timeout = 120s (custom)
2019-08-20 14:55:58,839 INFO  server.RaftServerConfigKeys (ConfUtils.java:logGet(43)) - raft.server.sleep.deviation.threshold = 300 (default)
2019-08-20 14:55:58,839 INFO  server.RaftServerConfigKeys (ConfUtils.java:logGet(43)) - raft.server.log.appender.install.snapshot.enabled = false (custom)
2019-08-20 14:55:58,840 INFO  impl.RaftServerImpl (ServerState.java:<init>(105)) - 0181d800-9f85-42fe-8aa5-822e6a490a55:group-88A05E09B13C ConfigurationManager, init=-1: [0181d800-9f85-42fe-8aa5-822e6a490a55:192.168.69.107:36414], old=null, confs=<EMPTY_MAP>
2019-08-20 14:55:58,840 INFO  server.RaftServerConfigKeys (ConfUtils.java:logGet(43)) - raft.server.storage.dir = [/workdir/hadoop-ozone/integration-test/target/test-dir/MiniOzoneClusterImpl-695552eb-70e7-4800-ab80-1fd0bd7a96c2/datanode-2/data/ratis] (custom)
2019-08-20 14:55:58,840 INFO  storage.RaftStorageDirectory (RaftStorageDirectory.java:analyzeStorage(246)) - The storage directory /workdir/hadoop-ozone/integration-test/target/test-dir/MiniOzoneClusterImpl-695552eb-70e7-4800-ab80-1fd0bd7a96c2/datanode-2/data/ratis/35f246ae-adc8-422d-8f75-88a05e09b13c does not exist. Creating ...
2019-08-20 14:55:58,844 INFO  storage.RaftStorageDirectory (RaftStorageDirectory.java:tryLock(328)) - Lock on /workdir/hadoop-ozone/integration-test/target/test-dir/MiniOzoneClusterImpl-695552eb-70e7-4800-ab80-1fd0bd7a96c2/datanode-2/data/ratis/35f246ae-adc8-422d-8f75-88a05e09b13c/in_use.lock acquired by nodename 12083@pr-hdds-1054-6hltv-2752131155
2019-08-20 14:55:58,847 INFO  storage.RaftStorage (RaftStorage.java:format(72)) - Storage directory /workdir/hadoop-ozone/integration-test/target/test-dir/MiniOzoneClusterImpl-695552eb-70e7-4800-ab80-1fd0bd7a96c2/datanode-2/data/ratis/35f246ae-adc8-422d-8f75-88a05e09b13c has been successfully formatted.
2019-08-20 14:55:58,847 INFO  ratis.ContainerStateMachine (ContainerStateMachine.java:loadSnapshot(222)) - group-88A05E09B13C: The snapshot info is null. Setting the last applied indexto:(t:0, i:~)
2019-08-20 14:55:58,847 INFO  server.RaftServerConfigKeys (ConfUtils.java:logGet(43)) - raft.server.leader.election.timeout = 120s (custom)
2019-08-20 14:55:58,848 INFO  server.RaftServerConfigKeys (ConfUtils.java:logGet(43)) - raft.server.log.use.memory = false (default)
2019-08-20 14:55:58,848 INFO  server.RaftServerConfigKeys (ConfUtils.java:logGet(43)) - raft.server.log.purge.gap = 1000000000 (custom)
2019-08-20 14:55:58,848 INFO  server.RaftServerConfigKeys (ConfUtils.java:logGet(43)) - raft.server.log.appender.buffer.byte-limit = 33554432 (custom)
2019-08-20 14:55:58,848 INFO  server.RaftServerConfigKeys (ConfUtils.java:logGet(43)) - raft.server.log.segment.size.max = 1048576 (custom)
2019-08-20 14:55:58,848 INFO  server.RaftServerConfigKeys (ConfUtils.java:logGet(43)) - raft.server.log.segment.cache.num.max = 2 (custom)
2019-08-20 14:55:58,848 INFO  segmented.SegmentedRaftLogWorker (SegmentedRaftLogWorker.java:<init>(172)) - new 0181d800-9f85-42fe-8aa5-822e6a490a55-SegmentedRaftLogWorker:Storage Directory /workdir/hadoop-ozone/integration-test/target/test-dir/MiniOzoneClusterImpl-695552eb-70e7-4800-ab80-1fd0bd7a96c2/datanode-2/data/ratis/35f246ae-adc8-422d-8f75-88a05e09b13c for RaftStorage:Storage Directory /workdir/hadoop-ozone/integration-test/target/test-dir/MiniOzoneClusterImpl-695552eb-70e7-4800-ab80-1fd0bd7a96c2/datanode-2/data/ratis/35f246ae-adc8-422d-8f75-88a05e09b13c
2019-08-20 14:55:58,848 INFO  server.RaftServerConfigKeys (ConfUtils.java:logGet(43)) - raft.server.log.queue.byte-limit = 2147483647 (custom)
2019-08-20 14:55:58,848 INFO  server.RaftServerConfigKeys (ConfUtils.java:logGet(43)) - raft.server.log.queue.element-limit = 1024 (custom)
2019-08-20 14:55:58,849 INFO  server.RaftServerConfigKeys (ConfUtils.java:logGet(43)) - raft.server.log.segment.size.max = 1048576 (custom)
2019-08-20 14:55:58,849 INFO  server.RaftServerConfigKeys (ConfUtils.java:logGet(43)) - raft.server.log.preallocated.size = 16384 (custom)
2019-08-20 14:55:58,849 INFO  server.RaftServerConfigKeys (ConfUtils.java:logGet(43)) - raft.server.log.write.buffer.size = 33554432 (custom)
2019-08-20 14:55:58,849 INFO  server.RaftServerConfigKeys (ConfUtils.java:logGet(43)) - raft.server.log.force.sync.num = 128 (default)
2019-08-20 14:55:58,849 INFO  server.RaftServerConfigKeys (ConfUtils.java:logGet(43)) - raft.server.log.statemachine.data.sync = true (default)
2019-08-20 14:55:58,849 INFO  server.RaftServerConfigKeys (ConfUtils.java:logGet(43)) - raft.server.log.statemachine.data.sync.timeout = 10s (default)
2019-08-20 14:55:58,849 INFO  server.RaftServerConfigKeys (ConfUtils.java:logGet(43)) - raft.server.log.statemachine.data.sync.timeout.retry = -1 (default)
2019-08-20 14:55:58,849 INFO  server.RaftServerConfigKeys (ConfUtils.java:logGet(43)) - raft.server.log.statemachine.data.caching.enabled = true (custom)
2019-08-20 14:55:58,850 INFO  segmented.SegmentedRaftLogWorker (SegmentedRaftLogWorker.java:lambda$new$0(132)) - 0181d800-9f85-42fe-8aa5-822e6a490a55-SegmentedRaftLogWorker:Storage Directory /workdir/hadoop-ozone/integration-test/target/test-dir/MiniOzoneClusterImpl-695552eb-70e7-4800-ab80-1fd0bd7a96c2/datanode-2/data/ratis/35f246ae-adc8-422d-8f75-88a05e09b13c: flushIndex: setUnconditionally 0 -> -1
2019-08-20 14:55:58,850 INFO  server.RaftServerConfigKeys (ConfUtils.java:logGet(43)) - raft.server.snapshot.auto.trigger.enabled = true (custom)
2019-08-20 14:55:58,850 INFO  server.RaftServerConfigKeys (ConfUtils.java:logGet(43)) - raft.server.snapshot.auto.trigger.threshold = 10000 (custom)
2019-08-20 14:55:58,850 INFO  server.RaftServerConfigKeys (ConfUtils.java:logGet(43)) - raft.server.retrycache.expirytime = 600000ms (custom)
2019-08-20 14:55:58,850 INFO  impl.RaftServerImpl (RaftServerImpl.java:start(180)) - 0181d800-9f85-42fe-8aa5-822e6a490a55: start group-88A05E09B13C
2019-08-20 14:55:58,850 INFO  impl.RaftServerImpl (RaftServerImpl.java:setRole(171)) - 0181d800-9f85-42fe-8aa5-822e6a490a55:group-88A05E09B13C changes role from null to FOLLOWER at term 0 for startAsFollower
2019-08-20 14:55:58,851 INFO  impl.RoleInfo (RoleInfo.java:updateAndGet(143)) - 0181d800-9f85-42fe-8aa5-822e6a490a55: start FollowerState
2019-08-20 14:55:58,851 INFO  util.JmxRegister (JmxRegister.java:tryRegister(44)) - Successfully registered JMX Bean with object name Ratis:service=RaftServer,group=group-88A05E09B13C,id=0181d800-9f85-42fe-8aa5-822e6a490a55
2019-08-20 14:55:58,860 INFO  pipeline.PipelineStateManager (PipelineStateManager.java:addPipeline(56)) - Created pipeline Pipeline[ Id: 35f246ae-adc8-422d-8f75-88a05e09b13c, Nodes: 0181d800-9f85-42fe-8aa5-822e6a490a55{ip: 192.168.69.107, host: pr-hdds-1054-6hltv-2752131155, networkLocation: /default-rack, certSerialId: null}, Type:RATIS, Factor:ONE, State:OPEN]
2019-08-20 14:55:58,875 INFO  ozone.MiniOzoneClusterImpl (MiniOzoneClusterImpl.java:lambda$waitForClusterToBeReady$0(142)) - Waiting for cluster to be ready. Got 5 of 6 DN Heartbeats.
2019-08-20 14:55:58,889 INFO  net.NetworkTopology (NetworkTopologyImpl.java:add(110)) - Added a new node: /default-rack/ec72e195-cdaf-4219-9313-040ed479ed22
2019-08-20 14:55:58,890 INFO  node.SCMNodeManager (SCMNodeManager.java:register(273)) - Registered Data node : ec72e195-cdaf-4219-9313-040ed479ed22{ip: 192.168.69.107, host: pr-hdds-1054-6hltv-2752131155, networkLocation: /default-rack, certSerialId: null}
2019-08-20 14:55:58,898 INFO  impl.RaftServerProxy (RaftServerProxy.java:addNew(89)) - a649f690-d225-45d2-88c7-52634dd1991d: addNew group-8BB45A8191F0:[9b0e08c1-4d9b-40d6-b4a2-45180464a3fb:192.168.69.107:34421, a649f690-d225-45d2-88c7-52634dd1991d:192.168.69.107:44113, 9f9ca74d-fc7b-4259-86d4-3ed441e955cd:192.168.69.107:43201] returns group-8BB45A8191F0:java.util.concurrent.CompletableFuture@33a78930[Not completed]
2019-08-20 14:55:58,898 INFO  impl.RaftServerProxy (RaftServerProxy.java:addNew(89)) - 9f9ca74d-fc7b-4259-86d4-3ed441e955cd: addNew group-8BB45A8191F0:[9b0e08c1-4d9b-40d6-b4a2-45180464a3fb:192.168.69.107:34421, a649f690-d225-45d2-88c7-52634dd1991d:192.168.69.107:44113, 9f9ca74d-fc7b-4259-86d4-3ed441e955cd:192.168.69.107:43201] returns group-8BB45A8191F0:java.util.concurrent.CompletableFuture@3a8dd7d2[Not completed]
2019-08-20 14:55:58,901 INFO  impl.RaftServerProxy (RaftServerProxy.java:addNew(89)) - 9b0e08c1-4d9b-40d6-b4a2-45180464a3fb: addNew group-8BB45A8191F0:[9b0e08c1-4d9b-40d6-b4a2-45180464a3fb:192.168.69.107:34421, a649f690-d225-45d2-88c7-52634dd1991d:192.168.69.107:44113, 9f9ca74d-fc7b-4259-86d4-3ed441e955cd:192.168.69.107:43201] returns group-8BB45A8191F0:java.util.concurrent.CompletableFuture@27a3a83b[Not completed]
2019-08-20 14:55:58,901 INFO  impl.RaftServerImpl (RaftServerImpl.java:<init>(93)) - 9f9ca74d-fc7b-4259-86d4-3ed441e955cd: new RaftServerImpl for group-8BB45A8191F0:[9b0e08c1-4d9b-40d6-b4a2-45180464a3fb:192.168.69.107:34421, a649f690-d225-45d2-88c7-52634dd1991d:192.168.69.107:44113, 9f9ca74d-fc7b-4259-86d4-3ed441e955cd:192.168.69.107:43201] with ContainerStateMachine:uninitialized
2019-08-20 14:55:58,901 INFO  server.RaftServerConfigKeys (ConfUtils.java:logGet(43)) - raft.server.rpc.timeout.min = 5s (custom)
2019-08-20 14:55:58,901 INFO  server.RaftServerConfigKeys (ConfUtils.java:logGet(43)) - raft.server.rpc.timeout.max = 5200ms (custom)
2019-08-20 14:55:58,901 INFO  server.RaftServerConfigKeys (ConfUtils.java:logGet(43)) - raft.server.rpcslowness.timeout = 120s (custom)
2019-08-20 14:55:58,901 INFO  server.RaftServerConfigKeys (ConfUtils.java:logGet(43)) - raft.server.sleep.deviation.threshold = 300 (default)
2019-08-20 14:55:58,901 INFO  server.RaftServerConfigKeys (ConfUtils.java:logGet(43)) - raft.server.log.appender.install.snapshot.enabled = false (custom)
2019-08-20 14:55:58,901 INFO  impl.RaftServerImpl (ServerState.java:<init>(105)) - 9f9ca74d-fc7b-4259-86d4-3ed441e955cd:group-8BB45A8191F0 ConfigurationManager, init=-1: [9b0e08c1-4d9b-40d6-b4a2-45180464a3fb:192.168.69.107:34421, a649f690-d225-45d2-88c7-52634dd1991d:192.168.69.107:44113, 9f9ca74d-fc7b-4259-86d4-3ed441e955cd:192.168.69.107:43201], old=null, confs=<EMPTY_MAP>
2019-08-20 14:55:58,901 INFO  server.RaftServerConfigKeys (ConfUtils.java:logGet(43)) - raft.server.storage.dir = [/workdir/hadoop-ozone/integration-test/target/test-dir/MiniOzoneClusterImpl-695552eb-70e7-4800-ab80-1fd0bd7a96c2/datanode-4/data/ratis] (custom)
2019-08-20 14:55:58,902 INFO  storage.RaftStorageDirectory (RaftStorageDirectory.java:analyzeStorage(246)) - The storage directory /workdir/hadoop-ozone/integration-test/target/test-dir/MiniOzoneClusterImpl-695552eb-70e7-4800-ab80-1fd0bd7a96c2/datanode-4/data/ratis/bc1fcdc4-6ba1-4776-9aa0-8bb45a8191f0 does not exist. Creating ...
2019-08-20 14:55:58,902 INFO  impl.RaftServerImpl (RaftServerImpl.java:<init>(93)) - a649f690-d225-45d2-88c7-52634dd1991d: new RaftServerImpl for group-8BB45A8191F0:[9b0e08c1-4d9b-40d6-b4a2-45180464a3fb:192.168.69.107:34421, a649f690-d225-45d2-88c7-52634dd1991d:192.168.69.107:44113, 9f9ca74d-fc7b-4259-86d4-3ed441e955cd:192.168.69.107:43201] with ContainerStateMachine:uninitialized
2019-08-20 14:55:58,902 INFO  server.RaftServerConfigKeys (ConfUtils.java:logGet(43)) - raft.server.rpc.timeout.min = 5s (custom)
2019-08-20 14:55:58,902 INFO  server.RaftServerConfigKeys (ConfUtils.java:logGet(43)) - raft.server.rpc.timeout.max = 5200ms (custom)
2019-08-20 14:55:58,902 INFO  server.RaftServerConfigKeys (ConfUtils.java:logGet(43)) - raft.server.rpcslowness.timeout = 120s (custom)
2019-08-20 14:55:58,902 INFO  impl.RaftServerImpl (RaftServerImpl.java:<init>(93)) - 9b0e08c1-4d9b-40d6-b4a2-45180464a3fb: new RaftServerImpl for group-8BB45A8191F0:[9b0e08c1-4d9b-40d6-b4a2-45180464a3fb:192.168.69.107:34421, a649f690-d225-45d2-88c7-52634dd1991d:192.168.69.107:44113, 9f9ca74d-fc7b-4259-86d4-3ed441e955cd:192.168.69.107:43201] with ContainerStateMachine:uninitialized
2019-08-20 14:55:58,902 INFO  server.RaftServerConfigKeys (ConfUtils.java:logGet(43)) - raft.server.sleep.deviation.threshold = 300 (default)
2019-08-20 14:55:58,903 INFO  server.RaftServerConfigKeys (ConfUtils.java:logGet(43)) - raft.server.rpc.timeout.min = 5s (custom)
2019-08-20 14:55:58,903 INFO  server.RaftServerConfigKeys (ConfUtils.java:logGet(43)) - raft.server.log.appender.install.snapshot.enabled = false (custom)
2019-08-20 14:55:58,903 INFO  server.RaftServerConfigKeys (ConfUtils.java:logGet(43)) - raft.server.rpc.timeout.max = 5200ms (custom)
2019-08-20 14:55:58,903 INFO  impl.RaftServerImpl (ServerState.java:<init>(105)) - a649f690-d225-45d2-88c7-52634dd1991d:group-8BB45A8191F0 ConfigurationManager, init=-1: [9b0e08c1-4d9b-40d6-b4a2-45180464a3fb:192.168.69.107:34421, a649f690-d225-45d2-88c7-52634dd1991d:192.168.69.107:44113, 9f9ca74d-fc7b-4259-86d4-3ed441e955cd:192.168.69.107:43201], old=null, confs=<EMPTY_MAP>
2019-08-20 14:55:58,903 INFO  server.RaftServerConfigKeys (ConfUtils.java:logGet(43)) - raft.server.rpcslowness.timeout = 120s (custom)
2019-08-20 14:55:58,903 INFO  server.RaftServerConfigKeys (ConfUtils.java:logGet(43)) - raft.server.storage.dir = [/workdir/hadoop-ozone/integration-test/target/test-dir/MiniOzoneClusterImpl-695552eb-70e7-4800-ab80-1fd0bd7a96c2/datanode-1/data/ratis] (custom)
2019-08-20 14:55:58,903 INFO  server.RaftServerConfigKeys (ConfUtils.java:logGet(43)) - raft.server.sleep.deviation.threshold = 300 (default)
2019-08-20 14:55:58,903 INFO  server.RaftServerConfigKeys (ConfUtils.java:logGet(43)) - raft.server.log.appender.install.snapshot.enabled = false (custom)
2019-08-20 14:55:58,904 INFO  storage.RaftStorageDirectory (RaftStorageDirectory.java:analyzeStorage(246)) - The storage directory /workdir/hadoop-ozone/integration-test/target/test-dir/MiniOzoneClusterImpl-695552eb-70e7-4800-ab80-1fd0bd7a96c2/datanode-1/data/ratis/bc1fcdc4-6ba1-4776-9aa0-8bb45a8191f0 does not exist. Creating ...
2019-08-20 14:55:58,904 INFO  impl.RaftServerImpl (ServerState.java:<init>(105)) - 9b0e08c1-4d9b-40d6-b4a2-45180464a3fb:group-8BB45A8191F0 ConfigurationManager, init=-1: [9b0e08c1-4d9b-40d6-b4a2-45180464a3fb:192.168.69.107:34421, a649f690-d225-45d2-88c7-52634dd1991d:192.168.69.107:44113, 9f9ca74d-fc7b-4259-86d4-3ed441e955cd:192.168.69.107:43201], old=null, confs=<EMPTY_MAP>
2019-08-20 14:55:58,904 INFO  server.RaftServerConfigKeys (ConfUtils.java:logGet(43)) - raft.server.storage.dir = [/workdir/hadoop-ozone/integration-test/target/test-dir/MiniOzoneClusterImpl-695552eb-70e7-4800-ab80-1fd0bd7a96c2/datanode-0/data/ratis] (custom)
2019-08-20 14:55:58,904 INFO  storage.RaftStorageDirectory (RaftStorageDirectory.java:analyzeStorage(246)) - The storage directory /workdir/hadoop-ozone/integration-test/target/test-dir/MiniOzoneClusterImpl-695552eb-70e7-4800-ab80-1fd0bd7a96c2/datanode-0/data/ratis/bc1fcdc4-6ba1-4776-9aa0-8bb45a8191f0 does not exist. Creating ...
2019-08-20 14:55:58,917 INFO  storage.RaftStorageDirectory (RaftStorageDirectory.java:tryLock(328)) - Lock on /workdir/hadoop-ozone/integration-test/target/test-dir/MiniOzoneClusterImpl-695552eb-70e7-4800-ab80-1fd0bd7a96c2/datanode-1/data/ratis/bc1fcdc4-6ba1-4776-9aa0-8bb45a8191f0/in_use.lock acquired by nodename 12083@pr-hdds-1054-6hltv-2752131155
2019-08-20 14:55:58,917 INFO  storage.RaftStorageDirectory (RaftStorageDirectory.java:tryLock(328)) - Lock on /workdir/hadoop-ozone/integration-test/target/test-dir/MiniOzoneClusterImpl-695552eb-70e7-4800-ab80-1fd0bd7a96c2/datanode-4/data/ratis/bc1fcdc4-6ba1-4776-9aa0-8bb45a8191f0/in_use.lock acquired by nodename 12083@pr-hdds-1054-6hltv-2752131155
2019-08-20 14:55:58,917 INFO  storage.RaftStorageDirectory (RaftStorageDirectory.java:tryLock(328)) - Lock on /workdir/hadoop-ozone/integration-test/target/test-dir/MiniOzoneClusterImpl-695552eb-70e7-4800-ab80-1fd0bd7a96c2/datanode-0/data/ratis/bc1fcdc4-6ba1-4776-9aa0-8bb45a8191f0/in_use.lock acquired by nodename 12083@pr-hdds-1054-6hltv-2752131155
2019-08-20 14:55:58,927 INFO  storage.RaftStorage (RaftStorage.java:format(72)) - Storage directory /workdir/hadoop-ozone/integration-test/target/test-dir/MiniOzoneClusterImpl-695552eb-70e7-4800-ab80-1fd0bd7a96c2/datanode-4/data/ratis/bc1fcdc4-6ba1-4776-9aa0-8bb45a8191f0 has been successfully formatted.
2019-08-20 14:55:58,927 INFO  storage.RaftStorage (RaftStorage.java:format(72)) - Storage directory /workdir/hadoop-ozone/integration-test/target/test-dir/MiniOzoneClusterImpl-695552eb-70e7-4800-ab80-1fd0bd7a96c2/datanode-1/data/ratis/bc1fcdc4-6ba1-4776-9aa0-8bb45a8191f0 has been successfully formatted.
2019-08-20 14:55:58,927 INFO  storage.RaftStorage (RaftStorage.java:format(72)) - Storage directory /workdir/hadoop-ozone/integration-test/target/test-dir/MiniOzoneClusterImpl-695552eb-70e7-4800-ab80-1fd0bd7a96c2/datanode-0/data/ratis/bc1fcdc4-6ba1-4776-9aa0-8bb45a8191f0 has been successfully formatted.
2019-08-20 14:55:58,927 INFO  ratis.ContainerStateMachine (ContainerStateMachine.java:loadSnapshot(222)) - group-8BB45A8191F0: The snapshot info is null. Setting the last applied indexto:(t:0, i:~)
2019-08-20 14:55:58,928 INFO  ratis.ContainerStateMachine (ContainerStateMachine.java:loadSnapshot(222)) - group-8BB45A8191F0: The snapshot info is null. Setting the last applied indexto:(t:0, i:~)
2019-08-20 14:55:58,928 INFO  ratis.ContainerStateMachine (ContainerStateMachine.java:loadSnapshot(222)) - group-8BB45A8191F0: The snapshot info is null. Setting the last applied indexto:(t:0, i:~)
2019-08-20 14:55:58,928 INFO  server.RaftServerConfigKeys (ConfUtils.java:logGet(43)) - raft.server.leader.election.timeout = 120s (custom)
2019-08-20 14:55:58,928 INFO  server.RaftServerConfigKeys (ConfUtils.java:logGet(43)) - raft.server.leader.election.timeout = 120s (custom)
2019-08-20 14:55:58,928 INFO  server.RaftServerConfigKeys (ConfUtils.java:logGet(43)) - raft.server.log.use.memory = false (default)
2019-08-20 14:55:58,928 INFO  server.RaftServerConfigKeys (ConfUtils.java:logGet(43)) - raft.server.leader.election.timeout = 120s (custom)
2019-08-20 14:55:58,928 INFO  server.RaftServerConfigKeys (ConfUtils.java:logGet(43)) - raft.server.log.purge.gap = 1000000000 (custom)
2019-08-20 14:55:58,928 INFO  server.RaftServerConfigKeys (ConfUtils.java:logGet(43)) - raft.server.log.use.memory = false (default)
2019-08-20 14:55:58,928 INFO  server.RaftServerConfigKeys (ConfUtils.java:logGet(43)) - raft.server.log.appender.buffer.byte-limit = 33554432 (custom)
2019-08-20 14:55:58,928 INFO  server.RaftServerConfigKeys (ConfUtils.java:logGet(43)) - raft.server.log.use.memory = false (default)
2019-08-20 14:55:58,929 INFO  server.RaftServerConfigKeys (ConfUtils.java:logGet(43)) - raft.server.log.segment.size.max = 1048576 (custom)
2019-08-20 14:55:58,929 INFO  server.RaftServerConfigKeys (ConfUtils.java:logGet(43)) - raft.server.log.purge.gap = 1000000000 (custom)
2019-08-20 14:55:58,929 INFO  server.RaftServerConfigKeys (ConfUtils.java:logGet(43)) - raft.server.log.purge.gap = 1000000000 (custom)
2019-08-20 14:55:58,929 INFO  server.RaftServerConfigKeys (ConfUtils.java:logGet(43)) - raft.server.log.appender.buffer.byte-limit = 33554432 (custom)
2019-08-20 14:55:58,929 INFO  server.RaftServerConfigKeys (ConfUtils.java:logGet(43)) - raft.server.log.segment.cache.num.max = 2 (custom)
2019-08-20 14:55:58,929 INFO  server.RaftServerConfigKeys (ConfUtils.java:logGet(43)) - raft.server.log.segment.size.max = 1048576 (custom)
2019-08-20 14:55:58,929 INFO  server.RaftServerConfigKeys (ConfUtils.java:logGet(43)) - raft.server.log.appender.buffer.byte-limit = 33554432 (custom)
2019-08-20 14:55:58,929 INFO  server.RaftServerConfigKeys (ConfUtils.java:logGet(43)) - raft.server.log.segment.cache.num.max = 2 (custom)
2019-08-20 14:55:58,929 INFO  segmented.SegmentedRaftLogWorker (SegmentedRaftLogWorker.java:<init>(172)) - new 9b0e08c1-4d9b-40d6-b4a2-45180464a3fb-SegmentedRaftLogWorker:Storage Directory /workdir/hadoop-ozone/integration-test/target/test-dir/MiniOzoneClusterImpl-695552eb-70e7-4800-ab80-1fd0bd7a96c2/datanode-0/data/ratis/bc1fcdc4-6ba1-4776-9aa0-8bb45a8191f0 for RaftStorage:Storage Directory /workdir/hadoop-ozone/integration-test/target/test-dir/MiniOzoneClusterImpl-695552eb-70e7-4800-ab80-1fd0bd7a96c2/datanode-0/data/ratis/bc1fcdc4-6ba1-4776-9aa0-8bb45a8191f0
2019-08-20 14:55:58,929 INFO  segmented.SegmentedRaftLogWorker (SegmentedRaftLogWorker.java:<init>(172)) - new a649f690-d225-45d2-88c7-52634dd1991d-SegmentedRaftLogWorker:Storage Directory /workdir/hadoop-ozone/integration-test/target/test-dir/MiniOzoneClusterImpl-695552eb-70e7-4800-ab80-1fd0bd7a96c2/datanode-1/data/ratis/bc1fcdc4-6ba1-4776-9aa0-8bb45a8191f0 for RaftStorage:Storage Directory /workdir/hadoop-ozone/integration-test/target/test-dir/MiniOzoneClusterImpl-695552eb-70e7-4800-ab80-1fd0bd7a96c2/datanode-1/data/ratis/bc1fcdc4-6ba1-4776-9aa0-8bb45a8191f0
2019-08-20 14:55:58,929 INFO  server.RaftServerConfigKeys (ConfUtils.java:logGet(43)) - raft.server.log.segment.size.max = 1048576 (custom)
2019-08-20 14:55:58,930 INFO  server.RaftServerConfigKeys (ConfUtils.java:logGet(43)) - raft.server.log.queue.byte-limit = 2147483647 (custom)
2019-08-20 14:55:58,929 INFO  server.RaftServerConfigKeys (ConfUtils.java:logGet(43)) - raft.server.log.queue.byte-limit = 2147483647 (custom)
2019-08-20 14:55:58,933 INFO  server.RaftServerConfigKeys (ConfUtils.java:logGet(43)) - raft.server.log.queue.element-limit = 1024 (custom)
2019-08-20 14:55:58,932 INFO  server.RaftServerConfigKeys (ConfUtils.java:logGet(43)) - raft.server.log.segment.cache.num.max = 2 (custom)
2019-08-20 14:55:58,933 INFO  server.RaftServerConfigKeys (ConfUtils.java:logGet(43)) - raft.server.log.segment.size.max = 1048576 (custom)
2019-08-20 14:55:58,933 INFO  server.RaftServerConfigKeys (ConfUtils.java:logGet(43)) - raft.server.log.queue.element-limit = 1024 (custom)
2019-08-20 14:55:58,933 INFO  server.RaftServerConfigKeys (ConfUtils.java:logGet(43)) - raft.server.log.preallocated.size = 16384 (custom)
2019-08-20 14:55:58,933 INFO  segmented.SegmentedRaftLogWorker (SegmentedRaftLogWorker.java:<init>(172)) - new 9f9ca74d-fc7b-4259-86d4-3ed441e955cd-SegmentedRaftLogWorker:Storage Directory /workdir/hadoop-ozone/integration-test/target/test-dir/MiniOzoneClusterImpl-695552eb-70e7-4800-ab80-1fd0bd7a96c2/datanode-4/data/ratis/bc1fcdc4-6ba1-4776-9aa0-8bb45a8191f0 for RaftStorage:Storage Directory /workdir/hadoop-ozone/integration-test/target/test-dir/MiniOzoneClusterImpl-695552eb-70e7-4800-ab80-1fd0bd7a96c2/datanode-4/data/ratis/bc1fcdc4-6ba1-4776-9aa0-8bb45a8191f0
2019-08-20 14:55:58,933 INFO  server.RaftServerConfigKeys (ConfUtils.java:logGet(43)) - raft.server.log.write.buffer.size = 33554432 (custom)
2019-08-20 14:55:58,933 INFO  server.RaftServerConfigKeys (ConfUtils.java:logGet(43)) - raft.server.log.segment.size.max = 1048576 (custom)
2019-08-20 14:55:58,933 INFO  server.RaftServerConfigKeys (ConfUtils.java:logGet(43)) - raft.server.log.force.sync.num = 128 (default)
2019-08-20 14:55:58,933 INFO  server.RaftServerConfigKeys (ConfUtils.java:logGet(43)) - raft.server.log.queue.byte-limit = 2147483647 (custom)
2019-08-20 14:55:58,934 INFO  server.RaftServerConfigKeys (ConfUtils.java:logGet(43)) - raft.server.log.statemachine.data.sync = true (default)
2019-08-20 14:55:58,934 INFO  server.RaftServerConfigKeys (ConfUtils.java:logGet(43)) - raft.server.log.preallocated.size = 16384 (custom)
2019-08-20 14:55:58,935 INFO  server.RaftServerConfigKeys (ConfUtils.java:logGet(43)) - raft.server.log.statemachine.data.sync.timeout = 10s (default)
2019-08-20 14:55:58,935 INFO  server.RaftServerConfigKeys (ConfUtils.java:logGet(43)) - raft.server.log.queue.element-limit = 1024 (custom)
2019-08-20 14:55:58,935 INFO  server.RaftServerConfigKeys (ConfUtils.java:logGet(43)) - raft.server.log.statemachine.data.sync.timeout.retry = -1 (default)
2019-08-20 14:55:58,935 INFO  server.RaftServerConfigKeys (ConfUtils.java:logGet(43)) - raft.server.log.write.buffer.size = 33554432 (custom)
2019-08-20 14:55:58,935 INFO  server.RaftServerConfigKeys (ConfUtils.java:logGet(43)) - raft.server.log.statemachine.data.caching.enabled = true (custom)
2019-08-20 14:55:58,935 INFO  server.RaftServerConfigKeys (ConfUtils.java:logGet(43)) - raft.server.log.segment.size.max = 1048576 (custom)
2019-08-20 14:55:58,935 INFO  server.RaftServerConfigKeys (ConfUtils.java:logGet(43)) - raft.server.log.force.sync.num = 128 (default)
2019-08-20 14:55:58,935 INFO  server.RaftServerConfigKeys (ConfUtils.java:logGet(43)) - raft.server.log.preallocated.size = 16384 (custom)
2019-08-20 14:55:58,935 INFO  segmented.SegmentedRaftLogWorker (SegmentedRaftLogWorker.java:lambda$new$0(132)) - a649f690-d225-45d2-88c7-52634dd1991d-SegmentedRaftLogWorker:Storage Directory /workdir/hadoop-ozone/integration-test/target/test-dir/MiniOzoneClusterImpl-695552eb-70e7-4800-ab80-1fd0bd7a96c2/datanode-1/data/ratis/bc1fcdc4-6ba1-4776-9aa0-8bb45a8191f0: flushIndex: setUnconditionally 0 -> -1
2019-08-20 14:55:58,935 INFO  server.RaftServerConfigKeys (ConfUtils.java:logGet(43)) - raft.server.log.statemachine.data.sync = true (default)
2019-08-20 14:55:58,935 INFO  server.RaftServerConfigKeys (ConfUtils.java:logGet(43)) - raft.server.log.write.buffer.size = 33554432 (custom)
2019-08-20 14:55:58,936 INFO  server.RaftServerConfigKeys (ConfUtils.java:logGet(43)) - raft.server.log.statemachine.data.sync.timeout = 10s (default)
2019-08-20 14:55:58,936 INFO  server.RaftServerConfigKeys (ConfUtils.java:logGet(43)) - raft.server.log.force.sync.num = 128 (default)
2019-08-20 14:55:58,936 INFO  server.RaftServerConfigKeys (ConfUtils.java:logGet(43)) - raft.server.snapshot.auto.trigger.enabled = true (custom)
2019-08-20 14:55:58,936 INFO  server.RaftServerConfigKeys (ConfUtils.java:logGet(43)) - raft.server.log.statemachine.data.sync = true (default)
2019-08-20 14:55:58,936 INFO  server.RaftServerConfigKeys (ConfUtils.java:logGet(43)) - raft.server.log.statemachine.data.sync.timeout.retry = -1 (default)
2019-08-20 14:55:58,936 INFO  server.RaftServerConfigKeys (ConfUtils.java:logGet(43)) - raft.server.log.statemachine.data.sync.timeout = 10s (default)
2019-08-20 14:55:58,936 INFO  server.RaftServerConfigKeys (ConfUtils.java:logGet(43)) - raft.server.snapshot.auto.trigger.threshold = 10000 (custom)
2019-08-20 14:55:58,936 INFO  server.RaftServerConfigKeys (ConfUtils.java:logGet(43)) - raft.server.log.statemachine.data.sync.timeout.retry = -1 (default)
2019-08-20 14:55:58,936 INFO  server.RaftServerConfigKeys (ConfUtils.java:logGet(43)) - raft.server.log.statemachine.data.caching.enabled = true (custom)
2019-08-20 14:55:58,936 INFO  server.RaftServerConfigKeys (ConfUtils.java:logGet(43)) - raft.server.retrycache.expirytime = 600000ms (custom)
2019-08-20 14:55:58,937 INFO  server.RaftServerConfigKeys (ConfUtils.java:logGet(43)) - raft.server.log.statemachine.data.caching.enabled = true (custom)
2019-08-20 14:55:58,937 INFO  segmented.SegmentedRaftLogWorker (SegmentedRaftLogWorker.java:lambda$new$0(132)) - 9b0e08c1-4d9b-40d6-b4a2-45180464a3fb-SegmentedRaftLogWorker:Storage Directory /workdir/hadoop-ozone/integration-test/target/test-dir/MiniOzoneClusterImpl-695552eb-70e7-4800-ab80-1fd0bd7a96c2/datanode-0/data/ratis/bc1fcdc4-6ba1-4776-9aa0-8bb45a8191f0: flushIndex: setUnconditionally 0 -> -1
2019-08-20 14:55:58,937 INFO  impl.RaftServerImpl (RaftServerImpl.java:start(180)) - a649f690-d225-45d2-88c7-52634dd1991d: start group-8BB45A8191F0
2019-08-20 14:55:58,937 INFO  impl.RaftServerImpl (RaftServerImpl.java:setRole(171)) - a649f690-d225-45d2-88c7-52634dd1991d:group-8BB45A8191F0 changes role from null to FOLLOWER at term 0 for startAsFollower
2019-08-20 14:55:58,937 INFO  server.RaftServerConfigKeys (ConfUtils.java:logGet(43)) - raft.server.snapshot.auto.trigger.enabled = true (custom)
2019-08-20 14:55:58,937 INFO  segmented.SegmentedRaftLogWorker (SegmentedRaftLogWorker.java:lambda$new$0(132)) - 9f9ca74d-fc7b-4259-86d4-3ed441e955cd-SegmentedRaftLogWorker:Storage Directory /workdir/hadoop-ozone/integration-test/target/test-dir/MiniOzoneClusterImpl-695552eb-70e7-4800-ab80-1fd0bd7a96c2/datanode-4/data/ratis/bc1fcdc4-6ba1-4776-9aa0-8bb45a8191f0: flushIndex: setUnconditionally 0 -> -1
2019-08-20 14:55:58,937 INFO  server.RaftServerConfigKeys (ConfUtils.java:logGet(43)) - raft.server.snapshot.auto.trigger.threshold = 10000 (custom)
2019-08-20 14:55:58,937 INFO  impl.RoleInfo (RoleInfo.java:updateAndGet(143)) - a649f690-d225-45d2-88c7-52634dd1991d: start FollowerState
2019-08-20 14:55:58,937 INFO  server.RaftServerConfigKeys (ConfUtils.java:logGet(43)) - raft.server.retrycache.expirytime = 600000ms (custom)
2019-08-20 14:55:58,937 INFO  server.RaftServerConfigKeys (ConfUtils.java:logGet(43)) - raft.server.snapshot.auto.trigger.enabled = true (custom)
2019-08-20 14:55:58,938 INFO  impl.RaftServerImpl (RaftServerImpl.java:start(180)) - 9b0e08c1-4d9b-40d6-b4a2-45180464a3fb: start group-8BB45A8191F0
2019-08-20 14:55:58,938 INFO  util.JmxRegister (JmxRegister.java:tryRegister(44)) - Successfully registered JMX Bean with object name Ratis:service=RaftServer,group=group-8BB45A8191F0,id=a649f690-d225-45d2-88c7-52634dd1991d
2019-08-20 14:55:58,938 INFO  server.RaftServerConfigKeys (ConfUtils.java:logGet(43)) - raft.server.snapshot.auto.trigger.threshold = 10000 (custom)
2019-08-20 14:55:58,938 INFO  impl.RaftServerImpl (RaftServerImpl.java:setRole(171)) - 9b0e08c1-4d9b-40d6-b4a2-45180464a3fb:group-8BB45A8191F0 changes role from null to FOLLOWER at term 0 for startAsFollower
2019-08-20 14:55:58,938 INFO  server.RaftServerConfigKeys (ConfUtils.java:logGet(43)) - raft.server.retrycache.expirytime = 600000ms (custom)
2019-08-20 14:55:58,938 INFO  impl.RoleInfo (RoleInfo.java:updateAndGet(143)) - 9b0e08c1-4d9b-40d6-b4a2-45180464a3fb: start FollowerState
2019-08-20 14:55:58,938 INFO  impl.RaftServerImpl (RaftServerImpl.java:start(180)) - 9f9ca74d-fc7b-4259-86d4-3ed441e955cd: start group-8BB45A8191F0
2019-08-20 14:55:58,938 INFO  impl.RaftServerImpl (RaftServerImpl.java:setRole(171)) - 9f9ca74d-fc7b-4259-86d4-3ed441e955cd:group-8BB45A8191F0 changes role from null to FOLLOWER at term 0 for startAsFollower
2019-08-20 14:55:58,938 INFO  util.JmxRegister (JmxRegister.java:tryRegister(44)) - Successfully registered JMX Bean with object name Ratis:service=RaftServer,group=group-8BB45A8191F0,id=9b0e08c1-4d9b-40d6-b4a2-45180464a3fb
2019-08-20 14:55:58,938 INFO  impl.RoleInfo (RoleInfo.java:updateAndGet(143)) - 9f9ca74d-fc7b-4259-86d4-3ed441e955cd: start FollowerState
2019-08-20 14:55:58,940 INFO  util.JmxRegister (JmxRegister.java:tryRegister(44)) - Successfully registered JMX Bean with object name Ratis:service=RaftServer,group=group-8BB45A8191F0,id=9f9ca74d-fc7b-4259-86d4-3ed441e955cd
2019-08-20 14:55:58,961 INFO  pipeline.PipelineStateManager (PipelineStateManager.java:addPipeline(56)) - Created pipeline Pipeline[ Id: bc1fcdc4-6ba1-4776-9aa0-8bb45a8191f0, Nodes: a649f690-d225-45d2-88c7-52634dd1991d{ip: 192.168.69.107, host: pr-hdds-1054-6hltv-2752131155, networkLocation: /default-rack, certSerialId: null}9b0e08c1-4d9b-40d6-b4a2-45180464a3fb{ip: 192.168.69.107, host: pr-hdds-1054-6hltv-2752131155, networkLocation: /default-rack, certSerialId: null}9f9ca74d-fc7b-4259-86d4-3ed441e955cd{ip: 192.168.69.107, host: pr-hdds-1054-6hltv-2752131155, networkLocation: /default-rack, certSerialId: null}, Type:RATIS, Factor:THREE, State:OPEN]
2019-08-20 14:55:58,978 INFO  impl.RaftServerProxy (RaftServerProxy.java:addNew(89)) - 0181d800-9f85-42fe-8aa5-822e6a490a55: addNew group-47FF3BA161BA:[ec72e195-cdaf-4219-9313-040ed479ed22:192.168.69.107:45597, 0137e547-5d73-4510-aaf5-b735c043c419:192.168.69.107:37610, 0181d800-9f85-42fe-8aa5-822e6a490a55:192.168.69.107:36414] returns group-47FF3BA161BA:java.util.concurrent.CompletableFuture@90421f7[Not completed]
2019-08-20 14:55:58,978 INFO  impl.RaftServerProxy (RaftServerProxy.java:addNew(89)) - 0137e547-5d73-4510-aaf5-b735c043c419: addNew group-47FF3BA161BA:[ec72e195-cdaf-4219-9313-040ed479ed22:192.168.69.107:45597, 0137e547-5d73-4510-aaf5-b735c043c419:192.168.69.107:37610, 0181d800-9f85-42fe-8aa5-822e6a490a55:192.168.69.107:36414] returns group-47FF3BA161BA:java.util.concurrent.CompletableFuture@30aea056[Not completed]
2019-08-20 14:55:58,980 INFO  impl.RaftServerProxy (RaftServerProxy.java:addNew(89)) - ec72e195-cdaf-4219-9313-040ed479ed22: addNew group-47FF3BA161BA:[ec72e195-cdaf-4219-9313-040ed479ed22:192.168.69.107:45597, 0137e547-5d73-4510-aaf5-b735c043c419:192.168.69.107:37610, 0181d800-9f85-42fe-8aa5-822e6a490a55:192.168.69.107:36414] returns group-47FF3BA161BA:java.util.concurrent.CompletableFuture@6d6a2adf[Not completed]
2019-08-20 14:55:58,981 INFO  impl.RaftServerImpl (RaftServerImpl.java:<init>(93)) - 0181d800-9f85-42fe-8aa5-822e6a490a55: new RaftServerImpl for group-47FF3BA161BA:[ec72e195-cdaf-4219-9313-040ed479ed22:192.168.69.107:45597, 0137e547-5d73-4510-aaf5-b735c043c419:192.168.69.107:37610, 0181d800-9f85-42fe-8aa5-822e6a490a55:192.168.69.107:36414] with ContainerStateMachine:uninitialized
2019-08-20 14:55:58,982 INFO  server.RaftServerConfigKeys (ConfUtils.java:logGet(43)) - raft.server.rpc.timeout.min = 5s (custom)
2019-08-20 14:55:58,982 INFO  server.RaftServerConfigKeys (ConfUtils.java:logGet(43)) - raft.server.rpc.timeout.max = 5200ms (custom)
2019-08-20 14:55:58,982 INFO  server.RaftServerConfigKeys (ConfUtils.java:logGet(43)) - raft.server.rpcslowness.timeout = 120s (custom)
2019-08-20 14:55:58,982 INFO  server.RaftServerConfigKeys (ConfUtils.java:logGet(43)) - raft.server.sleep.deviation.threshold = 300 (default)
2019-08-20 14:55:58,982 INFO  server.RaftServerConfigKeys (ConfUtils.java:logGet(43)) - raft.server.log.appender.install.snapshot.enabled = false (custom)
2019-08-20 14:55:58,982 INFO  impl.RaftServerImpl (ServerState.java:<init>(105)) - 0181d800-9f85-42fe-8aa5-822e6a490a55:group-47FF3BA161BA ConfigurationManager, init=-1: [ec72e195-cdaf-4219-9313-040ed479ed22:192.168.69.107:45597, 0137e547-5d73-4510-aaf5-b735c043c419:192.168.69.107:37610, 0181d800-9f85-42fe-8aa5-822e6a490a55:192.168.69.107:36414], old=null, confs=<EMPTY_MAP>
2019-08-20 14:55:58,984 INFO  impl.RaftServerImpl (RaftServerImpl.java:<init>(93)) - ec72e195-cdaf-4219-9313-040ed479ed22: new RaftServerImpl for group-47FF3BA161BA:[ec72e195-cdaf-4219-9313-040ed479ed22:192.168.69.107:45597, 0137e547-5d73-4510-aaf5-b735c043c419:192.168.69.107:37610, 0181d800-9f85-42fe-8aa5-822e6a490a55:192.168.69.107:36414] with ContainerStateMachine:uninitialized
2019-08-20 14:55:58,984 INFO  server.RaftServerConfigKeys (ConfUtils.java:logGet(43)) - raft.server.storage.dir = [/workdir/hadoop-ozone/integration-test/target/test-dir/MiniOzoneClusterImpl-695552eb-70e7-4800-ab80-1fd0bd7a96c2/datanode-2/data/ratis] (custom)
2019-08-20 14:55:58,984 INFO  server.RaftServerConfigKeys (ConfUtils.java:logGet(43)) - raft.server.rpc.timeout.min = 5s (custom)
2019-08-20 14:55:58,984 INFO  server.RaftServerConfigKeys (ConfUtils.java:logGet(43)) - raft.server.rpc.timeout.max = 5200ms (custom)
2019-08-20 14:55:58,984 INFO  server.RaftServerConfigKeys (ConfUtils.java:logGet(43)) - raft.server.rpcslowness.timeout = 120s (custom)
2019-08-20 14:55:58,984 INFO  storage.RaftStorageDirectory (RaftStorageDirectory.java:analyzeStorage(246)) - The storage directory /workdir/hadoop-ozone/integration-test/target/test-dir/MiniOzoneClusterImpl-695552eb-70e7-4800-ab80-1fd0bd7a96c2/datanode-2/data/ratis/44f352e5-192d-441d-bcc8-47ff3ba161ba does not exist. Creating ...
2019-08-20 14:55:58,984 INFO  server.RaftServerConfigKeys (ConfUtils.java:logGet(43)) - raft.server.sleep.deviation.threshold = 300 (default)
2019-08-20 14:55:58,984 INFO  server.RaftServerConfigKeys (ConfUtils.java:logGet(43)) - raft.server.log.appender.install.snapshot.enabled = false (custom)
2019-08-20 14:55:58,985 INFO  impl.RaftServerImpl (ServerState.java:<init>(105)) - ec72e195-cdaf-4219-9313-040ed479ed22:group-47FF3BA161BA ConfigurationManager, init=-1: [ec72e195-cdaf-4219-9313-040ed479ed22:192.168.69.107:45597, 0137e547-5d73-4510-aaf5-b735c043c419:192.168.69.107:37610, 0181d800-9f85-42fe-8aa5-822e6a490a55:192.168.69.107:36414], old=null, confs=<EMPTY_MAP>
2019-08-20 14:55:58,985 INFO  impl.RaftServerImpl (RaftServerImpl.java:<init>(93)) - 0137e547-5d73-4510-aaf5-b735c043c419: new RaftServerImpl for group-47FF3BA161BA:[ec72e195-cdaf-4219-9313-040ed479ed22:192.168.69.107:45597, 0137e547-5d73-4510-aaf5-b735c043c419:192.168.69.107:37610, 0181d800-9f85-42fe-8aa5-822e6a490a55:192.168.69.107:36414] with ContainerStateMachine:uninitialized
2019-08-20 14:55:58,985 INFO  server.RaftServerConfigKeys (ConfUtils.java:logGet(43)) - raft.server.storage.dir = [/workdir/hadoop-ozone/integration-test/target/test-dir/MiniOzoneClusterImpl-695552eb-70e7-4800-ab80-1fd0bd7a96c2/datanode-5/data/ratis] (custom)
2019-08-20 14:55:58,985 INFO  server.RaftServerConfigKeys (ConfUtils.java:logGet(43)) - raft.server.rpc.timeout.min = 5s (custom)
2019-08-20 14:55:58,985 INFO  server.RaftServerConfigKeys (ConfUtils.java:logGet(43)) - raft.server.rpc.timeout.max = 5200ms (custom)
2019-08-20 14:55:58,985 INFO  storage.RaftStorageDirectory (RaftStorageDirectory.java:analyzeStorage(246)) - The storage directory /workdir/hadoop-ozone/integration-test/target/test-dir/MiniOzoneClusterImpl-695552eb-70e7-4800-ab80-1fd0bd7a96c2/datanode-5/data/ratis/44f352e5-192d-441d-bcc8-47ff3ba161ba does not exist. Creating ...
2019-08-20 14:55:58,985 INFO  server.RaftServerConfigKeys (ConfUtils.java:logGet(43)) - raft.server.rpcslowness.timeout = 120s (custom)
2019-08-20 14:55:58,985 INFO  server.RaftServerConfigKeys (ConfUtils.java:logGet(43)) - raft.server.sleep.deviation.threshold = 300 (default)
2019-08-20 14:55:58,985 INFO  server.RaftServerConfigKeys (ConfUtils.java:logGet(43)) - raft.server.log.appender.install.snapshot.enabled = false (custom)
2019-08-20 14:55:58,986 INFO  impl.RaftServerImpl (ServerState.java:<init>(105)) - 0137e547-5d73-4510-aaf5-b735c043c419:group-47FF3BA161BA ConfigurationManager, init=-1: [ec72e195-cdaf-4219-9313-040ed479ed22:192.168.69.107:45597, 0137e547-5d73-4510-aaf5-b735c043c419:192.168.69.107:37610, 0181d800-9f85-42fe-8aa5-822e6a490a55:192.168.69.107:36414], old=null, confs=<EMPTY_MAP>
2019-08-20 14:55:58,986 INFO  server.RaftServerConfigKeys (ConfUtils.java:logGet(43)) - raft.server.storage.dir = [/workdir/hadoop-ozone/integration-test/target/test-dir/MiniOzoneClusterImpl-695552eb-70e7-4800-ab80-1fd0bd7a96c2/datanode-3/data/ratis] (custom)
2019-08-20 14:55:58,986 INFO  storage.RaftStorageDirectory (RaftStorageDirectory.java:analyzeStorage(246)) - The storage directory /workdir/hadoop-ozone/integration-test/target/test-dir/MiniOzoneClusterImpl-695552eb-70e7-4800-ab80-1fd0bd7a96c2/datanode-3/data/ratis/44f352e5-192d-441d-bcc8-47ff3ba161ba does not exist. Creating ...
2019-08-20 14:55:59,052 INFO  storage.RaftStorageDirectory (RaftStorageDirectory.java:tryLock(328)) - Lock on /workdir/hadoop-ozone/integration-test/target/test-dir/MiniOzoneClusterImpl-695552eb-70e7-4800-ab80-1fd0bd7a96c2/datanode-2/data/ratis/44f352e5-192d-441d-bcc8-47ff3ba161ba/in_use.lock acquired by nodename 12083@pr-hdds-1054-6hltv-2752131155
2019-08-20 14:55:59,052 INFO  storage.RaftStorageDirectory (RaftStorageDirectory.java:tryLock(328)) - Lock on /workdir/hadoop-ozone/integration-test/target/test-dir/MiniOzoneClusterImpl-695552eb-70e7-4800-ab80-1fd0bd7a96c2/datanode-5/data/ratis/44f352e5-192d-441d-bcc8-47ff3ba161ba/in_use.lock acquired by nodename 12083@pr-hdds-1054-6hltv-2752131155
2019-08-20 14:55:59,052 INFO  storage.RaftStorageDirectory (RaftStorageDirectory.java:tryLock(328)) - Lock on /workdir/hadoop-ozone/integration-test/target/test-dir/MiniOzoneClusterImpl-695552eb-70e7-4800-ab80-1fd0bd7a96c2/datanode-3/data/ratis/44f352e5-192d-441d-bcc8-47ff3ba161ba/in_use.lock acquired by nodename 12083@pr-hdds-1054-6hltv-2752131155
2019-08-20 14:55:59,066 INFO  storage.RaftStorage (RaftStorage.java:format(72)) - Storage directory /workdir/hadoop-ozone/integration-test/target/test-dir/MiniOzoneClusterImpl-695552eb-70e7-4800-ab80-1fd0bd7a96c2/datanode-5/data/ratis/44f352e5-192d-441d-bcc8-47ff3ba161ba has been successfully formatted.
2019-08-20 14:55:59,066 INFO  storage.RaftStorage (RaftStorage.java:format(72)) - Storage directory /workdir/hadoop-ozone/integration-test/target/test-dir/MiniOzoneClusterImpl-695552eb-70e7-4800-ab80-1fd0bd7a96c2/datanode-2/data/ratis/44f352e5-192d-441d-bcc8-47ff3ba161ba has been successfully formatted.
2019-08-20 14:55:59,066 INFO  storage.RaftStorage (RaftStorage.java:format(72)) - Storage directory /workdir/hadoop-ozone/integration-test/target/test-dir/MiniOzoneClusterImpl-695552eb-70e7-4800-ab80-1fd0bd7a96c2/datanode-3/data/ratis/44f352e5-192d-441d-bcc8-47ff3ba161ba has been successfully formatted.
2019-08-20 14:55:59,066 INFO  ratis.ContainerStateMachine (ContainerStateMachine.java:loadSnapshot(222)) - group-47FF3BA161BA: The snapshot info is null. Setting the last applied indexto:(t:0, i:~)
2019-08-20 14:55:59,066 INFO  ratis.ContainerStateMachine (ContainerStateMachine.java:loadSnapshot(222)) - group-47FF3BA161BA: The snapshot info is null. Setting the last applied indexto:(t:0, i:~)
2019-08-20 14:55:59,066 INFO  server.RaftServerConfigKeys (ConfUtils.java:logGet(43)) - raft.server.leader.election.timeout = 120s (custom)
2019-08-20 14:55:59,066 INFO  ratis.ContainerStateMachine (ContainerStateMachine.java:loadSnapshot(222)) - group-47FF3BA161BA: The snapshot info is null. Setting the last applied indexto:(t:0, i:~)
2019-08-20 14:55:59,066 INFO  server.RaftServerConfigKeys (ConfUtils.java:logGet(43)) - raft.server.log.use.memory = false (default)
2019-08-20 14:55:59,066 INFO  server.RaftServerConfigKeys (ConfUtils.java:logGet(43)) - raft.server.leader.election.timeout = 120s (custom)
2019-08-20 14:55:59,067 INFO  server.RaftServerConfigKeys (ConfUtils.java:logGet(43)) - raft.server.log.purge.gap = 1000000000 (custom)
2019-08-20 14:55:59,066 INFO  server.RaftServerConfigKeys (ConfUtils.java:logGet(43)) - raft.server.leader.election.timeout = 120s (custom)
2019-08-20 14:55:59,067 INFO  server.RaftServerConfigKeys (ConfUtils.java:logGet(43)) - raft.server.log.appender.buffer.byte-limit = 33554432 (custom)
2019-08-20 14:55:59,067 INFO  server.RaftServerConfigKeys (ConfUtils.java:logGet(43)) - raft.server.log.use.memory = false (default)
2019-08-20 14:55:59,067 INFO  server.RaftServerConfigKeys (ConfUtils.java:logGet(43)) - raft.server.log.segment.size.max = 1048576 (custom)
2019-08-20 14:55:59,067 INFO  server.RaftServerConfigKeys (ConfUtils.java:logGet(43)) - raft.server.log.use.memory = false (default)
2019-08-20 14:55:59,067 INFO  server.RaftServerConfigKeys (ConfUtils.java:logGet(43)) - raft.server.log.segment.cache.num.max = 2 (custom)
2019-08-20 14:55:59,067 INFO  server.RaftServerConfigKeys (ConfUtils.java:logGet(43)) - raft.server.log.purge.gap = 1000000000 (custom)
2019-08-20 14:55:59,067 INFO  segmented.SegmentedRaftLogWorker (SegmentedRaftLogWorker.java:<init>(172)) - new ec72e195-cdaf-4219-9313-040ed479ed22-SegmentedRaftLogWorker:Storage Directory /workdir/hadoop-ozone/integration-test/target/test-dir/MiniOzoneClusterImpl-695552eb-70e7-4800-ab80-1fd0bd7a96c2/datanode-5/data/ratis/44f352e5-192d-441d-bcc8-47ff3ba161ba for RaftStorage:Storage Directory /workdir/hadoop-ozone/integration-test/target/test-dir/MiniOzoneClusterImpl-695552eb-70e7-4800-ab80-1fd0bd7a96c2/datanode-5/data/ratis/44f352e5-192d-441d-bcc8-47ff3ba161ba
2019-08-20 14:55:59,067 INFO  server.RaftServerConfigKeys (ConfUtils.java:logGet(43)) - raft.server.log.purge.gap = 1000000000 (custom)
2019-08-20 14:55:59,067 INFO  server.RaftServerConfigKeys (ConfUtils.java:logGet(43)) - raft.server.log.queue.byte-limit = 2147483647 (custom)
2019-08-20 14:55:59,067 INFO  server.RaftServerConfigKeys (ConfUtils.java:logGet(43)) - raft.server.log.appender.buffer.byte-limit = 33554432 (custom)
2019-08-20 14:55:59,069 INFO  server.RaftServerConfigKeys (ConfUtils.java:logGet(43)) - raft.server.log.queue.element-limit = 1024 (custom)
2019-08-20 14:55:59,067 INFO  server.RaftServerConfigKeys (ConfUtils.java:logGet(43)) - raft.server.log.appender.buffer.byte-limit = 33554432 (custom)
2019-08-20 14:55:59,069 INFO  server.RaftServerConfigKeys (ConfUtils.java:logGet(43)) - raft.server.log.segment.size.max = 1048576 (custom)
2019-08-20 14:55:59,070 INFO  server.RaftServerConfigKeys (ConfUtils.java:logGet(43)) - raft.server.log.segment.size.max = 1048576 (custom)
2019-08-20 14:55:59,070 INFO  server.RaftServerConfigKeys (ConfUtils.java:logGet(43)) - raft.server.log.segment.cache.num.max = 2 (custom)
2019-08-20 14:55:59,070 INFO  server.RaftServerConfigKeys (ConfUtils.java:logGet(43)) - raft.server.log.segment.size.max = 1048576 (custom)
2019-08-20 14:55:59,070 INFO  segmented.SegmentedRaftLogWorker (SegmentedRaftLogWorker.java:<init>(172)) - new 0181d800-9f85-42fe-8aa5-822e6a490a55-SegmentedRaftLogWorker:Storage Directory /workdir/hadoop-ozone/integration-test/target/test-dir/MiniOzoneClusterImpl-695552eb-70e7-4800-ab80-1fd0bd7a96c2/datanode-2/data/ratis/44f352e5-192d-441d-bcc8-47ff3ba161ba for RaftStorage:Storage Directory /workdir/hadoop-ozone/integration-test/target/test-dir/MiniOzoneClusterImpl-695552eb-70e7-4800-ab80-1fd0bd7a96c2/datanode-2/data/ratis/44f352e5-192d-441d-bcc8-47ff3ba161ba
2019-08-20 14:55:59,070 INFO  server.RaftServerConfigKeys (ConfUtils.java:logGet(43)) - raft.server.log.segment.cache.num.max = 2 (custom)
2019-08-20 14:55:59,070 INFO  server.RaftServerConfigKeys (ConfUtils.java:logGet(43)) - raft.server.log.queue.byte-limit = 2147483647 (custom)
2019-08-20 14:55:59,072 INFO  server.RaftServerConfigKeys (ConfUtils.java:logGet(43)) - raft.server.log.queue.element-limit = 1024 (custom)
2019-08-20 14:55:59,070 INFO  server.RaftServerConfigKeys (ConfUtils.java:logGet(43)) - raft.server.log.preallocated.size = 16384 (custom)
2019-08-20 14:55:59,072 INFO  server.RaftServerConfigKeys (ConfUtils.java:logGet(43)) - raft.server.log.segment.size.max = 1048576 (custom)
2019-08-20 14:55:59,070 INFO  segmented.SegmentedRaftLogWorker (SegmentedRaftLogWorker.java:<init>(172)) - new 0137e547-5d73-4510-aaf5-b735c043c419-SegmentedRaftLogWorker:Storage Directory /workdir/hadoop-ozone/integration-test/target/test-dir/MiniOzoneClusterImpl-695552eb-70e7-4800-ab80-1fd0bd7a96c2/datanode-3/data/ratis/44f352e5-192d-441d-bcc8-47ff3ba161ba for RaftStorage:Storage Directory /workdir/hadoop-ozone/integration-test/target/test-dir/MiniOzoneClusterImpl-695552eb-70e7-4800-ab80-1fd0bd7a96c2/datanode-3/data/ratis/44f352e5-192d-441d-bcc8-47ff3ba161ba
2019-08-20 14:55:59,072 INFO  server.RaftServerConfigKeys (ConfUtils.java:logGet(43)) - raft.server.log.preallocated.size = 16384 (custom)
2019-08-20 14:55:59,072 INFO  server.RaftServerConfigKeys (ConfUtils.java:logGet(43)) - raft.server.log.write.buffer.size = 33554432 (custom)
2019-08-20 14:55:59,074 INFO  server.RaftServerConfigKeys (ConfUtils.java:logGet(43)) - raft.server.log.force.sync.num = 128 (default)
2019-08-20 14:55:59,072 INFO  server.RaftServerConfigKeys (ConfUtils.java:logGet(43)) - raft.server.log.write.buffer.size = 33554432 (custom)
2019-08-20 14:55:59,074 INFO  server.RaftServerConfigKeys (ConfUtils.java:logGet(43)) - raft.server.log.force.sync.num = 128 (default)
2019-08-20 14:55:59,072 INFO  server.RaftServerConfigKeys (ConfUtils.java:logGet(43)) - raft.server.log.queue.byte-limit = 2147483647 (custom)
2019-08-20 14:55:59,074 INFO  server.RaftServerConfigKeys (ConfUtils.java:logGet(43)) - raft.server.log.statemachine.data.sync = true (default)
2019-08-20 14:55:59,074 INFO  server.RaftServerConfigKeys (ConfUtils.java:logGet(43)) - raft.server.log.statemachine.data.sync = true (default)
2019-08-20 14:55:59,074 INFO  server.RaftServerConfigKeys (ConfUtils.java:logGet(43)) - raft.server.log.statemachine.data.sync.timeout = 10s (default)
2019-08-20 14:55:59,074 INFO  server.RaftServerConfigKeys (ConfUtils.java:logGet(43)) - raft.server.log.queue.element-limit = 1024 (custom)
2019-08-20 14:55:59,075 INFO  server.RaftServerConfigKeys (ConfUtils.java:logGet(43)) - raft.server.log.statemachine.data.sync.timeout.retry = -1 (default)
2019-08-20 14:55:59,074 INFO  server.RaftServerConfigKeys (ConfUtils.java:logGet(43)) - raft.server.log.statemachine.data.sync.timeout = 10s (default)
2019-08-20 14:55:59,075 INFO  server.RaftServerConfigKeys (ConfUtils.java:logGet(43)) - raft.server.log.statemachine.data.caching.enabled = true (custom)
2019-08-20 14:55:59,075 INFO  server.RaftServerConfigKeys (ConfUtils.java:logGet(43)) - raft.server.log.segment.size.max = 1048576 (custom)
2019-08-20 14:55:59,075 INFO  server.RaftServerConfigKeys (ConfUtils.java:logGet(43)) - raft.server.log.statemachine.data.sync.timeout.retry = -1 (default)
2019-08-20 14:55:59,075 INFO  segmented.SegmentedRaftLogWorker (SegmentedRaftLogWorker.java:lambda$new$0(132)) - 0181d800-9f85-42fe-8aa5-822e6a490a55-SegmentedRaftLogWorker:Storage Directory /workdir/hadoop-ozone/integration-test/target/test-dir/MiniOzoneClusterImpl-695552eb-70e7-4800-ab80-1fd0bd7a96c2/datanode-2/data/ratis/44f352e5-192d-441d-bcc8-47ff3ba161ba: flushIndex: setUnconditionally 0 -> -1
2019-08-20 14:55:59,075 INFO  server.RaftServerConfigKeys (ConfUtils.java:logGet(43)) - raft.server.log.preallocated.size = 16384 (custom)
2019-08-20 14:55:59,075 INFO  server.RaftServerConfigKeys (ConfUtils.java:logGet(43)) - raft.server.log.statemachine.data.caching.enabled = true (custom)
2019-08-20 14:55:59,075 INFO  server.RaftServerConfigKeys (ConfUtils.java:logGet(43)) - raft.server.snapshot.auto.trigger.enabled = true (custom)
2019-08-20 14:55:59,075 INFO  server.RaftServerConfigKeys (ConfUtils.java:logGet(43)) - raft.server.log.write.buffer.size = 33554432 (custom)
2019-08-20 14:55:59,075 INFO  server.RaftServerConfigKeys (ConfUtils.java:logGet(43)) - raft.server.snapshot.auto.trigger.threshold = 10000 (custom)
2019-08-20 14:55:59,076 INFO  server.RaftServerConfigKeys (ConfUtils.java:logGet(43)) - raft.server.log.force.sync.num = 128 (default)
2019-08-20 14:55:59,076 INFO  segmented.SegmentedRaftLogWorker (SegmentedRaftLogWorker.java:lambda$new$0(132)) - ec72e195-cdaf-4219-9313-040ed479ed22-SegmentedRaftLogWorker:Storage Directory /workdir/hadoop-ozone/integration-test/target/test-dir/MiniOzoneClusterImpl-695552eb-70e7-4800-ab80-1fd0bd7a96c2/datanode-5/data/ratis/44f352e5-192d-441d-bcc8-47ff3ba161ba: flushIndex: setUnconditionally 0 -> -1
2019-08-20 14:55:59,076 INFO  server.RaftServerConfigKeys (ConfUtils.java:logGet(43)) - raft.server.log.statemachine.data.sync = true (default)
2019-08-20 14:55:59,076 INFO  server.RaftServerConfigKeys (ConfUtils.java:logGet(43)) - raft.server.retrycache.expirytime = 600000ms (custom)
2019-08-20 14:55:59,076 INFO  server.RaftServerConfigKeys (ConfUtils.java:logGet(43)) - raft.server.log.statemachine.data.sync.timeout = 10s (default)
2019-08-20 14:55:59,076 INFO  server.RaftServerConfigKeys (ConfUtils.java:logGet(43)) - raft.server.snapshot.auto.trigger.enabled = true (custom)
2019-08-20 14:55:59,076 INFO  impl.RaftServerImpl (RaftServerImpl.java:start(180)) - 0181d800-9f85-42fe-8aa5-822e6a490a55: start group-47FF3BA161BA
2019-08-20 14:55:59,076 INFO  server.RaftServerConfigKeys (ConfUtils.java:logGet(43)) - raft.server.log.statemachine.data.sync.timeout.retry = -1 (default)
2019-08-20 14:55:59,076 INFO  impl.RaftServerImpl (RaftServerImpl.java:setRole(171)) - 0181d800-9f85-42fe-8aa5-822e6a490a55:group-47FF3BA161BA changes role from null to FOLLOWER at term 0 for startAsFollower
2019-08-20 14:55:59,076 INFO  server.RaftServerConfigKeys (ConfUtils.java:logGet(43)) - raft.server.snapshot.auto.trigger.threshold = 10000 (custom)
2019-08-20 14:55:59,076 INFO  impl.RoleInfo (RoleInfo.java:updateAndGet(143)) - 0181d800-9f85-42fe-8aa5-822e6a490a55: start FollowerState
2019-08-20 14:55:59,076 INFO  server.RaftServerConfigKeys (ConfUtils.java:logGet(43)) - raft.server.log.statemachine.data.caching.enabled = true (custom)
2019-08-20 14:55:59,077 INFO  server.RaftServerConfigKeys (ConfUtils.java:logGet(43)) - raft.server.retrycache.expirytime = 600000ms (custom)
2019-08-20 14:55:59,077 INFO  segmented.SegmentedRaftLogWorker (SegmentedRaftLogWorker.java:lambda$new$0(132)) - 0137e547-5d73-4510-aaf5-b735c043c419-SegmentedRaftLogWorker:Storage Directory /workdir/hadoop-ozone/integration-test/target/test-dir/MiniOzoneClusterImpl-695552eb-70e7-4800-ab80-1fd0bd7a96c2/datanode-3/data/ratis/44f352e5-192d-441d-bcc8-47ff3ba161ba: flushIndex: setUnconditionally 0 -> -1
2019-08-20 14:55:59,077 INFO  impl.RaftServerImpl (RaftServerImpl.java:start(180)) - ec72e195-cdaf-4219-9313-040ed479ed22: start group-47FF3BA161BA
2019-08-20 14:55:59,077 INFO  util.JmxRegister (JmxRegister.java:tryRegister(44)) - Successfully registered JMX Bean with object name Ratis:service=RaftServer,group=group-47FF3BA161BA,id=0181d800-9f85-42fe-8aa5-822e6a490a55
2019-08-20 14:55:59,077 INFO  server.RaftServerConfigKeys (ConfUtils.java:logGet(43)) - raft.server.snapshot.auto.trigger.enabled = true (custom)
2019-08-20 14:55:59,077 INFO  impl.RaftServerImpl (RaftServerImpl.java:setRole(171)) - ec72e195-cdaf-4219-9313-040ed479ed22:group-47FF3BA161BA changes role from null to FOLLOWER at term 0 for startAsFollower
2019-08-20 14:55:59,077 INFO  server.RaftServerConfigKeys (ConfUtils.java:logGet(43)) - raft.server.snapshot.auto.trigger.threshold = 10000 (custom)
2019-08-20 14:55:59,077 INFO  impl.RoleInfo (RoleInfo.java:updateAndGet(143)) - ec72e195-cdaf-4219-9313-040ed479ed22: start FollowerState
2019-08-20 14:55:59,077 INFO  server.RaftServerConfigKeys (ConfUtils.java:logGet(43)) - raft.server.retrycache.expirytime = 600000ms (custom)
2019-08-20 14:55:59,077 INFO  impl.RaftServerImpl (RaftServerImpl.java:start(180)) - 0137e547-5d73-4510-aaf5-b735c043c419: start group-47FF3BA161BA
2019-08-20 14:55:59,078 INFO  impl.RaftServerImpl (RaftServerImpl.java:setRole(171)) - 0137e547-5d73-4510-aaf5-b735c043c419:group-47FF3BA161BA changes role from null to FOLLOWER at term 0 for startAsFollower
2019-08-20 14:55:59,078 INFO  util.JmxRegister (JmxRegister.java:tryRegister(44)) - Successfully registered JMX Bean with object name Ratis:service=RaftServer,group=group-47FF3BA161BA,id=ec72e195-cdaf-4219-9313-040ed479ed22
2019-08-20 14:55:59,078 INFO  impl.RoleInfo (RoleInfo.java:updateAndGet(143)) - 0137e547-5d73-4510-aaf5-b735c043c419: start FollowerState
2019-08-20 14:55:59,078 INFO  util.JmxRegister (JmxRegister.java:tryRegister(44)) - Successfully registered JMX Bean with object name Ratis:service=RaftServer,group=group-47FF3BA161BA,id=0137e547-5d73-4510-aaf5-b735c043c419
2019-08-20 14:55:59,098 INFO  pipeline.PipelineStateManager (PipelineStateManager.java:addPipeline(56)) - Created pipeline Pipeline[ Id: 44f352e5-192d-441d-bcc8-47ff3ba161ba, Nodes: ec72e195-cdaf-4219-9313-040ed479ed22{ip: 192.168.69.107, host: pr-hdds-1054-6hltv-2752131155, networkLocation: /default-rack, certSerialId: null}0137e547-5d73-4510-aaf5-b735c043c419{ip: 192.168.69.107, host: pr-hdds-1054-6hltv-2752131155, networkLocation: /default-rack, certSerialId: null}0181d800-9f85-42fe-8aa5-822e6a490a55{ip: 192.168.69.107, host: pr-hdds-1054-6hltv-2752131155, networkLocation: /default-rack, certSerialId: null}, Type:RATIS, Factor:THREE, State:OPEN]
2019-08-20 14:55:59,111 INFO  impl.RaftServerProxy (RaftServerProxy.java:addNew(89)) - ec72e195-cdaf-4219-9313-040ed479ed22: addNew group-138CF6DBAB7C:[ec72e195-cdaf-4219-9313-040ed479ed22:192.168.69.107:45597] returns group-138CF6DBAB7C:java.util.concurrent.CompletableFuture@152c7348[Not completed]
2019-08-20 14:55:59,113 INFO  impl.RaftServerImpl (RaftServerImpl.java:<init>(93)) - ec72e195-cdaf-4219-9313-040ed479ed22: new RaftServerImpl for group-138CF6DBAB7C:[ec72e195-cdaf-4219-9313-040ed479ed22:192.168.69.107:45597] with ContainerStateMachine:uninitialized
2019-08-20 14:55:59,114 INFO  server.RaftServerConfigKeys (ConfUtils.java:logGet(43)) - raft.server.rpc.timeout.min = 5s (custom)
2019-08-20 14:55:59,114 INFO  server.RaftServerConfigKeys (ConfUtils.java:logGet(43)) - raft.server.rpc.timeout.max = 5200ms (custom)
2019-08-20 14:55:59,115 INFO  server.RaftServerConfigKeys (ConfUtils.java:logGet(43)) - raft.server.rpcslowness.timeout = 120s (custom)
2019-08-20 14:55:59,115 INFO  server.RaftServerConfigKeys (ConfUtils.java:logGet(43)) - raft.server.sleep.deviation.threshold = 300 (default)
2019-08-20 14:55:59,115 INFO  server.RaftServerConfigKeys (ConfUtils.java:logGet(43)) - raft.server.log.appender.install.snapshot.enabled = false (custom)
2019-08-20 14:55:59,115 INFO  impl.RaftServerImpl (ServerState.java:<init>(105)) - ec72e195-cdaf-4219-9313-040ed479ed22:group-138CF6DBAB7C ConfigurationManager, init=-1: [ec72e195-cdaf-4219-9313-040ed479ed22:192.168.69.107:45597], old=null, confs=<EMPTY_MAP>
2019-08-20 14:55:59,115 INFO  server.RaftServerConfigKeys (ConfUtils.java:logGet(43)) - raft.server.storage.dir = [/workdir/hadoop-ozone/integration-test/target/test-dir/MiniOzoneClusterImpl-695552eb-70e7-4800-ab80-1fd0bd7a96c2/datanode-5/data/ratis] (custom)
2019-08-20 14:55:59,115 INFO  storage.RaftStorageDirectory (RaftStorageDirectory.java:analyzeStorage(246)) - The storage directory /workdir/hadoop-ozone/integration-test/target/test-dir/MiniOzoneClusterImpl-695552eb-70e7-4800-ab80-1fd0bd7a96c2/datanode-5/data/ratis/9813a445-7be3-46f0-a067-138cf6dbab7c does not exist. Creating ...
2019-08-20 14:55:59,128 INFO  storage.RaftStorageDirectory (RaftStorageDirectory.java:tryLock(328)) - Lock on /workdir/hadoop-ozone/integration-test/target/test-dir/MiniOzoneClusterImpl-695552eb-70e7-4800-ab80-1fd0bd7a96c2/datanode-5/data/ratis/9813a445-7be3-46f0-a067-138cf6dbab7c/in_use.lock acquired by nodename 12083@pr-hdds-1054-6hltv-2752131155
2019-08-20 14:55:59,132 INFO  storage.RaftStorage (RaftStorage.java:format(72)) - Storage directory /workdir/hadoop-ozone/integration-test/target/test-dir/MiniOzoneClusterImpl-695552eb-70e7-4800-ab80-1fd0bd7a96c2/datanode-5/data/ratis/9813a445-7be3-46f0-a067-138cf6dbab7c has been successfully formatted.
2019-08-20 14:55:59,132 INFO  ratis.ContainerStateMachine (ContainerStateMachine.java:loadSnapshot(222)) - group-138CF6DBAB7C: The snapshot info is null. Setting the last applied indexto:(t:0, i:~)
2019-08-20 14:55:59,132 INFO  server.RaftServerConfigKeys (ConfUtils.java:logGet(43)) - raft.server.leader.election.timeout = 120s (custom)
2019-08-20 14:55:59,133 INFO  server.RaftServerConfigKeys (ConfUtils.java:logGet(43)) - raft.server.log.use.memory = false (default)
2019-08-20 14:55:59,133 INFO  server.RaftServerConfigKeys (ConfUtils.java:logGet(43)) - raft.server.log.purge.gap = 1000000000 (custom)
2019-08-20 14:55:59,133 INFO  server.RaftServerConfigKeys (ConfUtils.java:logGet(43)) - raft.server.log.appender.buffer.byte-limit = 33554432 (custom)
2019-08-20 14:55:59,133 INFO  server.RaftServerConfigKeys (ConfUtils.java:logGet(43)) - raft.server.log.segment.size.max = 1048576 (custom)
2019-08-20 14:55:59,133 INFO  server.RaftServerConfigKeys (ConfUtils.java:logGet(43)) - raft.server.log.segment.cache.num.max = 2 (custom)
2019-08-20 14:55:59,133 INFO  segmented.SegmentedRaftLogWorker (SegmentedRaftLogWorker.java:<init>(172)) - new ec72e195-cdaf-4219-9313-040ed479ed22-SegmentedRaftLogWorker:Storage Directory /workdir/hadoop-ozone/integration-test/target/test-dir/MiniOzoneClusterImpl-695552eb-70e7-4800-ab80-1fd0bd7a96c2/datanode-5/data/ratis/9813a445-7be3-46f0-a067-138cf6dbab7c for RaftStorage:Storage Directory /workdir/hadoop-ozone/integration-test/target/test-dir/MiniOzoneClusterImpl-695552eb-70e7-4800-ab80-1fd0bd7a96c2/datanode-5/data/ratis/9813a445-7be3-46f0-a067-138cf6dbab7c
2019-08-20 14:55:59,133 INFO  server.RaftServerConfigKeys (ConfUtils.java:logGet(43)) - raft.server.log.queue.byte-limit = 2147483647 (custom)
2019-08-20 14:55:59,133 INFO  server.RaftServerConfigKeys (ConfUtils.java:logGet(43)) - raft.server.log.queue.element-limit = 1024 (custom)
2019-08-20 14:55:59,133 INFO  server.RaftServerConfigKeys (ConfUtils.java:logGet(43)) - raft.server.log.segment.size.max = 1048576 (custom)
2019-08-20 14:55:59,133 INFO  server.RaftServerConfigKeys (ConfUtils.java:logGet(43)) - raft.server.log.preallocated.size = 16384 (custom)
2019-08-20 14:55:59,134 INFO  server.RaftServerConfigKeys (ConfUtils.java:logGet(43)) - raft.server.log.write.buffer.size = 33554432 (custom)
2019-08-20 14:55:59,134 INFO  server.RaftServerConfigKeys (ConfUtils.java:logGet(43)) - raft.server.log.force.sync.num = 128 (default)
2019-08-20 14:55:59,134 INFO  server.RaftServerConfigKeys (ConfUtils.java:logGet(43)) - raft.server.log.statemachine.data.sync = true (default)
2019-08-20 14:55:59,134 INFO  server.RaftServerConfigKeys (ConfUtils.java:logGet(43)) - raft.server.log.statemachine.data.sync.timeout = 10s (default)
2019-08-20 14:55:59,134 INFO  server.RaftServerConfigKeys (ConfUtils.java:logGet(43)) - raft.server.log.statemachine.data.sync.timeout.retry = -1 (default)
2019-08-20 14:55:59,134 INFO  server.RaftServerConfigKeys (ConfUtils.java:logGet(43)) - raft.server.log.statemachine.data.caching.enabled = true (custom)
2019-08-20 14:55:59,134 INFO  segmented.SegmentedRaftLogWorker (SegmentedRaftLogWorker.java:lambda$new$0(132)) - ec72e195-cdaf-4219-9313-040ed479ed22-SegmentedRaftLogWorker:Storage Directory /workdir/hadoop-ozone/integration-test/target/test-dir/MiniOzoneClusterImpl-695552eb-70e7-4800-ab80-1fd0bd7a96c2/datanode-5/data/ratis/9813a445-7be3-46f0-a067-138cf6dbab7c: flushIndex: setUnconditionally 0 -> -1
2019-08-20 14:55:59,134 INFO  server.RaftServerConfigKeys (ConfUtils.java:logGet(43)) - raft.server.snapshot.auto.trigger.enabled = true (custom)
2019-08-20 14:55:59,135 INFO  server.RaftServerConfigKeys (ConfUtils.java:logGet(43)) - raft.server.snapshot.auto.trigger.threshold = 10000 (custom)
2019-08-20 14:55:59,135 INFO  server.RaftServerConfigKeys (ConfUtils.java:logGet(43)) - raft.server.retrycache.expirytime = 600000ms (custom)
2019-08-20 14:55:59,135 INFO  impl.RaftServerImpl (RaftServerImpl.java:start(180)) - ec72e195-cdaf-4219-9313-040ed479ed22: start group-138CF6DBAB7C
2019-08-20 14:55:59,135 INFO  impl.RaftServerImpl (RaftServerImpl.java:setRole(171)) - ec72e195-cdaf-4219-9313-040ed479ed22:group-138CF6DBAB7C changes role from null to FOLLOWER at term 0 for startAsFollower
2019-08-20 14:55:59,135 INFO  impl.RoleInfo (RoleInfo.java:updateAndGet(143)) - ec72e195-cdaf-4219-9313-040ed479ed22: start FollowerState
2019-08-20 14:55:59,135 INFO  util.JmxRegister (JmxRegister.java:tryRegister(44)) - Successfully registered JMX Bean with object name Ratis:service=RaftServer,group=group-138CF6DBAB7C,id=ec72e195-cdaf-4219-9313-040ed479ed22
2019-08-20 14:55:59,143 INFO  pipeline.PipelineStateManager (PipelineStateManager.java:addPipeline(56)) - Created pipeline Pipeline[ Id: 9813a445-7be3-46f0-a067-138cf6dbab7c, Nodes: ec72e195-cdaf-4219-9313-040ed479ed22{ip: 192.168.69.107, host: pr-hdds-1054-6hltv-2752131155, networkLocation: /default-rack, certSerialId: null}, Type:RATIS, Factor:ONE, State:OPEN]
2019-08-20 14:55:59,878 INFO  ozone.MiniOzoneClusterImpl (MiniOzoneClusterImpl.java:lambda$waitForClusterToBeReady$0(142)) - Cluster is ready. Got 6 of 6 DN Heartbeats.
2019-08-20 14:56:00,119 INFO  rpc.RpcClient (RpcClient.java:createVolume(293)) - Creating Volume: datanodefailurehandlingtest, with jenkins1000 as owner.
2019-08-20 14:56:00,155 INFO  rpc.RpcClient (RpcClient.java:createBucket(430)) - Creating Bucket: datanodefailurehandlingtest/datanodefailurehandlingtest, with Versioning false and Storage Type set to DISK and Encryption set to false 
2019-08-20 14:56:00,362 INFO  impl.MetricsSystemImpl (MetricsSystemImpl.java:init(158)) - XceiverClientMetrics metrics system started (again)
2019-08-20 14:56:00,467 INFO  client.GrpcClientProtocolClient (GrpcClientProtocolClient.java:onNext(255)) - client-BB0D69C60681->ec72e195-cdaf-4219-9313-040ed479ed22: receive RaftClientReply:client-BB0D69C60681->ec72e195-cdaf-4219-9313-040ed479ed22@group-47FF3BA161BA, cid=12, FAILED org.apache.ratis.protocol.NotLeaderException: Server ec72e195-cdaf-4219-9313-040ed479ed22 is not the leader (null). Request must be sent to leader., logIndex=0, commits[ec72e195-cdaf-4219-9313-040ed479ed22:c-1]
2019-08-20 14:56:00,675 INFO  container.ReplicationManager (ReplicationManager.java:start(155)) - Starting Replication Monitor Thread.
2019-08-20 14:56:00,679 INFO  container.ReplicationManager (ReplicationManager.java:run(207)) - Replication Monitor Thread took 3 milliseconds for processing 1 containers.
2019-08-20 14:56:01,509 INFO  client.GrpcClientProtocolClient (GrpcClientProtocolClient.java:onNext(255)) - client-BB0D69C60681->0181d800-9f85-42fe-8aa5-822e6a490a55: receive RaftClientReply:client-BB0D69C60681->0181d800-9f85-42fe-8aa5-822e6a490a55@group-47FF3BA161BA, cid=12, FAILED org.apache.ratis.protocol.NotLeaderException: Server 0181d800-9f85-42fe-8aa5-822e6a490a55 is not the leader (null). Request must be sent to leader., logIndex=0, commits[0181d800-9f85-42fe-8aa5-822e6a490a55:c-1]
2019-08-20 14:56:02,534 INFO  client.GrpcClientProtocolClient (GrpcClientProtocolClient.java:onNext(255)) - client-BB0D69C60681->ec72e195-cdaf-4219-9313-040ed479ed22: receive RaftClientReply:client-BB0D69C60681->ec72e195-cdaf-4219-9313-040ed479ed22@group-47FF3BA161BA, cid=12, FAILED org.apache.ratis.protocol.NotLeaderException: Server ec72e195-cdaf-4219-9313-040ed479ed22 is not the leader (null). Request must be sent to leader., logIndex=0, commits[ec72e195-cdaf-4219-9313-040ed479ed22:c-1]
2019-08-20 14:56:03,545 INFO  impl.FollowerState (FollowerState.java:run(106)) - 9b0e08c1-4d9b-40d6-b4a2-45180464a3fb:group-F8D8E3EBC3EB changes to CANDIDATE, lastRpcTime:5016, electionTimeout:5016ms
2019-08-20 14:56:03,545 INFO  impl.RoleInfo (RoleInfo.java:shutdownFollowerState(121)) - 9b0e08c1-4d9b-40d6-b4a2-45180464a3fb: shutdown FollowerState
2019-08-20 14:56:03,545 INFO  impl.RaftServerImpl (RaftServerImpl.java:setRole(171)) - 9b0e08c1-4d9b-40d6-b4a2-45180464a3fb:group-F8D8E3EBC3EB changes role from FOLLOWER to CANDIDATE at term 0 for changeToCandidate
2019-08-20 14:56:03,551 INFO  impl.RoleInfo (RoleInfo.java:updateAndGet(143)) - 9b0e08c1-4d9b-40d6-b4a2-45180464a3fb: start LeaderElection
2019-08-20 14:56:03,570 INFO  client.GrpcClientProtocolClient (GrpcClientProtocolClient.java:onNext(255)) - client-BB0D69C60681->0181d800-9f85-42fe-8aa5-822e6a490a55: receive RaftClientReply:client-BB0D69C60681->0181d800-9f85-42fe-8aa5-822e6a490a55@group-47FF3BA161BA, cid=12, FAILED org.apache.ratis.protocol.NotLeaderException: Server 0181d800-9f85-42fe-8aa5-822e6a490a55 is not the leader (null). Request must be sent to leader., logIndex=0, commits[0181d800-9f85-42fe-8aa5-822e6a490a55:c-1]
2019-08-20 14:56:03,579 INFO  impl.LeaderElection (LeaderElection.java:askForVotes(181)) - 9b0e08c1-4d9b-40d6-b4a2-45180464a3fb:group-F8D8E3EBC3EB:LeaderElection1: begin an election at term 1 for -1: [9b0e08c1-4d9b-40d6-b4a2-45180464a3fb:192.168.69.107:34421], old=null
2019-08-20 14:56:03,583 INFO  impl.RoleInfo (RoleInfo.java:shutdownLeaderElection(134)) - 9b0e08c1-4d9b-40d6-b4a2-45180464a3fb: shutdown LeaderElection
2019-08-20 14:56:03,583 INFO  impl.RaftServerImpl (RaftServerImpl.java:setRole(171)) - 9b0e08c1-4d9b-40d6-b4a2-45180464a3fb:group-F8D8E3EBC3EB changes role from CANDIDATE to LEADER at term 1 for changeToLeader
2019-08-20 14:56:03,584 INFO  impl.RaftServerImpl (ServerState.java:setLeader(263)) - 9b0e08c1-4d9b-40d6-b4a2-45180464a3fb:group-F8D8E3EBC3EB change Leader from null to 9b0e08c1-4d9b-40d6-b4a2-45180464a3fb at term 1 for becomeLeader, leader elected after 5127ms
2019-08-20 14:56:03,590 INFO  server.RaftServerConfigKeys (ConfUtils.java:logGet(43)) - raft.server.staging.catchup.gap = 1000 (default)
2019-08-20 14:56:03,590 INFO  server.RaftServerConfigKeys (ConfUtils.java:logGet(43)) - raft.server.rpc.sleep.time = 25ms (default)
2019-08-20 14:56:03,593 INFO  server.RaftServerConfigKeys (ConfUtils.java:logGet(43)) - raft.server.write.element-limit = 4096 (default)
2019-08-20 14:56:03,595 INFO  server.RaftServerConfigKeys (ConfUtils.java:logGet(43)) - raft.server.watch.timeout = 10s (default)
2019-08-20 14:56:03,595 INFO  server.RaftServerConfigKeys (ConfUtils.java:logGet(43)) - raft.server.watch.timeout.denomination = 1s (default)
2019-08-20 14:56:03,595 INFO  server.RaftServerConfigKeys (ConfUtils.java:logGet(43)) - raft.server.watch.element-limit = 65536 (default)
2019-08-20 14:56:03,603 INFO  impl.RoleInfo (RoleInfo.java:updateAndGet(143)) - 9b0e08c1-4d9b-40d6-b4a2-45180464a3fb: start LeaderState
2019-08-20 14:56:03,623 INFO  segmented.SegmentedRaftLogWorker (SegmentedRaftLogWorker.java:startLogSegment(380)) - 9b0e08c1-4d9b-40d6-b4a2-45180464a3fb-SegmentedRaftLogWorker:Storage Directory /workdir/hadoop-ozone/integration-test/target/test-dir/MiniOzoneClusterImpl-695552eb-70e7-4800-ab80-1fd0bd7a96c2/datanode-0/data/ratis/174821c9-7f17-4a50-9251-f8d8e3ebc3eb: Starting segment from index:0
2019-08-20 14:56:03,630 INFO  impl.RaftServerImpl (ServerState.java:setRaftConf(361)) - 9b0e08c1-4d9b-40d6-b4a2-45180464a3fb:group-F8D8E3EBC3EB set configuration 0: [9b0e08c1-4d9b-40d6-b4a2-45180464a3fb:192.168.69.107:34421], old=null at 0
2019-08-20 14:56:03,756 INFO  impl.FollowerState (FollowerState.java:run(106)) - a649f690-d225-45d2-88c7-52634dd1991d:group-0D760A777019 changes to CANDIDATE, lastRpcTime:5081, electionTimeout:5080ms
2019-08-20 14:56:03,758 INFO  impl.RoleInfo (RoleInfo.java:shutdownFollowerState(121)) - a649f690-d225-45d2-88c7-52634dd1991d: shutdown FollowerState
2019-08-20 14:56:03,758 INFO  impl.RaftServerImpl (RaftServerImpl.java:setRole(171)) - a649f690-d225-45d2-88c7-52634dd1991d:group-0D760A777019 changes role from FOLLOWER to CANDIDATE at term 0 for changeToCandidate
2019-08-20 14:56:03,759 INFO  impl.RoleInfo (RoleInfo.java:updateAndGet(143)) - a649f690-d225-45d2-88c7-52634dd1991d: start LeaderElection
2019-08-20 14:56:03,765 INFO  impl.LeaderElection (LeaderElection.java:askForVotes(181)) - a649f690-d225-45d2-88c7-52634dd1991d:group-0D760A777019:LeaderElection2: begin an election at term 1 for -1: [a649f690-d225-45d2-88c7-52634dd1991d:192.168.69.107:44113], old=null
2019-08-20 14:56:03,794 INFO  impl.FollowerState (FollowerState.java:run(106)) - 9f9ca74d-fc7b-4259-86d4-3ed441e955cd:group-D19E71E653AD changes to CANDIDATE, lastRpcTime:5050, electionTimeout:5033ms
2019-08-20 14:56:03,794 INFO  impl.RoleInfo (RoleInfo.java:shutdownLeaderElection(134)) - a649f690-d225-45d2-88c7-52634dd1991d: shutdown LeaderElection
2019-08-20 14:56:03,794 INFO  impl.RoleInfo (RoleInfo.java:shutdownFollowerState(121)) - 9f9ca74d-fc7b-4259-86d4-3ed441e955cd: shutdown FollowerState
2019-08-20 14:56:03,794 INFO  impl.RaftServerImpl (RaftServerImpl.java:setRole(171)) - a649f690-d225-45d2-88c7-52634dd1991d:group-0D760A777019 changes role from CANDIDATE to LEADER at term 1 for changeToLeader
2019-08-20 14:56:03,794 INFO  impl.RaftServerImpl (RaftServerImpl.java:setRole(171)) - 9f9ca74d-fc7b-4259-86d4-3ed441e955cd:group-D19E71E653AD changes role from FOLLOWER to CANDIDATE at term 0 for changeToCandidate
2019-08-20 14:56:03,794 INFO  impl.RaftServerImpl (ServerState.java:setLeader(263)) - a649f690-d225-45d2-88c7-52634dd1991d:group-0D760A777019 change Leader from null to a649f690-d225-45d2-88c7-52634dd1991d at term 1 for becomeLeader, leader elected after 5124ms
2019-08-20 14:56:03,794 INFO  impl.RoleInfo (RoleInfo.java:updateAndGet(143)) - 9f9ca74d-fc7b-4259-86d4-3ed441e955cd: start LeaderElection
2019-08-20 14:56:03,796 INFO  server.RaftServerConfigKeys (ConfUtils.java:logGet(43)) - raft.server.staging.catchup.gap = 1000 (default)
2019-08-20 14:56:03,796 INFO  server.RaftServerConfigKeys (ConfUtils.java:logGet(43)) - raft.server.rpc.sleep.time = 25ms (default)
2019-08-20 14:56:03,799 INFO  server.RaftServerConfigKeys (ConfUtils.java:logGet(43)) - raft.server.write.element-limit = 4096 (default)
2019-08-20 14:56:03,799 INFO  server.RaftServerConfigKeys (ConfUtils.java:logGet(43)) - raft.server.watch.timeout = 10s (default)
2019-08-20 14:56:03,799 INFO  server.RaftServerConfigKeys (ConfUtils.java:logGet(43)) - raft.server.watch.timeout.denomination = 1s (default)
2019-08-20 14:56:03,799 INFO  server.RaftServerConfigKeys (ConfUtils.java:logGet(43)) - raft.server.watch.element-limit = 65536 (default)
2019-08-20 14:56:03,799 INFO  impl.RoleInfo (RoleInfo.java:updateAndGet(143)) - a649f690-d225-45d2-88c7-52634dd1991d: start LeaderState
2019-08-20 14:56:03,800 INFO  segmented.SegmentedRaftLogWorker (SegmentedRaftLogWorker.java:startLogSegment(380)) - a649f690-d225-45d2-88c7-52634dd1991d-SegmentedRaftLogWorker:Storage Directory /workdir/hadoop-ozone/integration-test/target/test-dir/MiniOzoneClusterImpl-695552eb-70e7-4800-ab80-1fd0bd7a96c2/datanode-1/data/ratis/8c19f274-a35e-40f0-9916-0d760a777019: Starting segment from index:0
2019-08-20 14:56:03,800 INFO  impl.RaftServerImpl (ServerState.java:setRaftConf(361)) - a649f690-d225-45d2-88c7-52634dd1991d:group-0D760A777019 set configuration 0: [a649f690-d225-45d2-88c7-52634dd1991d:192.168.69.107:44113], old=null at 0
2019-08-20 14:56:03,824 INFO  segmented.SegmentedRaftLogWorker (SegmentedRaftLogWorker.java:execute(569)) - 9b0e08c1-4d9b-40d6-b4a2-45180464a3fb-SegmentedRaftLogWorker:Storage Directory /workdir/hadoop-ozone/integration-test/target/test-dir/MiniOzoneClusterImpl-695552eb-70e7-4800-ab80-1fd0bd7a96c2/datanode-0/data/ratis/174821c9-7f17-4a50-9251-f8d8e3ebc3eb: created new log segment /workdir/hadoop-ozone/integration-test/target/test-dir/MiniOzoneClusterImpl-695552eb-70e7-4800-ab80-1fd0bd7a96c2/datanode-0/data/ratis/174821c9-7f17-4a50-9251-f8d8e3ebc3eb/current/log_inprogress_0
2019-08-20 14:56:03,824 INFO  impl.LeaderElection (LeaderElection.java:askForVotes(181)) - 9f9ca74d-fc7b-4259-86d4-3ed441e955cd:group-D19E71E653AD:LeaderElection3: begin an election at term 1 for -1: [9f9ca74d-fc7b-4259-86d4-3ed441e955cd:192.168.69.107:43201], old=null
2019-08-20 14:56:03,826 INFO  impl.RoleInfo (RoleInfo.java:shutdownLeaderElection(134)) - 9f9ca74d-fc7b-4259-86d4-3ed441e955cd: shutdown LeaderElection
2019-08-20 14:56:03,826 INFO  impl.RaftServerImpl (RaftServerImpl.java:setRole(171)) - 9f9ca74d-fc7b-4259-86d4-3ed441e955cd:group-D19E71E653AD changes role from CANDIDATE to LEADER at term 1 for changeToLeader
2019-08-20 14:56:03,826 INFO  impl.RaftServerImpl (ServerState.java:setLeader(263)) - 9f9ca74d-fc7b-4259-86d4-3ed441e955cd:group-D19E71E653AD change Leader from null to 9f9ca74d-fc7b-4259-86d4-3ed441e955cd at term 1 for becomeLeader, leader elected after 5087ms
2019-08-20 14:56:03,827 INFO  server.RaftServerConfigKeys (ConfUtils.java:logGet(43)) - raft.server.staging.catchup.gap = 1000 (default)
2019-08-20 14:56:03,827 INFO  server.RaftServerConfigKeys (ConfUtils.java:logGet(43)) - raft.server.rpc.sleep.time = 25ms (default)
2019-08-20 14:56:03,827 INFO  server.RaftServerConfigKeys (ConfUtils.java:logGet(43)) - raft.server.write.element-limit = 4096 (default)
2019-08-20 14:56:03,827 INFO  server.RaftServerConfigKeys (ConfUtils.java:logGet(43)) - raft.server.watch.timeout = 10s (default)
2019-08-20 14:56:03,827 INFO  server.RaftServerConfigKeys (ConfUtils.java:logGet(43)) - raft.server.watch.timeout.denomination = 1s (default)
2019-08-20 14:56:03,829 INFO  server.RaftServerConfigKeys (ConfUtils.java:logGet(43)) - raft.server.watch.element-limit = 65536 (default)
2019-08-20 14:56:03,829 INFO  impl.RoleInfo (RoleInfo.java:updateAndGet(143)) - 9f9ca74d-fc7b-4259-86d4-3ed441e955cd: start LeaderState
2019-08-20 14:56:03,829 INFO  segmented.SegmentedRaftLogWorker (SegmentedRaftLogWorker.java:startLogSegment(380)) - 9f9ca74d-fc7b-4259-86d4-3ed441e955cd-SegmentedRaftLogWorker:Storage Directory /workdir/hadoop-ozone/integration-test/target/test-dir/MiniOzoneClusterImpl-695552eb-70e7-4800-ab80-1fd0bd7a96c2/datanode-4/data/ratis/fd5fbe2b-a380-4c86-856c-d19e71e653ad: Starting segment from index:0
2019-08-20 14:56:03,829 INFO  impl.RaftServerImpl (ServerState.java:setRaftConf(361)) - 9f9ca74d-fc7b-4259-86d4-3ed441e955cd:group-D19E71E653AD set configuration 0: [9f9ca74d-fc7b-4259-86d4-3ed441e955cd:192.168.69.107:43201], old=null at 0
2019-08-20 14:56:03,854 INFO  segmented.SegmentedRaftLogWorker (SegmentedRaftLogWorker.java:execute(569)) - a649f690-d225-45d2-88c7-52634dd1991d-SegmentedRaftLogWorker:Storage Directory /workdir/hadoop-ozone/integration-test/target/test-dir/MiniOzoneClusterImpl-695552eb-70e7-4800-ab80-1fd0bd7a96c2/datanode-1/data/ratis/8c19f274-a35e-40f0-9916-0d760a777019: created new log segment /workdir/hadoop-ozone/integration-test/target/test-dir/MiniOzoneClusterImpl-695552eb-70e7-4800-ab80-1fd0bd7a96c2/datanode-1/data/ratis/8c19f274-a35e-40f0-9916-0d760a777019/current/log_inprogress_0
2019-08-20 14:56:03,861 INFO  segmented.SegmentedRaftLogWorker (SegmentedRaftLogWorker.java:execute(569)) - 9f9ca74d-fc7b-4259-86d4-3ed441e955cd-SegmentedRaftLogWorker:Storage Directory /workdir/hadoop-ozone/integration-test/target/test-dir/MiniOzoneClusterImpl-695552eb-70e7-4800-ab80-1fd0bd7a96c2/datanode-4/data/ratis/fd5fbe2b-a380-4c86-856c-d19e71e653ad: created new log segment /workdir/hadoop-ozone/integration-test/target/test-dir/MiniOzoneClusterImpl-695552eb-70e7-4800-ab80-1fd0bd7a96c2/datanode-4/data/ratis/fd5fbe2b-a380-4c86-856c-d19e71e653ad/current/log_inprogress_0
2019-08-20 14:56:03,869 INFO  impl.FollowerState (FollowerState.java:run(106)) - 0137e547-5d73-4510-aaf5-b735c043c419:group-9C521B2D4E66 changes to CANDIDATE, lastRpcTime:5063, electionTimeout:5063ms
2019-08-20 14:56:03,871 INFO  impl.RoleInfo (RoleInfo.java:shutdownFollowerState(121)) - 0137e547-5d73-4510-aaf5-b735c043c419: shutdown FollowerState
2019-08-20 14:56:03,871 INFO  impl.RaftServerImpl (RaftServerImpl.java:setRole(171)) - 0137e547-5d73-4510-aaf5-b735c043c419:group-9C521B2D4E66 changes role from FOLLOWER to CANDIDATE at term 0 for changeToCandidate
2019-08-20 14:56:03,871 INFO  impl.RoleInfo (RoleInfo.java:updateAndGet(143)) - 0137e547-5d73-4510-aaf5-b735c043c419: start LeaderElection
2019-08-20 14:56:03,882 INFO  impl.LeaderElection (LeaderElection.java:askForVotes(181)) - 0137e547-5d73-4510-aaf5-b735c043c419:group-9C521B2D4E66:LeaderElection4: begin an election at term 1 for -1: [0137e547-5d73-4510-aaf5-b735c043c419:192.168.69.107:37610], old=null
2019-08-20 14:56:03,884 INFO  impl.RoleInfo (RoleInfo.java:shutdownLeaderElection(134)) - 0137e547-5d73-4510-aaf5-b735c043c419: shutdown LeaderElection
2019-08-20 14:56:03,884 INFO  impl.RaftServerImpl (RaftServerImpl.java:setRole(171)) - 0137e547-5d73-4510-aaf5-b735c043c419:group-9C521B2D4E66 changes role from CANDIDATE to LEADER at term 1 for changeToLeader
2019-08-20 14:56:03,884 INFO  impl.RaftServerImpl (ServerState.java:setLeader(263)) - 0137e547-5d73-4510-aaf5-b735c043c419:group-9C521B2D4E66 change Leader from null to 0137e547-5d73-4510-aaf5-b735c043c419 at term 1 for becomeLeader, leader elected after 5081ms
2019-08-20 14:56:03,885 INFO  server.RaftServerConfigKeys (ConfUtils.java:logGet(43)) - raft.server.staging.catchup.gap = 1000 (default)
2019-08-20 14:56:03,885 INFO  server.RaftServerConfigKeys (ConfUtils.java:logGet(43)) - raft.server.rpc.sleep.time = 25ms (default)
2019-08-20 14:56:03,885 INFO  server.RaftServerConfigKeys (ConfUtils.java:logGet(43)) - raft.server.write.element-limit = 4096 (default)
2019-08-20 14:56:03,885 INFO  server.RaftServerConfigKeys (ConfUtils.java:logGet(43)) - raft.server.watch.timeout = 10s (default)
2019-08-20 14:56:03,885 INFO  server.RaftServerConfigKeys (ConfUtils.java:logGet(43)) - raft.server.watch.timeout.denomination = 1s (default)
2019-08-20 14:56:03,885 INFO  server.RaftServerConfigKeys (ConfUtils.java:logGet(43)) - raft.server.watch.element-limit = 65536 (default)
2019-08-20 14:56:03,885 INFO  impl.RoleInfo (RoleInfo.java:updateAndGet(143)) - 0137e547-5d73-4510-aaf5-b735c043c419: start LeaderState
2019-08-20 14:56:03,886 INFO  segmented.SegmentedRaftLogWorker (SegmentedRaftLogWorker.java:startLogSegment(380)) - 0137e547-5d73-4510-aaf5-b735c043c419-SegmentedRaftLogWorker:Storage Directory /workdir/hadoop-ozone/integration-test/target/test-dir/MiniOzoneClusterImpl-695552eb-70e7-4800-ab80-1fd0bd7a96c2/datanode-3/data/ratis/d651cc16-be30-45ae-8fee-9c521b2d4e66: Starting segment from index:0
2019-08-20 14:56:03,886 INFO  impl.RaftServerImpl (ServerState.java:setRaftConf(361)) - 0137e547-5d73-4510-aaf5-b735c043c419:group-9C521B2D4E66 set configuration 0: [0137e547-5d73-4510-aaf5-b735c043c419:192.168.69.107:37610], old=null at 0
2019-08-20 14:56:03,912 INFO  impl.FollowerState (FollowerState.java:run(106)) - 0181d800-9f85-42fe-8aa5-822e6a490a55:group-88A05E09B13C changes to CANDIDATE, lastRpcTime:5061, electionTimeout:5061ms
2019-08-20 14:56:03,912 INFO  impl.RoleInfo (RoleInfo.java:shutdownFollowerState(121)) - 0181d800-9f85-42fe-8aa5-822e6a490a55: shutdown FollowerState
2019-08-20 14:56:03,912 INFO  impl.RaftServerImpl (RaftServerImpl.java:setRole(171)) - 0181d800-9f85-42fe-8aa5-822e6a490a55:group-88A05E09B13C changes role from FOLLOWER to CANDIDATE at term 0 for changeToCandidate
2019-08-20 14:56:03,912 INFO  impl.RoleInfo (RoleInfo.java:updateAndGet(143)) - 0181d800-9f85-42fe-8aa5-822e6a490a55: start LeaderElection
2019-08-20 14:56:03,921 INFO  segmented.SegmentedRaftLogWorker (SegmentedRaftLogWorker.java:execute(569)) - 0137e547-5d73-4510-aaf5-b735c043c419-SegmentedRaftLogWorker:Storage Directory /workdir/hadoop-ozone/integration-test/target/test-dir/MiniOzoneClusterImpl-695552eb-70e7-4800-ab80-1fd0bd7a96c2/datanode-3/data/ratis/d651cc16-be30-45ae-8fee-9c521b2d4e66: created new log segment /workdir/hadoop-ozone/integration-test/target/test-dir/MiniOzoneClusterImpl-695552eb-70e7-4800-ab80-1fd0bd7a96c2/datanode-3/data/ratis/d651cc16-be30-45ae-8fee-9c521b2d4e66/current/log_inprogress_0
2019-08-20 14:56:03,921 INFO  impl.LeaderElection (LeaderElection.java:askForVotes(181)) - 0181d800-9f85-42fe-8aa5-822e6a490a55:group-88A05E09B13C:LeaderElection5: begin an election at term 1 for -1: [0181d800-9f85-42fe-8aa5-822e6a490a55:192.168.69.107:36414], old=null
2019-08-20 14:56:03,921 INFO  impl.RoleInfo (RoleInfo.java:shutdownLeaderElection(134)) - 0181d800-9f85-42fe-8aa5-822e6a490a55: shutdown LeaderElection
2019-08-20 14:56:03,921 INFO  impl.RaftServerImpl (RaftServerImpl.java:setRole(171)) - 0181d800-9f85-42fe-8aa5-822e6a490a55:group-88A05E09B13C changes role from CANDIDATE to LEADER at term 1 for changeToLeader
2019-08-20 14:56:03,921 INFO  impl.RaftServerImpl (ServerState.java:setLeader(263)) - 0181d800-9f85-42fe-8aa5-822e6a490a55:group-88A05E09B13C change Leader from null to 0181d800-9f85-42fe-8aa5-822e6a490a55 at term 1 for becomeLeader, leader elected after 5073ms
2019-08-20 14:56:03,923 INFO  server.RaftServerConfigKeys (ConfUtils.java:logGet(43)) - raft.server.staging.catchup.gap = 1000 (default)
2019-08-20 14:56:03,923 INFO  server.RaftServerConfigKeys (ConfUtils.java:logGet(43)) - raft.server.rpc.sleep.time = 25ms (default)
2019-08-20 14:56:03,923 INFO  server.RaftServerConfigKeys (ConfUtils.java:logGet(43)) - raft.server.write.element-limit = 4096 (default)
2019-08-20 14:56:03,924 INFO  server.RaftServerConfigKeys (ConfUtils.java:logGet(43)) - raft.server.watch.timeout = 10s (default)
2019-08-20 14:56:03,924 INFO  server.RaftServerConfigKeys (ConfUtils.java:logGet(43)) - raft.server.watch.timeout.denomination = 1s (default)
2019-08-20 14:56:03,924 INFO  server.RaftServerConfigKeys (ConfUtils.java:logGet(43)) - raft.server.watch.element-limit = 65536 (default)
2019-08-20 14:56:03,924 INFO  impl.RoleInfo (RoleInfo.java:updateAndGet(143)) - 0181d800-9f85-42fe-8aa5-822e6a490a55: start LeaderState
2019-08-20 14:56:03,924 INFO  segmented.SegmentedRaftLogWorker (SegmentedRaftLogWorker.java:startLogSegment(380)) - 0181d800-9f85-42fe-8aa5-822e6a490a55-SegmentedRaftLogWorker:Storage Directory /workdir/hadoop-ozone/integration-test/target/test-dir/MiniOzoneClusterImpl-695552eb-70e7-4800-ab80-1fd0bd7a96c2/datanode-2/data/ratis/35f246ae-adc8-422d-8f75-88a05e09b13c: Starting segment from index:0
2019-08-20 14:56:03,927 INFO  impl.RaftServerImpl (ServerState.java:setRaftConf(361)) - 0181d800-9f85-42fe-8aa5-822e6a490a55:group-88A05E09B13C set configuration 0: [0181d800-9f85-42fe-8aa5-822e6a490a55:192.168.69.107:36414], old=null at 0
2019-08-20 14:56:03,952 INFO  segmented.SegmentedRaftLogWorker (SegmentedRaftLogWorker.java:execute(569)) - 0181d800-9f85-42fe-8aa5-822e6a490a55-SegmentedRaftLogWorker:Storage Directory /workdir/hadoop-ozone/integration-test/target/test-dir/MiniOzoneClusterImpl-695552eb-70e7-4800-ab80-1fd0bd7a96c2/datanode-2/data/ratis/35f246ae-adc8-422d-8f75-88a05e09b13c: created new log segment /workdir/hadoop-ozone/integration-test/target/test-dir/MiniOzoneClusterImpl-695552eb-70e7-4800-ab80-1fd0bd7a96c2/datanode-2/data/ratis/35f246ae-adc8-422d-8f75-88a05e09b13c/current/log_inprogress_0
2019-08-20 14:56:03,969 INFO  impl.FollowerState (FollowerState.java:run(106)) - a649f690-d225-45d2-88c7-52634dd1991d:group-8BB45A8191F0 changes to CANDIDATE, lastRpcTime:5031, electionTimeout:5031ms
2019-08-20 14:56:03,969 INFO  impl.RoleInfo (RoleInfo.java:shutdownFollowerState(121)) - a649f690-d225-45d2-88c7-52634dd1991d: shutdown FollowerState
2019-08-20 14:56:03,969 INFO  impl.RaftServerImpl (RaftServerImpl.java:setRole(171)) - a649f690-d225-45d2-88c7-52634dd1991d:group-8BB45A8191F0 changes role from FOLLOWER to CANDIDATE at term 0 for changeToCandidate
2019-08-20 14:56:03,969 INFO  impl.RoleInfo (RoleInfo.java:updateAndGet(143)) - a649f690-d225-45d2-88c7-52634dd1991d: start LeaderElection
2019-08-20 14:56:03,986 INFO  impl.LeaderElection (LeaderElection.java:askForVotes(181)) - a649f690-d225-45d2-88c7-52634dd1991d:group-8BB45A8191F0:LeaderElection6: begin an election at term 1 for -1: [9b0e08c1-4d9b-40d6-b4a2-45180464a3fb:192.168.69.107:34421, a649f690-d225-45d2-88c7-52634dd1991d:192.168.69.107:44113, 9f9ca74d-fc7b-4259-86d4-3ed441e955cd:192.168.69.107:43201], old=null
2019-08-20 14:56:04,015 INFO  impl.RaftServerImpl (RaftServerImpl.java:setRole(171)) - 9f9ca74d-fc7b-4259-86d4-3ed441e955cd:group-8BB45A8191F0 changes role from FOLLOWER to FOLLOWER at term 1 for recognizeCandidate:a649f690-d225-45d2-88c7-52634dd1991d
2019-08-20 14:56:04,015 INFO  impl.RaftServerImpl (RaftServerImpl.java:setRole(171)) - 9b0e08c1-4d9b-40d6-b4a2-45180464a3fb:group-8BB45A8191F0 changes role from FOLLOWER to FOLLOWER at term 1 for recognizeCandidate:a649f690-d225-45d2-88c7-52634dd1991d
2019-08-20 14:56:04,016 INFO  impl.RoleInfo (RoleInfo.java:shutdownFollowerState(121)) - 9f9ca74d-fc7b-4259-86d4-3ed441e955cd: shutdown FollowerState
2019-08-20 14:56:04,016 INFO  impl.RoleInfo (RoleInfo.java:shutdownFollowerState(121)) - 9b0e08c1-4d9b-40d6-b4a2-45180464a3fb: shutdown FollowerState
2019-08-20 14:56:04,016 INFO  impl.RoleInfo (RoleInfo.java:updateAndGet(143)) - 9f9ca74d-fc7b-4259-86d4-3ed441e955cd: start FollowerState
2019-08-20 14:56:04,016 INFO  impl.RoleInfo (RoleInfo.java:updateAndGet(143)) - 9b0e08c1-4d9b-40d6-b4a2-45180464a3fb: start FollowerState
2019-08-20 14:56:04,016 INFO  impl.FollowerState (FollowerState.java:run(114)) - 9b0e08c1-4d9b-40d6-b4a2-45180464a3fb: FollowerState was interrupted: java.lang.InterruptedException: sleep interrupted
2019-08-20 14:56:04,016 INFO  impl.FollowerState (FollowerState.java:run(114)) - 9f9ca74d-fc7b-4259-86d4-3ed441e955cd: FollowerState was interrupted: java.lang.InterruptedException: sleep interrupted
2019-08-20 14:56:04,035 INFO  impl.LeaderElection (LeaderElection.java:logAndReturn(56)) - a649f690-d225-45d2-88c7-52634dd1991d:group-8BB45A8191F0:LeaderElection6: Election PASSED; received 1 response(s) [a649f690-d225-45d2-88c7-52634dd1991d<-9b0e08c1-4d9b-40d6-b4a2-45180464a3fb#0:OK-t1] and 0 exception(s); a649f690-d225-45d2-88c7-52634dd1991d:t1, leader=null, voted=a649f690-d225-45d2-88c7-52634dd1991d, raftlog=a649f690-d225-45d2-88c7-52634dd1991d-SegmentedRaftLog:OPENED:c-1,f-1,i0, conf=-1: [9b0e08c1-4d9b-40d6-b4a2-45180464a3fb:192.168.69.107:34421, a649f690-d225-45d2-88c7-52634dd1991d:192.168.69.107:44113, 9f9ca74d-fc7b-4259-86d4-3ed441e955cd:192.168.69.107:43201], old=null
2019-08-20 14:56:04,035 INFO  impl.RoleInfo (RoleInfo.java:shutdownLeaderElection(134)) - a649f690-d225-45d2-88c7-52634dd1991d: shutdown LeaderElection
2019-08-20 14:56:04,035 INFO  impl.RaftServerImpl (RaftServerImpl.java:setRole(171)) - a649f690-d225-45d2-88c7-52634dd1991d:group-8BB45A8191F0 changes role from CANDIDATE to LEADER at term 1 for changeToLeader
2019-08-20 14:56:04,036 INFO  impl.RaftServerImpl (ServerState.java:setLeader(263)) - a649f690-d225-45d2-88c7-52634dd1991d:group-8BB45A8191F0 change Leader from null to a649f690-d225-45d2-88c7-52634dd1991d at term 1 for becomeLeader, leader elected after 5107ms
2019-08-20 14:56:04,036 INFO  server.RaftServerConfigKeys (ConfUtils.java:logGet(43)) - raft.server.staging.catchup.gap = 1000 (default)
2019-08-20 14:56:04,040 INFO  server.RaftServerConfigKeys (ConfUtils.java:logGet(43)) - raft.server.rpc.sleep.time = 25ms (default)
2019-08-20 14:56:04,040 INFO  server.RaftServerConfigKeys (ConfUtils.java:logGet(43)) - raft.server.write.element-limit = 4096 (default)
2019-08-20 14:56:04,040 INFO  server.RaftServerConfigKeys (ConfUtils.java:logGet(43)) - raft.server.watch.timeout = 10s (default)
2019-08-20 14:56:04,041 INFO  server.RaftServerConfigKeys (ConfUtils.java:logGet(43)) - raft.server.watch.timeout.denomination = 1s (default)
2019-08-20 14:56:04,041 INFO  server.RaftServerConfigKeys (ConfUtils.java:logGet(43)) - raft.server.watch.element-limit = 65536 (default)
2019-08-20 14:56:04,042 INFO  server.RaftServerConfigKeys (ConfUtils.java:logGet(43)) - raft.server.log.appender.snapshot.chunk.size.max = 16MB (=16777216) (default)
2019-08-20 14:56:04,042 INFO  server.RaftServerConfigKeys (ConfUtils.java:logGet(43)) - raft.server.log.appender.buffer.byte-limit = 33554432 (custom)
2019-08-20 14:56:04,043 INFO  server.RaftServerConfigKeys (ConfUtils.java:logGet(43)) - raft.server.log.appender.buffer.element-limit = 1 (custom)
2019-08-20 14:56:04,045 INFO  grpc.GrpcConfigKeys$Server (ConfUtils.java:logGet(43)) - raft.grpc.server.leader.outstanding.appends.max = 128 (default)
2019-08-20 14:56:04,045 INFO  server.RaftServerConfigKeys (ConfUtils.java:logGet(43)) - raft.server.rpc.request.timeout = 3000ms (default)
2019-08-20 14:56:04,045 INFO  server.RaftServerConfigKeys (ConfUtils.java:logGet(43)) - raft.server.log.appender.install.snapshot.enabled = false (custom)
2019-08-20 14:56:04,045 INFO  server.RaftServerConfigKeys (ConfUtils.java:logGet(43)) - raft.server.log.appender.snapshot.chunk.size.max = 16MB (=16777216) (default)
2019-08-20 14:56:04,046 INFO  server.RaftServerConfigKeys (ConfUtils.java:logGet(43)) - raft.server.log.appender.buffer.byte-limit = 33554432 (custom)
2019-08-20 14:56:04,046 INFO  server.RaftServerConfigKeys (ConfUtils.java:logGet(43)) - raft.server.log.appender.buffer.element-limit = 1 (custom)
2019-08-20 14:56:04,046 INFO  grpc.GrpcConfigKeys$Server (ConfUtils.java:logGet(43)) - raft.grpc.server.leader.outstanding.appends.max = 128 (default)
2019-08-20 14:56:04,046 INFO  server.RaftServerConfigKeys (ConfUtils.java:logGet(43)) - raft.server.rpc.request.timeout = 3000ms (default)
2019-08-20 14:56:04,046 INFO  server.RaftServerConfigKeys (ConfUtils.java:logGet(43)) - raft.server.log.appender.install.snapshot.enabled = false (custom)
2019-08-20 14:56:04,047 INFO  impl.RoleInfo (RoleInfo.java:updateAndGet(143)) - a649f690-d225-45d2-88c7-52634dd1991d: start LeaderState
2019-08-20 14:56:04,047 INFO  segmented.SegmentedRaftLogWorker (SegmentedRaftLogWorker.java:startLogSegment(380)) - a649f690-d225-45d2-88c7-52634dd1991d-SegmentedRaftLogWorker:Storage Directory /workdir/hadoop-ozone/integration-test/target/test-dir/MiniOzoneClusterImpl-695552eb-70e7-4800-ab80-1fd0bd7a96c2/datanode-1/data/ratis/bc1fcdc4-6ba1-4776-9aa0-8bb45a8191f0: Starting segment from index:0
2019-08-20 14:56:04,048 INFO  impl.RaftServerImpl (ServerState.java:setRaftConf(361)) - a649f690-d225-45d2-88c7-52634dd1991d:group-8BB45A8191F0 set configuration 0: [9b0e08c1-4d9b-40d6-b4a2-45180464a3fb:192.168.69.107:34421, a649f690-d225-45d2-88c7-52634dd1991d:192.168.69.107:44113, 9f9ca74d-fc7b-4259-86d4-3ed441e955cd:192.168.69.107:43201], old=null at 0
2019-08-20 14:56:04,084 INFO  segmented.SegmentedRaftLogWorker (SegmentedRaftLogWorker.java:execute(569)) - a649f690-d225-45d2-88c7-52634dd1991d-SegmentedRaftLogWorker:Storage Directory /workdir/hadoop-ozone/integration-test/target/test-dir/MiniOzoneClusterImpl-695552eb-70e7-4800-ab80-1fd0bd7a96c2/datanode-1/data/ratis/bc1fcdc4-6ba1-4776-9aa0-8bb45a8191f0: created new log segment /workdir/hadoop-ozone/integration-test/target/test-dir/MiniOzoneClusterImpl-695552eb-70e7-4800-ab80-1fd0bd7a96c2/datanode-1/data/ratis/bc1fcdc4-6ba1-4776-9aa0-8bb45a8191f0/current/log_inprogress_0
2019-08-20 14:56:04,092 INFO  impl.RaftServerImpl (ServerState.java:setLeader(263)) - 9b0e08c1-4d9b-40d6-b4a2-45180464a3fb:group-8BB45A8191F0 change Leader from null to a649f690-d225-45d2-88c7-52634dd1991d at term 1 for appendEntries, leader elected after 5164ms
2019-08-20 14:56:04,094 INFO  impl.RaftServerImpl (ServerState.java:setLeader(263)) - 9f9ca74d-fc7b-4259-86d4-3ed441e955cd:group-8BB45A8191F0 change Leader from null to a649f690-d225-45d2-88c7-52634dd1991d at term 1 for appendEntries, leader elected after 5166ms
2019-08-20 14:56:04,120 INFO  impl.RaftServerImpl (ServerState.java:setRaftConf(361)) - 9b0e08c1-4d9b-40d6-b4a2-45180464a3fb:group-8BB45A8191F0 set configuration 0: [9b0e08c1-4d9b-40d6-b4a2-45180464a3fb:192.168.69.107:34421, a649f690-d225-45d2-88c7-52634dd1991d:192.168.69.107:44113, 9f9ca74d-fc7b-4259-86d4-3ed441e955cd:192.168.69.107:43201], old=null at 0
2019-08-20 14:56:04,120 INFO  impl.RaftServerImpl (ServerState.java:setRaftConf(361)) - 9f9ca74d-fc7b-4259-86d4-3ed441e955cd:group-8BB45A8191F0 set configuration 0: [9b0e08c1-4d9b-40d6-b4a2-45180464a3fb:192.168.69.107:34421, a649f690-d225-45d2-88c7-52634dd1991d:192.168.69.107:44113, 9f9ca74d-fc7b-4259-86d4-3ed441e955cd:192.168.69.107:43201], old=null at 0
2019-08-20 14:56:04,120 INFO  segmented.SegmentedRaftLogWorker (SegmentedRaftLogWorker.java:startLogSegment(380)) - 9b0e08c1-4d9b-40d6-b4a2-45180464a3fb-SegmentedRaftLogWorker:Storage Directory /workdir/hadoop-ozone/integration-test/target/test-dir/MiniOzoneClusterImpl-695552eb-70e7-4800-ab80-1fd0bd7a96c2/datanode-0/data/ratis/bc1fcdc4-6ba1-4776-9aa0-8bb45a8191f0: Starting segment from index:0
2019-08-20 14:56:04,120 INFO  segmented.SegmentedRaftLogWorker (SegmentedRaftLogWorker.java:startLogSegment(380)) - 9f9ca74d-fc7b-4259-86d4-3ed441e955cd-SegmentedRaftLogWorker:Storage Directory /workdir/hadoop-ozone/integration-test/target/test-dir/MiniOzoneClusterImpl-695552eb-70e7-4800-ab80-1fd0bd7a96c2/datanode-4/data/ratis/bc1fcdc4-6ba1-4776-9aa0-8bb45a8191f0: Starting segment from index:0
2019-08-20 14:56:04,154 INFO  segmented.SegmentedRaftLogWorker (SegmentedRaftLogWorker.java:execute(569)) - 9b0e08c1-4d9b-40d6-b4a2-45180464a3fb-SegmentedRaftLogWorker:Storage Directory /workdir/hadoop-ozone/integration-test/target/test-dir/MiniOzoneClusterImpl-695552eb-70e7-4800-ab80-1fd0bd7a96c2/datanode-0/data/ratis/bc1fcdc4-6ba1-4776-9aa0-8bb45a8191f0: created new log segment /workdir/hadoop-ozone/integration-test/target/test-dir/MiniOzoneClusterImpl-695552eb-70e7-4800-ab80-1fd0bd7a96c2/datanode-0/data/ratis/bc1fcdc4-6ba1-4776-9aa0-8bb45a8191f0/current/log_inprogress_0
2019-08-20 14:56:04,154 INFO  segmented.SegmentedRaftLogWorker (SegmentedRaftLogWorker.java:execute(569)) - 9f9ca74d-fc7b-4259-86d4-3ed441e955cd-SegmentedRaftLogWorker:Storage Directory /workdir/hadoop-ozone/integration-test/target/test-dir/MiniOzoneClusterImpl-695552eb-70e7-4800-ab80-1fd0bd7a96c2/datanode-4/data/ratis/bc1fcdc4-6ba1-4776-9aa0-8bb45a8191f0: created new log segment /workdir/hadoop-ozone/integration-test/target/test-dir/MiniOzoneClusterImpl-695552eb-70e7-4800-ab80-1fd0bd7a96c2/datanode-4/data/ratis/bc1fcdc4-6ba1-4776-9aa0-8bb45a8191f0/current/log_inprogress_0
2019-08-20 14:56:04,169 INFO  impl.FollowerState (FollowerState.java:run(106)) - 0181d800-9f85-42fe-8aa5-822e6a490a55:group-47FF3BA161BA changes to CANDIDATE, lastRpcTime:5092, electionTimeout:5092ms
2019-08-20 14:56:04,171 INFO  impl.RoleInfo (RoleInfo.java:shutdownFollowerState(121)) - 0181d800-9f85-42fe-8aa5-822e6a490a55: shutdown FollowerState
2019-08-20 14:56:04,171 INFO  impl.RaftServerImpl (RaftServerImpl.java:setRole(171)) - 0181d800-9f85-42fe-8aa5-822e6a490a55:group-47FF3BA161BA changes role from FOLLOWER to CANDIDATE at term 0 for changeToCandidate
2019-08-20 14:56:04,171 INFO  impl.RoleInfo (RoleInfo.java:updateAndGet(143)) - 0181d800-9f85-42fe-8aa5-822e6a490a55: start LeaderElection
2019-08-20 14:56:04,186 INFO  impl.LeaderElection (LeaderElection.java:askForVotes(181)) - 0181d800-9f85-42fe-8aa5-822e6a490a55:group-47FF3BA161BA:LeaderElection7: begin an election at term 1 for -1: [ec72e195-cdaf-4219-9313-040ed479ed22:192.168.69.107:45597, 0137e547-5d73-4510-aaf5-b735c043c419:192.168.69.107:37610, 0181d800-9f85-42fe-8aa5-822e6a490a55:192.168.69.107:36414], old=null
2019-08-20 14:56:04,202 INFO  impl.RaftServerImpl (RaftServerImpl.java:setRole(171)) - 0137e547-5d73-4510-aaf5-b735c043c419:group-47FF3BA161BA changes role from FOLLOWER to FOLLOWER at term 1 for recognizeCandidate:0181d800-9f85-42fe-8aa5-822e6a490a55
2019-08-20 14:56:04,202 INFO  impl.RoleInfo (RoleInfo.java:shutdownFollowerState(121)) - 0137e547-5d73-4510-aaf5-b735c043c419: shutdown FollowerState
2019-08-20 14:56:04,202 INFO  impl.RaftServerImpl (RaftServerImpl.java:setRole(171)) - ec72e195-cdaf-4219-9313-040ed479ed22:group-47FF3BA161BA changes role from FOLLOWER to FOLLOWER at term 1 for recognizeCandidate:0181d800-9f85-42fe-8aa5-822e6a490a55
2019-08-20 14:56:04,203 INFO  impl.FollowerState (FollowerState.java:run(114)) - 0137e547-5d73-4510-aaf5-b735c043c419: FollowerState was interrupted: java.lang.InterruptedException: sleep interrupted
2019-08-20 14:56:04,203 INFO  impl.RoleInfo (RoleInfo.java:shutdownFollowerState(121)) - ec72e195-cdaf-4219-9313-040ed479ed22: shutdown FollowerState
2019-08-20 14:56:04,203 INFO  impl.RoleInfo (RoleInfo.java:updateAndGet(143)) - 0137e547-5d73-4510-aaf5-b735c043c419: start FollowerState
2019-08-20 14:56:04,205 INFO  impl.RoleInfo (RoleInfo.java:updateAndGet(143)) - ec72e195-cdaf-4219-9313-040ed479ed22: start FollowerState
2019-08-20 14:56:04,205 INFO  impl.FollowerState (FollowerState.java:run(114)) - ec72e195-cdaf-4219-9313-040ed479ed22: FollowerState was interrupted: java.lang.InterruptedException: sleep interrupted
2019-08-20 14:56:04,217 INFO  impl.LeaderElection (LeaderElection.java:logAndReturn(56)) - 0181d800-9f85-42fe-8aa5-822e6a490a55:group-47FF3BA161BA:LeaderElection7: Election PASSED; received 1 response(s) [0181d800-9f85-42fe-8aa5-822e6a490a55<-0137e547-5d73-4510-aaf5-b735c043c419#0:OK-t1] and 0 exception(s); 0181d800-9f85-42fe-8aa5-822e6a490a55:t1, leader=null, voted=0181d800-9f85-42fe-8aa5-822e6a490a55, raftlog=0181d800-9f85-42fe-8aa5-822e6a490a55-SegmentedRaftLog:OPENED:c-1,f-1,i0, conf=-1: [ec72e195-cdaf-4219-9313-040ed479ed22:192.168.69.107:45597, 0137e547-5d73-4510-aaf5-b735c043c419:192.168.69.107:37610, 0181d800-9f85-42fe-8aa5-822e6a490a55:192.168.69.107:36414], old=null
2019-08-20 14:56:04,218 INFO  impl.RoleInfo (RoleInfo.java:shutdownLeaderElection(134)) - 0181d800-9f85-42fe-8aa5-822e6a490a55: shutdown LeaderElection
2019-08-20 14:56:04,219 INFO  impl.RaftServerImpl (RaftServerImpl.java:setRole(171)) - 0181d800-9f85-42fe-8aa5-822e6a490a55:group-47FF3BA161BA changes role from CANDIDATE to LEADER at term 1 for changeToLeader
2019-08-20 14:56:04,219 INFO  impl.RaftServerImpl (ServerState.java:setLeader(263)) - 0181d800-9f85-42fe-8aa5-822e6a490a55:group-47FF3BA161BA change Leader from null to 0181d800-9f85-42fe-8aa5-822e6a490a55 at term 1 for becomeLeader, leader elected after 5152ms
2019-08-20 14:56:04,219 INFO  server.RaftServerConfigKeys (ConfUtils.java:logGet(43)) - raft.server.staging.catchup.gap = 1000 (default)
2019-08-20 14:56:04,219 INFO  server.RaftServerConfigKeys (ConfUtils.java:logGet(43)) - raft.server.rpc.sleep.time = 25ms (default)
2019-08-20 14:56:04,219 INFO  server.RaftServerConfigKeys (ConfUtils.java:logGet(43)) - raft.server.write.element-limit = 4096 (default)
2019-08-20 14:56:04,220 INFO  server.RaftServerConfigKeys (ConfUtils.java:logGet(43)) - raft.server.watch.timeout = 10s (default)
2019-08-20 14:56:04,220 INFO  server.RaftServerConfigKeys (ConfUtils.java:logGet(43)) - raft.server.watch.timeout.denomination = 1s (default)
2019-08-20 14:56:04,220 INFO  server.RaftServerConfigKeys (ConfUtils.java:logGet(43)) - raft.server.watch.element-limit = 65536 (default)
2019-08-20 14:56:04,220 INFO  server.RaftServerConfigKeys (ConfUtils.java:logGet(43)) - raft.server.log.appender.snapshot.chunk.size.max = 16MB (=16777216) (default)
2019-08-20 14:56:04,220 INFO  server.RaftServerConfigKeys (ConfUtils.java:logGet(43)) - raft.server.log.appender.buffer.byte-limit = 33554432 (custom)
2019-08-20 14:56:04,220 INFO  server.RaftServerConfigKeys (ConfUtils.java:logGet(43)) - raft.server.log.appender.buffer.element-limit = 1 (custom)
2019-08-20 14:56:04,220 INFO  grpc.GrpcConfigKeys$Server (ConfUtils.java:logGet(43)) - raft.grpc.server.leader.outstanding.appends.max = 128 (default)
2019-08-20 14:56:04,222 INFO  server.RaftServerConfigKeys (ConfUtils.java:logGet(43)) - raft.server.rpc.request.timeout = 3000ms (default)
2019-08-20 14:56:04,222 INFO  server.RaftServerConfigKeys (ConfUtils.java:logGet(43)) - raft.server.log.appender.install.snapshot.enabled = false (custom)
2019-08-20 14:56:04,222 INFO  server.RaftServerConfigKeys (ConfUtils.java:logGet(43)) - raft.server.log.appender.snapshot.chunk.size.max = 16MB (=16777216) (default)
2019-08-20 14:56:04,222 INFO  server.RaftServerConfigKeys (ConfUtils.java:logGet(43)) - raft.server.log.appender.buffer.byte-limit = 33554432 (custom)
2019-08-20 14:56:04,222 INFO  server.RaftServerConfigKeys (ConfUtils.java:logGet(43)) - raft.server.log.appender.buffer.element-limit = 1 (custom)
2019-08-20 14:56:04,222 INFO  grpc.GrpcConfigKeys$Server (ConfUtils.java:logGet(43)) - raft.grpc.server.leader.outstanding.appends.max = 128 (default)
2019-08-20 14:56:04,222 INFO  server.RaftServerConfigKeys (ConfUtils.java:logGet(43)) - raft.server.rpc.request.timeout = 3000ms (default)
2019-08-20 14:56:04,222 INFO  server.RaftServerConfigKeys (ConfUtils.java:logGet(43)) - raft.server.log.appender.install.snapshot.enabled = false (custom)
2019-08-20 14:56:04,223 INFO  impl.RoleInfo (RoleInfo.java:updateAndGet(143)) - 0181d800-9f85-42fe-8aa5-822e6a490a55: start LeaderState
2019-08-20 14:56:04,223 INFO  segmented.SegmentedRaftLogWorker (SegmentedRaftLogWorker.java:startLogSegment(380)) - 0181d800-9f85-42fe-8aa5-822e6a490a55-SegmentedRaftLogWorker:Storage Directory /workdir/hadoop-ozone/integration-test/target/test-dir/MiniOzoneClusterImpl-695552eb-70e7-4800-ab80-1fd0bd7a96c2/datanode-2/data/ratis/44f352e5-192d-441d-bcc8-47ff3ba161ba: Starting segment from index:0
2019-08-20 14:56:04,223 INFO  impl.RaftServerImpl (ServerState.java:setRaftConf(361)) - 0181d800-9f85-42fe-8aa5-822e6a490a55:group-47FF3BA161BA set configuration 0: [ec72e195-cdaf-4219-9313-040ed479ed22:192.168.69.107:45597, 0137e547-5d73-4510-aaf5-b735c043c419:192.168.69.107:37610, 0181d800-9f85-42fe-8aa5-822e6a490a55:192.168.69.107:36414], old=null at 0
2019-08-20 14:56:04,247 INFO  impl.FollowerState (FollowerState.java:run(106)) - ec72e195-cdaf-4219-9313-040ed479ed22:group-138CF6DBAB7C changes to CANDIDATE, lastRpcTime:5112, electionTimeout:5110ms
2019-08-20 14:56:04,249 INFO  impl.RoleInfo (RoleInfo.java:shutdownFollowerState(121)) - ec72e195-cdaf-4219-9313-040ed479ed22: shutdown FollowerState
2019-08-20 14:56:04,249 INFO  impl.RaftServerImpl (RaftServerImpl.java:setRole(171)) - ec72e195-cdaf-4219-9313-040ed479ed22:group-138CF6DBAB7C changes role from FOLLOWER to CANDIDATE at term 0 for changeToCandidate
2019-08-20 14:56:04,249 INFO  impl.RoleInfo (RoleInfo.java:updateAndGet(143)) - ec72e195-cdaf-4219-9313-040ed479ed22: start LeaderElection
2019-08-20 14:56:04,255 INFO  impl.RaftServerImpl (ServerState.java:setLeader(263)) - 0137e547-5d73-4510-aaf5-b735c043c419:group-47FF3BA161BA change Leader from null to 0181d800-9f85-42fe-8aa5-822e6a490a55 at term 1 for appendEntries, leader elected after 5188ms
2019-08-20 14:56:04,255 INFO  impl.RaftServerImpl (ServerState.java:setLeader(263)) - ec72e195-cdaf-4219-9313-040ed479ed22:group-47FF3BA161BA change Leader from null to 0181d800-9f85-42fe-8aa5-822e6a490a55 at term 1 for appendEntries, leader elected after 5188ms
2019-08-20 14:56:04,258 INFO  impl.RaftServerImpl (ServerState.java:setRaftConf(361)) - ec72e195-cdaf-4219-9313-040ed479ed22:group-47FF3BA161BA set configuration 0: [ec72e195-cdaf-4219-9313-040ed479ed22:192.168.69.107:45597, 0137e547-5d73-4510-aaf5-b735c043c419:192.168.69.107:37610, 0181d800-9f85-42fe-8aa5-822e6a490a55:192.168.69.107:36414], old=null at 0
2019-08-20 14:56:04,258 INFO  impl.RaftServerImpl (ServerState.java:setRaftConf(361)) - 0137e547-5d73-4510-aaf5-b735c043c419:group-47FF3BA161BA set configuration 0: [ec72e195-cdaf-4219-9313-040ed479ed22:192.168.69.107:45597, 0137e547-5d73-4510-aaf5-b735c043c419:192.168.69.107:37610, 0181d800-9f85-42fe-8aa5-822e6a490a55:192.168.69.107:36414], old=null at 0
2019-08-20 14:56:04,259 INFO  segmented.SegmentedRaftLogWorker (SegmentedRaftLogWorker.java:startLogSegment(380)) - ec72e195-cdaf-4219-9313-040ed479ed22-SegmentedRaftLogWorker:Storage Directory /workdir/hadoop-ozone/integration-test/target/test-dir/MiniOzoneClusterImpl-695552eb-70e7-4800-ab80-1fd0bd7a96c2/datanode-5/data/ratis/44f352e5-192d-441d-bcc8-47ff3ba161ba: Starting segment from index:0
2019-08-20 14:56:04,259 INFO  segmented.SegmentedRaftLogWorker (SegmentedRaftLogWorker.java:startLogSegment(380)) - 0137e547-5d73-4510-aaf5-b735c043c419-SegmentedRaftLogWorker:Storage Directory /workdir/hadoop-ozone/integration-test/target/test-dir/MiniOzoneClusterImpl-695552eb-70e7-4800-ab80-1fd0bd7a96c2/datanode-3/data/ratis/44f352e5-192d-441d-bcc8-47ff3ba161ba: Starting segment from index:0
2019-08-20 14:56:04,265 INFO  segmented.SegmentedRaftLogWorker (SegmentedRaftLogWorker.java:execute(569)) - 0181d800-9f85-42fe-8aa5-822e6a490a55-SegmentedRaftLogWorker:Storage Directory /workdir/hadoop-ozone/integration-test/target/test-dir/MiniOzoneClusterImpl-695552eb-70e7-4800-ab80-1fd0bd7a96c2/datanode-2/data/ratis/44f352e5-192d-441d-bcc8-47ff3ba161ba: created new log segment /workdir/hadoop-ozone/integration-test/target/test-dir/MiniOzoneClusterImpl-695552eb-70e7-4800-ab80-1fd0bd7a96c2/datanode-2/data/ratis/44f352e5-192d-441d-bcc8-47ff3ba161ba/current/log_inprogress_0
2019-08-20 14:56:04,265 INFO  impl.LeaderElection (LeaderElection.java:askForVotes(181)) - ec72e195-cdaf-4219-9313-040ed479ed22:group-138CF6DBAB7C:LeaderElection8: begin an election at term 1 for -1: [ec72e195-cdaf-4219-9313-040ed479ed22:192.168.69.107:45597], old=null
2019-08-20 14:56:04,266 INFO  impl.RoleInfo (RoleInfo.java:shutdownLeaderElection(134)) - ec72e195-cdaf-4219-9313-040ed479ed22: shutdown LeaderElection
2019-08-20 14:56:04,266 INFO  impl.RaftServerImpl (RaftServerImpl.java:setRole(171)) - ec72e195-cdaf-4219-9313-040ed479ed22:group-138CF6DBAB7C changes role from CANDIDATE to LEADER at term 1 for changeToLeader
2019-08-20 14:56:04,266 INFO  impl.RaftServerImpl (ServerState.java:setLeader(263)) - ec72e195-cdaf-4219-9313-040ed479ed22:group-138CF6DBAB7C change Leader from null to ec72e195-cdaf-4219-9313-040ed479ed22 at term 1 for becomeLeader, leader elected after 5133ms
2019-08-20 14:56:04,285 INFO  server.RaftServerConfigKeys (ConfUtils.java:logGet(43)) - raft.server.staging.catchup.gap = 1000 (default)
2019-08-20 14:56:04,286 INFO  server.RaftServerConfigKeys (ConfUtils.java:logGet(43)) - raft.server.rpc.sleep.time = 25ms (default)
2019-08-20 14:56:04,286 INFO  server.RaftServerConfigKeys (ConfUtils.java:logGet(43)) - raft.server.write.element-limit = 4096 (default)
2019-08-20 14:56:04,286 INFO  server.RaftServerConfigKeys (ConfUtils.java:logGet(43)) - raft.server.watch.timeout = 10s (default)
2019-08-20 14:56:04,286 INFO  server.RaftServerConfigKeys (ConfUtils.java:logGet(43)) - raft.server.watch.timeout.denomination = 1s (default)
2019-08-20 14:56:04,286 INFO  server.RaftServerConfigKeys (ConfUtils.java:logGet(43)) - raft.server.watch.element-limit = 65536 (default)
2019-08-20 14:56:04,287 INFO  impl.RoleInfo (RoleInfo.java:updateAndGet(143)) - ec72e195-cdaf-4219-9313-040ed479ed22: start LeaderState
2019-08-20 14:56:04,287 INFO  segmented.SegmentedRaftLogWorker (SegmentedRaftLogWorker.java:startLogSegment(380)) - ec72e195-cdaf-4219-9313-040ed479ed22-SegmentedRaftLogWorker:Storage Directory /workdir/hadoop-ozone/integration-test/target/test-dir/MiniOzoneClusterImpl-695552eb-70e7-4800-ab80-1fd0bd7a96c2/datanode-5/data/ratis/9813a445-7be3-46f0-a067-138cf6dbab7c: Starting segment from index:0
2019-08-20 14:56:04,287 INFO  impl.RaftServerImpl (ServerState.java:setRaftConf(361)) - ec72e195-cdaf-4219-9313-040ed479ed22:group-138CF6DBAB7C set configuration 0: [ec72e195-cdaf-4219-9313-040ed479ed22:192.168.69.107:45597], old=null at 0
2019-08-20 14:56:04,290 INFO  segmented.SegmentedRaftLogWorker (SegmentedRaftLogWorker.java:execute(569)) - 0137e547-5d73-4510-aaf5-b735c043c419-SegmentedRaftLogWorker:Storage Directory /workdir/hadoop-ozone/integration-test/target/test-dir/MiniOzoneClusterImpl-695552eb-70e7-4800-ab80-1fd0bd7a96c2/datanode-3/data/ratis/44f352e5-192d-441d-bcc8-47ff3ba161ba: created new log segment /workdir/hadoop-ozone/integration-test/target/test-dir/MiniOzoneClusterImpl-695552eb-70e7-4800-ab80-1fd0bd7a96c2/datanode-3/data/ratis/44f352e5-192d-441d-bcc8-47ff3ba161ba/current/log_inprogress_0
2019-08-20 14:56:04,291 INFO  segmented.SegmentedRaftLogWorker (SegmentedRaftLogWorker.java:execute(569)) - ec72e195-cdaf-4219-9313-040ed479ed22-SegmentedRaftLogWorker:Storage Directory /workdir/hadoop-ozone/integration-test/target/test-dir/MiniOzoneClusterImpl-695552eb-70e7-4800-ab80-1fd0bd7a96c2/datanode-5/data/ratis/44f352e5-192d-441d-bcc8-47ff3ba161ba: created new log segment /workdir/hadoop-ozone/integration-test/target/test-dir/MiniOzoneClusterImpl-695552eb-70e7-4800-ab80-1fd0bd7a96c2/datanode-5/data/ratis/44f352e5-192d-441d-bcc8-47ff3ba161ba/current/log_inprogress_0
2019-08-20 14:56:04,334 INFO  segmented.SegmentedRaftLogWorker (SegmentedRaftLogWorker.java:execute(569)) - ec72e195-cdaf-4219-9313-040ed479ed22-SegmentedRaftLogWorker:Storage Directory /workdir/hadoop-ozone/integration-test/target/test-dir/MiniOzoneClusterImpl-695552eb-70e7-4800-ab80-1fd0bd7a96c2/datanode-5/data/ratis/9813a445-7be3-46f0-a067-138cf6dbab7c: created new log segment /workdir/hadoop-ozone/integration-test/target/test-dir/MiniOzoneClusterImpl-695552eb-70e7-4800-ab80-1fd0bd7a96c2/datanode-5/data/ratis/9813a445-7be3-46f0-a067-138cf6dbab7c/current/log_inprogress_0
2019-08-20 14:56:04,597 INFO  client.GrpcClientProtocolClient (GrpcClientProtocolClient.java:onNext(255)) - client-BB0D69C60681->0137e547-5d73-4510-aaf5-b735c043c419: receive RaftClientReply:client-BB0D69C60681->0137e547-5d73-4510-aaf5-b735c043c419@group-47FF3BA161BA, cid=12, FAILED org.apache.ratis.protocol.NotLeaderException: Server 0137e547-5d73-4510-aaf5-b735c043c419 is not the leader (0181d800-9f85-42fe-8aa5-822e6a490a55:192.168.69.107:36414). Request must be sent to leader., logIndex=0, commits[0137e547-5d73-4510-aaf5-b735c043c419:c-1, ec72e195-cdaf-4219-9313-040ed479ed22:c-1, 0181d800-9f85-42fe-8aa5-822e6a490a55:c-1]
2019-08-20 14:56:04,612 WARN  io.KeyOutputStream (KeyOutputStream.java:handleException(276)) - Encountered exception java.io.IOException: Unexpected Storage Container Exception: java.util.concurrent.CompletionException: java.util.concurrent.CompletionException: org.apache.ratis.protocol.RaftRetryFailureException: Failed RaftClientRequest:client-BB0D69C60681->0137e547-5d73-4510-aaf5-b735c043c419@group-47FF3BA161BA, cid=12, seq=1*, RW, org.apache.hadoop.hdds.scm.XceiverClientRatis$$Lambda$316/595273810@61e75e6c for 5 attempts with RetryLimited(maxAttempts=5, sleepTime=1000ms) on the pipeline Pipeline[ Id: 44f352e5-192d-441d-bcc8-47ff3ba161ba, Nodes: ec72e195-cdaf-4219-9313-040ed479ed22{ip: 192.168.69.107, host: pr-hdds-1054-6hltv-2752131155, networkLocation: /default-rack, certSerialId: null}0137e547-5d73-4510-aaf5-b735c043c419{ip: 192.168.69.107, host: pr-hdds-1054-6hltv-2752131155, networkLocation: /default-rack, certSerialId: null}0181d800-9f85-42fe-8aa5-822e6a490a55{ip: 192.168.69.107, host: pr-hdds-1054-6hltv-2752131155, networkLocation: /default-rack, certSerialId: null}, Type:RATIS, Factor:THREE, State:OPEN]. The last committed block length is 0, uncommitted data length is 2097152 retry count 0
2019-08-20 14:56:04,872 INFO  client.GrpcClientProtocolClient (GrpcClientProtocolClient.java:onNext(255)) - client-4C5D7964B77F->a649f690-d225-45d2-88c7-52634dd1991d: receive RaftClientReply:client-4C5D7964B77F->a649f690-d225-45d2-88c7-52634dd1991d@group-8BB45A8191F0, cid=16, SUCCESS, logIndex=1, commits[a649f690-d225-45d2-88c7-52634dd1991d:c1, 9b0e08c1-4d9b-40d6-b4a2-45180464a3fb:c0, 9f9ca74d-fc7b-4259-86d4-3ed441e955cd:c0]
2019-08-20 14:56:04,965 INFO  client.GrpcClientProtocolClient (GrpcClientProtocolClient.java:onNext(255)) - client-4C5D7964B77F->a649f690-d225-45d2-88c7-52634dd1991d: receive RaftClientReply:client-4C5D7964B77F->a649f690-d225-45d2-88c7-52634dd1991d@group-8BB45A8191F0, cid=17, SUCCESS, logIndex=3, commits[a649f690-d225-45d2-88c7-52634dd1991d:c8, 9b0e08c1-4d9b-40d6-b4a2-45180464a3fb:c5, 9f9ca74d-fc7b-4259-86d4-3ed441e955cd:c5]
2019-08-20 14:56:04,967 INFO  client.GrpcClientProtocolClient (GrpcClientProtocolClient.java:onNext(255)) - client-4C5D7964B77F->a649f690-d225-45d2-88c7-52634dd1991d: receive RaftClientReply:client-4C5D7964B77F->a649f690-d225-45d2-88c7-52634dd1991d@group-8BB45A8191F0, cid=18, SUCCESS, logIndex=4, commits[a649f690-d225-45d2-88c7-52634dd1991d:c8, 9b0e08c1-4d9b-40d6-b4a2-45180464a3fb:c5, 9f9ca74d-fc7b-4259-86d4-3ed441e955cd:c5]
2019-08-20 14:56:05,072 INFO  client.GrpcClientProtocolClient (GrpcClientProtocolClient.java:onNext(255)) - client-4C5D7964B77F->a649f690-d225-45d2-88c7-52634dd1991d: receive RaftClientReply:client-4C5D7964B77F->a649f690-d225-45d2-88c7-52634dd1991d@group-8BB45A8191F0, cid=19, SUCCESS, logIndex=5, commits[a649f690-d225-45d2-88c7-52634dd1991d:c8, 9b0e08c1-4d9b-40d6-b4a2-45180464a3fb:c5, 9f9ca74d-fc7b-4259-86d4-3ed441e955cd:c5]
2019-08-20 14:56:05,115 INFO  client.GrpcClientProtocolClient (GrpcClientProtocolClient.java:onNext(255)) - client-4C5D7964B77F->a649f690-d225-45d2-88c7-52634dd1991d: receive RaftClientReply:client-4C5D7964B77F->a649f690-d225-45d2-88c7-52634dd1991d@group-8BB45A8191F0, cid=20, SUCCESS, logIndex=9, commits[a649f690-d225-45d2-88c7-52634dd1991d:c11, 9b0e08c1-4d9b-40d6-b4a2-45180464a3fb:c8, 9f9ca74d-fc7b-4259-86d4-3ed441e955cd:c8]
2019-08-20 14:56:05,119 INFO  client.GrpcClientProtocolClient (GrpcClientProtocolClient.java:onNext(255)) - client-4C5D7964B77F->a649f690-d225-45d2-88c7-52634dd1991d: receive RaftClientReply:client-4C5D7964B77F->a649f690-d225-45d2-88c7-52634dd1991d@group-8BB45A8191F0, cid=21, SUCCESS, logIndex=10, commits[a649f690-d225-45d2-88c7-52634dd1991d:c12, 9b0e08c1-4d9b-40d6-b4a2-45180464a3fb:c8, 9f9ca74d-fc7b-4259-86d4-3ed441e955cd:c8]
2019-08-20 14:56:05,119 INFO  client.GrpcClientProtocolClient (GrpcClientProtocolClient.java:onNext(255)) - client-4C5D7964B77F->a649f690-d225-45d2-88c7-52634dd1991d: receive RaftClientReply:client-4C5D7964B77F->a649f690-d225-45d2-88c7-52634dd1991d@group-8BB45A8191F0, cid=22, SUCCESS, logIndex=11, commits[a649f690-d225-45d2-88c7-52634dd1991d:c12, 9b0e08c1-4d9b-40d6-b4a2-45180464a3fb:c8, 9f9ca74d-fc7b-4259-86d4-3ed441e955cd:c8]
2019-08-20 14:56:05,125 INFO  client.GrpcClientProtocolClient (GrpcClientProtocolClient.java:onNext(255)) - client-4C5D7964B77F->a649f690-d225-45d2-88c7-52634dd1991d: receive RaftClientReply:client-4C5D7964B77F->a649f690-d225-45d2-88c7-52634dd1991d@group-8BB45A8191F0, cid=23, SUCCESS, logIndex=12, commits[a649f690-d225-45d2-88c7-52634dd1991d:c12, 9b0e08c1-4d9b-40d6-b4a2-45180464a3fb:c8, 9f9ca74d-fc7b-4259-86d4-3ed441e955cd:c8]
2019-08-20 14:56:05,147 INFO  client.GrpcClientProtocolClient (GrpcClientProtocolClient.java:onNext(255)) - client-4C5D7964B77F->a649f690-d225-45d2-88c7-52634dd1991d: receive RaftClientReply:client-4C5D7964B77F->a649f690-d225-45d2-88c7-52634dd1991d@group-8BB45A8191F0, cid=24, SUCCESS, logIndex=0, commits[a649f690-d225-45d2-88c7-52634dd1991d:c16, 9b0e08c1-4d9b-40d6-b4a2-45180464a3fb:c12, 9f9ca74d-fc7b-4259-86d4-3ed441e955cd:c12]
2019-08-20 14:56:05,151 INFO  client.GrpcClientProtocolClient (GrpcClientProtocolClient.java:onNext(255)) - client-4C5D7964B77F->a649f690-d225-45d2-88c7-52634dd1991d: receive RaftClientReply:client-4C5D7964B77F->a649f690-d225-45d2-88c7-52634dd1991d@group-8BB45A8191F0, cid=25, SUCCESS, logIndex=0, commits[a649f690-d225-45d2-88c7-52634dd1991d:c16, 9b0e08c1-4d9b-40d6-b4a2-45180464a3fb:c12, 9f9ca74d-fc7b-4259-86d4-3ed441e955cd:c12]
2019-08-20 14:56:05,166 INFO  datanode.ObjectStoreHandler (ObjectStoreHandler.java:close(155)) - Closing ObjectStoreHandler.
2019-08-20 14:56:05,166 INFO  ozone.HddsDatanodeService (HddsDatanodeService.java:stop(451)) - Stopped plug-in org.apache.hadoop.ozone.web.OzoneHddsDatanodeService@6b37df8e
2019-08-20 14:56:05,262 INFO  statemachine.DatanodeStateMachine (DatanodeStateMachine.java:lambda$startDaemon$0(350)) - Ozone container server started.
2019-08-20 14:56:05,271 INFO  client.GrpcClientProtocolClient (GrpcClientProtocolClient.java:onNext(255)) - client-4C5D7964B77F->a649f690-d225-45d2-88c7-52634dd1991d: receive RaftClientReply:client-4C5D7964B77F->a649f690-d225-45d2-88c7-52634dd1991d@group-8BB45A8191F0, cid=26, SUCCESS, logIndex=17, commits[a649f690-d225-45d2-88c7-52634dd1991d:c18, 9b0e08c1-4d9b-40d6-b4a2-45180464a3fb:c16, 9f9ca74d-fc7b-4259-86d4-3ed441e955cd:c16]
2019-08-20 14:56:05,322 INFO  client.GrpcClientProtocolClient (GrpcClientProtocolClient.java:onNext(255)) - client-4C5D7964B77F->a649f690-d225-45d2-88c7-52634dd1991d: receive RaftClientReply:client-4C5D7964B77F->a649f690-d225-45d2-88c7-52634dd1991d@group-8BB45A8191F0, cid=27, SUCCESS, logIndex=18, commits[a649f690-d225-45d2-88c7-52634dd1991d:c20, 9b0e08c1-4d9b-40d6-b4a2-45180464a3fb:c18, 9f9ca74d-fc7b-4259-86d4-3ed441e955cd:c18]
2019-08-20 14:56:10,168 INFO  ozoneimpl.OzoneContainer (OzoneContainer.java:stop(199)) - Attempting to stop container services.
2019-08-20 14:56:10,169 INFO  impl.RaftServerProxy (RaftServerProxy.java:lambda$close$4(314)) - a649f690-d225-45d2-88c7-52634dd1991d: close
2019-08-20 14:56:10,171 INFO  impl.RaftServerImpl (RaftServerImpl.java:lambda$shutdown$3(245)) - a649f690-d225-45d2-88c7-52634dd1991d: shutdown group-8BB45A8191F0
2019-08-20 14:56:10,172 INFO  util.JmxRegister (JmxRegister.java:unregister(73)) - Successfully un-registered JMX Bean with object name Ratis:service=RaftServer,group=group-8BB45A8191F0,id=a649f690-d225-45d2-88c7-52634dd1991d
2019-08-20 14:56:10,172 INFO  impl.RoleInfo (RoleInfo.java:shutdownLeaderState(104)) - a649f690-d225-45d2-88c7-52634dd1991d: shutdown LeaderState
2019-08-20 14:56:10,178 WARN  server.GrpcLogAppender (GrpcLogAppender.java:mayWait(143)) - GrpcLogAppender(a649f690-d225-45d2-88c7-52634dd1991d->9b0e08c1-4d9b-40d6-b4a2-45180464a3fb): Wait interrupted by java.lang.InterruptedException
2019-08-20 14:56:10,178 WARN  server.GrpcLogAppender (GrpcLogAppender.java:mayWait(143)) - GrpcLogAppender(a649f690-d225-45d2-88c7-52634dd1991d->9f9ca74d-fc7b-4259-86d4-3ed441e955cd): Wait interrupted by java.lang.InterruptedException
2019-08-20 14:56:10,178 INFO  impl.PendingRequests (PendingRequests.java:sendNotLeaderResponses(202)) - a649f690-d225-45d2-88c7-52634dd1991d-PendingRequests: sendNotLeaderResponses
2019-08-20 14:56:10,182 INFO  server.GrpcServerProtocolService (GrpcServerProtocolService.java:onCompleted(104)) - 9b0e08c1-4d9b-40d6-b4a2-45180464a3fb: appendEntries completed
2019-08-20 14:56:10,182 INFO  server.GrpcServerProtocolService (GrpcServerProtocolService.java:onCompleted(104)) - 9f9ca74d-fc7b-4259-86d4-3ed441e955cd: appendEntries completed
2019-08-20 14:56:10,185 INFO  server.GrpcLogAppender (GrpcLogAppender.java:onCompleted(292)) - a649f690-d225-45d2-88c7-52634dd1991d->9b0e08c1-4d9b-40d6-b4a2-45180464a3fb: follower responses appendEntries COMPLETED
2019-08-20 14:56:10,185 INFO  ratis.ContainerStateMachine (ContainerStateMachine.java:takeSnapshot(271)) - group-8BB45A8191F0: Taking a snapshot at:(t:1, i:20) file /workdir/hadoop-ozone/integration-test/target/test-dir/MiniOzoneClusterImpl-695552eb-70e7-4800-ab80-1fd0bd7a96c2/datanode-1/data/ratis/bc1fcdc4-6ba1-4776-9aa0-8bb45a8191f0/sm/snapshot.1_20
2019-08-20 14:56:10,185 INFO  impl.StateMachineUpdater (StateMachineUpdater.java:stopAndJoin(115)) - StateMachineUpdater:a649f690-d225-45d2-88c7-52634dd1991d:group-8BB45A8191F0: set stopIndex = 20
2019-08-20 14:56:10,185 INFO  server.GrpcLogAppender (GrpcLogAppender.java:onCompleted(292)) - a649f690-d225-45d2-88c7-52634dd1991d->9f9ca74d-fc7b-4259-86d4-3ed441e955cd: follower responses appendEntries COMPLETED
2019-08-20 14:56:10,193 INFO  impl.FollowerInfo (FollowerInfo.java:lambda$new$0(50)) - a649f690-d225-45d2-88c7-52634dd1991d->9b0e08c1-4d9b-40d6-b4a2-45180464a3fb: nextIndex: updateUnconditionally 21 -> 20
2019-08-20 14:56:10,193 INFO  impl.FollowerInfo (FollowerInfo.java:lambda$new$0(50)) - a649f690-d225-45d2-88c7-52634dd1991d->9f9ca74d-fc7b-4259-86d4-3ed441e955cd: nextIndex: updateUnconditionally 21 -> 20
2019-08-20 14:56:10,218 INFO  ratis.ContainerStateMachine (ContainerStateMachine.java:takeSnapshot(282)) - group-8BB45A8191F0: Finished taking a snapshot at:(t:1, i:20) file:/workdir/hadoop-ozone/integration-test/target/test-dir/MiniOzoneClusterImpl-695552eb-70e7-4800-ab80-1fd0bd7a96c2/datanode-1/data/ratis/bc1fcdc4-6ba1-4776-9aa0-8bb45a8191f0/sm/snapshot.1_20 time:32
2019-08-20 14:56:10,218 INFO  impl.StateMachineUpdater (StateMachineUpdater.java:takeSnapshot(242)) - StateMachineUpdater:a649f690-d225-45d2-88c7-52634dd1991d:group-8BB45A8191F0: Took a snapshot at index 20
2019-08-20 14:56:10,220 INFO  impl.StateMachineUpdater (StateMachineUpdater.java:lambda$new$0(80)) - StateMachineUpdater:a649f690-d225-45d2-88c7-52634dd1991d:group-8BB45A8191F0: snapshotIndex: updateIncreasingly -1 -> 20
2019-08-20 14:56:10,224 INFO  impl.RaftServerImpl (ServerState.java:close(394)) - a649f690-d225-45d2-88c7-52634dd1991d:group-8BB45A8191F0 closes. The last applied log index is 20
2019-08-20 14:56:10,226 INFO  segmented.SegmentedRaftLogWorker (SegmentedRaftLogWorker.java:run(313)) - a649f690-d225-45d2-88c7-52634dd1991d-SegmentedRaftLogWorker:Storage Directory /workdir/hadoop-ozone/integration-test/target/test-dir/MiniOzoneClusterImpl-695552eb-70e7-4800-ab80-1fd0bd7a96c2/datanode-1/data/ratis/bc1fcdc4-6ba1-4776-9aa0-8bb45a8191f0 was interrupted, exiting. There are 0 tasks remaining in the queue.
2019-08-20 14:56:10,229 INFO  segmented.SegmentedRaftLogWorker (SegmentedRaftLogWorker.java:close(228)) - a649f690-d225-45d2-88c7-52634dd1991d-SegmentedRaftLogWorker:Storage Directory /workdir/hadoop-ozone/integration-test/target/test-dir/MiniOzoneClusterImpl-695552eb-70e7-4800-ab80-1fd0bd7a96c2/datanode-1/data/ratis/bc1fcdc4-6ba1-4776-9aa0-8bb45a8191f0 close()
2019-08-20 14:56:10,232 INFO  impl.RaftServerImpl (RaftServerImpl.java:lambda$shutdown$3(245)) - a649f690-d225-45d2-88c7-52634dd1991d: shutdown group-0D760A777019
2019-08-20 14:56:10,232 INFO  util.JmxRegister (JmxRegister.java:unregister(73)) - Successfully un-registered JMX Bean with object name Ratis:service=RaftServer,group=group-0D760A777019,id=a649f690-d225-45d2-88c7-52634dd1991d
2019-08-20 14:56:10,233 INFO  impl.RoleInfo (RoleInfo.java:shutdownLeaderState(104)) - a649f690-d225-45d2-88c7-52634dd1991d: shutdown LeaderState
2019-08-20 14:56:10,233 INFO  impl.PendingRequests (PendingRequests.java:sendNotLeaderResponses(202)) - a649f690-d225-45d2-88c7-52634dd1991d-PendingRequests: sendNotLeaderResponses
2019-08-20 14:56:10,233 INFO  impl.StateMachineUpdater (StateMachineUpdater.java:stopAndJoin(115)) - StateMachineUpdater:a649f690-d225-45d2-88c7-52634dd1991d:group-0D760A777019: set stopIndex = 0
2019-08-20 14:56:10,235 INFO  impl.RaftServerImpl (ServerState.java:close(394)) - a649f690-d225-45d2-88c7-52634dd1991d:group-0D760A777019 closes. The last applied log index is 0
2019-08-20 14:56:10,235 INFO  segmented.SegmentedRaftLogWorker (SegmentedRaftLogWorker.java:run(313)) - a649f690-d225-45d2-88c7-52634dd1991d-SegmentedRaftLogWorker:Storage Directory /workdir/hadoop-ozone/integration-test/target/test-dir/MiniOzoneClusterImpl-695552eb-70e7-4800-ab80-1fd0bd7a96c2/datanode-1/data/ratis/8c19f274-a35e-40f0-9916-0d760a777019 was interrupted, exiting. There are 0 tasks remaining in the queue.
2019-08-20 14:56:10,239 INFO  segmented.SegmentedRaftLogWorker (SegmentedRaftLogWorker.java:close(228)) - a649f690-d225-45d2-88c7-52634dd1991d-SegmentedRaftLogWorker:Storage Directory /workdir/hadoop-ozone/integration-test/target/test-dir/MiniOzoneClusterImpl-695552eb-70e7-4800-ab80-1fd0bd7a96c2/datanode-1/data/ratis/8c19f274-a35e-40f0-9916-0d760a777019 close()
2019-08-20 14:56:10,244 INFO  server.GrpcService (GrpcService.java:closeImpl(155)) - a649f690-d225-45d2-88c7-52634dd1991d: shutdown server with port 44113 now
2019-08-20 14:56:10,249 INFO  server.GrpcService (GrpcService.java:closeImpl(163)) - a649f690-d225-45d2-88c7-52634dd1991d: shutdown server with port 44113 successfully
2019-08-20 14:56:10,250 WARN  client.GrpcClientProtocolService (LogUtils.java:warn(134)) - 1-UnorderedRequestStreamObserver1: onError: org.apache.ratis.thirdparty.io.grpc.StatusRuntimeException: CANCELLED: cancelled before receiving half close
2019-08-20 14:56:10,254 INFO  utils.BackgroundService (BackgroundService.java:shutdown(148)) - Shutting down service BlockDeletingService
2019-08-20 14:56:10,255 WARN  fs.CachingGetSpaceUsed (CachingGetSpaceUsed.java:run(183)) - Thread Interrupted waiting to refresh disk information: sleep interrupted
2019-08-20 14:56:10,278 INFO  statemachine.DatanodeStateMachine (DatanodeStateMachine.java:stopDaemon(395)) - Ozone container server stopped.
2019-08-20 14:56:10,296 INFO  handler.ContextHandler (ContextHandler.java:doStop(910)) - Stopped o.e.j.w.WebAppContext@2c1f8dbd{/,null,UNAVAILABLE}{/hddsDatanode}
2019-08-20 14:56:10,302 INFO  server.AbstractConnector (AbstractConnector.java:doStop(318)) - Stopped ServerConnector@55c57422{HTTP/1.1,[http/1.1]}{0.0.0.0:0}
2019-08-20 14:56:10,302 INFO  handler.ContextHandler (ContextHandler.java:doStop(910)) - Stopped o.e.j.s.ServletContextHandler@47a7c93e{/static,jar:file:/home/user/.m2/repository/org/apache/hadoop/hadoop-hdds-container-service/0.5.0-SNAPSHOT/hadoop-hdds-container-service-0.5.0-SNAPSHOT.jar!/webapps/static,UNAVAILABLE}
2019-08-20 14:56:10,303 INFO  handler.ContextHandler (ContextHandler.java:doStop(910)) - Stopped o.e.j.s.ServletContextHandler@1e12a5a6{/logs,file:///workdir/hadoop-ozone/integration-test/target/log,UNAVAILABLE}
2019-08-20 14:56:10,305 INFO  datanode.ObjectStoreHandler (ObjectStoreHandler.java:close(155)) - Closing ObjectStoreHandler.
2019-08-20 14:56:10,305 INFO  ozone.HddsDatanodeService (HddsDatanodeService.java:stop(451)) - Stopped plug-in org.apache.hadoop.ozone.web.OzoneHddsDatanodeService@a85644c
2019-08-20 14:56:11,261 INFO  statemachine.DatanodeStateMachine (DatanodeStateMachine.java:lambda$startDaemon$0(350)) - Ozone container server started.
2019-08-20 14:56:14,184 INFO  impl.FollowerState (FollowerState.java:run(106)) - 9b0e08c1-4d9b-40d6-b4a2-45180464a3fb:group-8BB45A8191F0 changes to CANDIDATE, lastRpcTime:6400, electionTimeout:5069ms
2019-08-20 14:56:14,185 INFO  impl.RoleInfo (RoleInfo.java:shutdownFollowerState(121)) - 9b0e08c1-4d9b-40d6-b4a2-45180464a3fb: shutdown FollowerState
2019-08-20 14:56:14,185 INFO  impl.RaftServerImpl (RaftServerImpl.java:setRole(171)) - 9b0e08c1-4d9b-40d6-b4a2-45180464a3fb:group-8BB45A8191F0 changes role from FOLLOWER to CANDIDATE at term 1 for changeToCandidate
2019-08-20 14:56:14,185 INFO  impl.RoleInfo (RoleInfo.java:updateAndGet(143)) - 9b0e08c1-4d9b-40d6-b4a2-45180464a3fb: start LeaderElection
2019-08-20 14:56:14,187 INFO  impl.RaftServerImpl (ServerState.java:setLeader(263)) - 9b0e08c1-4d9b-40d6-b4a2-45180464a3fb:group-8BB45A8191F0 change Leader from a649f690-d225-45d2-88c7-52634dd1991d to null at term 1 for initElection
2019-08-20 14:56:14,345 INFO  impl.FollowerState (FollowerState.java:run(106)) - 9f9ca74d-fc7b-4259-86d4-3ed441e955cd:group-8BB45A8191F0 changes to CANDIDATE, lastRpcTime:6551, electionTimeout:5162ms
2019-08-20 14:56:14,345 INFO  impl.RoleInfo (RoleInfo.java:shutdownFollowerState(121)) - 9f9ca74d-fc7b-4259-86d4-3ed441e955cd: shutdown FollowerState
2019-08-20 14:56:14,345 INFO  impl.RaftServerImpl (RaftServerImpl.java:setRole(171)) - 9f9ca74d-fc7b-4259-86d4-3ed441e955cd:group-8BB45A8191F0 changes role from FOLLOWER to CANDIDATE at term 1 for changeToCandidate
2019-08-20 14:56:14,345 INFO  impl.RoleInfo (RoleInfo.java:updateAndGet(143)) - 9f9ca74d-fc7b-4259-86d4-3ed441e955cd: start LeaderElection
2019-08-20 14:56:14,348 INFO  impl.RaftServerImpl (ServerState.java:setLeader(263)) - 9f9ca74d-fc7b-4259-86d4-3ed441e955cd:group-8BB45A8191F0 change Leader from a649f690-d225-45d2-88c7-52634dd1991d to null at term 1 for initElection
2019-08-20 14:56:15,305 INFO  ozoneimpl.OzoneContainer (OzoneContainer.java:stop(199)) - Attempting to stop container services.
2019-08-20 14:56:15,306 INFO  impl.RaftServerProxy (RaftServerProxy.java:lambda$close$4(314)) - 9b0e08c1-4d9b-40d6-b4a2-45180464a3fb: close
2019-08-20 14:56:15,306 INFO  impl.RaftServerImpl (RaftServerImpl.java:lambda$shutdown$3(245)) - 9b0e08c1-4d9b-40d6-b4a2-45180464a3fb: shutdown group-8BB45A8191F0
2019-08-20 14:56:15,306 INFO  util.JmxRegister (JmxRegister.java:unregister(73)) - Successfully un-registered JMX Bean with object name Ratis:service=RaftServer,group=group-8BB45A8191F0,id=9b0e08c1-4d9b-40d6-b4a2-45180464a3fb
2019-08-20 14:56:15,307 INFO  impl.RoleInfo (RoleInfo.java:shutdownLeaderElection(134)) - 9b0e08c1-4d9b-40d6-b4a2-45180464a3fb: shutdown LeaderElection
2019-08-20 14:56:15,307 INFO  impl.StateMachineUpdater (StateMachineUpdater.java:stopAndJoin(115)) - StateMachineUpdater:9b0e08c1-4d9b-40d6-b4a2-45180464a3fb:group-8BB45A8191F0: set stopIndex = 20
2019-08-20 14:56:15,307 INFO  ratis.ContainerStateMachine (ContainerStateMachine.java:takeSnapshot(271)) - group-8BB45A8191F0: Taking a snapshot at:(t:1, i:18) file /workdir/hadoop-ozone/integration-test/target/test-dir/MiniOzoneClusterImpl-695552eb-70e7-4800-ab80-1fd0bd7a96c2/datanode-0/data/ratis/bc1fcdc4-6ba1-4776-9aa0-8bb45a8191f0/sm/snapshot.1_18
2019-08-20 14:56:18,967 INFO  impl.LeaderElection (LeaderElection.java:askForVotes(181)) - 9f9ca74d-fc7b-4259-86d4-3ed441e955cd:group-8BB45A8191F0:LeaderElection10: begin an election at term 2 for 0: [9b0e08c1-4d9b-40d6-b4a2-45180464a3fb:192.168.69.107:34421, a649f690-d225-45d2-88c7-52634dd1991d:192.168.69.107:44113, 9f9ca74d-fc7b-4259-86d4-3ed441e955cd:192.168.69.107:43201], old=null
2019-08-20 14:56:18,979 WARN  server.GrpcServerProtocolService (LogUtils.java:warn(134)) - 9b0e08c1-4d9b-40d6-b4a2-45180464a3fb: Failed requestVote 9f9ca74d-fc7b-4259-86d4-3ed441e955cd->9b0e08c1-4d9b-40d6-b4a2-45180464a3fb#0: org.apache.ratis.protocol.ServerNotReadyException: Server 9b0e08c1-4d9b-40d6-b4a2-45180464a3fb is not [RUNNING]: current state is CLOSING
2019-08-20 14:56:18,984 INFO  impl.LeaderElection (LeaderElection.java:askForVotes(181)) - 9b0e08c1-4d9b-40d6-b4a2-45180464a3fb:group-8BB45A8191F0:LeaderElection9: begin an election at term 2 for 0: [9b0e08c1-4d9b-40d6-b4a2-45180464a3fb:192.168.69.107:34421, a649f690-d225-45d2-88c7-52634dd1991d:192.168.69.107:44113, 9f9ca74d-fc7b-4259-86d4-3ed441e955cd:192.168.69.107:43201], old=null
2019-08-20 14:56:18,985 INFO  impl.LeaderElection (LeaderElection.java:logAndReturn(56)) - 9b0e08c1-4d9b-40d6-b4a2-45180464a3fb:group-8BB45A8191F0:LeaderElection9: Election REJECTED; received 0 response(s) [] and 0 exception(s); 9b0e08c1-4d9b-40d6-b4a2-45180464a3fb:t2, leader=null, voted=9b0e08c1-4d9b-40d6-b4a2-45180464a3fb, raftlog=9b0e08c1-4d9b-40d6-b4a2-45180464a3fb-SegmentedRaftLog:OPENED:c20,f20,i20, conf=0: [9b0e08c1-4d9b-40d6-b4a2-45180464a3fb:192.168.69.107:34421, a649f690-d225-45d2-88c7-52634dd1991d:192.168.69.107:44113, 9f9ca74d-fc7b-4259-86d4-3ed441e955cd:192.168.69.107:43201], old=null
2019-08-20 14:56:18,989 INFO  impl.LeaderElection (LogUtils.java:infoOrTrace(149)) - 9f9ca74d-fc7b-4259-86d4-3ed441e955cd:group-8BB45A8191F0:LeaderElection10 got exception when requesting votes: {}
java.util.concurrent.ExecutionException: org.apache.ratis.thirdparty.io.grpc.StatusRuntimeException: UNAVAILABLE: io exception
	at java.util.concurrent.FutureTask.report(FutureTask.java:122)
	at java.util.concurrent.FutureTask.get(FutureTask.java:192)
	at org.apache.ratis.server.impl.LeaderElection.waitForResults(LeaderElection.java:262)
	at org.apache.ratis.server.impl.LeaderElection.askForVotes(LeaderElection.java:200)
	at org.apache.ratis.server.impl.LeaderElection.run(LeaderElection.java:130)
	at java.lang.Thread.run(Thread.java:748)
Caused by: org.apache.ratis.thirdparty.io.grpc.StatusRuntimeException: UNAVAILABLE: io exception
	at org.apache.ratis.thirdparty.io.grpc.stub.ClientCalls.toStatusRuntimeException(ClientCalls.java:233)
	at org.apache.ratis.thirdparty.io.grpc.stub.ClientCalls.getUnchecked(ClientCalls.java:214)
	at org.apache.ratis.thirdparty.io.grpc.stub.ClientCalls.blockingUnaryCall(ClientCalls.java:139)
	at org.apache.ratis.proto.grpc.RaftServerProtocolServiceGrpc$RaftServerProtocolServiceBlockingStub.requestVote(RaftServerProtocolServiceGrpc.java:265)
	at org.apache.ratis.grpc.server.GrpcServerProtocolClient.requestVote(GrpcServerProtocolClient.java:83)
	at org.apache.ratis.grpc.server.GrpcService.requestVote(GrpcService.java:195)
	at org.apache.ratis.server.impl.LeaderElection.lambda$submitRequests$1(LeaderElection.java:237)
	at java.util.concurrent.FutureTask.run(FutureTask.java:266)
	at java.util.concurrent.Executors$RunnableAdapter.call(Executors.java:511)
	at java.util.concurrent.FutureTask.run(FutureTask.java:266)
	at java.util.concurrent.ThreadPoolExecutor.runWorker(ThreadPoolExecutor.java:1149)
	at java.util.concurrent.ThreadPoolExecutor$Worker.run(ThreadPoolExecutor.java:624)
	... 1 more
Caused by: org.apache.ratis.thirdparty.io.netty.channel.AbstractChannel$AnnotatedConnectException: Connection refused: /192.168.69.107:44113
	at sun.nio.ch.SocketChannelImpl.checkConnect(Native Method)
	at sun.nio.ch.SocketChannelImpl.finishConnect(SocketChannelImpl.java:717)
	at org.apache.ratis.thirdparty.io.netty.channel.socket.nio.NioSocketChannel.doFinishConnect(NioSocketChannel.java:327)
	at org.apache.ratis.thirdparty.io.netty.channel.nio.AbstractNioChannel$AbstractNioUnsafe.finishConnect(AbstractNioChannel.java:340)
	at org.apache.ratis.thirdparty.io.netty.channel.nio.NioEventLoop.processSelectedKey(NioEventLoop.java:632)
	at org.apache.ratis.thirdparty.io.netty.channel.nio.NioEventLoop.processSelectedKeysOptimized(NioEventLoop.java:579)
	at org.apache.ratis.thirdparty.io.netty.channel.nio.NioEventLoop.processSelectedKeys(NioEventLoop.java:496)
	at org.apache.ratis.thirdparty.io.netty.channel.nio.NioEventLoop.run(NioEventLoop.java:458)
	at org.apache.ratis.thirdparty.io.netty.util.concurrent.SingleThreadEventExecutor$5.run(SingleThreadEventExecutor.java:897)
	at org.apache.ratis.thirdparty.io.netty.util.concurrent.FastThreadLocalRunnable.run(FastThreadLocalRunnable.java:30)
	... 1 more
Caused by: java.net.ConnectException: Connection refused
	... 11 more
2019-08-20 14:56:19,034 INFO  impl.LeaderElection (LogUtils.java:infoOrTrace(149)) - 9f9ca74d-fc7b-4259-86d4-3ed441e955cd:group-8BB45A8191F0:LeaderElection10 got exception when requesting votes: {}
java.util.concurrent.ExecutionException: org.apache.ratis.thirdparty.io.grpc.StatusRuntimeException: INTERNAL: Server 9b0e08c1-4d9b-40d6-b4a2-45180464a3fb is not [RUNNING]: current state is CLOSING
	at java.util.concurrent.FutureTask.report(FutureTask.java:122)
	at java.util.concurrent.FutureTask.get(FutureTask.java:192)
	at org.apache.ratis.server.impl.LeaderElection.waitForResults(LeaderElection.java:262)
	at org.apache.ratis.server.impl.LeaderElection.askForVotes(LeaderElection.java:200)
	at org.apache.ratis.server.impl.LeaderElection.run(LeaderElection.java:130)
	at java.lang.Thread.run(Thread.java:748)
Caused by: org.apache.ratis.thirdparty.io.grpc.StatusRuntimeException: INTERNAL: Server 9b0e08c1-4d9b-40d6-b4a2-45180464a3fb is not [RUNNING]: current state is CLOSING
	at org.apache.ratis.thirdparty.io.grpc.stub.ClientCalls.toStatusRuntimeException(ClientCalls.java:233)
	at org.apache.ratis.thirdparty.io.grpc.stub.ClientCalls.getUnchecked(ClientCalls.java:214)
	at org.apache.ratis.thirdparty.io.grpc.stub.ClientCalls.blockingUnaryCall(ClientCalls.java:139)
	at org.apache.ratis.proto.grpc.RaftServerProtocolServiceGrpc$RaftServerProtocolServiceBlockingStub.requestVote(RaftServerProtocolServiceGrpc.java:265)
	at org.apache.ratis.grpc.server.GrpcServerProtocolClient.requestVote(GrpcServerProtocolClient.java:83)
	at org.apache.ratis.grpc.server.GrpcService.requestVote(GrpcService.java:195)
	at org.apache.ratis.server.impl.LeaderElection.lambda$submitRequests$1(LeaderElection.java:237)
	at java.util.concurrent.FutureTask.run(FutureTask.java:266)
	at java.util.concurrent.Executors$RunnableAdapter.call(Executors.java:511)
	at java.util.concurrent.FutureTask.run(FutureTask.java:266)
	at java.util.concurrent.ThreadPoolExecutor.runWorker(ThreadPoolExecutor.java:1149)
	at java.util.concurrent.ThreadPoolExecutor$Worker.run(ThreadPoolExecutor.java:624)
	... 1 more
2019-08-20 14:56:19,036 INFO  impl.LeaderElection (LeaderElection.java:logAndReturn(56)) - 9f9ca74d-fc7b-4259-86d4-3ed441e955cd:group-8BB45A8191F0:LeaderElection10: Election REJECTED; received 0 response(s) [] and 2 exception(s); 9f9ca74d-fc7b-4259-86d4-3ed441e955cd:t2, leader=null, voted=9f9ca74d-fc7b-4259-86d4-3ed441e955cd, raftlog=9f9ca74d-fc7b-4259-86d4-3ed441e955cd-SegmentedRaftLog:OPENED:c20,f20,i20, conf=0: [9b0e08c1-4d9b-40d6-b4a2-45180464a3fb:192.168.69.107:34421, a649f690-d225-45d2-88c7-52634dd1991d:192.168.69.107:44113, 9f9ca74d-fc7b-4259-86d4-3ed441e955cd:192.168.69.107:43201], old=null
2019-08-20 14:56:19,037 INFO  impl.LeaderElection (LogUtils.java:infoOrTrace(149)) -   Exception 0: {}
java.util.concurrent.ExecutionException: org.apache.ratis.thirdparty.io.grpc.StatusRuntimeException: UNAVAILABLE: io exception
	at java.util.concurrent.FutureTask.report(FutureTask.java:122)
	at java.util.concurrent.FutureTask.get(FutureTask.java:192)
	at org.apache.ratis.server.impl.LeaderElection.waitForResults(LeaderElection.java:262)
	at org.apache.ratis.server.impl.LeaderElection.askForVotes(LeaderElection.java:200)
	at org.apache.ratis.server.impl.LeaderElection.run(LeaderElection.java:130)
	at java.lang.Thread.run(Thread.java:748)
Caused by: org.apache.ratis.thirdparty.io.grpc.StatusRuntimeException: UNAVAILABLE: io exception
	at org.apache.ratis.thirdparty.io.grpc.stub.ClientCalls.toStatusRuntimeException(ClientCalls.java:233)
	at org.apache.ratis.thirdparty.io.grpc.stub.ClientCalls.getUnchecked(ClientCalls.java:214)
	at org.apache.ratis.thirdparty.io.grpc.stub.ClientCalls.blockingUnaryCall(ClientCalls.java:139)
	at org.apache.ratis.proto.grpc.RaftServerProtocolServiceGrpc$RaftServerProtocolServiceBlockingStub.requestVote(RaftServerProtocolServiceGrpc.java:265)
	at org.apache.ratis.grpc.server.GrpcServerProtocolClient.requestVote(GrpcServerProtocolClient.java:83)
	at org.apache.ratis.grpc.server.GrpcService.requestVote(GrpcService.java:195)
	at org.apache.ratis.server.impl.LeaderElection.lambda$submitRequests$1(LeaderElection.java:237)
	at java.util.concurrent.FutureTask.run(FutureTask.java:266)
	at java.util.concurrent.Executors$RunnableAdapter.call(Executors.java:511)
	at java.util.concurrent.FutureTask.run(FutureTask.java:266)
	at java.util.concurrent.ThreadPoolExecutor.runWorker(ThreadPoolExecutor.java:1149)
	at java.util.concurrent.ThreadPoolExecutor$Worker.run(ThreadPoolExecutor.java:624)
	... 1 more
Caused by: org.apache.ratis.thirdparty.io.netty.channel.AbstractChannel$AnnotatedConnectException: Connection refused: /192.168.69.107:44113
	at sun.nio.ch.SocketChannelImpl.checkConnect(Native Method)
	at sun.nio.ch.SocketChannelImpl.finishConnect(SocketChannelImpl.java:717)
	at org.apache.ratis.thirdparty.io.netty.channel.socket.nio.NioSocketChannel.doFinishConnect(NioSocketChannel.java:327)
	at org.apache.ratis.thirdparty.io.netty.channel.nio.AbstractNioChannel$AbstractNioUnsafe.finishConnect(AbstractNioChannel.java:340)
	at org.apache.ratis.thirdparty.io.netty.channel.nio.NioEventLoop.processSelectedKey(NioEventLoop.java:632)
	at org.apache.ratis.thirdparty.io.netty.channel.nio.NioEventLoop.processSelectedKeysOptimized(NioEventLoop.java:579)
	at org.apache.ratis.thirdparty.io.netty.channel.nio.NioEventLoop.processSelectedKeys(NioEventLoop.java:496)
	at org.apache.ratis.thirdparty.io.netty.channel.nio.NioEventLoop.run(NioEventLoop.java:458)
	at org.apache.ratis.thirdparty.io.netty.util.concurrent.SingleThreadEventExecutor$5.run(SingleThreadEventExecutor.java:897)
	at org.apache.ratis.thirdparty.io.netty.util.concurrent.FastThreadLocalRunnable.run(FastThreadLocalRunnable.java:30)
	... 1 more
Caused by: java.net.ConnectException: Connection refused
	... 11 more
2019-08-20 14:56:19,038 INFO  impl.LeaderElection (LogUtils.java:infoOrTrace(149)) -   Exception 1: {}
java.util.concurrent.ExecutionException: org.apache.ratis.thirdparty.io.grpc.StatusRuntimeException: INTERNAL: Server 9b0e08c1-4d9b-40d6-b4a2-45180464a3fb is not [RUNNING]: current state is CLOSING
	at java.util.concurrent.FutureTask.report(FutureTask.java:122)
	at java.util.concurrent.FutureTask.get(FutureTask.java:192)
	at org.apache.ratis.server.impl.LeaderElection.waitForResults(LeaderElection.java:262)
	at org.apache.ratis.server.impl.LeaderElection.askForVotes(LeaderElection.java:200)
	at org.apache.ratis.server.impl.LeaderElection.run(LeaderElection.java:130)
	at java.lang.Thread.run(Thread.java:748)
Caused by: org.apache.ratis.thirdparty.io.grpc.StatusRuntimeException: INTERNAL: Server 9b0e08c1-4d9b-40d6-b4a2-45180464a3fb is not [RUNNING]: current state is CLOSING
	at org.apache.ratis.thirdparty.io.grpc.stub.ClientCalls.toStatusRuntimeException(ClientCalls.java:233)
	at org.apache.ratis.thirdparty.io.grpc.stub.ClientCalls.getUnchecked(ClientCalls.java:214)
	at org.apache.ratis.thirdparty.io.grpc.stub.ClientCalls.blockingUnaryCall(ClientCalls.java:139)
	at org.apache.ratis.proto.grpc.RaftServerProtocolServiceGrpc$RaftServerProtocolServiceBlockingStub.requestVote(RaftServerProtocolServiceGrpc.java:265)
	at org.apache.ratis.grpc.server.GrpcServerProtocolClient.requestVote(GrpcServerProtocolClient.java:83)
	at org.apache.ratis.grpc.server.GrpcService.requestVote(GrpcService.java:195)
	at org.apache.ratis.server.impl.LeaderElection.lambda$submitRequests$1(LeaderElection.java:237)
	at java.util.concurrent.FutureTask.run(FutureTask.java:266)
	at java.util.concurrent.Executors$RunnableAdapter.call(Executors.java:511)
	at java.util.concurrent.FutureTask.run(FutureTask.java:266)
	at java.util.concurrent.ThreadPoolExecutor.runWorker(ThreadPoolExecutor.java:1149)
	at java.util.concurrent.ThreadPoolExecutor$Worker.run(ThreadPoolExecutor.java:624)
	... 1 more
2019-08-20 14:56:19,038 INFO  impl.RaftServerImpl (RaftServerImpl.java:setRole(171)) - 9f9ca74d-fc7b-4259-86d4-3ed441e955cd:group-8BB45A8191F0 changes role from CANDIDATE to FOLLOWER at term 2 for DISCOVERED_A_NEW_TERM
2019-08-20 14:56:19,038 INFO  impl.RoleInfo (RoleInfo.java:shutdownLeaderElection(134)) - 9f9ca74d-fc7b-4259-86d4-3ed441e955cd: shutdown LeaderElection
2019-08-20 14:56:19,038 INFO  impl.RoleInfo (RoleInfo.java:updateAndGet(143)) - 9f9ca74d-fc7b-4259-86d4-3ed441e955cd: start FollowerState
2019-08-20 14:56:19,076 INFO  ratis.ContainerStateMachine (ContainerStateMachine.java:takeSnapshot(282)) - group-8BB45A8191F0: Finished taking a snapshot at:(t:1, i:18) file:/workdir/hadoop-ozone/integration-test/target/test-dir/MiniOzoneClusterImpl-695552eb-70e7-4800-ab80-1fd0bd7a96c2/datanode-0/data/ratis/bc1fcdc4-6ba1-4776-9aa0-8bb45a8191f0/sm/snapshot.1_18 time:3769
2019-08-20 14:56:19,078 INFO  impl.StateMachineUpdater (StateMachineUpdater.java:takeSnapshot(242)) - StateMachineUpdater:9b0e08c1-4d9b-40d6-b4a2-45180464a3fb:group-8BB45A8191F0: Took a snapshot at index 18
2019-08-20 14:56:19,078 INFO  impl.StateMachineUpdater (StateMachineUpdater.java:lambda$new$0(80)) - StateMachineUpdater:9b0e08c1-4d9b-40d6-b4a2-45180464a3fb:group-8BB45A8191F0: snapshotIndex: updateIncreasingly -1 -> 18
2019-08-20 14:56:19,078 INFO  impl.RaftServerImpl (ServerState.java:close(394)) - 9b0e08c1-4d9b-40d6-b4a2-45180464a3fb:group-8BB45A8191F0 closes. The last applied log index is 20
2019-08-20 14:56:19,079 INFO  segmented.SegmentedRaftLogWorker (SegmentedRaftLogWorker.java:run(313)) - 9b0e08c1-4d9b-40d6-b4a2-45180464a3fb-SegmentedRaftLogWorker:Storage Directory /workdir/hadoop-ozone/integration-test/target/test-dir/MiniOzoneClusterImpl-695552eb-70e7-4800-ab80-1fd0bd7a96c2/datanode-0/data/ratis/bc1fcdc4-6ba1-4776-9aa0-8bb45a8191f0 was interrupted, exiting. There are 0 tasks remaining in the queue.
2019-08-20 14:56:19,090 INFO  segmented.SegmentedRaftLogWorker (SegmentedRaftLogWorker.java:close(228)) - 9b0e08c1-4d9b-40d6-b4a2-45180464a3fb-SegmentedRaftLogWorker:Storage Directory /workdir/hadoop-ozone/integration-test/target/test-dir/MiniOzoneClusterImpl-695552eb-70e7-4800-ab80-1fd0bd7a96c2/datanode-0/data/ratis/bc1fcdc4-6ba1-4776-9aa0-8bb45a8191f0 close()
2019-08-20 14:56:19,092 INFO  impl.RaftServerImpl (RaftServerImpl.java:lambda$shutdown$3(245)) - 9b0e08c1-4d9b-40d6-b4a2-45180464a3fb: shutdown group-F8D8E3EBC3EB
2019-08-20 14:56:19,093 INFO  util.JmxRegister (JmxRegister.java:unregister(73)) - Successfully un-registered JMX Bean with object name Ratis:service=RaftServer,group=group-F8D8E3EBC3EB,id=9b0e08c1-4d9b-40d6-b4a2-45180464a3fb
2019-08-20 14:56:19,093 INFO  impl.RoleInfo (RoleInfo.java:shutdownLeaderState(104)) - 9b0e08c1-4d9b-40d6-b4a2-45180464a3fb: shutdown LeaderState
2019-08-20 14:56:19,093 INFO  impl.PendingRequests (PendingRequests.java:sendNotLeaderResponses(202)) - 9b0e08c1-4d9b-40d6-b4a2-45180464a3fb-PendingRequests: sendNotLeaderResponses
2019-08-20 14:56:19,094 INFO  impl.StateMachineUpdater (StateMachineUpdater.java:stopAndJoin(115)) - StateMachineUpdater:9b0e08c1-4d9b-40d6-b4a2-45180464a3fb:group-F8D8E3EBC3EB: set stopIndex = 0
2019-08-20 14:56:19,094 INFO  impl.RaftServerImpl (ServerState.java:close(394)) - 9b0e08c1-4d9b-40d6-b4a2-45180464a3fb:group-F8D8E3EBC3EB closes. The last applied log index is 0
2019-08-20 14:56:19,094 INFO  segmented.SegmentedRaftLogWorker (SegmentedRaftLogWorker.java:run(313)) - 9b0e08c1-4d9b-40d6-b4a2-45180464a3fb-SegmentedRaftLogWorker:Storage Directory /workdir/hadoop-ozone/integration-test/target/test-dir/MiniOzoneClusterImpl-695552eb-70e7-4800-ab80-1fd0bd7a96c2/datanode-0/data/ratis/174821c9-7f17-4a50-9251-f8d8e3ebc3eb was interrupted, exiting. There are 0 tasks remaining in the queue.
2019-08-20 14:56:19,096 INFO  segmented.SegmentedRaftLogWorker (SegmentedRaftLogWorker.java:close(228)) - 9b0e08c1-4d9b-40d6-b4a2-45180464a3fb-SegmentedRaftLogWorker:Storage Directory /workdir/hadoop-ozone/integration-test/target/test-dir/MiniOzoneClusterImpl-695552eb-70e7-4800-ab80-1fd0bd7a96c2/datanode-0/data/ratis/174821c9-7f17-4a50-9251-f8d8e3ebc3eb close()
2019-08-20 14:56:19,098 INFO  server.GrpcService (GrpcService.java:closeImpl(155)) - 9b0e08c1-4d9b-40d6-b4a2-45180464a3fb: shutdown server with port 34421 now
2019-08-20 14:56:19,100 INFO  server.GrpcService (GrpcService.java:closeImpl(163)) - 9b0e08c1-4d9b-40d6-b4a2-45180464a3fb: shutdown server with port 34421 successfully
2019-08-20 14:56:19,101 INFO  utils.BackgroundService (BackgroundService.java:shutdown(148)) - Shutting down service BlockDeletingService
2019-08-20 14:56:19,111 WARN  fs.CachingGetSpaceUsed (CachingGetSpaceUsed.java:run(183)) - Thread Interrupted waiting to refresh disk information: sleep interrupted
2019-08-20 14:56:19,129 INFO  statemachine.DatanodeStateMachine (DatanodeStateMachine.java:stopDaemon(395)) - Ozone container server stopped.
2019-08-20 14:56:19,131 INFO  handler.ContextHandler (ContextHandler.java:doStop(910)) - Stopped o.e.j.w.WebAppContext@33899f7a{/,null,UNAVAILABLE}{/hddsDatanode}
2019-08-20 14:56:19,131 INFO  server.AbstractConnector (AbstractConnector.java:doStop(318)) - Stopped ServerConnector@7899de11{HTTP/1.1,[http/1.1]}{0.0.0.0:0}
2019-08-20 14:56:19,131 INFO  handler.ContextHandler (ContextHandler.java:doStop(910)) - Stopped o.e.j.s.ServletContextHandler@7718a40f{/static,jar:file:/home/user/.m2/repository/org/apache/hadoop/hadoop-hdds-container-service/0.5.0-SNAPSHOT/hadoop-hdds-container-service-0.5.0-SNAPSHOT.jar!/webapps/static,UNAVAILABLE}
2019-08-20 14:56:19,132 INFO  handler.ContextHandler (ContextHandler.java:doStop(910)) - Stopped o.e.j.s.ServletContextHandler@7efd28bd{/logs,file:///workdir/hadoop-ozone/integration-test/target/log,UNAVAILABLE}
2019-08-20 14:56:23,194 WARN  io.KeyOutputStream (KeyOutputStream.java:handleException(276)) - Encountered exception java.io.IOException: Unexpected Storage Container Exception: java.util.concurrent.CompletionException: java.util.concurrent.CompletionException: org.apache.ratis.protocol.RaftRetryFailureException: Failed RaftClientRequest:client-4C5D7964B77F->9b0e08c1-4d9b-40d6-b4a2-45180464a3fb@group-8BB45A8191F0, cid=28, seq=11*, RW, org.apache.hadoop.hdds.scm.XceiverClientRatis$$Lambda$316/595273810@75df263f for 5 attempts with RetryLimited(maxAttempts=5, sleepTime=1000ms) on the pipeline Pipeline[ Id: bc1fcdc4-6ba1-4776-9aa0-8bb45a8191f0, Nodes: a649f690-d225-45d2-88c7-52634dd1991d{ip: 192.168.69.107, host: pr-hdds-1054-6hltv-2752131155, networkLocation: /default-rack, certSerialId: null}9b0e08c1-4d9b-40d6-b4a2-45180464a3fb{ip: 192.168.69.107, host: pr-hdds-1054-6hltv-2752131155, networkLocation: /default-rack, certSerialId: null}9f9ca74d-fc7b-4259-86d4-3ed441e955cd{ip: 192.168.69.107, host: pr-hdds-1054-6hltv-2752131155, networkLocation: /default-rack, certSerialId: null}, Type:RATIS, Factor:THREE, State:OPEN]. The last committed block length is 1048576, uncommitted data length is 1048576 retry count 0
2019-08-20 14:56:23,209 WARN  block.BlockManagerImpl (BlockManagerImpl.java:allocateBlock(192)) - Pipeline creation failed for type:RATIS factor:THREE. Retrying get pipelines call once.
org.apache.hadoop.hdds.scm.pipeline.InsufficientDatanodesException: Cannot create pipeline of factor 3 using 0 nodes.
	at org.apache.hadoop.hdds.scm.pipeline.RatisPipelineProvider.create(RatisPipelineProvider.java:151)
	at org.apache.hadoop.hdds.scm.pipeline.PipelineFactory.create(PipelineFactory.java:57)
	at org.apache.hadoop.hdds.scm.pipeline.SCMPipelineManager.createPipeline(SCMPipelineManager.java:149)
	at org.apache.hadoop.hdds.scm.block.BlockManagerImpl.allocateBlock(BlockManagerImpl.java:190)
	at org.apache.hadoop.hdds.scm.server.SCMBlockProtocolServer.allocateBlock(SCMBlockProtocolServer.java:175)
	at org.apache.hadoop.ozone.protocolPB.ScmBlockLocationProtocolServerSideTranslatorPB.allocateScmBlock(ScmBlockLocationProtocolServerSideTranslatorPB.java:153)
	at org.apache.hadoop.ozone.protocolPB.ScmBlockLocationProtocolServerSideTranslatorPB.send(ScmBlockLocationProtocolServerSideTranslatorPB.java:112)
	at org.apache.hadoop.hdds.protocol.proto.ScmBlockLocationProtocolProtos$ScmBlockLocationProtocolService$2.callBlockingMethod(ScmBlockLocationProtocolProtos.java:13157)
	at org.apache.hadoop.ipc.ProtobufRpcEngine$Server$ProtoBufRpcInvoker.call(ProtobufRpcEngine.java:524)
	at org.apache.hadoop.ipc.RPC$Server.call(RPC.java:1025)
	at org.apache.hadoop.ipc.Server$RpcCall.run(Server.java:876)
	at org.apache.hadoop.ipc.Server$RpcCall.run(Server.java:822)
	at java.security.AccessController.doPrivileged(Native Method)
	at javax.security.auth.Subject.doAs(Subject.java:422)
	at org.apache.hadoop.security.UserGroupInformation.doAs(UserGroupInformation.java:1730)
	at org.apache.hadoop.ipc.Server$Handler.run(Server.java:2682)
2019-08-20 14:56:23,212 INFO  block.BlockManagerImpl (BlockManagerImpl.java:allocateBlock(198)) - Could not find available pipeline of type:RATIS and factor:THREE even after retrying
2019-08-20 14:56:23,212 ERROR block.BlockManagerImpl (BlockManagerImpl.java:allocateBlock(222)) - Unable to allocate a block for the size: 4194304, type: RATIS, factor: THREE
14:56:23.216 [IPC Server handler 18 on 40191] ERROR OMAudit - user=jenkins1000 | ip=127.0.0.1 | op=ALLOCATE_BLOCK {volume=datanodefailurehandlingtest, bucket=datanodefailurehandlingtest, key=ratis3, dataSize=0, replicationType=null, replicationFactor=null, keyLocationInfo=null, clientID=102649886159994880} | ret=FAILURE
org.apache.hadoop.hdds.scm.exceptions.SCMException: Allocated 0 blocks. Requested 1 blocks
	at org.apache.hadoop.hdds.scm.protocolPB.ScmBlockLocationProtocolClientSideTranslatorPB.handleError(ScmBlockLocationProtocolClientSideTranslatorPB.java:118) ~[hadoop-hdds-common-0.5.0-SNAPSHOT.jar:?]
	at org.apache.hadoop.hdds.scm.protocolPB.ScmBlockLocationProtocolClientSideTranslatorPB.allocateBlock(ScmBlockLocationProtocolClientSideTranslatorPB.java:156) ~[hadoop-hdds-common-0.5.0-SNAPSHOT.jar:?]
	at sun.reflect.NativeMethodAccessorImpl.invoke0(Native Method) ~[?:1.8.0_212]
	at sun.reflect.NativeMethodAccessorImpl.invoke(NativeMethodAccessorImpl.java:62) ~[?:1.8.0_212]
	at sun.reflect.DelegatingMethodAccessorImpl.invoke(DelegatingMethodAccessorImpl.java:43) ~[?:1.8.0_212]
	at java.lang.reflect.Method.invoke(Method.java:498) ~[?:1.8.0_212]
	at org.apache.hadoop.hdds.tracing.TraceAllMethod.invoke(TraceAllMethod.java:66) ~[hadoop-hdds-common-0.5.0-SNAPSHOT.jar:?]
	at com.sun.proxy.$Proxy25.allocateBlock(Unknown Source) ~[?:?]
	at org.apache.hadoop.ozone.om.KeyManagerImpl.allocateBlock(KeyManagerImpl.java:336) ~[hadoop-ozone-ozone-manager-0.5.0-SNAPSHOT.jar:?]
	at org.apache.hadoop.ozone.om.KeyManagerImpl.allocateBlock(KeyManagerImpl.java:307) ~[hadoop-ozone-ozone-manager-0.5.0-SNAPSHOT.jar:?]
	at org.apache.hadoop.ozone.om.OzoneManager.allocateBlock(OzoneManager.java:2298) [hadoop-ozone-ozone-manager-0.5.0-SNAPSHOT.jar:?]
	at org.apache.hadoop.ozone.protocolPB.OzoneManagerRequestHandler.allocateBlock(OzoneManagerRequestHandler.java:747) [hadoop-ozone-ozone-manager-0.5.0-SNAPSHOT.jar:?]
	at org.apache.hadoop.ozone.protocolPB.OzoneManagerRequestHandler.handle(OzoneManagerRequestHandler.java:244) [hadoop-ozone-ozone-manager-0.5.0-SNAPSHOT.jar:?]
	at org.apache.hadoop.ozone.protocolPB.OzoneManagerProtocolServerSideTranslatorPB.submitRequestDirectlyToOM(OzoneManagerProtocolServerSideTranslatorPB.java:200) [hadoop-ozone-ozone-manager-0.5.0-SNAPSHOT.jar:?]
	at org.apache.hadoop.ozone.protocolPB.OzoneManagerProtocolServerSideTranslatorPB.submitRequest(OzoneManagerProtocolServerSideTranslatorPB.java:118) [hadoop-ozone-ozone-manager-0.5.0-SNAPSHOT.jar:?]
	at org.apache.hadoop.ozone.protocol.proto.OzoneManagerProtocolProtos$OzoneManagerService$2.callBlockingMethod(OzoneManagerProtocolProtos.java) [hadoop-ozone-common-0.5.0-SNAPSHOT.jar:?]
	at org.apache.hadoop.ipc.ProtobufRpcEngine$Server$ProtoBufRpcInvoker.call(ProtobufRpcEngine.java:524) [hadoop-common-3.2.0.jar:?]
	at org.apache.hadoop.ipc.RPC$Server.call(RPC.java:1025) [hadoop-common-3.2.0.jar:?]
	at org.apache.hadoop.ipc.Server$RpcCall.run(Server.java:876) [hadoop-common-3.2.0.jar:?]
	at org.apache.hadoop.ipc.Server$RpcCall.run(Server.java:822) [hadoop-common-3.2.0.jar:?]
	at java.security.AccessController.doPrivileged(Native Method) [?:1.8.0_212]
	at javax.security.auth.Subject.doAs(Subject.java:422) [?:1.8.0_212]
	at org.apache.hadoop.security.UserGroupInformation.doAs(UserGroupInformation.java:1730) [hadoop-common-3.2.0.jar:?]
	at org.apache.hadoop.ipc.Server$Handler.run(Server.java:2682) [hadoop-common-3.2.0.jar:?]
2019-08-20 14:56:23,229 ERROR io.BlockOutputStreamEntryPool (BlockOutputStreamEntryPool.java:allocateBlockIfNeeded(299)) - Try to allocate more blocks for write failed, already allocated 0 blocks for this write.
INTERNAL_ERROR org.apache.hadoop.ozone.om.exceptions.OMException: Allocated 0 blocks. Requested 1 blocks
	at org.apache.hadoop.ozone.om.protocolPB.OzoneManagerProtocolClientSideTranslatorPB.handleError(OzoneManagerProtocolClientSideTranslatorPB.java:725)
	at org.apache.hadoop.ozone.om.protocolPB.OzoneManagerProtocolClientSideTranslatorPB.allocateBlock(OzoneManagerProtocolClientSideTranslatorPB.java:757)
	at org.apache.hadoop.ozone.client.io.BlockOutputStreamEntryPool.allocateNewBlock(BlockOutputStreamEntryPool.java:248)
	at org.apache.hadoop.ozone.client.io.BlockOutputStreamEntryPool.allocateBlockIfNeeded(BlockOutputStreamEntryPool.java:296)
	at org.apache.hadoop.ozone.client.io.KeyOutputStream.handleWrite(KeyOutputStream.java:201)
	at org.apache.hadoop.ozone.client.io.KeyOutputStream.handleRetry(KeyOutputStream.java:376)
	at org.apache.hadoop.ozone.client.io.KeyOutputStream.handleException(KeyOutputStream.java:325)
	at org.apache.hadoop.ozone.client.io.KeyOutputStream.handleWrite(KeyOutputStream.java:231)
	at org.apache.hadoop.ozone.client.io.KeyOutputStream.write(KeyOutputStream.java:193)
	at org.apache.hadoop.ozone.client.io.OzoneOutputStream.write(OzoneOutputStream.java:49)
	at java.io.OutputStream.write(OutputStream.java:75)
	at org.apache.hadoop.ozone.client.rpc.TestMultiBlockWritesWithDnFailures.testMultiBlockWritesWithDnFailures(TestMultiBlockWritesWithDnFailures.java:144)
	at sun.reflect.NativeMethodAccessorImpl.invoke0(Native Method)
	at sun.reflect.NativeMethodAccessorImpl.invoke(NativeMethodAccessorImpl.java:62)
	at sun.reflect.DelegatingMethodAccessorImpl.invoke(DelegatingMethodAccessorImpl.java:43)
	at java.lang.reflect.Method.invoke(Method.java:498)
	at org.junit.runners.model.FrameworkMethod$1.runReflectiveCall(FrameworkMethod.java:47)
	at org.junit.internal.runners.model.ReflectiveCallable.run(ReflectiveCallable.java:12)
	at org.junit.runners.model.FrameworkMethod.invokeExplosively(FrameworkMethod.java:44)
	at org.junit.internal.runners.statements.InvokeMethod.evaluate(InvokeMethod.java:17)
	at org.junit.runners.ParentRunner.runLeaf(ParentRunner.java:271)
	at org.junit.runners.BlockJUnit4ClassRunner.runChild(BlockJUnit4ClassRunner.java:70)
	at org.junit.runners.BlockJUnit4ClassRunner.runChild(BlockJUnit4ClassRunner.java:50)
	at org.junit.runners.ParentRunner$3.run(ParentRunner.java:238)
	at org.junit.runners.ParentRunner$1.schedule(ParentRunner.java:63)
	at org.junit.runners.ParentRunner.runChildren(ParentRunner.java:236)
	at org.junit.runners.ParentRunner.access$000(ParentRunner.java:53)
	at org.junit.runners.ParentRunner$2.evaluate(ParentRunner.java:229)
	at org.junit.runners.ParentRunner.run(ParentRunner.java:309)
	at org.apache.maven.surefire.junit4.JUnit4Provider.execute(JUnit4Provider.java:365)
	at org.apache.maven.surefire.junit4.JUnit4Provider.executeWithRerun(JUnit4Provider.java:273)
	at org.apache.maven.surefire.junit4.JUnit4Provider.executeTestSet(JUnit4Provider.java:238)
	at org.apache.maven.surefire.junit4.JUnit4Provider.invoke(JUnit4Provider.java:159)
	at org.apache.maven.surefire.booter.ForkedBooter.invokeProviderInSameClassLoader(ForkedBooter.java:384)
	at org.apache.maven.surefire.booter.ForkedBooter.runSuitesInProcess(ForkedBooter.java:345)
	at org.apache.maven.surefire.booter.ForkedBooter.execute(ForkedBooter.java:126)
	at org.apache.maven.surefire.booter.ForkedBooter.main(ForkedBooter.java:418)
]]></system-out>
    <system-err><![CDATA[ERROR StatusLogger No Log4j 2 configuration file found. Using default configuration (logging only errors to the console), or user programmatically provided configurations. Set system property 'log4j2.debug' to show Log4j 2 internal initialization logging. See https://logging.apache.org/log4j/2.x/manual/configuration.html for instructions on how to configure Log4j 2
Aug 20, 2019 2:55:52 PM com.sun.jersey.server.impl.application.WebApplicationImpl _initiate
INFO: Initiating Jersey application, version 'Jersey: 1.19 02/11/2015 03:25 AM'
Aug 20, 2019 2:55:53 PM com.sun.jersey.server.impl.application.WebApplicationImpl _initiate
INFO: Initiating Jersey application, version 'Jersey: 1.19 02/11/2015 03:25 AM'
Aug 20, 2019 2:55:53 PM com.sun.jersey.server.impl.application.WebApplicationImpl _initiate
INFO: Initiating Jersey application, version 'Jersey: 1.19 02/11/2015 03:25 AM'
Aug 20, 2019 2:55:54 PM com.sun.jersey.server.impl.application.WebApplicationImpl _initiate
INFO: Initiating Jersey application, version 'Jersey: 1.19 02/11/2015 03:25 AM'
Aug 20, 2019 2:55:54 PM com.sun.jersey.server.impl.application.WebApplicationImpl _initiate
INFO: Initiating Jersey application, version 'Jersey: 1.19 02/11/2015 03:25 AM'
Aug 20, 2019 2:55:54 PM com.sun.jersey.server.impl.application.WebApplicationImpl _initiate
INFO: Initiating Jersey application, version 'Jersey: 1.19 02/11/2015 03:25 AM'
]]></system-err>
  </testcase>
</testsuite>