<?xml version="1.0" encoding="UTF-8"?>
<testsuite xmlns:xsi="http://www.w3.org/2001/XMLSchema-instance" xsi:noNamespaceSchemaLocation="https://maven.apache.org/surefire/maven-surefire-plugin/xsd/surefire-test-report.xsd" name="org.apache.hadoop.ozone.client.rpc.TestBlockOutputStreamWithFailures" time="786.779" tests="8" errors="0" skipped="0" failures="1">
  <properties>
    <property name="awt.toolkit" value="sun.awt.X11.XToolkit"/>
    <property name="file.encoding.pkg" value="sun.io"/>
    <property name="java.specification.version" value="1.8"/>
    <property name="sun.cpu.isalist" value=""/>
    <property name="sun.jnu.encoding" value="UTF-8"/>
    <property name="java.class.path" value="/workdir/hadoop-ozone/integration-test/target/test-classes:/workdir/hadoop-ozone/integration-test/target/classes:/home/user/.m2/repository/org/apache/hadoop/hadoop-ozone-common/0.5.0-SNAPSHOT/hadoop-ozone-common-0.5.0-SNAPSHOT.jar:/home/user/.m2/repository/org/apache/commons/commons-compress/1.4.1/commons-compress-1.4.1.jar:/home/user/.m2/repository/org/tukaani/xz/1.0/xz-1.0.jar:/home/user/.m2/repository/org/apache/hadoop/hadoop-common/3.2.0/hadoop-common-3.2.0.jar:/home/user/.m2/repository/org/apache/hadoop/hadoop-hdfs/3.2.0/hadoop-hdfs-3.2.0.jar:/home/user/.m2/repository/org/apache/hadoop/hadoop-hdfs-client/3.2.0/hadoop-hdfs-client-3.2.0.jar:/home/user/.m2/repository/com/fasterxml/jackson/core/jackson-annotations/2.9.5/jackson-annotations-2.9.5.jar:/home/user/.m2/repository/org/apache/hadoop/hadoop-hdds-common/0.5.0-SNAPSHOT/hadoop-hdds-common-0.5.0-SNAPSHOT.jar:/home/user/.m2/repository/javax/annotation/javax.annotation-api/1.2/javax.annotation-api-1.2.jar:/home/user/.m2/repository/org/apache/ratis/ratis-server/0.4.0-2337318-SNAPSHOT/ratis-server-0.4.0-2337318-SNAPSHOT.jar:/home/user/.m2/repository/org/apache/ratis/ratis-thirdparty-misc/0.2.0/ratis-thirdparty-misc-0.2.0.jar:/home/user/.m2/repository/org/apache/ratis/ratis-proto/0.4.0-2337318-SNAPSHOT/ratis-proto-0.4.0-2337318-SNAPSHOT.jar:/home/user/.m2/repository/org/apache/ratis/ratis-common/0.4.0-2337318-SNAPSHOT/ratis-common-0.4.0-2337318-SNAPSHOT.jar:/home/user/.m2/repository/org/apache/ratis/ratis-client/0.4.0-2337318-SNAPSHOT/ratis-client-0.4.0-2337318-SNAPSHOT.jar:/home/user/.m2/repository/org/apache/ratis/ratis-metrics/0.4.0-2337318-SNAPSHOT/ratis-metrics-0.4.0-2337318-SNAPSHOT.jar:/home/user/.m2/repository/org/apache/ratis/ratis-netty/0.4.0-2337318-SNAPSHOT/ratis-netty-0.4.0-2337318-SNAPSHOT.jar:/home/user/.m2/repository/org/apache/ratis/ratis-grpc/0.4.0-2337318-SNAPSHOT/ratis-grpc-0.4.0-2337318-SNAPSHOT.jar:/home/user/.m2/repository/org/rocksdb/rocksdbjni/6.0.1/rocksdbjni-6.0.1.jar:/home/user/.m2/repository/org/apache/logging/log4j/log4j-api/2.11.0/log4j-api-2.11.0.jar:/home/user/.m2/repository/org/apache/logging/log4j/log4j-core/2.11.0/log4j-core-2.11.0.jar:/home/user/.m2/repository/com/lmax/disruptor/3.4.2/disruptor-3.4.2.jar:/home/user/.m2/repository/org/apache/commons/commons-pool2/2.6.0/commons-pool2-2.6.0.jar:/home/user/.m2/repository/org/bouncycastle/bcpkix-jdk15on/1.60/bcpkix-jdk15on-1.60.jar:/home/user/.m2/repository/commons-validator/commons-validator/1.6/commons-validator-1.6.jar:/home/user/.m2/repository/commons-digester/commons-digester/1.8.1/commons-digester-1.8.1.jar:/home/user/.m2/repository/io/jaegertracing/jaeger-client/0.33.1/jaeger-client-0.33.1.jar:/home/user/.m2/repository/io/jaegertracing/jaeger-thrift/0.33.1/jaeger-thrift-0.33.1.jar:/home/user/.m2/repository/org/apache/thrift/libthrift/0.11.0/libthrift-0.11.0.jar:/home/user/.m2/repository/com/squareup/okhttp3/okhttp/3.9.0/okhttp-3.9.0.jar:/home/user/.m2/repository/com/squareup/okio/okio/1.13.0/okio-1.13.0.jar:/home/user/.m2/repository/io/jaegertracing/jaeger-core/0.33.1/jaeger-core-0.33.1.jar:/home/user/.m2/repository/io/jaegertracing/jaeger-tracerresolver/0.33.1/jaeger-tracerresolver-0.33.1.jar:/home/user/.m2/repository/io/opentracing/contrib/opentracing-tracerresolver/0.1.5/opentracing-tracerresolver-0.1.5.jar:/home/user/.m2/repository/io/opentracing/opentracing-util/0.31.0/opentracing-util-0.31.0.jar:/home/user/.m2/repository/io/opentracing/opentracing-api/0.31.0/opentracing-api-0.31.0.jar:/home/user/.m2/repository/io/opentracing/opentracing-noop/0.31.0/opentracing-noop-0.31.0.jar:/home/user/.m2/repository/org/apache/hadoop/hadoop-hdds-server-framework/0.5.0-SNAPSHOT/hadoop-hdds-server-framework-0.5.0-SNAPSHOT.jar:/home/user/.m2/repository/org/apache/hadoop/hadoop-hdds-container-service/0.5.0-SNAPSHOT/hadoop-hdds-container-service-0.5.0-SNAPSHOT.jar:/home/user/.m2/repository/org/apache/hadoop/hadoop-hdds-client/0.5.0-SNAPSHOT/hadoop-hdds-client-0.5.0-SNAPSHOT.jar:/home/user/.m2/repository/org/apache/hadoop/hadoop-hdds-tools/0.5.0-SNAPSHOT/hadoop-hdds-tools-0.5.0-SNAPSHOT.jar:/home/user/.m2/repository/org/apache/hadoop/hadoop-hdds-server-scm/0.5.0-SNAPSHOT/hadoop-hdds-server-scm-0.5.0-SNAPSHOT.jar:/home/user/.m2/repository/org/apache/hadoop/hadoop-hdds-docs/0.5.0-SNAPSHOT/hadoop-hdds-docs-0.5.0-SNAPSHOT.jar:/home/user/.m2/repository/io/dropwizard/metrics/metrics-core/3.2.4/metrics-core-3.2.4.jar:/home/user/.m2/repository/org/hamcrest/hamcrest-all/1.3/hamcrest-all-1.3.jar:/home/user/.m2/repository/org/bouncycastle/bcprov-jdk15on/1.60/bcprov-jdk15on-1.60.jar:/home/user/.m2/repository/info/picocli/picocli/3.9.6/picocli-3.9.6.jar:/home/user/.m2/repository/com/google/protobuf/protobuf-java/2.5.0/protobuf-java-2.5.0.jar:/home/user/.m2/repository/com/google/guava/guava/11.0.2/guava-11.0.2.jar:/home/user/.m2/repository/org/apache/hadoop/hadoop-ozone-ozone-manager/0.5.0-SNAPSHOT/hadoop-ozone-ozone-manager-0.5.0-SNAPSHOT.jar:/home/user/.m2/repository/org/apache/hadoop/hadoop-minikdc/3.2.0/hadoop-minikdc-3.2.0.jar:/home/user/.m2/repository/commons-io/commons-io/2.5/commons-io-2.5.jar:/home/user/.m2/repository/org/apache/kerby/kerb-simplekdc/1.0.1/kerb-simplekdc-1.0.1.jar:/home/user/.m2/repository/org/apache/kerby/kerb-client/1.0.1/kerb-client-1.0.1.jar:/home/user/.m2/repository/org/apache/kerby/kerby-config/1.0.1/kerby-config-1.0.1.jar:/home/user/.m2/repository/org/apache/kerby/kerb-core/1.0.1/kerb-core-1.0.1.jar:/home/user/.m2/repository/org/apache/kerby/kerby-pkix/1.0.1/kerby-pkix-1.0.1.jar:/home/user/.m2/repository/org/apache/kerby/kerby-asn1/1.0.1/kerby-asn1-1.0.1.jar:/home/user/.m2/repository/org/apache/kerby/kerby-util/1.0.1/kerby-util-1.0.1.jar:/home/user/.m2/repository/org/apache/kerby/kerb-common/1.0.1/kerb-common-1.0.1.jar:/home/user/.m2/repository/org/apache/kerby/kerb-crypto/1.0.1/kerb-crypto-1.0.1.jar:/home/user/.m2/repository/org/apache/kerby/kerb-util/1.0.1/kerb-util-1.0.1.jar:/home/user/.m2/repository/org/apache/kerby/token-provider/1.0.1/token-provider-1.0.1.jar:/home/user/.m2/repository/org/apache/kerby/kerb-admin/1.0.1/kerb-admin-1.0.1.jar:/home/user/.m2/repository/org/apache/kerby/kerb-server/1.0.1/kerb-server-1.0.1.jar:/home/user/.m2/repository/org/apache/kerby/kerb-identity/1.0.1/kerb-identity-1.0.1.jar:/home/user/.m2/repository/org/apache/kerby/kerby-xdr/1.0.1/kerby-xdr-1.0.1.jar:/home/user/.m2/repository/org/slf4j/slf4j-log4j12/1.7.25/slf4j-log4j12-1.7.25.jar:/home/user/.m2/repository/org/apache/hadoop/hadoop-ozone-objectstore-service/0.5.0-SNAPSHOT/hadoop-ozone-objectstore-service-0.5.0-SNAPSHOT.jar:/home/user/.m2/repository/org/apache/hadoop/hadoop-ozone-s3gateway/0.5.0-SNAPSHOT/hadoop-ozone-s3gateway-0.5.0-SNAPSHOT.jar:/home/user/.m2/repository/org/jboss/weld/servlet/weld-servlet/2.4.7.Final/weld-servlet-2.4.7.Final.jar:/home/user/.m2/repository/org/glassfish/jersey/containers/jersey-container-servlet-core/2.27/jersey-container-servlet-core-2.27.jar:/home/user/.m2/repository/org/glassfish/hk2/external/javax.inject/2.5.0-b42/javax.inject-2.5.0-b42.jar:/home/user/.m2/repository/org/glassfish/jersey/core/jersey-common/2.27/jersey-common-2.27.jar:/home/user/.m2/repository/org/glassfish/hk2/osgi-resource-locator/1.0.1/osgi-resource-locator-1.0.1.jar:/home/user/.m2/repository/javax/ws/rs/javax.ws.rs-api/2.1/javax.ws.rs-api-2.1.jar:/home/user/.m2/repository/org/glassfish/jersey/ext/cdi/jersey-cdi1x/2.27/jersey-cdi1x-2.27.jar:/home/user/.m2/repository/org/glassfish/jersey/inject/jersey-hk2/2.27/jersey-hk2-2.27.jar:/home/user/.m2/repository/org/glassfish/hk2/hk2-locator/2.5.0-b42/hk2-locator-2.5.0-b42.jar:/home/user/.m2/repository/org/javassist/javassist/3.22.0-CR2/javassist-3.22.0-CR2.jar:/home/user/.m2/repository/org/glassfish/hk2/hk2-api/2.5.0/hk2-api-2.5.0.jar:/home/user/.m2/repository/org/glassfish/hk2/external/jakarta.inject/2.5.0/jakarta.inject-2.5.0.jar:/home/user/.m2/repository/org/glassfish/hk2/hk2-utils/2.5.0/hk2-utils-2.5.0.jar:/home/user/.m2/repository/jakarta/annotation/jakarta.annotation-api/1.3.4/jakarta.annotation-api-1.3.4.jar:/home/user/.m2/repository/org/glassfish/hk2/external/aopalliance-repackaged/2.5.0/aopalliance-repackaged-2.5.0.jar:/home/user/.m2/repository/com/fasterxml/jackson/dataformat/jackson-dataformat-xml/2.9.0/jackson-dataformat-xml-2.9.0.jar:/home/user/.m2/repository/com/fasterxml/jackson/core/jackson-core/2.9.5/jackson-core-2.9.5.jar:/home/user/.m2/repository/com/fasterxml/jackson/module/jackson-module-jaxb-annotations/2.9.5/jackson-module-jaxb-annotations-2.9.5.jar:/home/user/.m2/repository/javax/enterprise/cdi-api/1.2/cdi-api-1.2.jar:/home/user/.m2/repository/javax/el/javax.el-api/3.0.0/javax.el-api-3.0.0.jar:/home/user/.m2/repository/javax/interceptor/javax.interceptor-api/1.2/javax.interceptor-api-1.2.jar:/home/user/.m2/repository/javax/inject/javax.inject/1/javax.inject-1.jar:/home/user/.m2/repository/com/sun/xml/bind/jaxb-impl/2.3.0.1/jaxb-impl-2.3.0.1.jar:/home/user/.m2/repository/com/sun/xml/bind/jaxb-core/2.3.0.1/jaxb-core-2.3.0.1.jar:/home/user/.m2/repository/javax/xml/bind/jaxb-api/2.3.0/jaxb-api-2.3.0.jar:/home/user/.m2/repository/javax/activation/activation/1.1.1/activation-1.1.1.jar:/home/user/.m2/repository/org/apache/hadoop/hadoop-ozone-csi/0.5.0-SNAPSHOT/hadoop-ozone-csi-0.5.0-SNAPSHOT.jar:/home/user/.m2/repository/com/google/protobuf/protobuf-java-util/3.5.1/protobuf-java-util-3.5.1.jar:/home/user/.m2/repository/org/apache/hadoop/hadoop-hdds-config/0.5.0-SNAPSHOT/hadoop-hdds-config-0.5.0-SNAPSHOT.jar:/home/user/.m2/repository/io/grpc/grpc-netty/1.17.1/grpc-netty-1.17.1.jar:/home/user/.m2/repository/io/grpc/grpc-core/1.17.1/grpc-core-1.17.1.jar:/home/user/.m2/repository/io/grpc/grpc-context/1.17.1/grpc-context-1.17.1.jar:/home/user/.m2/repository/com/google/errorprone/error_prone_annotations/2.2.0/error_prone_annotations-2.2.0.jar:/home/user/.m2/repository/org/codehaus/mojo/animal-sniffer-annotations/1.17/animal-sniffer-annotations-1.17.jar:/home/user/.m2/repository/io/opencensus/opencensus-api/0.17.0/opencensus-api-0.17.0.jar:/home/user/.m2/repository/io/opencensus/opencensus-contrib-grpc-metrics/0.17.0/opencensus-contrib-grpc-metrics-0.17.0.jar:/home/user/.m2/repository/io/netty/netty-codec-http2/4.1.30.Final/netty-codec-http2-4.1.30.Final.jar:/home/user/.m2/repository/io/netty/netty-codec-http/4.1.30.Final/netty-codec-http-4.1.30.Final.jar:/home/user/.m2/repository/io/netty/netty-codec/4.1.30.Final/netty-codec-4.1.30.Final.jar:/home/user/.m2/repository/io/netty/netty-handler/4.1.30.Final/netty-handler-4.1.30.Final.jar:/home/user/.m2/repository/io/netty/netty-handler-proxy/4.1.30.Final/netty-handler-proxy-4.1.30.Final.jar:/home/user/.m2/repository/io/netty/netty-codec-socks/4.1.30.Final/netty-codec-socks-4.1.30.Final.jar:/home/user/.m2/repository/io/netty/netty-transport-native-epoll/4.1.30.Final/netty-transport-native-epoll-4.1.30.Final.jar:/home/user/.m2/repository/io/netty/netty-common/4.1.30.Final/netty-common-4.1.30.Final.jar:/home/user/.m2/repository/io/netty/netty-buffer/4.1.30.Final/netty-buffer-4.1.30.Final.jar:/home/user/.m2/repository/io/netty/netty-transport/4.1.30.Final/netty-transport-4.1.30.Final.jar:/home/user/.m2/repository/io/netty/netty-resolver/4.1.30.Final/netty-resolver-4.1.30.Final.jar:/home/user/.m2/repository/io/netty/netty-transport-native-unix-common/4.1.30.Final/netty-transport-native-unix-common-4.1.30.Final.jar:/home/user/.m2/repository/io/grpc/grpc-protobuf/1.17.1/grpc-protobuf-1.17.1.jar:/home/user/.m2/repository/com/google/api/grpc/proto-google-common-protos/1.0.0/proto-google-common-protos-1.0.0.jar:/home/user/.m2/repository/io/grpc/grpc-protobuf-lite/1.17.1/grpc-protobuf-lite-1.17.1.jar:/home/user/.m2/repository/io/grpc/grpc-stub/1.17.1/grpc-stub-1.17.1.jar:/home/user/.m2/repository/org/apache/hadoop/hadoop-ozone-recon/0.5.0-SNAPSHOT/hadoop-ozone-recon-0.5.0-SNAPSHOT.jar:/home/user/.m2/repository/org/apache/hadoop/hadoop-ozone-reconcodegen/0.5.0-SNAPSHOT/hadoop-ozone-reconcodegen-0.5.0-SNAPSHOT.jar:/home/user/.m2/repository/com/google/inject/extensions/guice-multibindings/4.0/guice-multibindings-4.0.jar:/home/user/.m2/repository/com/google/inject/guice/4.0/guice-4.0.jar:/home/user/.m2/repository/aopalliance/aopalliance/1.0/aopalliance-1.0.jar:/home/user/.m2/repository/com/google/inject/extensions/guice-servlet/4.0/guice-servlet-4.0.jar:/home/user/.m2/repository/org/glassfish/jersey/containers/jersey-container-servlet/2.27/jersey-container-servlet-2.27.jar:/home/user/.m2/repository/org/glassfish/hk2/guice-bridge/2.5.0/guice-bridge-2.5.0.jar:/home/user/.m2/repository/org/glassfish/jersey/core/jersey-server/2.27/jersey-server-2.27.jar:/home/user/.m2/repository/org/glassfish/jersey/core/jersey-client/2.27/jersey-client-2.27.jar:/home/user/.m2/repository/org/glassfish/jersey/media/jersey-media-jaxb/2.27/jersey-media-jaxb-2.27.jar:/home/user/.m2/repository/javax/validation/validation-api/1.1.0.Final/validation-api-1.1.0.Final.jar:/home/user/.m2/repository/org/glassfish/jersey/media/jersey-media-json-jackson/2.27/jersey-media-json-jackson-2.27.jar:/home/user/.m2/repository/org/glassfish/jersey/ext/jersey-entity-filtering/2.27/jersey-entity-filtering-2.27.jar:/home/user/.m2/repository/com/google/inject/extensions/guice-assistedinject/4.0/guice-assistedinject-4.0.jar:/home/user/.m2/repository/org/jooq/jooq/3.11.10/jooq-3.11.10.jar:/home/user/.m2/repository/org/jooq/jooq-meta/3.11.10/jooq-meta-3.11.10.jar:/home/user/.m2/repository/org/jooq/jooq-codegen/3.11.10/jooq-codegen-3.11.10.jar:/home/user/.m2/repository/com/jolbox/bonecp/0.8.0.RELEASE/bonecp-0.8.0.RELEASE.jar:/home/user/.m2/repository/org/xerial/sqlite-jdbc/3.25.2/sqlite-jdbc-3.25.2.jar:/home/user/.m2/repository/org/springframework/spring-jdbc/5.1.3.RELEASE/spring-jdbc-5.1.3.RELEASE.jar:/home/user/.m2/repository/org/springframework/spring-beans/5.1.3.RELEASE/spring-beans-5.1.3.RELEASE.jar:/home/user/.m2/repository/org/springframework/spring-core/5.1.3.RELEASE/spring-core-5.1.3.RELEASE.jar:/home/user/.m2/repository/org/springframework/spring-jcl/5.1.3.RELEASE/spring-jcl-5.1.3.RELEASE.jar:/home/user/.m2/repository/org/springframework/spring-tx/5.1.3.RELEASE/spring-tx-5.1.3.RELEASE.jar:/home/user/.m2/repository/org/apache/hadoop/hadoop-ozone-client/0.5.0-SNAPSHOT/hadoop-ozone-client-0.5.0-SNAPSHOT.jar:/home/user/.m2/repository/commons-lang/commons-lang/2.6/commons-lang-2.6.jar:/home/user/.m2/repository/org/apache/hadoop/hadoop-ozone-ozone-manager/0.5.0-SNAPSHOT/hadoop-ozone-ozone-manager-0.5.0-SNAPSHOT-tests.jar:/home/user/.m2/repository/junit/junit/4.11/junit-4.11.jar:/home/user/.m2/repository/org/hamcrest/hamcrest-core/1.3/hamcrest-core-1.3.jar:/home/user/.m2/repository/org/openjdk/jmh/jmh-core/1.19/jmh-core-1.19.jar:/home/user/.m2/repository/net/sf/jopt-simple/jopt-simple/4.6/jopt-simple-4.6.jar:/home/user/.m2/repository/org/apache/commons/commons-math3/3.1.1/commons-math3-3.1.1.jar:/home/user/.m2/repository/org/openjdk/jmh/jmh-generator-annprocess/1.19/jmh-generator-annprocess-1.19.jar:/home/user/.m2/repository/org/mockito/mockito-all/1.8.5/mockito-all-1.8.5.jar:/home/user/.m2/repository/org/apache/hadoop/hadoop-kms/3.2.0/hadoop-kms-3.2.0.jar:/home/user/.m2/repository/org/apache/hadoop/hadoop-auth/3.2.0/hadoop-auth-3.2.0.jar:/home/user/.m2/repository/com/nimbusds/nimbus-jose-jwt/4.41.1/nimbus-jose-jwt-4.41.1.jar:/home/user/.m2/repository/com/github/stephenc/jcip/jcip-annotations/1.0-1/jcip-annotations-1.0-1.jar:/home/user/.m2/repository/net/minidev/json-smart/2.3/json-smart-2.3.jar:/home/user/.m2/repository/net/minidev/accessors-smart/1.2/accessors-smart-1.2.jar:/home/user/.m2/repository/org/ow2/asm/asm/5.0.4/asm-5.0.4.jar:/home/user/.m2/repository/org/apache/curator/curator-framework/2.12.0/curator-framework-2.12.0.jar:/home/user/.m2/repository/com/sun/jersey/jersey-core/1.19/jersey-core-1.19.jar:/home/user/.m2/repository/javax/ws/rs/jsr311-api/1.1.1/jsr311-api-1.1.1.jar:/home/user/.m2/repository/com/sun/jersey/jersey-server/1.19/jersey-server-1.19.jar:/home/user/.m2/repository/javax/servlet/javax.servlet-api/3.1.0/javax.servlet-api-3.1.0.jar:/home/user/.m2/repository/org/eclipse/jetty/jetty-server/9.3.24.v20180605/jetty-server-9.3.24.v20180605.jar:/home/user/.m2/repository/org/eclipse/jetty/jetty-http/9.3.24.v20180605/jetty-http-9.3.24.v20180605.jar:/home/user/.m2/repository/org/eclipse/jetty/jetty-io/9.3.24.v20180605/jetty-io-9.3.24.v20180605.jar:/home/user/.m2/repository/org/eclipse/jetty/jetty-webapp/9.3.24.v20180605/jetty-webapp-9.3.24.v20180605.jar:/home/user/.m2/repository/org/eclipse/jetty/jetty-xml/9.3.24.v20180605/jetty-xml-9.3.24.v20180605.jar:/home/user/.m2/repository/log4j/log4j/1.2.17/log4j-1.2.17.jar:/home/user/.m2/repository/org/slf4j/slf4j-api/1.7.25/slf4j-api-1.7.25.jar:/home/user/.m2/repository/org/slf4j/jul-to-slf4j/1.7.25/jul-to-slf4j-1.7.25.jar:/home/user/.m2/repository/org/eclipse/jetty/jetty-util/9.3.24.v20180605/jetty-util-9.3.24.v20180605.jar:/home/user/.m2/repository/com/fasterxml/jackson/core/jackson-databind/2.9.5/jackson-databind-2.9.5.jar:/home/user/.m2/repository/org/apache/hadoop/hadoop-kms/3.2.0/hadoop-kms-3.2.0-tests.jar:/home/user/.m2/repository/org/apache/hadoop/hadoop-hdds-server-scm/0.5.0-SNAPSHOT/hadoop-hdds-server-scm-0.5.0-SNAPSHOT-tests.jar:/home/user/.m2/repository/org/apache/hadoop/hadoop-hdds-container-service/0.5.0-SNAPSHOT/hadoop-hdds-container-service-0.5.0-SNAPSHOT-tests.jar:/home/user/.m2/repository/org/yaml/snakeyaml/1.16/snakeyaml-1.16.jar:/home/user/.m2/repository/org/apache/hadoop/hadoop-common/3.2.0/hadoop-common-3.2.0-tests.jar:/home/user/.m2/repository/org/apache/hadoop/hadoop-annotations/3.2.0/hadoop-annotations-3.2.0.jar:/usr/lib/jvm/java-1.8-openjdk/jre/../lib/tools.jar:/home/user/.m2/repository/commons-cli/commons-cli/1.2/commons-cli-1.2.jar:/home/user/.m2/repository/org/apache/httpcomponents/httpclient/4.5.2/httpclient-4.5.2.jar:/home/user/.m2/repository/org/apache/httpcomponents/httpcore/4.4.4/httpcore-4.4.4.jar:/home/user/.m2/repository/commons-codec/commons-codec/1.11/commons-codec-1.11.jar:/home/user/.m2/repository/commons-net/commons-net/3.6/commons-net-3.6.jar:/home/user/.m2/repository/commons-collections/commons-collections/3.2.2/commons-collections-3.2.2.jar:/home/user/.m2/repository/org/eclipse/jetty/jetty-servlet/9.3.24.v20180605/jetty-servlet-9.3.24.v20180605.jar:/home/user/.m2/repository/org/eclipse/jetty/jetty-security/9.3.24.v20180605/jetty-security-9.3.24.v20180605.jar:/home/user/.m2/repository/javax/servlet/jsp/jsp-api/2.1/jsp-api-2.1.jar:/home/user/.m2/repository/com/sun/jersey/jersey-servlet/1.19/jersey-servlet-1.19.jar:/home/user/.m2/repository/com/sun/jersey/jersey-json/1.19/jersey-json-1.19.jar:/home/user/.m2/repository/org/codehaus/jettison/jettison/1.1/jettison-1.1.jar:/home/user/.m2/repository/org/codehaus/jackson/jackson-core-asl/1.9.13/jackson-core-asl-1.9.13.jar:/home/user/.m2/repository/org/codehaus/jackson/jackson-mapper-asl/1.9.13/jackson-mapper-asl-1.9.13.jar:/home/user/.m2/repository/org/codehaus/jackson/jackson-jaxrs/1.9.13/jackson-jaxrs-1.9.13.jar:/home/user/.m2/repository/org/codehaus/jackson/jackson-xc/1.9.13/jackson-xc-1.9.13.jar:/home/user/.m2/repository/commons-logging/commons-logging/1.1.3/commons-logging-1.1.3.jar:/home/user/.m2/repository/commons-beanutils/commons-beanutils/1.9.3/commons-beanutils-1.9.3.jar:/home/user/.m2/repository/org/apache/commons/commons-configuration2/2.1.1/commons-configuration2-2.1.1.jar:/home/user/.m2/repository/org/apache/commons/commons-lang3/3.7/commons-lang3-3.7.jar:/home/user/.m2/repository/org/apache/commons/commons-text/1.4/commons-text-1.4.jar:/home/user/.m2/repository/org/apache/avro/avro/1.7.7/avro-1.7.7.jar:/home/user/.m2/repository/com/thoughtworks/paranamer/paranamer/2.3/paranamer-2.3.jar:/home/user/.m2/repository/org/xerial/snappy/snappy-java/1.0.5/snappy-java-1.0.5.jar:/home/user/.m2/repository/com/google/re2j/re2j/1.1/re2j-1.1.jar:/home/user/.m2/repository/com/google/code/gson/gson/2.2.4/gson-2.2.4.jar:/home/user/.m2/repository/com/jcraft/jsch/0.1.54/jsch-0.1.54.jar:/home/user/.m2/repository/org/apache/curator/curator-client/2.12.0/curator-client-2.12.0.jar:/home/user/.m2/repository/org/apache/curator/curator-recipes/2.12.0/curator-recipes-2.12.0.jar:/home/user/.m2/repository/com/google/code/findbugs/jsr305/3.0.0/jsr305-3.0.0.jar:/home/user/.m2/repository/org/apache/htrace/htrace-core4/4.1.0-incubating/htrace-core4-4.1.0-incubating.jar:/home/user/.m2/repository/org/apache/zookeeper/zookeeper/3.4.13/zookeeper-3.4.13.jar:/home/user/.m2/repository/org/apache/yetus/audience-annotations/0.5.0/audience-annotations-0.5.0.jar:/home/user/.m2/repository/org/codehaus/woodstox/stax2-api/3.1.4/stax2-api-3.1.4.jar:/home/user/.m2/repository/com/fasterxml/woodstox/woodstox-core/5.0.3/woodstox-core-5.0.3.jar:/home/user/.m2/repository/dnsjava/dnsjava/2.1.7/dnsjava-2.1.7.jar:/home/user/.m2/repository/org/apache/hadoop/hadoop-hdfs/3.2.0/hadoop-hdfs-3.2.0-tests.jar:/home/user/.m2/repository/org/eclipse/jetty/jetty-util-ajax/9.3.24.v20180605/jetty-util-ajax-9.3.24.v20180605.jar:/home/user/.m2/repository/commons-daemon/commons-daemon/1.0.13/commons-daemon-1.0.13.jar:/home/user/.m2/repository/io/netty/netty/3.10.5.Final/netty-3.10.5.Final.jar:/home/user/.m2/repository/io/netty/netty-all/4.0.52.Final/netty-all-4.0.52.Final.jar:/home/user/.m2/repository/org/fusesource/leveldbjni/leveldbjni-all/1.8/leveldbjni-all-1.8.jar:"/>
    <property name="java.vm.vendor" value="IcedTea"/>
    <property name="sun.arch.data.model" value="64"/>
    <property name="test.build.dir" value="/workdir/hadoop-ozone/integration-test/target/test-dir"/>
    <property name="test.cache.data" value=""/>
    <property name="java.vendor.url" value="https://icedtea.classpath.org"/>
    <property name="user.timezone" value=""/>
    <property name="java.vm.specification.version" value="1.8"/>
    <property name="os.name" value="Linux"/>
    <property name="test.build.data" value="/workdir/hadoop-ozone/integration-test/target/test-dir"/>
    <property name="user.country" value="US"/>
    <property name="sun.java.launcher" value="SUN_STANDARD"/>
    <property name="sun.boot.library.path" value="/usr/lib/jvm/java-1.8-openjdk/jre/lib/amd64"/>
    <property name="sun.java.command" value="/workdir/hadoop-ozone/integration-test/target/surefire/surefirebooter5595286797282527279.jar /workdir/hadoop-ozone/integration-test/target/surefire 2019-08-20T14-25-26_043-jvmRun1 surefire5692665752349242742tmp surefire_215930419279533034932tmp"/>
    <property name="surefire.test.class.path" value="/workdir/hadoop-ozone/integration-test/target/test-classes:/workdir/hadoop-ozone/integration-test/target/classes:/home/user/.m2/repository/org/apache/hadoop/hadoop-ozone-common/0.5.0-SNAPSHOT/hadoop-ozone-common-0.5.0-SNAPSHOT.jar:/home/user/.m2/repository/org/apache/commons/commons-compress/1.4.1/commons-compress-1.4.1.jar:/home/user/.m2/repository/org/tukaani/xz/1.0/xz-1.0.jar:/home/user/.m2/repository/org/apache/hadoop/hadoop-common/3.2.0/hadoop-common-3.2.0.jar:/home/user/.m2/repository/org/apache/hadoop/hadoop-hdfs/3.2.0/hadoop-hdfs-3.2.0.jar:/home/user/.m2/repository/org/apache/hadoop/hadoop-hdfs-client/3.2.0/hadoop-hdfs-client-3.2.0.jar:/home/user/.m2/repository/com/fasterxml/jackson/core/jackson-annotations/2.9.5/jackson-annotations-2.9.5.jar:/home/user/.m2/repository/org/apache/hadoop/hadoop-hdds-common/0.5.0-SNAPSHOT/hadoop-hdds-common-0.5.0-SNAPSHOT.jar:/home/user/.m2/repository/javax/annotation/javax.annotation-api/1.2/javax.annotation-api-1.2.jar:/home/user/.m2/repository/org/apache/ratis/ratis-server/0.4.0-2337318-SNAPSHOT/ratis-server-0.4.0-2337318-SNAPSHOT.jar:/home/user/.m2/repository/org/apache/ratis/ratis-thirdparty-misc/0.2.0/ratis-thirdparty-misc-0.2.0.jar:/home/user/.m2/repository/org/apache/ratis/ratis-proto/0.4.0-2337318-SNAPSHOT/ratis-proto-0.4.0-2337318-SNAPSHOT.jar:/home/user/.m2/repository/org/apache/ratis/ratis-common/0.4.0-2337318-SNAPSHOT/ratis-common-0.4.0-2337318-SNAPSHOT.jar:/home/user/.m2/repository/org/apache/ratis/ratis-client/0.4.0-2337318-SNAPSHOT/ratis-client-0.4.0-2337318-SNAPSHOT.jar:/home/user/.m2/repository/org/apache/ratis/ratis-metrics/0.4.0-2337318-SNAPSHOT/ratis-metrics-0.4.0-2337318-SNAPSHOT.jar:/home/user/.m2/repository/org/apache/ratis/ratis-netty/0.4.0-2337318-SNAPSHOT/ratis-netty-0.4.0-2337318-SNAPSHOT.jar:/home/user/.m2/repository/org/apache/ratis/ratis-grpc/0.4.0-2337318-SNAPSHOT/ratis-grpc-0.4.0-2337318-SNAPSHOT.jar:/home/user/.m2/repository/org/rocksdb/rocksdbjni/6.0.1/rocksdbjni-6.0.1.jar:/home/user/.m2/repository/org/apache/logging/log4j/log4j-api/2.11.0/log4j-api-2.11.0.jar:/home/user/.m2/repository/org/apache/logging/log4j/log4j-core/2.11.0/log4j-core-2.11.0.jar:/home/user/.m2/repository/com/lmax/disruptor/3.4.2/disruptor-3.4.2.jar:/home/user/.m2/repository/org/apache/commons/commons-pool2/2.6.0/commons-pool2-2.6.0.jar:/home/user/.m2/repository/org/bouncycastle/bcpkix-jdk15on/1.60/bcpkix-jdk15on-1.60.jar:/home/user/.m2/repository/commons-validator/commons-validator/1.6/commons-validator-1.6.jar:/home/user/.m2/repository/commons-digester/commons-digester/1.8.1/commons-digester-1.8.1.jar:/home/user/.m2/repository/io/jaegertracing/jaeger-client/0.33.1/jaeger-client-0.33.1.jar:/home/user/.m2/repository/io/jaegertracing/jaeger-thrift/0.33.1/jaeger-thrift-0.33.1.jar:/home/user/.m2/repository/org/apache/thrift/libthrift/0.11.0/libthrift-0.11.0.jar:/home/user/.m2/repository/com/squareup/okhttp3/okhttp/3.9.0/okhttp-3.9.0.jar:/home/user/.m2/repository/com/squareup/okio/okio/1.13.0/okio-1.13.0.jar:/home/user/.m2/repository/io/jaegertracing/jaeger-core/0.33.1/jaeger-core-0.33.1.jar:/home/user/.m2/repository/io/jaegertracing/jaeger-tracerresolver/0.33.1/jaeger-tracerresolver-0.33.1.jar:/home/user/.m2/repository/io/opentracing/contrib/opentracing-tracerresolver/0.1.5/opentracing-tracerresolver-0.1.5.jar:/home/user/.m2/repository/io/opentracing/opentracing-util/0.31.0/opentracing-util-0.31.0.jar:/home/user/.m2/repository/io/opentracing/opentracing-api/0.31.0/opentracing-api-0.31.0.jar:/home/user/.m2/repository/io/opentracing/opentracing-noop/0.31.0/opentracing-noop-0.31.0.jar:/home/user/.m2/repository/org/apache/hadoop/hadoop-hdds-server-framework/0.5.0-SNAPSHOT/hadoop-hdds-server-framework-0.5.0-SNAPSHOT.jar:/home/user/.m2/repository/org/apache/hadoop/hadoop-hdds-container-service/0.5.0-SNAPSHOT/hadoop-hdds-container-service-0.5.0-SNAPSHOT.jar:/home/user/.m2/repository/org/apache/hadoop/hadoop-hdds-client/0.5.0-SNAPSHOT/hadoop-hdds-client-0.5.0-SNAPSHOT.jar:/home/user/.m2/repository/org/apache/hadoop/hadoop-hdds-tools/0.5.0-SNAPSHOT/hadoop-hdds-tools-0.5.0-SNAPSHOT.jar:/home/user/.m2/repository/org/apache/hadoop/hadoop-hdds-server-scm/0.5.0-SNAPSHOT/hadoop-hdds-server-scm-0.5.0-SNAPSHOT.jar:/home/user/.m2/repository/org/apache/hadoop/hadoop-hdds-docs/0.5.0-SNAPSHOT/hadoop-hdds-docs-0.5.0-SNAPSHOT.jar:/home/user/.m2/repository/io/dropwizard/metrics/metrics-core/3.2.4/metrics-core-3.2.4.jar:/home/user/.m2/repository/org/hamcrest/hamcrest-all/1.3/hamcrest-all-1.3.jar:/home/user/.m2/repository/org/bouncycastle/bcprov-jdk15on/1.60/bcprov-jdk15on-1.60.jar:/home/user/.m2/repository/info/picocli/picocli/3.9.6/picocli-3.9.6.jar:/home/user/.m2/repository/com/google/protobuf/protobuf-java/2.5.0/protobuf-java-2.5.0.jar:/home/user/.m2/repository/com/google/guava/guava/11.0.2/guava-11.0.2.jar:/home/user/.m2/repository/org/apache/hadoop/hadoop-ozone-ozone-manager/0.5.0-SNAPSHOT/hadoop-ozone-ozone-manager-0.5.0-SNAPSHOT.jar:/home/user/.m2/repository/org/apache/hadoop/hadoop-minikdc/3.2.0/hadoop-minikdc-3.2.0.jar:/home/user/.m2/repository/commons-io/commons-io/2.5/commons-io-2.5.jar:/home/user/.m2/repository/org/apache/kerby/kerb-simplekdc/1.0.1/kerb-simplekdc-1.0.1.jar:/home/user/.m2/repository/org/apache/kerby/kerb-client/1.0.1/kerb-client-1.0.1.jar:/home/user/.m2/repository/org/apache/kerby/kerby-config/1.0.1/kerby-config-1.0.1.jar:/home/user/.m2/repository/org/apache/kerby/kerb-core/1.0.1/kerb-core-1.0.1.jar:/home/user/.m2/repository/org/apache/kerby/kerby-pkix/1.0.1/kerby-pkix-1.0.1.jar:/home/user/.m2/repository/org/apache/kerby/kerby-asn1/1.0.1/kerby-asn1-1.0.1.jar:/home/user/.m2/repository/org/apache/kerby/kerby-util/1.0.1/kerby-util-1.0.1.jar:/home/user/.m2/repository/org/apache/kerby/kerb-common/1.0.1/kerb-common-1.0.1.jar:/home/user/.m2/repository/org/apache/kerby/kerb-crypto/1.0.1/kerb-crypto-1.0.1.jar:/home/user/.m2/repository/org/apache/kerby/kerb-util/1.0.1/kerb-util-1.0.1.jar:/home/user/.m2/repository/org/apache/kerby/token-provider/1.0.1/token-provider-1.0.1.jar:/home/user/.m2/repository/org/apache/kerby/kerb-admin/1.0.1/kerb-admin-1.0.1.jar:/home/user/.m2/repository/org/apache/kerby/kerb-server/1.0.1/kerb-server-1.0.1.jar:/home/user/.m2/repository/org/apache/kerby/kerb-identity/1.0.1/kerb-identity-1.0.1.jar:/home/user/.m2/repository/org/apache/kerby/kerby-xdr/1.0.1/kerby-xdr-1.0.1.jar:/home/user/.m2/repository/org/slf4j/slf4j-log4j12/1.7.25/slf4j-log4j12-1.7.25.jar:/home/user/.m2/repository/org/apache/hadoop/hadoop-ozone-objectstore-service/0.5.0-SNAPSHOT/hadoop-ozone-objectstore-service-0.5.0-SNAPSHOT.jar:/home/user/.m2/repository/org/apache/hadoop/hadoop-ozone-s3gateway/0.5.0-SNAPSHOT/hadoop-ozone-s3gateway-0.5.0-SNAPSHOT.jar:/home/user/.m2/repository/org/jboss/weld/servlet/weld-servlet/2.4.7.Final/weld-servlet-2.4.7.Final.jar:/home/user/.m2/repository/org/glassfish/jersey/containers/jersey-container-servlet-core/2.27/jersey-container-servlet-core-2.27.jar:/home/user/.m2/repository/org/glassfish/hk2/external/javax.inject/2.5.0-b42/javax.inject-2.5.0-b42.jar:/home/user/.m2/repository/org/glassfish/jersey/core/jersey-common/2.27/jersey-common-2.27.jar:/home/user/.m2/repository/org/glassfish/hk2/osgi-resource-locator/1.0.1/osgi-resource-locator-1.0.1.jar:/home/user/.m2/repository/javax/ws/rs/javax.ws.rs-api/2.1/javax.ws.rs-api-2.1.jar:/home/user/.m2/repository/org/glassfish/jersey/ext/cdi/jersey-cdi1x/2.27/jersey-cdi1x-2.27.jar:/home/user/.m2/repository/org/glassfish/jersey/inject/jersey-hk2/2.27/jersey-hk2-2.27.jar:/home/user/.m2/repository/org/glassfish/hk2/hk2-locator/2.5.0-b42/hk2-locator-2.5.0-b42.jar:/home/user/.m2/repository/org/javassist/javassist/3.22.0-CR2/javassist-3.22.0-CR2.jar:/home/user/.m2/repository/org/glassfish/hk2/hk2-api/2.5.0/hk2-api-2.5.0.jar:/home/user/.m2/repository/org/glassfish/hk2/external/jakarta.inject/2.5.0/jakarta.inject-2.5.0.jar:/home/user/.m2/repository/org/glassfish/hk2/hk2-utils/2.5.0/hk2-utils-2.5.0.jar:/home/user/.m2/repository/jakarta/annotation/jakarta.annotation-api/1.3.4/jakarta.annotation-api-1.3.4.jar:/home/user/.m2/repository/org/glassfish/hk2/external/aopalliance-repackaged/2.5.0/aopalliance-repackaged-2.5.0.jar:/home/user/.m2/repository/com/fasterxml/jackson/dataformat/jackson-dataformat-xml/2.9.0/jackson-dataformat-xml-2.9.0.jar:/home/user/.m2/repository/com/fasterxml/jackson/core/jackson-core/2.9.5/jackson-core-2.9.5.jar:/home/user/.m2/repository/com/fasterxml/jackson/module/jackson-module-jaxb-annotations/2.9.5/jackson-module-jaxb-annotations-2.9.5.jar:/home/user/.m2/repository/javax/enterprise/cdi-api/1.2/cdi-api-1.2.jar:/home/user/.m2/repository/javax/el/javax.el-api/3.0.0/javax.el-api-3.0.0.jar:/home/user/.m2/repository/javax/interceptor/javax.interceptor-api/1.2/javax.interceptor-api-1.2.jar:/home/user/.m2/repository/javax/inject/javax.inject/1/javax.inject-1.jar:/home/user/.m2/repository/com/sun/xml/bind/jaxb-impl/2.3.0.1/jaxb-impl-2.3.0.1.jar:/home/user/.m2/repository/com/sun/xml/bind/jaxb-core/2.3.0.1/jaxb-core-2.3.0.1.jar:/home/user/.m2/repository/javax/xml/bind/jaxb-api/2.3.0/jaxb-api-2.3.0.jar:/home/user/.m2/repository/javax/activation/activation/1.1.1/activation-1.1.1.jar:/home/user/.m2/repository/org/apache/hadoop/hadoop-ozone-csi/0.5.0-SNAPSHOT/hadoop-ozone-csi-0.5.0-SNAPSHOT.jar:/home/user/.m2/repository/com/google/protobuf/protobuf-java-util/3.5.1/protobuf-java-util-3.5.1.jar:/home/user/.m2/repository/org/apache/hadoop/hadoop-hdds-config/0.5.0-SNAPSHOT/hadoop-hdds-config-0.5.0-SNAPSHOT.jar:/home/user/.m2/repository/io/grpc/grpc-netty/1.17.1/grpc-netty-1.17.1.jar:/home/user/.m2/repository/io/grpc/grpc-core/1.17.1/grpc-core-1.17.1.jar:/home/user/.m2/repository/io/grpc/grpc-context/1.17.1/grpc-context-1.17.1.jar:/home/user/.m2/repository/com/google/errorprone/error_prone_annotations/2.2.0/error_prone_annotations-2.2.0.jar:/home/user/.m2/repository/org/codehaus/mojo/animal-sniffer-annotations/1.17/animal-sniffer-annotations-1.17.jar:/home/user/.m2/repository/io/opencensus/opencensus-api/0.17.0/opencensus-api-0.17.0.jar:/home/user/.m2/repository/io/opencensus/opencensus-contrib-grpc-metrics/0.17.0/opencensus-contrib-grpc-metrics-0.17.0.jar:/home/user/.m2/repository/io/netty/netty-codec-http2/4.1.30.Final/netty-codec-http2-4.1.30.Final.jar:/home/user/.m2/repository/io/netty/netty-codec-http/4.1.30.Final/netty-codec-http-4.1.30.Final.jar:/home/user/.m2/repository/io/netty/netty-codec/4.1.30.Final/netty-codec-4.1.30.Final.jar:/home/user/.m2/repository/io/netty/netty-handler/4.1.30.Final/netty-handler-4.1.30.Final.jar:/home/user/.m2/repository/io/netty/netty-handler-proxy/4.1.30.Final/netty-handler-proxy-4.1.30.Final.jar:/home/user/.m2/repository/io/netty/netty-codec-socks/4.1.30.Final/netty-codec-socks-4.1.30.Final.jar:/home/user/.m2/repository/io/netty/netty-transport-native-epoll/4.1.30.Final/netty-transport-native-epoll-4.1.30.Final.jar:/home/user/.m2/repository/io/netty/netty-common/4.1.30.Final/netty-common-4.1.30.Final.jar:/home/user/.m2/repository/io/netty/netty-buffer/4.1.30.Final/netty-buffer-4.1.30.Final.jar:/home/user/.m2/repository/io/netty/netty-transport/4.1.30.Final/netty-transport-4.1.30.Final.jar:/home/user/.m2/repository/io/netty/netty-resolver/4.1.30.Final/netty-resolver-4.1.30.Final.jar:/home/user/.m2/repository/io/netty/netty-transport-native-unix-common/4.1.30.Final/netty-transport-native-unix-common-4.1.30.Final.jar:/home/user/.m2/repository/io/grpc/grpc-protobuf/1.17.1/grpc-protobuf-1.17.1.jar:/home/user/.m2/repository/com/google/api/grpc/proto-google-common-protos/1.0.0/proto-google-common-protos-1.0.0.jar:/home/user/.m2/repository/io/grpc/grpc-protobuf-lite/1.17.1/grpc-protobuf-lite-1.17.1.jar:/home/user/.m2/repository/io/grpc/grpc-stub/1.17.1/grpc-stub-1.17.1.jar:/home/user/.m2/repository/org/apache/hadoop/hadoop-ozone-recon/0.5.0-SNAPSHOT/hadoop-ozone-recon-0.5.0-SNAPSHOT.jar:/home/user/.m2/repository/org/apache/hadoop/hadoop-ozone-reconcodegen/0.5.0-SNAPSHOT/hadoop-ozone-reconcodegen-0.5.0-SNAPSHOT.jar:/home/user/.m2/repository/com/google/inject/extensions/guice-multibindings/4.0/guice-multibindings-4.0.jar:/home/user/.m2/repository/com/google/inject/guice/4.0/guice-4.0.jar:/home/user/.m2/repository/aopalliance/aopalliance/1.0/aopalliance-1.0.jar:/home/user/.m2/repository/com/google/inject/extensions/guice-servlet/4.0/guice-servlet-4.0.jar:/home/user/.m2/repository/org/glassfish/jersey/containers/jersey-container-servlet/2.27/jersey-container-servlet-2.27.jar:/home/user/.m2/repository/org/glassfish/hk2/guice-bridge/2.5.0/guice-bridge-2.5.0.jar:/home/user/.m2/repository/org/glassfish/jersey/core/jersey-server/2.27/jersey-server-2.27.jar:/home/user/.m2/repository/org/glassfish/jersey/core/jersey-client/2.27/jersey-client-2.27.jar:/home/user/.m2/repository/org/glassfish/jersey/media/jersey-media-jaxb/2.27/jersey-media-jaxb-2.27.jar:/home/user/.m2/repository/javax/validation/validation-api/1.1.0.Final/validation-api-1.1.0.Final.jar:/home/user/.m2/repository/org/glassfish/jersey/media/jersey-media-json-jackson/2.27/jersey-media-json-jackson-2.27.jar:/home/user/.m2/repository/org/glassfish/jersey/ext/jersey-entity-filtering/2.27/jersey-entity-filtering-2.27.jar:/home/user/.m2/repository/com/google/inject/extensions/guice-assistedinject/4.0/guice-assistedinject-4.0.jar:/home/user/.m2/repository/org/jooq/jooq/3.11.10/jooq-3.11.10.jar:/home/user/.m2/repository/org/jooq/jooq-meta/3.11.10/jooq-meta-3.11.10.jar:/home/user/.m2/repository/org/jooq/jooq-codegen/3.11.10/jooq-codegen-3.11.10.jar:/home/user/.m2/repository/com/jolbox/bonecp/0.8.0.RELEASE/bonecp-0.8.0.RELEASE.jar:/home/user/.m2/repository/org/xerial/sqlite-jdbc/3.25.2/sqlite-jdbc-3.25.2.jar:/home/user/.m2/repository/org/springframework/spring-jdbc/5.1.3.RELEASE/spring-jdbc-5.1.3.RELEASE.jar:/home/user/.m2/repository/org/springframework/spring-beans/5.1.3.RELEASE/spring-beans-5.1.3.RELEASE.jar:/home/user/.m2/repository/org/springframework/spring-core/5.1.3.RELEASE/spring-core-5.1.3.RELEASE.jar:/home/user/.m2/repository/org/springframework/spring-jcl/5.1.3.RELEASE/spring-jcl-5.1.3.RELEASE.jar:/home/user/.m2/repository/org/springframework/spring-tx/5.1.3.RELEASE/spring-tx-5.1.3.RELEASE.jar:/home/user/.m2/repository/org/apache/hadoop/hadoop-ozone-client/0.5.0-SNAPSHOT/hadoop-ozone-client-0.5.0-SNAPSHOT.jar:/home/user/.m2/repository/commons-lang/commons-lang/2.6/commons-lang-2.6.jar:/home/user/.m2/repository/org/apache/hadoop/hadoop-ozone-ozone-manager/0.5.0-SNAPSHOT/hadoop-ozone-ozone-manager-0.5.0-SNAPSHOT-tests.jar:/home/user/.m2/repository/junit/junit/4.11/junit-4.11.jar:/home/user/.m2/repository/org/hamcrest/hamcrest-core/1.3/hamcrest-core-1.3.jar:/home/user/.m2/repository/org/openjdk/jmh/jmh-core/1.19/jmh-core-1.19.jar:/home/user/.m2/repository/net/sf/jopt-simple/jopt-simple/4.6/jopt-simple-4.6.jar:/home/user/.m2/repository/org/apache/commons/commons-math3/3.1.1/commons-math3-3.1.1.jar:/home/user/.m2/repository/org/openjdk/jmh/jmh-generator-annprocess/1.19/jmh-generator-annprocess-1.19.jar:/home/user/.m2/repository/org/mockito/mockito-all/1.8.5/mockito-all-1.8.5.jar:/home/user/.m2/repository/org/apache/hadoop/hadoop-kms/3.2.0/hadoop-kms-3.2.0.jar:/home/user/.m2/repository/org/apache/hadoop/hadoop-auth/3.2.0/hadoop-auth-3.2.0.jar:/home/user/.m2/repository/com/nimbusds/nimbus-jose-jwt/4.41.1/nimbus-jose-jwt-4.41.1.jar:/home/user/.m2/repository/com/github/stephenc/jcip/jcip-annotations/1.0-1/jcip-annotations-1.0-1.jar:/home/user/.m2/repository/net/minidev/json-smart/2.3/json-smart-2.3.jar:/home/user/.m2/repository/net/minidev/accessors-smart/1.2/accessors-smart-1.2.jar:/home/user/.m2/repository/org/ow2/asm/asm/5.0.4/asm-5.0.4.jar:/home/user/.m2/repository/org/apache/curator/curator-framework/2.12.0/curator-framework-2.12.0.jar:/home/user/.m2/repository/com/sun/jersey/jersey-core/1.19/jersey-core-1.19.jar:/home/user/.m2/repository/javax/ws/rs/jsr311-api/1.1.1/jsr311-api-1.1.1.jar:/home/user/.m2/repository/com/sun/jersey/jersey-server/1.19/jersey-server-1.19.jar:/home/user/.m2/repository/javax/servlet/javax.servlet-api/3.1.0/javax.servlet-api-3.1.0.jar:/home/user/.m2/repository/org/eclipse/jetty/jetty-server/9.3.24.v20180605/jetty-server-9.3.24.v20180605.jar:/home/user/.m2/repository/org/eclipse/jetty/jetty-http/9.3.24.v20180605/jetty-http-9.3.24.v20180605.jar:/home/user/.m2/repository/org/eclipse/jetty/jetty-io/9.3.24.v20180605/jetty-io-9.3.24.v20180605.jar:/home/user/.m2/repository/org/eclipse/jetty/jetty-webapp/9.3.24.v20180605/jetty-webapp-9.3.24.v20180605.jar:/home/user/.m2/repository/org/eclipse/jetty/jetty-xml/9.3.24.v20180605/jetty-xml-9.3.24.v20180605.jar:/home/user/.m2/repository/log4j/log4j/1.2.17/log4j-1.2.17.jar:/home/user/.m2/repository/org/slf4j/slf4j-api/1.7.25/slf4j-api-1.7.25.jar:/home/user/.m2/repository/org/slf4j/jul-to-slf4j/1.7.25/jul-to-slf4j-1.7.25.jar:/home/user/.m2/repository/org/eclipse/jetty/jetty-util/9.3.24.v20180605/jetty-util-9.3.24.v20180605.jar:/home/user/.m2/repository/com/fasterxml/jackson/core/jackson-databind/2.9.5/jackson-databind-2.9.5.jar:/home/user/.m2/repository/org/apache/hadoop/hadoop-kms/3.2.0/hadoop-kms-3.2.0-tests.jar:/home/user/.m2/repository/org/apache/hadoop/hadoop-hdds-server-scm/0.5.0-SNAPSHOT/hadoop-hdds-server-scm-0.5.0-SNAPSHOT-tests.jar:/home/user/.m2/repository/org/apache/hadoop/hadoop-hdds-container-service/0.5.0-SNAPSHOT/hadoop-hdds-container-service-0.5.0-SNAPSHOT-tests.jar:/home/user/.m2/repository/org/yaml/snakeyaml/1.16/snakeyaml-1.16.jar:/home/user/.m2/repository/org/apache/hadoop/hadoop-common/3.2.0/hadoop-common-3.2.0-tests.jar:/home/user/.m2/repository/org/apache/hadoop/hadoop-annotations/3.2.0/hadoop-annotations-3.2.0.jar:/usr/lib/jvm/java-1.8-openjdk/jre/../lib/tools.jar:/home/user/.m2/repository/commons-cli/commons-cli/1.2/commons-cli-1.2.jar:/home/user/.m2/repository/org/apache/httpcomponents/httpclient/4.5.2/httpclient-4.5.2.jar:/home/user/.m2/repository/org/apache/httpcomponents/httpcore/4.4.4/httpcore-4.4.4.jar:/home/user/.m2/repository/commons-codec/commons-codec/1.11/commons-codec-1.11.jar:/home/user/.m2/repository/commons-net/commons-net/3.6/commons-net-3.6.jar:/home/user/.m2/repository/commons-collections/commons-collections/3.2.2/commons-collections-3.2.2.jar:/home/user/.m2/repository/org/eclipse/jetty/jetty-servlet/9.3.24.v20180605/jetty-servlet-9.3.24.v20180605.jar:/home/user/.m2/repository/org/eclipse/jetty/jetty-security/9.3.24.v20180605/jetty-security-9.3.24.v20180605.jar:/home/user/.m2/repository/javax/servlet/jsp/jsp-api/2.1/jsp-api-2.1.jar:/home/user/.m2/repository/com/sun/jersey/jersey-servlet/1.19/jersey-servlet-1.19.jar:/home/user/.m2/repository/com/sun/jersey/jersey-json/1.19/jersey-json-1.19.jar:/home/user/.m2/repository/org/codehaus/jettison/jettison/1.1/jettison-1.1.jar:/home/user/.m2/repository/org/codehaus/jackson/jackson-core-asl/1.9.13/jackson-core-asl-1.9.13.jar:/home/user/.m2/repository/org/codehaus/jackson/jackson-mapper-asl/1.9.13/jackson-mapper-asl-1.9.13.jar:/home/user/.m2/repository/org/codehaus/jackson/jackson-jaxrs/1.9.13/jackson-jaxrs-1.9.13.jar:/home/user/.m2/repository/org/codehaus/jackson/jackson-xc/1.9.13/jackson-xc-1.9.13.jar:/home/user/.m2/repository/commons-logging/commons-logging/1.1.3/commons-logging-1.1.3.jar:/home/user/.m2/repository/commons-beanutils/commons-beanutils/1.9.3/commons-beanutils-1.9.3.jar:/home/user/.m2/repository/org/apache/commons/commons-configuration2/2.1.1/commons-configuration2-2.1.1.jar:/home/user/.m2/repository/org/apache/commons/commons-lang3/3.7/commons-lang3-3.7.jar:/home/user/.m2/repository/org/apache/commons/commons-text/1.4/commons-text-1.4.jar:/home/user/.m2/repository/org/apache/avro/avro/1.7.7/avro-1.7.7.jar:/home/user/.m2/repository/com/thoughtworks/paranamer/paranamer/2.3/paranamer-2.3.jar:/home/user/.m2/repository/org/xerial/snappy/snappy-java/1.0.5/snappy-java-1.0.5.jar:/home/user/.m2/repository/com/google/re2j/re2j/1.1/re2j-1.1.jar:/home/user/.m2/repository/com/google/code/gson/gson/2.2.4/gson-2.2.4.jar:/home/user/.m2/repository/com/jcraft/jsch/0.1.54/jsch-0.1.54.jar:/home/user/.m2/repository/org/apache/curator/curator-client/2.12.0/curator-client-2.12.0.jar:/home/user/.m2/repository/org/apache/curator/curator-recipes/2.12.0/curator-recipes-2.12.0.jar:/home/user/.m2/repository/com/google/code/findbugs/jsr305/3.0.0/jsr305-3.0.0.jar:/home/user/.m2/repository/org/apache/htrace/htrace-core4/4.1.0-incubating/htrace-core4-4.1.0-incubating.jar:/home/user/.m2/repository/org/apache/zookeeper/zookeeper/3.4.13/zookeeper-3.4.13.jar:/home/user/.m2/repository/org/apache/yetus/audience-annotations/0.5.0/audience-annotations-0.5.0.jar:/home/user/.m2/repository/org/codehaus/woodstox/stax2-api/3.1.4/stax2-api-3.1.4.jar:/home/user/.m2/repository/com/fasterxml/woodstox/woodstox-core/5.0.3/woodstox-core-5.0.3.jar:/home/user/.m2/repository/dnsjava/dnsjava/2.1.7/dnsjava-2.1.7.jar:/home/user/.m2/repository/org/apache/hadoop/hadoop-hdfs/3.2.0/hadoop-hdfs-3.2.0-tests.jar:/home/user/.m2/repository/org/eclipse/jetty/jetty-util-ajax/9.3.24.v20180605/jetty-util-ajax-9.3.24.v20180605.jar:/home/user/.m2/repository/commons-daemon/commons-daemon/1.0.13/commons-daemon-1.0.13.jar:/home/user/.m2/repository/io/netty/netty/3.10.5.Final/netty-3.10.5.Final.jar:/home/user/.m2/repository/io/netty/netty-all/4.0.52.Final/netty-all-4.0.52.Final.jar:/home/user/.m2/repository/org/fusesource/leveldbjni/leveldbjni-all/1.8/leveldbjni-all-1.8.jar:"/>
    <property name="sun.cpu.endian" value="little"/>
    <property name="user.home" value="/home/user"/>
    <property name="user.language" value="en"/>
    <property name="java.specification.vendor" value="Oracle Corporation"/>
    <property name="java.home" value="/usr/lib/jvm/java-1.8-openjdk/jre"/>
    <property name="java.security.krb5.conf" value="/workdir/hadoop-ozone/integration-test/target/test-classes/krb5.conf"/>
    <property name="basedir" value="/workdir/hadoop-ozone/integration-test"/>
    <property name="file.separator" value="/"/>
    <property name="line.separator" value="&#10;"/>
    <property name="java.vm.specification.vendor" value="Oracle Corporation"/>
    <property name="java.specification.name" value="Java Platform API Specification"/>
    <property name="java.awt.graphicsenv" value="sun.awt.X11GraphicsEnvironment"/>
    <property name="surefire.real.class.path" value="/workdir/hadoop-ozone/integration-test/target/surefire/surefirebooter5595286797282527279.jar"/>
    <property name="hadoop.log.dir" value="/workdir/hadoop-ozone/integration-test/target/log"/>
    <property name="sun.boot.class.path" value="/usr/lib/jvm/java-1.8-openjdk/jre/lib/resources.jar:/usr/lib/jvm/java-1.8-openjdk/jre/lib/rt.jar:/usr/lib/jvm/java-1.8-openjdk/jre/lib/sunrsasign.jar:/usr/lib/jvm/java-1.8-openjdk/jre/lib/jsse.jar:/usr/lib/jvm/java-1.8-openjdk/jre/lib/jce.jar:/usr/lib/jvm/java-1.8-openjdk/jre/lib/charsets.jar:/usr/lib/jvm/java-1.8-openjdk/jre/lib/jfr.jar:/usr/lib/jvm/java-1.8-openjdk/jre/classes"/>
    <property name="sun.management.compiler" value="HotSpot 64-Bit Tiered Compilers"/>
    <property name="java.runtime.version" value="1.8.0_212-b04"/>
    <property name="java.net.preferIPv4Stack" value="true"/>
    <property name="user.name" value="jenkins1000"/>
    <property name="path.separator" value=":"/>
    <property name="java.security.egd" value="file:///dev/urandom"/>
    <property name="os.version" value="3.10.0-957.12.2.el7.x86_64"/>
    <property name="java.endorsed.dirs" value="/usr/lib/jvm/java-1.8-openjdk/jre/lib/endorsed"/>
    <property name="java.runtime.name" value="OpenJDK Runtime Environment"/>
    <property name="file.encoding" value="UTF-8"/>
    <property name="java.vm.name" value="OpenJDK 64-Bit Server VM"/>
    <property name="test.build.webapps" value=""/>
    <property name="localRepository" value="/home/user/.m2/repository"/>
    <property name="java.vendor.url.bug" value="https://icedtea.classpath.org/bugzilla"/>
    <property name="java.io.tmpdir" value="/tmp"/>
    <property name="require.test.libhadoop" value=""/>
    <property name="java.version" value="1.8.0_212"/>
    <property name="user.dir" value="/workdir/hadoop-ozone/integration-test"/>
    <property name="os.arch" value="amd64"/>
    <property name="java.vm.specification.name" value="Java Virtual Machine Specification"/>
    <property name="test.build.classes" value="/workdir/hadoop-ozone/integration-test/target/test-classes"/>
    <property name="java.awt.printerjob" value="sun.print.PSPrinterJob"/>
    <property name="sun.os.patch.level" value="unknown"/>
    <property name="hadoop.tmp.dir" value="/workdir/hadoop-ozone/integration-test/target/tmp"/>
    <property name="java.library.path" value="/usr/lib/jvm/java-1.8-openjdk/jre/lib/amd64/server:/usr/lib/jvm/java-1.8-openjdk/jre/lib/amd64:/usr/lib/jvm/java-1.8-openjdk/jre/../lib/amd64:/workdir/hadoop-ozone/integration-test/target/native/target/usr/local/lib:/workdir/hadoop-ozone/integration-test/../../hadoop-common-project/hadoop-common/target/native/target/usr/local/lib:/usr/java/packages/lib/amd64:/usr/lib64:/lib64:/lib:/usr/lib"/>
    <property name="java.vm.info" value="mixed mode"/>
    <property name="java.vendor" value="IcedTea"/>
    <property name="java.vm.version" value="25.212-b04"/>
    <property name="java.ext.dirs" value="/usr/lib/jvm/java-1.8-openjdk/jre/lib/ext:/usr/java/packages/lib/ext"/>
    <property name="sun.io.unicode.encoding" value="UnicodeLittle"/>
    <property name="java.class.version" value="52.0"/>
  </properties>
  <testcase name="test2DatanodesFailure" classname="org.apache.hadoop.ozone.client.rpc.TestBlockOutputStreamWithFailures" time="125.649"/>
  <testcase name="testDatanodeFailureWithPreAllocation" classname="org.apache.hadoop.ozone.client.rpc.TestBlockOutputStreamWithFailures" time="253.577"/>
  <testcase name="testDatanodeFailureWithSingleNodeRatis" classname="org.apache.hadoop.ozone.client.rpc.TestBlockOutputStreamWithFailures" time="229.087"/>
  <testcase name="testWatchForCommitWithSingleNodeRatis" classname="org.apache.hadoop.ozone.client.rpc.TestBlockOutputStreamWithFailures" time="35.198"/>
  <testcase name="testWatchForCommitDatanodeFailure" classname="org.apache.hadoop.ozone.client.rpc.TestBlockOutputStreamWithFailures" time="34.034"/>
  <testcase name="testFailureWithPrimeSizedData" classname="org.apache.hadoop.ozone.client.rpc.TestBlockOutputStreamWithFailures" time="37.289">
    <failure message="expected:&lt;68&gt; but was:&lt;70&gt;" type="java.lang.AssertionError"><![CDATA[java.lang.AssertionError: expected:<68> but was:<70>
	at org.junit.Assert.fail(Assert.java:88)
	at org.junit.Assert.failNotEquals(Assert.java:743)
	at org.junit.Assert.assertEquals(Assert.java:118)
	at org.junit.Assert.assertEquals(Assert.java:555)
	at org.junit.Assert.assertEquals(Assert.java:542)
	at org.apache.hadoop.ozone.client.rpc.TestBlockOutputStreamWithFailures.testFailureWithPrimeSizedData(TestBlockOutputStreamWithFailures.java:601)
	at sun.reflect.NativeMethodAccessorImpl.invoke0(Native Method)
	at sun.reflect.NativeMethodAccessorImpl.invoke(NativeMethodAccessorImpl.java:62)
	at sun.reflect.DelegatingMethodAccessorImpl.invoke(DelegatingMethodAccessorImpl.java:43)
	at java.lang.reflect.Method.invoke(Method.java:498)
	at org.junit.runners.model.FrameworkMethod$1.runReflectiveCall(FrameworkMethod.java:47)
	at org.junit.internal.runners.model.ReflectiveCallable.run(ReflectiveCallable.java:12)
	at org.junit.runners.model.FrameworkMethod.invokeExplosively(FrameworkMethod.java:44)
	at org.junit.internal.runners.statements.InvokeMethod.evaluate(InvokeMethod.java:17)
	at org.junit.internal.runners.statements.RunBefores.evaluate(RunBefores.java:26)
	at org.junit.internal.runners.statements.RunAfters.evaluate(RunAfters.java:27)
	at org.junit.runners.ParentRunner.runLeaf(ParentRunner.java:271)
	at org.junit.runners.BlockJUnit4ClassRunner.runChild(BlockJUnit4ClassRunner.java:70)
	at org.junit.runners.BlockJUnit4ClassRunner.runChild(BlockJUnit4ClassRunner.java:50)
	at org.junit.runners.ParentRunner$3.run(ParentRunner.java:238)
	at org.junit.runners.ParentRunner$1.schedule(ParentRunner.java:63)
	at org.junit.runners.ParentRunner.runChildren(ParentRunner.java:236)
	at org.junit.runners.ParentRunner.access$000(ParentRunner.java:53)
	at org.junit.runners.ParentRunner$2.evaluate(ParentRunner.java:229)
	at org.junit.runners.ParentRunner.run(ParentRunner.java:309)
	at org.apache.maven.surefire.junit4.JUnit4Provider.execute(JUnit4Provider.java:365)
	at org.apache.maven.surefire.junit4.JUnit4Provider.executeWithRerun(JUnit4Provider.java:273)
	at org.apache.maven.surefire.junit4.JUnit4Provider.executeTestSet(JUnit4Provider.java:238)
	at org.apache.maven.surefire.junit4.JUnit4Provider.invoke(JUnit4Provider.java:159)
	at org.apache.maven.surefire.booter.ForkedBooter.invokeProviderInSameClassLoader(ForkedBooter.java:384)
	at org.apache.maven.surefire.booter.ForkedBooter.runSuitesInProcess(ForkedBooter.java:345)
	at org.apache.maven.surefire.booter.ForkedBooter.execute(ForkedBooter.java:126)
	at org.apache.maven.surefire.booter.ForkedBooter.main(ForkedBooter.java:418)
]]></failure>
    <system-out><![CDATA[2019-08-20 14:46:18,265 WARN  server.ServerUtils (ServerUtils.java:getScmDbDir(145)) - ozone.scm.db.dirs is not configured. We recommend adding this setting. Falling back to ozone.metadata.dirs instead.
2019-08-20 14:46:18,302 WARN  server.ServerUtils (ServerUtils.java:getScmDbDir(145)) - ozone.scm.db.dirs is not configured. We recommend adding this setting. Falling back to ozone.metadata.dirs instead.
2019-08-20 14:46:18,302 WARN  server.ServerUtils (ServerUtils.java:getScmDbDir(145)) - ozone.scm.db.dirs is not configured. We recommend adding this setting. Falling back to ozone.metadata.dirs instead.
2019-08-20 14:46:18,303 INFO  db.DBStoreBuilder (DBStoreBuilder.java:addTable(110)) - using custom profile for table: deletedBlocks
2019-08-20 14:46:18,303 INFO  db.DBStoreBuilder (DBStoreBuilder.java:processTables(161)) - Using default column profile:DBProfile.DISK for Table:deletedBlocks
2019-08-20 14:46:18,303 INFO  db.DBStoreBuilder (DBStoreBuilder.java:addTable(110)) - using custom profile for table: validCerts
2019-08-20 14:46:18,303 INFO  db.DBStoreBuilder (DBStoreBuilder.java:processTables(161)) - Using default column profile:DBProfile.DISK for Table:validCerts
2019-08-20 14:46:18,303 INFO  db.DBStoreBuilder (DBStoreBuilder.java:addTable(110)) - using custom profile for table: revokedCerts
2019-08-20 14:46:18,304 INFO  db.DBStoreBuilder (DBStoreBuilder.java:processTables(161)) - Using default column profile:DBProfile.DISK for Table:revokedCerts
2019-08-20 14:46:18,304 INFO  db.DBStoreBuilder (DBStoreBuilder.java:addTable(110)) - using custom profile for table: default
2019-08-20 14:46:18,304 INFO  db.DBStoreBuilder (DBStoreBuilder.java:processTables(167)) - Using default column profile:DBProfile.DISK for Table:default
2019-08-20 14:46:18,304 INFO  db.DBStoreBuilder (DBStoreBuilder.java:getDbProfile(198)) - Using default options. DBProfile.DISK
2019-08-20 14:46:18,560 INFO  net.NodeSchemaLoader (NodeSchemaLoader.java:loadSchemaFromFile(125)) - Loading file from sun.misc.CompoundEnumeration@c88a842
2019-08-20 14:46:18,560 INFO  net.NodeSchemaLoader (NodeSchemaLoader.java:loadSchema(171)) - Loading network topology layer schema file
2019-08-20 14:46:18,566 INFO  node.SCMNodeManager (SCMNodeManager.java:<init>(121)) - Entering startup safe mode.
2019-08-20 14:46:18,567 INFO  algorithms.ContainerPlacementPolicyFactory (ContainerPlacementPolicyFactory.java:getPolicy(55)) - Create container placement policy of type org.apache.hadoop.hdds.scm.container.placement.algorithms.SCMContainerPlacementRandom
2019-08-20 14:46:18,567 WARN  server.ServerUtils (ServerUtils.java:getScmDbDir(145)) - ozone.scm.db.dirs is not configured. We recommend adding this setting. Falling back to ozone.metadata.dirs instead.
2019-08-20 14:46:18,837 INFO  pipeline.SCMPipelineManager (SCMPipelineManager.java:initializePipelineState(126)) - No pipeline exists in current db
2019-08-20 14:46:18,837 WARN  server.ServerUtils (ServerUtils.java:getScmDbDir(145)) - ozone.scm.db.dirs is not configured. We recommend adding this setting. Falling back to ozone.metadata.dirs instead.
2019-08-20 14:46:18,897 WARN  events.EventQueue (EventQueue.java:fireEvent(175)) - No event handler registered for event TypedEvent{payloadType=SafeModeStatus, name='SafeModeStatus'}
2019-08-20 14:46:18,898 INFO  ipc.CallQueueManager (CallQueueManager.java:<init>(84)) - Using callQueue: class java.util.concurrent.LinkedBlockingQueue, queueCapacity: 2000, scheduler: class org.apache.hadoop.ipc.DefaultRpcScheduler, ipcBackoff: false.
2019-08-20 14:46:18,898 INFO  ipc.Server (Server.java:run(1074)) - Starting Socket Reader #1 for port 34510
2019-08-20 14:46:18,900 INFO  ipc.CallQueueManager (CallQueueManager.java:<init>(84)) - Using callQueue: class java.util.concurrent.LinkedBlockingQueue, queueCapacity: 2000, scheduler: class org.apache.hadoop.ipc.DefaultRpcScheduler, ipcBackoff: false.
2019-08-20 14:46:18,901 INFO  ipc.Server (Server.java:run(1074)) - Starting Socket Reader #1 for port 44712
2019-08-20 14:46:18,903 INFO  ipc.CallQueueManager (CallQueueManager.java:<init>(84)) - Using callQueue: class java.util.concurrent.LinkedBlockingQueue, queueCapacity: 2000, scheduler: class org.apache.hadoop.ipc.DefaultRpcScheduler, ipcBackoff: false.
2019-08-20 14:46:18,903 INFO  ipc.Server (Server.java:run(1074)) - Starting Socket Reader #1 for port 34042
2019-08-20 14:46:18,907 INFO  hdfs.DFSUtil (DFSUtil.java:httpServerTemplateForNNAndJN(1641)) - Starting Web-server for scm at: http://0.0.0.0:0
2019-08-20 14:46:18,911 INFO  server.AuthenticationFilter (AuthenticationFilter.java:constructSecretProvider(240)) - Unable to initialize FileSignerSecretProvider, falling back to use random secrets.
2019-08-20 14:46:18,911 WARN  http.HttpRequestLog (HttpRequestLog.java:getRequestLog(97)) - Jetty request log can only be enabled using Log4j
2019-08-20 14:46:18,913 INFO  http.HttpServer2 (HttpServer2.java:addGlobalFilter(975)) - Added global filter 'safety' (class=org.apache.hadoop.http.HttpServer2$QuotingInputFilter)
2019-08-20 14:46:18,914 INFO  http.HttpServer2 (HttpServer2.java:addFilter(948)) - Added filter static_user_filter (class=org.apache.hadoop.http.lib.StaticUserWebFilter$StaticUserFilter) to context scm
2019-08-20 14:46:18,914 INFO  http.HttpServer2 (HttpServer2.java:addFilter(958)) - Added filter static_user_filter (class=org.apache.hadoop.http.lib.StaticUserWebFilter$StaticUserFilter) to context logs
2019-08-20 14:46:18,914 INFO  http.HttpServer2 (HttpServer2.java:addFilter(958)) - Added filter static_user_filter (class=org.apache.hadoop.http.lib.StaticUserWebFilter$StaticUserFilter) to context static
2019-08-20 14:46:18,916 INFO  server.StorageContainerManager (StorageContainerManager.java:start(759)) - StorageContainerLocationProtocol RPC server is listening at /0.0.0.0:34042
2019-08-20 14:46:18,918 WARN  impl.MetricsConfig (MetricsConfig.java:loadFirst(134)) - Cannot locate configuration: tried hadoop-metrics2-storagecontainermanager.properties,hadoop-metrics2.properties
2019-08-20 14:46:18,919 INFO  impl.MetricsSystemImpl (MetricsSystemImpl.java:startTimer(374)) - Scheduled Metric snapshot period at 10 second(s).
2019-08-20 14:46:18,919 INFO  impl.MetricsSystemImpl (MetricsSystemImpl.java:start(191)) - StorageContainerManager metrics system started
2019-08-20 14:46:19,022 INFO  server.SCMClientProtocolServer (SCMClientProtocolServer.java:start(151)) - RPC server for Client  is listening at /0.0.0.0:34042
2019-08-20 14:46:19,023 INFO  ipc.Server (Server.java:run(1314)) - IPC Server Responder: starting
2019-08-20 14:46:19,023 INFO  ipc.Server (Server.java:run(1153)) - IPC Server listener on 34042: starting
2019-08-20 14:46:19,027 INFO  server.StorageContainerManager (StorageContainerManager.java:start(769)) - ScmBlockLocationProtocol RPC server is listening at /0.0.0.0:44712
2019-08-20 14:46:19,027 INFO  server.SCMBlockProtocolServer (SCMBlockProtocolServer.java:start(140)) - RPC server for Block Protocol is listening at /0.0.0.0:44712
2019-08-20 14:46:19,027 INFO  ipc.Server (Server.java:run(1314)) - IPC Server Responder: starting
2019-08-20 14:46:19,028 INFO  ipc.Server (Server.java:run(1153)) - IPC Server listener on 44712: starting
2019-08-20 14:46:19,031 INFO  server.StorageContainerManager (StorageContainerManager.java:start(773)) - ScmDatanodeProtocl RPC server is listening at /0.0.0.0:34510
2019-08-20 14:46:19,031 INFO  server.SCMDatanodeProtocolServer (SCMDatanodeProtocolServer.java:start(191)) - RPC server for DataNodes is listening at /0.0.0.0:34510
2019-08-20 14:46:19,032 INFO  ipc.Server (Server.java:run(1314)) - IPC Server Responder: starting
2019-08-20 14:46:19,032 INFO  ipc.Server (Server.java:run(1153)) - IPC Server listener on 34510: starting
2019-08-20 14:46:19,039 INFO  http.HttpServer2 (HttpServer2.java:bindListener(1191)) - Jetty bound to port 46652
2019-08-20 14:46:19,039 INFO  server.Server (Server.java:doStart(351)) - jetty-9.3.24.v20180605, build timestamp: 2018-06-05T17:11:56Z, git hash: 84205aa28f11a4f31f2a3b86d1bba2cc8ab69827
2019-08-20 14:46:19,041 INFO  handler.ContextHandler (ContextHandler.java:doStart(781)) - Started o.e.j.s.ServletContextHandler@2ab0ca04{/logs,file:///workdir/hadoop-ozone/integration-test/target/log,AVAILABLE}
2019-08-20 14:46:19,041 INFO  handler.ContextHandler (ContextHandler.java:doStart(781)) - Started o.e.j.s.ServletContextHandler@7d569c10{/static,file:///workdir/hadoop-ozone/integration-test/target/test-classes/webapps/static,AVAILABLE}
2019-08-20 14:46:19,045 INFO  handler.ContextHandler (ContextHandler.java:doStart(781)) - Started o.e.j.w.WebAppContext@234421ca{/,file:///workdir/hadoop-ozone/integration-test/target/test-classes/webapps/scm/,AVAILABLE}{/scm}
2019-08-20 14:46:19,046 INFO  server.AbstractConnector (AbstractConnector.java:doStart(278)) - Started ServerConnector@6e774194{HTTP/1.1,[http/1.1]}{0.0.0.0:46652}
2019-08-20 14:46:19,047 INFO  server.Server (Server.java:doStart(419)) - Started @678913ms
2019-08-20 14:46:19,047 INFO  server.BaseHttpServer (BaseHttpServer.java:updateConnectorAddress(213)) - HTTP server of SCM is listening at http://0.0.0.0:46652
2019-08-20 14:46:19,048 WARN  server.ServerUtils (ServerUtils.java:getDBPath(222)) - ozone.om.db.dirs is not configured. We recommend adding this setting. Falling back to ozone.metadata.dirs instead.
2019-08-20 14:46:19,048 INFO  util.JvmPauseMonitor (JvmPauseMonitor.java:run(188)) - Starting JVM pause monitor
2019-08-20 14:46:19,072 WARN  server.ServerUtils (ServerUtils.java:getDBPath(222)) - ozone.om.db.dirs is not configured. We recommend adding this setting. Falling back to ozone.metadata.dirs instead.
2019-08-20 14:46:19,073 WARN  server.ServerUtils (ServerUtils.java:getDBPath(222)) - ozone.om.db.dirs is not configured. We recommend adding this setting. Falling back to ozone.metadata.dirs instead.
2019-08-20 14:46:19,073 INFO  om.OzoneManager (OzoneManager.java:setOMNodeDetails(648)) - OM Service ID is not set. Setting it to the default ID: omServiceIdDefault
2019-08-20 14:46:19,073 INFO  om.OzoneManager (OzoneManager.java:setOMNodeDetails(654)) - OM Node ID is not set. Setting it to the OmStorage's OmID: aea9f9c9-99c6-4486-b4d2-6a946efa843d
2019-08-20 14:46:19,073 INFO  om.OzoneManager (OzoneManager.java:loadOMHAConfigs(605)) - Found matching OM address with OMServiceId: null, OMNodeId: null, RPC Address: localhost:0 and Ratis port: 9872
2019-08-20 14:46:19,079 WARN  server.ServerUtils (ServerUtils.java:getDBPath(222)) - ozone.om.db.dirs is not configured. We recommend adding this setting. Falling back to ozone.metadata.dirs instead.
2019-08-20 14:46:19,079 INFO  db.DBStoreBuilder (DBStoreBuilder.java:addTable(110)) - using custom profile for table: userTable
2019-08-20 14:46:19,079 INFO  db.DBStoreBuilder (DBStoreBuilder.java:processTables(161)) - Using default column profile:DBProfile.DISK for Table:userTable
2019-08-20 14:46:19,079 INFO  db.DBStoreBuilder (DBStoreBuilder.java:addTable(110)) - using custom profile for table: volumeTable
2019-08-20 14:46:19,080 INFO  db.DBStoreBuilder (DBStoreBuilder.java:processTables(161)) - Using default column profile:DBProfile.DISK for Table:volumeTable
2019-08-20 14:46:19,080 INFO  db.DBStoreBuilder (DBStoreBuilder.java:addTable(110)) - using custom profile for table: bucketTable
2019-08-20 14:46:19,080 INFO  db.DBStoreBuilder (DBStoreBuilder.java:processTables(161)) - Using default column profile:DBProfile.DISK for Table:bucketTable
2019-08-20 14:46:19,080 INFO  db.DBStoreBuilder (DBStoreBuilder.java:addTable(110)) - using custom profile for table: keyTable
2019-08-20 14:46:19,080 INFO  db.DBStoreBuilder (DBStoreBuilder.java:processTables(161)) - Using default column profile:DBProfile.DISK for Table:keyTable
2019-08-20 14:46:19,080 INFO  db.DBStoreBuilder (DBStoreBuilder.java:addTable(110)) - using custom profile for table: deletedTable
2019-08-20 14:46:19,080 INFO  db.DBStoreBuilder (DBStoreBuilder.java:processTables(161)) - Using default column profile:DBProfile.DISK for Table:deletedTable
2019-08-20 14:46:19,081 INFO  db.DBStoreBuilder (DBStoreBuilder.java:addTable(110)) - using custom profile for table: openKeyTable
2019-08-20 14:46:19,081 INFO  db.DBStoreBuilder (DBStoreBuilder.java:processTables(161)) - Using default column profile:DBProfile.DISK for Table:openKeyTable
2019-08-20 14:46:19,081 INFO  db.DBStoreBuilder (DBStoreBuilder.java:addTable(110)) - using custom profile for table: s3Table
2019-08-20 14:46:19,081 INFO  db.DBStoreBuilder (DBStoreBuilder.java:processTables(161)) - Using default column profile:DBProfile.DISK for Table:s3Table
2019-08-20 14:46:19,081 INFO  db.DBStoreBuilder (DBStoreBuilder.java:addTable(110)) - using custom profile for table: multipartInfoTable
2019-08-20 14:46:19,081 INFO  db.DBStoreBuilder (DBStoreBuilder.java:processTables(161)) - Using default column profile:DBProfile.DISK for Table:multipartInfoTable
2019-08-20 14:46:19,082 INFO  db.DBStoreBuilder (DBStoreBuilder.java:addTable(110)) - using custom profile for table: dTokenTable
2019-08-20 14:46:19,082 INFO  db.DBStoreBuilder (DBStoreBuilder.java:processTables(161)) - Using default column profile:DBProfile.DISK for Table:dTokenTable
2019-08-20 14:46:19,082 INFO  db.DBStoreBuilder (DBStoreBuilder.java:addTable(110)) - using custom profile for table: s3SecretTable
2019-08-20 14:46:19,082 INFO  db.DBStoreBuilder (DBStoreBuilder.java:processTables(161)) - Using default column profile:DBProfile.DISK for Table:s3SecretTable
2019-08-20 14:46:19,082 INFO  db.DBStoreBuilder (DBStoreBuilder.java:addTable(110)) - using custom profile for table: prefixTable
2019-08-20 14:46:19,082 INFO  db.DBStoreBuilder (DBStoreBuilder.java:processTables(161)) - Using default column profile:DBProfile.DISK for Table:prefixTable
2019-08-20 14:46:19,083 INFO  db.DBStoreBuilder (DBStoreBuilder.java:addTable(110)) - using custom profile for table: default
2019-08-20 14:46:19,083 INFO  db.DBStoreBuilder (DBStoreBuilder.java:processTables(167)) - Using default column profile:DBProfile.DISK for Table:default
2019-08-20 14:46:19,083 INFO  db.DBStoreBuilder (DBStoreBuilder.java:getDbProfile(198)) - Using default options. DBProfile.DISK
2019-08-20 14:46:19,462 INFO  ipc.CallQueueManager (CallQueueManager.java:<init>(84)) - Using callQueue: class java.util.concurrent.LinkedBlockingQueue, queueCapacity: 2000, scheduler: class org.apache.hadoop.ipc.DefaultRpcScheduler, ipcBackoff: false.
2019-08-20 14:46:19,463 INFO  ipc.Server (Server.java:run(1074)) - Starting Socket Reader #1 for port 38720
2019-08-20 14:46:19,474 INFO  om.OzoneManager (OzoneManager.java:start(1259)) - OzoneManager RPC server is listening at localhost/127.0.0.1:38720
2019-08-20 14:46:19,475 INFO  impl.MetricsSystemImpl (MetricsSystemImpl.java:init(158)) - OzoneManager metrics system started (again)
2019-08-20 14:46:19,475 INFO  ipc.Server (Server.java:run(1314)) - IPC Server Responder: starting
2019-08-20 14:46:19,477 INFO  ipc.Server (Server.java:run(1153)) - IPC Server listener on 38720: starting
2019-08-20 14:46:19,480 INFO  hdfs.DFSUtil (DFSUtil.java:httpServerTemplateForNNAndJN(1641)) - Starting Web-server for ozoneManager at: http://0.0.0.0:0
2019-08-20 14:46:19,481 INFO  server.AuthenticationFilter (AuthenticationFilter.java:constructSecretProvider(240)) - Unable to initialize FileSignerSecretProvider, falling back to use random secrets.
2019-08-20 14:46:19,482 WARN  http.HttpRequestLog (HttpRequestLog.java:getRequestLog(97)) - Jetty request log can only be enabled using Log4j
2019-08-20 14:46:19,483 INFO  http.HttpServer2 (HttpServer2.java:addGlobalFilter(975)) - Added global filter 'safety' (class=org.apache.hadoop.http.HttpServer2$QuotingInputFilter)
2019-08-20 14:46:19,483 INFO  http.HttpServer2 (HttpServer2.java:addFilter(948)) - Added filter static_user_filter (class=org.apache.hadoop.http.lib.StaticUserWebFilter$StaticUserFilter) to context ozoneManager
2019-08-20 14:46:19,484 INFO  http.HttpServer2 (HttpServer2.java:addFilter(958)) - Added filter static_user_filter (class=org.apache.hadoop.http.lib.StaticUserWebFilter$StaticUserFilter) to context static
2019-08-20 14:46:19,484 INFO  http.HttpServer2 (HttpServer2.java:addFilter(958)) - Added filter static_user_filter (class=org.apache.hadoop.http.lib.StaticUserWebFilter$StaticUserFilter) to context logs
2019-08-20 14:46:19,484 INFO  http.HttpServer2 (HttpServer2.java:bindListener(1191)) - Jetty bound to port 33760
2019-08-20 14:46:19,485 INFO  server.Server (Server.java:doStart(351)) - jetty-9.3.24.v20180605, build timestamp: 2018-06-05T17:11:56Z, git hash: 84205aa28f11a4f31f2a3b86d1bba2cc8ab69827
2019-08-20 14:46:19,486 INFO  handler.ContextHandler (ContextHandler.java:doStart(781)) - Started o.e.j.s.ServletContextHandler@1ec8afc4{/logs,file:///workdir/hadoop-ozone/integration-test/target/log,AVAILABLE}
2019-08-20 14:46:19,486 INFO  handler.ContextHandler (ContextHandler.java:doStart(781)) - Started o.e.j.s.ServletContextHandler@5c516cab{/static,file:///workdir/hadoop-ozone/integration-test/target/test-classes/webapps/static,AVAILABLE}
2019-08-20 14:46:19,490 INFO  handler.ContextHandler (ContextHandler.java:doStart(781)) - Started o.e.j.w.WebAppContext@16a83016{/,file:///workdir/hadoop-ozone/integration-test/target/test-classes/webapps/ozoneManager/,AVAILABLE}{/ozoneManager}
2019-08-20 14:46:19,490 INFO  server.AbstractConnector (AbstractConnector.java:doStart(278)) - Started ServerConnector@592efd6{HTTP/1.1,[http/1.1]}{0.0.0.0:33760}
2019-08-20 14:46:19,490 INFO  server.Server (Server.java:doStart(419)) - Started @679357ms
2019-08-20 14:46:19,492 INFO  server.BaseHttpServer (BaseHttpServer.java:updateConnectorAddress(213)) - HTTP server of OZONEMANAGER is listening at http://0.0.0.0:33760
2019-08-20 14:46:19,504 INFO  impl.MetricsSystemImpl (MetricsSystemImpl.java:init(158)) - HddsDatanode metrics system started (again)
2019-08-20 14:46:19,506 INFO  ozone.HddsDatanodeService (HddsDatanodeService.java:start(184)) - HddsDatanodeService host:pr-hdds-1054-6hltv-2752131155 ip:192.168.69.107
2019-08-20 14:46:19,517 INFO  volume.HddsVolume (HddsVolume.java:<init>(176)) - Creating Volume: /workdir/hadoop-ozone/integration-test/target/test-dir/MiniOzoneClusterImpl-02e6917f-6864-460b-96f4-36c51ed72a02/datanode-0/data/containers/hdds of  storage type : DISK and capacity : 1482555576320
2019-08-20 14:46:19,518 INFO  volume.VolumeSet (VolumeSet.java:initializeVolumeSet(170)) - Added Volume : /workdir/hadoop-ozone/integration-test/target/test-dir/MiniOzoneClusterImpl-02e6917f-6864-460b-96f4-36c51ed72a02/datanode-0/data/containers/hdds to VolumeSet
2019-08-20 14:46:19,518 INFO  volume.ThrottledAsyncChecker (ThrottledAsyncChecker.java:schedule(140)) - Scheduling a check for org.apache.hadoop.ozone.container.common.volume.HddsVolume@139a97e7
2019-08-20 14:46:19,519 INFO  volume.HddsVolumeChecker (HddsVolumeChecker.java:checkAllVolumes(203)) - Scheduled health check for volume org.apache.hadoop.ozone.container.common.volume.HddsVolume@139a97e7
2019-08-20 14:46:19,532 INFO  impl.RaftServerProxy (ConfUtils.java:logGet(43)) - raft.rpc.type = GRPC (default)
2019-08-20 14:46:19,533 INFO  grpc.GrpcFactory (GrpcFactory.java:checkPooledByteBufAllocatorUseCacheForAllThreads(45)) - PERFORMANCE WARNING: useCacheForAllThreads is true that may cause Netty to create a lot garbage objects and, as a result, trigger GC.
	It is recommended to disable useCacheForAllThreads by setting -Dorg.apache.ratis.thirdparty.io.netty.allocator.useCacheForAllThreads=false in command line.
2019-08-20 14:46:19,533 INFO  grpc.GrpcConfigKeys$Server (ConfUtils.java:logGet(43)) - raft.grpc.server.port = 0 (default)
2019-08-20 14:46:19,533 INFO  server.GrpcService (ConfUtils.java:logGet(43)) - raft.grpc.message.size.max = 33570816 (custom)
2019-08-20 14:46:19,533 INFO  server.RaftServerConfigKeys (ConfUtils.java:logGet(43)) - raft.server.log.appender.buffer.byte-limit = 33554432 (custom)
2019-08-20 14:46:19,533 INFO  server.GrpcService (ConfUtils.java:logGet(43)) - raft.grpc.flow.control.window = 1MB (=1048576) (default)
2019-08-20 14:46:19,534 INFO  server.RaftServerConfigKeys (ConfUtils.java:logGet(43)) - raft.server.rpc.request.timeout = 3000ms (default)
2019-08-20 14:46:19,534 INFO  server.RaftServerConfigKeys (ConfUtils.java:logGet(43)) - raft.server.storage.dir = [/workdir/hadoop-ozone/integration-test/target/test-dir/MiniOzoneClusterImpl-02e6917f-6864-460b-96f4-36c51ed72a02/datanode-0/data/ratis] (custom)
2019-08-20 14:46:19,534 INFO  replication.SimpleContainerDownloader (SimpleContainerDownloader.java:<init>(72)) - Starting container downloader service to copy containers to replicate.
2019-08-20 14:46:19,535 INFO  hdfs.DFSUtil (DFSUtil.java:httpServerTemplateForNNAndJN(1641)) - Starting Web-server for hddsDatanode at: http://0.0.0.0:0
2019-08-20 14:46:19,537 INFO  server.AuthenticationFilter (AuthenticationFilter.java:constructSecretProvider(240)) - Unable to initialize FileSignerSecretProvider, falling back to use random secrets.
2019-08-20 14:46:19,537 WARN  http.HttpRequestLog (HttpRequestLog.java:getRequestLog(97)) - Jetty request log can only be enabled using Log4j
2019-08-20 14:46:19,538 INFO  http.HttpServer2 (HttpServer2.java:addGlobalFilter(975)) - Added global filter 'safety' (class=org.apache.hadoop.http.HttpServer2$QuotingInputFilter)
2019-08-20 14:46:19,538 INFO  http.HttpServer2 (HttpServer2.java:addFilter(948)) - Added filter static_user_filter (class=org.apache.hadoop.http.lib.StaticUserWebFilter$StaticUserFilter) to context hddsDatanode
2019-08-20 14:46:19,539 INFO  http.HttpServer2 (HttpServer2.java:addFilter(958)) - Added filter static_user_filter (class=org.apache.hadoop.http.lib.StaticUserWebFilter$StaticUserFilter) to context static
2019-08-20 14:46:19,539 INFO  http.HttpServer2 (HttpServer2.java:addFilter(958)) - Added filter static_user_filter (class=org.apache.hadoop.http.lib.StaticUserWebFilter$StaticUserFilter) to context logs
2019-08-20 14:46:19,539 INFO  http.HttpServer2 (HttpServer2.java:bindListener(1191)) - Jetty bound to port 37579
2019-08-20 14:46:19,539 INFO  server.Server (Server.java:doStart(351)) - jetty-9.3.24.v20180605, build timestamp: 2018-06-05T17:11:56Z, git hash: 84205aa28f11a4f31f2a3b86d1bba2cc8ab69827
2019-08-20 14:46:19,541 INFO  handler.ContextHandler (ContextHandler.java:doStart(781)) - Started o.e.j.s.ServletContextHandler@5536542e{/logs,file:///workdir/hadoop-ozone/integration-test/target/log,AVAILABLE}
2019-08-20 14:46:19,542 INFO  handler.ContextHandler (ContextHandler.java:doStart(781)) - Started o.e.j.s.ServletContextHandler@73c21b13{/static,jar:file:/home/user/.m2/repository/org/apache/hadoop/hadoop-hdds-container-service/0.5.0-SNAPSHOT/hadoop-hdds-container-service-0.5.0-SNAPSHOT.jar!/webapps/static,AVAILABLE}
2019-08-20 14:46:19,575 INFO  handler.ContextHandler (ContextHandler.java:doStart(781)) - Started o.e.j.w.WebAppContext@7db53694{/,file:///tmp/jetty-0.0.0.0-37579-hddsDatanode-_-any-1592970424935292550.dir/webapp/,AVAILABLE}{/hddsDatanode}
2019-08-20 14:46:19,576 INFO  server.AbstractConnector (AbstractConnector.java:doStart(278)) - Started ServerConnector@dc72335{HTTP/1.1,[http/1.1]}{0.0.0.0:37579}
2019-08-20 14:46:19,577 INFO  server.Server (Server.java:doStart(419)) - Started @679444ms
2019-08-20 14:46:19,578 INFO  server.BaseHttpServer (BaseHttpServer.java:updateConnectorAddress(213)) - HTTP server of HDDSDATANODE is listening at http://0.0.0.0:37579
2019-08-20 14:46:19,704 INFO  ozone.HddsDatanodeService (HddsDatanodeService.java:startPlugins(395)) - Started plug-in org.apache.hadoop.ozone.web.OzoneHddsDatanodeService@37ddb835
2019-08-20 14:46:19,705 INFO  impl.MetricsSystemImpl (MetricsSystemImpl.java:init(158)) - HddsDatanode metrics system started (again)
2019-08-20 14:46:19,708 INFO  util.JvmPauseMonitor (JvmPauseMonitor.java:run(188)) - Starting JVM pause monitor
2019-08-20 14:46:19,708 INFO  ozone.HddsDatanodeService (HddsDatanodeService.java:start(184)) - HddsDatanodeService host:pr-hdds-1054-6hltv-2752131155 ip:192.168.69.107
2019-08-20 14:46:19,709 INFO  datanode.InitDatanodeState (InitDatanodeState.java:persistContainerDatanodeDetails(140)) - DatanodeDetails is persisted to /workdir/hadoop-ozone/integration-test/target/test-dir/MiniOzoneClusterImpl-02e6917f-6864-460b-96f4-36c51ed72a02/datanode-0/meta/datanode.id
2019-08-20 14:46:19,716 INFO  volume.HddsVolume (HddsVolume.java:<init>(176)) - Creating Volume: /workdir/hadoop-ozone/integration-test/target/test-dir/MiniOzoneClusterImpl-02e6917f-6864-460b-96f4-36c51ed72a02/datanode-1/data/containers/hdds of  storage type : DISK and capacity : 1482555576320
2019-08-20 14:46:19,717 INFO  volume.VolumeSet (VolumeSet.java:initializeVolumeSet(170)) - Added Volume : /workdir/hadoop-ozone/integration-test/target/test-dir/MiniOzoneClusterImpl-02e6917f-6864-460b-96f4-36c51ed72a02/datanode-1/data/containers/hdds to VolumeSet
2019-08-20 14:46:19,717 INFO  volume.ThrottledAsyncChecker (ThrottledAsyncChecker.java:schedule(140)) - Scheduling a check for org.apache.hadoop.ozone.container.common.volume.HddsVolume@412bb41f
2019-08-20 14:46:19,717 INFO  volume.HddsVolumeChecker (HddsVolumeChecker.java:checkAllVolumes(203)) - Scheduled health check for volume org.apache.hadoop.ozone.container.common.volume.HddsVolume@412bb41f
2019-08-20 14:46:19,731 INFO  impl.RaftServerProxy (ConfUtils.java:logGet(43)) - raft.rpc.type = GRPC (default)
2019-08-20 14:46:19,732 INFO  grpc.GrpcFactory (GrpcFactory.java:checkPooledByteBufAllocatorUseCacheForAllThreads(45)) - PERFORMANCE WARNING: useCacheForAllThreads is true that may cause Netty to create a lot garbage objects and, as a result, trigger GC.
	It is recommended to disable useCacheForAllThreads by setting -Dorg.apache.ratis.thirdparty.io.netty.allocator.useCacheForAllThreads=false in command line.
2019-08-20 14:46:19,732 INFO  grpc.GrpcConfigKeys$Server (ConfUtils.java:logGet(43)) - raft.grpc.server.port = 0 (default)
2019-08-20 14:46:19,732 INFO  server.GrpcService (ConfUtils.java:logGet(43)) - raft.grpc.message.size.max = 33570816 (custom)
2019-08-20 14:46:19,732 INFO  server.RaftServerConfigKeys (ConfUtils.java:logGet(43)) - raft.server.log.appender.buffer.byte-limit = 33554432 (custom)
2019-08-20 14:46:19,733 INFO  server.GrpcService (ConfUtils.java:logGet(43)) - raft.grpc.flow.control.window = 1MB (=1048576) (default)
2019-08-20 14:46:19,733 INFO  server.RaftServerConfigKeys (ConfUtils.java:logGet(43)) - raft.server.rpc.request.timeout = 3000ms (default)
2019-08-20 14:46:19,733 INFO  server.RaftServerConfigKeys (ConfUtils.java:logGet(43)) - raft.server.storage.dir = [/workdir/hadoop-ozone/integration-test/target/test-dir/MiniOzoneClusterImpl-02e6917f-6864-460b-96f4-36c51ed72a02/datanode-1/data/ratis] (custom)
2019-08-20 14:46:19,734 INFO  replication.SimpleContainerDownloader (SimpleContainerDownloader.java:<init>(72)) - Starting container downloader service to copy containers to replicate.
2019-08-20 14:46:19,735 INFO  hdfs.DFSUtil (DFSUtil.java:httpServerTemplateForNNAndJN(1641)) - Starting Web-server for hddsDatanode at: http://0.0.0.0:0
2019-08-20 14:46:19,736 INFO  server.AuthenticationFilter (AuthenticationFilter.java:constructSecretProvider(240)) - Unable to initialize FileSignerSecretProvider, falling back to use random secrets.
2019-08-20 14:46:19,736 WARN  http.HttpRequestLog (HttpRequestLog.java:getRequestLog(97)) - Jetty request log can only be enabled using Log4j
2019-08-20 14:46:19,737 INFO  http.HttpServer2 (HttpServer2.java:addGlobalFilter(975)) - Added global filter 'safety' (class=org.apache.hadoop.http.HttpServer2$QuotingInputFilter)
2019-08-20 14:46:19,738 INFO  http.HttpServer2 (HttpServer2.java:addFilter(948)) - Added filter static_user_filter (class=org.apache.hadoop.http.lib.StaticUserWebFilter$StaticUserFilter) to context hddsDatanode
2019-08-20 14:46:19,738 INFO  http.HttpServer2 (HttpServer2.java:addFilter(958)) - Added filter static_user_filter (class=org.apache.hadoop.http.lib.StaticUserWebFilter$StaticUserFilter) to context logs
2019-08-20 14:46:19,738 INFO  http.HttpServer2 (HttpServer2.java:addFilter(958)) - Added filter static_user_filter (class=org.apache.hadoop.http.lib.StaticUserWebFilter$StaticUserFilter) to context static
2019-08-20 14:46:19,739 INFO  http.HttpServer2 (HttpServer2.java:bindListener(1191)) - Jetty bound to port 41237
2019-08-20 14:46:19,739 INFO  server.Server (Server.java:doStart(351)) - jetty-9.3.24.v20180605, build timestamp: 2018-06-05T17:11:56Z, git hash: 84205aa28f11a4f31f2a3b86d1bba2cc8ab69827
2019-08-20 14:46:19,740 INFO  handler.ContextHandler (ContextHandler.java:doStart(781)) - Started o.e.j.s.ServletContextHandler@4873c645{/logs,file:///workdir/hadoop-ozone/integration-test/target/log,AVAILABLE}
2019-08-20 14:46:19,741 INFO  handler.ContextHandler (ContextHandler.java:doStart(781)) - Started o.e.j.s.ServletContextHandler@e7c3ba2{/static,jar:file:/home/user/.m2/repository/org/apache/hadoop/hadoop-hdds-container-service/0.5.0-SNAPSHOT/hadoop-hdds-container-service-0.5.0-SNAPSHOT.jar!/webapps/static,AVAILABLE}
2019-08-20 14:46:19,770 INFO  handler.ContextHandler (ContextHandler.java:doStart(781)) - Started o.e.j.w.WebAppContext@6f5ae4e1{/,file:///tmp/jetty-0.0.0.0-41237-hddsDatanode-_-any-7360884334625589085.dir/webapp/,AVAILABLE}{/hddsDatanode}
2019-08-20 14:46:19,771 INFO  server.AbstractConnector (AbstractConnector.java:doStart(278)) - Started ServerConnector@2fb006dc{HTTP/1.1,[http/1.1]}{0.0.0.0:41237}
2019-08-20 14:46:19,772 INFO  server.Server (Server.java:doStart(419)) - Started @679638ms
2019-08-20 14:46:19,773 INFO  server.BaseHttpServer (BaseHttpServer.java:updateConnectorAddress(213)) - HTTP server of HDDSDATANODE is listening at http://0.0.0.0:41237
2019-08-20 14:46:19,898 INFO  ozone.HddsDatanodeService (HddsDatanodeService.java:startPlugins(395)) - Started plug-in org.apache.hadoop.ozone.web.OzoneHddsDatanodeService@62a9d176
2019-08-20 14:46:19,898 INFO  impl.MetricsSystemImpl (MetricsSystemImpl.java:init(158)) - HddsDatanode metrics system started (again)
2019-08-20 14:46:19,901 INFO  util.JvmPauseMonitor (JvmPauseMonitor.java:run(188)) - Starting JVM pause monitor
2019-08-20 14:46:19,902 INFO  ozone.HddsDatanodeService (HddsDatanodeService.java:start(184)) - HddsDatanodeService host:pr-hdds-1054-6hltv-2752131155 ip:192.168.69.107
2019-08-20 14:46:19,902 INFO  datanode.InitDatanodeState (InitDatanodeState.java:persistContainerDatanodeDetails(140)) - DatanodeDetails is persisted to /workdir/hadoop-ozone/integration-test/target/test-dir/MiniOzoneClusterImpl-02e6917f-6864-460b-96f4-36c51ed72a02/datanode-1/meta/datanode.id
2019-08-20 14:46:19,910 INFO  volume.HddsVolume (HddsVolume.java:<init>(176)) - Creating Volume: /workdir/hadoop-ozone/integration-test/target/test-dir/MiniOzoneClusterImpl-02e6917f-6864-460b-96f4-36c51ed72a02/datanode-2/data/containers/hdds of  storage type : DISK and capacity : 1482555576320
2019-08-20 14:46:19,910 INFO  volume.VolumeSet (VolumeSet.java:initializeVolumeSet(170)) - Added Volume : /workdir/hadoop-ozone/integration-test/target/test-dir/MiniOzoneClusterImpl-02e6917f-6864-460b-96f4-36c51ed72a02/datanode-2/data/containers/hdds to VolumeSet
2019-08-20 14:46:19,910 INFO  volume.ThrottledAsyncChecker (ThrottledAsyncChecker.java:schedule(140)) - Scheduling a check for org.apache.hadoop.ozone.container.common.volume.HddsVolume@30741e9b
2019-08-20 14:46:19,911 INFO  volume.HddsVolumeChecker (HddsVolumeChecker.java:checkAllVolumes(203)) - Scheduled health check for volume org.apache.hadoop.ozone.container.common.volume.HddsVolume@30741e9b
2019-08-20 14:46:19,925 INFO  impl.RaftServerProxy (ConfUtils.java:logGet(43)) - raft.rpc.type = GRPC (default)
2019-08-20 14:46:19,925 INFO  grpc.GrpcFactory (GrpcFactory.java:checkPooledByteBufAllocatorUseCacheForAllThreads(45)) - PERFORMANCE WARNING: useCacheForAllThreads is true that may cause Netty to create a lot garbage objects and, as a result, trigger GC.
	It is recommended to disable useCacheForAllThreads by setting -Dorg.apache.ratis.thirdparty.io.netty.allocator.useCacheForAllThreads=false in command line.
2019-08-20 14:46:19,926 INFO  grpc.GrpcConfigKeys$Server (ConfUtils.java:logGet(43)) - raft.grpc.server.port = 0 (default)
2019-08-20 14:46:19,926 INFO  server.GrpcService (ConfUtils.java:logGet(43)) - raft.grpc.message.size.max = 33570816 (custom)
2019-08-20 14:46:19,926 INFO  server.RaftServerConfigKeys (ConfUtils.java:logGet(43)) - raft.server.log.appender.buffer.byte-limit = 33554432 (custom)
2019-08-20 14:46:19,926 INFO  server.GrpcService (ConfUtils.java:logGet(43)) - raft.grpc.flow.control.window = 1MB (=1048576) (default)
2019-08-20 14:46:19,926 INFO  server.RaftServerConfigKeys (ConfUtils.java:logGet(43)) - raft.server.rpc.request.timeout = 3000ms (default)
2019-08-20 14:46:19,927 INFO  server.RaftServerConfigKeys (ConfUtils.java:logGet(43)) - raft.server.storage.dir = [/workdir/hadoop-ozone/integration-test/target/test-dir/MiniOzoneClusterImpl-02e6917f-6864-460b-96f4-36c51ed72a02/datanode-2/data/ratis] (custom)
2019-08-20 14:46:19,927 INFO  replication.SimpleContainerDownloader (SimpleContainerDownloader.java:<init>(72)) - Starting container downloader service to copy containers to replicate.
2019-08-20 14:46:19,928 INFO  hdfs.DFSUtil (DFSUtil.java:httpServerTemplateForNNAndJN(1641)) - Starting Web-server for hddsDatanode at: http://0.0.0.0:0
2019-08-20 14:46:19,929 INFO  server.AuthenticationFilter (AuthenticationFilter.java:constructSecretProvider(240)) - Unable to initialize FileSignerSecretProvider, falling back to use random secrets.
2019-08-20 14:46:19,930 WARN  http.HttpRequestLog (HttpRequestLog.java:getRequestLog(97)) - Jetty request log can only be enabled using Log4j
2019-08-20 14:46:19,931 INFO  http.HttpServer2 (HttpServer2.java:addGlobalFilter(975)) - Added global filter 'safety' (class=org.apache.hadoop.http.HttpServer2$QuotingInputFilter)
2019-08-20 14:46:19,932 INFO  http.HttpServer2 (HttpServer2.java:addFilter(948)) - Added filter static_user_filter (class=org.apache.hadoop.http.lib.StaticUserWebFilter$StaticUserFilter) to context hddsDatanode
2019-08-20 14:46:19,932 INFO  http.HttpServer2 (HttpServer2.java:addFilter(958)) - Added filter static_user_filter (class=org.apache.hadoop.http.lib.StaticUserWebFilter$StaticUserFilter) to context static
2019-08-20 14:46:19,932 INFO  http.HttpServer2 (HttpServer2.java:addFilter(958)) - Added filter static_user_filter (class=org.apache.hadoop.http.lib.StaticUserWebFilter$StaticUserFilter) to context logs
2019-08-20 14:46:19,933 INFO  http.HttpServer2 (HttpServer2.java:bindListener(1191)) - Jetty bound to port 45921
2019-08-20 14:46:19,933 INFO  server.Server (Server.java:doStart(351)) - jetty-9.3.24.v20180605, build timestamp: 2018-06-05T17:11:56Z, git hash: 84205aa28f11a4f31f2a3b86d1bba2cc8ab69827
2019-08-20 14:46:19,934 INFO  handler.ContextHandler (ContextHandler.java:doStart(781)) - Started o.e.j.s.ServletContextHandler@3fc2197d{/logs,file:///workdir/hadoop-ozone/integration-test/target/log,AVAILABLE}
2019-08-20 14:46:19,934 INFO  handler.ContextHandler (ContextHandler.java:doStart(781)) - Started o.e.j.s.ServletContextHandler@348b26e0{/static,jar:file:/home/user/.m2/repository/org/apache/hadoop/hadoop-hdds-container-service/0.5.0-SNAPSHOT/hadoop-hdds-container-service-0.5.0-SNAPSHOT.jar!/webapps/static,AVAILABLE}
2019-08-20 14:46:19,968 INFO  handler.ContextHandler (ContextHandler.java:doStart(781)) - Started o.e.j.w.WebAppContext@165a78d4{/,file:///tmp/jetty-0.0.0.0-45921-hddsDatanode-_-any-4979935518990130059.dir/webapp/,AVAILABLE}{/hddsDatanode}
2019-08-20 14:46:19,969 INFO  server.AbstractConnector (AbstractConnector.java:doStart(278)) - Started ServerConnector@139862ca{HTTP/1.1,[http/1.1]}{0.0.0.0:45921}
2019-08-20 14:46:19,970 INFO  server.Server (Server.java:doStart(419)) - Started @679837ms
2019-08-20 14:46:19,971 INFO  server.BaseHttpServer (BaseHttpServer.java:updateConnectorAddress(213)) - HTTP server of HDDSDATANODE is listening at http://0.0.0.0:45921
2019-08-20 14:46:20,290 INFO  ozone.HddsDatanodeService (HddsDatanodeService.java:startPlugins(395)) - Started plug-in org.apache.hadoop.ozone.web.OzoneHddsDatanodeService@73c5b676
2019-08-20 14:46:20,291 INFO  impl.MetricsSystemImpl (MetricsSystemImpl.java:init(158)) - HddsDatanode metrics system started (again)
2019-08-20 14:46:20,294 INFO  util.JvmPauseMonitor (JvmPauseMonitor.java:run(188)) - Starting JVM pause monitor
2019-08-20 14:46:20,294 INFO  ozone.HddsDatanodeService (HddsDatanodeService.java:start(184)) - HddsDatanodeService host:pr-hdds-1054-6hltv-2752131155 ip:192.168.69.107
2019-08-20 14:46:20,296 INFO  datanode.InitDatanodeState (InitDatanodeState.java:persistContainerDatanodeDetails(140)) - DatanodeDetails is persisted to /workdir/hadoop-ozone/integration-test/target/test-dir/MiniOzoneClusterImpl-02e6917f-6864-460b-96f4-36c51ed72a02/datanode-2/meta/datanode.id
2019-08-20 14:46:20,307 INFO  volume.HddsVolume (HddsVolume.java:<init>(176)) - Creating Volume: /workdir/hadoop-ozone/integration-test/target/test-dir/MiniOzoneClusterImpl-02e6917f-6864-460b-96f4-36c51ed72a02/datanode-3/data/containers/hdds of  storage type : DISK and capacity : 1482555576320
2019-08-20 14:46:20,307 INFO  volume.VolumeSet (VolumeSet.java:initializeVolumeSet(170)) - Added Volume : /workdir/hadoop-ozone/integration-test/target/test-dir/MiniOzoneClusterImpl-02e6917f-6864-460b-96f4-36c51ed72a02/datanode-3/data/containers/hdds to VolumeSet
2019-08-20 14:46:20,307 INFO  volume.ThrottledAsyncChecker (ThrottledAsyncChecker.java:schedule(140)) - Scheduling a check for org.apache.hadoop.ozone.container.common.volume.HddsVolume@20fdd484
2019-08-20 14:46:20,308 INFO  volume.HddsVolumeChecker (HddsVolumeChecker.java:checkAllVolumes(203)) - Scheduled health check for volume org.apache.hadoop.ozone.container.common.volume.HddsVolume@20fdd484
2019-08-20 14:46:20,319 INFO  impl.RaftServerProxy (ConfUtils.java:logGet(43)) - raft.rpc.type = GRPC (default)
2019-08-20 14:46:20,319 INFO  grpc.GrpcFactory (GrpcFactory.java:checkPooledByteBufAllocatorUseCacheForAllThreads(45)) - PERFORMANCE WARNING: useCacheForAllThreads is true that may cause Netty to create a lot garbage objects and, as a result, trigger GC.
	It is recommended to disable useCacheForAllThreads by setting -Dorg.apache.ratis.thirdparty.io.netty.allocator.useCacheForAllThreads=false in command line.
2019-08-20 14:46:20,320 INFO  grpc.GrpcConfigKeys$Server (ConfUtils.java:logGet(43)) - raft.grpc.server.port = 0 (default)
2019-08-20 14:46:20,320 INFO  server.GrpcService (ConfUtils.java:logGet(43)) - raft.grpc.message.size.max = 33570816 (custom)
2019-08-20 14:46:20,320 INFO  server.RaftServerConfigKeys (ConfUtils.java:logGet(43)) - raft.server.log.appender.buffer.byte-limit = 33554432 (custom)
2019-08-20 14:46:20,320 INFO  server.GrpcService (ConfUtils.java:logGet(43)) - raft.grpc.flow.control.window = 1MB (=1048576) (default)
2019-08-20 14:46:20,320 INFO  server.RaftServerConfigKeys (ConfUtils.java:logGet(43)) - raft.server.rpc.request.timeout = 3000ms (default)
2019-08-20 14:46:20,321 INFO  server.RaftServerConfigKeys (ConfUtils.java:logGet(43)) - raft.server.storage.dir = [/workdir/hadoop-ozone/integration-test/target/test-dir/MiniOzoneClusterImpl-02e6917f-6864-460b-96f4-36c51ed72a02/datanode-3/data/ratis] (custom)
2019-08-20 14:46:20,321 INFO  replication.SimpleContainerDownloader (SimpleContainerDownloader.java:<init>(72)) - Starting container downloader service to copy containers to replicate.
2019-08-20 14:46:20,322 INFO  hdfs.DFSUtil (DFSUtil.java:httpServerTemplateForNNAndJN(1641)) - Starting Web-server for hddsDatanode at: http://0.0.0.0:0
2019-08-20 14:46:20,323 INFO  server.AuthenticationFilter (AuthenticationFilter.java:constructSecretProvider(240)) - Unable to initialize FileSignerSecretProvider, falling back to use random secrets.
2019-08-20 14:46:20,324 WARN  http.HttpRequestLog (HttpRequestLog.java:getRequestLog(97)) - Jetty request log can only be enabled using Log4j
2019-08-20 14:46:20,325 INFO  http.HttpServer2 (HttpServer2.java:addGlobalFilter(975)) - Added global filter 'safety' (class=org.apache.hadoop.http.HttpServer2$QuotingInputFilter)
2019-08-20 14:46:20,325 INFO  http.HttpServer2 (HttpServer2.java:addFilter(948)) - Added filter static_user_filter (class=org.apache.hadoop.http.lib.StaticUserWebFilter$StaticUserFilter) to context hddsDatanode
2019-08-20 14:46:20,325 INFO  http.HttpServer2 (HttpServer2.java:addFilter(958)) - Added filter static_user_filter (class=org.apache.hadoop.http.lib.StaticUserWebFilter$StaticUserFilter) to context logs
2019-08-20 14:46:20,325 INFO  http.HttpServer2 (HttpServer2.java:addFilter(958)) - Added filter static_user_filter (class=org.apache.hadoop.http.lib.StaticUserWebFilter$StaticUserFilter) to context static
2019-08-20 14:46:20,326 INFO  http.HttpServer2 (HttpServer2.java:bindListener(1191)) - Jetty bound to port 35057
2019-08-20 14:46:20,326 INFO  server.Server (Server.java:doStart(351)) - jetty-9.3.24.v20180605, build timestamp: 2018-06-05T17:11:56Z, git hash: 84205aa28f11a4f31f2a3b86d1bba2cc8ab69827
2019-08-20 14:46:20,327 INFO  handler.ContextHandler (ContextHandler.java:doStart(781)) - Started o.e.j.s.ServletContextHandler@22fb3dde{/logs,file:///workdir/hadoop-ozone/integration-test/target/log,AVAILABLE}
2019-08-20 14:46:20,327 INFO  handler.ContextHandler (ContextHandler.java:doStart(781)) - Started o.e.j.s.ServletContextHandler@72933ccb{/static,jar:file:/home/user/.m2/repository/org/apache/hadoop/hadoop-hdds-container-service/0.5.0-SNAPSHOT/hadoop-hdds-container-service-0.5.0-SNAPSHOT.jar!/webapps/static,AVAILABLE}
2019-08-20 14:46:20,351 INFO  handler.ContextHandler (ContextHandler.java:doStart(781)) - Started o.e.j.w.WebAppContext@69f35d31{/,file:///tmp/jetty-0.0.0.0-35057-hddsDatanode-_-any-7557885628782667078.dir/webapp/,AVAILABLE}{/hddsDatanode}
2019-08-20 14:46:20,352 INFO  server.AbstractConnector (AbstractConnector.java:doStart(278)) - Started ServerConnector@68c1d547{HTTP/1.1,[http/1.1]}{0.0.0.0:35057}
2019-08-20 14:46:20,353 INFO  server.Server (Server.java:doStart(419)) - Started @680220ms
2019-08-20 14:46:20,354 INFO  server.BaseHttpServer (BaseHttpServer.java:updateConnectorAddress(213)) - HTTP server of HDDSDATANODE is listening at http://0.0.0.0:35057
2019-08-20 14:46:20,475 INFO  ozone.HddsDatanodeService (HddsDatanodeService.java:startPlugins(395)) - Started plug-in org.apache.hadoop.ozone.web.OzoneHddsDatanodeService@6b5e8b3a
2019-08-20 14:46:20,475 INFO  impl.MetricsSystemImpl (MetricsSystemImpl.java:init(158)) - HddsDatanode metrics system started (again)
2019-08-20 14:46:20,479 INFO  util.JvmPauseMonitor (JvmPauseMonitor.java:run(188)) - Starting JVM pause monitor
2019-08-20 14:46:20,479 INFO  ozone.HddsDatanodeService (HddsDatanodeService.java:start(184)) - HddsDatanodeService host:pr-hdds-1054-6hltv-2752131155 ip:192.168.69.107
2019-08-20 14:46:20,480 INFO  datanode.InitDatanodeState (InitDatanodeState.java:persistContainerDatanodeDetails(140)) - DatanodeDetails is persisted to /workdir/hadoop-ozone/integration-test/target/test-dir/MiniOzoneClusterImpl-02e6917f-6864-460b-96f4-36c51ed72a02/datanode-3/meta/datanode.id
2019-08-20 14:46:20,489 INFO  volume.HddsVolume (HddsVolume.java:<init>(176)) - Creating Volume: /workdir/hadoop-ozone/integration-test/target/test-dir/MiniOzoneClusterImpl-02e6917f-6864-460b-96f4-36c51ed72a02/datanode-4/data/containers/hdds of  storage type : DISK and capacity : 1482555576320
2019-08-20 14:46:20,489 INFO  volume.VolumeSet (VolumeSet.java:initializeVolumeSet(170)) - Added Volume : /workdir/hadoop-ozone/integration-test/target/test-dir/MiniOzoneClusterImpl-02e6917f-6864-460b-96f4-36c51ed72a02/datanode-4/data/containers/hdds to VolumeSet
2019-08-20 14:46:20,489 INFO  volume.ThrottledAsyncChecker (ThrottledAsyncChecker.java:schedule(140)) - Scheduling a check for org.apache.hadoop.ozone.container.common.volume.HddsVolume@9b87a98
2019-08-20 14:46:20,490 INFO  volume.HddsVolumeChecker (HddsVolumeChecker.java:checkAllVolumes(203)) - Scheduled health check for volume org.apache.hadoop.ozone.container.common.volume.HddsVolume@9b87a98
2019-08-20 14:46:20,502 INFO  impl.RaftServerProxy (ConfUtils.java:logGet(43)) - raft.rpc.type = GRPC (default)
2019-08-20 14:46:20,502 INFO  grpc.GrpcFactory (GrpcFactory.java:checkPooledByteBufAllocatorUseCacheForAllThreads(45)) - PERFORMANCE WARNING: useCacheForAllThreads is true that may cause Netty to create a lot garbage objects and, as a result, trigger GC.
	It is recommended to disable useCacheForAllThreads by setting -Dorg.apache.ratis.thirdparty.io.netty.allocator.useCacheForAllThreads=false in command line.
2019-08-20 14:46:20,502 INFO  grpc.GrpcConfigKeys$Server (ConfUtils.java:logGet(43)) - raft.grpc.server.port = 0 (default)
2019-08-20 14:46:20,503 INFO  server.GrpcService (ConfUtils.java:logGet(43)) - raft.grpc.message.size.max = 33570816 (custom)
2019-08-20 14:46:20,503 INFO  server.RaftServerConfigKeys (ConfUtils.java:logGet(43)) - raft.server.log.appender.buffer.byte-limit = 33554432 (custom)
2019-08-20 14:46:20,503 INFO  server.GrpcService (ConfUtils.java:logGet(43)) - raft.grpc.flow.control.window = 1MB (=1048576) (default)
2019-08-20 14:46:20,503 INFO  server.RaftServerConfigKeys (ConfUtils.java:logGet(43)) - raft.server.rpc.request.timeout = 3000ms (default)
2019-08-20 14:46:20,503 INFO  server.RaftServerConfigKeys (ConfUtils.java:logGet(43)) - raft.server.storage.dir = [/workdir/hadoop-ozone/integration-test/target/test-dir/MiniOzoneClusterImpl-02e6917f-6864-460b-96f4-36c51ed72a02/datanode-4/data/ratis] (custom)
2019-08-20 14:46:20,504 INFO  replication.SimpleContainerDownloader (SimpleContainerDownloader.java:<init>(72)) - Starting container downloader service to copy containers to replicate.
2019-08-20 14:46:20,505 INFO  hdfs.DFSUtil (DFSUtil.java:httpServerTemplateForNNAndJN(1641)) - Starting Web-server for hddsDatanode at: http://0.0.0.0:0
2019-08-20 14:46:20,507 INFO  server.AuthenticationFilter (AuthenticationFilter.java:constructSecretProvider(240)) - Unable to initialize FileSignerSecretProvider, falling back to use random secrets.
2019-08-20 14:46:20,507 WARN  http.HttpRequestLog (HttpRequestLog.java:getRequestLog(97)) - Jetty request log can only be enabled using Log4j
2019-08-20 14:46:20,508 INFO  http.HttpServer2 (HttpServer2.java:addGlobalFilter(975)) - Added global filter 'safety' (class=org.apache.hadoop.http.HttpServer2$QuotingInputFilter)
2019-08-20 14:46:20,508 INFO  http.HttpServer2 (HttpServer2.java:addFilter(948)) - Added filter static_user_filter (class=org.apache.hadoop.http.lib.StaticUserWebFilter$StaticUserFilter) to context hddsDatanode
2019-08-20 14:46:20,508 INFO  http.HttpServer2 (HttpServer2.java:addFilter(958)) - Added filter static_user_filter (class=org.apache.hadoop.http.lib.StaticUserWebFilter$StaticUserFilter) to context logs
2019-08-20 14:46:20,509 INFO  http.HttpServer2 (HttpServer2.java:addFilter(958)) - Added filter static_user_filter (class=org.apache.hadoop.http.lib.StaticUserWebFilter$StaticUserFilter) to context static
2019-08-20 14:46:20,509 INFO  http.HttpServer2 (HttpServer2.java:bindListener(1191)) - Jetty bound to port 44143
2019-08-20 14:46:20,509 INFO  server.Server (Server.java:doStart(351)) - jetty-9.3.24.v20180605, build timestamp: 2018-06-05T17:11:56Z, git hash: 84205aa28f11a4f31f2a3b86d1bba2cc8ab69827
2019-08-20 14:46:20,510 INFO  handler.ContextHandler (ContextHandler.java:doStart(781)) - Started o.e.j.s.ServletContextHandler@67dc8aa8{/logs,file:///workdir/hadoop-ozone/integration-test/target/log,AVAILABLE}
2019-08-20 14:46:20,511 INFO  handler.ContextHandler (ContextHandler.java:doStart(781)) - Started o.e.j.s.ServletContextHandler@5de769c8{/static,jar:file:/home/user/.m2/repository/org/apache/hadoop/hadoop-hdds-container-service/0.5.0-SNAPSHOT/hadoop-hdds-container-service-0.5.0-SNAPSHOT.jar!/webapps/static,AVAILABLE}
2019-08-20 14:46:20,534 INFO  handler.ContextHandler (ContextHandler.java:doStart(781)) - Started o.e.j.w.WebAppContext@7be3baf2{/,file:///tmp/jetty-0.0.0.0-44143-hddsDatanode-_-any-6387547470738919650.dir/webapp/,AVAILABLE}{/hddsDatanode}
2019-08-20 14:46:20,535 INFO  server.AbstractConnector (AbstractConnector.java:doStart(278)) - Started ServerConnector@3a296643{HTTP/1.1,[http/1.1]}{0.0.0.0:44143}
2019-08-20 14:46:20,536 INFO  server.Server (Server.java:doStart(419)) - Started @680403ms
2019-08-20 14:46:20,537 INFO  server.BaseHttpServer (BaseHttpServer.java:updateConnectorAddress(213)) - HTTP server of HDDSDATANODE is listening at http://0.0.0.0:44143
2019-08-20 14:46:20,635 INFO  ozone.HddsDatanodeService (HddsDatanodeService.java:startPlugins(395)) - Started plug-in org.apache.hadoop.ozone.web.OzoneHddsDatanodeService@3c9e169f
2019-08-20 14:46:20,635 INFO  impl.MetricsSystemImpl (MetricsSystemImpl.java:init(158)) - HddsDatanode metrics system started (again)
2019-08-20 14:46:20,639 INFO  util.JvmPauseMonitor (JvmPauseMonitor.java:run(188)) - Starting JVM pause monitor
2019-08-20 14:46:20,639 INFO  ozone.HddsDatanodeService (HddsDatanodeService.java:start(184)) - HddsDatanodeService host:pr-hdds-1054-6hltv-2752131155 ip:192.168.69.107
2019-08-20 14:46:20,640 INFO  datanode.InitDatanodeState (InitDatanodeState.java:persistContainerDatanodeDetails(140)) - DatanodeDetails is persisted to /workdir/hadoop-ozone/integration-test/target/test-dir/MiniOzoneClusterImpl-02e6917f-6864-460b-96f4-36c51ed72a02/datanode-4/meta/datanode.id
2019-08-20 14:46:20,656 INFO  volume.HddsVolume (HddsVolume.java:<init>(176)) - Creating Volume: /workdir/hadoop-ozone/integration-test/target/test-dir/MiniOzoneClusterImpl-02e6917f-6864-460b-96f4-36c51ed72a02/datanode-5/data/containers/hdds of  storage type : DISK and capacity : 1482555576320
2019-08-20 14:46:20,657 INFO  volume.VolumeSet (VolumeSet.java:initializeVolumeSet(170)) - Added Volume : /workdir/hadoop-ozone/integration-test/target/test-dir/MiniOzoneClusterImpl-02e6917f-6864-460b-96f4-36c51ed72a02/datanode-5/data/containers/hdds to VolumeSet
2019-08-20 14:46:20,657 INFO  volume.ThrottledAsyncChecker (ThrottledAsyncChecker.java:schedule(140)) - Scheduling a check for org.apache.hadoop.ozone.container.common.volume.HddsVolume@8c940e2
2019-08-20 14:46:20,657 INFO  volume.HddsVolumeChecker (HddsVolumeChecker.java:checkAllVolumes(203)) - Scheduled health check for volume org.apache.hadoop.ozone.container.common.volume.HddsVolume@8c940e2
2019-08-20 14:46:20,671 INFO  impl.RaftServerProxy (ConfUtils.java:logGet(43)) - raft.rpc.type = GRPC (default)
2019-08-20 14:46:20,671 INFO  grpc.GrpcFactory (GrpcFactory.java:checkPooledByteBufAllocatorUseCacheForAllThreads(45)) - PERFORMANCE WARNING: useCacheForAllThreads is true that may cause Netty to create a lot garbage objects and, as a result, trigger GC.
	It is recommended to disable useCacheForAllThreads by setting -Dorg.apache.ratis.thirdparty.io.netty.allocator.useCacheForAllThreads=false in command line.
2019-08-20 14:46:20,672 INFO  grpc.GrpcConfigKeys$Server (ConfUtils.java:logGet(43)) - raft.grpc.server.port = 0 (default)
2019-08-20 14:46:20,672 INFO  server.GrpcService (ConfUtils.java:logGet(43)) - raft.grpc.message.size.max = 33570816 (custom)
2019-08-20 14:46:20,672 INFO  server.RaftServerConfigKeys (ConfUtils.java:logGet(43)) - raft.server.log.appender.buffer.byte-limit = 33554432 (custom)
2019-08-20 14:46:20,672 INFO  server.GrpcService (ConfUtils.java:logGet(43)) - raft.grpc.flow.control.window = 1MB (=1048576) (default)
2019-08-20 14:46:20,672 INFO  server.RaftServerConfigKeys (ConfUtils.java:logGet(43)) - raft.server.rpc.request.timeout = 3000ms (default)
2019-08-20 14:46:20,673 INFO  server.RaftServerConfigKeys (ConfUtils.java:logGet(43)) - raft.server.storage.dir = [/workdir/hadoop-ozone/integration-test/target/test-dir/MiniOzoneClusterImpl-02e6917f-6864-460b-96f4-36c51ed72a02/datanode-5/data/ratis] (custom)
2019-08-20 14:46:20,673 INFO  replication.SimpleContainerDownloader (SimpleContainerDownloader.java:<init>(72)) - Starting container downloader service to copy containers to replicate.
2019-08-20 14:46:20,675 INFO  hdfs.DFSUtil (DFSUtil.java:httpServerTemplateForNNAndJN(1641)) - Starting Web-server for hddsDatanode at: http://0.0.0.0:0
2019-08-20 14:46:20,678 INFO  server.AuthenticationFilter (AuthenticationFilter.java:constructSecretProvider(240)) - Unable to initialize FileSignerSecretProvider, falling back to use random secrets.
2019-08-20 14:46:20,679 WARN  http.HttpRequestLog (HttpRequestLog.java:getRequestLog(97)) - Jetty request log can only be enabled using Log4j
2019-08-20 14:46:20,682 INFO  http.HttpServer2 (HttpServer2.java:addGlobalFilter(975)) - Added global filter 'safety' (class=org.apache.hadoop.http.HttpServer2$QuotingInputFilter)
2019-08-20 14:46:20,683 INFO  http.HttpServer2 (HttpServer2.java:addFilter(948)) - Added filter static_user_filter (class=org.apache.hadoop.http.lib.StaticUserWebFilter$StaticUserFilter) to context hddsDatanode
2019-08-20 14:46:20,683 INFO  http.HttpServer2 (HttpServer2.java:addFilter(958)) - Added filter static_user_filter (class=org.apache.hadoop.http.lib.StaticUserWebFilter$StaticUserFilter) to context static
2019-08-20 14:46:20,683 INFO  http.HttpServer2 (HttpServer2.java:addFilter(958)) - Added filter static_user_filter (class=org.apache.hadoop.http.lib.StaticUserWebFilter$StaticUserFilter) to context logs
2019-08-20 14:46:20,684 INFO  http.HttpServer2 (HttpServer2.java:bindListener(1191)) - Jetty bound to port 33752
2019-08-20 14:46:20,684 INFO  server.Server (Server.java:doStart(351)) - jetty-9.3.24.v20180605, build timestamp: 2018-06-05T17:11:56Z, git hash: 84205aa28f11a4f31f2a3b86d1bba2cc8ab69827
2019-08-20 14:46:20,687 INFO  handler.ContextHandler (ContextHandler.java:doStart(781)) - Started o.e.j.s.ServletContextHandler@74ed11d7{/logs,file:///workdir/hadoop-ozone/integration-test/target/log,AVAILABLE}
2019-08-20 14:46:20,688 INFO  handler.ContextHandler (ContextHandler.java:doStart(781)) - Started o.e.j.s.ServletContextHandler@623eebca{/static,jar:file:/home/user/.m2/repository/org/apache/hadoop/hadoop-hdds-container-service/0.5.0-SNAPSHOT/hadoop-hdds-container-service-0.5.0-SNAPSHOT.jar!/webapps/static,AVAILABLE}
2019-08-20 14:46:20,729 INFO  handler.ContextHandler (ContextHandler.java:doStart(781)) - Started o.e.j.w.WebAppContext@4a0934a8{/,file:///tmp/jetty-0.0.0.0-33752-hddsDatanode-_-any-3139655375294104674.dir/webapp/,AVAILABLE}{/hddsDatanode}
2019-08-20 14:46:20,729 INFO  server.AbstractConnector (AbstractConnector.java:doStart(278)) - Started ServerConnector@4cf66f73{HTTP/1.1,[http/1.1]}{0.0.0.0:33752}
2019-08-20 14:46:20,730 INFO  server.Server (Server.java:doStart(419)) - Started @680596ms
2019-08-20 14:46:20,732 INFO  server.BaseHttpServer (BaseHttpServer.java:updateConnectorAddress(213)) - HTTP server of HDDSDATANODE is listening at http://0.0.0.0:33752
2019-08-20 14:46:20,850 INFO  ozone.HddsDatanodeService (HddsDatanodeService.java:startPlugins(395)) - Started plug-in org.apache.hadoop.ozone.web.OzoneHddsDatanodeService@2fd79ac6
2019-08-20 14:46:20,850 INFO  impl.MetricsSystemImpl (MetricsSystemImpl.java:init(158)) - HddsDatanode metrics system started (again)
2019-08-20 14:46:20,856 INFO  util.JvmPauseMonitor (JvmPauseMonitor.java:run(188)) - Starting JVM pause monitor
2019-08-20 14:46:20,856 INFO  ozone.HddsDatanodeService (HddsDatanodeService.java:start(184)) - HddsDatanodeService host:pr-hdds-1054-6hltv-2752131155 ip:192.168.69.107
2019-08-20 14:46:20,857 INFO  datanode.InitDatanodeState (InitDatanodeState.java:persistContainerDatanodeDetails(140)) - DatanodeDetails is persisted to /workdir/hadoop-ozone/integration-test/target/test-dir/MiniOzoneClusterImpl-02e6917f-6864-460b-96f4-36c51ed72a02/datanode-5/meta/datanode.id
2019-08-20 14:46:20,866 INFO  volume.HddsVolume (HddsVolume.java:<init>(176)) - Creating Volume: /workdir/hadoop-ozone/integration-test/target/test-dir/MiniOzoneClusterImpl-02e6917f-6864-460b-96f4-36c51ed72a02/datanode-6/data/containers/hdds of  storage type : DISK and capacity : 1482555576320
2019-08-20 14:46:20,866 INFO  volume.VolumeSet (VolumeSet.java:initializeVolumeSet(170)) - Added Volume : /workdir/hadoop-ozone/integration-test/target/test-dir/MiniOzoneClusterImpl-02e6917f-6864-460b-96f4-36c51ed72a02/datanode-6/data/containers/hdds to VolumeSet
2019-08-20 14:46:20,866 INFO  volume.ThrottledAsyncChecker (ThrottledAsyncChecker.java:schedule(140)) - Scheduling a check for org.apache.hadoop.ozone.container.common.volume.HddsVolume@2e3fa7a7
2019-08-20 14:46:20,867 INFO  volume.HddsVolumeChecker (HddsVolumeChecker.java:checkAllVolumes(203)) - Scheduled health check for volume org.apache.hadoop.ozone.container.common.volume.HddsVolume@2e3fa7a7
2019-08-20 14:46:20,881 INFO  impl.RaftServerProxy (ConfUtils.java:logGet(43)) - raft.rpc.type = GRPC (default)
2019-08-20 14:46:20,882 INFO  grpc.GrpcFactory (GrpcFactory.java:checkPooledByteBufAllocatorUseCacheForAllThreads(45)) - PERFORMANCE WARNING: useCacheForAllThreads is true that may cause Netty to create a lot garbage objects and, as a result, trigger GC.
	It is recommended to disable useCacheForAllThreads by setting -Dorg.apache.ratis.thirdparty.io.netty.allocator.useCacheForAllThreads=false in command line.
2019-08-20 14:46:20,882 INFO  grpc.GrpcConfigKeys$Server (ConfUtils.java:logGet(43)) - raft.grpc.server.port = 0 (default)
2019-08-20 14:46:20,882 INFO  server.GrpcService (ConfUtils.java:logGet(43)) - raft.grpc.message.size.max = 33570816 (custom)
2019-08-20 14:46:20,882 INFO  server.RaftServerConfigKeys (ConfUtils.java:logGet(43)) - raft.server.log.appender.buffer.byte-limit = 33554432 (custom)
2019-08-20 14:46:20,882 INFO  server.GrpcService (ConfUtils.java:logGet(43)) - raft.grpc.flow.control.window = 1MB (=1048576) (default)
2019-08-20 14:46:20,883 INFO  server.RaftServerConfigKeys (ConfUtils.java:logGet(43)) - raft.server.rpc.request.timeout = 3000ms (default)
2019-08-20 14:46:20,883 INFO  server.RaftServerConfigKeys (ConfUtils.java:logGet(43)) - raft.server.storage.dir = [/workdir/hadoop-ozone/integration-test/target/test-dir/MiniOzoneClusterImpl-02e6917f-6864-460b-96f4-36c51ed72a02/datanode-6/data/ratis] (custom)
2019-08-20 14:46:20,884 INFO  replication.SimpleContainerDownloader (SimpleContainerDownloader.java:<init>(72)) - Starting container downloader service to copy containers to replicate.
2019-08-20 14:46:20,885 INFO  hdfs.DFSUtil (DFSUtil.java:httpServerTemplateForNNAndJN(1641)) - Starting Web-server for hddsDatanode at: http://0.0.0.0:0
2019-08-20 14:46:20,887 INFO  server.AuthenticationFilter (AuthenticationFilter.java:constructSecretProvider(240)) - Unable to initialize FileSignerSecretProvider, falling back to use random secrets.
2019-08-20 14:46:20,887 WARN  http.HttpRequestLog (HttpRequestLog.java:getRequestLog(97)) - Jetty request log can only be enabled using Log4j
2019-08-20 14:46:20,888 INFO  http.HttpServer2 (HttpServer2.java:addGlobalFilter(975)) - Added global filter 'safety' (class=org.apache.hadoop.http.HttpServer2$QuotingInputFilter)
2019-08-20 14:46:20,889 INFO  http.HttpServer2 (HttpServer2.java:addFilter(948)) - Added filter static_user_filter (class=org.apache.hadoop.http.lib.StaticUserWebFilter$StaticUserFilter) to context hddsDatanode
2019-08-20 14:46:20,889 INFO  http.HttpServer2 (HttpServer2.java:addFilter(958)) - Added filter static_user_filter (class=org.apache.hadoop.http.lib.StaticUserWebFilter$StaticUserFilter) to context static
2019-08-20 14:46:20,889 INFO  http.HttpServer2 (HttpServer2.java:addFilter(958)) - Added filter static_user_filter (class=org.apache.hadoop.http.lib.StaticUserWebFilter$StaticUserFilter) to context logs
2019-08-20 14:46:20,890 INFO  http.HttpServer2 (HttpServer2.java:bindListener(1191)) - Jetty bound to port 40466
2019-08-20 14:46:20,890 INFO  server.Server (Server.java:doStart(351)) - jetty-9.3.24.v20180605, build timestamp: 2018-06-05T17:11:56Z, git hash: 84205aa28f11a4f31f2a3b86d1bba2cc8ab69827
2019-08-20 14:46:20,891 INFO  handler.ContextHandler (ContextHandler.java:doStart(781)) - Started o.e.j.s.ServletContextHandler@66ee4640{/logs,file:///workdir/hadoop-ozone/integration-test/target/log,AVAILABLE}
2019-08-20 14:46:20,892 INFO  handler.ContextHandler (ContextHandler.java:doStart(781)) - Started o.e.j.s.ServletContextHandler@5ddd3fbd{/static,jar:file:/home/user/.m2/repository/org/apache/hadoop/hadoop-hdds-container-service/0.5.0-SNAPSHOT/hadoop-hdds-container-service-0.5.0-SNAPSHOT.jar!/webapps/static,AVAILABLE}
2019-08-20 14:46:20,918 INFO  handler.ContextHandler (ContextHandler.java:doStart(781)) - Started o.e.j.w.WebAppContext@a683f92{/,file:///tmp/jetty-0.0.0.0-40466-hddsDatanode-_-any-6130681922126419789.dir/webapp/,AVAILABLE}{/hddsDatanode}
2019-08-20 14:46:20,918 INFO  server.AbstractConnector (AbstractConnector.java:doStart(278)) - Started ServerConnector@6fb9dab6{HTTP/1.1,[http/1.1]}{0.0.0.0:40466}
2019-08-20 14:46:20,920 INFO  server.Server (Server.java:doStart(419)) - Started @680787ms
2019-08-20 14:46:20,921 INFO  server.BaseHttpServer (BaseHttpServer.java:updateConnectorAddress(213)) - HTTP server of HDDSDATANODE is listening at http://0.0.0.0:40466
2019-08-20 14:46:21,023 INFO  ozone.HddsDatanodeService (HddsDatanodeService.java:startPlugins(395)) - Started plug-in org.apache.hadoop.ozone.web.OzoneHddsDatanodeService@78e3bebd
2019-08-20 14:46:21,023 INFO  ozone.MiniOzoneClusterImpl (MiniOzoneClusterImpl.java:lambda$waitForClusterToBeReady$0(142)) - Waiting for cluster to be ready. Got 0 of 7 DN Heartbeats.
2019-08-20 14:46:21,024 INFO  util.JvmPauseMonitor (JvmPauseMonitor.java:run(188)) - Starting JVM pause monitor
2019-08-20 14:46:21,025 INFO  datanode.InitDatanodeState (InitDatanodeState.java:persistContainerDatanodeDetails(140)) - DatanodeDetails is persisted to /workdir/hadoop-ozone/integration-test/target/test-dir/MiniOzoneClusterImpl-02e6917f-6864-460b-96f4-36c51ed72a02/datanode-6/meta/datanode.id
2019-08-20 14:46:21,727 INFO  ozoneimpl.OzoneContainer (OzoneContainer.java:start(186)) - Attempting to start container services.
2019-08-20 14:46:21,728 INFO  ozoneimpl.OzoneContainer (OzoneContainer.java:startContainerScrub(160)) - Background container scrubber has been disabled by hdds.containerscrub.enabled
2019-08-20 14:46:21,728 INFO  ratis.XceiverServerRatis (XceiverServerRatis.java:start(404)) - Starting XceiverServerRatis 47e13b85-5230-4867-bd83-5f11418c7130 at port 0
2019-08-20 14:46:21,735 INFO  impl.RaftServerProxy (RaftServerProxy.java:lambda$start$3(299)) - 47e13b85-5230-4867-bd83-5f11418c7130: start RPC server
2019-08-20 14:46:21,736 INFO  server.GrpcService (GrpcService.java:startImpl(149)) - 47e13b85-5230-4867-bd83-5f11418c7130: GrpcService started, listening on 0.0.0.0/0.0.0.0:38233
2019-08-20 14:46:21,736 INFO  ratis.XceiverServerRatis (XceiverServerRatis.java:start(414)) - XceiverServerRatis 47e13b85-5230-4867-bd83-5f11418c7130 is started using port 38233
2019-08-20 14:46:21,738 INFO  server.XceiverServerGrpc (XceiverServerGrpc.java:start(161)) - XceiverServerGrpc 47e13b85-5230-4867-bd83-5f11418c7130 is started using port 41643
2019-08-20 14:46:21,931 INFO  ozoneimpl.OzoneContainer (OzoneContainer.java:start(186)) - Attempting to start container services.
2019-08-20 14:46:21,931 INFO  ozoneimpl.OzoneContainer (OzoneContainer.java:startContainerScrub(160)) - Background container scrubber has been disabled by hdds.containerscrub.enabled
2019-08-20 14:46:21,931 INFO  ratis.XceiverServerRatis (XceiverServerRatis.java:start(404)) - Starting XceiverServerRatis 2e05b60f-f50a-4f39-b31d-9e1fc67d357d at port 0
2019-08-20 14:46:21,938 INFO  impl.RaftServerProxy (RaftServerProxy.java:lambda$start$3(299)) - 2e05b60f-f50a-4f39-b31d-9e1fc67d357d: start RPC server
2019-08-20 14:46:21,938 INFO  server.GrpcService (GrpcService.java:startImpl(149)) - 2e05b60f-f50a-4f39-b31d-9e1fc67d357d: GrpcService started, listening on 0.0.0.0/0.0.0.0:41284
2019-08-20 14:46:21,939 INFO  ratis.XceiverServerRatis (XceiverServerRatis.java:start(414)) - XceiverServerRatis 2e05b60f-f50a-4f39-b31d-9e1fc67d357d is started using port 41284
2019-08-20 14:46:21,939 INFO  server.XceiverServerGrpc (XceiverServerGrpc.java:start(161)) - XceiverServerGrpc 2e05b60f-f50a-4f39-b31d-9e1fc67d357d is started using port 37754
2019-08-20 14:46:22,023 INFO  ozone.MiniOzoneClusterImpl (MiniOzoneClusterImpl.java:lambda$waitForClusterToBeReady$0(142)) - Waiting for cluster to be ready. Got 0 of 7 DN Heartbeats.
2019-08-20 14:46:22,319 INFO  ozoneimpl.OzoneContainer (OzoneContainer.java:start(186)) - Attempting to start container services.
2019-08-20 14:46:22,320 INFO  ozoneimpl.OzoneContainer (OzoneContainer.java:startContainerScrub(160)) - Background container scrubber has been disabled by hdds.containerscrub.enabled
2019-08-20 14:46:22,320 INFO  ratis.XceiverServerRatis (XceiverServerRatis.java:start(404)) - Starting XceiverServerRatis 2e8c300d-75de-4f2a-ace2-5d64a786696d at port 0
2019-08-20 14:46:22,329 INFO  impl.RaftServerProxy (RaftServerProxy.java:lambda$start$3(299)) - 2e8c300d-75de-4f2a-ace2-5d64a786696d: start RPC server
2019-08-20 14:46:22,332 INFO  server.GrpcService (GrpcService.java:startImpl(149)) - 2e8c300d-75de-4f2a-ace2-5d64a786696d: GrpcService started, listening on 0.0.0.0/0.0.0.0:45214
2019-08-20 14:46:22,332 INFO  ratis.XceiverServerRatis (XceiverServerRatis.java:start(414)) - XceiverServerRatis 2e8c300d-75de-4f2a-ace2-5d64a786696d is started using port 45214
2019-08-20 14:46:22,340 INFO  server.XceiverServerGrpc (XceiverServerGrpc.java:start(161)) - XceiverServerGrpc 2e8c300d-75de-4f2a-ace2-5d64a786696d is started using port 44993
2019-08-20 14:46:22,493 INFO  ozoneimpl.OzoneContainer (OzoneContainer.java:start(186)) - Attempting to start container services.
2019-08-20 14:46:22,493 INFO  ozoneimpl.OzoneContainer (OzoneContainer.java:startContainerScrub(160)) - Background container scrubber has been disabled by hdds.containerscrub.enabled
2019-08-20 14:46:22,494 INFO  ratis.XceiverServerRatis (XceiverServerRatis.java:start(404)) - Starting XceiverServerRatis 29af68b4-d82a-4dc0-a69b-289012d55633 at port 0
2019-08-20 14:46:22,500 INFO  impl.RaftServerProxy (RaftServerProxy.java:lambda$start$3(299)) - 29af68b4-d82a-4dc0-a69b-289012d55633: start RPC server
2019-08-20 14:46:22,500 INFO  server.GrpcService (GrpcService.java:startImpl(149)) - 29af68b4-d82a-4dc0-a69b-289012d55633: GrpcService started, listening on 0.0.0.0/0.0.0.0:44574
2019-08-20 14:46:22,501 INFO  ratis.XceiverServerRatis (XceiverServerRatis.java:start(414)) - XceiverServerRatis 29af68b4-d82a-4dc0-a69b-289012d55633 is started using port 44574
2019-08-20 14:46:22,503 INFO  server.XceiverServerGrpc (XceiverServerGrpc.java:start(161)) - XceiverServerGrpc 29af68b4-d82a-4dc0-a69b-289012d55633 is started using port 41029
2019-08-20 14:46:22,653 INFO  ozoneimpl.OzoneContainer (OzoneContainer.java:start(186)) - Attempting to start container services.
2019-08-20 14:46:22,653 INFO  ozoneimpl.OzoneContainer (OzoneContainer.java:startContainerScrub(160)) - Background container scrubber has been disabled by hdds.containerscrub.enabled
2019-08-20 14:46:22,654 INFO  ratis.XceiverServerRatis (XceiverServerRatis.java:start(404)) - Starting XceiverServerRatis 86c904ac-088f-4d27-b38c-6cec29f72dff at port 0
2019-08-20 14:46:22,660 INFO  impl.RaftServerProxy (RaftServerProxy.java:lambda$start$3(299)) - 86c904ac-088f-4d27-b38c-6cec29f72dff: start RPC server
2019-08-20 14:46:22,663 INFO  server.GrpcService (GrpcService.java:startImpl(149)) - 86c904ac-088f-4d27-b38c-6cec29f72dff: GrpcService started, listening on 0.0.0.0/0.0.0.0:45686
2019-08-20 14:46:22,663 INFO  ratis.XceiverServerRatis (XceiverServerRatis.java:start(414)) - XceiverServerRatis 86c904ac-088f-4d27-b38c-6cec29f72dff is started using port 45686
2019-08-20 14:46:22,663 INFO  server.XceiverServerGrpc (XceiverServerGrpc.java:start(161)) - XceiverServerGrpc 86c904ac-088f-4d27-b38c-6cec29f72dff is started using port 41879
2019-08-20 14:46:22,876 INFO  ozoneimpl.OzoneContainer (OzoneContainer.java:start(186)) - Attempting to start container services.
2019-08-20 14:46:22,877 INFO  ozoneimpl.OzoneContainer (OzoneContainer.java:startContainerScrub(160)) - Background container scrubber has been disabled by hdds.containerscrub.enabled
2019-08-20 14:46:22,877 INFO  ratis.XceiverServerRatis (XceiverServerRatis.java:start(404)) - Starting XceiverServerRatis 50668996-cd79-4de0-8e82-75564a0c0645 at port 0
2019-08-20 14:46:22,883 INFO  impl.RaftServerProxy (RaftServerProxy.java:lambda$start$3(299)) - 50668996-cd79-4de0-8e82-75564a0c0645: start RPC server
2019-08-20 14:46:22,884 INFO  server.GrpcService (GrpcService.java:startImpl(149)) - 50668996-cd79-4de0-8e82-75564a0c0645: GrpcService started, listening on 0.0.0.0/0.0.0.0:44117
2019-08-20 14:46:22,884 INFO  ratis.XceiverServerRatis (XceiverServerRatis.java:start(414)) - XceiverServerRatis 50668996-cd79-4de0-8e82-75564a0c0645 is started using port 44117
2019-08-20 14:46:22,884 INFO  server.XceiverServerGrpc (XceiverServerGrpc.java:start(161)) - XceiverServerGrpc 50668996-cd79-4de0-8e82-75564a0c0645 is started using port 42759
2019-08-20 14:46:23,024 INFO  ozone.MiniOzoneClusterImpl (MiniOzoneClusterImpl.java:lambda$waitForClusterToBeReady$0(142)) - Waiting for cluster to be ready. Got 0 of 7 DN Heartbeats.
2019-08-20 14:46:23,050 INFO  ozoneimpl.OzoneContainer (OzoneContainer.java:start(186)) - Attempting to start container services.
2019-08-20 14:46:23,051 INFO  ozoneimpl.OzoneContainer (OzoneContainer.java:startContainerScrub(160)) - Background container scrubber has been disabled by hdds.containerscrub.enabled
2019-08-20 14:46:23,051 INFO  ratis.XceiverServerRatis (XceiverServerRatis.java:start(404)) - Starting XceiverServerRatis 5e83d962-d2cc-4e7b-a3f8-0ca678d1e1c0 at port 0
2019-08-20 14:46:23,055 INFO  impl.RaftServerProxy (RaftServerProxy.java:lambda$start$3(299)) - 5e83d962-d2cc-4e7b-a3f8-0ca678d1e1c0: start RPC server
2019-08-20 14:46:23,056 INFO  server.GrpcService (GrpcService.java:startImpl(149)) - 5e83d962-d2cc-4e7b-a3f8-0ca678d1e1c0: GrpcService started, listening on 0.0.0.0/0.0.0.0:38099
2019-08-20 14:46:23,056 INFO  ratis.XceiverServerRatis (XceiverServerRatis.java:start(414)) - XceiverServerRatis 5e83d962-d2cc-4e7b-a3f8-0ca678d1e1c0 is started using port 38099
2019-08-20 14:46:23,056 INFO  server.XceiverServerGrpc (XceiverServerGrpc.java:start(161)) - XceiverServerGrpc 5e83d962-d2cc-4e7b-a3f8-0ca678d1e1c0 is started using port 43902
2019-08-20 14:46:23,712 INFO  net.NetworkTopology (NetworkTopologyImpl.java:add(110)) - Added a new node: /default-rack/47e13b85-5230-4867-bd83-5f11418c7130
2019-08-20 14:46:23,713 INFO  node.SCMNodeManager (SCMNodeManager.java:register(273)) - Registered Data node : 47e13b85-5230-4867-bd83-5f11418c7130{ip: 192.168.69.107, host: pr-hdds-1054-6hltv-2752131155, networkLocation: /default-rack, certSerialId: null}
2019-08-20 14:46:23,714 INFO  safemode.SCMSafeModeManager (DataNodeSafeModeRule.java:process(71)) - SCM in safe mode. 1 DataNodes registered, 1 required.
2019-08-20 14:46:23,716 INFO  safemode.SCMSafeModeManager (SCMSafeModeManager.java:validateSafeModeExitRules(177)) - ScmSafeModeManager, all rules are successfully validated
2019-08-20 14:46:23,716 INFO  safemode.SCMSafeModeManager (SCMSafeModeManager.java:exitSafeMode(193)) - SCM exiting safe mode.
2019-08-20 14:46:23,724 INFO  impl.RaftServerProxy (RaftServerProxy.java:addNew(89)) - 47e13b85-5230-4867-bd83-5f11418c7130: addNew group-9349B9308077:[47e13b85-5230-4867-bd83-5f11418c7130:192.168.69.107:38233] returns group-9349B9308077:java.util.concurrent.CompletableFuture@1ea20e1b[Not completed]
2019-08-20 14:46:23,725 INFO  impl.RaftServerImpl (RaftServerImpl.java:<init>(93)) - 47e13b85-5230-4867-bd83-5f11418c7130: new RaftServerImpl for group-9349B9308077:[47e13b85-5230-4867-bd83-5f11418c7130:192.168.69.107:38233] with ContainerStateMachine:uninitialized
2019-08-20 14:46:23,725 INFO  server.RaftServerConfigKeys (ConfUtils.java:logGet(43)) - raft.server.rpc.timeout.min = 5s (custom)
2019-08-20 14:46:23,725 INFO  server.RaftServerConfigKeys (ConfUtils.java:logGet(43)) - raft.server.rpc.timeout.max = 5200ms (custom)
2019-08-20 14:46:23,725 INFO  server.RaftServerConfigKeys (ConfUtils.java:logGet(43)) - raft.server.rpcslowness.timeout = 120s (custom)
2019-08-20 14:46:23,726 INFO  server.RaftServerConfigKeys (ConfUtils.java:logGet(43)) - raft.server.sleep.deviation.threshold = 300 (default)
2019-08-20 14:46:23,726 INFO  server.RaftServerConfigKeys (ConfUtils.java:logGet(43)) - raft.server.log.appender.install.snapshot.enabled = false (custom)
2019-08-20 14:46:23,726 INFO  impl.RaftServerImpl (ServerState.java:<init>(105)) - 47e13b85-5230-4867-bd83-5f11418c7130:group-9349B9308077 ConfigurationManager, init=-1: [47e13b85-5230-4867-bd83-5f11418c7130:192.168.69.107:38233], old=null, confs=<EMPTY_MAP>
2019-08-20 14:46:23,726 INFO  server.RaftServerConfigKeys (ConfUtils.java:logGet(43)) - raft.server.storage.dir = [/workdir/hadoop-ozone/integration-test/target/test-dir/MiniOzoneClusterImpl-02e6917f-6864-460b-96f4-36c51ed72a02/datanode-0/data/ratis] (custom)
2019-08-20 14:46:23,726 INFO  storage.RaftStorageDirectory (RaftStorageDirectory.java:analyzeStorage(246)) - The storage directory /workdir/hadoop-ozone/integration-test/target/test-dir/MiniOzoneClusterImpl-02e6917f-6864-460b-96f4-36c51ed72a02/datanode-0/data/ratis/b27b4789-bb44-43c3-82d7-9349b9308077 does not exist. Creating ...
2019-08-20 14:46:23,729 INFO  storage.RaftStorageDirectory (RaftStorageDirectory.java:tryLock(328)) - Lock on /workdir/hadoop-ozone/integration-test/target/test-dir/MiniOzoneClusterImpl-02e6917f-6864-460b-96f4-36c51ed72a02/datanode-0/data/ratis/b27b4789-bb44-43c3-82d7-9349b9308077/in_use.lock acquired by nodename 18110@pr-hdds-1054-6hltv-2752131155
2019-08-20 14:46:23,741 INFO  storage.RaftStorage (RaftStorage.java:format(72)) - Storage directory /workdir/hadoop-ozone/integration-test/target/test-dir/MiniOzoneClusterImpl-02e6917f-6864-460b-96f4-36c51ed72a02/datanode-0/data/ratis/b27b4789-bb44-43c3-82d7-9349b9308077 has been successfully formatted.
2019-08-20 14:46:23,742 INFO  ratis.ContainerStateMachine (ContainerStateMachine.java:loadSnapshot(222)) - group-9349B9308077: The snapshot info is null. Setting the last applied indexto:(t:0, i:~)
2019-08-20 14:46:23,742 INFO  server.RaftServerConfigKeys (ConfUtils.java:logGet(43)) - raft.server.leader.election.timeout = 120s (custom)
2019-08-20 14:46:23,742 INFO  server.RaftServerConfigKeys (ConfUtils.java:logGet(43)) - raft.server.log.use.memory = false (default)
2019-08-20 14:46:23,742 INFO  server.RaftServerConfigKeys (ConfUtils.java:logGet(43)) - raft.server.log.purge.gap = 1000000000 (custom)
2019-08-20 14:46:23,742 INFO  server.RaftServerConfigKeys (ConfUtils.java:logGet(43)) - raft.server.log.appender.buffer.byte-limit = 33554432 (custom)
2019-08-20 14:46:23,742 INFO  server.RaftServerConfigKeys (ConfUtils.java:logGet(43)) - raft.server.log.segment.size.max = 1048576 (custom)
2019-08-20 14:46:23,742 INFO  server.RaftServerConfigKeys (ConfUtils.java:logGet(43)) - raft.server.log.segment.cache.num.max = 2 (custom)
2019-08-20 14:46:23,742 INFO  segmented.SegmentedRaftLogWorker (SegmentedRaftLogWorker.java:<init>(172)) - new 47e13b85-5230-4867-bd83-5f11418c7130-SegmentedRaftLogWorker:Storage Directory /workdir/hadoop-ozone/integration-test/target/test-dir/MiniOzoneClusterImpl-02e6917f-6864-460b-96f4-36c51ed72a02/datanode-0/data/ratis/b27b4789-bb44-43c3-82d7-9349b9308077 for RaftStorage:Storage Directory /workdir/hadoop-ozone/integration-test/target/test-dir/MiniOzoneClusterImpl-02e6917f-6864-460b-96f4-36c51ed72a02/datanode-0/data/ratis/b27b4789-bb44-43c3-82d7-9349b9308077
2019-08-20 14:46:23,743 INFO  server.RaftServerConfigKeys (ConfUtils.java:logGet(43)) - raft.server.log.queue.byte-limit = 2147483647 (custom)
2019-08-20 14:46:23,743 INFO  server.RaftServerConfigKeys (ConfUtils.java:logGet(43)) - raft.server.log.queue.element-limit = 1024 (custom)
2019-08-20 14:46:23,743 INFO  server.RaftServerConfigKeys (ConfUtils.java:logGet(43)) - raft.server.log.segment.size.max = 1048576 (custom)
2019-08-20 14:46:23,743 INFO  server.RaftServerConfigKeys (ConfUtils.java:logGet(43)) - raft.server.log.preallocated.size = 16384 (custom)
2019-08-20 14:46:23,743 INFO  server.RaftServerConfigKeys (ConfUtils.java:logGet(43)) - raft.server.log.write.buffer.size = 33554432 (custom)
2019-08-20 14:46:23,743 INFO  server.RaftServerConfigKeys (ConfUtils.java:logGet(43)) - raft.server.log.force.sync.num = 128 (default)
2019-08-20 14:46:23,743 INFO  server.RaftServerConfigKeys (ConfUtils.java:logGet(43)) - raft.server.log.statemachine.data.sync = true (default)
2019-08-20 14:46:23,744 INFO  server.RaftServerConfigKeys (ConfUtils.java:logGet(43)) - raft.server.log.statemachine.data.sync.timeout = 10s (default)
2019-08-20 14:46:23,744 INFO  server.RaftServerConfigKeys (ConfUtils.java:logGet(43)) - raft.server.log.statemachine.data.sync.timeout.retry = -1 (default)
2019-08-20 14:46:23,744 INFO  server.RaftServerConfigKeys (ConfUtils.java:logGet(43)) - raft.server.log.statemachine.data.caching.enabled = true (custom)
2019-08-20 14:46:23,744 INFO  segmented.SegmentedRaftLogWorker (SegmentedRaftLogWorker.java:lambda$new$0(132)) - 47e13b85-5230-4867-bd83-5f11418c7130-SegmentedRaftLogWorker:Storage Directory /workdir/hadoop-ozone/integration-test/target/test-dir/MiniOzoneClusterImpl-02e6917f-6864-460b-96f4-36c51ed72a02/datanode-0/data/ratis/b27b4789-bb44-43c3-82d7-9349b9308077: flushIndex: setUnconditionally 0 -> -1
2019-08-20 14:46:23,745 INFO  server.RaftServerConfigKeys (ConfUtils.java:logGet(43)) - raft.server.snapshot.auto.trigger.enabled = true (custom)
2019-08-20 14:46:23,745 INFO  server.RaftServerConfigKeys (ConfUtils.java:logGet(43)) - raft.server.snapshot.auto.trigger.threshold = 10000 (custom)
2019-08-20 14:46:23,745 INFO  server.RaftServerConfigKeys (ConfUtils.java:logGet(43)) - raft.server.retrycache.expirytime = 600000ms (custom)
2019-08-20 14:46:23,745 INFO  impl.RaftServerImpl (RaftServerImpl.java:start(180)) - 47e13b85-5230-4867-bd83-5f11418c7130: start group-9349B9308077
2019-08-20 14:46:23,745 INFO  impl.RaftServerImpl (RaftServerImpl.java:setRole(171)) - 47e13b85-5230-4867-bd83-5f11418c7130:group-9349B9308077 changes role from null to FOLLOWER at term 0 for startAsFollower
2019-08-20 14:46:23,745 INFO  impl.RoleInfo (RoleInfo.java:updateAndGet(143)) - 47e13b85-5230-4867-bd83-5f11418c7130: start FollowerState
2019-08-20 14:46:23,746 INFO  util.JmxRegister (JmxRegister.java:tryRegister(44)) - Successfully registered JMX Bean with object name Ratis:service=RaftServer,group=group-9349B9308077,id=47e13b85-5230-4867-bd83-5f11418c7130
2019-08-20 14:46:23,748 INFO  pipeline.PipelineStateManager (PipelineStateManager.java:addPipeline(56)) - Created pipeline Pipeline[ Id: b27b4789-bb44-43c3-82d7-9349b9308077, Nodes: 47e13b85-5230-4867-bd83-5f11418c7130{ip: 192.168.69.107, host: pr-hdds-1054-6hltv-2752131155, networkLocation: /default-rack, certSerialId: null}, Type:RATIS, Factor:ONE, State:OPEN]
2019-08-20 14:46:23,901 INFO  net.NetworkTopology (NetworkTopologyImpl.java:add(110)) - Added a new node: /default-rack/2e05b60f-f50a-4f39-b31d-9e1fc67d357d
2019-08-20 14:46:23,901 INFO  node.SCMNodeManager (SCMNodeManager.java:register(273)) - Registered Data node : 2e05b60f-f50a-4f39-b31d-9e1fc67d357d{ip: 192.168.69.107, host: pr-hdds-1054-6hltv-2752131155, networkLocation: /default-rack, certSerialId: null}
2019-08-20 14:46:23,907 INFO  impl.RaftServerProxy (RaftServerProxy.java:addNew(89)) - 2e05b60f-f50a-4f39-b31d-9e1fc67d357d: addNew group-EA1F44A0C2DE:[2e05b60f-f50a-4f39-b31d-9e1fc67d357d:192.168.69.107:41284] returns group-EA1F44A0C2DE:java.util.concurrent.CompletableFuture@25f7ef5f[Not completed]
2019-08-20 14:46:23,908 INFO  impl.RaftServerImpl (RaftServerImpl.java:<init>(93)) - 2e05b60f-f50a-4f39-b31d-9e1fc67d357d: new RaftServerImpl for group-EA1F44A0C2DE:[2e05b60f-f50a-4f39-b31d-9e1fc67d357d:192.168.69.107:41284] with ContainerStateMachine:uninitialized
2019-08-20 14:46:23,908 INFO  server.RaftServerConfigKeys (ConfUtils.java:logGet(43)) - raft.server.rpc.timeout.min = 5s (custom)
2019-08-20 14:46:23,908 INFO  server.RaftServerConfigKeys (ConfUtils.java:logGet(43)) - raft.server.rpc.timeout.max = 5200ms (custom)
2019-08-20 14:46:23,908 INFO  server.RaftServerConfigKeys (ConfUtils.java:logGet(43)) - raft.server.rpcslowness.timeout = 120s (custom)
2019-08-20 14:46:23,908 INFO  server.RaftServerConfigKeys (ConfUtils.java:logGet(43)) - raft.server.sleep.deviation.threshold = 300 (default)
2019-08-20 14:46:23,908 INFO  server.RaftServerConfigKeys (ConfUtils.java:logGet(43)) - raft.server.log.appender.install.snapshot.enabled = false (custom)
2019-08-20 14:46:23,908 INFO  impl.RaftServerImpl (ServerState.java:<init>(105)) - 2e05b60f-f50a-4f39-b31d-9e1fc67d357d:group-EA1F44A0C2DE ConfigurationManager, init=-1: [2e05b60f-f50a-4f39-b31d-9e1fc67d357d:192.168.69.107:41284], old=null, confs=<EMPTY_MAP>
2019-08-20 14:46:23,908 INFO  server.RaftServerConfigKeys (ConfUtils.java:logGet(43)) - raft.server.storage.dir = [/workdir/hadoop-ozone/integration-test/target/test-dir/MiniOzoneClusterImpl-02e6917f-6864-460b-96f4-36c51ed72a02/datanode-1/data/ratis] (custom)
2019-08-20 14:46:23,909 INFO  storage.RaftStorageDirectory (RaftStorageDirectory.java:analyzeStorage(246)) - The storage directory /workdir/hadoop-ozone/integration-test/target/test-dir/MiniOzoneClusterImpl-02e6917f-6864-460b-96f4-36c51ed72a02/datanode-1/data/ratis/3ff0a9c4-4070-493f-9b33-ea1f44a0c2de does not exist. Creating ...
2019-08-20 14:46:23,922 INFO  storage.RaftStorageDirectory (RaftStorageDirectory.java:tryLock(328)) - Lock on /workdir/hadoop-ozone/integration-test/target/test-dir/MiniOzoneClusterImpl-02e6917f-6864-460b-96f4-36c51ed72a02/datanode-1/data/ratis/3ff0a9c4-4070-493f-9b33-ea1f44a0c2de/in_use.lock acquired by nodename 18110@pr-hdds-1054-6hltv-2752131155
2019-08-20 14:46:23,936 INFO  storage.RaftStorage (RaftStorage.java:format(72)) - Storage directory /workdir/hadoop-ozone/integration-test/target/test-dir/MiniOzoneClusterImpl-02e6917f-6864-460b-96f4-36c51ed72a02/datanode-1/data/ratis/3ff0a9c4-4070-493f-9b33-ea1f44a0c2de has been successfully formatted.
2019-08-20 14:46:23,936 INFO  ratis.ContainerStateMachine (ContainerStateMachine.java:loadSnapshot(222)) - group-EA1F44A0C2DE: The snapshot info is null. Setting the last applied indexto:(t:0, i:~)
2019-08-20 14:46:23,936 INFO  server.RaftServerConfigKeys (ConfUtils.java:logGet(43)) - raft.server.leader.election.timeout = 120s (custom)
2019-08-20 14:46:23,936 INFO  server.RaftServerConfigKeys (ConfUtils.java:logGet(43)) - raft.server.log.use.memory = false (default)
2019-08-20 14:46:23,936 INFO  server.RaftServerConfigKeys (ConfUtils.java:logGet(43)) - raft.server.log.purge.gap = 1000000000 (custom)
2019-08-20 14:46:23,936 INFO  server.RaftServerConfigKeys (ConfUtils.java:logGet(43)) - raft.server.log.appender.buffer.byte-limit = 33554432 (custom)
2019-08-20 14:46:23,936 INFO  server.RaftServerConfigKeys (ConfUtils.java:logGet(43)) - raft.server.log.segment.size.max = 1048576 (custom)
2019-08-20 14:46:23,937 INFO  server.RaftServerConfigKeys (ConfUtils.java:logGet(43)) - raft.server.log.segment.cache.num.max = 2 (custom)
2019-08-20 14:46:23,937 INFO  segmented.SegmentedRaftLogWorker (SegmentedRaftLogWorker.java:<init>(172)) - new 2e05b60f-f50a-4f39-b31d-9e1fc67d357d-SegmentedRaftLogWorker:Storage Directory /workdir/hadoop-ozone/integration-test/target/test-dir/MiniOzoneClusterImpl-02e6917f-6864-460b-96f4-36c51ed72a02/datanode-1/data/ratis/3ff0a9c4-4070-493f-9b33-ea1f44a0c2de for RaftStorage:Storage Directory /workdir/hadoop-ozone/integration-test/target/test-dir/MiniOzoneClusterImpl-02e6917f-6864-460b-96f4-36c51ed72a02/datanode-1/data/ratis/3ff0a9c4-4070-493f-9b33-ea1f44a0c2de
2019-08-20 14:46:23,937 INFO  server.RaftServerConfigKeys (ConfUtils.java:logGet(43)) - raft.server.log.queue.byte-limit = 2147483647 (custom)
2019-08-20 14:46:23,937 INFO  server.RaftServerConfigKeys (ConfUtils.java:logGet(43)) - raft.server.log.queue.element-limit = 1024 (custom)
2019-08-20 14:46:23,937 INFO  server.RaftServerConfigKeys (ConfUtils.java:logGet(43)) - raft.server.log.segment.size.max = 1048576 (custom)
2019-08-20 14:46:23,937 INFO  server.RaftServerConfigKeys (ConfUtils.java:logGet(43)) - raft.server.log.preallocated.size = 16384 (custom)
2019-08-20 14:46:23,937 INFO  server.RaftServerConfigKeys (ConfUtils.java:logGet(43)) - raft.server.log.write.buffer.size = 33554432 (custom)
2019-08-20 14:46:23,937 INFO  server.RaftServerConfigKeys (ConfUtils.java:logGet(43)) - raft.server.log.force.sync.num = 128 (default)
2019-08-20 14:46:23,937 INFO  server.RaftServerConfigKeys (ConfUtils.java:logGet(43)) - raft.server.log.statemachine.data.sync = true (default)
2019-08-20 14:46:23,937 INFO  server.RaftServerConfigKeys (ConfUtils.java:logGet(43)) - raft.server.log.statemachine.data.sync.timeout = 10s (default)
2019-08-20 14:46:23,938 INFO  server.RaftServerConfigKeys (ConfUtils.java:logGet(43)) - raft.server.log.statemachine.data.sync.timeout.retry = -1 (default)
2019-08-20 14:46:23,938 INFO  server.RaftServerConfigKeys (ConfUtils.java:logGet(43)) - raft.server.log.statemachine.data.caching.enabled = true (custom)
2019-08-20 14:46:23,938 INFO  segmented.SegmentedRaftLogWorker (SegmentedRaftLogWorker.java:lambda$new$0(132)) - 2e05b60f-f50a-4f39-b31d-9e1fc67d357d-SegmentedRaftLogWorker:Storage Directory /workdir/hadoop-ozone/integration-test/target/test-dir/MiniOzoneClusterImpl-02e6917f-6864-460b-96f4-36c51ed72a02/datanode-1/data/ratis/3ff0a9c4-4070-493f-9b33-ea1f44a0c2de: flushIndex: setUnconditionally 0 -> -1
2019-08-20 14:46:23,938 INFO  server.RaftServerConfigKeys (ConfUtils.java:logGet(43)) - raft.server.snapshot.auto.trigger.enabled = true (custom)
2019-08-20 14:46:23,938 INFO  server.RaftServerConfigKeys (ConfUtils.java:logGet(43)) - raft.server.snapshot.auto.trigger.threshold = 10000 (custom)
2019-08-20 14:46:23,938 INFO  server.RaftServerConfigKeys (ConfUtils.java:logGet(43)) - raft.server.retrycache.expirytime = 600000ms (custom)
2019-08-20 14:46:23,939 INFO  impl.RaftServerImpl (RaftServerImpl.java:start(180)) - 2e05b60f-f50a-4f39-b31d-9e1fc67d357d: start group-EA1F44A0C2DE
2019-08-20 14:46:23,939 INFO  impl.RaftServerImpl (RaftServerImpl.java:setRole(171)) - 2e05b60f-f50a-4f39-b31d-9e1fc67d357d:group-EA1F44A0C2DE changes role from null to FOLLOWER at term 0 for startAsFollower
2019-08-20 14:46:23,939 INFO  impl.RoleInfo (RoleInfo.java:updateAndGet(143)) - 2e05b60f-f50a-4f39-b31d-9e1fc67d357d: start FollowerState
2019-08-20 14:46:23,939 INFO  util.JmxRegister (JmxRegister.java:tryRegister(44)) - Successfully registered JMX Bean with object name Ratis:service=RaftServer,group=group-EA1F44A0C2DE,id=2e05b60f-f50a-4f39-b31d-9e1fc67d357d
2019-08-20 14:46:23,941 INFO  pipeline.PipelineStateManager (PipelineStateManager.java:addPipeline(56)) - Created pipeline Pipeline[ Id: 3ff0a9c4-4070-493f-9b33-ea1f44a0c2de, Nodes: 2e05b60f-f50a-4f39-b31d-9e1fc67d357d{ip: 192.168.69.107, host: pr-hdds-1054-6hltv-2752131155, networkLocation: /default-rack, certSerialId: null}, Type:RATIS, Factor:ONE, State:OPEN]
2019-08-20 14:46:24,025 INFO  ozone.MiniOzoneClusterImpl (MiniOzoneClusterImpl.java:lambda$waitForClusterToBeReady$0(142)) - Waiting for cluster to be ready. Got 2 of 7 DN Heartbeats.
2019-08-20 14:46:24,296 INFO  net.NetworkTopology (NetworkTopologyImpl.java:add(110)) - Added a new node: /default-rack/2e8c300d-75de-4f2a-ace2-5d64a786696d
2019-08-20 14:46:24,296 INFO  node.SCMNodeManager (SCMNodeManager.java:register(273)) - Registered Data node : 2e8c300d-75de-4f2a-ace2-5d64a786696d{ip: 192.168.69.107, host: pr-hdds-1054-6hltv-2752131155, networkLocation: /default-rack, certSerialId: null}
2019-08-20 14:46:24,304 INFO  impl.RaftServerProxy (RaftServerProxy.java:addNew(89)) - 2e8c300d-75de-4f2a-ace2-5d64a786696d: addNew group-B9ED92CA443F:[2e8c300d-75de-4f2a-ace2-5d64a786696d:192.168.69.107:45214] returns group-B9ED92CA443F:java.util.concurrent.CompletableFuture@509dcb20[Not completed]
2019-08-20 14:46:24,305 INFO  impl.RaftServerImpl (RaftServerImpl.java:<init>(93)) - 2e8c300d-75de-4f2a-ace2-5d64a786696d: new RaftServerImpl for group-B9ED92CA443F:[2e8c300d-75de-4f2a-ace2-5d64a786696d:192.168.69.107:45214] with ContainerStateMachine:uninitialized
2019-08-20 14:46:24,305 INFO  server.RaftServerConfigKeys (ConfUtils.java:logGet(43)) - raft.server.rpc.timeout.min = 5s (custom)
2019-08-20 14:46:24,306 INFO  server.RaftServerConfigKeys (ConfUtils.java:logGet(43)) - raft.server.rpc.timeout.max = 5200ms (custom)
2019-08-20 14:46:24,306 INFO  server.RaftServerConfigKeys (ConfUtils.java:logGet(43)) - raft.server.rpcslowness.timeout = 120s (custom)
2019-08-20 14:46:24,306 INFO  server.RaftServerConfigKeys (ConfUtils.java:logGet(43)) - raft.server.sleep.deviation.threshold = 300 (default)
2019-08-20 14:46:24,306 INFO  server.RaftServerConfigKeys (ConfUtils.java:logGet(43)) - raft.server.log.appender.install.snapshot.enabled = false (custom)
2019-08-20 14:46:24,306 INFO  impl.RaftServerImpl (ServerState.java:<init>(105)) - 2e8c300d-75de-4f2a-ace2-5d64a786696d:group-B9ED92CA443F ConfigurationManager, init=-1: [2e8c300d-75de-4f2a-ace2-5d64a786696d:192.168.69.107:45214], old=null, confs=<EMPTY_MAP>
2019-08-20 14:46:24,306 INFO  server.RaftServerConfigKeys (ConfUtils.java:logGet(43)) - raft.server.storage.dir = [/workdir/hadoop-ozone/integration-test/target/test-dir/MiniOzoneClusterImpl-02e6917f-6864-460b-96f4-36c51ed72a02/datanode-2/data/ratis] (custom)
2019-08-20 14:46:24,307 INFO  storage.RaftStorageDirectory (RaftStorageDirectory.java:analyzeStorage(246)) - The storage directory /workdir/hadoop-ozone/integration-test/target/test-dir/MiniOzoneClusterImpl-02e6917f-6864-460b-96f4-36c51ed72a02/datanode-2/data/ratis/d58b7862-171e-40a8-972c-b9ed92ca443f does not exist. Creating ...
2019-08-20 14:46:24,320 INFO  storage.RaftStorageDirectory (RaftStorageDirectory.java:tryLock(328)) - Lock on /workdir/hadoop-ozone/integration-test/target/test-dir/MiniOzoneClusterImpl-02e6917f-6864-460b-96f4-36c51ed72a02/datanode-2/data/ratis/d58b7862-171e-40a8-972c-b9ed92ca443f/in_use.lock acquired by nodename 18110@pr-hdds-1054-6hltv-2752131155
2019-08-20 14:46:24,350 INFO  storage.RaftStorage (RaftStorage.java:format(72)) - Storage directory /workdir/hadoop-ozone/integration-test/target/test-dir/MiniOzoneClusterImpl-02e6917f-6864-460b-96f4-36c51ed72a02/datanode-2/data/ratis/d58b7862-171e-40a8-972c-b9ed92ca443f has been successfully formatted.
2019-08-20 14:46:24,350 INFO  ratis.ContainerStateMachine (ContainerStateMachine.java:loadSnapshot(222)) - group-B9ED92CA443F: The snapshot info is null. Setting the last applied indexto:(t:0, i:~)
2019-08-20 14:46:24,350 INFO  server.RaftServerConfigKeys (ConfUtils.java:logGet(43)) - raft.server.leader.election.timeout = 120s (custom)
2019-08-20 14:46:24,351 INFO  server.RaftServerConfigKeys (ConfUtils.java:logGet(43)) - raft.server.log.use.memory = false (default)
2019-08-20 14:46:24,351 INFO  server.RaftServerConfigKeys (ConfUtils.java:logGet(43)) - raft.server.log.purge.gap = 1000000000 (custom)
2019-08-20 14:46:24,351 INFO  server.RaftServerConfigKeys (ConfUtils.java:logGet(43)) - raft.server.log.appender.buffer.byte-limit = 33554432 (custom)
2019-08-20 14:46:24,351 INFO  server.RaftServerConfigKeys (ConfUtils.java:logGet(43)) - raft.server.log.segment.size.max = 1048576 (custom)
2019-08-20 14:46:24,351 INFO  server.RaftServerConfigKeys (ConfUtils.java:logGet(43)) - raft.server.log.segment.cache.num.max = 2 (custom)
2019-08-20 14:46:24,351 INFO  segmented.SegmentedRaftLogWorker (SegmentedRaftLogWorker.java:<init>(172)) - new 2e8c300d-75de-4f2a-ace2-5d64a786696d-SegmentedRaftLogWorker:Storage Directory /workdir/hadoop-ozone/integration-test/target/test-dir/MiniOzoneClusterImpl-02e6917f-6864-460b-96f4-36c51ed72a02/datanode-2/data/ratis/d58b7862-171e-40a8-972c-b9ed92ca443f for RaftStorage:Storage Directory /workdir/hadoop-ozone/integration-test/target/test-dir/MiniOzoneClusterImpl-02e6917f-6864-460b-96f4-36c51ed72a02/datanode-2/data/ratis/d58b7862-171e-40a8-972c-b9ed92ca443f
2019-08-20 14:46:24,351 INFO  server.RaftServerConfigKeys (ConfUtils.java:logGet(43)) - raft.server.log.queue.byte-limit = 2147483647 (custom)
2019-08-20 14:46:24,352 INFO  server.RaftServerConfigKeys (ConfUtils.java:logGet(43)) - raft.server.log.queue.element-limit = 1024 (custom)
2019-08-20 14:46:24,352 INFO  server.RaftServerConfigKeys (ConfUtils.java:logGet(43)) - raft.server.log.segment.size.max = 1048576 (custom)
2019-08-20 14:46:24,352 INFO  server.RaftServerConfigKeys (ConfUtils.java:logGet(43)) - raft.server.log.preallocated.size = 16384 (custom)
2019-08-20 14:46:24,352 INFO  server.RaftServerConfigKeys (ConfUtils.java:logGet(43)) - raft.server.log.write.buffer.size = 33554432 (custom)
2019-08-20 14:46:24,352 INFO  server.RaftServerConfigKeys (ConfUtils.java:logGet(43)) - raft.server.log.force.sync.num = 128 (default)
2019-08-20 14:46:24,352 INFO  server.RaftServerConfigKeys (ConfUtils.java:logGet(43)) - raft.server.log.statemachine.data.sync = true (default)
2019-08-20 14:46:24,353 INFO  server.RaftServerConfigKeys (ConfUtils.java:logGet(43)) - raft.server.log.statemachine.data.sync.timeout = 10s (default)
2019-08-20 14:46:24,353 INFO  server.RaftServerConfigKeys (ConfUtils.java:logGet(43)) - raft.server.log.statemachine.data.sync.timeout.retry = -1 (default)
2019-08-20 14:46:24,353 INFO  server.RaftServerConfigKeys (ConfUtils.java:logGet(43)) - raft.server.log.statemachine.data.caching.enabled = true (custom)
2019-08-20 14:46:24,353 INFO  segmented.SegmentedRaftLogWorker (SegmentedRaftLogWorker.java:lambda$new$0(132)) - 2e8c300d-75de-4f2a-ace2-5d64a786696d-SegmentedRaftLogWorker:Storage Directory /workdir/hadoop-ozone/integration-test/target/test-dir/MiniOzoneClusterImpl-02e6917f-6864-460b-96f4-36c51ed72a02/datanode-2/data/ratis/d58b7862-171e-40a8-972c-b9ed92ca443f: flushIndex: setUnconditionally 0 -> -1
2019-08-20 14:46:24,354 INFO  server.RaftServerConfigKeys (ConfUtils.java:logGet(43)) - raft.server.snapshot.auto.trigger.enabled = true (custom)
2019-08-20 14:46:24,354 INFO  server.RaftServerConfigKeys (ConfUtils.java:logGet(43)) - raft.server.snapshot.auto.trigger.threshold = 10000 (custom)
2019-08-20 14:46:24,354 INFO  server.RaftServerConfigKeys (ConfUtils.java:logGet(43)) - raft.server.retrycache.expirytime = 600000ms (custom)
2019-08-20 14:46:24,354 INFO  impl.RaftServerImpl (RaftServerImpl.java:start(180)) - 2e8c300d-75de-4f2a-ace2-5d64a786696d: start group-B9ED92CA443F
2019-08-20 14:46:24,354 INFO  impl.RaftServerImpl (RaftServerImpl.java:setRole(171)) - 2e8c300d-75de-4f2a-ace2-5d64a786696d:group-B9ED92CA443F changes role from null to FOLLOWER at term 0 for startAsFollower
2019-08-20 14:46:24,354 INFO  impl.RoleInfo (RoleInfo.java:updateAndGet(143)) - 2e8c300d-75de-4f2a-ace2-5d64a786696d: start FollowerState
2019-08-20 14:46:24,355 INFO  util.JmxRegister (JmxRegister.java:tryRegister(44)) - Successfully registered JMX Bean with object name Ratis:service=RaftServer,group=group-B9ED92CA443F,id=2e8c300d-75de-4f2a-ace2-5d64a786696d
2019-08-20 14:46:24,357 INFO  pipeline.PipelineStateManager (PipelineStateManager.java:addPipeline(56)) - Created pipeline Pipeline[ Id: d58b7862-171e-40a8-972c-b9ed92ca443f, Nodes: 2e8c300d-75de-4f2a-ace2-5d64a786696d{ip: 192.168.69.107, host: pr-hdds-1054-6hltv-2752131155, networkLocation: /default-rack, certSerialId: null}, Type:RATIS, Factor:ONE, State:OPEN]
2019-08-20 14:46:24,372 INFO  impl.RaftServerProxy (RaftServerProxy.java:addNew(89)) - 2e05b60f-f50a-4f39-b31d-9e1fc67d357d: addNew group-0708FA4555F9:[2e8c300d-75de-4f2a-ace2-5d64a786696d:192.168.69.107:45214, 2e05b60f-f50a-4f39-b31d-9e1fc67d357d:192.168.69.107:41284, 47e13b85-5230-4867-bd83-5f11418c7130:192.168.69.107:38233] returns group-0708FA4555F9:java.util.concurrent.CompletableFuture@2feb44cb[Not completed]
2019-08-20 14:46:24,372 INFO  impl.RaftServerProxy (RaftServerProxy.java:addNew(89)) - 2e8c300d-75de-4f2a-ace2-5d64a786696d: addNew group-0708FA4555F9:[2e8c300d-75de-4f2a-ace2-5d64a786696d:192.168.69.107:45214, 2e05b60f-f50a-4f39-b31d-9e1fc67d357d:192.168.69.107:41284, 47e13b85-5230-4867-bd83-5f11418c7130:192.168.69.107:38233] returns group-0708FA4555F9:java.util.concurrent.CompletableFuture@6d7d8fa2[Not completed]
2019-08-20 14:46:24,373 INFO  impl.RaftServerProxy (RaftServerProxy.java:addNew(89)) - 47e13b85-5230-4867-bd83-5f11418c7130: addNew group-0708FA4555F9:[2e8c300d-75de-4f2a-ace2-5d64a786696d:192.168.69.107:45214, 2e05b60f-f50a-4f39-b31d-9e1fc67d357d:192.168.69.107:41284, 47e13b85-5230-4867-bd83-5f11418c7130:192.168.69.107:38233] returns group-0708FA4555F9:java.util.concurrent.CompletableFuture@4a4f8f6[Not completed]
2019-08-20 14:46:24,373 INFO  impl.RaftServerImpl (RaftServerImpl.java:<init>(93)) - 2e8c300d-75de-4f2a-ace2-5d64a786696d: new RaftServerImpl for group-0708FA4555F9:[2e8c300d-75de-4f2a-ace2-5d64a786696d:192.168.69.107:45214, 2e05b60f-f50a-4f39-b31d-9e1fc67d357d:192.168.69.107:41284, 47e13b85-5230-4867-bd83-5f11418c7130:192.168.69.107:38233] with ContainerStateMachine:uninitialized
2019-08-20 14:46:24,373 INFO  server.RaftServerConfigKeys (ConfUtils.java:logGet(43)) - raft.server.rpc.timeout.min = 5s (custom)
2019-08-20 14:46:24,374 INFO  server.RaftServerConfigKeys (ConfUtils.java:logGet(43)) - raft.server.rpc.timeout.max = 5200ms (custom)
2019-08-20 14:46:24,374 INFO  impl.RaftServerImpl (RaftServerImpl.java:<init>(93)) - 2e05b60f-f50a-4f39-b31d-9e1fc67d357d: new RaftServerImpl for group-0708FA4555F9:[2e8c300d-75de-4f2a-ace2-5d64a786696d:192.168.69.107:45214, 2e05b60f-f50a-4f39-b31d-9e1fc67d357d:192.168.69.107:41284, 47e13b85-5230-4867-bd83-5f11418c7130:192.168.69.107:38233] with ContainerStateMachine:uninitialized
2019-08-20 14:46:24,374 INFO  server.RaftServerConfigKeys (ConfUtils.java:logGet(43)) - raft.server.rpcslowness.timeout = 120s (custom)
2019-08-20 14:46:24,374 INFO  server.RaftServerConfigKeys (ConfUtils.java:logGet(43)) - raft.server.rpc.timeout.min = 5s (custom)
2019-08-20 14:46:24,374 INFO  impl.RaftServerImpl (RaftServerImpl.java:<init>(93)) - 47e13b85-5230-4867-bd83-5f11418c7130: new RaftServerImpl for group-0708FA4555F9:[2e8c300d-75de-4f2a-ace2-5d64a786696d:192.168.69.107:45214, 2e05b60f-f50a-4f39-b31d-9e1fc67d357d:192.168.69.107:41284, 47e13b85-5230-4867-bd83-5f11418c7130:192.168.69.107:38233] with ContainerStateMachine:uninitialized
2019-08-20 14:46:24,374 INFO  server.RaftServerConfigKeys (ConfUtils.java:logGet(43)) - raft.server.sleep.deviation.threshold = 300 (default)
2019-08-20 14:46:24,374 INFO  server.RaftServerConfigKeys (ConfUtils.java:logGet(43)) - raft.server.rpc.timeout.min = 5s (custom)
2019-08-20 14:46:24,375 INFO  server.RaftServerConfigKeys (ConfUtils.java:logGet(43)) - raft.server.rpc.timeout.max = 5200ms (custom)
2019-08-20 14:46:24,374 INFO  server.RaftServerConfigKeys (ConfUtils.java:logGet(43)) - raft.server.rpc.timeout.max = 5200ms (custom)
2019-08-20 14:46:24,375 INFO  server.RaftServerConfigKeys (ConfUtils.java:logGet(43)) - raft.server.rpcslowness.timeout = 120s (custom)
2019-08-20 14:46:24,375 INFO  server.RaftServerConfigKeys (ConfUtils.java:logGet(43)) - raft.server.log.appender.install.snapshot.enabled = false (custom)
2019-08-20 14:46:24,375 INFO  server.RaftServerConfigKeys (ConfUtils.java:logGet(43)) - raft.server.sleep.deviation.threshold = 300 (default)
2019-08-20 14:46:24,375 INFO  server.RaftServerConfigKeys (ConfUtils.java:logGet(43)) - raft.server.log.appender.install.snapshot.enabled = false (custom)
2019-08-20 14:46:24,375 INFO  server.RaftServerConfigKeys (ConfUtils.java:logGet(43)) - raft.server.rpcslowness.timeout = 120s (custom)
2019-08-20 14:46:24,375 INFO  impl.RaftServerImpl (ServerState.java:<init>(105)) - 47e13b85-5230-4867-bd83-5f11418c7130:group-0708FA4555F9 ConfigurationManager, init=-1: [2e8c300d-75de-4f2a-ace2-5d64a786696d:192.168.69.107:45214, 2e05b60f-f50a-4f39-b31d-9e1fc67d357d:192.168.69.107:41284, 47e13b85-5230-4867-bd83-5f11418c7130:192.168.69.107:38233], old=null, confs=<EMPTY_MAP>
2019-08-20 14:46:24,375 INFO  impl.RaftServerImpl (ServerState.java:<init>(105)) - 2e8c300d-75de-4f2a-ace2-5d64a786696d:group-0708FA4555F9 ConfigurationManager, init=-1: [2e8c300d-75de-4f2a-ace2-5d64a786696d:192.168.69.107:45214, 2e05b60f-f50a-4f39-b31d-9e1fc67d357d:192.168.69.107:41284, 47e13b85-5230-4867-bd83-5f11418c7130:192.168.69.107:38233], old=null, confs=<EMPTY_MAP>
2019-08-20 14:46:24,376 INFO  server.RaftServerConfigKeys (ConfUtils.java:logGet(43)) - raft.server.storage.dir = [/workdir/hadoop-ozone/integration-test/target/test-dir/MiniOzoneClusterImpl-02e6917f-6864-460b-96f4-36c51ed72a02/datanode-0/data/ratis] (custom)
2019-08-20 14:46:24,376 INFO  server.RaftServerConfigKeys (ConfUtils.java:logGet(43)) - raft.server.sleep.deviation.threshold = 300 (default)
2019-08-20 14:46:24,376 INFO  server.RaftServerConfigKeys (ConfUtils.java:logGet(43)) - raft.server.storage.dir = [/workdir/hadoop-ozone/integration-test/target/test-dir/MiniOzoneClusterImpl-02e6917f-6864-460b-96f4-36c51ed72a02/datanode-2/data/ratis] (custom)
2019-08-20 14:46:24,376 INFO  server.RaftServerConfigKeys (ConfUtils.java:logGet(43)) - raft.server.log.appender.install.snapshot.enabled = false (custom)
2019-08-20 14:46:24,377 INFO  storage.RaftStorageDirectory (RaftStorageDirectory.java:analyzeStorage(246)) - The storage directory /workdir/hadoop-ozone/integration-test/target/test-dir/MiniOzoneClusterImpl-02e6917f-6864-460b-96f4-36c51ed72a02/datanode-2/data/ratis/2416f202-07a9-4218-991f-0708fa4555f9 does not exist. Creating ...
2019-08-20 14:46:24,376 INFO  storage.RaftStorageDirectory (RaftStorageDirectory.java:analyzeStorage(246)) - The storage directory /workdir/hadoop-ozone/integration-test/target/test-dir/MiniOzoneClusterImpl-02e6917f-6864-460b-96f4-36c51ed72a02/datanode-0/data/ratis/2416f202-07a9-4218-991f-0708fa4555f9 does not exist. Creating ...
2019-08-20 14:46:24,377 INFO  impl.RaftServerImpl (ServerState.java:<init>(105)) - 2e05b60f-f50a-4f39-b31d-9e1fc67d357d:group-0708FA4555F9 ConfigurationManager, init=-1: [2e8c300d-75de-4f2a-ace2-5d64a786696d:192.168.69.107:45214, 2e05b60f-f50a-4f39-b31d-9e1fc67d357d:192.168.69.107:41284, 47e13b85-5230-4867-bd83-5f11418c7130:192.168.69.107:38233], old=null, confs=<EMPTY_MAP>
2019-08-20 14:46:24,377 INFO  server.RaftServerConfigKeys (ConfUtils.java:logGet(43)) - raft.server.storage.dir = [/workdir/hadoop-ozone/integration-test/target/test-dir/MiniOzoneClusterImpl-02e6917f-6864-460b-96f4-36c51ed72a02/datanode-1/data/ratis] (custom)
2019-08-20 14:46:24,378 INFO  storage.RaftStorageDirectory (RaftStorageDirectory.java:analyzeStorage(246)) - The storage directory /workdir/hadoop-ozone/integration-test/target/test-dir/MiniOzoneClusterImpl-02e6917f-6864-460b-96f4-36c51ed72a02/datanode-1/data/ratis/2416f202-07a9-4218-991f-0708fa4555f9 does not exist. Creating ...
2019-08-20 14:46:24,390 INFO  storage.RaftStorageDirectory (RaftStorageDirectory.java:tryLock(328)) - Lock on /workdir/hadoop-ozone/integration-test/target/test-dir/MiniOzoneClusterImpl-02e6917f-6864-460b-96f4-36c51ed72a02/datanode-1/data/ratis/2416f202-07a9-4218-991f-0708fa4555f9/in_use.lock acquired by nodename 18110@pr-hdds-1054-6hltv-2752131155
2019-08-20 14:46:24,390 INFO  storage.RaftStorageDirectory (RaftStorageDirectory.java:tryLock(328)) - Lock on /workdir/hadoop-ozone/integration-test/target/test-dir/MiniOzoneClusterImpl-02e6917f-6864-460b-96f4-36c51ed72a02/datanode-0/data/ratis/2416f202-07a9-4218-991f-0708fa4555f9/in_use.lock acquired by nodename 18110@pr-hdds-1054-6hltv-2752131155
2019-08-20 14:46:24,390 INFO  storage.RaftStorageDirectory (RaftStorageDirectory.java:tryLock(328)) - Lock on /workdir/hadoop-ozone/integration-test/target/test-dir/MiniOzoneClusterImpl-02e6917f-6864-460b-96f4-36c51ed72a02/datanode-2/data/ratis/2416f202-07a9-4218-991f-0708fa4555f9/in_use.lock acquired by nodename 18110@pr-hdds-1054-6hltv-2752131155
2019-08-20 14:46:24,405 INFO  storage.RaftStorage (RaftStorage.java:format(72)) - Storage directory /workdir/hadoop-ozone/integration-test/target/test-dir/MiniOzoneClusterImpl-02e6917f-6864-460b-96f4-36c51ed72a02/datanode-0/data/ratis/2416f202-07a9-4218-991f-0708fa4555f9 has been successfully formatted.
2019-08-20 14:46:24,405 INFO  storage.RaftStorage (RaftStorage.java:format(72)) - Storage directory /workdir/hadoop-ozone/integration-test/target/test-dir/MiniOzoneClusterImpl-02e6917f-6864-460b-96f4-36c51ed72a02/datanode-2/data/ratis/2416f202-07a9-4218-991f-0708fa4555f9 has been successfully formatted.
2019-08-20 14:46:24,405 INFO  storage.RaftStorage (RaftStorage.java:format(72)) - Storage directory /workdir/hadoop-ozone/integration-test/target/test-dir/MiniOzoneClusterImpl-02e6917f-6864-460b-96f4-36c51ed72a02/datanode-1/data/ratis/2416f202-07a9-4218-991f-0708fa4555f9 has been successfully formatted.
2019-08-20 14:46:24,405 INFO  ratis.ContainerStateMachine (ContainerStateMachine.java:loadSnapshot(222)) - group-0708FA4555F9: The snapshot info is null. Setting the last applied indexto:(t:0, i:~)
2019-08-20 14:46:24,405 INFO  ratis.ContainerStateMachine (ContainerStateMachine.java:loadSnapshot(222)) - group-0708FA4555F9: The snapshot info is null. Setting the last applied indexto:(t:0, i:~)
2019-08-20 14:46:24,405 INFO  ratis.ContainerStateMachine (ContainerStateMachine.java:loadSnapshot(222)) - group-0708FA4555F9: The snapshot info is null. Setting the last applied indexto:(t:0, i:~)
2019-08-20 14:46:24,406 INFO  server.RaftServerConfigKeys (ConfUtils.java:logGet(43)) - raft.server.leader.election.timeout = 120s (custom)
2019-08-20 14:46:24,406 INFO  server.RaftServerConfigKeys (ConfUtils.java:logGet(43)) - raft.server.log.use.memory = false (default)
2019-08-20 14:46:24,405 INFO  server.RaftServerConfigKeys (ConfUtils.java:logGet(43)) - raft.server.leader.election.timeout = 120s (custom)
2019-08-20 14:46:24,406 INFO  server.RaftServerConfigKeys (ConfUtils.java:logGet(43)) - raft.server.log.purge.gap = 1000000000 (custom)
2019-08-20 14:46:24,406 INFO  server.RaftServerConfigKeys (ConfUtils.java:logGet(43)) - raft.server.log.appender.buffer.byte-limit = 33554432 (custom)
2019-08-20 14:46:24,406 INFO  server.RaftServerConfigKeys (ConfUtils.java:logGet(43)) - raft.server.leader.election.timeout = 120s (custom)
2019-08-20 14:46:24,406 INFO  server.RaftServerConfigKeys (ConfUtils.java:logGet(43)) - raft.server.log.segment.size.max = 1048576 (custom)
2019-08-20 14:46:24,406 INFO  server.RaftServerConfigKeys (ConfUtils.java:logGet(43)) - raft.server.log.use.memory = false (default)
2019-08-20 14:46:24,407 INFO  server.RaftServerConfigKeys (ConfUtils.java:logGet(43)) - raft.server.log.segment.cache.num.max = 2 (custom)
2019-08-20 14:46:24,407 INFO  server.RaftServerConfigKeys (ConfUtils.java:logGet(43)) - raft.server.log.use.memory = false (default)
2019-08-20 14:46:24,407 INFO  segmented.SegmentedRaftLogWorker (SegmentedRaftLogWorker.java:<init>(172)) - new 2e05b60f-f50a-4f39-b31d-9e1fc67d357d-SegmentedRaftLogWorker:Storage Directory /workdir/hadoop-ozone/integration-test/target/test-dir/MiniOzoneClusterImpl-02e6917f-6864-460b-96f4-36c51ed72a02/datanode-1/data/ratis/2416f202-07a9-4218-991f-0708fa4555f9 for RaftStorage:Storage Directory /workdir/hadoop-ozone/integration-test/target/test-dir/MiniOzoneClusterImpl-02e6917f-6864-460b-96f4-36c51ed72a02/datanode-1/data/ratis/2416f202-07a9-4218-991f-0708fa4555f9
2019-08-20 14:46:24,407 INFO  server.RaftServerConfigKeys (ConfUtils.java:logGet(43)) - raft.server.log.purge.gap = 1000000000 (custom)
2019-08-20 14:46:24,407 INFO  server.RaftServerConfigKeys (ConfUtils.java:logGet(43)) - raft.server.log.queue.byte-limit = 2147483647 (custom)
2019-08-20 14:46:24,407 INFO  server.RaftServerConfigKeys (ConfUtils.java:logGet(43)) - raft.server.log.purge.gap = 1000000000 (custom)
2019-08-20 14:46:24,408 INFO  server.RaftServerConfigKeys (ConfUtils.java:logGet(43)) - raft.server.log.queue.element-limit = 1024 (custom)
2019-08-20 14:46:24,408 INFO  server.RaftServerConfigKeys (ConfUtils.java:logGet(43)) - raft.server.log.appender.buffer.byte-limit = 33554432 (custom)
2019-08-20 14:46:24,408 INFO  server.RaftServerConfigKeys (ConfUtils.java:logGet(43)) - raft.server.log.segment.size.max = 1048576 (custom)
2019-08-20 14:46:24,408 INFO  server.RaftServerConfigKeys (ConfUtils.java:logGet(43)) - raft.server.log.appender.buffer.byte-limit = 33554432 (custom)
2019-08-20 14:46:24,408 INFO  server.RaftServerConfigKeys (ConfUtils.java:logGet(43)) - raft.server.log.preallocated.size = 16384 (custom)
2019-08-20 14:46:24,409 INFO  server.RaftServerConfigKeys (ConfUtils.java:logGet(43)) - raft.server.log.write.buffer.size = 33554432 (custom)
2019-08-20 14:46:24,408 INFO  server.RaftServerConfigKeys (ConfUtils.java:logGet(43)) - raft.server.log.segment.size.max = 1048576 (custom)
2019-08-20 14:46:24,409 INFO  server.RaftServerConfigKeys (ConfUtils.java:logGet(43)) - raft.server.log.force.sync.num = 128 (default)
2019-08-20 14:46:24,408 INFO  server.RaftServerConfigKeys (ConfUtils.java:logGet(43)) - raft.server.log.segment.size.max = 1048576 (custom)
2019-08-20 14:46:24,409 INFO  server.RaftServerConfigKeys (ConfUtils.java:logGet(43)) - raft.server.log.statemachine.data.sync = true (default)
2019-08-20 14:46:24,409 INFO  server.RaftServerConfigKeys (ConfUtils.java:logGet(43)) - raft.server.log.statemachine.data.sync.timeout = 10s (default)
2019-08-20 14:46:24,409 INFO  server.RaftServerConfigKeys (ConfUtils.java:logGet(43)) - raft.server.log.segment.cache.num.max = 2 (custom)
2019-08-20 14:46:24,410 INFO  server.RaftServerConfigKeys (ConfUtils.java:logGet(43)) - raft.server.log.statemachine.data.sync.timeout.retry = -1 (default)
2019-08-20 14:46:24,409 INFO  server.RaftServerConfigKeys (ConfUtils.java:logGet(43)) - raft.server.log.segment.cache.num.max = 2 (custom)
2019-08-20 14:46:24,410 INFO  server.RaftServerConfigKeys (ConfUtils.java:logGet(43)) - raft.server.log.statemachine.data.caching.enabled = true (custom)
2019-08-20 14:46:24,410 INFO  segmented.SegmentedRaftLogWorker (SegmentedRaftLogWorker.java:<init>(172)) - new 47e13b85-5230-4867-bd83-5f11418c7130-SegmentedRaftLogWorker:Storage Directory /workdir/hadoop-ozone/integration-test/target/test-dir/MiniOzoneClusterImpl-02e6917f-6864-460b-96f4-36c51ed72a02/datanode-0/data/ratis/2416f202-07a9-4218-991f-0708fa4555f9 for RaftStorage:Storage Directory /workdir/hadoop-ozone/integration-test/target/test-dir/MiniOzoneClusterImpl-02e6917f-6864-460b-96f4-36c51ed72a02/datanode-0/data/ratis/2416f202-07a9-4218-991f-0708fa4555f9
2019-08-20 14:46:24,410 INFO  segmented.SegmentedRaftLogWorker (SegmentedRaftLogWorker.java:lambda$new$0(132)) - 2e05b60f-f50a-4f39-b31d-9e1fc67d357d-SegmentedRaftLogWorker:Storage Directory /workdir/hadoop-ozone/integration-test/target/test-dir/MiniOzoneClusterImpl-02e6917f-6864-460b-96f4-36c51ed72a02/datanode-1/data/ratis/2416f202-07a9-4218-991f-0708fa4555f9: flushIndex: setUnconditionally 0 -> -1
2019-08-20 14:46:24,410 INFO  segmented.SegmentedRaftLogWorker (SegmentedRaftLogWorker.java:<init>(172)) - new 2e8c300d-75de-4f2a-ace2-5d64a786696d-SegmentedRaftLogWorker:Storage Directory /workdir/hadoop-ozone/integration-test/target/test-dir/MiniOzoneClusterImpl-02e6917f-6864-460b-96f4-36c51ed72a02/datanode-2/data/ratis/2416f202-07a9-4218-991f-0708fa4555f9 for RaftStorage:Storage Directory /workdir/hadoop-ozone/integration-test/target/test-dir/MiniOzoneClusterImpl-02e6917f-6864-460b-96f4-36c51ed72a02/datanode-2/data/ratis/2416f202-07a9-4218-991f-0708fa4555f9
2019-08-20 14:46:24,410 INFO  server.RaftServerConfigKeys (ConfUtils.java:logGet(43)) - raft.server.log.queue.byte-limit = 2147483647 (custom)
2019-08-20 14:46:24,411 INFO  server.RaftServerConfigKeys (ConfUtils.java:logGet(43)) - raft.server.snapshot.auto.trigger.enabled = true (custom)
2019-08-20 14:46:24,411 INFO  server.RaftServerConfigKeys (ConfUtils.java:logGet(43)) - raft.server.log.queue.byte-limit = 2147483647 (custom)
2019-08-20 14:46:24,411 INFO  server.RaftServerConfigKeys (ConfUtils.java:logGet(43)) - raft.server.snapshot.auto.trigger.threshold = 10000 (custom)
2019-08-20 14:46:24,411 INFO  server.RaftServerConfigKeys (ConfUtils.java:logGet(43)) - raft.server.log.queue.element-limit = 1024 (custom)
2019-08-20 14:46:24,411 INFO  server.RaftServerConfigKeys (ConfUtils.java:logGet(43)) - raft.server.retrycache.expirytime = 600000ms (custom)
2019-08-20 14:46:24,411 INFO  server.RaftServerConfigKeys (ConfUtils.java:logGet(43)) - raft.server.log.queue.element-limit = 1024 (custom)
2019-08-20 14:46:24,412 INFO  impl.RaftServerImpl (RaftServerImpl.java:start(180)) - 2e05b60f-f50a-4f39-b31d-9e1fc67d357d: start group-0708FA4555F9
2019-08-20 14:46:24,412 INFO  impl.RaftServerImpl (RaftServerImpl.java:setRole(171)) - 2e05b60f-f50a-4f39-b31d-9e1fc67d357d:group-0708FA4555F9 changes role from null to FOLLOWER at term 0 for startAsFollower
2019-08-20 14:46:24,412 INFO  server.RaftServerConfigKeys (ConfUtils.java:logGet(43)) - raft.server.log.segment.size.max = 1048576 (custom)
2019-08-20 14:46:24,412 INFO  impl.RoleInfo (RoleInfo.java:updateAndGet(143)) - 2e05b60f-f50a-4f39-b31d-9e1fc67d357d: start FollowerState
2019-08-20 14:46:24,412 INFO  server.RaftServerConfigKeys (ConfUtils.java:logGet(43)) - raft.server.log.segment.size.max = 1048576 (custom)
2019-08-20 14:46:24,412 INFO  server.RaftServerConfigKeys (ConfUtils.java:logGet(43)) - raft.server.log.preallocated.size = 16384 (custom)
2019-08-20 14:46:24,413 INFO  server.RaftServerConfigKeys (ConfUtils.java:logGet(43)) - raft.server.log.preallocated.size = 16384 (custom)
2019-08-20 14:46:24,413 INFO  util.JmxRegister (JmxRegister.java:tryRegister(44)) - Successfully registered JMX Bean with object name Ratis:service=RaftServer,group=group-0708FA4555F9,id=2e05b60f-f50a-4f39-b31d-9e1fc67d357d
2019-08-20 14:46:24,413 INFO  server.RaftServerConfigKeys (ConfUtils.java:logGet(43)) - raft.server.log.write.buffer.size = 33554432 (custom)
2019-08-20 14:46:24,413 INFO  server.RaftServerConfigKeys (ConfUtils.java:logGet(43)) - raft.server.log.write.buffer.size = 33554432 (custom)
2019-08-20 14:46:24,413 INFO  server.RaftServerConfigKeys (ConfUtils.java:logGet(43)) - raft.server.log.force.sync.num = 128 (default)
2019-08-20 14:46:24,413 INFO  server.RaftServerConfigKeys (ConfUtils.java:logGet(43)) - raft.server.log.force.sync.num = 128 (default)
2019-08-20 14:46:24,414 INFO  server.RaftServerConfigKeys (ConfUtils.java:logGet(43)) - raft.server.log.statemachine.data.sync = true (default)
2019-08-20 14:46:24,414 INFO  server.RaftServerConfigKeys (ConfUtils.java:logGet(43)) - raft.server.log.statemachine.data.sync = true (default)
2019-08-20 14:46:24,414 INFO  server.RaftServerConfigKeys (ConfUtils.java:logGet(43)) - raft.server.log.statemachine.data.sync.timeout = 10s (default)
2019-08-20 14:46:24,414 INFO  server.RaftServerConfigKeys (ConfUtils.java:logGet(43)) - raft.server.log.statemachine.data.sync.timeout = 10s (default)
2019-08-20 14:46:24,414 INFO  server.RaftServerConfigKeys (ConfUtils.java:logGet(43)) - raft.server.log.statemachine.data.sync.timeout.retry = -1 (default)
2019-08-20 14:46:24,414 INFO  server.RaftServerConfigKeys (ConfUtils.java:logGet(43)) - raft.server.log.statemachine.data.sync.timeout.retry = -1 (default)
2019-08-20 14:46:24,415 INFO  server.RaftServerConfigKeys (ConfUtils.java:logGet(43)) - raft.server.log.statemachine.data.caching.enabled = true (custom)
2019-08-20 14:46:24,415 INFO  server.RaftServerConfigKeys (ConfUtils.java:logGet(43)) - raft.server.log.statemachine.data.caching.enabled = true (custom)
2019-08-20 14:46:24,415 INFO  segmented.SegmentedRaftLogWorker (SegmentedRaftLogWorker.java:lambda$new$0(132)) - 47e13b85-5230-4867-bd83-5f11418c7130-SegmentedRaftLogWorker:Storage Directory /workdir/hadoop-ozone/integration-test/target/test-dir/MiniOzoneClusterImpl-02e6917f-6864-460b-96f4-36c51ed72a02/datanode-0/data/ratis/2416f202-07a9-4218-991f-0708fa4555f9: flushIndex: setUnconditionally 0 -> -1
2019-08-20 14:46:24,415 INFO  segmented.SegmentedRaftLogWorker (SegmentedRaftLogWorker.java:lambda$new$0(132)) - 2e8c300d-75de-4f2a-ace2-5d64a786696d-SegmentedRaftLogWorker:Storage Directory /workdir/hadoop-ozone/integration-test/target/test-dir/MiniOzoneClusterImpl-02e6917f-6864-460b-96f4-36c51ed72a02/datanode-2/data/ratis/2416f202-07a9-4218-991f-0708fa4555f9: flushIndex: setUnconditionally 0 -> -1
2019-08-20 14:46:24,415 INFO  server.RaftServerConfigKeys (ConfUtils.java:logGet(43)) - raft.server.snapshot.auto.trigger.enabled = true (custom)
2019-08-20 14:46:24,416 INFO  server.RaftServerConfigKeys (ConfUtils.java:logGet(43)) - raft.server.snapshot.auto.trigger.threshold = 10000 (custom)
2019-08-20 14:46:24,416 INFO  server.RaftServerConfigKeys (ConfUtils.java:logGet(43)) - raft.server.snapshot.auto.trigger.enabled = true (custom)
2019-08-20 14:46:24,416 INFO  server.RaftServerConfigKeys (ConfUtils.java:logGet(43)) - raft.server.retrycache.expirytime = 600000ms (custom)
2019-08-20 14:46:24,416 INFO  server.RaftServerConfigKeys (ConfUtils.java:logGet(43)) - raft.server.snapshot.auto.trigger.threshold = 10000 (custom)
2019-08-20 14:46:24,416 INFO  impl.RaftServerImpl (RaftServerImpl.java:start(180)) - 47e13b85-5230-4867-bd83-5f11418c7130: start group-0708FA4555F9
2019-08-20 14:46:24,416 INFO  server.RaftServerConfigKeys (ConfUtils.java:logGet(43)) - raft.server.retrycache.expirytime = 600000ms (custom)
2019-08-20 14:46:24,416 INFO  impl.RaftServerImpl (RaftServerImpl.java:setRole(171)) - 47e13b85-5230-4867-bd83-5f11418c7130:group-0708FA4555F9 changes role from null to FOLLOWER at term 0 for startAsFollower
2019-08-20 14:46:24,417 INFO  impl.RaftServerImpl (RaftServerImpl.java:start(180)) - 2e8c300d-75de-4f2a-ace2-5d64a786696d: start group-0708FA4555F9
2019-08-20 14:46:24,417 INFO  impl.RoleInfo (RoleInfo.java:updateAndGet(143)) - 47e13b85-5230-4867-bd83-5f11418c7130: start FollowerState
2019-08-20 14:46:24,417 INFO  impl.RaftServerImpl (RaftServerImpl.java:setRole(171)) - 2e8c300d-75de-4f2a-ace2-5d64a786696d:group-0708FA4555F9 changes role from null to FOLLOWER at term 0 for startAsFollower
2019-08-20 14:46:24,417 INFO  impl.RoleInfo (RoleInfo.java:updateAndGet(143)) - 2e8c300d-75de-4f2a-ace2-5d64a786696d: start FollowerState
2019-08-20 14:46:24,417 INFO  util.JmxRegister (JmxRegister.java:tryRegister(44)) - Successfully registered JMX Bean with object name Ratis:service=RaftServer,group=group-0708FA4555F9,id=47e13b85-5230-4867-bd83-5f11418c7130
2019-08-20 14:46:24,417 INFO  util.JmxRegister (JmxRegister.java:tryRegister(44)) - Successfully registered JMX Bean with object name Ratis:service=RaftServer,group=group-0708FA4555F9,id=2e8c300d-75de-4f2a-ace2-5d64a786696d
2019-08-20 14:46:24,419 INFO  pipeline.PipelineStateManager (PipelineStateManager.java:addPipeline(56)) - Created pipeline Pipeline[ Id: 2416f202-07a9-4218-991f-0708fa4555f9, Nodes: 2e8c300d-75de-4f2a-ace2-5d64a786696d{ip: 192.168.69.107, host: pr-hdds-1054-6hltv-2752131155, networkLocation: /default-rack, certSerialId: null}2e05b60f-f50a-4f39-b31d-9e1fc67d357d{ip: 192.168.69.107, host: pr-hdds-1054-6hltv-2752131155, networkLocation: /default-rack, certSerialId: null}47e13b85-5230-4867-bd83-5f11418c7130{ip: 192.168.69.107, host: pr-hdds-1054-6hltv-2752131155, networkLocation: /default-rack, certSerialId: null}, Type:RATIS, Factor:THREE, State:OPEN]
2019-08-20 14:46:24,479 INFO  net.NetworkTopology (NetworkTopologyImpl.java:add(110)) - Added a new node: /default-rack/29af68b4-d82a-4dc0-a69b-289012d55633
2019-08-20 14:46:24,480 INFO  node.SCMNodeManager (SCMNodeManager.java:register(273)) - Registered Data node : 29af68b4-d82a-4dc0-a69b-289012d55633{ip: 192.168.69.107, host: pr-hdds-1054-6hltv-2752131155, networkLocation: /default-rack, certSerialId: null}
2019-08-20 14:46:24,487 INFO  impl.RaftServerProxy (RaftServerProxy.java:addNew(89)) - 29af68b4-d82a-4dc0-a69b-289012d55633: addNew group-1A687EF5CFD9:[29af68b4-d82a-4dc0-a69b-289012d55633:192.168.69.107:44574] returns group-1A687EF5CFD9:java.util.concurrent.CompletableFuture@63d2aeab[Not completed]
2019-08-20 14:46:24,488 INFO  impl.RaftServerImpl (RaftServerImpl.java:<init>(93)) - 29af68b4-d82a-4dc0-a69b-289012d55633: new RaftServerImpl for group-1A687EF5CFD9:[29af68b4-d82a-4dc0-a69b-289012d55633:192.168.69.107:44574] with ContainerStateMachine:uninitialized
2019-08-20 14:46:24,489 INFO  server.RaftServerConfigKeys (ConfUtils.java:logGet(43)) - raft.server.rpc.timeout.min = 5s (custom)
2019-08-20 14:46:24,489 INFO  server.RaftServerConfigKeys (ConfUtils.java:logGet(43)) - raft.server.rpc.timeout.max = 5200ms (custom)
2019-08-20 14:46:24,489 INFO  server.RaftServerConfigKeys (ConfUtils.java:logGet(43)) - raft.server.rpcslowness.timeout = 120s (custom)
2019-08-20 14:46:24,489 INFO  server.RaftServerConfigKeys (ConfUtils.java:logGet(43)) - raft.server.sleep.deviation.threshold = 300 (default)
2019-08-20 14:46:24,489 INFO  server.RaftServerConfigKeys (ConfUtils.java:logGet(43)) - raft.server.log.appender.install.snapshot.enabled = false (custom)
2019-08-20 14:46:24,489 INFO  impl.RaftServerImpl (ServerState.java:<init>(105)) - 29af68b4-d82a-4dc0-a69b-289012d55633:group-1A687EF5CFD9 ConfigurationManager, init=-1: [29af68b4-d82a-4dc0-a69b-289012d55633:192.168.69.107:44574], old=null, confs=<EMPTY_MAP>
2019-08-20 14:46:24,490 INFO  server.RaftServerConfigKeys (ConfUtils.java:logGet(43)) - raft.server.storage.dir = [/workdir/hadoop-ozone/integration-test/target/test-dir/MiniOzoneClusterImpl-02e6917f-6864-460b-96f4-36c51ed72a02/datanode-3/data/ratis] (custom)
2019-08-20 14:46:24,490 INFO  storage.RaftStorageDirectory (RaftStorageDirectory.java:analyzeStorage(246)) - The storage directory /workdir/hadoop-ozone/integration-test/target/test-dir/MiniOzoneClusterImpl-02e6917f-6864-460b-96f4-36c51ed72a02/datanode-3/data/ratis/966d0dbf-6c71-46ea-bfc6-1a687ef5cfd9 does not exist. Creating ...
2019-08-20 14:46:24,515 INFO  storage.RaftStorageDirectory (RaftStorageDirectory.java:tryLock(328)) - Lock on /workdir/hadoop-ozone/integration-test/target/test-dir/MiniOzoneClusterImpl-02e6917f-6864-460b-96f4-36c51ed72a02/datanode-3/data/ratis/966d0dbf-6c71-46ea-bfc6-1a687ef5cfd9/in_use.lock acquired by nodename 18110@pr-hdds-1054-6hltv-2752131155
2019-08-20 14:46:24,528 INFO  storage.RaftStorage (RaftStorage.java:format(72)) - Storage directory /workdir/hadoop-ozone/integration-test/target/test-dir/MiniOzoneClusterImpl-02e6917f-6864-460b-96f4-36c51ed72a02/datanode-3/data/ratis/966d0dbf-6c71-46ea-bfc6-1a687ef5cfd9 has been successfully formatted.
2019-08-20 14:46:24,528 INFO  ratis.ContainerStateMachine (ContainerStateMachine.java:loadSnapshot(222)) - group-1A687EF5CFD9: The snapshot info is null. Setting the last applied indexto:(t:0, i:~)
2019-08-20 14:46:24,528 INFO  server.RaftServerConfigKeys (ConfUtils.java:logGet(43)) - raft.server.leader.election.timeout = 120s (custom)
2019-08-20 14:46:24,528 INFO  server.RaftServerConfigKeys (ConfUtils.java:logGet(43)) - raft.server.log.use.memory = false (default)
2019-08-20 14:46:24,528 INFO  server.RaftServerConfigKeys (ConfUtils.java:logGet(43)) - raft.server.log.purge.gap = 1000000000 (custom)
2019-08-20 14:46:24,528 INFO  server.RaftServerConfigKeys (ConfUtils.java:logGet(43)) - raft.server.log.appender.buffer.byte-limit = 33554432 (custom)
2019-08-20 14:46:24,529 INFO  server.RaftServerConfigKeys (ConfUtils.java:logGet(43)) - raft.server.log.segment.size.max = 1048576 (custom)
2019-08-20 14:46:24,529 INFO  server.RaftServerConfigKeys (ConfUtils.java:logGet(43)) - raft.server.log.segment.cache.num.max = 2 (custom)
2019-08-20 14:46:24,529 INFO  segmented.SegmentedRaftLogWorker (SegmentedRaftLogWorker.java:<init>(172)) - new 29af68b4-d82a-4dc0-a69b-289012d55633-SegmentedRaftLogWorker:Storage Directory /workdir/hadoop-ozone/integration-test/target/test-dir/MiniOzoneClusterImpl-02e6917f-6864-460b-96f4-36c51ed72a02/datanode-3/data/ratis/966d0dbf-6c71-46ea-bfc6-1a687ef5cfd9 for RaftStorage:Storage Directory /workdir/hadoop-ozone/integration-test/target/test-dir/MiniOzoneClusterImpl-02e6917f-6864-460b-96f4-36c51ed72a02/datanode-3/data/ratis/966d0dbf-6c71-46ea-bfc6-1a687ef5cfd9
2019-08-20 14:46:24,529 INFO  server.RaftServerConfigKeys (ConfUtils.java:logGet(43)) - raft.server.log.queue.byte-limit = 2147483647 (custom)
2019-08-20 14:46:24,529 INFO  server.RaftServerConfigKeys (ConfUtils.java:logGet(43)) - raft.server.log.queue.element-limit = 1024 (custom)
2019-08-20 14:46:24,529 INFO  server.RaftServerConfigKeys (ConfUtils.java:logGet(43)) - raft.server.log.segment.size.max = 1048576 (custom)
2019-08-20 14:46:24,529 INFO  server.RaftServerConfigKeys (ConfUtils.java:logGet(43)) - raft.server.log.preallocated.size = 16384 (custom)
2019-08-20 14:46:24,530 INFO  server.RaftServerConfigKeys (ConfUtils.java:logGet(43)) - raft.server.log.write.buffer.size = 33554432 (custom)
2019-08-20 14:46:24,530 INFO  server.RaftServerConfigKeys (ConfUtils.java:logGet(43)) - raft.server.log.force.sync.num = 128 (default)
2019-08-20 14:46:24,530 INFO  server.RaftServerConfigKeys (ConfUtils.java:logGet(43)) - raft.server.log.statemachine.data.sync = true (default)
2019-08-20 14:46:24,530 INFO  server.RaftServerConfigKeys (ConfUtils.java:logGet(43)) - raft.server.log.statemachine.data.sync.timeout = 10s (default)
2019-08-20 14:46:24,530 INFO  server.RaftServerConfigKeys (ConfUtils.java:logGet(43)) - raft.server.log.statemachine.data.sync.timeout.retry = -1 (default)
2019-08-20 14:46:24,530 INFO  server.RaftServerConfigKeys (ConfUtils.java:logGet(43)) - raft.server.log.statemachine.data.caching.enabled = true (custom)
2019-08-20 14:46:24,531 INFO  segmented.SegmentedRaftLogWorker (SegmentedRaftLogWorker.java:lambda$new$0(132)) - 29af68b4-d82a-4dc0-a69b-289012d55633-SegmentedRaftLogWorker:Storage Directory /workdir/hadoop-ozone/integration-test/target/test-dir/MiniOzoneClusterImpl-02e6917f-6864-460b-96f4-36c51ed72a02/datanode-3/data/ratis/966d0dbf-6c71-46ea-bfc6-1a687ef5cfd9: flushIndex: setUnconditionally 0 -> -1
2019-08-20 14:46:24,531 INFO  server.RaftServerConfigKeys (ConfUtils.java:logGet(43)) - raft.server.snapshot.auto.trigger.enabled = true (custom)
2019-08-20 14:46:24,531 INFO  server.RaftServerConfigKeys (ConfUtils.java:logGet(43)) - raft.server.snapshot.auto.trigger.threshold = 10000 (custom)
2019-08-20 14:46:24,531 INFO  server.RaftServerConfigKeys (ConfUtils.java:logGet(43)) - raft.server.retrycache.expirytime = 600000ms (custom)
2019-08-20 14:46:24,531 INFO  impl.RaftServerImpl (RaftServerImpl.java:start(180)) - 29af68b4-d82a-4dc0-a69b-289012d55633: start group-1A687EF5CFD9
2019-08-20 14:46:24,531 INFO  impl.RaftServerImpl (RaftServerImpl.java:setRole(171)) - 29af68b4-d82a-4dc0-a69b-289012d55633:group-1A687EF5CFD9 changes role from null to FOLLOWER at term 0 for startAsFollower
2019-08-20 14:46:24,532 INFO  impl.RoleInfo (RoleInfo.java:updateAndGet(143)) - 29af68b4-d82a-4dc0-a69b-289012d55633: start FollowerState
2019-08-20 14:46:24,532 INFO  util.JmxRegister (JmxRegister.java:tryRegister(44)) - Successfully registered JMX Bean with object name Ratis:service=RaftServer,group=group-1A687EF5CFD9,id=29af68b4-d82a-4dc0-a69b-289012d55633
2019-08-20 14:46:24,534 INFO  pipeline.PipelineStateManager (PipelineStateManager.java:addPipeline(56)) - Created pipeline Pipeline[ Id: 966d0dbf-6c71-46ea-bfc6-1a687ef5cfd9, Nodes: 29af68b4-d82a-4dc0-a69b-289012d55633{ip: 192.168.69.107, host: pr-hdds-1054-6hltv-2752131155, networkLocation: /default-rack, certSerialId: null}, Type:RATIS, Factor:ONE, State:OPEN]
2019-08-20 14:46:24,640 INFO  net.NetworkTopology (NetworkTopologyImpl.java:add(110)) - Added a new node: /default-rack/86c904ac-088f-4d27-b38c-6cec29f72dff
2019-08-20 14:46:24,640 INFO  node.SCMNodeManager (SCMNodeManager.java:register(273)) - Registered Data node : 86c904ac-088f-4d27-b38c-6cec29f72dff{ip: 192.168.69.107, host: pr-hdds-1054-6hltv-2752131155, networkLocation: /default-rack, certSerialId: null}
2019-08-20 14:46:24,659 INFO  impl.RaftServerProxy (RaftServerProxy.java:addNew(89)) - 86c904ac-088f-4d27-b38c-6cec29f72dff: addNew group-2830352CEBA7:[86c904ac-088f-4d27-b38c-6cec29f72dff:192.168.69.107:45686] returns group-2830352CEBA7:java.util.concurrent.CompletableFuture@14caecbf[Not completed]
2019-08-20 14:46:24,660 INFO  impl.RaftServerImpl (RaftServerImpl.java:<init>(93)) - 86c904ac-088f-4d27-b38c-6cec29f72dff: new RaftServerImpl for group-2830352CEBA7:[86c904ac-088f-4d27-b38c-6cec29f72dff:192.168.69.107:45686] with ContainerStateMachine:uninitialized
2019-08-20 14:46:24,661 INFO  server.RaftServerConfigKeys (ConfUtils.java:logGet(43)) - raft.server.rpc.timeout.min = 5s (custom)
2019-08-20 14:46:24,661 INFO  server.RaftServerConfigKeys (ConfUtils.java:logGet(43)) - raft.server.rpc.timeout.max = 5200ms (custom)
2019-08-20 14:46:24,661 INFO  server.RaftServerConfigKeys (ConfUtils.java:logGet(43)) - raft.server.rpcslowness.timeout = 120s (custom)
2019-08-20 14:46:24,661 INFO  server.RaftServerConfigKeys (ConfUtils.java:logGet(43)) - raft.server.sleep.deviation.threshold = 300 (default)
2019-08-20 14:46:24,661 INFO  server.RaftServerConfigKeys (ConfUtils.java:logGet(43)) - raft.server.log.appender.install.snapshot.enabled = false (custom)
2019-08-20 14:46:24,661 INFO  impl.RaftServerImpl (ServerState.java:<init>(105)) - 86c904ac-088f-4d27-b38c-6cec29f72dff:group-2830352CEBA7 ConfigurationManager, init=-1: [86c904ac-088f-4d27-b38c-6cec29f72dff:192.168.69.107:45686], old=null, confs=<EMPTY_MAP>
2019-08-20 14:46:24,661 INFO  server.RaftServerConfigKeys (ConfUtils.java:logGet(43)) - raft.server.storage.dir = [/workdir/hadoop-ozone/integration-test/target/test-dir/MiniOzoneClusterImpl-02e6917f-6864-460b-96f4-36c51ed72a02/datanode-4/data/ratis] (custom)
2019-08-20 14:46:24,662 INFO  storage.RaftStorageDirectory (RaftStorageDirectory.java:analyzeStorage(246)) - The storage directory /workdir/hadoop-ozone/integration-test/target/test-dir/MiniOzoneClusterImpl-02e6917f-6864-460b-96f4-36c51ed72a02/datanode-4/data/ratis/ec8259c3-9ad6-46b0-af07-2830352ceba7 does not exist. Creating ...
2019-08-20 14:46:24,778 INFO  storage.RaftStorageDirectory (RaftStorageDirectory.java:tryLock(328)) - Lock on /workdir/hadoop-ozone/integration-test/target/test-dir/MiniOzoneClusterImpl-02e6917f-6864-460b-96f4-36c51ed72a02/datanode-4/data/ratis/ec8259c3-9ad6-46b0-af07-2830352ceba7/in_use.lock acquired by nodename 18110@pr-hdds-1054-6hltv-2752131155
2019-08-20 14:46:24,817 INFO  storage.RaftStorage (RaftStorage.java:format(72)) - Storage directory /workdir/hadoop-ozone/integration-test/target/test-dir/MiniOzoneClusterImpl-02e6917f-6864-460b-96f4-36c51ed72a02/datanode-4/data/ratis/ec8259c3-9ad6-46b0-af07-2830352ceba7 has been successfully formatted.
2019-08-20 14:46:24,817 INFO  ratis.ContainerStateMachine (ContainerStateMachine.java:loadSnapshot(222)) - group-2830352CEBA7: The snapshot info is null. Setting the last applied indexto:(t:0, i:~)
2019-08-20 14:46:24,817 INFO  server.RaftServerConfigKeys (ConfUtils.java:logGet(43)) - raft.server.leader.election.timeout = 120s (custom)
2019-08-20 14:46:24,817 INFO  server.RaftServerConfigKeys (ConfUtils.java:logGet(43)) - raft.server.log.use.memory = false (default)
2019-08-20 14:46:24,818 INFO  server.RaftServerConfigKeys (ConfUtils.java:logGet(43)) - raft.server.log.purge.gap = 1000000000 (custom)
2019-08-20 14:46:24,818 INFO  server.RaftServerConfigKeys (ConfUtils.java:logGet(43)) - raft.server.log.appender.buffer.byte-limit = 33554432 (custom)
2019-08-20 14:46:24,818 INFO  server.RaftServerConfigKeys (ConfUtils.java:logGet(43)) - raft.server.log.segment.size.max = 1048576 (custom)
2019-08-20 14:46:24,818 INFO  server.RaftServerConfigKeys (ConfUtils.java:logGet(43)) - raft.server.log.segment.cache.num.max = 2 (custom)
2019-08-20 14:46:24,818 INFO  segmented.SegmentedRaftLogWorker (SegmentedRaftLogWorker.java:<init>(172)) - new 86c904ac-088f-4d27-b38c-6cec29f72dff-SegmentedRaftLogWorker:Storage Directory /workdir/hadoop-ozone/integration-test/target/test-dir/MiniOzoneClusterImpl-02e6917f-6864-460b-96f4-36c51ed72a02/datanode-4/data/ratis/ec8259c3-9ad6-46b0-af07-2830352ceba7 for RaftStorage:Storage Directory /workdir/hadoop-ozone/integration-test/target/test-dir/MiniOzoneClusterImpl-02e6917f-6864-460b-96f4-36c51ed72a02/datanode-4/data/ratis/ec8259c3-9ad6-46b0-af07-2830352ceba7
2019-08-20 14:46:24,819 INFO  server.RaftServerConfigKeys (ConfUtils.java:logGet(43)) - raft.server.log.queue.byte-limit = 2147483647 (custom)
2019-08-20 14:46:24,819 INFO  server.RaftServerConfigKeys (ConfUtils.java:logGet(43)) - raft.server.log.queue.element-limit = 1024 (custom)
2019-08-20 14:46:24,819 INFO  server.RaftServerConfigKeys (ConfUtils.java:logGet(43)) - raft.server.log.segment.size.max = 1048576 (custom)
2019-08-20 14:46:24,819 INFO  server.RaftServerConfigKeys (ConfUtils.java:logGet(43)) - raft.server.log.preallocated.size = 16384 (custom)
2019-08-20 14:46:24,820 INFO  server.RaftServerConfigKeys (ConfUtils.java:logGet(43)) - raft.server.log.write.buffer.size = 33554432 (custom)
2019-08-20 14:46:24,820 INFO  server.RaftServerConfigKeys (ConfUtils.java:logGet(43)) - raft.server.log.force.sync.num = 128 (default)
2019-08-20 14:46:24,820 INFO  server.RaftServerConfigKeys (ConfUtils.java:logGet(43)) - raft.server.log.statemachine.data.sync = true (default)
2019-08-20 14:46:24,820 INFO  server.RaftServerConfigKeys (ConfUtils.java:logGet(43)) - raft.server.log.statemachine.data.sync.timeout = 10s (default)
2019-08-20 14:46:24,820 INFO  server.RaftServerConfigKeys (ConfUtils.java:logGet(43)) - raft.server.log.statemachine.data.sync.timeout.retry = -1 (default)
2019-08-20 14:46:24,821 INFO  server.RaftServerConfigKeys (ConfUtils.java:logGet(43)) - raft.server.log.statemachine.data.caching.enabled = true (custom)
2019-08-20 14:46:24,821 INFO  segmented.SegmentedRaftLogWorker (SegmentedRaftLogWorker.java:lambda$new$0(132)) - 86c904ac-088f-4d27-b38c-6cec29f72dff-SegmentedRaftLogWorker:Storage Directory /workdir/hadoop-ozone/integration-test/target/test-dir/MiniOzoneClusterImpl-02e6917f-6864-460b-96f4-36c51ed72a02/datanode-4/data/ratis/ec8259c3-9ad6-46b0-af07-2830352ceba7: flushIndex: setUnconditionally 0 -> -1
2019-08-20 14:46:24,821 INFO  server.RaftServerConfigKeys (ConfUtils.java:logGet(43)) - raft.server.snapshot.auto.trigger.enabled = true (custom)
2019-08-20 14:46:24,822 INFO  server.RaftServerConfigKeys (ConfUtils.java:logGet(43)) - raft.server.snapshot.auto.trigger.threshold = 10000 (custom)
2019-08-20 14:46:24,822 INFO  server.RaftServerConfigKeys (ConfUtils.java:logGet(43)) - raft.server.retrycache.expirytime = 600000ms (custom)
2019-08-20 14:46:24,822 INFO  impl.RaftServerImpl (RaftServerImpl.java:start(180)) - 86c904ac-088f-4d27-b38c-6cec29f72dff: start group-2830352CEBA7
2019-08-20 14:46:24,822 INFO  impl.RaftServerImpl (RaftServerImpl.java:setRole(171)) - 86c904ac-088f-4d27-b38c-6cec29f72dff:group-2830352CEBA7 changes role from null to FOLLOWER at term 0 for startAsFollower
2019-08-20 14:46:24,822 INFO  impl.RoleInfo (RoleInfo.java:updateAndGet(143)) - 86c904ac-088f-4d27-b38c-6cec29f72dff: start FollowerState
2019-08-20 14:46:24,823 INFO  util.JmxRegister (JmxRegister.java:tryRegister(44)) - Successfully registered JMX Bean with object name Ratis:service=RaftServer,group=group-2830352CEBA7,id=86c904ac-088f-4d27-b38c-6cec29f72dff
2019-08-20 14:46:24,825 INFO  pipeline.PipelineStateManager (PipelineStateManager.java:addPipeline(56)) - Created pipeline Pipeline[ Id: ec8259c3-9ad6-46b0-af07-2830352ceba7, Nodes: 86c904ac-088f-4d27-b38c-6cec29f72dff{ip: 192.168.69.107, host: pr-hdds-1054-6hltv-2752131155, networkLocation: /default-rack, certSerialId: null}, Type:RATIS, Factor:ONE, State:OPEN]
2019-08-20 14:46:24,857 INFO  net.NetworkTopology (NetworkTopologyImpl.java:add(110)) - Added a new node: /default-rack/50668996-cd79-4de0-8e82-75564a0c0645
2019-08-20 14:46:24,858 INFO  node.SCMNodeManager (SCMNodeManager.java:register(273)) - Registered Data node : 50668996-cd79-4de0-8e82-75564a0c0645{ip: 192.168.69.107, host: pr-hdds-1054-6hltv-2752131155, networkLocation: /default-rack, certSerialId: null}
2019-08-20 14:46:24,865 INFO  impl.RaftServerProxy (RaftServerProxy.java:addNew(89)) - 50668996-cd79-4de0-8e82-75564a0c0645: addNew group-73603FF81A5B:[50668996-cd79-4de0-8e82-75564a0c0645:192.168.69.107:44117] returns group-73603FF81A5B:java.util.concurrent.CompletableFuture@272de36a[Not completed]
2019-08-20 14:46:24,866 INFO  impl.RaftServerImpl (RaftServerImpl.java:<init>(93)) - 50668996-cd79-4de0-8e82-75564a0c0645: new RaftServerImpl for group-73603FF81A5B:[50668996-cd79-4de0-8e82-75564a0c0645:192.168.69.107:44117] with ContainerStateMachine:uninitialized
2019-08-20 14:46:24,866 INFO  server.RaftServerConfigKeys (ConfUtils.java:logGet(43)) - raft.server.rpc.timeout.min = 5s (custom)
2019-08-20 14:46:24,866 INFO  server.RaftServerConfigKeys (ConfUtils.java:logGet(43)) - raft.server.rpc.timeout.max = 5200ms (custom)
2019-08-20 14:46:24,866 INFO  server.RaftServerConfigKeys (ConfUtils.java:logGet(43)) - raft.server.rpcslowness.timeout = 120s (custom)
2019-08-20 14:46:24,866 INFO  server.RaftServerConfigKeys (ConfUtils.java:logGet(43)) - raft.server.sleep.deviation.threshold = 300 (default)
2019-08-20 14:46:24,866 INFO  server.RaftServerConfigKeys (ConfUtils.java:logGet(43)) - raft.server.log.appender.install.snapshot.enabled = false (custom)
2019-08-20 14:46:24,866 INFO  impl.RaftServerImpl (ServerState.java:<init>(105)) - 50668996-cd79-4de0-8e82-75564a0c0645:group-73603FF81A5B ConfigurationManager, init=-1: [50668996-cd79-4de0-8e82-75564a0c0645:192.168.69.107:44117], old=null, confs=<EMPTY_MAP>
2019-08-20 14:46:24,866 INFO  server.RaftServerConfigKeys (ConfUtils.java:logGet(43)) - raft.server.storage.dir = [/workdir/hadoop-ozone/integration-test/target/test-dir/MiniOzoneClusterImpl-02e6917f-6864-460b-96f4-36c51ed72a02/datanode-5/data/ratis] (custom)
2019-08-20 14:46:24,867 INFO  storage.RaftStorageDirectory (RaftStorageDirectory.java:analyzeStorage(246)) - The storage directory /workdir/hadoop-ozone/integration-test/target/test-dir/MiniOzoneClusterImpl-02e6917f-6864-460b-96f4-36c51ed72a02/datanode-5/data/ratis/cf4da7f9-34d4-4586-b2ee-73603ff81a5b does not exist. Creating ...
2019-08-20 14:46:24,883 INFO  storage.RaftStorageDirectory (RaftStorageDirectory.java:tryLock(328)) - Lock on /workdir/hadoop-ozone/integration-test/target/test-dir/MiniOzoneClusterImpl-02e6917f-6864-460b-96f4-36c51ed72a02/datanode-5/data/ratis/cf4da7f9-34d4-4586-b2ee-73603ff81a5b/in_use.lock acquired by nodename 18110@pr-hdds-1054-6hltv-2752131155
2019-08-20 14:46:24,904 INFO  storage.RaftStorage (RaftStorage.java:format(72)) - Storage directory /workdir/hadoop-ozone/integration-test/target/test-dir/MiniOzoneClusterImpl-02e6917f-6864-460b-96f4-36c51ed72a02/datanode-5/data/ratis/cf4da7f9-34d4-4586-b2ee-73603ff81a5b has been successfully formatted.
2019-08-20 14:46:24,904 INFO  ratis.ContainerStateMachine (ContainerStateMachine.java:loadSnapshot(222)) - group-73603FF81A5B: The snapshot info is null. Setting the last applied indexto:(t:0, i:~)
2019-08-20 14:46:24,904 INFO  server.RaftServerConfigKeys (ConfUtils.java:logGet(43)) - raft.server.leader.election.timeout = 120s (custom)
2019-08-20 14:46:24,904 INFO  server.RaftServerConfigKeys (ConfUtils.java:logGet(43)) - raft.server.log.use.memory = false (default)
2019-08-20 14:46:24,904 INFO  server.RaftServerConfigKeys (ConfUtils.java:logGet(43)) - raft.server.log.purge.gap = 1000000000 (custom)
2019-08-20 14:46:24,905 INFO  server.RaftServerConfigKeys (ConfUtils.java:logGet(43)) - raft.server.log.appender.buffer.byte-limit = 33554432 (custom)
2019-08-20 14:46:24,905 INFO  server.RaftServerConfigKeys (ConfUtils.java:logGet(43)) - raft.server.log.segment.size.max = 1048576 (custom)
2019-08-20 14:46:24,905 INFO  server.RaftServerConfigKeys (ConfUtils.java:logGet(43)) - raft.server.log.segment.cache.num.max = 2 (custom)
2019-08-20 14:46:24,905 INFO  segmented.SegmentedRaftLogWorker (SegmentedRaftLogWorker.java:<init>(172)) - new 50668996-cd79-4de0-8e82-75564a0c0645-SegmentedRaftLogWorker:Storage Directory /workdir/hadoop-ozone/integration-test/target/test-dir/MiniOzoneClusterImpl-02e6917f-6864-460b-96f4-36c51ed72a02/datanode-5/data/ratis/cf4da7f9-34d4-4586-b2ee-73603ff81a5b for RaftStorage:Storage Directory /workdir/hadoop-ozone/integration-test/target/test-dir/MiniOzoneClusterImpl-02e6917f-6864-460b-96f4-36c51ed72a02/datanode-5/data/ratis/cf4da7f9-34d4-4586-b2ee-73603ff81a5b
2019-08-20 14:46:24,905 INFO  server.RaftServerConfigKeys (ConfUtils.java:logGet(43)) - raft.server.log.queue.byte-limit = 2147483647 (custom)
2019-08-20 14:46:24,905 INFO  server.RaftServerConfigKeys (ConfUtils.java:logGet(43)) - raft.server.log.queue.element-limit = 1024 (custom)
2019-08-20 14:46:24,905 INFO  server.RaftServerConfigKeys (ConfUtils.java:logGet(43)) - raft.server.log.segment.size.max = 1048576 (custom)
2019-08-20 14:46:24,905 INFO  server.RaftServerConfigKeys (ConfUtils.java:logGet(43)) - raft.server.log.preallocated.size = 16384 (custom)
2019-08-20 14:46:24,905 INFO  server.RaftServerConfigKeys (ConfUtils.java:logGet(43)) - raft.server.log.write.buffer.size = 33554432 (custom)
2019-08-20 14:46:24,905 INFO  server.RaftServerConfigKeys (ConfUtils.java:logGet(43)) - raft.server.log.force.sync.num = 128 (default)
2019-08-20 14:46:24,906 INFO  server.RaftServerConfigKeys (ConfUtils.java:logGet(43)) - raft.server.log.statemachine.data.sync = true (default)
2019-08-20 14:46:24,906 INFO  server.RaftServerConfigKeys (ConfUtils.java:logGet(43)) - raft.server.log.statemachine.data.sync.timeout = 10s (default)
2019-08-20 14:46:24,906 INFO  server.RaftServerConfigKeys (ConfUtils.java:logGet(43)) - raft.server.log.statemachine.data.sync.timeout.retry = -1 (default)
2019-08-20 14:46:24,906 INFO  server.RaftServerConfigKeys (ConfUtils.java:logGet(43)) - raft.server.log.statemachine.data.caching.enabled = true (custom)
2019-08-20 14:46:24,906 INFO  segmented.SegmentedRaftLogWorker (SegmentedRaftLogWorker.java:lambda$new$0(132)) - 50668996-cd79-4de0-8e82-75564a0c0645-SegmentedRaftLogWorker:Storage Directory /workdir/hadoop-ozone/integration-test/target/test-dir/MiniOzoneClusterImpl-02e6917f-6864-460b-96f4-36c51ed72a02/datanode-5/data/ratis/cf4da7f9-34d4-4586-b2ee-73603ff81a5b: flushIndex: setUnconditionally 0 -> -1
2019-08-20 14:46:24,906 INFO  server.RaftServerConfigKeys (ConfUtils.java:logGet(43)) - raft.server.snapshot.auto.trigger.enabled = true (custom)
2019-08-20 14:46:24,906 INFO  server.RaftServerConfigKeys (ConfUtils.java:logGet(43)) - raft.server.snapshot.auto.trigger.threshold = 10000 (custom)
2019-08-20 14:46:24,907 INFO  server.RaftServerConfigKeys (ConfUtils.java:logGet(43)) - raft.server.retrycache.expirytime = 600000ms (custom)
2019-08-20 14:46:24,907 INFO  impl.RaftServerImpl (RaftServerImpl.java:start(180)) - 50668996-cd79-4de0-8e82-75564a0c0645: start group-73603FF81A5B
2019-08-20 14:46:24,907 INFO  impl.RaftServerImpl (RaftServerImpl.java:setRole(171)) - 50668996-cd79-4de0-8e82-75564a0c0645:group-73603FF81A5B changes role from null to FOLLOWER at term 0 for startAsFollower
2019-08-20 14:46:24,907 INFO  impl.RoleInfo (RoleInfo.java:updateAndGet(143)) - 50668996-cd79-4de0-8e82-75564a0c0645: start FollowerState
2019-08-20 14:46:24,907 INFO  util.JmxRegister (JmxRegister.java:tryRegister(44)) - Successfully registered JMX Bean with object name Ratis:service=RaftServer,group=group-73603FF81A5B,id=50668996-cd79-4de0-8e82-75564a0c0645
2019-08-20 14:46:24,909 INFO  pipeline.PipelineStateManager (PipelineStateManager.java:addPipeline(56)) - Created pipeline Pipeline[ Id: cf4da7f9-34d4-4586-b2ee-73603ff81a5b, Nodes: 50668996-cd79-4de0-8e82-75564a0c0645{ip: 192.168.69.107, host: pr-hdds-1054-6hltv-2752131155, networkLocation: /default-rack, certSerialId: null}, Type:RATIS, Factor:ONE, State:OPEN]
2019-08-20 14:46:24,924 INFO  impl.RaftServerProxy (RaftServerProxy.java:addNew(89)) - 86c904ac-088f-4d27-b38c-6cec29f72dff: addNew group-435C1BC2D61D:[29af68b4-d82a-4dc0-a69b-289012d55633:192.168.69.107:44574, 86c904ac-088f-4d27-b38c-6cec29f72dff:192.168.69.107:45686, 50668996-cd79-4de0-8e82-75564a0c0645:192.168.69.107:44117] returns group-435C1BC2D61D:java.util.concurrent.CompletableFuture@59d7bc5e[Not completed]
2019-08-20 14:46:24,925 INFO  impl.RaftServerProxy (RaftServerProxy.java:addNew(89)) - 29af68b4-d82a-4dc0-a69b-289012d55633: addNew group-435C1BC2D61D:[29af68b4-d82a-4dc0-a69b-289012d55633:192.168.69.107:44574, 86c904ac-088f-4d27-b38c-6cec29f72dff:192.168.69.107:45686, 50668996-cd79-4de0-8e82-75564a0c0645:192.168.69.107:44117] returns group-435C1BC2D61D:java.util.concurrent.CompletableFuture@63df918e[Not completed]
2019-08-20 14:46:24,924 INFO  impl.RaftServerProxy (RaftServerProxy.java:addNew(89)) - 50668996-cd79-4de0-8e82-75564a0c0645: addNew group-435C1BC2D61D:[29af68b4-d82a-4dc0-a69b-289012d55633:192.168.69.107:44574, 86c904ac-088f-4d27-b38c-6cec29f72dff:192.168.69.107:45686, 50668996-cd79-4de0-8e82-75564a0c0645:192.168.69.107:44117] returns group-435C1BC2D61D:java.util.concurrent.CompletableFuture@1e8cb83f[Not completed]
2019-08-20 14:46:24,925 INFO  impl.RaftServerImpl (RaftServerImpl.java:<init>(93)) - 86c904ac-088f-4d27-b38c-6cec29f72dff: new RaftServerImpl for group-435C1BC2D61D:[29af68b4-d82a-4dc0-a69b-289012d55633:192.168.69.107:44574, 86c904ac-088f-4d27-b38c-6cec29f72dff:192.168.69.107:45686, 50668996-cd79-4de0-8e82-75564a0c0645:192.168.69.107:44117] with ContainerStateMachine:uninitialized
2019-08-20 14:46:24,925 INFO  server.RaftServerConfigKeys (ConfUtils.java:logGet(43)) - raft.server.rpc.timeout.min = 5s (custom)
2019-08-20 14:46:24,925 INFO  server.RaftServerConfigKeys (ConfUtils.java:logGet(43)) - raft.server.rpc.timeout.max = 5200ms (custom)
2019-08-20 14:46:24,925 INFO  server.RaftServerConfigKeys (ConfUtils.java:logGet(43)) - raft.server.rpcslowness.timeout = 120s (custom)
2019-08-20 14:46:24,926 INFO  server.RaftServerConfigKeys (ConfUtils.java:logGet(43)) - raft.server.sleep.deviation.threshold = 300 (default)
2019-08-20 14:46:24,926 INFO  impl.RaftServerImpl (RaftServerImpl.java:<init>(93)) - 29af68b4-d82a-4dc0-a69b-289012d55633: new RaftServerImpl for group-435C1BC2D61D:[29af68b4-d82a-4dc0-a69b-289012d55633:192.168.69.107:44574, 86c904ac-088f-4d27-b38c-6cec29f72dff:192.168.69.107:45686, 50668996-cd79-4de0-8e82-75564a0c0645:192.168.69.107:44117] with ContainerStateMachine:uninitialized
2019-08-20 14:46:24,926 INFO  server.RaftServerConfigKeys (ConfUtils.java:logGet(43)) - raft.server.log.appender.install.snapshot.enabled = false (custom)
2019-08-20 14:46:24,926 INFO  server.RaftServerConfigKeys (ConfUtils.java:logGet(43)) - raft.server.rpc.timeout.min = 5s (custom)
2019-08-20 14:46:24,926 INFO  impl.RaftServerImpl (RaftServerImpl.java:<init>(93)) - 50668996-cd79-4de0-8e82-75564a0c0645: new RaftServerImpl for group-435C1BC2D61D:[29af68b4-d82a-4dc0-a69b-289012d55633:192.168.69.107:44574, 86c904ac-088f-4d27-b38c-6cec29f72dff:192.168.69.107:45686, 50668996-cd79-4de0-8e82-75564a0c0645:192.168.69.107:44117] with ContainerStateMachine:uninitialized
2019-08-20 14:46:24,926 INFO  server.RaftServerConfigKeys (ConfUtils.java:logGet(43)) - raft.server.rpc.timeout.max = 5200ms (custom)
2019-08-20 14:46:24,926 INFO  impl.RaftServerImpl (ServerState.java:<init>(105)) - 86c904ac-088f-4d27-b38c-6cec29f72dff:group-435C1BC2D61D ConfigurationManager, init=-1: [29af68b4-d82a-4dc0-a69b-289012d55633:192.168.69.107:44574, 86c904ac-088f-4d27-b38c-6cec29f72dff:192.168.69.107:45686, 50668996-cd79-4de0-8e82-75564a0c0645:192.168.69.107:44117], old=null, confs=<EMPTY_MAP>
2019-08-20 14:46:24,926 INFO  server.RaftServerConfigKeys (ConfUtils.java:logGet(43)) - raft.server.rpcslowness.timeout = 120s (custom)
2019-08-20 14:46:24,926 INFO  server.RaftServerConfigKeys (ConfUtils.java:logGet(43)) - raft.server.rpc.timeout.min = 5s (custom)
2019-08-20 14:46:24,926 INFO  server.RaftServerConfigKeys (ConfUtils.java:logGet(43)) - raft.server.sleep.deviation.threshold = 300 (default)
2019-08-20 14:46:24,926 INFO  server.RaftServerConfigKeys (ConfUtils.java:logGet(43)) - raft.server.storage.dir = [/workdir/hadoop-ozone/integration-test/target/test-dir/MiniOzoneClusterImpl-02e6917f-6864-460b-96f4-36c51ed72a02/datanode-4/data/ratis] (custom)
2019-08-20 14:46:24,927 INFO  server.RaftServerConfigKeys (ConfUtils.java:logGet(43)) - raft.server.log.appender.install.snapshot.enabled = false (custom)
2019-08-20 14:46:24,927 INFO  server.RaftServerConfigKeys (ConfUtils.java:logGet(43)) - raft.server.rpc.timeout.max = 5200ms (custom)
2019-08-20 14:46:24,927 INFO  storage.RaftStorageDirectory (RaftStorageDirectory.java:analyzeStorage(246)) - The storage directory /workdir/hadoop-ozone/integration-test/target/test-dir/MiniOzoneClusterImpl-02e6917f-6864-460b-96f4-36c51ed72a02/datanode-4/data/ratis/0e8ebacd-c80f-4741-9084-435c1bc2d61d does not exist. Creating ...
2019-08-20 14:46:24,927 INFO  impl.RaftServerImpl (ServerState.java:<init>(105)) - 29af68b4-d82a-4dc0-a69b-289012d55633:group-435C1BC2D61D ConfigurationManager, init=-1: [29af68b4-d82a-4dc0-a69b-289012d55633:192.168.69.107:44574, 86c904ac-088f-4d27-b38c-6cec29f72dff:192.168.69.107:45686, 50668996-cd79-4de0-8e82-75564a0c0645:192.168.69.107:44117], old=null, confs=<EMPTY_MAP>
2019-08-20 14:46:24,927 INFO  server.RaftServerConfigKeys (ConfUtils.java:logGet(43)) - raft.server.rpcslowness.timeout = 120s (custom)
2019-08-20 14:46:24,927 INFO  server.RaftServerConfigKeys (ConfUtils.java:logGet(43)) - raft.server.storage.dir = [/workdir/hadoop-ozone/integration-test/target/test-dir/MiniOzoneClusterImpl-02e6917f-6864-460b-96f4-36c51ed72a02/datanode-3/data/ratis] (custom)
2019-08-20 14:46:24,927 INFO  server.RaftServerConfigKeys (ConfUtils.java:logGet(43)) - raft.server.sleep.deviation.threshold = 300 (default)
2019-08-20 14:46:24,928 INFO  server.RaftServerConfigKeys (ConfUtils.java:logGet(43)) - raft.server.log.appender.install.snapshot.enabled = false (custom)
2019-08-20 14:46:24,928 INFO  impl.RaftServerImpl (ServerState.java:<init>(105)) - 50668996-cd79-4de0-8e82-75564a0c0645:group-435C1BC2D61D ConfigurationManager, init=-1: [29af68b4-d82a-4dc0-a69b-289012d55633:192.168.69.107:44574, 86c904ac-088f-4d27-b38c-6cec29f72dff:192.168.69.107:45686, 50668996-cd79-4de0-8e82-75564a0c0645:192.168.69.107:44117], old=null, confs=<EMPTY_MAP>
2019-08-20 14:46:24,928 INFO  storage.RaftStorageDirectory (RaftStorageDirectory.java:analyzeStorage(246)) - The storage directory /workdir/hadoop-ozone/integration-test/target/test-dir/MiniOzoneClusterImpl-02e6917f-6864-460b-96f4-36c51ed72a02/datanode-3/data/ratis/0e8ebacd-c80f-4741-9084-435c1bc2d61d does not exist. Creating ...
2019-08-20 14:46:24,928 INFO  server.RaftServerConfigKeys (ConfUtils.java:logGet(43)) - raft.server.storage.dir = [/workdir/hadoop-ozone/integration-test/target/test-dir/MiniOzoneClusterImpl-02e6917f-6864-460b-96f4-36c51ed72a02/datanode-5/data/ratis] (custom)
2019-08-20 14:46:24,928 INFO  storage.RaftStorageDirectory (RaftStorageDirectory.java:analyzeStorage(246)) - The storage directory /workdir/hadoop-ozone/integration-test/target/test-dir/MiniOzoneClusterImpl-02e6917f-6864-460b-96f4-36c51ed72a02/datanode-5/data/ratis/0e8ebacd-c80f-4741-9084-435c1bc2d61d does not exist. Creating ...
2019-08-20 14:46:24,944 INFO  storage.RaftStorageDirectory (RaftStorageDirectory.java:tryLock(328)) - Lock on /workdir/hadoop-ozone/integration-test/target/test-dir/MiniOzoneClusterImpl-02e6917f-6864-460b-96f4-36c51ed72a02/datanode-3/data/ratis/0e8ebacd-c80f-4741-9084-435c1bc2d61d/in_use.lock acquired by nodename 18110@pr-hdds-1054-6hltv-2752131155
2019-08-20 14:46:24,944 INFO  storage.RaftStorageDirectory (RaftStorageDirectory.java:tryLock(328)) - Lock on /workdir/hadoop-ozone/integration-test/target/test-dir/MiniOzoneClusterImpl-02e6917f-6864-460b-96f4-36c51ed72a02/datanode-5/data/ratis/0e8ebacd-c80f-4741-9084-435c1bc2d61d/in_use.lock acquired by nodename 18110@pr-hdds-1054-6hltv-2752131155
2019-08-20 14:46:24,944 INFO  storage.RaftStorageDirectory (RaftStorageDirectory.java:tryLock(328)) - Lock on /workdir/hadoop-ozone/integration-test/target/test-dir/MiniOzoneClusterImpl-02e6917f-6864-460b-96f4-36c51ed72a02/datanode-4/data/ratis/0e8ebacd-c80f-4741-9084-435c1bc2d61d/in_use.lock acquired by nodename 18110@pr-hdds-1054-6hltv-2752131155
2019-08-20 14:46:24,958 INFO  storage.RaftStorage (RaftStorage.java:format(72)) - Storage directory /workdir/hadoop-ozone/integration-test/target/test-dir/MiniOzoneClusterImpl-02e6917f-6864-460b-96f4-36c51ed72a02/datanode-5/data/ratis/0e8ebacd-c80f-4741-9084-435c1bc2d61d has been successfully formatted.
2019-08-20 14:46:24,958 INFO  storage.RaftStorage (RaftStorage.java:format(72)) - Storage directory /workdir/hadoop-ozone/integration-test/target/test-dir/MiniOzoneClusterImpl-02e6917f-6864-460b-96f4-36c51ed72a02/datanode-3/data/ratis/0e8ebacd-c80f-4741-9084-435c1bc2d61d has been successfully formatted.
2019-08-20 14:46:24,958 INFO  storage.RaftStorage (RaftStorage.java:format(72)) - Storage directory /workdir/hadoop-ozone/integration-test/target/test-dir/MiniOzoneClusterImpl-02e6917f-6864-460b-96f4-36c51ed72a02/datanode-4/data/ratis/0e8ebacd-c80f-4741-9084-435c1bc2d61d has been successfully formatted.
2019-08-20 14:46:24,958 INFO  ratis.ContainerStateMachine (ContainerStateMachine.java:loadSnapshot(222)) - group-435C1BC2D61D: The snapshot info is null. Setting the last applied indexto:(t:0, i:~)
2019-08-20 14:46:24,958 INFO  ratis.ContainerStateMachine (ContainerStateMachine.java:loadSnapshot(222)) - group-435C1BC2D61D: The snapshot info is null. Setting the last applied indexto:(t:0, i:~)
2019-08-20 14:46:24,958 INFO  ratis.ContainerStateMachine (ContainerStateMachine.java:loadSnapshot(222)) - group-435C1BC2D61D: The snapshot info is null. Setting the last applied indexto:(t:0, i:~)
2019-08-20 14:46:24,958 INFO  server.RaftServerConfigKeys (ConfUtils.java:logGet(43)) - raft.server.leader.election.timeout = 120s (custom)
2019-08-20 14:46:24,958 INFO  server.RaftServerConfigKeys (ConfUtils.java:logGet(43)) - raft.server.leader.election.timeout = 120s (custom)
2019-08-20 14:46:24,958 INFO  server.RaftServerConfigKeys (ConfUtils.java:logGet(43)) - raft.server.log.use.memory = false (default)
2019-08-20 14:46:24,958 INFO  server.RaftServerConfigKeys (ConfUtils.java:logGet(43)) - raft.server.leader.election.timeout = 120s (custom)
2019-08-20 14:46:24,959 INFO  server.RaftServerConfigKeys (ConfUtils.java:logGet(43)) - raft.server.log.purge.gap = 1000000000 (custom)
2019-08-20 14:46:24,959 INFO  server.RaftServerConfigKeys (ConfUtils.java:logGet(43)) - raft.server.log.use.memory = false (default)
2019-08-20 14:46:24,959 INFO  server.RaftServerConfigKeys (ConfUtils.java:logGet(43)) - raft.server.log.appender.buffer.byte-limit = 33554432 (custom)
2019-08-20 14:46:24,959 INFO  server.RaftServerConfigKeys (ConfUtils.java:logGet(43)) - raft.server.log.use.memory = false (default)
2019-08-20 14:46:24,959 INFO  server.RaftServerConfigKeys (ConfUtils.java:logGet(43)) - raft.server.log.segment.size.max = 1048576 (custom)
2019-08-20 14:46:24,959 INFO  server.RaftServerConfigKeys (ConfUtils.java:logGet(43)) - raft.server.log.purge.gap = 1000000000 (custom)
2019-08-20 14:46:24,959 INFO  server.RaftServerConfigKeys (ConfUtils.java:logGet(43)) - raft.server.log.segment.cache.num.max = 2 (custom)
2019-08-20 14:46:24,959 INFO  server.RaftServerConfigKeys (ConfUtils.java:logGet(43)) - raft.server.log.purge.gap = 1000000000 (custom)
2019-08-20 14:46:24,959 INFO  segmented.SegmentedRaftLogWorker (SegmentedRaftLogWorker.java:<init>(172)) - new 86c904ac-088f-4d27-b38c-6cec29f72dff-SegmentedRaftLogWorker:Storage Directory /workdir/hadoop-ozone/integration-test/target/test-dir/MiniOzoneClusterImpl-02e6917f-6864-460b-96f4-36c51ed72a02/datanode-4/data/ratis/0e8ebacd-c80f-4741-9084-435c1bc2d61d for RaftStorage:Storage Directory /workdir/hadoop-ozone/integration-test/target/test-dir/MiniOzoneClusterImpl-02e6917f-6864-460b-96f4-36c51ed72a02/datanode-4/data/ratis/0e8ebacd-c80f-4741-9084-435c1bc2d61d
2019-08-20 14:46:24,959 INFO  server.RaftServerConfigKeys (ConfUtils.java:logGet(43)) - raft.server.log.appender.buffer.byte-limit = 33554432 (custom)
2019-08-20 14:46:24,960 INFO  server.RaftServerConfigKeys (ConfUtils.java:logGet(43)) - raft.server.log.queue.byte-limit = 2147483647 (custom)
2019-08-20 14:46:24,960 INFO  server.RaftServerConfigKeys (ConfUtils.java:logGet(43)) - raft.server.log.appender.buffer.byte-limit = 33554432 (custom)
2019-08-20 14:46:24,960 INFO  server.RaftServerConfigKeys (ConfUtils.java:logGet(43)) - raft.server.log.queue.element-limit = 1024 (custom)
2019-08-20 14:46:24,960 INFO  server.RaftServerConfigKeys (ConfUtils.java:logGet(43)) - raft.server.log.segment.size.max = 1048576 (custom)
2019-08-20 14:46:24,960 INFO  server.RaftServerConfigKeys (ConfUtils.java:logGet(43)) - raft.server.log.segment.size.max = 1048576 (custom)
2019-08-20 14:46:24,960 INFO  server.RaftServerConfigKeys (ConfUtils.java:logGet(43)) - raft.server.log.segment.size.max = 1048576 (custom)
2019-08-20 14:46:24,960 INFO  server.RaftServerConfigKeys (ConfUtils.java:logGet(43)) - raft.server.log.preallocated.size = 16384 (custom)
2019-08-20 14:46:24,960 INFO  server.RaftServerConfigKeys (ConfUtils.java:logGet(43)) - raft.server.log.segment.cache.num.max = 2 (custom)
2019-08-20 14:46:24,961 INFO  server.RaftServerConfigKeys (ConfUtils.java:logGet(43)) - raft.server.log.write.buffer.size = 33554432 (custom)
2019-08-20 14:46:24,961 INFO  server.RaftServerConfigKeys (ConfUtils.java:logGet(43)) - raft.server.log.segment.cache.num.max = 2 (custom)
2019-08-20 14:46:24,961 INFO  server.RaftServerConfigKeys (ConfUtils.java:logGet(43)) - raft.server.log.force.sync.num = 128 (default)
2019-08-20 14:46:24,961 INFO  segmented.SegmentedRaftLogWorker (SegmentedRaftLogWorker.java:<init>(172)) - new 50668996-cd79-4de0-8e82-75564a0c0645-SegmentedRaftLogWorker:Storage Directory /workdir/hadoop-ozone/integration-test/target/test-dir/MiniOzoneClusterImpl-02e6917f-6864-460b-96f4-36c51ed72a02/datanode-5/data/ratis/0e8ebacd-c80f-4741-9084-435c1bc2d61d for RaftStorage:Storage Directory /workdir/hadoop-ozone/integration-test/target/test-dir/MiniOzoneClusterImpl-02e6917f-6864-460b-96f4-36c51ed72a02/datanode-5/data/ratis/0e8ebacd-c80f-4741-9084-435c1bc2d61d
2019-08-20 14:46:24,961 INFO  server.RaftServerConfigKeys (ConfUtils.java:logGet(43)) - raft.server.log.statemachine.data.sync = true (default)
2019-08-20 14:46:24,961 INFO  segmented.SegmentedRaftLogWorker (SegmentedRaftLogWorker.java:<init>(172)) - new 29af68b4-d82a-4dc0-a69b-289012d55633-SegmentedRaftLogWorker:Storage Directory /workdir/hadoop-ozone/integration-test/target/test-dir/MiniOzoneClusterImpl-02e6917f-6864-460b-96f4-36c51ed72a02/datanode-3/data/ratis/0e8ebacd-c80f-4741-9084-435c1bc2d61d for RaftStorage:Storage Directory /workdir/hadoop-ozone/integration-test/target/test-dir/MiniOzoneClusterImpl-02e6917f-6864-460b-96f4-36c51ed72a02/datanode-3/data/ratis/0e8ebacd-c80f-4741-9084-435c1bc2d61d
2019-08-20 14:46:24,961 INFO  server.RaftServerConfigKeys (ConfUtils.java:logGet(43)) - raft.server.log.statemachine.data.sync.timeout = 10s (default)
2019-08-20 14:46:24,961 INFO  server.RaftServerConfigKeys (ConfUtils.java:logGet(43)) - raft.server.log.queue.byte-limit = 2147483647 (custom)
2019-08-20 14:46:24,962 INFO  server.RaftServerConfigKeys (ConfUtils.java:logGet(43)) - raft.server.log.statemachine.data.sync.timeout.retry = -1 (default)
2019-08-20 14:46:24,961 INFO  server.RaftServerConfigKeys (ConfUtils.java:logGet(43)) - raft.server.log.queue.byte-limit = 2147483647 (custom)
2019-08-20 14:46:24,962 INFO  server.RaftServerConfigKeys (ConfUtils.java:logGet(43)) - raft.server.log.statemachine.data.caching.enabled = true (custom)
2019-08-20 14:46:24,962 INFO  server.RaftServerConfigKeys (ConfUtils.java:logGet(43)) - raft.server.log.queue.element-limit = 1024 (custom)
2019-08-20 14:46:24,962 INFO  server.RaftServerConfigKeys (ConfUtils.java:logGet(43)) - raft.server.log.queue.element-limit = 1024 (custom)
2019-08-20 14:46:24,962 INFO  segmented.SegmentedRaftLogWorker (SegmentedRaftLogWorker.java:lambda$new$0(132)) - 86c904ac-088f-4d27-b38c-6cec29f72dff-SegmentedRaftLogWorker:Storage Directory /workdir/hadoop-ozone/integration-test/target/test-dir/MiniOzoneClusterImpl-02e6917f-6864-460b-96f4-36c51ed72a02/datanode-4/data/ratis/0e8ebacd-c80f-4741-9084-435c1bc2d61d: flushIndex: setUnconditionally 0 -> -1
2019-08-20 14:46:24,962 INFO  server.RaftServerConfigKeys (ConfUtils.java:logGet(43)) - raft.server.log.segment.size.max = 1048576 (custom)
2019-08-20 14:46:24,962 INFO  server.RaftServerConfigKeys (ConfUtils.java:logGet(43)) - raft.server.log.segment.size.max = 1048576 (custom)
2019-08-20 14:46:24,963 INFO  server.RaftServerConfigKeys (ConfUtils.java:logGet(43)) - raft.server.snapshot.auto.trigger.enabled = true (custom)
2019-08-20 14:46:24,963 INFO  server.RaftServerConfigKeys (ConfUtils.java:logGet(43)) - raft.server.log.preallocated.size = 16384 (custom)
2019-08-20 14:46:24,963 INFO  server.RaftServerConfigKeys (ConfUtils.java:logGet(43)) - raft.server.snapshot.auto.trigger.threshold = 10000 (custom)
2019-08-20 14:46:24,963 INFO  server.RaftServerConfigKeys (ConfUtils.java:logGet(43)) - raft.server.log.preallocated.size = 16384 (custom)
2019-08-20 14:46:24,963 INFO  server.RaftServerConfigKeys (ConfUtils.java:logGet(43)) - raft.server.retrycache.expirytime = 600000ms (custom)
2019-08-20 14:46:24,963 INFO  server.RaftServerConfigKeys (ConfUtils.java:logGet(43)) - raft.server.log.write.buffer.size = 33554432 (custom)
2019-08-20 14:46:24,963 INFO  server.RaftServerConfigKeys (ConfUtils.java:logGet(43)) - raft.server.log.force.sync.num = 128 (default)
2019-08-20 14:46:24,963 INFO  server.RaftServerConfigKeys (ConfUtils.java:logGet(43)) - raft.server.log.write.buffer.size = 33554432 (custom)
2019-08-20 14:46:24,963 INFO  server.RaftServerConfigKeys (ConfUtils.java:logGet(43)) - raft.server.log.statemachine.data.sync = true (default)
2019-08-20 14:46:24,963 INFO  impl.RaftServerImpl (RaftServerImpl.java:start(180)) - 86c904ac-088f-4d27-b38c-6cec29f72dff: start group-435C1BC2D61D
2019-08-20 14:46:24,964 INFO  server.RaftServerConfigKeys (ConfUtils.java:logGet(43)) - raft.server.log.statemachine.data.sync.timeout = 10s (default)
2019-08-20 14:46:24,964 INFO  server.RaftServerConfigKeys (ConfUtils.java:logGet(43)) - raft.server.log.force.sync.num = 128 (default)
2019-08-20 14:46:24,964 INFO  server.RaftServerConfigKeys (ConfUtils.java:logGet(43)) - raft.server.log.statemachine.data.sync.timeout.retry = -1 (default)
2019-08-20 14:46:24,964 INFO  impl.RaftServerImpl (RaftServerImpl.java:setRole(171)) - 86c904ac-088f-4d27-b38c-6cec29f72dff:group-435C1BC2D61D changes role from null to FOLLOWER at term 0 for startAsFollower
2019-08-20 14:46:24,964 INFO  server.RaftServerConfigKeys (ConfUtils.java:logGet(43)) - raft.server.log.statemachine.data.caching.enabled = true (custom)
2019-08-20 14:46:24,964 INFO  server.RaftServerConfigKeys (ConfUtils.java:logGet(43)) - raft.server.log.statemachine.data.sync = true (default)
2019-08-20 14:46:24,964 INFO  segmented.SegmentedRaftLogWorker (SegmentedRaftLogWorker.java:lambda$new$0(132)) - 50668996-cd79-4de0-8e82-75564a0c0645-SegmentedRaftLogWorker:Storage Directory /workdir/hadoop-ozone/integration-test/target/test-dir/MiniOzoneClusterImpl-02e6917f-6864-460b-96f4-36c51ed72a02/datanode-5/data/ratis/0e8ebacd-c80f-4741-9084-435c1bc2d61d: flushIndex: setUnconditionally 0 -> -1
2019-08-20 14:46:24,964 INFO  impl.RoleInfo (RoleInfo.java:updateAndGet(143)) - 86c904ac-088f-4d27-b38c-6cec29f72dff: start FollowerState
2019-08-20 14:46:24,964 INFO  server.RaftServerConfigKeys (ConfUtils.java:logGet(43)) - raft.server.log.statemachine.data.sync.timeout = 10s (default)
2019-08-20 14:46:24,965 INFO  server.RaftServerConfigKeys (ConfUtils.java:logGet(43)) - raft.server.snapshot.auto.trigger.enabled = true (custom)
2019-08-20 14:46:24,965 INFO  server.RaftServerConfigKeys (ConfUtils.java:logGet(43)) - raft.server.log.statemachine.data.sync.timeout.retry = -1 (default)
2019-08-20 14:46:24,965 INFO  util.JmxRegister (JmxRegister.java:tryRegister(44)) - Successfully registered JMX Bean with object name Ratis:service=RaftServer,group=group-435C1BC2D61D,id=86c904ac-088f-4d27-b38c-6cec29f72dff
2019-08-20 14:46:24,965 INFO  server.RaftServerConfigKeys (ConfUtils.java:logGet(43)) - raft.server.snapshot.auto.trigger.threshold = 10000 (custom)
2019-08-20 14:46:24,965 INFO  server.RaftServerConfigKeys (ConfUtils.java:logGet(43)) - raft.server.log.statemachine.data.caching.enabled = true (custom)
2019-08-20 14:46:24,965 INFO  server.RaftServerConfigKeys (ConfUtils.java:logGet(43)) - raft.server.retrycache.expirytime = 600000ms (custom)
2019-08-20 14:46:24,966 INFO  impl.RaftServerImpl (RaftServerImpl.java:start(180)) - 50668996-cd79-4de0-8e82-75564a0c0645: start group-435C1BC2D61D
2019-08-20 14:46:24,966 INFO  segmented.SegmentedRaftLogWorker (SegmentedRaftLogWorker.java:lambda$new$0(132)) - 29af68b4-d82a-4dc0-a69b-289012d55633-SegmentedRaftLogWorker:Storage Directory /workdir/hadoop-ozone/integration-test/target/test-dir/MiniOzoneClusterImpl-02e6917f-6864-460b-96f4-36c51ed72a02/datanode-3/data/ratis/0e8ebacd-c80f-4741-9084-435c1bc2d61d: flushIndex: setUnconditionally 0 -> -1
2019-08-20 14:46:24,966 INFO  impl.RaftServerImpl (RaftServerImpl.java:setRole(171)) - 50668996-cd79-4de0-8e82-75564a0c0645:group-435C1BC2D61D changes role from null to FOLLOWER at term 0 for startAsFollower
2019-08-20 14:46:24,966 INFO  impl.RoleInfo (RoleInfo.java:updateAndGet(143)) - 50668996-cd79-4de0-8e82-75564a0c0645: start FollowerState
2019-08-20 14:46:24,966 INFO  server.RaftServerConfigKeys (ConfUtils.java:logGet(43)) - raft.server.snapshot.auto.trigger.enabled = true (custom)
2019-08-20 14:46:24,966 INFO  server.RaftServerConfigKeys (ConfUtils.java:logGet(43)) - raft.server.snapshot.auto.trigger.threshold = 10000 (custom)
2019-08-20 14:46:24,966 INFO  util.JmxRegister (JmxRegister.java:tryRegister(44)) - Successfully registered JMX Bean with object name Ratis:service=RaftServer,group=group-435C1BC2D61D,id=50668996-cd79-4de0-8e82-75564a0c0645
2019-08-20 14:46:24,966 INFO  server.RaftServerConfigKeys (ConfUtils.java:logGet(43)) - raft.server.retrycache.expirytime = 600000ms (custom)
2019-08-20 14:46:24,966 INFO  impl.RaftServerImpl (RaftServerImpl.java:start(180)) - 29af68b4-d82a-4dc0-a69b-289012d55633: start group-435C1BC2D61D
2019-08-20 14:46:24,967 INFO  impl.RaftServerImpl (RaftServerImpl.java:setRole(171)) - 29af68b4-d82a-4dc0-a69b-289012d55633:group-435C1BC2D61D changes role from null to FOLLOWER at term 0 for startAsFollower
2019-08-20 14:46:24,967 INFO  impl.RoleInfo (RoleInfo.java:updateAndGet(143)) - 29af68b4-d82a-4dc0-a69b-289012d55633: start FollowerState
2019-08-20 14:46:24,967 INFO  util.JmxRegister (JmxRegister.java:tryRegister(44)) - Successfully registered JMX Bean with object name Ratis:service=RaftServer,group=group-435C1BC2D61D,id=29af68b4-d82a-4dc0-a69b-289012d55633
2019-08-20 14:46:24,969 INFO  pipeline.PipelineStateManager (PipelineStateManager.java:addPipeline(56)) - Created pipeline Pipeline[ Id: 0e8ebacd-c80f-4741-9084-435c1bc2d61d, Nodes: 50668996-cd79-4de0-8e82-75564a0c0645{ip: 192.168.69.107, host: pr-hdds-1054-6hltv-2752131155, networkLocation: /default-rack, certSerialId: null}86c904ac-088f-4d27-b38c-6cec29f72dff{ip: 192.168.69.107, host: pr-hdds-1054-6hltv-2752131155, networkLocation: /default-rack, certSerialId: null}29af68b4-d82a-4dc0-a69b-289012d55633{ip: 192.168.69.107, host: pr-hdds-1054-6hltv-2752131155, networkLocation: /default-rack, certSerialId: null}, Type:RATIS, Factor:THREE, State:OPEN]
2019-08-20 14:46:25,025 INFO  net.NetworkTopology (NetworkTopologyImpl.java:add(110)) - Added a new node: /default-rack/5e83d962-d2cc-4e7b-a3f8-0ca678d1e1c0
2019-08-20 14:46:25,025 INFO  node.SCMNodeManager (SCMNodeManager.java:register(273)) - Registered Data node : 5e83d962-d2cc-4e7b-a3f8-0ca678d1e1c0{ip: 192.168.69.107, host: pr-hdds-1054-6hltv-2752131155, networkLocation: /default-rack, certSerialId: null}
2019-08-20 14:46:25,025 INFO  ozone.MiniOzoneClusterImpl (MiniOzoneClusterImpl.java:lambda$waitForClusterToBeReady$0(142)) - Cluster is ready. Got 7 of 7 DN Heartbeats.
2019-08-20 14:46:25,031 INFO  impl.RaftServerProxy (RaftServerProxy.java:addNew(89)) - 5e83d962-d2cc-4e7b-a3f8-0ca678d1e1c0: addNew group-1D3A629E03D1:[5e83d962-d2cc-4e7b-a3f8-0ca678d1e1c0:192.168.69.107:38099] returns group-1D3A629E03D1:java.util.concurrent.CompletableFuture@566d97cb[Not completed]
2019-08-20 14:46:25,037 INFO  impl.RaftServerImpl (RaftServerImpl.java:<init>(93)) - 5e83d962-d2cc-4e7b-a3f8-0ca678d1e1c0: new RaftServerImpl for group-1D3A629E03D1:[5e83d962-d2cc-4e7b-a3f8-0ca678d1e1c0:192.168.69.107:38099] with ContainerStateMachine:uninitialized
2019-08-20 14:46:25,037 INFO  server.RaftServerConfigKeys (ConfUtils.java:logGet(43)) - raft.server.rpc.timeout.min = 5s (custom)
2019-08-20 14:46:25,037 INFO  server.RaftServerConfigKeys (ConfUtils.java:logGet(43)) - raft.server.rpc.timeout.max = 5200ms (custom)
2019-08-20 14:46:25,037 INFO  server.RaftServerConfigKeys (ConfUtils.java:logGet(43)) - raft.server.rpcslowness.timeout = 120s (custom)
2019-08-20 14:46:25,037 INFO  server.RaftServerConfigKeys (ConfUtils.java:logGet(43)) - raft.server.sleep.deviation.threshold = 300 (default)
2019-08-20 14:46:25,037 INFO  server.RaftServerConfigKeys (ConfUtils.java:logGet(43)) - raft.server.log.appender.install.snapshot.enabled = false (custom)
2019-08-20 14:46:25,037 INFO  impl.RaftServerImpl (ServerState.java:<init>(105)) - 5e83d962-d2cc-4e7b-a3f8-0ca678d1e1c0:group-1D3A629E03D1 ConfigurationManager, init=-1: [5e83d962-d2cc-4e7b-a3f8-0ca678d1e1c0:192.168.69.107:38099], old=null, confs=<EMPTY_MAP>
2019-08-20 14:46:25,037 INFO  server.RaftServerConfigKeys (ConfUtils.java:logGet(43)) - raft.server.storage.dir = [/workdir/hadoop-ozone/integration-test/target/test-dir/MiniOzoneClusterImpl-02e6917f-6864-460b-96f4-36c51ed72a02/datanode-6/data/ratis] (custom)
2019-08-20 14:46:25,038 INFO  storage.RaftStorageDirectory (RaftStorageDirectory.java:analyzeStorage(246)) - The storage directory /workdir/hadoop-ozone/integration-test/target/test-dir/MiniOzoneClusterImpl-02e6917f-6864-460b-96f4-36c51ed72a02/datanode-6/data/ratis/10f89966-664b-4e76-ae9a-1d3a629e03d1 does not exist. Creating ...
2019-08-20 14:46:25,044 INFO  storage.RaftStorageDirectory (RaftStorageDirectory.java:tryLock(328)) - Lock on /workdir/hadoop-ozone/integration-test/target/test-dir/MiniOzoneClusterImpl-02e6917f-6864-460b-96f4-36c51ed72a02/datanode-6/data/ratis/10f89966-664b-4e76-ae9a-1d3a629e03d1/in_use.lock acquired by nodename 18110@pr-hdds-1054-6hltv-2752131155
2019-08-20 14:46:25,057 INFO  rpc.RpcClient (RpcClient.java:createVolume(293)) - Creating Volume: testblockoutputstream, with jenkins1000 as owner.
2019-08-20 14:46:25,072 INFO  storage.RaftStorage (RaftStorage.java:format(72)) - Storage directory /workdir/hadoop-ozone/integration-test/target/test-dir/MiniOzoneClusterImpl-02e6917f-6864-460b-96f4-36c51ed72a02/datanode-6/data/ratis/10f89966-664b-4e76-ae9a-1d3a629e03d1 has been successfully formatted.
2019-08-20 14:46:25,072 INFO  ratis.ContainerStateMachine (ContainerStateMachine.java:loadSnapshot(222)) - group-1D3A629E03D1: The snapshot info is null. Setting the last applied indexto:(t:0, i:~)
2019-08-20 14:46:25,072 INFO  server.RaftServerConfigKeys (ConfUtils.java:logGet(43)) - raft.server.leader.election.timeout = 120s (custom)
2019-08-20 14:46:25,072 INFO  server.RaftServerConfigKeys (ConfUtils.java:logGet(43)) - raft.server.log.use.memory = false (default)
2019-08-20 14:46:25,072 INFO  rpc.RpcClient (RpcClient.java:createBucket(430)) - Creating Bucket: testblockoutputstream/testblockoutputstream, with Versioning false and Storage Type set to DISK and Encryption set to false 
2019-08-20 14:46:25,073 INFO  server.RaftServerConfigKeys (ConfUtils.java:logGet(43)) - raft.server.log.purge.gap = 1000000000 (custom)
2019-08-20 14:46:25,073 INFO  server.RaftServerConfigKeys (ConfUtils.java:logGet(43)) - raft.server.log.appender.buffer.byte-limit = 33554432 (custom)
2019-08-20 14:46:25,073 INFO  server.RaftServerConfigKeys (ConfUtils.java:logGet(43)) - raft.server.log.segment.size.max = 1048576 (custom)
2019-08-20 14:46:25,073 INFO  server.RaftServerConfigKeys (ConfUtils.java:logGet(43)) - raft.server.log.segment.cache.num.max = 2 (custom)
2019-08-20 14:46:25,073 INFO  segmented.SegmentedRaftLogWorker (SegmentedRaftLogWorker.java:<init>(172)) - new 5e83d962-d2cc-4e7b-a3f8-0ca678d1e1c0-SegmentedRaftLogWorker:Storage Directory /workdir/hadoop-ozone/integration-test/target/test-dir/MiniOzoneClusterImpl-02e6917f-6864-460b-96f4-36c51ed72a02/datanode-6/data/ratis/10f89966-664b-4e76-ae9a-1d3a629e03d1 for RaftStorage:Storage Directory /workdir/hadoop-ozone/integration-test/target/test-dir/MiniOzoneClusterImpl-02e6917f-6864-460b-96f4-36c51ed72a02/datanode-6/data/ratis/10f89966-664b-4e76-ae9a-1d3a629e03d1
2019-08-20 14:46:25,073 INFO  server.RaftServerConfigKeys (ConfUtils.java:logGet(43)) - raft.server.log.queue.byte-limit = 2147483647 (custom)
2019-08-20 14:46:25,073 INFO  server.RaftServerConfigKeys (ConfUtils.java:logGet(43)) - raft.server.log.queue.element-limit = 1024 (custom)
2019-08-20 14:46:25,074 INFO  server.RaftServerConfigKeys (ConfUtils.java:logGet(43)) - raft.server.log.segment.size.max = 1048576 (custom)
2019-08-20 14:46:25,076 INFO  server.RaftServerConfigKeys (ConfUtils.java:logGet(43)) - raft.server.log.preallocated.size = 16384 (custom)
2019-08-20 14:46:25,077 INFO  server.RaftServerConfigKeys (ConfUtils.java:logGet(43)) - raft.server.log.write.buffer.size = 33554432 (custom)
2019-08-20 14:46:25,077 INFO  server.RaftServerConfigKeys (ConfUtils.java:logGet(43)) - raft.server.log.force.sync.num = 128 (default)
2019-08-20 14:46:25,077 INFO  server.RaftServerConfigKeys (ConfUtils.java:logGet(43)) - raft.server.log.statemachine.data.sync = true (default)
2019-08-20 14:46:25,077 INFO  server.RaftServerConfigKeys (ConfUtils.java:logGet(43)) - raft.server.log.statemachine.data.sync.timeout = 10s (default)
2019-08-20 14:46:25,077 INFO  server.RaftServerConfigKeys (ConfUtils.java:logGet(43)) - raft.server.log.statemachine.data.sync.timeout.retry = -1 (default)
2019-08-20 14:46:25,077 INFO  server.RaftServerConfigKeys (ConfUtils.java:logGet(43)) - raft.server.log.statemachine.data.caching.enabled = true (custom)
2019-08-20 14:46:25,077 INFO  segmented.SegmentedRaftLogWorker (SegmentedRaftLogWorker.java:lambda$new$0(132)) - 5e83d962-d2cc-4e7b-a3f8-0ca678d1e1c0-SegmentedRaftLogWorker:Storage Directory /workdir/hadoop-ozone/integration-test/target/test-dir/MiniOzoneClusterImpl-02e6917f-6864-460b-96f4-36c51ed72a02/datanode-6/data/ratis/10f89966-664b-4e76-ae9a-1d3a629e03d1: flushIndex: setUnconditionally 0 -> -1
2019-08-20 14:46:25,078 INFO  server.RaftServerConfigKeys (ConfUtils.java:logGet(43)) - raft.server.snapshot.auto.trigger.enabled = true (custom)
2019-08-20 14:46:25,078 INFO  server.RaftServerConfigKeys (ConfUtils.java:logGet(43)) - raft.server.snapshot.auto.trigger.threshold = 10000 (custom)
2019-08-20 14:46:25,078 INFO  server.RaftServerConfigKeys (ConfUtils.java:logGet(43)) - raft.server.retrycache.expirytime = 600000ms (custom)
2019-08-20 14:46:25,078 INFO  impl.RaftServerImpl (RaftServerImpl.java:start(180)) - 5e83d962-d2cc-4e7b-a3f8-0ca678d1e1c0: start group-1D3A629E03D1
2019-08-20 14:46:25,078 INFO  impl.RaftServerImpl (RaftServerImpl.java:setRole(171)) - 5e83d962-d2cc-4e7b-a3f8-0ca678d1e1c0:group-1D3A629E03D1 changes role from null to FOLLOWER at term 0 for startAsFollower
2019-08-20 14:46:25,078 INFO  impl.RoleInfo (RoleInfo.java:updateAndGet(143)) - 5e83d962-d2cc-4e7b-a3f8-0ca678d1e1c0: start FollowerState
2019-08-20 14:46:25,079 INFO  util.JmxRegister (JmxRegister.java:tryRegister(44)) - Successfully registered JMX Bean with object name Ratis:service=RaftServer,group=group-1D3A629E03D1,id=5e83d962-d2cc-4e7b-a3f8-0ca678d1e1c0
2019-08-20 14:46:25,080 INFO  pipeline.PipelineStateManager (PipelineStateManager.java:addPipeline(56)) - Created pipeline Pipeline[ Id: 10f89966-664b-4e76-ae9a-1d3a629e03d1, Nodes: 5e83d962-d2cc-4e7b-a3f8-0ca678d1e1c0{ip: 192.168.69.107, host: pr-hdds-1054-6hltv-2752131155, networkLocation: /default-rack, certSerialId: null}, Type:RATIS, Factor:ONE, State:OPEN]
2019-08-20 14:46:25,105 INFO  client.GrpcClientProtocolClient (GrpcClientProtocolClient.java:onNext(255)) - client-FBEA26E83BFA->2e8c300d-75de-4f2a-ace2-5d64a786696d: receive RaftClientReply:client-FBEA26E83BFA->2e8c300d-75de-4f2a-ace2-5d64a786696d@group-0708FA4555F9, cid=216, FAILED org.apache.ratis.protocol.NotLeaderException: Server 2e8c300d-75de-4f2a-ace2-5d64a786696d is not the leader (null). Request must be sent to leader., logIndex=0, commits[2e8c300d-75de-4f2a-ace2-5d64a786696d:c-1]
2019-08-20 14:46:26,118 INFO  client.GrpcClientProtocolClient (GrpcClientProtocolClient.java:onNext(255)) - client-FBEA26E83BFA->47e13b85-5230-4867-bd83-5f11418c7130: receive RaftClientReply:client-FBEA26E83BFA->47e13b85-5230-4867-bd83-5f11418c7130@group-0708FA4555F9, cid=216, FAILED org.apache.ratis.protocol.NotLeaderException: Server 47e13b85-5230-4867-bd83-5f11418c7130 is not the leader (null). Request must be sent to leader., logIndex=0, commits[47e13b85-5230-4867-bd83-5f11418c7130:c-1]
2019-08-20 14:46:26,717 INFO  container.ReplicationManager (ReplicationManager.java:start(155)) - Starting Replication Monitor Thread.
2019-08-20 14:46:26,721 INFO  container.ReplicationManager (ReplicationManager.java:run(207)) - Replication Monitor Thread took 0 milliseconds for processing 1 containers.
2019-08-20 14:46:27,124 INFO  client.GrpcClientProtocolClient (GrpcClientProtocolClient.java:onNext(255)) - client-FBEA26E83BFA->2e8c300d-75de-4f2a-ace2-5d64a786696d: receive RaftClientReply:client-FBEA26E83BFA->2e8c300d-75de-4f2a-ace2-5d64a786696d@group-0708FA4555F9, cid=216, FAILED org.apache.ratis.protocol.NotLeaderException: Server 2e8c300d-75de-4f2a-ace2-5d64a786696d is not the leader (null). Request must be sent to leader., logIndex=0, commits[2e8c300d-75de-4f2a-ace2-5d64a786696d:c-1]
2019-08-20 14:46:28,134 INFO  client.GrpcClientProtocolClient (GrpcClientProtocolClient.java:onNext(255)) - client-FBEA26E83BFA->2e05b60f-f50a-4f39-b31d-9e1fc67d357d: receive RaftClientReply:client-FBEA26E83BFA->2e05b60f-f50a-4f39-b31d-9e1fc67d357d@group-0708FA4555F9, cid=216, FAILED org.apache.ratis.protocol.NotLeaderException: Server 2e05b60f-f50a-4f39-b31d-9e1fc67d357d is not the leader (null). Request must be sent to leader., logIndex=0, commits[2e05b60f-f50a-4f39-b31d-9e1fc67d357d:c-1]
2019-08-20 14:46:28,930 INFO  impl.FollowerState (FollowerState.java:run(106)) - 47e13b85-5230-4867-bd83-5f11418c7130:group-9349B9308077 changes to CANDIDATE, lastRpcTime:5184, electionTimeout:5184ms
2019-08-20 14:46:28,930 INFO  impl.RoleInfo (RoleInfo.java:shutdownFollowerState(121)) - 47e13b85-5230-4867-bd83-5f11418c7130: shutdown FollowerState
2019-08-20 14:46:28,930 INFO  impl.RaftServerImpl (RaftServerImpl.java:setRole(171)) - 47e13b85-5230-4867-bd83-5f11418c7130:group-9349B9308077 changes role from FOLLOWER to CANDIDATE at term 0 for changeToCandidate
2019-08-20 14:46:28,930 INFO  impl.RoleInfo (RoleInfo.java:updateAndGet(143)) - 47e13b85-5230-4867-bd83-5f11418c7130: start LeaderElection
2019-08-20 14:46:28,943 INFO  impl.LeaderElection (LeaderElection.java:askForVotes(181)) - 47e13b85-5230-4867-bd83-5f11418c7130:group-9349B9308077:LeaderElection131: begin an election at term 1 for -1: [47e13b85-5230-4867-bd83-5f11418c7130:192.168.69.107:38233], old=null
2019-08-20 14:46:28,943 INFO  impl.RoleInfo (RoleInfo.java:shutdownLeaderElection(134)) - 47e13b85-5230-4867-bd83-5f11418c7130: shutdown LeaderElection
2019-08-20 14:46:28,943 INFO  impl.RaftServerImpl (RaftServerImpl.java:setRole(171)) - 47e13b85-5230-4867-bd83-5f11418c7130:group-9349B9308077 changes role from CANDIDATE to LEADER at term 1 for changeToLeader
2019-08-20 14:46:28,943 INFO  impl.RaftServerImpl (ServerState.java:setLeader(263)) - 47e13b85-5230-4867-bd83-5f11418c7130:group-9349B9308077 change Leader from null to 47e13b85-5230-4867-bd83-5f11418c7130 at term 1 for becomeLeader, leader elected after 5201ms
2019-08-20 14:46:28,943 INFO  server.RaftServerConfigKeys (ConfUtils.java:logGet(43)) - raft.server.staging.catchup.gap = 1000 (default)
2019-08-20 14:46:28,943 INFO  server.RaftServerConfigKeys (ConfUtils.java:logGet(43)) - raft.server.rpc.sleep.time = 25ms (default)
2019-08-20 14:46:28,944 INFO  server.RaftServerConfigKeys (ConfUtils.java:logGet(43)) - raft.server.write.element-limit = 4096 (default)
2019-08-20 14:46:28,944 INFO  server.RaftServerConfigKeys (ConfUtils.java:logGet(43)) - raft.server.watch.timeout = 10s (default)
2019-08-20 14:46:28,944 INFO  server.RaftServerConfigKeys (ConfUtils.java:logGet(43)) - raft.server.watch.timeout.denomination = 1s (default)
2019-08-20 14:46:28,944 INFO  server.RaftServerConfigKeys (ConfUtils.java:logGet(43)) - raft.server.watch.element-limit = 65536 (default)
2019-08-20 14:46:28,944 INFO  impl.RoleInfo (RoleInfo.java:updateAndGet(143)) - 47e13b85-5230-4867-bd83-5f11418c7130: start LeaderState
2019-08-20 14:46:28,944 INFO  segmented.SegmentedRaftLogWorker (SegmentedRaftLogWorker.java:startLogSegment(380)) - 47e13b85-5230-4867-bd83-5f11418c7130-SegmentedRaftLogWorker:Storage Directory /workdir/hadoop-ozone/integration-test/target/test-dir/MiniOzoneClusterImpl-02e6917f-6864-460b-96f4-36c51ed72a02/datanode-0/data/ratis/b27b4789-bb44-43c3-82d7-9349b9308077: Starting segment from index:0
2019-08-20 14:46:28,945 INFO  impl.RaftServerImpl (ServerState.java:setRaftConf(361)) - 47e13b85-5230-4867-bd83-5f11418c7130:group-9349B9308077 set configuration 0: [47e13b85-5230-4867-bd83-5f11418c7130:192.168.69.107:38233], old=null at 0
2019-08-20 14:46:28,980 INFO  segmented.SegmentedRaftLogWorker (SegmentedRaftLogWorker.java:execute(569)) - 47e13b85-5230-4867-bd83-5f11418c7130-SegmentedRaftLogWorker:Storage Directory /workdir/hadoop-ozone/integration-test/target/test-dir/MiniOzoneClusterImpl-02e6917f-6864-460b-96f4-36c51ed72a02/datanode-0/data/ratis/b27b4789-bb44-43c3-82d7-9349b9308077: created new log segment /workdir/hadoop-ozone/integration-test/target/test-dir/MiniOzoneClusterImpl-02e6917f-6864-460b-96f4-36c51ed72a02/datanode-0/data/ratis/b27b4789-bb44-43c3-82d7-9349b9308077/current/log_inprogress_0
2019-08-20 14:46:29,095 INFO  impl.FollowerState (FollowerState.java:run(106)) - 2e05b60f-f50a-4f39-b31d-9e1fc67d357d:group-EA1F44A0C2DE changes to CANDIDATE, lastRpcTime:5156, electionTimeout:5156ms
2019-08-20 14:46:29,095 INFO  impl.RoleInfo (RoleInfo.java:shutdownFollowerState(121)) - 2e05b60f-f50a-4f39-b31d-9e1fc67d357d: shutdown FollowerState
2019-08-20 14:46:29,095 INFO  impl.RaftServerImpl (RaftServerImpl.java:setRole(171)) - 2e05b60f-f50a-4f39-b31d-9e1fc67d357d:group-EA1F44A0C2DE changes role from FOLLOWER to CANDIDATE at term 0 for changeToCandidate
2019-08-20 14:46:29,095 INFO  impl.RoleInfo (RoleInfo.java:updateAndGet(143)) - 2e05b60f-f50a-4f39-b31d-9e1fc67d357d: start LeaderElection
2019-08-20 14:46:29,133 INFO  impl.LeaderElection (LeaderElection.java:askForVotes(181)) - 2e05b60f-f50a-4f39-b31d-9e1fc67d357d:group-EA1F44A0C2DE:LeaderElection132: begin an election at term 1 for -1: [2e05b60f-f50a-4f39-b31d-9e1fc67d357d:192.168.69.107:41284], old=null
2019-08-20 14:46:29,133 INFO  impl.RoleInfo (RoleInfo.java:shutdownLeaderElection(134)) - 2e05b60f-f50a-4f39-b31d-9e1fc67d357d: shutdown LeaderElection
2019-08-20 14:46:29,133 INFO  impl.RaftServerImpl (RaftServerImpl.java:setRole(171)) - 2e05b60f-f50a-4f39-b31d-9e1fc67d357d:group-EA1F44A0C2DE changes role from CANDIDATE to LEADER at term 1 for changeToLeader
2019-08-20 14:46:29,133 INFO  impl.RaftServerImpl (ServerState.java:setLeader(263)) - 2e05b60f-f50a-4f39-b31d-9e1fc67d357d:group-EA1F44A0C2DE change Leader from null to 2e05b60f-f50a-4f39-b31d-9e1fc67d357d at term 1 for becomeLeader, leader elected after 5197ms
2019-08-20 14:46:29,133 INFO  server.RaftServerConfigKeys (ConfUtils.java:logGet(43)) - raft.server.staging.catchup.gap = 1000 (default)
2019-08-20 14:46:29,133 INFO  server.RaftServerConfigKeys (ConfUtils.java:logGet(43)) - raft.server.rpc.sleep.time = 25ms (default)
2019-08-20 14:46:29,133 INFO  server.RaftServerConfigKeys (ConfUtils.java:logGet(43)) - raft.server.write.element-limit = 4096 (default)
2019-08-20 14:46:29,134 INFO  server.RaftServerConfigKeys (ConfUtils.java:logGet(43)) - raft.server.watch.timeout = 10s (default)
2019-08-20 14:46:29,134 INFO  server.RaftServerConfigKeys (ConfUtils.java:logGet(43)) - raft.server.watch.timeout.denomination = 1s (default)
2019-08-20 14:46:29,134 INFO  server.RaftServerConfigKeys (ConfUtils.java:logGet(43)) - raft.server.watch.element-limit = 65536 (default)
2019-08-20 14:46:29,134 INFO  impl.RoleInfo (RoleInfo.java:updateAndGet(143)) - 2e05b60f-f50a-4f39-b31d-9e1fc67d357d: start LeaderState
2019-08-20 14:46:29,134 INFO  segmented.SegmentedRaftLogWorker (SegmentedRaftLogWorker.java:startLogSegment(380)) - 2e05b60f-f50a-4f39-b31d-9e1fc67d357d-SegmentedRaftLogWorker:Storage Directory /workdir/hadoop-ozone/integration-test/target/test-dir/MiniOzoneClusterImpl-02e6917f-6864-460b-96f4-36c51ed72a02/datanode-1/data/ratis/3ff0a9c4-4070-493f-9b33-ea1f44a0c2de: Starting segment from index:0
2019-08-20 14:46:29,134 INFO  impl.RaftServerImpl (ServerState.java:setRaftConf(361)) - 2e05b60f-f50a-4f39-b31d-9e1fc67d357d:group-EA1F44A0C2DE set configuration 0: [2e05b60f-f50a-4f39-b31d-9e1fc67d357d:192.168.69.107:41284], old=null at 0
2019-08-20 14:46:29,169 INFO  client.GrpcClientProtocolClient (GrpcClientProtocolClient.java:onNext(255)) - client-FBEA26E83BFA->47e13b85-5230-4867-bd83-5f11418c7130: receive RaftClientReply:client-FBEA26E83BFA->47e13b85-5230-4867-bd83-5f11418c7130@group-0708FA4555F9, cid=216, FAILED org.apache.ratis.protocol.NotLeaderException: Server 47e13b85-5230-4867-bd83-5f11418c7130 is not the leader (null). Request must be sent to leader., logIndex=0, commits[47e13b85-5230-4867-bd83-5f11418c7130:c-1]
2019-08-20 14:46:29,181 INFO  segmented.SegmentedRaftLogWorker (SegmentedRaftLogWorker.java:execute(569)) - 2e05b60f-f50a-4f39-b31d-9e1fc67d357d-SegmentedRaftLogWorker:Storage Directory /workdir/hadoop-ozone/integration-test/target/test-dir/MiniOzoneClusterImpl-02e6917f-6864-460b-96f4-36c51ed72a02/datanode-1/data/ratis/3ff0a9c4-4070-493f-9b33-ea1f44a0c2de: created new log segment /workdir/hadoop-ozone/integration-test/target/test-dir/MiniOzoneClusterImpl-02e6917f-6864-460b-96f4-36c51ed72a02/datanode-1/data/ratis/3ff0a9c4-4070-493f-9b33-ea1f44a0c2de/current/log_inprogress_0
2019-08-20 14:46:29,418 INFO  impl.FollowerState (FollowerState.java:run(106)) - 47e13b85-5230-4867-bd83-5f11418c7130:group-0708FA4555F9 changes to CANDIDATE, lastRpcTime:5001, electionTimeout:5001ms
2019-08-20 14:46:29,419 INFO  impl.RoleInfo (RoleInfo.java:shutdownFollowerState(121)) - 47e13b85-5230-4867-bd83-5f11418c7130: shutdown FollowerState
2019-08-20 14:46:29,419 INFO  impl.RaftServerImpl (RaftServerImpl.java:setRole(171)) - 47e13b85-5230-4867-bd83-5f11418c7130:group-0708FA4555F9 changes role from FOLLOWER to CANDIDATE at term 0 for changeToCandidate
2019-08-20 14:46:29,419 INFO  impl.RoleInfo (RoleInfo.java:updateAndGet(143)) - 47e13b85-5230-4867-bd83-5f11418c7130: start LeaderElection
2019-08-20 14:46:29,426 INFO  impl.FollowerState (FollowerState.java:run(106)) - 2e05b60f-f50a-4f39-b31d-9e1fc67d357d:group-0708FA4555F9 changes to CANDIDATE, lastRpcTime:5013, electionTimeout:5013ms
2019-08-20 14:46:29,426 INFO  impl.RoleInfo (RoleInfo.java:shutdownFollowerState(121)) - 2e05b60f-f50a-4f39-b31d-9e1fc67d357d: shutdown FollowerState
2019-08-20 14:46:29,426 INFO  impl.RaftServerImpl (RaftServerImpl.java:setRole(171)) - 2e05b60f-f50a-4f39-b31d-9e1fc67d357d:group-0708FA4555F9 changes role from FOLLOWER to CANDIDATE at term 0 for changeToCandidate
2019-08-20 14:46:29,426 INFO  impl.RoleInfo (RoleInfo.java:updateAndGet(143)) - 2e05b60f-f50a-4f39-b31d-9e1fc67d357d: start LeaderElection
2019-08-20 14:46:29,456 INFO  impl.LeaderElection (LeaderElection.java:askForVotes(181)) - 47e13b85-5230-4867-bd83-5f11418c7130:group-0708FA4555F9:LeaderElection133: begin an election at term 1 for -1: [2e8c300d-75de-4f2a-ace2-5d64a786696d:192.168.69.107:45214, 2e05b60f-f50a-4f39-b31d-9e1fc67d357d:192.168.69.107:41284, 47e13b85-5230-4867-bd83-5f11418c7130:192.168.69.107:38233], old=null
2019-08-20 14:46:29,456 INFO  impl.LeaderElection (LeaderElection.java:askForVotes(181)) - 2e05b60f-f50a-4f39-b31d-9e1fc67d357d:group-0708FA4555F9:LeaderElection134: begin an election at term 1 for -1: [2e8c300d-75de-4f2a-ace2-5d64a786696d:192.168.69.107:45214, 2e05b60f-f50a-4f39-b31d-9e1fc67d357d:192.168.69.107:41284, 47e13b85-5230-4867-bd83-5f11418c7130:192.168.69.107:38233], old=null
2019-08-20 14:46:29,460 INFO  impl.RaftServerImpl (RaftServerImpl.java:setRole(171)) - 2e8c300d-75de-4f2a-ace2-5d64a786696d:group-0708FA4555F9 changes role from FOLLOWER to FOLLOWER at term 1 for recognizeCandidate:47e13b85-5230-4867-bd83-5f11418c7130
2019-08-20 14:46:29,464 INFO  impl.RoleInfo (RoleInfo.java:shutdownFollowerState(121)) - 2e8c300d-75de-4f2a-ace2-5d64a786696d: shutdown FollowerState
2019-08-20 14:46:29,464 INFO  impl.RoleInfo (RoleInfo.java:updateAndGet(143)) - 2e8c300d-75de-4f2a-ace2-5d64a786696d: start FollowerState
2019-08-20 14:46:29,464 INFO  impl.FollowerState (FollowerState.java:run(114)) - 2e8c300d-75de-4f2a-ace2-5d64a786696d: FollowerState was interrupted: java.lang.InterruptedException: sleep interrupted
2019-08-20 14:46:29,492 INFO  impl.LeaderElection (LeaderElection.java:logAndReturn(56)) - 2e05b60f-f50a-4f39-b31d-9e1fc67d357d:group-0708FA4555F9:LeaderElection134: Election REJECTED; received 2 response(s) [2e05b60f-f50a-4f39-b31d-9e1fc67d357d<-2e8c300d-75de-4f2a-ace2-5d64a786696d#0:FAIL-t1, 2e05b60f-f50a-4f39-b31d-9e1fc67d357d<-47e13b85-5230-4867-bd83-5f11418c7130#0:FAIL-t1] and 0 exception(s); 2e05b60f-f50a-4f39-b31d-9e1fc67d357d:t1, leader=null, voted=2e05b60f-f50a-4f39-b31d-9e1fc67d357d, raftlog=2e05b60f-f50a-4f39-b31d-9e1fc67d357d-SegmentedRaftLog:OPENED:c-1,f-1,i0, conf=-1: [2e8c300d-75de-4f2a-ace2-5d64a786696d:192.168.69.107:45214, 2e05b60f-f50a-4f39-b31d-9e1fc67d357d:192.168.69.107:41284, 47e13b85-5230-4867-bd83-5f11418c7130:192.168.69.107:38233], old=null
2019-08-20 14:46:29,492 INFO  impl.LeaderElection (LeaderElection.java:logAndReturn(56)) - 47e13b85-5230-4867-bd83-5f11418c7130:group-0708FA4555F9:LeaderElection133: Election PASSED; received 2 response(s) [47e13b85-5230-4867-bd83-5f11418c7130<-2e8c300d-75de-4f2a-ace2-5d64a786696d#0:OK-t1, 47e13b85-5230-4867-bd83-5f11418c7130<-2e05b60f-f50a-4f39-b31d-9e1fc67d357d#0:FAIL-t1] and 0 exception(s); 47e13b85-5230-4867-bd83-5f11418c7130:t1, leader=null, voted=47e13b85-5230-4867-bd83-5f11418c7130, raftlog=47e13b85-5230-4867-bd83-5f11418c7130-SegmentedRaftLog:OPENED:c-1,f-1,i0, conf=-1: [2e8c300d-75de-4f2a-ace2-5d64a786696d:192.168.69.107:45214, 2e05b60f-f50a-4f39-b31d-9e1fc67d357d:192.168.69.107:41284, 47e13b85-5230-4867-bd83-5f11418c7130:192.168.69.107:38233], old=null
2019-08-20 14:46:29,492 INFO  impl.RaftServerImpl (RaftServerImpl.java:setRole(171)) - 2e05b60f-f50a-4f39-b31d-9e1fc67d357d:group-0708FA4555F9 changes role from CANDIDATE to FOLLOWER at term 1 for DISCOVERED_A_NEW_TERM
2019-08-20 14:46:29,492 INFO  impl.RoleInfo (RoleInfo.java:shutdownLeaderElection(134)) - 47e13b85-5230-4867-bd83-5f11418c7130: shutdown LeaderElection
2019-08-20 14:46:29,492 INFO  impl.RoleInfo (RoleInfo.java:shutdownLeaderElection(134)) - 2e05b60f-f50a-4f39-b31d-9e1fc67d357d: shutdown LeaderElection
2019-08-20 14:46:29,492 INFO  impl.RaftServerImpl (RaftServerImpl.java:setRole(171)) - 47e13b85-5230-4867-bd83-5f11418c7130:group-0708FA4555F9 changes role from CANDIDATE to LEADER at term 1 for changeToLeader
2019-08-20 14:46:29,493 INFO  impl.RoleInfo (RoleInfo.java:updateAndGet(143)) - 2e05b60f-f50a-4f39-b31d-9e1fc67d357d: start FollowerState
2019-08-20 14:46:29,493 INFO  impl.RaftServerImpl (ServerState.java:setLeader(263)) - 47e13b85-5230-4867-bd83-5f11418c7130:group-0708FA4555F9 change Leader from null to 47e13b85-5230-4867-bd83-5f11418c7130 at term 1 for becomeLeader, leader elected after 5087ms
2019-08-20 14:46:29,493 INFO  server.RaftServerConfigKeys (ConfUtils.java:logGet(43)) - raft.server.staging.catchup.gap = 1000 (default)
2019-08-20 14:46:29,493 INFO  server.RaftServerConfigKeys (ConfUtils.java:logGet(43)) - raft.server.rpc.sleep.time = 25ms (default)
2019-08-20 14:46:29,493 INFO  server.RaftServerConfigKeys (ConfUtils.java:logGet(43)) - raft.server.write.element-limit = 4096 (default)
2019-08-20 14:46:29,493 INFO  server.RaftServerConfigKeys (ConfUtils.java:logGet(43)) - raft.server.watch.timeout = 10s (default)
2019-08-20 14:46:29,493 INFO  server.RaftServerConfigKeys (ConfUtils.java:logGet(43)) - raft.server.watch.timeout.denomination = 1s (default)
2019-08-20 14:46:29,493 INFO  server.RaftServerConfigKeys (ConfUtils.java:logGet(43)) - raft.server.watch.element-limit = 65536 (default)
2019-08-20 14:46:29,494 INFO  server.RaftServerConfigKeys (ConfUtils.java:logGet(43)) - raft.server.log.appender.snapshot.chunk.size.max = 16MB (=16777216) (default)
2019-08-20 14:46:29,494 INFO  server.RaftServerConfigKeys (ConfUtils.java:logGet(43)) - raft.server.log.appender.buffer.byte-limit = 33554432 (custom)
2019-08-20 14:46:29,494 INFO  server.RaftServerConfigKeys (ConfUtils.java:logGet(43)) - raft.server.log.appender.buffer.element-limit = 1 (custom)
2019-08-20 14:46:29,494 INFO  grpc.GrpcConfigKeys$Server (ConfUtils.java:logGet(43)) - raft.grpc.server.leader.outstanding.appends.max = 128 (default)
2019-08-20 14:46:29,494 INFO  server.RaftServerConfigKeys (ConfUtils.java:logGet(43)) - raft.server.rpc.request.timeout = 3000ms (default)
2019-08-20 14:46:29,494 INFO  server.RaftServerConfigKeys (ConfUtils.java:logGet(43)) - raft.server.log.appender.install.snapshot.enabled = false (custom)
2019-08-20 14:46:29,495 INFO  server.RaftServerConfigKeys (ConfUtils.java:logGet(43)) - raft.server.log.appender.snapshot.chunk.size.max = 16MB (=16777216) (default)
2019-08-20 14:46:29,495 INFO  server.RaftServerConfigKeys (ConfUtils.java:logGet(43)) - raft.server.log.appender.buffer.byte-limit = 33554432 (custom)
2019-08-20 14:46:29,495 INFO  server.RaftServerConfigKeys (ConfUtils.java:logGet(43)) - raft.server.log.appender.buffer.element-limit = 1 (custom)
2019-08-20 14:46:29,495 INFO  grpc.GrpcConfigKeys$Server (ConfUtils.java:logGet(43)) - raft.grpc.server.leader.outstanding.appends.max = 128 (default)
2019-08-20 14:46:29,495 INFO  server.RaftServerConfigKeys (ConfUtils.java:logGet(43)) - raft.server.rpc.request.timeout = 3000ms (default)
2019-08-20 14:46:29,495 INFO  server.RaftServerConfigKeys (ConfUtils.java:logGet(43)) - raft.server.log.appender.install.snapshot.enabled = false (custom)
2019-08-20 14:46:29,495 INFO  impl.RoleInfo (RoleInfo.java:updateAndGet(143)) - 47e13b85-5230-4867-bd83-5f11418c7130: start LeaderState
2019-08-20 14:46:29,496 INFO  segmented.SegmentedRaftLogWorker (SegmentedRaftLogWorker.java:startLogSegment(380)) - 47e13b85-5230-4867-bd83-5f11418c7130-SegmentedRaftLogWorker:Storage Directory /workdir/hadoop-ozone/integration-test/target/test-dir/MiniOzoneClusterImpl-02e6917f-6864-460b-96f4-36c51ed72a02/datanode-0/data/ratis/2416f202-07a9-4218-991f-0708fa4555f9: Starting segment from index:0
2019-08-20 14:46:29,496 INFO  impl.RaftServerImpl (ServerState.java:setRaftConf(361)) - 47e13b85-5230-4867-bd83-5f11418c7130:group-0708FA4555F9 set configuration 0: [2e8c300d-75de-4f2a-ace2-5d64a786696d:192.168.69.107:45214, 2e05b60f-f50a-4f39-b31d-9e1fc67d357d:192.168.69.107:41284, 47e13b85-5230-4867-bd83-5f11418c7130:192.168.69.107:38233], old=null at 0
2019-08-20 14:46:29,497 INFO  impl.RaftServerImpl (ServerState.java:setLeader(263)) - 2e05b60f-f50a-4f39-b31d-9e1fc67d357d:group-0708FA4555F9 change Leader from null to 47e13b85-5230-4867-bd83-5f11418c7130 at term 1 for appendEntries, leader elected after 5091ms
2019-08-20 14:46:29,497 INFO  impl.RaftServerImpl (ServerState.java:setLeader(263)) - 2e8c300d-75de-4f2a-ace2-5d64a786696d:group-0708FA4555F9 change Leader from null to 47e13b85-5230-4867-bd83-5f11418c7130 at term 1 for appendEntries, leader elected after 5091ms
2019-08-20 14:46:29,499 INFO  impl.RaftServerImpl (ServerState.java:setRaftConf(361)) - 2e05b60f-f50a-4f39-b31d-9e1fc67d357d:group-0708FA4555F9 set configuration 0: [2e8c300d-75de-4f2a-ace2-5d64a786696d:192.168.69.107:45214, 2e05b60f-f50a-4f39-b31d-9e1fc67d357d:192.168.69.107:41284, 47e13b85-5230-4867-bd83-5f11418c7130:192.168.69.107:38233], old=null at 0
2019-08-20 14:46:29,499 INFO  impl.RaftServerImpl (ServerState.java:setRaftConf(361)) - 2e8c300d-75de-4f2a-ace2-5d64a786696d:group-0708FA4555F9 set configuration 0: [2e8c300d-75de-4f2a-ace2-5d64a786696d:192.168.69.107:45214, 2e05b60f-f50a-4f39-b31d-9e1fc67d357d:192.168.69.107:41284, 47e13b85-5230-4867-bd83-5f11418c7130:192.168.69.107:38233], old=null at 0
2019-08-20 14:46:29,499 INFO  segmented.SegmentedRaftLogWorker (SegmentedRaftLogWorker.java:startLogSegment(380)) - 2e05b60f-f50a-4f39-b31d-9e1fc67d357d-SegmentedRaftLogWorker:Storage Directory /workdir/hadoop-ozone/integration-test/target/test-dir/MiniOzoneClusterImpl-02e6917f-6864-460b-96f4-36c51ed72a02/datanode-1/data/ratis/2416f202-07a9-4218-991f-0708fa4555f9: Starting segment from index:0
2019-08-20 14:46:29,499 INFO  segmented.SegmentedRaftLogWorker (SegmentedRaftLogWorker.java:startLogSegment(380)) - 2e8c300d-75de-4f2a-ace2-5d64a786696d-SegmentedRaftLogWorker:Storage Directory /workdir/hadoop-ozone/integration-test/target/test-dir/MiniOzoneClusterImpl-02e6917f-6864-460b-96f4-36c51ed72a02/datanode-2/data/ratis/2416f202-07a9-4218-991f-0708fa4555f9: Starting segment from index:0
2019-08-20 14:46:29,518 INFO  impl.FollowerState (FollowerState.java:run(106)) - 2e8c300d-75de-4f2a-ace2-5d64a786696d:group-B9ED92CA443F changes to CANDIDATE, lastRpcTime:5163, electionTimeout:5163ms
2019-08-20 14:46:29,518 INFO  impl.RoleInfo (RoleInfo.java:shutdownFollowerState(121)) - 2e8c300d-75de-4f2a-ace2-5d64a786696d: shutdown FollowerState
2019-08-20 14:46:29,518 INFO  impl.RaftServerImpl (RaftServerImpl.java:setRole(171)) - 2e8c300d-75de-4f2a-ace2-5d64a786696d:group-B9ED92CA443F changes role from FOLLOWER to CANDIDATE at term 0 for changeToCandidate
2019-08-20 14:46:29,518 INFO  impl.RoleInfo (RoleInfo.java:updateAndGet(143)) - 2e8c300d-75de-4f2a-ace2-5d64a786696d: start LeaderElection
2019-08-20 14:46:29,546 INFO  segmented.SegmentedRaftLogWorker (SegmentedRaftLogWorker.java:execute(569)) - 2e05b60f-f50a-4f39-b31d-9e1fc67d357d-SegmentedRaftLogWorker:Storage Directory /workdir/hadoop-ozone/integration-test/target/test-dir/MiniOzoneClusterImpl-02e6917f-6864-460b-96f4-36c51ed72a02/datanode-1/data/ratis/2416f202-07a9-4218-991f-0708fa4555f9: created new log segment /workdir/hadoop-ozone/integration-test/target/test-dir/MiniOzoneClusterImpl-02e6917f-6864-460b-96f4-36c51ed72a02/datanode-1/data/ratis/2416f202-07a9-4218-991f-0708fa4555f9/current/log_inprogress_0
2019-08-20 14:46:29,546 INFO  segmented.SegmentedRaftLogWorker (SegmentedRaftLogWorker.java:execute(569)) - 47e13b85-5230-4867-bd83-5f11418c7130-SegmentedRaftLogWorker:Storage Directory /workdir/hadoop-ozone/integration-test/target/test-dir/MiniOzoneClusterImpl-02e6917f-6864-460b-96f4-36c51ed72a02/datanode-0/data/ratis/2416f202-07a9-4218-991f-0708fa4555f9: created new log segment /workdir/hadoop-ozone/integration-test/target/test-dir/MiniOzoneClusterImpl-02e6917f-6864-460b-96f4-36c51ed72a02/datanode-0/data/ratis/2416f202-07a9-4218-991f-0708fa4555f9/current/log_inprogress_0
2019-08-20 14:46:29,546 INFO  impl.LeaderElection (LeaderElection.java:askForVotes(181)) - 2e8c300d-75de-4f2a-ace2-5d64a786696d:group-B9ED92CA443F:LeaderElection135: begin an election at term 1 for -1: [2e8c300d-75de-4f2a-ace2-5d64a786696d:192.168.69.107:45214], old=null
2019-08-20 14:46:29,546 INFO  segmented.SegmentedRaftLogWorker (SegmentedRaftLogWorker.java:execute(569)) - 2e8c300d-75de-4f2a-ace2-5d64a786696d-SegmentedRaftLogWorker:Storage Directory /workdir/hadoop-ozone/integration-test/target/test-dir/MiniOzoneClusterImpl-02e6917f-6864-460b-96f4-36c51ed72a02/datanode-2/data/ratis/2416f202-07a9-4218-991f-0708fa4555f9: created new log segment /workdir/hadoop-ozone/integration-test/target/test-dir/MiniOzoneClusterImpl-02e6917f-6864-460b-96f4-36c51ed72a02/datanode-2/data/ratis/2416f202-07a9-4218-991f-0708fa4555f9/current/log_inprogress_0
2019-08-20 14:46:29,546 INFO  impl.RoleInfo (RoleInfo.java:shutdownLeaderElection(134)) - 2e8c300d-75de-4f2a-ace2-5d64a786696d: shutdown LeaderElection
2019-08-20 14:46:29,547 INFO  impl.RaftServerImpl (RaftServerImpl.java:setRole(171)) - 2e8c300d-75de-4f2a-ace2-5d64a786696d:group-B9ED92CA443F changes role from CANDIDATE to LEADER at term 1 for changeToLeader
2019-08-20 14:46:29,547 INFO  impl.RaftServerImpl (ServerState.java:setLeader(263)) - 2e8c300d-75de-4f2a-ace2-5d64a786696d:group-B9ED92CA443F change Leader from null to 2e8c300d-75de-4f2a-ace2-5d64a786696d at term 1 for becomeLeader, leader elected after 5196ms
2019-08-20 14:46:29,547 INFO  server.RaftServerConfigKeys (ConfUtils.java:logGet(43)) - raft.server.staging.catchup.gap = 1000 (default)
2019-08-20 14:46:29,547 INFO  server.RaftServerConfigKeys (ConfUtils.java:logGet(43)) - raft.server.rpc.sleep.time = 25ms (default)
2019-08-20 14:46:29,547 INFO  server.RaftServerConfigKeys (ConfUtils.java:logGet(43)) - raft.server.write.element-limit = 4096 (default)
2019-08-20 14:46:29,547 INFO  server.RaftServerConfigKeys (ConfUtils.java:logGet(43)) - raft.server.watch.timeout = 10s (default)
2019-08-20 14:46:29,547 INFO  server.RaftServerConfigKeys (ConfUtils.java:logGet(43)) - raft.server.watch.timeout.denomination = 1s (default)
2019-08-20 14:46:29,547 INFO  server.RaftServerConfigKeys (ConfUtils.java:logGet(43)) - raft.server.watch.element-limit = 65536 (default)
2019-08-20 14:46:29,547 INFO  impl.RoleInfo (RoleInfo.java:updateAndGet(143)) - 2e8c300d-75de-4f2a-ace2-5d64a786696d: start LeaderState
2019-08-20 14:46:29,547 INFO  segmented.SegmentedRaftLogWorker (SegmentedRaftLogWorker.java:startLogSegment(380)) - 2e8c300d-75de-4f2a-ace2-5d64a786696d-SegmentedRaftLogWorker:Storage Directory /workdir/hadoop-ozone/integration-test/target/test-dir/MiniOzoneClusterImpl-02e6917f-6864-460b-96f4-36c51ed72a02/datanode-2/data/ratis/d58b7862-171e-40a8-972c-b9ed92ca443f: Starting segment from index:0
2019-08-20 14:46:29,548 INFO  impl.RaftServerImpl (ServerState.java:setRaftConf(361)) - 2e8c300d-75de-4f2a-ace2-5d64a786696d:group-B9ED92CA443F set configuration 0: [2e8c300d-75de-4f2a-ace2-5d64a786696d:192.168.69.107:45214], old=null at 0
2019-08-20 14:46:29,590 INFO  segmented.SegmentedRaftLogWorker (SegmentedRaftLogWorker.java:execute(569)) - 2e8c300d-75de-4f2a-ace2-5d64a786696d-SegmentedRaftLogWorker:Storage Directory /workdir/hadoop-ozone/integration-test/target/test-dir/MiniOzoneClusterImpl-02e6917f-6864-460b-96f4-36c51ed72a02/datanode-2/data/ratis/d58b7862-171e-40a8-972c-b9ed92ca443f: created new log segment /workdir/hadoop-ozone/integration-test/target/test-dir/MiniOzoneClusterImpl-02e6917f-6864-460b-96f4-36c51ed72a02/datanode-2/data/ratis/d58b7862-171e-40a8-972c-b9ed92ca443f/current/log_inprogress_0
2019-08-20 14:46:29,663 INFO  impl.FollowerState (FollowerState.java:run(106)) - 29af68b4-d82a-4dc0-a69b-289012d55633:group-1A687EF5CFD9 changes to CANDIDATE, lastRpcTime:5131, electionTimeout:5131ms
2019-08-20 14:46:29,663 INFO  impl.RoleInfo (RoleInfo.java:shutdownFollowerState(121)) - 29af68b4-d82a-4dc0-a69b-289012d55633: shutdown FollowerState
2019-08-20 14:46:29,663 INFO  impl.RaftServerImpl (RaftServerImpl.java:setRole(171)) - 29af68b4-d82a-4dc0-a69b-289012d55633:group-1A687EF5CFD9 changes role from FOLLOWER to CANDIDATE at term 0 for changeToCandidate
2019-08-20 14:46:29,663 INFO  impl.RoleInfo (RoleInfo.java:updateAndGet(143)) - 29af68b4-d82a-4dc0-a69b-289012d55633: start LeaderElection
2019-08-20 14:46:29,691 INFO  impl.LeaderElection (LeaderElection.java:askForVotes(181)) - 29af68b4-d82a-4dc0-a69b-289012d55633:group-1A687EF5CFD9:LeaderElection136: begin an election at term 1 for -1: [29af68b4-d82a-4dc0-a69b-289012d55633:192.168.69.107:44574], old=null
2019-08-20 14:46:29,692 INFO  impl.RoleInfo (RoleInfo.java:shutdownLeaderElection(134)) - 29af68b4-d82a-4dc0-a69b-289012d55633: shutdown LeaderElection
2019-08-20 14:46:29,692 INFO  impl.RaftServerImpl (RaftServerImpl.java:setRole(171)) - 29af68b4-d82a-4dc0-a69b-289012d55633:group-1A687EF5CFD9 changes role from CANDIDATE to LEADER at term 1 for changeToLeader
2019-08-20 14:46:29,692 INFO  impl.RaftServerImpl (ServerState.java:setLeader(263)) - 29af68b4-d82a-4dc0-a69b-289012d55633:group-1A687EF5CFD9 change Leader from null to 29af68b4-d82a-4dc0-a69b-289012d55633 at term 1 for becomeLeader, leader elected after 5163ms
2019-08-20 14:46:29,692 INFO  server.RaftServerConfigKeys (ConfUtils.java:logGet(43)) - raft.server.staging.catchup.gap = 1000 (default)
2019-08-20 14:46:29,692 INFO  server.RaftServerConfigKeys (ConfUtils.java:logGet(43)) - raft.server.rpc.sleep.time = 25ms (default)
2019-08-20 14:46:29,692 INFO  server.RaftServerConfigKeys (ConfUtils.java:logGet(43)) - raft.server.write.element-limit = 4096 (default)
2019-08-20 14:46:29,692 INFO  server.RaftServerConfigKeys (ConfUtils.java:logGet(43)) - raft.server.watch.timeout = 10s (default)
2019-08-20 14:46:29,692 INFO  server.RaftServerConfigKeys (ConfUtils.java:logGet(43)) - raft.server.watch.timeout.denomination = 1s (default)
2019-08-20 14:46:29,692 INFO  server.RaftServerConfigKeys (ConfUtils.java:logGet(43)) - raft.server.watch.element-limit = 65536 (default)
2019-08-20 14:46:29,692 INFO  impl.RoleInfo (RoleInfo.java:updateAndGet(143)) - 29af68b4-d82a-4dc0-a69b-289012d55633: start LeaderState
2019-08-20 14:46:29,693 INFO  segmented.SegmentedRaftLogWorker (SegmentedRaftLogWorker.java:startLogSegment(380)) - 29af68b4-d82a-4dc0-a69b-289012d55633-SegmentedRaftLogWorker:Storage Directory /workdir/hadoop-ozone/integration-test/target/test-dir/MiniOzoneClusterImpl-02e6917f-6864-460b-96f4-36c51ed72a02/datanode-3/data/ratis/966d0dbf-6c71-46ea-bfc6-1a687ef5cfd9: Starting segment from index:0
2019-08-20 14:46:29,693 INFO  impl.RaftServerImpl (ServerState.java:setRaftConf(361)) - 29af68b4-d82a-4dc0-a69b-289012d55633:group-1A687EF5CFD9 set configuration 0: [29af68b4-d82a-4dc0-a69b-289012d55633:192.168.69.107:44574], old=null at 0
2019-08-20 14:46:29,739 INFO  segmented.SegmentedRaftLogWorker (SegmentedRaftLogWorker.java:execute(569)) - 29af68b4-d82a-4dc0-a69b-289012d55633-SegmentedRaftLogWorker:Storage Directory /workdir/hadoop-ozone/integration-test/target/test-dir/MiniOzoneClusterImpl-02e6917f-6864-460b-96f4-36c51ed72a02/datanode-3/data/ratis/966d0dbf-6c71-46ea-bfc6-1a687ef5cfd9: created new log segment /workdir/hadoop-ozone/integration-test/target/test-dir/MiniOzoneClusterImpl-02e6917f-6864-460b-96f4-36c51ed72a02/datanode-3/data/ratis/966d0dbf-6c71-46ea-bfc6-1a687ef5cfd9/current/log_inprogress_0
2019-08-20 14:46:29,892 INFO  impl.FollowerState (FollowerState.java:run(106)) - 86c904ac-088f-4d27-b38c-6cec29f72dff:group-2830352CEBA7 changes to CANDIDATE, lastRpcTime:5069, electionTimeout:5069ms
2019-08-20 14:46:29,892 INFO  impl.RoleInfo (RoleInfo.java:shutdownFollowerState(121)) - 86c904ac-088f-4d27-b38c-6cec29f72dff: shutdown FollowerState
2019-08-20 14:46:29,892 INFO  impl.RaftServerImpl (RaftServerImpl.java:setRole(171)) - 86c904ac-088f-4d27-b38c-6cec29f72dff:group-2830352CEBA7 changes role from FOLLOWER to CANDIDATE at term 0 for changeToCandidate
2019-08-20 14:46:29,892 INFO  impl.RoleInfo (RoleInfo.java:updateAndGet(143)) - 86c904ac-088f-4d27-b38c-6cec29f72dff: start LeaderElection
2019-08-20 14:46:29,915 INFO  impl.LeaderElection (LeaderElection.java:askForVotes(181)) - 86c904ac-088f-4d27-b38c-6cec29f72dff:group-2830352CEBA7:LeaderElection137: begin an election at term 1 for -1: [86c904ac-088f-4d27-b38c-6cec29f72dff:192.168.69.107:45686], old=null
2019-08-20 14:46:29,915 INFO  impl.RoleInfo (RoleInfo.java:shutdownLeaderElection(134)) - 86c904ac-088f-4d27-b38c-6cec29f72dff: shutdown LeaderElection
2019-08-20 14:46:29,915 INFO  impl.RaftServerImpl (RaftServerImpl.java:setRole(171)) - 86c904ac-088f-4d27-b38c-6cec29f72dff:group-2830352CEBA7 changes role from CANDIDATE to LEADER at term 1 for changeToLeader
2019-08-20 14:46:29,915 INFO  impl.RaftServerImpl (ServerState.java:setLeader(263)) - 86c904ac-088f-4d27-b38c-6cec29f72dff:group-2830352CEBA7 change Leader from null to 86c904ac-088f-4d27-b38c-6cec29f72dff at term 1 for becomeLeader, leader elected after 5097ms
2019-08-20 14:46:29,915 INFO  server.RaftServerConfigKeys (ConfUtils.java:logGet(43)) - raft.server.staging.catchup.gap = 1000 (default)
2019-08-20 14:46:29,915 INFO  server.RaftServerConfigKeys (ConfUtils.java:logGet(43)) - raft.server.rpc.sleep.time = 25ms (default)
2019-08-20 14:46:29,915 INFO  server.RaftServerConfigKeys (ConfUtils.java:logGet(43)) - raft.server.write.element-limit = 4096 (default)
2019-08-20 14:46:29,916 INFO  server.RaftServerConfigKeys (ConfUtils.java:logGet(43)) - raft.server.watch.timeout = 10s (default)
2019-08-20 14:46:29,916 INFO  server.RaftServerConfigKeys (ConfUtils.java:logGet(43)) - raft.server.watch.timeout.denomination = 1s (default)
2019-08-20 14:46:29,916 INFO  server.RaftServerConfigKeys (ConfUtils.java:logGet(43)) - raft.server.watch.element-limit = 65536 (default)
2019-08-20 14:46:29,916 INFO  impl.RoleInfo (RoleInfo.java:updateAndGet(143)) - 86c904ac-088f-4d27-b38c-6cec29f72dff: start LeaderState
2019-08-20 14:46:29,916 INFO  segmented.SegmentedRaftLogWorker (SegmentedRaftLogWorker.java:startLogSegment(380)) - 86c904ac-088f-4d27-b38c-6cec29f72dff-SegmentedRaftLogWorker:Storage Directory /workdir/hadoop-ozone/integration-test/target/test-dir/MiniOzoneClusterImpl-02e6917f-6864-460b-96f4-36c51ed72a02/datanode-4/data/ratis/ec8259c3-9ad6-46b0-af07-2830352ceba7: Starting segment from index:0
2019-08-20 14:46:29,917 INFO  impl.RaftServerImpl (ServerState.java:setRaftConf(361)) - 86c904ac-088f-4d27-b38c-6cec29f72dff:group-2830352CEBA7 set configuration 0: [86c904ac-088f-4d27-b38c-6cec29f72dff:192.168.69.107:45686], old=null at 0
2019-08-20 14:46:29,978 INFO  segmented.SegmentedRaftLogWorker (SegmentedRaftLogWorker.java:execute(569)) - 86c904ac-088f-4d27-b38c-6cec29f72dff-SegmentedRaftLogWorker:Storage Directory /workdir/hadoop-ozone/integration-test/target/test-dir/MiniOzoneClusterImpl-02e6917f-6864-460b-96f4-36c51ed72a02/datanode-4/data/ratis/ec8259c3-9ad6-46b0-af07-2830352ceba7: created new log segment /workdir/hadoop-ozone/integration-test/target/test-dir/MiniOzoneClusterImpl-02e6917f-6864-460b-96f4-36c51ed72a02/datanode-4/data/ratis/ec8259c3-9ad6-46b0-af07-2830352ceba7/current/log_inprogress_0
2019-08-20 14:46:29,994 INFO  impl.FollowerState (FollowerState.java:run(106)) - 50668996-cd79-4de0-8e82-75564a0c0645:group-73603FF81A5B changes to CANDIDATE, lastRpcTime:5087, electionTimeout:5087ms
2019-08-20 14:46:29,995 INFO  impl.RoleInfo (RoleInfo.java:shutdownFollowerState(121)) - 50668996-cd79-4de0-8e82-75564a0c0645: shutdown FollowerState
2019-08-20 14:46:29,995 INFO  impl.RaftServerImpl (RaftServerImpl.java:setRole(171)) - 50668996-cd79-4de0-8e82-75564a0c0645:group-73603FF81A5B changes role from FOLLOWER to CANDIDATE at term 0 for changeToCandidate
2019-08-20 14:46:29,995 INFO  impl.RoleInfo (RoleInfo.java:updateAndGet(143)) - 50668996-cd79-4de0-8e82-75564a0c0645: start LeaderElection
2019-08-20 14:46:30,023 INFO  impl.LeaderElection (LeaderElection.java:askForVotes(181)) - 50668996-cd79-4de0-8e82-75564a0c0645:group-73603FF81A5B:LeaderElection138: begin an election at term 1 for -1: [50668996-cd79-4de0-8e82-75564a0c0645:192.168.69.107:44117], old=null
2019-08-20 14:46:30,023 INFO  impl.RoleInfo (RoleInfo.java:shutdownLeaderElection(134)) - 50668996-cd79-4de0-8e82-75564a0c0645: shutdown LeaderElection
2019-08-20 14:46:30,023 INFO  impl.RaftServerImpl (RaftServerImpl.java:setRole(171)) - 50668996-cd79-4de0-8e82-75564a0c0645:group-73603FF81A5B changes role from CANDIDATE to LEADER at term 1 for changeToLeader
2019-08-20 14:46:30,023 INFO  impl.RaftServerImpl (ServerState.java:setLeader(263)) - 50668996-cd79-4de0-8e82-75564a0c0645:group-73603FF81A5B change Leader from null to 50668996-cd79-4de0-8e82-75564a0c0645 at term 1 for becomeLeader, leader elected after 5118ms
2019-08-20 14:46:30,023 INFO  server.RaftServerConfigKeys (ConfUtils.java:logGet(43)) - raft.server.staging.catchup.gap = 1000 (default)
2019-08-20 14:46:30,023 INFO  server.RaftServerConfigKeys (ConfUtils.java:logGet(43)) - raft.server.rpc.sleep.time = 25ms (default)
2019-08-20 14:46:30,023 INFO  server.RaftServerConfigKeys (ConfUtils.java:logGet(43)) - raft.server.write.element-limit = 4096 (default)
2019-08-20 14:46:30,024 INFO  server.RaftServerConfigKeys (ConfUtils.java:logGet(43)) - raft.server.watch.timeout = 10s (default)
2019-08-20 14:46:30,024 INFO  server.RaftServerConfigKeys (ConfUtils.java:logGet(43)) - raft.server.watch.timeout.denomination = 1s (default)
2019-08-20 14:46:30,024 INFO  server.RaftServerConfigKeys (ConfUtils.java:logGet(43)) - raft.server.watch.element-limit = 65536 (default)
2019-08-20 14:46:30,024 INFO  impl.RoleInfo (RoleInfo.java:updateAndGet(143)) - 50668996-cd79-4de0-8e82-75564a0c0645: start LeaderState
2019-08-20 14:46:30,024 INFO  segmented.SegmentedRaftLogWorker (SegmentedRaftLogWorker.java:startLogSegment(380)) - 50668996-cd79-4de0-8e82-75564a0c0645-SegmentedRaftLogWorker:Storage Directory /workdir/hadoop-ozone/integration-test/target/test-dir/MiniOzoneClusterImpl-02e6917f-6864-460b-96f4-36c51ed72a02/datanode-5/data/ratis/cf4da7f9-34d4-4586-b2ee-73603ff81a5b: Starting segment from index:0
2019-08-20 14:46:30,024 INFO  impl.RaftServerImpl (ServerState.java:setRaftConf(361)) - 50668996-cd79-4de0-8e82-75564a0c0645:group-73603FF81A5B set configuration 0: [50668996-cd79-4de0-8e82-75564a0c0645:192.168.69.107:44117], old=null at 0
2019-08-20 14:46:30,049 INFO  impl.FollowerState (FollowerState.java:run(106)) - 29af68b4-d82a-4dc0-a69b-289012d55633:group-435C1BC2D61D changes to CANDIDATE, lastRpcTime:5082, electionTimeout:5082ms
2019-08-20 14:46:30,049 INFO  impl.RoleInfo (RoleInfo.java:shutdownFollowerState(121)) - 29af68b4-d82a-4dc0-a69b-289012d55633: shutdown FollowerState
2019-08-20 14:46:30,049 INFO  impl.RaftServerImpl (RaftServerImpl.java:setRole(171)) - 29af68b4-d82a-4dc0-a69b-289012d55633:group-435C1BC2D61D changes role from FOLLOWER to CANDIDATE at term 0 for changeToCandidate
2019-08-20 14:46:30,050 INFO  impl.RoleInfo (RoleInfo.java:updateAndGet(143)) - 29af68b4-d82a-4dc0-a69b-289012d55633: start LeaderElection
2019-08-20 14:46:30,061 INFO  impl.FollowerState (FollowerState.java:run(106)) - 50668996-cd79-4de0-8e82-75564a0c0645:group-435C1BC2D61D changes to CANDIDATE, lastRpcTime:5095, electionTimeout:5094ms
2019-08-20 14:46:30,063 INFO  impl.RoleInfo (RoleInfo.java:shutdownFollowerState(121)) - 50668996-cd79-4de0-8e82-75564a0c0645: shutdown FollowerState
2019-08-20 14:46:30,063 INFO  impl.RaftServerImpl (RaftServerImpl.java:setRole(171)) - 50668996-cd79-4de0-8e82-75564a0c0645:group-435C1BC2D61D changes role from FOLLOWER to CANDIDATE at term 0 for changeToCandidate
2019-08-20 14:46:30,063 INFO  impl.RoleInfo (RoleInfo.java:updateAndGet(143)) - 50668996-cd79-4de0-8e82-75564a0c0645: start LeaderElection
2019-08-20 14:46:30,073 INFO  segmented.SegmentedRaftLogWorker (SegmentedRaftLogWorker.java:execute(569)) - 50668996-cd79-4de0-8e82-75564a0c0645-SegmentedRaftLogWorker:Storage Directory /workdir/hadoop-ozone/integration-test/target/test-dir/MiniOzoneClusterImpl-02e6917f-6864-460b-96f4-36c51ed72a02/datanode-5/data/ratis/cf4da7f9-34d4-4586-b2ee-73603ff81a5b: created new log segment /workdir/hadoop-ozone/integration-test/target/test-dir/MiniOzoneClusterImpl-02e6917f-6864-460b-96f4-36c51ed72a02/datanode-5/data/ratis/cf4da7f9-34d4-4586-b2ee-73603ff81a5b/current/log_inprogress_0
2019-08-20 14:46:30,073 INFO  impl.LeaderElection (LeaderElection.java:askForVotes(181)) - 29af68b4-d82a-4dc0-a69b-289012d55633:group-435C1BC2D61D:LeaderElection139: begin an election at term 1 for -1: [29af68b4-d82a-4dc0-a69b-289012d55633:192.168.69.107:44574, 86c904ac-088f-4d27-b38c-6cec29f72dff:192.168.69.107:45686, 50668996-cd79-4de0-8e82-75564a0c0645:192.168.69.107:44117], old=null
2019-08-20 14:46:30,073 INFO  impl.LeaderElection (LeaderElection.java:askForVotes(181)) - 50668996-cd79-4de0-8e82-75564a0c0645:group-435C1BC2D61D:LeaderElection140: begin an election at term 1 for -1: [29af68b4-d82a-4dc0-a69b-289012d55633:192.168.69.107:44574, 86c904ac-088f-4d27-b38c-6cec29f72dff:192.168.69.107:45686, 50668996-cd79-4de0-8e82-75564a0c0645:192.168.69.107:44117], old=null
2019-08-20 14:46:30,079 INFO  impl.RaftServerImpl (RaftServerImpl.java:setRole(171)) - 86c904ac-088f-4d27-b38c-6cec29f72dff:group-435C1BC2D61D changes role from FOLLOWER to FOLLOWER at term 1 for recognizeCandidate:29af68b4-d82a-4dc0-a69b-289012d55633
2019-08-20 14:46:30,080 INFO  impl.RoleInfo (RoleInfo.java:shutdownFollowerState(121)) - 86c904ac-088f-4d27-b38c-6cec29f72dff: shutdown FollowerState
2019-08-20 14:46:30,080 INFO  impl.RoleInfo (RoleInfo.java:updateAndGet(143)) - 86c904ac-088f-4d27-b38c-6cec29f72dff: start FollowerState
2019-08-20 14:46:30,080 INFO  impl.FollowerState (FollowerState.java:run(114)) - 86c904ac-088f-4d27-b38c-6cec29f72dff: FollowerState was interrupted: java.lang.InterruptedException: sleep interrupted
2019-08-20 14:46:30,088 INFO  impl.LeaderElection (LeaderElection.java:logAndReturn(56)) - 29af68b4-d82a-4dc0-a69b-289012d55633:group-435C1BC2D61D:LeaderElection139: Election PASSED; received 2 response(s) [29af68b4-d82a-4dc0-a69b-289012d55633<-86c904ac-088f-4d27-b38c-6cec29f72dff#0:OK-t1, 29af68b4-d82a-4dc0-a69b-289012d55633<-50668996-cd79-4de0-8e82-75564a0c0645#0:FAIL-t1] and 0 exception(s); 29af68b4-d82a-4dc0-a69b-289012d55633:t1, leader=null, voted=29af68b4-d82a-4dc0-a69b-289012d55633, raftlog=29af68b4-d82a-4dc0-a69b-289012d55633-SegmentedRaftLog:OPENED:c-1,f-1,i0, conf=-1: [29af68b4-d82a-4dc0-a69b-289012d55633:192.168.69.107:44574, 86c904ac-088f-4d27-b38c-6cec29f72dff:192.168.69.107:45686, 50668996-cd79-4de0-8e82-75564a0c0645:192.168.69.107:44117], old=null
2019-08-20 14:46:30,088 INFO  impl.LeaderElection (LeaderElection.java:logAndReturn(56)) - 50668996-cd79-4de0-8e82-75564a0c0645:group-435C1BC2D61D:LeaderElection140: Election REJECTED; received 2 response(s) [50668996-cd79-4de0-8e82-75564a0c0645<-29af68b4-d82a-4dc0-a69b-289012d55633#0:FAIL-t1, 50668996-cd79-4de0-8e82-75564a0c0645<-86c904ac-088f-4d27-b38c-6cec29f72dff#0:FAIL-t1] and 0 exception(s); 50668996-cd79-4de0-8e82-75564a0c0645:t1, leader=null, voted=50668996-cd79-4de0-8e82-75564a0c0645, raftlog=50668996-cd79-4de0-8e82-75564a0c0645-SegmentedRaftLog:OPENED:c-1,f-1,i0, conf=-1: [29af68b4-d82a-4dc0-a69b-289012d55633:192.168.69.107:44574, 86c904ac-088f-4d27-b38c-6cec29f72dff:192.168.69.107:45686, 50668996-cd79-4de0-8e82-75564a0c0645:192.168.69.107:44117], old=null
2019-08-20 14:46:30,088 INFO  impl.RoleInfo (RoleInfo.java:shutdownLeaderElection(134)) - 29af68b4-d82a-4dc0-a69b-289012d55633: shutdown LeaderElection
2019-08-20 14:46:30,088 INFO  impl.RaftServerImpl (RaftServerImpl.java:setRole(171)) - 50668996-cd79-4de0-8e82-75564a0c0645:group-435C1BC2D61D changes role from CANDIDATE to FOLLOWER at term 1 for DISCOVERED_A_NEW_TERM
2019-08-20 14:46:30,088 INFO  impl.RaftServerImpl (RaftServerImpl.java:setRole(171)) - 29af68b4-d82a-4dc0-a69b-289012d55633:group-435C1BC2D61D changes role from CANDIDATE to LEADER at term 1 for changeToLeader
2019-08-20 14:46:30,088 INFO  impl.RoleInfo (RoleInfo.java:shutdownLeaderElection(134)) - 50668996-cd79-4de0-8e82-75564a0c0645: shutdown LeaderElection
2019-08-20 14:46:30,088 INFO  impl.RaftServerImpl (ServerState.java:setLeader(263)) - 29af68b4-d82a-4dc0-a69b-289012d55633:group-435C1BC2D61D change Leader from null to 29af68b4-d82a-4dc0-a69b-289012d55633 at term 1 for becomeLeader, leader elected after 5130ms
2019-08-20 14:46:30,088 INFO  impl.RoleInfo (RoleInfo.java:updateAndGet(143)) - 50668996-cd79-4de0-8e82-75564a0c0645: start FollowerState
2019-08-20 14:46:30,089 INFO  server.RaftServerConfigKeys (ConfUtils.java:logGet(43)) - raft.server.staging.catchup.gap = 1000 (default)
2019-08-20 14:46:30,089 INFO  server.RaftServerConfigKeys (ConfUtils.java:logGet(43)) - raft.server.rpc.sleep.time = 25ms (default)
2019-08-20 14:46:30,089 INFO  server.RaftServerConfigKeys (ConfUtils.java:logGet(43)) - raft.server.write.element-limit = 4096 (default)
2019-08-20 14:46:30,089 INFO  server.RaftServerConfigKeys (ConfUtils.java:logGet(43)) - raft.server.watch.timeout = 10s (default)
2019-08-20 14:46:30,089 INFO  server.RaftServerConfigKeys (ConfUtils.java:logGet(43)) - raft.server.watch.timeout.denomination = 1s (default)
2019-08-20 14:46:30,089 INFO  server.RaftServerConfigKeys (ConfUtils.java:logGet(43)) - raft.server.watch.element-limit = 65536 (default)
2019-08-20 14:46:30,089 INFO  server.RaftServerConfigKeys (ConfUtils.java:logGet(43)) - raft.server.log.appender.snapshot.chunk.size.max = 16MB (=16777216) (default)
2019-08-20 14:46:30,090 INFO  server.RaftServerConfigKeys (ConfUtils.java:logGet(43)) - raft.server.log.appender.buffer.byte-limit = 33554432 (custom)
2019-08-20 14:46:30,090 INFO  server.RaftServerConfigKeys (ConfUtils.java:logGet(43)) - raft.server.log.appender.buffer.element-limit = 1 (custom)
2019-08-20 14:46:30,090 INFO  grpc.GrpcConfigKeys$Server (ConfUtils.java:logGet(43)) - raft.grpc.server.leader.outstanding.appends.max = 128 (default)
2019-08-20 14:46:30,090 INFO  server.RaftServerConfigKeys (ConfUtils.java:logGet(43)) - raft.server.rpc.request.timeout = 3000ms (default)
2019-08-20 14:46:30,090 INFO  server.RaftServerConfigKeys (ConfUtils.java:logGet(43)) - raft.server.log.appender.install.snapshot.enabled = false (custom)
2019-08-20 14:46:30,090 INFO  server.RaftServerConfigKeys (ConfUtils.java:logGet(43)) - raft.server.log.appender.snapshot.chunk.size.max = 16MB (=16777216) (default)
2019-08-20 14:46:30,090 INFO  server.RaftServerConfigKeys (ConfUtils.java:logGet(43)) - raft.server.log.appender.buffer.byte-limit = 33554432 (custom)
2019-08-20 14:46:30,090 INFO  server.RaftServerConfigKeys (ConfUtils.java:logGet(43)) - raft.server.log.appender.buffer.element-limit = 1 (custom)
2019-08-20 14:46:30,091 INFO  grpc.GrpcConfigKeys$Server (ConfUtils.java:logGet(43)) - raft.grpc.server.leader.outstanding.appends.max = 128 (default)
2019-08-20 14:46:30,091 INFO  server.RaftServerConfigKeys (ConfUtils.java:logGet(43)) - raft.server.rpc.request.timeout = 3000ms (default)
2019-08-20 14:46:30,091 INFO  server.RaftServerConfigKeys (ConfUtils.java:logGet(43)) - raft.server.log.appender.install.snapshot.enabled = false (custom)
2019-08-20 14:46:30,091 INFO  impl.RoleInfo (RoleInfo.java:updateAndGet(143)) - 29af68b4-d82a-4dc0-a69b-289012d55633: start LeaderState
2019-08-20 14:46:30,091 INFO  segmented.SegmentedRaftLogWorker (SegmentedRaftLogWorker.java:startLogSegment(380)) - 29af68b4-d82a-4dc0-a69b-289012d55633-SegmentedRaftLogWorker:Storage Directory /workdir/hadoop-ozone/integration-test/target/test-dir/MiniOzoneClusterImpl-02e6917f-6864-460b-96f4-36c51ed72a02/datanode-3/data/ratis/0e8ebacd-c80f-4741-9084-435c1bc2d61d: Starting segment from index:0
2019-08-20 14:46:30,092 INFO  impl.RaftServerImpl (ServerState.java:setRaftConf(361)) - 29af68b4-d82a-4dc0-a69b-289012d55633:group-435C1BC2D61D set configuration 0: [29af68b4-d82a-4dc0-a69b-289012d55633:192.168.69.107:44574, 86c904ac-088f-4d27-b38c-6cec29f72dff:192.168.69.107:45686, 50668996-cd79-4de0-8e82-75564a0c0645:192.168.69.107:44117], old=null at 0
2019-08-20 14:46:30,093 INFO  impl.RaftServerImpl (ServerState.java:setLeader(263)) - 86c904ac-088f-4d27-b38c-6cec29f72dff:group-435C1BC2D61D change Leader from null to 29af68b4-d82a-4dc0-a69b-289012d55633 at term 1 for appendEntries, leader elected after 5134ms
2019-08-20 14:46:30,093 INFO  impl.RaftServerImpl (ServerState.java:setLeader(263)) - 50668996-cd79-4de0-8e82-75564a0c0645:group-435C1BC2D61D change Leader from null to 29af68b4-d82a-4dc0-a69b-289012d55633 at term 1 for appendEntries, leader elected after 5134ms
2019-08-20 14:46:30,094 INFO  impl.RaftServerImpl (ServerState.java:setRaftConf(361)) - 86c904ac-088f-4d27-b38c-6cec29f72dff:group-435C1BC2D61D set configuration 0: [29af68b4-d82a-4dc0-a69b-289012d55633:192.168.69.107:44574, 86c904ac-088f-4d27-b38c-6cec29f72dff:192.168.69.107:45686, 50668996-cd79-4de0-8e82-75564a0c0645:192.168.69.107:44117], old=null at 0
2019-08-20 14:46:30,094 INFO  impl.RaftServerImpl (ServerState.java:setRaftConf(361)) - 50668996-cd79-4de0-8e82-75564a0c0645:group-435C1BC2D61D set configuration 0: [29af68b4-d82a-4dc0-a69b-289012d55633:192.168.69.107:44574, 86c904ac-088f-4d27-b38c-6cec29f72dff:192.168.69.107:45686, 50668996-cd79-4de0-8e82-75564a0c0645:192.168.69.107:44117], old=null at 0
2019-08-20 14:46:30,094 INFO  segmented.SegmentedRaftLogWorker (SegmentedRaftLogWorker.java:startLogSegment(380)) - 86c904ac-088f-4d27-b38c-6cec29f72dff-SegmentedRaftLogWorker:Storage Directory /workdir/hadoop-ozone/integration-test/target/test-dir/MiniOzoneClusterImpl-02e6917f-6864-460b-96f4-36c51ed72a02/datanode-4/data/ratis/0e8ebacd-c80f-4741-9084-435c1bc2d61d: Starting segment from index:0
2019-08-20 14:46:30,095 INFO  segmented.SegmentedRaftLogWorker (SegmentedRaftLogWorker.java:startLogSegment(380)) - 50668996-cd79-4de0-8e82-75564a0c0645-SegmentedRaftLogWorker:Storage Directory /workdir/hadoop-ozone/integration-test/target/test-dir/MiniOzoneClusterImpl-02e6917f-6864-460b-96f4-36c51ed72a02/datanode-5/data/ratis/0e8ebacd-c80f-4741-9084-435c1bc2d61d: Starting segment from index:0
2019-08-20 14:46:30,167 INFO  segmented.SegmentedRaftLogWorker (SegmentedRaftLogWorker.java:execute(569)) - 29af68b4-d82a-4dc0-a69b-289012d55633-SegmentedRaftLogWorker:Storage Directory /workdir/hadoop-ozone/integration-test/target/test-dir/MiniOzoneClusterImpl-02e6917f-6864-460b-96f4-36c51ed72a02/datanode-3/data/ratis/0e8ebacd-c80f-4741-9084-435c1bc2d61d: created new log segment /workdir/hadoop-ozone/integration-test/target/test-dir/MiniOzoneClusterImpl-02e6917f-6864-460b-96f4-36c51ed72a02/datanode-3/data/ratis/0e8ebacd-c80f-4741-9084-435c1bc2d61d/current/log_inprogress_0
2019-08-20 14:46:30,167 INFO  segmented.SegmentedRaftLogWorker (SegmentedRaftLogWorker.java:execute(569)) - 50668996-cd79-4de0-8e82-75564a0c0645-SegmentedRaftLogWorker:Storage Directory /workdir/hadoop-ozone/integration-test/target/test-dir/MiniOzoneClusterImpl-02e6917f-6864-460b-96f4-36c51ed72a02/datanode-5/data/ratis/0e8ebacd-c80f-4741-9084-435c1bc2d61d: created new log segment /workdir/hadoop-ozone/integration-test/target/test-dir/MiniOzoneClusterImpl-02e6917f-6864-460b-96f4-36c51ed72a02/datanode-5/data/ratis/0e8ebacd-c80f-4741-9084-435c1bc2d61d/current/log_inprogress_0
2019-08-20 14:46:30,167 INFO  segmented.SegmentedRaftLogWorker (SegmentedRaftLogWorker.java:execute(569)) - 86c904ac-088f-4d27-b38c-6cec29f72dff-SegmentedRaftLogWorker:Storage Directory /workdir/hadoop-ozone/integration-test/target/test-dir/MiniOzoneClusterImpl-02e6917f-6864-460b-96f4-36c51ed72a02/datanode-4/data/ratis/0e8ebacd-c80f-4741-9084-435c1bc2d61d: created new log segment /workdir/hadoop-ozone/integration-test/target/test-dir/MiniOzoneClusterImpl-02e6917f-6864-460b-96f4-36c51ed72a02/datanode-4/data/ratis/0e8ebacd-c80f-4741-9084-435c1bc2d61d/current/log_inprogress_0
2019-08-20 14:46:30,176 INFO  client.GrpcClientProtocolClient (GrpcClientProtocolClient.java:onNext(255)) - client-FBEA26E83BFA->2e05b60f-f50a-4f39-b31d-9e1fc67d357d: receive RaftClientReply:client-FBEA26E83BFA->2e05b60f-f50a-4f39-b31d-9e1fc67d357d@group-0708FA4555F9, cid=216, FAILED org.apache.ratis.protocol.NotLeaderException: Server 2e05b60f-f50a-4f39-b31d-9e1fc67d357d is not the leader (47e13b85-5230-4867-bd83-5f11418c7130:192.168.69.107:38233). Request must be sent to leader., logIndex=0, commits[2e05b60f-f50a-4f39-b31d-9e1fc67d357d:c-1, 2e8c300d-75de-4f2a-ace2-5d64a786696d:c-1, 47e13b85-5230-4867-bd83-5f11418c7130:c-1]
2019-08-20 14:46:30,225 INFO  impl.FollowerState (FollowerState.java:run(106)) - 5e83d962-d2cc-4e7b-a3f8-0ca678d1e1c0:group-1D3A629E03D1 changes to CANDIDATE, lastRpcTime:5146, electionTimeout:5146ms
2019-08-20 14:46:30,225 INFO  impl.RoleInfo (RoleInfo.java:shutdownFollowerState(121)) - 5e83d962-d2cc-4e7b-a3f8-0ca678d1e1c0: shutdown FollowerState
2019-08-20 14:46:30,225 INFO  impl.RaftServerImpl (RaftServerImpl.java:setRole(171)) - 5e83d962-d2cc-4e7b-a3f8-0ca678d1e1c0:group-1D3A629E03D1 changes role from FOLLOWER to CANDIDATE at term 0 for changeToCandidate
2019-08-20 14:46:30,225 INFO  impl.RoleInfo (RoleInfo.java:updateAndGet(143)) - 5e83d962-d2cc-4e7b-a3f8-0ca678d1e1c0: start LeaderElection
2019-08-20 14:46:30,249 INFO  impl.LeaderElection (LeaderElection.java:askForVotes(181)) - 5e83d962-d2cc-4e7b-a3f8-0ca678d1e1c0:group-1D3A629E03D1:LeaderElection141: begin an election at term 1 for -1: [5e83d962-d2cc-4e7b-a3f8-0ca678d1e1c0:192.168.69.107:38099], old=null
2019-08-20 14:46:30,249 INFO  impl.RoleInfo (RoleInfo.java:shutdownLeaderElection(134)) - 5e83d962-d2cc-4e7b-a3f8-0ca678d1e1c0: shutdown LeaderElection
2019-08-20 14:46:30,249 INFO  impl.RaftServerImpl (RaftServerImpl.java:setRole(171)) - 5e83d962-d2cc-4e7b-a3f8-0ca678d1e1c0:group-1D3A629E03D1 changes role from CANDIDATE to LEADER at term 1 for changeToLeader
2019-08-20 14:46:30,250 INFO  impl.RaftServerImpl (ServerState.java:setLeader(263)) - 5e83d962-d2cc-4e7b-a3f8-0ca678d1e1c0:group-1D3A629E03D1 change Leader from null to 5e83d962-d2cc-4e7b-a3f8-0ca678d1e1c0 at term 1 for becomeLeader, leader elected after 5177ms
2019-08-20 14:46:30,250 INFO  server.RaftServerConfigKeys (ConfUtils.java:logGet(43)) - raft.server.staging.catchup.gap = 1000 (default)
2019-08-20 14:46:30,250 INFO  server.RaftServerConfigKeys (ConfUtils.java:logGet(43)) - raft.server.rpc.sleep.time = 25ms (default)
2019-08-20 14:46:30,250 INFO  server.RaftServerConfigKeys (ConfUtils.java:logGet(43)) - raft.server.write.element-limit = 4096 (default)
2019-08-20 14:46:30,250 INFO  server.RaftServerConfigKeys (ConfUtils.java:logGet(43)) - raft.server.watch.timeout = 10s (default)
2019-08-20 14:46:30,250 INFO  server.RaftServerConfigKeys (ConfUtils.java:logGet(43)) - raft.server.watch.timeout.denomination = 1s (default)
2019-08-20 14:46:30,250 INFO  server.RaftServerConfigKeys (ConfUtils.java:logGet(43)) - raft.server.watch.element-limit = 65536 (default)
2019-08-20 14:46:30,251 INFO  impl.RoleInfo (RoleInfo.java:updateAndGet(143)) - 5e83d962-d2cc-4e7b-a3f8-0ca678d1e1c0: start LeaderState
2019-08-20 14:46:30,251 INFO  segmented.SegmentedRaftLogWorker (SegmentedRaftLogWorker.java:startLogSegment(380)) - 5e83d962-d2cc-4e7b-a3f8-0ca678d1e1c0-SegmentedRaftLogWorker:Storage Directory /workdir/hadoop-ozone/integration-test/target/test-dir/MiniOzoneClusterImpl-02e6917f-6864-460b-96f4-36c51ed72a02/datanode-6/data/ratis/10f89966-664b-4e76-ae9a-1d3a629e03d1: Starting segment from index:0
2019-08-20 14:46:30,251 INFO  impl.RaftServerImpl (ServerState.java:setRaftConf(361)) - 5e83d962-d2cc-4e7b-a3f8-0ca678d1e1c0:group-1D3A629E03D1 set configuration 0: [5e83d962-d2cc-4e7b-a3f8-0ca678d1e1c0:192.168.69.107:38099], old=null at 0
2019-08-20 14:46:30,286 INFO  segmented.SegmentedRaftLogWorker (SegmentedRaftLogWorker.java:execute(569)) - 5e83d962-d2cc-4e7b-a3f8-0ca678d1e1c0-SegmentedRaftLogWorker:Storage Directory /workdir/hadoop-ozone/integration-test/target/test-dir/MiniOzoneClusterImpl-02e6917f-6864-460b-96f4-36c51ed72a02/datanode-6/data/ratis/10f89966-664b-4e76-ae9a-1d3a629e03d1: created new log segment /workdir/hadoop-ozone/integration-test/target/test-dir/MiniOzoneClusterImpl-02e6917f-6864-460b-96f4-36c51ed72a02/datanode-6/data/ratis/10f89966-664b-4e76-ae9a-1d3a629e03d1/current/log_inprogress_0
2019-08-20 14:46:30,326 INFO  client.GrpcClientProtocolClient (GrpcClientProtocolClient.java:onNext(255)) - client-FBEA26E83BFA->47e13b85-5230-4867-bd83-5f11418c7130: receive RaftClientReply:client-FBEA26E83BFA->47e13b85-5230-4867-bd83-5f11418c7130@group-0708FA4555F9, cid=216, SUCCESS, logIndex=1, commits[47e13b85-5230-4867-bd83-5f11418c7130:c1, 2e8c300d-75de-4f2a-ace2-5d64a786696d:c0, 2e05b60f-f50a-4f39-b31d-9e1fc67d357d:c0]
2019-08-20 14:46:30,342 INFO  client.GrpcClientProtocolClient (GrpcClientProtocolClient.java:onNext(255)) - client-FBEA26E83BFA->47e13b85-5230-4867-bd83-5f11418c7130: receive RaftClientReply:client-FBEA26E83BFA->47e13b85-5230-4867-bd83-5f11418c7130@group-0708FA4555F9, cid=217, SUCCESS, logIndex=3, commits[47e13b85-5230-4867-bd83-5f11418c7130:c3, 2e8c300d-75de-4f2a-ace2-5d64a786696d:c2, 2e05b60f-f50a-4f39-b31d-9e1fc67d357d:c2]
2019-08-20 14:46:30,429 INFO  client.GrpcClientProtocolClient (GrpcClientProtocolClient.java:onNext(255)) - client-FBEA26E83BFA->47e13b85-5230-4867-bd83-5f11418c7130: receive RaftClientReply:client-FBEA26E83BFA->47e13b85-5230-4867-bd83-5f11418c7130@group-0708FA4555F9, cid=218, SUCCESS, logIndex=4, commits[47e13b85-5230-4867-bd83-5f11418c7130:c6, 2e8c300d-75de-4f2a-ace2-5d64a786696d:c3, 2e05b60f-f50a-4f39-b31d-9e1fc67d357d:c3]
2019-08-20 14:46:31,430 WARN  scm.XceiverClientRatis (XceiverClientRatis.java:watchForCommit(262)) - 3 way commit failed on pipeline Pipeline[ Id: 2416f202-07a9-4218-991f-0708fa4555f9, Nodes: 2e8c300d-75de-4f2a-ace2-5d64a786696d{ip: 192.168.69.107, host: pr-hdds-1054-6hltv-2752131155, networkLocation: /default-rack, certSerialId: null}2e05b60f-f50a-4f39-b31d-9e1fc67d357d{ip: 192.168.69.107, host: pr-hdds-1054-6hltv-2752131155, networkLocation: /default-rack, certSerialId: null}47e13b85-5230-4867-bd83-5f11418c7130{ip: 192.168.69.107, host: pr-hdds-1054-6hltv-2752131155, networkLocation: /default-rack, certSerialId: null}, Type:RATIS, Factor:THREE, State:OPEN]
java.util.concurrent.TimeoutException
	at java.util.concurrent.CompletableFuture.timedGet(CompletableFuture.java:1771)
	at java.util.concurrent.CompletableFuture.get(CompletableFuture.java:1915)
	at org.apache.hadoop.hdds.scm.XceiverClientRatis.watchForCommit(XceiverClientRatis.java:259)
	at org.apache.hadoop.hdds.scm.storage.CommitWatcher.watchForCommit(CommitWatcher.java:194)
	at org.apache.hadoop.hdds.scm.storage.CommitWatcher.watchOnLastIndex(CommitWatcher.java:157)
	at org.apache.hadoop.hdds.scm.storage.BlockOutputStream.watchForCommit(BlockOutputStream.java:347)
	at org.apache.hadoop.hdds.scm.storage.BlockOutputStream.handleFlush(BlockOutputStream.java:479)
	at org.apache.hadoop.hdds.scm.storage.BlockOutputStream.flush(BlockOutputStream.java:428)
	at org.apache.hadoop.ozone.client.io.BlockOutputStreamEntry.flush(BlockOutputStreamEntry.java:136)
	at org.apache.hadoop.ozone.client.io.KeyOutputStream.handleFlushOrClose(KeyOutputStream.java:442)
	at org.apache.hadoop.ozone.client.io.KeyOutputStream.flush(KeyOutputStream.java:396)
	at org.apache.hadoop.ozone.client.io.OzoneOutputStream.flush(OzoneOutputStream.java:54)
	at org.apache.hadoop.ozone.client.rpc.TestBlockOutputStreamWithFailures.testFailureWithPrimeSizedData(TestBlockOutputStreamWithFailures.java:595)
	at sun.reflect.NativeMethodAccessorImpl.invoke0(Native Method)
	at sun.reflect.NativeMethodAccessorImpl.invoke(NativeMethodAccessorImpl.java:62)
	at sun.reflect.DelegatingMethodAccessorImpl.invoke(DelegatingMethodAccessorImpl.java:43)
	at java.lang.reflect.Method.invoke(Method.java:498)
	at org.junit.runners.model.FrameworkMethod$1.runReflectiveCall(FrameworkMethod.java:47)
	at org.junit.internal.runners.model.ReflectiveCallable.run(ReflectiveCallable.java:12)
	at org.junit.runners.model.FrameworkMethod.invokeExplosively(FrameworkMethod.java:44)
	at org.junit.internal.runners.statements.InvokeMethod.evaluate(InvokeMethod.java:17)
	at org.junit.internal.runners.statements.RunBefores.evaluate(RunBefores.java:26)
	at org.junit.internal.runners.statements.RunAfters.evaluate(RunAfters.java:27)
	at org.junit.runners.ParentRunner.runLeaf(ParentRunner.java:271)
	at org.junit.runners.BlockJUnit4ClassRunner.runChild(BlockJUnit4ClassRunner.java:70)
	at org.junit.runners.BlockJUnit4ClassRunner.runChild(BlockJUnit4ClassRunner.java:50)
	at org.junit.runners.ParentRunner$3.run(ParentRunner.java:238)
	at org.junit.runners.ParentRunner$1.schedule(ParentRunner.java:63)
	at org.junit.runners.ParentRunner.runChildren(ParentRunner.java:236)
	at org.junit.runners.ParentRunner.access$000(ParentRunner.java:53)
	at org.junit.runners.ParentRunner$2.evaluate(ParentRunner.java:229)
	at org.junit.runners.ParentRunner.run(ParentRunner.java:309)
	at org.apache.maven.surefire.junit4.JUnit4Provider.execute(JUnit4Provider.java:365)
	at org.apache.maven.surefire.junit4.JUnit4Provider.executeWithRerun(JUnit4Provider.java:273)
	at org.apache.maven.surefire.junit4.JUnit4Provider.executeTestSet(JUnit4Provider.java:238)
	at org.apache.maven.surefire.junit4.JUnit4Provider.invoke(JUnit4Provider.java:159)
	at org.apache.maven.surefire.booter.ForkedBooter.invokeProviderInSameClassLoader(ForkedBooter.java:384)
	at org.apache.maven.surefire.booter.ForkedBooter.runSuitesInProcess(ForkedBooter.java:345)
	at org.apache.maven.surefire.booter.ForkedBooter.execute(ForkedBooter.java:126)
	at org.apache.maven.surefire.booter.ForkedBooter.main(ForkedBooter.java:418)
2019-08-20 14:46:32,434 WARN  storage.CommitWatcher (CommitWatcher.java:watchForCommit(203)) - watchForCommit failed for index 4
java.util.concurrent.TimeoutException
	at java.util.concurrent.CompletableFuture.timedGet(CompletableFuture.java:1771)
	at java.util.concurrent.CompletableFuture.get(CompletableFuture.java:1915)
	at org.apache.hadoop.hdds.scm.XceiverClientRatis.watchForCommit(XceiverClientRatis.java:268)
	at org.apache.hadoop.hdds.scm.storage.CommitWatcher.watchForCommit(CommitWatcher.java:194)
	at org.apache.hadoop.hdds.scm.storage.CommitWatcher.watchOnLastIndex(CommitWatcher.java:157)
	at org.apache.hadoop.hdds.scm.storage.BlockOutputStream.watchForCommit(BlockOutputStream.java:347)
	at org.apache.hadoop.hdds.scm.storage.BlockOutputStream.handleFlush(BlockOutputStream.java:479)
	at org.apache.hadoop.hdds.scm.storage.BlockOutputStream.flush(BlockOutputStream.java:428)
	at org.apache.hadoop.ozone.client.io.BlockOutputStreamEntry.flush(BlockOutputStreamEntry.java:136)
	at org.apache.hadoop.ozone.client.io.KeyOutputStream.handleFlushOrClose(KeyOutputStream.java:442)
	at org.apache.hadoop.ozone.client.io.KeyOutputStream.flush(KeyOutputStream.java:396)
	at org.apache.hadoop.ozone.client.io.OzoneOutputStream.flush(OzoneOutputStream.java:54)
	at org.apache.hadoop.ozone.client.rpc.TestBlockOutputStreamWithFailures.testFailureWithPrimeSizedData(TestBlockOutputStreamWithFailures.java:595)
	at sun.reflect.NativeMethodAccessorImpl.invoke0(Native Method)
	at sun.reflect.NativeMethodAccessorImpl.invoke(NativeMethodAccessorImpl.java:62)
	at sun.reflect.DelegatingMethodAccessorImpl.invoke(DelegatingMethodAccessorImpl.java:43)
	at java.lang.reflect.Method.invoke(Method.java:498)
	at org.junit.runners.model.FrameworkMethod$1.runReflectiveCall(FrameworkMethod.java:47)
	at org.junit.internal.runners.model.ReflectiveCallable.run(ReflectiveCallable.java:12)
	at org.junit.runners.model.FrameworkMethod.invokeExplosively(FrameworkMethod.java:44)
	at org.junit.internal.runners.statements.InvokeMethod.evaluate(InvokeMethod.java:17)
	at org.junit.internal.runners.statements.RunBefores.evaluate(RunBefores.java:26)
	at org.junit.internal.runners.statements.RunAfters.evaluate(RunAfters.java:27)
	at org.junit.runners.ParentRunner.runLeaf(ParentRunner.java:271)
	at org.junit.runners.BlockJUnit4ClassRunner.runChild(BlockJUnit4ClassRunner.java:70)
	at org.junit.runners.BlockJUnit4ClassRunner.runChild(BlockJUnit4ClassRunner.java:50)
	at org.junit.runners.ParentRunner$3.run(ParentRunner.java:238)
	at org.junit.runners.ParentRunner$1.schedule(ParentRunner.java:63)
	at org.junit.runners.ParentRunner.runChildren(ParentRunner.java:236)
	at org.junit.runners.ParentRunner.access$000(ParentRunner.java:53)
	at org.junit.runners.ParentRunner$2.evaluate(ParentRunner.java:229)
	at org.junit.runners.ParentRunner.run(ParentRunner.java:309)
	at org.apache.maven.surefire.junit4.JUnit4Provider.execute(JUnit4Provider.java:365)
	at org.apache.maven.surefire.junit4.JUnit4Provider.executeWithRerun(JUnit4Provider.java:273)
	at org.apache.maven.surefire.junit4.JUnit4Provider.executeTestSet(JUnit4Provider.java:238)
	at org.apache.maven.surefire.junit4.JUnit4Provider.invoke(JUnit4Provider.java:159)
	at org.apache.maven.surefire.booter.ForkedBooter.invokeProviderInSameClassLoader(ForkedBooter.java:384)
	at org.apache.maven.surefire.booter.ForkedBooter.runSuitesInProcess(ForkedBooter.java:345)
	at org.apache.maven.surefire.booter.ForkedBooter.execute(ForkedBooter.java:126)
	at org.apache.maven.surefire.booter.ForkedBooter.main(ForkedBooter.java:418)
2019-08-20 14:46:32,435 WARN  io.KeyOutputStream (KeyOutputStream.java:handleException(276)) - Encountered exception java.io.IOException: Unexpected Storage Container Exception: java.io.IOException: Unexpected Storage Container Exception: java.util.concurrent.TimeoutException on the pipeline Pipeline[ Id: 2416f202-07a9-4218-991f-0708fa4555f9, Nodes: 2e8c300d-75de-4f2a-ace2-5d64a786696d{ip: 192.168.69.107, host: pr-hdds-1054-6hltv-2752131155, networkLocation: /default-rack, certSerialId: null}2e05b60f-f50a-4f39-b31d-9e1fc67d357d{ip: 192.168.69.107, host: pr-hdds-1054-6hltv-2752131155, networkLocation: /default-rack, certSerialId: null}47e13b85-5230-4867-bd83-5f11418c7130{ip: 192.168.69.107, host: pr-hdds-1054-6hltv-2752131155, networkLocation: /default-rack, certSerialId: null}, Type:RATIS, Factor:THREE, State:OPEN]. The last committed block length is 0, uncommitted data length is 167 retry count 0
2019-08-20 14:46:32,450 INFO  client.GrpcClientProtocolClient (GrpcClientProtocolClient.java:onNext(255)) - client-EE93D4EEA80C->50668996-cd79-4de0-8e82-75564a0c0645: receive RaftClientReply:client-EE93D4EEA80C->50668996-cd79-4de0-8e82-75564a0c0645@group-435C1BC2D61D, cid=221, FAILED org.apache.ratis.protocol.NotLeaderException: Server 50668996-cd79-4de0-8e82-75564a0c0645 is not the leader (29af68b4-d82a-4dc0-a69b-289012d55633:192.168.69.107:44574). Request must be sent to leader., logIndex=0, commits[50668996-cd79-4de0-8e82-75564a0c0645:c-1, 29af68b4-d82a-4dc0-a69b-289012d55633:c-1, 86c904ac-088f-4d27-b38c-6cec29f72dff:c-1]
2019-08-20 14:46:32,585 INFO  client.GrpcClientProtocolClient (GrpcClientProtocolClient.java:onNext(255)) - client-EE93D4EEA80C->29af68b4-d82a-4dc0-a69b-289012d55633: receive RaftClientReply:client-EE93D4EEA80C->29af68b4-d82a-4dc0-a69b-289012d55633@group-435C1BC2D61D, cid=221, SUCCESS, logIndex=1, commits[29af68b4-d82a-4dc0-a69b-289012d55633:c1, 86c904ac-088f-4d27-b38c-6cec29f72dff:c0, 50668996-cd79-4de0-8e82-75564a0c0645:c0]
2019-08-20 14:46:32,594 INFO  client.GrpcClientProtocolClient (GrpcClientProtocolClient.java:onNext(255)) - client-EE93D4EEA80C->29af68b4-d82a-4dc0-a69b-289012d55633: receive RaftClientReply:client-EE93D4EEA80C->29af68b4-d82a-4dc0-a69b-289012d55633@group-435C1BC2D61D, cid=222, SUCCESS, logIndex=3, commits[29af68b4-d82a-4dc0-a69b-289012d55633:c4, 86c904ac-088f-4d27-b38c-6cec29f72dff:c2, 50668996-cd79-4de0-8e82-75564a0c0645:c2]
2019-08-20 14:46:32,619 INFO  client.GrpcClientProtocolClient (GrpcClientProtocolClient.java:onNext(255)) - client-EE93D4EEA80C->29af68b4-d82a-4dc0-a69b-289012d55633: receive RaftClientReply:client-EE93D4EEA80C->29af68b4-d82a-4dc0-a69b-289012d55633@group-435C1BC2D61D, cid=223, SUCCESS, logIndex=4, commits[29af68b4-d82a-4dc0-a69b-289012d55633:c6, 86c904ac-088f-4d27-b38c-6cec29f72dff:c4, 50668996-cd79-4de0-8e82-75564a0c0645:c4]
2019-08-20 14:46:32,620 INFO  ozone.MiniOzoneClusterImpl (MiniOzoneClusterImpl.java:shutdown(321)) - Shutting down the Mini Ozone Cluster
2019-08-20 14:46:32,620 INFO  ozone.MiniOzoneClusterImpl (MiniOzoneClusterImpl.java:stop(336)) - Stopping the Mini Ozone Cluster
2019-08-20 14:46:32,621 INFO  ozone.MiniOzoneClusterImpl (MiniOzoneClusterImpl.java:stop(338)) - Stopping the OzoneManager
2019-08-20 14:46:32,621 INFO  ipc.Server (Server.java:stop(3082)) - Stopping server on 38720
2019-08-20 14:46:32,639 INFO  ipc.Server (Server.java:run(1185)) - Stopping IPC Server listener on 38720
2019-08-20 14:46:32,650 INFO  ratis.OzoneManagerDoubleBuffer (OzoneManagerDoubleBuffer.java:stop(248)) - Stopping OMDoubleBuffer flush thread
2019-08-20 14:46:32,650 INFO  ipc.Server (Server.java:run(1319)) - Stopping IPC Server Responder
2019-08-20 14:46:32,650 INFO  ratis.OzoneManagerDoubleBuffer (OzoneManagerDoubleBuffer.java:flushTransactions(191)) - OMDoubleBuffer flush thread OMDoubleBufferFlushThread is interrupted and will exit. OMDoubleBufferFlushThread
2019-08-20 14:46:32,650 INFO  utils.BackgroundService (BackgroundService.java:shutdown(148)) - Shutting down service KeyDeletingService
2019-08-20 14:46:32,652 INFO  handler.ContextHandler (ContextHandler.java:doStop(910)) - Stopped o.e.j.w.WebAppContext@16a83016{/,null,UNAVAILABLE}{/ozoneManager}
2019-08-20 14:46:32,654 INFO  server.AbstractConnector (AbstractConnector.java:doStop(318)) - Stopped ServerConnector@592efd6{HTTP/1.1,[http/1.1]}{0.0.0.0:0}
2019-08-20 14:46:32,654 INFO  handler.ContextHandler (ContextHandler.java:doStop(910)) - Stopped o.e.j.s.ServletContextHandler@5c516cab{/static,file:///workdir/hadoop-ozone/integration-test/target/test-classes/webapps/static,UNAVAILABLE}
2019-08-20 14:46:32,655 INFO  handler.ContextHandler (ContextHandler.java:doStop(910)) - Stopped o.e.j.s.ServletContextHandler@1ec8afc4{/logs,file:///workdir/hadoop-ozone/integration-test/target/log,UNAVAILABLE}
2019-08-20 14:46:32,659 INFO  ozone.MiniOzoneClusterImpl (MiniOzoneClusterImpl.java:stop(344)) - Shutting the HddsDatanodes
2019-08-20 14:46:32,659 INFO  datanode.ObjectStoreHandler (ObjectStoreHandler.java:close(155)) - Closing ObjectStoreHandler.
2019-08-20 14:46:32,659 INFO  datanode.ObjectStoreHandler (ObjectStoreHandler.java:close(155)) - Closing ObjectStoreHandler.
2019-08-20 14:46:32,659 INFO  ozone.HddsDatanodeService (HddsDatanodeService.java:stop(451)) - Stopped plug-in org.apache.hadoop.ozone.web.OzoneHddsDatanodeService@3c9e169f
2019-08-20 14:46:32,659 INFO  ozone.HddsDatanodeService (HddsDatanodeService.java:stop(451)) - Stopped plug-in org.apache.hadoop.ozone.web.OzoneHddsDatanodeService@62a9d176
2019-08-20 14:46:32,855 INFO  client.GrpcClientProtocolClient (GrpcClientProtocolClient.java:onNext(255)) - client-FBEA26E83BFA->47e13b85-5230-4867-bd83-5f11418c7130: receive RaftClientReply:client-FBEA26E83BFA->47e13b85-5230-4867-bd83-5f11418c7130@group-0708FA4555F9, cid=219, SUCCESS, logIndex=0, commits[47e13b85-5230-4867-bd83-5f11418c7130:c6, 2e8c300d-75de-4f2a-ace2-5d64a786696d:c6, 2e05b60f-f50a-4f39-b31d-9e1fc67d357d:c6]
2019-08-20 14:46:32,856 INFO  client.GrpcClientProtocolClient (GrpcClientProtocolClient.java:onNext(255)) - client-FBEA26E83BFA->47e13b85-5230-4867-bd83-5f11418c7130: receive RaftClientReply:client-FBEA26E83BFA->47e13b85-5230-4867-bd83-5f11418c7130@group-0708FA4555F9, cid=220, SUCCESS, logIndex=0, commits[47e13b85-5230-4867-bd83-5f11418c7130:c6, 2e8c300d-75de-4f2a-ace2-5d64a786696d:c6, 2e05b60f-f50a-4f39-b31d-9e1fc67d357d:c3]
2019-08-20 14:46:33,314 INFO  statemachine.DatanodeStateMachine (DatanodeStateMachine.java:lambda$startDaemon$0(350)) - Ozone container server started.
2019-08-20 14:46:33,572 INFO  statemachine.DatanodeStateMachine (DatanodeStateMachine.java:lambda$startDaemon$0(350)) - Ozone container server started.
2019-08-20 14:46:37,341 INFO  node.StaleNodeHandler (StaleNodeHandler.java:onMessage(58)) - Datanode 2e05b60f-f50a-4f39-b31d-9e1fc67d357d{ip: 192.168.69.107, host: pr-hdds-1054-6hltv-2752131155, networkLocation: /default-rack, certSerialId: null} moved to stale state. Finalizing its pipelines [PipelineID=3ff0a9c4-4070-493f-9b33-ea1f44a0c2de, PipelineID=2416f202-07a9-4218-991f-0708fa4555f9]
2019-08-20 14:46:37,341 INFO  pipeline.SCMPipelineManager (SCMPipelineManager.java:finalizeAndDestroyPipeline(309)) - destroying pipeline:Pipeline[ Id: 3ff0a9c4-4070-493f-9b33-ea1f44a0c2de, Nodes: 2e05b60f-f50a-4f39-b31d-9e1fc67d357d{ip: 192.168.69.107, host: pr-hdds-1054-6hltv-2752131155, networkLocation: /default-rack, certSerialId: null}, Type:RATIS, Factor:ONE, State:OPEN]
2019-08-20 14:46:37,342 INFO  pipeline.PipelineStateManager (PipelineStateManager.java:finalizePipeline(123)) - Pipeline Pipeline[ Id: 3ff0a9c4-4070-493f-9b33-ea1f44a0c2de, Nodes: 2e05b60f-f50a-4f39-b31d-9e1fc67d357d{ip: 192.168.69.107, host: pr-hdds-1054-6hltv-2752131155, networkLocation: /default-rack, certSerialId: null}, Type:RATIS, Factor:ONE, State:CLOSED] moved to CLOSED state
2019-08-20 14:46:37,342 INFO  pipeline.SCMPipelineManager (SCMPipelineManager.java:finalizeAndDestroyPipeline(309)) - destroying pipeline:Pipeline[ Id: 2416f202-07a9-4218-991f-0708fa4555f9, Nodes: 2e8c300d-75de-4f2a-ace2-5d64a786696d{ip: 192.168.69.107, host: pr-hdds-1054-6hltv-2752131155, networkLocation: /default-rack, certSerialId: null}2e05b60f-f50a-4f39-b31d-9e1fc67d357d{ip: 192.168.69.107, host: pr-hdds-1054-6hltv-2752131155, networkLocation: /default-rack, certSerialId: null}47e13b85-5230-4867-bd83-5f11418c7130{ip: 192.168.69.107, host: pr-hdds-1054-6hltv-2752131155, networkLocation: /default-rack, certSerialId: null}, Type:RATIS, Factor:THREE, State:OPEN]
2019-08-20 14:46:37,342 INFO  pipeline.PipelineStateManager (PipelineStateManager.java:finalizePipeline(123)) - Pipeline Pipeline[ Id: 2416f202-07a9-4218-991f-0708fa4555f9, Nodes: 2e8c300d-75de-4f2a-ace2-5d64a786696d{ip: 192.168.69.107, host: pr-hdds-1054-6hltv-2752131155, networkLocation: /default-rack, certSerialId: null}2e05b60f-f50a-4f39-b31d-9e1fc67d357d{ip: 192.168.69.107, host: pr-hdds-1054-6hltv-2752131155, networkLocation: /default-rack, certSerialId: null}47e13b85-5230-4867-bd83-5f11418c7130{ip: 192.168.69.107, host: pr-hdds-1054-6hltv-2752131155, networkLocation: /default-rack, certSerialId: null}, Type:RATIS, Factor:THREE, State:CLOSED] moved to CLOSED state
2019-08-20 14:46:37,342 INFO  container.CloseContainerEventHandler (CloseContainerEventHandler.java:onMessage(61)) - Close container Event triggered for container : #1
2019-08-20 14:46:37,641 INFO  node.StaleNodeHandler (StaleNodeHandler.java:onMessage(58)) - Datanode 86c904ac-088f-4d27-b38c-6cec29f72dff{ip: 192.168.69.107, host: pr-hdds-1054-6hltv-2752131155, networkLocation: /default-rack, certSerialId: null} moved to stale state. Finalizing its pipelines [PipelineID=0e8ebacd-c80f-4741-9084-435c1bc2d61d, PipelineID=ec8259c3-9ad6-46b0-af07-2830352ceba7]
2019-08-20 14:46:37,642 INFO  pipeline.SCMPipelineManager (SCMPipelineManager.java:finalizeAndDestroyPipeline(309)) - destroying pipeline:Pipeline[ Id: 0e8ebacd-c80f-4741-9084-435c1bc2d61d, Nodes: 50668996-cd79-4de0-8e82-75564a0c0645{ip: 192.168.69.107, host: pr-hdds-1054-6hltv-2752131155, networkLocation: /default-rack, certSerialId: null}86c904ac-088f-4d27-b38c-6cec29f72dff{ip: 192.168.69.107, host: pr-hdds-1054-6hltv-2752131155, networkLocation: /default-rack, certSerialId: null}29af68b4-d82a-4dc0-a69b-289012d55633{ip: 192.168.69.107, host: pr-hdds-1054-6hltv-2752131155, networkLocation: /default-rack, certSerialId: null}, Type:RATIS, Factor:THREE, State:OPEN]
2019-08-20 14:46:37,642 INFO  pipeline.PipelineStateManager (PipelineStateManager.java:finalizePipeline(123)) - Pipeline Pipeline[ Id: 0e8ebacd-c80f-4741-9084-435c1bc2d61d, Nodes: 50668996-cd79-4de0-8e82-75564a0c0645{ip: 192.168.69.107, host: pr-hdds-1054-6hltv-2752131155, networkLocation: /default-rack, certSerialId: null}86c904ac-088f-4d27-b38c-6cec29f72dff{ip: 192.168.69.107, host: pr-hdds-1054-6hltv-2752131155, networkLocation: /default-rack, certSerialId: null}29af68b4-d82a-4dc0-a69b-289012d55633{ip: 192.168.69.107, host: pr-hdds-1054-6hltv-2752131155, networkLocation: /default-rack, certSerialId: null}, Type:RATIS, Factor:THREE, State:CLOSED] moved to CLOSED state
2019-08-20 14:46:37,642 INFO  container.CloseContainerEventHandler (CloseContainerEventHandler.java:onMessage(61)) - Close container Event triggered for container : #2
2019-08-20 14:46:37,642 INFO  pipeline.SCMPipelineManager (SCMPipelineManager.java:finalizeAndDestroyPipeline(309)) - destroying pipeline:Pipeline[ Id: ec8259c3-9ad6-46b0-af07-2830352ceba7, Nodes: 86c904ac-088f-4d27-b38c-6cec29f72dff{ip: 192.168.69.107, host: pr-hdds-1054-6hltv-2752131155, networkLocation: /default-rack, certSerialId: null}, Type:RATIS, Factor:ONE, State:OPEN]
2019-08-20 14:46:37,643 INFO  pipeline.PipelineStateManager (PipelineStateManager.java:finalizePipeline(123)) - Pipeline Pipeline[ Id: ec8259c3-9ad6-46b0-af07-2830352ceba7, Nodes: 86c904ac-088f-4d27-b38c-6cec29f72dff{ip: 192.168.69.107, host: pr-hdds-1054-6hltv-2752131155, networkLocation: /default-rack, certSerialId: null}, Type:RATIS, Factor:ONE, State:CLOSED] moved to CLOSED state
2019-08-20 14:46:37,660 INFO  ozoneimpl.OzoneContainer (OzoneContainer.java:stop(199)) - Attempting to stop container services.
2019-08-20 14:46:37,660 INFO  ozoneimpl.OzoneContainer (OzoneContainer.java:stop(199)) - Attempting to stop container services.
2019-08-20 14:46:37,661 INFO  impl.RaftServerProxy (RaftServerProxy.java:lambda$close$4(314)) - 2e05b60f-f50a-4f39-b31d-9e1fc67d357d: close
2019-08-20 14:46:37,661 INFO  impl.RaftServerProxy (RaftServerProxy.java:lambda$close$4(314)) - 86c904ac-088f-4d27-b38c-6cec29f72dff: close
2019-08-20 14:46:37,661 INFO  impl.RaftServerImpl (RaftServerImpl.java:lambda$shutdown$3(245)) - 2e05b60f-f50a-4f39-b31d-9e1fc67d357d: shutdown group-EA1F44A0C2DE
2019-08-20 14:46:37,664 INFO  impl.RaftServerImpl (RaftServerImpl.java:lambda$shutdown$3(245)) - 86c904ac-088f-4d27-b38c-6cec29f72dff: shutdown group-435C1BC2D61D
2019-08-20 14:46:37,665 INFO  util.JmxRegister (JmxRegister.java:unregister(73)) - Successfully un-registered JMX Bean with object name Ratis:service=RaftServer,group=group-435C1BC2D61D,id=86c904ac-088f-4d27-b38c-6cec29f72dff
2019-08-20 14:46:37,665 INFO  impl.RoleInfo (RoleInfo.java:shutdownFollowerState(121)) - 86c904ac-088f-4d27-b38c-6cec29f72dff: shutdown FollowerState
2019-08-20 14:46:37,666 INFO  impl.StateMachineUpdater (StateMachineUpdater.java:stopAndJoin(115)) - StateMachineUpdater:86c904ac-088f-4d27-b38c-6cec29f72dff:group-435C1BC2D61D: set stopIndex = 6
2019-08-20 14:46:37,664 INFO  util.JmxRegister (JmxRegister.java:unregister(73)) - Successfully un-registered JMX Bean with object name Ratis:service=RaftServer,group=group-EA1F44A0C2DE,id=2e05b60f-f50a-4f39-b31d-9e1fc67d357d
2019-08-20 14:46:37,666 INFO  impl.RoleInfo (RoleInfo.java:shutdownLeaderState(104)) - 2e05b60f-f50a-4f39-b31d-9e1fc67d357d: shutdown LeaderState
2019-08-20 14:46:37,666 INFO  ratis.ContainerStateMachine (ContainerStateMachine.java:takeSnapshot(271)) - group-435C1BC2D61D: Taking a snapshot at:(t:1, i:4) file /workdir/hadoop-ozone/integration-test/target/test-dir/MiniOzoneClusterImpl-02e6917f-6864-460b-96f4-36c51ed72a02/datanode-4/data/ratis/0e8ebacd-c80f-4741-9084-435c1bc2d61d/sm/snapshot.1_4
2019-08-20 14:46:37,666 INFO  impl.FollowerState (FollowerState.java:run(114)) - 86c904ac-088f-4d27-b38c-6cec29f72dff: FollowerState was interrupted: java.lang.InterruptedException: sleep interrupted
2019-08-20 14:46:37,667 INFO  impl.PendingRequests (PendingRequests.java:sendNotLeaderResponses(202)) - 2e05b60f-f50a-4f39-b31d-9e1fc67d357d-PendingRequests: sendNotLeaderResponses
2019-08-20 14:46:37,669 INFO  impl.StateMachineUpdater (StateMachineUpdater.java:stopAndJoin(115)) - StateMachineUpdater:2e05b60f-f50a-4f39-b31d-9e1fc67d357d:group-EA1F44A0C2DE: set stopIndex = 0
2019-08-20 14:46:37,669 INFO  impl.RaftServerImpl (ServerState.java:close(394)) - 2e05b60f-f50a-4f39-b31d-9e1fc67d357d:group-EA1F44A0C2DE closes. The last applied log index is 0
2019-08-20 14:46:37,669 INFO  segmented.SegmentedRaftLogWorker (SegmentedRaftLogWorker.java:run(313)) - 2e05b60f-f50a-4f39-b31d-9e1fc67d357d-SegmentedRaftLogWorker:Storage Directory /workdir/hadoop-ozone/integration-test/target/test-dir/MiniOzoneClusterImpl-02e6917f-6864-460b-96f4-36c51ed72a02/datanode-1/data/ratis/3ff0a9c4-4070-493f-9b33-ea1f44a0c2de was interrupted, exiting. There are 0 tasks remaining in the queue.
2019-08-20 14:46:37,672 INFO  segmented.SegmentedRaftLogWorker (SegmentedRaftLogWorker.java:close(228)) - 2e05b60f-f50a-4f39-b31d-9e1fc67d357d-SegmentedRaftLogWorker:Storage Directory /workdir/hadoop-ozone/integration-test/target/test-dir/MiniOzoneClusterImpl-02e6917f-6864-460b-96f4-36c51ed72a02/datanode-1/data/ratis/3ff0a9c4-4070-493f-9b33-ea1f44a0c2de close()
2019-08-20 14:46:37,677 INFO  impl.RaftServerImpl (RaftServerImpl.java:lambda$shutdown$3(245)) - 2e05b60f-f50a-4f39-b31d-9e1fc67d357d: shutdown group-0708FA4555F9
2019-08-20 14:46:37,677 INFO  util.JmxRegister (JmxRegister.java:unregister(73)) - Successfully un-registered JMX Bean with object name Ratis:service=RaftServer,group=group-0708FA4555F9,id=2e05b60f-f50a-4f39-b31d-9e1fc67d357d
2019-08-20 14:46:37,678 INFO  impl.RoleInfo (RoleInfo.java:shutdownFollowerState(121)) - 2e05b60f-f50a-4f39-b31d-9e1fc67d357d: shutdown FollowerState
2019-08-20 14:46:37,678 INFO  impl.StateMachineUpdater (StateMachineUpdater.java:stopAndJoin(115)) - StateMachineUpdater:2e05b60f-f50a-4f39-b31d-9e1fc67d357d:group-0708FA4555F9: set stopIndex = 6
2019-08-20 14:46:37,678 INFO  ratis.ContainerStateMachine (ContainerStateMachine.java:takeSnapshot(271)) - group-0708FA4555F9: Taking a snapshot at:(t:1, i:6) file /workdir/hadoop-ozone/integration-test/target/test-dir/MiniOzoneClusterImpl-02e6917f-6864-460b-96f4-36c51ed72a02/datanode-1/data/ratis/2416f202-07a9-4218-991f-0708fa4555f9/sm/snapshot.1_6
2019-08-20 14:46:37,678 INFO  impl.FollowerState (FollowerState.java:run(114)) - 2e05b60f-f50a-4f39-b31d-9e1fc67d357d: FollowerState was interrupted: java.lang.InterruptedException: sleep interrupted
2019-08-20 14:46:37,699 INFO  ratis.ContainerStateMachine (ContainerStateMachine.java:takeSnapshot(282)) - group-435C1BC2D61D: Finished taking a snapshot at:(t:1, i:4) file:/workdir/hadoop-ozone/integration-test/target/test-dir/MiniOzoneClusterImpl-02e6917f-6864-460b-96f4-36c51ed72a02/datanode-4/data/ratis/0e8ebacd-c80f-4741-9084-435c1bc2d61d/sm/snapshot.1_4 time:34
2019-08-20 14:46:37,699 INFO  ratis.ContainerStateMachine (ContainerStateMachine.java:takeSnapshot(282)) - group-0708FA4555F9: Finished taking a snapshot at:(t:1, i:6) file:/workdir/hadoop-ozone/integration-test/target/test-dir/MiniOzoneClusterImpl-02e6917f-6864-460b-96f4-36c51ed72a02/datanode-1/data/ratis/2416f202-07a9-4218-991f-0708fa4555f9/sm/snapshot.1_6 time:21
2019-08-20 14:46:37,700 INFO  impl.StateMachineUpdater (StateMachineUpdater.java:takeSnapshot(242)) - StateMachineUpdater:86c904ac-088f-4d27-b38c-6cec29f72dff:group-435C1BC2D61D: Took a snapshot at index 4
2019-08-20 14:46:37,700 INFO  impl.StateMachineUpdater (StateMachineUpdater.java:takeSnapshot(242)) - StateMachineUpdater:2e05b60f-f50a-4f39-b31d-9e1fc67d357d:group-0708FA4555F9: Took a snapshot at index 6
2019-08-20 14:46:37,700 INFO  impl.StateMachineUpdater (StateMachineUpdater.java:lambda$new$0(80)) - StateMachineUpdater:86c904ac-088f-4d27-b38c-6cec29f72dff:group-435C1BC2D61D: snapshotIndex: updateIncreasingly -1 -> 4
2019-08-20 14:46:37,700 INFO  impl.StateMachineUpdater (StateMachineUpdater.java:lambda$new$0(80)) - StateMachineUpdater:2e05b60f-f50a-4f39-b31d-9e1fc67d357d:group-0708FA4555F9: snapshotIndex: updateIncreasingly -1 -> 6
2019-08-20 14:46:37,700 INFO  impl.RaftServerImpl (ServerState.java:close(394)) - 2e05b60f-f50a-4f39-b31d-9e1fc67d357d:group-0708FA4555F9 closes. The last applied log index is 6
2019-08-20 14:46:37,700 INFO  impl.RaftServerImpl (ServerState.java:close(394)) - 86c904ac-088f-4d27-b38c-6cec29f72dff:group-435C1BC2D61D closes. The last applied log index is 6
2019-08-20 14:46:37,701 INFO  segmented.SegmentedRaftLogWorker (SegmentedRaftLogWorker.java:run(313)) - 2e05b60f-f50a-4f39-b31d-9e1fc67d357d-SegmentedRaftLogWorker:Storage Directory /workdir/hadoop-ozone/integration-test/target/test-dir/MiniOzoneClusterImpl-02e6917f-6864-460b-96f4-36c51ed72a02/datanode-1/data/ratis/2416f202-07a9-4218-991f-0708fa4555f9 was interrupted, exiting. There are 0 tasks remaining in the queue.
2019-08-20 14:46:37,701 INFO  segmented.SegmentedRaftLogWorker (SegmentedRaftLogWorker.java:run(313)) - 86c904ac-088f-4d27-b38c-6cec29f72dff-SegmentedRaftLogWorker:Storage Directory /workdir/hadoop-ozone/integration-test/target/test-dir/MiniOzoneClusterImpl-02e6917f-6864-460b-96f4-36c51ed72a02/datanode-4/data/ratis/0e8ebacd-c80f-4741-9084-435c1bc2d61d was interrupted, exiting. There are 0 tasks remaining in the queue.
2019-08-20 14:46:37,706 INFO  segmented.SegmentedRaftLogWorker (SegmentedRaftLogWorker.java:close(228)) - 2e05b60f-f50a-4f39-b31d-9e1fc67d357d-SegmentedRaftLogWorker:Storage Directory /workdir/hadoop-ozone/integration-test/target/test-dir/MiniOzoneClusterImpl-02e6917f-6864-460b-96f4-36c51ed72a02/datanode-1/data/ratis/2416f202-07a9-4218-991f-0708fa4555f9 close()
2019-08-20 14:46:37,706 INFO  segmented.SegmentedRaftLogWorker (SegmentedRaftLogWorker.java:close(228)) - 86c904ac-088f-4d27-b38c-6cec29f72dff-SegmentedRaftLogWorker:Storage Directory /workdir/hadoop-ozone/integration-test/target/test-dir/MiniOzoneClusterImpl-02e6917f-6864-460b-96f4-36c51ed72a02/datanode-4/data/ratis/0e8ebacd-c80f-4741-9084-435c1bc2d61d close()
2019-08-20 14:46:37,710 INFO  server.GrpcService (GrpcService.java:closeImpl(155)) - 2e05b60f-f50a-4f39-b31d-9e1fc67d357d: shutdown server with port 41284 now
2019-08-20 14:46:37,714 INFO  impl.RaftServerImpl (RaftServerImpl.java:lambda$shutdown$3(245)) - 86c904ac-088f-4d27-b38c-6cec29f72dff: shutdown group-2830352CEBA7
2019-08-20 14:46:37,714 INFO  util.JmxRegister (JmxRegister.java:unregister(73)) - Successfully un-registered JMX Bean with object name Ratis:service=RaftServer,group=group-2830352CEBA7,id=86c904ac-088f-4d27-b38c-6cec29f72dff
2019-08-20 14:46:37,715 INFO  impl.RoleInfo (RoleInfo.java:shutdownLeaderState(104)) - 86c904ac-088f-4d27-b38c-6cec29f72dff: shutdown LeaderState
2019-08-20 14:46:37,715 WARN  server.GrpcServerProtocolService (LogUtils.java:warn(134)) - 2e05b60f-f50a-4f39-b31d-9e1fc67d357d: appendEntries onError: org.apache.ratis.thirdparty.io.grpc.StatusRuntimeException: CANCELLED: cancelled before receiving half close
2019-08-20 14:46:37,715 WARN  server.GrpcLogAppender (LogUtils.java:warn(134)) - 47e13b85-5230-4867-bd83-5f11418c7130->2e05b60f-f50a-4f39-b31d-9e1fc67d357d: Failed appendEntries: org.apache.ratis.thirdparty.io.grpc.StatusRuntimeException: CANCELLED: HTTP/2 error code: CANCEL
Received Rst Stream
2019-08-20 14:46:37,715 INFO  impl.PendingRequests (PendingRequests.java:sendNotLeaderResponses(202)) - 86c904ac-088f-4d27-b38c-6cec29f72dff-PendingRequests: sendNotLeaderResponses
2019-08-20 14:46:37,715 INFO  server.GrpcService (GrpcService.java:closeImpl(163)) - 2e05b60f-f50a-4f39-b31d-9e1fc67d357d: shutdown server with port 41284 successfully
2019-08-20 14:46:37,716 INFO  impl.StateMachineUpdater (StateMachineUpdater.java:stopAndJoin(115)) - StateMachineUpdater:86c904ac-088f-4d27-b38c-6cec29f72dff:group-2830352CEBA7: set stopIndex = 0
2019-08-20 14:46:37,715 INFO  impl.FollowerInfo (FollowerInfo.java:lambda$new$0(50)) - 47e13b85-5230-4867-bd83-5f11418c7130->2e05b60f-f50a-4f39-b31d-9e1fc67d357d: nextIndex: updateUnconditionally 7 -> 6
2019-08-20 14:46:37,716 INFO  impl.RaftServerImpl (ServerState.java:close(394)) - 86c904ac-088f-4d27-b38c-6cec29f72dff:group-2830352CEBA7 closes. The last applied log index is 0
2019-08-20 14:46:37,717 INFO  segmented.SegmentedRaftLogWorker (SegmentedRaftLogWorker.java:run(313)) - 86c904ac-088f-4d27-b38c-6cec29f72dff-SegmentedRaftLogWorker:Storage Directory /workdir/hadoop-ozone/integration-test/target/test-dir/MiniOzoneClusterImpl-02e6917f-6864-460b-96f4-36c51ed72a02/datanode-4/data/ratis/ec8259c3-9ad6-46b0-af07-2830352ceba7 was interrupted, exiting. There are 0 tasks remaining in the queue.
2019-08-20 14:46:37,717 INFO  utils.BackgroundService (BackgroundService.java:shutdown(148)) - Shutting down service BlockDeletingService
2019-08-20 14:46:37,719 INFO  segmented.SegmentedRaftLogWorker (SegmentedRaftLogWorker.java:close(228)) - 86c904ac-088f-4d27-b38c-6cec29f72dff-SegmentedRaftLogWorker:Storage Directory /workdir/hadoop-ozone/integration-test/target/test-dir/MiniOzoneClusterImpl-02e6917f-6864-460b-96f4-36c51ed72a02/datanode-4/data/ratis/ec8259c3-9ad6-46b0-af07-2830352ceba7 close()
2019-08-20 14:46:37,724 INFO  server.GrpcService (GrpcService.java:closeImpl(155)) - 86c904ac-088f-4d27-b38c-6cec29f72dff: shutdown server with port 45686 now
2019-08-20 14:46:37,724 WARN  fs.CachingGetSpaceUsed (CachingGetSpaceUsed.java:run(183)) - Thread Interrupted waiting to refresh disk information: sleep interrupted
2019-08-20 14:46:37,724 WARN  server.GrpcServerProtocolService (LogUtils.java:warn(134)) - 86c904ac-088f-4d27-b38c-6cec29f72dff: appendEntries onError: org.apache.ratis.thirdparty.io.grpc.StatusRuntimeException: CANCELLED: cancelled before receiving half close
2019-08-20 14:46:37,725 INFO  server.GrpcService (GrpcService.java:closeImpl(163)) - 86c904ac-088f-4d27-b38c-6cec29f72dff: shutdown server with port 45686 successfully
2019-08-20 14:46:37,725 WARN  server.GrpcLogAppender (LogUtils.java:warn(134)) - 29af68b4-d82a-4dc0-a69b-289012d55633->86c904ac-088f-4d27-b38c-6cec29f72dff: Failed appendEntries: org.apache.ratis.thirdparty.io.grpc.StatusRuntimeException: CANCELLED: HTTP/2 error code: CANCEL
Received Rst Stream
2019-08-20 14:46:37,725 INFO  impl.FollowerInfo (FollowerInfo.java:lambda$new$0(50)) - 29af68b4-d82a-4dc0-a69b-289012d55633->86c904ac-088f-4d27-b38c-6cec29f72dff: nextIndex: updateUnconditionally 7 -> 6
2019-08-20 14:46:37,726 INFO  utils.BackgroundService (BackgroundService.java:shutdown(148)) - Shutting down service BlockDeletingService
2019-08-20 14:46:37,730 WARN  fs.CachingGetSpaceUsed (CachingGetSpaceUsed.java:run(183)) - Thread Interrupted waiting to refresh disk information: sleep interrupted
2019-08-20 14:46:37,753 INFO  statemachine.DatanodeStateMachine (DatanodeStateMachine.java:stopDaemon(395)) - Ozone container server stopped.
2019-08-20 14:46:37,759 INFO  handler.ContextHandler (ContextHandler.java:doStop(910)) - Stopped o.e.j.w.WebAppContext@6f5ae4e1{/,null,UNAVAILABLE}{/hddsDatanode}
2019-08-20 14:46:37,761 INFO  statemachine.DatanodeStateMachine (DatanodeStateMachine.java:stopDaemon(395)) - Ozone container server stopped.
2019-08-20 14:46:37,761 INFO  server.AbstractConnector (AbstractConnector.java:doStop(318)) - Stopped ServerConnector@2fb006dc{HTTP/1.1,[http/1.1]}{0.0.0.0:0}
2019-08-20 14:46:37,772 INFO  handler.ContextHandler (ContextHandler.java:doStop(910)) - Stopped o.e.j.s.ServletContextHandler@e7c3ba2{/static,jar:file:/home/user/.m2/repository/org/apache/hadoop/hadoop-hdds-container-service/0.5.0-SNAPSHOT/hadoop-hdds-container-service-0.5.0-SNAPSHOT.jar!/webapps/static,UNAVAILABLE}
2019-08-20 14:46:37,772 INFO  handler.ContextHandler (ContextHandler.java:doStop(910)) - Stopped o.e.j.s.ServletContextHandler@4873c645{/logs,file:///workdir/hadoop-ozone/integration-test/target/log,UNAVAILABLE}
2019-08-20 14:46:37,774 INFO  handler.ContextHandler (ContextHandler.java:doStop(910)) - Stopped o.e.j.w.WebAppContext@7be3baf2{/,null,UNAVAILABLE}{/hddsDatanode}
2019-08-20 14:46:37,774 INFO  datanode.ObjectStoreHandler (ObjectStoreHandler.java:close(155)) - Closing ObjectStoreHandler.
2019-08-20 14:46:37,775 INFO  ozone.HddsDatanodeService (HddsDatanodeService.java:stop(451)) - Stopped plug-in org.apache.hadoop.ozone.web.OzoneHddsDatanodeService@73c5b676
2019-08-20 14:46:37,775 INFO  server.AbstractConnector (AbstractConnector.java:doStop(318)) - Stopped ServerConnector@3a296643{HTTP/1.1,[http/1.1]}{0.0.0.0:0}
2019-08-20 14:46:37,775 INFO  handler.ContextHandler (ContextHandler.java:doStop(910)) - Stopped o.e.j.s.ServletContextHandler@5de769c8{/static,jar:file:/home/user/.m2/repository/org/apache/hadoop/hadoop-hdds-container-service/0.5.0-SNAPSHOT/hadoop-hdds-container-service-0.5.0-SNAPSHOT.jar!/webapps/static,UNAVAILABLE}
2019-08-20 14:46:37,776 INFO  handler.ContextHandler (ContextHandler.java:doStop(910)) - Stopped o.e.j.s.ServletContextHandler@67dc8aa8{/logs,file:///workdir/hadoop-ozone/integration-test/target/log,UNAVAILABLE}
2019-08-20 14:46:37,776 INFO  datanode.ObjectStoreHandler (ObjectStoreHandler.java:close(155)) - Closing ObjectStoreHandler.
2019-08-20 14:46:37,777 INFO  ozone.HddsDatanodeService (HddsDatanodeService.java:stop(451)) - Stopped plug-in org.apache.hadoop.ozone.web.OzoneHddsDatanodeService@6b5e8b3a
2019-08-20 14:46:37,853 WARN  server.GrpcLogAppender (LogUtils.java:warn(134)) - 47e13b85-5230-4867-bd83-5f11418c7130->2e05b60f-f50a-4f39-b31d-9e1fc67d357d: Failed appendEntries: org.apache.ratis.thirdparty.io.grpc.StatusRuntimeException: UNAVAILABLE: io exception
2019-08-20 14:46:37,854 INFO  impl.FollowerInfo (FollowerInfo.java:lambda$new$0(50)) - 47e13b85-5230-4867-bd83-5f11418c7130->2e05b60f-f50a-4f39-b31d-9e1fc67d357d: nextIndex: updateUnconditionally 6 -> 5
2019-08-20 14:46:38,285 INFO  statemachine.DatanodeStateMachine (DatanodeStateMachine.java:lambda$startDaemon$0(350)) - Ozone container server started.
2019-08-20 14:46:38,555 INFO  statemachine.DatanodeStateMachine (DatanodeStateMachine.java:lambda$startDaemon$0(350)) - Ozone container server started.
2019-08-20 14:46:40,104 WARN  server.GrpcLogAppender (LogUtils.java:warn(134)) - 29af68b4-d82a-4dc0-a69b-289012d55633->86c904ac-088f-4d27-b38c-6cec29f72dff: Failed appendEntries: org.apache.ratis.thirdparty.io.grpc.StatusRuntimeException: UNAVAILABLE: io exception
2019-08-20 14:46:40,104 INFO  impl.FollowerInfo (FollowerInfo.java:lambda$new$0(50)) - 29af68b4-d82a-4dc0-a69b-289012d55633->86c904ac-088f-4d27-b38c-6cec29f72dff: nextIndex: updateUnconditionally 6 -> 5
2019-08-20 14:46:40,322 WARN  server.GrpcLogAppender (LogUtils.java:warn(134)) - 47e13b85-5230-4867-bd83-5f11418c7130->2e05b60f-f50a-4f39-b31d-9e1fc67d357d: Failed appendEntries: org.apache.ratis.thirdparty.io.grpc.StatusRuntimeException: UNAVAILABLE: io exception
2019-08-20 14:46:40,322 INFO  impl.FollowerInfo (FollowerInfo.java:lambda$new$0(50)) - 47e13b85-5230-4867-bd83-5f11418c7130->2e05b60f-f50a-4f39-b31d-9e1fc67d357d: nextIndex: updateUnconditionally 6 -> 5
2019-08-20 14:46:40,325 WARN  server.GrpcLogAppender (LogUtils.java:warn(134)) - 47e13b85-5230-4867-bd83-5f11418c7130->2e05b60f-f50a-4f39-b31d-9e1fc67d357d: Failed appendEntries: org.apache.ratis.thirdparty.io.grpc.StatusRuntimeException: UNAVAILABLE: io exception
2019-08-20 14:46:40,325 INFO  impl.FollowerInfo (FollowerInfo.java:lambda$new$0(50)) - 47e13b85-5230-4867-bd83-5f11418c7130->2e05b60f-f50a-4f39-b31d-9e1fc67d357d: nextIndex: updateUnconditionally 6 -> 5
2019-08-20 14:46:40,329 WARN  server.GrpcLogAppender (LogUtils.java:warn(134)) - 47e13b85-5230-4867-bd83-5f11418c7130->2e05b60f-f50a-4f39-b31d-9e1fc67d357d: Failed appendEntries: org.apache.ratis.thirdparty.io.grpc.StatusRuntimeException: UNAVAILABLE: io exception
2019-08-20 14:46:40,329 INFO  impl.FollowerInfo (FollowerInfo.java:lambda$new$0(50)) - 47e13b85-5230-4867-bd83-5f11418c7130->2e05b60f-f50a-4f39-b31d-9e1fc67d357d: nextIndex: updateUnconditionally 6 -> 5
2019-08-20 14:46:40,347 INFO  interfaces.Container (KeyValueContainer.java:compactDB(356)) - Container 1 is closed with bcsId 4.
2019-08-20 14:46:40,350 INFO  container.IncrementalContainerReportHandler (AbstractContainerReportHandler.java:updateContainerState(176)) - Moving container #1 to CLOSED state, datanode 47e13b85-5230-4867-bd83-5f11418c7130{ip: 192.168.69.107, host: pr-hdds-1054-6hltv-2752131155, networkLocation: /default-rack, certSerialId: null} reported CLOSED replica.
2019-08-20 14:46:40,354 INFO  interfaces.Container (KeyValueContainer.java:compactDB(356)) - Container 1 is closed with bcsId 4.
2019-08-20 14:46:42,348 INFO  node.StaleNodeHandler (StaleNodeHandler.java:onMessage(58)) - Datanode 2e8c300d-75de-4f2a-ace2-5d64a786696d{ip: 192.168.69.107, host: pr-hdds-1054-6hltv-2752131155, networkLocation: /default-rack, certSerialId: null} moved to stale state. Finalizing its pipelines [PipelineID=d58b7862-171e-40a8-972c-b9ed92ca443f, PipelineID=2416f202-07a9-4218-991f-0708fa4555f9]
2019-08-20 14:46:42,348 INFO  pipeline.SCMPipelineManager (SCMPipelineManager.java:finalizeAndDestroyPipeline(309)) - destroying pipeline:Pipeline[ Id: d58b7862-171e-40a8-972c-b9ed92ca443f, Nodes: 2e8c300d-75de-4f2a-ace2-5d64a786696d{ip: 192.168.69.107, host: pr-hdds-1054-6hltv-2752131155, networkLocation: /default-rack, certSerialId: null}, Type:RATIS, Factor:ONE, State:OPEN]
2019-08-20 14:46:42,348 INFO  pipeline.PipelineStateManager (PipelineStateManager.java:finalizePipeline(123)) - Pipeline Pipeline[ Id: d58b7862-171e-40a8-972c-b9ed92ca443f, Nodes: 2e8c300d-75de-4f2a-ace2-5d64a786696d{ip: 192.168.69.107, host: pr-hdds-1054-6hltv-2752131155, networkLocation: /default-rack, certSerialId: null}, Type:RATIS, Factor:ONE, State:CLOSED] moved to CLOSED state
2019-08-20 14:46:42,348 INFO  pipeline.SCMPipelineManager (SCMPipelineManager.java:finalizeAndDestroyPipeline(309)) - destroying pipeline:Pipeline[ Id: 2416f202-07a9-4218-991f-0708fa4555f9, Nodes: 2e8c300d-75de-4f2a-ace2-5d64a786696d{ip: 192.168.69.107, host: pr-hdds-1054-6hltv-2752131155, networkLocation: /default-rack, certSerialId: null}2e05b60f-f50a-4f39-b31d-9e1fc67d357d{ip: 192.168.69.107, host: pr-hdds-1054-6hltv-2752131155, networkLocation: /default-rack, certSerialId: null}47e13b85-5230-4867-bd83-5f11418c7130{ip: 192.168.69.107, host: pr-hdds-1054-6hltv-2752131155, networkLocation: /default-rack, certSerialId: null}, Type:RATIS, Factor:THREE, State:CLOSED]
2019-08-20 14:46:42,605 WARN  server.GrpcLogAppender (LogUtils.java:warn(134)) - 29af68b4-d82a-4dc0-a69b-289012d55633->86c904ac-088f-4d27-b38c-6cec29f72dff: Failed appendEntries: org.apache.ratis.thirdparty.io.grpc.StatusRuntimeException: UNAVAILABLE: io exception
2019-08-20 14:46:42,605 INFO  impl.FollowerInfo (FollowerInfo.java:lambda$new$0(50)) - 29af68b4-d82a-4dc0-a69b-289012d55633->86c904ac-088f-4d27-b38c-6cec29f72dff: nextIndex: updateUnconditionally 5 -> 4
2019-08-20 14:46:42,648 INFO  node.StaleNodeHandler (StaleNodeHandler.java:onMessage(58)) - Datanode 29af68b4-d82a-4dc0-a69b-289012d55633{ip: 192.168.69.107, host: pr-hdds-1054-6hltv-2752131155, networkLocation: /default-rack, certSerialId: null} moved to stale state. Finalizing its pipelines [PipelineID=0e8ebacd-c80f-4741-9084-435c1bc2d61d, PipelineID=966d0dbf-6c71-46ea-bfc6-1a687ef5cfd9]
2019-08-20 14:46:42,648 INFO  pipeline.SCMPipelineManager (SCMPipelineManager.java:finalizeAndDestroyPipeline(309)) - destroying pipeline:Pipeline[ Id: 0e8ebacd-c80f-4741-9084-435c1bc2d61d, Nodes: 50668996-cd79-4de0-8e82-75564a0c0645{ip: 192.168.69.107, host: pr-hdds-1054-6hltv-2752131155, networkLocation: /default-rack, certSerialId: null}86c904ac-088f-4d27-b38c-6cec29f72dff{ip: 192.168.69.107, host: pr-hdds-1054-6hltv-2752131155, networkLocation: /default-rack, certSerialId: null}29af68b4-d82a-4dc0-a69b-289012d55633{ip: 192.168.69.107, host: pr-hdds-1054-6hltv-2752131155, networkLocation: /default-rack, certSerialId: null}, Type:RATIS, Factor:THREE, State:CLOSED]
2019-08-20 14:46:42,649 INFO  pipeline.SCMPipelineManager (SCMPipelineManager.java:finalizeAndDestroyPipeline(309)) - destroying pipeline:Pipeline[ Id: 966d0dbf-6c71-46ea-bfc6-1a687ef5cfd9, Nodes: 29af68b4-d82a-4dc0-a69b-289012d55633{ip: 192.168.69.107, host: pr-hdds-1054-6hltv-2752131155, networkLocation: /default-rack, certSerialId: null}, Type:RATIS, Factor:ONE, State:OPEN]
2019-08-20 14:46:42,649 INFO  pipeline.PipelineStateManager (PipelineStateManager.java:finalizePipeline(123)) - Pipeline Pipeline[ Id: 966d0dbf-6c71-46ea-bfc6-1a687ef5cfd9, Nodes: 29af68b4-d82a-4dc0-a69b-289012d55633{ip: 192.168.69.107, host: pr-hdds-1054-6hltv-2752131155, networkLocation: /default-rack, certSerialId: null}, Type:RATIS, Factor:ONE, State:CLOSED] moved to CLOSED state
2019-08-20 14:46:42,776 INFO  ozoneimpl.OzoneContainer (OzoneContainer.java:stop(199)) - Attempting to stop container services.
2019-08-20 14:46:42,776 INFO  impl.RaftServerProxy (RaftServerProxy.java:lambda$close$4(314)) - 2e8c300d-75de-4f2a-ace2-5d64a786696d: close
2019-08-20 14:46:42,777 INFO  impl.RaftServerImpl (RaftServerImpl.java:lambda$shutdown$3(245)) - 2e8c300d-75de-4f2a-ace2-5d64a786696d: shutdown group-B9ED92CA443F
2019-08-20 14:46:42,777 INFO  util.JmxRegister (JmxRegister.java:unregister(73)) - Successfully un-registered JMX Bean with object name Ratis:service=RaftServer,group=group-B9ED92CA443F,id=2e8c300d-75de-4f2a-ace2-5d64a786696d
2019-08-20 14:46:42,777 INFO  ozoneimpl.OzoneContainer (OzoneContainer.java:stop(199)) - Attempting to stop container services.
2019-08-20 14:46:42,777 INFO  impl.RoleInfo (RoleInfo.java:shutdownLeaderState(104)) - 2e8c300d-75de-4f2a-ace2-5d64a786696d: shutdown LeaderState
2019-08-20 14:46:42,778 INFO  impl.RaftServerProxy (RaftServerProxy.java:lambda$close$4(314)) - 29af68b4-d82a-4dc0-a69b-289012d55633: close
2019-08-20 14:46:42,778 INFO  impl.PendingRequests (PendingRequests.java:sendNotLeaderResponses(202)) - 2e8c300d-75de-4f2a-ace2-5d64a786696d-PendingRequests: sendNotLeaderResponses
2019-08-20 14:46:42,778 INFO  impl.RaftServerImpl (RaftServerImpl.java:lambda$shutdown$3(245)) - 29af68b4-d82a-4dc0-a69b-289012d55633: shutdown group-435C1BC2D61D
2019-08-20 14:46:42,778 INFO  impl.StateMachineUpdater (StateMachineUpdater.java:stopAndJoin(115)) - StateMachineUpdater:2e8c300d-75de-4f2a-ace2-5d64a786696d:group-B9ED92CA443F: set stopIndex = 0
2019-08-20 14:46:42,779 INFO  impl.RaftServerImpl (ServerState.java:close(394)) - 2e8c300d-75de-4f2a-ace2-5d64a786696d:group-B9ED92CA443F closes. The last applied log index is 0
2019-08-20 14:46:42,779 INFO  util.JmxRegister (JmxRegister.java:unregister(73)) - Successfully un-registered JMX Bean with object name Ratis:service=RaftServer,group=group-435C1BC2D61D,id=29af68b4-d82a-4dc0-a69b-289012d55633
2019-08-20 14:46:42,779 INFO  segmented.SegmentedRaftLogWorker (SegmentedRaftLogWorker.java:run(313)) - 2e8c300d-75de-4f2a-ace2-5d64a786696d-SegmentedRaftLogWorker:Storage Directory /workdir/hadoop-ozone/integration-test/target/test-dir/MiniOzoneClusterImpl-02e6917f-6864-460b-96f4-36c51ed72a02/datanode-2/data/ratis/d58b7862-171e-40a8-972c-b9ed92ca443f was interrupted, exiting. There are 0 tasks remaining in the queue.
2019-08-20 14:46:42,779 INFO  impl.RoleInfo (RoleInfo.java:shutdownLeaderState(104)) - 29af68b4-d82a-4dc0-a69b-289012d55633: shutdown LeaderState
2019-08-20 14:46:42,782 INFO  segmented.SegmentedRaftLogWorker (SegmentedRaftLogWorker.java:close(228)) - 2e8c300d-75de-4f2a-ace2-5d64a786696d-SegmentedRaftLogWorker:Storage Directory /workdir/hadoop-ozone/integration-test/target/test-dir/MiniOzoneClusterImpl-02e6917f-6864-460b-96f4-36c51ed72a02/datanode-2/data/ratis/d58b7862-171e-40a8-972c-b9ed92ca443f close()
2019-08-20 14:46:42,786 INFO  impl.PendingRequests (PendingRequests.java:sendNotLeaderResponses(202)) - 29af68b4-d82a-4dc0-a69b-289012d55633-PendingRequests: sendNotLeaderResponses
2019-08-20 14:46:42,788 WARN  server.GrpcLogAppender (GrpcLogAppender.java:mayWait(143)) - GrpcLogAppender(29af68b4-d82a-4dc0-a69b-289012d55633->50668996-cd79-4de0-8e82-75564a0c0645): Wait interrupted by java.lang.InterruptedException
2019-08-20 14:46:42,789 INFO  impl.RaftServerImpl (RaftServerImpl.java:lambda$shutdown$3(245)) - 2e8c300d-75de-4f2a-ace2-5d64a786696d: shutdown group-0708FA4555F9
2019-08-20 14:46:42,788 WARN  server.GrpcLogAppender (GrpcLogAppender.java:mayWait(143)) - GrpcLogAppender(29af68b4-d82a-4dc0-a69b-289012d55633->86c904ac-088f-4d27-b38c-6cec29f72dff): Wait interrupted by java.lang.InterruptedException
2019-08-20 14:46:42,795 INFO  ratis.ContainerStateMachine (ContainerStateMachine.java:takeSnapshot(271)) - group-435C1BC2D61D: Taking a snapshot at:(t:1, i:6) file /workdir/hadoop-ozone/integration-test/target/test-dir/MiniOzoneClusterImpl-02e6917f-6864-460b-96f4-36c51ed72a02/datanode-3/data/ratis/0e8ebacd-c80f-4741-9084-435c1bc2d61d/sm/snapshot.1_6
2019-08-20 14:46:42,795 INFO  util.JmxRegister (JmxRegister.java:unregister(73)) - Successfully un-registered JMX Bean with object name Ratis:service=RaftServer,group=group-0708FA4555F9,id=2e8c300d-75de-4f2a-ace2-5d64a786696d
2019-08-20 14:46:42,795 INFO  impl.RoleInfo (RoleInfo.java:shutdownFollowerState(121)) - 2e8c300d-75de-4f2a-ace2-5d64a786696d: shutdown FollowerState
2019-08-20 14:46:42,795 INFO  impl.StateMachineUpdater (StateMachineUpdater.java:stopAndJoin(115)) - StateMachineUpdater:29af68b4-d82a-4dc0-a69b-289012d55633:group-435C1BC2D61D: set stopIndex = 6
2019-08-20 14:46:42,795 INFO  impl.FollowerState (FollowerState.java:run(114)) - 2e8c300d-75de-4f2a-ace2-5d64a786696d: FollowerState was interrupted: java.lang.InterruptedException: sleep interrupted
2019-08-20 14:46:42,795 INFO  ratis.ContainerStateMachine (ContainerStateMachine.java:takeSnapshot(271)) - group-0708FA4555F9: Taking a snapshot at:(t:1, i:7) file /workdir/hadoop-ozone/integration-test/target/test-dir/MiniOzoneClusterImpl-02e6917f-6864-460b-96f4-36c51ed72a02/datanode-2/data/ratis/2416f202-07a9-4218-991f-0708fa4555f9/sm/snapshot.1_7
2019-08-20 14:46:42,795 INFO  impl.StateMachineUpdater (StateMachineUpdater.java:stopAndJoin(115)) - StateMachineUpdater:2e8c300d-75de-4f2a-ace2-5d64a786696d:group-0708FA4555F9: set stopIndex = 7
2019-08-20 14:46:42,795 INFO  server.GrpcServerProtocolService (GrpcServerProtocolService.java:onCompleted(104)) - 50668996-cd79-4de0-8e82-75564a0c0645: appendEntries completed
2019-08-20 14:46:42,797 INFO  server.GrpcLogAppender (GrpcLogAppender.java:onCompleted(292)) - 29af68b4-d82a-4dc0-a69b-289012d55633->50668996-cd79-4de0-8e82-75564a0c0645: follower responses appendEntries COMPLETED
2019-08-20 14:46:42,797 INFO  impl.FollowerInfo (FollowerInfo.java:lambda$new$0(50)) - 29af68b4-d82a-4dc0-a69b-289012d55633->50668996-cd79-4de0-8e82-75564a0c0645: nextIndex: updateUnconditionally 7 -> 6
2019-08-20 14:46:42,830 WARN  server.GrpcLogAppender (LogUtils.java:warn(134)) - 47e13b85-5230-4867-bd83-5f11418c7130->2e05b60f-f50a-4f39-b31d-9e1fc67d357d: Failed appendEntries: org.apache.ratis.thirdparty.io.grpc.StatusRuntimeException: UNAVAILABLE: io exception
2019-08-20 14:46:42,830 INFO  impl.FollowerInfo (FollowerInfo.java:lambda$new$0(50)) - 47e13b85-5230-4867-bd83-5f11418c7130->2e05b60f-f50a-4f39-b31d-9e1fc67d357d: nextIndex: updateUnconditionally 5 -> 4
2019-08-20 14:46:45,235 INFO  ratis.ContainerStateMachine (ContainerStateMachine.java:takeSnapshot(282)) - group-0708FA4555F9: Finished taking a snapshot at:(t:1, i:7) file:/workdir/hadoop-ozone/integration-test/target/test-dir/MiniOzoneClusterImpl-02e6917f-6864-460b-96f4-36c51ed72a02/datanode-2/data/ratis/2416f202-07a9-4218-991f-0708fa4555f9/sm/snapshot.1_7 time:2440
2019-08-20 14:46:45,235 INFO  ratis.ContainerStateMachine (ContainerStateMachine.java:takeSnapshot(282)) - group-435C1BC2D61D: Finished taking a snapshot at:(t:1, i:6) file:/workdir/hadoop-ozone/integration-test/target/test-dir/MiniOzoneClusterImpl-02e6917f-6864-460b-96f4-36c51ed72a02/datanode-3/data/ratis/0e8ebacd-c80f-4741-9084-435c1bc2d61d/sm/snapshot.1_6 time:2441
2019-08-20 14:46:45,235 INFO  impl.StateMachineUpdater (StateMachineUpdater.java:takeSnapshot(242)) - StateMachineUpdater:2e8c300d-75de-4f2a-ace2-5d64a786696d:group-0708FA4555F9: Took a snapshot at index 7
2019-08-20 14:46:45,235 INFO  impl.StateMachineUpdater (StateMachineUpdater.java:takeSnapshot(242)) - StateMachineUpdater:29af68b4-d82a-4dc0-a69b-289012d55633:group-435C1BC2D61D: Took a snapshot at index 6
2019-08-20 14:46:45,235 INFO  impl.StateMachineUpdater (StateMachineUpdater.java:lambda$new$0(80)) - StateMachineUpdater:2e8c300d-75de-4f2a-ace2-5d64a786696d:group-0708FA4555F9: snapshotIndex: updateIncreasingly -1 -> 7
2019-08-20 14:46:45,236 INFO  impl.StateMachineUpdater (StateMachineUpdater.java:lambda$new$0(80)) - StateMachineUpdater:29af68b4-d82a-4dc0-a69b-289012d55633:group-435C1BC2D61D: snapshotIndex: updateIncreasingly -1 -> 6
2019-08-20 14:46:45,236 INFO  impl.RaftServerImpl (ServerState.java:close(394)) - 29af68b4-d82a-4dc0-a69b-289012d55633:group-435C1BC2D61D closes. The last applied log index is 6
2019-08-20 14:46:45,236 INFO  impl.RaftServerImpl (ServerState.java:close(394)) - 2e8c300d-75de-4f2a-ace2-5d64a786696d:group-0708FA4555F9 closes. The last applied log index is 7
2019-08-20 14:46:45,237 INFO  segmented.SegmentedRaftLogWorker (SegmentedRaftLogWorker.java:run(313)) - 29af68b4-d82a-4dc0-a69b-289012d55633-SegmentedRaftLogWorker:Storage Directory /workdir/hadoop-ozone/integration-test/target/test-dir/MiniOzoneClusterImpl-02e6917f-6864-460b-96f4-36c51ed72a02/datanode-3/data/ratis/0e8ebacd-c80f-4741-9084-435c1bc2d61d was interrupted, exiting. There are 0 tasks remaining in the queue.
2019-08-20 14:46:45,237 INFO  segmented.SegmentedRaftLogWorker (SegmentedRaftLogWorker.java:run(313)) - 2e8c300d-75de-4f2a-ace2-5d64a786696d-SegmentedRaftLogWorker:Storage Directory /workdir/hadoop-ozone/integration-test/target/test-dir/MiniOzoneClusterImpl-02e6917f-6864-460b-96f4-36c51ed72a02/datanode-2/data/ratis/2416f202-07a9-4218-991f-0708fa4555f9 was interrupted, exiting. There are 0 tasks remaining in the queue.
2019-08-20 14:46:45,249 INFO  segmented.SegmentedRaftLogWorker (SegmentedRaftLogWorker.java:close(228)) - 29af68b4-d82a-4dc0-a69b-289012d55633-SegmentedRaftLogWorker:Storage Directory /workdir/hadoop-ozone/integration-test/target/test-dir/MiniOzoneClusterImpl-02e6917f-6864-460b-96f4-36c51ed72a02/datanode-3/data/ratis/0e8ebacd-c80f-4741-9084-435c1bc2d61d close()
2019-08-20 14:46:45,249 INFO  segmented.SegmentedRaftLogWorker (SegmentedRaftLogWorker.java:close(228)) - 2e8c300d-75de-4f2a-ace2-5d64a786696d-SegmentedRaftLogWorker:Storage Directory /workdir/hadoop-ozone/integration-test/target/test-dir/MiniOzoneClusterImpl-02e6917f-6864-460b-96f4-36c51ed72a02/datanode-2/data/ratis/2416f202-07a9-4218-991f-0708fa4555f9 close()
2019-08-20 14:46:45,253 INFO  impl.RaftServerImpl (RaftServerImpl.java:lambda$shutdown$3(245)) - 29af68b4-d82a-4dc0-a69b-289012d55633: shutdown group-1A687EF5CFD9
2019-08-20 14:46:45,257 INFO  server.GrpcService (GrpcService.java:closeImpl(155)) - 2e8c300d-75de-4f2a-ace2-5d64a786696d: shutdown server with port 45214 now
2019-08-20 14:46:45,257 INFO  util.JmxRegister (JmxRegister.java:unregister(73)) - Successfully un-registered JMX Bean with object name Ratis:service=RaftServer,group=group-1A687EF5CFD9,id=29af68b4-d82a-4dc0-a69b-289012d55633
2019-08-20 14:46:45,258 INFO  impl.RoleInfo (RoleInfo.java:shutdownLeaderState(104)) - 29af68b4-d82a-4dc0-a69b-289012d55633: shutdown LeaderState
2019-08-20 14:46:45,258 WARN  server.GrpcLogAppender (LogUtils.java:warn(134)) - 47e13b85-5230-4867-bd83-5f11418c7130->2e8c300d-75de-4f2a-ace2-5d64a786696d: Failed appendEntries: org.apache.ratis.thirdparty.io.grpc.StatusRuntimeException: CANCELLED: HTTP/2 error code: CANCEL
Received Rst Stream
2019-08-20 14:46:45,258 INFO  server.GrpcService (GrpcService.java:closeImpl(163)) - 2e8c300d-75de-4f2a-ace2-5d64a786696d: shutdown server with port 45214 successfully
2019-08-20 14:46:45,258 WARN  server.GrpcServerProtocolService (LogUtils.java:warn(134)) - 2e8c300d-75de-4f2a-ace2-5d64a786696d: appendEntries onError: org.apache.ratis.thirdparty.io.grpc.StatusRuntimeException: CANCELLED: cancelled before receiving half close
2019-08-20 14:46:45,259 INFO  impl.FollowerInfo (FollowerInfo.java:lambda$new$0(50)) - 47e13b85-5230-4867-bd83-5f11418c7130->2e8c300d-75de-4f2a-ace2-5d64a786696d: nextIndex: updateUnconditionally 9 -> 8
2019-08-20 14:46:45,259 INFO  impl.PendingRequests (PendingRequests.java:sendNotLeaderResponses(202)) - 29af68b4-d82a-4dc0-a69b-289012d55633-PendingRequests: sendNotLeaderResponses
2019-08-20 14:46:45,260 INFO  impl.StateMachineUpdater (StateMachineUpdater.java:stopAndJoin(115)) - StateMachineUpdater:29af68b4-d82a-4dc0-a69b-289012d55633:group-1A687EF5CFD9: set stopIndex = 0
2019-08-20 14:46:45,260 INFO  impl.RaftServerImpl (ServerState.java:close(394)) - 29af68b4-d82a-4dc0-a69b-289012d55633:group-1A687EF5CFD9 closes. The last applied log index is 0
2019-08-20 14:46:45,261 INFO  segmented.SegmentedRaftLogWorker (SegmentedRaftLogWorker.java:run(313)) - 29af68b4-d82a-4dc0-a69b-289012d55633-SegmentedRaftLogWorker:Storage Directory /workdir/hadoop-ozone/integration-test/target/test-dir/MiniOzoneClusterImpl-02e6917f-6864-460b-96f4-36c51ed72a02/datanode-3/data/ratis/966d0dbf-6c71-46ea-bfc6-1a687ef5cfd9 was interrupted, exiting. There are 0 tasks remaining in the queue.
2019-08-20 14:46:45,263 INFO  segmented.SegmentedRaftLogWorker (SegmentedRaftLogWorker.java:close(228)) - 29af68b4-d82a-4dc0-a69b-289012d55633-SegmentedRaftLogWorker:Storage Directory /workdir/hadoop-ozone/integration-test/target/test-dir/MiniOzoneClusterImpl-02e6917f-6864-460b-96f4-36c51ed72a02/datanode-3/data/ratis/966d0dbf-6c71-46ea-bfc6-1a687ef5cfd9 close()
2019-08-20 14:46:45,267 INFO  utils.BackgroundService (BackgroundService.java:shutdown(148)) - Shutting down service BlockDeletingService
2019-08-20 14:46:45,267 INFO  server.GrpcService (GrpcService.java:closeImpl(155)) - 29af68b4-d82a-4dc0-a69b-289012d55633: shutdown server with port 44574 now
2019-08-20 14:46:45,269 INFO  server.GrpcService (GrpcService.java:closeImpl(163)) - 29af68b4-d82a-4dc0-a69b-289012d55633: shutdown server with port 44574 successfully
2019-08-20 14:46:45,269 WARN  fs.CachingGetSpaceUsed (CachingGetSpaceUsed.java:run(183)) - Thread Interrupted waiting to refresh disk information: sleep interrupted
2019-08-20 14:46:45,270 INFO  utils.BackgroundService (BackgroundService.java:shutdown(148)) - Shutting down service BlockDeletingService
2019-08-20 14:46:45,271 WARN  fs.CachingGetSpaceUsed (CachingGetSpaceUsed.java:run(183)) - Thread Interrupted waiting to refresh disk information: sleep interrupted
2019-08-20 14:46:45,288 INFO  statemachine.DatanodeStateMachine (DatanodeStateMachine.java:stopDaemon(395)) - Ozone container server stopped.
2019-08-20 14:46:45,288 INFO  handler.ContextHandler (ContextHandler.java:doStop(910)) - Stopped o.e.j.w.WebAppContext@69f35d31{/,null,UNAVAILABLE}{/hddsDatanode}
2019-08-20 14:46:45,289 INFO  server.AbstractConnector (AbstractConnector.java:doStop(318)) - Stopped ServerConnector@68c1d547{HTTP/1.1,[http/1.1]}{0.0.0.0:0}
2019-08-20 14:46:45,290 INFO  handler.ContextHandler (ContextHandler.java:doStop(910)) - Stopped o.e.j.s.ServletContextHandler@72933ccb{/static,jar:file:/home/user/.m2/repository/org/apache/hadoop/hadoop-hdds-container-service/0.5.0-SNAPSHOT/hadoop-hdds-container-service-0.5.0-SNAPSHOT.jar!/webapps/static,UNAVAILABLE}
2019-08-20 14:46:45,290 INFO  handler.ContextHandler (ContextHandler.java:doStop(910)) - Stopped o.e.j.s.ServletContextHandler@22fb3dde{/logs,file:///workdir/hadoop-ozone/integration-test/target/log,UNAVAILABLE}
2019-08-20 14:46:45,291 INFO  datanode.ObjectStoreHandler (ObjectStoreHandler.java:close(155)) - Closing ObjectStoreHandler.
2019-08-20 14:46:45,291 INFO  ozone.HddsDatanodeService (HddsDatanodeService.java:stop(451)) - Stopped plug-in org.apache.hadoop.ozone.web.OzoneHddsDatanodeService@78e3bebd
2019-08-20 14:46:45,302 INFO  statemachine.DatanodeStateMachine (DatanodeStateMachine.java:stopDaemon(395)) - Ozone container server stopped.
2019-08-20 14:46:45,306 INFO  handler.ContextHandler (ContextHandler.java:doStop(910)) - Stopped o.e.j.w.WebAppContext@165a78d4{/,null,UNAVAILABLE}{/hddsDatanode}
2019-08-20 14:46:45,307 INFO  server.AbstractConnector (AbstractConnector.java:doStop(318)) - Stopped ServerConnector@139862ca{HTTP/1.1,[http/1.1]}{0.0.0.0:0}
2019-08-20 14:46:45,307 INFO  handler.ContextHandler (ContextHandler.java:doStop(910)) - Stopped o.e.j.s.ServletContextHandler@348b26e0{/static,jar:file:/home/user/.m2/repository/org/apache/hadoop/hadoop-hdds-container-service/0.5.0-SNAPSHOT/hadoop-hdds-container-service-0.5.0-SNAPSHOT.jar!/webapps/static,UNAVAILABLE}
2019-08-20 14:46:45,307 INFO  handler.ContextHandler (ContextHandler.java:doStop(910)) - Stopped o.e.j.s.ServletContextHandler@3fc2197d{/logs,file:///workdir/hadoop-ozone/integration-test/target/log,UNAVAILABLE}
2019-08-20 14:46:45,308 INFO  datanode.ObjectStoreHandler (ObjectStoreHandler.java:close(155)) - Closing ObjectStoreHandler.
2019-08-20 14:46:45,308 INFO  ozone.HddsDatanodeService (HddsDatanodeService.java:stop(451)) - Stopped plug-in org.apache.hadoop.ozone.web.OzoneHddsDatanodeService@37ddb835
2019-08-20 14:46:45,330 WARN  server.GrpcLogAppender (LogUtils.java:warn(134)) - 47e13b85-5230-4867-bd83-5f11418c7130->2e8c300d-75de-4f2a-ace2-5d64a786696d: Failed appendEntries: org.apache.ratis.thirdparty.io.grpc.StatusRuntimeException: UNAVAILABLE: io exception
2019-08-20 14:46:45,330 WARN  server.GrpcLogAppender (LogUtils.java:warn(134)) - 47e13b85-5230-4867-bd83-5f11418c7130->2e05b60f-f50a-4f39-b31d-9e1fc67d357d: Failed appendEntries: org.apache.ratis.thirdparty.io.grpc.StatusRuntimeException: UNAVAILABLE: io exception
2019-08-20 14:46:45,330 INFO  impl.FollowerInfo (FollowerInfo.java:lambda$new$0(50)) - 47e13b85-5230-4867-bd83-5f11418c7130->2e8c300d-75de-4f2a-ace2-5d64a786696d: nextIndex: updateUnconditionally 8 -> 7
2019-08-20 14:46:45,331 INFO  impl.FollowerInfo (FollowerInfo.java:lambda$new$0(50)) - 47e13b85-5230-4867-bd83-5f11418c7130->2e05b60f-f50a-4f39-b31d-9e1fc67d357d: nextIndex: updateUnconditionally 4 -> 3
2019-08-20 14:46:45,350 INFO  statemachine.DatanodeStateMachine (DatanodeStateMachine.java:lambda$startDaemon$0(350)) - Ozone container server started.
2019-08-20 14:46:46,024 INFO  statemachine.DatanodeStateMachine (DatanodeStateMachine.java:lambda$startDaemon$0(350)) - Ozone container server started.
2019-08-20 14:46:47,831 WARN  server.GrpcLogAppender (LogUtils.java:warn(134)) - 47e13b85-5230-4867-bd83-5f11418c7130->2e05b60f-f50a-4f39-b31d-9e1fc67d357d: Failed appendEntries: org.apache.ratis.thirdparty.io.grpc.StatusRuntimeException: UNAVAILABLE: io exception
2019-08-20 14:46:47,831 WARN  server.GrpcLogAppender (LogUtils.java:warn(134)) - 47e13b85-5230-4867-bd83-5f11418c7130->2e8c300d-75de-4f2a-ace2-5d64a786696d: Failed appendEntries: org.apache.ratis.thirdparty.io.grpc.StatusRuntimeException: UNAVAILABLE: io exception
2019-08-20 14:46:47,831 INFO  impl.FollowerInfo (FollowerInfo.java:lambda$new$0(50)) - 47e13b85-5230-4867-bd83-5f11418c7130->2e05b60f-f50a-4f39-b31d-9e1fc67d357d: nextIndex: updateUnconditionally 3 -> 2
2019-08-20 14:46:47,831 INFO  impl.FollowerInfo (FollowerInfo.java:lambda$new$0(50)) - 47e13b85-5230-4867-bd83-5f11418c7130->2e8c300d-75de-4f2a-ace2-5d64a786696d: nextIndex: updateUnconditionally 7 -> 6
2019-08-20 14:46:49,357 INFO  node.StaleNodeHandler (StaleNodeHandler.java:onMessage(58)) - Datanode 47e13b85-5230-4867-bd83-5f11418c7130{ip: 192.168.69.107, host: pr-hdds-1054-6hltv-2752131155, networkLocation: /default-rack, certSerialId: null} moved to stale state. Finalizing its pipelines [PipelineID=b27b4789-bb44-43c3-82d7-9349b9308077, PipelineID=2416f202-07a9-4218-991f-0708fa4555f9]
2019-08-20 14:46:49,357 INFO  pipeline.SCMPipelineManager (SCMPipelineManager.java:finalizeAndDestroyPipeline(309)) - destroying pipeline:Pipeline[ Id: b27b4789-bb44-43c3-82d7-9349b9308077, Nodes: 47e13b85-5230-4867-bd83-5f11418c7130{ip: 192.168.69.107, host: pr-hdds-1054-6hltv-2752131155, networkLocation: /default-rack, certSerialId: null}, Type:RATIS, Factor:ONE, State:OPEN]
2019-08-20 14:46:49,357 INFO  pipeline.PipelineStateManager (PipelineStateManager.java:finalizePipeline(123)) - Pipeline Pipeline[ Id: b27b4789-bb44-43c3-82d7-9349b9308077, Nodes: 47e13b85-5230-4867-bd83-5f11418c7130{ip: 192.168.69.107, host: pr-hdds-1054-6hltv-2752131155, networkLocation: /default-rack, certSerialId: null}, Type:RATIS, Factor:ONE, State:CLOSED] moved to CLOSED state
2019-08-20 14:46:49,358 INFO  pipeline.SCMPipelineManager (SCMPipelineManager.java:finalizeAndDestroyPipeline(309)) - destroying pipeline:Pipeline[ Id: 2416f202-07a9-4218-991f-0708fa4555f9, Nodes: 2e8c300d-75de-4f2a-ace2-5d64a786696d{ip: 192.168.69.107, host: pr-hdds-1054-6hltv-2752131155, networkLocation: /default-rack, certSerialId: null}2e05b60f-f50a-4f39-b31d-9e1fc67d357d{ip: 192.168.69.107, host: pr-hdds-1054-6hltv-2752131155, networkLocation: /default-rack, certSerialId: null}47e13b85-5230-4867-bd83-5f11418c7130{ip: 192.168.69.107, host: pr-hdds-1054-6hltv-2752131155, networkLocation: /default-rack, certSerialId: null}, Type:RATIS, Factor:THREE, State:CLOSED]
2019-08-20 14:46:50,058 INFO  node.StaleNodeHandler (StaleNodeHandler.java:onMessage(58)) - Datanode 5e83d962-d2cc-4e7b-a3f8-0ca678d1e1c0{ip: 192.168.69.107, host: pr-hdds-1054-6hltv-2752131155, networkLocation: /default-rack, certSerialId: null} moved to stale state. Finalizing its pipelines [PipelineID=10f89966-664b-4e76-ae9a-1d3a629e03d1]
2019-08-20 14:46:50,058 INFO  pipeline.SCMPipelineManager (SCMPipelineManager.java:finalizeAndDestroyPipeline(309)) - destroying pipeline:Pipeline[ Id: 10f89966-664b-4e76-ae9a-1d3a629e03d1, Nodes: 5e83d962-d2cc-4e7b-a3f8-0ca678d1e1c0{ip: 192.168.69.107, host: pr-hdds-1054-6hltv-2752131155, networkLocation: /default-rack, certSerialId: null}, Type:RATIS, Factor:ONE, State:OPEN]
2019-08-20 14:46:50,058 INFO  pipeline.PipelineStateManager (PipelineStateManager.java:finalizePipeline(123)) - Pipeline Pipeline[ Id: 10f89966-664b-4e76-ae9a-1d3a629e03d1, Nodes: 5e83d962-d2cc-4e7b-a3f8-0ca678d1e1c0{ip: 192.168.69.107, host: pr-hdds-1054-6hltv-2752131155, networkLocation: /default-rack, certSerialId: null}, Type:RATIS, Factor:ONE, State:CLOSED] moved to CLOSED state
2019-08-20 14:46:50,292 INFO  ozoneimpl.OzoneContainer (OzoneContainer.java:stop(199)) - Attempting to stop container services.
2019-08-20 14:46:50,292 INFO  impl.RaftServerProxy (RaftServerProxy.java:lambda$close$4(314)) - 5e83d962-d2cc-4e7b-a3f8-0ca678d1e1c0: close
2019-08-20 14:46:50,293 INFO  impl.RaftServerImpl (RaftServerImpl.java:lambda$shutdown$3(245)) - 5e83d962-d2cc-4e7b-a3f8-0ca678d1e1c0: shutdown group-1D3A629E03D1
2019-08-20 14:46:50,293 INFO  util.JmxRegister (JmxRegister.java:unregister(73)) - Successfully un-registered JMX Bean with object name Ratis:service=RaftServer,group=group-1D3A629E03D1,id=5e83d962-d2cc-4e7b-a3f8-0ca678d1e1c0
2019-08-20 14:46:50,293 INFO  impl.RoleInfo (RoleInfo.java:shutdownLeaderState(104)) - 5e83d962-d2cc-4e7b-a3f8-0ca678d1e1c0: shutdown LeaderState
2019-08-20 14:46:50,294 INFO  impl.PendingRequests (PendingRequests.java:sendNotLeaderResponses(202)) - 5e83d962-d2cc-4e7b-a3f8-0ca678d1e1c0-PendingRequests: sendNotLeaderResponses
2019-08-20 14:46:50,294 INFO  impl.StateMachineUpdater (StateMachineUpdater.java:stopAndJoin(115)) - StateMachineUpdater:5e83d962-d2cc-4e7b-a3f8-0ca678d1e1c0:group-1D3A629E03D1: set stopIndex = 0
2019-08-20 14:46:50,294 INFO  impl.RaftServerImpl (ServerState.java:close(394)) - 5e83d962-d2cc-4e7b-a3f8-0ca678d1e1c0:group-1D3A629E03D1 closes. The last applied log index is 0
2019-08-20 14:46:50,295 INFO  segmented.SegmentedRaftLogWorker (SegmentedRaftLogWorker.java:run(313)) - 5e83d962-d2cc-4e7b-a3f8-0ca678d1e1c0-SegmentedRaftLogWorker:Storage Directory /workdir/hadoop-ozone/integration-test/target/test-dir/MiniOzoneClusterImpl-02e6917f-6864-460b-96f4-36c51ed72a02/datanode-6/data/ratis/10f89966-664b-4e76-ae9a-1d3a629e03d1 was interrupted, exiting. There are 0 tasks remaining in the queue.
2019-08-20 14:46:50,297 INFO  segmented.SegmentedRaftLogWorker (SegmentedRaftLogWorker.java:close(228)) - 5e83d962-d2cc-4e7b-a3f8-0ca678d1e1c0-SegmentedRaftLogWorker:Storage Directory /workdir/hadoop-ozone/integration-test/target/test-dir/MiniOzoneClusterImpl-02e6917f-6864-460b-96f4-36c51ed72a02/datanode-6/data/ratis/10f89966-664b-4e76-ae9a-1d3a629e03d1 close()
2019-08-20 14:46:50,301 INFO  server.GrpcService (GrpcService.java:closeImpl(155)) - 5e83d962-d2cc-4e7b-a3f8-0ca678d1e1c0: shutdown server with port 38099 now
2019-08-20 14:46:50,303 INFO  server.GrpcService (GrpcService.java:closeImpl(163)) - 5e83d962-d2cc-4e7b-a3f8-0ca678d1e1c0: shutdown server with port 38099 successfully
2019-08-20 14:46:50,304 INFO  utils.BackgroundService (BackgroundService.java:shutdown(148)) - Shutting down service BlockDeletingService
2019-08-20 14:46:50,306 WARN  fs.CachingGetSpaceUsed (CachingGetSpaceUsed.java:run(183)) - Thread Interrupted waiting to refresh disk information: sleep interrupted
2019-08-20 14:46:50,309 INFO  ozoneimpl.OzoneContainer (OzoneContainer.java:stop(199)) - Attempting to stop container services.
2019-08-20 14:46:50,309 INFO  impl.RaftServerProxy (RaftServerProxy.java:lambda$close$4(314)) - 47e13b85-5230-4867-bd83-5f11418c7130: close
2019-08-20 14:46:50,309 INFO  impl.RaftServerImpl (RaftServerImpl.java:lambda$shutdown$3(245)) - 47e13b85-5230-4867-bd83-5f11418c7130: shutdown group-9349B9308077
2019-08-20 14:46:50,309 INFO  util.JmxRegister (JmxRegister.java:unregister(73)) - Successfully un-registered JMX Bean with object name Ratis:service=RaftServer,group=group-9349B9308077,id=47e13b85-5230-4867-bd83-5f11418c7130
2019-08-20 14:46:50,309 INFO  impl.RoleInfo (RoleInfo.java:shutdownLeaderState(104)) - 47e13b85-5230-4867-bd83-5f11418c7130: shutdown LeaderState
2019-08-20 14:46:50,310 INFO  impl.PendingRequests (PendingRequests.java:sendNotLeaderResponses(202)) - 47e13b85-5230-4867-bd83-5f11418c7130-PendingRequests: sendNotLeaderResponses
2019-08-20 14:46:50,310 INFO  impl.StateMachineUpdater (StateMachineUpdater.java:stopAndJoin(115)) - StateMachineUpdater:47e13b85-5230-4867-bd83-5f11418c7130:group-9349B9308077: set stopIndex = 0
2019-08-20 14:46:50,310 INFO  impl.RaftServerImpl (ServerState.java:close(394)) - 47e13b85-5230-4867-bd83-5f11418c7130:group-9349B9308077 closes. The last applied log index is 0
2019-08-20 14:46:50,310 INFO  segmented.SegmentedRaftLogWorker (SegmentedRaftLogWorker.java:run(313)) - 47e13b85-5230-4867-bd83-5f11418c7130-SegmentedRaftLogWorker:Storage Directory /workdir/hadoop-ozone/integration-test/target/test-dir/MiniOzoneClusterImpl-02e6917f-6864-460b-96f4-36c51ed72a02/datanode-0/data/ratis/b27b4789-bb44-43c3-82d7-9349b9308077 was interrupted, exiting. There are 0 tasks remaining in the queue.
2019-08-20 14:46:50,312 INFO  segmented.SegmentedRaftLogWorker (SegmentedRaftLogWorker.java:close(228)) - 47e13b85-5230-4867-bd83-5f11418c7130-SegmentedRaftLogWorker:Storage Directory /workdir/hadoop-ozone/integration-test/target/test-dir/MiniOzoneClusterImpl-02e6917f-6864-460b-96f4-36c51ed72a02/datanode-0/data/ratis/b27b4789-bb44-43c3-82d7-9349b9308077 close()
2019-08-20 14:46:50,319 INFO  impl.RaftServerImpl (RaftServerImpl.java:lambda$shutdown$3(245)) - 47e13b85-5230-4867-bd83-5f11418c7130: shutdown group-0708FA4555F9
2019-08-20 14:46:50,319 INFO  util.JmxRegister (JmxRegister.java:unregister(73)) - Successfully un-registered JMX Bean with object name Ratis:service=RaftServer,group=group-0708FA4555F9,id=47e13b85-5230-4867-bd83-5f11418c7130
2019-08-20 14:46:50,319 INFO  impl.RoleInfo (RoleInfo.java:shutdownLeaderState(104)) - 47e13b85-5230-4867-bd83-5f11418c7130: shutdown LeaderState
2019-08-20 14:46:50,321 INFO  impl.PendingRequests (PendingRequests.java:sendNotLeaderResponses(202)) - 47e13b85-5230-4867-bd83-5f11418c7130-PendingRequests: sendNotLeaderResponses
2019-08-20 14:46:50,322 WARN  server.GrpcLogAppender (GrpcLogAppender.java:mayWait(143)) - GrpcLogAppender(47e13b85-5230-4867-bd83-5f11418c7130->2e05b60f-f50a-4f39-b31d-9e1fc67d357d): Wait interrupted by java.lang.InterruptedException
2019-08-20 14:46:50,324 INFO  impl.StateMachineUpdater (StateMachineUpdater.java:stopAndJoin(115)) - StateMachineUpdater:47e13b85-5230-4867-bd83-5f11418c7130:group-0708FA4555F9: set stopIndex = 8
2019-08-20 14:46:50,321 WARN  server.GrpcLogAppender (GrpcLogAppender.java:mayWait(143)) - GrpcLogAppender(47e13b85-5230-4867-bd83-5f11418c7130->2e8c300d-75de-4f2a-ace2-5d64a786696d): Wait interrupted by java.lang.InterruptedException
2019-08-20 14:46:50,324 INFO  ratis.ContainerStateMachine (ContainerStateMachine.java:takeSnapshot(271)) - group-0708FA4555F9: Taking a snapshot at:(t:1, i:8) file /workdir/hadoop-ozone/integration-test/target/test-dir/MiniOzoneClusterImpl-02e6917f-6864-460b-96f4-36c51ed72a02/datanode-0/data/ratis/2416f202-07a9-4218-991f-0708fa4555f9/sm/snapshot.1_8
2019-08-20 14:46:50,338 INFO  statemachine.DatanodeStateMachine (DatanodeStateMachine.java:stopDaemon(395)) - Ozone container server stopped.
2019-08-20 14:46:50,339 INFO  handler.ContextHandler (ContextHandler.java:doStop(910)) - Stopped o.e.j.w.WebAppContext@a683f92{/,null,UNAVAILABLE}{/hddsDatanode}
2019-08-20 14:46:50,340 INFO  server.AbstractConnector (AbstractConnector.java:doStop(318)) - Stopped ServerConnector@6fb9dab6{HTTP/1.1,[http/1.1]}{0.0.0.0:0}
2019-08-20 14:46:50,340 INFO  handler.ContextHandler (ContextHandler.java:doStop(910)) - Stopped o.e.j.s.ServletContextHandler@5ddd3fbd{/static,jar:file:/home/user/.m2/repository/org/apache/hadoop/hadoop-hdds-container-service/0.5.0-SNAPSHOT/hadoop-hdds-container-service-0.5.0-SNAPSHOT.jar!/webapps/static,UNAVAILABLE}
2019-08-20 14:46:50,341 INFO  handler.ContextHandler (ContextHandler.java:doStop(910)) - Stopped o.e.j.s.ServletContextHandler@66ee4640{/logs,file:///workdir/hadoop-ozone/integration-test/target/log,UNAVAILABLE}
2019-08-20 14:46:50,341 INFO  datanode.ObjectStoreHandler (ObjectStoreHandler.java:close(155)) - Closing ObjectStoreHandler.
2019-08-20 14:46:50,342 INFO  ozone.HddsDatanodeService (HddsDatanodeService.java:stop(451)) - Stopped plug-in org.apache.hadoop.ozone.web.OzoneHddsDatanodeService@2fd79ac6
2019-08-20 14:46:50,359 INFO  ratis.ContainerStateMachine (ContainerStateMachine.java:takeSnapshot(282)) - group-0708FA4555F9: Finished taking a snapshot at:(t:1, i:8) file:/workdir/hadoop-ozone/integration-test/target/test-dir/MiniOzoneClusterImpl-02e6917f-6864-460b-96f4-36c51ed72a02/datanode-0/data/ratis/2416f202-07a9-4218-991f-0708fa4555f9/sm/snapshot.1_8 time:34
2019-08-20 14:46:50,359 INFO  impl.StateMachineUpdater (StateMachineUpdater.java:takeSnapshot(242)) - StateMachineUpdater:47e13b85-5230-4867-bd83-5f11418c7130:group-0708FA4555F9: Took a snapshot at index 8
2019-08-20 14:46:50,359 INFO  impl.StateMachineUpdater (StateMachineUpdater.java:lambda$new$0(80)) - StateMachineUpdater:47e13b85-5230-4867-bd83-5f11418c7130:group-0708FA4555F9: snapshotIndex: updateIncreasingly -1 -> 8
2019-08-20 14:46:50,359 INFO  impl.RaftServerImpl (ServerState.java:close(394)) - 47e13b85-5230-4867-bd83-5f11418c7130:group-0708FA4555F9 closes. The last applied log index is 8
2019-08-20 14:46:50,360 INFO  segmented.SegmentedRaftLogWorker (SegmentedRaftLogWorker.java:run(313)) - 47e13b85-5230-4867-bd83-5f11418c7130-SegmentedRaftLogWorker:Storage Directory /workdir/hadoop-ozone/integration-test/target/test-dir/MiniOzoneClusterImpl-02e6917f-6864-460b-96f4-36c51ed72a02/datanode-0/data/ratis/2416f202-07a9-4218-991f-0708fa4555f9 was interrupted, exiting. There are 0 tasks remaining in the queue.
2019-08-20 14:46:50,360 INFO  segmented.SegmentedRaftLogWorker (SegmentedRaftLogWorker.java:close(228)) - 47e13b85-5230-4867-bd83-5f11418c7130-SegmentedRaftLogWorker:Storage Directory /workdir/hadoop-ozone/integration-test/target/test-dir/MiniOzoneClusterImpl-02e6917f-6864-460b-96f4-36c51ed72a02/datanode-0/data/ratis/2416f202-07a9-4218-991f-0708fa4555f9 close()
2019-08-20 14:46:50,361 INFO  server.GrpcService (GrpcService.java:closeImpl(155)) - 47e13b85-5230-4867-bd83-5f11418c7130: shutdown server with port 38233 now
2019-08-20 14:46:50,362 WARN  client.GrpcClientProtocolService (LogUtils.java:warn(134)) - 3-UnorderedRequestStreamObserver3: onError: org.apache.ratis.thirdparty.io.grpc.StatusRuntimeException: CANCELLED: cancelled before receiving half close
2019-08-20 14:46:50,362 INFO  server.GrpcService (GrpcService.java:closeImpl(163)) - 47e13b85-5230-4867-bd83-5f11418c7130: shutdown server with port 38233 successfully
2019-08-20 14:46:50,363 INFO  utils.BackgroundService (BackgroundService.java:shutdown(148)) - Shutting down service BlockDeletingService
2019-08-20 14:46:50,366 WARN  fs.CachingGetSpaceUsed (CachingGetSpaceUsed.java:run(183)) - Thread Interrupted waiting to refresh disk information: sleep interrupted
2019-08-20 14:46:50,387 INFO  statemachine.DatanodeStateMachine (DatanodeStateMachine.java:stopDaemon(395)) - Ozone container server stopped.
2019-08-20 14:46:50,390 INFO  handler.ContextHandler (ContextHandler.java:doStop(910)) - Stopped o.e.j.w.WebAppContext@7db53694{/,null,UNAVAILABLE}{/hddsDatanode}
2019-08-20 14:46:50,390 INFO  server.AbstractConnector (AbstractConnector.java:doStop(318)) - Stopped ServerConnector@dc72335{HTTP/1.1,[http/1.1]}{0.0.0.0:0}
2019-08-20 14:46:50,390 INFO  handler.ContextHandler (ContextHandler.java:doStop(910)) - Stopped o.e.j.s.ServletContextHandler@73c21b13{/static,jar:file:/home/user/.m2/repository/org/apache/hadoop/hadoop-hdds-container-service/0.5.0-SNAPSHOT/hadoop-hdds-container-service-0.5.0-SNAPSHOT.jar!/webapps/static,UNAVAILABLE}
2019-08-20 14:46:50,391 INFO  handler.ContextHandler (ContextHandler.java:doStop(910)) - Stopped o.e.j.s.ServletContextHandler@5536542e{/logs,file:///workdir/hadoop-ozone/integration-test/target/log,UNAVAILABLE}
2019-08-20 14:46:50,588 INFO  statemachine.DatanodeStateMachine (DatanodeStateMachine.java:lambda$startDaemon$0(350)) - Ozone container server started.
2019-08-20 14:46:50,656 INFO  impl.FollowerState (FollowerState.java:run(106)) - 50668996-cd79-4de0-8e82-75564a0c0645:group-435C1BC2D61D changes to CANDIDATE, lastRpcTime:8050, electionTimeout:5095ms
2019-08-20 14:46:50,656 INFO  impl.RoleInfo (RoleInfo.java:shutdownFollowerState(121)) - 50668996-cd79-4de0-8e82-75564a0c0645: shutdown FollowerState
2019-08-20 14:46:50,657 INFO  impl.RaftServerImpl (RaftServerImpl.java:setRole(171)) - 50668996-cd79-4de0-8e82-75564a0c0645:group-435C1BC2D61D changes role from FOLLOWER to CANDIDATE at term 1 for changeToCandidate
2019-08-20 14:46:50,657 INFO  impl.RoleInfo (RoleInfo.java:updateAndGet(143)) - 50668996-cd79-4de0-8e82-75564a0c0645: start LeaderElection
2019-08-20 14:46:50,657 INFO  impl.RaftServerImpl (ServerState.java:setLeader(263)) - 50668996-cd79-4de0-8e82-75564a0c0645:group-435C1BC2D61D change Leader from 29af68b4-d82a-4dc0-a69b-289012d55633 to null at term 1 for initElection
2019-08-20 14:46:50,672 INFO  impl.LeaderElection (LeaderElection.java:askForVotes(181)) - 50668996-cd79-4de0-8e82-75564a0c0645:group-435C1BC2D61D:LeaderElection142: begin an election at term 2 for 0: [29af68b4-d82a-4dc0-a69b-289012d55633:192.168.69.107:44574, 86c904ac-088f-4d27-b38c-6cec29f72dff:192.168.69.107:45686, 50668996-cd79-4de0-8e82-75564a0c0645:192.168.69.107:44117], old=null
2019-08-20 14:46:50,674 INFO  impl.LeaderElection (LogUtils.java:infoOrTrace(149)) - 50668996-cd79-4de0-8e82-75564a0c0645:group-435C1BC2D61D:LeaderElection142 got exception when requesting votes: {}
java.util.concurrent.ExecutionException: org.apache.ratis.thirdparty.io.grpc.StatusRuntimeException: UNAVAILABLE: io exception
	at java.util.concurrent.FutureTask.report(FutureTask.java:122)
	at java.util.concurrent.FutureTask.get(FutureTask.java:192)
	at org.apache.ratis.server.impl.LeaderElection.waitForResults(LeaderElection.java:262)
	at org.apache.ratis.server.impl.LeaderElection.askForVotes(LeaderElection.java:200)
	at org.apache.ratis.server.impl.LeaderElection.run(LeaderElection.java:130)
	at java.lang.Thread.run(Thread.java:748)
Caused by: org.apache.ratis.thirdparty.io.grpc.StatusRuntimeException: UNAVAILABLE: io exception
	at org.apache.ratis.thirdparty.io.grpc.stub.ClientCalls.toStatusRuntimeException(ClientCalls.java:233)
	at org.apache.ratis.thirdparty.io.grpc.stub.ClientCalls.getUnchecked(ClientCalls.java:214)
	at org.apache.ratis.thirdparty.io.grpc.stub.ClientCalls.blockingUnaryCall(ClientCalls.java:139)
	at org.apache.ratis.proto.grpc.RaftServerProtocolServiceGrpc$RaftServerProtocolServiceBlockingStub.requestVote(RaftServerProtocolServiceGrpc.java:265)
	at org.apache.ratis.grpc.server.GrpcServerProtocolClient.requestVote(GrpcServerProtocolClient.java:83)
	at org.apache.ratis.grpc.server.GrpcService.requestVote(GrpcService.java:195)
	at org.apache.ratis.server.impl.LeaderElection.lambda$submitRequests$1(LeaderElection.java:237)
	at java.util.concurrent.FutureTask.run(FutureTask.java:266)
	at java.util.concurrent.Executors$RunnableAdapter.call(Executors.java:511)
	at java.util.concurrent.FutureTask.run(FutureTask.java:266)
	at java.util.concurrent.ThreadPoolExecutor.runWorker(ThreadPoolExecutor.java:1149)
	at java.util.concurrent.ThreadPoolExecutor$Worker.run(ThreadPoolExecutor.java:624)
	... 1 more
Caused by: org.apache.ratis.thirdparty.io.netty.channel.AbstractChannel$AnnotatedConnectException: Connection refused: /192.168.69.107:45686
	at sun.nio.ch.SocketChannelImpl.checkConnect(Native Method)
	at sun.nio.ch.SocketChannelImpl.finishConnect(SocketChannelImpl.java:717)
	at org.apache.ratis.thirdparty.io.netty.channel.socket.nio.NioSocketChannel.doFinishConnect(NioSocketChannel.java:327)
	at org.apache.ratis.thirdparty.io.netty.channel.nio.AbstractNioChannel$AbstractNioUnsafe.finishConnect(AbstractNioChannel.java:340)
	at org.apache.ratis.thirdparty.io.netty.channel.nio.NioEventLoop.processSelectedKey(NioEventLoop.java:632)
	at org.apache.ratis.thirdparty.io.netty.channel.nio.NioEventLoop.processSelectedKeysOptimized(NioEventLoop.java:579)
	at org.apache.ratis.thirdparty.io.netty.channel.nio.NioEventLoop.processSelectedKeys(NioEventLoop.java:496)
	at org.apache.ratis.thirdparty.io.netty.channel.nio.NioEventLoop.run(NioEventLoop.java:458)
	at org.apache.ratis.thirdparty.io.netty.util.concurrent.SingleThreadEventExecutor$5.run(SingleThreadEventExecutor.java:897)
	at org.apache.ratis.thirdparty.io.netty.util.concurrent.FastThreadLocalRunnable.run(FastThreadLocalRunnable.java:30)
	... 1 more
Caused by: java.net.ConnectException: Connection refused
	... 11 more
2019-08-20 14:46:50,675 INFO  impl.LeaderElection (LogUtils.java:infoOrTrace(149)) - 50668996-cd79-4de0-8e82-75564a0c0645:group-435C1BC2D61D:LeaderElection142 got exception when requesting votes: {}
java.util.concurrent.ExecutionException: org.apache.ratis.thirdparty.io.grpc.StatusRuntimeException: UNAVAILABLE: io exception
	at java.util.concurrent.FutureTask.report(FutureTask.java:122)
	at java.util.concurrent.FutureTask.get(FutureTask.java:192)
	at org.apache.ratis.server.impl.LeaderElection.waitForResults(LeaderElection.java:262)
	at org.apache.ratis.server.impl.LeaderElection.askForVotes(LeaderElection.java:200)
	at org.apache.ratis.server.impl.LeaderElection.run(LeaderElection.java:130)
	at java.lang.Thread.run(Thread.java:748)
Caused by: org.apache.ratis.thirdparty.io.grpc.StatusRuntimeException: UNAVAILABLE: io exception
	at org.apache.ratis.thirdparty.io.grpc.stub.ClientCalls.toStatusRuntimeException(ClientCalls.java:233)
	at org.apache.ratis.thirdparty.io.grpc.stub.ClientCalls.getUnchecked(ClientCalls.java:214)
	at org.apache.ratis.thirdparty.io.grpc.stub.ClientCalls.blockingUnaryCall(ClientCalls.java:139)
	at org.apache.ratis.proto.grpc.RaftServerProtocolServiceGrpc$RaftServerProtocolServiceBlockingStub.requestVote(RaftServerProtocolServiceGrpc.java:265)
	at org.apache.ratis.grpc.server.GrpcServerProtocolClient.requestVote(GrpcServerProtocolClient.java:83)
	at org.apache.ratis.grpc.server.GrpcService.requestVote(GrpcService.java:195)
	at org.apache.ratis.server.impl.LeaderElection.lambda$submitRequests$1(LeaderElection.java:237)
	at java.util.concurrent.FutureTask.run(FutureTask.java:266)
	at java.util.concurrent.Executors$RunnableAdapter.call(Executors.java:511)
	at java.util.concurrent.FutureTask.run(FutureTask.java:266)
	at java.util.concurrent.ThreadPoolExecutor.runWorker(ThreadPoolExecutor.java:1149)
	at java.util.concurrent.ThreadPoolExecutor$Worker.run(ThreadPoolExecutor.java:624)
	... 1 more
Caused by: org.apache.ratis.thirdparty.io.netty.channel.AbstractChannel$AnnotatedConnectException: Connection refused: /192.168.69.107:44574
	at sun.nio.ch.SocketChannelImpl.checkConnect(Native Method)
	at sun.nio.ch.SocketChannelImpl.finishConnect(SocketChannelImpl.java:717)
	at org.apache.ratis.thirdparty.io.netty.channel.socket.nio.NioSocketChannel.doFinishConnect(NioSocketChannel.java:327)
	at org.apache.ratis.thirdparty.io.netty.channel.nio.AbstractNioChannel$AbstractNioUnsafe.finishConnect(AbstractNioChannel.java:340)
	at org.apache.ratis.thirdparty.io.netty.channel.nio.NioEventLoop.processSelectedKey(NioEventLoop.java:632)
	at org.apache.ratis.thirdparty.io.netty.channel.nio.NioEventLoop.processSelectedKeysOptimized(NioEventLoop.java:579)
	at org.apache.ratis.thirdparty.io.netty.channel.nio.NioEventLoop.processSelectedKeys(NioEventLoop.java:496)
	at org.apache.ratis.thirdparty.io.netty.channel.nio.NioEventLoop.run(NioEventLoop.java:458)
	at org.apache.ratis.thirdparty.io.netty.util.concurrent.SingleThreadEventExecutor$5.run(SingleThreadEventExecutor.java:897)
	at org.apache.ratis.thirdparty.io.netty.util.concurrent.FastThreadLocalRunnable.run(FastThreadLocalRunnable.java:30)
	... 1 more
Caused by: java.net.ConnectException: Connection refused
	... 11 more
2019-08-20 14:46:50,675 INFO  impl.LeaderElection (LeaderElection.java:logAndReturn(56)) - 50668996-cd79-4de0-8e82-75564a0c0645:group-435C1BC2D61D:LeaderElection142: Election REJECTED; received 0 response(s) [] and 2 exception(s); 50668996-cd79-4de0-8e82-75564a0c0645:t2, leader=null, voted=50668996-cd79-4de0-8e82-75564a0c0645, raftlog=50668996-cd79-4de0-8e82-75564a0c0645-SegmentedRaftLog:OPENED:c6,f6,i6, conf=0: [29af68b4-d82a-4dc0-a69b-289012d55633:192.168.69.107:44574, 86c904ac-088f-4d27-b38c-6cec29f72dff:192.168.69.107:45686, 50668996-cd79-4de0-8e82-75564a0c0645:192.168.69.107:44117], old=null
2019-08-20 14:46:50,676 INFO  impl.LeaderElection (LogUtils.java:infoOrTrace(149)) -   Exception 0: {}
java.util.concurrent.ExecutionException: org.apache.ratis.thirdparty.io.grpc.StatusRuntimeException: UNAVAILABLE: io exception
	at java.util.concurrent.FutureTask.report(FutureTask.java:122)
	at java.util.concurrent.FutureTask.get(FutureTask.java:192)
	at org.apache.ratis.server.impl.LeaderElection.waitForResults(LeaderElection.java:262)
	at org.apache.ratis.server.impl.LeaderElection.askForVotes(LeaderElection.java:200)
	at org.apache.ratis.server.impl.LeaderElection.run(LeaderElection.java:130)
	at java.lang.Thread.run(Thread.java:748)
Caused by: org.apache.ratis.thirdparty.io.grpc.StatusRuntimeException: UNAVAILABLE: io exception
	at org.apache.ratis.thirdparty.io.grpc.stub.ClientCalls.toStatusRuntimeException(ClientCalls.java:233)
	at org.apache.ratis.thirdparty.io.grpc.stub.ClientCalls.getUnchecked(ClientCalls.java:214)
	at org.apache.ratis.thirdparty.io.grpc.stub.ClientCalls.blockingUnaryCall(ClientCalls.java:139)
	at org.apache.ratis.proto.grpc.RaftServerProtocolServiceGrpc$RaftServerProtocolServiceBlockingStub.requestVote(RaftServerProtocolServiceGrpc.java:265)
	at org.apache.ratis.grpc.server.GrpcServerProtocolClient.requestVote(GrpcServerProtocolClient.java:83)
	at org.apache.ratis.grpc.server.GrpcService.requestVote(GrpcService.java:195)
	at org.apache.ratis.server.impl.LeaderElection.lambda$submitRequests$1(LeaderElection.java:237)
	at java.util.concurrent.FutureTask.run(FutureTask.java:266)
	at java.util.concurrent.Executors$RunnableAdapter.call(Executors.java:511)
	at java.util.concurrent.FutureTask.run(FutureTask.java:266)
	at java.util.concurrent.ThreadPoolExecutor.runWorker(ThreadPoolExecutor.java:1149)
	at java.util.concurrent.ThreadPoolExecutor$Worker.run(ThreadPoolExecutor.java:624)
	... 1 more
Caused by: org.apache.ratis.thirdparty.io.netty.channel.AbstractChannel$AnnotatedConnectException: Connection refused: /192.168.69.107:45686
	at sun.nio.ch.SocketChannelImpl.checkConnect(Native Method)
	at sun.nio.ch.SocketChannelImpl.finishConnect(SocketChannelImpl.java:717)
	at org.apache.ratis.thirdparty.io.netty.channel.socket.nio.NioSocketChannel.doFinishConnect(NioSocketChannel.java:327)
	at org.apache.ratis.thirdparty.io.netty.channel.nio.AbstractNioChannel$AbstractNioUnsafe.finishConnect(AbstractNioChannel.java:340)
	at org.apache.ratis.thirdparty.io.netty.channel.nio.NioEventLoop.processSelectedKey(NioEventLoop.java:632)
	at org.apache.ratis.thirdparty.io.netty.channel.nio.NioEventLoop.processSelectedKeysOptimized(NioEventLoop.java:579)
	at org.apache.ratis.thirdparty.io.netty.channel.nio.NioEventLoop.processSelectedKeys(NioEventLoop.java:496)
	at org.apache.ratis.thirdparty.io.netty.channel.nio.NioEventLoop.run(NioEventLoop.java:458)
	at org.apache.ratis.thirdparty.io.netty.util.concurrent.SingleThreadEventExecutor$5.run(SingleThreadEventExecutor.java:897)
	at org.apache.ratis.thirdparty.io.netty.util.concurrent.FastThreadLocalRunnable.run(FastThreadLocalRunnable.java:30)
	... 1 more
Caused by: java.net.ConnectException: Connection refused
	... 11 more
2019-08-20 14:46:50,676 INFO  impl.LeaderElection (LogUtils.java:infoOrTrace(149)) -   Exception 1: {}
java.util.concurrent.ExecutionException: org.apache.ratis.thirdparty.io.grpc.StatusRuntimeException: UNAVAILABLE: io exception
	at java.util.concurrent.FutureTask.report(FutureTask.java:122)
	at java.util.concurrent.FutureTask.get(FutureTask.java:192)
	at org.apache.ratis.server.impl.LeaderElection.waitForResults(LeaderElection.java:262)
	at org.apache.ratis.server.impl.LeaderElection.askForVotes(LeaderElection.java:200)
	at org.apache.ratis.server.impl.LeaderElection.run(LeaderElection.java:130)
	at java.lang.Thread.run(Thread.java:748)
Caused by: org.apache.ratis.thirdparty.io.grpc.StatusRuntimeException: UNAVAILABLE: io exception
	at org.apache.ratis.thirdparty.io.grpc.stub.ClientCalls.toStatusRuntimeException(ClientCalls.java:233)
	at org.apache.ratis.thirdparty.io.grpc.stub.ClientCalls.getUnchecked(ClientCalls.java:214)
	at org.apache.ratis.thirdparty.io.grpc.stub.ClientCalls.blockingUnaryCall(ClientCalls.java:139)
	at org.apache.ratis.proto.grpc.RaftServerProtocolServiceGrpc$RaftServerProtocolServiceBlockingStub.requestVote(RaftServerProtocolServiceGrpc.java:265)
	at org.apache.ratis.grpc.server.GrpcServerProtocolClient.requestVote(GrpcServerProtocolClient.java:83)
	at org.apache.ratis.grpc.server.GrpcService.requestVote(GrpcService.java:195)
	at org.apache.ratis.server.impl.LeaderElection.lambda$submitRequests$1(LeaderElection.java:237)
	at java.util.concurrent.FutureTask.run(FutureTask.java:266)
	at java.util.concurrent.Executors$RunnableAdapter.call(Executors.java:511)
	at java.util.concurrent.FutureTask.run(FutureTask.java:266)
	at java.util.concurrent.ThreadPoolExecutor.runWorker(ThreadPoolExecutor.java:1149)
	at java.util.concurrent.ThreadPoolExecutor$Worker.run(ThreadPoolExecutor.java:624)
	... 1 more
Caused by: org.apache.ratis.thirdparty.io.netty.channel.AbstractChannel$AnnotatedConnectException: Connection refused: /192.168.69.107:44574
	at sun.nio.ch.SocketChannelImpl.checkConnect(Native Method)
	at sun.nio.ch.SocketChannelImpl.finishConnect(SocketChannelImpl.java:717)
	at org.apache.ratis.thirdparty.io.netty.channel.socket.nio.NioSocketChannel.doFinishConnect(NioSocketChannel.java:327)
	at org.apache.ratis.thirdparty.io.netty.channel.nio.AbstractNioChannel$AbstractNioUnsafe.finishConnect(AbstractNioChannel.java:340)
	at org.apache.ratis.thirdparty.io.netty.channel.nio.NioEventLoop.processSelectedKey(NioEventLoop.java:632)
	at org.apache.ratis.thirdparty.io.netty.channel.nio.NioEventLoop.processSelectedKeysOptimized(NioEventLoop.java:579)
	at org.apache.ratis.thirdparty.io.netty.channel.nio.NioEventLoop.processSelectedKeys(NioEventLoop.java:496)
	at org.apache.ratis.thirdparty.io.netty.channel.nio.NioEventLoop.run(NioEventLoop.java:458)
	at org.apache.ratis.thirdparty.io.netty.util.concurrent.SingleThreadEventExecutor$5.run(SingleThreadEventExecutor.java:897)
	at org.apache.ratis.thirdparty.io.netty.util.concurrent.FastThreadLocalRunnable.run(FastThreadLocalRunnable.java:30)
	... 1 more
Caused by: java.net.ConnectException: Connection refused
	... 11 more
2019-08-20 14:46:50,676 INFO  impl.RaftServerImpl (RaftServerImpl.java:setRole(171)) - 50668996-cd79-4de0-8e82-75564a0c0645:group-435C1BC2D61D changes role from CANDIDATE to FOLLOWER at term 2 for DISCOVERED_A_NEW_TERM
2019-08-20 14:46:50,676 INFO  impl.RoleInfo (RoleInfo.java:shutdownLeaderElection(134)) - 50668996-cd79-4de0-8e82-75564a0c0645: shutdown LeaderElection
2019-08-20 14:46:50,677 INFO  impl.RoleInfo (RoleInfo.java:updateAndGet(143)) - 50668996-cd79-4de0-8e82-75564a0c0645: start FollowerState
2019-08-20 14:46:54,664 INFO  node.StaleNodeHandler (StaleNodeHandler.java:onMessage(58)) - Datanode 50668996-cd79-4de0-8e82-75564a0c0645{ip: 192.168.69.107, host: pr-hdds-1054-6hltv-2752131155, networkLocation: /default-rack, certSerialId: null} moved to stale state. Finalizing its pipelines [PipelineID=0e8ebacd-c80f-4741-9084-435c1bc2d61d, PipelineID=cf4da7f9-34d4-4586-b2ee-73603ff81a5b]
2019-08-20 14:46:54,664 INFO  pipeline.SCMPipelineManager (SCMPipelineManager.java:finalizeAndDestroyPipeline(309)) - destroying pipeline:Pipeline[ Id: 0e8ebacd-c80f-4741-9084-435c1bc2d61d, Nodes: 50668996-cd79-4de0-8e82-75564a0c0645{ip: 192.168.69.107, host: pr-hdds-1054-6hltv-2752131155, networkLocation: /default-rack, certSerialId: null}86c904ac-088f-4d27-b38c-6cec29f72dff{ip: 192.168.69.107, host: pr-hdds-1054-6hltv-2752131155, networkLocation: /default-rack, certSerialId: null}29af68b4-d82a-4dc0-a69b-289012d55633{ip: 192.168.69.107, host: pr-hdds-1054-6hltv-2752131155, networkLocation: /default-rack, certSerialId: null}, Type:RATIS, Factor:THREE, State:CLOSED]
2019-08-20 14:46:54,665 INFO  pipeline.SCMPipelineManager (SCMPipelineManager.java:finalizeAndDestroyPipeline(309)) - destroying pipeline:Pipeline[ Id: cf4da7f9-34d4-4586-b2ee-73603ff81a5b, Nodes: 50668996-cd79-4de0-8e82-75564a0c0645{ip: 192.168.69.107, host: pr-hdds-1054-6hltv-2752131155, networkLocation: /default-rack, certSerialId: null}, Type:RATIS, Factor:ONE, State:OPEN]
2019-08-20 14:46:54,665 INFO  pipeline.PipelineStateManager (PipelineStateManager.java:finalizePipeline(123)) - Pipeline Pipeline[ Id: cf4da7f9-34d4-4586-b2ee-73603ff81a5b, Nodes: 50668996-cd79-4de0-8e82-75564a0c0645{ip: 192.168.69.107, host: pr-hdds-1054-6hltv-2752131155, networkLocation: /default-rack, certSerialId: null}, Type:RATIS, Factor:ONE, State:CLOSED] moved to CLOSED state
2019-08-20 14:46:55,343 INFO  ozoneimpl.OzoneContainer (OzoneContainer.java:stop(199)) - Attempting to stop container services.
2019-08-20 14:46:55,343 INFO  impl.RaftServerProxy (RaftServerProxy.java:lambda$close$4(314)) - 50668996-cd79-4de0-8e82-75564a0c0645: close
2019-08-20 14:46:55,344 INFO  impl.RaftServerImpl (RaftServerImpl.java:lambda$shutdown$3(245)) - 50668996-cd79-4de0-8e82-75564a0c0645: shutdown group-435C1BC2D61D
2019-08-20 14:46:55,345 INFO  util.JmxRegister (JmxRegister.java:unregister(73)) - Successfully un-registered JMX Bean with object name Ratis:service=RaftServer,group=group-435C1BC2D61D,id=50668996-cd79-4de0-8e82-75564a0c0645
2019-08-20 14:46:55,345 INFO  impl.RoleInfo (RoleInfo.java:shutdownFollowerState(121)) - 50668996-cd79-4de0-8e82-75564a0c0645: shutdown FollowerState
2019-08-20 14:46:55,345 INFO  impl.StateMachineUpdater (StateMachineUpdater.java:stopAndJoin(115)) - StateMachineUpdater:50668996-cd79-4de0-8e82-75564a0c0645:group-435C1BC2D61D: set stopIndex = 6
2019-08-20 14:46:55,346 INFO  impl.FollowerState (FollowerState.java:run(114)) - 50668996-cd79-4de0-8e82-75564a0c0645: FollowerState was interrupted: java.lang.InterruptedException: sleep interrupted
2019-08-20 14:46:55,346 INFO  ratis.ContainerStateMachine (ContainerStateMachine.java:takeSnapshot(271)) - group-435C1BC2D61D: Taking a snapshot at:(t:1, i:4) file /workdir/hadoop-ozone/integration-test/target/test-dir/MiniOzoneClusterImpl-02e6917f-6864-460b-96f4-36c51ed72a02/datanode-5/data/ratis/0e8ebacd-c80f-4741-9084-435c1bc2d61d/sm/snapshot.1_4
2019-08-20 14:46:55,362 INFO  ratis.ContainerStateMachine (ContainerStateMachine.java:takeSnapshot(282)) - group-435C1BC2D61D: Finished taking a snapshot at:(t:1, i:4) file:/workdir/hadoop-ozone/integration-test/target/test-dir/MiniOzoneClusterImpl-02e6917f-6864-460b-96f4-36c51ed72a02/datanode-5/data/ratis/0e8ebacd-c80f-4741-9084-435c1bc2d61d/sm/snapshot.1_4 time:16
2019-08-20 14:46:55,362 INFO  impl.StateMachineUpdater (StateMachineUpdater.java:takeSnapshot(242)) - StateMachineUpdater:50668996-cd79-4de0-8e82-75564a0c0645:group-435C1BC2D61D: Took a snapshot at index 4
2019-08-20 14:46:55,362 INFO  impl.StateMachineUpdater (StateMachineUpdater.java:lambda$new$0(80)) - StateMachineUpdater:50668996-cd79-4de0-8e82-75564a0c0645:group-435C1BC2D61D: snapshotIndex: updateIncreasingly -1 -> 4
2019-08-20 14:46:55,363 INFO  impl.RaftServerImpl (ServerState.java:close(394)) - 50668996-cd79-4de0-8e82-75564a0c0645:group-435C1BC2D61D closes. The last applied log index is 6
2019-08-20 14:46:55,363 INFO  segmented.SegmentedRaftLogWorker (SegmentedRaftLogWorker.java:run(313)) - 50668996-cd79-4de0-8e82-75564a0c0645-SegmentedRaftLogWorker:Storage Directory /workdir/hadoop-ozone/integration-test/target/test-dir/MiniOzoneClusterImpl-02e6917f-6864-460b-96f4-36c51ed72a02/datanode-5/data/ratis/0e8ebacd-c80f-4741-9084-435c1bc2d61d was interrupted, exiting. There are 0 tasks remaining in the queue.
2019-08-20 14:46:55,364 INFO  segmented.SegmentedRaftLogWorker (SegmentedRaftLogWorker.java:close(228)) - 50668996-cd79-4de0-8e82-75564a0c0645-SegmentedRaftLogWorker:Storage Directory /workdir/hadoop-ozone/integration-test/target/test-dir/MiniOzoneClusterImpl-02e6917f-6864-460b-96f4-36c51ed72a02/datanode-5/data/ratis/0e8ebacd-c80f-4741-9084-435c1bc2d61d close()
2019-08-20 14:46:55,365 INFO  impl.RaftServerImpl (RaftServerImpl.java:lambda$shutdown$3(245)) - 50668996-cd79-4de0-8e82-75564a0c0645: shutdown group-73603FF81A5B
2019-08-20 14:46:55,366 INFO  util.JmxRegister (JmxRegister.java:unregister(73)) - Successfully un-registered JMX Bean with object name Ratis:service=RaftServer,group=group-73603FF81A5B,id=50668996-cd79-4de0-8e82-75564a0c0645
2019-08-20 14:46:55,366 INFO  impl.RoleInfo (RoleInfo.java:shutdownLeaderState(104)) - 50668996-cd79-4de0-8e82-75564a0c0645: shutdown LeaderState
2019-08-20 14:46:55,367 INFO  impl.PendingRequests (PendingRequests.java:sendNotLeaderResponses(202)) - 50668996-cd79-4de0-8e82-75564a0c0645-PendingRequests: sendNotLeaderResponses
2019-08-20 14:46:55,367 INFO  impl.StateMachineUpdater (StateMachineUpdater.java:stopAndJoin(115)) - StateMachineUpdater:50668996-cd79-4de0-8e82-75564a0c0645:group-73603FF81A5B: set stopIndex = 0
2019-08-20 14:46:55,367 INFO  impl.RaftServerImpl (ServerState.java:close(394)) - 50668996-cd79-4de0-8e82-75564a0c0645:group-73603FF81A5B closes. The last applied log index is 0
2019-08-20 14:46:55,368 INFO  segmented.SegmentedRaftLogWorker (SegmentedRaftLogWorker.java:run(313)) - 50668996-cd79-4de0-8e82-75564a0c0645-SegmentedRaftLogWorker:Storage Directory /workdir/hadoop-ozone/integration-test/target/test-dir/MiniOzoneClusterImpl-02e6917f-6864-460b-96f4-36c51ed72a02/datanode-5/data/ratis/cf4da7f9-34d4-4586-b2ee-73603ff81a5b was interrupted, exiting. There are 0 tasks remaining in the queue.
2019-08-20 14:46:55,368 INFO  segmented.SegmentedRaftLogWorker (SegmentedRaftLogWorker.java:close(228)) - 50668996-cd79-4de0-8e82-75564a0c0645-SegmentedRaftLogWorker:Storage Directory /workdir/hadoop-ozone/integration-test/target/test-dir/MiniOzoneClusterImpl-02e6917f-6864-460b-96f4-36c51ed72a02/datanode-5/data/ratis/cf4da7f9-34d4-4586-b2ee-73603ff81a5b close()
2019-08-20 14:46:55,370 INFO  server.GrpcService (GrpcService.java:closeImpl(155)) - 50668996-cd79-4de0-8e82-75564a0c0645: shutdown server with port 44117 now
2019-08-20 14:46:55,371 INFO  server.GrpcService (GrpcService.java:closeImpl(163)) - 50668996-cd79-4de0-8e82-75564a0c0645: shutdown server with port 44117 successfully
2019-08-20 14:46:55,372 INFO  utils.BackgroundService (BackgroundService.java:shutdown(148)) - Shutting down service BlockDeletingService
2019-08-20 14:46:55,373 WARN  fs.CachingGetSpaceUsed (CachingGetSpaceUsed.java:run(183)) - Thread Interrupted waiting to refresh disk information: sleep interrupted
2019-08-20 14:46:55,391 INFO  statemachine.DatanodeStateMachine (DatanodeStateMachine.java:stopDaemon(395)) - Ozone container server stopped.
2019-08-20 14:46:55,392 INFO  handler.ContextHandler (ContextHandler.java:doStop(910)) - Stopped o.e.j.w.WebAppContext@4a0934a8{/,null,UNAVAILABLE}{/hddsDatanode}
2019-08-20 14:46:55,392 INFO  server.AbstractConnector (AbstractConnector.java:doStop(318)) - Stopped ServerConnector@4cf66f73{HTTP/1.1,[http/1.1]}{0.0.0.0:0}
2019-08-20 14:46:55,393 INFO  handler.ContextHandler (ContextHandler.java:doStop(910)) - Stopped o.e.j.s.ServletContextHandler@623eebca{/static,jar:file:/home/user/.m2/repository/org/apache/hadoop/hadoop-hdds-container-service/0.5.0-SNAPSHOT/hadoop-hdds-container-service-0.5.0-SNAPSHOT.jar!/webapps/static,UNAVAILABLE}
2019-08-20 14:46:55,393 INFO  handler.ContextHandler (ContextHandler.java:doStop(910)) - Stopped o.e.j.s.ServletContextHandler@74ed11d7{/logs,file:///workdir/hadoop-ozone/integration-test/target/log,UNAVAILABLE}
2019-08-20 14:46:55,394 INFO  ozone.MiniOzoneClusterImpl (MiniOzoneClusterImpl.java:stop(353)) - Stopping the StorageContainerManager
2019-08-20 14:46:55,394 INFO  server.StorageContainerManager (StorageContainerManager.java:stop(797)) - Stopping Replication Manager Service.
2019-08-20 14:46:55,394 INFO  container.ReplicationManager (ReplicationManager.java:stop(187)) - Stopping Replication Monitor Thread.
2019-08-20 14:46:55,394 INFO  server.StorageContainerManager (StorageContainerManager.java:stop(804)) - Stopping Lease Manager of the command watchers
2019-08-20 14:46:55,394 INFO  server.StorageContainerManager (StorageContainerManager.java:stop(811)) - Stopping datanode service RPC server
2019-08-20 14:46:55,395 INFO  server.SCMDatanodeProtocolServer (SCMDatanodeProtocolServer.java:stop(367)) - Stopping the RPC server for DataNodes
2019-08-20 14:46:55,395 INFO  ipc.Server (Server.java:stop(3082)) - Stopping server on 34510
2019-08-20 14:46:55,395 INFO  ipc.Server (Server.java:run(1185)) - Stopping IPC Server listener on 34510
2019-08-20 14:46:55,400 INFO  ipc.Server (Server.java:run(1319)) - Stopping IPC Server Responder
2019-08-20 14:46:55,465 WARN  node.NodeStateManager (NodeStateManager.java:scheduleNextHealthCheck(646)) - Current Thread is interrupted, shutting down HB processing thread for Node Manager.
2019-08-20 14:46:55,466 INFO  server.StorageContainerManager (StorageContainerManager.java:stop(819)) - Stopping block service RPC server
2019-08-20 14:46:55,466 INFO  server.SCMBlockProtocolServer (SCMBlockProtocolServer.java:stop(148)) - Stopping the RPC server for Block Protocol
2019-08-20 14:46:55,466 INFO  ipc.Server (Server.java:stop(3082)) - Stopping server on 44712
2019-08-20 14:46:55,469 INFO  ipc.Server (Server.java:run(1185)) - Stopping IPC Server listener on 44712
2019-08-20 14:46:55,472 INFO  server.StorageContainerManager (StorageContainerManager.java:stop(826)) - Stopping the StorageContainerLocationProtocol RPC server
2019-08-20 14:46:55,473 INFO  server.SCMClientProtocolServer (SCMClientProtocolServer.java:stop(159)) - Stopping the RPC server for Client Protocol
2019-08-20 14:46:55,473 INFO  ipc.Server (Server.java:run(1319)) - Stopping IPC Server Responder
2019-08-20 14:46:55,474 INFO  ipc.Server (Server.java:stop(3082)) - Stopping server on 34042
2019-08-20 14:46:55,476 INFO  ipc.Server (Server.java:run(1185)) - Stopping IPC Server listener on 34042
2019-08-20 14:46:55,476 INFO  server.StorageContainerManager (StorageContainerManager.java:stop(833)) - Stopping Storage Container Manager HTTP server.
2019-08-20 14:46:55,478 INFO  ipc.Server (Server.java:run(1319)) - Stopping IPC Server Responder
2019-08-20 14:46:55,478 INFO  handler.ContextHandler (ContextHandler.java:doStop(910)) - Stopped o.e.j.w.WebAppContext@234421ca{/,null,UNAVAILABLE}{/scm}
2019-08-20 14:46:55,479 INFO  server.AbstractConnector (AbstractConnector.java:doStop(318)) - Stopped ServerConnector@6e774194{HTTP/1.1,[http/1.1]}{0.0.0.0:0}
2019-08-20 14:46:55,480 INFO  handler.ContextHandler (ContextHandler.java:doStop(910)) - Stopped o.e.j.s.ServletContextHandler@7d569c10{/static,file:///workdir/hadoop-ozone/integration-test/target/test-classes/webapps/static,UNAVAILABLE}
2019-08-20 14:46:55,480 INFO  handler.ContextHandler (ContextHandler.java:doStop(910)) - Stopped o.e.j.s.ServletContextHandler@2ab0ca04{/logs,file:///workdir/hadoop-ozone/integration-test/target/log,UNAVAILABLE}
2019-08-20 14:46:55,481 INFO  server.StorageContainerManager (StorageContainerManager.java:stop(844)) - Stopping Block Manager Service.
2019-08-20 14:46:55,481 INFO  utils.BackgroundService (BackgroundService.java:shutdown(148)) - Shutting down service SCMBlockDeletingService
2019-08-20 14:46:55,482 INFO  utils.BackgroundService (BackgroundService.java:shutdown(148)) - Shutting down service SCMBlockDeletingService
2019-08-20 14:46:55,482 INFO  server.StorageContainerManager (StorageContainerManager.java:stop(866)) - Stopping SCM Event Queue.
2019-08-20 14:46:55,485 INFO  impl.MetricsSystemImpl (MetricsSystemImpl.java:stop(210)) - Stopping HddsDatanode metrics system...
2019-08-20 14:46:55,494 INFO  impl.MetricsSystemImpl (MetricsSystemImpl.java:stop(216)) - HddsDatanode metrics system stopped.
]]></system-out>
    <system-err><![CDATA[Aug 20, 2019 2:46:19 PM com.sun.jersey.server.impl.application.WebApplicationImpl _initiate
INFO: Initiating Jersey application, version 'Jersey: 1.19 02/11/2015 03:25 AM'
Aug 20, 2019 2:46:19 PM com.sun.jersey.server.impl.application.WebApplicationImpl _initiate
INFO: Initiating Jersey application, version 'Jersey: 1.19 02/11/2015 03:25 AM'
Aug 20, 2019 2:46:19 PM com.sun.jersey.server.impl.application.WebApplicationImpl _initiate
INFO: Initiating Jersey application, version 'Jersey: 1.19 02/11/2015 03:25 AM'
Aug 20, 2019 2:46:20 PM com.sun.jersey.server.impl.application.WebApplicationImpl _initiate
INFO: Initiating Jersey application, version 'Jersey: 1.19 02/11/2015 03:25 AM'
Aug 20, 2019 2:46:20 PM com.sun.jersey.server.impl.application.WebApplicationImpl _initiate
INFO: Initiating Jersey application, version 'Jersey: 1.19 02/11/2015 03:25 AM'
Aug 20, 2019 2:46:20 PM com.sun.jersey.server.impl.application.WebApplicationImpl _initiate
INFO: Initiating Jersey application, version 'Jersey: 1.19 02/11/2015 03:25 AM'
Aug 20, 2019 2:46:20 PM com.sun.jersey.server.impl.application.WebApplicationImpl _initiate
INFO: Initiating Jersey application, version 'Jersey: 1.19 02/11/2015 03:25 AM'
Aug 20, 2019 2:46:20 PM org.apache.ratis.thirdparty.io.grpc.internal.ManagedChannelOrphanWrapper$ManagedChannelReference cleanQueue
SEVERE: *~*~*~ Channel ManagedChannelImpl{logId=3216, target=192.168.69.107:35032} was not shutdown properly!!! ~*~*~*
    Make sure to call shutdown()/shutdownNow() and wait until awaitTermination() returns true.
java.lang.RuntimeException: ManagedChannel allocation site
	at org.apache.ratis.thirdparty.io.grpc.internal.ManagedChannelOrphanWrapper$ManagedChannelReference.<init>(ManagedChannelOrphanWrapper.java:103)
	at org.apache.ratis.thirdparty.io.grpc.internal.ManagedChannelOrphanWrapper.<init>(ManagedChannelOrphanWrapper.java:53)
	at org.apache.ratis.thirdparty.io.grpc.internal.ManagedChannelOrphanWrapper.<init>(ManagedChannelOrphanWrapper.java:44)
	at org.apache.ratis.thirdparty.io.grpc.internal.AbstractManagedChannelImplBuilder.build(AbstractManagedChannelImplBuilder.java:411)
	at org.apache.hadoop.hdds.scm.XceiverClientGrpc.connectToDatanode(XceiverClientGrpc.java:174)
	at org.apache.hadoop.hdds.scm.XceiverClientGrpc.reconnect(XceiverClientGrpc.java:422)
	at org.apache.hadoop.hdds.scm.XceiverClientGrpc.sendCommandAsync(XceiverClientGrpc.java:371)
	at org.apache.hadoop.hdds.scm.XceiverClientGrpc.sendCommandWithRetry(XceiverClientGrpc.java:284)
	at org.apache.hadoop.hdds.scm.XceiverClientGrpc.sendCommandWithTraceIDAndRetry(XceiverClientGrpc.java:250)
	at org.apache.hadoop.hdds.scm.XceiverClientGrpc.sendCommand(XceiverClientGrpc.java:233)
	at org.apache.hadoop.hdds.scm.storage.ContainerProtocolCalls.readChunk(ContainerProtocolCalls.java:245)
	at org.apache.hadoop.hdds.scm.storage.ChunkInputStream.readChunk(ChunkInputStream.java:335)
	at org.apache.hadoop.hdds.scm.storage.ChunkInputStream.readChunkFromContainer(ChunkInputStream.java:307)
	at org.apache.hadoop.hdds.scm.storage.ChunkInputStream.prepareRead(ChunkInputStream.java:259)
	at org.apache.hadoop.hdds.scm.storage.ChunkInputStream.read(ChunkInputStream.java:144)
	at org.apache.hadoop.hdds.scm.storage.BlockInputStream.read(BlockInputStream.java:239)
	at org.apache.hadoop.ozone.client.io.KeyInputStream.read(KeyInputStream.java:171)
	at org.apache.hadoop.ozone.client.io.OzoneInputStream.read(OzoneInputStream.java:47)
	at java.io.InputStream.read(InputStream.java:101)
	at org.apache.hadoop.ozone.container.ContainerTestHelper.validateData(ContainerTestHelper.java:709)
	at org.apache.hadoop.ozone.client.rpc.TestBlockOutputStreamWithFailures.validateData(TestBlockOutputStreamWithFailures.java:1212)
	at org.apache.hadoop.ozone.client.rpc.TestBlockOutputStreamWithFailures.testWatchForCommitDatanodeFailure(TestBlockOutputStreamWithFailures.java:393)
	at sun.reflect.NativeMethodAccessorImpl.invoke0(Native Method)
	at sun.reflect.NativeMethodAccessorImpl.invoke(NativeMethodAccessorImpl.java:62)
	at sun.reflect.DelegatingMethodAccessorImpl.invoke(DelegatingMethodAccessorImpl.java:43)
	at java.lang.reflect.Method.invoke(Method.java:498)
	at org.junit.runners.model.FrameworkMethod$1.runReflectiveCall(FrameworkMethod.java:47)
	at org.junit.internal.runners.model.ReflectiveCallable.run(ReflectiveCallable.java:12)
	at org.junit.runners.model.FrameworkMethod.invokeExplosively(FrameworkMethod.java:44)
	at org.junit.internal.runners.statements.InvokeMethod.evaluate(InvokeMethod.java:17)
	at org.junit.internal.runners.statements.RunBefores.evaluate(RunBefores.java:26)
	at org.junit.internal.runners.statements.RunAfters.evaluate(RunAfters.java:27)
	at org.junit.runners.ParentRunner.runLeaf(ParentRunner.java:271)
	at org.junit.runners.BlockJUnit4ClassRunner.runChild(BlockJUnit4ClassRunner.java:70)
	at org.junit.runners.BlockJUnit4ClassRunner.runChild(BlockJUnit4ClassRunner.java:50)
	at org.junit.runners.ParentRunner$3.run(ParentRunner.java:238)
	at org.junit.runners.ParentRunner$1.schedule(ParentRunner.java:63)
	at org.junit.runners.ParentRunner.runChildren(ParentRunner.java:236)
	at org.junit.runners.ParentRunner.access$000(ParentRunner.java:53)
	at org.junit.runners.ParentRunner$2.evaluate(ParentRunner.java:229)
	at org.junit.runners.ParentRunner.run(ParentRunner.java:309)
	at org.apache.maven.surefire.junit4.JUnit4Provider.execute(JUnit4Provider.java:365)
	at org.apache.maven.surefire.junit4.JUnit4Provider.executeWithRerun(JUnit4Provider.java:273)
	at org.apache.maven.surefire.junit4.JUnit4Provider.executeTestSet(JUnit4Provider.java:238)
	at org.apache.maven.surefire.junit4.JUnit4Provider.invoke(JUnit4Provider.java:159)
	at org.apache.maven.surefire.booter.ForkedBooter.invokeProviderInSameClassLoader(ForkedBooter.java:384)
	at org.apache.maven.surefire.booter.ForkedBooter.runSuitesInProcess(ForkedBooter.java:345)
	at org.apache.maven.surefire.booter.ForkedBooter.execute(ForkedBooter.java:126)
	at org.apache.maven.surefire.booter.ForkedBooter.main(ForkedBooter.java:418)

Aug 20, 2019 2:46:20 PM org.apache.ratis.thirdparty.io.grpc.internal.ManagedChannelOrphanWrapper$ManagedChannelReference cleanQueue
SEVERE: *~*~*~ Channel ManagedChannelImpl{logId=3220, target=192.168.69.107:46506} was not shutdown properly!!! ~*~*~*
    Make sure to call shutdown()/shutdownNow() and wait until awaitTermination() returns true.
java.lang.RuntimeException: ManagedChannel allocation site
	at org.apache.ratis.thirdparty.io.grpc.internal.ManagedChannelOrphanWrapper$ManagedChannelReference.<init>(ManagedChannelOrphanWrapper.java:103)
	at org.apache.ratis.thirdparty.io.grpc.internal.ManagedChannelOrphanWrapper.<init>(ManagedChannelOrphanWrapper.java:53)
	at org.apache.ratis.thirdparty.io.grpc.internal.ManagedChannelOrphanWrapper.<init>(ManagedChannelOrphanWrapper.java:44)
	at org.apache.ratis.thirdparty.io.grpc.internal.AbstractManagedChannelImplBuilder.build(AbstractManagedChannelImplBuilder.java:411)
	at org.apache.hadoop.hdds.scm.XceiverClientGrpc.connectToDatanode(XceiverClientGrpc.java:174)
	at org.apache.hadoop.hdds.scm.XceiverClientGrpc.reconnect(XceiverClientGrpc.java:422)
	at org.apache.hadoop.hdds.scm.XceiverClientGrpc.sendCommandAsync(XceiverClientGrpc.java:371)
	at org.apache.hadoop.hdds.scm.XceiverClientGrpc.sendCommandWithRetry(XceiverClientGrpc.java:284)
	at org.apache.hadoop.hdds.scm.XceiverClientGrpc.sendCommandWithTraceIDAndRetry(XceiverClientGrpc.java:250)
	at org.apache.hadoop.hdds.scm.XceiverClientGrpc.sendCommand(XceiverClientGrpc.java:233)
	at org.apache.hadoop.hdds.scm.storage.ContainerProtocolCalls.readChunk(ContainerProtocolCalls.java:245)
	at org.apache.hadoop.hdds.scm.storage.ChunkInputStream.readChunk(ChunkInputStream.java:335)
	at org.apache.hadoop.hdds.scm.storage.ChunkInputStream.readChunkFromContainer(ChunkInputStream.java:307)
	at org.apache.hadoop.hdds.scm.storage.ChunkInputStream.prepareRead(ChunkInputStream.java:259)
	at org.apache.hadoop.hdds.scm.storage.ChunkInputStream.read(ChunkInputStream.java:144)
	at org.apache.hadoop.hdds.scm.storage.BlockInputStream.read(BlockInputStream.java:239)
	at org.apache.hadoop.ozone.client.io.KeyInputStream.read(KeyInputStream.java:171)
	at org.apache.hadoop.ozone.client.io.OzoneInputStream.read(OzoneInputStream.java:47)
	at java.io.InputStream.read(InputStream.java:101)
	at org.apache.hadoop.ozone.container.ContainerTestHelper.validateData(ContainerTestHelper.java:709)
	at org.apache.hadoop.ozone.client.rpc.TestBlockOutputStreamWithFailures.validateData(TestBlockOutputStreamWithFailures.java:1212)
	at org.apache.hadoop.ozone.client.rpc.TestBlockOutputStreamWithFailures.testWatchForCommitDatanodeFailure(TestBlockOutputStreamWithFailures.java:393)
	at sun.reflect.NativeMethodAccessorImpl.invoke0(Native Method)
	at sun.reflect.NativeMethodAccessorImpl.invoke(NativeMethodAccessorImpl.java:62)
	at sun.reflect.DelegatingMethodAccessorImpl.invoke(DelegatingMethodAccessorImpl.java:43)
	at java.lang.reflect.Method.invoke(Method.java:498)
	at org.junit.runners.model.FrameworkMethod$1.runReflectiveCall(FrameworkMethod.java:47)
	at org.junit.internal.runners.model.ReflectiveCallable.run(ReflectiveCallable.java:12)
	at org.junit.runners.model.FrameworkMethod.invokeExplosively(FrameworkMethod.java:44)
	at org.junit.internal.runners.statements.InvokeMethod.evaluate(InvokeMethod.java:17)
	at org.junit.internal.runners.statements.RunBefores.evaluate(RunBefores.java:26)
	at org.junit.internal.runners.statements.RunAfters.evaluate(RunAfters.java:27)
	at org.junit.runners.ParentRunner.runLeaf(ParentRunner.java:271)
	at org.junit.runners.BlockJUnit4ClassRunner.runChild(BlockJUnit4ClassRunner.java:70)
	at org.junit.runners.BlockJUnit4ClassRunner.runChild(BlockJUnit4ClassRunner.java:50)
	at org.junit.runners.ParentRunner$3.run(ParentRunner.java:238)
	at org.junit.runners.ParentRunner$1.schedule(ParentRunner.java:63)
	at org.junit.runners.ParentRunner.runChildren(ParentRunner.java:236)
	at org.junit.runners.ParentRunner.access$000(ParentRunner.java:53)
	at org.junit.runners.ParentRunner$2.evaluate(ParentRunner.java:229)
	at org.junit.runners.ParentRunner.run(ParentRunner.java:309)
	at org.apache.maven.surefire.junit4.JUnit4Provider.execute(JUnit4Provider.java:365)
	at org.apache.maven.surefire.junit4.JUnit4Provider.executeWithRerun(JUnit4Provider.java:273)
	at org.apache.maven.surefire.junit4.JUnit4Provider.executeTestSet(JUnit4Provider.java:238)
	at org.apache.maven.surefire.junit4.JUnit4Provider.invoke(JUnit4Provider.java:159)
	at org.apache.maven.surefire.booter.ForkedBooter.invokeProviderInSameClassLoader(ForkedBooter.java:384)
	at org.apache.maven.surefire.booter.ForkedBooter.runSuitesInProcess(ForkedBooter.java:345)
	at org.apache.maven.surefire.booter.ForkedBooter.execute(ForkedBooter.java:126)
	at org.apache.maven.surefire.booter.ForkedBooter.main(ForkedBooter.java:418)

Aug 20, 2019 2:46:20 PM org.apache.ratis.thirdparty.io.grpc.internal.ManagedChannelOrphanWrapper$ManagedChannelReference cleanQueue
SEVERE: *~*~*~ Channel ManagedChannelImpl{logId=3211, target=192.168.69.107:34556} was not shutdown properly!!! ~*~*~*
    Make sure to call shutdown()/shutdownNow() and wait until awaitTermination() returns true.
java.lang.RuntimeException: ManagedChannel allocation site
	at org.apache.ratis.thirdparty.io.grpc.internal.ManagedChannelOrphanWrapper$ManagedChannelReference.<init>(ManagedChannelOrphanWrapper.java:103)
	at org.apache.ratis.thirdparty.io.grpc.internal.ManagedChannelOrphanWrapper.<init>(ManagedChannelOrphanWrapper.java:53)
	at org.apache.ratis.thirdparty.io.grpc.internal.ManagedChannelOrphanWrapper.<init>(ManagedChannelOrphanWrapper.java:44)
	at org.apache.ratis.thirdparty.io.grpc.internal.AbstractManagedChannelImplBuilder.build(AbstractManagedChannelImplBuilder.java:411)
	at org.apache.hadoop.hdds.scm.XceiverClientGrpc.connectToDatanode(XceiverClientGrpc.java:174)
	at org.apache.hadoop.hdds.scm.XceiverClientGrpc.reconnect(XceiverClientGrpc.java:422)
	at org.apache.hadoop.hdds.scm.XceiverClientGrpc.sendCommandAsync(XceiverClientGrpc.java:371)
	at org.apache.hadoop.hdds.scm.XceiverClientGrpc.sendCommandWithRetry(XceiverClientGrpc.java:284)
	at org.apache.hadoop.hdds.scm.XceiverClientGrpc.sendCommandWithTraceIDAndRetry(XceiverClientGrpc.java:250)
	at org.apache.hadoop.hdds.scm.XceiverClientGrpc.sendCommand(XceiverClientGrpc.java:233)
	at org.apache.hadoop.hdds.scm.storage.ContainerProtocolCalls.getBlock(ContainerProtocolCalls.java:118)
	at org.apache.hadoop.hdds.scm.storage.BlockInputStream.getChunkInfos(BlockInputStream.java:167)
	at org.apache.hadoop.hdds.scm.storage.BlockInputStream.initialize(BlockInputStream.java:118)
	at org.apache.hadoop.hdds.scm.storage.BlockInputStream.read(BlockInputStream.java:222)
	at org.apache.hadoop.ozone.client.io.KeyInputStream.read(KeyInputStream.java:171)
	at org.apache.hadoop.ozone.client.io.OzoneInputStream.read(OzoneInputStream.java:47)
	at java.io.InputStream.read(InputStream.java:101)
	at org.apache.hadoop.ozone.container.ContainerTestHelper.validateData(ContainerTestHelper.java:709)
	at org.apache.hadoop.ozone.client.rpc.TestBlockOutputStreamWithFailures.validateData(TestBlockOutputStreamWithFailures.java:1212)
	at org.apache.hadoop.ozone.client.rpc.TestBlockOutputStreamWithFailures.testWatchForCommitDatanodeFailure(TestBlockOutputStreamWithFailures.java:393)
	at sun.reflect.NativeMethodAccessorImpl.invoke0(Native Method)
	at sun.reflect.NativeMethodAccessorImpl.invoke(NativeMethodAccessorImpl.java:62)
	at sun.reflect.DelegatingMethodAccessorImpl.invoke(DelegatingMethodAccessorImpl.java:43)
	at java.lang.reflect.Method.invoke(Method.java:498)
	at org.junit.runners.model.FrameworkMethod$1.runReflectiveCall(FrameworkMethod.java:47)
	at org.junit.internal.runners.model.ReflectiveCallable.run(ReflectiveCallable.java:12)
	at org.junit.runners.model.FrameworkMethod.invokeExplosively(FrameworkMethod.java:44)
	at org.junit.internal.runners.statements.InvokeMethod.evaluate(InvokeMethod.java:17)
	at org.junit.internal.runners.statements.RunBefores.evaluate(RunBefores.java:26)
	at org.junit.internal.runners.statements.RunAfters.evaluate(RunAfters.java:27)
	at org.junit.runners.ParentRunner.runLeaf(ParentRunner.java:271)
	at org.junit.runners.BlockJUnit4ClassRunner.runChild(BlockJUnit4ClassRunner.java:70)
	at org.junit.runners.BlockJUnit4ClassRunner.runChild(BlockJUnit4ClassRunner.java:50)
	at org.junit.runners.ParentRunner$3.run(ParentRunner.java:238)
	at org.junit.runners.ParentRunner$1.schedule(ParentRunner.java:63)
	at org.junit.runners.ParentRunner.runChildren(ParentRunner.java:236)
	at org.junit.runners.ParentRunner.access$000(ParentRunner.java:53)
	at org.junit.runners.ParentRunner$2.evaluate(ParentRunner.java:229)
	at org.junit.runners.ParentRunner.run(ParentRunner.java:309)
	at org.apache.maven.surefire.junit4.JUnit4Provider.execute(JUnit4Provider.java:365)
	at org.apache.maven.surefire.junit4.JUnit4Provider.executeWithRerun(JUnit4Provider.java:273)
	at org.apache.maven.surefire.junit4.JUnit4Provider.executeTestSet(JUnit4Provider.java:238)
	at org.apache.maven.surefire.junit4.JUnit4Provider.invoke(JUnit4Provider.java:159)
	at org.apache.maven.surefire.booter.ForkedBooter.invokeProviderInSameClassLoader(ForkedBooter.java:384)
	at org.apache.maven.surefire.booter.ForkedBooter.runSuitesInProcess(ForkedBooter.java:345)
	at org.apache.maven.surefire.booter.ForkedBooter.execute(ForkedBooter.java:126)
	at org.apache.maven.surefire.booter.ForkedBooter.main(ForkedBooter.java:418)

Aug 20, 2019 2:46:21 PM org.apache.ratis.thirdparty.io.grpc.internal.ManagedChannelOrphanWrapper$ManagedChannelReference cleanQueue
SEVERE: *~*~*~ Channel ManagedChannelImpl{logId=3206, target=192.168.69.107:41108} was not shutdown properly!!! ~*~*~*
    Make sure to call shutdown()/shutdownNow() and wait until awaitTermination() returns true.
java.lang.RuntimeException: ManagedChannel allocation site
	at org.apache.ratis.thirdparty.io.grpc.internal.ManagedChannelOrphanWrapper$ManagedChannelReference.<init>(ManagedChannelOrphanWrapper.java:103)
	at org.apache.ratis.thirdparty.io.grpc.internal.ManagedChannelOrphanWrapper.<init>(ManagedChannelOrphanWrapper.java:53)
	at org.apache.ratis.thirdparty.io.grpc.internal.ManagedChannelOrphanWrapper.<init>(ManagedChannelOrphanWrapper.java:44)
	at org.apache.ratis.thirdparty.io.grpc.internal.AbstractManagedChannelImplBuilder.build(AbstractManagedChannelImplBuilder.java:411)
	at org.apache.ratis.grpc.client.GrpcClientProtocolClient.<init>(GrpcClientProtocolClient.java:119)
	at org.apache.ratis.grpc.client.GrpcClientRpc.lambda$new$0(GrpcClientRpc.java:55)
	at org.apache.ratis.util.PeerProxyMap$PeerAndProxy.lambda$getProxy$0(PeerProxyMap.java:61)
	at org.apache.ratis.util.LifeCycle.startAndTransition(LifeCycle.java:202)
	at org.apache.ratis.util.PeerProxyMap$PeerAndProxy.getProxy(PeerProxyMap.java:60)
	at org.apache.ratis.util.PeerProxyMap.getProxy(PeerProxyMap.java:107)
	at org.apache.ratis.grpc.client.GrpcClientRpc.sendRequestAsync(GrpcClientRpc.java:66)
	at org.apache.ratis.client.impl.OrderedAsync.sendRequest(OrderedAsync.java:208)
	at org.apache.ratis.client.impl.OrderedAsync.sendRequestWithRetry(OrderedAsync.java:169)
	at org.apache.ratis.util.SlidingWindow$Client.sendOrDelayRequest(SlidingWindow.java:278)
	at org.apache.ratis.util.SlidingWindow$Client.submitNewRequest(SlidingWindow.java:257)
	at org.apache.ratis.client.impl.OrderedAsync.send(OrderedAsync.java:155)
	at org.apache.ratis.client.impl.RaftClientImpl.sendAsync(RaftClientImpl.java:145)
	at org.apache.ratis.client.impl.RaftClientImpl.sendAsync(RaftClientImpl.java:125)
	at org.apache.hadoop.hdds.scm.XceiverClientRatis.sendRequestAsync(XceiverClientRatis.java:224)
	at org.apache.hadoop.hdds.scm.XceiverClientRatis.sendCommandAsync(XceiverClientRatis.java:302)
	at org.apache.hadoop.hdds.scm.storage.ContainerProtocolCalls.writeChunkAsync(ContainerProtocolCalls.java:310)
	at org.apache.hadoop.hdds.scm.storage.BlockOutputStream.writeChunkToContainer(BlockOutputStream.java:601)
	at org.apache.hadoop.hdds.scm.storage.BlockOutputStream.writeChunk(BlockOutputStream.java:459)
	at org.apache.hadoop.hdds.scm.storage.BlockOutputStream.write(BlockOutputStream.java:240)
	at org.apache.hadoop.ozone.client.io.BlockOutputStreamEntry.write(BlockOutputStreamEntry.java:129)
	at org.apache.hadoop.ozone.client.io.KeyOutputStream.handleWrite(KeyOutputStream.java:211)
	at org.apache.hadoop.ozone.client.io.KeyOutputStream.write(KeyOutputStream.java:193)
	at org.apache.hadoop.ozone.client.io.OzoneOutputStream.write(OzoneOutputStream.java:49)
	at java.io.OutputStream.write(OutputStream.java:75)
	at org.apache.hadoop.ozone.client.rpc.TestBlockOutputStreamWithFailures.testWatchForCommitDatanodeFailure(TestBlockOutputStreamWithFailures.java:363)
	at sun.reflect.NativeMethodAccessorImpl.invoke0(Native Method)
	at sun.reflect.NativeMethodAccessorImpl.invoke(NativeMethodAccessorImpl.java:62)
	at sun.reflect.DelegatingMethodAccessorImpl.invoke(DelegatingMethodAccessorImpl.java:43)
	at java.lang.reflect.Method.invoke(Method.java:498)
	at org.junit.runners.model.FrameworkMethod$1.runReflectiveCall(FrameworkMethod.java:47)
	at org.junit.internal.runners.model.ReflectiveCallable.run(ReflectiveCallable.java:12)
	at org.junit.runners.model.FrameworkMethod.invokeExplosively(FrameworkMethod.java:44)
	at org.junit.internal.runners.statements.InvokeMethod.evaluate(InvokeMethod.java:17)
	at org.junit.internal.runners.statements.RunBefores.evaluate(RunBefores.java:26)
	at org.junit.internal.runners.statements.RunAfters.evaluate(RunAfters.java:27)
	at org.junit.runners.ParentRunner.runLeaf(ParentRunner.java:271)
	at org.junit.runners.BlockJUnit4ClassRunner.runChild(BlockJUnit4ClassRunner.java:70)
	at org.junit.runners.BlockJUnit4ClassRunner.runChild(BlockJUnit4ClassRunner.java:50)
	at org.junit.runners.ParentRunner$3.run(ParentRunner.java:238)
	at org.junit.runners.ParentRunner$1.schedule(ParentRunner.java:63)
	at org.junit.runners.ParentRunner.runChildren(ParentRunner.java:236)
	at org.junit.runners.ParentRunner.access$000(ParentRunner.java:53)
	at org.junit.runners.ParentRunner$2.evaluate(ParentRunner.java:229)
	at org.junit.runners.ParentRunner.run(ParentRunner.java:309)
	at org.apache.maven.surefire.junit4.JUnit4Provider.execute(JUnit4Provider.java:365)
	at org.apache.maven.surefire.junit4.JUnit4Provider.executeWithRerun(JUnit4Provider.java:273)
	at org.apache.maven.surefire.junit4.JUnit4Provider.executeTestSet(JUnit4Provider.java:238)
	at org.apache.maven.surefire.junit4.JUnit4Provider.invoke(JUnit4Provider.java:159)
	at org.apache.maven.surefire.booter.ForkedBooter.invokeProviderInSameClassLoader(ForkedBooter.java:384)
	at org.apache.maven.surefire.booter.ForkedBooter.runSuitesInProcess(ForkedBooter.java:345)
	at org.apache.maven.surefire.booter.ForkedBooter.execute(ForkedBooter.java:126)
	at org.apache.maven.surefire.booter.ForkedBooter.main(ForkedBooter.java:418)

Aug 20, 2019 2:46:21 PM org.apache.ratis.thirdparty.io.grpc.internal.ManagedChannelOrphanWrapper$ManagedChannelReference cleanQueue
SEVERE: *~*~*~ Channel ManagedChannelImpl{logId=3230, target=192.168.69.107:42942} was not shutdown properly!!! ~*~*~*
    Make sure to call shutdown()/shutdownNow() and wait until awaitTermination() returns true.
java.lang.RuntimeException: ManagedChannel allocation site
	at org.apache.ratis.thirdparty.io.grpc.internal.ManagedChannelOrphanWrapper$ManagedChannelReference.<init>(ManagedChannelOrphanWrapper.java:103)
	at org.apache.ratis.thirdparty.io.grpc.internal.ManagedChannelOrphanWrapper.<init>(ManagedChannelOrphanWrapper.java:53)
	at org.apache.ratis.thirdparty.io.grpc.internal.ManagedChannelOrphanWrapper.<init>(ManagedChannelOrphanWrapper.java:44)
	at org.apache.ratis.thirdparty.io.grpc.internal.AbstractManagedChannelImplBuilder.build(AbstractManagedChannelImplBuilder.java:411)
	at org.apache.hadoop.hdds.scm.XceiverClientGrpc.connectToDatanode(XceiverClientGrpc.java:174)
	at org.apache.hadoop.hdds.scm.XceiverClientGrpc.reconnect(XceiverClientGrpc.java:422)
	at org.apache.hadoop.hdds.scm.XceiverClientGrpc.sendCommandAsync(XceiverClientGrpc.java:371)
	at org.apache.hadoop.hdds.scm.XceiverClientGrpc.sendCommandWithRetry(XceiverClientGrpc.java:284)
	at org.apache.hadoop.hdds.scm.XceiverClientGrpc.sendCommandWithTraceIDAndRetry(XceiverClientGrpc.java:250)
	at org.apache.hadoop.hdds.scm.XceiverClientGrpc.sendCommand(XceiverClientGrpc.java:233)
	at org.apache.hadoop.hdds.scm.storage.ContainerProtocolCalls.readChunk(ContainerProtocolCalls.java:245)
	at org.apache.hadoop.hdds.scm.storage.ChunkInputStream.readChunk(ChunkInputStream.java:335)
	at org.apache.hadoop.hdds.scm.storage.ChunkInputStream.readChunkFromContainer(ChunkInputStream.java:307)
	at org.apache.hadoop.hdds.scm.storage.ChunkInputStream.prepareRead(ChunkInputStream.java:259)
	at org.apache.hadoop.hdds.scm.storage.ChunkInputStream.read(ChunkInputStream.java:144)
	at org.apache.hadoop.hdds.scm.storage.BlockInputStream.read(BlockInputStream.java:239)
	at org.apache.hadoop.ozone.client.io.KeyInputStream.read(KeyInputStream.java:171)
	at org.apache.hadoop.ozone.client.io.OzoneInputStream.read(OzoneInputStream.java:47)
	at java.io.InputStream.read(InputStream.java:101)
	at org.apache.hadoop.ozone.container.ContainerTestHelper.validateData(ContainerTestHelper.java:709)
	at org.apache.hadoop.ozone.client.rpc.TestBlockOutputStreamWithFailures.validateData(TestBlockOutputStreamWithFailures.java:1212)
	at org.apache.hadoop.ozone.client.rpc.TestBlockOutputStreamWithFailures.testWatchForCommitDatanodeFailure(TestBlockOutputStreamWithFailures.java:393)
	at sun.reflect.NativeMethodAccessorImpl.invoke0(Native Method)
	at sun.reflect.NativeMethodAccessorImpl.invoke(NativeMethodAccessorImpl.java:62)
	at sun.reflect.DelegatingMethodAccessorImpl.invoke(DelegatingMethodAccessorImpl.java:43)
	at java.lang.reflect.Method.invoke(Method.java:498)
	at org.junit.runners.model.FrameworkMethod$1.runReflectiveCall(FrameworkMethod.java:47)
	at org.junit.internal.runners.model.ReflectiveCallable.run(ReflectiveCallable.java:12)
	at org.junit.runners.model.FrameworkMethod.invokeExplosively(FrameworkMethod.java:44)
	at org.junit.internal.runners.statements.InvokeMethod.evaluate(InvokeMethod.java:17)
	at org.junit.internal.runners.statements.RunBefores.evaluate(RunBefores.java:26)
	at org.junit.internal.runners.statements.RunAfters.evaluate(RunAfters.java:27)
	at org.junit.runners.ParentRunner.runLeaf(ParentRunner.java:271)
	at org.junit.runners.BlockJUnit4ClassRunner.runChild(BlockJUnit4ClassRunner.java:70)
	at org.junit.runners.BlockJUnit4ClassRunner.runChild(BlockJUnit4ClassRunner.java:50)
	at org.junit.runners.ParentRunner$3.run(ParentRunner.java:238)
	at org.junit.runners.ParentRunner$1.schedule(ParentRunner.java:63)
	at org.junit.runners.ParentRunner.runChildren(ParentRunner.java:236)
	at org.junit.runners.ParentRunner.access$000(ParentRunner.java:53)
	at org.junit.runners.ParentRunner$2.evaluate(ParentRunner.java:229)
	at org.junit.runners.ParentRunner.run(ParentRunner.java:309)
	at org.apache.maven.surefire.junit4.JUnit4Provider.execute(JUnit4Provider.java:365)
	at org.apache.maven.surefire.junit4.JUnit4Provider.executeWithRerun(JUnit4Provider.java:273)
	at org.apache.maven.surefire.junit4.JUnit4Provider.executeTestSet(JUnit4Provider.java:238)
	at org.apache.maven.surefire.junit4.JUnit4Provider.invoke(JUnit4Provider.java:159)
	at org.apache.maven.surefire.booter.ForkedBooter.invokeProviderInSameClassLoader(ForkedBooter.java:384)
	at org.apache.maven.surefire.booter.ForkedBooter.runSuitesInProcess(ForkedBooter.java:345)
	at org.apache.maven.surefire.booter.ForkedBooter.execute(ForkedBooter.java:126)
	at org.apache.maven.surefire.booter.ForkedBooter.main(ForkedBooter.java:418)

Aug 20, 2019 2:46:21 PM org.apache.ratis.thirdparty.io.grpc.internal.ManagedChannelOrphanWrapper$ManagedChannelReference cleanQueue
SEVERE: *~*~*~ Channel ManagedChannelImpl{logId=3225, target=192.168.69.107:32854} was not shutdown properly!!! ~*~*~*
    Make sure to call shutdown()/shutdownNow() and wait until awaitTermination() returns true.
java.lang.RuntimeException: ManagedChannel allocation site
	at org.apache.ratis.thirdparty.io.grpc.internal.ManagedChannelOrphanWrapper$ManagedChannelReference.<init>(ManagedChannelOrphanWrapper.java:103)
	at org.apache.ratis.thirdparty.io.grpc.internal.ManagedChannelOrphanWrapper.<init>(ManagedChannelOrphanWrapper.java:53)
	at org.apache.ratis.thirdparty.io.grpc.internal.ManagedChannelOrphanWrapper.<init>(ManagedChannelOrphanWrapper.java:44)
	at org.apache.ratis.thirdparty.io.grpc.internal.AbstractManagedChannelImplBuilder.build(AbstractManagedChannelImplBuilder.java:411)
	at org.apache.hadoop.hdds.scm.XceiverClientGrpc.connectToDatanode(XceiverClientGrpc.java:174)
	at org.apache.hadoop.hdds.scm.XceiverClientGrpc.reconnect(XceiverClientGrpc.java:422)
	at org.apache.hadoop.hdds.scm.XceiverClientGrpc.sendCommandAsync(XceiverClientGrpc.java:371)
	at org.apache.hadoop.hdds.scm.XceiverClientGrpc.sendCommandWithRetry(XceiverClientGrpc.java:284)
	at org.apache.hadoop.hdds.scm.XceiverClientGrpc.sendCommandWithTraceIDAndRetry(XceiverClientGrpc.java:250)
	at org.apache.hadoop.hdds.scm.XceiverClientGrpc.sendCommand(XceiverClientGrpc.java:233)
	at org.apache.hadoop.hdds.scm.storage.ContainerProtocolCalls.getBlock(ContainerProtocolCalls.java:118)
	at org.apache.hadoop.hdds.scm.storage.BlockInputStream.getChunkInfos(BlockInputStream.java:167)
	at org.apache.hadoop.hdds.scm.storage.BlockInputStream.initialize(BlockInputStream.java:118)
	at org.apache.hadoop.hdds.scm.storage.BlockInputStream.read(BlockInputStream.java:222)
	at org.apache.hadoop.ozone.client.io.KeyInputStream.read(KeyInputStream.java:171)
	at org.apache.hadoop.ozone.client.io.OzoneInputStream.read(OzoneInputStream.java:47)
	at java.io.InputStream.read(InputStream.java:101)
	at org.apache.hadoop.ozone.container.ContainerTestHelper.validateData(ContainerTestHelper.java:709)
	at org.apache.hadoop.ozone.client.rpc.TestBlockOutputStreamWithFailures.validateData(TestBlockOutputStreamWithFailures.java:1212)
	at org.apache.hadoop.ozone.client.rpc.TestBlockOutputStreamWithFailures.testWatchForCommitDatanodeFailure(TestBlockOutputStreamWithFailures.java:393)
	at sun.reflect.NativeMethodAccessorImpl.invoke0(Native Method)
	at sun.reflect.NativeMethodAccessorImpl.invoke(NativeMethodAccessorImpl.java:62)
	at sun.reflect.DelegatingMethodAccessorImpl.invoke(DelegatingMethodAccessorImpl.java:43)
	at java.lang.reflect.Method.invoke(Method.java:498)
	at org.junit.runners.model.FrameworkMethod$1.runReflectiveCall(FrameworkMethod.java:47)
	at org.junit.internal.runners.model.ReflectiveCallable.run(ReflectiveCallable.java:12)
	at org.junit.runners.model.FrameworkMethod.invokeExplosively(FrameworkMethod.java:44)
	at org.junit.internal.runners.statements.InvokeMethod.evaluate(InvokeMethod.java:17)
	at org.junit.internal.runners.statements.RunBefores.evaluate(RunBefores.java:26)
	at org.junit.internal.runners.statements.RunAfters.evaluate(RunAfters.java:27)
	at org.junit.runners.ParentRunner.runLeaf(ParentRunner.java:271)
	at org.junit.runners.BlockJUnit4ClassRunner.runChild(BlockJUnit4ClassRunner.java:70)
	at org.junit.runners.BlockJUnit4ClassRunner.runChild(BlockJUnit4ClassRunner.java:50)
	at org.junit.runners.ParentRunner$3.run(ParentRunner.java:238)
	at org.junit.runners.ParentRunner$1.schedule(ParentRunner.java:63)
	at org.junit.runners.ParentRunner.runChildren(ParentRunner.java:236)
	at org.junit.runners.ParentRunner.access$000(ParentRunner.java:53)
	at org.junit.runners.ParentRunner$2.evaluate(ParentRunner.java:229)
	at org.junit.runners.ParentRunner.run(ParentRunner.java:309)
	at org.apache.maven.surefire.junit4.JUnit4Provider.execute(JUnit4Provider.java:365)
	at org.apache.maven.surefire.junit4.JUnit4Provider.executeWithRerun(JUnit4Provider.java:273)
	at org.apache.maven.surefire.junit4.JUnit4Provider.executeTestSet(JUnit4Provider.java:238)
	at org.apache.maven.surefire.junit4.JUnit4Provider.invoke(JUnit4Provider.java:159)
	at org.apache.maven.surefire.booter.ForkedBooter.invokeProviderInSameClassLoader(ForkedBooter.java:384)
	at org.apache.maven.surefire.booter.ForkedBooter.runSuitesInProcess(ForkedBooter.java:345)
	at org.apache.maven.surefire.booter.ForkedBooter.execute(ForkedBooter.java:126)
	at org.apache.maven.surefire.booter.ForkedBooter.main(ForkedBooter.java:418)

]]></system-err>
  </testcase>
  <testcase name="testWatchForCommitWithCloseContainerException" classname="org.apache.hadoop.ozone.client.rpc.TestBlockOutputStreamWithFailures" time="35.676"/>
  <testcase name="testExceptionDuringClose" classname="org.apache.hadoop.ozone.client.rpc.TestBlockOutputStreamWithFailures" time="36.017"/>
</testsuite>