<?xml version="1.0" encoding="UTF-8"?>
<testsuite xmlns:xsi="http://www.w3.org/2001/XMLSchema-instance" xsi:noNamespaceSchemaLocation="https://maven.apache.org/surefire/maven-surefire-plugin/xsd/surefire-test-report.xsd" name="org.apache.hadoop.ozone.client.rpc.TestMultiBlockWritesWithDnFailures" time="115.952" tests="2" errors="1" skipped="0" failures="0">
  <properties>
    <property name="awt.toolkit" value="sun.awt.X11.XToolkit"/>
    <property name="file.encoding.pkg" value="sun.io"/>
    <property name="java.specification.version" value="1.8"/>
    <property name="sun.cpu.isalist" value=""/>
    <property name="sun.jnu.encoding" value="UTF-8"/>
    <property name="java.class.path" value="/workdir/hadoop-ozone/integration-test/target/test-classes:/workdir/hadoop-ozone/integration-test/target/classes:/home/user/.m2/repository/org/apache/hadoop/hadoop-ozone-common/0.5.0-SNAPSHOT/hadoop-ozone-common-0.5.0-SNAPSHOT.jar:/home/user/.m2/repository/org/apache/commons/commons-compress/1.4.1/commons-compress-1.4.1.jar:/home/user/.m2/repository/org/tukaani/xz/1.0/xz-1.0.jar:/home/user/.m2/repository/org/apache/hadoop/hadoop-common/3.2.0/hadoop-common-3.2.0.jar:/home/user/.m2/repository/org/apache/hadoop/hadoop-hdfs/3.2.0/hadoop-hdfs-3.2.0.jar:/home/user/.m2/repository/org/apache/hadoop/hadoop-hdfs-client/3.2.0/hadoop-hdfs-client-3.2.0.jar:/home/user/.m2/repository/com/fasterxml/jackson/core/jackson-annotations/2.9.9/jackson-annotations-2.9.9.jar:/home/user/.m2/repository/org/apache/hadoop/hadoop-hdds-common/0.5.0-SNAPSHOT/hadoop-hdds-common-0.5.0-SNAPSHOT.jar:/home/user/.m2/repository/javax/annotation/javax.annotation-api/1.2/javax.annotation-api-1.2.jar:/home/user/.m2/repository/org/apache/ratis/ratis-server/0.4.0/ratis-server-0.4.0.jar:/home/user/.m2/repository/org/apache/ratis/ratis-thirdparty-misc/0.2.0/ratis-thirdparty-misc-0.2.0.jar:/home/user/.m2/repository/org/apache/ratis/ratis-proto/0.4.0/ratis-proto-0.4.0.jar:/home/user/.m2/repository/org/apache/ratis/ratis-common/0.4.0/ratis-common-0.4.0.jar:/home/user/.m2/repository/org/apache/ratis/ratis-client/0.4.0/ratis-client-0.4.0.jar:/home/user/.m2/repository/org/apache/ratis/ratis-metrics/0.4.0/ratis-metrics-0.4.0.jar:/home/user/.m2/repository/com/github/joshelser/dropwizard-metrics-hadoop-metrics2-reporter/0.1.2/dropwizard-metrics-hadoop-metrics2-reporter-0.1.2.jar:/home/user/.m2/repository/io/dropwizard/metrics/metrics-jvm/3.2.5/metrics-jvm-3.2.5.jar:/home/user/.m2/repository/io/dropwizard/metrics/metrics-ganglia/3.2.5/metrics-ganglia-3.2.5.jar:/home/user/.m2/repository/info/ganglia/gmetric4j/gmetric4j/1.0.7/gmetric4j-1.0.7.jar:/home/user/.m2/repository/org/apache/ratis/ratis-netty/0.4.0/ratis-netty-0.4.0.jar:/home/user/.m2/repository/org/apache/ratis/ratis-grpc/0.4.0/ratis-grpc-0.4.0.jar:/home/user/.m2/repository/org/rocksdb/rocksdbjni/6.0.1/rocksdbjni-6.0.1.jar:/home/user/.m2/repository/org/apache/logging/log4j/log4j-api/2.11.0/log4j-api-2.11.0.jar:/home/user/.m2/repository/org/apache/logging/log4j/log4j-core/2.11.0/log4j-core-2.11.0.jar:/home/user/.m2/repository/com/lmax/disruptor/3.4.2/disruptor-3.4.2.jar:/home/user/.m2/repository/org/apache/commons/commons-pool2/2.6.0/commons-pool2-2.6.0.jar:/home/user/.m2/repository/org/bouncycastle/bcpkix-jdk15on/1.60/bcpkix-jdk15on-1.60.jar:/home/user/.m2/repository/commons-validator/commons-validator/1.6/commons-validator-1.6.jar:/home/user/.m2/repository/commons-digester/commons-digester/1.8.1/commons-digester-1.8.1.jar:/home/user/.m2/repository/io/jaegertracing/jaeger-client/0.34.0/jaeger-client-0.34.0.jar:/home/user/.m2/repository/io/jaegertracing/jaeger-thrift/0.34.0/jaeger-thrift-0.34.0.jar:/home/user/.m2/repository/org/apache/thrift/libthrift/0.12.0/libthrift-0.12.0.jar:/home/user/.m2/repository/com/squareup/okhttp3/okhttp/3.9.0/okhttp-3.9.0.jar:/home/user/.m2/repository/com/squareup/okio/okio/1.13.0/okio-1.13.0.jar:/home/user/.m2/repository/io/jaegertracing/jaeger-core/0.34.0/jaeger-core-0.34.0.jar:/home/user/.m2/repository/io/jaegertracing/jaeger-tracerresolver/0.34.0/jaeger-tracerresolver-0.34.0.jar:/home/user/.m2/repository/io/opentracing/contrib/opentracing-tracerresolver/0.1.5/opentracing-tracerresolver-0.1.5.jar:/home/user/.m2/repository/io/opentracing/opentracing-util/0.31.0/opentracing-util-0.31.0.jar:/home/user/.m2/repository/io/opentracing/opentracing-api/0.31.0/opentracing-api-0.31.0.jar:/home/user/.m2/repository/io/opentracing/opentracing-noop/0.31.0/opentracing-noop-0.31.0.jar:/home/user/.m2/repository/org/apache/hadoop/hadoop-hdds-server-framework/0.5.0-SNAPSHOT/hadoop-hdds-server-framework-0.5.0-SNAPSHOT.jar:/home/user/.m2/repository/org/apache/hadoop/hadoop-hdds-container-service/0.5.0-SNAPSHOT/hadoop-hdds-container-service-0.5.0-SNAPSHOT.jar:/home/user/.m2/repository/org/apache/hadoop/hadoop-hdds-client/0.5.0-SNAPSHOT/hadoop-hdds-client-0.5.0-SNAPSHOT.jar:/home/user/.m2/repository/org/apache/hadoop/hadoop-hdds-tools/0.5.0-SNAPSHOT/hadoop-hdds-tools-0.5.0-SNAPSHOT.jar:/home/user/.m2/repository/org/apache/hadoop/hadoop-hdds-server-scm/0.5.0-SNAPSHOT/hadoop-hdds-server-scm-0.5.0-SNAPSHOT.jar:/home/user/.m2/repository/org/apache/hadoop/hadoop-hdds-docs/0.5.0-SNAPSHOT/hadoop-hdds-docs-0.5.0-SNAPSHOT.jar:/home/user/.m2/repository/io/dropwizard/metrics/metrics-core/3.2.4/metrics-core-3.2.4.jar:/home/user/.m2/repository/org/hamcrest/hamcrest-all/1.3/hamcrest-all-1.3.jar:/home/user/.m2/repository/org/bouncycastle/bcprov-jdk15on/1.60/bcprov-jdk15on-1.60.jar:/home/user/.m2/repository/info/picocli/picocli/3.9.6/picocli-3.9.6.jar:/home/user/.m2/repository/com/google/protobuf/protobuf-java/2.5.0/protobuf-java-2.5.0.jar:/home/user/.m2/repository/com/google/guava/guava/11.0.2/guava-11.0.2.jar:/home/user/.m2/repository/org/apache/hadoop/hadoop-ozone-ozone-manager/0.5.0-SNAPSHOT/hadoop-ozone-ozone-manager-0.5.0-SNAPSHOT.jar:/home/user/.m2/repository/org/apache/hadoop/hadoop-minikdc/3.2.0/hadoop-minikdc-3.2.0.jar:/home/user/.m2/repository/commons-io/commons-io/2.5/commons-io-2.5.jar:/home/user/.m2/repository/org/apache/kerby/kerb-simplekdc/1.0.1/kerb-simplekdc-1.0.1.jar:/home/user/.m2/repository/org/apache/kerby/kerb-client/1.0.1/kerb-client-1.0.1.jar:/home/user/.m2/repository/org/apache/kerby/kerby-config/1.0.1/kerby-config-1.0.1.jar:/home/user/.m2/repository/org/apache/kerby/kerb-core/1.0.1/kerb-core-1.0.1.jar:/home/user/.m2/repository/org/apache/kerby/kerby-pkix/1.0.1/kerby-pkix-1.0.1.jar:/home/user/.m2/repository/org/apache/kerby/kerby-asn1/1.0.1/kerby-asn1-1.0.1.jar:/home/user/.m2/repository/org/apache/kerby/kerby-util/1.0.1/kerby-util-1.0.1.jar:/home/user/.m2/repository/org/apache/kerby/kerb-common/1.0.1/kerb-common-1.0.1.jar:/home/user/.m2/repository/org/apache/kerby/kerb-crypto/1.0.1/kerb-crypto-1.0.1.jar:/home/user/.m2/repository/org/apache/kerby/kerb-util/1.0.1/kerb-util-1.0.1.jar:/home/user/.m2/repository/org/apache/kerby/token-provider/1.0.1/token-provider-1.0.1.jar:/home/user/.m2/repository/org/apache/kerby/kerb-admin/1.0.1/kerb-admin-1.0.1.jar:/home/user/.m2/repository/org/apache/kerby/kerb-server/1.0.1/kerb-server-1.0.1.jar:/home/user/.m2/repository/org/apache/kerby/kerb-identity/1.0.1/kerb-identity-1.0.1.jar:/home/user/.m2/repository/org/apache/kerby/kerby-xdr/1.0.1/kerby-xdr-1.0.1.jar:/home/user/.m2/repository/org/slf4j/slf4j-log4j12/1.7.25/slf4j-log4j12-1.7.25.jar:/home/user/.m2/repository/org/apache/hadoop/hadoop-ozone-s3gateway/0.5.0-SNAPSHOT/hadoop-ozone-s3gateway-0.5.0-SNAPSHOT.jar:/home/user/.m2/repository/org/jboss/weld/servlet/weld-servlet/2.4.7.Final/weld-servlet-2.4.7.Final.jar:/home/user/.m2/repository/org/glassfish/jersey/containers/jersey-container-servlet-core/2.27/jersey-container-servlet-core-2.27.jar:/home/user/.m2/repository/org/glassfish/hk2/external/javax.inject/2.5.0-b42/javax.inject-2.5.0-b42.jar:/home/user/.m2/repository/org/glassfish/jersey/core/jersey-common/2.27/jersey-common-2.27.jar:/home/user/.m2/repository/org/glassfish/hk2/osgi-resource-locator/1.0.1/osgi-resource-locator-1.0.1.jar:/home/user/.m2/repository/javax/ws/rs/javax.ws.rs-api/2.1/javax.ws.rs-api-2.1.jar:/home/user/.m2/repository/org/glassfish/jersey/ext/cdi/jersey-cdi1x/2.27/jersey-cdi1x-2.27.jar:/home/user/.m2/repository/org/glassfish/jersey/inject/jersey-hk2/2.27/jersey-hk2-2.27.jar:/home/user/.m2/repository/org/glassfish/hk2/hk2-locator/2.5.0-b42/hk2-locator-2.5.0-b42.jar:/home/user/.m2/repository/org/javassist/javassist/3.22.0-CR2/javassist-3.22.0-CR2.jar:/home/user/.m2/repository/org/glassfish/hk2/hk2-api/2.5.0/hk2-api-2.5.0.jar:/home/user/.m2/repository/org/glassfish/hk2/external/jakarta.inject/2.5.0/jakarta.inject-2.5.0.jar:/home/user/.m2/repository/org/glassfish/hk2/hk2-utils/2.5.0/hk2-utils-2.5.0.jar:/home/user/.m2/repository/jakarta/annotation/jakarta.annotation-api/1.3.4/jakarta.annotation-api-1.3.4.jar:/home/user/.m2/repository/org/glassfish/hk2/external/aopalliance-repackaged/2.5.0/aopalliance-repackaged-2.5.0.jar:/home/user/.m2/repository/com/fasterxml/jackson/dataformat/jackson-dataformat-xml/2.9.0/jackson-dataformat-xml-2.9.0.jar:/home/user/.m2/repository/com/fasterxml/jackson/core/jackson-core/2.9.9/jackson-core-2.9.9.jar:/home/user/.m2/repository/com/fasterxml/jackson/module/jackson-module-jaxb-annotations/2.9.9/jackson-module-jaxb-annotations-2.9.9.jar:/home/user/.m2/repository/javax/enterprise/cdi-api/1.2/cdi-api-1.2.jar:/home/user/.m2/repository/javax/el/javax.el-api/3.0.0/javax.el-api-3.0.0.jar:/home/user/.m2/repository/javax/interceptor/javax.interceptor-api/1.2/javax.interceptor-api-1.2.jar:/home/user/.m2/repository/javax/inject/javax.inject/1/javax.inject-1.jar:/home/user/.m2/repository/com/sun/xml/bind/jaxb-impl/2.3.0.1/jaxb-impl-2.3.0.1.jar:/home/user/.m2/repository/com/sun/xml/bind/jaxb-core/2.3.0.1/jaxb-core-2.3.0.1.jar:/home/user/.m2/repository/javax/xml/bind/jaxb-api/2.3.0/jaxb-api-2.3.0.jar:/home/user/.m2/repository/javax/activation/activation/1.1.1/activation-1.1.1.jar:/home/user/.m2/repository/org/apache/hadoop/hadoop-ozone-csi/0.5.0-SNAPSHOT/hadoop-ozone-csi-0.5.0-SNAPSHOT.jar:/home/user/.m2/repository/com/google/protobuf/protobuf-java-util/3.5.1/protobuf-java-util-3.5.1.jar:/home/user/.m2/repository/org/apache/hadoop/hadoop-hdds-config/0.5.0-SNAPSHOT/hadoop-hdds-config-0.5.0-SNAPSHOT.jar:/home/user/.m2/repository/io/grpc/grpc-netty/1.17.1/grpc-netty-1.17.1.jar:/home/user/.m2/repository/io/grpc/grpc-core/1.17.1/grpc-core-1.17.1.jar:/home/user/.m2/repository/io/grpc/grpc-context/1.17.1/grpc-context-1.17.1.jar:/home/user/.m2/repository/com/google/errorprone/error_prone_annotations/2.2.0/error_prone_annotations-2.2.0.jar:/home/user/.m2/repository/org/codehaus/mojo/animal-sniffer-annotations/1.17/animal-sniffer-annotations-1.17.jar:/home/user/.m2/repository/io/opencensus/opencensus-api/0.17.0/opencensus-api-0.17.0.jar:/home/user/.m2/repository/io/opencensus/opencensus-contrib-grpc-metrics/0.17.0/opencensus-contrib-grpc-metrics-0.17.0.jar:/home/user/.m2/repository/io/netty/netty-codec-http2/4.1.30.Final/netty-codec-http2-4.1.30.Final.jar:/home/user/.m2/repository/io/netty/netty-codec-http/4.1.30.Final/netty-codec-http-4.1.30.Final.jar:/home/user/.m2/repository/io/netty/netty-codec/4.1.30.Final/netty-codec-4.1.30.Final.jar:/home/user/.m2/repository/io/netty/netty-handler/4.1.30.Final/netty-handler-4.1.30.Final.jar:/home/user/.m2/repository/io/netty/netty-handler-proxy/4.1.30.Final/netty-handler-proxy-4.1.30.Final.jar:/home/user/.m2/repository/io/netty/netty-codec-socks/4.1.30.Final/netty-codec-socks-4.1.30.Final.jar:/home/user/.m2/repository/io/netty/netty-transport-native-epoll/4.1.30.Final/netty-transport-native-epoll-4.1.30.Final.jar:/home/user/.m2/repository/io/netty/netty-common/4.1.30.Final/netty-common-4.1.30.Final.jar:/home/user/.m2/repository/io/netty/netty-buffer/4.1.30.Final/netty-buffer-4.1.30.Final.jar:/home/user/.m2/repository/io/netty/netty-transport/4.1.30.Final/netty-transport-4.1.30.Final.jar:/home/user/.m2/repository/io/netty/netty-resolver/4.1.30.Final/netty-resolver-4.1.30.Final.jar:/home/user/.m2/repository/io/netty/netty-transport-native-unix-common/4.1.30.Final/netty-transport-native-unix-common-4.1.30.Final.jar:/home/user/.m2/repository/io/grpc/grpc-protobuf/1.17.1/grpc-protobuf-1.17.1.jar:/home/user/.m2/repository/com/google/api/grpc/proto-google-common-protos/1.0.0/proto-google-common-protos-1.0.0.jar:/home/user/.m2/repository/io/grpc/grpc-protobuf-lite/1.17.1/grpc-protobuf-lite-1.17.1.jar:/home/user/.m2/repository/io/grpc/grpc-stub/1.17.1/grpc-stub-1.17.1.jar:/home/user/.m2/repository/org/apache/hadoop/hadoop-ozone-recon/0.5.0-SNAPSHOT/hadoop-ozone-recon-0.5.0-SNAPSHOT.jar:/home/user/.m2/repository/org/apache/hadoop/hadoop-ozone-reconcodegen/0.5.0-SNAPSHOT/hadoop-ozone-reconcodegen-0.5.0-SNAPSHOT.jar:/home/user/.m2/repository/com/google/inject/extensions/guice-multibindings/4.0/guice-multibindings-4.0.jar:/home/user/.m2/repository/com/google/inject/guice/4.0/guice-4.0.jar:/home/user/.m2/repository/aopalliance/aopalliance/1.0/aopalliance-1.0.jar:/home/user/.m2/repository/com/google/inject/extensions/guice-servlet/4.0/guice-servlet-4.0.jar:/home/user/.m2/repository/org/glassfish/jersey/containers/jersey-container-servlet/2.27/jersey-container-servlet-2.27.jar:/home/user/.m2/repository/org/glassfish/hk2/guice-bridge/2.5.0/guice-bridge-2.5.0.jar:/home/user/.m2/repository/org/glassfish/jersey/core/jersey-server/2.27/jersey-server-2.27.jar:/home/user/.m2/repository/org/glassfish/jersey/core/jersey-client/2.27/jersey-client-2.27.jar:/home/user/.m2/repository/org/glassfish/jersey/media/jersey-media-jaxb/2.27/jersey-media-jaxb-2.27.jar:/home/user/.m2/repository/javax/validation/validation-api/1.1.0.Final/validation-api-1.1.0.Final.jar:/home/user/.m2/repository/org/glassfish/jersey/media/jersey-media-json-jackson/2.27/jersey-media-json-jackson-2.27.jar:/home/user/.m2/repository/org/glassfish/jersey/ext/jersey-entity-filtering/2.27/jersey-entity-filtering-2.27.jar:/home/user/.m2/repository/com/google/inject/extensions/guice-assistedinject/4.0/guice-assistedinject-4.0.jar:/home/user/.m2/repository/org/jooq/jooq/3.11.10/jooq-3.11.10.jar:/home/user/.m2/repository/org/jooq/jooq-meta/3.11.10/jooq-meta-3.11.10.jar:/home/user/.m2/repository/org/jooq/jooq-codegen/3.11.10/jooq-codegen-3.11.10.jar:/home/user/.m2/repository/com/jolbox/bonecp/0.8.0.RELEASE/bonecp-0.8.0.RELEASE.jar:/home/user/.m2/repository/org/xerial/sqlite-jdbc/3.25.2/sqlite-jdbc-3.25.2.jar:/home/user/.m2/repository/org/springframework/spring-jdbc/5.1.3.RELEASE/spring-jdbc-5.1.3.RELEASE.jar:/home/user/.m2/repository/org/springframework/spring-beans/5.1.3.RELEASE/spring-beans-5.1.3.RELEASE.jar:/home/user/.m2/repository/org/springframework/spring-core/5.1.3.RELEASE/spring-core-5.1.3.RELEASE.jar:/home/user/.m2/repository/org/springframework/spring-jcl/5.1.3.RELEASE/spring-jcl-5.1.3.RELEASE.jar:/home/user/.m2/repository/org/springframework/spring-tx/5.1.3.RELEASE/spring-tx-5.1.3.RELEASE.jar:/home/user/.m2/repository/org/apache/hadoop/hadoop-ozone-client/0.5.0-SNAPSHOT/hadoop-ozone-client-0.5.0-SNAPSHOT.jar:/home/user/.m2/repository/commons-lang/commons-lang/2.6/commons-lang-2.6.jar:/home/user/.m2/repository/org/apache/hadoop/hadoop-ozone-ozone-manager/0.5.0-SNAPSHOT/hadoop-ozone-ozone-manager-0.5.0-SNAPSHOT-tests.jar:/home/user/.m2/repository/junit/junit/4.11/junit-4.11.jar:/home/user/.m2/repository/org/hamcrest/hamcrest-core/1.3/hamcrest-core-1.3.jar:/home/user/.m2/repository/org/openjdk/jmh/jmh-core/1.19/jmh-core-1.19.jar:/home/user/.m2/repository/net/sf/jopt-simple/jopt-simple/4.6/jopt-simple-4.6.jar:/home/user/.m2/repository/org/apache/commons/commons-math3/3.1.1/commons-math3-3.1.1.jar:/home/user/.m2/repository/org/openjdk/jmh/jmh-generator-annprocess/1.19/jmh-generator-annprocess-1.19.jar:/home/user/.m2/repository/org/mockito/mockito-all/1.8.5/mockito-all-1.8.5.jar:/home/user/.m2/repository/org/apache/hadoop/hadoop-kms/3.2.0/hadoop-kms-3.2.0.jar:/home/user/.m2/repository/org/apache/hadoop/hadoop-auth/3.2.0/hadoop-auth-3.2.0.jar:/home/user/.m2/repository/com/nimbusds/nimbus-jose-jwt/4.41.1/nimbus-jose-jwt-4.41.1.jar:/home/user/.m2/repository/com/github/stephenc/jcip/jcip-annotations/1.0-1/jcip-annotations-1.0-1.jar:/home/user/.m2/repository/net/minidev/json-smart/2.3/json-smart-2.3.jar:/home/user/.m2/repository/net/minidev/accessors-smart/1.2/accessors-smart-1.2.jar:/home/user/.m2/repository/org/ow2/asm/asm/5.0.4/asm-5.0.4.jar:/home/user/.m2/repository/org/apache/curator/curator-framework/2.12.0/curator-framework-2.12.0.jar:/home/user/.m2/repository/com/sun/jersey/jersey-core/1.19/jersey-core-1.19.jar:/home/user/.m2/repository/javax/ws/rs/jsr311-api/1.1.1/jsr311-api-1.1.1.jar:/home/user/.m2/repository/com/sun/jersey/jersey-server/1.19/jersey-server-1.19.jar:/home/user/.m2/repository/javax/servlet/javax.servlet-api/3.1.0/javax.servlet-api-3.1.0.jar:/home/user/.m2/repository/org/eclipse/jetty/jetty-server/9.3.25.v20180904/jetty-server-9.3.25.v20180904.jar:/home/user/.m2/repository/org/eclipse/jetty/jetty-http/9.3.25.v20180904/jetty-http-9.3.25.v20180904.jar:/home/user/.m2/repository/org/eclipse/jetty/jetty-io/9.3.25.v20180904/jetty-io-9.3.25.v20180904.jar:/home/user/.m2/repository/org/eclipse/jetty/jetty-webapp/9.3.25.v20180904/jetty-webapp-9.3.25.v20180904.jar:/home/user/.m2/repository/org/eclipse/jetty/jetty-xml/9.3.25.v20180904/jetty-xml-9.3.25.v20180904.jar:/home/user/.m2/repository/log4j/log4j/1.2.17/log4j-1.2.17.jar:/home/user/.m2/repository/org/slf4j/slf4j-api/1.7.25/slf4j-api-1.7.25.jar:/home/user/.m2/repository/org/slf4j/jul-to-slf4j/1.7.25/jul-to-slf4j-1.7.25.jar:/home/user/.m2/repository/org/eclipse/jetty/jetty-util/9.3.25.v20180904/jetty-util-9.3.25.v20180904.jar:/home/user/.m2/repository/com/fasterxml/jackson/core/jackson-databind/2.9.9/jackson-databind-2.9.9.jar:/home/user/.m2/repository/org/apache/hadoop/hadoop-kms/3.2.0/hadoop-kms-3.2.0-tests.jar:/home/user/.m2/repository/org/apache/hadoop/hadoop-hdds-server-scm/0.5.0-SNAPSHOT/hadoop-hdds-server-scm-0.5.0-SNAPSHOT-tests.jar:/home/user/.m2/repository/org/apache/hadoop/hadoop-hdds-container-service/0.5.0-SNAPSHOT/hadoop-hdds-container-service-0.5.0-SNAPSHOT-tests.jar:/home/user/.m2/repository/org/yaml/snakeyaml/1.16/snakeyaml-1.16.jar:/home/user/.m2/repository/org/apache/hadoop/hadoop-common/3.2.0/hadoop-common-3.2.0-tests.jar:/home/user/.m2/repository/org/apache/hadoop/hadoop-annotations/3.2.0/hadoop-annotations-3.2.0.jar:/usr/lib/jvm/java-1.8-openjdk/jre/../lib/tools.jar:/home/user/.m2/repository/commons-cli/commons-cli/1.2/commons-cli-1.2.jar:/home/user/.m2/repository/org/apache/httpcomponents/httpclient/4.5.2/httpclient-4.5.2.jar:/home/user/.m2/repository/org/apache/httpcomponents/httpcore/4.4.4/httpcore-4.4.4.jar:/home/user/.m2/repository/commons-codec/commons-codec/1.11/commons-codec-1.11.jar:/home/user/.m2/repository/commons-net/commons-net/3.6/commons-net-3.6.jar:/home/user/.m2/repository/commons-collections/commons-collections/3.2.2/commons-collections-3.2.2.jar:/home/user/.m2/repository/org/eclipse/jetty/jetty-servlet/9.3.25.v20180904/jetty-servlet-9.3.25.v20180904.jar:/home/user/.m2/repository/org/eclipse/jetty/jetty-security/9.3.25.v20180904/jetty-security-9.3.25.v20180904.jar:/home/user/.m2/repository/javax/servlet/jsp/jsp-api/2.1/jsp-api-2.1.jar:/home/user/.m2/repository/com/sun/jersey/jersey-servlet/1.19/jersey-servlet-1.19.jar:/home/user/.m2/repository/com/sun/jersey/jersey-json/1.19/jersey-json-1.19.jar:/home/user/.m2/repository/org/codehaus/jettison/jettison/1.1/jettison-1.1.jar:/home/user/.m2/repository/org/codehaus/jackson/jackson-core-asl/1.9.13/jackson-core-asl-1.9.13.jar:/home/user/.m2/repository/org/codehaus/jackson/jackson-mapper-asl/1.9.13/jackson-mapper-asl-1.9.13.jar:/home/user/.m2/repository/org/codehaus/jackson/jackson-jaxrs/1.9.13/jackson-jaxrs-1.9.13.jar:/home/user/.m2/repository/org/codehaus/jackson/jackson-xc/1.9.13/jackson-xc-1.9.13.jar:/home/user/.m2/repository/commons-logging/commons-logging/1.1.3/commons-logging-1.1.3.jar:/home/user/.m2/repository/commons-beanutils/commons-beanutils/1.9.4/commons-beanutils-1.9.4.jar:/home/user/.m2/repository/org/apache/commons/commons-configuration2/2.1.1/commons-configuration2-2.1.1.jar:/home/user/.m2/repository/org/apache/commons/commons-lang3/3.7/commons-lang3-3.7.jar:/home/user/.m2/repository/org/apache/commons/commons-text/1.4/commons-text-1.4.jar:/home/user/.m2/repository/org/apache/avro/avro/1.7.7/avro-1.7.7.jar:/home/user/.m2/repository/com/thoughtworks/paranamer/paranamer/2.3/paranamer-2.3.jar:/home/user/.m2/repository/org/xerial/snappy/snappy-java/1.0.5/snappy-java-1.0.5.jar:/home/user/.m2/repository/com/google/re2j/re2j/1.1/re2j-1.1.jar:/home/user/.m2/repository/com/google/code/gson/gson/2.2.4/gson-2.2.4.jar:/home/user/.m2/repository/com/jcraft/jsch/0.1.54/jsch-0.1.54.jar:/home/user/.m2/repository/org/apache/curator/curator-client/2.12.0/curator-client-2.12.0.jar:/home/user/.m2/repository/org/apache/curator/curator-recipes/2.12.0/curator-recipes-2.12.0.jar:/home/user/.m2/repository/com/google/code/findbugs/jsr305/3.0.0/jsr305-3.0.0.jar:/home/user/.m2/repository/org/apache/htrace/htrace-core4/4.1.0-incubating/htrace-core4-4.1.0-incubating.jar:/home/user/.m2/repository/org/apache/zookeeper/zookeeper/3.4.13/zookeeper-3.4.13.jar:/home/user/.m2/repository/jline/jline/0.9.94/jline-0.9.94.jar:/home/user/.m2/repository/org/apache/yetus/audience-annotations/0.5.0/audience-annotations-0.5.0.jar:/home/user/.m2/repository/org/codehaus/woodstox/stax2-api/3.1.4/stax2-api-3.1.4.jar:/home/user/.m2/repository/com/fasterxml/woodstox/woodstox-core/5.0.3/woodstox-core-5.0.3.jar:/home/user/.m2/repository/dnsjava/dnsjava/2.1.7/dnsjava-2.1.7.jar:/home/user/.m2/repository/org/apache/hadoop/hadoop-hdfs/3.2.0/hadoop-hdfs-3.2.0-tests.jar:/home/user/.m2/repository/org/eclipse/jetty/jetty-util-ajax/9.3.25.v20180904/jetty-util-ajax-9.3.25.v20180904.jar:/home/user/.m2/repository/commons-daemon/commons-daemon/1.0.13/commons-daemon-1.0.13.jar:/home/user/.m2/repository/io/netty/netty/3.10.5.Final/netty-3.10.5.Final.jar:/home/user/.m2/repository/io/netty/netty-all/4.0.52.Final/netty-all-4.0.52.Final.jar:/home/user/.m2/repository/org/fusesource/leveldbjni/leveldbjni-all/1.8/leveldbjni-all-1.8.jar:"/>
    <property name="java.vm.vendor" value="IcedTea"/>
    <property name="sun.arch.data.model" value="64"/>
    <property name="test.build.dir" value="/workdir/hadoop-ozone/integration-test/target/test-dir"/>
    <property name="test.cache.data" value=""/>
    <property name="java.vendor.url" value="https://icedtea.classpath.org"/>
    <property name="user.timezone" value=""/>
    <property name="java.vm.specification.version" value="1.8"/>
    <property name="os.name" value="Linux"/>
    <property name="test.build.data" value="/workdir/hadoop-ozone/integration-test/target/test-dir"/>
    <property name="user.country" value="US"/>
    <property name="sun.java.launcher" value="SUN_STANDARD"/>
    <property name="sun.boot.library.path" value="/usr/lib/jvm/java-1.8-openjdk/jre/lib/amd64"/>
    <property name="sun.java.command" value="/workdir/hadoop-ozone/integration-test/target/surefire/surefirebooter3134076473752907227.jar /workdir/hadoop-ozone/integration-test/target/surefire 2019-09-25T05-38-44_143-jvmRun1 surefire7706494341128427189tmp surefire_482804846844781203341tmp"/>
    <property name="test" value="!TestMiniChaosOzoneCluster"/>
    <property name="surefire.test.class.path" value="/workdir/hadoop-ozone/integration-test/target/test-classes:/workdir/hadoop-ozone/integration-test/target/classes:/home/user/.m2/repository/org/apache/hadoop/hadoop-ozone-common/0.5.0-SNAPSHOT/hadoop-ozone-common-0.5.0-SNAPSHOT.jar:/home/user/.m2/repository/org/apache/commons/commons-compress/1.4.1/commons-compress-1.4.1.jar:/home/user/.m2/repository/org/tukaani/xz/1.0/xz-1.0.jar:/home/user/.m2/repository/org/apache/hadoop/hadoop-common/3.2.0/hadoop-common-3.2.0.jar:/home/user/.m2/repository/org/apache/hadoop/hadoop-hdfs/3.2.0/hadoop-hdfs-3.2.0.jar:/home/user/.m2/repository/org/apache/hadoop/hadoop-hdfs-client/3.2.0/hadoop-hdfs-client-3.2.0.jar:/home/user/.m2/repository/com/fasterxml/jackson/core/jackson-annotations/2.9.9/jackson-annotations-2.9.9.jar:/home/user/.m2/repository/org/apache/hadoop/hadoop-hdds-common/0.5.0-SNAPSHOT/hadoop-hdds-common-0.5.0-SNAPSHOT.jar:/home/user/.m2/repository/javax/annotation/javax.annotation-api/1.2/javax.annotation-api-1.2.jar:/home/user/.m2/repository/org/apache/ratis/ratis-server/0.4.0/ratis-server-0.4.0.jar:/home/user/.m2/repository/org/apache/ratis/ratis-thirdparty-misc/0.2.0/ratis-thirdparty-misc-0.2.0.jar:/home/user/.m2/repository/org/apache/ratis/ratis-proto/0.4.0/ratis-proto-0.4.0.jar:/home/user/.m2/repository/org/apache/ratis/ratis-common/0.4.0/ratis-common-0.4.0.jar:/home/user/.m2/repository/org/apache/ratis/ratis-client/0.4.0/ratis-client-0.4.0.jar:/home/user/.m2/repository/org/apache/ratis/ratis-metrics/0.4.0/ratis-metrics-0.4.0.jar:/home/user/.m2/repository/com/github/joshelser/dropwizard-metrics-hadoop-metrics2-reporter/0.1.2/dropwizard-metrics-hadoop-metrics2-reporter-0.1.2.jar:/home/user/.m2/repository/io/dropwizard/metrics/metrics-jvm/3.2.5/metrics-jvm-3.2.5.jar:/home/user/.m2/repository/io/dropwizard/metrics/metrics-ganglia/3.2.5/metrics-ganglia-3.2.5.jar:/home/user/.m2/repository/info/ganglia/gmetric4j/gmetric4j/1.0.7/gmetric4j-1.0.7.jar:/home/user/.m2/repository/org/apache/ratis/ratis-netty/0.4.0/ratis-netty-0.4.0.jar:/home/user/.m2/repository/org/apache/ratis/ratis-grpc/0.4.0/ratis-grpc-0.4.0.jar:/home/user/.m2/repository/org/rocksdb/rocksdbjni/6.0.1/rocksdbjni-6.0.1.jar:/home/user/.m2/repository/org/apache/logging/log4j/log4j-api/2.11.0/log4j-api-2.11.0.jar:/home/user/.m2/repository/org/apache/logging/log4j/log4j-core/2.11.0/log4j-core-2.11.0.jar:/home/user/.m2/repository/com/lmax/disruptor/3.4.2/disruptor-3.4.2.jar:/home/user/.m2/repository/org/apache/commons/commons-pool2/2.6.0/commons-pool2-2.6.0.jar:/home/user/.m2/repository/org/bouncycastle/bcpkix-jdk15on/1.60/bcpkix-jdk15on-1.60.jar:/home/user/.m2/repository/commons-validator/commons-validator/1.6/commons-validator-1.6.jar:/home/user/.m2/repository/commons-digester/commons-digester/1.8.1/commons-digester-1.8.1.jar:/home/user/.m2/repository/io/jaegertracing/jaeger-client/0.34.0/jaeger-client-0.34.0.jar:/home/user/.m2/repository/io/jaegertracing/jaeger-thrift/0.34.0/jaeger-thrift-0.34.0.jar:/home/user/.m2/repository/org/apache/thrift/libthrift/0.12.0/libthrift-0.12.0.jar:/home/user/.m2/repository/com/squareup/okhttp3/okhttp/3.9.0/okhttp-3.9.0.jar:/home/user/.m2/repository/com/squareup/okio/okio/1.13.0/okio-1.13.0.jar:/home/user/.m2/repository/io/jaegertracing/jaeger-core/0.34.0/jaeger-core-0.34.0.jar:/home/user/.m2/repository/io/jaegertracing/jaeger-tracerresolver/0.34.0/jaeger-tracerresolver-0.34.0.jar:/home/user/.m2/repository/io/opentracing/contrib/opentracing-tracerresolver/0.1.5/opentracing-tracerresolver-0.1.5.jar:/home/user/.m2/repository/io/opentracing/opentracing-util/0.31.0/opentracing-util-0.31.0.jar:/home/user/.m2/repository/io/opentracing/opentracing-api/0.31.0/opentracing-api-0.31.0.jar:/home/user/.m2/repository/io/opentracing/opentracing-noop/0.31.0/opentracing-noop-0.31.0.jar:/home/user/.m2/repository/org/apache/hadoop/hadoop-hdds-server-framework/0.5.0-SNAPSHOT/hadoop-hdds-server-framework-0.5.0-SNAPSHOT.jar:/home/user/.m2/repository/org/apache/hadoop/hadoop-hdds-container-service/0.5.0-SNAPSHOT/hadoop-hdds-container-service-0.5.0-SNAPSHOT.jar:/home/user/.m2/repository/org/apache/hadoop/hadoop-hdds-client/0.5.0-SNAPSHOT/hadoop-hdds-client-0.5.0-SNAPSHOT.jar:/home/user/.m2/repository/org/apache/hadoop/hadoop-hdds-tools/0.5.0-SNAPSHOT/hadoop-hdds-tools-0.5.0-SNAPSHOT.jar:/home/user/.m2/repository/org/apache/hadoop/hadoop-hdds-server-scm/0.5.0-SNAPSHOT/hadoop-hdds-server-scm-0.5.0-SNAPSHOT.jar:/home/user/.m2/repository/org/apache/hadoop/hadoop-hdds-docs/0.5.0-SNAPSHOT/hadoop-hdds-docs-0.5.0-SNAPSHOT.jar:/home/user/.m2/repository/io/dropwizard/metrics/metrics-core/3.2.4/metrics-core-3.2.4.jar:/home/user/.m2/repository/org/hamcrest/hamcrest-all/1.3/hamcrest-all-1.3.jar:/home/user/.m2/repository/org/bouncycastle/bcprov-jdk15on/1.60/bcprov-jdk15on-1.60.jar:/home/user/.m2/repository/info/picocli/picocli/3.9.6/picocli-3.9.6.jar:/home/user/.m2/repository/com/google/protobuf/protobuf-java/2.5.0/protobuf-java-2.5.0.jar:/home/user/.m2/repository/com/google/guava/guava/11.0.2/guava-11.0.2.jar:/home/user/.m2/repository/org/apache/hadoop/hadoop-ozone-ozone-manager/0.5.0-SNAPSHOT/hadoop-ozone-ozone-manager-0.5.0-SNAPSHOT.jar:/home/user/.m2/repository/org/apache/hadoop/hadoop-minikdc/3.2.0/hadoop-minikdc-3.2.0.jar:/home/user/.m2/repository/commons-io/commons-io/2.5/commons-io-2.5.jar:/home/user/.m2/repository/org/apache/kerby/kerb-simplekdc/1.0.1/kerb-simplekdc-1.0.1.jar:/home/user/.m2/repository/org/apache/kerby/kerb-client/1.0.1/kerb-client-1.0.1.jar:/home/user/.m2/repository/org/apache/kerby/kerby-config/1.0.1/kerby-config-1.0.1.jar:/home/user/.m2/repository/org/apache/kerby/kerb-core/1.0.1/kerb-core-1.0.1.jar:/home/user/.m2/repository/org/apache/kerby/kerby-pkix/1.0.1/kerby-pkix-1.0.1.jar:/home/user/.m2/repository/org/apache/kerby/kerby-asn1/1.0.1/kerby-asn1-1.0.1.jar:/home/user/.m2/repository/org/apache/kerby/kerby-util/1.0.1/kerby-util-1.0.1.jar:/home/user/.m2/repository/org/apache/kerby/kerb-common/1.0.1/kerb-common-1.0.1.jar:/home/user/.m2/repository/org/apache/kerby/kerb-crypto/1.0.1/kerb-crypto-1.0.1.jar:/home/user/.m2/repository/org/apache/kerby/kerb-util/1.0.1/kerb-util-1.0.1.jar:/home/user/.m2/repository/org/apache/kerby/token-provider/1.0.1/token-provider-1.0.1.jar:/home/user/.m2/repository/org/apache/kerby/kerb-admin/1.0.1/kerb-admin-1.0.1.jar:/home/user/.m2/repository/org/apache/kerby/kerb-server/1.0.1/kerb-server-1.0.1.jar:/home/user/.m2/repository/org/apache/kerby/kerb-identity/1.0.1/kerb-identity-1.0.1.jar:/home/user/.m2/repository/org/apache/kerby/kerby-xdr/1.0.1/kerby-xdr-1.0.1.jar:/home/user/.m2/repository/org/slf4j/slf4j-log4j12/1.7.25/slf4j-log4j12-1.7.25.jar:/home/user/.m2/repository/org/apache/hadoop/hadoop-ozone-s3gateway/0.5.0-SNAPSHOT/hadoop-ozone-s3gateway-0.5.0-SNAPSHOT.jar:/home/user/.m2/repository/org/jboss/weld/servlet/weld-servlet/2.4.7.Final/weld-servlet-2.4.7.Final.jar:/home/user/.m2/repository/org/glassfish/jersey/containers/jersey-container-servlet-core/2.27/jersey-container-servlet-core-2.27.jar:/home/user/.m2/repository/org/glassfish/hk2/external/javax.inject/2.5.0-b42/javax.inject-2.5.0-b42.jar:/home/user/.m2/repository/org/glassfish/jersey/core/jersey-common/2.27/jersey-common-2.27.jar:/home/user/.m2/repository/org/glassfish/hk2/osgi-resource-locator/1.0.1/osgi-resource-locator-1.0.1.jar:/home/user/.m2/repository/javax/ws/rs/javax.ws.rs-api/2.1/javax.ws.rs-api-2.1.jar:/home/user/.m2/repository/org/glassfish/jersey/ext/cdi/jersey-cdi1x/2.27/jersey-cdi1x-2.27.jar:/home/user/.m2/repository/org/glassfish/jersey/inject/jersey-hk2/2.27/jersey-hk2-2.27.jar:/home/user/.m2/repository/org/glassfish/hk2/hk2-locator/2.5.0-b42/hk2-locator-2.5.0-b42.jar:/home/user/.m2/repository/org/javassist/javassist/3.22.0-CR2/javassist-3.22.0-CR2.jar:/home/user/.m2/repository/org/glassfish/hk2/hk2-api/2.5.0/hk2-api-2.5.0.jar:/home/user/.m2/repository/org/glassfish/hk2/external/jakarta.inject/2.5.0/jakarta.inject-2.5.0.jar:/home/user/.m2/repository/org/glassfish/hk2/hk2-utils/2.5.0/hk2-utils-2.5.0.jar:/home/user/.m2/repository/jakarta/annotation/jakarta.annotation-api/1.3.4/jakarta.annotation-api-1.3.4.jar:/home/user/.m2/repository/org/glassfish/hk2/external/aopalliance-repackaged/2.5.0/aopalliance-repackaged-2.5.0.jar:/home/user/.m2/repository/com/fasterxml/jackson/dataformat/jackson-dataformat-xml/2.9.0/jackson-dataformat-xml-2.9.0.jar:/home/user/.m2/repository/com/fasterxml/jackson/core/jackson-core/2.9.9/jackson-core-2.9.9.jar:/home/user/.m2/repository/com/fasterxml/jackson/module/jackson-module-jaxb-annotations/2.9.9/jackson-module-jaxb-annotations-2.9.9.jar:/home/user/.m2/repository/javax/enterprise/cdi-api/1.2/cdi-api-1.2.jar:/home/user/.m2/repository/javax/el/javax.el-api/3.0.0/javax.el-api-3.0.0.jar:/home/user/.m2/repository/javax/interceptor/javax.interceptor-api/1.2/javax.interceptor-api-1.2.jar:/home/user/.m2/repository/javax/inject/javax.inject/1/javax.inject-1.jar:/home/user/.m2/repository/com/sun/xml/bind/jaxb-impl/2.3.0.1/jaxb-impl-2.3.0.1.jar:/home/user/.m2/repository/com/sun/xml/bind/jaxb-core/2.3.0.1/jaxb-core-2.3.0.1.jar:/home/user/.m2/repository/javax/xml/bind/jaxb-api/2.3.0/jaxb-api-2.3.0.jar:/home/user/.m2/repository/javax/activation/activation/1.1.1/activation-1.1.1.jar:/home/user/.m2/repository/org/apache/hadoop/hadoop-ozone-csi/0.5.0-SNAPSHOT/hadoop-ozone-csi-0.5.0-SNAPSHOT.jar:/home/user/.m2/repository/com/google/protobuf/protobuf-java-util/3.5.1/protobuf-java-util-3.5.1.jar:/home/user/.m2/repository/org/apache/hadoop/hadoop-hdds-config/0.5.0-SNAPSHOT/hadoop-hdds-config-0.5.0-SNAPSHOT.jar:/home/user/.m2/repository/io/grpc/grpc-netty/1.17.1/grpc-netty-1.17.1.jar:/home/user/.m2/repository/io/grpc/grpc-core/1.17.1/grpc-core-1.17.1.jar:/home/user/.m2/repository/io/grpc/grpc-context/1.17.1/grpc-context-1.17.1.jar:/home/user/.m2/repository/com/google/errorprone/error_prone_annotations/2.2.0/error_prone_annotations-2.2.0.jar:/home/user/.m2/repository/org/codehaus/mojo/animal-sniffer-annotations/1.17/animal-sniffer-annotations-1.17.jar:/home/user/.m2/repository/io/opencensus/opencensus-api/0.17.0/opencensus-api-0.17.0.jar:/home/user/.m2/repository/io/opencensus/opencensus-contrib-grpc-metrics/0.17.0/opencensus-contrib-grpc-metrics-0.17.0.jar:/home/user/.m2/repository/io/netty/netty-codec-http2/4.1.30.Final/netty-codec-http2-4.1.30.Final.jar:/home/user/.m2/repository/io/netty/netty-codec-http/4.1.30.Final/netty-codec-http-4.1.30.Final.jar:/home/user/.m2/repository/io/netty/netty-codec/4.1.30.Final/netty-codec-4.1.30.Final.jar:/home/user/.m2/repository/io/netty/netty-handler/4.1.30.Final/netty-handler-4.1.30.Final.jar:/home/user/.m2/repository/io/netty/netty-handler-proxy/4.1.30.Final/netty-handler-proxy-4.1.30.Final.jar:/home/user/.m2/repository/io/netty/netty-codec-socks/4.1.30.Final/netty-codec-socks-4.1.30.Final.jar:/home/user/.m2/repository/io/netty/netty-transport-native-epoll/4.1.30.Final/netty-transport-native-epoll-4.1.30.Final.jar:/home/user/.m2/repository/io/netty/netty-common/4.1.30.Final/netty-common-4.1.30.Final.jar:/home/user/.m2/repository/io/netty/netty-buffer/4.1.30.Final/netty-buffer-4.1.30.Final.jar:/home/user/.m2/repository/io/netty/netty-transport/4.1.30.Final/netty-transport-4.1.30.Final.jar:/home/user/.m2/repository/io/netty/netty-resolver/4.1.30.Final/netty-resolver-4.1.30.Final.jar:/home/user/.m2/repository/io/netty/netty-transport-native-unix-common/4.1.30.Final/netty-transport-native-unix-common-4.1.30.Final.jar:/home/user/.m2/repository/io/grpc/grpc-protobuf/1.17.1/grpc-protobuf-1.17.1.jar:/home/user/.m2/repository/com/google/api/grpc/proto-google-common-protos/1.0.0/proto-google-common-protos-1.0.0.jar:/home/user/.m2/repository/io/grpc/grpc-protobuf-lite/1.17.1/grpc-protobuf-lite-1.17.1.jar:/home/user/.m2/repository/io/grpc/grpc-stub/1.17.1/grpc-stub-1.17.1.jar:/home/user/.m2/repository/org/apache/hadoop/hadoop-ozone-recon/0.5.0-SNAPSHOT/hadoop-ozone-recon-0.5.0-SNAPSHOT.jar:/home/user/.m2/repository/org/apache/hadoop/hadoop-ozone-reconcodegen/0.5.0-SNAPSHOT/hadoop-ozone-reconcodegen-0.5.0-SNAPSHOT.jar:/home/user/.m2/repository/com/google/inject/extensions/guice-multibindings/4.0/guice-multibindings-4.0.jar:/home/user/.m2/repository/com/google/inject/guice/4.0/guice-4.0.jar:/home/user/.m2/repository/aopalliance/aopalliance/1.0/aopalliance-1.0.jar:/home/user/.m2/repository/com/google/inject/extensions/guice-servlet/4.0/guice-servlet-4.0.jar:/home/user/.m2/repository/org/glassfish/jersey/containers/jersey-container-servlet/2.27/jersey-container-servlet-2.27.jar:/home/user/.m2/repository/org/glassfish/hk2/guice-bridge/2.5.0/guice-bridge-2.5.0.jar:/home/user/.m2/repository/org/glassfish/jersey/core/jersey-server/2.27/jersey-server-2.27.jar:/home/user/.m2/repository/org/glassfish/jersey/core/jersey-client/2.27/jersey-client-2.27.jar:/home/user/.m2/repository/org/glassfish/jersey/media/jersey-media-jaxb/2.27/jersey-media-jaxb-2.27.jar:/home/user/.m2/repository/javax/validation/validation-api/1.1.0.Final/validation-api-1.1.0.Final.jar:/home/user/.m2/repository/org/glassfish/jersey/media/jersey-media-json-jackson/2.27/jersey-media-json-jackson-2.27.jar:/home/user/.m2/repository/org/glassfish/jersey/ext/jersey-entity-filtering/2.27/jersey-entity-filtering-2.27.jar:/home/user/.m2/repository/com/google/inject/extensions/guice-assistedinject/4.0/guice-assistedinject-4.0.jar:/home/user/.m2/repository/org/jooq/jooq/3.11.10/jooq-3.11.10.jar:/home/user/.m2/repository/org/jooq/jooq-meta/3.11.10/jooq-meta-3.11.10.jar:/home/user/.m2/repository/org/jooq/jooq-codegen/3.11.10/jooq-codegen-3.11.10.jar:/home/user/.m2/repository/com/jolbox/bonecp/0.8.0.RELEASE/bonecp-0.8.0.RELEASE.jar:/home/user/.m2/repository/org/xerial/sqlite-jdbc/3.25.2/sqlite-jdbc-3.25.2.jar:/home/user/.m2/repository/org/springframework/spring-jdbc/5.1.3.RELEASE/spring-jdbc-5.1.3.RELEASE.jar:/home/user/.m2/repository/org/springframework/spring-beans/5.1.3.RELEASE/spring-beans-5.1.3.RELEASE.jar:/home/user/.m2/repository/org/springframework/spring-core/5.1.3.RELEASE/spring-core-5.1.3.RELEASE.jar:/home/user/.m2/repository/org/springframework/spring-jcl/5.1.3.RELEASE/spring-jcl-5.1.3.RELEASE.jar:/home/user/.m2/repository/org/springframework/spring-tx/5.1.3.RELEASE/spring-tx-5.1.3.RELEASE.jar:/home/user/.m2/repository/org/apache/hadoop/hadoop-ozone-client/0.5.0-SNAPSHOT/hadoop-ozone-client-0.5.0-SNAPSHOT.jar:/home/user/.m2/repository/commons-lang/commons-lang/2.6/commons-lang-2.6.jar:/home/user/.m2/repository/org/apache/hadoop/hadoop-ozone-ozone-manager/0.5.0-SNAPSHOT/hadoop-ozone-ozone-manager-0.5.0-SNAPSHOT-tests.jar:/home/user/.m2/repository/junit/junit/4.11/junit-4.11.jar:/home/user/.m2/repository/org/hamcrest/hamcrest-core/1.3/hamcrest-core-1.3.jar:/home/user/.m2/repository/org/openjdk/jmh/jmh-core/1.19/jmh-core-1.19.jar:/home/user/.m2/repository/net/sf/jopt-simple/jopt-simple/4.6/jopt-simple-4.6.jar:/home/user/.m2/repository/org/apache/commons/commons-math3/3.1.1/commons-math3-3.1.1.jar:/home/user/.m2/repository/org/openjdk/jmh/jmh-generator-annprocess/1.19/jmh-generator-annprocess-1.19.jar:/home/user/.m2/repository/org/mockito/mockito-all/1.8.5/mockito-all-1.8.5.jar:/home/user/.m2/repository/org/apache/hadoop/hadoop-kms/3.2.0/hadoop-kms-3.2.0.jar:/home/user/.m2/repository/org/apache/hadoop/hadoop-auth/3.2.0/hadoop-auth-3.2.0.jar:/home/user/.m2/repository/com/nimbusds/nimbus-jose-jwt/4.41.1/nimbus-jose-jwt-4.41.1.jar:/home/user/.m2/repository/com/github/stephenc/jcip/jcip-annotations/1.0-1/jcip-annotations-1.0-1.jar:/home/user/.m2/repository/net/minidev/json-smart/2.3/json-smart-2.3.jar:/home/user/.m2/repository/net/minidev/accessors-smart/1.2/accessors-smart-1.2.jar:/home/user/.m2/repository/org/ow2/asm/asm/5.0.4/asm-5.0.4.jar:/home/user/.m2/repository/org/apache/curator/curator-framework/2.12.0/curator-framework-2.12.0.jar:/home/user/.m2/repository/com/sun/jersey/jersey-core/1.19/jersey-core-1.19.jar:/home/user/.m2/repository/javax/ws/rs/jsr311-api/1.1.1/jsr311-api-1.1.1.jar:/home/user/.m2/repository/com/sun/jersey/jersey-server/1.19/jersey-server-1.19.jar:/home/user/.m2/repository/javax/servlet/javax.servlet-api/3.1.0/javax.servlet-api-3.1.0.jar:/home/user/.m2/repository/org/eclipse/jetty/jetty-server/9.3.25.v20180904/jetty-server-9.3.25.v20180904.jar:/home/user/.m2/repository/org/eclipse/jetty/jetty-http/9.3.25.v20180904/jetty-http-9.3.25.v20180904.jar:/home/user/.m2/repository/org/eclipse/jetty/jetty-io/9.3.25.v20180904/jetty-io-9.3.25.v20180904.jar:/home/user/.m2/repository/org/eclipse/jetty/jetty-webapp/9.3.25.v20180904/jetty-webapp-9.3.25.v20180904.jar:/home/user/.m2/repository/org/eclipse/jetty/jetty-xml/9.3.25.v20180904/jetty-xml-9.3.25.v20180904.jar:/home/user/.m2/repository/log4j/log4j/1.2.17/log4j-1.2.17.jar:/home/user/.m2/repository/org/slf4j/slf4j-api/1.7.25/slf4j-api-1.7.25.jar:/home/user/.m2/repository/org/slf4j/jul-to-slf4j/1.7.25/jul-to-slf4j-1.7.25.jar:/home/user/.m2/repository/org/eclipse/jetty/jetty-util/9.3.25.v20180904/jetty-util-9.3.25.v20180904.jar:/home/user/.m2/repository/com/fasterxml/jackson/core/jackson-databind/2.9.9/jackson-databind-2.9.9.jar:/home/user/.m2/repository/org/apache/hadoop/hadoop-kms/3.2.0/hadoop-kms-3.2.0-tests.jar:/home/user/.m2/repository/org/apache/hadoop/hadoop-hdds-server-scm/0.5.0-SNAPSHOT/hadoop-hdds-server-scm-0.5.0-SNAPSHOT-tests.jar:/home/user/.m2/repository/org/apache/hadoop/hadoop-hdds-container-service/0.5.0-SNAPSHOT/hadoop-hdds-container-service-0.5.0-SNAPSHOT-tests.jar:/home/user/.m2/repository/org/yaml/snakeyaml/1.16/snakeyaml-1.16.jar:/home/user/.m2/repository/org/apache/hadoop/hadoop-common/3.2.0/hadoop-common-3.2.0-tests.jar:/home/user/.m2/repository/org/apache/hadoop/hadoop-annotations/3.2.0/hadoop-annotations-3.2.0.jar:/usr/lib/jvm/java-1.8-openjdk/jre/../lib/tools.jar:/home/user/.m2/repository/commons-cli/commons-cli/1.2/commons-cli-1.2.jar:/home/user/.m2/repository/org/apache/httpcomponents/httpclient/4.5.2/httpclient-4.5.2.jar:/home/user/.m2/repository/org/apache/httpcomponents/httpcore/4.4.4/httpcore-4.4.4.jar:/home/user/.m2/repository/commons-codec/commons-codec/1.11/commons-codec-1.11.jar:/home/user/.m2/repository/commons-net/commons-net/3.6/commons-net-3.6.jar:/home/user/.m2/repository/commons-collections/commons-collections/3.2.2/commons-collections-3.2.2.jar:/home/user/.m2/repository/org/eclipse/jetty/jetty-servlet/9.3.25.v20180904/jetty-servlet-9.3.25.v20180904.jar:/home/user/.m2/repository/org/eclipse/jetty/jetty-security/9.3.25.v20180904/jetty-security-9.3.25.v20180904.jar:/home/user/.m2/repository/javax/servlet/jsp/jsp-api/2.1/jsp-api-2.1.jar:/home/user/.m2/repository/com/sun/jersey/jersey-servlet/1.19/jersey-servlet-1.19.jar:/home/user/.m2/repository/com/sun/jersey/jersey-json/1.19/jersey-json-1.19.jar:/home/user/.m2/repository/org/codehaus/jettison/jettison/1.1/jettison-1.1.jar:/home/user/.m2/repository/org/codehaus/jackson/jackson-core-asl/1.9.13/jackson-core-asl-1.9.13.jar:/home/user/.m2/repository/org/codehaus/jackson/jackson-mapper-asl/1.9.13/jackson-mapper-asl-1.9.13.jar:/home/user/.m2/repository/org/codehaus/jackson/jackson-jaxrs/1.9.13/jackson-jaxrs-1.9.13.jar:/home/user/.m2/repository/org/codehaus/jackson/jackson-xc/1.9.13/jackson-xc-1.9.13.jar:/home/user/.m2/repository/commons-logging/commons-logging/1.1.3/commons-logging-1.1.3.jar:/home/user/.m2/repository/commons-beanutils/commons-beanutils/1.9.4/commons-beanutils-1.9.4.jar:/home/user/.m2/repository/org/apache/commons/commons-configuration2/2.1.1/commons-configuration2-2.1.1.jar:/home/user/.m2/repository/org/apache/commons/commons-lang3/3.7/commons-lang3-3.7.jar:/home/user/.m2/repository/org/apache/commons/commons-text/1.4/commons-text-1.4.jar:/home/user/.m2/repository/org/apache/avro/avro/1.7.7/avro-1.7.7.jar:/home/user/.m2/repository/com/thoughtworks/paranamer/paranamer/2.3/paranamer-2.3.jar:/home/user/.m2/repository/org/xerial/snappy/snappy-java/1.0.5/snappy-java-1.0.5.jar:/home/user/.m2/repository/com/google/re2j/re2j/1.1/re2j-1.1.jar:/home/user/.m2/repository/com/google/code/gson/gson/2.2.4/gson-2.2.4.jar:/home/user/.m2/repository/com/jcraft/jsch/0.1.54/jsch-0.1.54.jar:/home/user/.m2/repository/org/apache/curator/curator-client/2.12.0/curator-client-2.12.0.jar:/home/user/.m2/repository/org/apache/curator/curator-recipes/2.12.0/curator-recipes-2.12.0.jar:/home/user/.m2/repository/com/google/code/findbugs/jsr305/3.0.0/jsr305-3.0.0.jar:/home/user/.m2/repository/org/apache/htrace/htrace-core4/4.1.0-incubating/htrace-core4-4.1.0-incubating.jar:/home/user/.m2/repository/org/apache/zookeeper/zookeeper/3.4.13/zookeeper-3.4.13.jar:/home/user/.m2/repository/jline/jline/0.9.94/jline-0.9.94.jar:/home/user/.m2/repository/org/apache/yetus/audience-annotations/0.5.0/audience-annotations-0.5.0.jar:/home/user/.m2/repository/org/codehaus/woodstox/stax2-api/3.1.4/stax2-api-3.1.4.jar:/home/user/.m2/repository/com/fasterxml/woodstox/woodstox-core/5.0.3/woodstox-core-5.0.3.jar:/home/user/.m2/repository/dnsjava/dnsjava/2.1.7/dnsjava-2.1.7.jar:/home/user/.m2/repository/org/apache/hadoop/hadoop-hdfs/3.2.0/hadoop-hdfs-3.2.0-tests.jar:/home/user/.m2/repository/org/eclipse/jetty/jetty-util-ajax/9.3.25.v20180904/jetty-util-ajax-9.3.25.v20180904.jar:/home/user/.m2/repository/commons-daemon/commons-daemon/1.0.13/commons-daemon-1.0.13.jar:/home/user/.m2/repository/io/netty/netty/3.10.5.Final/netty-3.10.5.Final.jar:/home/user/.m2/repository/io/netty/netty-all/4.0.52.Final/netty-all-4.0.52.Final.jar:/home/user/.m2/repository/org/fusesource/leveldbjni/leveldbjni-all/1.8/leveldbjni-all-1.8.jar:"/>
    <property name="sun.cpu.endian" value="little"/>
    <property name="user.home" value="/home/user"/>
    <property name="user.language" value="en"/>
    <property name="java.specification.vendor" value="Oracle Corporation"/>
    <property name="java.home" value="/usr/lib/jvm/java-1.8-openjdk/jre"/>
    <property name="java.security.krb5.conf" value="/workdir/hadoop-ozone/integration-test/target/test-classes/krb5.conf"/>
    <property name="basedir" value="/workdir/hadoop-ozone/integration-test"/>
    <property name="file.separator" value="/"/>
    <property name="line.separator" value="&#10;"/>
    <property name="java.vm.specification.vendor" value="Oracle Corporation"/>
    <property name="java.specification.name" value="Java Platform API Specification"/>
    <property name="java.awt.graphicsenv" value="sun.awt.X11GraphicsEnvironment"/>
    <property name="surefire.real.class.path" value="/workdir/hadoop-ozone/integration-test/target/surefire/surefirebooter3134076473752907227.jar"/>
    <property name="hadoop.log.dir" value="/workdir/hadoop-ozone/integration-test/target/log"/>
    <property name="sun.boot.class.path" value="/usr/lib/jvm/java-1.8-openjdk/jre/lib/resources.jar:/usr/lib/jvm/java-1.8-openjdk/jre/lib/rt.jar:/usr/lib/jvm/java-1.8-openjdk/jre/lib/sunrsasign.jar:/usr/lib/jvm/java-1.8-openjdk/jre/lib/jsse.jar:/usr/lib/jvm/java-1.8-openjdk/jre/lib/jce.jar:/usr/lib/jvm/java-1.8-openjdk/jre/lib/charsets.jar:/usr/lib/jvm/java-1.8-openjdk/jre/lib/jfr.jar:/usr/lib/jvm/java-1.8-openjdk/jre/classes"/>
    <property name="sun.management.compiler" value="HotSpot 64-Bit Tiered Compilers"/>
    <property name="java.runtime.version" value="1.8.0_212-b04"/>
    <property name="java.net.preferIPv4Stack" value="true"/>
    <property name="user.name" value="jenkins1000"/>
    <property name="path.separator" value=":"/>
    <property name="java.security.egd" value="file:///dev/urandom"/>
    <property name="os.version" value="3.10.0-957.12.2.el7.x86_64"/>
    <property name="java.endorsed.dirs" value="/usr/lib/jvm/java-1.8-openjdk/jre/lib/endorsed"/>
    <property name="java.runtime.name" value="OpenJDK Runtime Environment"/>
    <property name="file.encoding" value="UTF-8"/>
    <property name="java.vm.name" value="OpenJDK 64-Bit Server VM"/>
    <property name="test.build.webapps" value=""/>
    <property name="localRepository" value="/home/user/.m2/repository"/>
    <property name="java.vendor.url.bug" value="https://icedtea.classpath.org/bugzilla"/>
    <property name="java.io.tmpdir" value="/tmp"/>
    <property name="require.test.libhadoop" value=""/>
    <property name="java.version" value="1.8.0_212"/>
    <property name="user.dir" value="/workdir/hadoop-ozone/integration-test"/>
    <property name="os.arch" value="amd64"/>
    <property name="java.vm.specification.name" value="Java Virtual Machine Specification"/>
    <property name="test.build.classes" value="/workdir/hadoop-ozone/integration-test/target/test-classes"/>
    <property name="java.awt.printerjob" value="sun.print.PSPrinterJob"/>
    <property name="sun.os.patch.level" value="unknown"/>
    <property name="hadoop.tmp.dir" value="/workdir/hadoop-ozone/integration-test/target/tmp"/>
    <property name="java.library.path" value="/usr/lib/jvm/java-1.8-openjdk/jre/lib/amd64/server:/usr/lib/jvm/java-1.8-openjdk/jre/lib/amd64:/usr/lib/jvm/java-1.8-openjdk/jre/../lib/amd64:/workdir/hadoop-ozone/integration-test/target/native/target/usr/local/lib:/workdir/hadoop-ozone/integration-test/../../hadoop-common-project/hadoop-common/target/native/target/usr/local/lib:/usr/java/packages/lib/amd64:/usr/lib64:/lib64:/lib:/usr/lib"/>
    <property name="java.vm.info" value="mixed mode"/>
    <property name="java.vendor" value="IcedTea"/>
    <property name="java.vm.version" value="25.212-b04"/>
    <property name="java.ext.dirs" value="/usr/lib/jvm/java-1.8-openjdk/jre/lib/ext:/usr/java/packages/lib/ext"/>
    <property name="sun.io.unicode.encoding" value="UnicodeLittle"/>
    <property name="java.class.version" value="52.0"/>
  </properties>
  <testcase name="testMultiBlockWritesWithIntermittentDnFailures" classname="org.apache.hadoop.ozone.client.rpc.TestMultiBlockWritesWithDnFailures" time="62.444"/>
  <testcase name="testMultiBlockWritesWithDnFailures" classname="org.apache.hadoop.ozone.client.rpc.TestMultiBlockWritesWithDnFailures" time="53.451">
    <error message="Allocated 0 blocks. Requested 1 blocks" type="INTERNAL_ERROR org.apache.hadoop.ozone.om.exceptions.OMException">INTERNAL_ERROR org.apache.hadoop.ozone.om.exceptions.OMException: Allocated 0 blocks. Requested 1 blocks
	at org.apache.hadoop.ozone.om.protocolPB.OzoneManagerProtocolClientSideTranslatorPB.handleError(OzoneManagerProtocolClientSideTranslatorPB.java:732)
	at org.apache.hadoop.ozone.om.protocolPB.OzoneManagerProtocolClientSideTranslatorPB.allocateBlock(OzoneManagerProtocolClientSideTranslatorPB.java:764)
	at sun.reflect.NativeMethodAccessorImpl.invoke0(Native Method)
	at sun.reflect.NativeMethodAccessorImpl.invoke(NativeMethodAccessorImpl.java:62)
	at sun.reflect.DelegatingMethodAccessorImpl.invoke(DelegatingMethodAccessorImpl.java:43)
	at java.lang.reflect.Method.invoke(Method.java:498)
	at org.apache.hadoop.hdds.tracing.TraceAllMethod.invoke(TraceAllMethod.java:66)
	at com.sun.proxy.$Proxy36.allocateBlock(Unknown Source)
	at org.apache.hadoop.ozone.client.io.BlockOutputStreamEntryPool.allocateNewBlock(BlockOutputStreamEntryPool.java:248)
	at org.apache.hadoop.ozone.client.io.BlockOutputStreamEntryPool.allocateBlockIfNeeded(BlockOutputStreamEntryPool.java:296)
	at org.apache.hadoop.ozone.client.io.KeyOutputStream.handleWrite(KeyOutputStream.java:198)
	at org.apache.hadoop.ozone.client.io.KeyOutputStream.handleRetry(KeyOutputStream.java:375)
	at org.apache.hadoop.ozone.client.io.KeyOutputStream.handleException(KeyOutputStream.java:324)
	at org.apache.hadoop.ozone.client.io.KeyOutputStream.handleWrite(KeyOutputStream.java:228)
	at org.apache.hadoop.ozone.client.io.KeyOutputStream.write(KeyOutputStream.java:190)
	at org.apache.hadoop.ozone.client.io.OzoneOutputStream.write(OzoneOutputStream.java:49)
	at java.io.OutputStream.write(OutputStream.java:75)
	at org.apache.hadoop.ozone.client.rpc.TestMultiBlockWritesWithDnFailures.testMultiBlockWritesWithDnFailures(TestMultiBlockWritesWithDnFailures.java:145)
	at sun.reflect.NativeMethodAccessorImpl.invoke0(Native Method)
	at sun.reflect.NativeMethodAccessorImpl.invoke(NativeMethodAccessorImpl.java:62)
	at sun.reflect.DelegatingMethodAccessorImpl.invoke(DelegatingMethodAccessorImpl.java:43)
	at java.lang.reflect.Method.invoke(Method.java:498)
	at org.junit.runners.model.FrameworkMethod$1.runReflectiveCall(FrameworkMethod.java:47)
	at org.junit.internal.runners.model.ReflectiveCallable.run(ReflectiveCallable.java:12)
	at org.junit.runners.model.FrameworkMethod.invokeExplosively(FrameworkMethod.java:44)
	at org.junit.internal.runners.statements.InvokeMethod.evaluate(InvokeMethod.java:17)
	at org.junit.internal.runners.statements.RunAfters.evaluate(RunAfters.java:27)
	at org.junit.runners.ParentRunner.runLeaf(ParentRunner.java:271)
	at org.junit.runners.BlockJUnit4ClassRunner.runChild(BlockJUnit4ClassRunner.java:70)
	at org.junit.runners.BlockJUnit4ClassRunner.runChild(BlockJUnit4ClassRunner.java:50)
	at org.junit.runners.ParentRunner$3.run(ParentRunner.java:238)
	at org.junit.runners.ParentRunner$1.schedule(ParentRunner.java:63)
	at org.junit.runners.ParentRunner.runChildren(ParentRunner.java:236)
	at org.junit.runners.ParentRunner.access$000(ParentRunner.java:53)
	at org.junit.runners.ParentRunner$2.evaluate(ParentRunner.java:229)
	at org.junit.runners.ParentRunner.run(ParentRunner.java:309)
	at org.apache.maven.surefire.junit4.JUnit4Provider.execute(JUnit4Provider.java:365)
	at org.apache.maven.surefire.junit4.JUnit4Provider.executeWithRerun(JUnit4Provider.java:273)
	at org.apache.maven.surefire.junit4.JUnit4Provider.executeTestSet(JUnit4Provider.java:238)
	at org.apache.maven.surefire.junit4.JUnit4Provider.invoke(JUnit4Provider.java:159)
	at org.apache.maven.surefire.booter.ForkedBooter.invokeProviderInSameClassLoader(ForkedBooter.java:384)
	at org.apache.maven.surefire.booter.ForkedBooter.runSuitesInProcess(ForkedBooter.java:345)
	at org.apache.maven.surefire.booter.ForkedBooter.execute(ForkedBooter.java:126)
	at org.apache.maven.surefire.booter.ForkedBooter.main(ForkedBooter.java:418)
</error>
    <system-out><![CDATA[2019-09-25 07:03:18,087 [main] WARN  server.ServerUtils (ServerUtils.java:getScmDbDir(145)) - ozone.scm.db.dirs is not configured. We recommend adding this setting. Falling back to ozone.metadata.dirs instead.
2019-09-25 07:03:18,124 [main] WARN  server.ServerUtils (ServerUtils.java:getScmDbDir(145)) - ozone.scm.db.dirs is not configured. We recommend adding this setting. Falling back to ozone.metadata.dirs instead.
2019-09-25 07:03:18,125 [main] WARN  server.ServerUtils (ServerUtils.java:getScmDbDir(145)) - ozone.scm.db.dirs is not configured. We recommend adding this setting. Falling back to ozone.metadata.dirs instead.
2019-09-25 07:03:18,126 [main] INFO  db.DBStoreBuilder (DBStoreBuilder.java:addTable(110)) - using custom profile for table: deletedBlocks
2019-09-25 07:03:18,126 [main] INFO  db.DBStoreBuilder (DBStoreBuilder.java:processTables(161)) - Using default column profile:DBProfile.DISK for Table:deletedBlocks
2019-09-25 07:03:18,126 [main] INFO  db.DBStoreBuilder (DBStoreBuilder.java:addTable(110)) - using custom profile for table: validCerts
2019-09-25 07:03:18,126 [main] INFO  db.DBStoreBuilder (DBStoreBuilder.java:processTables(161)) - Using default column profile:DBProfile.DISK for Table:validCerts
2019-09-25 07:03:18,127 [main] INFO  db.DBStoreBuilder (DBStoreBuilder.java:addTable(110)) - using custom profile for table: revokedCerts
2019-09-25 07:03:18,127 [main] INFO  db.DBStoreBuilder (DBStoreBuilder.java:processTables(161)) - Using default column profile:DBProfile.DISK for Table:revokedCerts
2019-09-25 07:03:18,127 [main] INFO  db.DBStoreBuilder (DBStoreBuilder.java:addTable(110)) - using custom profile for table: default
2019-09-25 07:03:18,128 [main] INFO  db.DBStoreBuilder (DBStoreBuilder.java:processTables(167)) - Using default column profile:DBProfile.DISK for Table:default
2019-09-25 07:03:18,128 [main] INFO  db.DBStoreBuilder (DBStoreBuilder.java:getDbProfile(198)) - Using default options. DBProfile.DISK
2019-09-25 07:03:18,326 [main] INFO  net.NodeSchemaLoader (NodeSchemaLoader.java:loadSchemaFromFile(125)) - Loading file from sun.misc.CompoundEnumeration@6ca30b8a
2019-09-25 07:03:18,327 [main] INFO  net.NodeSchemaLoader (NodeSchemaLoader.java:loadSchema(171)) - Loading network topology layer schema file
2019-09-25 07:03:18,331 [main] INFO  node.SCMNodeManager (SCMNodeManager.java:<init>(114)) - Entering startup safe mode.
2019-09-25 07:03:18,332 [main] INFO  algorithms.ContainerPlacementPolicyFactory (ContainerPlacementPolicyFactory.java:getPolicy(57)) - Create container placement policy of type org.apache.hadoop.hdds.scm.container.placement.algorithms.SCMContainerPlacementRandom
2019-09-25 07:03:18,332 [main] WARN  server.ServerUtils (ServerUtils.java:getScmDbDir(145)) - ozone.scm.db.dirs is not configured. We recommend adding this setting. Falling back to ozone.metadata.dirs instead.
2019-09-25 07:03:18,447 [main] INFO  pipeline.SCMPipelineManager (SCMPipelineManager.java:initializePipelineState(132)) - No pipeline exists in current db
2019-09-25 07:03:18,447 [main] WARN  server.ServerUtils (ServerUtils.java:getScmDbDir(145)) - ozone.scm.db.dirs is not configured. We recommend adding this setting. Falling back to ozone.metadata.dirs instead.
2019-09-25 07:03:18,506 [main] WARN  events.EventQueue (EventQueue.java:fireEvent(183)) - No event handler registered for event TypedEvent{payloadType=SafeModeStatus, name='SafeModeStatus'}
2019-09-25 07:03:18,507 [main] INFO  ipc.CallQueueManager (CallQueueManager.java:<init>(84)) - Using callQueue: class java.util.concurrent.LinkedBlockingQueue, queueCapacity: 2000, scheduler: class org.apache.hadoop.ipc.DefaultRpcScheduler, ipcBackoff: false.
2019-09-25 07:03:18,507 [Socket Reader #1 for port 40011] INFO  ipc.Server (Server.java:run(1074)) - Starting Socket Reader #1 for port 40011
2019-09-25 07:03:18,509 [main] INFO  ipc.CallQueueManager (CallQueueManager.java:<init>(84)) - Using callQueue: class java.util.concurrent.LinkedBlockingQueue, queueCapacity: 2000, scheduler: class org.apache.hadoop.ipc.DefaultRpcScheduler, ipcBackoff: false.
2019-09-25 07:03:18,510 [Socket Reader #1 for port 45070] INFO  ipc.Server (Server.java:run(1074)) - Starting Socket Reader #1 for port 45070
2019-09-25 07:03:18,511 [main] INFO  ipc.CallQueueManager (CallQueueManager.java:<init>(84)) - Using callQueue: class java.util.concurrent.LinkedBlockingQueue, queueCapacity: 2000, scheduler: class org.apache.hadoop.ipc.DefaultRpcScheduler, ipcBackoff: false.
2019-09-25 07:03:18,512 [Socket Reader #1 for port 46665] INFO  ipc.Server (Server.java:run(1074)) - Starting Socket Reader #1 for port 46665
2019-09-25 07:03:18,514 [main] INFO  hdfs.DFSUtil (DFSUtil.java:httpServerTemplateForNNAndJN(1641)) - Starting Web-server for scm at: http://0.0.0.0:0
2019-09-25 07:03:18,518 [main] INFO  server.AuthenticationFilter (AuthenticationFilter.java:constructSecretProvider(240)) - Unable to initialize FileSignerSecretProvider, falling back to use random secrets.
2019-09-25 07:03:18,519 [main] WARN  http.HttpRequestLog (HttpRequestLog.java:getRequestLog(97)) - Jetty request log can only be enabled using Log4j
2019-09-25 07:03:18,523 [main] INFO  http.HttpServer2 (HttpServer2.java:addGlobalFilter(975)) - Added global filter 'safety' (class=org.apache.hadoop.http.HttpServer2$QuotingInputFilter)
2019-09-25 07:03:18,524 [main] INFO  http.HttpServer2 (HttpServer2.java:addFilter(948)) - Added filter static_user_filter (class=org.apache.hadoop.http.lib.StaticUserWebFilter$StaticUserFilter) to context scm
2019-09-25 07:03:18,524 [main] INFO  http.HttpServer2 (HttpServer2.java:addFilter(958)) - Added filter static_user_filter (class=org.apache.hadoop.http.lib.StaticUserWebFilter$StaticUserFilter) to context logs
2019-09-25 07:03:18,525 [main] INFO  http.HttpServer2 (HttpServer2.java:addFilter(958)) - Added filter static_user_filter (class=org.apache.hadoop.http.lib.StaticUserWebFilter$StaticUserFilter) to context static
2019-09-25 07:03:18,528 [main] INFO  server.StorageContainerManager (StorageContainerManager.java:start(770)) - StorageContainerLocationProtocol RPC server is listening at /0.0.0.0:46665
2019-09-25 07:03:18,531 [main] WARN  impl.MetricsConfig (MetricsConfig.java:loadFirst(134)) - Cannot locate configuration: tried hadoop-metrics2-storagecontainermanager.properties,hadoop-metrics2.properties
2019-09-25 07:03:18,532 [main] INFO  impl.MetricsSystemImpl (MetricsSystemImpl.java:startTimer(374)) - Scheduled Metric snapshot period at 10 second(s).
2019-09-25 07:03:18,533 [main] INFO  impl.MetricsSystemImpl (MetricsSystemImpl.java:start(191)) - StorageContainerManager metrics system started
2019-09-25 07:03:18,593 [main] WARN  impl.MetricsSystemImpl (MetricsSystemImpl.java:register(276)) - Sink prometheus already exists!
2019-09-25 07:03:18,597 [main] INFO  server.SCMClientProtocolServer (SCMClientProtocolServer.java:start(151)) - RPC server for Client  is listening at /0.0.0.0:46665
2019-09-25 07:03:18,598 [IPC Server Responder] INFO  ipc.Server (Server.java:run(1314)) - IPC Server Responder: starting
2019-09-25 07:03:18,598 [IPC Server listener on 46665] INFO  ipc.Server (Server.java:run(1153)) - IPC Server listener on 46665: starting
2019-09-25 07:03:18,601 [main] INFO  server.StorageContainerManager (StorageContainerManager.java:start(780)) - ScmBlockLocationProtocol RPC server is listening at /0.0.0.0:45070
2019-09-25 07:03:18,602 [main] INFO  server.SCMBlockProtocolServer (SCMBlockProtocolServer.java:start(146)) - RPC server for Block Protocol is listening at /0.0.0.0:45070
2019-09-25 07:03:18,602 [IPC Server Responder] INFO  ipc.Server (Server.java:run(1314)) - IPC Server Responder: starting
2019-09-25 07:03:18,602 [IPC Server listener on 45070] INFO  ipc.Server (Server.java:run(1153)) - IPC Server listener on 45070: starting
2019-09-25 07:03:18,606 [main] INFO  server.StorageContainerManager (StorageContainerManager.java:start(784)) - ScmDatanodeProtocl RPC server is listening at /0.0.0.0:40011
2019-09-25 07:03:18,607 [main] INFO  server.SCMDatanodeProtocolServer (SCMDatanodeProtocolServer.java:start(191)) - RPC server for DataNodes is listening at /0.0.0.0:40011
2019-09-25 07:03:18,607 [IPC Server Responder] INFO  ipc.Server (Server.java:run(1314)) - IPC Server Responder: starting
2019-09-25 07:03:18,607 [IPC Server listener on 40011] INFO  ipc.Server (Server.java:run(1153)) - IPC Server listener on 40011: starting
2019-09-25 07:03:18,611 [main] INFO  http.HttpServer2 (HttpServer2.java:bindListener(1191)) - Jetty bound to port 41290
2019-09-25 07:03:18,611 [main] INFO  server.Server (Server.java:doStart(351)) - jetty-9.3.25.v20180904, build timestamp: 2018-09-04T21:11:46Z, git hash: 3ce520221d0240229c862b122d2b06c12a625732
2019-09-25 07:03:18,613 [main] INFO  handler.ContextHandler (ContextHandler.java:doStart(781)) - Started o.e.j.s.ServletContextHandler@18b74ea{/logs,file:///workdir/hadoop-ozone/integration-test/target/log,AVAILABLE}
2019-09-25 07:03:18,614 [main] INFO  handler.ContextHandler (ContextHandler.java:doStart(781)) - Started o.e.j.s.ServletContextHandler@493da830{/static,file:///workdir/hadoop-ozone/integration-test/target/test-classes/webapps/static,AVAILABLE}
2019-09-25 07:03:18,618 [main] INFO  handler.ContextHandler (ContextHandler.java:doStart(781)) - Started o.e.j.w.WebAppContext@2ceee4b6{/,file:///workdir/hadoop-ozone/integration-test/target/test-classes/webapps/scm/,AVAILABLE}{/scm}
2019-09-25 07:03:18,619 [main] INFO  server.AbstractConnector (AbstractConnector.java:doStart(278)) - Started ServerConnector@12a470dd{HTTP/1.1,[http/1.1]}{0.0.0.0:41290}
2019-09-25 07:03:18,620 [main] INFO  server.Server (Server.java:doStart(419)) - Started @63355ms
2019-09-25 07:03:18,620 [main] WARN  impl.MetricsSystemImpl (MetricsSystemImpl.java:register(276)) - Sink prometheus already exists!
2019-09-25 07:03:18,621 [main] INFO  server.BaseHttpServer (BaseHttpServer.java:updateConnectorAddress(215)) - HTTP server of SCM is listening at http://0.0.0.0:41290
2019-09-25 07:03:18,622 [main] WARN  server.ServerUtils (ServerUtils.java:getDBPath(222)) - ozone.om.db.dirs is not configured. We recommend adding this setting. Falling back to ozone.metadata.dirs instead.
2019-09-25 07:03:18,622 [org.apache.hadoop.util.JvmPauseMonitor$Monitor@5568c66f] INFO  util.JvmPauseMonitor (JvmPauseMonitor.java:run(188)) - Starting JVM pause monitor
2019-09-25 07:03:18,652 [main] WARN  server.ServerUtils (ServerUtils.java:getDBPath(222)) - ozone.om.db.dirs is not configured. We recommend adding this setting. Falling back to ozone.metadata.dirs instead.
2019-09-25 07:03:18,652 [main] WARN  server.ServerUtils (ServerUtils.java:getDBPath(222)) - ozone.om.db.dirs is not configured. We recommend adding this setting. Falling back to ozone.metadata.dirs instead.
2019-09-25 07:03:18,652 [main] INFO  om.OzoneManager (OzoneManager.java:setOMNodeDetails(652)) - OM Service ID is not set. Setting it to the default ID: omServiceIdDefault
2019-09-25 07:03:18,652 [main] INFO  om.OzoneManager (OzoneManager.java:setOMNodeDetails(658)) - OM Node ID is not set. Setting it to the OmStorage's OmID: 0433416c-f5dd-4c63-b63f-16fd35af26b3
2019-09-25 07:03:18,653 [main] INFO  om.OzoneManager (OzoneManager.java:loadOMHAConfigs(609)) - Found matching OM address with OMServiceId: null, OMNodeId: null, RPC Address: localhost:0 and Ratis port: 9872
2019-09-25 07:03:18,659 [main] WARN  server.ServerUtils (ServerUtils.java:getDBPath(222)) - ozone.om.db.dirs is not configured. We recommend adding this setting. Falling back to ozone.metadata.dirs instead.
2019-09-25 07:03:18,660 [main] INFO  db.DBStoreBuilder (DBStoreBuilder.java:addTable(110)) - using custom profile for table: userTable
2019-09-25 07:03:18,660 [main] INFO  db.DBStoreBuilder (DBStoreBuilder.java:processTables(161)) - Using default column profile:DBProfile.DISK for Table:userTable
2019-09-25 07:03:18,660 [main] INFO  db.DBStoreBuilder (DBStoreBuilder.java:addTable(110)) - using custom profile for table: volumeTable
2019-09-25 07:03:18,660 [main] INFO  db.DBStoreBuilder (DBStoreBuilder.java:processTables(161)) - Using default column profile:DBProfile.DISK for Table:volumeTable
2019-09-25 07:03:18,661 [main] INFO  db.DBStoreBuilder (DBStoreBuilder.java:addTable(110)) - using custom profile for table: bucketTable
2019-09-25 07:03:18,661 [main] INFO  db.DBStoreBuilder (DBStoreBuilder.java:processTables(161)) - Using default column profile:DBProfile.DISK for Table:bucketTable
2019-09-25 07:03:18,661 [main] INFO  db.DBStoreBuilder (DBStoreBuilder.java:addTable(110)) - using custom profile for table: keyTable
2019-09-25 07:03:18,661 [main] INFO  db.DBStoreBuilder (DBStoreBuilder.java:processTables(161)) - Using default column profile:DBProfile.DISK for Table:keyTable
2019-09-25 07:03:18,661 [main] INFO  db.DBStoreBuilder (DBStoreBuilder.java:addTable(110)) - using custom profile for table: deletedTable
2019-09-25 07:03:18,661 [main] INFO  db.DBStoreBuilder (DBStoreBuilder.java:processTables(161)) - Using default column profile:DBProfile.DISK for Table:deletedTable
2019-09-25 07:03:18,662 [main] INFO  db.DBStoreBuilder (DBStoreBuilder.java:addTable(110)) - using custom profile for table: openKeyTable
2019-09-25 07:03:18,662 [main] INFO  db.DBStoreBuilder (DBStoreBuilder.java:processTables(161)) - Using default column profile:DBProfile.DISK for Table:openKeyTable
2019-09-25 07:03:18,662 [main] INFO  db.DBStoreBuilder (DBStoreBuilder.java:addTable(110)) - using custom profile for table: s3Table
2019-09-25 07:03:18,662 [main] INFO  db.DBStoreBuilder (DBStoreBuilder.java:processTables(161)) - Using default column profile:DBProfile.DISK for Table:s3Table
2019-09-25 07:03:18,662 [main] INFO  db.DBStoreBuilder (DBStoreBuilder.java:addTable(110)) - using custom profile for table: multipartInfoTable
2019-09-25 07:03:18,662 [main] INFO  db.DBStoreBuilder (DBStoreBuilder.java:processTables(161)) - Using default column profile:DBProfile.DISK for Table:multipartInfoTable
2019-09-25 07:03:18,663 [main] INFO  db.DBStoreBuilder (DBStoreBuilder.java:addTable(110)) - using custom profile for table: dTokenTable
2019-09-25 07:03:18,663 [main] INFO  db.DBStoreBuilder (DBStoreBuilder.java:processTables(161)) - Using default column profile:DBProfile.DISK for Table:dTokenTable
2019-09-25 07:03:18,663 [main] INFO  db.DBStoreBuilder (DBStoreBuilder.java:addTable(110)) - using custom profile for table: s3SecretTable
2019-09-25 07:03:18,663 [main] INFO  db.DBStoreBuilder (DBStoreBuilder.java:processTables(161)) - Using default column profile:DBProfile.DISK for Table:s3SecretTable
2019-09-25 07:03:18,663 [main] INFO  db.DBStoreBuilder (DBStoreBuilder.java:addTable(110)) - using custom profile for table: prefixTable
2019-09-25 07:03:18,663 [main] INFO  db.DBStoreBuilder (DBStoreBuilder.java:processTables(161)) - Using default column profile:DBProfile.DISK for Table:prefixTable
2019-09-25 07:03:18,664 [main] INFO  db.DBStoreBuilder (DBStoreBuilder.java:addTable(110)) - using custom profile for table: default
2019-09-25 07:03:18,664 [main] INFO  db.DBStoreBuilder (DBStoreBuilder.java:processTables(167)) - Using default column profile:DBProfile.DISK for Table:default
2019-09-25 07:03:18,664 [main] INFO  db.DBStoreBuilder (DBStoreBuilder.java:getDbProfile(198)) - Using default options. DBProfile.DISK
2019-09-25 07:03:19,093 [main] INFO  ipc.CallQueueManager (CallQueueManager.java:<init>(84)) - Using callQueue: class java.util.concurrent.LinkedBlockingQueue, queueCapacity: 2000, scheduler: class org.apache.hadoop.ipc.DefaultRpcScheduler, ipcBackoff: false.
2019-09-25 07:03:19,094 [Socket Reader #1 for port 39532] INFO  ipc.Server (Server.java:run(1074)) - Starting Socket Reader #1 for port 39532
2019-09-25 07:03:19,107 [main] INFO  om.OzoneManager (OzoneManager.java:start(1243)) - OzoneManager RPC server is listening at localhost/127.0.0.1:39532
2019-09-25 07:03:19,107 [main] INFO  impl.MetricsSystemImpl (MetricsSystemImpl.java:init(158)) - OzoneManager metrics system started (again)
2019-09-25 07:03:19,108 [IPC Server Responder] INFO  ipc.Server (Server.java:run(1314)) - IPC Server Responder: starting
2019-09-25 07:03:19,108 [IPC Server listener on 39532] INFO  ipc.Server (Server.java:run(1153)) - IPC Server listener on 39532: starting
2019-09-25 07:03:19,114 [main] INFO  hdfs.DFSUtil (DFSUtil.java:httpServerTemplateForNNAndJN(1641)) - Starting Web-server for ozoneManager at: http://0.0.0.0:0
2019-09-25 07:03:19,116 [main] INFO  server.AuthenticationFilter (AuthenticationFilter.java:constructSecretProvider(240)) - Unable to initialize FileSignerSecretProvider, falling back to use random secrets.
2019-09-25 07:03:19,116 [main] WARN  http.HttpRequestLog (HttpRequestLog.java:getRequestLog(97)) - Jetty request log can only be enabled using Log4j
2019-09-25 07:03:19,118 [main] INFO  http.HttpServer2 (HttpServer2.java:addGlobalFilter(975)) - Added global filter 'safety' (class=org.apache.hadoop.http.HttpServer2$QuotingInputFilter)
2019-09-25 07:03:19,119 [main] INFO  http.HttpServer2 (HttpServer2.java:addFilter(948)) - Added filter static_user_filter (class=org.apache.hadoop.http.lib.StaticUserWebFilter$StaticUserFilter) to context ozoneManager
2019-09-25 07:03:19,119 [main] INFO  http.HttpServer2 (HttpServer2.java:addFilter(958)) - Added filter static_user_filter (class=org.apache.hadoop.http.lib.StaticUserWebFilter$StaticUserFilter) to context logs
2019-09-25 07:03:19,119 [main] INFO  http.HttpServer2 (HttpServer2.java:addFilter(958)) - Added filter static_user_filter (class=org.apache.hadoop.http.lib.StaticUserWebFilter$StaticUserFilter) to context static
2019-09-25 07:03:19,120 [main] INFO  http.HttpServer2 (HttpServer2.java:bindListener(1191)) - Jetty bound to port 40722
2019-09-25 07:03:19,120 [main] INFO  server.Server (Server.java:doStart(351)) - jetty-9.3.25.v20180904, build timestamp: 2018-09-04T21:11:46Z, git hash: 3ce520221d0240229c862b122d2b06c12a625732
2019-09-25 07:03:19,122 [main] INFO  handler.ContextHandler (ContextHandler.java:doStart(781)) - Started o.e.j.s.ServletContextHandler@fb0a08c{/logs,file:///workdir/hadoop-ozone/integration-test/target/log,AVAILABLE}
2019-09-25 07:03:19,123 [main] INFO  handler.ContextHandler (ContextHandler.java:doStart(781)) - Started o.e.j.s.ServletContextHandler@4debbf0{/static,file:///workdir/hadoop-ozone/integration-test/target/test-classes/webapps/static,AVAILABLE}
2019-09-25 07:03:19,127 [main] INFO  handler.ContextHandler (ContextHandler.java:doStart(781)) - Started o.e.j.w.WebAppContext@78cfa264{/,file:///workdir/hadoop-ozone/integration-test/target/test-classes/webapps/ozoneManager/,AVAILABLE}{/ozoneManager}
2019-09-25 07:03:19,128 [main] INFO  server.AbstractConnector (AbstractConnector.java:doStart(278)) - Started ServerConnector@3408f695{HTTP/1.1,[http/1.1]}{0.0.0.0:40722}
2019-09-25 07:03:19,129 [main] INFO  server.Server (Server.java:doStart(419)) - Started @63864ms
2019-09-25 07:03:19,129 [main] WARN  impl.MetricsSystemImpl (MetricsSystemImpl.java:register(276)) - Sink prometheus already exists!
2019-09-25 07:03:19,131 [main] INFO  server.BaseHttpServer (BaseHttpServer.java:updateConnectorAddress(215)) - HTTP server of OZONEMANAGER is listening at http://0.0.0.0:40722
2019-09-25 07:03:19,148 [main] INFO  impl.MetricsSystemImpl (MetricsSystemImpl.java:init(158)) - HddsDatanode metrics system started (again)
2019-09-25 07:03:19,151 [main] INFO  ozone.HddsDatanodeService (HddsDatanodeService.java:start(184)) - HddsDatanodeService host:pr-hdds-2171-6tmbh-193827893 ip:192.168.164.219
2019-09-25 07:03:19,156 [main] INFO  volume.HddsVolume (HddsVolume.java:<init>(176)) - Creating Volume: /workdir/hadoop-ozone/integration-test/target/test-dir/MiniOzoneClusterImpl-ac564c78-5755-4b89-8165-5797fdb29c3d/datanode-0/data/containers/hdds of  storage type : DISK and capacity : 1482555576320
2019-09-25 07:03:19,157 [main] INFO  volume.VolumeSet (VolumeSet.java:initializeVolumeSet(170)) - Added Volume : /workdir/hadoop-ozone/integration-test/target/test-dir/MiniOzoneClusterImpl-ac564c78-5755-4b89-8165-5797fdb29c3d/datanode-0/data/containers/hdds to VolumeSet
2019-09-25 07:03:19,157 [main] INFO  volume.ThrottledAsyncChecker (ThrottledAsyncChecker.java:schedule(139)) - Scheduling a check for org.apache.hadoop.ozone.container.common.volume.HddsVolume@13e5d243
2019-09-25 07:03:19,158 [main] INFO  volume.HddsVolumeChecker (HddsVolumeChecker.java:checkAllVolumes(202)) - Scheduled health check for volume org.apache.hadoop.ozone.container.common.volume.HddsVolume@13e5d243
2019-09-25 07:03:19,176 [main] INFO  impl.RaftServerProxy (ConfUtils.java:logGet(43)) - raft.rpc.type = GRPC (default)
2019-09-25 07:03:19,177 [main] INFO  grpc.GrpcFactory (GrpcFactory.java:checkPooledByteBufAllocatorUseCacheForAllThreads(45)) - PERFORMANCE WARNING: useCacheForAllThreads is true that may cause Netty to create a lot garbage objects and, as a result, trigger GC.
	It is recommended to disable useCacheForAllThreads by setting -Dorg.apache.ratis.thirdparty.io.netty.allocator.useCacheForAllThreads=false in command line.
2019-09-25 07:03:19,177 [main] INFO  grpc.GrpcConfigKeys$Server (ConfUtils.java:logGet(43)) - raft.grpc.server.port = 0 (default)
2019-09-25 07:03:19,177 [main] INFO  server.GrpcService (ConfUtils.java:logGet(43)) - raft.grpc.message.size.max = 33570816 (custom)
2019-09-25 07:03:19,178 [main] INFO  server.RaftServerConfigKeys (ConfUtils.java:logGet(43)) - raft.server.log.appender.buffer.byte-limit = 33554432 (custom)
2019-09-25 07:03:19,178 [main] INFO  server.GrpcService (ConfUtils.java:logGet(43)) - raft.grpc.flow.control.window = 1MB (=1048576) (default)
2019-09-25 07:03:19,179 [main] INFO  server.RaftServerConfigKeys (ConfUtils.java:logGet(43)) - raft.server.rpc.request.timeout = 3000ms (default)
2019-09-25 07:03:19,179 [main] INFO  server.RaftServerConfigKeys (ConfUtils.java:logGet(43)) - raft.server.storage.dir = [/workdir/hadoop-ozone/integration-test/target/test-dir/MiniOzoneClusterImpl-ac564c78-5755-4b89-8165-5797fdb29c3d/datanode-0/data/ratis] (custom)
2019-09-25 07:03:19,181 [main] INFO  hdfs.DFSUtil (DFSUtil.java:httpServerTemplateForNNAndJN(1641)) - Starting Web-server for hddsDatanode at: http://0.0.0.0:0
2019-09-25 07:03:19,183 [main] INFO  server.AuthenticationFilter (AuthenticationFilter.java:constructSecretProvider(240)) - Unable to initialize FileSignerSecretProvider, falling back to use random secrets.
2019-09-25 07:03:19,184 [main] WARN  http.HttpRequestLog (HttpRequestLog.java:getRequestLog(97)) - Jetty request log can only be enabled using Log4j
2019-09-25 07:03:19,186 [main] INFO  http.HttpServer2 (HttpServer2.java:addGlobalFilter(975)) - Added global filter 'safety' (class=org.apache.hadoop.http.HttpServer2$QuotingInputFilter)
2019-09-25 07:03:19,187 [main] INFO  http.HttpServer2 (HttpServer2.java:addFilter(948)) - Added filter static_user_filter (class=org.apache.hadoop.http.lib.StaticUserWebFilter$StaticUserFilter) to context hddsDatanode
2019-09-25 07:03:19,187 [main] INFO  http.HttpServer2 (HttpServer2.java:addFilter(958)) - Added filter static_user_filter (class=org.apache.hadoop.http.lib.StaticUserWebFilter$StaticUserFilter) to context static
2019-09-25 07:03:19,187 [main] INFO  http.HttpServer2 (HttpServer2.java:addFilter(958)) - Added filter static_user_filter (class=org.apache.hadoop.http.lib.StaticUserWebFilter$StaticUserFilter) to context logs
2019-09-25 07:03:19,188 [main] INFO  http.HttpServer2 (HttpServer2.java:bindListener(1191)) - Jetty bound to port 40768
2019-09-25 07:03:19,188 [main] INFO  server.Server (Server.java:doStart(351)) - jetty-9.3.25.v20180904, build timestamp: 2018-09-04T21:11:46Z, git hash: 3ce520221d0240229c862b122d2b06c12a625732
2019-09-25 07:03:19,190 [main] INFO  handler.ContextHandler (ContextHandler.java:doStart(781)) - Started o.e.j.s.ServletContextHandler@467233e4{/logs,file:///workdir/hadoop-ozone/integration-test/target/log,AVAILABLE}
2019-09-25 07:03:19,191 [main] INFO  handler.ContextHandler (ContextHandler.java:doStart(781)) - Started o.e.j.s.ServletContextHandler@6025d790{/static,jar:file:/home/user/.m2/repository/org/apache/hadoop/hadoop-hdds-container-service/0.5.0-SNAPSHOT/hadoop-hdds-container-service-0.5.0-SNAPSHOT.jar!/webapps/static,AVAILABLE}
2019-09-25 07:03:19,233 [main] INFO  handler.ContextHandler (ContextHandler.java:doStart(781)) - Started o.e.j.w.WebAppContext@1727e03a{/,file:///tmp/jetty-0.0.0.0-40768-hddsDatanode-_-any-7474255530539927431.dir/webapp/,AVAILABLE}{/hddsDatanode}
2019-09-25 07:03:19,233 [main] INFO  server.AbstractConnector (AbstractConnector.java:doStart(278)) - Started ServerConnector@7f9e8421{HTTP/1.1,[http/1.1]}{0.0.0.0:40768}
2019-09-25 07:03:19,235 [main] INFO  server.Server (Server.java:doStart(419)) - Started @63970ms
2019-09-25 07:03:19,235 [main] WARN  impl.MetricsSystemImpl (MetricsSystemImpl.java:register(276)) - Sink prometheus already exists!
2019-09-25 07:03:19,236 [main] INFO  server.BaseHttpServer (BaseHttpServer.java:updateConnectorAddress(215)) - HTTP server of HDDSDATANODE is listening at http://0.0.0.0:40768
2019-09-25 07:03:19,237 [main] INFO  impl.MetricsSystemImpl (MetricsSystemImpl.java:init(158)) - HddsDatanode metrics system started (again)
2019-09-25 07:03:19,239 [org.apache.hadoop.util.JvmPauseMonitor$Monitor@7e310d3e] INFO  util.JvmPauseMonitor (JvmPauseMonitor.java:run(188)) - Starting JVM pause monitor
2019-09-25 07:03:19,240 [main] INFO  ozone.HddsDatanodeService (HddsDatanodeService.java:start(184)) - HddsDatanodeService host:pr-hdds-2171-6tmbh-193827893 ip:192.168.164.219
2019-09-25 07:03:19,243 [Datanode State Machine Thread - 0] INFO  datanode.InitDatanodeState (InitDatanodeState.java:persistContainerDatanodeDetails(140)) - DatanodeDetails is persisted to /workdir/hadoop-ozone/integration-test/target/test-dir/MiniOzoneClusterImpl-ac564c78-5755-4b89-8165-5797fdb29c3d/datanode-0/meta/datanode.id
2019-09-25 07:03:19,246 [main] INFO  volume.HddsVolume (HddsVolume.java:<init>(176)) - Creating Volume: /workdir/hadoop-ozone/integration-test/target/test-dir/MiniOzoneClusterImpl-ac564c78-5755-4b89-8165-5797fdb29c3d/datanode-1/data/containers/hdds of  storage type : DISK and capacity : 1482555576320
2019-09-25 07:03:19,247 [main] INFO  volume.VolumeSet (VolumeSet.java:initializeVolumeSet(170)) - Added Volume : /workdir/hadoop-ozone/integration-test/target/test-dir/MiniOzoneClusterImpl-ac564c78-5755-4b89-8165-5797fdb29c3d/datanode-1/data/containers/hdds to VolumeSet
2019-09-25 07:03:19,247 [main] INFO  volume.ThrottledAsyncChecker (ThrottledAsyncChecker.java:schedule(139)) - Scheduling a check for org.apache.hadoop.ozone.container.common.volume.HddsVolume@5be052ca
2019-09-25 07:03:19,248 [main] INFO  volume.HddsVolumeChecker (HddsVolumeChecker.java:checkAllVolumes(202)) - Scheduled health check for volume org.apache.hadoop.ozone.container.common.volume.HddsVolume@5be052ca
2019-09-25 07:03:19,268 [main] INFO  impl.RaftServerProxy (ConfUtils.java:logGet(43)) - raft.rpc.type = GRPC (default)
2019-09-25 07:03:19,269 [main] INFO  grpc.GrpcFactory (GrpcFactory.java:checkPooledByteBufAllocatorUseCacheForAllThreads(45)) - PERFORMANCE WARNING: useCacheForAllThreads is true that may cause Netty to create a lot garbage objects and, as a result, trigger GC.
	It is recommended to disable useCacheForAllThreads by setting -Dorg.apache.ratis.thirdparty.io.netty.allocator.useCacheForAllThreads=false in command line.
2019-09-25 07:03:19,269 [main] INFO  grpc.GrpcConfigKeys$Server (ConfUtils.java:logGet(43)) - raft.grpc.server.port = 0 (default)
2019-09-25 07:03:19,269 [main] INFO  server.GrpcService (ConfUtils.java:logGet(43)) - raft.grpc.message.size.max = 33570816 (custom)
2019-09-25 07:03:19,270 [main] INFO  server.RaftServerConfigKeys (ConfUtils.java:logGet(43)) - raft.server.log.appender.buffer.byte-limit = 33554432 (custom)
2019-09-25 07:03:19,270 [main] INFO  server.GrpcService (ConfUtils.java:logGet(43)) - raft.grpc.flow.control.window = 1MB (=1048576) (default)
2019-09-25 07:03:19,270 [main] INFO  server.RaftServerConfigKeys (ConfUtils.java:logGet(43)) - raft.server.rpc.request.timeout = 3000ms (default)
2019-09-25 07:03:19,271 [main] INFO  server.RaftServerConfigKeys (ConfUtils.java:logGet(43)) - raft.server.storage.dir = [/workdir/hadoop-ozone/integration-test/target/test-dir/MiniOzoneClusterImpl-ac564c78-5755-4b89-8165-5797fdb29c3d/datanode-1/data/ratis] (custom)
2019-09-25 07:03:19,272 [main] INFO  hdfs.DFSUtil (DFSUtil.java:httpServerTemplateForNNAndJN(1641)) - Starting Web-server for hddsDatanode at: http://0.0.0.0:0
2019-09-25 07:03:19,274 [main] INFO  server.AuthenticationFilter (AuthenticationFilter.java:constructSecretProvider(240)) - Unable to initialize FileSignerSecretProvider, falling back to use random secrets.
2019-09-25 07:03:19,275 [main] WARN  http.HttpRequestLog (HttpRequestLog.java:getRequestLog(97)) - Jetty request log can only be enabled using Log4j
2019-09-25 07:03:19,276 [main] INFO  http.HttpServer2 (HttpServer2.java:addGlobalFilter(975)) - Added global filter 'safety' (class=org.apache.hadoop.http.HttpServer2$QuotingInputFilter)
2019-09-25 07:03:19,277 [main] INFO  http.HttpServer2 (HttpServer2.java:addFilter(948)) - Added filter static_user_filter (class=org.apache.hadoop.http.lib.StaticUserWebFilter$StaticUserFilter) to context hddsDatanode
2019-09-25 07:03:19,277 [main] INFO  http.HttpServer2 (HttpServer2.java:addFilter(958)) - Added filter static_user_filter (class=org.apache.hadoop.http.lib.StaticUserWebFilter$StaticUserFilter) to context logs
2019-09-25 07:03:19,277 [main] INFO  http.HttpServer2 (HttpServer2.java:addFilter(958)) - Added filter static_user_filter (class=org.apache.hadoop.http.lib.StaticUserWebFilter$StaticUserFilter) to context static
2019-09-25 07:03:19,278 [main] INFO  http.HttpServer2 (HttpServer2.java:bindListener(1191)) - Jetty bound to port 35424
2019-09-25 07:03:19,278 [main] INFO  server.Server (Server.java:doStart(351)) - jetty-9.3.25.v20180904, build timestamp: 2018-09-04T21:11:46Z, git hash: 3ce520221d0240229c862b122d2b06c12a625732
2019-09-25 07:03:19,281 [main] INFO  handler.ContextHandler (ContextHandler.java:doStart(781)) - Started o.e.j.s.ServletContextHandler@5ba03c82{/logs,file:///workdir/hadoop-ozone/integration-test/target/log,AVAILABLE}
2019-09-25 07:03:19,281 [main] INFO  handler.ContextHandler (ContextHandler.java:doStart(781)) - Started o.e.j.s.ServletContextHandler@7ab1127c{/static,jar:file:/home/user/.m2/repository/org/apache/hadoop/hadoop-hdds-container-service/0.5.0-SNAPSHOT/hadoop-hdds-container-service-0.5.0-SNAPSHOT.jar!/webapps/static,AVAILABLE}
2019-09-25 07:03:19,311 [main] INFO  handler.ContextHandler (ContextHandler.java:doStart(781)) - Started o.e.j.w.WebAppContext@5d3b58ca{/,file:///tmp/jetty-0.0.0.0-35424-hddsDatanode-_-any-3093593538206144298.dir/webapp/,AVAILABLE}{/hddsDatanode}
2019-09-25 07:03:19,312 [main] INFO  server.AbstractConnector (AbstractConnector.java:doStart(278)) - Started ServerConnector@4e224df5{HTTP/1.1,[http/1.1]}{0.0.0.0:35424}
2019-09-25 07:03:19,313 [main] INFO  server.Server (Server.java:doStart(419)) - Started @64048ms
2019-09-25 07:03:19,313 [main] WARN  impl.MetricsSystemImpl (MetricsSystemImpl.java:register(276)) - Sink prometheus already exists!
2019-09-25 07:03:19,314 [main] INFO  server.BaseHttpServer (BaseHttpServer.java:updateConnectorAddress(215)) - HTTP server of HDDSDATANODE is listening at http://0.0.0.0:35424
2019-09-25 07:03:19,314 [main] INFO  impl.MetricsSystemImpl (MetricsSystemImpl.java:init(158)) - HddsDatanode metrics system started (again)
2019-09-25 07:03:19,316 [org.apache.hadoop.util.JvmPauseMonitor$Monitor@4a745699] INFO  util.JvmPauseMonitor (JvmPauseMonitor.java:run(188)) - Starting JVM pause monitor
2019-09-25 07:03:19,317 [main] INFO  ozone.HddsDatanodeService (HddsDatanodeService.java:start(184)) - HddsDatanodeService host:pr-hdds-2171-6tmbh-193827893 ip:192.168.164.219
2019-09-25 07:03:19,318 [Datanode State Machine Thread - 0] INFO  datanode.InitDatanodeState (InitDatanodeState.java:persistContainerDatanodeDetails(140)) - DatanodeDetails is persisted to /workdir/hadoop-ozone/integration-test/target/test-dir/MiniOzoneClusterImpl-ac564c78-5755-4b89-8165-5797fdb29c3d/datanode-1/meta/datanode.id
2019-09-25 07:03:19,322 [main] INFO  volume.HddsVolume (HddsVolume.java:<init>(176)) - Creating Volume: /workdir/hadoop-ozone/integration-test/target/test-dir/MiniOzoneClusterImpl-ac564c78-5755-4b89-8165-5797fdb29c3d/datanode-2/data/containers/hdds of  storage type : DISK and capacity : 1482555576320
2019-09-25 07:03:19,322 [main] INFO  volume.VolumeSet (VolumeSet.java:initializeVolumeSet(170)) - Added Volume : /workdir/hadoop-ozone/integration-test/target/test-dir/MiniOzoneClusterImpl-ac564c78-5755-4b89-8165-5797fdb29c3d/datanode-2/data/containers/hdds to VolumeSet
2019-09-25 07:03:19,323 [main] INFO  volume.ThrottledAsyncChecker (ThrottledAsyncChecker.java:schedule(139)) - Scheduling a check for org.apache.hadoop.ozone.container.common.volume.HddsVolume@4116f66a
2019-09-25 07:03:19,323 [main] INFO  volume.HddsVolumeChecker (HddsVolumeChecker.java:checkAllVolumes(202)) - Scheduled health check for volume org.apache.hadoop.ozone.container.common.volume.HddsVolume@4116f66a
2019-09-25 07:03:19,335 [main] INFO  impl.RaftServerProxy (ConfUtils.java:logGet(43)) - raft.rpc.type = GRPC (default)
2019-09-25 07:03:19,335 [main] INFO  grpc.GrpcFactory (GrpcFactory.java:checkPooledByteBufAllocatorUseCacheForAllThreads(45)) - PERFORMANCE WARNING: useCacheForAllThreads is true that may cause Netty to create a lot garbage objects and, as a result, trigger GC.
	It is recommended to disable useCacheForAllThreads by setting -Dorg.apache.ratis.thirdparty.io.netty.allocator.useCacheForAllThreads=false in command line.
2019-09-25 07:03:19,336 [main] INFO  grpc.GrpcConfigKeys$Server (ConfUtils.java:logGet(43)) - raft.grpc.server.port = 0 (default)
2019-09-25 07:03:19,336 [main] INFO  server.GrpcService (ConfUtils.java:logGet(43)) - raft.grpc.message.size.max = 33570816 (custom)
2019-09-25 07:03:19,336 [main] INFO  server.RaftServerConfigKeys (ConfUtils.java:logGet(43)) - raft.server.log.appender.buffer.byte-limit = 33554432 (custom)
2019-09-25 07:03:19,336 [main] INFO  server.GrpcService (ConfUtils.java:logGet(43)) - raft.grpc.flow.control.window = 1MB (=1048576) (default)
2019-09-25 07:03:19,336 [main] INFO  server.RaftServerConfigKeys (ConfUtils.java:logGet(43)) - raft.server.rpc.request.timeout = 3000ms (default)
2019-09-25 07:03:19,337 [main] INFO  server.RaftServerConfigKeys (ConfUtils.java:logGet(43)) - raft.server.storage.dir = [/workdir/hadoop-ozone/integration-test/target/test-dir/MiniOzoneClusterImpl-ac564c78-5755-4b89-8165-5797fdb29c3d/datanode-2/data/ratis] (custom)
2019-09-25 07:03:19,338 [main] INFO  hdfs.DFSUtil (DFSUtil.java:httpServerTemplateForNNAndJN(1641)) - Starting Web-server for hddsDatanode at: http://0.0.0.0:0
2019-09-25 07:03:19,339 [main] INFO  server.AuthenticationFilter (AuthenticationFilter.java:constructSecretProvider(240)) - Unable to initialize FileSignerSecretProvider, falling back to use random secrets.
2019-09-25 07:03:19,340 [main] WARN  http.HttpRequestLog (HttpRequestLog.java:getRequestLog(97)) - Jetty request log can only be enabled using Log4j
2019-09-25 07:03:19,341 [main] INFO  http.HttpServer2 (HttpServer2.java:addGlobalFilter(975)) - Added global filter 'safety' (class=org.apache.hadoop.http.HttpServer2$QuotingInputFilter)
2019-09-25 07:03:19,341 [main] INFO  http.HttpServer2 (HttpServer2.java:addFilter(948)) - Added filter static_user_filter (class=org.apache.hadoop.http.lib.StaticUserWebFilter$StaticUserFilter) to context hddsDatanode
2019-09-25 07:03:19,342 [main] INFO  http.HttpServer2 (HttpServer2.java:addFilter(958)) - Added filter static_user_filter (class=org.apache.hadoop.http.lib.StaticUserWebFilter$StaticUserFilter) to context logs
2019-09-25 07:03:19,342 [main] INFO  http.HttpServer2 (HttpServer2.java:addFilter(958)) - Added filter static_user_filter (class=org.apache.hadoop.http.lib.StaticUserWebFilter$StaticUserFilter) to context static
2019-09-25 07:03:19,342 [main] INFO  http.HttpServer2 (HttpServer2.java:bindListener(1191)) - Jetty bound to port 39196
2019-09-25 07:03:19,343 [main] INFO  server.Server (Server.java:doStart(351)) - jetty-9.3.25.v20180904, build timestamp: 2018-09-04T21:11:46Z, git hash: 3ce520221d0240229c862b122d2b06c12a625732
2019-09-25 07:03:19,344 [main] INFO  handler.ContextHandler (ContextHandler.java:doStart(781)) - Started o.e.j.s.ServletContextHandler@2ed71727{/logs,file:///workdir/hadoop-ozone/integration-test/target/log,AVAILABLE}
2019-09-25 07:03:19,345 [main] INFO  handler.ContextHandler (ContextHandler.java:doStart(781)) - Started o.e.j.s.ServletContextHandler@65bb6275{/static,jar:file:/home/user/.m2/repository/org/apache/hadoop/hadoop-hdds-container-service/0.5.0-SNAPSHOT/hadoop-hdds-container-service-0.5.0-SNAPSHOT.jar!/webapps/static,AVAILABLE}
2019-09-25 07:03:19,376 [main] INFO  handler.ContextHandler (ContextHandler.java:doStart(781)) - Started o.e.j.w.WebAppContext@62c72501{/,file:///tmp/jetty-0.0.0.0-39196-hddsDatanode-_-any-7529885434435129808.dir/webapp/,AVAILABLE}{/hddsDatanode}
2019-09-25 07:03:19,377 [main] INFO  server.AbstractConnector (AbstractConnector.java:doStart(278)) - Started ServerConnector@c889805{HTTP/1.1,[http/1.1]}{0.0.0.0:39196}
2019-09-25 07:03:19,378 [main] INFO  server.Server (Server.java:doStart(419)) - Started @64113ms
2019-09-25 07:03:19,378 [main] WARN  impl.MetricsSystemImpl (MetricsSystemImpl.java:register(276)) - Sink prometheus already exists!
2019-09-25 07:03:19,379 [main] INFO  server.BaseHttpServer (BaseHttpServer.java:updateConnectorAddress(215)) - HTTP server of HDDSDATANODE is listening at http://0.0.0.0:39196
2019-09-25 07:03:19,379 [main] INFO  impl.MetricsSystemImpl (MetricsSystemImpl.java:init(158)) - HddsDatanode metrics system started (again)
2019-09-25 07:03:19,382 [org.apache.hadoop.util.JvmPauseMonitor$Monitor@1b0f5949] INFO  util.JvmPauseMonitor (JvmPauseMonitor.java:run(188)) - Starting JVM pause monitor
2019-09-25 07:03:19,383 [main] INFO  ozone.HddsDatanodeService (HddsDatanodeService.java:start(184)) - HddsDatanodeService host:pr-hdds-2171-6tmbh-193827893 ip:192.168.164.219
2019-09-25 07:03:19,383 [Datanode State Machine Thread - 0] INFO  datanode.InitDatanodeState (InitDatanodeState.java:persistContainerDatanodeDetails(140)) - DatanodeDetails is persisted to /workdir/hadoop-ozone/integration-test/target/test-dir/MiniOzoneClusterImpl-ac564c78-5755-4b89-8165-5797fdb29c3d/datanode-2/meta/datanode.id
2019-09-25 07:03:19,387 [main] INFO  volume.HddsVolume (HddsVolume.java:<init>(176)) - Creating Volume: /workdir/hadoop-ozone/integration-test/target/test-dir/MiniOzoneClusterImpl-ac564c78-5755-4b89-8165-5797fdb29c3d/datanode-3/data/containers/hdds of  storage type : DISK and capacity : 1482555576320
2019-09-25 07:03:19,388 [main] INFO  volume.VolumeSet (VolumeSet.java:initializeVolumeSet(170)) - Added Volume : /workdir/hadoop-ozone/integration-test/target/test-dir/MiniOzoneClusterImpl-ac564c78-5755-4b89-8165-5797fdb29c3d/datanode-3/data/containers/hdds to VolumeSet
2019-09-25 07:03:19,388 [main] INFO  volume.ThrottledAsyncChecker (ThrottledAsyncChecker.java:schedule(139)) - Scheduling a check for org.apache.hadoop.ozone.container.common.volume.HddsVolume@4c5a2baf
2019-09-25 07:03:19,388 [main] INFO  volume.HddsVolumeChecker (HddsVolumeChecker.java:checkAllVolumes(202)) - Scheduled health check for volume org.apache.hadoop.ozone.container.common.volume.HddsVolume@4c5a2baf
2019-09-25 07:03:19,403 [main] INFO  impl.RaftServerProxy (ConfUtils.java:logGet(43)) - raft.rpc.type = GRPC (default)
2019-09-25 07:03:19,403 [main] INFO  grpc.GrpcFactory (GrpcFactory.java:checkPooledByteBufAllocatorUseCacheForAllThreads(45)) - PERFORMANCE WARNING: useCacheForAllThreads is true that may cause Netty to create a lot garbage objects and, as a result, trigger GC.
	It is recommended to disable useCacheForAllThreads by setting -Dorg.apache.ratis.thirdparty.io.netty.allocator.useCacheForAllThreads=false in command line.
2019-09-25 07:03:19,403 [main] INFO  grpc.GrpcConfigKeys$Server (ConfUtils.java:logGet(43)) - raft.grpc.server.port = 0 (default)
2019-09-25 07:03:19,404 [main] INFO  server.GrpcService (ConfUtils.java:logGet(43)) - raft.grpc.message.size.max = 33570816 (custom)
2019-09-25 07:03:19,404 [main] INFO  server.RaftServerConfigKeys (ConfUtils.java:logGet(43)) - raft.server.log.appender.buffer.byte-limit = 33554432 (custom)
2019-09-25 07:03:19,404 [main] INFO  server.GrpcService (ConfUtils.java:logGet(43)) - raft.grpc.flow.control.window = 1MB (=1048576) (default)
2019-09-25 07:03:19,404 [main] INFO  server.RaftServerConfigKeys (ConfUtils.java:logGet(43)) - raft.server.rpc.request.timeout = 3000ms (default)
2019-09-25 07:03:19,405 [main] INFO  server.RaftServerConfigKeys (ConfUtils.java:logGet(43)) - raft.server.storage.dir = [/workdir/hadoop-ozone/integration-test/target/test-dir/MiniOzoneClusterImpl-ac564c78-5755-4b89-8165-5797fdb29c3d/datanode-3/data/ratis] (custom)
2019-09-25 07:03:19,406 [main] INFO  hdfs.DFSUtil (DFSUtil.java:httpServerTemplateForNNAndJN(1641)) - Starting Web-server for hddsDatanode at: http://0.0.0.0:0
2019-09-25 07:03:19,407 [main] INFO  server.AuthenticationFilter (AuthenticationFilter.java:constructSecretProvider(240)) - Unable to initialize FileSignerSecretProvider, falling back to use random secrets.
2019-09-25 07:03:19,407 [main] WARN  http.HttpRequestLog (HttpRequestLog.java:getRequestLog(97)) - Jetty request log can only be enabled using Log4j
2019-09-25 07:03:19,409 [main] INFO  http.HttpServer2 (HttpServer2.java:addGlobalFilter(975)) - Added global filter 'safety' (class=org.apache.hadoop.http.HttpServer2$QuotingInputFilter)
2019-09-25 07:03:19,409 [main] INFO  http.HttpServer2 (HttpServer2.java:addFilter(948)) - Added filter static_user_filter (class=org.apache.hadoop.http.lib.StaticUserWebFilter$StaticUserFilter) to context hddsDatanode
2019-09-25 07:03:19,409 [main] INFO  http.HttpServer2 (HttpServer2.java:addFilter(958)) - Added filter static_user_filter (class=org.apache.hadoop.http.lib.StaticUserWebFilter$StaticUserFilter) to context static
2019-09-25 07:03:19,410 [main] INFO  http.HttpServer2 (HttpServer2.java:addFilter(958)) - Added filter static_user_filter (class=org.apache.hadoop.http.lib.StaticUserWebFilter$StaticUserFilter) to context logs
2019-09-25 07:03:19,410 [main] INFO  http.HttpServer2 (HttpServer2.java:bindListener(1191)) - Jetty bound to port 36129
2019-09-25 07:03:19,410 [main] INFO  server.Server (Server.java:doStart(351)) - jetty-9.3.25.v20180904, build timestamp: 2018-09-04T21:11:46Z, git hash: 3ce520221d0240229c862b122d2b06c12a625732
2019-09-25 07:03:19,412 [main] INFO  handler.ContextHandler (ContextHandler.java:doStart(781)) - Started o.e.j.s.ServletContextHandler@33f17289{/logs,file:///workdir/hadoop-ozone/integration-test/target/log,AVAILABLE}
2019-09-25 07:03:19,412 [main] INFO  handler.ContextHandler (ContextHandler.java:doStart(781)) - Started o.e.j.s.ServletContextHandler@3913f206{/static,jar:file:/home/user/.m2/repository/org/apache/hadoop/hadoop-hdds-container-service/0.5.0-SNAPSHOT/hadoop-hdds-container-service-0.5.0-SNAPSHOT.jar!/webapps/static,AVAILABLE}
2019-09-25 07:03:19,444 [main] INFO  handler.ContextHandler (ContextHandler.java:doStart(781)) - Started o.e.j.w.WebAppContext@58aa10f4{/,file:///tmp/jetty-0.0.0.0-36129-hddsDatanode-_-any-746804465976109358.dir/webapp/,AVAILABLE}{/hddsDatanode}
2019-09-25 07:03:19,444 [main] INFO  server.AbstractConnector (AbstractConnector.java:doStart(278)) - Started ServerConnector@4fb56bea{HTTP/1.1,[http/1.1]}{0.0.0.0:36129}
2019-09-25 07:03:19,445 [main] INFO  server.Server (Server.java:doStart(419)) - Started @64180ms
2019-09-25 07:03:19,446 [main] WARN  impl.MetricsSystemImpl (MetricsSystemImpl.java:register(276)) - Sink prometheus already exists!
2019-09-25 07:03:19,446 [main] INFO  server.BaseHttpServer (BaseHttpServer.java:updateConnectorAddress(215)) - HTTP server of HDDSDATANODE is listening at http://0.0.0.0:36129
2019-09-25 07:03:19,446 [main] INFO  impl.MetricsSystemImpl (MetricsSystemImpl.java:init(158)) - HddsDatanode metrics system started (again)
2019-09-25 07:03:19,449 [org.apache.hadoop.util.JvmPauseMonitor$Monitor@669daf30] INFO  util.JvmPauseMonitor (JvmPauseMonitor.java:run(188)) - Starting JVM pause monitor
2019-09-25 07:03:19,449 [main] INFO  ozone.HddsDatanodeService (HddsDatanodeService.java:start(184)) - HddsDatanodeService host:pr-hdds-2171-6tmbh-193827893 ip:192.168.164.219
2019-09-25 07:03:19,451 [Datanode State Machine Thread - 0] INFO  datanode.InitDatanodeState (InitDatanodeState.java:persistContainerDatanodeDetails(140)) - DatanodeDetails is persisted to /workdir/hadoop-ozone/integration-test/target/test-dir/MiniOzoneClusterImpl-ac564c78-5755-4b89-8165-5797fdb29c3d/datanode-3/meta/datanode.id
2019-09-25 07:03:19,456 [main] INFO  volume.HddsVolume (HddsVolume.java:<init>(176)) - Creating Volume: /workdir/hadoop-ozone/integration-test/target/test-dir/MiniOzoneClusterImpl-ac564c78-5755-4b89-8165-5797fdb29c3d/datanode-4/data/containers/hdds of  storage type : DISK and capacity : 1482555576320
2019-09-25 07:03:19,457 [main] INFO  volume.VolumeSet (VolumeSet.java:initializeVolumeSet(170)) - Added Volume : /workdir/hadoop-ozone/integration-test/target/test-dir/MiniOzoneClusterImpl-ac564c78-5755-4b89-8165-5797fdb29c3d/datanode-4/data/containers/hdds to VolumeSet
2019-09-25 07:03:19,457 [main] INFO  volume.ThrottledAsyncChecker (ThrottledAsyncChecker.java:schedule(139)) - Scheduling a check for org.apache.hadoop.ozone.container.common.volume.HddsVolume@62cba181
2019-09-25 07:03:19,458 [main] INFO  volume.HddsVolumeChecker (HddsVolumeChecker.java:checkAllVolumes(202)) - Scheduled health check for volume org.apache.hadoop.ozone.container.common.volume.HddsVolume@62cba181
2019-09-25 07:03:19,473 [main] INFO  impl.RaftServerProxy (ConfUtils.java:logGet(43)) - raft.rpc.type = GRPC (default)
2019-09-25 07:03:19,474 [main] INFO  grpc.GrpcFactory (GrpcFactory.java:checkPooledByteBufAllocatorUseCacheForAllThreads(45)) - PERFORMANCE WARNING: useCacheForAllThreads is true that may cause Netty to create a lot garbage objects and, as a result, trigger GC.
	It is recommended to disable useCacheForAllThreads by setting -Dorg.apache.ratis.thirdparty.io.netty.allocator.useCacheForAllThreads=false in command line.
2019-09-25 07:03:19,474 [main] INFO  grpc.GrpcConfigKeys$Server (ConfUtils.java:logGet(43)) - raft.grpc.server.port = 0 (default)
2019-09-25 07:03:19,474 [main] INFO  server.GrpcService (ConfUtils.java:logGet(43)) - raft.grpc.message.size.max = 33570816 (custom)
2019-09-25 07:03:19,474 [main] INFO  server.RaftServerConfigKeys (ConfUtils.java:logGet(43)) - raft.server.log.appender.buffer.byte-limit = 33554432 (custom)
2019-09-25 07:03:19,475 [main] INFO  server.GrpcService (ConfUtils.java:logGet(43)) - raft.grpc.flow.control.window = 1MB (=1048576) (default)
2019-09-25 07:03:19,475 [main] INFO  server.RaftServerConfigKeys (ConfUtils.java:logGet(43)) - raft.server.rpc.request.timeout = 3000ms (default)
2019-09-25 07:03:19,475 [main] INFO  server.RaftServerConfigKeys (ConfUtils.java:logGet(43)) - raft.server.storage.dir = [/workdir/hadoop-ozone/integration-test/target/test-dir/MiniOzoneClusterImpl-ac564c78-5755-4b89-8165-5797fdb29c3d/datanode-4/data/ratis] (custom)
2019-09-25 07:03:19,476 [main] INFO  hdfs.DFSUtil (DFSUtil.java:httpServerTemplateForNNAndJN(1641)) - Starting Web-server for hddsDatanode at: http://0.0.0.0:0
2019-09-25 07:03:19,478 [main] INFO  server.AuthenticationFilter (AuthenticationFilter.java:constructSecretProvider(240)) - Unable to initialize FileSignerSecretProvider, falling back to use random secrets.
2019-09-25 07:03:19,478 [main] WARN  http.HttpRequestLog (HttpRequestLog.java:getRequestLog(97)) - Jetty request log can only be enabled using Log4j
2019-09-25 07:03:19,479 [main] INFO  http.HttpServer2 (HttpServer2.java:addGlobalFilter(975)) - Added global filter 'safety' (class=org.apache.hadoop.http.HttpServer2$QuotingInputFilter)
2019-09-25 07:03:19,480 [main] INFO  http.HttpServer2 (HttpServer2.java:addFilter(948)) - Added filter static_user_filter (class=org.apache.hadoop.http.lib.StaticUserWebFilter$StaticUserFilter) to context hddsDatanode
2019-09-25 07:03:19,480 [main] INFO  http.HttpServer2 (HttpServer2.java:addFilter(958)) - Added filter static_user_filter (class=org.apache.hadoop.http.lib.StaticUserWebFilter$StaticUserFilter) to context static
2019-09-25 07:03:19,480 [main] INFO  http.HttpServer2 (HttpServer2.java:addFilter(958)) - Added filter static_user_filter (class=org.apache.hadoop.http.lib.StaticUserWebFilter$StaticUserFilter) to context logs
2019-09-25 07:03:19,481 [main] INFO  http.HttpServer2 (HttpServer2.java:bindListener(1191)) - Jetty bound to port 33078
2019-09-25 07:03:19,481 [main] INFO  server.Server (Server.java:doStart(351)) - jetty-9.3.25.v20180904, build timestamp: 2018-09-04T21:11:46Z, git hash: 3ce520221d0240229c862b122d2b06c12a625732
2019-09-25 07:03:19,483 [main] INFO  handler.ContextHandler (ContextHandler.java:doStart(781)) - Started o.e.j.s.ServletContextHandler@6c184d4d{/logs,file:///workdir/hadoop-ozone/integration-test/target/log,AVAILABLE}
2019-09-25 07:03:19,484 [main] INFO  handler.ContextHandler (ContextHandler.java:doStart(781)) - Started o.e.j.s.ServletContextHandler@158e9f6e{/static,jar:file:/home/user/.m2/repository/org/apache/hadoop/hadoop-hdds-container-service/0.5.0-SNAPSHOT/hadoop-hdds-container-service-0.5.0-SNAPSHOT.jar!/webapps/static,AVAILABLE}
2019-09-25 07:03:19,512 [main] INFO  handler.ContextHandler (ContextHandler.java:doStart(781)) - Started o.e.j.w.WebAppContext@5b40de43{/,file:///tmp/jetty-0.0.0.0-33078-hddsDatanode-_-any-8706850972701009411.dir/webapp/,AVAILABLE}{/hddsDatanode}
2019-09-25 07:03:19,513 [main] INFO  server.AbstractConnector (AbstractConnector.java:doStart(278)) - Started ServerConnector@49fb0bbd{HTTP/1.1,[http/1.1]}{0.0.0.0:33078}
2019-09-25 07:03:19,515 [main] INFO  server.Server (Server.java:doStart(419)) - Started @64250ms
2019-09-25 07:03:19,515 [main] WARN  impl.MetricsSystemImpl (MetricsSystemImpl.java:register(276)) - Sink prometheus already exists!
2019-09-25 07:03:19,516 [main] INFO  server.BaseHttpServer (BaseHttpServer.java:updateConnectorAddress(215)) - HTTP server of HDDSDATANODE is listening at http://0.0.0.0:33078
2019-09-25 07:03:19,516 [main] INFO  impl.MetricsSystemImpl (MetricsSystemImpl.java:init(158)) - HddsDatanode metrics system started (again)
2019-09-25 07:03:19,519 [org.apache.hadoop.util.JvmPauseMonitor$Monitor@6b3b7ce0] INFO  util.JvmPauseMonitor (JvmPauseMonitor.java:run(188)) - Starting JVM pause monitor
2019-09-25 07:03:19,520 [main] INFO  ozone.HddsDatanodeService (HddsDatanodeService.java:start(184)) - HddsDatanodeService host:pr-hdds-2171-6tmbh-193827893 ip:192.168.164.219
2019-09-25 07:03:19,521 [Datanode State Machine Thread - 0] INFO  datanode.InitDatanodeState (InitDatanodeState.java:persistContainerDatanodeDetails(140)) - DatanodeDetails is persisted to /workdir/hadoop-ozone/integration-test/target/test-dir/MiniOzoneClusterImpl-ac564c78-5755-4b89-8165-5797fdb29c3d/datanode-4/meta/datanode.id
2019-09-25 07:03:19,526 [main] INFO  volume.HddsVolume (HddsVolume.java:<init>(176)) - Creating Volume: /workdir/hadoop-ozone/integration-test/target/test-dir/MiniOzoneClusterImpl-ac564c78-5755-4b89-8165-5797fdb29c3d/datanode-5/data/containers/hdds of  storage type : DISK and capacity : 1482555576320
2019-09-25 07:03:19,526 [main] INFO  volume.VolumeSet (VolumeSet.java:initializeVolumeSet(170)) - Added Volume : /workdir/hadoop-ozone/integration-test/target/test-dir/MiniOzoneClusterImpl-ac564c78-5755-4b89-8165-5797fdb29c3d/datanode-5/data/containers/hdds to VolumeSet
2019-09-25 07:03:19,527 [main] INFO  volume.ThrottledAsyncChecker (ThrottledAsyncChecker.java:schedule(139)) - Scheduling a check for org.apache.hadoop.ozone.container.common.volume.HddsVolume@17fede14
2019-09-25 07:03:19,527 [main] INFO  volume.HddsVolumeChecker (HddsVolumeChecker.java:checkAllVolumes(202)) - Scheduled health check for volume org.apache.hadoop.ozone.container.common.volume.HddsVolume@17fede14
2019-09-25 07:03:19,540 [main] INFO  impl.RaftServerProxy (ConfUtils.java:logGet(43)) - raft.rpc.type = GRPC (default)
2019-09-25 07:03:19,541 [main] INFO  grpc.GrpcFactory (GrpcFactory.java:checkPooledByteBufAllocatorUseCacheForAllThreads(45)) - PERFORMANCE WARNING: useCacheForAllThreads is true that may cause Netty to create a lot garbage objects and, as a result, trigger GC.
	It is recommended to disable useCacheForAllThreads by setting -Dorg.apache.ratis.thirdparty.io.netty.allocator.useCacheForAllThreads=false in command line.
2019-09-25 07:03:19,541 [main] INFO  grpc.GrpcConfigKeys$Server (ConfUtils.java:logGet(43)) - raft.grpc.server.port = 0 (default)
2019-09-25 07:03:19,541 [main] INFO  server.GrpcService (ConfUtils.java:logGet(43)) - raft.grpc.message.size.max = 33570816 (custom)
2019-09-25 07:03:19,541 [main] INFO  server.RaftServerConfigKeys (ConfUtils.java:logGet(43)) - raft.server.log.appender.buffer.byte-limit = 33554432 (custom)
2019-09-25 07:03:19,541 [main] INFO  server.GrpcService (ConfUtils.java:logGet(43)) - raft.grpc.flow.control.window = 1MB (=1048576) (default)
2019-09-25 07:03:19,542 [main] INFO  server.RaftServerConfigKeys (ConfUtils.java:logGet(43)) - raft.server.rpc.request.timeout = 3000ms (default)
2019-09-25 07:03:19,542 [main] INFO  server.RaftServerConfigKeys (ConfUtils.java:logGet(43)) - raft.server.storage.dir = [/workdir/hadoop-ozone/integration-test/target/test-dir/MiniOzoneClusterImpl-ac564c78-5755-4b89-8165-5797fdb29c3d/datanode-5/data/ratis] (custom)
2019-09-25 07:03:19,544 [main] INFO  hdfs.DFSUtil (DFSUtil.java:httpServerTemplateForNNAndJN(1641)) - Starting Web-server for hddsDatanode at: http://0.0.0.0:0
2019-09-25 07:03:19,546 [main] INFO  server.AuthenticationFilter (AuthenticationFilter.java:constructSecretProvider(240)) - Unable to initialize FileSignerSecretProvider, falling back to use random secrets.
2019-09-25 07:03:19,546 [main] WARN  http.HttpRequestLog (HttpRequestLog.java:getRequestLog(97)) - Jetty request log can only be enabled using Log4j
2019-09-25 07:03:19,547 [main] INFO  http.HttpServer2 (HttpServer2.java:addGlobalFilter(975)) - Added global filter 'safety' (class=org.apache.hadoop.http.HttpServer2$QuotingInputFilter)
2019-09-25 07:03:19,548 [main] INFO  http.HttpServer2 (HttpServer2.java:addFilter(948)) - Added filter static_user_filter (class=org.apache.hadoop.http.lib.StaticUserWebFilter$StaticUserFilter) to context hddsDatanode
2019-09-25 07:03:19,548 [main] INFO  http.HttpServer2 (HttpServer2.java:addFilter(958)) - Added filter static_user_filter (class=org.apache.hadoop.http.lib.StaticUserWebFilter$StaticUserFilter) to context static
2019-09-25 07:03:19,548 [main] INFO  http.HttpServer2 (HttpServer2.java:addFilter(958)) - Added filter static_user_filter (class=org.apache.hadoop.http.lib.StaticUserWebFilter$StaticUserFilter) to context logs
2019-09-25 07:03:19,549 [main] INFO  http.HttpServer2 (HttpServer2.java:bindListener(1191)) - Jetty bound to port 37962
2019-09-25 07:03:19,549 [main] INFO  server.Server (Server.java:doStart(351)) - jetty-9.3.25.v20180904, build timestamp: 2018-09-04T21:11:46Z, git hash: 3ce520221d0240229c862b122d2b06c12a625732
2019-09-25 07:03:19,550 [main] INFO  handler.ContextHandler (ContextHandler.java:doStart(781)) - Started o.e.j.s.ServletContextHandler@32faa16c{/logs,file:///workdir/hadoop-ozone/integration-test/target/log,AVAILABLE}
2019-09-25 07:03:19,551 [main] INFO  handler.ContextHandler (ContextHandler.java:doStart(781)) - Started o.e.j.s.ServletContextHandler@2bbb44da{/static,jar:file:/home/user/.m2/repository/org/apache/hadoop/hadoop-hdds-container-service/0.5.0-SNAPSHOT/hadoop-hdds-container-service-0.5.0-SNAPSHOT.jar!/webapps/static,AVAILABLE}
2019-09-25 07:03:19,579 [main] INFO  handler.ContextHandler (ContextHandler.java:doStart(781)) - Started o.e.j.w.WebAppContext@1989e8c6{/,file:///tmp/jetty-0.0.0.0-37962-hddsDatanode-_-any-3119010004153638697.dir/webapp/,AVAILABLE}{/hddsDatanode}
2019-09-25 07:03:19,580 [main] INFO  server.AbstractConnector (AbstractConnector.java:doStart(278)) - Started ServerConnector@35c4697c{HTTP/1.1,[http/1.1]}{0.0.0.0:37962}
2019-09-25 07:03:19,582 [main] INFO  server.Server (Server.java:doStart(419)) - Started @64317ms
2019-09-25 07:03:19,582 [main] WARN  impl.MetricsSystemImpl (MetricsSystemImpl.java:register(276)) - Sink prometheus already exists!
2019-09-25 07:03:19,583 [main] INFO  server.BaseHttpServer (BaseHttpServer.java:updateConnectorAddress(215)) - HTTP server of HDDSDATANODE is listening at http://0.0.0.0:37962
2019-09-25 07:03:19,583 [main] INFO  ozone.MiniOzoneClusterImpl (MiniOzoneClusterImpl.java:lambda$waitForClusterToBeReady$0(147)) - Waiting for cluster to be ready. Got 0 of 6 DN Heartbeats.
2019-09-25 07:03:19,585 [org.apache.hadoop.util.JvmPauseMonitor$Monitor@71eaa96f] INFO  util.JvmPauseMonitor (JvmPauseMonitor.java:run(188)) - Starting JVM pause monitor
2019-09-25 07:03:19,588 [Datanode State Machine Thread - 0] INFO  datanode.InitDatanodeState (InitDatanodeState.java:persistContainerDatanodeDetails(140)) - DatanodeDetails is persisted to /workdir/hadoop-ozone/integration-test/target/test-dir/MiniOzoneClusterImpl-ac564c78-5755-4b89-8165-5797fdb29c3d/datanode-5/meta/datanode.id
2019-09-25 07:03:20,583 [main] INFO  ozone.MiniOzoneClusterImpl (MiniOzoneClusterImpl.java:lambda$waitForClusterToBeReady$0(147)) - Waiting for cluster to be ready. Got 0 of 6 DN Heartbeats.
2019-09-25 07:03:21,350 [Datanode State Machine Thread - 0] INFO  ozoneimpl.OzoneContainer (OzoneContainer.java:start(217)) - Attempting to start container services.
2019-09-25 07:03:21,350 [Datanode State Machine Thread - 0] INFO  ozoneimpl.OzoneContainer (OzoneContainer.java:start(217)) - Attempting to start container services.
2019-09-25 07:03:21,350 [Datanode State Machine Thread - 0] INFO  ozoneimpl.OzoneContainer (OzoneContainer.java:startContainerScrub(179)) - Background container scanner has been disabled.
2019-09-25 07:03:21,350 [Datanode State Machine Thread - 0] INFO  ozoneimpl.OzoneContainer (OzoneContainer.java:startContainerScrub(179)) - Background container scanner has been disabled.
2019-09-25 07:03:21,350 [Datanode State Machine Thread - 0] INFO  ratis.XceiverServerRatis (XceiverServerRatis.java:start(411)) - Starting XceiverServerRatis 97f2a42f-5897-4f0b-8e09-d693101bff65 at port 0
2019-09-25 07:03:21,350 [Datanode State Machine Thread - 0] INFO  ratis.XceiverServerRatis (XceiverServerRatis.java:start(411)) - Starting XceiverServerRatis c75f0b4b-c79e-4451-bab8-f8899ec24358 at port 0
2019-09-25 07:03:21,375 [Datanode State Machine Thread - 0] INFO  impl.RaftServerProxy (RaftServerProxy.java:lambda$start$3(299)) - c75f0b4b-c79e-4451-bab8-f8899ec24358: start RPC server
2019-09-25 07:03:21,375 [Datanode State Machine Thread - 0] INFO  impl.RaftServerProxy (RaftServerProxy.java:lambda$start$3(299)) - 97f2a42f-5897-4f0b-8e09-d693101bff65: start RPC server
2019-09-25 07:03:21,377 [Datanode State Machine Thread - 0] INFO  server.GrpcService (GrpcService.java:startImpl(158)) - 97f2a42f-5897-4f0b-8e09-d693101bff65: GrpcService started, listening on 0.0.0.0/0.0.0.0:33321
2019-09-25 07:03:21,377 [Datanode State Machine Thread - 0] INFO  server.GrpcService (GrpcService.java:startImpl(158)) - c75f0b4b-c79e-4451-bab8-f8899ec24358: GrpcService started, listening on 0.0.0.0/0.0.0.0:42934
2019-09-25 07:03:21,377 [Datanode State Machine Thread - 0] INFO  ratis.XceiverServerRatis (XceiverServerRatis.java:start(421)) - XceiverServerRatis 97f2a42f-5897-4f0b-8e09-d693101bff65 is started using port 33321
2019-09-25 07:03:21,377 [Datanode State Machine Thread - 0] INFO  ratis.XceiverServerRatis (XceiverServerRatis.java:start(421)) - XceiverServerRatis c75f0b4b-c79e-4451-bab8-f8899ec24358 is started using port 42934
2019-09-25 07:03:21,377 [Datanode State Machine Thread - 0] INFO  server.XceiverServerGrpc (XceiverServerGrpc.java:start(149)) - XceiverServerGrpc 97f2a42f-5897-4f0b-8e09-d693101bff65 is started using port 45122
2019-09-25 07:03:21,379 [Datanode State Machine Thread - 0] INFO  server.XceiverServerGrpc (XceiverServerGrpc.java:start(149)) - XceiverServerGrpc c75f0b4b-c79e-4451-bab8-f8899ec24358 is started using port 39598
2019-09-25 07:03:21,386 [Datanode State Machine Thread - 0] INFO  ozoneimpl.OzoneContainer (OzoneContainer.java:start(217)) - Attempting to start container services.
2019-09-25 07:03:21,386 [Datanode State Machine Thread - 0] INFO  ozoneimpl.OzoneContainer (OzoneContainer.java:startContainerScrub(179)) - Background container scanner has been disabled.
2019-09-25 07:03:21,386 [Datanode State Machine Thread - 0] INFO  ratis.XceiverServerRatis (XceiverServerRatis.java:start(411)) - Starting XceiverServerRatis fffa9414-ff69-4be3-98af-02e83cd85251 at port 0
2019-09-25 07:03:21,413 [Datanode State Machine Thread - 0] INFO  impl.RaftServerProxy (RaftServerProxy.java:lambda$start$3(299)) - fffa9414-ff69-4be3-98af-02e83cd85251: start RPC server
2019-09-25 07:03:21,415 [Datanode State Machine Thread - 0] INFO  server.GrpcService (GrpcService.java:startImpl(158)) - fffa9414-ff69-4be3-98af-02e83cd85251: GrpcService started, listening on 0.0.0.0/0.0.0.0:43527
2019-09-25 07:03:21,415 [Datanode State Machine Thread - 0] INFO  ratis.XceiverServerRatis (XceiverServerRatis.java:start(421)) - XceiverServerRatis fffa9414-ff69-4be3-98af-02e83cd85251 is started using port 43527
2019-09-25 07:03:21,415 [Datanode State Machine Thread - 0] INFO  server.XceiverServerGrpc (XceiverServerGrpc.java:start(149)) - XceiverServerGrpc fffa9414-ff69-4be3-98af-02e83cd85251 is started using port 46412
2019-09-25 07:03:21,461 [Datanode State Machine Thread - 0] INFO  ozoneimpl.OzoneContainer (OzoneContainer.java:start(217)) - Attempting to start container services.
2019-09-25 07:03:21,462 [Datanode State Machine Thread - 0] INFO  ozoneimpl.OzoneContainer (OzoneContainer.java:startContainerScrub(179)) - Background container scanner has been disabled.
2019-09-25 07:03:21,462 [Datanode State Machine Thread - 0] INFO  ratis.XceiverServerRatis (XceiverServerRatis.java:start(411)) - Starting XceiverServerRatis 559541cc-73c8-4a56-acfe-5973788e7bb7 at port 0
2019-09-25 07:03:21,475 [Datanode State Machine Thread - 0] INFO  impl.RaftServerProxy (RaftServerProxy.java:lambda$start$3(299)) - 559541cc-73c8-4a56-acfe-5973788e7bb7: start RPC server
2019-09-25 07:03:21,475 [Datanode State Machine Thread - 0] INFO  server.GrpcService (GrpcService.java:startImpl(158)) - 559541cc-73c8-4a56-acfe-5973788e7bb7: GrpcService started, listening on 0.0.0.0/0.0.0.0:34742
2019-09-25 07:03:21,476 [Datanode State Machine Thread - 0] INFO  ratis.XceiverServerRatis (XceiverServerRatis.java:start(421)) - XceiverServerRatis 559541cc-73c8-4a56-acfe-5973788e7bb7 is started using port 34742
2019-09-25 07:03:21,477 [Datanode State Machine Thread - 0] INFO  server.XceiverServerGrpc (XceiverServerGrpc.java:start(149)) - XceiverServerGrpc 559541cc-73c8-4a56-acfe-5973788e7bb7 is started using port 39096
2019-09-25 07:03:21,533 [Datanode State Machine Thread - 0] INFO  ozoneimpl.OzoneContainer (OzoneContainer.java:start(217)) - Attempting to start container services.
2019-09-25 07:03:21,533 [Datanode State Machine Thread - 0] INFO  ozoneimpl.OzoneContainer (OzoneContainer.java:startContainerScrub(179)) - Background container scanner has been disabled.
2019-09-25 07:03:21,533 [Datanode State Machine Thread - 0] INFO  ratis.XceiverServerRatis (XceiverServerRatis.java:start(411)) - Starting XceiverServerRatis 728640af-76ba-4f5f-856a-2a4b70054956 at port 0
2019-09-25 07:03:21,553 [Datanode State Machine Thread - 0] INFO  impl.RaftServerProxy (RaftServerProxy.java:lambda$start$3(299)) - 728640af-76ba-4f5f-856a-2a4b70054956: start RPC server
2019-09-25 07:03:21,556 [Datanode State Machine Thread - 0] INFO  server.GrpcService (GrpcService.java:startImpl(158)) - 728640af-76ba-4f5f-856a-2a4b70054956: GrpcService started, listening on 0.0.0.0/0.0.0.0:44993
2019-09-25 07:03:21,556 [Datanode State Machine Thread - 0] INFO  ratis.XceiverServerRatis (XceiverServerRatis.java:start(421)) - XceiverServerRatis 728640af-76ba-4f5f-856a-2a4b70054956 is started using port 44993
2019-09-25 07:03:21,556 [Datanode State Machine Thread - 0] INFO  server.XceiverServerGrpc (XceiverServerGrpc.java:start(149)) - XceiverServerGrpc 728640af-76ba-4f5f-856a-2a4b70054956 is started using port 46635
2019-09-25 07:03:21,584 [main] INFO  ozone.MiniOzoneClusterImpl (MiniOzoneClusterImpl.java:lambda$waitForClusterToBeReady$0(147)) - Waiting for cluster to be ready. Got 0 of 6 DN Heartbeats.
2019-09-25 07:03:21,599 [Datanode State Machine Thread - 0] INFO  ozoneimpl.OzoneContainer (OzoneContainer.java:start(217)) - Attempting to start container services.
2019-09-25 07:03:21,601 [Datanode State Machine Thread - 0] INFO  ozoneimpl.OzoneContainer (OzoneContainer.java:startContainerScrub(179)) - Background container scanner has been disabled.
2019-09-25 07:03:21,601 [Datanode State Machine Thread - 0] INFO  ratis.XceiverServerRatis (XceiverServerRatis.java:start(411)) - Starting XceiverServerRatis bdbb84ae-3320-4ffc-9458-295388f22350 at port 0
2019-09-25 07:03:21,606 [Datanode State Machine Thread - 0] INFO  impl.RaftServerProxy (RaftServerProxy.java:lambda$start$3(299)) - bdbb84ae-3320-4ffc-9458-295388f22350: start RPC server
2019-09-25 07:03:21,607 [Datanode State Machine Thread - 0] INFO  server.GrpcService (GrpcService.java:startImpl(158)) - bdbb84ae-3320-4ffc-9458-295388f22350: GrpcService started, listening on 0.0.0.0/0.0.0.0:44213
2019-09-25 07:03:21,607 [Datanode State Machine Thread - 0] INFO  ratis.XceiverServerRatis (XceiverServerRatis.java:start(421)) - XceiverServerRatis bdbb84ae-3320-4ffc-9458-295388f22350 is started using port 44213
2019-09-25 07:03:21,607 [Datanode State Machine Thread - 0] INFO  server.XceiverServerGrpc (XceiverServerGrpc.java:start(149)) - XceiverServerGrpc bdbb84ae-3320-4ffc-9458-295388f22350 is started using port 42632
2019-09-25 07:03:22,584 [main] INFO  ozone.MiniOzoneClusterImpl (MiniOzoneClusterImpl.java:lambda$waitForClusterToBeReady$0(147)) - Waiting for cluster to be ready. Got 0 of 6 DN Heartbeats.
2019-09-25 07:03:23,244 [IPC Server handler 2 on 40011] INFO  net.NetworkTopology (NetworkTopologyImpl.java:add(111)) - Added a new node: /default-rack/c75f0b4b-c79e-4451-bab8-f8899ec24358
2019-09-25 07:03:23,246 [IPC Server handler 2 on 40011] INFO  node.SCMNodeManager (SCMNodeManager.java:register(266)) - Registered Data node : c75f0b4b-c79e-4451-bab8-f8899ec24358{ip: 192.168.164.219, host: pr-hdds-2171-6tmbh-193827893, networkLocation: /default-rack, certSerialId: null}
2019-09-25 07:03:23,247 [EventQueue-NodeRegistrationContainerReportForDataNodeSafeModeRule] INFO  safemode.SCMSafeModeManager (DataNodeSafeModeRule.java:process(71)) - SCM in safe mode. 1 DataNodes registered, 1 required.
2019-09-25 07:03:23,249 [EventQueue-NodeRegistrationContainerReportForDataNodeSafeModeRule] INFO  safemode.SCMSafeModeManager (SCMSafeModeManager.java:validateSafeModeExitRules(177)) - ScmSafeModeManager, all rules are successfully validated
2019-09-25 07:03:23,249 [EventQueue-NodeRegistrationContainerReportForDataNodeSafeModeRule] INFO  safemode.SCMSafeModeManager (SCMSafeModeManager.java:exitSafeMode(193)) - SCM exiting safe mode.
2019-09-25 07:03:23,257 [grpc-default-executor-1] INFO  impl.RaftServerProxy (RaftServerProxy.java:addNew(89)) - c75f0b4b-c79e-4451-bab8-f8899ec24358: addNew group-6D981170B6D8:[c75f0b4b-c79e-4451-bab8-f8899ec24358:192.168.164.219:42934] returns group-6D981170B6D8:java.util.concurrent.CompletableFuture@7fa12be7[Not completed]
2019-09-25 07:03:23,258 [pool-153-thread-1] INFO  impl.RaftServerImpl (RaftServerImpl.java:<init>(95)) - c75f0b4b-c79e-4451-bab8-f8899ec24358: new RaftServerImpl for group-6D981170B6D8:[c75f0b4b-c79e-4451-bab8-f8899ec24358:192.168.164.219:42934] with ContainerStateMachine:uninitialized
2019-09-25 07:03:23,258 [pool-153-thread-1] INFO  server.RaftServerConfigKeys (ConfUtils.java:logGet(43)) - raft.server.rpc.timeout.min = 1s (custom)
2019-09-25 07:03:23,259 [pool-153-thread-1] INFO  server.RaftServerConfigKeys (ConfUtils.java:logGet(43)) - raft.server.rpc.timeout.max = 1200ms (custom)
2019-09-25 07:03:23,259 [pool-153-thread-1] INFO  server.RaftServerConfigKeys (ConfUtils.java:logGet(43)) - raft.server.rpcslowness.timeout = 120s (custom)
2019-09-25 07:03:23,259 [pool-153-thread-1] INFO  server.RaftServerConfigKeys (ConfUtils.java:logGet(43)) - raft.server.sleep.deviation.threshold = 300 (default)
2019-09-25 07:03:23,259 [pool-153-thread-1] INFO  server.RaftServerConfigKeys (ConfUtils.java:logGet(43)) - raft.server.log.appender.install.snapshot.enabled = false (custom)
2019-09-25 07:03:23,259 [pool-153-thread-1] INFO  impl.RaftServerImpl (ServerState.java:<init>(103)) - c75f0b4b-c79e-4451-bab8-f8899ec24358@group-6D981170B6D8: ConfigurationManager, init=-1: [c75f0b4b-c79e-4451-bab8-f8899ec24358:192.168.164.219:42934], old=null, confs=<EMPTY_MAP>
2019-09-25 07:03:23,259 [pool-153-thread-1] INFO  server.RaftServerConfigKeys (ConfUtils.java:logGet(43)) - raft.server.storage.dir = [/workdir/hadoop-ozone/integration-test/target/test-dir/MiniOzoneClusterImpl-ac564c78-5755-4b89-8165-5797fdb29c3d/datanode-0/data/ratis] (custom)
2019-09-25 07:03:23,260 [pool-153-thread-1] INFO  storage.RaftStorageDirectory (RaftStorageDirectory.java:analyzeStorage(246)) - The storage directory /workdir/hadoop-ozone/integration-test/target/test-dir/MiniOzoneClusterImpl-ac564c78-5755-4b89-8165-5797fdb29c3d/datanode-0/data/ratis/58ed0312-5d27-44b9-99a9-6d981170b6d8 does not exist. Creating ...
2019-09-25 07:03:23,274 [pool-153-thread-1] INFO  storage.RaftStorageDirectory (RaftStorageDirectory.java:tryLock(328)) - Lock on /workdir/hadoop-ozone/integration-test/target/test-dir/MiniOzoneClusterImpl-ac564c78-5755-4b89-8165-5797fdb29c3d/datanode-0/data/ratis/58ed0312-5d27-44b9-99a9-6d981170b6d8/in_use.lock acquired by nodename 25364@pr-hdds-2171-6tmbh-193827893
2019-09-25 07:03:23,288 [pool-153-thread-1] INFO  storage.RaftStorage (RaftStorage.java:format(72)) - Storage directory /workdir/hadoop-ozone/integration-test/target/test-dir/MiniOzoneClusterImpl-ac564c78-5755-4b89-8165-5797fdb29c3d/datanode-0/data/ratis/58ed0312-5d27-44b9-99a9-6d981170b6d8 has been successfully formatted.
2019-09-25 07:03:23,288 [pool-153-thread-1] INFO  ratis.ContainerStateMachine (ContainerStateMachine.java:loadSnapshot(230)) - group-6D981170B6D8: The snapshot info is null. Setting the last applied indexto:(t:0, i:~)
2019-09-25 07:03:23,288 [pool-153-thread-1] INFO  server.RaftServerConfigKeys (ConfUtils.java:logGet(43)) - raft.server.notification.no-leader.timeout = 120s (custom)
2019-09-25 07:03:23,288 [pool-153-thread-1] INFO  server.RaftServerConfigKeys (ConfUtils.java:logGet(43)) - raft.server.log.use.memory = false (default)
2019-09-25 07:03:23,289 [pool-153-thread-1] INFO  server.RaftServerConfigKeys (ConfUtils.java:logGet(43)) - raft.server.log.purge.gap = 1000000 (custom)
2019-09-25 07:03:23,289 [pool-153-thread-1] INFO  server.RaftServerConfigKeys (ConfUtils.java:logGet(43)) - raft.server.log.appender.buffer.byte-limit = 33554432 (custom)
2019-09-25 07:03:23,289 [pool-153-thread-1] INFO  server.RaftServerConfigKeys (ConfUtils.java:logGet(43)) - raft.server.log.segment.size.max = 1048576 (custom)
2019-09-25 07:03:23,289 [pool-153-thread-1] INFO  server.RaftServerConfigKeys (ConfUtils.java:logGet(43)) - raft.server.log.segment.cache.num.max = 2 (custom)
2019-09-25 07:03:23,289 [pool-153-thread-1] INFO  segmented.SegmentedRaftLogWorker (SegmentedRaftLogWorker.java:<init>(172)) - new c75f0b4b-c79e-4451-bab8-f8899ec24358@group-6D981170B6D8-SegmentedRaftLogWorker for RaftStorage:Storage Directory /workdir/hadoop-ozone/integration-test/target/test-dir/MiniOzoneClusterImpl-ac564c78-5755-4b89-8165-5797fdb29c3d/datanode-0/data/ratis/58ed0312-5d27-44b9-99a9-6d981170b6d8
2019-09-25 07:03:23,291 [pool-153-thread-1] INFO  server.RaftServerConfigKeys (ConfUtils.java:logGet(43)) - raft.server.log.queue.byte-limit = 2147483647 (custom)
2019-09-25 07:03:23,292 [pool-153-thread-1] INFO  server.RaftServerConfigKeys (ConfUtils.java:logGet(43)) - raft.server.log.queue.element-limit = 1024 (custom)
2019-09-25 07:03:23,292 [pool-153-thread-1] INFO  server.RaftServerConfigKeys (ConfUtils.java:logGet(43)) - raft.server.log.segment.size.max = 1048576 (custom)
2019-09-25 07:03:23,292 [pool-153-thread-1] INFO  server.RaftServerConfigKeys (ConfUtils.java:logGet(43)) - raft.server.log.preallocated.size = 16384 (custom)
2019-09-25 07:03:23,292 [pool-153-thread-1] INFO  server.RaftServerConfigKeys (ConfUtils.java:logGet(43)) - raft.server.log.write.buffer.size = 33554432 (custom)
2019-09-25 07:03:23,292 [pool-153-thread-1] INFO  server.RaftServerConfigKeys (ConfUtils.java:logGet(43)) - raft.server.log.force.sync.num = 128 (default)
2019-09-25 07:03:23,292 [pool-153-thread-1] INFO  server.RaftServerConfigKeys (ConfUtils.java:logGet(43)) - raft.server.log.statemachine.data.sync = true (default)
2019-09-25 07:03:23,292 [pool-153-thread-1] INFO  server.RaftServerConfigKeys (ConfUtils.java:logGet(43)) - raft.server.log.statemachine.data.sync.timeout = 10s (default)
2019-09-25 07:03:23,292 [pool-153-thread-1] INFO  server.RaftServerConfigKeys (ConfUtils.java:logGet(43)) - raft.server.log.statemachine.data.sync.timeout.retry = -1 (default)
2019-09-25 07:03:23,293 [pool-153-thread-1] INFO  server.RaftServerConfigKeys (ConfUtils.java:logGet(43)) - raft.server.log.statemachine.data.caching.enabled = true (custom)
2019-09-25 07:03:23,293 [pool-153-thread-1] INFO  segmented.SegmentedRaftLogWorker (SegmentedRaftLogWorker.java:lambda$new$0(132)) - c75f0b4b-c79e-4451-bab8-f8899ec24358@group-6D981170B6D8-SegmentedRaftLogWorker: flushIndex: setUnconditionally 0 -> -1
2019-09-25 07:03:23,293 [pool-153-thread-1] INFO  server.RaftServerConfigKeys (ConfUtils.java:logGet(43)) - raft.server.snapshot.auto.trigger.enabled = true (custom)
2019-09-25 07:03:23,293 [pool-153-thread-1] INFO  server.RaftServerConfigKeys (ConfUtils.java:logGet(43)) - raft.server.snapshot.auto.trigger.threshold = 10000 (custom)
2019-09-25 07:03:23,294 [pool-153-thread-1] INFO  server.RaftServerConfigKeys (ConfUtils.java:logGet(43)) - raft.server.snapshot.retention.num.files = 5 (custom)
2019-09-25 07:03:23,294 [pool-153-thread-1] INFO  server.RaftServerConfigKeys (ConfUtils.java:logGet(43)) - raft.server.retrycache.expirytime = 600000ms (custom)
2019-09-25 07:03:23,296 [pool-153-thread-1] INFO  impl.RaftServerImpl (RaftServerImpl.java:start(185)) - c75f0b4b-c79e-4451-bab8-f8899ec24358@group-6D981170B6D8: start as a follower, conf=-1: [c75f0b4b-c79e-4451-bab8-f8899ec24358:192.168.164.219:42934], old=null
2019-09-25 07:03:23,296 [pool-153-thread-1] INFO  impl.RaftServerImpl (RaftServerImpl.java:setRole(174)) - c75f0b4b-c79e-4451-bab8-f8899ec24358@group-6D981170B6D8: changes role from      null to FOLLOWER at term 0 for startAsFollower
2019-09-25 07:03:23,296 [pool-153-thread-1] INFO  impl.RoleInfo (RoleInfo.java:updateAndGet(143)) - c75f0b4b-c79e-4451-bab8-f8899ec24358: start FollowerState
2019-09-25 07:03:23,305 [pool-153-thread-1] INFO  util.JmxRegister (JmxRegister.java:tryRegister(44)) - Successfully registered JMX Bean with object name Ratis:service=RaftServer,group=group-6D981170B6D8,id=c75f0b4b-c79e-4451-bab8-f8899ec24358
2019-09-25 07:03:23,315 [RatisPipelineUtilsThread] INFO  pipeline.PipelineStateManager (PipelineStateManager.java:addPipeline(56)) - Created pipeline Pipeline[ Id: 58ed0312-5d27-44b9-99a9-6d981170b6d8, Nodes: c75f0b4b-c79e-4451-bab8-f8899ec24358{ip: 192.168.164.219, host: pr-hdds-2171-6tmbh-193827893, networkLocation: /default-rack, certSerialId: null}, Type:RATIS, Factor:ONE, State:OPEN]
2019-09-25 07:03:23,317 [IPC Server handler 0 on 40011] INFO  net.NetworkTopology (NetworkTopologyImpl.java:add(111)) - Added a new node: /default-rack/97f2a42f-5897-4f0b-8e09-d693101bff65
2019-09-25 07:03:23,318 [IPC Server handler 0 on 40011] INFO  node.SCMNodeManager (SCMNodeManager.java:register(266)) - Registered Data node : 97f2a42f-5897-4f0b-8e09-d693101bff65{ip: 192.168.164.219, host: pr-hdds-2171-6tmbh-193827893, networkLocation: /default-rack, certSerialId: null}
2019-09-25 07:03:23,324 [grpc-default-executor-1] INFO  impl.RaftServerProxy (RaftServerProxy.java:addNew(89)) - 97f2a42f-5897-4f0b-8e09-d693101bff65: addNew group-A68C3D632B35:[97f2a42f-5897-4f0b-8e09-d693101bff65:192.168.164.219:33321] returns group-A68C3D632B35:java.util.concurrent.CompletableFuture@379860b[Not completed]
2019-09-25 07:03:23,325 [pool-163-thread-1] INFO  impl.RaftServerImpl (RaftServerImpl.java:<init>(95)) - 97f2a42f-5897-4f0b-8e09-d693101bff65: new RaftServerImpl for group-A68C3D632B35:[97f2a42f-5897-4f0b-8e09-d693101bff65:192.168.164.219:33321] with ContainerStateMachine:uninitialized
2019-09-25 07:03:23,325 [pool-163-thread-1] INFO  server.RaftServerConfigKeys (ConfUtils.java:logGet(43)) - raft.server.rpc.timeout.min = 1s (custom)
2019-09-25 07:03:23,325 [pool-163-thread-1] INFO  server.RaftServerConfigKeys (ConfUtils.java:logGet(43)) - raft.server.rpc.timeout.max = 1200ms (custom)
2019-09-25 07:03:23,325 [pool-163-thread-1] INFO  server.RaftServerConfigKeys (ConfUtils.java:logGet(43)) - raft.server.rpcslowness.timeout = 120s (custom)
2019-09-25 07:03:23,325 [pool-163-thread-1] INFO  server.RaftServerConfigKeys (ConfUtils.java:logGet(43)) - raft.server.sleep.deviation.threshold = 300 (default)
2019-09-25 07:03:23,325 [pool-163-thread-1] INFO  server.RaftServerConfigKeys (ConfUtils.java:logGet(43)) - raft.server.log.appender.install.snapshot.enabled = false (custom)
2019-09-25 07:03:23,325 [pool-163-thread-1] INFO  impl.RaftServerImpl (ServerState.java:<init>(103)) - 97f2a42f-5897-4f0b-8e09-d693101bff65@group-A68C3D632B35: ConfigurationManager, init=-1: [97f2a42f-5897-4f0b-8e09-d693101bff65:192.168.164.219:33321], old=null, confs=<EMPTY_MAP>
2019-09-25 07:03:23,325 [pool-163-thread-1] INFO  server.RaftServerConfigKeys (ConfUtils.java:logGet(43)) - raft.server.storage.dir = [/workdir/hadoop-ozone/integration-test/target/test-dir/MiniOzoneClusterImpl-ac564c78-5755-4b89-8165-5797fdb29c3d/datanode-1/data/ratis] (custom)
2019-09-25 07:03:23,326 [pool-163-thread-1] INFO  storage.RaftStorageDirectory (RaftStorageDirectory.java:analyzeStorage(246)) - The storage directory /workdir/hadoop-ozone/integration-test/target/test-dir/MiniOzoneClusterImpl-ac564c78-5755-4b89-8165-5797fdb29c3d/datanode-1/data/ratis/83603bfd-aed4-475b-b08a-a68c3d632b35 does not exist. Creating ...
2019-09-25 07:03:23,340 [pool-163-thread-1] INFO  storage.RaftStorageDirectory (RaftStorageDirectory.java:tryLock(328)) - Lock on /workdir/hadoop-ozone/integration-test/target/test-dir/MiniOzoneClusterImpl-ac564c78-5755-4b89-8165-5797fdb29c3d/datanode-1/data/ratis/83603bfd-aed4-475b-b08a-a68c3d632b35/in_use.lock acquired by nodename 25364@pr-hdds-2171-6tmbh-193827893
2019-09-25 07:03:23,353 [pool-163-thread-1] INFO  storage.RaftStorage (RaftStorage.java:format(72)) - Storage directory /workdir/hadoop-ozone/integration-test/target/test-dir/MiniOzoneClusterImpl-ac564c78-5755-4b89-8165-5797fdb29c3d/datanode-1/data/ratis/83603bfd-aed4-475b-b08a-a68c3d632b35 has been successfully formatted.
2019-09-25 07:03:23,353 [pool-163-thread-1] INFO  ratis.ContainerStateMachine (ContainerStateMachine.java:loadSnapshot(230)) - group-A68C3D632B35: The snapshot info is null. Setting the last applied indexto:(t:0, i:~)
2019-09-25 07:03:23,353 [pool-163-thread-1] INFO  server.RaftServerConfigKeys (ConfUtils.java:logGet(43)) - raft.server.notification.no-leader.timeout = 120s (custom)
2019-09-25 07:03:23,353 [pool-163-thread-1] INFO  server.RaftServerConfigKeys (ConfUtils.java:logGet(43)) - raft.server.log.use.memory = false (default)
2019-09-25 07:03:23,353 [pool-163-thread-1] INFO  server.RaftServerConfigKeys (ConfUtils.java:logGet(43)) - raft.server.log.purge.gap = 1000000 (custom)
2019-09-25 07:03:23,353 [pool-163-thread-1] INFO  server.RaftServerConfigKeys (ConfUtils.java:logGet(43)) - raft.server.log.appender.buffer.byte-limit = 33554432 (custom)
2019-09-25 07:03:23,354 [pool-163-thread-1] INFO  server.RaftServerConfigKeys (ConfUtils.java:logGet(43)) - raft.server.log.segment.size.max = 1048576 (custom)
2019-09-25 07:03:23,354 [pool-163-thread-1] INFO  server.RaftServerConfigKeys (ConfUtils.java:logGet(43)) - raft.server.log.segment.cache.num.max = 2 (custom)
2019-09-25 07:03:23,354 [pool-163-thread-1] INFO  segmented.SegmentedRaftLogWorker (SegmentedRaftLogWorker.java:<init>(172)) - new 97f2a42f-5897-4f0b-8e09-d693101bff65@group-A68C3D632B35-SegmentedRaftLogWorker for RaftStorage:Storage Directory /workdir/hadoop-ozone/integration-test/target/test-dir/MiniOzoneClusterImpl-ac564c78-5755-4b89-8165-5797fdb29c3d/datanode-1/data/ratis/83603bfd-aed4-475b-b08a-a68c3d632b35
2019-09-25 07:03:23,356 [pool-163-thread-1] INFO  server.RaftServerConfigKeys (ConfUtils.java:logGet(43)) - raft.server.log.queue.byte-limit = 2147483647 (custom)
2019-09-25 07:03:23,356 [pool-163-thread-1] INFO  server.RaftServerConfigKeys (ConfUtils.java:logGet(43)) - raft.server.log.queue.element-limit = 1024 (custom)
2019-09-25 07:03:23,356 [pool-163-thread-1] INFO  server.RaftServerConfigKeys (ConfUtils.java:logGet(43)) - raft.server.log.segment.size.max = 1048576 (custom)
2019-09-25 07:03:23,356 [pool-163-thread-1] INFO  server.RaftServerConfigKeys (ConfUtils.java:logGet(43)) - raft.server.log.preallocated.size = 16384 (custom)
2019-09-25 07:03:23,356 [pool-163-thread-1] INFO  server.RaftServerConfigKeys (ConfUtils.java:logGet(43)) - raft.server.log.write.buffer.size = 33554432 (custom)
2019-09-25 07:03:23,356 [pool-163-thread-1] INFO  server.RaftServerConfigKeys (ConfUtils.java:logGet(43)) - raft.server.log.force.sync.num = 128 (default)
2019-09-25 07:03:23,356 [pool-163-thread-1] INFO  server.RaftServerConfigKeys (ConfUtils.java:logGet(43)) - raft.server.log.statemachine.data.sync = true (default)
2019-09-25 07:03:23,356 [pool-163-thread-1] INFO  server.RaftServerConfigKeys (ConfUtils.java:logGet(43)) - raft.server.log.statemachine.data.sync.timeout = 10s (default)
2019-09-25 07:03:23,356 [pool-163-thread-1] INFO  server.RaftServerConfigKeys (ConfUtils.java:logGet(43)) - raft.server.log.statemachine.data.sync.timeout.retry = -1 (default)
2019-09-25 07:03:23,357 [pool-163-thread-1] INFO  server.RaftServerConfigKeys (ConfUtils.java:logGet(43)) - raft.server.log.statemachine.data.caching.enabled = true (custom)
2019-09-25 07:03:23,357 [pool-163-thread-1] INFO  segmented.SegmentedRaftLogWorker (SegmentedRaftLogWorker.java:lambda$new$0(132)) - 97f2a42f-5897-4f0b-8e09-d693101bff65@group-A68C3D632B35-SegmentedRaftLogWorker: flushIndex: setUnconditionally 0 -> -1
2019-09-25 07:03:23,357 [pool-163-thread-1] INFO  server.RaftServerConfigKeys (ConfUtils.java:logGet(43)) - raft.server.snapshot.auto.trigger.enabled = true (custom)
2019-09-25 07:03:23,357 [pool-163-thread-1] INFO  server.RaftServerConfigKeys (ConfUtils.java:logGet(43)) - raft.server.snapshot.auto.trigger.threshold = 10000 (custom)
2019-09-25 07:03:23,357 [pool-163-thread-1] INFO  server.RaftServerConfigKeys (ConfUtils.java:logGet(43)) - raft.server.snapshot.retention.num.files = 5 (custom)
2019-09-25 07:03:23,357 [pool-163-thread-1] INFO  server.RaftServerConfigKeys (ConfUtils.java:logGet(43)) - raft.server.retrycache.expirytime = 600000ms (custom)
2019-09-25 07:03:23,359 [pool-163-thread-1] INFO  impl.RaftServerImpl (RaftServerImpl.java:start(185)) - 97f2a42f-5897-4f0b-8e09-d693101bff65@group-A68C3D632B35: start as a follower, conf=-1: [97f2a42f-5897-4f0b-8e09-d693101bff65:192.168.164.219:33321], old=null
2019-09-25 07:03:23,359 [pool-163-thread-1] INFO  impl.RaftServerImpl (RaftServerImpl.java:setRole(174)) - 97f2a42f-5897-4f0b-8e09-d693101bff65@group-A68C3D632B35: changes role from      null to FOLLOWER at term 0 for startAsFollower
2019-09-25 07:03:23,359 [pool-163-thread-1] INFO  impl.RoleInfo (RoleInfo.java:updateAndGet(143)) - 97f2a42f-5897-4f0b-8e09-d693101bff65: start FollowerState
2019-09-25 07:03:23,360 [pool-163-thread-1] INFO  util.JmxRegister (JmxRegister.java:tryRegister(44)) - Successfully registered JMX Bean with object name Ratis:service=RaftServer,group=group-A68C3D632B35,id=97f2a42f-5897-4f0b-8e09-d693101bff65
2019-09-25 07:03:23,363 [RatisPipelineUtilsThread] INFO  pipeline.PipelineStateManager (PipelineStateManager.java:addPipeline(56)) - Created pipeline Pipeline[ Id: 83603bfd-aed4-475b-b08a-a68c3d632b35, Nodes: 97f2a42f-5897-4f0b-8e09-d693101bff65{ip: 192.168.164.219, host: pr-hdds-2171-6tmbh-193827893, networkLocation: /default-rack, certSerialId: null}, Type:RATIS, Factor:ONE, State:OPEN]
2019-09-25 07:03:23,382 [IPC Server handler 1 on 40011] INFO  net.NetworkTopology (NetworkTopologyImpl.java:add(111)) - Added a new node: /default-rack/fffa9414-ff69-4be3-98af-02e83cd85251
2019-09-25 07:03:23,383 [IPC Server handler 1 on 40011] INFO  node.SCMNodeManager (SCMNodeManager.java:register(266)) - Registered Data node : fffa9414-ff69-4be3-98af-02e83cd85251{ip: 192.168.164.219, host: pr-hdds-2171-6tmbh-193827893, networkLocation: /default-rack, certSerialId: null}
2019-09-25 07:03:23,388 [grpc-default-executor-1] INFO  impl.RaftServerProxy (RaftServerProxy.java:addNew(89)) - fffa9414-ff69-4be3-98af-02e83cd85251: addNew group-4FD0C2388897:[fffa9414-ff69-4be3-98af-02e83cd85251:192.168.164.219:43527] returns group-4FD0C2388897:java.util.concurrent.CompletableFuture@5b8f8a75[Not completed]
2019-09-25 07:03:23,389 [pool-173-thread-1] INFO  impl.RaftServerImpl (RaftServerImpl.java:<init>(95)) - fffa9414-ff69-4be3-98af-02e83cd85251: new RaftServerImpl for group-4FD0C2388897:[fffa9414-ff69-4be3-98af-02e83cd85251:192.168.164.219:43527] with ContainerStateMachine:uninitialized
2019-09-25 07:03:23,389 [pool-173-thread-1] INFO  server.RaftServerConfigKeys (ConfUtils.java:logGet(43)) - raft.server.rpc.timeout.min = 1s (custom)
2019-09-25 07:03:23,390 [pool-173-thread-1] INFO  server.RaftServerConfigKeys (ConfUtils.java:logGet(43)) - raft.server.rpc.timeout.max = 1200ms (custom)
2019-09-25 07:03:23,390 [pool-173-thread-1] INFO  server.RaftServerConfigKeys (ConfUtils.java:logGet(43)) - raft.server.rpcslowness.timeout = 120s (custom)
2019-09-25 07:03:23,390 [pool-173-thread-1] INFO  server.RaftServerConfigKeys (ConfUtils.java:logGet(43)) - raft.server.sleep.deviation.threshold = 300 (default)
2019-09-25 07:03:23,390 [pool-173-thread-1] INFO  server.RaftServerConfigKeys (ConfUtils.java:logGet(43)) - raft.server.log.appender.install.snapshot.enabled = false (custom)
2019-09-25 07:03:23,390 [pool-173-thread-1] INFO  impl.RaftServerImpl (ServerState.java:<init>(103)) - fffa9414-ff69-4be3-98af-02e83cd85251@group-4FD0C2388897: ConfigurationManager, init=-1: [fffa9414-ff69-4be3-98af-02e83cd85251:192.168.164.219:43527], old=null, confs=<EMPTY_MAP>
2019-09-25 07:03:23,390 [pool-173-thread-1] INFO  server.RaftServerConfigKeys (ConfUtils.java:logGet(43)) - raft.server.storage.dir = [/workdir/hadoop-ozone/integration-test/target/test-dir/MiniOzoneClusterImpl-ac564c78-5755-4b89-8165-5797fdb29c3d/datanode-2/data/ratis] (custom)
2019-09-25 07:03:23,390 [pool-173-thread-1] INFO  storage.RaftStorageDirectory (RaftStorageDirectory.java:analyzeStorage(246)) - The storage directory /workdir/hadoop-ozone/integration-test/target/test-dir/MiniOzoneClusterImpl-ac564c78-5755-4b89-8165-5797fdb29c3d/datanode-2/data/ratis/f4eccc98-e1da-4100-a036-4fd0c2388897 does not exist. Creating ...
2019-09-25 07:03:23,403 [pool-173-thread-1] INFO  storage.RaftStorageDirectory (RaftStorageDirectory.java:tryLock(328)) - Lock on /workdir/hadoop-ozone/integration-test/target/test-dir/MiniOzoneClusterImpl-ac564c78-5755-4b89-8165-5797fdb29c3d/datanode-2/data/ratis/f4eccc98-e1da-4100-a036-4fd0c2388897/in_use.lock acquired by nodename 25364@pr-hdds-2171-6tmbh-193827893
2019-09-25 07:03:23,416 [pool-173-thread-1] INFO  storage.RaftStorage (RaftStorage.java:format(72)) - Storage directory /workdir/hadoop-ozone/integration-test/target/test-dir/MiniOzoneClusterImpl-ac564c78-5755-4b89-8165-5797fdb29c3d/datanode-2/data/ratis/f4eccc98-e1da-4100-a036-4fd0c2388897 has been successfully formatted.
2019-09-25 07:03:23,416 [pool-173-thread-1] INFO  ratis.ContainerStateMachine (ContainerStateMachine.java:loadSnapshot(230)) - group-4FD0C2388897: The snapshot info is null. Setting the last applied indexto:(t:0, i:~)
2019-09-25 07:03:23,416 [pool-173-thread-1] INFO  server.RaftServerConfigKeys (ConfUtils.java:logGet(43)) - raft.server.notification.no-leader.timeout = 120s (custom)
2019-09-25 07:03:23,416 [pool-173-thread-1] INFO  server.RaftServerConfigKeys (ConfUtils.java:logGet(43)) - raft.server.log.use.memory = false (default)
2019-09-25 07:03:23,416 [pool-173-thread-1] INFO  server.RaftServerConfigKeys (ConfUtils.java:logGet(43)) - raft.server.log.purge.gap = 1000000 (custom)
2019-09-25 07:03:23,416 [pool-173-thread-1] INFO  server.RaftServerConfigKeys (ConfUtils.java:logGet(43)) - raft.server.log.appender.buffer.byte-limit = 33554432 (custom)
2019-09-25 07:03:23,416 [pool-173-thread-1] INFO  server.RaftServerConfigKeys (ConfUtils.java:logGet(43)) - raft.server.log.segment.size.max = 1048576 (custom)
2019-09-25 07:03:23,417 [pool-173-thread-1] INFO  server.RaftServerConfigKeys (ConfUtils.java:logGet(43)) - raft.server.log.segment.cache.num.max = 2 (custom)
2019-09-25 07:03:23,417 [pool-173-thread-1] INFO  segmented.SegmentedRaftLogWorker (SegmentedRaftLogWorker.java:<init>(172)) - new fffa9414-ff69-4be3-98af-02e83cd85251@group-4FD0C2388897-SegmentedRaftLogWorker for RaftStorage:Storage Directory /workdir/hadoop-ozone/integration-test/target/test-dir/MiniOzoneClusterImpl-ac564c78-5755-4b89-8165-5797fdb29c3d/datanode-2/data/ratis/f4eccc98-e1da-4100-a036-4fd0c2388897
2019-09-25 07:03:23,419 [pool-173-thread-1] INFO  server.RaftServerConfigKeys (ConfUtils.java:logGet(43)) - raft.server.log.queue.byte-limit = 2147483647 (custom)
2019-09-25 07:03:23,419 [pool-173-thread-1] INFO  server.RaftServerConfigKeys (ConfUtils.java:logGet(43)) - raft.server.log.queue.element-limit = 1024 (custom)
2019-09-25 07:03:23,419 [pool-173-thread-1] INFO  server.RaftServerConfigKeys (ConfUtils.java:logGet(43)) - raft.server.log.segment.size.max = 1048576 (custom)
2019-09-25 07:03:23,419 [pool-173-thread-1] INFO  server.RaftServerConfigKeys (ConfUtils.java:logGet(43)) - raft.server.log.preallocated.size = 16384 (custom)
2019-09-25 07:03:23,419 [pool-173-thread-1] INFO  server.RaftServerConfigKeys (ConfUtils.java:logGet(43)) - raft.server.log.write.buffer.size = 33554432 (custom)
2019-09-25 07:03:23,419 [pool-173-thread-1] INFO  server.RaftServerConfigKeys (ConfUtils.java:logGet(43)) - raft.server.log.force.sync.num = 128 (default)
2019-09-25 07:03:23,419 [pool-173-thread-1] INFO  server.RaftServerConfigKeys (ConfUtils.java:logGet(43)) - raft.server.log.statemachine.data.sync = true (default)
2019-09-25 07:03:23,419 [pool-173-thread-1] INFO  server.RaftServerConfigKeys (ConfUtils.java:logGet(43)) - raft.server.log.statemachine.data.sync.timeout = 10s (default)
2019-09-25 07:03:23,419 [pool-173-thread-1] INFO  server.RaftServerConfigKeys (ConfUtils.java:logGet(43)) - raft.server.log.statemachine.data.sync.timeout.retry = -1 (default)
2019-09-25 07:03:23,420 [pool-173-thread-1] INFO  server.RaftServerConfigKeys (ConfUtils.java:logGet(43)) - raft.server.log.statemachine.data.caching.enabled = true (custom)
2019-09-25 07:03:23,420 [pool-173-thread-1] INFO  segmented.SegmentedRaftLogWorker (SegmentedRaftLogWorker.java:lambda$new$0(132)) - fffa9414-ff69-4be3-98af-02e83cd85251@group-4FD0C2388897-SegmentedRaftLogWorker: flushIndex: setUnconditionally 0 -> -1
2019-09-25 07:03:23,420 [pool-173-thread-1] INFO  server.RaftServerConfigKeys (ConfUtils.java:logGet(43)) - raft.server.snapshot.auto.trigger.enabled = true (custom)
2019-09-25 07:03:23,420 [pool-173-thread-1] INFO  server.RaftServerConfigKeys (ConfUtils.java:logGet(43)) - raft.server.snapshot.auto.trigger.threshold = 10000 (custom)
2019-09-25 07:03:23,420 [pool-173-thread-1] INFO  server.RaftServerConfigKeys (ConfUtils.java:logGet(43)) - raft.server.snapshot.retention.num.files = 5 (custom)
2019-09-25 07:03:23,420 [pool-173-thread-1] INFO  server.RaftServerConfigKeys (ConfUtils.java:logGet(43)) - raft.server.retrycache.expirytime = 600000ms (custom)
2019-09-25 07:03:23,422 [pool-173-thread-1] INFO  impl.RaftServerImpl (RaftServerImpl.java:start(185)) - fffa9414-ff69-4be3-98af-02e83cd85251@group-4FD0C2388897: start as a follower, conf=-1: [fffa9414-ff69-4be3-98af-02e83cd85251:192.168.164.219:43527], old=null
2019-09-25 07:03:23,422 [pool-173-thread-1] INFO  impl.RaftServerImpl (RaftServerImpl.java:setRole(174)) - fffa9414-ff69-4be3-98af-02e83cd85251@group-4FD0C2388897: changes role from      null to FOLLOWER at term 0 for startAsFollower
2019-09-25 07:03:23,422 [pool-173-thread-1] INFO  impl.RoleInfo (RoleInfo.java:updateAndGet(143)) - fffa9414-ff69-4be3-98af-02e83cd85251: start FollowerState
2019-09-25 07:03:23,423 [pool-173-thread-1] INFO  util.JmxRegister (JmxRegister.java:tryRegister(44)) - Successfully registered JMX Bean with object name Ratis:service=RaftServer,group=group-4FD0C2388897,id=fffa9414-ff69-4be3-98af-02e83cd85251
2019-09-25 07:03:23,426 [RatisPipelineUtilsThread] INFO  pipeline.PipelineStateManager (PipelineStateManager.java:addPipeline(56)) - Created pipeline Pipeline[ Id: f4eccc98-e1da-4100-a036-4fd0c2388897, Nodes: fffa9414-ff69-4be3-98af-02e83cd85251{ip: 192.168.164.219, host: pr-hdds-2171-6tmbh-193827893, networkLocation: /default-rack, certSerialId: null}, Type:RATIS, Factor:ONE, State:OPEN]
2019-09-25 07:03:23,437 [grpc-default-executor-1] INFO  impl.RaftServerProxy (RaftServerProxy.java:addNew(89)) - fffa9414-ff69-4be3-98af-02e83cd85251: addNew group-0B4616070C57:[97f2a42f-5897-4f0b-8e09-d693101bff65:192.168.164.219:33321, c75f0b4b-c79e-4451-bab8-f8899ec24358:192.168.164.219:42934, fffa9414-ff69-4be3-98af-02e83cd85251:192.168.164.219:43527] returns group-0B4616070C57:java.util.concurrent.CompletableFuture@6a5a422b[Not completed]
2019-09-25 07:03:23,437 [grpc-default-executor-4] INFO  impl.RaftServerProxy (RaftServerProxy.java:addNew(89)) - 97f2a42f-5897-4f0b-8e09-d693101bff65: addNew group-0B4616070C57:[97f2a42f-5897-4f0b-8e09-d693101bff65:192.168.164.219:33321, c75f0b4b-c79e-4451-bab8-f8899ec24358:192.168.164.219:42934, fffa9414-ff69-4be3-98af-02e83cd85251:192.168.164.219:43527] returns group-0B4616070C57:java.util.concurrent.CompletableFuture@291d0c7f[Not completed]
2019-09-25 07:03:23,438 [grpc-default-executor-2] INFO  impl.RaftServerProxy (RaftServerProxy.java:addNew(89)) - c75f0b4b-c79e-4451-bab8-f8899ec24358: addNew group-0B4616070C57:[97f2a42f-5897-4f0b-8e09-d693101bff65:192.168.164.219:33321, c75f0b4b-c79e-4451-bab8-f8899ec24358:192.168.164.219:42934, fffa9414-ff69-4be3-98af-02e83cd85251:192.168.164.219:43527] returns group-0B4616070C57:java.util.concurrent.CompletableFuture@4c932f82[Not completed]
2019-09-25 07:03:23,438 [pool-173-thread-1] INFO  impl.RaftServerImpl (RaftServerImpl.java:<init>(95)) - fffa9414-ff69-4be3-98af-02e83cd85251: new RaftServerImpl for group-0B4616070C57:[97f2a42f-5897-4f0b-8e09-d693101bff65:192.168.164.219:33321, c75f0b4b-c79e-4451-bab8-f8899ec24358:192.168.164.219:42934, fffa9414-ff69-4be3-98af-02e83cd85251:192.168.164.219:43527] with ContainerStateMachine:uninitialized
2019-09-25 07:03:23,438 [pool-173-thread-1] INFO  server.RaftServerConfigKeys (ConfUtils.java:logGet(43)) - raft.server.rpc.timeout.min = 1s (custom)
2019-09-25 07:03:23,438 [pool-173-thread-1] INFO  server.RaftServerConfigKeys (ConfUtils.java:logGet(43)) - raft.server.rpc.timeout.max = 1200ms (custom)
2019-09-25 07:03:23,439 [pool-173-thread-1] INFO  server.RaftServerConfigKeys (ConfUtils.java:logGet(43)) - raft.server.rpcslowness.timeout = 120s (custom)
2019-09-25 07:03:23,439 [pool-173-thread-1] INFO  server.RaftServerConfigKeys (ConfUtils.java:logGet(43)) - raft.server.sleep.deviation.threshold = 300 (default)
2019-09-25 07:03:23,439 [pool-153-thread-1] INFO  impl.RaftServerImpl (RaftServerImpl.java:<init>(95)) - c75f0b4b-c79e-4451-bab8-f8899ec24358: new RaftServerImpl for group-0B4616070C57:[97f2a42f-5897-4f0b-8e09-d693101bff65:192.168.164.219:33321, c75f0b4b-c79e-4451-bab8-f8899ec24358:192.168.164.219:42934, fffa9414-ff69-4be3-98af-02e83cd85251:192.168.164.219:43527] with ContainerStateMachine:uninitialized
2019-09-25 07:03:23,439 [pool-173-thread-1] INFO  server.RaftServerConfigKeys (ConfUtils.java:logGet(43)) - raft.server.log.appender.install.snapshot.enabled = false (custom)
2019-09-25 07:03:23,439 [pool-153-thread-1] INFO  server.RaftServerConfigKeys (ConfUtils.java:logGet(43)) - raft.server.rpc.timeout.min = 1s (custom)
2019-09-25 07:03:23,439 [pool-173-thread-1] INFO  impl.RaftServerImpl (ServerState.java:<init>(103)) - fffa9414-ff69-4be3-98af-02e83cd85251@group-0B4616070C57: ConfigurationManager, init=-1: [97f2a42f-5897-4f0b-8e09-d693101bff65:192.168.164.219:33321, c75f0b4b-c79e-4451-bab8-f8899ec24358:192.168.164.219:42934, fffa9414-ff69-4be3-98af-02e83cd85251:192.168.164.219:43527], old=null, confs=<EMPTY_MAP>
2019-09-25 07:03:23,439 [pool-153-thread-1] INFO  server.RaftServerConfigKeys (ConfUtils.java:logGet(43)) - raft.server.rpc.timeout.max = 1200ms (custom)
2019-09-25 07:03:23,439 [pool-153-thread-1] INFO  server.RaftServerConfigKeys (ConfUtils.java:logGet(43)) - raft.server.rpcslowness.timeout = 120s (custom)
2019-09-25 07:03:23,439 [pool-163-thread-1] INFO  impl.RaftServerImpl (RaftServerImpl.java:<init>(95)) - 97f2a42f-5897-4f0b-8e09-d693101bff65: new RaftServerImpl for group-0B4616070C57:[97f2a42f-5897-4f0b-8e09-d693101bff65:192.168.164.219:33321, c75f0b4b-c79e-4451-bab8-f8899ec24358:192.168.164.219:42934, fffa9414-ff69-4be3-98af-02e83cd85251:192.168.164.219:43527] with ContainerStateMachine:uninitialized
2019-09-25 07:03:23,439 [pool-173-thread-1] INFO  server.RaftServerConfigKeys (ConfUtils.java:logGet(43)) - raft.server.storage.dir = [/workdir/hadoop-ozone/integration-test/target/test-dir/MiniOzoneClusterImpl-ac564c78-5755-4b89-8165-5797fdb29c3d/datanode-2/data/ratis] (custom)
2019-09-25 07:03:23,439 [pool-163-thread-1] INFO  server.RaftServerConfigKeys (ConfUtils.java:logGet(43)) - raft.server.rpc.timeout.min = 1s (custom)
2019-09-25 07:03:23,439 [pool-153-thread-1] INFO  server.RaftServerConfigKeys (ConfUtils.java:logGet(43)) - raft.server.sleep.deviation.threshold = 300 (default)
2019-09-25 07:03:23,440 [pool-163-thread-1] INFO  server.RaftServerConfigKeys (ConfUtils.java:logGet(43)) - raft.server.rpc.timeout.max = 1200ms (custom)
2019-09-25 07:03:23,440 [pool-173-thread-1] INFO  storage.RaftStorageDirectory (RaftStorageDirectory.java:analyzeStorage(246)) - The storage directory /workdir/hadoop-ozone/integration-test/target/test-dir/MiniOzoneClusterImpl-ac564c78-5755-4b89-8165-5797fdb29c3d/datanode-2/data/ratis/cd93bd34-166a-4d0e-9fdc-0b4616070c57 does not exist. Creating ...
2019-09-25 07:03:23,440 [pool-153-thread-1] INFO  server.RaftServerConfigKeys (ConfUtils.java:logGet(43)) - raft.server.log.appender.install.snapshot.enabled = false (custom)
2019-09-25 07:03:23,440 [pool-163-thread-1] INFO  server.RaftServerConfigKeys (ConfUtils.java:logGet(43)) - raft.server.rpcslowness.timeout = 120s (custom)
2019-09-25 07:03:23,440 [pool-153-thread-1] INFO  impl.RaftServerImpl (ServerState.java:<init>(103)) - c75f0b4b-c79e-4451-bab8-f8899ec24358@group-0B4616070C57: ConfigurationManager, init=-1: [97f2a42f-5897-4f0b-8e09-d693101bff65:192.168.164.219:33321, c75f0b4b-c79e-4451-bab8-f8899ec24358:192.168.164.219:42934, fffa9414-ff69-4be3-98af-02e83cd85251:192.168.164.219:43527], old=null, confs=<EMPTY_MAP>
2019-09-25 07:03:23,440 [pool-163-thread-1] INFO  server.RaftServerConfigKeys (ConfUtils.java:logGet(43)) - raft.server.sleep.deviation.threshold = 300 (default)
2019-09-25 07:03:23,440 [pool-153-thread-1] INFO  server.RaftServerConfigKeys (ConfUtils.java:logGet(43)) - raft.server.storage.dir = [/workdir/hadoop-ozone/integration-test/target/test-dir/MiniOzoneClusterImpl-ac564c78-5755-4b89-8165-5797fdb29c3d/datanode-0/data/ratis] (custom)
2019-09-25 07:03:23,440 [pool-163-thread-1] INFO  server.RaftServerConfigKeys (ConfUtils.java:logGet(43)) - raft.server.log.appender.install.snapshot.enabled = false (custom)
2019-09-25 07:03:23,440 [pool-163-thread-1] INFO  impl.RaftServerImpl (ServerState.java:<init>(103)) - 97f2a42f-5897-4f0b-8e09-d693101bff65@group-0B4616070C57: ConfigurationManager, init=-1: [97f2a42f-5897-4f0b-8e09-d693101bff65:192.168.164.219:33321, c75f0b4b-c79e-4451-bab8-f8899ec24358:192.168.164.219:42934, fffa9414-ff69-4be3-98af-02e83cd85251:192.168.164.219:43527], old=null, confs=<EMPTY_MAP>
2019-09-25 07:03:23,440 [pool-153-thread-1] INFO  storage.RaftStorageDirectory (RaftStorageDirectory.java:analyzeStorage(246)) - The storage directory /workdir/hadoop-ozone/integration-test/target/test-dir/MiniOzoneClusterImpl-ac564c78-5755-4b89-8165-5797fdb29c3d/datanode-0/data/ratis/cd93bd34-166a-4d0e-9fdc-0b4616070c57 does not exist. Creating ...
2019-09-25 07:03:23,440 [pool-163-thread-1] INFO  server.RaftServerConfigKeys (ConfUtils.java:logGet(43)) - raft.server.storage.dir = [/workdir/hadoop-ozone/integration-test/target/test-dir/MiniOzoneClusterImpl-ac564c78-5755-4b89-8165-5797fdb29c3d/datanode-1/data/ratis] (custom)
2019-09-25 07:03:23,441 [pool-163-thread-1] INFO  storage.RaftStorageDirectory (RaftStorageDirectory.java:analyzeStorage(246)) - The storage directory /workdir/hadoop-ozone/integration-test/target/test-dir/MiniOzoneClusterImpl-ac564c78-5755-4b89-8165-5797fdb29c3d/datanode-1/data/ratis/cd93bd34-166a-4d0e-9fdc-0b4616070c57 does not exist. Creating ...
2019-09-25 07:03:23,450 [IPC Server handler 3 on 40011] INFO  net.NetworkTopology (NetworkTopologyImpl.java:add(111)) - Added a new node: /default-rack/559541cc-73c8-4a56-acfe-5973788e7bb7
2019-09-25 07:03:23,450 [IPC Server handler 3 on 40011] INFO  node.SCMNodeManager (SCMNodeManager.java:register(266)) - Registered Data node : 559541cc-73c8-4a56-acfe-5973788e7bb7{ip: 192.168.164.219, host: pr-hdds-2171-6tmbh-193827893, networkLocation: /default-rack, certSerialId: null}
2019-09-25 07:03:23,464 [pool-173-thread-1] INFO  storage.RaftStorageDirectory (RaftStorageDirectory.java:tryLock(328)) - Lock on /workdir/hadoop-ozone/integration-test/target/test-dir/MiniOzoneClusterImpl-ac564c78-5755-4b89-8165-5797fdb29c3d/datanode-2/data/ratis/cd93bd34-166a-4d0e-9fdc-0b4616070c57/in_use.lock acquired by nodename 25364@pr-hdds-2171-6tmbh-193827893
2019-09-25 07:03:23,464 [pool-163-thread-1] INFO  storage.RaftStorageDirectory (RaftStorageDirectory.java:tryLock(328)) - Lock on /workdir/hadoop-ozone/integration-test/target/test-dir/MiniOzoneClusterImpl-ac564c78-5755-4b89-8165-5797fdb29c3d/datanode-1/data/ratis/cd93bd34-166a-4d0e-9fdc-0b4616070c57/in_use.lock acquired by nodename 25364@pr-hdds-2171-6tmbh-193827893
2019-09-25 07:03:23,464 [pool-153-thread-1] INFO  storage.RaftStorageDirectory (RaftStorageDirectory.java:tryLock(328)) - Lock on /workdir/hadoop-ozone/integration-test/target/test-dir/MiniOzoneClusterImpl-ac564c78-5755-4b89-8165-5797fdb29c3d/datanode-0/data/ratis/cd93bd34-166a-4d0e-9fdc-0b4616070c57/in_use.lock acquired by nodename 25364@pr-hdds-2171-6tmbh-193827893
2019-09-25 07:03:23,490 [pool-163-thread-1] INFO  storage.RaftStorage (RaftStorage.java:format(72)) - Storage directory /workdir/hadoop-ozone/integration-test/target/test-dir/MiniOzoneClusterImpl-ac564c78-5755-4b89-8165-5797fdb29c3d/datanode-1/data/ratis/cd93bd34-166a-4d0e-9fdc-0b4616070c57 has been successfully formatted.
2019-09-25 07:03:23,490 [pool-153-thread-1] INFO  storage.RaftStorage (RaftStorage.java:format(72)) - Storage directory /workdir/hadoop-ozone/integration-test/target/test-dir/MiniOzoneClusterImpl-ac564c78-5755-4b89-8165-5797fdb29c3d/datanode-0/data/ratis/cd93bd34-166a-4d0e-9fdc-0b4616070c57 has been successfully formatted.
2019-09-25 07:03:23,490 [pool-173-thread-1] INFO  storage.RaftStorage (RaftStorage.java:format(72)) - Storage directory /workdir/hadoop-ozone/integration-test/target/test-dir/MiniOzoneClusterImpl-ac564c78-5755-4b89-8165-5797fdb29c3d/datanode-2/data/ratis/cd93bd34-166a-4d0e-9fdc-0b4616070c57 has been successfully formatted.
2019-09-25 07:03:23,490 [pool-163-thread-1] INFO  ratis.ContainerStateMachine (ContainerStateMachine.java:loadSnapshot(230)) - group-0B4616070C57: The snapshot info is null. Setting the last applied indexto:(t:0, i:~)
2019-09-25 07:03:23,490 [pool-153-thread-1] INFO  ratis.ContainerStateMachine (ContainerStateMachine.java:loadSnapshot(230)) - group-0B4616070C57: The snapshot info is null. Setting the last applied indexto:(t:0, i:~)
2019-09-25 07:03:23,490 [pool-163-thread-1] INFO  server.RaftServerConfigKeys (ConfUtils.java:logGet(43)) - raft.server.notification.no-leader.timeout = 120s (custom)
2019-09-25 07:03:23,490 [pool-173-thread-1] INFO  ratis.ContainerStateMachine (ContainerStateMachine.java:loadSnapshot(230)) - group-0B4616070C57: The snapshot info is null. Setting the last applied indexto:(t:0, i:~)
2019-09-25 07:03:23,490 [pool-163-thread-1] INFO  server.RaftServerConfigKeys (ConfUtils.java:logGet(43)) - raft.server.log.use.memory = false (default)
2019-09-25 07:03:23,490 [pool-153-thread-1] INFO  server.RaftServerConfigKeys (ConfUtils.java:logGet(43)) - raft.server.notification.no-leader.timeout = 120s (custom)
2019-09-25 07:03:23,491 [pool-163-thread-1] INFO  server.RaftServerConfigKeys (ConfUtils.java:logGet(43)) - raft.server.log.purge.gap = 1000000 (custom)
2019-09-25 07:03:23,490 [pool-173-thread-1] INFO  server.RaftServerConfigKeys (ConfUtils.java:logGet(43)) - raft.server.notification.no-leader.timeout = 120s (custom)
2019-09-25 07:03:23,491 [pool-163-thread-1] INFO  server.RaftServerConfigKeys (ConfUtils.java:logGet(43)) - raft.server.log.appender.buffer.byte-limit = 33554432 (custom)
2019-09-25 07:03:23,491 [pool-153-thread-1] INFO  server.RaftServerConfigKeys (ConfUtils.java:logGet(43)) - raft.server.log.use.memory = false (default)
2019-09-25 07:03:23,491 [pool-163-thread-1] INFO  server.RaftServerConfigKeys (ConfUtils.java:logGet(43)) - raft.server.log.segment.size.max = 1048576 (custom)
2019-09-25 07:03:23,491 [pool-173-thread-1] INFO  server.RaftServerConfigKeys (ConfUtils.java:logGet(43)) - raft.server.log.use.memory = false (default)
2019-09-25 07:03:23,491 [pool-163-thread-1] INFO  server.RaftServerConfigKeys (ConfUtils.java:logGet(43)) - raft.server.log.segment.cache.num.max = 2 (custom)
2019-09-25 07:03:23,491 [pool-153-thread-1] INFO  server.RaftServerConfigKeys (ConfUtils.java:logGet(43)) - raft.server.log.purge.gap = 1000000 (custom)
2019-09-25 07:03:23,491 [pool-163-thread-1] INFO  segmented.SegmentedRaftLogWorker (SegmentedRaftLogWorker.java:<init>(172)) - new 97f2a42f-5897-4f0b-8e09-d693101bff65@group-0B4616070C57-SegmentedRaftLogWorker for RaftStorage:Storage Directory /workdir/hadoop-ozone/integration-test/target/test-dir/MiniOzoneClusterImpl-ac564c78-5755-4b89-8165-5797fdb29c3d/datanode-1/data/ratis/cd93bd34-166a-4d0e-9fdc-0b4616070c57
2019-09-25 07:03:23,491 [pool-173-thread-1] INFO  server.RaftServerConfigKeys (ConfUtils.java:logGet(43)) - raft.server.log.purge.gap = 1000000 (custom)
2019-09-25 07:03:23,492 [pool-163-thread-1] INFO  server.RaftServerConfigKeys (ConfUtils.java:logGet(43)) - raft.server.log.queue.byte-limit = 2147483647 (custom)
2019-09-25 07:03:23,491 [pool-153-thread-1] INFO  server.RaftServerConfigKeys (ConfUtils.java:logGet(43)) - raft.server.log.appender.buffer.byte-limit = 33554432 (custom)
2019-09-25 07:03:23,492 [pool-163-thread-1] INFO  server.RaftServerConfigKeys (ConfUtils.java:logGet(43)) - raft.server.log.queue.element-limit = 1024 (custom)
2019-09-25 07:03:23,492 [pool-153-thread-1] INFO  server.RaftServerConfigKeys (ConfUtils.java:logGet(43)) - raft.server.log.segment.size.max = 1048576 (custom)
2019-09-25 07:03:23,492 [pool-173-thread-1] INFO  server.RaftServerConfigKeys (ConfUtils.java:logGet(43)) - raft.server.log.appender.buffer.byte-limit = 33554432 (custom)
2019-09-25 07:03:23,492 [pool-153-thread-1] INFO  server.RaftServerConfigKeys (ConfUtils.java:logGet(43)) - raft.server.log.segment.cache.num.max = 2 (custom)
2019-09-25 07:03:23,492 [pool-163-thread-1] INFO  server.RaftServerConfigKeys (ConfUtils.java:logGet(43)) - raft.server.log.segment.size.max = 1048576 (custom)
2019-09-25 07:03:23,492 [pool-153-thread-1] INFO  segmented.SegmentedRaftLogWorker (SegmentedRaftLogWorker.java:<init>(172)) - new c75f0b4b-c79e-4451-bab8-f8899ec24358@group-0B4616070C57-SegmentedRaftLogWorker for RaftStorage:Storage Directory /workdir/hadoop-ozone/integration-test/target/test-dir/MiniOzoneClusterImpl-ac564c78-5755-4b89-8165-5797fdb29c3d/datanode-0/data/ratis/cd93bd34-166a-4d0e-9fdc-0b4616070c57
2019-09-25 07:03:23,492 [pool-173-thread-1] INFO  server.RaftServerConfigKeys (ConfUtils.java:logGet(43)) - raft.server.log.segment.size.max = 1048576 (custom)
2019-09-25 07:03:23,493 [pool-153-thread-1] INFO  server.RaftServerConfigKeys (ConfUtils.java:logGet(43)) - raft.server.log.queue.byte-limit = 2147483647 (custom)
2019-09-25 07:03:23,492 [pool-163-thread-1] INFO  server.RaftServerConfigKeys (ConfUtils.java:logGet(43)) - raft.server.log.preallocated.size = 16384 (custom)
2019-09-25 07:03:23,493 [pool-153-thread-1] INFO  server.RaftServerConfigKeys (ConfUtils.java:logGet(43)) - raft.server.log.queue.element-limit = 1024 (custom)
2019-09-25 07:03:23,493 [pool-173-thread-1] INFO  server.RaftServerConfigKeys (ConfUtils.java:logGet(43)) - raft.server.log.segment.cache.num.max = 2 (custom)
2019-09-25 07:03:23,493 [pool-153-thread-1] INFO  server.RaftServerConfigKeys (ConfUtils.java:logGet(43)) - raft.server.log.segment.size.max = 1048576 (custom)
2019-09-25 07:03:23,493 [pool-163-thread-1] INFO  server.RaftServerConfigKeys (ConfUtils.java:logGet(43)) - raft.server.log.write.buffer.size = 33554432 (custom)
2019-09-25 07:03:23,493 [pool-153-thread-1] INFO  server.RaftServerConfigKeys (ConfUtils.java:logGet(43)) - raft.server.log.preallocated.size = 16384 (custom)
2019-09-25 07:03:23,493 [pool-173-thread-1] INFO  segmented.SegmentedRaftLogWorker (SegmentedRaftLogWorker.java:<init>(172)) - new fffa9414-ff69-4be3-98af-02e83cd85251@group-0B4616070C57-SegmentedRaftLogWorker for RaftStorage:Storage Directory /workdir/hadoop-ozone/integration-test/target/test-dir/MiniOzoneClusterImpl-ac564c78-5755-4b89-8165-5797fdb29c3d/datanode-2/data/ratis/cd93bd34-166a-4d0e-9fdc-0b4616070c57
2019-09-25 07:03:23,493 [pool-153-thread-1] INFO  server.RaftServerConfigKeys (ConfUtils.java:logGet(43)) - raft.server.log.write.buffer.size = 33554432 (custom)
2019-09-25 07:03:23,493 [pool-163-thread-1] INFO  server.RaftServerConfigKeys (ConfUtils.java:logGet(43)) - raft.server.log.force.sync.num = 128 (default)
2019-09-25 07:03:23,494 [pool-153-thread-1] INFO  server.RaftServerConfigKeys (ConfUtils.java:logGet(43)) - raft.server.log.force.sync.num = 128 (default)
2019-09-25 07:03:23,493 [pool-173-thread-1] INFO  server.RaftServerConfigKeys (ConfUtils.java:logGet(43)) - raft.server.log.queue.byte-limit = 2147483647 (custom)
2019-09-25 07:03:23,494 [pool-153-thread-1] INFO  server.RaftServerConfigKeys (ConfUtils.java:logGet(43)) - raft.server.log.statemachine.data.sync = true (default)
2019-09-25 07:03:23,494 [pool-163-thread-1] INFO  server.RaftServerConfigKeys (ConfUtils.java:logGet(43)) - raft.server.log.statemachine.data.sync = true (default)
2019-09-25 07:03:23,494 [pool-153-thread-1] INFO  server.RaftServerConfigKeys (ConfUtils.java:logGet(43)) - raft.server.log.statemachine.data.sync.timeout = 10s (default)
2019-09-25 07:03:23,494 [pool-173-thread-1] INFO  server.RaftServerConfigKeys (ConfUtils.java:logGet(43)) - raft.server.log.queue.element-limit = 1024 (custom)
2019-09-25 07:03:23,494 [pool-153-thread-1] INFO  server.RaftServerConfigKeys (ConfUtils.java:logGet(43)) - raft.server.log.statemachine.data.sync.timeout.retry = -1 (default)
2019-09-25 07:03:23,494 [pool-163-thread-1] INFO  server.RaftServerConfigKeys (ConfUtils.java:logGet(43)) - raft.server.log.statemachine.data.sync.timeout = 10s (default)
2019-09-25 07:03:23,495 [pool-153-thread-1] INFO  server.RaftServerConfigKeys (ConfUtils.java:logGet(43)) - raft.server.log.statemachine.data.caching.enabled = true (custom)
2019-09-25 07:03:23,494 [pool-173-thread-1] INFO  server.RaftServerConfigKeys (ConfUtils.java:logGet(43)) - raft.server.log.segment.size.max = 1048576 (custom)
2019-09-25 07:03:23,495 [pool-163-thread-1] INFO  server.RaftServerConfigKeys (ConfUtils.java:logGet(43)) - raft.server.log.statemachine.data.sync.timeout.retry = -1 (default)
2019-09-25 07:03:23,495 [pool-153-thread-1] INFO  segmented.SegmentedRaftLogWorker (SegmentedRaftLogWorker.java:lambda$new$0(132)) - c75f0b4b-c79e-4451-bab8-f8899ec24358@group-0B4616070C57-SegmentedRaftLogWorker: flushIndex: setUnconditionally 0 -> -1
2019-09-25 07:03:23,495 [pool-173-thread-1] INFO  server.RaftServerConfigKeys (ConfUtils.java:logGet(43)) - raft.server.log.preallocated.size = 16384 (custom)
2019-09-25 07:03:23,495 [pool-163-thread-1] INFO  server.RaftServerConfigKeys (ConfUtils.java:logGet(43)) - raft.server.log.statemachine.data.caching.enabled = true (custom)
2019-09-25 07:03:23,495 [pool-173-thread-1] INFO  server.RaftServerConfigKeys (ConfUtils.java:logGet(43)) - raft.server.log.write.buffer.size = 33554432 (custom)
2019-09-25 07:03:23,495 [pool-153-thread-1] INFO  server.RaftServerConfigKeys (ConfUtils.java:logGet(43)) - raft.server.snapshot.auto.trigger.enabled = true (custom)
2019-09-25 07:03:23,495 [pool-173-thread-1] INFO  server.RaftServerConfigKeys (ConfUtils.java:logGet(43)) - raft.server.log.force.sync.num = 128 (default)
2019-09-25 07:03:23,495 [pool-163-thread-1] INFO  segmented.SegmentedRaftLogWorker (SegmentedRaftLogWorker.java:lambda$new$0(132)) - 97f2a42f-5897-4f0b-8e09-d693101bff65@group-0B4616070C57-SegmentedRaftLogWorker: flushIndex: setUnconditionally 0 -> -1
2019-09-25 07:03:23,496 [pool-173-thread-1] INFO  server.RaftServerConfigKeys (ConfUtils.java:logGet(43)) - raft.server.log.statemachine.data.sync = true (default)
2019-09-25 07:03:23,495 [pool-153-thread-1] INFO  server.RaftServerConfigKeys (ConfUtils.java:logGet(43)) - raft.server.snapshot.auto.trigger.threshold = 10000 (custom)
2019-09-25 07:03:23,496 [pool-163-thread-1] INFO  server.RaftServerConfigKeys (ConfUtils.java:logGet(43)) - raft.server.snapshot.auto.trigger.enabled = true (custom)
2019-09-25 07:03:23,496 [pool-173-thread-1] INFO  server.RaftServerConfigKeys (ConfUtils.java:logGet(43)) - raft.server.log.statemachine.data.sync.timeout = 10s (default)
2019-09-25 07:03:23,496 [pool-163-thread-1] INFO  server.RaftServerConfigKeys (ConfUtils.java:logGet(43)) - raft.server.snapshot.auto.trigger.threshold = 10000 (custom)
2019-09-25 07:03:23,496 [pool-153-thread-1] INFO  server.RaftServerConfigKeys (ConfUtils.java:logGet(43)) - raft.server.snapshot.retention.num.files = 5 (custom)
2019-09-25 07:03:23,496 [pool-163-thread-1] INFO  server.RaftServerConfigKeys (ConfUtils.java:logGet(43)) - raft.server.snapshot.retention.num.files = 5 (custom)
2019-09-25 07:03:23,496 [pool-173-thread-1] INFO  server.RaftServerConfigKeys (ConfUtils.java:logGet(43)) - raft.server.log.statemachine.data.sync.timeout.retry = -1 (default)
2019-09-25 07:03:23,496 [pool-163-thread-1] INFO  server.RaftServerConfigKeys (ConfUtils.java:logGet(43)) - raft.server.retrycache.expirytime = 600000ms (custom)
2019-09-25 07:03:23,496 [pool-153-thread-1] INFO  server.RaftServerConfigKeys (ConfUtils.java:logGet(43)) - raft.server.retrycache.expirytime = 600000ms (custom)
2019-09-25 07:03:23,496 [pool-173-thread-1] INFO  server.RaftServerConfigKeys (ConfUtils.java:logGet(43)) - raft.server.log.statemachine.data.caching.enabled = true (custom)
2019-09-25 07:03:23,497 [pool-173-thread-1] INFO  segmented.SegmentedRaftLogWorker (SegmentedRaftLogWorker.java:lambda$new$0(132)) - fffa9414-ff69-4be3-98af-02e83cd85251@group-0B4616070C57-SegmentedRaftLogWorker: flushIndex: setUnconditionally 0 -> -1
2019-09-25 07:03:23,497 [pool-173-thread-1] INFO  server.RaftServerConfigKeys (ConfUtils.java:logGet(43)) - raft.server.snapshot.auto.trigger.enabled = true (custom)
2019-09-25 07:03:23,497 [pool-173-thread-1] INFO  server.RaftServerConfigKeys (ConfUtils.java:logGet(43)) - raft.server.snapshot.auto.trigger.threshold = 10000 (custom)
2019-09-25 07:03:23,497 [pool-173-thread-1] INFO  server.RaftServerConfigKeys (ConfUtils.java:logGet(43)) - raft.server.snapshot.retention.num.files = 5 (custom)
2019-09-25 07:03:23,497 [pool-173-thread-1] INFO  server.RaftServerConfigKeys (ConfUtils.java:logGet(43)) - raft.server.retrycache.expirytime = 600000ms (custom)
2019-09-25 07:03:23,500 [pool-163-thread-1] INFO  impl.RaftServerImpl (RaftServerImpl.java:start(185)) - 97f2a42f-5897-4f0b-8e09-d693101bff65@group-0B4616070C57: start as a follower, conf=-1: [97f2a42f-5897-4f0b-8e09-d693101bff65:192.168.164.219:33321, c75f0b4b-c79e-4451-bab8-f8899ec24358:192.168.164.219:42934, fffa9414-ff69-4be3-98af-02e83cd85251:192.168.164.219:43527], old=null
2019-09-25 07:03:23,500 [pool-163-thread-1] INFO  impl.RaftServerImpl (RaftServerImpl.java:setRole(174)) - 97f2a42f-5897-4f0b-8e09-d693101bff65@group-0B4616070C57: changes role from      null to FOLLOWER at term 0 for startAsFollower
2019-09-25 07:03:23,500 [pool-163-thread-1] INFO  impl.RoleInfo (RoleInfo.java:updateAndGet(143)) - 97f2a42f-5897-4f0b-8e09-d693101bff65: start FollowerState
2019-09-25 07:03:23,500 [pool-153-thread-1] INFO  impl.RaftServerImpl (RaftServerImpl.java:start(185)) - c75f0b4b-c79e-4451-bab8-f8899ec24358@group-0B4616070C57: start as a follower, conf=-1: [97f2a42f-5897-4f0b-8e09-d693101bff65:192.168.164.219:33321, c75f0b4b-c79e-4451-bab8-f8899ec24358:192.168.164.219:42934, fffa9414-ff69-4be3-98af-02e83cd85251:192.168.164.219:43527], old=null
2019-09-25 07:03:23,500 [pool-153-thread-1] INFO  impl.RaftServerImpl (RaftServerImpl.java:setRole(174)) - c75f0b4b-c79e-4451-bab8-f8899ec24358@group-0B4616070C57: changes role from      null to FOLLOWER at term 0 for startAsFollower
2019-09-25 07:03:23,500 [pool-163-thread-1] INFO  util.JmxRegister (JmxRegister.java:tryRegister(44)) - Successfully registered JMX Bean with object name Ratis:service=RaftServer,group=group-0B4616070C57,id=97f2a42f-5897-4f0b-8e09-d693101bff65
2019-09-25 07:03:23,500 [pool-153-thread-1] INFO  impl.RoleInfo (RoleInfo.java:updateAndGet(143)) - c75f0b4b-c79e-4451-bab8-f8899ec24358: start FollowerState
2019-09-25 07:03:23,500 [pool-173-thread-1] INFO  impl.RaftServerImpl (RaftServerImpl.java:start(185)) - fffa9414-ff69-4be3-98af-02e83cd85251@group-0B4616070C57: start as a follower, conf=-1: [97f2a42f-5897-4f0b-8e09-d693101bff65:192.168.164.219:33321, c75f0b4b-c79e-4451-bab8-f8899ec24358:192.168.164.219:42934, fffa9414-ff69-4be3-98af-02e83cd85251:192.168.164.219:43527], old=null
2019-09-25 07:03:23,500 [pool-173-thread-1] INFO  impl.RaftServerImpl (RaftServerImpl.java:setRole(174)) - fffa9414-ff69-4be3-98af-02e83cd85251@group-0B4616070C57: changes role from      null to FOLLOWER at term 0 for startAsFollower
2019-09-25 07:03:23,501 [pool-173-thread-1] INFO  impl.RoleInfo (RoleInfo.java:updateAndGet(143)) - fffa9414-ff69-4be3-98af-02e83cd85251: start FollowerState
2019-09-25 07:03:23,501 [pool-153-thread-1] INFO  util.JmxRegister (JmxRegister.java:tryRegister(44)) - Successfully registered JMX Bean with object name Ratis:service=RaftServer,group=group-0B4616070C57,id=c75f0b4b-c79e-4451-bab8-f8899ec24358
2019-09-25 07:03:23,501 [pool-173-thread-1] INFO  util.JmxRegister (JmxRegister.java:tryRegister(44)) - Successfully registered JMX Bean with object name Ratis:service=RaftServer,group=group-0B4616070C57,id=fffa9414-ff69-4be3-98af-02e83cd85251
2019-09-25 07:03:23,508 [RatisPipelineUtilsThread] INFO  pipeline.PipelineStateManager (PipelineStateManager.java:addPipeline(56)) - Created pipeline Pipeline[ Id: cd93bd34-166a-4d0e-9fdc-0b4616070c57, Nodes: c75f0b4b-c79e-4451-bab8-f8899ec24358{ip: 192.168.164.219, host: pr-hdds-2171-6tmbh-193827893, networkLocation: /default-rack, certSerialId: null}97f2a42f-5897-4f0b-8e09-d693101bff65{ip: 192.168.164.219, host: pr-hdds-2171-6tmbh-193827893, networkLocation: /default-rack, certSerialId: null}fffa9414-ff69-4be3-98af-02e83cd85251{ip: 192.168.164.219, host: pr-hdds-2171-6tmbh-193827893, networkLocation: /default-rack, certSerialId: null}, Type:RATIS, Factor:THREE, State:OPEN]
2019-09-25 07:03:23,520 [IPC Server handler 4 on 40011] INFO  net.NetworkTopology (NetworkTopologyImpl.java:add(111)) - Added a new node: /default-rack/728640af-76ba-4f5f-856a-2a4b70054956
2019-09-25 07:03:23,520 [IPC Server handler 4 on 40011] INFO  node.SCMNodeManager (SCMNodeManager.java:register(266)) - Registered Data node : 728640af-76ba-4f5f-856a-2a4b70054956{ip: 192.168.164.219, host: pr-hdds-2171-6tmbh-193827893, networkLocation: /default-rack, certSerialId: null}
2019-09-25 07:03:23,526 [grpc-default-executor-2] INFO  impl.RaftServerProxy (RaftServerProxy.java:addNew(89)) - 559541cc-73c8-4a56-acfe-5973788e7bb7: addNew group-4CE54086B0BE:[559541cc-73c8-4a56-acfe-5973788e7bb7:192.168.164.219:34742] returns group-4CE54086B0BE:java.util.concurrent.CompletableFuture@542aa285[Not completed]
2019-09-25 07:03:23,527 [pool-183-thread-1] INFO  impl.RaftServerImpl (RaftServerImpl.java:<init>(95)) - 559541cc-73c8-4a56-acfe-5973788e7bb7: new RaftServerImpl for group-4CE54086B0BE:[559541cc-73c8-4a56-acfe-5973788e7bb7:192.168.164.219:34742] with ContainerStateMachine:uninitialized
2019-09-25 07:03:23,528 [pool-183-thread-1] INFO  server.RaftServerConfigKeys (ConfUtils.java:logGet(43)) - raft.server.rpc.timeout.min = 1s (custom)
2019-09-25 07:03:23,528 [pool-183-thread-1] INFO  server.RaftServerConfigKeys (ConfUtils.java:logGet(43)) - raft.server.rpc.timeout.max = 1200ms (custom)
2019-09-25 07:03:23,528 [pool-183-thread-1] INFO  server.RaftServerConfigKeys (ConfUtils.java:logGet(43)) - raft.server.rpcslowness.timeout = 120s (custom)
2019-09-25 07:03:23,528 [pool-183-thread-1] INFO  server.RaftServerConfigKeys (ConfUtils.java:logGet(43)) - raft.server.sleep.deviation.threshold = 300 (default)
2019-09-25 07:03:23,528 [pool-183-thread-1] INFO  server.RaftServerConfigKeys (ConfUtils.java:logGet(43)) - raft.server.log.appender.install.snapshot.enabled = false (custom)
2019-09-25 07:03:23,528 [pool-183-thread-1] INFO  impl.RaftServerImpl (ServerState.java:<init>(103)) - 559541cc-73c8-4a56-acfe-5973788e7bb7@group-4CE54086B0BE: ConfigurationManager, init=-1: [559541cc-73c8-4a56-acfe-5973788e7bb7:192.168.164.219:34742], old=null, confs=<EMPTY_MAP>
2019-09-25 07:03:23,528 [pool-183-thread-1] INFO  server.RaftServerConfigKeys (ConfUtils.java:logGet(43)) - raft.server.storage.dir = [/workdir/hadoop-ozone/integration-test/target/test-dir/MiniOzoneClusterImpl-ac564c78-5755-4b89-8165-5797fdb29c3d/datanode-3/data/ratis] (custom)
2019-09-25 07:03:23,528 [pool-183-thread-1] INFO  storage.RaftStorageDirectory (RaftStorageDirectory.java:analyzeStorage(246)) - The storage directory /workdir/hadoop-ozone/integration-test/target/test-dir/MiniOzoneClusterImpl-ac564c78-5755-4b89-8165-5797fdb29c3d/datanode-3/data/ratis/feef718f-b4b7-408d-8a07-4ce54086b0be does not exist. Creating ...
2019-09-25 07:03:23,542 [pool-183-thread-1] INFO  storage.RaftStorageDirectory (RaftStorageDirectory.java:tryLock(328)) - Lock on /workdir/hadoop-ozone/integration-test/target/test-dir/MiniOzoneClusterImpl-ac564c78-5755-4b89-8165-5797fdb29c3d/datanode-3/data/ratis/feef718f-b4b7-408d-8a07-4ce54086b0be/in_use.lock acquired by nodename 25364@pr-hdds-2171-6tmbh-193827893
2019-09-25 07:03:23,547 [pool-183-thread-1] INFO  storage.RaftStorage (RaftStorage.java:format(72)) - Storage directory /workdir/hadoop-ozone/integration-test/target/test-dir/MiniOzoneClusterImpl-ac564c78-5755-4b89-8165-5797fdb29c3d/datanode-3/data/ratis/feef718f-b4b7-408d-8a07-4ce54086b0be has been successfully formatted.
2019-09-25 07:03:23,547 [pool-183-thread-1] INFO  ratis.ContainerStateMachine (ContainerStateMachine.java:loadSnapshot(230)) - group-4CE54086B0BE: The snapshot info is null. Setting the last applied indexto:(t:0, i:~)
2019-09-25 07:03:23,547 [pool-183-thread-1] INFO  server.RaftServerConfigKeys (ConfUtils.java:logGet(43)) - raft.server.notification.no-leader.timeout = 120s (custom)
2019-09-25 07:03:23,547 [pool-183-thread-1] INFO  server.RaftServerConfigKeys (ConfUtils.java:logGet(43)) - raft.server.log.use.memory = false (default)
2019-09-25 07:03:23,547 [pool-183-thread-1] INFO  server.RaftServerConfigKeys (ConfUtils.java:logGet(43)) - raft.server.log.purge.gap = 1000000 (custom)
2019-09-25 07:03:23,548 [pool-183-thread-1] INFO  server.RaftServerConfigKeys (ConfUtils.java:logGet(43)) - raft.server.log.appender.buffer.byte-limit = 33554432 (custom)
2019-09-25 07:03:23,548 [pool-183-thread-1] INFO  server.RaftServerConfigKeys (ConfUtils.java:logGet(43)) - raft.server.log.segment.size.max = 1048576 (custom)
2019-09-25 07:03:23,548 [pool-183-thread-1] INFO  server.RaftServerConfigKeys (ConfUtils.java:logGet(43)) - raft.server.log.segment.cache.num.max = 2 (custom)
2019-09-25 07:03:23,548 [pool-183-thread-1] INFO  segmented.SegmentedRaftLogWorker (SegmentedRaftLogWorker.java:<init>(172)) - new 559541cc-73c8-4a56-acfe-5973788e7bb7@group-4CE54086B0BE-SegmentedRaftLogWorker for RaftStorage:Storage Directory /workdir/hadoop-ozone/integration-test/target/test-dir/MiniOzoneClusterImpl-ac564c78-5755-4b89-8165-5797fdb29c3d/datanode-3/data/ratis/feef718f-b4b7-408d-8a07-4ce54086b0be
2019-09-25 07:03:23,550 [pool-183-thread-1] INFO  server.RaftServerConfigKeys (ConfUtils.java:logGet(43)) - raft.server.log.queue.byte-limit = 2147483647 (custom)
2019-09-25 07:03:23,550 [pool-183-thread-1] INFO  server.RaftServerConfigKeys (ConfUtils.java:logGet(43)) - raft.server.log.queue.element-limit = 1024 (custom)
2019-09-25 07:03:23,550 [pool-183-thread-1] INFO  server.RaftServerConfigKeys (ConfUtils.java:logGet(43)) - raft.server.log.segment.size.max = 1048576 (custom)
2019-09-25 07:03:23,550 [pool-183-thread-1] INFO  server.RaftServerConfigKeys (ConfUtils.java:logGet(43)) - raft.server.log.preallocated.size = 16384 (custom)
2019-09-25 07:03:23,550 [pool-183-thread-1] INFO  server.RaftServerConfigKeys (ConfUtils.java:logGet(43)) - raft.server.log.write.buffer.size = 33554432 (custom)
2019-09-25 07:03:23,550 [pool-183-thread-1] INFO  server.RaftServerConfigKeys (ConfUtils.java:logGet(43)) - raft.server.log.force.sync.num = 128 (default)
2019-09-25 07:03:23,550 [pool-183-thread-1] INFO  server.RaftServerConfigKeys (ConfUtils.java:logGet(43)) - raft.server.log.statemachine.data.sync = true (default)
2019-09-25 07:03:23,550 [pool-183-thread-1] INFO  server.RaftServerConfigKeys (ConfUtils.java:logGet(43)) - raft.server.log.statemachine.data.sync.timeout = 10s (default)
2019-09-25 07:03:23,550 [pool-183-thread-1] INFO  server.RaftServerConfigKeys (ConfUtils.java:logGet(43)) - raft.server.log.statemachine.data.sync.timeout.retry = -1 (default)
2019-09-25 07:03:23,551 [pool-183-thread-1] INFO  server.RaftServerConfigKeys (ConfUtils.java:logGet(43)) - raft.server.log.statemachine.data.caching.enabled = true (custom)
2019-09-25 07:03:23,551 [pool-183-thread-1] INFO  segmented.SegmentedRaftLogWorker (SegmentedRaftLogWorker.java:lambda$new$0(132)) - 559541cc-73c8-4a56-acfe-5973788e7bb7@group-4CE54086B0BE-SegmentedRaftLogWorker: flushIndex: setUnconditionally 0 -> -1
2019-09-25 07:03:23,551 [pool-183-thread-1] INFO  server.RaftServerConfigKeys (ConfUtils.java:logGet(43)) - raft.server.snapshot.auto.trigger.enabled = true (custom)
2019-09-25 07:03:23,551 [pool-183-thread-1] INFO  server.RaftServerConfigKeys (ConfUtils.java:logGet(43)) - raft.server.snapshot.auto.trigger.threshold = 10000 (custom)
2019-09-25 07:03:23,551 [pool-183-thread-1] INFO  server.RaftServerConfigKeys (ConfUtils.java:logGet(43)) - raft.server.snapshot.retention.num.files = 5 (custom)
2019-09-25 07:03:23,551 [pool-183-thread-1] INFO  server.RaftServerConfigKeys (ConfUtils.java:logGet(43)) - raft.server.retrycache.expirytime = 600000ms (custom)
2019-09-25 07:03:23,553 [pool-183-thread-1] INFO  impl.RaftServerImpl (RaftServerImpl.java:start(185)) - 559541cc-73c8-4a56-acfe-5973788e7bb7@group-4CE54086B0BE: start as a follower, conf=-1: [559541cc-73c8-4a56-acfe-5973788e7bb7:192.168.164.219:34742], old=null
2019-09-25 07:03:23,553 [pool-183-thread-1] INFO  impl.RaftServerImpl (RaftServerImpl.java:setRole(174)) - 559541cc-73c8-4a56-acfe-5973788e7bb7@group-4CE54086B0BE: changes role from      null to FOLLOWER at term 0 for startAsFollower
2019-09-25 07:03:23,553 [pool-183-thread-1] INFO  impl.RoleInfo (RoleInfo.java:updateAndGet(143)) - 559541cc-73c8-4a56-acfe-5973788e7bb7: start FollowerState
2019-09-25 07:03:23,553 [pool-183-thread-1] INFO  util.JmxRegister (JmxRegister.java:tryRegister(44)) - Successfully registered JMX Bean with object name Ratis:service=RaftServer,group=group-4CE54086B0BE,id=559541cc-73c8-4a56-acfe-5973788e7bb7
2019-09-25 07:03:23,557 [RatisPipelineUtilsThread] INFO  pipeline.PipelineStateManager (PipelineStateManager.java:addPipeline(56)) - Created pipeline Pipeline[ Id: feef718f-b4b7-408d-8a07-4ce54086b0be, Nodes: 559541cc-73c8-4a56-acfe-5973788e7bb7{ip: 192.168.164.219, host: pr-hdds-2171-6tmbh-193827893, networkLocation: /default-rack, certSerialId: null}, Type:RATIS, Factor:ONE, State:OPEN]
2019-09-25 07:03:23,563 [grpc-default-executor-2] INFO  impl.RaftServerProxy (RaftServerProxy.java:addNew(89)) - 728640af-76ba-4f5f-856a-2a4b70054956: addNew group-70077A155AAB:[728640af-76ba-4f5f-856a-2a4b70054956:192.168.164.219:44993] returns group-70077A155AAB:java.util.concurrent.CompletableFuture@6239f2af[Not completed]
2019-09-25 07:03:23,564 [pool-193-thread-1] INFO  impl.RaftServerImpl (RaftServerImpl.java:<init>(95)) - 728640af-76ba-4f5f-856a-2a4b70054956: new RaftServerImpl for group-70077A155AAB:[728640af-76ba-4f5f-856a-2a4b70054956:192.168.164.219:44993] with ContainerStateMachine:uninitialized
2019-09-25 07:03:23,564 [pool-193-thread-1] INFO  server.RaftServerConfigKeys (ConfUtils.java:logGet(43)) - raft.server.rpc.timeout.min = 1s (custom)
2019-09-25 07:03:23,564 [pool-193-thread-1] INFO  server.RaftServerConfigKeys (ConfUtils.java:logGet(43)) - raft.server.rpc.timeout.max = 1200ms (custom)
2019-09-25 07:03:23,564 [pool-193-thread-1] INFO  server.RaftServerConfigKeys (ConfUtils.java:logGet(43)) - raft.server.rpcslowness.timeout = 120s (custom)
2019-09-25 07:03:23,564 [pool-193-thread-1] INFO  server.RaftServerConfigKeys (ConfUtils.java:logGet(43)) - raft.server.sleep.deviation.threshold = 300 (default)
2019-09-25 07:03:23,565 [pool-193-thread-1] INFO  server.RaftServerConfigKeys (ConfUtils.java:logGet(43)) - raft.server.log.appender.install.snapshot.enabled = false (custom)
2019-09-25 07:03:23,565 [pool-193-thread-1] INFO  impl.RaftServerImpl (ServerState.java:<init>(103)) - 728640af-76ba-4f5f-856a-2a4b70054956@group-70077A155AAB: ConfigurationManager, init=-1: [728640af-76ba-4f5f-856a-2a4b70054956:192.168.164.219:44993], old=null, confs=<EMPTY_MAP>
2019-09-25 07:03:23,565 [pool-193-thread-1] INFO  server.RaftServerConfigKeys (ConfUtils.java:logGet(43)) - raft.server.storage.dir = [/workdir/hadoop-ozone/integration-test/target/test-dir/MiniOzoneClusterImpl-ac564c78-5755-4b89-8165-5797fdb29c3d/datanode-4/data/ratis] (custom)
2019-09-25 07:03:23,565 [pool-193-thread-1] INFO  storage.RaftStorageDirectory (RaftStorageDirectory.java:analyzeStorage(246)) - The storage directory /workdir/hadoop-ozone/integration-test/target/test-dir/MiniOzoneClusterImpl-ac564c78-5755-4b89-8165-5797fdb29c3d/datanode-4/data/ratis/7a244bdf-c102-488b-a0ad-70077a155aab does not exist. Creating ...
2019-09-25 07:03:23,579 [pool-193-thread-1] INFO  storage.RaftStorageDirectory (RaftStorageDirectory.java:tryLock(328)) - Lock on /workdir/hadoop-ozone/integration-test/target/test-dir/MiniOzoneClusterImpl-ac564c78-5755-4b89-8165-5797fdb29c3d/datanode-4/data/ratis/7a244bdf-c102-488b-a0ad-70077a155aab/in_use.lock acquired by nodename 25364@pr-hdds-2171-6tmbh-193827893
2019-09-25 07:03:23,585 [main] INFO  ozone.MiniOzoneClusterImpl (MiniOzoneClusterImpl.java:lambda$waitForClusterToBeReady$0(147)) - Waiting for cluster to be ready. Got 5 of 6 DN Heartbeats.
2019-09-25 07:03:23,586 [IPC Server handler 5 on 40011] INFO  net.NetworkTopology (NetworkTopologyImpl.java:add(111)) - Added a new node: /default-rack/bdbb84ae-3320-4ffc-9458-295388f22350
2019-09-25 07:03:23,586 [IPC Server handler 5 on 40011] INFO  node.SCMNodeManager (SCMNodeManager.java:register(266)) - Registered Data node : bdbb84ae-3320-4ffc-9458-295388f22350{ip: 192.168.164.219, host: pr-hdds-2171-6tmbh-193827893, networkLocation: /default-rack, certSerialId: null}
2019-09-25 07:03:23,591 [pool-193-thread-1] INFO  storage.RaftStorage (RaftStorage.java:format(72)) - Storage directory /workdir/hadoop-ozone/integration-test/target/test-dir/MiniOzoneClusterImpl-ac564c78-5755-4b89-8165-5797fdb29c3d/datanode-4/data/ratis/7a244bdf-c102-488b-a0ad-70077a155aab has been successfully formatted.
2019-09-25 07:03:23,591 [pool-193-thread-1] INFO  ratis.ContainerStateMachine (ContainerStateMachine.java:loadSnapshot(230)) - group-70077A155AAB: The snapshot info is null. Setting the last applied indexto:(t:0, i:~)
2019-09-25 07:03:23,592 [pool-193-thread-1] INFO  server.RaftServerConfigKeys (ConfUtils.java:logGet(43)) - raft.server.notification.no-leader.timeout = 120s (custom)
2019-09-25 07:03:23,592 [pool-193-thread-1] INFO  server.RaftServerConfigKeys (ConfUtils.java:logGet(43)) - raft.server.log.use.memory = false (default)
2019-09-25 07:03:23,592 [pool-193-thread-1] INFO  server.RaftServerConfigKeys (ConfUtils.java:logGet(43)) - raft.server.log.purge.gap = 1000000 (custom)
2019-09-25 07:03:23,592 [pool-193-thread-1] INFO  server.RaftServerConfigKeys (ConfUtils.java:logGet(43)) - raft.server.log.appender.buffer.byte-limit = 33554432 (custom)
2019-09-25 07:03:23,592 [pool-193-thread-1] INFO  server.RaftServerConfigKeys (ConfUtils.java:logGet(43)) - raft.server.log.segment.size.max = 1048576 (custom)
2019-09-25 07:03:23,592 [pool-193-thread-1] INFO  server.RaftServerConfigKeys (ConfUtils.java:logGet(43)) - raft.server.log.segment.cache.num.max = 2 (custom)
2019-09-25 07:03:23,592 [pool-193-thread-1] INFO  segmented.SegmentedRaftLogWorker (SegmentedRaftLogWorker.java:<init>(172)) - new 728640af-76ba-4f5f-856a-2a4b70054956@group-70077A155AAB-SegmentedRaftLogWorker for RaftStorage:Storage Directory /workdir/hadoop-ozone/integration-test/target/test-dir/MiniOzoneClusterImpl-ac564c78-5755-4b89-8165-5797fdb29c3d/datanode-4/data/ratis/7a244bdf-c102-488b-a0ad-70077a155aab
2019-09-25 07:03:23,594 [pool-193-thread-1] INFO  server.RaftServerConfigKeys (ConfUtils.java:logGet(43)) - raft.server.log.queue.byte-limit = 2147483647 (custom)
2019-09-25 07:03:23,594 [pool-193-thread-1] INFO  server.RaftServerConfigKeys (ConfUtils.java:logGet(43)) - raft.server.log.queue.element-limit = 1024 (custom)
2019-09-25 07:03:23,594 [pool-193-thread-1] INFO  server.RaftServerConfigKeys (ConfUtils.java:logGet(43)) - raft.server.log.segment.size.max = 1048576 (custom)
2019-09-25 07:03:23,594 [pool-193-thread-1] INFO  server.RaftServerConfigKeys (ConfUtils.java:logGet(43)) - raft.server.log.preallocated.size = 16384 (custom)
2019-09-25 07:03:23,595 [pool-193-thread-1] INFO  server.RaftServerConfigKeys (ConfUtils.java:logGet(43)) - raft.server.log.write.buffer.size = 33554432 (custom)
2019-09-25 07:03:23,595 [pool-193-thread-1] INFO  server.RaftServerConfigKeys (ConfUtils.java:logGet(43)) - raft.server.log.force.sync.num = 128 (default)
2019-09-25 07:03:23,595 [pool-193-thread-1] INFO  server.RaftServerConfigKeys (ConfUtils.java:logGet(43)) - raft.server.log.statemachine.data.sync = true (default)
2019-09-25 07:03:23,595 [pool-193-thread-1] INFO  server.RaftServerConfigKeys (ConfUtils.java:logGet(43)) - raft.server.log.statemachine.data.sync.timeout = 10s (default)
2019-09-25 07:03:23,595 [pool-193-thread-1] INFO  server.RaftServerConfigKeys (ConfUtils.java:logGet(43)) - raft.server.log.statemachine.data.sync.timeout.retry = -1 (default)
2019-09-25 07:03:23,595 [pool-193-thread-1] INFO  server.RaftServerConfigKeys (ConfUtils.java:logGet(43)) - raft.server.log.statemachine.data.caching.enabled = true (custom)
2019-09-25 07:03:23,595 [pool-193-thread-1] INFO  segmented.SegmentedRaftLogWorker (SegmentedRaftLogWorker.java:lambda$new$0(132)) - 728640af-76ba-4f5f-856a-2a4b70054956@group-70077A155AAB-SegmentedRaftLogWorker: flushIndex: setUnconditionally 0 -> -1
2019-09-25 07:03:23,596 [pool-193-thread-1] INFO  server.RaftServerConfigKeys (ConfUtils.java:logGet(43)) - raft.server.snapshot.auto.trigger.enabled = true (custom)
2019-09-25 07:03:23,596 [pool-193-thread-1] INFO  server.RaftServerConfigKeys (ConfUtils.java:logGet(43)) - raft.server.snapshot.auto.trigger.threshold = 10000 (custom)
2019-09-25 07:03:23,596 [pool-193-thread-1] INFO  server.RaftServerConfigKeys (ConfUtils.java:logGet(43)) - raft.server.snapshot.retention.num.files = 5 (custom)
2019-09-25 07:03:23,596 [pool-193-thread-1] INFO  server.RaftServerConfigKeys (ConfUtils.java:logGet(43)) - raft.server.retrycache.expirytime = 600000ms (custom)
2019-09-25 07:03:23,598 [pool-193-thread-1] INFO  impl.RaftServerImpl (RaftServerImpl.java:start(185)) - 728640af-76ba-4f5f-856a-2a4b70054956@group-70077A155AAB: start as a follower, conf=-1: [728640af-76ba-4f5f-856a-2a4b70054956:192.168.164.219:44993], old=null
2019-09-25 07:03:23,598 [pool-193-thread-1] INFO  impl.RaftServerImpl (RaftServerImpl.java:setRole(174)) - 728640af-76ba-4f5f-856a-2a4b70054956@group-70077A155AAB: changes role from      null to FOLLOWER at term 0 for startAsFollower
2019-09-25 07:03:23,598 [pool-193-thread-1] INFO  impl.RoleInfo (RoleInfo.java:updateAndGet(143)) - 728640af-76ba-4f5f-856a-2a4b70054956: start FollowerState
2019-09-25 07:03:23,598 [pool-193-thread-1] INFO  util.JmxRegister (JmxRegister.java:tryRegister(44)) - Successfully registered JMX Bean with object name Ratis:service=RaftServer,group=group-70077A155AAB,id=728640af-76ba-4f5f-856a-2a4b70054956
2019-09-25 07:03:23,602 [RatisPipelineUtilsThread] INFO  pipeline.PipelineStateManager (PipelineStateManager.java:addPipeline(56)) - Created pipeline Pipeline[ Id: 7a244bdf-c102-488b-a0ad-70077a155aab, Nodes: 728640af-76ba-4f5f-856a-2a4b70054956{ip: 192.168.164.219, host: pr-hdds-2171-6tmbh-193827893, networkLocation: /default-rack, certSerialId: null}, Type:RATIS, Factor:ONE, State:OPEN]
2019-09-25 07:03:23,616 [grpc-default-executor-2] INFO  impl.RaftServerProxy (RaftServerProxy.java:addNew(89)) - bdbb84ae-3320-4ffc-9458-295388f22350: addNew group-4C0F5E905058:[bdbb84ae-3320-4ffc-9458-295388f22350:192.168.164.219:44213] returns group-4C0F5E905058:java.util.concurrent.CompletableFuture@3d8fe021[Not completed]
2019-09-25 07:03:23,617 [pool-203-thread-1] INFO  impl.RaftServerImpl (RaftServerImpl.java:<init>(95)) - bdbb84ae-3320-4ffc-9458-295388f22350: new RaftServerImpl for group-4C0F5E905058:[bdbb84ae-3320-4ffc-9458-295388f22350:192.168.164.219:44213] with ContainerStateMachine:uninitialized
2019-09-25 07:03:23,617 [pool-203-thread-1] INFO  server.RaftServerConfigKeys (ConfUtils.java:logGet(43)) - raft.server.rpc.timeout.min = 1s (custom)
2019-09-25 07:03:23,617 [pool-203-thread-1] INFO  server.RaftServerConfigKeys (ConfUtils.java:logGet(43)) - raft.server.rpc.timeout.max = 1200ms (custom)
2019-09-25 07:03:23,617 [pool-203-thread-1] INFO  server.RaftServerConfigKeys (ConfUtils.java:logGet(43)) - raft.server.rpcslowness.timeout = 120s (custom)
2019-09-25 07:03:23,617 [pool-203-thread-1] INFO  server.RaftServerConfigKeys (ConfUtils.java:logGet(43)) - raft.server.sleep.deviation.threshold = 300 (default)
2019-09-25 07:03:23,617 [pool-203-thread-1] INFO  server.RaftServerConfigKeys (ConfUtils.java:logGet(43)) - raft.server.log.appender.install.snapshot.enabled = false (custom)
2019-09-25 07:03:23,618 [pool-203-thread-1] INFO  impl.RaftServerImpl (ServerState.java:<init>(103)) - bdbb84ae-3320-4ffc-9458-295388f22350@group-4C0F5E905058: ConfigurationManager, init=-1: [bdbb84ae-3320-4ffc-9458-295388f22350:192.168.164.219:44213], old=null, confs=<EMPTY_MAP>
2019-09-25 07:03:23,618 [pool-203-thread-1] INFO  server.RaftServerConfigKeys (ConfUtils.java:logGet(43)) - raft.server.storage.dir = [/workdir/hadoop-ozone/integration-test/target/test-dir/MiniOzoneClusterImpl-ac564c78-5755-4b89-8165-5797fdb29c3d/datanode-5/data/ratis] (custom)
2019-09-25 07:03:23,618 [pool-203-thread-1] INFO  storage.RaftStorageDirectory (RaftStorageDirectory.java:analyzeStorage(246)) - The storage directory /workdir/hadoop-ozone/integration-test/target/test-dir/MiniOzoneClusterImpl-ac564c78-5755-4b89-8165-5797fdb29c3d/datanode-5/data/ratis/079d3d18-255a-472c-8434-4c0f5e905058 does not exist. Creating ...
2019-09-25 07:03:23,631 [pool-203-thread-1] INFO  storage.RaftStorageDirectory (RaftStorageDirectory.java:tryLock(328)) - Lock on /workdir/hadoop-ozone/integration-test/target/test-dir/MiniOzoneClusterImpl-ac564c78-5755-4b89-8165-5797fdb29c3d/datanode-5/data/ratis/079d3d18-255a-472c-8434-4c0f5e905058/in_use.lock acquired by nodename 25364@pr-hdds-2171-6tmbh-193827893
2019-09-25 07:03:23,644 [pool-203-thread-1] INFO  storage.RaftStorage (RaftStorage.java:format(72)) - Storage directory /workdir/hadoop-ozone/integration-test/target/test-dir/MiniOzoneClusterImpl-ac564c78-5755-4b89-8165-5797fdb29c3d/datanode-5/data/ratis/079d3d18-255a-472c-8434-4c0f5e905058 has been successfully formatted.
2019-09-25 07:03:23,644 [pool-203-thread-1] INFO  ratis.ContainerStateMachine (ContainerStateMachine.java:loadSnapshot(230)) - group-4C0F5E905058: The snapshot info is null. Setting the last applied indexto:(t:0, i:~)
2019-09-25 07:03:23,644 [pool-203-thread-1] INFO  server.RaftServerConfigKeys (ConfUtils.java:logGet(43)) - raft.server.notification.no-leader.timeout = 120s (custom)
2019-09-25 07:03:23,644 [pool-203-thread-1] INFO  server.RaftServerConfigKeys (ConfUtils.java:logGet(43)) - raft.server.log.use.memory = false (default)
2019-09-25 07:03:23,644 [pool-203-thread-1] INFO  server.RaftServerConfigKeys (ConfUtils.java:logGet(43)) - raft.server.log.purge.gap = 1000000 (custom)
2019-09-25 07:03:23,644 [pool-203-thread-1] INFO  server.RaftServerConfigKeys (ConfUtils.java:logGet(43)) - raft.server.log.appender.buffer.byte-limit = 33554432 (custom)
2019-09-25 07:03:23,645 [pool-203-thread-1] INFO  server.RaftServerConfigKeys (ConfUtils.java:logGet(43)) - raft.server.log.segment.size.max = 1048576 (custom)
2019-09-25 07:03:23,645 [pool-203-thread-1] INFO  server.RaftServerConfigKeys (ConfUtils.java:logGet(43)) - raft.server.log.segment.cache.num.max = 2 (custom)
2019-09-25 07:03:23,645 [pool-203-thread-1] INFO  segmented.SegmentedRaftLogWorker (SegmentedRaftLogWorker.java:<init>(172)) - new bdbb84ae-3320-4ffc-9458-295388f22350@group-4C0F5E905058-SegmentedRaftLogWorker for RaftStorage:Storage Directory /workdir/hadoop-ozone/integration-test/target/test-dir/MiniOzoneClusterImpl-ac564c78-5755-4b89-8165-5797fdb29c3d/datanode-5/data/ratis/079d3d18-255a-472c-8434-4c0f5e905058
2019-09-25 07:03:23,646 [pool-203-thread-1] INFO  server.RaftServerConfigKeys (ConfUtils.java:logGet(43)) - raft.server.log.queue.byte-limit = 2147483647 (custom)
2019-09-25 07:03:23,647 [pool-203-thread-1] INFO  server.RaftServerConfigKeys (ConfUtils.java:logGet(43)) - raft.server.log.queue.element-limit = 1024 (custom)
2019-09-25 07:03:23,647 [pool-203-thread-1] INFO  server.RaftServerConfigKeys (ConfUtils.java:logGet(43)) - raft.server.log.segment.size.max = 1048576 (custom)
2019-09-25 07:03:23,647 [pool-203-thread-1] INFO  server.RaftServerConfigKeys (ConfUtils.java:logGet(43)) - raft.server.log.preallocated.size = 16384 (custom)
2019-09-25 07:03:23,647 [pool-203-thread-1] INFO  server.RaftServerConfigKeys (ConfUtils.java:logGet(43)) - raft.server.log.write.buffer.size = 33554432 (custom)
2019-09-25 07:03:23,647 [pool-203-thread-1] INFO  server.RaftServerConfigKeys (ConfUtils.java:logGet(43)) - raft.server.log.force.sync.num = 128 (default)
2019-09-25 07:03:23,647 [pool-203-thread-1] INFO  server.RaftServerConfigKeys (ConfUtils.java:logGet(43)) - raft.server.log.statemachine.data.sync = true (default)
2019-09-25 07:03:23,647 [pool-203-thread-1] INFO  server.RaftServerConfigKeys (ConfUtils.java:logGet(43)) - raft.server.log.statemachine.data.sync.timeout = 10s (default)
2019-09-25 07:03:23,647 [pool-203-thread-1] INFO  server.RaftServerConfigKeys (ConfUtils.java:logGet(43)) - raft.server.log.statemachine.data.sync.timeout.retry = -1 (default)
2019-09-25 07:03:23,647 [pool-203-thread-1] INFO  server.RaftServerConfigKeys (ConfUtils.java:logGet(43)) - raft.server.log.statemachine.data.caching.enabled = true (custom)
2019-09-25 07:03:23,648 [pool-203-thread-1] INFO  segmented.SegmentedRaftLogWorker (SegmentedRaftLogWorker.java:lambda$new$0(132)) - bdbb84ae-3320-4ffc-9458-295388f22350@group-4C0F5E905058-SegmentedRaftLogWorker: flushIndex: setUnconditionally 0 -> -1
2019-09-25 07:03:23,648 [pool-203-thread-1] INFO  server.RaftServerConfigKeys (ConfUtils.java:logGet(43)) - raft.server.snapshot.auto.trigger.enabled = true (custom)
2019-09-25 07:03:23,648 [pool-203-thread-1] INFO  server.RaftServerConfigKeys (ConfUtils.java:logGet(43)) - raft.server.snapshot.auto.trigger.threshold = 10000 (custom)
2019-09-25 07:03:23,648 [pool-203-thread-1] INFO  server.RaftServerConfigKeys (ConfUtils.java:logGet(43)) - raft.server.snapshot.retention.num.files = 5 (custom)
2019-09-25 07:03:23,648 [pool-203-thread-1] INFO  server.RaftServerConfigKeys (ConfUtils.java:logGet(43)) - raft.server.retrycache.expirytime = 600000ms (custom)
2019-09-25 07:03:23,650 [pool-203-thread-1] INFO  impl.RaftServerImpl (RaftServerImpl.java:start(185)) - bdbb84ae-3320-4ffc-9458-295388f22350@group-4C0F5E905058: start as a follower, conf=-1: [bdbb84ae-3320-4ffc-9458-295388f22350:192.168.164.219:44213], old=null
2019-09-25 07:03:23,650 [pool-203-thread-1] INFO  impl.RaftServerImpl (RaftServerImpl.java:setRole(174)) - bdbb84ae-3320-4ffc-9458-295388f22350@group-4C0F5E905058: changes role from      null to FOLLOWER at term 0 for startAsFollower
2019-09-25 07:03:23,650 [pool-203-thread-1] INFO  impl.RoleInfo (RoleInfo.java:updateAndGet(143)) - bdbb84ae-3320-4ffc-9458-295388f22350: start FollowerState
2019-09-25 07:03:23,650 [pool-203-thread-1] INFO  util.JmxRegister (JmxRegister.java:tryRegister(44)) - Successfully registered JMX Bean with object name Ratis:service=RaftServer,group=group-4C0F5E905058,id=bdbb84ae-3320-4ffc-9458-295388f22350
2019-09-25 07:03:23,655 [RatisPipelineUtilsThread] INFO  pipeline.PipelineStateManager (PipelineStateManager.java:addPipeline(56)) - Created pipeline Pipeline[ Id: 079d3d18-255a-472c-8434-4c0f5e905058, Nodes: bdbb84ae-3320-4ffc-9458-295388f22350{ip: 192.168.164.219, host: pr-hdds-2171-6tmbh-193827893, networkLocation: /default-rack, certSerialId: null}, Type:RATIS, Factor:ONE, State:OPEN]
2019-09-25 07:03:23,669 [grpc-default-executor-1] INFO  impl.RaftServerProxy (RaftServerProxy.java:addNew(89)) - 728640af-76ba-4f5f-856a-2a4b70054956: addNew group-45D5735C29D4:[728640af-76ba-4f5f-856a-2a4b70054956:192.168.164.219:44993, bdbb84ae-3320-4ffc-9458-295388f22350:192.168.164.219:44213, 559541cc-73c8-4a56-acfe-5973788e7bb7:192.168.164.219:34742] returns group-45D5735C29D4:java.util.concurrent.CompletableFuture@150007fc[Not completed]
2019-09-25 07:03:23,669 [grpc-default-executor-2] INFO  impl.RaftServerProxy (RaftServerProxy.java:addNew(89)) - bdbb84ae-3320-4ffc-9458-295388f22350: addNew group-45D5735C29D4:[728640af-76ba-4f5f-856a-2a4b70054956:192.168.164.219:44993, bdbb84ae-3320-4ffc-9458-295388f22350:192.168.164.219:44213, 559541cc-73c8-4a56-acfe-5973788e7bb7:192.168.164.219:34742] returns group-45D5735C29D4:java.util.concurrent.CompletableFuture@418ef031[Not completed]
2019-09-25 07:03:23,669 [grpc-default-executor-4] INFO  impl.RaftServerProxy (RaftServerProxy.java:addNew(89)) - 559541cc-73c8-4a56-acfe-5973788e7bb7: addNew group-45D5735C29D4:[728640af-76ba-4f5f-856a-2a4b70054956:192.168.164.219:44993, bdbb84ae-3320-4ffc-9458-295388f22350:192.168.164.219:44213, 559541cc-73c8-4a56-acfe-5973788e7bb7:192.168.164.219:34742] returns group-45D5735C29D4:java.util.concurrent.CompletableFuture@57f9e3b2[Not completed]
2019-09-25 07:03:23,670 [pool-193-thread-1] INFO  impl.RaftServerImpl (RaftServerImpl.java:<init>(95)) - 728640af-76ba-4f5f-856a-2a4b70054956: new RaftServerImpl for group-45D5735C29D4:[728640af-76ba-4f5f-856a-2a4b70054956:192.168.164.219:44993, bdbb84ae-3320-4ffc-9458-295388f22350:192.168.164.219:44213, 559541cc-73c8-4a56-acfe-5973788e7bb7:192.168.164.219:34742] with ContainerStateMachine:uninitialized
2019-09-25 07:03:23,670 [pool-193-thread-1] INFO  server.RaftServerConfigKeys (ConfUtils.java:logGet(43)) - raft.server.rpc.timeout.min = 1s (custom)
2019-09-25 07:03:23,670 [pool-193-thread-1] INFO  server.RaftServerConfigKeys (ConfUtils.java:logGet(43)) - raft.server.rpc.timeout.max = 1200ms (custom)
2019-09-25 07:03:23,670 [pool-193-thread-1] INFO  server.RaftServerConfigKeys (ConfUtils.java:logGet(43)) - raft.server.rpcslowness.timeout = 120s (custom)
2019-09-25 07:03:23,670 [pool-193-thread-1] INFO  server.RaftServerConfigKeys (ConfUtils.java:logGet(43)) - raft.server.sleep.deviation.threshold = 300 (default)
2019-09-25 07:03:23,670 [pool-193-thread-1] INFO  server.RaftServerConfigKeys (ConfUtils.java:logGet(43)) - raft.server.log.appender.install.snapshot.enabled = false (custom)
2019-09-25 07:03:23,670 [pool-183-thread-1] INFO  impl.RaftServerImpl (RaftServerImpl.java:<init>(95)) - 559541cc-73c8-4a56-acfe-5973788e7bb7: new RaftServerImpl for group-45D5735C29D4:[728640af-76ba-4f5f-856a-2a4b70054956:192.168.164.219:44993, bdbb84ae-3320-4ffc-9458-295388f22350:192.168.164.219:44213, 559541cc-73c8-4a56-acfe-5973788e7bb7:192.168.164.219:34742] with ContainerStateMachine:uninitialized
2019-09-25 07:03:23,670 [pool-193-thread-1] INFO  impl.RaftServerImpl (ServerState.java:<init>(103)) - 728640af-76ba-4f5f-856a-2a4b70054956@group-45D5735C29D4: ConfigurationManager, init=-1: [728640af-76ba-4f5f-856a-2a4b70054956:192.168.164.219:44993, bdbb84ae-3320-4ffc-9458-295388f22350:192.168.164.219:44213, 559541cc-73c8-4a56-acfe-5973788e7bb7:192.168.164.219:34742], old=null, confs=<EMPTY_MAP>
2019-09-25 07:03:23,670 [pool-183-thread-1] INFO  server.RaftServerConfigKeys (ConfUtils.java:logGet(43)) - raft.server.rpc.timeout.min = 1s (custom)
2019-09-25 07:03:23,670 [pool-193-thread-1] INFO  server.RaftServerConfigKeys (ConfUtils.java:logGet(43)) - raft.server.storage.dir = [/workdir/hadoop-ozone/integration-test/target/test-dir/MiniOzoneClusterImpl-ac564c78-5755-4b89-8165-5797fdb29c3d/datanode-4/data/ratis] (custom)
2019-09-25 07:03:23,670 [pool-183-thread-1] INFO  server.RaftServerConfigKeys (ConfUtils.java:logGet(43)) - raft.server.rpc.timeout.max = 1200ms (custom)
2019-09-25 07:03:23,671 [pool-183-thread-1] INFO  server.RaftServerConfigKeys (ConfUtils.java:logGet(43)) - raft.server.rpcslowness.timeout = 120s (custom)
2019-09-25 07:03:23,671 [pool-203-thread-1] INFO  impl.RaftServerImpl (RaftServerImpl.java:<init>(95)) - bdbb84ae-3320-4ffc-9458-295388f22350: new RaftServerImpl for group-45D5735C29D4:[728640af-76ba-4f5f-856a-2a4b70054956:192.168.164.219:44993, bdbb84ae-3320-4ffc-9458-295388f22350:192.168.164.219:44213, 559541cc-73c8-4a56-acfe-5973788e7bb7:192.168.164.219:34742] with ContainerStateMachine:uninitialized
2019-09-25 07:03:23,671 [pool-193-thread-1] INFO  storage.RaftStorageDirectory (RaftStorageDirectory.java:analyzeStorage(246)) - The storage directory /workdir/hadoop-ozone/integration-test/target/test-dir/MiniOzoneClusterImpl-ac564c78-5755-4b89-8165-5797fdb29c3d/datanode-4/data/ratis/aaba9931-c43f-4e20-84bb-45d5735c29d4 does not exist. Creating ...
2019-09-25 07:03:23,671 [pool-183-thread-1] INFO  server.RaftServerConfigKeys (ConfUtils.java:logGet(43)) - raft.server.sleep.deviation.threshold = 300 (default)
2019-09-25 07:03:23,671 [pool-203-thread-1] INFO  server.RaftServerConfigKeys (ConfUtils.java:logGet(43)) - raft.server.rpc.timeout.min = 1s (custom)
2019-09-25 07:03:23,671 [pool-183-thread-1] INFO  server.RaftServerConfigKeys (ConfUtils.java:logGet(43)) - raft.server.log.appender.install.snapshot.enabled = false (custom)
2019-09-25 07:03:23,671 [pool-203-thread-1] INFO  server.RaftServerConfigKeys (ConfUtils.java:logGet(43)) - raft.server.rpc.timeout.max = 1200ms (custom)
2019-09-25 07:03:23,671 [pool-183-thread-1] INFO  impl.RaftServerImpl (ServerState.java:<init>(103)) - 559541cc-73c8-4a56-acfe-5973788e7bb7@group-45D5735C29D4: ConfigurationManager, init=-1: [728640af-76ba-4f5f-856a-2a4b70054956:192.168.164.219:44993, bdbb84ae-3320-4ffc-9458-295388f22350:192.168.164.219:44213, 559541cc-73c8-4a56-acfe-5973788e7bb7:192.168.164.219:34742], old=null, confs=<EMPTY_MAP>
2019-09-25 07:03:23,671 [pool-203-thread-1] INFO  server.RaftServerConfigKeys (ConfUtils.java:logGet(43)) - raft.server.rpcslowness.timeout = 120s (custom)
2019-09-25 07:03:23,671 [pool-183-thread-1] INFO  server.RaftServerConfigKeys (ConfUtils.java:logGet(43)) - raft.server.storage.dir = [/workdir/hadoop-ozone/integration-test/target/test-dir/MiniOzoneClusterImpl-ac564c78-5755-4b89-8165-5797fdb29c3d/datanode-3/data/ratis] (custom)
2019-09-25 07:03:23,672 [pool-203-thread-1] INFO  server.RaftServerConfigKeys (ConfUtils.java:logGet(43)) - raft.server.sleep.deviation.threshold = 300 (default)
2019-09-25 07:03:23,672 [pool-203-thread-1] INFO  server.RaftServerConfigKeys (ConfUtils.java:logGet(43)) - raft.server.log.appender.install.snapshot.enabled = false (custom)
2019-09-25 07:03:23,672 [pool-203-thread-1] INFO  impl.RaftServerImpl (ServerState.java:<init>(103)) - bdbb84ae-3320-4ffc-9458-295388f22350@group-45D5735C29D4: ConfigurationManager, init=-1: [728640af-76ba-4f5f-856a-2a4b70054956:192.168.164.219:44993, bdbb84ae-3320-4ffc-9458-295388f22350:192.168.164.219:44213, 559541cc-73c8-4a56-acfe-5973788e7bb7:192.168.164.219:34742], old=null, confs=<EMPTY_MAP>
2019-09-25 07:03:23,672 [pool-183-thread-1] INFO  storage.RaftStorageDirectory (RaftStorageDirectory.java:analyzeStorage(246)) - The storage directory /workdir/hadoop-ozone/integration-test/target/test-dir/MiniOzoneClusterImpl-ac564c78-5755-4b89-8165-5797fdb29c3d/datanode-3/data/ratis/aaba9931-c43f-4e20-84bb-45d5735c29d4 does not exist. Creating ...
2019-09-25 07:03:23,672 [pool-203-thread-1] INFO  server.RaftServerConfigKeys (ConfUtils.java:logGet(43)) - raft.server.storage.dir = [/workdir/hadoop-ozone/integration-test/target/test-dir/MiniOzoneClusterImpl-ac564c78-5755-4b89-8165-5797fdb29c3d/datanode-5/data/ratis] (custom)
2019-09-25 07:03:23,672 [pool-203-thread-1] INFO  storage.RaftStorageDirectory (RaftStorageDirectory.java:analyzeStorage(246)) - The storage directory /workdir/hadoop-ozone/integration-test/target/test-dir/MiniOzoneClusterImpl-ac564c78-5755-4b89-8165-5797fdb29c3d/datanode-5/data/ratis/aaba9931-c43f-4e20-84bb-45d5735c29d4 does not exist. Creating ...
2019-09-25 07:03:23,696 [pool-193-thread-1] INFO  storage.RaftStorageDirectory (RaftStorageDirectory.java:tryLock(328)) - Lock on /workdir/hadoop-ozone/integration-test/target/test-dir/MiniOzoneClusterImpl-ac564c78-5755-4b89-8165-5797fdb29c3d/datanode-4/data/ratis/aaba9931-c43f-4e20-84bb-45d5735c29d4/in_use.lock acquired by nodename 25364@pr-hdds-2171-6tmbh-193827893
2019-09-25 07:03:23,696 [pool-183-thread-1] INFO  storage.RaftStorageDirectory (RaftStorageDirectory.java:tryLock(328)) - Lock on /workdir/hadoop-ozone/integration-test/target/test-dir/MiniOzoneClusterImpl-ac564c78-5755-4b89-8165-5797fdb29c3d/datanode-3/data/ratis/aaba9931-c43f-4e20-84bb-45d5735c29d4/in_use.lock acquired by nodename 25364@pr-hdds-2171-6tmbh-193827893
2019-09-25 07:03:23,696 [pool-203-thread-1] INFO  storage.RaftStorageDirectory (RaftStorageDirectory.java:tryLock(328)) - Lock on /workdir/hadoop-ozone/integration-test/target/test-dir/MiniOzoneClusterImpl-ac564c78-5755-4b89-8165-5797fdb29c3d/datanode-5/data/ratis/aaba9931-c43f-4e20-84bb-45d5735c29d4/in_use.lock acquired by nodename 25364@pr-hdds-2171-6tmbh-193827893
2019-09-25 07:03:23,722 [pool-203-thread-1] INFO  storage.RaftStorage (RaftStorage.java:format(72)) - Storage directory /workdir/hadoop-ozone/integration-test/target/test-dir/MiniOzoneClusterImpl-ac564c78-5755-4b89-8165-5797fdb29c3d/datanode-5/data/ratis/aaba9931-c43f-4e20-84bb-45d5735c29d4 has been successfully formatted.
2019-09-25 07:03:23,722 [pool-193-thread-1] INFO  storage.RaftStorage (RaftStorage.java:format(72)) - Storage directory /workdir/hadoop-ozone/integration-test/target/test-dir/MiniOzoneClusterImpl-ac564c78-5755-4b89-8165-5797fdb29c3d/datanode-4/data/ratis/aaba9931-c43f-4e20-84bb-45d5735c29d4 has been successfully formatted.
2019-09-25 07:03:23,722 [pool-183-thread-1] INFO  storage.RaftStorage (RaftStorage.java:format(72)) - Storage directory /workdir/hadoop-ozone/integration-test/target/test-dir/MiniOzoneClusterImpl-ac564c78-5755-4b89-8165-5797fdb29c3d/datanode-3/data/ratis/aaba9931-c43f-4e20-84bb-45d5735c29d4 has been successfully formatted.
2019-09-25 07:03:23,722 [pool-193-thread-1] INFO  ratis.ContainerStateMachine (ContainerStateMachine.java:loadSnapshot(230)) - group-45D5735C29D4: The snapshot info is null. Setting the last applied indexto:(t:0, i:~)
2019-09-25 07:03:23,722 [pool-203-thread-1] INFO  ratis.ContainerStateMachine (ContainerStateMachine.java:loadSnapshot(230)) - group-45D5735C29D4: The snapshot info is null. Setting the last applied indexto:(t:0, i:~)
2019-09-25 07:03:23,723 [pool-193-thread-1] INFO  server.RaftServerConfigKeys (ConfUtils.java:logGet(43)) - raft.server.notification.no-leader.timeout = 120s (custom)
2019-09-25 07:03:23,723 [pool-183-thread-1] INFO  ratis.ContainerStateMachine (ContainerStateMachine.java:loadSnapshot(230)) - group-45D5735C29D4: The snapshot info is null. Setting the last applied indexto:(t:0, i:~)
2019-09-25 07:03:23,723 [pool-193-thread-1] INFO  server.RaftServerConfigKeys (ConfUtils.java:logGet(43)) - raft.server.log.use.memory = false (default)
2019-09-25 07:03:23,723 [pool-203-thread-1] INFO  server.RaftServerConfigKeys (ConfUtils.java:logGet(43)) - raft.server.notification.no-leader.timeout = 120s (custom)
2019-09-25 07:03:23,723 [pool-193-thread-1] INFO  server.RaftServerConfigKeys (ConfUtils.java:logGet(43)) - raft.server.log.purge.gap = 1000000 (custom)
2019-09-25 07:03:23,723 [pool-183-thread-1] INFO  server.RaftServerConfigKeys (ConfUtils.java:logGet(43)) - raft.server.notification.no-leader.timeout = 120s (custom)
2019-09-25 07:03:23,723 [pool-193-thread-1] INFO  server.RaftServerConfigKeys (ConfUtils.java:logGet(43)) - raft.server.log.appender.buffer.byte-limit = 33554432 (custom)
2019-09-25 07:03:23,723 [pool-203-thread-1] INFO  server.RaftServerConfigKeys (ConfUtils.java:logGet(43)) - raft.server.log.use.memory = false (default)
2019-09-25 07:03:23,723 [pool-193-thread-1] INFO  server.RaftServerConfigKeys (ConfUtils.java:logGet(43)) - raft.server.log.segment.size.max = 1048576 (custom)
2019-09-25 07:03:23,723 [pool-183-thread-1] INFO  server.RaftServerConfigKeys (ConfUtils.java:logGet(43)) - raft.server.log.use.memory = false (default)
2019-09-25 07:03:23,724 [pool-193-thread-1] INFO  server.RaftServerConfigKeys (ConfUtils.java:logGet(43)) - raft.server.log.segment.cache.num.max = 2 (custom)
2019-09-25 07:03:23,723 [pool-203-thread-1] INFO  server.RaftServerConfigKeys (ConfUtils.java:logGet(43)) - raft.server.log.purge.gap = 1000000 (custom)
2019-09-25 07:03:23,724 [pool-193-thread-1] INFO  segmented.SegmentedRaftLogWorker (SegmentedRaftLogWorker.java:<init>(172)) - new 728640af-76ba-4f5f-856a-2a4b70054956@group-45D5735C29D4-SegmentedRaftLogWorker for RaftStorage:Storage Directory /workdir/hadoop-ozone/integration-test/target/test-dir/MiniOzoneClusterImpl-ac564c78-5755-4b89-8165-5797fdb29c3d/datanode-4/data/ratis/aaba9931-c43f-4e20-84bb-45d5735c29d4
2019-09-25 07:03:23,724 [pool-183-thread-1] INFO  server.RaftServerConfigKeys (ConfUtils.java:logGet(43)) - raft.server.log.purge.gap = 1000000 (custom)
2019-09-25 07:03:23,724 [pool-193-thread-1] INFO  server.RaftServerConfigKeys (ConfUtils.java:logGet(43)) - raft.server.log.queue.byte-limit = 2147483647 (custom)
2019-09-25 07:03:23,724 [pool-203-thread-1] INFO  server.RaftServerConfigKeys (ConfUtils.java:logGet(43)) - raft.server.log.appender.buffer.byte-limit = 33554432 (custom)
2019-09-25 07:03:23,724 [pool-193-thread-1] INFO  server.RaftServerConfigKeys (ConfUtils.java:logGet(43)) - raft.server.log.queue.element-limit = 1024 (custom)
2019-09-25 07:03:23,724 [pool-183-thread-1] INFO  server.RaftServerConfigKeys (ConfUtils.java:logGet(43)) - raft.server.log.appender.buffer.byte-limit = 33554432 (custom)
2019-09-25 07:03:23,724 [pool-193-thread-1] INFO  server.RaftServerConfigKeys (ConfUtils.java:logGet(43)) - raft.server.log.segment.size.max = 1048576 (custom)
2019-09-25 07:03:23,724 [pool-203-thread-1] INFO  server.RaftServerConfigKeys (ConfUtils.java:logGet(43)) - raft.server.log.segment.size.max = 1048576 (custom)
2019-09-25 07:03:23,724 [pool-193-thread-1] INFO  server.RaftServerConfigKeys (ConfUtils.java:logGet(43)) - raft.server.log.preallocated.size = 16384 (custom)
2019-09-25 07:03:23,725 [pool-193-thread-1] INFO  server.RaftServerConfigKeys (ConfUtils.java:logGet(43)) - raft.server.log.write.buffer.size = 33554432 (custom)
2019-09-25 07:03:23,724 [pool-183-thread-1] INFO  server.RaftServerConfigKeys (ConfUtils.java:logGet(43)) - raft.server.log.segment.size.max = 1048576 (custom)
2019-09-25 07:03:23,725 [pool-193-thread-1] INFO  server.RaftServerConfigKeys (ConfUtils.java:logGet(43)) - raft.server.log.force.sync.num = 128 (default)
2019-09-25 07:03:23,725 [pool-203-thread-1] INFO  server.RaftServerConfigKeys (ConfUtils.java:logGet(43)) - raft.server.log.segment.cache.num.max = 2 (custom)
2019-09-25 07:03:23,725 [pool-193-thread-1] INFO  server.RaftServerConfigKeys (ConfUtils.java:logGet(43)) - raft.server.log.statemachine.data.sync = true (default)
2019-09-25 07:03:23,725 [pool-183-thread-1] INFO  server.RaftServerConfigKeys (ConfUtils.java:logGet(43)) - raft.server.log.segment.cache.num.max = 2 (custom)
2019-09-25 07:03:23,725 [pool-193-thread-1] INFO  server.RaftServerConfigKeys (ConfUtils.java:logGet(43)) - raft.server.log.statemachine.data.sync.timeout = 10s (default)
2019-09-25 07:03:23,725 [pool-203-thread-1] INFO  segmented.SegmentedRaftLogWorker (SegmentedRaftLogWorker.java:<init>(172)) - new bdbb84ae-3320-4ffc-9458-295388f22350@group-45D5735C29D4-SegmentedRaftLogWorker for RaftStorage:Storage Directory /workdir/hadoop-ozone/integration-test/target/test-dir/MiniOzoneClusterImpl-ac564c78-5755-4b89-8165-5797fdb29c3d/datanode-5/data/ratis/aaba9931-c43f-4e20-84bb-45d5735c29d4
2019-09-25 07:03:23,725 [pool-193-thread-1] INFO  server.RaftServerConfigKeys (ConfUtils.java:logGet(43)) - raft.server.log.statemachine.data.sync.timeout.retry = -1 (default)
2019-09-25 07:03:23,725 [pool-183-thread-1] INFO  segmented.SegmentedRaftLogWorker (SegmentedRaftLogWorker.java:<init>(172)) - new 559541cc-73c8-4a56-acfe-5973788e7bb7@group-45D5735C29D4-SegmentedRaftLogWorker for RaftStorage:Storage Directory /workdir/hadoop-ozone/integration-test/target/test-dir/MiniOzoneClusterImpl-ac564c78-5755-4b89-8165-5797fdb29c3d/datanode-3/data/ratis/aaba9931-c43f-4e20-84bb-45d5735c29d4
2019-09-25 07:03:23,726 [pool-193-thread-1] INFO  server.RaftServerConfigKeys (ConfUtils.java:logGet(43)) - raft.server.log.statemachine.data.caching.enabled = true (custom)
2019-09-25 07:03:23,725 [pool-203-thread-1] INFO  server.RaftServerConfigKeys (ConfUtils.java:logGet(43)) - raft.server.log.queue.byte-limit = 2147483647 (custom)
2019-09-25 07:03:23,726 [pool-183-thread-1] INFO  server.RaftServerConfigKeys (ConfUtils.java:logGet(43)) - raft.server.log.queue.byte-limit = 2147483647 (custom)
2019-09-25 07:03:23,726 [pool-193-thread-1] INFO  segmented.SegmentedRaftLogWorker (SegmentedRaftLogWorker.java:lambda$new$0(132)) - 728640af-76ba-4f5f-856a-2a4b70054956@group-45D5735C29D4-SegmentedRaftLogWorker: flushIndex: setUnconditionally 0 -> -1
2019-09-25 07:03:23,726 [pool-203-thread-1] INFO  server.RaftServerConfigKeys (ConfUtils.java:logGet(43)) - raft.server.log.queue.element-limit = 1024 (custom)
2019-09-25 07:03:23,726 [pool-183-thread-1] INFO  server.RaftServerConfigKeys (ConfUtils.java:logGet(43)) - raft.server.log.queue.element-limit = 1024 (custom)
2019-09-25 07:03:23,726 [pool-193-thread-1] INFO  server.RaftServerConfigKeys (ConfUtils.java:logGet(43)) - raft.server.snapshot.auto.trigger.enabled = true (custom)
2019-09-25 07:03:23,726 [pool-203-thread-1] INFO  server.RaftServerConfigKeys (ConfUtils.java:logGet(43)) - raft.server.log.segment.size.max = 1048576 (custom)
2019-09-25 07:03:23,726 [pool-193-thread-1] INFO  server.RaftServerConfigKeys (ConfUtils.java:logGet(43)) - raft.server.snapshot.auto.trigger.threshold = 10000 (custom)
2019-09-25 07:03:23,726 [pool-183-thread-1] INFO  server.RaftServerConfigKeys (ConfUtils.java:logGet(43)) - raft.server.log.segment.size.max = 1048576 (custom)
2019-09-25 07:03:23,727 [pool-193-thread-1] INFO  server.RaftServerConfigKeys (ConfUtils.java:logGet(43)) - raft.server.snapshot.retention.num.files = 5 (custom)
2019-09-25 07:03:23,727 [pool-203-thread-1] INFO  server.RaftServerConfigKeys (ConfUtils.java:logGet(43)) - raft.server.log.preallocated.size = 16384 (custom)
2019-09-25 07:03:23,727 [pool-193-thread-1] INFO  server.RaftServerConfigKeys (ConfUtils.java:logGet(43)) - raft.server.retrycache.expirytime = 600000ms (custom)
2019-09-25 07:03:23,727 [pool-183-thread-1] INFO  server.RaftServerConfigKeys (ConfUtils.java:logGet(43)) - raft.server.log.preallocated.size = 16384 (custom)
2019-09-25 07:03:23,727 [pool-203-thread-1] INFO  server.RaftServerConfigKeys (ConfUtils.java:logGet(43)) - raft.server.log.write.buffer.size = 33554432 (custom)
2019-09-25 07:03:23,727 [pool-183-thread-1] INFO  server.RaftServerConfigKeys (ConfUtils.java:logGet(43)) - raft.server.log.write.buffer.size = 33554432 (custom)
2019-09-25 07:03:23,727 [pool-203-thread-1] INFO  server.RaftServerConfigKeys (ConfUtils.java:logGet(43)) - raft.server.log.force.sync.num = 128 (default)
2019-09-25 07:03:23,727 [pool-183-thread-1] INFO  server.RaftServerConfigKeys (ConfUtils.java:logGet(43)) - raft.server.log.force.sync.num = 128 (default)
2019-09-25 07:03:23,727 [pool-203-thread-1] INFO  server.RaftServerConfigKeys (ConfUtils.java:logGet(43)) - raft.server.log.statemachine.data.sync = true (default)
2019-09-25 07:03:23,727 [pool-183-thread-1] INFO  server.RaftServerConfigKeys (ConfUtils.java:logGet(43)) - raft.server.log.statemachine.data.sync = true (default)
2019-09-25 07:03:23,728 [pool-203-thread-1] INFO  server.RaftServerConfigKeys (ConfUtils.java:logGet(43)) - raft.server.log.statemachine.data.sync.timeout = 10s (default)
2019-09-25 07:03:23,728 [pool-183-thread-1] INFO  server.RaftServerConfigKeys (ConfUtils.java:logGet(43)) - raft.server.log.statemachine.data.sync.timeout = 10s (default)
2019-09-25 07:03:23,728 [pool-203-thread-1] INFO  server.RaftServerConfigKeys (ConfUtils.java:logGet(43)) - raft.server.log.statemachine.data.sync.timeout.retry = -1 (default)
2019-09-25 07:03:23,728 [pool-183-thread-1] INFO  server.RaftServerConfigKeys (ConfUtils.java:logGet(43)) - raft.server.log.statemachine.data.sync.timeout.retry = -1 (default)
2019-09-25 07:03:23,728 [pool-203-thread-1] INFO  server.RaftServerConfigKeys (ConfUtils.java:logGet(43)) - raft.server.log.statemachine.data.caching.enabled = true (custom)
2019-09-25 07:03:23,728 [pool-183-thread-1] INFO  server.RaftServerConfigKeys (ConfUtils.java:logGet(43)) - raft.server.log.statemachine.data.caching.enabled = true (custom)
2019-09-25 07:03:23,728 [pool-203-thread-1] INFO  segmented.SegmentedRaftLogWorker (SegmentedRaftLogWorker.java:lambda$new$0(132)) - bdbb84ae-3320-4ffc-9458-295388f22350@group-45D5735C29D4-SegmentedRaftLogWorker: flushIndex: setUnconditionally 0 -> -1
2019-09-25 07:03:23,728 [pool-183-thread-1] INFO  segmented.SegmentedRaftLogWorker (SegmentedRaftLogWorker.java:lambda$new$0(132)) - 559541cc-73c8-4a56-acfe-5973788e7bb7@group-45D5735C29D4-SegmentedRaftLogWorker: flushIndex: setUnconditionally 0 -> -1
2019-09-25 07:03:23,728 [pool-203-thread-1] INFO  server.RaftServerConfigKeys (ConfUtils.java:logGet(43)) - raft.server.snapshot.auto.trigger.enabled = true (custom)
2019-09-25 07:03:23,728 [pool-203-thread-1] INFO  server.RaftServerConfigKeys (ConfUtils.java:logGet(43)) - raft.server.snapshot.auto.trigger.threshold = 10000 (custom)
2019-09-25 07:03:23,729 [pool-183-thread-1] INFO  server.RaftServerConfigKeys (ConfUtils.java:logGet(43)) - raft.server.snapshot.auto.trigger.enabled = true (custom)
2019-09-25 07:03:23,729 [pool-203-thread-1] INFO  server.RaftServerConfigKeys (ConfUtils.java:logGet(43)) - raft.server.snapshot.retention.num.files = 5 (custom)
2019-09-25 07:03:23,729 [pool-183-thread-1] INFO  server.RaftServerConfigKeys (ConfUtils.java:logGet(43)) - raft.server.snapshot.auto.trigger.threshold = 10000 (custom)
2019-09-25 07:03:23,729 [pool-203-thread-1] INFO  server.RaftServerConfigKeys (ConfUtils.java:logGet(43)) - raft.server.retrycache.expirytime = 600000ms (custom)
2019-09-25 07:03:23,729 [pool-183-thread-1] INFO  server.RaftServerConfigKeys (ConfUtils.java:logGet(43)) - raft.server.snapshot.retention.num.files = 5 (custom)
2019-09-25 07:03:23,729 [pool-193-thread-1] INFO  impl.RaftServerImpl (RaftServerImpl.java:start(185)) - 728640af-76ba-4f5f-856a-2a4b70054956@group-45D5735C29D4: start as a follower, conf=-1: [728640af-76ba-4f5f-856a-2a4b70054956:192.168.164.219:44993, bdbb84ae-3320-4ffc-9458-295388f22350:192.168.164.219:44213, 559541cc-73c8-4a56-acfe-5973788e7bb7:192.168.164.219:34742], old=null
2019-09-25 07:03:23,729 [pool-183-thread-1] INFO  server.RaftServerConfigKeys (ConfUtils.java:logGet(43)) - raft.server.retrycache.expirytime = 600000ms (custom)
2019-09-25 07:03:23,729 [pool-193-thread-1] INFO  impl.RaftServerImpl (RaftServerImpl.java:setRole(174)) - 728640af-76ba-4f5f-856a-2a4b70054956@group-45D5735C29D4: changes role from      null to FOLLOWER at term 0 for startAsFollower
2019-09-25 07:03:23,729 [pool-193-thread-1] INFO  impl.RoleInfo (RoleInfo.java:updateAndGet(143)) - 728640af-76ba-4f5f-856a-2a4b70054956: start FollowerState
2019-09-25 07:03:23,730 [pool-193-thread-1] INFO  util.JmxRegister (JmxRegister.java:tryRegister(44)) - Successfully registered JMX Bean with object name Ratis:service=RaftServer,group=group-45D5735C29D4,id=728640af-76ba-4f5f-856a-2a4b70054956
2019-09-25 07:03:23,738 [pool-203-thread-1] INFO  impl.RaftServerImpl (RaftServerImpl.java:start(185)) - bdbb84ae-3320-4ffc-9458-295388f22350@group-45D5735C29D4: start as a follower, conf=-1: [728640af-76ba-4f5f-856a-2a4b70054956:192.168.164.219:44993, bdbb84ae-3320-4ffc-9458-295388f22350:192.168.164.219:44213, 559541cc-73c8-4a56-acfe-5973788e7bb7:192.168.164.219:34742], old=null
2019-09-25 07:03:23,738 [pool-203-thread-1] INFO  impl.RaftServerImpl (RaftServerImpl.java:setRole(174)) - bdbb84ae-3320-4ffc-9458-295388f22350@group-45D5735C29D4: changes role from      null to FOLLOWER at term 0 for startAsFollower
2019-09-25 07:03:23,739 [pool-203-thread-1] INFO  impl.RoleInfo (RoleInfo.java:updateAndGet(143)) - bdbb84ae-3320-4ffc-9458-295388f22350: start FollowerState
2019-09-25 07:03:23,739 [pool-183-thread-1] INFO  impl.RaftServerImpl (RaftServerImpl.java:start(185)) - 559541cc-73c8-4a56-acfe-5973788e7bb7@group-45D5735C29D4: start as a follower, conf=-1: [728640af-76ba-4f5f-856a-2a4b70054956:192.168.164.219:44993, bdbb84ae-3320-4ffc-9458-295388f22350:192.168.164.219:44213, 559541cc-73c8-4a56-acfe-5973788e7bb7:192.168.164.219:34742], old=null
2019-09-25 07:03:23,739 [pool-203-thread-1] INFO  util.JmxRegister (JmxRegister.java:tryRegister(44)) - Successfully registered JMX Bean with object name Ratis:service=RaftServer,group=group-45D5735C29D4,id=bdbb84ae-3320-4ffc-9458-295388f22350
2019-09-25 07:03:23,739 [pool-183-thread-1] INFO  impl.RaftServerImpl (RaftServerImpl.java:setRole(174)) - 559541cc-73c8-4a56-acfe-5973788e7bb7@group-45D5735C29D4: changes role from      null to FOLLOWER at term 0 for startAsFollower
2019-09-25 07:03:23,739 [pool-183-thread-1] INFO  impl.RoleInfo (RoleInfo.java:updateAndGet(143)) - 559541cc-73c8-4a56-acfe-5973788e7bb7: start FollowerState
2019-09-25 07:03:23,739 [pool-183-thread-1] INFO  util.JmxRegister (JmxRegister.java:tryRegister(44)) - Successfully registered JMX Bean with object name Ratis:service=RaftServer,group=group-45D5735C29D4,id=559541cc-73c8-4a56-acfe-5973788e7bb7
2019-09-25 07:03:23,741 [RatisPipelineUtilsThread] INFO  pipeline.PipelineStateManager (PipelineStateManager.java:addPipeline(56)) - Created pipeline Pipeline[ Id: aaba9931-c43f-4e20-84bb-45d5735c29d4, Nodes: bdbb84ae-3320-4ffc-9458-295388f22350{ip: 192.168.164.219, host: pr-hdds-2171-6tmbh-193827893, networkLocation: /default-rack, certSerialId: null}559541cc-73c8-4a56-acfe-5973788e7bb7{ip: 192.168.164.219, host: pr-hdds-2171-6tmbh-193827893, networkLocation: /default-rack, certSerialId: null}728640af-76ba-4f5f-856a-2a4b70054956{ip: 192.168.164.219, host: pr-hdds-2171-6tmbh-193827893, networkLocation: /default-rack, certSerialId: null}, Type:RATIS, Factor:THREE, State:OPEN]
2019-09-25 07:03:24,375 [Thread-1375] INFO  impl.FollowerState (FollowerState.java:run(106)) - c75f0b4b-c79e-4451-bab8-f8899ec24358:group-6D981170B6D8 changes to CANDIDATE, lastRpcTime:1079, electionTimeout:1079ms
2019-09-25 07:03:24,376 [Thread-1375] INFO  impl.RoleInfo (RoleInfo.java:shutdownFollowerState(121)) - c75f0b4b-c79e-4451-bab8-f8899ec24358: shutdown FollowerState
2019-09-25 07:03:24,376 [Thread-1375] INFO  impl.RaftServerImpl (RaftServerImpl.java:setRole(174)) - c75f0b4b-c79e-4451-bab8-f8899ec24358@group-6D981170B6D8: changes role from  FOLLOWER to CANDIDATE at term 0 for changeToCandidate
2019-09-25 07:03:24,376 [Thread-1375] INFO  impl.RoleInfo (RoleInfo.java:updateAndGet(143)) - c75f0b4b-c79e-4451-bab8-f8899ec24358: start LeaderElection
2019-09-25 07:03:24,407 [c75f0b4b-c79e-4451-bab8-f8899ec24358@group-6D981170B6D8:LeaderElection49] INFO  impl.LeaderElection (LeaderElection.java:askForVotes(182)) - c75f0b4b-c79e-4451-bab8-f8899ec24358@group-6D981170B6D8:LeaderElection49: begin an election at term 1 for -1: [c75f0b4b-c79e-4451-bab8-f8899ec24358:192.168.164.219:42934], old=null
2019-09-25 07:03:24,407 [c75f0b4b-c79e-4451-bab8-f8899ec24358@group-6D981170B6D8:LeaderElection49] INFO  impl.RoleInfo (RoleInfo.java:shutdownLeaderElection(134)) - c75f0b4b-c79e-4451-bab8-f8899ec24358: shutdown LeaderElection
2019-09-25 07:03:24,408 [c75f0b4b-c79e-4451-bab8-f8899ec24358@group-6D981170B6D8:LeaderElection49] INFO  impl.RaftServerImpl (RaftServerImpl.java:setRole(174)) - c75f0b4b-c79e-4451-bab8-f8899ec24358@group-6D981170B6D8: changes role from CANDIDATE to LEADER at term 1 for changeToLeader
2019-09-25 07:03:24,408 [c75f0b4b-c79e-4451-bab8-f8899ec24358@group-6D981170B6D8:LeaderElection49] INFO  impl.RaftServerImpl (ServerState.java:setLeader(253)) - c75f0b4b-c79e-4451-bab8-f8899ec24358@group-6D981170B6D8: change Leader from null to c75f0b4b-c79e-4451-bab8-f8899ec24358 at term 1 for becomeLeader, leader elected after 1119ms
2019-09-25 07:03:24,408 [c75f0b4b-c79e-4451-bab8-f8899ec24358@group-6D981170B6D8:LeaderElection49] INFO  server.RaftServerConfigKeys (ConfUtils.java:logGet(43)) - raft.server.staging.catchup.gap = 1000 (default)
2019-09-25 07:03:24,408 [c75f0b4b-c79e-4451-bab8-f8899ec24358@group-6D981170B6D8:LeaderElection49] INFO  server.RaftServerConfigKeys (ConfUtils.java:logGet(43)) - raft.server.rpc.sleep.time = 25ms (default)
2019-09-25 07:03:24,409 [c75f0b4b-c79e-4451-bab8-f8899ec24358@group-6D981170B6D8:LeaderElection49] INFO  server.RaftServerConfigKeys (ConfUtils.java:logGet(43)) - raft.server.write.element-limit = 4096 (default)
2019-09-25 07:03:24,409 [c75f0b4b-c79e-4451-bab8-f8899ec24358@group-6D981170B6D8:LeaderElection49] INFO  server.RaftServerConfigKeys (ConfUtils.java:logGet(43)) - raft.server.watch.timeout = 10s (default)
2019-09-25 07:03:24,409 [c75f0b4b-c79e-4451-bab8-f8899ec24358@group-6D981170B6D8:LeaderElection49] INFO  server.RaftServerConfigKeys (ConfUtils.java:logGet(43)) - raft.server.watch.timeout.denomination = 1s (default)
2019-09-25 07:03:24,409 [c75f0b4b-c79e-4451-bab8-f8899ec24358@group-6D981170B6D8:LeaderElection49] INFO  server.RaftServerConfigKeys (ConfUtils.java:logGet(43)) - raft.server.watch.element-limit = 65536 (default)
2019-09-25 07:03:24,411 [c75f0b4b-c79e-4451-bab8-f8899ec24358@group-6D981170B6D8:LeaderElection49] INFO  impl.RoleInfo (RoleInfo.java:updateAndGet(143)) - c75f0b4b-c79e-4451-bab8-f8899ec24358: start LeaderState
2019-09-25 07:03:24,412 [c75f0b4b-c79e-4451-bab8-f8899ec24358@group-6D981170B6D8:LeaderElection49] INFO  segmented.SegmentedRaftLogWorker (SegmentedRaftLogWorker.java:startLogSegment(380)) - c75f0b4b-c79e-4451-bab8-f8899ec24358@group-6D981170B6D8-SegmentedRaftLogWorker: Starting segment from index:0
2019-09-25 07:03:24,412 [c75f0b4b-c79e-4451-bab8-f8899ec24358@group-6D981170B6D8:LeaderElection49] INFO  impl.RaftServerImpl (ServerState.java:setRaftConf(354)) - c75f0b4b-c79e-4451-bab8-f8899ec24358@group-6D981170B6D8: set configuration 0: [c75f0b4b-c79e-4451-bab8-f8899ec24358:192.168.164.219:42934], old=null at 0
2019-09-25 07:03:24,459 [Thread-1381] INFO  impl.FollowerState (FollowerState.java:run(106)) - fffa9414-ff69-4be3-98af-02e83cd85251:group-4FD0C2388897 changes to CANDIDATE, lastRpcTime:1036, electionTimeout:1036ms
2019-09-25 07:03:24,459 [Thread-1381] INFO  impl.RoleInfo (RoleInfo.java:shutdownFollowerState(121)) - fffa9414-ff69-4be3-98af-02e83cd85251: shutdown FollowerState
2019-09-25 07:03:24,459 [Thread-1381] INFO  impl.RaftServerImpl (RaftServerImpl.java:setRole(174)) - fffa9414-ff69-4be3-98af-02e83cd85251@group-4FD0C2388897: changes role from  FOLLOWER to CANDIDATE at term 0 for changeToCandidate
2019-09-25 07:03:24,459 [Thread-1381] INFO  impl.RoleInfo (RoleInfo.java:updateAndGet(143)) - fffa9414-ff69-4be3-98af-02e83cd85251: start LeaderElection
2019-09-25 07:03:24,462 [c75f0b4b-c79e-4451-bab8-f8899ec24358@group-6D981170B6D8-SegmentedRaftLogWorker] INFO  segmented.SegmentedRaftLogWorker (SegmentedRaftLogWorker.java:execute(569)) - c75f0b4b-c79e-4451-bab8-f8899ec24358@group-6D981170B6D8-SegmentedRaftLogWorker: created new log segment /workdir/hadoop-ozone/integration-test/target/test-dir/MiniOzoneClusterImpl-ac564c78-5755-4b89-8165-5797fdb29c3d/datanode-0/data/ratis/58ed0312-5d27-44b9-99a9-6d981170b6d8/current/log_inprogress_0
2019-09-25 07:03:24,477 [fffa9414-ff69-4be3-98af-02e83cd85251@group-4FD0C2388897:LeaderElection50] INFO  impl.LeaderElection (LeaderElection.java:askForVotes(182)) - fffa9414-ff69-4be3-98af-02e83cd85251@group-4FD0C2388897:LeaderElection50: begin an election at term 1 for -1: [fffa9414-ff69-4be3-98af-02e83cd85251:192.168.164.219:43527], old=null
2019-09-25 07:03:24,478 [fffa9414-ff69-4be3-98af-02e83cd85251@group-4FD0C2388897:LeaderElection50] INFO  impl.RoleInfo (RoleInfo.java:shutdownLeaderElection(134)) - fffa9414-ff69-4be3-98af-02e83cd85251: shutdown LeaderElection
2019-09-25 07:03:24,478 [fffa9414-ff69-4be3-98af-02e83cd85251@group-4FD0C2388897:LeaderElection50] INFO  impl.RaftServerImpl (RaftServerImpl.java:setRole(174)) - fffa9414-ff69-4be3-98af-02e83cd85251@group-4FD0C2388897: changes role from CANDIDATE to LEADER at term 1 for changeToLeader
2019-09-25 07:03:24,478 [fffa9414-ff69-4be3-98af-02e83cd85251@group-4FD0C2388897:LeaderElection50] INFO  impl.RaftServerImpl (ServerState.java:setLeader(253)) - fffa9414-ff69-4be3-98af-02e83cd85251@group-4FD0C2388897: change Leader from null to fffa9414-ff69-4be3-98af-02e83cd85251 at term 1 for becomeLeader, leader elected after 1061ms
2019-09-25 07:03:24,478 [fffa9414-ff69-4be3-98af-02e83cd85251@group-4FD0C2388897:LeaderElection50] INFO  server.RaftServerConfigKeys (ConfUtils.java:logGet(43)) - raft.server.staging.catchup.gap = 1000 (default)
2019-09-25 07:03:24,478 [fffa9414-ff69-4be3-98af-02e83cd85251@group-4FD0C2388897:LeaderElection50] INFO  server.RaftServerConfigKeys (ConfUtils.java:logGet(43)) - raft.server.rpc.sleep.time = 25ms (default)
2019-09-25 07:03:24,478 [fffa9414-ff69-4be3-98af-02e83cd85251@group-4FD0C2388897:LeaderElection50] INFO  server.RaftServerConfigKeys (ConfUtils.java:logGet(43)) - raft.server.write.element-limit = 4096 (default)
2019-09-25 07:03:24,478 [fffa9414-ff69-4be3-98af-02e83cd85251@group-4FD0C2388897:LeaderElection50] INFO  server.RaftServerConfigKeys (ConfUtils.java:logGet(43)) - raft.server.watch.timeout = 10s (default)
2019-09-25 07:03:24,478 [fffa9414-ff69-4be3-98af-02e83cd85251@group-4FD0C2388897:LeaderElection50] INFO  server.RaftServerConfigKeys (ConfUtils.java:logGet(43)) - raft.server.watch.timeout.denomination = 1s (default)
2019-09-25 07:03:24,478 [fffa9414-ff69-4be3-98af-02e83cd85251@group-4FD0C2388897:LeaderElection50] INFO  server.RaftServerConfigKeys (ConfUtils.java:logGet(43)) - raft.server.watch.element-limit = 65536 (default)
2019-09-25 07:03:24,480 [fffa9414-ff69-4be3-98af-02e83cd85251@group-4FD0C2388897:LeaderElection50] INFO  impl.RoleInfo (RoleInfo.java:updateAndGet(143)) - fffa9414-ff69-4be3-98af-02e83cd85251: start LeaderState
2019-09-25 07:03:24,480 [fffa9414-ff69-4be3-98af-02e83cd85251@group-4FD0C2388897:LeaderElection50] INFO  segmented.SegmentedRaftLogWorker (SegmentedRaftLogWorker.java:startLogSegment(380)) - fffa9414-ff69-4be3-98af-02e83cd85251@group-4FD0C2388897-SegmentedRaftLogWorker: Starting segment from index:0
2019-09-25 07:03:24,481 [fffa9414-ff69-4be3-98af-02e83cd85251@group-4FD0C2388897:LeaderElection50] INFO  impl.RaftServerImpl (ServerState.java:setRaftConf(354)) - fffa9414-ff69-4be3-98af-02e83cd85251@group-4FD0C2388897: set configuration 0: [fffa9414-ff69-4be3-98af-02e83cd85251:192.168.164.219:43527], old=null at 0
2019-09-25 07:03:24,541 [Thread-1378] INFO  impl.FollowerState (FollowerState.java:run(106)) - 97f2a42f-5897-4f0b-8e09-d693101bff65:group-A68C3D632B35 changes to CANDIDATE, lastRpcTime:1181, electionTimeout:1181ms
2019-09-25 07:03:24,541 [Thread-1378] INFO  impl.RoleInfo (RoleInfo.java:shutdownFollowerState(121)) - 97f2a42f-5897-4f0b-8e09-d693101bff65: shutdown FollowerState
2019-09-25 07:03:24,541 [Thread-1378] INFO  impl.RaftServerImpl (RaftServerImpl.java:setRole(174)) - 97f2a42f-5897-4f0b-8e09-d693101bff65@group-A68C3D632B35: changes role from  FOLLOWER to CANDIDATE at term 0 for changeToCandidate
2019-09-25 07:03:24,541 [Thread-1378] INFO  impl.RoleInfo (RoleInfo.java:updateAndGet(143)) - 97f2a42f-5897-4f0b-8e09-d693101bff65: start LeaderElection
2019-09-25 07:03:24,544 [fffa9414-ff69-4be3-98af-02e83cd85251@group-4FD0C2388897-SegmentedRaftLogWorker] INFO  segmented.SegmentedRaftLogWorker (SegmentedRaftLogWorker.java:execute(569)) - fffa9414-ff69-4be3-98af-02e83cd85251@group-4FD0C2388897-SegmentedRaftLogWorker: created new log segment /workdir/hadoop-ozone/integration-test/target/test-dir/MiniOzoneClusterImpl-ac564c78-5755-4b89-8165-5797fdb29c3d/datanode-2/data/ratis/f4eccc98-e1da-4100-a036-4fd0c2388897/current/log_inprogress_0
2019-09-25 07:03:24,573 [Thread-1393] INFO  impl.FollowerState (FollowerState.java:run(106)) - 559541cc-73c8-4a56-acfe-5973788e7bb7:group-4CE54086B0BE changes to CANDIDATE, lastRpcTime:1019, electionTimeout:1019ms
2019-09-25 07:03:24,573 [Thread-1393] INFO  impl.RoleInfo (RoleInfo.java:shutdownFollowerState(121)) - 559541cc-73c8-4a56-acfe-5973788e7bb7: shutdown FollowerState
2019-09-25 07:03:24,573 [Thread-1393] INFO  impl.RaftServerImpl (RaftServerImpl.java:setRole(174)) - 559541cc-73c8-4a56-acfe-5973788e7bb7@group-4CE54086B0BE: changes role from  FOLLOWER to CANDIDATE at term 0 for changeToCandidate
2019-09-25 07:03:24,573 [Thread-1393] INFO  impl.RoleInfo (RoleInfo.java:updateAndGet(143)) - 559541cc-73c8-4a56-acfe-5973788e7bb7: start LeaderElection
2019-09-25 07:03:24,577 [Thread-1387] INFO  impl.FollowerState (FollowerState.java:run(106)) - c75f0b4b-c79e-4451-bab8-f8899ec24358:group-0B4616070C57 changes to CANDIDATE, lastRpcTime:1076, electionTimeout:1076ms
2019-09-25 07:03:24,577 [Thread-1387] INFO  impl.RoleInfo (RoleInfo.java:shutdownFollowerState(121)) - c75f0b4b-c79e-4451-bab8-f8899ec24358: shutdown FollowerState
2019-09-25 07:03:24,577 [Thread-1387] INFO  impl.RaftServerImpl (RaftServerImpl.java:setRole(174)) - c75f0b4b-c79e-4451-bab8-f8899ec24358@group-0B4616070C57: changes role from  FOLLOWER to CANDIDATE at term 0 for changeToCandidate
2019-09-25 07:03:24,577 [Thread-1387] INFO  impl.RoleInfo (RoleInfo.java:updateAndGet(143)) - c75f0b4b-c79e-4451-bab8-f8899ec24358: start LeaderElection
2019-09-25 07:03:24,585 [main] INFO  ozone.MiniOzoneClusterImpl (MiniOzoneClusterImpl.java:lambda$waitForClusterToBeReady$0(147)) - Cluster is ready. Got 6 of 6 DN Heartbeats.
2019-09-25 07:03:24,605 [Thread-1386] INFO  impl.FollowerState (FollowerState.java:run(106)) - 97f2a42f-5897-4f0b-8e09-d693101bff65:group-0B4616070C57 changes to CANDIDATE, lastRpcTime:1105, electionTimeout:1102ms
2019-09-25 07:03:24,605 [Thread-1386] INFO  impl.RoleInfo (RoleInfo.java:shutdownFollowerState(121)) - 97f2a42f-5897-4f0b-8e09-d693101bff65: shutdown FollowerState
2019-09-25 07:03:24,605 [Thread-1386] INFO  impl.RaftServerImpl (RaftServerImpl.java:setRole(174)) - 97f2a42f-5897-4f0b-8e09-d693101bff65@group-0B4616070C57: changes role from  FOLLOWER to CANDIDATE at term 0 for changeToCandidate
2019-09-25 07:03:24,605 [Thread-1386] INFO  impl.RoleInfo (RoleInfo.java:updateAndGet(143)) - 97f2a42f-5897-4f0b-8e09-d693101bff65: start LeaderElection
2019-09-25 07:03:24,609 [Thread-1389] INFO  impl.FollowerState (FollowerState.java:run(106)) - fffa9414-ff69-4be3-98af-02e83cd85251:group-0B4616070C57 changes to CANDIDATE, lastRpcTime:1108, electionTimeout:1106ms
2019-09-25 07:03:24,609 [Thread-1389] INFO  impl.RoleInfo (RoleInfo.java:shutdownFollowerState(121)) - fffa9414-ff69-4be3-98af-02e83cd85251: shutdown FollowerState
2019-09-25 07:03:24,609 [Thread-1389] INFO  impl.RaftServerImpl (RaftServerImpl.java:setRole(174)) - fffa9414-ff69-4be3-98af-02e83cd85251@group-0B4616070C57: changes role from  FOLLOWER to CANDIDATE at term 0 for changeToCandidate
2019-09-25 07:03:24,609 [Thread-1389] INFO  impl.RoleInfo (RoleInfo.java:updateAndGet(143)) - fffa9414-ff69-4be3-98af-02e83cd85251: start LeaderElection
2019-09-25 07:03:24,619 [main] INFO  rpc.RpcClient (RpcClient.java:createVolume(276)) - Creating Volume: datanodefailurehandlingtest, with jenkins1000 as owner.
2019-09-25 07:03:24,621 [97f2a42f-5897-4f0b-8e09-d693101bff65@group-A68C3D632B35:LeaderElection51] INFO  impl.LeaderElection (LeaderElection.java:askForVotes(182)) - 97f2a42f-5897-4f0b-8e09-d693101bff65@group-A68C3D632B35:LeaderElection51: begin an election at term 1 for -1: [97f2a42f-5897-4f0b-8e09-d693101bff65:192.168.164.219:33321], old=null
2019-09-25 07:03:24,621 [97f2a42f-5897-4f0b-8e09-d693101bff65@group-A68C3D632B35:LeaderElection51] INFO  impl.RoleInfo (RoleInfo.java:shutdownLeaderElection(134)) - 97f2a42f-5897-4f0b-8e09-d693101bff65: shutdown LeaderElection
2019-09-25 07:03:24,621 [97f2a42f-5897-4f0b-8e09-d693101bff65@group-A68C3D632B35:LeaderElection51] INFO  impl.RaftServerImpl (RaftServerImpl.java:setRole(174)) - 97f2a42f-5897-4f0b-8e09-d693101bff65@group-A68C3D632B35: changes role from CANDIDATE to LEADER at term 1 for changeToLeader
2019-09-25 07:03:24,622 [IPC Server handler 3 on 39532] INFO  volume.OMVolumeCreateRequest (OMVolumeCreateRequest.java:validateAndUpdateCache(189)) - created volume:datanodefailurehandlingtest for user:jenkins1000
2019-09-25 07:03:24,622 [97f2a42f-5897-4f0b-8e09-d693101bff65@group-A68C3D632B35:LeaderElection51] INFO  impl.RaftServerImpl (ServerState.java:setLeader(253)) - 97f2a42f-5897-4f0b-8e09-d693101bff65@group-A68C3D632B35: change Leader from null to 97f2a42f-5897-4f0b-8e09-d693101bff65 at term 1 for becomeLeader, leader elected after 1268ms
2019-09-25 07:03:24,622 [97f2a42f-5897-4f0b-8e09-d693101bff65@group-A68C3D632B35:LeaderElection51] INFO  server.RaftServerConfigKeys (ConfUtils.java:logGet(43)) - raft.server.staging.catchup.gap = 1000 (default)
2019-09-25 07:03:24,622 [97f2a42f-5897-4f0b-8e09-d693101bff65@group-A68C3D632B35:LeaderElection51] INFO  server.RaftServerConfigKeys (ConfUtils.java:logGet(43)) - raft.server.rpc.sleep.time = 25ms (default)
2019-09-25 07:03:24,622 [97f2a42f-5897-4f0b-8e09-d693101bff65@group-A68C3D632B35:LeaderElection51] INFO  server.RaftServerConfigKeys (ConfUtils.java:logGet(43)) - raft.server.write.element-limit = 4096 (default)
2019-09-25 07:03:24,622 [97f2a42f-5897-4f0b-8e09-d693101bff65@group-A68C3D632B35:LeaderElection51] INFO  server.RaftServerConfigKeys (ConfUtils.java:logGet(43)) - raft.server.watch.timeout = 10s (default)
2019-09-25 07:03:24,622 [97f2a42f-5897-4f0b-8e09-d693101bff65@group-A68C3D632B35:LeaderElection51] INFO  server.RaftServerConfigKeys (ConfUtils.java:logGet(43)) - raft.server.watch.timeout.denomination = 1s (default)
2019-09-25 07:03:24,623 [97f2a42f-5897-4f0b-8e09-d693101bff65@group-A68C3D632B35:LeaderElection51] INFO  server.RaftServerConfigKeys (ConfUtils.java:logGet(43)) - raft.server.watch.element-limit = 65536 (default)
2019-09-25 07:03:24,633 [main] INFO  rpc.RpcClient (RpcClient.java:createBucket(415)) - Creating Bucket: datanodefailurehandlingtest/datanodefailurehandlingtest, with Versioning false and Storage Type set to DISK and Encryption set to false 
2019-09-25 07:03:24,633 [97f2a42f-5897-4f0b-8e09-d693101bff65@group-A68C3D632B35:LeaderElection51] INFO  impl.RoleInfo (RoleInfo.java:updateAndGet(143)) - 97f2a42f-5897-4f0b-8e09-d693101bff65: start LeaderState
2019-09-25 07:03:24,634 [97f2a42f-5897-4f0b-8e09-d693101bff65@group-A68C3D632B35:LeaderElection51] INFO  segmented.SegmentedRaftLogWorker (SegmentedRaftLogWorker.java:startLogSegment(380)) - 97f2a42f-5897-4f0b-8e09-d693101bff65@group-A68C3D632B35-SegmentedRaftLogWorker: Starting segment from index:0
2019-09-25 07:03:24,634 [97f2a42f-5897-4f0b-8e09-d693101bff65@group-A68C3D632B35:LeaderElection51] INFO  impl.RaftServerImpl (ServerState.java:setRaftConf(354)) - 97f2a42f-5897-4f0b-8e09-d693101bff65@group-A68C3D632B35: set configuration 0: [97f2a42f-5897-4f0b-8e09-d693101bff65:192.168.164.219:33321], old=null at 0
2019-09-25 07:03:24,634 [559541cc-73c8-4a56-acfe-5973788e7bb7@group-4CE54086B0BE:LeaderElection52] INFO  impl.LeaderElection (LeaderElection.java:askForVotes(182)) - 559541cc-73c8-4a56-acfe-5973788e7bb7@group-4CE54086B0BE:LeaderElection52: begin an election at term 1 for -1: [559541cc-73c8-4a56-acfe-5973788e7bb7:192.168.164.219:34742], old=null
2019-09-25 07:03:24,634 [97f2a42f-5897-4f0b-8e09-d693101bff65@group-0B4616070C57:LeaderElection54] INFO  impl.LeaderElection (LeaderElection.java:askForVotes(182)) - 97f2a42f-5897-4f0b-8e09-d693101bff65@group-0B4616070C57:LeaderElection54: begin an election at term 1 for -1: [97f2a42f-5897-4f0b-8e09-d693101bff65:192.168.164.219:33321, c75f0b4b-c79e-4451-bab8-f8899ec24358:192.168.164.219:42934, fffa9414-ff69-4be3-98af-02e83cd85251:192.168.164.219:43527], old=null
2019-09-25 07:03:24,636 [559541cc-73c8-4a56-acfe-5973788e7bb7@group-4CE54086B0BE:LeaderElection52] INFO  impl.RoleInfo (RoleInfo.java:shutdownLeaderElection(134)) - 559541cc-73c8-4a56-acfe-5973788e7bb7: shutdown LeaderElection
2019-09-25 07:03:24,634 [c75f0b4b-c79e-4451-bab8-f8899ec24358@group-0B4616070C57:LeaderElection53] INFO  impl.LeaderElection (LeaderElection.java:askForVotes(182)) - c75f0b4b-c79e-4451-bab8-f8899ec24358@group-0B4616070C57:LeaderElection53: begin an election at term 1 for -1: [97f2a42f-5897-4f0b-8e09-d693101bff65:192.168.164.219:33321, c75f0b4b-c79e-4451-bab8-f8899ec24358:192.168.164.219:42934, fffa9414-ff69-4be3-98af-02e83cd85251:192.168.164.219:43527], old=null
2019-09-25 07:03:24,636 [559541cc-73c8-4a56-acfe-5973788e7bb7@group-4CE54086B0BE:LeaderElection52] INFO  impl.RaftServerImpl (RaftServerImpl.java:setRole(174)) - 559541cc-73c8-4a56-acfe-5973788e7bb7@group-4CE54086B0BE: changes role from CANDIDATE to LEADER at term 1 for changeToLeader
2019-09-25 07:03:24,636 [559541cc-73c8-4a56-acfe-5973788e7bb7@group-4CE54086B0BE:LeaderElection52] INFO  impl.RaftServerImpl (ServerState.java:setLeader(253)) - 559541cc-73c8-4a56-acfe-5973788e7bb7@group-4CE54086B0BE: change Leader from null to 559541cc-73c8-4a56-acfe-5973788e7bb7 at term 1 for becomeLeader, leader elected after 1088ms
2019-09-25 07:03:24,636 [559541cc-73c8-4a56-acfe-5973788e7bb7@group-4CE54086B0BE:LeaderElection52] INFO  server.RaftServerConfigKeys (ConfUtils.java:logGet(43)) - raft.server.staging.catchup.gap = 1000 (default)
2019-09-25 07:03:24,636 [559541cc-73c8-4a56-acfe-5973788e7bb7@group-4CE54086B0BE:LeaderElection52] INFO  server.RaftServerConfigKeys (ConfUtils.java:logGet(43)) - raft.server.rpc.sleep.time = 25ms (default)
2019-09-25 07:03:24,637 [559541cc-73c8-4a56-acfe-5973788e7bb7@group-4CE54086B0BE:LeaderElection52] INFO  server.RaftServerConfigKeys (ConfUtils.java:logGet(43)) - raft.server.write.element-limit = 4096 (default)
2019-09-25 07:03:24,637 [559541cc-73c8-4a56-acfe-5973788e7bb7@group-4CE54086B0BE:LeaderElection52] INFO  server.RaftServerConfigKeys (ConfUtils.java:logGet(43)) - raft.server.watch.timeout = 10s (default)
2019-09-25 07:03:24,637 [559541cc-73c8-4a56-acfe-5973788e7bb7@group-4CE54086B0BE:LeaderElection52] INFO  server.RaftServerConfigKeys (ConfUtils.java:logGet(43)) - raft.server.watch.timeout.denomination = 1s (default)
2019-09-25 07:03:24,637 [559541cc-73c8-4a56-acfe-5973788e7bb7@group-4CE54086B0BE:LeaderElection52] INFO  server.RaftServerConfigKeys (ConfUtils.java:logGet(43)) - raft.server.watch.element-limit = 65536 (default)
2019-09-25 07:03:24,664 [Thread-1396] INFO  impl.FollowerState (FollowerState.java:run(106)) - 728640af-76ba-4f5f-856a-2a4b70054956:group-70077A155AAB changes to CANDIDATE, lastRpcTime:1065, electionTimeout:1058ms
2019-09-25 07:03:24,664 [fffa9414-ff69-4be3-98af-02e83cd85251@group-0B4616070C57:LeaderElection55] INFO  impl.LeaderElection (LeaderElection.java:askForVotes(182)) - fffa9414-ff69-4be3-98af-02e83cd85251@group-0B4616070C57:LeaderElection55: begin an election at term 1 for -1: [97f2a42f-5897-4f0b-8e09-d693101bff65:192.168.164.219:33321, c75f0b4b-c79e-4451-bab8-f8899ec24358:192.168.164.219:42934, fffa9414-ff69-4be3-98af-02e83cd85251:192.168.164.219:43527], old=null
2019-09-25 07:03:24,667 [Thread-1396] INFO  impl.RoleInfo (RoleInfo.java:shutdownFollowerState(121)) - 728640af-76ba-4f5f-856a-2a4b70054956: shutdown FollowerState
2019-09-25 07:03:24,667 [Thread-1396] INFO  impl.RaftServerImpl (RaftServerImpl.java:setRole(174)) - 728640af-76ba-4f5f-856a-2a4b70054956@group-70077A155AAB: changes role from  FOLLOWER to CANDIDATE at term 0 for changeToCandidate
2019-09-25 07:03:24,681 [Thread-1396] INFO  impl.RoleInfo (RoleInfo.java:updateAndGet(143)) - 728640af-76ba-4f5f-856a-2a4b70054956: start LeaderElection
2019-09-25 07:03:24,691 [559541cc-73c8-4a56-acfe-5973788e7bb7@group-4CE54086B0BE:LeaderElection52] INFO  impl.RoleInfo (RoleInfo.java:updateAndGet(143)) - 559541cc-73c8-4a56-acfe-5973788e7bb7: start LeaderState
2019-09-25 07:03:24,691 [c75f0b4b-c79e-4451-bab8-f8899ec24358@group-0B4616070C57:LeaderElection53] INFO  impl.LeaderElection (LeaderElection.java:logAndReturn(56)) - c75f0b4b-c79e-4451-bab8-f8899ec24358@group-0B4616070C57:LeaderElection53: Election REJECTED; received 2 response(s) [c75f0b4b-c79e-4451-bab8-f8899ec24358<-97f2a42f-5897-4f0b-8e09-d693101bff65#0:FAIL-t1, c75f0b4b-c79e-4451-bab8-f8899ec24358<-fffa9414-ff69-4be3-98af-02e83cd85251#0:FAIL-t1] and 0 exception(s); c75f0b4b-c79e-4451-bab8-f8899ec24358@group-0B4616070C57:t1, leader=null, voted=c75f0b4b-c79e-4451-bab8-f8899ec24358, raftlog=c75f0b4b-c79e-4451-bab8-f8899ec24358@group-0B4616070C57-SegmentedRaftLog:OPENED:c-1,f-1,i0, conf=-1: [97f2a42f-5897-4f0b-8e09-d693101bff65:192.168.164.219:33321, c75f0b4b-c79e-4451-bab8-f8899ec24358:192.168.164.219:42934, fffa9414-ff69-4be3-98af-02e83cd85251:192.168.164.219:43527], old=null
2019-09-25 07:03:24,692 [97f2a42f-5897-4f0b-8e09-d693101bff65@group-0B4616070C57:LeaderElection54] INFO  impl.LeaderElection (LeaderElection.java:logAndReturn(56)) - 97f2a42f-5897-4f0b-8e09-d693101bff65@group-0B4616070C57:LeaderElection54: Election REJECTED; received 2 response(s) [97f2a42f-5897-4f0b-8e09-d693101bff65<-c75f0b4b-c79e-4451-bab8-f8899ec24358#0:FAIL-t1, 97f2a42f-5897-4f0b-8e09-d693101bff65<-fffa9414-ff69-4be3-98af-02e83cd85251#0:FAIL-t1] and 0 exception(s); 97f2a42f-5897-4f0b-8e09-d693101bff65@group-0B4616070C57:t1, leader=null, voted=97f2a42f-5897-4f0b-8e09-d693101bff65, raftlog=97f2a42f-5897-4f0b-8e09-d693101bff65@group-0B4616070C57-SegmentedRaftLog:OPENED:c-1,f-1,i0, conf=-1: [97f2a42f-5897-4f0b-8e09-d693101bff65:192.168.164.219:33321, c75f0b4b-c79e-4451-bab8-f8899ec24358:192.168.164.219:42934, fffa9414-ff69-4be3-98af-02e83cd85251:192.168.164.219:43527], old=null
2019-09-25 07:03:24,692 [559541cc-73c8-4a56-acfe-5973788e7bb7@group-4CE54086B0BE:LeaderElection52] INFO  segmented.SegmentedRaftLogWorker (SegmentedRaftLogWorker.java:startLogSegment(380)) - 559541cc-73c8-4a56-acfe-5973788e7bb7@group-4CE54086B0BE-SegmentedRaftLogWorker: Starting segment from index:0
2019-09-25 07:03:24,692 [97f2a42f-5897-4f0b-8e09-d693101bff65@group-0B4616070C57:LeaderElection54] INFO  impl.RaftServerImpl (RaftServerImpl.java:setRole(174)) - 97f2a42f-5897-4f0b-8e09-d693101bff65@group-0B4616070C57: changes role from CANDIDATE to FOLLOWER at term 1 for DISCOVERED_A_NEW_TERM
2019-09-25 07:03:24,692 [c75f0b4b-c79e-4451-bab8-f8899ec24358@group-0B4616070C57:LeaderElection53] INFO  impl.RaftServerImpl (RaftServerImpl.java:setRole(174)) - c75f0b4b-c79e-4451-bab8-f8899ec24358@group-0B4616070C57: changes role from CANDIDATE to FOLLOWER at term 1 for DISCOVERED_A_NEW_TERM
2019-09-25 07:03:24,692 [97f2a42f-5897-4f0b-8e09-d693101bff65@group-0B4616070C57:LeaderElection54] INFO  impl.RoleInfo (RoleInfo.java:shutdownLeaderElection(134)) - 97f2a42f-5897-4f0b-8e09-d693101bff65: shutdown LeaderElection
2019-09-25 07:03:24,692 [559541cc-73c8-4a56-acfe-5973788e7bb7@group-4CE54086B0BE:LeaderElection52] INFO  impl.RaftServerImpl (ServerState.java:setRaftConf(354)) - 559541cc-73c8-4a56-acfe-5973788e7bb7@group-4CE54086B0BE: set configuration 0: [559541cc-73c8-4a56-acfe-5973788e7bb7:192.168.164.219:34742], old=null at 0
2019-09-25 07:03:24,692 [c75f0b4b-c79e-4451-bab8-f8899ec24358@group-0B4616070C57:LeaderElection53] INFO  impl.RoleInfo (RoleInfo.java:shutdownLeaderElection(134)) - c75f0b4b-c79e-4451-bab8-f8899ec24358: shutdown LeaderElection
2019-09-25 07:03:24,692 [97f2a42f-5897-4f0b-8e09-d693101bff65@group-0B4616070C57:LeaderElection54] INFO  impl.RoleInfo (RoleInfo.java:updateAndGet(143)) - 97f2a42f-5897-4f0b-8e09-d693101bff65: start FollowerState
2019-09-25 07:03:24,695 [c75f0b4b-c79e-4451-bab8-f8899ec24358@group-0B4616070C57:LeaderElection53] INFO  impl.RoleInfo (RoleInfo.java:updateAndGet(143)) - c75f0b4b-c79e-4451-bab8-f8899ec24358: start FollowerState
2019-09-25 07:03:24,727 [97f2a42f-5897-4f0b-8e09-d693101bff65@group-A68C3D632B35-SegmentedRaftLogWorker] INFO  segmented.SegmentedRaftLogWorker (SegmentedRaftLogWorker.java:execute(569)) - 97f2a42f-5897-4f0b-8e09-d693101bff65@group-A68C3D632B35-SegmentedRaftLogWorker: created new log segment /workdir/hadoop-ozone/integration-test/target/test-dir/MiniOzoneClusterImpl-ac564c78-5755-4b89-8165-5797fdb29c3d/datanode-1/data/ratis/83603bfd-aed4-475b-b08a-a68c3d632b35/current/log_inprogress_0
2019-09-25 07:03:24,727 [728640af-76ba-4f5f-856a-2a4b70054956@group-70077A155AAB:LeaderElection56] INFO  impl.LeaderElection (LeaderElection.java:askForVotes(182)) - 728640af-76ba-4f5f-856a-2a4b70054956@group-70077A155AAB:LeaderElection56: begin an election at term 1 for -1: [728640af-76ba-4f5f-856a-2a4b70054956:192.168.164.219:44993], old=null
2019-09-25 07:03:24,728 [728640af-76ba-4f5f-856a-2a4b70054956@group-70077A155AAB:LeaderElection56] INFO  impl.RoleInfo (RoleInfo.java:shutdownLeaderElection(134)) - 728640af-76ba-4f5f-856a-2a4b70054956: shutdown LeaderElection
2019-09-25 07:03:24,728 [728640af-76ba-4f5f-856a-2a4b70054956@group-70077A155AAB:LeaderElection56] INFO  impl.RaftServerImpl (RaftServerImpl.java:setRole(174)) - 728640af-76ba-4f5f-856a-2a4b70054956@group-70077A155AAB: changes role from CANDIDATE to LEADER at term 1 for changeToLeader
2019-09-25 07:03:24,728 [728640af-76ba-4f5f-856a-2a4b70054956@group-70077A155AAB:LeaderElection56] INFO  impl.RaftServerImpl (ServerState.java:setLeader(253)) - 728640af-76ba-4f5f-856a-2a4b70054956@group-70077A155AAB: change Leader from null to 728640af-76ba-4f5f-856a-2a4b70054956 at term 1 for becomeLeader, leader elected after 1136ms
2019-09-25 07:03:24,728 [728640af-76ba-4f5f-856a-2a4b70054956@group-70077A155AAB:LeaderElection56] INFO  server.RaftServerConfigKeys (ConfUtils.java:logGet(43)) - raft.server.staging.catchup.gap = 1000 (default)
2019-09-25 07:03:24,728 [728640af-76ba-4f5f-856a-2a4b70054956@group-70077A155AAB:LeaderElection56] INFO  server.RaftServerConfigKeys (ConfUtils.java:logGet(43)) - raft.server.rpc.sleep.time = 25ms (default)
2019-09-25 07:03:24,730 [728640af-76ba-4f5f-856a-2a4b70054956@group-70077A155AAB:LeaderElection56] INFO  server.RaftServerConfigKeys (ConfUtils.java:logGet(43)) - raft.server.write.element-limit = 4096 (default)
2019-09-25 07:03:24,730 [728640af-76ba-4f5f-856a-2a4b70054956@group-70077A155AAB:LeaderElection56] INFO  server.RaftServerConfigKeys (ConfUtils.java:logGet(43)) - raft.server.watch.timeout = 10s (default)
2019-09-25 07:03:24,730 [fffa9414-ff69-4be3-98af-02e83cd85251@group-0B4616070C57:LeaderElection55] INFO  impl.LeaderElection (LeaderElection.java:logAndReturn(56)) - fffa9414-ff69-4be3-98af-02e83cd85251@group-0B4616070C57:LeaderElection55: Election REJECTED; received 2 response(s) [fffa9414-ff69-4be3-98af-02e83cd85251<-97f2a42f-5897-4f0b-8e09-d693101bff65#0:FAIL-t1, fffa9414-ff69-4be3-98af-02e83cd85251<-c75f0b4b-c79e-4451-bab8-f8899ec24358#0:FAIL-t1] and 0 exception(s); fffa9414-ff69-4be3-98af-02e83cd85251@group-0B4616070C57:t1, leader=null, voted=fffa9414-ff69-4be3-98af-02e83cd85251, raftlog=fffa9414-ff69-4be3-98af-02e83cd85251@group-0B4616070C57-SegmentedRaftLog:OPENED:c-1,f-1,i0, conf=-1: [97f2a42f-5897-4f0b-8e09-d693101bff65:192.168.164.219:33321, c75f0b4b-c79e-4451-bab8-f8899ec24358:192.168.164.219:42934, fffa9414-ff69-4be3-98af-02e83cd85251:192.168.164.219:43527], old=null
2019-09-25 07:03:24,730 [728640af-76ba-4f5f-856a-2a4b70054956@group-70077A155AAB:LeaderElection56] INFO  server.RaftServerConfigKeys (ConfUtils.java:logGet(43)) - raft.server.watch.timeout.denomination = 1s (default)
2019-09-25 07:03:24,730 [fffa9414-ff69-4be3-98af-02e83cd85251@group-0B4616070C57:LeaderElection55] INFO  impl.RaftServerImpl (RaftServerImpl.java:setRole(174)) - fffa9414-ff69-4be3-98af-02e83cd85251@group-0B4616070C57: changes role from CANDIDATE to FOLLOWER at term 1 for DISCOVERED_A_NEW_TERM
2019-09-25 07:03:24,730 [728640af-76ba-4f5f-856a-2a4b70054956@group-70077A155AAB:LeaderElection56] INFO  server.RaftServerConfigKeys (ConfUtils.java:logGet(43)) - raft.server.watch.element-limit = 65536 (default)
2019-09-25 07:03:24,730 [fffa9414-ff69-4be3-98af-02e83cd85251@group-0B4616070C57:LeaderElection55] INFO  impl.RoleInfo (RoleInfo.java:shutdownLeaderElection(134)) - fffa9414-ff69-4be3-98af-02e83cd85251: shutdown LeaderElection
2019-09-25 07:03:24,731 [fffa9414-ff69-4be3-98af-02e83cd85251@group-0B4616070C57:LeaderElection55] INFO  impl.RoleInfo (RoleInfo.java:updateAndGet(143)) - fffa9414-ff69-4be3-98af-02e83cd85251: start FollowerState
2019-09-25 07:03:24,734 [728640af-76ba-4f5f-856a-2a4b70054956@group-70077A155AAB:LeaderElection56] INFO  impl.RoleInfo (RoleInfo.java:updateAndGet(143)) - 728640af-76ba-4f5f-856a-2a4b70054956: start LeaderState
2019-09-25 07:03:24,734 [728640af-76ba-4f5f-856a-2a4b70054956@group-70077A155AAB:LeaderElection56] INFO  segmented.SegmentedRaftLogWorker (SegmentedRaftLogWorker.java:startLogSegment(380)) - 728640af-76ba-4f5f-856a-2a4b70054956@group-70077A155AAB-SegmentedRaftLogWorker: Starting segment from index:0
2019-09-25 07:03:24,734 [728640af-76ba-4f5f-856a-2a4b70054956@group-70077A155AAB:LeaderElection56] INFO  impl.RaftServerImpl (ServerState.java:setRaftConf(354)) - 728640af-76ba-4f5f-856a-2a4b70054956@group-70077A155AAB: set configuration 0: [728640af-76ba-4f5f-856a-2a4b70054956:192.168.164.219:44993], old=null at 0
2019-09-25 07:03:24,755 [559541cc-73c8-4a56-acfe-5973788e7bb7@group-4CE54086B0BE-SegmentedRaftLogWorker] INFO  segmented.SegmentedRaftLogWorker (SegmentedRaftLogWorker.java:execute(569)) - 559541cc-73c8-4a56-acfe-5973788e7bb7@group-4CE54086B0BE-SegmentedRaftLogWorker: created new log segment /workdir/hadoop-ozone/integration-test/target/test-dir/MiniOzoneClusterImpl-ac564c78-5755-4b89-8165-5797fdb29c3d/datanode-3/data/ratis/feef718f-b4b7-408d-8a07-4ce54086b0be/current/log_inprogress_0
2019-09-25 07:03:24,768 [Thread-1406] INFO  impl.FollowerState (FollowerState.java:run(106)) - bdbb84ae-3320-4ffc-9458-295388f22350:group-45D5735C29D4 changes to CANDIDATE, lastRpcTime:1029, electionTimeout:1029ms
2019-09-25 07:03:24,768 [Thread-1406] INFO  impl.RoleInfo (RoleInfo.java:shutdownFollowerState(121)) - bdbb84ae-3320-4ffc-9458-295388f22350: shutdown FollowerState
2019-09-25 07:03:24,768 [Thread-1406] INFO  impl.RaftServerImpl (RaftServerImpl.java:setRole(174)) - bdbb84ae-3320-4ffc-9458-295388f22350@group-45D5735C29D4: changes role from  FOLLOWER to CANDIDATE at term 0 for changeToCandidate
2019-09-25 07:03:24,769 [Thread-1406] INFO  impl.RoleInfo (RoleInfo.java:updateAndGet(143)) - bdbb84ae-3320-4ffc-9458-295388f22350: start LeaderElection
2019-09-25 07:03:24,798 [728640af-76ba-4f5f-856a-2a4b70054956@group-70077A155AAB-SegmentedRaftLogWorker] INFO  segmented.SegmentedRaftLogWorker (SegmentedRaftLogWorker.java:execute(569)) - 728640af-76ba-4f5f-856a-2a4b70054956@group-70077A155AAB-SegmentedRaftLogWorker: created new log segment /workdir/hadoop-ozone/integration-test/target/test-dir/MiniOzoneClusterImpl-ac564c78-5755-4b89-8165-5797fdb29c3d/datanode-4/data/ratis/7a244bdf-c102-488b-a0ad-70077a155aab/current/log_inprogress_0
2019-09-25 07:03:24,799 [Thread-1408] INFO  impl.FollowerState (FollowerState.java:run(106)) - 559541cc-73c8-4a56-acfe-5973788e7bb7:group-45D5735C29D4 changes to CANDIDATE, lastRpcTime:1059, electionTimeout:1059ms
2019-09-25 07:03:24,799 [Thread-1408] INFO  impl.RoleInfo (RoleInfo.java:shutdownFollowerState(121)) - 559541cc-73c8-4a56-acfe-5973788e7bb7: shutdown FollowerState
2019-09-25 07:03:24,799 [Thread-1408] INFO  impl.RaftServerImpl (RaftServerImpl.java:setRole(174)) - 559541cc-73c8-4a56-acfe-5973788e7bb7@group-45D5735C29D4: changes role from  FOLLOWER to CANDIDATE at term 0 for changeToCandidate
2019-09-25 07:03:24,799 [Thread-1408] INFO  impl.RoleInfo (RoleInfo.java:updateAndGet(143)) - 559541cc-73c8-4a56-acfe-5973788e7bb7: start LeaderElection
2019-09-25 07:03:24,823 [Thread-1399] INFO  impl.FollowerState (FollowerState.java:run(106)) - bdbb84ae-3320-4ffc-9458-295388f22350:group-4C0F5E905058 changes to CANDIDATE, lastRpcTime:1173, electionTimeout:1173ms
2019-09-25 07:03:24,824 [Thread-1399] INFO  impl.RoleInfo (RoleInfo.java:shutdownFollowerState(121)) - bdbb84ae-3320-4ffc-9458-295388f22350: shutdown FollowerState
2019-09-25 07:03:24,824 [Thread-1399] INFO  impl.RaftServerImpl (RaftServerImpl.java:setRole(174)) - bdbb84ae-3320-4ffc-9458-295388f22350@group-4C0F5E905058: changes role from  FOLLOWER to CANDIDATE at term 0 for changeToCandidate
2019-09-25 07:03:24,824 [Thread-1399] INFO  impl.RoleInfo (RoleInfo.java:updateAndGet(143)) - bdbb84ae-3320-4ffc-9458-295388f22350: start LeaderElection
2019-09-25 07:03:24,831 [Thread-1404] INFO  impl.FollowerState (FollowerState.java:run(106)) - 728640af-76ba-4f5f-856a-2a4b70054956:group-45D5735C29D4 changes to CANDIDATE, lastRpcTime:1101, electionTimeout:1095ms
2019-09-25 07:03:24,831 [Thread-1404] INFO  impl.RoleInfo (RoleInfo.java:shutdownFollowerState(121)) - 728640af-76ba-4f5f-856a-2a4b70054956: shutdown FollowerState
2019-09-25 07:03:24,831 [Thread-1404] INFO  impl.RaftServerImpl (RaftServerImpl.java:setRole(174)) - 728640af-76ba-4f5f-856a-2a4b70054956@group-45D5735C29D4: changes role from  FOLLOWER to CANDIDATE at term 0 for changeToCandidate
2019-09-25 07:03:24,832 [Thread-1404] INFO  impl.RoleInfo (RoleInfo.java:updateAndGet(143)) - 728640af-76ba-4f5f-856a-2a4b70054956: start LeaderElection
2019-09-25 07:03:24,848 [bdbb84ae-3320-4ffc-9458-295388f22350@group-45D5735C29D4:LeaderElection57] INFO  impl.LeaderElection (LeaderElection.java:askForVotes(182)) - bdbb84ae-3320-4ffc-9458-295388f22350@group-45D5735C29D4:LeaderElection57: begin an election at term 1 for -1: [728640af-76ba-4f5f-856a-2a4b70054956:192.168.164.219:44993, bdbb84ae-3320-4ffc-9458-295388f22350:192.168.164.219:44213, 559541cc-73c8-4a56-acfe-5973788e7bb7:192.168.164.219:34742], old=null
2019-09-25 07:03:24,947 [559541cc-73c8-4a56-acfe-5973788e7bb7@group-45D5735C29D4:LeaderElection58] INFO  impl.LeaderElection (LeaderElection.java:askForVotes(182)) - 559541cc-73c8-4a56-acfe-5973788e7bb7@group-45D5735C29D4:LeaderElection58: begin an election at term 1 for -1: [728640af-76ba-4f5f-856a-2a4b70054956:192.168.164.219:44993, bdbb84ae-3320-4ffc-9458-295388f22350:192.168.164.219:44213, 559541cc-73c8-4a56-acfe-5973788e7bb7:192.168.164.219:34742], old=null
2019-09-25 07:03:24,949 [bdbb84ae-3320-4ffc-9458-295388f22350@group-4C0F5E905058:LeaderElection59] INFO  impl.LeaderElection (LeaderElection.java:askForVotes(182)) - bdbb84ae-3320-4ffc-9458-295388f22350@group-4C0F5E905058:LeaderElection59: begin an election at term 1 for -1: [bdbb84ae-3320-4ffc-9458-295388f22350:192.168.164.219:44213], old=null
2019-09-25 07:03:24,947 [728640af-76ba-4f5f-856a-2a4b70054956@group-45D5735C29D4:LeaderElection60] INFO  impl.LeaderElection (LeaderElection.java:askForVotes(182)) - 728640af-76ba-4f5f-856a-2a4b70054956@group-45D5735C29D4:LeaderElection60: begin an election at term 1 for -1: [728640af-76ba-4f5f-856a-2a4b70054956:192.168.164.219:44993, bdbb84ae-3320-4ffc-9458-295388f22350:192.168.164.219:44213, 559541cc-73c8-4a56-acfe-5973788e7bb7:192.168.164.219:34742], old=null
2019-09-25 07:03:24,951 [bdbb84ae-3320-4ffc-9458-295388f22350@group-4C0F5E905058:LeaderElection59] INFO  impl.RoleInfo (RoleInfo.java:shutdownLeaderElection(134)) - bdbb84ae-3320-4ffc-9458-295388f22350: shutdown LeaderElection
2019-09-25 07:03:24,952 [bdbb84ae-3320-4ffc-9458-295388f22350@group-4C0F5E905058:LeaderElection59] INFO  impl.RaftServerImpl (RaftServerImpl.java:setRole(174)) - bdbb84ae-3320-4ffc-9458-295388f22350@group-4C0F5E905058: changes role from CANDIDATE to LEADER at term 1 for changeToLeader
2019-09-25 07:03:24,957 [bdbb84ae-3320-4ffc-9458-295388f22350@group-4C0F5E905058:LeaderElection59] INFO  impl.RaftServerImpl (ServerState.java:setLeader(253)) - bdbb84ae-3320-4ffc-9458-295388f22350@group-4C0F5E905058: change Leader from null to bdbb84ae-3320-4ffc-9458-295388f22350 at term 1 for becomeLeader, leader elected after 1309ms
2019-09-25 07:03:24,969 [bdbb84ae-3320-4ffc-9458-295388f22350@group-4C0F5E905058:LeaderElection59] INFO  server.RaftServerConfigKeys (ConfUtils.java:logGet(43)) - raft.server.staging.catchup.gap = 1000 (default)
2019-09-25 07:03:24,978 [bdbb84ae-3320-4ffc-9458-295388f22350@group-4C0F5E905058:LeaderElection59] INFO  server.RaftServerConfigKeys (ConfUtils.java:logGet(43)) - raft.server.rpc.sleep.time = 25ms (default)
2019-09-25 07:03:24,982 [bdbb84ae-3320-4ffc-9458-295388f22350@group-45D5735C29D4:LeaderElection57] INFO  impl.LeaderElection (LeaderElection.java:logAndReturn(56)) - bdbb84ae-3320-4ffc-9458-295388f22350@group-45D5735C29D4:LeaderElection57: Election REJECTED; received 2 response(s) [bdbb84ae-3320-4ffc-9458-295388f22350<-728640af-76ba-4f5f-856a-2a4b70054956#0:FAIL-t1, bdbb84ae-3320-4ffc-9458-295388f22350<-559541cc-73c8-4a56-acfe-5973788e7bb7#0:FAIL-t1] and 0 exception(s); bdbb84ae-3320-4ffc-9458-295388f22350@group-45D5735C29D4:t1, leader=null, voted=bdbb84ae-3320-4ffc-9458-295388f22350, raftlog=bdbb84ae-3320-4ffc-9458-295388f22350@group-45D5735C29D4-SegmentedRaftLog:OPENED:c-1,f-1,i0, conf=-1: [728640af-76ba-4f5f-856a-2a4b70054956:192.168.164.219:44993, bdbb84ae-3320-4ffc-9458-295388f22350:192.168.164.219:44213, 559541cc-73c8-4a56-acfe-5973788e7bb7:192.168.164.219:34742], old=null
2019-09-25 07:03:24,983 [bdbb84ae-3320-4ffc-9458-295388f22350@group-4C0F5E905058:LeaderElection59] INFO  server.RaftServerConfigKeys (ConfUtils.java:logGet(43)) - raft.server.write.element-limit = 4096 (default)
2019-09-25 07:03:24,993 [bdbb84ae-3320-4ffc-9458-295388f22350@group-45D5735C29D4:LeaderElection57] INFO  impl.RaftServerImpl (RaftServerImpl.java:setRole(174)) - bdbb84ae-3320-4ffc-9458-295388f22350@group-45D5735C29D4: changes role from CANDIDATE to FOLLOWER at term 1 for DISCOVERED_A_NEW_TERM
2019-09-25 07:03:24,993 [bdbb84ae-3320-4ffc-9458-295388f22350@group-4C0F5E905058:LeaderElection59] INFO  server.RaftServerConfigKeys (ConfUtils.java:logGet(43)) - raft.server.watch.timeout = 10s (default)
2019-09-25 07:03:24,993 [bdbb84ae-3320-4ffc-9458-295388f22350@group-45D5735C29D4:LeaderElection57] INFO  impl.RoleInfo (RoleInfo.java:shutdownLeaderElection(134)) - bdbb84ae-3320-4ffc-9458-295388f22350: shutdown LeaderElection
2019-09-25 07:03:24,997 [bdbb84ae-3320-4ffc-9458-295388f22350@group-4C0F5E905058:LeaderElection59] INFO  server.RaftServerConfigKeys (ConfUtils.java:logGet(43)) - raft.server.watch.timeout.denomination = 1s (default)
2019-09-25 07:03:25,001 [bdbb84ae-3320-4ffc-9458-295388f22350@group-45D5735C29D4:LeaderElection57] INFO  impl.RoleInfo (RoleInfo.java:updateAndGet(143)) - bdbb84ae-3320-4ffc-9458-295388f22350: start FollowerState
2019-09-25 07:03:25,005 [bdbb84ae-3320-4ffc-9458-295388f22350@group-4C0F5E905058:LeaderElection59] INFO  server.RaftServerConfigKeys (ConfUtils.java:logGet(43)) - raft.server.watch.element-limit = 65536 (default)
2019-09-25 07:03:25,019 [bdbb84ae-3320-4ffc-9458-295388f22350@group-4C0F5E905058:LeaderElection59] INFO  impl.RoleInfo (RoleInfo.java:updateAndGet(143)) - bdbb84ae-3320-4ffc-9458-295388f22350: start LeaderState
2019-09-25 07:03:25,020 [bdbb84ae-3320-4ffc-9458-295388f22350@group-4C0F5E905058:LeaderElection59] INFO  segmented.SegmentedRaftLogWorker (SegmentedRaftLogWorker.java:startLogSegment(380)) - bdbb84ae-3320-4ffc-9458-295388f22350@group-4C0F5E905058-SegmentedRaftLogWorker: Starting segment from index:0
2019-09-25 07:03:25,020 [bdbb84ae-3320-4ffc-9458-295388f22350@group-4C0F5E905058:LeaderElection59] INFO  impl.RaftServerImpl (ServerState.java:setRaftConf(354)) - bdbb84ae-3320-4ffc-9458-295388f22350@group-4C0F5E905058: set configuration 0: [bdbb84ae-3320-4ffc-9458-295388f22350:192.168.164.219:44213], old=null at 0
2019-09-25 07:03:25,091 [559541cc-73c8-4a56-acfe-5973788e7bb7@group-45D5735C29D4:LeaderElection58] INFO  impl.LeaderElection (LeaderElection.java:logAndReturn(56)) - 559541cc-73c8-4a56-acfe-5973788e7bb7@group-45D5735C29D4:LeaderElection58: Election REJECTED; received 2 response(s) [559541cc-73c8-4a56-acfe-5973788e7bb7<-728640af-76ba-4f5f-856a-2a4b70054956#0:FAIL-t1, 559541cc-73c8-4a56-acfe-5973788e7bb7<-bdbb84ae-3320-4ffc-9458-295388f22350#0:FAIL-t1] and 0 exception(s); 559541cc-73c8-4a56-acfe-5973788e7bb7@group-45D5735C29D4:t1, leader=null, voted=559541cc-73c8-4a56-acfe-5973788e7bb7, raftlog=559541cc-73c8-4a56-acfe-5973788e7bb7@group-45D5735C29D4-SegmentedRaftLog:OPENED:c-1,f-1,i0, conf=-1: [728640af-76ba-4f5f-856a-2a4b70054956:192.168.164.219:44993, bdbb84ae-3320-4ffc-9458-295388f22350:192.168.164.219:44213, 559541cc-73c8-4a56-acfe-5973788e7bb7:192.168.164.219:34742], old=null
2019-09-25 07:03:25,092 [728640af-76ba-4f5f-856a-2a4b70054956@group-45D5735C29D4:LeaderElection60] INFO  impl.LeaderElection (LeaderElection.java:logAndReturn(56)) - 728640af-76ba-4f5f-856a-2a4b70054956@group-45D5735C29D4:LeaderElection60: Election REJECTED; received 2 response(s) [728640af-76ba-4f5f-856a-2a4b70054956<-559541cc-73c8-4a56-acfe-5973788e7bb7#0:FAIL-t1, 728640af-76ba-4f5f-856a-2a4b70054956<-bdbb84ae-3320-4ffc-9458-295388f22350#0:FAIL-t1] and 0 exception(s); 728640af-76ba-4f5f-856a-2a4b70054956@group-45D5735C29D4:t1, leader=null, voted=728640af-76ba-4f5f-856a-2a4b70054956, raftlog=728640af-76ba-4f5f-856a-2a4b70054956@group-45D5735C29D4-SegmentedRaftLog:OPENED:c-1,f-1,i0, conf=-1: [728640af-76ba-4f5f-856a-2a4b70054956:192.168.164.219:44993, bdbb84ae-3320-4ffc-9458-295388f22350:192.168.164.219:44213, 559541cc-73c8-4a56-acfe-5973788e7bb7:192.168.164.219:34742], old=null
2019-09-25 07:03:25,093 [728640af-76ba-4f5f-856a-2a4b70054956@group-45D5735C29D4:LeaderElection60] INFO  impl.RaftServerImpl (RaftServerImpl.java:setRole(174)) - 728640af-76ba-4f5f-856a-2a4b70054956@group-45D5735C29D4: changes role from CANDIDATE to FOLLOWER at term 1 for DISCOVERED_A_NEW_TERM
2019-09-25 07:03:25,093 [559541cc-73c8-4a56-acfe-5973788e7bb7@group-45D5735C29D4:LeaderElection58] INFO  impl.RaftServerImpl (RaftServerImpl.java:setRole(174)) - 559541cc-73c8-4a56-acfe-5973788e7bb7@group-45D5735C29D4: changes role from CANDIDATE to FOLLOWER at term 1 for DISCOVERED_A_NEW_TERM
2019-09-25 07:03:25,093 [728640af-76ba-4f5f-856a-2a4b70054956@group-45D5735C29D4:LeaderElection60] INFO  impl.RoleInfo (RoleInfo.java:shutdownLeaderElection(134)) - 728640af-76ba-4f5f-856a-2a4b70054956: shutdown LeaderElection
2019-09-25 07:03:25,094 [559541cc-73c8-4a56-acfe-5973788e7bb7@group-45D5735C29D4:LeaderElection58] INFO  impl.RoleInfo (RoleInfo.java:shutdownLeaderElection(134)) - 559541cc-73c8-4a56-acfe-5973788e7bb7: shutdown LeaderElection
2019-09-25 07:03:25,094 [728640af-76ba-4f5f-856a-2a4b70054956@group-45D5735C29D4:LeaderElection60] INFO  impl.RoleInfo (RoleInfo.java:updateAndGet(143)) - 728640af-76ba-4f5f-856a-2a4b70054956: start FollowerState
2019-09-25 07:03:25,095 [559541cc-73c8-4a56-acfe-5973788e7bb7@group-45D5735C29D4:LeaderElection58] INFO  impl.RoleInfo (RoleInfo.java:updateAndGet(143)) - 559541cc-73c8-4a56-acfe-5973788e7bb7: start FollowerState
2019-09-25 07:03:25,131 [bdbb84ae-3320-4ffc-9458-295388f22350@group-4C0F5E905058-SegmentedRaftLogWorker] INFO  segmented.SegmentedRaftLogWorker (SegmentedRaftLogWorker.java:execute(569)) - bdbb84ae-3320-4ffc-9458-295388f22350@group-4C0F5E905058-SegmentedRaftLogWorker: created new log segment /workdir/hadoop-ozone/integration-test/target/test-dir/MiniOzoneClusterImpl-ac564c78-5755-4b89-8165-5797fdb29c3d/datanode-5/data/ratis/079d3d18-255a-472c-8434-4c0f5e905058/current/log_inprogress_0
2019-09-25 07:03:25,824 [Thread-1433] INFO  impl.FollowerState (FollowerState.java:run(106)) - fffa9414-ff69-4be3-98af-02e83cd85251:group-0B4616070C57 changes to CANDIDATE, lastRpcTime:1093, electionTimeout:1093ms
2019-09-25 07:03:25,824 [Thread-1433] INFO  impl.RoleInfo (RoleInfo.java:shutdownFollowerState(121)) - fffa9414-ff69-4be3-98af-02e83cd85251: shutdown FollowerState
2019-09-25 07:03:25,825 [Thread-1433] INFO  impl.RaftServerImpl (RaftServerImpl.java:setRole(174)) - fffa9414-ff69-4be3-98af-02e83cd85251@group-0B4616070C57: changes role from  FOLLOWER to CANDIDATE at term 1 for changeToCandidate
2019-09-25 07:03:25,825 [Thread-1433] INFO  impl.RoleInfo (RoleInfo.java:updateAndGet(143)) - fffa9414-ff69-4be3-98af-02e83cd85251: start LeaderElection
2019-09-25 07:03:25,845 [Thread-1431] INFO  impl.FollowerState (FollowerState.java:run(106)) - c75f0b4b-c79e-4451-bab8-f8899ec24358:group-0B4616070C57 changes to CANDIDATE, lastRpcTime:1150, electionTimeout:1147ms
2019-09-25 07:03:25,845 [Thread-1431] INFO  impl.RoleInfo (RoleInfo.java:shutdownFollowerState(121)) - c75f0b4b-c79e-4451-bab8-f8899ec24358: shutdown FollowerState
2019-09-25 07:03:25,845 [Thread-1431] INFO  impl.RaftServerImpl (RaftServerImpl.java:setRole(174)) - c75f0b4b-c79e-4451-bab8-f8899ec24358@group-0B4616070C57: changes role from  FOLLOWER to CANDIDATE at term 1 for changeToCandidate
2019-09-25 07:03:25,846 [Thread-1431] INFO  impl.RoleInfo (RoleInfo.java:updateAndGet(143)) - c75f0b4b-c79e-4451-bab8-f8899ec24358: start LeaderElection
2019-09-25 07:03:25,870 [Thread-1430] INFO  impl.FollowerState (FollowerState.java:run(106)) - 97f2a42f-5897-4f0b-8e09-d693101bff65:group-0B4616070C57 changes to CANDIDATE, lastRpcTime:1177, electionTimeout:1172ms
2019-09-25 07:03:25,870 [Thread-1430] INFO  impl.RoleInfo (RoleInfo.java:shutdownFollowerState(121)) - 97f2a42f-5897-4f0b-8e09-d693101bff65: shutdown FollowerState
2019-09-25 07:03:25,870 [Thread-1430] INFO  impl.RaftServerImpl (RaftServerImpl.java:setRole(174)) - 97f2a42f-5897-4f0b-8e09-d693101bff65@group-0B4616070C57: changes role from  FOLLOWER to CANDIDATE at term 1 for changeToCandidate
2019-09-25 07:03:25,870 [Thread-1430] INFO  impl.RoleInfo (RoleInfo.java:updateAndGet(143)) - 97f2a42f-5897-4f0b-8e09-d693101bff65: start LeaderElection
2019-09-25 07:03:25,919 [fffa9414-ff69-4be3-98af-02e83cd85251@group-0B4616070C57:LeaderElection61] INFO  impl.LeaderElection (LeaderElection.java:askForVotes(182)) - fffa9414-ff69-4be3-98af-02e83cd85251@group-0B4616070C57:LeaderElection61: begin an election at term 2 for -1: [97f2a42f-5897-4f0b-8e09-d693101bff65:192.168.164.219:33321, c75f0b4b-c79e-4451-bab8-f8899ec24358:192.168.164.219:42934, fffa9414-ff69-4be3-98af-02e83cd85251:192.168.164.219:43527], old=null
2019-09-25 07:03:25,919 [c75f0b4b-c79e-4451-bab8-f8899ec24358@group-0B4616070C57:LeaderElection62] INFO  impl.LeaderElection (LeaderElection.java:askForVotes(182)) - c75f0b4b-c79e-4451-bab8-f8899ec24358@group-0B4616070C57:LeaderElection62: begin an election at term 2 for -1: [97f2a42f-5897-4f0b-8e09-d693101bff65:192.168.164.219:33321, c75f0b4b-c79e-4451-bab8-f8899ec24358:192.168.164.219:42934, fffa9414-ff69-4be3-98af-02e83cd85251:192.168.164.219:43527], old=null
2019-09-25 07:03:25,943 [97f2a42f-5897-4f0b-8e09-d693101bff65@group-0B4616070C57:LeaderElection63] INFO  impl.LeaderElection (LeaderElection.java:askForVotes(182)) - 97f2a42f-5897-4f0b-8e09-d693101bff65@group-0B4616070C57:LeaderElection63: begin an election at term 2 for -1: [97f2a42f-5897-4f0b-8e09-d693101bff65:192.168.164.219:33321, c75f0b4b-c79e-4451-bab8-f8899ec24358:192.168.164.219:42934, fffa9414-ff69-4be3-98af-02e83cd85251:192.168.164.219:43527], old=null
2019-09-25 07:03:25,944 [fffa9414-ff69-4be3-98af-02e83cd85251@group-0B4616070C57:LeaderElection61] INFO  impl.LeaderElection (LeaderElection.java:logAndReturn(56)) - fffa9414-ff69-4be3-98af-02e83cd85251@group-0B4616070C57:LeaderElection61: Election REJECTED; received 2 response(s) [fffa9414-ff69-4be3-98af-02e83cd85251<-97f2a42f-5897-4f0b-8e09-d693101bff65#0:FAIL-t2, fffa9414-ff69-4be3-98af-02e83cd85251<-c75f0b4b-c79e-4451-bab8-f8899ec24358#0:FAIL-t2] and 0 exception(s); fffa9414-ff69-4be3-98af-02e83cd85251@group-0B4616070C57:t2, leader=null, voted=fffa9414-ff69-4be3-98af-02e83cd85251, raftlog=fffa9414-ff69-4be3-98af-02e83cd85251@group-0B4616070C57-SegmentedRaftLog:OPENED:c-1,f-1,i0, conf=-1: [97f2a42f-5897-4f0b-8e09-d693101bff65:192.168.164.219:33321, c75f0b4b-c79e-4451-bab8-f8899ec24358:192.168.164.219:42934, fffa9414-ff69-4be3-98af-02e83cd85251:192.168.164.219:43527], old=null
2019-09-25 07:03:25,945 [c75f0b4b-c79e-4451-bab8-f8899ec24358@group-0B4616070C57:LeaderElection62] INFO  impl.LeaderElection (LeaderElection.java:logAndReturn(56)) - c75f0b4b-c79e-4451-bab8-f8899ec24358@group-0B4616070C57:LeaderElection62: Election REJECTED; received 2 response(s) [c75f0b4b-c79e-4451-bab8-f8899ec24358<-97f2a42f-5897-4f0b-8e09-d693101bff65#0:FAIL-t2, c75f0b4b-c79e-4451-bab8-f8899ec24358<-fffa9414-ff69-4be3-98af-02e83cd85251#0:FAIL-t2] and 0 exception(s); c75f0b4b-c79e-4451-bab8-f8899ec24358@group-0B4616070C57:t2, leader=null, voted=c75f0b4b-c79e-4451-bab8-f8899ec24358, raftlog=c75f0b4b-c79e-4451-bab8-f8899ec24358@group-0B4616070C57-SegmentedRaftLog:OPENED:c-1,f-1,i0, conf=-1: [97f2a42f-5897-4f0b-8e09-d693101bff65:192.168.164.219:33321, c75f0b4b-c79e-4451-bab8-f8899ec24358:192.168.164.219:42934, fffa9414-ff69-4be3-98af-02e83cd85251:192.168.164.219:43527], old=null
2019-09-25 07:03:25,945 [fffa9414-ff69-4be3-98af-02e83cd85251@group-0B4616070C57:LeaderElection61] INFO  impl.RaftServerImpl (RaftServerImpl.java:setRole(174)) - fffa9414-ff69-4be3-98af-02e83cd85251@group-0B4616070C57: changes role from CANDIDATE to FOLLOWER at term 2 for DISCOVERED_A_NEW_TERM
2019-09-25 07:03:25,945 [c75f0b4b-c79e-4451-bab8-f8899ec24358@group-0B4616070C57:LeaderElection62] INFO  impl.RaftServerImpl (RaftServerImpl.java:setRole(174)) - c75f0b4b-c79e-4451-bab8-f8899ec24358@group-0B4616070C57: changes role from CANDIDATE to FOLLOWER at term 2 for DISCOVERED_A_NEW_TERM
2019-09-25 07:03:25,945 [fffa9414-ff69-4be3-98af-02e83cd85251@group-0B4616070C57:LeaderElection61] INFO  impl.RoleInfo (RoleInfo.java:shutdownLeaderElection(134)) - fffa9414-ff69-4be3-98af-02e83cd85251: shutdown LeaderElection
2019-09-25 07:03:25,945 [c75f0b4b-c79e-4451-bab8-f8899ec24358@group-0B4616070C57:LeaderElection62] INFO  impl.RoleInfo (RoleInfo.java:shutdownLeaderElection(134)) - c75f0b4b-c79e-4451-bab8-f8899ec24358: shutdown LeaderElection
2019-09-25 07:03:25,945 [fffa9414-ff69-4be3-98af-02e83cd85251@group-0B4616070C57:LeaderElection61] INFO  impl.RoleInfo (RoleInfo.java:updateAndGet(143)) - fffa9414-ff69-4be3-98af-02e83cd85251: start FollowerState
2019-09-25 07:03:25,945 [c75f0b4b-c79e-4451-bab8-f8899ec24358@group-0B4616070C57:LeaderElection62] INFO  impl.RoleInfo (RoleInfo.java:updateAndGet(143)) - c75f0b4b-c79e-4451-bab8-f8899ec24358: start FollowerState
2019-09-25 07:03:25,947 [97f2a42f-5897-4f0b-8e09-d693101bff65@group-0B4616070C57:LeaderElection63] INFO  impl.LeaderElection (LeaderElection.java:logAndReturn(56)) - 97f2a42f-5897-4f0b-8e09-d693101bff65@group-0B4616070C57:LeaderElection63: Election REJECTED; received 2 response(s) [97f2a42f-5897-4f0b-8e09-d693101bff65<-c75f0b4b-c79e-4451-bab8-f8899ec24358#0:FAIL-t2, 97f2a42f-5897-4f0b-8e09-d693101bff65<-fffa9414-ff69-4be3-98af-02e83cd85251#0:FAIL-t2] and 0 exception(s); 97f2a42f-5897-4f0b-8e09-d693101bff65@group-0B4616070C57:t2, leader=null, voted=97f2a42f-5897-4f0b-8e09-d693101bff65, raftlog=97f2a42f-5897-4f0b-8e09-d693101bff65@group-0B4616070C57-SegmentedRaftLog:OPENED:c-1,f-1,i0, conf=-1: [97f2a42f-5897-4f0b-8e09-d693101bff65:192.168.164.219:33321, c75f0b4b-c79e-4451-bab8-f8899ec24358:192.168.164.219:42934, fffa9414-ff69-4be3-98af-02e83cd85251:192.168.164.219:43527], old=null
2019-09-25 07:03:25,947 [97f2a42f-5897-4f0b-8e09-d693101bff65@group-0B4616070C57:LeaderElection63] INFO  impl.RaftServerImpl (RaftServerImpl.java:setRole(174)) - 97f2a42f-5897-4f0b-8e09-d693101bff65@group-0B4616070C57: changes role from CANDIDATE to FOLLOWER at term 2 for DISCOVERED_A_NEW_TERM
2019-09-25 07:03:25,947 [97f2a42f-5897-4f0b-8e09-d693101bff65@group-0B4616070C57:LeaderElection63] INFO  impl.RoleInfo (RoleInfo.java:shutdownLeaderElection(134)) - 97f2a42f-5897-4f0b-8e09-d693101bff65: shutdown LeaderElection
2019-09-25 07:03:25,947 [97f2a42f-5897-4f0b-8e09-d693101bff65@group-0B4616070C57:LeaderElection63] INFO  impl.RoleInfo (RoleInfo.java:updateAndGet(143)) - 97f2a42f-5897-4f0b-8e09-d693101bff65: start FollowerState
2019-09-25 07:03:26,095 [Thread-1446] INFO  impl.FollowerState (FollowerState.java:run(106)) - bdbb84ae-3320-4ffc-9458-295388f22350:group-45D5735C29D4 changes to CANDIDATE, lastRpcTime:1094, electionTimeout:1087ms
2019-09-25 07:03:26,095 [Thread-1446] INFO  impl.RoleInfo (RoleInfo.java:shutdownFollowerState(121)) - bdbb84ae-3320-4ffc-9458-295388f22350: shutdown FollowerState
2019-09-25 07:03:26,096 [Thread-1446] INFO  impl.RaftServerImpl (RaftServerImpl.java:setRole(174)) - bdbb84ae-3320-4ffc-9458-295388f22350@group-45D5735C29D4: changes role from  FOLLOWER to CANDIDATE at term 1 for changeToCandidate
2019-09-25 07:03:26,096 [Thread-1446] INFO  impl.RoleInfo (RoleInfo.java:updateAndGet(143)) - bdbb84ae-3320-4ffc-9458-295388f22350: start LeaderElection
2019-09-25 07:03:26,131 [Thread-1448] INFO  impl.FollowerState (FollowerState.java:run(106)) - 728640af-76ba-4f5f-856a-2a4b70054956:group-45D5735C29D4 changes to CANDIDATE, lastRpcTime:1036, electionTimeout:1036ms
2019-09-25 07:03:26,131 [Thread-1448] INFO  impl.RoleInfo (RoleInfo.java:shutdownFollowerState(121)) - 728640af-76ba-4f5f-856a-2a4b70054956: shutdown FollowerState
2019-09-25 07:03:26,131 [Thread-1448] INFO  impl.RaftServerImpl (RaftServerImpl.java:setRole(174)) - 728640af-76ba-4f5f-856a-2a4b70054956@group-45D5735C29D4: changes role from  FOLLOWER to CANDIDATE at term 1 for changeToCandidate
2019-09-25 07:03:26,132 [Thread-1448] INFO  impl.RoleInfo (RoleInfo.java:updateAndGet(143)) - 728640af-76ba-4f5f-856a-2a4b70054956: start LeaderElection
2019-09-25 07:03:26,176 [bdbb84ae-3320-4ffc-9458-295388f22350@group-45D5735C29D4:LeaderElection64] INFO  impl.LeaderElection (LeaderElection.java:askForVotes(182)) - bdbb84ae-3320-4ffc-9458-295388f22350@group-45D5735C29D4:LeaderElection64: begin an election at term 2 for -1: [728640af-76ba-4f5f-856a-2a4b70054956:192.168.164.219:44993, bdbb84ae-3320-4ffc-9458-295388f22350:192.168.164.219:44213, 559541cc-73c8-4a56-acfe-5973788e7bb7:192.168.164.219:34742], old=null
2019-09-25 07:03:26,177 [728640af-76ba-4f5f-856a-2a4b70054956@group-45D5735C29D4:LeaderElection65] INFO  impl.LeaderElection (LeaderElection.java:askForVotes(182)) - 728640af-76ba-4f5f-856a-2a4b70054956@group-45D5735C29D4:LeaderElection65: begin an election at term 2 for -1: [728640af-76ba-4f5f-856a-2a4b70054956:192.168.164.219:44993, bdbb84ae-3320-4ffc-9458-295388f22350:192.168.164.219:44213, 559541cc-73c8-4a56-acfe-5973788e7bb7:192.168.164.219:34742], old=null
2019-09-25 07:03:26,179 [grpc-default-executor-2] INFO  impl.RaftServerImpl (RaftServerImpl.java:setRole(174)) - 559541cc-73c8-4a56-acfe-5973788e7bb7@group-45D5735C29D4: changes role from  FOLLOWER to FOLLOWER at term 2 for recognizeCandidate:bdbb84ae-3320-4ffc-9458-295388f22350
2019-09-25 07:03:26,180 [grpc-default-executor-2] INFO  impl.RoleInfo (RoleInfo.java:shutdownFollowerState(121)) - 559541cc-73c8-4a56-acfe-5973788e7bb7: shutdown FollowerState
2019-09-25 07:03:26,180 [grpc-default-executor-2] INFO  impl.RoleInfo (RoleInfo.java:updateAndGet(143)) - 559541cc-73c8-4a56-acfe-5973788e7bb7: start FollowerState
2019-09-25 07:03:26,180 [Thread-1449] INFO  impl.FollowerState (FollowerState.java:run(115)) - 559541cc-73c8-4a56-acfe-5973788e7bb7: FollowerState was interrupted: java.lang.InterruptedException: sleep interrupted
2019-09-25 07:03:26,218 [728640af-76ba-4f5f-856a-2a4b70054956@group-45D5735C29D4:LeaderElection65] INFO  impl.LeaderElection (LeaderElection.java:logAndReturn(56)) - 728640af-76ba-4f5f-856a-2a4b70054956@group-45D5735C29D4:LeaderElection65: Election REJECTED; received 2 response(s) [728640af-76ba-4f5f-856a-2a4b70054956<-bdbb84ae-3320-4ffc-9458-295388f22350#0:FAIL-t2, 728640af-76ba-4f5f-856a-2a4b70054956<-559541cc-73c8-4a56-acfe-5973788e7bb7#0:FAIL-t2] and 0 exception(s); 728640af-76ba-4f5f-856a-2a4b70054956@group-45D5735C29D4:t2, leader=null, voted=728640af-76ba-4f5f-856a-2a4b70054956, raftlog=728640af-76ba-4f5f-856a-2a4b70054956@group-45D5735C29D4-SegmentedRaftLog:OPENED:c-1,f-1,i0, conf=-1: [728640af-76ba-4f5f-856a-2a4b70054956:192.168.164.219:44993, bdbb84ae-3320-4ffc-9458-295388f22350:192.168.164.219:44213, 559541cc-73c8-4a56-acfe-5973788e7bb7:192.168.164.219:34742], old=null
2019-09-25 07:03:26,218 [bdbb84ae-3320-4ffc-9458-295388f22350@group-45D5735C29D4:LeaderElection64] INFO  impl.LeaderElection (LeaderElection.java:logAndReturn(56)) - bdbb84ae-3320-4ffc-9458-295388f22350@group-45D5735C29D4:LeaderElection64: Election PASSED; received 2 response(s) [bdbb84ae-3320-4ffc-9458-295388f22350<-728640af-76ba-4f5f-856a-2a4b70054956#0:FAIL-t2, bdbb84ae-3320-4ffc-9458-295388f22350<-559541cc-73c8-4a56-acfe-5973788e7bb7#0:OK-t2] and 0 exception(s); bdbb84ae-3320-4ffc-9458-295388f22350@group-45D5735C29D4:t2, leader=null, voted=bdbb84ae-3320-4ffc-9458-295388f22350, raftlog=bdbb84ae-3320-4ffc-9458-295388f22350@group-45D5735C29D4-SegmentedRaftLog:OPENED:c-1,f-1,i0, conf=-1: [728640af-76ba-4f5f-856a-2a4b70054956:192.168.164.219:44993, bdbb84ae-3320-4ffc-9458-295388f22350:192.168.164.219:44213, 559541cc-73c8-4a56-acfe-5973788e7bb7:192.168.164.219:34742], old=null
2019-09-25 07:03:26,218 [728640af-76ba-4f5f-856a-2a4b70054956@group-45D5735C29D4:LeaderElection65] INFO  impl.RaftServerImpl (RaftServerImpl.java:setRole(174)) - 728640af-76ba-4f5f-856a-2a4b70054956@group-45D5735C29D4: changes role from CANDIDATE to FOLLOWER at term 2 for DISCOVERED_A_NEW_TERM
2019-09-25 07:03:26,218 [bdbb84ae-3320-4ffc-9458-295388f22350@group-45D5735C29D4:LeaderElection64] INFO  impl.RoleInfo (RoleInfo.java:shutdownLeaderElection(134)) - bdbb84ae-3320-4ffc-9458-295388f22350: shutdown LeaderElection
2019-09-25 07:03:26,218 [728640af-76ba-4f5f-856a-2a4b70054956@group-45D5735C29D4:LeaderElection65] INFO  impl.RoleInfo (RoleInfo.java:shutdownLeaderElection(134)) - 728640af-76ba-4f5f-856a-2a4b70054956: shutdown LeaderElection
2019-09-25 07:03:26,219 [bdbb84ae-3320-4ffc-9458-295388f22350@group-45D5735C29D4:LeaderElection64] INFO  impl.RaftServerImpl (RaftServerImpl.java:setRole(174)) - bdbb84ae-3320-4ffc-9458-295388f22350@group-45D5735C29D4: changes role from CANDIDATE to LEADER at term 2 for changeToLeader
2019-09-25 07:03:26,219 [728640af-76ba-4f5f-856a-2a4b70054956@group-45D5735C29D4:LeaderElection65] INFO  impl.RoleInfo (RoleInfo.java:updateAndGet(143)) - 728640af-76ba-4f5f-856a-2a4b70054956: start FollowerState
2019-09-25 07:03:26,219 [bdbb84ae-3320-4ffc-9458-295388f22350@group-45D5735C29D4:LeaderElection64] INFO  impl.RaftServerImpl (ServerState.java:setLeader(253)) - bdbb84ae-3320-4ffc-9458-295388f22350@group-45D5735C29D4: change Leader from null to bdbb84ae-3320-4ffc-9458-295388f22350 at term 2 for becomeLeader, leader elected after 2496ms
2019-09-25 07:03:26,219 [bdbb84ae-3320-4ffc-9458-295388f22350@group-45D5735C29D4:LeaderElection64] INFO  server.RaftServerConfigKeys (ConfUtils.java:logGet(43)) - raft.server.staging.catchup.gap = 1000 (default)
2019-09-25 07:03:26,219 [bdbb84ae-3320-4ffc-9458-295388f22350@group-45D5735C29D4:LeaderElection64] INFO  server.RaftServerConfigKeys (ConfUtils.java:logGet(43)) - raft.server.rpc.sleep.time = 25ms (default)
2019-09-25 07:03:26,219 [bdbb84ae-3320-4ffc-9458-295388f22350@group-45D5735C29D4:LeaderElection64] INFO  server.RaftServerConfigKeys (ConfUtils.java:logGet(43)) - raft.server.write.element-limit = 4096 (default)
2019-09-25 07:03:26,219 [bdbb84ae-3320-4ffc-9458-295388f22350@group-45D5735C29D4:LeaderElection64] INFO  server.RaftServerConfigKeys (ConfUtils.java:logGet(43)) - raft.server.watch.timeout = 10s (default)
2019-09-25 07:03:26,219 [bdbb84ae-3320-4ffc-9458-295388f22350@group-45D5735C29D4:LeaderElection64] INFO  server.RaftServerConfigKeys (ConfUtils.java:logGet(43)) - raft.server.watch.timeout.denomination = 1s (default)
2019-09-25 07:03:26,220 [bdbb84ae-3320-4ffc-9458-295388f22350@group-45D5735C29D4:LeaderElection64] INFO  server.RaftServerConfigKeys (ConfUtils.java:logGet(43)) - raft.server.watch.element-limit = 65536 (default)
2019-09-25 07:03:26,221 [bdbb84ae-3320-4ffc-9458-295388f22350@group-45D5735C29D4:LeaderElection64] INFO  server.RaftServerConfigKeys (ConfUtils.java:logGet(43)) - raft.server.log.appender.snapshot.chunk.size.max = 16MB (=16777216) (default)
2019-09-25 07:03:26,222 [bdbb84ae-3320-4ffc-9458-295388f22350@group-45D5735C29D4:LeaderElection64] INFO  server.RaftServerConfigKeys (ConfUtils.java:logGet(43)) - raft.server.log.appender.buffer.byte-limit = 33554432 (custom)
2019-09-25 07:03:26,222 [bdbb84ae-3320-4ffc-9458-295388f22350@group-45D5735C29D4:LeaderElection64] INFO  server.RaftServerConfigKeys (ConfUtils.java:logGet(43)) - raft.server.log.appender.buffer.element-limit = 1 (custom)
2019-09-25 07:03:26,222 [bdbb84ae-3320-4ffc-9458-295388f22350@group-45D5735C29D4:LeaderElection64] INFO  grpc.GrpcConfigKeys$Server (ConfUtils.java:logGet(43)) - raft.grpc.server.leader.outstanding.appends.max = 128 (default)
2019-09-25 07:03:26,222 [bdbb84ae-3320-4ffc-9458-295388f22350@group-45D5735C29D4:LeaderElection64] INFO  server.RaftServerConfigKeys (ConfUtils.java:logGet(43)) - raft.server.rpc.request.timeout = 3000ms (default)
2019-09-25 07:03:26,222 [bdbb84ae-3320-4ffc-9458-295388f22350@group-45D5735C29D4:LeaderElection64] INFO  server.RaftServerConfigKeys (ConfUtils.java:logGet(43)) - raft.server.log.appender.install.snapshot.enabled = false (custom)
2019-09-25 07:03:26,222 [bdbb84ae-3320-4ffc-9458-295388f22350@group-45D5735C29D4:LeaderElection64] INFO  server.RaftServerConfigKeys (ConfUtils.java:logGet(43)) - raft.server.log.appender.snapshot.chunk.size.max = 16MB (=16777216) (default)
2019-09-25 07:03:26,222 [bdbb84ae-3320-4ffc-9458-295388f22350@group-45D5735C29D4:LeaderElection64] INFO  server.RaftServerConfigKeys (ConfUtils.java:logGet(43)) - raft.server.log.appender.buffer.byte-limit = 33554432 (custom)
2019-09-25 07:03:26,222 [bdbb84ae-3320-4ffc-9458-295388f22350@group-45D5735C29D4:LeaderElection64] INFO  server.RaftServerConfigKeys (ConfUtils.java:logGet(43)) - raft.server.log.appender.buffer.element-limit = 1 (custom)
2019-09-25 07:03:26,223 [bdbb84ae-3320-4ffc-9458-295388f22350@group-45D5735C29D4:LeaderElection64] INFO  grpc.GrpcConfigKeys$Server (ConfUtils.java:logGet(43)) - raft.grpc.server.leader.outstanding.appends.max = 128 (default)
2019-09-25 07:03:26,223 [bdbb84ae-3320-4ffc-9458-295388f22350@group-45D5735C29D4:LeaderElection64] INFO  server.RaftServerConfigKeys (ConfUtils.java:logGet(43)) - raft.server.rpc.request.timeout = 3000ms (default)
2019-09-25 07:03:26,223 [bdbb84ae-3320-4ffc-9458-295388f22350@group-45D5735C29D4:LeaderElection64] INFO  server.RaftServerConfigKeys (ConfUtils.java:logGet(43)) - raft.server.log.appender.install.snapshot.enabled = false (custom)
2019-09-25 07:03:26,223 [bdbb84ae-3320-4ffc-9458-295388f22350@group-45D5735C29D4:LeaderElection64] INFO  impl.RoleInfo (RoleInfo.java:updateAndGet(143)) - bdbb84ae-3320-4ffc-9458-295388f22350: start LeaderState
2019-09-25 07:03:26,223 [bdbb84ae-3320-4ffc-9458-295388f22350@group-45D5735C29D4:LeaderElection64] INFO  segmented.SegmentedRaftLogWorker (SegmentedRaftLogWorker.java:startLogSegment(380)) - bdbb84ae-3320-4ffc-9458-295388f22350@group-45D5735C29D4-SegmentedRaftLogWorker: Starting segment from index:0
2019-09-25 07:03:26,224 [bdbb84ae-3320-4ffc-9458-295388f22350@group-45D5735C29D4:LeaderElection64] INFO  impl.RaftServerImpl (ServerState.java:setRaftConf(354)) - bdbb84ae-3320-4ffc-9458-295388f22350@group-45D5735C29D4: set configuration 0: [728640af-76ba-4f5f-856a-2a4b70054956:192.168.164.219:44993, bdbb84ae-3320-4ffc-9458-295388f22350:192.168.164.219:44213, 559541cc-73c8-4a56-acfe-5973788e7bb7:192.168.164.219:34742], old=null at 0
2019-09-25 07:03:26,254 [Thread-1373] INFO  container.ReplicationManager (ReplicationManager.java:start(162)) - Starting Replication Monitor Thread.
2019-09-25 07:03:26,256 [ReplicationMonitor] INFO  container.ReplicationManager (ReplicationManager.java:run(225)) - Replication Monitor Thread took 1 milliseconds for processing 1 containers.
2019-09-25 07:03:26,257 [grpc-default-executor-2] INFO  impl.RaftServerImpl (ServerState.java:setLeader(253)) - 559541cc-73c8-4a56-acfe-5973788e7bb7@group-45D5735C29D4: change Leader from null to bdbb84ae-3320-4ffc-9458-295388f22350 at term 2 for appendEntries, leader elected after 2534ms
2019-09-25 07:03:26,257 [grpc-default-executor-3] INFO  impl.RaftServerImpl (ServerState.java:setLeader(253)) - 728640af-76ba-4f5f-856a-2a4b70054956@group-45D5735C29D4: change Leader from null to bdbb84ae-3320-4ffc-9458-295388f22350 at term 2 for appendEntries, leader elected after 2534ms
2019-09-25 07:03:26,259 [grpc-default-executor-3] INFO  impl.RaftServerImpl (ServerState.java:setRaftConf(354)) - 559541cc-73c8-4a56-acfe-5973788e7bb7@group-45D5735C29D4: set configuration 0: [728640af-76ba-4f5f-856a-2a4b70054956:192.168.164.219:44993, bdbb84ae-3320-4ffc-9458-295388f22350:192.168.164.219:44213, 559541cc-73c8-4a56-acfe-5973788e7bb7:192.168.164.219:34742], old=null at 0
2019-09-25 07:03:26,259 [grpc-default-executor-3] INFO  segmented.SegmentedRaftLogWorker (SegmentedRaftLogWorker.java:startLogSegment(380)) - 559541cc-73c8-4a56-acfe-5973788e7bb7@group-45D5735C29D4-SegmentedRaftLogWorker: Starting segment from index:0
2019-09-25 07:03:26,259 [grpc-default-executor-2] INFO  impl.RaftServerImpl (ServerState.java:setRaftConf(354)) - 728640af-76ba-4f5f-856a-2a4b70054956@group-45D5735C29D4: set configuration 0: [728640af-76ba-4f5f-856a-2a4b70054956:192.168.164.219:44993, bdbb84ae-3320-4ffc-9458-295388f22350:192.168.164.219:44213, 559541cc-73c8-4a56-acfe-5973788e7bb7:192.168.164.219:34742], old=null at 0
2019-09-25 07:03:26,260 [grpc-default-executor-2] INFO  segmented.SegmentedRaftLogWorker (SegmentedRaftLogWorker.java:startLogSegment(380)) - 728640af-76ba-4f5f-856a-2a4b70054956@group-45D5735C29D4-SegmentedRaftLogWorker: Starting segment from index:0
2019-09-25 07:03:26,297 [bdbb84ae-3320-4ffc-9458-295388f22350@group-45D5735C29D4-SegmentedRaftLogWorker] INFO  segmented.SegmentedRaftLogWorker (SegmentedRaftLogWorker.java:execute(569)) - bdbb84ae-3320-4ffc-9458-295388f22350@group-45D5735C29D4-SegmentedRaftLogWorker: created new log segment /workdir/hadoop-ozone/integration-test/target/test-dir/MiniOzoneClusterImpl-ac564c78-5755-4b89-8165-5797fdb29c3d/datanode-5/data/ratis/aaba9931-c43f-4e20-84bb-45d5735c29d4/current/log_inprogress_0
2019-09-25 07:03:26,335 [559541cc-73c8-4a56-acfe-5973788e7bb7@group-45D5735C29D4-SegmentedRaftLogWorker] INFO  segmented.SegmentedRaftLogWorker (SegmentedRaftLogWorker.java:execute(569)) - 559541cc-73c8-4a56-acfe-5973788e7bb7@group-45D5735C29D4-SegmentedRaftLogWorker: created new log segment /workdir/hadoop-ozone/integration-test/target/test-dir/MiniOzoneClusterImpl-ac564c78-5755-4b89-8165-5797fdb29c3d/datanode-3/data/ratis/aaba9931-c43f-4e20-84bb-45d5735c29d4/current/log_inprogress_0
2019-09-25 07:03:26,365 [728640af-76ba-4f5f-856a-2a4b70054956@group-45D5735C29D4-SegmentedRaftLogWorker] INFO  segmented.SegmentedRaftLogWorker (SegmentedRaftLogWorker.java:execute(569)) - 728640af-76ba-4f5f-856a-2a4b70054956@group-45D5735C29D4-SegmentedRaftLogWorker: created new log segment /workdir/hadoop-ozone/integration-test/target/test-dir/MiniOzoneClusterImpl-ac564c78-5755-4b89-8165-5797fdb29c3d/datanode-4/data/ratis/aaba9931-c43f-4e20-84bb-45d5735c29d4/current/log_inprogress_0
2019-09-25 07:03:26,963 [Thread-1461] INFO  impl.FollowerState (FollowerState.java:run(106)) - c75f0b4b-c79e-4451-bab8-f8899ec24358:group-0B4616070C57 changes to CANDIDATE, lastRpcTime:1017, electionTimeout:1017ms
2019-09-25 07:03:26,964 [Thread-1461] INFO  impl.RoleInfo (RoleInfo.java:shutdownFollowerState(121)) - c75f0b4b-c79e-4451-bab8-f8899ec24358: shutdown FollowerState
2019-09-25 07:03:26,964 [Thread-1461] INFO  impl.RaftServerImpl (RaftServerImpl.java:setRole(174)) - c75f0b4b-c79e-4451-bab8-f8899ec24358@group-0B4616070C57: changes role from  FOLLOWER to CANDIDATE at term 2 for changeToCandidate
2019-09-25 07:03:26,964 [Thread-1461] INFO  impl.RoleInfo (RoleInfo.java:updateAndGet(143)) - c75f0b4b-c79e-4451-bab8-f8899ec24358: start LeaderElection
2019-09-25 07:03:26,975 [Thread-1462] INFO  impl.FollowerState (FollowerState.java:run(106)) - 97f2a42f-5897-4f0b-8e09-d693101bff65:group-0B4616070C57 changes to CANDIDATE, lastRpcTime:1027, electionTimeout:1027ms
2019-09-25 07:03:26,975 [Thread-1462] INFO  impl.RoleInfo (RoleInfo.java:shutdownFollowerState(121)) - 97f2a42f-5897-4f0b-8e09-d693101bff65: shutdown FollowerState
2019-09-25 07:03:26,975 [Thread-1462] INFO  impl.RaftServerImpl (RaftServerImpl.java:setRole(174)) - 97f2a42f-5897-4f0b-8e09-d693101bff65@group-0B4616070C57: changes role from  FOLLOWER to CANDIDATE at term 2 for changeToCandidate
2019-09-25 07:03:26,976 [Thread-1462] INFO  impl.RoleInfo (RoleInfo.java:updateAndGet(143)) - 97f2a42f-5897-4f0b-8e09-d693101bff65: start LeaderElection
2019-09-25 07:03:27,031 [Thread-1460] INFO  impl.FollowerState (FollowerState.java:run(106)) - fffa9414-ff69-4be3-98af-02e83cd85251:group-0B4616070C57 changes to CANDIDATE, lastRpcTime:1085, electionTimeout:1085ms
2019-09-25 07:03:27,031 [Thread-1460] INFO  impl.RoleInfo (RoleInfo.java:shutdownFollowerState(121)) - fffa9414-ff69-4be3-98af-02e83cd85251: shutdown FollowerState
2019-09-25 07:03:27,031 [Thread-1460] INFO  impl.RaftServerImpl (RaftServerImpl.java:setRole(174)) - fffa9414-ff69-4be3-98af-02e83cd85251@group-0B4616070C57: changes role from  FOLLOWER to CANDIDATE at term 2 for changeToCandidate
2019-09-25 07:03:27,031 [Thread-1460] INFO  impl.RoleInfo (RoleInfo.java:updateAndGet(143)) - fffa9414-ff69-4be3-98af-02e83cd85251: start LeaderElection
2019-09-25 07:03:34,302 [main] WARN  io.KeyOutputStream (KeyOutputStream.java:handleException(274)) - Encountered exception java.io.IOException: Unexpected Storage Container Exception: java.util.concurrent.CompletionException: java.util.concurrent.CompletionException: org.apache.ratis.protocol.RaftRetryFailureException: Failed RaftClientRequest:client-1FE7261C99AF->fffa9414-ff69-4be3-98af-02e83cd85251@group-0B4616070C57, cid=82, seq=1*, RW, org.apache.hadoop.hdds.scm.XceiverClientRatis$$Lambda$592/1102135101@49dc396d for 10 attempts with RetryLimited(maxAttempts=10, sleepTime=1000ms) on the pipeline Pipeline[ Id: cd93bd34-166a-4d0e-9fdc-0b4616070c57, Nodes: c75f0b4b-c79e-4451-bab8-f8899ec24358{ip: 192.168.164.219, host: pr-hdds-2171-6tmbh-193827893, networkLocation: /default-rack, certSerialId: null}97f2a42f-5897-4f0b-8e09-d693101bff65{ip: 192.168.164.219, host: pr-hdds-2171-6tmbh-193827893, networkLocation: /default-rack, certSerialId: null}fffa9414-ff69-4be3-98af-02e83cd85251{ip: 192.168.164.219, host: pr-hdds-2171-6tmbh-193827893, networkLocation: /default-rack, certSerialId: null}, Type:RATIS, Factor:THREE, State:OPEN]. The last committed block length is 0, uncommitted data length is 2097152 retry count 0
2019-09-25 07:03:36,380 [fffa9414-ff69-4be3-98af-02e83cd85251@group-0B4616070C57:LeaderElection68] INFO  impl.LeaderElection (LeaderElection.java:askForVotes(182)) - fffa9414-ff69-4be3-98af-02e83cd85251@group-0B4616070C57:LeaderElection68: begin an election at term 3 for -1: [97f2a42f-5897-4f0b-8e09-d693101bff65:192.168.164.219:33321, c75f0b4b-c79e-4451-bab8-f8899ec24358:192.168.164.219:42934, fffa9414-ff69-4be3-98af-02e83cd85251:192.168.164.219:43527], old=null
2019-09-25 07:03:36,380 [c75f0b4b-c79e-4451-bab8-f8899ec24358@group-0B4616070C57:LeaderElection66] INFO  impl.LeaderElection (LeaderElection.java:askForVotes(182)) - c75f0b4b-c79e-4451-bab8-f8899ec24358@group-0B4616070C57:LeaderElection66: begin an election at term 3 for -1: [97f2a42f-5897-4f0b-8e09-d693101bff65:192.168.164.219:33321, c75f0b4b-c79e-4451-bab8-f8899ec24358:192.168.164.219:42934, fffa9414-ff69-4be3-98af-02e83cd85251:192.168.164.219:43527], old=null
2019-09-25 07:03:36,380 [97f2a42f-5897-4f0b-8e09-d693101bff65@group-0B4616070C57:LeaderElection67] INFO  impl.LeaderElection (LeaderElection.java:askForVotes(182)) - 97f2a42f-5897-4f0b-8e09-d693101bff65@group-0B4616070C57:LeaderElection67: begin an election at term 3 for -1: [97f2a42f-5897-4f0b-8e09-d693101bff65:192.168.164.219:33321, c75f0b4b-c79e-4451-bab8-f8899ec24358:192.168.164.219:42934, fffa9414-ff69-4be3-98af-02e83cd85251:192.168.164.219:43527], old=null
2019-09-25 07:03:36,387 [fffa9414-ff69-4be3-98af-02e83cd85251@group-0B4616070C57:LeaderElection68] INFO  impl.LeaderElection (LeaderElection.java:logAndReturn(56)) - fffa9414-ff69-4be3-98af-02e83cd85251@group-0B4616070C57:LeaderElection68: Election REJECTED; received 2 response(s) [fffa9414-ff69-4be3-98af-02e83cd85251<-97f2a42f-5897-4f0b-8e09-d693101bff65#0:FAIL-t3, fffa9414-ff69-4be3-98af-02e83cd85251<-c75f0b4b-c79e-4451-bab8-f8899ec24358#0:FAIL-t3] and 0 exception(s); fffa9414-ff69-4be3-98af-02e83cd85251@group-0B4616070C57:t3, leader=null, voted=fffa9414-ff69-4be3-98af-02e83cd85251, raftlog=fffa9414-ff69-4be3-98af-02e83cd85251@group-0B4616070C57-SegmentedRaftLog:OPENED:c-1,f-1,i0, conf=-1: [97f2a42f-5897-4f0b-8e09-d693101bff65:192.168.164.219:33321, c75f0b4b-c79e-4451-bab8-f8899ec24358:192.168.164.219:42934, fffa9414-ff69-4be3-98af-02e83cd85251:192.168.164.219:43527], old=null
2019-09-25 07:03:36,387 [c75f0b4b-c79e-4451-bab8-f8899ec24358@group-0B4616070C57:LeaderElection66] INFO  impl.LeaderElection (LeaderElection.java:logAndReturn(56)) - c75f0b4b-c79e-4451-bab8-f8899ec24358@group-0B4616070C57:LeaderElection66: Election REJECTED; received 2 response(s) [c75f0b4b-c79e-4451-bab8-f8899ec24358<-97f2a42f-5897-4f0b-8e09-d693101bff65#0:FAIL-t3, c75f0b4b-c79e-4451-bab8-f8899ec24358<-fffa9414-ff69-4be3-98af-02e83cd85251#0:FAIL-t3] and 0 exception(s); c75f0b4b-c79e-4451-bab8-f8899ec24358@group-0B4616070C57:t3, leader=null, voted=c75f0b4b-c79e-4451-bab8-f8899ec24358, raftlog=c75f0b4b-c79e-4451-bab8-f8899ec24358@group-0B4616070C57-SegmentedRaftLog:OPENED:c-1,f-1,i0, conf=-1: [97f2a42f-5897-4f0b-8e09-d693101bff65:192.168.164.219:33321, c75f0b4b-c79e-4451-bab8-f8899ec24358:192.168.164.219:42934, fffa9414-ff69-4be3-98af-02e83cd85251:192.168.164.219:43527], old=null
2019-09-25 07:03:36,387 [97f2a42f-5897-4f0b-8e09-d693101bff65@group-0B4616070C57:LeaderElection67] INFO  impl.LeaderElection (LeaderElection.java:logAndReturn(56)) - 97f2a42f-5897-4f0b-8e09-d693101bff65@group-0B4616070C57:LeaderElection67: Election REJECTED; received 2 response(s) [97f2a42f-5897-4f0b-8e09-d693101bff65<-c75f0b4b-c79e-4451-bab8-f8899ec24358#0:FAIL-t3, 97f2a42f-5897-4f0b-8e09-d693101bff65<-fffa9414-ff69-4be3-98af-02e83cd85251#0:FAIL-t3] and 0 exception(s); 97f2a42f-5897-4f0b-8e09-d693101bff65@group-0B4616070C57:t3, leader=null, voted=97f2a42f-5897-4f0b-8e09-d693101bff65, raftlog=97f2a42f-5897-4f0b-8e09-d693101bff65@group-0B4616070C57-SegmentedRaftLog:OPENED:c-1,f-1,i0, conf=-1: [97f2a42f-5897-4f0b-8e09-d693101bff65:192.168.164.219:33321, c75f0b4b-c79e-4451-bab8-f8899ec24358:192.168.164.219:42934, fffa9414-ff69-4be3-98af-02e83cd85251:192.168.164.219:43527], old=null
2019-09-25 07:03:36,387 [fffa9414-ff69-4be3-98af-02e83cd85251@group-0B4616070C57:LeaderElection68] INFO  impl.RaftServerImpl (RaftServerImpl.java:setRole(174)) - fffa9414-ff69-4be3-98af-02e83cd85251@group-0B4616070C57: changes role from CANDIDATE to FOLLOWER at term 3 for DISCOVERED_A_NEW_TERM
2019-09-25 07:03:36,387 [97f2a42f-5897-4f0b-8e09-d693101bff65@group-0B4616070C57:LeaderElection67] INFO  impl.RaftServerImpl (RaftServerImpl.java:setRole(174)) - 97f2a42f-5897-4f0b-8e09-d693101bff65@group-0B4616070C57: changes role from CANDIDATE to FOLLOWER at term 3 for DISCOVERED_A_NEW_TERM
2019-09-25 07:03:36,388 [97f2a42f-5897-4f0b-8e09-d693101bff65@group-0B4616070C57:LeaderElection67] INFO  impl.RoleInfo (RoleInfo.java:shutdownLeaderElection(134)) - 97f2a42f-5897-4f0b-8e09-d693101bff65: shutdown LeaderElection
2019-09-25 07:03:36,387 [c75f0b4b-c79e-4451-bab8-f8899ec24358@group-0B4616070C57:LeaderElection66] INFO  impl.RaftServerImpl (RaftServerImpl.java:setRole(174)) - c75f0b4b-c79e-4451-bab8-f8899ec24358@group-0B4616070C57: changes role from CANDIDATE to FOLLOWER at term 3 for DISCOVERED_A_NEW_TERM
2019-09-25 07:03:36,388 [97f2a42f-5897-4f0b-8e09-d693101bff65@group-0B4616070C57:LeaderElection67] INFO  impl.RoleInfo (RoleInfo.java:updateAndGet(143)) - 97f2a42f-5897-4f0b-8e09-d693101bff65: start FollowerState
2019-09-25 07:03:36,388 [fffa9414-ff69-4be3-98af-02e83cd85251@group-0B4616070C57:LeaderElection68] INFO  impl.RoleInfo (RoleInfo.java:shutdownLeaderElection(134)) - fffa9414-ff69-4be3-98af-02e83cd85251: shutdown LeaderElection
2019-09-25 07:03:36,388 [c75f0b4b-c79e-4451-bab8-f8899ec24358@group-0B4616070C57:LeaderElection66] INFO  impl.RoleInfo (RoleInfo.java:shutdownLeaderElection(134)) - c75f0b4b-c79e-4451-bab8-f8899ec24358: shutdown LeaderElection
2019-09-25 07:03:36,389 [fffa9414-ff69-4be3-98af-02e83cd85251@group-0B4616070C57:LeaderElection68] INFO  impl.RoleInfo (RoleInfo.java:updateAndGet(143)) - fffa9414-ff69-4be3-98af-02e83cd85251: start FollowerState
2019-09-25 07:03:36,389 [c75f0b4b-c79e-4451-bab8-f8899ec24358@group-0B4616070C57:LeaderElection66] INFO  impl.RoleInfo (RoleInfo.java:updateAndGet(143)) - c75f0b4b-c79e-4451-bab8-f8899ec24358: start FollowerState
2019-09-25 07:03:37,439 [Thread-1549] INFO  impl.FollowerState (FollowerState.java:run(106)) - c75f0b4b-c79e-4451-bab8-f8899ec24358:group-0B4616070C57 changes to CANDIDATE, lastRpcTime:1049, electionTimeout:1049ms
2019-09-25 07:03:37,439 [Thread-1549] INFO  impl.RoleInfo (RoleInfo.java:shutdownFollowerState(121)) - c75f0b4b-c79e-4451-bab8-f8899ec24358: shutdown FollowerState
2019-09-25 07:03:37,439 [Thread-1549] INFO  impl.RaftServerImpl (RaftServerImpl.java:setRole(174)) - c75f0b4b-c79e-4451-bab8-f8899ec24358@group-0B4616070C57: changes role from  FOLLOWER to CANDIDATE at term 3 for changeToCandidate
2019-09-25 07:03:37,439 [Thread-1549] INFO  impl.RoleInfo (RoleInfo.java:updateAndGet(143)) - c75f0b4b-c79e-4451-bab8-f8899ec24358: start LeaderElection
2019-09-25 07:03:37,479 [c75f0b4b-c79e-4451-bab8-f8899ec24358@group-0B4616070C57:LeaderElection69] INFO  impl.LeaderElection (LeaderElection.java:askForVotes(182)) - c75f0b4b-c79e-4451-bab8-f8899ec24358@group-0B4616070C57:LeaderElection69: begin an election at term 4 for -1: [97f2a42f-5897-4f0b-8e09-d693101bff65:192.168.164.219:33321, c75f0b4b-c79e-4451-bab8-f8899ec24358:192.168.164.219:42934, fffa9414-ff69-4be3-98af-02e83cd85251:192.168.164.219:43527], old=null
2019-09-25 07:03:37,482 [grpc-default-executor-1] INFO  impl.RaftServerImpl (RaftServerImpl.java:setRole(174)) - 97f2a42f-5897-4f0b-8e09-d693101bff65@group-0B4616070C57: changes role from  FOLLOWER to FOLLOWER at term 4 for recognizeCandidate:c75f0b4b-c79e-4451-bab8-f8899ec24358
2019-09-25 07:03:37,482 [grpc-default-executor-1] INFO  impl.RoleInfo (RoleInfo.java:shutdownFollowerState(121)) - 97f2a42f-5897-4f0b-8e09-d693101bff65: shutdown FollowerState
2019-09-25 07:03:37,482 [grpc-default-executor-2] INFO  impl.RaftServerImpl (RaftServerImpl.java:setRole(174)) - fffa9414-ff69-4be3-98af-02e83cd85251@group-0B4616070C57: changes role from  FOLLOWER to FOLLOWER at term 4 for recognizeCandidate:c75f0b4b-c79e-4451-bab8-f8899ec24358
2019-09-25 07:03:37,482 [Thread-1547] INFO  impl.FollowerState (FollowerState.java:run(115)) - 97f2a42f-5897-4f0b-8e09-d693101bff65: FollowerState was interrupted: java.lang.InterruptedException: sleep interrupted
2019-09-25 07:03:37,482 [grpc-default-executor-1] INFO  impl.RoleInfo (RoleInfo.java:updateAndGet(143)) - 97f2a42f-5897-4f0b-8e09-d693101bff65: start FollowerState
2019-09-25 07:03:37,482 [grpc-default-executor-2] INFO  impl.RoleInfo (RoleInfo.java:shutdownFollowerState(121)) - fffa9414-ff69-4be3-98af-02e83cd85251: shutdown FollowerState
2019-09-25 07:03:37,482 [grpc-default-executor-2] INFO  impl.RoleInfo (RoleInfo.java:updateAndGet(143)) - fffa9414-ff69-4be3-98af-02e83cd85251: start FollowerState
2019-09-25 07:03:37,482 [Thread-1548] INFO  impl.FollowerState (FollowerState.java:run(115)) - fffa9414-ff69-4be3-98af-02e83cd85251: FollowerState was interrupted: java.lang.InterruptedException: sleep interrupted
2019-09-25 07:03:37,521 [c75f0b4b-c79e-4451-bab8-f8899ec24358@group-0B4616070C57:LeaderElection69] INFO  impl.LeaderElection (LeaderElection.java:logAndReturn(56)) - c75f0b4b-c79e-4451-bab8-f8899ec24358@group-0B4616070C57:LeaderElection69: Election PASSED; received 1 response(s) [c75f0b4b-c79e-4451-bab8-f8899ec24358<-fffa9414-ff69-4be3-98af-02e83cd85251#0:OK-t4] and 0 exception(s); c75f0b4b-c79e-4451-bab8-f8899ec24358@group-0B4616070C57:t4, leader=null, voted=c75f0b4b-c79e-4451-bab8-f8899ec24358, raftlog=c75f0b4b-c79e-4451-bab8-f8899ec24358@group-0B4616070C57-SegmentedRaftLog:OPENED:c-1,f-1,i0, conf=-1: [97f2a42f-5897-4f0b-8e09-d693101bff65:192.168.164.219:33321, c75f0b4b-c79e-4451-bab8-f8899ec24358:192.168.164.219:42934, fffa9414-ff69-4be3-98af-02e83cd85251:192.168.164.219:43527], old=null
2019-09-25 07:03:37,521 [c75f0b4b-c79e-4451-bab8-f8899ec24358@group-0B4616070C57:LeaderElection69] INFO  impl.RoleInfo (RoleInfo.java:shutdownLeaderElection(134)) - c75f0b4b-c79e-4451-bab8-f8899ec24358: shutdown LeaderElection
2019-09-25 07:03:37,521 [c75f0b4b-c79e-4451-bab8-f8899ec24358@group-0B4616070C57:LeaderElection69] INFO  impl.RaftServerImpl (RaftServerImpl.java:setRole(174)) - c75f0b4b-c79e-4451-bab8-f8899ec24358@group-0B4616070C57: changes role from CANDIDATE to LEADER at term 4 for changeToLeader
2019-09-25 07:03:37,522 [c75f0b4b-c79e-4451-bab8-f8899ec24358@group-0B4616070C57:LeaderElection69] INFO  impl.RaftServerImpl (ServerState.java:setLeader(253)) - c75f0b4b-c79e-4451-bab8-f8899ec24358@group-0B4616070C57: change Leader from null to c75f0b4b-c79e-4451-bab8-f8899ec24358 at term 4 for becomeLeader, leader elected after 14031ms
2019-09-25 07:03:37,523 [c75f0b4b-c79e-4451-bab8-f8899ec24358@group-0B4616070C57:LeaderElection69] INFO  server.RaftServerConfigKeys (ConfUtils.java:logGet(43)) - raft.server.staging.catchup.gap = 1000 (default)
2019-09-25 07:03:37,523 [c75f0b4b-c79e-4451-bab8-f8899ec24358@group-0B4616070C57:LeaderElection69] INFO  server.RaftServerConfigKeys (ConfUtils.java:logGet(43)) - raft.server.rpc.sleep.time = 25ms (default)
2019-09-25 07:03:37,523 [c75f0b4b-c79e-4451-bab8-f8899ec24358@group-0B4616070C57:LeaderElection69] INFO  server.RaftServerConfigKeys (ConfUtils.java:logGet(43)) - raft.server.write.element-limit = 4096 (default)
2019-09-25 07:03:37,524 [c75f0b4b-c79e-4451-bab8-f8899ec24358@group-0B4616070C57:LeaderElection69] INFO  server.RaftServerConfigKeys (ConfUtils.java:logGet(43)) - raft.server.watch.timeout = 10s (default)
2019-09-25 07:03:37,524 [c75f0b4b-c79e-4451-bab8-f8899ec24358@group-0B4616070C57:LeaderElection69] INFO  server.RaftServerConfigKeys (ConfUtils.java:logGet(43)) - raft.server.watch.timeout.denomination = 1s (default)
2019-09-25 07:03:37,524 [c75f0b4b-c79e-4451-bab8-f8899ec24358@group-0B4616070C57:LeaderElection69] INFO  server.RaftServerConfigKeys (ConfUtils.java:logGet(43)) - raft.server.watch.element-limit = 65536 (default)
2019-09-25 07:03:37,527 [c75f0b4b-c79e-4451-bab8-f8899ec24358@group-0B4616070C57:LeaderElection69] INFO  server.RaftServerConfigKeys (ConfUtils.java:logGet(43)) - raft.server.log.appender.snapshot.chunk.size.max = 16MB (=16777216) (default)
2019-09-25 07:03:37,528 [c75f0b4b-c79e-4451-bab8-f8899ec24358@group-0B4616070C57:LeaderElection69] INFO  server.RaftServerConfigKeys (ConfUtils.java:logGet(43)) - raft.server.log.appender.buffer.byte-limit = 33554432 (custom)
2019-09-25 07:03:37,528 [c75f0b4b-c79e-4451-bab8-f8899ec24358@group-0B4616070C57:LeaderElection69] INFO  server.RaftServerConfigKeys (ConfUtils.java:logGet(43)) - raft.server.log.appender.buffer.element-limit = 1 (custom)
2019-09-25 07:03:37,528 [c75f0b4b-c79e-4451-bab8-f8899ec24358@group-0B4616070C57:LeaderElection69] INFO  grpc.GrpcConfigKeys$Server (ConfUtils.java:logGet(43)) - raft.grpc.server.leader.outstanding.appends.max = 128 (default)
2019-09-25 07:03:37,528 [c75f0b4b-c79e-4451-bab8-f8899ec24358@group-0B4616070C57:LeaderElection69] INFO  server.RaftServerConfigKeys (ConfUtils.java:logGet(43)) - raft.server.rpc.request.timeout = 3000ms (default)
2019-09-25 07:03:37,528 [c75f0b4b-c79e-4451-bab8-f8899ec24358@group-0B4616070C57:LeaderElection69] INFO  server.RaftServerConfigKeys (ConfUtils.java:logGet(43)) - raft.server.log.appender.install.snapshot.enabled = false (custom)
2019-09-25 07:03:37,529 [c75f0b4b-c79e-4451-bab8-f8899ec24358@group-0B4616070C57:LeaderElection69] INFO  server.RaftServerConfigKeys (ConfUtils.java:logGet(43)) - raft.server.log.appender.snapshot.chunk.size.max = 16MB (=16777216) (default)
2019-09-25 07:03:37,529 [c75f0b4b-c79e-4451-bab8-f8899ec24358@group-0B4616070C57:LeaderElection69] INFO  server.RaftServerConfigKeys (ConfUtils.java:logGet(43)) - raft.server.log.appender.buffer.byte-limit = 33554432 (custom)
2019-09-25 07:03:37,529 [c75f0b4b-c79e-4451-bab8-f8899ec24358@group-0B4616070C57:LeaderElection69] INFO  server.RaftServerConfigKeys (ConfUtils.java:logGet(43)) - raft.server.log.appender.buffer.element-limit = 1 (custom)
2019-09-25 07:03:37,529 [c75f0b4b-c79e-4451-bab8-f8899ec24358@group-0B4616070C57:LeaderElection69] INFO  grpc.GrpcConfigKeys$Server (ConfUtils.java:logGet(43)) - raft.grpc.server.leader.outstanding.appends.max = 128 (default)
2019-09-25 07:03:37,529 [c75f0b4b-c79e-4451-bab8-f8899ec24358@group-0B4616070C57:LeaderElection69] INFO  server.RaftServerConfigKeys (ConfUtils.java:logGet(43)) - raft.server.rpc.request.timeout = 3000ms (default)
2019-09-25 07:03:37,529 [c75f0b4b-c79e-4451-bab8-f8899ec24358@group-0B4616070C57:LeaderElection69] INFO  server.RaftServerConfigKeys (ConfUtils.java:logGet(43)) - raft.server.log.appender.install.snapshot.enabled = false (custom)
2019-09-25 07:03:37,530 [c75f0b4b-c79e-4451-bab8-f8899ec24358@group-0B4616070C57:LeaderElection69] INFO  impl.RoleInfo (RoleInfo.java:updateAndGet(143)) - c75f0b4b-c79e-4451-bab8-f8899ec24358: start LeaderState
2019-09-25 07:03:37,530 [c75f0b4b-c79e-4451-bab8-f8899ec24358@group-0B4616070C57:LeaderElection69] INFO  segmented.SegmentedRaftLogWorker (SegmentedRaftLogWorker.java:startLogSegment(380)) - c75f0b4b-c79e-4451-bab8-f8899ec24358@group-0B4616070C57-SegmentedRaftLogWorker: Starting segment from index:0
2019-09-25 07:03:37,531 [c75f0b4b-c79e-4451-bab8-f8899ec24358@group-0B4616070C57:LeaderElection69] INFO  impl.RaftServerImpl (ServerState.java:setRaftConf(354)) - c75f0b4b-c79e-4451-bab8-f8899ec24358@group-0B4616070C57: set configuration 0: [97f2a42f-5897-4f0b-8e09-d693101bff65:192.168.164.219:33321, c75f0b4b-c79e-4451-bab8-f8899ec24358:192.168.164.219:42934, fffa9414-ff69-4be3-98af-02e83cd85251:192.168.164.219:43527], old=null at 0
2019-09-25 07:03:37,534 [grpc-default-executor-1] INFO  impl.RaftServerImpl (ServerState.java:setLeader(253)) - fffa9414-ff69-4be3-98af-02e83cd85251@group-0B4616070C57: change Leader from null to c75f0b4b-c79e-4451-bab8-f8899ec24358 at term 4 for appendEntries, leader elected after 14043ms
2019-09-25 07:03:37,534 [grpc-default-executor-2] INFO  impl.RaftServerImpl (ServerState.java:setLeader(253)) - 97f2a42f-5897-4f0b-8e09-d693101bff65@group-0B4616070C57: change Leader from null to c75f0b4b-c79e-4451-bab8-f8899ec24358 at term 4 for appendEntries, leader elected after 14044ms
2019-09-25 07:03:37,536 [grpc-default-executor-2] INFO  impl.RaftServerImpl (ServerState.java:setRaftConf(354)) - fffa9414-ff69-4be3-98af-02e83cd85251@group-0B4616070C57: set configuration 0: [97f2a42f-5897-4f0b-8e09-d693101bff65:192.168.164.219:33321, c75f0b4b-c79e-4451-bab8-f8899ec24358:192.168.164.219:42934, fffa9414-ff69-4be3-98af-02e83cd85251:192.168.164.219:43527], old=null at 0
2019-09-25 07:03:37,536 [grpc-default-executor-1] INFO  impl.RaftServerImpl (ServerState.java:setRaftConf(354)) - 97f2a42f-5897-4f0b-8e09-d693101bff65@group-0B4616070C57: set configuration 0: [97f2a42f-5897-4f0b-8e09-d693101bff65:192.168.164.219:33321, c75f0b4b-c79e-4451-bab8-f8899ec24358:192.168.164.219:42934, fffa9414-ff69-4be3-98af-02e83cd85251:192.168.164.219:43527], old=null at 0
2019-09-25 07:03:37,536 [grpc-default-executor-2] INFO  segmented.SegmentedRaftLogWorker (SegmentedRaftLogWorker.java:startLogSegment(380)) - fffa9414-ff69-4be3-98af-02e83cd85251@group-0B4616070C57-SegmentedRaftLogWorker: Starting segment from index:0
2019-09-25 07:03:37,536 [grpc-default-executor-1] INFO  segmented.SegmentedRaftLogWorker (SegmentedRaftLogWorker.java:startLogSegment(380)) - 97f2a42f-5897-4f0b-8e09-d693101bff65@group-0B4616070C57-SegmentedRaftLogWorker: Starting segment from index:0
2019-09-25 07:03:37,645 [c75f0b4b-c79e-4451-bab8-f8899ec24358@group-0B4616070C57-SegmentedRaftLogWorker] INFO  segmented.SegmentedRaftLogWorker (SegmentedRaftLogWorker.java:execute(569)) - c75f0b4b-c79e-4451-bab8-f8899ec24358@group-0B4616070C57-SegmentedRaftLogWorker: created new log segment /workdir/hadoop-ozone/integration-test/target/test-dir/MiniOzoneClusterImpl-ac564c78-5755-4b89-8165-5797fdb29c3d/datanode-0/data/ratis/cd93bd34-166a-4d0e-9fdc-0b4616070c57/current/log_inprogress_0
2019-09-25 07:03:37,645 [fffa9414-ff69-4be3-98af-02e83cd85251@group-0B4616070C57-SegmentedRaftLogWorker] INFO  segmented.SegmentedRaftLogWorker (SegmentedRaftLogWorker.java:execute(569)) - fffa9414-ff69-4be3-98af-02e83cd85251@group-0B4616070C57-SegmentedRaftLogWorker: created new log segment /workdir/hadoop-ozone/integration-test/target/test-dir/MiniOzoneClusterImpl-ac564c78-5755-4b89-8165-5797fdb29c3d/datanode-2/data/ratis/cd93bd34-166a-4d0e-9fdc-0b4616070c57/current/log_inprogress_0
2019-09-25 07:03:37,645 [97f2a42f-5897-4f0b-8e09-d693101bff65@group-0B4616070C57-SegmentedRaftLogWorker] INFO  segmented.SegmentedRaftLogWorker (SegmentedRaftLogWorker.java:execute(569)) - 97f2a42f-5897-4f0b-8e09-d693101bff65@group-0B4616070C57-SegmentedRaftLogWorker: created new log segment /workdir/hadoop-ozone/integration-test/target/test-dir/MiniOzoneClusterImpl-ac564c78-5755-4b89-8165-5797fdb29c3d/datanode-1/data/ratis/cd93bd34-166a-4d0e-9fdc-0b4616070c57/current/log_inprogress_0
2019-09-25 07:03:37,672 [Datanode State Machine Thread - 0] INFO  statemachine.DatanodeStateMachine (DatanodeStateMachine.java:lambda$startDaemon$0(350)) - Ozone container server started.
2019-09-25 07:03:42,410 [main] INFO  ozoneimpl.OzoneContainer (OzoneContainer.java:stop(231)) - Attempting to stop container services.
2019-09-25 07:03:42,410 [main] INFO  impl.RaftServerProxy (RaftServerProxy.java:lambda$close$4(314)) - bdbb84ae-3320-4ffc-9458-295388f22350: close
2019-09-25 07:03:42,411 [main] INFO  impl.RaftServerImpl (RaftServerImpl.java:lambda$shutdown$3(251)) - bdbb84ae-3320-4ffc-9458-295388f22350@group-4C0F5E905058: shutdown
2019-09-25 07:03:42,411 [main] INFO  util.JmxRegister (JmxRegister.java:unregister(73)) - Successfully un-registered JMX Bean with object name Ratis:service=RaftServer,group=group-4C0F5E905058,id=bdbb84ae-3320-4ffc-9458-295388f22350
2019-09-25 07:03:42,412 [main] INFO  impl.RoleInfo (RoleInfo.java:shutdownLeaderState(104)) - bdbb84ae-3320-4ffc-9458-295388f22350: shutdown LeaderState
2019-09-25 07:03:42,412 [main] INFO  impl.PendingRequests (PendingRequests.java:sendNotLeaderResponses(202)) - bdbb84ae-3320-4ffc-9458-295388f22350-PendingRequests: sendNotLeaderResponses
2019-09-25 07:03:42,412 [main] INFO  impl.StateMachineUpdater (StateMachineUpdater.java:stopAndJoin(125)) - bdbb84ae-3320-4ffc-9458-295388f22350@group-4C0F5E905058-StateMachineUpdater: set stopIndex = 0
2019-09-25 07:03:42,413 [main] INFO  impl.RaftServerImpl (ServerState.java:close(385)) - bdbb84ae-3320-4ffc-9458-295388f22350@group-4C0F5E905058: closes. applyIndex: 0
2019-09-25 07:03:42,413 [bdbb84ae-3320-4ffc-9458-295388f22350@group-4C0F5E905058-SegmentedRaftLogWorker] INFO  segmented.SegmentedRaftLogWorker (SegmentedRaftLogWorker.java:run(313)) - bdbb84ae-3320-4ffc-9458-295388f22350@group-4C0F5E905058-SegmentedRaftLogWorker was interrupted, exiting. There are 0 tasks remaining in the queue.
2019-09-25 07:03:42,416 [main] INFO  segmented.SegmentedRaftLogWorker (SegmentedRaftLogWorker.java:close(228)) - bdbb84ae-3320-4ffc-9458-295388f22350@group-4C0F5E905058-SegmentedRaftLogWorker close()
2019-09-25 07:03:42,429 [main] INFO  impl.RaftServerImpl (RaftServerImpl.java:lambda$shutdown$3(251)) - bdbb84ae-3320-4ffc-9458-295388f22350@group-45D5735C29D4: shutdown
2019-09-25 07:03:42,429 [main] INFO  util.JmxRegister (JmxRegister.java:unregister(73)) - Successfully un-registered JMX Bean with object name Ratis:service=RaftServer,group=group-45D5735C29D4,id=bdbb84ae-3320-4ffc-9458-295388f22350
2019-09-25 07:03:42,429 [main] INFO  impl.RoleInfo (RoleInfo.java:shutdownLeaderState(104)) - bdbb84ae-3320-4ffc-9458-295388f22350: shutdown LeaderState
2019-09-25 07:03:42,433 [main] INFO  impl.PendingRequests (PendingRequests.java:sendNotLeaderResponses(202)) - bdbb84ae-3320-4ffc-9458-295388f22350-PendingRequests: sendNotLeaderResponses
2019-09-25 07:03:42,433 [org.apache.ratis.server.impl.LogAppender$AppenderDaemon$$Lambda$460/11274835@2a994abf] WARN  server.GrpcLogAppender (GrpcLogAppender.java:mayWait(143)) - bdbb84ae-3320-4ffc-9458-295388f22350@group-45D5735C29D4->728640af-76ba-4f5f-856a-2a4b70054956-GrpcLogAppender: Wait interrupted by java.lang.InterruptedException
2019-09-25 07:03:42,433 [org.apache.ratis.server.impl.LogAppender$AppenderDaemon$$Lambda$460/11274835@52105cd6] WARN  server.GrpcLogAppender (GrpcLogAppender.java:mayWait(143)) - bdbb84ae-3320-4ffc-9458-295388f22350@group-45D5735C29D4->559541cc-73c8-4a56-acfe-5973788e7bb7-GrpcLogAppender: Wait interrupted by java.lang.InterruptedException
2019-09-25 07:03:42,437 [main] INFO  impl.StateMachineUpdater (StateMachineUpdater.java:stopAndJoin(125)) - bdbb84ae-3320-4ffc-9458-295388f22350@group-45D5735C29D4-StateMachineUpdater: set stopIndex = 18
2019-09-25 07:03:42,437 [bdbb84ae-3320-4ffc-9458-295388f22350@group-45D5735C29D4-StateMachineUpdater] INFO  ratis.ContainerStateMachine (ContainerStateMachine.java:takeSnapshot(289)) - group-45D5735C29D4: Taking a snapshot at:(t:2, i:18) file /workdir/hadoop-ozone/integration-test/target/test-dir/MiniOzoneClusterImpl-ac564c78-5755-4b89-8165-5797fdb29c3d/datanode-5/data/ratis/aaba9931-c43f-4e20-84bb-45d5735c29d4/sm/snapshot.2_18
2019-09-25 07:03:42,437 [grpc-default-executor-2] INFO  server.GrpcServerProtocolService (GrpcServerProtocolService.java:onCompleted(113)) - 559541cc-73c8-4a56-acfe-5973788e7bb7: Completed APPEND_ENTRIES, lastRequest: bdbb84ae-3320-4ffc-9458-295388f22350->559541cc-73c8-4a56-acfe-5973788e7bb7#48-t2, previous=(t:2, i:18), leaderCommit=18, initializing? false, entries: <empty>
2019-09-25 07:03:42,437 [grpc-default-executor-3] INFO  server.GrpcServerProtocolService (GrpcServerProtocolService.java:onCompleted(113)) - 728640af-76ba-4f5f-856a-2a4b70054956: Completed APPEND_ENTRIES, lastRequest: bdbb84ae-3320-4ffc-9458-295388f22350->728640af-76ba-4f5f-856a-2a4b70054956#48-t2, previous=(t:2, i:18), leaderCommit=18, initializing? false, entries: <empty>
2019-09-25 07:03:42,438 [grpc-default-executor-1] INFO  server.GrpcLogAppender (GrpcLogAppender.java:onCompleted(293)) - bdbb84ae-3320-4ffc-9458-295388f22350@group-45D5735C29D4->559541cc-73c8-4a56-acfe-5973788e7bb7-AppendLogResponseHandler: follower responses appendEntries COMPLETED
2019-09-25 07:03:42,438 [grpc-default-executor-3] INFO  server.GrpcLogAppender (GrpcLogAppender.java:onCompleted(293)) - bdbb84ae-3320-4ffc-9458-295388f22350@group-45D5735C29D4->728640af-76ba-4f5f-856a-2a4b70054956-AppendLogResponseHandler: follower responses appendEntries COMPLETED
2019-09-25 07:03:42,438 [grpc-default-executor-1] INFO  impl.FollowerInfo (FollowerInfo.java:lambda$new$0(51)) - bdbb84ae-3320-4ffc-9458-295388f22350@group-45D5735C29D4->559541cc-73c8-4a56-acfe-5973788e7bb7: nextIndex: updateUnconditionally 19 -> 18
2019-09-25 07:03:42,438 [grpc-default-executor-3] INFO  impl.FollowerInfo (FollowerInfo.java:lambda$new$0(51)) - bdbb84ae-3320-4ffc-9458-295388f22350@group-45D5735C29D4->728640af-76ba-4f5f-856a-2a4b70054956: nextIndex: updateUnconditionally 19 -> 18
2019-09-25 07:03:42,622 [bdbb84ae-3320-4ffc-9458-295388f22350@group-45D5735C29D4-StateMachineUpdater] INFO  ratis.ContainerStateMachine (ContainerStateMachine.java:takeSnapshot(300)) - group-45D5735C29D4: Finished taking a snapshot at:(t:2, i:18) file:/workdir/hadoop-ozone/integration-test/target/test-dir/MiniOzoneClusterImpl-ac564c78-5755-4b89-8165-5797fdb29c3d/datanode-5/data/ratis/aaba9931-c43f-4e20-84bb-45d5735c29d4/sm/snapshot.2_18 time:185
2019-09-25 07:03:42,622 [bdbb84ae-3320-4ffc-9458-295388f22350@group-45D5735C29D4-StateMachineUpdater] INFO  impl.StateMachineUpdater (StateMachineUpdater.java:takeSnapshot(258)) - bdbb84ae-3320-4ffc-9458-295388f22350@group-45D5735C29D4-StateMachineUpdater: Took a snapshot at index 18
2019-09-25 07:03:42,622 [bdbb84ae-3320-4ffc-9458-295388f22350@group-45D5735C29D4-StateMachineUpdater] INFO  impl.StateMachineUpdater (StateMachineUpdater.java:lambda$new$0(83)) - bdbb84ae-3320-4ffc-9458-295388f22350@group-45D5735C29D4-StateMachineUpdater: snapshotIndex: updateIncreasingly -1 -> 18
2019-09-25 07:03:42,623 [main] INFO  impl.RaftServerImpl (ServerState.java:close(385)) - bdbb84ae-3320-4ffc-9458-295388f22350@group-45D5735C29D4: closes. applyIndex: 18
2019-09-25 07:03:42,623 [bdbb84ae-3320-4ffc-9458-295388f22350@group-45D5735C29D4-SegmentedRaftLogWorker] INFO  segmented.SegmentedRaftLogWorker (SegmentedRaftLogWorker.java:run(313)) - bdbb84ae-3320-4ffc-9458-295388f22350@group-45D5735C29D4-SegmentedRaftLogWorker was interrupted, exiting. There are 0 tasks remaining in the queue.
2019-09-25 07:03:42,626 [main] INFO  segmented.SegmentedRaftLogWorker (SegmentedRaftLogWorker.java:close(228)) - bdbb84ae-3320-4ffc-9458-295388f22350@group-45D5735C29D4-SegmentedRaftLogWorker close()
2019-09-25 07:03:42,628 [main] INFO  server.GrpcService (GrpcService.java:closeImpl(164)) - bdbb84ae-3320-4ffc-9458-295388f22350: shutdown server with port 44213 now
2019-09-25 07:03:42,630 [grpc-default-executor-2] WARN  client.GrpcClientProtocolService (LogUtils.java:warn(134)) - 1-UnorderedRequestStreamObserver1: onError: org.apache.ratis.thirdparty.io.grpc.StatusRuntimeException: CANCELLED: cancelled before receiving half close
2019-09-25 07:03:42,630 [main] INFO  server.GrpcService (GrpcService.java:closeImpl(172)) - bdbb84ae-3320-4ffc-9458-295388f22350: shutdown server with port 44213 successfully
2019-09-25 07:03:42,634 [refreshUsed-/workdir/hadoop-ozone/integration-test/target/test-dir/MiniOzoneClusterImpl-ac564c78-5755-4b89-8165-5797fdb29c3d/datanode-5/data/containers] WARN  fs.CachingGetSpaceUsed (CachingGetSpaceUsed.java:run(183)) - Thread Interrupted waiting to refresh disk information: sleep interrupted
2019-09-25 07:03:42,651 [main] INFO  utils.BackgroundService (BackgroundService.java:shutdown(148)) - Shutting down service BlockDeletingService
2019-09-25 07:03:42,658 [main] INFO  statemachine.DatanodeStateMachine (DatanodeStateMachine.java:stopDaemon(395)) - Ozone container server stopped.
2019-09-25 07:03:42,660 [main] INFO  handler.ContextHandler (ContextHandler.java:doStop(910)) - Stopped o.e.j.w.WebAppContext@1989e8c6{/,null,UNAVAILABLE}{/hddsDatanode}
2019-09-25 07:03:42,661 [main] INFO  server.AbstractConnector (AbstractConnector.java:doStop(318)) - Stopped ServerConnector@35c4697c{HTTP/1.1,[http/1.1]}{0.0.0.0:0}
2019-09-25 07:03:42,662 [main] INFO  handler.ContextHandler (ContextHandler.java:doStop(910)) - Stopped o.e.j.s.ServletContextHandler@2bbb44da{/static,jar:file:/home/user/.m2/repository/org/apache/hadoop/hadoop-hdds-container-service/0.5.0-SNAPSHOT/hadoop-hdds-container-service-0.5.0-SNAPSHOT.jar!/webapps/static,UNAVAILABLE}
2019-09-25 07:03:42,662 [main] INFO  handler.ContextHandler (ContextHandler.java:doStop(910)) - Stopped o.e.j.s.ServletContextHandler@32faa16c{/logs,file:///workdir/hadoop-ozone/integration-test/target/log,UNAVAILABLE}
2019-09-25 07:03:42,692 [Datanode State Machine Thread - 0] INFO  statemachine.DatanodeStateMachine (DatanodeStateMachine.java:lambda$startDaemon$0(350)) - Ozone container server started.
2019-09-25 07:03:43,484 [Thread-1471] INFO  impl.FollowerState (FollowerState.java:run(106)) - 559541cc-73c8-4a56-acfe-5973788e7bb7:group-45D5735C29D4 changes to CANDIDATE, lastRpcTime:1198, electionTimeout:1082ms
2019-09-25 07:03:43,485 [Thread-1471] INFO  impl.RoleInfo (RoleInfo.java:shutdownFollowerState(121)) - 559541cc-73c8-4a56-acfe-5973788e7bb7: shutdown FollowerState
2019-09-25 07:03:43,485 [Thread-1471] INFO  impl.RaftServerImpl (RaftServerImpl.java:setRole(174)) - 559541cc-73c8-4a56-acfe-5973788e7bb7@group-45D5735C29D4: changes role from  FOLLOWER to CANDIDATE at term 2 for changeToCandidate
2019-09-25 07:03:43,485 [Thread-1471] INFO  impl.RoleInfo (RoleInfo.java:updateAndGet(143)) - 559541cc-73c8-4a56-acfe-5973788e7bb7: start LeaderElection
2019-09-25 07:03:43,485 [559541cc-73c8-4a56-acfe-5973788e7bb7@group-45D5735C29D4:LeaderElection70] INFO  impl.RaftServerImpl (ServerState.java:setLeader(253)) - 559541cc-73c8-4a56-acfe-5973788e7bb7@group-45D5735C29D4: change Leader from bdbb84ae-3320-4ffc-9458-295388f22350 to null at term 2 for initElection
2019-09-25 07:03:43,613 [559541cc-73c8-4a56-acfe-5973788e7bb7@group-45D5735C29D4:LeaderElection70] INFO  impl.LeaderElection (LeaderElection.java:askForVotes(182)) - 559541cc-73c8-4a56-acfe-5973788e7bb7@group-45D5735C29D4:LeaderElection70: begin an election at term 3 for 0: [728640af-76ba-4f5f-856a-2a4b70054956:192.168.164.219:44993, bdbb84ae-3320-4ffc-9458-295388f22350:192.168.164.219:44213, 559541cc-73c8-4a56-acfe-5973788e7bb7:192.168.164.219:34742], old=null
2019-09-25 07:03:43,616 [559541cc-73c8-4a56-acfe-5973788e7bb7@group-45D5735C29D4:LeaderElection70] INFO  impl.LeaderElection (LogUtils.java:infoOrTrace(149)) - 559541cc-73c8-4a56-acfe-5973788e7bb7@group-45D5735C29D4:LeaderElection70 got exception when requesting votes: {}
java.util.concurrent.ExecutionException: org.apache.ratis.thirdparty.io.grpc.StatusRuntimeException: UNAVAILABLE: io exception
	at java.util.concurrent.FutureTask.report(FutureTask.java:122)
	at java.util.concurrent.FutureTask.get(FutureTask.java:192)
	at org.apache.ratis.server.impl.LeaderElection.waitForResults(LeaderElection.java:263)
	at org.apache.ratis.server.impl.LeaderElection.askForVotes(LeaderElection.java:201)
	at org.apache.ratis.server.impl.LeaderElection.run(LeaderElection.java:133)
	at java.lang.Thread.run(Thread.java:748)
Caused by: org.apache.ratis.thirdparty.io.grpc.StatusRuntimeException: UNAVAILABLE: io exception
	at org.apache.ratis.thirdparty.io.grpc.stub.ClientCalls.toStatusRuntimeException(ClientCalls.java:233)
	at org.apache.ratis.thirdparty.io.grpc.stub.ClientCalls.getUnchecked(ClientCalls.java:214)
	at org.apache.ratis.thirdparty.io.grpc.stub.ClientCalls.blockingUnaryCall(ClientCalls.java:139)
	at org.apache.ratis.proto.grpc.RaftServerProtocolServiceGrpc$RaftServerProtocolServiceBlockingStub.requestVote(RaftServerProtocolServiceGrpc.java:265)
	at org.apache.ratis.grpc.server.GrpcServerProtocolClient.requestVote(GrpcServerProtocolClient.java:90)
	at org.apache.ratis.grpc.server.GrpcService.requestVote(GrpcService.java:204)
	at org.apache.ratis.server.impl.LeaderElection.lambda$submitRequests$1(LeaderElection.java:238)
	at java.util.concurrent.FutureTask.run(FutureTask.java:266)
	at java.util.concurrent.Executors$RunnableAdapter.call(Executors.java:511)
	at java.util.concurrent.FutureTask.run(FutureTask.java:266)
	at java.util.concurrent.ThreadPoolExecutor.runWorker(ThreadPoolExecutor.java:1149)
	at java.util.concurrent.ThreadPoolExecutor$Worker.run(ThreadPoolExecutor.java:624)
	... 1 more
Caused by: org.apache.ratis.thirdparty.io.netty.channel.AbstractChannel$AnnotatedConnectException: Connection refused: /192.168.164.219:44213
	at sun.nio.ch.SocketChannelImpl.checkConnect(Native Method)
	at sun.nio.ch.SocketChannelImpl.finishConnect(SocketChannelImpl.java:717)
	at org.apache.ratis.thirdparty.io.netty.channel.socket.nio.NioSocketChannel.doFinishConnect(NioSocketChannel.java:327)
	at org.apache.ratis.thirdparty.io.netty.channel.nio.AbstractNioChannel$AbstractNioUnsafe.finishConnect(AbstractNioChannel.java:340)
	at org.apache.ratis.thirdparty.io.netty.channel.nio.NioEventLoop.processSelectedKey(NioEventLoop.java:632)
	at org.apache.ratis.thirdparty.io.netty.channel.nio.NioEventLoop.processSelectedKeysOptimized(NioEventLoop.java:579)
	at org.apache.ratis.thirdparty.io.netty.channel.nio.NioEventLoop.processSelectedKeys(NioEventLoop.java:496)
	at org.apache.ratis.thirdparty.io.netty.channel.nio.NioEventLoop.run(NioEventLoop.java:458)
	at org.apache.ratis.thirdparty.io.netty.util.concurrent.SingleThreadEventExecutor$5.run(SingleThreadEventExecutor.java:897)
	at org.apache.ratis.thirdparty.io.netty.util.concurrent.FastThreadLocalRunnable.run(FastThreadLocalRunnable.java:30)
	... 1 more
Caused by: java.net.ConnectException: Connection refused
	... 11 more
2019-09-25 07:03:43,616 [grpc-default-executor-3] INFO  impl.RaftServerImpl (ServerState.java:setLeader(253)) - 728640af-76ba-4f5f-856a-2a4b70054956@group-45D5735C29D4: change Leader from bdbb84ae-3320-4ffc-9458-295388f22350 to null at term 3 for updateCurrentTerm
2019-09-25 07:03:43,617 [grpc-default-executor-3] INFO  impl.RaftServerImpl (RaftServerImpl.java:setRole(174)) - 728640af-76ba-4f5f-856a-2a4b70054956@group-45D5735C29D4: changes role from  FOLLOWER to FOLLOWER at term 3 for recognizeCandidate:559541cc-73c8-4a56-acfe-5973788e7bb7
2019-09-25 07:03:43,617 [grpc-default-executor-3] INFO  impl.RoleInfo (RoleInfo.java:shutdownFollowerState(121)) - 728640af-76ba-4f5f-856a-2a4b70054956: shutdown FollowerState
2019-09-25 07:03:43,617 [grpc-default-executor-3] INFO  impl.RoleInfo (RoleInfo.java:updateAndGet(143)) - 728640af-76ba-4f5f-856a-2a4b70054956: start FollowerState
2019-09-25 07:03:43,617 [Thread-1472] INFO  impl.FollowerState (FollowerState.java:run(115)) - 728640af-76ba-4f5f-856a-2a4b70054956: FollowerState was interrupted: java.lang.InterruptedException: sleep interrupted
2019-09-25 07:03:43,708 [559541cc-73c8-4a56-acfe-5973788e7bb7@group-45D5735C29D4:LeaderElection70] INFO  impl.LeaderElection (LeaderElection.java:logAndReturn(56)) - 559541cc-73c8-4a56-acfe-5973788e7bb7@group-45D5735C29D4:LeaderElection70: Election PASSED; received 1 response(s) [559541cc-73c8-4a56-acfe-5973788e7bb7<-728640af-76ba-4f5f-856a-2a4b70054956#0:OK-t3] and 1 exception(s); 559541cc-73c8-4a56-acfe-5973788e7bb7@group-45D5735C29D4:t3, leader=null, voted=559541cc-73c8-4a56-acfe-5973788e7bb7, raftlog=559541cc-73c8-4a56-acfe-5973788e7bb7@group-45D5735C29D4-SegmentedRaftLog:OPENED:c18,f18,i18, conf=0: [728640af-76ba-4f5f-856a-2a4b70054956:192.168.164.219:44993, bdbb84ae-3320-4ffc-9458-295388f22350:192.168.164.219:44213, 559541cc-73c8-4a56-acfe-5973788e7bb7:192.168.164.219:34742], old=null
2019-09-25 07:03:43,709 [559541cc-73c8-4a56-acfe-5973788e7bb7@group-45D5735C29D4:LeaderElection70] INFO  impl.LeaderElection (LogUtils.java:infoOrTrace(149)) -   Exception 0: {}
java.util.concurrent.ExecutionException: org.apache.ratis.thirdparty.io.grpc.StatusRuntimeException: UNAVAILABLE: io exception
	at java.util.concurrent.FutureTask.report(FutureTask.java:122)
	at java.util.concurrent.FutureTask.get(FutureTask.java:192)
	at org.apache.ratis.server.impl.LeaderElection.waitForResults(LeaderElection.java:263)
	at org.apache.ratis.server.impl.LeaderElection.askForVotes(LeaderElection.java:201)
	at org.apache.ratis.server.impl.LeaderElection.run(LeaderElection.java:133)
	at java.lang.Thread.run(Thread.java:748)
Caused by: org.apache.ratis.thirdparty.io.grpc.StatusRuntimeException: UNAVAILABLE: io exception
	at org.apache.ratis.thirdparty.io.grpc.stub.ClientCalls.toStatusRuntimeException(ClientCalls.java:233)
	at org.apache.ratis.thirdparty.io.grpc.stub.ClientCalls.getUnchecked(ClientCalls.java:214)
	at org.apache.ratis.thirdparty.io.grpc.stub.ClientCalls.blockingUnaryCall(ClientCalls.java:139)
	at org.apache.ratis.proto.grpc.RaftServerProtocolServiceGrpc$RaftServerProtocolServiceBlockingStub.requestVote(RaftServerProtocolServiceGrpc.java:265)
	at org.apache.ratis.grpc.server.GrpcServerProtocolClient.requestVote(GrpcServerProtocolClient.java:90)
	at org.apache.ratis.grpc.server.GrpcService.requestVote(GrpcService.java:204)
	at org.apache.ratis.server.impl.LeaderElection.lambda$submitRequests$1(LeaderElection.java:238)
	at java.util.concurrent.FutureTask.run(FutureTask.java:266)
	at java.util.concurrent.Executors$RunnableAdapter.call(Executors.java:511)
	at java.util.concurrent.FutureTask.run(FutureTask.java:266)
	at java.util.concurrent.ThreadPoolExecutor.runWorker(ThreadPoolExecutor.java:1149)
	at java.util.concurrent.ThreadPoolExecutor$Worker.run(ThreadPoolExecutor.java:624)
	... 1 more
Caused by: org.apache.ratis.thirdparty.io.netty.channel.AbstractChannel$AnnotatedConnectException: Connection refused: /192.168.164.219:44213
	at sun.nio.ch.SocketChannelImpl.checkConnect(Native Method)
	at sun.nio.ch.SocketChannelImpl.finishConnect(SocketChannelImpl.java:717)
	at org.apache.ratis.thirdparty.io.netty.channel.socket.nio.NioSocketChannel.doFinishConnect(NioSocketChannel.java:327)
	at org.apache.ratis.thirdparty.io.netty.channel.nio.AbstractNioChannel$AbstractNioUnsafe.finishConnect(AbstractNioChannel.java:340)
	at org.apache.ratis.thirdparty.io.netty.channel.nio.NioEventLoop.processSelectedKey(NioEventLoop.java:632)
	at org.apache.ratis.thirdparty.io.netty.channel.nio.NioEventLoop.processSelectedKeysOptimized(NioEventLoop.java:579)
	at org.apache.ratis.thirdparty.io.netty.channel.nio.NioEventLoop.processSelectedKeys(NioEventLoop.java:496)
	at org.apache.ratis.thirdparty.io.netty.channel.nio.NioEventLoop.run(NioEventLoop.java:458)
	at org.apache.ratis.thirdparty.io.netty.util.concurrent.SingleThreadEventExecutor$5.run(SingleThreadEventExecutor.java:897)
	at org.apache.ratis.thirdparty.io.netty.util.concurrent.FastThreadLocalRunnable.run(FastThreadLocalRunnable.java:30)
	... 1 more
Caused by: java.net.ConnectException: Connection refused
	... 11 more
2019-09-25 07:03:43,709 [559541cc-73c8-4a56-acfe-5973788e7bb7@group-45D5735C29D4:LeaderElection70] INFO  impl.RoleInfo (RoleInfo.java:shutdownLeaderElection(134)) - 559541cc-73c8-4a56-acfe-5973788e7bb7: shutdown LeaderElection
2019-09-25 07:03:43,709 [559541cc-73c8-4a56-acfe-5973788e7bb7@group-45D5735C29D4:LeaderElection70] INFO  impl.RaftServerImpl (RaftServerImpl.java:setRole(174)) - 559541cc-73c8-4a56-acfe-5973788e7bb7@group-45D5735C29D4: changes role from CANDIDATE to LEADER at term 3 for changeToLeader
2019-09-25 07:03:43,710 [559541cc-73c8-4a56-acfe-5973788e7bb7@group-45D5735C29D4:LeaderElection70] INFO  impl.RaftServerImpl (ServerState.java:setLeader(253)) - 559541cc-73c8-4a56-acfe-5973788e7bb7@group-45D5735C29D4: change Leader from null to 559541cc-73c8-4a56-acfe-5973788e7bb7 at term 3 for becomeLeader, leader elected after 224ms
2019-09-25 07:03:43,710 [559541cc-73c8-4a56-acfe-5973788e7bb7@group-45D5735C29D4:LeaderElection70] INFO  server.RaftServerConfigKeys (ConfUtils.java:logGet(43)) - raft.server.staging.catchup.gap = 1000 (default)
2019-09-25 07:03:43,710 [559541cc-73c8-4a56-acfe-5973788e7bb7@group-45D5735C29D4:LeaderElection70] INFO  server.RaftServerConfigKeys (ConfUtils.java:logGet(43)) - raft.server.rpc.sleep.time = 25ms (default)
2019-09-25 07:03:43,710 [559541cc-73c8-4a56-acfe-5973788e7bb7@group-45D5735C29D4:LeaderElection70] INFO  server.RaftServerConfigKeys (ConfUtils.java:logGet(43)) - raft.server.write.element-limit = 4096 (default)
2019-09-25 07:03:43,710 [559541cc-73c8-4a56-acfe-5973788e7bb7@group-45D5735C29D4:LeaderElection70] INFO  server.RaftServerConfigKeys (ConfUtils.java:logGet(43)) - raft.server.watch.timeout = 10s (default)
2019-09-25 07:03:43,711 [559541cc-73c8-4a56-acfe-5973788e7bb7@group-45D5735C29D4:LeaderElection70] INFO  server.RaftServerConfigKeys (ConfUtils.java:logGet(43)) - raft.server.watch.timeout.denomination = 1s (default)
2019-09-25 07:03:43,711 [559541cc-73c8-4a56-acfe-5973788e7bb7@group-45D5735C29D4:LeaderElection70] INFO  server.RaftServerConfigKeys (ConfUtils.java:logGet(43)) - raft.server.watch.element-limit = 65536 (default)
2019-09-25 07:03:43,714 [559541cc-73c8-4a56-acfe-5973788e7bb7@group-45D5735C29D4:LeaderElection70] INFO  server.RaftServerConfigKeys (ConfUtils.java:logGet(43)) - raft.server.log.appender.snapshot.chunk.size.max = 16MB (=16777216) (default)
2019-09-25 07:03:43,715 [559541cc-73c8-4a56-acfe-5973788e7bb7@group-45D5735C29D4:LeaderElection70] INFO  server.RaftServerConfigKeys (ConfUtils.java:logGet(43)) - raft.server.log.appender.buffer.byte-limit = 33554432 (custom)
2019-09-25 07:03:43,715 [559541cc-73c8-4a56-acfe-5973788e7bb7@group-45D5735C29D4:LeaderElection70] INFO  server.RaftServerConfigKeys (ConfUtils.java:logGet(43)) - raft.server.log.appender.buffer.element-limit = 1 (custom)
2019-09-25 07:03:43,715 [559541cc-73c8-4a56-acfe-5973788e7bb7@group-45D5735C29D4:LeaderElection70] INFO  grpc.GrpcConfigKeys$Server (ConfUtils.java:logGet(43)) - raft.grpc.server.leader.outstanding.appends.max = 128 (default)
2019-09-25 07:03:43,715 [559541cc-73c8-4a56-acfe-5973788e7bb7@group-45D5735C29D4:LeaderElection70] INFO  server.RaftServerConfigKeys (ConfUtils.java:logGet(43)) - raft.server.rpc.request.timeout = 3000ms (default)
2019-09-25 07:03:43,716 [559541cc-73c8-4a56-acfe-5973788e7bb7@group-45D5735C29D4:LeaderElection70] INFO  server.RaftServerConfigKeys (ConfUtils.java:logGet(43)) - raft.server.log.appender.install.snapshot.enabled = false (custom)
2019-09-25 07:03:43,716 [559541cc-73c8-4a56-acfe-5973788e7bb7@group-45D5735C29D4:LeaderElection70] INFO  server.RaftServerConfigKeys (ConfUtils.java:logGet(43)) - raft.server.log.appender.snapshot.chunk.size.max = 16MB (=16777216) (default)
2019-09-25 07:03:43,716 [559541cc-73c8-4a56-acfe-5973788e7bb7@group-45D5735C29D4:LeaderElection70] INFO  server.RaftServerConfigKeys (ConfUtils.java:logGet(43)) - raft.server.log.appender.buffer.byte-limit = 33554432 (custom)
2019-09-25 07:03:43,716 [559541cc-73c8-4a56-acfe-5973788e7bb7@group-45D5735C29D4:LeaderElection70] INFO  server.RaftServerConfigKeys (ConfUtils.java:logGet(43)) - raft.server.log.appender.buffer.element-limit = 1 (custom)
2019-09-25 07:03:43,717 [559541cc-73c8-4a56-acfe-5973788e7bb7@group-45D5735C29D4:LeaderElection70] INFO  grpc.GrpcConfigKeys$Server (ConfUtils.java:logGet(43)) - raft.grpc.server.leader.outstanding.appends.max = 128 (default)
2019-09-25 07:03:43,717 [559541cc-73c8-4a56-acfe-5973788e7bb7@group-45D5735C29D4:LeaderElection70] INFO  server.RaftServerConfigKeys (ConfUtils.java:logGet(43)) - raft.server.rpc.request.timeout = 3000ms (default)
2019-09-25 07:03:43,717 [559541cc-73c8-4a56-acfe-5973788e7bb7@group-45D5735C29D4:LeaderElection70] INFO  server.RaftServerConfigKeys (ConfUtils.java:logGet(43)) - raft.server.log.appender.install.snapshot.enabled = false (custom)
2019-09-25 07:03:43,717 [559541cc-73c8-4a56-acfe-5973788e7bb7@group-45D5735C29D4:LeaderElection70] INFO  impl.RoleInfo (RoleInfo.java:updateAndGet(143)) - 559541cc-73c8-4a56-acfe-5973788e7bb7: start LeaderState
2019-09-25 07:03:43,718 [559541cc-73c8-4a56-acfe-5973788e7bb7@group-45D5735C29D4:LeaderElection70] INFO  segmented.SegmentedRaftLogWorker (SegmentedRaftLogWorker.java:rollLogSegment(385)) - 559541cc-73c8-4a56-acfe-5973788e7bb7@group-45D5735C29D4-SegmentedRaftLogWorker: Rolling segment log-0_18 to index:18
2019-09-25 07:03:43,721 [559541cc-73c8-4a56-acfe-5973788e7bb7@group-45D5735C29D4-SegmentedRaftLogWorker] INFO  segmented.SegmentedRaftLogWorker (SegmentedRaftLogWorker.java:execute(526)) - 559541cc-73c8-4a56-acfe-5973788e7bb7@group-45D5735C29D4-SegmentedRaftLogWorker: Rolled log segment from /workdir/hadoop-ozone/integration-test/target/test-dir/MiniOzoneClusterImpl-ac564c78-5755-4b89-8165-5797fdb29c3d/datanode-3/data/ratis/aaba9931-c43f-4e20-84bb-45d5735c29d4/current/log_inprogress_0 to /workdir/hadoop-ozone/integration-test/target/test-dir/MiniOzoneClusterImpl-ac564c78-5755-4b89-8165-5797fdb29c3d/datanode-3/data/ratis/aaba9931-c43f-4e20-84bb-45d5735c29d4/current/log_0-18
2019-09-25 07:03:43,721 [559541cc-73c8-4a56-acfe-5973788e7bb7@group-45D5735C29D4:LeaderElection70] INFO  impl.RaftServerImpl (ServerState.java:setRaftConf(354)) - 559541cc-73c8-4a56-acfe-5973788e7bb7@group-45D5735C29D4: set configuration 19: [728640af-76ba-4f5f-856a-2a4b70054956:192.168.164.219:44993, bdbb84ae-3320-4ffc-9458-295388f22350:192.168.164.219:44213, 559541cc-73c8-4a56-acfe-5973788e7bb7:192.168.164.219:34742], old=null at 19
2019-09-25 07:03:43,721 [grpc-default-executor-3] WARN  server.GrpcLogAppender (LogUtils.java:warn(134)) - 559541cc-73c8-4a56-acfe-5973788e7bb7@group-45D5735C29D4->bdbb84ae-3320-4ffc-9458-295388f22350-AppendLogResponseHandler: Failed appendEntries: org.apache.ratis.thirdparty.io.grpc.StatusRuntimeException: UNAVAILABLE: io exception
2019-09-25 07:03:43,722 [grpc-default-executor-3] INFO  impl.FollowerInfo (FollowerInfo.java:lambda$new$0(51)) - 559541cc-73c8-4a56-acfe-5973788e7bb7@group-45D5735C29D4->bdbb84ae-3320-4ffc-9458-295388f22350: nextIndex: updateUnconditionally 19 -> 1
2019-09-25 07:03:43,722 [grpc-default-executor-1] INFO  impl.RaftServerImpl (ServerState.java:setLeader(253)) - 728640af-76ba-4f5f-856a-2a4b70054956@group-45D5735C29D4: change Leader from null to 559541cc-73c8-4a56-acfe-5973788e7bb7 at term 3 for appendEntries, leader elected after 106ms
2019-09-25 07:03:43,724 [grpc-default-executor-1] INFO  impl.RaftServerImpl (ServerState.java:setRaftConf(354)) - 728640af-76ba-4f5f-856a-2a4b70054956@group-45D5735C29D4: set configuration 19: [728640af-76ba-4f5f-856a-2a4b70054956:192.168.164.219:44993, bdbb84ae-3320-4ffc-9458-295388f22350:192.168.164.219:44213, 559541cc-73c8-4a56-acfe-5973788e7bb7:192.168.164.219:34742], old=null at 19
2019-09-25 07:03:43,724 [grpc-default-executor-1] INFO  segmented.SegmentedRaftLogWorker (SegmentedRaftLogWorker.java:rollLogSegment(385)) - 728640af-76ba-4f5f-856a-2a4b70054956@group-45D5735C29D4-SegmentedRaftLogWorker: Rolling segment log-0_18 to index:18
2019-09-25 07:03:43,725 [728640af-76ba-4f5f-856a-2a4b70054956@group-45D5735C29D4-SegmentedRaftLogWorker] INFO  segmented.SegmentedRaftLogWorker (SegmentedRaftLogWorker.java:execute(526)) - 728640af-76ba-4f5f-856a-2a4b70054956@group-45D5735C29D4-SegmentedRaftLogWorker: Rolled log segment from /workdir/hadoop-ozone/integration-test/target/test-dir/MiniOzoneClusterImpl-ac564c78-5755-4b89-8165-5797fdb29c3d/datanode-4/data/ratis/aaba9931-c43f-4e20-84bb-45d5735c29d4/current/log_inprogress_0 to /workdir/hadoop-ozone/integration-test/target/test-dir/MiniOzoneClusterImpl-ac564c78-5755-4b89-8165-5797fdb29c3d/datanode-4/data/ratis/aaba9931-c43f-4e20-84bb-45d5735c29d4/current/log_0-18
2019-09-25 07:03:43,808 [559541cc-73c8-4a56-acfe-5973788e7bb7@group-45D5735C29D4-SegmentedRaftLogWorker] INFO  segmented.SegmentedRaftLogWorker (SegmentedRaftLogWorker.java:execute(569)) - 559541cc-73c8-4a56-acfe-5973788e7bb7@group-45D5735C29D4-SegmentedRaftLogWorker: created new log segment /workdir/hadoop-ozone/integration-test/target/test-dir/MiniOzoneClusterImpl-ac564c78-5755-4b89-8165-5797fdb29c3d/datanode-3/data/ratis/aaba9931-c43f-4e20-84bb-45d5735c29d4/current/log_inprogress_19
2019-09-25 07:03:43,808 [728640af-76ba-4f5f-856a-2a4b70054956@group-45D5735C29D4-SegmentedRaftLogWorker] INFO  segmented.SegmentedRaftLogWorker (SegmentedRaftLogWorker.java:execute(569)) - 728640af-76ba-4f5f-856a-2a4b70054956@group-45D5735C29D4-SegmentedRaftLogWorker: created new log segment /workdir/hadoop-ozone/integration-test/target/test-dir/MiniOzoneClusterImpl-ac564c78-5755-4b89-8165-5797fdb29c3d/datanode-4/data/ratis/aaba9931-c43f-4e20-84bb-45d5735c29d4/current/log_inprogress_19
2019-09-25 07:03:43,844 [grpc-default-executor-1] WARN  server.GrpcLogAppender (LogUtils.java:warn(134)) - 559541cc-73c8-4a56-acfe-5973788e7bb7@group-45D5735C29D4->bdbb84ae-3320-4ffc-9458-295388f22350-AppendLogResponseHandler: Failed appendEntries: org.apache.ratis.thirdparty.io.grpc.StatusRuntimeException: UNAVAILABLE: io exception
2019-09-25 07:03:43,845 [grpc-default-executor-1] INFO  impl.FollowerInfo (FollowerInfo.java:lambda$new$0(51)) - 559541cc-73c8-4a56-acfe-5973788e7bb7@group-45D5735C29D4->bdbb84ae-3320-4ffc-9458-295388f22350: nextIndex: updateUnconditionally 2 -> 1
2019-09-25 07:03:43,856 [grpc-default-executor-2] WARN  server.GrpcLogAppender (LogUtils.java:warn(134)) - 559541cc-73c8-4a56-acfe-5973788e7bb7@group-45D5735C29D4->bdbb84ae-3320-4ffc-9458-295388f22350-AppendLogResponseHandler: Failed appendEntries: org.apache.ratis.thirdparty.io.grpc.StatusRuntimeException: UNAVAILABLE: io exception
2019-09-25 07:03:43,857 [grpc-default-executor-2] INFO  impl.FollowerInfo (FollowerInfo.java:lambda$new$0(51)) - 559541cc-73c8-4a56-acfe-5973788e7bb7@group-45D5735C29D4->bdbb84ae-3320-4ffc-9458-295388f22350: nextIndex: updateUnconditionally 2 -> 1
2019-09-25 07:03:44,359 [grpc-default-executor-1] WARN  server.GrpcLogAppender (LogUtils.java:warn(134)) - 559541cc-73c8-4a56-acfe-5973788e7bb7@group-45D5735C29D4->bdbb84ae-3320-4ffc-9458-295388f22350-AppendLogResponseHandler: Failed appendEntries: org.apache.ratis.thirdparty.io.grpc.StatusRuntimeException: UNAVAILABLE: io exception
2019-09-25 07:03:44,360 [grpc-default-executor-1] INFO  impl.FollowerInfo (FollowerInfo.java:lambda$new$0(51)) - 559541cc-73c8-4a56-acfe-5973788e7bb7@group-45D5735C29D4->bdbb84ae-3320-4ffc-9458-295388f22350: nextIndex: updateUnconditionally 1 -> 0
2019-09-25 07:03:44,858 [grpc-default-executor-3] WARN  server.GrpcLogAppender (LogUtils.java:warn(134)) - 559541cc-73c8-4a56-acfe-5973788e7bb7@group-45D5735C29D4->bdbb84ae-3320-4ffc-9458-295388f22350-AppendLogResponseHandler: Failed appendEntries: org.apache.ratis.thirdparty.io.grpc.StatusRuntimeException: UNAVAILABLE: io exception
2019-09-25 07:03:44,859 [grpc-default-executor-3] INFO  impl.FollowerInfo (FollowerInfo.java:lambda$new$0(51)) - 559541cc-73c8-4a56-acfe-5973788e7bb7@group-45D5735C29D4->bdbb84ae-3320-4ffc-9458-295388f22350: nextIndex: updateUnconditionally 0 -> 0
2019-09-25 07:03:45,359 [grpc-default-executor-4] WARN  server.GrpcLogAppender (LogUtils.java:warn(134)) - 559541cc-73c8-4a56-acfe-5973788e7bb7@group-45D5735C29D4->bdbb84ae-3320-4ffc-9458-295388f22350-AppendLogResponseHandler: Failed appendEntries: org.apache.ratis.thirdparty.io.grpc.StatusRuntimeException: UNAVAILABLE: io exception
2019-09-25 07:03:45,360 [grpc-default-executor-4] INFO  impl.FollowerInfo (FollowerInfo.java:lambda$new$0(51)) - 559541cc-73c8-4a56-acfe-5973788e7bb7@group-45D5735C29D4->bdbb84ae-3320-4ffc-9458-295388f22350: nextIndex: updateUnconditionally 0 -> 0
2019-09-25 07:03:45,860 [grpc-default-executor-2] WARN  server.GrpcLogAppender (LogUtils.java:warn(134)) - 559541cc-73c8-4a56-acfe-5973788e7bb7@group-45D5735C29D4->bdbb84ae-3320-4ffc-9458-295388f22350-AppendLogResponseHandler: Failed appendEntries: org.apache.ratis.thirdparty.io.grpc.StatusRuntimeException: UNAVAILABLE: io exception
2019-09-25 07:03:45,860 [grpc-default-executor-2] INFO  impl.FollowerInfo (FollowerInfo.java:lambda$new$0(51)) - 559541cc-73c8-4a56-acfe-5973788e7bb7@group-45D5735C29D4->bdbb84ae-3320-4ffc-9458-295388f22350: nextIndex: updateUnconditionally 0 -> 0
2019-09-25 07:03:46,363 [grpc-default-executor-3] WARN  server.GrpcLogAppender (LogUtils.java:warn(134)) - 559541cc-73c8-4a56-acfe-5973788e7bb7@group-45D5735C29D4->bdbb84ae-3320-4ffc-9458-295388f22350-AppendLogResponseHandler: Failed appendEntries: org.apache.ratis.thirdparty.io.grpc.StatusRuntimeException: UNAVAILABLE: io exception
2019-09-25 07:03:46,363 [grpc-default-executor-3] INFO  impl.FollowerInfo (FollowerInfo.java:lambda$new$0(51)) - 559541cc-73c8-4a56-acfe-5973788e7bb7@group-45D5735C29D4->bdbb84ae-3320-4ffc-9458-295388f22350: nextIndex: updateUnconditionally 0 -> 0
2019-09-25 07:03:46,863 [grpc-default-executor-3] WARN  server.GrpcLogAppender (LogUtils.java:warn(134)) - 559541cc-73c8-4a56-acfe-5973788e7bb7@group-45D5735C29D4->bdbb84ae-3320-4ffc-9458-295388f22350-AppendLogResponseHandler: Failed appendEntries: org.apache.ratis.thirdparty.io.grpc.StatusRuntimeException: UNAVAILABLE: io exception
2019-09-25 07:03:46,863 [grpc-default-executor-3] INFO  impl.FollowerInfo (FollowerInfo.java:lambda$new$0(51)) - 559541cc-73c8-4a56-acfe-5973788e7bb7@group-45D5735C29D4->bdbb84ae-3320-4ffc-9458-295388f22350: nextIndex: updateUnconditionally 0 -> 0
2019-09-25 07:03:47,366 [grpc-default-executor-3] WARN  server.GrpcLogAppender (LogUtils.java:warn(134)) - 559541cc-73c8-4a56-acfe-5973788e7bb7@group-45D5735C29D4->bdbb84ae-3320-4ffc-9458-295388f22350-AppendLogResponseHandler: Failed appendEntries: org.apache.ratis.thirdparty.io.grpc.StatusRuntimeException: UNAVAILABLE: io exception
2019-09-25 07:03:47,367 [grpc-default-executor-3] INFO  impl.FollowerInfo (FollowerInfo.java:lambda$new$0(51)) - 559541cc-73c8-4a56-acfe-5973788e7bb7@group-45D5735C29D4->bdbb84ae-3320-4ffc-9458-295388f22350: nextIndex: updateUnconditionally 0 -> 0
2019-09-25 07:03:47,665 [main] INFO  ozoneimpl.OzoneContainer (OzoneContainer.java:stop(231)) - Attempting to stop container services.
2019-09-25 07:03:47,667 [main] INFO  impl.RaftServerProxy (RaftServerProxy.java:lambda$close$4(314)) - 559541cc-73c8-4a56-acfe-5973788e7bb7: close
2019-09-25 07:03:47,668 [main] INFO  impl.RaftServerImpl (RaftServerImpl.java:lambda$shutdown$3(251)) - 559541cc-73c8-4a56-acfe-5973788e7bb7@group-4CE54086B0BE: shutdown
2019-09-25 07:03:47,668 [main] INFO  util.JmxRegister (JmxRegister.java:unregister(73)) - Successfully un-registered JMX Bean with object name Ratis:service=RaftServer,group=group-4CE54086B0BE,id=559541cc-73c8-4a56-acfe-5973788e7bb7
2019-09-25 07:03:47,669 [main] INFO  impl.RoleInfo (RoleInfo.java:shutdownLeaderState(104)) - 559541cc-73c8-4a56-acfe-5973788e7bb7: shutdown LeaderState
2019-09-25 07:03:47,669 [main] INFO  impl.PendingRequests (PendingRequests.java:sendNotLeaderResponses(202)) - 559541cc-73c8-4a56-acfe-5973788e7bb7-PendingRequests: sendNotLeaderResponses
2019-09-25 07:03:47,670 [main] INFO  impl.StateMachineUpdater (StateMachineUpdater.java:stopAndJoin(125)) - 559541cc-73c8-4a56-acfe-5973788e7bb7@group-4CE54086B0BE-StateMachineUpdater: set stopIndex = 0
2019-09-25 07:03:47,671 [main] INFO  impl.RaftServerImpl (ServerState.java:close(385)) - 559541cc-73c8-4a56-acfe-5973788e7bb7@group-4CE54086B0BE: closes. applyIndex: 0
2019-09-25 07:03:47,672 [559541cc-73c8-4a56-acfe-5973788e7bb7@group-4CE54086B0BE-SegmentedRaftLogWorker] INFO  segmented.SegmentedRaftLogWorker (SegmentedRaftLogWorker.java:run(313)) - 559541cc-73c8-4a56-acfe-5973788e7bb7@group-4CE54086B0BE-SegmentedRaftLogWorker was interrupted, exiting. There are 0 tasks remaining in the queue.
2019-09-25 07:03:47,677 [main] INFO  segmented.SegmentedRaftLogWorker (SegmentedRaftLogWorker.java:close(228)) - 559541cc-73c8-4a56-acfe-5973788e7bb7@group-4CE54086B0BE-SegmentedRaftLogWorker close()
2019-09-25 07:03:47,679 [main] INFO  impl.RaftServerImpl (RaftServerImpl.java:lambda$shutdown$3(251)) - 559541cc-73c8-4a56-acfe-5973788e7bb7@group-45D5735C29D4: shutdown
2019-09-25 07:03:47,680 [main] INFO  util.JmxRegister (JmxRegister.java:unregister(73)) - Successfully un-registered JMX Bean with object name Ratis:service=RaftServer,group=group-45D5735C29D4,id=559541cc-73c8-4a56-acfe-5973788e7bb7
2019-09-25 07:03:47,680 [main] INFO  impl.RoleInfo (RoleInfo.java:shutdownLeaderState(104)) - 559541cc-73c8-4a56-acfe-5973788e7bb7: shutdown LeaderState
2019-09-25 07:03:47,684 [main] INFO  impl.PendingRequests (PendingRequests.java:sendNotLeaderResponses(202)) - 559541cc-73c8-4a56-acfe-5973788e7bb7-PendingRequests: sendNotLeaderResponses
2019-09-25 07:03:47,684 [org.apache.ratis.server.impl.LogAppender$AppenderDaemon$$Lambda$460/11274835@3c51389e] WARN  server.GrpcLogAppender (GrpcLogAppender.java:mayWait(143)) - 559541cc-73c8-4a56-acfe-5973788e7bb7@group-45D5735C29D4->bdbb84ae-3320-4ffc-9458-295388f22350-GrpcLogAppender: Wait interrupted by java.lang.InterruptedException
2019-09-25 07:03:47,684 [org.apache.ratis.server.impl.LogAppender$AppenderDaemon$$Lambda$460/11274835@4878c63e] WARN  server.GrpcLogAppender (GrpcLogAppender.java:mayWait(143)) - 559541cc-73c8-4a56-acfe-5973788e7bb7@group-45D5735C29D4->728640af-76ba-4f5f-856a-2a4b70054956-GrpcLogAppender: Wait interrupted by java.lang.InterruptedException
2019-09-25 07:03:47,687 [main] INFO  impl.StateMachineUpdater (StateMachineUpdater.java:stopAndJoin(125)) - 559541cc-73c8-4a56-acfe-5973788e7bb7@group-45D5735C29D4-StateMachineUpdater: set stopIndex = 20
2019-09-25 07:03:47,688 [559541cc-73c8-4a56-acfe-5973788e7bb7@group-45D5735C29D4-StateMachineUpdater] INFO  ratis.ContainerStateMachine (ContainerStateMachine.java:takeSnapshot(289)) - group-45D5735C29D4: Taking a snapshot at:(t:2, i:17) file /workdir/hadoop-ozone/integration-test/target/test-dir/MiniOzoneClusterImpl-ac564c78-5755-4b89-8165-5797fdb29c3d/datanode-3/data/ratis/aaba9931-c43f-4e20-84bb-45d5735c29d4/sm/snapshot.2_17
2019-09-25 07:03:47,688 [grpc-default-executor-3] INFO  server.GrpcServerProtocolService (GrpcServerProtocolService.java:onCompleted(113)) - 728640af-76ba-4f5f-856a-2a4b70054956: Completed APPEND_ENTRIES, lastRequest: 559541cc-73c8-4a56-acfe-5973788e7bb7->728640af-76ba-4f5f-856a-2a4b70054956#9-t3, previous=(t:3, i:20), leaderCommit=20, initializing? false, entries: <empty>
2019-09-25 07:03:47,690 [grpc-default-executor-3] INFO  server.GrpcLogAppender (GrpcLogAppender.java:onCompleted(293)) - 559541cc-73c8-4a56-acfe-5973788e7bb7@group-45D5735C29D4->728640af-76ba-4f5f-856a-2a4b70054956-AppendLogResponseHandler: follower responses appendEntries COMPLETED
2019-09-25 07:03:47,690 [grpc-default-executor-3] INFO  impl.FollowerInfo (FollowerInfo.java:lambda$new$0(51)) - 559541cc-73c8-4a56-acfe-5973788e7bb7@group-45D5735C29D4->728640af-76ba-4f5f-856a-2a4b70054956: nextIndex: updateUnconditionally 21 -> 20
2019-09-25 07:03:48,090 [559541cc-73c8-4a56-acfe-5973788e7bb7@group-45D5735C29D4-StateMachineUpdater] INFO  ratis.ContainerStateMachine (ContainerStateMachine.java:takeSnapshot(300)) - group-45D5735C29D4: Finished taking a snapshot at:(t:2, i:17) file:/workdir/hadoop-ozone/integration-test/target/test-dir/MiniOzoneClusterImpl-ac564c78-5755-4b89-8165-5797fdb29c3d/datanode-3/data/ratis/aaba9931-c43f-4e20-84bb-45d5735c29d4/sm/snapshot.2_17 time:402
2019-09-25 07:03:48,092 [559541cc-73c8-4a56-acfe-5973788e7bb7@group-45D5735C29D4-StateMachineUpdater] INFO  impl.StateMachineUpdater (StateMachineUpdater.java:takeSnapshot(258)) - 559541cc-73c8-4a56-acfe-5973788e7bb7@group-45D5735C29D4-StateMachineUpdater: Took a snapshot at index 17
2019-09-25 07:03:48,092 [559541cc-73c8-4a56-acfe-5973788e7bb7@group-45D5735C29D4-StateMachineUpdater] INFO  impl.StateMachineUpdater (StateMachineUpdater.java:lambda$new$0(83)) - 559541cc-73c8-4a56-acfe-5973788e7bb7@group-45D5735C29D4-StateMachineUpdater: snapshotIndex: updateIncreasingly -1 -> 17
2019-09-25 07:03:48,092 [559541cc-73c8-4a56-acfe-5973788e7bb7@group-45D5735C29D4-StateMachineUpdater] INFO  ratis.ContainerStateMachine (ContainerStateMachine.java:takeSnapshot(289)) - group-45D5735C29D4: Taking a snapshot at:(t:2, i:17) file /workdir/hadoop-ozone/integration-test/target/test-dir/MiniOzoneClusterImpl-ac564c78-5755-4b89-8165-5797fdb29c3d/datanode-3/data/ratis/aaba9931-c43f-4e20-84bb-45d5735c29d4/sm/snapshot.2_17
2019-09-25 07:03:48,135 [559541cc-73c8-4a56-acfe-5973788e7bb7@group-45D5735C29D4-StateMachineUpdater] INFO  ratis.ContainerStateMachine (ContainerStateMachine.java:takeSnapshot(300)) - group-45D5735C29D4: Finished taking a snapshot at:(t:2, i:17) file:/workdir/hadoop-ozone/integration-test/target/test-dir/MiniOzoneClusterImpl-ac564c78-5755-4b89-8165-5797fdb29c3d/datanode-3/data/ratis/aaba9931-c43f-4e20-84bb-45d5735c29d4/sm/snapshot.2_17 time:44
2019-09-25 07:03:48,136 [559541cc-73c8-4a56-acfe-5973788e7bb7@group-45D5735C29D4-StateMachineUpdater] INFO  impl.StateMachineUpdater (StateMachineUpdater.java:takeSnapshot(258)) - 559541cc-73c8-4a56-acfe-5973788e7bb7@group-45D5735C29D4-StateMachineUpdater: Took a snapshot at index 17
2019-09-25 07:03:48,136 [559541cc-73c8-4a56-acfe-5973788e7bb7@group-45D5735C29D4-StateMachineUpdater] INFO  impl.StateMachineUpdater (StateMachineUpdater.java:lambda$new$0(83)) - 559541cc-73c8-4a56-acfe-5973788e7bb7@group-45D5735C29D4-StateMachineUpdater: snapshotIndex: updateIncreasingly 17 -> 17
2019-09-25 07:03:48,137 [main] INFO  impl.RaftServerImpl (ServerState.java:close(385)) - 559541cc-73c8-4a56-acfe-5973788e7bb7@group-45D5735C29D4: closes. applyIndex: 20
2019-09-25 07:03:48,137 [559541cc-73c8-4a56-acfe-5973788e7bb7@group-45D5735C29D4-SegmentedRaftLogWorker] INFO  segmented.SegmentedRaftLogWorker (SegmentedRaftLogWorker.java:run(313)) - 559541cc-73c8-4a56-acfe-5973788e7bb7@group-45D5735C29D4-SegmentedRaftLogWorker was interrupted, exiting. There are 0 tasks remaining in the queue.
2019-09-25 07:03:48,140 [main] INFO  segmented.SegmentedRaftLogWorker (SegmentedRaftLogWorker.java:close(228)) - 559541cc-73c8-4a56-acfe-5973788e7bb7@group-45D5735C29D4-SegmentedRaftLogWorker close()
2019-09-25 07:03:48,142 [main] INFO  server.GrpcService (GrpcService.java:closeImpl(164)) - 559541cc-73c8-4a56-acfe-5973788e7bb7: shutdown server with port 34742 now
2019-09-25 07:03:48,143 [main] INFO  server.GrpcService (GrpcService.java:closeImpl(172)) - 559541cc-73c8-4a56-acfe-5973788e7bb7: shutdown server with port 34742 successfully
2019-09-25 07:03:48,145 [refreshUsed-/workdir/hadoop-ozone/integration-test/target/test-dir/MiniOzoneClusterImpl-ac564c78-5755-4b89-8165-5797fdb29c3d/datanode-3/data/containers] WARN  fs.CachingGetSpaceUsed (CachingGetSpaceUsed.java:run(183)) - Thread Interrupted waiting to refresh disk information: sleep interrupted
2019-09-25 07:03:48,164 [main] INFO  utils.BackgroundService (BackgroundService.java:shutdown(148)) - Shutting down service BlockDeletingService
2019-09-25 07:03:48,170 [main] INFO  statemachine.DatanodeStateMachine (DatanodeStateMachine.java:stopDaemon(395)) - Ozone container server stopped.
2019-09-25 07:03:48,173 [main] INFO  handler.ContextHandler (ContextHandler.java:doStop(910)) - Stopped o.e.j.w.WebAppContext@58aa10f4{/,null,UNAVAILABLE}{/hddsDatanode}
2019-09-25 07:03:48,174 [main] INFO  server.AbstractConnector (AbstractConnector.java:doStop(318)) - Stopped ServerConnector@4fb56bea{HTTP/1.1,[http/1.1]}{0.0.0.0:0}
2019-09-25 07:03:48,175 [main] INFO  handler.ContextHandler (ContextHandler.java:doStop(910)) - Stopped o.e.j.s.ServletContextHandler@3913f206{/static,jar:file:/home/user/.m2/repository/org/apache/hadoop/hadoop-hdds-container-service/0.5.0-SNAPSHOT/hadoop-hdds-container-service-0.5.0-SNAPSHOT.jar!/webapps/static,UNAVAILABLE}
2019-09-25 07:03:48,175 [main] INFO  handler.ContextHandler (ContextHandler.java:doStop(910)) - Stopped o.e.j.s.ServletContextHandler@33f17289{/logs,file:///workdir/hadoop-ozone/integration-test/target/log,UNAVAILABLE}
2019-09-25 07:03:49,212 [Thread-1665] INFO  impl.FollowerState (FollowerState.java:run(106)) - 728640af-76ba-4f5f-856a-2a4b70054956:group-45D5735C29D4 changes to CANDIDATE, lastRpcTime:1842, electionTimeout:1100ms
2019-09-25 07:03:49,212 [Thread-1665] INFO  impl.RoleInfo (RoleInfo.java:shutdownFollowerState(121)) - 728640af-76ba-4f5f-856a-2a4b70054956: shutdown FollowerState
2019-09-25 07:03:49,212 [Thread-1665] INFO  impl.RaftServerImpl (RaftServerImpl.java:setRole(174)) - 728640af-76ba-4f5f-856a-2a4b70054956@group-45D5735C29D4: changes role from  FOLLOWER to CANDIDATE at term 3 for changeToCandidate
2019-09-25 07:03:49,212 [Thread-1665] INFO  impl.RoleInfo (RoleInfo.java:updateAndGet(143)) - 728640af-76ba-4f5f-856a-2a4b70054956: start LeaderElection
2019-09-25 07:03:49,213 [728640af-76ba-4f5f-856a-2a4b70054956@group-45D5735C29D4:LeaderElection71] INFO  impl.RaftServerImpl (ServerState.java:setLeader(253)) - 728640af-76ba-4f5f-856a-2a4b70054956@group-45D5735C29D4: change Leader from 559541cc-73c8-4a56-acfe-5973788e7bb7 to null at term 3 for initElection
2019-09-25 07:03:49,319 [728640af-76ba-4f5f-856a-2a4b70054956@group-45D5735C29D4:LeaderElection71] INFO  impl.LeaderElection (LeaderElection.java:askForVotes(182)) - 728640af-76ba-4f5f-856a-2a4b70054956@group-45D5735C29D4:LeaderElection71: begin an election at term 4 for 19: [728640af-76ba-4f5f-856a-2a4b70054956:192.168.164.219:44993, bdbb84ae-3320-4ffc-9458-295388f22350:192.168.164.219:44213, 559541cc-73c8-4a56-acfe-5973788e7bb7:192.168.164.219:34742], old=null
2019-09-25 07:03:49,322 [728640af-76ba-4f5f-856a-2a4b70054956@group-45D5735C29D4:LeaderElection71] INFO  impl.LeaderElection (LogUtils.java:infoOrTrace(149)) - 728640af-76ba-4f5f-856a-2a4b70054956@group-45D5735C29D4:LeaderElection71 got exception when requesting votes: {}
java.util.concurrent.ExecutionException: org.apache.ratis.thirdparty.io.grpc.StatusRuntimeException: UNAVAILABLE: io exception
	at java.util.concurrent.FutureTask.report(FutureTask.java:122)
	at java.util.concurrent.FutureTask.get(FutureTask.java:192)
	at org.apache.ratis.server.impl.LeaderElection.waitForResults(LeaderElection.java:263)
	at org.apache.ratis.server.impl.LeaderElection.askForVotes(LeaderElection.java:201)
	at org.apache.ratis.server.impl.LeaderElection.run(LeaderElection.java:133)
	at java.lang.Thread.run(Thread.java:748)
Caused by: org.apache.ratis.thirdparty.io.grpc.StatusRuntimeException: UNAVAILABLE: io exception
	at org.apache.ratis.thirdparty.io.grpc.stub.ClientCalls.toStatusRuntimeException(ClientCalls.java:233)
	at org.apache.ratis.thirdparty.io.grpc.stub.ClientCalls.getUnchecked(ClientCalls.java:214)
	at org.apache.ratis.thirdparty.io.grpc.stub.ClientCalls.blockingUnaryCall(ClientCalls.java:139)
	at org.apache.ratis.proto.grpc.RaftServerProtocolServiceGrpc$RaftServerProtocolServiceBlockingStub.requestVote(RaftServerProtocolServiceGrpc.java:265)
	at org.apache.ratis.grpc.server.GrpcServerProtocolClient.requestVote(GrpcServerProtocolClient.java:90)
	at org.apache.ratis.grpc.server.GrpcService.requestVote(GrpcService.java:204)
	at org.apache.ratis.server.impl.LeaderElection.lambda$submitRequests$1(LeaderElection.java:238)
	at java.util.concurrent.FutureTask.run(FutureTask.java:266)
	at java.util.concurrent.Executors$RunnableAdapter.call(Executors.java:511)
	at java.util.concurrent.FutureTask.run(FutureTask.java:266)
	at java.util.concurrent.ThreadPoolExecutor.runWorker(ThreadPoolExecutor.java:1149)
	at java.util.concurrent.ThreadPoolExecutor$Worker.run(ThreadPoolExecutor.java:624)
	... 1 more
Caused by: org.apache.ratis.thirdparty.io.netty.channel.AbstractChannel$AnnotatedConnectException: Connection refused: /192.168.164.219:44213
	at sun.nio.ch.SocketChannelImpl.checkConnect(Native Method)
	at sun.nio.ch.SocketChannelImpl.finishConnect(SocketChannelImpl.java:717)
	at org.apache.ratis.thirdparty.io.netty.channel.socket.nio.NioSocketChannel.doFinishConnect(NioSocketChannel.java:327)
	at org.apache.ratis.thirdparty.io.netty.channel.nio.AbstractNioChannel$AbstractNioUnsafe.finishConnect(AbstractNioChannel.java:340)
	at org.apache.ratis.thirdparty.io.netty.channel.nio.NioEventLoop.processSelectedKey(NioEventLoop.java:632)
	at org.apache.ratis.thirdparty.io.netty.channel.nio.NioEventLoop.processSelectedKeysOptimized(NioEventLoop.java:579)
	at org.apache.ratis.thirdparty.io.netty.channel.nio.NioEventLoop.processSelectedKeys(NioEventLoop.java:496)
	at org.apache.ratis.thirdparty.io.netty.channel.nio.NioEventLoop.run(NioEventLoop.java:458)
	at org.apache.ratis.thirdparty.io.netty.util.concurrent.SingleThreadEventExecutor$5.run(SingleThreadEventExecutor.java:897)
	at org.apache.ratis.thirdparty.io.netty.util.concurrent.FastThreadLocalRunnable.run(FastThreadLocalRunnable.java:30)
	... 1 more
Caused by: java.net.ConnectException: Connection refused
	... 11 more
2019-09-25 07:03:49,322 [728640af-76ba-4f5f-856a-2a4b70054956@group-45D5735C29D4:LeaderElection71] INFO  impl.LeaderElection (LogUtils.java:infoOrTrace(149)) - 728640af-76ba-4f5f-856a-2a4b70054956@group-45D5735C29D4:LeaderElection71 got exception when requesting votes: {}
java.util.concurrent.ExecutionException: org.apache.ratis.thirdparty.io.grpc.StatusRuntimeException: UNAVAILABLE: io exception
	at java.util.concurrent.FutureTask.report(FutureTask.java:122)
	at java.util.concurrent.FutureTask.get(FutureTask.java:192)
	at org.apache.ratis.server.impl.LeaderElection.waitForResults(LeaderElection.java:263)
	at org.apache.ratis.server.impl.LeaderElection.askForVotes(LeaderElection.java:201)
	at org.apache.ratis.server.impl.LeaderElection.run(LeaderElection.java:133)
	at java.lang.Thread.run(Thread.java:748)
Caused by: org.apache.ratis.thirdparty.io.grpc.StatusRuntimeException: UNAVAILABLE: io exception
	at org.apache.ratis.thirdparty.io.grpc.stub.ClientCalls.toStatusRuntimeException(ClientCalls.java:233)
	at org.apache.ratis.thirdparty.io.grpc.stub.ClientCalls.getUnchecked(ClientCalls.java:214)
	at org.apache.ratis.thirdparty.io.grpc.stub.ClientCalls.blockingUnaryCall(ClientCalls.java:139)
	at org.apache.ratis.proto.grpc.RaftServerProtocolServiceGrpc$RaftServerProtocolServiceBlockingStub.requestVote(RaftServerProtocolServiceGrpc.java:265)
	at org.apache.ratis.grpc.server.GrpcServerProtocolClient.requestVote(GrpcServerProtocolClient.java:90)
	at org.apache.ratis.grpc.server.GrpcService.requestVote(GrpcService.java:204)
	at org.apache.ratis.server.impl.LeaderElection.lambda$submitRequests$1(LeaderElection.java:238)
	at java.util.concurrent.FutureTask.run(FutureTask.java:266)
	at java.util.concurrent.Executors$RunnableAdapter.call(Executors.java:511)
	at java.util.concurrent.FutureTask.run(FutureTask.java:266)
	at java.util.concurrent.ThreadPoolExecutor.runWorker(ThreadPoolExecutor.java:1149)
	at java.util.concurrent.ThreadPoolExecutor$Worker.run(ThreadPoolExecutor.java:624)
	... 1 more
Caused by: org.apache.ratis.thirdparty.io.netty.channel.AbstractChannel$AnnotatedConnectException: Connection refused: /192.168.164.219:34742
	at sun.nio.ch.SocketChannelImpl.checkConnect(Native Method)
	at sun.nio.ch.SocketChannelImpl.finishConnect(SocketChannelImpl.java:717)
	at org.apache.ratis.thirdparty.io.netty.channel.socket.nio.NioSocketChannel.doFinishConnect(NioSocketChannel.java:327)
	at org.apache.ratis.thirdparty.io.netty.channel.nio.AbstractNioChannel$AbstractNioUnsafe.finishConnect(AbstractNioChannel.java:340)
	at org.apache.ratis.thirdparty.io.netty.channel.nio.NioEventLoop.processSelectedKey(NioEventLoop.java:632)
	at org.apache.ratis.thirdparty.io.netty.channel.nio.NioEventLoop.processSelectedKeysOptimized(NioEventLoop.java:579)
	at org.apache.ratis.thirdparty.io.netty.channel.nio.NioEventLoop.processSelectedKeys(NioEventLoop.java:496)
	at org.apache.ratis.thirdparty.io.netty.channel.nio.NioEventLoop.run(NioEventLoop.java:458)
	at org.apache.ratis.thirdparty.io.netty.util.concurrent.SingleThreadEventExecutor$5.run(SingleThreadEventExecutor.java:897)
	at org.apache.ratis.thirdparty.io.netty.util.concurrent.FastThreadLocalRunnable.run(FastThreadLocalRunnable.java:30)
	... 1 more
Caused by: java.net.ConnectException: Connection refused
	... 11 more
2019-09-25 07:03:49,323 [728640af-76ba-4f5f-856a-2a4b70054956@group-45D5735C29D4:LeaderElection71] INFO  impl.LeaderElection (LeaderElection.java:logAndReturn(56)) - 728640af-76ba-4f5f-856a-2a4b70054956@group-45D5735C29D4:LeaderElection71: Election REJECTED; received 0 response(s) [] and 2 exception(s); 728640af-76ba-4f5f-856a-2a4b70054956@group-45D5735C29D4:t4, leader=null, voted=728640af-76ba-4f5f-856a-2a4b70054956, raftlog=728640af-76ba-4f5f-856a-2a4b70054956@group-45D5735C29D4-SegmentedRaftLog:OPENED:c20,f20,i20, conf=19: [728640af-76ba-4f5f-856a-2a4b70054956:192.168.164.219:44993, bdbb84ae-3320-4ffc-9458-295388f22350:192.168.164.219:44213, 559541cc-73c8-4a56-acfe-5973788e7bb7:192.168.164.219:34742], old=null
2019-09-25 07:03:49,323 [728640af-76ba-4f5f-856a-2a4b70054956@group-45D5735C29D4:LeaderElection71] INFO  impl.LeaderElection (LogUtils.java:infoOrTrace(149)) -   Exception 0: {}
java.util.concurrent.ExecutionException: org.apache.ratis.thirdparty.io.grpc.StatusRuntimeException: UNAVAILABLE: io exception
	at java.util.concurrent.FutureTask.report(FutureTask.java:122)
	at java.util.concurrent.FutureTask.get(FutureTask.java:192)
	at org.apache.ratis.server.impl.LeaderElection.waitForResults(LeaderElection.java:263)
	at org.apache.ratis.server.impl.LeaderElection.askForVotes(LeaderElection.java:201)
	at org.apache.ratis.server.impl.LeaderElection.run(LeaderElection.java:133)
	at java.lang.Thread.run(Thread.java:748)
Caused by: org.apache.ratis.thirdparty.io.grpc.StatusRuntimeException: UNAVAILABLE: io exception
	at org.apache.ratis.thirdparty.io.grpc.stub.ClientCalls.toStatusRuntimeException(ClientCalls.java:233)
	at org.apache.ratis.thirdparty.io.grpc.stub.ClientCalls.getUnchecked(ClientCalls.java:214)
	at org.apache.ratis.thirdparty.io.grpc.stub.ClientCalls.blockingUnaryCall(ClientCalls.java:139)
	at org.apache.ratis.proto.grpc.RaftServerProtocolServiceGrpc$RaftServerProtocolServiceBlockingStub.requestVote(RaftServerProtocolServiceGrpc.java:265)
	at org.apache.ratis.grpc.server.GrpcServerProtocolClient.requestVote(GrpcServerProtocolClient.java:90)
	at org.apache.ratis.grpc.server.GrpcService.requestVote(GrpcService.java:204)
	at org.apache.ratis.server.impl.LeaderElection.lambda$submitRequests$1(LeaderElection.java:238)
	at java.util.concurrent.FutureTask.run(FutureTask.java:266)
	at java.util.concurrent.Executors$RunnableAdapter.call(Executors.java:511)
	at java.util.concurrent.FutureTask.run(FutureTask.java:266)
	at java.util.concurrent.ThreadPoolExecutor.runWorker(ThreadPoolExecutor.java:1149)
	at java.util.concurrent.ThreadPoolExecutor$Worker.run(ThreadPoolExecutor.java:624)
	... 1 more
Caused by: org.apache.ratis.thirdparty.io.netty.channel.AbstractChannel$AnnotatedConnectException: Connection refused: /192.168.164.219:44213
	at sun.nio.ch.SocketChannelImpl.checkConnect(Native Method)
	at sun.nio.ch.SocketChannelImpl.finishConnect(SocketChannelImpl.java:717)
	at org.apache.ratis.thirdparty.io.netty.channel.socket.nio.NioSocketChannel.doFinishConnect(NioSocketChannel.java:327)
	at org.apache.ratis.thirdparty.io.netty.channel.nio.AbstractNioChannel$AbstractNioUnsafe.finishConnect(AbstractNioChannel.java:340)
	at org.apache.ratis.thirdparty.io.netty.channel.nio.NioEventLoop.processSelectedKey(NioEventLoop.java:632)
	at org.apache.ratis.thirdparty.io.netty.channel.nio.NioEventLoop.processSelectedKeysOptimized(NioEventLoop.java:579)
	at org.apache.ratis.thirdparty.io.netty.channel.nio.NioEventLoop.processSelectedKeys(NioEventLoop.java:496)
	at org.apache.ratis.thirdparty.io.netty.channel.nio.NioEventLoop.run(NioEventLoop.java:458)
	at org.apache.ratis.thirdparty.io.netty.util.concurrent.SingleThreadEventExecutor$5.run(SingleThreadEventExecutor.java:897)
	at org.apache.ratis.thirdparty.io.netty.util.concurrent.FastThreadLocalRunnable.run(FastThreadLocalRunnable.java:30)
	... 1 more
Caused by: java.net.ConnectException: Connection refused
	... 11 more
2019-09-25 07:03:49,323 [728640af-76ba-4f5f-856a-2a4b70054956@group-45D5735C29D4:LeaderElection71] INFO  impl.LeaderElection (LogUtils.java:infoOrTrace(149)) -   Exception 1: {}
java.util.concurrent.ExecutionException: org.apache.ratis.thirdparty.io.grpc.StatusRuntimeException: UNAVAILABLE: io exception
	at java.util.concurrent.FutureTask.report(FutureTask.java:122)
	at java.util.concurrent.FutureTask.get(FutureTask.java:192)
	at org.apache.ratis.server.impl.LeaderElection.waitForResults(LeaderElection.java:263)
	at org.apache.ratis.server.impl.LeaderElection.askForVotes(LeaderElection.java:201)
	at org.apache.ratis.server.impl.LeaderElection.run(LeaderElection.java:133)
	at java.lang.Thread.run(Thread.java:748)
Caused by: org.apache.ratis.thirdparty.io.grpc.StatusRuntimeException: UNAVAILABLE: io exception
	at org.apache.ratis.thirdparty.io.grpc.stub.ClientCalls.toStatusRuntimeException(ClientCalls.java:233)
	at org.apache.ratis.thirdparty.io.grpc.stub.ClientCalls.getUnchecked(ClientCalls.java:214)
	at org.apache.ratis.thirdparty.io.grpc.stub.ClientCalls.blockingUnaryCall(ClientCalls.java:139)
	at org.apache.ratis.proto.grpc.RaftServerProtocolServiceGrpc$RaftServerProtocolServiceBlockingStub.requestVote(RaftServerProtocolServiceGrpc.java:265)
	at org.apache.ratis.grpc.server.GrpcServerProtocolClient.requestVote(GrpcServerProtocolClient.java:90)
	at org.apache.ratis.grpc.server.GrpcService.requestVote(GrpcService.java:204)
	at org.apache.ratis.server.impl.LeaderElection.lambda$submitRequests$1(LeaderElection.java:238)
	at java.util.concurrent.FutureTask.run(FutureTask.java:266)
	at java.util.concurrent.Executors$RunnableAdapter.call(Executors.java:511)
	at java.util.concurrent.FutureTask.run(FutureTask.java:266)
	at java.util.concurrent.ThreadPoolExecutor.runWorker(ThreadPoolExecutor.java:1149)
	at java.util.concurrent.ThreadPoolExecutor$Worker.run(ThreadPoolExecutor.java:624)
	... 1 more
Caused by: org.apache.ratis.thirdparty.io.netty.channel.AbstractChannel$AnnotatedConnectException: Connection refused: /192.168.164.219:34742
	at sun.nio.ch.SocketChannelImpl.checkConnect(Native Method)
	at sun.nio.ch.SocketChannelImpl.finishConnect(SocketChannelImpl.java:717)
	at org.apache.ratis.thirdparty.io.netty.channel.socket.nio.NioSocketChannel.doFinishConnect(NioSocketChannel.java:327)
	at org.apache.ratis.thirdparty.io.netty.channel.nio.AbstractNioChannel$AbstractNioUnsafe.finishConnect(AbstractNioChannel.java:340)
	at org.apache.ratis.thirdparty.io.netty.channel.nio.NioEventLoop.processSelectedKey(NioEventLoop.java:632)
	at org.apache.ratis.thirdparty.io.netty.channel.nio.NioEventLoop.processSelectedKeysOptimized(NioEventLoop.java:579)
	at org.apache.ratis.thirdparty.io.netty.channel.nio.NioEventLoop.processSelectedKeys(NioEventLoop.java:496)
	at org.apache.ratis.thirdparty.io.netty.channel.nio.NioEventLoop.run(NioEventLoop.java:458)
	at org.apache.ratis.thirdparty.io.netty.util.concurrent.SingleThreadEventExecutor$5.run(SingleThreadEventExecutor.java:897)
	at org.apache.ratis.thirdparty.io.netty.util.concurrent.FastThreadLocalRunnable.run(FastThreadLocalRunnable.java:30)
	... 1 more
Caused by: java.net.ConnectException: Connection refused
	... 11 more
2019-09-25 07:03:49,324 [728640af-76ba-4f5f-856a-2a4b70054956@group-45D5735C29D4:LeaderElection71] INFO  impl.RaftServerImpl (RaftServerImpl.java:setRole(174)) - 728640af-76ba-4f5f-856a-2a4b70054956@group-45D5735C29D4: changes role from CANDIDATE to FOLLOWER at term 4 for DISCOVERED_A_NEW_TERM
2019-09-25 07:03:49,324 [728640af-76ba-4f5f-856a-2a4b70054956@group-45D5735C29D4:LeaderElection71] INFO  impl.RoleInfo (RoleInfo.java:shutdownLeaderElection(134)) - 728640af-76ba-4f5f-856a-2a4b70054956: shutdown LeaderElection
2019-09-25 07:03:49,324 [728640af-76ba-4f5f-856a-2a4b70054956@group-45D5735C29D4:LeaderElection71] INFO  impl.RoleInfo (RoleInfo.java:updateAndGet(143)) - 728640af-76ba-4f5f-856a-2a4b70054956: start FollowerState
2019-09-25 07:03:50,365 [Thread-1710] INFO  impl.FollowerState (FollowerState.java:run(106)) - 728640af-76ba-4f5f-856a-2a4b70054956:group-45D5735C29D4 changes to CANDIDATE, lastRpcTime:1040, electionTimeout:1040ms
2019-09-25 07:03:50,365 [Thread-1710] INFO  impl.RoleInfo (RoleInfo.java:shutdownFollowerState(121)) - 728640af-76ba-4f5f-856a-2a4b70054956: shutdown FollowerState
2019-09-25 07:03:50,365 [Thread-1710] INFO  impl.RaftServerImpl (RaftServerImpl.java:setRole(174)) - 728640af-76ba-4f5f-856a-2a4b70054956@group-45D5735C29D4: changes role from  FOLLOWER to CANDIDATE at term 4 for changeToCandidate
2019-09-25 07:03:50,365 [Thread-1710] INFO  impl.RoleInfo (RoleInfo.java:updateAndGet(143)) - 728640af-76ba-4f5f-856a-2a4b70054956: start LeaderElection
2019-09-25 07:03:50,379 [728640af-76ba-4f5f-856a-2a4b70054956@group-45D5735C29D4:LeaderElection72] INFO  impl.LeaderElection (LeaderElection.java:askForVotes(182)) - 728640af-76ba-4f5f-856a-2a4b70054956@group-45D5735C29D4:LeaderElection72: begin an election at term 5 for 19: [728640af-76ba-4f5f-856a-2a4b70054956:192.168.164.219:44993, bdbb84ae-3320-4ffc-9458-295388f22350:192.168.164.219:44213, 559541cc-73c8-4a56-acfe-5973788e7bb7:192.168.164.219:34742], old=null
2019-09-25 07:03:50,381 [728640af-76ba-4f5f-856a-2a4b70054956@group-45D5735C29D4:LeaderElection72] INFO  impl.LeaderElection (LogUtils.java:infoOrTrace(149)) - 728640af-76ba-4f5f-856a-2a4b70054956@group-45D5735C29D4:LeaderElection72 got exception when requesting votes: {}
java.util.concurrent.ExecutionException: org.apache.ratis.thirdparty.io.grpc.StatusRuntimeException: UNAVAILABLE: io exception
	at java.util.concurrent.FutureTask.report(FutureTask.java:122)
	at java.util.concurrent.FutureTask.get(FutureTask.java:192)
	at org.apache.ratis.server.impl.LeaderElection.waitForResults(LeaderElection.java:263)
	at org.apache.ratis.server.impl.LeaderElection.askForVotes(LeaderElection.java:201)
	at org.apache.ratis.server.impl.LeaderElection.run(LeaderElection.java:133)
	at java.lang.Thread.run(Thread.java:748)
Caused by: org.apache.ratis.thirdparty.io.grpc.StatusRuntimeException: UNAVAILABLE: io exception
	at org.apache.ratis.thirdparty.io.grpc.stub.ClientCalls.toStatusRuntimeException(ClientCalls.java:233)
	at org.apache.ratis.thirdparty.io.grpc.stub.ClientCalls.getUnchecked(ClientCalls.java:214)
	at org.apache.ratis.thirdparty.io.grpc.stub.ClientCalls.blockingUnaryCall(ClientCalls.java:139)
	at org.apache.ratis.proto.grpc.RaftServerProtocolServiceGrpc$RaftServerProtocolServiceBlockingStub.requestVote(RaftServerProtocolServiceGrpc.java:265)
	at org.apache.ratis.grpc.server.GrpcServerProtocolClient.requestVote(GrpcServerProtocolClient.java:90)
	at org.apache.ratis.grpc.server.GrpcService.requestVote(GrpcService.java:204)
	at org.apache.ratis.server.impl.LeaderElection.lambda$submitRequests$1(LeaderElection.java:238)
	at java.util.concurrent.FutureTask.run(FutureTask.java:266)
	at java.util.concurrent.Executors$RunnableAdapter.call(Executors.java:511)
	at java.util.concurrent.FutureTask.run(FutureTask.java:266)
	at java.util.concurrent.ThreadPoolExecutor.runWorker(ThreadPoolExecutor.java:1149)
	at java.util.concurrent.ThreadPoolExecutor$Worker.run(ThreadPoolExecutor.java:624)
	... 1 more
Caused by: org.apache.ratis.thirdparty.io.netty.channel.AbstractChannel$AnnotatedConnectException: Connection refused: /192.168.164.219:34742
	at sun.nio.ch.SocketChannelImpl.checkConnect(Native Method)
	at sun.nio.ch.SocketChannelImpl.finishConnect(SocketChannelImpl.java:717)
	at org.apache.ratis.thirdparty.io.netty.channel.socket.nio.NioSocketChannel.doFinishConnect(NioSocketChannel.java:327)
	at org.apache.ratis.thirdparty.io.netty.channel.nio.AbstractNioChannel$AbstractNioUnsafe.finishConnect(AbstractNioChannel.java:340)
	at org.apache.ratis.thirdparty.io.netty.channel.nio.NioEventLoop.processSelectedKey(NioEventLoop.java:632)
	at org.apache.ratis.thirdparty.io.netty.channel.nio.NioEventLoop.processSelectedKeysOptimized(NioEventLoop.java:579)
	at org.apache.ratis.thirdparty.io.netty.channel.nio.NioEventLoop.processSelectedKeys(NioEventLoop.java:496)
	at org.apache.ratis.thirdparty.io.netty.channel.nio.NioEventLoop.run(NioEventLoop.java:458)
	at org.apache.ratis.thirdparty.io.netty.util.concurrent.SingleThreadEventExecutor$5.run(SingleThreadEventExecutor.java:897)
	at org.apache.ratis.thirdparty.io.netty.util.concurrent.FastThreadLocalRunnable.run(FastThreadLocalRunnable.java:30)
	... 1 more
Caused by: java.net.ConnectException: Connection refused
	... 11 more
2019-09-25 07:03:50,381 [728640af-76ba-4f5f-856a-2a4b70054956@group-45D5735C29D4:LeaderElection72] INFO  impl.LeaderElection (LogUtils.java:infoOrTrace(149)) - 728640af-76ba-4f5f-856a-2a4b70054956@group-45D5735C29D4:LeaderElection72 got exception when requesting votes: {}
java.util.concurrent.ExecutionException: org.apache.ratis.thirdparty.io.grpc.StatusRuntimeException: UNAVAILABLE: io exception
	at java.util.concurrent.FutureTask.report(FutureTask.java:122)
	at java.util.concurrent.FutureTask.get(FutureTask.java:192)
	at org.apache.ratis.server.impl.LeaderElection.waitForResults(LeaderElection.java:263)
	at org.apache.ratis.server.impl.LeaderElection.askForVotes(LeaderElection.java:201)
	at org.apache.ratis.server.impl.LeaderElection.run(LeaderElection.java:133)
	at java.lang.Thread.run(Thread.java:748)
Caused by: org.apache.ratis.thirdparty.io.grpc.StatusRuntimeException: UNAVAILABLE: io exception
	at org.apache.ratis.thirdparty.io.grpc.stub.ClientCalls.toStatusRuntimeException(ClientCalls.java:233)
	at org.apache.ratis.thirdparty.io.grpc.stub.ClientCalls.getUnchecked(ClientCalls.java:214)
	at org.apache.ratis.thirdparty.io.grpc.stub.ClientCalls.blockingUnaryCall(ClientCalls.java:139)
	at org.apache.ratis.proto.grpc.RaftServerProtocolServiceGrpc$RaftServerProtocolServiceBlockingStub.requestVote(RaftServerProtocolServiceGrpc.java:265)
	at org.apache.ratis.grpc.server.GrpcServerProtocolClient.requestVote(GrpcServerProtocolClient.java:90)
	at org.apache.ratis.grpc.server.GrpcService.requestVote(GrpcService.java:204)
	at org.apache.ratis.server.impl.LeaderElection.lambda$submitRequests$1(LeaderElection.java:238)
	at java.util.concurrent.FutureTask.run(FutureTask.java:266)
	at java.util.concurrent.Executors$RunnableAdapter.call(Executors.java:511)
	at java.util.concurrent.FutureTask.run(FutureTask.java:266)
	at java.util.concurrent.ThreadPoolExecutor.runWorker(ThreadPoolExecutor.java:1149)
	at java.util.concurrent.ThreadPoolExecutor$Worker.run(ThreadPoolExecutor.java:624)
	... 1 more
Caused by: org.apache.ratis.thirdparty.io.netty.channel.AbstractChannel$AnnotatedConnectException: Connection refused: /192.168.164.219:44213
	at sun.nio.ch.SocketChannelImpl.checkConnect(Native Method)
	at sun.nio.ch.SocketChannelImpl.finishConnect(SocketChannelImpl.java:717)
	at org.apache.ratis.thirdparty.io.netty.channel.socket.nio.NioSocketChannel.doFinishConnect(NioSocketChannel.java:327)
	at org.apache.ratis.thirdparty.io.netty.channel.nio.AbstractNioChannel$AbstractNioUnsafe.finishConnect(AbstractNioChannel.java:340)
	at org.apache.ratis.thirdparty.io.netty.channel.nio.NioEventLoop.processSelectedKey(NioEventLoop.java:632)
	at org.apache.ratis.thirdparty.io.netty.channel.nio.NioEventLoop.processSelectedKeysOptimized(NioEventLoop.java:579)
	at org.apache.ratis.thirdparty.io.netty.channel.nio.NioEventLoop.processSelectedKeys(NioEventLoop.java:496)
	at org.apache.ratis.thirdparty.io.netty.channel.nio.NioEventLoop.run(NioEventLoop.java:458)
	at org.apache.ratis.thirdparty.io.netty.util.concurrent.SingleThreadEventExecutor$5.run(SingleThreadEventExecutor.java:897)
	at org.apache.ratis.thirdparty.io.netty.util.concurrent.FastThreadLocalRunnable.run(FastThreadLocalRunnable.java:30)
	... 1 more
Caused by: java.net.ConnectException: Connection refused
	... 11 more
2019-09-25 07:03:50,382 [728640af-76ba-4f5f-856a-2a4b70054956@group-45D5735C29D4:LeaderElection72] INFO  impl.LeaderElection (LeaderElection.java:logAndReturn(56)) - 728640af-76ba-4f5f-856a-2a4b70054956@group-45D5735C29D4:LeaderElection72: Election REJECTED; received 0 response(s) [] and 2 exception(s); 728640af-76ba-4f5f-856a-2a4b70054956@group-45D5735C29D4:t5, leader=null, voted=728640af-76ba-4f5f-856a-2a4b70054956, raftlog=728640af-76ba-4f5f-856a-2a4b70054956@group-45D5735C29D4-SegmentedRaftLog:OPENED:c20,f20,i20, conf=19: [728640af-76ba-4f5f-856a-2a4b70054956:192.168.164.219:44993, bdbb84ae-3320-4ffc-9458-295388f22350:192.168.164.219:44213, 559541cc-73c8-4a56-acfe-5973788e7bb7:192.168.164.219:34742], old=null
2019-09-25 07:03:50,382 [728640af-76ba-4f5f-856a-2a4b70054956@group-45D5735C29D4:LeaderElection72] INFO  impl.LeaderElection (LogUtils.java:infoOrTrace(149)) -   Exception 0: {}
java.util.concurrent.ExecutionException: org.apache.ratis.thirdparty.io.grpc.StatusRuntimeException: UNAVAILABLE: io exception
	at java.util.concurrent.FutureTask.report(FutureTask.java:122)
	at java.util.concurrent.FutureTask.get(FutureTask.java:192)
	at org.apache.ratis.server.impl.LeaderElection.waitForResults(LeaderElection.java:263)
	at org.apache.ratis.server.impl.LeaderElection.askForVotes(LeaderElection.java:201)
	at org.apache.ratis.server.impl.LeaderElection.run(LeaderElection.java:133)
	at java.lang.Thread.run(Thread.java:748)
Caused by: org.apache.ratis.thirdparty.io.grpc.StatusRuntimeException: UNAVAILABLE: io exception
	at org.apache.ratis.thirdparty.io.grpc.stub.ClientCalls.toStatusRuntimeException(ClientCalls.java:233)
	at org.apache.ratis.thirdparty.io.grpc.stub.ClientCalls.getUnchecked(ClientCalls.java:214)
	at org.apache.ratis.thirdparty.io.grpc.stub.ClientCalls.blockingUnaryCall(ClientCalls.java:139)
	at org.apache.ratis.proto.grpc.RaftServerProtocolServiceGrpc$RaftServerProtocolServiceBlockingStub.requestVote(RaftServerProtocolServiceGrpc.java:265)
	at org.apache.ratis.grpc.server.GrpcServerProtocolClient.requestVote(GrpcServerProtocolClient.java:90)
	at org.apache.ratis.grpc.server.GrpcService.requestVote(GrpcService.java:204)
	at org.apache.ratis.server.impl.LeaderElection.lambda$submitRequests$1(LeaderElection.java:238)
	at java.util.concurrent.FutureTask.run(FutureTask.java:266)
	at java.util.concurrent.Executors$RunnableAdapter.call(Executors.java:511)
	at java.util.concurrent.FutureTask.run(FutureTask.java:266)
	at java.util.concurrent.ThreadPoolExecutor.runWorker(ThreadPoolExecutor.java:1149)
	at java.util.concurrent.ThreadPoolExecutor$Worker.run(ThreadPoolExecutor.java:624)
	... 1 more
Caused by: org.apache.ratis.thirdparty.io.netty.channel.AbstractChannel$AnnotatedConnectException: Connection refused: /192.168.164.219:34742
	at sun.nio.ch.SocketChannelImpl.checkConnect(Native Method)
	at sun.nio.ch.SocketChannelImpl.finishConnect(SocketChannelImpl.java:717)
	at org.apache.ratis.thirdparty.io.netty.channel.socket.nio.NioSocketChannel.doFinishConnect(NioSocketChannel.java:327)
	at org.apache.ratis.thirdparty.io.netty.channel.nio.AbstractNioChannel$AbstractNioUnsafe.finishConnect(AbstractNioChannel.java:340)
	at org.apache.ratis.thirdparty.io.netty.channel.nio.NioEventLoop.processSelectedKey(NioEventLoop.java:632)
	at org.apache.ratis.thirdparty.io.netty.channel.nio.NioEventLoop.processSelectedKeysOptimized(NioEventLoop.java:579)
	at org.apache.ratis.thirdparty.io.netty.channel.nio.NioEventLoop.processSelectedKeys(NioEventLoop.java:496)
	at org.apache.ratis.thirdparty.io.netty.channel.nio.NioEventLoop.run(NioEventLoop.java:458)
	at org.apache.ratis.thirdparty.io.netty.util.concurrent.SingleThreadEventExecutor$5.run(SingleThreadEventExecutor.java:897)
	at org.apache.ratis.thirdparty.io.netty.util.concurrent.FastThreadLocalRunnable.run(FastThreadLocalRunnable.java:30)
	... 1 more
Caused by: java.net.ConnectException: Connection refused
	... 11 more
2019-09-25 07:03:50,382 [728640af-76ba-4f5f-856a-2a4b70054956@group-45D5735C29D4:LeaderElection72] INFO  impl.LeaderElection (LogUtils.java:infoOrTrace(149)) -   Exception 1: {}
java.util.concurrent.ExecutionException: org.apache.ratis.thirdparty.io.grpc.StatusRuntimeException: UNAVAILABLE: io exception
	at java.util.concurrent.FutureTask.report(FutureTask.java:122)
	at java.util.concurrent.FutureTask.get(FutureTask.java:192)
	at org.apache.ratis.server.impl.LeaderElection.waitForResults(LeaderElection.java:263)
	at org.apache.ratis.server.impl.LeaderElection.askForVotes(LeaderElection.java:201)
	at org.apache.ratis.server.impl.LeaderElection.run(LeaderElection.java:133)
	at java.lang.Thread.run(Thread.java:748)
Caused by: org.apache.ratis.thirdparty.io.grpc.StatusRuntimeException: UNAVAILABLE: io exception
	at org.apache.ratis.thirdparty.io.grpc.stub.ClientCalls.toStatusRuntimeException(ClientCalls.java:233)
	at org.apache.ratis.thirdparty.io.grpc.stub.ClientCalls.getUnchecked(ClientCalls.java:214)
	at org.apache.ratis.thirdparty.io.grpc.stub.ClientCalls.blockingUnaryCall(ClientCalls.java:139)
	at org.apache.ratis.proto.grpc.RaftServerProtocolServiceGrpc$RaftServerProtocolServiceBlockingStub.requestVote(RaftServerProtocolServiceGrpc.java:265)
	at org.apache.ratis.grpc.server.GrpcServerProtocolClient.requestVote(GrpcServerProtocolClient.java:90)
	at org.apache.ratis.grpc.server.GrpcService.requestVote(GrpcService.java:204)
	at org.apache.ratis.server.impl.LeaderElection.lambda$submitRequests$1(LeaderElection.java:238)
	at java.util.concurrent.FutureTask.run(FutureTask.java:266)
	at java.util.concurrent.Executors$RunnableAdapter.call(Executors.java:511)
	at java.util.concurrent.FutureTask.run(FutureTask.java:266)
	at java.util.concurrent.ThreadPoolExecutor.runWorker(ThreadPoolExecutor.java:1149)
	at java.util.concurrent.ThreadPoolExecutor$Worker.run(ThreadPoolExecutor.java:624)
	... 1 more
Caused by: org.apache.ratis.thirdparty.io.netty.channel.AbstractChannel$AnnotatedConnectException: Connection refused: /192.168.164.219:44213
	at sun.nio.ch.SocketChannelImpl.checkConnect(Native Method)
	at sun.nio.ch.SocketChannelImpl.finishConnect(SocketChannelImpl.java:717)
	at org.apache.ratis.thirdparty.io.netty.channel.socket.nio.NioSocketChannel.doFinishConnect(NioSocketChannel.java:327)
	at org.apache.ratis.thirdparty.io.netty.channel.nio.AbstractNioChannel$AbstractNioUnsafe.finishConnect(AbstractNioChannel.java:340)
	at org.apache.ratis.thirdparty.io.netty.channel.nio.NioEventLoop.processSelectedKey(NioEventLoop.java:632)
	at org.apache.ratis.thirdparty.io.netty.channel.nio.NioEventLoop.processSelectedKeysOptimized(NioEventLoop.java:579)
	at org.apache.ratis.thirdparty.io.netty.channel.nio.NioEventLoop.processSelectedKeys(NioEventLoop.java:496)
	at org.apache.ratis.thirdparty.io.netty.channel.nio.NioEventLoop.run(NioEventLoop.java:458)
	at org.apache.ratis.thirdparty.io.netty.util.concurrent.SingleThreadEventExecutor$5.run(SingleThreadEventExecutor.java:897)
	at org.apache.ratis.thirdparty.io.netty.util.concurrent.FastThreadLocalRunnable.run(FastThreadLocalRunnable.java:30)
	... 1 more
Caused by: java.net.ConnectException: Connection refused
	... 11 more
2019-09-25 07:03:50,382 [728640af-76ba-4f5f-856a-2a4b70054956@group-45D5735C29D4:LeaderElection72] INFO  impl.RaftServerImpl (RaftServerImpl.java:setRole(174)) - 728640af-76ba-4f5f-856a-2a4b70054956@group-45D5735C29D4: changes role from CANDIDATE to FOLLOWER at term 5 for DISCOVERED_A_NEW_TERM
2019-09-25 07:03:50,385 [728640af-76ba-4f5f-856a-2a4b70054956@group-45D5735C29D4:LeaderElection72] INFO  impl.RoleInfo (RoleInfo.java:shutdownLeaderElection(134)) - 728640af-76ba-4f5f-856a-2a4b70054956: shutdown LeaderElection
2019-09-25 07:03:50,385 [728640af-76ba-4f5f-856a-2a4b70054956@group-45D5735C29D4:LeaderElection72] INFO  impl.RoleInfo (RoleInfo.java:updateAndGet(143)) - 728640af-76ba-4f5f-856a-2a4b70054956: start FollowerState
2019-09-25 07:03:51,584 [Thread-1719] INFO  impl.FollowerState (FollowerState.java:run(106)) - 728640af-76ba-4f5f-856a-2a4b70054956:group-45D5735C29D4 changes to CANDIDATE, lastRpcTime:1198, electionTimeout:1198ms
2019-09-25 07:03:51,585 [Thread-1719] INFO  impl.RoleInfo (RoleInfo.java:shutdownFollowerState(121)) - 728640af-76ba-4f5f-856a-2a4b70054956: shutdown FollowerState
2019-09-25 07:03:51,585 [Thread-1719] INFO  impl.RaftServerImpl (RaftServerImpl.java:setRole(174)) - 728640af-76ba-4f5f-856a-2a4b70054956@group-45D5735C29D4: changes role from  FOLLOWER to CANDIDATE at term 5 for changeToCandidate
2019-09-25 07:03:51,585 [Thread-1719] INFO  impl.RoleInfo (RoleInfo.java:updateAndGet(143)) - 728640af-76ba-4f5f-856a-2a4b70054956: start LeaderElection
2019-09-25 07:03:51,608 [728640af-76ba-4f5f-856a-2a4b70054956@group-45D5735C29D4:LeaderElection73] INFO  impl.LeaderElection (LeaderElection.java:askForVotes(182)) - 728640af-76ba-4f5f-856a-2a4b70054956@group-45D5735C29D4:LeaderElection73: begin an election at term 6 for 19: [728640af-76ba-4f5f-856a-2a4b70054956:192.168.164.219:44993, bdbb84ae-3320-4ffc-9458-295388f22350:192.168.164.219:44213, 559541cc-73c8-4a56-acfe-5973788e7bb7:192.168.164.219:34742], old=null
2019-09-25 07:03:51,610 [728640af-76ba-4f5f-856a-2a4b70054956@group-45D5735C29D4:LeaderElection73] INFO  impl.LeaderElection (LogUtils.java:infoOrTrace(149)) - 728640af-76ba-4f5f-856a-2a4b70054956@group-45D5735C29D4:LeaderElection73 got exception when requesting votes: {}
java.util.concurrent.ExecutionException: org.apache.ratis.thirdparty.io.grpc.StatusRuntimeException: UNAVAILABLE: io exception
	at java.util.concurrent.FutureTask.report(FutureTask.java:122)
	at java.util.concurrent.FutureTask.get(FutureTask.java:192)
	at org.apache.ratis.server.impl.LeaderElection.waitForResults(LeaderElection.java:263)
	at org.apache.ratis.server.impl.LeaderElection.askForVotes(LeaderElection.java:201)
	at org.apache.ratis.server.impl.LeaderElection.run(LeaderElection.java:133)
	at java.lang.Thread.run(Thread.java:748)
Caused by: org.apache.ratis.thirdparty.io.grpc.StatusRuntimeException: UNAVAILABLE: io exception
	at org.apache.ratis.thirdparty.io.grpc.stub.ClientCalls.toStatusRuntimeException(ClientCalls.java:233)
	at org.apache.ratis.thirdparty.io.grpc.stub.ClientCalls.getUnchecked(ClientCalls.java:214)
	at org.apache.ratis.thirdparty.io.grpc.stub.ClientCalls.blockingUnaryCall(ClientCalls.java:139)
	at org.apache.ratis.proto.grpc.RaftServerProtocolServiceGrpc$RaftServerProtocolServiceBlockingStub.requestVote(RaftServerProtocolServiceGrpc.java:265)
	at org.apache.ratis.grpc.server.GrpcServerProtocolClient.requestVote(GrpcServerProtocolClient.java:90)
	at org.apache.ratis.grpc.server.GrpcService.requestVote(GrpcService.java:204)
	at org.apache.ratis.server.impl.LeaderElection.lambda$submitRequests$1(LeaderElection.java:238)
	at java.util.concurrent.FutureTask.run(FutureTask.java:266)
	at java.util.concurrent.Executors$RunnableAdapter.call(Executors.java:511)
	at java.util.concurrent.FutureTask.run(FutureTask.java:266)
	at java.util.concurrent.ThreadPoolExecutor.runWorker(ThreadPoolExecutor.java:1149)
	at java.util.concurrent.ThreadPoolExecutor$Worker.run(ThreadPoolExecutor.java:624)
	... 1 more
Caused by: org.apache.ratis.thirdparty.io.netty.channel.AbstractChannel$AnnotatedConnectException: Connection refused: /192.168.164.219:44213
	at sun.nio.ch.SocketChannelImpl.checkConnect(Native Method)
	at sun.nio.ch.SocketChannelImpl.finishConnect(SocketChannelImpl.java:717)
	at org.apache.ratis.thirdparty.io.netty.channel.socket.nio.NioSocketChannel.doFinishConnect(NioSocketChannel.java:327)
	at org.apache.ratis.thirdparty.io.netty.channel.nio.AbstractNioChannel$AbstractNioUnsafe.finishConnect(AbstractNioChannel.java:340)
	at org.apache.ratis.thirdparty.io.netty.channel.nio.NioEventLoop.processSelectedKey(NioEventLoop.java:632)
	at org.apache.ratis.thirdparty.io.netty.channel.nio.NioEventLoop.processSelectedKeysOptimized(NioEventLoop.java:579)
	at org.apache.ratis.thirdparty.io.netty.channel.nio.NioEventLoop.processSelectedKeys(NioEventLoop.java:496)
	at org.apache.ratis.thirdparty.io.netty.channel.nio.NioEventLoop.run(NioEventLoop.java:458)
	at org.apache.ratis.thirdparty.io.netty.util.concurrent.SingleThreadEventExecutor$5.run(SingleThreadEventExecutor.java:897)
	at org.apache.ratis.thirdparty.io.netty.util.concurrent.FastThreadLocalRunnable.run(FastThreadLocalRunnable.java:30)
	... 1 more
Caused by: java.net.ConnectException: Connection refused
	... 11 more
2019-09-25 07:03:51,611 [728640af-76ba-4f5f-856a-2a4b70054956@group-45D5735C29D4:LeaderElection73] INFO  impl.LeaderElection (LogUtils.java:infoOrTrace(149)) - 728640af-76ba-4f5f-856a-2a4b70054956@group-45D5735C29D4:LeaderElection73 got exception when requesting votes: {}
java.util.concurrent.ExecutionException: org.apache.ratis.thirdparty.io.grpc.StatusRuntimeException: UNAVAILABLE: io exception
	at java.util.concurrent.FutureTask.report(FutureTask.java:122)
	at java.util.concurrent.FutureTask.get(FutureTask.java:192)
	at org.apache.ratis.server.impl.LeaderElection.waitForResults(LeaderElection.java:263)
	at org.apache.ratis.server.impl.LeaderElection.askForVotes(LeaderElection.java:201)
	at org.apache.ratis.server.impl.LeaderElection.run(LeaderElection.java:133)
	at java.lang.Thread.run(Thread.java:748)
Caused by: org.apache.ratis.thirdparty.io.grpc.StatusRuntimeException: UNAVAILABLE: io exception
	at org.apache.ratis.thirdparty.io.grpc.stub.ClientCalls.toStatusRuntimeException(ClientCalls.java:233)
	at org.apache.ratis.thirdparty.io.grpc.stub.ClientCalls.getUnchecked(ClientCalls.java:214)
	at org.apache.ratis.thirdparty.io.grpc.stub.ClientCalls.blockingUnaryCall(ClientCalls.java:139)
	at org.apache.ratis.proto.grpc.RaftServerProtocolServiceGrpc$RaftServerProtocolServiceBlockingStub.requestVote(RaftServerProtocolServiceGrpc.java:265)
	at org.apache.ratis.grpc.server.GrpcServerProtocolClient.requestVote(GrpcServerProtocolClient.java:90)
	at org.apache.ratis.grpc.server.GrpcService.requestVote(GrpcService.java:204)
	at org.apache.ratis.server.impl.LeaderElection.lambda$submitRequests$1(LeaderElection.java:238)
	at java.util.concurrent.FutureTask.run(FutureTask.java:266)
	at java.util.concurrent.Executors$RunnableAdapter.call(Executors.java:511)
	at java.util.concurrent.FutureTask.run(FutureTask.java:266)
	at java.util.concurrent.ThreadPoolExecutor.runWorker(ThreadPoolExecutor.java:1149)
	at java.util.concurrent.ThreadPoolExecutor$Worker.run(ThreadPoolExecutor.java:624)
	... 1 more
Caused by: org.apache.ratis.thirdparty.io.netty.channel.AbstractChannel$AnnotatedConnectException: Connection refused: /192.168.164.219:34742
	at sun.nio.ch.SocketChannelImpl.checkConnect(Native Method)
	at sun.nio.ch.SocketChannelImpl.finishConnect(SocketChannelImpl.java:717)
	at org.apache.ratis.thirdparty.io.netty.channel.socket.nio.NioSocketChannel.doFinishConnect(NioSocketChannel.java:327)
	at org.apache.ratis.thirdparty.io.netty.channel.nio.AbstractNioChannel$AbstractNioUnsafe.finishConnect(AbstractNioChannel.java:340)
	at org.apache.ratis.thirdparty.io.netty.channel.nio.NioEventLoop.processSelectedKey(NioEventLoop.java:632)
	at org.apache.ratis.thirdparty.io.netty.channel.nio.NioEventLoop.processSelectedKeysOptimized(NioEventLoop.java:579)
	at org.apache.ratis.thirdparty.io.netty.channel.nio.NioEventLoop.processSelectedKeys(NioEventLoop.java:496)
	at org.apache.ratis.thirdparty.io.netty.channel.nio.NioEventLoop.run(NioEventLoop.java:458)
	at org.apache.ratis.thirdparty.io.netty.util.concurrent.SingleThreadEventExecutor$5.run(SingleThreadEventExecutor.java:897)
	at org.apache.ratis.thirdparty.io.netty.util.concurrent.FastThreadLocalRunnable.run(FastThreadLocalRunnable.java:30)
	... 1 more
Caused by: java.net.ConnectException: Connection refused
	... 11 more
2019-09-25 07:03:51,612 [728640af-76ba-4f5f-856a-2a4b70054956@group-45D5735C29D4:LeaderElection73] INFO  impl.LeaderElection (LeaderElection.java:logAndReturn(56)) - 728640af-76ba-4f5f-856a-2a4b70054956@group-45D5735C29D4:LeaderElection73: Election REJECTED; received 0 response(s) [] and 2 exception(s); 728640af-76ba-4f5f-856a-2a4b70054956@group-45D5735C29D4:t6, leader=null, voted=728640af-76ba-4f5f-856a-2a4b70054956, raftlog=728640af-76ba-4f5f-856a-2a4b70054956@group-45D5735C29D4-SegmentedRaftLog:OPENED:c20,f20,i20, conf=19: [728640af-76ba-4f5f-856a-2a4b70054956:192.168.164.219:44993, bdbb84ae-3320-4ffc-9458-295388f22350:192.168.164.219:44213, 559541cc-73c8-4a56-acfe-5973788e7bb7:192.168.164.219:34742], old=null
2019-09-25 07:03:51,612 [728640af-76ba-4f5f-856a-2a4b70054956@group-45D5735C29D4:LeaderElection73] INFO  impl.LeaderElection (LogUtils.java:infoOrTrace(149)) -   Exception 0: {}
java.util.concurrent.ExecutionException: org.apache.ratis.thirdparty.io.grpc.StatusRuntimeException: UNAVAILABLE: io exception
	at java.util.concurrent.FutureTask.report(FutureTask.java:122)
	at java.util.concurrent.FutureTask.get(FutureTask.java:192)
	at org.apache.ratis.server.impl.LeaderElection.waitForResults(LeaderElection.java:263)
	at org.apache.ratis.server.impl.LeaderElection.askForVotes(LeaderElection.java:201)
	at org.apache.ratis.server.impl.LeaderElection.run(LeaderElection.java:133)
	at java.lang.Thread.run(Thread.java:748)
Caused by: org.apache.ratis.thirdparty.io.grpc.StatusRuntimeException: UNAVAILABLE: io exception
	at org.apache.ratis.thirdparty.io.grpc.stub.ClientCalls.toStatusRuntimeException(ClientCalls.java:233)
	at org.apache.ratis.thirdparty.io.grpc.stub.ClientCalls.getUnchecked(ClientCalls.java:214)
	at org.apache.ratis.thirdparty.io.grpc.stub.ClientCalls.blockingUnaryCall(ClientCalls.java:139)
	at org.apache.ratis.proto.grpc.RaftServerProtocolServiceGrpc$RaftServerProtocolServiceBlockingStub.requestVote(RaftServerProtocolServiceGrpc.java:265)
	at org.apache.ratis.grpc.server.GrpcServerProtocolClient.requestVote(GrpcServerProtocolClient.java:90)
	at org.apache.ratis.grpc.server.GrpcService.requestVote(GrpcService.java:204)
	at org.apache.ratis.server.impl.LeaderElection.lambda$submitRequests$1(LeaderElection.java:238)
	at java.util.concurrent.FutureTask.run(FutureTask.java:266)
	at java.util.concurrent.Executors$RunnableAdapter.call(Executors.java:511)
	at java.util.concurrent.FutureTask.run(FutureTask.java:266)
	at java.util.concurrent.ThreadPoolExecutor.runWorker(ThreadPoolExecutor.java:1149)
	at java.util.concurrent.ThreadPoolExecutor$Worker.run(ThreadPoolExecutor.java:624)
	... 1 more
Caused by: org.apache.ratis.thirdparty.io.netty.channel.AbstractChannel$AnnotatedConnectException: Connection refused: /192.168.164.219:44213
	at sun.nio.ch.SocketChannelImpl.checkConnect(Native Method)
	at sun.nio.ch.SocketChannelImpl.finishConnect(SocketChannelImpl.java:717)
	at org.apache.ratis.thirdparty.io.netty.channel.socket.nio.NioSocketChannel.doFinishConnect(NioSocketChannel.java:327)
	at org.apache.ratis.thirdparty.io.netty.channel.nio.AbstractNioChannel$AbstractNioUnsafe.finishConnect(AbstractNioChannel.java:340)
	at org.apache.ratis.thirdparty.io.netty.channel.nio.NioEventLoop.processSelectedKey(NioEventLoop.java:632)
	at org.apache.ratis.thirdparty.io.netty.channel.nio.NioEventLoop.processSelectedKeysOptimized(NioEventLoop.java:579)
	at org.apache.ratis.thirdparty.io.netty.channel.nio.NioEventLoop.processSelectedKeys(NioEventLoop.java:496)
	at org.apache.ratis.thirdparty.io.netty.channel.nio.NioEventLoop.run(NioEventLoop.java:458)
	at org.apache.ratis.thirdparty.io.netty.util.concurrent.SingleThreadEventExecutor$5.run(SingleThreadEventExecutor.java:897)
	at org.apache.ratis.thirdparty.io.netty.util.concurrent.FastThreadLocalRunnable.run(FastThreadLocalRunnable.java:30)
	... 1 more
Caused by: java.net.ConnectException: Connection refused
	... 11 more
2019-09-25 07:03:51,612 [728640af-76ba-4f5f-856a-2a4b70054956@group-45D5735C29D4:LeaderElection73] INFO  impl.LeaderElection (LogUtils.java:infoOrTrace(149)) -   Exception 1: {}
java.util.concurrent.ExecutionException: org.apache.ratis.thirdparty.io.grpc.StatusRuntimeException: UNAVAILABLE: io exception
	at java.util.concurrent.FutureTask.report(FutureTask.java:122)
	at java.util.concurrent.FutureTask.get(FutureTask.java:192)
	at org.apache.ratis.server.impl.LeaderElection.waitForResults(LeaderElection.java:263)
	at org.apache.ratis.server.impl.LeaderElection.askForVotes(LeaderElection.java:201)
	at org.apache.ratis.server.impl.LeaderElection.run(LeaderElection.java:133)
	at java.lang.Thread.run(Thread.java:748)
Caused by: org.apache.ratis.thirdparty.io.grpc.StatusRuntimeException: UNAVAILABLE: io exception
	at org.apache.ratis.thirdparty.io.grpc.stub.ClientCalls.toStatusRuntimeException(ClientCalls.java:233)
	at org.apache.ratis.thirdparty.io.grpc.stub.ClientCalls.getUnchecked(ClientCalls.java:214)
	at org.apache.ratis.thirdparty.io.grpc.stub.ClientCalls.blockingUnaryCall(ClientCalls.java:139)
	at org.apache.ratis.proto.grpc.RaftServerProtocolServiceGrpc$RaftServerProtocolServiceBlockingStub.requestVote(RaftServerProtocolServiceGrpc.java:265)
	at org.apache.ratis.grpc.server.GrpcServerProtocolClient.requestVote(GrpcServerProtocolClient.java:90)
	at org.apache.ratis.grpc.server.GrpcService.requestVote(GrpcService.java:204)
	at org.apache.ratis.server.impl.LeaderElection.lambda$submitRequests$1(LeaderElection.java:238)
	at java.util.concurrent.FutureTask.run(FutureTask.java:266)
	at java.util.concurrent.Executors$RunnableAdapter.call(Executors.java:511)
	at java.util.concurrent.FutureTask.run(FutureTask.java:266)
	at java.util.concurrent.ThreadPoolExecutor.runWorker(ThreadPoolExecutor.java:1149)
	at java.util.concurrent.ThreadPoolExecutor$Worker.run(ThreadPoolExecutor.java:624)
	... 1 more
Caused by: org.apache.ratis.thirdparty.io.netty.channel.AbstractChannel$AnnotatedConnectException: Connection refused: /192.168.164.219:34742
	at sun.nio.ch.SocketChannelImpl.checkConnect(Native Method)
	at sun.nio.ch.SocketChannelImpl.finishConnect(SocketChannelImpl.java:717)
	at org.apache.ratis.thirdparty.io.netty.channel.socket.nio.NioSocketChannel.doFinishConnect(NioSocketChannel.java:327)
	at org.apache.ratis.thirdparty.io.netty.channel.nio.AbstractNioChannel$AbstractNioUnsafe.finishConnect(AbstractNioChannel.java:340)
	at org.apache.ratis.thirdparty.io.netty.channel.nio.NioEventLoop.processSelectedKey(NioEventLoop.java:632)
	at org.apache.ratis.thirdparty.io.netty.channel.nio.NioEventLoop.processSelectedKeysOptimized(NioEventLoop.java:579)
	at org.apache.ratis.thirdparty.io.netty.channel.nio.NioEventLoop.processSelectedKeys(NioEventLoop.java:496)
	at org.apache.ratis.thirdparty.io.netty.channel.nio.NioEventLoop.run(NioEventLoop.java:458)
	at org.apache.ratis.thirdparty.io.netty.util.concurrent.SingleThreadEventExecutor$5.run(SingleThreadEventExecutor.java:897)
	at org.apache.ratis.thirdparty.io.netty.util.concurrent.FastThreadLocalRunnable.run(FastThreadLocalRunnable.java:30)
	... 1 more
Caused by: java.net.ConnectException: Connection refused
	... 11 more
2019-09-25 07:03:51,613 [728640af-76ba-4f5f-856a-2a4b70054956@group-45D5735C29D4:LeaderElection73] INFO  impl.RaftServerImpl (RaftServerImpl.java:setRole(174)) - 728640af-76ba-4f5f-856a-2a4b70054956@group-45D5735C29D4: changes role from CANDIDATE to FOLLOWER at term 6 for DISCOVERED_A_NEW_TERM
2019-09-25 07:03:51,613 [728640af-76ba-4f5f-856a-2a4b70054956@group-45D5735C29D4:LeaderElection73] INFO  impl.RoleInfo (RoleInfo.java:shutdownLeaderElection(134)) - 728640af-76ba-4f5f-856a-2a4b70054956: shutdown LeaderElection
2019-09-25 07:03:51,614 [728640af-76ba-4f5f-856a-2a4b70054956@group-45D5735C29D4:LeaderElection73] INFO  impl.RoleInfo (RoleInfo.java:updateAndGet(143)) - 728640af-76ba-4f5f-856a-2a4b70054956: start FollowerState
2019-09-25 07:03:52,679 [Thread-1729] INFO  impl.FollowerState (FollowerState.java:run(106)) - 728640af-76ba-4f5f-856a-2a4b70054956:group-45D5735C29D4 changes to CANDIDATE, lastRpcTime:1065, electionTimeout:1065ms
2019-09-25 07:03:52,680 [Thread-1729] INFO  impl.RoleInfo (RoleInfo.java:shutdownFollowerState(121)) - 728640af-76ba-4f5f-856a-2a4b70054956: shutdown FollowerState
2019-09-25 07:03:52,680 [Thread-1729] INFO  impl.RaftServerImpl (RaftServerImpl.java:setRole(174)) - 728640af-76ba-4f5f-856a-2a4b70054956@group-45D5735C29D4: changes role from  FOLLOWER to CANDIDATE at term 6 for changeToCandidate
2019-09-25 07:03:52,680 [Thread-1729] INFO  impl.RoleInfo (RoleInfo.java:updateAndGet(143)) - 728640af-76ba-4f5f-856a-2a4b70054956: start LeaderElection
2019-09-25 07:03:52,694 [728640af-76ba-4f5f-856a-2a4b70054956@group-45D5735C29D4:LeaderElection74] INFO  impl.LeaderElection (LeaderElection.java:askForVotes(182)) - 728640af-76ba-4f5f-856a-2a4b70054956@group-45D5735C29D4:LeaderElection74: begin an election at term 7 for 19: [728640af-76ba-4f5f-856a-2a4b70054956:192.168.164.219:44993, bdbb84ae-3320-4ffc-9458-295388f22350:192.168.164.219:44213, 559541cc-73c8-4a56-acfe-5973788e7bb7:192.168.164.219:34742], old=null
2019-09-25 07:03:52,695 [728640af-76ba-4f5f-856a-2a4b70054956@group-45D5735C29D4:LeaderElection74] INFO  impl.LeaderElection (LogUtils.java:infoOrTrace(149)) - 728640af-76ba-4f5f-856a-2a4b70054956@group-45D5735C29D4:LeaderElection74 got exception when requesting votes: {}
java.util.concurrent.ExecutionException: org.apache.ratis.thirdparty.io.grpc.StatusRuntimeException: UNAVAILABLE: io exception
	at java.util.concurrent.FutureTask.report(FutureTask.java:122)
	at java.util.concurrent.FutureTask.get(FutureTask.java:192)
	at org.apache.ratis.server.impl.LeaderElection.waitForResults(LeaderElection.java:263)
	at org.apache.ratis.server.impl.LeaderElection.askForVotes(LeaderElection.java:201)
	at org.apache.ratis.server.impl.LeaderElection.run(LeaderElection.java:133)
	at java.lang.Thread.run(Thread.java:748)
Caused by: org.apache.ratis.thirdparty.io.grpc.StatusRuntimeException: UNAVAILABLE: io exception
	at org.apache.ratis.thirdparty.io.grpc.stub.ClientCalls.toStatusRuntimeException(ClientCalls.java:233)
	at org.apache.ratis.thirdparty.io.grpc.stub.ClientCalls.getUnchecked(ClientCalls.java:214)
	at org.apache.ratis.thirdparty.io.grpc.stub.ClientCalls.blockingUnaryCall(ClientCalls.java:139)
	at org.apache.ratis.proto.grpc.RaftServerProtocolServiceGrpc$RaftServerProtocolServiceBlockingStub.requestVote(RaftServerProtocolServiceGrpc.java:265)
	at org.apache.ratis.grpc.server.GrpcServerProtocolClient.requestVote(GrpcServerProtocolClient.java:90)
	at org.apache.ratis.grpc.server.GrpcService.requestVote(GrpcService.java:204)
	at org.apache.ratis.server.impl.LeaderElection.lambda$submitRequests$1(LeaderElection.java:238)
	at java.util.concurrent.FutureTask.run(FutureTask.java:266)
	at java.util.concurrent.Executors$RunnableAdapter.call(Executors.java:511)
	at java.util.concurrent.FutureTask.run(FutureTask.java:266)
	at java.util.concurrent.ThreadPoolExecutor.runWorker(ThreadPoolExecutor.java:1149)
	at java.util.concurrent.ThreadPoolExecutor$Worker.run(ThreadPoolExecutor.java:624)
	... 1 more
Caused by: org.apache.ratis.thirdparty.io.netty.channel.AbstractChannel$AnnotatedConnectException: Connection refused: /192.168.164.219:44213
	at sun.nio.ch.SocketChannelImpl.checkConnect(Native Method)
	at sun.nio.ch.SocketChannelImpl.finishConnect(SocketChannelImpl.java:717)
	at org.apache.ratis.thirdparty.io.netty.channel.socket.nio.NioSocketChannel.doFinishConnect(NioSocketChannel.java:327)
	at org.apache.ratis.thirdparty.io.netty.channel.nio.AbstractNioChannel$AbstractNioUnsafe.finishConnect(AbstractNioChannel.java:340)
	at org.apache.ratis.thirdparty.io.netty.channel.nio.NioEventLoop.processSelectedKey(NioEventLoop.java:632)
	at org.apache.ratis.thirdparty.io.netty.channel.nio.NioEventLoop.processSelectedKeysOptimized(NioEventLoop.java:579)
	at org.apache.ratis.thirdparty.io.netty.channel.nio.NioEventLoop.processSelectedKeys(NioEventLoop.java:496)
	at org.apache.ratis.thirdparty.io.netty.channel.nio.NioEventLoop.run(NioEventLoop.java:458)
	at org.apache.ratis.thirdparty.io.netty.util.concurrent.SingleThreadEventExecutor$5.run(SingleThreadEventExecutor.java:897)
	at org.apache.ratis.thirdparty.io.netty.util.concurrent.FastThreadLocalRunnable.run(FastThreadLocalRunnable.java:30)
	... 1 more
Caused by: java.net.ConnectException: Connection refused
	... 11 more
2019-09-25 07:03:52,696 [728640af-76ba-4f5f-856a-2a4b70054956@group-45D5735C29D4:LeaderElection74] INFO  impl.LeaderElection (LogUtils.java:infoOrTrace(149)) - 728640af-76ba-4f5f-856a-2a4b70054956@group-45D5735C29D4:LeaderElection74 got exception when requesting votes: {}
java.util.concurrent.ExecutionException: org.apache.ratis.thirdparty.io.grpc.StatusRuntimeException: UNAVAILABLE: io exception
	at java.util.concurrent.FutureTask.report(FutureTask.java:122)
	at java.util.concurrent.FutureTask.get(FutureTask.java:192)
	at org.apache.ratis.server.impl.LeaderElection.waitForResults(LeaderElection.java:263)
	at org.apache.ratis.server.impl.LeaderElection.askForVotes(LeaderElection.java:201)
	at org.apache.ratis.server.impl.LeaderElection.run(LeaderElection.java:133)
	at java.lang.Thread.run(Thread.java:748)
Caused by: org.apache.ratis.thirdparty.io.grpc.StatusRuntimeException: UNAVAILABLE: io exception
	at org.apache.ratis.thirdparty.io.grpc.stub.ClientCalls.toStatusRuntimeException(ClientCalls.java:233)
	at org.apache.ratis.thirdparty.io.grpc.stub.ClientCalls.getUnchecked(ClientCalls.java:214)
	at org.apache.ratis.thirdparty.io.grpc.stub.ClientCalls.blockingUnaryCall(ClientCalls.java:139)
	at org.apache.ratis.proto.grpc.RaftServerProtocolServiceGrpc$RaftServerProtocolServiceBlockingStub.requestVote(RaftServerProtocolServiceGrpc.java:265)
	at org.apache.ratis.grpc.server.GrpcServerProtocolClient.requestVote(GrpcServerProtocolClient.java:90)
	at org.apache.ratis.grpc.server.GrpcService.requestVote(GrpcService.java:204)
	at org.apache.ratis.server.impl.LeaderElection.lambda$submitRequests$1(LeaderElection.java:238)
	at java.util.concurrent.FutureTask.run(FutureTask.java:266)
	at java.util.concurrent.Executors$RunnableAdapter.call(Executors.java:511)
	at java.util.concurrent.FutureTask.run(FutureTask.java:266)
	at java.util.concurrent.ThreadPoolExecutor.runWorker(ThreadPoolExecutor.java:1149)
	at java.util.concurrent.ThreadPoolExecutor$Worker.run(ThreadPoolExecutor.java:624)
	... 1 more
Caused by: org.apache.ratis.thirdparty.io.netty.channel.AbstractChannel$AnnotatedConnectException: Connection refused: /192.168.164.219:34742
	at sun.nio.ch.SocketChannelImpl.checkConnect(Native Method)
	at sun.nio.ch.SocketChannelImpl.finishConnect(SocketChannelImpl.java:717)
	at org.apache.ratis.thirdparty.io.netty.channel.socket.nio.NioSocketChannel.doFinishConnect(NioSocketChannel.java:327)
	at org.apache.ratis.thirdparty.io.netty.channel.nio.AbstractNioChannel$AbstractNioUnsafe.finishConnect(AbstractNioChannel.java:340)
	at org.apache.ratis.thirdparty.io.netty.channel.nio.NioEventLoop.processSelectedKey(NioEventLoop.java:632)
	at org.apache.ratis.thirdparty.io.netty.channel.nio.NioEventLoop.processSelectedKeysOptimized(NioEventLoop.java:579)
	at org.apache.ratis.thirdparty.io.netty.channel.nio.NioEventLoop.processSelectedKeys(NioEventLoop.java:496)
	at org.apache.ratis.thirdparty.io.netty.channel.nio.NioEventLoop.run(NioEventLoop.java:458)
	at org.apache.ratis.thirdparty.io.netty.util.concurrent.SingleThreadEventExecutor$5.run(SingleThreadEventExecutor.java:897)
	at org.apache.ratis.thirdparty.io.netty.util.concurrent.FastThreadLocalRunnable.run(FastThreadLocalRunnable.java:30)
	... 1 more
Caused by: java.net.ConnectException: Connection refused
	... 11 more
2019-09-25 07:03:52,696 [728640af-76ba-4f5f-856a-2a4b70054956@group-45D5735C29D4:LeaderElection74] INFO  impl.LeaderElection (LeaderElection.java:logAndReturn(56)) - 728640af-76ba-4f5f-856a-2a4b70054956@group-45D5735C29D4:LeaderElection74: Election REJECTED; received 0 response(s) [] and 2 exception(s); 728640af-76ba-4f5f-856a-2a4b70054956@group-45D5735C29D4:t7, leader=null, voted=728640af-76ba-4f5f-856a-2a4b70054956, raftlog=728640af-76ba-4f5f-856a-2a4b70054956@group-45D5735C29D4-SegmentedRaftLog:OPENED:c20,f20,i20, conf=19: [728640af-76ba-4f5f-856a-2a4b70054956:192.168.164.219:44993, bdbb84ae-3320-4ffc-9458-295388f22350:192.168.164.219:44213, 559541cc-73c8-4a56-acfe-5973788e7bb7:192.168.164.219:34742], old=null
2019-09-25 07:03:52,697 [728640af-76ba-4f5f-856a-2a4b70054956@group-45D5735C29D4:LeaderElection74] INFO  impl.LeaderElection (LogUtils.java:infoOrTrace(149)) -   Exception 0: {}
java.util.concurrent.ExecutionException: org.apache.ratis.thirdparty.io.grpc.StatusRuntimeException: UNAVAILABLE: io exception
	at java.util.concurrent.FutureTask.report(FutureTask.java:122)
	at java.util.concurrent.FutureTask.get(FutureTask.java:192)
	at org.apache.ratis.server.impl.LeaderElection.waitForResults(LeaderElection.java:263)
	at org.apache.ratis.server.impl.LeaderElection.askForVotes(LeaderElection.java:201)
	at org.apache.ratis.server.impl.LeaderElection.run(LeaderElection.java:133)
	at java.lang.Thread.run(Thread.java:748)
Caused by: org.apache.ratis.thirdparty.io.grpc.StatusRuntimeException: UNAVAILABLE: io exception
	at org.apache.ratis.thirdparty.io.grpc.stub.ClientCalls.toStatusRuntimeException(ClientCalls.java:233)
	at org.apache.ratis.thirdparty.io.grpc.stub.ClientCalls.getUnchecked(ClientCalls.java:214)
	at org.apache.ratis.thirdparty.io.grpc.stub.ClientCalls.blockingUnaryCall(ClientCalls.java:139)
	at org.apache.ratis.proto.grpc.RaftServerProtocolServiceGrpc$RaftServerProtocolServiceBlockingStub.requestVote(RaftServerProtocolServiceGrpc.java:265)
	at org.apache.ratis.grpc.server.GrpcServerProtocolClient.requestVote(GrpcServerProtocolClient.java:90)
	at org.apache.ratis.grpc.server.GrpcService.requestVote(GrpcService.java:204)
	at org.apache.ratis.server.impl.LeaderElection.lambda$submitRequests$1(LeaderElection.java:238)
	at java.util.concurrent.FutureTask.run(FutureTask.java:266)
	at java.util.concurrent.Executors$RunnableAdapter.call(Executors.java:511)
	at java.util.concurrent.FutureTask.run(FutureTask.java:266)
	at java.util.concurrent.ThreadPoolExecutor.runWorker(ThreadPoolExecutor.java:1149)
	at java.util.concurrent.ThreadPoolExecutor$Worker.run(ThreadPoolExecutor.java:624)
	... 1 more
Caused by: org.apache.ratis.thirdparty.io.netty.channel.AbstractChannel$AnnotatedConnectException: Connection refused: /192.168.164.219:44213
	at sun.nio.ch.SocketChannelImpl.checkConnect(Native Method)
	at sun.nio.ch.SocketChannelImpl.finishConnect(SocketChannelImpl.java:717)
	at org.apache.ratis.thirdparty.io.netty.channel.socket.nio.NioSocketChannel.doFinishConnect(NioSocketChannel.java:327)
	at org.apache.ratis.thirdparty.io.netty.channel.nio.AbstractNioChannel$AbstractNioUnsafe.finishConnect(AbstractNioChannel.java:340)
	at org.apache.ratis.thirdparty.io.netty.channel.nio.NioEventLoop.processSelectedKey(NioEventLoop.java:632)
	at org.apache.ratis.thirdparty.io.netty.channel.nio.NioEventLoop.processSelectedKeysOptimized(NioEventLoop.java:579)
	at org.apache.ratis.thirdparty.io.netty.channel.nio.NioEventLoop.processSelectedKeys(NioEventLoop.java:496)
	at org.apache.ratis.thirdparty.io.netty.channel.nio.NioEventLoop.run(NioEventLoop.java:458)
	at org.apache.ratis.thirdparty.io.netty.util.concurrent.SingleThreadEventExecutor$5.run(SingleThreadEventExecutor.java:897)
	at org.apache.ratis.thirdparty.io.netty.util.concurrent.FastThreadLocalRunnable.run(FastThreadLocalRunnable.java:30)
	... 1 more
Caused by: java.net.ConnectException: Connection refused
	... 11 more
2019-09-25 07:03:52,697 [728640af-76ba-4f5f-856a-2a4b70054956@group-45D5735C29D4:LeaderElection74] INFO  impl.LeaderElection (LogUtils.java:infoOrTrace(149)) -   Exception 1: {}
java.util.concurrent.ExecutionException: org.apache.ratis.thirdparty.io.grpc.StatusRuntimeException: UNAVAILABLE: io exception
	at java.util.concurrent.FutureTask.report(FutureTask.java:122)
	at java.util.concurrent.FutureTask.get(FutureTask.java:192)
	at org.apache.ratis.server.impl.LeaderElection.waitForResults(LeaderElection.java:263)
	at org.apache.ratis.server.impl.LeaderElection.askForVotes(LeaderElection.java:201)
	at org.apache.ratis.server.impl.LeaderElection.run(LeaderElection.java:133)
	at java.lang.Thread.run(Thread.java:748)
Caused by: org.apache.ratis.thirdparty.io.grpc.StatusRuntimeException: UNAVAILABLE: io exception
	at org.apache.ratis.thirdparty.io.grpc.stub.ClientCalls.toStatusRuntimeException(ClientCalls.java:233)
	at org.apache.ratis.thirdparty.io.grpc.stub.ClientCalls.getUnchecked(ClientCalls.java:214)
	at org.apache.ratis.thirdparty.io.grpc.stub.ClientCalls.blockingUnaryCall(ClientCalls.java:139)
	at org.apache.ratis.proto.grpc.RaftServerProtocolServiceGrpc$RaftServerProtocolServiceBlockingStub.requestVote(RaftServerProtocolServiceGrpc.java:265)
	at org.apache.ratis.grpc.server.GrpcServerProtocolClient.requestVote(GrpcServerProtocolClient.java:90)
	at org.apache.ratis.grpc.server.GrpcService.requestVote(GrpcService.java:204)
	at org.apache.ratis.server.impl.LeaderElection.lambda$submitRequests$1(LeaderElection.java:238)
	at java.util.concurrent.FutureTask.run(FutureTask.java:266)
	at java.util.concurrent.Executors$RunnableAdapter.call(Executors.java:511)
	at java.util.concurrent.FutureTask.run(FutureTask.java:266)
	at java.util.concurrent.ThreadPoolExecutor.runWorker(ThreadPoolExecutor.java:1149)
	at java.util.concurrent.ThreadPoolExecutor$Worker.run(ThreadPoolExecutor.java:624)
	... 1 more
Caused by: org.apache.ratis.thirdparty.io.netty.channel.AbstractChannel$AnnotatedConnectException: Connection refused: /192.168.164.219:34742
	at sun.nio.ch.SocketChannelImpl.checkConnect(Native Method)
	at sun.nio.ch.SocketChannelImpl.finishConnect(SocketChannelImpl.java:717)
	at org.apache.ratis.thirdparty.io.netty.channel.socket.nio.NioSocketChannel.doFinishConnect(NioSocketChannel.java:327)
	at org.apache.ratis.thirdparty.io.netty.channel.nio.AbstractNioChannel$AbstractNioUnsafe.finishConnect(AbstractNioChannel.java:340)
	at org.apache.ratis.thirdparty.io.netty.channel.nio.NioEventLoop.processSelectedKey(NioEventLoop.java:632)
	at org.apache.ratis.thirdparty.io.netty.channel.nio.NioEventLoop.processSelectedKeysOptimized(NioEventLoop.java:579)
	at org.apache.ratis.thirdparty.io.netty.channel.nio.NioEventLoop.processSelectedKeys(NioEventLoop.java:496)
	at org.apache.ratis.thirdparty.io.netty.channel.nio.NioEventLoop.run(NioEventLoop.java:458)
	at org.apache.ratis.thirdparty.io.netty.util.concurrent.SingleThreadEventExecutor$5.run(SingleThreadEventExecutor.java:897)
	at org.apache.ratis.thirdparty.io.netty.util.concurrent.FastThreadLocalRunnable.run(FastThreadLocalRunnable.java:30)
	... 1 more
Caused by: java.net.ConnectException: Connection refused
	... 11 more
2019-09-25 07:03:52,697 [728640af-76ba-4f5f-856a-2a4b70054956@group-45D5735C29D4:LeaderElection74] INFO  impl.RaftServerImpl (RaftServerImpl.java:setRole(174)) - 728640af-76ba-4f5f-856a-2a4b70054956@group-45D5735C29D4: changes role from CANDIDATE to FOLLOWER at term 7 for DISCOVERED_A_NEW_TERM
2019-09-25 07:03:52,697 [728640af-76ba-4f5f-856a-2a4b70054956@group-45D5735C29D4:LeaderElection74] INFO  impl.RoleInfo (RoleInfo.java:shutdownLeaderElection(134)) - 728640af-76ba-4f5f-856a-2a4b70054956: shutdown LeaderElection
2019-09-25 07:03:52,698 [728640af-76ba-4f5f-856a-2a4b70054956@group-45D5735C29D4:LeaderElection74] INFO  impl.RoleInfo (RoleInfo.java:updateAndGet(143)) - 728640af-76ba-4f5f-856a-2a4b70054956: start FollowerState
2019-09-25 07:03:53,782 [Thread-1738] INFO  impl.FollowerState (FollowerState.java:run(106)) - 728640af-76ba-4f5f-856a-2a4b70054956:group-45D5735C29D4 changes to CANDIDATE, lastRpcTime:1084, electionTimeout:1084ms
2019-09-25 07:03:53,783 [Thread-1738] INFO  impl.RoleInfo (RoleInfo.java:shutdownFollowerState(121)) - 728640af-76ba-4f5f-856a-2a4b70054956: shutdown FollowerState
2019-09-25 07:03:53,783 [Thread-1738] INFO  impl.RaftServerImpl (RaftServerImpl.java:setRole(174)) - 728640af-76ba-4f5f-856a-2a4b70054956@group-45D5735C29D4: changes role from  FOLLOWER to CANDIDATE at term 7 for changeToCandidate
2019-09-25 07:03:53,783 [Thread-1738] INFO  impl.RoleInfo (RoleInfo.java:updateAndGet(143)) - 728640af-76ba-4f5f-856a-2a4b70054956: start LeaderElection
2019-09-25 07:03:53,826 [728640af-76ba-4f5f-856a-2a4b70054956@group-45D5735C29D4:LeaderElection75] INFO  impl.LeaderElection (LeaderElection.java:askForVotes(182)) - 728640af-76ba-4f5f-856a-2a4b70054956@group-45D5735C29D4:LeaderElection75: begin an election at term 8 for 19: [728640af-76ba-4f5f-856a-2a4b70054956:192.168.164.219:44993, bdbb84ae-3320-4ffc-9458-295388f22350:192.168.164.219:44213, 559541cc-73c8-4a56-acfe-5973788e7bb7:192.168.164.219:34742], old=null
2019-09-25 07:03:53,827 [728640af-76ba-4f5f-856a-2a4b70054956@group-45D5735C29D4:LeaderElection75] INFO  impl.LeaderElection (LogUtils.java:infoOrTrace(149)) - 728640af-76ba-4f5f-856a-2a4b70054956@group-45D5735C29D4:LeaderElection75 got exception when requesting votes: {}
java.util.concurrent.ExecutionException: org.apache.ratis.thirdparty.io.grpc.StatusRuntimeException: UNAVAILABLE: io exception
	at java.util.concurrent.FutureTask.report(FutureTask.java:122)
	at java.util.concurrent.FutureTask.get(FutureTask.java:192)
	at org.apache.ratis.server.impl.LeaderElection.waitForResults(LeaderElection.java:263)
	at org.apache.ratis.server.impl.LeaderElection.askForVotes(LeaderElection.java:201)
	at org.apache.ratis.server.impl.LeaderElection.run(LeaderElection.java:133)
	at java.lang.Thread.run(Thread.java:748)
Caused by: org.apache.ratis.thirdparty.io.grpc.StatusRuntimeException: UNAVAILABLE: io exception
	at org.apache.ratis.thirdparty.io.grpc.stub.ClientCalls.toStatusRuntimeException(ClientCalls.java:233)
	at org.apache.ratis.thirdparty.io.grpc.stub.ClientCalls.getUnchecked(ClientCalls.java:214)
	at org.apache.ratis.thirdparty.io.grpc.stub.ClientCalls.blockingUnaryCall(ClientCalls.java:139)
	at org.apache.ratis.proto.grpc.RaftServerProtocolServiceGrpc$RaftServerProtocolServiceBlockingStub.requestVote(RaftServerProtocolServiceGrpc.java:265)
	at org.apache.ratis.grpc.server.GrpcServerProtocolClient.requestVote(GrpcServerProtocolClient.java:90)
	at org.apache.ratis.grpc.server.GrpcService.requestVote(GrpcService.java:204)
	at org.apache.ratis.server.impl.LeaderElection.lambda$submitRequests$1(LeaderElection.java:238)
	at java.util.concurrent.FutureTask.run(FutureTask.java:266)
	at java.util.concurrent.Executors$RunnableAdapter.call(Executors.java:511)
	at java.util.concurrent.FutureTask.run(FutureTask.java:266)
	at java.util.concurrent.ThreadPoolExecutor.runWorker(ThreadPoolExecutor.java:1149)
	at java.util.concurrent.ThreadPoolExecutor$Worker.run(ThreadPoolExecutor.java:624)
	... 1 more
Caused by: org.apache.ratis.thirdparty.io.netty.channel.AbstractChannel$AnnotatedConnectException: Connection refused: /192.168.164.219:34742
	at sun.nio.ch.SocketChannelImpl.checkConnect(Native Method)
	at sun.nio.ch.SocketChannelImpl.finishConnect(SocketChannelImpl.java:717)
	at org.apache.ratis.thirdparty.io.netty.channel.socket.nio.NioSocketChannel.doFinishConnect(NioSocketChannel.java:327)
	at org.apache.ratis.thirdparty.io.netty.channel.nio.AbstractNioChannel$AbstractNioUnsafe.finishConnect(AbstractNioChannel.java:340)
	at org.apache.ratis.thirdparty.io.netty.channel.nio.NioEventLoop.processSelectedKey(NioEventLoop.java:632)
	at org.apache.ratis.thirdparty.io.netty.channel.nio.NioEventLoop.processSelectedKeysOptimized(NioEventLoop.java:579)
	at org.apache.ratis.thirdparty.io.netty.channel.nio.NioEventLoop.processSelectedKeys(NioEventLoop.java:496)
	at org.apache.ratis.thirdparty.io.netty.channel.nio.NioEventLoop.run(NioEventLoop.java:458)
	at org.apache.ratis.thirdparty.io.netty.util.concurrent.SingleThreadEventExecutor$5.run(SingleThreadEventExecutor.java:897)
	at org.apache.ratis.thirdparty.io.netty.util.concurrent.FastThreadLocalRunnable.run(FastThreadLocalRunnable.java:30)
	... 1 more
Caused by: java.net.ConnectException: Connection refused
	... 11 more
2019-09-25 07:03:53,828 [728640af-76ba-4f5f-856a-2a4b70054956@group-45D5735C29D4:LeaderElection75] INFO  impl.LeaderElection (LogUtils.java:infoOrTrace(149)) - 728640af-76ba-4f5f-856a-2a4b70054956@group-45D5735C29D4:LeaderElection75 got exception when requesting votes: {}
java.util.concurrent.ExecutionException: org.apache.ratis.thirdparty.io.grpc.StatusRuntimeException: UNAVAILABLE: io exception
	at java.util.concurrent.FutureTask.report(FutureTask.java:122)
	at java.util.concurrent.FutureTask.get(FutureTask.java:192)
	at org.apache.ratis.server.impl.LeaderElection.waitForResults(LeaderElection.java:263)
	at org.apache.ratis.server.impl.LeaderElection.askForVotes(LeaderElection.java:201)
	at org.apache.ratis.server.impl.LeaderElection.run(LeaderElection.java:133)
	at java.lang.Thread.run(Thread.java:748)
Caused by: org.apache.ratis.thirdparty.io.grpc.StatusRuntimeException: UNAVAILABLE: io exception
	at org.apache.ratis.thirdparty.io.grpc.stub.ClientCalls.toStatusRuntimeException(ClientCalls.java:233)
	at org.apache.ratis.thirdparty.io.grpc.stub.ClientCalls.getUnchecked(ClientCalls.java:214)
	at org.apache.ratis.thirdparty.io.grpc.stub.ClientCalls.blockingUnaryCall(ClientCalls.java:139)
	at org.apache.ratis.proto.grpc.RaftServerProtocolServiceGrpc$RaftServerProtocolServiceBlockingStub.requestVote(RaftServerProtocolServiceGrpc.java:265)
	at org.apache.ratis.grpc.server.GrpcServerProtocolClient.requestVote(GrpcServerProtocolClient.java:90)
	at org.apache.ratis.grpc.server.GrpcService.requestVote(GrpcService.java:204)
	at org.apache.ratis.server.impl.LeaderElection.lambda$submitRequests$1(LeaderElection.java:238)
	at java.util.concurrent.FutureTask.run(FutureTask.java:266)
	at java.util.concurrent.Executors$RunnableAdapter.call(Executors.java:511)
	at java.util.concurrent.FutureTask.run(FutureTask.java:266)
	at java.util.concurrent.ThreadPoolExecutor.runWorker(ThreadPoolExecutor.java:1149)
	at java.util.concurrent.ThreadPoolExecutor$Worker.run(ThreadPoolExecutor.java:624)
	... 1 more
Caused by: org.apache.ratis.thirdparty.io.netty.channel.AbstractChannel$AnnotatedConnectException: Connection refused: /192.168.164.219:44213
	at sun.nio.ch.SocketChannelImpl.checkConnect(Native Method)
	at sun.nio.ch.SocketChannelImpl.finishConnect(SocketChannelImpl.java:717)
	at org.apache.ratis.thirdparty.io.netty.channel.socket.nio.NioSocketChannel.doFinishConnect(NioSocketChannel.java:327)
	at org.apache.ratis.thirdparty.io.netty.channel.nio.AbstractNioChannel$AbstractNioUnsafe.finishConnect(AbstractNioChannel.java:340)
	at org.apache.ratis.thirdparty.io.netty.channel.nio.NioEventLoop.processSelectedKey(NioEventLoop.java:632)
	at org.apache.ratis.thirdparty.io.netty.channel.nio.NioEventLoop.processSelectedKeysOptimized(NioEventLoop.java:579)
	at org.apache.ratis.thirdparty.io.netty.channel.nio.NioEventLoop.processSelectedKeys(NioEventLoop.java:496)
	at org.apache.ratis.thirdparty.io.netty.channel.nio.NioEventLoop.run(NioEventLoop.java:458)
	at org.apache.ratis.thirdparty.io.netty.util.concurrent.SingleThreadEventExecutor$5.run(SingleThreadEventExecutor.java:897)
	at org.apache.ratis.thirdparty.io.netty.util.concurrent.FastThreadLocalRunnable.run(FastThreadLocalRunnable.java:30)
	... 1 more
Caused by: java.net.ConnectException: Connection refused
	... 11 more
2019-09-25 07:03:53,828 [728640af-76ba-4f5f-856a-2a4b70054956@group-45D5735C29D4:LeaderElection75] INFO  impl.LeaderElection (LeaderElection.java:logAndReturn(56)) - 728640af-76ba-4f5f-856a-2a4b70054956@group-45D5735C29D4:LeaderElection75: Election REJECTED; received 0 response(s) [] and 2 exception(s); 728640af-76ba-4f5f-856a-2a4b70054956@group-45D5735C29D4:t8, leader=null, voted=728640af-76ba-4f5f-856a-2a4b70054956, raftlog=728640af-76ba-4f5f-856a-2a4b70054956@group-45D5735C29D4-SegmentedRaftLog:OPENED:c20,f20,i20, conf=19: [728640af-76ba-4f5f-856a-2a4b70054956:192.168.164.219:44993, bdbb84ae-3320-4ffc-9458-295388f22350:192.168.164.219:44213, 559541cc-73c8-4a56-acfe-5973788e7bb7:192.168.164.219:34742], old=null
2019-09-25 07:03:53,829 [728640af-76ba-4f5f-856a-2a4b70054956@group-45D5735C29D4:LeaderElection75] INFO  impl.LeaderElection (LogUtils.java:infoOrTrace(149)) -   Exception 0: {}
java.util.concurrent.ExecutionException: org.apache.ratis.thirdparty.io.grpc.StatusRuntimeException: UNAVAILABLE: io exception
	at java.util.concurrent.FutureTask.report(FutureTask.java:122)
	at java.util.concurrent.FutureTask.get(FutureTask.java:192)
	at org.apache.ratis.server.impl.LeaderElection.waitForResults(LeaderElection.java:263)
	at org.apache.ratis.server.impl.LeaderElection.askForVotes(LeaderElection.java:201)
	at org.apache.ratis.server.impl.LeaderElection.run(LeaderElection.java:133)
	at java.lang.Thread.run(Thread.java:748)
Caused by: org.apache.ratis.thirdparty.io.grpc.StatusRuntimeException: UNAVAILABLE: io exception
	at org.apache.ratis.thirdparty.io.grpc.stub.ClientCalls.toStatusRuntimeException(ClientCalls.java:233)
	at org.apache.ratis.thirdparty.io.grpc.stub.ClientCalls.getUnchecked(ClientCalls.java:214)
	at org.apache.ratis.thirdparty.io.grpc.stub.ClientCalls.blockingUnaryCall(ClientCalls.java:139)
	at org.apache.ratis.proto.grpc.RaftServerProtocolServiceGrpc$RaftServerProtocolServiceBlockingStub.requestVote(RaftServerProtocolServiceGrpc.java:265)
	at org.apache.ratis.grpc.server.GrpcServerProtocolClient.requestVote(GrpcServerProtocolClient.java:90)
	at org.apache.ratis.grpc.server.GrpcService.requestVote(GrpcService.java:204)
	at org.apache.ratis.server.impl.LeaderElection.lambda$submitRequests$1(LeaderElection.java:238)
	at java.util.concurrent.FutureTask.run(FutureTask.java:266)
	at java.util.concurrent.Executors$RunnableAdapter.call(Executors.java:511)
	at java.util.concurrent.FutureTask.run(FutureTask.java:266)
	at java.util.concurrent.ThreadPoolExecutor.runWorker(ThreadPoolExecutor.java:1149)
	at java.util.concurrent.ThreadPoolExecutor$Worker.run(ThreadPoolExecutor.java:624)
	... 1 more
Caused by: org.apache.ratis.thirdparty.io.netty.channel.AbstractChannel$AnnotatedConnectException: Connection refused: /192.168.164.219:34742
	at sun.nio.ch.SocketChannelImpl.checkConnect(Native Method)
	at sun.nio.ch.SocketChannelImpl.finishConnect(SocketChannelImpl.java:717)
	at org.apache.ratis.thirdparty.io.netty.channel.socket.nio.NioSocketChannel.doFinishConnect(NioSocketChannel.java:327)
	at org.apache.ratis.thirdparty.io.netty.channel.nio.AbstractNioChannel$AbstractNioUnsafe.finishConnect(AbstractNioChannel.java:340)
	at org.apache.ratis.thirdparty.io.netty.channel.nio.NioEventLoop.processSelectedKey(NioEventLoop.java:632)
	at org.apache.ratis.thirdparty.io.netty.channel.nio.NioEventLoop.processSelectedKeysOptimized(NioEventLoop.java:579)
	at org.apache.ratis.thirdparty.io.netty.channel.nio.NioEventLoop.processSelectedKeys(NioEventLoop.java:496)
	at org.apache.ratis.thirdparty.io.netty.channel.nio.NioEventLoop.run(NioEventLoop.java:458)
	at org.apache.ratis.thirdparty.io.netty.util.concurrent.SingleThreadEventExecutor$5.run(SingleThreadEventExecutor.java:897)
	at org.apache.ratis.thirdparty.io.netty.util.concurrent.FastThreadLocalRunnable.run(FastThreadLocalRunnable.java:30)
	... 1 more
Caused by: java.net.ConnectException: Connection refused
	... 11 more
2019-09-25 07:03:53,829 [728640af-76ba-4f5f-856a-2a4b70054956@group-45D5735C29D4:LeaderElection75] INFO  impl.LeaderElection (LogUtils.java:infoOrTrace(149)) -   Exception 1: {}
java.util.concurrent.ExecutionException: org.apache.ratis.thirdparty.io.grpc.StatusRuntimeException: UNAVAILABLE: io exception
	at java.util.concurrent.FutureTask.report(FutureTask.java:122)
	at java.util.concurrent.FutureTask.get(FutureTask.java:192)
	at org.apache.ratis.server.impl.LeaderElection.waitForResults(LeaderElection.java:263)
	at org.apache.ratis.server.impl.LeaderElection.askForVotes(LeaderElection.java:201)
	at org.apache.ratis.server.impl.LeaderElection.run(LeaderElection.java:133)
	at java.lang.Thread.run(Thread.java:748)
Caused by: org.apache.ratis.thirdparty.io.grpc.StatusRuntimeException: UNAVAILABLE: io exception
	at org.apache.ratis.thirdparty.io.grpc.stub.ClientCalls.toStatusRuntimeException(ClientCalls.java:233)
	at org.apache.ratis.thirdparty.io.grpc.stub.ClientCalls.getUnchecked(ClientCalls.java:214)
	at org.apache.ratis.thirdparty.io.grpc.stub.ClientCalls.blockingUnaryCall(ClientCalls.java:139)
	at org.apache.ratis.proto.grpc.RaftServerProtocolServiceGrpc$RaftServerProtocolServiceBlockingStub.requestVote(RaftServerProtocolServiceGrpc.java:265)
	at org.apache.ratis.grpc.server.GrpcServerProtocolClient.requestVote(GrpcServerProtocolClient.java:90)
	at org.apache.ratis.grpc.server.GrpcService.requestVote(GrpcService.java:204)
	at org.apache.ratis.server.impl.LeaderElection.lambda$submitRequests$1(LeaderElection.java:238)
	at java.util.concurrent.FutureTask.run(FutureTask.java:266)
	at java.util.concurrent.Executors$RunnableAdapter.call(Executors.java:511)
	at java.util.concurrent.FutureTask.run(FutureTask.java:266)
	at java.util.concurrent.ThreadPoolExecutor.runWorker(ThreadPoolExecutor.java:1149)
	at java.util.concurrent.ThreadPoolExecutor$Worker.run(ThreadPoolExecutor.java:624)
	... 1 more
Caused by: org.apache.ratis.thirdparty.io.netty.channel.AbstractChannel$AnnotatedConnectException: Connection refused: /192.168.164.219:44213
	at sun.nio.ch.SocketChannelImpl.checkConnect(Native Method)
	at sun.nio.ch.SocketChannelImpl.finishConnect(SocketChannelImpl.java:717)
	at org.apache.ratis.thirdparty.io.netty.channel.socket.nio.NioSocketChannel.doFinishConnect(NioSocketChannel.java:327)
	at org.apache.ratis.thirdparty.io.netty.channel.nio.AbstractNioChannel$AbstractNioUnsafe.finishConnect(AbstractNioChannel.java:340)
	at org.apache.ratis.thirdparty.io.netty.channel.nio.NioEventLoop.processSelectedKey(NioEventLoop.java:632)
	at org.apache.ratis.thirdparty.io.netty.channel.nio.NioEventLoop.processSelectedKeysOptimized(NioEventLoop.java:579)
	at org.apache.ratis.thirdparty.io.netty.channel.nio.NioEventLoop.processSelectedKeys(NioEventLoop.java:496)
	at org.apache.ratis.thirdparty.io.netty.channel.nio.NioEventLoop.run(NioEventLoop.java:458)
	at org.apache.ratis.thirdparty.io.netty.util.concurrent.SingleThreadEventExecutor$5.run(SingleThreadEventExecutor.java:897)
	at org.apache.ratis.thirdparty.io.netty.util.concurrent.FastThreadLocalRunnable.run(FastThreadLocalRunnable.java:30)
	... 1 more
Caused by: java.net.ConnectException: Connection refused
	... 11 more
2019-09-25 07:03:53,829 [728640af-76ba-4f5f-856a-2a4b70054956@group-45D5735C29D4:LeaderElection75] INFO  impl.RaftServerImpl (RaftServerImpl.java:setRole(174)) - 728640af-76ba-4f5f-856a-2a4b70054956@group-45D5735C29D4: changes role from CANDIDATE to FOLLOWER at term 8 for DISCOVERED_A_NEW_TERM
2019-09-25 07:03:53,829 [728640af-76ba-4f5f-856a-2a4b70054956@group-45D5735C29D4:LeaderElection75] INFO  impl.RoleInfo (RoleInfo.java:shutdownLeaderElection(134)) - 728640af-76ba-4f5f-856a-2a4b70054956: shutdown LeaderElection
2019-09-25 07:03:53,830 [728640af-76ba-4f5f-856a-2a4b70054956@group-45D5735C29D4:LeaderElection75] INFO  impl.RoleInfo (RoleInfo.java:updateAndGet(143)) - 728640af-76ba-4f5f-856a-2a4b70054956: start FollowerState
2019-09-25 07:03:54,994 [Thread-1750] INFO  impl.FollowerState (FollowerState.java:run(106)) - 728640af-76ba-4f5f-856a-2a4b70054956:group-45D5735C29D4 changes to CANDIDATE, lastRpcTime:1164, electionTimeout:1164ms
2019-09-25 07:03:54,995 [Thread-1750] INFO  impl.RoleInfo (RoleInfo.java:shutdownFollowerState(121)) - 728640af-76ba-4f5f-856a-2a4b70054956: shutdown FollowerState
2019-09-25 07:03:54,996 [Thread-1750] INFO  impl.RaftServerImpl (RaftServerImpl.java:setRole(174)) - 728640af-76ba-4f5f-856a-2a4b70054956@group-45D5735C29D4: changes role from  FOLLOWER to CANDIDATE at term 8 for changeToCandidate
2019-09-25 07:03:54,996 [Thread-1750] INFO  impl.RoleInfo (RoleInfo.java:updateAndGet(143)) - 728640af-76ba-4f5f-856a-2a4b70054956: start LeaderElection
2019-09-25 07:03:55,012 [728640af-76ba-4f5f-856a-2a4b70054956@group-45D5735C29D4:LeaderElection76] INFO  impl.LeaderElection (LeaderElection.java:askForVotes(182)) - 728640af-76ba-4f5f-856a-2a4b70054956@group-45D5735C29D4:LeaderElection76: begin an election at term 9 for 19: [728640af-76ba-4f5f-856a-2a4b70054956:192.168.164.219:44993, bdbb84ae-3320-4ffc-9458-295388f22350:192.168.164.219:44213, 559541cc-73c8-4a56-acfe-5973788e7bb7:192.168.164.219:34742], old=null
2019-09-25 07:03:55,014 [728640af-76ba-4f5f-856a-2a4b70054956@group-45D5735C29D4:LeaderElection76] INFO  impl.LeaderElection (LogUtils.java:infoOrTrace(149)) - 728640af-76ba-4f5f-856a-2a4b70054956@group-45D5735C29D4:LeaderElection76 got exception when requesting votes: {}
java.util.concurrent.ExecutionException: org.apache.ratis.thirdparty.io.grpc.StatusRuntimeException: UNAVAILABLE: io exception
	at java.util.concurrent.FutureTask.report(FutureTask.java:122)
	at java.util.concurrent.FutureTask.get(FutureTask.java:192)
	at org.apache.ratis.server.impl.LeaderElection.waitForResults(LeaderElection.java:263)
	at org.apache.ratis.server.impl.LeaderElection.askForVotes(LeaderElection.java:201)
	at org.apache.ratis.server.impl.LeaderElection.run(LeaderElection.java:133)
	at java.lang.Thread.run(Thread.java:748)
Caused by: org.apache.ratis.thirdparty.io.grpc.StatusRuntimeException: UNAVAILABLE: io exception
	at org.apache.ratis.thirdparty.io.grpc.stub.ClientCalls.toStatusRuntimeException(ClientCalls.java:233)
	at org.apache.ratis.thirdparty.io.grpc.stub.ClientCalls.getUnchecked(ClientCalls.java:214)
	at org.apache.ratis.thirdparty.io.grpc.stub.ClientCalls.blockingUnaryCall(ClientCalls.java:139)
	at org.apache.ratis.proto.grpc.RaftServerProtocolServiceGrpc$RaftServerProtocolServiceBlockingStub.requestVote(RaftServerProtocolServiceGrpc.java:265)
	at org.apache.ratis.grpc.server.GrpcServerProtocolClient.requestVote(GrpcServerProtocolClient.java:90)
	at org.apache.ratis.grpc.server.GrpcService.requestVote(GrpcService.java:204)
	at org.apache.ratis.server.impl.LeaderElection.lambda$submitRequests$1(LeaderElection.java:238)
	at java.util.concurrent.FutureTask.run(FutureTask.java:266)
	at java.util.concurrent.Executors$RunnableAdapter.call(Executors.java:511)
	at java.util.concurrent.FutureTask.run(FutureTask.java:266)
	at java.util.concurrent.ThreadPoolExecutor.runWorker(ThreadPoolExecutor.java:1149)
	at java.util.concurrent.ThreadPoolExecutor$Worker.run(ThreadPoolExecutor.java:624)
	... 1 more
Caused by: org.apache.ratis.thirdparty.io.netty.channel.AbstractChannel$AnnotatedConnectException: Connection refused: /192.168.164.219:34742
	at sun.nio.ch.SocketChannelImpl.checkConnect(Native Method)
	at sun.nio.ch.SocketChannelImpl.finishConnect(SocketChannelImpl.java:717)
	at org.apache.ratis.thirdparty.io.netty.channel.socket.nio.NioSocketChannel.doFinishConnect(NioSocketChannel.java:327)
	at org.apache.ratis.thirdparty.io.netty.channel.nio.AbstractNioChannel$AbstractNioUnsafe.finishConnect(AbstractNioChannel.java:340)
	at org.apache.ratis.thirdparty.io.netty.channel.nio.NioEventLoop.processSelectedKey(NioEventLoop.java:632)
	at org.apache.ratis.thirdparty.io.netty.channel.nio.NioEventLoop.processSelectedKeysOptimized(NioEventLoop.java:579)
	at org.apache.ratis.thirdparty.io.netty.channel.nio.NioEventLoop.processSelectedKeys(NioEventLoop.java:496)
	at org.apache.ratis.thirdparty.io.netty.channel.nio.NioEventLoop.run(NioEventLoop.java:458)
	at org.apache.ratis.thirdparty.io.netty.util.concurrent.SingleThreadEventExecutor$5.run(SingleThreadEventExecutor.java:897)
	at org.apache.ratis.thirdparty.io.netty.util.concurrent.FastThreadLocalRunnable.run(FastThreadLocalRunnable.java:30)
	... 1 more
Caused by: java.net.ConnectException: Connection refused
	... 11 more
2019-09-25 07:03:55,015 [728640af-76ba-4f5f-856a-2a4b70054956@group-45D5735C29D4:LeaderElection76] INFO  impl.LeaderElection (LogUtils.java:infoOrTrace(149)) - 728640af-76ba-4f5f-856a-2a4b70054956@group-45D5735C29D4:LeaderElection76 got exception when requesting votes: {}
java.util.concurrent.ExecutionException: org.apache.ratis.thirdparty.io.grpc.StatusRuntimeException: UNAVAILABLE: io exception
	at java.util.concurrent.FutureTask.report(FutureTask.java:122)
	at java.util.concurrent.FutureTask.get(FutureTask.java:192)
	at org.apache.ratis.server.impl.LeaderElection.waitForResults(LeaderElection.java:263)
	at org.apache.ratis.server.impl.LeaderElection.askForVotes(LeaderElection.java:201)
	at org.apache.ratis.server.impl.LeaderElection.run(LeaderElection.java:133)
	at java.lang.Thread.run(Thread.java:748)
Caused by: org.apache.ratis.thirdparty.io.grpc.StatusRuntimeException: UNAVAILABLE: io exception
	at org.apache.ratis.thirdparty.io.grpc.stub.ClientCalls.toStatusRuntimeException(ClientCalls.java:233)
	at org.apache.ratis.thirdparty.io.grpc.stub.ClientCalls.getUnchecked(ClientCalls.java:214)
	at org.apache.ratis.thirdparty.io.grpc.stub.ClientCalls.blockingUnaryCall(ClientCalls.java:139)
	at org.apache.ratis.proto.grpc.RaftServerProtocolServiceGrpc$RaftServerProtocolServiceBlockingStub.requestVote(RaftServerProtocolServiceGrpc.java:265)
	at org.apache.ratis.grpc.server.GrpcServerProtocolClient.requestVote(GrpcServerProtocolClient.java:90)
	at org.apache.ratis.grpc.server.GrpcService.requestVote(GrpcService.java:204)
	at org.apache.ratis.server.impl.LeaderElection.lambda$submitRequests$1(LeaderElection.java:238)
	at java.util.concurrent.FutureTask.run(FutureTask.java:266)
	at java.util.concurrent.Executors$RunnableAdapter.call(Executors.java:511)
	at java.util.concurrent.FutureTask.run(FutureTask.java:266)
	at java.util.concurrent.ThreadPoolExecutor.runWorker(ThreadPoolExecutor.java:1149)
	at java.util.concurrent.ThreadPoolExecutor$Worker.run(ThreadPoolExecutor.java:624)
	... 1 more
Caused by: org.apache.ratis.thirdparty.io.netty.channel.AbstractChannel$AnnotatedConnectException: Connection refused: /192.168.164.219:44213
	at sun.nio.ch.SocketChannelImpl.checkConnect(Native Method)
	at sun.nio.ch.SocketChannelImpl.finishConnect(SocketChannelImpl.java:717)
	at org.apache.ratis.thirdparty.io.netty.channel.socket.nio.NioSocketChannel.doFinishConnect(NioSocketChannel.java:327)
	at org.apache.ratis.thirdparty.io.netty.channel.nio.AbstractNioChannel$AbstractNioUnsafe.finishConnect(AbstractNioChannel.java:340)
	at org.apache.ratis.thirdparty.io.netty.channel.nio.NioEventLoop.processSelectedKey(NioEventLoop.java:632)
	at org.apache.ratis.thirdparty.io.netty.channel.nio.NioEventLoop.processSelectedKeysOptimized(NioEventLoop.java:579)
	at org.apache.ratis.thirdparty.io.netty.channel.nio.NioEventLoop.processSelectedKeys(NioEventLoop.java:496)
	at org.apache.ratis.thirdparty.io.netty.channel.nio.NioEventLoop.run(NioEventLoop.java:458)
	at org.apache.ratis.thirdparty.io.netty.util.concurrent.SingleThreadEventExecutor$5.run(SingleThreadEventExecutor.java:897)
	at org.apache.ratis.thirdparty.io.netty.util.concurrent.FastThreadLocalRunnable.run(FastThreadLocalRunnable.java:30)
	... 1 more
Caused by: java.net.ConnectException: Connection refused
	... 11 more
2019-09-25 07:03:55,015 [728640af-76ba-4f5f-856a-2a4b70054956@group-45D5735C29D4:LeaderElection76] INFO  impl.LeaderElection (LeaderElection.java:logAndReturn(56)) - 728640af-76ba-4f5f-856a-2a4b70054956@group-45D5735C29D4:LeaderElection76: Election REJECTED; received 0 response(s) [] and 2 exception(s); 728640af-76ba-4f5f-856a-2a4b70054956@group-45D5735C29D4:t9, leader=null, voted=728640af-76ba-4f5f-856a-2a4b70054956, raftlog=728640af-76ba-4f5f-856a-2a4b70054956@group-45D5735C29D4-SegmentedRaftLog:OPENED:c20,f20,i20, conf=19: [728640af-76ba-4f5f-856a-2a4b70054956:192.168.164.219:44993, bdbb84ae-3320-4ffc-9458-295388f22350:192.168.164.219:44213, 559541cc-73c8-4a56-acfe-5973788e7bb7:192.168.164.219:34742], old=null
2019-09-25 07:03:55,016 [728640af-76ba-4f5f-856a-2a4b70054956@group-45D5735C29D4:LeaderElection76] INFO  impl.LeaderElection (LogUtils.java:infoOrTrace(149)) -   Exception 0: {}
java.util.concurrent.ExecutionException: org.apache.ratis.thirdparty.io.grpc.StatusRuntimeException: UNAVAILABLE: io exception
	at java.util.concurrent.FutureTask.report(FutureTask.java:122)
	at java.util.concurrent.FutureTask.get(FutureTask.java:192)
	at org.apache.ratis.server.impl.LeaderElection.waitForResults(LeaderElection.java:263)
	at org.apache.ratis.server.impl.LeaderElection.askForVotes(LeaderElection.java:201)
	at org.apache.ratis.server.impl.LeaderElection.run(LeaderElection.java:133)
	at java.lang.Thread.run(Thread.java:748)
Caused by: org.apache.ratis.thirdparty.io.grpc.StatusRuntimeException: UNAVAILABLE: io exception
	at org.apache.ratis.thirdparty.io.grpc.stub.ClientCalls.toStatusRuntimeException(ClientCalls.java:233)
	at org.apache.ratis.thirdparty.io.grpc.stub.ClientCalls.getUnchecked(ClientCalls.java:214)
	at org.apache.ratis.thirdparty.io.grpc.stub.ClientCalls.blockingUnaryCall(ClientCalls.java:139)
	at org.apache.ratis.proto.grpc.RaftServerProtocolServiceGrpc$RaftServerProtocolServiceBlockingStub.requestVote(RaftServerProtocolServiceGrpc.java:265)
	at org.apache.ratis.grpc.server.GrpcServerProtocolClient.requestVote(GrpcServerProtocolClient.java:90)
	at org.apache.ratis.grpc.server.GrpcService.requestVote(GrpcService.java:204)
	at org.apache.ratis.server.impl.LeaderElection.lambda$submitRequests$1(LeaderElection.java:238)
	at java.util.concurrent.FutureTask.run(FutureTask.java:266)
	at java.util.concurrent.Executors$RunnableAdapter.call(Executors.java:511)
	at java.util.concurrent.FutureTask.run(FutureTask.java:266)
	at java.util.concurrent.ThreadPoolExecutor.runWorker(ThreadPoolExecutor.java:1149)
	at java.util.concurrent.ThreadPoolExecutor$Worker.run(ThreadPoolExecutor.java:624)
	... 1 more
Caused by: org.apache.ratis.thirdparty.io.netty.channel.AbstractChannel$AnnotatedConnectException: Connection refused: /192.168.164.219:34742
	at sun.nio.ch.SocketChannelImpl.checkConnect(Native Method)
	at sun.nio.ch.SocketChannelImpl.finishConnect(SocketChannelImpl.java:717)
	at org.apache.ratis.thirdparty.io.netty.channel.socket.nio.NioSocketChannel.doFinishConnect(NioSocketChannel.java:327)
	at org.apache.ratis.thirdparty.io.netty.channel.nio.AbstractNioChannel$AbstractNioUnsafe.finishConnect(AbstractNioChannel.java:340)
	at org.apache.ratis.thirdparty.io.netty.channel.nio.NioEventLoop.processSelectedKey(NioEventLoop.java:632)
	at org.apache.ratis.thirdparty.io.netty.channel.nio.NioEventLoop.processSelectedKeysOptimized(NioEventLoop.java:579)
	at org.apache.ratis.thirdparty.io.netty.channel.nio.NioEventLoop.processSelectedKeys(NioEventLoop.java:496)
	at org.apache.ratis.thirdparty.io.netty.channel.nio.NioEventLoop.run(NioEventLoop.java:458)
	at org.apache.ratis.thirdparty.io.netty.util.concurrent.SingleThreadEventExecutor$5.run(SingleThreadEventExecutor.java:897)
	at org.apache.ratis.thirdparty.io.netty.util.concurrent.FastThreadLocalRunnable.run(FastThreadLocalRunnable.java:30)
	... 1 more
Caused by: java.net.ConnectException: Connection refused
	... 11 more
2019-09-25 07:03:55,016 [728640af-76ba-4f5f-856a-2a4b70054956@group-45D5735C29D4:LeaderElection76] INFO  impl.LeaderElection (LogUtils.java:infoOrTrace(149)) -   Exception 1: {}
java.util.concurrent.ExecutionException: org.apache.ratis.thirdparty.io.grpc.StatusRuntimeException: UNAVAILABLE: io exception
	at java.util.concurrent.FutureTask.report(FutureTask.java:122)
	at java.util.concurrent.FutureTask.get(FutureTask.java:192)
	at org.apache.ratis.server.impl.LeaderElection.waitForResults(LeaderElection.java:263)
	at org.apache.ratis.server.impl.LeaderElection.askForVotes(LeaderElection.java:201)
	at org.apache.ratis.server.impl.LeaderElection.run(LeaderElection.java:133)
	at java.lang.Thread.run(Thread.java:748)
Caused by: org.apache.ratis.thirdparty.io.grpc.StatusRuntimeException: UNAVAILABLE: io exception
	at org.apache.ratis.thirdparty.io.grpc.stub.ClientCalls.toStatusRuntimeException(ClientCalls.java:233)
	at org.apache.ratis.thirdparty.io.grpc.stub.ClientCalls.getUnchecked(ClientCalls.java:214)
	at org.apache.ratis.thirdparty.io.grpc.stub.ClientCalls.blockingUnaryCall(ClientCalls.java:139)
	at org.apache.ratis.proto.grpc.RaftServerProtocolServiceGrpc$RaftServerProtocolServiceBlockingStub.requestVote(RaftServerProtocolServiceGrpc.java:265)
	at org.apache.ratis.grpc.server.GrpcServerProtocolClient.requestVote(GrpcServerProtocolClient.java:90)
	at org.apache.ratis.grpc.server.GrpcService.requestVote(GrpcService.java:204)
	at org.apache.ratis.server.impl.LeaderElection.lambda$submitRequests$1(LeaderElection.java:238)
	at java.util.concurrent.FutureTask.run(FutureTask.java:266)
	at java.util.concurrent.Executors$RunnableAdapter.call(Executors.java:511)
	at java.util.concurrent.FutureTask.run(FutureTask.java:266)
	at java.util.concurrent.ThreadPoolExecutor.runWorker(ThreadPoolExecutor.java:1149)
	at java.util.concurrent.ThreadPoolExecutor$Worker.run(ThreadPoolExecutor.java:624)
	... 1 more
Caused by: org.apache.ratis.thirdparty.io.netty.channel.AbstractChannel$AnnotatedConnectException: Connection refused: /192.168.164.219:44213
	at sun.nio.ch.SocketChannelImpl.checkConnect(Native Method)
	at sun.nio.ch.SocketChannelImpl.finishConnect(SocketChannelImpl.java:717)
	at org.apache.ratis.thirdparty.io.netty.channel.socket.nio.NioSocketChannel.doFinishConnect(NioSocketChannel.java:327)
	at org.apache.ratis.thirdparty.io.netty.channel.nio.AbstractNioChannel$AbstractNioUnsafe.finishConnect(AbstractNioChannel.java:340)
	at org.apache.ratis.thirdparty.io.netty.channel.nio.NioEventLoop.processSelectedKey(NioEventLoop.java:632)
	at org.apache.ratis.thirdparty.io.netty.channel.nio.NioEventLoop.processSelectedKeysOptimized(NioEventLoop.java:579)
	at org.apache.ratis.thirdparty.io.netty.channel.nio.NioEventLoop.processSelectedKeys(NioEventLoop.java:496)
	at org.apache.ratis.thirdparty.io.netty.channel.nio.NioEventLoop.run(NioEventLoop.java:458)
	at org.apache.ratis.thirdparty.io.netty.util.concurrent.SingleThreadEventExecutor$5.run(SingleThreadEventExecutor.java:897)
	at org.apache.ratis.thirdparty.io.netty.util.concurrent.FastThreadLocalRunnable.run(FastThreadLocalRunnable.java:30)
	... 1 more
Caused by: java.net.ConnectException: Connection refused
	... 11 more
2019-09-25 07:03:55,017 [728640af-76ba-4f5f-856a-2a4b70054956@group-45D5735C29D4:LeaderElection76] INFO  impl.RaftServerImpl (RaftServerImpl.java:setRole(174)) - 728640af-76ba-4f5f-856a-2a4b70054956@group-45D5735C29D4: changes role from CANDIDATE to FOLLOWER at term 9 for DISCOVERED_A_NEW_TERM
2019-09-25 07:03:55,017 [728640af-76ba-4f5f-856a-2a4b70054956@group-45D5735C29D4:LeaderElection76] INFO  impl.RoleInfo (RoleInfo.java:shutdownLeaderElection(134)) - 728640af-76ba-4f5f-856a-2a4b70054956: shutdown LeaderElection
2019-09-25 07:03:55,017 [728640af-76ba-4f5f-856a-2a4b70054956@group-45D5735C29D4:LeaderElection76] INFO  impl.RoleInfo (RoleInfo.java:updateAndGet(143)) - 728640af-76ba-4f5f-856a-2a4b70054956: start FollowerState
2019-09-25 07:03:56,109 [Thread-1759] INFO  impl.FollowerState (FollowerState.java:run(106)) - 728640af-76ba-4f5f-856a-2a4b70054956:group-45D5735C29D4 changes to CANDIDATE, lastRpcTime:1091, electionTimeout:1091ms
2019-09-25 07:03:56,109 [Thread-1759] INFO  impl.RoleInfo (RoleInfo.java:shutdownFollowerState(121)) - 728640af-76ba-4f5f-856a-2a4b70054956: shutdown FollowerState
2019-09-25 07:03:56,109 [Thread-1759] INFO  impl.RaftServerImpl (RaftServerImpl.java:setRole(174)) - 728640af-76ba-4f5f-856a-2a4b70054956@group-45D5735C29D4: changes role from  FOLLOWER to CANDIDATE at term 9 for changeToCandidate
2019-09-25 07:03:56,109 [Thread-1759] INFO  impl.RoleInfo (RoleInfo.java:updateAndGet(143)) - 728640af-76ba-4f5f-856a-2a4b70054956: start LeaderElection
2019-09-25 07:03:57,374 [main] WARN  io.KeyOutputStream (KeyOutputStream.java:handleException(274)) - Encountered exception java.io.IOException: Unexpected Storage Container Exception: java.util.concurrent.CompletionException: java.util.concurrent.CompletionException: org.apache.ratis.protocol.RaftRetryFailureException: Failed RaftClientRequest:client-58929E1C0C19->bdbb84ae-3320-4ffc-9458-295388f22350@group-45D5735C29D4, cid=97, seq=11*, RW, org.apache.hadoop.hdds.scm.XceiverClientRatis$$Lambda$592/1102135101@4fe38911 for 10 attempts with RetryLimited(maxAttempts=10, sleepTime=1000ms) on the pipeline Pipeline[ Id: aaba9931-c43f-4e20-84bb-45d5735c29d4, Nodes: bdbb84ae-3320-4ffc-9458-295388f22350{ip: 192.168.164.219, host: pr-hdds-2171-6tmbh-193827893, networkLocation: /default-rack, certSerialId: null}559541cc-73c8-4a56-acfe-5973788e7bb7{ip: 192.168.164.219, host: pr-hdds-2171-6tmbh-193827893, networkLocation: /default-rack, certSerialId: null}728640af-76ba-4f5f-856a-2a4b70054956{ip: 192.168.164.219, host: pr-hdds-2171-6tmbh-193827893, networkLocation: /default-rack, certSerialId: null}, Type:RATIS, Factor:THREE, State:OPEN]. The last committed block length is 1048576, uncommitted data length is 1048576 retry count 0
2019-09-25 07:03:57,401 [IPC Server handler 4 on 45070] WARN  block.BlockManagerImpl (BlockManagerImpl.java:allocateBlock(192)) - Pipeline creation failed for type:RATIS factor:THREE. Retrying get pipelines call once.
org.apache.hadoop.hdds.scm.pipeline.InsufficientDatanodesException: Cannot create pipeline of factor 3 using 0 nodes.
	at org.apache.hadoop.hdds.scm.pipeline.RatisPipelineProvider.create(RatisPipelineProvider.java:153)
	at org.apache.hadoop.hdds.scm.pipeline.PipelineFactory.create(PipelineFactory.java:58)
	at org.apache.hadoop.hdds.scm.pipeline.SCMPipelineManager.createPipeline(SCMPipelineManager.java:155)
	at org.apache.hadoop.hdds.scm.block.BlockManagerImpl.allocateBlock(BlockManagerImpl.java:190)
	at org.apache.hadoop.hdds.scm.server.SCMBlockProtocolServer.allocateBlock(SCMBlockProtocolServer.java:182)
	at org.apache.hadoop.ozone.protocolPB.ScmBlockLocationProtocolServerSideTranslatorPB.allocateScmBlock(ScmBlockLocationProtocolServerSideTranslatorPB.java:183)
	at org.apache.hadoop.ozone.protocolPB.ScmBlockLocationProtocolServerSideTranslatorPB.processMessage(ScmBlockLocationProtocolServerSideTranslatorPB.java:141)
	at org.apache.hadoop.ozone.protocolPB.ScmBlockLocationProtocolServerSideTranslatorPB.send(ScmBlockLocationProtocolServerSideTranslatorPB.java:116)
	at org.apache.hadoop.hdds.protocol.proto.ScmBlockLocationProtocolProtos$ScmBlockLocationProtocolService$2.callBlockingMethod(ScmBlockLocationProtocolProtos.java:13157)
	at org.apache.hadoop.ipc.ProtobufRpcEngine$Server$ProtoBufRpcInvoker.call(ProtobufRpcEngine.java:524)
	at org.apache.hadoop.ipc.RPC$Server.call(RPC.java:1025)
	at org.apache.hadoop.ipc.Server$RpcCall.run(Server.java:876)
	at org.apache.hadoop.ipc.Server$RpcCall.run(Server.java:822)
	at java.security.AccessController.doPrivileged(Native Method)
	at javax.security.auth.Subject.doAs(Subject.java:422)
	at org.apache.hadoop.security.UserGroupInformation.doAs(UserGroupInformation.java:1730)
	at org.apache.hadoop.ipc.Server$Handler.run(Server.java:2682)
2019-09-25 07:03:57,404 [IPC Server handler 4 on 45070] INFO  block.BlockManagerImpl (BlockManagerImpl.java:allocateBlock(198)) - Could not find available pipeline of type:RATIS and factor:THREE even after retrying
2019-09-25 07:03:57,404 [IPC Server handler 4 on 45070] ERROR block.BlockManagerImpl (BlockManagerImpl.java:allocateBlock(222)) - Unable to allocate a block for the size: 4194304, type: RATIS, factor: THREE
2019-09-25 07:03:57,410 [main] ERROR io.BlockOutputStreamEntryPool (BlockOutputStreamEntryPool.java:allocateBlockIfNeeded(299)) - Try to allocate more blocks for write failed, already allocated 0 blocks for this write.
INTERNAL_ERROR org.apache.hadoop.ozone.om.exceptions.OMException: Allocated 0 blocks. Requested 1 blocks
	at org.apache.hadoop.ozone.om.protocolPB.OzoneManagerProtocolClientSideTranslatorPB.handleError(OzoneManagerProtocolClientSideTranslatorPB.java:732)
	at org.apache.hadoop.ozone.om.protocolPB.OzoneManagerProtocolClientSideTranslatorPB.allocateBlock(OzoneManagerProtocolClientSideTranslatorPB.java:764)
	at sun.reflect.NativeMethodAccessorImpl.invoke0(Native Method)
	at sun.reflect.NativeMethodAccessorImpl.invoke(NativeMethodAccessorImpl.java:62)
	at sun.reflect.DelegatingMethodAccessorImpl.invoke(DelegatingMethodAccessorImpl.java:43)
	at java.lang.reflect.Method.invoke(Method.java:498)
	at org.apache.hadoop.hdds.tracing.TraceAllMethod.invoke(TraceAllMethod.java:66)
	at com.sun.proxy.$Proxy36.allocateBlock(Unknown Source)
	at org.apache.hadoop.ozone.client.io.BlockOutputStreamEntryPool.allocateNewBlock(BlockOutputStreamEntryPool.java:248)
	at org.apache.hadoop.ozone.client.io.BlockOutputStreamEntryPool.allocateBlockIfNeeded(BlockOutputStreamEntryPool.java:296)
	at org.apache.hadoop.ozone.client.io.KeyOutputStream.handleWrite(KeyOutputStream.java:198)
	at org.apache.hadoop.ozone.client.io.KeyOutputStream.handleRetry(KeyOutputStream.java:375)
	at org.apache.hadoop.ozone.client.io.KeyOutputStream.handleException(KeyOutputStream.java:324)
	at org.apache.hadoop.ozone.client.io.KeyOutputStream.handleWrite(KeyOutputStream.java:228)
	at org.apache.hadoop.ozone.client.io.KeyOutputStream.write(KeyOutputStream.java:190)
	at org.apache.hadoop.ozone.client.io.OzoneOutputStream.write(OzoneOutputStream.java:49)
	at java.io.OutputStream.write(OutputStream.java:75)
	at org.apache.hadoop.ozone.client.rpc.TestMultiBlockWritesWithDnFailures.testMultiBlockWritesWithDnFailures(TestMultiBlockWritesWithDnFailures.java:145)
	at sun.reflect.NativeMethodAccessorImpl.invoke0(Native Method)
	at sun.reflect.NativeMethodAccessorImpl.invoke(NativeMethodAccessorImpl.java:62)
	at sun.reflect.DelegatingMethodAccessorImpl.invoke(DelegatingMethodAccessorImpl.java:43)
	at java.lang.reflect.Method.invoke(Method.java:498)
	at org.junit.runners.model.FrameworkMethod$1.runReflectiveCall(FrameworkMethod.java:47)
	at org.junit.internal.runners.model.ReflectiveCallable.run(ReflectiveCallable.java:12)
	at org.junit.runners.model.FrameworkMethod.invokeExplosively(FrameworkMethod.java:44)
	at org.junit.internal.runners.statements.InvokeMethod.evaluate(InvokeMethod.java:17)
	at org.junit.internal.runners.statements.RunAfters.evaluate(RunAfters.java:27)
	at org.junit.runners.ParentRunner.runLeaf(ParentRunner.java:271)
	at org.junit.runners.BlockJUnit4ClassRunner.runChild(BlockJUnit4ClassRunner.java:70)
	at org.junit.runners.BlockJUnit4ClassRunner.runChild(BlockJUnit4ClassRunner.java:50)
	at org.junit.runners.ParentRunner$3.run(ParentRunner.java:238)
	at org.junit.runners.ParentRunner$1.schedule(ParentRunner.java:63)
	at org.junit.runners.ParentRunner.runChildren(ParentRunner.java:236)
	at org.junit.runners.ParentRunner.access$000(ParentRunner.java:53)
	at org.junit.runners.ParentRunner$2.evaluate(ParentRunner.java:229)
	at org.junit.runners.ParentRunner.run(ParentRunner.java:309)
	at org.apache.maven.surefire.junit4.JUnit4Provider.execute(JUnit4Provider.java:365)
	at org.apache.maven.surefire.junit4.JUnit4Provider.executeWithRerun(JUnit4Provider.java:273)
	at org.apache.maven.surefire.junit4.JUnit4Provider.executeTestSet(JUnit4Provider.java:238)
	at org.apache.maven.surefire.junit4.JUnit4Provider.invoke(JUnit4Provider.java:159)
	at org.apache.maven.surefire.booter.ForkedBooter.invokeProviderInSameClassLoader(ForkedBooter.java:384)
	at org.apache.maven.surefire.booter.ForkedBooter.runSuitesInProcess(ForkedBooter.java:345)
	at org.apache.maven.surefire.booter.ForkedBooter.execute(ForkedBooter.java:126)
	at org.apache.maven.surefire.booter.ForkedBooter.main(ForkedBooter.java:418)
2019-09-25 07:03:57,411 [main] INFO  ozone.MiniOzoneClusterImpl (MiniOzoneClusterImpl.java:shutdown(314)) - Shutting down the Mini Ozone Cluster
2019-09-25 07:03:57,411 [main] INFO  ozone.MiniOzoneClusterImpl (MiniOzoneClusterImpl.java:stop(330)) - Stopping the Mini Ozone Cluster
2019-09-25 07:03:57,411 [main] INFO  ozone.MiniOzoneClusterImpl (MiniOzoneClusterImpl.java:stopOM(400)) - Stopping the OzoneManager
2019-09-25 07:03:57,412 [main] INFO  ipc.Server (Server.java:stop(3082)) - Stopping server on 39532
2019-09-25 07:03:57,424 [IPC Server listener on 39532] INFO  ipc.Server (Server.java:run(1185)) - Stopping IPC Server listener on 39532
2019-09-25 07:03:57,426 [main] INFO  ratis.OzoneManagerDoubleBuffer (OzoneManagerDoubleBuffer.java:stop(248)) - Stopping OMDoubleBuffer flush thread
2019-09-25 07:03:57,434 [IPC Server Responder] INFO  ipc.Server (Server.java:run(1319)) - Stopping IPC Server Responder
2019-09-25 07:03:57,444 [OMDoubleBufferFlushThread] INFO  ratis.OzoneManagerDoubleBuffer (OzoneManagerDoubleBuffer.java:flushTransactions(191)) - OMDoubleBuffer flush thread OMDoubleBufferFlushThread is interrupted and will exit. OMDoubleBufferFlushThread
2019-09-25 07:03:57,445 [main] INFO  utils.BackgroundService (BackgroundService.java:shutdown(148)) - Shutting down service KeyDeletingService
2019-09-25 07:03:57,447 [main] INFO  handler.ContextHandler (ContextHandler.java:doStop(910)) - Stopped o.e.j.w.WebAppContext@78cfa264{/,null,UNAVAILABLE}{/ozoneManager}
2019-09-25 07:03:57,448 [main] INFO  server.AbstractConnector (AbstractConnector.java:doStop(318)) - Stopped ServerConnector@3408f695{HTTP/1.1,[http/1.1]}{0.0.0.0:0}
2019-09-25 07:03:57,448 [main] INFO  handler.ContextHandler (ContextHandler.java:doStop(910)) - Stopped o.e.j.s.ServletContextHandler@4debbf0{/static,file:///workdir/hadoop-ozone/integration-test/target/test-classes/webapps/static,UNAVAILABLE}
2019-09-25 07:03:57,449 [main] INFO  handler.ContextHandler (ContextHandler.java:doStop(910)) - Stopped o.e.j.s.ServletContextHandler@fb0a08c{/logs,file:///workdir/hadoop-ozone/integration-test/target/log,UNAVAILABLE}
2019-09-25 07:04:01,202 [main] INFO  ozone.MiniOzoneClusterImpl (MiniOzoneClusterImpl.java:stopDatanodes(377)) - Stopping the HddsDatanodes
2019-09-25 07:04:01,208 [728640af-76ba-4f5f-856a-2a4b70054956@group-45D5735C29D4:LeaderElection77] INFO  impl.LeaderElection (LeaderElection.java:askForVotes(182)) - 728640af-76ba-4f5f-856a-2a4b70054956@group-45D5735C29D4:LeaderElection77: begin an election at term 10 for 19: [728640af-76ba-4f5f-856a-2a4b70054956:192.168.164.219:44993, bdbb84ae-3320-4ffc-9458-295388f22350:192.168.164.219:44213, 559541cc-73c8-4a56-acfe-5973788e7bb7:192.168.164.219:34742], old=null
2019-09-25 07:04:01,210 [728640af-76ba-4f5f-856a-2a4b70054956@group-45D5735C29D4:LeaderElection77] INFO  impl.LeaderElection (LogUtils.java:infoOrTrace(149)) - 728640af-76ba-4f5f-856a-2a4b70054956@group-45D5735C29D4:LeaderElection77 got exception when requesting votes: {}
java.util.concurrent.ExecutionException: org.apache.ratis.thirdparty.io.grpc.StatusRuntimeException: UNAVAILABLE: io exception
	at java.util.concurrent.FutureTask.report(FutureTask.java:122)
	at java.util.concurrent.FutureTask.get(FutureTask.java:192)
	at org.apache.ratis.server.impl.LeaderElection.waitForResults(LeaderElection.java:263)
	at org.apache.ratis.server.impl.LeaderElection.askForVotes(LeaderElection.java:201)
	at org.apache.ratis.server.impl.LeaderElection.run(LeaderElection.java:133)
	at java.lang.Thread.run(Thread.java:748)
Caused by: org.apache.ratis.thirdparty.io.grpc.StatusRuntimeException: UNAVAILABLE: io exception
	at org.apache.ratis.thirdparty.io.grpc.stub.ClientCalls.toStatusRuntimeException(ClientCalls.java:233)
	at org.apache.ratis.thirdparty.io.grpc.stub.ClientCalls.getUnchecked(ClientCalls.java:214)
	at org.apache.ratis.thirdparty.io.grpc.stub.ClientCalls.blockingUnaryCall(ClientCalls.java:139)
	at org.apache.ratis.proto.grpc.RaftServerProtocolServiceGrpc$RaftServerProtocolServiceBlockingStub.requestVote(RaftServerProtocolServiceGrpc.java:265)
	at org.apache.ratis.grpc.server.GrpcServerProtocolClient.requestVote(GrpcServerProtocolClient.java:90)
	at org.apache.ratis.grpc.server.GrpcService.requestVote(GrpcService.java:204)
	at org.apache.ratis.server.impl.LeaderElection.lambda$submitRequests$1(LeaderElection.java:238)
	at java.util.concurrent.FutureTask.run(FutureTask.java:266)
	at java.util.concurrent.Executors$RunnableAdapter.call(Executors.java:511)
	at java.util.concurrent.FutureTask.run(FutureTask.java:266)
	at java.util.concurrent.ThreadPoolExecutor.runWorker(ThreadPoolExecutor.java:1149)
	at java.util.concurrent.ThreadPoolExecutor$Worker.run(ThreadPoolExecutor.java:624)
	... 1 more
Caused by: org.apache.ratis.thirdparty.io.netty.channel.AbstractChannel$AnnotatedConnectException: Connection refused: /192.168.164.219:34742
	at sun.nio.ch.SocketChannelImpl.checkConnect(Native Method)
	at sun.nio.ch.SocketChannelImpl.finishConnect(SocketChannelImpl.java:717)
	at org.apache.ratis.thirdparty.io.netty.channel.socket.nio.NioSocketChannel.doFinishConnect(NioSocketChannel.java:327)
	at org.apache.ratis.thirdparty.io.netty.channel.nio.AbstractNioChannel$AbstractNioUnsafe.finishConnect(AbstractNioChannel.java:340)
	at org.apache.ratis.thirdparty.io.netty.channel.nio.NioEventLoop.processSelectedKey(NioEventLoop.java:632)
	at org.apache.ratis.thirdparty.io.netty.channel.nio.NioEventLoop.processSelectedKeysOptimized(NioEventLoop.java:579)
	at org.apache.ratis.thirdparty.io.netty.channel.nio.NioEventLoop.processSelectedKeys(NioEventLoop.java:496)
	at org.apache.ratis.thirdparty.io.netty.channel.nio.NioEventLoop.run(NioEventLoop.java:458)
	at org.apache.ratis.thirdparty.io.netty.util.concurrent.SingleThreadEventExecutor$5.run(SingleThreadEventExecutor.java:897)
	at org.apache.ratis.thirdparty.io.netty.util.concurrent.FastThreadLocalRunnable.run(FastThreadLocalRunnable.java:30)
	... 1 more
Caused by: java.net.ConnectException: Connection refused
	... 11 more
2019-09-25 07:04:01,211 [728640af-76ba-4f5f-856a-2a4b70054956@group-45D5735C29D4:LeaderElection77] INFO  impl.LeaderElection (LogUtils.java:infoOrTrace(149)) - 728640af-76ba-4f5f-856a-2a4b70054956@group-45D5735C29D4:LeaderElection77 got exception when requesting votes: {}
java.util.concurrent.ExecutionException: org.apache.ratis.thirdparty.io.grpc.StatusRuntimeException: UNAVAILABLE: io exception
	at java.util.concurrent.FutureTask.report(FutureTask.java:122)
	at java.util.concurrent.FutureTask.get(FutureTask.java:192)
	at org.apache.ratis.server.impl.LeaderElection.waitForResults(LeaderElection.java:263)
	at org.apache.ratis.server.impl.LeaderElection.askForVotes(LeaderElection.java:201)
	at org.apache.ratis.server.impl.LeaderElection.run(LeaderElection.java:133)
	at java.lang.Thread.run(Thread.java:748)
Caused by: org.apache.ratis.thirdparty.io.grpc.StatusRuntimeException: UNAVAILABLE: io exception
	at org.apache.ratis.thirdparty.io.grpc.stub.ClientCalls.toStatusRuntimeException(ClientCalls.java:233)
	at org.apache.ratis.thirdparty.io.grpc.stub.ClientCalls.getUnchecked(ClientCalls.java:214)
	at org.apache.ratis.thirdparty.io.grpc.stub.ClientCalls.blockingUnaryCall(ClientCalls.java:139)
	at org.apache.ratis.proto.grpc.RaftServerProtocolServiceGrpc$RaftServerProtocolServiceBlockingStub.requestVote(RaftServerProtocolServiceGrpc.java:265)
	at org.apache.ratis.grpc.server.GrpcServerProtocolClient.requestVote(GrpcServerProtocolClient.java:90)
	at org.apache.ratis.grpc.server.GrpcService.requestVote(GrpcService.java:204)
	at org.apache.ratis.server.impl.LeaderElection.lambda$submitRequests$1(LeaderElection.java:238)
	at java.util.concurrent.FutureTask.run(FutureTask.java:266)
	at java.util.concurrent.Executors$RunnableAdapter.call(Executors.java:511)
	at java.util.concurrent.FutureTask.run(FutureTask.java:266)
	at java.util.concurrent.ThreadPoolExecutor.runWorker(ThreadPoolExecutor.java:1149)
	at java.util.concurrent.ThreadPoolExecutor$Worker.run(ThreadPoolExecutor.java:624)
	... 1 more
Caused by: org.apache.ratis.thirdparty.io.netty.channel.AbstractChannel$AnnotatedConnectException: Connection refused: /192.168.164.219:44213
	at sun.nio.ch.SocketChannelImpl.checkConnect(Native Method)
	at sun.nio.ch.SocketChannelImpl.finishConnect(SocketChannelImpl.java:717)
	at org.apache.ratis.thirdparty.io.netty.channel.socket.nio.NioSocketChannel.doFinishConnect(NioSocketChannel.java:327)
	at org.apache.ratis.thirdparty.io.netty.channel.nio.AbstractNioChannel$AbstractNioUnsafe.finishConnect(AbstractNioChannel.java:340)
	at org.apache.ratis.thirdparty.io.netty.channel.nio.NioEventLoop.processSelectedKey(NioEventLoop.java:632)
	at org.apache.ratis.thirdparty.io.netty.channel.nio.NioEventLoop.processSelectedKeysOptimized(NioEventLoop.java:579)
	at org.apache.ratis.thirdparty.io.netty.channel.nio.NioEventLoop.processSelectedKeys(NioEventLoop.java:496)
	at org.apache.ratis.thirdparty.io.netty.channel.nio.NioEventLoop.run(NioEventLoop.java:458)
	at org.apache.ratis.thirdparty.io.netty.util.concurrent.SingleThreadEventExecutor$5.run(SingleThreadEventExecutor.java:897)
	at org.apache.ratis.thirdparty.io.netty.util.concurrent.FastThreadLocalRunnable.run(FastThreadLocalRunnable.java:30)
	... 1 more
Caused by: java.net.ConnectException: Connection refused
	... 11 more
2019-09-25 07:04:01,212 [728640af-76ba-4f5f-856a-2a4b70054956@group-45D5735C29D4:LeaderElection77] INFO  impl.LeaderElection (LeaderElection.java:logAndReturn(56)) - 728640af-76ba-4f5f-856a-2a4b70054956@group-45D5735C29D4:LeaderElection77: Election REJECTED; received 0 response(s) [] and 2 exception(s); 728640af-76ba-4f5f-856a-2a4b70054956@group-45D5735C29D4:t10, leader=null, voted=728640af-76ba-4f5f-856a-2a4b70054956, raftlog=728640af-76ba-4f5f-856a-2a4b70054956@group-45D5735C29D4-SegmentedRaftLog:OPENED:c20,f20,i20, conf=19: [728640af-76ba-4f5f-856a-2a4b70054956:192.168.164.219:44993, bdbb84ae-3320-4ffc-9458-295388f22350:192.168.164.219:44213, 559541cc-73c8-4a56-acfe-5973788e7bb7:192.168.164.219:34742], old=null
2019-09-25 07:04:01,212 [728640af-76ba-4f5f-856a-2a4b70054956@group-45D5735C29D4:LeaderElection77] INFO  impl.LeaderElection (LogUtils.java:infoOrTrace(149)) -   Exception 0: {}
java.util.concurrent.ExecutionException: org.apache.ratis.thirdparty.io.grpc.StatusRuntimeException: UNAVAILABLE: io exception
	at java.util.concurrent.FutureTask.report(FutureTask.java:122)
	at java.util.concurrent.FutureTask.get(FutureTask.java:192)
	at org.apache.ratis.server.impl.LeaderElection.waitForResults(LeaderElection.java:263)
	at org.apache.ratis.server.impl.LeaderElection.askForVotes(LeaderElection.java:201)
	at org.apache.ratis.server.impl.LeaderElection.run(LeaderElection.java:133)
	at java.lang.Thread.run(Thread.java:748)
Caused by: org.apache.ratis.thirdparty.io.grpc.StatusRuntimeException: UNAVAILABLE: io exception
	at org.apache.ratis.thirdparty.io.grpc.stub.ClientCalls.toStatusRuntimeException(ClientCalls.java:233)
	at org.apache.ratis.thirdparty.io.grpc.stub.ClientCalls.getUnchecked(ClientCalls.java:214)
	at org.apache.ratis.thirdparty.io.grpc.stub.ClientCalls.blockingUnaryCall(ClientCalls.java:139)
	at org.apache.ratis.proto.grpc.RaftServerProtocolServiceGrpc$RaftServerProtocolServiceBlockingStub.requestVote(RaftServerProtocolServiceGrpc.java:265)
	at org.apache.ratis.grpc.server.GrpcServerProtocolClient.requestVote(GrpcServerProtocolClient.java:90)
	at org.apache.ratis.grpc.server.GrpcService.requestVote(GrpcService.java:204)
	at org.apache.ratis.server.impl.LeaderElection.lambda$submitRequests$1(LeaderElection.java:238)
	at java.util.concurrent.FutureTask.run(FutureTask.java:266)
	at java.util.concurrent.Executors$RunnableAdapter.call(Executors.java:511)
	at java.util.concurrent.FutureTask.run(FutureTask.java:266)
	at java.util.concurrent.ThreadPoolExecutor.runWorker(ThreadPoolExecutor.java:1149)
	at java.util.concurrent.ThreadPoolExecutor$Worker.run(ThreadPoolExecutor.java:624)
	... 1 more
Caused by: org.apache.ratis.thirdparty.io.netty.channel.AbstractChannel$AnnotatedConnectException: Connection refused: /192.168.164.219:34742
	at sun.nio.ch.SocketChannelImpl.checkConnect(Native Method)
	at sun.nio.ch.SocketChannelImpl.finishConnect(SocketChannelImpl.java:717)
	at org.apache.ratis.thirdparty.io.netty.channel.socket.nio.NioSocketChannel.doFinishConnect(NioSocketChannel.java:327)
	at org.apache.ratis.thirdparty.io.netty.channel.nio.AbstractNioChannel$AbstractNioUnsafe.finishConnect(AbstractNioChannel.java:340)
	at org.apache.ratis.thirdparty.io.netty.channel.nio.NioEventLoop.processSelectedKey(NioEventLoop.java:632)
	at org.apache.ratis.thirdparty.io.netty.channel.nio.NioEventLoop.processSelectedKeysOptimized(NioEventLoop.java:579)
	at org.apache.ratis.thirdparty.io.netty.channel.nio.NioEventLoop.processSelectedKeys(NioEventLoop.java:496)
	at org.apache.ratis.thirdparty.io.netty.channel.nio.NioEventLoop.run(NioEventLoop.java:458)
	at org.apache.ratis.thirdparty.io.netty.util.concurrent.SingleThreadEventExecutor$5.run(SingleThreadEventExecutor.java:897)
	at org.apache.ratis.thirdparty.io.netty.util.concurrent.FastThreadLocalRunnable.run(FastThreadLocalRunnable.java:30)
	... 1 more
Caused by: java.net.ConnectException: Connection refused
	... 11 more
2019-09-25 07:04:01,212 [728640af-76ba-4f5f-856a-2a4b70054956@group-45D5735C29D4:LeaderElection77] INFO  impl.LeaderElection (LogUtils.java:infoOrTrace(149)) -   Exception 1: {}
java.util.concurrent.ExecutionException: org.apache.ratis.thirdparty.io.grpc.StatusRuntimeException: UNAVAILABLE: io exception
	at java.util.concurrent.FutureTask.report(FutureTask.java:122)
	at java.util.concurrent.FutureTask.get(FutureTask.java:192)
	at org.apache.ratis.server.impl.LeaderElection.waitForResults(LeaderElection.java:263)
	at org.apache.ratis.server.impl.LeaderElection.askForVotes(LeaderElection.java:201)
	at org.apache.ratis.server.impl.LeaderElection.run(LeaderElection.java:133)
	at java.lang.Thread.run(Thread.java:748)
Caused by: org.apache.ratis.thirdparty.io.grpc.StatusRuntimeException: UNAVAILABLE: io exception
	at org.apache.ratis.thirdparty.io.grpc.stub.ClientCalls.toStatusRuntimeException(ClientCalls.java:233)
	at org.apache.ratis.thirdparty.io.grpc.stub.ClientCalls.getUnchecked(ClientCalls.java:214)
	at org.apache.ratis.thirdparty.io.grpc.stub.ClientCalls.blockingUnaryCall(ClientCalls.java:139)
	at org.apache.ratis.proto.grpc.RaftServerProtocolServiceGrpc$RaftServerProtocolServiceBlockingStub.requestVote(RaftServerProtocolServiceGrpc.java:265)
	at org.apache.ratis.grpc.server.GrpcServerProtocolClient.requestVote(GrpcServerProtocolClient.java:90)
	at org.apache.ratis.grpc.server.GrpcService.requestVote(GrpcService.java:204)
	at org.apache.ratis.server.impl.LeaderElection.lambda$submitRequests$1(LeaderElection.java:238)
	at java.util.concurrent.FutureTask.run(FutureTask.java:266)
	at java.util.concurrent.Executors$RunnableAdapter.call(Executors.java:511)
	at java.util.concurrent.FutureTask.run(FutureTask.java:266)
	at java.util.concurrent.ThreadPoolExecutor.runWorker(ThreadPoolExecutor.java:1149)
	at java.util.concurrent.ThreadPoolExecutor$Worker.run(ThreadPoolExecutor.java:624)
	... 1 more
Caused by: org.apache.ratis.thirdparty.io.netty.channel.AbstractChannel$AnnotatedConnectException: Connection refused: /192.168.164.219:44213
	at sun.nio.ch.SocketChannelImpl.checkConnect(Native Method)
	at sun.nio.ch.SocketChannelImpl.finishConnect(SocketChannelImpl.java:717)
	at org.apache.ratis.thirdparty.io.netty.channel.socket.nio.NioSocketChannel.doFinishConnect(NioSocketChannel.java:327)
	at org.apache.ratis.thirdparty.io.netty.channel.nio.AbstractNioChannel$AbstractNioUnsafe.finishConnect(AbstractNioChannel.java:340)
	at org.apache.ratis.thirdparty.io.netty.channel.nio.NioEventLoop.processSelectedKey(NioEventLoop.java:632)
	at org.apache.ratis.thirdparty.io.netty.channel.nio.NioEventLoop.processSelectedKeysOptimized(NioEventLoop.java:579)
	at org.apache.ratis.thirdparty.io.netty.channel.nio.NioEventLoop.processSelectedKeys(NioEventLoop.java:496)
	at org.apache.ratis.thirdparty.io.netty.channel.nio.NioEventLoop.run(NioEventLoop.java:458)
	at org.apache.ratis.thirdparty.io.netty.util.concurrent.SingleThreadEventExecutor$5.run(SingleThreadEventExecutor.java:897)
	at org.apache.ratis.thirdparty.io.netty.util.concurrent.FastThreadLocalRunnable.run(FastThreadLocalRunnable.java:30)
	... 1 more
Caused by: java.net.ConnectException: Connection refused
	... 11 more
2019-09-25 07:04:01,212 [728640af-76ba-4f5f-856a-2a4b70054956@group-45D5735C29D4:LeaderElection77] INFO  impl.RaftServerImpl (RaftServerImpl.java:setRole(174)) - 728640af-76ba-4f5f-856a-2a4b70054956@group-45D5735C29D4: changes role from CANDIDATE to FOLLOWER at term 10 for DISCOVERED_A_NEW_TERM
2019-09-25 07:04:01,213 [728640af-76ba-4f5f-856a-2a4b70054956@group-45D5735C29D4:LeaderElection77] INFO  impl.RoleInfo (RoleInfo.java:shutdownLeaderElection(134)) - 728640af-76ba-4f5f-856a-2a4b70054956: shutdown LeaderElection
2019-09-25 07:04:01,213 [728640af-76ba-4f5f-856a-2a4b70054956@group-45D5735C29D4:LeaderElection77] INFO  impl.RoleInfo (RoleInfo.java:updateAndGet(143)) - 728640af-76ba-4f5f-856a-2a4b70054956: start FollowerState
2019-09-25 07:04:01,321 [Datanode State Machine Thread - 0] INFO  statemachine.DatanodeStateMachine (DatanodeStateMachine.java:lambda$startDaemon$0(350)) - Ozone container server started.
2019-09-25 07:04:01,742 [Datanode State Machine Thread - 0] INFO  statemachine.DatanodeStateMachine (DatanodeStateMachine.java:lambda$startDaemon$0(350)) - Ozone container server started.
2019-09-25 07:04:02,376 [Thread-1793] INFO  impl.FollowerState (FollowerState.java:run(106)) - 728640af-76ba-4f5f-856a-2a4b70054956:group-45D5735C29D4 changes to CANDIDATE, lastRpcTime:1163, electionTimeout:1163ms
2019-09-25 07:04:02,376 [Thread-1793] INFO  impl.RoleInfo (RoleInfo.java:shutdownFollowerState(121)) - 728640af-76ba-4f5f-856a-2a4b70054956: shutdown FollowerState
2019-09-25 07:04:02,377 [Thread-1793] INFO  impl.RaftServerImpl (RaftServerImpl.java:setRole(174)) - 728640af-76ba-4f5f-856a-2a4b70054956@group-45D5735C29D4: changes role from  FOLLOWER to CANDIDATE at term 10 for changeToCandidate
2019-09-25 07:04:02,377 [Thread-1793] INFO  impl.RoleInfo (RoleInfo.java:updateAndGet(143)) - 728640af-76ba-4f5f-856a-2a4b70054956: start LeaderElection
2019-09-25 07:04:02,397 [728640af-76ba-4f5f-856a-2a4b70054956@group-45D5735C29D4:LeaderElection78] INFO  impl.LeaderElection (LeaderElection.java:askForVotes(182)) - 728640af-76ba-4f5f-856a-2a4b70054956@group-45D5735C29D4:LeaderElection78: begin an election at term 11 for 19: [728640af-76ba-4f5f-856a-2a4b70054956:192.168.164.219:44993, bdbb84ae-3320-4ffc-9458-295388f22350:192.168.164.219:44213, 559541cc-73c8-4a56-acfe-5973788e7bb7:192.168.164.219:34742], old=null
2019-09-25 07:04:02,397 [728640af-76ba-4f5f-856a-2a4b70054956@group-45D5735C29D4:LeaderElection78] INFO  impl.LeaderElection (LogUtils.java:infoOrTrace(149)) - 728640af-76ba-4f5f-856a-2a4b70054956@group-45D5735C29D4:LeaderElection78 got exception when requesting votes: {}
java.util.concurrent.ExecutionException: org.apache.ratis.thirdparty.io.grpc.StatusRuntimeException: UNAVAILABLE: io exception
	at java.util.concurrent.FutureTask.report(FutureTask.java:122)
	at java.util.concurrent.FutureTask.get(FutureTask.java:192)
	at org.apache.ratis.server.impl.LeaderElection.waitForResults(LeaderElection.java:263)
	at org.apache.ratis.server.impl.LeaderElection.askForVotes(LeaderElection.java:201)
	at org.apache.ratis.server.impl.LeaderElection.run(LeaderElection.java:133)
	at java.lang.Thread.run(Thread.java:748)
Caused by: org.apache.ratis.thirdparty.io.grpc.StatusRuntimeException: UNAVAILABLE: io exception
	at org.apache.ratis.thirdparty.io.grpc.stub.ClientCalls.toStatusRuntimeException(ClientCalls.java:233)
	at org.apache.ratis.thirdparty.io.grpc.stub.ClientCalls.getUnchecked(ClientCalls.java:214)
	at org.apache.ratis.thirdparty.io.grpc.stub.ClientCalls.blockingUnaryCall(ClientCalls.java:139)
	at org.apache.ratis.proto.grpc.RaftServerProtocolServiceGrpc$RaftServerProtocolServiceBlockingStub.requestVote(RaftServerProtocolServiceGrpc.java:265)
	at org.apache.ratis.grpc.server.GrpcServerProtocolClient.requestVote(GrpcServerProtocolClient.java:90)
	at org.apache.ratis.grpc.server.GrpcService.requestVote(GrpcService.java:204)
	at org.apache.ratis.server.impl.LeaderElection.lambda$submitRequests$1(LeaderElection.java:238)
	at java.util.concurrent.FutureTask.run(FutureTask.java:266)
	at java.util.concurrent.Executors$RunnableAdapter.call(Executors.java:511)
	at java.util.concurrent.FutureTask.run(FutureTask.java:266)
	at java.util.concurrent.ThreadPoolExecutor.runWorker(ThreadPoolExecutor.java:1149)
	at java.util.concurrent.ThreadPoolExecutor$Worker.run(ThreadPoolExecutor.java:624)
	... 1 more
Caused by: org.apache.ratis.thirdparty.io.netty.channel.AbstractChannel$AnnotatedConnectException: Connection refused: /192.168.164.219:44213
	at sun.nio.ch.SocketChannelImpl.checkConnect(Native Method)
	at sun.nio.ch.SocketChannelImpl.finishConnect(SocketChannelImpl.java:717)
	at org.apache.ratis.thirdparty.io.netty.channel.socket.nio.NioSocketChannel.doFinishConnect(NioSocketChannel.java:327)
	at org.apache.ratis.thirdparty.io.netty.channel.nio.AbstractNioChannel$AbstractNioUnsafe.finishConnect(AbstractNioChannel.java:340)
	at org.apache.ratis.thirdparty.io.netty.channel.nio.NioEventLoop.processSelectedKey(NioEventLoop.java:632)
	at org.apache.ratis.thirdparty.io.netty.channel.nio.NioEventLoop.processSelectedKeysOptimized(NioEventLoop.java:579)
	at org.apache.ratis.thirdparty.io.netty.channel.nio.NioEventLoop.processSelectedKeys(NioEventLoop.java:496)
	at org.apache.ratis.thirdparty.io.netty.channel.nio.NioEventLoop.run(NioEventLoop.java:458)
	at org.apache.ratis.thirdparty.io.netty.util.concurrent.SingleThreadEventExecutor$5.run(SingleThreadEventExecutor.java:897)
	at org.apache.ratis.thirdparty.io.netty.util.concurrent.FastThreadLocalRunnable.run(FastThreadLocalRunnable.java:30)
	... 1 more
Caused by: java.net.ConnectException: Connection refused
	... 11 more
2019-09-25 07:04:02,398 [728640af-76ba-4f5f-856a-2a4b70054956@group-45D5735C29D4:LeaderElection78] INFO  impl.LeaderElection (LogUtils.java:infoOrTrace(149)) - 728640af-76ba-4f5f-856a-2a4b70054956@group-45D5735C29D4:LeaderElection78 got exception when requesting votes: {}
java.util.concurrent.ExecutionException: org.apache.ratis.thirdparty.io.grpc.StatusRuntimeException: UNAVAILABLE: io exception
	at java.util.concurrent.FutureTask.report(FutureTask.java:122)
	at java.util.concurrent.FutureTask.get(FutureTask.java:192)
	at org.apache.ratis.server.impl.LeaderElection.waitForResults(LeaderElection.java:263)
	at org.apache.ratis.server.impl.LeaderElection.askForVotes(LeaderElection.java:201)
	at org.apache.ratis.server.impl.LeaderElection.run(LeaderElection.java:133)
	at java.lang.Thread.run(Thread.java:748)
Caused by: org.apache.ratis.thirdparty.io.grpc.StatusRuntimeException: UNAVAILABLE: io exception
	at org.apache.ratis.thirdparty.io.grpc.stub.ClientCalls.toStatusRuntimeException(ClientCalls.java:233)
	at org.apache.ratis.thirdparty.io.grpc.stub.ClientCalls.getUnchecked(ClientCalls.java:214)
	at org.apache.ratis.thirdparty.io.grpc.stub.ClientCalls.blockingUnaryCall(ClientCalls.java:139)
	at org.apache.ratis.proto.grpc.RaftServerProtocolServiceGrpc$RaftServerProtocolServiceBlockingStub.requestVote(RaftServerProtocolServiceGrpc.java:265)
	at org.apache.ratis.grpc.server.GrpcServerProtocolClient.requestVote(GrpcServerProtocolClient.java:90)
	at org.apache.ratis.grpc.server.GrpcService.requestVote(GrpcService.java:204)
	at org.apache.ratis.server.impl.LeaderElection.lambda$submitRequests$1(LeaderElection.java:238)
	at java.util.concurrent.FutureTask.run(FutureTask.java:266)
	at java.util.concurrent.Executors$RunnableAdapter.call(Executors.java:511)
	at java.util.concurrent.FutureTask.run(FutureTask.java:266)
	at java.util.concurrent.ThreadPoolExecutor.runWorker(ThreadPoolExecutor.java:1149)
	at java.util.concurrent.ThreadPoolExecutor$Worker.run(ThreadPoolExecutor.java:624)
	... 1 more
Caused by: org.apache.ratis.thirdparty.io.netty.channel.AbstractChannel$AnnotatedConnectException: Connection refused: /192.168.164.219:34742
	at sun.nio.ch.SocketChannelImpl.checkConnect(Native Method)
	at sun.nio.ch.SocketChannelImpl.finishConnect(SocketChannelImpl.java:717)
	at org.apache.ratis.thirdparty.io.netty.channel.socket.nio.NioSocketChannel.doFinishConnect(NioSocketChannel.java:327)
	at org.apache.ratis.thirdparty.io.netty.channel.nio.AbstractNioChannel$AbstractNioUnsafe.finishConnect(AbstractNioChannel.java:340)
	at org.apache.ratis.thirdparty.io.netty.channel.nio.NioEventLoop.processSelectedKey(NioEventLoop.java:632)
	at org.apache.ratis.thirdparty.io.netty.channel.nio.NioEventLoop.processSelectedKeysOptimized(NioEventLoop.java:579)
	at org.apache.ratis.thirdparty.io.netty.channel.nio.NioEventLoop.processSelectedKeys(NioEventLoop.java:496)
	at org.apache.ratis.thirdparty.io.netty.channel.nio.NioEventLoop.run(NioEventLoop.java:458)
	at org.apache.ratis.thirdparty.io.netty.util.concurrent.SingleThreadEventExecutor$5.run(SingleThreadEventExecutor.java:897)
	at org.apache.ratis.thirdparty.io.netty.util.concurrent.FastThreadLocalRunnable.run(FastThreadLocalRunnable.java:30)
	... 1 more
Caused by: java.net.ConnectException: Connection refused
	... 11 more
2019-09-25 07:04:02,398 [728640af-76ba-4f5f-856a-2a4b70054956@group-45D5735C29D4:LeaderElection78] INFO  impl.LeaderElection (LeaderElection.java:logAndReturn(56)) - 728640af-76ba-4f5f-856a-2a4b70054956@group-45D5735C29D4:LeaderElection78: Election REJECTED; received 0 response(s) [] and 2 exception(s); 728640af-76ba-4f5f-856a-2a4b70054956@group-45D5735C29D4:t11, leader=null, voted=728640af-76ba-4f5f-856a-2a4b70054956, raftlog=728640af-76ba-4f5f-856a-2a4b70054956@group-45D5735C29D4-SegmentedRaftLog:OPENED:c20,f20,i20, conf=19: [728640af-76ba-4f5f-856a-2a4b70054956:192.168.164.219:44993, bdbb84ae-3320-4ffc-9458-295388f22350:192.168.164.219:44213, 559541cc-73c8-4a56-acfe-5973788e7bb7:192.168.164.219:34742], old=null
2019-09-25 07:04:02,398 [728640af-76ba-4f5f-856a-2a4b70054956@group-45D5735C29D4:LeaderElection78] INFO  impl.LeaderElection (LogUtils.java:infoOrTrace(149)) -   Exception 0: {}
java.util.concurrent.ExecutionException: org.apache.ratis.thirdparty.io.grpc.StatusRuntimeException: UNAVAILABLE: io exception
	at java.util.concurrent.FutureTask.report(FutureTask.java:122)
	at java.util.concurrent.FutureTask.get(FutureTask.java:192)
	at org.apache.ratis.server.impl.LeaderElection.waitForResults(LeaderElection.java:263)
	at org.apache.ratis.server.impl.LeaderElection.askForVotes(LeaderElection.java:201)
	at org.apache.ratis.server.impl.LeaderElection.run(LeaderElection.java:133)
	at java.lang.Thread.run(Thread.java:748)
Caused by: org.apache.ratis.thirdparty.io.grpc.StatusRuntimeException: UNAVAILABLE: io exception
	at org.apache.ratis.thirdparty.io.grpc.stub.ClientCalls.toStatusRuntimeException(ClientCalls.java:233)
	at org.apache.ratis.thirdparty.io.grpc.stub.ClientCalls.getUnchecked(ClientCalls.java:214)
	at org.apache.ratis.thirdparty.io.grpc.stub.ClientCalls.blockingUnaryCall(ClientCalls.java:139)
	at org.apache.ratis.proto.grpc.RaftServerProtocolServiceGrpc$RaftServerProtocolServiceBlockingStub.requestVote(RaftServerProtocolServiceGrpc.java:265)
	at org.apache.ratis.grpc.server.GrpcServerProtocolClient.requestVote(GrpcServerProtocolClient.java:90)
	at org.apache.ratis.grpc.server.GrpcService.requestVote(GrpcService.java:204)
	at org.apache.ratis.server.impl.LeaderElection.lambda$submitRequests$1(LeaderElection.java:238)
	at java.util.concurrent.FutureTask.run(FutureTask.java:266)
	at java.util.concurrent.Executors$RunnableAdapter.call(Executors.java:511)
	at java.util.concurrent.FutureTask.run(FutureTask.java:266)
	at java.util.concurrent.ThreadPoolExecutor.runWorker(ThreadPoolExecutor.java:1149)
	at java.util.concurrent.ThreadPoolExecutor$Worker.run(ThreadPoolExecutor.java:624)
	... 1 more
Caused by: org.apache.ratis.thirdparty.io.netty.channel.AbstractChannel$AnnotatedConnectException: Connection refused: /192.168.164.219:44213
	at sun.nio.ch.SocketChannelImpl.checkConnect(Native Method)
	at sun.nio.ch.SocketChannelImpl.finishConnect(SocketChannelImpl.java:717)
	at org.apache.ratis.thirdparty.io.netty.channel.socket.nio.NioSocketChannel.doFinishConnect(NioSocketChannel.java:327)
	at org.apache.ratis.thirdparty.io.netty.channel.nio.AbstractNioChannel$AbstractNioUnsafe.finishConnect(AbstractNioChannel.java:340)
	at org.apache.ratis.thirdparty.io.netty.channel.nio.NioEventLoop.processSelectedKey(NioEventLoop.java:632)
	at org.apache.ratis.thirdparty.io.netty.channel.nio.NioEventLoop.processSelectedKeysOptimized(NioEventLoop.java:579)
	at org.apache.ratis.thirdparty.io.netty.channel.nio.NioEventLoop.processSelectedKeys(NioEventLoop.java:496)
	at org.apache.ratis.thirdparty.io.netty.channel.nio.NioEventLoop.run(NioEventLoop.java:458)
	at org.apache.ratis.thirdparty.io.netty.util.concurrent.SingleThreadEventExecutor$5.run(SingleThreadEventExecutor.java:897)
	at org.apache.ratis.thirdparty.io.netty.util.concurrent.FastThreadLocalRunnable.run(FastThreadLocalRunnable.java:30)
	... 1 more
Caused by: java.net.ConnectException: Connection refused
	... 11 more
2019-09-25 07:04:02,398 [728640af-76ba-4f5f-856a-2a4b70054956@group-45D5735C29D4:LeaderElection78] INFO  impl.LeaderElection (LogUtils.java:infoOrTrace(149)) -   Exception 1: {}
java.util.concurrent.ExecutionException: org.apache.ratis.thirdparty.io.grpc.StatusRuntimeException: UNAVAILABLE: io exception
	at java.util.concurrent.FutureTask.report(FutureTask.java:122)
	at java.util.concurrent.FutureTask.get(FutureTask.java:192)
	at org.apache.ratis.server.impl.LeaderElection.waitForResults(LeaderElection.java:263)
	at org.apache.ratis.server.impl.LeaderElection.askForVotes(LeaderElection.java:201)
	at org.apache.ratis.server.impl.LeaderElection.run(LeaderElection.java:133)
	at java.lang.Thread.run(Thread.java:748)
Caused by: org.apache.ratis.thirdparty.io.grpc.StatusRuntimeException: UNAVAILABLE: io exception
	at org.apache.ratis.thirdparty.io.grpc.stub.ClientCalls.toStatusRuntimeException(ClientCalls.java:233)
	at org.apache.ratis.thirdparty.io.grpc.stub.ClientCalls.getUnchecked(ClientCalls.java:214)
	at org.apache.ratis.thirdparty.io.grpc.stub.ClientCalls.blockingUnaryCall(ClientCalls.java:139)
	at org.apache.ratis.proto.grpc.RaftServerProtocolServiceGrpc$RaftServerProtocolServiceBlockingStub.requestVote(RaftServerProtocolServiceGrpc.java:265)
	at org.apache.ratis.grpc.server.GrpcServerProtocolClient.requestVote(GrpcServerProtocolClient.java:90)
	at org.apache.ratis.grpc.server.GrpcService.requestVote(GrpcService.java:204)
	at org.apache.ratis.server.impl.LeaderElection.lambda$submitRequests$1(LeaderElection.java:238)
	at java.util.concurrent.FutureTask.run(FutureTask.java:266)
	at java.util.concurrent.Executors$RunnableAdapter.call(Executors.java:511)
	at java.util.concurrent.FutureTask.run(FutureTask.java:266)
	at java.util.concurrent.ThreadPoolExecutor.runWorker(ThreadPoolExecutor.java:1149)
	at java.util.concurrent.ThreadPoolExecutor$Worker.run(ThreadPoolExecutor.java:624)
	... 1 more
Caused by: org.apache.ratis.thirdparty.io.netty.channel.AbstractChannel$AnnotatedConnectException: Connection refused: /192.168.164.219:34742
	at sun.nio.ch.SocketChannelImpl.checkConnect(Native Method)
	at sun.nio.ch.SocketChannelImpl.finishConnect(SocketChannelImpl.java:717)
	at org.apache.ratis.thirdparty.io.netty.channel.socket.nio.NioSocketChannel.doFinishConnect(NioSocketChannel.java:327)
	at org.apache.ratis.thirdparty.io.netty.channel.nio.AbstractNioChannel$AbstractNioUnsafe.finishConnect(AbstractNioChannel.java:340)
	at org.apache.ratis.thirdparty.io.netty.channel.nio.NioEventLoop.processSelectedKey(NioEventLoop.java:632)
	at org.apache.ratis.thirdparty.io.netty.channel.nio.NioEventLoop.processSelectedKeysOptimized(NioEventLoop.java:579)
	at org.apache.ratis.thirdparty.io.netty.channel.nio.NioEventLoop.processSelectedKeys(NioEventLoop.java:496)
	at org.apache.ratis.thirdparty.io.netty.channel.nio.NioEventLoop.run(NioEventLoop.java:458)
	at org.apache.ratis.thirdparty.io.netty.util.concurrent.SingleThreadEventExecutor$5.run(SingleThreadEventExecutor.java:897)
	at org.apache.ratis.thirdparty.io.netty.util.concurrent.FastThreadLocalRunnable.run(FastThreadLocalRunnable.java:30)
	... 1 more
Caused by: java.net.ConnectException: Connection refused
	... 11 more
2019-09-25 07:04:02,399 [728640af-76ba-4f5f-856a-2a4b70054956@group-45D5735C29D4:LeaderElection78] INFO  impl.RaftServerImpl (RaftServerImpl.java:setRole(174)) - 728640af-76ba-4f5f-856a-2a4b70054956@group-45D5735C29D4: changes role from CANDIDATE to FOLLOWER at term 11 for DISCOVERED_A_NEW_TERM
2019-09-25 07:04:02,399 [728640af-76ba-4f5f-856a-2a4b70054956@group-45D5735C29D4:LeaderElection78] INFO  impl.RoleInfo (RoleInfo.java:shutdownLeaderElection(134)) - 728640af-76ba-4f5f-856a-2a4b70054956: shutdown LeaderElection
2019-09-25 07:04:02,399 [728640af-76ba-4f5f-856a-2a4b70054956@group-45D5735C29D4:LeaderElection78] INFO  impl.RoleInfo (RoleInfo.java:updateAndGet(143)) - 728640af-76ba-4f5f-856a-2a4b70054956: start FollowerState
2019-09-25 07:04:03,410 [Thread-1803] INFO  impl.FollowerState (FollowerState.java:run(106)) - 728640af-76ba-4f5f-856a-2a4b70054956:group-45D5735C29D4 changes to CANDIDATE, lastRpcTime:1011, electionTimeout:1011ms
2019-09-25 07:04:03,411 [Thread-1803] INFO  impl.RoleInfo (RoleInfo.java:shutdownFollowerState(121)) - 728640af-76ba-4f5f-856a-2a4b70054956: shutdown FollowerState
2019-09-25 07:04:03,411 [Thread-1803] INFO  impl.RaftServerImpl (RaftServerImpl.java:setRole(174)) - 728640af-76ba-4f5f-856a-2a4b70054956@group-45D5735C29D4: changes role from  FOLLOWER to CANDIDATE at term 11 for changeToCandidate
2019-09-25 07:04:03,411 [Thread-1803] INFO  impl.RoleInfo (RoleInfo.java:updateAndGet(143)) - 728640af-76ba-4f5f-856a-2a4b70054956: start LeaderElection
2019-09-25 07:04:03,421 [728640af-76ba-4f5f-856a-2a4b70054956@group-45D5735C29D4:LeaderElection79] INFO  impl.LeaderElection (LeaderElection.java:askForVotes(182)) - 728640af-76ba-4f5f-856a-2a4b70054956@group-45D5735C29D4:LeaderElection79: begin an election at term 12 for 19: [728640af-76ba-4f5f-856a-2a4b70054956:192.168.164.219:44993, bdbb84ae-3320-4ffc-9458-295388f22350:192.168.164.219:44213, 559541cc-73c8-4a56-acfe-5973788e7bb7:192.168.164.219:34742], old=null
2019-09-25 07:04:03,422 [728640af-76ba-4f5f-856a-2a4b70054956@group-45D5735C29D4:LeaderElection79] INFO  impl.LeaderElection (LogUtils.java:infoOrTrace(149)) - 728640af-76ba-4f5f-856a-2a4b70054956@group-45D5735C29D4:LeaderElection79 got exception when requesting votes: {}
java.util.concurrent.ExecutionException: org.apache.ratis.thirdparty.io.grpc.StatusRuntimeException: UNAVAILABLE: io exception
	at java.util.concurrent.FutureTask.report(FutureTask.java:122)
	at java.util.concurrent.FutureTask.get(FutureTask.java:192)
	at org.apache.ratis.server.impl.LeaderElection.waitForResults(LeaderElection.java:263)
	at org.apache.ratis.server.impl.LeaderElection.askForVotes(LeaderElection.java:201)
	at org.apache.ratis.server.impl.LeaderElection.run(LeaderElection.java:133)
	at java.lang.Thread.run(Thread.java:748)
Caused by: org.apache.ratis.thirdparty.io.grpc.StatusRuntimeException: UNAVAILABLE: io exception
	at org.apache.ratis.thirdparty.io.grpc.stub.ClientCalls.toStatusRuntimeException(ClientCalls.java:233)
	at org.apache.ratis.thirdparty.io.grpc.stub.ClientCalls.getUnchecked(ClientCalls.java:214)
	at org.apache.ratis.thirdparty.io.grpc.stub.ClientCalls.blockingUnaryCall(ClientCalls.java:139)
	at org.apache.ratis.proto.grpc.RaftServerProtocolServiceGrpc$RaftServerProtocolServiceBlockingStub.requestVote(RaftServerProtocolServiceGrpc.java:265)
	at org.apache.ratis.grpc.server.GrpcServerProtocolClient.requestVote(GrpcServerProtocolClient.java:90)
	at org.apache.ratis.grpc.server.GrpcService.requestVote(GrpcService.java:204)
	at org.apache.ratis.server.impl.LeaderElection.lambda$submitRequests$1(LeaderElection.java:238)
	at java.util.concurrent.FutureTask.run(FutureTask.java:266)
	at java.util.concurrent.Executors$RunnableAdapter.call(Executors.java:511)
	at java.util.concurrent.FutureTask.run(FutureTask.java:266)
	at java.util.concurrent.ThreadPoolExecutor.runWorker(ThreadPoolExecutor.java:1149)
	at java.util.concurrent.ThreadPoolExecutor$Worker.run(ThreadPoolExecutor.java:624)
	... 1 more
Caused by: org.apache.ratis.thirdparty.io.netty.channel.AbstractChannel$AnnotatedConnectException: Connection refused: /192.168.164.219:34742
	at sun.nio.ch.SocketChannelImpl.checkConnect(Native Method)
	at sun.nio.ch.SocketChannelImpl.finishConnect(SocketChannelImpl.java:717)
	at org.apache.ratis.thirdparty.io.netty.channel.socket.nio.NioSocketChannel.doFinishConnect(NioSocketChannel.java:327)
	at org.apache.ratis.thirdparty.io.netty.channel.nio.AbstractNioChannel$AbstractNioUnsafe.finishConnect(AbstractNioChannel.java:340)
	at org.apache.ratis.thirdparty.io.netty.channel.nio.NioEventLoop.processSelectedKey(NioEventLoop.java:632)
	at org.apache.ratis.thirdparty.io.netty.channel.nio.NioEventLoop.processSelectedKeysOptimized(NioEventLoop.java:579)
	at org.apache.ratis.thirdparty.io.netty.channel.nio.NioEventLoop.processSelectedKeys(NioEventLoop.java:496)
	at org.apache.ratis.thirdparty.io.netty.channel.nio.NioEventLoop.run(NioEventLoop.java:458)
	at org.apache.ratis.thirdparty.io.netty.util.concurrent.SingleThreadEventExecutor$5.run(SingleThreadEventExecutor.java:897)
	at org.apache.ratis.thirdparty.io.netty.util.concurrent.FastThreadLocalRunnable.run(FastThreadLocalRunnable.java:30)
	... 1 more
Caused by: java.net.ConnectException: Connection refused
	... 11 more
2019-09-25 07:04:03,423 [728640af-76ba-4f5f-856a-2a4b70054956@group-45D5735C29D4:LeaderElection79] INFO  impl.LeaderElection (LogUtils.java:infoOrTrace(149)) - 728640af-76ba-4f5f-856a-2a4b70054956@group-45D5735C29D4:LeaderElection79 got exception when requesting votes: {}
java.util.concurrent.ExecutionException: org.apache.ratis.thirdparty.io.grpc.StatusRuntimeException: UNAVAILABLE: io exception
	at java.util.concurrent.FutureTask.report(FutureTask.java:122)
	at java.util.concurrent.FutureTask.get(FutureTask.java:192)
	at org.apache.ratis.server.impl.LeaderElection.waitForResults(LeaderElection.java:263)
	at org.apache.ratis.server.impl.LeaderElection.askForVotes(LeaderElection.java:201)
	at org.apache.ratis.server.impl.LeaderElection.run(LeaderElection.java:133)
	at java.lang.Thread.run(Thread.java:748)
Caused by: org.apache.ratis.thirdparty.io.grpc.StatusRuntimeException: UNAVAILABLE: io exception
	at org.apache.ratis.thirdparty.io.grpc.stub.ClientCalls.toStatusRuntimeException(ClientCalls.java:233)
	at org.apache.ratis.thirdparty.io.grpc.stub.ClientCalls.getUnchecked(ClientCalls.java:214)
	at org.apache.ratis.thirdparty.io.grpc.stub.ClientCalls.blockingUnaryCall(ClientCalls.java:139)
	at org.apache.ratis.proto.grpc.RaftServerProtocolServiceGrpc$RaftServerProtocolServiceBlockingStub.requestVote(RaftServerProtocolServiceGrpc.java:265)
	at org.apache.ratis.grpc.server.GrpcServerProtocolClient.requestVote(GrpcServerProtocolClient.java:90)
	at org.apache.ratis.grpc.server.GrpcService.requestVote(GrpcService.java:204)
	at org.apache.ratis.server.impl.LeaderElection.lambda$submitRequests$1(LeaderElection.java:238)
	at java.util.concurrent.FutureTask.run(FutureTask.java:266)
	at java.util.concurrent.Executors$RunnableAdapter.call(Executors.java:511)
	at java.util.concurrent.FutureTask.run(FutureTask.java:266)
	at java.util.concurrent.ThreadPoolExecutor.runWorker(ThreadPoolExecutor.java:1149)
	at java.util.concurrent.ThreadPoolExecutor$Worker.run(ThreadPoolExecutor.java:624)
	... 1 more
Caused by: org.apache.ratis.thirdparty.io.netty.channel.AbstractChannel$AnnotatedConnectException: Connection refused: /192.168.164.219:44213
	at sun.nio.ch.SocketChannelImpl.checkConnect(Native Method)
	at sun.nio.ch.SocketChannelImpl.finishConnect(SocketChannelImpl.java:717)
	at org.apache.ratis.thirdparty.io.netty.channel.socket.nio.NioSocketChannel.doFinishConnect(NioSocketChannel.java:327)
	at org.apache.ratis.thirdparty.io.netty.channel.nio.AbstractNioChannel$AbstractNioUnsafe.finishConnect(AbstractNioChannel.java:340)
	at org.apache.ratis.thirdparty.io.netty.channel.nio.NioEventLoop.processSelectedKey(NioEventLoop.java:632)
	at org.apache.ratis.thirdparty.io.netty.channel.nio.NioEventLoop.processSelectedKeysOptimized(NioEventLoop.java:579)
	at org.apache.ratis.thirdparty.io.netty.channel.nio.NioEventLoop.processSelectedKeys(NioEventLoop.java:496)
	at org.apache.ratis.thirdparty.io.netty.channel.nio.NioEventLoop.run(NioEventLoop.java:458)
	at org.apache.ratis.thirdparty.io.netty.util.concurrent.SingleThreadEventExecutor$5.run(SingleThreadEventExecutor.java:897)
	at org.apache.ratis.thirdparty.io.netty.util.concurrent.FastThreadLocalRunnable.run(FastThreadLocalRunnable.java:30)
	... 1 more
Caused by: java.net.ConnectException: Connection refused
	... 11 more
2019-09-25 07:04:03,423 [728640af-76ba-4f5f-856a-2a4b70054956@group-45D5735C29D4:LeaderElection79] INFO  impl.LeaderElection (LeaderElection.java:logAndReturn(56)) - 728640af-76ba-4f5f-856a-2a4b70054956@group-45D5735C29D4:LeaderElection79: Election REJECTED; received 0 response(s) [] and 2 exception(s); 728640af-76ba-4f5f-856a-2a4b70054956@group-45D5735C29D4:t12, leader=null, voted=728640af-76ba-4f5f-856a-2a4b70054956, raftlog=728640af-76ba-4f5f-856a-2a4b70054956@group-45D5735C29D4-SegmentedRaftLog:OPENED:c20,f20,i20, conf=19: [728640af-76ba-4f5f-856a-2a4b70054956:192.168.164.219:44993, bdbb84ae-3320-4ffc-9458-295388f22350:192.168.164.219:44213, 559541cc-73c8-4a56-acfe-5973788e7bb7:192.168.164.219:34742], old=null
2019-09-25 07:04:03,423 [728640af-76ba-4f5f-856a-2a4b70054956@group-45D5735C29D4:LeaderElection79] INFO  impl.LeaderElection (LogUtils.java:infoOrTrace(149)) -   Exception 0: {}
java.util.concurrent.ExecutionException: org.apache.ratis.thirdparty.io.grpc.StatusRuntimeException: UNAVAILABLE: io exception
	at java.util.concurrent.FutureTask.report(FutureTask.java:122)
	at java.util.concurrent.FutureTask.get(FutureTask.java:192)
	at org.apache.ratis.server.impl.LeaderElection.waitForResults(LeaderElection.java:263)
	at org.apache.ratis.server.impl.LeaderElection.askForVotes(LeaderElection.java:201)
	at org.apache.ratis.server.impl.LeaderElection.run(LeaderElection.java:133)
	at java.lang.Thread.run(Thread.java:748)
Caused by: org.apache.ratis.thirdparty.io.grpc.StatusRuntimeException: UNAVAILABLE: io exception
	at org.apache.ratis.thirdparty.io.grpc.stub.ClientCalls.toStatusRuntimeException(ClientCalls.java:233)
	at org.apache.ratis.thirdparty.io.grpc.stub.ClientCalls.getUnchecked(ClientCalls.java:214)
	at org.apache.ratis.thirdparty.io.grpc.stub.ClientCalls.blockingUnaryCall(ClientCalls.java:139)
	at org.apache.ratis.proto.grpc.RaftServerProtocolServiceGrpc$RaftServerProtocolServiceBlockingStub.requestVote(RaftServerProtocolServiceGrpc.java:265)
	at org.apache.ratis.grpc.server.GrpcServerProtocolClient.requestVote(GrpcServerProtocolClient.java:90)
	at org.apache.ratis.grpc.server.GrpcService.requestVote(GrpcService.java:204)
	at org.apache.ratis.server.impl.LeaderElection.lambda$submitRequests$1(LeaderElection.java:238)
	at java.util.concurrent.FutureTask.run(FutureTask.java:266)
	at java.util.concurrent.Executors$RunnableAdapter.call(Executors.java:511)
	at java.util.concurrent.FutureTask.run(FutureTask.java:266)
	at java.util.concurrent.ThreadPoolExecutor.runWorker(ThreadPoolExecutor.java:1149)
	at java.util.concurrent.ThreadPoolExecutor$Worker.run(ThreadPoolExecutor.java:624)
	... 1 more
Caused by: org.apache.ratis.thirdparty.io.netty.channel.AbstractChannel$AnnotatedConnectException: Connection refused: /192.168.164.219:34742
	at sun.nio.ch.SocketChannelImpl.checkConnect(Native Method)
	at sun.nio.ch.SocketChannelImpl.finishConnect(SocketChannelImpl.java:717)
	at org.apache.ratis.thirdparty.io.netty.channel.socket.nio.NioSocketChannel.doFinishConnect(NioSocketChannel.java:327)
	at org.apache.ratis.thirdparty.io.netty.channel.nio.AbstractNioChannel$AbstractNioUnsafe.finishConnect(AbstractNioChannel.java:340)
	at org.apache.ratis.thirdparty.io.netty.channel.nio.NioEventLoop.processSelectedKey(NioEventLoop.java:632)
	at org.apache.ratis.thirdparty.io.netty.channel.nio.NioEventLoop.processSelectedKeysOptimized(NioEventLoop.java:579)
	at org.apache.ratis.thirdparty.io.netty.channel.nio.NioEventLoop.processSelectedKeys(NioEventLoop.java:496)
	at org.apache.ratis.thirdparty.io.netty.channel.nio.NioEventLoop.run(NioEventLoop.java:458)
	at org.apache.ratis.thirdparty.io.netty.util.concurrent.SingleThreadEventExecutor$5.run(SingleThreadEventExecutor.java:897)
	at org.apache.ratis.thirdparty.io.netty.util.concurrent.FastThreadLocalRunnable.run(FastThreadLocalRunnable.java:30)
	... 1 more
Caused by: java.net.ConnectException: Connection refused
	... 11 more
2019-09-25 07:04:03,424 [728640af-76ba-4f5f-856a-2a4b70054956@group-45D5735C29D4:LeaderElection79] INFO  impl.LeaderElection (LogUtils.java:infoOrTrace(149)) -   Exception 1: {}
java.util.concurrent.ExecutionException: org.apache.ratis.thirdparty.io.grpc.StatusRuntimeException: UNAVAILABLE: io exception
	at java.util.concurrent.FutureTask.report(FutureTask.java:122)
	at java.util.concurrent.FutureTask.get(FutureTask.java:192)
	at org.apache.ratis.server.impl.LeaderElection.waitForResults(LeaderElection.java:263)
	at org.apache.ratis.server.impl.LeaderElection.askForVotes(LeaderElection.java:201)
	at org.apache.ratis.server.impl.LeaderElection.run(LeaderElection.java:133)
	at java.lang.Thread.run(Thread.java:748)
Caused by: org.apache.ratis.thirdparty.io.grpc.StatusRuntimeException: UNAVAILABLE: io exception
	at org.apache.ratis.thirdparty.io.grpc.stub.ClientCalls.toStatusRuntimeException(ClientCalls.java:233)
	at org.apache.ratis.thirdparty.io.grpc.stub.ClientCalls.getUnchecked(ClientCalls.java:214)
	at org.apache.ratis.thirdparty.io.grpc.stub.ClientCalls.blockingUnaryCall(ClientCalls.java:139)
	at org.apache.ratis.proto.grpc.RaftServerProtocolServiceGrpc$RaftServerProtocolServiceBlockingStub.requestVote(RaftServerProtocolServiceGrpc.java:265)
	at org.apache.ratis.grpc.server.GrpcServerProtocolClient.requestVote(GrpcServerProtocolClient.java:90)
	at org.apache.ratis.grpc.server.GrpcService.requestVote(GrpcService.java:204)
	at org.apache.ratis.server.impl.LeaderElection.lambda$submitRequests$1(LeaderElection.java:238)
	at java.util.concurrent.FutureTask.run(FutureTask.java:266)
	at java.util.concurrent.Executors$RunnableAdapter.call(Executors.java:511)
	at java.util.concurrent.FutureTask.run(FutureTask.java:266)
	at java.util.concurrent.ThreadPoolExecutor.runWorker(ThreadPoolExecutor.java:1149)
	at java.util.concurrent.ThreadPoolExecutor$Worker.run(ThreadPoolExecutor.java:624)
	... 1 more
Caused by: org.apache.ratis.thirdparty.io.netty.channel.AbstractChannel$AnnotatedConnectException: Connection refused: /192.168.164.219:44213
	at sun.nio.ch.SocketChannelImpl.checkConnect(Native Method)
	at sun.nio.ch.SocketChannelImpl.finishConnect(SocketChannelImpl.java:717)
	at org.apache.ratis.thirdparty.io.netty.channel.socket.nio.NioSocketChannel.doFinishConnect(NioSocketChannel.java:327)
	at org.apache.ratis.thirdparty.io.netty.channel.nio.AbstractNioChannel$AbstractNioUnsafe.finishConnect(AbstractNioChannel.java:340)
	at org.apache.ratis.thirdparty.io.netty.channel.nio.NioEventLoop.processSelectedKey(NioEventLoop.java:632)
	at org.apache.ratis.thirdparty.io.netty.channel.nio.NioEventLoop.processSelectedKeysOptimized(NioEventLoop.java:579)
	at org.apache.ratis.thirdparty.io.netty.channel.nio.NioEventLoop.processSelectedKeys(NioEventLoop.java:496)
	at org.apache.ratis.thirdparty.io.netty.channel.nio.NioEventLoop.run(NioEventLoop.java:458)
	at org.apache.ratis.thirdparty.io.netty.util.concurrent.SingleThreadEventExecutor$5.run(SingleThreadEventExecutor.java:897)
	at org.apache.ratis.thirdparty.io.netty.util.concurrent.FastThreadLocalRunnable.run(FastThreadLocalRunnable.java:30)
	... 1 more
Caused by: java.net.ConnectException: Connection refused
	... 11 more
2019-09-25 07:04:03,424 [728640af-76ba-4f5f-856a-2a4b70054956@group-45D5735C29D4:LeaderElection79] INFO  impl.RaftServerImpl (RaftServerImpl.java:setRole(174)) - 728640af-76ba-4f5f-856a-2a4b70054956@group-45D5735C29D4: changes role from CANDIDATE to FOLLOWER at term 12 for DISCOVERED_A_NEW_TERM
2019-09-25 07:04:03,424 [728640af-76ba-4f5f-856a-2a4b70054956@group-45D5735C29D4:LeaderElection79] INFO  impl.RoleInfo (RoleInfo.java:shutdownLeaderElection(134)) - 728640af-76ba-4f5f-856a-2a4b70054956: shutdown LeaderElection
2019-09-25 07:04:03,424 [728640af-76ba-4f5f-856a-2a4b70054956@group-45D5735C29D4:LeaderElection79] INFO  impl.RoleInfo (RoleInfo.java:updateAndGet(143)) - 728640af-76ba-4f5f-856a-2a4b70054956: start FollowerState
2019-09-25 07:04:04,509 [Thread-1811] INFO  impl.FollowerState (FollowerState.java:run(106)) - 728640af-76ba-4f5f-856a-2a4b70054956:group-45D5735C29D4 changes to CANDIDATE, lastRpcTime:1084, electionTimeout:1084ms
2019-09-25 07:04:04,510 [Thread-1811] INFO  impl.RoleInfo (RoleInfo.java:shutdownFollowerState(121)) - 728640af-76ba-4f5f-856a-2a4b70054956: shutdown FollowerState
2019-09-25 07:04:04,510 [Thread-1811] INFO  impl.RaftServerImpl (RaftServerImpl.java:setRole(174)) - 728640af-76ba-4f5f-856a-2a4b70054956@group-45D5735C29D4: changes role from  FOLLOWER to CANDIDATE at term 12 for changeToCandidate
2019-09-25 07:04:04,510 [Thread-1811] INFO  impl.RoleInfo (RoleInfo.java:updateAndGet(143)) - 728640af-76ba-4f5f-856a-2a4b70054956: start LeaderElection
2019-09-25 07:04:04,525 [728640af-76ba-4f5f-856a-2a4b70054956@group-45D5735C29D4:LeaderElection80] INFO  impl.LeaderElection (LeaderElection.java:askForVotes(182)) - 728640af-76ba-4f5f-856a-2a4b70054956@group-45D5735C29D4:LeaderElection80: begin an election at term 13 for 19: [728640af-76ba-4f5f-856a-2a4b70054956:192.168.164.219:44993, bdbb84ae-3320-4ffc-9458-295388f22350:192.168.164.219:44213, 559541cc-73c8-4a56-acfe-5973788e7bb7:192.168.164.219:34742], old=null
2019-09-25 07:04:04,527 [728640af-76ba-4f5f-856a-2a4b70054956@group-45D5735C29D4:LeaderElection80] INFO  impl.LeaderElection (LogUtils.java:infoOrTrace(149)) - 728640af-76ba-4f5f-856a-2a4b70054956@group-45D5735C29D4:LeaderElection80 got exception when requesting votes: {}
java.util.concurrent.ExecutionException: org.apache.ratis.thirdparty.io.grpc.StatusRuntimeException: UNAVAILABLE: io exception
	at java.util.concurrent.FutureTask.report(FutureTask.java:122)
	at java.util.concurrent.FutureTask.get(FutureTask.java:192)
	at org.apache.ratis.server.impl.LeaderElection.waitForResults(LeaderElection.java:263)
	at org.apache.ratis.server.impl.LeaderElection.askForVotes(LeaderElection.java:201)
	at org.apache.ratis.server.impl.LeaderElection.run(LeaderElection.java:133)
	at java.lang.Thread.run(Thread.java:748)
Caused by: org.apache.ratis.thirdparty.io.grpc.StatusRuntimeException: UNAVAILABLE: io exception
	at org.apache.ratis.thirdparty.io.grpc.stub.ClientCalls.toStatusRuntimeException(ClientCalls.java:233)
	at org.apache.ratis.thirdparty.io.grpc.stub.ClientCalls.getUnchecked(ClientCalls.java:214)
	at org.apache.ratis.thirdparty.io.grpc.stub.ClientCalls.blockingUnaryCall(ClientCalls.java:139)
	at org.apache.ratis.proto.grpc.RaftServerProtocolServiceGrpc$RaftServerProtocolServiceBlockingStub.requestVote(RaftServerProtocolServiceGrpc.java:265)
	at org.apache.ratis.grpc.server.GrpcServerProtocolClient.requestVote(GrpcServerProtocolClient.java:90)
	at org.apache.ratis.grpc.server.GrpcService.requestVote(GrpcService.java:204)
	at org.apache.ratis.server.impl.LeaderElection.lambda$submitRequests$1(LeaderElection.java:238)
	at java.util.concurrent.FutureTask.run(FutureTask.java:266)
	at java.util.concurrent.Executors$RunnableAdapter.call(Executors.java:511)
	at java.util.concurrent.FutureTask.run(FutureTask.java:266)
	at java.util.concurrent.ThreadPoolExecutor.runWorker(ThreadPoolExecutor.java:1149)
	at java.util.concurrent.ThreadPoolExecutor$Worker.run(ThreadPoolExecutor.java:624)
	... 1 more
Caused by: org.apache.ratis.thirdparty.io.netty.channel.AbstractChannel$AnnotatedConnectException: Connection refused: /192.168.164.219:34742
	at sun.nio.ch.SocketChannelImpl.checkConnect(Native Method)
	at sun.nio.ch.SocketChannelImpl.finishConnect(SocketChannelImpl.java:717)
	at org.apache.ratis.thirdparty.io.netty.channel.socket.nio.NioSocketChannel.doFinishConnect(NioSocketChannel.java:327)
	at org.apache.ratis.thirdparty.io.netty.channel.nio.AbstractNioChannel$AbstractNioUnsafe.finishConnect(AbstractNioChannel.java:340)
	at org.apache.ratis.thirdparty.io.netty.channel.nio.NioEventLoop.processSelectedKey(NioEventLoop.java:632)
	at org.apache.ratis.thirdparty.io.netty.channel.nio.NioEventLoop.processSelectedKeysOptimized(NioEventLoop.java:579)
	at org.apache.ratis.thirdparty.io.netty.channel.nio.NioEventLoop.processSelectedKeys(NioEventLoop.java:496)
	at org.apache.ratis.thirdparty.io.netty.channel.nio.NioEventLoop.run(NioEventLoop.java:458)
	at org.apache.ratis.thirdparty.io.netty.util.concurrent.SingleThreadEventExecutor$5.run(SingleThreadEventExecutor.java:897)
	at org.apache.ratis.thirdparty.io.netty.util.concurrent.FastThreadLocalRunnable.run(FastThreadLocalRunnable.java:30)
	... 1 more
Caused by: java.net.ConnectException: Connection refused
	... 11 more
2019-09-25 07:04:04,528 [728640af-76ba-4f5f-856a-2a4b70054956@group-45D5735C29D4:LeaderElection80] INFO  impl.LeaderElection (LogUtils.java:infoOrTrace(149)) - 728640af-76ba-4f5f-856a-2a4b70054956@group-45D5735C29D4:LeaderElection80 got exception when requesting votes: {}
java.util.concurrent.ExecutionException: org.apache.ratis.thirdparty.io.grpc.StatusRuntimeException: UNAVAILABLE: io exception
	at java.util.concurrent.FutureTask.report(FutureTask.java:122)
	at java.util.concurrent.FutureTask.get(FutureTask.java:192)
	at org.apache.ratis.server.impl.LeaderElection.waitForResults(LeaderElection.java:263)
	at org.apache.ratis.server.impl.LeaderElection.askForVotes(LeaderElection.java:201)
	at org.apache.ratis.server.impl.LeaderElection.run(LeaderElection.java:133)
	at java.lang.Thread.run(Thread.java:748)
Caused by: org.apache.ratis.thirdparty.io.grpc.StatusRuntimeException: UNAVAILABLE: io exception
	at org.apache.ratis.thirdparty.io.grpc.stub.ClientCalls.toStatusRuntimeException(ClientCalls.java:233)
	at org.apache.ratis.thirdparty.io.grpc.stub.ClientCalls.getUnchecked(ClientCalls.java:214)
	at org.apache.ratis.thirdparty.io.grpc.stub.ClientCalls.blockingUnaryCall(ClientCalls.java:139)
	at org.apache.ratis.proto.grpc.RaftServerProtocolServiceGrpc$RaftServerProtocolServiceBlockingStub.requestVote(RaftServerProtocolServiceGrpc.java:265)
	at org.apache.ratis.grpc.server.GrpcServerProtocolClient.requestVote(GrpcServerProtocolClient.java:90)
	at org.apache.ratis.grpc.server.GrpcService.requestVote(GrpcService.java:204)
	at org.apache.ratis.server.impl.LeaderElection.lambda$submitRequests$1(LeaderElection.java:238)
	at java.util.concurrent.FutureTask.run(FutureTask.java:266)
	at java.util.concurrent.Executors$RunnableAdapter.call(Executors.java:511)
	at java.util.concurrent.FutureTask.run(FutureTask.java:266)
	at java.util.concurrent.ThreadPoolExecutor.runWorker(ThreadPoolExecutor.java:1149)
	at java.util.concurrent.ThreadPoolExecutor$Worker.run(ThreadPoolExecutor.java:624)
	... 1 more
Caused by: org.apache.ratis.thirdparty.io.netty.channel.AbstractChannel$AnnotatedConnectException: Connection refused: /192.168.164.219:44213
	at sun.nio.ch.SocketChannelImpl.checkConnect(Native Method)
	at sun.nio.ch.SocketChannelImpl.finishConnect(SocketChannelImpl.java:717)
	at org.apache.ratis.thirdparty.io.netty.channel.socket.nio.NioSocketChannel.doFinishConnect(NioSocketChannel.java:327)
	at org.apache.ratis.thirdparty.io.netty.channel.nio.AbstractNioChannel$AbstractNioUnsafe.finishConnect(AbstractNioChannel.java:340)
	at org.apache.ratis.thirdparty.io.netty.channel.nio.NioEventLoop.processSelectedKey(NioEventLoop.java:632)
	at org.apache.ratis.thirdparty.io.netty.channel.nio.NioEventLoop.processSelectedKeysOptimized(NioEventLoop.java:579)
	at org.apache.ratis.thirdparty.io.netty.channel.nio.NioEventLoop.processSelectedKeys(NioEventLoop.java:496)
	at org.apache.ratis.thirdparty.io.netty.channel.nio.NioEventLoop.run(NioEventLoop.java:458)
	at org.apache.ratis.thirdparty.io.netty.util.concurrent.SingleThreadEventExecutor$5.run(SingleThreadEventExecutor.java:897)
	at org.apache.ratis.thirdparty.io.netty.util.concurrent.FastThreadLocalRunnable.run(FastThreadLocalRunnable.java:30)
	... 1 more
Caused by: java.net.ConnectException: Connection refused
	... 11 more
2019-09-25 07:04:04,528 [728640af-76ba-4f5f-856a-2a4b70054956@group-45D5735C29D4:LeaderElection80] INFO  impl.LeaderElection (LeaderElection.java:logAndReturn(56)) - 728640af-76ba-4f5f-856a-2a4b70054956@group-45D5735C29D4:LeaderElection80: Election REJECTED; received 0 response(s) [] and 2 exception(s); 728640af-76ba-4f5f-856a-2a4b70054956@group-45D5735C29D4:t13, leader=null, voted=728640af-76ba-4f5f-856a-2a4b70054956, raftlog=728640af-76ba-4f5f-856a-2a4b70054956@group-45D5735C29D4-SegmentedRaftLog:OPENED:c20,f20,i20, conf=19: [728640af-76ba-4f5f-856a-2a4b70054956:192.168.164.219:44993, bdbb84ae-3320-4ffc-9458-295388f22350:192.168.164.219:44213, 559541cc-73c8-4a56-acfe-5973788e7bb7:192.168.164.219:34742], old=null
2019-09-25 07:04:04,528 [728640af-76ba-4f5f-856a-2a4b70054956@group-45D5735C29D4:LeaderElection80] INFO  impl.LeaderElection (LogUtils.java:infoOrTrace(149)) -   Exception 0: {}
java.util.concurrent.ExecutionException: org.apache.ratis.thirdparty.io.grpc.StatusRuntimeException: UNAVAILABLE: io exception
	at java.util.concurrent.FutureTask.report(FutureTask.java:122)
	at java.util.concurrent.FutureTask.get(FutureTask.java:192)
	at org.apache.ratis.server.impl.LeaderElection.waitForResults(LeaderElection.java:263)
	at org.apache.ratis.server.impl.LeaderElection.askForVotes(LeaderElection.java:201)
	at org.apache.ratis.server.impl.LeaderElection.run(LeaderElection.java:133)
	at java.lang.Thread.run(Thread.java:748)
Caused by: org.apache.ratis.thirdparty.io.grpc.StatusRuntimeException: UNAVAILABLE: io exception
	at org.apache.ratis.thirdparty.io.grpc.stub.ClientCalls.toStatusRuntimeException(ClientCalls.java:233)
	at org.apache.ratis.thirdparty.io.grpc.stub.ClientCalls.getUnchecked(ClientCalls.java:214)
	at org.apache.ratis.thirdparty.io.grpc.stub.ClientCalls.blockingUnaryCall(ClientCalls.java:139)
	at org.apache.ratis.proto.grpc.RaftServerProtocolServiceGrpc$RaftServerProtocolServiceBlockingStub.requestVote(RaftServerProtocolServiceGrpc.java:265)
	at org.apache.ratis.grpc.server.GrpcServerProtocolClient.requestVote(GrpcServerProtocolClient.java:90)
	at org.apache.ratis.grpc.server.GrpcService.requestVote(GrpcService.java:204)
	at org.apache.ratis.server.impl.LeaderElection.lambda$submitRequests$1(LeaderElection.java:238)
	at java.util.concurrent.FutureTask.run(FutureTask.java:266)
	at java.util.concurrent.Executors$RunnableAdapter.call(Executors.java:511)
	at java.util.concurrent.FutureTask.run(FutureTask.java:266)
	at java.util.concurrent.ThreadPoolExecutor.runWorker(ThreadPoolExecutor.java:1149)
	at java.util.concurrent.ThreadPoolExecutor$Worker.run(ThreadPoolExecutor.java:624)
	... 1 more
Caused by: org.apache.ratis.thirdparty.io.netty.channel.AbstractChannel$AnnotatedConnectException: Connection refused: /192.168.164.219:34742
	at sun.nio.ch.SocketChannelImpl.checkConnect(Native Method)
	at sun.nio.ch.SocketChannelImpl.finishConnect(SocketChannelImpl.java:717)
	at org.apache.ratis.thirdparty.io.netty.channel.socket.nio.NioSocketChannel.doFinishConnect(NioSocketChannel.java:327)
	at org.apache.ratis.thirdparty.io.netty.channel.nio.AbstractNioChannel$AbstractNioUnsafe.finishConnect(AbstractNioChannel.java:340)
	at org.apache.ratis.thirdparty.io.netty.channel.nio.NioEventLoop.processSelectedKey(NioEventLoop.java:632)
	at org.apache.ratis.thirdparty.io.netty.channel.nio.NioEventLoop.processSelectedKeysOptimized(NioEventLoop.java:579)
	at org.apache.ratis.thirdparty.io.netty.channel.nio.NioEventLoop.processSelectedKeys(NioEventLoop.java:496)
	at org.apache.ratis.thirdparty.io.netty.channel.nio.NioEventLoop.run(NioEventLoop.java:458)
	at org.apache.ratis.thirdparty.io.netty.util.concurrent.SingleThreadEventExecutor$5.run(SingleThreadEventExecutor.java:897)
	at org.apache.ratis.thirdparty.io.netty.util.concurrent.FastThreadLocalRunnable.run(FastThreadLocalRunnable.java:30)
	... 1 more
Caused by: java.net.ConnectException: Connection refused
	... 11 more
2019-09-25 07:04:04,529 [728640af-76ba-4f5f-856a-2a4b70054956@group-45D5735C29D4:LeaderElection80] INFO  impl.LeaderElection (LogUtils.java:infoOrTrace(149)) -   Exception 1: {}
java.util.concurrent.ExecutionException: org.apache.ratis.thirdparty.io.grpc.StatusRuntimeException: UNAVAILABLE: io exception
	at java.util.concurrent.FutureTask.report(FutureTask.java:122)
	at java.util.concurrent.FutureTask.get(FutureTask.java:192)
	at org.apache.ratis.server.impl.LeaderElection.waitForResults(LeaderElection.java:263)
	at org.apache.ratis.server.impl.LeaderElection.askForVotes(LeaderElection.java:201)
	at org.apache.ratis.server.impl.LeaderElection.run(LeaderElection.java:133)
	at java.lang.Thread.run(Thread.java:748)
Caused by: org.apache.ratis.thirdparty.io.grpc.StatusRuntimeException: UNAVAILABLE: io exception
	at org.apache.ratis.thirdparty.io.grpc.stub.ClientCalls.toStatusRuntimeException(ClientCalls.java:233)
	at org.apache.ratis.thirdparty.io.grpc.stub.ClientCalls.getUnchecked(ClientCalls.java:214)
	at org.apache.ratis.thirdparty.io.grpc.stub.ClientCalls.blockingUnaryCall(ClientCalls.java:139)
	at org.apache.ratis.proto.grpc.RaftServerProtocolServiceGrpc$RaftServerProtocolServiceBlockingStub.requestVote(RaftServerProtocolServiceGrpc.java:265)
	at org.apache.ratis.grpc.server.GrpcServerProtocolClient.requestVote(GrpcServerProtocolClient.java:90)
	at org.apache.ratis.grpc.server.GrpcService.requestVote(GrpcService.java:204)
	at org.apache.ratis.server.impl.LeaderElection.lambda$submitRequests$1(LeaderElection.java:238)
	at java.util.concurrent.FutureTask.run(FutureTask.java:266)
	at java.util.concurrent.Executors$RunnableAdapter.call(Executors.java:511)
	at java.util.concurrent.FutureTask.run(FutureTask.java:266)
	at java.util.concurrent.ThreadPoolExecutor.runWorker(ThreadPoolExecutor.java:1149)
	at java.util.concurrent.ThreadPoolExecutor$Worker.run(ThreadPoolExecutor.java:624)
	... 1 more
Caused by: org.apache.ratis.thirdparty.io.netty.channel.AbstractChannel$AnnotatedConnectException: Connection refused: /192.168.164.219:44213
	at sun.nio.ch.SocketChannelImpl.checkConnect(Native Method)
	at sun.nio.ch.SocketChannelImpl.finishConnect(SocketChannelImpl.java:717)
	at org.apache.ratis.thirdparty.io.netty.channel.socket.nio.NioSocketChannel.doFinishConnect(NioSocketChannel.java:327)
	at org.apache.ratis.thirdparty.io.netty.channel.nio.AbstractNioChannel$AbstractNioUnsafe.finishConnect(AbstractNioChannel.java:340)
	at org.apache.ratis.thirdparty.io.netty.channel.nio.NioEventLoop.processSelectedKey(NioEventLoop.java:632)
	at org.apache.ratis.thirdparty.io.netty.channel.nio.NioEventLoop.processSelectedKeysOptimized(NioEventLoop.java:579)
	at org.apache.ratis.thirdparty.io.netty.channel.nio.NioEventLoop.processSelectedKeys(NioEventLoop.java:496)
	at org.apache.ratis.thirdparty.io.netty.channel.nio.NioEventLoop.run(NioEventLoop.java:458)
	at org.apache.ratis.thirdparty.io.netty.util.concurrent.SingleThreadEventExecutor$5.run(SingleThreadEventExecutor.java:897)
	at org.apache.ratis.thirdparty.io.netty.util.concurrent.FastThreadLocalRunnable.run(FastThreadLocalRunnable.java:30)
	... 1 more
Caused by: java.net.ConnectException: Connection refused
	... 11 more
2019-09-25 07:04:04,529 [728640af-76ba-4f5f-856a-2a4b70054956@group-45D5735C29D4:LeaderElection80] INFO  impl.RaftServerImpl (RaftServerImpl.java:setRole(174)) - 728640af-76ba-4f5f-856a-2a4b70054956@group-45D5735C29D4: changes role from CANDIDATE to FOLLOWER at term 13 for DISCOVERED_A_NEW_TERM
2019-09-25 07:04:04,529 [728640af-76ba-4f5f-856a-2a4b70054956@group-45D5735C29D4:LeaderElection80] INFO  impl.RoleInfo (RoleInfo.java:shutdownLeaderElection(134)) - 728640af-76ba-4f5f-856a-2a4b70054956: shutdown LeaderElection
2019-09-25 07:04:04,529 [728640af-76ba-4f5f-856a-2a4b70054956@group-45D5735C29D4:LeaderElection80] INFO  impl.RoleInfo (RoleInfo.java:updateAndGet(143)) - 728640af-76ba-4f5f-856a-2a4b70054956: start FollowerState
2019-09-25 07:04:05,648 [Thread-1819] INFO  impl.FollowerState (FollowerState.java:run(106)) - 728640af-76ba-4f5f-856a-2a4b70054956:group-45D5735C29D4 changes to CANDIDATE, lastRpcTime:1118, electionTimeout:1118ms
2019-09-25 07:04:05,649 [Thread-1819] INFO  impl.RoleInfo (RoleInfo.java:shutdownFollowerState(121)) - 728640af-76ba-4f5f-856a-2a4b70054956: shutdown FollowerState
2019-09-25 07:04:05,649 [Thread-1819] INFO  impl.RaftServerImpl (RaftServerImpl.java:setRole(174)) - 728640af-76ba-4f5f-856a-2a4b70054956@group-45D5735C29D4: changes role from  FOLLOWER to CANDIDATE at term 13 for changeToCandidate
2019-09-25 07:04:05,649 [Thread-1819] INFO  impl.RoleInfo (RoleInfo.java:updateAndGet(143)) - 728640af-76ba-4f5f-856a-2a4b70054956: start LeaderElection
2019-09-25 07:04:05,664 [728640af-76ba-4f5f-856a-2a4b70054956@group-45D5735C29D4:LeaderElection81] INFO  impl.LeaderElection (LeaderElection.java:askForVotes(182)) - 728640af-76ba-4f5f-856a-2a4b70054956@group-45D5735C29D4:LeaderElection81: begin an election at term 14 for 19: [728640af-76ba-4f5f-856a-2a4b70054956:192.168.164.219:44993, bdbb84ae-3320-4ffc-9458-295388f22350:192.168.164.219:44213, 559541cc-73c8-4a56-acfe-5973788e7bb7:192.168.164.219:34742], old=null
2019-09-25 07:04:05,667 [728640af-76ba-4f5f-856a-2a4b70054956@group-45D5735C29D4:LeaderElection81] INFO  impl.LeaderElection (LogUtils.java:infoOrTrace(149)) - 728640af-76ba-4f5f-856a-2a4b70054956@group-45D5735C29D4:LeaderElection81 got exception when requesting votes: {}
java.util.concurrent.ExecutionException: org.apache.ratis.thirdparty.io.grpc.StatusRuntimeException: UNAVAILABLE: io exception
	at java.util.concurrent.FutureTask.report(FutureTask.java:122)
	at java.util.concurrent.FutureTask.get(FutureTask.java:192)
	at org.apache.ratis.server.impl.LeaderElection.waitForResults(LeaderElection.java:263)
	at org.apache.ratis.server.impl.LeaderElection.askForVotes(LeaderElection.java:201)
	at org.apache.ratis.server.impl.LeaderElection.run(LeaderElection.java:133)
	at java.lang.Thread.run(Thread.java:748)
Caused by: org.apache.ratis.thirdparty.io.grpc.StatusRuntimeException: UNAVAILABLE: io exception
	at org.apache.ratis.thirdparty.io.grpc.stub.ClientCalls.toStatusRuntimeException(ClientCalls.java:233)
	at org.apache.ratis.thirdparty.io.grpc.stub.ClientCalls.getUnchecked(ClientCalls.java:214)
	at org.apache.ratis.thirdparty.io.grpc.stub.ClientCalls.blockingUnaryCall(ClientCalls.java:139)
	at org.apache.ratis.proto.grpc.RaftServerProtocolServiceGrpc$RaftServerProtocolServiceBlockingStub.requestVote(RaftServerProtocolServiceGrpc.java:265)
	at org.apache.ratis.grpc.server.GrpcServerProtocolClient.requestVote(GrpcServerProtocolClient.java:90)
	at org.apache.ratis.grpc.server.GrpcService.requestVote(GrpcService.java:204)
	at org.apache.ratis.server.impl.LeaderElection.lambda$submitRequests$1(LeaderElection.java:238)
	at java.util.concurrent.FutureTask.run(FutureTask.java:266)
	at java.util.concurrent.Executors$RunnableAdapter.call(Executors.java:511)
	at java.util.concurrent.FutureTask.run(FutureTask.java:266)
	at java.util.concurrent.ThreadPoolExecutor.runWorker(ThreadPoolExecutor.java:1149)
	at java.util.concurrent.ThreadPoolExecutor$Worker.run(ThreadPoolExecutor.java:624)
	... 1 more
Caused by: org.apache.ratis.thirdparty.io.netty.channel.AbstractChannel$AnnotatedConnectException: Connection refused: /192.168.164.219:34742
	at sun.nio.ch.SocketChannelImpl.checkConnect(Native Method)
	at sun.nio.ch.SocketChannelImpl.finishConnect(SocketChannelImpl.java:717)
	at org.apache.ratis.thirdparty.io.netty.channel.socket.nio.NioSocketChannel.doFinishConnect(NioSocketChannel.java:327)
	at org.apache.ratis.thirdparty.io.netty.channel.nio.AbstractNioChannel$AbstractNioUnsafe.finishConnect(AbstractNioChannel.java:340)
	at org.apache.ratis.thirdparty.io.netty.channel.nio.NioEventLoop.processSelectedKey(NioEventLoop.java:632)
	at org.apache.ratis.thirdparty.io.netty.channel.nio.NioEventLoop.processSelectedKeysOptimized(NioEventLoop.java:579)
	at org.apache.ratis.thirdparty.io.netty.channel.nio.NioEventLoop.processSelectedKeys(NioEventLoop.java:496)
	at org.apache.ratis.thirdparty.io.netty.channel.nio.NioEventLoop.run(NioEventLoop.java:458)
	at org.apache.ratis.thirdparty.io.netty.util.concurrent.SingleThreadEventExecutor$5.run(SingleThreadEventExecutor.java:897)
	at org.apache.ratis.thirdparty.io.netty.util.concurrent.FastThreadLocalRunnable.run(FastThreadLocalRunnable.java:30)
	... 1 more
Caused by: java.net.ConnectException: Connection refused
	... 11 more
2019-09-25 07:04:05,668 [728640af-76ba-4f5f-856a-2a4b70054956@group-45D5735C29D4:LeaderElection81] INFO  impl.LeaderElection (LogUtils.java:infoOrTrace(149)) - 728640af-76ba-4f5f-856a-2a4b70054956@group-45D5735C29D4:LeaderElection81 got exception when requesting votes: {}
java.util.concurrent.ExecutionException: org.apache.ratis.thirdparty.io.grpc.StatusRuntimeException: UNAVAILABLE: io exception
	at java.util.concurrent.FutureTask.report(FutureTask.java:122)
	at java.util.concurrent.FutureTask.get(FutureTask.java:192)
	at org.apache.ratis.server.impl.LeaderElection.waitForResults(LeaderElection.java:263)
	at org.apache.ratis.server.impl.LeaderElection.askForVotes(LeaderElection.java:201)
	at org.apache.ratis.server.impl.LeaderElection.run(LeaderElection.java:133)
	at java.lang.Thread.run(Thread.java:748)
Caused by: org.apache.ratis.thirdparty.io.grpc.StatusRuntimeException: UNAVAILABLE: io exception
	at org.apache.ratis.thirdparty.io.grpc.stub.ClientCalls.toStatusRuntimeException(ClientCalls.java:233)
	at org.apache.ratis.thirdparty.io.grpc.stub.ClientCalls.getUnchecked(ClientCalls.java:214)
	at org.apache.ratis.thirdparty.io.grpc.stub.ClientCalls.blockingUnaryCall(ClientCalls.java:139)
	at org.apache.ratis.proto.grpc.RaftServerProtocolServiceGrpc$RaftServerProtocolServiceBlockingStub.requestVote(RaftServerProtocolServiceGrpc.java:265)
	at org.apache.ratis.grpc.server.GrpcServerProtocolClient.requestVote(GrpcServerProtocolClient.java:90)
	at org.apache.ratis.grpc.server.GrpcService.requestVote(GrpcService.java:204)
	at org.apache.ratis.server.impl.LeaderElection.lambda$submitRequests$1(LeaderElection.java:238)
	at java.util.concurrent.FutureTask.run(FutureTask.java:266)
	at java.util.concurrent.Executors$RunnableAdapter.call(Executors.java:511)
	at java.util.concurrent.FutureTask.run(FutureTask.java:266)
	at java.util.concurrent.ThreadPoolExecutor.runWorker(ThreadPoolExecutor.java:1149)
	at java.util.concurrent.ThreadPoolExecutor$Worker.run(ThreadPoolExecutor.java:624)
	... 1 more
Caused by: org.apache.ratis.thirdparty.io.netty.channel.AbstractChannel$AnnotatedConnectException: Connection refused: /192.168.164.219:44213
	at sun.nio.ch.SocketChannelImpl.checkConnect(Native Method)
	at sun.nio.ch.SocketChannelImpl.finishConnect(SocketChannelImpl.java:717)
	at org.apache.ratis.thirdparty.io.netty.channel.socket.nio.NioSocketChannel.doFinishConnect(NioSocketChannel.java:327)
	at org.apache.ratis.thirdparty.io.netty.channel.nio.AbstractNioChannel$AbstractNioUnsafe.finishConnect(AbstractNioChannel.java:340)
	at org.apache.ratis.thirdparty.io.netty.channel.nio.NioEventLoop.processSelectedKey(NioEventLoop.java:632)
	at org.apache.ratis.thirdparty.io.netty.channel.nio.NioEventLoop.processSelectedKeysOptimized(NioEventLoop.java:579)
	at org.apache.ratis.thirdparty.io.netty.channel.nio.NioEventLoop.processSelectedKeys(NioEventLoop.java:496)
	at org.apache.ratis.thirdparty.io.netty.channel.nio.NioEventLoop.run(NioEventLoop.java:458)
	at org.apache.ratis.thirdparty.io.netty.util.concurrent.SingleThreadEventExecutor$5.run(SingleThreadEventExecutor.java:897)
	at org.apache.ratis.thirdparty.io.netty.util.concurrent.FastThreadLocalRunnable.run(FastThreadLocalRunnable.java:30)
	... 1 more
Caused by: java.net.ConnectException: Connection refused
	... 11 more
2019-09-25 07:04:05,668 [728640af-76ba-4f5f-856a-2a4b70054956@group-45D5735C29D4:LeaderElection81] INFO  impl.LeaderElection (LeaderElection.java:logAndReturn(56)) - 728640af-76ba-4f5f-856a-2a4b70054956@group-45D5735C29D4:LeaderElection81: Election REJECTED; received 0 response(s) [] and 2 exception(s); 728640af-76ba-4f5f-856a-2a4b70054956@group-45D5735C29D4:t14, leader=null, voted=728640af-76ba-4f5f-856a-2a4b70054956, raftlog=728640af-76ba-4f5f-856a-2a4b70054956@group-45D5735C29D4-SegmentedRaftLog:OPENED:c20,f20,i20, conf=19: [728640af-76ba-4f5f-856a-2a4b70054956:192.168.164.219:44993, bdbb84ae-3320-4ffc-9458-295388f22350:192.168.164.219:44213, 559541cc-73c8-4a56-acfe-5973788e7bb7:192.168.164.219:34742], old=null
2019-09-25 07:04:05,669 [728640af-76ba-4f5f-856a-2a4b70054956@group-45D5735C29D4:LeaderElection81] INFO  impl.LeaderElection (LogUtils.java:infoOrTrace(149)) -   Exception 0: {}
java.util.concurrent.ExecutionException: org.apache.ratis.thirdparty.io.grpc.StatusRuntimeException: UNAVAILABLE: io exception
	at java.util.concurrent.FutureTask.report(FutureTask.java:122)
	at java.util.concurrent.FutureTask.get(FutureTask.java:192)
	at org.apache.ratis.server.impl.LeaderElection.waitForResults(LeaderElection.java:263)
	at org.apache.ratis.server.impl.LeaderElection.askForVotes(LeaderElection.java:201)
	at org.apache.ratis.server.impl.LeaderElection.run(LeaderElection.java:133)
	at java.lang.Thread.run(Thread.java:748)
Caused by: org.apache.ratis.thirdparty.io.grpc.StatusRuntimeException: UNAVAILABLE: io exception
	at org.apache.ratis.thirdparty.io.grpc.stub.ClientCalls.toStatusRuntimeException(ClientCalls.java:233)
	at org.apache.ratis.thirdparty.io.grpc.stub.ClientCalls.getUnchecked(ClientCalls.java:214)
	at org.apache.ratis.thirdparty.io.grpc.stub.ClientCalls.blockingUnaryCall(ClientCalls.java:139)
	at org.apache.ratis.proto.grpc.RaftServerProtocolServiceGrpc$RaftServerProtocolServiceBlockingStub.requestVote(RaftServerProtocolServiceGrpc.java:265)
	at org.apache.ratis.grpc.server.GrpcServerProtocolClient.requestVote(GrpcServerProtocolClient.java:90)
	at org.apache.ratis.grpc.server.GrpcService.requestVote(GrpcService.java:204)
	at org.apache.ratis.server.impl.LeaderElection.lambda$submitRequests$1(LeaderElection.java:238)
	at java.util.concurrent.FutureTask.run(FutureTask.java:266)
	at java.util.concurrent.Executors$RunnableAdapter.call(Executors.java:511)
	at java.util.concurrent.FutureTask.run(FutureTask.java:266)
	at java.util.concurrent.ThreadPoolExecutor.runWorker(ThreadPoolExecutor.java:1149)
	at java.util.concurrent.ThreadPoolExecutor$Worker.run(ThreadPoolExecutor.java:624)
	... 1 more
Caused by: org.apache.ratis.thirdparty.io.netty.channel.AbstractChannel$AnnotatedConnectException: Connection refused: /192.168.164.219:34742
	at sun.nio.ch.SocketChannelImpl.checkConnect(Native Method)
	at sun.nio.ch.SocketChannelImpl.finishConnect(SocketChannelImpl.java:717)
	at org.apache.ratis.thirdparty.io.netty.channel.socket.nio.NioSocketChannel.doFinishConnect(NioSocketChannel.java:327)
	at org.apache.ratis.thirdparty.io.netty.channel.nio.AbstractNioChannel$AbstractNioUnsafe.finishConnect(AbstractNioChannel.java:340)
	at org.apache.ratis.thirdparty.io.netty.channel.nio.NioEventLoop.processSelectedKey(NioEventLoop.java:632)
	at org.apache.ratis.thirdparty.io.netty.channel.nio.NioEventLoop.processSelectedKeysOptimized(NioEventLoop.java:579)
	at org.apache.ratis.thirdparty.io.netty.channel.nio.NioEventLoop.processSelectedKeys(NioEventLoop.java:496)
	at org.apache.ratis.thirdparty.io.netty.channel.nio.NioEventLoop.run(NioEventLoop.java:458)
	at org.apache.ratis.thirdparty.io.netty.util.concurrent.SingleThreadEventExecutor$5.run(SingleThreadEventExecutor.java:897)
	at org.apache.ratis.thirdparty.io.netty.util.concurrent.FastThreadLocalRunnable.run(FastThreadLocalRunnable.java:30)
	... 1 more
Caused by: java.net.ConnectException: Connection refused
	... 11 more
2019-09-25 07:04:05,669 [728640af-76ba-4f5f-856a-2a4b70054956@group-45D5735C29D4:LeaderElection81] INFO  impl.LeaderElection (LogUtils.java:infoOrTrace(149)) -   Exception 1: {}
java.util.concurrent.ExecutionException: org.apache.ratis.thirdparty.io.grpc.StatusRuntimeException: UNAVAILABLE: io exception
	at java.util.concurrent.FutureTask.report(FutureTask.java:122)
	at java.util.concurrent.FutureTask.get(FutureTask.java:192)
	at org.apache.ratis.server.impl.LeaderElection.waitForResults(LeaderElection.java:263)
	at org.apache.ratis.server.impl.LeaderElection.askForVotes(LeaderElection.java:201)
	at org.apache.ratis.server.impl.LeaderElection.run(LeaderElection.java:133)
	at java.lang.Thread.run(Thread.java:748)
Caused by: org.apache.ratis.thirdparty.io.grpc.StatusRuntimeException: UNAVAILABLE: io exception
	at org.apache.ratis.thirdparty.io.grpc.stub.ClientCalls.toStatusRuntimeException(ClientCalls.java:233)
	at org.apache.ratis.thirdparty.io.grpc.stub.ClientCalls.getUnchecked(ClientCalls.java:214)
	at org.apache.ratis.thirdparty.io.grpc.stub.ClientCalls.blockingUnaryCall(ClientCalls.java:139)
	at org.apache.ratis.proto.grpc.RaftServerProtocolServiceGrpc$RaftServerProtocolServiceBlockingStub.requestVote(RaftServerProtocolServiceGrpc.java:265)
	at org.apache.ratis.grpc.server.GrpcServerProtocolClient.requestVote(GrpcServerProtocolClient.java:90)
	at org.apache.ratis.grpc.server.GrpcService.requestVote(GrpcService.java:204)
	at org.apache.ratis.server.impl.LeaderElection.lambda$submitRequests$1(LeaderElection.java:238)
	at java.util.concurrent.FutureTask.run(FutureTask.java:266)
	at java.util.concurrent.Executors$RunnableAdapter.call(Executors.java:511)
	at java.util.concurrent.FutureTask.run(FutureTask.java:266)
	at java.util.concurrent.ThreadPoolExecutor.runWorker(ThreadPoolExecutor.java:1149)
	at java.util.concurrent.ThreadPoolExecutor$Worker.run(ThreadPoolExecutor.java:624)
	... 1 more
Caused by: org.apache.ratis.thirdparty.io.netty.channel.AbstractChannel$AnnotatedConnectException: Connection refused: /192.168.164.219:44213
	at sun.nio.ch.SocketChannelImpl.checkConnect(Native Method)
	at sun.nio.ch.SocketChannelImpl.finishConnect(SocketChannelImpl.java:717)
	at org.apache.ratis.thirdparty.io.netty.channel.socket.nio.NioSocketChannel.doFinishConnect(NioSocketChannel.java:327)
	at org.apache.ratis.thirdparty.io.netty.channel.nio.AbstractNioChannel$AbstractNioUnsafe.finishConnect(AbstractNioChannel.java:340)
	at org.apache.ratis.thirdparty.io.netty.channel.nio.NioEventLoop.processSelectedKey(NioEventLoop.java:632)
	at org.apache.ratis.thirdparty.io.netty.channel.nio.NioEventLoop.processSelectedKeysOptimized(NioEventLoop.java:579)
	at org.apache.ratis.thirdparty.io.netty.channel.nio.NioEventLoop.processSelectedKeys(NioEventLoop.java:496)
	at org.apache.ratis.thirdparty.io.netty.channel.nio.NioEventLoop.run(NioEventLoop.java:458)
	at org.apache.ratis.thirdparty.io.netty.util.concurrent.SingleThreadEventExecutor$5.run(SingleThreadEventExecutor.java:897)
	at org.apache.ratis.thirdparty.io.netty.util.concurrent.FastThreadLocalRunnable.run(FastThreadLocalRunnable.java:30)
	... 1 more
Caused by: java.net.ConnectException: Connection refused
	... 11 more
2019-09-25 07:04:05,669 [728640af-76ba-4f5f-856a-2a4b70054956@group-45D5735C29D4:LeaderElection81] INFO  impl.RaftServerImpl (RaftServerImpl.java:setRole(174)) - 728640af-76ba-4f5f-856a-2a4b70054956@group-45D5735C29D4: changes role from CANDIDATE to FOLLOWER at term 14 for DISCOVERED_A_NEW_TERM
2019-09-25 07:04:05,669 [728640af-76ba-4f5f-856a-2a4b70054956@group-45D5735C29D4:LeaderElection81] INFO  impl.RoleInfo (RoleInfo.java:shutdownLeaderElection(134)) - 728640af-76ba-4f5f-856a-2a4b70054956: shutdown LeaderElection
2019-09-25 07:04:05,670 [728640af-76ba-4f5f-856a-2a4b70054956@group-45D5735C29D4:LeaderElection81] INFO  impl.RoleInfo (RoleInfo.java:updateAndGet(143)) - 728640af-76ba-4f5f-856a-2a4b70054956: start FollowerState
2019-09-25 07:04:06,205 [main] INFO  ozoneimpl.OzoneContainer (OzoneContainer.java:stop(231)) - Attempting to stop container services.
2019-09-25 07:04:06,205 [ForkJoinPool.commonPool-worker-0] INFO  ozoneimpl.OzoneContainer (OzoneContainer.java:stop(231)) - Attempting to stop container services.
2019-09-25 07:04:06,207 [main] INFO  impl.RaftServerProxy (RaftServerProxy.java:lambda$close$4(314)) - 728640af-76ba-4f5f-856a-2a4b70054956: close
2019-09-25 07:04:06,207 [ForkJoinPool.commonPool-worker-0] INFO  impl.RaftServerProxy (RaftServerProxy.java:lambda$close$4(314)) - 97f2a42f-5897-4f0b-8e09-d693101bff65: close
2019-09-25 07:04:06,207 [main] INFO  impl.RaftServerImpl (RaftServerImpl.java:lambda$shutdown$3(251)) - 728640af-76ba-4f5f-856a-2a4b70054956@group-45D5735C29D4: shutdown
2019-09-25 07:04:06,207 [ForkJoinPool.commonPool-worker-0] INFO  impl.RaftServerImpl (RaftServerImpl.java:lambda$shutdown$3(251)) - 97f2a42f-5897-4f0b-8e09-d693101bff65@group-A68C3D632B35: shutdown
2019-09-25 07:04:06,208 [main] INFO  util.JmxRegister (JmxRegister.java:unregister(73)) - Successfully un-registered JMX Bean with object name Ratis:service=RaftServer,group=group-45D5735C29D4,id=728640af-76ba-4f5f-856a-2a4b70054956
2019-09-25 07:04:06,208 [ForkJoinPool.commonPool-worker-0] INFO  util.JmxRegister (JmxRegister.java:unregister(73)) - Successfully un-registered JMX Bean with object name Ratis:service=RaftServer,group=group-A68C3D632B35,id=97f2a42f-5897-4f0b-8e09-d693101bff65
2019-09-25 07:04:06,208 [main] INFO  impl.RoleInfo (RoleInfo.java:shutdownFollowerState(121)) - 728640af-76ba-4f5f-856a-2a4b70054956: shutdown FollowerState
2019-09-25 07:04:06,209 [ForkJoinPool.commonPool-worker-0] INFO  impl.RoleInfo (RoleInfo.java:shutdownLeaderState(104)) - 97f2a42f-5897-4f0b-8e09-d693101bff65: shutdown LeaderState
2019-09-25 07:04:06,209 [Thread-1827] INFO  impl.FollowerState (FollowerState.java:run(115)) - 728640af-76ba-4f5f-856a-2a4b70054956: FollowerState was interrupted: java.lang.InterruptedException: sleep interrupted
2019-09-25 07:04:06,209 [728640af-76ba-4f5f-856a-2a4b70054956@group-45D5735C29D4-StateMachineUpdater] INFO  ratis.ContainerStateMachine (ContainerStateMachine.java:takeSnapshot(289)) - group-45D5735C29D4: Taking a snapshot at:(t:2, i:18) file /workdir/hadoop-ozone/integration-test/target/test-dir/MiniOzoneClusterImpl-ac564c78-5755-4b89-8165-5797fdb29c3d/datanode-4/data/ratis/aaba9931-c43f-4e20-84bb-45d5735c29d4/sm/snapshot.2_18
2019-09-25 07:04:06,209 [main] INFO  impl.StateMachineUpdater (StateMachineUpdater.java:stopAndJoin(125)) - 728640af-76ba-4f5f-856a-2a4b70054956@group-45D5735C29D4-StateMachineUpdater: set stopIndex = 20
2019-09-25 07:04:06,210 [ForkJoinPool.commonPool-worker-0] INFO  impl.PendingRequests (PendingRequests.java:sendNotLeaderResponses(202)) - 97f2a42f-5897-4f0b-8e09-d693101bff65-PendingRequests: sendNotLeaderResponses
2019-09-25 07:04:06,211 [ForkJoinPool.commonPool-worker-0] INFO  impl.StateMachineUpdater (StateMachineUpdater.java:stopAndJoin(125)) - 97f2a42f-5897-4f0b-8e09-d693101bff65@group-A68C3D632B35-StateMachineUpdater: set stopIndex = 0
2019-09-25 07:04:06,211 [ForkJoinPool.commonPool-worker-0] INFO  impl.RaftServerImpl (ServerState.java:close(385)) - 97f2a42f-5897-4f0b-8e09-d693101bff65@group-A68C3D632B35: closes. applyIndex: 0
2019-09-25 07:04:06,212 [97f2a42f-5897-4f0b-8e09-d693101bff65@group-A68C3D632B35-SegmentedRaftLogWorker] INFO  segmented.SegmentedRaftLogWorker (SegmentedRaftLogWorker.java:run(313)) - 97f2a42f-5897-4f0b-8e09-d693101bff65@group-A68C3D632B35-SegmentedRaftLogWorker was interrupted, exiting. There are 0 tasks remaining in the queue.
2019-09-25 07:04:06,218 [ForkJoinPool.commonPool-worker-0] INFO  segmented.SegmentedRaftLogWorker (SegmentedRaftLogWorker.java:close(228)) - 97f2a42f-5897-4f0b-8e09-d693101bff65@group-A68C3D632B35-SegmentedRaftLogWorker close()
2019-09-25 07:04:06,220 [ForkJoinPool.commonPool-worker-0] INFO  impl.RaftServerImpl (RaftServerImpl.java:lambda$shutdown$3(251)) - 97f2a42f-5897-4f0b-8e09-d693101bff65@group-0B4616070C57: shutdown
2019-09-25 07:04:06,220 [ForkJoinPool.commonPool-worker-0] INFO  util.JmxRegister (JmxRegister.java:unregister(73)) - Successfully un-registered JMX Bean with object name Ratis:service=RaftServer,group=group-0B4616070C57,id=97f2a42f-5897-4f0b-8e09-d693101bff65
2019-09-25 07:04:06,221 [ForkJoinPool.commonPool-worker-0] INFO  impl.RoleInfo (RoleInfo.java:shutdownFollowerState(121)) - 97f2a42f-5897-4f0b-8e09-d693101bff65: shutdown FollowerState
2019-09-25 07:04:06,221 [ForkJoinPool.commonPool-worker-0] INFO  impl.StateMachineUpdater (StateMachineUpdater.java:stopAndJoin(125)) - 97f2a42f-5897-4f0b-8e09-d693101bff65@group-0B4616070C57-StateMachineUpdater: set stopIndex = 0
2019-09-25 07:04:06,221 [Thread-1600] INFO  impl.FollowerState (FollowerState.java:run(115)) - 97f2a42f-5897-4f0b-8e09-d693101bff65: FollowerState was interrupted: java.lang.InterruptedException: sleep interrupted
2019-09-25 07:04:06,221 [ForkJoinPool.commonPool-worker-0] INFO  impl.RaftServerImpl (ServerState.java:close(385)) - 97f2a42f-5897-4f0b-8e09-d693101bff65@group-0B4616070C57: closes. applyIndex: 0
2019-09-25 07:04:06,222 [97f2a42f-5897-4f0b-8e09-d693101bff65@group-0B4616070C57-SegmentedRaftLogWorker] INFO  segmented.SegmentedRaftLogWorker (SegmentedRaftLogWorker.java:run(313)) - 97f2a42f-5897-4f0b-8e09-d693101bff65@group-0B4616070C57-SegmentedRaftLogWorker was interrupted, exiting. There are 0 tasks remaining in the queue.
2019-09-25 07:04:06,243 [ForkJoinPool.commonPool-worker-0] INFO  segmented.SegmentedRaftLogWorker (SegmentedRaftLogWorker.java:close(228)) - 97f2a42f-5897-4f0b-8e09-d693101bff65@group-0B4616070C57-SegmentedRaftLogWorker close()
2019-09-25 07:04:06,245 [728640af-76ba-4f5f-856a-2a4b70054956@group-45D5735C29D4-StateMachineUpdater] INFO  ratis.ContainerStateMachine (ContainerStateMachine.java:takeSnapshot(300)) - group-45D5735C29D4: Finished taking a snapshot at:(t:2, i:18) file:/workdir/hadoop-ozone/integration-test/target/test-dir/MiniOzoneClusterImpl-ac564c78-5755-4b89-8165-5797fdb29c3d/datanode-4/data/ratis/aaba9931-c43f-4e20-84bb-45d5735c29d4/sm/snapshot.2_18 time:35
2019-09-25 07:04:06,245 [ForkJoinPool.commonPool-worker-0] INFO  server.GrpcService (GrpcService.java:closeImpl(164)) - 97f2a42f-5897-4f0b-8e09-d693101bff65: shutdown server with port 33321 now
2019-09-25 07:04:06,246 [728640af-76ba-4f5f-856a-2a4b70054956@group-45D5735C29D4-StateMachineUpdater] INFO  impl.StateMachineUpdater (StateMachineUpdater.java:takeSnapshot(258)) - 728640af-76ba-4f5f-856a-2a4b70054956@group-45D5735C29D4-StateMachineUpdater: Took a snapshot at index 18
2019-09-25 07:04:06,246 [728640af-76ba-4f5f-856a-2a4b70054956@group-45D5735C29D4-StateMachineUpdater] INFO  impl.StateMachineUpdater (StateMachineUpdater.java:lambda$new$0(83)) - 728640af-76ba-4f5f-856a-2a4b70054956@group-45D5735C29D4-StateMachineUpdater: snapshotIndex: updateIncreasingly -1 -> 18
2019-09-25 07:04:06,246 [728640af-76ba-4f5f-856a-2a4b70054956@group-45D5735C29D4-StateMachineUpdater] INFO  ratis.ContainerStateMachine (ContainerStateMachine.java:takeSnapshot(289)) - group-45D5735C29D4: Taking a snapshot at:(t:2, i:18) file /workdir/hadoop-ozone/integration-test/target/test-dir/MiniOzoneClusterImpl-ac564c78-5755-4b89-8165-5797fdb29c3d/datanode-4/data/ratis/aaba9931-c43f-4e20-84bb-45d5735c29d4/sm/snapshot.2_18
2019-09-25 07:04:06,247 [ForkJoinPool.commonPool-worker-0] INFO  server.GrpcService (GrpcService.java:closeImpl(172)) - 97f2a42f-5897-4f0b-8e09-d693101bff65: shutdown server with port 33321 successfully
2019-09-25 07:04:06,247 [grpc-default-executor-4] WARN  server.GrpcServerProtocolService (LogUtils.java:warn(134)) - 97f2a42f-5897-4f0b-8e09-d693101bff65: installSnapshot onError, lastRequest: c75f0b4b-c79e-4451-bab8-f8899ec24358->97f2a42f-5897-4f0b-8e09-d693101bff65#57-t4, previous=(t:4, i:0), leaderCommit=0, initializing? false, entries: <empty>: org.apache.ratis.thirdparty.io.grpc.StatusRuntimeException: CANCELLED: cancelled before receiving half close
2019-09-25 07:04:06,247 [grpc-default-executor-3] WARN  server.GrpcLogAppender (LogUtils.java:warn(134)) - c75f0b4b-c79e-4451-bab8-f8899ec24358@group-0B4616070C57->97f2a42f-5897-4f0b-8e09-d693101bff65-AppendLogResponseHandler: Failed appendEntries: org.apache.ratis.thirdparty.io.grpc.StatusRuntimeException: CANCELLED: HTTP/2 error code: CANCEL
Received Rst Stream
2019-09-25 07:04:06,248 [grpc-default-executor-3] INFO  impl.FollowerInfo (FollowerInfo.java:lambda$new$0(51)) - c75f0b4b-c79e-4451-bab8-f8899ec24358@group-0B4616070C57->97f2a42f-5897-4f0b-8e09-d693101bff65: nextIndex: updateUnconditionally 1 -> 0
2019-09-25 07:04:06,252 [refreshUsed-/workdir/hadoop-ozone/integration-test/target/test-dir/MiniOzoneClusterImpl-ac564c78-5755-4b89-8165-5797fdb29c3d/datanode-1/data/containers] WARN  fs.CachingGetSpaceUsed (CachingGetSpaceUsed.java:run(183)) - Thread Interrupted waiting to refresh disk information: sleep interrupted
2019-09-25 07:04:06,265 [ForkJoinPool.commonPool-worker-0] INFO  utils.BackgroundService (BackgroundService.java:shutdown(148)) - Shutting down service BlockDeletingService
2019-09-25 07:04:06,269 [ForkJoinPool.commonPool-worker-0] INFO  statemachine.DatanodeStateMachine (DatanodeStateMachine.java:stopDaemon(395)) - Ozone container server stopped.
2019-09-25 07:04:06,272 [728640af-76ba-4f5f-856a-2a4b70054956@group-45D5735C29D4-StateMachineUpdater] INFO  ratis.ContainerStateMachine (ContainerStateMachine.java:takeSnapshot(300)) - group-45D5735C29D4: Finished taking a snapshot at:(t:2, i:18) file:/workdir/hadoop-ozone/integration-test/target/test-dir/MiniOzoneClusterImpl-ac564c78-5755-4b89-8165-5797fdb29c3d/datanode-4/data/ratis/aaba9931-c43f-4e20-84bb-45d5735c29d4/sm/snapshot.2_18 time:26
2019-09-25 07:04:06,272 [728640af-76ba-4f5f-856a-2a4b70054956@group-45D5735C29D4-StateMachineUpdater] INFO  impl.StateMachineUpdater (StateMachineUpdater.java:takeSnapshot(258)) - 728640af-76ba-4f5f-856a-2a4b70054956@group-45D5735C29D4-StateMachineUpdater: Took a snapshot at index 18
2019-09-25 07:04:06,272 [728640af-76ba-4f5f-856a-2a4b70054956@group-45D5735C29D4-StateMachineUpdater] INFO  impl.StateMachineUpdater (StateMachineUpdater.java:lambda$new$0(83)) - 728640af-76ba-4f5f-856a-2a4b70054956@group-45D5735C29D4-StateMachineUpdater: snapshotIndex: updateIncreasingly 18 -> 18
2019-09-25 07:04:06,274 [main] INFO  impl.RaftServerImpl (ServerState.java:close(385)) - 728640af-76ba-4f5f-856a-2a4b70054956@group-45D5735C29D4: closes. applyIndex: 20
2019-09-25 07:04:06,274 [ForkJoinPool.commonPool-worker-0] INFO  handler.ContextHandler (ContextHandler.java:doStop(910)) - Stopped o.e.j.w.WebAppContext@5d3b58ca{/,null,UNAVAILABLE}{/hddsDatanode}
2019-09-25 07:04:06,274 [728640af-76ba-4f5f-856a-2a4b70054956@group-45D5735C29D4-SegmentedRaftLogWorker] INFO  segmented.SegmentedRaftLogWorker (SegmentedRaftLogWorker.java:run(313)) - 728640af-76ba-4f5f-856a-2a4b70054956@group-45D5735C29D4-SegmentedRaftLogWorker was interrupted, exiting. There are 0 tasks remaining in the queue.
2019-09-25 07:04:06,275 [main] INFO  segmented.SegmentedRaftLogWorker (SegmentedRaftLogWorker.java:close(228)) - 728640af-76ba-4f5f-856a-2a4b70054956@group-45D5735C29D4-SegmentedRaftLogWorker close()
2019-09-25 07:04:06,276 [ForkJoinPool.commonPool-worker-0] INFO  server.AbstractConnector (AbstractConnector.java:doStop(318)) - Stopped ServerConnector@4e224df5{HTTP/1.1,[http/1.1]}{0.0.0.0:0}
2019-09-25 07:04:06,276 [main] INFO  impl.RaftServerImpl (RaftServerImpl.java:lambda$shutdown$3(251)) - 728640af-76ba-4f5f-856a-2a4b70054956@group-70077A155AAB: shutdown
2019-09-25 07:04:06,277 [ForkJoinPool.commonPool-worker-0] INFO  handler.ContextHandler (ContextHandler.java:doStop(910)) - Stopped o.e.j.s.ServletContextHandler@7ab1127c{/static,jar:file:/home/user/.m2/repository/org/apache/hadoop/hadoop-hdds-container-service/0.5.0-SNAPSHOT/hadoop-hdds-container-service-0.5.0-SNAPSHOT.jar!/webapps/static,UNAVAILABLE}
2019-09-25 07:04:06,278 [main] INFO  util.JmxRegister (JmxRegister.java:unregister(73)) - Successfully un-registered JMX Bean with object name Ratis:service=RaftServer,group=group-70077A155AAB,id=728640af-76ba-4f5f-856a-2a4b70054956
2019-09-25 07:04:06,279 [ForkJoinPool.commonPool-worker-0] INFO  handler.ContextHandler (ContextHandler.java:doStop(910)) - Stopped o.e.j.s.ServletContextHandler@5ba03c82{/logs,file:///workdir/hadoop-ozone/integration-test/target/log,UNAVAILABLE}
2019-09-25 07:04:06,279 [main] INFO  impl.RoleInfo (RoleInfo.java:shutdownLeaderState(104)) - 728640af-76ba-4f5f-856a-2a4b70054956: shutdown LeaderState
2019-09-25 07:04:06,279 [main] INFO  impl.PendingRequests (PendingRequests.java:sendNotLeaderResponses(202)) - 728640af-76ba-4f5f-856a-2a4b70054956-PendingRequests: sendNotLeaderResponses
2019-09-25 07:04:06,280 [main] INFO  impl.StateMachineUpdater (StateMachineUpdater.java:stopAndJoin(125)) - 728640af-76ba-4f5f-856a-2a4b70054956@group-70077A155AAB-StateMachineUpdater: set stopIndex = 0
2019-09-25 07:04:06,280 [main] INFO  impl.RaftServerImpl (ServerState.java:close(385)) - 728640af-76ba-4f5f-856a-2a4b70054956@group-70077A155AAB: closes. applyIndex: 0
2019-09-25 07:04:06,281 [728640af-76ba-4f5f-856a-2a4b70054956@group-70077A155AAB-SegmentedRaftLogWorker] INFO  segmented.SegmentedRaftLogWorker (SegmentedRaftLogWorker.java:run(313)) - 728640af-76ba-4f5f-856a-2a4b70054956@group-70077A155AAB-SegmentedRaftLogWorker was interrupted, exiting. There are 0 tasks remaining in the queue.
2019-09-25 07:04:06,282 [main] INFO  segmented.SegmentedRaftLogWorker (SegmentedRaftLogWorker.java:close(228)) - 728640af-76ba-4f5f-856a-2a4b70054956@group-70077A155AAB-SegmentedRaftLogWorker close()
2019-09-25 07:04:06,283 [main] INFO  server.GrpcService (GrpcService.java:closeImpl(164)) - 728640af-76ba-4f5f-856a-2a4b70054956: shutdown server with port 44993 now
2019-09-25 07:04:06,284 [main] INFO  server.GrpcService (GrpcService.java:closeImpl(172)) - 728640af-76ba-4f5f-856a-2a4b70054956: shutdown server with port 44993 successfully
2019-09-25 07:04:06,285 [refreshUsed-/workdir/hadoop-ozone/integration-test/target/test-dir/MiniOzoneClusterImpl-ac564c78-5755-4b89-8165-5797fdb29c3d/datanode-4/data/containers] WARN  fs.CachingGetSpaceUsed (CachingGetSpaceUsed.java:run(183)) - Thread Interrupted waiting to refresh disk information: sleep interrupted
2019-09-25 07:04:06,296 [main] INFO  utils.BackgroundService (BackgroundService.java:shutdown(148)) - Shutting down service BlockDeletingService
2019-09-25 07:04:06,299 [main] INFO  statemachine.DatanodeStateMachine (DatanodeStateMachine.java:stopDaemon(395)) - Ozone container server stopped.
2019-09-25 07:04:06,300 [main] INFO  handler.ContextHandler (ContextHandler.java:doStop(910)) - Stopped o.e.j.w.WebAppContext@5b40de43{/,null,UNAVAILABLE}{/hddsDatanode}
2019-09-25 07:04:06,300 [main] INFO  server.AbstractConnector (AbstractConnector.java:doStop(318)) - Stopped ServerConnector@49fb0bbd{HTTP/1.1,[http/1.1]}{0.0.0.0:0}
2019-09-25 07:04:06,301 [main] INFO  handler.ContextHandler (ContextHandler.java:doStop(910)) - Stopped o.e.j.s.ServletContextHandler@158e9f6e{/static,jar:file:/home/user/.m2/repository/org/apache/hadoop/hadoop-hdds-container-service/0.5.0-SNAPSHOT/hadoop-hdds-container-service-0.5.0-SNAPSHOT.jar!/webapps/static,UNAVAILABLE}
2019-09-25 07:04:06,301 [main] INFO  handler.ContextHandler (ContextHandler.java:doStop(910)) - Stopped o.e.j.s.ServletContextHandler@6c184d4d{/logs,file:///workdir/hadoop-ozone/integration-test/target/log,UNAVAILABLE}
2019-09-25 07:04:06,316 [grpc-default-executor-2] WARN  server.GrpcLogAppender (LogUtils.java:warn(134)) - c75f0b4b-c79e-4451-bab8-f8899ec24358@group-0B4616070C57->97f2a42f-5897-4f0b-8e09-d693101bff65-AppendLogResponseHandler: Failed appendEntries: org.apache.ratis.thirdparty.io.grpc.StatusRuntimeException: UNAVAILABLE: io exception
2019-09-25 07:04:06,316 [grpc-default-executor-2] INFO  impl.FollowerInfo (FollowerInfo.java:lambda$new$0(51)) - c75f0b4b-c79e-4451-bab8-f8899ec24358@group-0B4616070C57->97f2a42f-5897-4f0b-8e09-d693101bff65: nextIndex: updateUnconditionally 0 -> 0
2019-09-25 07:04:06,394 [Datanode State Machine Thread - 0] INFO  statemachine.DatanodeStateMachine (DatanodeStateMachine.java:lambda$startDaemon$0(350)) - Ozone container server started.
2019-09-25 07:04:06,816 [grpc-default-executor-1] WARN  server.GrpcLogAppender (LogUtils.java:warn(134)) - c75f0b4b-c79e-4451-bab8-f8899ec24358@group-0B4616070C57->97f2a42f-5897-4f0b-8e09-d693101bff65-AppendLogResponseHandler: Failed appendEntries: org.apache.ratis.thirdparty.io.grpc.StatusRuntimeException: UNAVAILABLE: io exception
2019-09-25 07:04:06,817 [grpc-default-executor-1] INFO  impl.FollowerInfo (FollowerInfo.java:lambda$new$0(51)) - c75f0b4b-c79e-4451-bab8-f8899ec24358@group-0B4616070C57->97f2a42f-5897-4f0b-8e09-d693101bff65: nextIndex: updateUnconditionally 0 -> 0
2019-09-25 07:04:07,264 [Datanode State Machine Thread - 0] INFO  statemachine.DatanodeStateMachine (DatanodeStateMachine.java:lambda$startDaemon$0(350)) - Ozone container server started.
2019-09-25 07:04:07,317 [grpc-default-executor-2] WARN  server.GrpcLogAppender (LogUtils.java:warn(134)) - c75f0b4b-c79e-4451-bab8-f8899ec24358@group-0B4616070C57->97f2a42f-5897-4f0b-8e09-d693101bff65-AppendLogResponseHandler: Failed appendEntries: org.apache.ratis.thirdparty.io.grpc.StatusRuntimeException: UNAVAILABLE: io exception
2019-09-25 07:04:07,317 [grpc-default-executor-2] INFO  impl.FollowerInfo (FollowerInfo.java:lambda$new$0(51)) - c75f0b4b-c79e-4451-bab8-f8899ec24358@group-0B4616070C57->97f2a42f-5897-4f0b-8e09-d693101bff65: nextIndex: updateUnconditionally 0 -> 0
2019-09-25 07:04:07,818 [grpc-default-executor-1] WARN  server.GrpcLogAppender (LogUtils.java:warn(134)) - c75f0b4b-c79e-4451-bab8-f8899ec24358@group-0B4616070C57->97f2a42f-5897-4f0b-8e09-d693101bff65-AppendLogResponseHandler: Failed appendEntries: org.apache.ratis.thirdparty.io.grpc.StatusRuntimeException: UNAVAILABLE: io exception
2019-09-25 07:04:07,818 [grpc-default-executor-1] INFO  impl.FollowerInfo (FollowerInfo.java:lambda$new$0(51)) - c75f0b4b-c79e-4451-bab8-f8899ec24358@group-0B4616070C57->97f2a42f-5897-4f0b-8e09-d693101bff65: nextIndex: updateUnconditionally 0 -> 0
2019-09-25 07:04:08,318 [grpc-default-executor-2] WARN  server.GrpcLogAppender (LogUtils.java:warn(134)) - c75f0b4b-c79e-4451-bab8-f8899ec24358@group-0B4616070C57->97f2a42f-5897-4f0b-8e09-d693101bff65-AppendLogResponseHandler: Failed appendEntries: org.apache.ratis.thirdparty.io.grpc.StatusRuntimeException: UNAVAILABLE: io exception
2019-09-25 07:04:08,319 [grpc-default-executor-2] INFO  impl.FollowerInfo (FollowerInfo.java:lambda$new$0(51)) - c75f0b4b-c79e-4451-bab8-f8899ec24358@group-0B4616070C57->97f2a42f-5897-4f0b-8e09-d693101bff65: nextIndex: updateUnconditionally 0 -> 0
2019-09-25 07:04:08,825 [grpc-default-executor-2] WARN  server.GrpcLogAppender (LogUtils.java:warn(134)) - c75f0b4b-c79e-4451-bab8-f8899ec24358@group-0B4616070C57->97f2a42f-5897-4f0b-8e09-d693101bff65-AppendLogResponseHandler: Failed appendEntries: org.apache.ratis.thirdparty.io.grpc.StatusRuntimeException: UNAVAILABLE: io exception
2019-09-25 07:04:08,825 [grpc-default-executor-2] INFO  impl.FollowerInfo (FollowerInfo.java:lambda$new$0(51)) - c75f0b4b-c79e-4451-bab8-f8899ec24358@group-0B4616070C57->97f2a42f-5897-4f0b-8e09-d693101bff65: nextIndex: updateUnconditionally 0 -> 0
2019-09-25 07:04:09,326 [grpc-default-executor-2] WARN  server.GrpcLogAppender (LogUtils.java:warn(134)) - c75f0b4b-c79e-4451-bab8-f8899ec24358@group-0B4616070C57->97f2a42f-5897-4f0b-8e09-d693101bff65-AppendLogResponseHandler: Failed appendEntries: org.apache.ratis.thirdparty.io.grpc.StatusRuntimeException: UNAVAILABLE: io exception
2019-09-25 07:04:09,327 [grpc-default-executor-2] INFO  impl.FollowerInfo (FollowerInfo.java:lambda$new$0(51)) - c75f0b4b-c79e-4451-bab8-f8899ec24358@group-0B4616070C57->97f2a42f-5897-4f0b-8e09-d693101bff65: nextIndex: updateUnconditionally 0 -> 0
2019-09-25 07:04:09,825 [grpc-default-executor-1] WARN  server.GrpcLogAppender (LogUtils.java:warn(134)) - c75f0b4b-c79e-4451-bab8-f8899ec24358@group-0B4616070C57->97f2a42f-5897-4f0b-8e09-d693101bff65-AppendLogResponseHandler: Failed appendEntries: org.apache.ratis.thirdparty.io.grpc.StatusRuntimeException: UNAVAILABLE: io exception
2019-09-25 07:04:09,826 [grpc-default-executor-1] INFO  impl.FollowerInfo (FollowerInfo.java:lambda$new$0(51)) - c75f0b4b-c79e-4451-bab8-f8899ec24358@group-0B4616070C57->97f2a42f-5897-4f0b-8e09-d693101bff65: nextIndex: updateUnconditionally 0 -> 0
2019-09-25 07:04:10,328 [grpc-default-executor-1] WARN  server.GrpcLogAppender (LogUtils.java:warn(134)) - c75f0b4b-c79e-4451-bab8-f8899ec24358@group-0B4616070C57->97f2a42f-5897-4f0b-8e09-d693101bff65-AppendLogResponseHandler: Failed appendEntries: org.apache.ratis.thirdparty.io.grpc.StatusRuntimeException: UNAVAILABLE: io exception
2019-09-25 07:04:10,328 [grpc-default-executor-1] INFO  impl.FollowerInfo (FollowerInfo.java:lambda$new$0(51)) - c75f0b4b-c79e-4451-bab8-f8899ec24358@group-0B4616070C57->97f2a42f-5897-4f0b-8e09-d693101bff65: nextIndex: updateUnconditionally 0 -> 0
2019-09-25 07:04:10,829 [grpc-default-executor-4] WARN  server.GrpcLogAppender (LogUtils.java:warn(134)) - c75f0b4b-c79e-4451-bab8-f8899ec24358@group-0B4616070C57->97f2a42f-5897-4f0b-8e09-d693101bff65-AppendLogResponseHandler: Failed appendEntries: org.apache.ratis.thirdparty.io.grpc.StatusRuntimeException: UNAVAILABLE: io exception
2019-09-25 07:04:10,830 [grpc-default-executor-4] INFO  impl.FollowerInfo (FollowerInfo.java:lambda$new$0(51)) - c75f0b4b-c79e-4451-bab8-f8899ec24358@group-0B4616070C57->97f2a42f-5897-4f0b-8e09-d693101bff65: nextIndex: updateUnconditionally 0 -> 0
2019-09-25 07:04:11,282 [ForkJoinPool.commonPool-worker-0] INFO  ozoneimpl.OzoneContainer (OzoneContainer.java:stop(231)) - Attempting to stop container services.
2019-09-25 07:04:11,283 [ForkJoinPool.commonPool-worker-0] INFO  impl.RaftServerProxy (RaftServerProxy.java:lambda$close$4(314)) - fffa9414-ff69-4be3-98af-02e83cd85251: close
2019-09-25 07:04:11,284 [ForkJoinPool.commonPool-worker-0] INFO  impl.RaftServerImpl (RaftServerImpl.java:lambda$shutdown$3(251)) - fffa9414-ff69-4be3-98af-02e83cd85251@group-4FD0C2388897: shutdown
2019-09-25 07:04:11,285 [ForkJoinPool.commonPool-worker-0] INFO  util.JmxRegister (JmxRegister.java:unregister(73)) - Successfully un-registered JMX Bean with object name Ratis:service=RaftServer,group=group-4FD0C2388897,id=fffa9414-ff69-4be3-98af-02e83cd85251
2019-09-25 07:04:11,285 [ForkJoinPool.commonPool-worker-0] INFO  impl.RoleInfo (RoleInfo.java:shutdownLeaderState(104)) - fffa9414-ff69-4be3-98af-02e83cd85251: shutdown LeaderState
2019-09-25 07:04:11,286 [ForkJoinPool.commonPool-worker-0] INFO  impl.PendingRequests (PendingRequests.java:sendNotLeaderResponses(202)) - fffa9414-ff69-4be3-98af-02e83cd85251-PendingRequests: sendNotLeaderResponses
2019-09-25 07:04:11,287 [ForkJoinPool.commonPool-worker-0] INFO  impl.StateMachineUpdater (StateMachineUpdater.java:stopAndJoin(125)) - fffa9414-ff69-4be3-98af-02e83cd85251@group-4FD0C2388897-StateMachineUpdater: set stopIndex = 0
2019-09-25 07:04:11,288 [ForkJoinPool.commonPool-worker-0] INFO  impl.RaftServerImpl (ServerState.java:close(385)) - fffa9414-ff69-4be3-98af-02e83cd85251@group-4FD0C2388897: closes. applyIndex: 0
2019-09-25 07:04:11,289 [fffa9414-ff69-4be3-98af-02e83cd85251@group-4FD0C2388897-SegmentedRaftLogWorker] INFO  segmented.SegmentedRaftLogWorker (SegmentedRaftLogWorker.java:run(313)) - fffa9414-ff69-4be3-98af-02e83cd85251@group-4FD0C2388897-SegmentedRaftLogWorker was interrupted, exiting. There are 0 tasks remaining in the queue.
2019-09-25 07:04:11,292 [ForkJoinPool.commonPool-worker-0] INFO  segmented.SegmentedRaftLogWorker (SegmentedRaftLogWorker.java:close(228)) - fffa9414-ff69-4be3-98af-02e83cd85251@group-4FD0C2388897-SegmentedRaftLogWorker close()
2019-09-25 07:04:11,294 [ForkJoinPool.commonPool-worker-0] INFO  impl.RaftServerImpl (RaftServerImpl.java:lambda$shutdown$3(251)) - fffa9414-ff69-4be3-98af-02e83cd85251@group-0B4616070C57: shutdown
2019-09-25 07:04:11,295 [ForkJoinPool.commonPool-worker-0] INFO  util.JmxRegister (JmxRegister.java:unregister(73)) - Successfully un-registered JMX Bean with object name Ratis:service=RaftServer,group=group-0B4616070C57,id=fffa9414-ff69-4be3-98af-02e83cd85251
2019-09-25 07:04:11,295 [ForkJoinPool.commonPool-worker-0] INFO  impl.RoleInfo (RoleInfo.java:shutdownFollowerState(121)) - fffa9414-ff69-4be3-98af-02e83cd85251: shutdown FollowerState
2019-09-25 07:04:11,295 [ForkJoinPool.commonPool-worker-0] INFO  impl.StateMachineUpdater (StateMachineUpdater.java:stopAndJoin(125)) - fffa9414-ff69-4be3-98af-02e83cd85251@group-0B4616070C57-StateMachineUpdater: set stopIndex = 0
2019-09-25 07:04:11,296 [Thread-1601] INFO  impl.FollowerState (FollowerState.java:run(115)) - fffa9414-ff69-4be3-98af-02e83cd85251: FollowerState was interrupted: java.lang.InterruptedException: sleep interrupted
2019-09-25 07:04:11,296 [ForkJoinPool.commonPool-worker-0] INFO  impl.RaftServerImpl (ServerState.java:close(385)) - fffa9414-ff69-4be3-98af-02e83cd85251@group-0B4616070C57: closes. applyIndex: 0
2019-09-25 07:04:11,297 [fffa9414-ff69-4be3-98af-02e83cd85251@group-0B4616070C57-SegmentedRaftLogWorker] INFO  segmented.SegmentedRaftLogWorker (SegmentedRaftLogWorker.java:run(313)) - fffa9414-ff69-4be3-98af-02e83cd85251@group-0B4616070C57-SegmentedRaftLogWorker was interrupted, exiting. There are 0 tasks remaining in the queue.
2019-09-25 07:04:11,299 [ForkJoinPool.commonPool-worker-0] INFO  segmented.SegmentedRaftLogWorker (SegmentedRaftLogWorker.java:close(228)) - fffa9414-ff69-4be3-98af-02e83cd85251@group-0B4616070C57-SegmentedRaftLogWorker close()
2019-09-25 07:04:11,307 [ForkJoinPool.commonPool-worker-0] INFO  server.GrpcService (GrpcService.java:closeImpl(164)) - fffa9414-ff69-4be3-98af-02e83cd85251: shutdown server with port 43527 now
2019-09-25 07:04:11,307 [main] INFO  ozoneimpl.OzoneContainer (OzoneContainer.java:stop(231)) - Attempting to stop container services.
2019-09-25 07:04:11,308 [main] INFO  impl.RaftServerProxy (RaftServerProxy.java:lambda$close$4(314)) - c75f0b4b-c79e-4451-bab8-f8899ec24358: close
2019-09-25 07:04:11,309 [main] INFO  impl.RaftServerImpl (RaftServerImpl.java:lambda$shutdown$3(251)) - c75f0b4b-c79e-4451-bab8-f8899ec24358@group-6D981170B6D8: shutdown
2019-09-25 07:04:11,309 [grpc-default-executor-1] WARN  server.GrpcServerProtocolService (LogUtils.java:warn(134)) - fffa9414-ff69-4be3-98af-02e83cd85251: installSnapshot onError, lastRequest: c75f0b4b-c79e-4451-bab8-f8899ec24358->fffa9414-ff69-4be3-98af-02e83cd85251#67-t4, previous=(t:4, i:0), leaderCommit=0, initializing? false, entries: <empty>: org.apache.ratis.thirdparty.io.grpc.StatusRuntimeException: CANCELLED: cancelled before receiving half close
2019-09-25 07:04:11,309 [ForkJoinPool.commonPool-worker-0] INFO  server.GrpcService (GrpcService.java:closeImpl(172)) - fffa9414-ff69-4be3-98af-02e83cd85251: shutdown server with port 43527 successfully
2019-09-25 07:04:11,309 [main] INFO  util.JmxRegister (JmxRegister.java:unregister(73)) - Successfully un-registered JMX Bean with object name Ratis:service=RaftServer,group=group-6D981170B6D8,id=c75f0b4b-c79e-4451-bab8-f8899ec24358
2019-09-25 07:04:11,310 [main] INFO  impl.RoleInfo (RoleInfo.java:shutdownLeaderState(104)) - c75f0b4b-c79e-4451-bab8-f8899ec24358: shutdown LeaderState
2019-09-25 07:04:11,310 [grpc-default-executor-2] WARN  server.GrpcLogAppender (LogUtils.java:warn(134)) - c75f0b4b-c79e-4451-bab8-f8899ec24358@group-0B4616070C57->fffa9414-ff69-4be3-98af-02e83cd85251-AppendLogResponseHandler: Failed appendEntries: org.apache.ratis.thirdparty.io.grpc.StatusRuntimeException: CANCELLED: HTTP/2 error code: CANCEL
Received Rst Stream
2019-09-25 07:04:11,311 [main] INFO  impl.PendingRequests (PendingRequests.java:sendNotLeaderResponses(202)) - c75f0b4b-c79e-4451-bab8-f8899ec24358-PendingRequests: sendNotLeaderResponses
2019-09-25 07:04:11,311 [grpc-default-executor-2] INFO  impl.FollowerInfo (FollowerInfo.java:lambda$new$0(51)) - c75f0b4b-c79e-4451-bab8-f8899ec24358@group-0B4616070C57->fffa9414-ff69-4be3-98af-02e83cd85251: nextIndex: updateUnconditionally 1 -> 0
2019-09-25 07:04:11,312 [main] INFO  impl.StateMachineUpdater (StateMachineUpdater.java:stopAndJoin(125)) - c75f0b4b-c79e-4451-bab8-f8899ec24358@group-6D981170B6D8-StateMachineUpdater: set stopIndex = 0
2019-09-25 07:04:11,312 [refreshUsed-/workdir/hadoop-ozone/integration-test/target/test-dir/MiniOzoneClusterImpl-ac564c78-5755-4b89-8165-5797fdb29c3d/datanode-2/data/containers] WARN  fs.CachingGetSpaceUsed (CachingGetSpaceUsed.java:run(183)) - Thread Interrupted waiting to refresh disk information: sleep interrupted
2019-09-25 07:04:11,313 [main] INFO  impl.RaftServerImpl (ServerState.java:close(385)) - c75f0b4b-c79e-4451-bab8-f8899ec24358@group-6D981170B6D8: closes. applyIndex: 0
2019-09-25 07:04:11,315 [c75f0b4b-c79e-4451-bab8-f8899ec24358@group-6D981170B6D8-SegmentedRaftLogWorker] INFO  segmented.SegmentedRaftLogWorker (SegmentedRaftLogWorker.java:run(313)) - c75f0b4b-c79e-4451-bab8-f8899ec24358@group-6D981170B6D8-SegmentedRaftLogWorker was interrupted, exiting. There are 0 tasks remaining in the queue.
2019-09-25 07:04:11,315 [main] INFO  segmented.SegmentedRaftLogWorker (SegmentedRaftLogWorker.java:close(228)) - c75f0b4b-c79e-4451-bab8-f8899ec24358@group-6D981170B6D8-SegmentedRaftLogWorker close()
2019-09-25 07:04:11,316 [main] INFO  impl.RaftServerImpl (RaftServerImpl.java:lambda$shutdown$3(251)) - c75f0b4b-c79e-4451-bab8-f8899ec24358@group-0B4616070C57: shutdown
2019-09-25 07:04:11,317 [main] INFO  util.JmxRegister (JmxRegister.java:unregister(73)) - Successfully un-registered JMX Bean with object name Ratis:service=RaftServer,group=group-0B4616070C57,id=c75f0b4b-c79e-4451-bab8-f8899ec24358
2019-09-25 07:04:11,318 [main] INFO  impl.RoleInfo (RoleInfo.java:shutdownLeaderState(104)) - c75f0b4b-c79e-4451-bab8-f8899ec24358: shutdown LeaderState
2019-09-25 07:04:11,321 [org.apache.ratis.server.impl.LogAppender$AppenderDaemon$$Lambda$460/11274835@5e869277] WARN  server.GrpcLogAppender (GrpcLogAppender.java:mayWait(143)) - c75f0b4b-c79e-4451-bab8-f8899ec24358@group-0B4616070C57->97f2a42f-5897-4f0b-8e09-d693101bff65-GrpcLogAppender: Wait interrupted by java.lang.InterruptedException
2019-09-25 07:04:11,321 [main] INFO  impl.PendingRequests (PendingRequests.java:sendNotLeaderResponses(202)) - c75f0b4b-c79e-4451-bab8-f8899ec24358-PendingRequests: sendNotLeaderResponses
2019-09-25 07:04:11,321 [org.apache.ratis.server.impl.LogAppender$AppenderDaemon$$Lambda$460/11274835@2c28a958] WARN  server.GrpcLogAppender (GrpcLogAppender.java:mayWait(143)) - c75f0b4b-c79e-4451-bab8-f8899ec24358@group-0B4616070C57->fffa9414-ff69-4be3-98af-02e83cd85251-GrpcLogAppender: Wait interrupted by java.lang.InterruptedException
2019-09-25 07:04:11,322 [main] INFO  impl.StateMachineUpdater (StateMachineUpdater.java:stopAndJoin(125)) - c75f0b4b-c79e-4451-bab8-f8899ec24358@group-0B4616070C57-StateMachineUpdater: set stopIndex = 0
2019-09-25 07:04:11,323 [main] INFO  impl.RaftServerImpl (ServerState.java:close(385)) - c75f0b4b-c79e-4451-bab8-f8899ec24358@group-0B4616070C57: closes. applyIndex: 0
2019-09-25 07:04:11,324 [c75f0b4b-c79e-4451-bab8-f8899ec24358@group-0B4616070C57-SegmentedRaftLogWorker] INFO  segmented.SegmentedRaftLogWorker (SegmentedRaftLogWorker.java:run(313)) - c75f0b4b-c79e-4451-bab8-f8899ec24358@group-0B4616070C57-SegmentedRaftLogWorker was interrupted, exiting. There are 0 tasks remaining in the queue.
2019-09-25 07:04:11,324 [main] INFO  segmented.SegmentedRaftLogWorker (SegmentedRaftLogWorker.java:close(228)) - c75f0b4b-c79e-4451-bab8-f8899ec24358@group-0B4616070C57-SegmentedRaftLogWorker close()
2019-09-25 07:04:11,325 [main] INFO  server.GrpcService (GrpcService.java:closeImpl(164)) - c75f0b4b-c79e-4451-bab8-f8899ec24358: shutdown server with port 42934 now
2019-09-25 07:04:11,325 [main] INFO  server.GrpcService (GrpcService.java:closeImpl(172)) - c75f0b4b-c79e-4451-bab8-f8899ec24358: shutdown server with port 42934 successfully
2019-09-25 07:04:11,327 [refreshUsed-/workdir/hadoop-ozone/integration-test/target/test-dir/MiniOzoneClusterImpl-ac564c78-5755-4b89-8165-5797fdb29c3d/datanode-0/data/containers] WARN  fs.CachingGetSpaceUsed (CachingGetSpaceUsed.java:run(183)) - Thread Interrupted waiting to refresh disk information: sleep interrupted
2019-09-25 07:04:11,346 [ForkJoinPool.commonPool-worker-0] INFO  utils.BackgroundService (BackgroundService.java:shutdown(148)) - Shutting down service BlockDeletingService
2019-09-25 07:04:11,348 [main] INFO  utils.BackgroundService (BackgroundService.java:shutdown(148)) - Shutting down service BlockDeletingService
2019-09-25 07:04:11,349 [ForkJoinPool.commonPool-worker-0] INFO  statemachine.DatanodeStateMachine (DatanodeStateMachine.java:stopDaemon(395)) - Ozone container server stopped.
2019-09-25 07:04:11,352 [main] INFO  statemachine.DatanodeStateMachine (DatanodeStateMachine.java:stopDaemon(395)) - Ozone container server stopped.
2019-09-25 07:04:11,355 [ForkJoinPool.commonPool-worker-0] INFO  handler.ContextHandler (ContextHandler.java:doStop(910)) - Stopped o.e.j.w.WebAppContext@62c72501{/,null,UNAVAILABLE}{/hddsDatanode}
2019-09-25 07:04:11,355 [main] INFO  handler.ContextHandler (ContextHandler.java:doStop(910)) - Stopped o.e.j.w.WebAppContext@1727e03a{/,null,UNAVAILABLE}{/hddsDatanode}
2019-09-25 07:04:11,356 [main] INFO  server.AbstractConnector (AbstractConnector.java:doStop(318)) - Stopped ServerConnector@7f9e8421{HTTP/1.1,[http/1.1]}{0.0.0.0:0}
2019-09-25 07:04:11,356 [ForkJoinPool.commonPool-worker-0] INFO  server.AbstractConnector (AbstractConnector.java:doStop(318)) - Stopped ServerConnector@c889805{HTTP/1.1,[http/1.1]}{0.0.0.0:0}
2019-09-25 07:04:11,357 [main] INFO  handler.ContextHandler (ContextHandler.java:doStop(910)) - Stopped o.e.j.s.ServletContextHandler@6025d790{/static,jar:file:/home/user/.m2/repository/org/apache/hadoop/hadoop-hdds-container-service/0.5.0-SNAPSHOT/hadoop-hdds-container-service-0.5.0-SNAPSHOT.jar!/webapps/static,UNAVAILABLE}
2019-09-25 07:04:11,357 [ForkJoinPool.commonPool-worker-0] INFO  handler.ContextHandler (ContextHandler.java:doStop(910)) - Stopped o.e.j.s.ServletContextHandler@65bb6275{/static,jar:file:/home/user/.m2/repository/org/apache/hadoop/hadoop-hdds-container-service/0.5.0-SNAPSHOT/hadoop-hdds-container-service-0.5.0-SNAPSHOT.jar!/webapps/static,UNAVAILABLE}
2019-09-25 07:04:11,358 [main] INFO  handler.ContextHandler (ContextHandler.java:doStop(910)) - Stopped o.e.j.s.ServletContextHandler@467233e4{/logs,file:///workdir/hadoop-ozone/integration-test/target/log,UNAVAILABLE}
2019-09-25 07:04:11,359 [ForkJoinPool.commonPool-worker-0] INFO  handler.ContextHandler (ContextHandler.java:doStop(910)) - Stopped o.e.j.s.ServletContextHandler@2ed71727{/logs,file:///workdir/hadoop-ozone/integration-test/target/log,UNAVAILABLE}
2019-09-25 07:04:11,361 [main] INFO  ozone.MiniOzoneClusterImpl (MiniOzoneClusterImpl.java:stopSCM(392)) - Stopping the StorageContainerManager
2019-09-25 07:04:11,361 [main] INFO  server.StorageContainerManager (StorageContainerManager.java:stop(808)) - Stopping Replication Manager Service.
2019-09-25 07:04:11,361 [main] INFO  container.ReplicationManager (ReplicationManager.java:stop(203)) - Stopping Replication Monitor Thread.
2019-09-25 07:04:11,361 [main] INFO  server.StorageContainerManager (StorageContainerManager.java:stop(815)) - Stopping Lease Manager of the command watchers
2019-09-25 07:04:11,361 [main] INFO  server.StorageContainerManager (StorageContainerManager.java:stop(822)) - Stopping datanode service RPC server
2019-09-25 07:04:11,361 [main] INFO  server.SCMDatanodeProtocolServer (SCMDatanodeProtocolServer.java:stop(367)) - Stopping the RPC server for DataNodes
2019-09-25 07:04:11,362 [main] INFO  ipc.Server (Server.java:stop(3082)) - Stopping server on 40011
2019-09-25 07:04:11,364 [IPC Server listener on 40011] INFO  ipc.Server (Server.java:run(1185)) - Stopping IPC Server listener on 40011
2019-09-25 07:04:11,365 [IPC Server Responder] INFO  ipc.Server (Server.java:run(1319)) - Stopping IPC Server Responder
2019-09-25 07:04:11,447 [SCM Heartbeat Processing Thread - 0] WARN  node.NodeStateManager (NodeStateManager.java:scheduleNextHealthCheck(646)) - Current Thread is interrupted, shutting down HB processing thread for Node Manager.
2019-09-25 07:04:11,447 [main] INFO  server.StorageContainerManager (StorageContainerManager.java:stop(830)) - Stopping block service RPC server
2019-09-25 07:04:11,447 [main] INFO  server.SCMBlockProtocolServer (SCMBlockProtocolServer.java:stop(155)) - Stopping the RPC server for Block Protocol
2019-09-25 07:04:11,447 [main] INFO  ipc.Server (Server.java:stop(3082)) - Stopping server on 45070
2019-09-25 07:04:11,450 [IPC Server listener on 45070] INFO  ipc.Server (Server.java:run(1185)) - Stopping IPC Server listener on 45070
2019-09-25 07:04:11,450 [main] INFO  server.StorageContainerManager (StorageContainerManager.java:stop(837)) - Stopping the StorageContainerLocationProtocol RPC server
2019-09-25 07:04:11,450 [IPC Server Responder] INFO  ipc.Server (Server.java:run(1319)) - Stopping IPC Server Responder
2019-09-25 07:04:11,451 [main] INFO  server.SCMClientProtocolServer (SCMClientProtocolServer.java:stop(159)) - Stopping the RPC server for Client Protocol
2019-09-25 07:04:11,452 [main] INFO  ipc.Server (Server.java:stop(3082)) - Stopping server on 46665
2019-09-25 07:04:11,455 [IPC Server listener on 46665] INFO  ipc.Server (Server.java:run(1185)) - Stopping IPC Server listener on 46665
2019-09-25 07:04:11,455 [IPC Server Responder] INFO  ipc.Server (Server.java:run(1319)) - Stopping IPC Server Responder
2019-09-25 07:04:11,455 [main] INFO  server.StorageContainerManager (StorageContainerManager.java:stop(844)) - Stopping Storage Container Manager HTTP server.
2019-09-25 07:04:11,457 [main] INFO  handler.ContextHandler (ContextHandler.java:doStop(910)) - Stopped o.e.j.w.WebAppContext@2ceee4b6{/,null,UNAVAILABLE}{/scm}
2019-09-25 07:04:11,457 [main] INFO  server.AbstractConnector (AbstractConnector.java:doStop(318)) - Stopped ServerConnector@12a470dd{HTTP/1.1,[http/1.1]}{0.0.0.0:0}
2019-09-25 07:04:11,458 [main] INFO  handler.ContextHandler (ContextHandler.java:doStop(910)) - Stopped o.e.j.s.ServletContextHandler@493da830{/static,file:///workdir/hadoop-ozone/integration-test/target/test-classes/webapps/static,UNAVAILABLE}
2019-09-25 07:04:11,458 [main] INFO  handler.ContextHandler (ContextHandler.java:doStop(910)) - Stopped o.e.j.s.ServletContextHandler@18b74ea{/logs,file:///workdir/hadoop-ozone/integration-test/target/log,UNAVAILABLE}
2019-09-25 07:04:11,459 [main] INFO  server.StorageContainerManager (StorageContainerManager.java:stop(855)) - Stopping Block Manager Service.
2019-09-25 07:04:11,460 [main] INFO  utils.BackgroundService (BackgroundService.java:shutdown(148)) - Shutting down service SCMBlockDeletingService
2019-09-25 07:04:11,460 [main] INFO  utils.BackgroundService (BackgroundService.java:shutdown(148)) - Shutting down service SCMBlockDeletingService
2019-09-25 07:04:11,460 [main] INFO  server.StorageContainerManager (StorageContainerManager.java:stop(877)) - Stopping SCM Event Queue.
2019-09-25 07:04:11,466 [main] INFO  impl.MetricsSystemImpl (MetricsSystemImpl.java:stop(210)) - Stopping HddsDatanode metrics system...
2019-09-25 07:04:11,482 [main] INFO  impl.MetricsSystemImpl (MetricsSystemImpl.java:stop(216)) - HddsDatanode metrics system stopped.
]]></system-out>
    <system-err><![CDATA[Sep 25, 2019 7:04:06 AM org.apache.ratis.thirdparty.io.grpc.internal.SerializingExecutor run
SEVERE: Exception while executing runnable org.apache.ratis.thirdparty.io.grpc.internal.ServerImpl$JumpToApplicationThreadServerStreamListener$1Closed@7f6b7ff7
org.apache.ratis.thirdparty.io.grpc.StatusRuntimeException: CANCELLED: call already cancelled
	at org.apache.ratis.thirdparty.io.grpc.Status.asRuntimeException(Status.java:517)
	at org.apache.ratis.thirdparty.io.grpc.stub.ServerCalls$ServerCallStreamObserverImpl.onCompleted(ServerCalls.java:356)
	at org.apache.ratis.grpc.server.GrpcServerProtocolService$ServerRequestStreamObserver.onError(GrpcServerProtocolService.java:121)
	at org.apache.ratis.thirdparty.io.grpc.stub.ServerCalls$StreamingServerCallHandler$StreamingServerCallListener.onCancel(ServerCalls.java:269)
	at org.apache.ratis.thirdparty.io.grpc.internal.ServerCallImpl$ServerStreamListenerImpl.closed(ServerCallImpl.java:293)
	at org.apache.ratis.thirdparty.io.grpc.internal.ServerImpl$JumpToApplicationThreadServerStreamListener$1Closed.runInContext(ServerImpl.java:741)
	at org.apache.ratis.thirdparty.io.grpc.internal.ContextRunnable.run(ContextRunnable.java:37)
	at org.apache.ratis.thirdparty.io.grpc.internal.SerializingExecutor.run(SerializingExecutor.java:123)
	at java.util.concurrent.ThreadPoolExecutor.runWorker(ThreadPoolExecutor.java:1149)
	at java.util.concurrent.ThreadPoolExecutor$Worker.run(ThreadPoolExecutor.java:624)
	at java.lang.Thread.run(Thread.java:748)

Sep 25, 2019 7:04:11 AM org.apache.ratis.thirdparty.io.grpc.internal.SerializingExecutor run
SEVERE: Exception while executing runnable org.apache.ratis.thirdparty.io.grpc.internal.ServerImpl$JumpToApplicationThreadServerStreamListener$1Closed@20e3365c
org.apache.ratis.thirdparty.io.grpc.StatusRuntimeException: CANCELLED: call already cancelled
	at org.apache.ratis.thirdparty.io.grpc.Status.asRuntimeException(Status.java:517)
	at org.apache.ratis.thirdparty.io.grpc.stub.ServerCalls$ServerCallStreamObserverImpl.onCompleted(ServerCalls.java:356)
	at org.apache.ratis.grpc.server.GrpcServerProtocolService$ServerRequestStreamObserver.onError(GrpcServerProtocolService.java:121)
	at org.apache.ratis.thirdparty.io.grpc.stub.ServerCalls$StreamingServerCallHandler$StreamingServerCallListener.onCancel(ServerCalls.java:269)
	at org.apache.ratis.thirdparty.io.grpc.internal.ServerCallImpl$ServerStreamListenerImpl.closed(ServerCallImpl.java:293)
	at org.apache.ratis.thirdparty.io.grpc.internal.ServerImpl$JumpToApplicationThreadServerStreamListener$1Closed.runInContext(ServerImpl.java:741)
	at org.apache.ratis.thirdparty.io.grpc.internal.ContextRunnable.run(ContextRunnable.java:37)
	at org.apache.ratis.thirdparty.io.grpc.internal.SerializingExecutor.run(SerializingExecutor.java:123)
	at java.util.concurrent.ThreadPoolExecutor.runWorker(ThreadPoolExecutor.java:1149)
	at java.util.concurrent.ThreadPoolExecutor$Worker.run(ThreadPoolExecutor.java:624)
	at java.lang.Thread.run(Thread.java:748)

]]></system-err>
  </testcase>
</testsuite>