<?xml version="1.0" encoding="UTF-8"?>
<testsuite xmlns:xsi="http://www.w3.org/2001/XMLSchema-instance" xsi:noNamespaceSchemaLocation="https://maven.apache.org/surefire/maven-surefire-plugin/xsd/surefire-test-report.xsd" name="org.apache.hadoop.ozone.freon.TestRandomKeyGenerator" time="367.483" tests="6" errors="2" skipped="0" failures="0">
  <properties>
    <property name="awt.toolkit" value="sun.awt.X11.XToolkit"/>
    <property name="file.encoding.pkg" value="sun.io"/>
    <property name="java.specification.version" value="1.8"/>
    <property name="sun.cpu.isalist" value=""/>
    <property name="sun.jnu.encoding" value="UTF-8"/>
    <property name="java.class.path" value="/workdir/hadoop-ozone/tools/target/test-classes:/workdir/hadoop-ozone/tools/target/classes:/home/user/.m2/repository/org/apache/hadoop/hadoop-ozone-ozone-manager/0.5.0-SNAPSHOT/hadoop-ozone-ozone-manager-0.5.0-SNAPSHOT.jar:/home/user/.m2/repository/org/apache/hadoop/hadoop-hdds-docs/0.5.0-SNAPSHOT/hadoop-hdds-docs-0.5.0-SNAPSHOT.jar:/home/user/.m2/repository/org/bouncycastle/bcprov-jdk15on/1.60/bcprov-jdk15on-1.60.jar:/home/user/.m2/repository/org/apache/hadoop/hadoop-ozone-common/0.5.0-SNAPSHOT/hadoop-ozone-common-0.5.0-SNAPSHOT.jar:/home/user/.m2/repository/org/apache/commons/commons-compress/1.4.1/commons-compress-1.4.1.jar:/home/user/.m2/repository/org/tukaani/xz/1.0/xz-1.0.jar:/home/user/.m2/repository/org/apache/hadoop/hadoop-hdfs-client/3.2.0/hadoop-hdfs-client-3.2.0.jar:/home/user/.m2/repository/com/fasterxml/jackson/core/jackson-annotations/2.9.9/jackson-annotations-2.9.9.jar:/home/user/.m2/repository/org/apache/hadoop/hadoop-hdds-common/0.5.0-SNAPSHOT/hadoop-hdds-common-0.5.0-SNAPSHOT.jar:/home/user/.m2/repository/org/apache/hadoop/hadoop-hdds-config/0.5.0-SNAPSHOT/hadoop-hdds-config-0.5.0-SNAPSHOT.jar:/home/user/.m2/repository/javax/annotation/javax.annotation-api/1.2/javax.annotation-api-1.2.jar:/home/user/.m2/repository/org/apache/ratis/ratis-server/0.4.0/ratis-server-0.4.0.jar:/home/user/.m2/repository/org/apache/ratis/ratis-thirdparty-misc/0.2.0/ratis-thirdparty-misc-0.2.0.jar:/home/user/.m2/repository/org/apache/ratis/ratis-proto/0.4.0/ratis-proto-0.4.0.jar:/home/user/.m2/repository/org/apache/ratis/ratis-common/0.4.0/ratis-common-0.4.0.jar:/home/user/.m2/repository/org/apache/ratis/ratis-client/0.4.0/ratis-client-0.4.0.jar:/home/user/.m2/repository/org/apache/ratis/ratis-metrics/0.4.0/ratis-metrics-0.4.0.jar:/home/user/.m2/repository/com/github/joshelser/dropwizard-metrics-hadoop-metrics2-reporter/0.1.2/dropwizard-metrics-hadoop-metrics2-reporter-0.1.2.jar:/home/user/.m2/repository/io/dropwizard/metrics/metrics-jvm/3.2.5/metrics-jvm-3.2.5.jar:/home/user/.m2/repository/io/dropwizard/metrics/metrics-ganglia/3.2.5/metrics-ganglia-3.2.5.jar:/home/user/.m2/repository/info/ganglia/gmetric4j/gmetric4j/1.0.7/gmetric4j-1.0.7.jar:/home/user/.m2/repository/org/apache/ratis/ratis-netty/0.4.0/ratis-netty-0.4.0.jar:/home/user/.m2/repository/org/apache/ratis/ratis-grpc/0.4.0/ratis-grpc-0.4.0.jar:/home/user/.m2/repository/org/rocksdb/rocksdbjni/6.0.1/rocksdbjni-6.0.1.jar:/home/user/.m2/repository/org/apache/logging/log4j/log4j-api/2.11.0/log4j-api-2.11.0.jar:/home/user/.m2/repository/org/apache/logging/log4j/log4j-core/2.11.0/log4j-core-2.11.0.jar:/home/user/.m2/repository/com/lmax/disruptor/3.4.2/disruptor-3.4.2.jar:/home/user/.m2/repository/org/apache/commons/commons-pool2/2.6.0/commons-pool2-2.6.0.jar:/home/user/.m2/repository/org/bouncycastle/bcpkix-jdk15on/1.60/bcpkix-jdk15on-1.60.jar:/home/user/.m2/repository/commons-validator/commons-validator/1.6/commons-validator-1.6.jar:/home/user/.m2/repository/commons-digester/commons-digester/1.8.1/commons-digester-1.8.1.jar:/home/user/.m2/repository/io/jaegertracing/jaeger-client/0.34.0/jaeger-client-0.34.0.jar:/home/user/.m2/repository/io/jaegertracing/jaeger-thrift/0.34.0/jaeger-thrift-0.34.0.jar:/home/user/.m2/repository/org/apache/thrift/libthrift/0.12.0/libthrift-0.12.0.jar:/home/user/.m2/repository/com/squareup/okhttp3/okhttp/3.9.0/okhttp-3.9.0.jar:/home/user/.m2/repository/com/squareup/okio/okio/1.13.0/okio-1.13.0.jar:/home/user/.m2/repository/io/jaegertracing/jaeger-core/0.34.0/jaeger-core-0.34.0.jar:/home/user/.m2/repository/io/jaegertracing/jaeger-tracerresolver/0.34.0/jaeger-tracerresolver-0.34.0.jar:/home/user/.m2/repository/io/opentracing/contrib/opentracing-tracerresolver/0.1.5/opentracing-tracerresolver-0.1.5.jar:/home/user/.m2/repository/io/opentracing/opentracing-util/0.31.0/opentracing-util-0.31.0.jar:/home/user/.m2/repository/io/opentracing/opentracing-api/0.31.0/opentracing-api-0.31.0.jar:/home/user/.m2/repository/io/opentracing/opentracing-noop/0.31.0/opentracing-noop-0.31.0.jar:/home/user/.m2/repository/org/yaml/snakeyaml/1.16/snakeyaml-1.16.jar:/home/user/.m2/repository/org/apache/hadoop/hadoop-hdds-container-service/0.5.0-SNAPSHOT/hadoop-hdds-container-service-0.5.0-SNAPSHOT.jar:/home/user/.m2/repository/org/apache/hadoop/hadoop-hdds-client/0.5.0-SNAPSHOT/hadoop-hdds-client-0.5.0-SNAPSHOT.jar:/home/user/.m2/repository/org/apache/hadoop/hadoop-hdds-tools/0.5.0-SNAPSHOT/hadoop-hdds-tools-0.5.0-SNAPSHOT.jar:/home/user/.m2/repository/org/xerial/sqlite-jdbc/3.25.2/sqlite-jdbc-3.25.2.jar:/home/user/.m2/repository/org/apache/hadoop/hadoop-hdds-server-scm/0.5.0-SNAPSHOT/hadoop-hdds-server-scm-0.5.0-SNAPSHOT.jar:/home/user/.m2/repository/org/hamcrest/hamcrest-all/1.3/hamcrest-all-1.3.jar:/home/user/.m2/repository/info/picocli/picocli/3.9.6/picocli-3.9.6.jar:/home/user/.m2/repository/com/google/protobuf/protobuf-java/2.5.0/protobuf-java-2.5.0.jar:/home/user/.m2/repository/com/google/guava/guava/11.0.2/guava-11.0.2.jar:/home/user/.m2/repository/org/apache/hadoop/hadoop-ozone-client/0.5.0-SNAPSHOT/hadoop-ozone-client-0.5.0-SNAPSHOT.jar:/workdir/hadoop-ozone/ozonefs/target/classes:/home/user/.m2/repository/org/apache/httpcomponents/httpclient/4.5.2/httpclient-4.5.2.jar:/home/user/.m2/repository/org/apache/httpcomponents/httpcore/4.4.4/httpcore-4.4.4.jar:/home/user/.m2/repository/org/apache/hadoop/hadoop-hdds-server-framework/0.5.0-SNAPSHOT/hadoop-hdds-server-framework-0.5.0-SNAPSHOT.jar:/home/user/.m2/repository/org/apache/hadoop/hadoop-common/3.2.0/hadoop-common-3.2.0.jar:/home/user/.m2/repository/org/apache/hadoop/hadoop-annotations/3.2.0/hadoop-annotations-3.2.0.jar:/usr/lib/jvm/java-1.8-openjdk/jre/../lib/tools.jar:/home/user/.m2/repository/commons-cli/commons-cli/1.2/commons-cli-1.2.jar:/home/user/.m2/repository/org/apache/commons/commons-math3/3.1.1/commons-math3-3.1.1.jar:/home/user/.m2/repository/commons-codec/commons-codec/1.11/commons-codec-1.11.jar:/home/user/.m2/repository/commons-io/commons-io/2.5/commons-io-2.5.jar:/home/user/.m2/repository/commons-net/commons-net/3.6/commons-net-3.6.jar:/home/user/.m2/repository/commons-collections/commons-collections/3.2.2/commons-collections-3.2.2.jar:/home/user/.m2/repository/javax/servlet/javax.servlet-api/3.1.0/javax.servlet-api-3.1.0.jar:/home/user/.m2/repository/org/eclipse/jetty/jetty-server/9.3.25.v20180904/jetty-server-9.3.25.v20180904.jar:/home/user/.m2/repository/org/eclipse/jetty/jetty-http/9.3.25.v20180904/jetty-http-9.3.25.v20180904.jar:/home/user/.m2/repository/org/eclipse/jetty/jetty-io/9.3.25.v20180904/jetty-io-9.3.25.v20180904.jar:/home/user/.m2/repository/org/eclipse/jetty/jetty-util/9.3.25.v20180904/jetty-util-9.3.25.v20180904.jar:/home/user/.m2/repository/org/eclipse/jetty/jetty-servlet/9.3.25.v20180904/jetty-servlet-9.3.25.v20180904.jar:/home/user/.m2/repository/org/eclipse/jetty/jetty-security/9.3.25.v20180904/jetty-security-9.3.25.v20180904.jar:/home/user/.m2/repository/org/eclipse/jetty/jetty-webapp/9.3.25.v20180904/jetty-webapp-9.3.25.v20180904.jar:/home/user/.m2/repository/org/eclipse/jetty/jetty-xml/9.3.25.v20180904/jetty-xml-9.3.25.v20180904.jar:/home/user/.m2/repository/javax/servlet/jsp/jsp-api/2.1/jsp-api-2.1.jar:/home/user/.m2/repository/com/sun/jersey/jersey-core/1.19/jersey-core-1.19.jar:/home/user/.m2/repository/javax/ws/rs/jsr311-api/1.1.1/jsr311-api-1.1.1.jar:/home/user/.m2/repository/com/sun/jersey/jersey-servlet/1.19/jersey-servlet-1.19.jar:/home/user/.m2/repository/com/sun/jersey/jersey-json/1.19/jersey-json-1.19.jar:/home/user/.m2/repository/org/codehaus/jettison/jettison/1.1/jettison-1.1.jar:/home/user/.m2/repository/com/sun/xml/bind/jaxb-impl/2.3.0.1/jaxb-impl-2.3.0.1.jar:/home/user/.m2/repository/org/codehaus/jackson/jackson-core-asl/1.9.13/jackson-core-asl-1.9.13.jar:/home/user/.m2/repository/org/codehaus/jackson/jackson-mapper-asl/1.9.13/jackson-mapper-asl-1.9.13.jar:/home/user/.m2/repository/org/codehaus/jackson/jackson-jaxrs/1.9.13/jackson-jaxrs-1.9.13.jar:/home/user/.m2/repository/org/codehaus/jackson/jackson-xc/1.9.13/jackson-xc-1.9.13.jar:/home/user/.m2/repository/com/sun/jersey/jersey-server/1.19/jersey-server-1.19.jar:/home/user/.m2/repository/commons-logging/commons-logging/1.1.3/commons-logging-1.1.3.jar:/home/user/.m2/repository/log4j/log4j/1.2.17/log4j-1.2.17.jar:/home/user/.m2/repository/commons-beanutils/commons-beanutils/1.9.4/commons-beanutils-1.9.4.jar:/home/user/.m2/repository/org/apache/commons/commons-configuration2/2.1.1/commons-configuration2-2.1.1.jar:/home/user/.m2/repository/org/apache/commons/commons-lang3/3.7/commons-lang3-3.7.jar:/home/user/.m2/repository/org/apache/commons/commons-text/1.4/commons-text-1.4.jar:/home/user/.m2/repository/org/slf4j/slf4j-api/1.7.25/slf4j-api-1.7.25.jar:/home/user/.m2/repository/org/slf4j/slf4j-log4j12/1.7.25/slf4j-log4j12-1.7.25.jar:/home/user/.m2/repository/org/apache/avro/avro/1.7.7/avro-1.7.7.jar:/home/user/.m2/repository/com/thoughtworks/paranamer/paranamer/2.3/paranamer-2.3.jar:/home/user/.m2/repository/org/xerial/snappy/snappy-java/1.0.5/snappy-java-1.0.5.jar:/home/user/.m2/repository/com/google/re2j/re2j/1.1/re2j-1.1.jar:/home/user/.m2/repository/com/google/code/gson/gson/2.2.4/gson-2.2.4.jar:/home/user/.m2/repository/org/apache/hadoop/hadoop-auth/3.2.0/hadoop-auth-3.2.0.jar:/home/user/.m2/repository/com/nimbusds/nimbus-jose-jwt/4.41.1/nimbus-jose-jwt-4.41.1.jar:/home/user/.m2/repository/com/github/stephenc/jcip/jcip-annotations/1.0-1/jcip-annotations-1.0-1.jar:/home/user/.m2/repository/net/minidev/json-smart/2.3/json-smart-2.3.jar:/home/user/.m2/repository/net/minidev/accessors-smart/1.2/accessors-smart-1.2.jar:/home/user/.m2/repository/org/apache/curator/curator-framework/2.12.0/curator-framework-2.12.0.jar:/home/user/.m2/repository/com/jcraft/jsch/0.1.54/jsch-0.1.54.jar:/home/user/.m2/repository/org/apache/curator/curator-client/2.12.0/curator-client-2.12.0.jar:/home/user/.m2/repository/org/apache/curator/curator-recipes/2.12.0/curator-recipes-2.12.0.jar:/home/user/.m2/repository/com/google/code/findbugs/jsr305/3.0.0/jsr305-3.0.0.jar:/home/user/.m2/repository/org/apache/htrace/htrace-core4/4.1.0-incubating/htrace-core4-4.1.0-incubating.jar:/home/user/.m2/repository/org/apache/zookeeper/zookeeper/3.4.13/zookeeper-3.4.13.jar:/home/user/.m2/repository/jline/jline/0.9.94/jline-0.9.94.jar:/home/user/.m2/repository/org/apache/yetus/audience-annotations/0.5.0/audience-annotations-0.5.0.jar:/home/user/.m2/repository/org/apache/kerby/kerb-simplekdc/1.0.1/kerb-simplekdc-1.0.1.jar:/home/user/.m2/repository/org/apache/kerby/kerb-client/1.0.1/kerb-client-1.0.1.jar:/home/user/.m2/repository/org/apache/kerby/kerby-config/1.0.1/kerby-config-1.0.1.jar:/home/user/.m2/repository/org/apache/kerby/kerb-core/1.0.1/kerb-core-1.0.1.jar:/home/user/.m2/repository/org/apache/kerby/kerby-pkix/1.0.1/kerby-pkix-1.0.1.jar:/home/user/.m2/repository/org/apache/kerby/kerby-asn1/1.0.1/kerby-asn1-1.0.1.jar:/home/user/.m2/repository/org/apache/kerby/kerby-util/1.0.1/kerby-util-1.0.1.jar:/home/user/.m2/repository/org/apache/kerby/kerb-common/1.0.1/kerb-common-1.0.1.jar:/home/user/.m2/repository/org/apache/kerby/kerb-crypto/1.0.1/kerb-crypto-1.0.1.jar:/home/user/.m2/repository/org/apache/kerby/kerb-util/1.0.1/kerb-util-1.0.1.jar:/home/user/.m2/repository/org/apache/kerby/token-provider/1.0.1/token-provider-1.0.1.jar:/home/user/.m2/repository/org/apache/kerby/kerb-admin/1.0.1/kerb-admin-1.0.1.jar:/home/user/.m2/repository/org/apache/kerby/kerb-server/1.0.1/kerb-server-1.0.1.jar:/home/user/.m2/repository/org/apache/kerby/kerb-identity/1.0.1/kerb-identity-1.0.1.jar:/home/user/.m2/repository/org/apache/kerby/kerby-xdr/1.0.1/kerby-xdr-1.0.1.jar:/home/user/.m2/repository/com/fasterxml/jackson/core/jackson-databind/2.9.9/jackson-databind-2.9.9.jar:/home/user/.m2/repository/com/fasterxml/jackson/core/jackson-core/2.9.9/jackson-core-2.9.9.jar:/home/user/.m2/repository/org/codehaus/woodstox/stax2-api/3.1.4/stax2-api-3.1.4.jar:/home/user/.m2/repository/com/fasterxml/woodstox/woodstox-core/5.0.3/woodstox-core-5.0.3.jar:/home/user/.m2/repository/dnsjava/dnsjava/2.1.7/dnsjava-2.1.7.jar:/home/user/.m2/repository/org/apache/hadoop/hadoop-hdfs/3.2.0/hadoop-hdfs-3.2.0.jar:/home/user/.m2/repository/org/eclipse/jetty/jetty-util-ajax/9.3.25.v20180904/jetty-util-ajax-9.3.25.v20180904.jar:/home/user/.m2/repository/commons-daemon/commons-daemon/1.0.13/commons-daemon-1.0.13.jar:/home/user/.m2/repository/io/netty/netty/3.10.5.Final/netty-3.10.5.Final.jar:/home/user/.m2/repository/io/netty/netty-all/4.0.52.Final/netty-all-4.0.52.Final.jar:/home/user/.m2/repository/org/fusesource/leveldbjni/leveldbjni-all/1.8/leveldbjni-all-1.8.jar:/home/user/.m2/repository/com/sun/xml/bind/jaxb-core/2.3.0.1/jaxb-core-2.3.0.1.jar:/home/user/.m2/repository/javax/xml/bind/jaxb-api/2.3.0/jaxb-api-2.3.0.jar:/home/user/.m2/repository/javax/activation/activation/1.1.1/activation-1.1.1.jar:/home/user/.m2/repository/io/dropwizard/metrics/metrics-core/3.2.4/metrics-core-3.2.4.jar:/home/user/.m2/repository/org/openjdk/jmh/jmh-core/1.19/jmh-core-1.19.jar:/home/user/.m2/repository/net/sf/jopt-simple/jopt-simple/4.6/jopt-simple-4.6.jar:/home/user/.m2/repository/org/openjdk/jmh/jmh-generator-annprocess/1.19/jmh-generator-annprocess-1.19.jar:/home/user/.m2/repository/com/amazonaws/aws-java-sdk-s3/1.11.615/aws-java-sdk-s3-1.11.615.jar:/home/user/.m2/repository/com/amazonaws/aws-java-sdk-kms/1.11.615/aws-java-sdk-kms-1.11.615.jar:/home/user/.m2/repository/com/amazonaws/aws-java-sdk-core/1.11.615/aws-java-sdk-core-1.11.615.jar:/home/user/.m2/repository/software/amazon/ion/ion-java/1.0.2/ion-java-1.0.2.jar:/home/user/.m2/repository/com/fasterxml/jackson/dataformat/jackson-dataformat-cbor/2.9.9/jackson-dataformat-cbor-2.9.9.jar:/home/user/.m2/repository/joda-time/joda-time/2.9.9/joda-time-2.9.9.jar:/home/user/.m2/repository/com/amazonaws/jmespath-java/1.11.615/jmespath-java-1.11.615.jar:/home/user/.m2/repository/com/google/code/findbugs/findbugs/3.0.1/findbugs-3.0.1.jar:/home/user/.m2/repository/net/jcip/jcip-annotations/1.0/jcip-annotations-1.0.jar:/home/user/.m2/repository/com/google/code/findbugs/bcel-findbugs/6.0/bcel-findbugs-6.0.jar:/home/user/.m2/repository/com/google/code/findbugs/jFormatString/2.0.1/jFormatString-2.0.1.jar:/home/user/.m2/repository/dom4j/dom4j/1.6.1/dom4j-1.6.1.jar:/home/user/.m2/repository/xml-apis/xml-apis/1.0.b2/xml-apis-1.0.b2.jar:/home/user/.m2/repository/org/ow2/asm/asm-debug-all/5.0.2/asm-debug-all-5.0.2.jar:/home/user/.m2/repository/org/ow2/asm/asm-commons/5.0.2/asm-commons-5.0.2.jar:/home/user/.m2/repository/org/ow2/asm/asm-tree/5.0.2/asm-tree-5.0.2.jar:/home/user/.m2/repository/org/ow2/asm/asm/5.0.4/asm-5.0.4.jar:/home/user/.m2/repository/commons-lang/commons-lang/2.6/commons-lang-2.6.jar:/home/user/.m2/repository/com/apple/AppleJavaExtensions/1.4/AppleJavaExtensions-1.4.jar:/home/user/.m2/repository/jaxen/jaxen/1.1.6/jaxen-1.1.6.jar:/home/user/.m2/repository/junit/junit/4.11/junit-4.11.jar:/home/user/.m2/repository/org/hamcrest/hamcrest-core/1.3/hamcrest-core-1.3.jar:/home/user/.m2/repository/org/apache/hadoop/hadoop-common/3.2.0/hadoop-common-3.2.0-tests.jar:/workdir/hadoop-ozone/integration-test/target/test-classes:/home/user/.m2/repository/org/apache/hadoop/hadoop-ozone-s3gateway/0.5.0-SNAPSHOT/hadoop-ozone-s3gateway-0.5.0-SNAPSHOT.jar:/home/user/.m2/repository/org/jboss/weld/servlet/weld-servlet/2.4.7.Final/weld-servlet-2.4.7.Final.jar:/home/user/.m2/repository/org/glassfish/jersey/containers/jersey-container-servlet-core/2.27/jersey-container-servlet-core-2.27.jar:/home/user/.m2/repository/org/glassfish/hk2/external/javax.inject/2.5.0-b42/javax.inject-2.5.0-b42.jar:/home/user/.m2/repository/org/glassfish/jersey/core/jersey-common/2.27/jersey-common-2.27.jar:/home/user/.m2/repository/org/glassfish/hk2/osgi-resource-locator/1.0.1/osgi-resource-locator-1.0.1.jar:/home/user/.m2/repository/javax/ws/rs/javax.ws.rs-api/2.1/javax.ws.rs-api-2.1.jar:/home/user/.m2/repository/org/glassfish/jersey/ext/cdi/jersey-cdi1x/2.27/jersey-cdi1x-2.27.jar:/home/user/.m2/repository/org/glassfish/jersey/inject/jersey-hk2/2.27/jersey-hk2-2.27.jar:/home/user/.m2/repository/org/glassfish/hk2/hk2-locator/2.5.0-b42/hk2-locator-2.5.0-b42.jar:/home/user/.m2/repository/org/javassist/javassist/3.22.0-CR2/javassist-3.22.0-CR2.jar:/home/user/.m2/repository/org/glassfish/hk2/hk2-api/2.5.0/hk2-api-2.5.0.jar:/home/user/.m2/repository/org/glassfish/hk2/external/jakarta.inject/2.5.0/jakarta.inject-2.5.0.jar:/home/user/.m2/repository/org/glassfish/hk2/hk2-utils/2.5.0/hk2-utils-2.5.0.jar:/home/user/.m2/repository/jakarta/annotation/jakarta.annotation-api/1.3.4/jakarta.annotation-api-1.3.4.jar:/home/user/.m2/repository/org/glassfish/hk2/external/aopalliance-repackaged/2.5.0/aopalliance-repackaged-2.5.0.jar:/home/user/.m2/repository/com/fasterxml/jackson/dataformat/jackson-dataformat-xml/2.9.0/jackson-dataformat-xml-2.9.0.jar:/home/user/.m2/repository/com/fasterxml/jackson/module/jackson-module-jaxb-annotations/2.9.9/jackson-module-jaxb-annotations-2.9.9.jar:/home/user/.m2/repository/javax/enterprise/cdi-api/1.2/cdi-api-1.2.jar:/home/user/.m2/repository/javax/el/javax.el-api/3.0.0/javax.el-api-3.0.0.jar:/home/user/.m2/repository/javax/interceptor/javax.interceptor-api/1.2/javax.interceptor-api-1.2.jar:/home/user/.m2/repository/javax/inject/javax.inject/1/javax.inject-1.jar:/home/user/.m2/repository/org/apache/hadoop/hadoop-ozone-csi/0.5.0-SNAPSHOT/hadoop-ozone-csi-0.5.0-SNAPSHOT.jar:/home/user/.m2/repository/com/google/protobuf/protobuf-java-util/3.5.1/protobuf-java-util-3.5.1.jar:/home/user/.m2/repository/io/grpc/grpc-netty/1.17.1/grpc-netty-1.17.1.jar:/home/user/.m2/repository/io/grpc/grpc-core/1.17.1/grpc-core-1.17.1.jar:/home/user/.m2/repository/io/grpc/grpc-context/1.17.1/grpc-context-1.17.1.jar:/home/user/.m2/repository/com/google/errorprone/error_prone_annotations/2.2.0/error_prone_annotations-2.2.0.jar:/home/user/.m2/repository/org/codehaus/mojo/animal-sniffer-annotations/1.17/animal-sniffer-annotations-1.17.jar:/home/user/.m2/repository/io/opencensus/opencensus-api/0.17.0/opencensus-api-0.17.0.jar:/home/user/.m2/repository/io/opencensus/opencensus-contrib-grpc-metrics/0.17.0/opencensus-contrib-grpc-metrics-0.17.0.jar:/home/user/.m2/repository/io/netty/netty-codec-http2/4.1.30.Final/netty-codec-http2-4.1.30.Final.jar:/home/user/.m2/repository/io/netty/netty-codec-http/4.1.30.Final/netty-codec-http-4.1.30.Final.jar:/home/user/.m2/repository/io/netty/netty-codec/4.1.30.Final/netty-codec-4.1.30.Final.jar:/home/user/.m2/repository/io/netty/netty-handler/4.1.30.Final/netty-handler-4.1.30.Final.jar:/home/user/.m2/repository/io/netty/netty-handler-proxy/4.1.30.Final/netty-handler-proxy-4.1.30.Final.jar:/home/user/.m2/repository/io/netty/netty-codec-socks/4.1.30.Final/netty-codec-socks-4.1.30.Final.jar:/home/user/.m2/repository/io/netty/netty-transport-native-epoll/4.1.30.Final/netty-transport-native-epoll-4.1.30.Final.jar:/home/user/.m2/repository/io/netty/netty-common/4.1.30.Final/netty-common-4.1.30.Final.jar:/home/user/.m2/repository/io/netty/netty-buffer/4.1.30.Final/netty-buffer-4.1.30.Final.jar:/home/user/.m2/repository/io/netty/netty-transport/4.1.30.Final/netty-transport-4.1.30.Final.jar:/home/user/.m2/repository/io/netty/netty-resolver/4.1.30.Final/netty-resolver-4.1.30.Final.jar:/home/user/.m2/repository/io/netty/netty-transport-native-unix-common/4.1.30.Final/netty-transport-native-unix-common-4.1.30.Final.jar:/home/user/.m2/repository/io/grpc/grpc-protobuf/1.17.1/grpc-protobuf-1.17.1.jar:/home/user/.m2/repository/com/google/api/grpc/proto-google-common-protos/1.0.0/proto-google-common-protos-1.0.0.jar:/home/user/.m2/repository/io/grpc/grpc-protobuf-lite/1.17.1/grpc-protobuf-lite-1.17.1.jar:/home/user/.m2/repository/io/grpc/grpc-stub/1.17.1/grpc-stub-1.17.1.jar:/home/user/.m2/repository/org/apache/hadoop/hadoop-ozone-recon/0.5.0-SNAPSHOT/hadoop-ozone-recon-0.5.0-SNAPSHOT.jar:/home/user/.m2/repository/org/apache/hadoop/hadoop-ozone-reconcodegen/0.5.0-SNAPSHOT/hadoop-ozone-reconcodegen-0.5.0-SNAPSHOT.jar:/home/user/.m2/repository/com/google/inject/extensions/guice-multibindings/4.0/guice-multibindings-4.0.jar:/home/user/.m2/repository/com/google/inject/guice/4.0/guice-4.0.jar:/home/user/.m2/repository/aopalliance/aopalliance/1.0/aopalliance-1.0.jar:/home/user/.m2/repository/com/google/inject/extensions/guice-servlet/4.0/guice-servlet-4.0.jar:/home/user/.m2/repository/org/glassfish/jersey/containers/jersey-container-servlet/2.27/jersey-container-servlet-2.27.jar:/home/user/.m2/repository/org/glassfish/hk2/guice-bridge/2.5.0/guice-bridge-2.5.0.jar:/home/user/.m2/repository/org/glassfish/jersey/core/jersey-server/2.27/jersey-server-2.27.jar:/home/user/.m2/repository/org/glassfish/jersey/core/jersey-client/2.27/jersey-client-2.27.jar:/home/user/.m2/repository/org/glassfish/jersey/media/jersey-media-jaxb/2.27/jersey-media-jaxb-2.27.jar:/home/user/.m2/repository/javax/validation/validation-api/1.1.0.Final/validation-api-1.1.0.Final.jar:/home/user/.m2/repository/org/glassfish/jersey/media/jersey-media-json-jackson/2.27/jersey-media-json-jackson-2.27.jar:/home/user/.m2/repository/org/glassfish/jersey/ext/jersey-entity-filtering/2.27/jersey-entity-filtering-2.27.jar:/home/user/.m2/repository/com/google/inject/extensions/guice-assistedinject/4.0/guice-assistedinject-4.0.jar:/home/user/.m2/repository/org/jooq/jooq/3.11.10/jooq-3.11.10.jar:/home/user/.m2/repository/org/jooq/jooq-meta/3.11.10/jooq-meta-3.11.10.jar:/home/user/.m2/repository/org/jooq/jooq-codegen/3.11.10/jooq-codegen-3.11.10.jar:/home/user/.m2/repository/com/jolbox/bonecp/0.8.0.RELEASE/bonecp-0.8.0.RELEASE.jar:/home/user/.m2/repository/org/springframework/spring-jdbc/5.1.3.RELEASE/spring-jdbc-5.1.3.RELEASE.jar:/home/user/.m2/repository/org/springframework/spring-beans/5.1.3.RELEASE/spring-beans-5.1.3.RELEASE.jar:/home/user/.m2/repository/org/springframework/spring-core/5.1.3.RELEASE/spring-core-5.1.3.RELEASE.jar:/home/user/.m2/repository/org/springframework/spring-jcl/5.1.3.RELEASE/spring-jcl-5.1.3.RELEASE.jar:/home/user/.m2/repository/org/springframework/spring-tx/5.1.3.RELEASE/spring-tx-5.1.3.RELEASE.jar:/home/user/.m2/repository/org/mockito/mockito-core/2.15.0/mockito-core-2.15.0.jar:/home/user/.m2/repository/net/bytebuddy/byte-buddy/1.7.9/byte-buddy-1.7.9.jar:/home/user/.m2/repository/net/bytebuddy/byte-buddy-agent/1.7.9/byte-buddy-agent-1.7.9.jar:/home/user/.m2/repository/org/objenesis/objenesis/1.0/objenesis-1.0.jar:"/>
    <property name="java.vm.vendor" value="IcedTea"/>
    <property name="sun.arch.data.model" value="64"/>
    <property name="test.build.dir" value="/workdir/hadoop-ozone/tools/target/test-dir"/>
    <property name="test.cache.data" value=""/>
    <property name="java.vendor.url" value="https://icedtea.classpath.org"/>
    <property name="user.timezone" value=""/>
    <property name="java.vm.specification.version" value="1.8"/>
    <property name="os.name" value="Linux"/>
    <property name="test.build.data" value="/workdir/hadoop-ozone/tools/target/test-dir"/>
    <property name="user.country" value="US"/>
    <property name="sun.java.launcher" value="SUN_STANDARD"/>
    <property name="sun.boot.library.path" value="/usr/lib/jvm/java-1.8-openjdk/jre/lib/amd64"/>
    <property name="sun.java.command" value="/workdir/hadoop-ozone/tools/target/surefire/surefirebooter5143056730090710426.jar /workdir/hadoop-ozone/tools/target/surefire 2019-09-25T15-47-08_816-jvmRun1 surefire6135796412361055155tmp surefire_1123120694763470095702tmp"/>
    <property name="test" value="!TestMiniChaosOzoneCluster"/>
    <property name="surefire.test.class.path" value="/workdir/hadoop-ozone/tools/target/test-classes:/workdir/hadoop-ozone/tools/target/classes:/home/user/.m2/repository/org/apache/hadoop/hadoop-ozone-ozone-manager/0.5.0-SNAPSHOT/hadoop-ozone-ozone-manager-0.5.0-SNAPSHOT.jar:/home/user/.m2/repository/org/apache/hadoop/hadoop-hdds-docs/0.5.0-SNAPSHOT/hadoop-hdds-docs-0.5.0-SNAPSHOT.jar:/home/user/.m2/repository/org/bouncycastle/bcprov-jdk15on/1.60/bcprov-jdk15on-1.60.jar:/home/user/.m2/repository/org/apache/hadoop/hadoop-ozone-common/0.5.0-SNAPSHOT/hadoop-ozone-common-0.5.0-SNAPSHOT.jar:/home/user/.m2/repository/org/apache/commons/commons-compress/1.4.1/commons-compress-1.4.1.jar:/home/user/.m2/repository/org/tukaani/xz/1.0/xz-1.0.jar:/home/user/.m2/repository/org/apache/hadoop/hadoop-hdfs-client/3.2.0/hadoop-hdfs-client-3.2.0.jar:/home/user/.m2/repository/com/fasterxml/jackson/core/jackson-annotations/2.9.9/jackson-annotations-2.9.9.jar:/home/user/.m2/repository/org/apache/hadoop/hadoop-hdds-common/0.5.0-SNAPSHOT/hadoop-hdds-common-0.5.0-SNAPSHOT.jar:/home/user/.m2/repository/org/apache/hadoop/hadoop-hdds-config/0.5.0-SNAPSHOT/hadoop-hdds-config-0.5.0-SNAPSHOT.jar:/home/user/.m2/repository/javax/annotation/javax.annotation-api/1.2/javax.annotation-api-1.2.jar:/home/user/.m2/repository/org/apache/ratis/ratis-server/0.4.0/ratis-server-0.4.0.jar:/home/user/.m2/repository/org/apache/ratis/ratis-thirdparty-misc/0.2.0/ratis-thirdparty-misc-0.2.0.jar:/home/user/.m2/repository/org/apache/ratis/ratis-proto/0.4.0/ratis-proto-0.4.0.jar:/home/user/.m2/repository/org/apache/ratis/ratis-common/0.4.0/ratis-common-0.4.0.jar:/home/user/.m2/repository/org/apache/ratis/ratis-client/0.4.0/ratis-client-0.4.0.jar:/home/user/.m2/repository/org/apache/ratis/ratis-metrics/0.4.0/ratis-metrics-0.4.0.jar:/home/user/.m2/repository/com/github/joshelser/dropwizard-metrics-hadoop-metrics2-reporter/0.1.2/dropwizard-metrics-hadoop-metrics2-reporter-0.1.2.jar:/home/user/.m2/repository/io/dropwizard/metrics/metrics-jvm/3.2.5/metrics-jvm-3.2.5.jar:/home/user/.m2/repository/io/dropwizard/metrics/metrics-ganglia/3.2.5/metrics-ganglia-3.2.5.jar:/home/user/.m2/repository/info/ganglia/gmetric4j/gmetric4j/1.0.7/gmetric4j-1.0.7.jar:/home/user/.m2/repository/org/apache/ratis/ratis-netty/0.4.0/ratis-netty-0.4.0.jar:/home/user/.m2/repository/org/apache/ratis/ratis-grpc/0.4.0/ratis-grpc-0.4.0.jar:/home/user/.m2/repository/org/rocksdb/rocksdbjni/6.0.1/rocksdbjni-6.0.1.jar:/home/user/.m2/repository/org/apache/logging/log4j/log4j-api/2.11.0/log4j-api-2.11.0.jar:/home/user/.m2/repository/org/apache/logging/log4j/log4j-core/2.11.0/log4j-core-2.11.0.jar:/home/user/.m2/repository/com/lmax/disruptor/3.4.2/disruptor-3.4.2.jar:/home/user/.m2/repository/org/apache/commons/commons-pool2/2.6.0/commons-pool2-2.6.0.jar:/home/user/.m2/repository/org/bouncycastle/bcpkix-jdk15on/1.60/bcpkix-jdk15on-1.60.jar:/home/user/.m2/repository/commons-validator/commons-validator/1.6/commons-validator-1.6.jar:/home/user/.m2/repository/commons-digester/commons-digester/1.8.1/commons-digester-1.8.1.jar:/home/user/.m2/repository/io/jaegertracing/jaeger-client/0.34.0/jaeger-client-0.34.0.jar:/home/user/.m2/repository/io/jaegertracing/jaeger-thrift/0.34.0/jaeger-thrift-0.34.0.jar:/home/user/.m2/repository/org/apache/thrift/libthrift/0.12.0/libthrift-0.12.0.jar:/home/user/.m2/repository/com/squareup/okhttp3/okhttp/3.9.0/okhttp-3.9.0.jar:/home/user/.m2/repository/com/squareup/okio/okio/1.13.0/okio-1.13.0.jar:/home/user/.m2/repository/io/jaegertracing/jaeger-core/0.34.0/jaeger-core-0.34.0.jar:/home/user/.m2/repository/io/jaegertracing/jaeger-tracerresolver/0.34.0/jaeger-tracerresolver-0.34.0.jar:/home/user/.m2/repository/io/opentracing/contrib/opentracing-tracerresolver/0.1.5/opentracing-tracerresolver-0.1.5.jar:/home/user/.m2/repository/io/opentracing/opentracing-util/0.31.0/opentracing-util-0.31.0.jar:/home/user/.m2/repository/io/opentracing/opentracing-api/0.31.0/opentracing-api-0.31.0.jar:/home/user/.m2/repository/io/opentracing/opentracing-noop/0.31.0/opentracing-noop-0.31.0.jar:/home/user/.m2/repository/org/yaml/snakeyaml/1.16/snakeyaml-1.16.jar:/home/user/.m2/repository/org/apache/hadoop/hadoop-hdds-container-service/0.5.0-SNAPSHOT/hadoop-hdds-container-service-0.5.0-SNAPSHOT.jar:/home/user/.m2/repository/org/apache/hadoop/hadoop-hdds-client/0.5.0-SNAPSHOT/hadoop-hdds-client-0.5.0-SNAPSHOT.jar:/home/user/.m2/repository/org/apache/hadoop/hadoop-hdds-tools/0.5.0-SNAPSHOT/hadoop-hdds-tools-0.5.0-SNAPSHOT.jar:/home/user/.m2/repository/org/xerial/sqlite-jdbc/3.25.2/sqlite-jdbc-3.25.2.jar:/home/user/.m2/repository/org/apache/hadoop/hadoop-hdds-server-scm/0.5.0-SNAPSHOT/hadoop-hdds-server-scm-0.5.0-SNAPSHOT.jar:/home/user/.m2/repository/org/hamcrest/hamcrest-all/1.3/hamcrest-all-1.3.jar:/home/user/.m2/repository/info/picocli/picocli/3.9.6/picocli-3.9.6.jar:/home/user/.m2/repository/com/google/protobuf/protobuf-java/2.5.0/protobuf-java-2.5.0.jar:/home/user/.m2/repository/com/google/guava/guava/11.0.2/guava-11.0.2.jar:/home/user/.m2/repository/org/apache/hadoop/hadoop-ozone-client/0.5.0-SNAPSHOT/hadoop-ozone-client-0.5.0-SNAPSHOT.jar:/workdir/hadoop-ozone/ozonefs/target/classes:/home/user/.m2/repository/org/apache/httpcomponents/httpclient/4.5.2/httpclient-4.5.2.jar:/home/user/.m2/repository/org/apache/httpcomponents/httpcore/4.4.4/httpcore-4.4.4.jar:/home/user/.m2/repository/org/apache/hadoop/hadoop-hdds-server-framework/0.5.0-SNAPSHOT/hadoop-hdds-server-framework-0.5.0-SNAPSHOT.jar:/home/user/.m2/repository/org/apache/hadoop/hadoop-common/3.2.0/hadoop-common-3.2.0.jar:/home/user/.m2/repository/org/apache/hadoop/hadoop-annotations/3.2.0/hadoop-annotations-3.2.0.jar:/usr/lib/jvm/java-1.8-openjdk/jre/../lib/tools.jar:/home/user/.m2/repository/commons-cli/commons-cli/1.2/commons-cli-1.2.jar:/home/user/.m2/repository/org/apache/commons/commons-math3/3.1.1/commons-math3-3.1.1.jar:/home/user/.m2/repository/commons-codec/commons-codec/1.11/commons-codec-1.11.jar:/home/user/.m2/repository/commons-io/commons-io/2.5/commons-io-2.5.jar:/home/user/.m2/repository/commons-net/commons-net/3.6/commons-net-3.6.jar:/home/user/.m2/repository/commons-collections/commons-collections/3.2.2/commons-collections-3.2.2.jar:/home/user/.m2/repository/javax/servlet/javax.servlet-api/3.1.0/javax.servlet-api-3.1.0.jar:/home/user/.m2/repository/org/eclipse/jetty/jetty-server/9.3.25.v20180904/jetty-server-9.3.25.v20180904.jar:/home/user/.m2/repository/org/eclipse/jetty/jetty-http/9.3.25.v20180904/jetty-http-9.3.25.v20180904.jar:/home/user/.m2/repository/org/eclipse/jetty/jetty-io/9.3.25.v20180904/jetty-io-9.3.25.v20180904.jar:/home/user/.m2/repository/org/eclipse/jetty/jetty-util/9.3.25.v20180904/jetty-util-9.3.25.v20180904.jar:/home/user/.m2/repository/org/eclipse/jetty/jetty-servlet/9.3.25.v20180904/jetty-servlet-9.3.25.v20180904.jar:/home/user/.m2/repository/org/eclipse/jetty/jetty-security/9.3.25.v20180904/jetty-security-9.3.25.v20180904.jar:/home/user/.m2/repository/org/eclipse/jetty/jetty-webapp/9.3.25.v20180904/jetty-webapp-9.3.25.v20180904.jar:/home/user/.m2/repository/org/eclipse/jetty/jetty-xml/9.3.25.v20180904/jetty-xml-9.3.25.v20180904.jar:/home/user/.m2/repository/javax/servlet/jsp/jsp-api/2.1/jsp-api-2.1.jar:/home/user/.m2/repository/com/sun/jersey/jersey-core/1.19/jersey-core-1.19.jar:/home/user/.m2/repository/javax/ws/rs/jsr311-api/1.1.1/jsr311-api-1.1.1.jar:/home/user/.m2/repository/com/sun/jersey/jersey-servlet/1.19/jersey-servlet-1.19.jar:/home/user/.m2/repository/com/sun/jersey/jersey-json/1.19/jersey-json-1.19.jar:/home/user/.m2/repository/org/codehaus/jettison/jettison/1.1/jettison-1.1.jar:/home/user/.m2/repository/com/sun/xml/bind/jaxb-impl/2.3.0.1/jaxb-impl-2.3.0.1.jar:/home/user/.m2/repository/org/codehaus/jackson/jackson-core-asl/1.9.13/jackson-core-asl-1.9.13.jar:/home/user/.m2/repository/org/codehaus/jackson/jackson-mapper-asl/1.9.13/jackson-mapper-asl-1.9.13.jar:/home/user/.m2/repository/org/codehaus/jackson/jackson-jaxrs/1.9.13/jackson-jaxrs-1.9.13.jar:/home/user/.m2/repository/org/codehaus/jackson/jackson-xc/1.9.13/jackson-xc-1.9.13.jar:/home/user/.m2/repository/com/sun/jersey/jersey-server/1.19/jersey-server-1.19.jar:/home/user/.m2/repository/commons-logging/commons-logging/1.1.3/commons-logging-1.1.3.jar:/home/user/.m2/repository/log4j/log4j/1.2.17/log4j-1.2.17.jar:/home/user/.m2/repository/commons-beanutils/commons-beanutils/1.9.4/commons-beanutils-1.9.4.jar:/home/user/.m2/repository/org/apache/commons/commons-configuration2/2.1.1/commons-configuration2-2.1.1.jar:/home/user/.m2/repository/org/apache/commons/commons-lang3/3.7/commons-lang3-3.7.jar:/home/user/.m2/repository/org/apache/commons/commons-text/1.4/commons-text-1.4.jar:/home/user/.m2/repository/org/slf4j/slf4j-api/1.7.25/slf4j-api-1.7.25.jar:/home/user/.m2/repository/org/slf4j/slf4j-log4j12/1.7.25/slf4j-log4j12-1.7.25.jar:/home/user/.m2/repository/org/apache/avro/avro/1.7.7/avro-1.7.7.jar:/home/user/.m2/repository/com/thoughtworks/paranamer/paranamer/2.3/paranamer-2.3.jar:/home/user/.m2/repository/org/xerial/snappy/snappy-java/1.0.5/snappy-java-1.0.5.jar:/home/user/.m2/repository/com/google/re2j/re2j/1.1/re2j-1.1.jar:/home/user/.m2/repository/com/google/code/gson/gson/2.2.4/gson-2.2.4.jar:/home/user/.m2/repository/org/apache/hadoop/hadoop-auth/3.2.0/hadoop-auth-3.2.0.jar:/home/user/.m2/repository/com/nimbusds/nimbus-jose-jwt/4.41.1/nimbus-jose-jwt-4.41.1.jar:/home/user/.m2/repository/com/github/stephenc/jcip/jcip-annotations/1.0-1/jcip-annotations-1.0-1.jar:/home/user/.m2/repository/net/minidev/json-smart/2.3/json-smart-2.3.jar:/home/user/.m2/repository/net/minidev/accessors-smart/1.2/accessors-smart-1.2.jar:/home/user/.m2/repository/org/apache/curator/curator-framework/2.12.0/curator-framework-2.12.0.jar:/home/user/.m2/repository/com/jcraft/jsch/0.1.54/jsch-0.1.54.jar:/home/user/.m2/repository/org/apache/curator/curator-client/2.12.0/curator-client-2.12.0.jar:/home/user/.m2/repository/org/apache/curator/curator-recipes/2.12.0/curator-recipes-2.12.0.jar:/home/user/.m2/repository/com/google/code/findbugs/jsr305/3.0.0/jsr305-3.0.0.jar:/home/user/.m2/repository/org/apache/htrace/htrace-core4/4.1.0-incubating/htrace-core4-4.1.0-incubating.jar:/home/user/.m2/repository/org/apache/zookeeper/zookeeper/3.4.13/zookeeper-3.4.13.jar:/home/user/.m2/repository/jline/jline/0.9.94/jline-0.9.94.jar:/home/user/.m2/repository/org/apache/yetus/audience-annotations/0.5.0/audience-annotations-0.5.0.jar:/home/user/.m2/repository/org/apache/kerby/kerb-simplekdc/1.0.1/kerb-simplekdc-1.0.1.jar:/home/user/.m2/repository/org/apache/kerby/kerb-client/1.0.1/kerb-client-1.0.1.jar:/home/user/.m2/repository/org/apache/kerby/kerby-config/1.0.1/kerby-config-1.0.1.jar:/home/user/.m2/repository/org/apache/kerby/kerb-core/1.0.1/kerb-core-1.0.1.jar:/home/user/.m2/repository/org/apache/kerby/kerby-pkix/1.0.1/kerby-pkix-1.0.1.jar:/home/user/.m2/repository/org/apache/kerby/kerby-asn1/1.0.1/kerby-asn1-1.0.1.jar:/home/user/.m2/repository/org/apache/kerby/kerby-util/1.0.1/kerby-util-1.0.1.jar:/home/user/.m2/repository/org/apache/kerby/kerb-common/1.0.1/kerb-common-1.0.1.jar:/home/user/.m2/repository/org/apache/kerby/kerb-crypto/1.0.1/kerb-crypto-1.0.1.jar:/home/user/.m2/repository/org/apache/kerby/kerb-util/1.0.1/kerb-util-1.0.1.jar:/home/user/.m2/repository/org/apache/kerby/token-provider/1.0.1/token-provider-1.0.1.jar:/home/user/.m2/repository/org/apache/kerby/kerb-admin/1.0.1/kerb-admin-1.0.1.jar:/home/user/.m2/repository/org/apache/kerby/kerb-server/1.0.1/kerb-server-1.0.1.jar:/home/user/.m2/repository/org/apache/kerby/kerb-identity/1.0.1/kerb-identity-1.0.1.jar:/home/user/.m2/repository/org/apache/kerby/kerby-xdr/1.0.1/kerby-xdr-1.0.1.jar:/home/user/.m2/repository/com/fasterxml/jackson/core/jackson-databind/2.9.9/jackson-databind-2.9.9.jar:/home/user/.m2/repository/com/fasterxml/jackson/core/jackson-core/2.9.9/jackson-core-2.9.9.jar:/home/user/.m2/repository/org/codehaus/woodstox/stax2-api/3.1.4/stax2-api-3.1.4.jar:/home/user/.m2/repository/com/fasterxml/woodstox/woodstox-core/5.0.3/woodstox-core-5.0.3.jar:/home/user/.m2/repository/dnsjava/dnsjava/2.1.7/dnsjava-2.1.7.jar:/home/user/.m2/repository/org/apache/hadoop/hadoop-hdfs/3.2.0/hadoop-hdfs-3.2.0.jar:/home/user/.m2/repository/org/eclipse/jetty/jetty-util-ajax/9.3.25.v20180904/jetty-util-ajax-9.3.25.v20180904.jar:/home/user/.m2/repository/commons-daemon/commons-daemon/1.0.13/commons-daemon-1.0.13.jar:/home/user/.m2/repository/io/netty/netty/3.10.5.Final/netty-3.10.5.Final.jar:/home/user/.m2/repository/io/netty/netty-all/4.0.52.Final/netty-all-4.0.52.Final.jar:/home/user/.m2/repository/org/fusesource/leveldbjni/leveldbjni-all/1.8/leveldbjni-all-1.8.jar:/home/user/.m2/repository/com/sun/xml/bind/jaxb-core/2.3.0.1/jaxb-core-2.3.0.1.jar:/home/user/.m2/repository/javax/xml/bind/jaxb-api/2.3.0/jaxb-api-2.3.0.jar:/home/user/.m2/repository/javax/activation/activation/1.1.1/activation-1.1.1.jar:/home/user/.m2/repository/io/dropwizard/metrics/metrics-core/3.2.4/metrics-core-3.2.4.jar:/home/user/.m2/repository/org/openjdk/jmh/jmh-core/1.19/jmh-core-1.19.jar:/home/user/.m2/repository/net/sf/jopt-simple/jopt-simple/4.6/jopt-simple-4.6.jar:/home/user/.m2/repository/org/openjdk/jmh/jmh-generator-annprocess/1.19/jmh-generator-annprocess-1.19.jar:/home/user/.m2/repository/com/amazonaws/aws-java-sdk-s3/1.11.615/aws-java-sdk-s3-1.11.615.jar:/home/user/.m2/repository/com/amazonaws/aws-java-sdk-kms/1.11.615/aws-java-sdk-kms-1.11.615.jar:/home/user/.m2/repository/com/amazonaws/aws-java-sdk-core/1.11.615/aws-java-sdk-core-1.11.615.jar:/home/user/.m2/repository/software/amazon/ion/ion-java/1.0.2/ion-java-1.0.2.jar:/home/user/.m2/repository/com/fasterxml/jackson/dataformat/jackson-dataformat-cbor/2.9.9/jackson-dataformat-cbor-2.9.9.jar:/home/user/.m2/repository/joda-time/joda-time/2.9.9/joda-time-2.9.9.jar:/home/user/.m2/repository/com/amazonaws/jmespath-java/1.11.615/jmespath-java-1.11.615.jar:/home/user/.m2/repository/com/google/code/findbugs/findbugs/3.0.1/findbugs-3.0.1.jar:/home/user/.m2/repository/net/jcip/jcip-annotations/1.0/jcip-annotations-1.0.jar:/home/user/.m2/repository/com/google/code/findbugs/bcel-findbugs/6.0/bcel-findbugs-6.0.jar:/home/user/.m2/repository/com/google/code/findbugs/jFormatString/2.0.1/jFormatString-2.0.1.jar:/home/user/.m2/repository/dom4j/dom4j/1.6.1/dom4j-1.6.1.jar:/home/user/.m2/repository/xml-apis/xml-apis/1.0.b2/xml-apis-1.0.b2.jar:/home/user/.m2/repository/org/ow2/asm/asm-debug-all/5.0.2/asm-debug-all-5.0.2.jar:/home/user/.m2/repository/org/ow2/asm/asm-commons/5.0.2/asm-commons-5.0.2.jar:/home/user/.m2/repository/org/ow2/asm/asm-tree/5.0.2/asm-tree-5.0.2.jar:/home/user/.m2/repository/org/ow2/asm/asm/5.0.4/asm-5.0.4.jar:/home/user/.m2/repository/commons-lang/commons-lang/2.6/commons-lang-2.6.jar:/home/user/.m2/repository/com/apple/AppleJavaExtensions/1.4/AppleJavaExtensions-1.4.jar:/home/user/.m2/repository/jaxen/jaxen/1.1.6/jaxen-1.1.6.jar:/home/user/.m2/repository/junit/junit/4.11/junit-4.11.jar:/home/user/.m2/repository/org/hamcrest/hamcrest-core/1.3/hamcrest-core-1.3.jar:/home/user/.m2/repository/org/apache/hadoop/hadoop-common/3.2.0/hadoop-common-3.2.0-tests.jar:/workdir/hadoop-ozone/integration-test/target/test-classes:/home/user/.m2/repository/org/apache/hadoop/hadoop-ozone-s3gateway/0.5.0-SNAPSHOT/hadoop-ozone-s3gateway-0.5.0-SNAPSHOT.jar:/home/user/.m2/repository/org/jboss/weld/servlet/weld-servlet/2.4.7.Final/weld-servlet-2.4.7.Final.jar:/home/user/.m2/repository/org/glassfish/jersey/containers/jersey-container-servlet-core/2.27/jersey-container-servlet-core-2.27.jar:/home/user/.m2/repository/org/glassfish/hk2/external/javax.inject/2.5.0-b42/javax.inject-2.5.0-b42.jar:/home/user/.m2/repository/org/glassfish/jersey/core/jersey-common/2.27/jersey-common-2.27.jar:/home/user/.m2/repository/org/glassfish/hk2/osgi-resource-locator/1.0.1/osgi-resource-locator-1.0.1.jar:/home/user/.m2/repository/javax/ws/rs/javax.ws.rs-api/2.1/javax.ws.rs-api-2.1.jar:/home/user/.m2/repository/org/glassfish/jersey/ext/cdi/jersey-cdi1x/2.27/jersey-cdi1x-2.27.jar:/home/user/.m2/repository/org/glassfish/jersey/inject/jersey-hk2/2.27/jersey-hk2-2.27.jar:/home/user/.m2/repository/org/glassfish/hk2/hk2-locator/2.5.0-b42/hk2-locator-2.5.0-b42.jar:/home/user/.m2/repository/org/javassist/javassist/3.22.0-CR2/javassist-3.22.0-CR2.jar:/home/user/.m2/repository/org/glassfish/hk2/hk2-api/2.5.0/hk2-api-2.5.0.jar:/home/user/.m2/repository/org/glassfish/hk2/external/jakarta.inject/2.5.0/jakarta.inject-2.5.0.jar:/home/user/.m2/repository/org/glassfish/hk2/hk2-utils/2.5.0/hk2-utils-2.5.0.jar:/home/user/.m2/repository/jakarta/annotation/jakarta.annotation-api/1.3.4/jakarta.annotation-api-1.3.4.jar:/home/user/.m2/repository/org/glassfish/hk2/external/aopalliance-repackaged/2.5.0/aopalliance-repackaged-2.5.0.jar:/home/user/.m2/repository/com/fasterxml/jackson/dataformat/jackson-dataformat-xml/2.9.0/jackson-dataformat-xml-2.9.0.jar:/home/user/.m2/repository/com/fasterxml/jackson/module/jackson-module-jaxb-annotations/2.9.9/jackson-module-jaxb-annotations-2.9.9.jar:/home/user/.m2/repository/javax/enterprise/cdi-api/1.2/cdi-api-1.2.jar:/home/user/.m2/repository/javax/el/javax.el-api/3.0.0/javax.el-api-3.0.0.jar:/home/user/.m2/repository/javax/interceptor/javax.interceptor-api/1.2/javax.interceptor-api-1.2.jar:/home/user/.m2/repository/javax/inject/javax.inject/1/javax.inject-1.jar:/home/user/.m2/repository/org/apache/hadoop/hadoop-ozone-csi/0.5.0-SNAPSHOT/hadoop-ozone-csi-0.5.0-SNAPSHOT.jar:/home/user/.m2/repository/com/google/protobuf/protobuf-java-util/3.5.1/protobuf-java-util-3.5.1.jar:/home/user/.m2/repository/io/grpc/grpc-netty/1.17.1/grpc-netty-1.17.1.jar:/home/user/.m2/repository/io/grpc/grpc-core/1.17.1/grpc-core-1.17.1.jar:/home/user/.m2/repository/io/grpc/grpc-context/1.17.1/grpc-context-1.17.1.jar:/home/user/.m2/repository/com/google/errorprone/error_prone_annotations/2.2.0/error_prone_annotations-2.2.0.jar:/home/user/.m2/repository/org/codehaus/mojo/animal-sniffer-annotations/1.17/animal-sniffer-annotations-1.17.jar:/home/user/.m2/repository/io/opencensus/opencensus-api/0.17.0/opencensus-api-0.17.0.jar:/home/user/.m2/repository/io/opencensus/opencensus-contrib-grpc-metrics/0.17.0/opencensus-contrib-grpc-metrics-0.17.0.jar:/home/user/.m2/repository/io/netty/netty-codec-http2/4.1.30.Final/netty-codec-http2-4.1.30.Final.jar:/home/user/.m2/repository/io/netty/netty-codec-http/4.1.30.Final/netty-codec-http-4.1.30.Final.jar:/home/user/.m2/repository/io/netty/netty-codec/4.1.30.Final/netty-codec-4.1.30.Final.jar:/home/user/.m2/repository/io/netty/netty-handler/4.1.30.Final/netty-handler-4.1.30.Final.jar:/home/user/.m2/repository/io/netty/netty-handler-proxy/4.1.30.Final/netty-handler-proxy-4.1.30.Final.jar:/home/user/.m2/repository/io/netty/netty-codec-socks/4.1.30.Final/netty-codec-socks-4.1.30.Final.jar:/home/user/.m2/repository/io/netty/netty-transport-native-epoll/4.1.30.Final/netty-transport-native-epoll-4.1.30.Final.jar:/home/user/.m2/repository/io/netty/netty-common/4.1.30.Final/netty-common-4.1.30.Final.jar:/home/user/.m2/repository/io/netty/netty-buffer/4.1.30.Final/netty-buffer-4.1.30.Final.jar:/home/user/.m2/repository/io/netty/netty-transport/4.1.30.Final/netty-transport-4.1.30.Final.jar:/home/user/.m2/repository/io/netty/netty-resolver/4.1.30.Final/netty-resolver-4.1.30.Final.jar:/home/user/.m2/repository/io/netty/netty-transport-native-unix-common/4.1.30.Final/netty-transport-native-unix-common-4.1.30.Final.jar:/home/user/.m2/repository/io/grpc/grpc-protobuf/1.17.1/grpc-protobuf-1.17.1.jar:/home/user/.m2/repository/com/google/api/grpc/proto-google-common-protos/1.0.0/proto-google-common-protos-1.0.0.jar:/home/user/.m2/repository/io/grpc/grpc-protobuf-lite/1.17.1/grpc-protobuf-lite-1.17.1.jar:/home/user/.m2/repository/io/grpc/grpc-stub/1.17.1/grpc-stub-1.17.1.jar:/home/user/.m2/repository/org/apache/hadoop/hadoop-ozone-recon/0.5.0-SNAPSHOT/hadoop-ozone-recon-0.5.0-SNAPSHOT.jar:/home/user/.m2/repository/org/apache/hadoop/hadoop-ozone-reconcodegen/0.5.0-SNAPSHOT/hadoop-ozone-reconcodegen-0.5.0-SNAPSHOT.jar:/home/user/.m2/repository/com/google/inject/extensions/guice-multibindings/4.0/guice-multibindings-4.0.jar:/home/user/.m2/repository/com/google/inject/guice/4.0/guice-4.0.jar:/home/user/.m2/repository/aopalliance/aopalliance/1.0/aopalliance-1.0.jar:/home/user/.m2/repository/com/google/inject/extensions/guice-servlet/4.0/guice-servlet-4.0.jar:/home/user/.m2/repository/org/glassfish/jersey/containers/jersey-container-servlet/2.27/jersey-container-servlet-2.27.jar:/home/user/.m2/repository/org/glassfish/hk2/guice-bridge/2.5.0/guice-bridge-2.5.0.jar:/home/user/.m2/repository/org/glassfish/jersey/core/jersey-server/2.27/jersey-server-2.27.jar:/home/user/.m2/repository/org/glassfish/jersey/core/jersey-client/2.27/jersey-client-2.27.jar:/home/user/.m2/repository/org/glassfish/jersey/media/jersey-media-jaxb/2.27/jersey-media-jaxb-2.27.jar:/home/user/.m2/repository/javax/validation/validation-api/1.1.0.Final/validation-api-1.1.0.Final.jar:/home/user/.m2/repository/org/glassfish/jersey/media/jersey-media-json-jackson/2.27/jersey-media-json-jackson-2.27.jar:/home/user/.m2/repository/org/glassfish/jersey/ext/jersey-entity-filtering/2.27/jersey-entity-filtering-2.27.jar:/home/user/.m2/repository/com/google/inject/extensions/guice-assistedinject/4.0/guice-assistedinject-4.0.jar:/home/user/.m2/repository/org/jooq/jooq/3.11.10/jooq-3.11.10.jar:/home/user/.m2/repository/org/jooq/jooq-meta/3.11.10/jooq-meta-3.11.10.jar:/home/user/.m2/repository/org/jooq/jooq-codegen/3.11.10/jooq-codegen-3.11.10.jar:/home/user/.m2/repository/com/jolbox/bonecp/0.8.0.RELEASE/bonecp-0.8.0.RELEASE.jar:/home/user/.m2/repository/org/springframework/spring-jdbc/5.1.3.RELEASE/spring-jdbc-5.1.3.RELEASE.jar:/home/user/.m2/repository/org/springframework/spring-beans/5.1.3.RELEASE/spring-beans-5.1.3.RELEASE.jar:/home/user/.m2/repository/org/springframework/spring-core/5.1.3.RELEASE/spring-core-5.1.3.RELEASE.jar:/home/user/.m2/repository/org/springframework/spring-jcl/5.1.3.RELEASE/spring-jcl-5.1.3.RELEASE.jar:/home/user/.m2/repository/org/springframework/spring-tx/5.1.3.RELEASE/spring-tx-5.1.3.RELEASE.jar:/home/user/.m2/repository/org/mockito/mockito-core/2.15.0/mockito-core-2.15.0.jar:/home/user/.m2/repository/net/bytebuddy/byte-buddy/1.7.9/byte-buddy-1.7.9.jar:/home/user/.m2/repository/net/bytebuddy/byte-buddy-agent/1.7.9/byte-buddy-agent-1.7.9.jar:/home/user/.m2/repository/org/objenesis/objenesis/1.0/objenesis-1.0.jar:"/>
    <property name="sun.cpu.endian" value="little"/>
    <property name="user.home" value="/home/user"/>
    <property name="user.language" value="en"/>
    <property name="java.specification.vendor" value="Oracle Corporation"/>
    <property name="java.home" value="/usr/lib/jvm/java-1.8-openjdk/jre"/>
    <property name="java.security.krb5.conf" value="/workdir/hadoop-ozone/tools/target/test-classes/krb5.conf"/>
    <property name="basedir" value="/workdir/hadoop-ozone/tools"/>
    <property name="file.separator" value="/"/>
    <property name="line.separator" value="&#10;"/>
    <property name="java.vm.specification.vendor" value="Oracle Corporation"/>
    <property name="java.specification.name" value="Java Platform API Specification"/>
    <property name="java.awt.graphicsenv" value="sun.awt.X11GraphicsEnvironment"/>
    <property name="surefire.real.class.path" value="/workdir/hadoop-ozone/tools/target/surefire/surefirebooter5143056730090710426.jar"/>
    <property name="hadoop.log.dir" value="/workdir/hadoop-ozone/tools/target/log"/>
    <property name="sun.boot.class.path" value="/usr/lib/jvm/java-1.8-openjdk/jre/lib/resources.jar:/usr/lib/jvm/java-1.8-openjdk/jre/lib/rt.jar:/usr/lib/jvm/java-1.8-openjdk/jre/lib/sunrsasign.jar:/usr/lib/jvm/java-1.8-openjdk/jre/lib/jsse.jar:/usr/lib/jvm/java-1.8-openjdk/jre/lib/jce.jar:/usr/lib/jvm/java-1.8-openjdk/jre/lib/charsets.jar:/usr/lib/jvm/java-1.8-openjdk/jre/lib/jfr.jar:/usr/lib/jvm/java-1.8-openjdk/jre/classes"/>
    <property name="sun.management.compiler" value="HotSpot 64-Bit Tiered Compilers"/>
    <property name="java.runtime.version" value="1.8.0_212-b04"/>
    <property name="java.net.preferIPv4Stack" value="true"/>
    <property name="user.name" value="jenkins1000"/>
    <property name="path.separator" value=":"/>
    <property name="java.security.egd" value="file:///dev/urandom"/>
    <property name="os.version" value="3.10.0-957.12.2.el7.x86_64"/>
    <property name="java.endorsed.dirs" value="/usr/lib/jvm/java-1.8-openjdk/jre/lib/endorsed"/>
    <property name="java.runtime.name" value="OpenJDK Runtime Environment"/>
    <property name="file.encoding" value="UTF-8"/>
    <property name="java.vm.name" value="OpenJDK 64-Bit Server VM"/>
    <property name="test.build.webapps" value=""/>
    <property name="localRepository" value="/home/user/.m2/repository"/>
    <property name="java.vendor.url.bug" value="https://icedtea.classpath.org/bugzilla"/>
    <property name="java.io.tmpdir" value="/tmp"/>
    <property name="require.test.libhadoop" value=""/>
    <property name="java.version" value="1.8.0_212"/>
    <property name="user.dir" value="/workdir/hadoop-ozone/tools"/>
    <property name="os.arch" value="amd64"/>
    <property name="java.vm.specification.name" value="Java Virtual Machine Specification"/>
    <property name="test.build.classes" value="/workdir/hadoop-ozone/tools/target/test-classes"/>
    <property name="java.awt.printerjob" value="sun.print.PSPrinterJob"/>
    <property name="sun.os.patch.level" value="unknown"/>
    <property name="hadoop.tmp.dir" value="/workdir/hadoop-ozone/tools/target/tmp"/>
    <property name="java.library.path" value="/usr/lib/jvm/java-1.8-openjdk/jre/lib/amd64/server:/usr/lib/jvm/java-1.8-openjdk/jre/lib/amd64:/usr/lib/jvm/java-1.8-openjdk/jre/../lib/amd64:/workdir/hadoop-ozone/tools/target/native/target/usr/local/lib:/workdir/hadoop-ozone/tools/../../hadoop-common-project/hadoop-common/target/native/target/usr/local/lib:/usr/java/packages/lib/amd64:/usr/lib64:/lib64:/lib:/usr/lib"/>
    <property name="java.vm.info" value="mixed mode"/>
    <property name="java.vendor" value="IcedTea"/>
    <property name="java.vm.version" value="25.212-b04"/>
    <property name="java.ext.dirs" value="/usr/lib/jvm/java-1.8-openjdk/jre/lib/ext:/usr/java/packages/lib/ext"/>
    <property name="sun.io.unicode.encoding" value="UnicodeLittle"/>
    <property name="java.class.version" value="52.0"/>
  </properties>
  <testcase name="ratisTest3" classname="org.apache.hadoop.ozone.freon.TestRandomKeyGenerator" time="65.636"/>
  <testcase name="testThreadPoolSize" classname="org.apache.hadoop.ozone.freon.TestRandomKeyGenerator" time="5.032"/>
  <testcase name="defaultTest" classname="org.apache.hadoop.ozone.freon.TestRandomKeyGenerator" time="53.226">
    <error message="Allocated 0 blocks. Requested 1 blocks" type="INTERNAL_ERROR org.apache.hadoop.ozone.om.exceptions.OMException">INTERNAL_ERROR org.apache.hadoop.ozone.om.exceptions.OMException: Allocated 0 blocks. Requested 1 blocks
	at org.apache.hadoop.ozone.om.protocolPB.OzoneManagerProtocolClientSideTranslatorPB.handleError(OzoneManagerProtocolClientSideTranslatorPB.java:732)
	at org.apache.hadoop.ozone.om.protocolPB.OzoneManagerProtocolClientSideTranslatorPB.allocateBlock(OzoneManagerProtocolClientSideTranslatorPB.java:764)
	at sun.reflect.NativeMethodAccessorImpl.invoke0(Native Method)
	at sun.reflect.NativeMethodAccessorImpl.invoke(NativeMethodAccessorImpl.java:62)
	at sun.reflect.DelegatingMethodAccessorImpl.invoke(DelegatingMethodAccessorImpl.java:43)
	at java.lang.reflect.Method.invoke(Method.java:498)
	at org.apache.hadoop.hdds.tracing.TraceAllMethod.invoke(TraceAllMethod.java:66)
	at com.sun.proxy.$Proxy37.allocateBlock(Unknown Source)
	at org.apache.hadoop.ozone.client.io.BlockOutputStreamEntryPool.allocateNewBlock(BlockOutputStreamEntryPool.java:248)
	at org.apache.hadoop.ozone.client.io.BlockOutputStreamEntryPool.allocateBlockIfNeeded(BlockOutputStreamEntryPool.java:296)
	at org.apache.hadoop.ozone.client.io.KeyOutputStream.handleWrite(KeyOutputStream.java:198)
	at org.apache.hadoop.ozone.client.io.KeyOutputStream.handleRetry(KeyOutputStream.java:375)
	at org.apache.hadoop.ozone.client.io.KeyOutputStream.handleException(KeyOutputStream.java:324)
	at org.apache.hadoop.ozone.client.io.KeyOutputStream.handleFlushOrClose(KeyOutputStream.java:449)
	at org.apache.hadoop.ozone.client.io.KeyOutputStream.close(KeyOutputStream.java:473)
	at org.apache.hadoop.ozone.client.io.OzoneOutputStream.close(OzoneOutputStream.java:60)
	at org.apache.hadoop.ozone.freon.RandomKeyGenerator.createKey(RandomKeyGenerator.java:710)
	at org.apache.hadoop.ozone.freon.RandomKeyGenerator.access$1100(RandomKeyGenerator.java:88)
	at org.apache.hadoop.ozone.freon.RandomKeyGenerator$ObjectCreator.run(RandomKeyGenerator.java:615)
	at java.util.concurrent.Executors$RunnableAdapter.call(Executors.java:511)
	at java.util.concurrent.FutureTask.run(FutureTask.java:266)
	at java.util.concurrent.ThreadPoolExecutor.runWorker(ThreadPoolExecutor.java:1149)
	at java.util.concurrent.ThreadPoolExecutor$Worker.run(ThreadPoolExecutor.java:624)
	at java.lang.Thread.run(Thread.java:748)
</error>
    <system-out><![CDATA[2019-09-25 19:40:54,447 [main] INFO  freon.RandomKeyGenerator (RandomKeyGenerator.java:call(283)) - Number of Threads: 10
2019-09-25 19:40:54,449 [main] INFO  freon.RandomKeyGenerator (RandomKeyGenerator.java:call(288)) - Number of Volumes: 2.
2019-09-25 19:40:54,449 [main] INFO  freon.RandomKeyGenerator (RandomKeyGenerator.java:call(289)) - Number of Buckets per Volume: 5.
2019-09-25 19:40:54,449 [main] INFO  freon.RandomKeyGenerator (RandomKeyGenerator.java:call(290)) - Number of Keys per Bucket: 10.
2019-09-25 19:40:54,450 [main] INFO  freon.RandomKeyGenerator (RandomKeyGenerator.java:call(291)) - Key size: 10240 bytes
2019-09-25 19:40:54,450 [main] INFO  freon.RandomKeyGenerator (RandomKeyGenerator.java:call(292)) - Buffer size: 4096 bytes
2019-09-25 19:40:54,450 [main] INFO  freon.RandomKeyGenerator (RandomKeyGenerator.java:call(293)) - validateWrites : false
2019-09-25 19:40:54,451 [main] INFO  freon.RandomKeyGenerator (RandomKeyGenerator.java:call(313)) - Starting progress bar Thread.

 0.00% |█                                                                                                    |  0/100 Time: 0:00:002019-09-25 19:40:54,452 [pool-176-thread-1] INFO  rpc.RpcClient (RpcClient.java:createVolume(276)) - Creating Volume: vol-0-81493, with jenkins1000 as owner.
2019-09-25 19:40:54,452 [pool-176-thread-2] INFO  rpc.RpcClient (RpcClient.java:createVolume(276)) - Creating Volume: vol-1-90173, with jenkins1000 as owner.
2019-09-25 19:40:54,458 [IPC Server handler 18 on 45123] INFO  volume.OMVolumeCreateRequest (OMVolumeCreateRequest.java:validateAndUpdateCache(194)) - created volume:vol-1-90173 for user:jenkins1000
2019-09-25 19:40:54,458 [IPC Server handler 3 on 45123] INFO  volume.OMVolumeCreateRequest (OMVolumeCreateRequest.java:validateAndUpdateCache(194)) - created volume:vol-0-81493 for user:jenkins1000
2019-09-25 19:40:54,461 [pool-176-thread-1] INFO  rpc.RpcClient (RpcClient.java:createBucket(415)) - Creating Bucket: vol-0-81493/bucket-4-97461, with Versioning false and Storage Type set to DISK and Encryption set to false 
2019-09-25 19:40:54,461 [pool-176-thread-5] INFO  rpc.RpcClient (RpcClient.java:createBucket(415)) - Creating Bucket: vol-0-81493/bucket-1-57646, with Versioning false and Storage Type set to DISK and Encryption set to false 
2019-09-25 19:40:54,461 [pool-176-thread-2] INFO  rpc.RpcClient (RpcClient.java:createBucket(415)) - Creating Bucket: vol-1-90173/bucket-4-74107, with Versioning false and Storage Type set to DISK and Encryption set to false 
2019-09-25 19:40:54,462 [pool-176-thread-9] INFO  rpc.RpcClient (RpcClient.java:createBucket(415)) - Creating Bucket: vol-0-81493/bucket-3-18611, with Versioning false and Storage Type set to DISK and Encryption set to false 
2019-09-25 19:40:54,462 [pool-176-thread-10] INFO  rpc.RpcClient (RpcClient.java:createBucket(415)) - Creating Bucket: vol-1-90173/bucket-3-35871, with Versioning false and Storage Type set to DISK and Encryption set to false 
2019-09-25 19:40:54,462 [pool-176-thread-7] INFO  rpc.RpcClient (RpcClient.java:createBucket(415)) - Creating Bucket: vol-0-81493/bucket-2-08955, with Versioning false and Storage Type set to DISK and Encryption set to false 
2019-09-25 19:40:54,462 [pool-176-thread-8] INFO  rpc.RpcClient (RpcClient.java:createBucket(415)) - Creating Bucket: vol-1-90173/bucket-2-21306, with Versioning false and Storage Type set to DISK and Encryption set to false 
2019-09-25 19:40:54,471 [pool-176-thread-3] INFO  rpc.RpcClient (RpcClient.java:createBucket(415)) - Creating Bucket: vol-0-81493/bucket-0-80684, with Versioning false and Storage Type set to DISK and Encryption set to false 
2019-09-25 19:40:54,471 [pool-176-thread-4] INFO  rpc.RpcClient (RpcClient.java:createBucket(415)) - Creating Bucket: vol-1-90173/bucket-0-98578, with Versioning false and Storage Type set to DISK and Encryption set to false 
2019-09-25 19:40:54,471 [pool-176-thread-6] INFO  rpc.RpcClient (RpcClient.java:createBucket(415)) - Creating Bucket: vol-1-90173/bucket-1-73454, with Versioning false and Storage Type set to DISK and Encryption set to false 
 26.00% |███████████████████████████                                                                          |  26/100 Time: 0:00:01 26.00% |███████████████████████████                                                                          |  26/100 Time: 0:00:02 26.00% |███████████████████████████                                                                          |  26/100 Time: 0:00:032019-09-25 19:40:57,691 [java.util.concurrent.ThreadPoolExecutor$Worker@2ccf428d[State = -1, empty queue]] WARN  server.GrpcLogAppender (GrpcLogAppender.java:timeoutAppendRequest(200)) - 8e060d03-41f1-4f58-b316-a26b8d90e5ab@group-08878B4311E5->5e731f39-3a46-4f41-835b-a13153cc970b-GrpcLogAppender: appendEntries Timeout, request=8e060d03-41f1-4f58-b316-a26b8d90e5ab->5e731f39-3a46-4f41-835b-a13153cc970b#470-t3, previous=(t:3, i:452), leaderCommit=446, initializing? false, entries: size=1, first=(t:3, i:453), METADATAENTRY(c445)
2019-09-25 19:40:57,691 [java.util.concurrent.ThreadPoolExecutor$Worker@69110594[State = -1, empty queue]] WARN  server.GrpcLogAppender (GrpcLogAppender.java:timeoutAppendRequest(200)) - 8e060d03-41f1-4f58-b316-a26b8d90e5ab@group-08878B4311E5->a490dfbe-25f2-4254-a039-9640d44159eb-GrpcLogAppender: appendEntries Timeout, request=8e060d03-41f1-4f58-b316-a26b8d90e5ab->a490dfbe-25f2-4254-a039-9640d44159eb#470-t3, previous=(t:3, i:452), leaderCommit=446, initializing? false, entries: size=1, first=(t:3, i:453), METADATAENTRY(c445)
2019-09-25 19:40:57,692 [java.util.concurrent.ThreadPoolExecutor$Worker@2ccf428d[State = -1, empty queue]] WARN  server.GrpcLogAppender (GrpcLogAppender.java:timeoutAppendRequest(200)) - 8e060d03-41f1-4f58-b316-a26b8d90e5ab@group-08878B4311E5->5e731f39-3a46-4f41-835b-a13153cc970b-GrpcLogAppender: appendEntries Timeout, request=8e060d03-41f1-4f58-b316-a26b8d90e5ab->5e731f39-3a46-4f41-835b-a13153cc970b#471-t3, previous=(t:3, i:453), leaderCommit=447, initializing? false, entries: size=1, first=(t:3, i:454), METADATAENTRY(c446)
2019-09-25 19:40:57,692 [java.util.concurrent.ThreadPoolExecutor$Worker@69110594[State = -1, empty queue]] WARN  server.GrpcLogAppender (GrpcLogAppender.java:timeoutAppendRequest(200)) - 8e060d03-41f1-4f58-b316-a26b8d90e5ab@group-08878B4311E5->a490dfbe-25f2-4254-a039-9640d44159eb-GrpcLogAppender: appendEntries Timeout, request=8e060d03-41f1-4f58-b316-a26b8d90e5ab->a490dfbe-25f2-4254-a039-9640d44159eb#471-t3, previous=(t:3, i:453), leaderCommit=447, initializing? false, entries: size=1, first=(t:3, i:454), METADATAENTRY(c446)
2019-09-25 19:40:57,692 [java.util.concurrent.ThreadPoolExecutor$Worker@2ccf428d[State = -1, empty queue]] WARN  server.GrpcLogAppender (GrpcLogAppender.java:timeoutAppendRequest(200)) - 8e060d03-41f1-4f58-b316-a26b8d90e5ab@group-08878B4311E5->5e731f39-3a46-4f41-835b-a13153cc970b-GrpcLogAppender: appendEntries Timeout, request=8e060d03-41f1-4f58-b316-a26b8d90e5ab->5e731f39-3a46-4f41-835b-a13153cc970b#472-t3, previous=(t:3, i:454), leaderCommit=447, initializing? false, entries: size=1, first=(t:3, i:455), METADATAENTRY(c447)
2019-09-25 19:40:57,692 [java.util.concurrent.ThreadPoolExecutor$Worker@69110594[State = -1, empty queue]] WARN  server.GrpcLogAppender (GrpcLogAppender.java:timeoutAppendRequest(200)) - 8e060d03-41f1-4f58-b316-a26b8d90e5ab@group-08878B4311E5->a490dfbe-25f2-4254-a039-9640d44159eb-GrpcLogAppender: appendEntries Timeout, request=8e060d03-41f1-4f58-b316-a26b8d90e5ab->a490dfbe-25f2-4254-a039-9640d44159eb#472-t3, previous=(t:3, i:454), leaderCommit=447, initializing? false, entries: size=1, first=(t:3, i:455), METADATAENTRY(c447)
2019-09-25 19:40:57,692 [java.util.concurrent.ThreadPoolExecutor$Worker@2ccf428d[State = -1, empty queue]] WARN  server.GrpcLogAppender (GrpcLogAppender.java:timeoutAppendRequest(200)) - 8e060d03-41f1-4f58-b316-a26b8d90e5ab@group-08878B4311E5->5e731f39-3a46-4f41-835b-a13153cc970b-GrpcLogAppender: appendEntries Timeout, request=8e060d03-41f1-4f58-b316-a26b8d90e5ab->5e731f39-3a46-4f41-835b-a13153cc970b#473-t3, previous=(t:3, i:455), leaderCommit=449, initializing? false, entries: size=1, first=(t:3, i:456), METADATAENTRY(c449)
2019-09-25 19:40:57,693 [java.util.concurrent.ThreadPoolExecutor$Worker@69110594[State = -1, empty queue]] WARN  server.GrpcLogAppender (GrpcLogAppender.java:timeoutAppendRequest(200)) - 8e060d03-41f1-4f58-b316-a26b8d90e5ab@group-08878B4311E5->a490dfbe-25f2-4254-a039-9640d44159eb-GrpcLogAppender: appendEntries Timeout, request=8e060d03-41f1-4f58-b316-a26b8d90e5ab->a490dfbe-25f2-4254-a039-9640d44159eb#473-t3, previous=(t:3, i:455), leaderCommit=449, initializing? false, entries: size=1, first=(t:3, i:456), METADATAENTRY(c449)
2019-09-25 19:40:57,693 [java.util.concurrent.ThreadPoolExecutor$Worker@69110594[State = -1, empty queue]] WARN  server.GrpcLogAppender (GrpcLogAppender.java:timeoutAppendRequest(200)) - 8e060d03-41f1-4f58-b316-a26b8d90e5ab@group-08878B4311E5->a490dfbe-25f2-4254-a039-9640d44159eb-GrpcLogAppender: appendEntries Timeout, request=8e060d03-41f1-4f58-b316-a26b8d90e5ab->a490dfbe-25f2-4254-a039-9640d44159eb#474-t3, previous=(t:3, i:456), leaderCommit=449, initializing? false, entries: size=1, first=(t:3, i:457), STATEMACHINELOGENTRY, client-343361021552, cid=382
2019-09-25 19:40:57,693 [java.util.concurrent.ThreadPoolExecutor$Worker@2ccf428d[State = -1, empty queue]] WARN  server.GrpcLogAppender (GrpcLogAppender.java:timeoutAppendRequest(200)) - 8e060d03-41f1-4f58-b316-a26b8d90e5ab@group-08878B4311E5->5e731f39-3a46-4f41-835b-a13153cc970b-GrpcLogAppender: appendEntries Timeout, request=8e060d03-41f1-4f58-b316-a26b8d90e5ab->5e731f39-3a46-4f41-835b-a13153cc970b#474-t3, previous=(t:3, i:456), leaderCommit=449, initializing? false, entries: size=1, first=(t:3, i:457), STATEMACHINELOGENTRY, client-343361021552, cid=382
2019-09-25 19:40:57,693 [java.util.concurrent.ThreadPoolExecutor$Worker@69110594[State = -1, empty queue]] WARN  server.GrpcLogAppender (GrpcLogAppender.java:timeoutAppendRequest(200)) - 8e060d03-41f1-4f58-b316-a26b8d90e5ab@group-08878B4311E5->a490dfbe-25f2-4254-a039-9640d44159eb-GrpcLogAppender: appendEntries Timeout, request=8e060d03-41f1-4f58-b316-a26b8d90e5ab->a490dfbe-25f2-4254-a039-9640d44159eb#475-t3, previous=(t:3, i:457), leaderCommit=450, initializing? false, entries: size=1, first=(t:3, i:458), METADATAENTRY(c450)
2019-09-25 19:40:57,693 [java.util.concurrent.ThreadPoolExecutor$Worker@2ccf428d[State = -1, empty queue]] WARN  server.GrpcLogAppender (GrpcLogAppender.java:timeoutAppendRequest(200)) - 8e060d03-41f1-4f58-b316-a26b8d90e5ab@group-08878B4311E5->5e731f39-3a46-4f41-835b-a13153cc970b-GrpcLogAppender: appendEntries Timeout, request=8e060d03-41f1-4f58-b316-a26b8d90e5ab->5e731f39-3a46-4f41-835b-a13153cc970b#475-t3, previous=(t:3, i:457), leaderCommit=450, initializing? false, entries: size=1, first=(t:3, i:458), METADATAENTRY(c450)
2019-09-25 19:40:57,694 [java.util.concurrent.ThreadPoolExecutor$Worker@2ccf428d[State = -1, empty queue]] WARN  server.GrpcLogAppender (GrpcLogAppender.java:timeoutAppendRequest(200)) - 8e060d03-41f1-4f58-b316-a26b8d90e5ab@group-08878B4311E5->5e731f39-3a46-4f41-835b-a13153cc970b-GrpcLogAppender: appendEntries Timeout, request=8e060d03-41f1-4f58-b316-a26b8d90e5ab->5e731f39-3a46-4f41-835b-a13153cc970b#476-t3, previous=(t:3, i:458), leaderCommit=451, initializing? false, entries: size=1, first=(t:3, i:459), STATEMACHINELOGENTRY, client-343361021552, cid=383
2019-09-25 19:40:57,694 [java.util.concurrent.ThreadPoolExecutor$Worker@69110594[State = -1, empty queue]] WARN  server.GrpcLogAppender (GrpcLogAppender.java:timeoutAppendRequest(200)) - 8e060d03-41f1-4f58-b316-a26b8d90e5ab@group-08878B4311E5->a490dfbe-25f2-4254-a039-9640d44159eb-GrpcLogAppender: appendEntries Timeout, request=8e060d03-41f1-4f58-b316-a26b8d90e5ab->a490dfbe-25f2-4254-a039-9640d44159eb#476-t3, previous=(t:3, i:458), leaderCommit=451, initializing? false, entries: size=1, first=(t:3, i:459), STATEMACHINELOGENTRY, client-343361021552, cid=383
2019-09-25 19:40:57,694 [java.util.concurrent.ThreadPoolExecutor$Worker@2ccf428d[State = -1, empty queue]] WARN  server.GrpcLogAppender (GrpcLogAppender.java:timeoutAppendRequest(200)) - 8e060d03-41f1-4f58-b316-a26b8d90e5ab@group-08878B4311E5->5e731f39-3a46-4f41-835b-a13153cc970b-GrpcLogAppender: appendEntries Timeout, request=8e060d03-41f1-4f58-b316-a26b8d90e5ab->5e731f39-3a46-4f41-835b-a13153cc970b#477-t3, previous=(t:3, i:459), leaderCommit=451, initializing? false, entries: size=1, first=(t:3, i:460), STATEMACHINELOGENTRY, client-343361021552, cid=384
2019-09-25 19:40:57,694 [java.util.concurrent.ThreadPoolExecutor$Worker@69110594[State = -1, empty queue]] WARN  server.GrpcLogAppender (GrpcLogAppender.java:timeoutAppendRequest(200)) - 8e060d03-41f1-4f58-b316-a26b8d90e5ab@group-08878B4311E5->a490dfbe-25f2-4254-a039-9640d44159eb-GrpcLogAppender: appendEntries Timeout, request=8e060d03-41f1-4f58-b316-a26b8d90e5ab->a490dfbe-25f2-4254-a039-9640d44159eb#477-t3, previous=(t:3, i:459), leaderCommit=451, initializing? false, entries: size=1, first=(t:3, i:460), STATEMACHINELOGENTRY, client-343361021552, cid=384
2019-09-25 19:40:57,695 [java.util.concurrent.ThreadPoolExecutor$Worker@69110594[State = -1, empty queue]] WARN  server.GrpcLogAppender (GrpcLogAppender.java:timeoutAppendRequest(200)) - 8e060d03-41f1-4f58-b316-a26b8d90e5ab@group-08878B4311E5->a490dfbe-25f2-4254-a039-9640d44159eb-GrpcLogAppender: appendEntries Timeout, request=8e060d03-41f1-4f58-b316-a26b8d90e5ab->a490dfbe-25f2-4254-a039-9640d44159eb#478-t3, previous=(t:3, i:460), leaderCommit=451, initializing? false, entries: size=1, first=(t:3, i:461), STATEMACHINELOGENTRY, client-343361021552, cid=385
2019-09-25 19:40:57,695 [java.util.concurrent.ThreadPoolExecutor$Worker@2ccf428d[State = -1, empty queue]] WARN  server.GrpcLogAppender (GrpcLogAppender.java:timeoutAppendRequest(200)) - 8e060d03-41f1-4f58-b316-a26b8d90e5ab@group-08878B4311E5->5e731f39-3a46-4f41-835b-a13153cc970b-GrpcLogAppender: appendEntries Timeout, request=8e060d03-41f1-4f58-b316-a26b8d90e5ab->5e731f39-3a46-4f41-835b-a13153cc970b#478-t3, previous=(t:3, i:460), leaderCommit=451, initializing? false, entries: size=1, first=(t:3, i:461), STATEMACHINELOGENTRY, client-343361021552, cid=385
2019-09-25 19:40:57,696 [java.util.concurrent.ThreadPoolExecutor$Worker@2ccf428d[State = -1, empty queue]] WARN  server.GrpcLogAppender (GrpcLogAppender.java:timeoutAppendRequest(200)) - 8e060d03-41f1-4f58-b316-a26b8d90e5ab@group-08878B4311E5->5e731f39-3a46-4f41-835b-a13153cc970b-GrpcLogAppender: appendEntries Timeout, request=8e060d03-41f1-4f58-b316-a26b8d90e5ab->5e731f39-3a46-4f41-835b-a13153cc970b#479-t3, previous=(t:3, i:461), leaderCommit=451, initializing? false, entries: size=1, first=(t:3, i:462), STATEMACHINELOGENTRY, client-343361021552, cid=386
2019-09-25 19:40:57,696 [java.util.concurrent.ThreadPoolExecutor$Worker@69110594[State = -1, empty queue]] WARN  server.GrpcLogAppender (GrpcLogAppender.java:timeoutAppendRequest(200)) - 8e060d03-41f1-4f58-b316-a26b8d90e5ab@group-08878B4311E5->a490dfbe-25f2-4254-a039-9640d44159eb-GrpcLogAppender: appendEntries Timeout, request=8e060d03-41f1-4f58-b316-a26b8d90e5ab->a490dfbe-25f2-4254-a039-9640d44159eb#479-t3, previous=(t:3, i:461), leaderCommit=451, initializing? false, entries: size=1, first=(t:3, i:462), STATEMACHINELOGENTRY, client-343361021552, cid=386
2019-09-25 19:40:57,696 [java.util.concurrent.ThreadPoolExecutor$Worker@2ccf428d[State = -1, empty queue]] WARN  server.GrpcLogAppender (GrpcLogAppender.java:timeoutAppendRequest(200)) - 8e060d03-41f1-4f58-b316-a26b8d90e5ab@group-08878B4311E5->5e731f39-3a46-4f41-835b-a13153cc970b-GrpcLogAppender: appendEntries Timeout, request=8e060d03-41f1-4f58-b316-a26b8d90e5ab->5e731f39-3a46-4f41-835b-a13153cc970b#480-t3, previous=(t:3, i:462), leaderCommit=451, initializing? false, entries: size=1, first=(t:3, i:463), STATEMACHINELOGENTRY, client-343361021552, cid=387
2019-09-25 19:40:57,706 [java.util.concurrent.ThreadPoolExecutor$Worker@69110594[State = -1, empty queue]] WARN  server.GrpcLogAppender (GrpcLogAppender.java:timeoutAppendRequest(200)) - 8e060d03-41f1-4f58-b316-a26b8d90e5ab@group-08878B4311E5->a490dfbe-25f2-4254-a039-9640d44159eb-GrpcLogAppender: appendEntries Timeout, request=8e060d03-41f1-4f58-b316-a26b8d90e5ab->a490dfbe-25f2-4254-a039-9640d44159eb#480-t3, previous=(t:3, i:462), leaderCommit=451, initializing? false, entries: size=1, first=(t:3, i:463), STATEMACHINELOGENTRY, client-343361021552, cid=387
2019-09-25 19:40:57,707 [java.util.concurrent.ThreadPoolExecutor$Worker@2ccf428d[State = -1, empty queue]] WARN  server.GrpcLogAppender (GrpcLogAppender.java:timeoutAppendRequest(200)) - 8e060d03-41f1-4f58-b316-a26b8d90e5ab@group-08878B4311E5->5e731f39-3a46-4f41-835b-a13153cc970b-GrpcLogAppender: appendEntries Timeout, request=8e060d03-41f1-4f58-b316-a26b8d90e5ab->5e731f39-3a46-4f41-835b-a13153cc970b#481-t3, previous=(t:3, i:463), leaderCommit=451, initializing? false, entries: size=1, first=(t:3, i:464), STATEMACHINELOGENTRY, client-343361021552, cid=388
2019-09-25 19:40:57,707 [java.util.concurrent.ThreadPoolExecutor$Worker@69110594[State = -1, empty queue]] WARN  server.GrpcLogAppender (GrpcLogAppender.java:timeoutAppendRequest(200)) - 8e060d03-41f1-4f58-b316-a26b8d90e5ab@group-08878B4311E5->a490dfbe-25f2-4254-a039-9640d44159eb-GrpcLogAppender: appendEntries Timeout, request=8e060d03-41f1-4f58-b316-a26b8d90e5ab->a490dfbe-25f2-4254-a039-9640d44159eb#481-t3, previous=(t:3, i:463), leaderCommit=451, initializing? false, entries: size=1, first=(t:3, i:464), STATEMACHINELOGENTRY, client-343361021552, cid=388
2019-09-25 19:40:57,707 [java.util.concurrent.ThreadPoolExecutor$Worker@2ccf428d[State = -1, empty queue]] WARN  server.GrpcLogAppender (GrpcLogAppender.java:timeoutAppendRequest(200)) - 8e060d03-41f1-4f58-b316-a26b8d90e5ab@group-08878B4311E5->5e731f39-3a46-4f41-835b-a13153cc970b-GrpcLogAppender: appendEntries Timeout, request=8e060d03-41f1-4f58-b316-a26b8d90e5ab->5e731f39-3a46-4f41-835b-a13153cc970b#482-t3, previous=(t:3, i:464), leaderCommit=451, initializing? false, entries: size=1, first=(t:3, i:465), STATEMACHINELOGENTRY, client-343361021552, cid=389
2019-09-25 19:40:57,707 [java.util.concurrent.ThreadPoolExecutor$Worker@69110594[State = -1, empty queue]] WARN  server.GrpcLogAppender (GrpcLogAppender.java:timeoutAppendRequest(200)) - 8e060d03-41f1-4f58-b316-a26b8d90e5ab@group-08878B4311E5->a490dfbe-25f2-4254-a039-9640d44159eb-GrpcLogAppender: appendEntries Timeout, request=8e060d03-41f1-4f58-b316-a26b8d90e5ab->a490dfbe-25f2-4254-a039-9640d44159eb#482-t3, previous=(t:3, i:464), leaderCommit=451, initializing? false, entries: size=1, first=(t:3, i:465), STATEMACHINELOGENTRY, client-343361021552, cid=389
2019-09-25 19:40:57,707 [java.util.concurrent.ThreadPoolExecutor$Worker@2ccf428d[State = -1, empty queue]] WARN  server.GrpcLogAppender (GrpcLogAppender.java:timeoutAppendRequest(200)) - 8e060d03-41f1-4f58-b316-a26b8d90e5ab@group-08878B4311E5->5e731f39-3a46-4f41-835b-a13153cc970b-GrpcLogAppender: appendEntries Timeout, request=8e060d03-41f1-4f58-b316-a26b8d90e5ab->5e731f39-3a46-4f41-835b-a13153cc970b#483-t3, previous=(t:3, i:465), leaderCommit=451, initializing? false, entries: size=1, first=(t:3, i:466), STATEMACHINELOGENTRY, client-343361021552, cid=390
2019-09-25 19:40:57,708 [java.util.concurrent.ThreadPoolExecutor$Worker@69110594[State = -1, empty queue]] WARN  server.GrpcLogAppender (GrpcLogAppender.java:timeoutAppendRequest(200)) - 8e060d03-41f1-4f58-b316-a26b8d90e5ab@group-08878B4311E5->a490dfbe-25f2-4254-a039-9640d44159eb-GrpcLogAppender: appendEntries Timeout, request=8e060d03-41f1-4f58-b316-a26b8d90e5ab->a490dfbe-25f2-4254-a039-9640d44159eb#483-t3, previous=(t:3, i:465), leaderCommit=451, initializing? false, entries: size=1, first=(t:3, i:466), STATEMACHINELOGENTRY, client-343361021552, cid=390
2019-09-25 19:40:57,708 [java.util.concurrent.ThreadPoolExecutor$Worker@2ccf428d[State = -1, empty queue]] WARN  server.GrpcLogAppender (GrpcLogAppender.java:timeoutAppendRequest(200)) - 8e060d03-41f1-4f58-b316-a26b8d90e5ab@group-08878B4311E5->5e731f39-3a46-4f41-835b-a13153cc970b-GrpcLogAppender: appendEntries Timeout, request=8e060d03-41f1-4f58-b316-a26b8d90e5ab->5e731f39-3a46-4f41-835b-a13153cc970b#484-t3, previous=(t:3, i:466), leaderCommit=451, initializing? false, entries: size=1, first=(t:3, i:467), STATEMACHINELOGENTRY, client-343361021552, cid=391
2019-09-25 19:40:57,708 [java.util.concurrent.ThreadPoolExecutor$Worker@69110594[State = -1, empty queue]] WARN  server.GrpcLogAppender (GrpcLogAppender.java:timeoutAppendRequest(200)) - 8e060d03-41f1-4f58-b316-a26b8d90e5ab@group-08878B4311E5->a490dfbe-25f2-4254-a039-9640d44159eb-GrpcLogAppender: appendEntries Timeout, request=8e060d03-41f1-4f58-b316-a26b8d90e5ab->a490dfbe-25f2-4254-a039-9640d44159eb#484-t3, previous=(t:3, i:466), leaderCommit=451, initializing? false, entries: size=1, first=(t:3, i:467), STATEMACHINELOGENTRY, client-343361021552, cid=391
2019-09-25 19:40:57,708 [java.util.concurrent.ThreadPoolExecutor$Worker@2ccf428d[State = -1, empty queue]] WARN  server.GrpcLogAppender (GrpcLogAppender.java:timeoutAppendRequest(200)) - 8e060d03-41f1-4f58-b316-a26b8d90e5ab@group-08878B4311E5->5e731f39-3a46-4f41-835b-a13153cc970b-GrpcLogAppender: appendEntries Timeout, request=8e060d03-41f1-4f58-b316-a26b8d90e5ab->5e731f39-3a46-4f41-835b-a13153cc970b#485-t3, previous=(t:3, i:467), leaderCommit=451, initializing? false, entries: size=1, first=(t:3, i:468), STATEMACHINELOGENTRY, client-343361021552, cid=392
2019-09-25 19:40:57,708 [java.util.concurrent.ThreadPoolExecutor$Worker@69110594[State = -1, empty queue]] WARN  server.GrpcLogAppender (GrpcLogAppender.java:timeoutAppendRequest(200)) - 8e060d03-41f1-4f58-b316-a26b8d90e5ab@group-08878B4311E5->a490dfbe-25f2-4254-a039-9640d44159eb-GrpcLogAppender: appendEntries Timeout, request=8e060d03-41f1-4f58-b316-a26b8d90e5ab->a490dfbe-25f2-4254-a039-9640d44159eb#485-t3, previous=(t:3, i:467), leaderCommit=451, initializing? false, entries: size=1, first=(t:3, i:468), STATEMACHINELOGENTRY, client-343361021552, cid=392
2019-09-25 19:40:57,709 [java.util.concurrent.ThreadPoolExecutor$Worker@2ccf428d[State = -1, empty queue]] WARN  server.GrpcLogAppender (GrpcLogAppender.java:timeoutAppendRequest(200)) - 8e060d03-41f1-4f58-b316-a26b8d90e5ab@group-08878B4311E5->5e731f39-3a46-4f41-835b-a13153cc970b-GrpcLogAppender: appendEntries Timeout, request=8e060d03-41f1-4f58-b316-a26b8d90e5ab->5e731f39-3a46-4f41-835b-a13153cc970b#486-t3, previous=(t:3, i:468), leaderCommit=451, initializing? false, entries: size=1, first=(t:3, i:469), STATEMACHINELOGENTRY, client-343361021552, cid=393
2019-09-25 19:40:57,709 [java.util.concurrent.ThreadPoolExecutor$Worker@69110594[State = -1, empty queue]] WARN  server.GrpcLogAppender (GrpcLogAppender.java:timeoutAppendRequest(200)) - 8e060d03-41f1-4f58-b316-a26b8d90e5ab@group-08878B4311E5->a490dfbe-25f2-4254-a039-9640d44159eb-GrpcLogAppender: appendEntries Timeout, request=8e060d03-41f1-4f58-b316-a26b8d90e5ab->a490dfbe-25f2-4254-a039-9640d44159eb#486-t3, previous=(t:3, i:468), leaderCommit=451, initializing? false, entries: size=1, first=(t:3, i:469), STATEMACHINELOGENTRY, client-343361021552, cid=393
2019-09-25 19:40:57,710 [java.util.concurrent.ThreadPoolExecutor$Worker@69110594[State = -1, empty queue]] WARN  server.GrpcLogAppender (GrpcLogAppender.java:timeoutAppendRequest(200)) - 8e060d03-41f1-4f58-b316-a26b8d90e5ab@group-08878B4311E5->a490dfbe-25f2-4254-a039-9640d44159eb-GrpcLogAppender: appendEntries Timeout, request=8e060d03-41f1-4f58-b316-a26b8d90e5ab->a490dfbe-25f2-4254-a039-9640d44159eb#487-t3, previous=(t:3, i:469), leaderCommit=452, initializing? false, entries: size=1, first=(t:3, i:470), STATEMACHINELOGENTRY, client-343361021552, cid=398
2019-09-25 19:40:57,710 [java.util.concurrent.ThreadPoolExecutor$Worker@2ccf428d[State = -1, empty queue]] WARN  server.GrpcLogAppender (GrpcLogAppender.java:timeoutAppendRequest(200)) - 8e060d03-41f1-4f58-b316-a26b8d90e5ab@group-08878B4311E5->5e731f39-3a46-4f41-835b-a13153cc970b-GrpcLogAppender: appendEntries Timeout, request=8e060d03-41f1-4f58-b316-a26b8d90e5ab->5e731f39-3a46-4f41-835b-a13153cc970b#487-t3, previous=(t:3, i:469), leaderCommit=452, initializing? false, entries: size=1, first=(t:3, i:470), STATEMACHINELOGENTRY, client-343361021552, cid=398
2019-09-25 19:40:57,710 [java.util.concurrent.ThreadPoolExecutor$Worker@69110594[State = -1, empty queue]] WARN  server.GrpcLogAppender (GrpcLogAppender.java:timeoutAppendRequest(200)) - 8e060d03-41f1-4f58-b316-a26b8d90e5ab@group-08878B4311E5->a490dfbe-25f2-4254-a039-9640d44159eb-GrpcLogAppender: appendEntries Timeout, request=8e060d03-41f1-4f58-b316-a26b8d90e5ab->a490dfbe-25f2-4254-a039-9640d44159eb#488-t3, previous=(t:3, i:470), leaderCommit=452, initializing? false, entries: size=1, first=(t:3, i:471), STATEMACHINELOGENTRY, client-343361021552, cid=399
2019-09-25 19:40:57,710 [java.util.concurrent.ThreadPoolExecutor$Worker@2ccf428d[State = -1, empty queue]] WARN  server.GrpcLogAppender (GrpcLogAppender.java:timeoutAppendRequest(200)) - 8e060d03-41f1-4f58-b316-a26b8d90e5ab@group-08878B4311E5->5e731f39-3a46-4f41-835b-a13153cc970b-GrpcLogAppender: appendEntries Timeout, request=8e060d03-41f1-4f58-b316-a26b8d90e5ab->5e731f39-3a46-4f41-835b-a13153cc970b#488-t3, previous=(t:3, i:470), leaderCommit=452, initializing? false, entries: size=1, first=(t:3, i:471), STATEMACHINELOGENTRY, client-343361021552, cid=399
 26.00% |███████████████████████████                                                                          |  26/100 Time: 0:00:042019-09-25 19:40:58,708 [grpc-default-executor-3] WARN  client.GrpcClientProtocolService (LogUtils.java:warn(134)) - 25-UnorderedRequestStreamObserver25: onError: org.apache.ratis.thirdparty.io.grpc.StatusRuntimeException: CANCELLED: cancelled before receiving half close
2019-09-25 19:40:58,722 [Thread-1854] INFO  client.GrpcClientProtocolService (GrpcClientProtocolService.java:lambda$processClientRequest$0(278)) - Failed RaftClientRequest:client-343361021552->5e731f39-3a46-4f41-835b-a13153cc970b@group-08878B4311E5, cid=396, seq=0, Watch-ALL_COMMITTED(448), Message:<EMPTY>, reply=RaftClientReply:client-343361021552->5e731f39-3a46-4f41-835b-a13153cc970b@group-08878B4311E5, cid=396, FAILED org.apache.ratis.protocol.NotLeaderException: Server 5e731f39-3a46-4f41-835b-a13153cc970b@group-08878B4311E5 is not the leader 8e060d03-41f1-4f58-b316-a26b8d90e5ab:192.168.164.232:40617, logIndex=0, commits[5e731f39-3a46-4f41-835b-a13153cc970b:c452, a490dfbe-25f2-4254-a039-9640d44159eb:c444, 8e060d03-41f1-4f58-b316-a26b8d90e5ab:c452]
2019-09-25 19:40:58,722 [Thread-1853] INFO  client.GrpcClientProtocolService (GrpcClientProtocolService.java:lambda$processClientRequest$0(278)) - Failed RaftClientRequest:client-343361021552->5e731f39-3a46-4f41-835b-a13153cc970b@group-08878B4311E5, cid=395, seq=0, Watch-ALL_COMMITTED(447), Message:<EMPTY>, reply=RaftClientReply:client-343361021552->5e731f39-3a46-4f41-835b-a13153cc970b@group-08878B4311E5, cid=395, FAILED org.apache.ratis.protocol.NotLeaderException: Server 5e731f39-3a46-4f41-835b-a13153cc970b@group-08878B4311E5 is not the leader 8e060d03-41f1-4f58-b316-a26b8d90e5ab:192.168.164.232:40617, logIndex=0, commits[5e731f39-3a46-4f41-835b-a13153cc970b:c452, a490dfbe-25f2-4254-a039-9640d44159eb:c444, 8e060d03-41f1-4f58-b316-a26b8d90e5ab:c452]
2019-09-25 19:40:58,722 [Thread-1852] INFO  client.GrpcClientProtocolService (GrpcClientProtocolService.java:lambda$processClientRequest$0(278)) - Failed RaftClientRequest:client-343361021552->5e731f39-3a46-4f41-835b-a13153cc970b@group-08878B4311E5, cid=397, seq=0, Watch-ALL_COMMITTED(450), Message:<EMPTY>, reply=RaftClientReply:client-343361021552->5e731f39-3a46-4f41-835b-a13153cc970b@group-08878B4311E5, cid=397, FAILED org.apache.ratis.protocol.NotLeaderException: Server 5e731f39-3a46-4f41-835b-a13153cc970b@group-08878B4311E5 is not the leader 8e060d03-41f1-4f58-b316-a26b8d90e5ab:192.168.164.232:40617, logIndex=0, commits[5e731f39-3a46-4f41-835b-a13153cc970b:c452, a490dfbe-25f2-4254-a039-9640d44159eb:c444, 8e060d03-41f1-4f58-b316-a26b8d90e5ab:c452]
 26.00% |███████████████████████████                                                                          |  26/100 Time: 0:00:052019-09-25 19:40:59,696 [pool-176-thread-3] WARN  scm.XceiverClientRatis (XceiverClientRatis.java:watchForCommit(292)) - 3 way commit failed on pipeline Pipeline[ Id: 19ce6a03-fd86-4194-9b5c-08878b4311e5, Nodes: 5e731f39-3a46-4f41-835b-a13153cc970b{ip: 192.168.164.232, host: pr-hdds-2174-qcxnv-2820930021, networkLocation: /default-rack, certSerialId: null}8e060d03-41f1-4f58-b316-a26b8d90e5ab{ip: 192.168.164.232, host: pr-hdds-2174-qcxnv-2820930021, networkLocation: /default-rack, certSerialId: null}a490dfbe-25f2-4254-a039-9640d44159eb{ip: 192.168.164.232, host: pr-hdds-2174-qcxnv-2820930021, networkLocation: /default-rack, certSerialId: null}, Type:RATIS, Factor:THREE, State:OPEN]
java.util.concurrent.TimeoutException
	at java.util.concurrent.CompletableFuture.timedGet(CompletableFuture.java:1771)
	at java.util.concurrent.CompletableFuture.get(CompletableFuture.java:1915)
	at org.apache.hadoop.hdds.scm.XceiverClientRatis.watchForCommit(XceiverClientRatis.java:289)
	at org.apache.hadoop.hdds.scm.storage.CommitWatcher.watchForCommit(CommitWatcher.java:194)
	at org.apache.hadoop.hdds.scm.storage.CommitWatcher.watchOnLastIndex(CommitWatcher.java:157)
	at org.apache.hadoop.hdds.scm.storage.BlockOutputStream.watchForCommit(BlockOutputStream.java:347)
	at org.apache.hadoop.hdds.scm.storage.BlockOutputStream.handleFlush(BlockOutputStream.java:479)
	at org.apache.hadoop.hdds.scm.storage.BlockOutputStream.close(BlockOutputStream.java:493)
	at org.apache.hadoop.ozone.client.io.BlockOutputStreamEntry.close(BlockOutputStreamEntry.java:143)
	at org.apache.hadoop.ozone.client.io.KeyOutputStream.handleFlushOrClose(KeyOutputStream.java:435)
	at org.apache.hadoop.ozone.client.io.KeyOutputStream.close(KeyOutputStream.java:473)
	at org.apache.hadoop.ozone.client.io.OzoneOutputStream.close(OzoneOutputStream.java:60)
	at org.apache.hadoop.ozone.freon.RandomKeyGenerator.createKey(RandomKeyGenerator.java:710)
	at org.apache.hadoop.ozone.freon.RandomKeyGenerator.access$1100(RandomKeyGenerator.java:88)
	at org.apache.hadoop.ozone.freon.RandomKeyGenerator$ObjectCreator.run(RandomKeyGenerator.java:615)
	at java.util.concurrent.Executors$RunnableAdapter.call(Executors.java:511)
	at java.util.concurrent.FutureTask.run(FutureTask.java:266)
	at java.util.concurrent.ThreadPoolExecutor.runWorker(ThreadPoolExecutor.java:1149)
	at java.util.concurrent.ThreadPoolExecutor$Worker.run(ThreadPoolExecutor.java:624)
	at java.lang.Thread.run(Thread.java:748)
2019-09-25 19:40:59,704 [pool-176-thread-5] WARN  scm.XceiverClientRatis (XceiverClientRatis.java:watchForCommit(292)) - 3 way commit failed on pipeline Pipeline[ Id: 19ce6a03-fd86-4194-9b5c-08878b4311e5, Nodes: 5e731f39-3a46-4f41-835b-a13153cc970b{ip: 192.168.164.232, host: pr-hdds-2174-qcxnv-2820930021, networkLocation: /default-rack, certSerialId: null}8e060d03-41f1-4f58-b316-a26b8d90e5ab{ip: 192.168.164.232, host: pr-hdds-2174-qcxnv-2820930021, networkLocation: /default-rack, certSerialId: null}a490dfbe-25f2-4254-a039-9640d44159eb{ip: 192.168.164.232, host: pr-hdds-2174-qcxnv-2820930021, networkLocation: /default-rack, certSerialId: null}, Type:RATIS, Factor:THREE, State:OPEN]
java.util.concurrent.TimeoutException
	at java.util.concurrent.CompletableFuture.timedGet(CompletableFuture.java:1771)
	at java.util.concurrent.CompletableFuture.get(CompletableFuture.java:1915)
	at org.apache.hadoop.hdds.scm.XceiverClientRatis.watchForCommit(XceiverClientRatis.java:289)
	at org.apache.hadoop.hdds.scm.storage.CommitWatcher.watchForCommit(CommitWatcher.java:194)
	at org.apache.hadoop.hdds.scm.storage.CommitWatcher.watchOnLastIndex(CommitWatcher.java:157)
	at org.apache.hadoop.hdds.scm.storage.BlockOutputStream.watchForCommit(BlockOutputStream.java:347)
	at org.apache.hadoop.hdds.scm.storage.BlockOutputStream.handleFlush(BlockOutputStream.java:479)
	at org.apache.hadoop.hdds.scm.storage.BlockOutputStream.close(BlockOutputStream.java:493)
	at org.apache.hadoop.ozone.client.io.BlockOutputStreamEntry.close(BlockOutputStreamEntry.java:143)
	at org.apache.hadoop.ozone.client.io.KeyOutputStream.handleFlushOrClose(KeyOutputStream.java:435)
	at org.apache.hadoop.ozone.client.io.KeyOutputStream.close(KeyOutputStream.java:473)
	at org.apache.hadoop.ozone.client.io.OzoneOutputStream.close(OzoneOutputStream.java:60)
	at org.apache.hadoop.ozone.freon.RandomKeyGenerator.createKey(RandomKeyGenerator.java:710)
	at org.apache.hadoop.ozone.freon.RandomKeyGenerator.access$1100(RandomKeyGenerator.java:88)
	at org.apache.hadoop.ozone.freon.RandomKeyGenerator$ObjectCreator.run(RandomKeyGenerator.java:615)
	at java.util.concurrent.Executors$RunnableAdapter.call(Executors.java:511)
	at java.util.concurrent.FutureTask.run(FutureTask.java:266)
	at java.util.concurrent.ThreadPoolExecutor.runWorker(ThreadPoolExecutor.java:1149)
	at java.util.concurrent.ThreadPoolExecutor$Worker.run(ThreadPoolExecutor.java:624)
	at java.lang.Thread.run(Thread.java:748)
2019-09-25 19:40:59,696 [pool-176-thread-9] WARN  scm.XceiverClientRatis (XceiverClientRatis.java:watchForCommit(292)) - 3 way commit failed on pipeline Pipeline[ Id: 19ce6a03-fd86-4194-9b5c-08878b4311e5, Nodes: 5e731f39-3a46-4f41-835b-a13153cc970b{ip: 192.168.164.232, host: pr-hdds-2174-qcxnv-2820930021, networkLocation: /default-rack, certSerialId: null}8e060d03-41f1-4f58-b316-a26b8d90e5ab{ip: 192.168.164.232, host: pr-hdds-2174-qcxnv-2820930021, networkLocation: /default-rack, certSerialId: null}a490dfbe-25f2-4254-a039-9640d44159eb{ip: 192.168.164.232, host: pr-hdds-2174-qcxnv-2820930021, networkLocation: /default-rack, certSerialId: null}, Type:RATIS, Factor:THREE, State:OPEN]
java.util.concurrent.TimeoutException
	at java.util.concurrent.CompletableFuture.timedGet(CompletableFuture.java:1771)
	at java.util.concurrent.CompletableFuture.get(CompletableFuture.java:1915)
	at org.apache.hadoop.hdds.scm.XceiverClientRatis.watchForCommit(XceiverClientRatis.java:289)
	at org.apache.hadoop.hdds.scm.storage.CommitWatcher.watchForCommit(CommitWatcher.java:194)
	at org.apache.hadoop.hdds.scm.storage.CommitWatcher.watchOnLastIndex(CommitWatcher.java:157)
	at org.apache.hadoop.hdds.scm.storage.BlockOutputStream.watchForCommit(BlockOutputStream.java:347)
	at org.apache.hadoop.hdds.scm.storage.BlockOutputStream.handleFlush(BlockOutputStream.java:479)
	at org.apache.hadoop.hdds.scm.storage.BlockOutputStream.close(BlockOutputStream.java:493)
	at org.apache.hadoop.ozone.client.io.BlockOutputStreamEntry.close(BlockOutputStreamEntry.java:143)
	at org.apache.hadoop.ozone.client.io.KeyOutputStream.handleFlushOrClose(KeyOutputStream.java:435)
	at org.apache.hadoop.ozone.client.io.KeyOutputStream.close(KeyOutputStream.java:473)
	at org.apache.hadoop.ozone.client.io.OzoneOutputStream.close(OzoneOutputStream.java:60)
	at org.apache.hadoop.ozone.freon.RandomKeyGenerator.createKey(RandomKeyGenerator.java:710)
	at org.apache.hadoop.ozone.freon.RandomKeyGenerator.access$1100(RandomKeyGenerator.java:88)
	at org.apache.hadoop.ozone.freon.RandomKeyGenerator$ObjectCreator.run(RandomKeyGenerator.java:615)
	at java.util.concurrent.Executors$RunnableAdapter.call(Executors.java:511)
	at java.util.concurrent.FutureTask.run(FutureTask.java:266)
	at java.util.concurrent.ThreadPoolExecutor.runWorker(ThreadPoolExecutor.java:1149)
	at java.util.concurrent.ThreadPoolExecutor$Worker.run(ThreadPoolExecutor.java:624)
	at java.lang.Thread.run(Thread.java:748)
2019-09-25 19:41:00,066 [grpc-default-executor-7] WARN  server.GrpcLogAppender (GrpcLogAppender.java:onNextImpl(251)) - 8e060d03-41f1-4f58-b316-a26b8d90e5ab@group-08878B4311E5->a490dfbe-25f2-4254-a039-9640d44159eb-AppendLogResponseHandler: Request not found, ignoring reply: 8e060d03-41f1-4f58-b316-a26b8d90e5ab<-a490dfbe-25f2-4254-a039-9640d44159eb#470:OK,SUCCESS,nextIndex:454,term:3,followerCommit:452
2019-09-25 19:41:00,066 [grpc-default-executor-2] WARN  server.GrpcLogAppender (GrpcLogAppender.java:onNextImpl(251)) - 8e060d03-41f1-4f58-b316-a26b8d90e5ab@group-08878B4311E5->5e731f39-3a46-4f41-835b-a13153cc970b-AppendLogResponseHandler: Request not found, ignoring reply: 8e060d03-41f1-4f58-b316-a26b8d90e5ab<-5e731f39-3a46-4f41-835b-a13153cc970b#470:OK,SUCCESS,nextIndex:454,term:3,followerCommit:452
2019-09-25 19:41:00,067 [grpc-default-executor-7] WARN  server.GrpcLogAppender (GrpcLogAppender.java:onNextImpl(251)) - 8e060d03-41f1-4f58-b316-a26b8d90e5ab@group-08878B4311E5->a490dfbe-25f2-4254-a039-9640d44159eb-AppendLogResponseHandler: Request not found, ignoring reply: 8e060d03-41f1-4f58-b316-a26b8d90e5ab<-a490dfbe-25f2-4254-a039-9640d44159eb#471:OK,SUCCESS,nextIndex:455,term:3,followerCommit:452
2019-09-25 19:41:00,067 [grpc-default-executor-2] WARN  server.GrpcLogAppender (GrpcLogAppender.java:onNextImpl(251)) - 8e060d03-41f1-4f58-b316-a26b8d90e5ab@group-08878B4311E5->5e731f39-3a46-4f41-835b-a13153cc970b-AppendLogResponseHandler: Request not found, ignoring reply: 8e060d03-41f1-4f58-b316-a26b8d90e5ab<-5e731f39-3a46-4f41-835b-a13153cc970b#471:OK,SUCCESS,nextIndex:455,term:3,followerCommit:452
2019-09-25 19:41:00,068 [grpc-default-executor-7] WARN  server.GrpcLogAppender (GrpcLogAppender.java:onNextImpl(251)) - 8e060d03-41f1-4f58-b316-a26b8d90e5ab@group-08878B4311E5->a490dfbe-25f2-4254-a039-9640d44159eb-AppendLogResponseHandler: Request not found, ignoring reply: 8e060d03-41f1-4f58-b316-a26b8d90e5ab<-a490dfbe-25f2-4254-a039-9640d44159eb#472:OK,SUCCESS,nextIndex:456,term:3,followerCommit:452
2019-09-25 19:41:00,068 [grpc-default-executor-2] WARN  server.GrpcLogAppender (GrpcLogAppender.java:onNextImpl(251)) - 8e060d03-41f1-4f58-b316-a26b8d90e5ab@group-08878B4311E5->5e731f39-3a46-4f41-835b-a13153cc970b-AppendLogResponseHandler: Request not found, ignoring reply: 8e060d03-41f1-4f58-b316-a26b8d90e5ab<-5e731f39-3a46-4f41-835b-a13153cc970b#472:OK,SUCCESS,nextIndex:456,term:3,followerCommit:452
2019-09-25 19:41:00,068 [grpc-default-executor-7] WARN  server.GrpcLogAppender (GrpcLogAppender.java:onNextImpl(251)) - 8e060d03-41f1-4f58-b316-a26b8d90e5ab@group-08878B4311E5->a490dfbe-25f2-4254-a039-9640d44159eb-AppendLogResponseHandler: Request not found, ignoring reply: 8e060d03-41f1-4f58-b316-a26b8d90e5ab<-a490dfbe-25f2-4254-a039-9640d44159eb#473:OK,SUCCESS,nextIndex:457,term:3,followerCommit:452
2019-09-25 19:41:00,069 [grpc-default-executor-2] WARN  server.GrpcLogAppender (GrpcLogAppender.java:onNextImpl(251)) - 8e060d03-41f1-4f58-b316-a26b8d90e5ab@group-08878B4311E5->5e731f39-3a46-4f41-835b-a13153cc970b-AppendLogResponseHandler: Request not found, ignoring reply: 8e060d03-41f1-4f58-b316-a26b8d90e5ab<-5e731f39-3a46-4f41-835b-a13153cc970b#473:OK,SUCCESS,nextIndex:457,term:3,followerCommit:452
2019-09-25 19:41:00,069 [grpc-default-executor-7] WARN  server.GrpcLogAppender (GrpcLogAppender.java:onNextImpl(251)) - 8e060d03-41f1-4f58-b316-a26b8d90e5ab@group-08878B4311E5->a490dfbe-25f2-4254-a039-9640d44159eb-AppendLogResponseHandler: Request not found, ignoring reply: 8e060d03-41f1-4f58-b316-a26b8d90e5ab<-a490dfbe-25f2-4254-a039-9640d44159eb#474:OK,SUCCESS,nextIndex:458,term:3,followerCommit:452
2019-09-25 19:41:00,069 [grpc-default-executor-2] WARN  server.GrpcLogAppender (GrpcLogAppender.java:onNextImpl(251)) - 8e060d03-41f1-4f58-b316-a26b8d90e5ab@group-08878B4311E5->5e731f39-3a46-4f41-835b-a13153cc970b-AppendLogResponseHandler: Request not found, ignoring reply: 8e060d03-41f1-4f58-b316-a26b8d90e5ab<-5e731f39-3a46-4f41-835b-a13153cc970b#474:OK,SUCCESS,nextIndex:458,term:3,followerCommit:452
2019-09-25 19:41:00,069 [grpc-default-executor-7] WARN  server.GrpcLogAppender (GrpcLogAppender.java:onNextImpl(251)) - 8e060d03-41f1-4f58-b316-a26b8d90e5ab@group-08878B4311E5->a490dfbe-25f2-4254-a039-9640d44159eb-AppendLogResponseHandler: Request not found, ignoring reply: 8e060d03-41f1-4f58-b316-a26b8d90e5ab<-a490dfbe-25f2-4254-a039-9640d44159eb#475:OK,SUCCESS,nextIndex:459,term:3,followerCommit:452
2019-09-25 19:41:00,070 [grpc-default-executor-2] WARN  server.GrpcLogAppender (GrpcLogAppender.java:onNextImpl(251)) - 8e060d03-41f1-4f58-b316-a26b8d90e5ab@group-08878B4311E5->5e731f39-3a46-4f41-835b-a13153cc970b-AppendLogResponseHandler: Request not found, ignoring reply: 8e060d03-41f1-4f58-b316-a26b8d90e5ab<-5e731f39-3a46-4f41-835b-a13153cc970b#475:OK,SUCCESS,nextIndex:459,term:3,followerCommit:452
2019-09-25 19:41:00,070 [grpc-default-executor-7] WARN  server.GrpcLogAppender (GrpcLogAppender.java:onNextImpl(251)) - 8e060d03-41f1-4f58-b316-a26b8d90e5ab@group-08878B4311E5->a490dfbe-25f2-4254-a039-9640d44159eb-AppendLogResponseHandler: Request not found, ignoring reply: 8e060d03-41f1-4f58-b316-a26b8d90e5ab<-a490dfbe-25f2-4254-a039-9640d44159eb#476:OK,SUCCESS,nextIndex:460,term:3,followerCommit:452
2019-09-25 19:41:00,070 [grpc-default-executor-2] WARN  server.GrpcLogAppender (GrpcLogAppender.java:onNextImpl(251)) - 8e060d03-41f1-4f58-b316-a26b8d90e5ab@group-08878B4311E5->5e731f39-3a46-4f41-835b-a13153cc970b-AppendLogResponseHandler: Request not found, ignoring reply: 8e060d03-41f1-4f58-b316-a26b8d90e5ab<-5e731f39-3a46-4f41-835b-a13153cc970b#476:OK,SUCCESS,nextIndex:460,term:3,followerCommit:452
2019-09-25 19:41:00,070 [grpc-default-executor-7] WARN  server.GrpcLogAppender (GrpcLogAppender.java:onNextImpl(251)) - 8e060d03-41f1-4f58-b316-a26b8d90e5ab@group-08878B4311E5->a490dfbe-25f2-4254-a039-9640d44159eb-AppendLogResponseHandler: Request not found, ignoring reply: 8e060d03-41f1-4f58-b316-a26b8d90e5ab<-a490dfbe-25f2-4254-a039-9640d44159eb#477:OK,SUCCESS,nextIndex:461,term:3,followerCommit:452
2019-09-25 19:41:00,070 [grpc-default-executor-2] WARN  server.GrpcLogAppender (GrpcLogAppender.java:onNextImpl(251)) - 8e060d03-41f1-4f58-b316-a26b8d90e5ab@group-08878B4311E5->5e731f39-3a46-4f41-835b-a13153cc970b-AppendLogResponseHandler: Request not found, ignoring reply: 8e060d03-41f1-4f58-b316-a26b8d90e5ab<-5e731f39-3a46-4f41-835b-a13153cc970b#477:OK,SUCCESS,nextIndex:461,term:3,followerCommit:452
2019-09-25 19:41:00,071 [grpc-default-executor-7] WARN  server.GrpcLogAppender (GrpcLogAppender.java:onNextImpl(251)) - 8e060d03-41f1-4f58-b316-a26b8d90e5ab@group-08878B4311E5->a490dfbe-25f2-4254-a039-9640d44159eb-AppendLogResponseHandler: Request not found, ignoring reply: 8e060d03-41f1-4f58-b316-a26b8d90e5ab<-a490dfbe-25f2-4254-a039-9640d44159eb#478:OK,SUCCESS,nextIndex:462,term:3,followerCommit:452
2019-09-25 19:41:00,071 [grpc-default-executor-2] WARN  server.GrpcLogAppender (GrpcLogAppender.java:onNextImpl(251)) - 8e060d03-41f1-4f58-b316-a26b8d90e5ab@group-08878B4311E5->5e731f39-3a46-4f41-835b-a13153cc970b-AppendLogResponseHandler: Request not found, ignoring reply: 8e060d03-41f1-4f58-b316-a26b8d90e5ab<-5e731f39-3a46-4f41-835b-a13153cc970b#478:OK,SUCCESS,nextIndex:462,term:3,followerCommit:452
2019-09-25 19:41:00,071 [grpc-default-executor-7] WARN  server.GrpcLogAppender (GrpcLogAppender.java:onNextImpl(251)) - 8e060d03-41f1-4f58-b316-a26b8d90e5ab@group-08878B4311E5->a490dfbe-25f2-4254-a039-9640d44159eb-AppendLogResponseHandler: Request not found, ignoring reply: 8e060d03-41f1-4f58-b316-a26b8d90e5ab<-a490dfbe-25f2-4254-a039-9640d44159eb#479:OK,SUCCESS,nextIndex:463,term:3,followerCommit:452
2019-09-25 19:41:00,071 [grpc-default-executor-2] WARN  server.GrpcLogAppender (GrpcLogAppender.java:onNextImpl(251)) - 8e060d03-41f1-4f58-b316-a26b8d90e5ab@group-08878B4311E5->5e731f39-3a46-4f41-835b-a13153cc970b-AppendLogResponseHandler: Request not found, ignoring reply: 8e060d03-41f1-4f58-b316-a26b8d90e5ab<-5e731f39-3a46-4f41-835b-a13153cc970b#479:OK,SUCCESS,nextIndex:463,term:3,followerCommit:452
2019-09-25 19:41:00,071 [grpc-default-executor-7] WARN  server.GrpcLogAppender (GrpcLogAppender.java:onNextImpl(251)) - 8e060d03-41f1-4f58-b316-a26b8d90e5ab@group-08878B4311E5->a490dfbe-25f2-4254-a039-9640d44159eb-AppendLogResponseHandler: Request not found, ignoring reply: 8e060d03-41f1-4f58-b316-a26b8d90e5ab<-a490dfbe-25f2-4254-a039-9640d44159eb#480:OK,SUCCESS,nextIndex:464,term:3,followerCommit:452
2019-09-25 19:41:00,071 [grpc-default-executor-2] WARN  server.GrpcLogAppender (GrpcLogAppender.java:onNextImpl(251)) - 8e060d03-41f1-4f58-b316-a26b8d90e5ab@group-08878B4311E5->5e731f39-3a46-4f41-835b-a13153cc970b-AppendLogResponseHandler: Request not found, ignoring reply: 8e060d03-41f1-4f58-b316-a26b8d90e5ab<-5e731f39-3a46-4f41-835b-a13153cc970b#480:OK,SUCCESS,nextIndex:464,term:3,followerCommit:452
2019-09-25 19:41:00,072 [grpc-default-executor-7] WARN  server.GrpcLogAppender (GrpcLogAppender.java:onNextImpl(251)) - 8e060d03-41f1-4f58-b316-a26b8d90e5ab@group-08878B4311E5->a490dfbe-25f2-4254-a039-9640d44159eb-AppendLogResponseHandler: Request not found, ignoring reply: 8e060d03-41f1-4f58-b316-a26b8d90e5ab<-a490dfbe-25f2-4254-a039-9640d44159eb#481:OK,SUCCESS,nextIndex:465,term:3,followerCommit:452
2019-09-25 19:41:00,072 [grpc-default-executor-2] WARN  server.GrpcLogAppender (GrpcLogAppender.java:onNextImpl(251)) - 8e060d03-41f1-4f58-b316-a26b8d90e5ab@group-08878B4311E5->5e731f39-3a46-4f41-835b-a13153cc970b-AppendLogResponseHandler: Request not found, ignoring reply: 8e060d03-41f1-4f58-b316-a26b8d90e5ab<-5e731f39-3a46-4f41-835b-a13153cc970b#481:OK,SUCCESS,nextIndex:465,term:3,followerCommit:452
2019-09-25 19:41:00,072 [grpc-default-executor-7] WARN  server.GrpcLogAppender (GrpcLogAppender.java:onNextImpl(251)) - 8e060d03-41f1-4f58-b316-a26b8d90e5ab@group-08878B4311E5->a490dfbe-25f2-4254-a039-9640d44159eb-AppendLogResponseHandler: Request not found, ignoring reply: 8e060d03-41f1-4f58-b316-a26b8d90e5ab<-a490dfbe-25f2-4254-a039-9640d44159eb#482:OK,SUCCESS,nextIndex:466,term:3,followerCommit:452
2019-09-25 19:41:00,072 [grpc-default-executor-2] WARN  server.GrpcLogAppender (GrpcLogAppender.java:onNextImpl(251)) - 8e060d03-41f1-4f58-b316-a26b8d90e5ab@group-08878B4311E5->5e731f39-3a46-4f41-835b-a13153cc970b-AppendLogResponseHandler: Request not found, ignoring reply: 8e060d03-41f1-4f58-b316-a26b8d90e5ab<-5e731f39-3a46-4f41-835b-a13153cc970b#482:OK,SUCCESS,nextIndex:466,term:3,followerCommit:452
2019-09-25 19:41:00,072 [grpc-default-executor-7] WARN  server.GrpcLogAppender (GrpcLogAppender.java:onNextImpl(251)) - 8e060d03-41f1-4f58-b316-a26b8d90e5ab@group-08878B4311E5->a490dfbe-25f2-4254-a039-9640d44159eb-AppendLogResponseHandler: Request not found, ignoring reply: 8e060d03-41f1-4f58-b316-a26b8d90e5ab<-a490dfbe-25f2-4254-a039-9640d44159eb#483:OK,SUCCESS,nextIndex:467,term:3,followerCommit:452
2019-09-25 19:41:00,073 [grpc-default-executor-2] WARN  server.GrpcLogAppender (GrpcLogAppender.java:onNextImpl(251)) - 8e060d03-41f1-4f58-b316-a26b8d90e5ab@group-08878B4311E5->5e731f39-3a46-4f41-835b-a13153cc970b-AppendLogResponseHandler: Request not found, ignoring reply: 8e060d03-41f1-4f58-b316-a26b8d90e5ab<-5e731f39-3a46-4f41-835b-a13153cc970b#483:OK,SUCCESS,nextIndex:467,term:3,followerCommit:452
2019-09-25 19:41:00,073 [grpc-default-executor-7] WARN  server.GrpcLogAppender (GrpcLogAppender.java:onNextImpl(251)) - 8e060d03-41f1-4f58-b316-a26b8d90e5ab@group-08878B4311E5->a490dfbe-25f2-4254-a039-9640d44159eb-AppendLogResponseHandler: Request not found, ignoring reply: 8e060d03-41f1-4f58-b316-a26b8d90e5ab<-a490dfbe-25f2-4254-a039-9640d44159eb#484:OK,SUCCESS,nextIndex:468,term:3,followerCommit:452
2019-09-25 19:41:00,073 [grpc-default-executor-2] WARN  server.GrpcLogAppender (GrpcLogAppender.java:onNextImpl(251)) - 8e060d03-41f1-4f58-b316-a26b8d90e5ab@group-08878B4311E5->5e731f39-3a46-4f41-835b-a13153cc970b-AppendLogResponseHandler: Request not found, ignoring reply: 8e060d03-41f1-4f58-b316-a26b8d90e5ab<-5e731f39-3a46-4f41-835b-a13153cc970b#484:OK,SUCCESS,nextIndex:468,term:3,followerCommit:452
2019-09-25 19:41:00,073 [grpc-default-executor-7] WARN  server.GrpcLogAppender (GrpcLogAppender.java:onNextImpl(251)) - 8e060d03-41f1-4f58-b316-a26b8d90e5ab@group-08878B4311E5->a490dfbe-25f2-4254-a039-9640d44159eb-AppendLogResponseHandler: Request not found, ignoring reply: 8e060d03-41f1-4f58-b316-a26b8d90e5ab<-a490dfbe-25f2-4254-a039-9640d44159eb#485:OK,SUCCESS,nextIndex:469,term:3,followerCommit:452
2019-09-25 19:41:00,073 [grpc-default-executor-2] WARN  server.GrpcLogAppender (GrpcLogAppender.java:onNextImpl(251)) - 8e060d03-41f1-4f58-b316-a26b8d90e5ab@group-08878B4311E5->5e731f39-3a46-4f41-835b-a13153cc970b-AppendLogResponseHandler: Request not found, ignoring reply: 8e060d03-41f1-4f58-b316-a26b8d90e5ab<-5e731f39-3a46-4f41-835b-a13153cc970b#485:OK,SUCCESS,nextIndex:469,term:3,followerCommit:452
2019-09-25 19:41:00,074 [grpc-default-executor-7] WARN  server.GrpcLogAppender (GrpcLogAppender.java:onNextImpl(251)) - 8e060d03-41f1-4f58-b316-a26b8d90e5ab@group-08878B4311E5->a490dfbe-25f2-4254-a039-9640d44159eb-AppendLogResponseHandler: Request not found, ignoring reply: 8e060d03-41f1-4f58-b316-a26b8d90e5ab<-a490dfbe-25f2-4254-a039-9640d44159eb#486:OK,SUCCESS,nextIndex:470,term:3,followerCommit:452
2019-09-25 19:41:00,074 [grpc-default-executor-2] WARN  server.GrpcLogAppender (GrpcLogAppender.java:onNextImpl(251)) - 8e060d03-41f1-4f58-b316-a26b8d90e5ab@group-08878B4311E5->5e731f39-3a46-4f41-835b-a13153cc970b-AppendLogResponseHandler: Request not found, ignoring reply: 8e060d03-41f1-4f58-b316-a26b8d90e5ab<-5e731f39-3a46-4f41-835b-a13153cc970b#486:OK,SUCCESS,nextIndex:470,term:3,followerCommit:452
2019-09-25 19:41:00,212 [java.util.concurrent.ThreadPoolExecutor$Worker@69110594[State = -1, empty queue]] WARN  server.GrpcLogAppender (GrpcLogAppender.java:timeoutAppendRequest(200)) - 8e060d03-41f1-4f58-b316-a26b8d90e5ab@group-08878B4311E5->a490dfbe-25f2-4254-a039-9640d44159eb-GrpcLogAppender: appendEntries Timeout, request=8e060d03-41f1-4f58-b316-a26b8d90e5ab->a490dfbe-25f2-4254-a039-9640d44159eb#489-t3, previous=(t:3, i:471), leaderCommit=452, initializing? false, entries: <empty>
2019-09-25 19:41:00,212 [java.util.concurrent.ThreadPoolExecutor$Worker@2ccf428d[State = -1, empty queue]] WARN  server.GrpcLogAppender (GrpcLogAppender.java:timeoutAppendRequest(200)) - 8e060d03-41f1-4f58-b316-a26b8d90e5ab@group-08878B4311E5->5e731f39-3a46-4f41-835b-a13153cc970b-GrpcLogAppender: appendEntries Timeout, request=8e060d03-41f1-4f58-b316-a26b8d90e5ab->5e731f39-3a46-4f41-835b-a13153cc970b#489-t3, previous=(t:3, i:471), leaderCommit=452, initializing? false, entries: <empty>
 26.00% |███████████████████████████                                                                          |  26/100 Time: 0:00:06 26.00% |███████████████████████████                                                                          |  26/100 Time: 0:00:07 26.00% |███████████████████████████                                                                          |  26/100 Time: 0:00:082019-09-25 19:41:02,722 [java.util.concurrent.ThreadPoolExecutor$Worker@69110594[State = -1, empty queue]] WARN  server.GrpcLogAppender (GrpcLogAppender.java:timeoutAppendRequest(200)) - 8e060d03-41f1-4f58-b316-a26b8d90e5ab@group-08878B4311E5->a490dfbe-25f2-4254-a039-9640d44159eb-GrpcLogAppender: appendEntries Timeout, request=8e060d03-41f1-4f58-b316-a26b8d90e5ab->a490dfbe-25f2-4254-a039-9640d44159eb#490-t3, previous=(t:3, i:471), leaderCommit=452, initializing? false, entries: <empty>
2019-09-25 19:41:02,722 [java.util.concurrent.ThreadPoolExecutor$Worker@2ccf428d[State = -1, empty queue]] WARN  server.GrpcLogAppender (GrpcLogAppender.java:timeoutAppendRequest(200)) - 8e060d03-41f1-4f58-b316-a26b8d90e5ab@group-08878B4311E5->5e731f39-3a46-4f41-835b-a13153cc970b-GrpcLogAppender: appendEntries Timeout, request=8e060d03-41f1-4f58-b316-a26b8d90e5ab->5e731f39-3a46-4f41-835b-a13153cc970b#490-t3, previous=(t:3, i:471), leaderCommit=452, initializing? false, entries: <empty>
 26.00% |███████████████████████████                                                                          |  26/100 Time: 0:00:09 26.00% |███████████████████████████                                                                          |  26/100 Time: 0:00:102019-09-25 19:41:04,712 [pool-176-thread-9] WARN  storage.CommitWatcher (CommitWatcher.java:watchForCommit(203)) - watchForCommit failed for index 448
java.util.concurrent.TimeoutException
	at java.util.concurrent.CompletableFuture.timedGet(CompletableFuture.java:1771)
	at java.util.concurrent.CompletableFuture.get(CompletableFuture.java:1915)
	at org.apache.hadoop.hdds.scm.XceiverClientRatis.watchForCommit(XceiverClientRatis.java:298)
	at org.apache.hadoop.hdds.scm.storage.CommitWatcher.watchForCommit(CommitWatcher.java:194)
	at org.apache.hadoop.hdds.scm.storage.CommitWatcher.watchOnLastIndex(CommitWatcher.java:157)
	at org.apache.hadoop.hdds.scm.storage.BlockOutputStream.watchForCommit(BlockOutputStream.java:347)
	at org.apache.hadoop.hdds.scm.storage.BlockOutputStream.handleFlush(BlockOutputStream.java:479)
	at org.apache.hadoop.hdds.scm.storage.BlockOutputStream.close(BlockOutputStream.java:493)
	at org.apache.hadoop.ozone.client.io.BlockOutputStreamEntry.close(BlockOutputStreamEntry.java:143)
	at org.apache.hadoop.ozone.client.io.KeyOutputStream.handleFlushOrClose(KeyOutputStream.java:435)
	at org.apache.hadoop.ozone.client.io.KeyOutputStream.close(KeyOutputStream.java:473)
	at org.apache.hadoop.ozone.client.io.OzoneOutputStream.close(OzoneOutputStream.java:60)
	at org.apache.hadoop.ozone.freon.RandomKeyGenerator.createKey(RandomKeyGenerator.java:710)
	at org.apache.hadoop.ozone.freon.RandomKeyGenerator.access$1100(RandomKeyGenerator.java:88)
	at org.apache.hadoop.ozone.freon.RandomKeyGenerator$ObjectCreator.run(RandomKeyGenerator.java:615)
	at java.util.concurrent.Executors$RunnableAdapter.call(Executors.java:511)
	at java.util.concurrent.FutureTask.run(FutureTask.java:266)
	at java.util.concurrent.ThreadPoolExecutor.runWorker(ThreadPoolExecutor.java:1149)
	at java.util.concurrent.ThreadPoolExecutor$Worker.run(ThreadPoolExecutor.java:624)
	at java.lang.Thread.run(Thread.java:748)
2019-09-25 19:41:04,712 [pool-176-thread-5] WARN  storage.CommitWatcher (CommitWatcher.java:watchForCommit(203)) - watchForCommit failed for index 450
java.util.concurrent.TimeoutException
	at java.util.concurrent.CompletableFuture.timedGet(CompletableFuture.java:1771)
	at java.util.concurrent.CompletableFuture.get(CompletableFuture.java:1915)
	at org.apache.hadoop.hdds.scm.XceiverClientRatis.watchForCommit(XceiverClientRatis.java:298)
	at org.apache.hadoop.hdds.scm.storage.CommitWatcher.watchForCommit(CommitWatcher.java:194)
	at org.apache.hadoop.hdds.scm.storage.CommitWatcher.watchOnLastIndex(CommitWatcher.java:157)
	at org.apache.hadoop.hdds.scm.storage.BlockOutputStream.watchForCommit(BlockOutputStream.java:347)
	at org.apache.hadoop.hdds.scm.storage.BlockOutputStream.handleFlush(BlockOutputStream.java:479)
	at org.apache.hadoop.hdds.scm.storage.BlockOutputStream.close(BlockOutputStream.java:493)
	at org.apache.hadoop.ozone.client.io.BlockOutputStreamEntry.close(BlockOutputStreamEntry.java:143)
	at org.apache.hadoop.ozone.client.io.KeyOutputStream.handleFlushOrClose(KeyOutputStream.java:435)
	at org.apache.hadoop.ozone.client.io.KeyOutputStream.close(KeyOutputStream.java:473)
	at org.apache.hadoop.ozone.client.io.OzoneOutputStream.close(OzoneOutputStream.java:60)
	at org.apache.hadoop.ozone.freon.RandomKeyGenerator.createKey(RandomKeyGenerator.java:710)
	at org.apache.hadoop.ozone.freon.RandomKeyGenerator.access$1100(RandomKeyGenerator.java:88)
	at org.apache.hadoop.ozone.freon.RandomKeyGenerator$ObjectCreator.run(RandomKeyGenerator.java:615)
	at java.util.concurrent.Executors$RunnableAdapter.call(Executors.java:511)
	at java.util.concurrent.FutureTask.run(FutureTask.java:266)
	at java.util.concurrent.ThreadPoolExecutor.runWorker(ThreadPoolExecutor.java:1149)
	at java.util.concurrent.ThreadPoolExecutor$Worker.run(ThreadPoolExecutor.java:624)
	at java.lang.Thread.run(Thread.java:748)
2019-09-25 19:41:04,712 [pool-176-thread-3] WARN  storage.CommitWatcher (CommitWatcher.java:watchForCommit(203)) - watchForCommit failed for index 447
java.util.concurrent.TimeoutException
	at java.util.concurrent.CompletableFuture.timedGet(CompletableFuture.java:1771)
	at java.util.concurrent.CompletableFuture.get(CompletableFuture.java:1915)
	at org.apache.hadoop.hdds.scm.XceiverClientRatis.watchForCommit(XceiverClientRatis.java:298)
	at org.apache.hadoop.hdds.scm.storage.CommitWatcher.watchForCommit(CommitWatcher.java:194)
	at org.apache.hadoop.hdds.scm.storage.CommitWatcher.watchOnLastIndex(CommitWatcher.java:157)
	at org.apache.hadoop.hdds.scm.storage.BlockOutputStream.watchForCommit(BlockOutputStream.java:347)
	at org.apache.hadoop.hdds.scm.storage.BlockOutputStream.handleFlush(BlockOutputStream.java:479)
	at org.apache.hadoop.hdds.scm.storage.BlockOutputStream.close(BlockOutputStream.java:493)
	at org.apache.hadoop.ozone.client.io.BlockOutputStreamEntry.close(BlockOutputStreamEntry.java:143)
	at org.apache.hadoop.ozone.client.io.KeyOutputStream.handleFlushOrClose(KeyOutputStream.java:435)
	at org.apache.hadoop.ozone.client.io.KeyOutputStream.close(KeyOutputStream.java:473)
	at org.apache.hadoop.ozone.client.io.OzoneOutputStream.close(OzoneOutputStream.java:60)
	at org.apache.hadoop.ozone.freon.RandomKeyGenerator.createKey(RandomKeyGenerator.java:710)
	at org.apache.hadoop.ozone.freon.RandomKeyGenerator.access$1100(RandomKeyGenerator.java:88)
	at org.apache.hadoop.ozone.freon.RandomKeyGenerator$ObjectCreator.run(RandomKeyGenerator.java:615)
	at java.util.concurrent.Executors$RunnableAdapter.call(Executors.java:511)
	at java.util.concurrent.FutureTask.run(FutureTask.java:266)
	at java.util.concurrent.ThreadPoolExecutor.runWorker(ThreadPoolExecutor.java:1149)
	at java.util.concurrent.ThreadPoolExecutor$Worker.run(ThreadPoolExecutor.java:624)
	at java.lang.Thread.run(Thread.java:748)
2019-09-25 19:41:04,721 [pool-176-thread-9] WARN  io.KeyOutputStream (KeyOutputStream.java:handleException(274)) - Encountered exception java.io.IOException: Unexpected Storage Container Exception: java.io.IOException: Unexpected Storage Container Exception: java.util.concurrent.TimeoutException on the pipeline Pipeline[ Id: 19ce6a03-fd86-4194-9b5c-08878b4311e5, Nodes: 5e731f39-3a46-4f41-835b-a13153cc970b{ip: 192.168.164.232, host: pr-hdds-2174-qcxnv-2820930021, networkLocation: /default-rack, certSerialId: null}8e060d03-41f1-4f58-b316-a26b8d90e5ab{ip: 192.168.164.232, host: pr-hdds-2174-qcxnv-2820930021, networkLocation: /default-rack, certSerialId: null}a490dfbe-25f2-4254-a039-9640d44159eb{ip: 192.168.164.232, host: pr-hdds-2174-qcxnv-2820930021, networkLocation: /default-rack, certSerialId: null}, Type:RATIS, Factor:THREE, State:OPEN]. The last committed block length is 0, uncommitted data length is 10240 retry count 0
2019-09-25 19:41:04,721 [pool-176-thread-5] WARN  io.KeyOutputStream (KeyOutputStream.java:handleException(274)) - Encountered exception java.io.IOException: Unexpected Storage Container Exception: java.io.IOException: Unexpected Storage Container Exception: java.util.concurrent.TimeoutException on the pipeline Pipeline[ Id: 19ce6a03-fd86-4194-9b5c-08878b4311e5, Nodes: 5e731f39-3a46-4f41-835b-a13153cc970b{ip: 192.168.164.232, host: pr-hdds-2174-qcxnv-2820930021, networkLocation: /default-rack, certSerialId: null}8e060d03-41f1-4f58-b316-a26b8d90e5ab{ip: 192.168.164.232, host: pr-hdds-2174-qcxnv-2820930021, networkLocation: /default-rack, certSerialId: null}a490dfbe-25f2-4254-a039-9640d44159eb{ip: 192.168.164.232, host: pr-hdds-2174-qcxnv-2820930021, networkLocation: /default-rack, certSerialId: null}, Type:RATIS, Factor:THREE, State:OPEN]. The last committed block length is 0, uncommitted data length is 10240 retry count 0
2019-09-25 19:41:04,721 [pool-176-thread-3] WARN  io.KeyOutputStream (KeyOutputStream.java:handleException(274)) - Encountered exception java.io.IOException: Unexpected Storage Container Exception: java.io.IOException: Unexpected Storage Container Exception: java.util.concurrent.TimeoutException on the pipeline Pipeline[ Id: 19ce6a03-fd86-4194-9b5c-08878b4311e5, Nodes: 5e731f39-3a46-4f41-835b-a13153cc970b{ip: 192.168.164.232, host: pr-hdds-2174-qcxnv-2820930021, networkLocation: /default-rack, certSerialId: null}8e060d03-41f1-4f58-b316-a26b8d90e5ab{ip: 192.168.164.232, host: pr-hdds-2174-qcxnv-2820930021, networkLocation: /default-rack, certSerialId: null}a490dfbe-25f2-4254-a039-9640d44159eb{ip: 192.168.164.232, host: pr-hdds-2174-qcxnv-2820930021, networkLocation: /default-rack, certSerialId: null}, Type:RATIS, Factor:THREE, State:OPEN]. The last committed block length is 0, uncommitted data length is 10240 retry count 0
2019-09-25 19:41:04,764 [IPC Server handler 14 on 38172] WARN  block.BlockManagerImpl (BlockManagerImpl.java:allocateBlock(192)) - Pipeline creation failed for type:RATIS factor:THREE. Retrying get pipelines call once.
org.apache.hadoop.hdds.scm.pipeline.InsufficientDatanodesException: Cannot create pipeline of factor 3 using 2 nodes.
	at org.apache.hadoop.hdds.scm.pipeline.RatisPipelineProvider.create(RatisPipelineProvider.java:153)
	at org.apache.hadoop.hdds.scm.pipeline.PipelineFactory.create(PipelineFactory.java:58)
	at org.apache.hadoop.hdds.scm.pipeline.SCMPipelineManager.createPipeline(SCMPipelineManager.java:155)
	at org.apache.hadoop.hdds.scm.block.BlockManagerImpl.allocateBlock(BlockManagerImpl.java:190)
	at org.apache.hadoop.hdds.scm.server.SCMBlockProtocolServer.allocateBlock(SCMBlockProtocolServer.java:182)
	at org.apache.hadoop.ozone.protocolPB.ScmBlockLocationProtocolServerSideTranslatorPB.allocateScmBlock(ScmBlockLocationProtocolServerSideTranslatorPB.java:183)
	at org.apache.hadoop.ozone.protocolPB.ScmBlockLocationProtocolServerSideTranslatorPB.processMessage(ScmBlockLocationProtocolServerSideTranslatorPB.java:141)
	at org.apache.hadoop.ozone.protocolPB.ScmBlockLocationProtocolServerSideTranslatorPB.send(ScmBlockLocationProtocolServerSideTranslatorPB.java:116)
	at org.apache.hadoop.hdds.protocol.proto.ScmBlockLocationProtocolProtos$ScmBlockLocationProtocolService$2.callBlockingMethod(ScmBlockLocationProtocolProtos.java:13157)
	at org.apache.hadoop.ipc.ProtobufRpcEngine$Server$ProtoBufRpcInvoker.call(ProtobufRpcEngine.java:524)
	at org.apache.hadoop.ipc.RPC$Server.call(RPC.java:1025)
	at org.apache.hadoop.ipc.Server$RpcCall.run(Server.java:876)
	at org.apache.hadoop.ipc.Server$RpcCall.run(Server.java:822)
	at java.security.AccessController.doPrivileged(Native Method)
	at javax.security.auth.Subject.doAs(Subject.java:422)
	at org.apache.hadoop.security.UserGroupInformation.doAs(UserGroupInformation.java:1730)
	at org.apache.hadoop.ipc.Server$Handler.run(Server.java:2682)
2019-09-25 19:41:04,765 [IPC Server handler 16 on 38172] WARN  block.BlockManagerImpl (BlockManagerImpl.java:allocateBlock(192)) - Pipeline creation failed for type:RATIS factor:THREE. Retrying get pipelines call once.
org.apache.hadoop.hdds.scm.pipeline.InsufficientDatanodesException: Cannot create pipeline of factor 3 using 2 nodes.
	at org.apache.hadoop.hdds.scm.pipeline.RatisPipelineProvider.create(RatisPipelineProvider.java:153)
	at org.apache.hadoop.hdds.scm.pipeline.PipelineFactory.create(PipelineFactory.java:58)
	at org.apache.hadoop.hdds.scm.pipeline.SCMPipelineManager.createPipeline(SCMPipelineManager.java:155)
	at org.apache.hadoop.hdds.scm.block.BlockManagerImpl.allocateBlock(BlockManagerImpl.java:190)
	at org.apache.hadoop.hdds.scm.server.SCMBlockProtocolServer.allocateBlock(SCMBlockProtocolServer.java:182)
	at org.apache.hadoop.ozone.protocolPB.ScmBlockLocationProtocolServerSideTranslatorPB.allocateScmBlock(ScmBlockLocationProtocolServerSideTranslatorPB.java:183)
	at org.apache.hadoop.ozone.protocolPB.ScmBlockLocationProtocolServerSideTranslatorPB.processMessage(ScmBlockLocationProtocolServerSideTranslatorPB.java:141)
	at org.apache.hadoop.ozone.protocolPB.ScmBlockLocationProtocolServerSideTranslatorPB.send(ScmBlockLocationProtocolServerSideTranslatorPB.java:116)
	at org.apache.hadoop.hdds.protocol.proto.ScmBlockLocationProtocolProtos$ScmBlockLocationProtocolService$2.callBlockingMethod(ScmBlockLocationProtocolProtos.java:13157)
	at org.apache.hadoop.ipc.ProtobufRpcEngine$Server$ProtoBufRpcInvoker.call(ProtobufRpcEngine.java:524)
	at org.apache.hadoop.ipc.RPC$Server.call(RPC.java:1025)
	at org.apache.hadoop.ipc.Server$RpcCall.run(Server.java:876)
	at org.apache.hadoop.ipc.Server$RpcCall.run(Server.java:822)
	at java.security.AccessController.doPrivileged(Native Method)
	at javax.security.auth.Subject.doAs(Subject.java:422)
	at org.apache.hadoop.security.UserGroupInformation.doAs(UserGroupInformation.java:1730)
	at org.apache.hadoop.ipc.Server$Handler.run(Server.java:2682)
2019-09-25 19:41:04,767 [IPC Server handler 14 on 38172] INFO  block.BlockManagerImpl (BlockManagerImpl.java:allocateBlock(198)) - Could not find available pipeline of type:RATIS and factor:THREE even after retrying
2019-09-25 19:41:04,767 [IPC Server handler 11 on 38172] WARN  block.BlockManagerImpl (BlockManagerImpl.java:allocateBlock(192)) - Pipeline creation failed for type:RATIS factor:THREE. Retrying get pipelines call once.
org.apache.hadoop.hdds.scm.pipeline.InsufficientDatanodesException: Cannot create pipeline of factor 3 using 2 nodes.
	at org.apache.hadoop.hdds.scm.pipeline.RatisPipelineProvider.create(RatisPipelineProvider.java:153)
	at org.apache.hadoop.hdds.scm.pipeline.PipelineFactory.create(PipelineFactory.java:58)
	at org.apache.hadoop.hdds.scm.pipeline.SCMPipelineManager.createPipeline(SCMPipelineManager.java:155)
	at org.apache.hadoop.hdds.scm.block.BlockManagerImpl.allocateBlock(BlockManagerImpl.java:190)
	at org.apache.hadoop.hdds.scm.server.SCMBlockProtocolServer.allocateBlock(SCMBlockProtocolServer.java:182)
	at org.apache.hadoop.ozone.protocolPB.ScmBlockLocationProtocolServerSideTranslatorPB.allocateScmBlock(ScmBlockLocationProtocolServerSideTranslatorPB.java:183)
	at org.apache.hadoop.ozone.protocolPB.ScmBlockLocationProtocolServerSideTranslatorPB.processMessage(ScmBlockLocationProtocolServerSideTranslatorPB.java:141)
	at org.apache.hadoop.ozone.protocolPB.ScmBlockLocationProtocolServerSideTranslatorPB.send(ScmBlockLocationProtocolServerSideTranslatorPB.java:116)
	at org.apache.hadoop.hdds.protocol.proto.ScmBlockLocationProtocolProtos$ScmBlockLocationProtocolService$2.callBlockingMethod(ScmBlockLocationProtocolProtos.java:13157)
	at org.apache.hadoop.ipc.ProtobufRpcEngine$Server$ProtoBufRpcInvoker.call(ProtobufRpcEngine.java:524)
	at org.apache.hadoop.ipc.RPC$Server.call(RPC.java:1025)
	at org.apache.hadoop.ipc.Server$RpcCall.run(Server.java:876)
	at org.apache.hadoop.ipc.Server$RpcCall.run(Server.java:822)
	at java.security.AccessController.doPrivileged(Native Method)
	at javax.security.auth.Subject.doAs(Subject.java:422)
	at org.apache.hadoop.security.UserGroupInformation.doAs(UserGroupInformation.java:1730)
	at org.apache.hadoop.ipc.Server$Handler.run(Server.java:2682)
2019-09-25 19:41:04,767 [IPC Server handler 14 on 38172] ERROR block.BlockManagerImpl (BlockManagerImpl.java:allocateBlock(222)) - Unable to allocate a block for the size: 4194304, type: RATIS, factor: THREE
2019-09-25 19:41:04,767 [IPC Server handler 16 on 38172] INFO  block.BlockManagerImpl (BlockManagerImpl.java:allocateBlock(198)) - Could not find available pipeline of type:RATIS and factor:THREE even after retrying
2019-09-25 19:41:04,768 [IPC Server handler 11 on 38172] INFO  block.BlockManagerImpl (BlockManagerImpl.java:allocateBlock(198)) - Could not find available pipeline of type:RATIS and factor:THREE even after retrying
2019-09-25 19:41:04,768 [IPC Server handler 16 on 38172] ERROR block.BlockManagerImpl (BlockManagerImpl.java:allocateBlock(222)) - Unable to allocate a block for the size: 4194304, type: RATIS, factor: THREE
2019-09-25 19:41:04,770 [Thread-1916] INFO  client.GrpcClientProtocolService (GrpcClientProtocolService.java:lambda$processClientRequest$0(278)) - Failed RaftClientRequest:client-343361021552->a490dfbe-25f2-4254-a039-9640d44159eb@group-08878B4311E5, cid=396, seq=0, Watch-ALL_COMMITTED(448), Message:<EMPTY>, reply=RaftClientReply:client-343361021552->a490dfbe-25f2-4254-a039-9640d44159eb@group-08878B4311E5, cid=396, FAILED org.apache.ratis.protocol.NotLeaderException: Server a490dfbe-25f2-4254-a039-9640d44159eb@group-08878B4311E5 is not the leader 8e060d03-41f1-4f58-b316-a26b8d90e5ab:192.168.164.232:40617, logIndex=0, commits[a490dfbe-25f2-4254-a039-9640d44159eb:c452, 5e731f39-3a46-4f41-835b-a13153cc970b:c444, 8e060d03-41f1-4f58-b316-a26b8d90e5ab:c452]
2019-09-25 19:41:04,768 [IPC Server handler 11 on 38172] ERROR block.BlockManagerImpl (BlockManagerImpl.java:allocateBlock(222)) - Unable to allocate a block for the size: 4194304, type: RATIS, factor: THREE
2019-09-25 19:41:04,775 [Thread-1918] INFO  client.GrpcClientProtocolService (GrpcClientProtocolService.java:lambda$processClientRequest$0(278)) - Failed RaftClientRequest:client-343361021552->a490dfbe-25f2-4254-a039-9640d44159eb@group-08878B4311E5, cid=397, seq=0, Watch-ALL_COMMITTED(450), Message:<EMPTY>, reply=RaftClientReply:client-343361021552->a490dfbe-25f2-4254-a039-9640d44159eb@group-08878B4311E5, cid=397, FAILED org.apache.ratis.protocol.NotLeaderException: Server a490dfbe-25f2-4254-a039-9640d44159eb@group-08878B4311E5 is not the leader 8e060d03-41f1-4f58-b316-a26b8d90e5ab:192.168.164.232:40617, logIndex=0, commits[a490dfbe-25f2-4254-a039-9640d44159eb:c452, 5e731f39-3a46-4f41-835b-a13153cc970b:c444, 8e060d03-41f1-4f58-b316-a26b8d90e5ab:c452]
2019-09-25 19:41:04,788 [Thread-1919] INFO  client.GrpcClientProtocolService (GrpcClientProtocolService.java:lambda$processClientRequest$0(278)) - Failed RaftClientRequest:client-343361021552->a490dfbe-25f2-4254-a039-9640d44159eb@group-08878B4311E5, cid=395, seq=0, Watch-ALL_COMMITTED(447), Message:<EMPTY>, reply=RaftClientReply:client-343361021552->a490dfbe-25f2-4254-a039-9640d44159eb@group-08878B4311E5, cid=395, FAILED org.apache.ratis.protocol.NotLeaderException: Server a490dfbe-25f2-4254-a039-9640d44159eb@group-08878B4311E5 is not the leader 8e060d03-41f1-4f58-b316-a26b8d90e5ab:192.168.164.232:40617, logIndex=0, commits[a490dfbe-25f2-4254-a039-9640d44159eb:c452, 5e731f39-3a46-4f41-835b-a13153cc970b:c444, 8e060d03-41f1-4f58-b316-a26b8d90e5ab:c452]
2019-09-25 19:41:04,806 [Thread-1926] INFO  client.GrpcClientProtocolService (GrpcClientProtocolService.java:lambda$processClientRequest$0(278)) - Failed RaftClientRequest:client-343361021552->a490dfbe-25f2-4254-a039-9640d44159eb@group-08878B4311E5, cid=402, seq=0, Watch-MAJORITY_COMMITTED(448), Message:<EMPTY>, reply=RaftClientReply:client-343361021552->a490dfbe-25f2-4254-a039-9640d44159eb@group-08878B4311E5, cid=402, FAILED org.apache.ratis.protocol.NotLeaderException: Server a490dfbe-25f2-4254-a039-9640d44159eb@group-08878B4311E5 is not the leader 8e060d03-41f1-4f58-b316-a26b8d90e5ab:192.168.164.232:40617, logIndex=0, commits[a490dfbe-25f2-4254-a039-9640d44159eb:c452, 5e731f39-3a46-4f41-835b-a13153cc970b:c444, 8e060d03-41f1-4f58-b316-a26b8d90e5ab:c452]
2019-09-25 19:41:04,811 [Thread-1927] INFO  client.GrpcClientProtocolService (GrpcClientProtocolService.java:lambda$processClientRequest$0(278)) - Failed RaftClientRequest:client-343361021552->a490dfbe-25f2-4254-a039-9640d44159eb@group-08878B4311E5, cid=401, seq=0, Watch-MAJORITY_COMMITTED(450), Message:<EMPTY>, reply=RaftClientReply:client-343361021552->a490dfbe-25f2-4254-a039-9640d44159eb@group-08878B4311E5, cid=401, FAILED org.apache.ratis.protocol.NotLeaderException: Server a490dfbe-25f2-4254-a039-9640d44159eb@group-08878B4311E5 is not the leader 8e060d03-41f1-4f58-b316-a26b8d90e5ab:192.168.164.232:40617, logIndex=0, commits[a490dfbe-25f2-4254-a039-9640d44159eb:c452, 5e731f39-3a46-4f41-835b-a13153cc970b:c444, 8e060d03-41f1-4f58-b316-a26b8d90e5ab:c452]
2019-09-25 19:41:04,811 [Thread-1929] INFO  client.GrpcClientProtocolService (GrpcClientProtocolService.java:lambda$processClientRequest$0(278)) - Failed RaftClientRequest:client-343361021552->a490dfbe-25f2-4254-a039-9640d44159eb@group-08878B4311E5, cid=400, seq=0, Watch-MAJORITY_COMMITTED(447), Message:<EMPTY>, reply=RaftClientReply:client-343361021552->a490dfbe-25f2-4254-a039-9640d44159eb@group-08878B4311E5, cid=400, FAILED org.apache.ratis.protocol.NotLeaderException: Server a490dfbe-25f2-4254-a039-9640d44159eb@group-08878B4311E5 is not the leader 8e060d03-41f1-4f58-b316-a26b8d90e5ab:192.168.164.232:40617, logIndex=0, commits[a490dfbe-25f2-4254-a039-9640d44159eb:c452, 5e731f39-3a46-4f41-835b-a13153cc970b:c444, 8e060d03-41f1-4f58-b316-a26b8d90e5ab:c452]
2019-09-25 19:41:04,811 [grpc-default-executor-0] WARN  client.GrpcClientProtocolService (LogUtils.java:warn(134)) - 9-UnorderedRequestStreamObserver9: onError: org.apache.ratis.thirdparty.io.grpc.StatusRuntimeException: CANCELLED: cancelled before receiving half close
2019-09-25 19:41:04,812 [pool-176-thread-3] ERROR io.BlockOutputStreamEntryPool (BlockOutputStreamEntryPool.java:allocateBlockIfNeeded(299)) - Try to allocate more blocks for write failed, already allocated 0 blocks for this write.
INTERNAL_ERROR org.apache.hadoop.ozone.om.exceptions.OMException: Allocated 0 blocks. Requested 1 blocks
	at org.apache.hadoop.ozone.om.protocolPB.OzoneManagerProtocolClientSideTranslatorPB.handleError(OzoneManagerProtocolClientSideTranslatorPB.java:732)
	at org.apache.hadoop.ozone.om.protocolPB.OzoneManagerProtocolClientSideTranslatorPB.allocateBlock(OzoneManagerProtocolClientSideTranslatorPB.java:764)
	at sun.reflect.NativeMethodAccessorImpl.invoke0(Native Method)
	at sun.reflect.NativeMethodAccessorImpl.invoke(NativeMethodAccessorImpl.java:62)
	at sun.reflect.DelegatingMethodAccessorImpl.invoke(DelegatingMethodAccessorImpl.java:43)
	at java.lang.reflect.Method.invoke(Method.java:498)
	at org.apache.hadoop.hdds.tracing.TraceAllMethod.invoke(TraceAllMethod.java:66)
	at com.sun.proxy.$Proxy37.allocateBlock(Unknown Source)
	at org.apache.hadoop.ozone.client.io.BlockOutputStreamEntryPool.allocateNewBlock(BlockOutputStreamEntryPool.java:248)
	at org.apache.hadoop.ozone.client.io.BlockOutputStreamEntryPool.allocateBlockIfNeeded(BlockOutputStreamEntryPool.java:296)
	at org.apache.hadoop.ozone.client.io.KeyOutputStream.handleWrite(KeyOutputStream.java:198)
	at org.apache.hadoop.ozone.client.io.KeyOutputStream.handleRetry(KeyOutputStream.java:375)
	at org.apache.hadoop.ozone.client.io.KeyOutputStream.handleException(KeyOutputStream.java:324)
	at org.apache.hadoop.ozone.client.io.KeyOutputStream.handleFlushOrClose(KeyOutputStream.java:449)
	at org.apache.hadoop.ozone.client.io.KeyOutputStream.close(KeyOutputStream.java:473)
	at org.apache.hadoop.ozone.client.io.OzoneOutputStream.close(OzoneOutputStream.java:60)
	at org.apache.hadoop.ozone.freon.RandomKeyGenerator.createKey(RandomKeyGenerator.java:710)
	at org.apache.hadoop.ozone.freon.RandomKeyGenerator.access$1100(RandomKeyGenerator.java:88)
	at org.apache.hadoop.ozone.freon.RandomKeyGenerator$ObjectCreator.run(RandomKeyGenerator.java:615)
	at java.util.concurrent.Executors$RunnableAdapter.call(Executors.java:511)
	at java.util.concurrent.FutureTask.run(FutureTask.java:266)
	at java.util.concurrent.ThreadPoolExecutor.runWorker(ThreadPoolExecutor.java:1149)
	at java.util.concurrent.ThreadPoolExecutor$Worker.run(ThreadPoolExecutor.java:624)
	at java.lang.Thread.run(Thread.java:748)
2019-09-25 19:41:04,812 [pool-176-thread-5] ERROR io.BlockOutputStreamEntryPool (BlockOutputStreamEntryPool.java:allocateBlockIfNeeded(299)) - Try to allocate more blocks for write failed, already allocated 0 blocks for this write.
INTERNAL_ERROR org.apache.hadoop.ozone.om.exceptions.OMException: Allocated 0 blocks. Requested 1 blocks
	at org.apache.hadoop.ozone.om.protocolPB.OzoneManagerProtocolClientSideTranslatorPB.handleError(OzoneManagerProtocolClientSideTranslatorPB.java:732)
	at org.apache.hadoop.ozone.om.protocolPB.OzoneManagerProtocolClientSideTranslatorPB.allocateBlock(OzoneManagerProtocolClientSideTranslatorPB.java:764)
	at sun.reflect.NativeMethodAccessorImpl.invoke0(Native Method)
	at sun.reflect.NativeMethodAccessorImpl.invoke(NativeMethodAccessorImpl.java:62)
	at sun.reflect.DelegatingMethodAccessorImpl.invoke(DelegatingMethodAccessorImpl.java:43)
	at java.lang.reflect.Method.invoke(Method.java:498)
	at org.apache.hadoop.hdds.tracing.TraceAllMethod.invoke(TraceAllMethod.java:66)
	at com.sun.proxy.$Proxy37.allocateBlock(Unknown Source)
	at org.apache.hadoop.ozone.client.io.BlockOutputStreamEntryPool.allocateNewBlock(BlockOutputStreamEntryPool.java:248)
	at org.apache.hadoop.ozone.client.io.BlockOutputStreamEntryPool.allocateBlockIfNeeded(BlockOutputStreamEntryPool.java:296)
	at org.apache.hadoop.ozone.client.io.KeyOutputStream.handleWrite(KeyOutputStream.java:198)
	at org.apache.hadoop.ozone.client.io.KeyOutputStream.handleRetry(KeyOutputStream.java:375)
	at org.apache.hadoop.ozone.client.io.KeyOutputStream.handleException(KeyOutputStream.java:324)
	at org.apache.hadoop.ozone.client.io.KeyOutputStream.handleFlushOrClose(KeyOutputStream.java:449)
	at org.apache.hadoop.ozone.client.io.KeyOutputStream.close(KeyOutputStream.java:473)
	at org.apache.hadoop.ozone.client.io.OzoneOutputStream.close(OzoneOutputStream.java:60)
	at org.apache.hadoop.ozone.freon.RandomKeyGenerator.createKey(RandomKeyGenerator.java:710)
	at org.apache.hadoop.ozone.freon.RandomKeyGenerator.access$1100(RandomKeyGenerator.java:88)
	at org.apache.hadoop.ozone.freon.RandomKeyGenerator$ObjectCreator.run(RandomKeyGenerator.java:615)
	at java.util.concurrent.Executors$RunnableAdapter.call(Executors.java:511)
	at java.util.concurrent.FutureTask.run(FutureTask.java:266)
	at java.util.concurrent.ThreadPoolExecutor.runWorker(ThreadPoolExecutor.java:1149)
	at java.util.concurrent.ThreadPoolExecutor$Worker.run(ThreadPoolExecutor.java:624)
	at java.lang.Thread.run(Thread.java:748)
2019-09-25 19:41:04,812 [pool-176-thread-9] ERROR io.BlockOutputStreamEntryPool (BlockOutputStreamEntryPool.java:allocateBlockIfNeeded(299)) - Try to allocate more blocks for write failed, already allocated 0 blocks for this write.
INTERNAL_ERROR org.apache.hadoop.ozone.om.exceptions.OMException: Allocated 0 blocks. Requested 1 blocks
	at org.apache.hadoop.ozone.om.protocolPB.OzoneManagerProtocolClientSideTranslatorPB.handleError(OzoneManagerProtocolClientSideTranslatorPB.java:732)
	at org.apache.hadoop.ozone.om.protocolPB.OzoneManagerProtocolClientSideTranslatorPB.allocateBlock(OzoneManagerProtocolClientSideTranslatorPB.java:764)
	at sun.reflect.NativeMethodAccessorImpl.invoke0(Native Method)
	at sun.reflect.NativeMethodAccessorImpl.invoke(NativeMethodAccessorImpl.java:62)
	at sun.reflect.DelegatingMethodAccessorImpl.invoke(DelegatingMethodAccessorImpl.java:43)
	at java.lang.reflect.Method.invoke(Method.java:498)
	at org.apache.hadoop.hdds.tracing.TraceAllMethod.invoke(TraceAllMethod.java:66)
	at com.sun.proxy.$Proxy37.allocateBlock(Unknown Source)
	at org.apache.hadoop.ozone.client.io.BlockOutputStreamEntryPool.allocateNewBlock(BlockOutputStreamEntryPool.java:248)
	at org.apache.hadoop.ozone.client.io.BlockOutputStreamEntryPool.allocateBlockIfNeeded(BlockOutputStreamEntryPool.java:296)
	at org.apache.hadoop.ozone.client.io.KeyOutputStream.handleWrite(KeyOutputStream.java:198)
	at org.apache.hadoop.ozone.client.io.KeyOutputStream.handleRetry(KeyOutputStream.java:375)
	at org.apache.hadoop.ozone.client.io.KeyOutputStream.handleException(KeyOutputStream.java:324)
	at org.apache.hadoop.ozone.client.io.KeyOutputStream.handleFlushOrClose(KeyOutputStream.java:449)
	at org.apache.hadoop.ozone.client.io.KeyOutputStream.close(KeyOutputStream.java:473)
	at org.apache.hadoop.ozone.client.io.OzoneOutputStream.close(OzoneOutputStream.java:60)
	at org.apache.hadoop.ozone.freon.RandomKeyGenerator.createKey(RandomKeyGenerator.java:710)
	at org.apache.hadoop.ozone.freon.RandomKeyGenerator.access$1100(RandomKeyGenerator.java:88)
	at org.apache.hadoop.ozone.freon.RandomKeyGenerator$ObjectCreator.run(RandomKeyGenerator.java:615)
	at java.util.concurrent.Executors$RunnableAdapter.call(Executors.java:511)
	at java.util.concurrent.FutureTask.run(FutureTask.java:266)
	at java.util.concurrent.ThreadPoolExecutor.runWorker(ThreadPoolExecutor.java:1149)
	at java.util.concurrent.ThreadPoolExecutor$Worker.run(ThreadPoolExecutor.java:624)
	at java.lang.Thread.run(Thread.java:748)
2019-09-25 19:41:04,817 [pool-176-thread-5] ERROR freon.RandomKeyGenerator (RandomKeyGenerator.java:createKey(733)) - Exception while adding key: key-2-05594 in bucket: bucket-2-21306 of volume: vol-1-90173.
INTERNAL_ERROR org.apache.hadoop.ozone.om.exceptions.OMException: Allocated 0 blocks. Requested 1 blocks
	at org.apache.hadoop.ozone.om.protocolPB.OzoneManagerProtocolClientSideTranslatorPB.handleError(OzoneManagerProtocolClientSideTranslatorPB.java:732)
	at org.apache.hadoop.ozone.om.protocolPB.OzoneManagerProtocolClientSideTranslatorPB.allocateBlock(OzoneManagerProtocolClientSideTranslatorPB.java:764)
	at sun.reflect.NativeMethodAccessorImpl.invoke0(Native Method)
	at sun.reflect.NativeMethodAccessorImpl.invoke(NativeMethodAccessorImpl.java:62)
	at sun.reflect.DelegatingMethodAccessorImpl.invoke(DelegatingMethodAccessorImpl.java:43)
	at java.lang.reflect.Method.invoke(Method.java:498)
	at org.apache.hadoop.hdds.tracing.TraceAllMethod.invoke(TraceAllMethod.java:66)
	at com.sun.proxy.$Proxy37.allocateBlock(Unknown Source)
	at org.apache.hadoop.ozone.client.io.BlockOutputStreamEntryPool.allocateNewBlock(BlockOutputStreamEntryPool.java:248)
	at org.apache.hadoop.ozone.client.io.BlockOutputStreamEntryPool.allocateBlockIfNeeded(BlockOutputStreamEntryPool.java:296)
	at org.apache.hadoop.ozone.client.io.KeyOutputStream.handleWrite(KeyOutputStream.java:198)
	at org.apache.hadoop.ozone.client.io.KeyOutputStream.handleRetry(KeyOutputStream.java:375)
	at org.apache.hadoop.ozone.client.io.KeyOutputStream.handleException(KeyOutputStream.java:324)
	at org.apache.hadoop.ozone.client.io.KeyOutputStream.handleFlushOrClose(KeyOutputStream.java:449)
	at org.apache.hadoop.ozone.client.io.KeyOutputStream.close(KeyOutputStream.java:473)
	at org.apache.hadoop.ozone.client.io.OzoneOutputStream.close(OzoneOutputStream.java:60)
	at org.apache.hadoop.ozone.freon.RandomKeyGenerator.createKey(RandomKeyGenerator.java:710)
	at org.apache.hadoop.ozone.freon.RandomKeyGenerator.access$1100(RandomKeyGenerator.java:88)
	at org.apache.hadoop.ozone.freon.RandomKeyGenerator$ObjectCreator.run(RandomKeyGenerator.java:615)
	at java.util.concurrent.Executors$RunnableAdapter.call(Executors.java:511)
	at java.util.concurrent.FutureTask.run(FutureTask.java:266)
	at java.util.concurrent.ThreadPoolExecutor.runWorker(ThreadPoolExecutor.java:1149)
	at java.util.concurrent.ThreadPoolExecutor$Worker.run(ThreadPoolExecutor.java:624)
	at java.lang.Thread.run(Thread.java:748)
2019-09-25 19:41:04,814 [pool-176-thread-3] ERROR freon.RandomKeyGenerator (RandomKeyGenerator.java:createKey(733)) - Exception while adding key: key-2-81341 in bucket: bucket-3-18611 of volume: vol-0-81493.
INTERNAL_ERROR org.apache.hadoop.ozone.om.exceptions.OMException: Allocated 0 blocks. Requested 1 blocks
	at org.apache.hadoop.ozone.om.protocolPB.OzoneManagerProtocolClientSideTranslatorPB.handleError(OzoneManagerProtocolClientSideTranslatorPB.java:732)
	at org.apache.hadoop.ozone.om.protocolPB.OzoneManagerProtocolClientSideTranslatorPB.allocateBlock(OzoneManagerProtocolClientSideTranslatorPB.java:764)
	at sun.reflect.NativeMethodAccessorImpl.invoke0(Native Method)
	at sun.reflect.NativeMethodAccessorImpl.invoke(NativeMethodAccessorImpl.java:62)
	at sun.reflect.DelegatingMethodAccessorImpl.invoke(DelegatingMethodAccessorImpl.java:43)
	at java.lang.reflect.Method.invoke(Method.java:498)
	at org.apache.hadoop.hdds.tracing.TraceAllMethod.invoke(TraceAllMethod.java:66)
	at com.sun.proxy.$Proxy37.allocateBlock(Unknown Source)
	at org.apache.hadoop.ozone.client.io.BlockOutputStreamEntryPool.allocateNewBlock(BlockOutputStreamEntryPool.java:248)
	at org.apache.hadoop.ozone.client.io.BlockOutputStreamEntryPool.allocateBlockIfNeeded(BlockOutputStreamEntryPool.java:296)
	at org.apache.hadoop.ozone.client.io.KeyOutputStream.handleWrite(KeyOutputStream.java:198)
	at org.apache.hadoop.ozone.client.io.KeyOutputStream.handleRetry(KeyOutputStream.java:375)
	at org.apache.hadoop.ozone.client.io.KeyOutputStream.handleException(KeyOutputStream.java:324)
	at org.apache.hadoop.ozone.client.io.KeyOutputStream.handleFlushOrClose(KeyOutputStream.java:449)
	at org.apache.hadoop.ozone.client.io.KeyOutputStream.close(KeyOutputStream.java:473)
	at org.apache.hadoop.ozone.client.io.OzoneOutputStream.close(OzoneOutputStream.java:60)
	at org.apache.hadoop.ozone.freon.RandomKeyGenerator.createKey(RandomKeyGenerator.java:710)
	at org.apache.hadoop.ozone.freon.RandomKeyGenerator.access$1100(RandomKeyGenerator.java:88)
	at org.apache.hadoop.ozone.freon.RandomKeyGenerator$ObjectCreator.run(RandomKeyGenerator.java:615)
	at java.util.concurrent.Executors$RunnableAdapter.call(Executors.java:511)
	at java.util.concurrent.FutureTask.run(FutureTask.java:266)
	at java.util.concurrent.ThreadPoolExecutor.runWorker(ThreadPoolExecutor.java:1149)
	at java.util.concurrent.ThreadPoolExecutor$Worker.run(ThreadPoolExecutor.java:624)
	at java.lang.Thread.run(Thread.java:748)
2019-09-25 19:41:04,819 [pool-176-thread-9] ERROR freon.RandomKeyGenerator (RandomKeyGenerator.java:createKey(733)) - Exception while adding key: key-2-60450 in bucket: bucket-3-35871 of volume: vol-1-90173.
INTERNAL_ERROR org.apache.hadoop.ozone.om.exceptions.OMException: Allocated 0 blocks. Requested 1 blocks
	at org.apache.hadoop.ozone.om.protocolPB.OzoneManagerProtocolClientSideTranslatorPB.handleError(OzoneManagerProtocolClientSideTranslatorPB.java:732)
	at org.apache.hadoop.ozone.om.protocolPB.OzoneManagerProtocolClientSideTranslatorPB.allocateBlock(OzoneManagerProtocolClientSideTranslatorPB.java:764)
	at sun.reflect.NativeMethodAccessorImpl.invoke0(Native Method)
	at sun.reflect.NativeMethodAccessorImpl.invoke(NativeMethodAccessorImpl.java:62)
	at sun.reflect.DelegatingMethodAccessorImpl.invoke(DelegatingMethodAccessorImpl.java:43)
	at java.lang.reflect.Method.invoke(Method.java:498)
	at org.apache.hadoop.hdds.tracing.TraceAllMethod.invoke(TraceAllMethod.java:66)
	at com.sun.proxy.$Proxy37.allocateBlock(Unknown Source)
	at org.apache.hadoop.ozone.client.io.BlockOutputStreamEntryPool.allocateNewBlock(BlockOutputStreamEntryPool.java:248)
	at org.apache.hadoop.ozone.client.io.BlockOutputStreamEntryPool.allocateBlockIfNeeded(BlockOutputStreamEntryPool.java:296)
	at org.apache.hadoop.ozone.client.io.KeyOutputStream.handleWrite(KeyOutputStream.java:198)
	at org.apache.hadoop.ozone.client.io.KeyOutputStream.handleRetry(KeyOutputStream.java:375)
	at org.apache.hadoop.ozone.client.io.KeyOutputStream.handleException(KeyOutputStream.java:324)
	at org.apache.hadoop.ozone.client.io.KeyOutputStream.handleFlushOrClose(KeyOutputStream.java:449)
	at org.apache.hadoop.ozone.client.io.KeyOutputStream.close(KeyOutputStream.java:473)
	at org.apache.hadoop.ozone.client.io.OzoneOutputStream.close(OzoneOutputStream.java:60)
	at org.apache.hadoop.ozone.freon.RandomKeyGenerator.createKey(RandomKeyGenerator.java:710)
	at org.apache.hadoop.ozone.freon.RandomKeyGenerator.access$1100(RandomKeyGenerator.java:88)
	at org.apache.hadoop.ozone.freon.RandomKeyGenerator$ObjectCreator.run(RandomKeyGenerator.java:615)
	at java.util.concurrent.Executors$RunnableAdapter.call(Executors.java:511)
	at java.util.concurrent.FutureTask.run(FutureTask.java:266)
	at java.util.concurrent.ThreadPoolExecutor.runWorker(ThreadPoolExecutor.java:1149)
	at java.util.concurrent.ThreadPoolExecutor$Worker.run(ThreadPoolExecutor.java:624)
	at java.lang.Thread.run(Thread.java:748)
2019-09-25 19:41:05,326 [grpc-default-executor-7] WARN  server.GrpcLogAppender (GrpcLogAppender.java:onNextImpl(251)) - 8e060d03-41f1-4f58-b316-a26b8d90e5ab@group-08878B4311E5->a490dfbe-25f2-4254-a039-9640d44159eb-AppendLogResponseHandler: Request not found, ignoring reply: 8e060d03-41f1-4f58-b316-a26b8d90e5ab<-a490dfbe-25f2-4254-a039-9640d44159eb#487:OK,SUCCESS,nextIndex:471,term:3,followerCommit:452
2019-09-25 19:41:05,327 [grpc-default-executor-7] WARN  server.GrpcLogAppender (GrpcLogAppender.java:onNextImpl(251)) - 8e060d03-41f1-4f58-b316-a26b8d90e5ab@group-08878B4311E5->a490dfbe-25f2-4254-a039-9640d44159eb-AppendLogResponseHandler: Request not found, ignoring reply: 8e060d03-41f1-4f58-b316-a26b8d90e5ab<-a490dfbe-25f2-4254-a039-9640d44159eb#488:OK,SUCCESS,nextIndex:472,term:3,followerCommit:452
2019-09-25 19:41:05,327 [grpc-default-executor-7] WARN  server.GrpcLogAppender (GrpcLogAppender.java:onNextImpl(251)) - 8e060d03-41f1-4f58-b316-a26b8d90e5ab@group-08878B4311E5->a490dfbe-25f2-4254-a039-9640d44159eb-AppendLogResponseHandler: Request not found, ignoring reply: 8e060d03-41f1-4f58-b316-a26b8d90e5ab<-a490dfbe-25f2-4254-a039-9640d44159eb#489:OK,SUCCESS,nextIndex:472,term:3,followerCommit:452
2019-09-25 19:41:05,328 [grpc-default-executor-7] WARN  server.GrpcLogAppender (GrpcLogAppender.java:onNextImpl(251)) - 8e060d03-41f1-4f58-b316-a26b8d90e5ab@group-08878B4311E5->a490dfbe-25f2-4254-a039-9640d44159eb-AppendLogResponseHandler: Request not found, ignoring reply: 8e060d03-41f1-4f58-b316-a26b8d90e5ab<-a490dfbe-25f2-4254-a039-9640d44159eb#490:OK,SUCCESS,nextIndex:472,term:3,followerCommit:452
2019-09-25 19:41:05,408 [grpc-default-executor-7] WARN  server.GrpcLogAppender (GrpcLogAppender.java:onNextImpl(251)) - 8e060d03-41f1-4f58-b316-a26b8d90e5ab@group-08878B4311E5->5e731f39-3a46-4f41-835b-a13153cc970b-AppendLogResponseHandler: Request not found, ignoring reply: 8e060d03-41f1-4f58-b316-a26b8d90e5ab<-5e731f39-3a46-4f41-835b-a13153cc970b#487:OK,SUCCESS,nextIndex:471,term:3,followerCommit:452
2019-09-25 19:41:05,408 [grpc-default-executor-7] WARN  server.GrpcLogAppender (GrpcLogAppender.java:onNextImpl(251)) - 8e060d03-41f1-4f58-b316-a26b8d90e5ab@group-08878B4311E5->5e731f39-3a46-4f41-835b-a13153cc970b-AppendLogResponseHandler: Request not found, ignoring reply: 8e060d03-41f1-4f58-b316-a26b8d90e5ab<-5e731f39-3a46-4f41-835b-a13153cc970b#488:OK,SUCCESS,nextIndex:472,term:3,followerCommit:452
2019-09-25 19:41:05,409 [grpc-default-executor-7] WARN  server.GrpcLogAppender (GrpcLogAppender.java:onNextImpl(251)) - 8e060d03-41f1-4f58-b316-a26b8d90e5ab@group-08878B4311E5->5e731f39-3a46-4f41-835b-a13153cc970b-AppendLogResponseHandler: Request not found, ignoring reply: 8e060d03-41f1-4f58-b316-a26b8d90e5ab<-5e731f39-3a46-4f41-835b-a13153cc970b#489:OK,SUCCESS,nextIndex:472,term:3,followerCommit:452
2019-09-25 19:41:05,409 [grpc-default-executor-7] WARN  server.GrpcLogAppender (GrpcLogAppender.java:onNextImpl(251)) - 8e060d03-41f1-4f58-b316-a26b8d90e5ab@group-08878B4311E5->5e731f39-3a46-4f41-835b-a13153cc970b-AppendLogResponseHandler: Request not found, ignoring reply: 8e060d03-41f1-4f58-b316-a26b8d90e5ab<-5e731f39-3a46-4f41-835b-a13153cc970b#490:OK,SUCCESS,nextIndex:472,term:3,followerCommit:452
 26.00% |███████████████████████████                                                                          |  26/100 Time: 0:00:11 26.00% |███████████████████████████                                                                          |  26/100 Time: 0:00:12 26.00% |███████████████████████████                                                                          |  26/100 Time: 0:00:132019-09-25 19:41:08,340 [java.util.concurrent.ThreadPoolExecutor$Worker@2ccf428d[State = -1, empty queue]] WARN  server.GrpcLogAppender (GrpcLogAppender.java:timeoutAppendRequest(200)) - 8e060d03-41f1-4f58-b316-a26b8d90e5ab@group-08878B4311E5->5e731f39-3a46-4f41-835b-a13153cc970b-GrpcLogAppender: appendEntries Timeout, request=8e060d03-41f1-4f58-b316-a26b8d90e5ab->5e731f39-3a46-4f41-835b-a13153cc970b#493-t3, previous=(t:3, i:471), leaderCommit=471, initializing? false, entries: size=1, first=(t:3, i:472), METADATAENTRY(c471)
2019-09-25 19:41:08,340 [java.util.concurrent.ThreadPoolExecutor$Worker@69110594[State = -1, empty queue]] WARN  server.GrpcLogAppender (GrpcLogAppender.java:timeoutAppendRequest(200)) - 8e060d03-41f1-4f58-b316-a26b8d90e5ab@group-08878B4311E5->a490dfbe-25f2-4254-a039-9640d44159eb-GrpcLogAppender: appendEntries Timeout, request=8e060d03-41f1-4f58-b316-a26b8d90e5ab->a490dfbe-25f2-4254-a039-9640d44159eb#493-t3, previous=(t:3, i:471), leaderCommit=471, initializing? false, entries: size=1, first=(t:3, i:472), METADATAENTRY(c471)
 26.00% |███████████████████████████                                                                          |  26/100 Time: 0:00:14 26.00% |███████████████████████████                                                                          |  26/100 Time: 0:00:152019-09-25 19:41:10,362 [pool-176-thread-7] WARN  scm.XceiverClientRatis (XceiverClientRatis.java:watchForCommit(292)) - 3 way commit failed on pipeline Pipeline[ Id: 19ce6a03-fd86-4194-9b5c-08878b4311e5, Nodes: 5e731f39-3a46-4f41-835b-a13153cc970b{ip: 192.168.164.232, host: pr-hdds-2174-qcxnv-2820930021, networkLocation: /default-rack, certSerialId: null}8e060d03-41f1-4f58-b316-a26b8d90e5ab{ip: 192.168.164.232, host: pr-hdds-2174-qcxnv-2820930021, networkLocation: /default-rack, certSerialId: null}a490dfbe-25f2-4254-a039-9640d44159eb{ip: 192.168.164.232, host: pr-hdds-2174-qcxnv-2820930021, networkLocation: /default-rack, certSerialId: null}, Type:RATIS, Factor:THREE, State:OPEN]
java.util.concurrent.TimeoutException
	at java.util.concurrent.CompletableFuture.timedGet(CompletableFuture.java:1771)
	at java.util.concurrent.CompletableFuture.get(CompletableFuture.java:1915)
	at org.apache.hadoop.hdds.scm.XceiverClientRatis.watchForCommit(XceiverClientRatis.java:289)
	at org.apache.hadoop.hdds.scm.storage.CommitWatcher.watchForCommit(CommitWatcher.java:194)
	at org.apache.hadoop.hdds.scm.storage.CommitWatcher.watchOnLastIndex(CommitWatcher.java:157)
	at org.apache.hadoop.hdds.scm.storage.BlockOutputStream.watchForCommit(BlockOutputStream.java:347)
	at org.apache.hadoop.hdds.scm.storage.BlockOutputStream.handleFlush(BlockOutputStream.java:479)
	at org.apache.hadoop.hdds.scm.storage.BlockOutputStream.close(BlockOutputStream.java:493)
	at org.apache.hadoop.ozone.client.io.BlockOutputStreamEntry.close(BlockOutputStreamEntry.java:143)
	at org.apache.hadoop.ozone.client.io.KeyOutputStream.handleFlushOrClose(KeyOutputStream.java:435)
	at org.apache.hadoop.ozone.client.io.KeyOutputStream.close(KeyOutputStream.java:473)
	at org.apache.hadoop.ozone.client.io.OzoneOutputStream.close(OzoneOutputStream.java:60)
	at org.apache.hadoop.ozone.freon.RandomKeyGenerator.createKey(RandomKeyGenerator.java:710)
	at org.apache.hadoop.ozone.freon.RandomKeyGenerator.access$1100(RandomKeyGenerator.java:88)
	at org.apache.hadoop.ozone.freon.RandomKeyGenerator$ObjectCreator.run(RandomKeyGenerator.java:615)
	at java.util.concurrent.Executors$RunnableAdapter.call(Executors.java:511)
	at java.util.concurrent.FutureTask.run(FutureTask.java:266)
	at java.util.concurrent.ThreadPoolExecutor.runWorker(ThreadPoolExecutor.java:1149)
	at java.util.concurrent.ThreadPoolExecutor$Worker.run(ThreadPoolExecutor.java:624)
	at java.lang.Thread.run(Thread.java:748)
2019-09-25 19:41:10,363 [pool-176-thread-1] WARN  scm.XceiverClientRatis (XceiverClientRatis.java:watchForCommit(292)) - 3 way commit failed on pipeline Pipeline[ Id: 19ce6a03-fd86-4194-9b5c-08878b4311e5, Nodes: 5e731f39-3a46-4f41-835b-a13153cc970b{ip: 192.168.164.232, host: pr-hdds-2174-qcxnv-2820930021, networkLocation: /default-rack, certSerialId: null}8e060d03-41f1-4f58-b316-a26b8d90e5ab{ip: 192.168.164.232, host: pr-hdds-2174-qcxnv-2820930021, networkLocation: /default-rack, certSerialId: null}a490dfbe-25f2-4254-a039-9640d44159eb{ip: 192.168.164.232, host: pr-hdds-2174-qcxnv-2820930021, networkLocation: /default-rack, certSerialId: null}, Type:RATIS, Factor:THREE, State:OPEN]
java.util.concurrent.TimeoutException
	at java.util.concurrent.CompletableFuture.timedGet(CompletableFuture.java:1771)
	at java.util.concurrent.CompletableFuture.get(CompletableFuture.java:1915)
	at org.apache.hadoop.hdds.scm.XceiverClientRatis.watchForCommit(XceiverClientRatis.java:289)
	at org.apache.hadoop.hdds.scm.storage.CommitWatcher.watchForCommit(CommitWatcher.java:194)
	at org.apache.hadoop.hdds.scm.storage.CommitWatcher.watchOnLastIndex(CommitWatcher.java:157)
	at org.apache.hadoop.hdds.scm.storage.BlockOutputStream.watchForCommit(BlockOutputStream.java:347)
	at org.apache.hadoop.hdds.scm.storage.BlockOutputStream.handleFlush(BlockOutputStream.java:479)
	at org.apache.hadoop.hdds.scm.storage.BlockOutputStream.close(BlockOutputStream.java:493)
	at org.apache.hadoop.ozone.client.io.BlockOutputStreamEntry.close(BlockOutputStreamEntry.java:143)
	at org.apache.hadoop.ozone.client.io.KeyOutputStream.handleFlushOrClose(KeyOutputStream.java:435)
	at org.apache.hadoop.ozone.client.io.KeyOutputStream.close(KeyOutputStream.java:473)
	at org.apache.hadoop.ozone.client.io.OzoneOutputStream.close(OzoneOutputStream.java:60)
	at org.apache.hadoop.ozone.freon.RandomKeyGenerator.createKey(RandomKeyGenerator.java:710)
	at org.apache.hadoop.ozone.freon.RandomKeyGenerator.access$1100(RandomKeyGenerator.java:88)
	at org.apache.hadoop.ozone.freon.RandomKeyGenerator$ObjectCreator.run(RandomKeyGenerator.java:615)
	at java.util.concurrent.Executors$RunnableAdapter.call(Executors.java:511)
	at java.util.concurrent.FutureTask.run(FutureTask.java:266)
	at java.util.concurrent.ThreadPoolExecutor.runWorker(ThreadPoolExecutor.java:1149)
	at java.util.concurrent.ThreadPoolExecutor$Worker.run(ThreadPoolExecutor.java:624)
	at java.lang.Thread.run(Thread.java:748)
2019-09-25 19:41:10,362 [pool-176-thread-10] WARN  scm.XceiverClientRatis (XceiverClientRatis.java:watchForCommit(292)) - 3 way commit failed on pipeline Pipeline[ Id: 19ce6a03-fd86-4194-9b5c-08878b4311e5, Nodes: 5e731f39-3a46-4f41-835b-a13153cc970b{ip: 192.168.164.232, host: pr-hdds-2174-qcxnv-2820930021, networkLocation: /default-rack, certSerialId: null}8e060d03-41f1-4f58-b316-a26b8d90e5ab{ip: 192.168.164.232, host: pr-hdds-2174-qcxnv-2820930021, networkLocation: /default-rack, certSerialId: null}a490dfbe-25f2-4254-a039-9640d44159eb{ip: 192.168.164.232, host: pr-hdds-2174-qcxnv-2820930021, networkLocation: /default-rack, certSerialId: null}, Type:RATIS, Factor:THREE, State:OPEN]
java.util.concurrent.TimeoutException
	at java.util.concurrent.CompletableFuture.timedGet(CompletableFuture.java:1771)
	at java.util.concurrent.CompletableFuture.get(CompletableFuture.java:1915)
	at org.apache.hadoop.hdds.scm.XceiverClientRatis.watchForCommit(XceiverClientRatis.java:289)
	at org.apache.hadoop.hdds.scm.storage.CommitWatcher.watchForCommit(CommitWatcher.java:194)
	at org.apache.hadoop.hdds.scm.storage.CommitWatcher.watchOnLastIndex(CommitWatcher.java:157)
	at org.apache.hadoop.hdds.scm.storage.BlockOutputStream.watchForCommit(BlockOutputStream.java:347)
	at org.apache.hadoop.hdds.scm.storage.BlockOutputStream.handleFlush(BlockOutputStream.java:479)
	at org.apache.hadoop.hdds.scm.storage.BlockOutputStream.close(BlockOutputStream.java:493)
	at org.apache.hadoop.ozone.client.io.BlockOutputStreamEntry.close(BlockOutputStreamEntry.java:143)
	at org.apache.hadoop.ozone.client.io.KeyOutputStream.handleFlushOrClose(KeyOutputStream.java:435)
	at org.apache.hadoop.ozone.client.io.KeyOutputStream.close(KeyOutputStream.java:473)
	at org.apache.hadoop.ozone.client.io.OzoneOutputStream.close(OzoneOutputStream.java:60)
	at org.apache.hadoop.ozone.freon.RandomKeyGenerator.createKey(RandomKeyGenerator.java:710)
	at org.apache.hadoop.ozone.freon.RandomKeyGenerator.access$1100(RandomKeyGenerator.java:88)
	at org.apache.hadoop.ozone.freon.RandomKeyGenerator$ObjectCreator.run(RandomKeyGenerator.java:615)
	at java.util.concurrent.Executors$RunnableAdapter.call(Executors.java:511)
	at java.util.concurrent.FutureTask.run(FutureTask.java:266)
	at java.util.concurrent.ThreadPoolExecutor.runWorker(ThreadPoolExecutor.java:1149)
	at java.util.concurrent.ThreadPoolExecutor$Worker.run(ThreadPoolExecutor.java:624)
	at java.lang.Thread.run(Thread.java:748)
2019-09-25 19:41:10,366 [pool-176-thread-8] WARN  scm.XceiverClientRatis (XceiverClientRatis.java:watchForCommit(292)) - 3 way commit failed on pipeline Pipeline[ Id: 19ce6a03-fd86-4194-9b5c-08878b4311e5, Nodes: 5e731f39-3a46-4f41-835b-a13153cc970b{ip: 192.168.164.232, host: pr-hdds-2174-qcxnv-2820930021, networkLocation: /default-rack, certSerialId: null}8e060d03-41f1-4f58-b316-a26b8d90e5ab{ip: 192.168.164.232, host: pr-hdds-2174-qcxnv-2820930021, networkLocation: /default-rack, certSerialId: null}a490dfbe-25f2-4254-a039-9640d44159eb{ip: 192.168.164.232, host: pr-hdds-2174-qcxnv-2820930021, networkLocation: /default-rack, certSerialId: null}, Type:RATIS, Factor:THREE, State:OPEN]
java.util.concurrent.TimeoutException
	at java.util.concurrent.CompletableFuture.timedGet(CompletableFuture.java:1771)
	at java.util.concurrent.CompletableFuture.get(CompletableFuture.java:1915)
	at org.apache.hadoop.hdds.scm.XceiverClientRatis.watchForCommit(XceiverClientRatis.java:289)
	at org.apache.hadoop.hdds.scm.storage.CommitWatcher.watchForCommit(CommitWatcher.java:194)
	at org.apache.hadoop.hdds.scm.storage.CommitWatcher.watchOnLastIndex(CommitWatcher.java:157)
	at org.apache.hadoop.hdds.scm.storage.BlockOutputStream.watchForCommit(BlockOutputStream.java:347)
	at org.apache.hadoop.hdds.scm.storage.BlockOutputStream.handleFlush(BlockOutputStream.java:479)
	at org.apache.hadoop.hdds.scm.storage.BlockOutputStream.close(BlockOutputStream.java:493)
	at org.apache.hadoop.ozone.client.io.BlockOutputStreamEntry.close(BlockOutputStreamEntry.java:143)
	at org.apache.hadoop.ozone.client.io.KeyOutputStream.handleFlushOrClose(KeyOutputStream.java:435)
	at org.apache.hadoop.ozone.client.io.KeyOutputStream.close(KeyOutputStream.java:473)
	at org.apache.hadoop.ozone.client.io.OzoneOutputStream.close(OzoneOutputStream.java:60)
	at org.apache.hadoop.ozone.freon.RandomKeyGenerator.createKey(RandomKeyGenerator.java:710)
	at org.apache.hadoop.ozone.freon.RandomKeyGenerator.access$1100(RandomKeyGenerator.java:88)
	at org.apache.hadoop.ozone.freon.RandomKeyGenerator$ObjectCreator.run(RandomKeyGenerator.java:615)
	at java.util.concurrent.Executors$RunnableAdapter.call(Executors.java:511)
	at java.util.concurrent.FutureTask.run(FutureTask.java:266)
	at java.util.concurrent.ThreadPoolExecutor.runWorker(ThreadPoolExecutor.java:1149)
	at java.util.concurrent.ThreadPoolExecutor$Worker.run(ThreadPoolExecutor.java:624)
	at java.lang.Thread.run(Thread.java:748)
2019-09-25 19:41:10,367 [pool-176-thread-4] WARN  scm.XceiverClientRatis (XceiverClientRatis.java:watchForCommit(292)) - 3 way commit failed on pipeline Pipeline[ Id: 19ce6a03-fd86-4194-9b5c-08878b4311e5, Nodes: 5e731f39-3a46-4f41-835b-a13153cc970b{ip: 192.168.164.232, host: pr-hdds-2174-qcxnv-2820930021, networkLocation: /default-rack, certSerialId: null}8e060d03-41f1-4f58-b316-a26b8d90e5ab{ip: 192.168.164.232, host: pr-hdds-2174-qcxnv-2820930021, networkLocation: /default-rack, certSerialId: null}a490dfbe-25f2-4254-a039-9640d44159eb{ip: 192.168.164.232, host: pr-hdds-2174-qcxnv-2820930021, networkLocation: /default-rack, certSerialId: null}, Type:RATIS, Factor:THREE, State:OPEN]
java.util.concurrent.TimeoutException
	at java.util.concurrent.CompletableFuture.timedGet(CompletableFuture.java:1771)
	at java.util.concurrent.CompletableFuture.get(CompletableFuture.java:1915)
	at org.apache.hadoop.hdds.scm.XceiverClientRatis.watchForCommit(XceiverClientRatis.java:289)
	at org.apache.hadoop.hdds.scm.storage.CommitWatcher.watchForCommit(CommitWatcher.java:194)
	at org.apache.hadoop.hdds.scm.storage.CommitWatcher.watchOnLastIndex(CommitWatcher.java:157)
	at org.apache.hadoop.hdds.scm.storage.BlockOutputStream.watchForCommit(BlockOutputStream.java:347)
	at org.apache.hadoop.hdds.scm.storage.BlockOutputStream.handleFlush(BlockOutputStream.java:479)
	at org.apache.hadoop.hdds.scm.storage.BlockOutputStream.close(BlockOutputStream.java:493)
	at org.apache.hadoop.ozone.client.io.BlockOutputStreamEntry.close(BlockOutputStreamEntry.java:143)
	at org.apache.hadoop.ozone.client.io.KeyOutputStream.handleFlushOrClose(KeyOutputStream.java:435)
	at org.apache.hadoop.ozone.client.io.KeyOutputStream.close(KeyOutputStream.java:473)
	at org.apache.hadoop.ozone.client.io.OzoneOutputStream.close(OzoneOutputStream.java:60)
	at org.apache.hadoop.ozone.freon.RandomKeyGenerator.createKey(RandomKeyGenerator.java:710)
	at org.apache.hadoop.ozone.freon.RandomKeyGenerator.access$1100(RandomKeyGenerator.java:88)
	at org.apache.hadoop.ozone.freon.RandomKeyGenerator$ObjectCreator.run(RandomKeyGenerator.java:615)
	at java.util.concurrent.Executors$RunnableAdapter.call(Executors.java:511)
	at java.util.concurrent.FutureTask.run(FutureTask.java:266)
	at java.util.concurrent.ThreadPoolExecutor.runWorker(ThreadPoolExecutor.java:1149)
	at java.util.concurrent.ThreadPoolExecutor$Worker.run(ThreadPoolExecutor.java:624)
	at java.lang.Thread.run(Thread.java:748)
2019-09-25 19:41:10,378 [pool-176-thread-2] WARN  scm.XceiverClientRatis (XceiverClientRatis.java:watchForCommit(292)) - 3 way commit failed on pipeline Pipeline[ Id: 19ce6a03-fd86-4194-9b5c-08878b4311e5, Nodes: 5e731f39-3a46-4f41-835b-a13153cc970b{ip: 192.168.164.232, host: pr-hdds-2174-qcxnv-2820930021, networkLocation: /default-rack, certSerialId: null}8e060d03-41f1-4f58-b316-a26b8d90e5ab{ip: 192.168.164.232, host: pr-hdds-2174-qcxnv-2820930021, networkLocation: /default-rack, certSerialId: null}a490dfbe-25f2-4254-a039-9640d44159eb{ip: 192.168.164.232, host: pr-hdds-2174-qcxnv-2820930021, networkLocation: /default-rack, certSerialId: null}, Type:RATIS, Factor:THREE, State:OPEN]
java.util.concurrent.TimeoutException
	at java.util.concurrent.CompletableFuture.timedGet(CompletableFuture.java:1771)
	at java.util.concurrent.CompletableFuture.get(CompletableFuture.java:1915)
	at org.apache.hadoop.hdds.scm.XceiverClientRatis.watchForCommit(XceiverClientRatis.java:289)
	at org.apache.hadoop.hdds.scm.storage.CommitWatcher.watchForCommit(CommitWatcher.java:194)
	at org.apache.hadoop.hdds.scm.storage.CommitWatcher.watchOnLastIndex(CommitWatcher.java:157)
	at org.apache.hadoop.hdds.scm.storage.BlockOutputStream.watchForCommit(BlockOutputStream.java:347)
	at org.apache.hadoop.hdds.scm.storage.BlockOutputStream.handleFlush(BlockOutputStream.java:479)
	at org.apache.hadoop.hdds.scm.storage.BlockOutputStream.close(BlockOutputStream.java:493)
	at org.apache.hadoop.ozone.client.io.BlockOutputStreamEntry.close(BlockOutputStreamEntry.java:143)
	at org.apache.hadoop.ozone.client.io.KeyOutputStream.handleFlushOrClose(KeyOutputStream.java:435)
	at org.apache.hadoop.ozone.client.io.KeyOutputStream.close(KeyOutputStream.java:473)
	at org.apache.hadoop.ozone.client.io.OzoneOutputStream.close(OzoneOutputStream.java:60)
	at org.apache.hadoop.ozone.freon.RandomKeyGenerator.createKey(RandomKeyGenerator.java:710)
	at org.apache.hadoop.ozone.freon.RandomKeyGenerator.access$1100(RandomKeyGenerator.java:88)
	at org.apache.hadoop.ozone.freon.RandomKeyGenerator$ObjectCreator.run(RandomKeyGenerator.java:615)
	at java.util.concurrent.Executors$RunnableAdapter.call(Executors.java:511)
	at java.util.concurrent.FutureTask.run(FutureTask.java:266)
	at java.util.concurrent.ThreadPoolExecutor.runWorker(ThreadPoolExecutor.java:1149)
	at java.util.concurrent.ThreadPoolExecutor$Worker.run(ThreadPoolExecutor.java:624)
	at java.lang.Thread.run(Thread.java:748)
2019-09-25 19:41:10,378 [pool-176-thread-6] WARN  scm.XceiverClientRatis (XceiverClientRatis.java:watchForCommit(292)) - 3 way commit failed on pipeline Pipeline[ Id: 19ce6a03-fd86-4194-9b5c-08878b4311e5, Nodes: 5e731f39-3a46-4f41-835b-a13153cc970b{ip: 192.168.164.232, host: pr-hdds-2174-qcxnv-2820930021, networkLocation: /default-rack, certSerialId: null}8e060d03-41f1-4f58-b316-a26b8d90e5ab{ip: 192.168.164.232, host: pr-hdds-2174-qcxnv-2820930021, networkLocation: /default-rack, certSerialId: null}a490dfbe-25f2-4254-a039-9640d44159eb{ip: 192.168.164.232, host: pr-hdds-2174-qcxnv-2820930021, networkLocation: /default-rack, certSerialId: null}, Type:RATIS, Factor:THREE, State:OPEN]
java.util.concurrent.TimeoutException
	at java.util.concurrent.CompletableFuture.timedGet(CompletableFuture.java:1771)
	at java.util.concurrent.CompletableFuture.get(CompletableFuture.java:1915)
	at org.apache.hadoop.hdds.scm.XceiverClientRatis.watchForCommit(XceiverClientRatis.java:289)
	at org.apache.hadoop.hdds.scm.storage.CommitWatcher.watchForCommit(CommitWatcher.java:194)
	at org.apache.hadoop.hdds.scm.storage.CommitWatcher.watchOnLastIndex(CommitWatcher.java:157)
	at org.apache.hadoop.hdds.scm.storage.BlockOutputStream.watchForCommit(BlockOutputStream.java:347)
	at org.apache.hadoop.hdds.scm.storage.BlockOutputStream.handleFlush(BlockOutputStream.java:479)
	at org.apache.hadoop.hdds.scm.storage.BlockOutputStream.close(BlockOutputStream.java:493)
	at org.apache.hadoop.ozone.client.io.BlockOutputStreamEntry.close(BlockOutputStreamEntry.java:143)
	at org.apache.hadoop.ozone.client.io.KeyOutputStream.handleFlushOrClose(KeyOutputStream.java:435)
	at org.apache.hadoop.ozone.client.io.KeyOutputStream.close(KeyOutputStream.java:473)
	at org.apache.hadoop.ozone.client.io.OzoneOutputStream.close(OzoneOutputStream.java:60)
	at org.apache.hadoop.ozone.freon.RandomKeyGenerator.createKey(RandomKeyGenerator.java:710)
	at org.apache.hadoop.ozone.freon.RandomKeyGenerator.access$1100(RandomKeyGenerator.java:88)
	at org.apache.hadoop.ozone.freon.RandomKeyGenerator$ObjectCreator.run(RandomKeyGenerator.java:615)
	at java.util.concurrent.Executors$RunnableAdapter.call(Executors.java:511)
	at java.util.concurrent.FutureTask.run(FutureTask.java:266)
	at java.util.concurrent.ThreadPoolExecutor.runWorker(ThreadPoolExecutor.java:1149)
	at java.util.concurrent.ThreadPoolExecutor$Worker.run(ThreadPoolExecutor.java:624)
	at java.lang.Thread.run(Thread.java:748)
2019-09-25 19:41:10,448 [grpc-default-executor-7] WARN  server.GrpcLogAppender (GrpcLogAppender.java:onNextImpl(251)) - 8e060d03-41f1-4f58-b316-a26b8d90e5ab@group-08878B4311E5->a490dfbe-25f2-4254-a039-9640d44159eb-AppendLogResponseHandler: Request not found, ignoring reply: 8e060d03-41f1-4f58-b316-a26b8d90e5ab<-a490dfbe-25f2-4254-a039-9640d44159eb#493:OK,SUCCESS,nextIndex:473,term:3,followerCommit:471
2019-09-25 19:41:10,449 [grpc-default-executor-0] WARN  server.GrpcLogAppender (GrpcLogAppender.java:onNextImpl(251)) - 8e060d03-41f1-4f58-b316-a26b8d90e5ab@group-08878B4311E5->5e731f39-3a46-4f41-835b-a13153cc970b-AppendLogResponseHandler: Request not found, ignoring reply: 8e060d03-41f1-4f58-b316-a26b8d90e5ab<-5e731f39-3a46-4f41-835b-a13153cc970b#493:OK,SUCCESS,nextIndex:473,term:3,followerCommit:471
 26.00% |███████████████████████████                                                                          |  26/100 Time: 0:00:162019-09-25 19:41:10,462 [pool-176-thread-7] INFO  scm.XceiverClientRatis (XceiverClientRatis.java:lambda$watchForCommit$7(310)) - Could not commit index 460 on pipeline Pipeline[ Id: 19ce6a03-fd86-4194-9b5c-08878b4311e5, Nodes: 5e731f39-3a46-4f41-835b-a13153cc970b{ip: 192.168.164.232, host: pr-hdds-2174-qcxnv-2820930021, networkLocation: /default-rack, certSerialId: null}8e060d03-41f1-4f58-b316-a26b8d90e5ab{ip: 192.168.164.232, host: pr-hdds-2174-qcxnv-2820930021, networkLocation: /default-rack, certSerialId: null}a490dfbe-25f2-4254-a039-9640d44159eb{ip: 192.168.164.232, host: pr-hdds-2174-qcxnv-2820930021, networkLocation: /default-rack, certSerialId: null}, Type:RATIS, Factor:THREE, State:OPEN] to all the nodes. Server 5e731f39-3a46-4f41-835b-a13153cc970b has failed. Committed by majority.
2019-09-25 19:41:10,463 [pool-176-thread-7] WARN  storage.BlockOutputStream (BlockOutputStream.java:watchForCommit(353)) - Failed to commit BlockId conID: 1 locID: 102854849637908741 bcsId: 460 on Pipeline[ Id: 19ce6a03-fd86-4194-9b5c-08878b4311e5, Nodes: 5e731f39-3a46-4f41-835b-a13153cc970b{ip: 192.168.164.232, host: pr-hdds-2174-qcxnv-2820930021, networkLocation: /default-rack, certSerialId: null}8e060d03-41f1-4f58-b316-a26b8d90e5ab{ip: 192.168.164.232, host: pr-hdds-2174-qcxnv-2820930021, networkLocation: /default-rack, certSerialId: null}a490dfbe-25f2-4254-a039-9640d44159eb{ip: 192.168.164.232, host: pr-hdds-2174-qcxnv-2820930021, networkLocation: /default-rack, certSerialId: null}, Type:RATIS, Factor:THREE, State:OPEN]. Failed nodes: [5e731f39-3a46-4f41-835b-a13153cc970b{ip: null, host: null, networkLocation: /default-rack, certSerialId: null}]
 33.00% |██████████████████████████████████                                                                   |  33/100 Time: 0:00:17 33.00% |██████████████████████████████████                                                                   |  33/100 Time: 0:00:18 33.00% |██████████████████████████████████                                                                   |  33/100 Time: 0:00:192019-09-25 19:41:13,531 [java.util.concurrent.ThreadPoolExecutor$Worker@69110594[State = -1, empty queue]] WARN  server.GrpcLogAppender (GrpcLogAppender.java:timeoutAppendRequest(200)) - 8e060d03-41f1-4f58-b316-a26b8d90e5ab@group-08878B4311E5->a490dfbe-25f2-4254-a039-9640d44159eb-GrpcLogAppender: appendEntries Timeout, request=8e060d03-41f1-4f58-b316-a26b8d90e5ab->a490dfbe-25f2-4254-a039-9640d44159eb#496-t3, previous=(t:3, i:472), leaderCommit=472, initializing? false, entries: size=1, first=(t:3, i:473), STATEMACHINELOGENTRY, client-547068FF98CE, cid=420
2019-09-25 19:41:13,531 [java.util.concurrent.ThreadPoolExecutor$Worker@2ccf428d[State = -1, empty queue]] WARN  server.GrpcLogAppender (GrpcLogAppender.java:timeoutAppendRequest(200)) - 8e060d03-41f1-4f58-b316-a26b8d90e5ab@group-08878B4311E5->5e731f39-3a46-4f41-835b-a13153cc970b-GrpcLogAppender: appendEntries Timeout, request=8e060d03-41f1-4f58-b316-a26b8d90e5ab->5e731f39-3a46-4f41-835b-a13153cc970b#496-t3, previous=(t:3, i:472), leaderCommit=472, initializing? false, entries: size=1, first=(t:3, i:473), STATEMACHINELOGENTRY, client-547068FF98CE, cid=420
 33.00% |██████████████████████████████████                                                                   |  33/100 Time: 0:00:20 33.00% |██████████████████████████████████                                                                   |  33/100 Time: 0:00:212019-09-25 19:41:15,695 [grpc-default-executor-3] WARN  server.GrpcLogAppender (GrpcLogAppender.java:onNextImpl(251)) - 8e060d03-41f1-4f58-b316-a26b8d90e5ab@group-08878B4311E5->5e731f39-3a46-4f41-835b-a13153cc970b-AppendLogResponseHandler: Request not found, ignoring reply: 8e060d03-41f1-4f58-b316-a26b8d90e5ab<-5e731f39-3a46-4f41-835b-a13153cc970b#496:OK,SUCCESS,nextIndex:474,term:3,followerCommit:472
2019-09-25 19:41:15,695 [grpc-default-executor-7] WARN  server.GrpcLogAppender (GrpcLogAppender.java:onNextImpl(251)) - 8e060d03-41f1-4f58-b316-a26b8d90e5ab@group-08878B4311E5->a490dfbe-25f2-4254-a039-9640d44159eb-AppendLogResponseHandler: Request not found, ignoring reply: 8e060d03-41f1-4f58-b316-a26b8d90e5ab<-a490dfbe-25f2-4254-a039-9640d44159eb#496:OK,SUCCESS,nextIndex:474,term:3,followerCommit:472
 33.00% |██████████████████████████████████                                                                   |  33/100 Time: 0:00:22 33.00% |██████████████████████████████████                                                                   |  33/100 Time: 0:00:23 33.00% |██████████████████████████████████                                                                   |  33/100 Time: 0:00:242019-09-25 19:41:18,718 [java.util.concurrent.ThreadPoolExecutor$Worker@2ccf428d[State = -1, empty queue]] WARN  server.GrpcLogAppender (GrpcLogAppender.java:timeoutAppendRequest(200)) - 8e060d03-41f1-4f58-b316-a26b8d90e5ab@group-08878B4311E5->5e731f39-3a46-4f41-835b-a13153cc970b-GrpcLogAppender: appendEntries Timeout, request=8e060d03-41f1-4f58-b316-a26b8d90e5ab->5e731f39-3a46-4f41-835b-a13153cc970b#500-t3, previous=(t:3, i:474), leaderCommit=473, initializing? false, entries: size=1, first=(t:3, i:475), STATEMACHINELOGENTRY, client-547068FF98CE, cid=418
2019-09-25 19:41:18,718 [java.util.concurrent.ThreadPoolExecutor$Worker@69110594[State = -1, empty queue]] WARN  server.GrpcLogAppender (GrpcLogAppender.java:timeoutAppendRequest(200)) - 8e060d03-41f1-4f58-b316-a26b8d90e5ab@group-08878B4311E5->a490dfbe-25f2-4254-a039-9640d44159eb-GrpcLogAppender: appendEntries Timeout, request=8e060d03-41f1-4f58-b316-a26b8d90e5ab->a490dfbe-25f2-4254-a039-9640d44159eb#500-t3, previous=(t:3, i:474), leaderCommit=473, initializing? false, entries: size=1, first=(t:3, i:475), STATEMACHINELOGENTRY, client-547068FF98CE, cid=418
2019-09-25 19:41:18,720 [java.util.concurrent.ThreadPoolExecutor$Worker@2ccf428d[State = -1, empty queue]] WARN  server.GrpcLogAppender (GrpcLogAppender.java:timeoutAppendRequest(200)) - 8e060d03-41f1-4f58-b316-a26b8d90e5ab@group-08878B4311E5->5e731f39-3a46-4f41-835b-a13153cc970b-GrpcLogAppender: appendEntries Timeout, request=8e060d03-41f1-4f58-b316-a26b8d90e5ab->5e731f39-3a46-4f41-835b-a13153cc970b#501-t3, previous=(t:3, i:475), leaderCommit=473, initializing? false, entries: size=1, first=(t:3, i:476), STATEMACHINELOGENTRY, client-547068FF98CE, cid=417
2019-09-25 19:41:18,721 [java.util.concurrent.ThreadPoolExecutor$Worker@69110594[State = -1, empty queue]] WARN  server.GrpcLogAppender (GrpcLogAppender.java:timeoutAppendRequest(200)) - 8e060d03-41f1-4f58-b316-a26b8d90e5ab@group-08878B4311E5->a490dfbe-25f2-4254-a039-9640d44159eb-GrpcLogAppender: appendEntries Timeout, request=8e060d03-41f1-4f58-b316-a26b8d90e5ab->a490dfbe-25f2-4254-a039-9640d44159eb#501-t3, previous=(t:3, i:475), leaderCommit=473, initializing? false, entries: size=1, first=(t:3, i:476), STATEMACHINELOGENTRY, client-547068FF98CE, cid=417
2019-09-25 19:41:18,721 [java.util.concurrent.ThreadPoolExecutor$Worker@2ccf428d[State = -1, empty queue]] WARN  server.GrpcLogAppender (GrpcLogAppender.java:timeoutAppendRequest(200)) - 8e060d03-41f1-4f58-b316-a26b8d90e5ab@group-08878B4311E5->5e731f39-3a46-4f41-835b-a13153cc970b-GrpcLogAppender: appendEntries Timeout, request=8e060d03-41f1-4f58-b316-a26b8d90e5ab->5e731f39-3a46-4f41-835b-a13153cc970b#502-t3, previous=(t:3, i:476), leaderCommit=473, initializing? false, entries: size=1, first=(t:3, i:477), STATEMACHINELOGENTRY, client-547068FF98CE, cid=419
2019-09-25 19:41:18,721 [java.util.concurrent.ThreadPoolExecutor$Worker@69110594[State = -1, empty queue]] WARN  server.GrpcLogAppender (GrpcLogAppender.java:timeoutAppendRequest(200)) - 8e060d03-41f1-4f58-b316-a26b8d90e5ab@group-08878B4311E5->a490dfbe-25f2-4254-a039-9640d44159eb-GrpcLogAppender: appendEntries Timeout, request=8e060d03-41f1-4f58-b316-a26b8d90e5ab->a490dfbe-25f2-4254-a039-9640d44159eb#502-t3, previous=(t:3, i:476), leaderCommit=473, initializing? false, entries: size=1, first=(t:3, i:477), STATEMACHINELOGENTRY, client-547068FF98CE, cid=419
2019-09-25 19:41:18,721 [java.util.concurrent.ThreadPoolExecutor$Worker@2ccf428d[State = -1, empty queue]] WARN  server.GrpcLogAppender (GrpcLogAppender.java:timeoutAppendRequest(200)) - 8e060d03-41f1-4f58-b316-a26b8d90e5ab@group-08878B4311E5->5e731f39-3a46-4f41-835b-a13153cc970b-GrpcLogAppender: appendEntries Timeout, request=8e060d03-41f1-4f58-b316-a26b8d90e5ab->5e731f39-3a46-4f41-835b-a13153cc970b#503-t3, previous=(t:3, i:477), leaderCommit=473, initializing? false, entries: size=1, first=(t:3, i:478), STATEMACHINELOGENTRY, client-547068FF98CE, cid=423
2019-09-25 19:41:18,722 [java.util.concurrent.ThreadPoolExecutor$Worker@69110594[State = -1, empty queue]] WARN  server.GrpcLogAppender (GrpcLogAppender.java:timeoutAppendRequest(200)) - 8e060d03-41f1-4f58-b316-a26b8d90e5ab@group-08878B4311E5->a490dfbe-25f2-4254-a039-9640d44159eb-GrpcLogAppender: appendEntries Timeout, request=8e060d03-41f1-4f58-b316-a26b8d90e5ab->a490dfbe-25f2-4254-a039-9640d44159eb#503-t3, previous=(t:3, i:477), leaderCommit=473, initializing? false, entries: size=1, first=(t:3, i:478), STATEMACHINELOGENTRY, client-547068FF98CE, cid=423
2019-09-25 19:41:18,722 [java.util.concurrent.ThreadPoolExecutor$Worker@2ccf428d[State = -1, empty queue]] WARN  server.GrpcLogAppender (GrpcLogAppender.java:timeoutAppendRequest(200)) - 8e060d03-41f1-4f58-b316-a26b8d90e5ab@group-08878B4311E5->5e731f39-3a46-4f41-835b-a13153cc970b-GrpcLogAppender: appendEntries Timeout, request=8e060d03-41f1-4f58-b316-a26b8d90e5ab->5e731f39-3a46-4f41-835b-a13153cc970b#504-t3, previous=(t:3, i:478), leaderCommit=473, initializing? false, entries: size=1, first=(t:3, i:479), STATEMACHINELOGENTRY, client-547068FF98CE, cid=424
2019-09-25 19:41:18,722 [java.util.concurrent.ThreadPoolExecutor$Worker@69110594[State = -1, empty queue]] WARN  server.GrpcLogAppender (GrpcLogAppender.java:timeoutAppendRequest(200)) - 8e060d03-41f1-4f58-b316-a26b8d90e5ab@group-08878B4311E5->a490dfbe-25f2-4254-a039-9640d44159eb-GrpcLogAppender: appendEntries Timeout, request=8e060d03-41f1-4f58-b316-a26b8d90e5ab->a490dfbe-25f2-4254-a039-9640d44159eb#504-t3, previous=(t:3, i:478), leaderCommit=473, initializing? false, entries: size=1, first=(t:3, i:479), STATEMACHINELOGENTRY, client-547068FF98CE, cid=424
2019-09-25 19:41:18,722 [java.util.concurrent.ThreadPoolExecutor$Worker@2ccf428d[State = -1, empty queue]] WARN  server.GrpcLogAppender (GrpcLogAppender.java:timeoutAppendRequest(200)) - 8e060d03-41f1-4f58-b316-a26b8d90e5ab@group-08878B4311E5->5e731f39-3a46-4f41-835b-a13153cc970b-GrpcLogAppender: appendEntries Timeout, request=8e060d03-41f1-4f58-b316-a26b8d90e5ab->5e731f39-3a46-4f41-835b-a13153cc970b#505-t3, previous=(t:3, i:479), leaderCommit=473, initializing? false, entries: size=1, first=(t:3, i:480), STATEMACHINELOGENTRY, client-547068FF98CE, cid=422
2019-09-25 19:41:18,722 [java.util.concurrent.ThreadPoolExecutor$Worker@69110594[State = -1, empty queue]] WARN  server.GrpcLogAppender (GrpcLogAppender.java:timeoutAppendRequest(200)) - 8e060d03-41f1-4f58-b316-a26b8d90e5ab@group-08878B4311E5->a490dfbe-25f2-4254-a039-9640d44159eb-GrpcLogAppender: appendEntries Timeout, request=8e060d03-41f1-4f58-b316-a26b8d90e5ab->a490dfbe-25f2-4254-a039-9640d44159eb#505-t3, previous=(t:3, i:479), leaderCommit=473, initializing? false, entries: size=1, first=(t:3, i:480), STATEMACHINELOGENTRY, client-547068FF98CE, cid=422
2019-09-25 19:41:18,722 [java.util.concurrent.ThreadPoolExecutor$Worker@2ccf428d[State = -1, empty queue]] WARN  server.GrpcLogAppender (GrpcLogAppender.java:timeoutAppendRequest(200)) - 8e060d03-41f1-4f58-b316-a26b8d90e5ab@group-08878B4311E5->5e731f39-3a46-4f41-835b-a13153cc970b-GrpcLogAppender: appendEntries Timeout, request=8e060d03-41f1-4f58-b316-a26b8d90e5ab->5e731f39-3a46-4f41-835b-a13153cc970b#506-t3, previous=(t:3, i:480), leaderCommit=473, initializing? false, entries: size=1, first=(t:3, i:481), STATEMACHINELOGENTRY, client-547068FF98CE, cid=425
2019-09-25 19:41:18,722 [java.util.concurrent.ThreadPoolExecutor$Worker@69110594[State = -1, empty queue]] WARN  server.GrpcLogAppender (GrpcLogAppender.java:timeoutAppendRequest(200)) - 8e060d03-41f1-4f58-b316-a26b8d90e5ab@group-08878B4311E5->a490dfbe-25f2-4254-a039-9640d44159eb-GrpcLogAppender: appendEntries Timeout, request=8e060d03-41f1-4f58-b316-a26b8d90e5ab->a490dfbe-25f2-4254-a039-9640d44159eb#506-t3, previous=(t:3, i:480), leaderCommit=473, initializing? false, entries: size=1, first=(t:3, i:481), STATEMACHINELOGENTRY, client-547068FF98CE, cid=425
2019-09-25 19:41:18,723 [java.util.concurrent.ThreadPoolExecutor$Worker@2ccf428d[State = -1, empty queue]] WARN  server.GrpcLogAppender (GrpcLogAppender.java:timeoutAppendRequest(200)) - 8e060d03-41f1-4f58-b316-a26b8d90e5ab@group-08878B4311E5->5e731f39-3a46-4f41-835b-a13153cc970b-GrpcLogAppender: appendEntries Timeout, request=8e060d03-41f1-4f58-b316-a26b8d90e5ab->5e731f39-3a46-4f41-835b-a13153cc970b#507-t3, previous=(t:3, i:481), leaderCommit=473, initializing? false, entries: size=1, first=(t:3, i:482), STATEMACHINELOGENTRY, client-547068FF98CE, cid=426
2019-09-25 19:41:18,723 [java.util.concurrent.ThreadPoolExecutor$Worker@69110594[State = -1, empty queue]] WARN  server.GrpcLogAppender (GrpcLogAppender.java:timeoutAppendRequest(200)) - 8e060d03-41f1-4f58-b316-a26b8d90e5ab@group-08878B4311E5->a490dfbe-25f2-4254-a039-9640d44159eb-GrpcLogAppender: appendEntries Timeout, request=8e060d03-41f1-4f58-b316-a26b8d90e5ab->a490dfbe-25f2-4254-a039-9640d44159eb#507-t3, previous=(t:3, i:481), leaderCommit=473, initializing? false, entries: size=1, first=(t:3, i:482), STATEMACHINELOGENTRY, client-547068FF98CE, cid=426
2019-09-25 19:41:18,723 [java.util.concurrent.ThreadPoolExecutor$Worker@2ccf428d[State = -1, empty queue]] WARN  server.GrpcLogAppender (GrpcLogAppender.java:timeoutAppendRequest(200)) - 8e060d03-41f1-4f58-b316-a26b8d90e5ab@group-08878B4311E5->5e731f39-3a46-4f41-835b-a13153cc970b-GrpcLogAppender: appendEntries Timeout, request=8e060d03-41f1-4f58-b316-a26b8d90e5ab->5e731f39-3a46-4f41-835b-a13153cc970b#508-t3, previous=(t:3, i:482), leaderCommit=473, initializing? false, entries: size=1, first=(t:3, i:483), STATEMACHINELOGENTRY, client-547068FF98CE, cid=421
2019-09-25 19:41:18,723 [java.util.concurrent.ThreadPoolExecutor$Worker@69110594[State = -1, empty queue]] WARN  server.GrpcLogAppender (GrpcLogAppender.java:timeoutAppendRequest(200)) - 8e060d03-41f1-4f58-b316-a26b8d90e5ab@group-08878B4311E5->a490dfbe-25f2-4254-a039-9640d44159eb-GrpcLogAppender: appendEntries Timeout, request=8e060d03-41f1-4f58-b316-a26b8d90e5ab->a490dfbe-25f2-4254-a039-9640d44159eb#508-t3, previous=(t:3, i:482), leaderCommit=473, initializing? false, entries: size=1, first=(t:3, i:483), STATEMACHINELOGENTRY, client-547068FF98CE, cid=421
2019-09-25 19:41:18,723 [java.util.concurrent.ThreadPoolExecutor$Worker@2ccf428d[State = -1, empty queue]] WARN  server.GrpcLogAppender (GrpcLogAppender.java:timeoutAppendRequest(200)) - 8e060d03-41f1-4f58-b316-a26b8d90e5ab@group-08878B4311E5->5e731f39-3a46-4f41-835b-a13153cc970b-GrpcLogAppender: appendEntries Timeout, request=8e060d03-41f1-4f58-b316-a26b8d90e5ab->5e731f39-3a46-4f41-835b-a13153cc970b#509-t3, previous=(t:3, i:483), leaderCommit=473, initializing? false, entries: size=1, first=(t:3, i:484), STATEMACHINELOGENTRY, client-547068FF98CE, cid=427
2019-09-25 19:41:18,723 [java.util.concurrent.ThreadPoolExecutor$Worker@69110594[State = -1, empty queue]] WARN  server.GrpcLogAppender (GrpcLogAppender.java:timeoutAppendRequest(200)) - 8e060d03-41f1-4f58-b316-a26b8d90e5ab@group-08878B4311E5->a490dfbe-25f2-4254-a039-9640d44159eb-GrpcLogAppender: appendEntries Timeout, request=8e060d03-41f1-4f58-b316-a26b8d90e5ab->a490dfbe-25f2-4254-a039-9640d44159eb#509-t3, previous=(t:3, i:483), leaderCommit=473, initializing? false, entries: size=1, first=(t:3, i:484), STATEMACHINELOGENTRY, client-547068FF98CE, cid=427
2019-09-25 19:41:18,724 [java.util.concurrent.ThreadPoolExecutor$Worker@2ccf428d[State = -1, empty queue]] WARN  server.GrpcLogAppender (GrpcLogAppender.java:timeoutAppendRequest(200)) - 8e060d03-41f1-4f58-b316-a26b8d90e5ab@group-08878B4311E5->5e731f39-3a46-4f41-835b-a13153cc970b-GrpcLogAppender: appendEntries Timeout, request=8e060d03-41f1-4f58-b316-a26b8d90e5ab->5e731f39-3a46-4f41-835b-a13153cc970b#510-t3, previous=(t:3, i:484), leaderCommit=473, initializing? false, entries: size=1, first=(t:3, i:485), STATEMACHINELOGENTRY, client-547068FF98CE, cid=428
2019-09-25 19:41:18,724 [java.util.concurrent.ThreadPoolExecutor$Worker@69110594[State = -1, empty queue]] WARN  server.GrpcLogAppender (GrpcLogAppender.java:timeoutAppendRequest(200)) - 8e060d03-41f1-4f58-b316-a26b8d90e5ab@group-08878B4311E5->a490dfbe-25f2-4254-a039-9640d44159eb-GrpcLogAppender: appendEntries Timeout, request=8e060d03-41f1-4f58-b316-a26b8d90e5ab->a490dfbe-25f2-4254-a039-9640d44159eb#510-t3, previous=(t:3, i:484), leaderCommit=473, initializing? false, entries: size=1, first=(t:3, i:485), STATEMACHINELOGENTRY, client-547068FF98CE, cid=428
2019-09-25 19:41:18,724 [java.util.concurrent.ThreadPoolExecutor$Worker@2ccf428d[State = -1, empty queue]] WARN  server.GrpcLogAppender (GrpcLogAppender.java:timeoutAppendRequest(200)) - 8e060d03-41f1-4f58-b316-a26b8d90e5ab@group-08878B4311E5->5e731f39-3a46-4f41-835b-a13153cc970b-GrpcLogAppender: appendEntries Timeout, request=8e060d03-41f1-4f58-b316-a26b8d90e5ab->5e731f39-3a46-4f41-835b-a13153cc970b#511-t3, previous=(t:3, i:485), leaderCommit=473, initializing? false, entries: size=1, first=(t:3, i:486), STATEMACHINELOGENTRY, client-547068FF98CE, cid=429
2019-09-25 19:41:18,724 [java.util.concurrent.ThreadPoolExecutor$Worker@69110594[State = -1, empty queue]] WARN  server.GrpcLogAppender (GrpcLogAppender.java:timeoutAppendRequest(200)) - 8e060d03-41f1-4f58-b316-a26b8d90e5ab@group-08878B4311E5->a490dfbe-25f2-4254-a039-9640d44159eb-GrpcLogAppender: appendEntries Timeout, request=8e060d03-41f1-4f58-b316-a26b8d90e5ab->a490dfbe-25f2-4254-a039-9640d44159eb#511-t3, previous=(t:3, i:485), leaderCommit=473, initializing? false, entries: size=1, first=(t:3, i:486), STATEMACHINELOGENTRY, client-547068FF98CE, cid=429
2019-09-25 19:41:18,724 [java.util.concurrent.ThreadPoolExecutor$Worker@2ccf428d[State = -1, empty queue]] WARN  server.GrpcLogAppender (GrpcLogAppender.java:timeoutAppendRequest(200)) - 8e060d03-41f1-4f58-b316-a26b8d90e5ab@group-08878B4311E5->5e731f39-3a46-4f41-835b-a13153cc970b-GrpcLogAppender: appendEntries Timeout, request=8e060d03-41f1-4f58-b316-a26b8d90e5ab->5e731f39-3a46-4f41-835b-a13153cc970b#512-t3, previous=(t:3, i:486), leaderCommit=473, initializing? false, entries: size=1, first=(t:3, i:487), STATEMACHINELOGENTRY, client-547068FF98CE, cid=430
2019-09-25 19:41:18,725 [java.util.concurrent.ThreadPoolExecutor$Worker@69110594[State = -1, empty queue]] WARN  server.GrpcLogAppender (GrpcLogAppender.java:timeoutAppendRequest(200)) - 8e060d03-41f1-4f58-b316-a26b8d90e5ab@group-08878B4311E5->a490dfbe-25f2-4254-a039-9640d44159eb-GrpcLogAppender: appendEntries Timeout, request=8e060d03-41f1-4f58-b316-a26b8d90e5ab->a490dfbe-25f2-4254-a039-9640d44159eb#512-t3, previous=(t:3, i:486), leaderCommit=473, initializing? false, entries: size=1, first=(t:3, i:487), STATEMACHINELOGENTRY, client-547068FF98CE, cid=430
 33.00% |██████████████████████████████████                                                                   |  33/100 Time: 0:00:25 33.00% |██████████████████████████████████                                                                   |  33/100 Time: 0:00:26 33.00% |██████████████████████████████████                                                                   |  33/100 Time: 0:00:27 33.00% |██████████████████████████████████                                                                   |  33/100 Time: 0:00:282019-09-25 19:41:23,151 [grpc-default-executor-3] WARN  server.GrpcLogAppender (GrpcLogAppender.java:onNextImpl(251)) - 8e060d03-41f1-4f58-b316-a26b8d90e5ab@group-08878B4311E5->a490dfbe-25f2-4254-a039-9640d44159eb-AppendLogResponseHandler: Request not found, ignoring reply: 8e060d03-41f1-4f58-b316-a26b8d90e5ab<-a490dfbe-25f2-4254-a039-9640d44159eb#500:OK,SUCCESS,nextIndex:476,term:3,followerCommit:474
2019-09-25 19:41:23,151 [grpc-default-executor-3] WARN  server.GrpcLogAppender (GrpcLogAppender.java:onNextImpl(251)) - 8e060d03-41f1-4f58-b316-a26b8d90e5ab@group-08878B4311E5->a490dfbe-25f2-4254-a039-9640d44159eb-AppendLogResponseHandler: Request not found, ignoring reply: 8e060d03-41f1-4f58-b316-a26b8d90e5ab<-a490dfbe-25f2-4254-a039-9640d44159eb#501:OK,SUCCESS,nextIndex:477,term:3,followerCommit:474
2019-09-25 19:41:23,152 [grpc-default-executor-3] WARN  server.GrpcLogAppender (GrpcLogAppender.java:onNextImpl(251)) - 8e060d03-41f1-4f58-b316-a26b8d90e5ab@group-08878B4311E5->a490dfbe-25f2-4254-a039-9640d44159eb-AppendLogResponseHandler: Request not found, ignoring reply: 8e060d03-41f1-4f58-b316-a26b8d90e5ab<-a490dfbe-25f2-4254-a039-9640d44159eb#502:OK,SUCCESS,nextIndex:478,term:3,followerCommit:474
2019-09-25 19:41:23,152 [grpc-default-executor-3] WARN  server.GrpcLogAppender (GrpcLogAppender.java:onNextImpl(251)) - 8e060d03-41f1-4f58-b316-a26b8d90e5ab@group-08878B4311E5->a490dfbe-25f2-4254-a039-9640d44159eb-AppendLogResponseHandler: Request not found, ignoring reply: 8e060d03-41f1-4f58-b316-a26b8d90e5ab<-a490dfbe-25f2-4254-a039-9640d44159eb#503:OK,SUCCESS,nextIndex:479,term:3,followerCommit:474
2019-09-25 19:41:23,152 [grpc-default-executor-3] WARN  server.GrpcLogAppender (GrpcLogAppender.java:onNextImpl(251)) - 8e060d03-41f1-4f58-b316-a26b8d90e5ab@group-08878B4311E5->a490dfbe-25f2-4254-a039-9640d44159eb-AppendLogResponseHandler: Request not found, ignoring reply: 8e060d03-41f1-4f58-b316-a26b8d90e5ab<-a490dfbe-25f2-4254-a039-9640d44159eb#504:OK,SUCCESS,nextIndex:480,term:3,followerCommit:474
2019-09-25 19:41:23,152 [grpc-default-executor-3] WARN  server.GrpcLogAppender (GrpcLogAppender.java:onNextImpl(251)) - 8e060d03-41f1-4f58-b316-a26b8d90e5ab@group-08878B4311E5->a490dfbe-25f2-4254-a039-9640d44159eb-AppendLogResponseHandler: Request not found, ignoring reply: 8e060d03-41f1-4f58-b316-a26b8d90e5ab<-a490dfbe-25f2-4254-a039-9640d44159eb#505:OK,SUCCESS,nextIndex:481,term:3,followerCommit:474
2019-09-25 19:41:23,153 [grpc-default-executor-3] WARN  server.GrpcLogAppender (GrpcLogAppender.java:onNextImpl(251)) - 8e060d03-41f1-4f58-b316-a26b8d90e5ab@group-08878B4311E5->a490dfbe-25f2-4254-a039-9640d44159eb-AppendLogResponseHandler: Request not found, ignoring reply: 8e060d03-41f1-4f58-b316-a26b8d90e5ab<-a490dfbe-25f2-4254-a039-9640d44159eb#506:OK,SUCCESS,nextIndex:482,term:3,followerCommit:474
2019-09-25 19:41:23,153 [grpc-default-executor-3] WARN  server.GrpcLogAppender (GrpcLogAppender.java:onNextImpl(251)) - 8e060d03-41f1-4f58-b316-a26b8d90e5ab@group-08878B4311E5->a490dfbe-25f2-4254-a039-9640d44159eb-AppendLogResponseHandler: Request not found, ignoring reply: 8e060d03-41f1-4f58-b316-a26b8d90e5ab<-a490dfbe-25f2-4254-a039-9640d44159eb#507:OK,SUCCESS,nextIndex:483,term:3,followerCommit:474
2019-09-25 19:41:23,153 [grpc-default-executor-3] WARN  server.GrpcLogAppender (GrpcLogAppender.java:onNextImpl(251)) - 8e060d03-41f1-4f58-b316-a26b8d90e5ab@group-08878B4311E5->a490dfbe-25f2-4254-a039-9640d44159eb-AppendLogResponseHandler: Request not found, ignoring reply: 8e060d03-41f1-4f58-b316-a26b8d90e5ab<-a490dfbe-25f2-4254-a039-9640d44159eb#508:OK,SUCCESS,nextIndex:484,term:3,followerCommit:474
2019-09-25 19:41:23,153 [grpc-default-executor-3] WARN  server.GrpcLogAppender (GrpcLogAppender.java:onNextImpl(251)) - 8e060d03-41f1-4f58-b316-a26b8d90e5ab@group-08878B4311E5->a490dfbe-25f2-4254-a039-9640d44159eb-AppendLogResponseHandler: Request not found, ignoring reply: 8e060d03-41f1-4f58-b316-a26b8d90e5ab<-a490dfbe-25f2-4254-a039-9640d44159eb#509:OK,SUCCESS,nextIndex:485,term:3,followerCommit:474
2019-09-25 19:41:23,153 [grpc-default-executor-3] WARN  server.GrpcLogAppender (GrpcLogAppender.java:onNextImpl(251)) - 8e060d03-41f1-4f58-b316-a26b8d90e5ab@group-08878B4311E5->a490dfbe-25f2-4254-a039-9640d44159eb-AppendLogResponseHandler: Request not found, ignoring reply: 8e060d03-41f1-4f58-b316-a26b8d90e5ab<-a490dfbe-25f2-4254-a039-9640d44159eb#510:OK,SUCCESS,nextIndex:486,term:3,followerCommit:474
2019-09-25 19:41:23,154 [grpc-default-executor-3] WARN  server.GrpcLogAppender (GrpcLogAppender.java:onNextImpl(251)) - 8e060d03-41f1-4f58-b316-a26b8d90e5ab@group-08878B4311E5->a490dfbe-25f2-4254-a039-9640d44159eb-AppendLogResponseHandler: Request not found, ignoring reply: 8e060d03-41f1-4f58-b316-a26b8d90e5ab<-a490dfbe-25f2-4254-a039-9640d44159eb#511:OK,SUCCESS,nextIndex:487,term:3,followerCommit:474
2019-09-25 19:41:23,154 [grpc-default-executor-3] WARN  server.GrpcLogAppender (GrpcLogAppender.java:onNextImpl(251)) - 8e060d03-41f1-4f58-b316-a26b8d90e5ab@group-08878B4311E5->a490dfbe-25f2-4254-a039-9640d44159eb-AppendLogResponseHandler: Request not found, ignoring reply: 8e060d03-41f1-4f58-b316-a26b8d90e5ab<-a490dfbe-25f2-4254-a039-9640d44159eb#512:OK,SUCCESS,nextIndex:488,term:3,followerCommit:474
2019-09-25 19:41:23,250 [grpc-default-executor-7] WARN  server.GrpcLogAppender (GrpcLogAppender.java:onNextImpl(251)) - 8e060d03-41f1-4f58-b316-a26b8d90e5ab@group-08878B4311E5->5e731f39-3a46-4f41-835b-a13153cc970b-AppendLogResponseHandler: Request not found, ignoring reply: 8e060d03-41f1-4f58-b316-a26b8d90e5ab<-5e731f39-3a46-4f41-835b-a13153cc970b#500:OK,SUCCESS,nextIndex:476,term:3,followerCommit:474
2019-09-25 19:41:23,250 [grpc-default-executor-7] WARN  server.GrpcLogAppender (GrpcLogAppender.java:onNextImpl(251)) - 8e060d03-41f1-4f58-b316-a26b8d90e5ab@group-08878B4311E5->5e731f39-3a46-4f41-835b-a13153cc970b-AppendLogResponseHandler: Request not found, ignoring reply: 8e060d03-41f1-4f58-b316-a26b8d90e5ab<-5e731f39-3a46-4f41-835b-a13153cc970b#501:OK,SUCCESS,nextIndex:477,term:3,followerCommit:474
2019-09-25 19:41:23,251 [grpc-default-executor-7] WARN  server.GrpcLogAppender (GrpcLogAppender.java:onNextImpl(251)) - 8e060d03-41f1-4f58-b316-a26b8d90e5ab@group-08878B4311E5->5e731f39-3a46-4f41-835b-a13153cc970b-AppendLogResponseHandler: Request not found, ignoring reply: 8e060d03-41f1-4f58-b316-a26b8d90e5ab<-5e731f39-3a46-4f41-835b-a13153cc970b#502:OK,SUCCESS,nextIndex:478,term:3,followerCommit:474
2019-09-25 19:41:23,251 [grpc-default-executor-7] WARN  server.GrpcLogAppender (GrpcLogAppender.java:onNextImpl(251)) - 8e060d03-41f1-4f58-b316-a26b8d90e5ab@group-08878B4311E5->5e731f39-3a46-4f41-835b-a13153cc970b-AppendLogResponseHandler: Request not found, ignoring reply: 8e060d03-41f1-4f58-b316-a26b8d90e5ab<-5e731f39-3a46-4f41-835b-a13153cc970b#503:OK,SUCCESS,nextIndex:479,term:3,followerCommit:474
2019-09-25 19:41:23,251 [grpc-default-executor-7] WARN  server.GrpcLogAppender (GrpcLogAppender.java:onNextImpl(251)) - 8e060d03-41f1-4f58-b316-a26b8d90e5ab@group-08878B4311E5->5e731f39-3a46-4f41-835b-a13153cc970b-AppendLogResponseHandler: Request not found, ignoring reply: 8e060d03-41f1-4f58-b316-a26b8d90e5ab<-5e731f39-3a46-4f41-835b-a13153cc970b#504:OK,SUCCESS,nextIndex:480,term:3,followerCommit:474
2019-09-25 19:41:23,251 [grpc-default-executor-7] WARN  server.GrpcLogAppender (GrpcLogAppender.java:onNextImpl(251)) - 8e060d03-41f1-4f58-b316-a26b8d90e5ab@group-08878B4311E5->5e731f39-3a46-4f41-835b-a13153cc970b-AppendLogResponseHandler: Request not found, ignoring reply: 8e060d03-41f1-4f58-b316-a26b8d90e5ab<-5e731f39-3a46-4f41-835b-a13153cc970b#505:OK,SUCCESS,nextIndex:481,term:3,followerCommit:474
2019-09-25 19:41:23,252 [grpc-default-executor-7] WARN  server.GrpcLogAppender (GrpcLogAppender.java:onNextImpl(251)) - 8e060d03-41f1-4f58-b316-a26b8d90e5ab@group-08878B4311E5->5e731f39-3a46-4f41-835b-a13153cc970b-AppendLogResponseHandler: Request not found, ignoring reply: 8e060d03-41f1-4f58-b316-a26b8d90e5ab<-5e731f39-3a46-4f41-835b-a13153cc970b#506:OK,SUCCESS,nextIndex:482,term:3,followerCommit:474
2019-09-25 19:41:23,252 [grpc-default-executor-7] WARN  server.GrpcLogAppender (GrpcLogAppender.java:onNextImpl(251)) - 8e060d03-41f1-4f58-b316-a26b8d90e5ab@group-08878B4311E5->5e731f39-3a46-4f41-835b-a13153cc970b-AppendLogResponseHandler: Request not found, ignoring reply: 8e060d03-41f1-4f58-b316-a26b8d90e5ab<-5e731f39-3a46-4f41-835b-a13153cc970b#507:OK,SUCCESS,nextIndex:483,term:3,followerCommit:474
2019-09-25 19:41:23,252 [grpc-default-executor-7] WARN  server.GrpcLogAppender (GrpcLogAppender.java:onNextImpl(251)) - 8e060d03-41f1-4f58-b316-a26b8d90e5ab@group-08878B4311E5->5e731f39-3a46-4f41-835b-a13153cc970b-AppendLogResponseHandler: Request not found, ignoring reply: 8e060d03-41f1-4f58-b316-a26b8d90e5ab<-5e731f39-3a46-4f41-835b-a13153cc970b#508:OK,SUCCESS,nextIndex:484,term:3,followerCommit:474
2019-09-25 19:41:23,253 [grpc-default-executor-7] WARN  server.GrpcLogAppender (GrpcLogAppender.java:onNextImpl(251)) - 8e060d03-41f1-4f58-b316-a26b8d90e5ab@group-08878B4311E5->5e731f39-3a46-4f41-835b-a13153cc970b-AppendLogResponseHandler: Request not found, ignoring reply: 8e060d03-41f1-4f58-b316-a26b8d90e5ab<-5e731f39-3a46-4f41-835b-a13153cc970b#509:OK,SUCCESS,nextIndex:485,term:3,followerCommit:474
2019-09-25 19:41:23,253 [grpc-default-executor-7] WARN  server.GrpcLogAppender (GrpcLogAppender.java:onNextImpl(251)) - 8e060d03-41f1-4f58-b316-a26b8d90e5ab@group-08878B4311E5->5e731f39-3a46-4f41-835b-a13153cc970b-AppendLogResponseHandler: Request not found, ignoring reply: 8e060d03-41f1-4f58-b316-a26b8d90e5ab<-5e731f39-3a46-4f41-835b-a13153cc970b#510:OK,SUCCESS,nextIndex:486,term:3,followerCommit:474
2019-09-25 19:41:23,253 [grpc-default-executor-7] WARN  server.GrpcLogAppender (GrpcLogAppender.java:onNextImpl(251)) - 8e060d03-41f1-4f58-b316-a26b8d90e5ab@group-08878B4311E5->5e731f39-3a46-4f41-835b-a13153cc970b-AppendLogResponseHandler: Request not found, ignoring reply: 8e060d03-41f1-4f58-b316-a26b8d90e5ab<-5e731f39-3a46-4f41-835b-a13153cc970b#511:OK,SUCCESS,nextIndex:487,term:3,followerCommit:474
2019-09-25 19:41:23,253 [grpc-default-executor-7] WARN  server.GrpcLogAppender (GrpcLogAppender.java:onNextImpl(251)) - 8e060d03-41f1-4f58-b316-a26b8d90e5ab@group-08878B4311E5->5e731f39-3a46-4f41-835b-a13153cc970b-AppendLogResponseHandler: Request not found, ignoring reply: 8e060d03-41f1-4f58-b316-a26b8d90e5ab<-5e731f39-3a46-4f41-835b-a13153cc970b#512:OK,SUCCESS,nextIndex:488,term:3,followerCommit:474
 33.00% |██████████████████████████████████                                                                   |  33/100 Time: 0:00:29 33.00% |██████████████████████████████████                                                                   |  33/100 Time: 0:00:30 33.00% |██████████████████████████████████                                                                   |  33/100 Time: 0:00:312019-09-25 19:41:26,155 [java.util.concurrent.ThreadPoolExecutor$Worker@2ccf428d[State = -1, empty queue]] WARN  server.GrpcLogAppender (GrpcLogAppender.java:timeoutAppendRequest(200)) - 8e060d03-41f1-4f58-b316-a26b8d90e5ab@group-08878B4311E5->5e731f39-3a46-4f41-835b-a13153cc970b-GrpcLogAppender: appendEntries Timeout, request=8e060d03-41f1-4f58-b316-a26b8d90e5ab->5e731f39-3a46-4f41-835b-a13153cc970b#515-t3, previous=(t:3, i:487), leaderCommit=487, initializing? false, entries: size=1, first=(t:3, i:488), METADATAENTRY(c487)
2019-09-25 19:41:26,155 [java.util.concurrent.ThreadPoolExecutor$Worker@69110594[State = -1, empty queue]] WARN  server.GrpcLogAppender (GrpcLogAppender.java:timeoutAppendRequest(200)) - 8e060d03-41f1-4f58-b316-a26b8d90e5ab@group-08878B4311E5->a490dfbe-25f2-4254-a039-9640d44159eb-GrpcLogAppender: appendEntries Timeout, request=8e060d03-41f1-4f58-b316-a26b8d90e5ab->a490dfbe-25f2-4254-a039-9640d44159eb#515-t3, previous=(t:3, i:487), leaderCommit=487, initializing? false, entries: size=1, first=(t:3, i:488), METADATAENTRY(c487)
 33.00% |██████████████████████████████████                                                                   |  33/100 Time: 0:00:32 33.00% |██████████████████████████████████                                                                   |  33/100 Time: 0:00:332019-09-25 19:41:27,950 [grpc-default-executor-7] WARN  server.GrpcLogAppender (GrpcLogAppender.java:onNextImpl(251)) - 8e060d03-41f1-4f58-b316-a26b8d90e5ab@group-08878B4311E5->a490dfbe-25f2-4254-a039-9640d44159eb-AppendLogResponseHandler: Request not found, ignoring reply: 8e060d03-41f1-4f58-b316-a26b8d90e5ab<-a490dfbe-25f2-4254-a039-9640d44159eb#515:OK,SUCCESS,nextIndex:489,term:3,followerCommit:487
2019-09-25 19:41:27,950 [grpc-default-executor-0] WARN  server.GrpcLogAppender (GrpcLogAppender.java:onNextImpl(251)) - 8e060d03-41f1-4f58-b316-a26b8d90e5ab@group-08878B4311E5->5e731f39-3a46-4f41-835b-a13153cc970b-AppendLogResponseHandler: Request not found, ignoring reply: 8e060d03-41f1-4f58-b316-a26b8d90e5ab<-5e731f39-3a46-4f41-835b-a13153cc970b#515:OK,SUCCESS,nextIndex:489,term:3,followerCommit:487
 40.00% |█████████████████████████████████████████                                                            |  40/100 Time: 0:00:34 40.00% |█████████████████████████████████████████                                                            |  40/100 Time: 0:00:35 40.00% |█████████████████████████████████████████                                                            |  40/100 Time: 0:00:362019-09-25 19:41:31,039 [java.util.concurrent.ThreadPoolExecutor$Worker@2ccf428d[State = -1, empty queue]] WARN  server.GrpcLogAppender (GrpcLogAppender.java:timeoutAppendRequest(200)) - 8e060d03-41f1-4f58-b316-a26b8d90e5ab@group-08878B4311E5->5e731f39-3a46-4f41-835b-a13153cc970b-GrpcLogAppender: appendEntries Timeout, request=8e060d03-41f1-4f58-b316-a26b8d90e5ab->5e731f39-3a46-4f41-835b-a13153cc970b#517-t3, previous=(t:3, i:488), leaderCommit=488, initializing? false, entries: size=1, first=(t:3, i:489), STATEMACHINELOGENTRY, client-AA0CC07AB210, cid=439
2019-09-25 19:41:31,039 [java.util.concurrent.ThreadPoolExecutor$Worker@69110594[State = -1, empty queue]] WARN  server.GrpcLogAppender (GrpcLogAppender.java:timeoutAppendRequest(200)) - 8e060d03-41f1-4f58-b316-a26b8d90e5ab@group-08878B4311E5->a490dfbe-25f2-4254-a039-9640d44159eb-GrpcLogAppender: appendEntries Timeout, request=8e060d03-41f1-4f58-b316-a26b8d90e5ab->a490dfbe-25f2-4254-a039-9640d44159eb#517-t3, previous=(t:3, i:488), leaderCommit=488, initializing? false, entries: size=1, first=(t:3, i:489), STATEMACHINELOGENTRY, client-AA0CC07AB210, cid=439
 40.00% |█████████████████████████████████████████                                                            |  40/100 Time: 0:00:37 40.00% |█████████████████████████████████████████                                                            |  40/100 Time: 0:00:382019-09-25 19:41:32,979 [grpc-default-executor-7] WARN  server.GrpcLogAppender (GrpcLogAppender.java:onNextImpl(251)) - 8e060d03-41f1-4f58-b316-a26b8d90e5ab@group-08878B4311E5->5e731f39-3a46-4f41-835b-a13153cc970b-AppendLogResponseHandler: Request not found, ignoring reply: 8e060d03-41f1-4f58-b316-a26b8d90e5ab<-5e731f39-3a46-4f41-835b-a13153cc970b#517:OK,SUCCESS,nextIndex:490,term:3,followerCommit:488
2019-09-25 19:41:32,979 [grpc-default-executor-0] WARN  server.GrpcLogAppender (GrpcLogAppender.java:onNextImpl(251)) - 8e060d03-41f1-4f58-b316-a26b8d90e5ab@group-08878B4311E5->a490dfbe-25f2-4254-a039-9640d44159eb-AppendLogResponseHandler: Request not found, ignoring reply: 8e060d03-41f1-4f58-b316-a26b8d90e5ab<-a490dfbe-25f2-4254-a039-9640d44159eb#517:OK,SUCCESS,nextIndex:490,term:3,followerCommit:488
 40.00% |█████████████████████████████████████████                                                            |  40/100 Time: 0:00:39 40.00% |█████████████████████████████████████████                                                            |  40/100 Time: 0:00:40 40.00% |█████████████████████████████████████████                                                            |  40/100 Time: 0:00:412019-09-25 19:41:36,124 [java.util.concurrent.ThreadPoolExecutor$Worker@2ccf428d[State = -1, empty queue]] WARN  server.GrpcLogAppender (GrpcLogAppender.java:timeoutAppendRequest(200)) - 8e060d03-41f1-4f58-b316-a26b8d90e5ab@group-08878B4311E5->5e731f39-3a46-4f41-835b-a13153cc970b-GrpcLogAppender: appendEntries Timeout, request=8e060d03-41f1-4f58-b316-a26b8d90e5ab->5e731f39-3a46-4f41-835b-a13153cc970b#520-t3, previous=(t:3, i:490), leaderCommit=489, initializing? false, entries: size=1, first=(t:3, i:491), STATEMACHINELOGENTRY, client-AA0CC07AB210, cid=444
2019-09-25 19:41:36,124 [java.util.concurrent.ThreadPoolExecutor$Worker@69110594[State = -1, empty queue]] WARN  server.GrpcLogAppender (GrpcLogAppender.java:timeoutAppendRequest(200)) - 8e060d03-41f1-4f58-b316-a26b8d90e5ab@group-08878B4311E5->a490dfbe-25f2-4254-a039-9640d44159eb-GrpcLogAppender: appendEntries Timeout, request=8e060d03-41f1-4f58-b316-a26b8d90e5ab->a490dfbe-25f2-4254-a039-9640d44159eb#520-t3, previous=(t:3, i:490), leaderCommit=489, initializing? false, entries: size=1, first=(t:3, i:491), STATEMACHINELOGENTRY, client-AA0CC07AB210, cid=444
2019-09-25 19:41:36,125 [java.util.concurrent.ThreadPoolExecutor$Worker@2ccf428d[State = -1, empty queue]] WARN  server.GrpcLogAppender (GrpcLogAppender.java:timeoutAppendRequest(200)) - 8e060d03-41f1-4f58-b316-a26b8d90e5ab@group-08878B4311E5->5e731f39-3a46-4f41-835b-a13153cc970b-GrpcLogAppender: appendEntries Timeout, request=8e060d03-41f1-4f58-b316-a26b8d90e5ab->5e731f39-3a46-4f41-835b-a13153cc970b#521-t3, previous=(t:3, i:491), leaderCommit=489, initializing? false, entries: size=1, first=(t:3, i:492), STATEMACHINELOGENTRY, client-AA0CC07AB210, cid=443
2019-09-25 19:41:36,126 [java.util.concurrent.ThreadPoolExecutor$Worker@69110594[State = -1, empty queue]] WARN  server.GrpcLogAppender (GrpcLogAppender.java:timeoutAppendRequest(200)) - 8e060d03-41f1-4f58-b316-a26b8d90e5ab@group-08878B4311E5->a490dfbe-25f2-4254-a039-9640d44159eb-GrpcLogAppender: appendEntries Timeout, request=8e060d03-41f1-4f58-b316-a26b8d90e5ab->a490dfbe-25f2-4254-a039-9640d44159eb#521-t3, previous=(t:3, i:491), leaderCommit=489, initializing? false, entries: size=1, first=(t:3, i:492), STATEMACHINELOGENTRY, client-AA0CC07AB210, cid=443
2019-09-25 19:41:36,126 [java.util.concurrent.ThreadPoolExecutor$Worker@2ccf428d[State = -1, empty queue]] WARN  server.GrpcLogAppender (GrpcLogAppender.java:timeoutAppendRequest(200)) - 8e060d03-41f1-4f58-b316-a26b8d90e5ab@group-08878B4311E5->5e731f39-3a46-4f41-835b-a13153cc970b-GrpcLogAppender: appendEntries Timeout, request=8e060d03-41f1-4f58-b316-a26b8d90e5ab->5e731f39-3a46-4f41-835b-a13153cc970b#522-t3, previous=(t:3, i:492), leaderCommit=489, initializing? false, entries: size=1, first=(t:3, i:493), STATEMACHINELOGENTRY, client-AA0CC07AB210, cid=440
2019-09-25 19:41:36,126 [java.util.concurrent.ThreadPoolExecutor$Worker@69110594[State = -1, empty queue]] WARN  server.GrpcLogAppender (GrpcLogAppender.java:timeoutAppendRequest(200)) - 8e060d03-41f1-4f58-b316-a26b8d90e5ab@group-08878B4311E5->a490dfbe-25f2-4254-a039-9640d44159eb-GrpcLogAppender: appendEntries Timeout, request=8e060d03-41f1-4f58-b316-a26b8d90e5ab->a490dfbe-25f2-4254-a039-9640d44159eb#522-t3, previous=(t:3, i:492), leaderCommit=489, initializing? false, entries: size=1, first=(t:3, i:493), STATEMACHINELOGENTRY, client-AA0CC07AB210, cid=440
2019-09-25 19:41:36,126 [java.util.concurrent.ThreadPoolExecutor$Worker@2ccf428d[State = -1, empty queue]] WARN  server.GrpcLogAppender (GrpcLogAppender.java:timeoutAppendRequest(200)) - 8e060d03-41f1-4f58-b316-a26b8d90e5ab@group-08878B4311E5->5e731f39-3a46-4f41-835b-a13153cc970b-GrpcLogAppender: appendEntries Timeout, request=8e060d03-41f1-4f58-b316-a26b8d90e5ab->5e731f39-3a46-4f41-835b-a13153cc970b#523-t3, previous=(t:3, i:493), leaderCommit=489, initializing? false, entries: size=1, first=(t:3, i:494), STATEMACHINELOGENTRY, client-AA0CC07AB210, cid=445
2019-09-25 19:41:36,126 [java.util.concurrent.ThreadPoolExecutor$Worker@69110594[State = -1, empty queue]] WARN  server.GrpcLogAppender (GrpcLogAppender.java:timeoutAppendRequest(200)) - 8e060d03-41f1-4f58-b316-a26b8d90e5ab@group-08878B4311E5->a490dfbe-25f2-4254-a039-9640d44159eb-GrpcLogAppender: appendEntries Timeout, request=8e060d03-41f1-4f58-b316-a26b8d90e5ab->a490dfbe-25f2-4254-a039-9640d44159eb#523-t3, previous=(t:3, i:493), leaderCommit=489, initializing? false, entries: size=1, first=(t:3, i:494), STATEMACHINELOGENTRY, client-AA0CC07AB210, cid=445
2019-09-25 19:41:36,127 [java.util.concurrent.ThreadPoolExecutor$Worker@69110594[State = -1, empty queue]] WARN  server.GrpcLogAppender (GrpcLogAppender.java:timeoutAppendRequest(200)) - 8e060d03-41f1-4f58-b316-a26b8d90e5ab@group-08878B4311E5->a490dfbe-25f2-4254-a039-9640d44159eb-GrpcLogAppender: appendEntries Timeout, request=8e060d03-41f1-4f58-b316-a26b8d90e5ab->a490dfbe-25f2-4254-a039-9640d44159eb#524-t3, previous=(t:3, i:494), leaderCommit=489, initializing? false, entries: size=1, first=(t:3, i:495), STATEMACHINELOGENTRY, client-AA0CC07AB210, cid=442
2019-09-25 19:41:36,127 [java.util.concurrent.ThreadPoolExecutor$Worker@2ccf428d[State = -1, empty queue]] WARN  server.GrpcLogAppender (GrpcLogAppender.java:timeoutAppendRequest(200)) - 8e060d03-41f1-4f58-b316-a26b8d90e5ab@group-08878B4311E5->5e731f39-3a46-4f41-835b-a13153cc970b-GrpcLogAppender: appendEntries Timeout, request=8e060d03-41f1-4f58-b316-a26b8d90e5ab->5e731f39-3a46-4f41-835b-a13153cc970b#524-t3, previous=(t:3, i:494), leaderCommit=489, initializing? false, entries: size=1, first=(t:3, i:495), STATEMACHINELOGENTRY, client-AA0CC07AB210, cid=442
2019-09-25 19:41:36,128 [java.util.concurrent.ThreadPoolExecutor$Worker@69110594[State = -1, empty queue]] WARN  server.GrpcLogAppender (GrpcLogAppender.java:timeoutAppendRequest(200)) - 8e060d03-41f1-4f58-b316-a26b8d90e5ab@group-08878B4311E5->a490dfbe-25f2-4254-a039-9640d44159eb-GrpcLogAppender: appendEntries Timeout, request=8e060d03-41f1-4f58-b316-a26b8d90e5ab->a490dfbe-25f2-4254-a039-9640d44159eb#525-t3, previous=(t:3, i:495), leaderCommit=489, initializing? false, entries: size=1, first=(t:3, i:496), STATEMACHINELOGENTRY, client-AA0CC07AB210, cid=438
2019-09-25 19:41:36,128 [java.util.concurrent.ThreadPoolExecutor$Worker@2ccf428d[State = -1, empty queue]] WARN  server.GrpcLogAppender (GrpcLogAppender.java:timeoutAppendRequest(200)) - 8e060d03-41f1-4f58-b316-a26b8d90e5ab@group-08878B4311E5->5e731f39-3a46-4f41-835b-a13153cc970b-GrpcLogAppender: appendEntries Timeout, request=8e060d03-41f1-4f58-b316-a26b8d90e5ab->5e731f39-3a46-4f41-835b-a13153cc970b#525-t3, previous=(t:3, i:495), leaderCommit=489, initializing? false, entries: size=1, first=(t:3, i:496), STATEMACHINELOGENTRY, client-AA0CC07AB210, cid=438
2019-09-25 19:41:36,128 [java.util.concurrent.ThreadPoolExecutor$Worker@69110594[State = -1, empty queue]] WARN  server.GrpcLogAppender (GrpcLogAppender.java:timeoutAppendRequest(200)) - 8e060d03-41f1-4f58-b316-a26b8d90e5ab@group-08878B4311E5->a490dfbe-25f2-4254-a039-9640d44159eb-GrpcLogAppender: appendEntries Timeout, request=8e060d03-41f1-4f58-b316-a26b8d90e5ab->a490dfbe-25f2-4254-a039-9640d44159eb#526-t3, previous=(t:3, i:496), leaderCommit=489, initializing? false, entries: size=1, first=(t:3, i:497), STATEMACHINELOGENTRY, client-AA0CC07AB210, cid=446
2019-09-25 19:41:36,128 [java.util.concurrent.ThreadPoolExecutor$Worker@2ccf428d[State = -1, empty queue]] WARN  server.GrpcLogAppender (GrpcLogAppender.java:timeoutAppendRequest(200)) - 8e060d03-41f1-4f58-b316-a26b8d90e5ab@group-08878B4311E5->5e731f39-3a46-4f41-835b-a13153cc970b-GrpcLogAppender: appendEntries Timeout, request=8e060d03-41f1-4f58-b316-a26b8d90e5ab->5e731f39-3a46-4f41-835b-a13153cc970b#526-t3, previous=(t:3, i:496), leaderCommit=489, initializing? false, entries: size=1, first=(t:3, i:497), STATEMACHINELOGENTRY, client-AA0CC07AB210, cid=446
2019-09-25 19:41:36,129 [java.util.concurrent.ThreadPoolExecutor$Worker@2ccf428d[State = -1, empty queue]] WARN  server.GrpcLogAppender (GrpcLogAppender.java:timeoutAppendRequest(200)) - 8e060d03-41f1-4f58-b316-a26b8d90e5ab@group-08878B4311E5->5e731f39-3a46-4f41-835b-a13153cc970b-GrpcLogAppender: appendEntries Timeout, request=8e060d03-41f1-4f58-b316-a26b8d90e5ab->5e731f39-3a46-4f41-835b-a13153cc970b#527-t3, previous=(t:3, i:497), leaderCommit=489, initializing? false, entries: size=1, first=(t:3, i:498), STATEMACHINELOGENTRY, client-AA0CC07AB210, cid=441
2019-09-25 19:41:36,129 [java.util.concurrent.ThreadPoolExecutor$Worker@69110594[State = -1, empty queue]] WARN  server.GrpcLogAppender (GrpcLogAppender.java:timeoutAppendRequest(200)) - 8e060d03-41f1-4f58-b316-a26b8d90e5ab@group-08878B4311E5->a490dfbe-25f2-4254-a039-9640d44159eb-GrpcLogAppender: appendEntries Timeout, request=8e060d03-41f1-4f58-b316-a26b8d90e5ab->a490dfbe-25f2-4254-a039-9640d44159eb#527-t3, previous=(t:3, i:497), leaderCommit=489, initializing? false, entries: size=1, first=(t:3, i:498), STATEMACHINELOGENTRY, client-AA0CC07AB210, cid=441
2019-09-25 19:41:36,130 [java.util.concurrent.ThreadPoolExecutor$Worker@69110594[State = -1, empty queue]] WARN  server.GrpcLogAppender (GrpcLogAppender.java:timeoutAppendRequest(200)) - 8e060d03-41f1-4f58-b316-a26b8d90e5ab@group-08878B4311E5->a490dfbe-25f2-4254-a039-9640d44159eb-GrpcLogAppender: appendEntries Timeout, request=8e060d03-41f1-4f58-b316-a26b8d90e5ab->a490dfbe-25f2-4254-a039-9640d44159eb#528-t3, previous=(t:3, i:498), leaderCommit=489, initializing? false, entries: size=1, first=(t:3, i:499), STATEMACHINELOGENTRY, client-AA0CC07AB210, cid=447
2019-09-25 19:41:36,130 [java.util.concurrent.ThreadPoolExecutor$Worker@2ccf428d[State = -1, empty queue]] WARN  server.GrpcLogAppender (GrpcLogAppender.java:timeoutAppendRequest(200)) - 8e060d03-41f1-4f58-b316-a26b8d90e5ab@group-08878B4311E5->5e731f39-3a46-4f41-835b-a13153cc970b-GrpcLogAppender: appendEntries Timeout, request=8e060d03-41f1-4f58-b316-a26b8d90e5ab->5e731f39-3a46-4f41-835b-a13153cc970b#528-t3, previous=(t:3, i:498), leaderCommit=489, initializing? false, entries: size=1, first=(t:3, i:499), STATEMACHINELOGENTRY, client-AA0CC07AB210, cid=447
2019-09-25 19:41:36,133 [java.util.concurrent.ThreadPoolExecutor$Worker@2ccf428d[State = -1, empty queue]] WARN  server.GrpcLogAppender (GrpcLogAppender.java:timeoutAppendRequest(200)) - 8e060d03-41f1-4f58-b316-a26b8d90e5ab@group-08878B4311E5->5e731f39-3a46-4f41-835b-a13153cc970b-GrpcLogAppender: appendEntries Timeout, request=8e060d03-41f1-4f58-b316-a26b8d90e5ab->5e731f39-3a46-4f41-835b-a13153cc970b#529-t3, previous=(t:3, i:499), leaderCommit=489, initializing? false, entries: size=1, first=(t:3, i:500), STATEMACHINELOGENTRY, client-AA0CC07AB210, cid=448
2019-09-25 19:41:36,133 [java.util.concurrent.ThreadPoolExecutor$Worker@69110594[State = -1, empty queue]] WARN  server.GrpcLogAppender (GrpcLogAppender.java:timeoutAppendRequest(200)) - 8e060d03-41f1-4f58-b316-a26b8d90e5ab@group-08878B4311E5->a490dfbe-25f2-4254-a039-9640d44159eb-GrpcLogAppender: appendEntries Timeout, request=8e060d03-41f1-4f58-b316-a26b8d90e5ab->a490dfbe-25f2-4254-a039-9640d44159eb#529-t3, previous=(t:3, i:499), leaderCommit=489, initializing? false, entries: size=1, first=(t:3, i:500), STATEMACHINELOGENTRY, client-AA0CC07AB210, cid=448
2019-09-25 19:41:36,134 [java.util.concurrent.ThreadPoolExecutor$Worker@2ccf428d[State = -1, empty queue]] WARN  server.GrpcLogAppender (GrpcLogAppender.java:timeoutAppendRequest(200)) - 8e060d03-41f1-4f58-b316-a26b8d90e5ab@group-08878B4311E5->5e731f39-3a46-4f41-835b-a13153cc970b-GrpcLogAppender: appendEntries Timeout, request=8e060d03-41f1-4f58-b316-a26b8d90e5ab->5e731f39-3a46-4f41-835b-a13153cc970b#530-t3, previous=(t:3, i:500), leaderCommit=489, initializing? false, entries: size=1, first=(t:3, i:501), STATEMACHINELOGENTRY, client-AA0CC07AB210, cid=449
2019-09-25 19:41:36,134 [java.util.concurrent.ThreadPoolExecutor$Worker@69110594[State = -1, empty queue]] WARN  server.GrpcLogAppender (GrpcLogAppender.java:timeoutAppendRequest(200)) - 8e060d03-41f1-4f58-b316-a26b8d90e5ab@group-08878B4311E5->a490dfbe-25f2-4254-a039-9640d44159eb-GrpcLogAppender: appendEntries Timeout, request=8e060d03-41f1-4f58-b316-a26b8d90e5ab->a490dfbe-25f2-4254-a039-9640d44159eb#530-t3, previous=(t:3, i:500), leaderCommit=489, initializing? false, entries: size=1, first=(t:3, i:501), STATEMACHINELOGENTRY, client-AA0CC07AB210, cid=449
2019-09-25 19:41:36,134 [java.util.concurrent.ThreadPoolExecutor$Worker@2ccf428d[State = -1, empty queue]] WARN  server.GrpcLogAppender (GrpcLogAppender.java:timeoutAppendRequest(200)) - 8e060d03-41f1-4f58-b316-a26b8d90e5ab@group-08878B4311E5->5e731f39-3a46-4f41-835b-a13153cc970b-GrpcLogAppender: appendEntries Timeout, request=8e060d03-41f1-4f58-b316-a26b8d90e5ab->5e731f39-3a46-4f41-835b-a13153cc970b#531-t3, previous=(t:3, i:501), leaderCommit=489, initializing? false, entries: size=1, first=(t:3, i:502), STATEMACHINELOGENTRY, client-AA0CC07AB210, cid=450
2019-09-25 19:41:36,134 [java.util.concurrent.ThreadPoolExecutor$Worker@69110594[State = -1, empty queue]] WARN  server.GrpcLogAppender (GrpcLogAppender.java:timeoutAppendRequest(200)) - 8e060d03-41f1-4f58-b316-a26b8d90e5ab@group-08878B4311E5->a490dfbe-25f2-4254-a039-9640d44159eb-GrpcLogAppender: appendEntries Timeout, request=8e060d03-41f1-4f58-b316-a26b8d90e5ab->a490dfbe-25f2-4254-a039-9640d44159eb#531-t3, previous=(t:3, i:501), leaderCommit=489, initializing? false, entries: size=1, first=(t:3, i:502), STATEMACHINELOGENTRY, client-AA0CC07AB210, cid=450
2019-09-25 19:41:36,134 [java.util.concurrent.ThreadPoolExecutor$Worker@2ccf428d[State = -1, empty queue]] WARN  server.GrpcLogAppender (GrpcLogAppender.java:timeoutAppendRequest(200)) - 8e060d03-41f1-4f58-b316-a26b8d90e5ab@group-08878B4311E5->5e731f39-3a46-4f41-835b-a13153cc970b-GrpcLogAppender: appendEntries Timeout, request=8e060d03-41f1-4f58-b316-a26b8d90e5ab->5e731f39-3a46-4f41-835b-a13153cc970b#532-t3, previous=(t:3, i:502), leaderCommit=489, initializing? false, entries: size=1, first=(t:3, i:503), STATEMACHINELOGENTRY, client-AA0CC07AB210, cid=451
2019-09-25 19:41:36,134 [java.util.concurrent.ThreadPoolExecutor$Worker@69110594[State = -1, empty queue]] WARN  server.GrpcLogAppender (GrpcLogAppender.java:timeoutAppendRequest(200)) - 8e060d03-41f1-4f58-b316-a26b8d90e5ab@group-08878B4311E5->a490dfbe-25f2-4254-a039-9640d44159eb-GrpcLogAppender: appendEntries Timeout, request=8e060d03-41f1-4f58-b316-a26b8d90e5ab->a490dfbe-25f2-4254-a039-9640d44159eb#532-t3, previous=(t:3, i:502), leaderCommit=489, initializing? false, entries: size=1, first=(t:3, i:503), STATEMACHINELOGENTRY, client-AA0CC07AB210, cid=451
 40.00% |█████████████████████████████████████████                                                            |  40/100 Time: 0:00:42 40.00% |█████████████████████████████████████████                                                            |  40/100 Time: 0:00:432019-09-25 19:41:38,446 [grpc-default-executor-7] WARN  server.GrpcLogAppender (GrpcLogAppender.java:onNextImpl(251)) - 8e060d03-41f1-4f58-b316-a26b8d90e5ab@group-08878B4311E5->5e731f39-3a46-4f41-835b-a13153cc970b-AppendLogResponseHandler: Request not found, ignoring reply: 8e060d03-41f1-4f58-b316-a26b8d90e5ab<-5e731f39-3a46-4f41-835b-a13153cc970b#520:OK,SUCCESS,nextIndex:492,term:3,followerCommit:490
2019-09-25 19:41:38,448 [grpc-default-executor-0] WARN  server.GrpcLogAppender (GrpcLogAppender.java:onNextImpl(251)) - 8e060d03-41f1-4f58-b316-a26b8d90e5ab@group-08878B4311E5->a490dfbe-25f2-4254-a039-9640d44159eb-AppendLogResponseHandler: Request not found, ignoring reply: 8e060d03-41f1-4f58-b316-a26b8d90e5ab<-a490dfbe-25f2-4254-a039-9640d44159eb#520:OK,SUCCESS,nextIndex:492,term:3,followerCommit:490
2019-09-25 19:41:38,449 [grpc-default-executor-7] WARN  server.GrpcLogAppender (GrpcLogAppender.java:onNextImpl(251)) - 8e060d03-41f1-4f58-b316-a26b8d90e5ab@group-08878B4311E5->5e731f39-3a46-4f41-835b-a13153cc970b-AppendLogResponseHandler: Request not found, ignoring reply: 8e060d03-41f1-4f58-b316-a26b8d90e5ab<-5e731f39-3a46-4f41-835b-a13153cc970b#521:OK,SUCCESS,nextIndex:493,term:3,followerCommit:490
2019-09-25 19:41:38,449 [grpc-default-executor-0] WARN  server.GrpcLogAppender (GrpcLogAppender.java:onNextImpl(251)) - 8e060d03-41f1-4f58-b316-a26b8d90e5ab@group-08878B4311E5->a490dfbe-25f2-4254-a039-9640d44159eb-AppendLogResponseHandler: Request not found, ignoring reply: 8e060d03-41f1-4f58-b316-a26b8d90e5ab<-a490dfbe-25f2-4254-a039-9640d44159eb#521:OK,SUCCESS,nextIndex:493,term:3,followerCommit:490
2019-09-25 19:41:38,450 [grpc-default-executor-7] WARN  server.GrpcLogAppender (GrpcLogAppender.java:onNextImpl(251)) - 8e060d03-41f1-4f58-b316-a26b8d90e5ab@group-08878B4311E5->5e731f39-3a46-4f41-835b-a13153cc970b-AppendLogResponseHandler: Request not found, ignoring reply: 8e060d03-41f1-4f58-b316-a26b8d90e5ab<-5e731f39-3a46-4f41-835b-a13153cc970b#522:OK,SUCCESS,nextIndex:494,term:3,followerCommit:490
2019-09-25 19:41:38,450 [grpc-default-executor-0] WARN  server.GrpcLogAppender (GrpcLogAppender.java:onNextImpl(251)) - 8e060d03-41f1-4f58-b316-a26b8d90e5ab@group-08878B4311E5->a490dfbe-25f2-4254-a039-9640d44159eb-AppendLogResponseHandler: Request not found, ignoring reply: 8e060d03-41f1-4f58-b316-a26b8d90e5ab<-a490dfbe-25f2-4254-a039-9640d44159eb#522:OK,SUCCESS,nextIndex:494,term:3,followerCommit:490
2019-09-25 19:41:38,450 [grpc-default-executor-7] WARN  server.GrpcLogAppender (GrpcLogAppender.java:onNextImpl(251)) - 8e060d03-41f1-4f58-b316-a26b8d90e5ab@group-08878B4311E5->5e731f39-3a46-4f41-835b-a13153cc970b-AppendLogResponseHandler: Request not found, ignoring reply: 8e060d03-41f1-4f58-b316-a26b8d90e5ab<-5e731f39-3a46-4f41-835b-a13153cc970b#523:OK,SUCCESS,nextIndex:495,term:3,followerCommit:490
2019-09-25 19:41:38,450 [grpc-default-executor-0] WARN  server.GrpcLogAppender (GrpcLogAppender.java:onNextImpl(251)) - 8e060d03-41f1-4f58-b316-a26b8d90e5ab@group-08878B4311E5->a490dfbe-25f2-4254-a039-9640d44159eb-AppendLogResponseHandler: Request not found, ignoring reply: 8e060d03-41f1-4f58-b316-a26b8d90e5ab<-a490dfbe-25f2-4254-a039-9640d44159eb#523:OK,SUCCESS,nextIndex:495,term:3,followerCommit:490
2019-09-25 19:41:38,450 [grpc-default-executor-7] WARN  server.GrpcLogAppender (GrpcLogAppender.java:onNextImpl(251)) - 8e060d03-41f1-4f58-b316-a26b8d90e5ab@group-08878B4311E5->5e731f39-3a46-4f41-835b-a13153cc970b-AppendLogResponseHandler: Request not found, ignoring reply: 8e060d03-41f1-4f58-b316-a26b8d90e5ab<-5e731f39-3a46-4f41-835b-a13153cc970b#524:OK,SUCCESS,nextIndex:496,term:3,followerCommit:490
2019-09-25 19:41:38,451 [grpc-default-executor-0] WARN  server.GrpcLogAppender (GrpcLogAppender.java:onNextImpl(251)) - 8e060d03-41f1-4f58-b316-a26b8d90e5ab@group-08878B4311E5->a490dfbe-25f2-4254-a039-9640d44159eb-AppendLogResponseHandler: Request not found, ignoring reply: 8e060d03-41f1-4f58-b316-a26b8d90e5ab<-a490dfbe-25f2-4254-a039-9640d44159eb#524:OK,SUCCESS,nextIndex:496,term:3,followerCommit:490
2019-09-25 19:41:38,451 [grpc-default-executor-0] WARN  server.GrpcLogAppender (GrpcLogAppender.java:onNextImpl(251)) - 8e060d03-41f1-4f58-b316-a26b8d90e5ab@group-08878B4311E5->5e731f39-3a46-4f41-835b-a13153cc970b-AppendLogResponseHandler: Request not found, ignoring reply: 8e060d03-41f1-4f58-b316-a26b8d90e5ab<-5e731f39-3a46-4f41-835b-a13153cc970b#525:OK,SUCCESS,nextIndex:497,term:3,followerCommit:490
2019-09-25 19:41:38,451 [grpc-default-executor-7] WARN  server.GrpcLogAppender (GrpcLogAppender.java:onNextImpl(251)) - 8e060d03-41f1-4f58-b316-a26b8d90e5ab@group-08878B4311E5->a490dfbe-25f2-4254-a039-9640d44159eb-AppendLogResponseHandler: Request not found, ignoring reply: 8e060d03-41f1-4f58-b316-a26b8d90e5ab<-a490dfbe-25f2-4254-a039-9640d44159eb#525:OK,SUCCESS,nextIndex:497,term:3,followerCommit:490
2019-09-25 19:41:38,451 [grpc-default-executor-0] WARN  server.GrpcLogAppender (GrpcLogAppender.java:onNextImpl(251)) - 8e060d03-41f1-4f58-b316-a26b8d90e5ab@group-08878B4311E5->5e731f39-3a46-4f41-835b-a13153cc970b-AppendLogResponseHandler: Request not found, ignoring reply: 8e060d03-41f1-4f58-b316-a26b8d90e5ab<-5e731f39-3a46-4f41-835b-a13153cc970b#526:OK,SUCCESS,nextIndex:498,term:3,followerCommit:490
2019-09-25 19:41:38,451 [grpc-default-executor-7] WARN  server.GrpcLogAppender (GrpcLogAppender.java:onNextImpl(251)) - 8e060d03-41f1-4f58-b316-a26b8d90e5ab@group-08878B4311E5->a490dfbe-25f2-4254-a039-9640d44159eb-AppendLogResponseHandler: Request not found, ignoring reply: 8e060d03-41f1-4f58-b316-a26b8d90e5ab<-a490dfbe-25f2-4254-a039-9640d44159eb#526:OK,SUCCESS,nextIndex:498,term:3,followerCommit:490
2019-09-25 19:41:38,451 [grpc-default-executor-0] WARN  server.GrpcLogAppender (GrpcLogAppender.java:onNextImpl(251)) - 8e060d03-41f1-4f58-b316-a26b8d90e5ab@group-08878B4311E5->5e731f39-3a46-4f41-835b-a13153cc970b-AppendLogResponseHandler: Request not found, ignoring reply: 8e060d03-41f1-4f58-b316-a26b8d90e5ab<-5e731f39-3a46-4f41-835b-a13153cc970b#527:OK,SUCCESS,nextIndex:499,term:3,followerCommit:490
2019-09-25 19:41:38,452 [grpc-default-executor-7] WARN  server.GrpcLogAppender (GrpcLogAppender.java:onNextImpl(251)) - 8e060d03-41f1-4f58-b316-a26b8d90e5ab@group-08878B4311E5->a490dfbe-25f2-4254-a039-9640d44159eb-AppendLogResponseHandler: Request not found, ignoring reply: 8e060d03-41f1-4f58-b316-a26b8d90e5ab<-a490dfbe-25f2-4254-a039-9640d44159eb#527:OK,SUCCESS,nextIndex:499,term:3,followerCommit:490
2019-09-25 19:41:38,452 [grpc-default-executor-0] WARN  server.GrpcLogAppender (GrpcLogAppender.java:onNextImpl(251)) - 8e060d03-41f1-4f58-b316-a26b8d90e5ab@group-08878B4311E5->5e731f39-3a46-4f41-835b-a13153cc970b-AppendLogResponseHandler: Request not found, ignoring reply: 8e060d03-41f1-4f58-b316-a26b8d90e5ab<-5e731f39-3a46-4f41-835b-a13153cc970b#528:OK,SUCCESS,nextIndex:500,term:3,followerCommit:490
2019-09-25 19:41:38,452 [grpc-default-executor-7] WARN  server.GrpcLogAppender (GrpcLogAppender.java:onNextImpl(251)) - 8e060d03-41f1-4f58-b316-a26b8d90e5ab@group-08878B4311E5->a490dfbe-25f2-4254-a039-9640d44159eb-AppendLogResponseHandler: Request not found, ignoring reply: 8e060d03-41f1-4f58-b316-a26b8d90e5ab<-a490dfbe-25f2-4254-a039-9640d44159eb#528:OK,SUCCESS,nextIndex:500,term:3,followerCommit:490
2019-09-25 19:41:38,452 [grpc-default-executor-0] WARN  server.GrpcLogAppender (GrpcLogAppender.java:onNextImpl(251)) - 8e060d03-41f1-4f58-b316-a26b8d90e5ab@group-08878B4311E5->5e731f39-3a46-4f41-835b-a13153cc970b-AppendLogResponseHandler: Request not found, ignoring reply: 8e060d03-41f1-4f58-b316-a26b8d90e5ab<-5e731f39-3a46-4f41-835b-a13153cc970b#529:OK,SUCCESS,nextIndex:501,term:3,followerCommit:490
2019-09-25 19:41:38,452 [grpc-default-executor-7] WARN  server.GrpcLogAppender (GrpcLogAppender.java:onNextImpl(251)) - 8e060d03-41f1-4f58-b316-a26b8d90e5ab@group-08878B4311E5->a490dfbe-25f2-4254-a039-9640d44159eb-AppendLogResponseHandler: Request not found, ignoring reply: 8e060d03-41f1-4f58-b316-a26b8d90e5ab<-a490dfbe-25f2-4254-a039-9640d44159eb#529:OK,SUCCESS,nextIndex:501,term:3,followerCommit:490
2019-09-25 19:41:38,452 [grpc-default-executor-0] WARN  server.GrpcLogAppender (GrpcLogAppender.java:onNextImpl(251)) - 8e060d03-41f1-4f58-b316-a26b8d90e5ab@group-08878B4311E5->5e731f39-3a46-4f41-835b-a13153cc970b-AppendLogResponseHandler: Request not found, ignoring reply: 8e060d03-41f1-4f58-b316-a26b8d90e5ab<-5e731f39-3a46-4f41-835b-a13153cc970b#530:OK,SUCCESS,nextIndex:502,term:3,followerCommit:490
2019-09-25 19:41:38,452 [grpc-default-executor-7] WARN  server.GrpcLogAppender (GrpcLogAppender.java:onNextImpl(251)) - 8e060d03-41f1-4f58-b316-a26b8d90e5ab@group-08878B4311E5->a490dfbe-25f2-4254-a039-9640d44159eb-AppendLogResponseHandler: Request not found, ignoring reply: 8e060d03-41f1-4f58-b316-a26b8d90e5ab<-a490dfbe-25f2-4254-a039-9640d44159eb#530:OK,SUCCESS,nextIndex:502,term:3,followerCommit:490
2019-09-25 19:41:38,452 [grpc-default-executor-0] WARN  server.GrpcLogAppender (GrpcLogAppender.java:onNextImpl(251)) - 8e060d03-41f1-4f58-b316-a26b8d90e5ab@group-08878B4311E5->5e731f39-3a46-4f41-835b-a13153cc970b-AppendLogResponseHandler: Request not found, ignoring reply: 8e060d03-41f1-4f58-b316-a26b8d90e5ab<-5e731f39-3a46-4f41-835b-a13153cc970b#531:OK,SUCCESS,nextIndex:503,term:3,followerCommit:490
2019-09-25 19:41:38,453 [grpc-default-executor-7] WARN  server.GrpcLogAppender (GrpcLogAppender.java:onNextImpl(251)) - 8e060d03-41f1-4f58-b316-a26b8d90e5ab@group-08878B4311E5->a490dfbe-25f2-4254-a039-9640d44159eb-AppendLogResponseHandler: Request not found, ignoring reply: 8e060d03-41f1-4f58-b316-a26b8d90e5ab<-a490dfbe-25f2-4254-a039-9640d44159eb#531:OK,SUCCESS,nextIndex:503,term:3,followerCommit:490
2019-09-25 19:41:38,453 [grpc-default-executor-0] WARN  server.GrpcLogAppender (GrpcLogAppender.java:onNextImpl(251)) - 8e060d03-41f1-4f58-b316-a26b8d90e5ab@group-08878B4311E5->5e731f39-3a46-4f41-835b-a13153cc970b-AppendLogResponseHandler: Request not found, ignoring reply: 8e060d03-41f1-4f58-b316-a26b8d90e5ab<-5e731f39-3a46-4f41-835b-a13153cc970b#532:OK,SUCCESS,nextIndex:504,term:3,followerCommit:490
2019-09-25 19:41:38,453 [grpc-default-executor-7] WARN  server.GrpcLogAppender (GrpcLogAppender.java:onNextImpl(251)) - 8e060d03-41f1-4f58-b316-a26b8d90e5ab@group-08878B4311E5->a490dfbe-25f2-4254-a039-9640d44159eb-AppendLogResponseHandler: Request not found, ignoring reply: 8e060d03-41f1-4f58-b316-a26b8d90e5ab<-a490dfbe-25f2-4254-a039-9640d44159eb#532:OK,SUCCESS,nextIndex:504,term:3,followerCommit:490
 40.00% |█████████████████████████████████████████                                                            |  40/100 Time: 0:00:44 40.00% |█████████████████████████████████████████                                                            |  40/100 Time: 0:00:45 40.00% |█████████████████████████████████████████                                                            |  40/100 Time: 0:00:462019-09-25 19:41:41,455 [java.util.concurrent.ThreadPoolExecutor$Worker@2ccf428d[State = -1, empty queue]] WARN  server.GrpcLogAppender (GrpcLogAppender.java:timeoutAppendRequest(200)) - 8e060d03-41f1-4f58-b316-a26b8d90e5ab@group-08878B4311E5->5e731f39-3a46-4f41-835b-a13153cc970b-GrpcLogAppender: appendEntries Timeout, request=8e060d03-41f1-4f58-b316-a26b8d90e5ab->5e731f39-3a46-4f41-835b-a13153cc970b#535-t3, previous=(t:3, i:503), leaderCommit=503, initializing? false, entries: size=1, first=(t:3, i:504), METADATAENTRY(c503)
2019-09-25 19:41:41,455 [java.util.concurrent.ThreadPoolExecutor$Worker@69110594[State = -1, empty queue]] WARN  server.GrpcLogAppender (GrpcLogAppender.java:timeoutAppendRequest(200)) - 8e060d03-41f1-4f58-b316-a26b8d90e5ab@group-08878B4311E5->a490dfbe-25f2-4254-a039-9640d44159eb-GrpcLogAppender: appendEntries Timeout, request=8e060d03-41f1-4f58-b316-a26b8d90e5ab->a490dfbe-25f2-4254-a039-9640d44159eb#535-t3, previous=(t:3, i:503), leaderCommit=503, initializing? false, entries: size=1, first=(t:3, i:504), METADATAENTRY(c503)
 40.00% |█████████████████████████████████████████                                                            |  40/100 Time: 0:00:47 40.00% |█████████████████████████████████████████                                                            |  40/100 Time: 0:00:48 40.00% |█████████████████████████████████████████                                                            |  40/100 Time: 0:00:492019-09-25 19:41:43,478 [pool-176-thread-7] WARN  scm.XceiverClientRatis (XceiverClientRatis.java:watchForCommit(292)) - 3 way commit failed on pipeline Pipeline[ Id: 19ce6a03-fd86-4194-9b5c-08878b4311e5, Nodes: 5e731f39-3a46-4f41-835b-a13153cc970b{ip: 192.168.164.232, host: pr-hdds-2174-qcxnv-2820930021, networkLocation: /default-rack, certSerialId: null}8e060d03-41f1-4f58-b316-a26b8d90e5ab{ip: 192.168.164.232, host: pr-hdds-2174-qcxnv-2820930021, networkLocation: /default-rack, certSerialId: null}a490dfbe-25f2-4254-a039-9640d44159eb{ip: 192.168.164.232, host: pr-hdds-2174-qcxnv-2820930021, networkLocation: /default-rack, certSerialId: null}, Type:RATIS, Factor:THREE, State:OPEN]
java.util.concurrent.TimeoutException
	at java.util.concurrent.CompletableFuture.timedGet(CompletableFuture.java:1771)
	at java.util.concurrent.CompletableFuture.get(CompletableFuture.java:1915)
	at org.apache.hadoop.hdds.scm.XceiverClientRatis.watchForCommit(XceiverClientRatis.java:289)
	at org.apache.hadoop.hdds.scm.storage.CommitWatcher.watchForCommit(CommitWatcher.java:194)
	at org.apache.hadoop.hdds.scm.storage.CommitWatcher.watchOnLastIndex(CommitWatcher.java:157)
	at org.apache.hadoop.hdds.scm.storage.BlockOutputStream.watchForCommit(BlockOutputStream.java:347)
	at org.apache.hadoop.hdds.scm.storage.BlockOutputStream.handleFlush(BlockOutputStream.java:479)
	at org.apache.hadoop.hdds.scm.storage.BlockOutputStream.close(BlockOutputStream.java:493)
	at org.apache.hadoop.ozone.client.io.BlockOutputStreamEntry.close(BlockOutputStreamEntry.java:143)
	at org.apache.hadoop.ozone.client.io.KeyOutputStream.handleFlushOrClose(KeyOutputStream.java:435)
	at org.apache.hadoop.ozone.client.io.KeyOutputStream.close(KeyOutputStream.java:473)
	at org.apache.hadoop.ozone.client.io.OzoneOutputStream.close(OzoneOutputStream.java:60)
	at org.apache.hadoop.ozone.freon.RandomKeyGenerator.createKey(RandomKeyGenerator.java:710)
	at org.apache.hadoop.ozone.freon.RandomKeyGenerator.access$1100(RandomKeyGenerator.java:88)
	at org.apache.hadoop.ozone.freon.RandomKeyGenerator$ObjectCreator.run(RandomKeyGenerator.java:615)
	at java.util.concurrent.Executors$RunnableAdapter.call(Executors.java:511)
	at java.util.concurrent.FutureTask.run(FutureTask.java:266)
	at java.util.concurrent.ThreadPoolExecutor.runWorker(ThreadPoolExecutor.java:1149)
	at java.util.concurrent.ThreadPoolExecutor$Worker.run(ThreadPoolExecutor.java:624)
	at java.lang.Thread.run(Thread.java:748)
2019-09-25 19:41:43,482 [pool-176-thread-8] WARN  scm.XceiverClientRatis (XceiverClientRatis.java:watchForCommit(292)) - 3 way commit failed on pipeline Pipeline[ Id: 19ce6a03-fd86-4194-9b5c-08878b4311e5, Nodes: 5e731f39-3a46-4f41-835b-a13153cc970b{ip: 192.168.164.232, host: pr-hdds-2174-qcxnv-2820930021, networkLocation: /default-rack, certSerialId: null}8e060d03-41f1-4f58-b316-a26b8d90e5ab{ip: 192.168.164.232, host: pr-hdds-2174-qcxnv-2820930021, networkLocation: /default-rack, certSerialId: null}a490dfbe-25f2-4254-a039-9640d44159eb{ip: 192.168.164.232, host: pr-hdds-2174-qcxnv-2820930021, networkLocation: /default-rack, certSerialId: null}, Type:RATIS, Factor:THREE, State:OPEN]
java.util.concurrent.TimeoutException
	at java.util.concurrent.CompletableFuture.timedGet(CompletableFuture.java:1771)
	at java.util.concurrent.CompletableFuture.get(CompletableFuture.java:1915)
	at org.apache.hadoop.hdds.scm.XceiverClientRatis.watchForCommit(XceiverClientRatis.java:289)
	at org.apache.hadoop.hdds.scm.storage.CommitWatcher.watchForCommit(CommitWatcher.java:194)
	at org.apache.hadoop.hdds.scm.storage.CommitWatcher.watchOnLastIndex(CommitWatcher.java:157)
	at org.apache.hadoop.hdds.scm.storage.BlockOutputStream.watchForCommit(BlockOutputStream.java:347)
	at org.apache.hadoop.hdds.scm.storage.BlockOutputStream.handleFlush(BlockOutputStream.java:479)
	at org.apache.hadoop.hdds.scm.storage.BlockOutputStream.close(BlockOutputStream.java:493)
	at org.apache.hadoop.ozone.client.io.BlockOutputStreamEntry.close(BlockOutputStreamEntry.java:143)
	at org.apache.hadoop.ozone.client.io.KeyOutputStream.handleFlushOrClose(KeyOutputStream.java:435)
	at org.apache.hadoop.ozone.client.io.KeyOutputStream.close(KeyOutputStream.java:473)
	at org.apache.hadoop.ozone.client.io.OzoneOutputStream.close(OzoneOutputStream.java:60)
	at org.apache.hadoop.ozone.freon.RandomKeyGenerator.createKey(RandomKeyGenerator.java:710)
	at org.apache.hadoop.ozone.freon.RandomKeyGenerator.access$1100(RandomKeyGenerator.java:88)
	at org.apache.hadoop.ozone.freon.RandomKeyGenerator$ObjectCreator.run(RandomKeyGenerator.java:615)
	at java.util.concurrent.Executors$RunnableAdapter.call(Executors.java:511)
	at java.util.concurrent.FutureTask.run(FutureTask.java:266)
	at java.util.concurrent.ThreadPoolExecutor.runWorker(ThreadPoolExecutor.java:1149)
	at java.util.concurrent.ThreadPoolExecutor$Worker.run(ThreadPoolExecutor.java:624)
	at java.lang.Thread.run(Thread.java:748)
2019-09-25 19:41:43,485 [pool-176-thread-6] WARN  scm.XceiverClientRatis (XceiverClientRatis.java:watchForCommit(292)) - 3 way commit failed on pipeline Pipeline[ Id: 19ce6a03-fd86-4194-9b5c-08878b4311e5, Nodes: 5e731f39-3a46-4f41-835b-a13153cc970b{ip: 192.168.164.232, host: pr-hdds-2174-qcxnv-2820930021, networkLocation: /default-rack, certSerialId: null}8e060d03-41f1-4f58-b316-a26b8d90e5ab{ip: 192.168.164.232, host: pr-hdds-2174-qcxnv-2820930021, networkLocation: /default-rack, certSerialId: null}a490dfbe-25f2-4254-a039-9640d44159eb{ip: 192.168.164.232, host: pr-hdds-2174-qcxnv-2820930021, networkLocation: /default-rack, certSerialId: null}, Type:RATIS, Factor:THREE, State:OPEN]
java.util.concurrent.TimeoutException
	at java.util.concurrent.CompletableFuture.timedGet(CompletableFuture.java:1771)
	at java.util.concurrent.CompletableFuture.get(CompletableFuture.java:1915)
	at org.apache.hadoop.hdds.scm.XceiverClientRatis.watchForCommit(XceiverClientRatis.java:289)
	at org.apache.hadoop.hdds.scm.storage.CommitWatcher.watchForCommit(CommitWatcher.java:194)
	at org.apache.hadoop.hdds.scm.storage.CommitWatcher.watchOnLastIndex(CommitWatcher.java:157)
	at org.apache.hadoop.hdds.scm.storage.BlockOutputStream.watchForCommit(BlockOutputStream.java:347)
	at org.apache.hadoop.hdds.scm.storage.BlockOutputStream.handleFlush(BlockOutputStream.java:479)
	at org.apache.hadoop.hdds.scm.storage.BlockOutputStream.close(BlockOutputStream.java:493)
	at org.apache.hadoop.ozone.client.io.BlockOutputStreamEntry.close(BlockOutputStreamEntry.java:143)
	at org.apache.hadoop.ozone.client.io.KeyOutputStream.handleFlushOrClose(KeyOutputStream.java:435)
	at org.apache.hadoop.ozone.client.io.KeyOutputStream.close(KeyOutputStream.java:473)
	at org.apache.hadoop.ozone.client.io.OzoneOutputStream.close(OzoneOutputStream.java:60)
	at org.apache.hadoop.ozone.freon.RandomKeyGenerator.createKey(RandomKeyGenerator.java:710)
	at org.apache.hadoop.ozone.freon.RandomKeyGenerator.access$1100(RandomKeyGenerator.java:88)
	at org.apache.hadoop.ozone.freon.RandomKeyGenerator$ObjectCreator.run(RandomKeyGenerator.java:615)
	at java.util.concurrent.Executors$RunnableAdapter.call(Executors.java:511)
	at java.util.concurrent.FutureTask.run(FutureTask.java:266)
	at java.util.concurrent.ThreadPoolExecutor.runWorker(ThreadPoolExecutor.java:1149)
	at java.util.concurrent.ThreadPoolExecutor$Worker.run(ThreadPoolExecutor.java:624)
	at java.lang.Thread.run(Thread.java:748)
2019-09-25 19:41:43,486 [pool-176-thread-1] WARN  scm.XceiverClientRatis (XceiverClientRatis.java:watchForCommit(292)) - 3 way commit failed on pipeline Pipeline[ Id: 19ce6a03-fd86-4194-9b5c-08878b4311e5, Nodes: 5e731f39-3a46-4f41-835b-a13153cc970b{ip: 192.168.164.232, host: pr-hdds-2174-qcxnv-2820930021, networkLocation: /default-rack, certSerialId: null}8e060d03-41f1-4f58-b316-a26b8d90e5ab{ip: 192.168.164.232, host: pr-hdds-2174-qcxnv-2820930021, networkLocation: /default-rack, certSerialId: null}a490dfbe-25f2-4254-a039-9640d44159eb{ip: 192.168.164.232, host: pr-hdds-2174-qcxnv-2820930021, networkLocation: /default-rack, certSerialId: null}, Type:RATIS, Factor:THREE, State:OPEN]
java.util.concurrent.TimeoutException
	at java.util.concurrent.CompletableFuture.timedGet(CompletableFuture.java:1771)
	at java.util.concurrent.CompletableFuture.get(CompletableFuture.java:1915)
	at org.apache.hadoop.hdds.scm.XceiverClientRatis.watchForCommit(XceiverClientRatis.java:289)
	at org.apache.hadoop.hdds.scm.storage.CommitWatcher.watchForCommit(CommitWatcher.java:194)
	at org.apache.hadoop.hdds.scm.storage.CommitWatcher.watchOnLastIndex(CommitWatcher.java:157)
	at org.apache.hadoop.hdds.scm.storage.BlockOutputStream.watchForCommit(BlockOutputStream.java:347)
	at org.apache.hadoop.hdds.scm.storage.BlockOutputStream.handleFlush(BlockOutputStream.java:479)
	at org.apache.hadoop.hdds.scm.storage.BlockOutputStream.close(BlockOutputStream.java:493)
	at org.apache.hadoop.ozone.client.io.BlockOutputStreamEntry.close(BlockOutputStreamEntry.java:143)
	at org.apache.hadoop.ozone.client.io.KeyOutputStream.handleFlushOrClose(KeyOutputStream.java:435)
	at org.apache.hadoop.ozone.client.io.KeyOutputStream.close(KeyOutputStream.java:473)
	at org.apache.hadoop.ozone.client.io.OzoneOutputStream.close(OzoneOutputStream.java:60)
	at org.apache.hadoop.ozone.freon.RandomKeyGenerator.createKey(RandomKeyGenerator.java:710)
	at org.apache.hadoop.ozone.freon.RandomKeyGenerator.access$1100(RandomKeyGenerator.java:88)
	at org.apache.hadoop.ozone.freon.RandomKeyGenerator$ObjectCreator.run(RandomKeyGenerator.java:615)
	at java.util.concurrent.Executors$RunnableAdapter.call(Executors.java:511)
	at java.util.concurrent.FutureTask.run(FutureTask.java:266)
	at java.util.concurrent.ThreadPoolExecutor.runWorker(ThreadPoolExecutor.java:1149)
	at java.util.concurrent.ThreadPoolExecutor$Worker.run(ThreadPoolExecutor.java:624)
	at java.lang.Thread.run(Thread.java:748)
2019-09-25 19:41:43,487 [pool-176-thread-2] WARN  scm.XceiverClientRatis (XceiverClientRatis.java:watchForCommit(292)) - 3 way commit failed on pipeline Pipeline[ Id: 19ce6a03-fd86-4194-9b5c-08878b4311e5, Nodes: 5e731f39-3a46-4f41-835b-a13153cc970b{ip: 192.168.164.232, host: pr-hdds-2174-qcxnv-2820930021, networkLocation: /default-rack, certSerialId: null}8e060d03-41f1-4f58-b316-a26b8d90e5ab{ip: 192.168.164.232, host: pr-hdds-2174-qcxnv-2820930021, networkLocation: /default-rack, certSerialId: null}a490dfbe-25f2-4254-a039-9640d44159eb{ip: 192.168.164.232, host: pr-hdds-2174-qcxnv-2820930021, networkLocation: /default-rack, certSerialId: null}, Type:RATIS, Factor:THREE, State:OPEN]
java.util.concurrent.TimeoutException
	at java.util.concurrent.CompletableFuture.timedGet(CompletableFuture.java:1771)
	at java.util.concurrent.CompletableFuture.get(CompletableFuture.java:1915)
	at org.apache.hadoop.hdds.scm.XceiverClientRatis.watchForCommit(XceiverClientRatis.java:289)
	at org.apache.hadoop.hdds.scm.storage.CommitWatcher.watchForCommit(CommitWatcher.java:194)
	at org.apache.hadoop.hdds.scm.storage.CommitWatcher.watchOnLastIndex(CommitWatcher.java:157)
	at org.apache.hadoop.hdds.scm.storage.BlockOutputStream.watchForCommit(BlockOutputStream.java:347)
	at org.apache.hadoop.hdds.scm.storage.BlockOutputStream.handleFlush(BlockOutputStream.java:479)
	at org.apache.hadoop.hdds.scm.storage.BlockOutputStream.close(BlockOutputStream.java:493)
	at org.apache.hadoop.ozone.client.io.BlockOutputStreamEntry.close(BlockOutputStreamEntry.java:143)
	at org.apache.hadoop.ozone.client.io.KeyOutputStream.handleFlushOrClose(KeyOutputStream.java:435)
	at org.apache.hadoop.ozone.client.io.KeyOutputStream.close(KeyOutputStream.java:473)
	at org.apache.hadoop.ozone.client.io.OzoneOutputStream.close(OzoneOutputStream.java:60)
	at org.apache.hadoop.ozone.freon.RandomKeyGenerator.createKey(RandomKeyGenerator.java:710)
	at org.apache.hadoop.ozone.freon.RandomKeyGenerator.access$1100(RandomKeyGenerator.java:88)
	at org.apache.hadoop.ozone.freon.RandomKeyGenerator$ObjectCreator.run(RandomKeyGenerator.java:615)
	at java.util.concurrent.Executors$RunnableAdapter.call(Executors.java:511)
	at java.util.concurrent.FutureTask.run(FutureTask.java:266)
	at java.util.concurrent.ThreadPoolExecutor.runWorker(ThreadPoolExecutor.java:1149)
	at java.util.concurrent.ThreadPoolExecutor$Worker.run(ThreadPoolExecutor.java:624)
	at java.lang.Thread.run(Thread.java:748)
2019-09-25 19:41:43,487 [pool-176-thread-4] WARN  scm.XceiverClientRatis (XceiverClientRatis.java:watchForCommit(292)) - 3 way commit failed on pipeline Pipeline[ Id: 19ce6a03-fd86-4194-9b5c-08878b4311e5, Nodes: 5e731f39-3a46-4f41-835b-a13153cc970b{ip: 192.168.164.232, host: pr-hdds-2174-qcxnv-2820930021, networkLocation: /default-rack, certSerialId: null}8e060d03-41f1-4f58-b316-a26b8d90e5ab{ip: 192.168.164.232, host: pr-hdds-2174-qcxnv-2820930021, networkLocation: /default-rack, certSerialId: null}a490dfbe-25f2-4254-a039-9640d44159eb{ip: 192.168.164.232, host: pr-hdds-2174-qcxnv-2820930021, networkLocation: /default-rack, certSerialId: null}, Type:RATIS, Factor:THREE, State:OPEN]
java.util.concurrent.TimeoutException
	at java.util.concurrent.CompletableFuture.timedGet(CompletableFuture.java:1771)
	at java.util.concurrent.CompletableFuture.get(CompletableFuture.java:1915)
	at org.apache.hadoop.hdds.scm.XceiverClientRatis.watchForCommit(XceiverClientRatis.java:289)
	at org.apache.hadoop.hdds.scm.storage.CommitWatcher.watchForCommit(CommitWatcher.java:194)
	at org.apache.hadoop.hdds.scm.storage.CommitWatcher.watchOnLastIndex(CommitWatcher.java:157)
	at org.apache.hadoop.hdds.scm.storage.BlockOutputStream.watchForCommit(BlockOutputStream.java:347)
	at org.apache.hadoop.hdds.scm.storage.BlockOutputStream.handleFlush(BlockOutputStream.java:479)
	at org.apache.hadoop.hdds.scm.storage.BlockOutputStream.close(BlockOutputStream.java:493)
	at org.apache.hadoop.ozone.client.io.BlockOutputStreamEntry.close(BlockOutputStreamEntry.java:143)
	at org.apache.hadoop.ozone.client.io.KeyOutputStream.handleFlushOrClose(KeyOutputStream.java:435)
	at org.apache.hadoop.ozone.client.io.KeyOutputStream.close(KeyOutputStream.java:473)
	at org.apache.hadoop.ozone.client.io.OzoneOutputStream.close(OzoneOutputStream.java:60)
	at org.apache.hadoop.ozone.freon.RandomKeyGenerator.createKey(RandomKeyGenerator.java:710)
	at org.apache.hadoop.ozone.freon.RandomKeyGenerator.access$1100(RandomKeyGenerator.java:88)
	at org.apache.hadoop.ozone.freon.RandomKeyGenerator$ObjectCreator.run(RandomKeyGenerator.java:615)
	at java.util.concurrent.Executors$RunnableAdapter.call(Executors.java:511)
	at java.util.concurrent.FutureTask.run(FutureTask.java:266)
	at java.util.concurrent.ThreadPoolExecutor.runWorker(ThreadPoolExecutor.java:1149)
	at java.util.concurrent.ThreadPoolExecutor$Worker.run(ThreadPoolExecutor.java:624)
	at java.lang.Thread.run(Thread.java:748)
2019-09-25 19:41:43,488 [pool-176-thread-10] WARN  scm.XceiverClientRatis (XceiverClientRatis.java:watchForCommit(292)) - 3 way commit failed on pipeline Pipeline[ Id: 19ce6a03-fd86-4194-9b5c-08878b4311e5, Nodes: 5e731f39-3a46-4f41-835b-a13153cc970b{ip: 192.168.164.232, host: pr-hdds-2174-qcxnv-2820930021, networkLocation: /default-rack, certSerialId: null}8e060d03-41f1-4f58-b316-a26b8d90e5ab{ip: 192.168.164.232, host: pr-hdds-2174-qcxnv-2820930021, networkLocation: /default-rack, certSerialId: null}a490dfbe-25f2-4254-a039-9640d44159eb{ip: 192.168.164.232, host: pr-hdds-2174-qcxnv-2820930021, networkLocation: /default-rack, certSerialId: null}, Type:RATIS, Factor:THREE, State:OPEN]
java.util.concurrent.TimeoutException
	at java.util.concurrent.CompletableFuture.timedGet(CompletableFuture.java:1771)
	at java.util.concurrent.CompletableFuture.get(CompletableFuture.java:1915)
	at org.apache.hadoop.hdds.scm.XceiverClientRatis.watchForCommit(XceiverClientRatis.java:289)
	at org.apache.hadoop.hdds.scm.storage.CommitWatcher.watchForCommit(CommitWatcher.java:194)
	at org.apache.hadoop.hdds.scm.storage.CommitWatcher.watchOnLastIndex(CommitWatcher.java:157)
	at org.apache.hadoop.hdds.scm.storage.BlockOutputStream.watchForCommit(BlockOutputStream.java:347)
	at org.apache.hadoop.hdds.scm.storage.BlockOutputStream.handleFlush(BlockOutputStream.java:479)
	at org.apache.hadoop.hdds.scm.storage.BlockOutputStream.close(BlockOutputStream.java:493)
	at org.apache.hadoop.ozone.client.io.BlockOutputStreamEntry.close(BlockOutputStreamEntry.java:143)
	at org.apache.hadoop.ozone.client.io.KeyOutputStream.handleFlushOrClose(KeyOutputStream.java:435)
	at org.apache.hadoop.ozone.client.io.KeyOutputStream.close(KeyOutputStream.java:473)
	at org.apache.hadoop.ozone.client.io.OzoneOutputStream.close(OzoneOutputStream.java:60)
	at org.apache.hadoop.ozone.freon.RandomKeyGenerator.createKey(RandomKeyGenerator.java:710)
	at org.apache.hadoop.ozone.freon.RandomKeyGenerator.access$1100(RandomKeyGenerator.java:88)
	at org.apache.hadoop.ozone.freon.RandomKeyGenerator$ObjectCreator.run(RandomKeyGenerator.java:615)
	at java.util.concurrent.Executors$RunnableAdapter.call(Executors.java:511)
	at java.util.concurrent.FutureTask.run(FutureTask.java:266)
	at java.util.concurrent.ThreadPoolExecutor.runWorker(ThreadPoolExecutor.java:1149)
	at java.util.concurrent.ThreadPoolExecutor$Worker.run(ThreadPoolExecutor.java:624)
	at java.lang.Thread.run(Thread.java:748)
2019-09-25 19:41:43,732 [grpc-default-executor-7] WARN  server.GrpcLogAppender (GrpcLogAppender.java:onNextImpl(251)) - 8e060d03-41f1-4f58-b316-a26b8d90e5ab@group-08878B4311E5->a490dfbe-25f2-4254-a039-9640d44159eb-AppendLogResponseHandler: Request not found, ignoring reply: 8e060d03-41f1-4f58-b316-a26b8d90e5ab<-a490dfbe-25f2-4254-a039-9640d44159eb#535:OK,SUCCESS,nextIndex:505,term:3,followerCommit:503
2019-09-25 19:41:43,732 [grpc-default-executor-0] WARN  server.GrpcLogAppender (GrpcLogAppender.java:onNextImpl(251)) - 8e060d03-41f1-4f58-b316-a26b8d90e5ab@group-08878B4311E5->5e731f39-3a46-4f41-835b-a13153cc970b-AppendLogResponseHandler: Request not found, ignoring reply: 8e060d03-41f1-4f58-b316-a26b8d90e5ab<-5e731f39-3a46-4f41-835b-a13153cc970b#535:OK,SUCCESS,nextIndex:505,term:3,followerCommit:503
 47.00% |████████████████████████████████████████████████                                                     |  47/100 Time: 0:00:50 47.00% |████████████████████████████████████████████████                                                     |  47/100 Time: 0:00:51 54.00% |███████████████████████████████████████████████████████                                              |  54/100 Time: 0:00:52 100.00% |█████████████████████████████████████████████████████████████████████████████████████████████████████|  100/100 Time: 0:00:53
2019-09-25 19:41:47,643 [grpc-default-executor-2] WARN  client.GrpcClientProtocolService (LogUtils.java:warn(134)) - 41-UnorderedRequestStreamObserver41: onError: org.apache.ratis.thirdparty.io.grpc.StatusRuntimeException: CANCELLED: cancelled before receiving half close
]]></system-out>
  </testcase>
  <testcase name="bigFileThan2GB" classname="org.apache.hadoop.ozone.freon.TestRandomKeyGenerator" time="202.736">
    <error message="Allocated 0 blocks. Requested 1 blocks" type="INTERNAL_ERROR org.apache.hadoop.ozone.om.exceptions.OMException">INTERNAL_ERROR org.apache.hadoop.ozone.om.exceptions.OMException: Allocated 0 blocks. Requested 1 blocks
	at org.apache.hadoop.ozone.om.protocolPB.OzoneManagerProtocolClientSideTranslatorPB.handleError(OzoneManagerProtocolClientSideTranslatorPB.java:732)
	at org.apache.hadoop.ozone.om.protocolPB.OzoneManagerProtocolClientSideTranslatorPB.allocateBlock(OzoneManagerProtocolClientSideTranslatorPB.java:764)
	at sun.reflect.NativeMethodAccessorImpl.invoke0(Native Method)
	at sun.reflect.NativeMethodAccessorImpl.invoke(NativeMethodAccessorImpl.java:62)
	at sun.reflect.DelegatingMethodAccessorImpl.invoke(DelegatingMethodAccessorImpl.java:43)
	at java.lang.reflect.Method.invoke(Method.java:498)
	at org.apache.hadoop.hdds.tracing.TraceAllMethod.invoke(TraceAllMethod.java:66)
	at com.sun.proxy.$Proxy37.allocateBlock(Unknown Source)
	at org.apache.hadoop.ozone.client.io.BlockOutputStreamEntryPool.allocateNewBlock(BlockOutputStreamEntryPool.java:248)
	at org.apache.hadoop.ozone.client.io.BlockOutputStreamEntryPool.allocateBlockIfNeeded(BlockOutputStreamEntryPool.java:296)
	at org.apache.hadoop.ozone.client.io.KeyOutputStream.handleWrite(KeyOutputStream.java:198)
	at org.apache.hadoop.ozone.client.io.KeyOutputStream.write(KeyOutputStream.java:190)
	at org.apache.hadoop.ozone.client.io.OzoneOutputStream.write(OzoneOutputStream.java:49)
	at org.apache.hadoop.ozone.freon.RandomKeyGenerator.createKey(RandomKeyGenerator.java:708)
	at org.apache.hadoop.ozone.freon.RandomKeyGenerator.access$1100(RandomKeyGenerator.java:88)
	at org.apache.hadoop.ozone.freon.RandomKeyGenerator$ObjectCreator.run(RandomKeyGenerator.java:615)
	at java.util.concurrent.Executors$RunnableAdapter.call(Executors.java:511)
	at java.util.concurrent.FutureTask.run(FutureTask.java:266)
	at java.util.concurrent.ThreadPoolExecutor.runWorker(ThreadPoolExecutor.java:1149)
	at java.util.concurrent.ThreadPoolExecutor$Worker.run(ThreadPoolExecutor.java:624)
	at java.lang.Thread.run(Thread.java:748)
</error>
    <system-out><![CDATA[2019-09-25 19:41:55,296 [main] INFO  freon.RandomKeyGenerator (RandomKeyGenerator.java:call(283)) - Number of Threads: 1
2019-09-25 19:41:55,297 [main] INFO  freon.RandomKeyGenerator (RandomKeyGenerator.java:call(288)) - Number of Volumes: 1.
2019-09-25 19:41:55,297 [main] INFO  freon.RandomKeyGenerator (RandomKeyGenerator.java:call(289)) - Number of Buckets per Volume: 1.
2019-09-25 19:41:55,297 [main] INFO  freon.RandomKeyGenerator (RandomKeyGenerator.java:call(290)) - Number of Keys per Bucket: 1.
2019-09-25 19:41:55,297 [main] INFO  freon.RandomKeyGenerator (RandomKeyGenerator.java:call(291)) - Key size: 2147483657 bytes
2019-09-25 19:41:55,297 [main] INFO  freon.RandomKeyGenerator (RandomKeyGenerator.java:call(292)) - Buffer size: 4096 bytes
2019-09-25 19:41:55,297 [main] INFO  freon.RandomKeyGenerator (RandomKeyGenerator.java:call(293)) - validateWrites : true
2019-09-25 19:41:55,299 [pool-277-thread-1] INFO  rpc.RpcClient (RpcClient.java:createVolume(276)) - Creating Volume: vol-0-02998, with jenkins1000 as owner.
2019-09-25 19:41:55,305 [main] INFO  freon.RandomKeyGenerator (RandomKeyGenerator.java:call(307)) - Data validation is enabled.
2019-09-25 19:41:55,305 [main] INFO  freon.RandomKeyGenerator (RandomKeyGenerator.java:call(313)) - Starting progress bar Thread.

 0.00% |█                                                                                                    |  0/1 Time: 0:00:002019-09-25 19:41:55,309 [IPC Server handler 4 on 45123] INFO  volume.OMVolumeCreateRequest (OMVolumeCreateRequest.java:validateAndUpdateCache(194)) - created volume:vol-0-02998 for user:jenkins1000
2019-09-25 19:41:55,312 [pool-277-thread-1] INFO  rpc.RpcClient (RpcClient.java:createBucket(415)) - Creating Bucket: vol-0-02998/bucket-0-94585, with Versioning false and Storage Type set to DISK and Encryption set to false 
 0.00% |█                                                                                                    |  0/1 Time: 0:00:01 0.00% |█                                                                                                    |  0/1 Time: 0:00:02 0.00% |█                                                                                                    |  0/1 Time: 0:00:03 0.00% |█                                                                                                    |  0/1 Time: 0:00:04 0.00% |█                                                                                                    |  0/1 Time: 0:00:05 0.00% |█                                                                                                    |  0/1 Time: 0:00:06 0.00% |█                                                                                                    |  0/1 Time: 0:00:07 0.00% |█                                                                                                    |  0/1 Time: 0:00:08 0.00% |█                                                                                                    |  0/1 Time: 0:00:09 0.00% |█                                                                                                    |  0/1 Time: 0:00:10 0.00% |█                                                                                                    |  0/1 Time: 0:00:11 0.00% |█                                                                                                    |  0/1 Time: 0:00:12 0.00% |█                                                                                                    |  0/1 Time: 0:00:13 0.00% |█                                                                                                    |  0/1 Time: 0:00:14 0.00% |█                                                                                                    |  0/1 Time: 0:00:15 0.00% |█                                                                                                    |  0/1 Time: 0:00:16 0.00% |█                                                                                                    |  0/1 Time: 0:00:17 0.00% |█                                                                                                    |  0/1 Time: 0:00:18 0.00% |█                                                                                                    |  0/1 Time: 0:00:19 0.00% |█                                                                                                    |  0/1 Time: 0:00:20 0.00% |█                                                                                                    |  0/1 Time: 0:00:21 0.00% |█                                                                                                    |  0/1 Time: 0:00:22 0.00% |█                                                                                                    |  0/1 Time: 0:00:23 0.00% |█                                                                                                    |  0/1 Time: 0:00:24 0.00% |█                                                                                                    |  0/1 Time: 0:00:25 0.00% |█                                                                                                    |  0/1 Time: 0:00:26 0.00% |█                                                                                                    |  0/1 Time: 0:00:27 0.00% |█                                                                                                    |  0/1 Time: 0:00:28 0.00% |█                                                                                                    |  0/1 Time: 0:00:29 0.00% |█                                                                                                    |  0/1 Time: 0:00:30 0.00% |█                                                                                                    |  0/1 Time: 0:00:31 0.00% |█                                                                                                    |  0/1 Time: 0:00:32 0.00% |█                                                                                                    |  0/1 Time: 0:00:33 0.00% |█                                                                                                    |  0/1 Time: 0:00:34 0.00% |█                                                                                                    |  0/1 Time: 0:00:35 0.00% |█                                                                                                    |  0/1 Time: 0:00:36 0.00% |█                                                                                                    |  0/1 Time: 0:00:37 0.00% |█                                                                                                    |  0/1 Time: 0:00:382019-09-25 19:42:33,514 [java.util.concurrent.ThreadPoolExecutor$Worker@2ccf428d[State = -1, empty queue]] WARN  server.GrpcLogAppender (GrpcLogAppender.java:timeoutAppendRequest(200)) - 8e060d03-41f1-4f58-b316-a26b8d90e5ab@group-08878B4311E5->5e731f39-3a46-4f41-835b-a13153cc970b-GrpcLogAppender: appendEntries Timeout, request=8e060d03-41f1-4f58-b316-a26b8d90e5ab->5e731f39-3a46-4f41-835b-a13153cc970b#1565-t3, previous=(t:3, i:1528), leaderCommit=1526, initializing? false, entries: size=1, first=(t:3, i:1529), METADATAENTRY(c1526)
2019-09-25 19:42:33,522 [java.util.concurrent.ThreadPoolExecutor$Worker@2ccf428d[State = -1, empty queue]] WARN  server.GrpcLogAppender (GrpcLogAppender.java:timeoutAppendRequest(200)) - 8e060d03-41f1-4f58-b316-a26b8d90e5ab@group-08878B4311E5->5e731f39-3a46-4f41-835b-a13153cc970b-GrpcLogAppender: appendEntries Timeout, request=8e060d03-41f1-4f58-b316-a26b8d90e5ab->5e731f39-3a46-4f41-835b-a13153cc970b#1566-t3, previous=(t:3, i:1529), leaderCommit=1527, initializing? false, entries: size=1, first=(t:3, i:1530), STATEMACHINELOGENTRY, client-270B24DA6334, cid=1158
2019-09-25 19:42:33,522 [java.util.concurrent.ThreadPoolExecutor$Worker@69110594[State = -1, empty queue]] WARN  server.GrpcLogAppender (GrpcLogAppender.java:timeoutAppendRequest(200)) - 8e060d03-41f1-4f58-b316-a26b8d90e5ab@group-08878B4311E5->a490dfbe-25f2-4254-a039-9640d44159eb-GrpcLogAppender: appendEntries Timeout, request=8e060d03-41f1-4f58-b316-a26b8d90e5ab->a490dfbe-25f2-4254-a039-9640d44159eb#1566-t3, previous=(t:3, i:1529), leaderCommit=1527, initializing? false, entries: size=1, first=(t:3, i:1530), STATEMACHINELOGENTRY, client-270B24DA6334, cid=1158
2019-09-25 19:42:33,522 [java.util.concurrent.ThreadPoolExecutor$Worker@2ccf428d[State = -1, empty queue]] WARN  server.GrpcLogAppender (GrpcLogAppender.java:timeoutAppendRequest(200)) - 8e060d03-41f1-4f58-b316-a26b8d90e5ab@group-08878B4311E5->5e731f39-3a46-4f41-835b-a13153cc970b-GrpcLogAppender: appendEntries Timeout, request=8e060d03-41f1-4f58-b316-a26b8d90e5ab->5e731f39-3a46-4f41-835b-a13153cc970b#1567-t3, previous=(t:3, i:1530), leaderCommit=1527, initializing? false, entries: size=1, first=(t:3, i:1531), STATEMACHINELOGENTRY, client-270B24DA6334, cid=1159
2019-09-25 19:42:33,523 [java.util.concurrent.ThreadPoolExecutor$Worker@69110594[State = -1, empty queue]] WARN  server.GrpcLogAppender (GrpcLogAppender.java:timeoutAppendRequest(200)) - 8e060d03-41f1-4f58-b316-a26b8d90e5ab@group-08878B4311E5->a490dfbe-25f2-4254-a039-9640d44159eb-GrpcLogAppender: appendEntries Timeout, request=8e060d03-41f1-4f58-b316-a26b8d90e5ab->a490dfbe-25f2-4254-a039-9640d44159eb#1567-t3, previous=(t:3, i:1530), leaderCommit=1527, initializing? false, entries: size=1, first=(t:3, i:1531), STATEMACHINELOGENTRY, client-270B24DA6334, cid=1159
 0.00% |█                                                                                                    |  0/1 Time: 0:00:39 0.00% |█                                                                                                    |  0/1 Time: 0:00:402019-09-25 19:42:35,419 [grpc-default-executor-0] WARN  server.GrpcLogAppender (GrpcLogAppender.java:onNextImpl(251)) - 8e060d03-41f1-4f58-b316-a26b8d90e5ab@group-08878B4311E5->5e731f39-3a46-4f41-835b-a13153cc970b-AppendLogResponseHandler: Request not found, ignoring reply: 8e060d03-41f1-4f58-b316-a26b8d90e5ab<-5e731f39-3a46-4f41-835b-a13153cc970b#1565:OK,SUCCESS,nextIndex:1530,term:3,followerCommit:1528
2019-09-25 19:42:35,419 [grpc-default-executor-7] WARN  server.GrpcLogAppender (GrpcLogAppender.java:onNextImpl(251)) - 8e060d03-41f1-4f58-b316-a26b8d90e5ab@group-08878B4311E5->a490dfbe-25f2-4254-a039-9640d44159eb-AppendLogResponseHandler: Request not found, ignoring reply: 8e060d03-41f1-4f58-b316-a26b8d90e5ab<-a490dfbe-25f2-4254-a039-9640d44159eb#1566:OK,SUCCESS,nextIndex:1531,term:3,followerCommit:1528
2019-09-25 19:42:35,420 [grpc-default-executor-7] WARN  server.GrpcLogAppender (GrpcLogAppender.java:onNextImpl(251)) - 8e060d03-41f1-4f58-b316-a26b8d90e5ab@group-08878B4311E5->a490dfbe-25f2-4254-a039-9640d44159eb-AppendLogResponseHandler: Request not found, ignoring reply: 8e060d03-41f1-4f58-b316-a26b8d90e5ab<-a490dfbe-25f2-4254-a039-9640d44159eb#1567:OK,SUCCESS,nextIndex:1532,term:3,followerCommit:1528
2019-09-25 19:42:35,957 [grpc-default-executor-0] WARN  server.GrpcLogAppender (GrpcLogAppender.java:onNextImpl(251)) - 8e060d03-41f1-4f58-b316-a26b8d90e5ab@group-08878B4311E5->5e731f39-3a46-4f41-835b-a13153cc970b-AppendLogResponseHandler: Request not found, ignoring reply: 8e060d03-41f1-4f58-b316-a26b8d90e5ab<-5e731f39-3a46-4f41-835b-a13153cc970b#1566:OK,SUCCESS,nextIndex:1531,term:3,followerCommit:1528
2019-09-25 19:42:35,957 [grpc-default-executor-7] WARN  server.GrpcLogAppender (GrpcLogAppender.java:onNextImpl(251)) - 8e060d03-41f1-4f58-b316-a26b8d90e5ab@group-08878B4311E5->5e731f39-3a46-4f41-835b-a13153cc970b-AppendLogResponseHandler: Request not found, ignoring reply: 8e060d03-41f1-4f58-b316-a26b8d90e5ab<-5e731f39-3a46-4f41-835b-a13153cc970b#1567:OK,SUCCESS,nextIndex:1532,term:3,followerCommit:1528
 0.00% |█                                                                                                    |  0/1 Time: 0:00:41 0.00% |█                                                                                                    |  0/1 Time: 0:00:42 0.00% |█                                                                                                    |  0/1 Time: 0:00:432019-09-25 19:42:38,421 [java.util.concurrent.ThreadPoolExecutor$Worker@2ccf428d[State = -1, empty queue]] WARN  server.GrpcLogAppender (GrpcLogAppender.java:timeoutAppendRequest(200)) - 8e060d03-41f1-4f58-b316-a26b8d90e5ab@group-08878B4311E5->5e731f39-3a46-4f41-835b-a13153cc970b-GrpcLogAppender: appendEntries Timeout, request=8e060d03-41f1-4f58-b316-a26b8d90e5ab->5e731f39-3a46-4f41-835b-a13153cc970b#1569-t3, previous=(t:3, i:1531), leaderCommit=1531, initializing? false, entries: size=1, first=(t:3, i:1532), METADATAENTRY(c1531)
2019-09-25 19:42:38,966 [java.util.concurrent.ThreadPoolExecutor$Worker@69110594[State = -1, empty queue]] WARN  server.GrpcLogAppender (GrpcLogAppender.java:timeoutAppendRequest(200)) - 8e060d03-41f1-4f58-b316-a26b8d90e5ab@group-08878B4311E5->a490dfbe-25f2-4254-a039-9640d44159eb-GrpcLogAppender: appendEntries Timeout, request=8e060d03-41f1-4f58-b316-a26b8d90e5ab->a490dfbe-25f2-4254-a039-9640d44159eb#1570-t3, previous=(t:3, i:1532), leaderCommit=1532, initializing? false, entries: size=1, first=(t:3, i:1533), STATEMACHINELOGENTRY, client-270B24DA6334, cid=1161
2019-09-25 19:42:38,966 [java.util.concurrent.ThreadPoolExecutor$Worker@2ccf428d[State = -1, empty queue]] WARN  server.GrpcLogAppender (GrpcLogAppender.java:timeoutAppendRequest(200)) - 8e060d03-41f1-4f58-b316-a26b8d90e5ab@group-08878B4311E5->5e731f39-3a46-4f41-835b-a13153cc970b-GrpcLogAppender: appendEntries Timeout, request=8e060d03-41f1-4f58-b316-a26b8d90e5ab->5e731f39-3a46-4f41-835b-a13153cc970b#1570-t3, previous=(t:3, i:1532), leaderCommit=1532, initializing? false, entries: size=1, first=(t:3, i:1533), STATEMACHINELOGENTRY, client-270B24DA6334, cid=1161
2019-09-25 19:42:38,966 [java.util.concurrent.ThreadPoolExecutor$Worker@69110594[State = -1, empty queue]] WARN  server.GrpcLogAppender (GrpcLogAppender.java:timeoutAppendRequest(200)) - 8e060d03-41f1-4f58-b316-a26b8d90e5ab@group-08878B4311E5->a490dfbe-25f2-4254-a039-9640d44159eb-GrpcLogAppender: appendEntries Timeout, request=8e060d03-41f1-4f58-b316-a26b8d90e5ab->a490dfbe-25f2-4254-a039-9640d44159eb#1571-t3, previous=(t:3, i:1533), leaderCommit=1532, initializing? false, entries: size=1, first=(t:3, i:1534), STATEMACHINELOGENTRY, client-270B24DA6334, cid=1162
2019-09-25 19:42:38,966 [java.util.concurrent.ThreadPoolExecutor$Worker@2ccf428d[State = -1, empty queue]] WARN  server.GrpcLogAppender (GrpcLogAppender.java:timeoutAppendRequest(200)) - 8e060d03-41f1-4f58-b316-a26b8d90e5ab@group-08878B4311E5->5e731f39-3a46-4f41-835b-a13153cc970b-GrpcLogAppender: appendEntries Timeout, request=8e060d03-41f1-4f58-b316-a26b8d90e5ab->5e731f39-3a46-4f41-835b-a13153cc970b#1571-t3, previous=(t:3, i:1533), leaderCommit=1532, initializing? false, entries: size=1, first=(t:3, i:1534), STATEMACHINELOGENTRY, client-270B24DA6334, cid=1162
 0.00% |█                                                                                                    |  0/1 Time: 0:00:44 0.00% |█                                                                                                    |  0/1 Time: 0:00:452019-09-25 19:42:41,221 [grpc-default-executor-7] WARN  server.GrpcLogAppender (GrpcLogAppender.java:onNextImpl(251)) - 8e060d03-41f1-4f58-b316-a26b8d90e5ab@group-08878B4311E5->5e731f39-3a46-4f41-835b-a13153cc970b-AppendLogResponseHandler: Request not found, ignoring reply: 8e060d03-41f1-4f58-b316-a26b8d90e5ab<-5e731f39-3a46-4f41-835b-a13153cc970b#1569:OK,SUCCESS,nextIndex:1533,term:3,followerCommit:1531
2019-09-25 19:42:41,221 [grpc-default-executor-7] WARN  server.GrpcLogAppender (GrpcLogAppender.java:onNextImpl(251)) - 8e060d03-41f1-4f58-b316-a26b8d90e5ab@group-08878B4311E5->a490dfbe-25f2-4254-a039-9640d44159eb-AppendLogResponseHandler: Request not found, ignoring reply: 8e060d03-41f1-4f58-b316-a26b8d90e5ab<-a490dfbe-25f2-4254-a039-9640d44159eb#1570:OK,SUCCESS,nextIndex:1534,term:3,followerCommit:1532
2019-09-25 19:42:41,221 [grpc-default-executor-7] WARN  server.GrpcLogAppender (GrpcLogAppender.java:onNextImpl(251)) - 8e060d03-41f1-4f58-b316-a26b8d90e5ab@group-08878B4311E5->a490dfbe-25f2-4254-a039-9640d44159eb-AppendLogResponseHandler: Request not found, ignoring reply: 8e060d03-41f1-4f58-b316-a26b8d90e5ab<-a490dfbe-25f2-4254-a039-9640d44159eb#1571:OK,SUCCESS,nextIndex:1535,term:3,followerCommit:1532
 0.00% |█                                                                                                    |  0/1 Time: 0:00:462019-09-25 19:42:41,468 [java.util.concurrent.ThreadPoolExecutor$Worker@2ccf428d[State = -1, empty queue]] WARN  server.GrpcLogAppender (GrpcLogAppender.java:timeoutAppendRequest(200)) - 8e060d03-41f1-4f58-b316-a26b8d90e5ab@group-08878B4311E5->5e731f39-3a46-4f41-835b-a13153cc970b-GrpcLogAppender: appendEntries Timeout, request=8e060d03-41f1-4f58-b316-a26b8d90e5ab->5e731f39-3a46-4f41-835b-a13153cc970b#1572-t3, previous=(t:3, i:1534), leaderCommit=1532, initializing? false, entries: <empty>
 0.00% |█                                                                                                    |  0/1 Time: 0:00:47 0.00% |█                                                                                                    |  0/1 Time: 0:00:482019-09-25 19:42:43,968 [java.util.concurrent.ThreadPoolExecutor$Worker@2ccf428d[State = -1, empty queue]] WARN  server.GrpcLogAppender (GrpcLogAppender.java:timeoutAppendRequest(200)) - 8e060d03-41f1-4f58-b316-a26b8d90e5ab@group-08878B4311E5->5e731f39-3a46-4f41-835b-a13153cc970b-GrpcLogAppender: appendEntries Timeout, request=8e060d03-41f1-4f58-b316-a26b8d90e5ab->5e731f39-3a46-4f41-835b-a13153cc970b#1573-t3, previous=(t:3, i:1534), leaderCommit=1532, initializing? false, entries: <empty>
2019-09-25 19:42:44,223 [java.util.concurrent.ThreadPoolExecutor$Worker@2ccf428d[State = -1, empty queue]] WARN  server.GrpcLogAppender (GrpcLogAppender.java:timeoutAppendRequest(200)) - 8e060d03-41f1-4f58-b316-a26b8d90e5ab@group-08878B4311E5->5e731f39-3a46-4f41-835b-a13153cc970b-GrpcLogAppender: appendEntries Timeout, request=8e060d03-41f1-4f58-b316-a26b8d90e5ab->5e731f39-3a46-4f41-835b-a13153cc970b#1574-t3, previous=(t:3, i:1534), leaderCommit=1534, initializing? false, entries: size=1, first=(t:3, i:1535), METADATAENTRY(c1534)
2019-09-25 19:42:44,223 [java.util.concurrent.ThreadPoolExecutor$Worker@69110594[State = -1, empty queue]] WARN  server.GrpcLogAppender (GrpcLogAppender.java:timeoutAppendRequest(200)) - 8e060d03-41f1-4f58-b316-a26b8d90e5ab@group-08878B4311E5->a490dfbe-25f2-4254-a039-9640d44159eb-GrpcLogAppender: appendEntries Timeout, request=8e060d03-41f1-4f58-b316-a26b8d90e5ab->a490dfbe-25f2-4254-a039-9640d44159eb#1574-t3, previous=(t:3, i:1534), leaderCommit=1534, initializing? false, entries: size=1, first=(t:3, i:1535), METADATAENTRY(c1534)
 0.00% |█                                                                                                    |  0/1 Time: 0:00:49 0.00% |█                                                                                                    |  0/1 Time: 0:00:502019-09-25 19:42:46,236 [pool-277-thread-1] WARN  scm.XceiverClientRatis (XceiverClientRatis.java:watchForCommit(292)) - 3 way commit failed on pipeline Pipeline[ Id: 19ce6a03-fd86-4194-9b5c-08878b4311e5, Nodes: 5e731f39-3a46-4f41-835b-a13153cc970b{ip: 192.168.164.232, host: pr-hdds-2174-qcxnv-2820930021, networkLocation: /default-rack, certSerialId: null}8e060d03-41f1-4f58-b316-a26b8d90e5ab{ip: 192.168.164.232, host: pr-hdds-2174-qcxnv-2820930021, networkLocation: /default-rack, certSerialId: null}a490dfbe-25f2-4254-a039-9640d44159eb{ip: 192.168.164.232, host: pr-hdds-2174-qcxnv-2820930021, networkLocation: /default-rack, certSerialId: null}, Type:RATIS, Factor:THREE, State:OPEN]
java.util.concurrent.TimeoutException
	at java.util.concurrent.CompletableFuture.timedGet(CompletableFuture.java:1771)
	at java.util.concurrent.CompletableFuture.get(CompletableFuture.java:1915)
	at org.apache.hadoop.hdds.scm.XceiverClientRatis.watchForCommit(XceiverClientRatis.java:289)
	at org.apache.hadoop.hdds.scm.storage.CommitWatcher.watchForCommit(CommitWatcher.java:194)
	at org.apache.hadoop.hdds.scm.storage.CommitWatcher.watchOnFirstIndex(CommitWatcher.java:135)
	at org.apache.hadoop.hdds.scm.storage.BlockOutputStream.watchForCommit(BlockOutputStream.java:347)
	at org.apache.hadoop.hdds.scm.storage.BlockOutputStream.handleFullBuffer(BlockOutputStream.java:324)
	at org.apache.hadoop.hdds.scm.storage.BlockOutputStream.write(BlockOutputStream.java:251)
	at org.apache.hadoop.ozone.client.io.BlockOutputStreamEntry.write(BlockOutputStreamEntry.java:129)
	at org.apache.hadoop.ozone.client.io.KeyOutputStream.handleWrite(KeyOutputStream.java:208)
	at org.apache.hadoop.ozone.client.io.KeyOutputStream.write(KeyOutputStream.java:190)
	at org.apache.hadoop.ozone.client.io.OzoneOutputStream.write(OzoneOutputStream.java:49)
	at org.apache.hadoop.ozone.freon.RandomKeyGenerator.createKey(RandomKeyGenerator.java:708)
	at org.apache.hadoop.ozone.freon.RandomKeyGenerator.access$1100(RandomKeyGenerator.java:88)
	at org.apache.hadoop.ozone.freon.RandomKeyGenerator$ObjectCreator.run(RandomKeyGenerator.java:615)
	at java.util.concurrent.Executors$RunnableAdapter.call(Executors.java:511)
	at java.util.concurrent.FutureTask.run(FutureTask.java:266)
	at java.util.concurrent.ThreadPoolExecutor.runWorker(ThreadPoolExecutor.java:1149)
	at java.util.concurrent.ThreadPoolExecutor$Worker.run(ThreadPoolExecutor.java:624)
	at java.lang.Thread.run(Thread.java:748)
2019-09-25 19:42:46,243 [pool-277-thread-1] INFO  scm.XceiverClientRatis (XceiverClientRatis.java:lambda$watchForCommit$7(310)) - Could not commit index 1531 on pipeline Pipeline[ Id: 19ce6a03-fd86-4194-9b5c-08878b4311e5, Nodes: 5e731f39-3a46-4f41-835b-a13153cc970b{ip: 192.168.164.232, host: pr-hdds-2174-qcxnv-2820930021, networkLocation: /default-rack, certSerialId: null}8e060d03-41f1-4f58-b316-a26b8d90e5ab{ip: 192.168.164.232, host: pr-hdds-2174-qcxnv-2820930021, networkLocation: /default-rack, certSerialId: null}a490dfbe-25f2-4254-a039-9640d44159eb{ip: 192.168.164.232, host: pr-hdds-2174-qcxnv-2820930021, networkLocation: /default-rack, certSerialId: null}, Type:RATIS, Factor:THREE, State:OPEN] to all the nodes. Server 5e731f39-3a46-4f41-835b-a13153cc970b has failed. Committed by majority.
2019-09-25 19:42:46,244 [pool-277-thread-1] WARN  storage.BlockOutputStream (BlockOutputStream.java:watchForCommit(353)) - Failed to commit BlockId conID: 3 locID: 102854853612405192 bcsId: 1534 on Pipeline[ Id: 19ce6a03-fd86-4194-9b5c-08878b4311e5, Nodes: 5e731f39-3a46-4f41-835b-a13153cc970b{ip: 192.168.164.232, host: pr-hdds-2174-qcxnv-2820930021, networkLocation: /default-rack, certSerialId: null}8e060d03-41f1-4f58-b316-a26b8d90e5ab{ip: 192.168.164.232, host: pr-hdds-2174-qcxnv-2820930021, networkLocation: /default-rack, certSerialId: null}a490dfbe-25f2-4254-a039-9640d44159eb{ip: 192.168.164.232, host: pr-hdds-2174-qcxnv-2820930021, networkLocation: /default-rack, certSerialId: null}, Type:RATIS, Factor:THREE, State:OPEN]. Failed nodes: [5e731f39-3a46-4f41-835b-a13153cc970b{ip: null, host: null, networkLocation: /default-rack, certSerialId: null}]
 0.00% |█                                                                                                    |  0/1 Time: 0:00:512019-09-25 19:42:46,356 [grpc-default-executor-7] WARN  server.GrpcLogAppender (GrpcLogAppender.java:onNextImpl(251)) - 8e060d03-41f1-4f58-b316-a26b8d90e5ab@group-08878B4311E5->5e731f39-3a46-4f41-835b-a13153cc970b-AppendLogResponseHandler: Request not found, ignoring reply: 8e060d03-41f1-4f58-b316-a26b8d90e5ab<-5e731f39-3a46-4f41-835b-a13153cc970b#1570:OK,SUCCESS,nextIndex:1534,term:3,followerCommit:1532
2019-09-25 19:42:46,356 [grpc-default-executor-0] WARN  server.GrpcLogAppender (GrpcLogAppender.java:onNextImpl(251)) - 8e060d03-41f1-4f58-b316-a26b8d90e5ab@group-08878B4311E5->a490dfbe-25f2-4254-a039-9640d44159eb-AppendLogResponseHandler: Request not found, ignoring reply: 8e060d03-41f1-4f58-b316-a26b8d90e5ab<-a490dfbe-25f2-4254-a039-9640d44159eb#1574:OK,SUCCESS,nextIndex:1536,term:3,followerCommit:1534
2019-09-25 19:42:46,357 [grpc-default-executor-7] WARN  server.GrpcLogAppender (GrpcLogAppender.java:onNextImpl(251)) - 8e060d03-41f1-4f58-b316-a26b8d90e5ab@group-08878B4311E5->5e731f39-3a46-4f41-835b-a13153cc970b-AppendLogResponseHandler: Request not found, ignoring reply: 8e060d03-41f1-4f58-b316-a26b8d90e5ab<-5e731f39-3a46-4f41-835b-a13153cc970b#1571:OK,SUCCESS,nextIndex:1535,term:3,followerCommit:1532
2019-09-25 19:42:46,357 [grpc-default-executor-7] WARN  server.GrpcLogAppender (GrpcLogAppender.java:onNextImpl(251)) - 8e060d03-41f1-4f58-b316-a26b8d90e5ab@group-08878B4311E5->5e731f39-3a46-4f41-835b-a13153cc970b-AppendLogResponseHandler: Request not found, ignoring reply: 8e060d03-41f1-4f58-b316-a26b8d90e5ab<-5e731f39-3a46-4f41-835b-a13153cc970b#1572:OK,SUCCESS,nextIndex:1535,term:3,followerCommit:1531
2019-09-25 19:42:46,357 [grpc-default-executor-7] WARN  server.GrpcLogAppender (GrpcLogAppender.java:onNextImpl(251)) - 8e060d03-41f1-4f58-b316-a26b8d90e5ab@group-08878B4311E5->5e731f39-3a46-4f41-835b-a13153cc970b-AppendLogResponseHandler: Request not found, ignoring reply: 8e060d03-41f1-4f58-b316-a26b8d90e5ab<-5e731f39-3a46-4f41-835b-a13153cc970b#1573:OK,SUCCESS,nextIndex:1535,term:3,followerCommit:1531
2019-09-25 19:42:46,724 [java.util.concurrent.ThreadPoolExecutor$Worker@2ccf428d[State = -1, empty queue]] WARN  server.GrpcLogAppender (GrpcLogAppender.java:timeoutAppendRequest(200)) - 8e060d03-41f1-4f58-b316-a26b8d90e5ab@group-08878B4311E5->5e731f39-3a46-4f41-835b-a13153cc970b-GrpcLogAppender: appendEntries Timeout, request=8e060d03-41f1-4f58-b316-a26b8d90e5ab->5e731f39-3a46-4f41-835b-a13153cc970b#1575-t3, previous=(t:3, i:1535), leaderCommit=1534, initializing? false, entries: <empty>
 0.00% |█                                                                                                    |  0/1 Time: 0:00:52 0.00% |█                                                                                                    |  0/1 Time: 0:00:532019-09-25 19:42:49,225 [java.util.concurrent.ThreadPoolExecutor$Worker@2ccf428d[State = -1, empty queue]] WARN  server.GrpcLogAppender (GrpcLogAppender.java:timeoutAppendRequest(200)) - 8e060d03-41f1-4f58-b316-a26b8d90e5ab@group-08878B4311E5->5e731f39-3a46-4f41-835b-a13153cc970b-GrpcLogAppender: appendEntries Timeout, request=8e060d03-41f1-4f58-b316-a26b8d90e5ab->5e731f39-3a46-4f41-835b-a13153cc970b#1576-t3, previous=(t:3, i:1535), leaderCommit=1534, initializing? false, entries: <empty>
 0.00% |█                                                                                                    |  0/1 Time: 0:00:54 0.00% |█                                                                                                    |  0/1 Time: 0:00:552019-09-25 19:42:51,251 [pool-277-thread-1] WARN  scm.XceiverClientRatis (XceiverClientRatis.java:watchForCommit(292)) - 3 way commit failed on pipeline Pipeline[ Id: 19ce6a03-fd86-4194-9b5c-08878b4311e5, Nodes: 5e731f39-3a46-4f41-835b-a13153cc970b{ip: 192.168.164.232, host: pr-hdds-2174-qcxnv-2820930021, networkLocation: /default-rack, certSerialId: null}8e060d03-41f1-4f58-b316-a26b8d90e5ab{ip: 192.168.164.232, host: pr-hdds-2174-qcxnv-2820930021, networkLocation: /default-rack, certSerialId: null}a490dfbe-25f2-4254-a039-9640d44159eb{ip: 192.168.164.232, host: pr-hdds-2174-qcxnv-2820930021, networkLocation: /default-rack, certSerialId: null}, Type:RATIS, Factor:THREE, State:OPEN]
java.util.concurrent.TimeoutException
	at java.util.concurrent.CompletableFuture.timedGet(CompletableFuture.java:1771)
	at java.util.concurrent.CompletableFuture.get(CompletableFuture.java:1915)
	at org.apache.hadoop.hdds.scm.XceiverClientRatis.watchForCommit(XceiverClientRatis.java:289)
	at org.apache.hadoop.hdds.scm.storage.CommitWatcher.watchForCommit(CommitWatcher.java:194)
	at org.apache.hadoop.hdds.scm.storage.CommitWatcher.watchOnLastIndex(CommitWatcher.java:157)
	at org.apache.hadoop.hdds.scm.storage.BlockOutputStream.watchForCommit(BlockOutputStream.java:347)
	at org.apache.hadoop.hdds.scm.storage.BlockOutputStream.handleFlush(BlockOutputStream.java:479)
	at org.apache.hadoop.hdds.scm.storage.BlockOutputStream.close(BlockOutputStream.java:493)
	at org.apache.hadoop.ozone.client.io.BlockOutputStreamEntry.close(BlockOutputStreamEntry.java:143)
	at org.apache.hadoop.ozone.client.io.KeyOutputStream.handleFlushOrClose(KeyOutputStream.java:439)
	at org.apache.hadoop.ozone.client.io.KeyOutputStream.handleWrite(KeyOutputStream.java:232)
	at org.apache.hadoop.ozone.client.io.KeyOutputStream.write(KeyOutputStream.java:190)
	at org.apache.hadoop.ozone.client.io.OzoneOutputStream.write(OzoneOutputStream.java:49)
	at org.apache.hadoop.ozone.freon.RandomKeyGenerator.createKey(RandomKeyGenerator.java:708)
	at org.apache.hadoop.ozone.freon.RandomKeyGenerator.access$1100(RandomKeyGenerator.java:88)
	at org.apache.hadoop.ozone.freon.RandomKeyGenerator$ObjectCreator.run(RandomKeyGenerator.java:615)
	at java.util.concurrent.Executors$RunnableAdapter.call(Executors.java:511)
	at java.util.concurrent.FutureTask.run(FutureTask.java:266)
	at java.util.concurrent.ThreadPoolExecutor.runWorker(ThreadPoolExecutor.java:1149)
	at java.util.concurrent.ThreadPoolExecutor$Worker.run(ThreadPoolExecutor.java:624)
	at java.lang.Thread.run(Thread.java:748)
2019-09-25 19:42:51,255 [pool-277-thread-1] INFO  scm.XceiverClientRatis (XceiverClientRatis.java:lambda$watchForCommit$7(310)) - Could not commit index 1534 on pipeline Pipeline[ Id: 19ce6a03-fd86-4194-9b5c-08878b4311e5, Nodes: 5e731f39-3a46-4f41-835b-a13153cc970b{ip: 192.168.164.232, host: pr-hdds-2174-qcxnv-2820930021, networkLocation: /default-rack, certSerialId: null}8e060d03-41f1-4f58-b316-a26b8d90e5ab{ip: 192.168.164.232, host: pr-hdds-2174-qcxnv-2820930021, networkLocation: /default-rack, certSerialId: null}a490dfbe-25f2-4254-a039-9640d44159eb{ip: 192.168.164.232, host: pr-hdds-2174-qcxnv-2820930021, networkLocation: /default-rack, certSerialId: null}, Type:RATIS, Factor:THREE, State:OPEN] to all the nodes. Server 5e731f39-3a46-4f41-835b-a13153cc970b has failed. Committed by majority.
2019-09-25 19:42:51,256 [pool-277-thread-1] WARN  storage.BlockOutputStream (BlockOutputStream.java:watchForCommit(353)) - Failed to commit BlockId conID: 3 locID: 102854853612405192 bcsId: 1534 on Pipeline[ Id: 19ce6a03-fd86-4194-9b5c-08878b4311e5, Nodes: 5e731f39-3a46-4f41-835b-a13153cc970b{ip: 192.168.164.232, host: pr-hdds-2174-qcxnv-2820930021, networkLocation: /default-rack, certSerialId: null}8e060d03-41f1-4f58-b316-a26b8d90e5ab{ip: 192.168.164.232, host: pr-hdds-2174-qcxnv-2820930021, networkLocation: /default-rack, certSerialId: null}a490dfbe-25f2-4254-a039-9640d44159eb{ip: 192.168.164.232, host: pr-hdds-2174-qcxnv-2820930021, networkLocation: /default-rack, certSerialId: null}, Type:RATIS, Factor:THREE, State:OPEN]. Failed nodes: [5e731f39-3a46-4f41-835b-a13153cc970b{ip: null, host: null, networkLocation: /default-rack, certSerialId: null}]
 0.00% |█                                                                                                    |  0/1 Time: 0:00:562019-09-25 19:42:51,683 [Thread-5268] INFO  client.GrpcClientProtocolService (GrpcClientProtocolService.java:lambda$processClientRequest$0(278)) - Failed RaftClientRequest:client-270B24DA6334->8e060d03-41f1-4f58-b316-a26b8d90e5ab@group-08878B4311E5, cid=1163, seq=0, Watch-ALL_COMMITTED(1531), Message:<EMPTY>, reply=RaftClientReply:client-270B24DA6334->8e060d03-41f1-4f58-b316-a26b8d90e5ab@group-08878B4311E5, cid=1163, FAILED org.apache.ratis.protocol.NotReplicatedException: Request with call Id 1163 and log index 1531 is not yet replicated to ALL_COMMITTED, logIndex=1531, commits[8e060d03-41f1-4f58-b316-a26b8d90e5ab:c1535, a490dfbe-25f2-4254-a039-9640d44159eb:c1535, 5e731f39-3a46-4f41-835b-a13153cc970b:c1528]
2019-09-25 19:42:51,859 [java.util.concurrent.ThreadPoolExecutor$Worker@2ccf428d[State = -1, empty queue]] WARN  server.GrpcLogAppender (GrpcLogAppender.java:timeoutAppendRequest(200)) - 8e060d03-41f1-4f58-b316-a26b8d90e5ab@group-08878B4311E5->5e731f39-3a46-4f41-835b-a13153cc970b-GrpcLogAppender: appendEntries Timeout, request=8e060d03-41f1-4f58-b316-a26b8d90e5ab->5e731f39-3a46-4f41-835b-a13153cc970b#1577-t3, previous=(t:3, i:1535), leaderCommit=1535, initializing? false, entries: <empty>
2019-09-25 19:42:51,868 [grpc-default-executor-0] WARN  server.GrpcLogAppender (GrpcLogAppender.java:onNextImpl(251)) - 8e060d03-41f1-4f58-b316-a26b8d90e5ab@group-08878B4311E5->5e731f39-3a46-4f41-835b-a13153cc970b-AppendLogResponseHandler: Request not found, ignoring reply: 8e060d03-41f1-4f58-b316-a26b8d90e5ab<-5e731f39-3a46-4f41-835b-a13153cc970b#1574:OK,SUCCESS,nextIndex:1536,term:3,followerCommit:1534
2019-09-25 19:42:51,868 [grpc-default-executor-0] WARN  server.GrpcLogAppender (GrpcLogAppender.java:onNextImpl(251)) - 8e060d03-41f1-4f58-b316-a26b8d90e5ab@group-08878B4311E5->5e731f39-3a46-4f41-835b-a13153cc970b-AppendLogResponseHandler: Request not found, ignoring reply: 8e060d03-41f1-4f58-b316-a26b8d90e5ab<-5e731f39-3a46-4f41-835b-a13153cc970b#1575:OK,SUCCESS,nextIndex:1536,term:3,followerCommit:1532
2019-09-25 19:42:51,869 [grpc-default-executor-0] WARN  server.GrpcLogAppender (GrpcLogAppender.java:onNextImpl(251)) - 8e060d03-41f1-4f58-b316-a26b8d90e5ab@group-08878B4311E5->5e731f39-3a46-4f41-835b-a13153cc970b-AppendLogResponseHandler: Request not found, ignoring reply: 8e060d03-41f1-4f58-b316-a26b8d90e5ab<-5e731f39-3a46-4f41-835b-a13153cc970b#1576:OK,SUCCESS,nextIndex:1536,term:3,followerCommit:1532
2019-09-25 19:42:51,869 [grpc-default-executor-0] WARN  server.GrpcLogAppender (GrpcLogAppender.java:onNextImpl(251)) - 8e060d03-41f1-4f58-b316-a26b8d90e5ab@group-08878B4311E5->5e731f39-3a46-4f41-835b-a13153cc970b-AppendLogResponseHandler: Request not found, ignoring reply: 8e060d03-41f1-4f58-b316-a26b8d90e5ab<-5e731f39-3a46-4f41-835b-a13153cc970b#1577:OK,SUCCESS,nextIndex:1536,term:3,followerCommit:1534
 0.00% |█                                                                                                    |  0/1 Time: 0:00:57 0.00% |█                                                                                                    |  0/1 Time: 0:00:58 0.00% |█                                                                                                    |  0/1 Time: 0:00:592019-09-25 19:42:54,327 [java.util.concurrent.ThreadPoolExecutor$Worker@2ccf428d[State = -1, empty queue]] WARN  server.GrpcLogAppender (GrpcLogAppender.java:timeoutAppendRequest(200)) - 8e060d03-41f1-4f58-b316-a26b8d90e5ab@group-08878B4311E5->5e731f39-3a46-4f41-835b-a13153cc970b-GrpcLogAppender: appendEntries Timeout, request=8e060d03-41f1-4f58-b316-a26b8d90e5ab->5e731f39-3a46-4f41-835b-a13153cc970b#1578-t3, previous=(t:3, i:1535), leaderCommit=1535, initializing? false, entries: size=1, first=(t:3, i:1536), STATEMACHINELOGENTRY, client-A262F20CE321, cid=1167
2019-09-25 19:42:54,869 [java.util.concurrent.ThreadPoolExecutor$Worker@69110594[State = -1, empty queue]] WARN  server.GrpcLogAppender (GrpcLogAppender.java:timeoutAppendRequest(200)) - 8e060d03-41f1-4f58-b316-a26b8d90e5ab@group-08878B4311E5->a490dfbe-25f2-4254-a039-9640d44159eb-GrpcLogAppender: appendEntries Timeout, request=8e060d03-41f1-4f58-b316-a26b8d90e5ab->a490dfbe-25f2-4254-a039-9640d44159eb#1579-t3, previous=(t:3, i:1536), leaderCommit=1536, initializing? false, entries: size=1, first=(t:3, i:1537), METADATAENTRY(c1536)
2019-09-25 19:42:54,869 [java.util.concurrent.ThreadPoolExecutor$Worker@2ccf428d[State = -1, empty queue]] WARN  server.GrpcLogAppender (GrpcLogAppender.java:timeoutAppendRequest(200)) - 8e060d03-41f1-4f58-b316-a26b8d90e5ab@group-08878B4311E5->5e731f39-3a46-4f41-835b-a13153cc970b-GrpcLogAppender: appendEntries Timeout, request=8e060d03-41f1-4f58-b316-a26b8d90e5ab->5e731f39-3a46-4f41-835b-a13153cc970b#1579-t3, previous=(t:3, i:1536), leaderCommit=1536, initializing? false, entries: size=1, first=(t:3, i:1537), METADATAENTRY(c1536)
2019-09-25 19:42:54,887 [java.util.concurrent.ThreadPoolExecutor$Worker@2ccf428d[State = -1, empty queue]] WARN  server.GrpcLogAppender (GrpcLogAppender.java:timeoutAppendRequest(200)) - 8e060d03-41f1-4f58-b316-a26b8d90e5ab@group-08878B4311E5->5e731f39-3a46-4f41-835b-a13153cc970b-GrpcLogAppender: appendEntries Timeout, request=8e060d03-41f1-4f58-b316-a26b8d90e5ab->5e731f39-3a46-4f41-835b-a13153cc970b#1580-t3, previous=(t:3, i:1537), leaderCommit=1536, initializing? false, entries: size=1, first=(t:3, i:1538), STATEMACHINELOGENTRY, client-A262F20CE321, cid=1168
2019-09-25 19:42:54,887 [java.util.concurrent.ThreadPoolExecutor$Worker@69110594[State = -1, empty queue]] WARN  server.GrpcLogAppender (GrpcLogAppender.java:timeoutAppendRequest(200)) - 8e060d03-41f1-4f58-b316-a26b8d90e5ab@group-08878B4311E5->a490dfbe-25f2-4254-a039-9640d44159eb-GrpcLogAppender: appendEntries Timeout, request=8e060d03-41f1-4f58-b316-a26b8d90e5ab->a490dfbe-25f2-4254-a039-9640d44159eb#1580-t3, previous=(t:3, i:1537), leaderCommit=1536, initializing? false, entries: size=1, first=(t:3, i:1538), STATEMACHINELOGENTRY, client-A262F20CE321, cid=1168
2019-09-25 19:42:54,894 [java.util.concurrent.ThreadPoolExecutor$Worker@2ccf428d[State = -1, empty queue]] WARN  server.GrpcLogAppender (GrpcLogAppender.java:timeoutAppendRequest(200)) - 8e060d03-41f1-4f58-b316-a26b8d90e5ab@group-08878B4311E5->5e731f39-3a46-4f41-835b-a13153cc970b-GrpcLogAppender: appendEntries Timeout, request=8e060d03-41f1-4f58-b316-a26b8d90e5ab->5e731f39-3a46-4f41-835b-a13153cc970b#1581-t3, previous=(t:3, i:1538), leaderCommit=1536, initializing? false, entries: size=1, first=(t:3, i:1539), STATEMACHINELOGENTRY, client-A262F20CE321, cid=1169
2019-09-25 19:42:54,894 [java.util.concurrent.ThreadPoolExecutor$Worker@69110594[State = -1, empty queue]] WARN  server.GrpcLogAppender (GrpcLogAppender.java:timeoutAppendRequest(200)) - 8e060d03-41f1-4f58-b316-a26b8d90e5ab@group-08878B4311E5->a490dfbe-25f2-4254-a039-9640d44159eb-GrpcLogAppender: appendEntries Timeout, request=8e060d03-41f1-4f58-b316-a26b8d90e5ab->a490dfbe-25f2-4254-a039-9640d44159eb#1581-t3, previous=(t:3, i:1538), leaderCommit=1536, initializing? false, entries: size=1, first=(t:3, i:1539), STATEMACHINELOGENTRY, client-A262F20CE321, cid=1169
2019-09-25 19:42:54,894 [java.util.concurrent.ThreadPoolExecutor$Worker@2ccf428d[State = -1, empty queue]] WARN  server.GrpcLogAppender (GrpcLogAppender.java:timeoutAppendRequest(200)) - 8e060d03-41f1-4f58-b316-a26b8d90e5ab@group-08878B4311E5->5e731f39-3a46-4f41-835b-a13153cc970b-GrpcLogAppender: appendEntries Timeout, request=8e060d03-41f1-4f58-b316-a26b8d90e5ab->5e731f39-3a46-4f41-835b-a13153cc970b#1582-t3, previous=(t:3, i:1539), leaderCommit=1536, initializing? false, entries: size=1, first=(t:3, i:1540), STATEMACHINELOGENTRY, client-A262F20CE321, cid=1170
2019-09-25 19:42:54,894 [java.util.concurrent.ThreadPoolExecutor$Worker@69110594[State = -1, empty queue]] WARN  server.GrpcLogAppender (GrpcLogAppender.java:timeoutAppendRequest(200)) - 8e060d03-41f1-4f58-b316-a26b8d90e5ab@group-08878B4311E5->a490dfbe-25f2-4254-a039-9640d44159eb-GrpcLogAppender: appendEntries Timeout, request=8e060d03-41f1-4f58-b316-a26b8d90e5ab->a490dfbe-25f2-4254-a039-9640d44159eb#1582-t3, previous=(t:3, i:1539), leaderCommit=1536, initializing? false, entries: size=1, first=(t:3, i:1540), STATEMACHINELOGENTRY, client-A262F20CE321, cid=1170
 0.00% |█                                                                                                    |  0/1 Time: 0:01:002019-09-25 19:42:55,683 [Thread-5277] INFO  client.GrpcClientProtocolService (GrpcClientProtocolService.java:lambda$processClientRequest$0(278)) - Failed RaftClientRequest:client-270B24DA6334->8e060d03-41f1-4f58-b316-a26b8d90e5ab@group-08878B4311E5, cid=1163, seq=0, Watch-ALL_COMMITTED(1531), Message:<EMPTY>, reply=RaftClientReply:client-270B24DA6334->8e060d03-41f1-4f58-b316-a26b8d90e5ab@group-08878B4311E5, cid=1163, FAILED org.apache.ratis.protocol.NotReplicatedException: Request with call Id 1163 and log index 1531 is not yet replicated to ALL_COMMITTED, logIndex=1531, commits[8e060d03-41f1-4f58-b316-a26b8d90e5ab:c1536, a490dfbe-25f2-4254-a039-9640d44159eb:c1535, 5e731f39-3a46-4f41-835b-a13153cc970b:c1528]
 0.00% |█                                                                                                    |  0/1 Time: 0:01:012019-09-25 19:42:56,683 [Thread-5278] INFO  client.GrpcClientProtocolService (GrpcClientProtocolService.java:lambda$processClientRequest$0(278)) - Failed RaftClientRequest:client-270B24DA6334->8e060d03-41f1-4f58-b316-a26b8d90e5ab@group-08878B4311E5, cid=1165, seq=0, Watch-ALL_COMMITTED(1534), Message:<EMPTY>, reply=RaftClientReply:client-270B24DA6334->8e060d03-41f1-4f58-b316-a26b8d90e5ab@group-08878B4311E5, cid=1165, FAILED org.apache.ratis.protocol.NotReplicatedException: Request with call Id 1165 and log index 1534 is not yet replicated to ALL_COMMITTED, logIndex=1534, commits[8e060d03-41f1-4f58-b316-a26b8d90e5ab:c1536, a490dfbe-25f2-4254-a039-9640d44159eb:c1535, 5e731f39-3a46-4f41-835b-a13153cc970b:c1528]
2019-09-25 19:42:56,827 [grpc-default-executor-5] WARN  server.GrpcLogAppender (GrpcLogAppender.java:onNextImpl(251)) - 8e060d03-41f1-4f58-b316-a26b8d90e5ab@group-08878B4311E5->a490dfbe-25f2-4254-a039-9640d44159eb-AppendLogResponseHandler: Request not found, ignoring reply: 8e060d03-41f1-4f58-b316-a26b8d90e5ab<-a490dfbe-25f2-4254-a039-9640d44159eb#1579:OK,SUCCESS,nextIndex:1538,term:3,followerCommit:1536
2019-09-25 19:42:56,851 [grpc-default-executor-5] WARN  server.GrpcLogAppender (GrpcLogAppender.java:onNextImpl(251)) - 8e060d03-41f1-4f58-b316-a26b8d90e5ab@group-08878B4311E5->5e731f39-3a46-4f41-835b-a13153cc970b-AppendLogResponseHandler: Request not found, ignoring reply: 8e060d03-41f1-4f58-b316-a26b8d90e5ab<-5e731f39-3a46-4f41-835b-a13153cc970b#1578:OK,SUCCESS,nextIndex:1537,term:3,followerCommit:1535
 0.00% |█                                                                                                    |  0/1 Time: 0:01:022019-09-25 19:42:57,394 [java.util.concurrent.ThreadPoolExecutor$Worker@2ccf428d[State = -1, empty queue]] WARN  server.GrpcLogAppender (GrpcLogAppender.java:timeoutAppendRequest(200)) - 8e060d03-41f1-4f58-b316-a26b8d90e5ab@group-08878B4311E5->5e731f39-3a46-4f41-835b-a13153cc970b-GrpcLogAppender: appendEntries Timeout, request=8e060d03-41f1-4f58-b316-a26b8d90e5ab->5e731f39-3a46-4f41-835b-a13153cc970b#1583-t3, previous=(t:3, i:1540), leaderCommit=1536, initializing? false, entries: <empty>
2019-09-25 19:42:57,394 [java.util.concurrent.ThreadPoolExecutor$Worker@69110594[State = -1, empty queue]] WARN  server.GrpcLogAppender (GrpcLogAppender.java:timeoutAppendRequest(200)) - 8e060d03-41f1-4f58-b316-a26b8d90e5ab@group-08878B4311E5->a490dfbe-25f2-4254-a039-9640d44159eb-GrpcLogAppender: appendEntries Timeout, request=8e060d03-41f1-4f58-b316-a26b8d90e5ab->a490dfbe-25f2-4254-a039-9640d44159eb#1583-t3, previous=(t:3, i:1540), leaderCommit=1536, initializing? false, entries: <empty>
 0.00% |█                                                                                                    |  0/1 Time: 0:01:03 0.00% |█                                                                                                    |  0/1 Time: 0:01:042019-09-25 19:42:59,683 [Thread-5288] INFO  client.GrpcClientProtocolService (GrpcClientProtocolService.java:lambda$processClientRequest$0(278)) - Failed RaftClientRequest:client-270B24DA6334->8e060d03-41f1-4f58-b316-a26b8d90e5ab@group-08878B4311E5, cid=1163, seq=0, Watch-ALL_COMMITTED(1531), Message:<EMPTY>, reply=RaftClientReply:client-270B24DA6334->8e060d03-41f1-4f58-b316-a26b8d90e5ab@group-08878B4311E5, cid=1163, FAILED org.apache.ratis.protocol.NotReplicatedException: Request with call Id 1163 and log index 1531 is not yet replicated to ALL_COMMITTED, logIndex=1531, commits[8e060d03-41f1-4f58-b316-a26b8d90e5ab:c1536, a490dfbe-25f2-4254-a039-9640d44159eb:c1535, 5e731f39-3a46-4f41-835b-a13153cc970b:c1528]
 0.00% |█                                                                                                    |  0/1 Time: 0:01:052019-09-25 19:43:00,683 [Thread-5289] INFO  client.GrpcClientProtocolService (GrpcClientProtocolService.java:lambda$processClientRequest$0(278)) - Failed RaftClientRequest:client-270B24DA6334->8e060d03-41f1-4f58-b316-a26b8d90e5ab@group-08878B4311E5, cid=1165, seq=0, Watch-ALL_COMMITTED(1534), Message:<EMPTY>, reply=RaftClientReply:client-270B24DA6334->8e060d03-41f1-4f58-b316-a26b8d90e5ab@group-08878B4311E5, cid=1165, FAILED org.apache.ratis.protocol.NotReplicatedException: Request with call Id 1165 and log index 1534 is not yet replicated to ALL_COMMITTED, logIndex=1534, commits[8e060d03-41f1-4f58-b316-a26b8d90e5ab:c1536, a490dfbe-25f2-4254-a039-9640d44159eb:c1535, 5e731f39-3a46-4f41-835b-a13153cc970b:c1528]
 0.00% |█                                                                                                    |  0/1 Time: 0:01:062019-09-25 19:43:01,919 [grpc-default-executor-0] WARN  server.GrpcLogAppender (GrpcLogAppender.java:onNextImpl(251)) - 8e060d03-41f1-4f58-b316-a26b8d90e5ab@group-08878B4311E5->a490dfbe-25f2-4254-a039-9640d44159eb-AppendLogResponseHandler: Request not found, ignoring reply: 8e060d03-41f1-4f58-b316-a26b8d90e5ab<-a490dfbe-25f2-4254-a039-9640d44159eb#1580:OK,SUCCESS,nextIndex:1539,term:3,followerCommit:1536
2019-09-25 19:43:01,919 [grpc-default-executor-5] WARN  server.GrpcLogAppender (GrpcLogAppender.java:onNextImpl(251)) - 8e060d03-41f1-4f58-b316-a26b8d90e5ab@group-08878B4311E5->5e731f39-3a46-4f41-835b-a13153cc970b-AppendLogResponseHandler: Request not found, ignoring reply: 8e060d03-41f1-4f58-b316-a26b8d90e5ab<-5e731f39-3a46-4f41-835b-a13153cc970b#1579:OK,SUCCESS,nextIndex:1538,term:3,followerCommit:1536
2019-09-25 19:43:01,919 [grpc-default-executor-0] WARN  server.GrpcLogAppender (GrpcLogAppender.java:onNextImpl(251)) - 8e060d03-41f1-4f58-b316-a26b8d90e5ab@group-08878B4311E5->a490dfbe-25f2-4254-a039-9640d44159eb-AppendLogResponseHandler: Request not found, ignoring reply: 8e060d03-41f1-4f58-b316-a26b8d90e5ab<-a490dfbe-25f2-4254-a039-9640d44159eb#1581:OK,SUCCESS,nextIndex:1540,term:3,followerCommit:1536
2019-09-25 19:43:01,920 [grpc-default-executor-5] WARN  server.GrpcLogAppender (GrpcLogAppender.java:onNextImpl(251)) - 8e060d03-41f1-4f58-b316-a26b8d90e5ab@group-08878B4311E5->5e731f39-3a46-4f41-835b-a13153cc970b-AppendLogResponseHandler: Request not found, ignoring reply: 8e060d03-41f1-4f58-b316-a26b8d90e5ab<-5e731f39-3a46-4f41-835b-a13153cc970b#1580:OK,SUCCESS,nextIndex:1539,term:3,followerCommit:1536
2019-09-25 19:43:01,920 [grpc-default-executor-0] WARN  server.GrpcLogAppender (GrpcLogAppender.java:onNextImpl(251)) - 8e060d03-41f1-4f58-b316-a26b8d90e5ab@group-08878B4311E5->a490dfbe-25f2-4254-a039-9640d44159eb-AppendLogResponseHandler: Request not found, ignoring reply: 8e060d03-41f1-4f58-b316-a26b8d90e5ab<-a490dfbe-25f2-4254-a039-9640d44159eb#1582:OK,SUCCESS,nextIndex:1541,term:3,followerCommit:1536
2019-09-25 19:43:01,920 [grpc-default-executor-5] WARN  server.GrpcLogAppender (GrpcLogAppender.java:onNextImpl(251)) - 8e060d03-41f1-4f58-b316-a26b8d90e5ab@group-08878B4311E5->5e731f39-3a46-4f41-835b-a13153cc970b-AppendLogResponseHandler: Request not found, ignoring reply: 8e060d03-41f1-4f58-b316-a26b8d90e5ab<-5e731f39-3a46-4f41-835b-a13153cc970b#1581:OK,SUCCESS,nextIndex:1540,term:3,followerCommit:1536
2019-09-25 19:43:01,920 [grpc-default-executor-0] WARN  server.GrpcLogAppender (GrpcLogAppender.java:onNextImpl(251)) - 8e060d03-41f1-4f58-b316-a26b8d90e5ab@group-08878B4311E5->a490dfbe-25f2-4254-a039-9640d44159eb-AppendLogResponseHandler: Request not found, ignoring reply: 8e060d03-41f1-4f58-b316-a26b8d90e5ab<-a490dfbe-25f2-4254-a039-9640d44159eb#1583:OK,SUCCESS,nextIndex:1541,term:3,followerCommit:1536
2019-09-25 19:43:01,920 [grpc-default-executor-5] WARN  server.GrpcLogAppender (GrpcLogAppender.java:onNextImpl(251)) - 8e060d03-41f1-4f58-b316-a26b8d90e5ab@group-08878B4311E5->5e731f39-3a46-4f41-835b-a13153cc970b-AppendLogResponseHandler: Request not found, ignoring reply: 8e060d03-41f1-4f58-b316-a26b8d90e5ab<-5e731f39-3a46-4f41-835b-a13153cc970b#1582:OK,SUCCESS,nextIndex:1541,term:3,followerCommit:1536
2019-09-25 19:43:01,921 [grpc-default-executor-5] WARN  server.GrpcLogAppender (GrpcLogAppender.java:onNextImpl(251)) - 8e060d03-41f1-4f58-b316-a26b8d90e5ab@group-08878B4311E5->5e731f39-3a46-4f41-835b-a13153cc970b-AppendLogResponseHandler: Request not found, ignoring reply: 8e060d03-41f1-4f58-b316-a26b8d90e5ab<-5e731f39-3a46-4f41-835b-a13153cc970b#1583:OK,SUCCESS,nextIndex:1541,term:3,followerCommit:1535
 0.00% |█                                                                                                    |  0/1 Time: 0:01:07 0.00% |█                                                                                                    |  0/1 Time: 0:01:08 0.00% |█                                                                                                    |  0/1 Time: 0:01:09 0.00% |█                                                                                                    |  0/1 Time: 0:01:102019-09-25 19:43:05,455 [java.util.concurrent.ThreadPoolExecutor$Worker@2ccf428d[State = -1, empty queue]] WARN  server.GrpcLogAppender (GrpcLogAppender.java:timeoutAppendRequest(200)) - 8e060d03-41f1-4f58-b316-a26b8d90e5ab@group-08878B4311E5->5e731f39-3a46-4f41-835b-a13153cc970b-GrpcLogAppender: appendEntries Timeout, request=8e060d03-41f1-4f58-b316-a26b8d90e5ab->5e731f39-3a46-4f41-835b-a13153cc970b#1587-t3, previous=(t:3, i:1541), leaderCommit=1541, initializing? false, entries: size=1, first=(t:3, i:1542), STATEMACHINELOGENTRY, client-A262F20CE321, cid=1172
2019-09-25 19:43:05,455 [java.util.concurrent.ThreadPoolExecutor$Worker@69110594[State = -1, empty queue]] WARN  server.GrpcLogAppender (GrpcLogAppender.java:timeoutAppendRequest(200)) - 8e060d03-41f1-4f58-b316-a26b8d90e5ab@group-08878B4311E5->a490dfbe-25f2-4254-a039-9640d44159eb-GrpcLogAppender: appendEntries Timeout, request=8e060d03-41f1-4f58-b316-a26b8d90e5ab->a490dfbe-25f2-4254-a039-9640d44159eb#1587-t3, previous=(t:3, i:1541), leaderCommit=1541, initializing? false, entries: size=1, first=(t:3, i:1542), STATEMACHINELOGENTRY, client-A262F20CE321, cid=1172
2019-09-25 19:43:05,456 [java.util.concurrent.ThreadPoolExecutor$Worker@2ccf428d[State = -1, empty queue]] WARN  server.GrpcLogAppender (GrpcLogAppender.java:timeoutAppendRequest(200)) - 8e060d03-41f1-4f58-b316-a26b8d90e5ab@group-08878B4311E5->5e731f39-3a46-4f41-835b-a13153cc970b-GrpcLogAppender: appendEntries Timeout, request=8e060d03-41f1-4f58-b316-a26b8d90e5ab->5e731f39-3a46-4f41-835b-a13153cc970b#1588-t3, previous=(t:3, i:1542), leaderCommit=1541, initializing? false, entries: size=1, first=(t:3, i:1543), STATEMACHINELOGENTRY, client-A262F20CE321, cid=1173
2019-09-25 19:43:05,456 [java.util.concurrent.ThreadPoolExecutor$Worker@69110594[State = -1, empty queue]] WARN  server.GrpcLogAppender (GrpcLogAppender.java:timeoutAppendRequest(200)) - 8e060d03-41f1-4f58-b316-a26b8d90e5ab@group-08878B4311E5->a490dfbe-25f2-4254-a039-9640d44159eb-GrpcLogAppender: appendEntries Timeout, request=8e060d03-41f1-4f58-b316-a26b8d90e5ab->a490dfbe-25f2-4254-a039-9640d44159eb#1588-t3, previous=(t:3, i:1542), leaderCommit=1541, initializing? false, entries: size=1, first=(t:3, i:1543), STATEMACHINELOGENTRY, client-A262F20CE321, cid=1173
 0.00% |█                                                                                                    |  0/1 Time: 0:01:11 0.00% |█                                                                                                    |  0/1 Time: 0:01:122019-09-25 19:43:07,718 [grpc-default-executor-0] WARN  server.GrpcLogAppender (GrpcLogAppender.java:onNextImpl(251)) - 8e060d03-41f1-4f58-b316-a26b8d90e5ab@group-08878B4311E5->a490dfbe-25f2-4254-a039-9640d44159eb-AppendLogResponseHandler: Request not found, ignoring reply: 8e060d03-41f1-4f58-b316-a26b8d90e5ab<-a490dfbe-25f2-4254-a039-9640d44159eb#1587:OK,SUCCESS,nextIndex:1543,term:3,followerCommit:1541
2019-09-25 19:43:07,718 [grpc-default-executor-5] WARN  server.GrpcLogAppender (GrpcLogAppender.java:onNextImpl(251)) - 8e060d03-41f1-4f58-b316-a26b8d90e5ab@group-08878B4311E5->5e731f39-3a46-4f41-835b-a13153cc970b-AppendLogResponseHandler: Request not found, ignoring reply: 8e060d03-41f1-4f58-b316-a26b8d90e5ab<-5e731f39-3a46-4f41-835b-a13153cc970b#1587:OK,SUCCESS,nextIndex:1543,term:3,followerCommit:1541
2019-09-25 19:43:07,719 [grpc-default-executor-0] WARN  server.GrpcLogAppender (GrpcLogAppender.java:onNextImpl(251)) - 8e060d03-41f1-4f58-b316-a26b8d90e5ab@group-08878B4311E5->a490dfbe-25f2-4254-a039-9640d44159eb-AppendLogResponseHandler: Request not found, ignoring reply: 8e060d03-41f1-4f58-b316-a26b8d90e5ab<-a490dfbe-25f2-4254-a039-9640d44159eb#1588:OK,SUCCESS,nextIndex:1544,term:3,followerCommit:1541
2019-09-25 19:43:07,719 [grpc-default-executor-5] WARN  server.GrpcLogAppender (GrpcLogAppender.java:onNextImpl(251)) - 8e060d03-41f1-4f58-b316-a26b8d90e5ab@group-08878B4311E5->5e731f39-3a46-4f41-835b-a13153cc970b-AppendLogResponseHandler: Request not found, ignoring reply: 8e060d03-41f1-4f58-b316-a26b8d90e5ab<-5e731f39-3a46-4f41-835b-a13153cc970b#1588:OK,SUCCESS,nextIndex:1544,term:3,followerCommit:1541
 0.00% |█                                                                                                    |  0/1 Time: 0:01:13 0.00% |█                                                                                                    |  0/1 Time: 0:01:14 0.00% |█                                                                                                    |  0/1 Time: 0:01:152019-09-25 19:43:10,720 [java.util.concurrent.ThreadPoolExecutor$Worker@2ccf428d[State = -1, empty queue]] WARN  server.GrpcLogAppender (GrpcLogAppender.java:timeoutAppendRequest(200)) - 8e060d03-41f1-4f58-b316-a26b8d90e5ab@group-08878B4311E5->5e731f39-3a46-4f41-835b-a13153cc970b-GrpcLogAppender: appendEntries Timeout, request=8e060d03-41f1-4f58-b316-a26b8d90e5ab->5e731f39-3a46-4f41-835b-a13153cc970b#1591-t3, previous=(t:3, i:1543), leaderCommit=1543, initializing? false, entries: size=1, first=(t:3, i:1544), METADATAENTRY(c1543)
2019-09-25 19:43:10,720 [java.util.concurrent.ThreadPoolExecutor$Worker@69110594[State = -1, empty queue]] WARN  server.GrpcLogAppender (GrpcLogAppender.java:timeoutAppendRequest(200)) - 8e060d03-41f1-4f58-b316-a26b8d90e5ab@group-08878B4311E5->a490dfbe-25f2-4254-a039-9640d44159eb-GrpcLogAppender: appendEntries Timeout, request=8e060d03-41f1-4f58-b316-a26b8d90e5ab->a490dfbe-25f2-4254-a039-9640d44159eb#1591-t3, previous=(t:3, i:1543), leaderCommit=1543, initializing? false, entries: size=1, first=(t:3, i:1544), METADATAENTRY(c1543)
2019-09-25 19:43:10,745 [java.util.concurrent.ThreadPoolExecutor$Worker@69110594[State = -1, empty queue]] WARN  server.GrpcLogAppender (GrpcLogAppender.java:timeoutAppendRequest(200)) - 8e060d03-41f1-4f58-b316-a26b8d90e5ab@group-08878B4311E5->a490dfbe-25f2-4254-a039-9640d44159eb-GrpcLogAppender: appendEntries Timeout, request=8e060d03-41f1-4f58-b316-a26b8d90e5ab->a490dfbe-25f2-4254-a039-9640d44159eb#1592-t3, previous=(t:3, i:1544), leaderCommit=1543, initializing? false, entries: size=1, first=(t:3, i:1545), STATEMACHINELOGENTRY, client-A262F20CE321, cid=1174
2019-09-25 19:43:10,745 [java.util.concurrent.ThreadPoolExecutor$Worker@2ccf428d[State = -1, empty queue]] WARN  server.GrpcLogAppender (GrpcLogAppender.java:timeoutAppendRequest(200)) - 8e060d03-41f1-4f58-b316-a26b8d90e5ab@group-08878B4311E5->5e731f39-3a46-4f41-835b-a13153cc970b-GrpcLogAppender: appendEntries Timeout, request=8e060d03-41f1-4f58-b316-a26b8d90e5ab->5e731f39-3a46-4f41-835b-a13153cc970b#1592-t3, previous=(t:3, i:1544), leaderCommit=1543, initializing? false, entries: size=1, first=(t:3, i:1545), STATEMACHINELOGENTRY, client-A262F20CE321, cid=1174
2019-09-25 19:43:10,745 [java.util.concurrent.ThreadPoolExecutor$Worker@69110594[State = -1, empty queue]] WARN  server.GrpcLogAppender (GrpcLogAppender.java:timeoutAppendRequest(200)) - 8e060d03-41f1-4f58-b316-a26b8d90e5ab@group-08878B4311E5->a490dfbe-25f2-4254-a039-9640d44159eb-GrpcLogAppender: appendEntries Timeout, request=8e060d03-41f1-4f58-b316-a26b8d90e5ab->a490dfbe-25f2-4254-a039-9640d44159eb#1593-t3, previous=(t:3, i:1545), leaderCommit=1543, initializing? false, entries: size=1, first=(t:3, i:1546), STATEMACHINELOGENTRY, client-A262F20CE321, cid=1175
2019-09-25 19:43:10,745 [java.util.concurrent.ThreadPoolExecutor$Worker@2ccf428d[State = -1, empty queue]] WARN  server.GrpcLogAppender (GrpcLogAppender.java:timeoutAppendRequest(200)) - 8e060d03-41f1-4f58-b316-a26b8d90e5ab@group-08878B4311E5->5e731f39-3a46-4f41-835b-a13153cc970b-GrpcLogAppender: appendEntries Timeout, request=8e060d03-41f1-4f58-b316-a26b8d90e5ab->5e731f39-3a46-4f41-835b-a13153cc970b#1593-t3, previous=(t:3, i:1545), leaderCommit=1543, initializing? false, entries: size=1, first=(t:3, i:1546), STATEMACHINELOGENTRY, client-A262F20CE321, cid=1175
 0.00% |█                                                                                                    |  0/1 Time: 0:01:162019-09-25 19:43:12,197 [grpc-default-executor-5] WARN  server.GrpcLogAppender (GrpcLogAppender.java:onNextImpl(251)) - 8e060d03-41f1-4f58-b316-a26b8d90e5ab@group-08878B4311E5->5e731f39-3a46-4f41-835b-a13153cc970b-AppendLogResponseHandler: Request not found, ignoring reply: 8e060d03-41f1-4f58-b316-a26b8d90e5ab<-5e731f39-3a46-4f41-835b-a13153cc970b#1591:OK,SUCCESS,nextIndex:1545,term:3,followerCommit:1543
2019-09-25 19:43:12,197 [grpc-default-executor-0] WARN  server.GrpcLogAppender (GrpcLogAppender.java:onNextImpl(251)) - 8e060d03-41f1-4f58-b316-a26b8d90e5ab@group-08878B4311E5->a490dfbe-25f2-4254-a039-9640d44159eb-AppendLogResponseHandler: Request not found, ignoring reply: 8e060d03-41f1-4f58-b316-a26b8d90e5ab<-a490dfbe-25f2-4254-a039-9640d44159eb#1591:OK,SUCCESS,nextIndex:1545,term:3,followerCommit:1543
2019-09-25 19:43:12,198 [grpc-default-executor-0] WARN  server.GrpcLogAppender (GrpcLogAppender.java:onNextImpl(251)) - 8e060d03-41f1-4f58-b316-a26b8d90e5ab@group-08878B4311E5->a490dfbe-25f2-4254-a039-9640d44159eb-AppendLogResponseHandler: Request not found, ignoring reply: 8e060d03-41f1-4f58-b316-a26b8d90e5ab<-a490dfbe-25f2-4254-a039-9640d44159eb#1592:OK,SUCCESS,nextIndex:1546,term:3,followerCommit:1543
2019-09-25 19:43:12,198 [grpc-default-executor-0] WARN  server.GrpcLogAppender (GrpcLogAppender.java:onNextImpl(251)) - 8e060d03-41f1-4f58-b316-a26b8d90e5ab@group-08878B4311E5->a490dfbe-25f2-4254-a039-9640d44159eb-AppendLogResponseHandler: Request not found, ignoring reply: 8e060d03-41f1-4f58-b316-a26b8d90e5ab<-a490dfbe-25f2-4254-a039-9640d44159eb#1593:OK,SUCCESS,nextIndex:1547,term:3,followerCommit:1543
2019-09-25 19:43:12,198 [grpc-default-executor-0] WARN  server.GrpcLogAppender (GrpcLogAppender.java:onNextImpl(251)) - 8e060d03-41f1-4f58-b316-a26b8d90e5ab@group-08878B4311E5->5e731f39-3a46-4f41-835b-a13153cc970b-AppendLogResponseHandler: Request not found, ignoring reply: 8e060d03-41f1-4f58-b316-a26b8d90e5ab<-5e731f39-3a46-4f41-835b-a13153cc970b#1592:OK,SUCCESS,nextIndex:1546,term:3,followerCommit:1543
2019-09-25 19:43:12,198 [grpc-default-executor-0] WARN  server.GrpcLogAppender (GrpcLogAppender.java:onNextImpl(251)) - 8e060d03-41f1-4f58-b316-a26b8d90e5ab@group-08878B4311E5->5e731f39-3a46-4f41-835b-a13153cc970b-AppendLogResponseHandler: Request not found, ignoring reply: 8e060d03-41f1-4f58-b316-a26b8d90e5ab<-5e731f39-3a46-4f41-835b-a13153cc970b#1593:OK,SUCCESS,nextIndex:1547,term:3,followerCommit:1543
 0.00% |█                                                                                                    |  0/1 Time: 0:01:17 0.00% |█                                                                                                    |  0/1 Time: 0:01:18 0.00% |█                                                                                                    |  0/1 Time: 0:01:19 0.00% |█                                                                                                    |  0/1 Time: 0:01:202019-09-25 19:43:16,130 [java.util.concurrent.ThreadPoolExecutor$Worker@69110594[State = -1, empty queue]] WARN  server.GrpcLogAppender (GrpcLogAppender.java:timeoutAppendRequest(200)) - 8e060d03-41f1-4f58-b316-a26b8d90e5ab@group-08878B4311E5->a490dfbe-25f2-4254-a039-9640d44159eb-GrpcLogAppender: appendEntries Timeout, request=8e060d03-41f1-4f58-b316-a26b8d90e5ab->a490dfbe-25f2-4254-a039-9640d44159eb#1598-t3, previous=(t:3, i:1549), leaderCommit=1548, initializing? false, entries: size=1, first=(t:3, i:1550), STATEMACHINELOGENTRY, client-115F2394936D, cid=1178
2019-09-25 19:43:16,130 [java.util.concurrent.ThreadPoolExecutor$Worker@2ccf428d[State = -1, empty queue]] WARN  server.GrpcLogAppender (GrpcLogAppender.java:timeoutAppendRequest(200)) - 8e060d03-41f1-4f58-b316-a26b8d90e5ab@group-08878B4311E5->5e731f39-3a46-4f41-835b-a13153cc970b-GrpcLogAppender: appendEntries Timeout, request=8e060d03-41f1-4f58-b316-a26b8d90e5ab->5e731f39-3a46-4f41-835b-a13153cc970b#1598-t3, previous=(t:3, i:1549), leaderCommit=1548, initializing? false, entries: size=1, first=(t:3, i:1550), STATEMACHINELOGENTRY, client-115F2394936D, cid=1178
2019-09-25 19:43:16,134 [java.util.concurrent.ThreadPoolExecutor$Worker@69110594[State = -1, empty queue]] WARN  server.GrpcLogAppender (GrpcLogAppender.java:timeoutAppendRequest(200)) - 8e060d03-41f1-4f58-b316-a26b8d90e5ab@group-08878B4311E5->a490dfbe-25f2-4254-a039-9640d44159eb-GrpcLogAppender: appendEntries Timeout, request=8e060d03-41f1-4f58-b316-a26b8d90e5ab->a490dfbe-25f2-4254-a039-9640d44159eb#1599-t3, previous=(t:3, i:1550), leaderCommit=1548, initializing? false, entries: size=1, first=(t:3, i:1551), STATEMACHINELOGENTRY, client-115F2394936D, cid=1179
2019-09-25 19:43:16,134 [java.util.concurrent.ThreadPoolExecutor$Worker@2ccf428d[State = -1, empty queue]] WARN  server.GrpcLogAppender (GrpcLogAppender.java:timeoutAppendRequest(200)) - 8e060d03-41f1-4f58-b316-a26b8d90e5ab@group-08878B4311E5->5e731f39-3a46-4f41-835b-a13153cc970b-GrpcLogAppender: appendEntries Timeout, request=8e060d03-41f1-4f58-b316-a26b8d90e5ab->5e731f39-3a46-4f41-835b-a13153cc970b#1599-t3, previous=(t:3, i:1550), leaderCommit=1548, initializing? false, entries: size=1, first=(t:3, i:1551), STATEMACHINELOGENTRY, client-115F2394936D, cid=1179
2019-09-25 19:43:16,134 [java.util.concurrent.ThreadPoolExecutor$Worker@69110594[State = -1, empty queue]] WARN  server.GrpcLogAppender (GrpcLogAppender.java:timeoutAppendRequest(200)) - 8e060d03-41f1-4f58-b316-a26b8d90e5ab@group-08878B4311E5->a490dfbe-25f2-4254-a039-9640d44159eb-GrpcLogAppender: appendEntries Timeout, request=8e060d03-41f1-4f58-b316-a26b8d90e5ab->a490dfbe-25f2-4254-a039-9640d44159eb#1600-t3, previous=(t:3, i:1551), leaderCommit=1548, initializing? false, entries: size=1, first=(t:3, i:1552), STATEMACHINELOGENTRY, client-115F2394936D, cid=1180
2019-09-25 19:43:16,134 [java.util.concurrent.ThreadPoolExecutor$Worker@2ccf428d[State = -1, empty queue]] WARN  server.GrpcLogAppender (GrpcLogAppender.java:timeoutAppendRequest(200)) - 8e060d03-41f1-4f58-b316-a26b8d90e5ab@group-08878B4311E5->5e731f39-3a46-4f41-835b-a13153cc970b-GrpcLogAppender: appendEntries Timeout, request=8e060d03-41f1-4f58-b316-a26b8d90e5ab->5e731f39-3a46-4f41-835b-a13153cc970b#1600-t3, previous=(t:3, i:1551), leaderCommit=1548, initializing? false, entries: size=1, first=(t:3, i:1552), STATEMACHINELOGENTRY, client-115F2394936D, cid=1180
 0.00% |█                                                                                                    |  0/1 Time: 0:01:21 0.00% |█                                                                                                    |  0/1 Time: 0:01:222019-09-25 19:43:17,626 [grpc-default-executor-7] WARN  server.GrpcLogAppender (GrpcLogAppender.java:onNextImpl(251)) - 8e060d03-41f1-4f58-b316-a26b8d90e5ab@group-08878B4311E5->a490dfbe-25f2-4254-a039-9640d44159eb-AppendLogResponseHandler: Request not found, ignoring reply: 8e060d03-41f1-4f58-b316-a26b8d90e5ab<-a490dfbe-25f2-4254-a039-9640d44159eb#1598:OK,SUCCESS,nextIndex:1551,term:3,followerCommit:1549
2019-09-25 19:43:17,626 [grpc-default-executor-7] WARN  server.GrpcLogAppender (GrpcLogAppender.java:onNextImpl(251)) - 8e060d03-41f1-4f58-b316-a26b8d90e5ab@group-08878B4311E5->5e731f39-3a46-4f41-835b-a13153cc970b-AppendLogResponseHandler: Request not found, ignoring reply: 8e060d03-41f1-4f58-b316-a26b8d90e5ab<-5e731f39-3a46-4f41-835b-a13153cc970b#1598:OK,SUCCESS,nextIndex:1551,term:3,followerCommit:1549
 0.00% |█                                                                                                    |  0/1 Time: 0:01:232019-09-25 19:43:18,637 [java.util.concurrent.ThreadPoolExecutor$Worker@2ccf428d[State = -1, empty queue]] WARN  server.GrpcLogAppender (GrpcLogAppender.java:timeoutAppendRequest(200)) - 8e060d03-41f1-4f58-b316-a26b8d90e5ab@group-08878B4311E5->5e731f39-3a46-4f41-835b-a13153cc970b-GrpcLogAppender: appendEntries Timeout, request=8e060d03-41f1-4f58-b316-a26b8d90e5ab->5e731f39-3a46-4f41-835b-a13153cc970b#1601-t3, previous=(t:3, i:1552), leaderCommit=1549, initializing? false, entries: <empty>
2019-09-25 19:43:18,637 [java.util.concurrent.ThreadPoolExecutor$Worker@69110594[State = -1, empty queue]] WARN  server.GrpcLogAppender (GrpcLogAppender.java:timeoutAppendRequest(200)) - 8e060d03-41f1-4f58-b316-a26b8d90e5ab@group-08878B4311E5->a490dfbe-25f2-4254-a039-9640d44159eb-GrpcLogAppender: appendEntries Timeout, request=8e060d03-41f1-4f58-b316-a26b8d90e5ab->a490dfbe-25f2-4254-a039-9640d44159eb#1601-t3, previous=(t:3, i:1552), leaderCommit=1549, initializing? false, entries: <empty>
 0.00% |█                                                                                                    |  0/1 Time: 0:01:24 0.00% |█                                                                                                    |  0/1 Time: 0:01:25 0.00% |█                                                                                                    |  0/1 Time: 0:01:26 0.00% |█                                                                                                    |  0/1 Time: 0:01:272019-09-25 19:43:22,854 [grpc-default-executor-7] WARN  server.GrpcLogAppender (GrpcLogAppender.java:onNextImpl(251)) - 8e060d03-41f1-4f58-b316-a26b8d90e5ab@group-08878B4311E5->5e731f39-3a46-4f41-835b-a13153cc970b-AppendLogResponseHandler: Request not found, ignoring reply: 8e060d03-41f1-4f58-b316-a26b8d90e5ab<-5e731f39-3a46-4f41-835b-a13153cc970b#1599:OK,SUCCESS,nextIndex:1552,term:3,followerCommit:1549
2019-09-25 19:43:22,854 [grpc-default-executor-7] WARN  server.GrpcLogAppender (GrpcLogAppender.java:onNextImpl(251)) - 8e060d03-41f1-4f58-b316-a26b8d90e5ab@group-08878B4311E5->5e731f39-3a46-4f41-835b-a13153cc970b-AppendLogResponseHandler: Request not found, ignoring reply: 8e060d03-41f1-4f58-b316-a26b8d90e5ab<-5e731f39-3a46-4f41-835b-a13153cc970b#1600:OK,SUCCESS,nextIndex:1553,term:3,followerCommit:1549
2019-09-25 19:43:22,855 [grpc-default-executor-0] WARN  server.GrpcLogAppender (GrpcLogAppender.java:onNextImpl(251)) - 8e060d03-41f1-4f58-b316-a26b8d90e5ab@group-08878B4311E5->a490dfbe-25f2-4254-a039-9640d44159eb-AppendLogResponseHandler: Request not found, ignoring reply: 8e060d03-41f1-4f58-b316-a26b8d90e5ab<-a490dfbe-25f2-4254-a039-9640d44159eb#1599:OK,SUCCESS,nextIndex:1552,term:3,followerCommit:1549
2019-09-25 19:43:22,855 [grpc-default-executor-7] WARN  server.GrpcLogAppender (GrpcLogAppender.java:onNextImpl(251)) - 8e060d03-41f1-4f58-b316-a26b8d90e5ab@group-08878B4311E5->5e731f39-3a46-4f41-835b-a13153cc970b-AppendLogResponseHandler: Request not found, ignoring reply: 8e060d03-41f1-4f58-b316-a26b8d90e5ab<-5e731f39-3a46-4f41-835b-a13153cc970b#1601:OK,SUCCESS,nextIndex:1553,term:3,followerCommit:1549
2019-09-25 19:43:22,855 [grpc-default-executor-0] WARN  server.GrpcLogAppender (GrpcLogAppender.java:onNextImpl(251)) - 8e060d03-41f1-4f58-b316-a26b8d90e5ab@group-08878B4311E5->a490dfbe-25f2-4254-a039-9640d44159eb-AppendLogResponseHandler: Request not found, ignoring reply: 8e060d03-41f1-4f58-b316-a26b8d90e5ab<-a490dfbe-25f2-4254-a039-9640d44159eb#1600:OK,SUCCESS,nextIndex:1553,term:3,followerCommit:1549
2019-09-25 19:43:22,855 [grpc-default-executor-0] WARN  server.GrpcLogAppender (GrpcLogAppender.java:onNextImpl(251)) - 8e060d03-41f1-4f58-b316-a26b8d90e5ab@group-08878B4311E5->a490dfbe-25f2-4254-a039-9640d44159eb-AppendLogResponseHandler: Request not found, ignoring reply: 8e060d03-41f1-4f58-b316-a26b8d90e5ab<-a490dfbe-25f2-4254-a039-9640d44159eb#1601:OK,SUCCESS,nextIndex:1553,term:3,followerCommit:1549
 0.00% |█                                                                                                    |  0/1 Time: 0:01:28 0.00% |█                                                                                                    |  0/1 Time: 0:01:29 0.00% |█                                                                                                    |  0/1 Time: 0:01:302019-09-25 19:43:25,857 [java.util.concurrent.ThreadPoolExecutor$Worker@2ccf428d[State = -1, empty queue]] WARN  server.GrpcLogAppender (GrpcLogAppender.java:timeoutAppendRequest(200)) - 8e060d03-41f1-4f58-b316-a26b8d90e5ab@group-08878B4311E5->5e731f39-3a46-4f41-835b-a13153cc970b-GrpcLogAppender: appendEntries Timeout, request=8e060d03-41f1-4f58-b316-a26b8d90e5ab->5e731f39-3a46-4f41-835b-a13153cc970b#1604-t3, previous=(t:3, i:1552), leaderCommit=1552, initializing? false, entries: size=1, first=(t:3, i:1553), METADATAENTRY(c1552)
2019-09-25 19:43:25,857 [java.util.concurrent.ThreadPoolExecutor$Worker@69110594[State = -1, empty queue]] WARN  server.GrpcLogAppender (GrpcLogAppender.java:timeoutAppendRequest(200)) - 8e060d03-41f1-4f58-b316-a26b8d90e5ab@group-08878B4311E5->a490dfbe-25f2-4254-a039-9640d44159eb-GrpcLogAppender: appendEntries Timeout, request=8e060d03-41f1-4f58-b316-a26b8d90e5ab->a490dfbe-25f2-4254-a039-9640d44159eb#1604-t3, previous=(t:3, i:1552), leaderCommit=1552, initializing? false, entries: size=1, first=(t:3, i:1553), METADATAENTRY(c1552)
 0.00% |█                                                                                                    |  0/1 Time: 0:01:31 0.00% |█                                                                                                    |  0/1 Time: 0:01:322019-09-25 19:43:27,910 [grpc-default-executor-0] WARN  server.GrpcLogAppender (GrpcLogAppender.java:onNextImpl(251)) - 8e060d03-41f1-4f58-b316-a26b8d90e5ab@group-08878B4311E5->5e731f39-3a46-4f41-835b-a13153cc970b-AppendLogResponseHandler: Request not found, ignoring reply: 8e060d03-41f1-4f58-b316-a26b8d90e5ab<-5e731f39-3a46-4f41-835b-a13153cc970b#1604:OK,SUCCESS,nextIndex:1554,term:3,followerCommit:1552
2019-09-25 19:43:27,957 [grpc-default-executor-0] WARN  server.GrpcLogAppender (GrpcLogAppender.java:onNextImpl(251)) - 8e060d03-41f1-4f58-b316-a26b8d90e5ab@group-08878B4311E5->a490dfbe-25f2-4254-a039-9640d44159eb-AppendLogResponseHandler: Request not found, ignoring reply: 8e060d03-41f1-4f58-b316-a26b8d90e5ab<-a490dfbe-25f2-4254-a039-9640d44159eb#1604:OK,SUCCESS,nextIndex:1554,term:3,followerCommit:1552
 0.00% |█                                                                                                    |  0/1 Time: 0:01:33 0.00% |█                                                                                                    |  0/1 Time: 0:01:34 0.00% |█                                                                                                    |  0/1 Time: 0:01:35 0.00% |█                                                                                                    |  0/1 Time: 0:01:362019-09-25 19:43:31,460 [java.util.concurrent.ThreadPoolExecutor$Worker@2ccf428d[State = -1, empty queue]] WARN  server.GrpcLogAppender (GrpcLogAppender.java:timeoutAppendRequest(200)) - 8e060d03-41f1-4f58-b316-a26b8d90e5ab@group-08878B4311E5->5e731f39-3a46-4f41-835b-a13153cc970b-GrpcLogAppender: appendEntries Timeout, request=8e060d03-41f1-4f58-b316-a26b8d90e5ab->5e731f39-3a46-4f41-835b-a13153cc970b#1609-t3, previous=(t:3, i:1555), leaderCommit=1554, initializing? false, entries: size=1, first=(t:3, i:1556), METADATAENTRY(c1554)
2019-09-25 19:43:31,460 [java.util.concurrent.ThreadPoolExecutor$Worker@69110594[State = -1, empty queue]] WARN  server.GrpcLogAppender (GrpcLogAppender.java:timeoutAppendRequest(200)) - 8e060d03-41f1-4f58-b316-a26b8d90e5ab@group-08878B4311E5->a490dfbe-25f2-4254-a039-9640d44159eb-GrpcLogAppender: appendEntries Timeout, request=8e060d03-41f1-4f58-b316-a26b8d90e5ab->a490dfbe-25f2-4254-a039-9640d44159eb#1609-t3, previous=(t:3, i:1555), leaderCommit=1554, initializing? false, entries: size=1, first=(t:3, i:1556), METADATAENTRY(c1554)
2019-09-25 19:43:31,461 [java.util.concurrent.ThreadPoolExecutor$Worker@2ccf428d[State = -1, empty queue]] WARN  server.GrpcLogAppender (GrpcLogAppender.java:timeoutAppendRequest(200)) - 8e060d03-41f1-4f58-b316-a26b8d90e5ab@group-08878B4311E5->5e731f39-3a46-4f41-835b-a13153cc970b-GrpcLogAppender: appendEntries Timeout, request=8e060d03-41f1-4f58-b316-a26b8d90e5ab->5e731f39-3a46-4f41-835b-a13153cc970b#1610-t3, previous=(t:3, i:1556), leaderCommit=1555, initializing? false, entries: size=1, first=(t:3, i:1557), METADATAENTRY(c1555)
2019-09-25 19:43:31,461 [java.util.concurrent.ThreadPoolExecutor$Worker@69110594[State = -1, empty queue]] WARN  server.GrpcLogAppender (GrpcLogAppender.java:timeoutAppendRequest(200)) - 8e060d03-41f1-4f58-b316-a26b8d90e5ab@group-08878B4311E5->a490dfbe-25f2-4254-a039-9640d44159eb-GrpcLogAppender: appendEntries Timeout, request=8e060d03-41f1-4f58-b316-a26b8d90e5ab->a490dfbe-25f2-4254-a039-9640d44159eb#1610-t3, previous=(t:3, i:1556), leaderCommit=1555, initializing? false, entries: size=1, first=(t:3, i:1557), METADATAENTRY(c1555)
2019-09-25 19:43:31,469 [java.util.concurrent.ThreadPoolExecutor$Worker@2ccf428d[State = -1, empty queue]] WARN  server.GrpcLogAppender (GrpcLogAppender.java:timeoutAppendRequest(200)) - 8e060d03-41f1-4f58-b316-a26b8d90e5ab@group-08878B4311E5->5e731f39-3a46-4f41-835b-a13153cc970b-GrpcLogAppender: appendEntries Timeout, request=8e060d03-41f1-4f58-b316-a26b8d90e5ab->5e731f39-3a46-4f41-835b-a13153cc970b#1611-t3, previous=(t:3, i:1557), leaderCommit=1555, initializing? false, entries: size=1, first=(t:3, i:1558), STATEMACHINELOGENTRY, client-115F2394936D, cid=1184
2019-09-25 19:43:31,469 [java.util.concurrent.ThreadPoolExecutor$Worker@69110594[State = -1, empty queue]] WARN  server.GrpcLogAppender (GrpcLogAppender.java:timeoutAppendRequest(200)) - 8e060d03-41f1-4f58-b316-a26b8d90e5ab@group-08878B4311E5->a490dfbe-25f2-4254-a039-9640d44159eb-GrpcLogAppender: appendEntries Timeout, request=8e060d03-41f1-4f58-b316-a26b8d90e5ab->a490dfbe-25f2-4254-a039-9640d44159eb#1611-t3, previous=(t:3, i:1557), leaderCommit=1555, initializing? false, entries: size=1, first=(t:3, i:1558), STATEMACHINELOGENTRY, client-115F2394936D, cid=1184
2019-09-25 19:43:31,469 [java.util.concurrent.ThreadPoolExecutor$Worker@2ccf428d[State = -1, empty queue]] WARN  server.GrpcLogAppender (GrpcLogAppender.java:timeoutAppendRequest(200)) - 8e060d03-41f1-4f58-b316-a26b8d90e5ab@group-08878B4311E5->5e731f39-3a46-4f41-835b-a13153cc970b-GrpcLogAppender: appendEntries Timeout, request=8e060d03-41f1-4f58-b316-a26b8d90e5ab->5e731f39-3a46-4f41-835b-a13153cc970b#1612-t3, previous=(t:3, i:1558), leaderCommit=1555, initializing? false, entries: size=1, first=(t:3, i:1559), STATEMACHINELOGENTRY, client-115F2394936D, cid=1185
2019-09-25 19:43:31,469 [java.util.concurrent.ThreadPoolExecutor$Worker@69110594[State = -1, empty queue]] WARN  server.GrpcLogAppender (GrpcLogAppender.java:timeoutAppendRequest(200)) - 8e060d03-41f1-4f58-b316-a26b8d90e5ab@group-08878B4311E5->a490dfbe-25f2-4254-a039-9640d44159eb-GrpcLogAppender: appendEntries Timeout, request=8e060d03-41f1-4f58-b316-a26b8d90e5ab->a490dfbe-25f2-4254-a039-9640d44159eb#1612-t3, previous=(t:3, i:1558), leaderCommit=1555, initializing? false, entries: size=1, first=(t:3, i:1559), STATEMACHINELOGENTRY, client-115F2394936D, cid=1185
 0.00% |█                                                                                                    |  0/1 Time: 0:01:37 0.00% |█                                                                                                    |  0/1 Time: 0:01:382019-09-25 19:43:33,606 [grpc-default-executor-5] WARN  server.GrpcLogAppender (GrpcLogAppender.java:onNextImpl(251)) - 8e060d03-41f1-4f58-b316-a26b8d90e5ab@group-08878B4311E5->a490dfbe-25f2-4254-a039-9640d44159eb-AppendLogResponseHandler: Request not found, ignoring reply: 8e060d03-41f1-4f58-b316-a26b8d90e5ab<-a490dfbe-25f2-4254-a039-9640d44159eb#1609:OK,SUCCESS,nextIndex:1557,term:3,followerCommit:1555
2019-09-25 19:43:33,606 [grpc-default-executor-7] WARN  server.GrpcLogAppender (GrpcLogAppender.java:onNextImpl(251)) - 8e060d03-41f1-4f58-b316-a26b8d90e5ab@group-08878B4311E5->5e731f39-3a46-4f41-835b-a13153cc970b-AppendLogResponseHandler: Request not found, ignoring reply: 8e060d03-41f1-4f58-b316-a26b8d90e5ab<-5e731f39-3a46-4f41-835b-a13153cc970b#1609:OK,SUCCESS,nextIndex:1557,term:3,followerCommit:1555
2019-09-25 19:43:33,974 [java.util.concurrent.ThreadPoolExecutor$Worker@2ccf428d[State = -1, empty queue]] WARN  server.GrpcLogAppender (GrpcLogAppender.java:timeoutAppendRequest(200)) - 8e060d03-41f1-4f58-b316-a26b8d90e5ab@group-08878B4311E5->5e731f39-3a46-4f41-835b-a13153cc970b-GrpcLogAppender: appendEntries Timeout, request=8e060d03-41f1-4f58-b316-a26b8d90e5ab->5e731f39-3a46-4f41-835b-a13153cc970b#1613-t3, previous=(t:3, i:1559), leaderCommit=1555, initializing? false, entries: <empty>
2019-09-25 19:43:33,974 [java.util.concurrent.ThreadPoolExecutor$Worker@69110594[State = -1, empty queue]] WARN  server.GrpcLogAppender (GrpcLogAppender.java:timeoutAppendRequest(200)) - 8e060d03-41f1-4f58-b316-a26b8d90e5ab@group-08878B4311E5->a490dfbe-25f2-4254-a039-9640d44159eb-GrpcLogAppender: appendEntries Timeout, request=8e060d03-41f1-4f58-b316-a26b8d90e5ab->a490dfbe-25f2-4254-a039-9640d44159eb#1613-t3, previous=(t:3, i:1559), leaderCommit=1555, initializing? false, entries: <empty>
 0.00% |█                                                                                                    |  0/1 Time: 0:01:39 0.00% |█                                                                                                    |  0/1 Time: 0:01:40 0.00% |█                                                                                                    |  0/1 Time: 0:01:412019-09-25 19:43:36,475 [java.util.concurrent.ThreadPoolExecutor$Worker@2ccf428d[State = -1, empty queue]] WARN  server.GrpcLogAppender (GrpcLogAppender.java:timeoutAppendRequest(200)) - 8e060d03-41f1-4f58-b316-a26b8d90e5ab@group-08878B4311E5->5e731f39-3a46-4f41-835b-a13153cc970b-GrpcLogAppender: appendEntries Timeout, request=8e060d03-41f1-4f58-b316-a26b8d90e5ab->5e731f39-3a46-4f41-835b-a13153cc970b#1614-t3, previous=(t:3, i:1559), leaderCommit=1555, initializing? false, entries: <empty>
2019-09-25 19:43:36,475 [java.util.concurrent.ThreadPoolExecutor$Worker@69110594[State = -1, empty queue]] WARN  server.GrpcLogAppender (GrpcLogAppender.java:timeoutAppendRequest(200)) - 8e060d03-41f1-4f58-b316-a26b8d90e5ab@group-08878B4311E5->a490dfbe-25f2-4254-a039-9640d44159eb-GrpcLogAppender: appendEntries Timeout, request=8e060d03-41f1-4f58-b316-a26b8d90e5ab->a490dfbe-25f2-4254-a039-9640d44159eb#1614-t3, previous=(t:3, i:1559), leaderCommit=1555, initializing? false, entries: <empty>
 0.00% |█                                                                                                    |  0/1 Time: 0:01:42 0.00% |█                                                                                                    |  0/1 Time: 0:01:432019-09-25 19:43:38,735 [grpc-default-executor-0] WARN  server.GrpcLogAppender (GrpcLogAppender.java:onNextImpl(251)) - 8e060d03-41f1-4f58-b316-a26b8d90e5ab@group-08878B4311E5->a490dfbe-25f2-4254-a039-9640d44159eb-AppendLogResponseHandler: Request not found, ignoring reply: 8e060d03-41f1-4f58-b316-a26b8d90e5ab<-a490dfbe-25f2-4254-a039-9640d44159eb#1610:OK,SUCCESS,nextIndex:1558,term:3,followerCommit:1555
2019-09-25 19:43:38,735 [grpc-default-executor-5] WARN  server.GrpcLogAppender (GrpcLogAppender.java:onNextImpl(251)) - 8e060d03-41f1-4f58-b316-a26b8d90e5ab@group-08878B4311E5->5e731f39-3a46-4f41-835b-a13153cc970b-AppendLogResponseHandler: Request not found, ignoring reply: 8e060d03-41f1-4f58-b316-a26b8d90e5ab<-5e731f39-3a46-4f41-835b-a13153cc970b#1610:OK,SUCCESS,nextIndex:1558,term:3,followerCommit:1555
2019-09-25 19:43:38,735 [grpc-default-executor-0] WARN  server.GrpcLogAppender (GrpcLogAppender.java:onNextImpl(251)) - 8e060d03-41f1-4f58-b316-a26b8d90e5ab@group-08878B4311E5->a490dfbe-25f2-4254-a039-9640d44159eb-AppendLogResponseHandler: Request not found, ignoring reply: 8e060d03-41f1-4f58-b316-a26b8d90e5ab<-a490dfbe-25f2-4254-a039-9640d44159eb#1611:OK,SUCCESS,nextIndex:1559,term:3,followerCommit:1555
2019-09-25 19:43:38,735 [grpc-default-executor-5] WARN  server.GrpcLogAppender (GrpcLogAppender.java:onNextImpl(251)) - 8e060d03-41f1-4f58-b316-a26b8d90e5ab@group-08878B4311E5->5e731f39-3a46-4f41-835b-a13153cc970b-AppendLogResponseHandler: Request not found, ignoring reply: 8e060d03-41f1-4f58-b316-a26b8d90e5ab<-5e731f39-3a46-4f41-835b-a13153cc970b#1611:OK,SUCCESS,nextIndex:1559,term:3,followerCommit:1555
2019-09-25 19:43:38,736 [grpc-default-executor-0] WARN  server.GrpcLogAppender (GrpcLogAppender.java:onNextImpl(251)) - 8e060d03-41f1-4f58-b316-a26b8d90e5ab@group-08878B4311E5->a490dfbe-25f2-4254-a039-9640d44159eb-AppendLogResponseHandler: Request not found, ignoring reply: 8e060d03-41f1-4f58-b316-a26b8d90e5ab<-a490dfbe-25f2-4254-a039-9640d44159eb#1612:OK,SUCCESS,nextIndex:1560,term:3,followerCommit:1555
2019-09-25 19:43:38,736 [grpc-default-executor-5] WARN  server.GrpcLogAppender (GrpcLogAppender.java:onNextImpl(251)) - 8e060d03-41f1-4f58-b316-a26b8d90e5ab@group-08878B4311E5->5e731f39-3a46-4f41-835b-a13153cc970b-AppendLogResponseHandler: Request not found, ignoring reply: 8e060d03-41f1-4f58-b316-a26b8d90e5ab<-5e731f39-3a46-4f41-835b-a13153cc970b#1612:OK,SUCCESS,nextIndex:1560,term:3,followerCommit:1555
2019-09-25 19:43:38,736 [grpc-default-executor-0] WARN  server.GrpcLogAppender (GrpcLogAppender.java:onNextImpl(251)) - 8e060d03-41f1-4f58-b316-a26b8d90e5ab@group-08878B4311E5->a490dfbe-25f2-4254-a039-9640d44159eb-AppendLogResponseHandler: Request not found, ignoring reply: 8e060d03-41f1-4f58-b316-a26b8d90e5ab<-a490dfbe-25f2-4254-a039-9640d44159eb#1613:OK,SUCCESS,nextIndex:1560,term:3,followerCommit:1555
2019-09-25 19:43:38,736 [grpc-default-executor-5] WARN  server.GrpcLogAppender (GrpcLogAppender.java:onNextImpl(251)) - 8e060d03-41f1-4f58-b316-a26b8d90e5ab@group-08878B4311E5->5e731f39-3a46-4f41-835b-a13153cc970b-AppendLogResponseHandler: Request not found, ignoring reply: 8e060d03-41f1-4f58-b316-a26b8d90e5ab<-5e731f39-3a46-4f41-835b-a13153cc970b#1613:OK,SUCCESS,nextIndex:1560,term:3,followerCommit:1555
2019-09-25 19:43:38,736 [grpc-default-executor-0] WARN  server.GrpcLogAppender (GrpcLogAppender.java:onNextImpl(251)) - 8e060d03-41f1-4f58-b316-a26b8d90e5ab@group-08878B4311E5->a490dfbe-25f2-4254-a039-9640d44159eb-AppendLogResponseHandler: Request not found, ignoring reply: 8e060d03-41f1-4f58-b316-a26b8d90e5ab<-a490dfbe-25f2-4254-a039-9640d44159eb#1614:OK,SUCCESS,nextIndex:1560,term:3,followerCommit:1555
2019-09-25 19:43:38,736 [grpc-default-executor-5] WARN  server.GrpcLogAppender (GrpcLogAppender.java:onNextImpl(251)) - 8e060d03-41f1-4f58-b316-a26b8d90e5ab@group-08878B4311E5->5e731f39-3a46-4f41-835b-a13153cc970b-AppendLogResponseHandler: Request not found, ignoring reply: 8e060d03-41f1-4f58-b316-a26b8d90e5ab<-5e731f39-3a46-4f41-835b-a13153cc970b#1614:OK,SUCCESS,nextIndex:1560,term:3,followerCommit:1555
 0.00% |█                                                                                                    |  0/1 Time: 0:01:44 0.00% |█                                                                                                    |  0/1 Time: 0:01:45 0.00% |█                                                                                                    |  0/1 Time: 0:01:462019-09-25 19:43:41,738 [java.util.concurrent.ThreadPoolExecutor$Worker@2ccf428d[State = -1, empty queue]] WARN  server.GrpcLogAppender (GrpcLogAppender.java:timeoutAppendRequest(200)) - 8e060d03-41f1-4f58-b316-a26b8d90e5ab@group-08878B4311E5->5e731f39-3a46-4f41-835b-a13153cc970b-GrpcLogAppender: appendEntries Timeout, request=8e060d03-41f1-4f58-b316-a26b8d90e5ab->5e731f39-3a46-4f41-835b-a13153cc970b#1617-t3, previous=(t:3, i:1559), leaderCommit=1556, initializing? false, entries: size=1, first=(t:3, i:1560), METADATAENTRY(c1559)
2019-09-25 19:43:41,738 [java.util.concurrent.ThreadPoolExecutor$Worker@69110594[State = -1, empty queue]] WARN  server.GrpcLogAppender (GrpcLogAppender.java:timeoutAppendRequest(200)) - 8e060d03-41f1-4f58-b316-a26b8d90e5ab@group-08878B4311E5->a490dfbe-25f2-4254-a039-9640d44159eb-GrpcLogAppender: appendEntries Timeout, request=8e060d03-41f1-4f58-b316-a26b8d90e5ab->a490dfbe-25f2-4254-a039-9640d44159eb#1617-t3, previous=(t:3, i:1559), leaderCommit=1556, initializing? false, entries: size=1, first=(t:3, i:1560), METADATAENTRY(c1559)
 0.00% |█                                                                                                    |  0/1 Time: 0:01:47 0.00% |█                                                                                                    |  0/1 Time: 0:01:482019-09-25 19:43:43,770 [pool-277-thread-1] WARN  scm.XceiverClientRatis (XceiverClientRatis.java:watchForCommit(292)) - 3 way commit failed on pipeline Pipeline[ Id: 19ce6a03-fd86-4194-9b5c-08878b4311e5, Nodes: 5e731f39-3a46-4f41-835b-a13153cc970b{ip: 192.168.164.232, host: pr-hdds-2174-qcxnv-2820930021, networkLocation: /default-rack, certSerialId: null}8e060d03-41f1-4f58-b316-a26b8d90e5ab{ip: 192.168.164.232, host: pr-hdds-2174-qcxnv-2820930021, networkLocation: /default-rack, certSerialId: null}a490dfbe-25f2-4254-a039-9640d44159eb{ip: 192.168.164.232, host: pr-hdds-2174-qcxnv-2820930021, networkLocation: /default-rack, certSerialId: null}, Type:RATIS, Factor:THREE, State:OPEN]
java.util.concurrent.TimeoutException
	at java.util.concurrent.CompletableFuture.timedGet(CompletableFuture.java:1771)
	at java.util.concurrent.CompletableFuture.get(CompletableFuture.java:1915)
	at org.apache.hadoop.hdds.scm.XceiverClientRatis.watchForCommit(XceiverClientRatis.java:289)
	at org.apache.hadoop.hdds.scm.storage.CommitWatcher.watchForCommit(CommitWatcher.java:194)
	at org.apache.hadoop.hdds.scm.storage.CommitWatcher.watchOnLastIndex(CommitWatcher.java:157)
	at org.apache.hadoop.hdds.scm.storage.BlockOutputStream.watchForCommit(BlockOutputStream.java:347)
	at org.apache.hadoop.hdds.scm.storage.BlockOutputStream.handleFlush(BlockOutputStream.java:479)
	at org.apache.hadoop.hdds.scm.storage.BlockOutputStream.close(BlockOutputStream.java:493)
	at org.apache.hadoop.ozone.client.io.BlockOutputStreamEntry.close(BlockOutputStreamEntry.java:143)
	at org.apache.hadoop.ozone.client.io.KeyOutputStream.handleFlushOrClose(KeyOutputStream.java:439)
	at org.apache.hadoop.ozone.client.io.KeyOutputStream.handleWrite(KeyOutputStream.java:232)
	at org.apache.hadoop.ozone.client.io.KeyOutputStream.write(KeyOutputStream.java:190)
	at org.apache.hadoop.ozone.client.io.OzoneOutputStream.write(OzoneOutputStream.java:49)
	at org.apache.hadoop.ozone.freon.RandomKeyGenerator.createKey(RandomKeyGenerator.java:708)
	at org.apache.hadoop.ozone.freon.RandomKeyGenerator.access$1100(RandomKeyGenerator.java:88)
	at org.apache.hadoop.ozone.freon.RandomKeyGenerator$ObjectCreator.run(RandomKeyGenerator.java:615)
	at java.util.concurrent.Executors$RunnableAdapter.call(Executors.java:511)
	at java.util.concurrent.FutureTask.run(FutureTask.java:266)
	at java.util.concurrent.ThreadPoolExecutor.runWorker(ThreadPoolExecutor.java:1149)
	at java.util.concurrent.ThreadPoolExecutor$Worker.run(ThreadPoolExecutor.java:624)
	at java.lang.Thread.run(Thread.java:748)
2019-09-25 19:43:43,868 [grpc-default-executor-5] WARN  server.GrpcLogAppender (GrpcLogAppender.java:onNextImpl(251)) - 8e060d03-41f1-4f58-b316-a26b8d90e5ab@group-08878B4311E5->a490dfbe-25f2-4254-a039-9640d44159eb-AppendLogResponseHandler: Request not found, ignoring reply: 8e060d03-41f1-4f58-b316-a26b8d90e5ab<-a490dfbe-25f2-4254-a039-9640d44159eb#1617:OK,SUCCESS,nextIndex:1561,term:3,followerCommit:1559
2019-09-25 19:43:43,880 [pool-277-thread-1] INFO  scm.XceiverClientRatis (XceiverClientRatis.java:lambda$watchForCommit$7(310)) - Could not commit index 1559 on pipeline Pipeline[ Id: 19ce6a03-fd86-4194-9b5c-08878b4311e5, Nodes: 5e731f39-3a46-4f41-835b-a13153cc970b{ip: 192.168.164.232, host: pr-hdds-2174-qcxnv-2820930021, networkLocation: /default-rack, certSerialId: null}8e060d03-41f1-4f58-b316-a26b8d90e5ab{ip: 192.168.164.232, host: pr-hdds-2174-qcxnv-2820930021, networkLocation: /default-rack, certSerialId: null}a490dfbe-25f2-4254-a039-9640d44159eb{ip: 192.168.164.232, host: pr-hdds-2174-qcxnv-2820930021, networkLocation: /default-rack, certSerialId: null}, Type:RATIS, Factor:THREE, State:OPEN] to all the nodes. Server 5e731f39-3a46-4f41-835b-a13153cc970b has failed. Committed by majority.
2019-09-25 19:43:43,881 [pool-277-thread-1] WARN  storage.BlockOutputStream (BlockOutputStream.java:watchForCommit(353)) - Failed to commit BlockId conID: 2 locID: 102854853612405194 bcsId: 1559 on Pipeline[ Id: 19ce6a03-fd86-4194-9b5c-08878b4311e5, Nodes: 5e731f39-3a46-4f41-835b-a13153cc970b{ip: 192.168.164.232, host: pr-hdds-2174-qcxnv-2820930021, networkLocation: /default-rack, certSerialId: null}8e060d03-41f1-4f58-b316-a26b8d90e5ab{ip: 192.168.164.232, host: pr-hdds-2174-qcxnv-2820930021, networkLocation: /default-rack, certSerialId: null}a490dfbe-25f2-4254-a039-9640d44159eb{ip: 192.168.164.232, host: pr-hdds-2174-qcxnv-2820930021, networkLocation: /default-rack, certSerialId: null}, Type:RATIS, Factor:THREE, State:OPEN]. Failed nodes: [5e731f39-3a46-4f41-835b-a13153cc970b{ip: null, host: null, networkLocation: /default-rack, certSerialId: null}]
2019-09-25 19:43:44,042 [grpc-default-executor-5] WARN  server.GrpcLogAppender (GrpcLogAppender.java:onNextImpl(251)) - 8e060d03-41f1-4f58-b316-a26b8d90e5ab@group-08878B4311E5->5e731f39-3a46-4f41-835b-a13153cc970b-AppendLogResponseHandler: Request not found, ignoring reply: 8e060d03-41f1-4f58-b316-a26b8d90e5ab<-5e731f39-3a46-4f41-835b-a13153cc970b#1617:OK,SUCCESS,nextIndex:1561,term:3,followerCommit:1559
 0.00% |█                                                                                                    |  0/1 Time: 0:01:49 0.00% |█                                                                                                    |  0/1 Time: 0:01:50 0.00% |█                                                                                                    |  0/1 Time: 0:01:512019-09-25 19:43:46,928 [java.util.concurrent.ThreadPoolExecutor$Worker@2ccf428d[State = -1, empty queue]] WARN  server.GrpcLogAppender (GrpcLogAppender.java:timeoutAppendRequest(200)) - 8e060d03-41f1-4f58-b316-a26b8d90e5ab@group-08878B4311E5->5e731f39-3a46-4f41-835b-a13153cc970b-GrpcLogAppender: appendEntries Timeout, request=8e060d03-41f1-4f58-b316-a26b8d90e5ab->5e731f39-3a46-4f41-835b-a13153cc970b#1620-t3, previous=(t:3, i:1560), leaderCommit=1559, initializing? false, entries: size=1, first=(t:3, i:1561), STATEMACHINELOGENTRY, client-F33E09DEEB30, cid=1188
2019-09-25 19:43:46,928 [java.util.concurrent.ThreadPoolExecutor$Worker@69110594[State = -1, empty queue]] WARN  server.GrpcLogAppender (GrpcLogAppender.java:timeoutAppendRequest(200)) - 8e060d03-41f1-4f58-b316-a26b8d90e5ab@group-08878B4311E5->a490dfbe-25f2-4254-a039-9640d44159eb-GrpcLogAppender: appendEntries Timeout, request=8e060d03-41f1-4f58-b316-a26b8d90e5ab->a490dfbe-25f2-4254-a039-9640d44159eb#1620-t3, previous=(t:3, i:1560), leaderCommit=1559, initializing? false, entries: size=1, first=(t:3, i:1561), STATEMACHINELOGENTRY, client-F33E09DEEB30, cid=1188
 0.00% |█                                                                                                    |  0/1 Time: 0:01:52 0.00% |█                                                                                                    |  0/1 Time: 0:01:532019-09-25 19:43:48,995 [grpc-default-executor-7] WARN  server.GrpcLogAppender (GrpcLogAppender.java:onNextImpl(251)) - 8e060d03-41f1-4f58-b316-a26b8d90e5ab@group-08878B4311E5->a490dfbe-25f2-4254-a039-9640d44159eb-AppendLogResponseHandler: Request not found, ignoring reply: 8e060d03-41f1-4f58-b316-a26b8d90e5ab<-a490dfbe-25f2-4254-a039-9640d44159eb#1620:OK,SUCCESS,nextIndex:1562,term:3,followerCommit:1560
2019-09-25 19:43:48,995 [grpc-default-executor-0] WARN  server.GrpcLogAppender (GrpcLogAppender.java:onNextImpl(251)) - 8e060d03-41f1-4f58-b316-a26b8d90e5ab@group-08878B4311E5->5e731f39-3a46-4f41-835b-a13153cc970b-AppendLogResponseHandler: Request not found, ignoring reply: 8e060d03-41f1-4f58-b316-a26b8d90e5ab<-5e731f39-3a46-4f41-835b-a13153cc970b#1620:OK,SUCCESS,nextIndex:1562,term:3,followerCommit:1560
 0.00% |█                                                                                                    |  0/1 Time: 0:01:54 0.00% |█                                                                                                    |  0/1 Time: 0:01:55 0.00% |█                                                                                                    |  0/1 Time: 0:01:562019-09-25 19:43:52,013 [java.util.concurrent.ThreadPoolExecutor$Worker@2ccf428d[State = -1, empty queue]] WARN  server.GrpcLogAppender (GrpcLogAppender.java:timeoutAppendRequest(200)) - 8e060d03-41f1-4f58-b316-a26b8d90e5ab@group-08878B4311E5->5e731f39-3a46-4f41-835b-a13153cc970b-GrpcLogAppender: appendEntries Timeout, request=8e060d03-41f1-4f58-b316-a26b8d90e5ab->5e731f39-3a46-4f41-835b-a13153cc970b#1623-t3, previous=(t:3, i:1562), leaderCommit=1561, initializing? false, entries: size=1, first=(t:3, i:1563), STATEMACHINELOGENTRY, client-F33E09DEEB30, cid=1189
2019-09-25 19:43:52,013 [java.util.concurrent.ThreadPoolExecutor$Worker@69110594[State = -1, empty queue]] WARN  server.GrpcLogAppender (GrpcLogAppender.java:timeoutAppendRequest(200)) - 8e060d03-41f1-4f58-b316-a26b8d90e5ab@group-08878B4311E5->a490dfbe-25f2-4254-a039-9640d44159eb-GrpcLogAppender: appendEntries Timeout, request=8e060d03-41f1-4f58-b316-a26b8d90e5ab->a490dfbe-25f2-4254-a039-9640d44159eb#1624-t3, previous=(t:3, i:1562), leaderCommit=1561, initializing? false, entries: size=1, first=(t:3, i:1563), STATEMACHINELOGENTRY, client-F33E09DEEB30, cid=1189
2019-09-25 19:43:52,016 [java.util.concurrent.ThreadPoolExecutor$Worker@2ccf428d[State = -1, empty queue]] WARN  server.GrpcLogAppender (GrpcLogAppender.java:timeoutAppendRequest(200)) - 8e060d03-41f1-4f58-b316-a26b8d90e5ab@group-08878B4311E5->5e731f39-3a46-4f41-835b-a13153cc970b-GrpcLogAppender: appendEntries Timeout, request=8e060d03-41f1-4f58-b316-a26b8d90e5ab->5e731f39-3a46-4f41-835b-a13153cc970b#1624-t3, previous=(t:3, i:1563), leaderCommit=1561, initializing? false, entries: size=1, first=(t:3, i:1564), STATEMACHINELOGENTRY, client-F33E09DEEB30, cid=1190
2019-09-25 19:43:52,016 [java.util.concurrent.ThreadPoolExecutor$Worker@69110594[State = -1, empty queue]] WARN  server.GrpcLogAppender (GrpcLogAppender.java:timeoutAppendRequest(200)) - 8e060d03-41f1-4f58-b316-a26b8d90e5ab@group-08878B4311E5->a490dfbe-25f2-4254-a039-9640d44159eb-GrpcLogAppender: appendEntries Timeout, request=8e060d03-41f1-4f58-b316-a26b8d90e5ab->a490dfbe-25f2-4254-a039-9640d44159eb#1625-t3, previous=(t:3, i:1563), leaderCommit=1561, initializing? false, entries: size=1, first=(t:3, i:1564), STATEMACHINELOGENTRY, client-F33E09DEEB30, cid=1190
2019-09-25 19:43:52,017 [java.util.concurrent.ThreadPoolExecutor$Worker@2ccf428d[State = -1, empty queue]] WARN  server.GrpcLogAppender (GrpcLogAppender.java:timeoutAppendRequest(200)) - 8e060d03-41f1-4f58-b316-a26b8d90e5ab@group-08878B4311E5->5e731f39-3a46-4f41-835b-a13153cc970b-GrpcLogAppender: appendEntries Timeout, request=8e060d03-41f1-4f58-b316-a26b8d90e5ab->5e731f39-3a46-4f41-835b-a13153cc970b#1625-t3, previous=(t:3, i:1564), leaderCommit=1561, initializing? false, entries: size=1, first=(t:3, i:1565), STATEMACHINELOGENTRY, client-F33E09DEEB30, cid=1191
2019-09-25 19:43:52,017 [java.util.concurrent.ThreadPoolExecutor$Worker@69110594[State = -1, empty queue]] WARN  server.GrpcLogAppender (GrpcLogAppender.java:timeoutAppendRequest(200)) - 8e060d03-41f1-4f58-b316-a26b8d90e5ab@group-08878B4311E5->a490dfbe-25f2-4254-a039-9640d44159eb-GrpcLogAppender: appendEntries Timeout, request=8e060d03-41f1-4f58-b316-a26b8d90e5ab->a490dfbe-25f2-4254-a039-9640d44159eb#1626-t3, previous=(t:3, i:1564), leaderCommit=1561, initializing? false, entries: size=1, first=(t:3, i:1565), STATEMACHINELOGENTRY, client-F33E09DEEB30, cid=1191
 0.00% |█                                                                                                    |  0/1 Time: 0:01:57 0.00% |█                                                                                                    |  0/1 Time: 0:01:58 0.00% |█                                                                                                    |  0/1 Time: 0:01:592019-09-25 19:43:54,403 [grpc-default-executor-5] WARN  server.GrpcLogAppender (GrpcLogAppender.java:onNextImpl(251)) - 8e060d03-41f1-4f58-b316-a26b8d90e5ab@group-08878B4311E5->a490dfbe-25f2-4254-a039-9640d44159eb-AppendLogResponseHandler: Request not found, ignoring reply: 8e060d03-41f1-4f58-b316-a26b8d90e5ab<-a490dfbe-25f2-4254-a039-9640d44159eb#1624:OK,SUCCESS,nextIndex:1564,term:3,followerCommit:1562
2019-09-25 19:43:54,403 [grpc-default-executor-0] WARN  server.GrpcLogAppender (GrpcLogAppender.java:onNextImpl(251)) - 8e060d03-41f1-4f58-b316-a26b8d90e5ab@group-08878B4311E5->5e731f39-3a46-4f41-835b-a13153cc970b-AppendLogResponseHandler: Request not found, ignoring reply: 8e060d03-41f1-4f58-b316-a26b8d90e5ab<-5e731f39-3a46-4f41-835b-a13153cc970b#1623:OK,SUCCESS,nextIndex:1564,term:3,followerCommit:1562
2019-09-25 19:43:54,404 [grpc-default-executor-5] WARN  server.GrpcLogAppender (GrpcLogAppender.java:onNextImpl(251)) - 8e060d03-41f1-4f58-b316-a26b8d90e5ab@group-08878B4311E5->a490dfbe-25f2-4254-a039-9640d44159eb-AppendLogResponseHandler: Request not found, ignoring reply: 8e060d03-41f1-4f58-b316-a26b8d90e5ab<-a490dfbe-25f2-4254-a039-9640d44159eb#1625:OK,SUCCESS,nextIndex:1565,term:3,followerCommit:1562
2019-09-25 19:43:54,404 [grpc-default-executor-0] WARN  server.GrpcLogAppender (GrpcLogAppender.java:onNextImpl(251)) - 8e060d03-41f1-4f58-b316-a26b8d90e5ab@group-08878B4311E5->5e731f39-3a46-4f41-835b-a13153cc970b-AppendLogResponseHandler: Request not found, ignoring reply: 8e060d03-41f1-4f58-b316-a26b8d90e5ab<-5e731f39-3a46-4f41-835b-a13153cc970b#1624:OK,SUCCESS,nextIndex:1565,term:3,followerCommit:1562
2019-09-25 19:43:54,404 [grpc-default-executor-5] WARN  server.GrpcLogAppender (GrpcLogAppender.java:onNextImpl(251)) - 8e060d03-41f1-4f58-b316-a26b8d90e5ab@group-08878B4311E5->a490dfbe-25f2-4254-a039-9640d44159eb-AppendLogResponseHandler: Request not found, ignoring reply: 8e060d03-41f1-4f58-b316-a26b8d90e5ab<-a490dfbe-25f2-4254-a039-9640d44159eb#1626:OK,SUCCESS,nextIndex:1566,term:3,followerCommit:1562
2019-09-25 19:43:54,404 [grpc-default-executor-0] WARN  server.GrpcLogAppender (GrpcLogAppender.java:onNextImpl(251)) - 8e060d03-41f1-4f58-b316-a26b8d90e5ab@group-08878B4311E5->5e731f39-3a46-4f41-835b-a13153cc970b-AppendLogResponseHandler: Request not found, ignoring reply: 8e060d03-41f1-4f58-b316-a26b8d90e5ab<-5e731f39-3a46-4f41-835b-a13153cc970b#1625:OK,SUCCESS,nextIndex:1566,term:3,followerCommit:1562
 0.00% |█                                                                                                    |  0/1 Time: 0:02:00 0.00% |█                                                                                                    |  0/1 Time: 0:02:01 0.00% |█                                                                                                    |  0/1 Time: 0:02:022019-09-25 19:43:57,405 [java.util.concurrent.ThreadPoolExecutor$Worker@2ccf428d[State = -1, empty queue]] WARN  server.GrpcLogAppender (GrpcLogAppender.java:timeoutAppendRequest(200)) - 8e060d03-41f1-4f58-b316-a26b8d90e5ab@group-08878B4311E5->5e731f39-3a46-4f41-835b-a13153cc970b-GrpcLogAppender: appendEntries Timeout, request=8e060d03-41f1-4f58-b316-a26b8d90e5ab->5e731f39-3a46-4f41-835b-a13153cc970b#1628-t3, previous=(t:3, i:1565), leaderCommit=1565, initializing? false, entries: size=1, first=(t:3, i:1566), METADATAENTRY(c1565)
2019-09-25 19:43:57,405 [java.util.concurrent.ThreadPoolExecutor$Worker@69110594[State = -1, empty queue]] WARN  server.GrpcLogAppender (GrpcLogAppender.java:timeoutAppendRequest(200)) - 8e060d03-41f1-4f58-b316-a26b8d90e5ab@group-08878B4311E5->a490dfbe-25f2-4254-a039-9640d44159eb-GrpcLogAppender: appendEntries Timeout, request=8e060d03-41f1-4f58-b316-a26b8d90e5ab->a490dfbe-25f2-4254-a039-9640d44159eb#1629-t3, previous=(t:3, i:1565), leaderCommit=1565, initializing? false, entries: size=1, first=(t:3, i:1566), METADATAENTRY(c1565)
 0.00% |█                                                                                                    |  0/1 Time: 0:02:03 0.00% |█                                                                                                    |  0/1 Time: 0:02:042019-09-25 19:43:59,425 [pool-277-thread-1] WARN  scm.XceiverClientRatis (XceiverClientRatis.java:watchForCommit(292)) - 3 way commit failed on pipeline Pipeline[ Id: 19ce6a03-fd86-4194-9b5c-08878b4311e5, Nodes: 5e731f39-3a46-4f41-835b-a13153cc970b{ip: 192.168.164.232, host: pr-hdds-2174-qcxnv-2820930021, networkLocation: /default-rack, certSerialId: null}8e060d03-41f1-4f58-b316-a26b8d90e5ab{ip: 192.168.164.232, host: pr-hdds-2174-qcxnv-2820930021, networkLocation: /default-rack, certSerialId: null}a490dfbe-25f2-4254-a039-9640d44159eb{ip: 192.168.164.232, host: pr-hdds-2174-qcxnv-2820930021, networkLocation: /default-rack, certSerialId: null}, Type:RATIS, Factor:THREE, State:OPEN]
java.util.concurrent.TimeoutException
	at java.util.concurrent.CompletableFuture.timedGet(CompletableFuture.java:1771)
	at java.util.concurrent.CompletableFuture.get(CompletableFuture.java:1915)
	at org.apache.hadoop.hdds.scm.XceiverClientRatis.watchForCommit(XceiverClientRatis.java:289)
	at org.apache.hadoop.hdds.scm.storage.CommitWatcher.watchForCommit(CommitWatcher.java:194)
	at org.apache.hadoop.hdds.scm.storage.CommitWatcher.watchOnFirstIndex(CommitWatcher.java:135)
	at org.apache.hadoop.hdds.scm.storage.BlockOutputStream.watchForCommit(BlockOutputStream.java:347)
	at org.apache.hadoop.hdds.scm.storage.BlockOutputStream.handleFullBuffer(BlockOutputStream.java:324)
	at org.apache.hadoop.hdds.scm.storage.BlockOutputStream.write(BlockOutputStream.java:251)
	at org.apache.hadoop.ozone.client.io.BlockOutputStreamEntry.write(BlockOutputStreamEntry.java:129)
	at org.apache.hadoop.ozone.client.io.KeyOutputStream.handleWrite(KeyOutputStream.java:208)
	at org.apache.hadoop.ozone.client.io.KeyOutputStream.write(KeyOutputStream.java:190)
	at org.apache.hadoop.ozone.client.io.OzoneOutputStream.write(OzoneOutputStream.java:49)
	at org.apache.hadoop.ozone.freon.RandomKeyGenerator.createKey(RandomKeyGenerator.java:708)
	at org.apache.hadoop.ozone.freon.RandomKeyGenerator.access$1100(RandomKeyGenerator.java:88)
	at org.apache.hadoop.ozone.freon.RandomKeyGenerator$ObjectCreator.run(RandomKeyGenerator.java:615)
	at java.util.concurrent.Executors$RunnableAdapter.call(Executors.java:511)
	at java.util.concurrent.FutureTask.run(FutureTask.java:266)
	at java.util.concurrent.ThreadPoolExecutor.runWorker(ThreadPoolExecutor.java:1149)
	at java.util.concurrent.ThreadPoolExecutor$Worker.run(ThreadPoolExecutor.java:624)
	at java.lang.Thread.run(Thread.java:748)
2019-09-25 19:43:59,751 [grpc-default-executor-5] WARN  server.GrpcLogAppender (GrpcLogAppender.java:onNextImpl(251)) - 8e060d03-41f1-4f58-b316-a26b8d90e5ab@group-08878B4311E5->a490dfbe-25f2-4254-a039-9640d44159eb-AppendLogResponseHandler: Request not found, ignoring reply: 8e060d03-41f1-4f58-b316-a26b8d90e5ab<-a490dfbe-25f2-4254-a039-9640d44159eb#1629:OK,SUCCESS,nextIndex:1567,term:3,followerCommit:1565
2019-09-25 19:43:59,751 [grpc-default-executor-0] WARN  server.GrpcLogAppender (GrpcLogAppender.java:onNextImpl(251)) - 8e060d03-41f1-4f58-b316-a26b8d90e5ab@group-08878B4311E5->5e731f39-3a46-4f41-835b-a13153cc970b-AppendLogResponseHandler: Request not found, ignoring reply: 8e060d03-41f1-4f58-b316-a26b8d90e5ab<-5e731f39-3a46-4f41-835b-a13153cc970b#1628:OK,SUCCESS,nextIndex:1567,term:3,followerCommit:1565
 0.00% |█                                                                                                    |  0/1 Time: 0:02:05 0.00% |█                                                                                                    |  0/1 Time: 0:02:06 0.00% |█                                                                                                    |  0/1 Time: 0:02:072019-09-25 19:44:02,773 [java.util.concurrent.ThreadPoolExecutor$Worker@69110594[State = -1, empty queue]] WARN  server.GrpcLogAppender (GrpcLogAppender.java:timeoutAppendRequest(200)) - 8e060d03-41f1-4f58-b316-a26b8d90e5ab@group-08878B4311E5->a490dfbe-25f2-4254-a039-9640d44159eb-GrpcLogAppender: appendEntries Timeout, request=8e060d03-41f1-4f58-b316-a26b8d90e5ab->a490dfbe-25f2-4254-a039-9640d44159eb#1632-t3, previous=(t:3, i:1566), leaderCommit=1566, initializing? false, entries: size=1, first=(t:3, i:1567), STATEMACHINELOGENTRY, client-F33E09DEEB30, cid=1194
2019-09-25 19:44:02,773 [java.util.concurrent.ThreadPoolExecutor$Worker@2ccf428d[State = -1, empty queue]] WARN  server.GrpcLogAppender (GrpcLogAppender.java:timeoutAppendRequest(200)) - 8e060d03-41f1-4f58-b316-a26b8d90e5ab@group-08878B4311E5->5e731f39-3a46-4f41-835b-a13153cc970b-GrpcLogAppender: appendEntries Timeout, request=8e060d03-41f1-4f58-b316-a26b8d90e5ab->5e731f39-3a46-4f41-835b-a13153cc970b#1631-t3, previous=(t:3, i:1566), leaderCommit=1566, initializing? false, entries: size=1, first=(t:3, i:1567), STATEMACHINELOGENTRY, client-F33E09DEEB30, cid=1194
2019-09-25 19:44:02,774 [java.util.concurrent.ThreadPoolExecutor$Worker@69110594[State = -1, empty queue]] WARN  server.GrpcLogAppender (GrpcLogAppender.java:timeoutAppendRequest(200)) - 8e060d03-41f1-4f58-b316-a26b8d90e5ab@group-08878B4311E5->a490dfbe-25f2-4254-a039-9640d44159eb-GrpcLogAppender: appendEntries Timeout, request=8e060d03-41f1-4f58-b316-a26b8d90e5ab->a490dfbe-25f2-4254-a039-9640d44159eb#1633-t3, previous=(t:3, i:1567), leaderCommit=1566, initializing? false, entries: size=1, first=(t:3, i:1568), STATEMACHINELOGENTRY, client-F33E09DEEB30, cid=1195
2019-09-25 19:44:02,774 [java.util.concurrent.ThreadPoolExecutor$Worker@2ccf428d[State = -1, empty queue]] WARN  server.GrpcLogAppender (GrpcLogAppender.java:timeoutAppendRequest(200)) - 8e060d03-41f1-4f58-b316-a26b8d90e5ab@group-08878B4311E5->5e731f39-3a46-4f41-835b-a13153cc970b-GrpcLogAppender: appendEntries Timeout, request=8e060d03-41f1-4f58-b316-a26b8d90e5ab->5e731f39-3a46-4f41-835b-a13153cc970b#1632-t3, previous=(t:3, i:1567), leaderCommit=1566, initializing? false, entries: size=1, first=(t:3, i:1568), STATEMACHINELOGENTRY, client-F33E09DEEB30, cid=1195
 0.00% |█                                                                                                    |  0/1 Time: 0:02:08 0.00% |█                                                                                                    |  0/1 Time: 0:02:092019-09-25 19:44:04,846 [grpc-default-executor-7] WARN  server.GrpcLogAppender (GrpcLogAppender.java:onNextImpl(251)) - 8e060d03-41f1-4f58-b316-a26b8d90e5ab@group-08878B4311E5->5e731f39-3a46-4f41-835b-a13153cc970b-AppendLogResponseHandler: Request not found, ignoring reply: 8e060d03-41f1-4f58-b316-a26b8d90e5ab<-5e731f39-3a46-4f41-835b-a13153cc970b#1631:OK,SUCCESS,nextIndex:1568,term:3,followerCommit:1566
2019-09-25 19:44:04,847 [grpc-default-executor-0] WARN  server.GrpcLogAppender (GrpcLogAppender.java:onNextImpl(251)) - 8e060d03-41f1-4f58-b316-a26b8d90e5ab@group-08878B4311E5->a490dfbe-25f2-4254-a039-9640d44159eb-AppendLogResponseHandler: Request not found, ignoring reply: 8e060d03-41f1-4f58-b316-a26b8d90e5ab<-a490dfbe-25f2-4254-a039-9640d44159eb#1632:OK,SUCCESS,nextIndex:1568,term:3,followerCommit:1566
2019-09-25 19:44:04,847 [grpc-default-executor-7] WARN  server.GrpcLogAppender (GrpcLogAppender.java:onNextImpl(251)) - 8e060d03-41f1-4f58-b316-a26b8d90e5ab@group-08878B4311E5->5e731f39-3a46-4f41-835b-a13153cc970b-AppendLogResponseHandler: Request not found, ignoring reply: 8e060d03-41f1-4f58-b316-a26b8d90e5ab<-5e731f39-3a46-4f41-835b-a13153cc970b#1632:OK,SUCCESS,nextIndex:1569,term:3,followerCommit:1566
2019-09-25 19:44:04,847 [grpc-default-executor-0] WARN  server.GrpcLogAppender (GrpcLogAppender.java:onNextImpl(251)) - 8e060d03-41f1-4f58-b316-a26b8d90e5ab@group-08878B4311E5->a490dfbe-25f2-4254-a039-9640d44159eb-AppendLogResponseHandler: Request not found, ignoring reply: 8e060d03-41f1-4f58-b316-a26b8d90e5ab<-a490dfbe-25f2-4254-a039-9640d44159eb#1633:OK,SUCCESS,nextIndex:1569,term:3,followerCommit:1566
 0.00% |█                                                                                                    |  0/1 Time: 0:02:10 0.00% |█                                                                                                    |  0/1 Time: 0:02:11 0.00% |█                                                                                                    |  0/1 Time: 0:02:122019-09-25 19:44:07,848 [java.util.concurrent.ThreadPoolExecutor$Worker@2ccf428d[State = -1, empty queue]] WARN  server.GrpcLogAppender (GrpcLogAppender.java:timeoutAppendRequest(200)) - 8e060d03-41f1-4f58-b316-a26b8d90e5ab@group-08878B4311E5->5e731f39-3a46-4f41-835b-a13153cc970b-GrpcLogAppender: appendEntries Timeout, request=8e060d03-41f1-4f58-b316-a26b8d90e5ab->5e731f39-3a46-4f41-835b-a13153cc970b#1635-t3, previous=(t:3, i:1568), leaderCommit=1568, initializing? false, entries: size=1, first=(t:3, i:1569), METADATAENTRY(c1568)
2019-09-25 19:44:07,848 [java.util.concurrent.ThreadPoolExecutor$Worker@69110594[State = -1, empty queue]] WARN  server.GrpcLogAppender (GrpcLogAppender.java:timeoutAppendRequest(200)) - 8e060d03-41f1-4f58-b316-a26b8d90e5ab@group-08878B4311E5->a490dfbe-25f2-4254-a039-9640d44159eb-GrpcLogAppender: appendEntries Timeout, request=8e060d03-41f1-4f58-b316-a26b8d90e5ab->a490dfbe-25f2-4254-a039-9640d44159eb#1636-t3, previous=(t:3, i:1568), leaderCommit=1568, initializing? false, entries: size=1, first=(t:3, i:1569), METADATAENTRY(c1568)
2019-09-25 19:44:07,869 [java.util.concurrent.ThreadPoolExecutor$Worker@69110594[State = -1, empty queue]] WARN  server.GrpcLogAppender (GrpcLogAppender.java:timeoutAppendRequest(200)) - 8e060d03-41f1-4f58-b316-a26b8d90e5ab@group-08878B4311E5->a490dfbe-25f2-4254-a039-9640d44159eb-GrpcLogAppender: appendEntries Timeout, request=8e060d03-41f1-4f58-b316-a26b8d90e5ab->a490dfbe-25f2-4254-a039-9640d44159eb#1637-t3, previous=(t:3, i:1569), leaderCommit=1568, initializing? false, entries: size=1, first=(t:3, i:1570), STATEMACHINELOGENTRY, client-F33E09DEEB30, cid=1196
2019-09-25 19:44:07,869 [java.util.concurrent.ThreadPoolExecutor$Worker@2ccf428d[State = -1, empty queue]] WARN  server.GrpcLogAppender (GrpcLogAppender.java:timeoutAppendRequest(200)) - 8e060d03-41f1-4f58-b316-a26b8d90e5ab@group-08878B4311E5->5e731f39-3a46-4f41-835b-a13153cc970b-GrpcLogAppender: appendEntries Timeout, request=8e060d03-41f1-4f58-b316-a26b8d90e5ab->5e731f39-3a46-4f41-835b-a13153cc970b#1636-t3, previous=(t:3, i:1569), leaderCommit=1568, initializing? false, entries: size=1, first=(t:3, i:1570), STATEMACHINELOGENTRY, client-F33E09DEEB30, cid=1196
2019-09-25 19:44:07,870 [java.util.concurrent.ThreadPoolExecutor$Worker@69110594[State = -1, empty queue]] WARN  server.GrpcLogAppender (GrpcLogAppender.java:timeoutAppendRequest(200)) - 8e060d03-41f1-4f58-b316-a26b8d90e5ab@group-08878B4311E5->a490dfbe-25f2-4254-a039-9640d44159eb-GrpcLogAppender: appendEntries Timeout, request=8e060d03-41f1-4f58-b316-a26b8d90e5ab->a490dfbe-25f2-4254-a039-9640d44159eb#1638-t3, previous=(t:3, i:1570), leaderCommit=1568, initializing? false, entries: size=1, first=(t:3, i:1571), STATEMACHINELOGENTRY, client-F33E09DEEB30, cid=1197
2019-09-25 19:44:07,870 [java.util.concurrent.ThreadPoolExecutor$Worker@2ccf428d[State = -1, empty queue]] WARN  server.GrpcLogAppender (GrpcLogAppender.java:timeoutAppendRequest(200)) - 8e060d03-41f1-4f58-b316-a26b8d90e5ab@group-08878B4311E5->5e731f39-3a46-4f41-835b-a13153cc970b-GrpcLogAppender: appendEntries Timeout, request=8e060d03-41f1-4f58-b316-a26b8d90e5ab->5e731f39-3a46-4f41-835b-a13153cc970b#1637-t3, previous=(t:3, i:1570), leaderCommit=1568, initializing? false, entries: size=1, first=(t:3, i:1571), STATEMACHINELOGENTRY, client-F33E09DEEB30, cid=1197
 0.00% |█                                                                                                    |  0/1 Time: 0:02:13 0.00% |█                                                                                                    |  0/1 Time: 0:02:142019-09-25 19:44:10,035 [grpc-default-executor-0] WARN  server.GrpcLogAppender (GrpcLogAppender.java:onNextImpl(251)) - 8e060d03-41f1-4f58-b316-a26b8d90e5ab@group-08878B4311E5->5e731f39-3a46-4f41-835b-a13153cc970b-AppendLogResponseHandler: Request not found, ignoring reply: 8e060d03-41f1-4f58-b316-a26b8d90e5ab<-5e731f39-3a46-4f41-835b-a13153cc970b#1635:OK,SUCCESS,nextIndex:1570,term:3,followerCommit:1568
2019-09-25 19:44:10,036 [grpc-default-executor-7] WARN  server.GrpcLogAppender (GrpcLogAppender.java:onNextImpl(251)) - 8e060d03-41f1-4f58-b316-a26b8d90e5ab@group-08878B4311E5->a490dfbe-25f2-4254-a039-9640d44159eb-AppendLogResponseHandler: Request not found, ignoring reply: 8e060d03-41f1-4f58-b316-a26b8d90e5ab<-a490dfbe-25f2-4254-a039-9640d44159eb#1636:OK,SUCCESS,nextIndex:1570,term:3,followerCommit:1568
 0.00% |█                                                                                                    |  0/1 Time: 0:02:152019-09-25 19:44:10,370 [java.util.concurrent.ThreadPoolExecutor$Worker@2ccf428d[State = -1, empty queue]] WARN  server.GrpcLogAppender (GrpcLogAppender.java:timeoutAppendRequest(200)) - 8e060d03-41f1-4f58-b316-a26b8d90e5ab@group-08878B4311E5->5e731f39-3a46-4f41-835b-a13153cc970b-GrpcLogAppender: appendEntries Timeout, request=8e060d03-41f1-4f58-b316-a26b8d90e5ab->5e731f39-3a46-4f41-835b-a13153cc970b#1638-t3, previous=(t:3, i:1571), leaderCommit=1568, initializing? false, entries: <empty>
2019-09-25 19:44:10,372 [java.util.concurrent.ThreadPoolExecutor$Worker@69110594[State = -1, empty queue]] WARN  server.GrpcLogAppender (GrpcLogAppender.java:timeoutAppendRequest(200)) - 8e060d03-41f1-4f58-b316-a26b8d90e5ab@group-08878B4311E5->a490dfbe-25f2-4254-a039-9640d44159eb-GrpcLogAppender: appendEntries Timeout, request=8e060d03-41f1-4f58-b316-a26b8d90e5ab->a490dfbe-25f2-4254-a039-9640d44159eb#1639-t3, previous=(t:3, i:1571), leaderCommit=1568, initializing? false, entries: <empty>
 0.00% |█                                                                                                    |  0/1 Time: 0:02:16 0.00% |█                                                                                                    |  0/1 Time: 0:02:172019-09-25 19:44:12,872 [java.util.concurrent.ThreadPoolExecutor$Worker@2ccf428d[State = -1, empty queue]] WARN  server.GrpcLogAppender (GrpcLogAppender.java:timeoutAppendRequest(200)) - 8e060d03-41f1-4f58-b316-a26b8d90e5ab@group-08878B4311E5->5e731f39-3a46-4f41-835b-a13153cc970b-GrpcLogAppender: appendEntries Timeout, request=8e060d03-41f1-4f58-b316-a26b8d90e5ab->5e731f39-3a46-4f41-835b-a13153cc970b#1639-t3, previous=(t:3, i:1571), leaderCommit=1568, initializing? false, entries: <empty>
2019-09-25 19:44:12,872 [java.util.concurrent.ThreadPoolExecutor$Worker@69110594[State = -1, empty queue]] WARN  server.GrpcLogAppender (GrpcLogAppender.java:timeoutAppendRequest(200)) - 8e060d03-41f1-4f58-b316-a26b8d90e5ab@group-08878B4311E5->a490dfbe-25f2-4254-a039-9640d44159eb-GrpcLogAppender: appendEntries Timeout, request=8e060d03-41f1-4f58-b316-a26b8d90e5ab->a490dfbe-25f2-4254-a039-9640d44159eb#1640-t3, previous=(t:3, i:1571), leaderCommit=1568, initializing? false, entries: <empty>
 0.00% |█                                                                                                    |  0/1 Time: 0:02:18 0.00% |█                                                                                                    |  0/1 Time: 0:02:192019-09-25 19:44:15,078 [grpc-default-executor-0] WARN  server.GrpcLogAppender (GrpcLogAppender.java:onNextImpl(251)) - 8e060d03-41f1-4f58-b316-a26b8d90e5ab@group-08878B4311E5->5e731f39-3a46-4f41-835b-a13153cc970b-AppendLogResponseHandler: Request not found, ignoring reply: 8e060d03-41f1-4f58-b316-a26b8d90e5ab<-5e731f39-3a46-4f41-835b-a13153cc970b#1636:OK,SUCCESS,nextIndex:1571,term:3,followerCommit:1568
2019-09-25 19:44:15,079 [grpc-default-executor-7] WARN  server.GrpcLogAppender (GrpcLogAppender.java:onNextImpl(251)) - 8e060d03-41f1-4f58-b316-a26b8d90e5ab@group-08878B4311E5->a490dfbe-25f2-4254-a039-9640d44159eb-AppendLogResponseHandler: Request not found, ignoring reply: 8e060d03-41f1-4f58-b316-a26b8d90e5ab<-a490dfbe-25f2-4254-a039-9640d44159eb#1637:OK,SUCCESS,nextIndex:1571,term:3,followerCommit:1568
2019-09-25 19:44:15,079 [grpc-default-executor-0] WARN  server.GrpcLogAppender (GrpcLogAppender.java:onNextImpl(251)) - 8e060d03-41f1-4f58-b316-a26b8d90e5ab@group-08878B4311E5->5e731f39-3a46-4f41-835b-a13153cc970b-AppendLogResponseHandler: Request not found, ignoring reply: 8e060d03-41f1-4f58-b316-a26b8d90e5ab<-5e731f39-3a46-4f41-835b-a13153cc970b#1637:OK,SUCCESS,nextIndex:1572,term:3,followerCommit:1568
2019-09-25 19:44:15,079 [grpc-default-executor-7] WARN  server.GrpcLogAppender (GrpcLogAppender.java:onNextImpl(251)) - 8e060d03-41f1-4f58-b316-a26b8d90e5ab@group-08878B4311E5->a490dfbe-25f2-4254-a039-9640d44159eb-AppendLogResponseHandler: Request not found, ignoring reply: 8e060d03-41f1-4f58-b316-a26b8d90e5ab<-a490dfbe-25f2-4254-a039-9640d44159eb#1638:OK,SUCCESS,nextIndex:1572,term:3,followerCommit:1568
2019-09-25 19:44:15,079 [grpc-default-executor-0] WARN  server.GrpcLogAppender (GrpcLogAppender.java:onNextImpl(251)) - 8e060d03-41f1-4f58-b316-a26b8d90e5ab@group-08878B4311E5->5e731f39-3a46-4f41-835b-a13153cc970b-AppendLogResponseHandler: Request not found, ignoring reply: 8e060d03-41f1-4f58-b316-a26b8d90e5ab<-5e731f39-3a46-4f41-835b-a13153cc970b#1638:OK,SUCCESS,nextIndex:1572,term:3,followerCommit:1568
2019-09-25 19:44:15,080 [grpc-default-executor-7] WARN  server.GrpcLogAppender (GrpcLogAppender.java:onNextImpl(251)) - 8e060d03-41f1-4f58-b316-a26b8d90e5ab@group-08878B4311E5->a490dfbe-25f2-4254-a039-9640d44159eb-AppendLogResponseHandler: Request not found, ignoring reply: 8e060d03-41f1-4f58-b316-a26b8d90e5ab<-a490dfbe-25f2-4254-a039-9640d44159eb#1639:OK,SUCCESS,nextIndex:1572,term:3,followerCommit:1568
2019-09-25 19:44:15,080 [grpc-default-executor-0] WARN  server.GrpcLogAppender (GrpcLogAppender.java:onNextImpl(251)) - 8e060d03-41f1-4f58-b316-a26b8d90e5ab@group-08878B4311E5->5e731f39-3a46-4f41-835b-a13153cc970b-AppendLogResponseHandler: Request not found, ignoring reply: 8e060d03-41f1-4f58-b316-a26b8d90e5ab<-5e731f39-3a46-4f41-835b-a13153cc970b#1639:OK,SUCCESS,nextIndex:1572,term:3,followerCommit:1568
2019-09-25 19:44:15,080 [grpc-default-executor-7] WARN  server.GrpcLogAppender (GrpcLogAppender.java:onNextImpl(251)) - 8e060d03-41f1-4f58-b316-a26b8d90e5ab@group-08878B4311E5->a490dfbe-25f2-4254-a039-9640d44159eb-AppendLogResponseHandler: Request not found, ignoring reply: 8e060d03-41f1-4f58-b316-a26b8d90e5ab<-a490dfbe-25f2-4254-a039-9640d44159eb#1640:OK,SUCCESS,nextIndex:1572,term:3,followerCommit:1568
 0.00% |█                                                                                                    |  0/1 Time: 0:02:20 0.00% |█                                                                                                    |  0/1 Time: 0:02:21 0.00% |█                                                                                                    |  0/1 Time: 0:02:22 0.00% |█                                                                                                    |  0/1 Time: 0:02:23 0.00% |█                                                                                                    |  0/1 Time: 0:02:24 0.00% |█                                                                                                    |  0/1 Time: 0:02:25 0.00% |█                                                                                                    |  0/1 Time: 0:02:262019-09-25 19:44:22,204 [java.util.concurrent.ThreadPoolExecutor$Worker@2ccf428d[State = -1, empty queue]] WARN  server.GrpcLogAppender (GrpcLogAppender.java:timeoutAppendRequest(200)) - 8e060d03-41f1-4f58-b316-a26b8d90e5ab@group-08878B4311E5->5e731f39-3a46-4f41-835b-a13153cc970b-GrpcLogAppender: appendEntries Timeout, request=8e060d03-41f1-4f58-b316-a26b8d90e5ab->5e731f39-3a46-4f41-835b-a13153cc970b#1675-t3, previous=(t:3, i:1603), leaderCommit=1602, initializing? false, entries: size=1, first=(t:3, i:1604), METADATAENTRY(c1602)
2019-09-25 19:44:22,204 [java.util.concurrent.ThreadPoolExecutor$Worker@69110594[State = -1, empty queue]] WARN  server.GrpcLogAppender (GrpcLogAppender.java:timeoutAppendRequest(200)) - 8e060d03-41f1-4f58-b316-a26b8d90e5ab@group-08878B4311E5->a490dfbe-25f2-4254-a039-9640d44159eb-GrpcLogAppender: appendEntries Timeout, request=8e060d03-41f1-4f58-b316-a26b8d90e5ab->a490dfbe-25f2-4254-a039-9640d44159eb#1676-t3, previous=(t:3, i:1603), leaderCommit=1602, initializing? false, entries: size=1, first=(t:3, i:1604), METADATAENTRY(c1602)
2019-09-25 19:44:22,225 [java.util.concurrent.ThreadPoolExecutor$Worker@2ccf428d[State = -1, empty queue]] WARN  server.GrpcLogAppender (GrpcLogAppender.java:timeoutAppendRequest(200)) - 8e060d03-41f1-4f58-b316-a26b8d90e5ab@group-08878B4311E5->5e731f39-3a46-4f41-835b-a13153cc970b-GrpcLogAppender: appendEntries Timeout, request=8e060d03-41f1-4f58-b316-a26b8d90e5ab->5e731f39-3a46-4f41-835b-a13153cc970b#1676-t3, previous=(t:3, i:1604), leaderCommit=1603, initializing? false, entries: size=1, first=(t:3, i:1605), STATEMACHINELOGENTRY, client-A5D7BCAEC825, cid=1219
2019-09-25 19:44:22,225 [java.util.concurrent.ThreadPoolExecutor$Worker@69110594[State = -1, empty queue]] WARN  server.GrpcLogAppender (GrpcLogAppender.java:timeoutAppendRequest(200)) - 8e060d03-41f1-4f58-b316-a26b8d90e5ab@group-08878B4311E5->a490dfbe-25f2-4254-a039-9640d44159eb-GrpcLogAppender: appendEntries Timeout, request=8e060d03-41f1-4f58-b316-a26b8d90e5ab->a490dfbe-25f2-4254-a039-9640d44159eb#1677-t3, previous=(t:3, i:1604), leaderCommit=1603, initializing? false, entries: size=1, first=(t:3, i:1605), STATEMACHINELOGENTRY, client-A5D7BCAEC825, cid=1219
2019-09-25 19:44:22,225 [java.util.concurrent.ThreadPoolExecutor$Worker@2ccf428d[State = -1, empty queue]] WARN  server.GrpcLogAppender (GrpcLogAppender.java:timeoutAppendRequest(200)) - 8e060d03-41f1-4f58-b316-a26b8d90e5ab@group-08878B4311E5->5e731f39-3a46-4f41-835b-a13153cc970b-GrpcLogAppender: appendEntries Timeout, request=8e060d03-41f1-4f58-b316-a26b8d90e5ab->5e731f39-3a46-4f41-835b-a13153cc970b#1677-t3, previous=(t:3, i:1605), leaderCommit=1603, initializing? false, entries: size=1, first=(t:3, i:1606), STATEMACHINELOGENTRY, client-A5D7BCAEC825, cid=1220
2019-09-25 19:44:22,225 [java.util.concurrent.ThreadPoolExecutor$Worker@69110594[State = -1, empty queue]] WARN  server.GrpcLogAppender (GrpcLogAppender.java:timeoutAppendRequest(200)) - 8e060d03-41f1-4f58-b316-a26b8d90e5ab@group-08878B4311E5->a490dfbe-25f2-4254-a039-9640d44159eb-GrpcLogAppender: appendEntries Timeout, request=8e060d03-41f1-4f58-b316-a26b8d90e5ab->a490dfbe-25f2-4254-a039-9640d44159eb#1678-t3, previous=(t:3, i:1605), leaderCommit=1603, initializing? false, entries: size=1, first=(t:3, i:1606), STATEMACHINELOGENTRY, client-A5D7BCAEC825, cid=1220
2019-09-25 19:44:22,231 [java.util.concurrent.ThreadPoolExecutor$Worker@2ccf428d[State = -1, empty queue]] WARN  server.GrpcLogAppender (GrpcLogAppender.java:timeoutAppendRequest(200)) - 8e060d03-41f1-4f58-b316-a26b8d90e5ab@group-08878B4311E5->5e731f39-3a46-4f41-835b-a13153cc970b-GrpcLogAppender: appendEntries Timeout, request=8e060d03-41f1-4f58-b316-a26b8d90e5ab->5e731f39-3a46-4f41-835b-a13153cc970b#1678-t3, previous=(t:3, i:1606), leaderCommit=1603, initializing? false, entries: size=1, first=(t:3, i:1607), STATEMACHINELOGENTRY, client-A5D7BCAEC825, cid=1221
2019-09-25 19:44:22,231 [java.util.concurrent.ThreadPoolExecutor$Worker@69110594[State = -1, empty queue]] WARN  server.GrpcLogAppender (GrpcLogAppender.java:timeoutAppendRequest(200)) - 8e060d03-41f1-4f58-b316-a26b8d90e5ab@group-08878B4311E5->a490dfbe-25f2-4254-a039-9640d44159eb-GrpcLogAppender: appendEntries Timeout, request=8e060d03-41f1-4f58-b316-a26b8d90e5ab->a490dfbe-25f2-4254-a039-9640d44159eb#1679-t3, previous=(t:3, i:1606), leaderCommit=1603, initializing? false, entries: size=1, first=(t:3, i:1607), STATEMACHINELOGENTRY, client-A5D7BCAEC825, cid=1221
2019-09-25 19:44:22,231 [java.util.concurrent.ThreadPoolExecutor$Worker@2ccf428d[State = -1, empty queue]] WARN  server.GrpcLogAppender (GrpcLogAppender.java:timeoutAppendRequest(200)) - 8e060d03-41f1-4f58-b316-a26b8d90e5ab@group-08878B4311E5->5e731f39-3a46-4f41-835b-a13153cc970b-GrpcLogAppender: appendEntries Timeout, request=8e060d03-41f1-4f58-b316-a26b8d90e5ab->5e731f39-3a46-4f41-835b-a13153cc970b#1679-t3, previous=(t:3, i:1607), leaderCommit=1603, initializing? false, entries: size=1, first=(t:3, i:1608), STATEMACHINELOGENTRY, client-A5D7BCAEC825, cid=1222
2019-09-25 19:44:22,232 [java.util.concurrent.ThreadPoolExecutor$Worker@69110594[State = -1, empty queue]] WARN  server.GrpcLogAppender (GrpcLogAppender.java:timeoutAppendRequest(200)) - 8e060d03-41f1-4f58-b316-a26b8d90e5ab@group-08878B4311E5->a490dfbe-25f2-4254-a039-9640d44159eb-GrpcLogAppender: appendEntries Timeout, request=8e060d03-41f1-4f58-b316-a26b8d90e5ab->a490dfbe-25f2-4254-a039-9640d44159eb#1680-t3, previous=(t:3, i:1607), leaderCommit=1603, initializing? false, entries: size=1, first=(t:3, i:1608), STATEMACHINELOGENTRY, client-A5D7BCAEC825, cid=1222
 0.00% |█                                                                                                    |  0/1 Time: 0:02:272019-09-25 19:44:23,193 [grpc-default-executor-8] WARN  server.GrpcLogAppender (GrpcLogAppender.java:onNextImpl(251)) - 8e060d03-41f1-4f58-b316-a26b8d90e5ab@group-08878B4311E5->a490dfbe-25f2-4254-a039-9640d44159eb-AppendLogResponseHandler: Request not found, ignoring reply: 8e060d03-41f1-4f58-b316-a26b8d90e5ab<-a490dfbe-25f2-4254-a039-9640d44159eb#1676:OK,SUCCESS,nextIndex:1605,term:3,followerCommit:1603
2019-09-25 19:44:23,193 [grpc-default-executor-0] WARN  server.GrpcLogAppender (GrpcLogAppender.java:onNextImpl(251)) - 8e060d03-41f1-4f58-b316-a26b8d90e5ab@group-08878B4311E5->5e731f39-3a46-4f41-835b-a13153cc970b-AppendLogResponseHandler: Request not found, ignoring reply: 8e060d03-41f1-4f58-b316-a26b8d90e5ab<-5e731f39-3a46-4f41-835b-a13153cc970b#1675:OK,SUCCESS,nextIndex:1605,term:3,followerCommit:1603
 0.00% |█                                                                                                    |  0/1 Time: 0:02:28 0.00% |█                                                                                                    |  0/1 Time: 0:02:292019-09-25 19:44:24,731 [java.util.concurrent.ThreadPoolExecutor$Worker@69110594[State = -1, empty queue]] WARN  server.GrpcLogAppender (GrpcLogAppender.java:timeoutAppendRequest(200)) - 8e060d03-41f1-4f58-b316-a26b8d90e5ab@group-08878B4311E5->a490dfbe-25f2-4254-a039-9640d44159eb-GrpcLogAppender: appendEntries Timeout, request=8e060d03-41f1-4f58-b316-a26b8d90e5ab->a490dfbe-25f2-4254-a039-9640d44159eb#1681-t3, previous=(t:3, i:1608), leaderCommit=1603, initializing? false, entries: <empty>
2019-09-25 19:44:24,731 [java.util.concurrent.ThreadPoolExecutor$Worker@2ccf428d[State = -1, empty queue]] WARN  server.GrpcLogAppender (GrpcLogAppender.java:timeoutAppendRequest(200)) - 8e060d03-41f1-4f58-b316-a26b8d90e5ab@group-08878B4311E5->5e731f39-3a46-4f41-835b-a13153cc970b-GrpcLogAppender: appendEntries Timeout, request=8e060d03-41f1-4f58-b316-a26b8d90e5ab->5e731f39-3a46-4f41-835b-a13153cc970b#1680-t3, previous=(t:3, i:1608), leaderCommit=1603, initializing? false, entries: <empty>
 0.00% |█                                                                                                    |  0/1 Time: 0:02:30 0.00% |█                                                                                                    |  0/1 Time: 0:02:31 0.00% |█                                                                                                    |  0/1 Time: 0:02:322019-09-25 19:44:28,334 [grpc-default-executor-7] WARN  server.GrpcLogAppender (GrpcLogAppender.java:onNextImpl(251)) - 8e060d03-41f1-4f58-b316-a26b8d90e5ab@group-08878B4311E5->5e731f39-3a46-4f41-835b-a13153cc970b-AppendLogResponseHandler: Request not found, ignoring reply: 8e060d03-41f1-4f58-b316-a26b8d90e5ab<-5e731f39-3a46-4f41-835b-a13153cc970b#1676:OK,SUCCESS,nextIndex:1606,term:3,followerCommit:1603
2019-09-25 19:44:28,335 [grpc-default-executor-0] WARN  server.GrpcLogAppender (GrpcLogAppender.java:onNextImpl(251)) - 8e060d03-41f1-4f58-b316-a26b8d90e5ab@group-08878B4311E5->a490dfbe-25f2-4254-a039-9640d44159eb-AppendLogResponseHandler: Request not found, ignoring reply: 8e060d03-41f1-4f58-b316-a26b8d90e5ab<-a490dfbe-25f2-4254-a039-9640d44159eb#1677:OK,SUCCESS,nextIndex:1606,term:3,followerCommit:1603
2019-09-25 19:44:28,335 [grpc-default-executor-7] WARN  server.GrpcLogAppender (GrpcLogAppender.java:onNextImpl(251)) - 8e060d03-41f1-4f58-b316-a26b8d90e5ab@group-08878B4311E5->5e731f39-3a46-4f41-835b-a13153cc970b-AppendLogResponseHandler: Request not found, ignoring reply: 8e060d03-41f1-4f58-b316-a26b8d90e5ab<-5e731f39-3a46-4f41-835b-a13153cc970b#1677:OK,SUCCESS,nextIndex:1607,term:3,followerCommit:1603
2019-09-25 19:44:28,336 [grpc-default-executor-0] WARN  server.GrpcLogAppender (GrpcLogAppender.java:onNextImpl(251)) - 8e060d03-41f1-4f58-b316-a26b8d90e5ab@group-08878B4311E5->a490dfbe-25f2-4254-a039-9640d44159eb-AppendLogResponseHandler: Request not found, ignoring reply: 8e060d03-41f1-4f58-b316-a26b8d90e5ab<-a490dfbe-25f2-4254-a039-9640d44159eb#1678:OK,SUCCESS,nextIndex:1607,term:3,followerCommit:1603
2019-09-25 19:44:28,336 [grpc-default-executor-7] WARN  server.GrpcLogAppender (GrpcLogAppender.java:onNextImpl(251)) - 8e060d03-41f1-4f58-b316-a26b8d90e5ab@group-08878B4311E5->5e731f39-3a46-4f41-835b-a13153cc970b-AppendLogResponseHandler: Request not found, ignoring reply: 8e060d03-41f1-4f58-b316-a26b8d90e5ab<-5e731f39-3a46-4f41-835b-a13153cc970b#1678:OK,SUCCESS,nextIndex:1608,term:3,followerCommit:1603
2019-09-25 19:44:28,336 [grpc-default-executor-0] WARN  server.GrpcLogAppender (GrpcLogAppender.java:onNextImpl(251)) - 8e060d03-41f1-4f58-b316-a26b8d90e5ab@group-08878B4311E5->a490dfbe-25f2-4254-a039-9640d44159eb-AppendLogResponseHandler: Request not found, ignoring reply: 8e060d03-41f1-4f58-b316-a26b8d90e5ab<-a490dfbe-25f2-4254-a039-9640d44159eb#1679:OK,SUCCESS,nextIndex:1608,term:3,followerCommit:1603
2019-09-25 19:44:28,336 [grpc-default-executor-7] WARN  server.GrpcLogAppender (GrpcLogAppender.java:onNextImpl(251)) - 8e060d03-41f1-4f58-b316-a26b8d90e5ab@group-08878B4311E5->5e731f39-3a46-4f41-835b-a13153cc970b-AppendLogResponseHandler: Request not found, ignoring reply: 8e060d03-41f1-4f58-b316-a26b8d90e5ab<-5e731f39-3a46-4f41-835b-a13153cc970b#1679:OK,SUCCESS,nextIndex:1609,term:3,followerCommit:1603
2019-09-25 19:44:28,336 [grpc-default-executor-0] WARN  server.GrpcLogAppender (GrpcLogAppender.java:onNextImpl(251)) - 8e060d03-41f1-4f58-b316-a26b8d90e5ab@group-08878B4311E5->a490dfbe-25f2-4254-a039-9640d44159eb-AppendLogResponseHandler: Request not found, ignoring reply: 8e060d03-41f1-4f58-b316-a26b8d90e5ab<-a490dfbe-25f2-4254-a039-9640d44159eb#1680:OK,SUCCESS,nextIndex:1609,term:3,followerCommit:1603
2019-09-25 19:44:28,337 [grpc-default-executor-7] WARN  server.GrpcLogAppender (GrpcLogAppender.java:onNextImpl(251)) - 8e060d03-41f1-4f58-b316-a26b8d90e5ab@group-08878B4311E5->5e731f39-3a46-4f41-835b-a13153cc970b-AppendLogResponseHandler: Request not found, ignoring reply: 8e060d03-41f1-4f58-b316-a26b8d90e5ab<-5e731f39-3a46-4f41-835b-a13153cc970b#1680:OK,SUCCESS,nextIndex:1609,term:3,followerCommit:1603
2019-09-25 19:44:28,337 [grpc-default-executor-0] WARN  server.GrpcLogAppender (GrpcLogAppender.java:onNextImpl(251)) - 8e060d03-41f1-4f58-b316-a26b8d90e5ab@group-08878B4311E5->a490dfbe-25f2-4254-a039-9640d44159eb-AppendLogResponseHandler: Request not found, ignoring reply: 8e060d03-41f1-4f58-b316-a26b8d90e5ab<-a490dfbe-25f2-4254-a039-9640d44159eb#1681:OK,SUCCESS,nextIndex:1609,term:3,followerCommit:1603
 0.00% |█                                                                                                    |  0/1 Time: 0:02:33 0.00% |█                                                                                                    |  0/1 Time: 0:02:34 0.00% |█                                                                                                    |  0/1 Time: 0:02:352019-09-25 19:44:31,338 [java.util.concurrent.ThreadPoolExecutor$Worker@69110594[State = -1, empty queue]] WARN  server.GrpcLogAppender (GrpcLogAppender.java:timeoutAppendRequest(200)) - 8e060d03-41f1-4f58-b316-a26b8d90e5ab@group-08878B4311E5->a490dfbe-25f2-4254-a039-9640d44159eb-GrpcLogAppender: appendEntries Timeout, request=8e060d03-41f1-4f58-b316-a26b8d90e5ab->a490dfbe-25f2-4254-a039-9640d44159eb#1684-t3, previous=(t:3, i:1608), leaderCommit=1608, initializing? false, entries: size=1, first=(t:3, i:1609), METADATAENTRY(c1608)
2019-09-25 19:44:31,338 [java.util.concurrent.ThreadPoolExecutor$Worker@2ccf428d[State = -1, empty queue]] WARN  server.GrpcLogAppender (GrpcLogAppender.java:timeoutAppendRequest(200)) - 8e060d03-41f1-4f58-b316-a26b8d90e5ab@group-08878B4311E5->5e731f39-3a46-4f41-835b-a13153cc970b-GrpcLogAppender: appendEntries Timeout, request=8e060d03-41f1-4f58-b316-a26b8d90e5ab->5e731f39-3a46-4f41-835b-a13153cc970b#1683-t3, previous=(t:3, i:1608), leaderCommit=1608, initializing? false, entries: size=1, first=(t:3, i:1609), METADATAENTRY(c1608)
 0.00% |█                                                                                                    |  0/1 Time: 0:02:36 0.00% |█                                                                                                    |  0/1 Time: 0:02:37 0.00% |█                                                                                                    |  0/1 Time: 0:02:382019-09-25 19:44:33,442 [grpc-default-executor-8] WARN  server.GrpcLogAppender (GrpcLogAppender.java:onNextImpl(251)) - 8e060d03-41f1-4f58-b316-a26b8d90e5ab@group-08878B4311E5->a490dfbe-25f2-4254-a039-9640d44159eb-AppendLogResponseHandler: Request not found, ignoring reply: 8e060d03-41f1-4f58-b316-a26b8d90e5ab<-a490dfbe-25f2-4254-a039-9640d44159eb#1684:OK,SUCCESS,nextIndex:1610,term:3,followerCommit:1608
2019-09-25 19:44:33,471 [grpc-default-executor-8] WARN  server.GrpcLogAppender (GrpcLogAppender.java:onNextImpl(251)) - 8e060d03-41f1-4f58-b316-a26b8d90e5ab@group-08878B4311E5->5e731f39-3a46-4f41-835b-a13153cc970b-AppendLogResponseHandler: Request not found, ignoring reply: 8e060d03-41f1-4f58-b316-a26b8d90e5ab<-5e731f39-3a46-4f41-835b-a13153cc970b#1683:OK,SUCCESS,nextIndex:1610,term:3,followerCommit:1608
 0.00% |█                                                                                                    |  0/1 Time: 0:02:39 0.00% |█                                                                                                    |  0/1 Time: 0:02:40 0.00% |█                                                                                                    |  0/1 Time: 0:02:412019-09-25 19:44:36,493 [java.util.concurrent.ThreadPoolExecutor$Worker@69110594[State = -1, empty queue]] WARN  server.GrpcLogAppender (GrpcLogAppender.java:timeoutAppendRequest(200)) - 8e060d03-41f1-4f58-b316-a26b8d90e5ab@group-08878B4311E5->a490dfbe-25f2-4254-a039-9640d44159eb-GrpcLogAppender: appendEntries Timeout, request=8e060d03-41f1-4f58-b316-a26b8d90e5ab->a490dfbe-25f2-4254-a039-9640d44159eb#1687-t3, previous=(t:3, i:1609), leaderCommit=1609, initializing? false, entries: size=1, first=(t:3, i:1610), STATEMACHINELOGENTRY, client-A5D7BCAEC825, cid=1224
2019-09-25 19:44:36,494 [java.util.concurrent.ThreadPoolExecutor$Worker@69110594[State = -1, empty queue]] WARN  server.GrpcLogAppender (GrpcLogAppender.java:timeoutAppendRequest(200)) - 8e060d03-41f1-4f58-b316-a26b8d90e5ab@group-08878B4311E5->a490dfbe-25f2-4254-a039-9640d44159eb-GrpcLogAppender: appendEntries Timeout, request=8e060d03-41f1-4f58-b316-a26b8d90e5ab->a490dfbe-25f2-4254-a039-9640d44159eb#1688-t3, previous=(t:3, i:1610), leaderCommit=1609, initializing? false, entries: size=1, first=(t:3, i:1611), STATEMACHINELOGENTRY, client-A5D7BCAEC825, cid=1225
2019-09-25 19:44:36,494 [java.util.concurrent.ThreadPoolExecutor$Worker@2ccf428d[State = -1, empty queue]] WARN  server.GrpcLogAppender (GrpcLogAppender.java:timeoutAppendRequest(200)) - 8e060d03-41f1-4f58-b316-a26b8d90e5ab@group-08878B4311E5->5e731f39-3a46-4f41-835b-a13153cc970b-GrpcLogAppender: appendEntries Timeout, request=8e060d03-41f1-4f58-b316-a26b8d90e5ab->5e731f39-3a46-4f41-835b-a13153cc970b#1686-t3, previous=(t:3, i:1609), leaderCommit=1609, initializing? false, entries: size=1, first=(t:3, i:1610), STATEMACHINELOGENTRY, client-A5D7BCAEC825, cid=1224
2019-09-25 19:44:36,495 [java.util.concurrent.ThreadPoolExecutor$Worker@2ccf428d[State = -1, empty queue]] WARN  server.GrpcLogAppender (GrpcLogAppender.java:timeoutAppendRequest(200)) - 8e060d03-41f1-4f58-b316-a26b8d90e5ab@group-08878B4311E5->5e731f39-3a46-4f41-835b-a13153cc970b-GrpcLogAppender: appendEntries Timeout, request=8e060d03-41f1-4f58-b316-a26b8d90e5ab->5e731f39-3a46-4f41-835b-a13153cc970b#1687-t3, previous=(t:3, i:1610), leaderCommit=1609, initializing? false, entries: size=1, first=(t:3, i:1611), STATEMACHINELOGENTRY, client-A5D7BCAEC825, cid=1225
 0.00% |█                                                                                                    |  0/1 Time: 0:02:42 0.00% |█                                                                                                    |  0/1 Time: 0:02:432019-09-25 19:44:38,873 [grpc-default-executor-8] WARN  server.GrpcLogAppender (GrpcLogAppender.java:onNextImpl(251)) - 8e060d03-41f1-4f58-b316-a26b8d90e5ab@group-08878B4311E5->5e731f39-3a46-4f41-835b-a13153cc970b-AppendLogResponseHandler: Request not found, ignoring reply: 8e060d03-41f1-4f58-b316-a26b8d90e5ab<-5e731f39-3a46-4f41-835b-a13153cc970b#1686:OK,SUCCESS,nextIndex:1611,term:3,followerCommit:1609
2019-09-25 19:44:38,873 [grpc-default-executor-8] WARN  server.GrpcLogAppender (GrpcLogAppender.java:onNextImpl(251)) - 8e060d03-41f1-4f58-b316-a26b8d90e5ab@group-08878B4311E5->5e731f39-3a46-4f41-835b-a13153cc970b-AppendLogResponseHandler: Request not found, ignoring reply: 8e060d03-41f1-4f58-b316-a26b8d90e5ab<-5e731f39-3a46-4f41-835b-a13153cc970b#1687:OK,SUCCESS,nextIndex:1612,term:3,followerCommit:1609
2019-09-25 19:44:38,875 [grpc-default-executor-7] WARN  server.GrpcLogAppender (GrpcLogAppender.java:onNextImpl(251)) - 8e060d03-41f1-4f58-b316-a26b8d90e5ab@group-08878B4311E5->a490dfbe-25f2-4254-a039-9640d44159eb-AppendLogResponseHandler: Request not found, ignoring reply: 8e060d03-41f1-4f58-b316-a26b8d90e5ab<-a490dfbe-25f2-4254-a039-9640d44159eb#1687:OK,SUCCESS,nextIndex:1611,term:3,followerCommit:1609
2019-09-25 19:44:38,875 [grpc-default-executor-7] WARN  server.GrpcLogAppender (GrpcLogAppender.java:onNextImpl(251)) - 8e060d03-41f1-4f58-b316-a26b8d90e5ab@group-08878B4311E5->a490dfbe-25f2-4254-a039-9640d44159eb-AppendLogResponseHandler: Request not found, ignoring reply: 8e060d03-41f1-4f58-b316-a26b8d90e5ab<-a490dfbe-25f2-4254-a039-9640d44159eb#1688:OK,SUCCESS,nextIndex:1612,term:3,followerCommit:1609
 0.00% |█                                                                                                    |  0/1 Time: 0:02:44 0.00% |█                                                                                                    |  0/1 Time: 0:02:45 0.00% |█                                                                                                    |  0/1 Time: 0:02:462019-09-25 19:44:41,875 [java.util.concurrent.ThreadPoolExecutor$Worker@69110594[State = -1, empty queue]] WARN  server.GrpcLogAppender (GrpcLogAppender.java:timeoutAppendRequest(200)) - 8e060d03-41f1-4f58-b316-a26b8d90e5ab@group-08878B4311E5->a490dfbe-25f2-4254-a039-9640d44159eb-GrpcLogAppender: appendEntries Timeout, request=8e060d03-41f1-4f58-b316-a26b8d90e5ab->a490dfbe-25f2-4254-a039-9640d44159eb#1691-t3, previous=(t:3, i:1611), leaderCommit=1611, initializing? false, entries: size=1, first=(t:3, i:1612), METADATAENTRY(c1611)
2019-09-25 19:44:41,875 [java.util.concurrent.ThreadPoolExecutor$Worker@2ccf428d[State = -1, empty queue]] WARN  server.GrpcLogAppender (GrpcLogAppender.java:timeoutAppendRequest(200)) - 8e060d03-41f1-4f58-b316-a26b8d90e5ab@group-08878B4311E5->5e731f39-3a46-4f41-835b-a13153cc970b-GrpcLogAppender: appendEntries Timeout, request=8e060d03-41f1-4f58-b316-a26b8d90e5ab->5e731f39-3a46-4f41-835b-a13153cc970b#1690-t3, previous=(t:3, i:1611), leaderCommit=1611, initializing? false, entries: size=1, first=(t:3, i:1612), METADATAENTRY(c1611)
 0.00% |█                                                                                                    |  0/1 Time: 0:02:472019-09-25 19:44:42,387 [grpc-default-executor-7] WARN  server.GrpcLogAppender (GrpcLogAppender.java:onNextImpl(251)) - 8e060d03-41f1-4f58-b316-a26b8d90e5ab@group-08878B4311E5->5e731f39-3a46-4f41-835b-a13153cc970b-AppendLogResponseHandler: Request not found, ignoring reply: 8e060d03-41f1-4f58-b316-a26b8d90e5ab<-5e731f39-3a46-4f41-835b-a13153cc970b#1690:OK,SUCCESS,nextIndex:1613,term:3,followerCommit:1611
2019-09-25 19:44:42,387 [grpc-default-executor-8] WARN  server.GrpcLogAppender (GrpcLogAppender.java:onNextImpl(251)) - 8e060d03-41f1-4f58-b316-a26b8d90e5ab@group-08878B4311E5->a490dfbe-25f2-4254-a039-9640d44159eb-AppendLogResponseHandler: Request not found, ignoring reply: 8e060d03-41f1-4f58-b316-a26b8d90e5ab<-a490dfbe-25f2-4254-a039-9640d44159eb#1691:OK,SUCCESS,nextIndex:1613,term:3,followerCommit:1611
 0.00% |█                                                                                                    |  0/1 Time: 0:02:48 0.00% |█                                                                                                    |  0/1 Time: 0:02:49 0.00% |█                                                                                                    |  0/1 Time: 0:02:502019-09-25 19:44:45,604 [ReplicationMonitor] INFO  container.ReplicationManager (ReplicationManager.java:run(225)) - Replication Monitor Thread took 0 milliseconds for processing 3 containers.
 0.00% |█                                                                                                    |  0/1 Time: 0:02:51 0.00% |█                                                                                                    |  0/1 Time: 0:02:52 0.00% |█                                                                                                    |  0/1 Time: 0:02:53 0.00% |█                                                                                                    |  0/1 Time: 0:02:54 0.00% |█                                                                                                    |  0/1 Time: 0:02:55 0.00% |█                                                                                                    |  0/1 Time: 0:02:56 0.00% |█                                                                                                    |  0/1 Time: 0:02:57 0.00% |█                                                                                                    |  0/1 Time: 0:02:58 0.00% |█                                                                                                    |  0/1 Time: 0:02:59 0.00% |█                                                                                                    |  0/1 Time: 0:03:00 0.00% |█                                                                                                    |  0/1 Time: 0:03:01 0.00% |█                                                                                                    |  0/1 Time: 0:03:02 0.00% |█                                                                                                    |  0/1 Time: 0:03:03 0.00% |█                                                                                                    |  0/1 Time: 0:03:04 0.00% |█                                                                                                    |  0/1 Time: 0:03:05 0.00% |█                                                                                                    |  0/1 Time: 0:03:06 0.00% |█                                                                                                    |  0/1 Time: 0:03:07 0.00% |█                                                                                                    |  0/1 Time: 0:03:08 0.00% |█                                                                                                    |  0/1 Time: 0:03:09 0.00% |█                                                                                                    |  0/1 Time: 0:03:10 0.00% |█                                                                                                    |  0/1 Time: 0:03:11 0.00% |█                                                                                                    |  0/1 Time: 0:03:12 0.00% |█                                                                                                    |  0/1 Time: 0:03:132019-09-25 19:45:08,488 [IPC Server handler 2 on 38172] WARN  block.BlockManagerImpl (BlockManagerImpl.java:allocateBlock(192)) - Pipeline creation failed for type:RATIS factor:THREE. Retrying get pipelines call once.
org.apache.hadoop.hdds.scm.pipeline.InsufficientDatanodesException: Cannot create pipeline of factor 3 using 2 nodes.
	at org.apache.hadoop.hdds.scm.pipeline.RatisPipelineProvider.create(RatisPipelineProvider.java:153)
	at org.apache.hadoop.hdds.scm.pipeline.PipelineFactory.create(PipelineFactory.java:58)
	at org.apache.hadoop.hdds.scm.pipeline.SCMPipelineManager.createPipeline(SCMPipelineManager.java:155)
	at org.apache.hadoop.hdds.scm.block.BlockManagerImpl.allocateBlock(BlockManagerImpl.java:190)
	at org.apache.hadoop.hdds.scm.server.SCMBlockProtocolServer.allocateBlock(SCMBlockProtocolServer.java:182)
	at org.apache.hadoop.ozone.protocolPB.ScmBlockLocationProtocolServerSideTranslatorPB.allocateScmBlock(ScmBlockLocationProtocolServerSideTranslatorPB.java:183)
	at org.apache.hadoop.ozone.protocolPB.ScmBlockLocationProtocolServerSideTranslatorPB.processMessage(ScmBlockLocationProtocolServerSideTranslatorPB.java:141)
	at org.apache.hadoop.ozone.protocolPB.ScmBlockLocationProtocolServerSideTranslatorPB.send(ScmBlockLocationProtocolServerSideTranslatorPB.java:116)
	at org.apache.hadoop.hdds.protocol.proto.ScmBlockLocationProtocolProtos$ScmBlockLocationProtocolService$2.callBlockingMethod(ScmBlockLocationProtocolProtos.java:13157)
	at org.apache.hadoop.ipc.ProtobufRpcEngine$Server$ProtoBufRpcInvoker.call(ProtobufRpcEngine.java:524)
	at org.apache.hadoop.ipc.RPC$Server.call(RPC.java:1025)
	at org.apache.hadoop.ipc.Server$RpcCall.run(Server.java:876)
	at org.apache.hadoop.ipc.Server$RpcCall.run(Server.java:822)
	at java.security.AccessController.doPrivileged(Native Method)
	at javax.security.auth.Subject.doAs(Subject.java:422)
	at org.apache.hadoop.security.UserGroupInformation.doAs(UserGroupInformation.java:1730)
	at org.apache.hadoop.ipc.Server$Handler.run(Server.java:2682)
2019-09-25 19:45:08,490 [IPC Server handler 2 on 38172] INFO  block.BlockManagerImpl (BlockManagerImpl.java:allocateBlock(198)) - Could not find available pipeline of type:RATIS and factor:THREE even after retrying
2019-09-25 19:45:08,490 [IPC Server handler 2 on 38172] ERROR block.BlockManagerImpl (BlockManagerImpl.java:allocateBlock(222)) - Unable to allocate a block for the size: 4194304, type: RATIS, factor: THREE
2019-09-25 19:45:08,492 [pool-277-thread-1] ERROR io.BlockOutputStreamEntryPool (BlockOutputStreamEntryPool.java:allocateBlockIfNeeded(299)) - Try to allocate more blocks for write failed, already allocated 0 blocks for this write.
INTERNAL_ERROR org.apache.hadoop.ozone.om.exceptions.OMException: Allocated 0 blocks. Requested 1 blocks
	at org.apache.hadoop.ozone.om.protocolPB.OzoneManagerProtocolClientSideTranslatorPB.handleError(OzoneManagerProtocolClientSideTranslatorPB.java:732)
	at org.apache.hadoop.ozone.om.protocolPB.OzoneManagerProtocolClientSideTranslatorPB.allocateBlock(OzoneManagerProtocolClientSideTranslatorPB.java:764)
	at sun.reflect.NativeMethodAccessorImpl.invoke0(Native Method)
	at sun.reflect.NativeMethodAccessorImpl.invoke(NativeMethodAccessorImpl.java:62)
	at sun.reflect.DelegatingMethodAccessorImpl.invoke(DelegatingMethodAccessorImpl.java:43)
	at java.lang.reflect.Method.invoke(Method.java:498)
	at org.apache.hadoop.hdds.tracing.TraceAllMethod.invoke(TraceAllMethod.java:66)
	at com.sun.proxy.$Proxy37.allocateBlock(Unknown Source)
	at org.apache.hadoop.ozone.client.io.BlockOutputStreamEntryPool.allocateNewBlock(BlockOutputStreamEntryPool.java:248)
	at org.apache.hadoop.ozone.client.io.BlockOutputStreamEntryPool.allocateBlockIfNeeded(BlockOutputStreamEntryPool.java:296)
	at org.apache.hadoop.ozone.client.io.KeyOutputStream.handleWrite(KeyOutputStream.java:198)
	at org.apache.hadoop.ozone.client.io.KeyOutputStream.write(KeyOutputStream.java:190)
	at org.apache.hadoop.ozone.client.io.OzoneOutputStream.write(OzoneOutputStream.java:49)
	at org.apache.hadoop.ozone.freon.RandomKeyGenerator.createKey(RandomKeyGenerator.java:708)
	at org.apache.hadoop.ozone.freon.RandomKeyGenerator.access$1100(RandomKeyGenerator.java:88)
	at org.apache.hadoop.ozone.freon.RandomKeyGenerator$ObjectCreator.run(RandomKeyGenerator.java:615)
	at java.util.concurrent.Executors$RunnableAdapter.call(Executors.java:511)
	at java.util.concurrent.FutureTask.run(FutureTask.java:266)
	at java.util.concurrent.ThreadPoolExecutor.runWorker(ThreadPoolExecutor.java:1149)
	at java.util.concurrent.ThreadPoolExecutor$Worker.run(ThreadPoolExecutor.java:624)
	at java.lang.Thread.run(Thread.java:748)
2019-09-25 19:45:08,493 [pool-277-thread-1] ERROR freon.RandomKeyGenerator (RandomKeyGenerator.java:createKey(733)) - Exception while adding key: key-0-97678 in bucket: bucket-0-94585 of volume: vol-0-02998.
INTERNAL_ERROR org.apache.hadoop.ozone.om.exceptions.OMException: Allocated 0 blocks. Requested 1 blocks
	at org.apache.hadoop.ozone.om.protocolPB.OzoneManagerProtocolClientSideTranslatorPB.handleError(OzoneManagerProtocolClientSideTranslatorPB.java:732)
	at org.apache.hadoop.ozone.om.protocolPB.OzoneManagerProtocolClientSideTranslatorPB.allocateBlock(OzoneManagerProtocolClientSideTranslatorPB.java:764)
	at sun.reflect.NativeMethodAccessorImpl.invoke0(Native Method)
	at sun.reflect.NativeMethodAccessorImpl.invoke(NativeMethodAccessorImpl.java:62)
	at sun.reflect.DelegatingMethodAccessorImpl.invoke(DelegatingMethodAccessorImpl.java:43)
	at java.lang.reflect.Method.invoke(Method.java:498)
	at org.apache.hadoop.hdds.tracing.TraceAllMethod.invoke(TraceAllMethod.java:66)
	at com.sun.proxy.$Proxy37.allocateBlock(Unknown Source)
	at org.apache.hadoop.ozone.client.io.BlockOutputStreamEntryPool.allocateNewBlock(BlockOutputStreamEntryPool.java:248)
	at org.apache.hadoop.ozone.client.io.BlockOutputStreamEntryPool.allocateBlockIfNeeded(BlockOutputStreamEntryPool.java:296)
	at org.apache.hadoop.ozone.client.io.KeyOutputStream.handleWrite(KeyOutputStream.java:198)
	at org.apache.hadoop.ozone.client.io.KeyOutputStream.write(KeyOutputStream.java:190)
	at org.apache.hadoop.ozone.client.io.OzoneOutputStream.write(OzoneOutputStream.java:49)
	at org.apache.hadoop.ozone.freon.RandomKeyGenerator.createKey(RandomKeyGenerator.java:708)
	at org.apache.hadoop.ozone.freon.RandomKeyGenerator.access$1100(RandomKeyGenerator.java:88)
	at org.apache.hadoop.ozone.freon.RandomKeyGenerator$ObjectCreator.run(RandomKeyGenerator.java:615)
	at java.util.concurrent.Executors$RunnableAdapter.call(Executors.java:511)
	at java.util.concurrent.FutureTask.run(FutureTask.java:266)
	at java.util.concurrent.ThreadPoolExecutor.runWorker(ThreadPoolExecutor.java:1149)
	at java.util.concurrent.ThreadPoolExecutor$Worker.run(ThreadPoolExecutor.java:624)
	at java.lang.Thread.run(Thread.java:748)
 0.00% |█                                                                                                    |  0/1 Time: 0:03:14 100.00% |█████████████████████████████████████████████████████████████████████████████████████████████████████|  1/1 Time: 0:03:15
]]></system-out>
  </testcase>
  <testcase name="fileWithSizeZero" classname="org.apache.hadoop.ozone.freon.TestRandomKeyGenerator" time="5.081"/>
  <testcase name="multiThread" classname="org.apache.hadoop.ozone.freon.TestRandomKeyGenerator" time="5.02"/>
</testsuite>