<?xml version="1.0" encoding="UTF-8"?>
<testsuite xmlns:xsi="http://www.w3.org/2001/XMLSchema-instance" xsi:noNamespaceSchemaLocation="https://maven.apache.org/surefire/maven-surefire-plugin/xsd/surefire-test-report.xsd" name="org.apache.hadoop.ozone.client.rpc.TestBlockOutputStreamWithFailures" time="696.84" tests="8" errors="0" skipped="0" failures="1">
  <properties>
    <property name="awt.toolkit" value="sun.awt.X11.XToolkit"/>
    <property name="file.encoding.pkg" value="sun.io"/>
    <property name="java.specification.version" value="1.8"/>
    <property name="sun.cpu.isalist" value=""/>
    <property name="sun.jnu.encoding" value="UTF-8"/>
    <property name="java.class.path" value="/workdir/hadoop-ozone/integration-test/target/test-classes:/workdir/hadoop-ozone/integration-test/target/classes:/home/user/.m2/repository/org/apache/hadoop/hadoop-ozone-common/0.5.0-SNAPSHOT/hadoop-ozone-common-0.5.0-SNAPSHOT.jar:/home/user/.m2/repository/org/apache/commons/commons-compress/1.4.1/commons-compress-1.4.1.jar:/home/user/.m2/repository/org/tukaani/xz/1.0/xz-1.0.jar:/home/user/.m2/repository/org/apache/hadoop/hadoop-common/3.2.0/hadoop-common-3.2.0.jar:/home/user/.m2/repository/org/apache/hadoop/hadoop-hdfs/3.2.0/hadoop-hdfs-3.2.0.jar:/home/user/.m2/repository/org/apache/hadoop/hadoop-hdfs-client/3.2.0/hadoop-hdfs-client-3.2.0.jar:/home/user/.m2/repository/com/fasterxml/jackson/core/jackson-annotations/2.9.5/jackson-annotations-2.9.5.jar:/home/user/.m2/repository/org/apache/hadoop/hadoop-hdds-common/0.5.0-SNAPSHOT/hadoop-hdds-common-0.5.0-SNAPSHOT.jar:/home/user/.m2/repository/javax/annotation/javax.annotation-api/1.2/javax.annotation-api-1.2.jar:/home/user/.m2/repository/org/apache/ratis/ratis-server/0.4.0-2337318-SNAPSHOT/ratis-server-0.4.0-2337318-SNAPSHOT.jar:/home/user/.m2/repository/org/apache/ratis/ratis-thirdparty-misc/0.2.0/ratis-thirdparty-misc-0.2.0.jar:/home/user/.m2/repository/org/apache/ratis/ratis-proto/0.4.0-2337318-SNAPSHOT/ratis-proto-0.4.0-2337318-SNAPSHOT.jar:/home/user/.m2/repository/org/apache/ratis/ratis-common/0.4.0-2337318-SNAPSHOT/ratis-common-0.4.0-2337318-SNAPSHOT.jar:/home/user/.m2/repository/org/apache/ratis/ratis-client/0.4.0-2337318-SNAPSHOT/ratis-client-0.4.0-2337318-SNAPSHOT.jar:/home/user/.m2/repository/org/apache/ratis/ratis-metrics/0.4.0-2337318-SNAPSHOT/ratis-metrics-0.4.0-2337318-SNAPSHOT.jar:/home/user/.m2/repository/org/apache/ratis/ratis-netty/0.4.0-2337318-SNAPSHOT/ratis-netty-0.4.0-2337318-SNAPSHOT.jar:/home/user/.m2/repository/org/apache/ratis/ratis-grpc/0.4.0-2337318-SNAPSHOT/ratis-grpc-0.4.0-2337318-SNAPSHOT.jar:/home/user/.m2/repository/org/rocksdb/rocksdbjni/6.0.1/rocksdbjni-6.0.1.jar:/home/user/.m2/repository/org/apache/logging/log4j/log4j-api/2.11.0/log4j-api-2.11.0.jar:/home/user/.m2/repository/org/apache/logging/log4j/log4j-core/2.11.0/log4j-core-2.11.0.jar:/home/user/.m2/repository/com/lmax/disruptor/3.4.2/disruptor-3.4.2.jar:/home/user/.m2/repository/org/apache/commons/commons-pool2/2.6.0/commons-pool2-2.6.0.jar:/home/user/.m2/repository/org/bouncycastle/bcpkix-jdk15on/1.60/bcpkix-jdk15on-1.60.jar:/home/user/.m2/repository/commons-validator/commons-validator/1.6/commons-validator-1.6.jar:/home/user/.m2/repository/commons-digester/commons-digester/1.8.1/commons-digester-1.8.1.jar:/home/user/.m2/repository/io/jaegertracing/jaeger-client/0.33.1/jaeger-client-0.33.1.jar:/home/user/.m2/repository/io/jaegertracing/jaeger-thrift/0.33.1/jaeger-thrift-0.33.1.jar:/home/user/.m2/repository/org/apache/thrift/libthrift/0.11.0/libthrift-0.11.0.jar:/home/user/.m2/repository/com/squareup/okhttp3/okhttp/3.9.0/okhttp-3.9.0.jar:/home/user/.m2/repository/com/squareup/okio/okio/1.13.0/okio-1.13.0.jar:/home/user/.m2/repository/io/jaegertracing/jaeger-core/0.33.1/jaeger-core-0.33.1.jar:/home/user/.m2/repository/io/jaegertracing/jaeger-tracerresolver/0.33.1/jaeger-tracerresolver-0.33.1.jar:/home/user/.m2/repository/io/opentracing/contrib/opentracing-tracerresolver/0.1.5/opentracing-tracerresolver-0.1.5.jar:/home/user/.m2/repository/io/opentracing/opentracing-util/0.31.0/opentracing-util-0.31.0.jar:/home/user/.m2/repository/io/opentracing/opentracing-api/0.31.0/opentracing-api-0.31.0.jar:/home/user/.m2/repository/io/opentracing/opentracing-noop/0.31.0/opentracing-noop-0.31.0.jar:/home/user/.m2/repository/org/apache/hadoop/hadoop-hdds-server-framework/0.5.0-SNAPSHOT/hadoop-hdds-server-framework-0.5.0-SNAPSHOT.jar:/home/user/.m2/repository/org/apache/hadoop/hadoop-hdds-container-service/0.5.0-SNAPSHOT/hadoop-hdds-container-service-0.5.0-SNAPSHOT.jar:/home/user/.m2/repository/org/apache/hadoop/hadoop-hdds-client/0.5.0-SNAPSHOT/hadoop-hdds-client-0.5.0-SNAPSHOT.jar:/home/user/.m2/repository/org/apache/hadoop/hadoop-hdds-tools/0.5.0-SNAPSHOT/hadoop-hdds-tools-0.5.0-SNAPSHOT.jar:/home/user/.m2/repository/org/apache/hadoop/hadoop-hdds-server-scm/0.5.0-SNAPSHOT/hadoop-hdds-server-scm-0.5.0-SNAPSHOT.jar:/home/user/.m2/repository/org/apache/hadoop/hadoop-hdds-docs/0.5.0-SNAPSHOT/hadoop-hdds-docs-0.5.0-SNAPSHOT.jar:/home/user/.m2/repository/io/dropwizard/metrics/metrics-core/3.2.4/metrics-core-3.2.4.jar:/home/user/.m2/repository/org/hamcrest/hamcrest-all/1.3/hamcrest-all-1.3.jar:/home/user/.m2/repository/org/bouncycastle/bcprov-jdk15on/1.60/bcprov-jdk15on-1.60.jar:/home/user/.m2/repository/info/picocli/picocli/3.9.6/picocli-3.9.6.jar:/home/user/.m2/repository/com/google/protobuf/protobuf-java/2.5.0/protobuf-java-2.5.0.jar:/home/user/.m2/repository/com/google/guava/guava/11.0.2/guava-11.0.2.jar:/home/user/.m2/repository/org/apache/hadoop/hadoop-ozone-ozone-manager/0.5.0-SNAPSHOT/hadoop-ozone-ozone-manager-0.5.0-SNAPSHOT.jar:/home/user/.m2/repository/org/apache/hadoop/hadoop-minikdc/3.2.0/hadoop-minikdc-3.2.0.jar:/home/user/.m2/repository/commons-io/commons-io/2.5/commons-io-2.5.jar:/home/user/.m2/repository/org/apache/kerby/kerb-simplekdc/1.0.1/kerb-simplekdc-1.0.1.jar:/home/user/.m2/repository/org/apache/kerby/kerb-client/1.0.1/kerb-client-1.0.1.jar:/home/user/.m2/repository/org/apache/kerby/kerby-config/1.0.1/kerby-config-1.0.1.jar:/home/user/.m2/repository/org/apache/kerby/kerb-core/1.0.1/kerb-core-1.0.1.jar:/home/user/.m2/repository/org/apache/kerby/kerby-pkix/1.0.1/kerby-pkix-1.0.1.jar:/home/user/.m2/repository/org/apache/kerby/kerby-asn1/1.0.1/kerby-asn1-1.0.1.jar:/home/user/.m2/repository/org/apache/kerby/kerby-util/1.0.1/kerby-util-1.0.1.jar:/home/user/.m2/repository/org/apache/kerby/kerb-common/1.0.1/kerb-common-1.0.1.jar:/home/user/.m2/repository/org/apache/kerby/kerb-crypto/1.0.1/kerb-crypto-1.0.1.jar:/home/user/.m2/repository/org/apache/kerby/kerb-util/1.0.1/kerb-util-1.0.1.jar:/home/user/.m2/repository/org/apache/kerby/token-provider/1.0.1/token-provider-1.0.1.jar:/home/user/.m2/repository/org/apache/kerby/kerb-admin/1.0.1/kerb-admin-1.0.1.jar:/home/user/.m2/repository/org/apache/kerby/kerb-server/1.0.1/kerb-server-1.0.1.jar:/home/user/.m2/repository/org/apache/kerby/kerb-identity/1.0.1/kerb-identity-1.0.1.jar:/home/user/.m2/repository/org/apache/kerby/kerby-xdr/1.0.1/kerby-xdr-1.0.1.jar:/home/user/.m2/repository/org/slf4j/slf4j-log4j12/1.7.25/slf4j-log4j12-1.7.25.jar:/home/user/.m2/repository/org/apache/hadoop/hadoop-ozone-objectstore-service/0.5.0-SNAPSHOT/hadoop-ozone-objectstore-service-0.5.0-SNAPSHOT.jar:/home/user/.m2/repository/org/apache/hadoop/hadoop-ozone-s3gateway/0.5.0-SNAPSHOT/hadoop-ozone-s3gateway-0.5.0-SNAPSHOT.jar:/home/user/.m2/repository/org/jboss/weld/servlet/weld-servlet/2.4.7.Final/weld-servlet-2.4.7.Final.jar:/home/user/.m2/repository/org/glassfish/jersey/containers/jersey-container-servlet-core/2.27/jersey-container-servlet-core-2.27.jar:/home/user/.m2/repository/org/glassfish/hk2/external/javax.inject/2.5.0-b42/javax.inject-2.5.0-b42.jar:/home/user/.m2/repository/org/glassfish/jersey/core/jersey-common/2.27/jersey-common-2.27.jar:/home/user/.m2/repository/org/glassfish/hk2/osgi-resource-locator/1.0.1/osgi-resource-locator-1.0.1.jar:/home/user/.m2/repository/javax/ws/rs/javax.ws.rs-api/2.1/javax.ws.rs-api-2.1.jar:/home/user/.m2/repository/org/glassfish/jersey/ext/cdi/jersey-cdi1x/2.27/jersey-cdi1x-2.27.jar:/home/user/.m2/repository/org/glassfish/jersey/inject/jersey-hk2/2.27/jersey-hk2-2.27.jar:/home/user/.m2/repository/org/glassfish/hk2/hk2-locator/2.5.0-b42/hk2-locator-2.5.0-b42.jar:/home/user/.m2/repository/org/javassist/javassist/3.22.0-CR2/javassist-3.22.0-CR2.jar:/home/user/.m2/repository/org/glassfish/hk2/hk2-api/2.5.0/hk2-api-2.5.0.jar:/home/user/.m2/repository/org/glassfish/hk2/external/jakarta.inject/2.5.0/jakarta.inject-2.5.0.jar:/home/user/.m2/repository/org/glassfish/hk2/hk2-utils/2.5.0/hk2-utils-2.5.0.jar:/home/user/.m2/repository/jakarta/annotation/jakarta.annotation-api/1.3.4/jakarta.annotation-api-1.3.4.jar:/home/user/.m2/repository/org/glassfish/hk2/external/aopalliance-repackaged/2.5.0/aopalliance-repackaged-2.5.0.jar:/home/user/.m2/repository/com/fasterxml/jackson/dataformat/jackson-dataformat-xml/2.9.0/jackson-dataformat-xml-2.9.0.jar:/home/user/.m2/repository/com/fasterxml/jackson/core/jackson-core/2.9.5/jackson-core-2.9.5.jar:/home/user/.m2/repository/com/fasterxml/jackson/module/jackson-module-jaxb-annotations/2.9.5/jackson-module-jaxb-annotations-2.9.5.jar:/home/user/.m2/repository/javax/enterprise/cdi-api/1.2/cdi-api-1.2.jar:/home/user/.m2/repository/javax/el/javax.el-api/3.0.0/javax.el-api-3.0.0.jar:/home/user/.m2/repository/javax/interceptor/javax.interceptor-api/1.2/javax.interceptor-api-1.2.jar:/home/user/.m2/repository/javax/inject/javax.inject/1/javax.inject-1.jar:/home/user/.m2/repository/com/sun/xml/bind/jaxb-impl/2.3.0.1/jaxb-impl-2.3.0.1.jar:/home/user/.m2/repository/com/sun/xml/bind/jaxb-core/2.3.0.1/jaxb-core-2.3.0.1.jar:/home/user/.m2/repository/javax/xml/bind/jaxb-api/2.3.0/jaxb-api-2.3.0.jar:/home/user/.m2/repository/javax/activation/activation/1.1.1/activation-1.1.1.jar:/home/user/.m2/repository/org/apache/hadoop/hadoop-ozone-csi/0.5.0-SNAPSHOT/hadoop-ozone-csi-0.5.0-SNAPSHOT.jar:/home/user/.m2/repository/com/google/protobuf/protobuf-java-util/3.5.1/protobuf-java-util-3.5.1.jar:/home/user/.m2/repository/org/apache/hadoop/hadoop-hdds-config/0.5.0-SNAPSHOT/hadoop-hdds-config-0.5.0-SNAPSHOT.jar:/home/user/.m2/repository/io/grpc/grpc-netty/1.17.1/grpc-netty-1.17.1.jar:/home/user/.m2/repository/io/grpc/grpc-core/1.17.1/grpc-core-1.17.1.jar:/home/user/.m2/repository/io/grpc/grpc-context/1.17.1/grpc-context-1.17.1.jar:/home/user/.m2/repository/com/google/errorprone/error_prone_annotations/2.2.0/error_prone_annotations-2.2.0.jar:/home/user/.m2/repository/org/codehaus/mojo/animal-sniffer-annotations/1.17/animal-sniffer-annotations-1.17.jar:/home/user/.m2/repository/io/opencensus/opencensus-api/0.17.0/opencensus-api-0.17.0.jar:/home/user/.m2/repository/io/opencensus/opencensus-contrib-grpc-metrics/0.17.0/opencensus-contrib-grpc-metrics-0.17.0.jar:/home/user/.m2/repository/io/netty/netty-codec-http2/4.1.30.Final/netty-codec-http2-4.1.30.Final.jar:/home/user/.m2/repository/io/netty/netty-codec-http/4.1.30.Final/netty-codec-http-4.1.30.Final.jar:/home/user/.m2/repository/io/netty/netty-codec/4.1.30.Final/netty-codec-4.1.30.Final.jar:/home/user/.m2/repository/io/netty/netty-handler/4.1.30.Final/netty-handler-4.1.30.Final.jar:/home/user/.m2/repository/io/netty/netty-handler-proxy/4.1.30.Final/netty-handler-proxy-4.1.30.Final.jar:/home/user/.m2/repository/io/netty/netty-codec-socks/4.1.30.Final/netty-codec-socks-4.1.30.Final.jar:/home/user/.m2/repository/io/netty/netty-transport-native-epoll/4.1.30.Final/netty-transport-native-epoll-4.1.30.Final.jar:/home/user/.m2/repository/io/netty/netty-common/4.1.30.Final/netty-common-4.1.30.Final.jar:/home/user/.m2/repository/io/netty/netty-buffer/4.1.30.Final/netty-buffer-4.1.30.Final.jar:/home/user/.m2/repository/io/netty/netty-transport/4.1.30.Final/netty-transport-4.1.30.Final.jar:/home/user/.m2/repository/io/netty/netty-resolver/4.1.30.Final/netty-resolver-4.1.30.Final.jar:/home/user/.m2/repository/io/netty/netty-transport-native-unix-common/4.1.30.Final/netty-transport-native-unix-common-4.1.30.Final.jar:/home/user/.m2/repository/io/grpc/grpc-protobuf/1.17.1/grpc-protobuf-1.17.1.jar:/home/user/.m2/repository/com/google/api/grpc/proto-google-common-protos/1.0.0/proto-google-common-protos-1.0.0.jar:/home/user/.m2/repository/io/grpc/grpc-protobuf-lite/1.17.1/grpc-protobuf-lite-1.17.1.jar:/home/user/.m2/repository/io/grpc/grpc-stub/1.17.1/grpc-stub-1.17.1.jar:/home/user/.m2/repository/org/apache/hadoop/hadoop-ozone-recon/0.5.0-SNAPSHOT/hadoop-ozone-recon-0.5.0-SNAPSHOT.jar:/home/user/.m2/repository/org/apache/hadoop/hadoop-ozone-reconcodegen/0.5.0-SNAPSHOT/hadoop-ozone-reconcodegen-0.5.0-SNAPSHOT.jar:/home/user/.m2/repository/com/google/inject/extensions/guice-multibindings/4.0/guice-multibindings-4.0.jar:/home/user/.m2/repository/com/google/inject/guice/4.0/guice-4.0.jar:/home/user/.m2/repository/aopalliance/aopalliance/1.0/aopalliance-1.0.jar:/home/user/.m2/repository/com/google/inject/extensions/guice-servlet/4.0/guice-servlet-4.0.jar:/home/user/.m2/repository/org/glassfish/jersey/containers/jersey-container-servlet/2.27/jersey-container-servlet-2.27.jar:/home/user/.m2/repository/org/glassfish/hk2/guice-bridge/2.5.0/guice-bridge-2.5.0.jar:/home/user/.m2/repository/org/glassfish/jersey/core/jersey-server/2.27/jersey-server-2.27.jar:/home/user/.m2/repository/org/glassfish/jersey/core/jersey-client/2.27/jersey-client-2.27.jar:/home/user/.m2/repository/org/glassfish/jersey/media/jersey-media-jaxb/2.27/jersey-media-jaxb-2.27.jar:/home/user/.m2/repository/javax/validation/validation-api/1.1.0.Final/validation-api-1.1.0.Final.jar:/home/user/.m2/repository/org/glassfish/jersey/media/jersey-media-json-jackson/2.27/jersey-media-json-jackson-2.27.jar:/home/user/.m2/repository/org/glassfish/jersey/ext/jersey-entity-filtering/2.27/jersey-entity-filtering-2.27.jar:/home/user/.m2/repository/com/google/inject/extensions/guice-assistedinject/4.0/guice-assistedinject-4.0.jar:/home/user/.m2/repository/org/jooq/jooq/3.11.10/jooq-3.11.10.jar:/home/user/.m2/repository/org/jooq/jooq-meta/3.11.10/jooq-meta-3.11.10.jar:/home/user/.m2/repository/org/jooq/jooq-codegen/3.11.10/jooq-codegen-3.11.10.jar:/home/user/.m2/repository/com/jolbox/bonecp/0.8.0.RELEASE/bonecp-0.8.0.RELEASE.jar:/home/user/.m2/repository/org/xerial/sqlite-jdbc/3.25.2/sqlite-jdbc-3.25.2.jar:/home/user/.m2/repository/org/springframework/spring-jdbc/5.1.3.RELEASE/spring-jdbc-5.1.3.RELEASE.jar:/home/user/.m2/repository/org/springframework/spring-beans/5.1.3.RELEASE/spring-beans-5.1.3.RELEASE.jar:/home/user/.m2/repository/org/springframework/spring-core/5.1.3.RELEASE/spring-core-5.1.3.RELEASE.jar:/home/user/.m2/repository/org/springframework/spring-jcl/5.1.3.RELEASE/spring-jcl-5.1.3.RELEASE.jar:/home/user/.m2/repository/org/springframework/spring-tx/5.1.3.RELEASE/spring-tx-5.1.3.RELEASE.jar:/home/user/.m2/repository/org/apache/hadoop/hadoop-ozone-client/0.5.0-SNAPSHOT/hadoop-ozone-client-0.5.0-SNAPSHOT.jar:/home/user/.m2/repository/commons-lang/commons-lang/2.6/commons-lang-2.6.jar:/home/user/.m2/repository/org/apache/hadoop/hadoop-ozone-ozone-manager/0.5.0-SNAPSHOT/hadoop-ozone-ozone-manager-0.5.0-SNAPSHOT-tests.jar:/home/user/.m2/repository/junit/junit/4.11/junit-4.11.jar:/home/user/.m2/repository/org/hamcrest/hamcrest-core/1.3/hamcrest-core-1.3.jar:/home/user/.m2/repository/org/openjdk/jmh/jmh-core/1.19/jmh-core-1.19.jar:/home/user/.m2/repository/net/sf/jopt-simple/jopt-simple/4.6/jopt-simple-4.6.jar:/home/user/.m2/repository/org/apache/commons/commons-math3/3.1.1/commons-math3-3.1.1.jar:/home/user/.m2/repository/org/openjdk/jmh/jmh-generator-annprocess/1.19/jmh-generator-annprocess-1.19.jar:/home/user/.m2/repository/org/mockito/mockito-all/1.8.5/mockito-all-1.8.5.jar:/home/user/.m2/repository/org/apache/hadoop/hadoop-kms/3.2.0/hadoop-kms-3.2.0.jar:/home/user/.m2/repository/org/apache/hadoop/hadoop-auth/3.2.0/hadoop-auth-3.2.0.jar:/home/user/.m2/repository/com/nimbusds/nimbus-jose-jwt/4.41.1/nimbus-jose-jwt-4.41.1.jar:/home/user/.m2/repository/com/github/stephenc/jcip/jcip-annotations/1.0-1/jcip-annotations-1.0-1.jar:/home/user/.m2/repository/net/minidev/json-smart/2.3/json-smart-2.3.jar:/home/user/.m2/repository/net/minidev/accessors-smart/1.2/accessors-smart-1.2.jar:/home/user/.m2/repository/org/ow2/asm/asm/5.0.4/asm-5.0.4.jar:/home/user/.m2/repository/org/apache/curator/curator-framework/2.12.0/curator-framework-2.12.0.jar:/home/user/.m2/repository/com/sun/jersey/jersey-core/1.19/jersey-core-1.19.jar:/home/user/.m2/repository/javax/ws/rs/jsr311-api/1.1.1/jsr311-api-1.1.1.jar:/home/user/.m2/repository/com/sun/jersey/jersey-server/1.19/jersey-server-1.19.jar:/home/user/.m2/repository/javax/servlet/javax.servlet-api/3.1.0/javax.servlet-api-3.1.0.jar:/home/user/.m2/repository/org/eclipse/jetty/jetty-server/9.3.24.v20180605/jetty-server-9.3.24.v20180605.jar:/home/user/.m2/repository/org/eclipse/jetty/jetty-http/9.3.24.v20180605/jetty-http-9.3.24.v20180605.jar:/home/user/.m2/repository/org/eclipse/jetty/jetty-io/9.3.24.v20180605/jetty-io-9.3.24.v20180605.jar:/home/user/.m2/repository/org/eclipse/jetty/jetty-webapp/9.3.24.v20180605/jetty-webapp-9.3.24.v20180605.jar:/home/user/.m2/repository/org/eclipse/jetty/jetty-xml/9.3.24.v20180605/jetty-xml-9.3.24.v20180605.jar:/home/user/.m2/repository/log4j/log4j/1.2.17/log4j-1.2.17.jar:/home/user/.m2/repository/org/slf4j/slf4j-api/1.7.25/slf4j-api-1.7.25.jar:/home/user/.m2/repository/org/slf4j/jul-to-slf4j/1.7.25/jul-to-slf4j-1.7.25.jar:/home/user/.m2/repository/org/eclipse/jetty/jetty-util/9.3.24.v20180605/jetty-util-9.3.24.v20180605.jar:/home/user/.m2/repository/com/fasterxml/jackson/core/jackson-databind/2.9.5/jackson-databind-2.9.5.jar:/home/user/.m2/repository/org/apache/hadoop/hadoop-kms/3.2.0/hadoop-kms-3.2.0-tests.jar:/home/user/.m2/repository/org/apache/hadoop/hadoop-hdds-server-scm/0.5.0-SNAPSHOT/hadoop-hdds-server-scm-0.5.0-SNAPSHOT-tests.jar:/home/user/.m2/repository/org/apache/hadoop/hadoop-hdds-container-service/0.5.0-SNAPSHOT/hadoop-hdds-container-service-0.5.0-SNAPSHOT-tests.jar:/home/user/.m2/repository/org/yaml/snakeyaml/1.16/snakeyaml-1.16.jar:/home/user/.m2/repository/org/apache/hadoop/hadoop-common/3.2.0/hadoop-common-3.2.0-tests.jar:/home/user/.m2/repository/org/apache/hadoop/hadoop-annotations/3.2.0/hadoop-annotations-3.2.0.jar:/usr/lib/jvm/java-1.8-openjdk/jre/../lib/tools.jar:/home/user/.m2/repository/commons-cli/commons-cli/1.2/commons-cli-1.2.jar:/home/user/.m2/repository/org/apache/httpcomponents/httpclient/4.5.2/httpclient-4.5.2.jar:/home/user/.m2/repository/org/apache/httpcomponents/httpcore/4.4.4/httpcore-4.4.4.jar:/home/user/.m2/repository/commons-codec/commons-codec/1.11/commons-codec-1.11.jar:/home/user/.m2/repository/commons-net/commons-net/3.6/commons-net-3.6.jar:/home/user/.m2/repository/commons-collections/commons-collections/3.2.2/commons-collections-3.2.2.jar:/home/user/.m2/repository/org/eclipse/jetty/jetty-servlet/9.3.24.v20180605/jetty-servlet-9.3.24.v20180605.jar:/home/user/.m2/repository/org/eclipse/jetty/jetty-security/9.3.24.v20180605/jetty-security-9.3.24.v20180605.jar:/home/user/.m2/repository/javax/servlet/jsp/jsp-api/2.1/jsp-api-2.1.jar:/home/user/.m2/repository/com/sun/jersey/jersey-servlet/1.19/jersey-servlet-1.19.jar:/home/user/.m2/repository/com/sun/jersey/jersey-json/1.19/jersey-json-1.19.jar:/home/user/.m2/repository/org/codehaus/jettison/jettison/1.1/jettison-1.1.jar:/home/user/.m2/repository/org/codehaus/jackson/jackson-core-asl/1.9.13/jackson-core-asl-1.9.13.jar:/home/user/.m2/repository/org/codehaus/jackson/jackson-mapper-asl/1.9.13/jackson-mapper-asl-1.9.13.jar:/home/user/.m2/repository/org/codehaus/jackson/jackson-jaxrs/1.9.13/jackson-jaxrs-1.9.13.jar:/home/user/.m2/repository/org/codehaus/jackson/jackson-xc/1.9.13/jackson-xc-1.9.13.jar:/home/user/.m2/repository/commons-logging/commons-logging/1.1.3/commons-logging-1.1.3.jar:/home/user/.m2/repository/commons-beanutils/commons-beanutils/1.9.3/commons-beanutils-1.9.3.jar:/home/user/.m2/repository/org/apache/commons/commons-configuration2/2.1.1/commons-configuration2-2.1.1.jar:/home/user/.m2/repository/org/apache/commons/commons-lang3/3.7/commons-lang3-3.7.jar:/home/user/.m2/repository/org/apache/commons/commons-text/1.4/commons-text-1.4.jar:/home/user/.m2/repository/org/apache/avro/avro/1.7.7/avro-1.7.7.jar:/home/user/.m2/repository/com/thoughtworks/paranamer/paranamer/2.3/paranamer-2.3.jar:/home/user/.m2/repository/org/xerial/snappy/snappy-java/1.0.5/snappy-java-1.0.5.jar:/home/user/.m2/repository/com/google/re2j/re2j/1.1/re2j-1.1.jar:/home/user/.m2/repository/com/google/code/gson/gson/2.2.4/gson-2.2.4.jar:/home/user/.m2/repository/com/jcraft/jsch/0.1.54/jsch-0.1.54.jar:/home/user/.m2/repository/org/apache/curator/curator-client/2.12.0/curator-client-2.12.0.jar:/home/user/.m2/repository/org/apache/curator/curator-recipes/2.12.0/curator-recipes-2.12.0.jar:/home/user/.m2/repository/com/google/code/findbugs/jsr305/3.0.0/jsr305-3.0.0.jar:/home/user/.m2/repository/org/apache/htrace/htrace-core4/4.1.0-incubating/htrace-core4-4.1.0-incubating.jar:/home/user/.m2/repository/org/apache/zookeeper/zookeeper/3.4.13/zookeeper-3.4.13.jar:/home/user/.m2/repository/org/apache/yetus/audience-annotations/0.5.0/audience-annotations-0.5.0.jar:/home/user/.m2/repository/org/codehaus/woodstox/stax2-api/3.1.4/stax2-api-3.1.4.jar:/home/user/.m2/repository/com/fasterxml/woodstox/woodstox-core/5.0.3/woodstox-core-5.0.3.jar:/home/user/.m2/repository/dnsjava/dnsjava/2.1.7/dnsjava-2.1.7.jar:/home/user/.m2/repository/org/apache/hadoop/hadoop-hdfs/3.2.0/hadoop-hdfs-3.2.0-tests.jar:/home/user/.m2/repository/org/eclipse/jetty/jetty-util-ajax/9.3.24.v20180605/jetty-util-ajax-9.3.24.v20180605.jar:/home/user/.m2/repository/commons-daemon/commons-daemon/1.0.13/commons-daemon-1.0.13.jar:/home/user/.m2/repository/io/netty/netty/3.10.5.Final/netty-3.10.5.Final.jar:/home/user/.m2/repository/io/netty/netty-all/4.0.52.Final/netty-all-4.0.52.Final.jar:/home/user/.m2/repository/org/fusesource/leveldbjni/leveldbjni-all/1.8/leveldbjni-all-1.8.jar:"/>
    <property name="java.vm.vendor" value="IcedTea"/>
    <property name="sun.arch.data.model" value="64"/>
    <property name="test.build.dir" value="/workdir/hadoop-ozone/integration-test/target/test-dir"/>
    <property name="test.cache.data" value=""/>
    <property name="java.vendor.url" value="https://icedtea.classpath.org"/>
    <property name="user.timezone" value=""/>
    <property name="java.vm.specification.version" value="1.8"/>
    <property name="os.name" value="Linux"/>
    <property name="test.build.data" value="/workdir/hadoop-ozone/integration-test/target/test-dir"/>
    <property name="user.country" value="US"/>
    <property name="sun.java.launcher" value="SUN_STANDARD"/>
    <property name="sun.boot.library.path" value="/usr/lib/jvm/java-1.8-openjdk/jre/lib/amd64"/>
    <property name="sun.java.command" value="/workdir/hadoop-ozone/integration-test/target/surefire/surefirebooter7086645467377151914.jar /workdir/hadoop-ozone/integration-test/target/surefire 2019-08-20T18-29-11_220-jvmRun1 surefire8062920193461078553tmp surefire_208551502313567018098tmp"/>
    <property name="test" value="!TestMiniChaosOzoneCluster"/>
    <property name="surefire.test.class.path" value="/workdir/hadoop-ozone/integration-test/target/test-classes:/workdir/hadoop-ozone/integration-test/target/classes:/home/user/.m2/repository/org/apache/hadoop/hadoop-ozone-common/0.5.0-SNAPSHOT/hadoop-ozone-common-0.5.0-SNAPSHOT.jar:/home/user/.m2/repository/org/apache/commons/commons-compress/1.4.1/commons-compress-1.4.1.jar:/home/user/.m2/repository/org/tukaani/xz/1.0/xz-1.0.jar:/home/user/.m2/repository/org/apache/hadoop/hadoop-common/3.2.0/hadoop-common-3.2.0.jar:/home/user/.m2/repository/org/apache/hadoop/hadoop-hdfs/3.2.0/hadoop-hdfs-3.2.0.jar:/home/user/.m2/repository/org/apache/hadoop/hadoop-hdfs-client/3.2.0/hadoop-hdfs-client-3.2.0.jar:/home/user/.m2/repository/com/fasterxml/jackson/core/jackson-annotations/2.9.5/jackson-annotations-2.9.5.jar:/home/user/.m2/repository/org/apache/hadoop/hadoop-hdds-common/0.5.0-SNAPSHOT/hadoop-hdds-common-0.5.0-SNAPSHOT.jar:/home/user/.m2/repository/javax/annotation/javax.annotation-api/1.2/javax.annotation-api-1.2.jar:/home/user/.m2/repository/org/apache/ratis/ratis-server/0.4.0-2337318-SNAPSHOT/ratis-server-0.4.0-2337318-SNAPSHOT.jar:/home/user/.m2/repository/org/apache/ratis/ratis-thirdparty-misc/0.2.0/ratis-thirdparty-misc-0.2.0.jar:/home/user/.m2/repository/org/apache/ratis/ratis-proto/0.4.0-2337318-SNAPSHOT/ratis-proto-0.4.0-2337318-SNAPSHOT.jar:/home/user/.m2/repository/org/apache/ratis/ratis-common/0.4.0-2337318-SNAPSHOT/ratis-common-0.4.0-2337318-SNAPSHOT.jar:/home/user/.m2/repository/org/apache/ratis/ratis-client/0.4.0-2337318-SNAPSHOT/ratis-client-0.4.0-2337318-SNAPSHOT.jar:/home/user/.m2/repository/org/apache/ratis/ratis-metrics/0.4.0-2337318-SNAPSHOT/ratis-metrics-0.4.0-2337318-SNAPSHOT.jar:/home/user/.m2/repository/org/apache/ratis/ratis-netty/0.4.0-2337318-SNAPSHOT/ratis-netty-0.4.0-2337318-SNAPSHOT.jar:/home/user/.m2/repository/org/apache/ratis/ratis-grpc/0.4.0-2337318-SNAPSHOT/ratis-grpc-0.4.0-2337318-SNAPSHOT.jar:/home/user/.m2/repository/org/rocksdb/rocksdbjni/6.0.1/rocksdbjni-6.0.1.jar:/home/user/.m2/repository/org/apache/logging/log4j/log4j-api/2.11.0/log4j-api-2.11.0.jar:/home/user/.m2/repository/org/apache/logging/log4j/log4j-core/2.11.0/log4j-core-2.11.0.jar:/home/user/.m2/repository/com/lmax/disruptor/3.4.2/disruptor-3.4.2.jar:/home/user/.m2/repository/org/apache/commons/commons-pool2/2.6.0/commons-pool2-2.6.0.jar:/home/user/.m2/repository/org/bouncycastle/bcpkix-jdk15on/1.60/bcpkix-jdk15on-1.60.jar:/home/user/.m2/repository/commons-validator/commons-validator/1.6/commons-validator-1.6.jar:/home/user/.m2/repository/commons-digester/commons-digester/1.8.1/commons-digester-1.8.1.jar:/home/user/.m2/repository/io/jaegertracing/jaeger-client/0.33.1/jaeger-client-0.33.1.jar:/home/user/.m2/repository/io/jaegertracing/jaeger-thrift/0.33.1/jaeger-thrift-0.33.1.jar:/home/user/.m2/repository/org/apache/thrift/libthrift/0.11.0/libthrift-0.11.0.jar:/home/user/.m2/repository/com/squareup/okhttp3/okhttp/3.9.0/okhttp-3.9.0.jar:/home/user/.m2/repository/com/squareup/okio/okio/1.13.0/okio-1.13.0.jar:/home/user/.m2/repository/io/jaegertracing/jaeger-core/0.33.1/jaeger-core-0.33.1.jar:/home/user/.m2/repository/io/jaegertracing/jaeger-tracerresolver/0.33.1/jaeger-tracerresolver-0.33.1.jar:/home/user/.m2/repository/io/opentracing/contrib/opentracing-tracerresolver/0.1.5/opentracing-tracerresolver-0.1.5.jar:/home/user/.m2/repository/io/opentracing/opentracing-util/0.31.0/opentracing-util-0.31.0.jar:/home/user/.m2/repository/io/opentracing/opentracing-api/0.31.0/opentracing-api-0.31.0.jar:/home/user/.m2/repository/io/opentracing/opentracing-noop/0.31.0/opentracing-noop-0.31.0.jar:/home/user/.m2/repository/org/apache/hadoop/hadoop-hdds-server-framework/0.5.0-SNAPSHOT/hadoop-hdds-server-framework-0.5.0-SNAPSHOT.jar:/home/user/.m2/repository/org/apache/hadoop/hadoop-hdds-container-service/0.5.0-SNAPSHOT/hadoop-hdds-container-service-0.5.0-SNAPSHOT.jar:/home/user/.m2/repository/org/apache/hadoop/hadoop-hdds-client/0.5.0-SNAPSHOT/hadoop-hdds-client-0.5.0-SNAPSHOT.jar:/home/user/.m2/repository/org/apache/hadoop/hadoop-hdds-tools/0.5.0-SNAPSHOT/hadoop-hdds-tools-0.5.0-SNAPSHOT.jar:/home/user/.m2/repository/org/apache/hadoop/hadoop-hdds-server-scm/0.5.0-SNAPSHOT/hadoop-hdds-server-scm-0.5.0-SNAPSHOT.jar:/home/user/.m2/repository/org/apache/hadoop/hadoop-hdds-docs/0.5.0-SNAPSHOT/hadoop-hdds-docs-0.5.0-SNAPSHOT.jar:/home/user/.m2/repository/io/dropwizard/metrics/metrics-core/3.2.4/metrics-core-3.2.4.jar:/home/user/.m2/repository/org/hamcrest/hamcrest-all/1.3/hamcrest-all-1.3.jar:/home/user/.m2/repository/org/bouncycastle/bcprov-jdk15on/1.60/bcprov-jdk15on-1.60.jar:/home/user/.m2/repository/info/picocli/picocli/3.9.6/picocli-3.9.6.jar:/home/user/.m2/repository/com/google/protobuf/protobuf-java/2.5.0/protobuf-java-2.5.0.jar:/home/user/.m2/repository/com/google/guava/guava/11.0.2/guava-11.0.2.jar:/home/user/.m2/repository/org/apache/hadoop/hadoop-ozone-ozone-manager/0.5.0-SNAPSHOT/hadoop-ozone-ozone-manager-0.5.0-SNAPSHOT.jar:/home/user/.m2/repository/org/apache/hadoop/hadoop-minikdc/3.2.0/hadoop-minikdc-3.2.0.jar:/home/user/.m2/repository/commons-io/commons-io/2.5/commons-io-2.5.jar:/home/user/.m2/repository/org/apache/kerby/kerb-simplekdc/1.0.1/kerb-simplekdc-1.0.1.jar:/home/user/.m2/repository/org/apache/kerby/kerb-client/1.0.1/kerb-client-1.0.1.jar:/home/user/.m2/repository/org/apache/kerby/kerby-config/1.0.1/kerby-config-1.0.1.jar:/home/user/.m2/repository/org/apache/kerby/kerb-core/1.0.1/kerb-core-1.0.1.jar:/home/user/.m2/repository/org/apache/kerby/kerby-pkix/1.0.1/kerby-pkix-1.0.1.jar:/home/user/.m2/repository/org/apache/kerby/kerby-asn1/1.0.1/kerby-asn1-1.0.1.jar:/home/user/.m2/repository/org/apache/kerby/kerby-util/1.0.1/kerby-util-1.0.1.jar:/home/user/.m2/repository/org/apache/kerby/kerb-common/1.0.1/kerb-common-1.0.1.jar:/home/user/.m2/repository/org/apache/kerby/kerb-crypto/1.0.1/kerb-crypto-1.0.1.jar:/home/user/.m2/repository/org/apache/kerby/kerb-util/1.0.1/kerb-util-1.0.1.jar:/home/user/.m2/repository/org/apache/kerby/token-provider/1.0.1/token-provider-1.0.1.jar:/home/user/.m2/repository/org/apache/kerby/kerb-admin/1.0.1/kerb-admin-1.0.1.jar:/home/user/.m2/repository/org/apache/kerby/kerb-server/1.0.1/kerb-server-1.0.1.jar:/home/user/.m2/repository/org/apache/kerby/kerb-identity/1.0.1/kerb-identity-1.0.1.jar:/home/user/.m2/repository/org/apache/kerby/kerby-xdr/1.0.1/kerby-xdr-1.0.1.jar:/home/user/.m2/repository/org/slf4j/slf4j-log4j12/1.7.25/slf4j-log4j12-1.7.25.jar:/home/user/.m2/repository/org/apache/hadoop/hadoop-ozone-objectstore-service/0.5.0-SNAPSHOT/hadoop-ozone-objectstore-service-0.5.0-SNAPSHOT.jar:/home/user/.m2/repository/org/apache/hadoop/hadoop-ozone-s3gateway/0.5.0-SNAPSHOT/hadoop-ozone-s3gateway-0.5.0-SNAPSHOT.jar:/home/user/.m2/repository/org/jboss/weld/servlet/weld-servlet/2.4.7.Final/weld-servlet-2.4.7.Final.jar:/home/user/.m2/repository/org/glassfish/jersey/containers/jersey-container-servlet-core/2.27/jersey-container-servlet-core-2.27.jar:/home/user/.m2/repository/org/glassfish/hk2/external/javax.inject/2.5.0-b42/javax.inject-2.5.0-b42.jar:/home/user/.m2/repository/org/glassfish/jersey/core/jersey-common/2.27/jersey-common-2.27.jar:/home/user/.m2/repository/org/glassfish/hk2/osgi-resource-locator/1.0.1/osgi-resource-locator-1.0.1.jar:/home/user/.m2/repository/javax/ws/rs/javax.ws.rs-api/2.1/javax.ws.rs-api-2.1.jar:/home/user/.m2/repository/org/glassfish/jersey/ext/cdi/jersey-cdi1x/2.27/jersey-cdi1x-2.27.jar:/home/user/.m2/repository/org/glassfish/jersey/inject/jersey-hk2/2.27/jersey-hk2-2.27.jar:/home/user/.m2/repository/org/glassfish/hk2/hk2-locator/2.5.0-b42/hk2-locator-2.5.0-b42.jar:/home/user/.m2/repository/org/javassist/javassist/3.22.0-CR2/javassist-3.22.0-CR2.jar:/home/user/.m2/repository/org/glassfish/hk2/hk2-api/2.5.0/hk2-api-2.5.0.jar:/home/user/.m2/repository/org/glassfish/hk2/external/jakarta.inject/2.5.0/jakarta.inject-2.5.0.jar:/home/user/.m2/repository/org/glassfish/hk2/hk2-utils/2.5.0/hk2-utils-2.5.0.jar:/home/user/.m2/repository/jakarta/annotation/jakarta.annotation-api/1.3.4/jakarta.annotation-api-1.3.4.jar:/home/user/.m2/repository/org/glassfish/hk2/external/aopalliance-repackaged/2.5.0/aopalliance-repackaged-2.5.0.jar:/home/user/.m2/repository/com/fasterxml/jackson/dataformat/jackson-dataformat-xml/2.9.0/jackson-dataformat-xml-2.9.0.jar:/home/user/.m2/repository/com/fasterxml/jackson/core/jackson-core/2.9.5/jackson-core-2.9.5.jar:/home/user/.m2/repository/com/fasterxml/jackson/module/jackson-module-jaxb-annotations/2.9.5/jackson-module-jaxb-annotations-2.9.5.jar:/home/user/.m2/repository/javax/enterprise/cdi-api/1.2/cdi-api-1.2.jar:/home/user/.m2/repository/javax/el/javax.el-api/3.0.0/javax.el-api-3.0.0.jar:/home/user/.m2/repository/javax/interceptor/javax.interceptor-api/1.2/javax.interceptor-api-1.2.jar:/home/user/.m2/repository/javax/inject/javax.inject/1/javax.inject-1.jar:/home/user/.m2/repository/com/sun/xml/bind/jaxb-impl/2.3.0.1/jaxb-impl-2.3.0.1.jar:/home/user/.m2/repository/com/sun/xml/bind/jaxb-core/2.3.0.1/jaxb-core-2.3.0.1.jar:/home/user/.m2/repository/javax/xml/bind/jaxb-api/2.3.0/jaxb-api-2.3.0.jar:/home/user/.m2/repository/javax/activation/activation/1.1.1/activation-1.1.1.jar:/home/user/.m2/repository/org/apache/hadoop/hadoop-ozone-csi/0.5.0-SNAPSHOT/hadoop-ozone-csi-0.5.0-SNAPSHOT.jar:/home/user/.m2/repository/com/google/protobuf/protobuf-java-util/3.5.1/protobuf-java-util-3.5.1.jar:/home/user/.m2/repository/org/apache/hadoop/hadoop-hdds-config/0.5.0-SNAPSHOT/hadoop-hdds-config-0.5.0-SNAPSHOT.jar:/home/user/.m2/repository/io/grpc/grpc-netty/1.17.1/grpc-netty-1.17.1.jar:/home/user/.m2/repository/io/grpc/grpc-core/1.17.1/grpc-core-1.17.1.jar:/home/user/.m2/repository/io/grpc/grpc-context/1.17.1/grpc-context-1.17.1.jar:/home/user/.m2/repository/com/google/errorprone/error_prone_annotations/2.2.0/error_prone_annotations-2.2.0.jar:/home/user/.m2/repository/org/codehaus/mojo/animal-sniffer-annotations/1.17/animal-sniffer-annotations-1.17.jar:/home/user/.m2/repository/io/opencensus/opencensus-api/0.17.0/opencensus-api-0.17.0.jar:/home/user/.m2/repository/io/opencensus/opencensus-contrib-grpc-metrics/0.17.0/opencensus-contrib-grpc-metrics-0.17.0.jar:/home/user/.m2/repository/io/netty/netty-codec-http2/4.1.30.Final/netty-codec-http2-4.1.30.Final.jar:/home/user/.m2/repository/io/netty/netty-codec-http/4.1.30.Final/netty-codec-http-4.1.30.Final.jar:/home/user/.m2/repository/io/netty/netty-codec/4.1.30.Final/netty-codec-4.1.30.Final.jar:/home/user/.m2/repository/io/netty/netty-handler/4.1.30.Final/netty-handler-4.1.30.Final.jar:/home/user/.m2/repository/io/netty/netty-handler-proxy/4.1.30.Final/netty-handler-proxy-4.1.30.Final.jar:/home/user/.m2/repository/io/netty/netty-codec-socks/4.1.30.Final/netty-codec-socks-4.1.30.Final.jar:/home/user/.m2/repository/io/netty/netty-transport-native-epoll/4.1.30.Final/netty-transport-native-epoll-4.1.30.Final.jar:/home/user/.m2/repository/io/netty/netty-common/4.1.30.Final/netty-common-4.1.30.Final.jar:/home/user/.m2/repository/io/netty/netty-buffer/4.1.30.Final/netty-buffer-4.1.30.Final.jar:/home/user/.m2/repository/io/netty/netty-transport/4.1.30.Final/netty-transport-4.1.30.Final.jar:/home/user/.m2/repository/io/netty/netty-resolver/4.1.30.Final/netty-resolver-4.1.30.Final.jar:/home/user/.m2/repository/io/netty/netty-transport-native-unix-common/4.1.30.Final/netty-transport-native-unix-common-4.1.30.Final.jar:/home/user/.m2/repository/io/grpc/grpc-protobuf/1.17.1/grpc-protobuf-1.17.1.jar:/home/user/.m2/repository/com/google/api/grpc/proto-google-common-protos/1.0.0/proto-google-common-protos-1.0.0.jar:/home/user/.m2/repository/io/grpc/grpc-protobuf-lite/1.17.1/grpc-protobuf-lite-1.17.1.jar:/home/user/.m2/repository/io/grpc/grpc-stub/1.17.1/grpc-stub-1.17.1.jar:/home/user/.m2/repository/org/apache/hadoop/hadoop-ozone-recon/0.5.0-SNAPSHOT/hadoop-ozone-recon-0.5.0-SNAPSHOT.jar:/home/user/.m2/repository/org/apache/hadoop/hadoop-ozone-reconcodegen/0.5.0-SNAPSHOT/hadoop-ozone-reconcodegen-0.5.0-SNAPSHOT.jar:/home/user/.m2/repository/com/google/inject/extensions/guice-multibindings/4.0/guice-multibindings-4.0.jar:/home/user/.m2/repository/com/google/inject/guice/4.0/guice-4.0.jar:/home/user/.m2/repository/aopalliance/aopalliance/1.0/aopalliance-1.0.jar:/home/user/.m2/repository/com/google/inject/extensions/guice-servlet/4.0/guice-servlet-4.0.jar:/home/user/.m2/repository/org/glassfish/jersey/containers/jersey-container-servlet/2.27/jersey-container-servlet-2.27.jar:/home/user/.m2/repository/org/glassfish/hk2/guice-bridge/2.5.0/guice-bridge-2.5.0.jar:/home/user/.m2/repository/org/glassfish/jersey/core/jersey-server/2.27/jersey-server-2.27.jar:/home/user/.m2/repository/org/glassfish/jersey/core/jersey-client/2.27/jersey-client-2.27.jar:/home/user/.m2/repository/org/glassfish/jersey/media/jersey-media-jaxb/2.27/jersey-media-jaxb-2.27.jar:/home/user/.m2/repository/javax/validation/validation-api/1.1.0.Final/validation-api-1.1.0.Final.jar:/home/user/.m2/repository/org/glassfish/jersey/media/jersey-media-json-jackson/2.27/jersey-media-json-jackson-2.27.jar:/home/user/.m2/repository/org/glassfish/jersey/ext/jersey-entity-filtering/2.27/jersey-entity-filtering-2.27.jar:/home/user/.m2/repository/com/google/inject/extensions/guice-assistedinject/4.0/guice-assistedinject-4.0.jar:/home/user/.m2/repository/org/jooq/jooq/3.11.10/jooq-3.11.10.jar:/home/user/.m2/repository/org/jooq/jooq-meta/3.11.10/jooq-meta-3.11.10.jar:/home/user/.m2/repository/org/jooq/jooq-codegen/3.11.10/jooq-codegen-3.11.10.jar:/home/user/.m2/repository/com/jolbox/bonecp/0.8.0.RELEASE/bonecp-0.8.0.RELEASE.jar:/home/user/.m2/repository/org/xerial/sqlite-jdbc/3.25.2/sqlite-jdbc-3.25.2.jar:/home/user/.m2/repository/org/springframework/spring-jdbc/5.1.3.RELEASE/spring-jdbc-5.1.3.RELEASE.jar:/home/user/.m2/repository/org/springframework/spring-beans/5.1.3.RELEASE/spring-beans-5.1.3.RELEASE.jar:/home/user/.m2/repository/org/springframework/spring-core/5.1.3.RELEASE/spring-core-5.1.3.RELEASE.jar:/home/user/.m2/repository/org/springframework/spring-jcl/5.1.3.RELEASE/spring-jcl-5.1.3.RELEASE.jar:/home/user/.m2/repository/org/springframework/spring-tx/5.1.3.RELEASE/spring-tx-5.1.3.RELEASE.jar:/home/user/.m2/repository/org/apache/hadoop/hadoop-ozone-client/0.5.0-SNAPSHOT/hadoop-ozone-client-0.5.0-SNAPSHOT.jar:/home/user/.m2/repository/commons-lang/commons-lang/2.6/commons-lang-2.6.jar:/home/user/.m2/repository/org/apache/hadoop/hadoop-ozone-ozone-manager/0.5.0-SNAPSHOT/hadoop-ozone-ozone-manager-0.5.0-SNAPSHOT-tests.jar:/home/user/.m2/repository/junit/junit/4.11/junit-4.11.jar:/home/user/.m2/repository/org/hamcrest/hamcrest-core/1.3/hamcrest-core-1.3.jar:/home/user/.m2/repository/org/openjdk/jmh/jmh-core/1.19/jmh-core-1.19.jar:/home/user/.m2/repository/net/sf/jopt-simple/jopt-simple/4.6/jopt-simple-4.6.jar:/home/user/.m2/repository/org/apache/commons/commons-math3/3.1.1/commons-math3-3.1.1.jar:/home/user/.m2/repository/org/openjdk/jmh/jmh-generator-annprocess/1.19/jmh-generator-annprocess-1.19.jar:/home/user/.m2/repository/org/mockito/mockito-all/1.8.5/mockito-all-1.8.5.jar:/home/user/.m2/repository/org/apache/hadoop/hadoop-kms/3.2.0/hadoop-kms-3.2.0.jar:/home/user/.m2/repository/org/apache/hadoop/hadoop-auth/3.2.0/hadoop-auth-3.2.0.jar:/home/user/.m2/repository/com/nimbusds/nimbus-jose-jwt/4.41.1/nimbus-jose-jwt-4.41.1.jar:/home/user/.m2/repository/com/github/stephenc/jcip/jcip-annotations/1.0-1/jcip-annotations-1.0-1.jar:/home/user/.m2/repository/net/minidev/json-smart/2.3/json-smart-2.3.jar:/home/user/.m2/repository/net/minidev/accessors-smart/1.2/accessors-smart-1.2.jar:/home/user/.m2/repository/org/ow2/asm/asm/5.0.4/asm-5.0.4.jar:/home/user/.m2/repository/org/apache/curator/curator-framework/2.12.0/curator-framework-2.12.0.jar:/home/user/.m2/repository/com/sun/jersey/jersey-core/1.19/jersey-core-1.19.jar:/home/user/.m2/repository/javax/ws/rs/jsr311-api/1.1.1/jsr311-api-1.1.1.jar:/home/user/.m2/repository/com/sun/jersey/jersey-server/1.19/jersey-server-1.19.jar:/home/user/.m2/repository/javax/servlet/javax.servlet-api/3.1.0/javax.servlet-api-3.1.0.jar:/home/user/.m2/repository/org/eclipse/jetty/jetty-server/9.3.24.v20180605/jetty-server-9.3.24.v20180605.jar:/home/user/.m2/repository/org/eclipse/jetty/jetty-http/9.3.24.v20180605/jetty-http-9.3.24.v20180605.jar:/home/user/.m2/repository/org/eclipse/jetty/jetty-io/9.3.24.v20180605/jetty-io-9.3.24.v20180605.jar:/home/user/.m2/repository/org/eclipse/jetty/jetty-webapp/9.3.24.v20180605/jetty-webapp-9.3.24.v20180605.jar:/home/user/.m2/repository/org/eclipse/jetty/jetty-xml/9.3.24.v20180605/jetty-xml-9.3.24.v20180605.jar:/home/user/.m2/repository/log4j/log4j/1.2.17/log4j-1.2.17.jar:/home/user/.m2/repository/org/slf4j/slf4j-api/1.7.25/slf4j-api-1.7.25.jar:/home/user/.m2/repository/org/slf4j/jul-to-slf4j/1.7.25/jul-to-slf4j-1.7.25.jar:/home/user/.m2/repository/org/eclipse/jetty/jetty-util/9.3.24.v20180605/jetty-util-9.3.24.v20180605.jar:/home/user/.m2/repository/com/fasterxml/jackson/core/jackson-databind/2.9.5/jackson-databind-2.9.5.jar:/home/user/.m2/repository/org/apache/hadoop/hadoop-kms/3.2.0/hadoop-kms-3.2.0-tests.jar:/home/user/.m2/repository/org/apache/hadoop/hadoop-hdds-server-scm/0.5.0-SNAPSHOT/hadoop-hdds-server-scm-0.5.0-SNAPSHOT-tests.jar:/home/user/.m2/repository/org/apache/hadoop/hadoop-hdds-container-service/0.5.0-SNAPSHOT/hadoop-hdds-container-service-0.5.0-SNAPSHOT-tests.jar:/home/user/.m2/repository/org/yaml/snakeyaml/1.16/snakeyaml-1.16.jar:/home/user/.m2/repository/org/apache/hadoop/hadoop-common/3.2.0/hadoop-common-3.2.0-tests.jar:/home/user/.m2/repository/org/apache/hadoop/hadoop-annotations/3.2.0/hadoop-annotations-3.2.0.jar:/usr/lib/jvm/java-1.8-openjdk/jre/../lib/tools.jar:/home/user/.m2/repository/commons-cli/commons-cli/1.2/commons-cli-1.2.jar:/home/user/.m2/repository/org/apache/httpcomponents/httpclient/4.5.2/httpclient-4.5.2.jar:/home/user/.m2/repository/org/apache/httpcomponents/httpcore/4.4.4/httpcore-4.4.4.jar:/home/user/.m2/repository/commons-codec/commons-codec/1.11/commons-codec-1.11.jar:/home/user/.m2/repository/commons-net/commons-net/3.6/commons-net-3.6.jar:/home/user/.m2/repository/commons-collections/commons-collections/3.2.2/commons-collections-3.2.2.jar:/home/user/.m2/repository/org/eclipse/jetty/jetty-servlet/9.3.24.v20180605/jetty-servlet-9.3.24.v20180605.jar:/home/user/.m2/repository/org/eclipse/jetty/jetty-security/9.3.24.v20180605/jetty-security-9.3.24.v20180605.jar:/home/user/.m2/repository/javax/servlet/jsp/jsp-api/2.1/jsp-api-2.1.jar:/home/user/.m2/repository/com/sun/jersey/jersey-servlet/1.19/jersey-servlet-1.19.jar:/home/user/.m2/repository/com/sun/jersey/jersey-json/1.19/jersey-json-1.19.jar:/home/user/.m2/repository/org/codehaus/jettison/jettison/1.1/jettison-1.1.jar:/home/user/.m2/repository/org/codehaus/jackson/jackson-core-asl/1.9.13/jackson-core-asl-1.9.13.jar:/home/user/.m2/repository/org/codehaus/jackson/jackson-mapper-asl/1.9.13/jackson-mapper-asl-1.9.13.jar:/home/user/.m2/repository/org/codehaus/jackson/jackson-jaxrs/1.9.13/jackson-jaxrs-1.9.13.jar:/home/user/.m2/repository/org/codehaus/jackson/jackson-xc/1.9.13/jackson-xc-1.9.13.jar:/home/user/.m2/repository/commons-logging/commons-logging/1.1.3/commons-logging-1.1.3.jar:/home/user/.m2/repository/commons-beanutils/commons-beanutils/1.9.3/commons-beanutils-1.9.3.jar:/home/user/.m2/repository/org/apache/commons/commons-configuration2/2.1.1/commons-configuration2-2.1.1.jar:/home/user/.m2/repository/org/apache/commons/commons-lang3/3.7/commons-lang3-3.7.jar:/home/user/.m2/repository/org/apache/commons/commons-text/1.4/commons-text-1.4.jar:/home/user/.m2/repository/org/apache/avro/avro/1.7.7/avro-1.7.7.jar:/home/user/.m2/repository/com/thoughtworks/paranamer/paranamer/2.3/paranamer-2.3.jar:/home/user/.m2/repository/org/xerial/snappy/snappy-java/1.0.5/snappy-java-1.0.5.jar:/home/user/.m2/repository/com/google/re2j/re2j/1.1/re2j-1.1.jar:/home/user/.m2/repository/com/google/code/gson/gson/2.2.4/gson-2.2.4.jar:/home/user/.m2/repository/com/jcraft/jsch/0.1.54/jsch-0.1.54.jar:/home/user/.m2/repository/org/apache/curator/curator-client/2.12.0/curator-client-2.12.0.jar:/home/user/.m2/repository/org/apache/curator/curator-recipes/2.12.0/curator-recipes-2.12.0.jar:/home/user/.m2/repository/com/google/code/findbugs/jsr305/3.0.0/jsr305-3.0.0.jar:/home/user/.m2/repository/org/apache/htrace/htrace-core4/4.1.0-incubating/htrace-core4-4.1.0-incubating.jar:/home/user/.m2/repository/org/apache/zookeeper/zookeeper/3.4.13/zookeeper-3.4.13.jar:/home/user/.m2/repository/org/apache/yetus/audience-annotations/0.5.0/audience-annotations-0.5.0.jar:/home/user/.m2/repository/org/codehaus/woodstox/stax2-api/3.1.4/stax2-api-3.1.4.jar:/home/user/.m2/repository/com/fasterxml/woodstox/woodstox-core/5.0.3/woodstox-core-5.0.3.jar:/home/user/.m2/repository/dnsjava/dnsjava/2.1.7/dnsjava-2.1.7.jar:/home/user/.m2/repository/org/apache/hadoop/hadoop-hdfs/3.2.0/hadoop-hdfs-3.2.0-tests.jar:/home/user/.m2/repository/org/eclipse/jetty/jetty-util-ajax/9.3.24.v20180605/jetty-util-ajax-9.3.24.v20180605.jar:/home/user/.m2/repository/commons-daemon/commons-daemon/1.0.13/commons-daemon-1.0.13.jar:/home/user/.m2/repository/io/netty/netty/3.10.5.Final/netty-3.10.5.Final.jar:/home/user/.m2/repository/io/netty/netty-all/4.0.52.Final/netty-all-4.0.52.Final.jar:/home/user/.m2/repository/org/fusesource/leveldbjni/leveldbjni-all/1.8/leveldbjni-all-1.8.jar:"/>
    <property name="sun.cpu.endian" value="little"/>
    <property name="user.home" value="/home/user"/>
    <property name="user.language" value="en"/>
    <property name="java.specification.vendor" value="Oracle Corporation"/>
    <property name="java.home" value="/usr/lib/jvm/java-1.8-openjdk/jre"/>
    <property name="java.security.krb5.conf" value="/workdir/hadoop-ozone/integration-test/target/test-classes/krb5.conf"/>
    <property name="basedir" value="/workdir/hadoop-ozone/integration-test"/>
    <property name="file.separator" value="/"/>
    <property name="line.separator" value="&#10;"/>
    <property name="java.vm.specification.vendor" value="Oracle Corporation"/>
    <property name="java.specification.name" value="Java Platform API Specification"/>
    <property name="java.awt.graphicsenv" value="sun.awt.X11GraphicsEnvironment"/>
    <property name="surefire.real.class.path" value="/workdir/hadoop-ozone/integration-test/target/surefire/surefirebooter7086645467377151914.jar"/>
    <property name="hadoop.log.dir" value="/workdir/hadoop-ozone/integration-test/target/log"/>
    <property name="sun.boot.class.path" value="/usr/lib/jvm/java-1.8-openjdk/jre/lib/resources.jar:/usr/lib/jvm/java-1.8-openjdk/jre/lib/rt.jar:/usr/lib/jvm/java-1.8-openjdk/jre/lib/sunrsasign.jar:/usr/lib/jvm/java-1.8-openjdk/jre/lib/jsse.jar:/usr/lib/jvm/java-1.8-openjdk/jre/lib/jce.jar:/usr/lib/jvm/java-1.8-openjdk/jre/lib/charsets.jar:/usr/lib/jvm/java-1.8-openjdk/jre/lib/jfr.jar:/usr/lib/jvm/java-1.8-openjdk/jre/classes"/>
    <property name="sun.management.compiler" value="HotSpot 64-Bit Tiered Compilers"/>
    <property name="java.runtime.version" value="1.8.0_212-b04"/>
    <property name="java.net.preferIPv4Stack" value="true"/>
    <property name="user.name" value="jenkins1000"/>
    <property name="path.separator" value=":"/>
    <property name="java.security.egd" value="file:///dev/urandom"/>
    <property name="os.version" value="3.10.0-957.12.2.el7.x86_64"/>
    <property name="java.endorsed.dirs" value="/usr/lib/jvm/java-1.8-openjdk/jre/lib/endorsed"/>
    <property name="java.runtime.name" value="OpenJDK Runtime Environment"/>
    <property name="file.encoding" value="UTF-8"/>
    <property name="java.vm.name" value="OpenJDK 64-Bit Server VM"/>
    <property name="test.build.webapps" value=""/>
    <property name="localRepository" value="/home/user/.m2/repository"/>
    <property name="java.vendor.url.bug" value="https://icedtea.classpath.org/bugzilla"/>
    <property name="java.io.tmpdir" value="/tmp"/>
    <property name="require.test.libhadoop" value=""/>
    <property name="java.version" value="1.8.0_212"/>
    <property name="user.dir" value="/workdir/hadoop-ozone/integration-test"/>
    <property name="os.arch" value="amd64"/>
    <property name="java.vm.specification.name" value="Java Virtual Machine Specification"/>
    <property name="test.build.classes" value="/workdir/hadoop-ozone/integration-test/target/test-classes"/>
    <property name="java.awt.printerjob" value="sun.print.PSPrinterJob"/>
    <property name="sun.os.patch.level" value="unknown"/>
    <property name="hadoop.tmp.dir" value="/workdir/hadoop-ozone/integration-test/target/tmp"/>
    <property name="java.library.path" value="/usr/lib/jvm/java-1.8-openjdk/jre/lib/amd64/server:/usr/lib/jvm/java-1.8-openjdk/jre/lib/amd64:/usr/lib/jvm/java-1.8-openjdk/jre/../lib/amd64:/workdir/hadoop-ozone/integration-test/target/native/target/usr/local/lib:/workdir/hadoop-ozone/integration-test/../../hadoop-common-project/hadoop-common/target/native/target/usr/local/lib:/usr/java/packages/lib/amd64:/usr/lib64:/lib64:/lib:/usr/lib"/>
    <property name="java.vm.info" value="mixed mode"/>
    <property name="java.vendor" value="IcedTea"/>
    <property name="java.vm.version" value="25.212-b04"/>
    <property name="java.ext.dirs" value="/usr/lib/jvm/java-1.8-openjdk/jre/lib/ext:/usr/java/packages/lib/ext"/>
    <property name="sun.io.unicode.encoding" value="UnicodeLittle"/>
    <property name="java.class.version" value="52.0"/>
  </properties>
  <testcase name="test2DatanodesFailure" classname="org.apache.hadoop.ozone.client.rpc.TestBlockOutputStreamWithFailures" time="57.552"/>
  <testcase name="testDatanodeFailureWithPreAllocation" classname="org.apache.hadoop.ozone.client.rpc.TestBlockOutputStreamWithFailures" time="225.664"/>
  <testcase name="testDatanodeFailureWithSingleNodeRatis" classname="org.apache.hadoop.ozone.client.rpc.TestBlockOutputStreamWithFailures" time="226.381"/>
  <testcase name="testWatchForCommitWithSingleNodeRatis" classname="org.apache.hadoop.ozone.client.rpc.TestBlockOutputStreamWithFailures" time="34.776"/>
  <testcase name="testWatchForCommitDatanodeFailure" classname="org.apache.hadoop.ozone.client.rpc.TestBlockOutputStreamWithFailures" time="43.638">
    <failure message="expected:&lt;2&gt; but was:&lt;3&gt;" type="java.lang.AssertionError"><![CDATA[java.lang.AssertionError: expected:<2> but was:<3>
	at org.junit.Assert.fail(Assert.java:88)
	at org.junit.Assert.failNotEquals(Assert.java:743)
	at org.junit.Assert.assertEquals(Assert.java:118)
	at org.junit.Assert.assertEquals(Assert.java:555)
	at org.junit.Assert.assertEquals(Assert.java:542)
	at org.apache.hadoop.ozone.client.rpc.TestBlockOutputStreamWithFailures.testWatchForCommitDatanodeFailure(TestBlockOutputStreamWithFailures.java:366)
	at sun.reflect.NativeMethodAccessorImpl.invoke0(Native Method)
	at sun.reflect.NativeMethodAccessorImpl.invoke(NativeMethodAccessorImpl.java:62)
	at sun.reflect.DelegatingMethodAccessorImpl.invoke(DelegatingMethodAccessorImpl.java:43)
	at java.lang.reflect.Method.invoke(Method.java:498)
	at org.junit.runners.model.FrameworkMethod$1.runReflectiveCall(FrameworkMethod.java:47)
	at org.junit.internal.runners.model.ReflectiveCallable.run(ReflectiveCallable.java:12)
	at org.junit.runners.model.FrameworkMethod.invokeExplosively(FrameworkMethod.java:44)
	at org.junit.internal.runners.statements.InvokeMethod.evaluate(InvokeMethod.java:17)
	at org.junit.internal.runners.statements.RunBefores.evaluate(RunBefores.java:26)
	at org.junit.internal.runners.statements.RunAfters.evaluate(RunAfters.java:27)
	at org.junit.runners.ParentRunner.runLeaf(ParentRunner.java:271)
	at org.junit.runners.BlockJUnit4ClassRunner.runChild(BlockJUnit4ClassRunner.java:70)
	at org.junit.runners.BlockJUnit4ClassRunner.runChild(BlockJUnit4ClassRunner.java:50)
	at org.junit.runners.ParentRunner$3.run(ParentRunner.java:238)
	at org.junit.runners.ParentRunner$1.schedule(ParentRunner.java:63)
	at org.junit.runners.ParentRunner.runChildren(ParentRunner.java:236)
	at org.junit.runners.ParentRunner.access$000(ParentRunner.java:53)
	at org.junit.runners.ParentRunner$2.evaluate(ParentRunner.java:229)
	at org.junit.runners.ParentRunner.run(ParentRunner.java:309)
	at org.apache.maven.surefire.junit4.JUnit4Provider.execute(JUnit4Provider.java:365)
	at org.apache.maven.surefire.junit4.JUnit4Provider.executeWithRerun(JUnit4Provider.java:273)
	at org.apache.maven.surefire.junit4.JUnit4Provider.executeTestSet(JUnit4Provider.java:238)
	at org.apache.maven.surefire.junit4.JUnit4Provider.invoke(JUnit4Provider.java:159)
	at org.apache.maven.surefire.booter.ForkedBooter.invokeProviderInSameClassLoader(ForkedBooter.java:384)
	at org.apache.maven.surefire.booter.ForkedBooter.runSuitesInProcess(ForkedBooter.java:345)
	at org.apache.maven.surefire.booter.ForkedBooter.execute(ForkedBooter.java:126)
	at org.apache.maven.surefire.booter.ForkedBooter.main(ForkedBooter.java:418)
]]></failure>
    <system-out><![CDATA[2019-08-20 18:47:15,347 [main] WARN  server.ServerUtils (ServerUtils.java:getScmDbDir(145)) - ozone.scm.db.dirs is not configured. We recommend adding this setting. Falling back to ozone.metadata.dirs instead.
2019-08-20 18:47:15,363 [main] WARN  server.ServerUtils (ServerUtils.java:getScmDbDir(145)) - ozone.scm.db.dirs is not configured. We recommend adding this setting. Falling back to ozone.metadata.dirs instead.
2019-08-20 18:47:15,363 [main] WARN  server.ServerUtils (ServerUtils.java:getScmDbDir(145)) - ozone.scm.db.dirs is not configured. We recommend adding this setting. Falling back to ozone.metadata.dirs instead.
2019-08-20 18:47:15,363 [main] INFO  db.DBStoreBuilder (DBStoreBuilder.java:addTable(110)) - using custom profile for table: deletedBlocks
2019-08-20 18:47:15,364 [main] INFO  db.DBStoreBuilder (DBStoreBuilder.java:processTables(161)) - Using default column profile:DBProfile.DISK for Table:deletedBlocks
2019-08-20 18:47:15,364 [main] INFO  db.DBStoreBuilder (DBStoreBuilder.java:addTable(110)) - using custom profile for table: validCerts
2019-08-20 18:47:15,364 [main] INFO  db.DBStoreBuilder (DBStoreBuilder.java:processTables(161)) - Using default column profile:DBProfile.DISK for Table:validCerts
2019-08-20 18:47:15,365 [main] INFO  db.DBStoreBuilder (DBStoreBuilder.java:addTable(110)) - using custom profile for table: revokedCerts
2019-08-20 18:47:15,365 [main] INFO  db.DBStoreBuilder (DBStoreBuilder.java:processTables(161)) - Using default column profile:DBProfile.DISK for Table:revokedCerts
2019-08-20 18:47:15,365 [main] INFO  db.DBStoreBuilder (DBStoreBuilder.java:addTable(110)) - using custom profile for table: default
2019-08-20 18:47:15,365 [main] INFO  db.DBStoreBuilder (DBStoreBuilder.java:processTables(167)) - Using default column profile:DBProfile.DISK for Table:default
2019-08-20 18:47:15,366 [main] INFO  db.DBStoreBuilder (DBStoreBuilder.java:getDbProfile(198)) - Using default options. DBProfile.DISK
2019-08-20 18:47:15,587 [main] INFO  net.NodeSchemaLoader (NodeSchemaLoader.java:loadSchemaFromFile(125)) - Loading file from sun.misc.CompoundEnumeration@365c8a47
2019-08-20 18:47:15,587 [main] INFO  net.NodeSchemaLoader (NodeSchemaLoader.java:loadSchema(171)) - Loading network topology layer schema file
2019-08-20 18:47:15,592 [main] INFO  node.SCMNodeManager (SCMNodeManager.java:<init>(121)) - Entering startup safe mode.
2019-08-20 18:47:15,593 [main] INFO  algorithms.ContainerPlacementPolicyFactory (ContainerPlacementPolicyFactory.java:getPolicy(55)) - Create container placement policy of type org.apache.hadoop.hdds.scm.container.placement.algorithms.SCMContainerPlacementRandom
2019-08-20 18:47:15,593 [main] WARN  server.ServerUtils (ServerUtils.java:getScmDbDir(145)) - ozone.scm.db.dirs is not configured. We recommend adding this setting. Falling back to ozone.metadata.dirs instead.
2019-08-20 18:47:15,675 [main] INFO  pipeline.SCMPipelineManager (SCMPipelineManager.java:initializePipelineState(126)) - No pipeline exists in current db
2019-08-20 18:47:15,675 [main] WARN  server.ServerUtils (ServerUtils.java:getScmDbDir(145)) - ozone.scm.db.dirs is not configured. We recommend adding this setting. Falling back to ozone.metadata.dirs instead.
2019-08-20 18:47:15,756 [main] WARN  events.EventQueue (EventQueue.java:fireEvent(175)) - No event handler registered for event TypedEvent{payloadType=SafeModeStatus, name='SafeModeStatus'}
2019-08-20 18:47:15,757 [main] INFO  ipc.CallQueueManager (CallQueueManager.java:<init>(84)) - Using callQueue: class java.util.concurrent.LinkedBlockingQueue, queueCapacity: 2000, scheduler: class org.apache.hadoop.ipc.DefaultRpcScheduler, ipcBackoff: false.
2019-08-20 18:47:15,758 [Socket Reader #1 for port 39465] INFO  ipc.Server (Server.java:run(1074)) - Starting Socket Reader #1 for port 39465
2019-08-20 18:47:15,760 [main] INFO  ipc.CallQueueManager (CallQueueManager.java:<init>(84)) - Using callQueue: class java.util.concurrent.LinkedBlockingQueue, queueCapacity: 2000, scheduler: class org.apache.hadoop.ipc.DefaultRpcScheduler, ipcBackoff: false.
2019-08-20 18:47:15,760 [Socket Reader #1 for port 37272] INFO  ipc.Server (Server.java:run(1074)) - Starting Socket Reader #1 for port 37272
2019-08-20 18:47:15,762 [main] INFO  ipc.CallQueueManager (CallQueueManager.java:<init>(84)) - Using callQueue: class java.util.concurrent.LinkedBlockingQueue, queueCapacity: 2000, scheduler: class org.apache.hadoop.ipc.DefaultRpcScheduler, ipcBackoff: false.
2019-08-20 18:47:15,762 [Socket Reader #1 for port 41104] INFO  ipc.Server (Server.java:run(1074)) - Starting Socket Reader #1 for port 41104
2019-08-20 18:47:15,765 [main] INFO  hdfs.DFSUtil (DFSUtil.java:httpServerTemplateForNNAndJN(1641)) - Starting Web-server for scm at: http://0.0.0.0:0
2019-08-20 18:47:15,767 [main] INFO  server.AuthenticationFilter (AuthenticationFilter.java:constructSecretProvider(240)) - Unable to initialize FileSignerSecretProvider, falling back to use random secrets.
2019-08-20 18:47:15,768 [main] WARN  http.HttpRequestLog (HttpRequestLog.java:getRequestLog(97)) - Jetty request log can only be enabled using Log4j
2019-08-20 18:47:15,770 [main] INFO  http.HttpServer2 (HttpServer2.java:addGlobalFilter(975)) - Added global filter 'safety' (class=org.apache.hadoop.http.HttpServer2$QuotingInputFilter)
2019-08-20 18:47:15,771 [main] INFO  http.HttpServer2 (HttpServer2.java:addFilter(948)) - Added filter static_user_filter (class=org.apache.hadoop.http.lib.StaticUserWebFilter$StaticUserFilter) to context scm
2019-08-20 18:47:15,771 [main] INFO  http.HttpServer2 (HttpServer2.java:addFilter(958)) - Added filter static_user_filter (class=org.apache.hadoop.http.lib.StaticUserWebFilter$StaticUserFilter) to context static
2019-08-20 18:47:15,771 [main] INFO  http.HttpServer2 (HttpServer2.java:addFilter(958)) - Added filter static_user_filter (class=org.apache.hadoop.http.lib.StaticUserWebFilter$StaticUserFilter) to context logs
2019-08-20 18:47:15,773 [main] INFO  server.StorageContainerManager (StorageContainerManager.java:start(759)) - StorageContainerLocationProtocol RPC server is listening at /0.0.0.0:41104
2019-08-20 18:47:15,776 [main] WARN  impl.MetricsConfig (MetricsConfig.java:loadFirst(134)) - Cannot locate configuration: tried hadoop-metrics2-storagecontainermanager.properties,hadoop-metrics2.properties
2019-08-20 18:47:15,777 [main] INFO  impl.MetricsSystemImpl (MetricsSystemImpl.java:startTimer(374)) - Scheduled Metric snapshot period at 10 second(s).
2019-08-20 18:47:15,777 [main] INFO  impl.MetricsSystemImpl (MetricsSystemImpl.java:start(191)) - StorageContainerManager metrics system started
2019-08-20 18:47:15,853 [main] INFO  server.SCMClientProtocolServer (SCMClientProtocolServer.java:start(151)) - RPC server for Client  is listening at /0.0.0.0:41104
2019-08-20 18:47:15,854 [IPC Server Responder] INFO  ipc.Server (Server.java:run(1314)) - IPC Server Responder: starting
2019-08-20 18:47:15,854 [IPC Server listener on 41104] INFO  ipc.Server (Server.java:run(1153)) - IPC Server listener on 41104: starting
2019-08-20 18:47:15,858 [main] INFO  server.StorageContainerManager (StorageContainerManager.java:start(769)) - ScmBlockLocationProtocol RPC server is listening at /0.0.0.0:37272
2019-08-20 18:47:15,858 [main] INFO  server.SCMBlockProtocolServer (SCMBlockProtocolServer.java:start(140)) - RPC server for Block Protocol is listening at /0.0.0.0:37272
2019-08-20 18:47:15,858 [IPC Server Responder] INFO  ipc.Server (Server.java:run(1314)) - IPC Server Responder: starting
2019-08-20 18:47:15,858 [IPC Server listener on 37272] INFO  ipc.Server (Server.java:run(1153)) - IPC Server listener on 37272: starting
2019-08-20 18:47:15,862 [main] INFO  server.StorageContainerManager (StorageContainerManager.java:start(773)) - ScmDatanodeProtocl RPC server is listening at /0.0.0.0:39465
2019-08-20 18:47:15,862 [main] INFO  server.SCMDatanodeProtocolServer (SCMDatanodeProtocolServer.java:start(191)) - RPC server for DataNodes is listening at /0.0.0.0:39465
2019-08-20 18:47:15,862 [IPC Server Responder] INFO  ipc.Server (Server.java:run(1314)) - IPC Server Responder: starting
2019-08-20 18:47:15,862 [IPC Server listener on 39465] INFO  ipc.Server (Server.java:run(1153)) - IPC Server listener on 39465: starting
2019-08-20 18:47:15,866 [main] INFO  http.HttpServer2 (HttpServer2.java:bindListener(1191)) - Jetty bound to port 35389
2019-08-20 18:47:15,866 [main] INFO  server.Server (Server.java:doStart(351)) - jetty-9.3.24.v20180605, build timestamp: 2018-06-05T17:11:56Z, git hash: 84205aa28f11a4f31f2a3b86d1bba2cc8ab69827
2019-08-20 18:47:15,867 [main] INFO  handler.ContextHandler (ContextHandler.java:doStart(781)) - Started o.e.j.s.ServletContextHandler@14f08a97{/logs,file:///workdir/hadoop-ozone/integration-test/target/log,AVAILABLE}
2019-08-20 18:47:15,868 [main] INFO  handler.ContextHandler (ContextHandler.java:doStart(781)) - Started o.e.j.s.ServletContextHandler@46ee9cfd{/static,file:///workdir/hadoop-ozone/integration-test/target/test-classes/webapps/static,AVAILABLE}
2019-08-20 18:47:15,871 [main] INFO  handler.ContextHandler (ContextHandler.java:doStart(781)) - Started o.e.j.w.WebAppContext@2aadeb31{/,file:///workdir/hadoop-ozone/integration-test/target/test-classes/webapps/scm/,AVAILABLE}{/scm}
2019-08-20 18:47:15,872 [main] INFO  server.AbstractConnector (AbstractConnector.java:doStart(278)) - Started ServerConnector@704ddfad{HTTP/1.1,[http/1.1]}{0.0.0.0:35389}
2019-08-20 18:47:15,873 [main] INFO  server.Server (Server.java:doStart(419)) - Started @545499ms
2019-08-20 18:47:15,873 [main] INFO  server.BaseHttpServer (BaseHttpServer.java:updateConnectorAddress(213)) - HTTP server of SCM is listening at http://0.0.0.0:35389
2019-08-20 18:47:15,874 [main] WARN  server.ServerUtils (ServerUtils.java:getDBPath(222)) - ozone.om.db.dirs is not configured. We recommend adding this setting. Falling back to ozone.metadata.dirs instead.
2019-08-20 18:47:15,875 [org.apache.hadoop.util.JvmPauseMonitor$Monitor@3ed4c822] INFO  util.JvmPauseMonitor (JvmPauseMonitor.java:run(188)) - Starting JVM pause monitor
2019-08-20 18:47:15,888 [main] WARN  server.ServerUtils (ServerUtils.java:getDBPath(222)) - ozone.om.db.dirs is not configured. We recommend adding this setting. Falling back to ozone.metadata.dirs instead.
2019-08-20 18:47:15,888 [main] WARN  server.ServerUtils (ServerUtils.java:getDBPath(222)) - ozone.om.db.dirs is not configured. We recommend adding this setting. Falling back to ozone.metadata.dirs instead.
2019-08-20 18:47:15,889 [main] INFO  om.OzoneManager (OzoneManager.java:setOMNodeDetails(648)) - OM Service ID is not set. Setting it to the default ID: omServiceIdDefault
2019-08-20 18:47:15,889 [main] INFO  om.OzoneManager (OzoneManager.java:setOMNodeDetails(654)) - OM Node ID is not set. Setting it to the OmStorage's OmID: 1ca0e02a-a89d-4fde-bfae-9e53209731b2
2019-08-20 18:47:15,889 [main] INFO  om.OzoneManager (OzoneManager.java:loadOMHAConfigs(605)) - Found matching OM address with OMServiceId: null, OMNodeId: null, RPC Address: localhost:0 and Ratis port: 9872
2019-08-20 18:47:15,893 | INFO  | SCMAudit | user=jenkins1000 | ip=192.168.69.105 | op=GET_SCM_INFO null | ret=SUCCESS |  
2019-08-20 18:47:15,895 [main] WARN  server.ServerUtils (ServerUtils.java:getDBPath(222)) - ozone.om.db.dirs is not configured. We recommend adding this setting. Falling back to ozone.metadata.dirs instead.
2019-08-20 18:47:15,895 [main] INFO  db.DBStoreBuilder (DBStoreBuilder.java:addTable(110)) - using custom profile for table: userTable
2019-08-20 18:47:15,895 [main] INFO  db.DBStoreBuilder (DBStoreBuilder.java:processTables(161)) - Using default column profile:DBProfile.DISK for Table:userTable
2019-08-20 18:47:15,896 [main] INFO  db.DBStoreBuilder (DBStoreBuilder.java:addTable(110)) - using custom profile for table: volumeTable
2019-08-20 18:47:15,896 [main] INFO  db.DBStoreBuilder (DBStoreBuilder.java:processTables(161)) - Using default column profile:DBProfile.DISK for Table:volumeTable
2019-08-20 18:47:15,896 [main] INFO  db.DBStoreBuilder (DBStoreBuilder.java:addTable(110)) - using custom profile for table: bucketTable
2019-08-20 18:47:15,896 [main] INFO  db.DBStoreBuilder (DBStoreBuilder.java:processTables(161)) - Using default column profile:DBProfile.DISK for Table:bucketTable
2019-08-20 18:47:15,896 [main] INFO  db.DBStoreBuilder (DBStoreBuilder.java:addTable(110)) - using custom profile for table: keyTable
2019-08-20 18:47:15,896 [main] INFO  db.DBStoreBuilder (DBStoreBuilder.java:processTables(161)) - Using default column profile:DBProfile.DISK for Table:keyTable
2019-08-20 18:47:15,897 [main] INFO  db.DBStoreBuilder (DBStoreBuilder.java:addTable(110)) - using custom profile for table: deletedTable
2019-08-20 18:47:15,897 [main] INFO  db.DBStoreBuilder (DBStoreBuilder.java:processTables(161)) - Using default column profile:DBProfile.DISK for Table:deletedTable
2019-08-20 18:47:15,897 [main] INFO  db.DBStoreBuilder (DBStoreBuilder.java:addTable(110)) - using custom profile for table: openKeyTable
2019-08-20 18:47:15,897 [main] INFO  db.DBStoreBuilder (DBStoreBuilder.java:processTables(161)) - Using default column profile:DBProfile.DISK for Table:openKeyTable
2019-08-20 18:47:15,897 [main] INFO  db.DBStoreBuilder (DBStoreBuilder.java:addTable(110)) - using custom profile for table: s3Table
2019-08-20 18:47:15,898 [main] INFO  db.DBStoreBuilder (DBStoreBuilder.java:processTables(161)) - Using default column profile:DBProfile.DISK for Table:s3Table
2019-08-20 18:47:15,898 [main] INFO  db.DBStoreBuilder (DBStoreBuilder.java:addTable(110)) - using custom profile for table: multipartInfoTable
2019-08-20 18:47:15,898 [main] INFO  db.DBStoreBuilder (DBStoreBuilder.java:processTables(161)) - Using default column profile:DBProfile.DISK for Table:multipartInfoTable
2019-08-20 18:47:15,898 [main] INFO  db.DBStoreBuilder (DBStoreBuilder.java:addTable(110)) - using custom profile for table: dTokenTable
2019-08-20 18:47:15,898 [main] INFO  db.DBStoreBuilder (DBStoreBuilder.java:processTables(161)) - Using default column profile:DBProfile.DISK for Table:dTokenTable
2019-08-20 18:47:15,899 [main] INFO  db.DBStoreBuilder (DBStoreBuilder.java:addTable(110)) - using custom profile for table: s3SecretTable
2019-08-20 18:47:15,899 [main] INFO  db.DBStoreBuilder (DBStoreBuilder.java:processTables(161)) - Using default column profile:DBProfile.DISK for Table:s3SecretTable
2019-08-20 18:47:15,899 [main] INFO  db.DBStoreBuilder (DBStoreBuilder.java:addTable(110)) - using custom profile for table: prefixTable
2019-08-20 18:47:15,899 [main] INFO  db.DBStoreBuilder (DBStoreBuilder.java:processTables(161)) - Using default column profile:DBProfile.DISK for Table:prefixTable
2019-08-20 18:47:15,899 [main] INFO  db.DBStoreBuilder (DBStoreBuilder.java:addTable(110)) - using custom profile for table: default
2019-08-20 18:47:15,900 [main] INFO  db.DBStoreBuilder (DBStoreBuilder.java:processTables(167)) - Using default column profile:DBProfile.DISK for Table:default
2019-08-20 18:47:15,900 [main] INFO  db.DBStoreBuilder (DBStoreBuilder.java:getDbProfile(198)) - Using default options. DBProfile.DISK
2019-08-20 18:47:16,604 [main] INFO  ipc.CallQueueManager (CallQueueManager.java:<init>(84)) - Using callQueue: class java.util.concurrent.LinkedBlockingQueue, queueCapacity: 2000, scheduler: class org.apache.hadoop.ipc.DefaultRpcScheduler, ipcBackoff: false.
2019-08-20 18:47:16,605 [Socket Reader #1 for port 33201] INFO  ipc.Server (Server.java:run(1074)) - Starting Socket Reader #1 for port 33201
2019-08-20 18:47:16,620 [main] INFO  om.OzoneManager (OzoneManager.java:start(1259)) - OzoneManager RPC server is listening at localhost/127.0.0.1:33201
2019-08-20 18:47:16,620 [main] INFO  impl.MetricsSystemImpl (MetricsSystemImpl.java:init(158)) - OzoneManager metrics system started (again)
2019-08-20 18:47:16,621 [IPC Server Responder] INFO  ipc.Server (Server.java:run(1314)) - IPC Server Responder: starting
2019-08-20 18:47:16,623 [IPC Server listener on 33201] INFO  ipc.Server (Server.java:run(1153)) - IPC Server listener on 33201: starting
2019-08-20 18:47:16,629 [main] INFO  hdfs.DFSUtil (DFSUtil.java:httpServerTemplateForNNAndJN(1641)) - Starting Web-server for ozoneManager at: http://0.0.0.0:0
2019-08-20 18:47:16,631 [main] INFO  server.AuthenticationFilter (AuthenticationFilter.java:constructSecretProvider(240)) - Unable to initialize FileSignerSecretProvider, falling back to use random secrets.
2019-08-20 18:47:16,632 [main] WARN  http.HttpRequestLog (HttpRequestLog.java:getRequestLog(97)) - Jetty request log can only be enabled using Log4j
2019-08-20 18:47:16,634 [main] INFO  http.HttpServer2 (HttpServer2.java:addGlobalFilter(975)) - Added global filter 'safety' (class=org.apache.hadoop.http.HttpServer2$QuotingInputFilter)
2019-08-20 18:47:16,634 [main] INFO  http.HttpServer2 (HttpServer2.java:addFilter(948)) - Added filter static_user_filter (class=org.apache.hadoop.http.lib.StaticUserWebFilter$StaticUserFilter) to context ozoneManager
2019-08-20 18:47:16,635 [main] INFO  http.HttpServer2 (HttpServer2.java:addFilter(958)) - Added filter static_user_filter (class=org.apache.hadoop.http.lib.StaticUserWebFilter$StaticUserFilter) to context static
2019-08-20 18:47:16,635 [main] INFO  http.HttpServer2 (HttpServer2.java:addFilter(958)) - Added filter static_user_filter (class=org.apache.hadoop.http.lib.StaticUserWebFilter$StaticUserFilter) to context logs
2019-08-20 18:47:16,636 [main] INFO  http.HttpServer2 (HttpServer2.java:bindListener(1191)) - Jetty bound to port 46303
2019-08-20 18:47:16,636 [main] INFO  server.Server (Server.java:doStart(351)) - jetty-9.3.24.v20180605, build timestamp: 2018-06-05T17:11:56Z, git hash: 84205aa28f11a4f31f2a3b86d1bba2cc8ab69827
2019-08-20 18:47:16,638 [main] INFO  handler.ContextHandler (ContextHandler.java:doStart(781)) - Started o.e.j.s.ServletContextHandler@25c756f0{/logs,file:///workdir/hadoop-ozone/integration-test/target/log,AVAILABLE}
2019-08-20 18:47:16,639 [main] INFO  handler.ContextHandler (ContextHandler.java:doStart(781)) - Started o.e.j.s.ServletContextHandler@18206382{/static,file:///workdir/hadoop-ozone/integration-test/target/test-classes/webapps/static,AVAILABLE}
2019-08-20 18:47:16,644 [main] INFO  handler.ContextHandler (ContextHandler.java:doStart(781)) - Started o.e.j.w.WebAppContext@64455184{/,file:///workdir/hadoop-ozone/integration-test/target/test-classes/webapps/ozoneManager/,AVAILABLE}{/ozoneManager}
2019-08-20 18:47:16,644 [main] INFO  server.AbstractConnector (AbstractConnector.java:doStart(278)) - Started ServerConnector@6f749a1f{HTTP/1.1,[http/1.1]}{0.0.0.0:46303}
2019-08-20 18:47:16,646 [main] INFO  server.Server (Server.java:doStart(419)) - Started @546272ms
2019-08-20 18:47:16,646 [main] INFO  server.BaseHttpServer (BaseHttpServer.java:updateConnectorAddress(213)) - HTTP server of OZONEMANAGER is listening at http://0.0.0.0:46303
2019-08-20 18:47:16,662 [main] INFO  impl.MetricsSystemImpl (MetricsSystemImpl.java:init(158)) - HddsDatanode metrics system started (again)
2019-08-20 18:47:16,665 [main] INFO  ozone.HddsDatanodeService (HddsDatanodeService.java:start(184)) - HddsDatanodeService host:pr-hdds-165-w559s-1850982102 ip:192.168.69.105
2019-08-20 18:47:16,676 [main] INFO  volume.HddsVolume (HddsVolume.java:<init>(176)) - Creating Volume: /workdir/hadoop-ozone/integration-test/target/test-dir/MiniOzoneClusterImpl-608c326c-aa6a-4be1-85ed-041816735c61/datanode-0/data/containers/hdds of  storage type : DISK and capacity : 1482555576320
2019-08-20 18:47:16,676 [main] INFO  volume.VolumeSet (VolumeSet.java:initializeVolumeSet(170)) - Added Volume : /workdir/hadoop-ozone/integration-test/target/test-dir/MiniOzoneClusterImpl-608c326c-aa6a-4be1-85ed-041816735c61/datanode-0/data/containers/hdds to VolumeSet
2019-08-20 18:47:16,676 [main] INFO  volume.ThrottledAsyncChecker (ThrottledAsyncChecker.java:schedule(140)) - Scheduling a check for org.apache.hadoop.ozone.container.common.volume.HddsVolume@3393aa46
2019-08-20 18:47:16,677 [main] INFO  volume.HddsVolumeChecker (HddsVolumeChecker.java:checkAllVolumes(203)) - Scheduled health check for volume org.apache.hadoop.ozone.container.common.volume.HddsVolume@3393aa46
2019-08-20 18:47:16,695 [main] INFO  impl.RaftServerProxy (ConfUtils.java:logGet(43)) - raft.rpc.type = GRPC (default)
2019-08-20 18:47:16,695 [main] INFO  grpc.GrpcFactory (GrpcFactory.java:checkPooledByteBufAllocatorUseCacheForAllThreads(45)) - PERFORMANCE WARNING: useCacheForAllThreads is true that may cause Netty to create a lot garbage objects and, as a result, trigger GC.
	It is recommended to disable useCacheForAllThreads by setting -Dorg.apache.ratis.thirdparty.io.netty.allocator.useCacheForAllThreads=false in command line.
2019-08-20 18:47:16,696 [main] INFO  grpc.GrpcConfigKeys$Server (ConfUtils.java:logGet(43)) - raft.grpc.server.port = 0 (default)
2019-08-20 18:47:16,696 [main] INFO  server.GrpcService (ConfUtils.java:logGet(43)) - raft.grpc.message.size.max = 33570816 (custom)
2019-08-20 18:47:16,696 [main] INFO  server.RaftServerConfigKeys (ConfUtils.java:logGet(43)) - raft.server.log.appender.buffer.byte-limit = 33554432 (custom)
2019-08-20 18:47:16,697 [main] INFO  server.GrpcService (ConfUtils.java:logGet(43)) - raft.grpc.flow.control.window = 1MB (=1048576) (default)
2019-08-20 18:47:16,697 [main] INFO  server.RaftServerConfigKeys (ConfUtils.java:logGet(43)) - raft.server.rpc.request.timeout = 3000ms (default)
2019-08-20 18:47:16,697 [main] INFO  server.RaftServerConfigKeys (ConfUtils.java:logGet(43)) - raft.server.storage.dir = [/workdir/hadoop-ozone/integration-test/target/test-dir/MiniOzoneClusterImpl-608c326c-aa6a-4be1-85ed-041816735c61/datanode-0/data/ratis] (custom)
2019-08-20 18:47:16,698 [main] INFO  replication.SimpleContainerDownloader (SimpleContainerDownloader.java:<init>(72)) - Starting container downloader service to copy containers to replicate.
2019-08-20 18:47:16,699 [main] INFO  hdfs.DFSUtil (DFSUtil.java:httpServerTemplateForNNAndJN(1641)) - Starting Web-server for hddsDatanode at: http://0.0.0.0:0
2019-08-20 18:47:16,701 [main] INFO  server.AuthenticationFilter (AuthenticationFilter.java:constructSecretProvider(240)) - Unable to initialize FileSignerSecretProvider, falling back to use random secrets.
2019-08-20 18:47:16,701 [main] WARN  http.HttpRequestLog (HttpRequestLog.java:getRequestLog(97)) - Jetty request log can only be enabled using Log4j
2019-08-20 18:47:16,703 [main] INFO  http.HttpServer2 (HttpServer2.java:addGlobalFilter(975)) - Added global filter 'safety' (class=org.apache.hadoop.http.HttpServer2$QuotingInputFilter)
2019-08-20 18:47:16,703 [main] INFO  http.HttpServer2 (HttpServer2.java:addFilter(948)) - Added filter static_user_filter (class=org.apache.hadoop.http.lib.StaticUserWebFilter$StaticUserFilter) to context hddsDatanode
2019-08-20 18:47:16,703 [main] INFO  http.HttpServer2 (HttpServer2.java:addFilter(958)) - Added filter static_user_filter (class=org.apache.hadoop.http.lib.StaticUserWebFilter$StaticUserFilter) to context static
2019-08-20 18:47:16,704 [main] INFO  http.HttpServer2 (HttpServer2.java:addFilter(958)) - Added filter static_user_filter (class=org.apache.hadoop.http.lib.StaticUserWebFilter$StaticUserFilter) to context logs
2019-08-20 18:47:16,704 [main] INFO  http.HttpServer2 (HttpServer2.java:bindListener(1191)) - Jetty bound to port 45992
2019-08-20 18:47:16,705 [main] INFO  server.Server (Server.java:doStart(351)) - jetty-9.3.24.v20180605, build timestamp: 2018-06-05T17:11:56Z, git hash: 84205aa28f11a4f31f2a3b86d1bba2cc8ab69827
2019-08-20 18:47:16,706 [main] INFO  handler.ContextHandler (ContextHandler.java:doStart(781)) - Started o.e.j.s.ServletContextHandler@3582077c{/logs,file:///workdir/hadoop-ozone/integration-test/target/log,AVAILABLE}
2019-08-20 18:47:16,707 [main] INFO  handler.ContextHandler (ContextHandler.java:doStart(781)) - Started o.e.j.s.ServletContextHandler@365fde74{/static,jar:file:/home/user/.m2/repository/org/apache/hadoop/hadoop-hdds-container-service/0.5.0-SNAPSHOT/hadoop-hdds-container-service-0.5.0-SNAPSHOT.jar!/webapps/static,AVAILABLE}
2019-08-20 18:47:16,742 [main] INFO  handler.ContextHandler (ContextHandler.java:doStart(781)) - Started o.e.j.w.WebAppContext@6345dc06{/,file:///tmp/jetty-0.0.0.0-45992-hddsDatanode-_-any-8858538565905093351.dir/webapp/,AVAILABLE}{/hddsDatanode}
2019-08-20 18:47:16,742 [main] INFO  server.AbstractConnector (AbstractConnector.java:doStart(278)) - Started ServerConnector@628d6320{HTTP/1.1,[http/1.1]}{0.0.0.0:45992}
2019-08-20 18:47:16,743 [main] INFO  server.Server (Server.java:doStart(419)) - Started @546369ms
2019-08-20 18:47:16,744 [main] INFO  server.BaseHttpServer (BaseHttpServer.java:updateConnectorAddress(213)) - HTTP server of HDDSDATANODE is listening at http://0.0.0.0:45992
2019-08-20 18:47:16,882 | INFO  | ObjectStoreRestHttpServer | Listening HDDS REST traffic on /0.0.0.0:41194 |  
2019-08-20 18:47:16,882 [main] INFO  ozone.HddsDatanodeService (HddsDatanodeService.java:startPlugins(395)) - Started plug-in org.apache.hadoop.ozone.web.OzoneHddsDatanodeService@118cbb26
2019-08-20 18:47:16,882 [main] INFO  impl.MetricsSystemImpl (MetricsSystemImpl.java:init(158)) - HddsDatanode metrics system started (again)
2019-08-20 18:47:16,885 [org.apache.hadoop.util.JvmPauseMonitor$Monitor@75bd774c] INFO  util.JvmPauseMonitor (JvmPauseMonitor.java:run(188)) - Starting JVM pause monitor
2019-08-20 18:47:16,885 [main] INFO  ozone.HddsDatanodeService (HddsDatanodeService.java:start(184)) - HddsDatanodeService host:pr-hdds-165-w559s-1850982102 ip:192.168.69.105
2019-08-20 18:47:16,887 [Datanode State Machine Thread - 0] INFO  datanode.InitDatanodeState (InitDatanodeState.java:persistContainerDatanodeDetails(140)) - DatanodeDetails is persisted to /workdir/hadoop-ozone/integration-test/target/test-dir/MiniOzoneClusterImpl-608c326c-aa6a-4be1-85ed-041816735c61/datanode-0/meta/datanode.id
2019-08-20 18:47:16,895 [main] INFO  volume.HddsVolume (HddsVolume.java:<init>(176)) - Creating Volume: /workdir/hadoop-ozone/integration-test/target/test-dir/MiniOzoneClusterImpl-608c326c-aa6a-4be1-85ed-041816735c61/datanode-1/data/containers/hdds of  storage type : DISK and capacity : 1482555576320
2019-08-20 18:47:16,896 [main] INFO  volume.VolumeSet (VolumeSet.java:initializeVolumeSet(170)) - Added Volume : /workdir/hadoop-ozone/integration-test/target/test-dir/MiniOzoneClusterImpl-608c326c-aa6a-4be1-85ed-041816735c61/datanode-1/data/containers/hdds to VolumeSet
2019-08-20 18:47:16,896 [main] INFO  volume.ThrottledAsyncChecker (ThrottledAsyncChecker.java:schedule(140)) - Scheduling a check for org.apache.hadoop.ozone.container.common.volume.HddsVolume@35e0d91e
2019-08-20 18:47:16,896 [main] INFO  volume.HddsVolumeChecker (HddsVolumeChecker.java:checkAllVolumes(203)) - Scheduled health check for volume org.apache.hadoop.ozone.container.common.volume.HddsVolume@35e0d91e
2019-08-20 18:47:16,912 [main] INFO  impl.RaftServerProxy (ConfUtils.java:logGet(43)) - raft.rpc.type = GRPC (default)
2019-08-20 18:47:16,912 [main] INFO  grpc.GrpcFactory (GrpcFactory.java:checkPooledByteBufAllocatorUseCacheForAllThreads(45)) - PERFORMANCE WARNING: useCacheForAllThreads is true that may cause Netty to create a lot garbage objects and, as a result, trigger GC.
	It is recommended to disable useCacheForAllThreads by setting -Dorg.apache.ratis.thirdparty.io.netty.allocator.useCacheForAllThreads=false in command line.
2019-08-20 18:47:16,912 [main] INFO  grpc.GrpcConfigKeys$Server (ConfUtils.java:logGet(43)) - raft.grpc.server.port = 0 (default)
2019-08-20 18:47:16,913 [main] INFO  server.GrpcService (ConfUtils.java:logGet(43)) - raft.grpc.message.size.max = 33570816 (custom)
2019-08-20 18:47:16,913 [main] INFO  server.RaftServerConfigKeys (ConfUtils.java:logGet(43)) - raft.server.log.appender.buffer.byte-limit = 33554432 (custom)
2019-08-20 18:47:16,913 [main] INFO  server.GrpcService (ConfUtils.java:logGet(43)) - raft.grpc.flow.control.window = 1MB (=1048576) (default)
2019-08-20 18:47:16,913 [main] INFO  server.RaftServerConfigKeys (ConfUtils.java:logGet(43)) - raft.server.rpc.request.timeout = 3000ms (default)
2019-08-20 18:47:16,914 [main] INFO  server.RaftServerConfigKeys (ConfUtils.java:logGet(43)) - raft.server.storage.dir = [/workdir/hadoop-ozone/integration-test/target/test-dir/MiniOzoneClusterImpl-608c326c-aa6a-4be1-85ed-041816735c61/datanode-1/data/ratis] (custom)
2019-08-20 18:47:16,914 [main] INFO  replication.SimpleContainerDownloader (SimpleContainerDownloader.java:<init>(72)) - Starting container downloader service to copy containers to replicate.
2019-08-20 18:47:16,915 [main] INFO  hdfs.DFSUtil (DFSUtil.java:httpServerTemplateForNNAndJN(1641)) - Starting Web-server for hddsDatanode at: http://0.0.0.0:0
2019-08-20 18:47:16,917 [main] INFO  server.AuthenticationFilter (AuthenticationFilter.java:constructSecretProvider(240)) - Unable to initialize FileSignerSecretProvider, falling back to use random secrets.
2019-08-20 18:47:16,918 [main] WARN  http.HttpRequestLog (HttpRequestLog.java:getRequestLog(97)) - Jetty request log can only be enabled using Log4j
2019-08-20 18:47:16,919 [main] INFO  http.HttpServer2 (HttpServer2.java:addGlobalFilter(975)) - Added global filter 'safety' (class=org.apache.hadoop.http.HttpServer2$QuotingInputFilter)
2019-08-20 18:47:16,920 [main] INFO  http.HttpServer2 (HttpServer2.java:addFilter(948)) - Added filter static_user_filter (class=org.apache.hadoop.http.lib.StaticUserWebFilter$StaticUserFilter) to context hddsDatanode
2019-08-20 18:47:16,920 [main] INFO  http.HttpServer2 (HttpServer2.java:addFilter(958)) - Added filter static_user_filter (class=org.apache.hadoop.http.lib.StaticUserWebFilter$StaticUserFilter) to context logs
2019-08-20 18:47:16,921 [main] INFO  http.HttpServer2 (HttpServer2.java:addFilter(958)) - Added filter static_user_filter (class=org.apache.hadoop.http.lib.StaticUserWebFilter$StaticUserFilter) to context static
2019-08-20 18:47:16,921 [main] INFO  http.HttpServer2 (HttpServer2.java:bindListener(1191)) - Jetty bound to port 45300
2019-08-20 18:47:16,922 [main] INFO  server.Server (Server.java:doStart(351)) - jetty-9.3.24.v20180605, build timestamp: 2018-06-05T17:11:56Z, git hash: 84205aa28f11a4f31f2a3b86d1bba2cc8ab69827
2019-08-20 18:47:16,924 [main] INFO  handler.ContextHandler (ContextHandler.java:doStart(781)) - Started o.e.j.s.ServletContextHandler@cfe881a{/logs,file:///workdir/hadoop-ozone/integration-test/target/log,AVAILABLE}
2019-08-20 18:47:16,924 [main] INFO  handler.ContextHandler (ContextHandler.java:doStart(781)) - Started o.e.j.s.ServletContextHandler@61bfd7da{/static,jar:file:/home/user/.m2/repository/org/apache/hadoop/hadoop-hdds-container-service/0.5.0-SNAPSHOT/hadoop-hdds-container-service-0.5.0-SNAPSHOT.jar!/webapps/static,AVAILABLE}
2019-08-20 18:47:16,955 [main] INFO  handler.ContextHandler (ContextHandler.java:doStart(781)) - Started o.e.j.w.WebAppContext@699fe19f{/,file:///tmp/jetty-0.0.0.0-45300-hddsDatanode-_-any-7670899644842650293.dir/webapp/,AVAILABLE}{/hddsDatanode}
2019-08-20 18:47:16,955 [main] INFO  server.AbstractConnector (AbstractConnector.java:doStart(278)) - Started ServerConnector@2357f000{HTTP/1.1,[http/1.1]}{0.0.0.0:45300}
2019-08-20 18:47:16,955 [main] INFO  server.Server (Server.java:doStart(419)) - Started @546581ms
2019-08-20 18:47:16,957 [main] INFO  server.BaseHttpServer (BaseHttpServer.java:updateConnectorAddress(213)) - HTTP server of HDDSDATANODE is listening at http://0.0.0.0:45300
2019-08-20 18:47:17,082 | INFO  | ObjectStoreRestHttpServer | Listening HDDS REST traffic on /0.0.0.0:33925 |  
2019-08-20 18:47:17,083 [main] INFO  ozone.HddsDatanodeService (HddsDatanodeService.java:startPlugins(395)) - Started plug-in org.apache.hadoop.ozone.web.OzoneHddsDatanodeService@5911dd25
2019-08-20 18:47:17,083 [main] INFO  impl.MetricsSystemImpl (MetricsSystemImpl.java:init(158)) - HddsDatanode metrics system started (again)
2019-08-20 18:47:17,085 [main] INFO  ozone.HddsDatanodeService (HddsDatanodeService.java:start(184)) - HddsDatanodeService host:pr-hdds-165-w559s-1850982102 ip:192.168.69.105
2019-08-20 18:47:17,086 [org.apache.hadoop.util.JvmPauseMonitor$Monitor@5fc1f64e] INFO  util.JvmPauseMonitor (JvmPauseMonitor.java:run(188)) - Starting JVM pause monitor
2019-08-20 18:47:17,087 [Datanode State Machine Thread - 0] INFO  datanode.InitDatanodeState (InitDatanodeState.java:persistContainerDatanodeDetails(140)) - DatanodeDetails is persisted to /workdir/hadoop-ozone/integration-test/target/test-dir/MiniOzoneClusterImpl-608c326c-aa6a-4be1-85ed-041816735c61/datanode-1/meta/datanode.id
2019-08-20 18:47:17,096 [main] INFO  volume.HddsVolume (HddsVolume.java:<init>(176)) - Creating Volume: /workdir/hadoop-ozone/integration-test/target/test-dir/MiniOzoneClusterImpl-608c326c-aa6a-4be1-85ed-041816735c61/datanode-2/data/containers/hdds of  storage type : DISK and capacity : 1482555576320
2019-08-20 18:47:17,096 [main] INFO  volume.VolumeSet (VolumeSet.java:initializeVolumeSet(170)) - Added Volume : /workdir/hadoop-ozone/integration-test/target/test-dir/MiniOzoneClusterImpl-608c326c-aa6a-4be1-85ed-041816735c61/datanode-2/data/containers/hdds to VolumeSet
2019-08-20 18:47:17,096 [main] INFO  volume.ThrottledAsyncChecker (ThrottledAsyncChecker.java:schedule(140)) - Scheduling a check for org.apache.hadoop.ozone.container.common.volume.HddsVolume@59d8a968
2019-08-20 18:47:17,097 [main] INFO  volume.HddsVolumeChecker (HddsVolumeChecker.java:checkAllVolumes(203)) - Scheduled health check for volume org.apache.hadoop.ozone.container.common.volume.HddsVolume@59d8a968
2019-08-20 18:47:17,110 [main] INFO  impl.RaftServerProxy (ConfUtils.java:logGet(43)) - raft.rpc.type = GRPC (default)
2019-08-20 18:47:17,110 [main] INFO  grpc.GrpcFactory (GrpcFactory.java:checkPooledByteBufAllocatorUseCacheForAllThreads(45)) - PERFORMANCE WARNING: useCacheForAllThreads is true that may cause Netty to create a lot garbage objects and, as a result, trigger GC.
	It is recommended to disable useCacheForAllThreads by setting -Dorg.apache.ratis.thirdparty.io.netty.allocator.useCacheForAllThreads=false in command line.
2019-08-20 18:47:17,110 [main] INFO  grpc.GrpcConfigKeys$Server (ConfUtils.java:logGet(43)) - raft.grpc.server.port = 0 (default)
2019-08-20 18:47:17,110 [main] INFO  server.GrpcService (ConfUtils.java:logGet(43)) - raft.grpc.message.size.max = 33570816 (custom)
2019-08-20 18:47:17,110 [main] INFO  server.RaftServerConfigKeys (ConfUtils.java:logGet(43)) - raft.server.log.appender.buffer.byte-limit = 33554432 (custom)
2019-08-20 18:47:17,110 [main] INFO  server.GrpcService (ConfUtils.java:logGet(43)) - raft.grpc.flow.control.window = 1MB (=1048576) (default)
2019-08-20 18:47:17,111 [main] INFO  server.RaftServerConfigKeys (ConfUtils.java:logGet(43)) - raft.server.rpc.request.timeout = 3000ms (default)
2019-08-20 18:47:17,111 [main] INFO  server.RaftServerConfigKeys (ConfUtils.java:logGet(43)) - raft.server.storage.dir = [/workdir/hadoop-ozone/integration-test/target/test-dir/MiniOzoneClusterImpl-608c326c-aa6a-4be1-85ed-041816735c61/datanode-2/data/ratis] (custom)
2019-08-20 18:47:17,111 [main] INFO  replication.SimpleContainerDownloader (SimpleContainerDownloader.java:<init>(72)) - Starting container downloader service to copy containers to replicate.
2019-08-20 18:47:17,112 [main] INFO  hdfs.DFSUtil (DFSUtil.java:httpServerTemplateForNNAndJN(1641)) - Starting Web-server for hddsDatanode at: http://0.0.0.0:0
2019-08-20 18:47:17,113 [main] INFO  server.AuthenticationFilter (AuthenticationFilter.java:constructSecretProvider(240)) - Unable to initialize FileSignerSecretProvider, falling back to use random secrets.
2019-08-20 18:47:17,114 [main] WARN  http.HttpRequestLog (HttpRequestLog.java:getRequestLog(97)) - Jetty request log can only be enabled using Log4j
2019-08-20 18:47:17,115 [main] INFO  http.HttpServer2 (HttpServer2.java:addGlobalFilter(975)) - Added global filter 'safety' (class=org.apache.hadoop.http.HttpServer2$QuotingInputFilter)
2019-08-20 18:47:17,115 [main] INFO  http.HttpServer2 (HttpServer2.java:addFilter(948)) - Added filter static_user_filter (class=org.apache.hadoop.http.lib.StaticUserWebFilter$StaticUserFilter) to context hddsDatanode
2019-08-20 18:47:17,115 [main] INFO  http.HttpServer2 (HttpServer2.java:addFilter(958)) - Added filter static_user_filter (class=org.apache.hadoop.http.lib.StaticUserWebFilter$StaticUserFilter) to context logs
2019-08-20 18:47:17,115 [main] INFO  http.HttpServer2 (HttpServer2.java:addFilter(958)) - Added filter static_user_filter (class=org.apache.hadoop.http.lib.StaticUserWebFilter$StaticUserFilter) to context static
2019-08-20 18:47:17,116 [main] INFO  http.HttpServer2 (HttpServer2.java:bindListener(1191)) - Jetty bound to port 44377
2019-08-20 18:47:17,116 [main] INFO  server.Server (Server.java:doStart(351)) - jetty-9.3.24.v20180605, build timestamp: 2018-06-05T17:11:56Z, git hash: 84205aa28f11a4f31f2a3b86d1bba2cc8ab69827
2019-08-20 18:47:17,118 [main] INFO  handler.ContextHandler (ContextHandler.java:doStart(781)) - Started o.e.j.s.ServletContextHandler@2582e213{/logs,file:///workdir/hadoop-ozone/integration-test/target/log,AVAILABLE}
2019-08-20 18:47:17,118 [main] INFO  handler.ContextHandler (ContextHandler.java:doStart(781)) - Started o.e.j.s.ServletContextHandler@441798ce{/static,jar:file:/home/user/.m2/repository/org/apache/hadoop/hadoop-hdds-container-service/0.5.0-SNAPSHOT/hadoop-hdds-container-service-0.5.0-SNAPSHOT.jar!/webapps/static,AVAILABLE}
2019-08-20 18:47:17,144 [main] INFO  handler.ContextHandler (ContextHandler.java:doStart(781)) - Started o.e.j.w.WebAppContext@d9ff1cd{/,file:///tmp/jetty-0.0.0.0-44377-hddsDatanode-_-any-9121878632199210845.dir/webapp/,AVAILABLE}{/hddsDatanode}
2019-08-20 18:47:17,145 [main] INFO  server.AbstractConnector (AbstractConnector.java:doStart(278)) - Started ServerConnector@2c64ee53{HTTP/1.1,[http/1.1]}{0.0.0.0:44377}
2019-08-20 18:47:17,145 [main] INFO  server.Server (Server.java:doStart(419)) - Started @546771ms
2019-08-20 18:47:17,146 [main] INFO  server.BaseHttpServer (BaseHttpServer.java:updateConnectorAddress(213)) - HTTP server of HDDSDATANODE is listening at http://0.0.0.0:44377
2019-08-20 18:47:17,435 | INFO  | ObjectStoreRestHttpServer | Listening HDDS REST traffic on /0.0.0.0:45506 |  
2019-08-20 18:47:17,435 [main] INFO  ozone.HddsDatanodeService (HddsDatanodeService.java:startPlugins(395)) - Started plug-in org.apache.hadoop.ozone.web.OzoneHddsDatanodeService@5292d417
2019-08-20 18:47:17,438 [main] INFO  impl.MetricsSystemImpl (MetricsSystemImpl.java:init(158)) - HddsDatanode metrics system started (again)
2019-08-20 18:47:17,507 [org.apache.hadoop.util.JvmPauseMonitor$Monitor@19eafdae] INFO  util.JvmPauseMonitor (JvmPauseMonitor.java:run(188)) - Starting JVM pause monitor
2019-08-20 18:47:17,508 [main] INFO  ozone.HddsDatanodeService (HddsDatanodeService.java:start(184)) - HddsDatanodeService host:pr-hdds-165-w559s-1850982102 ip:192.168.69.105
2019-08-20 18:47:17,509 [Datanode State Machine Thread - 0] INFO  datanode.InitDatanodeState (InitDatanodeState.java:persistContainerDatanodeDetails(140)) - DatanodeDetails is persisted to /workdir/hadoop-ozone/integration-test/target/test-dir/MiniOzoneClusterImpl-608c326c-aa6a-4be1-85ed-041816735c61/datanode-2/meta/datanode.id
2019-08-20 18:47:17,520 [main] INFO  volume.HddsVolume (HddsVolume.java:<init>(176)) - Creating Volume: /workdir/hadoop-ozone/integration-test/target/test-dir/MiniOzoneClusterImpl-608c326c-aa6a-4be1-85ed-041816735c61/datanode-3/data/containers/hdds of  storage type : DISK and capacity : 1482555576320
2019-08-20 18:47:17,521 [main] INFO  volume.VolumeSet (VolumeSet.java:initializeVolumeSet(170)) - Added Volume : /workdir/hadoop-ozone/integration-test/target/test-dir/MiniOzoneClusterImpl-608c326c-aa6a-4be1-85ed-041816735c61/datanode-3/data/containers/hdds to VolumeSet
2019-08-20 18:47:17,521 [main] INFO  volume.ThrottledAsyncChecker (ThrottledAsyncChecker.java:schedule(140)) - Scheduling a check for org.apache.hadoop.ozone.container.common.volume.HddsVolume@47ccbbd5
2019-08-20 18:47:17,522 [main] INFO  volume.HddsVolumeChecker (HddsVolumeChecker.java:checkAllVolumes(203)) - Scheduled health check for volume org.apache.hadoop.ozone.container.common.volume.HddsVolume@47ccbbd5
2019-08-20 18:47:17,536 [main] INFO  impl.RaftServerProxy (ConfUtils.java:logGet(43)) - raft.rpc.type = GRPC (default)
2019-08-20 18:47:17,537 [main] INFO  grpc.GrpcFactory (GrpcFactory.java:checkPooledByteBufAllocatorUseCacheForAllThreads(45)) - PERFORMANCE WARNING: useCacheForAllThreads is true that may cause Netty to create a lot garbage objects and, as a result, trigger GC.
	It is recommended to disable useCacheForAllThreads by setting -Dorg.apache.ratis.thirdparty.io.netty.allocator.useCacheForAllThreads=false in command line.
2019-08-20 18:47:17,537 [main] INFO  grpc.GrpcConfigKeys$Server (ConfUtils.java:logGet(43)) - raft.grpc.server.port = 0 (default)
2019-08-20 18:47:17,537 [main] INFO  server.GrpcService (ConfUtils.java:logGet(43)) - raft.grpc.message.size.max = 33570816 (custom)
2019-08-20 18:47:17,537 [main] INFO  server.RaftServerConfigKeys (ConfUtils.java:logGet(43)) - raft.server.log.appender.buffer.byte-limit = 33554432 (custom)
2019-08-20 18:47:17,538 [main] INFO  server.GrpcService (ConfUtils.java:logGet(43)) - raft.grpc.flow.control.window = 1MB (=1048576) (default)
2019-08-20 18:47:17,538 [main] INFO  server.RaftServerConfigKeys (ConfUtils.java:logGet(43)) - raft.server.rpc.request.timeout = 3000ms (default)
2019-08-20 18:47:17,538 [main] INFO  server.RaftServerConfigKeys (ConfUtils.java:logGet(43)) - raft.server.storage.dir = [/workdir/hadoop-ozone/integration-test/target/test-dir/MiniOzoneClusterImpl-608c326c-aa6a-4be1-85ed-041816735c61/datanode-3/data/ratis] (custom)
2019-08-20 18:47:17,539 [main] INFO  replication.SimpleContainerDownloader (SimpleContainerDownloader.java:<init>(72)) - Starting container downloader service to copy containers to replicate.
2019-08-20 18:47:17,540 [main] INFO  hdfs.DFSUtil (DFSUtil.java:httpServerTemplateForNNAndJN(1641)) - Starting Web-server for hddsDatanode at: http://0.0.0.0:0
2019-08-20 18:47:17,541 [main] INFO  server.AuthenticationFilter (AuthenticationFilter.java:constructSecretProvider(240)) - Unable to initialize FileSignerSecretProvider, falling back to use random secrets.
2019-08-20 18:47:17,542 [main] WARN  http.HttpRequestLog (HttpRequestLog.java:getRequestLog(97)) - Jetty request log can only be enabled using Log4j
2019-08-20 18:47:17,543 [main] INFO  http.HttpServer2 (HttpServer2.java:addGlobalFilter(975)) - Added global filter 'safety' (class=org.apache.hadoop.http.HttpServer2$QuotingInputFilter)
2019-08-20 18:47:17,543 [main] INFO  http.HttpServer2 (HttpServer2.java:addFilter(948)) - Added filter static_user_filter (class=org.apache.hadoop.http.lib.StaticUserWebFilter$StaticUserFilter) to context hddsDatanode
2019-08-20 18:47:17,544 [main] INFO  http.HttpServer2 (HttpServer2.java:addFilter(958)) - Added filter static_user_filter (class=org.apache.hadoop.http.lib.StaticUserWebFilter$StaticUserFilter) to context logs
2019-08-20 18:47:17,544 [main] INFO  http.HttpServer2 (HttpServer2.java:addFilter(958)) - Added filter static_user_filter (class=org.apache.hadoop.http.lib.StaticUserWebFilter$StaticUserFilter) to context static
2019-08-20 18:47:17,544 [main] INFO  http.HttpServer2 (HttpServer2.java:bindListener(1191)) - Jetty bound to port 43235
2019-08-20 18:47:17,545 [main] INFO  server.Server (Server.java:doStart(351)) - jetty-9.3.24.v20180605, build timestamp: 2018-06-05T17:11:56Z, git hash: 84205aa28f11a4f31f2a3b86d1bba2cc8ab69827
2019-08-20 18:47:17,546 [main] INFO  handler.ContextHandler (ContextHandler.java:doStart(781)) - Started o.e.j.s.ServletContextHandler@213d5189{/logs,file:///workdir/hadoop-ozone/integration-test/target/log,AVAILABLE}
2019-08-20 18:47:17,546 [main] INFO  handler.ContextHandler (ContextHandler.java:doStart(781)) - Started o.e.j.s.ServletContextHandler@39068df9{/static,jar:file:/home/user/.m2/repository/org/apache/hadoop/hadoop-hdds-container-service/0.5.0-SNAPSHOT/hadoop-hdds-container-service-0.5.0-SNAPSHOT.jar!/webapps/static,AVAILABLE}
2019-08-20 18:47:17,575 [main] INFO  handler.ContextHandler (ContextHandler.java:doStart(781)) - Started o.e.j.w.WebAppContext@1a5ea4cf{/,file:///tmp/jetty-0.0.0.0-43235-hddsDatanode-_-any-3039697296227919833.dir/webapp/,AVAILABLE}{/hddsDatanode}
2019-08-20 18:47:17,576 [main] INFO  server.AbstractConnector (AbstractConnector.java:doStart(278)) - Started ServerConnector@33e80a27{HTTP/1.1,[http/1.1]}{0.0.0.0:43235}
2019-08-20 18:47:17,576 [main] INFO  server.Server (Server.java:doStart(419)) - Started @547202ms
2019-08-20 18:47:17,578 [main] INFO  server.BaseHttpServer (BaseHttpServer.java:updateConnectorAddress(213)) - HTTP server of HDDSDATANODE is listening at http://0.0.0.0:43235
2019-08-20 18:47:17,705 | INFO  | ObjectStoreRestHttpServer | Listening HDDS REST traffic on /0.0.0.0:39968 |  
2019-08-20 18:47:17,705 [main] INFO  ozone.HddsDatanodeService (HddsDatanodeService.java:startPlugins(395)) - Started plug-in org.apache.hadoop.ozone.web.OzoneHddsDatanodeService@2ffc9be
2019-08-20 18:47:17,706 [main] INFO  impl.MetricsSystemImpl (MetricsSystemImpl.java:init(158)) - HddsDatanode metrics system started (again)
2019-08-20 18:47:17,709 [org.apache.hadoop.util.JvmPauseMonitor$Monitor@612ef1dd] INFO  util.JvmPauseMonitor (JvmPauseMonitor.java:run(188)) - Starting JVM pause monitor
2019-08-20 18:47:17,709 [main] INFO  ozone.HddsDatanodeService (HddsDatanodeService.java:start(184)) - HddsDatanodeService host:pr-hdds-165-w559s-1850982102 ip:192.168.69.105
2019-08-20 18:47:17,711 [Datanode State Machine Thread - 0] INFO  datanode.InitDatanodeState (InitDatanodeState.java:persistContainerDatanodeDetails(140)) - DatanodeDetails is persisted to /workdir/hadoop-ozone/integration-test/target/test-dir/MiniOzoneClusterImpl-608c326c-aa6a-4be1-85ed-041816735c61/datanode-3/meta/datanode.id
2019-08-20 18:47:17,720 [main] INFO  volume.HddsVolume (HddsVolume.java:<init>(176)) - Creating Volume: /workdir/hadoop-ozone/integration-test/target/test-dir/MiniOzoneClusterImpl-608c326c-aa6a-4be1-85ed-041816735c61/datanode-4/data/containers/hdds of  storage type : DISK and capacity : 1482555576320
2019-08-20 18:47:17,721 [main] INFO  volume.VolumeSet (VolumeSet.java:initializeVolumeSet(170)) - Added Volume : /workdir/hadoop-ozone/integration-test/target/test-dir/MiniOzoneClusterImpl-608c326c-aa6a-4be1-85ed-041816735c61/datanode-4/data/containers/hdds to VolumeSet
2019-08-20 18:47:17,721 [main] INFO  volume.ThrottledAsyncChecker (ThrottledAsyncChecker.java:schedule(140)) - Scheduling a check for org.apache.hadoop.ozone.container.common.volume.HddsVolume@4ee9daf5
2019-08-20 18:47:17,721 [main] INFO  volume.HddsVolumeChecker (HddsVolumeChecker.java:checkAllVolumes(203)) - Scheduled health check for volume org.apache.hadoop.ozone.container.common.volume.HddsVolume@4ee9daf5
2019-08-20 18:47:17,737 [main] INFO  impl.RaftServerProxy (ConfUtils.java:logGet(43)) - raft.rpc.type = GRPC (default)
2019-08-20 18:47:17,737 [main] INFO  grpc.GrpcFactory (GrpcFactory.java:checkPooledByteBufAllocatorUseCacheForAllThreads(45)) - PERFORMANCE WARNING: useCacheForAllThreads is true that may cause Netty to create a lot garbage objects and, as a result, trigger GC.
	It is recommended to disable useCacheForAllThreads by setting -Dorg.apache.ratis.thirdparty.io.netty.allocator.useCacheForAllThreads=false in command line.
2019-08-20 18:47:17,738 [main] INFO  grpc.GrpcConfigKeys$Server (ConfUtils.java:logGet(43)) - raft.grpc.server.port = 0 (default)
2019-08-20 18:47:17,738 [main] INFO  server.GrpcService (ConfUtils.java:logGet(43)) - raft.grpc.message.size.max = 33570816 (custom)
2019-08-20 18:47:17,738 [main] INFO  server.RaftServerConfigKeys (ConfUtils.java:logGet(43)) - raft.server.log.appender.buffer.byte-limit = 33554432 (custom)
2019-08-20 18:47:17,738 [main] INFO  server.GrpcService (ConfUtils.java:logGet(43)) - raft.grpc.flow.control.window = 1MB (=1048576) (default)
2019-08-20 18:47:17,739 [main] INFO  server.RaftServerConfigKeys (ConfUtils.java:logGet(43)) - raft.server.rpc.request.timeout = 3000ms (default)
2019-08-20 18:47:17,739 [main] INFO  server.RaftServerConfigKeys (ConfUtils.java:logGet(43)) - raft.server.storage.dir = [/workdir/hadoop-ozone/integration-test/target/test-dir/MiniOzoneClusterImpl-608c326c-aa6a-4be1-85ed-041816735c61/datanode-4/data/ratis] (custom)
2019-08-20 18:47:17,739 [main] INFO  replication.SimpleContainerDownloader (SimpleContainerDownloader.java:<init>(72)) - Starting container downloader service to copy containers to replicate.
2019-08-20 18:47:17,741 [main] INFO  hdfs.DFSUtil (DFSUtil.java:httpServerTemplateForNNAndJN(1641)) - Starting Web-server for hddsDatanode at: http://0.0.0.0:0
2019-08-20 18:47:17,743 [main] INFO  server.AuthenticationFilter (AuthenticationFilter.java:constructSecretProvider(240)) - Unable to initialize FileSignerSecretProvider, falling back to use random secrets.
2019-08-20 18:47:17,743 [main] WARN  http.HttpRequestLog (HttpRequestLog.java:getRequestLog(97)) - Jetty request log can only be enabled using Log4j
2019-08-20 18:47:17,745 [main] INFO  http.HttpServer2 (HttpServer2.java:addGlobalFilter(975)) - Added global filter 'safety' (class=org.apache.hadoop.http.HttpServer2$QuotingInputFilter)
2019-08-20 18:47:17,746 [main] INFO  http.HttpServer2 (HttpServer2.java:addFilter(948)) - Added filter static_user_filter (class=org.apache.hadoop.http.lib.StaticUserWebFilter$StaticUserFilter) to context hddsDatanode
2019-08-20 18:47:17,746 [main] INFO  http.HttpServer2 (HttpServer2.java:addFilter(958)) - Added filter static_user_filter (class=org.apache.hadoop.http.lib.StaticUserWebFilter$StaticUserFilter) to context logs
2019-08-20 18:47:17,746 [main] INFO  http.HttpServer2 (HttpServer2.java:addFilter(958)) - Added filter static_user_filter (class=org.apache.hadoop.http.lib.StaticUserWebFilter$StaticUserFilter) to context static
2019-08-20 18:47:17,747 [main] INFO  http.HttpServer2 (HttpServer2.java:bindListener(1191)) - Jetty bound to port 36658
2019-08-20 18:47:17,747 [main] INFO  server.Server (Server.java:doStart(351)) - jetty-9.3.24.v20180605, build timestamp: 2018-06-05T17:11:56Z, git hash: 84205aa28f11a4f31f2a3b86d1bba2cc8ab69827
2019-08-20 18:47:17,749 [main] INFO  handler.ContextHandler (ContextHandler.java:doStart(781)) - Started o.e.j.s.ServletContextHandler@2100d881{/logs,file:///workdir/hadoop-ozone/integration-test/target/log,AVAILABLE}
2019-08-20 18:47:17,750 [main] INFO  handler.ContextHandler (ContextHandler.java:doStart(781)) - Started o.e.j.s.ServletContextHandler@59ac94ad{/static,jar:file:/home/user/.m2/repository/org/apache/hadoop/hadoop-hdds-container-service/0.5.0-SNAPSHOT/hadoop-hdds-container-service-0.5.0-SNAPSHOT.jar!/webapps/static,AVAILABLE}
2019-08-20 18:47:17,789 [main] INFO  handler.ContextHandler (ContextHandler.java:doStart(781)) - Started o.e.j.w.WebAppContext@2940eec0{/,file:///tmp/jetty-0.0.0.0-36658-hddsDatanode-_-any-3208966747623762792.dir/webapp/,AVAILABLE}{/hddsDatanode}
2019-08-20 18:47:17,790 [main] INFO  server.AbstractConnector (AbstractConnector.java:doStart(278)) - Started ServerConnector@57d6f569{HTTP/1.1,[http/1.1]}{0.0.0.0:36658}
2019-08-20 18:47:17,790 [main] INFO  server.Server (Server.java:doStart(419)) - Started @547416ms
2019-08-20 18:47:17,792 [main] INFO  server.BaseHttpServer (BaseHttpServer.java:updateConnectorAddress(213)) - HTTP server of HDDSDATANODE is listening at http://0.0.0.0:36658
2019-08-20 18:47:17,904 | INFO  | ObjectStoreRestHttpServer | Listening HDDS REST traffic on /0.0.0.0:35186 |  
2019-08-20 18:47:17,905 [main] INFO  ozone.HddsDatanodeService (HddsDatanodeService.java:startPlugins(395)) - Started plug-in org.apache.hadoop.ozone.web.OzoneHddsDatanodeService@670481b2
2019-08-20 18:47:17,905 [main] INFO  impl.MetricsSystemImpl (MetricsSystemImpl.java:init(158)) - HddsDatanode metrics system started (again)
2019-08-20 18:47:17,908 [main] INFO  ozone.HddsDatanodeService (HddsDatanodeService.java:start(184)) - HddsDatanodeService host:pr-hdds-165-w559s-1850982102 ip:192.168.69.105
2019-08-20 18:47:17,908 [org.apache.hadoop.util.JvmPauseMonitor$Monitor@77498983] INFO  util.JvmPauseMonitor (JvmPauseMonitor.java:run(188)) - Starting JVM pause monitor
2019-08-20 18:47:17,910 [Datanode State Machine Thread - 0] INFO  datanode.InitDatanodeState (InitDatanodeState.java:persistContainerDatanodeDetails(140)) - DatanodeDetails is persisted to /workdir/hadoop-ozone/integration-test/target/test-dir/MiniOzoneClusterImpl-608c326c-aa6a-4be1-85ed-041816735c61/datanode-4/meta/datanode.id
2019-08-20 18:47:17,920 [main] INFO  volume.HddsVolume (HddsVolume.java:<init>(176)) - Creating Volume: /workdir/hadoop-ozone/integration-test/target/test-dir/MiniOzoneClusterImpl-608c326c-aa6a-4be1-85ed-041816735c61/datanode-5/data/containers/hdds of  storage type : DISK and capacity : 1482555576320
2019-08-20 18:47:17,920 [main] INFO  volume.VolumeSet (VolumeSet.java:initializeVolumeSet(170)) - Added Volume : /workdir/hadoop-ozone/integration-test/target/test-dir/MiniOzoneClusterImpl-608c326c-aa6a-4be1-85ed-041816735c61/datanode-5/data/containers/hdds to VolumeSet
2019-08-20 18:47:17,920 [main] INFO  volume.ThrottledAsyncChecker (ThrottledAsyncChecker.java:schedule(140)) - Scheduling a check for org.apache.hadoop.ozone.container.common.volume.HddsVolume@51f91d19
2019-08-20 18:47:17,921 [main] INFO  volume.HddsVolumeChecker (HddsVolumeChecker.java:checkAllVolumes(203)) - Scheduled health check for volume org.apache.hadoop.ozone.container.common.volume.HddsVolume@51f91d19
2019-08-20 18:47:17,938 [main] INFO  impl.RaftServerProxy (ConfUtils.java:logGet(43)) - raft.rpc.type = GRPC (default)
2019-08-20 18:47:17,938 [main] INFO  grpc.GrpcFactory (GrpcFactory.java:checkPooledByteBufAllocatorUseCacheForAllThreads(45)) - PERFORMANCE WARNING: useCacheForAllThreads is true that may cause Netty to create a lot garbage objects and, as a result, trigger GC.
	It is recommended to disable useCacheForAllThreads by setting -Dorg.apache.ratis.thirdparty.io.netty.allocator.useCacheForAllThreads=false in command line.
2019-08-20 18:47:17,938 [main] INFO  grpc.GrpcConfigKeys$Server (ConfUtils.java:logGet(43)) - raft.grpc.server.port = 0 (default)
2019-08-20 18:47:17,938 [main] INFO  server.GrpcService (ConfUtils.java:logGet(43)) - raft.grpc.message.size.max = 33570816 (custom)
2019-08-20 18:47:17,939 [main] INFO  server.RaftServerConfigKeys (ConfUtils.java:logGet(43)) - raft.server.log.appender.buffer.byte-limit = 33554432 (custom)
2019-08-20 18:47:17,939 [main] INFO  server.GrpcService (ConfUtils.java:logGet(43)) - raft.grpc.flow.control.window = 1MB (=1048576) (default)
2019-08-20 18:47:17,939 [main] INFO  server.RaftServerConfigKeys (ConfUtils.java:logGet(43)) - raft.server.rpc.request.timeout = 3000ms (default)
2019-08-20 18:47:17,939 [main] INFO  server.RaftServerConfigKeys (ConfUtils.java:logGet(43)) - raft.server.storage.dir = [/workdir/hadoop-ozone/integration-test/target/test-dir/MiniOzoneClusterImpl-608c326c-aa6a-4be1-85ed-041816735c61/datanode-5/data/ratis] (custom)
2019-08-20 18:47:17,940 [main] INFO  replication.SimpleContainerDownloader (SimpleContainerDownloader.java:<init>(72)) - Starting container downloader service to copy containers to replicate.
2019-08-20 18:47:17,941 [main] INFO  hdfs.DFSUtil (DFSUtil.java:httpServerTemplateForNNAndJN(1641)) - Starting Web-server for hddsDatanode at: http://0.0.0.0:0
2019-08-20 18:47:17,942 [main] INFO  server.AuthenticationFilter (AuthenticationFilter.java:constructSecretProvider(240)) - Unable to initialize FileSignerSecretProvider, falling back to use random secrets.
2019-08-20 18:47:17,942 [main] WARN  http.HttpRequestLog (HttpRequestLog.java:getRequestLog(97)) - Jetty request log can only be enabled using Log4j
2019-08-20 18:47:17,943 [main] INFO  http.HttpServer2 (HttpServer2.java:addGlobalFilter(975)) - Added global filter 'safety' (class=org.apache.hadoop.http.HttpServer2$QuotingInputFilter)
2019-08-20 18:47:17,944 [main] INFO  http.HttpServer2 (HttpServer2.java:addFilter(948)) - Added filter static_user_filter (class=org.apache.hadoop.http.lib.StaticUserWebFilter$StaticUserFilter) to context hddsDatanode
2019-08-20 18:47:17,944 [main] INFO  http.HttpServer2 (HttpServer2.java:addFilter(958)) - Added filter static_user_filter (class=org.apache.hadoop.http.lib.StaticUserWebFilter$StaticUserFilter) to context logs
2019-08-20 18:47:17,944 [main] INFO  http.HttpServer2 (HttpServer2.java:addFilter(958)) - Added filter static_user_filter (class=org.apache.hadoop.http.lib.StaticUserWebFilter$StaticUserFilter) to context static
2019-08-20 18:47:17,945 [main] INFO  http.HttpServer2 (HttpServer2.java:bindListener(1191)) - Jetty bound to port 43670
2019-08-20 18:47:17,945 [main] INFO  server.Server (Server.java:doStart(351)) - jetty-9.3.24.v20180605, build timestamp: 2018-06-05T17:11:56Z, git hash: 84205aa28f11a4f31f2a3b86d1bba2cc8ab69827
2019-08-20 18:47:17,946 [main] INFO  handler.ContextHandler (ContextHandler.java:doStart(781)) - Started o.e.j.s.ServletContextHandler@4ab1ff80{/logs,file:///workdir/hadoop-ozone/integration-test/target/log,AVAILABLE}
2019-08-20 18:47:17,947 [main] INFO  handler.ContextHandler (ContextHandler.java:doStart(781)) - Started o.e.j.s.ServletContextHandler@13c79e0d{/static,jar:file:/home/user/.m2/repository/org/apache/hadoop/hadoop-hdds-container-service/0.5.0-SNAPSHOT/hadoop-hdds-container-service-0.5.0-SNAPSHOT.jar!/webapps/static,AVAILABLE}
2019-08-20 18:47:17,973 [main] INFO  handler.ContextHandler (ContextHandler.java:doStart(781)) - Started o.e.j.w.WebAppContext@353ac1ef{/,file:///tmp/jetty-0.0.0.0-43670-hddsDatanode-_-any-4895880421442910155.dir/webapp/,AVAILABLE}{/hddsDatanode}
2019-08-20 18:47:17,974 [main] INFO  server.AbstractConnector (AbstractConnector.java:doStart(278)) - Started ServerConnector@72c8de78{HTTP/1.1,[http/1.1]}{0.0.0.0:43670}
2019-08-20 18:47:17,974 [main] INFO  server.Server (Server.java:doStart(419)) - Started @547600ms
2019-08-20 18:47:17,976 [main] INFO  server.BaseHttpServer (BaseHttpServer.java:updateConnectorAddress(213)) - HTTP server of HDDSDATANODE is listening at http://0.0.0.0:43670
2019-08-20 18:47:18,103 | INFO  | ObjectStoreRestHttpServer | Listening HDDS REST traffic on /0.0.0.0:38531 |  
2019-08-20 18:47:18,103 [main] INFO  ozone.HddsDatanodeService (HddsDatanodeService.java:startPlugins(395)) - Started plug-in org.apache.hadoop.ozone.web.OzoneHddsDatanodeService@40fd9358
2019-08-20 18:47:18,104 [main] INFO  impl.MetricsSystemImpl (MetricsSystemImpl.java:init(158)) - HddsDatanode metrics system started (again)
2019-08-20 18:47:18,107 [org.apache.hadoop.util.JvmPauseMonitor$Monitor@c5abe7b] INFO  util.JvmPauseMonitor (JvmPauseMonitor.java:run(188)) - Starting JVM pause monitor
2019-08-20 18:47:18,107 [main] INFO  ozone.HddsDatanodeService (HddsDatanodeService.java:start(184)) - HddsDatanodeService host:pr-hdds-165-w559s-1850982102 ip:192.168.69.105
2019-08-20 18:47:18,109 [Datanode State Machine Thread - 0] INFO  datanode.InitDatanodeState (InitDatanodeState.java:persistContainerDatanodeDetails(140)) - DatanodeDetails is persisted to /workdir/hadoop-ozone/integration-test/target/test-dir/MiniOzoneClusterImpl-608c326c-aa6a-4be1-85ed-041816735c61/datanode-5/meta/datanode.id
2019-08-20 18:47:18,118 [main] INFO  volume.HddsVolume (HddsVolume.java:<init>(176)) - Creating Volume: /workdir/hadoop-ozone/integration-test/target/test-dir/MiniOzoneClusterImpl-608c326c-aa6a-4be1-85ed-041816735c61/datanode-6/data/containers/hdds of  storage type : DISK and capacity : 1482555576320
2019-08-20 18:47:18,118 [main] INFO  volume.VolumeSet (VolumeSet.java:initializeVolumeSet(170)) - Added Volume : /workdir/hadoop-ozone/integration-test/target/test-dir/MiniOzoneClusterImpl-608c326c-aa6a-4be1-85ed-041816735c61/datanode-6/data/containers/hdds to VolumeSet
2019-08-20 18:47:18,118 [main] INFO  volume.ThrottledAsyncChecker (ThrottledAsyncChecker.java:schedule(140)) - Scheduling a check for org.apache.hadoop.ozone.container.common.volume.HddsVolume@1c5c0d2a
2019-08-20 18:47:18,119 [main] INFO  volume.HddsVolumeChecker (HddsVolumeChecker.java:checkAllVolumes(203)) - Scheduled health check for volume org.apache.hadoop.ozone.container.common.volume.HddsVolume@1c5c0d2a
2019-08-20 18:47:18,135 [main] INFO  impl.RaftServerProxy (ConfUtils.java:logGet(43)) - raft.rpc.type = GRPC (default)
2019-08-20 18:47:18,136 [main] INFO  grpc.GrpcFactory (GrpcFactory.java:checkPooledByteBufAllocatorUseCacheForAllThreads(45)) - PERFORMANCE WARNING: useCacheForAllThreads is true that may cause Netty to create a lot garbage objects and, as a result, trigger GC.
	It is recommended to disable useCacheForAllThreads by setting -Dorg.apache.ratis.thirdparty.io.netty.allocator.useCacheForAllThreads=false in command line.
2019-08-20 18:47:18,136 [main] INFO  grpc.GrpcConfigKeys$Server (ConfUtils.java:logGet(43)) - raft.grpc.server.port = 0 (default)
2019-08-20 18:47:18,136 [main] INFO  server.GrpcService (ConfUtils.java:logGet(43)) - raft.grpc.message.size.max = 33570816 (custom)
2019-08-20 18:47:18,136 [main] INFO  server.RaftServerConfigKeys (ConfUtils.java:logGet(43)) - raft.server.log.appender.buffer.byte-limit = 33554432 (custom)
2019-08-20 18:47:18,137 [main] INFO  server.GrpcService (ConfUtils.java:logGet(43)) - raft.grpc.flow.control.window = 1MB (=1048576) (default)
2019-08-20 18:47:18,137 [main] INFO  server.RaftServerConfigKeys (ConfUtils.java:logGet(43)) - raft.server.rpc.request.timeout = 3000ms (default)
2019-08-20 18:47:18,137 [main] INFO  server.RaftServerConfigKeys (ConfUtils.java:logGet(43)) - raft.server.storage.dir = [/workdir/hadoop-ozone/integration-test/target/test-dir/MiniOzoneClusterImpl-608c326c-aa6a-4be1-85ed-041816735c61/datanode-6/data/ratis] (custom)
2019-08-20 18:47:18,138 [main] INFO  replication.SimpleContainerDownloader (SimpleContainerDownloader.java:<init>(72)) - Starting container downloader service to copy containers to replicate.
2019-08-20 18:47:18,140 [main] INFO  hdfs.DFSUtil (DFSUtil.java:httpServerTemplateForNNAndJN(1641)) - Starting Web-server for hddsDatanode at: http://0.0.0.0:0
2019-08-20 18:47:18,142 [main] INFO  server.AuthenticationFilter (AuthenticationFilter.java:constructSecretProvider(240)) - Unable to initialize FileSignerSecretProvider, falling back to use random secrets.
2019-08-20 18:47:18,143 [main] WARN  http.HttpRequestLog (HttpRequestLog.java:getRequestLog(97)) - Jetty request log can only be enabled using Log4j
2019-08-20 18:47:18,145 [main] INFO  http.HttpServer2 (HttpServer2.java:addGlobalFilter(975)) - Added global filter 'safety' (class=org.apache.hadoop.http.HttpServer2$QuotingInputFilter)
2019-08-20 18:47:18,145 [main] INFO  http.HttpServer2 (HttpServer2.java:addFilter(948)) - Added filter static_user_filter (class=org.apache.hadoop.http.lib.StaticUserWebFilter$StaticUserFilter) to context hddsDatanode
2019-08-20 18:47:18,146 [main] INFO  http.HttpServer2 (HttpServer2.java:addFilter(958)) - Added filter static_user_filter (class=org.apache.hadoop.http.lib.StaticUserWebFilter$StaticUserFilter) to context logs
2019-08-20 18:47:18,146 [main] INFO  http.HttpServer2 (HttpServer2.java:addFilter(958)) - Added filter static_user_filter (class=org.apache.hadoop.http.lib.StaticUserWebFilter$StaticUserFilter) to context static
2019-08-20 18:47:18,147 [main] INFO  http.HttpServer2 (HttpServer2.java:bindListener(1191)) - Jetty bound to port 40847
2019-08-20 18:47:18,147 [main] INFO  server.Server (Server.java:doStart(351)) - jetty-9.3.24.v20180605, build timestamp: 2018-06-05T17:11:56Z, git hash: 84205aa28f11a4f31f2a3b86d1bba2cc8ab69827
2019-08-20 18:47:18,149 [main] INFO  handler.ContextHandler (ContextHandler.java:doStart(781)) - Started o.e.j.s.ServletContextHandler@5d5b07e9{/logs,file:///workdir/hadoop-ozone/integration-test/target/log,AVAILABLE}
2019-08-20 18:47:18,150 [main] INFO  handler.ContextHandler (ContextHandler.java:doStart(781)) - Started o.e.j.s.ServletContextHandler@78ba0a57{/static,jar:file:/home/user/.m2/repository/org/apache/hadoop/hadoop-hdds-container-service/0.5.0-SNAPSHOT/hadoop-hdds-container-service-0.5.0-SNAPSHOT.jar!/webapps/static,AVAILABLE}
2019-08-20 18:47:18,190 [main] INFO  handler.ContextHandler (ContextHandler.java:doStart(781)) - Started o.e.j.w.WebAppContext@2380e8d4{/,file:///tmp/jetty-0.0.0.0-40847-hddsDatanode-_-any-1380243632236638387.dir/webapp/,AVAILABLE}{/hddsDatanode}
2019-08-20 18:47:18,191 [main] INFO  server.AbstractConnector (AbstractConnector.java:doStart(278)) - Started ServerConnector@53b5356{HTTP/1.1,[http/1.1]}{0.0.0.0:40847}
2019-08-20 18:47:18,195 [main] INFO  server.Server (Server.java:doStart(419)) - Started @547821ms
2019-08-20 18:47:18,196 [main] INFO  server.BaseHttpServer (BaseHttpServer.java:updateConnectorAddress(213)) - HTTP server of HDDSDATANODE is listening at http://0.0.0.0:40847
2019-08-20 18:47:18,318 | INFO  | ObjectStoreRestHttpServer | Listening HDDS REST traffic on /0.0.0.0:42058 |  
2019-08-20 18:47:18,319 [main] INFO  ozone.HddsDatanodeService (HddsDatanodeService.java:startPlugins(395)) - Started plug-in org.apache.hadoop.ozone.web.OzoneHddsDatanodeService@3dab9366
2019-08-20 18:47:18,320 [main] INFO  ozone.MiniOzoneClusterImpl (MiniOzoneClusterImpl.java:lambda$waitForClusterToBeReady$0(142)) - Waiting for cluster to be ready. Got 0 of 7 DN Heartbeats.
2019-08-20 18:47:18,321 [org.apache.hadoop.util.JvmPauseMonitor$Monitor@2cf98f88] INFO  util.JvmPauseMonitor (JvmPauseMonitor.java:run(188)) - Starting JVM pause monitor
2019-08-20 18:47:18,323 [Datanode State Machine Thread - 0] INFO  datanode.InitDatanodeState (InitDatanodeState.java:persistContainerDatanodeDetails(140)) - DatanodeDetails is persisted to /workdir/hadoop-ozone/integration-test/target/test-dir/MiniOzoneClusterImpl-608c326c-aa6a-4be1-85ed-041816735c61/datanode-6/meta/datanode.id
2019-08-20 18:47:18,893 | INFO  | SCMAudit | user=jenkins1000 | ip=192.168.69.105 | op=GET_VERSION null | ret=SUCCESS |  
2019-08-20 18:47:18,909 [Datanode State Machine Thread - 0] INFO  ozoneimpl.OzoneContainer (OzoneContainer.java:start(186)) - Attempting to start container services.
2019-08-20 18:47:18,910 [Datanode State Machine Thread - 0] INFO  ozoneimpl.OzoneContainer (OzoneContainer.java:startContainerScrub(160)) - Background container scrubber has been disabled by hdds.containerscrub.enabled
2019-08-20 18:47:18,910 [Datanode State Machine Thread - 0] INFO  ratis.XceiverServerRatis (XceiverServerRatis.java:start(404)) - Starting XceiverServerRatis cdb5f687-1183-4537-b7fe-600d71f89ce8 at port 0
2019-08-20 18:47:18,917 [Datanode State Machine Thread - 0] INFO  impl.RaftServerProxy (RaftServerProxy.java:lambda$start$3(299)) - cdb5f687-1183-4537-b7fe-600d71f89ce8: start RPC server
2019-08-20 18:47:18,920 [Datanode State Machine Thread - 0] INFO  server.GrpcService (GrpcService.java:startImpl(149)) - cdb5f687-1183-4537-b7fe-600d71f89ce8: GrpcService started, listening on 0.0.0.0/0.0.0.0:33632
2019-08-20 18:47:18,920 [Datanode State Machine Thread - 0] INFO  ratis.XceiverServerRatis (XceiverServerRatis.java:start(414)) - XceiverServerRatis cdb5f687-1183-4537-b7fe-600d71f89ce8 is started using port 33632
2019-08-20 18:47:18,921 [Datanode State Machine Thread - 0] INFO  server.XceiverServerGrpc (XceiverServerGrpc.java:start(161)) - XceiverServerGrpc cdb5f687-1183-4537-b7fe-600d71f89ce8 is started using port 40648
2019-08-20 18:47:19,087 | INFO  | SCMAudit | user=jenkins1000 | ip=192.168.69.105 | op=GET_VERSION null | ret=SUCCESS |  
2019-08-20 18:47:19,102 [Datanode State Machine Thread - 0] INFO  ozoneimpl.OzoneContainer (OzoneContainer.java:start(186)) - Attempting to start container services.
2019-08-20 18:47:19,102 [Datanode State Machine Thread - 0] INFO  ozoneimpl.OzoneContainer (OzoneContainer.java:startContainerScrub(160)) - Background container scrubber has been disabled by hdds.containerscrub.enabled
2019-08-20 18:47:19,102 [Datanode State Machine Thread - 0] INFO  ratis.XceiverServerRatis (XceiverServerRatis.java:start(404)) - Starting XceiverServerRatis 2c3705c7-c55e-4fe5-a1eb-903b30dba60b at port 0
2019-08-20 18:47:19,110 [Datanode State Machine Thread - 0] INFO  impl.RaftServerProxy (RaftServerProxy.java:lambda$start$3(299)) - 2c3705c7-c55e-4fe5-a1eb-903b30dba60b: start RPC server
2019-08-20 18:47:19,110 [Datanode State Machine Thread - 0] INFO  server.GrpcService (GrpcService.java:startImpl(149)) - 2c3705c7-c55e-4fe5-a1eb-903b30dba60b: GrpcService started, listening on 0.0.0.0/0.0.0.0:45057
2019-08-20 18:47:19,111 [Datanode State Machine Thread - 0] INFO  ratis.XceiverServerRatis (XceiverServerRatis.java:start(414)) - XceiverServerRatis 2c3705c7-c55e-4fe5-a1eb-903b30dba60b is started using port 45057
2019-08-20 18:47:19,111 [Datanode State Machine Thread - 0] INFO  server.XceiverServerGrpc (XceiverServerGrpc.java:start(161)) - XceiverServerGrpc 2c3705c7-c55e-4fe5-a1eb-903b30dba60b is started using port 39588
2019-08-20 18:47:19,320 [main] INFO  ozone.MiniOzoneClusterImpl (MiniOzoneClusterImpl.java:lambda$waitForClusterToBeReady$0(142)) - Waiting for cluster to be ready. Got 0 of 7 DN Heartbeats.
2019-08-20 18:47:19,508 | INFO  | SCMAudit | user=jenkins1000 | ip=192.168.69.105 | op=GET_VERSION null | ret=SUCCESS |  
2019-08-20 18:47:19,522 [Datanode State Machine Thread - 0] INFO  ozoneimpl.OzoneContainer (OzoneContainer.java:start(186)) - Attempting to start container services.
2019-08-20 18:47:19,522 [Datanode State Machine Thread - 0] INFO  ozoneimpl.OzoneContainer (OzoneContainer.java:startContainerScrub(160)) - Background container scrubber has been disabled by hdds.containerscrub.enabled
2019-08-20 18:47:19,522 [Datanode State Machine Thread - 0] INFO  ratis.XceiverServerRatis (XceiverServerRatis.java:start(404)) - Starting XceiverServerRatis cf6953c2-32b6-42f7-ab38-bddb14a599b2 at port 0
2019-08-20 18:47:19,529 [Datanode State Machine Thread - 0] INFO  impl.RaftServerProxy (RaftServerProxy.java:lambda$start$3(299)) - cf6953c2-32b6-42f7-ab38-bddb14a599b2: start RPC server
2019-08-20 18:47:19,530 [Datanode State Machine Thread - 0] INFO  server.GrpcService (GrpcService.java:startImpl(149)) - cf6953c2-32b6-42f7-ab38-bddb14a599b2: GrpcService started, listening on 0.0.0.0/0.0.0.0:33682
2019-08-20 18:47:19,530 [Datanode State Machine Thread - 0] INFO  ratis.XceiverServerRatis (XceiverServerRatis.java:start(414)) - XceiverServerRatis cf6953c2-32b6-42f7-ab38-bddb14a599b2 is started using port 33682
2019-08-20 18:47:19,533 [Datanode State Machine Thread - 0] INFO  server.XceiverServerGrpc (XceiverServerGrpc.java:start(161)) - XceiverServerGrpc cf6953c2-32b6-42f7-ab38-bddb14a599b2 is started using port 37786
2019-08-20 18:47:19,711 | INFO  | SCMAudit | user=jenkins1000 | ip=192.168.69.105 | op=GET_VERSION null | ret=SUCCESS |  
2019-08-20 18:47:19,725 [Datanode State Machine Thread - 0] INFO  ozoneimpl.OzoneContainer (OzoneContainer.java:start(186)) - Attempting to start container services.
2019-08-20 18:47:19,725 [Datanode State Machine Thread - 0] INFO  ozoneimpl.OzoneContainer (OzoneContainer.java:startContainerScrub(160)) - Background container scrubber has been disabled by hdds.containerscrub.enabled
2019-08-20 18:47:19,725 [Datanode State Machine Thread - 0] INFO  ratis.XceiverServerRatis (XceiverServerRatis.java:start(404)) - Starting XceiverServerRatis 2d010cef-60b6-41ea-978a-486fd035ec3e at port 0
2019-08-20 18:47:19,733 [Datanode State Machine Thread - 0] INFO  impl.RaftServerProxy (RaftServerProxy.java:lambda$start$3(299)) - 2d010cef-60b6-41ea-978a-486fd035ec3e: start RPC server
2019-08-20 18:47:19,736 [Datanode State Machine Thread - 0] INFO  server.GrpcService (GrpcService.java:startImpl(149)) - 2d010cef-60b6-41ea-978a-486fd035ec3e: GrpcService started, listening on 0.0.0.0/0.0.0.0:34123
2019-08-20 18:47:19,736 [Datanode State Machine Thread - 0] INFO  ratis.XceiverServerRatis (XceiverServerRatis.java:start(414)) - XceiverServerRatis 2d010cef-60b6-41ea-978a-486fd035ec3e is started using port 34123
2019-08-20 18:47:19,737 [Datanode State Machine Thread - 0] INFO  server.XceiverServerGrpc (XceiverServerGrpc.java:start(161)) - XceiverServerGrpc 2d010cef-60b6-41ea-978a-486fd035ec3e is started using port 32959
2019-08-20 18:47:19,909 | INFO  | SCMAudit | user=jenkins1000 | ip=192.168.69.105 | op=GET_VERSION null | ret=SUCCESS |  
2019-08-20 18:47:19,931 [Datanode State Machine Thread - 0] INFO  ozoneimpl.OzoneContainer (OzoneContainer.java:start(186)) - Attempting to start container services.
2019-08-20 18:47:19,931 [Datanode State Machine Thread - 0] INFO  ozoneimpl.OzoneContainer (OzoneContainer.java:startContainerScrub(160)) - Background container scrubber has been disabled by hdds.containerscrub.enabled
2019-08-20 18:47:19,931 [Datanode State Machine Thread - 0] INFO  ratis.XceiverServerRatis (XceiverServerRatis.java:start(404)) - Starting XceiverServerRatis 0c838819-3df6-4ef3-ab53-303f2178b7dc at port 0
2019-08-20 18:47:19,937 [Datanode State Machine Thread - 0] INFO  impl.RaftServerProxy (RaftServerProxy.java:lambda$start$3(299)) - 0c838819-3df6-4ef3-ab53-303f2178b7dc: start RPC server
2019-08-20 18:47:19,945 [Datanode State Machine Thread - 0] INFO  server.GrpcService (GrpcService.java:startImpl(149)) - 0c838819-3df6-4ef3-ab53-303f2178b7dc: GrpcService started, listening on 0.0.0.0/0.0.0.0:43371
2019-08-20 18:47:19,946 [Datanode State Machine Thread - 0] INFO  ratis.XceiverServerRatis (XceiverServerRatis.java:start(414)) - XceiverServerRatis 0c838819-3df6-4ef3-ab53-303f2178b7dc is started using port 43371
2019-08-20 18:47:19,946 [Datanode State Machine Thread - 0] INFO  server.XceiverServerGrpc (XceiverServerGrpc.java:start(161)) - XceiverServerGrpc 0c838819-3df6-4ef3-ab53-303f2178b7dc is started using port 36509
2019-08-20 18:47:20,108 | INFO  | SCMAudit | user=jenkins1000 | ip=192.168.69.105 | op=GET_VERSION null | ret=SUCCESS |  
2019-08-20 18:47:20,119 [Datanode State Machine Thread - 0] INFO  ozoneimpl.OzoneContainer (OzoneContainer.java:start(186)) - Attempting to start container services.
2019-08-20 18:47:20,119 [Datanode State Machine Thread - 0] INFO  ozoneimpl.OzoneContainer (OzoneContainer.java:startContainerScrub(160)) - Background container scrubber has been disabled by hdds.containerscrub.enabled
2019-08-20 18:47:20,119 [Datanode State Machine Thread - 0] INFO  ratis.XceiverServerRatis (XceiverServerRatis.java:start(404)) - Starting XceiverServerRatis 4803ef64-8996-418d-89c0-57ea0fe6bc6a at port 0
2019-08-20 18:47:20,126 [Datanode State Machine Thread - 0] INFO  impl.RaftServerProxy (RaftServerProxy.java:lambda$start$3(299)) - 4803ef64-8996-418d-89c0-57ea0fe6bc6a: start RPC server
2019-08-20 18:47:20,129 [Datanode State Machine Thread - 0] INFO  server.GrpcService (GrpcService.java:startImpl(149)) - 4803ef64-8996-418d-89c0-57ea0fe6bc6a: GrpcService started, listening on 0.0.0.0/0.0.0.0:43588
2019-08-20 18:47:20,130 [Datanode State Machine Thread - 0] INFO  ratis.XceiverServerRatis (XceiverServerRatis.java:start(414)) - XceiverServerRatis 4803ef64-8996-418d-89c0-57ea0fe6bc6a is started using port 43588
2019-08-20 18:47:20,132 [Datanode State Machine Thread - 0] INFO  server.XceiverServerGrpc (XceiverServerGrpc.java:start(161)) - XceiverServerGrpc 4803ef64-8996-418d-89c0-57ea0fe6bc6a is started using port 38214
2019-08-20 18:47:20,320 [main] INFO  ozone.MiniOzoneClusterImpl (MiniOzoneClusterImpl.java:lambda$waitForClusterToBeReady$0(142)) - Waiting for cluster to be ready. Got 0 of 7 DN Heartbeats.
2019-08-20 18:47:20,322 | INFO  | SCMAudit | user=jenkins1000 | ip=192.168.69.105 | op=GET_VERSION null | ret=SUCCESS |  
2019-08-20 18:47:20,347 [Datanode State Machine Thread - 0] INFO  ozoneimpl.OzoneContainer (OzoneContainer.java:start(186)) - Attempting to start container services.
2019-08-20 18:47:20,347 [Datanode State Machine Thread - 0] INFO  ozoneimpl.OzoneContainer (OzoneContainer.java:startContainerScrub(160)) - Background container scrubber has been disabled by hdds.containerscrub.enabled
2019-08-20 18:47:20,347 [Datanode State Machine Thread - 0] INFO  ratis.XceiverServerRatis (XceiverServerRatis.java:start(404)) - Starting XceiverServerRatis 77f6c16c-5a77-4d2e-9dcc-aa40b17a66e4 at port 0
2019-08-20 18:47:20,354 [Datanode State Machine Thread - 0] INFO  impl.RaftServerProxy (RaftServerProxy.java:lambda$start$3(299)) - 77f6c16c-5a77-4d2e-9dcc-aa40b17a66e4: start RPC server
2019-08-20 18:47:20,357 [Datanode State Machine Thread - 0] INFO  server.GrpcService (GrpcService.java:startImpl(149)) - 77f6c16c-5a77-4d2e-9dcc-aa40b17a66e4: GrpcService started, listening on 0.0.0.0/0.0.0.0:32924
2019-08-20 18:47:20,358 [Datanode State Machine Thread - 0] INFO  ratis.XceiverServerRatis (XceiverServerRatis.java:start(414)) - XceiverServerRatis 77f6c16c-5a77-4d2e-9dcc-aa40b17a66e4 is started using port 32924
2019-08-20 18:47:20,358 [Datanode State Machine Thread - 0] INFO  server.XceiverServerGrpc (XceiverServerGrpc.java:start(161)) - XceiverServerGrpc 77f6c16c-5a77-4d2e-9dcc-aa40b17a66e4 is started using port 46393
2019-08-20 18:47:20,891 [IPC Server handler 0 on 39465] INFO  net.NetworkTopology (NetworkTopologyImpl.java:add(110)) - Added a new node: /default-rack/cdb5f687-1183-4537-b7fe-600d71f89ce8
2019-08-20 18:47:20,893 [IPC Server handler 0 on 39465] INFO  node.SCMNodeManager (SCMNodeManager.java:register(273)) - Registered Data node : cdb5f687-1183-4537-b7fe-600d71f89ce8{ip: 192.168.69.105, host: pr-hdds-165-w559s-1850982102, networkLocation: /default-rack, certSerialId: null}
2019-08-20 18:47:20,894 [EventQueue-NodeRegistrationContainerReportForDataNodeSafeModeRule] INFO  safemode.SCMSafeModeManager (DataNodeSafeModeRule.java:process(71)) - SCM in safe mode. 1 DataNodes registered, 1 required.
2019-08-20 18:47:20,895 | INFO  | SCMAudit | user=jenkins1000 | ip=192.168.69.105 | op=REGISTER {datanodeDetails=cdb5f687-1183-4537-b7fe-600d71f89ce8{ip: 192.168.69.105, host: pr-hdds-165-w559s-1850982102, networkLocation: /default-rack, certSerialId: null}} | ret=SUCCESS |  
2019-08-20 18:47:20,897 [EventQueue-NodeRegistrationContainerReportForDataNodeSafeModeRule] INFO  safemode.SCMSafeModeManager (SCMSafeModeManager.java:validateSafeModeExitRules(177)) - ScmSafeModeManager, all rules are successfully validated
2019-08-20 18:47:20,897 [EventQueue-NodeRegistrationContainerReportForDataNodeSafeModeRule] INFO  safemode.SCMSafeModeManager (SCMSafeModeManager.java:exitSafeMode(193)) - SCM exiting safe mode.
2019-08-20 18:47:20,925 [grpc-default-executor-8] INFO  impl.RaftServerProxy (RaftServerProxy.java:addNew(89)) - cdb5f687-1183-4537-b7fe-600d71f89ce8: addNew group-8C6C8C7BC9A4:[cdb5f687-1183-4537-b7fe-600d71f89ce8:192.168.69.105:33632] returns group-8C6C8C7BC9A4:java.util.concurrent.CompletableFuture@28e5aa85[Not completed]
2019-08-20 18:47:20,927 [pool-439-thread-1] INFO  impl.RaftServerImpl (RaftServerImpl.java:<init>(93)) - cdb5f687-1183-4537-b7fe-600d71f89ce8: new RaftServerImpl for group-8C6C8C7BC9A4:[cdb5f687-1183-4537-b7fe-600d71f89ce8:192.168.69.105:33632] with ContainerStateMachine:uninitialized
2019-08-20 18:47:20,927 [pool-439-thread-1] INFO  server.RaftServerConfigKeys (ConfUtils.java:logGet(43)) - raft.server.rpc.timeout.min = 5s (custom)
2019-08-20 18:47:20,927 [pool-439-thread-1] INFO  server.RaftServerConfigKeys (ConfUtils.java:logGet(43)) - raft.server.rpc.timeout.max = 5200ms (custom)
2019-08-20 18:47:20,927 [pool-439-thread-1] INFO  server.RaftServerConfigKeys (ConfUtils.java:logGet(43)) - raft.server.rpcslowness.timeout = 120s (custom)
2019-08-20 18:47:20,927 [pool-439-thread-1] INFO  server.RaftServerConfigKeys (ConfUtils.java:logGet(43)) - raft.server.sleep.deviation.threshold = 300 (default)
2019-08-20 18:47:20,927 [pool-439-thread-1] INFO  server.RaftServerConfigKeys (ConfUtils.java:logGet(43)) - raft.server.log.appender.install.snapshot.enabled = false (custom)
2019-08-20 18:47:20,928 [pool-439-thread-1] INFO  impl.RaftServerImpl (ServerState.java:<init>(105)) - cdb5f687-1183-4537-b7fe-600d71f89ce8:group-8C6C8C7BC9A4 ConfigurationManager, init=-1: [cdb5f687-1183-4537-b7fe-600d71f89ce8:192.168.69.105:33632], old=null, confs=<EMPTY_MAP>
2019-08-20 18:47:20,928 [pool-439-thread-1] INFO  server.RaftServerConfigKeys (ConfUtils.java:logGet(43)) - raft.server.storage.dir = [/workdir/hadoop-ozone/integration-test/target/test-dir/MiniOzoneClusterImpl-608c326c-aa6a-4be1-85ed-041816735c61/datanode-0/data/ratis] (custom)
2019-08-20 18:47:20,928 [pool-439-thread-1] INFO  storage.RaftStorageDirectory (RaftStorageDirectory.java:analyzeStorage(246)) - The storage directory /workdir/hadoop-ozone/integration-test/target/test-dir/MiniOzoneClusterImpl-608c326c-aa6a-4be1-85ed-041816735c61/datanode-0/data/ratis/4af79910-5ea2-45a8-a2cc-8c6c8c7bc9a4 does not exist. Creating ...
2019-08-20 18:47:20,942 [pool-439-thread-1] INFO  storage.RaftStorageDirectory (RaftStorageDirectory.java:tryLock(328)) - Lock on /workdir/hadoop-ozone/integration-test/target/test-dir/MiniOzoneClusterImpl-608c326c-aa6a-4be1-85ed-041816735c61/datanode-0/data/ratis/4af79910-5ea2-45a8-a2cc-8c6c8c7bc9a4/in_use.lock acquired by nodename 16866@pr-hdds-165-w559s-1850982102
2019-08-20 18:47:20,967 [pool-439-thread-1] INFO  storage.RaftStorage (RaftStorage.java:format(72)) - Storage directory /workdir/hadoop-ozone/integration-test/target/test-dir/MiniOzoneClusterImpl-608c326c-aa6a-4be1-85ed-041816735c61/datanode-0/data/ratis/4af79910-5ea2-45a8-a2cc-8c6c8c7bc9a4 has been successfully formatted.
2019-08-20 18:47:20,968 [pool-439-thread-1] INFO  ratis.ContainerStateMachine (ContainerStateMachine.java:loadSnapshot(226)) - group-8C6C8C7BC9A4: The snapshot info is null. Setting the last applied indexto:(t:0, i:~)
2019-08-20 18:47:20,968 [pool-439-thread-1] INFO  server.RaftServerConfigKeys (ConfUtils.java:logGet(43)) - raft.server.leader.election.timeout = 120s (custom)
2019-08-20 18:47:20,968 [pool-439-thread-1] INFO  server.RaftServerConfigKeys (ConfUtils.java:logGet(43)) - raft.server.log.use.memory = false (default)
2019-08-20 18:47:20,968 [pool-439-thread-1] INFO  server.RaftServerConfigKeys (ConfUtils.java:logGet(43)) - raft.server.log.purge.gap = 1000000 (custom)
2019-08-20 18:47:20,968 [pool-439-thread-1] INFO  server.RaftServerConfigKeys (ConfUtils.java:logGet(43)) - raft.server.log.appender.buffer.byte-limit = 33554432 (custom)
2019-08-20 18:47:20,969 [pool-439-thread-1] INFO  server.RaftServerConfigKeys (ConfUtils.java:logGet(43)) - raft.server.log.segment.size.max = 1048576 (custom)
2019-08-20 18:47:20,969 [pool-439-thread-1] INFO  server.RaftServerConfigKeys (ConfUtils.java:logGet(43)) - raft.server.log.segment.cache.num.max = 2 (custom)
2019-08-20 18:47:20,969 [pool-439-thread-1] INFO  segmented.SegmentedRaftLogWorker (SegmentedRaftLogWorker.java:<init>(172)) - new cdb5f687-1183-4537-b7fe-600d71f89ce8-SegmentedRaftLogWorker:Storage Directory /workdir/hadoop-ozone/integration-test/target/test-dir/MiniOzoneClusterImpl-608c326c-aa6a-4be1-85ed-041816735c61/datanode-0/data/ratis/4af79910-5ea2-45a8-a2cc-8c6c8c7bc9a4 for RaftStorage:Storage Directory /workdir/hadoop-ozone/integration-test/target/test-dir/MiniOzoneClusterImpl-608c326c-aa6a-4be1-85ed-041816735c61/datanode-0/data/ratis/4af79910-5ea2-45a8-a2cc-8c6c8c7bc9a4
2019-08-20 18:47:20,969 [pool-439-thread-1] INFO  server.RaftServerConfigKeys (ConfUtils.java:logGet(43)) - raft.server.log.queue.byte-limit = 2147483647 (custom)
2019-08-20 18:47:20,969 [pool-439-thread-1] INFO  server.RaftServerConfigKeys (ConfUtils.java:logGet(43)) - raft.server.log.queue.element-limit = 1024 (custom)
2019-08-20 18:47:20,970 [pool-439-thread-1] INFO  server.RaftServerConfigKeys (ConfUtils.java:logGet(43)) - raft.server.log.segment.size.max = 1048576 (custom)
2019-08-20 18:47:20,970 [pool-439-thread-1] INFO  server.RaftServerConfigKeys (ConfUtils.java:logGet(43)) - raft.server.log.preallocated.size = 16384 (custom)
2019-08-20 18:47:20,970 [pool-439-thread-1] INFO  server.RaftServerConfigKeys (ConfUtils.java:logGet(43)) - raft.server.log.write.buffer.size = 33554432 (custom)
2019-08-20 18:47:20,970 [pool-439-thread-1] INFO  server.RaftServerConfigKeys (ConfUtils.java:logGet(43)) - raft.server.log.force.sync.num = 128 (default)
2019-08-20 18:47:20,970 [pool-439-thread-1] INFO  server.RaftServerConfigKeys (ConfUtils.java:logGet(43)) - raft.server.log.statemachine.data.sync = true (default)
2019-08-20 18:47:20,971 [pool-439-thread-1] INFO  server.RaftServerConfigKeys (ConfUtils.java:logGet(43)) - raft.server.log.statemachine.data.sync.timeout = 10s (default)
2019-08-20 18:47:20,971 [pool-439-thread-1] INFO  server.RaftServerConfigKeys (ConfUtils.java:logGet(43)) - raft.server.log.statemachine.data.sync.timeout.retry = -1 (default)
2019-08-20 18:47:20,971 [pool-439-thread-1] INFO  server.RaftServerConfigKeys (ConfUtils.java:logGet(43)) - raft.server.log.statemachine.data.caching.enabled = true (custom)
2019-08-20 18:47:20,971 [pool-439-thread-1] INFO  segmented.SegmentedRaftLogWorker (SegmentedRaftLogWorker.java:lambda$new$0(132)) - cdb5f687-1183-4537-b7fe-600d71f89ce8-SegmentedRaftLogWorker:Storage Directory /workdir/hadoop-ozone/integration-test/target/test-dir/MiniOzoneClusterImpl-608c326c-aa6a-4be1-85ed-041816735c61/datanode-0/data/ratis/4af79910-5ea2-45a8-a2cc-8c6c8c7bc9a4: flushIndex: setUnconditionally 0 -> -1
2019-08-20 18:47:20,972 [pool-439-thread-1] INFO  server.RaftServerConfigKeys (ConfUtils.java:logGet(43)) - raft.server.snapshot.auto.trigger.enabled = true (custom)
2019-08-20 18:47:20,972 [pool-439-thread-1] INFO  server.RaftServerConfigKeys (ConfUtils.java:logGet(43)) - raft.server.snapshot.auto.trigger.threshold = 10000 (custom)
2019-08-20 18:47:20,972 [pool-439-thread-1] INFO  server.RaftServerConfigKeys (ConfUtils.java:logGet(43)) - raft.server.retrycache.expirytime = 600000ms (custom)
2019-08-20 18:47:20,973 [pool-439-thread-1] INFO  impl.RaftServerImpl (RaftServerImpl.java:start(180)) - cdb5f687-1183-4537-b7fe-600d71f89ce8: start group-8C6C8C7BC9A4
2019-08-20 18:47:20,973 [pool-439-thread-1] INFO  impl.RaftServerImpl (RaftServerImpl.java:setRole(171)) - cdb5f687-1183-4537-b7fe-600d71f89ce8:group-8C6C8C7BC9A4 changes role from null to FOLLOWER at term 0 for startAsFollower
2019-08-20 18:47:20,973 [pool-439-thread-1] INFO  impl.RoleInfo (RoleInfo.java:updateAndGet(143)) - cdb5f687-1183-4537-b7fe-600d71f89ce8: start FollowerState
2019-08-20 18:47:20,974 [pool-439-thread-1] INFO  util.JmxRegister (JmxRegister.java:tryRegister(44)) - Successfully registered JMX Bean with object name Ratis:service=RaftServer,group=group-8C6C8C7BC9A4,id=cdb5f687-1183-4537-b7fe-600d71f89ce8
2019-08-20 18:47:20,977 [RatisPipelineUtilsThread] INFO  pipeline.PipelineStateManager (PipelineStateManager.java:addPipeline(56)) - Created pipeline Pipeline[ Id: 4af79910-5ea2-45a8-a2cc-8c6c8c7bc9a4, Nodes: cdb5f687-1183-4537-b7fe-600d71f89ce8{ip: 192.168.69.105, host: pr-hdds-165-w559s-1850982102, networkLocation: /default-rack, certSerialId: null}, Type:RATIS, Factor:ONE, State:OPEN]
2019-08-20 18:47:21,087 [IPC Server handler 1 on 39465] INFO  net.NetworkTopology (NetworkTopologyImpl.java:add(110)) - Added a new node: /default-rack/2c3705c7-c55e-4fe5-a1eb-903b30dba60b
2019-08-20 18:47:21,087 [IPC Server handler 1 on 39465] INFO  node.SCMNodeManager (SCMNodeManager.java:register(273)) - Registered Data node : 2c3705c7-c55e-4fe5-a1eb-903b30dba60b{ip: 192.168.69.105, host: pr-hdds-165-w559s-1850982102, networkLocation: /default-rack, certSerialId: null}
2019-08-20 18:47:21,088 | INFO  | SCMAudit | user=jenkins1000 | ip=192.168.69.105 | op=REGISTER {datanodeDetails=2c3705c7-c55e-4fe5-a1eb-903b30dba60b{ip: 192.168.69.105, host: pr-hdds-165-w559s-1850982102, networkLocation: /default-rack, certSerialId: null}} | ret=SUCCESS |  
2019-08-20 18:47:21,096 [grpc-default-executor-8] INFO  impl.RaftServerProxy (RaftServerProxy.java:addNew(89)) - 2c3705c7-c55e-4fe5-a1eb-903b30dba60b: addNew group-D33687B785E2:[2c3705c7-c55e-4fe5-a1eb-903b30dba60b:192.168.69.105:45057] returns group-D33687B785E2:java.util.concurrent.CompletableFuture@6094206e[Not completed]
2019-08-20 18:47:21,097 [pool-450-thread-1] INFO  impl.RaftServerImpl (RaftServerImpl.java:<init>(93)) - 2c3705c7-c55e-4fe5-a1eb-903b30dba60b: new RaftServerImpl for group-D33687B785E2:[2c3705c7-c55e-4fe5-a1eb-903b30dba60b:192.168.69.105:45057] with ContainerStateMachine:uninitialized
2019-08-20 18:47:21,097 [pool-450-thread-1] INFO  server.RaftServerConfigKeys (ConfUtils.java:logGet(43)) - raft.server.rpc.timeout.min = 5s (custom)
2019-08-20 18:47:21,097 [pool-450-thread-1] INFO  server.RaftServerConfigKeys (ConfUtils.java:logGet(43)) - raft.server.rpc.timeout.max = 5200ms (custom)
2019-08-20 18:47:21,097 [pool-450-thread-1] INFO  server.RaftServerConfigKeys (ConfUtils.java:logGet(43)) - raft.server.rpcslowness.timeout = 120s (custom)
2019-08-20 18:47:21,097 [pool-450-thread-1] INFO  server.RaftServerConfigKeys (ConfUtils.java:logGet(43)) - raft.server.sleep.deviation.threshold = 300 (default)
2019-08-20 18:47:21,098 [pool-450-thread-1] INFO  server.RaftServerConfigKeys (ConfUtils.java:logGet(43)) - raft.server.log.appender.install.snapshot.enabled = false (custom)
2019-08-20 18:47:21,098 [pool-450-thread-1] INFO  impl.RaftServerImpl (ServerState.java:<init>(105)) - 2c3705c7-c55e-4fe5-a1eb-903b30dba60b:group-D33687B785E2 ConfigurationManager, init=-1: [2c3705c7-c55e-4fe5-a1eb-903b30dba60b:192.168.69.105:45057], old=null, confs=<EMPTY_MAP>
2019-08-20 18:47:21,098 [pool-450-thread-1] INFO  server.RaftServerConfigKeys (ConfUtils.java:logGet(43)) - raft.server.storage.dir = [/workdir/hadoop-ozone/integration-test/target/test-dir/MiniOzoneClusterImpl-608c326c-aa6a-4be1-85ed-041816735c61/datanode-1/data/ratis] (custom)
2019-08-20 18:47:21,098 [pool-450-thread-1] INFO  storage.RaftStorageDirectory (RaftStorageDirectory.java:analyzeStorage(246)) - The storage directory /workdir/hadoop-ozone/integration-test/target/test-dir/MiniOzoneClusterImpl-608c326c-aa6a-4be1-85ed-041816735c61/datanode-1/data/ratis/aa9ef6b4-b62a-4bf8-9369-d33687b785e2 does not exist. Creating ...
2019-08-20 18:47:21,112 [pool-450-thread-1] INFO  storage.RaftStorageDirectory (RaftStorageDirectory.java:tryLock(328)) - Lock on /workdir/hadoop-ozone/integration-test/target/test-dir/MiniOzoneClusterImpl-608c326c-aa6a-4be1-85ed-041816735c61/datanode-1/data/ratis/aa9ef6b4-b62a-4bf8-9369-d33687b785e2/in_use.lock acquired by nodename 16866@pr-hdds-165-w559s-1850982102
2019-08-20 18:47:21,126 [pool-450-thread-1] INFO  storage.RaftStorage (RaftStorage.java:format(72)) - Storage directory /workdir/hadoop-ozone/integration-test/target/test-dir/MiniOzoneClusterImpl-608c326c-aa6a-4be1-85ed-041816735c61/datanode-1/data/ratis/aa9ef6b4-b62a-4bf8-9369-d33687b785e2 has been successfully formatted.
2019-08-20 18:47:21,126 [pool-450-thread-1] INFO  ratis.ContainerStateMachine (ContainerStateMachine.java:loadSnapshot(226)) - group-D33687B785E2: The snapshot info is null. Setting the last applied indexto:(t:0, i:~)
2019-08-20 18:47:21,126 [pool-450-thread-1] INFO  server.RaftServerConfigKeys (ConfUtils.java:logGet(43)) - raft.server.leader.election.timeout = 120s (custom)
2019-08-20 18:47:21,126 [pool-450-thread-1] INFO  server.RaftServerConfigKeys (ConfUtils.java:logGet(43)) - raft.server.log.use.memory = false (default)
2019-08-20 18:47:21,126 [pool-450-thread-1] INFO  server.RaftServerConfigKeys (ConfUtils.java:logGet(43)) - raft.server.log.purge.gap = 1000000 (custom)
2019-08-20 18:47:21,126 [pool-450-thread-1] INFO  server.RaftServerConfigKeys (ConfUtils.java:logGet(43)) - raft.server.log.appender.buffer.byte-limit = 33554432 (custom)
2019-08-20 18:47:21,127 [pool-450-thread-1] INFO  server.RaftServerConfigKeys (ConfUtils.java:logGet(43)) - raft.server.log.segment.size.max = 1048576 (custom)
2019-08-20 18:47:21,127 [pool-450-thread-1] INFO  server.RaftServerConfigKeys (ConfUtils.java:logGet(43)) - raft.server.log.segment.cache.num.max = 2 (custom)
2019-08-20 18:47:21,127 [pool-450-thread-1] INFO  segmented.SegmentedRaftLogWorker (SegmentedRaftLogWorker.java:<init>(172)) - new 2c3705c7-c55e-4fe5-a1eb-903b30dba60b-SegmentedRaftLogWorker:Storage Directory /workdir/hadoop-ozone/integration-test/target/test-dir/MiniOzoneClusterImpl-608c326c-aa6a-4be1-85ed-041816735c61/datanode-1/data/ratis/aa9ef6b4-b62a-4bf8-9369-d33687b785e2 for RaftStorage:Storage Directory /workdir/hadoop-ozone/integration-test/target/test-dir/MiniOzoneClusterImpl-608c326c-aa6a-4be1-85ed-041816735c61/datanode-1/data/ratis/aa9ef6b4-b62a-4bf8-9369-d33687b785e2
2019-08-20 18:47:21,127 [pool-450-thread-1] INFO  server.RaftServerConfigKeys (ConfUtils.java:logGet(43)) - raft.server.log.queue.byte-limit = 2147483647 (custom)
2019-08-20 18:47:21,127 [pool-450-thread-1] INFO  server.RaftServerConfigKeys (ConfUtils.java:logGet(43)) - raft.server.log.queue.element-limit = 1024 (custom)
2019-08-20 18:47:21,127 [pool-450-thread-1] INFO  server.RaftServerConfigKeys (ConfUtils.java:logGet(43)) - raft.server.log.segment.size.max = 1048576 (custom)
2019-08-20 18:47:21,127 [pool-450-thread-1] INFO  server.RaftServerConfigKeys (ConfUtils.java:logGet(43)) - raft.server.log.preallocated.size = 16384 (custom)
2019-08-20 18:47:21,128 [pool-450-thread-1] INFO  server.RaftServerConfigKeys (ConfUtils.java:logGet(43)) - raft.server.log.write.buffer.size = 33554432 (custom)
2019-08-20 18:47:21,128 [pool-450-thread-1] INFO  server.RaftServerConfigKeys (ConfUtils.java:logGet(43)) - raft.server.log.force.sync.num = 128 (default)
2019-08-20 18:47:21,128 [pool-450-thread-1] INFO  server.RaftServerConfigKeys (ConfUtils.java:logGet(43)) - raft.server.log.statemachine.data.sync = true (default)
2019-08-20 18:47:21,128 [pool-450-thread-1] INFO  server.RaftServerConfigKeys (ConfUtils.java:logGet(43)) - raft.server.log.statemachine.data.sync.timeout = 10s (default)
2019-08-20 18:47:21,128 [pool-450-thread-1] INFO  server.RaftServerConfigKeys (ConfUtils.java:logGet(43)) - raft.server.log.statemachine.data.sync.timeout.retry = -1 (default)
2019-08-20 18:47:21,128 [pool-450-thread-1] INFO  server.RaftServerConfigKeys (ConfUtils.java:logGet(43)) - raft.server.log.statemachine.data.caching.enabled = true (custom)
2019-08-20 18:47:21,129 [pool-450-thread-1] INFO  segmented.SegmentedRaftLogWorker (SegmentedRaftLogWorker.java:lambda$new$0(132)) - 2c3705c7-c55e-4fe5-a1eb-903b30dba60b-SegmentedRaftLogWorker:Storage Directory /workdir/hadoop-ozone/integration-test/target/test-dir/MiniOzoneClusterImpl-608c326c-aa6a-4be1-85ed-041816735c61/datanode-1/data/ratis/aa9ef6b4-b62a-4bf8-9369-d33687b785e2: flushIndex: setUnconditionally 0 -> -1
2019-08-20 18:47:21,129 [pool-450-thread-1] INFO  server.RaftServerConfigKeys (ConfUtils.java:logGet(43)) - raft.server.snapshot.auto.trigger.enabled = true (custom)
2019-08-20 18:47:21,129 [pool-450-thread-1] INFO  server.RaftServerConfigKeys (ConfUtils.java:logGet(43)) - raft.server.snapshot.auto.trigger.threshold = 10000 (custom)
2019-08-20 18:47:21,129 [pool-450-thread-1] INFO  server.RaftServerConfigKeys (ConfUtils.java:logGet(43)) - raft.server.retrycache.expirytime = 600000ms (custom)
2019-08-20 18:47:21,130 [pool-450-thread-1] INFO  impl.RaftServerImpl (RaftServerImpl.java:start(180)) - 2c3705c7-c55e-4fe5-a1eb-903b30dba60b: start group-D33687B785E2
2019-08-20 18:47:21,130 [pool-450-thread-1] INFO  impl.RaftServerImpl (RaftServerImpl.java:setRole(171)) - 2c3705c7-c55e-4fe5-a1eb-903b30dba60b:group-D33687B785E2 changes role from null to FOLLOWER at term 0 for startAsFollower
2019-08-20 18:47:21,130 [pool-450-thread-1] INFO  impl.RoleInfo (RoleInfo.java:updateAndGet(143)) - 2c3705c7-c55e-4fe5-a1eb-903b30dba60b: start FollowerState
2019-08-20 18:47:21,130 [pool-450-thread-1] INFO  util.JmxRegister (JmxRegister.java:tryRegister(44)) - Successfully registered JMX Bean with object name Ratis:service=RaftServer,group=group-D33687B785E2,id=2c3705c7-c55e-4fe5-a1eb-903b30dba60b
2019-08-20 18:47:21,133 [RatisPipelineUtilsThread] INFO  pipeline.PipelineStateManager (PipelineStateManager.java:addPipeline(56)) - Created pipeline Pipeline[ Id: aa9ef6b4-b62a-4bf8-9369-d33687b785e2, Nodes: 2c3705c7-c55e-4fe5-a1eb-903b30dba60b{ip: 192.168.69.105, host: pr-hdds-165-w559s-1850982102, networkLocation: /default-rack, certSerialId: null}, Type:RATIS, Factor:ONE, State:OPEN]
2019-08-20 18:47:21,321 [main] INFO  ozone.MiniOzoneClusterImpl (MiniOzoneClusterImpl.java:lambda$waitForClusterToBeReady$0(142)) - Waiting for cluster to be ready. Got 2 of 7 DN Heartbeats.
2019-08-20 18:47:21,509 [IPC Server handler 5 on 39465] INFO  net.NetworkTopology (NetworkTopologyImpl.java:add(110)) - Added a new node: /default-rack/cf6953c2-32b6-42f7-ab38-bddb14a599b2
2019-08-20 18:47:21,509 [IPC Server handler 5 on 39465] INFO  node.SCMNodeManager (SCMNodeManager.java:register(273)) - Registered Data node : cf6953c2-32b6-42f7-ab38-bddb14a599b2{ip: 192.168.69.105, host: pr-hdds-165-w559s-1850982102, networkLocation: /default-rack, certSerialId: null}
2019-08-20 18:47:21,510 | INFO  | SCMAudit | user=jenkins1000 | ip=192.168.69.105 | op=REGISTER {datanodeDetails=cf6953c2-32b6-42f7-ab38-bddb14a599b2{ip: 192.168.69.105, host: pr-hdds-165-w559s-1850982102, networkLocation: /default-rack, certSerialId: null}} | ret=SUCCESS |  
2019-08-20 18:47:21,519 [grpc-default-executor-8] INFO  impl.RaftServerProxy (RaftServerProxy.java:addNew(89)) - cf6953c2-32b6-42f7-ab38-bddb14a599b2: addNew group-A8E34094F328:[cf6953c2-32b6-42f7-ab38-bddb14a599b2:192.168.69.105:33682] returns group-A8E34094F328:java.util.concurrent.CompletableFuture@55b34c9f[Not completed]
2019-08-20 18:47:21,520 [pool-461-thread-1] INFO  impl.RaftServerImpl (RaftServerImpl.java:<init>(93)) - cf6953c2-32b6-42f7-ab38-bddb14a599b2: new RaftServerImpl for group-A8E34094F328:[cf6953c2-32b6-42f7-ab38-bddb14a599b2:192.168.69.105:33682] with ContainerStateMachine:uninitialized
2019-08-20 18:47:21,520 [pool-461-thread-1] INFO  server.RaftServerConfigKeys (ConfUtils.java:logGet(43)) - raft.server.rpc.timeout.min = 5s (custom)
2019-08-20 18:47:21,520 [pool-461-thread-1] INFO  server.RaftServerConfigKeys (ConfUtils.java:logGet(43)) - raft.server.rpc.timeout.max = 5200ms (custom)
2019-08-20 18:47:21,520 [pool-461-thread-1] INFO  server.RaftServerConfigKeys (ConfUtils.java:logGet(43)) - raft.server.rpcslowness.timeout = 120s (custom)
2019-08-20 18:47:21,520 [pool-461-thread-1] INFO  server.RaftServerConfigKeys (ConfUtils.java:logGet(43)) - raft.server.sleep.deviation.threshold = 300 (default)
2019-08-20 18:47:21,521 [pool-461-thread-1] INFO  server.RaftServerConfigKeys (ConfUtils.java:logGet(43)) - raft.server.log.appender.install.snapshot.enabled = false (custom)
2019-08-20 18:47:21,521 [pool-461-thread-1] INFO  impl.RaftServerImpl (ServerState.java:<init>(105)) - cf6953c2-32b6-42f7-ab38-bddb14a599b2:group-A8E34094F328 ConfigurationManager, init=-1: [cf6953c2-32b6-42f7-ab38-bddb14a599b2:192.168.69.105:33682], old=null, confs=<EMPTY_MAP>
2019-08-20 18:47:21,521 [pool-461-thread-1] INFO  server.RaftServerConfigKeys (ConfUtils.java:logGet(43)) - raft.server.storage.dir = [/workdir/hadoop-ozone/integration-test/target/test-dir/MiniOzoneClusterImpl-608c326c-aa6a-4be1-85ed-041816735c61/datanode-2/data/ratis] (custom)
2019-08-20 18:47:21,521 [pool-461-thread-1] INFO  storage.RaftStorageDirectory (RaftStorageDirectory.java:analyzeStorage(246)) - The storage directory /workdir/hadoop-ozone/integration-test/target/test-dir/MiniOzoneClusterImpl-608c326c-aa6a-4be1-85ed-041816735c61/datanode-2/data/ratis/6d4ab42f-8a8d-462b-8cb6-a8e34094f328 does not exist. Creating ...
2019-08-20 18:47:21,535 [pool-461-thread-1] INFO  storage.RaftStorageDirectory (RaftStorageDirectory.java:tryLock(328)) - Lock on /workdir/hadoop-ozone/integration-test/target/test-dir/MiniOzoneClusterImpl-608c326c-aa6a-4be1-85ed-041816735c61/datanode-2/data/ratis/6d4ab42f-8a8d-462b-8cb6-a8e34094f328/in_use.lock acquired by nodename 16866@pr-hdds-165-w559s-1850982102
2019-08-20 18:47:21,549 [pool-461-thread-1] INFO  storage.RaftStorage (RaftStorage.java:format(72)) - Storage directory /workdir/hadoop-ozone/integration-test/target/test-dir/MiniOzoneClusterImpl-608c326c-aa6a-4be1-85ed-041816735c61/datanode-2/data/ratis/6d4ab42f-8a8d-462b-8cb6-a8e34094f328 has been successfully formatted.
2019-08-20 18:47:21,549 [pool-461-thread-1] INFO  ratis.ContainerStateMachine (ContainerStateMachine.java:loadSnapshot(226)) - group-A8E34094F328: The snapshot info is null. Setting the last applied indexto:(t:0, i:~)
2019-08-20 18:47:21,549 [pool-461-thread-1] INFO  server.RaftServerConfigKeys (ConfUtils.java:logGet(43)) - raft.server.leader.election.timeout = 120s (custom)
2019-08-20 18:47:21,549 [pool-461-thread-1] INFO  server.RaftServerConfigKeys (ConfUtils.java:logGet(43)) - raft.server.log.use.memory = false (default)
2019-08-20 18:47:21,550 [pool-461-thread-1] INFO  server.RaftServerConfigKeys (ConfUtils.java:logGet(43)) - raft.server.log.purge.gap = 1000000 (custom)
2019-08-20 18:47:21,550 [pool-461-thread-1] INFO  server.RaftServerConfigKeys (ConfUtils.java:logGet(43)) - raft.server.log.appender.buffer.byte-limit = 33554432 (custom)
2019-08-20 18:47:21,550 [pool-461-thread-1] INFO  server.RaftServerConfigKeys (ConfUtils.java:logGet(43)) - raft.server.log.segment.size.max = 1048576 (custom)
2019-08-20 18:47:21,550 [pool-461-thread-1] INFO  server.RaftServerConfigKeys (ConfUtils.java:logGet(43)) - raft.server.log.segment.cache.num.max = 2 (custom)
2019-08-20 18:47:21,550 [pool-461-thread-1] INFO  segmented.SegmentedRaftLogWorker (SegmentedRaftLogWorker.java:<init>(172)) - new cf6953c2-32b6-42f7-ab38-bddb14a599b2-SegmentedRaftLogWorker:Storage Directory /workdir/hadoop-ozone/integration-test/target/test-dir/MiniOzoneClusterImpl-608c326c-aa6a-4be1-85ed-041816735c61/datanode-2/data/ratis/6d4ab42f-8a8d-462b-8cb6-a8e34094f328 for RaftStorage:Storage Directory /workdir/hadoop-ozone/integration-test/target/test-dir/MiniOzoneClusterImpl-608c326c-aa6a-4be1-85ed-041816735c61/datanode-2/data/ratis/6d4ab42f-8a8d-462b-8cb6-a8e34094f328
2019-08-20 18:47:21,550 [pool-461-thread-1] INFO  server.RaftServerConfigKeys (ConfUtils.java:logGet(43)) - raft.server.log.queue.byte-limit = 2147483647 (custom)
2019-08-20 18:47:21,551 [pool-461-thread-1] INFO  server.RaftServerConfigKeys (ConfUtils.java:logGet(43)) - raft.server.log.queue.element-limit = 1024 (custom)
2019-08-20 18:47:21,551 [pool-461-thread-1] INFO  server.RaftServerConfigKeys (ConfUtils.java:logGet(43)) - raft.server.log.segment.size.max = 1048576 (custom)
2019-08-20 18:47:21,551 [pool-461-thread-1] INFO  server.RaftServerConfigKeys (ConfUtils.java:logGet(43)) - raft.server.log.preallocated.size = 16384 (custom)
2019-08-20 18:47:21,551 [pool-461-thread-1] INFO  server.RaftServerConfigKeys (ConfUtils.java:logGet(43)) - raft.server.log.write.buffer.size = 33554432 (custom)
2019-08-20 18:47:21,551 [pool-461-thread-1] INFO  server.RaftServerConfigKeys (ConfUtils.java:logGet(43)) - raft.server.log.force.sync.num = 128 (default)
2019-08-20 18:47:21,551 [pool-461-thread-1] INFO  server.RaftServerConfigKeys (ConfUtils.java:logGet(43)) - raft.server.log.statemachine.data.sync = true (default)
2019-08-20 18:47:21,551 [pool-461-thread-1] INFO  server.RaftServerConfigKeys (ConfUtils.java:logGet(43)) - raft.server.log.statemachine.data.sync.timeout = 10s (default)
2019-08-20 18:47:21,552 [pool-461-thread-1] INFO  server.RaftServerConfigKeys (ConfUtils.java:logGet(43)) - raft.server.log.statemachine.data.sync.timeout.retry = -1 (default)
2019-08-20 18:47:21,552 [pool-461-thread-1] INFO  server.RaftServerConfigKeys (ConfUtils.java:logGet(43)) - raft.server.log.statemachine.data.caching.enabled = true (custom)
2019-08-20 18:47:21,552 [pool-461-thread-1] INFO  segmented.SegmentedRaftLogWorker (SegmentedRaftLogWorker.java:lambda$new$0(132)) - cf6953c2-32b6-42f7-ab38-bddb14a599b2-SegmentedRaftLogWorker:Storage Directory /workdir/hadoop-ozone/integration-test/target/test-dir/MiniOzoneClusterImpl-608c326c-aa6a-4be1-85ed-041816735c61/datanode-2/data/ratis/6d4ab42f-8a8d-462b-8cb6-a8e34094f328: flushIndex: setUnconditionally 0 -> -1
2019-08-20 18:47:21,553 [pool-461-thread-1] INFO  server.RaftServerConfigKeys (ConfUtils.java:logGet(43)) - raft.server.snapshot.auto.trigger.enabled = true (custom)
2019-08-20 18:47:21,553 [pool-461-thread-1] INFO  server.RaftServerConfigKeys (ConfUtils.java:logGet(43)) - raft.server.snapshot.auto.trigger.threshold = 10000 (custom)
2019-08-20 18:47:21,553 [pool-461-thread-1] INFO  server.RaftServerConfigKeys (ConfUtils.java:logGet(43)) - raft.server.retrycache.expirytime = 600000ms (custom)
2019-08-20 18:47:21,553 [pool-461-thread-1] INFO  impl.RaftServerImpl (RaftServerImpl.java:start(180)) - cf6953c2-32b6-42f7-ab38-bddb14a599b2: start group-A8E34094F328
2019-08-20 18:47:21,553 [pool-461-thread-1] INFO  impl.RaftServerImpl (RaftServerImpl.java:setRole(171)) - cf6953c2-32b6-42f7-ab38-bddb14a599b2:group-A8E34094F328 changes role from null to FOLLOWER at term 0 for startAsFollower
2019-08-20 18:47:21,554 [pool-461-thread-1] INFO  impl.RoleInfo (RoleInfo.java:updateAndGet(143)) - cf6953c2-32b6-42f7-ab38-bddb14a599b2: start FollowerState
2019-08-20 18:47:21,554 [pool-461-thread-1] INFO  util.JmxRegister (JmxRegister.java:tryRegister(44)) - Successfully registered JMX Bean with object name Ratis:service=RaftServer,group=group-A8E34094F328,id=cf6953c2-32b6-42f7-ab38-bddb14a599b2
2019-08-20 18:47:21,556 [RatisPipelineUtilsThread] INFO  pipeline.PipelineStateManager (PipelineStateManager.java:addPipeline(56)) - Created pipeline Pipeline[ Id: 6d4ab42f-8a8d-462b-8cb6-a8e34094f328, Nodes: cf6953c2-32b6-42f7-ab38-bddb14a599b2{ip: 192.168.69.105, host: pr-hdds-165-w559s-1850982102, networkLocation: /default-rack, certSerialId: null}, Type:RATIS, Factor:ONE, State:OPEN]
2019-08-20 18:47:21,571 [grpc-default-executor-8] INFO  impl.RaftServerProxy (RaftServerProxy.java:addNew(89)) - cdb5f687-1183-4537-b7fe-600d71f89ce8: addNew group-1FA4A48610E7:[2c3705c7-c55e-4fe5-a1eb-903b30dba60b:192.168.69.105:45057, cdb5f687-1183-4537-b7fe-600d71f89ce8:192.168.69.105:33632, cf6953c2-32b6-42f7-ab38-bddb14a599b2:192.168.69.105:33682] returns group-1FA4A48610E7:java.util.concurrent.CompletableFuture@715b8f37[Not completed]
2019-08-20 18:47:21,571 [grpc-default-executor-5] INFO  impl.RaftServerProxy (RaftServerProxy.java:addNew(89)) - 2c3705c7-c55e-4fe5-a1eb-903b30dba60b: addNew group-1FA4A48610E7:[2c3705c7-c55e-4fe5-a1eb-903b30dba60b:192.168.69.105:45057, cdb5f687-1183-4537-b7fe-600d71f89ce8:192.168.69.105:33632, cf6953c2-32b6-42f7-ab38-bddb14a599b2:192.168.69.105:33682] returns group-1FA4A48610E7:java.util.concurrent.CompletableFuture@22625cb6[Not completed]
2019-08-20 18:47:21,571 [grpc-default-executor-6] INFO  impl.RaftServerProxy (RaftServerProxy.java:addNew(89)) - cf6953c2-32b6-42f7-ab38-bddb14a599b2: addNew group-1FA4A48610E7:[2c3705c7-c55e-4fe5-a1eb-903b30dba60b:192.168.69.105:45057, cdb5f687-1183-4537-b7fe-600d71f89ce8:192.168.69.105:33632, cf6953c2-32b6-42f7-ab38-bddb14a599b2:192.168.69.105:33682] returns group-1FA4A48610E7:java.util.concurrent.CompletableFuture@29649947[Not completed]
2019-08-20 18:47:21,572 [pool-461-thread-1] INFO  impl.RaftServerImpl (RaftServerImpl.java:<init>(93)) - cf6953c2-32b6-42f7-ab38-bddb14a599b2: new RaftServerImpl for group-1FA4A48610E7:[2c3705c7-c55e-4fe5-a1eb-903b30dba60b:192.168.69.105:45057, cdb5f687-1183-4537-b7fe-600d71f89ce8:192.168.69.105:33632, cf6953c2-32b6-42f7-ab38-bddb14a599b2:192.168.69.105:33682] with ContainerStateMachine:uninitialized
2019-08-20 18:47:21,572 [pool-461-thread-1] INFO  server.RaftServerConfigKeys (ConfUtils.java:logGet(43)) - raft.server.rpc.timeout.min = 5s (custom)
2019-08-20 18:47:21,572 [pool-461-thread-1] INFO  server.RaftServerConfigKeys (ConfUtils.java:logGet(43)) - raft.server.rpc.timeout.max = 5200ms (custom)
2019-08-20 18:47:21,572 [pool-461-thread-1] INFO  server.RaftServerConfigKeys (ConfUtils.java:logGet(43)) - raft.server.rpcslowness.timeout = 120s (custom)
2019-08-20 18:47:21,572 [pool-461-thread-1] INFO  server.RaftServerConfigKeys (ConfUtils.java:logGet(43)) - raft.server.sleep.deviation.threshold = 300 (default)
2019-08-20 18:47:21,572 [pool-461-thread-1] INFO  server.RaftServerConfigKeys (ConfUtils.java:logGet(43)) - raft.server.log.appender.install.snapshot.enabled = false (custom)
2019-08-20 18:47:21,573 [pool-461-thread-1] INFO  impl.RaftServerImpl (ServerState.java:<init>(105)) - cf6953c2-32b6-42f7-ab38-bddb14a599b2:group-1FA4A48610E7 ConfigurationManager, init=-1: [2c3705c7-c55e-4fe5-a1eb-903b30dba60b:192.168.69.105:45057, cdb5f687-1183-4537-b7fe-600d71f89ce8:192.168.69.105:33632, cf6953c2-32b6-42f7-ab38-bddb14a599b2:192.168.69.105:33682], old=null, confs=<EMPTY_MAP>
2019-08-20 18:47:21,573 [pool-439-thread-1] INFO  impl.RaftServerImpl (RaftServerImpl.java:<init>(93)) - cdb5f687-1183-4537-b7fe-600d71f89ce8: new RaftServerImpl for group-1FA4A48610E7:[2c3705c7-c55e-4fe5-a1eb-903b30dba60b:192.168.69.105:45057, cdb5f687-1183-4537-b7fe-600d71f89ce8:192.168.69.105:33632, cf6953c2-32b6-42f7-ab38-bddb14a599b2:192.168.69.105:33682] with ContainerStateMachine:uninitialized
2019-08-20 18:47:21,573 [pool-461-thread-1] INFO  server.RaftServerConfigKeys (ConfUtils.java:logGet(43)) - raft.server.storage.dir = [/workdir/hadoop-ozone/integration-test/target/test-dir/MiniOzoneClusterImpl-608c326c-aa6a-4be1-85ed-041816735c61/datanode-2/data/ratis] (custom)
2019-08-20 18:47:21,573 [pool-439-thread-1] INFO  server.RaftServerConfigKeys (ConfUtils.java:logGet(43)) - raft.server.rpc.timeout.min = 5s (custom)
2019-08-20 18:47:21,573 [pool-461-thread-1] INFO  storage.RaftStorageDirectory (RaftStorageDirectory.java:analyzeStorage(246)) - The storage directory /workdir/hadoop-ozone/integration-test/target/test-dir/MiniOzoneClusterImpl-608c326c-aa6a-4be1-85ed-041816735c61/datanode-2/data/ratis/8a5b5004-82bf-406f-8aff-1fa4a48610e7 does not exist. Creating ...
2019-08-20 18:47:21,573 [pool-450-thread-1] INFO  impl.RaftServerImpl (RaftServerImpl.java:<init>(93)) - 2c3705c7-c55e-4fe5-a1eb-903b30dba60b: new RaftServerImpl for group-1FA4A48610E7:[2c3705c7-c55e-4fe5-a1eb-903b30dba60b:192.168.69.105:45057, cdb5f687-1183-4537-b7fe-600d71f89ce8:192.168.69.105:33632, cf6953c2-32b6-42f7-ab38-bddb14a599b2:192.168.69.105:33682] with ContainerStateMachine:uninitialized
2019-08-20 18:47:21,573 [pool-439-thread-1] INFO  server.RaftServerConfigKeys (ConfUtils.java:logGet(43)) - raft.server.rpc.timeout.max = 5200ms (custom)
2019-08-20 18:47:21,574 [pool-450-thread-1] INFO  server.RaftServerConfigKeys (ConfUtils.java:logGet(43)) - raft.server.rpc.timeout.min = 5s (custom)
2019-08-20 18:47:21,574 [pool-439-thread-1] INFO  server.RaftServerConfigKeys (ConfUtils.java:logGet(43)) - raft.server.rpcslowness.timeout = 120s (custom)
2019-08-20 18:47:21,574 [pool-450-thread-1] INFO  server.RaftServerConfigKeys (ConfUtils.java:logGet(43)) - raft.server.rpc.timeout.max = 5200ms (custom)
2019-08-20 18:47:21,574 [pool-439-thread-1] INFO  server.RaftServerConfigKeys (ConfUtils.java:logGet(43)) - raft.server.sleep.deviation.threshold = 300 (default)
2019-08-20 18:47:21,574 [pool-450-thread-1] INFO  server.RaftServerConfigKeys (ConfUtils.java:logGet(43)) - raft.server.rpcslowness.timeout = 120s (custom)
2019-08-20 18:47:21,574 [pool-439-thread-1] INFO  server.RaftServerConfigKeys (ConfUtils.java:logGet(43)) - raft.server.log.appender.install.snapshot.enabled = false (custom)
2019-08-20 18:47:21,575 [pool-450-thread-1] INFO  server.RaftServerConfigKeys (ConfUtils.java:logGet(43)) - raft.server.sleep.deviation.threshold = 300 (default)
2019-08-20 18:47:21,575 [pool-439-thread-1] INFO  impl.RaftServerImpl (ServerState.java:<init>(105)) - cdb5f687-1183-4537-b7fe-600d71f89ce8:group-1FA4A48610E7 ConfigurationManager, init=-1: [2c3705c7-c55e-4fe5-a1eb-903b30dba60b:192.168.69.105:45057, cdb5f687-1183-4537-b7fe-600d71f89ce8:192.168.69.105:33632, cf6953c2-32b6-42f7-ab38-bddb14a599b2:192.168.69.105:33682], old=null, confs=<EMPTY_MAP>
2019-08-20 18:47:21,575 [pool-450-thread-1] INFO  server.RaftServerConfigKeys (ConfUtils.java:logGet(43)) - raft.server.log.appender.install.snapshot.enabled = false (custom)
2019-08-20 18:47:21,575 [pool-439-thread-1] INFO  server.RaftServerConfigKeys (ConfUtils.java:logGet(43)) - raft.server.storage.dir = [/workdir/hadoop-ozone/integration-test/target/test-dir/MiniOzoneClusterImpl-608c326c-aa6a-4be1-85ed-041816735c61/datanode-0/data/ratis] (custom)
2019-08-20 18:47:21,575 [pool-450-thread-1] INFO  impl.RaftServerImpl (ServerState.java:<init>(105)) - 2c3705c7-c55e-4fe5-a1eb-903b30dba60b:group-1FA4A48610E7 ConfigurationManager, init=-1: [2c3705c7-c55e-4fe5-a1eb-903b30dba60b:192.168.69.105:45057, cdb5f687-1183-4537-b7fe-600d71f89ce8:192.168.69.105:33632, cf6953c2-32b6-42f7-ab38-bddb14a599b2:192.168.69.105:33682], old=null, confs=<EMPTY_MAP>
2019-08-20 18:47:21,576 [pool-450-thread-1] INFO  server.RaftServerConfigKeys (ConfUtils.java:logGet(43)) - raft.server.storage.dir = [/workdir/hadoop-ozone/integration-test/target/test-dir/MiniOzoneClusterImpl-608c326c-aa6a-4be1-85ed-041816735c61/datanode-1/data/ratis] (custom)
2019-08-20 18:47:21,576 [pool-439-thread-1] INFO  storage.RaftStorageDirectory (RaftStorageDirectory.java:analyzeStorage(246)) - The storage directory /workdir/hadoop-ozone/integration-test/target/test-dir/MiniOzoneClusterImpl-608c326c-aa6a-4be1-85ed-041816735c61/datanode-0/data/ratis/8a5b5004-82bf-406f-8aff-1fa4a48610e7 does not exist. Creating ...
2019-08-20 18:47:21,576 [pool-450-thread-1] INFO  storage.RaftStorageDirectory (RaftStorageDirectory.java:analyzeStorage(246)) - The storage directory /workdir/hadoop-ozone/integration-test/target/test-dir/MiniOzoneClusterImpl-608c326c-aa6a-4be1-85ed-041816735c61/datanode-1/data/ratis/8a5b5004-82bf-406f-8aff-1fa4a48610e7 does not exist. Creating ...
2019-08-20 18:47:21,587 [pool-450-thread-1] INFO  storage.RaftStorageDirectory (RaftStorageDirectory.java:tryLock(328)) - Lock on /workdir/hadoop-ozone/integration-test/target/test-dir/MiniOzoneClusterImpl-608c326c-aa6a-4be1-85ed-041816735c61/datanode-1/data/ratis/8a5b5004-82bf-406f-8aff-1fa4a48610e7/in_use.lock acquired by nodename 16866@pr-hdds-165-w559s-1850982102
2019-08-20 18:47:21,587 [pool-439-thread-1] INFO  storage.RaftStorageDirectory (RaftStorageDirectory.java:tryLock(328)) - Lock on /workdir/hadoop-ozone/integration-test/target/test-dir/MiniOzoneClusterImpl-608c326c-aa6a-4be1-85ed-041816735c61/datanode-0/data/ratis/8a5b5004-82bf-406f-8aff-1fa4a48610e7/in_use.lock acquired by nodename 16866@pr-hdds-165-w559s-1850982102
2019-08-20 18:47:21,587 [pool-461-thread-1] INFO  storage.RaftStorageDirectory (RaftStorageDirectory.java:tryLock(328)) - Lock on /workdir/hadoop-ozone/integration-test/target/test-dir/MiniOzoneClusterImpl-608c326c-aa6a-4be1-85ed-041816735c61/datanode-2/data/ratis/8a5b5004-82bf-406f-8aff-1fa4a48610e7/in_use.lock acquired by nodename 16866@pr-hdds-165-w559s-1850982102
2019-08-20 18:47:21,601 [pool-439-thread-1] INFO  storage.RaftStorage (RaftStorage.java:format(72)) - Storage directory /workdir/hadoop-ozone/integration-test/target/test-dir/MiniOzoneClusterImpl-608c326c-aa6a-4be1-85ed-041816735c61/datanode-0/data/ratis/8a5b5004-82bf-406f-8aff-1fa4a48610e7 has been successfully formatted.
2019-08-20 18:47:21,601 [pool-461-thread-1] INFO  storage.RaftStorage (RaftStorage.java:format(72)) - Storage directory /workdir/hadoop-ozone/integration-test/target/test-dir/MiniOzoneClusterImpl-608c326c-aa6a-4be1-85ed-041816735c61/datanode-2/data/ratis/8a5b5004-82bf-406f-8aff-1fa4a48610e7 has been successfully formatted.
2019-08-20 18:47:21,601 [pool-450-thread-1] INFO  storage.RaftStorage (RaftStorage.java:format(72)) - Storage directory /workdir/hadoop-ozone/integration-test/target/test-dir/MiniOzoneClusterImpl-608c326c-aa6a-4be1-85ed-041816735c61/datanode-1/data/ratis/8a5b5004-82bf-406f-8aff-1fa4a48610e7 has been successfully formatted.
2019-08-20 18:47:21,602 [pool-461-thread-1] INFO  ratis.ContainerStateMachine (ContainerStateMachine.java:loadSnapshot(226)) - group-1FA4A48610E7: The snapshot info is null. Setting the last applied indexto:(t:0, i:~)
2019-08-20 18:47:21,602 [pool-450-thread-1] INFO  ratis.ContainerStateMachine (ContainerStateMachine.java:loadSnapshot(226)) - group-1FA4A48610E7: The snapshot info is null. Setting the last applied indexto:(t:0, i:~)
2019-08-20 18:47:21,602 [pool-461-thread-1] INFO  server.RaftServerConfigKeys (ConfUtils.java:logGet(43)) - raft.server.leader.election.timeout = 120s (custom)
2019-08-20 18:47:21,602 [pool-439-thread-1] INFO  ratis.ContainerStateMachine (ContainerStateMachine.java:loadSnapshot(226)) - group-1FA4A48610E7: The snapshot info is null. Setting the last applied indexto:(t:0, i:~)
2019-08-20 18:47:21,602 [pool-461-thread-1] INFO  server.RaftServerConfigKeys (ConfUtils.java:logGet(43)) - raft.server.log.use.memory = false (default)
2019-08-20 18:47:21,602 [pool-450-thread-1] INFO  server.RaftServerConfigKeys (ConfUtils.java:logGet(43)) - raft.server.leader.election.timeout = 120s (custom)
2019-08-20 18:47:21,603 [pool-461-thread-1] INFO  server.RaftServerConfigKeys (ConfUtils.java:logGet(43)) - raft.server.log.purge.gap = 1000000 (custom)
2019-08-20 18:47:21,603 [pool-439-thread-1] INFO  server.RaftServerConfigKeys (ConfUtils.java:logGet(43)) - raft.server.leader.election.timeout = 120s (custom)
2019-08-20 18:47:21,603 [pool-461-thread-1] INFO  server.RaftServerConfigKeys (ConfUtils.java:logGet(43)) - raft.server.log.appender.buffer.byte-limit = 33554432 (custom)
2019-08-20 18:47:21,603 [pool-450-thread-1] INFO  server.RaftServerConfigKeys (ConfUtils.java:logGet(43)) - raft.server.log.use.memory = false (default)
2019-08-20 18:47:21,603 [pool-461-thread-1] INFO  server.RaftServerConfigKeys (ConfUtils.java:logGet(43)) - raft.server.log.segment.size.max = 1048576 (custom)
2019-08-20 18:47:21,603 [pool-439-thread-1] INFO  server.RaftServerConfigKeys (ConfUtils.java:logGet(43)) - raft.server.log.use.memory = false (default)
2019-08-20 18:47:21,604 [pool-461-thread-1] INFO  server.RaftServerConfigKeys (ConfUtils.java:logGet(43)) - raft.server.log.segment.cache.num.max = 2 (custom)
2019-08-20 18:47:21,604 [pool-450-thread-1] INFO  server.RaftServerConfigKeys (ConfUtils.java:logGet(43)) - raft.server.log.purge.gap = 1000000 (custom)
2019-08-20 18:47:21,604 [pool-461-thread-1] INFO  segmented.SegmentedRaftLogWorker (SegmentedRaftLogWorker.java:<init>(172)) - new cf6953c2-32b6-42f7-ab38-bddb14a599b2-SegmentedRaftLogWorker:Storage Directory /workdir/hadoop-ozone/integration-test/target/test-dir/MiniOzoneClusterImpl-608c326c-aa6a-4be1-85ed-041816735c61/datanode-2/data/ratis/8a5b5004-82bf-406f-8aff-1fa4a48610e7 for RaftStorage:Storage Directory /workdir/hadoop-ozone/integration-test/target/test-dir/MiniOzoneClusterImpl-608c326c-aa6a-4be1-85ed-041816735c61/datanode-2/data/ratis/8a5b5004-82bf-406f-8aff-1fa4a48610e7
2019-08-20 18:47:21,604 [pool-439-thread-1] INFO  server.RaftServerConfigKeys (ConfUtils.java:logGet(43)) - raft.server.log.purge.gap = 1000000 (custom)
2019-08-20 18:47:21,604 [pool-461-thread-1] INFO  server.RaftServerConfigKeys (ConfUtils.java:logGet(43)) - raft.server.log.queue.byte-limit = 2147483647 (custom)
2019-08-20 18:47:21,604 [pool-450-thread-1] INFO  server.RaftServerConfigKeys (ConfUtils.java:logGet(43)) - raft.server.log.appender.buffer.byte-limit = 33554432 (custom)
2019-08-20 18:47:21,605 [pool-461-thread-1] INFO  server.RaftServerConfigKeys (ConfUtils.java:logGet(43)) - raft.server.log.queue.element-limit = 1024 (custom)
2019-08-20 18:47:21,605 [pool-439-thread-1] INFO  server.RaftServerConfigKeys (ConfUtils.java:logGet(43)) - raft.server.log.appender.buffer.byte-limit = 33554432 (custom)
2019-08-20 18:47:21,605 [pool-461-thread-1] INFO  server.RaftServerConfigKeys (ConfUtils.java:logGet(43)) - raft.server.log.segment.size.max = 1048576 (custom)
2019-08-20 18:47:21,605 [pool-450-thread-1] INFO  server.RaftServerConfigKeys (ConfUtils.java:logGet(43)) - raft.server.log.segment.size.max = 1048576 (custom)
2019-08-20 18:47:21,605 [pool-461-thread-1] INFO  server.RaftServerConfigKeys (ConfUtils.java:logGet(43)) - raft.server.log.preallocated.size = 16384 (custom)
2019-08-20 18:47:21,605 [pool-439-thread-1] INFO  server.RaftServerConfigKeys (ConfUtils.java:logGet(43)) - raft.server.log.segment.size.max = 1048576 (custom)
2019-08-20 18:47:21,606 [pool-461-thread-1] INFO  server.RaftServerConfigKeys (ConfUtils.java:logGet(43)) - raft.server.log.write.buffer.size = 33554432 (custom)
2019-08-20 18:47:21,605 [pool-450-thread-1] INFO  server.RaftServerConfigKeys (ConfUtils.java:logGet(43)) - raft.server.log.segment.cache.num.max = 2 (custom)
2019-08-20 18:47:21,606 [pool-461-thread-1] INFO  server.RaftServerConfigKeys (ConfUtils.java:logGet(43)) - raft.server.log.force.sync.num = 128 (default)
2019-08-20 18:47:21,606 [pool-439-thread-1] INFO  server.RaftServerConfigKeys (ConfUtils.java:logGet(43)) - raft.server.log.segment.cache.num.max = 2 (custom)
2019-08-20 18:47:21,606 [pool-461-thread-1] INFO  server.RaftServerConfigKeys (ConfUtils.java:logGet(43)) - raft.server.log.statemachine.data.sync = true (default)
2019-08-20 18:47:21,606 [pool-450-thread-1] INFO  segmented.SegmentedRaftLogWorker (SegmentedRaftLogWorker.java:<init>(172)) - new 2c3705c7-c55e-4fe5-a1eb-903b30dba60b-SegmentedRaftLogWorker:Storage Directory /workdir/hadoop-ozone/integration-test/target/test-dir/MiniOzoneClusterImpl-608c326c-aa6a-4be1-85ed-041816735c61/datanode-1/data/ratis/8a5b5004-82bf-406f-8aff-1fa4a48610e7 for RaftStorage:Storage Directory /workdir/hadoop-ozone/integration-test/target/test-dir/MiniOzoneClusterImpl-608c326c-aa6a-4be1-85ed-041816735c61/datanode-1/data/ratis/8a5b5004-82bf-406f-8aff-1fa4a48610e7
2019-08-20 18:47:21,606 [pool-461-thread-1] INFO  server.RaftServerConfigKeys (ConfUtils.java:logGet(43)) - raft.server.log.statemachine.data.sync.timeout = 10s (default)
2019-08-20 18:47:21,606 [pool-439-thread-1] INFO  segmented.SegmentedRaftLogWorker (SegmentedRaftLogWorker.java:<init>(172)) - new cdb5f687-1183-4537-b7fe-600d71f89ce8-SegmentedRaftLogWorker:Storage Directory /workdir/hadoop-ozone/integration-test/target/test-dir/MiniOzoneClusterImpl-608c326c-aa6a-4be1-85ed-041816735c61/datanode-0/data/ratis/8a5b5004-82bf-406f-8aff-1fa4a48610e7 for RaftStorage:Storage Directory /workdir/hadoop-ozone/integration-test/target/test-dir/MiniOzoneClusterImpl-608c326c-aa6a-4be1-85ed-041816735c61/datanode-0/data/ratis/8a5b5004-82bf-406f-8aff-1fa4a48610e7
2019-08-20 18:47:21,607 [pool-461-thread-1] INFO  server.RaftServerConfigKeys (ConfUtils.java:logGet(43)) - raft.server.log.statemachine.data.sync.timeout.retry = -1 (default)
2019-08-20 18:47:21,607 [pool-450-thread-1] INFO  server.RaftServerConfigKeys (ConfUtils.java:logGet(43)) - raft.server.log.queue.byte-limit = 2147483647 (custom)
2019-08-20 18:47:21,607 [pool-461-thread-1] INFO  server.RaftServerConfigKeys (ConfUtils.java:logGet(43)) - raft.server.log.statemachine.data.caching.enabled = true (custom)
2019-08-20 18:47:21,607 [pool-439-thread-1] INFO  server.RaftServerConfigKeys (ConfUtils.java:logGet(43)) - raft.server.log.queue.byte-limit = 2147483647 (custom)
2019-08-20 18:47:21,607 [pool-450-thread-1] INFO  server.RaftServerConfigKeys (ConfUtils.java:logGet(43)) - raft.server.log.queue.element-limit = 1024 (custom)
2019-08-20 18:47:21,608 [pool-461-thread-1] INFO  segmented.SegmentedRaftLogWorker (SegmentedRaftLogWorker.java:lambda$new$0(132)) - cf6953c2-32b6-42f7-ab38-bddb14a599b2-SegmentedRaftLogWorker:Storage Directory /workdir/hadoop-ozone/integration-test/target/test-dir/MiniOzoneClusterImpl-608c326c-aa6a-4be1-85ed-041816735c61/datanode-2/data/ratis/8a5b5004-82bf-406f-8aff-1fa4a48610e7: flushIndex: setUnconditionally 0 -> -1
2019-08-20 18:47:21,607 [pool-439-thread-1] INFO  server.RaftServerConfigKeys (ConfUtils.java:logGet(43)) - raft.server.log.queue.element-limit = 1024 (custom)
2019-08-20 18:47:21,608 [pool-461-thread-1] INFO  server.RaftServerConfigKeys (ConfUtils.java:logGet(43)) - raft.server.snapshot.auto.trigger.enabled = true (custom)
2019-08-20 18:47:21,608 [pool-450-thread-1] INFO  server.RaftServerConfigKeys (ConfUtils.java:logGet(43)) - raft.server.log.segment.size.max = 1048576 (custom)
2019-08-20 18:47:21,609 [pool-461-thread-1] INFO  server.RaftServerConfigKeys (ConfUtils.java:logGet(43)) - raft.server.snapshot.auto.trigger.threshold = 10000 (custom)
2019-08-20 18:47:21,609 [pool-439-thread-1] INFO  server.RaftServerConfigKeys (ConfUtils.java:logGet(43)) - raft.server.log.segment.size.max = 1048576 (custom)
2019-08-20 18:47:21,609 [pool-461-thread-1] INFO  server.RaftServerConfigKeys (ConfUtils.java:logGet(43)) - raft.server.retrycache.expirytime = 600000ms (custom)
2019-08-20 18:47:21,609 [pool-450-thread-1] INFO  server.RaftServerConfigKeys (ConfUtils.java:logGet(43)) - raft.server.log.preallocated.size = 16384 (custom)
2019-08-20 18:47:21,609 [pool-461-thread-1] INFO  impl.RaftServerImpl (RaftServerImpl.java:start(180)) - cf6953c2-32b6-42f7-ab38-bddb14a599b2: start group-1FA4A48610E7
2019-08-20 18:47:21,609 [pool-439-thread-1] INFO  server.RaftServerConfigKeys (ConfUtils.java:logGet(43)) - raft.server.log.preallocated.size = 16384 (custom)
2019-08-20 18:47:21,610 [pool-461-thread-1] INFO  impl.RaftServerImpl (RaftServerImpl.java:setRole(171)) - cf6953c2-32b6-42f7-ab38-bddb14a599b2:group-1FA4A48610E7 changes role from null to FOLLOWER at term 0 for startAsFollower
2019-08-20 18:47:21,609 [pool-450-thread-1] INFO  server.RaftServerConfigKeys (ConfUtils.java:logGet(43)) - raft.server.log.write.buffer.size = 33554432 (custom)
2019-08-20 18:47:21,610 [pool-461-thread-1] INFO  impl.RoleInfo (RoleInfo.java:updateAndGet(143)) - cf6953c2-32b6-42f7-ab38-bddb14a599b2: start FollowerState
2019-08-20 18:47:21,610 [pool-439-thread-1] INFO  server.RaftServerConfigKeys (ConfUtils.java:logGet(43)) - raft.server.log.write.buffer.size = 33554432 (custom)
2019-08-20 18:47:21,610 [pool-439-thread-1] INFO  server.RaftServerConfigKeys (ConfUtils.java:logGet(43)) - raft.server.log.force.sync.num = 128 (default)
2019-08-20 18:47:21,620 [pool-439-thread-1] INFO  server.RaftServerConfigKeys (ConfUtils.java:logGet(43)) - raft.server.log.statemachine.data.sync = true (default)
2019-08-20 18:47:21,610 [pool-450-thread-1] INFO  server.RaftServerConfigKeys (ConfUtils.java:logGet(43)) - raft.server.log.force.sync.num = 128 (default)
2019-08-20 18:47:21,620 [pool-439-thread-1] INFO  server.RaftServerConfigKeys (ConfUtils.java:logGet(43)) - raft.server.log.statemachine.data.sync.timeout = 10s (default)
2019-08-20 18:47:21,620 [pool-461-thread-1] INFO  util.JmxRegister (JmxRegister.java:tryRegister(44)) - Successfully registered JMX Bean with object name Ratis:service=RaftServer,group=group-1FA4A48610E7,id=cf6953c2-32b6-42f7-ab38-bddb14a599b2
2019-08-20 18:47:21,621 [pool-439-thread-1] INFO  server.RaftServerConfigKeys (ConfUtils.java:logGet(43)) - raft.server.log.statemachine.data.sync.timeout.retry = -1 (default)
2019-08-20 18:47:21,621 [pool-450-thread-1] INFO  server.RaftServerConfigKeys (ConfUtils.java:logGet(43)) - raft.server.log.statemachine.data.sync = true (default)
2019-08-20 18:47:21,621 [pool-439-thread-1] INFO  server.RaftServerConfigKeys (ConfUtils.java:logGet(43)) - raft.server.log.statemachine.data.caching.enabled = true (custom)
2019-08-20 18:47:21,621 [pool-450-thread-1] INFO  server.RaftServerConfigKeys (ConfUtils.java:logGet(43)) - raft.server.log.statemachine.data.sync.timeout = 10s (default)
2019-08-20 18:47:21,628 [pool-450-thread-1] INFO  server.RaftServerConfigKeys (ConfUtils.java:logGet(43)) - raft.server.log.statemachine.data.sync.timeout.retry = -1 (default)
2019-08-20 18:47:21,628 [pool-439-thread-1] INFO  segmented.SegmentedRaftLogWorker (SegmentedRaftLogWorker.java:lambda$new$0(132)) - cdb5f687-1183-4537-b7fe-600d71f89ce8-SegmentedRaftLogWorker:Storage Directory /workdir/hadoop-ozone/integration-test/target/test-dir/MiniOzoneClusterImpl-608c326c-aa6a-4be1-85ed-041816735c61/datanode-0/data/ratis/8a5b5004-82bf-406f-8aff-1fa4a48610e7: flushIndex: setUnconditionally 0 -> -1
2019-08-20 18:47:21,628 [pool-450-thread-1] INFO  server.RaftServerConfigKeys (ConfUtils.java:logGet(43)) - raft.server.log.statemachine.data.caching.enabled = true (custom)
2019-08-20 18:47:21,628 [pool-439-thread-1] INFO  server.RaftServerConfigKeys (ConfUtils.java:logGet(43)) - raft.server.snapshot.auto.trigger.enabled = true (custom)
2019-08-20 18:47:21,628 [pool-439-thread-1] INFO  server.RaftServerConfigKeys (ConfUtils.java:logGet(43)) - raft.server.snapshot.auto.trigger.threshold = 10000 (custom)
2019-08-20 18:47:21,628 [pool-450-thread-1] INFO  segmented.SegmentedRaftLogWorker (SegmentedRaftLogWorker.java:lambda$new$0(132)) - 2c3705c7-c55e-4fe5-a1eb-903b30dba60b-SegmentedRaftLogWorker:Storage Directory /workdir/hadoop-ozone/integration-test/target/test-dir/MiniOzoneClusterImpl-608c326c-aa6a-4be1-85ed-041816735c61/datanode-1/data/ratis/8a5b5004-82bf-406f-8aff-1fa4a48610e7: flushIndex: setUnconditionally 0 -> -1
2019-08-20 18:47:21,628 [pool-439-thread-1] INFO  server.RaftServerConfigKeys (ConfUtils.java:logGet(43)) - raft.server.retrycache.expirytime = 600000ms (custom)
2019-08-20 18:47:21,629 [pool-450-thread-1] INFO  server.RaftServerConfigKeys (ConfUtils.java:logGet(43)) - raft.server.snapshot.auto.trigger.enabled = true (custom)
2019-08-20 18:47:21,629 [pool-439-thread-1] INFO  impl.RaftServerImpl (RaftServerImpl.java:start(180)) - cdb5f687-1183-4537-b7fe-600d71f89ce8: start group-1FA4A48610E7
2019-08-20 18:47:21,629 [pool-450-thread-1] INFO  server.RaftServerConfigKeys (ConfUtils.java:logGet(43)) - raft.server.snapshot.auto.trigger.threshold = 10000 (custom)
2019-08-20 18:47:21,629 [pool-439-thread-1] INFO  impl.RaftServerImpl (RaftServerImpl.java:setRole(171)) - cdb5f687-1183-4537-b7fe-600d71f89ce8:group-1FA4A48610E7 changes role from null to FOLLOWER at term 0 for startAsFollower
2019-08-20 18:47:21,629 [pool-450-thread-1] INFO  server.RaftServerConfigKeys (ConfUtils.java:logGet(43)) - raft.server.retrycache.expirytime = 600000ms (custom)
2019-08-20 18:47:21,629 [pool-439-thread-1] INFO  impl.RoleInfo (RoleInfo.java:updateAndGet(143)) - cdb5f687-1183-4537-b7fe-600d71f89ce8: start FollowerState
2019-08-20 18:47:21,629 [pool-450-thread-1] INFO  impl.RaftServerImpl (RaftServerImpl.java:start(180)) - 2c3705c7-c55e-4fe5-a1eb-903b30dba60b: start group-1FA4A48610E7
2019-08-20 18:47:21,630 [pool-450-thread-1] INFO  impl.RaftServerImpl (RaftServerImpl.java:setRole(171)) - 2c3705c7-c55e-4fe5-a1eb-903b30dba60b:group-1FA4A48610E7 changes role from null to FOLLOWER at term 0 for startAsFollower
2019-08-20 18:47:21,630 [pool-450-thread-1] INFO  impl.RoleInfo (RoleInfo.java:updateAndGet(143)) - 2c3705c7-c55e-4fe5-a1eb-903b30dba60b: start FollowerState
2019-08-20 18:47:21,630 [pool-439-thread-1] INFO  util.JmxRegister (JmxRegister.java:tryRegister(44)) - Successfully registered JMX Bean with object name Ratis:service=RaftServer,group=group-1FA4A48610E7,id=cdb5f687-1183-4537-b7fe-600d71f89ce8
2019-08-20 18:47:21,630 [pool-450-thread-1] INFO  util.JmxRegister (JmxRegister.java:tryRegister(44)) - Successfully registered JMX Bean with object name Ratis:service=RaftServer,group=group-1FA4A48610E7,id=2c3705c7-c55e-4fe5-a1eb-903b30dba60b
2019-08-20 18:47:21,632 [RatisPipelineUtilsThread] INFO  pipeline.PipelineStateManager (PipelineStateManager.java:addPipeline(56)) - Created pipeline Pipeline[ Id: 8a5b5004-82bf-406f-8aff-1fa4a48610e7, Nodes: cdb5f687-1183-4537-b7fe-600d71f89ce8{ip: 192.168.69.105, host: pr-hdds-165-w559s-1850982102, networkLocation: /default-rack, certSerialId: null}2c3705c7-c55e-4fe5-a1eb-903b30dba60b{ip: 192.168.69.105, host: pr-hdds-165-w559s-1850982102, networkLocation: /default-rack, certSerialId: null}cf6953c2-32b6-42f7-ab38-bddb14a599b2{ip: 192.168.69.105, host: pr-hdds-165-w559s-1850982102, networkLocation: /default-rack, certSerialId: null}, Type:RATIS, Factor:THREE, State:OPEN]
2019-08-20 18:47:21,711 [IPC Server handler 4 on 39465] INFO  net.NetworkTopology (NetworkTopologyImpl.java:add(110)) - Added a new node: /default-rack/2d010cef-60b6-41ea-978a-486fd035ec3e
2019-08-20 18:47:21,712 [IPC Server handler 4 on 39465] INFO  node.SCMNodeManager (SCMNodeManager.java:register(273)) - Registered Data node : 2d010cef-60b6-41ea-978a-486fd035ec3e{ip: 192.168.69.105, host: pr-hdds-165-w559s-1850982102, networkLocation: /default-rack, certSerialId: null}
2019-08-20 18:47:21,714 | INFO  | SCMAudit | user=jenkins1000 | ip=192.168.69.105 | op=REGISTER {datanodeDetails=2d010cef-60b6-41ea-978a-486fd035ec3e{ip: 192.168.69.105, host: pr-hdds-165-w559s-1850982102, networkLocation: /default-rack, certSerialId: null}} | ret=SUCCESS |  
2019-08-20 18:47:21,721 [grpc-default-executor-6] INFO  impl.RaftServerProxy (RaftServerProxy.java:addNew(89)) - 2d010cef-60b6-41ea-978a-486fd035ec3e: addNew group-7CFAF91C07E4:[2d010cef-60b6-41ea-978a-486fd035ec3e:192.168.69.105:34123] returns group-7CFAF91C07E4:java.util.concurrent.CompletableFuture@6a98e9fc[Not completed]
2019-08-20 18:47:21,722 [pool-472-thread-1] INFO  impl.RaftServerImpl (RaftServerImpl.java:<init>(93)) - 2d010cef-60b6-41ea-978a-486fd035ec3e: new RaftServerImpl for group-7CFAF91C07E4:[2d010cef-60b6-41ea-978a-486fd035ec3e:192.168.69.105:34123] with ContainerStateMachine:uninitialized
2019-08-20 18:47:21,722 [pool-472-thread-1] INFO  server.RaftServerConfigKeys (ConfUtils.java:logGet(43)) - raft.server.rpc.timeout.min = 5s (custom)
2019-08-20 18:47:21,722 [pool-472-thread-1] INFO  server.RaftServerConfigKeys (ConfUtils.java:logGet(43)) - raft.server.rpc.timeout.max = 5200ms (custom)
2019-08-20 18:47:21,722 [pool-472-thread-1] INFO  server.RaftServerConfigKeys (ConfUtils.java:logGet(43)) - raft.server.rpcslowness.timeout = 120s (custom)
2019-08-20 18:47:21,722 [pool-472-thread-1] INFO  server.RaftServerConfigKeys (ConfUtils.java:logGet(43)) - raft.server.sleep.deviation.threshold = 300 (default)
2019-08-20 18:47:21,723 [pool-472-thread-1] INFO  server.RaftServerConfigKeys (ConfUtils.java:logGet(43)) - raft.server.log.appender.install.snapshot.enabled = false (custom)
2019-08-20 18:47:21,723 [pool-472-thread-1] INFO  impl.RaftServerImpl (ServerState.java:<init>(105)) - 2d010cef-60b6-41ea-978a-486fd035ec3e:group-7CFAF91C07E4 ConfigurationManager, init=-1: [2d010cef-60b6-41ea-978a-486fd035ec3e:192.168.69.105:34123], old=null, confs=<EMPTY_MAP>
2019-08-20 18:47:21,723 [pool-472-thread-1] INFO  server.RaftServerConfigKeys (ConfUtils.java:logGet(43)) - raft.server.storage.dir = [/workdir/hadoop-ozone/integration-test/target/test-dir/MiniOzoneClusterImpl-608c326c-aa6a-4be1-85ed-041816735c61/datanode-3/data/ratis] (custom)
2019-08-20 18:47:21,723 [pool-472-thread-1] INFO  storage.RaftStorageDirectory (RaftStorageDirectory.java:analyzeStorage(246)) - The storage directory /workdir/hadoop-ozone/integration-test/target/test-dir/MiniOzoneClusterImpl-608c326c-aa6a-4be1-85ed-041816735c61/datanode-3/data/ratis/a7da9d0d-a0e1-45f8-83d8-7cfaf91c07e4 does not exist. Creating ...
2019-08-20 18:47:21,744 [pool-472-thread-1] INFO  storage.RaftStorageDirectory (RaftStorageDirectory.java:tryLock(328)) - Lock on /workdir/hadoop-ozone/integration-test/target/test-dir/MiniOzoneClusterImpl-608c326c-aa6a-4be1-85ed-041816735c61/datanode-3/data/ratis/a7da9d0d-a0e1-45f8-83d8-7cfaf91c07e4/in_use.lock acquired by nodename 16866@pr-hdds-165-w559s-1850982102
2019-08-20 18:47:21,765 [pool-472-thread-1] INFO  storage.RaftStorage (RaftStorage.java:format(72)) - Storage directory /workdir/hadoop-ozone/integration-test/target/test-dir/MiniOzoneClusterImpl-608c326c-aa6a-4be1-85ed-041816735c61/datanode-3/data/ratis/a7da9d0d-a0e1-45f8-83d8-7cfaf91c07e4 has been successfully formatted.
2019-08-20 18:47:21,766 [pool-472-thread-1] INFO  ratis.ContainerStateMachine (ContainerStateMachine.java:loadSnapshot(226)) - group-7CFAF91C07E4: The snapshot info is null. Setting the last applied indexto:(t:0, i:~)
2019-08-20 18:47:21,766 [pool-472-thread-1] INFO  server.RaftServerConfigKeys (ConfUtils.java:logGet(43)) - raft.server.leader.election.timeout = 120s (custom)
2019-08-20 18:47:21,766 [pool-472-thread-1] INFO  server.RaftServerConfigKeys (ConfUtils.java:logGet(43)) - raft.server.log.use.memory = false (default)
2019-08-20 18:47:21,766 [pool-472-thread-1] INFO  server.RaftServerConfigKeys (ConfUtils.java:logGet(43)) - raft.server.log.purge.gap = 1000000 (custom)
2019-08-20 18:47:21,766 [pool-472-thread-1] INFO  server.RaftServerConfigKeys (ConfUtils.java:logGet(43)) - raft.server.log.appender.buffer.byte-limit = 33554432 (custom)
2019-08-20 18:47:21,766 [pool-472-thread-1] INFO  server.RaftServerConfigKeys (ConfUtils.java:logGet(43)) - raft.server.log.segment.size.max = 1048576 (custom)
2019-08-20 18:47:21,767 [pool-472-thread-1] INFO  server.RaftServerConfigKeys (ConfUtils.java:logGet(43)) - raft.server.log.segment.cache.num.max = 2 (custom)
2019-08-20 18:47:21,767 [pool-472-thread-1] INFO  segmented.SegmentedRaftLogWorker (SegmentedRaftLogWorker.java:<init>(172)) - new 2d010cef-60b6-41ea-978a-486fd035ec3e-SegmentedRaftLogWorker:Storage Directory /workdir/hadoop-ozone/integration-test/target/test-dir/MiniOzoneClusterImpl-608c326c-aa6a-4be1-85ed-041816735c61/datanode-3/data/ratis/a7da9d0d-a0e1-45f8-83d8-7cfaf91c07e4 for RaftStorage:Storage Directory /workdir/hadoop-ozone/integration-test/target/test-dir/MiniOzoneClusterImpl-608c326c-aa6a-4be1-85ed-041816735c61/datanode-3/data/ratis/a7da9d0d-a0e1-45f8-83d8-7cfaf91c07e4
2019-08-20 18:47:21,767 [pool-472-thread-1] INFO  server.RaftServerConfigKeys (ConfUtils.java:logGet(43)) - raft.server.log.queue.byte-limit = 2147483647 (custom)
2019-08-20 18:47:21,767 [pool-472-thread-1] INFO  server.RaftServerConfigKeys (ConfUtils.java:logGet(43)) - raft.server.log.queue.element-limit = 1024 (custom)
2019-08-20 18:47:21,767 [pool-472-thread-1] INFO  server.RaftServerConfigKeys (ConfUtils.java:logGet(43)) - raft.server.log.segment.size.max = 1048576 (custom)
2019-08-20 18:47:21,767 [pool-472-thread-1] INFO  server.RaftServerConfigKeys (ConfUtils.java:logGet(43)) - raft.server.log.preallocated.size = 16384 (custom)
2019-08-20 18:47:21,768 [pool-472-thread-1] INFO  server.RaftServerConfigKeys (ConfUtils.java:logGet(43)) - raft.server.log.write.buffer.size = 33554432 (custom)
2019-08-20 18:47:21,768 [pool-472-thread-1] INFO  server.RaftServerConfigKeys (ConfUtils.java:logGet(43)) - raft.server.log.force.sync.num = 128 (default)
2019-08-20 18:47:21,768 [pool-472-thread-1] INFO  server.RaftServerConfigKeys (ConfUtils.java:logGet(43)) - raft.server.log.statemachine.data.sync = true (default)
2019-08-20 18:47:21,768 [pool-472-thread-1] INFO  server.RaftServerConfigKeys (ConfUtils.java:logGet(43)) - raft.server.log.statemachine.data.sync.timeout = 10s (default)
2019-08-20 18:47:21,768 [pool-472-thread-1] INFO  server.RaftServerConfigKeys (ConfUtils.java:logGet(43)) - raft.server.log.statemachine.data.sync.timeout.retry = -1 (default)
2019-08-20 18:47:21,768 [pool-472-thread-1] INFO  server.RaftServerConfigKeys (ConfUtils.java:logGet(43)) - raft.server.log.statemachine.data.caching.enabled = true (custom)
2019-08-20 18:47:21,769 [pool-472-thread-1] INFO  segmented.SegmentedRaftLogWorker (SegmentedRaftLogWorker.java:lambda$new$0(132)) - 2d010cef-60b6-41ea-978a-486fd035ec3e-SegmentedRaftLogWorker:Storage Directory /workdir/hadoop-ozone/integration-test/target/test-dir/MiniOzoneClusterImpl-608c326c-aa6a-4be1-85ed-041816735c61/datanode-3/data/ratis/a7da9d0d-a0e1-45f8-83d8-7cfaf91c07e4: flushIndex: setUnconditionally 0 -> -1
2019-08-20 18:47:21,769 [pool-472-thread-1] INFO  server.RaftServerConfigKeys (ConfUtils.java:logGet(43)) - raft.server.snapshot.auto.trigger.enabled = true (custom)
2019-08-20 18:47:21,769 [pool-472-thread-1] INFO  server.RaftServerConfigKeys (ConfUtils.java:logGet(43)) - raft.server.snapshot.auto.trigger.threshold = 10000 (custom)
2019-08-20 18:47:21,770 [pool-472-thread-1] INFO  server.RaftServerConfigKeys (ConfUtils.java:logGet(43)) - raft.server.retrycache.expirytime = 600000ms (custom)
2019-08-20 18:47:21,770 [pool-472-thread-1] INFO  impl.RaftServerImpl (RaftServerImpl.java:start(180)) - 2d010cef-60b6-41ea-978a-486fd035ec3e: start group-7CFAF91C07E4
2019-08-20 18:47:21,770 [pool-472-thread-1] INFO  impl.RaftServerImpl (RaftServerImpl.java:setRole(171)) - 2d010cef-60b6-41ea-978a-486fd035ec3e:group-7CFAF91C07E4 changes role from null to FOLLOWER at term 0 for startAsFollower
2019-08-20 18:47:21,770 [pool-472-thread-1] INFO  impl.RoleInfo (RoleInfo.java:updateAndGet(143)) - 2d010cef-60b6-41ea-978a-486fd035ec3e: start FollowerState
2019-08-20 18:47:21,771 [pool-472-thread-1] INFO  util.JmxRegister (JmxRegister.java:tryRegister(44)) - Successfully registered JMX Bean with object name Ratis:service=RaftServer,group=group-7CFAF91C07E4,id=2d010cef-60b6-41ea-978a-486fd035ec3e
2019-08-20 18:47:21,773 [RatisPipelineUtilsThread] INFO  pipeline.PipelineStateManager (PipelineStateManager.java:addPipeline(56)) - Created pipeline Pipeline[ Id: a7da9d0d-a0e1-45f8-83d8-7cfaf91c07e4, Nodes: 2d010cef-60b6-41ea-978a-486fd035ec3e{ip: 192.168.69.105, host: pr-hdds-165-w559s-1850982102, networkLocation: /default-rack, certSerialId: null}, Type:RATIS, Factor:ONE, State:OPEN]
2019-08-20 18:47:21,910 [IPC Server handler 2 on 39465] INFO  net.NetworkTopology (NetworkTopologyImpl.java:add(110)) - Added a new node: /default-rack/0c838819-3df6-4ef3-ab53-303f2178b7dc
2019-08-20 18:47:21,910 [IPC Server handler 2 on 39465] INFO  node.SCMNodeManager (SCMNodeManager.java:register(273)) - Registered Data node : 0c838819-3df6-4ef3-ab53-303f2178b7dc{ip: 192.168.69.105, host: pr-hdds-165-w559s-1850982102, networkLocation: /default-rack, certSerialId: null}
2019-08-20 18:47:21,910 | INFO  | SCMAudit | user=jenkins1000 | ip=192.168.69.105 | op=REGISTER {datanodeDetails=0c838819-3df6-4ef3-ab53-303f2178b7dc{ip: 192.168.69.105, host: pr-hdds-165-w559s-1850982102, networkLocation: /default-rack, certSerialId: null}} | ret=SUCCESS |  
2019-08-20 18:47:21,919 [grpc-default-executor-6] INFO  impl.RaftServerProxy (RaftServerProxy.java:addNew(89)) - 0c838819-3df6-4ef3-ab53-303f2178b7dc: addNew group-631A799F4C51:[0c838819-3df6-4ef3-ab53-303f2178b7dc:192.168.69.105:43371] returns group-631A799F4C51:java.util.concurrent.CompletableFuture@345b0d78[Not completed]
2019-08-20 18:47:21,920 [pool-483-thread-1] INFO  impl.RaftServerImpl (RaftServerImpl.java:<init>(93)) - 0c838819-3df6-4ef3-ab53-303f2178b7dc: new RaftServerImpl for group-631A799F4C51:[0c838819-3df6-4ef3-ab53-303f2178b7dc:192.168.69.105:43371] with ContainerStateMachine:uninitialized
2019-08-20 18:47:21,920 [pool-483-thread-1] INFO  server.RaftServerConfigKeys (ConfUtils.java:logGet(43)) - raft.server.rpc.timeout.min = 5s (custom)
2019-08-20 18:47:21,920 [pool-483-thread-1] INFO  server.RaftServerConfigKeys (ConfUtils.java:logGet(43)) - raft.server.rpc.timeout.max = 5200ms (custom)
2019-08-20 18:47:21,920 [pool-483-thread-1] INFO  server.RaftServerConfigKeys (ConfUtils.java:logGet(43)) - raft.server.rpcslowness.timeout = 120s (custom)
2019-08-20 18:47:21,920 [pool-483-thread-1] INFO  server.RaftServerConfigKeys (ConfUtils.java:logGet(43)) - raft.server.sleep.deviation.threshold = 300 (default)
2019-08-20 18:47:21,921 [pool-483-thread-1] INFO  server.RaftServerConfigKeys (ConfUtils.java:logGet(43)) - raft.server.log.appender.install.snapshot.enabled = false (custom)
2019-08-20 18:47:21,921 [pool-483-thread-1] INFO  impl.RaftServerImpl (ServerState.java:<init>(105)) - 0c838819-3df6-4ef3-ab53-303f2178b7dc:group-631A799F4C51 ConfigurationManager, init=-1: [0c838819-3df6-4ef3-ab53-303f2178b7dc:192.168.69.105:43371], old=null, confs=<EMPTY_MAP>
2019-08-20 18:47:21,921 [pool-483-thread-1] INFO  server.RaftServerConfigKeys (ConfUtils.java:logGet(43)) - raft.server.storage.dir = [/workdir/hadoop-ozone/integration-test/target/test-dir/MiniOzoneClusterImpl-608c326c-aa6a-4be1-85ed-041816735c61/datanode-4/data/ratis] (custom)
2019-08-20 18:47:21,921 [pool-483-thread-1] INFO  storage.RaftStorageDirectory (RaftStorageDirectory.java:analyzeStorage(246)) - The storage directory /workdir/hadoop-ozone/integration-test/target/test-dir/MiniOzoneClusterImpl-608c326c-aa6a-4be1-85ed-041816735c61/datanode-4/data/ratis/71e14aa5-7f88-4b52-8743-631a799f4c51 does not exist. Creating ...
2019-08-20 18:47:21,934 [pool-483-thread-1] INFO  storage.RaftStorageDirectory (RaftStorageDirectory.java:tryLock(328)) - Lock on /workdir/hadoop-ozone/integration-test/target/test-dir/MiniOzoneClusterImpl-608c326c-aa6a-4be1-85ed-041816735c61/datanode-4/data/ratis/71e14aa5-7f88-4b52-8743-631a799f4c51/in_use.lock acquired by nodename 16866@pr-hdds-165-w559s-1850982102
2019-08-20 18:47:21,947 [pool-483-thread-1] INFO  storage.RaftStorage (RaftStorage.java:format(72)) - Storage directory /workdir/hadoop-ozone/integration-test/target/test-dir/MiniOzoneClusterImpl-608c326c-aa6a-4be1-85ed-041816735c61/datanode-4/data/ratis/71e14aa5-7f88-4b52-8743-631a799f4c51 has been successfully formatted.
2019-08-20 18:47:21,947 [pool-483-thread-1] INFO  ratis.ContainerStateMachine (ContainerStateMachine.java:loadSnapshot(226)) - group-631A799F4C51: The snapshot info is null. Setting the last applied indexto:(t:0, i:~)
2019-08-20 18:47:21,947 [pool-483-thread-1] INFO  server.RaftServerConfigKeys (ConfUtils.java:logGet(43)) - raft.server.leader.election.timeout = 120s (custom)
2019-08-20 18:47:21,947 [pool-483-thread-1] INFO  server.RaftServerConfigKeys (ConfUtils.java:logGet(43)) - raft.server.log.use.memory = false (default)
2019-08-20 18:47:21,948 [pool-483-thread-1] INFO  server.RaftServerConfigKeys (ConfUtils.java:logGet(43)) - raft.server.log.purge.gap = 1000000 (custom)
2019-08-20 18:47:21,948 [pool-483-thread-1] INFO  server.RaftServerConfigKeys (ConfUtils.java:logGet(43)) - raft.server.log.appender.buffer.byte-limit = 33554432 (custom)
2019-08-20 18:47:21,948 [pool-483-thread-1] INFO  server.RaftServerConfigKeys (ConfUtils.java:logGet(43)) - raft.server.log.segment.size.max = 1048576 (custom)
2019-08-20 18:47:21,948 [pool-483-thread-1] INFO  server.RaftServerConfigKeys (ConfUtils.java:logGet(43)) - raft.server.log.segment.cache.num.max = 2 (custom)
2019-08-20 18:47:21,948 [pool-483-thread-1] INFO  segmented.SegmentedRaftLogWorker (SegmentedRaftLogWorker.java:<init>(172)) - new 0c838819-3df6-4ef3-ab53-303f2178b7dc-SegmentedRaftLogWorker:Storage Directory /workdir/hadoop-ozone/integration-test/target/test-dir/MiniOzoneClusterImpl-608c326c-aa6a-4be1-85ed-041816735c61/datanode-4/data/ratis/71e14aa5-7f88-4b52-8743-631a799f4c51 for RaftStorage:Storage Directory /workdir/hadoop-ozone/integration-test/target/test-dir/MiniOzoneClusterImpl-608c326c-aa6a-4be1-85ed-041816735c61/datanode-4/data/ratis/71e14aa5-7f88-4b52-8743-631a799f4c51
2019-08-20 18:47:21,948 [pool-483-thread-1] INFO  server.RaftServerConfigKeys (ConfUtils.java:logGet(43)) - raft.server.log.queue.byte-limit = 2147483647 (custom)
2019-08-20 18:47:21,949 [pool-483-thread-1] INFO  server.RaftServerConfigKeys (ConfUtils.java:logGet(43)) - raft.server.log.queue.element-limit = 1024 (custom)
2019-08-20 18:47:21,949 [pool-483-thread-1] INFO  server.RaftServerConfigKeys (ConfUtils.java:logGet(43)) - raft.server.log.segment.size.max = 1048576 (custom)
2019-08-20 18:47:21,949 [pool-483-thread-1] INFO  server.RaftServerConfigKeys (ConfUtils.java:logGet(43)) - raft.server.log.preallocated.size = 16384 (custom)
2019-08-20 18:47:21,949 [pool-483-thread-1] INFO  server.RaftServerConfigKeys (ConfUtils.java:logGet(43)) - raft.server.log.write.buffer.size = 33554432 (custom)
2019-08-20 18:47:21,949 [pool-483-thread-1] INFO  server.RaftServerConfigKeys (ConfUtils.java:logGet(43)) - raft.server.log.force.sync.num = 128 (default)
2019-08-20 18:47:21,949 [pool-483-thread-1] INFO  server.RaftServerConfigKeys (ConfUtils.java:logGet(43)) - raft.server.log.statemachine.data.sync = true (default)
2019-08-20 18:47:21,950 [pool-483-thread-1] INFO  server.RaftServerConfigKeys (ConfUtils.java:logGet(43)) - raft.server.log.statemachine.data.sync.timeout = 10s (default)
2019-08-20 18:47:21,950 [pool-483-thread-1] INFO  server.RaftServerConfigKeys (ConfUtils.java:logGet(43)) - raft.server.log.statemachine.data.sync.timeout.retry = -1 (default)
2019-08-20 18:47:21,950 [pool-483-thread-1] INFO  server.RaftServerConfigKeys (ConfUtils.java:logGet(43)) - raft.server.log.statemachine.data.caching.enabled = true (custom)
2019-08-20 18:47:21,950 [pool-483-thread-1] INFO  segmented.SegmentedRaftLogWorker (SegmentedRaftLogWorker.java:lambda$new$0(132)) - 0c838819-3df6-4ef3-ab53-303f2178b7dc-SegmentedRaftLogWorker:Storage Directory /workdir/hadoop-ozone/integration-test/target/test-dir/MiniOzoneClusterImpl-608c326c-aa6a-4be1-85ed-041816735c61/datanode-4/data/ratis/71e14aa5-7f88-4b52-8743-631a799f4c51: flushIndex: setUnconditionally 0 -> -1
2019-08-20 18:47:21,951 [pool-483-thread-1] INFO  server.RaftServerConfigKeys (ConfUtils.java:logGet(43)) - raft.server.snapshot.auto.trigger.enabled = true (custom)
2019-08-20 18:47:21,951 [pool-483-thread-1] INFO  server.RaftServerConfigKeys (ConfUtils.java:logGet(43)) - raft.server.snapshot.auto.trigger.threshold = 10000 (custom)
2019-08-20 18:47:21,951 [pool-483-thread-1] INFO  server.RaftServerConfigKeys (ConfUtils.java:logGet(43)) - raft.server.retrycache.expirytime = 600000ms (custom)
2019-08-20 18:47:21,951 [pool-483-thread-1] INFO  impl.RaftServerImpl (RaftServerImpl.java:start(180)) - 0c838819-3df6-4ef3-ab53-303f2178b7dc: start group-631A799F4C51
2019-08-20 18:47:21,952 [pool-483-thread-1] INFO  impl.RaftServerImpl (RaftServerImpl.java:setRole(171)) - 0c838819-3df6-4ef3-ab53-303f2178b7dc:group-631A799F4C51 changes role from null to FOLLOWER at term 0 for startAsFollower
2019-08-20 18:47:21,952 [pool-483-thread-1] INFO  impl.RoleInfo (RoleInfo.java:updateAndGet(143)) - 0c838819-3df6-4ef3-ab53-303f2178b7dc: start FollowerState
2019-08-20 18:47:21,952 [pool-483-thread-1] INFO  util.JmxRegister (JmxRegister.java:tryRegister(44)) - Successfully registered JMX Bean with object name Ratis:service=RaftServer,group=group-631A799F4C51,id=0c838819-3df6-4ef3-ab53-303f2178b7dc
2019-08-20 18:47:21,954 [RatisPipelineUtilsThread] INFO  pipeline.PipelineStateManager (PipelineStateManager.java:addPipeline(56)) - Created pipeline Pipeline[ Id: 71e14aa5-7f88-4b52-8743-631a799f4c51, Nodes: 0c838819-3df6-4ef3-ab53-303f2178b7dc{ip: 192.168.69.105, host: pr-hdds-165-w559s-1850982102, networkLocation: /default-rack, certSerialId: null}, Type:RATIS, Factor:ONE, State:OPEN]
2019-08-20 18:47:22,109 [IPC Server handler 3 on 39465] INFO  net.NetworkTopology (NetworkTopologyImpl.java:add(110)) - Added a new node: /default-rack/4803ef64-8996-418d-89c0-57ea0fe6bc6a
2019-08-20 18:47:22,109 [IPC Server handler 3 on 39465] INFO  node.SCMNodeManager (SCMNodeManager.java:register(273)) - Registered Data node : 4803ef64-8996-418d-89c0-57ea0fe6bc6a{ip: 192.168.69.105, host: pr-hdds-165-w559s-1850982102, networkLocation: /default-rack, certSerialId: null}
2019-08-20 18:47:22,109 | INFO  | SCMAudit | user=jenkins1000 | ip=192.168.69.105 | op=REGISTER {datanodeDetails=4803ef64-8996-418d-89c0-57ea0fe6bc6a{ip: 192.168.69.105, host: pr-hdds-165-w559s-1850982102, networkLocation: /default-rack, certSerialId: null}} | ret=SUCCESS |  
2019-08-20 18:47:22,115 [grpc-default-executor-6] INFO  impl.RaftServerProxy (RaftServerProxy.java:addNew(89)) - 4803ef64-8996-418d-89c0-57ea0fe6bc6a: addNew group-F7B99037203F:[4803ef64-8996-418d-89c0-57ea0fe6bc6a:192.168.69.105:43588] returns group-F7B99037203F:java.util.concurrent.CompletableFuture@16234f07[Not completed]
2019-08-20 18:47:22,116 [pool-494-thread-1] INFO  impl.RaftServerImpl (RaftServerImpl.java:<init>(93)) - 4803ef64-8996-418d-89c0-57ea0fe6bc6a: new RaftServerImpl for group-F7B99037203F:[4803ef64-8996-418d-89c0-57ea0fe6bc6a:192.168.69.105:43588] with ContainerStateMachine:uninitialized
2019-08-20 18:47:22,117 [pool-494-thread-1] INFO  server.RaftServerConfigKeys (ConfUtils.java:logGet(43)) - raft.server.rpc.timeout.min = 5s (custom)
2019-08-20 18:47:22,117 [pool-494-thread-1] INFO  server.RaftServerConfigKeys (ConfUtils.java:logGet(43)) - raft.server.rpc.timeout.max = 5200ms (custom)
2019-08-20 18:47:22,117 [pool-494-thread-1] INFO  server.RaftServerConfigKeys (ConfUtils.java:logGet(43)) - raft.server.rpcslowness.timeout = 120s (custom)
2019-08-20 18:47:22,117 [pool-494-thread-1] INFO  server.RaftServerConfigKeys (ConfUtils.java:logGet(43)) - raft.server.sleep.deviation.threshold = 300 (default)
2019-08-20 18:47:22,117 [pool-494-thread-1] INFO  server.RaftServerConfigKeys (ConfUtils.java:logGet(43)) - raft.server.log.appender.install.snapshot.enabled = false (custom)
2019-08-20 18:47:22,117 [pool-494-thread-1] INFO  impl.RaftServerImpl (ServerState.java:<init>(105)) - 4803ef64-8996-418d-89c0-57ea0fe6bc6a:group-F7B99037203F ConfigurationManager, init=-1: [4803ef64-8996-418d-89c0-57ea0fe6bc6a:192.168.69.105:43588], old=null, confs=<EMPTY_MAP>
2019-08-20 18:47:22,117 [pool-494-thread-1] INFO  server.RaftServerConfigKeys (ConfUtils.java:logGet(43)) - raft.server.storage.dir = [/workdir/hadoop-ozone/integration-test/target/test-dir/MiniOzoneClusterImpl-608c326c-aa6a-4be1-85ed-041816735c61/datanode-5/data/ratis] (custom)
2019-08-20 18:47:22,118 [pool-494-thread-1] INFO  storage.RaftStorageDirectory (RaftStorageDirectory.java:analyzeStorage(246)) - The storage directory /workdir/hadoop-ozone/integration-test/target/test-dir/MiniOzoneClusterImpl-608c326c-aa6a-4be1-85ed-041816735c61/datanode-5/data/ratis/e20e0a57-7fb7-4889-bc79-f7b99037203f does not exist. Creating ...
2019-08-20 18:47:22,130 [pool-494-thread-1] INFO  storage.RaftStorageDirectory (RaftStorageDirectory.java:tryLock(328)) - Lock on /workdir/hadoop-ozone/integration-test/target/test-dir/MiniOzoneClusterImpl-608c326c-aa6a-4be1-85ed-041816735c61/datanode-5/data/ratis/e20e0a57-7fb7-4889-bc79-f7b99037203f/in_use.lock acquired by nodename 16866@pr-hdds-165-w559s-1850982102
2019-08-20 18:47:22,143 [pool-494-thread-1] INFO  storage.RaftStorage (RaftStorage.java:format(72)) - Storage directory /workdir/hadoop-ozone/integration-test/target/test-dir/MiniOzoneClusterImpl-608c326c-aa6a-4be1-85ed-041816735c61/datanode-5/data/ratis/e20e0a57-7fb7-4889-bc79-f7b99037203f has been successfully formatted.
2019-08-20 18:47:22,143 [pool-494-thread-1] INFO  ratis.ContainerStateMachine (ContainerStateMachine.java:loadSnapshot(226)) - group-F7B99037203F: The snapshot info is null. Setting the last applied indexto:(t:0, i:~)
2019-08-20 18:47:22,143 [pool-494-thread-1] INFO  server.RaftServerConfigKeys (ConfUtils.java:logGet(43)) - raft.server.leader.election.timeout = 120s (custom)
2019-08-20 18:47:22,143 [pool-494-thread-1] INFO  server.RaftServerConfigKeys (ConfUtils.java:logGet(43)) - raft.server.log.use.memory = false (default)
2019-08-20 18:47:22,143 [pool-494-thread-1] INFO  server.RaftServerConfigKeys (ConfUtils.java:logGet(43)) - raft.server.log.purge.gap = 1000000 (custom)
2019-08-20 18:47:22,144 [pool-494-thread-1] INFO  server.RaftServerConfigKeys (ConfUtils.java:logGet(43)) - raft.server.log.appender.buffer.byte-limit = 33554432 (custom)
2019-08-20 18:47:22,144 [pool-494-thread-1] INFO  server.RaftServerConfigKeys (ConfUtils.java:logGet(43)) - raft.server.log.segment.size.max = 1048576 (custom)
2019-08-20 18:47:22,144 [pool-494-thread-1] INFO  server.RaftServerConfigKeys (ConfUtils.java:logGet(43)) - raft.server.log.segment.cache.num.max = 2 (custom)
2019-08-20 18:47:22,144 [pool-494-thread-1] INFO  segmented.SegmentedRaftLogWorker (SegmentedRaftLogWorker.java:<init>(172)) - new 4803ef64-8996-418d-89c0-57ea0fe6bc6a-SegmentedRaftLogWorker:Storage Directory /workdir/hadoop-ozone/integration-test/target/test-dir/MiniOzoneClusterImpl-608c326c-aa6a-4be1-85ed-041816735c61/datanode-5/data/ratis/e20e0a57-7fb7-4889-bc79-f7b99037203f for RaftStorage:Storage Directory /workdir/hadoop-ozone/integration-test/target/test-dir/MiniOzoneClusterImpl-608c326c-aa6a-4be1-85ed-041816735c61/datanode-5/data/ratis/e20e0a57-7fb7-4889-bc79-f7b99037203f
2019-08-20 18:47:22,144 [pool-494-thread-1] INFO  server.RaftServerConfigKeys (ConfUtils.java:logGet(43)) - raft.server.log.queue.byte-limit = 2147483647 (custom)
2019-08-20 18:47:22,144 [pool-494-thread-1] INFO  server.RaftServerConfigKeys (ConfUtils.java:logGet(43)) - raft.server.log.queue.element-limit = 1024 (custom)
2019-08-20 18:47:22,145 [pool-494-thread-1] INFO  server.RaftServerConfigKeys (ConfUtils.java:logGet(43)) - raft.server.log.segment.size.max = 1048576 (custom)
2019-08-20 18:47:22,145 [pool-494-thread-1] INFO  server.RaftServerConfigKeys (ConfUtils.java:logGet(43)) - raft.server.log.preallocated.size = 16384 (custom)
2019-08-20 18:47:22,145 [pool-494-thread-1] INFO  server.RaftServerConfigKeys (ConfUtils.java:logGet(43)) - raft.server.log.write.buffer.size = 33554432 (custom)
2019-08-20 18:47:22,145 [pool-494-thread-1] INFO  server.RaftServerConfigKeys (ConfUtils.java:logGet(43)) - raft.server.log.force.sync.num = 128 (default)
2019-08-20 18:47:22,145 [pool-494-thread-1] INFO  server.RaftServerConfigKeys (ConfUtils.java:logGet(43)) - raft.server.log.statemachine.data.sync = true (default)
2019-08-20 18:47:22,145 [pool-494-thread-1] INFO  server.RaftServerConfigKeys (ConfUtils.java:logGet(43)) - raft.server.log.statemachine.data.sync.timeout = 10s (default)
2019-08-20 18:47:22,146 [pool-494-thread-1] INFO  server.RaftServerConfigKeys (ConfUtils.java:logGet(43)) - raft.server.log.statemachine.data.sync.timeout.retry = -1 (default)
2019-08-20 18:47:22,146 [pool-494-thread-1] INFO  server.RaftServerConfigKeys (ConfUtils.java:logGet(43)) - raft.server.log.statemachine.data.caching.enabled = true (custom)
2019-08-20 18:47:22,146 [pool-494-thread-1] INFO  segmented.SegmentedRaftLogWorker (SegmentedRaftLogWorker.java:lambda$new$0(132)) - 4803ef64-8996-418d-89c0-57ea0fe6bc6a-SegmentedRaftLogWorker:Storage Directory /workdir/hadoop-ozone/integration-test/target/test-dir/MiniOzoneClusterImpl-608c326c-aa6a-4be1-85ed-041816735c61/datanode-5/data/ratis/e20e0a57-7fb7-4889-bc79-f7b99037203f: flushIndex: setUnconditionally 0 -> -1
2019-08-20 18:47:22,147 [pool-494-thread-1] INFO  server.RaftServerConfigKeys (ConfUtils.java:logGet(43)) - raft.server.snapshot.auto.trigger.enabled = true (custom)
2019-08-20 18:47:22,147 [pool-494-thread-1] INFO  server.RaftServerConfigKeys (ConfUtils.java:logGet(43)) - raft.server.snapshot.auto.trigger.threshold = 10000 (custom)
2019-08-20 18:47:22,147 [pool-494-thread-1] INFO  server.RaftServerConfigKeys (ConfUtils.java:logGet(43)) - raft.server.retrycache.expirytime = 600000ms (custom)
2019-08-20 18:47:22,147 [pool-494-thread-1] INFO  impl.RaftServerImpl (RaftServerImpl.java:start(180)) - 4803ef64-8996-418d-89c0-57ea0fe6bc6a: start group-F7B99037203F
2019-08-20 18:47:22,147 [pool-494-thread-1] INFO  impl.RaftServerImpl (RaftServerImpl.java:setRole(171)) - 4803ef64-8996-418d-89c0-57ea0fe6bc6a:group-F7B99037203F changes role from null to FOLLOWER at term 0 for startAsFollower
2019-08-20 18:47:22,147 [pool-494-thread-1] INFO  impl.RoleInfo (RoleInfo.java:updateAndGet(143)) - 4803ef64-8996-418d-89c0-57ea0fe6bc6a: start FollowerState
2019-08-20 18:47:22,148 [pool-494-thread-1] INFO  util.JmxRegister (JmxRegister.java:tryRegister(44)) - Successfully registered JMX Bean with object name Ratis:service=RaftServer,group=group-F7B99037203F,id=4803ef64-8996-418d-89c0-57ea0fe6bc6a
2019-08-20 18:47:22,150 [RatisPipelineUtilsThread] INFO  pipeline.PipelineStateManager (PipelineStateManager.java:addPipeline(56)) - Created pipeline Pipeline[ Id: e20e0a57-7fb7-4889-bc79-f7b99037203f, Nodes: 4803ef64-8996-418d-89c0-57ea0fe6bc6a{ip: 192.168.69.105, host: pr-hdds-165-w559s-1850982102, networkLocation: /default-rack, certSerialId: null}, Type:RATIS, Factor:ONE, State:OPEN]
2019-08-20 18:47:22,160 [grpc-default-executor-5] INFO  impl.RaftServerProxy (RaftServerProxy.java:addNew(89)) - 4803ef64-8996-418d-89c0-57ea0fe6bc6a: addNew group-EF5D545D2B77:[4803ef64-8996-418d-89c0-57ea0fe6bc6a:192.168.69.105:43588, 0c838819-3df6-4ef3-ab53-303f2178b7dc:192.168.69.105:43371, 2d010cef-60b6-41ea-978a-486fd035ec3e:192.168.69.105:34123] returns group-EF5D545D2B77:java.util.concurrent.CompletableFuture@4f00278[Not completed]
2019-08-20 18:47:22,160 [grpc-default-executor-8] INFO  impl.RaftServerProxy (RaftServerProxy.java:addNew(89)) - 0c838819-3df6-4ef3-ab53-303f2178b7dc: addNew group-EF5D545D2B77:[4803ef64-8996-418d-89c0-57ea0fe6bc6a:192.168.69.105:43588, 0c838819-3df6-4ef3-ab53-303f2178b7dc:192.168.69.105:43371, 2d010cef-60b6-41ea-978a-486fd035ec3e:192.168.69.105:34123] returns group-EF5D545D2B77:java.util.concurrent.CompletableFuture@359d5fb[Not completed]
2019-08-20 18:47:22,160 [grpc-default-executor-6] INFO  impl.RaftServerProxy (RaftServerProxy.java:addNew(89)) - 2d010cef-60b6-41ea-978a-486fd035ec3e: addNew group-EF5D545D2B77:[4803ef64-8996-418d-89c0-57ea0fe6bc6a:192.168.69.105:43588, 0c838819-3df6-4ef3-ab53-303f2178b7dc:192.168.69.105:43371, 2d010cef-60b6-41ea-978a-486fd035ec3e:192.168.69.105:34123] returns group-EF5D545D2B77:java.util.concurrent.CompletableFuture@6d61c3ca[Not completed]
2019-08-20 18:47:22,161 [pool-494-thread-1] INFO  impl.RaftServerImpl (RaftServerImpl.java:<init>(93)) - 4803ef64-8996-418d-89c0-57ea0fe6bc6a: new RaftServerImpl for group-EF5D545D2B77:[4803ef64-8996-418d-89c0-57ea0fe6bc6a:192.168.69.105:43588, 0c838819-3df6-4ef3-ab53-303f2178b7dc:192.168.69.105:43371, 2d010cef-60b6-41ea-978a-486fd035ec3e:192.168.69.105:34123] with ContainerStateMachine:uninitialized
2019-08-20 18:47:22,161 [pool-494-thread-1] INFO  server.RaftServerConfigKeys (ConfUtils.java:logGet(43)) - raft.server.rpc.timeout.min = 5s (custom)
2019-08-20 18:47:22,161 [pool-494-thread-1] INFO  server.RaftServerConfigKeys (ConfUtils.java:logGet(43)) - raft.server.rpc.timeout.max = 5200ms (custom)
2019-08-20 18:47:22,161 [pool-494-thread-1] INFO  server.RaftServerConfigKeys (ConfUtils.java:logGet(43)) - raft.server.rpcslowness.timeout = 120s (custom)
2019-08-20 18:47:22,161 [pool-483-thread-1] INFO  impl.RaftServerImpl (RaftServerImpl.java:<init>(93)) - 0c838819-3df6-4ef3-ab53-303f2178b7dc: new RaftServerImpl for group-EF5D545D2B77:[4803ef64-8996-418d-89c0-57ea0fe6bc6a:192.168.69.105:43588, 0c838819-3df6-4ef3-ab53-303f2178b7dc:192.168.69.105:43371, 2d010cef-60b6-41ea-978a-486fd035ec3e:192.168.69.105:34123] with ContainerStateMachine:uninitialized
2019-08-20 18:47:22,161 [pool-494-thread-1] INFO  server.RaftServerConfigKeys (ConfUtils.java:logGet(43)) - raft.server.sleep.deviation.threshold = 300 (default)
2019-08-20 18:47:22,161 [pool-472-thread-1] INFO  impl.RaftServerImpl (RaftServerImpl.java:<init>(93)) - 2d010cef-60b6-41ea-978a-486fd035ec3e: new RaftServerImpl for group-EF5D545D2B77:[4803ef64-8996-418d-89c0-57ea0fe6bc6a:192.168.69.105:43588, 0c838819-3df6-4ef3-ab53-303f2178b7dc:192.168.69.105:43371, 2d010cef-60b6-41ea-978a-486fd035ec3e:192.168.69.105:34123] with ContainerStateMachine:uninitialized
2019-08-20 18:47:22,161 [pool-483-thread-1] INFO  server.RaftServerConfigKeys (ConfUtils.java:logGet(43)) - raft.server.rpc.timeout.min = 5s (custom)
2019-08-20 18:47:22,162 [pool-472-thread-1] INFO  server.RaftServerConfigKeys (ConfUtils.java:logGet(43)) - raft.server.rpc.timeout.min = 5s (custom)
2019-08-20 18:47:22,162 [pool-494-thread-1] INFO  server.RaftServerConfigKeys (ConfUtils.java:logGet(43)) - raft.server.log.appender.install.snapshot.enabled = false (custom)
2019-08-20 18:47:22,162 [pool-472-thread-1] INFO  server.RaftServerConfigKeys (ConfUtils.java:logGet(43)) - raft.server.rpc.timeout.max = 5200ms (custom)
2019-08-20 18:47:22,162 [pool-483-thread-1] INFO  server.RaftServerConfigKeys (ConfUtils.java:logGet(43)) - raft.server.rpc.timeout.max = 5200ms (custom)
2019-08-20 18:47:22,162 [pool-472-thread-1] INFO  server.RaftServerConfigKeys (ConfUtils.java:logGet(43)) - raft.server.rpcslowness.timeout = 120s (custom)
2019-08-20 18:47:22,163 [pool-472-thread-1] INFO  server.RaftServerConfigKeys (ConfUtils.java:logGet(43)) - raft.server.sleep.deviation.threshold = 300 (default)
2019-08-20 18:47:22,162 [pool-494-thread-1] INFO  impl.RaftServerImpl (ServerState.java:<init>(105)) - 4803ef64-8996-418d-89c0-57ea0fe6bc6a:group-EF5D545D2B77 ConfigurationManager, init=-1: [4803ef64-8996-418d-89c0-57ea0fe6bc6a:192.168.69.105:43588, 0c838819-3df6-4ef3-ab53-303f2178b7dc:192.168.69.105:43371, 2d010cef-60b6-41ea-978a-486fd035ec3e:192.168.69.105:34123], old=null, confs=<EMPTY_MAP>
2019-08-20 18:47:22,163 [pool-472-thread-1] INFO  server.RaftServerConfigKeys (ConfUtils.java:logGet(43)) - raft.server.log.appender.install.snapshot.enabled = false (custom)
2019-08-20 18:47:22,162 [pool-483-thread-1] INFO  server.RaftServerConfigKeys (ConfUtils.java:logGet(43)) - raft.server.rpcslowness.timeout = 120s (custom)
2019-08-20 18:47:22,163 [pool-472-thread-1] INFO  impl.RaftServerImpl (ServerState.java:<init>(105)) - 2d010cef-60b6-41ea-978a-486fd035ec3e:group-EF5D545D2B77 ConfigurationManager, init=-1: [4803ef64-8996-418d-89c0-57ea0fe6bc6a:192.168.69.105:43588, 0c838819-3df6-4ef3-ab53-303f2178b7dc:192.168.69.105:43371, 2d010cef-60b6-41ea-978a-486fd035ec3e:192.168.69.105:34123], old=null, confs=<EMPTY_MAP>
2019-08-20 18:47:22,163 [pool-494-thread-1] INFO  server.RaftServerConfigKeys (ConfUtils.java:logGet(43)) - raft.server.storage.dir = [/workdir/hadoop-ozone/integration-test/target/test-dir/MiniOzoneClusterImpl-608c326c-aa6a-4be1-85ed-041816735c61/datanode-5/data/ratis] (custom)
2019-08-20 18:47:22,163 [pool-472-thread-1] INFO  server.RaftServerConfigKeys (ConfUtils.java:logGet(43)) - raft.server.storage.dir = [/workdir/hadoop-ozone/integration-test/target/test-dir/MiniOzoneClusterImpl-608c326c-aa6a-4be1-85ed-041816735c61/datanode-3/data/ratis] (custom)
2019-08-20 18:47:22,163 [pool-483-thread-1] INFO  server.RaftServerConfigKeys (ConfUtils.java:logGet(43)) - raft.server.sleep.deviation.threshold = 300 (default)
2019-08-20 18:47:22,164 [pool-494-thread-1] INFO  storage.RaftStorageDirectory (RaftStorageDirectory.java:analyzeStorage(246)) - The storage directory /workdir/hadoop-ozone/integration-test/target/test-dir/MiniOzoneClusterImpl-608c326c-aa6a-4be1-85ed-041816735c61/datanode-5/data/ratis/959ae45f-6ab0-4dd7-b5c0-ef5d545d2b77 does not exist. Creating ...
2019-08-20 18:47:22,164 [pool-483-thread-1] INFO  server.RaftServerConfigKeys (ConfUtils.java:logGet(43)) - raft.server.log.appender.install.snapshot.enabled = false (custom)
2019-08-20 18:47:22,164 [pool-472-thread-1] INFO  storage.RaftStorageDirectory (RaftStorageDirectory.java:analyzeStorage(246)) - The storage directory /workdir/hadoop-ozone/integration-test/target/test-dir/MiniOzoneClusterImpl-608c326c-aa6a-4be1-85ed-041816735c61/datanode-3/data/ratis/959ae45f-6ab0-4dd7-b5c0-ef5d545d2b77 does not exist. Creating ...
2019-08-20 18:47:22,164 [pool-483-thread-1] INFO  impl.RaftServerImpl (ServerState.java:<init>(105)) - 0c838819-3df6-4ef3-ab53-303f2178b7dc:group-EF5D545D2B77 ConfigurationManager, init=-1: [4803ef64-8996-418d-89c0-57ea0fe6bc6a:192.168.69.105:43588, 0c838819-3df6-4ef3-ab53-303f2178b7dc:192.168.69.105:43371, 2d010cef-60b6-41ea-978a-486fd035ec3e:192.168.69.105:34123], old=null, confs=<EMPTY_MAP>
2019-08-20 18:47:22,164 [pool-483-thread-1] INFO  server.RaftServerConfigKeys (ConfUtils.java:logGet(43)) - raft.server.storage.dir = [/workdir/hadoop-ozone/integration-test/target/test-dir/MiniOzoneClusterImpl-608c326c-aa6a-4be1-85ed-041816735c61/datanode-4/data/ratis] (custom)
2019-08-20 18:47:22,165 [pool-483-thread-1] INFO  storage.RaftStorageDirectory (RaftStorageDirectory.java:analyzeStorage(246)) - The storage directory /workdir/hadoop-ozone/integration-test/target/test-dir/MiniOzoneClusterImpl-608c326c-aa6a-4be1-85ed-041816735c61/datanode-4/data/ratis/959ae45f-6ab0-4dd7-b5c0-ef5d545d2b77 does not exist. Creating ...
2019-08-20 18:47:22,169 [pool-483-thread-1] INFO  storage.RaftStorageDirectory (RaftStorageDirectory.java:tryLock(328)) - Lock on /workdir/hadoop-ozone/integration-test/target/test-dir/MiniOzoneClusterImpl-608c326c-aa6a-4be1-85ed-041816735c61/datanode-4/data/ratis/959ae45f-6ab0-4dd7-b5c0-ef5d545d2b77/in_use.lock acquired by nodename 16866@pr-hdds-165-w559s-1850982102
2019-08-20 18:47:22,169 [pool-494-thread-1] INFO  storage.RaftStorageDirectory (RaftStorageDirectory.java:tryLock(328)) - Lock on /workdir/hadoop-ozone/integration-test/target/test-dir/MiniOzoneClusterImpl-608c326c-aa6a-4be1-85ed-041816735c61/datanode-5/data/ratis/959ae45f-6ab0-4dd7-b5c0-ef5d545d2b77/in_use.lock acquired by nodename 16866@pr-hdds-165-w559s-1850982102
2019-08-20 18:47:22,169 [pool-472-thread-1] INFO  storage.RaftStorageDirectory (RaftStorageDirectory.java:tryLock(328)) - Lock on /workdir/hadoop-ozone/integration-test/target/test-dir/MiniOzoneClusterImpl-608c326c-aa6a-4be1-85ed-041816735c61/datanode-3/data/ratis/959ae45f-6ab0-4dd7-b5c0-ef5d545d2b77/in_use.lock acquired by nodename 16866@pr-hdds-165-w559s-1850982102
2019-08-20 18:47:22,174 [pool-494-thread-1] INFO  storage.RaftStorage (RaftStorage.java:format(72)) - Storage directory /workdir/hadoop-ozone/integration-test/target/test-dir/MiniOzoneClusterImpl-608c326c-aa6a-4be1-85ed-041816735c61/datanode-5/data/ratis/959ae45f-6ab0-4dd7-b5c0-ef5d545d2b77 has been successfully formatted.
2019-08-20 18:47:22,174 [pool-483-thread-1] INFO  storage.RaftStorage (RaftStorage.java:format(72)) - Storage directory /workdir/hadoop-ozone/integration-test/target/test-dir/MiniOzoneClusterImpl-608c326c-aa6a-4be1-85ed-041816735c61/datanode-4/data/ratis/959ae45f-6ab0-4dd7-b5c0-ef5d545d2b77 has been successfully formatted.
2019-08-20 18:47:22,174 [pool-472-thread-1] INFO  storage.RaftStorage (RaftStorage.java:format(72)) - Storage directory /workdir/hadoop-ozone/integration-test/target/test-dir/MiniOzoneClusterImpl-608c326c-aa6a-4be1-85ed-041816735c61/datanode-3/data/ratis/959ae45f-6ab0-4dd7-b5c0-ef5d545d2b77 has been successfully formatted.
2019-08-20 18:47:22,175 [pool-483-thread-1] INFO  ratis.ContainerStateMachine (ContainerStateMachine.java:loadSnapshot(226)) - group-EF5D545D2B77: The snapshot info is null. Setting the last applied indexto:(t:0, i:~)
2019-08-20 18:47:22,174 [pool-494-thread-1] INFO  ratis.ContainerStateMachine (ContainerStateMachine.java:loadSnapshot(226)) - group-EF5D545D2B77: The snapshot info is null. Setting the last applied indexto:(t:0, i:~)
2019-08-20 18:47:22,175 [pool-483-thread-1] INFO  server.RaftServerConfigKeys (ConfUtils.java:logGet(43)) - raft.server.leader.election.timeout = 120s (custom)
2019-08-20 18:47:22,175 [pool-472-thread-1] INFO  ratis.ContainerStateMachine (ContainerStateMachine.java:loadSnapshot(226)) - group-EF5D545D2B77: The snapshot info is null. Setting the last applied indexto:(t:0, i:~)
2019-08-20 18:47:22,175 [pool-483-thread-1] INFO  server.RaftServerConfigKeys (ConfUtils.java:logGet(43)) - raft.server.log.use.memory = false (default)
2019-08-20 18:47:22,175 [pool-494-thread-1] INFO  server.RaftServerConfigKeys (ConfUtils.java:logGet(43)) - raft.server.leader.election.timeout = 120s (custom)
2019-08-20 18:47:22,175 [pool-483-thread-1] INFO  server.RaftServerConfigKeys (ConfUtils.java:logGet(43)) - raft.server.log.purge.gap = 1000000 (custom)
2019-08-20 18:47:22,176 [pool-483-thread-1] INFO  server.RaftServerConfigKeys (ConfUtils.java:logGet(43)) - raft.server.log.appender.buffer.byte-limit = 33554432 (custom)
2019-08-20 18:47:22,175 [pool-472-thread-1] INFO  server.RaftServerConfigKeys (ConfUtils.java:logGet(43)) - raft.server.leader.election.timeout = 120s (custom)
2019-08-20 18:47:22,176 [pool-483-thread-1] INFO  server.RaftServerConfigKeys (ConfUtils.java:logGet(43)) - raft.server.log.segment.size.max = 1048576 (custom)
2019-08-20 18:47:22,175 [pool-494-thread-1] INFO  server.RaftServerConfigKeys (ConfUtils.java:logGet(43)) - raft.server.log.use.memory = false (default)
2019-08-20 18:47:22,176 [pool-483-thread-1] INFO  server.RaftServerConfigKeys (ConfUtils.java:logGet(43)) - raft.server.log.segment.cache.num.max = 2 (custom)
2019-08-20 18:47:22,176 [pool-472-thread-1] INFO  server.RaftServerConfigKeys (ConfUtils.java:logGet(43)) - raft.server.log.use.memory = false (default)
2019-08-20 18:47:22,176 [pool-483-thread-1] INFO  segmented.SegmentedRaftLogWorker (SegmentedRaftLogWorker.java:<init>(172)) - new 0c838819-3df6-4ef3-ab53-303f2178b7dc-SegmentedRaftLogWorker:Storage Directory /workdir/hadoop-ozone/integration-test/target/test-dir/MiniOzoneClusterImpl-608c326c-aa6a-4be1-85ed-041816735c61/datanode-4/data/ratis/959ae45f-6ab0-4dd7-b5c0-ef5d545d2b77 for RaftStorage:Storage Directory /workdir/hadoop-ozone/integration-test/target/test-dir/MiniOzoneClusterImpl-608c326c-aa6a-4be1-85ed-041816735c61/datanode-4/data/ratis/959ae45f-6ab0-4dd7-b5c0-ef5d545d2b77
2019-08-20 18:47:22,176 [pool-494-thread-1] INFO  server.RaftServerConfigKeys (ConfUtils.java:logGet(43)) - raft.server.log.purge.gap = 1000000 (custom)
2019-08-20 18:47:22,177 [pool-483-thread-1] INFO  server.RaftServerConfigKeys (ConfUtils.java:logGet(43)) - raft.server.log.queue.byte-limit = 2147483647 (custom)
2019-08-20 18:47:22,177 [pool-472-thread-1] INFO  server.RaftServerConfigKeys (ConfUtils.java:logGet(43)) - raft.server.log.purge.gap = 1000000 (custom)
2019-08-20 18:47:22,177 [pool-483-thread-1] INFO  server.RaftServerConfigKeys (ConfUtils.java:logGet(43)) - raft.server.log.queue.element-limit = 1024 (custom)
2019-08-20 18:47:22,177 [pool-494-thread-1] INFO  server.RaftServerConfigKeys (ConfUtils.java:logGet(43)) - raft.server.log.appender.buffer.byte-limit = 33554432 (custom)
2019-08-20 18:47:22,177 [pool-483-thread-1] INFO  server.RaftServerConfigKeys (ConfUtils.java:logGet(43)) - raft.server.log.segment.size.max = 1048576 (custom)
2019-08-20 18:47:22,178 [pool-483-thread-1] INFO  server.RaftServerConfigKeys (ConfUtils.java:logGet(43)) - raft.server.log.preallocated.size = 16384 (custom)
2019-08-20 18:47:22,177 [pool-472-thread-1] INFO  server.RaftServerConfigKeys (ConfUtils.java:logGet(43)) - raft.server.log.appender.buffer.byte-limit = 33554432 (custom)
2019-08-20 18:47:22,178 [pool-483-thread-1] INFO  server.RaftServerConfigKeys (ConfUtils.java:logGet(43)) - raft.server.log.write.buffer.size = 33554432 (custom)
2019-08-20 18:47:22,178 [pool-483-thread-1] INFO  server.RaftServerConfigKeys (ConfUtils.java:logGet(43)) - raft.server.log.force.sync.num = 128 (default)
2019-08-20 18:47:22,178 [pool-494-thread-1] INFO  server.RaftServerConfigKeys (ConfUtils.java:logGet(43)) - raft.server.log.segment.size.max = 1048576 (custom)
2019-08-20 18:47:22,178 [pool-483-thread-1] INFO  server.RaftServerConfigKeys (ConfUtils.java:logGet(43)) - raft.server.log.statemachine.data.sync = true (default)
2019-08-20 18:47:22,178 [pool-472-thread-1] INFO  server.RaftServerConfigKeys (ConfUtils.java:logGet(43)) - raft.server.log.segment.size.max = 1048576 (custom)
2019-08-20 18:47:22,179 [pool-483-thread-1] INFO  server.RaftServerConfigKeys (ConfUtils.java:logGet(43)) - raft.server.log.statemachine.data.sync.timeout = 10s (default)
2019-08-20 18:47:22,179 [pool-494-thread-1] INFO  server.RaftServerConfigKeys (ConfUtils.java:logGet(43)) - raft.server.log.segment.cache.num.max = 2 (custom)
2019-08-20 18:47:22,179 [pool-483-thread-1] INFO  server.RaftServerConfigKeys (ConfUtils.java:logGet(43)) - raft.server.log.statemachine.data.sync.timeout.retry = -1 (default)
2019-08-20 18:47:22,179 [pool-472-thread-1] INFO  server.RaftServerConfigKeys (ConfUtils.java:logGet(43)) - raft.server.log.segment.cache.num.max = 2 (custom)
2019-08-20 18:47:22,179 [pool-483-thread-1] INFO  server.RaftServerConfigKeys (ConfUtils.java:logGet(43)) - raft.server.log.statemachine.data.caching.enabled = true (custom)
2019-08-20 18:47:22,179 [pool-494-thread-1] INFO  segmented.SegmentedRaftLogWorker (SegmentedRaftLogWorker.java:<init>(172)) - new 4803ef64-8996-418d-89c0-57ea0fe6bc6a-SegmentedRaftLogWorker:Storage Directory /workdir/hadoop-ozone/integration-test/target/test-dir/MiniOzoneClusterImpl-608c326c-aa6a-4be1-85ed-041816735c61/datanode-5/data/ratis/959ae45f-6ab0-4dd7-b5c0-ef5d545d2b77 for RaftStorage:Storage Directory /workdir/hadoop-ozone/integration-test/target/test-dir/MiniOzoneClusterImpl-608c326c-aa6a-4be1-85ed-041816735c61/datanode-5/data/ratis/959ae45f-6ab0-4dd7-b5c0-ef5d545d2b77
2019-08-20 18:47:22,180 [pool-483-thread-1] INFO  segmented.SegmentedRaftLogWorker (SegmentedRaftLogWorker.java:lambda$new$0(132)) - 0c838819-3df6-4ef3-ab53-303f2178b7dc-SegmentedRaftLogWorker:Storage Directory /workdir/hadoop-ozone/integration-test/target/test-dir/MiniOzoneClusterImpl-608c326c-aa6a-4be1-85ed-041816735c61/datanode-4/data/ratis/959ae45f-6ab0-4dd7-b5c0-ef5d545d2b77: flushIndex: setUnconditionally 0 -> -1
2019-08-20 18:47:22,180 [pool-472-thread-1] INFO  segmented.SegmentedRaftLogWorker (SegmentedRaftLogWorker.java:<init>(172)) - new 2d010cef-60b6-41ea-978a-486fd035ec3e-SegmentedRaftLogWorker:Storage Directory /workdir/hadoop-ozone/integration-test/target/test-dir/MiniOzoneClusterImpl-608c326c-aa6a-4be1-85ed-041816735c61/datanode-3/data/ratis/959ae45f-6ab0-4dd7-b5c0-ef5d545d2b77 for RaftStorage:Storage Directory /workdir/hadoop-ozone/integration-test/target/test-dir/MiniOzoneClusterImpl-608c326c-aa6a-4be1-85ed-041816735c61/datanode-3/data/ratis/959ae45f-6ab0-4dd7-b5c0-ef5d545d2b77
2019-08-20 18:47:22,180 [pool-494-thread-1] INFO  server.RaftServerConfigKeys (ConfUtils.java:logGet(43)) - raft.server.log.queue.byte-limit = 2147483647 (custom)
2019-08-20 18:47:22,180 [pool-472-thread-1] INFO  server.RaftServerConfigKeys (ConfUtils.java:logGet(43)) - raft.server.log.queue.byte-limit = 2147483647 (custom)
2019-08-20 18:47:22,180 [pool-483-thread-1] INFO  server.RaftServerConfigKeys (ConfUtils.java:logGet(43)) - raft.server.snapshot.auto.trigger.enabled = true (custom)
2019-08-20 18:47:22,181 [pool-472-thread-1] INFO  server.RaftServerConfigKeys (ConfUtils.java:logGet(43)) - raft.server.log.queue.element-limit = 1024 (custom)
2019-08-20 18:47:22,180 [pool-494-thread-1] INFO  server.RaftServerConfigKeys (ConfUtils.java:logGet(43)) - raft.server.log.queue.element-limit = 1024 (custom)
2019-08-20 18:47:22,181 [pool-472-thread-1] INFO  server.RaftServerConfigKeys (ConfUtils.java:logGet(43)) - raft.server.log.segment.size.max = 1048576 (custom)
2019-08-20 18:47:22,181 [pool-483-thread-1] INFO  server.RaftServerConfigKeys (ConfUtils.java:logGet(43)) - raft.server.snapshot.auto.trigger.threshold = 10000 (custom)
2019-08-20 18:47:22,181 [pool-472-thread-1] INFO  server.RaftServerConfigKeys (ConfUtils.java:logGet(43)) - raft.server.log.preallocated.size = 16384 (custom)
2019-08-20 18:47:22,182 [pool-472-thread-1] INFO  server.RaftServerConfigKeys (ConfUtils.java:logGet(43)) - raft.server.log.write.buffer.size = 33554432 (custom)
2019-08-20 18:47:22,181 [pool-494-thread-1] INFO  server.RaftServerConfigKeys (ConfUtils.java:logGet(43)) - raft.server.log.segment.size.max = 1048576 (custom)
2019-08-20 18:47:22,182 [pool-472-thread-1] INFO  server.RaftServerConfigKeys (ConfUtils.java:logGet(43)) - raft.server.log.force.sync.num = 128 (default)
2019-08-20 18:47:22,181 [pool-483-thread-1] INFO  server.RaftServerConfigKeys (ConfUtils.java:logGet(43)) - raft.server.retrycache.expirytime = 600000ms (custom)
2019-08-20 18:47:22,182 [pool-472-thread-1] INFO  server.RaftServerConfigKeys (ConfUtils.java:logGet(43)) - raft.server.log.statemachine.data.sync = true (default)
2019-08-20 18:47:22,182 [pool-494-thread-1] INFO  server.RaftServerConfigKeys (ConfUtils.java:logGet(43)) - raft.server.log.preallocated.size = 16384 (custom)
2019-08-20 18:47:22,182 [pool-472-thread-1] INFO  server.RaftServerConfigKeys (ConfUtils.java:logGet(43)) - raft.server.log.statemachine.data.sync.timeout = 10s (default)
2019-08-20 18:47:22,182 [pool-483-thread-1] INFO  impl.RaftServerImpl (RaftServerImpl.java:start(180)) - 0c838819-3df6-4ef3-ab53-303f2178b7dc: start group-EF5D545D2B77
2019-08-20 18:47:22,183 [pool-472-thread-1] INFO  server.RaftServerConfigKeys (ConfUtils.java:logGet(43)) - raft.server.log.statemachine.data.sync.timeout.retry = -1 (default)
2019-08-20 18:47:22,182 [pool-494-thread-1] INFO  server.RaftServerConfigKeys (ConfUtils.java:logGet(43)) - raft.server.log.write.buffer.size = 33554432 (custom)
2019-08-20 18:47:22,183 [pool-472-thread-1] INFO  server.RaftServerConfigKeys (ConfUtils.java:logGet(43)) - raft.server.log.statemachine.data.caching.enabled = true (custom)
2019-08-20 18:47:22,183 [pool-483-thread-1] INFO  impl.RaftServerImpl (RaftServerImpl.java:setRole(171)) - 0c838819-3df6-4ef3-ab53-303f2178b7dc:group-EF5D545D2B77 changes role from null to FOLLOWER at term 0 for startAsFollower
2019-08-20 18:47:22,183 [pool-494-thread-1] INFO  server.RaftServerConfigKeys (ConfUtils.java:logGet(43)) - raft.server.log.force.sync.num = 128 (default)
2019-08-20 18:47:22,183 [pool-483-thread-1] INFO  impl.RoleInfo (RoleInfo.java:updateAndGet(143)) - 0c838819-3df6-4ef3-ab53-303f2178b7dc: start FollowerState
2019-08-20 18:47:22,183 [pool-472-thread-1] INFO  segmented.SegmentedRaftLogWorker (SegmentedRaftLogWorker.java:lambda$new$0(132)) - 2d010cef-60b6-41ea-978a-486fd035ec3e-SegmentedRaftLogWorker:Storage Directory /workdir/hadoop-ozone/integration-test/target/test-dir/MiniOzoneClusterImpl-608c326c-aa6a-4be1-85ed-041816735c61/datanode-3/data/ratis/959ae45f-6ab0-4dd7-b5c0-ef5d545d2b77: flushIndex: setUnconditionally 0 -> -1
2019-08-20 18:47:22,183 [pool-494-thread-1] INFO  server.RaftServerConfigKeys (ConfUtils.java:logGet(43)) - raft.server.log.statemachine.data.sync = true (default)
2019-08-20 18:47:22,184 [pool-483-thread-1] INFO  util.JmxRegister (JmxRegister.java:tryRegister(44)) - Successfully registered JMX Bean with object name Ratis:service=RaftServer,group=group-EF5D545D2B77,id=0c838819-3df6-4ef3-ab53-303f2178b7dc
2019-08-20 18:47:22,184 [pool-494-thread-1] INFO  server.RaftServerConfigKeys (ConfUtils.java:logGet(43)) - raft.server.log.statemachine.data.sync.timeout = 10s (default)
2019-08-20 18:47:22,184 [pool-472-thread-1] INFO  server.RaftServerConfigKeys (ConfUtils.java:logGet(43)) - raft.server.snapshot.auto.trigger.enabled = true (custom)
2019-08-20 18:47:22,184 [pool-494-thread-1] INFO  server.RaftServerConfigKeys (ConfUtils.java:logGet(43)) - raft.server.log.statemachine.data.sync.timeout.retry = -1 (default)
2019-08-20 18:47:22,184 [pool-472-thread-1] INFO  server.RaftServerConfigKeys (ConfUtils.java:logGet(43)) - raft.server.snapshot.auto.trigger.threshold = 10000 (custom)
2019-08-20 18:47:22,185 [pool-494-thread-1] INFO  server.RaftServerConfigKeys (ConfUtils.java:logGet(43)) - raft.server.log.statemachine.data.caching.enabled = true (custom)
2019-08-20 18:47:22,185 [pool-472-thread-1] INFO  server.RaftServerConfigKeys (ConfUtils.java:logGet(43)) - raft.server.retrycache.expirytime = 600000ms (custom)
2019-08-20 18:47:22,185 [pool-494-thread-1] INFO  segmented.SegmentedRaftLogWorker (SegmentedRaftLogWorker.java:lambda$new$0(132)) - 4803ef64-8996-418d-89c0-57ea0fe6bc6a-SegmentedRaftLogWorker:Storage Directory /workdir/hadoop-ozone/integration-test/target/test-dir/MiniOzoneClusterImpl-608c326c-aa6a-4be1-85ed-041816735c61/datanode-5/data/ratis/959ae45f-6ab0-4dd7-b5c0-ef5d545d2b77: flushIndex: setUnconditionally 0 -> -1
2019-08-20 18:47:22,185 [pool-472-thread-1] INFO  impl.RaftServerImpl (RaftServerImpl.java:start(180)) - 2d010cef-60b6-41ea-978a-486fd035ec3e: start group-EF5D545D2B77
2019-08-20 18:47:22,185 [pool-472-thread-1] INFO  impl.RaftServerImpl (RaftServerImpl.java:setRole(171)) - 2d010cef-60b6-41ea-978a-486fd035ec3e:group-EF5D545D2B77 changes role from null to FOLLOWER at term 0 for startAsFollower
2019-08-20 18:47:22,185 [pool-494-thread-1] INFO  server.RaftServerConfigKeys (ConfUtils.java:logGet(43)) - raft.server.snapshot.auto.trigger.enabled = true (custom)
2019-08-20 18:47:22,185 [pool-472-thread-1] INFO  impl.RoleInfo (RoleInfo.java:updateAndGet(143)) - 2d010cef-60b6-41ea-978a-486fd035ec3e: start FollowerState
2019-08-20 18:47:22,186 [pool-494-thread-1] INFO  server.RaftServerConfigKeys (ConfUtils.java:logGet(43)) - raft.server.snapshot.auto.trigger.threshold = 10000 (custom)
2019-08-20 18:47:22,186 [pool-494-thread-1] INFO  server.RaftServerConfigKeys (ConfUtils.java:logGet(43)) - raft.server.retrycache.expirytime = 600000ms (custom)
2019-08-20 18:47:22,186 [pool-472-thread-1] INFO  util.JmxRegister (JmxRegister.java:tryRegister(44)) - Successfully registered JMX Bean with object name Ratis:service=RaftServer,group=group-EF5D545D2B77,id=2d010cef-60b6-41ea-978a-486fd035ec3e
2019-08-20 18:47:22,186 [pool-494-thread-1] INFO  impl.RaftServerImpl (RaftServerImpl.java:start(180)) - 4803ef64-8996-418d-89c0-57ea0fe6bc6a: start group-EF5D545D2B77
2019-08-20 18:47:22,186 [pool-494-thread-1] INFO  impl.RaftServerImpl (RaftServerImpl.java:setRole(171)) - 4803ef64-8996-418d-89c0-57ea0fe6bc6a:group-EF5D545D2B77 changes role from null to FOLLOWER at term 0 for startAsFollower
2019-08-20 18:47:22,186 [pool-494-thread-1] INFO  impl.RoleInfo (RoleInfo.java:updateAndGet(143)) - 4803ef64-8996-418d-89c0-57ea0fe6bc6a: start FollowerState
2019-08-20 18:47:22,187 [pool-494-thread-1] INFO  util.JmxRegister (JmxRegister.java:tryRegister(44)) - Successfully registered JMX Bean with object name Ratis:service=RaftServer,group=group-EF5D545D2B77,id=4803ef64-8996-418d-89c0-57ea0fe6bc6a
2019-08-20 18:47:22,189 [RatisPipelineUtilsThread] INFO  pipeline.PipelineStateManager (PipelineStateManager.java:addPipeline(56)) - Created pipeline Pipeline[ Id: 959ae45f-6ab0-4dd7-b5c0-ef5d545d2b77, Nodes: 0c838819-3df6-4ef3-ab53-303f2178b7dc{ip: 192.168.69.105, host: pr-hdds-165-w559s-1850982102, networkLocation: /default-rack, certSerialId: null}4803ef64-8996-418d-89c0-57ea0fe6bc6a{ip: 192.168.69.105, host: pr-hdds-165-w559s-1850982102, networkLocation: /default-rack, certSerialId: null}2d010cef-60b6-41ea-978a-486fd035ec3e{ip: 192.168.69.105, host: pr-hdds-165-w559s-1850982102, networkLocation: /default-rack, certSerialId: null}, Type:RATIS, Factor:THREE, State:OPEN]
2019-08-20 18:47:22,321 [main] INFO  ozone.MiniOzoneClusterImpl (MiniOzoneClusterImpl.java:lambda$waitForClusterToBeReady$0(142)) - Waiting for cluster to be ready. Got 6 of 7 DN Heartbeats.
2019-08-20 18:47:22,323 [IPC Server handler 5 on 39465] INFO  net.NetworkTopology (NetworkTopologyImpl.java:add(110)) - Added a new node: /default-rack/77f6c16c-5a77-4d2e-9dcc-aa40b17a66e4
2019-08-20 18:47:22,323 [IPC Server handler 5 on 39465] INFO  node.SCMNodeManager (SCMNodeManager.java:register(273)) - Registered Data node : 77f6c16c-5a77-4d2e-9dcc-aa40b17a66e4{ip: 192.168.69.105, host: pr-hdds-165-w559s-1850982102, networkLocation: /default-rack, certSerialId: null}
2019-08-20 18:47:22,326 | INFO  | SCMAudit | user=jenkins1000 | ip=192.168.69.105 | op=REGISTER {datanodeDetails=77f6c16c-5a77-4d2e-9dcc-aa40b17a66e4{ip: 192.168.69.105, host: pr-hdds-165-w559s-1850982102, networkLocation: /default-rack, certSerialId: null}} | ret=SUCCESS |  
2019-08-20 18:47:22,333 [grpc-default-executor-6] INFO  impl.RaftServerProxy (RaftServerProxy.java:addNew(89)) - 77f6c16c-5a77-4d2e-9dcc-aa40b17a66e4: addNew group-0C55CC5219B6:[77f6c16c-5a77-4d2e-9dcc-aa40b17a66e4:192.168.69.105:32924] returns group-0C55CC5219B6:java.util.concurrent.CompletableFuture@37695e6[Not completed]
2019-08-20 18:47:22,334 [pool-505-thread-1] INFO  impl.RaftServerImpl (RaftServerImpl.java:<init>(93)) - 77f6c16c-5a77-4d2e-9dcc-aa40b17a66e4: new RaftServerImpl for group-0C55CC5219B6:[77f6c16c-5a77-4d2e-9dcc-aa40b17a66e4:192.168.69.105:32924] with ContainerStateMachine:uninitialized
2019-08-20 18:47:22,335 [pool-505-thread-1] INFO  server.RaftServerConfigKeys (ConfUtils.java:logGet(43)) - raft.server.rpc.timeout.min = 5s (custom)
2019-08-20 18:47:22,335 [pool-505-thread-1] INFO  server.RaftServerConfigKeys (ConfUtils.java:logGet(43)) - raft.server.rpc.timeout.max = 5200ms (custom)
2019-08-20 18:47:22,335 [pool-505-thread-1] INFO  server.RaftServerConfigKeys (ConfUtils.java:logGet(43)) - raft.server.rpcslowness.timeout = 120s (custom)
2019-08-20 18:47:22,335 [pool-505-thread-1] INFO  server.RaftServerConfigKeys (ConfUtils.java:logGet(43)) - raft.server.sleep.deviation.threshold = 300 (default)
2019-08-20 18:47:22,335 [pool-505-thread-1] INFO  server.RaftServerConfigKeys (ConfUtils.java:logGet(43)) - raft.server.log.appender.install.snapshot.enabled = false (custom)
2019-08-20 18:47:22,335 [pool-505-thread-1] INFO  impl.RaftServerImpl (ServerState.java:<init>(105)) - 77f6c16c-5a77-4d2e-9dcc-aa40b17a66e4:group-0C55CC5219B6 ConfigurationManager, init=-1: [77f6c16c-5a77-4d2e-9dcc-aa40b17a66e4:192.168.69.105:32924], old=null, confs=<EMPTY_MAP>
2019-08-20 18:47:22,336 [pool-505-thread-1] INFO  server.RaftServerConfigKeys (ConfUtils.java:logGet(43)) - raft.server.storage.dir = [/workdir/hadoop-ozone/integration-test/target/test-dir/MiniOzoneClusterImpl-608c326c-aa6a-4be1-85ed-041816735c61/datanode-6/data/ratis] (custom)
2019-08-20 18:47:22,336 [pool-505-thread-1] INFO  storage.RaftStorageDirectory (RaftStorageDirectory.java:analyzeStorage(246)) - The storage directory /workdir/hadoop-ozone/integration-test/target/test-dir/MiniOzoneClusterImpl-608c326c-aa6a-4be1-85ed-041816735c61/datanode-6/data/ratis/4bb88af4-6509-42a6-bdc4-0c55cc5219b6 does not exist. Creating ...
2019-08-20 18:47:22,342 [pool-505-thread-1] INFO  storage.RaftStorageDirectory (RaftStorageDirectory.java:tryLock(328)) - Lock on /workdir/hadoop-ozone/integration-test/target/test-dir/MiniOzoneClusterImpl-608c326c-aa6a-4be1-85ed-041816735c61/datanode-6/data/ratis/4bb88af4-6509-42a6-bdc4-0c55cc5219b6/in_use.lock acquired by nodename 16866@pr-hdds-165-w559s-1850982102
2019-08-20 18:47:22,353 [pool-505-thread-1] INFO  storage.RaftStorage (RaftStorage.java:format(72)) - Storage directory /workdir/hadoop-ozone/integration-test/target/test-dir/MiniOzoneClusterImpl-608c326c-aa6a-4be1-85ed-041816735c61/datanode-6/data/ratis/4bb88af4-6509-42a6-bdc4-0c55cc5219b6 has been successfully formatted.
2019-08-20 18:47:22,354 [pool-505-thread-1] INFO  ratis.ContainerStateMachine (ContainerStateMachine.java:loadSnapshot(226)) - group-0C55CC5219B6: The snapshot info is null. Setting the last applied indexto:(t:0, i:~)
2019-08-20 18:47:22,354 [pool-505-thread-1] INFO  server.RaftServerConfigKeys (ConfUtils.java:logGet(43)) - raft.server.leader.election.timeout = 120s (custom)
2019-08-20 18:47:22,354 [pool-505-thread-1] INFO  server.RaftServerConfigKeys (ConfUtils.java:logGet(43)) - raft.server.log.use.memory = false (default)
2019-08-20 18:47:22,354 [pool-505-thread-1] INFO  server.RaftServerConfigKeys (ConfUtils.java:logGet(43)) - raft.server.log.purge.gap = 1000000 (custom)
2019-08-20 18:47:22,354 [pool-505-thread-1] INFO  server.RaftServerConfigKeys (ConfUtils.java:logGet(43)) - raft.server.log.appender.buffer.byte-limit = 33554432 (custom)
2019-08-20 18:47:22,354 [pool-505-thread-1] INFO  server.RaftServerConfigKeys (ConfUtils.java:logGet(43)) - raft.server.log.segment.size.max = 1048576 (custom)
2019-08-20 18:47:22,354 [pool-505-thread-1] INFO  server.RaftServerConfigKeys (ConfUtils.java:logGet(43)) - raft.server.log.segment.cache.num.max = 2 (custom)
2019-08-20 18:47:22,355 [pool-505-thread-1] INFO  segmented.SegmentedRaftLogWorker (SegmentedRaftLogWorker.java:<init>(172)) - new 77f6c16c-5a77-4d2e-9dcc-aa40b17a66e4-SegmentedRaftLogWorker:Storage Directory /workdir/hadoop-ozone/integration-test/target/test-dir/MiniOzoneClusterImpl-608c326c-aa6a-4be1-85ed-041816735c61/datanode-6/data/ratis/4bb88af4-6509-42a6-bdc4-0c55cc5219b6 for RaftStorage:Storage Directory /workdir/hadoop-ozone/integration-test/target/test-dir/MiniOzoneClusterImpl-608c326c-aa6a-4be1-85ed-041816735c61/datanode-6/data/ratis/4bb88af4-6509-42a6-bdc4-0c55cc5219b6
2019-08-20 18:47:22,355 [pool-505-thread-1] INFO  server.RaftServerConfigKeys (ConfUtils.java:logGet(43)) - raft.server.log.queue.byte-limit = 2147483647 (custom)
2019-08-20 18:47:22,355 [pool-505-thread-1] INFO  server.RaftServerConfigKeys (ConfUtils.java:logGet(43)) - raft.server.log.queue.element-limit = 1024 (custom)
2019-08-20 18:47:22,355 [pool-505-thread-1] INFO  server.RaftServerConfigKeys (ConfUtils.java:logGet(43)) - raft.server.log.segment.size.max = 1048576 (custom)
2019-08-20 18:47:22,355 [pool-505-thread-1] INFO  server.RaftServerConfigKeys (ConfUtils.java:logGet(43)) - raft.server.log.preallocated.size = 16384 (custom)
2019-08-20 18:47:22,355 [pool-505-thread-1] INFO  server.RaftServerConfigKeys (ConfUtils.java:logGet(43)) - raft.server.log.write.buffer.size = 33554432 (custom)
2019-08-20 18:47:22,356 [pool-505-thread-1] INFO  server.RaftServerConfigKeys (ConfUtils.java:logGet(43)) - raft.server.log.force.sync.num = 128 (default)
2019-08-20 18:47:22,356 [pool-505-thread-1] INFO  server.RaftServerConfigKeys (ConfUtils.java:logGet(43)) - raft.server.log.statemachine.data.sync = true (default)
2019-08-20 18:47:22,356 [pool-505-thread-1] INFO  server.RaftServerConfigKeys (ConfUtils.java:logGet(43)) - raft.server.log.statemachine.data.sync.timeout = 10s (default)
2019-08-20 18:47:22,356 [pool-505-thread-1] INFO  server.RaftServerConfigKeys (ConfUtils.java:logGet(43)) - raft.server.log.statemachine.data.sync.timeout.retry = -1 (default)
2019-08-20 18:47:22,356 [pool-505-thread-1] INFO  server.RaftServerConfigKeys (ConfUtils.java:logGet(43)) - raft.server.log.statemachine.data.caching.enabled = true (custom)
2019-08-20 18:47:22,357 [pool-505-thread-1] INFO  segmented.SegmentedRaftLogWorker (SegmentedRaftLogWorker.java:lambda$new$0(132)) - 77f6c16c-5a77-4d2e-9dcc-aa40b17a66e4-SegmentedRaftLogWorker:Storage Directory /workdir/hadoop-ozone/integration-test/target/test-dir/MiniOzoneClusterImpl-608c326c-aa6a-4be1-85ed-041816735c61/datanode-6/data/ratis/4bb88af4-6509-42a6-bdc4-0c55cc5219b6: flushIndex: setUnconditionally 0 -> -1
2019-08-20 18:47:22,357 [pool-505-thread-1] INFO  server.RaftServerConfigKeys (ConfUtils.java:logGet(43)) - raft.server.snapshot.auto.trigger.enabled = true (custom)
2019-08-20 18:47:22,357 [pool-505-thread-1] INFO  server.RaftServerConfigKeys (ConfUtils.java:logGet(43)) - raft.server.snapshot.auto.trigger.threshold = 10000 (custom)
2019-08-20 18:47:22,357 [pool-505-thread-1] INFO  server.RaftServerConfigKeys (ConfUtils.java:logGet(43)) - raft.server.retrycache.expirytime = 600000ms (custom)
2019-08-20 18:47:22,357 [pool-505-thread-1] INFO  impl.RaftServerImpl (RaftServerImpl.java:start(180)) - 77f6c16c-5a77-4d2e-9dcc-aa40b17a66e4: start group-0C55CC5219B6
2019-08-20 18:47:22,357 [pool-505-thread-1] INFO  impl.RaftServerImpl (RaftServerImpl.java:setRole(171)) - 77f6c16c-5a77-4d2e-9dcc-aa40b17a66e4:group-0C55CC5219B6 changes role from null to FOLLOWER at term 0 for startAsFollower
2019-08-20 18:47:22,358 [pool-505-thread-1] INFO  impl.RoleInfo (RoleInfo.java:updateAndGet(143)) - 77f6c16c-5a77-4d2e-9dcc-aa40b17a66e4: start FollowerState
2019-08-20 18:47:22,358 [pool-505-thread-1] INFO  util.JmxRegister (JmxRegister.java:tryRegister(44)) - Successfully registered JMX Bean with object name Ratis:service=RaftServer,group=group-0C55CC5219B6,id=77f6c16c-5a77-4d2e-9dcc-aa40b17a66e4
2019-08-20 18:47:22,360 [RatisPipelineUtilsThread] INFO  pipeline.PipelineStateManager (PipelineStateManager.java:addPipeline(56)) - Created pipeline Pipeline[ Id: 4bb88af4-6509-42a6-bdc4-0c55cc5219b6, Nodes: 77f6c16c-5a77-4d2e-9dcc-aa40b17a66e4{ip: 192.168.69.105, host: pr-hdds-165-w559s-1850982102, networkLocation: /default-rack, certSerialId: null}, Type:RATIS, Factor:ONE, State:OPEN]
2019-08-20 18:47:22,887 | INFO  | SCMAudit | user=jenkins1000 | ip=192.168.69.105 | op=SEND_HEARTBEAT {datanodeUUID=cdb5f687-1183-4537-b7fe-600d71f89ce8, command=[]} | ret=SUCCESS |  
2019-08-20 18:47:23,086 | INFO  | SCMAudit | user=jenkins1000 | ip=192.168.69.105 | op=SEND_HEARTBEAT {datanodeUUID=2c3705c7-c55e-4fe5-a1eb-903b30dba60b, command=[]} | ret=SUCCESS |  
2019-08-20 18:47:23,322 [main] INFO  ozone.MiniOzoneClusterImpl (MiniOzoneClusterImpl.java:lambda$waitForClusterToBeReady$0(142)) - Cluster is ready. Got 7 of 7 DN Heartbeats.
2019-08-20 18:47:23,356 [main] INFO  rpc.RpcClient (RpcClient.java:createVolume(292)) - Creating Volume: testblockoutputstream, with jenkins1000 as owner.
2019-08-20 18:47:23,359 | INFO  | OMAudit | user=jenkins1000 | ip=127.0.0.1 | op=CREATE_VOLUME {admin=jenkins1000, owner=jenkins1000, volume=testblockoutputstream, creationTime=1566326843358, quotaInBytes=1152921504606846976} | ret=SUCCESS |  
2019-08-20 18:47:23,371 | INFO  | OMAudit | user=jenkins1000 | ip=127.0.0.1 | op=READ_VOLUME {volume=testblockoutputstream} | ret=SUCCESS |  
2019-08-20 18:47:23,372 [main] INFO  rpc.RpcClient (RpcClient.java:createBucket(431)) - Creating Bucket: testblockoutputstream/testblockoutputstream, with Versioning false and Storage Type set to DISK and Encryption set to false 
2019-08-20 18:47:23,378 | INFO  | OMAudit | user=jenkins1000 | ip=127.0.0.1 | op=CREATE_BUCKET {volume=testblockoutputstream, bucket=testblockoutputstream, acls=[user:jenkins1000:a[ACCESS], group:default:a[ACCESS]], isVersionEnabled=false, storageType=DISK, creationTime=0} | ret=SUCCESS |  
2019-08-20 18:47:23,380 | INFO  | OMAudit | user=jenkins1000 | ip=127.0.0.1 | op=READ_VOLUME {volume=testblockoutputstream} | ret=SUCCESS |  
2019-08-20 18:47:23,382 | INFO  | OMAudit | user=jenkins1000 | ip=127.0.0.1 | op=READ_BUCKET {volume=testblockoutputstream, bucket=testblockoutputstream} | ret=SUCCESS |  
2019-08-20 18:47:23,387 | INFO  | SCMAudit | user=jenkins1000 | ip=192.168.69.105 | op=ALLOCATE_BLOCK {owner=1ca0e02a-a89d-4fde-bfae-9e53209731b2, size=800, type=RATIS, factor=THREE} | ret=SUCCESS |  
2019-08-20 18:47:23,392 | INFO  | OMAudit | user=jenkins1000 | ip=127.0.0.1 | op=ALLOCATE_KEY {volume=testblockoutputstream, bucket=testblockoutputstream, key=45902420-bc11-4359-bf3b-a91c40a2d097, dataSize=0, replicationType=RATIS, replicationFactor=THREE, keyLocationInfo=null} | ret=SUCCESS |  
2019-08-20 18:47:23,406 [grpc-default-executor-6] INFO  client.GrpcClientProtocolClient (GrpcClientProtocolClient.java:onNext(255)) - client-7F0E3D1D48AB->0c838819-3df6-4ef3-ab53-303f2178b7dc: receive RaftClientReply:client-7F0E3D1D48AB->0c838819-3df6-4ef3-ab53-303f2178b7dc@group-EF5D545D2B77, cid=175, FAILED org.apache.ratis.protocol.NotLeaderException: Server 0c838819-3df6-4ef3-ab53-303f2178b7dc is not the leader (null). Request must be sent to leader., logIndex=0, commits[0c838819-3df6-4ef3-ab53-303f2178b7dc:c-1]
2019-08-20 18:47:23,508 | INFO  | SCMAudit | user=jenkins1000 | ip=192.168.69.105 | op=SEND_HEARTBEAT {datanodeUUID=cf6953c2-32b6-42f7-ab38-bddb14a599b2, command=[]} | ret=SUCCESS |  
2019-08-20 18:47:23,711 | INFO  | SCMAudit | user=jenkins1000 | ip=192.168.69.105 | op=SEND_HEARTBEAT {datanodeUUID=2d010cef-60b6-41ea-978a-486fd035ec3e, command=[]} | ret=SUCCESS |  
2019-08-20 18:47:23,888 | INFO  | SCMAudit | user=jenkins1000 | ip=192.168.69.105 | op=SEND_HEARTBEAT {datanodeUUID=cdb5f687-1183-4537-b7fe-600d71f89ce8, command=[]} | ret=SUCCESS |  
2019-08-20 18:47:23,898 [Thread-3329] INFO  container.ReplicationManager (ReplicationManager.java:start(152)) - Starting Replication Monitor Thread.
2019-08-20 18:47:23,903 [ReplicationMonitor] INFO  container.ReplicationManager (ReplicationManager.java:run(215)) - Replication Monitor Thread took 0 milliseconds for processing 1 containers.
2019-08-20 18:47:23,909 | INFO  | SCMAudit | user=jenkins1000 | ip=192.168.69.105 | op=SEND_HEARTBEAT {datanodeUUID=0c838819-3df6-4ef3-ab53-303f2178b7dc, command=[]} | ret=SUCCESS |  
2019-08-20 18:47:24,086 | INFO  | SCMAudit | user=jenkins1000 | ip=192.168.69.105 | op=SEND_HEARTBEAT {datanodeUUID=2c3705c7-c55e-4fe5-a1eb-903b30dba60b, command=[]} | ret=SUCCESS |  
2019-08-20 18:47:24,108 | INFO  | SCMAudit | user=jenkins1000 | ip=192.168.69.105 | op=SEND_HEARTBEAT {datanodeUUID=4803ef64-8996-418d-89c0-57ea0fe6bc6a, command=[]} | ret=SUCCESS |  
2019-08-20 18:47:24,322 | INFO  | SCMAudit | user=jenkins1000 | ip=192.168.69.105 | op=SEND_HEARTBEAT {datanodeUUID=77f6c16c-5a77-4d2e-9dcc-aa40b17a66e4, command=[]} | ret=SUCCESS |  
2019-08-20 18:47:24,420 [grpc-default-executor-6] INFO  client.GrpcClientProtocolClient (GrpcClientProtocolClient.java:onNext(255)) - client-7F0E3D1D48AB->2d010cef-60b6-41ea-978a-486fd035ec3e: receive RaftClientReply:client-7F0E3D1D48AB->2d010cef-60b6-41ea-978a-486fd035ec3e@group-EF5D545D2B77, cid=175, FAILED org.apache.ratis.protocol.NotLeaderException: Server 2d010cef-60b6-41ea-978a-486fd035ec3e is not the leader (null). Request must be sent to leader., logIndex=0, commits[2d010cef-60b6-41ea-978a-486fd035ec3e:c-1]
2019-08-20 18:47:24,508 | INFO  | SCMAudit | user=jenkins1000 | ip=192.168.69.105 | op=SEND_HEARTBEAT {datanodeUUID=cf6953c2-32b6-42f7-ab38-bddb14a599b2, command=[]} | ret=SUCCESS |  
2019-08-20 18:47:24,711 | INFO  | SCMAudit | user=jenkins1000 | ip=192.168.69.105 | op=SEND_HEARTBEAT {datanodeUUID=2d010cef-60b6-41ea-978a-486fd035ec3e, command=[]} | ret=SUCCESS |  
2019-08-20 18:47:24,888 | INFO  | SCMAudit | user=jenkins1000 | ip=192.168.69.105 | op=SEND_HEARTBEAT {datanodeUUID=cdb5f687-1183-4537-b7fe-600d71f89ce8, command=[]} | ret=SUCCESS |  
2019-08-20 18:47:24,909 | INFO  | SCMAudit | user=jenkins1000 | ip=192.168.69.105 | op=SEND_HEARTBEAT {datanodeUUID=0c838819-3df6-4ef3-ab53-303f2178b7dc, command=[]} | ret=SUCCESS |  
2019-08-20 18:47:25,086 | INFO  | SCMAudit | user=jenkins1000 | ip=192.168.69.105 | op=SEND_HEARTBEAT {datanodeUUID=2c3705c7-c55e-4fe5-a1eb-903b30dba60b, command=[]} | ret=SUCCESS |  
2019-08-20 18:47:25,108 | INFO  | SCMAudit | user=jenkins1000 | ip=192.168.69.105 | op=SEND_HEARTBEAT {datanodeUUID=4803ef64-8996-418d-89c0-57ea0fe6bc6a, command=[]} | ret=SUCCESS |  
2019-08-20 18:47:25,324 | INFO  | SCMAudit | user=jenkins1000 | ip=192.168.69.105 | op=SEND_HEARTBEAT {datanodeUUID=77f6c16c-5a77-4d2e-9dcc-aa40b17a66e4, command=[]} | ret=SUCCESS |  
2019-08-20 18:47:25,430 [grpc-default-executor-6] INFO  client.GrpcClientProtocolClient (GrpcClientProtocolClient.java:onNext(255)) - client-7F0E3D1D48AB->0c838819-3df6-4ef3-ab53-303f2178b7dc: receive RaftClientReply:client-7F0E3D1D48AB->0c838819-3df6-4ef3-ab53-303f2178b7dc@group-EF5D545D2B77, cid=175, FAILED org.apache.ratis.protocol.NotLeaderException: Server 0c838819-3df6-4ef3-ab53-303f2178b7dc is not the leader (null). Request must be sent to leader., logIndex=0, commits[0c838819-3df6-4ef3-ab53-303f2178b7dc:c-1]
2019-08-20 18:47:25,509 | INFO  | SCMAudit | user=jenkins1000 | ip=192.168.69.105 | op=SEND_HEARTBEAT {datanodeUUID=cf6953c2-32b6-42f7-ab38-bddb14a599b2, command=[]} | ret=SUCCESS |  
2019-08-20 18:47:25,712 | INFO  | SCMAudit | user=jenkins1000 | ip=192.168.69.105 | op=SEND_HEARTBEAT {datanodeUUID=2d010cef-60b6-41ea-978a-486fd035ec3e, command=[]} | ret=SUCCESS |  
2019-08-20 18:47:25,888 | INFO  | SCMAudit | user=jenkins1000 | ip=192.168.69.105 | op=SEND_HEARTBEAT {datanodeUUID=cdb5f687-1183-4537-b7fe-600d71f89ce8, command=[]} | ret=SUCCESS |  
2019-08-20 18:47:25,909 | INFO  | SCMAudit | user=jenkins1000 | ip=192.168.69.105 | op=SEND_HEARTBEAT {datanodeUUID=0c838819-3df6-4ef3-ab53-303f2178b7dc, command=[]} | ret=SUCCESS |  
2019-08-20 18:47:26,086 | INFO  | SCMAudit | user=jenkins1000 | ip=192.168.69.105 | op=SEND_HEARTBEAT {datanodeUUID=2c3705c7-c55e-4fe5-a1eb-903b30dba60b, command=[]} | ret=SUCCESS |  
2019-08-20 18:47:26,090 [Thread-3331] INFO  impl.FollowerState (FollowerState.java:run(106)) - cdb5f687-1183-4537-b7fe-600d71f89ce8:group-8C6C8C7BC9A4 changes to CANDIDATE, lastRpcTime:5116, electionTimeout:5116ms
2019-08-20 18:47:26,090 [Thread-3331] INFO  impl.RoleInfo (RoleInfo.java:shutdownFollowerState(121)) - cdb5f687-1183-4537-b7fe-600d71f89ce8: shutdown FollowerState
2019-08-20 18:47:26,090 [Thread-3331] INFO  impl.RaftServerImpl (RaftServerImpl.java:setRole(171)) - cdb5f687-1183-4537-b7fe-600d71f89ce8:group-8C6C8C7BC9A4 changes role from FOLLOWER to CANDIDATE at term 0 for changeToCandidate
2019-08-20 18:47:26,090 [Thread-3331] INFO  impl.RoleInfo (RoleInfo.java:updateAndGet(143)) - cdb5f687-1183-4537-b7fe-600d71f89ce8: start LeaderElection
2019-08-20 18:47:26,108 | INFO  | SCMAudit | user=jenkins1000 | ip=192.168.69.105 | op=SEND_HEARTBEAT {datanodeUUID=4803ef64-8996-418d-89c0-57ea0fe6bc6a, command=[]} | ret=SUCCESS |  
2019-08-20 18:47:26,113 [cdb5f687-1183-4537-b7fe-600d71f89ce8:group-8C6C8C7BC9A4:LeaderElection60] INFO  impl.LeaderElection (LeaderElection.java:askForVotes(181)) - cdb5f687-1183-4537-b7fe-600d71f89ce8:group-8C6C8C7BC9A4:LeaderElection60: begin an election at term 1 for -1: [cdb5f687-1183-4537-b7fe-600d71f89ce8:192.168.69.105:33632], old=null
2019-08-20 18:47:26,114 [cdb5f687-1183-4537-b7fe-600d71f89ce8:group-8C6C8C7BC9A4:LeaderElection60] INFO  impl.RoleInfo (RoleInfo.java:shutdownLeaderElection(134)) - cdb5f687-1183-4537-b7fe-600d71f89ce8: shutdown LeaderElection
2019-08-20 18:47:26,114 [cdb5f687-1183-4537-b7fe-600d71f89ce8:group-8C6C8C7BC9A4:LeaderElection60] INFO  impl.RaftServerImpl (RaftServerImpl.java:setRole(171)) - cdb5f687-1183-4537-b7fe-600d71f89ce8:group-8C6C8C7BC9A4 changes role from CANDIDATE to LEADER at term 1 for changeToLeader
2019-08-20 18:47:26,114 [cdb5f687-1183-4537-b7fe-600d71f89ce8:group-8C6C8C7BC9A4:LeaderElection60] INFO  impl.RaftServerImpl (ServerState.java:setLeader(263)) - cdb5f687-1183-4537-b7fe-600d71f89ce8:group-8C6C8C7BC9A4 change Leader from null to cdb5f687-1183-4537-b7fe-600d71f89ce8 at term 1 for becomeLeader, leader elected after 5146ms
2019-08-20 18:47:26,114 [cdb5f687-1183-4537-b7fe-600d71f89ce8:group-8C6C8C7BC9A4:LeaderElection60] INFO  server.RaftServerConfigKeys (ConfUtils.java:logGet(43)) - raft.server.staging.catchup.gap = 1000 (default)
2019-08-20 18:47:26,114 [cdb5f687-1183-4537-b7fe-600d71f89ce8:group-8C6C8C7BC9A4:LeaderElection60] INFO  server.RaftServerConfigKeys (ConfUtils.java:logGet(43)) - raft.server.rpc.sleep.time = 25ms (default)
2019-08-20 18:47:26,114 [cdb5f687-1183-4537-b7fe-600d71f89ce8:group-8C6C8C7BC9A4:LeaderElection60] INFO  server.RaftServerConfigKeys (ConfUtils.java:logGet(43)) - raft.server.write.element-limit = 4096 (default)
2019-08-20 18:47:26,115 [cdb5f687-1183-4537-b7fe-600d71f89ce8:group-8C6C8C7BC9A4:LeaderElection60] INFO  server.RaftServerConfigKeys (ConfUtils.java:logGet(43)) - raft.server.watch.timeout = 10s (default)
2019-08-20 18:47:26,115 [cdb5f687-1183-4537-b7fe-600d71f89ce8:group-8C6C8C7BC9A4:LeaderElection60] INFO  server.RaftServerConfigKeys (ConfUtils.java:logGet(43)) - raft.server.watch.timeout.denomination = 1s (default)
2019-08-20 18:47:26,115 [cdb5f687-1183-4537-b7fe-600d71f89ce8:group-8C6C8C7BC9A4:LeaderElection60] INFO  server.RaftServerConfigKeys (ConfUtils.java:logGet(43)) - raft.server.watch.element-limit = 65536 (default)
2019-08-20 18:47:26,115 [cdb5f687-1183-4537-b7fe-600d71f89ce8:group-8C6C8C7BC9A4:LeaderElection60] INFO  impl.RoleInfo (RoleInfo.java:updateAndGet(143)) - cdb5f687-1183-4537-b7fe-600d71f89ce8: start LeaderState
2019-08-20 18:47:26,116 [cdb5f687-1183-4537-b7fe-600d71f89ce8:group-8C6C8C7BC9A4:LeaderElection60] INFO  segmented.SegmentedRaftLogWorker (SegmentedRaftLogWorker.java:startLogSegment(380)) - cdb5f687-1183-4537-b7fe-600d71f89ce8-SegmentedRaftLogWorker:Storage Directory /workdir/hadoop-ozone/integration-test/target/test-dir/MiniOzoneClusterImpl-608c326c-aa6a-4be1-85ed-041816735c61/datanode-0/data/ratis/4af79910-5ea2-45a8-a2cc-8c6c8c7bc9a4: Starting segment from index:0
2019-08-20 18:47:26,116 [cdb5f687-1183-4537-b7fe-600d71f89ce8:group-8C6C8C7BC9A4:LeaderElection60] INFO  impl.RaftServerImpl (ServerState.java:setRaftConf(361)) - cdb5f687-1183-4537-b7fe-600d71f89ce8:group-8C6C8C7BC9A4 set configuration 0: [cdb5f687-1183-4537-b7fe-600d71f89ce8:192.168.69.105:33632], old=null at 0
2019-08-20 18:47:26,160 [cdb5f687-1183-4537-b7fe-600d71f89ce8-SegmentedRaftLogWorker:Storage Directory /workdir/hadoop-ozone/integration-test/target/test-dir/MiniOzoneClusterImpl-608c326c-aa6a-4be1-85ed-041816735c61/datanode-0/data/ratis/4af79910-5ea2-45a8-a2cc-8c6c8c7bc9a4] INFO  segmented.SegmentedRaftLogWorker (SegmentedRaftLogWorker.java:execute(569)) - cdb5f687-1183-4537-b7fe-600d71f89ce8-SegmentedRaftLogWorker:Storage Directory /workdir/hadoop-ozone/integration-test/target/test-dir/MiniOzoneClusterImpl-608c326c-aa6a-4be1-85ed-041816735c61/datanode-0/data/ratis/4af79910-5ea2-45a8-a2cc-8c6c8c7bc9a4: created new log segment /workdir/hadoop-ozone/integration-test/target/test-dir/MiniOzoneClusterImpl-608c326c-aa6a-4be1-85ed-041816735c61/datanode-0/data/ratis/4af79910-5ea2-45a8-a2cc-8c6c8c7bc9a4/current/log_inprogress_0
2019-08-20 18:47:26,320 [Thread-3334] INFO  impl.FollowerState (FollowerState.java:run(106)) - 2c3705c7-c55e-4fe5-a1eb-903b30dba60b:group-D33687B785E2 changes to CANDIDATE, lastRpcTime:5190, electionTimeout:5190ms
2019-08-20 18:47:26,321 [Thread-3334] INFO  impl.RoleInfo (RoleInfo.java:shutdownFollowerState(121)) - 2c3705c7-c55e-4fe5-a1eb-903b30dba60b: shutdown FollowerState
2019-08-20 18:47:26,321 [Thread-3334] INFO  impl.RaftServerImpl (RaftServerImpl.java:setRole(171)) - 2c3705c7-c55e-4fe5-a1eb-903b30dba60b:group-D33687B785E2 changes role from FOLLOWER to CANDIDATE at term 0 for changeToCandidate
2019-08-20 18:47:26,321 [Thread-3334] INFO  impl.RoleInfo (RoleInfo.java:updateAndGet(143)) - 2c3705c7-c55e-4fe5-a1eb-903b30dba60b: start LeaderElection
2019-08-20 18:47:26,344 | INFO  | SCMAudit | user=jenkins1000 | ip=192.168.69.105 | op=SEND_HEARTBEAT {datanodeUUID=77f6c16c-5a77-4d2e-9dcc-aa40b17a66e4, command=[]} | ret=SUCCESS |  
2019-08-20 18:47:26,356 [2c3705c7-c55e-4fe5-a1eb-903b30dba60b:group-D33687B785E2:LeaderElection61] INFO  impl.LeaderElection (LeaderElection.java:askForVotes(181)) - 2c3705c7-c55e-4fe5-a1eb-903b30dba60b:group-D33687B785E2:LeaderElection61: begin an election at term 1 for -1: [2c3705c7-c55e-4fe5-a1eb-903b30dba60b:192.168.69.105:45057], old=null
2019-08-20 18:47:26,356 [2c3705c7-c55e-4fe5-a1eb-903b30dba60b:group-D33687B785E2:LeaderElection61] INFO  impl.RoleInfo (RoleInfo.java:shutdownLeaderElection(134)) - 2c3705c7-c55e-4fe5-a1eb-903b30dba60b: shutdown LeaderElection
2019-08-20 18:47:26,356 [2c3705c7-c55e-4fe5-a1eb-903b30dba60b:group-D33687B785E2:LeaderElection61] INFO  impl.RaftServerImpl (RaftServerImpl.java:setRole(171)) - 2c3705c7-c55e-4fe5-a1eb-903b30dba60b:group-D33687B785E2 changes role from CANDIDATE to LEADER at term 1 for changeToLeader
2019-08-20 18:47:26,356 [2c3705c7-c55e-4fe5-a1eb-903b30dba60b:group-D33687B785E2:LeaderElection61] INFO  impl.RaftServerImpl (ServerState.java:setLeader(263)) - 2c3705c7-c55e-4fe5-a1eb-903b30dba60b:group-D33687B785E2 change Leader from null to 2c3705c7-c55e-4fe5-a1eb-903b30dba60b at term 1 for becomeLeader, leader elected after 5230ms
2019-08-20 18:47:26,357 [2c3705c7-c55e-4fe5-a1eb-903b30dba60b:group-D33687B785E2:LeaderElection61] INFO  server.RaftServerConfigKeys (ConfUtils.java:logGet(43)) - raft.server.staging.catchup.gap = 1000 (default)
2019-08-20 18:47:26,357 [2c3705c7-c55e-4fe5-a1eb-903b30dba60b:group-D33687B785E2:LeaderElection61] INFO  server.RaftServerConfigKeys (ConfUtils.java:logGet(43)) - raft.server.rpc.sleep.time = 25ms (default)
2019-08-20 18:47:26,357 [2c3705c7-c55e-4fe5-a1eb-903b30dba60b:group-D33687B785E2:LeaderElection61] INFO  server.RaftServerConfigKeys (ConfUtils.java:logGet(43)) - raft.server.write.element-limit = 4096 (default)
2019-08-20 18:47:26,357 [2c3705c7-c55e-4fe5-a1eb-903b30dba60b:group-D33687B785E2:LeaderElection61] INFO  server.RaftServerConfigKeys (ConfUtils.java:logGet(43)) - raft.server.watch.timeout = 10s (default)
2019-08-20 18:47:26,357 [2c3705c7-c55e-4fe5-a1eb-903b30dba60b:group-D33687B785E2:LeaderElection61] INFO  server.RaftServerConfigKeys (ConfUtils.java:logGet(43)) - raft.server.watch.timeout.denomination = 1s (default)
2019-08-20 18:47:26,357 [2c3705c7-c55e-4fe5-a1eb-903b30dba60b:group-D33687B785E2:LeaderElection61] INFO  server.RaftServerConfigKeys (ConfUtils.java:logGet(43)) - raft.server.watch.element-limit = 65536 (default)
2019-08-20 18:47:26,358 [2c3705c7-c55e-4fe5-a1eb-903b30dba60b:group-D33687B785E2:LeaderElection61] INFO  impl.RoleInfo (RoleInfo.java:updateAndGet(143)) - 2c3705c7-c55e-4fe5-a1eb-903b30dba60b: start LeaderState
2019-08-20 18:47:26,358 [2c3705c7-c55e-4fe5-a1eb-903b30dba60b:group-D33687B785E2:LeaderElection61] INFO  segmented.SegmentedRaftLogWorker (SegmentedRaftLogWorker.java:startLogSegment(380)) - 2c3705c7-c55e-4fe5-a1eb-903b30dba60b-SegmentedRaftLogWorker:Storage Directory /workdir/hadoop-ozone/integration-test/target/test-dir/MiniOzoneClusterImpl-608c326c-aa6a-4be1-85ed-041816735c61/datanode-1/data/ratis/aa9ef6b4-b62a-4bf8-9369-d33687b785e2: Starting segment from index:0
2019-08-20 18:47:26,358 [2c3705c7-c55e-4fe5-a1eb-903b30dba60b:group-D33687B785E2:LeaderElection61] INFO  impl.RaftServerImpl (ServerState.java:setRaftConf(361)) - 2c3705c7-c55e-4fe5-a1eb-903b30dba60b:group-D33687B785E2 set configuration 0: [2c3705c7-c55e-4fe5-a1eb-903b30dba60b:192.168.69.105:45057], old=null at 0
2019-08-20 18:47:26,394 [2c3705c7-c55e-4fe5-a1eb-903b30dba60b-SegmentedRaftLogWorker:Storage Directory /workdir/hadoop-ozone/integration-test/target/test-dir/MiniOzoneClusterImpl-608c326c-aa6a-4be1-85ed-041816735c61/datanode-1/data/ratis/aa9ef6b4-b62a-4bf8-9369-d33687b785e2] INFO  segmented.SegmentedRaftLogWorker (SegmentedRaftLogWorker.java:execute(569)) - 2c3705c7-c55e-4fe5-a1eb-903b30dba60b-SegmentedRaftLogWorker:Storage Directory /workdir/hadoop-ozone/integration-test/target/test-dir/MiniOzoneClusterImpl-608c326c-aa6a-4be1-85ed-041816735c61/datanode-1/data/ratis/aa9ef6b4-b62a-4bf8-9369-d33687b785e2: created new log segment /workdir/hadoop-ozone/integration-test/target/test-dir/MiniOzoneClusterImpl-608c326c-aa6a-4be1-85ed-041816735c61/datanode-1/data/ratis/aa9ef6b4-b62a-4bf8-9369-d33687b785e2/current/log_inprogress_0
2019-08-20 18:47:26,439 [grpc-default-executor-8] INFO  client.GrpcClientProtocolClient (GrpcClientProtocolClient.java:onNext(255)) - client-7F0E3D1D48AB->2d010cef-60b6-41ea-978a-486fd035ec3e: receive RaftClientReply:client-7F0E3D1D48AB->2d010cef-60b6-41ea-978a-486fd035ec3e@group-EF5D545D2B77, cid=175, FAILED org.apache.ratis.protocol.NotLeaderException: Server 2d010cef-60b6-41ea-978a-486fd035ec3e is not the leader (null). Request must be sent to leader., logIndex=0, commits[2d010cef-60b6-41ea-978a-486fd035ec3e:c-1]
2019-08-20 18:47:26,508 | INFO  | SCMAudit | user=jenkins1000 | ip=192.168.69.105 | op=SEND_HEARTBEAT {datanodeUUID=cf6953c2-32b6-42f7-ab38-bddb14a599b2, command=[]} | ret=SUCCESS |  
2019-08-20 18:47:26,562 [Thread-3337] INFO  impl.FollowerState (FollowerState.java:run(106)) - cf6953c2-32b6-42f7-ab38-bddb14a599b2:group-A8E34094F328 changes to CANDIDATE, lastRpcTime:5008, electionTimeout:5008ms
2019-08-20 18:47:26,562 [Thread-3337] INFO  impl.RoleInfo (RoleInfo.java:shutdownFollowerState(121)) - cf6953c2-32b6-42f7-ab38-bddb14a599b2: shutdown FollowerState
2019-08-20 18:47:26,562 [Thread-3337] INFO  impl.RaftServerImpl (RaftServerImpl.java:setRole(171)) - cf6953c2-32b6-42f7-ab38-bddb14a599b2:group-A8E34094F328 changes role from FOLLOWER to CANDIDATE at term 0 for changeToCandidate
2019-08-20 18:47:26,562 [Thread-3337] INFO  impl.RoleInfo (RoleInfo.java:updateAndGet(143)) - cf6953c2-32b6-42f7-ab38-bddb14a599b2: start LeaderElection
2019-08-20 18:47:26,593 [cf6953c2-32b6-42f7-ab38-bddb14a599b2:group-A8E34094F328:LeaderElection62] INFO  impl.LeaderElection (LeaderElection.java:askForVotes(181)) - cf6953c2-32b6-42f7-ab38-bddb14a599b2:group-A8E34094F328:LeaderElection62: begin an election at term 1 for -1: [cf6953c2-32b6-42f7-ab38-bddb14a599b2:192.168.69.105:33682], old=null
2019-08-20 18:47:26,593 [cf6953c2-32b6-42f7-ab38-bddb14a599b2:group-A8E34094F328:LeaderElection62] INFO  impl.RoleInfo (RoleInfo.java:shutdownLeaderElection(134)) - cf6953c2-32b6-42f7-ab38-bddb14a599b2: shutdown LeaderElection
2019-08-20 18:47:26,593 [cf6953c2-32b6-42f7-ab38-bddb14a599b2:group-A8E34094F328:LeaderElection62] INFO  impl.RaftServerImpl (RaftServerImpl.java:setRole(171)) - cf6953c2-32b6-42f7-ab38-bddb14a599b2:group-A8E34094F328 changes role from CANDIDATE to LEADER at term 1 for changeToLeader
2019-08-20 18:47:26,593 [cf6953c2-32b6-42f7-ab38-bddb14a599b2:group-A8E34094F328:LeaderElection62] INFO  impl.RaftServerImpl (ServerState.java:setLeader(263)) - cf6953c2-32b6-42f7-ab38-bddb14a599b2:group-A8E34094F328 change Leader from null to cf6953c2-32b6-42f7-ab38-bddb14a599b2 at term 1 for becomeLeader, leader elected after 5043ms
2019-08-20 18:47:26,593 [cf6953c2-32b6-42f7-ab38-bddb14a599b2:group-A8E34094F328:LeaderElection62] INFO  server.RaftServerConfigKeys (ConfUtils.java:logGet(43)) - raft.server.staging.catchup.gap = 1000 (default)
2019-08-20 18:47:26,593 [cf6953c2-32b6-42f7-ab38-bddb14a599b2:group-A8E34094F328:LeaderElection62] INFO  server.RaftServerConfigKeys (ConfUtils.java:logGet(43)) - raft.server.rpc.sleep.time = 25ms (default)
2019-08-20 18:47:26,594 [cf6953c2-32b6-42f7-ab38-bddb14a599b2:group-A8E34094F328:LeaderElection62] INFO  server.RaftServerConfigKeys (ConfUtils.java:logGet(43)) - raft.server.write.element-limit = 4096 (default)
2019-08-20 18:47:26,594 [cf6953c2-32b6-42f7-ab38-bddb14a599b2:group-A8E34094F328:LeaderElection62] INFO  server.RaftServerConfigKeys (ConfUtils.java:logGet(43)) - raft.server.watch.timeout = 10s (default)
2019-08-20 18:47:26,594 [cf6953c2-32b6-42f7-ab38-bddb14a599b2:group-A8E34094F328:LeaderElection62] INFO  server.RaftServerConfigKeys (ConfUtils.java:logGet(43)) - raft.server.watch.timeout.denomination = 1s (default)
2019-08-20 18:47:26,594 [cf6953c2-32b6-42f7-ab38-bddb14a599b2:group-A8E34094F328:LeaderElection62] INFO  server.RaftServerConfigKeys (ConfUtils.java:logGet(43)) - raft.server.watch.element-limit = 65536 (default)
2019-08-20 18:47:26,594 [cf6953c2-32b6-42f7-ab38-bddb14a599b2:group-A8E34094F328:LeaderElection62] INFO  impl.RoleInfo (RoleInfo.java:updateAndGet(143)) - cf6953c2-32b6-42f7-ab38-bddb14a599b2: start LeaderState
2019-08-20 18:47:26,595 [cf6953c2-32b6-42f7-ab38-bddb14a599b2:group-A8E34094F328:LeaderElection62] INFO  segmented.SegmentedRaftLogWorker (SegmentedRaftLogWorker.java:startLogSegment(380)) - cf6953c2-32b6-42f7-ab38-bddb14a599b2-SegmentedRaftLogWorker:Storage Directory /workdir/hadoop-ozone/integration-test/target/test-dir/MiniOzoneClusterImpl-608c326c-aa6a-4be1-85ed-041816735c61/datanode-2/data/ratis/6d4ab42f-8a8d-462b-8cb6-a8e34094f328: Starting segment from index:0
2019-08-20 18:47:26,595 [cf6953c2-32b6-42f7-ab38-bddb14a599b2:group-A8E34094F328:LeaderElection62] INFO  impl.RaftServerImpl (ServerState.java:setRaftConf(361)) - cf6953c2-32b6-42f7-ab38-bddb14a599b2:group-A8E34094F328 set configuration 0: [cf6953c2-32b6-42f7-ab38-bddb14a599b2:192.168.69.105:33682], old=null at 0
2019-08-20 18:47:26,633 [cf6953c2-32b6-42f7-ab38-bddb14a599b2-SegmentedRaftLogWorker:Storage Directory /workdir/hadoop-ozone/integration-test/target/test-dir/MiniOzoneClusterImpl-608c326c-aa6a-4be1-85ed-041816735c61/datanode-2/data/ratis/6d4ab42f-8a8d-462b-8cb6-a8e34094f328] INFO  segmented.SegmentedRaftLogWorker (SegmentedRaftLogWorker.java:execute(569)) - cf6953c2-32b6-42f7-ab38-bddb14a599b2-SegmentedRaftLogWorker:Storage Directory /workdir/hadoop-ozone/integration-test/target/test-dir/MiniOzoneClusterImpl-608c326c-aa6a-4be1-85ed-041816735c61/datanode-2/data/ratis/6d4ab42f-8a8d-462b-8cb6-a8e34094f328: created new log segment /workdir/hadoop-ozone/integration-test/target/test-dir/MiniOzoneClusterImpl-608c326c-aa6a-4be1-85ed-041816735c61/datanode-2/data/ratis/6d4ab42f-8a8d-462b-8cb6-a8e34094f328/current/log_inprogress_0
2019-08-20 18:47:26,650 [Thread-3340] INFO  impl.FollowerState (FollowerState.java:run(106)) - cf6953c2-32b6-42f7-ab38-bddb14a599b2:group-1FA4A48610E7 changes to CANDIDATE, lastRpcTime:5039, electionTimeout:5039ms
2019-08-20 18:47:26,650 [Thread-3340] INFO  impl.RoleInfo (RoleInfo.java:shutdownFollowerState(121)) - cf6953c2-32b6-42f7-ab38-bddb14a599b2: shutdown FollowerState
2019-08-20 18:47:26,650 [Thread-3340] INFO  impl.RaftServerImpl (RaftServerImpl.java:setRole(171)) - cf6953c2-32b6-42f7-ab38-bddb14a599b2:group-1FA4A48610E7 changes role from FOLLOWER to CANDIDATE at term 0 for changeToCandidate
2019-08-20 18:47:26,650 [Thread-3340] INFO  impl.RoleInfo (RoleInfo.java:updateAndGet(143)) - cf6953c2-32b6-42f7-ab38-bddb14a599b2: start LeaderElection
2019-08-20 18:47:26,687 [cf6953c2-32b6-42f7-ab38-bddb14a599b2:group-1FA4A48610E7:LeaderElection63] INFO  impl.LeaderElection (LeaderElection.java:askForVotes(181)) - cf6953c2-32b6-42f7-ab38-bddb14a599b2:group-1FA4A48610E7:LeaderElection63: begin an election at term 1 for -1: [2c3705c7-c55e-4fe5-a1eb-903b30dba60b:192.168.69.105:45057, cdb5f687-1183-4537-b7fe-600d71f89ce8:192.168.69.105:33632, cf6953c2-32b6-42f7-ab38-bddb14a599b2:192.168.69.105:33682], old=null
2019-08-20 18:47:26,692 [grpc-default-executor-8] INFO  impl.RaftServerImpl (RaftServerImpl.java:setRole(171)) - cdb5f687-1183-4537-b7fe-600d71f89ce8:group-1FA4A48610E7 changes role from FOLLOWER to FOLLOWER at term 1 for recognizeCandidate:cf6953c2-32b6-42f7-ab38-bddb14a599b2
2019-08-20 18:47:26,692 [grpc-default-executor-6] INFO  impl.RaftServerImpl (RaftServerImpl.java:setRole(171)) - 2c3705c7-c55e-4fe5-a1eb-903b30dba60b:group-1FA4A48610E7 changes role from FOLLOWER to FOLLOWER at term 1 for recognizeCandidate:cf6953c2-32b6-42f7-ab38-bddb14a599b2
2019-08-20 18:47:26,692 [grpc-default-executor-8] INFO  impl.RoleInfo (RoleInfo.java:shutdownFollowerState(121)) - cdb5f687-1183-4537-b7fe-600d71f89ce8: shutdown FollowerState
2019-08-20 18:47:26,692 [grpc-default-executor-6] INFO  impl.RoleInfo (RoleInfo.java:shutdownFollowerState(121)) - 2c3705c7-c55e-4fe5-a1eb-903b30dba60b: shutdown FollowerState
2019-08-20 18:47:26,693 [Thread-3344] INFO  impl.FollowerState (FollowerState.java:run(114)) - cdb5f687-1183-4537-b7fe-600d71f89ce8: FollowerState was interrupted: java.lang.InterruptedException: sleep interrupted
2019-08-20 18:47:26,693 [grpc-default-executor-8] INFO  impl.RoleInfo (RoleInfo.java:updateAndGet(143)) - cdb5f687-1183-4537-b7fe-600d71f89ce8: start FollowerState
2019-08-20 18:47:26,693 [Thread-3345] INFO  impl.FollowerState (FollowerState.java:run(114)) - 2c3705c7-c55e-4fe5-a1eb-903b30dba60b: FollowerState was interrupted: java.lang.InterruptedException: sleep interrupted
2019-08-20 18:47:26,693 [grpc-default-executor-6] INFO  impl.RoleInfo (RoleInfo.java:updateAndGet(143)) - 2c3705c7-c55e-4fe5-a1eb-903b30dba60b: start FollowerState
2019-08-20 18:47:26,711 | INFO  | SCMAudit | user=jenkins1000 | ip=192.168.69.105 | op=SEND_HEARTBEAT {datanodeUUID=2d010cef-60b6-41ea-978a-486fd035ec3e, command=[]} | ret=SUCCESS |  
2019-08-20 18:47:26,713 [cf6953c2-32b6-42f7-ab38-bddb14a599b2:group-1FA4A48610E7:LeaderElection63] INFO  impl.LeaderElection (LeaderElection.java:logAndReturn(56)) - cf6953c2-32b6-42f7-ab38-bddb14a599b2:group-1FA4A48610E7:LeaderElection63: Election PASSED; received 1 response(s) [cf6953c2-32b6-42f7-ab38-bddb14a599b2<-cdb5f687-1183-4537-b7fe-600d71f89ce8#0:OK-t1] and 0 exception(s); cf6953c2-32b6-42f7-ab38-bddb14a599b2:t1, leader=null, voted=cf6953c2-32b6-42f7-ab38-bddb14a599b2, raftlog=cf6953c2-32b6-42f7-ab38-bddb14a599b2-SegmentedRaftLog:OPENED:c-1,f-1,i0, conf=-1: [2c3705c7-c55e-4fe5-a1eb-903b30dba60b:192.168.69.105:45057, cdb5f687-1183-4537-b7fe-600d71f89ce8:192.168.69.105:33632, cf6953c2-32b6-42f7-ab38-bddb14a599b2:192.168.69.105:33682], old=null
2019-08-20 18:47:26,713 [cf6953c2-32b6-42f7-ab38-bddb14a599b2:group-1FA4A48610E7:LeaderElection63] INFO  impl.RoleInfo (RoleInfo.java:shutdownLeaderElection(134)) - cf6953c2-32b6-42f7-ab38-bddb14a599b2: shutdown LeaderElection
2019-08-20 18:47:26,713 [cf6953c2-32b6-42f7-ab38-bddb14a599b2:group-1FA4A48610E7:LeaderElection63] INFO  impl.RaftServerImpl (RaftServerImpl.java:setRole(171)) - cf6953c2-32b6-42f7-ab38-bddb14a599b2:group-1FA4A48610E7 changes role from CANDIDATE to LEADER at term 1 for changeToLeader
2019-08-20 18:47:26,714 [cf6953c2-32b6-42f7-ab38-bddb14a599b2:group-1FA4A48610E7:LeaderElection63] INFO  impl.RaftServerImpl (ServerState.java:setLeader(263)) - cf6953c2-32b6-42f7-ab38-bddb14a599b2:group-1FA4A48610E7 change Leader from null to cf6953c2-32b6-42f7-ab38-bddb14a599b2 at term 1 for becomeLeader, leader elected after 5111ms
2019-08-20 18:47:26,714 [cf6953c2-32b6-42f7-ab38-bddb14a599b2:group-1FA4A48610E7:LeaderElection63] INFO  server.RaftServerConfigKeys (ConfUtils.java:logGet(43)) - raft.server.staging.catchup.gap = 1000 (default)
2019-08-20 18:47:26,714 [cf6953c2-32b6-42f7-ab38-bddb14a599b2:group-1FA4A48610E7:LeaderElection63] INFO  server.RaftServerConfigKeys (ConfUtils.java:logGet(43)) - raft.server.rpc.sleep.time = 25ms (default)
2019-08-20 18:47:26,714 [cf6953c2-32b6-42f7-ab38-bddb14a599b2:group-1FA4A48610E7:LeaderElection63] INFO  server.RaftServerConfigKeys (ConfUtils.java:logGet(43)) - raft.server.write.element-limit = 4096 (default)
2019-08-20 18:47:26,714 [cf6953c2-32b6-42f7-ab38-bddb14a599b2:group-1FA4A48610E7:LeaderElection63] INFO  server.RaftServerConfigKeys (ConfUtils.java:logGet(43)) - raft.server.watch.timeout = 10s (default)
2019-08-20 18:47:26,714 [cf6953c2-32b6-42f7-ab38-bddb14a599b2:group-1FA4A48610E7:LeaderElection63] INFO  server.RaftServerConfigKeys (ConfUtils.java:logGet(43)) - raft.server.watch.timeout.denomination = 1s (default)
2019-08-20 18:47:26,714 [cf6953c2-32b6-42f7-ab38-bddb14a599b2:group-1FA4A48610E7:LeaderElection63] INFO  server.RaftServerConfigKeys (ConfUtils.java:logGet(43)) - raft.server.watch.element-limit = 65536 (default)
2019-08-20 18:47:26,715 [cf6953c2-32b6-42f7-ab38-bddb14a599b2:group-1FA4A48610E7:LeaderElection63] INFO  server.RaftServerConfigKeys (ConfUtils.java:logGet(43)) - raft.server.log.appender.snapshot.chunk.size.max = 16MB (=16777216) (default)
2019-08-20 18:47:26,715 [cf6953c2-32b6-42f7-ab38-bddb14a599b2:group-1FA4A48610E7:LeaderElection63] INFO  server.RaftServerConfigKeys (ConfUtils.java:logGet(43)) - raft.server.log.appender.buffer.byte-limit = 33554432 (custom)
2019-08-20 18:47:26,715 [cf6953c2-32b6-42f7-ab38-bddb14a599b2:group-1FA4A48610E7:LeaderElection63] INFO  server.RaftServerConfigKeys (ConfUtils.java:logGet(43)) - raft.server.log.appender.buffer.element-limit = 1 (custom)
2019-08-20 18:47:26,715 [cf6953c2-32b6-42f7-ab38-bddb14a599b2:group-1FA4A48610E7:LeaderElection63] INFO  grpc.GrpcConfigKeys$Server (ConfUtils.java:logGet(43)) - raft.grpc.server.leader.outstanding.appends.max = 128 (default)
2019-08-20 18:47:26,716 [cf6953c2-32b6-42f7-ab38-bddb14a599b2:group-1FA4A48610E7:LeaderElection63] INFO  server.RaftServerConfigKeys (ConfUtils.java:logGet(43)) - raft.server.rpc.request.timeout = 3000ms (default)
2019-08-20 18:47:26,716 [cf6953c2-32b6-42f7-ab38-bddb14a599b2:group-1FA4A48610E7:LeaderElection63] INFO  server.RaftServerConfigKeys (ConfUtils.java:logGet(43)) - raft.server.log.appender.install.snapshot.enabled = false (custom)
2019-08-20 18:47:26,716 [cf6953c2-32b6-42f7-ab38-bddb14a599b2:group-1FA4A48610E7:LeaderElection63] INFO  server.RaftServerConfigKeys (ConfUtils.java:logGet(43)) - raft.server.log.appender.snapshot.chunk.size.max = 16MB (=16777216) (default)
2019-08-20 18:47:26,716 [cf6953c2-32b6-42f7-ab38-bddb14a599b2:group-1FA4A48610E7:LeaderElection63] INFO  server.RaftServerConfigKeys (ConfUtils.java:logGet(43)) - raft.server.log.appender.buffer.byte-limit = 33554432 (custom)
2019-08-20 18:47:26,716 [cf6953c2-32b6-42f7-ab38-bddb14a599b2:group-1FA4A48610E7:LeaderElection63] INFO  server.RaftServerConfigKeys (ConfUtils.java:logGet(43)) - raft.server.log.appender.buffer.element-limit = 1 (custom)
2019-08-20 18:47:26,716 [cf6953c2-32b6-42f7-ab38-bddb14a599b2:group-1FA4A48610E7:LeaderElection63] INFO  grpc.GrpcConfigKeys$Server (ConfUtils.java:logGet(43)) - raft.grpc.server.leader.outstanding.appends.max = 128 (default)
2019-08-20 18:47:26,717 [cf6953c2-32b6-42f7-ab38-bddb14a599b2:group-1FA4A48610E7:LeaderElection63] INFO  server.RaftServerConfigKeys (ConfUtils.java:logGet(43)) - raft.server.rpc.request.timeout = 3000ms (default)
2019-08-20 18:47:26,717 [cf6953c2-32b6-42f7-ab38-bddb14a599b2:group-1FA4A48610E7:LeaderElection63] INFO  server.RaftServerConfigKeys (ConfUtils.java:logGet(43)) - raft.server.log.appender.install.snapshot.enabled = false (custom)
2019-08-20 18:47:26,717 [cf6953c2-32b6-42f7-ab38-bddb14a599b2:group-1FA4A48610E7:LeaderElection63] INFO  impl.RoleInfo (RoleInfo.java:updateAndGet(143)) - cf6953c2-32b6-42f7-ab38-bddb14a599b2: start LeaderState
2019-08-20 18:47:26,717 [cf6953c2-32b6-42f7-ab38-bddb14a599b2:group-1FA4A48610E7:LeaderElection63] INFO  segmented.SegmentedRaftLogWorker (SegmentedRaftLogWorker.java:startLogSegment(380)) - cf6953c2-32b6-42f7-ab38-bddb14a599b2-SegmentedRaftLogWorker:Storage Directory /workdir/hadoop-ozone/integration-test/target/test-dir/MiniOzoneClusterImpl-608c326c-aa6a-4be1-85ed-041816735c61/datanode-2/data/ratis/8a5b5004-82bf-406f-8aff-1fa4a48610e7: Starting segment from index:0
2019-08-20 18:47:26,718 [cf6953c2-32b6-42f7-ab38-bddb14a599b2:group-1FA4A48610E7:LeaderElection63] INFO  impl.RaftServerImpl (ServerState.java:setRaftConf(361)) - cf6953c2-32b6-42f7-ab38-bddb14a599b2:group-1FA4A48610E7 set configuration 0: [2c3705c7-c55e-4fe5-a1eb-903b30dba60b:192.168.69.105:45057, cdb5f687-1183-4537-b7fe-600d71f89ce8:192.168.69.105:33632, cf6953c2-32b6-42f7-ab38-bddb14a599b2:192.168.69.105:33682], old=null at 0
2019-08-20 18:47:26,756 [grpc-default-executor-8] INFO  impl.RaftServerImpl (ServerState.java:setLeader(263)) - cdb5f687-1183-4537-b7fe-600d71f89ce8:group-1FA4A48610E7 change Leader from null to cf6953c2-32b6-42f7-ab38-bddb14a599b2 at term 1 for appendEntries, leader elected after 5153ms
2019-08-20 18:47:26,756 [grpc-default-executor-6] INFO  impl.RaftServerImpl (ServerState.java:setLeader(263)) - 2c3705c7-c55e-4fe5-a1eb-903b30dba60b:group-1FA4A48610E7 change Leader from null to cf6953c2-32b6-42f7-ab38-bddb14a599b2 at term 1 for appendEntries, leader elected after 5154ms
2019-08-20 18:47:26,770 [cf6953c2-32b6-42f7-ab38-bddb14a599b2-SegmentedRaftLogWorker:Storage Directory /workdir/hadoop-ozone/integration-test/target/test-dir/MiniOzoneClusterImpl-608c326c-aa6a-4be1-85ed-041816735c61/datanode-2/data/ratis/8a5b5004-82bf-406f-8aff-1fa4a48610e7] INFO  segmented.SegmentedRaftLogWorker (SegmentedRaftLogWorker.java:execute(569)) - cf6953c2-32b6-42f7-ab38-bddb14a599b2-SegmentedRaftLogWorker:Storage Directory /workdir/hadoop-ozone/integration-test/target/test-dir/MiniOzoneClusterImpl-608c326c-aa6a-4be1-85ed-041816735c61/datanode-2/data/ratis/8a5b5004-82bf-406f-8aff-1fa4a48610e7: created new log segment /workdir/hadoop-ozone/integration-test/target/test-dir/MiniOzoneClusterImpl-608c326c-aa6a-4be1-85ed-041816735c61/datanode-2/data/ratis/8a5b5004-82bf-406f-8aff-1fa4a48610e7/current/log_inprogress_0
2019-08-20 18:47:26,775 [grpc-default-executor-6] INFO  impl.RaftServerImpl (ServerState.java:setRaftConf(361)) - 2c3705c7-c55e-4fe5-a1eb-903b30dba60b:group-1FA4A48610E7 set configuration 0: [2c3705c7-c55e-4fe5-a1eb-903b30dba60b:192.168.69.105:45057, cdb5f687-1183-4537-b7fe-600d71f89ce8:192.168.69.105:33632, cf6953c2-32b6-42f7-ab38-bddb14a599b2:192.168.69.105:33682], old=null at 0
2019-08-20 18:47:26,775 [grpc-default-executor-8] INFO  impl.RaftServerImpl (ServerState.java:setRaftConf(361)) - cdb5f687-1183-4537-b7fe-600d71f89ce8:group-1FA4A48610E7 set configuration 0: [2c3705c7-c55e-4fe5-a1eb-903b30dba60b:192.168.69.105:45057, cdb5f687-1183-4537-b7fe-600d71f89ce8:192.168.69.105:33632, cf6953c2-32b6-42f7-ab38-bddb14a599b2:192.168.69.105:33682], old=null at 0
2019-08-20 18:47:26,775 [grpc-default-executor-6] INFO  segmented.SegmentedRaftLogWorker (SegmentedRaftLogWorker.java:startLogSegment(380)) - 2c3705c7-c55e-4fe5-a1eb-903b30dba60b-SegmentedRaftLogWorker:Storage Directory /workdir/hadoop-ozone/integration-test/target/test-dir/MiniOzoneClusterImpl-608c326c-aa6a-4be1-85ed-041816735c61/datanode-1/data/ratis/8a5b5004-82bf-406f-8aff-1fa4a48610e7: Starting segment from index:0
2019-08-20 18:47:26,775 [grpc-default-executor-8] INFO  segmented.SegmentedRaftLogWorker (SegmentedRaftLogWorker.java:startLogSegment(380)) - cdb5f687-1183-4537-b7fe-600d71f89ce8-SegmentedRaftLogWorker:Storage Directory /workdir/hadoop-ozone/integration-test/target/test-dir/MiniOzoneClusterImpl-608c326c-aa6a-4be1-85ed-041816735c61/datanode-0/data/ratis/8a5b5004-82bf-406f-8aff-1fa4a48610e7: Starting segment from index:0
2019-08-20 18:47:26,827 [2c3705c7-c55e-4fe5-a1eb-903b30dba60b-SegmentedRaftLogWorker:Storage Directory /workdir/hadoop-ozone/integration-test/target/test-dir/MiniOzoneClusterImpl-608c326c-aa6a-4be1-85ed-041816735c61/datanode-1/data/ratis/8a5b5004-82bf-406f-8aff-1fa4a48610e7] INFO  segmented.SegmentedRaftLogWorker (SegmentedRaftLogWorker.java:execute(569)) - 2c3705c7-c55e-4fe5-a1eb-903b30dba60b-SegmentedRaftLogWorker:Storage Directory /workdir/hadoop-ozone/integration-test/target/test-dir/MiniOzoneClusterImpl-608c326c-aa6a-4be1-85ed-041816735c61/datanode-1/data/ratis/8a5b5004-82bf-406f-8aff-1fa4a48610e7: created new log segment /workdir/hadoop-ozone/integration-test/target/test-dir/MiniOzoneClusterImpl-608c326c-aa6a-4be1-85ed-041816735c61/datanode-1/data/ratis/8a5b5004-82bf-406f-8aff-1fa4a48610e7/current/log_inprogress_0
2019-08-20 18:47:26,827 [cdb5f687-1183-4537-b7fe-600d71f89ce8-SegmentedRaftLogWorker:Storage Directory /workdir/hadoop-ozone/integration-test/target/test-dir/MiniOzoneClusterImpl-608c326c-aa6a-4be1-85ed-041816735c61/datanode-0/data/ratis/8a5b5004-82bf-406f-8aff-1fa4a48610e7] INFO  segmented.SegmentedRaftLogWorker (SegmentedRaftLogWorker.java:execute(569)) - cdb5f687-1183-4537-b7fe-600d71f89ce8-SegmentedRaftLogWorker:Storage Directory /workdir/hadoop-ozone/integration-test/target/test-dir/MiniOzoneClusterImpl-608c326c-aa6a-4be1-85ed-041816735c61/datanode-0/data/ratis/8a5b5004-82bf-406f-8aff-1fa4a48610e7: created new log segment /workdir/hadoop-ozone/integration-test/target/test-dir/MiniOzoneClusterImpl-608c326c-aa6a-4be1-85ed-041816735c61/datanode-0/data/ratis/8a5b5004-82bf-406f-8aff-1fa4a48610e7/current/log_inprogress_0
2019-08-20 18:47:26,888 | INFO  | SCMAudit | user=jenkins1000 | ip=192.168.69.105 | op=SEND_HEARTBEAT {datanodeUUID=cdb5f687-1183-4537-b7fe-600d71f89ce8, command=[]} | ret=SUCCESS |  
2019-08-20 18:47:26,909 | INFO  | SCMAudit | user=jenkins1000 | ip=192.168.69.105 | op=SEND_HEARTBEAT {datanodeUUID=0c838819-3df6-4ef3-ab53-303f2178b7dc, command=[]} | ret=SUCCESS |  
2019-08-20 18:47:26,944 [Thread-3349] INFO  impl.FollowerState (FollowerState.java:run(106)) - 2d010cef-60b6-41ea-978a-486fd035ec3e:group-7CFAF91C07E4 changes to CANDIDATE, lastRpcTime:5173, electionTimeout:5173ms
2019-08-20 18:47:26,944 [Thread-3349] INFO  impl.RoleInfo (RoleInfo.java:shutdownFollowerState(121)) - 2d010cef-60b6-41ea-978a-486fd035ec3e: shutdown FollowerState
2019-08-20 18:47:26,944 [Thread-3349] INFO  impl.RaftServerImpl (RaftServerImpl.java:setRole(171)) - 2d010cef-60b6-41ea-978a-486fd035ec3e:group-7CFAF91C07E4 changes role from FOLLOWER to CANDIDATE at term 0 for changeToCandidate
2019-08-20 18:47:26,944 [Thread-3349] INFO  impl.RoleInfo (RoleInfo.java:updateAndGet(143)) - 2d010cef-60b6-41ea-978a-486fd035ec3e: start LeaderElection
2019-08-20 18:47:26,976 [2d010cef-60b6-41ea-978a-486fd035ec3e:group-7CFAF91C07E4:LeaderElection64] INFO  impl.LeaderElection (LeaderElection.java:askForVotes(181)) - 2d010cef-60b6-41ea-978a-486fd035ec3e:group-7CFAF91C07E4:LeaderElection64: begin an election at term 1 for -1: [2d010cef-60b6-41ea-978a-486fd035ec3e:192.168.69.105:34123], old=null
2019-08-20 18:47:26,976 [2d010cef-60b6-41ea-978a-486fd035ec3e:group-7CFAF91C07E4:LeaderElection64] INFO  impl.RoleInfo (RoleInfo.java:shutdownLeaderElection(134)) - 2d010cef-60b6-41ea-978a-486fd035ec3e: shutdown LeaderElection
2019-08-20 18:47:26,976 [2d010cef-60b6-41ea-978a-486fd035ec3e:group-7CFAF91C07E4:LeaderElection64] INFO  impl.RaftServerImpl (RaftServerImpl.java:setRole(171)) - 2d010cef-60b6-41ea-978a-486fd035ec3e:group-7CFAF91C07E4 changes role from CANDIDATE to LEADER at term 1 for changeToLeader
2019-08-20 18:47:26,976 [2d010cef-60b6-41ea-978a-486fd035ec3e:group-7CFAF91C07E4:LeaderElection64] INFO  impl.RaftServerImpl (ServerState.java:setLeader(263)) - 2d010cef-60b6-41ea-978a-486fd035ec3e:group-7CFAF91C07E4 change Leader from null to 2d010cef-60b6-41ea-978a-486fd035ec3e at term 1 for becomeLeader, leader elected after 5210ms
2019-08-20 18:47:26,976 [2d010cef-60b6-41ea-978a-486fd035ec3e:group-7CFAF91C07E4:LeaderElection64] INFO  server.RaftServerConfigKeys (ConfUtils.java:logGet(43)) - raft.server.staging.catchup.gap = 1000 (default)
2019-08-20 18:47:26,976 [2d010cef-60b6-41ea-978a-486fd035ec3e:group-7CFAF91C07E4:LeaderElection64] INFO  server.RaftServerConfigKeys (ConfUtils.java:logGet(43)) - raft.server.rpc.sleep.time = 25ms (default)
2019-08-20 18:47:26,977 [2d010cef-60b6-41ea-978a-486fd035ec3e:group-7CFAF91C07E4:LeaderElection64] INFO  server.RaftServerConfigKeys (ConfUtils.java:logGet(43)) - raft.server.write.element-limit = 4096 (default)
2019-08-20 18:47:26,977 [2d010cef-60b6-41ea-978a-486fd035ec3e:group-7CFAF91C07E4:LeaderElection64] INFO  server.RaftServerConfigKeys (ConfUtils.java:logGet(43)) - raft.server.watch.timeout = 10s (default)
2019-08-20 18:47:26,977 [2d010cef-60b6-41ea-978a-486fd035ec3e:group-7CFAF91C07E4:LeaderElection64] INFO  server.RaftServerConfigKeys (ConfUtils.java:logGet(43)) - raft.server.watch.timeout.denomination = 1s (default)
2019-08-20 18:47:26,977 [2d010cef-60b6-41ea-978a-486fd035ec3e:group-7CFAF91C07E4:LeaderElection64] INFO  server.RaftServerConfigKeys (ConfUtils.java:logGet(43)) - raft.server.watch.element-limit = 65536 (default)
2019-08-20 18:47:26,977 [2d010cef-60b6-41ea-978a-486fd035ec3e:group-7CFAF91C07E4:LeaderElection64] INFO  impl.RoleInfo (RoleInfo.java:updateAndGet(143)) - 2d010cef-60b6-41ea-978a-486fd035ec3e: start LeaderState
2019-08-20 18:47:26,978 [2d010cef-60b6-41ea-978a-486fd035ec3e:group-7CFAF91C07E4:LeaderElection64] INFO  segmented.SegmentedRaftLogWorker (SegmentedRaftLogWorker.java:startLogSegment(380)) - 2d010cef-60b6-41ea-978a-486fd035ec3e-SegmentedRaftLogWorker:Storage Directory /workdir/hadoop-ozone/integration-test/target/test-dir/MiniOzoneClusterImpl-608c326c-aa6a-4be1-85ed-041816735c61/datanode-3/data/ratis/a7da9d0d-a0e1-45f8-83d8-7cfaf91c07e4: Starting segment from index:0
2019-08-20 18:47:26,978 [2d010cef-60b6-41ea-978a-486fd035ec3e:group-7CFAF91C07E4:LeaderElection64] INFO  impl.RaftServerImpl (ServerState.java:setRaftConf(361)) - 2d010cef-60b6-41ea-978a-486fd035ec3e:group-7CFAF91C07E4 set configuration 0: [2d010cef-60b6-41ea-978a-486fd035ec3e:192.168.69.105:34123], old=null at 0
2019-08-20 18:47:27,032 [2d010cef-60b6-41ea-978a-486fd035ec3e-SegmentedRaftLogWorker:Storage Directory /workdir/hadoop-ozone/integration-test/target/test-dir/MiniOzoneClusterImpl-608c326c-aa6a-4be1-85ed-041816735c61/datanode-3/data/ratis/a7da9d0d-a0e1-45f8-83d8-7cfaf91c07e4] INFO  segmented.SegmentedRaftLogWorker (SegmentedRaftLogWorker.java:execute(569)) - 2d010cef-60b6-41ea-978a-486fd035ec3e-SegmentedRaftLogWorker:Storage Directory /workdir/hadoop-ozone/integration-test/target/test-dir/MiniOzoneClusterImpl-608c326c-aa6a-4be1-85ed-041816735c61/datanode-3/data/ratis/a7da9d0d-a0e1-45f8-83d8-7cfaf91c07e4: created new log segment /workdir/hadoop-ozone/integration-test/target/test-dir/MiniOzoneClusterImpl-608c326c-aa6a-4be1-85ed-041816735c61/datanode-3/data/ratis/a7da9d0d-a0e1-45f8-83d8-7cfaf91c07e4/current/log_inprogress_0
2019-08-20 18:47:27,087 | INFO  | SCMAudit | user=jenkins1000 | ip=192.168.69.105 | op=SEND_HEARTBEAT {datanodeUUID=2c3705c7-c55e-4fe5-a1eb-903b30dba60b, command=[]} | ret=SUCCESS |  
2019-08-20 18:47:27,109 | INFO  | SCMAudit | user=jenkins1000 | ip=192.168.69.105 | op=SEND_HEARTBEAT {datanodeUUID=4803ef64-8996-418d-89c0-57ea0fe6bc6a, command=[]} | ret=SUCCESS |  
2019-08-20 18:47:27,132 [Thread-3352] INFO  impl.FollowerState (FollowerState.java:run(106)) - 0c838819-3df6-4ef3-ab53-303f2178b7dc:group-631A799F4C51 changes to CANDIDATE, lastRpcTime:5180, electionTimeout:5180ms
2019-08-20 18:47:27,132 [Thread-3352] INFO  impl.RoleInfo (RoleInfo.java:shutdownFollowerState(121)) - 0c838819-3df6-4ef3-ab53-303f2178b7dc: shutdown FollowerState
2019-08-20 18:47:27,132 [Thread-3352] INFO  impl.RaftServerImpl (RaftServerImpl.java:setRole(171)) - 0c838819-3df6-4ef3-ab53-303f2178b7dc:group-631A799F4C51 changes role from FOLLOWER to CANDIDATE at term 0 for changeToCandidate
2019-08-20 18:47:27,133 [Thread-3352] INFO  impl.RoleInfo (RoleInfo.java:updateAndGet(143)) - 0c838819-3df6-4ef3-ab53-303f2178b7dc: start LeaderElection
2019-08-20 18:47:27,154 [Thread-3355] INFO  impl.FollowerState (FollowerState.java:run(106)) - 4803ef64-8996-418d-89c0-57ea0fe6bc6a:group-F7B99037203F changes to CANDIDATE, lastRpcTime:5006, electionTimeout:5006ms
2019-08-20 18:47:27,154 [Thread-3355] INFO  impl.RoleInfo (RoleInfo.java:shutdownFollowerState(121)) - 4803ef64-8996-418d-89c0-57ea0fe6bc6a: shutdown FollowerState
2019-08-20 18:47:27,154 [Thread-3355] INFO  impl.RaftServerImpl (RaftServerImpl.java:setRole(171)) - 4803ef64-8996-418d-89c0-57ea0fe6bc6a:group-F7B99037203F changes role from FOLLOWER to CANDIDATE at term 0 for changeToCandidate
2019-08-20 18:47:27,154 [Thread-3355] INFO  impl.RoleInfo (RoleInfo.java:updateAndGet(143)) - 4803ef64-8996-418d-89c0-57ea0fe6bc6a: start LeaderElection
2019-08-20 18:47:27,165 [0c838819-3df6-4ef3-ab53-303f2178b7dc:group-631A799F4C51:LeaderElection65] INFO  impl.LeaderElection (LeaderElection.java:askForVotes(181)) - 0c838819-3df6-4ef3-ab53-303f2178b7dc:group-631A799F4C51:LeaderElection65: begin an election at term 1 for -1: [0c838819-3df6-4ef3-ab53-303f2178b7dc:192.168.69.105:43371], old=null
2019-08-20 18:47:27,165 [0c838819-3df6-4ef3-ab53-303f2178b7dc:group-631A799F4C51:LeaderElection65] INFO  impl.RoleInfo (RoleInfo.java:shutdownLeaderElection(134)) - 0c838819-3df6-4ef3-ab53-303f2178b7dc: shutdown LeaderElection
2019-08-20 18:47:27,165 [0c838819-3df6-4ef3-ab53-303f2178b7dc:group-631A799F4C51:LeaderElection65] INFO  impl.RaftServerImpl (RaftServerImpl.java:setRole(171)) - 0c838819-3df6-4ef3-ab53-303f2178b7dc:group-631A799F4C51 changes role from CANDIDATE to LEADER at term 1 for changeToLeader
2019-08-20 18:47:27,165 [0c838819-3df6-4ef3-ab53-303f2178b7dc:group-631A799F4C51:LeaderElection65] INFO  impl.RaftServerImpl (ServerState.java:setLeader(263)) - 0c838819-3df6-4ef3-ab53-303f2178b7dc:group-631A799F4C51 change Leader from null to 0c838819-3df6-4ef3-ab53-303f2178b7dc at term 1 for becomeLeader, leader elected after 5218ms
2019-08-20 18:47:27,166 [0c838819-3df6-4ef3-ab53-303f2178b7dc:group-631A799F4C51:LeaderElection65] INFO  server.RaftServerConfigKeys (ConfUtils.java:logGet(43)) - raft.server.staging.catchup.gap = 1000 (default)
2019-08-20 18:47:27,166 [0c838819-3df6-4ef3-ab53-303f2178b7dc:group-631A799F4C51:LeaderElection65] INFO  server.RaftServerConfigKeys (ConfUtils.java:logGet(43)) - raft.server.rpc.sleep.time = 25ms (default)
2019-08-20 18:47:27,166 [0c838819-3df6-4ef3-ab53-303f2178b7dc:group-631A799F4C51:LeaderElection65] INFO  server.RaftServerConfigKeys (ConfUtils.java:logGet(43)) - raft.server.write.element-limit = 4096 (default)
2019-08-20 18:47:27,166 [0c838819-3df6-4ef3-ab53-303f2178b7dc:group-631A799F4C51:LeaderElection65] INFO  server.RaftServerConfigKeys (ConfUtils.java:logGet(43)) - raft.server.watch.timeout = 10s (default)
2019-08-20 18:47:27,166 [0c838819-3df6-4ef3-ab53-303f2178b7dc:group-631A799F4C51:LeaderElection65] INFO  server.RaftServerConfigKeys (ConfUtils.java:logGet(43)) - raft.server.watch.timeout.denomination = 1s (default)
2019-08-20 18:47:27,166 [0c838819-3df6-4ef3-ab53-303f2178b7dc:group-631A799F4C51:LeaderElection65] INFO  server.RaftServerConfigKeys (ConfUtils.java:logGet(43)) - raft.server.watch.element-limit = 65536 (default)
2019-08-20 18:47:27,167 [0c838819-3df6-4ef3-ab53-303f2178b7dc:group-631A799F4C51:LeaderElection65] INFO  impl.RoleInfo (RoleInfo.java:updateAndGet(143)) - 0c838819-3df6-4ef3-ab53-303f2178b7dc: start LeaderState
2019-08-20 18:47:27,167 [0c838819-3df6-4ef3-ab53-303f2178b7dc:group-631A799F4C51:LeaderElection65] INFO  segmented.SegmentedRaftLogWorker (SegmentedRaftLogWorker.java:startLogSegment(380)) - 0c838819-3df6-4ef3-ab53-303f2178b7dc-SegmentedRaftLogWorker:Storage Directory /workdir/hadoop-ozone/integration-test/target/test-dir/MiniOzoneClusterImpl-608c326c-aa6a-4be1-85ed-041816735c61/datanode-4/data/ratis/71e14aa5-7f88-4b52-8743-631a799f4c51: Starting segment from index:0
2019-08-20 18:47:27,167 [4803ef64-8996-418d-89c0-57ea0fe6bc6a:group-F7B99037203F:LeaderElection66] INFO  impl.LeaderElection (LeaderElection.java:askForVotes(181)) - 4803ef64-8996-418d-89c0-57ea0fe6bc6a:group-F7B99037203F:LeaderElection66: begin an election at term 1 for -1: [4803ef64-8996-418d-89c0-57ea0fe6bc6a:192.168.69.105:43588], old=null
2019-08-20 18:47:27,167 [4803ef64-8996-418d-89c0-57ea0fe6bc6a:group-F7B99037203F:LeaderElection66] INFO  impl.RoleInfo (RoleInfo.java:shutdownLeaderElection(134)) - 4803ef64-8996-418d-89c0-57ea0fe6bc6a: shutdown LeaderElection
2019-08-20 18:47:27,167 [4803ef64-8996-418d-89c0-57ea0fe6bc6a:group-F7B99037203F:LeaderElection66] INFO  impl.RaftServerImpl (RaftServerImpl.java:setRole(171)) - 4803ef64-8996-418d-89c0-57ea0fe6bc6a:group-F7B99037203F changes role from CANDIDATE to LEADER at term 1 for changeToLeader
2019-08-20 18:47:27,167 [0c838819-3df6-4ef3-ab53-303f2178b7dc:group-631A799F4C51:LeaderElection65] INFO  impl.RaftServerImpl (ServerState.java:setRaftConf(361)) - 0c838819-3df6-4ef3-ab53-303f2178b7dc:group-631A799F4C51 set configuration 0: [0c838819-3df6-4ef3-ab53-303f2178b7dc:192.168.69.105:43371], old=null at 0
2019-08-20 18:47:27,167 [4803ef64-8996-418d-89c0-57ea0fe6bc6a:group-F7B99037203F:LeaderElection66] INFO  impl.RaftServerImpl (ServerState.java:setLeader(263)) - 4803ef64-8996-418d-89c0-57ea0fe6bc6a:group-F7B99037203F change Leader from null to 4803ef64-8996-418d-89c0-57ea0fe6bc6a at term 1 for becomeLeader, leader elected after 5024ms
2019-08-20 18:47:27,209 [4803ef64-8996-418d-89c0-57ea0fe6bc6a:group-F7B99037203F:LeaderElection66] INFO  server.RaftServerConfigKeys (ConfUtils.java:logGet(43)) - raft.server.staging.catchup.gap = 1000 (default)
2019-08-20 18:47:27,209 [4803ef64-8996-418d-89c0-57ea0fe6bc6a:group-F7B99037203F:LeaderElection66] INFO  server.RaftServerConfigKeys (ConfUtils.java:logGet(43)) - raft.server.rpc.sleep.time = 25ms (default)
2019-08-20 18:47:27,209 [4803ef64-8996-418d-89c0-57ea0fe6bc6a:group-F7B99037203F:LeaderElection66] INFO  server.RaftServerConfigKeys (ConfUtils.java:logGet(43)) - raft.server.write.element-limit = 4096 (default)
2019-08-20 18:47:27,209 [4803ef64-8996-418d-89c0-57ea0fe6bc6a:group-F7B99037203F:LeaderElection66] INFO  server.RaftServerConfigKeys (ConfUtils.java:logGet(43)) - raft.server.watch.timeout = 10s (default)
2019-08-20 18:47:27,210 [4803ef64-8996-418d-89c0-57ea0fe6bc6a:group-F7B99037203F:LeaderElection66] INFO  server.RaftServerConfigKeys (ConfUtils.java:logGet(43)) - raft.server.watch.timeout.denomination = 1s (default)
2019-08-20 18:47:27,210 [4803ef64-8996-418d-89c0-57ea0fe6bc6a:group-F7B99037203F:LeaderElection66] INFO  server.RaftServerConfigKeys (ConfUtils.java:logGet(43)) - raft.server.watch.element-limit = 65536 (default)
2019-08-20 18:47:27,210 [4803ef64-8996-418d-89c0-57ea0fe6bc6a:group-F7B99037203F:LeaderElection66] INFO  impl.RoleInfo (RoleInfo.java:updateAndGet(143)) - 4803ef64-8996-418d-89c0-57ea0fe6bc6a: start LeaderState
2019-08-20 18:47:27,210 [4803ef64-8996-418d-89c0-57ea0fe6bc6a:group-F7B99037203F:LeaderElection66] INFO  segmented.SegmentedRaftLogWorker (SegmentedRaftLogWorker.java:startLogSegment(380)) - 4803ef64-8996-418d-89c0-57ea0fe6bc6a-SegmentedRaftLogWorker:Storage Directory /workdir/hadoop-ozone/integration-test/target/test-dir/MiniOzoneClusterImpl-608c326c-aa6a-4be1-85ed-041816735c61/datanode-5/data/ratis/e20e0a57-7fb7-4889-bc79-f7b99037203f: Starting segment from index:0
2019-08-20 18:47:27,211 [4803ef64-8996-418d-89c0-57ea0fe6bc6a:group-F7B99037203F:LeaderElection66] INFO  impl.RaftServerImpl (ServerState.java:setRaftConf(361)) - 4803ef64-8996-418d-89c0-57ea0fe6bc6a:group-F7B99037203F set configuration 0: [4803ef64-8996-418d-89c0-57ea0fe6bc6a:192.168.69.105:43588], old=null at 0
2019-08-20 18:47:27,249 [Thread-3358] INFO  impl.FollowerState (FollowerState.java:run(106)) - 0c838819-3df6-4ef3-ab53-303f2178b7dc:group-EF5D545D2B77 changes to CANDIDATE, lastRpcTime:5066, electionTimeout:5064ms
2019-08-20 18:47:27,250 [Thread-3358] INFO  impl.RoleInfo (RoleInfo.java:shutdownFollowerState(121)) - 0c838819-3df6-4ef3-ab53-303f2178b7dc: shutdown FollowerState
2019-08-20 18:47:27,250 [Thread-3358] INFO  impl.RaftServerImpl (RaftServerImpl.java:setRole(171)) - 0c838819-3df6-4ef3-ab53-303f2178b7dc:group-EF5D545D2B77 changes role from FOLLOWER to CANDIDATE at term 0 for changeToCandidate
2019-08-20 18:47:27,250 [Thread-3358] INFO  impl.RoleInfo (RoleInfo.java:updateAndGet(143)) - 0c838819-3df6-4ef3-ab53-303f2178b7dc: start LeaderElection
2019-08-20 18:47:27,250 [Thread-3363] INFO  impl.FollowerState (FollowerState.java:run(106)) - 4803ef64-8996-418d-89c0-57ea0fe6bc6a:group-EF5D545D2B77 changes to CANDIDATE, lastRpcTime:5063, electionTimeout:5029ms
2019-08-20 18:47:27,250 [0c838819-3df6-4ef3-ab53-303f2178b7dc-SegmentedRaftLogWorker:Storage Directory /workdir/hadoop-ozone/integration-test/target/test-dir/MiniOzoneClusterImpl-608c326c-aa6a-4be1-85ed-041816735c61/datanode-4/data/ratis/71e14aa5-7f88-4b52-8743-631a799f4c51] INFO  segmented.SegmentedRaftLogWorker (SegmentedRaftLogWorker.java:execute(569)) - 0c838819-3df6-4ef3-ab53-303f2178b7dc-SegmentedRaftLogWorker:Storage Directory /workdir/hadoop-ozone/integration-test/target/test-dir/MiniOzoneClusterImpl-608c326c-aa6a-4be1-85ed-041816735c61/datanode-4/data/ratis/71e14aa5-7f88-4b52-8743-631a799f4c51: created new log segment /workdir/hadoop-ozone/integration-test/target/test-dir/MiniOzoneClusterImpl-608c326c-aa6a-4be1-85ed-041816735c61/datanode-4/data/ratis/71e14aa5-7f88-4b52-8743-631a799f4c51/current/log_inprogress_0
2019-08-20 18:47:27,250 [Thread-3363] INFO  impl.RoleInfo (RoleInfo.java:shutdownFollowerState(121)) - 4803ef64-8996-418d-89c0-57ea0fe6bc6a: shutdown FollowerState
2019-08-20 18:47:27,255 [Thread-3363] INFO  impl.RaftServerImpl (RaftServerImpl.java:setRole(171)) - 4803ef64-8996-418d-89c0-57ea0fe6bc6a:group-EF5D545D2B77 changes role from FOLLOWER to CANDIDATE at term 0 for changeToCandidate
2019-08-20 18:47:27,255 [Thread-3363] INFO  impl.RoleInfo (RoleInfo.java:updateAndGet(143)) - 4803ef64-8996-418d-89c0-57ea0fe6bc6a: start LeaderElection
2019-08-20 18:47:27,263 [4803ef64-8996-418d-89c0-57ea0fe6bc6a-SegmentedRaftLogWorker:Storage Directory /workdir/hadoop-ozone/integration-test/target/test-dir/MiniOzoneClusterImpl-608c326c-aa6a-4be1-85ed-041816735c61/datanode-5/data/ratis/e20e0a57-7fb7-4889-bc79-f7b99037203f] INFO  segmented.SegmentedRaftLogWorker (SegmentedRaftLogWorker.java:execute(569)) - 4803ef64-8996-418d-89c0-57ea0fe6bc6a-SegmentedRaftLogWorker:Storage Directory /workdir/hadoop-ozone/integration-test/target/test-dir/MiniOzoneClusterImpl-608c326c-aa6a-4be1-85ed-041816735c61/datanode-5/data/ratis/e20e0a57-7fb7-4889-bc79-f7b99037203f: created new log segment /workdir/hadoop-ozone/integration-test/target/test-dir/MiniOzoneClusterImpl-608c326c-aa6a-4be1-85ed-041816735c61/datanode-5/data/ratis/e20e0a57-7fb7-4889-bc79-f7b99037203f/current/log_inprogress_0
2019-08-20 18:47:27,263 [0c838819-3df6-4ef3-ab53-303f2178b7dc:group-EF5D545D2B77:LeaderElection67] INFO  impl.LeaderElection (LeaderElection.java:askForVotes(181)) - 0c838819-3df6-4ef3-ab53-303f2178b7dc:group-EF5D545D2B77:LeaderElection67: begin an election at term 1 for -1: [4803ef64-8996-418d-89c0-57ea0fe6bc6a:192.168.69.105:43588, 0c838819-3df6-4ef3-ab53-303f2178b7dc:192.168.69.105:43371, 2d010cef-60b6-41ea-978a-486fd035ec3e:192.168.69.105:34123], old=null
2019-08-20 18:47:27,263 [4803ef64-8996-418d-89c0-57ea0fe6bc6a:group-EF5D545D2B77:LeaderElection68] INFO  impl.LeaderElection (LeaderElection.java:askForVotes(181)) - 4803ef64-8996-418d-89c0-57ea0fe6bc6a:group-EF5D545D2B77:LeaderElection68: begin an election at term 1 for -1: [4803ef64-8996-418d-89c0-57ea0fe6bc6a:192.168.69.105:43588, 0c838819-3df6-4ef3-ab53-303f2178b7dc:192.168.69.105:43371, 2d010cef-60b6-41ea-978a-486fd035ec3e:192.168.69.105:34123], old=null
2019-08-20 18:47:27,268 [grpc-default-executor-9] INFO  impl.RaftServerImpl (RaftServerImpl.java:setRole(171)) - 2d010cef-60b6-41ea-978a-486fd035ec3e:group-EF5D545D2B77 changes role from FOLLOWER to FOLLOWER at term 1 for recognizeCandidate:0c838819-3df6-4ef3-ab53-303f2178b7dc
2019-08-20 18:47:27,270 [grpc-default-executor-9] INFO  impl.RoleInfo (RoleInfo.java:shutdownFollowerState(121)) - 2d010cef-60b6-41ea-978a-486fd035ec3e: shutdown FollowerState
2019-08-20 18:47:27,270 [grpc-default-executor-9] INFO  impl.RoleInfo (RoleInfo.java:updateAndGet(143)) - 2d010cef-60b6-41ea-978a-486fd035ec3e: start FollowerState
2019-08-20 18:47:27,270 [Thread-3361] INFO  impl.FollowerState (FollowerState.java:run(114)) - 2d010cef-60b6-41ea-978a-486fd035ec3e: FollowerState was interrupted: java.lang.InterruptedException: sleep interrupted
2019-08-20 18:47:27,286 [0c838819-3df6-4ef3-ab53-303f2178b7dc:group-EF5D545D2B77:LeaderElection67] INFO  impl.LeaderElection (LeaderElection.java:logAndReturn(56)) - 0c838819-3df6-4ef3-ab53-303f2178b7dc:group-EF5D545D2B77:LeaderElection67: Election PASSED; received 2 response(s) [0c838819-3df6-4ef3-ab53-303f2178b7dc<-4803ef64-8996-418d-89c0-57ea0fe6bc6a#0:FAIL-t1, 0c838819-3df6-4ef3-ab53-303f2178b7dc<-2d010cef-60b6-41ea-978a-486fd035ec3e#0:OK-t1] and 0 exception(s); 0c838819-3df6-4ef3-ab53-303f2178b7dc:t1, leader=null, voted=0c838819-3df6-4ef3-ab53-303f2178b7dc, raftlog=0c838819-3df6-4ef3-ab53-303f2178b7dc-SegmentedRaftLog:OPENED:c-1,f-1,i0, conf=-1: [4803ef64-8996-418d-89c0-57ea0fe6bc6a:192.168.69.105:43588, 0c838819-3df6-4ef3-ab53-303f2178b7dc:192.168.69.105:43371, 2d010cef-60b6-41ea-978a-486fd035ec3e:192.168.69.105:34123], old=null
2019-08-20 18:47:27,287 [4803ef64-8996-418d-89c0-57ea0fe6bc6a:group-EF5D545D2B77:LeaderElection68] INFO  impl.LeaderElection (LeaderElection.java:logAndReturn(56)) - 4803ef64-8996-418d-89c0-57ea0fe6bc6a:group-EF5D545D2B77:LeaderElection68: Election REJECTED; received 2 response(s) [4803ef64-8996-418d-89c0-57ea0fe6bc6a<-0c838819-3df6-4ef3-ab53-303f2178b7dc#0:FAIL-t1, 4803ef64-8996-418d-89c0-57ea0fe6bc6a<-2d010cef-60b6-41ea-978a-486fd035ec3e#0:FAIL-t1] and 0 exception(s); 4803ef64-8996-418d-89c0-57ea0fe6bc6a:t1, leader=null, voted=4803ef64-8996-418d-89c0-57ea0fe6bc6a, raftlog=4803ef64-8996-418d-89c0-57ea0fe6bc6a-SegmentedRaftLog:OPENED:c-1,f-1,i0, conf=-1: [4803ef64-8996-418d-89c0-57ea0fe6bc6a:192.168.69.105:43588, 0c838819-3df6-4ef3-ab53-303f2178b7dc:192.168.69.105:43371, 2d010cef-60b6-41ea-978a-486fd035ec3e:192.168.69.105:34123], old=null
2019-08-20 18:47:27,287 [0c838819-3df6-4ef3-ab53-303f2178b7dc:group-EF5D545D2B77:LeaderElection67] INFO  impl.RoleInfo (RoleInfo.java:shutdownLeaderElection(134)) - 0c838819-3df6-4ef3-ab53-303f2178b7dc: shutdown LeaderElection
2019-08-20 18:47:27,287 [4803ef64-8996-418d-89c0-57ea0fe6bc6a:group-EF5D545D2B77:LeaderElection68] INFO  impl.RaftServerImpl (RaftServerImpl.java:setRole(171)) - 4803ef64-8996-418d-89c0-57ea0fe6bc6a:group-EF5D545D2B77 changes role from CANDIDATE to FOLLOWER at term 1 for DISCOVERED_A_NEW_TERM
2019-08-20 18:47:27,287 [0c838819-3df6-4ef3-ab53-303f2178b7dc:group-EF5D545D2B77:LeaderElection67] INFO  impl.RaftServerImpl (RaftServerImpl.java:setRole(171)) - 0c838819-3df6-4ef3-ab53-303f2178b7dc:group-EF5D545D2B77 changes role from CANDIDATE to LEADER at term 1 for changeToLeader
2019-08-20 18:47:27,287 [4803ef64-8996-418d-89c0-57ea0fe6bc6a:group-EF5D545D2B77:LeaderElection68] INFO  impl.RoleInfo (RoleInfo.java:shutdownLeaderElection(134)) - 4803ef64-8996-418d-89c0-57ea0fe6bc6a: shutdown LeaderElection
2019-08-20 18:47:27,287 [0c838819-3df6-4ef3-ab53-303f2178b7dc:group-EF5D545D2B77:LeaderElection67] INFO  impl.RaftServerImpl (ServerState.java:setLeader(263)) - 0c838819-3df6-4ef3-ab53-303f2178b7dc:group-EF5D545D2B77 change Leader from null to 0c838819-3df6-4ef3-ab53-303f2178b7dc at term 1 for becomeLeader, leader elected after 5112ms
2019-08-20 18:47:27,287 [4803ef64-8996-418d-89c0-57ea0fe6bc6a:group-EF5D545D2B77:LeaderElection68] INFO  impl.RoleInfo (RoleInfo.java:updateAndGet(143)) - 4803ef64-8996-418d-89c0-57ea0fe6bc6a: start FollowerState
2019-08-20 18:47:27,288 [0c838819-3df6-4ef3-ab53-303f2178b7dc:group-EF5D545D2B77:LeaderElection67] INFO  server.RaftServerConfigKeys (ConfUtils.java:logGet(43)) - raft.server.staging.catchup.gap = 1000 (default)
2019-08-20 18:47:27,288 [0c838819-3df6-4ef3-ab53-303f2178b7dc:group-EF5D545D2B77:LeaderElection67] INFO  server.RaftServerConfigKeys (ConfUtils.java:logGet(43)) - raft.server.rpc.sleep.time = 25ms (default)
2019-08-20 18:47:27,288 [0c838819-3df6-4ef3-ab53-303f2178b7dc:group-EF5D545D2B77:LeaderElection67] INFO  server.RaftServerConfigKeys (ConfUtils.java:logGet(43)) - raft.server.write.element-limit = 4096 (default)
2019-08-20 18:47:27,288 [0c838819-3df6-4ef3-ab53-303f2178b7dc:group-EF5D545D2B77:LeaderElection67] INFO  server.RaftServerConfigKeys (ConfUtils.java:logGet(43)) - raft.server.watch.timeout = 10s (default)
2019-08-20 18:47:27,288 [0c838819-3df6-4ef3-ab53-303f2178b7dc:group-EF5D545D2B77:LeaderElection67] INFO  server.RaftServerConfigKeys (ConfUtils.java:logGet(43)) - raft.server.watch.timeout.denomination = 1s (default)
2019-08-20 18:47:27,288 [0c838819-3df6-4ef3-ab53-303f2178b7dc:group-EF5D545D2B77:LeaderElection67] INFO  server.RaftServerConfigKeys (ConfUtils.java:logGet(43)) - raft.server.watch.element-limit = 65536 (default)
2019-08-20 18:47:27,288 [0c838819-3df6-4ef3-ab53-303f2178b7dc:group-EF5D545D2B77:LeaderElection67] INFO  server.RaftServerConfigKeys (ConfUtils.java:logGet(43)) - raft.server.log.appender.snapshot.chunk.size.max = 16MB (=16777216) (default)
2019-08-20 18:47:27,289 [0c838819-3df6-4ef3-ab53-303f2178b7dc:group-EF5D545D2B77:LeaderElection67] INFO  server.RaftServerConfigKeys (ConfUtils.java:logGet(43)) - raft.server.log.appender.buffer.byte-limit = 33554432 (custom)
2019-08-20 18:47:27,289 [0c838819-3df6-4ef3-ab53-303f2178b7dc:group-EF5D545D2B77:LeaderElection67] INFO  server.RaftServerConfigKeys (ConfUtils.java:logGet(43)) - raft.server.log.appender.buffer.element-limit = 1 (custom)
2019-08-20 18:47:27,289 [0c838819-3df6-4ef3-ab53-303f2178b7dc:group-EF5D545D2B77:LeaderElection67] INFO  grpc.GrpcConfigKeys$Server (ConfUtils.java:logGet(43)) - raft.grpc.server.leader.outstanding.appends.max = 128 (default)
2019-08-20 18:47:27,289 [0c838819-3df6-4ef3-ab53-303f2178b7dc:group-EF5D545D2B77:LeaderElection67] INFO  server.RaftServerConfigKeys (ConfUtils.java:logGet(43)) - raft.server.rpc.request.timeout = 3000ms (default)
2019-08-20 18:47:27,289 [0c838819-3df6-4ef3-ab53-303f2178b7dc:group-EF5D545D2B77:LeaderElection67] INFO  server.RaftServerConfigKeys (ConfUtils.java:logGet(43)) - raft.server.log.appender.install.snapshot.enabled = false (custom)
2019-08-20 18:47:27,290 [0c838819-3df6-4ef3-ab53-303f2178b7dc:group-EF5D545D2B77:LeaderElection67] INFO  server.RaftServerConfigKeys (ConfUtils.java:logGet(43)) - raft.server.log.appender.snapshot.chunk.size.max = 16MB (=16777216) (default)
2019-08-20 18:47:27,290 [0c838819-3df6-4ef3-ab53-303f2178b7dc:group-EF5D545D2B77:LeaderElection67] INFO  server.RaftServerConfigKeys (ConfUtils.java:logGet(43)) - raft.server.log.appender.buffer.byte-limit = 33554432 (custom)
2019-08-20 18:47:27,290 [0c838819-3df6-4ef3-ab53-303f2178b7dc:group-EF5D545D2B77:LeaderElection67] INFO  server.RaftServerConfigKeys (ConfUtils.java:logGet(43)) - raft.server.log.appender.buffer.element-limit = 1 (custom)
2019-08-20 18:47:27,290 [0c838819-3df6-4ef3-ab53-303f2178b7dc:group-EF5D545D2B77:LeaderElection67] INFO  grpc.GrpcConfigKeys$Server (ConfUtils.java:logGet(43)) - raft.grpc.server.leader.outstanding.appends.max = 128 (default)
2019-08-20 18:47:27,290 [0c838819-3df6-4ef3-ab53-303f2178b7dc:group-EF5D545D2B77:LeaderElection67] INFO  server.RaftServerConfigKeys (ConfUtils.java:logGet(43)) - raft.server.rpc.request.timeout = 3000ms (default)
2019-08-20 18:47:27,290 [0c838819-3df6-4ef3-ab53-303f2178b7dc:group-EF5D545D2B77:LeaderElection67] INFO  server.RaftServerConfigKeys (ConfUtils.java:logGet(43)) - raft.server.log.appender.install.snapshot.enabled = false (custom)
2019-08-20 18:47:27,291 [0c838819-3df6-4ef3-ab53-303f2178b7dc:group-EF5D545D2B77:LeaderElection67] INFO  impl.RoleInfo (RoleInfo.java:updateAndGet(143)) - 0c838819-3df6-4ef3-ab53-303f2178b7dc: start LeaderState
2019-08-20 18:47:27,291 [0c838819-3df6-4ef3-ab53-303f2178b7dc:group-EF5D545D2B77:LeaderElection67] INFO  segmented.SegmentedRaftLogWorker (SegmentedRaftLogWorker.java:startLogSegment(380)) - 0c838819-3df6-4ef3-ab53-303f2178b7dc-SegmentedRaftLogWorker:Storage Directory /workdir/hadoop-ozone/integration-test/target/test-dir/MiniOzoneClusterImpl-608c326c-aa6a-4be1-85ed-041816735c61/datanode-4/data/ratis/959ae45f-6ab0-4dd7-b5c0-ef5d545d2b77: Starting segment from index:0
2019-08-20 18:47:27,291 [0c838819-3df6-4ef3-ab53-303f2178b7dc:group-EF5D545D2B77:LeaderElection67] INFO  impl.RaftServerImpl (ServerState.java:setRaftConf(361)) - 0c838819-3df6-4ef3-ab53-303f2178b7dc:group-EF5D545D2B77 set configuration 0: [4803ef64-8996-418d-89c0-57ea0fe6bc6a:192.168.69.105:43588, 0c838819-3df6-4ef3-ab53-303f2178b7dc:192.168.69.105:43371, 2d010cef-60b6-41ea-978a-486fd035ec3e:192.168.69.105:34123], old=null at 0
2019-08-20 18:47:27,293 [grpc-default-executor-9] INFO  impl.RaftServerImpl (ServerState.java:setLeader(263)) - 4803ef64-8996-418d-89c0-57ea0fe6bc6a:group-EF5D545D2B77 change Leader from null to 0c838819-3df6-4ef3-ab53-303f2178b7dc at term 1 for appendEntries, leader elected after 5117ms
2019-08-20 18:47:27,293 [grpc-default-executor-5] INFO  impl.RaftServerImpl (ServerState.java:setLeader(263)) - 2d010cef-60b6-41ea-978a-486fd035ec3e:group-EF5D545D2B77 change Leader from null to 0c838819-3df6-4ef3-ab53-303f2178b7dc at term 1 for appendEntries, leader elected after 5117ms
2019-08-20 18:47:27,295 [grpc-default-executor-5] INFO  impl.RaftServerImpl (ServerState.java:setRaftConf(361)) - 4803ef64-8996-418d-89c0-57ea0fe6bc6a:group-EF5D545D2B77 set configuration 0: [4803ef64-8996-418d-89c0-57ea0fe6bc6a:192.168.69.105:43588, 0c838819-3df6-4ef3-ab53-303f2178b7dc:192.168.69.105:43371, 2d010cef-60b6-41ea-978a-486fd035ec3e:192.168.69.105:34123], old=null at 0
2019-08-20 18:47:27,295 [grpc-default-executor-9] INFO  impl.RaftServerImpl (ServerState.java:setRaftConf(361)) - 2d010cef-60b6-41ea-978a-486fd035ec3e:group-EF5D545D2B77 set configuration 0: [4803ef64-8996-418d-89c0-57ea0fe6bc6a:192.168.69.105:43588, 0c838819-3df6-4ef3-ab53-303f2178b7dc:192.168.69.105:43371, 2d010cef-60b6-41ea-978a-486fd035ec3e:192.168.69.105:34123], old=null at 0
2019-08-20 18:47:27,295 [grpc-default-executor-5] INFO  segmented.SegmentedRaftLogWorker (SegmentedRaftLogWorker.java:startLogSegment(380)) - 4803ef64-8996-418d-89c0-57ea0fe6bc6a-SegmentedRaftLogWorker:Storage Directory /workdir/hadoop-ozone/integration-test/target/test-dir/MiniOzoneClusterImpl-608c326c-aa6a-4be1-85ed-041816735c61/datanode-5/data/ratis/959ae45f-6ab0-4dd7-b5c0-ef5d545d2b77: Starting segment from index:0
2019-08-20 18:47:27,295 [grpc-default-executor-9] INFO  segmented.SegmentedRaftLogWorker (SegmentedRaftLogWorker.java:startLogSegment(380)) - 2d010cef-60b6-41ea-978a-486fd035ec3e-SegmentedRaftLogWorker:Storage Directory /workdir/hadoop-ozone/integration-test/target/test-dir/MiniOzoneClusterImpl-608c326c-aa6a-4be1-85ed-041816735c61/datanode-3/data/ratis/959ae45f-6ab0-4dd7-b5c0-ef5d545d2b77: Starting segment from index:0
2019-08-20 18:47:27,326 | INFO  | SCMAudit | user=jenkins1000 | ip=192.168.69.105 | op=SEND_HEARTBEAT {datanodeUUID=77f6c16c-5a77-4d2e-9dcc-aa40b17a66e4, command=[]} | ret=SUCCESS |  
2019-08-20 18:47:27,337 [0c838819-3df6-4ef3-ab53-303f2178b7dc-SegmentedRaftLogWorker:Storage Directory /workdir/hadoop-ozone/integration-test/target/test-dir/MiniOzoneClusterImpl-608c326c-aa6a-4be1-85ed-041816735c61/datanode-4/data/ratis/959ae45f-6ab0-4dd7-b5c0-ef5d545d2b77] INFO  segmented.SegmentedRaftLogWorker (SegmentedRaftLogWorker.java:execute(569)) - 0c838819-3df6-4ef3-ab53-303f2178b7dc-SegmentedRaftLogWorker:Storage Directory /workdir/hadoop-ozone/integration-test/target/test-dir/MiniOzoneClusterImpl-608c326c-aa6a-4be1-85ed-041816735c61/datanode-4/data/ratis/959ae45f-6ab0-4dd7-b5c0-ef5d545d2b77: created new log segment /workdir/hadoop-ozone/integration-test/target/test-dir/MiniOzoneClusterImpl-608c326c-aa6a-4be1-85ed-041816735c61/datanode-4/data/ratis/959ae45f-6ab0-4dd7-b5c0-ef5d545d2b77/current/log_inprogress_0
2019-08-20 18:47:27,337 [2d010cef-60b6-41ea-978a-486fd035ec3e-SegmentedRaftLogWorker:Storage Directory /workdir/hadoop-ozone/integration-test/target/test-dir/MiniOzoneClusterImpl-608c326c-aa6a-4be1-85ed-041816735c61/datanode-3/data/ratis/959ae45f-6ab0-4dd7-b5c0-ef5d545d2b77] INFO  segmented.SegmentedRaftLogWorker (SegmentedRaftLogWorker.java:execute(569)) - 2d010cef-60b6-41ea-978a-486fd035ec3e-SegmentedRaftLogWorker:Storage Directory /workdir/hadoop-ozone/integration-test/target/test-dir/MiniOzoneClusterImpl-608c326c-aa6a-4be1-85ed-041816735c61/datanode-3/data/ratis/959ae45f-6ab0-4dd7-b5c0-ef5d545d2b77: created new log segment /workdir/hadoop-ozone/integration-test/target/test-dir/MiniOzoneClusterImpl-608c326c-aa6a-4be1-85ed-041816735c61/datanode-3/data/ratis/959ae45f-6ab0-4dd7-b5c0-ef5d545d2b77/current/log_inprogress_0
2019-08-20 18:47:27,337 [4803ef64-8996-418d-89c0-57ea0fe6bc6a-SegmentedRaftLogWorker:Storage Directory /workdir/hadoop-ozone/integration-test/target/test-dir/MiniOzoneClusterImpl-608c326c-aa6a-4be1-85ed-041816735c61/datanode-5/data/ratis/959ae45f-6ab0-4dd7-b5c0-ef5d545d2b77] INFO  segmented.SegmentedRaftLogWorker (SegmentedRaftLogWorker.java:execute(569)) - 4803ef64-8996-418d-89c0-57ea0fe6bc6a-SegmentedRaftLogWorker:Storage Directory /workdir/hadoop-ozone/integration-test/target/test-dir/MiniOzoneClusterImpl-608c326c-aa6a-4be1-85ed-041816735c61/datanode-5/data/ratis/959ae45f-6ab0-4dd7-b5c0-ef5d545d2b77: created new log segment /workdir/hadoop-ozone/integration-test/target/test-dir/MiniOzoneClusterImpl-608c326c-aa6a-4be1-85ed-041816735c61/datanode-5/data/ratis/959ae45f-6ab0-4dd7-b5c0-ef5d545d2b77/current/log_inprogress_0
2019-08-20 18:47:27,450 [Thread-3367] INFO  impl.FollowerState (FollowerState.java:run(106)) - 77f6c16c-5a77-4d2e-9dcc-aa40b17a66e4:group-0C55CC5219B6 changes to CANDIDATE, lastRpcTime:5092, electionTimeout:5092ms
2019-08-20 18:47:27,450 [Thread-3367] INFO  impl.RoleInfo (RoleInfo.java:shutdownFollowerState(121)) - 77f6c16c-5a77-4d2e-9dcc-aa40b17a66e4: shutdown FollowerState
2019-08-20 18:47:27,450 [Thread-3367] INFO  impl.RaftServerImpl (RaftServerImpl.java:setRole(171)) - 77f6c16c-5a77-4d2e-9dcc-aa40b17a66e4:group-0C55CC5219B6 changes role from FOLLOWER to CANDIDATE at term 0 for changeToCandidate
2019-08-20 18:47:27,451 [Thread-3367] INFO  impl.RoleInfo (RoleInfo.java:updateAndGet(143)) - 77f6c16c-5a77-4d2e-9dcc-aa40b17a66e4: start LeaderElection
2019-08-20 18:47:27,468 [77f6c16c-5a77-4d2e-9dcc-aa40b17a66e4:group-0C55CC5219B6:LeaderElection69] INFO  impl.LeaderElection (LeaderElection.java:askForVotes(181)) - 77f6c16c-5a77-4d2e-9dcc-aa40b17a66e4:group-0C55CC5219B6:LeaderElection69: begin an election at term 1 for -1: [77f6c16c-5a77-4d2e-9dcc-aa40b17a66e4:192.168.69.105:32924], old=null
2019-08-20 18:47:27,468 [77f6c16c-5a77-4d2e-9dcc-aa40b17a66e4:group-0C55CC5219B6:LeaderElection69] INFO  impl.RoleInfo (RoleInfo.java:shutdownLeaderElection(134)) - 77f6c16c-5a77-4d2e-9dcc-aa40b17a66e4: shutdown LeaderElection
2019-08-20 18:47:27,468 [77f6c16c-5a77-4d2e-9dcc-aa40b17a66e4:group-0C55CC5219B6:LeaderElection69] INFO  impl.RaftServerImpl (RaftServerImpl.java:setRole(171)) - 77f6c16c-5a77-4d2e-9dcc-aa40b17a66e4:group-0C55CC5219B6 changes role from CANDIDATE to LEADER at term 1 for changeToLeader
2019-08-20 18:47:27,469 [77f6c16c-5a77-4d2e-9dcc-aa40b17a66e4:group-0C55CC5219B6:LeaderElection69] INFO  impl.RaftServerImpl (ServerState.java:setLeader(263)) - 77f6c16c-5a77-4d2e-9dcc-aa40b17a66e4:group-0C55CC5219B6 change Leader from null to 77f6c16c-5a77-4d2e-9dcc-aa40b17a66e4 at term 1 for becomeLeader, leader elected after 5114ms
2019-08-20 18:47:27,469 [77f6c16c-5a77-4d2e-9dcc-aa40b17a66e4:group-0C55CC5219B6:LeaderElection69] INFO  server.RaftServerConfigKeys (ConfUtils.java:logGet(43)) - raft.server.staging.catchup.gap = 1000 (default)
2019-08-20 18:47:27,469 [77f6c16c-5a77-4d2e-9dcc-aa40b17a66e4:group-0C55CC5219B6:LeaderElection69] INFO  server.RaftServerConfigKeys (ConfUtils.java:logGet(43)) - raft.server.rpc.sleep.time = 25ms (default)
2019-08-20 18:47:27,469 [77f6c16c-5a77-4d2e-9dcc-aa40b17a66e4:group-0C55CC5219B6:LeaderElection69] INFO  server.RaftServerConfigKeys (ConfUtils.java:logGet(43)) - raft.server.write.element-limit = 4096 (default)
2019-08-20 18:47:27,469 [77f6c16c-5a77-4d2e-9dcc-aa40b17a66e4:group-0C55CC5219B6:LeaderElection69] INFO  server.RaftServerConfigKeys (ConfUtils.java:logGet(43)) - raft.server.watch.timeout = 10s (default)
2019-08-20 18:47:27,469 [77f6c16c-5a77-4d2e-9dcc-aa40b17a66e4:group-0C55CC5219B6:LeaderElection69] INFO  server.RaftServerConfigKeys (ConfUtils.java:logGet(43)) - raft.server.watch.timeout.denomination = 1s (default)
2019-08-20 18:47:27,469 [77f6c16c-5a77-4d2e-9dcc-aa40b17a66e4:group-0C55CC5219B6:LeaderElection69] INFO  server.RaftServerConfigKeys (ConfUtils.java:logGet(43)) - raft.server.watch.element-limit = 65536 (default)
2019-08-20 18:47:27,470 [77f6c16c-5a77-4d2e-9dcc-aa40b17a66e4:group-0C55CC5219B6:LeaderElection69] INFO  impl.RoleInfo (RoleInfo.java:updateAndGet(143)) - 77f6c16c-5a77-4d2e-9dcc-aa40b17a66e4: start LeaderState
2019-08-20 18:47:27,470 [77f6c16c-5a77-4d2e-9dcc-aa40b17a66e4:group-0C55CC5219B6:LeaderElection69] INFO  segmented.SegmentedRaftLogWorker (SegmentedRaftLogWorker.java:startLogSegment(380)) - 77f6c16c-5a77-4d2e-9dcc-aa40b17a66e4-SegmentedRaftLogWorker:Storage Directory /workdir/hadoop-ozone/integration-test/target/test-dir/MiniOzoneClusterImpl-608c326c-aa6a-4be1-85ed-041816735c61/datanode-6/data/ratis/4bb88af4-6509-42a6-bdc4-0c55cc5219b6: Starting segment from index:0
2019-08-20 18:47:27,470 [77f6c16c-5a77-4d2e-9dcc-aa40b17a66e4:group-0C55CC5219B6:LeaderElection69] INFO  impl.RaftServerImpl (ServerState.java:setRaftConf(361)) - 77f6c16c-5a77-4d2e-9dcc-aa40b17a66e4:group-0C55CC5219B6 set configuration 0: [77f6c16c-5a77-4d2e-9dcc-aa40b17a66e4:192.168.69.105:32924], old=null at 0
2019-08-20 18:47:27,508 | INFO  | SCMAudit | user=jenkins1000 | ip=192.168.69.105 | op=SEND_HEARTBEAT {datanodeUUID=cf6953c2-32b6-42f7-ab38-bddb14a599b2, command=[]} | ret=SUCCESS |  
2019-08-20 18:47:27,547 [77f6c16c-5a77-4d2e-9dcc-aa40b17a66e4-SegmentedRaftLogWorker:Storage Directory /workdir/hadoop-ozone/integration-test/target/test-dir/MiniOzoneClusterImpl-608c326c-aa6a-4be1-85ed-041816735c61/datanode-6/data/ratis/4bb88af4-6509-42a6-bdc4-0c55cc5219b6] INFO  segmented.SegmentedRaftLogWorker (SegmentedRaftLogWorker.java:execute(569)) - 77f6c16c-5a77-4d2e-9dcc-aa40b17a66e4-SegmentedRaftLogWorker:Storage Directory /workdir/hadoop-ozone/integration-test/target/test-dir/MiniOzoneClusterImpl-608c326c-aa6a-4be1-85ed-041816735c61/datanode-6/data/ratis/4bb88af4-6509-42a6-bdc4-0c55cc5219b6: created new log segment /workdir/hadoop-ozone/integration-test/target/test-dir/MiniOzoneClusterImpl-608c326c-aa6a-4be1-85ed-041816735c61/datanode-6/data/ratis/4bb88af4-6509-42a6-bdc4-0c55cc5219b6/current/log_inprogress_0
2019-08-20 18:47:27,587 | INFO  | DNAudit | user=null | ip=null | op=WRITE_CHUNK {blockData=conID: 1 locID: 102650796008210446 bcsId: 0} | ret=SUCCESS |  
2019-08-20 18:47:27,587 | INFO  | DNAudit | user=null | ip=null | op=WRITE_CHUNK {blockData=conID: 1 locID: 102650796008210446 bcsId: 0} | ret=SUCCESS |  
2019-08-20 18:47:27,587 | INFO  | DNAudit | user=null | ip=null | op=WRITE_CHUNK {blockData=conID: 1 locID: 102650796008210446 bcsId: 0} | ret=SUCCESS |  
2019-08-20 18:47:27,588 | INFO  | SCMAudit | user=jenkins1000 | ip=192.168.69.105 | op=SEND_HEARTBEAT {datanodeUUID=2d010cef-60b6-41ea-978a-486fd035ec3e, command=[]} | ret=SUCCESS |  
2019-08-20 18:47:27,588 | INFO  | SCMAudit | user=jenkins1000 | ip=192.168.69.105 | op=SEND_HEARTBEAT {datanodeUUID=0c838819-3df6-4ef3-ab53-303f2178b7dc, command=[]} | ret=SUCCESS |  
2019-08-20 18:47:27,588 | INFO  | SCMAudit | user=jenkins1000 | ip=192.168.69.105 | op=SEND_HEARTBEAT {datanodeUUID=4803ef64-8996-418d-89c0-57ea0fe6bc6a, command=[]} | ret=SUCCESS |  
2019-08-20 18:47:27,601 | INFO  | DNAudit | user=null | ip=null | op=WRITE_CHUNK {blockData=conID: 1 locID: 102650796008210446 bcsId: 0} | ret=SUCCESS |  
2019-08-20 18:47:27,605 [grpc-default-executor-5] INFO  client.GrpcClientProtocolClient (GrpcClientProtocolClient.java:onNext(255)) - client-7F0E3D1D48AB->0c838819-3df6-4ef3-ab53-303f2178b7dc: receive RaftClientReply:client-7F0E3D1D48AB->0c838819-3df6-4ef3-ab53-303f2178b7dc@group-EF5D545D2B77, cid=175, SUCCESS, logIndex=1, commits[0c838819-3df6-4ef3-ab53-303f2178b7dc:c1, 4803ef64-8996-418d-89c0-57ea0fe6bc6a:c0, 2d010cef-60b6-41ea-978a-486fd035ec3e:c0]
2019-08-20 18:47:27,608 | INFO  | DNAudit | user=null | ip=null | op=WRITE_CHUNK {blockData=conID: 1 locID: 102650796008210446 bcsId: 0} | ret=SUCCESS |  
2019-08-20 18:47:27,609 | INFO  | DNAudit | user=null | ip=null | op=WRITE_CHUNK {blockData=conID: 1 locID: 102650796008210446 bcsId: 0} | ret=SUCCESS |  
2019-08-20 18:47:27,609 | INFO  | DNAudit | user=null | ip=null | op=WRITE_CHUNK {blockData=conID: 1 locID: 102650796008210446 bcsId: 0} | ret=SUCCESS |  
2019-08-20 18:47:27,610 | INFO  | DNAudit | user=null | ip=null | op=WRITE_CHUNK {blockData=conID: 1 locID: 102650796008210446 bcsId: 0} | ret=SUCCESS |  
2019-08-20 18:47:27,610 | INFO  | DNAudit | user=null | ip=null | op=WRITE_CHUNK {blockData=conID: 1 locID: 102650796008210446 bcsId: 0} | ret=SUCCESS |  
2019-08-20 18:47:27,611 | INFO  | DNAudit | user=null | ip=null | op=WRITE_CHUNK {blockData=conID: 1 locID: 102650796008210446 bcsId: 0} | ret=SUCCESS |  
2019-08-20 18:47:27,611 | INFO  | DNAudit | user=null | ip=null | op=WRITE_CHUNK {blockData=conID: 1 locID: 102650796008210446 bcsId: 0} | ret=SUCCESS |  
2019-08-20 18:47:27,612 | INFO  | DNAudit | user=null | ip=null | op=WRITE_CHUNK {blockData=conID: 1 locID: 102650796008210446 bcsId: 0} | ret=SUCCESS |  
2019-08-20 18:47:27,612 | INFO  | DNAudit | user=null | ip=null | op=WRITE_CHUNK {blockData=conID: 1 locID: 102650796008210446 bcsId: 0} | ret=SUCCESS |  
2019-08-20 18:47:27,613 | INFO  | DNAudit | user=null | ip=null | op=WRITE_CHUNK {blockData=conID: 1 locID: 102650796008210446 bcsId: 0} | ret=SUCCESS |  
2019-08-20 18:47:27,613 | INFO  | DNAudit | user=null | ip=null | op=WRITE_CHUNK {blockData=conID: 1 locID: 102650796008210446 bcsId: 0} | ret=SUCCESS |  
2019-08-20 18:47:27,615 | INFO  | DNAudit | user=null | ip=null | op=WRITE_CHUNK {blockData=conID: 1 locID: 102650796008210446 bcsId: 0} | ret=SUCCESS |  
2019-08-20 18:47:27,619 [grpc-default-executor-5] INFO  client.GrpcClientProtocolClient (GrpcClientProtocolClient.java:onNext(255)) - client-7F0E3D1D48AB->0c838819-3df6-4ef3-ab53-303f2178b7dc: receive RaftClientReply:client-7F0E3D1D48AB->0c838819-3df6-4ef3-ab53-303f2178b7dc@group-EF5D545D2B77, cid=176, SUCCESS, logIndex=3, commits[0c838819-3df6-4ef3-ab53-303f2178b7dc:c6, 4803ef64-8996-418d-89c0-57ea0fe6bc6a:c1, 2d010cef-60b6-41ea-978a-486fd035ec3e:c1]
2019-08-20 18:47:27,627 | INFO  | DNAudit | user=null | ip=null | op=WRITE_CHUNK {blockData=conID: 1 locID: 102650796008210446 bcsId: 0} | ret=SUCCESS |  
2019-08-20 18:47:27,629 | INFO  | DNAudit | user=null | ip=null | op=WRITE_CHUNK {blockData=conID: 1 locID: 102650796008210446 bcsId: 0} | ret=SUCCESS |  
2019-08-20 18:47:27,680 | INFO  | DNAudit | user=null | ip=null | op=PUT_BLOCK {blockData=[blockId=conID: 1 locID: 102650796008210446 bcsId: 0,size=200]} | ret=SUCCESS |  
2019-08-20 18:47:27,680 | INFO  | DNAudit | user=null | ip=null | op=WRITE_CHUNK {blockData=conID: 1 locID: 102650796008210446 bcsId: 0} | ret=SUCCESS |  
2019-08-20 18:47:27,681 | INFO  | DNAudit | user=null | ip=null | op=WRITE_CHUNK {blockData=conID: 1 locID: 102650796008210446 bcsId: 0} | ret=SUCCESS |  
2019-08-20 18:47:27,681 [grpc-default-executor-6] INFO  client.GrpcClientProtocolClient (GrpcClientProtocolClient.java:onNext(255)) - client-7F0E3D1D48AB->0c838819-3df6-4ef3-ab53-303f2178b7dc: receive RaftClientReply:client-7F0E3D1D48AB->0c838819-3df6-4ef3-ab53-303f2178b7dc@group-EF5D545D2B77, cid=177, SUCCESS, logIndex=4, commits[0c838819-3df6-4ef3-ab53-303f2178b7dc:c12, 4803ef64-8996-418d-89c0-57ea0fe6bc6a:c7, 2d010cef-60b6-41ea-978a-486fd035ec3e:c7]
2019-08-20 18:47:27,682 [grpc-default-executor-6] INFO  client.GrpcClientProtocolClient (GrpcClientProtocolClient.java:onNext(255)) - client-7F0E3D1D48AB->0c838819-3df6-4ef3-ab53-303f2178b7dc: receive RaftClientReply:client-7F0E3D1D48AB->0c838819-3df6-4ef3-ab53-303f2178b7dc@group-EF5D545D2B77, cid=178, SUCCESS, logIndex=5, commits[0c838819-3df6-4ef3-ab53-303f2178b7dc:c12, 4803ef64-8996-418d-89c0-57ea0fe6bc6a:c7, 2d010cef-60b6-41ea-978a-486fd035ec3e:c7]
2019-08-20 18:47:27,682 [grpc-default-executor-6] INFO  client.GrpcClientProtocolClient (GrpcClientProtocolClient.java:onNext(255)) - client-7F0E3D1D48AB->0c838819-3df6-4ef3-ab53-303f2178b7dc: receive RaftClientReply:client-7F0E3D1D48AB->0c838819-3df6-4ef3-ab53-303f2178b7dc@group-EF5D545D2B77, cid=179, SUCCESS, logIndex=6, commits[0c838819-3df6-4ef3-ab53-303f2178b7dc:c12, 4803ef64-8996-418d-89c0-57ea0fe6bc6a:c7, 2d010cef-60b6-41ea-978a-486fd035ec3e:c7]
2019-08-20 18:47:27,736 | INFO  | DNAudit | user=null | ip=null | op=PUT_BLOCK {blockData=[blockId=conID: 1 locID: 102650796008210446 bcsId: 0,size=200]} | ret=SUCCESS |  
2019-08-20 18:47:27,737 | INFO  | DNAudit | user=null | ip=null | op=WRITE_CHUNK {blockData=conID: 1 locID: 102650796008210446 bcsId: 0} | ret=SUCCESS |  
2019-08-20 18:47:27,737 | INFO  | DNAudit | user=null | ip=null | op=WRITE_CHUNK {blockData=conID: 1 locID: 102650796008210446 bcsId: 0} | ret=SUCCESS |  
2019-08-20 18:47:27,794 | INFO  | DNAudit | user=null | ip=null | op=PUT_BLOCK {blockData=[blockId=conID: 1 locID: 102650796008210446 bcsId: 0,size=400]} | ret=SUCCESS |  
2019-08-20 18:47:27,794 | INFO  | DNAudit | user=null | ip=null | op=PUT_BLOCK {blockData=[blockId=conID: 1 locID: 102650796008210446 bcsId: 0,size=400]} | ret=SUCCESS |  
2019-08-20 18:47:27,794 | INFO  | DNAudit | user=null | ip=null | op=PUT_BLOCK {blockData=[blockId=conID: 1 locID: 102650796008210446 bcsId: 0,size=200]} | ret=SUCCESS |  
2019-08-20 18:47:27,794 | INFO  | DNAudit | user=null | ip=null | op=WRITE_CHUNK {blockData=conID: 1 locID: 102650796008210446 bcsId: 0} | ret=SUCCESS |  
2019-08-20 18:47:27,795 | INFO  | DNAudit | user=null | ip=null | op=WRITE_CHUNK {blockData=conID: 1 locID: 102650796008210446 bcsId: 0} | ret=SUCCESS |  
2019-08-20 18:47:27,795 [grpc-default-executor-6] INFO  client.GrpcClientProtocolClient (GrpcClientProtocolClient.java:onNext(255)) - client-7F0E3D1D48AB->0c838819-3df6-4ef3-ab53-303f2178b7dc: receive RaftClientReply:client-7F0E3D1D48AB->0c838819-3df6-4ef3-ab53-303f2178b7dc@group-EF5D545D2B77, cid=180, SUCCESS, logIndex=7, commits[0c838819-3df6-4ef3-ab53-303f2178b7dc:c12, 4803ef64-8996-418d-89c0-57ea0fe6bc6a:c7, 2d010cef-60b6-41ea-978a-486fd035ec3e:c7]
2019-08-20 18:47:27,796 | INFO  | DNAudit | user=null | ip=null | op=PUT_BLOCK {blockData=[blockId=conID: 1 locID: 102650796008210446 bcsId: 0,size=400]} | ret=SUCCESS |  
2019-08-20 18:47:27,801 | INFO  | DNAudit | user=null | ip=null | op=WRITE_CHUNK {blockData=conID: 1 locID: 102650796008210446 bcsId: 7} | ret=SUCCESS |  
2019-08-20 18:47:27,803 | INFO  | DNAudit | user=null | ip=null | op=WRITE_CHUNK {blockData=conID: 1 locID: 102650796008210446 bcsId: 7} | ret=SUCCESS |  
2019-08-20 18:47:27,803 | INFO  | DNAudit | user=null | ip=null | op=WRITE_CHUNK {blockData=conID: 1 locID: 102650796008210446 bcsId: 7} | ret=SUCCESS |  
2019-08-20 18:47:27,814 | INFO  | DNAudit | user=null | ip=null | op=WRITE_CHUNK {blockData=conID: 1 locID: 102650796008210446 bcsId: 7} | ret=SUCCESS |  
2019-08-20 18:47:27,815 | INFO  | DNAudit | user=null | ip=null | op=PUT_BLOCK {blockData=[blockId=conID: 1 locID: 102650796008210446 bcsId: 0,size=450]} | ret=SUCCESS |  
2019-08-20 18:47:27,815 [grpc-default-executor-6] INFO  client.GrpcClientProtocolClient (GrpcClientProtocolClient.java:onNext(255)) - client-7F0E3D1D48AB->0c838819-3df6-4ef3-ab53-303f2178b7dc: receive RaftClientReply:client-7F0E3D1D48AB->0c838819-3df6-4ef3-ab53-303f2178b7dc@group-EF5D545D2B77, cid=181, SUCCESS, logIndex=13, commits[0c838819-3df6-4ef3-ab53-303f2178b7dc:c14, 4803ef64-8996-418d-89c0-57ea0fe6bc6a:c12, 2d010cef-60b6-41ea-978a-486fd035ec3e:c12]
2019-08-20 18:47:27,816 [grpc-default-executor-6] INFO  client.GrpcClientProtocolClient (GrpcClientProtocolClient.java:onNext(255)) - client-7F0E3D1D48AB->0c838819-3df6-4ef3-ab53-303f2178b7dc: receive RaftClientReply:client-7F0E3D1D48AB->0c838819-3df6-4ef3-ab53-303f2178b7dc@group-EF5D545D2B77, cid=182, SUCCESS, logIndex=14, commits[0c838819-3df6-4ef3-ab53-303f2178b7dc:c14, 4803ef64-8996-418d-89c0-57ea0fe6bc6a:c12, 2d010cef-60b6-41ea-978a-486fd035ec3e:c12]
2019-08-20 18:47:27,826 | INFO  | DNAudit | user=null | ip=null | op=WRITE_CHUNK {blockData=conID: 1 locID: 102650796008210446 bcsId: 7} | ret=SUCCESS |  
2019-08-20 18:47:27,826 | INFO  | DNAudit | user=null | ip=null | op=WRITE_CHUNK {blockData=conID: 1 locID: 102650796008210446 bcsId: 7} | ret=SUCCESS |  
2019-08-20 18:47:27,827 | INFO  | DNAudit | user=null | ip=null | op=PUT_BLOCK {blockData=[blockId=conID: 1 locID: 102650796008210446 bcsId: 0,size=450]} | ret=SUCCESS |  
2019-08-20 18:47:27,828 | INFO  | DNAudit | user=null | ip=null | op=PUT_BLOCK {blockData=[blockId=conID: 1 locID: 102650796008210446 bcsId: 0,size=450]} | ret=SUCCESS |  
2019-08-20 18:47:27,831 [grpc-default-executor-6] INFO  client.GrpcClientProtocolClient (GrpcClientProtocolClient.java:onNext(255)) - client-7F0E3D1D48AB->0c838819-3df6-4ef3-ab53-303f2178b7dc: receive RaftClientReply:client-7F0E3D1D48AB->0c838819-3df6-4ef3-ab53-303f2178b7dc@group-EF5D545D2B77, cid=183, SUCCESS, logIndex=0, commits[0c838819-3df6-4ef3-ab53-303f2178b7dc:c16, 4803ef64-8996-418d-89c0-57ea0fe6bc6a:c14, 2d010cef-60b6-41ea-978a-486fd035ec3e:c14]
2019-08-20 18:47:27,832 [main] INFO  datanode.ObjectStoreHandler (ObjectStoreHandler.java:close(155)) - Closing ObjectStoreHandler.
2019-08-20 18:47:27,832 [main] INFO  ozone.HddsDatanodeService (HddsDatanodeService.java:stop(451)) - Stopped plug-in org.apache.hadoop.ozone.web.OzoneHddsDatanodeService@670481b2
2019-08-20 18:47:27,888 | INFO  | SCMAudit | user=jenkins1000 | ip=192.168.69.105 | op=SEND_HEARTBEAT {datanodeUUID=cdb5f687-1183-4537-b7fe-600d71f89ce8, command=[]} | ret=SUCCESS |  
2019-08-20 18:47:28,086 | INFO  | SCMAudit | user=jenkins1000 | ip=192.168.69.105 | op=SEND_HEARTBEAT {datanodeUUID=2c3705c7-c55e-4fe5-a1eb-903b30dba60b, command=[]} | ret=SUCCESS |  
2019-08-20 18:47:28,326 | INFO  | SCMAudit | user=jenkins1000 | ip=192.168.69.105 | op=SEND_HEARTBEAT {datanodeUUID=77f6c16c-5a77-4d2e-9dcc-aa40b17a66e4, command=[]} | ret=SUCCESS |  
2019-08-20 18:47:28,509 | INFO  | SCMAudit | user=jenkins1000 | ip=192.168.69.105 | op=SEND_HEARTBEAT {datanodeUUID=cf6953c2-32b6-42f7-ab38-bddb14a599b2, command=[]} | ret=SUCCESS |  
2019-08-20 18:47:28,587 [Datanode State Machine Thread - 0] INFO  statemachine.DatanodeStateMachine (DatanodeStateMachine.java:lambda$startDaemon$0(350)) - Ozone container server started.
2019-08-20 18:47:28,587 | INFO  | SCMAudit | user=jenkins1000 | ip=192.168.69.105 | op=SEND_HEARTBEAT {datanodeUUID=4803ef64-8996-418d-89c0-57ea0fe6bc6a, command=[]} | ret=SUCCESS |  
2019-08-20 18:47:28,587 | INFO  | SCMAudit | user=jenkins1000 | ip=192.168.69.105 | op=SEND_HEARTBEAT {datanodeUUID=2d010cef-60b6-41ea-978a-486fd035ec3e, command=[]} | ret=SUCCESS |  
2019-08-20 18:47:28,888 | INFO  | SCMAudit | user=jenkins1000 | ip=192.168.69.105 | op=SEND_HEARTBEAT {datanodeUUID=cdb5f687-1183-4537-b7fe-600d71f89ce8, command=[]} | ret=SUCCESS |  
2019-08-20 18:47:29,086 | INFO  | SCMAudit | user=jenkins1000 | ip=192.168.69.105 | op=SEND_HEARTBEAT {datanodeUUID=2c3705c7-c55e-4fe5-a1eb-903b30dba60b, command=[]} | ret=SUCCESS |  
2019-08-20 18:47:29,327 | INFO  | SCMAudit | user=jenkins1000 | ip=192.168.69.105 | op=SEND_HEARTBEAT {datanodeUUID=77f6c16c-5a77-4d2e-9dcc-aa40b17a66e4, command=[]} | ret=SUCCESS |  
2019-08-20 18:47:29,509 | INFO  | SCMAudit | user=jenkins1000 | ip=192.168.69.105 | op=SEND_HEARTBEAT {datanodeUUID=cf6953c2-32b6-42f7-ab38-bddb14a599b2, command=[]} | ret=SUCCESS |  
2019-08-20 18:47:29,587 | INFO  | SCMAudit | user=jenkins1000 | ip=192.168.69.105 | op=SEND_HEARTBEAT {datanodeUUID=4803ef64-8996-418d-89c0-57ea0fe6bc6a, command=[]} | ret=SUCCESS |  
2019-08-20 18:47:29,587 | INFO  | SCMAudit | user=jenkins1000 | ip=192.168.69.105 | op=SEND_HEARTBEAT {datanodeUUID=2d010cef-60b6-41ea-978a-486fd035ec3e, command=[]} | ret=SUCCESS |  
2019-08-20 18:47:29,888 | INFO  | SCMAudit | user=jenkins1000 | ip=192.168.69.105 | op=SEND_HEARTBEAT {datanodeUUID=cdb5f687-1183-4537-b7fe-600d71f89ce8, command=[]} | ret=SUCCESS |  
2019-08-20 18:47:30,087 | INFO  | SCMAudit | user=jenkins1000 | ip=192.168.69.105 | op=SEND_HEARTBEAT {datanodeUUID=2c3705c7-c55e-4fe5-a1eb-903b30dba60b, command=[]} | ret=SUCCESS |  
2019-08-20 18:47:30,327 | INFO  | SCMAudit | user=jenkins1000 | ip=192.168.69.105 | op=SEND_HEARTBEAT {datanodeUUID=77f6c16c-5a77-4d2e-9dcc-aa40b17a66e4, command=[]} | ret=SUCCESS |  
2019-08-20 18:47:30,510 | INFO  | SCMAudit | user=jenkins1000 | ip=192.168.69.105 | op=SEND_HEARTBEAT {datanodeUUID=cf6953c2-32b6-42f7-ab38-bddb14a599b2, command=[]} | ret=SUCCESS |  
2019-08-20 18:47:30,587 | INFO  | SCMAudit | user=jenkins1000 | ip=192.168.69.105 | op=SEND_HEARTBEAT {datanodeUUID=2d010cef-60b6-41ea-978a-486fd035ec3e, command=[]} | ret=SUCCESS |  
2019-08-20 18:47:30,587 | INFO  | SCMAudit | user=jenkins1000 | ip=192.168.69.105 | op=SEND_HEARTBEAT {datanodeUUID=4803ef64-8996-418d-89c0-57ea0fe6bc6a, command=[]} | ret=SUCCESS |  
2019-08-20 18:47:30,888 | INFO  | SCMAudit | user=jenkins1000 | ip=192.168.69.105 | op=SEND_HEARTBEAT {datanodeUUID=cdb5f687-1183-4537-b7fe-600d71f89ce8, command=[]} | ret=SUCCESS |  
2019-08-20 18:47:31,086 | INFO  | SCMAudit | user=jenkins1000 | ip=192.168.69.105 | op=SEND_HEARTBEAT {datanodeUUID=2c3705c7-c55e-4fe5-a1eb-903b30dba60b, command=[]} | ret=SUCCESS |  
2019-08-20 18:47:31,327 | INFO  | SCMAudit | user=jenkins1000 | ip=192.168.69.105 | op=SEND_HEARTBEAT {datanodeUUID=77f6c16c-5a77-4d2e-9dcc-aa40b17a66e4, command=[]} | ret=SUCCESS |  
2019-08-20 18:47:31,509 | INFO  | SCMAudit | user=jenkins1000 | ip=192.168.69.105 | op=SEND_HEARTBEAT {datanodeUUID=cf6953c2-32b6-42f7-ab38-bddb14a599b2, command=[]} | ret=SUCCESS |  
2019-08-20 18:47:31,587 | INFO  | SCMAudit | user=jenkins1000 | ip=192.168.69.105 | op=SEND_HEARTBEAT {datanodeUUID=2d010cef-60b6-41ea-978a-486fd035ec3e, command=[]} | ret=SUCCESS |  
2019-08-20 18:47:31,587 | INFO  | SCMAudit | user=jenkins1000 | ip=192.168.69.105 | op=SEND_HEARTBEAT {datanodeUUID=4803ef64-8996-418d-89c0-57ea0fe6bc6a, command=[]} | ret=SUCCESS |  
2019-08-20 18:47:31,889 | INFO  | SCMAudit | user=jenkins1000 | ip=192.168.69.105 | op=SEND_HEARTBEAT {datanodeUUID=cdb5f687-1183-4537-b7fe-600d71f89ce8, command=[]} | ret=SUCCESS |  
2019-08-20 18:47:32,086 | INFO  | SCMAudit | user=jenkins1000 | ip=192.168.69.105 | op=SEND_HEARTBEAT {datanodeUUID=2c3705c7-c55e-4fe5-a1eb-903b30dba60b, command=[]} | ret=SUCCESS |  
2019-08-20 18:47:32,328 | INFO  | SCMAudit | user=jenkins1000 | ip=192.168.69.105 | op=SEND_HEARTBEAT {datanodeUUID=77f6c16c-5a77-4d2e-9dcc-aa40b17a66e4, command=[]} | ret=SUCCESS |  
2019-08-20 18:47:32,509 | INFO  | SCMAudit | user=jenkins1000 | ip=192.168.69.105 | op=SEND_HEARTBEAT {datanodeUUID=cf6953c2-32b6-42f7-ab38-bddb14a599b2, command=[]} | ret=SUCCESS |  
2019-08-20 18:47:32,587 | INFO  | SCMAudit | user=jenkins1000 | ip=192.168.69.105 | op=SEND_HEARTBEAT {datanodeUUID=4803ef64-8996-418d-89c0-57ea0fe6bc6a, command=[]} | ret=SUCCESS |  
2019-08-20 18:47:32,587 | INFO  | SCMAudit | user=jenkins1000 | ip=192.168.69.105 | op=SEND_HEARTBEAT {datanodeUUID=2d010cef-60b6-41ea-978a-486fd035ec3e, command=[]} | ret=SUCCESS |  
2019-08-20 18:47:32,665 [EventQueue-StaleNodeForStaleNodeHandler] INFO  node.StaleNodeHandler (StaleNodeHandler.java:onMessage(58)) - Datanode 0c838819-3df6-4ef3-ab53-303f2178b7dc{ip: 192.168.69.105, host: pr-hdds-165-w559s-1850982102, networkLocation: /default-rack, certSerialId: null} moved to stale state. Finalizing its pipelines [PipelineID=959ae45f-6ab0-4dd7-b5c0-ef5d545d2b77, PipelineID=71e14aa5-7f88-4b52-8743-631a799f4c51]
2019-08-20 18:47:32,665 [EventQueue-StaleNodeForStaleNodeHandler] INFO  pipeline.SCMPipelineManager (SCMPipelineManager.java:finalizeAndDestroyPipeline(309)) - destroying pipeline:Pipeline[ Id: 959ae45f-6ab0-4dd7-b5c0-ef5d545d2b77, Nodes: 0c838819-3df6-4ef3-ab53-303f2178b7dc{ip: 192.168.69.105, host: pr-hdds-165-w559s-1850982102, networkLocation: /default-rack, certSerialId: null}4803ef64-8996-418d-89c0-57ea0fe6bc6a{ip: 192.168.69.105, host: pr-hdds-165-w559s-1850982102, networkLocation: /default-rack, certSerialId: null}2d010cef-60b6-41ea-978a-486fd035ec3e{ip: 192.168.69.105, host: pr-hdds-165-w559s-1850982102, networkLocation: /default-rack, certSerialId: null}, Type:RATIS, Factor:THREE, State:OPEN]
2019-08-20 18:47:32,666 [EventQueue-StaleNodeForStaleNodeHandler] INFO  pipeline.PipelineStateManager (PipelineStateManager.java:finalizePipeline(123)) - Pipeline Pipeline[ Id: 959ae45f-6ab0-4dd7-b5c0-ef5d545d2b77, Nodes: 0c838819-3df6-4ef3-ab53-303f2178b7dc{ip: 192.168.69.105, host: pr-hdds-165-w559s-1850982102, networkLocation: /default-rack, certSerialId: null}4803ef64-8996-418d-89c0-57ea0fe6bc6a{ip: 192.168.69.105, host: pr-hdds-165-w559s-1850982102, networkLocation: /default-rack, certSerialId: null}2d010cef-60b6-41ea-978a-486fd035ec3e{ip: 192.168.69.105, host: pr-hdds-165-w559s-1850982102, networkLocation: /default-rack, certSerialId: null}, Type:RATIS, Factor:THREE, State:CLOSED] moved to CLOSED state
2019-08-20 18:47:32,666 [EventQueue-StaleNodeForStaleNodeHandler] INFO  pipeline.SCMPipelineManager (SCMPipelineManager.java:finalizeAndDestroyPipeline(309)) - destroying pipeline:Pipeline[ Id: 71e14aa5-7f88-4b52-8743-631a799f4c51, Nodes: 0c838819-3df6-4ef3-ab53-303f2178b7dc{ip: 192.168.69.105, host: pr-hdds-165-w559s-1850982102, networkLocation: /default-rack, certSerialId: null}, Type:RATIS, Factor:ONE, State:OPEN]
2019-08-20 18:47:32,666 [EventQueue-CloseContainerForCloseContainerEventHandler] INFO  container.CloseContainerEventHandler (CloseContainerEventHandler.java:onMessage(61)) - Close container Event triggered for container : #1
2019-08-20 18:47:32,666 [EventQueue-StaleNodeForStaleNodeHandler] INFO  pipeline.PipelineStateManager (PipelineStateManager.java:finalizePipeline(123)) - Pipeline Pipeline[ Id: 71e14aa5-7f88-4b52-8743-631a799f4c51, Nodes: 0c838819-3df6-4ef3-ab53-303f2178b7dc{ip: 192.168.69.105, host: pr-hdds-165-w559s-1850982102, networkLocation: /default-rack, certSerialId: null}, Type:RATIS, Factor:ONE, State:CLOSED] moved to CLOSED state
2019-08-20 18:47:32,833 [main] INFO  ozoneimpl.OzoneContainer (OzoneContainer.java:stop(199)) - Attempting to stop container services.
2019-08-20 18:47:32,834 [main] INFO  impl.RaftServerProxy (RaftServerProxy.java:lambda$close$4(314)) - 0c838819-3df6-4ef3-ab53-303f2178b7dc: close
2019-08-20 18:47:32,834 [main] INFO  impl.RaftServerImpl (RaftServerImpl.java:lambda$shutdown$3(245)) - 0c838819-3df6-4ef3-ab53-303f2178b7dc: shutdown group-EF5D545D2B77
2019-08-20 18:47:32,835 [ForkJoinPool.commonPool-worker-1] INFO  impl.RaftServerImpl (RaftServerImpl.java:lambda$shutdown$3(245)) - 0c838819-3df6-4ef3-ab53-303f2178b7dc: shutdown group-631A799F4C51
2019-08-20 18:47:32,835 [main] INFO  util.JmxRegister (JmxRegister.java:unregister(73)) - Successfully un-registered JMX Bean with object name Ratis:service=RaftServer,group=group-EF5D545D2B77,id=0c838819-3df6-4ef3-ab53-303f2178b7dc
2019-08-20 18:47:32,835 [ForkJoinPool.commonPool-worker-1] INFO  util.JmxRegister (JmxRegister.java:unregister(73)) - Successfully un-registered JMX Bean with object name Ratis:service=RaftServer,group=group-631A799F4C51,id=0c838819-3df6-4ef3-ab53-303f2178b7dc
2019-08-20 18:47:32,835 [main] INFO  impl.RoleInfo (RoleInfo.java:shutdownLeaderState(104)) - 0c838819-3df6-4ef3-ab53-303f2178b7dc: shutdown LeaderState
2019-08-20 18:47:32,836 [ForkJoinPool.commonPool-worker-1] INFO  impl.RoleInfo (RoleInfo.java:shutdownLeaderState(104)) - 0c838819-3df6-4ef3-ab53-303f2178b7dc: shutdown LeaderState
2019-08-20 18:47:32,843 [org.apache.ratis.server.impl.LogAppender$AppenderDaemon$$Lambda$487/193909137@6a3adf5b] WARN  server.GrpcLogAppender (GrpcLogAppender.java:mayWait(143)) - GrpcLogAppender(0c838819-3df6-4ef3-ab53-303f2178b7dc->2d010cef-60b6-41ea-978a-486fd035ec3e): Wait interrupted by java.lang.InterruptedException
2019-08-20 18:47:32,842 [main] INFO  impl.PendingRequests (PendingRequests.java:sendNotLeaderResponses(202)) - 0c838819-3df6-4ef3-ab53-303f2178b7dc-PendingRequests: sendNotLeaderResponses
2019-08-20 18:47:32,843 [grpc-default-executor-6] INFO  server.GrpcServerProtocolService (GrpcServerProtocolService.java:onCompleted(104)) - 2d010cef-60b6-41ea-978a-486fd035ec3e: appendEntries completed
2019-08-20 18:47:32,843 [ForkJoinPool.commonPool-worker-1] INFO  impl.PendingRequests (PendingRequests.java:sendNotLeaderResponses(202)) - 0c838819-3df6-4ef3-ab53-303f2178b7dc-PendingRequests: sendNotLeaderResponses
2019-08-20 18:47:32,843 [org.apache.ratis.server.impl.LogAppender$AppenderDaemon$$Lambda$487/193909137@2f3844d8] WARN  server.GrpcLogAppender (GrpcLogAppender.java:mayWait(143)) - GrpcLogAppender(0c838819-3df6-4ef3-ab53-303f2178b7dc->4803ef64-8996-418d-89c0-57ea0fe6bc6a): Wait interrupted by java.lang.InterruptedException
2019-08-20 18:47:32,848 [ForkJoinPool.commonPool-worker-1] INFO  impl.StateMachineUpdater (StateMachineUpdater.java:stopAndJoin(115)) - StateMachineUpdater:0c838819-3df6-4ef3-ab53-303f2178b7dc:group-631A799F4C51: set stopIndex = 0
2019-08-20 18:47:32,849 [ForkJoinPool.commonPool-worker-1] INFO  impl.RaftServerImpl (ServerState.java:close(394)) - 0c838819-3df6-4ef3-ab53-303f2178b7dc:group-631A799F4C51 closes. The last applied log index is 0
2019-08-20 18:47:32,848 [StateMachineUpdater:0c838819-3df6-4ef3-ab53-303f2178b7dc:group-EF5D545D2B77] INFO  ratis.ContainerStateMachine (ContainerStateMachine.java:takeSnapshot(283)) - group-EF5D545D2B77: Taking a snapshot at:(t:1, i:14) file /workdir/hadoop-ozone/integration-test/target/test-dir/MiniOzoneClusterImpl-608c326c-aa6a-4be1-85ed-041816735c61/datanode-4/data/ratis/959ae45f-6ab0-4dd7-b5c0-ef5d545d2b77/sm/snapshot.1_14
2019-08-20 18:47:32,848 [main] INFO  impl.StateMachineUpdater (StateMachineUpdater.java:stopAndJoin(115)) - StateMachineUpdater:0c838819-3df6-4ef3-ab53-303f2178b7dc:group-EF5D545D2B77: set stopIndex = 16
2019-08-20 18:47:32,849 [0c838819-3df6-4ef3-ab53-303f2178b7dc-SegmentedRaftLogWorker:Storage Directory /workdir/hadoop-ozone/integration-test/target/test-dir/MiniOzoneClusterImpl-608c326c-aa6a-4be1-85ed-041816735c61/datanode-4/data/ratis/71e14aa5-7f88-4b52-8743-631a799f4c51] INFO  segmented.SegmentedRaftLogWorker (SegmentedRaftLogWorker.java:run(313)) - 0c838819-3df6-4ef3-ab53-303f2178b7dc-SegmentedRaftLogWorker:Storage Directory /workdir/hadoop-ozone/integration-test/target/test-dir/MiniOzoneClusterImpl-608c326c-aa6a-4be1-85ed-041816735c61/datanode-4/data/ratis/71e14aa5-7f88-4b52-8743-631a799f4c51 was interrupted, exiting. There are 0 tasks remaining in the queue.
2019-08-20 18:47:32,849 [grpc-default-executor-6] INFO  server.GrpcServerProtocolService (GrpcServerProtocolService.java:onCompleted(104)) - 4803ef64-8996-418d-89c0-57ea0fe6bc6a: appendEntries completed
2019-08-20 18:47:32,849 [grpc-default-executor-5] INFO  server.GrpcLogAppender (GrpcLogAppender.java:onCompleted(292)) - 0c838819-3df6-4ef3-ab53-303f2178b7dc->2d010cef-60b6-41ea-978a-486fd035ec3e: follower responses appendEntries COMPLETED
2019-08-20 18:47:32,853 [grpc-default-executor-6] INFO  server.GrpcLogAppender (GrpcLogAppender.java:onCompleted(292)) - 0c838819-3df6-4ef3-ab53-303f2178b7dc->4803ef64-8996-418d-89c0-57ea0fe6bc6a: follower responses appendEntries COMPLETED
2019-08-20 18:47:32,853 [grpc-default-executor-5] INFO  impl.FollowerInfo (FollowerInfo.java:lambda$new$0(50)) - 0c838819-3df6-4ef3-ab53-303f2178b7dc->2d010cef-60b6-41ea-978a-486fd035ec3e: nextIndex: updateUnconditionally 17 -> 16
2019-08-20 18:47:32,853 [grpc-default-executor-6] INFO  impl.FollowerInfo (FollowerInfo.java:lambda$new$0(50)) - 0c838819-3df6-4ef3-ab53-303f2178b7dc->4803ef64-8996-418d-89c0-57ea0fe6bc6a: nextIndex: updateUnconditionally 17 -> 16
2019-08-20 18:47:32,870 [ForkJoinPool.commonPool-worker-1] INFO  segmented.SegmentedRaftLogWorker (SegmentedRaftLogWorker.java:close(228)) - 0c838819-3df6-4ef3-ab53-303f2178b7dc-SegmentedRaftLogWorker:Storage Directory /workdir/hadoop-ozone/integration-test/target/test-dir/MiniOzoneClusterImpl-608c326c-aa6a-4be1-85ed-041816735c61/datanode-4/data/ratis/71e14aa5-7f88-4b52-8743-631a799f4c51 close()
2019-08-20 18:47:32,875 [StateMachineUpdater:0c838819-3df6-4ef3-ab53-303f2178b7dc:group-EF5D545D2B77] INFO  ratis.ContainerStateMachine (ContainerStateMachine.java:takeSnapshot(294)) - group-EF5D545D2B77: Finished taking a snapshot at:(t:1, i:14) file:/workdir/hadoop-ozone/integration-test/target/test-dir/MiniOzoneClusterImpl-608c326c-aa6a-4be1-85ed-041816735c61/datanode-4/data/ratis/959ae45f-6ab0-4dd7-b5c0-ef5d545d2b77/sm/snapshot.1_14 time:26
2019-08-20 18:47:32,875 [StateMachineUpdater:0c838819-3df6-4ef3-ab53-303f2178b7dc:group-EF5D545D2B77] INFO  impl.StateMachineUpdater (StateMachineUpdater.java:takeSnapshot(242)) - StateMachineUpdater:0c838819-3df6-4ef3-ab53-303f2178b7dc:group-EF5D545D2B77: Took a snapshot at index 14
2019-08-20 18:47:32,875 [StateMachineUpdater:0c838819-3df6-4ef3-ab53-303f2178b7dc:group-EF5D545D2B77] INFO  impl.StateMachineUpdater (StateMachineUpdater.java:lambda$new$0(80)) - StateMachineUpdater:0c838819-3df6-4ef3-ab53-303f2178b7dc:group-EF5D545D2B77: snapshotIndex: updateIncreasingly -1 -> 14
2019-08-20 18:47:32,875 [main] INFO  impl.RaftServerImpl (ServerState.java:close(394)) - 0c838819-3df6-4ef3-ab53-303f2178b7dc:group-EF5D545D2B77 closes. The last applied log index is 16
2019-08-20 18:47:32,876 [0c838819-3df6-4ef3-ab53-303f2178b7dc-SegmentedRaftLogWorker:Storage Directory /workdir/hadoop-ozone/integration-test/target/test-dir/MiniOzoneClusterImpl-608c326c-aa6a-4be1-85ed-041816735c61/datanode-4/data/ratis/959ae45f-6ab0-4dd7-b5c0-ef5d545d2b77] INFO  segmented.SegmentedRaftLogWorker (SegmentedRaftLogWorker.java:run(313)) - 0c838819-3df6-4ef3-ab53-303f2178b7dc-SegmentedRaftLogWorker:Storage Directory /workdir/hadoop-ozone/integration-test/target/test-dir/MiniOzoneClusterImpl-608c326c-aa6a-4be1-85ed-041816735c61/datanode-4/data/ratis/959ae45f-6ab0-4dd7-b5c0-ef5d545d2b77 was interrupted, exiting. There are 0 tasks remaining in the queue.
2019-08-20 18:47:32,878 [main] INFO  segmented.SegmentedRaftLogWorker (SegmentedRaftLogWorker.java:close(228)) - 0c838819-3df6-4ef3-ab53-303f2178b7dc-SegmentedRaftLogWorker:Storage Directory /workdir/hadoop-ozone/integration-test/target/test-dir/MiniOzoneClusterImpl-608c326c-aa6a-4be1-85ed-041816735c61/datanode-4/data/ratis/959ae45f-6ab0-4dd7-b5c0-ef5d545d2b77 close()
2019-08-20 18:47:32,883 [main] INFO  server.GrpcService (GrpcService.java:closeImpl(155)) - 0c838819-3df6-4ef3-ab53-303f2178b7dc: shutdown server with port 43371 now
2019-08-20 18:47:32,884 [grpc-default-executor-5] WARN  client.GrpcClientProtocolService (LogUtils.java:warn(134)) - 3-UnorderedRequestStreamObserver3: onError: org.apache.ratis.thirdparty.io.grpc.StatusRuntimeException: CANCELLED: cancelled before receiving half close
2019-08-20 18:47:32,887 [main] INFO  server.GrpcService (GrpcService.java:closeImpl(163)) - 0c838819-3df6-4ef3-ab53-303f2178b7dc: shutdown server with port 43371 successfully
2019-08-20 18:47:32,888 | INFO  | SCMAudit | user=jenkins1000 | ip=192.168.69.105 | op=SEND_HEARTBEAT {datanodeUUID=cdb5f687-1183-4537-b7fe-600d71f89ce8, command=[]} | ret=SUCCESS |  
2019-08-20 18:47:32,889 [main] INFO  utils.BackgroundService (BackgroundService.java:shutdown(148)) - Shutting down service BlockDeletingService
2019-08-20 18:47:32,892 [refreshUsed-/workdir/hadoop-ozone/integration-test/target/test-dir/MiniOzoneClusterImpl-608c326c-aa6a-4be1-85ed-041816735c61/datanode-4/data/containers] WARN  fs.CachingGetSpaceUsed (CachingGetSpaceUsed.java:run(183)) - Thread Interrupted waiting to refresh disk information: sleep interrupted
2019-08-20 18:47:32,915 [main] INFO  statemachine.DatanodeStateMachine (DatanodeStateMachine.java:stopDaemon(395)) - Ozone container server stopped.
2019-08-20 18:47:32,916 [main] INFO  handler.ContextHandler (ContextHandler.java:doStop(910)) - Stopped o.e.j.w.WebAppContext@2940eec0{/,null,UNAVAILABLE}{/hddsDatanode}
2019-08-20 18:47:32,916 [main] INFO  server.AbstractConnector (AbstractConnector.java:doStop(318)) - Stopped ServerConnector@57d6f569{HTTP/1.1,[http/1.1]}{0.0.0.0:0}
2019-08-20 18:47:32,917 [main] INFO  handler.ContextHandler (ContextHandler.java:doStop(910)) - Stopped o.e.j.s.ServletContextHandler@59ac94ad{/static,jar:file:/home/user/.m2/repository/org/apache/hadoop/hadoop-hdds-container-service/0.5.0-SNAPSHOT/hadoop-hdds-container-service-0.5.0-SNAPSHOT.jar!/webapps/static,UNAVAILABLE}
2019-08-20 18:47:32,917 [main] INFO  handler.ContextHandler (ContextHandler.java:doStop(910)) - Stopped o.e.j.s.ServletContextHandler@2100d881{/logs,file:///workdir/hadoop-ozone/integration-test/target/log,UNAVAILABLE}
2019-08-20 18:47:33,087 | INFO  | SCMAudit | user=jenkins1000 | ip=192.168.69.105 | op=SEND_HEARTBEAT {datanodeUUID=2c3705c7-c55e-4fe5-a1eb-903b30dba60b, command=[]} | ret=SUCCESS |  
2019-08-20 18:47:33,327 | INFO  | SCMAudit | user=jenkins1000 | ip=192.168.69.105 | op=SEND_HEARTBEAT {datanodeUUID=77f6c16c-5a77-4d2e-9dcc-aa40b17a66e4, command=[]} | ret=SUCCESS |  
2019-08-20 18:47:33,510 | INFO  | SCMAudit | user=jenkins1000 | ip=192.168.69.105 | op=SEND_HEARTBEAT {datanodeUUID=cf6953c2-32b6-42f7-ab38-bddb14a599b2, command=[]} | ret=SUCCESS |  
2019-08-20 18:47:33,588 | INFO  | SCMAudit | user=jenkins1000 | ip=192.168.69.105 | op=SEND_HEARTBEAT {datanodeUUID=2d010cef-60b6-41ea-978a-486fd035ec3e, command=[commandType: closeContainerCommand closeContainerCommandProto { containerID: 1 pipelineID { id: "959ae45f-6ab0-4dd7-b5c0-ef5d545d2b77" } cmdId: 1 force: false } ]} | ret=SUCCESS |  
2019-08-20 18:47:33,589 | INFO  | SCMAudit | user=jenkins1000 | ip=192.168.69.105 | op=SEND_HEARTBEAT {datanodeUUID=4803ef64-8996-418d-89c0-57ea0fe6bc6a, command=[commandType: closeContainerCommand closeContainerCommandProto { containerID: 1 pipelineID { id: "959ae45f-6ab0-4dd7-b5c0-ef5d545d2b77" } cmdId: 1 force: false } ]} | ret=SUCCESS |  
2019-08-20 18:47:33,888 | INFO  | SCMAudit | user=jenkins1000 | ip=192.168.69.105 | op=SEND_HEARTBEAT {datanodeUUID=cdb5f687-1183-4537-b7fe-600d71f89ce8, command=[]} | ret=SUCCESS |  
2019-08-20 18:47:34,087 | INFO  | SCMAudit | user=jenkins1000 | ip=192.168.69.105 | op=SEND_HEARTBEAT {datanodeUUID=2c3705c7-c55e-4fe5-a1eb-903b30dba60b, command=[]} | ret=SUCCESS |  
2019-08-20 18:47:34,327 | INFO  | SCMAudit | user=jenkins1000 | ip=192.168.69.105 | op=SEND_HEARTBEAT {datanodeUUID=77f6c16c-5a77-4d2e-9dcc-aa40b17a66e4, command=[]} | ret=SUCCESS |  
2019-08-20 18:47:34,509 | INFO  | SCMAudit | user=jenkins1000 | ip=192.168.69.105 | op=SEND_HEARTBEAT {datanodeUUID=cf6953c2-32b6-42f7-ab38-bddb14a599b2, command=[]} | ret=SUCCESS |  
2019-08-20 18:47:34,588 | INFO  | SCMAudit | user=jenkins1000 | ip=192.168.69.105 | op=SEND_HEARTBEAT {datanodeUUID=2d010cef-60b6-41ea-978a-486fd035ec3e, command=[]} | ret=SUCCESS |  
2019-08-20 18:47:34,588 | INFO  | SCMAudit | user=jenkins1000 | ip=192.168.69.105 | op=SEND_HEARTBEAT {datanodeUUID=4803ef64-8996-418d-89c0-57ea0fe6bc6a, command=[]} | ret=SUCCESS |  
2019-08-20 18:47:34,605 | INFO  | SCMAudit | user=jenkins1000 | ip=192.168.69.105 | op=SEND_HEARTBEAT {datanodeUUID=2d010cef-60b6-41ea-978a-486fd035ec3e, command=[]} | ret=SUCCESS |  
2019-08-20 18:47:34,605 | INFO  | SCMAudit | user=jenkins1000 | ip=192.168.69.105 | op=SEND_HEARTBEAT {datanodeUUID=4803ef64-8996-418d-89c0-57ea0fe6bc6a, command=[]} | ret=SUCCESS |  
2019-08-20 18:47:34,889 | INFO  | SCMAudit | user=jenkins1000 | ip=192.168.69.105 | op=SEND_HEARTBEAT {datanodeUUID=cdb5f687-1183-4537-b7fe-600d71f89ce8, command=[]} | ret=SUCCESS |  
2019-08-20 18:47:34,932 [grpc-default-executor-9] INFO  client.GrpcClientProtocolClient (GrpcClientProtocolClient.java:onNext(255)) - client-7F0E3D1D48AB->2d010cef-60b6-41ea-978a-486fd035ec3e: receive RaftClientReply:client-7F0E3D1D48AB->2d010cef-60b6-41ea-978a-486fd035ec3e@group-EF5D545D2B77, cid=184, FAILED org.apache.ratis.protocol.NotLeaderException: Server 2d010cef-60b6-41ea-978a-486fd035ec3e is not the leader (0c838819-3df6-4ef3-ab53-303f2178b7dc:192.168.69.105:43371). Request must be sent to leader., logIndex=0, commits[2d010cef-60b6-41ea-978a-486fd035ec3e:c16, 4803ef64-8996-418d-89c0-57ea0fe6bc6a:c16, 0c838819-3df6-4ef3-ab53-303f2178b7dc:c16]
2019-08-20 18:47:35,087 | INFO  | SCMAudit | user=jenkins1000 | ip=192.168.69.105 | op=SEND_HEARTBEAT {datanodeUUID=2c3705c7-c55e-4fe5-a1eb-903b30dba60b, command=[]} | ret=SUCCESS |  
2019-08-20 18:47:35,327 | INFO  | SCMAudit | user=jenkins1000 | ip=192.168.69.105 | op=SEND_HEARTBEAT {datanodeUUID=77f6c16c-5a77-4d2e-9dcc-aa40b17a66e4, command=[]} | ret=SUCCESS |  
2019-08-20 18:47:35,509 | INFO  | SCMAudit | user=jenkins1000 | ip=192.168.69.105 | op=SEND_HEARTBEAT {datanodeUUID=cf6953c2-32b6-42f7-ab38-bddb14a599b2, command=[]} | ret=SUCCESS |  
2019-08-20 18:47:35,604 | INFO  | SCMAudit | user=jenkins1000 | ip=192.168.69.105 | op=SEND_HEARTBEAT {datanodeUUID=2d010cef-60b6-41ea-978a-486fd035ec3e, command=[]} | ret=SUCCESS |  
2019-08-20 18:47:35,604 | INFO  | SCMAudit | user=jenkins1000 | ip=192.168.69.105 | op=SEND_HEARTBEAT {datanodeUUID=4803ef64-8996-418d-89c0-57ea0fe6bc6a, command=[]} | ret=SUCCESS |  
2019-08-20 18:47:35,888 | INFO  | SCMAudit | user=jenkins1000 | ip=192.168.69.105 | op=SEND_HEARTBEAT {datanodeUUID=cdb5f687-1183-4537-b7fe-600d71f89ce8, command=[]} | ret=SUCCESS |  
2019-08-20 18:47:35,947 [grpc-default-executor-6] INFO  client.GrpcClientProtocolClient (GrpcClientProtocolClient.java:onNext(255)) - client-7F0E3D1D48AB->4803ef64-8996-418d-89c0-57ea0fe6bc6a: receive RaftClientReply:client-7F0E3D1D48AB->4803ef64-8996-418d-89c0-57ea0fe6bc6a@group-EF5D545D2B77, cid=184, FAILED org.apache.ratis.protocol.NotLeaderException: Server 4803ef64-8996-418d-89c0-57ea0fe6bc6a is not the leader (0c838819-3df6-4ef3-ab53-303f2178b7dc:192.168.69.105:43371). Request must be sent to leader., logIndex=0, commits[4803ef64-8996-418d-89c0-57ea0fe6bc6a:c16, 0c838819-3df6-4ef3-ab53-303f2178b7dc:c16, 2d010cef-60b6-41ea-978a-486fd035ec3e:c16]
2019-08-20 18:47:36,088 | INFO  | SCMAudit | user=jenkins1000 | ip=192.168.69.105 | op=SEND_HEARTBEAT {datanodeUUID=2c3705c7-c55e-4fe5-a1eb-903b30dba60b, command=[]} | ret=SUCCESS |  
2019-08-20 18:47:36,327 | INFO  | SCMAudit | user=jenkins1000 | ip=192.168.69.105 | op=SEND_HEARTBEAT {datanodeUUID=77f6c16c-5a77-4d2e-9dcc-aa40b17a66e4, command=[]} | ret=SUCCESS |  
2019-08-20 18:47:36,510 | INFO  | SCMAudit | user=jenkins1000 | ip=192.168.69.105 | op=SEND_HEARTBEAT {datanodeUUID=cf6953c2-32b6-42f7-ab38-bddb14a599b2, command=[]} | ret=SUCCESS |  
2019-08-20 18:47:36,604 | INFO  | SCMAudit | user=jenkins1000 | ip=192.168.69.105 | op=SEND_HEARTBEAT {datanodeUUID=2d010cef-60b6-41ea-978a-486fd035ec3e, command=[]} | ret=SUCCESS |  
2019-08-20 18:47:36,604 | INFO  | SCMAudit | user=jenkins1000 | ip=192.168.69.105 | op=SEND_HEARTBEAT {datanodeUUID=4803ef64-8996-418d-89c0-57ea0fe6bc6a, command=[]} | ret=SUCCESS |  
2019-08-20 18:47:36,888 | INFO  | SCMAudit | user=jenkins1000 | ip=192.168.69.105 | op=SEND_HEARTBEAT {datanodeUUID=cdb5f687-1183-4537-b7fe-600d71f89ce8, command=[]} | ret=SUCCESS |  
2019-08-20 18:47:36,960 [grpc-default-executor-9] INFO  client.GrpcClientProtocolClient (GrpcClientProtocolClient.java:onNext(255)) - client-7F0E3D1D48AB->4803ef64-8996-418d-89c0-57ea0fe6bc6a: receive RaftClientReply:client-7F0E3D1D48AB->4803ef64-8996-418d-89c0-57ea0fe6bc6a@group-EF5D545D2B77, cid=184, FAILED org.apache.ratis.protocol.NotLeaderException: Server 4803ef64-8996-418d-89c0-57ea0fe6bc6a is not the leader (0c838819-3df6-4ef3-ab53-303f2178b7dc:192.168.69.105:43371). Request must be sent to leader., logIndex=0, commits[4803ef64-8996-418d-89c0-57ea0fe6bc6a:c16, 0c838819-3df6-4ef3-ab53-303f2178b7dc:c16, 2d010cef-60b6-41ea-978a-486fd035ec3e:c16]
2019-08-20 18:47:37,088 | INFO  | SCMAudit | user=jenkins1000 | ip=192.168.69.105 | op=SEND_HEARTBEAT {datanodeUUID=2c3705c7-c55e-4fe5-a1eb-903b30dba60b, command=[]} | ret=SUCCESS |  
2019-08-20 18:47:37,328 | INFO  | SCMAudit | user=jenkins1000 | ip=192.168.69.105 | op=SEND_HEARTBEAT {datanodeUUID=77f6c16c-5a77-4d2e-9dcc-aa40b17a66e4, command=[]} | ret=SUCCESS |  
2019-08-20 18:47:37,510 | INFO  | SCMAudit | user=jenkins1000 | ip=192.168.69.105 | op=SEND_HEARTBEAT {datanodeUUID=cf6953c2-32b6-42f7-ab38-bddb14a599b2, command=[]} | ret=SUCCESS |  
2019-08-20 18:47:37,604 | INFO  | SCMAudit | user=jenkins1000 | ip=192.168.69.105 | op=SEND_HEARTBEAT {datanodeUUID=2d010cef-60b6-41ea-978a-486fd035ec3e, command=[]} | ret=SUCCESS |  
2019-08-20 18:47:37,604 | INFO  | SCMAudit | user=jenkins1000 | ip=192.168.69.105 | op=SEND_HEARTBEAT {datanodeUUID=4803ef64-8996-418d-89c0-57ea0fe6bc6a, command=[]} | ret=SUCCESS |  
2019-08-20 18:47:37,888 | INFO  | SCMAudit | user=jenkins1000 | ip=192.168.69.105 | op=SEND_HEARTBEAT {datanodeUUID=cdb5f687-1183-4537-b7fe-600d71f89ce8, command=[]} | ret=SUCCESS |  
2019-08-20 18:47:37,973 [grpc-default-executor-6] INFO  client.GrpcClientProtocolClient (GrpcClientProtocolClient.java:onNext(255)) - client-7F0E3D1D48AB->4803ef64-8996-418d-89c0-57ea0fe6bc6a: receive RaftClientReply:client-7F0E3D1D48AB->4803ef64-8996-418d-89c0-57ea0fe6bc6a@group-EF5D545D2B77, cid=184, FAILED org.apache.ratis.protocol.NotLeaderException: Server 4803ef64-8996-418d-89c0-57ea0fe6bc6a is not the leader (0c838819-3df6-4ef3-ab53-303f2178b7dc:192.168.69.105:43371). Request must be sent to leader., logIndex=0, commits[4803ef64-8996-418d-89c0-57ea0fe6bc6a:c16, 0c838819-3df6-4ef3-ab53-303f2178b7dc:c16, 2d010cef-60b6-41ea-978a-486fd035ec3e:c16]
2019-08-20 18:47:38,088 | INFO  | SCMAudit | user=jenkins1000 | ip=192.168.69.105 | op=SEND_HEARTBEAT {datanodeUUID=2c3705c7-c55e-4fe5-a1eb-903b30dba60b, command=[]} | ret=SUCCESS |  
2019-08-20 18:47:38,327 | INFO  | SCMAudit | user=jenkins1000 | ip=192.168.69.105 | op=SEND_HEARTBEAT {datanodeUUID=77f6c16c-5a77-4d2e-9dcc-aa40b17a66e4, command=[]} | ret=SUCCESS |  
2019-08-20 18:47:38,510 | INFO  | SCMAudit | user=jenkins1000 | ip=192.168.69.105 | op=SEND_HEARTBEAT {datanodeUUID=cf6953c2-32b6-42f7-ab38-bddb14a599b2, command=[]} | ret=SUCCESS |  
2019-08-20 18:47:38,605 | INFO  | SCMAudit | user=jenkins1000 | ip=192.168.69.105 | op=SEND_HEARTBEAT {datanodeUUID=4803ef64-8996-418d-89c0-57ea0fe6bc6a, command=[]} | ret=SUCCESS |  
2019-08-20 18:47:38,605 | INFO  | SCMAudit | user=jenkins1000 | ip=192.168.69.105 | op=SEND_HEARTBEAT {datanodeUUID=2d010cef-60b6-41ea-978a-486fd035ec3e, command=[]} | ret=SUCCESS |  
2019-08-20 18:47:38,889 | INFO  | SCMAudit | user=jenkins1000 | ip=192.168.69.105 | op=SEND_HEARTBEAT {datanodeUUID=cdb5f687-1183-4537-b7fe-600d71f89ce8, command=[]} | ret=SUCCESS |  
2019-08-20 18:47:38,988 [grpc-default-executor-6] INFO  client.GrpcClientProtocolClient (GrpcClientProtocolClient.java:onNext(255)) - client-7F0E3D1D48AB->2d010cef-60b6-41ea-978a-486fd035ec3e: receive RaftClientReply:client-7F0E3D1D48AB->2d010cef-60b6-41ea-978a-486fd035ec3e@group-EF5D545D2B77, cid=184, FAILED org.apache.ratis.protocol.NotLeaderException: Server 2d010cef-60b6-41ea-978a-486fd035ec3e is not the leader (0c838819-3df6-4ef3-ab53-303f2178b7dc:192.168.69.105:43371). Request must be sent to leader., logIndex=0, commits[2d010cef-60b6-41ea-978a-486fd035ec3e:c16, 4803ef64-8996-418d-89c0-57ea0fe6bc6a:c16, 0c838819-3df6-4ef3-ab53-303f2178b7dc:c16]
2019-08-20 18:47:39,088 | INFO  | SCMAudit | user=jenkins1000 | ip=192.168.69.105 | op=SEND_HEARTBEAT {datanodeUUID=2c3705c7-c55e-4fe5-a1eb-903b30dba60b, command=[]} | ret=SUCCESS |  
2019-08-20 18:47:39,327 | INFO  | SCMAudit | user=jenkins1000 | ip=192.168.69.105 | op=SEND_HEARTBEAT {datanodeUUID=77f6c16c-5a77-4d2e-9dcc-aa40b17a66e4, command=[]} | ret=SUCCESS |  
2019-08-20 18:47:39,511 | INFO  | SCMAudit | user=jenkins1000 | ip=192.168.69.105 | op=SEND_HEARTBEAT {datanodeUUID=cf6953c2-32b6-42f7-ab38-bddb14a599b2, command=[]} | ret=SUCCESS |  
2019-08-20 18:47:39,605 | INFO  | SCMAudit | user=jenkins1000 | ip=192.168.69.105 | op=SEND_HEARTBEAT {datanodeUUID=2d010cef-60b6-41ea-978a-486fd035ec3e, command=[]} | ret=SUCCESS |  
2019-08-20 18:47:39,606 | INFO  | SCMAudit | user=jenkins1000 | ip=192.168.69.105 | op=SEND_HEARTBEAT {datanodeUUID=4803ef64-8996-418d-89c0-57ea0fe6bc6a, command=[]} | ret=SUCCESS |  
2019-08-20 18:47:39,889 | INFO  | SCMAudit | user=jenkins1000 | ip=192.168.69.105 | op=SEND_HEARTBEAT {datanodeUUID=cdb5f687-1183-4537-b7fe-600d71f89ce8, command=[]} | ret=SUCCESS |  
2019-08-20 18:47:40,002 [grpc-default-executor-9] INFO  client.GrpcClientProtocolClient (GrpcClientProtocolClient.java:onNext(255)) - client-7F0E3D1D48AB->4803ef64-8996-418d-89c0-57ea0fe6bc6a: receive RaftClientReply:client-7F0E3D1D48AB->4803ef64-8996-418d-89c0-57ea0fe6bc6a@group-EF5D545D2B77, cid=184, FAILED org.apache.ratis.protocol.NotLeaderException: Server 4803ef64-8996-418d-89c0-57ea0fe6bc6a is not the leader (0c838819-3df6-4ef3-ab53-303f2178b7dc:192.168.69.105:43371). Request must be sent to leader., logIndex=0, commits[4803ef64-8996-418d-89c0-57ea0fe6bc6a:c16, 0c838819-3df6-4ef3-ab53-303f2178b7dc:c16, 2d010cef-60b6-41ea-978a-486fd035ec3e:c16]
2019-08-20 18:47:40,088 | INFO  | SCMAudit | user=jenkins1000 | ip=192.168.69.105 | op=SEND_HEARTBEAT {datanodeUUID=2c3705c7-c55e-4fe5-a1eb-903b30dba60b, command=[]} | ret=SUCCESS |  
2019-08-20 18:47:40,327 | INFO  | SCMAudit | user=jenkins1000 | ip=192.168.69.105 | op=SEND_HEARTBEAT {datanodeUUID=77f6c16c-5a77-4d2e-9dcc-aa40b17a66e4, command=[]} | ret=SUCCESS |  
2019-08-20 18:47:40,510 | INFO  | SCMAudit | user=jenkins1000 | ip=192.168.69.105 | op=SEND_HEARTBEAT {datanodeUUID=cf6953c2-32b6-42f7-ab38-bddb14a599b2, command=[]} | ret=SUCCESS |  
2019-08-20 18:47:40,605 | INFO  | SCMAudit | user=jenkins1000 | ip=192.168.69.105 | op=SEND_HEARTBEAT {datanodeUUID=2d010cef-60b6-41ea-978a-486fd035ec3e, command=[]} | ret=SUCCESS |  
2019-08-20 18:47:40,606 | INFO  | SCMAudit | user=jenkins1000 | ip=192.168.69.105 | op=SEND_HEARTBEAT {datanodeUUID=4803ef64-8996-418d-89c0-57ea0fe6bc6a, command=[]} | ret=SUCCESS |  
2019-08-20 18:47:40,889 | INFO  | SCMAudit | user=jenkins1000 | ip=192.168.69.105 | op=SEND_HEARTBEAT {datanodeUUID=cdb5f687-1183-4537-b7fe-600d71f89ce8, command=[]} | ret=SUCCESS |  
2019-08-20 18:47:41,015 [grpc-default-executor-5] INFO  client.GrpcClientProtocolClient (GrpcClientProtocolClient.java:onNext(255)) - client-7F0E3D1D48AB->2d010cef-60b6-41ea-978a-486fd035ec3e: receive RaftClientReply:client-7F0E3D1D48AB->2d010cef-60b6-41ea-978a-486fd035ec3e@group-EF5D545D2B77, cid=184, FAILED org.apache.ratis.protocol.NotLeaderException: Server 2d010cef-60b6-41ea-978a-486fd035ec3e is not the leader (0c838819-3df6-4ef3-ab53-303f2178b7dc:192.168.69.105:43371). Request must be sent to leader., logIndex=0, commits[2d010cef-60b6-41ea-978a-486fd035ec3e:c16, 4803ef64-8996-418d-89c0-57ea0fe6bc6a:c16, 0c838819-3df6-4ef3-ab53-303f2178b7dc:c16]
2019-08-20 18:47:41,088 | INFO  | SCMAudit | user=jenkins1000 | ip=192.168.69.105 | op=SEND_HEARTBEAT {datanodeUUID=2c3705c7-c55e-4fe5-a1eb-903b30dba60b, command=[]} | ret=SUCCESS |  
2019-08-20 18:47:41,327 | INFO  | SCMAudit | user=jenkins1000 | ip=192.168.69.105 | op=SEND_HEARTBEAT {datanodeUUID=77f6c16c-5a77-4d2e-9dcc-aa40b17a66e4, command=[]} | ret=SUCCESS |  
2019-08-20 18:47:41,510 | INFO  | SCMAudit | user=jenkins1000 | ip=192.168.69.105 | op=SEND_HEARTBEAT {datanodeUUID=cf6953c2-32b6-42f7-ab38-bddb14a599b2, command=[]} | ret=SUCCESS |  
2019-08-20 18:47:41,605 | INFO  | SCMAudit | user=jenkins1000 | ip=192.168.69.105 | op=SEND_HEARTBEAT {datanodeUUID=2d010cef-60b6-41ea-978a-486fd035ec3e, command=[]} | ret=SUCCESS |  
2019-08-20 18:47:41,607 | INFO  | SCMAudit | user=jenkins1000 | ip=192.168.69.105 | op=SEND_HEARTBEAT {datanodeUUID=4803ef64-8996-418d-89c0-57ea0fe6bc6a, command=[]} | ret=SUCCESS |  
2019-08-20 18:47:41,889 | INFO  | SCMAudit | user=jenkins1000 | ip=192.168.69.105 | op=SEND_HEARTBEAT {datanodeUUID=cdb5f687-1183-4537-b7fe-600d71f89ce8, command=[]} | ret=SUCCESS |  
2019-08-20 18:47:42,029 [grpc-default-executor-9] INFO  client.GrpcClientProtocolClient (GrpcClientProtocolClient.java:onNext(255)) - client-7F0E3D1D48AB->2d010cef-60b6-41ea-978a-486fd035ec3e: receive RaftClientReply:client-7F0E3D1D48AB->2d010cef-60b6-41ea-978a-486fd035ec3e@group-EF5D545D2B77, cid=184, FAILED org.apache.ratis.protocol.NotLeaderException: Server 2d010cef-60b6-41ea-978a-486fd035ec3e is not the leader (0c838819-3df6-4ef3-ab53-303f2178b7dc:192.168.69.105:43371). Request must be sent to leader., logIndex=0, commits[2d010cef-60b6-41ea-978a-486fd035ec3e:c16, 4803ef64-8996-418d-89c0-57ea0fe6bc6a:c16, 0c838819-3df6-4ef3-ab53-303f2178b7dc:c16]
2019-08-20 18:47:42,088 | INFO  | SCMAudit | user=jenkins1000 | ip=192.168.69.105 | op=SEND_HEARTBEAT {datanodeUUID=2c3705c7-c55e-4fe5-a1eb-903b30dba60b, command=[]} | ret=SUCCESS |  
2019-08-20 18:47:42,328 | INFO  | SCMAudit | user=jenkins1000 | ip=192.168.69.105 | op=SEND_HEARTBEAT {datanodeUUID=77f6c16c-5a77-4d2e-9dcc-aa40b17a66e4, command=[]} | ret=SUCCESS |  
2019-08-20 18:47:42,511 | INFO  | SCMAudit | user=jenkins1000 | ip=192.168.69.105 | op=SEND_HEARTBEAT {datanodeUUID=cf6953c2-32b6-42f7-ab38-bddb14a599b2, command=[]} | ret=SUCCESS |  
2019-08-20 18:47:42,574 [Thread-3417] INFO  impl.FollowerState (FollowerState.java:run(106)) - 4803ef64-8996-418d-89c0-57ea0fe6bc6a:group-EF5D545D2B77 changes to CANDIDATE, lastRpcTime:9743, electionTimeout:5101ms
2019-08-20 18:47:42,575 [Thread-3417] INFO  impl.RoleInfo (RoleInfo.java:shutdownFollowerState(121)) - 4803ef64-8996-418d-89c0-57ea0fe6bc6a: shutdown FollowerState
2019-08-20 18:47:42,575 [Thread-3417] INFO  impl.RaftServerImpl (RaftServerImpl.java:setRole(171)) - 4803ef64-8996-418d-89c0-57ea0fe6bc6a:group-EF5D545D2B77 changes role from FOLLOWER to CANDIDATE at term 1 for changeToCandidate
2019-08-20 18:47:42,575 [Thread-3417] INFO  impl.RoleInfo (RoleInfo.java:updateAndGet(143)) - 4803ef64-8996-418d-89c0-57ea0fe6bc6a: start LeaderElection
2019-08-20 18:47:42,578 [4803ef64-8996-418d-89c0-57ea0fe6bc6a:group-EF5D545D2B77:LeaderElection70] INFO  impl.RaftServerImpl (ServerState.java:setLeader(263)) - 4803ef64-8996-418d-89c0-57ea0fe6bc6a:group-EF5D545D2B77 change Leader from 0c838819-3df6-4ef3-ab53-303f2178b7dc to null at term 1 for initElection
2019-08-20 18:47:42,591 [4803ef64-8996-418d-89c0-57ea0fe6bc6a:group-EF5D545D2B77:LeaderElection70] INFO  impl.LeaderElection (LeaderElection.java:askForVotes(181)) - 4803ef64-8996-418d-89c0-57ea0fe6bc6a:group-EF5D545D2B77:LeaderElection70: begin an election at term 2 for 0: [4803ef64-8996-418d-89c0-57ea0fe6bc6a:192.168.69.105:43588, 0c838819-3df6-4ef3-ab53-303f2178b7dc:192.168.69.105:43371, 2d010cef-60b6-41ea-978a-486fd035ec3e:192.168.69.105:34123], old=null
2019-08-20 18:47:42,594 [4803ef64-8996-418d-89c0-57ea0fe6bc6a:group-EF5D545D2B77:LeaderElection70] INFO  impl.LeaderElection (LogUtils.java:infoOrTrace(149)) - 4803ef64-8996-418d-89c0-57ea0fe6bc6a:group-EF5D545D2B77:LeaderElection70 got exception when requesting votes: {}
java.util.concurrent.ExecutionException: org.apache.ratis.thirdparty.io.grpc.StatusRuntimeException: UNAVAILABLE: io exception
	at java.util.concurrent.FutureTask.report(FutureTask.java:122)
	at java.util.concurrent.FutureTask.get(FutureTask.java:192)
	at org.apache.ratis.server.impl.LeaderElection.waitForResults(LeaderElection.java:262)
	at org.apache.ratis.server.impl.LeaderElection.askForVotes(LeaderElection.java:200)
	at org.apache.ratis.server.impl.LeaderElection.run(LeaderElection.java:130)
	at java.lang.Thread.run(Thread.java:748)
Caused by: org.apache.ratis.thirdparty.io.grpc.StatusRuntimeException: UNAVAILABLE: io exception
	at org.apache.ratis.thirdparty.io.grpc.stub.ClientCalls.toStatusRuntimeException(ClientCalls.java:233)
	at org.apache.ratis.thirdparty.io.grpc.stub.ClientCalls.getUnchecked(ClientCalls.java:214)
	at org.apache.ratis.thirdparty.io.grpc.stub.ClientCalls.blockingUnaryCall(ClientCalls.java:139)
	at org.apache.ratis.proto.grpc.RaftServerProtocolServiceGrpc$RaftServerProtocolServiceBlockingStub.requestVote(RaftServerProtocolServiceGrpc.java:265)
	at org.apache.ratis.grpc.server.GrpcServerProtocolClient.requestVote(GrpcServerProtocolClient.java:83)
	at org.apache.ratis.grpc.server.GrpcService.requestVote(GrpcService.java:195)
	at org.apache.ratis.server.impl.LeaderElection.lambda$submitRequests$1(LeaderElection.java:237)
	at java.util.concurrent.FutureTask.run(FutureTask.java:266)
	at java.util.concurrent.Executors$RunnableAdapter.call(Executors.java:511)
	at java.util.concurrent.FutureTask.run(FutureTask.java:266)
	at java.util.concurrent.ThreadPoolExecutor.runWorker(ThreadPoolExecutor.java:1149)
	at java.util.concurrent.ThreadPoolExecutor$Worker.run(ThreadPoolExecutor.java:624)
	... 1 more
Caused by: org.apache.ratis.thirdparty.io.netty.channel.AbstractChannel$AnnotatedConnectException: Connection refused: /192.168.69.105:43371
	at sun.nio.ch.SocketChannelImpl.checkConnect(Native Method)
	at sun.nio.ch.SocketChannelImpl.finishConnect(SocketChannelImpl.java:717)
	at org.apache.ratis.thirdparty.io.netty.channel.socket.nio.NioSocketChannel.doFinishConnect(NioSocketChannel.java:327)
	at org.apache.ratis.thirdparty.io.netty.channel.nio.AbstractNioChannel$AbstractNioUnsafe.finishConnect(AbstractNioChannel.java:340)
	at org.apache.ratis.thirdparty.io.netty.channel.nio.NioEventLoop.processSelectedKey(NioEventLoop.java:632)
	at org.apache.ratis.thirdparty.io.netty.channel.nio.NioEventLoop.processSelectedKeysOptimized(NioEventLoop.java:579)
	at org.apache.ratis.thirdparty.io.netty.channel.nio.NioEventLoop.processSelectedKeys(NioEventLoop.java:496)
	at org.apache.ratis.thirdparty.io.netty.channel.nio.NioEventLoop.run(NioEventLoop.java:458)
	at org.apache.ratis.thirdparty.io.netty.util.concurrent.SingleThreadEventExecutor$5.run(SingleThreadEventExecutor.java:897)
	at org.apache.ratis.thirdparty.io.netty.util.concurrent.FastThreadLocalRunnable.run(FastThreadLocalRunnable.java:30)
	... 1 more
Caused by: java.net.ConnectException: Connection refused
	... 11 more
2019-08-20 18:47:42,597 [grpc-default-executor-6] INFO  impl.RaftServerImpl (ServerState.java:setLeader(263)) - 2d010cef-60b6-41ea-978a-486fd035ec3e:group-EF5D545D2B77 change Leader from 0c838819-3df6-4ef3-ab53-303f2178b7dc to null at term 2 for updateCurrentTerm
2019-08-20 18:47:42,597 [grpc-default-executor-6] INFO  impl.RaftServerImpl (RaftServerImpl.java:setRole(171)) - 2d010cef-60b6-41ea-978a-486fd035ec3e:group-EF5D545D2B77 changes role from FOLLOWER to FOLLOWER at term 2 for recognizeCandidate:4803ef64-8996-418d-89c0-57ea0fe6bc6a
2019-08-20 18:47:42,597 [grpc-default-executor-6] INFO  impl.RoleInfo (RoleInfo.java:shutdownFollowerState(121)) - 2d010cef-60b6-41ea-978a-486fd035ec3e: shutdown FollowerState
2019-08-20 18:47:42,598 [grpc-default-executor-6] INFO  impl.RoleInfo (RoleInfo.java:updateAndGet(143)) - 2d010cef-60b6-41ea-978a-486fd035ec3e: start FollowerState
2019-08-20 18:47:42,598 [Thread-3416] INFO  impl.FollowerState (FollowerState.java:run(114)) - 2d010cef-60b6-41ea-978a-486fd035ec3e: FollowerState was interrupted: java.lang.InterruptedException: sleep interrupted
2019-08-20 18:47:42,605 | INFO  | SCMAudit | user=jenkins1000 | ip=192.168.69.105 | op=SEND_HEARTBEAT {datanodeUUID=2d010cef-60b6-41ea-978a-486fd035ec3e, command=[]} | ret=SUCCESS |  
2019-08-20 18:47:42,606 | INFO  | SCMAudit | user=jenkins1000 | ip=192.168.69.105 | op=SEND_HEARTBEAT {datanodeUUID=4803ef64-8996-418d-89c0-57ea0fe6bc6a, command=[]} | ret=SUCCESS |  
2019-08-20 18:47:42,615 [4803ef64-8996-418d-89c0-57ea0fe6bc6a:group-EF5D545D2B77:LeaderElection70] INFO  impl.LeaderElection (LeaderElection.java:logAndReturn(56)) - 4803ef64-8996-418d-89c0-57ea0fe6bc6a:group-EF5D545D2B77:LeaderElection70: Election PASSED; received 1 response(s) [4803ef64-8996-418d-89c0-57ea0fe6bc6a<-2d010cef-60b6-41ea-978a-486fd035ec3e#0:OK-t2] and 1 exception(s); 4803ef64-8996-418d-89c0-57ea0fe6bc6a:t2, leader=null, voted=4803ef64-8996-418d-89c0-57ea0fe6bc6a, raftlog=4803ef64-8996-418d-89c0-57ea0fe6bc6a-SegmentedRaftLog:OPENED:c16,f16,i16, conf=0: [4803ef64-8996-418d-89c0-57ea0fe6bc6a:192.168.69.105:43588, 0c838819-3df6-4ef3-ab53-303f2178b7dc:192.168.69.105:43371, 2d010cef-60b6-41ea-978a-486fd035ec3e:192.168.69.105:34123], old=null
2019-08-20 18:47:42,615 [4803ef64-8996-418d-89c0-57ea0fe6bc6a:group-EF5D545D2B77:LeaderElection70] INFO  impl.LeaderElection (LogUtils.java:infoOrTrace(149)) -   Exception 0: {}
java.util.concurrent.ExecutionException: org.apache.ratis.thirdparty.io.grpc.StatusRuntimeException: UNAVAILABLE: io exception
	at java.util.concurrent.FutureTask.report(FutureTask.java:122)
	at java.util.concurrent.FutureTask.get(FutureTask.java:192)
	at org.apache.ratis.server.impl.LeaderElection.waitForResults(LeaderElection.java:262)
	at org.apache.ratis.server.impl.LeaderElection.askForVotes(LeaderElection.java:200)
	at org.apache.ratis.server.impl.LeaderElection.run(LeaderElection.java:130)
	at java.lang.Thread.run(Thread.java:748)
Caused by: org.apache.ratis.thirdparty.io.grpc.StatusRuntimeException: UNAVAILABLE: io exception
	at org.apache.ratis.thirdparty.io.grpc.stub.ClientCalls.toStatusRuntimeException(ClientCalls.java:233)
	at org.apache.ratis.thirdparty.io.grpc.stub.ClientCalls.getUnchecked(ClientCalls.java:214)
	at org.apache.ratis.thirdparty.io.grpc.stub.ClientCalls.blockingUnaryCall(ClientCalls.java:139)
	at org.apache.ratis.proto.grpc.RaftServerProtocolServiceGrpc$RaftServerProtocolServiceBlockingStub.requestVote(RaftServerProtocolServiceGrpc.java:265)
	at org.apache.ratis.grpc.server.GrpcServerProtocolClient.requestVote(GrpcServerProtocolClient.java:83)
	at org.apache.ratis.grpc.server.GrpcService.requestVote(GrpcService.java:195)
	at org.apache.ratis.server.impl.LeaderElection.lambda$submitRequests$1(LeaderElection.java:237)
	at java.util.concurrent.FutureTask.run(FutureTask.java:266)
	at java.util.concurrent.Executors$RunnableAdapter.call(Executors.java:511)
	at java.util.concurrent.FutureTask.run(FutureTask.java:266)
	at java.util.concurrent.ThreadPoolExecutor.runWorker(ThreadPoolExecutor.java:1149)
	at java.util.concurrent.ThreadPoolExecutor$Worker.run(ThreadPoolExecutor.java:624)
	... 1 more
Caused by: org.apache.ratis.thirdparty.io.netty.channel.AbstractChannel$AnnotatedConnectException: Connection refused: /192.168.69.105:43371
	at sun.nio.ch.SocketChannelImpl.checkConnect(Native Method)
	at sun.nio.ch.SocketChannelImpl.finishConnect(SocketChannelImpl.java:717)
	at org.apache.ratis.thirdparty.io.netty.channel.socket.nio.NioSocketChannel.doFinishConnect(NioSocketChannel.java:327)
	at org.apache.ratis.thirdparty.io.netty.channel.nio.AbstractNioChannel$AbstractNioUnsafe.finishConnect(AbstractNioChannel.java:340)
	at org.apache.ratis.thirdparty.io.netty.channel.nio.NioEventLoop.processSelectedKey(NioEventLoop.java:632)
	at org.apache.ratis.thirdparty.io.netty.channel.nio.NioEventLoop.processSelectedKeysOptimized(NioEventLoop.java:579)
	at org.apache.ratis.thirdparty.io.netty.channel.nio.NioEventLoop.processSelectedKeys(NioEventLoop.java:496)
	at org.apache.ratis.thirdparty.io.netty.channel.nio.NioEventLoop.run(NioEventLoop.java:458)
	at org.apache.ratis.thirdparty.io.netty.util.concurrent.SingleThreadEventExecutor$5.run(SingleThreadEventExecutor.java:897)
	at org.apache.ratis.thirdparty.io.netty.util.concurrent.FastThreadLocalRunnable.run(FastThreadLocalRunnable.java:30)
	... 1 more
Caused by: java.net.ConnectException: Connection refused
	... 11 more
2019-08-20 18:47:42,615 [4803ef64-8996-418d-89c0-57ea0fe6bc6a:group-EF5D545D2B77:LeaderElection70] INFO  impl.RoleInfo (RoleInfo.java:shutdownLeaderElection(134)) - 4803ef64-8996-418d-89c0-57ea0fe6bc6a: shutdown LeaderElection
2019-08-20 18:47:42,616 [4803ef64-8996-418d-89c0-57ea0fe6bc6a:group-EF5D545D2B77:LeaderElection70] INFO  impl.RaftServerImpl (RaftServerImpl.java:setRole(171)) - 4803ef64-8996-418d-89c0-57ea0fe6bc6a:group-EF5D545D2B77 changes role from CANDIDATE to LEADER at term 2 for changeToLeader
2019-08-20 18:47:42,616 [4803ef64-8996-418d-89c0-57ea0fe6bc6a:group-EF5D545D2B77:LeaderElection70] INFO  impl.RaftServerImpl (ServerState.java:setLeader(263)) - 4803ef64-8996-418d-89c0-57ea0fe6bc6a:group-EF5D545D2B77 change Leader from null to 4803ef64-8996-418d-89c0-57ea0fe6bc6a at term 2 for becomeLeader, leader elected after 38ms
2019-08-20 18:47:42,616 [4803ef64-8996-418d-89c0-57ea0fe6bc6a:group-EF5D545D2B77:LeaderElection70] INFO  server.RaftServerConfigKeys (ConfUtils.java:logGet(43)) - raft.server.staging.catchup.gap = 1000 (default)
2019-08-20 18:47:42,616 [4803ef64-8996-418d-89c0-57ea0fe6bc6a:group-EF5D545D2B77:LeaderElection70] INFO  server.RaftServerConfigKeys (ConfUtils.java:logGet(43)) - raft.server.rpc.sleep.time = 25ms (default)
2019-08-20 18:47:42,616 [4803ef64-8996-418d-89c0-57ea0fe6bc6a:group-EF5D545D2B77:LeaderElection70] INFO  server.RaftServerConfigKeys (ConfUtils.java:logGet(43)) - raft.server.write.element-limit = 4096 (default)
2019-08-20 18:47:42,617 [4803ef64-8996-418d-89c0-57ea0fe6bc6a:group-EF5D545D2B77:LeaderElection70] INFO  server.RaftServerConfigKeys (ConfUtils.java:logGet(43)) - raft.server.watch.timeout = 10s (default)
2019-08-20 18:47:42,617 [4803ef64-8996-418d-89c0-57ea0fe6bc6a:group-EF5D545D2B77:LeaderElection70] INFO  server.RaftServerConfigKeys (ConfUtils.java:logGet(43)) - raft.server.watch.timeout.denomination = 1s (default)
2019-08-20 18:47:42,617 [4803ef64-8996-418d-89c0-57ea0fe6bc6a:group-EF5D545D2B77:LeaderElection70] INFO  server.RaftServerConfigKeys (ConfUtils.java:logGet(43)) - raft.server.watch.element-limit = 65536 (default)
2019-08-20 18:47:42,617 [4803ef64-8996-418d-89c0-57ea0fe6bc6a:group-EF5D545D2B77:LeaderElection70] INFO  server.RaftServerConfigKeys (ConfUtils.java:logGet(43)) - raft.server.log.appender.snapshot.chunk.size.max = 16MB (=16777216) (default)
2019-08-20 18:47:42,618 [4803ef64-8996-418d-89c0-57ea0fe6bc6a:group-EF5D545D2B77:LeaderElection70] INFO  server.RaftServerConfigKeys (ConfUtils.java:logGet(43)) - raft.server.log.appender.buffer.byte-limit = 33554432 (custom)
2019-08-20 18:47:42,618 [4803ef64-8996-418d-89c0-57ea0fe6bc6a:group-EF5D545D2B77:LeaderElection70] INFO  server.RaftServerConfigKeys (ConfUtils.java:logGet(43)) - raft.server.log.appender.buffer.element-limit = 1 (custom)
2019-08-20 18:47:42,618 [4803ef64-8996-418d-89c0-57ea0fe6bc6a:group-EF5D545D2B77:LeaderElection70] INFO  grpc.GrpcConfigKeys$Server (ConfUtils.java:logGet(43)) - raft.grpc.server.leader.outstanding.appends.max = 128 (default)
2019-08-20 18:47:42,618 [4803ef64-8996-418d-89c0-57ea0fe6bc6a:group-EF5D545D2B77:LeaderElection70] INFO  server.RaftServerConfigKeys (ConfUtils.java:logGet(43)) - raft.server.rpc.request.timeout = 3000ms (default)
2019-08-20 18:47:42,618 [4803ef64-8996-418d-89c0-57ea0fe6bc6a:group-EF5D545D2B77:LeaderElection70] INFO  server.RaftServerConfigKeys (ConfUtils.java:logGet(43)) - raft.server.log.appender.install.snapshot.enabled = false (custom)
2019-08-20 18:47:42,619 [4803ef64-8996-418d-89c0-57ea0fe6bc6a:group-EF5D545D2B77:LeaderElection70] INFO  server.RaftServerConfigKeys (ConfUtils.java:logGet(43)) - raft.server.log.appender.snapshot.chunk.size.max = 16MB (=16777216) (default)
2019-08-20 18:47:42,619 [4803ef64-8996-418d-89c0-57ea0fe6bc6a:group-EF5D545D2B77:LeaderElection70] INFO  server.RaftServerConfigKeys (ConfUtils.java:logGet(43)) - raft.server.log.appender.buffer.byte-limit = 33554432 (custom)
2019-08-20 18:47:42,619 [4803ef64-8996-418d-89c0-57ea0fe6bc6a:group-EF5D545D2B77:LeaderElection70] INFO  server.RaftServerConfigKeys (ConfUtils.java:logGet(43)) - raft.server.log.appender.buffer.element-limit = 1 (custom)
2019-08-20 18:47:42,619 [4803ef64-8996-418d-89c0-57ea0fe6bc6a:group-EF5D545D2B77:LeaderElection70] INFO  grpc.GrpcConfigKeys$Server (ConfUtils.java:logGet(43)) - raft.grpc.server.leader.outstanding.appends.max = 128 (default)
2019-08-20 18:47:42,619 [4803ef64-8996-418d-89c0-57ea0fe6bc6a:group-EF5D545D2B77:LeaderElection70] INFO  server.RaftServerConfigKeys (ConfUtils.java:logGet(43)) - raft.server.rpc.request.timeout = 3000ms (default)
2019-08-20 18:47:42,620 [4803ef64-8996-418d-89c0-57ea0fe6bc6a:group-EF5D545D2B77:LeaderElection70] INFO  server.RaftServerConfigKeys (ConfUtils.java:logGet(43)) - raft.server.log.appender.install.snapshot.enabled = false (custom)
2019-08-20 18:47:42,620 [4803ef64-8996-418d-89c0-57ea0fe6bc6a:group-EF5D545D2B77:LeaderElection70] INFO  impl.RoleInfo (RoleInfo.java:updateAndGet(143)) - 4803ef64-8996-418d-89c0-57ea0fe6bc6a: start LeaderState
2019-08-20 18:47:42,620 [4803ef64-8996-418d-89c0-57ea0fe6bc6a:group-EF5D545D2B77:LeaderElection70] INFO  segmented.SegmentedRaftLogWorker (SegmentedRaftLogWorker.java:rollLogSegment(385)) - 4803ef64-8996-418d-89c0-57ea0fe6bc6a-SegmentedRaftLogWorker:Storage Directory /workdir/hadoop-ozone/integration-test/target/test-dir/MiniOzoneClusterImpl-608c326c-aa6a-4be1-85ed-041816735c61/datanode-5/data/ratis/959ae45f-6ab0-4dd7-b5c0-ef5d545d2b77: Rolling segment log-0_16 to index:16
2019-08-20 18:47:42,621 [4803ef64-8996-418d-89c0-57ea0fe6bc6a-SegmentedRaftLogWorker:Storage Directory /workdir/hadoop-ozone/integration-test/target/test-dir/MiniOzoneClusterImpl-608c326c-aa6a-4be1-85ed-041816735c61/datanode-5/data/ratis/959ae45f-6ab0-4dd7-b5c0-ef5d545d2b77] INFO  segmented.SegmentedRaftLogWorker (SegmentedRaftLogWorker.java:execute(526)) - 4803ef64-8996-418d-89c0-57ea0fe6bc6a-SegmentedRaftLogWorker:Storage Directory /workdir/hadoop-ozone/integration-test/target/test-dir/MiniOzoneClusterImpl-608c326c-aa6a-4be1-85ed-041816735c61/datanode-5/data/ratis/959ae45f-6ab0-4dd7-b5c0-ef5d545d2b77: Rolled log segment from /workdir/hadoop-ozone/integration-test/target/test-dir/MiniOzoneClusterImpl-608c326c-aa6a-4be1-85ed-041816735c61/datanode-5/data/ratis/959ae45f-6ab0-4dd7-b5c0-ef5d545d2b77/current/log_inprogress_0 to /workdir/hadoop-ozone/integration-test/target/test-dir/MiniOzoneClusterImpl-608c326c-aa6a-4be1-85ed-041816735c61/datanode-5/data/ratis/959ae45f-6ab0-4dd7-b5c0-ef5d545d2b77/current/log_0-16
2019-08-20 18:47:42,621 [4803ef64-8996-418d-89c0-57ea0fe6bc6a:group-EF5D545D2B77:LeaderElection70] INFO  impl.RaftServerImpl (ServerState.java:setRaftConf(361)) - 4803ef64-8996-418d-89c0-57ea0fe6bc6a:group-EF5D545D2B77 set configuration 17: [4803ef64-8996-418d-89c0-57ea0fe6bc6a:192.168.69.105:43588, 0c838819-3df6-4ef3-ab53-303f2178b7dc:192.168.69.105:43371, 2d010cef-60b6-41ea-978a-486fd035ec3e:192.168.69.105:34123], old=null at 17
2019-08-20 18:47:42,622 [grpc-default-executor-6] WARN  server.GrpcLogAppender (LogUtils.java:warn(134)) - 4803ef64-8996-418d-89c0-57ea0fe6bc6a->0c838819-3df6-4ef3-ab53-303f2178b7dc: Failed appendEntries: org.apache.ratis.thirdparty.io.grpc.StatusRuntimeException: UNAVAILABLE: io exception
2019-08-20 18:47:42,622 [grpc-default-executor-6] INFO  impl.FollowerInfo (FollowerInfo.java:lambda$new$0(50)) - 4803ef64-8996-418d-89c0-57ea0fe6bc6a->0c838819-3df6-4ef3-ab53-303f2178b7dc: nextIndex: updateUnconditionally 17 -> 1
2019-08-20 18:47:42,623 [grpc-default-executor-6] INFO  impl.RaftServerImpl (ServerState.java:setLeader(263)) - 2d010cef-60b6-41ea-978a-486fd035ec3e:group-EF5D545D2B77 change Leader from null to 4803ef64-8996-418d-89c0-57ea0fe6bc6a at term 2 for appendEntries, leader elected after 26ms
2019-08-20 18:47:42,626 [grpc-default-executor-6] INFO  impl.RaftServerImpl (ServerState.java:setRaftConf(361)) - 2d010cef-60b6-41ea-978a-486fd035ec3e:group-EF5D545D2B77 set configuration 17: [4803ef64-8996-418d-89c0-57ea0fe6bc6a:192.168.69.105:43588, 0c838819-3df6-4ef3-ab53-303f2178b7dc:192.168.69.105:43371, 2d010cef-60b6-41ea-978a-486fd035ec3e:192.168.69.105:34123], old=null at 17
2019-08-20 18:47:42,626 [grpc-default-executor-6] INFO  segmented.SegmentedRaftLogWorker (SegmentedRaftLogWorker.java:rollLogSegment(385)) - 2d010cef-60b6-41ea-978a-486fd035ec3e-SegmentedRaftLogWorker:Storage Directory /workdir/hadoop-ozone/integration-test/target/test-dir/MiniOzoneClusterImpl-608c326c-aa6a-4be1-85ed-041816735c61/datanode-3/data/ratis/959ae45f-6ab0-4dd7-b5c0-ef5d545d2b77: Rolling segment log-0_16 to index:16
2019-08-20 18:47:42,627 [2d010cef-60b6-41ea-978a-486fd035ec3e-SegmentedRaftLogWorker:Storage Directory /workdir/hadoop-ozone/integration-test/target/test-dir/MiniOzoneClusterImpl-608c326c-aa6a-4be1-85ed-041816735c61/datanode-3/data/ratis/959ae45f-6ab0-4dd7-b5c0-ef5d545d2b77] INFO  segmented.SegmentedRaftLogWorker (SegmentedRaftLogWorker.java:execute(526)) - 2d010cef-60b6-41ea-978a-486fd035ec3e-SegmentedRaftLogWorker:Storage Directory /workdir/hadoop-ozone/integration-test/target/test-dir/MiniOzoneClusterImpl-608c326c-aa6a-4be1-85ed-041816735c61/datanode-3/data/ratis/959ae45f-6ab0-4dd7-b5c0-ef5d545d2b77: Rolled log segment from /workdir/hadoop-ozone/integration-test/target/test-dir/MiniOzoneClusterImpl-608c326c-aa6a-4be1-85ed-041816735c61/datanode-3/data/ratis/959ae45f-6ab0-4dd7-b5c0-ef5d545d2b77/current/log_inprogress_0 to /workdir/hadoop-ozone/integration-test/target/test-dir/MiniOzoneClusterImpl-608c326c-aa6a-4be1-85ed-041816735c61/datanode-3/data/ratis/959ae45f-6ab0-4dd7-b5c0-ef5d545d2b77/current/log_0-16
2019-08-20 18:47:42,675 [4803ef64-8996-418d-89c0-57ea0fe6bc6a-SegmentedRaftLogWorker:Storage Directory /workdir/hadoop-ozone/integration-test/target/test-dir/MiniOzoneClusterImpl-608c326c-aa6a-4be1-85ed-041816735c61/datanode-5/data/ratis/959ae45f-6ab0-4dd7-b5c0-ef5d545d2b77] INFO  segmented.SegmentedRaftLogWorker (SegmentedRaftLogWorker.java:execute(569)) - 4803ef64-8996-418d-89c0-57ea0fe6bc6a-SegmentedRaftLogWorker:Storage Directory /workdir/hadoop-ozone/integration-test/target/test-dir/MiniOzoneClusterImpl-608c326c-aa6a-4be1-85ed-041816735c61/datanode-5/data/ratis/959ae45f-6ab0-4dd7-b5c0-ef5d545d2b77: created new log segment /workdir/hadoop-ozone/integration-test/target/test-dir/MiniOzoneClusterImpl-608c326c-aa6a-4be1-85ed-041816735c61/datanode-5/data/ratis/959ae45f-6ab0-4dd7-b5c0-ef5d545d2b77/current/log_inprogress_17
2019-08-20 18:47:42,675 [2d010cef-60b6-41ea-978a-486fd035ec3e-SegmentedRaftLogWorker:Storage Directory /workdir/hadoop-ozone/integration-test/target/test-dir/MiniOzoneClusterImpl-608c326c-aa6a-4be1-85ed-041816735c61/datanode-3/data/ratis/959ae45f-6ab0-4dd7-b5c0-ef5d545d2b77] INFO  segmented.SegmentedRaftLogWorker (SegmentedRaftLogWorker.java:execute(569)) - 2d010cef-60b6-41ea-978a-486fd035ec3e-SegmentedRaftLogWorker:Storage Directory /workdir/hadoop-ozone/integration-test/target/test-dir/MiniOzoneClusterImpl-608c326c-aa6a-4be1-85ed-041816735c61/datanode-3/data/ratis/959ae45f-6ab0-4dd7-b5c0-ef5d545d2b77: created new log segment /workdir/hadoop-ozone/integration-test/target/test-dir/MiniOzoneClusterImpl-608c326c-aa6a-4be1-85ed-041816735c61/datanode-3/data/ratis/959ae45f-6ab0-4dd7-b5c0-ef5d545d2b77/current/log_inprogress_17
2019-08-20 18:47:42,699 | INFO  | DNAudit | user=null | ip=null | op=READ_CHUNK {blockData=conID: 1 locID: 102650796008210446 bcsId: 0} | ret=SUCCESS |  
2019-08-20 18:47:42,702 [grpc-default-executor-9] WARN  server.GrpcLogAppender (LogUtils.java:warn(134)) - 4803ef64-8996-418d-89c0-57ea0fe6bc6a->0c838819-3df6-4ef3-ab53-303f2178b7dc: Failed appendEntries: org.apache.ratis.thirdparty.io.grpc.StatusRuntimeException: UNAVAILABLE: io exception
2019-08-20 18:47:42,703 [grpc-default-executor-9] INFO  impl.FollowerInfo (FollowerInfo.java:lambda$new$0(50)) - 4803ef64-8996-418d-89c0-57ea0fe6bc6a->0c838819-3df6-4ef3-ab53-303f2178b7dc: nextIndex: updateUnconditionally 2 -> 1
2019-08-20 18:47:42,716 [grpc-default-executor-6] WARN  server.GrpcLogAppender (LogUtils.java:warn(134)) - 4803ef64-8996-418d-89c0-57ea0fe6bc6a->0c838819-3df6-4ef3-ab53-303f2178b7dc: Failed appendEntries: org.apache.ratis.thirdparty.io.grpc.StatusRuntimeException: UNAVAILABLE: io exception
2019-08-20 18:47:42,717 [grpc-default-executor-6] INFO  impl.FollowerInfo (FollowerInfo.java:lambda$new$0(50)) - 4803ef64-8996-418d-89c0-57ea0fe6bc6a->0c838819-3df6-4ef3-ab53-303f2178b7dc: nextIndex: updateUnconditionally 2 -> 1
2019-08-20 18:47:42,890 | INFO  | SCMAudit | user=jenkins1000 | ip=192.168.69.105 | op=SEND_HEARTBEAT {datanodeUUID=cdb5f687-1183-4537-b7fe-600d71f89ce8, command=[]} | ret=SUCCESS |  
2019-08-20 18:47:43,043 [grpc-default-executor-6] INFO  client.GrpcClientProtocolClient (GrpcClientProtocolClient.java:onNext(255)) - client-7F0E3D1D48AB->2d010cef-60b6-41ea-978a-486fd035ec3e: receive RaftClientReply:client-7F0E3D1D48AB->2d010cef-60b6-41ea-978a-486fd035ec3e@group-EF5D545D2B77, cid=184, FAILED org.apache.ratis.protocol.NotLeaderException: Server 2d010cef-60b6-41ea-978a-486fd035ec3e is not the leader (4803ef64-8996-418d-89c0-57ea0fe6bc6a:192.168.69.105:43588). Request must be sent to leader., logIndex=0, commits[2d010cef-60b6-41ea-978a-486fd035ec3e:c17, 4803ef64-8996-418d-89c0-57ea0fe6bc6a:c17, 0c838819-3df6-4ef3-ab53-303f2178b7dc:c16]
2019-08-20 18:47:43,049 | ERROR | DNAudit | user=null | ip=null | op=WRITE_CHUNK {blockData=conID: 1 locID: 102650796008210446 bcsId: 14} | ret=FAILURE | org.apache.hadoop.hdds.scm.container.common.helpers.ContainerNotOpenException: Container 1 in CLOSING state
	at org.apache.hadoop.ozone.container.common.impl.HddsDispatcher.validateContainerCommand(HddsDispatcher.java:408)
	at org.apache.hadoop.ozone.container.common.transport.server.ratis.ContainerStateMachine.startTransaction(ContainerStateMachine.java:309) 
2019-08-20 18:47:43,059 [grpc-default-executor-9] INFO  client.GrpcClientProtocolClient (GrpcClientProtocolClient.java:onNext(255)) - client-7F0E3D1D48AB->4803ef64-8996-418d-89c0-57ea0fe6bc6a: receive RaftClientReply:client-7F0E3D1D48AB->4803ef64-8996-418d-89c0-57ea0fe6bc6a@group-EF5D545D2B77, cid=184, FAILED org.apache.ratis.protocol.StateMachineException: org.apache.hadoop.hdds.scm.container.common.helpers.ContainerNotOpenException from Server 4803ef64-8996-418d-89c0-57ea0fe6bc6a: Container 1 in CLOSING state, logIndex=0, commits[4803ef64-8996-418d-89c0-57ea0fe6bc6a:c18, 0c838819-3df6-4ef3-ab53-303f2178b7dc:c16, 2d010cef-60b6-41ea-978a-486fd035ec3e:c17]
2019-08-20 18:47:43,060 | ERROR | DNAudit | user=null | ip=null | op=WRITE_CHUNK {blockData=conID: 1 locID: 102650796008210446 bcsId: 14} | ret=FAILURE | org.apache.hadoop.hdds.scm.container.common.helpers.ContainerNotOpenException: Container 1 in CLOSING state
	at org.apache.hadoop.ozone.container.common.impl.HddsDispatcher.validateContainerCommand(HddsDispatcher.java:408)
	at org.apache.hadoop.ozone.container.common.transport.server.ratis.ContainerStateMachine.startTransaction(ContainerStateMachine.java:309) 
2019-08-20 18:47:43,062 | ERROR | DNAudit | user=null | ip=null | op=PUT_BLOCK {blockData=[blockId=conID: 1 locID: 102650796008210446 bcsId: 0,size=650]} | ret=FAILURE | org.apache.hadoop.hdds.scm.container.common.helpers.ContainerNotOpenException: Container 1 in CLOSING state
	at org.apache.hadoop.ozone.container.common.impl.HddsDispatcher.validateContainerCommand(HddsDispatcher.java:408)
	at org.apache.hadoop.ozone.container.common.transport.server.ratis.ContainerStateMachine.startTransaction(ContainerStateMachine.java:309) 
2019-08-20 18:47:43,071 [grpc-default-executor-9] INFO  client.GrpcClientProtocolClient (GrpcClientProtocolClient.java:onNext(255)) - client-7F0E3D1D48AB->4803ef64-8996-418d-89c0-57ea0fe6bc6a: receive RaftClientReply:client-7F0E3D1D48AB->4803ef64-8996-418d-89c0-57ea0fe6bc6a@group-EF5D545D2B77, cid=185, FAILED org.apache.ratis.protocol.StateMachineException: org.apache.hadoop.hdds.scm.container.common.helpers.ContainerNotOpenException from Server 4803ef64-8996-418d-89c0-57ea0fe6bc6a: Container 1 in CLOSING state, logIndex=0, commits[4803ef64-8996-418d-89c0-57ea0fe6bc6a:c18, 0c838819-3df6-4ef3-ab53-303f2178b7dc:c16, 2d010cef-60b6-41ea-978a-486fd035ec3e:c17]
2019-08-20 18:47:43,071 | ERROR | DNAudit | user=null | ip=null | op=WRITE_CHUNK {blockData=conID: 1 locID: 102650796008210446 bcsId: 14} | ret=FAILURE | org.apache.hadoop.hdds.scm.container.common.helpers.ContainerNotOpenException: Container 1 in CLOSING state
	at org.apache.hadoop.ozone.container.common.impl.HddsDispatcher.validateContainerCommand(HddsDispatcher.java:408)
	at org.apache.hadoop.ozone.container.common.transport.server.ratis.ContainerStateMachine.startTransaction(ContainerStateMachine.java:309) 
2019-08-20 18:47:43,075 [grpc-default-executor-9] INFO  client.GrpcClientProtocolClient (GrpcClientProtocolClient.java:onNext(255)) - client-7F0E3D1D48AB->4803ef64-8996-418d-89c0-57ea0fe6bc6a: receive RaftClientReply:client-7F0E3D1D48AB->4803ef64-8996-418d-89c0-57ea0fe6bc6a@group-EF5D545D2B77, cid=186, FAILED org.apache.ratis.protocol.StateMachineException: org.apache.hadoop.hdds.scm.container.common.helpers.ContainerNotOpenException from Server 4803ef64-8996-418d-89c0-57ea0fe6bc6a: Container 1 in CLOSING state, logIndex=0, commits[4803ef64-8996-418d-89c0-57ea0fe6bc6a:c18, 0c838819-3df6-4ef3-ab53-303f2178b7dc:c16, 2d010cef-60b6-41ea-978a-486fd035ec3e:c17]
2019-08-20 18:47:43,075 | ERROR | DNAudit | user=null | ip=null | op=WRITE_CHUNK {blockData=conID: 1 locID: 102650796008210446 bcsId: 14} | ret=FAILURE | org.apache.hadoop.hdds.scm.container.common.helpers.ContainerNotOpenException: Container 1 in CLOSING state
	at org.apache.hadoop.ozone.container.common.impl.HddsDispatcher.validateContainerCommand(HddsDispatcher.java:408)
	at org.apache.hadoop.ozone.container.common.transport.server.ratis.ContainerStateMachine.startTransaction(ContainerStateMachine.java:309) 
2019-08-20 18:47:43,076 | ERROR | DNAudit | user=null | ip=null | op=PUT_BLOCK {blockData=[blockId=conID: 1 locID: 102650796008210446 bcsId: 0,size=800]} | ret=FAILURE | org.apache.hadoop.hdds.scm.container.common.helpers.ContainerNotOpenException: Container 1 in CLOSING state
	at org.apache.hadoop.ozone.container.common.impl.HddsDispatcher.validateContainerCommand(HddsDispatcher.java:408)
	at org.apache.hadoop.ozone.container.common.transport.server.ratis.ContainerStateMachine.startTransaction(ContainerStateMachine.java:309) 
2019-08-20 18:47:43,077 [grpc-default-executor-9] INFO  client.GrpcClientProtocolClient (GrpcClientProtocolClient.java:onNext(255)) - client-7F0E3D1D48AB->4803ef64-8996-418d-89c0-57ea0fe6bc6a: receive RaftClientReply:client-7F0E3D1D48AB->4803ef64-8996-418d-89c0-57ea0fe6bc6a@group-EF5D545D2B77, cid=187, FAILED org.apache.ratis.protocol.StateMachineException: org.apache.hadoop.hdds.scm.container.common.helpers.ContainerNotOpenException from Server 4803ef64-8996-418d-89c0-57ea0fe6bc6a: Container 1 in CLOSING state, logIndex=0, commits[4803ef64-8996-418d-89c0-57ea0fe6bc6a:c18, 0c838819-3df6-4ef3-ab53-303f2178b7dc:c16, 2d010cef-60b6-41ea-978a-486fd035ec3e:c17]
2019-08-20 18:47:43,091 | INFO  | SCMAudit | user=jenkins1000 | ip=192.168.69.105 | op=SEND_HEARTBEAT {datanodeUUID=2c3705c7-c55e-4fe5-a1eb-903b30dba60b, command=[]} | ret=SUCCESS |  
2019-08-20 18:47:43,092 [grpc-default-executor-6] INFO  client.GrpcClientProtocolClient (GrpcClientProtocolClient.java:onNext(255)) - client-7F0E3D1D48AB->4803ef64-8996-418d-89c0-57ea0fe6bc6a: receive RaftClientReply:client-7F0E3D1D48AB->4803ef64-8996-418d-89c0-57ea0fe6bc6a@group-EF5D545D2B77, cid=188, FAILED org.apache.ratis.protocol.StateMachineException: org.apache.hadoop.hdds.scm.container.common.helpers.ContainerNotOpenException from Server 4803ef64-8996-418d-89c0-57ea0fe6bc6a: Container 1 in CLOSING state, logIndex=0, commits[4803ef64-8996-418d-89c0-57ea0fe6bc6a:c18, 0c838819-3df6-4ef3-ab53-303f2178b7dc:c16, 2d010cef-60b6-41ea-978a-486fd035ec3e:c17]
2019-08-20 18:47:43,093 [grpc-default-executor-6] INFO  client.GrpcClientProtocolClient (GrpcClientProtocolClient.java:onNext(255)) - client-7F0E3D1D48AB->4803ef64-8996-418d-89c0-57ea0fe6bc6a: receive RaftClientReply:client-7F0E3D1D48AB->4803ef64-8996-418d-89c0-57ea0fe6bc6a@group-EF5D545D2B77, cid=189, FAILED org.apache.ratis.protocol.StateMachineException: org.apache.hadoop.hdds.scm.container.common.helpers.ContainerNotOpenException from Server 4803ef64-8996-418d-89c0-57ea0fe6bc6a: Container 1 in CLOSING state, logIndex=0, commits[4803ef64-8996-418d-89c0-57ea0fe6bc6a:c18, 0c838819-3df6-4ef3-ab53-303f2178b7dc:c16, 2d010cef-60b6-41ea-978a-486fd035ec3e:c17]
2019-08-20 18:47:43,124 | INFO  | SCMAudit | user=jenkins1000 | ip=192.168.69.105 | op=ALLOCATE_BLOCK {owner=1ca0e02a-a89d-4fde-bfae-9e53209731b2, size=800, type=RATIS, factor=THREE} | ret=SUCCESS |  
2019-08-20 18:47:43,125 | INFO  | OMAudit | user=jenkins1000 | ip=127.0.0.1 | op=ALLOCATE_BLOCK {volume=testblockoutputstream, bucket=testblockoutputstream, key=45902420-bc11-4359-bf3b-a91c40a2d097, dataSize=0, replicationType=null, replicationFactor=null, keyLocationInfo=null, clientID=102650796008013837} | ret=SUCCESS |  
2019-08-20 18:47:43,137 [grpc-default-executor-9] INFO  client.GrpcClientProtocolClient (GrpcClientProtocolClient.java:onNext(255)) - client-5726E2BCB3B9->cdb5f687-1183-4537-b7fe-600d71f89ce8: receive RaftClientReply:client-5726E2BCB3B9->cdb5f687-1183-4537-b7fe-600d71f89ce8@group-1FA4A48610E7, cid=190, FAILED org.apache.ratis.protocol.NotLeaderException: Server cdb5f687-1183-4537-b7fe-600d71f89ce8 is not the leader (cf6953c2-32b6-42f7-ab38-bddb14a599b2:192.168.69.105:33682). Request must be sent to leader., logIndex=0, commits[cdb5f687-1183-4537-b7fe-600d71f89ce8:c0, 2c3705c7-c55e-4fe5-a1eb-903b30dba60b:c0, cf6953c2-32b6-42f7-ab38-bddb14a599b2:c0]
2019-08-20 18:47:43,276 | INFO  | DNAudit | user=null | ip=null | op=WRITE_CHUNK {blockData=conID: 2 locID: 102650797301694479 bcsId: 0} | ret=SUCCESS |  
2019-08-20 18:47:43,276 | INFO  | DNAudit | user=null | ip=null | op=WRITE_CHUNK {blockData=conID: 2 locID: 102650797301694479 bcsId: 0} | ret=SUCCESS |  
2019-08-20 18:47:43,276 | INFO  | DNAudit | user=null | ip=null | op=WRITE_CHUNK {blockData=conID: 2 locID: 102650797301694479 bcsId: 0} | ret=SUCCESS |  
2019-08-20 18:47:43,277 | INFO  | SCMAudit | user=jenkins1000 | ip=192.168.69.105 | op=SEND_HEARTBEAT {datanodeUUID=cf6953c2-32b6-42f7-ab38-bddb14a599b2, command=[]} | ret=SUCCESS |  
2019-08-20 18:47:43,277 | INFO  | SCMAudit | user=jenkins1000 | ip=192.168.69.105 | op=SEND_HEARTBEAT {datanodeUUID=cdb5f687-1183-4537-b7fe-600d71f89ce8, command=[]} | ret=SUCCESS |  
2019-08-20 18:47:43,277 | INFO  | SCMAudit | user=jenkins1000 | ip=192.168.69.105 | op=SEND_HEARTBEAT {datanodeUUID=2c3705c7-c55e-4fe5-a1eb-903b30dba60b, command=[]} | ret=SUCCESS |  
2019-08-20 18:47:43,293 | INFO  | DNAudit | user=null | ip=null | op=WRITE_CHUNK {blockData=conID: 2 locID: 102650797301694479 bcsId: 0} | ret=SUCCESS |  
2019-08-20 18:47:43,296 [grpc-default-executor-9] INFO  client.GrpcClientProtocolClient (GrpcClientProtocolClient.java:onNext(255)) - client-5726E2BCB3B9->cf6953c2-32b6-42f7-ab38-bddb14a599b2: receive RaftClientReply:client-5726E2BCB3B9->cf6953c2-32b6-42f7-ab38-bddb14a599b2@group-1FA4A48610E7, cid=190, SUCCESS, logIndex=1, commits[cf6953c2-32b6-42f7-ab38-bddb14a599b2:c1, 2c3705c7-c55e-4fe5-a1eb-903b30dba60b:c0, cdb5f687-1183-4537-b7fe-600d71f89ce8:c0]
2019-08-20 18:47:43,301 | INFO  | DNAudit | user=null | ip=null | op=WRITE_CHUNK {blockData=conID: 2 locID: 102650797301694479 bcsId: 0} | ret=SUCCESS |  
2019-08-20 18:47:43,302 | INFO  | DNAudit | user=null | ip=null | op=WRITE_CHUNK {blockData=conID: 2 locID: 102650797301694479 bcsId: 0} | ret=SUCCESS |  
2019-08-20 18:47:43,302 | INFO  | DNAudit | user=null | ip=null | op=WRITE_CHUNK {blockData=conID: 2 locID: 102650797301694479 bcsId: 0} | ret=SUCCESS |  
2019-08-20 18:47:43,302 | INFO  | DNAudit | user=null | ip=null | op=WRITE_CHUNK {blockData=conID: 2 locID: 102650797301694479 bcsId: 0} | ret=SUCCESS |  
2019-08-20 18:47:43,302 | INFO  | DNAudit | user=null | ip=null | op=WRITE_CHUNK {blockData=conID: 2 locID: 102650797301694479 bcsId: 0} | ret=SUCCESS |  
2019-08-20 18:47:43,303 | INFO  | DNAudit | user=null | ip=null | op=WRITE_CHUNK {blockData=conID: 2 locID: 102650797301694479 bcsId: 0} | ret=SUCCESS |  
2019-08-20 18:47:43,303 | INFO  | DNAudit | user=null | ip=null | op=WRITE_CHUNK {blockData=conID: 2 locID: 102650797301694479 bcsId: 0} | ret=SUCCESS |  
2019-08-20 18:47:43,303 | INFO  | DNAudit | user=null | ip=null | op=WRITE_CHUNK {blockData=conID: 2 locID: 102650797301694479 bcsId: 0} | ret=SUCCESS |  
2019-08-20 18:47:43,303 | INFO  | DNAudit | user=null | ip=null | op=WRITE_CHUNK {blockData=conID: 2 locID: 102650797301694479 bcsId: 0} | ret=SUCCESS |  
2019-08-20 18:47:43,304 | INFO  | DNAudit | user=null | ip=null | op=WRITE_CHUNK {blockData=conID: 2 locID: 102650797301694479 bcsId: 0} | ret=SUCCESS |  
2019-08-20 18:47:43,304 | INFO  | DNAudit | user=null | ip=null | op=WRITE_CHUNK {blockData=conID: 2 locID: 102650797301694479 bcsId: 0} | ret=SUCCESS |  
2019-08-20 18:47:43,315 | INFO  | DNAudit | user=null | ip=null | op=WRITE_CHUNK {blockData=conID: 2 locID: 102650797301694479 bcsId: 0} | ret=SUCCESS |  
2019-08-20 18:47:43,324 | INFO  | DNAudit | user=null | ip=null | op=WRITE_CHUNK {blockData=conID: 2 locID: 102650797301694479 bcsId: 0} | ret=SUCCESS |  
2019-08-20 18:47:43,324 [grpc-default-executor-5] INFO  client.GrpcClientProtocolClient (GrpcClientProtocolClient.java:onNext(255)) - client-5726E2BCB3B9->cf6953c2-32b6-42f7-ab38-bddb14a599b2: receive RaftClientReply:client-5726E2BCB3B9->cf6953c2-32b6-42f7-ab38-bddb14a599b2@group-1FA4A48610E7, cid=191, SUCCESS, logIndex=3, commits[cf6953c2-32b6-42f7-ab38-bddb14a599b2:c4, 2c3705c7-c55e-4fe5-a1eb-903b30dba60b:c1, cdb5f687-1183-4537-b7fe-600d71f89ce8:c1]
2019-08-20 18:47:43,327 | INFO  | SCMAudit | user=jenkins1000 | ip=192.168.69.105 | op=SEND_HEARTBEAT {datanodeUUID=77f6c16c-5a77-4d2e-9dcc-aa40b17a66e4, command=[]} | ret=SUCCESS |  
2019-08-20 18:47:43,331 | INFO  | DNAudit | user=null | ip=null | op=WRITE_CHUNK {blockData=conID: 2 locID: 102650797301694479 bcsId: 0} | ret=SUCCESS |  
2019-08-20 18:47:43,375 | INFO  | DNAudit | user=null | ip=null | op=PUT_BLOCK {blockData=[blockId=conID: 2 locID: 102650797301694479 bcsId: 0,size=200]} | ret=SUCCESS |  
2019-08-20 18:47:43,376 | INFO  | DNAudit | user=null | ip=null | op=WRITE_CHUNK {blockData=conID: 2 locID: 102650797301694479 bcsId: 0} | ret=SUCCESS |  
2019-08-20 18:47:43,377 [grpc-default-executor-5] INFO  client.GrpcClientProtocolClient (GrpcClientProtocolClient.java:onNext(255)) - client-5726E2BCB3B9->cf6953c2-32b6-42f7-ab38-bddb14a599b2: receive RaftClientReply:client-5726E2BCB3B9->cf6953c2-32b6-42f7-ab38-bddb14a599b2@group-1FA4A48610E7, cid=192, SUCCESS, logIndex=4, commits[cf6953c2-32b6-42f7-ab38-bddb14a599b2:c11, 2c3705c7-c55e-4fe5-a1eb-903b30dba60b:c7, cdb5f687-1183-4537-b7fe-600d71f89ce8:c7]
2019-08-20 18:47:43,377 | INFO  | DNAudit | user=null | ip=null | op=WRITE_CHUNK {blockData=conID: 2 locID: 102650797301694479 bcsId: 0} | ret=SUCCESS |  
2019-08-20 18:47:43,378 [grpc-default-executor-5] INFO  client.GrpcClientProtocolClient (GrpcClientProtocolClient.java:onNext(255)) - client-5726E2BCB3B9->cf6953c2-32b6-42f7-ab38-bddb14a599b2: receive RaftClientReply:client-5726E2BCB3B9->cf6953c2-32b6-42f7-ab38-bddb14a599b2@group-1FA4A48610E7, cid=193, SUCCESS, logIndex=5, commits[cf6953c2-32b6-42f7-ab38-bddb14a599b2:c11, 2c3705c7-c55e-4fe5-a1eb-903b30dba60b:c7, cdb5f687-1183-4537-b7fe-600d71f89ce8:c7]
2019-08-20 18:47:43,378 [grpc-default-executor-5] INFO  client.GrpcClientProtocolClient (GrpcClientProtocolClient.java:onNext(255)) - client-5726E2BCB3B9->cf6953c2-32b6-42f7-ab38-bddb14a599b2: receive RaftClientReply:client-5726E2BCB3B9->cf6953c2-32b6-42f7-ab38-bddb14a599b2@group-1FA4A48610E7, cid=194, SUCCESS, logIndex=6, commits[cf6953c2-32b6-42f7-ab38-bddb14a599b2:c11, 2c3705c7-c55e-4fe5-a1eb-903b30dba60b:c7, cdb5f687-1183-4537-b7fe-600d71f89ce8:c7]
2019-08-20 18:47:43,424 | INFO  | DNAudit | user=null | ip=null | op=PUT_BLOCK {blockData=[blockId=conID: 2 locID: 102650797301694479 bcsId: 0,size=200]} | ret=SUCCESS |  
2019-08-20 18:47:43,425 | INFO  | DNAudit | user=null | ip=null | op=WRITE_CHUNK {blockData=conID: 2 locID: 102650797301694479 bcsId: 0} | ret=SUCCESS |  
2019-08-20 18:47:43,425 | INFO  | DNAudit | user=null | ip=null | op=WRITE_CHUNK {blockData=conID: 2 locID: 102650797301694479 bcsId: 0} | ret=SUCCESS |  
2019-08-20 18:47:43,475 | INFO  | DNAudit | user=null | ip=null | op=PUT_BLOCK {blockData=[blockId=conID: 2 locID: 102650797301694479 bcsId: 0,size=400]} | ret=SUCCESS |  
2019-08-20 18:47:43,475 | INFO  | DNAudit | user=null | ip=null | op=PUT_BLOCK {blockData=[blockId=conID: 2 locID: 102650797301694479 bcsId: 0,size=400]} | ret=SUCCESS |  
2019-08-20 18:47:43,475 | INFO  | DNAudit | user=null | ip=null | op=PUT_BLOCK {blockData=[blockId=conID: 2 locID: 102650797301694479 bcsId: 0,size=200]} | ret=SUCCESS |  
2019-08-20 18:47:43,476 | INFO  | DNAudit | user=null | ip=null | op=WRITE_CHUNK {blockData=conID: 2 locID: 102650797301694479 bcsId: 0} | ret=SUCCESS |  
2019-08-20 18:47:43,476 | INFO  | DNAudit | user=null | ip=null | op=WRITE_CHUNK {blockData=conID: 2 locID: 102650797301694479 bcsId: 0} | ret=SUCCESS |  
2019-08-20 18:47:43,476 [grpc-default-executor-5] INFO  client.GrpcClientProtocolClient (GrpcClientProtocolClient.java:onNext(255)) - client-5726E2BCB3B9->cf6953c2-32b6-42f7-ab38-bddb14a599b2: receive RaftClientReply:client-5726E2BCB3B9->cf6953c2-32b6-42f7-ab38-bddb14a599b2@group-1FA4A48610E7, cid=195, SUCCESS, logIndex=7, commits[cf6953c2-32b6-42f7-ab38-bddb14a599b2:c11, 2c3705c7-c55e-4fe5-a1eb-903b30dba60b:c7, cdb5f687-1183-4537-b7fe-600d71f89ce8:c7]
2019-08-20 18:47:43,477 | INFO  | DNAudit | user=null | ip=null | op=PUT_BLOCK {blockData=[blockId=conID: 2 locID: 102650797301694479 bcsId: 0,size=400]} | ret=SUCCESS |  
2019-08-20 18:47:43,480 | INFO  | DNAudit | user=null | ip=null | op=WRITE_CHUNK {blockData=conID: 2 locID: 102650797301694479 bcsId: 7} | ret=SUCCESS |  
2019-08-20 18:47:43,481 | INFO  | DNAudit | user=null | ip=null | op=WRITE_CHUNK {blockData=conID: 2 locID: 102650797301694479 bcsId: 7} | ret=SUCCESS |  
2019-08-20 18:47:43,482 | INFO  | DNAudit | user=null | ip=null | op=WRITE_CHUNK {blockData=conID: 2 locID: 102650797301694479 bcsId: 7} | ret=SUCCESS |  
2019-08-20 18:47:43,493 | INFO  | DNAudit | user=null | ip=null | op=WRITE_CHUNK {blockData=conID: 2 locID: 102650797301694479 bcsId: 7} | ret=SUCCESS |  
2019-08-20 18:47:43,494 | INFO  | DNAudit | user=null | ip=null | op=PUT_BLOCK {blockData=[blockId=conID: 2 locID: 102650797301694479 bcsId: 0,size=450]} | ret=SUCCESS |  
2019-08-20 18:47:43,494 [grpc-default-executor-5] INFO  client.GrpcClientProtocolClient (GrpcClientProtocolClient.java:onNext(255)) - client-5726E2BCB3B9->cf6953c2-32b6-42f7-ab38-bddb14a599b2: receive RaftClientReply:client-5726E2BCB3B9->cf6953c2-32b6-42f7-ab38-bddb14a599b2@group-1FA4A48610E7, cid=196, SUCCESS, logIndex=12, commits[cf6953c2-32b6-42f7-ab38-bddb14a599b2:c13, 2c3705c7-c55e-4fe5-a1eb-903b30dba60b:c11, cdb5f687-1183-4537-b7fe-600d71f89ce8:c11]
2019-08-20 18:47:43,495 [grpc-default-executor-5] INFO  client.GrpcClientProtocolClient (GrpcClientProtocolClient.java:onNext(255)) - client-5726E2BCB3B9->cf6953c2-32b6-42f7-ab38-bddb14a599b2: receive RaftClientReply:client-5726E2BCB3B9->cf6953c2-32b6-42f7-ab38-bddb14a599b2@group-1FA4A48610E7, cid=197, SUCCESS, logIndex=13, commits[cf6953c2-32b6-42f7-ab38-bddb14a599b2:c13, 2c3705c7-c55e-4fe5-a1eb-903b30dba60b:c11, cdb5f687-1183-4537-b7fe-600d71f89ce8:c11]
2019-08-20 18:47:43,505 | INFO  | DNAudit | user=null | ip=null | op=WRITE_CHUNK {blockData=conID: 2 locID: 102650797301694479 bcsId: 7} | ret=SUCCESS |  
2019-08-20 18:47:43,505 | INFO  | DNAudit | user=null | ip=null | op=WRITE_CHUNK {blockData=conID: 2 locID: 102650797301694479 bcsId: 7} | ret=SUCCESS |  
2019-08-20 18:47:43,509 | INFO  | DNAudit | user=null | ip=null | op=PUT_BLOCK {blockData=[blockId=conID: 2 locID: 102650797301694479 bcsId: 0,size=450]} | ret=SUCCESS |  
2019-08-20 18:47:43,510 | INFO  | DNAudit | user=null | ip=null | op=PUT_BLOCK {blockData=[blockId=conID: 2 locID: 102650797301694479 bcsId: 0,size=450]} | ret=SUCCESS |  
2019-08-20 18:47:43,510 [grpc-default-executor-6] INFO  client.GrpcClientProtocolClient (GrpcClientProtocolClient.java:onNext(255)) - client-5726E2BCB3B9->cf6953c2-32b6-42f7-ab38-bddb14a599b2: receive RaftClientReply:client-5726E2BCB3B9->cf6953c2-32b6-42f7-ab38-bddb14a599b2@group-1FA4A48610E7, cid=198, SUCCESS, logIndex=0, commits[cf6953c2-32b6-42f7-ab38-bddb14a599b2:c14, 2c3705c7-c55e-4fe5-a1eb-903b30dba60b:c13, cdb5f687-1183-4537-b7fe-600d71f89ce8:c13]
2019-08-20 18:47:43,510 [main] INFO  ozone.MiniOzoneClusterImpl (MiniOzoneClusterImpl.java:shutdown(321)) - Shutting down the Mini Ozone Cluster
2019-08-20 18:47:43,511 | INFO  | SCMAudit | user=null | ip=null | op=GET_SCM_INFO null | ret=SUCCESS |  
2019-08-20 18:47:43,511 [main] INFO  ozone.MiniOzoneClusterImpl (MiniOzoneClusterImpl.java:stop(336)) - Stopping the Mini Ozone Cluster
2019-08-20 18:47:43,511 [main] INFO  ozone.MiniOzoneClusterImpl (MiniOzoneClusterImpl.java:stop(338)) - Stopping the OzoneManager
2019-08-20 18:47:43,511 [main] INFO  ipc.Server (Server.java:stop(3082)) - Stopping server on 33201
2019-08-20 18:47:43,516 [IPC Server listener on 33201] INFO  ipc.Server (Server.java:run(1185)) - Stopping IPC Server listener on 33201
2019-08-20 18:47:43,527 [main] INFO  ratis.OzoneManagerDoubleBuffer (OzoneManagerDoubleBuffer.java:stop(248)) - Stopping OMDoubleBuffer flush thread
2019-08-20 18:47:43,534 [IPC Server Responder] INFO  ipc.Server (Server.java:run(1319)) - Stopping IPC Server Responder
2019-08-20 18:47:43,549 [OMDoubleBufferFlushThread] INFO  ratis.OzoneManagerDoubleBuffer (OzoneManagerDoubleBuffer.java:flushTransactions(191)) - OMDoubleBuffer flush thread OMDoubleBufferFlushThread is interrupted and will exit. OMDoubleBufferFlushThread
2019-08-20 18:47:43,549 [main] INFO  utils.BackgroundService (BackgroundService.java:shutdown(148)) - Shutting down service KeyDeletingService
2019-08-20 18:47:43,550 [main] INFO  handler.ContextHandler (ContextHandler.java:doStop(910)) - Stopped o.e.j.w.WebAppContext@64455184{/,null,UNAVAILABLE}{/ozoneManager}
2019-08-20 18:47:43,551 [main] INFO  server.AbstractConnector (AbstractConnector.java:doStop(318)) - Stopped ServerConnector@6f749a1f{HTTP/1.1,[http/1.1]}{0.0.0.0:0}
2019-08-20 18:47:43,551 [main] INFO  handler.ContextHandler (ContextHandler.java:doStop(910)) - Stopped o.e.j.s.ServletContextHandler@18206382{/static,file:///workdir/hadoop-ozone/integration-test/target/test-classes/webapps/static,UNAVAILABLE}
2019-08-20 18:47:43,552 [main] INFO  handler.ContextHandler (ContextHandler.java:doStop(910)) - Stopped o.e.j.s.ServletContextHandler@25c756f0{/logs,file:///workdir/hadoop-ozone/integration-test/target/log,UNAVAILABLE}
2019-08-20 18:47:43,554 [main] INFO  ozone.MiniOzoneClusterImpl (MiniOzoneClusterImpl.java:stop(344)) - Shutting the HddsDatanodes
2019-08-20 18:47:43,554 [ForkJoinPool.commonPool-worker-0] INFO  datanode.ObjectStoreHandler (ObjectStoreHandler.java:close(155)) - Closing ObjectStoreHandler.
2019-08-20 18:47:43,554 [main] INFO  datanode.ObjectStoreHandler (ObjectStoreHandler.java:close(155)) - Closing ObjectStoreHandler.
2019-08-20 18:47:43,554 [ForkJoinPool.commonPool-worker-0] INFO  ozone.HddsDatanodeService (HddsDatanodeService.java:stop(451)) - Stopped plug-in org.apache.hadoop.ozone.web.OzoneHddsDatanodeService@5911dd25
2019-08-20 18:47:43,555 [main] INFO  ozone.HddsDatanodeService (HddsDatanodeService.java:stop(451)) - Stopped plug-in org.apache.hadoop.ozone.web.OzoneHddsDatanodeService@2ffc9be
2019-08-20 18:47:43,605 [Datanode State Machine Thread - 0] INFO  statemachine.DatanodeStateMachine (DatanodeStateMachine.java:lambda$startDaemon$0(350)) - Ozone container server started.
2019-08-20 18:47:43,607 | INFO  | SCMAudit | user=jenkins1000 | ip=192.168.69.105 | op=SEND_HEARTBEAT {datanodeUUID=4803ef64-8996-418d-89c0-57ea0fe6bc6a, command=[]} | ret=SUCCESS |  
2019-08-20 18:47:44,276 [Datanode State Machine Thread - 0] INFO  statemachine.DatanodeStateMachine (DatanodeStateMachine.java:lambda$startDaemon$0(350)) - Ozone container server started.
2019-08-20 18:47:44,277 | INFO  | SCMAudit | user=jenkins1000 | ip=192.168.69.105 | op=SEND_HEARTBEAT {datanodeUUID=cf6953c2-32b6-42f7-ab38-bddb14a599b2, command=[]} | ret=SUCCESS |  
2019-08-20 18:47:44,277 | INFO  | SCMAudit | user=jenkins1000 | ip=192.168.69.105 | op=SEND_HEARTBEAT {datanodeUUID=cdb5f687-1183-4537-b7fe-600d71f89ce8, command=[]} | ret=SUCCESS |  
2019-08-20 18:47:44,327 | INFO  | SCMAudit | user=jenkins1000 | ip=192.168.69.105 | op=SEND_HEARTBEAT {datanodeUUID=77f6c16c-5a77-4d2e-9dcc-aa40b17a66e4, command=[]} | ret=SUCCESS |  
2019-08-20 18:47:44,607 | INFO  | SCMAudit | user=jenkins1000 | ip=192.168.69.105 | op=SEND_HEARTBEAT {datanodeUUID=4803ef64-8996-418d-89c0-57ea0fe6bc6a, command=[]} | ret=SUCCESS |  
2019-08-20 18:47:45,218 [grpc-default-executor-9] WARN  server.GrpcLogAppender (LogUtils.java:warn(134)) - 4803ef64-8996-418d-89c0-57ea0fe6bc6a->0c838819-3df6-4ef3-ab53-303f2178b7dc: Failed appendEntries: org.apache.ratis.thirdparty.io.grpc.StatusRuntimeException: UNAVAILABLE: io exception
2019-08-20 18:47:45,218 [grpc-default-executor-9] INFO  impl.FollowerInfo (FollowerInfo.java:lambda$new$0(50)) - 4803ef64-8996-418d-89c0-57ea0fe6bc6a->0c838819-3df6-4ef3-ab53-303f2178b7dc: nextIndex: updateUnconditionally 1 -> 0
2019-08-20 18:47:45,278 | INFO  | SCMAudit | user=jenkins1000 | ip=192.168.69.105 | op=SEND_HEARTBEAT {datanodeUUID=cf6953c2-32b6-42f7-ab38-bddb14a599b2, command=[]} | ret=SUCCESS |  
2019-08-20 18:47:45,278 | INFO  | SCMAudit | user=jenkins1000 | ip=192.168.69.105 | op=SEND_HEARTBEAT {datanodeUUID=cdb5f687-1183-4537-b7fe-600d71f89ce8, command=[]} | ret=SUCCESS |  
2019-08-20 18:47:45,327 | INFO  | SCMAudit | user=jenkins1000 | ip=192.168.69.105 | op=SEND_HEARTBEAT {datanodeUUID=77f6c16c-5a77-4d2e-9dcc-aa40b17a66e4, command=[]} | ret=SUCCESS |  
2019-08-20 18:47:45,608 | INFO  | SCMAudit | user=jenkins1000 | ip=192.168.69.105 | op=SEND_HEARTBEAT {datanodeUUID=4803ef64-8996-418d-89c0-57ea0fe6bc6a, command=[]} | ret=SUCCESS |  
2019-08-20 18:47:46,277 | INFO  | SCMAudit | user=jenkins1000 | ip=192.168.69.105 | op=SEND_HEARTBEAT {datanodeUUID=cf6953c2-32b6-42f7-ab38-bddb14a599b2, command=[]} | ret=SUCCESS |  
2019-08-20 18:47:46,277 | INFO  | SCMAudit | user=jenkins1000 | ip=192.168.69.105 | op=SEND_HEARTBEAT {datanodeUUID=cdb5f687-1183-4537-b7fe-600d71f89ce8, command=[]} | ret=SUCCESS |  
2019-08-20 18:47:46,327 | INFO  | SCMAudit | user=jenkins1000 | ip=192.168.69.105 | op=SEND_HEARTBEAT {datanodeUUID=77f6c16c-5a77-4d2e-9dcc-aa40b17a66e4, command=[]} | ret=SUCCESS |  
2019-08-20 18:47:46,608 | INFO  | SCMAudit | user=jenkins1000 | ip=192.168.69.105 | op=SEND_HEARTBEAT {datanodeUUID=4803ef64-8996-418d-89c0-57ea0fe6bc6a, command=[]} | ret=SUCCESS |  
2019-08-20 18:47:47,277 | INFO  | SCMAudit | user=jenkins1000 | ip=192.168.69.105 | op=SEND_HEARTBEAT {datanodeUUID=cdb5f687-1183-4537-b7fe-600d71f89ce8, command=[]} | ret=SUCCESS |  
2019-08-20 18:47:47,277 | INFO  | SCMAudit | user=jenkins1000 | ip=192.168.69.105 | op=SEND_HEARTBEAT {datanodeUUID=cf6953c2-32b6-42f7-ab38-bddb14a599b2, command=[]} | ret=SUCCESS |  
2019-08-20 18:47:47,327 | INFO  | SCMAudit | user=jenkins1000 | ip=192.168.69.105 | op=SEND_HEARTBEAT {datanodeUUID=77f6c16c-5a77-4d2e-9dcc-aa40b17a66e4, command=[]} | ret=SUCCESS |  
2019-08-20 18:47:47,608 | INFO  | SCMAudit | user=jenkins1000 | ip=192.168.69.105 | op=SEND_HEARTBEAT {datanodeUUID=4803ef64-8996-418d-89c0-57ea0fe6bc6a, command=[]} | ret=SUCCESS |  
2019-08-20 18:47:47,685 [EventQueue-StaleNodeForStaleNodeHandler] INFO  node.StaleNodeHandler (StaleNodeHandler.java:onMessage(58)) - Datanode 2d010cef-60b6-41ea-978a-486fd035ec3e{ip: 192.168.69.105, host: pr-hdds-165-w559s-1850982102, networkLocation: /default-rack, certSerialId: null} moved to stale state. Finalizing its pipelines [PipelineID=a7da9d0d-a0e1-45f8-83d8-7cfaf91c07e4, PipelineID=959ae45f-6ab0-4dd7-b5c0-ef5d545d2b77]
2019-08-20 18:47:47,686 [EventQueue-StaleNodeForStaleNodeHandler] INFO  pipeline.SCMPipelineManager (SCMPipelineManager.java:finalizeAndDestroyPipeline(309)) - destroying pipeline:Pipeline[ Id: a7da9d0d-a0e1-45f8-83d8-7cfaf91c07e4, Nodes: 2d010cef-60b6-41ea-978a-486fd035ec3e{ip: 192.168.69.105, host: pr-hdds-165-w559s-1850982102, networkLocation: /default-rack, certSerialId: null}, Type:RATIS, Factor:ONE, State:OPEN]
2019-08-20 18:47:47,686 [EventQueue-StaleNodeForStaleNodeHandler] INFO  pipeline.PipelineStateManager (PipelineStateManager.java:finalizePipeline(123)) - Pipeline Pipeline[ Id: a7da9d0d-a0e1-45f8-83d8-7cfaf91c07e4, Nodes: 2d010cef-60b6-41ea-978a-486fd035ec3e{ip: 192.168.69.105, host: pr-hdds-165-w559s-1850982102, networkLocation: /default-rack, certSerialId: null}, Type:RATIS, Factor:ONE, State:CLOSED] moved to CLOSED state
2019-08-20 18:47:47,686 [EventQueue-StaleNodeForStaleNodeHandler] INFO  pipeline.SCMPipelineManager (SCMPipelineManager.java:finalizeAndDestroyPipeline(309)) - destroying pipeline:Pipeline[ Id: 959ae45f-6ab0-4dd7-b5c0-ef5d545d2b77, Nodes: 0c838819-3df6-4ef3-ab53-303f2178b7dc{ip: 192.168.69.105, host: pr-hdds-165-w559s-1850982102, networkLocation: /default-rack, certSerialId: null}4803ef64-8996-418d-89c0-57ea0fe6bc6a{ip: 192.168.69.105, host: pr-hdds-165-w559s-1850982102, networkLocation: /default-rack, certSerialId: null}2d010cef-60b6-41ea-978a-486fd035ec3e{ip: 192.168.69.105, host: pr-hdds-165-w559s-1850982102, networkLocation: /default-rack, certSerialId: null}, Type:RATIS, Factor:THREE, State:CLOSED]
2019-08-20 18:47:47,718 [grpc-default-executor-6] WARN  server.GrpcLogAppender (LogUtils.java:warn(134)) - 4803ef64-8996-418d-89c0-57ea0fe6bc6a->0c838819-3df6-4ef3-ab53-303f2178b7dc: Failed appendEntries: org.apache.ratis.thirdparty.io.grpc.StatusRuntimeException: UNAVAILABLE: io exception
2019-08-20 18:47:47,718 [grpc-default-executor-6] INFO  impl.FollowerInfo (FollowerInfo.java:lambda$new$0(50)) - 4803ef64-8996-418d-89c0-57ea0fe6bc6a->0c838819-3df6-4ef3-ab53-303f2178b7dc: nextIndex: updateUnconditionally 0 -> 0
2019-08-20 18:47:48,277 | INFO  | SCMAudit | user=jenkins1000 | ip=192.168.69.105 | op=SEND_HEARTBEAT {datanodeUUID=cf6953c2-32b6-42f7-ab38-bddb14a599b2, command=[]} | ret=SUCCESS |  
2019-08-20 18:47:48,278 | INFO  | SCMAudit | user=jenkins1000 | ip=192.168.69.105 | op=SEND_HEARTBEAT {datanodeUUID=cdb5f687-1183-4537-b7fe-600d71f89ce8, command=[]} | ret=SUCCESS |  
2019-08-20 18:47:48,286 [EventQueue-StaleNodeForStaleNodeHandler] INFO  node.StaleNodeHandler (StaleNodeHandler.java:onMessage(58)) - Datanode 2c3705c7-c55e-4fe5-a1eb-903b30dba60b{ip: 192.168.69.105, host: pr-hdds-165-w559s-1850982102, networkLocation: /default-rack, certSerialId: null} moved to stale state. Finalizing its pipelines [PipelineID=aa9ef6b4-b62a-4bf8-9369-d33687b785e2, PipelineID=8a5b5004-82bf-406f-8aff-1fa4a48610e7]
2019-08-20 18:47:48,286 [EventQueue-StaleNodeForStaleNodeHandler] INFO  pipeline.SCMPipelineManager (SCMPipelineManager.java:finalizeAndDestroyPipeline(309)) - destroying pipeline:Pipeline[ Id: aa9ef6b4-b62a-4bf8-9369-d33687b785e2, Nodes: 2c3705c7-c55e-4fe5-a1eb-903b30dba60b{ip: 192.168.69.105, host: pr-hdds-165-w559s-1850982102, networkLocation: /default-rack, certSerialId: null}, Type:RATIS, Factor:ONE, State:OPEN]
2019-08-20 18:47:48,287 [EventQueue-StaleNodeForStaleNodeHandler] INFO  pipeline.PipelineStateManager (PipelineStateManager.java:finalizePipeline(123)) - Pipeline Pipeline[ Id: aa9ef6b4-b62a-4bf8-9369-d33687b785e2, Nodes: 2c3705c7-c55e-4fe5-a1eb-903b30dba60b{ip: 192.168.69.105, host: pr-hdds-165-w559s-1850982102, networkLocation: /default-rack, certSerialId: null}, Type:RATIS, Factor:ONE, State:CLOSED] moved to CLOSED state
2019-08-20 18:47:48,287 [EventQueue-StaleNodeForStaleNodeHandler] INFO  pipeline.SCMPipelineManager (SCMPipelineManager.java:finalizeAndDestroyPipeline(309)) - destroying pipeline:Pipeline[ Id: 8a5b5004-82bf-406f-8aff-1fa4a48610e7, Nodes: cdb5f687-1183-4537-b7fe-600d71f89ce8{ip: 192.168.69.105, host: pr-hdds-165-w559s-1850982102, networkLocation: /default-rack, certSerialId: null}2c3705c7-c55e-4fe5-a1eb-903b30dba60b{ip: 192.168.69.105, host: pr-hdds-165-w559s-1850982102, networkLocation: /default-rack, certSerialId: null}cf6953c2-32b6-42f7-ab38-bddb14a599b2{ip: 192.168.69.105, host: pr-hdds-165-w559s-1850982102, networkLocation: /default-rack, certSerialId: null}, Type:RATIS, Factor:THREE, State:OPEN]
2019-08-20 18:47:48,287 [EventQueue-StaleNodeForStaleNodeHandler] INFO  pipeline.PipelineStateManager (PipelineStateManager.java:finalizePipeline(123)) - Pipeline Pipeline[ Id: 8a5b5004-82bf-406f-8aff-1fa4a48610e7, Nodes: cdb5f687-1183-4537-b7fe-600d71f89ce8{ip: 192.168.69.105, host: pr-hdds-165-w559s-1850982102, networkLocation: /default-rack, certSerialId: null}2c3705c7-c55e-4fe5-a1eb-903b30dba60b{ip: 192.168.69.105, host: pr-hdds-165-w559s-1850982102, networkLocation: /default-rack, certSerialId: null}cf6953c2-32b6-42f7-ab38-bddb14a599b2{ip: 192.168.69.105, host: pr-hdds-165-w559s-1850982102, networkLocation: /default-rack, certSerialId: null}, Type:RATIS, Factor:THREE, State:CLOSED] moved to CLOSED state
2019-08-20 18:47:48,287 [EventQueue-CloseContainerForCloseContainerEventHandler] INFO  container.CloseContainerEventHandler (CloseContainerEventHandler.java:onMessage(61)) - Close container Event triggered for container : #2
2019-08-20 18:47:48,327 | INFO  | SCMAudit | user=jenkins1000 | ip=192.168.69.105 | op=SEND_HEARTBEAT {datanodeUUID=77f6c16c-5a77-4d2e-9dcc-aa40b17a66e4, command=[]} | ret=SUCCESS |  
2019-08-20 18:47:48,555 [ForkJoinPool.commonPool-worker-0] INFO  ozoneimpl.OzoneContainer (OzoneContainer.java:stop(199)) - Attempting to stop container services.
2019-08-20 18:47:48,555 [ForkJoinPool.commonPool-worker-0] INFO  impl.RaftServerProxy (RaftServerProxy.java:lambda$close$4(314)) - 2c3705c7-c55e-4fe5-a1eb-903b30dba60b: close
2019-08-20 18:47:48,556 [ForkJoinPool.commonPool-worker-0] INFO  impl.RaftServerImpl (RaftServerImpl.java:lambda$shutdown$3(245)) - 2c3705c7-c55e-4fe5-a1eb-903b30dba60b: shutdown group-D33687B785E2
2019-08-20 18:47:48,556 [ForkJoinPool.commonPool-worker-0] INFO  util.JmxRegister (JmxRegister.java:unregister(73)) - Successfully un-registered JMX Bean with object name Ratis:service=RaftServer,group=group-D33687B785E2,id=2c3705c7-c55e-4fe5-a1eb-903b30dba60b
2019-08-20 18:47:48,557 [ForkJoinPool.commonPool-worker-0] INFO  impl.RoleInfo (RoleInfo.java:shutdownLeaderState(104)) - 2c3705c7-c55e-4fe5-a1eb-903b30dba60b: shutdown LeaderState
2019-08-20 18:47:48,557 [main] INFO  ozoneimpl.OzoneContainer (OzoneContainer.java:stop(199)) - Attempting to stop container services.
2019-08-20 18:47:48,557 [ForkJoinPool.commonPool-worker-0] INFO  impl.PendingRequests (PendingRequests.java:sendNotLeaderResponses(202)) - 2c3705c7-c55e-4fe5-a1eb-903b30dba60b-PendingRequests: sendNotLeaderResponses
2019-08-20 18:47:48,557 [main] INFO  impl.RaftServerProxy (RaftServerProxy.java:lambda$close$4(314)) - 2d010cef-60b6-41ea-978a-486fd035ec3e: close
2019-08-20 18:47:48,558 [ForkJoinPool.commonPool-worker-0] INFO  impl.StateMachineUpdater (StateMachineUpdater.java:stopAndJoin(115)) - StateMachineUpdater:2c3705c7-c55e-4fe5-a1eb-903b30dba60b:group-D33687B785E2: set stopIndex = 0
2019-08-20 18:47:48,558 [main] INFO  impl.RaftServerImpl (RaftServerImpl.java:lambda$shutdown$3(245)) - 2d010cef-60b6-41ea-978a-486fd035ec3e: shutdown group-7CFAF91C07E4
2019-08-20 18:47:48,558 [ForkJoinPool.commonPool-worker-0] INFO  impl.RaftServerImpl (ServerState.java:close(394)) - 2c3705c7-c55e-4fe5-a1eb-903b30dba60b:group-D33687B785E2 closes. The last applied log index is 0
2019-08-20 18:47:48,559 [main] INFO  util.JmxRegister (JmxRegister.java:unregister(73)) - Successfully un-registered JMX Bean with object name Ratis:service=RaftServer,group=group-7CFAF91C07E4,id=2d010cef-60b6-41ea-978a-486fd035ec3e
2019-08-20 18:47:48,559 [2c3705c7-c55e-4fe5-a1eb-903b30dba60b-SegmentedRaftLogWorker:Storage Directory /workdir/hadoop-ozone/integration-test/target/test-dir/MiniOzoneClusterImpl-608c326c-aa6a-4be1-85ed-041816735c61/datanode-1/data/ratis/aa9ef6b4-b62a-4bf8-9369-d33687b785e2] INFO  segmented.SegmentedRaftLogWorker (SegmentedRaftLogWorker.java:run(313)) - 2c3705c7-c55e-4fe5-a1eb-903b30dba60b-SegmentedRaftLogWorker:Storage Directory /workdir/hadoop-ozone/integration-test/target/test-dir/MiniOzoneClusterImpl-608c326c-aa6a-4be1-85ed-041816735c61/datanode-1/data/ratis/aa9ef6b4-b62a-4bf8-9369-d33687b785e2 was interrupted, exiting. There are 0 tasks remaining in the queue.
2019-08-20 18:47:48,560 [main] INFO  impl.RoleInfo (RoleInfo.java:shutdownLeaderState(104)) - 2d010cef-60b6-41ea-978a-486fd035ec3e: shutdown LeaderState
2019-08-20 18:47:48,563 [ForkJoinPool.commonPool-worker-0] INFO  segmented.SegmentedRaftLogWorker (SegmentedRaftLogWorker.java:close(228)) - 2c3705c7-c55e-4fe5-a1eb-903b30dba60b-SegmentedRaftLogWorker:Storage Directory /workdir/hadoop-ozone/integration-test/target/test-dir/MiniOzoneClusterImpl-608c326c-aa6a-4be1-85ed-041816735c61/datanode-1/data/ratis/aa9ef6b4-b62a-4bf8-9369-d33687b785e2 close()
2019-08-20 18:47:48,564 [main] INFO  impl.PendingRequests (PendingRequests.java:sendNotLeaderResponses(202)) - 2d010cef-60b6-41ea-978a-486fd035ec3e-PendingRequests: sendNotLeaderResponses
2019-08-20 18:47:48,569 [ForkJoinPool.commonPool-worker-0] INFO  impl.RaftServerImpl (RaftServerImpl.java:lambda$shutdown$3(245)) - 2c3705c7-c55e-4fe5-a1eb-903b30dba60b: shutdown group-1FA4A48610E7
2019-08-20 18:47:48,570 [ForkJoinPool.commonPool-worker-0] INFO  util.JmxRegister (JmxRegister.java:unregister(73)) - Successfully un-registered JMX Bean with object name Ratis:service=RaftServer,group=group-1FA4A48610E7,id=2c3705c7-c55e-4fe5-a1eb-903b30dba60b
2019-08-20 18:47:48,571 [ForkJoinPool.commonPool-worker-0] INFO  impl.RoleInfo (RoleInfo.java:shutdownFollowerState(121)) - 2c3705c7-c55e-4fe5-a1eb-903b30dba60b: shutdown FollowerState
2019-08-20 18:47:48,570 [main] INFO  impl.StateMachineUpdater (StateMachineUpdater.java:stopAndJoin(115)) - StateMachineUpdater:2d010cef-60b6-41ea-978a-486fd035ec3e:group-7CFAF91C07E4: set stopIndex = 0
2019-08-20 18:47:48,572 [main] INFO  impl.RaftServerImpl (ServerState.java:close(394)) - 2d010cef-60b6-41ea-978a-486fd035ec3e:group-7CFAF91C07E4 closes. The last applied log index is 0
2019-08-20 18:47:48,571 [Thread-3394] INFO  impl.FollowerState (FollowerState.java:run(114)) - 2c3705c7-c55e-4fe5-a1eb-903b30dba60b: FollowerState was interrupted: java.lang.InterruptedException: sleep interrupted
2019-08-20 18:47:48,571 [StateMachineUpdater:2c3705c7-c55e-4fe5-a1eb-903b30dba60b:group-1FA4A48610E7] INFO  ratis.ContainerStateMachine (ContainerStateMachine.java:takeSnapshot(283)) - group-1FA4A48610E7: Taking a snapshot at:(t:1, i:13) file /workdir/hadoop-ozone/integration-test/target/test-dir/MiniOzoneClusterImpl-608c326c-aa6a-4be1-85ed-041816735c61/datanode-1/data/ratis/8a5b5004-82bf-406f-8aff-1fa4a48610e7/sm/snapshot.1_13
2019-08-20 18:47:48,571 [ForkJoinPool.commonPool-worker-0] INFO  impl.StateMachineUpdater (StateMachineUpdater.java:stopAndJoin(115)) - StateMachineUpdater:2c3705c7-c55e-4fe5-a1eb-903b30dba60b:group-1FA4A48610E7: set stopIndex = 15
2019-08-20 18:47:48,572 [2d010cef-60b6-41ea-978a-486fd035ec3e-SegmentedRaftLogWorker:Storage Directory /workdir/hadoop-ozone/integration-test/target/test-dir/MiniOzoneClusterImpl-608c326c-aa6a-4be1-85ed-041816735c61/datanode-3/data/ratis/a7da9d0d-a0e1-45f8-83d8-7cfaf91c07e4] INFO  segmented.SegmentedRaftLogWorker (SegmentedRaftLogWorker.java:run(313)) - 2d010cef-60b6-41ea-978a-486fd035ec3e-SegmentedRaftLogWorker:Storage Directory /workdir/hadoop-ozone/integration-test/target/test-dir/MiniOzoneClusterImpl-608c326c-aa6a-4be1-85ed-041816735c61/datanode-3/data/ratis/a7da9d0d-a0e1-45f8-83d8-7cfaf91c07e4 was interrupted, exiting. There are 0 tasks remaining in the queue.
2019-08-20 18:47:48,577 [main] INFO  segmented.SegmentedRaftLogWorker (SegmentedRaftLogWorker.java:close(228)) - 2d010cef-60b6-41ea-978a-486fd035ec3e-SegmentedRaftLogWorker:Storage Directory /workdir/hadoop-ozone/integration-test/target/test-dir/MiniOzoneClusterImpl-608c326c-aa6a-4be1-85ed-041816735c61/datanode-3/data/ratis/a7da9d0d-a0e1-45f8-83d8-7cfaf91c07e4 close()
2019-08-20 18:47:48,582 [main] INFO  impl.RaftServerImpl (RaftServerImpl.java:lambda$shutdown$3(245)) - 2d010cef-60b6-41ea-978a-486fd035ec3e: shutdown group-EF5D545D2B77
2019-08-20 18:47:48,582 [main] INFO  util.JmxRegister (JmxRegister.java:unregister(73)) - Successfully un-registered JMX Bean with object name Ratis:service=RaftServer,group=group-EF5D545D2B77,id=2d010cef-60b6-41ea-978a-486fd035ec3e
2019-08-20 18:47:48,582 [main] INFO  impl.RoleInfo (RoleInfo.java:shutdownFollowerState(121)) - 2d010cef-60b6-41ea-978a-486fd035ec3e: shutdown FollowerState
2019-08-20 18:47:48,583 [main] INFO  impl.StateMachineUpdater (StateMachineUpdater.java:stopAndJoin(115)) - StateMachineUpdater:2d010cef-60b6-41ea-978a-486fd035ec3e:group-EF5D545D2B77: set stopIndex = 18
2019-08-20 18:47:48,583 [StateMachineUpdater:2d010cef-60b6-41ea-978a-486fd035ec3e:group-EF5D545D2B77] INFO  ratis.ContainerStateMachine (ContainerStateMachine.java:takeSnapshot(283)) - group-EF5D545D2B77: Taking a snapshot at:(t:1, i:14) file /workdir/hadoop-ozone/integration-test/target/test-dir/MiniOzoneClusterImpl-608c326c-aa6a-4be1-85ed-041816735c61/datanode-3/data/ratis/959ae45f-6ab0-4dd7-b5c0-ef5d545d2b77/sm/snapshot.1_14
2019-08-20 18:47:48,583 [Thread-3541] INFO  impl.FollowerState (FollowerState.java:run(114)) - 2d010cef-60b6-41ea-978a-486fd035ec3e: FollowerState was interrupted: java.lang.InterruptedException: sleep interrupted
2019-08-20 18:47:48,588 [StateMachineUpdater:2d010cef-60b6-41ea-978a-486fd035ec3e:group-EF5D545D2B77] INFO  ratis.ContainerStateMachine (ContainerStateMachine.java:takeSnapshot(294)) - group-EF5D545D2B77: Finished taking a snapshot at:(t:1, i:14) file:/workdir/hadoop-ozone/integration-test/target/test-dir/MiniOzoneClusterImpl-608c326c-aa6a-4be1-85ed-041816735c61/datanode-3/data/ratis/959ae45f-6ab0-4dd7-b5c0-ef5d545d2b77/sm/snapshot.1_14 time:5
2019-08-20 18:47:48,588 [StateMachineUpdater:2c3705c7-c55e-4fe5-a1eb-903b30dba60b:group-1FA4A48610E7] INFO  ratis.ContainerStateMachine (ContainerStateMachine.java:takeSnapshot(294)) - group-1FA4A48610E7: Finished taking a snapshot at:(t:1, i:13) file:/workdir/hadoop-ozone/integration-test/target/test-dir/MiniOzoneClusterImpl-608c326c-aa6a-4be1-85ed-041816735c61/datanode-1/data/ratis/8a5b5004-82bf-406f-8aff-1fa4a48610e7/sm/snapshot.1_13 time:16
2019-08-20 18:47:48,588 [StateMachineUpdater:2d010cef-60b6-41ea-978a-486fd035ec3e:group-EF5D545D2B77] INFO  impl.StateMachineUpdater (StateMachineUpdater.java:takeSnapshot(242)) - StateMachineUpdater:2d010cef-60b6-41ea-978a-486fd035ec3e:group-EF5D545D2B77: Took a snapshot at index 14
2019-08-20 18:47:48,588 [StateMachineUpdater:2c3705c7-c55e-4fe5-a1eb-903b30dba60b:group-1FA4A48610E7] INFO  impl.StateMachineUpdater (StateMachineUpdater.java:takeSnapshot(242)) - StateMachineUpdater:2c3705c7-c55e-4fe5-a1eb-903b30dba60b:group-1FA4A48610E7: Took a snapshot at index 13
2019-08-20 18:47:48,588 [StateMachineUpdater:2d010cef-60b6-41ea-978a-486fd035ec3e:group-EF5D545D2B77] INFO  impl.StateMachineUpdater (StateMachineUpdater.java:lambda$new$0(80)) - StateMachineUpdater:2d010cef-60b6-41ea-978a-486fd035ec3e:group-EF5D545D2B77: snapshotIndex: updateIncreasingly -1 -> 14
2019-08-20 18:47:48,588 [StateMachineUpdater:2c3705c7-c55e-4fe5-a1eb-903b30dba60b:group-1FA4A48610E7] INFO  impl.StateMachineUpdater (StateMachineUpdater.java:lambda$new$0(80)) - StateMachineUpdater:2c3705c7-c55e-4fe5-a1eb-903b30dba60b:group-1FA4A48610E7: snapshotIndex: updateIncreasingly -1 -> 13
2019-08-20 18:47:48,589 [ForkJoinPool.commonPool-worker-0] INFO  impl.RaftServerImpl (ServerState.java:close(394)) - 2c3705c7-c55e-4fe5-a1eb-903b30dba60b:group-1FA4A48610E7 closes. The last applied log index is 15
2019-08-20 18:47:48,589 [main] INFO  impl.RaftServerImpl (ServerState.java:close(394)) - 2d010cef-60b6-41ea-978a-486fd035ec3e:group-EF5D545D2B77 closes. The last applied log index is 18
2019-08-20 18:47:48,589 [2c3705c7-c55e-4fe5-a1eb-903b30dba60b-SegmentedRaftLogWorker:Storage Directory /workdir/hadoop-ozone/integration-test/target/test-dir/MiniOzoneClusterImpl-608c326c-aa6a-4be1-85ed-041816735c61/datanode-1/data/ratis/8a5b5004-82bf-406f-8aff-1fa4a48610e7] INFO  segmented.SegmentedRaftLogWorker (SegmentedRaftLogWorker.java:run(313)) - 2c3705c7-c55e-4fe5-a1eb-903b30dba60b-SegmentedRaftLogWorker:Storage Directory /workdir/hadoop-ozone/integration-test/target/test-dir/MiniOzoneClusterImpl-608c326c-aa6a-4be1-85ed-041816735c61/datanode-1/data/ratis/8a5b5004-82bf-406f-8aff-1fa4a48610e7 was interrupted, exiting. There are 0 tasks remaining in the queue.
2019-08-20 18:47:48,590 [2d010cef-60b6-41ea-978a-486fd035ec3e-SegmentedRaftLogWorker:Storage Directory /workdir/hadoop-ozone/integration-test/target/test-dir/MiniOzoneClusterImpl-608c326c-aa6a-4be1-85ed-041816735c61/datanode-3/data/ratis/959ae45f-6ab0-4dd7-b5c0-ef5d545d2b77] INFO  segmented.SegmentedRaftLogWorker (SegmentedRaftLogWorker.java:run(313)) - 2d010cef-60b6-41ea-978a-486fd035ec3e-SegmentedRaftLogWorker:Storage Directory /workdir/hadoop-ozone/integration-test/target/test-dir/MiniOzoneClusterImpl-608c326c-aa6a-4be1-85ed-041816735c61/datanode-3/data/ratis/959ae45f-6ab0-4dd7-b5c0-ef5d545d2b77 was interrupted, exiting. There are 0 tasks remaining in the queue.
2019-08-20 18:47:48,592 [ForkJoinPool.commonPool-worker-0] INFO  segmented.SegmentedRaftLogWorker (SegmentedRaftLogWorker.java:close(228)) - 2c3705c7-c55e-4fe5-a1eb-903b30dba60b-SegmentedRaftLogWorker:Storage Directory /workdir/hadoop-ozone/integration-test/target/test-dir/MiniOzoneClusterImpl-608c326c-aa6a-4be1-85ed-041816735c61/datanode-1/data/ratis/8a5b5004-82bf-406f-8aff-1fa4a48610e7 close()
2019-08-20 18:47:48,594 [main] INFO  segmented.SegmentedRaftLogWorker (SegmentedRaftLogWorker.java:close(228)) - 2d010cef-60b6-41ea-978a-486fd035ec3e-SegmentedRaftLogWorker:Storage Directory /workdir/hadoop-ozone/integration-test/target/test-dir/MiniOzoneClusterImpl-608c326c-aa6a-4be1-85ed-041816735c61/datanode-3/data/ratis/959ae45f-6ab0-4dd7-b5c0-ef5d545d2b77 close()
2019-08-20 18:47:48,597 [ForkJoinPool.commonPool-worker-0] INFO  server.GrpcService (GrpcService.java:closeImpl(155)) - 2c3705c7-c55e-4fe5-a1eb-903b30dba60b: shutdown server with port 45057 now
2019-08-20 18:47:48,601 [main] INFO  server.GrpcService (GrpcService.java:closeImpl(155)) - 2d010cef-60b6-41ea-978a-486fd035ec3e: shutdown server with port 34123 now
2019-08-20 18:47:48,602 [grpc-default-executor-6] WARN  server.GrpcServerProtocolService (LogUtils.java:warn(134)) - 2c3705c7-c55e-4fe5-a1eb-903b30dba60b: appendEntries onError: org.apache.ratis.thirdparty.io.grpc.StatusRuntimeException: CANCELLED: cancelled before receiving half close
2019-08-20 18:47:48,602 [main] INFO  server.GrpcService (GrpcService.java:closeImpl(163)) - 2d010cef-60b6-41ea-978a-486fd035ec3e: shutdown server with port 34123 successfully
2019-08-20 18:47:48,602 [ForkJoinPool.commonPool-worker-0] INFO  server.GrpcService (GrpcService.java:closeImpl(163)) - 2c3705c7-c55e-4fe5-a1eb-903b30dba60b: shutdown server with port 45057 successfully
2019-08-20 18:47:48,602 [grpc-default-executor-5] WARN  server.GrpcServerProtocolService (LogUtils.java:warn(134)) - 2d010cef-60b6-41ea-978a-486fd035ec3e: appendEntries onError: org.apache.ratis.thirdparty.io.grpc.StatusRuntimeException: CANCELLED: cancelled before receiving half close
2019-08-20 18:47:48,602 [grpc-default-executor-8] WARN  server.GrpcLogAppender (LogUtils.java:warn(134)) - 4803ef64-8996-418d-89c0-57ea0fe6bc6a->2d010cef-60b6-41ea-978a-486fd035ec3e: Failed appendEntries: org.apache.ratis.thirdparty.io.grpc.StatusRuntimeException: CANCELLED: HTTP/2 error code: CANCEL
Received Rst Stream
2019-08-20 18:47:48,602 [grpc-default-executor-9] WARN  server.GrpcLogAppender (LogUtils.java:warn(134)) - cf6953c2-32b6-42f7-ab38-bddb14a599b2->2c3705c7-c55e-4fe5-a1eb-903b30dba60b: Failed appendEntries: org.apache.ratis.thirdparty.io.grpc.StatusRuntimeException: CANCELLED: HTTP/2 error code: CANCEL
Received Rst Stream
2019-08-20 18:47:48,603 [grpc-default-executor-8] INFO  impl.FollowerInfo (FollowerInfo.java:lambda$new$0(50)) - 4803ef64-8996-418d-89c0-57ea0fe6bc6a->2d010cef-60b6-41ea-978a-486fd035ec3e: nextIndex: updateUnconditionally 19 -> 18
2019-08-20 18:47:48,603 [grpc-default-executor-9] INFO  impl.FollowerInfo (FollowerInfo.java:lambda$new$0(50)) - cf6953c2-32b6-42f7-ab38-bddb14a599b2->2c3705c7-c55e-4fe5-a1eb-903b30dba60b: nextIndex: updateUnconditionally 16 -> 15
2019-08-20 18:47:48,603 [main] INFO  utils.BackgroundService (BackgroundService.java:shutdown(148)) - Shutting down service BlockDeletingService
2019-08-20 18:47:48,604 [ForkJoinPool.commonPool-worker-0] INFO  utils.BackgroundService (BackgroundService.java:shutdown(148)) - Shutting down service BlockDeletingService
2019-08-20 18:47:48,606 [refreshUsed-/workdir/hadoop-ozone/integration-test/target/test-dir/MiniOzoneClusterImpl-608c326c-aa6a-4be1-85ed-041816735c61/datanode-1/data/containers] WARN  fs.CachingGetSpaceUsed (CachingGetSpaceUsed.java:run(183)) - Thread Interrupted waiting to refresh disk information: sleep interrupted
2019-08-20 18:47:48,606 [refreshUsed-/workdir/hadoop-ozone/integration-test/target/test-dir/MiniOzoneClusterImpl-608c326c-aa6a-4be1-85ed-041816735c61/datanode-3/data/containers] WARN  fs.CachingGetSpaceUsed (CachingGetSpaceUsed.java:run(183)) - Thread Interrupted waiting to refresh disk information: sleep interrupted
2019-08-20 18:47:48,611 | INFO  | SCMAudit | user=jenkins1000 | ip=192.168.69.105 | op=SEND_HEARTBEAT {datanodeUUID=4803ef64-8996-418d-89c0-57ea0fe6bc6a, command=[]} | ret=SUCCESS |  
2019-08-20 18:47:48,629 [ForkJoinPool.commonPool-worker-0] INFO  statemachine.DatanodeStateMachine (DatanodeStateMachine.java:stopDaemon(395)) - Ozone container server stopped.
2019-08-20 18:47:48,634 [ForkJoinPool.commonPool-worker-0] INFO  handler.ContextHandler (ContextHandler.java:doStop(910)) - Stopped o.e.j.w.WebAppContext@699fe19f{/,null,UNAVAILABLE}{/hddsDatanode}
2019-08-20 18:47:48,635 [ForkJoinPool.commonPool-worker-0] INFO  server.AbstractConnector (AbstractConnector.java:doStop(318)) - Stopped ServerConnector@2357f000{HTTP/1.1,[http/1.1]}{0.0.0.0:0}
2019-08-20 18:47:48,636 [ForkJoinPool.commonPool-worker-0] INFO  handler.ContextHandler (ContextHandler.java:doStop(910)) - Stopped o.e.j.s.ServletContextHandler@61bfd7da{/static,jar:file:/home/user/.m2/repository/org/apache/hadoop/hadoop-hdds-container-service/0.5.0-SNAPSHOT/hadoop-hdds-container-service-0.5.0-SNAPSHOT.jar!/webapps/static,UNAVAILABLE}
2019-08-20 18:47:48,638 [ForkJoinPool.commonPool-worker-0] INFO  handler.ContextHandler (ContextHandler.java:doStop(910)) - Stopped o.e.j.s.ServletContextHandler@cfe881a{/logs,file:///workdir/hadoop-ozone/integration-test/target/log,UNAVAILABLE}
2019-08-20 18:47:48,638 [ForkJoinPool.commonPool-worker-0] INFO  datanode.ObjectStoreHandler (ObjectStoreHandler.java:close(155)) - Closing ObjectStoreHandler.
2019-08-20 18:47:48,639 [ForkJoinPool.commonPool-worker-0] INFO  ozone.HddsDatanodeService (HddsDatanodeService.java:stop(451)) - Stopped plug-in org.apache.hadoop.ozone.web.OzoneHddsDatanodeService@5292d417
2019-08-20 18:47:48,643 [main] INFO  statemachine.DatanodeStateMachine (DatanodeStateMachine.java:stopDaemon(395)) - Ozone container server stopped.
2019-08-20 18:47:48,644 [main] INFO  handler.ContextHandler (ContextHandler.java:doStop(910)) - Stopped o.e.j.w.WebAppContext@1a5ea4cf{/,null,UNAVAILABLE}{/hddsDatanode}
2019-08-20 18:47:48,644 [main] INFO  server.AbstractConnector (AbstractConnector.java:doStop(318)) - Stopped ServerConnector@33e80a27{HTTP/1.1,[http/1.1]}{0.0.0.0:0}
2019-08-20 18:47:48,645 [main] INFO  handler.ContextHandler (ContextHandler.java:doStop(910)) - Stopped o.e.j.s.ServletContextHandler@39068df9{/static,jar:file:/home/user/.m2/repository/org/apache/hadoop/hadoop-hdds-container-service/0.5.0-SNAPSHOT/hadoop-hdds-container-service-0.5.0-SNAPSHOT.jar!/webapps/static,UNAVAILABLE}
2019-08-20 18:47:48,645 [main] INFO  handler.ContextHandler (ContextHandler.java:doStop(910)) - Stopped o.e.j.s.ServletContextHandler@213d5189{/logs,file:///workdir/hadoop-ozone/integration-test/target/log,UNAVAILABLE}
2019-08-20 18:47:48,646 [main] INFO  datanode.ObjectStoreHandler (ObjectStoreHandler.java:close(155)) - Closing ObjectStoreHandler.
2019-08-20 18:47:48,646 [main] INFO  ozone.HddsDatanodeService (HddsDatanodeService.java:stop(451)) - Stopped plug-in org.apache.hadoop.ozone.web.OzoneHddsDatanodeService@3dab9366
2019-08-20 18:47:49,276 [Datanode State Machine Thread - 0] INFO  statemachine.DatanodeStateMachine (DatanodeStateMachine.java:lambda$startDaemon$0(350)) - Ozone container server started.
2019-08-20 18:47:49,278 | INFO  | SCMAudit | user=jenkins1000 | ip=192.168.69.105 | op=SEND_HEARTBEAT {datanodeUUID=cdb5f687-1183-4537-b7fe-600d71f89ce8, command=[commandType: closeContainerCommand closeContainerCommandProto { containerID: 2 pipelineID { id: "8a5b5004-82bf-406f-8aff-1fa4a48610e7" } cmdId: 2 force: false } ]} | ret=SUCCESS |  
2019-08-20 18:47:49,326 [Datanode State Machine Thread - 0] INFO  statemachine.DatanodeStateMachine (DatanodeStateMachine.java:lambda$startDaemon$0(350)) - Ozone container server started.
2019-08-20 18:47:49,608 | INFO  | SCMAudit | user=jenkins1000 | ip=192.168.69.105 | op=SEND_HEARTBEAT {datanodeUUID=4803ef64-8996-418d-89c0-57ea0fe6bc6a, command=[]} | ret=SUCCESS |  
2019-08-20 18:47:50,211 [grpc-default-executor-9] WARN  server.GrpcLogAppender (LogUtils.java:warn(134)) - 4803ef64-8996-418d-89c0-57ea0fe6bc6a->2d010cef-60b6-41ea-978a-486fd035ec3e: Failed appendEntries: org.apache.ratis.thirdparty.io.grpc.StatusRuntimeException: UNAVAILABLE: io exception
2019-08-20 18:47:50,212 [grpc-default-executor-9] INFO  impl.FollowerInfo (FollowerInfo.java:lambda$new$0(50)) - 4803ef64-8996-418d-89c0-57ea0fe6bc6a->2d010cef-60b6-41ea-978a-486fd035ec3e: nextIndex: updateUnconditionally 18 -> 17
2019-08-20 18:47:50,218 [grpc-default-executor-9] WARN  server.GrpcLogAppender (LogUtils.java:warn(134)) - 4803ef64-8996-418d-89c0-57ea0fe6bc6a->0c838819-3df6-4ef3-ab53-303f2178b7dc: Failed appendEntries: org.apache.ratis.thirdparty.io.grpc.StatusRuntimeException: UNAVAILABLE: io exception
2019-08-20 18:47:50,219 [grpc-default-executor-9] INFO  impl.FollowerInfo (FollowerInfo.java:lambda$new$0(50)) - 4803ef64-8996-418d-89c0-57ea0fe6bc6a->0c838819-3df6-4ef3-ab53-303f2178b7dc: nextIndex: updateUnconditionally 0 -> 0
2019-08-20 18:47:50,277 | INFO  | SCMAudit | user=jenkins1000 | ip=192.168.69.105 | op=SEND_HEARTBEAT {datanodeUUID=cdb5f687-1183-4537-b7fe-600d71f89ce8, command=[]} | ret=SUCCESS |  
2019-08-20 18:47:50,296 | INFO  | SCMAudit | user=jenkins1000 | ip=192.168.69.105 | op=SEND_HEARTBEAT {datanodeUUID=cdb5f687-1183-4537-b7fe-600d71f89ce8, command=[]} | ret=SUCCESS |  
2019-08-20 18:47:50,609 | INFO  | SCMAudit | user=jenkins1000 | ip=192.168.69.105 | op=SEND_HEARTBEAT {datanodeUUID=4803ef64-8996-418d-89c0-57ea0fe6bc6a, command=[]} | ret=SUCCESS |  
2019-08-20 18:47:51,017 [grpc-default-executor-9] WARN  server.GrpcLogAppender (LogUtils.java:warn(134)) - cf6953c2-32b6-42f7-ab38-bddb14a599b2->2c3705c7-c55e-4fe5-a1eb-903b30dba60b: Failed appendEntries: org.apache.ratis.thirdparty.io.grpc.StatusRuntimeException: UNAVAILABLE: io exception
2019-08-20 18:47:51,017 [grpc-default-executor-9] INFO  impl.FollowerInfo (FollowerInfo.java:lambda$new$0(50)) - cf6953c2-32b6-42f7-ab38-bddb14a599b2->2c3705c7-c55e-4fe5-a1eb-903b30dba60b: nextIndex: updateUnconditionally 15 -> 14
2019-08-20 18:47:51,296 | INFO  | SCMAudit | user=jenkins1000 | ip=192.168.69.105 | op=SEND_HEARTBEAT {datanodeUUID=cdb5f687-1183-4537-b7fe-600d71f89ce8, command=[]} | ret=SUCCESS |  
2019-08-20 18:47:51,608 | INFO  | SCMAudit | user=jenkins1000 | ip=192.168.69.105 | op=SEND_HEARTBEAT {datanodeUUID=4803ef64-8996-418d-89c0-57ea0fe6bc6a, command=[]} | ret=SUCCESS |  
2019-08-20 18:47:52,297 | INFO  | SCMAudit | user=jenkins1000 | ip=192.168.69.105 | op=SEND_HEARTBEAT {datanodeUUID=cdb5f687-1183-4537-b7fe-600d71f89ce8, command=[]} | ret=SUCCESS |  
2019-08-20 18:47:52,608 | INFO  | SCMAudit | user=jenkins1000 | ip=192.168.69.105 | op=SEND_HEARTBEAT {datanodeUUID=4803ef64-8996-418d-89c0-57ea0fe6bc6a, command=[]} | ret=SUCCESS |  
2019-08-20 18:47:52,712 [grpc-default-executor-8] WARN  server.GrpcLogAppender (LogUtils.java:warn(134)) - 4803ef64-8996-418d-89c0-57ea0fe6bc6a->2d010cef-60b6-41ea-978a-486fd035ec3e: Failed appendEntries: org.apache.ratis.thirdparty.io.grpc.StatusRuntimeException: UNAVAILABLE: io exception
2019-08-20 18:47:52,713 [grpc-default-executor-8] INFO  impl.FollowerInfo (FollowerInfo.java:lambda$new$0(50)) - 4803ef64-8996-418d-89c0-57ea0fe6bc6a->2d010cef-60b6-41ea-978a-486fd035ec3e: nextIndex: updateUnconditionally 17 -> 16
2019-08-20 18:47:52,719 [grpc-default-executor-5] WARN  server.GrpcLogAppender (LogUtils.java:warn(134)) - 4803ef64-8996-418d-89c0-57ea0fe6bc6a->0c838819-3df6-4ef3-ab53-303f2178b7dc: Failed appendEntries: org.apache.ratis.thirdparty.io.grpc.StatusRuntimeException: UNAVAILABLE: io exception
2019-08-20 18:47:52,719 [grpc-default-executor-5] INFO  impl.FollowerInfo (FollowerInfo.java:lambda$new$0(50)) - 4803ef64-8996-418d-89c0-57ea0fe6bc6a->0c838819-3df6-4ef3-ab53-303f2178b7dc: nextIndex: updateUnconditionally 0 -> 0
2019-08-20 18:47:53,292 [EventQueue-StaleNodeForStaleNodeHandler] INFO  node.StaleNodeHandler (StaleNodeHandler.java:onMessage(58)) - Datanode cf6953c2-32b6-42f7-ab38-bddb14a599b2{ip: 192.168.69.105, host: pr-hdds-165-w559s-1850982102, networkLocation: /default-rack, certSerialId: null} moved to stale state. Finalizing its pipelines [PipelineID=8a5b5004-82bf-406f-8aff-1fa4a48610e7, PipelineID=6d4ab42f-8a8d-462b-8cb6-a8e34094f328]
2019-08-20 18:47:53,293 [EventQueue-StaleNodeForStaleNodeHandler] INFO  pipeline.SCMPipelineManager (SCMPipelineManager.java:finalizeAndDestroyPipeline(309)) - destroying pipeline:Pipeline[ Id: 8a5b5004-82bf-406f-8aff-1fa4a48610e7, Nodes: cdb5f687-1183-4537-b7fe-600d71f89ce8{ip: 192.168.69.105, host: pr-hdds-165-w559s-1850982102, networkLocation: /default-rack, certSerialId: null}2c3705c7-c55e-4fe5-a1eb-903b30dba60b{ip: 192.168.69.105, host: pr-hdds-165-w559s-1850982102, networkLocation: /default-rack, certSerialId: null}cf6953c2-32b6-42f7-ab38-bddb14a599b2{ip: 192.168.69.105, host: pr-hdds-165-w559s-1850982102, networkLocation: /default-rack, certSerialId: null}, Type:RATIS, Factor:THREE, State:CLOSED]
2019-08-20 18:47:53,293 [EventQueue-StaleNodeForStaleNodeHandler] INFO  pipeline.SCMPipelineManager (SCMPipelineManager.java:finalizeAndDestroyPipeline(309)) - destroying pipeline:Pipeline[ Id: 6d4ab42f-8a8d-462b-8cb6-a8e34094f328, Nodes: cf6953c2-32b6-42f7-ab38-bddb14a599b2{ip: 192.168.69.105, host: pr-hdds-165-w559s-1850982102, networkLocation: /default-rack, certSerialId: null}, Type:RATIS, Factor:ONE, State:OPEN]
2019-08-20 18:47:53,293 [EventQueue-StaleNodeForStaleNodeHandler] INFO  pipeline.PipelineStateManager (PipelineStateManager.java:finalizePipeline(123)) - Pipeline Pipeline[ Id: 6d4ab42f-8a8d-462b-8cb6-a8e34094f328, Nodes: cf6953c2-32b6-42f7-ab38-bddb14a599b2{ip: 192.168.69.105, host: pr-hdds-165-w559s-1850982102, networkLocation: /default-rack, certSerialId: null}, Type:RATIS, Factor:ONE, State:CLOSED] moved to CLOSED state
2019-08-20 18:47:53,297 | INFO  | SCMAudit | user=jenkins1000 | ip=192.168.69.105 | op=SEND_HEARTBEAT {datanodeUUID=cdb5f687-1183-4537-b7fe-600d71f89ce8, command=[]} | ret=SUCCESS |  
2019-08-20 18:47:53,393 [EventQueue-StaleNodeForStaleNodeHandler] INFO  node.StaleNodeHandler (StaleNodeHandler.java:onMessage(58)) - Datanode 77f6c16c-5a77-4d2e-9dcc-aa40b17a66e4{ip: 192.168.69.105, host: pr-hdds-165-w559s-1850982102, networkLocation: /default-rack, certSerialId: null} moved to stale state. Finalizing its pipelines [PipelineID=4bb88af4-6509-42a6-bdc4-0c55cc5219b6]
2019-08-20 18:47:53,393 [EventQueue-StaleNodeForStaleNodeHandler] INFO  pipeline.SCMPipelineManager (SCMPipelineManager.java:finalizeAndDestroyPipeline(309)) - destroying pipeline:Pipeline[ Id: 4bb88af4-6509-42a6-bdc4-0c55cc5219b6, Nodes: 77f6c16c-5a77-4d2e-9dcc-aa40b17a66e4{ip: 192.168.69.105, host: pr-hdds-165-w559s-1850982102, networkLocation: /default-rack, certSerialId: null}, Type:RATIS, Factor:ONE, State:OPEN]
2019-08-20 18:47:53,393 [EventQueue-StaleNodeForStaleNodeHandler] INFO  pipeline.PipelineStateManager (PipelineStateManager.java:finalizePipeline(123)) - Pipeline Pipeline[ Id: 4bb88af4-6509-42a6-bdc4-0c55cc5219b6, Nodes: 77f6c16c-5a77-4d2e-9dcc-aa40b17a66e4{ip: 192.168.69.105, host: pr-hdds-165-w559s-1850982102, networkLocation: /default-rack, certSerialId: null}, Type:RATIS, Factor:ONE, State:CLOSED] moved to CLOSED state
2019-08-20 18:47:53,518 [grpc-default-executor-5] WARN  server.GrpcLogAppender (LogUtils.java:warn(134)) - cf6953c2-32b6-42f7-ab38-bddb14a599b2->2c3705c7-c55e-4fe5-a1eb-903b30dba60b: Failed appendEntries: org.apache.ratis.thirdparty.io.grpc.StatusRuntimeException: UNAVAILABLE: io exception
2019-08-20 18:47:53,518 [grpc-default-executor-5] INFO  impl.FollowerInfo (FollowerInfo.java:lambda$new$0(50)) - cf6953c2-32b6-42f7-ab38-bddb14a599b2->2c3705c7-c55e-4fe5-a1eb-903b30dba60b: nextIndex: updateUnconditionally 14 -> 13
2019-08-20 18:47:53,609 | INFO  | SCMAudit | user=jenkins1000 | ip=192.168.69.105 | op=SEND_HEARTBEAT {datanodeUUID=4803ef64-8996-418d-89c0-57ea0fe6bc6a, command=[]} | ret=SUCCESS |  
2019-08-20 18:47:53,639 [ForkJoinPool.commonPool-worker-0] INFO  ozoneimpl.OzoneContainer (OzoneContainer.java:stop(199)) - Attempting to stop container services.
2019-08-20 18:47:53,640 [ForkJoinPool.commonPool-worker-0] INFO  impl.RaftServerProxy (RaftServerProxy.java:lambda$close$4(314)) - cf6953c2-32b6-42f7-ab38-bddb14a599b2: close
2019-08-20 18:47:53,640 [ForkJoinPool.commonPool-worker-0] INFO  impl.RaftServerImpl (RaftServerImpl.java:lambda$shutdown$3(245)) - cf6953c2-32b6-42f7-ab38-bddb14a599b2: shutdown group-1FA4A48610E7
2019-08-20 18:47:53,640 [ForkJoinPool.commonPool-worker-0] INFO  util.JmxRegister (JmxRegister.java:unregister(73)) - Successfully un-registered JMX Bean with object name Ratis:service=RaftServer,group=group-1FA4A48610E7,id=cf6953c2-32b6-42f7-ab38-bddb14a599b2
2019-08-20 18:47:53,641 [ForkJoinPool.commonPool-worker-0] INFO  impl.RoleInfo (RoleInfo.java:shutdownLeaderState(104)) - cf6953c2-32b6-42f7-ab38-bddb14a599b2: shutdown LeaderState
2019-08-20 18:47:53,645 [org.apache.ratis.server.impl.LogAppender$AppenderDaemon$$Lambda$487/193909137@1d68cda7] WARN  server.GrpcLogAppender (GrpcLogAppender.java:mayWait(143)) - GrpcLogAppender(cf6953c2-32b6-42f7-ab38-bddb14a599b2->2c3705c7-c55e-4fe5-a1eb-903b30dba60b): Wait interrupted by java.lang.InterruptedException
2019-08-20 18:47:53,645 [org.apache.ratis.server.impl.LogAppender$AppenderDaemon$$Lambda$487/193909137@586a406e] WARN  server.GrpcLogAppender (GrpcLogAppender.java:mayWait(143)) - GrpcLogAppender(cf6953c2-32b6-42f7-ab38-bddb14a599b2->cdb5f687-1183-4537-b7fe-600d71f89ce8): Wait interrupted by java.lang.InterruptedException
2019-08-20 18:47:53,645 [ForkJoinPool.commonPool-worker-0] INFO  impl.PendingRequests (PendingRequests.java:sendNotLeaderResponses(202)) - cf6953c2-32b6-42f7-ab38-bddb14a599b2-PendingRequests: sendNotLeaderResponses
2019-08-20 18:47:53,646 [grpc-default-executor-8] INFO  server.GrpcServerProtocolService (GrpcServerProtocolService.java:onCompleted(104)) - cdb5f687-1183-4537-b7fe-600d71f89ce8: appendEntries completed
2019-08-20 18:47:53,649 [ForkJoinPool.commonPool-worker-0] INFO  impl.StateMachineUpdater (StateMachineUpdater.java:stopAndJoin(115)) - StateMachineUpdater:cf6953c2-32b6-42f7-ab38-bddb14a599b2:group-1FA4A48610E7: set stopIndex = 15
2019-08-20 18:47:53,650 [main] INFO  ozoneimpl.OzoneContainer (OzoneContainer.java:stop(199)) - Attempting to stop container services.
2019-08-20 18:47:53,649 [StateMachineUpdater:cf6953c2-32b6-42f7-ab38-bddb14a599b2:group-1FA4A48610E7] INFO  ratis.ContainerStateMachine (ContainerStateMachine.java:takeSnapshot(283)) - group-1FA4A48610E7: Taking a snapshot at:(t:1, i:13) file /workdir/hadoop-ozone/integration-test/target/test-dir/MiniOzoneClusterImpl-608c326c-aa6a-4be1-85ed-041816735c61/datanode-2/data/ratis/8a5b5004-82bf-406f-8aff-1fa4a48610e7/sm/snapshot.1_13
2019-08-20 18:47:53,650 [main] INFO  impl.RaftServerProxy (RaftServerProxy.java:lambda$close$4(314)) - 77f6c16c-5a77-4d2e-9dcc-aa40b17a66e4: close
2019-08-20 18:47:53,650 [grpc-default-executor-5] INFO  server.GrpcLogAppender (GrpcLogAppender.java:onCompleted(292)) - cf6953c2-32b6-42f7-ab38-bddb14a599b2->cdb5f687-1183-4537-b7fe-600d71f89ce8: follower responses appendEntries COMPLETED
2019-08-20 18:47:53,651 [main] INFO  impl.RaftServerImpl (RaftServerImpl.java:lambda$shutdown$3(245)) - 77f6c16c-5a77-4d2e-9dcc-aa40b17a66e4: shutdown group-0C55CC5219B6
2019-08-20 18:47:53,651 [grpc-default-executor-5] INFO  impl.FollowerInfo (FollowerInfo.java:lambda$new$0(50)) - cf6953c2-32b6-42f7-ab38-bddb14a599b2->cdb5f687-1183-4537-b7fe-600d71f89ce8: nextIndex: updateUnconditionally 16 -> 15
2019-08-20 18:47:53,651 [main] INFO  util.JmxRegister (JmxRegister.java:unregister(73)) - Successfully un-registered JMX Bean with object name Ratis:service=RaftServer,group=group-0C55CC5219B6,id=77f6c16c-5a77-4d2e-9dcc-aa40b17a66e4
2019-08-20 18:47:53,652 [main] INFO  impl.RoleInfo (RoleInfo.java:shutdownLeaderState(104)) - 77f6c16c-5a77-4d2e-9dcc-aa40b17a66e4: shutdown LeaderState
2019-08-20 18:47:53,653 [main] INFO  impl.PendingRequests (PendingRequests.java:sendNotLeaderResponses(202)) - 77f6c16c-5a77-4d2e-9dcc-aa40b17a66e4-PendingRequests: sendNotLeaderResponses
2019-08-20 18:47:53,653 [main] INFO  impl.StateMachineUpdater (StateMachineUpdater.java:stopAndJoin(115)) - StateMachineUpdater:77f6c16c-5a77-4d2e-9dcc-aa40b17a66e4:group-0C55CC5219B6: set stopIndex = 0
2019-08-20 18:47:53,654 [main] INFO  impl.RaftServerImpl (ServerState.java:close(394)) - 77f6c16c-5a77-4d2e-9dcc-aa40b17a66e4:group-0C55CC5219B6 closes. The last applied log index is 0
2019-08-20 18:47:53,654 [77f6c16c-5a77-4d2e-9dcc-aa40b17a66e4-SegmentedRaftLogWorker:Storage Directory /workdir/hadoop-ozone/integration-test/target/test-dir/MiniOzoneClusterImpl-608c326c-aa6a-4be1-85ed-041816735c61/datanode-6/data/ratis/4bb88af4-6509-42a6-bdc4-0c55cc5219b6] INFO  segmented.SegmentedRaftLogWorker (SegmentedRaftLogWorker.java:run(313)) - 77f6c16c-5a77-4d2e-9dcc-aa40b17a66e4-SegmentedRaftLogWorker:Storage Directory /workdir/hadoop-ozone/integration-test/target/test-dir/MiniOzoneClusterImpl-608c326c-aa6a-4be1-85ed-041816735c61/datanode-6/data/ratis/4bb88af4-6509-42a6-bdc4-0c55cc5219b6 was interrupted, exiting. There are 0 tasks remaining in the queue.
2019-08-20 18:47:53,656 [main] INFO  segmented.SegmentedRaftLogWorker (SegmentedRaftLogWorker.java:close(228)) - 77f6c16c-5a77-4d2e-9dcc-aa40b17a66e4-SegmentedRaftLogWorker:Storage Directory /workdir/hadoop-ozone/integration-test/target/test-dir/MiniOzoneClusterImpl-608c326c-aa6a-4be1-85ed-041816735c61/datanode-6/data/ratis/4bb88af4-6509-42a6-bdc4-0c55cc5219b6 close()
2019-08-20 18:47:53,660 [main] INFO  server.GrpcService (GrpcService.java:closeImpl(155)) - 77f6c16c-5a77-4d2e-9dcc-aa40b17a66e4: shutdown server with port 32924 now
2019-08-20 18:47:53,668 [StateMachineUpdater:cf6953c2-32b6-42f7-ab38-bddb14a599b2:group-1FA4A48610E7] INFO  ratis.ContainerStateMachine (ContainerStateMachine.java:takeSnapshot(294)) - group-1FA4A48610E7: Finished taking a snapshot at:(t:1, i:13) file:/workdir/hadoop-ozone/integration-test/target/test-dir/MiniOzoneClusterImpl-608c326c-aa6a-4be1-85ed-041816735c61/datanode-2/data/ratis/8a5b5004-82bf-406f-8aff-1fa4a48610e7/sm/snapshot.1_13 time:19
2019-08-20 18:47:53,668 [main] INFO  server.GrpcService (GrpcService.java:closeImpl(163)) - 77f6c16c-5a77-4d2e-9dcc-aa40b17a66e4: shutdown server with port 32924 successfully
2019-08-20 18:47:53,668 [StateMachineUpdater:cf6953c2-32b6-42f7-ab38-bddb14a599b2:group-1FA4A48610E7] INFO  impl.StateMachineUpdater (StateMachineUpdater.java:takeSnapshot(242)) - StateMachineUpdater:cf6953c2-32b6-42f7-ab38-bddb14a599b2:group-1FA4A48610E7: Took a snapshot at index 13
2019-08-20 18:47:53,669 [StateMachineUpdater:cf6953c2-32b6-42f7-ab38-bddb14a599b2:group-1FA4A48610E7] INFO  impl.StateMachineUpdater (StateMachineUpdater.java:lambda$new$0(80)) - StateMachineUpdater:cf6953c2-32b6-42f7-ab38-bddb14a599b2:group-1FA4A48610E7: snapshotIndex: updateIncreasingly -1 -> 13
2019-08-20 18:47:53,669 [ForkJoinPool.commonPool-worker-0] INFO  impl.RaftServerImpl (ServerState.java:close(394)) - cf6953c2-32b6-42f7-ab38-bddb14a599b2:group-1FA4A48610E7 closes. The last applied log index is 15
2019-08-20 18:47:53,669 [main] INFO  utils.BackgroundService (BackgroundService.java:shutdown(148)) - Shutting down service BlockDeletingService
2019-08-20 18:47:53,671 [cf6953c2-32b6-42f7-ab38-bddb14a599b2-SegmentedRaftLogWorker:Storage Directory /workdir/hadoop-ozone/integration-test/target/test-dir/MiniOzoneClusterImpl-608c326c-aa6a-4be1-85ed-041816735c61/datanode-2/data/ratis/8a5b5004-82bf-406f-8aff-1fa4a48610e7] INFO  segmented.SegmentedRaftLogWorker (SegmentedRaftLogWorker.java:run(313)) - cf6953c2-32b6-42f7-ab38-bddb14a599b2-SegmentedRaftLogWorker:Storage Directory /workdir/hadoop-ozone/integration-test/target/test-dir/MiniOzoneClusterImpl-608c326c-aa6a-4be1-85ed-041816735c61/datanode-2/data/ratis/8a5b5004-82bf-406f-8aff-1fa4a48610e7 was interrupted, exiting. There are 0 tasks remaining in the queue.
2019-08-20 18:47:53,672 [refreshUsed-/workdir/hadoop-ozone/integration-test/target/test-dir/MiniOzoneClusterImpl-608c326c-aa6a-4be1-85ed-041816735c61/datanode-6/data/containers] WARN  fs.CachingGetSpaceUsed (CachingGetSpaceUsed.java:run(183)) - Thread Interrupted waiting to refresh disk information: sleep interrupted
2019-08-20 18:47:53,674 [ForkJoinPool.commonPool-worker-0] INFO  segmented.SegmentedRaftLogWorker (SegmentedRaftLogWorker.java:close(228)) - cf6953c2-32b6-42f7-ab38-bddb14a599b2-SegmentedRaftLogWorker:Storage Directory /workdir/hadoop-ozone/integration-test/target/test-dir/MiniOzoneClusterImpl-608c326c-aa6a-4be1-85ed-041816735c61/datanode-2/data/ratis/8a5b5004-82bf-406f-8aff-1fa4a48610e7 close()
2019-08-20 18:47:53,677 [ForkJoinPool.commonPool-worker-0] INFO  impl.RaftServerImpl (RaftServerImpl.java:lambda$shutdown$3(245)) - cf6953c2-32b6-42f7-ab38-bddb14a599b2: shutdown group-A8E34094F328
2019-08-20 18:47:53,678 [ForkJoinPool.commonPool-worker-0] INFO  util.JmxRegister (JmxRegister.java:unregister(73)) - Successfully un-registered JMX Bean with object name Ratis:service=RaftServer,group=group-A8E34094F328,id=cf6953c2-32b6-42f7-ab38-bddb14a599b2
2019-08-20 18:47:53,678 [ForkJoinPool.commonPool-worker-0] INFO  impl.RoleInfo (RoleInfo.java:shutdownLeaderState(104)) - cf6953c2-32b6-42f7-ab38-bddb14a599b2: shutdown LeaderState
2019-08-20 18:47:53,678 [ForkJoinPool.commonPool-worker-0] INFO  impl.PendingRequests (PendingRequests.java:sendNotLeaderResponses(202)) - cf6953c2-32b6-42f7-ab38-bddb14a599b2-PendingRequests: sendNotLeaderResponses
2019-08-20 18:47:53,679 [ForkJoinPool.commonPool-worker-0] INFO  impl.StateMachineUpdater (StateMachineUpdater.java:stopAndJoin(115)) - StateMachineUpdater:cf6953c2-32b6-42f7-ab38-bddb14a599b2:group-A8E34094F328: set stopIndex = 0
2019-08-20 18:47:53,679 [ForkJoinPool.commonPool-worker-0] INFO  impl.RaftServerImpl (ServerState.java:close(394)) - cf6953c2-32b6-42f7-ab38-bddb14a599b2:group-A8E34094F328 closes. The last applied log index is 0
2019-08-20 18:47:53,679 [cf6953c2-32b6-42f7-ab38-bddb14a599b2-SegmentedRaftLogWorker:Storage Directory /workdir/hadoop-ozone/integration-test/target/test-dir/MiniOzoneClusterImpl-608c326c-aa6a-4be1-85ed-041816735c61/datanode-2/data/ratis/6d4ab42f-8a8d-462b-8cb6-a8e34094f328] INFO  segmented.SegmentedRaftLogWorker (SegmentedRaftLogWorker.java:run(313)) - cf6953c2-32b6-42f7-ab38-bddb14a599b2-SegmentedRaftLogWorker:Storage Directory /workdir/hadoop-ozone/integration-test/target/test-dir/MiniOzoneClusterImpl-608c326c-aa6a-4be1-85ed-041816735c61/datanode-2/data/ratis/6d4ab42f-8a8d-462b-8cb6-a8e34094f328 was interrupted, exiting. There are 0 tasks remaining in the queue.
2019-08-20 18:47:53,681 [ForkJoinPool.commonPool-worker-0] INFO  segmented.SegmentedRaftLogWorker (SegmentedRaftLogWorker.java:close(228)) - cf6953c2-32b6-42f7-ab38-bddb14a599b2-SegmentedRaftLogWorker:Storage Directory /workdir/hadoop-ozone/integration-test/target/test-dir/MiniOzoneClusterImpl-608c326c-aa6a-4be1-85ed-041816735c61/datanode-2/data/ratis/6d4ab42f-8a8d-462b-8cb6-a8e34094f328 close()
2019-08-20 18:47:53,684 [ForkJoinPool.commonPool-worker-0] INFO  server.GrpcService (GrpcService.java:closeImpl(155)) - cf6953c2-32b6-42f7-ab38-bddb14a599b2: shutdown server with port 33682 now
2019-08-20 18:47:53,685 [grpc-default-executor-8] WARN  client.GrpcClientProtocolService (LogUtils.java:warn(134)) - 1-UnorderedRequestStreamObserver1: onError: org.apache.ratis.thirdparty.io.grpc.StatusRuntimeException: CANCELLED: cancelled before receiving half close
2019-08-20 18:47:53,685 [ForkJoinPool.commonPool-worker-0] INFO  server.GrpcService (GrpcService.java:closeImpl(163)) - cf6953c2-32b6-42f7-ab38-bddb14a599b2: shutdown server with port 33682 successfully
2019-08-20 18:47:53,688 [ForkJoinPool.commonPool-worker-0] INFO  utils.BackgroundService (BackgroundService.java:shutdown(148)) - Shutting down service BlockDeletingService
2019-08-20 18:47:53,691 [refreshUsed-/workdir/hadoop-ozone/integration-test/target/test-dir/MiniOzoneClusterImpl-608c326c-aa6a-4be1-85ed-041816735c61/datanode-2/data/containers] WARN  fs.CachingGetSpaceUsed (CachingGetSpaceUsed.java:run(183)) - Thread Interrupted waiting to refresh disk information: sleep interrupted
2019-08-20 18:47:53,698 [main] INFO  statemachine.DatanodeStateMachine (DatanodeStateMachine.java:stopDaemon(395)) - Ozone container server stopped.
2019-08-20 18:47:53,699 [main] INFO  handler.ContextHandler (ContextHandler.java:doStop(910)) - Stopped o.e.j.w.WebAppContext@2380e8d4{/,null,UNAVAILABLE}{/hddsDatanode}
2019-08-20 18:47:53,701 [main] INFO  server.AbstractConnector (AbstractConnector.java:doStop(318)) - Stopped ServerConnector@53b5356{HTTP/1.1,[http/1.1]}{0.0.0.0:0}
2019-08-20 18:47:53,702 [main] INFO  handler.ContextHandler (ContextHandler.java:doStop(910)) - Stopped o.e.j.s.ServletContextHandler@78ba0a57{/static,jar:file:/home/user/.m2/repository/org/apache/hadoop/hadoop-hdds-container-service/0.5.0-SNAPSHOT/hadoop-hdds-container-service-0.5.0-SNAPSHOT.jar!/webapps/static,UNAVAILABLE}
2019-08-20 18:47:53,702 [main] INFO  handler.ContextHandler (ContextHandler.java:doStop(910)) - Stopped o.e.j.s.ServletContextHandler@5d5b07e9{/logs,file:///workdir/hadoop-ozone/integration-test/target/log,UNAVAILABLE}
2019-08-20 18:47:53,704 [main] INFO  datanode.ObjectStoreHandler (ObjectStoreHandler.java:close(155)) - Closing ObjectStoreHandler.
2019-08-20 18:47:53,704 [main] INFO  ozone.HddsDatanodeService (HddsDatanodeService.java:stop(451)) - Stopped plug-in org.apache.hadoop.ozone.web.OzoneHddsDatanodeService@40fd9358
2019-08-20 18:47:53,717 [ForkJoinPool.commonPool-worker-0] INFO  statemachine.DatanodeStateMachine (DatanodeStateMachine.java:stopDaemon(395)) - Ozone container server stopped.
2019-08-20 18:47:53,722 [ForkJoinPool.commonPool-worker-0] INFO  handler.ContextHandler (ContextHandler.java:doStop(910)) - Stopped o.e.j.w.WebAppContext@d9ff1cd{/,null,UNAVAILABLE}{/hddsDatanode}
2019-08-20 18:47:53,723 [ForkJoinPool.commonPool-worker-0] INFO  server.AbstractConnector (AbstractConnector.java:doStop(318)) - Stopped ServerConnector@2c64ee53{HTTP/1.1,[http/1.1]}{0.0.0.0:0}
2019-08-20 18:47:53,724 [ForkJoinPool.commonPool-worker-0] INFO  handler.ContextHandler (ContextHandler.java:doStop(910)) - Stopped o.e.j.s.ServletContextHandler@441798ce{/static,jar:file:/home/user/.m2/repository/org/apache/hadoop/hadoop-hdds-container-service/0.5.0-SNAPSHOT/hadoop-hdds-container-service-0.5.0-SNAPSHOT.jar!/webapps/static,UNAVAILABLE}
2019-08-20 18:47:53,726 [ForkJoinPool.commonPool-worker-0] INFO  handler.ContextHandler (ContextHandler.java:doStop(910)) - Stopped o.e.j.s.ServletContextHandler@2582e213{/logs,file:///workdir/hadoop-ozone/integration-test/target/log,UNAVAILABLE}
2019-08-20 18:47:53,727 [ForkJoinPool.commonPool-worker-0] INFO  datanode.ObjectStoreHandler (ObjectStoreHandler.java:close(155)) - Closing ObjectStoreHandler.
2019-08-20 18:47:53,727 [ForkJoinPool.commonPool-worker-0] INFO  ozone.HddsDatanodeService (HddsDatanodeService.java:stop(451)) - Stopped plug-in org.apache.hadoop.ozone.web.OzoneHddsDatanodeService@118cbb26
2019-08-20 18:47:54,297 [Datanode State Machine Thread - 0] INFO  statemachine.DatanodeStateMachine (DatanodeStateMachine.java:lambda$startDaemon$0(350)) - Ozone container server started.
2019-08-20 18:47:54,608 [Datanode State Machine Thread - 0] INFO  statemachine.DatanodeStateMachine (DatanodeStateMachine.java:lambda$startDaemon$0(350)) - Ozone container server started.
2019-08-20 18:47:55,213 [grpc-default-executor-8] WARN  server.GrpcLogAppender (LogUtils.java:warn(134)) - 4803ef64-8996-418d-89c0-57ea0fe6bc6a->2d010cef-60b6-41ea-978a-486fd035ec3e: Failed appendEntries: org.apache.ratis.thirdparty.io.grpc.StatusRuntimeException: UNAVAILABLE: io exception
2019-08-20 18:47:55,214 [grpc-default-executor-8] INFO  impl.FollowerInfo (FollowerInfo.java:lambda$new$0(50)) - 4803ef64-8996-418d-89c0-57ea0fe6bc6a->2d010cef-60b6-41ea-978a-486fd035ec3e: nextIndex: updateUnconditionally 16 -> 15
2019-08-20 18:47:55,220 [grpc-default-executor-9] WARN  server.GrpcLogAppender (LogUtils.java:warn(134)) - 4803ef64-8996-418d-89c0-57ea0fe6bc6a->0c838819-3df6-4ef3-ab53-303f2178b7dc: Failed appendEntries: org.apache.ratis.thirdparty.io.grpc.StatusRuntimeException: UNAVAILABLE: io exception
2019-08-20 18:47:55,220 [grpc-default-executor-9] INFO  impl.FollowerInfo (FollowerInfo.java:lambda$new$0(50)) - 4803ef64-8996-418d-89c0-57ea0fe6bc6a->0c838819-3df6-4ef3-ab53-303f2178b7dc: nextIndex: updateUnconditionally 0 -> 0
2019-08-20 18:47:57,714 [grpc-default-executor-5] WARN  server.GrpcLogAppender (LogUtils.java:warn(134)) - 4803ef64-8996-418d-89c0-57ea0fe6bc6a->2d010cef-60b6-41ea-978a-486fd035ec3e: Failed appendEntries: org.apache.ratis.thirdparty.io.grpc.StatusRuntimeException: UNAVAILABLE: io exception
2019-08-20 18:47:57,714 [grpc-default-executor-5] INFO  impl.FollowerInfo (FollowerInfo.java:lambda$new$0(50)) - 4803ef64-8996-418d-89c0-57ea0fe6bc6a->2d010cef-60b6-41ea-978a-486fd035ec3e: nextIndex: updateUnconditionally 15 -> 14
2019-08-20 18:47:57,720 [grpc-default-executor-9] WARN  server.GrpcLogAppender (LogUtils.java:warn(134)) - 4803ef64-8996-418d-89c0-57ea0fe6bc6a->0c838819-3df6-4ef3-ab53-303f2178b7dc: Failed appendEntries: org.apache.ratis.thirdparty.io.grpc.StatusRuntimeException: UNAVAILABLE: io exception
2019-08-20 18:47:57,721 [grpc-default-executor-9] INFO  impl.FollowerInfo (FollowerInfo.java:lambda$new$0(50)) - 4803ef64-8996-418d-89c0-57ea0fe6bc6a->0c838819-3df6-4ef3-ab53-303f2178b7dc: nextIndex: updateUnconditionally 0 -> 0
2019-08-20 18:47:58,299 [EventQueue-StaleNodeForStaleNodeHandler] INFO  node.StaleNodeHandler (StaleNodeHandler.java:onMessage(58)) - Datanode cdb5f687-1183-4537-b7fe-600d71f89ce8{ip: 192.168.69.105, host: pr-hdds-165-w559s-1850982102, networkLocation: /default-rack, certSerialId: null} moved to stale state. Finalizing its pipelines [PipelineID=4af79910-5ea2-45a8-a2cc-8c6c8c7bc9a4, PipelineID=8a5b5004-82bf-406f-8aff-1fa4a48610e7]
2019-08-20 18:47:58,299 [EventQueue-StaleNodeForStaleNodeHandler] INFO  pipeline.SCMPipelineManager (SCMPipelineManager.java:finalizeAndDestroyPipeline(309)) - destroying pipeline:Pipeline[ Id: 4af79910-5ea2-45a8-a2cc-8c6c8c7bc9a4, Nodes: cdb5f687-1183-4537-b7fe-600d71f89ce8{ip: 192.168.69.105, host: pr-hdds-165-w559s-1850982102, networkLocation: /default-rack, certSerialId: null}, Type:RATIS, Factor:ONE, State:OPEN]
2019-08-20 18:47:58,300 [EventQueue-StaleNodeForStaleNodeHandler] INFO  pipeline.PipelineStateManager (PipelineStateManager.java:finalizePipeline(123)) - Pipeline Pipeline[ Id: 4af79910-5ea2-45a8-a2cc-8c6c8c7bc9a4, Nodes: cdb5f687-1183-4537-b7fe-600d71f89ce8{ip: 192.168.69.105, host: pr-hdds-165-w559s-1850982102, networkLocation: /default-rack, certSerialId: null}, Type:RATIS, Factor:ONE, State:CLOSED] moved to CLOSED state
2019-08-20 18:47:58,300 [EventQueue-StaleNodeForStaleNodeHandler] INFO  pipeline.SCMPipelineManager (SCMPipelineManager.java:finalizeAndDestroyPipeline(309)) - destroying pipeline:Pipeline[ Id: 8a5b5004-82bf-406f-8aff-1fa4a48610e7, Nodes: cdb5f687-1183-4537-b7fe-600d71f89ce8{ip: 192.168.69.105, host: pr-hdds-165-w559s-1850982102, networkLocation: /default-rack, certSerialId: null}2c3705c7-c55e-4fe5-a1eb-903b30dba60b{ip: 192.168.69.105, host: pr-hdds-165-w559s-1850982102, networkLocation: /default-rack, certSerialId: null}cf6953c2-32b6-42f7-ab38-bddb14a599b2{ip: 192.168.69.105, host: pr-hdds-165-w559s-1850982102, networkLocation: /default-rack, certSerialId: null}, Type:RATIS, Factor:THREE, State:CLOSED]
2019-08-20 18:47:58,700 [EventQueue-StaleNodeForStaleNodeHandler] INFO  node.StaleNodeHandler (StaleNodeHandler.java:onMessage(58)) - Datanode 4803ef64-8996-418d-89c0-57ea0fe6bc6a{ip: 192.168.69.105, host: pr-hdds-165-w559s-1850982102, networkLocation: /default-rack, certSerialId: null} moved to stale state. Finalizing its pipelines [PipelineID=959ae45f-6ab0-4dd7-b5c0-ef5d545d2b77, PipelineID=e20e0a57-7fb7-4889-bc79-f7b99037203f]
2019-08-20 18:47:58,700 [EventQueue-StaleNodeForStaleNodeHandler] INFO  pipeline.SCMPipelineManager (SCMPipelineManager.java:finalizeAndDestroyPipeline(309)) - destroying pipeline:Pipeline[ Id: 959ae45f-6ab0-4dd7-b5c0-ef5d545d2b77, Nodes: 0c838819-3df6-4ef3-ab53-303f2178b7dc{ip: 192.168.69.105, host: pr-hdds-165-w559s-1850982102, networkLocation: /default-rack, certSerialId: null}4803ef64-8996-418d-89c0-57ea0fe6bc6a{ip: 192.168.69.105, host: pr-hdds-165-w559s-1850982102, networkLocation: /default-rack, certSerialId: null}2d010cef-60b6-41ea-978a-486fd035ec3e{ip: 192.168.69.105, host: pr-hdds-165-w559s-1850982102, networkLocation: /default-rack, certSerialId: null}, Type:RATIS, Factor:THREE, State:CLOSED]
2019-08-20 18:47:58,700 [EventQueue-StaleNodeForStaleNodeHandler] INFO  pipeline.SCMPipelineManager (SCMPipelineManager.java:finalizeAndDestroyPipeline(309)) - destroying pipeline:Pipeline[ Id: e20e0a57-7fb7-4889-bc79-f7b99037203f, Nodes: 4803ef64-8996-418d-89c0-57ea0fe6bc6a{ip: 192.168.69.105, host: pr-hdds-165-w559s-1850982102, networkLocation: /default-rack, certSerialId: null}, Type:RATIS, Factor:ONE, State:OPEN]
2019-08-20 18:47:58,700 [EventQueue-StaleNodeForStaleNodeHandler] INFO  pipeline.PipelineStateManager (PipelineStateManager.java:finalizePipeline(123)) - Pipeline Pipeline[ Id: e20e0a57-7fb7-4889-bc79-f7b99037203f, Nodes: 4803ef64-8996-418d-89c0-57ea0fe6bc6a{ip: 192.168.69.105, host: pr-hdds-165-w559s-1850982102, networkLocation: /default-rack, certSerialId: null}, Type:RATIS, Factor:ONE, State:CLOSED] moved to CLOSED state
2019-08-20 18:47:58,705 [main] INFO  ozoneimpl.OzoneContainer (OzoneContainer.java:stop(199)) - Attempting to stop container services.
2019-08-20 18:47:58,706 [main] INFO  impl.RaftServerProxy (RaftServerProxy.java:lambda$close$4(314)) - 4803ef64-8996-418d-89c0-57ea0fe6bc6a: close
2019-08-20 18:47:58,706 [main] INFO  impl.RaftServerImpl (RaftServerImpl.java:lambda$shutdown$3(245)) - 4803ef64-8996-418d-89c0-57ea0fe6bc6a: shutdown group-EF5D545D2B77
2019-08-20 18:47:58,706 [main] INFO  util.JmxRegister (JmxRegister.java:unregister(73)) - Successfully un-registered JMX Bean with object name Ratis:service=RaftServer,group=group-EF5D545D2B77,id=4803ef64-8996-418d-89c0-57ea0fe6bc6a
2019-08-20 18:47:58,707 [main] INFO  impl.RoleInfo (RoleInfo.java:shutdownLeaderState(104)) - 4803ef64-8996-418d-89c0-57ea0fe6bc6a: shutdown LeaderState
2019-08-20 18:47:58,711 [org.apache.ratis.server.impl.LogAppender$AppenderDaemon$$Lambda$487/193909137@19a21a2d] WARN  server.GrpcLogAppender (GrpcLogAppender.java:mayWait(143)) - GrpcLogAppender(4803ef64-8996-418d-89c0-57ea0fe6bc6a->0c838819-3df6-4ef3-ab53-303f2178b7dc): Wait interrupted by java.lang.InterruptedException
2019-08-20 18:47:58,711 [org.apache.ratis.server.impl.LogAppender$AppenderDaemon$$Lambda$487/193909137@3d464e39] WARN  server.GrpcLogAppender (GrpcLogAppender.java:mayWait(143)) - GrpcLogAppender(4803ef64-8996-418d-89c0-57ea0fe6bc6a->2d010cef-60b6-41ea-978a-486fd035ec3e): Wait interrupted by java.lang.InterruptedException
2019-08-20 18:47:58,711 [main] INFO  impl.PendingRequests (PendingRequests.java:sendNotLeaderResponses(202)) - 4803ef64-8996-418d-89c0-57ea0fe6bc6a-PendingRequests: sendNotLeaderResponses
2019-08-20 18:47:58,712 [main] INFO  impl.StateMachineUpdater (StateMachineUpdater.java:stopAndJoin(115)) - StateMachineUpdater:4803ef64-8996-418d-89c0-57ea0fe6bc6a:group-EF5D545D2B77: set stopIndex = 18
2019-08-20 18:47:58,712 [StateMachineUpdater:4803ef64-8996-418d-89c0-57ea0fe6bc6a:group-EF5D545D2B77] INFO  ratis.ContainerStateMachine (ContainerStateMachine.java:takeSnapshot(283)) - group-EF5D545D2B77: Taking a snapshot at:(t:1, i:14) file /workdir/hadoop-ozone/integration-test/target/test-dir/MiniOzoneClusterImpl-608c326c-aa6a-4be1-85ed-041816735c61/datanode-5/data/ratis/959ae45f-6ab0-4dd7-b5c0-ef5d545d2b77/sm/snapshot.1_14
2019-08-20 18:47:58,727 [StateMachineUpdater:4803ef64-8996-418d-89c0-57ea0fe6bc6a:group-EF5D545D2B77] INFO  ratis.ContainerStateMachine (ContainerStateMachine.java:takeSnapshot(294)) - group-EF5D545D2B77: Finished taking a snapshot at:(t:1, i:14) file:/workdir/hadoop-ozone/integration-test/target/test-dir/MiniOzoneClusterImpl-608c326c-aa6a-4be1-85ed-041816735c61/datanode-5/data/ratis/959ae45f-6ab0-4dd7-b5c0-ef5d545d2b77/sm/snapshot.1_14 time:15
2019-08-20 18:47:58,727 [StateMachineUpdater:4803ef64-8996-418d-89c0-57ea0fe6bc6a:group-EF5D545D2B77] INFO  impl.StateMachineUpdater (StateMachineUpdater.java:takeSnapshot(242)) - StateMachineUpdater:4803ef64-8996-418d-89c0-57ea0fe6bc6a:group-EF5D545D2B77: Took a snapshot at index 14
2019-08-20 18:47:58,727 [StateMachineUpdater:4803ef64-8996-418d-89c0-57ea0fe6bc6a:group-EF5D545D2B77] INFO  impl.StateMachineUpdater (StateMachineUpdater.java:lambda$new$0(80)) - StateMachineUpdater:4803ef64-8996-418d-89c0-57ea0fe6bc6a:group-EF5D545D2B77: snapshotIndex: updateIncreasingly -1 -> 14
2019-08-20 18:47:58,727 [main] INFO  impl.RaftServerImpl (ServerState.java:close(394)) - 4803ef64-8996-418d-89c0-57ea0fe6bc6a:group-EF5D545D2B77 closes. The last applied log index is 18
2019-08-20 18:47:58,728 [ForkJoinPool.commonPool-worker-0] INFO  ozoneimpl.OzoneContainer (OzoneContainer.java:stop(199)) - Attempting to stop container services.
2019-08-20 18:47:58,728 [4803ef64-8996-418d-89c0-57ea0fe6bc6a-SegmentedRaftLogWorker:Storage Directory /workdir/hadoop-ozone/integration-test/target/test-dir/MiniOzoneClusterImpl-608c326c-aa6a-4be1-85ed-041816735c61/datanode-5/data/ratis/959ae45f-6ab0-4dd7-b5c0-ef5d545d2b77] INFO  segmented.SegmentedRaftLogWorker (SegmentedRaftLogWorker.java:run(313)) - 4803ef64-8996-418d-89c0-57ea0fe6bc6a-SegmentedRaftLogWorker:Storage Directory /workdir/hadoop-ozone/integration-test/target/test-dir/MiniOzoneClusterImpl-608c326c-aa6a-4be1-85ed-041816735c61/datanode-5/data/ratis/959ae45f-6ab0-4dd7-b5c0-ef5d545d2b77 was interrupted, exiting. There are 0 tasks remaining in the queue.
2019-08-20 18:47:58,728 [ForkJoinPool.commonPool-worker-0] INFO  impl.RaftServerProxy (RaftServerProxy.java:lambda$close$4(314)) - cdb5f687-1183-4537-b7fe-600d71f89ce8: close
2019-08-20 18:47:58,734 [main] INFO  segmented.SegmentedRaftLogWorker (SegmentedRaftLogWorker.java:close(228)) - 4803ef64-8996-418d-89c0-57ea0fe6bc6a-SegmentedRaftLogWorker:Storage Directory /workdir/hadoop-ozone/integration-test/target/test-dir/MiniOzoneClusterImpl-608c326c-aa6a-4be1-85ed-041816735c61/datanode-5/data/ratis/959ae45f-6ab0-4dd7-b5c0-ef5d545d2b77 close()
2019-08-20 18:47:58,734 [ForkJoinPool.commonPool-worker-0] INFO  impl.RaftServerImpl (RaftServerImpl.java:lambda$shutdown$3(245)) - cdb5f687-1183-4537-b7fe-600d71f89ce8: shutdown group-8C6C8C7BC9A4
2019-08-20 18:47:58,736 [main] INFO  impl.RaftServerImpl (RaftServerImpl.java:lambda$shutdown$3(245)) - 4803ef64-8996-418d-89c0-57ea0fe6bc6a: shutdown group-F7B99037203F
2019-08-20 18:47:58,736 [ForkJoinPool.commonPool-worker-0] INFO  util.JmxRegister (JmxRegister.java:unregister(73)) - Successfully un-registered JMX Bean with object name Ratis:service=RaftServer,group=group-8C6C8C7BC9A4,id=cdb5f687-1183-4537-b7fe-600d71f89ce8
2019-08-20 18:47:58,737 [main] INFO  util.JmxRegister (JmxRegister.java:unregister(73)) - Successfully un-registered JMX Bean with object name Ratis:service=RaftServer,group=group-F7B99037203F,id=4803ef64-8996-418d-89c0-57ea0fe6bc6a
2019-08-20 18:47:58,737 [ForkJoinPool.commonPool-worker-0] INFO  impl.RoleInfo (RoleInfo.java:shutdownLeaderState(104)) - cdb5f687-1183-4537-b7fe-600d71f89ce8: shutdown LeaderState
2019-08-20 18:47:58,737 [main] INFO  impl.RoleInfo (RoleInfo.java:shutdownLeaderState(104)) - 4803ef64-8996-418d-89c0-57ea0fe6bc6a: shutdown LeaderState
2019-08-20 18:47:58,738 [ForkJoinPool.commonPool-worker-0] INFO  impl.PendingRequests (PendingRequests.java:sendNotLeaderResponses(202)) - cdb5f687-1183-4537-b7fe-600d71f89ce8-PendingRequests: sendNotLeaderResponses
2019-08-20 18:47:58,738 [main] INFO  impl.PendingRequests (PendingRequests.java:sendNotLeaderResponses(202)) - 4803ef64-8996-418d-89c0-57ea0fe6bc6a-PendingRequests: sendNotLeaderResponses
2019-08-20 18:47:58,738 [ForkJoinPool.commonPool-worker-0] INFO  impl.StateMachineUpdater (StateMachineUpdater.java:stopAndJoin(115)) - StateMachineUpdater:cdb5f687-1183-4537-b7fe-600d71f89ce8:group-8C6C8C7BC9A4: set stopIndex = 0
2019-08-20 18:47:58,739 [ForkJoinPool.commonPool-worker-0] INFO  impl.RaftServerImpl (ServerState.java:close(394)) - cdb5f687-1183-4537-b7fe-600d71f89ce8:group-8C6C8C7BC9A4 closes. The last applied log index is 0
2019-08-20 18:47:58,739 [main] INFO  impl.StateMachineUpdater (StateMachineUpdater.java:stopAndJoin(115)) - StateMachineUpdater:4803ef64-8996-418d-89c0-57ea0fe6bc6a:group-F7B99037203F: set stopIndex = 0
2019-08-20 18:47:58,740 [cdb5f687-1183-4537-b7fe-600d71f89ce8-SegmentedRaftLogWorker:Storage Directory /workdir/hadoop-ozone/integration-test/target/test-dir/MiniOzoneClusterImpl-608c326c-aa6a-4be1-85ed-041816735c61/datanode-0/data/ratis/4af79910-5ea2-45a8-a2cc-8c6c8c7bc9a4] INFO  segmented.SegmentedRaftLogWorker (SegmentedRaftLogWorker.java:run(313)) - cdb5f687-1183-4537-b7fe-600d71f89ce8-SegmentedRaftLogWorker:Storage Directory /workdir/hadoop-ozone/integration-test/target/test-dir/MiniOzoneClusterImpl-608c326c-aa6a-4be1-85ed-041816735c61/datanode-0/data/ratis/4af79910-5ea2-45a8-a2cc-8c6c8c7bc9a4 was interrupted, exiting. There are 0 tasks remaining in the queue.
2019-08-20 18:47:58,740 [main] INFO  impl.RaftServerImpl (ServerState.java:close(394)) - 4803ef64-8996-418d-89c0-57ea0fe6bc6a:group-F7B99037203F closes. The last applied log index is 0
2019-08-20 18:47:58,740 [ForkJoinPool.commonPool-worker-0] INFO  segmented.SegmentedRaftLogWorker (SegmentedRaftLogWorker.java:close(228)) - cdb5f687-1183-4537-b7fe-600d71f89ce8-SegmentedRaftLogWorker:Storage Directory /workdir/hadoop-ozone/integration-test/target/test-dir/MiniOzoneClusterImpl-608c326c-aa6a-4be1-85ed-041816735c61/datanode-0/data/ratis/4af79910-5ea2-45a8-a2cc-8c6c8c7bc9a4 close()
2019-08-20 18:47:58,741 [4803ef64-8996-418d-89c0-57ea0fe6bc6a-SegmentedRaftLogWorker:Storage Directory /workdir/hadoop-ozone/integration-test/target/test-dir/MiniOzoneClusterImpl-608c326c-aa6a-4be1-85ed-041816735c61/datanode-5/data/ratis/e20e0a57-7fb7-4889-bc79-f7b99037203f] INFO  segmented.SegmentedRaftLogWorker (SegmentedRaftLogWorker.java:run(313)) - 4803ef64-8996-418d-89c0-57ea0fe6bc6a-SegmentedRaftLogWorker:Storage Directory /workdir/hadoop-ozone/integration-test/target/test-dir/MiniOzoneClusterImpl-608c326c-aa6a-4be1-85ed-041816735c61/datanode-5/data/ratis/e20e0a57-7fb7-4889-bc79-f7b99037203f was interrupted, exiting. There are 0 tasks remaining in the queue.
2019-08-20 18:47:58,742 [ForkJoinPool.commonPool-worker-0] INFO  impl.RaftServerImpl (RaftServerImpl.java:lambda$shutdown$3(245)) - cdb5f687-1183-4537-b7fe-600d71f89ce8: shutdown group-1FA4A48610E7
2019-08-20 18:47:58,742 [main] INFO  segmented.SegmentedRaftLogWorker (SegmentedRaftLogWorker.java:close(228)) - 4803ef64-8996-418d-89c0-57ea0fe6bc6a-SegmentedRaftLogWorker:Storage Directory /workdir/hadoop-ozone/integration-test/target/test-dir/MiniOzoneClusterImpl-608c326c-aa6a-4be1-85ed-041816735c61/datanode-5/data/ratis/e20e0a57-7fb7-4889-bc79-f7b99037203f close()
2019-08-20 18:47:58,743 [ForkJoinPool.commonPool-worker-0] INFO  util.JmxRegister (JmxRegister.java:unregister(73)) - Successfully un-registered JMX Bean with object name Ratis:service=RaftServer,group=group-1FA4A48610E7,id=cdb5f687-1183-4537-b7fe-600d71f89ce8
2019-08-20 18:47:58,745 [main] INFO  server.GrpcService (GrpcService.java:closeImpl(155)) - 4803ef64-8996-418d-89c0-57ea0fe6bc6a: shutdown server with port 43588 now
2019-08-20 18:47:58,745 [ForkJoinPool.commonPool-worker-0] INFO  impl.RoleInfo (RoleInfo.java:shutdownFollowerState(121)) - cdb5f687-1183-4537-b7fe-600d71f89ce8: shutdown FollowerState
2019-08-20 18:47:58,745 [main] INFO  server.GrpcService (GrpcService.java:closeImpl(163)) - 4803ef64-8996-418d-89c0-57ea0fe6bc6a: shutdown server with port 43588 successfully
2019-08-20 18:47:58,746 [StateMachineUpdater:cdb5f687-1183-4537-b7fe-600d71f89ce8:group-1FA4A48610E7] INFO  ratis.ContainerStateMachine (ContainerStateMachine.java:takeSnapshot(283)) - group-1FA4A48610E7: Taking a snapshot at:(t:1, i:13) file /workdir/hadoop-ozone/integration-test/target/test-dir/MiniOzoneClusterImpl-608c326c-aa6a-4be1-85ed-041816735c61/datanode-0/data/ratis/8a5b5004-82bf-406f-8aff-1fa4a48610e7/sm/snapshot.1_13
2019-08-20 18:47:58,746 [Thread-3393] INFO  impl.FollowerState (FollowerState.java:run(114)) - cdb5f687-1183-4537-b7fe-600d71f89ce8: FollowerState was interrupted: java.lang.InterruptedException: sleep interrupted
2019-08-20 18:47:58,746 [ForkJoinPool.commonPool-worker-0] INFO  impl.StateMachineUpdater (StateMachineUpdater.java:stopAndJoin(115)) - StateMachineUpdater:cdb5f687-1183-4537-b7fe-600d71f89ce8:group-1FA4A48610E7: set stopIndex = 15
2019-08-20 18:47:58,748 [main] INFO  utils.BackgroundService (BackgroundService.java:shutdown(148)) - Shutting down service BlockDeletingService
2019-08-20 18:47:58,753 [refreshUsed-/workdir/hadoop-ozone/integration-test/target/test-dir/MiniOzoneClusterImpl-608c326c-aa6a-4be1-85ed-041816735c61/datanode-5/data/containers] WARN  fs.CachingGetSpaceUsed (CachingGetSpaceUsed.java:run(183)) - Thread Interrupted waiting to refresh disk information: sleep interrupted
2019-08-20 18:47:58,761 [StateMachineUpdater:cdb5f687-1183-4537-b7fe-600d71f89ce8:group-1FA4A48610E7] INFO  ratis.ContainerStateMachine (ContainerStateMachine.java:takeSnapshot(294)) - group-1FA4A48610E7: Finished taking a snapshot at:(t:1, i:13) file:/workdir/hadoop-ozone/integration-test/target/test-dir/MiniOzoneClusterImpl-608c326c-aa6a-4be1-85ed-041816735c61/datanode-0/data/ratis/8a5b5004-82bf-406f-8aff-1fa4a48610e7/sm/snapshot.1_13 time:15
2019-08-20 18:47:58,761 [StateMachineUpdater:cdb5f687-1183-4537-b7fe-600d71f89ce8:group-1FA4A48610E7] INFO  impl.StateMachineUpdater (StateMachineUpdater.java:takeSnapshot(242)) - StateMachineUpdater:cdb5f687-1183-4537-b7fe-600d71f89ce8:group-1FA4A48610E7: Took a snapshot at index 13
2019-08-20 18:47:58,761 [StateMachineUpdater:cdb5f687-1183-4537-b7fe-600d71f89ce8:group-1FA4A48610E7] INFO  impl.StateMachineUpdater (StateMachineUpdater.java:lambda$new$0(80)) - StateMachineUpdater:cdb5f687-1183-4537-b7fe-600d71f89ce8:group-1FA4A48610E7: snapshotIndex: updateIncreasingly -1 -> 13
2019-08-20 18:47:58,761 [ForkJoinPool.commonPool-worker-0] INFO  impl.RaftServerImpl (ServerState.java:close(394)) - cdb5f687-1183-4537-b7fe-600d71f89ce8:group-1FA4A48610E7 closes. The last applied log index is 15
2019-08-20 18:47:58,762 [cdb5f687-1183-4537-b7fe-600d71f89ce8-SegmentedRaftLogWorker:Storage Directory /workdir/hadoop-ozone/integration-test/target/test-dir/MiniOzoneClusterImpl-608c326c-aa6a-4be1-85ed-041816735c61/datanode-0/data/ratis/8a5b5004-82bf-406f-8aff-1fa4a48610e7] INFO  segmented.SegmentedRaftLogWorker (SegmentedRaftLogWorker.java:run(313)) - cdb5f687-1183-4537-b7fe-600d71f89ce8-SegmentedRaftLogWorker:Storage Directory /workdir/hadoop-ozone/integration-test/target/test-dir/MiniOzoneClusterImpl-608c326c-aa6a-4be1-85ed-041816735c61/datanode-0/data/ratis/8a5b5004-82bf-406f-8aff-1fa4a48610e7 was interrupted, exiting. There are 0 tasks remaining in the queue.
2019-08-20 18:47:58,762 [ForkJoinPool.commonPool-worker-0] INFO  segmented.SegmentedRaftLogWorker (SegmentedRaftLogWorker.java:close(228)) - cdb5f687-1183-4537-b7fe-600d71f89ce8-SegmentedRaftLogWorker:Storage Directory /workdir/hadoop-ozone/integration-test/target/test-dir/MiniOzoneClusterImpl-608c326c-aa6a-4be1-85ed-041816735c61/datanode-0/data/ratis/8a5b5004-82bf-406f-8aff-1fa4a48610e7 close()
2019-08-20 18:47:58,764 [ForkJoinPool.commonPool-worker-0] INFO  server.GrpcService (GrpcService.java:closeImpl(155)) - cdb5f687-1183-4537-b7fe-600d71f89ce8: shutdown server with port 33632 now
2019-08-20 18:47:58,764 [ForkJoinPool.commonPool-worker-0] INFO  server.GrpcService (GrpcService.java:closeImpl(163)) - cdb5f687-1183-4537-b7fe-600d71f89ce8: shutdown server with port 33632 successfully
2019-08-20 18:47:58,767 [ForkJoinPool.commonPool-worker-0] INFO  utils.BackgroundService (BackgroundService.java:shutdown(148)) - Shutting down service BlockDeletingService
2019-08-20 18:47:58,770 [refreshUsed-/workdir/hadoop-ozone/integration-test/target/test-dir/MiniOzoneClusterImpl-608c326c-aa6a-4be1-85ed-041816735c61/datanode-0/data/containers] WARN  fs.CachingGetSpaceUsed (CachingGetSpaceUsed.java:run(183)) - Thread Interrupted waiting to refresh disk information: sleep interrupted
2019-08-20 18:47:58,772 [main] INFO  statemachine.DatanodeStateMachine (DatanodeStateMachine.java:stopDaemon(395)) - Ozone container server stopped.
2019-08-20 18:47:58,773 [main] INFO  handler.ContextHandler (ContextHandler.java:doStop(910)) - Stopped o.e.j.w.WebAppContext@353ac1ef{/,null,UNAVAILABLE}{/hddsDatanode}
2019-08-20 18:47:58,774 [main] INFO  server.AbstractConnector (AbstractConnector.java:doStop(318)) - Stopped ServerConnector@72c8de78{HTTP/1.1,[http/1.1]}{0.0.0.0:0}
2019-08-20 18:47:58,775 [main] INFO  handler.ContextHandler (ContextHandler.java:doStop(910)) - Stopped o.e.j.s.ServletContextHandler@13c79e0d{/static,jar:file:/home/user/.m2/repository/org/apache/hadoop/hadoop-hdds-container-service/0.5.0-SNAPSHOT/hadoop-hdds-container-service-0.5.0-SNAPSHOT.jar!/webapps/static,UNAVAILABLE}
2019-08-20 18:47:58,775 [main] INFO  handler.ContextHandler (ContextHandler.java:doStop(910)) - Stopped o.e.j.s.ServletContextHandler@4ab1ff80{/logs,file:///workdir/hadoop-ozone/integration-test/target/log,UNAVAILABLE}
2019-08-20 18:47:58,790 [ForkJoinPool.commonPool-worker-0] INFO  statemachine.DatanodeStateMachine (DatanodeStateMachine.java:stopDaemon(395)) - Ozone container server stopped.
2019-08-20 18:47:58,793 [ForkJoinPool.commonPool-worker-0] INFO  handler.ContextHandler (ContextHandler.java:doStop(910)) - Stopped o.e.j.w.WebAppContext@6345dc06{/,null,UNAVAILABLE}{/hddsDatanode}
2019-08-20 18:47:58,794 [ForkJoinPool.commonPool-worker-0] INFO  server.AbstractConnector (AbstractConnector.java:doStop(318)) - Stopped ServerConnector@628d6320{HTTP/1.1,[http/1.1]}{0.0.0.0:0}
2019-08-20 18:47:58,797 [ForkJoinPool.commonPool-worker-0] INFO  handler.ContextHandler (ContextHandler.java:doStop(910)) - Stopped o.e.j.s.ServletContextHandler@365fde74{/static,jar:file:/home/user/.m2/repository/org/apache/hadoop/hadoop-hdds-container-service/0.5.0-SNAPSHOT/hadoop-hdds-container-service-0.5.0-SNAPSHOT.jar!/webapps/static,UNAVAILABLE}
2019-08-20 18:47:58,797 [ForkJoinPool.commonPool-worker-0] INFO  handler.ContextHandler (ContextHandler.java:doStop(910)) - Stopped o.e.j.s.ServletContextHandler@3582077c{/logs,file:///workdir/hadoop-ozone/integration-test/target/log,UNAVAILABLE}
2019-08-20 18:47:58,798 [main] INFO  ozone.MiniOzoneClusterImpl (MiniOzoneClusterImpl.java:stop(353)) - Stopping the StorageContainerManager
2019-08-20 18:47:58,799 [main] INFO  server.StorageContainerManager (StorageContainerManager.java:stop(797)) - Stopping Replication Manager Service.
2019-08-20 18:47:58,799 [main] INFO  container.ReplicationManager (ReplicationManager.java:stop(193)) - Stopping Replication Monitor Thread.
2019-08-20 18:47:58,799 [main] INFO  server.StorageContainerManager (StorageContainerManager.java:stop(804)) - Stopping Lease Manager of the command watchers
2019-08-20 18:47:58,799 [main] INFO  server.StorageContainerManager (StorageContainerManager.java:stop(811)) - Stopping datanode service RPC server
2019-08-20 18:47:58,799 [main] INFO  server.SCMDatanodeProtocolServer (SCMDatanodeProtocolServer.java:stop(367)) - Stopping the RPC server for DataNodes
2019-08-20 18:47:58,799 [main] INFO  ipc.Server (Server.java:stop(3082)) - Stopping server on 39465
2019-08-20 18:47:58,801 [IPC Server listener on 39465] INFO  ipc.Server (Server.java:run(1185)) - Stopping IPC Server listener on 39465
2019-08-20 18:47:58,803 [IPC Server Responder] INFO  ipc.Server (Server.java:run(1319)) - Stopping IPC Server Responder
2019-08-20 18:47:58,900 [SCM Heartbeat Processing Thread - 0] WARN  node.NodeStateManager (NodeStateManager.java:scheduleNextHealthCheck(646)) - Current Thread is interrupted, shutting down HB processing thread for Node Manager.
2019-08-20 18:47:58,900 [main] INFO  server.StorageContainerManager (StorageContainerManager.java:stop(819)) - Stopping block service RPC server
2019-08-20 18:47:58,900 [main] INFO  server.SCMBlockProtocolServer (SCMBlockProtocolServer.java:stop(148)) - Stopping the RPC server for Block Protocol
2019-08-20 18:47:58,901 [main] INFO  ipc.Server (Server.java:stop(3082)) - Stopping server on 37272
2019-08-20 18:47:58,902 [IPC Server listener on 37272] INFO  ipc.Server (Server.java:run(1185)) - Stopping IPC Server listener on 37272
2019-08-20 18:47:58,903 [main] INFO  server.StorageContainerManager (StorageContainerManager.java:stop(826)) - Stopping the StorageContainerLocationProtocol RPC server
2019-08-20 18:47:58,904 [main] INFO  server.SCMClientProtocolServer (SCMClientProtocolServer.java:stop(159)) - Stopping the RPC server for Client Protocol
2019-08-20 18:47:58,904 [main] INFO  ipc.Server (Server.java:stop(3082)) - Stopping server on 41104
2019-08-20 18:47:58,904 [IPC Server Responder] INFO  ipc.Server (Server.java:run(1319)) - Stopping IPC Server Responder
2019-08-20 18:47:58,906 [IPC Server listener on 41104] INFO  ipc.Server (Server.java:run(1185)) - Stopping IPC Server listener on 41104
2019-08-20 18:47:58,909 [IPC Server Responder] INFO  ipc.Server (Server.java:run(1319)) - Stopping IPC Server Responder
2019-08-20 18:47:58,909 [main] INFO  server.StorageContainerManager (StorageContainerManager.java:stop(833)) - Stopping Storage Container Manager HTTP server.
2019-08-20 18:47:58,911 [main] INFO  handler.ContextHandler (ContextHandler.java:doStop(910)) - Stopped o.e.j.w.WebAppContext@2aadeb31{/,null,UNAVAILABLE}{/scm}
2019-08-20 18:47:58,912 [main] INFO  server.AbstractConnector (AbstractConnector.java:doStop(318)) - Stopped ServerConnector@704ddfad{HTTP/1.1,[http/1.1]}{0.0.0.0:0}
2019-08-20 18:47:58,912 [main] INFO  handler.ContextHandler (ContextHandler.java:doStop(910)) - Stopped o.e.j.s.ServletContextHandler@46ee9cfd{/static,file:///workdir/hadoop-ozone/integration-test/target/test-classes/webapps/static,UNAVAILABLE}
2019-08-20 18:47:58,912 [main] INFO  handler.ContextHandler (ContextHandler.java:doStop(910)) - Stopped o.e.j.s.ServletContextHandler@14f08a97{/logs,file:///workdir/hadoop-ozone/integration-test/target/log,UNAVAILABLE}
2019-08-20 18:47:58,913 [main] INFO  server.StorageContainerManager (StorageContainerManager.java:stop(844)) - Stopping Block Manager Service.
2019-08-20 18:47:58,914 [main] INFO  utils.BackgroundService (BackgroundService.java:shutdown(148)) - Shutting down service SCMBlockDeletingService
2019-08-20 18:47:58,914 [main] INFO  utils.BackgroundService (BackgroundService.java:shutdown(148)) - Shutting down service SCMBlockDeletingService
2019-08-20 18:47:58,914 [main] INFO  server.StorageContainerManager (StorageContainerManager.java:stop(866)) - Stopping SCM Event Queue.
2019-08-20 18:47:58,919 [main] INFO  impl.MetricsSystemImpl (MetricsSystemImpl.java:stop(210)) - Stopping HddsDatanode metrics system...
2019-08-20 18:47:58,929 [main] INFO  impl.MetricsSystemImpl (MetricsSystemImpl.java:stop(216)) - HddsDatanode metrics system stopped.
]]></system-out>
    <system-err><![CDATA[Aug 20, 2019 6:47:16 PM com.sun.jersey.server.impl.application.WebApplicationImpl _initiate
INFO: Initiating Jersey application, version 'Jersey: 1.19 02/11/2015 03:25 AM'
Aug 20, 2019 6:47:16 PM com.sun.jersey.server.impl.application.WebApplicationImpl _initiate
INFO: Initiating Jersey application, version 'Jersey: 1.19 02/11/2015 03:25 AM'
Aug 20, 2019 6:47:17 PM com.sun.jersey.server.impl.application.WebApplicationImpl _initiate
INFO: Initiating Jersey application, version 'Jersey: 1.19 02/11/2015 03:25 AM'
Aug 20, 2019 6:47:17 PM com.sun.jersey.server.impl.application.WebApplicationImpl _initiate
INFO: Initiating Jersey application, version 'Jersey: 1.19 02/11/2015 03:25 AM'
Aug 20, 2019 6:47:17 PM com.sun.jersey.server.impl.application.WebApplicationImpl _initiate
INFO: Initiating Jersey application, version 'Jersey: 1.19 02/11/2015 03:25 AM'
Aug 20, 2019 6:47:17 PM com.sun.jersey.server.impl.application.WebApplicationImpl _initiate
INFO: Initiating Jersey application, version 'Jersey: 1.19 02/11/2015 03:25 AM'
Aug 20, 2019 6:47:18 PM com.sun.jersey.server.impl.application.WebApplicationImpl _initiate
INFO: Initiating Jersey application, version 'Jersey: 1.19 02/11/2015 03:25 AM'
Aug 20, 2019 6:47:20 PM org.apache.ratis.thirdparty.io.grpc.internal.ManagedChannelOrphanWrapper$ManagedChannelReference cleanQueue
SEVERE: *~*~*~ Channel ManagedChannelImpl{logId=2638, target=192.168.69.105:44481} was not shutdown properly!!! ~*~*~*
    Make sure to call shutdown()/shutdownNow() and wait until awaitTermination() returns true.
java.lang.RuntimeException: ManagedChannel allocation site
	at org.apache.ratis.thirdparty.io.grpc.internal.ManagedChannelOrphanWrapper$ManagedChannelReference.<init>(ManagedChannelOrphanWrapper.java:103)
	at org.apache.ratis.thirdparty.io.grpc.internal.ManagedChannelOrphanWrapper.<init>(ManagedChannelOrphanWrapper.java:53)
	at org.apache.ratis.thirdparty.io.grpc.internal.ManagedChannelOrphanWrapper.<init>(ManagedChannelOrphanWrapper.java:44)
	at org.apache.ratis.thirdparty.io.grpc.internal.AbstractManagedChannelImplBuilder.build(AbstractManagedChannelImplBuilder.java:411)
	at org.apache.ratis.grpc.client.GrpcClientProtocolClient.<init>(GrpcClientProtocolClient.java:119)
	at org.apache.ratis.grpc.client.GrpcClientRpc.lambda$new$0(GrpcClientRpc.java:55)
	at org.apache.ratis.util.PeerProxyMap$PeerAndProxy.lambda$getProxy$0(PeerProxyMap.java:61)
	at org.apache.ratis.util.LifeCycle.startAndTransition(LifeCycle.java:202)
	at org.apache.ratis.util.PeerProxyMap$PeerAndProxy.getProxy(PeerProxyMap.java:60)
	at org.apache.ratis.util.PeerProxyMap.getProxy(PeerProxyMap.java:107)
	at org.apache.ratis.grpc.client.GrpcClientRpc.sendRequestAsync(GrpcClientRpc.java:66)
	at org.apache.ratis.client.impl.OrderedAsync.sendRequest(OrderedAsync.java:208)
	at org.apache.ratis.client.impl.OrderedAsync.sendRequestWithRetry(OrderedAsync.java:169)
	at org.apache.ratis.util.SlidingWindow$Client.sendOrDelayRequest(SlidingWindow.java:278)
	at org.apache.ratis.util.SlidingWindow$Client.submitNewRequest(SlidingWindow.java:257)
	at org.apache.ratis.client.impl.OrderedAsync.send(OrderedAsync.java:155)
	at org.apache.ratis.client.impl.RaftClientImpl.sendAsync(RaftClientImpl.java:145)
	at org.apache.ratis.client.impl.RaftClientImpl.sendAsync(RaftClientImpl.java:125)
	at org.apache.hadoop.hdds.scm.XceiverClientRatis.sendRequestAsync(XceiverClientRatis.java:224)
	at org.apache.hadoop.hdds.scm.XceiverClientRatis.sendCommandAsync(XceiverClientRatis.java:302)
	at org.apache.hadoop.hdds.scm.storage.ContainerProtocolCalls.writeChunkAsync(ContainerProtocolCalls.java:310)
	at org.apache.hadoop.hdds.scm.storage.BlockOutputStream.writeChunkToContainer(BlockOutputStream.java:601)
	at org.apache.hadoop.hdds.scm.storage.BlockOutputStream.writeChunk(BlockOutputStream.java:459)
	at org.apache.hadoop.hdds.scm.storage.BlockOutputStream.writeOnRetry(BlockOutputStream.java:285)
	at org.apache.hadoop.ozone.client.io.BlockOutputStreamEntry.writeOnRetry(BlockOutputStreamEntry.java:200)
	at org.apache.hadoop.ozone.client.io.KeyOutputStream.handleWrite(KeyOutputStream.java:209)
	at org.apache.hadoop.ozone.client.io.KeyOutputStream.handleRetry(KeyOutputStream.java:376)
	at org.apache.hadoop.ozone.client.io.KeyOutputStream.handleException(KeyOutputStream.java:325)
	at org.apache.hadoop.ozone.client.io.KeyOutputStream.handleFlushOrClose(KeyOutputStream.java:448)
	at org.apache.hadoop.ozone.client.io.KeyOutputStream.handleWrite(KeyOutputStream.java:235)
	at org.apache.hadoop.ozone.client.io.KeyOutputStream.write(KeyOutputStream.java:193)
	at org.apache.hadoop.ozone.client.io.OzoneOutputStream.write(OzoneOutputStream.java:49)
	at java.io.OutputStream.write(OutputStream.java:75)
	at org.apache.hadoop.ozone.client.rpc.TestBlockOutputStreamWithFailures.testWatchForCommitWithSingleNodeRatis(TestBlockOutputStreamWithFailures.java:885)
	at sun.reflect.NativeMethodAccessorImpl.invoke0(Native Method)
	at sun.reflect.NativeMethodAccessorImpl.invoke(NativeMethodAccessorImpl.java:62)
	at sun.reflect.DelegatingMethodAccessorImpl.invoke(DelegatingMethodAccessorImpl.java:43)
	at java.lang.reflect.Method.invoke(Method.java:498)
	at org.junit.runners.model.FrameworkMethod$1.runReflectiveCall(FrameworkMethod.java:47)
	at org.junit.internal.runners.model.ReflectiveCallable.run(ReflectiveCallable.java:12)
	at org.junit.runners.model.FrameworkMethod.invokeExplosively(FrameworkMethod.java:44)
	at org.junit.internal.runners.statements.InvokeMethod.evaluate(InvokeMethod.java:17)
	at org.junit.internal.runners.statements.RunBefores.evaluate(RunBefores.java:26)
	at org.junit.internal.runners.statements.RunAfters.evaluate(RunAfters.java:27)
	at org.junit.runners.ParentRunner.runLeaf(ParentRunner.java:271)
	at org.junit.runners.BlockJUnit4ClassRunner.runChild(BlockJUnit4ClassRunner.java:70)
	at org.junit.runners.BlockJUnit4ClassRunner.runChild(BlockJUnit4ClassRunner.java:50)
	at org.junit.runners.ParentRunner$3.run(ParentRunner.java:238)
	at org.junit.runners.ParentRunner$1.schedule(ParentRunner.java:63)
	at org.junit.runners.ParentRunner.runChildren(ParentRunner.java:236)
	at org.junit.runners.ParentRunner.access$000(ParentRunner.java:53)
	at org.junit.runners.ParentRunner$2.evaluate(ParentRunner.java:229)
	at org.junit.runners.ParentRunner.run(ParentRunner.java:309)
	at org.apache.maven.surefire.junit4.JUnit4Provider.execute(JUnit4Provider.java:365)
	at org.apache.maven.surefire.junit4.JUnit4Provider.executeWithRerun(JUnit4Provider.java:273)
	at org.apache.maven.surefire.junit4.JUnit4Provider.executeTestSet(JUnit4Provider.java:238)
	at org.apache.maven.surefire.junit4.JUnit4Provider.invoke(JUnit4Provider.java:159)
	at org.apache.maven.surefire.booter.ForkedBooter.invokeProviderInSameClassLoader(ForkedBooter.java:384)
	at org.apache.maven.surefire.booter.ForkedBooter.runSuitesInProcess(ForkedBooter.java:345)
	at org.apache.maven.surefire.booter.ForkedBooter.execute(ForkedBooter.java:126)
	at org.apache.maven.surefire.booter.ForkedBooter.main(ForkedBooter.java:418)

Aug 20, 2019 6:47:20 PM org.apache.ratis.thirdparty.io.grpc.internal.ManagedChannelOrphanWrapper$ManagedChannelReference cleanQueue
SEVERE: *~*~*~ Channel ManagedChannelImpl{logId=2633, target=192.168.69.105:39751} was not shutdown properly!!! ~*~*~*
    Make sure to call shutdown()/shutdownNow() and wait until awaitTermination() returns true.
java.lang.RuntimeException: ManagedChannel allocation site
	at org.apache.ratis.thirdparty.io.grpc.internal.ManagedChannelOrphanWrapper$ManagedChannelReference.<init>(ManagedChannelOrphanWrapper.java:103)
	at org.apache.ratis.thirdparty.io.grpc.internal.ManagedChannelOrphanWrapper.<init>(ManagedChannelOrphanWrapper.java:53)
	at org.apache.ratis.thirdparty.io.grpc.internal.ManagedChannelOrphanWrapper.<init>(ManagedChannelOrphanWrapper.java:44)
	at org.apache.ratis.thirdparty.io.grpc.internal.AbstractManagedChannelImplBuilder.build(AbstractManagedChannelImplBuilder.java:411)
	at org.apache.ratis.grpc.client.GrpcClientProtocolClient.<init>(GrpcClientProtocolClient.java:119)
	at org.apache.ratis.grpc.client.GrpcClientRpc.lambda$new$0(GrpcClientRpc.java:55)
	at org.apache.ratis.util.PeerProxyMap$PeerAndProxy.lambda$getProxy$0(PeerProxyMap.java:61)
	at org.apache.ratis.util.LifeCycle.startAndTransition(LifeCycle.java:202)
	at org.apache.ratis.util.PeerProxyMap$PeerAndProxy.getProxy(PeerProxyMap.java:60)
	at org.apache.ratis.util.PeerProxyMap.getProxy(PeerProxyMap.java:107)
	at org.apache.ratis.grpc.client.GrpcClientRpc.sendRequestAsync(GrpcClientRpc.java:66)
	at org.apache.ratis.client.impl.OrderedAsync.sendRequest(OrderedAsync.java:208)
	at org.apache.ratis.client.impl.OrderedAsync.sendRequestWithRetry(OrderedAsync.java:169)
	at org.apache.ratis.util.SlidingWindow$Client.sendOrDelayRequest(SlidingWindow.java:278)
	at org.apache.ratis.util.SlidingWindow$Client.retry(SlidingWindow.java:294)
	at org.apache.ratis.client.impl.OrderedAsync.lambda$scheduleWithTimeout$7(OrderedAsync.java:195)
	at org.apache.ratis.util.TimeoutScheduler.lambda$onTimeout$0(TimeoutScheduler.java:85)
	at org.apache.ratis.util.TimeoutScheduler.lambda$onTimeout$1(TimeoutScheduler.java:104)
	at org.apache.ratis.util.LogUtils.runAndLog(LogUtils.java:50)
	at org.apache.ratis.util.LogUtils$1.run(LogUtils.java:91)
	at java.util.concurrent.Executors$RunnableAdapter.call(Executors.java:511)
	at java.util.concurrent.FutureTask.run(FutureTask.java:266)
	at java.util.concurrent.ScheduledThreadPoolExecutor$ScheduledFutureTask.access$201(ScheduledThreadPoolExecutor.java:180)
	at java.util.concurrent.ScheduledThreadPoolExecutor$ScheduledFutureTask.run(ScheduledThreadPoolExecutor.java:293)
	at java.util.concurrent.ThreadPoolExecutor.runWorker(ThreadPoolExecutor.java:1149)
	at java.util.concurrent.ThreadPoolExecutor$Worker.run(ThreadPoolExecutor.java:624)
	at java.lang.Thread.run(Thread.java:748)

Aug 20, 2019 6:47:20 PM org.apache.ratis.thirdparty.io.grpc.internal.ManagedChannelOrphanWrapper$ManagedChannelReference cleanQueue
SEVERE: *~*~*~ Channel ManagedChannelImpl{logId=2648, target=192.168.69.105:37885} was not shutdown properly!!! ~*~*~*
    Make sure to call shutdown()/shutdownNow() and wait until awaitTermination() returns true.
java.lang.RuntimeException: ManagedChannel allocation site
	at org.apache.ratis.thirdparty.io.grpc.internal.ManagedChannelOrphanWrapper$ManagedChannelReference.<init>(ManagedChannelOrphanWrapper.java:103)
	at org.apache.ratis.thirdparty.io.grpc.internal.ManagedChannelOrphanWrapper.<init>(ManagedChannelOrphanWrapper.java:53)
	at org.apache.ratis.thirdparty.io.grpc.internal.ManagedChannelOrphanWrapper.<init>(ManagedChannelOrphanWrapper.java:44)
	at org.apache.ratis.thirdparty.io.grpc.internal.AbstractManagedChannelImplBuilder.build(AbstractManagedChannelImplBuilder.java:411)
	at org.apache.hadoop.hdds.scm.XceiverClientGrpc.connectToDatanode(XceiverClientGrpc.java:174)
	at org.apache.hadoop.hdds.scm.XceiverClientGrpc.reconnect(XceiverClientGrpc.java:422)
	at org.apache.hadoop.hdds.scm.XceiverClientGrpc.sendCommandAsync(XceiverClientGrpc.java:371)
	at org.apache.hadoop.hdds.scm.XceiverClientGrpc.sendCommandWithRetry(XceiverClientGrpc.java:284)
	at org.apache.hadoop.hdds.scm.XceiverClientGrpc.sendCommandWithTraceIDAndRetry(XceiverClientGrpc.java:250)
	at org.apache.hadoop.hdds.scm.XceiverClientGrpc.sendCommand(XceiverClientGrpc.java:233)
	at org.apache.hadoop.hdds.scm.storage.ContainerProtocolCalls.getBlock(ContainerProtocolCalls.java:118)
	at org.apache.hadoop.hdds.scm.storage.BlockInputStream.getChunkInfos(BlockInputStream.java:167)
	at org.apache.hadoop.hdds.scm.storage.BlockInputStream.initialize(BlockInputStream.java:118)
	at org.apache.hadoop.hdds.scm.storage.BlockInputStream.read(BlockInputStream.java:222)
	at org.apache.hadoop.ozone.client.io.KeyInputStream.read(KeyInputStream.java:171)
	at org.apache.hadoop.ozone.client.io.OzoneInputStream.read(OzoneInputStream.java:47)
	at java.io.InputStream.read(InputStream.java:101)
	at org.apache.hadoop.ozone.container.ContainerTestHelper.validateData(ContainerTestHelper.java:713)
	at org.apache.hadoop.ozone.client.rpc.TestBlockOutputStreamWithFailures.validateData(TestBlockOutputStreamWithFailures.java:1216)
	at org.apache.hadoop.ozone.client.rpc.TestBlockOutputStreamWithFailures.testWatchForCommitWithSingleNodeRatis(TestBlockOutputStreamWithFailures.java:918)
	at sun.reflect.NativeMethodAccessorImpl.invoke0(Native Method)
	at sun.reflect.NativeMethodAccessorImpl.invoke(NativeMethodAccessorImpl.java:62)
	at sun.reflect.DelegatingMethodAccessorImpl.invoke(DelegatingMethodAccessorImpl.java:43)
	at java.lang.reflect.Method.invoke(Method.java:498)
	at org.junit.runners.model.FrameworkMethod$1.runReflectiveCall(FrameworkMethod.java:47)
	at org.junit.internal.runners.model.ReflectiveCallable.run(ReflectiveCallable.java:12)
	at org.junit.runners.model.FrameworkMethod.invokeExplosively(FrameworkMethod.java:44)
	at org.junit.internal.runners.statements.InvokeMethod.evaluate(InvokeMethod.java:17)
	at org.junit.internal.runners.statements.RunBefores.evaluate(RunBefores.java:26)
	at org.junit.internal.runners.statements.RunAfters.evaluate(RunAfters.java:27)
	at org.junit.runners.ParentRunner.runLeaf(ParentRunner.java:271)
	at org.junit.runners.BlockJUnit4ClassRunner.runChild(BlockJUnit4ClassRunner.java:70)
	at org.junit.runners.BlockJUnit4ClassRunner.runChild(BlockJUnit4ClassRunner.java:50)
	at org.junit.runners.ParentRunner$3.run(ParentRunner.java:238)
	at org.junit.runners.ParentRunner$1.schedule(ParentRunner.java:63)
	at org.junit.runners.ParentRunner.runChildren(ParentRunner.java:236)
	at org.junit.runners.ParentRunner.access$000(ParentRunner.java:53)
	at org.junit.runners.ParentRunner$2.evaluate(ParentRunner.java:229)
	at org.junit.runners.ParentRunner.run(ParentRunner.java:309)
	at org.apache.maven.surefire.junit4.JUnit4Provider.execute(JUnit4Provider.java:365)
	at org.apache.maven.surefire.junit4.JUnit4Provider.executeWithRerun(JUnit4Provider.java:273)
	at org.apache.maven.surefire.junit4.JUnit4Provider.executeTestSet(JUnit4Provider.java:238)
	at org.apache.maven.surefire.junit4.JUnit4Provider.invoke(JUnit4Provider.java:159)
	at org.apache.maven.surefire.booter.ForkedBooter.invokeProviderInSameClassLoader(ForkedBooter.java:384)
	at org.apache.maven.surefire.booter.ForkedBooter.runSuitesInProcess(ForkedBooter.java:345)
	at org.apache.maven.surefire.booter.ForkedBooter.execute(ForkedBooter.java:126)
	at org.apache.maven.surefire.booter.ForkedBooter.main(ForkedBooter.java:418)

Aug 20, 2019 6:47:20 PM org.apache.ratis.thirdparty.io.grpc.internal.ManagedChannelOrphanWrapper$ManagedChannelReference cleanQueue
SEVERE: *~*~*~ Channel ManagedChannelImpl{logId=2643, target=192.168.69.105:45583} was not shutdown properly!!! ~*~*~*
    Make sure to call shutdown()/shutdownNow() and wait until awaitTermination() returns true.
java.lang.RuntimeException: ManagedChannel allocation site
	at org.apache.ratis.thirdparty.io.grpc.internal.ManagedChannelOrphanWrapper$ManagedChannelReference.<init>(ManagedChannelOrphanWrapper.java:103)
	at org.apache.ratis.thirdparty.io.grpc.internal.ManagedChannelOrphanWrapper.<init>(ManagedChannelOrphanWrapper.java:53)
	at org.apache.ratis.thirdparty.io.grpc.internal.ManagedChannelOrphanWrapper.<init>(ManagedChannelOrphanWrapper.java:44)
	at org.apache.ratis.thirdparty.io.grpc.internal.AbstractManagedChannelImplBuilder.build(AbstractManagedChannelImplBuilder.java:411)
	at org.apache.hadoop.hdds.scm.XceiverClientGrpc.connectToDatanode(XceiverClientGrpc.java:174)
	at org.apache.hadoop.hdds.scm.XceiverClientGrpc.reconnect(XceiverClientGrpc.java:422)
	at org.apache.hadoop.hdds.scm.XceiverClientGrpc.sendCommandAsync(XceiverClientGrpc.java:371)
	at org.apache.hadoop.hdds.scm.XceiverClientGrpc.sendCommandWithRetry(XceiverClientGrpc.java:284)
	at org.apache.hadoop.hdds.scm.XceiverClientGrpc.sendCommandWithTraceIDAndRetry(XceiverClientGrpc.java:250)
	at org.apache.hadoop.hdds.scm.XceiverClientGrpc.sendCommand(XceiverClientGrpc.java:233)
	at org.apache.hadoop.hdds.scm.storage.ContainerProtocolCalls.getBlock(ContainerProtocolCalls.java:118)
	at org.apache.hadoop.hdds.scm.storage.BlockInputStream.getChunkInfos(BlockInputStream.java:167)
	at org.apache.hadoop.hdds.scm.storage.BlockInputStream.initialize(BlockInputStream.java:118)
	at org.apache.hadoop.hdds.scm.storage.BlockInputStream.read(BlockInputStream.java:222)
	at org.apache.hadoop.ozone.client.io.KeyInputStream.read(KeyInputStream.java:171)
	at org.apache.hadoop.ozone.client.io.OzoneInputStream.read(OzoneInputStream.java:47)
	at java.io.InputStream.read(InputStream.java:101)
	at org.apache.hadoop.ozone.container.ContainerTestHelper.validateData(ContainerTestHelper.java:713)
	at org.apache.hadoop.ozone.client.rpc.TestBlockOutputStreamWithFailures.validateData(TestBlockOutputStreamWithFailures.java:1216)
	at org.apache.hadoop.ozone.client.rpc.TestBlockOutputStreamWithFailures.testWatchForCommitWithSingleNodeRatis(TestBlockOutputStreamWithFailures.java:918)
	at sun.reflect.NativeMethodAccessorImpl.invoke0(Native Method)
	at sun.reflect.NativeMethodAccessorImpl.invoke(NativeMethodAccessorImpl.java:62)
	at sun.reflect.DelegatingMethodAccessorImpl.invoke(DelegatingMethodAccessorImpl.java:43)
	at java.lang.reflect.Method.invoke(Method.java:498)
	at org.junit.runners.model.FrameworkMethod$1.runReflectiveCall(FrameworkMethod.java:47)
	at org.junit.internal.runners.model.ReflectiveCallable.run(ReflectiveCallable.java:12)
	at org.junit.runners.model.FrameworkMethod.invokeExplosively(FrameworkMethod.java:44)
	at org.junit.internal.runners.statements.InvokeMethod.evaluate(InvokeMethod.java:17)
	at org.junit.internal.runners.statements.RunBefores.evaluate(RunBefores.java:26)
	at org.junit.internal.runners.statements.RunAfters.evaluate(RunAfters.java:27)
	at org.junit.runners.ParentRunner.runLeaf(ParentRunner.java:271)
	at org.junit.runners.BlockJUnit4ClassRunner.runChild(BlockJUnit4ClassRunner.java:70)
	at org.junit.runners.BlockJUnit4ClassRunner.runChild(BlockJUnit4ClassRunner.java:50)
	at org.junit.runners.ParentRunner$3.run(ParentRunner.java:238)
	at org.junit.runners.ParentRunner$1.schedule(ParentRunner.java:63)
	at org.junit.runners.ParentRunner.runChildren(ParentRunner.java:236)
	at org.junit.runners.ParentRunner.access$000(ParentRunner.java:53)
	at org.junit.runners.ParentRunner$2.evaluate(ParentRunner.java:229)
	at org.junit.runners.ParentRunner.run(ParentRunner.java:309)
	at org.apache.maven.surefire.junit4.JUnit4Provider.execute(JUnit4Provider.java:365)
	at org.apache.maven.surefire.junit4.JUnit4Provider.executeWithRerun(JUnit4Provider.java:273)
	at org.apache.maven.surefire.junit4.JUnit4Provider.executeTestSet(JUnit4Provider.java:238)
	at org.apache.maven.surefire.junit4.JUnit4Provider.invoke(JUnit4Provider.java:159)
	at org.apache.maven.surefire.booter.ForkedBooter.invokeProviderInSameClassLoader(ForkedBooter.java:384)
	at org.apache.maven.surefire.booter.ForkedBooter.runSuitesInProcess(ForkedBooter.java:345)
	at org.apache.maven.surefire.booter.ForkedBooter.execute(ForkedBooter.java:126)
	at org.apache.maven.surefire.booter.ForkedBooter.main(ForkedBooter.java:418)

]]></system-err>
  </testcase>
  <testcase name="testFailureWithPrimeSizedData" classname="org.apache.hadoop.ozone.client.rpc.TestBlockOutputStreamWithFailures" time="35.843"/>
  <testcase name="testWatchForCommitWithCloseContainerException" classname="org.apache.hadoop.ozone.client.rpc.TestBlockOutputStreamWithFailures" time="38.039"/>
  <testcase name="testExceptionDuringClose" classname="org.apache.hadoop.ozone.client.rpc.TestBlockOutputStreamWithFailures" time="34.701"/>
</testsuite>