<?xml version="1.0" encoding="UTF-8"?>
<testsuite xmlns:xsi="http://www.w3.org/2001/XMLSchema-instance" xsi:noNamespaceSchemaLocation="https://maven.apache.org/surefire/maven-surefire-plugin/xsd/surefire-test-report.xsd" name="org.apache.hadoop.hdds.scm.pipeline.TestRatisPipelineCreateAndDestory" time="70.016" tests="2" errors="1" skipped="0" failures="0">
  <properties>
    <property name="awt.toolkit" value="sun.awt.X11.XToolkit"/>
    <property name="file.encoding.pkg" value="sun.io"/>
    <property name="java.specification.version" value="1.8"/>
    <property name="sun.cpu.isalist" value=""/>
    <property name="sun.jnu.encoding" value="UTF-8"/>
    <property name="java.class.path" value="/workdir/hadoop-ozone/integration-test/target/test-classes:/workdir/hadoop-ozone/integration-test/target/classes:/home/user/.m2/repository/org/apache/hadoop/hadoop-ozone-common/0.5.0-SNAPSHOT/hadoop-ozone-common-0.5.0-SNAPSHOT.jar:/home/user/.m2/repository/org/apache/commons/commons-compress/1.4.1/commons-compress-1.4.1.jar:/home/user/.m2/repository/org/tukaani/xz/1.0/xz-1.0.jar:/home/user/.m2/repository/org/apache/hadoop/hadoop-common/3.2.0/hadoop-common-3.2.0.jar:/home/user/.m2/repository/org/apache/hadoop/hadoop-hdfs/3.2.0/hadoop-hdfs-3.2.0.jar:/home/user/.m2/repository/org/apache/hadoop/hadoop-hdfs-client/3.2.0/hadoop-hdfs-client-3.2.0.jar:/home/user/.m2/repository/com/fasterxml/jackson/core/jackson-annotations/2.9.5/jackson-annotations-2.9.5.jar:/home/user/.m2/repository/org/apache/hadoop/hadoop-hdds-common/0.5.0-SNAPSHOT/hadoop-hdds-common-0.5.0-SNAPSHOT.jar:/home/user/.m2/repository/javax/annotation/javax.annotation-api/1.2/javax.annotation-api-1.2.jar:/home/user/.m2/repository/org/apache/ratis/ratis-server/0.4.0-2337318-SNAPSHOT/ratis-server-0.4.0-2337318-SNAPSHOT.jar:/home/user/.m2/repository/org/apache/ratis/ratis-thirdparty-misc/0.2.0/ratis-thirdparty-misc-0.2.0.jar:/home/user/.m2/repository/org/apache/ratis/ratis-proto/0.4.0-2337318-SNAPSHOT/ratis-proto-0.4.0-2337318-SNAPSHOT.jar:/home/user/.m2/repository/org/apache/ratis/ratis-common/0.4.0-2337318-SNAPSHOT/ratis-common-0.4.0-2337318-SNAPSHOT.jar:/home/user/.m2/repository/org/apache/ratis/ratis-client/0.4.0-2337318-SNAPSHOT/ratis-client-0.4.0-2337318-SNAPSHOT.jar:/home/user/.m2/repository/org/apache/ratis/ratis-metrics/0.4.0-2337318-SNAPSHOT/ratis-metrics-0.4.0-2337318-SNAPSHOT.jar:/home/user/.m2/repository/org/apache/ratis/ratis-netty/0.4.0-2337318-SNAPSHOT/ratis-netty-0.4.0-2337318-SNAPSHOT.jar:/home/user/.m2/repository/org/apache/ratis/ratis-grpc/0.4.0-2337318-SNAPSHOT/ratis-grpc-0.4.0-2337318-SNAPSHOT.jar:/home/user/.m2/repository/org/rocksdb/rocksdbjni/6.0.1/rocksdbjni-6.0.1.jar:/home/user/.m2/repository/org/apache/logging/log4j/log4j-api/2.11.0/log4j-api-2.11.0.jar:/home/user/.m2/repository/org/apache/logging/log4j/log4j-core/2.11.0/log4j-core-2.11.0.jar:/home/user/.m2/repository/com/lmax/disruptor/3.4.2/disruptor-3.4.2.jar:/home/user/.m2/repository/org/apache/commons/commons-pool2/2.6.0/commons-pool2-2.6.0.jar:/home/user/.m2/repository/org/bouncycastle/bcpkix-jdk15on/1.60/bcpkix-jdk15on-1.60.jar:/home/user/.m2/repository/commons-validator/commons-validator/1.6/commons-validator-1.6.jar:/home/user/.m2/repository/commons-digester/commons-digester/1.8.1/commons-digester-1.8.1.jar:/home/user/.m2/repository/io/jaegertracing/jaeger-client/0.33.1/jaeger-client-0.33.1.jar:/home/user/.m2/repository/io/jaegertracing/jaeger-thrift/0.33.1/jaeger-thrift-0.33.1.jar:/home/user/.m2/repository/org/apache/thrift/libthrift/0.11.0/libthrift-0.11.0.jar:/home/user/.m2/repository/com/squareup/okhttp3/okhttp/3.9.0/okhttp-3.9.0.jar:/home/user/.m2/repository/com/squareup/okio/okio/1.13.0/okio-1.13.0.jar:/home/user/.m2/repository/io/jaegertracing/jaeger-core/0.33.1/jaeger-core-0.33.1.jar:/home/user/.m2/repository/io/jaegertracing/jaeger-tracerresolver/0.33.1/jaeger-tracerresolver-0.33.1.jar:/home/user/.m2/repository/io/opentracing/contrib/opentracing-tracerresolver/0.1.5/opentracing-tracerresolver-0.1.5.jar:/home/user/.m2/repository/io/opentracing/opentracing-util/0.31.0/opentracing-util-0.31.0.jar:/home/user/.m2/repository/io/opentracing/opentracing-api/0.31.0/opentracing-api-0.31.0.jar:/home/user/.m2/repository/io/opentracing/opentracing-noop/0.31.0/opentracing-noop-0.31.0.jar:/home/user/.m2/repository/org/apache/hadoop/hadoop-hdds-server-framework/0.5.0-SNAPSHOT/hadoop-hdds-server-framework-0.5.0-SNAPSHOT.jar:/home/user/.m2/repository/org/apache/hadoop/hadoop-hdds-container-service/0.5.0-SNAPSHOT/hadoop-hdds-container-service-0.5.0-SNAPSHOT.jar:/home/user/.m2/repository/org/apache/hadoop/hadoop-hdds-client/0.5.0-SNAPSHOT/hadoop-hdds-client-0.5.0-SNAPSHOT.jar:/home/user/.m2/repository/org/apache/hadoop/hadoop-hdds-tools/0.5.0-SNAPSHOT/hadoop-hdds-tools-0.5.0-SNAPSHOT.jar:/home/user/.m2/repository/org/apache/hadoop/hadoop-hdds-server-scm/0.5.0-SNAPSHOT/hadoop-hdds-server-scm-0.5.0-SNAPSHOT.jar:/home/user/.m2/repository/org/apache/hadoop/hadoop-hdds-docs/0.5.0-SNAPSHOT/hadoop-hdds-docs-0.5.0-SNAPSHOT.jar:/home/user/.m2/repository/io/dropwizard/metrics/metrics-core/3.2.4/metrics-core-3.2.4.jar:/home/user/.m2/repository/org/hamcrest/hamcrest-all/1.3/hamcrest-all-1.3.jar:/home/user/.m2/repository/org/bouncycastle/bcprov-jdk15on/1.60/bcprov-jdk15on-1.60.jar:/home/user/.m2/repository/info/picocli/picocli/3.9.6/picocli-3.9.6.jar:/home/user/.m2/repository/com/google/protobuf/protobuf-java/2.5.0/protobuf-java-2.5.0.jar:/home/user/.m2/repository/com/google/guava/guava/11.0.2/guava-11.0.2.jar:/home/user/.m2/repository/org/apache/hadoop/hadoop-ozone-ozone-manager/0.5.0-SNAPSHOT/hadoop-ozone-ozone-manager-0.5.0-SNAPSHOT.jar:/home/user/.m2/repository/org/apache/hadoop/hadoop-minikdc/3.2.0/hadoop-minikdc-3.2.0.jar:/home/user/.m2/repository/commons-io/commons-io/2.5/commons-io-2.5.jar:/home/user/.m2/repository/org/apache/kerby/kerb-simplekdc/1.0.1/kerb-simplekdc-1.0.1.jar:/home/user/.m2/repository/org/apache/kerby/kerb-client/1.0.1/kerb-client-1.0.1.jar:/home/user/.m2/repository/org/apache/kerby/kerby-config/1.0.1/kerby-config-1.0.1.jar:/home/user/.m2/repository/org/apache/kerby/kerb-core/1.0.1/kerb-core-1.0.1.jar:/home/user/.m2/repository/org/apache/kerby/kerby-pkix/1.0.1/kerby-pkix-1.0.1.jar:/home/user/.m2/repository/org/apache/kerby/kerby-asn1/1.0.1/kerby-asn1-1.0.1.jar:/home/user/.m2/repository/org/apache/kerby/kerby-util/1.0.1/kerby-util-1.0.1.jar:/home/user/.m2/repository/org/apache/kerby/kerb-common/1.0.1/kerb-common-1.0.1.jar:/home/user/.m2/repository/org/apache/kerby/kerb-crypto/1.0.1/kerb-crypto-1.0.1.jar:/home/user/.m2/repository/org/apache/kerby/kerb-util/1.0.1/kerb-util-1.0.1.jar:/home/user/.m2/repository/org/apache/kerby/token-provider/1.0.1/token-provider-1.0.1.jar:/home/user/.m2/repository/org/apache/kerby/kerb-admin/1.0.1/kerb-admin-1.0.1.jar:/home/user/.m2/repository/org/apache/kerby/kerb-server/1.0.1/kerb-server-1.0.1.jar:/home/user/.m2/repository/org/apache/kerby/kerb-identity/1.0.1/kerb-identity-1.0.1.jar:/home/user/.m2/repository/org/apache/kerby/kerby-xdr/1.0.1/kerby-xdr-1.0.1.jar:/home/user/.m2/repository/org/slf4j/slf4j-log4j12/1.7.25/slf4j-log4j12-1.7.25.jar:/home/user/.m2/repository/org/apache/hadoop/hadoop-ozone-objectstore-service/0.5.0-SNAPSHOT/hadoop-ozone-objectstore-service-0.5.0-SNAPSHOT.jar:/home/user/.m2/repository/org/apache/hadoop/hadoop-ozone-s3gateway/0.5.0-SNAPSHOT/hadoop-ozone-s3gateway-0.5.0-SNAPSHOT.jar:/home/user/.m2/repository/org/jboss/weld/servlet/weld-servlet/2.4.7.Final/weld-servlet-2.4.7.Final.jar:/home/user/.m2/repository/org/glassfish/jersey/containers/jersey-container-servlet-core/2.27/jersey-container-servlet-core-2.27.jar:/home/user/.m2/repository/org/glassfish/hk2/external/javax.inject/2.5.0-b42/javax.inject-2.5.0-b42.jar:/home/user/.m2/repository/org/glassfish/jersey/core/jersey-common/2.27/jersey-common-2.27.jar:/home/user/.m2/repository/org/glassfish/hk2/osgi-resource-locator/1.0.1/osgi-resource-locator-1.0.1.jar:/home/user/.m2/repository/javax/ws/rs/javax.ws.rs-api/2.1/javax.ws.rs-api-2.1.jar:/home/user/.m2/repository/org/glassfish/jersey/ext/cdi/jersey-cdi1x/2.27/jersey-cdi1x-2.27.jar:/home/user/.m2/repository/org/glassfish/jersey/inject/jersey-hk2/2.27/jersey-hk2-2.27.jar:/home/user/.m2/repository/org/glassfish/hk2/hk2-locator/2.5.0-b42/hk2-locator-2.5.0-b42.jar:/home/user/.m2/repository/org/javassist/javassist/3.22.0-CR2/javassist-3.22.0-CR2.jar:/home/user/.m2/repository/org/glassfish/hk2/hk2-api/2.5.0/hk2-api-2.5.0.jar:/home/user/.m2/repository/org/glassfish/hk2/external/jakarta.inject/2.5.0/jakarta.inject-2.5.0.jar:/home/user/.m2/repository/org/glassfish/hk2/hk2-utils/2.5.0/hk2-utils-2.5.0.jar:/home/user/.m2/repository/jakarta/annotation/jakarta.annotation-api/1.3.4/jakarta.annotation-api-1.3.4.jar:/home/user/.m2/repository/org/glassfish/hk2/external/aopalliance-repackaged/2.5.0/aopalliance-repackaged-2.5.0.jar:/home/user/.m2/repository/com/fasterxml/jackson/dataformat/jackson-dataformat-xml/2.9.0/jackson-dataformat-xml-2.9.0.jar:/home/user/.m2/repository/com/fasterxml/jackson/core/jackson-core/2.9.5/jackson-core-2.9.5.jar:/home/user/.m2/repository/com/fasterxml/jackson/module/jackson-module-jaxb-annotations/2.9.5/jackson-module-jaxb-annotations-2.9.5.jar:/home/user/.m2/repository/javax/enterprise/cdi-api/1.2/cdi-api-1.2.jar:/home/user/.m2/repository/javax/el/javax.el-api/3.0.0/javax.el-api-3.0.0.jar:/home/user/.m2/repository/javax/interceptor/javax.interceptor-api/1.2/javax.interceptor-api-1.2.jar:/home/user/.m2/repository/javax/inject/javax.inject/1/javax.inject-1.jar:/home/user/.m2/repository/com/sun/xml/bind/jaxb-impl/2.3.0.1/jaxb-impl-2.3.0.1.jar:/home/user/.m2/repository/com/sun/xml/bind/jaxb-core/2.3.0.1/jaxb-core-2.3.0.1.jar:/home/user/.m2/repository/javax/xml/bind/jaxb-api/2.3.0/jaxb-api-2.3.0.jar:/home/user/.m2/repository/javax/activation/activation/1.1.1/activation-1.1.1.jar:/home/user/.m2/repository/org/apache/hadoop/hadoop-ozone-csi/0.5.0-SNAPSHOT/hadoop-ozone-csi-0.5.0-SNAPSHOT.jar:/home/user/.m2/repository/com/google/protobuf/protobuf-java-util/3.5.1/protobuf-java-util-3.5.1.jar:/home/user/.m2/repository/org/apache/hadoop/hadoop-hdds-config/0.5.0-SNAPSHOT/hadoop-hdds-config-0.5.0-SNAPSHOT.jar:/home/user/.m2/repository/io/grpc/grpc-netty/1.17.1/grpc-netty-1.17.1.jar:/home/user/.m2/repository/io/grpc/grpc-core/1.17.1/grpc-core-1.17.1.jar:/home/user/.m2/repository/io/grpc/grpc-context/1.17.1/grpc-context-1.17.1.jar:/home/user/.m2/repository/com/google/errorprone/error_prone_annotations/2.2.0/error_prone_annotations-2.2.0.jar:/home/user/.m2/repository/org/codehaus/mojo/animal-sniffer-annotations/1.17/animal-sniffer-annotations-1.17.jar:/home/user/.m2/repository/io/opencensus/opencensus-api/0.17.0/opencensus-api-0.17.0.jar:/home/user/.m2/repository/io/opencensus/opencensus-contrib-grpc-metrics/0.17.0/opencensus-contrib-grpc-metrics-0.17.0.jar:/home/user/.m2/repository/io/netty/netty-codec-http2/4.1.30.Final/netty-codec-http2-4.1.30.Final.jar:/home/user/.m2/repository/io/netty/netty-codec-http/4.1.30.Final/netty-codec-http-4.1.30.Final.jar:/home/user/.m2/repository/io/netty/netty-codec/4.1.30.Final/netty-codec-4.1.30.Final.jar:/home/user/.m2/repository/io/netty/netty-handler/4.1.30.Final/netty-handler-4.1.30.Final.jar:/home/user/.m2/repository/io/netty/netty-handler-proxy/4.1.30.Final/netty-handler-proxy-4.1.30.Final.jar:/home/user/.m2/repository/io/netty/netty-codec-socks/4.1.30.Final/netty-codec-socks-4.1.30.Final.jar:/home/user/.m2/repository/io/netty/netty-transport-native-epoll/4.1.30.Final/netty-transport-native-epoll-4.1.30.Final.jar:/home/user/.m2/repository/io/netty/netty-common/4.1.30.Final/netty-common-4.1.30.Final.jar:/home/user/.m2/repository/io/netty/netty-buffer/4.1.30.Final/netty-buffer-4.1.30.Final.jar:/home/user/.m2/repository/io/netty/netty-transport/4.1.30.Final/netty-transport-4.1.30.Final.jar:/home/user/.m2/repository/io/netty/netty-resolver/4.1.30.Final/netty-resolver-4.1.30.Final.jar:/home/user/.m2/repository/io/netty/netty-transport-native-unix-common/4.1.30.Final/netty-transport-native-unix-common-4.1.30.Final.jar:/home/user/.m2/repository/io/grpc/grpc-protobuf/1.17.1/grpc-protobuf-1.17.1.jar:/home/user/.m2/repository/com/google/api/grpc/proto-google-common-protos/1.0.0/proto-google-common-protos-1.0.0.jar:/home/user/.m2/repository/io/grpc/grpc-protobuf-lite/1.17.1/grpc-protobuf-lite-1.17.1.jar:/home/user/.m2/repository/io/grpc/grpc-stub/1.17.1/grpc-stub-1.17.1.jar:/home/user/.m2/repository/org/apache/hadoop/hadoop-ozone-recon/0.5.0-SNAPSHOT/hadoop-ozone-recon-0.5.0-SNAPSHOT.jar:/home/user/.m2/repository/org/apache/hadoop/hadoop-ozone-reconcodegen/0.5.0-SNAPSHOT/hadoop-ozone-reconcodegen-0.5.0-SNAPSHOT.jar:/home/user/.m2/repository/com/google/inject/extensions/guice-multibindings/4.0/guice-multibindings-4.0.jar:/home/user/.m2/repository/com/google/inject/guice/4.0/guice-4.0.jar:/home/user/.m2/repository/aopalliance/aopalliance/1.0/aopalliance-1.0.jar:/home/user/.m2/repository/com/google/inject/extensions/guice-servlet/4.0/guice-servlet-4.0.jar:/home/user/.m2/repository/org/glassfish/jersey/containers/jersey-container-servlet/2.27/jersey-container-servlet-2.27.jar:/home/user/.m2/repository/org/glassfish/hk2/guice-bridge/2.5.0/guice-bridge-2.5.0.jar:/home/user/.m2/repository/org/glassfish/jersey/core/jersey-server/2.27/jersey-server-2.27.jar:/home/user/.m2/repository/org/glassfish/jersey/core/jersey-client/2.27/jersey-client-2.27.jar:/home/user/.m2/repository/org/glassfish/jersey/media/jersey-media-jaxb/2.27/jersey-media-jaxb-2.27.jar:/home/user/.m2/repository/javax/validation/validation-api/1.1.0.Final/validation-api-1.1.0.Final.jar:/home/user/.m2/repository/org/glassfish/jersey/media/jersey-media-json-jackson/2.27/jersey-media-json-jackson-2.27.jar:/home/user/.m2/repository/org/glassfish/jersey/ext/jersey-entity-filtering/2.27/jersey-entity-filtering-2.27.jar:/home/user/.m2/repository/com/google/inject/extensions/guice-assistedinject/4.0/guice-assistedinject-4.0.jar:/home/user/.m2/repository/org/jooq/jooq/3.11.10/jooq-3.11.10.jar:/home/user/.m2/repository/org/jooq/jooq-meta/3.11.10/jooq-meta-3.11.10.jar:/home/user/.m2/repository/org/jooq/jooq-codegen/3.11.10/jooq-codegen-3.11.10.jar:/home/user/.m2/repository/com/jolbox/bonecp/0.8.0.RELEASE/bonecp-0.8.0.RELEASE.jar:/home/user/.m2/repository/org/xerial/sqlite-jdbc/3.25.2/sqlite-jdbc-3.25.2.jar:/home/user/.m2/repository/org/springframework/spring-jdbc/5.1.3.RELEASE/spring-jdbc-5.1.3.RELEASE.jar:/home/user/.m2/repository/org/springframework/spring-beans/5.1.3.RELEASE/spring-beans-5.1.3.RELEASE.jar:/home/user/.m2/repository/org/springframework/spring-core/5.1.3.RELEASE/spring-core-5.1.3.RELEASE.jar:/home/user/.m2/repository/org/springframework/spring-jcl/5.1.3.RELEASE/spring-jcl-5.1.3.RELEASE.jar:/home/user/.m2/repository/org/springframework/spring-tx/5.1.3.RELEASE/spring-tx-5.1.3.RELEASE.jar:/home/user/.m2/repository/org/apache/hadoop/hadoop-ozone-client/0.5.0-SNAPSHOT/hadoop-ozone-client-0.5.0-SNAPSHOT.jar:/home/user/.m2/repository/commons-lang/commons-lang/2.6/commons-lang-2.6.jar:/home/user/.m2/repository/org/apache/hadoop/hadoop-ozone-ozone-manager/0.5.0-SNAPSHOT/hadoop-ozone-ozone-manager-0.5.0-SNAPSHOT-tests.jar:/home/user/.m2/repository/junit/junit/4.11/junit-4.11.jar:/home/user/.m2/repository/org/hamcrest/hamcrest-core/1.3/hamcrest-core-1.3.jar:/home/user/.m2/repository/org/openjdk/jmh/jmh-core/1.19/jmh-core-1.19.jar:/home/user/.m2/repository/net/sf/jopt-simple/jopt-simple/4.6/jopt-simple-4.6.jar:/home/user/.m2/repository/org/apache/commons/commons-math3/3.1.1/commons-math3-3.1.1.jar:/home/user/.m2/repository/org/openjdk/jmh/jmh-generator-annprocess/1.19/jmh-generator-annprocess-1.19.jar:/home/user/.m2/repository/org/mockito/mockito-all/1.8.5/mockito-all-1.8.5.jar:/home/user/.m2/repository/org/apache/hadoop/hadoop-kms/3.2.0/hadoop-kms-3.2.0.jar:/home/user/.m2/repository/org/apache/hadoop/hadoop-auth/3.2.0/hadoop-auth-3.2.0.jar:/home/user/.m2/repository/com/nimbusds/nimbus-jose-jwt/4.41.1/nimbus-jose-jwt-4.41.1.jar:/home/user/.m2/repository/com/github/stephenc/jcip/jcip-annotations/1.0-1/jcip-annotations-1.0-1.jar:/home/user/.m2/repository/net/minidev/json-smart/2.3/json-smart-2.3.jar:/home/user/.m2/repository/net/minidev/accessors-smart/1.2/accessors-smart-1.2.jar:/home/user/.m2/repository/org/ow2/asm/asm/5.0.4/asm-5.0.4.jar:/home/user/.m2/repository/org/apache/curator/curator-framework/2.12.0/curator-framework-2.12.0.jar:/home/user/.m2/repository/com/sun/jersey/jersey-core/1.19/jersey-core-1.19.jar:/home/user/.m2/repository/javax/ws/rs/jsr311-api/1.1.1/jsr311-api-1.1.1.jar:/home/user/.m2/repository/com/sun/jersey/jersey-server/1.19/jersey-server-1.19.jar:/home/user/.m2/repository/javax/servlet/javax.servlet-api/3.1.0/javax.servlet-api-3.1.0.jar:/home/user/.m2/repository/org/eclipse/jetty/jetty-server/9.3.24.v20180605/jetty-server-9.3.24.v20180605.jar:/home/user/.m2/repository/org/eclipse/jetty/jetty-http/9.3.24.v20180605/jetty-http-9.3.24.v20180605.jar:/home/user/.m2/repository/org/eclipse/jetty/jetty-io/9.3.24.v20180605/jetty-io-9.3.24.v20180605.jar:/home/user/.m2/repository/org/eclipse/jetty/jetty-webapp/9.3.24.v20180605/jetty-webapp-9.3.24.v20180605.jar:/home/user/.m2/repository/org/eclipse/jetty/jetty-xml/9.3.24.v20180605/jetty-xml-9.3.24.v20180605.jar:/home/user/.m2/repository/log4j/log4j/1.2.17/log4j-1.2.17.jar:/home/user/.m2/repository/org/slf4j/slf4j-api/1.7.25/slf4j-api-1.7.25.jar:/home/user/.m2/repository/org/slf4j/jul-to-slf4j/1.7.25/jul-to-slf4j-1.7.25.jar:/home/user/.m2/repository/org/eclipse/jetty/jetty-util/9.3.24.v20180605/jetty-util-9.3.24.v20180605.jar:/home/user/.m2/repository/com/fasterxml/jackson/core/jackson-databind/2.9.5/jackson-databind-2.9.5.jar:/home/user/.m2/repository/org/apache/hadoop/hadoop-kms/3.2.0/hadoop-kms-3.2.0-tests.jar:/home/user/.m2/repository/org/apache/hadoop/hadoop-hdds-server-scm/0.5.0-SNAPSHOT/hadoop-hdds-server-scm-0.5.0-SNAPSHOT-tests.jar:/home/user/.m2/repository/org/apache/hadoop/hadoop-hdds-container-service/0.5.0-SNAPSHOT/hadoop-hdds-container-service-0.5.0-SNAPSHOT-tests.jar:/home/user/.m2/repository/org/yaml/snakeyaml/1.16/snakeyaml-1.16.jar:/home/user/.m2/repository/org/apache/hadoop/hadoop-common/3.2.0/hadoop-common-3.2.0-tests.jar:/home/user/.m2/repository/org/apache/hadoop/hadoop-annotations/3.2.0/hadoop-annotations-3.2.0.jar:/usr/lib/jvm/java-1.8-openjdk/jre/../lib/tools.jar:/home/user/.m2/repository/commons-cli/commons-cli/1.2/commons-cli-1.2.jar:/home/user/.m2/repository/org/apache/httpcomponents/httpclient/4.5.2/httpclient-4.5.2.jar:/home/user/.m2/repository/org/apache/httpcomponents/httpcore/4.4.4/httpcore-4.4.4.jar:/home/user/.m2/repository/commons-codec/commons-codec/1.11/commons-codec-1.11.jar:/home/user/.m2/repository/commons-net/commons-net/3.6/commons-net-3.6.jar:/home/user/.m2/repository/commons-collections/commons-collections/3.2.2/commons-collections-3.2.2.jar:/home/user/.m2/repository/org/eclipse/jetty/jetty-servlet/9.3.24.v20180605/jetty-servlet-9.3.24.v20180605.jar:/home/user/.m2/repository/org/eclipse/jetty/jetty-security/9.3.24.v20180605/jetty-security-9.3.24.v20180605.jar:/home/user/.m2/repository/javax/servlet/jsp/jsp-api/2.1/jsp-api-2.1.jar:/home/user/.m2/repository/com/sun/jersey/jersey-servlet/1.19/jersey-servlet-1.19.jar:/home/user/.m2/repository/com/sun/jersey/jersey-json/1.19/jersey-json-1.19.jar:/home/user/.m2/repository/org/codehaus/jettison/jettison/1.1/jettison-1.1.jar:/home/user/.m2/repository/org/codehaus/jackson/jackson-core-asl/1.9.13/jackson-core-asl-1.9.13.jar:/home/user/.m2/repository/org/codehaus/jackson/jackson-mapper-asl/1.9.13/jackson-mapper-asl-1.9.13.jar:/home/user/.m2/repository/org/codehaus/jackson/jackson-jaxrs/1.9.13/jackson-jaxrs-1.9.13.jar:/home/user/.m2/repository/org/codehaus/jackson/jackson-xc/1.9.13/jackson-xc-1.9.13.jar:/home/user/.m2/repository/commons-logging/commons-logging/1.1.3/commons-logging-1.1.3.jar:/home/user/.m2/repository/commons-beanutils/commons-beanutils/1.9.3/commons-beanutils-1.9.3.jar:/home/user/.m2/repository/org/apache/commons/commons-configuration2/2.1.1/commons-configuration2-2.1.1.jar:/home/user/.m2/repository/org/apache/commons/commons-lang3/3.7/commons-lang3-3.7.jar:/home/user/.m2/repository/org/apache/commons/commons-text/1.4/commons-text-1.4.jar:/home/user/.m2/repository/org/apache/avro/avro/1.7.7/avro-1.7.7.jar:/home/user/.m2/repository/com/thoughtworks/paranamer/paranamer/2.3/paranamer-2.3.jar:/home/user/.m2/repository/org/xerial/snappy/snappy-java/1.0.5/snappy-java-1.0.5.jar:/home/user/.m2/repository/com/google/re2j/re2j/1.1/re2j-1.1.jar:/home/user/.m2/repository/com/google/code/gson/gson/2.2.4/gson-2.2.4.jar:/home/user/.m2/repository/com/jcraft/jsch/0.1.54/jsch-0.1.54.jar:/home/user/.m2/repository/org/apache/curator/curator-client/2.12.0/curator-client-2.12.0.jar:/home/user/.m2/repository/org/apache/curator/curator-recipes/2.12.0/curator-recipes-2.12.0.jar:/home/user/.m2/repository/com/google/code/findbugs/jsr305/3.0.0/jsr305-3.0.0.jar:/home/user/.m2/repository/org/apache/htrace/htrace-core4/4.1.0-incubating/htrace-core4-4.1.0-incubating.jar:/home/user/.m2/repository/org/apache/zookeeper/zookeeper/3.4.13/zookeeper-3.4.13.jar:/home/user/.m2/repository/org/apache/yetus/audience-annotations/0.5.0/audience-annotations-0.5.0.jar:/home/user/.m2/repository/org/codehaus/woodstox/stax2-api/3.1.4/stax2-api-3.1.4.jar:/home/user/.m2/repository/com/fasterxml/woodstox/woodstox-core/5.0.3/woodstox-core-5.0.3.jar:/home/user/.m2/repository/dnsjava/dnsjava/2.1.7/dnsjava-2.1.7.jar:/home/user/.m2/repository/org/apache/hadoop/hadoop-hdfs/3.2.0/hadoop-hdfs-3.2.0-tests.jar:/home/user/.m2/repository/org/eclipse/jetty/jetty-util-ajax/9.3.24.v20180605/jetty-util-ajax-9.3.24.v20180605.jar:/home/user/.m2/repository/commons-daemon/commons-daemon/1.0.13/commons-daemon-1.0.13.jar:/home/user/.m2/repository/io/netty/netty/3.10.5.Final/netty-3.10.5.Final.jar:/home/user/.m2/repository/io/netty/netty-all/4.0.52.Final/netty-all-4.0.52.Final.jar:/home/user/.m2/repository/org/fusesource/leveldbjni/leveldbjni-all/1.8/leveldbjni-all-1.8.jar:"/>
    <property name="java.vm.vendor" value="IcedTea"/>
    <property name="sun.arch.data.model" value="64"/>
    <property name="test.build.dir" value="/workdir/hadoop-ozone/integration-test/target/test-dir"/>
    <property name="test.cache.data" value=""/>
    <property name="java.vendor.url" value="https://icedtea.classpath.org"/>
    <property name="user.timezone" value=""/>
    <property name="java.vm.specification.version" value="1.8"/>
    <property name="os.name" value="Linux"/>
    <property name="test.build.data" value="/workdir/hadoop-ozone/integration-test/target/test-dir"/>
    <property name="user.country" value="US"/>
    <property name="sun.java.launcher" value="SUN_STANDARD"/>
    <property name="sun.boot.library.path" value="/usr/lib/jvm/java-1.8-openjdk/jre/lib/amd64"/>
    <property name="sun.java.command" value="/workdir/hadoop-ozone/integration-test/target/surefire/surefirebooter8681670959688342024.jar /workdir/hadoop-ozone/integration-test/target/surefire 2019-08-20T18-29-11_220-jvmRun1 surefire743259093245753736tmp surefire_892070324739533152575tmp"/>
    <property name="test" value="!TestMiniChaosOzoneCluster"/>
    <property name="surefire.test.class.path" value="/workdir/hadoop-ozone/integration-test/target/test-classes:/workdir/hadoop-ozone/integration-test/target/classes:/home/user/.m2/repository/org/apache/hadoop/hadoop-ozone-common/0.5.0-SNAPSHOT/hadoop-ozone-common-0.5.0-SNAPSHOT.jar:/home/user/.m2/repository/org/apache/commons/commons-compress/1.4.1/commons-compress-1.4.1.jar:/home/user/.m2/repository/org/tukaani/xz/1.0/xz-1.0.jar:/home/user/.m2/repository/org/apache/hadoop/hadoop-common/3.2.0/hadoop-common-3.2.0.jar:/home/user/.m2/repository/org/apache/hadoop/hadoop-hdfs/3.2.0/hadoop-hdfs-3.2.0.jar:/home/user/.m2/repository/org/apache/hadoop/hadoop-hdfs-client/3.2.0/hadoop-hdfs-client-3.2.0.jar:/home/user/.m2/repository/com/fasterxml/jackson/core/jackson-annotations/2.9.5/jackson-annotations-2.9.5.jar:/home/user/.m2/repository/org/apache/hadoop/hadoop-hdds-common/0.5.0-SNAPSHOT/hadoop-hdds-common-0.5.0-SNAPSHOT.jar:/home/user/.m2/repository/javax/annotation/javax.annotation-api/1.2/javax.annotation-api-1.2.jar:/home/user/.m2/repository/org/apache/ratis/ratis-server/0.4.0-2337318-SNAPSHOT/ratis-server-0.4.0-2337318-SNAPSHOT.jar:/home/user/.m2/repository/org/apache/ratis/ratis-thirdparty-misc/0.2.0/ratis-thirdparty-misc-0.2.0.jar:/home/user/.m2/repository/org/apache/ratis/ratis-proto/0.4.0-2337318-SNAPSHOT/ratis-proto-0.4.0-2337318-SNAPSHOT.jar:/home/user/.m2/repository/org/apache/ratis/ratis-common/0.4.0-2337318-SNAPSHOT/ratis-common-0.4.0-2337318-SNAPSHOT.jar:/home/user/.m2/repository/org/apache/ratis/ratis-client/0.4.0-2337318-SNAPSHOT/ratis-client-0.4.0-2337318-SNAPSHOT.jar:/home/user/.m2/repository/org/apache/ratis/ratis-metrics/0.4.0-2337318-SNAPSHOT/ratis-metrics-0.4.0-2337318-SNAPSHOT.jar:/home/user/.m2/repository/org/apache/ratis/ratis-netty/0.4.0-2337318-SNAPSHOT/ratis-netty-0.4.0-2337318-SNAPSHOT.jar:/home/user/.m2/repository/org/apache/ratis/ratis-grpc/0.4.0-2337318-SNAPSHOT/ratis-grpc-0.4.0-2337318-SNAPSHOT.jar:/home/user/.m2/repository/org/rocksdb/rocksdbjni/6.0.1/rocksdbjni-6.0.1.jar:/home/user/.m2/repository/org/apache/logging/log4j/log4j-api/2.11.0/log4j-api-2.11.0.jar:/home/user/.m2/repository/org/apache/logging/log4j/log4j-core/2.11.0/log4j-core-2.11.0.jar:/home/user/.m2/repository/com/lmax/disruptor/3.4.2/disruptor-3.4.2.jar:/home/user/.m2/repository/org/apache/commons/commons-pool2/2.6.0/commons-pool2-2.6.0.jar:/home/user/.m2/repository/org/bouncycastle/bcpkix-jdk15on/1.60/bcpkix-jdk15on-1.60.jar:/home/user/.m2/repository/commons-validator/commons-validator/1.6/commons-validator-1.6.jar:/home/user/.m2/repository/commons-digester/commons-digester/1.8.1/commons-digester-1.8.1.jar:/home/user/.m2/repository/io/jaegertracing/jaeger-client/0.33.1/jaeger-client-0.33.1.jar:/home/user/.m2/repository/io/jaegertracing/jaeger-thrift/0.33.1/jaeger-thrift-0.33.1.jar:/home/user/.m2/repository/org/apache/thrift/libthrift/0.11.0/libthrift-0.11.0.jar:/home/user/.m2/repository/com/squareup/okhttp3/okhttp/3.9.0/okhttp-3.9.0.jar:/home/user/.m2/repository/com/squareup/okio/okio/1.13.0/okio-1.13.0.jar:/home/user/.m2/repository/io/jaegertracing/jaeger-core/0.33.1/jaeger-core-0.33.1.jar:/home/user/.m2/repository/io/jaegertracing/jaeger-tracerresolver/0.33.1/jaeger-tracerresolver-0.33.1.jar:/home/user/.m2/repository/io/opentracing/contrib/opentracing-tracerresolver/0.1.5/opentracing-tracerresolver-0.1.5.jar:/home/user/.m2/repository/io/opentracing/opentracing-util/0.31.0/opentracing-util-0.31.0.jar:/home/user/.m2/repository/io/opentracing/opentracing-api/0.31.0/opentracing-api-0.31.0.jar:/home/user/.m2/repository/io/opentracing/opentracing-noop/0.31.0/opentracing-noop-0.31.0.jar:/home/user/.m2/repository/org/apache/hadoop/hadoop-hdds-server-framework/0.5.0-SNAPSHOT/hadoop-hdds-server-framework-0.5.0-SNAPSHOT.jar:/home/user/.m2/repository/org/apache/hadoop/hadoop-hdds-container-service/0.5.0-SNAPSHOT/hadoop-hdds-container-service-0.5.0-SNAPSHOT.jar:/home/user/.m2/repository/org/apache/hadoop/hadoop-hdds-client/0.5.0-SNAPSHOT/hadoop-hdds-client-0.5.0-SNAPSHOT.jar:/home/user/.m2/repository/org/apache/hadoop/hadoop-hdds-tools/0.5.0-SNAPSHOT/hadoop-hdds-tools-0.5.0-SNAPSHOT.jar:/home/user/.m2/repository/org/apache/hadoop/hadoop-hdds-server-scm/0.5.0-SNAPSHOT/hadoop-hdds-server-scm-0.5.0-SNAPSHOT.jar:/home/user/.m2/repository/org/apache/hadoop/hadoop-hdds-docs/0.5.0-SNAPSHOT/hadoop-hdds-docs-0.5.0-SNAPSHOT.jar:/home/user/.m2/repository/io/dropwizard/metrics/metrics-core/3.2.4/metrics-core-3.2.4.jar:/home/user/.m2/repository/org/hamcrest/hamcrest-all/1.3/hamcrest-all-1.3.jar:/home/user/.m2/repository/org/bouncycastle/bcprov-jdk15on/1.60/bcprov-jdk15on-1.60.jar:/home/user/.m2/repository/info/picocli/picocli/3.9.6/picocli-3.9.6.jar:/home/user/.m2/repository/com/google/protobuf/protobuf-java/2.5.0/protobuf-java-2.5.0.jar:/home/user/.m2/repository/com/google/guava/guava/11.0.2/guava-11.0.2.jar:/home/user/.m2/repository/org/apache/hadoop/hadoop-ozone-ozone-manager/0.5.0-SNAPSHOT/hadoop-ozone-ozone-manager-0.5.0-SNAPSHOT.jar:/home/user/.m2/repository/org/apache/hadoop/hadoop-minikdc/3.2.0/hadoop-minikdc-3.2.0.jar:/home/user/.m2/repository/commons-io/commons-io/2.5/commons-io-2.5.jar:/home/user/.m2/repository/org/apache/kerby/kerb-simplekdc/1.0.1/kerb-simplekdc-1.0.1.jar:/home/user/.m2/repository/org/apache/kerby/kerb-client/1.0.1/kerb-client-1.0.1.jar:/home/user/.m2/repository/org/apache/kerby/kerby-config/1.0.1/kerby-config-1.0.1.jar:/home/user/.m2/repository/org/apache/kerby/kerb-core/1.0.1/kerb-core-1.0.1.jar:/home/user/.m2/repository/org/apache/kerby/kerby-pkix/1.0.1/kerby-pkix-1.0.1.jar:/home/user/.m2/repository/org/apache/kerby/kerby-asn1/1.0.1/kerby-asn1-1.0.1.jar:/home/user/.m2/repository/org/apache/kerby/kerby-util/1.0.1/kerby-util-1.0.1.jar:/home/user/.m2/repository/org/apache/kerby/kerb-common/1.0.1/kerb-common-1.0.1.jar:/home/user/.m2/repository/org/apache/kerby/kerb-crypto/1.0.1/kerb-crypto-1.0.1.jar:/home/user/.m2/repository/org/apache/kerby/kerb-util/1.0.1/kerb-util-1.0.1.jar:/home/user/.m2/repository/org/apache/kerby/token-provider/1.0.1/token-provider-1.0.1.jar:/home/user/.m2/repository/org/apache/kerby/kerb-admin/1.0.1/kerb-admin-1.0.1.jar:/home/user/.m2/repository/org/apache/kerby/kerb-server/1.0.1/kerb-server-1.0.1.jar:/home/user/.m2/repository/org/apache/kerby/kerb-identity/1.0.1/kerb-identity-1.0.1.jar:/home/user/.m2/repository/org/apache/kerby/kerby-xdr/1.0.1/kerby-xdr-1.0.1.jar:/home/user/.m2/repository/org/slf4j/slf4j-log4j12/1.7.25/slf4j-log4j12-1.7.25.jar:/home/user/.m2/repository/org/apache/hadoop/hadoop-ozone-objectstore-service/0.5.0-SNAPSHOT/hadoop-ozone-objectstore-service-0.5.0-SNAPSHOT.jar:/home/user/.m2/repository/org/apache/hadoop/hadoop-ozone-s3gateway/0.5.0-SNAPSHOT/hadoop-ozone-s3gateway-0.5.0-SNAPSHOT.jar:/home/user/.m2/repository/org/jboss/weld/servlet/weld-servlet/2.4.7.Final/weld-servlet-2.4.7.Final.jar:/home/user/.m2/repository/org/glassfish/jersey/containers/jersey-container-servlet-core/2.27/jersey-container-servlet-core-2.27.jar:/home/user/.m2/repository/org/glassfish/hk2/external/javax.inject/2.5.0-b42/javax.inject-2.5.0-b42.jar:/home/user/.m2/repository/org/glassfish/jersey/core/jersey-common/2.27/jersey-common-2.27.jar:/home/user/.m2/repository/org/glassfish/hk2/osgi-resource-locator/1.0.1/osgi-resource-locator-1.0.1.jar:/home/user/.m2/repository/javax/ws/rs/javax.ws.rs-api/2.1/javax.ws.rs-api-2.1.jar:/home/user/.m2/repository/org/glassfish/jersey/ext/cdi/jersey-cdi1x/2.27/jersey-cdi1x-2.27.jar:/home/user/.m2/repository/org/glassfish/jersey/inject/jersey-hk2/2.27/jersey-hk2-2.27.jar:/home/user/.m2/repository/org/glassfish/hk2/hk2-locator/2.5.0-b42/hk2-locator-2.5.0-b42.jar:/home/user/.m2/repository/org/javassist/javassist/3.22.0-CR2/javassist-3.22.0-CR2.jar:/home/user/.m2/repository/org/glassfish/hk2/hk2-api/2.5.0/hk2-api-2.5.0.jar:/home/user/.m2/repository/org/glassfish/hk2/external/jakarta.inject/2.5.0/jakarta.inject-2.5.0.jar:/home/user/.m2/repository/org/glassfish/hk2/hk2-utils/2.5.0/hk2-utils-2.5.0.jar:/home/user/.m2/repository/jakarta/annotation/jakarta.annotation-api/1.3.4/jakarta.annotation-api-1.3.4.jar:/home/user/.m2/repository/org/glassfish/hk2/external/aopalliance-repackaged/2.5.0/aopalliance-repackaged-2.5.0.jar:/home/user/.m2/repository/com/fasterxml/jackson/dataformat/jackson-dataformat-xml/2.9.0/jackson-dataformat-xml-2.9.0.jar:/home/user/.m2/repository/com/fasterxml/jackson/core/jackson-core/2.9.5/jackson-core-2.9.5.jar:/home/user/.m2/repository/com/fasterxml/jackson/module/jackson-module-jaxb-annotations/2.9.5/jackson-module-jaxb-annotations-2.9.5.jar:/home/user/.m2/repository/javax/enterprise/cdi-api/1.2/cdi-api-1.2.jar:/home/user/.m2/repository/javax/el/javax.el-api/3.0.0/javax.el-api-3.0.0.jar:/home/user/.m2/repository/javax/interceptor/javax.interceptor-api/1.2/javax.interceptor-api-1.2.jar:/home/user/.m2/repository/javax/inject/javax.inject/1/javax.inject-1.jar:/home/user/.m2/repository/com/sun/xml/bind/jaxb-impl/2.3.0.1/jaxb-impl-2.3.0.1.jar:/home/user/.m2/repository/com/sun/xml/bind/jaxb-core/2.3.0.1/jaxb-core-2.3.0.1.jar:/home/user/.m2/repository/javax/xml/bind/jaxb-api/2.3.0/jaxb-api-2.3.0.jar:/home/user/.m2/repository/javax/activation/activation/1.1.1/activation-1.1.1.jar:/home/user/.m2/repository/org/apache/hadoop/hadoop-ozone-csi/0.5.0-SNAPSHOT/hadoop-ozone-csi-0.5.0-SNAPSHOT.jar:/home/user/.m2/repository/com/google/protobuf/protobuf-java-util/3.5.1/protobuf-java-util-3.5.1.jar:/home/user/.m2/repository/org/apache/hadoop/hadoop-hdds-config/0.5.0-SNAPSHOT/hadoop-hdds-config-0.5.0-SNAPSHOT.jar:/home/user/.m2/repository/io/grpc/grpc-netty/1.17.1/grpc-netty-1.17.1.jar:/home/user/.m2/repository/io/grpc/grpc-core/1.17.1/grpc-core-1.17.1.jar:/home/user/.m2/repository/io/grpc/grpc-context/1.17.1/grpc-context-1.17.1.jar:/home/user/.m2/repository/com/google/errorprone/error_prone_annotations/2.2.0/error_prone_annotations-2.2.0.jar:/home/user/.m2/repository/org/codehaus/mojo/animal-sniffer-annotations/1.17/animal-sniffer-annotations-1.17.jar:/home/user/.m2/repository/io/opencensus/opencensus-api/0.17.0/opencensus-api-0.17.0.jar:/home/user/.m2/repository/io/opencensus/opencensus-contrib-grpc-metrics/0.17.0/opencensus-contrib-grpc-metrics-0.17.0.jar:/home/user/.m2/repository/io/netty/netty-codec-http2/4.1.30.Final/netty-codec-http2-4.1.30.Final.jar:/home/user/.m2/repository/io/netty/netty-codec-http/4.1.30.Final/netty-codec-http-4.1.30.Final.jar:/home/user/.m2/repository/io/netty/netty-codec/4.1.30.Final/netty-codec-4.1.30.Final.jar:/home/user/.m2/repository/io/netty/netty-handler/4.1.30.Final/netty-handler-4.1.30.Final.jar:/home/user/.m2/repository/io/netty/netty-handler-proxy/4.1.30.Final/netty-handler-proxy-4.1.30.Final.jar:/home/user/.m2/repository/io/netty/netty-codec-socks/4.1.30.Final/netty-codec-socks-4.1.30.Final.jar:/home/user/.m2/repository/io/netty/netty-transport-native-epoll/4.1.30.Final/netty-transport-native-epoll-4.1.30.Final.jar:/home/user/.m2/repository/io/netty/netty-common/4.1.30.Final/netty-common-4.1.30.Final.jar:/home/user/.m2/repository/io/netty/netty-buffer/4.1.30.Final/netty-buffer-4.1.30.Final.jar:/home/user/.m2/repository/io/netty/netty-transport/4.1.30.Final/netty-transport-4.1.30.Final.jar:/home/user/.m2/repository/io/netty/netty-resolver/4.1.30.Final/netty-resolver-4.1.30.Final.jar:/home/user/.m2/repository/io/netty/netty-transport-native-unix-common/4.1.30.Final/netty-transport-native-unix-common-4.1.30.Final.jar:/home/user/.m2/repository/io/grpc/grpc-protobuf/1.17.1/grpc-protobuf-1.17.1.jar:/home/user/.m2/repository/com/google/api/grpc/proto-google-common-protos/1.0.0/proto-google-common-protos-1.0.0.jar:/home/user/.m2/repository/io/grpc/grpc-protobuf-lite/1.17.1/grpc-protobuf-lite-1.17.1.jar:/home/user/.m2/repository/io/grpc/grpc-stub/1.17.1/grpc-stub-1.17.1.jar:/home/user/.m2/repository/org/apache/hadoop/hadoop-ozone-recon/0.5.0-SNAPSHOT/hadoop-ozone-recon-0.5.0-SNAPSHOT.jar:/home/user/.m2/repository/org/apache/hadoop/hadoop-ozone-reconcodegen/0.5.0-SNAPSHOT/hadoop-ozone-reconcodegen-0.5.0-SNAPSHOT.jar:/home/user/.m2/repository/com/google/inject/extensions/guice-multibindings/4.0/guice-multibindings-4.0.jar:/home/user/.m2/repository/com/google/inject/guice/4.0/guice-4.0.jar:/home/user/.m2/repository/aopalliance/aopalliance/1.0/aopalliance-1.0.jar:/home/user/.m2/repository/com/google/inject/extensions/guice-servlet/4.0/guice-servlet-4.0.jar:/home/user/.m2/repository/org/glassfish/jersey/containers/jersey-container-servlet/2.27/jersey-container-servlet-2.27.jar:/home/user/.m2/repository/org/glassfish/hk2/guice-bridge/2.5.0/guice-bridge-2.5.0.jar:/home/user/.m2/repository/org/glassfish/jersey/core/jersey-server/2.27/jersey-server-2.27.jar:/home/user/.m2/repository/org/glassfish/jersey/core/jersey-client/2.27/jersey-client-2.27.jar:/home/user/.m2/repository/org/glassfish/jersey/media/jersey-media-jaxb/2.27/jersey-media-jaxb-2.27.jar:/home/user/.m2/repository/javax/validation/validation-api/1.1.0.Final/validation-api-1.1.0.Final.jar:/home/user/.m2/repository/org/glassfish/jersey/media/jersey-media-json-jackson/2.27/jersey-media-json-jackson-2.27.jar:/home/user/.m2/repository/org/glassfish/jersey/ext/jersey-entity-filtering/2.27/jersey-entity-filtering-2.27.jar:/home/user/.m2/repository/com/google/inject/extensions/guice-assistedinject/4.0/guice-assistedinject-4.0.jar:/home/user/.m2/repository/org/jooq/jooq/3.11.10/jooq-3.11.10.jar:/home/user/.m2/repository/org/jooq/jooq-meta/3.11.10/jooq-meta-3.11.10.jar:/home/user/.m2/repository/org/jooq/jooq-codegen/3.11.10/jooq-codegen-3.11.10.jar:/home/user/.m2/repository/com/jolbox/bonecp/0.8.0.RELEASE/bonecp-0.8.0.RELEASE.jar:/home/user/.m2/repository/org/xerial/sqlite-jdbc/3.25.2/sqlite-jdbc-3.25.2.jar:/home/user/.m2/repository/org/springframework/spring-jdbc/5.1.3.RELEASE/spring-jdbc-5.1.3.RELEASE.jar:/home/user/.m2/repository/org/springframework/spring-beans/5.1.3.RELEASE/spring-beans-5.1.3.RELEASE.jar:/home/user/.m2/repository/org/springframework/spring-core/5.1.3.RELEASE/spring-core-5.1.3.RELEASE.jar:/home/user/.m2/repository/org/springframework/spring-jcl/5.1.3.RELEASE/spring-jcl-5.1.3.RELEASE.jar:/home/user/.m2/repository/org/springframework/spring-tx/5.1.3.RELEASE/spring-tx-5.1.3.RELEASE.jar:/home/user/.m2/repository/org/apache/hadoop/hadoop-ozone-client/0.5.0-SNAPSHOT/hadoop-ozone-client-0.5.0-SNAPSHOT.jar:/home/user/.m2/repository/commons-lang/commons-lang/2.6/commons-lang-2.6.jar:/home/user/.m2/repository/org/apache/hadoop/hadoop-ozone-ozone-manager/0.5.0-SNAPSHOT/hadoop-ozone-ozone-manager-0.5.0-SNAPSHOT-tests.jar:/home/user/.m2/repository/junit/junit/4.11/junit-4.11.jar:/home/user/.m2/repository/org/hamcrest/hamcrest-core/1.3/hamcrest-core-1.3.jar:/home/user/.m2/repository/org/openjdk/jmh/jmh-core/1.19/jmh-core-1.19.jar:/home/user/.m2/repository/net/sf/jopt-simple/jopt-simple/4.6/jopt-simple-4.6.jar:/home/user/.m2/repository/org/apache/commons/commons-math3/3.1.1/commons-math3-3.1.1.jar:/home/user/.m2/repository/org/openjdk/jmh/jmh-generator-annprocess/1.19/jmh-generator-annprocess-1.19.jar:/home/user/.m2/repository/org/mockito/mockito-all/1.8.5/mockito-all-1.8.5.jar:/home/user/.m2/repository/org/apache/hadoop/hadoop-kms/3.2.0/hadoop-kms-3.2.0.jar:/home/user/.m2/repository/org/apache/hadoop/hadoop-auth/3.2.0/hadoop-auth-3.2.0.jar:/home/user/.m2/repository/com/nimbusds/nimbus-jose-jwt/4.41.1/nimbus-jose-jwt-4.41.1.jar:/home/user/.m2/repository/com/github/stephenc/jcip/jcip-annotations/1.0-1/jcip-annotations-1.0-1.jar:/home/user/.m2/repository/net/minidev/json-smart/2.3/json-smart-2.3.jar:/home/user/.m2/repository/net/minidev/accessors-smart/1.2/accessors-smart-1.2.jar:/home/user/.m2/repository/org/ow2/asm/asm/5.0.4/asm-5.0.4.jar:/home/user/.m2/repository/org/apache/curator/curator-framework/2.12.0/curator-framework-2.12.0.jar:/home/user/.m2/repository/com/sun/jersey/jersey-core/1.19/jersey-core-1.19.jar:/home/user/.m2/repository/javax/ws/rs/jsr311-api/1.1.1/jsr311-api-1.1.1.jar:/home/user/.m2/repository/com/sun/jersey/jersey-server/1.19/jersey-server-1.19.jar:/home/user/.m2/repository/javax/servlet/javax.servlet-api/3.1.0/javax.servlet-api-3.1.0.jar:/home/user/.m2/repository/org/eclipse/jetty/jetty-server/9.3.24.v20180605/jetty-server-9.3.24.v20180605.jar:/home/user/.m2/repository/org/eclipse/jetty/jetty-http/9.3.24.v20180605/jetty-http-9.3.24.v20180605.jar:/home/user/.m2/repository/org/eclipse/jetty/jetty-io/9.3.24.v20180605/jetty-io-9.3.24.v20180605.jar:/home/user/.m2/repository/org/eclipse/jetty/jetty-webapp/9.3.24.v20180605/jetty-webapp-9.3.24.v20180605.jar:/home/user/.m2/repository/org/eclipse/jetty/jetty-xml/9.3.24.v20180605/jetty-xml-9.3.24.v20180605.jar:/home/user/.m2/repository/log4j/log4j/1.2.17/log4j-1.2.17.jar:/home/user/.m2/repository/org/slf4j/slf4j-api/1.7.25/slf4j-api-1.7.25.jar:/home/user/.m2/repository/org/slf4j/jul-to-slf4j/1.7.25/jul-to-slf4j-1.7.25.jar:/home/user/.m2/repository/org/eclipse/jetty/jetty-util/9.3.24.v20180605/jetty-util-9.3.24.v20180605.jar:/home/user/.m2/repository/com/fasterxml/jackson/core/jackson-databind/2.9.5/jackson-databind-2.9.5.jar:/home/user/.m2/repository/org/apache/hadoop/hadoop-kms/3.2.0/hadoop-kms-3.2.0-tests.jar:/home/user/.m2/repository/org/apache/hadoop/hadoop-hdds-server-scm/0.5.0-SNAPSHOT/hadoop-hdds-server-scm-0.5.0-SNAPSHOT-tests.jar:/home/user/.m2/repository/org/apache/hadoop/hadoop-hdds-container-service/0.5.0-SNAPSHOT/hadoop-hdds-container-service-0.5.0-SNAPSHOT-tests.jar:/home/user/.m2/repository/org/yaml/snakeyaml/1.16/snakeyaml-1.16.jar:/home/user/.m2/repository/org/apache/hadoop/hadoop-common/3.2.0/hadoop-common-3.2.0-tests.jar:/home/user/.m2/repository/org/apache/hadoop/hadoop-annotations/3.2.0/hadoop-annotations-3.2.0.jar:/usr/lib/jvm/java-1.8-openjdk/jre/../lib/tools.jar:/home/user/.m2/repository/commons-cli/commons-cli/1.2/commons-cli-1.2.jar:/home/user/.m2/repository/org/apache/httpcomponents/httpclient/4.5.2/httpclient-4.5.2.jar:/home/user/.m2/repository/org/apache/httpcomponents/httpcore/4.4.4/httpcore-4.4.4.jar:/home/user/.m2/repository/commons-codec/commons-codec/1.11/commons-codec-1.11.jar:/home/user/.m2/repository/commons-net/commons-net/3.6/commons-net-3.6.jar:/home/user/.m2/repository/commons-collections/commons-collections/3.2.2/commons-collections-3.2.2.jar:/home/user/.m2/repository/org/eclipse/jetty/jetty-servlet/9.3.24.v20180605/jetty-servlet-9.3.24.v20180605.jar:/home/user/.m2/repository/org/eclipse/jetty/jetty-security/9.3.24.v20180605/jetty-security-9.3.24.v20180605.jar:/home/user/.m2/repository/javax/servlet/jsp/jsp-api/2.1/jsp-api-2.1.jar:/home/user/.m2/repository/com/sun/jersey/jersey-servlet/1.19/jersey-servlet-1.19.jar:/home/user/.m2/repository/com/sun/jersey/jersey-json/1.19/jersey-json-1.19.jar:/home/user/.m2/repository/org/codehaus/jettison/jettison/1.1/jettison-1.1.jar:/home/user/.m2/repository/org/codehaus/jackson/jackson-core-asl/1.9.13/jackson-core-asl-1.9.13.jar:/home/user/.m2/repository/org/codehaus/jackson/jackson-mapper-asl/1.9.13/jackson-mapper-asl-1.9.13.jar:/home/user/.m2/repository/org/codehaus/jackson/jackson-jaxrs/1.9.13/jackson-jaxrs-1.9.13.jar:/home/user/.m2/repository/org/codehaus/jackson/jackson-xc/1.9.13/jackson-xc-1.9.13.jar:/home/user/.m2/repository/commons-logging/commons-logging/1.1.3/commons-logging-1.1.3.jar:/home/user/.m2/repository/commons-beanutils/commons-beanutils/1.9.3/commons-beanutils-1.9.3.jar:/home/user/.m2/repository/org/apache/commons/commons-configuration2/2.1.1/commons-configuration2-2.1.1.jar:/home/user/.m2/repository/org/apache/commons/commons-lang3/3.7/commons-lang3-3.7.jar:/home/user/.m2/repository/org/apache/commons/commons-text/1.4/commons-text-1.4.jar:/home/user/.m2/repository/org/apache/avro/avro/1.7.7/avro-1.7.7.jar:/home/user/.m2/repository/com/thoughtworks/paranamer/paranamer/2.3/paranamer-2.3.jar:/home/user/.m2/repository/org/xerial/snappy/snappy-java/1.0.5/snappy-java-1.0.5.jar:/home/user/.m2/repository/com/google/re2j/re2j/1.1/re2j-1.1.jar:/home/user/.m2/repository/com/google/code/gson/gson/2.2.4/gson-2.2.4.jar:/home/user/.m2/repository/com/jcraft/jsch/0.1.54/jsch-0.1.54.jar:/home/user/.m2/repository/org/apache/curator/curator-client/2.12.0/curator-client-2.12.0.jar:/home/user/.m2/repository/org/apache/curator/curator-recipes/2.12.0/curator-recipes-2.12.0.jar:/home/user/.m2/repository/com/google/code/findbugs/jsr305/3.0.0/jsr305-3.0.0.jar:/home/user/.m2/repository/org/apache/htrace/htrace-core4/4.1.0-incubating/htrace-core4-4.1.0-incubating.jar:/home/user/.m2/repository/org/apache/zookeeper/zookeeper/3.4.13/zookeeper-3.4.13.jar:/home/user/.m2/repository/org/apache/yetus/audience-annotations/0.5.0/audience-annotations-0.5.0.jar:/home/user/.m2/repository/org/codehaus/woodstox/stax2-api/3.1.4/stax2-api-3.1.4.jar:/home/user/.m2/repository/com/fasterxml/woodstox/woodstox-core/5.0.3/woodstox-core-5.0.3.jar:/home/user/.m2/repository/dnsjava/dnsjava/2.1.7/dnsjava-2.1.7.jar:/home/user/.m2/repository/org/apache/hadoop/hadoop-hdfs/3.2.0/hadoop-hdfs-3.2.0-tests.jar:/home/user/.m2/repository/org/eclipse/jetty/jetty-util-ajax/9.3.24.v20180605/jetty-util-ajax-9.3.24.v20180605.jar:/home/user/.m2/repository/commons-daemon/commons-daemon/1.0.13/commons-daemon-1.0.13.jar:/home/user/.m2/repository/io/netty/netty/3.10.5.Final/netty-3.10.5.Final.jar:/home/user/.m2/repository/io/netty/netty-all/4.0.52.Final/netty-all-4.0.52.Final.jar:/home/user/.m2/repository/org/fusesource/leveldbjni/leveldbjni-all/1.8/leveldbjni-all-1.8.jar:"/>
    <property name="sun.cpu.endian" value="little"/>
    <property name="user.home" value="/home/user"/>
    <property name="user.language" value="en"/>
    <property name="java.specification.vendor" value="Oracle Corporation"/>
    <property name="java.home" value="/usr/lib/jvm/java-1.8-openjdk/jre"/>
    <property name="java.security.krb5.conf" value="/workdir/hadoop-ozone/integration-test/target/test-classes/krb5.conf"/>
    <property name="basedir" value="/workdir/hadoop-ozone/integration-test"/>
    <property name="file.separator" value="/"/>
    <property name="line.separator" value="&#10;"/>
    <property name="java.vm.specification.vendor" value="Oracle Corporation"/>
    <property name="java.specification.name" value="Java Platform API Specification"/>
    <property name="java.awt.graphicsenv" value="sun.awt.X11GraphicsEnvironment"/>
    <property name="surefire.real.class.path" value="/workdir/hadoop-ozone/integration-test/target/surefire/surefirebooter8681670959688342024.jar"/>
    <property name="hadoop.log.dir" value="/workdir/hadoop-ozone/integration-test/target/log"/>
    <property name="sun.boot.class.path" value="/usr/lib/jvm/java-1.8-openjdk/jre/lib/resources.jar:/usr/lib/jvm/java-1.8-openjdk/jre/lib/rt.jar:/usr/lib/jvm/java-1.8-openjdk/jre/lib/sunrsasign.jar:/usr/lib/jvm/java-1.8-openjdk/jre/lib/jsse.jar:/usr/lib/jvm/java-1.8-openjdk/jre/lib/jce.jar:/usr/lib/jvm/java-1.8-openjdk/jre/lib/charsets.jar:/usr/lib/jvm/java-1.8-openjdk/jre/lib/jfr.jar:/usr/lib/jvm/java-1.8-openjdk/jre/classes"/>
    <property name="sun.management.compiler" value="HotSpot 64-Bit Tiered Compilers"/>
    <property name="java.runtime.version" value="1.8.0_212-b04"/>
    <property name="java.net.preferIPv4Stack" value="true"/>
    <property name="user.name" value="jenkins1000"/>
    <property name="path.separator" value=":"/>
    <property name="java.security.egd" value="file:///dev/urandom"/>
    <property name="os.version" value="3.10.0-957.12.2.el7.x86_64"/>
    <property name="java.endorsed.dirs" value="/usr/lib/jvm/java-1.8-openjdk/jre/lib/endorsed"/>
    <property name="java.runtime.name" value="OpenJDK Runtime Environment"/>
    <property name="file.encoding" value="UTF-8"/>
    <property name="java.vm.name" value="OpenJDK 64-Bit Server VM"/>
    <property name="test.build.webapps" value=""/>
    <property name="localRepository" value="/home/user/.m2/repository"/>
    <property name="java.vendor.url.bug" value="https://icedtea.classpath.org/bugzilla"/>
    <property name="java.io.tmpdir" value="/tmp"/>
    <property name="require.test.libhadoop" value=""/>
    <property name="java.version" value="1.8.0_212"/>
    <property name="user.dir" value="/workdir/hadoop-ozone/integration-test"/>
    <property name="os.arch" value="amd64"/>
    <property name="java.vm.specification.name" value="Java Virtual Machine Specification"/>
    <property name="test.build.classes" value="/workdir/hadoop-ozone/integration-test/target/test-classes"/>
    <property name="java.awt.printerjob" value="sun.print.PSPrinterJob"/>
    <property name="sun.os.patch.level" value="unknown"/>
    <property name="hadoop.tmp.dir" value="/workdir/hadoop-ozone/integration-test/target/tmp"/>
    <property name="java.library.path" value="/usr/lib/jvm/java-1.8-openjdk/jre/lib/amd64/server:/usr/lib/jvm/java-1.8-openjdk/jre/lib/amd64:/usr/lib/jvm/java-1.8-openjdk/jre/../lib/amd64:/workdir/hadoop-ozone/integration-test/target/native/target/usr/local/lib:/workdir/hadoop-ozone/integration-test/../../hadoop-common-project/hadoop-common/target/native/target/usr/local/lib:/usr/java/packages/lib/amd64:/usr/lib64:/lib64:/lib:/usr/lib"/>
    <property name="java.vm.info" value="mixed mode"/>
    <property name="java.vendor" value="IcedTea"/>
    <property name="java.vm.version" value="25.212-b04"/>
    <property name="java.ext.dirs" value="/usr/lib/jvm/java-1.8-openjdk/jre/lib/ext:/usr/java/packages/lib/ext"/>
    <property name="sun.io.unicode.encoding" value="UnicodeLittle"/>
    <property name="java.class.version" value="52.0"/>
  </properties>
  <testcase name="testAutomaticPipelineCreationOnPipelineDestroy" classname="org.apache.hadoop.hdds.scm.pipeline.TestRatisPipelineCreateAndDestory" time="29.534"/>
  <testcase name="testPipelineCreationOnNodeRestart" classname="org.apache.hadoop.hdds.scm.pipeline.TestRatisPipelineCreateAndDestory" time="40.261">
    <error message="test timed out after 30000 milliseconds" type="java.lang.Exception">java.lang.Exception: test timed out after 30000 milliseconds
	at java.lang.Thread.sleep(Native Method)
	at org.apache.hadoop.test.GenericTestUtils.waitFor(GenericTestUtils.java:382)
	at org.apache.hadoop.hdds.scm.pipeline.TestRatisPipelineCreateAndDestory.waitForPipelines(TestRatisPipelineCreateAndDestory.java:126)
	at org.apache.hadoop.hdds.scm.pipeline.TestRatisPipelineCreateAndDestory.testPipelineCreationOnNodeRestart(TestRatisPipelineCreateAndDestory.java:121)
	at sun.reflect.NativeMethodAccessorImpl.invoke0(Native Method)
	at sun.reflect.NativeMethodAccessorImpl.invoke(NativeMethodAccessorImpl.java:62)
	at sun.reflect.DelegatingMethodAccessorImpl.invoke(DelegatingMethodAccessorImpl.java:43)
	at java.lang.reflect.Method.invoke(Method.java:498)
	at org.junit.runners.model.FrameworkMethod$1.runReflectiveCall(FrameworkMethod.java:47)
	at org.junit.internal.runners.model.ReflectiveCallable.run(ReflectiveCallable.java:12)
	at org.junit.runners.model.FrameworkMethod.invokeExplosively(FrameworkMethod.java:44)
	at org.junit.internal.runners.statements.InvokeMethod.evaluate(InvokeMethod.java:17)
	at org.junit.internal.runners.statements.FailOnTimeout$StatementThread.run(FailOnTimeout.java:74)
</error>
    <system-out><![CDATA[2019-08-20 20:11:26,199 [Thread-330] WARN  server.ServerUtils (ServerUtils.java:getScmDbDir(145)) - ozone.scm.db.dirs is not configured. We recommend adding this setting. Falling back to ozone.metadata.dirs instead.
2019-08-20 20:11:26,225 [Thread-330] WARN  server.ServerUtils (ServerUtils.java:getScmDbDir(145)) - ozone.scm.db.dirs is not configured. We recommend adding this setting. Falling back to ozone.metadata.dirs instead.
2019-08-20 20:11:26,225 [Thread-330] WARN  server.ServerUtils (ServerUtils.java:getScmDbDir(145)) - ozone.scm.db.dirs is not configured. We recommend adding this setting. Falling back to ozone.metadata.dirs instead.
2019-08-20 20:11:26,226 [Thread-330] INFO  db.DBStoreBuilder (DBStoreBuilder.java:addTable(110)) - using custom profile for table: deletedBlocks
2019-08-20 20:11:26,226 [Thread-330] INFO  db.DBStoreBuilder (DBStoreBuilder.java:processTables(161)) - Using default column profile:DBProfile.DISK for Table:deletedBlocks
2019-08-20 20:11:26,226 [Thread-330] INFO  db.DBStoreBuilder (DBStoreBuilder.java:addTable(110)) - using custom profile for table: validCerts
2019-08-20 20:11:26,227 [Thread-330] INFO  db.DBStoreBuilder (DBStoreBuilder.java:processTables(161)) - Using default column profile:DBProfile.DISK for Table:validCerts
2019-08-20 20:11:26,227 [Thread-330] INFO  db.DBStoreBuilder (DBStoreBuilder.java:addTable(110)) - using custom profile for table: revokedCerts
2019-08-20 20:11:26,227 [Thread-330] INFO  db.DBStoreBuilder (DBStoreBuilder.java:processTables(161)) - Using default column profile:DBProfile.DISK for Table:revokedCerts
2019-08-20 20:11:26,228 [Thread-330] INFO  db.DBStoreBuilder (DBStoreBuilder.java:addTable(110)) - using custom profile for table: default
2019-08-20 20:11:26,228 [Thread-330] INFO  db.DBStoreBuilder (DBStoreBuilder.java:processTables(167)) - Using default column profile:DBProfile.DISK for Table:default
2019-08-20 20:11:26,228 [Thread-330] INFO  db.DBStoreBuilder (DBStoreBuilder.java:getDbProfile(198)) - Using default options. DBProfile.DISK
2019-08-20 20:11:26,359 [Thread-330] INFO  net.NodeSchemaLoader (NodeSchemaLoader.java:loadSchemaFromFile(125)) - Loading file from sun.misc.CompoundEnumeration@7c1080eb
2019-08-20 20:11:26,359 [Thread-330] INFO  net.NodeSchemaLoader (NodeSchemaLoader.java:loadSchema(171)) - Loading network topology layer schema file
2019-08-20 20:11:26,366 [Thread-330] INFO  node.SCMNodeManager (SCMNodeManager.java:<init>(121)) - Entering startup safe mode.
2019-08-20 20:11:26,367 [Thread-330] INFO  algorithms.ContainerPlacementPolicyFactory (ContainerPlacementPolicyFactory.java:getPolicy(55)) - Create container placement policy of type org.apache.hadoop.hdds.scm.container.placement.algorithms.SCMContainerPlacementRandom
2019-08-20 20:11:26,367 [Thread-330] WARN  server.ServerUtils (ServerUtils.java:getScmDbDir(145)) - ozone.scm.db.dirs is not configured. We recommend adding this setting. Falling back to ozone.metadata.dirs instead.
2019-08-20 20:11:26,430 [Thread-330] INFO  pipeline.SCMPipelineManager (SCMPipelineManager.java:initializePipelineState(126)) - No pipeline exists in current db
2019-08-20 20:11:26,431 [Thread-330] WARN  server.ServerUtils (ServerUtils.java:getScmDbDir(145)) - ozone.scm.db.dirs is not configured. We recommend adding this setting. Falling back to ozone.metadata.dirs instead.
2019-08-20 20:11:26,478 [Thread-330] WARN  events.EventQueue (EventQueue.java:fireEvent(175)) - No event handler registered for event TypedEvent{payloadType=SafeModeStatus, name='SafeModeStatus'}
2019-08-20 20:11:26,479 [Thread-330] INFO  ipc.CallQueueManager (CallQueueManager.java:<init>(84)) - Using callQueue: class java.util.concurrent.LinkedBlockingQueue, queueCapacity: 2000, scheduler: class org.apache.hadoop.ipc.DefaultRpcScheduler, ipcBackoff: false.
2019-08-20 20:11:26,480 [Socket Reader #1 for port 46486] INFO  ipc.Server (Server.java:run(1074)) - Starting Socket Reader #1 for port 46486
2019-08-20 20:11:26,482 [Thread-330] INFO  ipc.CallQueueManager (CallQueueManager.java:<init>(84)) - Using callQueue: class java.util.concurrent.LinkedBlockingQueue, queueCapacity: 2000, scheduler: class org.apache.hadoop.ipc.DefaultRpcScheduler, ipcBackoff: false.
2019-08-20 20:11:26,483 [Socket Reader #1 for port 39519] INFO  ipc.Server (Server.java:run(1074)) - Starting Socket Reader #1 for port 39519
2019-08-20 20:11:26,484 [Thread-330] INFO  ipc.CallQueueManager (CallQueueManager.java:<init>(84)) - Using callQueue: class java.util.concurrent.LinkedBlockingQueue, queueCapacity: 2000, scheduler: class org.apache.hadoop.ipc.DefaultRpcScheduler, ipcBackoff: false.
2019-08-20 20:11:26,485 [Socket Reader #1 for port 40324] INFO  ipc.Server (Server.java:run(1074)) - Starting Socket Reader #1 for port 40324
2019-08-20 20:11:26,488 [Thread-330] INFO  hdfs.DFSUtil (DFSUtil.java:httpServerTemplateForNNAndJN(1641)) - Starting Web-server for scm at: http://0.0.0.0:0
2019-08-20 20:11:26,490 [Thread-330] INFO  server.AuthenticationFilter (AuthenticationFilter.java:constructSecretProvider(240)) - Unable to initialize FileSignerSecretProvider, falling back to use random secrets.
2019-08-20 20:11:26,491 [Thread-330] WARN  http.HttpRequestLog (HttpRequestLog.java:getRequestLog(97)) - Jetty request log can only be enabled using Log4j
2019-08-20 20:11:26,494 [Thread-330] INFO  http.HttpServer2 (HttpServer2.java:addGlobalFilter(975)) - Added global filter 'safety' (class=org.apache.hadoop.http.HttpServer2$QuotingInputFilter)
2019-08-20 20:11:26,495 [Thread-330] INFO  http.HttpServer2 (HttpServer2.java:addFilter(948)) - Added filter static_user_filter (class=org.apache.hadoop.http.lib.StaticUserWebFilter$StaticUserFilter) to context scm
2019-08-20 20:11:26,495 [Thread-330] INFO  http.HttpServer2 (HttpServer2.java:addFilter(958)) - Added filter static_user_filter (class=org.apache.hadoop.http.lib.StaticUserWebFilter$StaticUserFilter) to context static
2019-08-20 20:11:26,495 [Thread-330] INFO  http.HttpServer2 (HttpServer2.java:addFilter(958)) - Added filter static_user_filter (class=org.apache.hadoop.http.lib.StaticUserWebFilter$StaticUserFilter) to context logs
2019-08-20 20:11:26,498 [Thread-330] INFO  server.StorageContainerManager (StorageContainerManager.java:start(759)) - StorageContainerLocationProtocol RPC server is listening at /0.0.0.0:40324
2019-08-20 20:11:26,501 [Thread-330] WARN  impl.MetricsConfig (MetricsConfig.java:loadFirst(134)) - Cannot locate configuration: tried hadoop-metrics2-storagecontainermanager.properties,hadoop-metrics2.properties
2019-08-20 20:11:26,502 [Thread-330] INFO  impl.MetricsSystemImpl (MetricsSystemImpl.java:startTimer(374)) - Scheduled Metric snapshot period at 10 second(s).
2019-08-20 20:11:26,502 [Thread-330] INFO  impl.MetricsSystemImpl (MetricsSystemImpl.java:start(191)) - StorageContainerManager metrics system started
2019-08-20 20:11:26,558 [Thread-330] INFO  server.SCMClientProtocolServer (SCMClientProtocolServer.java:start(151)) - RPC server for Client  is listening at /0.0.0.0:40324
2019-08-20 20:11:26,559 [IPC Server Responder] INFO  ipc.Server (Server.java:run(1314)) - IPC Server Responder: starting
2019-08-20 20:11:26,559 [IPC Server listener on 40324] INFO  ipc.Server (Server.java:run(1153)) - IPC Server listener on 40324: starting
2019-08-20 20:11:26,563 [Thread-330] INFO  server.StorageContainerManager (StorageContainerManager.java:start(769)) - ScmBlockLocationProtocol RPC server is listening at /0.0.0.0:39519
2019-08-20 20:11:26,563 [Thread-330] INFO  server.SCMBlockProtocolServer (SCMBlockProtocolServer.java:start(140)) - RPC server for Block Protocol is listening at /0.0.0.0:39519
2019-08-20 20:11:26,564 [IPC Server Responder] INFO  ipc.Server (Server.java:run(1314)) - IPC Server Responder: starting
2019-08-20 20:11:26,564 [IPC Server listener on 39519] INFO  ipc.Server (Server.java:run(1153)) - IPC Server listener on 39519: starting
2019-08-20 20:11:26,568 [Thread-330] INFO  server.StorageContainerManager (StorageContainerManager.java:start(773)) - ScmDatanodeProtocl RPC server is listening at /0.0.0.0:46486
2019-08-20 20:11:26,568 [Thread-330] INFO  server.SCMDatanodeProtocolServer (SCMDatanodeProtocolServer.java:start(191)) - RPC server for DataNodes is listening at /0.0.0.0:46486
2019-08-20 20:11:26,568 [IPC Server Responder] INFO  ipc.Server (Server.java:run(1314)) - IPC Server Responder: starting
2019-08-20 20:11:26,569 [IPC Server listener on 46486] INFO  ipc.Server (Server.java:run(1153)) - IPC Server listener on 46486: starting
2019-08-20 20:11:26,573 [Thread-330] INFO  http.HttpServer2 (HttpServer2.java:bindListener(1191)) - Jetty bound to port 41465
2019-08-20 20:11:26,573 [Thread-330] INFO  server.Server (Server.java:doStart(351)) - jetty-9.3.24.v20180605, build timestamp: 2018-06-05T17:11:56Z, git hash: 84205aa28f11a4f31f2a3b86d1bba2cc8ab69827
2019-08-20 20:11:26,575 [Thread-330] INFO  handler.ContextHandler (ContextHandler.java:doStart(781)) - Started o.e.j.s.ServletContextHandler@1a342722{/logs,file:///workdir/hadoop-ozone/integration-test/target/log,AVAILABLE}
2019-08-20 20:11:26,576 [Thread-330] INFO  handler.ContextHandler (ContextHandler.java:doStart(781)) - Started o.e.j.s.ServletContextHandler@4d2e7c7e{/static,file:///workdir/hadoop-ozone/integration-test/target/test-classes/webapps/static,AVAILABLE}
2019-08-20 20:11:26,581 [Thread-330] INFO  handler.ContextHandler (ContextHandler.java:doStart(781)) - Started o.e.j.w.WebAppContext@37d44f5e{/,file:///workdir/hadoop-ozone/integration-test/target/test-classes/webapps/scm/,AVAILABLE}{/scm}
2019-08-20 20:11:26,582 [Thread-330] INFO  server.AbstractConnector (AbstractConnector.java:doStart(278)) - Started ServerConnector@707ebcec{HTTP/1.1,[http/1.1]}{0.0.0.0:41465}
2019-08-20 20:11:26,583 [Thread-330] INFO  server.Server (Server.java:doStart(419)) - Started @30491ms
2019-08-20 20:11:26,583 [Thread-330] INFO  server.BaseHttpServer (BaseHttpServer.java:updateConnectorAddress(213)) - HTTP server of SCM is listening at http://0.0.0.0:41465
2019-08-20 20:11:26,584 [Thread-330] WARN  server.ServerUtils (ServerUtils.java:getDBPath(222)) - ozone.om.db.dirs is not configured. We recommend adding this setting. Falling back to ozone.metadata.dirs instead.
2019-08-20 20:11:26,585 [org.apache.hadoop.util.JvmPauseMonitor$Monitor@4130470c] INFO  util.JvmPauseMonitor (JvmPauseMonitor.java:run(188)) - Starting JVM pause monitor
2019-08-20 20:11:26,596 [Thread-330] WARN  server.ServerUtils (ServerUtils.java:getDBPath(222)) - ozone.om.db.dirs is not configured. We recommend adding this setting. Falling back to ozone.metadata.dirs instead.
2019-08-20 20:11:26,597 [Thread-330] WARN  server.ServerUtils (ServerUtils.java:getDBPath(222)) - ozone.om.db.dirs is not configured. We recommend adding this setting. Falling back to ozone.metadata.dirs instead.
2019-08-20 20:11:26,597 [Thread-330] INFO  om.OzoneManager (OzoneManager.java:setOMNodeDetails(648)) - OM Service ID is not set. Setting it to the default ID: omServiceIdDefault
2019-08-20 20:11:26,597 [Thread-330] INFO  om.OzoneManager (OzoneManager.java:setOMNodeDetails(654)) - OM Node ID is not set. Setting it to the OmStorage's OmID: bd0357f1-af2d-409e-b031-fbe44de814bd
2019-08-20 20:11:26,597 [Thread-330] INFO  om.OzoneManager (OzoneManager.java:loadOMHAConfigs(605)) - Found matching OM address with OMServiceId: null, OMNodeId: null, RPC Address: localhost:0 and Ratis port: 9872
2019-08-20 20:11:26,603 | INFO  | SCMAudit | user=jenkins1000 | ip=192.168.69.105 | op=GET_SCM_INFO null | ret=SUCCESS |  
2019-08-20 20:11:26,606 [Thread-330] WARN  server.ServerUtils (ServerUtils.java:getDBPath(222)) - ozone.om.db.dirs is not configured. We recommend adding this setting. Falling back to ozone.metadata.dirs instead.
2019-08-20 20:11:26,606 [Thread-330] INFO  db.DBStoreBuilder (DBStoreBuilder.java:addTable(110)) - using custom profile for table: userTable
2019-08-20 20:11:26,606 [Thread-330] INFO  db.DBStoreBuilder (DBStoreBuilder.java:processTables(161)) - Using default column profile:DBProfile.DISK for Table:userTable
2019-08-20 20:11:26,607 [Thread-330] INFO  db.DBStoreBuilder (DBStoreBuilder.java:addTable(110)) - using custom profile for table: volumeTable
2019-08-20 20:11:26,607 [Thread-330] INFO  db.DBStoreBuilder (DBStoreBuilder.java:processTables(161)) - Using default column profile:DBProfile.DISK for Table:volumeTable
2019-08-20 20:11:26,607 [Thread-330] INFO  db.DBStoreBuilder (DBStoreBuilder.java:addTable(110)) - using custom profile for table: bucketTable
2019-08-20 20:11:26,607 [Thread-330] INFO  db.DBStoreBuilder (DBStoreBuilder.java:processTables(161)) - Using default column profile:DBProfile.DISK for Table:bucketTable
2019-08-20 20:11:26,607 [Thread-330] INFO  db.DBStoreBuilder (DBStoreBuilder.java:addTable(110)) - using custom profile for table: keyTable
2019-08-20 20:11:26,607 [Thread-330] INFO  db.DBStoreBuilder (DBStoreBuilder.java:processTables(161)) - Using default column profile:DBProfile.DISK for Table:keyTable
2019-08-20 20:11:26,608 [Thread-330] INFO  db.DBStoreBuilder (DBStoreBuilder.java:addTable(110)) - using custom profile for table: deletedTable
2019-08-20 20:11:26,608 [Thread-330] INFO  db.DBStoreBuilder (DBStoreBuilder.java:processTables(161)) - Using default column profile:DBProfile.DISK for Table:deletedTable
2019-08-20 20:11:26,608 [Thread-330] INFO  db.DBStoreBuilder (DBStoreBuilder.java:addTable(110)) - using custom profile for table: openKeyTable
2019-08-20 20:11:26,608 [Thread-330] INFO  db.DBStoreBuilder (DBStoreBuilder.java:processTables(161)) - Using default column profile:DBProfile.DISK for Table:openKeyTable
2019-08-20 20:11:26,608 [Thread-330] INFO  db.DBStoreBuilder (DBStoreBuilder.java:addTable(110)) - using custom profile for table: s3Table
2019-08-20 20:11:26,608 [Thread-330] INFO  db.DBStoreBuilder (DBStoreBuilder.java:processTables(161)) - Using default column profile:DBProfile.DISK for Table:s3Table
2019-08-20 20:11:26,609 [Thread-330] INFO  db.DBStoreBuilder (DBStoreBuilder.java:addTable(110)) - using custom profile for table: multipartInfoTable
2019-08-20 20:11:26,609 [Thread-330] INFO  db.DBStoreBuilder (DBStoreBuilder.java:processTables(161)) - Using default column profile:DBProfile.DISK for Table:multipartInfoTable
2019-08-20 20:11:26,609 [Thread-330] INFO  db.DBStoreBuilder (DBStoreBuilder.java:addTable(110)) - using custom profile for table: dTokenTable
2019-08-20 20:11:26,609 [Thread-330] INFO  db.DBStoreBuilder (DBStoreBuilder.java:processTables(161)) - Using default column profile:DBProfile.DISK for Table:dTokenTable
2019-08-20 20:11:26,609 [Thread-330] INFO  db.DBStoreBuilder (DBStoreBuilder.java:addTable(110)) - using custom profile for table: s3SecretTable
2019-08-20 20:11:26,609 [Thread-330] INFO  db.DBStoreBuilder (DBStoreBuilder.java:processTables(161)) - Using default column profile:DBProfile.DISK for Table:s3SecretTable
2019-08-20 20:11:26,610 [Thread-330] INFO  db.DBStoreBuilder (DBStoreBuilder.java:addTable(110)) - using custom profile for table: prefixTable
2019-08-20 20:11:26,610 [Thread-330] INFO  db.DBStoreBuilder (DBStoreBuilder.java:processTables(161)) - Using default column profile:DBProfile.DISK for Table:prefixTable
2019-08-20 20:11:26,610 [Thread-330] INFO  db.DBStoreBuilder (DBStoreBuilder.java:addTable(110)) - using custom profile for table: default
2019-08-20 20:11:26,610 [Thread-330] INFO  db.DBStoreBuilder (DBStoreBuilder.java:processTables(167)) - Using default column profile:DBProfile.DISK for Table:default
2019-08-20 20:11:26,610 [Thread-330] INFO  db.DBStoreBuilder (DBStoreBuilder.java:getDbProfile(198)) - Using default options. DBProfile.DISK
2019-08-20 20:11:30,626 [Thread-330] INFO  ipc.CallQueueManager (CallQueueManager.java:<init>(84)) - Using callQueue: class java.util.concurrent.LinkedBlockingQueue, queueCapacity: 2000, scheduler: class org.apache.hadoop.ipc.DefaultRpcScheduler, ipcBackoff: false.
2019-08-20 20:11:30,627 [Socket Reader #1 for port 37821] INFO  ipc.Server (Server.java:run(1074)) - Starting Socket Reader #1 for port 37821
2019-08-20 20:11:30,648 [Thread-330] INFO  om.OzoneManager (OzoneManager.java:start(1259)) - OzoneManager RPC server is listening at localhost/127.0.0.1:37821
2019-08-20 20:11:30,649 [Thread-330] INFO  impl.MetricsSystemImpl (MetricsSystemImpl.java:init(158)) - OzoneManager metrics system started (again)
2019-08-20 20:11:30,650 [IPC Server Responder] INFO  ipc.Server (Server.java:run(1314)) - IPC Server Responder: starting
2019-08-20 20:11:30,650 [IPC Server listener on 37821] INFO  ipc.Server (Server.java:run(1153)) - IPC Server listener on 37821: starting
2019-08-20 20:11:30,656 [Thread-330] INFO  hdfs.DFSUtil (DFSUtil.java:httpServerTemplateForNNAndJN(1641)) - Starting Web-server for ozoneManager at: http://0.0.0.0:0
2019-08-20 20:11:30,658 [Thread-330] INFO  server.AuthenticationFilter (AuthenticationFilter.java:constructSecretProvider(240)) - Unable to initialize FileSignerSecretProvider, falling back to use random secrets.
2019-08-20 20:11:30,658 [Thread-330] WARN  http.HttpRequestLog (HttpRequestLog.java:getRequestLog(97)) - Jetty request log can only be enabled using Log4j
2019-08-20 20:11:30,661 [Thread-330] INFO  http.HttpServer2 (HttpServer2.java:addGlobalFilter(975)) - Added global filter 'safety' (class=org.apache.hadoop.http.HttpServer2$QuotingInputFilter)
2019-08-20 20:11:30,662 [Thread-330] INFO  http.HttpServer2 (HttpServer2.java:addFilter(948)) - Added filter static_user_filter (class=org.apache.hadoop.http.lib.StaticUserWebFilter$StaticUserFilter) to context ozoneManager
2019-08-20 20:11:30,662 [Thread-330] INFO  http.HttpServer2 (HttpServer2.java:addFilter(958)) - Added filter static_user_filter (class=org.apache.hadoop.http.lib.StaticUserWebFilter$StaticUserFilter) to context static
2019-08-20 20:11:30,662 [Thread-330] INFO  http.HttpServer2 (HttpServer2.java:addFilter(958)) - Added filter static_user_filter (class=org.apache.hadoop.http.lib.StaticUserWebFilter$StaticUserFilter) to context logs
2019-08-20 20:11:30,664 [Thread-330] INFO  http.HttpServer2 (HttpServer2.java:bindListener(1191)) - Jetty bound to port 42061
2019-08-20 20:11:30,664 [Thread-330] INFO  server.Server (Server.java:doStart(351)) - jetty-9.3.24.v20180605, build timestamp: 2018-06-05T17:11:56Z, git hash: 84205aa28f11a4f31f2a3b86d1bba2cc8ab69827
2019-08-20 20:11:30,666 [Thread-330] INFO  handler.ContextHandler (ContextHandler.java:doStart(781)) - Started o.e.j.s.ServletContextHandler@3621120d{/logs,file:///workdir/hadoop-ozone/integration-test/target/log,AVAILABLE}
2019-08-20 20:11:30,667 [Thread-330] INFO  handler.ContextHandler (ContextHandler.java:doStart(781)) - Started o.e.j.s.ServletContextHandler@3208fbfb{/static,file:///workdir/hadoop-ozone/integration-test/target/test-classes/webapps/static,AVAILABLE}
2019-08-20 20:11:30,673 [Thread-330] INFO  handler.ContextHandler (ContextHandler.java:doStart(781)) - Started o.e.j.w.WebAppContext@2b9e813a{/,file:///workdir/hadoop-ozone/integration-test/target/test-classes/webapps/ozoneManager/,AVAILABLE}{/ozoneManager}
2019-08-20 20:11:30,674 [Thread-330] INFO  server.AbstractConnector (AbstractConnector.java:doStart(278)) - Started ServerConnector@236da8f1{HTTP/1.1,[http/1.1]}{0.0.0.0:42061}
2019-08-20 20:11:30,675 [Thread-330] INFO  server.Server (Server.java:doStart(419)) - Started @34583ms
2019-08-20 20:11:30,676 [Thread-330] INFO  server.BaseHttpServer (BaseHttpServer.java:updateConnectorAddress(213)) - HTTP server of OZONEMANAGER is listening at http://0.0.0.0:42061
2019-08-20 20:11:30,686 [Thread-330] INFO  impl.MetricsSystemImpl (MetricsSystemImpl.java:init(158)) - HddsDatanode metrics system started (again)
2019-08-20 20:11:30,688 [Thread-330] INFO  ozone.HddsDatanodeService (HddsDatanodeService.java:start(184)) - HddsDatanodeService host:pr-hdds-165-w559s-1850982102 ip:192.168.69.105
2019-08-20 20:11:30,697 [Thread-330] INFO  volume.HddsVolume (HddsVolume.java:<init>(176)) - Creating Volume: /workdir/hadoop-ozone/integration-test/target/test-dir/MiniOzoneClusterImpl-ccd8292b-f2d4-4ee8-aecb-a8ad671d8231/datanode-0/data/containers/hdds of  storage type : DISK and capacity : 1482555576320
2019-08-20 20:11:30,697 [Thread-330] INFO  volume.VolumeSet (VolumeSet.java:initializeVolumeSet(170)) - Added Volume : /workdir/hadoop-ozone/integration-test/target/test-dir/MiniOzoneClusterImpl-ccd8292b-f2d4-4ee8-aecb-a8ad671d8231/datanode-0/data/containers/hdds to VolumeSet
2019-08-20 20:11:30,697 [Thread-330] INFO  volume.ThrottledAsyncChecker (ThrottledAsyncChecker.java:schedule(140)) - Scheduling a check for org.apache.hadoop.ozone.container.common.volume.HddsVolume@55facfa0
2019-08-20 20:11:30,698 [Thread-330] INFO  volume.HddsVolumeChecker (HddsVolumeChecker.java:checkAllVolumes(203)) - Scheduled health check for volume org.apache.hadoop.ozone.container.common.volume.HddsVolume@55facfa0
2019-08-20 20:11:30,717 [Thread-330] INFO  impl.RaftServerProxy (ConfUtils.java:logGet(43)) - raft.rpc.type = GRPC (default)
2019-08-20 20:11:30,717 [Thread-330] INFO  grpc.GrpcFactory (GrpcFactory.java:checkPooledByteBufAllocatorUseCacheForAllThreads(45)) - PERFORMANCE WARNING: useCacheForAllThreads is true that may cause Netty to create a lot garbage objects and, as a result, trigger GC.
	It is recommended to disable useCacheForAllThreads by setting -Dorg.apache.ratis.thirdparty.io.netty.allocator.useCacheForAllThreads=false in command line.
2019-08-20 20:11:30,717 [Thread-330] INFO  grpc.GrpcConfigKeys$Server (ConfUtils.java:logGet(43)) - raft.grpc.server.port = 0 (default)
2019-08-20 20:11:30,718 [Thread-330] INFO  server.GrpcService (ConfUtils.java:logGet(43)) - raft.grpc.message.size.max = 33570816 (custom)
2019-08-20 20:11:30,718 [Thread-330] INFO  server.RaftServerConfigKeys (ConfUtils.java:logGet(43)) - raft.server.log.appender.buffer.byte-limit = 33554432 (custom)
2019-08-20 20:11:30,718 [Thread-330] INFO  server.GrpcService (ConfUtils.java:logGet(43)) - raft.grpc.flow.control.window = 1MB (=1048576) (default)
2019-08-20 20:11:30,718 [Thread-330] INFO  server.RaftServerConfigKeys (ConfUtils.java:logGet(43)) - raft.server.rpc.request.timeout = 3000ms (default)
2019-08-20 20:11:30,719 [Thread-330] INFO  server.RaftServerConfigKeys (ConfUtils.java:logGet(43)) - raft.server.storage.dir = [/workdir/hadoop-ozone/integration-test/target/test-dir/MiniOzoneClusterImpl-ccd8292b-f2d4-4ee8-aecb-a8ad671d8231/datanode-0/data/ratis] (custom)
2019-08-20 20:11:30,720 [Thread-330] INFO  replication.SimpleContainerDownloader (SimpleContainerDownloader.java:<init>(72)) - Starting container downloader service to copy containers to replicate.
2019-08-20 20:11:30,721 [Thread-330] INFO  hdfs.DFSUtil (DFSUtil.java:httpServerTemplateForNNAndJN(1641)) - Starting Web-server for hddsDatanode at: http://0.0.0.0:0
2019-08-20 20:11:30,722 [Thread-330] INFO  server.AuthenticationFilter (AuthenticationFilter.java:constructSecretProvider(240)) - Unable to initialize FileSignerSecretProvider, falling back to use random secrets.
2019-08-20 20:11:30,723 [Thread-330] WARN  http.HttpRequestLog (HttpRequestLog.java:getRequestLog(97)) - Jetty request log can only be enabled using Log4j
2019-08-20 20:11:30,725 [Thread-330] INFO  http.HttpServer2 (HttpServer2.java:addGlobalFilter(975)) - Added global filter 'safety' (class=org.apache.hadoop.http.HttpServer2$QuotingInputFilter)
2019-08-20 20:11:30,726 [Thread-330] INFO  http.HttpServer2 (HttpServer2.java:addFilter(948)) - Added filter static_user_filter (class=org.apache.hadoop.http.lib.StaticUserWebFilter$StaticUserFilter) to context hddsDatanode
2019-08-20 20:11:30,726 [Thread-330] INFO  http.HttpServer2 (HttpServer2.java:addFilter(958)) - Added filter static_user_filter (class=org.apache.hadoop.http.lib.StaticUserWebFilter$StaticUserFilter) to context static
2019-08-20 20:11:30,726 [Thread-330] INFO  http.HttpServer2 (HttpServer2.java:addFilter(958)) - Added filter static_user_filter (class=org.apache.hadoop.http.lib.StaticUserWebFilter$StaticUserFilter) to context logs
2019-08-20 20:11:30,727 [Thread-330] INFO  http.HttpServer2 (HttpServer2.java:bindListener(1191)) - Jetty bound to port 37371
2019-08-20 20:11:30,727 [Thread-330] INFO  server.Server (Server.java:doStart(351)) - jetty-9.3.24.v20180605, build timestamp: 2018-06-05T17:11:56Z, git hash: 84205aa28f11a4f31f2a3b86d1bba2cc8ab69827
2019-08-20 20:11:30,729 [Thread-330] INFO  handler.ContextHandler (ContextHandler.java:doStart(781)) - Started o.e.j.s.ServletContextHandler@59736f9{/logs,file:///workdir/hadoop-ozone/integration-test/target/log,AVAILABLE}
2019-08-20 20:11:30,730 [Thread-330] INFO  handler.ContextHandler (ContextHandler.java:doStart(781)) - Started o.e.j.s.ServletContextHandler@4e569d67{/static,jar:file:/home/user/.m2/repository/org/apache/hadoop/hadoop-hdds-container-service/0.5.0-SNAPSHOT/hadoop-hdds-container-service-0.5.0-SNAPSHOT.jar!/webapps/static,AVAILABLE}
2019-08-20 20:11:30,763 [Thread-330] INFO  handler.ContextHandler (ContextHandler.java:doStart(781)) - Started o.e.j.w.WebAppContext@1b5d821c{/,file:///tmp/jetty-0.0.0.0-37371-hddsDatanode-_-any-3254536197333514062.dir/webapp/,AVAILABLE}{/hddsDatanode}
2019-08-20 20:11:30,763 [Thread-330] INFO  server.AbstractConnector (AbstractConnector.java:doStart(278)) - Started ServerConnector@3d844bee{HTTP/1.1,[http/1.1]}{0.0.0.0:37371}
2019-08-20 20:11:30,764 [Thread-330] INFO  server.Server (Server.java:doStart(419)) - Started @34673ms
2019-08-20 20:11:30,765 [Thread-330] INFO  server.BaseHttpServer (BaseHttpServer.java:updateConnectorAddress(213)) - HTTP server of HDDSDATANODE is listening at http://0.0.0.0:37371
2019-08-20 20:11:30,915 | INFO  | ObjectStoreRestHttpServer | Listening HDDS REST traffic on /0.0.0.0:46483 |  
2019-08-20 20:11:30,915 [Thread-330] INFO  ozone.HddsDatanodeService (HddsDatanodeService.java:startPlugins(395)) - Started plug-in org.apache.hadoop.ozone.web.OzoneHddsDatanodeService@7ddaf7d1
2019-08-20 20:11:30,916 [Thread-330] INFO  impl.MetricsSystemImpl (MetricsSystemImpl.java:init(158)) - HddsDatanode metrics system started (again)
2019-08-20 20:11:30,919 [Thread-330] INFO  ozone.HddsDatanodeService (HddsDatanodeService.java:start(184)) - HddsDatanodeService host:pr-hdds-165-w559s-1850982102 ip:192.168.69.105
2019-08-20 20:11:30,919 [org.apache.hadoop.util.JvmPauseMonitor$Monitor@63ce703f] INFO  util.JvmPauseMonitor (JvmPauseMonitor.java:run(188)) - Starting JVM pause monitor
2019-08-20 20:11:30,922 [Datanode State Machine Thread - 0] INFO  datanode.InitDatanodeState (InitDatanodeState.java:persistContainerDatanodeDetails(140)) - DatanodeDetails is persisted to /workdir/hadoop-ozone/integration-test/target/test-dir/MiniOzoneClusterImpl-ccd8292b-f2d4-4ee8-aecb-a8ad671d8231/datanode-0/meta/datanode.id
2019-08-20 20:11:30,926 [Thread-330] INFO  volume.HddsVolume (HddsVolume.java:<init>(176)) - Creating Volume: /workdir/hadoop-ozone/integration-test/target/test-dir/MiniOzoneClusterImpl-ccd8292b-f2d4-4ee8-aecb-a8ad671d8231/datanode-1/data/containers/hdds of  storage type : DISK and capacity : 1482555576320
2019-08-20 20:11:30,927 [Thread-330] INFO  volume.VolumeSet (VolumeSet.java:initializeVolumeSet(170)) - Added Volume : /workdir/hadoop-ozone/integration-test/target/test-dir/MiniOzoneClusterImpl-ccd8292b-f2d4-4ee8-aecb-a8ad671d8231/datanode-1/data/containers/hdds to VolumeSet
2019-08-20 20:11:30,927 [Thread-330] INFO  volume.ThrottledAsyncChecker (ThrottledAsyncChecker.java:schedule(140)) - Scheduling a check for org.apache.hadoop.ozone.container.common.volume.HddsVolume@24c26c3b
2019-08-20 20:11:30,927 [Thread-330] INFO  volume.HddsVolumeChecker (HddsVolumeChecker.java:checkAllVolumes(203)) - Scheduled health check for volume org.apache.hadoop.ozone.container.common.volume.HddsVolume@24c26c3b
2019-08-20 20:11:30,942 [Thread-330] INFO  impl.RaftServerProxy (ConfUtils.java:logGet(43)) - raft.rpc.type = GRPC (default)
2019-08-20 20:11:30,942 [Thread-330] INFO  grpc.GrpcFactory (GrpcFactory.java:checkPooledByteBufAllocatorUseCacheForAllThreads(45)) - PERFORMANCE WARNING: useCacheForAllThreads is true that may cause Netty to create a lot garbage objects and, as a result, trigger GC.
	It is recommended to disable useCacheForAllThreads by setting -Dorg.apache.ratis.thirdparty.io.netty.allocator.useCacheForAllThreads=false in command line.
2019-08-20 20:11:30,942 [Thread-330] INFO  grpc.GrpcConfigKeys$Server (ConfUtils.java:logGet(43)) - raft.grpc.server.port = 0 (default)
2019-08-20 20:11:30,942 [Thread-330] INFO  server.GrpcService (ConfUtils.java:logGet(43)) - raft.grpc.message.size.max = 33570816 (custom)
2019-08-20 20:11:30,942 [Thread-330] INFO  server.RaftServerConfigKeys (ConfUtils.java:logGet(43)) - raft.server.log.appender.buffer.byte-limit = 33554432 (custom)
2019-08-20 20:11:30,943 [Thread-330] INFO  server.GrpcService (ConfUtils.java:logGet(43)) - raft.grpc.flow.control.window = 1MB (=1048576) (default)
2019-08-20 20:11:30,943 [Thread-330] INFO  server.RaftServerConfigKeys (ConfUtils.java:logGet(43)) - raft.server.rpc.request.timeout = 3000ms (default)
2019-08-20 20:11:30,943 [Thread-330] INFO  server.RaftServerConfigKeys (ConfUtils.java:logGet(43)) - raft.server.storage.dir = [/workdir/hadoop-ozone/integration-test/target/test-dir/MiniOzoneClusterImpl-ccd8292b-f2d4-4ee8-aecb-a8ad671d8231/datanode-1/data/ratis] (custom)
2019-08-20 20:11:30,944 [Thread-330] INFO  replication.SimpleContainerDownloader (SimpleContainerDownloader.java:<init>(72)) - Starting container downloader service to copy containers to replicate.
2019-08-20 20:11:30,945 [Thread-330] INFO  hdfs.DFSUtil (DFSUtil.java:httpServerTemplateForNNAndJN(1641)) - Starting Web-server for hddsDatanode at: http://0.0.0.0:0
2019-08-20 20:11:30,946 [Thread-330] INFO  server.AuthenticationFilter (AuthenticationFilter.java:constructSecretProvider(240)) - Unable to initialize FileSignerSecretProvider, falling back to use random secrets.
2019-08-20 20:11:30,947 [Thread-330] WARN  http.HttpRequestLog (HttpRequestLog.java:getRequestLog(97)) - Jetty request log can only be enabled using Log4j
2019-08-20 20:11:30,948 [Thread-330] INFO  http.HttpServer2 (HttpServer2.java:addGlobalFilter(975)) - Added global filter 'safety' (class=org.apache.hadoop.http.HttpServer2$QuotingInputFilter)
2019-08-20 20:11:30,949 [Thread-330] INFO  http.HttpServer2 (HttpServer2.java:addFilter(948)) - Added filter static_user_filter (class=org.apache.hadoop.http.lib.StaticUserWebFilter$StaticUserFilter) to context hddsDatanode
2019-08-20 20:11:30,949 [Thread-330] INFO  http.HttpServer2 (HttpServer2.java:addFilter(958)) - Added filter static_user_filter (class=org.apache.hadoop.http.lib.StaticUserWebFilter$StaticUserFilter) to context static
2019-08-20 20:11:30,949 [Thread-330] INFO  http.HttpServer2 (HttpServer2.java:addFilter(958)) - Added filter static_user_filter (class=org.apache.hadoop.http.lib.StaticUserWebFilter$StaticUserFilter) to context logs
2019-08-20 20:11:30,949 [Thread-330] INFO  http.HttpServer2 (HttpServer2.java:bindListener(1191)) - Jetty bound to port 46882
2019-08-20 20:11:30,950 [Thread-330] INFO  server.Server (Server.java:doStart(351)) - jetty-9.3.24.v20180605, build timestamp: 2018-06-05T17:11:56Z, git hash: 84205aa28f11a4f31f2a3b86d1bba2cc8ab69827
2019-08-20 20:11:30,952 [Thread-330] INFO  handler.ContextHandler (ContextHandler.java:doStart(781)) - Started o.e.j.s.ServletContextHandler@153569cb{/logs,file:///workdir/hadoop-ozone/integration-test/target/log,AVAILABLE}
2019-08-20 20:11:30,952 [Thread-330] INFO  handler.ContextHandler (ContextHandler.java:doStart(781)) - Started o.e.j.s.ServletContextHandler@76512db5{/static,jar:file:/home/user/.m2/repository/org/apache/hadoop/hadoop-hdds-container-service/0.5.0-SNAPSHOT/hadoop-hdds-container-service-0.5.0-SNAPSHOT.jar!/webapps/static,AVAILABLE}
2019-08-20 20:11:30,980 [Thread-330] INFO  handler.ContextHandler (ContextHandler.java:doStart(781)) - Started o.e.j.w.WebAppContext@54dbf4d9{/,file:///tmp/jetty-0.0.0.0-46882-hddsDatanode-_-any-3874786824033436452.dir/webapp/,AVAILABLE}{/hddsDatanode}
2019-08-20 20:11:30,980 [Thread-330] INFO  server.AbstractConnector (AbstractConnector.java:doStart(278)) - Started ServerConnector@7f145670{HTTP/1.1,[http/1.1]}{0.0.0.0:46882}
2019-08-20 20:11:30,981 [Thread-330] INFO  server.Server (Server.java:doStart(419)) - Started @34890ms
2019-08-20 20:11:30,981 [Thread-330] INFO  server.BaseHttpServer (BaseHttpServer.java:updateConnectorAddress(213)) - HTTP server of HDDSDATANODE is listening at http://0.0.0.0:46882
2019-08-20 20:11:31,109 | INFO  | ObjectStoreRestHttpServer | Listening HDDS REST traffic on /0.0.0.0:39123 |  
2019-08-20 20:11:31,109 [Thread-330] INFO  ozone.HddsDatanodeService (HddsDatanodeService.java:startPlugins(395)) - Started plug-in org.apache.hadoop.ozone.web.OzoneHddsDatanodeService@208bd81
2019-08-20 20:11:31,110 [Thread-330] INFO  impl.MetricsSystemImpl (MetricsSystemImpl.java:init(158)) - HddsDatanode metrics system started (again)
2019-08-20 20:11:31,113 [Thread-330] INFO  ozone.HddsDatanodeService (HddsDatanodeService.java:start(184)) - HddsDatanodeService host:pr-hdds-165-w559s-1850982102 ip:192.168.69.105
2019-08-20 20:11:31,114 [org.apache.hadoop.util.JvmPauseMonitor$Monitor@60f75702] INFO  util.JvmPauseMonitor (JvmPauseMonitor.java:run(188)) - Starting JVM pause monitor
2019-08-20 20:11:31,116 [Datanode State Machine Thread - 0] INFO  datanode.InitDatanodeState (InitDatanodeState.java:persistContainerDatanodeDetails(140)) - DatanodeDetails is persisted to /workdir/hadoop-ozone/integration-test/target/test-dir/MiniOzoneClusterImpl-ccd8292b-f2d4-4ee8-aecb-a8ad671d8231/datanode-1/meta/datanode.id
2019-08-20 20:11:31,121 [Thread-330] INFO  volume.HddsVolume (HddsVolume.java:<init>(176)) - Creating Volume: /workdir/hadoop-ozone/integration-test/target/test-dir/MiniOzoneClusterImpl-ccd8292b-f2d4-4ee8-aecb-a8ad671d8231/datanode-2/data/containers/hdds of  storage type : DISK and capacity : 1482555576320
2019-08-20 20:11:31,121 [Thread-330] INFO  volume.VolumeSet (VolumeSet.java:initializeVolumeSet(170)) - Added Volume : /workdir/hadoop-ozone/integration-test/target/test-dir/MiniOzoneClusterImpl-ccd8292b-f2d4-4ee8-aecb-a8ad671d8231/datanode-2/data/containers/hdds to VolumeSet
2019-08-20 20:11:31,121 [Thread-330] INFO  volume.ThrottledAsyncChecker (ThrottledAsyncChecker.java:schedule(140)) - Scheduling a check for org.apache.hadoop.ozone.container.common.volume.HddsVolume@176e347f
2019-08-20 20:11:31,122 [Thread-330] INFO  volume.HddsVolumeChecker (HddsVolumeChecker.java:checkAllVolumes(203)) - Scheduled health check for volume org.apache.hadoop.ozone.container.common.volume.HddsVolume@176e347f
2019-08-20 20:11:31,136 [Thread-330] INFO  impl.RaftServerProxy (ConfUtils.java:logGet(43)) - raft.rpc.type = GRPC (default)
2019-08-20 20:11:31,137 [Thread-330] INFO  grpc.GrpcFactory (GrpcFactory.java:checkPooledByteBufAllocatorUseCacheForAllThreads(45)) - PERFORMANCE WARNING: useCacheForAllThreads is true that may cause Netty to create a lot garbage objects and, as a result, trigger GC.
	It is recommended to disable useCacheForAllThreads by setting -Dorg.apache.ratis.thirdparty.io.netty.allocator.useCacheForAllThreads=false in command line.
2019-08-20 20:11:31,137 [Thread-330] INFO  grpc.GrpcConfigKeys$Server (ConfUtils.java:logGet(43)) - raft.grpc.server.port = 0 (default)
2019-08-20 20:11:31,137 [Thread-330] INFO  server.GrpcService (ConfUtils.java:logGet(43)) - raft.grpc.message.size.max = 33570816 (custom)
2019-08-20 20:11:31,137 [Thread-330] INFO  server.RaftServerConfigKeys (ConfUtils.java:logGet(43)) - raft.server.log.appender.buffer.byte-limit = 33554432 (custom)
2019-08-20 20:11:31,137 [Thread-330] INFO  server.GrpcService (ConfUtils.java:logGet(43)) - raft.grpc.flow.control.window = 1MB (=1048576) (default)
2019-08-20 20:11:31,137 [Thread-330] INFO  server.RaftServerConfigKeys (ConfUtils.java:logGet(43)) - raft.server.rpc.request.timeout = 3000ms (default)
2019-08-20 20:11:31,138 [Thread-330] INFO  server.RaftServerConfigKeys (ConfUtils.java:logGet(43)) - raft.server.storage.dir = [/workdir/hadoop-ozone/integration-test/target/test-dir/MiniOzoneClusterImpl-ccd8292b-f2d4-4ee8-aecb-a8ad671d8231/datanode-2/data/ratis] (custom)
2019-08-20 20:11:31,138 [Thread-330] INFO  replication.SimpleContainerDownloader (SimpleContainerDownloader.java:<init>(72)) - Starting container downloader service to copy containers to replicate.
2019-08-20 20:11:31,140 [Thread-330] INFO  hdfs.DFSUtil (DFSUtil.java:httpServerTemplateForNNAndJN(1641)) - Starting Web-server for hddsDatanode at: http://0.0.0.0:0
2019-08-20 20:11:31,141 [Thread-330] INFO  server.AuthenticationFilter (AuthenticationFilter.java:constructSecretProvider(240)) - Unable to initialize FileSignerSecretProvider, falling back to use random secrets.
2019-08-20 20:11:31,141 [Thread-330] WARN  http.HttpRequestLog (HttpRequestLog.java:getRequestLog(97)) - Jetty request log can only be enabled using Log4j
2019-08-20 20:11:31,143 [Thread-330] INFO  http.HttpServer2 (HttpServer2.java:addGlobalFilter(975)) - Added global filter 'safety' (class=org.apache.hadoop.http.HttpServer2$QuotingInputFilter)
2019-08-20 20:11:31,143 [Thread-330] INFO  http.HttpServer2 (HttpServer2.java:addFilter(948)) - Added filter static_user_filter (class=org.apache.hadoop.http.lib.StaticUserWebFilter$StaticUserFilter) to context hddsDatanode
2019-08-20 20:11:31,143 [Thread-330] INFO  http.HttpServer2 (HttpServer2.java:addFilter(958)) - Added filter static_user_filter (class=org.apache.hadoop.http.lib.StaticUserWebFilter$StaticUserFilter) to context logs
2019-08-20 20:11:31,143 [Thread-330] INFO  http.HttpServer2 (HttpServer2.java:addFilter(958)) - Added filter static_user_filter (class=org.apache.hadoop.http.lib.StaticUserWebFilter$StaticUserFilter) to context static
2019-08-20 20:11:31,144 [Thread-330] INFO  http.HttpServer2 (HttpServer2.java:bindListener(1191)) - Jetty bound to port 34328
2019-08-20 20:11:31,144 [Thread-330] INFO  server.Server (Server.java:doStart(351)) - jetty-9.3.24.v20180605, build timestamp: 2018-06-05T17:11:56Z, git hash: 84205aa28f11a4f31f2a3b86d1bba2cc8ab69827
2019-08-20 20:11:31,146 [Thread-330] INFO  handler.ContextHandler (ContextHandler.java:doStart(781)) - Started o.e.j.s.ServletContextHandler@42067461{/logs,file:///workdir/hadoop-ozone/integration-test/target/log,AVAILABLE}
2019-08-20 20:11:31,146 [Thread-330] INFO  handler.ContextHandler (ContextHandler.java:doStart(781)) - Started o.e.j.s.ServletContextHandler@5795e13f{/static,jar:file:/home/user/.m2/repository/org/apache/hadoop/hadoop-hdds-container-service/0.5.0-SNAPSHOT/hadoop-hdds-container-service-0.5.0-SNAPSHOT.jar!/webapps/static,AVAILABLE}
2019-08-20 20:11:31,174 [Thread-330] INFO  handler.ContextHandler (ContextHandler.java:doStart(781)) - Started o.e.j.w.WebAppContext@7eda1fe0{/,file:///tmp/jetty-0.0.0.0-34328-hddsDatanode-_-any-5133845875887779927.dir/webapp/,AVAILABLE}{/hddsDatanode}
2019-08-20 20:11:31,174 [Thread-330] INFO  server.AbstractConnector (AbstractConnector.java:doStart(278)) - Started ServerConnector@540165ef{HTTP/1.1,[http/1.1]}{0.0.0.0:34328}
2019-08-20 20:11:31,175 [Thread-330] INFO  server.Server (Server.java:doStart(419)) - Started @35084ms
2019-08-20 20:11:31,176 [Thread-330] INFO  server.BaseHttpServer (BaseHttpServer.java:updateConnectorAddress(213)) - HTTP server of HDDSDATANODE is listening at http://0.0.0.0:34328
2019-08-20 20:11:31,304 | INFO  | ObjectStoreRestHttpServer | Listening HDDS REST traffic on /0.0.0.0:44955 |  
2019-08-20 20:11:31,305 [Thread-330] INFO  ozone.HddsDatanodeService (HddsDatanodeService.java:startPlugins(395)) - Started plug-in org.apache.hadoop.ozone.web.OzoneHddsDatanodeService@734555cb
2019-08-20 20:11:31,305 [Thread-330] INFO  ozone.MiniOzoneClusterImpl (MiniOzoneClusterImpl.java:lambda$waitForClusterToBeReady$0(142)) - Waiting for cluster to be ready. Got 0 of 3 DN Heartbeats.
2019-08-20 20:11:31,308 [org.apache.hadoop.util.JvmPauseMonitor$Monitor@3fa9328d] INFO  util.JvmPauseMonitor (JvmPauseMonitor.java:run(188)) - Starting JVM pause monitor
2019-08-20 20:11:31,311 [Datanode State Machine Thread - 0] INFO  datanode.InitDatanodeState (InitDatanodeState.java:persistContainerDatanodeDetails(140)) - DatanodeDetails is persisted to /workdir/hadoop-ozone/integration-test/target/test-dir/MiniOzoneClusterImpl-ccd8292b-f2d4-4ee8-aecb-a8ad671d8231/datanode-2/meta/datanode.id
2019-08-20 20:11:32,305 [Thread-330] INFO  ozone.MiniOzoneClusterImpl (MiniOzoneClusterImpl.java:lambda$waitForClusterToBeReady$0(142)) - Waiting for cluster to be ready. Got 0 of 3 DN Heartbeats.
2019-08-20 20:11:32,925 | INFO  | SCMAudit | user=jenkins1000 | ip=192.168.69.105 | op=GET_VERSION null | ret=SUCCESS |  
2019-08-20 20:11:32,941 [Datanode State Machine Thread - 0] INFO  ozoneimpl.OzoneContainer (OzoneContainer.java:start(186)) - Attempting to start container services.
2019-08-20 20:11:32,943 [Datanode State Machine Thread - 0] INFO  ozoneimpl.OzoneContainer (OzoneContainer.java:startContainerScrub(160)) - Background container scrubber has been disabled by hdds.containerscrub.enabled
2019-08-20 20:11:32,943 [Datanode State Machine Thread - 0] INFO  ratis.XceiverServerRatis (XceiverServerRatis.java:start(404)) - Starting XceiverServerRatis e2a48b6b-f66b-4b37-8155-ad5a694a0f88 at port 0
2019-08-20 20:11:32,951 [Datanode State Machine Thread - 0] INFO  impl.RaftServerProxy (RaftServerProxy.java:lambda$start$3(299)) - e2a48b6b-f66b-4b37-8155-ad5a694a0f88: start RPC server
2019-08-20 20:11:32,955 [Datanode State Machine Thread - 0] INFO  server.GrpcService (GrpcService.java:startImpl(149)) - e2a48b6b-f66b-4b37-8155-ad5a694a0f88: GrpcService started, listening on 0.0.0.0/0.0.0.0:39746
2019-08-20 20:11:32,955 [Datanode State Machine Thread - 0] INFO  ratis.XceiverServerRatis (XceiverServerRatis.java:start(414)) - XceiverServerRatis e2a48b6b-f66b-4b37-8155-ad5a694a0f88 is started using port 39746
2019-08-20 20:11:32,956 [Datanode State Machine Thread - 0] INFO  server.XceiverServerGrpc (XceiverServerGrpc.java:start(161)) - XceiverServerGrpc e2a48b6b-f66b-4b37-8155-ad5a694a0f88 is started using port 41205
2019-08-20 20:11:33,115 | INFO  | SCMAudit | user=jenkins1000 | ip=192.168.69.105 | op=GET_VERSION null | ret=SUCCESS |  
2019-08-20 20:11:33,144 [Datanode State Machine Thread - 0] INFO  ozoneimpl.OzoneContainer (OzoneContainer.java:start(186)) - Attempting to start container services.
2019-08-20 20:11:33,146 [Datanode State Machine Thread - 0] INFO  ozoneimpl.OzoneContainer (OzoneContainer.java:startContainerScrub(160)) - Background container scrubber has been disabled by hdds.containerscrub.enabled
2019-08-20 20:11:33,147 [Datanode State Machine Thread - 0] INFO  ratis.XceiverServerRatis (XceiverServerRatis.java:start(404)) - Starting XceiverServerRatis b22fd927-fbd8-4183-93bf-a63ecd3c86e6 at port 0
2019-08-20 20:11:33,157 [Datanode State Machine Thread - 0] INFO  impl.RaftServerProxy (RaftServerProxy.java:lambda$start$3(299)) - b22fd927-fbd8-4183-93bf-a63ecd3c86e6: start RPC server
2019-08-20 20:11:33,158 [Datanode State Machine Thread - 0] INFO  server.GrpcService (GrpcService.java:startImpl(149)) - b22fd927-fbd8-4183-93bf-a63ecd3c86e6: GrpcService started, listening on 0.0.0.0/0.0.0.0:37799
2019-08-20 20:11:33,158 [Datanode State Machine Thread - 0] INFO  ratis.XceiverServerRatis (XceiverServerRatis.java:start(414)) - XceiverServerRatis b22fd927-fbd8-4183-93bf-a63ecd3c86e6 is started using port 37799
2019-08-20 20:11:33,159 [Datanode State Machine Thread - 0] INFO  server.XceiverServerGrpc (XceiverServerGrpc.java:start(161)) - XceiverServerGrpc b22fd927-fbd8-4183-93bf-a63ecd3c86e6 is started using port 34415
2019-08-20 20:11:33,306 [Thread-330] INFO  ozone.MiniOzoneClusterImpl (MiniOzoneClusterImpl.java:lambda$waitForClusterToBeReady$0(142)) - Waiting for cluster to be ready. Got 0 of 3 DN Heartbeats.
2019-08-20 20:11:33,309 | INFO  | SCMAudit | user=jenkins1000 | ip=192.168.69.105 | op=GET_VERSION null | ret=SUCCESS |  
2019-08-20 20:11:33,324 [Datanode State Machine Thread - 0] INFO  ozoneimpl.OzoneContainer (OzoneContainer.java:start(186)) - Attempting to start container services.
2019-08-20 20:11:33,326 [Datanode State Machine Thread - 0] INFO  ozoneimpl.OzoneContainer (OzoneContainer.java:startContainerScrub(160)) - Background container scrubber has been disabled by hdds.containerscrub.enabled
2019-08-20 20:11:33,326 [Datanode State Machine Thread - 0] INFO  ratis.XceiverServerRatis (XceiverServerRatis.java:start(404)) - Starting XceiverServerRatis 9c9e885b-70a3-4219-a375-4b42d50f0932 at port 0
2019-08-20 20:11:33,336 [Datanode State Machine Thread - 0] INFO  impl.RaftServerProxy (RaftServerProxy.java:lambda$start$3(299)) - 9c9e885b-70a3-4219-a375-4b42d50f0932: start RPC server
2019-08-20 20:11:33,342 [Datanode State Machine Thread - 0] INFO  server.GrpcService (GrpcService.java:startImpl(149)) - 9c9e885b-70a3-4219-a375-4b42d50f0932: GrpcService started, listening on 0.0.0.0/0.0.0.0:40714
2019-08-20 20:11:33,342 [Datanode State Machine Thread - 0] INFO  ratis.XceiverServerRatis (XceiverServerRatis.java:start(414)) - XceiverServerRatis 9c9e885b-70a3-4219-a375-4b42d50f0932 is started using port 40714
2019-08-20 20:11:33,343 [Datanode State Machine Thread - 0] INFO  server.XceiverServerGrpc (XceiverServerGrpc.java:start(161)) - XceiverServerGrpc 9c9e885b-70a3-4219-a375-4b42d50f0932 is started using port 32842
2019-08-20 20:11:34,306 [Thread-330] INFO  ozone.MiniOzoneClusterImpl (MiniOzoneClusterImpl.java:lambda$waitForClusterToBeReady$0(142)) - Waiting for cluster to be ready. Got 0 of 3 DN Heartbeats.
2019-08-20 20:11:34,925 [IPC Server handler 0 on 46486] INFO  net.NetworkTopology (NetworkTopologyImpl.java:add(110)) - Added a new node: /default-rack/e2a48b6b-f66b-4b37-8155-ad5a694a0f88
2019-08-20 20:11:34,927 [IPC Server handler 0 on 46486] INFO  node.SCMNodeManager (SCMNodeManager.java:register(273)) - Registered Data node : e2a48b6b-f66b-4b37-8155-ad5a694a0f88{ip: 192.168.69.105, host: pr-hdds-165-w559s-1850982102, networkLocation: /default-rack, certSerialId: null}
2019-08-20 20:11:34,930 [EventQueue-NodeRegistrationContainerReportForDataNodeSafeModeRule] INFO  safemode.SCMSafeModeManager (DataNodeSafeModeRule.java:process(71)) - SCM in safe mode. 1 DataNodes registered, 1 required.
2019-08-20 20:11:34,932 [EventQueue-NodeRegistrationContainerReportForDataNodeSafeModeRule] INFO  safemode.SCMSafeModeManager (SCMSafeModeManager.java:validateSafeModeExitRules(177)) - ScmSafeModeManager, all rules are successfully validated
2019-08-20 20:11:34,932 [EventQueue-NodeRegistrationContainerReportForDataNodeSafeModeRule] INFO  safemode.SCMSafeModeManager (SCMSafeModeManager.java:exitSafeMode(193)) - SCM exiting safe mode.
2019-08-20 20:11:34,932 | INFO  | SCMAudit | user=jenkins1000 | ip=192.168.69.105 | op=REGISTER {datanodeDetails=e2a48b6b-f66b-4b37-8155-ad5a694a0f88{ip: 192.168.69.105, host: pr-hdds-165-w559s-1850982102, networkLocation: /default-rack, certSerialId: null}} | ret=SUCCESS |  
2019-08-20 20:11:34,961 [grpc-default-executor-0] INFO  impl.RaftServerProxy (RaftServerProxy.java:addNew(89)) - e2a48b6b-f66b-4b37-8155-ad5a694a0f88: addNew group-15E1C96DF128:[e2a48b6b-f66b-4b37-8155-ad5a694a0f88:192.168.69.105:39746] returns group-15E1C96DF128:java.util.concurrent.CompletableFuture@4aa6b16[Not completed]
2019-08-20 20:11:34,963 [pool-113-thread-1] INFO  impl.RaftServerImpl (RaftServerImpl.java:<init>(93)) - e2a48b6b-f66b-4b37-8155-ad5a694a0f88: new RaftServerImpl for group-15E1C96DF128:[e2a48b6b-f66b-4b37-8155-ad5a694a0f88:192.168.69.105:39746] with ContainerStateMachine:uninitialized
2019-08-20 20:11:34,965 [pool-113-thread-1] INFO  server.RaftServerConfigKeys (ConfUtils.java:logGet(43)) - raft.server.rpc.timeout.min = 5s (custom)
2019-08-20 20:11:34,965 [pool-113-thread-1] INFO  server.RaftServerConfigKeys (ConfUtils.java:logGet(43)) - raft.server.rpc.timeout.max = 5200ms (custom)
2019-08-20 20:11:34,965 [pool-113-thread-1] INFO  server.RaftServerConfigKeys (ConfUtils.java:logGet(43)) - raft.server.rpcslowness.timeout = 120s (custom)
2019-08-20 20:11:34,965 [pool-113-thread-1] INFO  server.RaftServerConfigKeys (ConfUtils.java:logGet(43)) - raft.server.sleep.deviation.threshold = 300 (default)
2019-08-20 20:11:34,965 [pool-113-thread-1] INFO  server.RaftServerConfigKeys (ConfUtils.java:logGet(43)) - raft.server.log.appender.install.snapshot.enabled = false (custom)
2019-08-20 20:11:34,966 [pool-113-thread-1] INFO  impl.RaftServerImpl (ServerState.java:<init>(105)) - e2a48b6b-f66b-4b37-8155-ad5a694a0f88:group-15E1C96DF128 ConfigurationManager, init=-1: [e2a48b6b-f66b-4b37-8155-ad5a694a0f88:192.168.69.105:39746], old=null, confs=<EMPTY_MAP>
2019-08-20 20:11:34,966 [pool-113-thread-1] INFO  server.RaftServerConfigKeys (ConfUtils.java:logGet(43)) - raft.server.storage.dir = [/workdir/hadoop-ozone/integration-test/target/test-dir/MiniOzoneClusterImpl-ccd8292b-f2d4-4ee8-aecb-a8ad671d8231/datanode-0/data/ratis] (custom)
2019-08-20 20:11:34,967 [pool-113-thread-1] INFO  storage.RaftStorageDirectory (RaftStorageDirectory.java:analyzeStorage(246)) - The storage directory /workdir/hadoop-ozone/integration-test/target/test-dir/MiniOzoneClusterImpl-ccd8292b-f2d4-4ee8-aecb-a8ad671d8231/datanode-0/data/ratis/858ac3e9-5852-4db0-9c44-15e1c96df128 does not exist. Creating ...
2019-08-20 20:11:34,992 [pool-113-thread-1] INFO  storage.RaftStorageDirectory (RaftStorageDirectory.java:tryLock(328)) - Lock on /workdir/hadoop-ozone/integration-test/target/test-dir/MiniOzoneClusterImpl-ccd8292b-f2d4-4ee8-aecb-a8ad671d8231/datanode-0/data/ratis/858ac3e9-5852-4db0-9c44-15e1c96df128/in_use.lock acquired by nodename 22905@pr-hdds-165-w559s-1850982102
2019-08-20 20:11:35,006 [pool-113-thread-1] INFO  storage.RaftStorage (RaftStorage.java:format(72)) - Storage directory /workdir/hadoop-ozone/integration-test/target/test-dir/MiniOzoneClusterImpl-ccd8292b-f2d4-4ee8-aecb-a8ad671d8231/datanode-0/data/ratis/858ac3e9-5852-4db0-9c44-15e1c96df128 has been successfully formatted.
2019-08-20 20:11:35,006 [pool-113-thread-1] INFO  ratis.ContainerStateMachine (ContainerStateMachine.java:loadSnapshot(226)) - group-15E1C96DF128: The snapshot info is null. Setting the last applied indexto:(t:0, i:~)
2019-08-20 20:11:35,006 [pool-113-thread-1] INFO  server.RaftServerConfigKeys (ConfUtils.java:logGet(43)) - raft.server.leader.election.timeout = 120s (custom)
2019-08-20 20:11:35,006 [pool-113-thread-1] INFO  server.RaftServerConfigKeys (ConfUtils.java:logGet(43)) - raft.server.log.use.memory = false (default)
2019-08-20 20:11:35,007 [pool-113-thread-1] INFO  server.RaftServerConfigKeys (ConfUtils.java:logGet(43)) - raft.server.log.purge.gap = 1000000 (custom)
2019-08-20 20:11:35,007 [pool-113-thread-1] INFO  server.RaftServerConfigKeys (ConfUtils.java:logGet(43)) - raft.server.log.appender.buffer.byte-limit = 33554432 (custom)
2019-08-20 20:11:35,007 [pool-113-thread-1] INFO  server.RaftServerConfigKeys (ConfUtils.java:logGet(43)) - raft.server.log.segment.size.max = 1048576 (custom)
2019-08-20 20:11:35,007 [pool-113-thread-1] INFO  server.RaftServerConfigKeys (ConfUtils.java:logGet(43)) - raft.server.log.segment.cache.num.max = 2 (custom)
2019-08-20 20:11:35,007 [pool-113-thread-1] INFO  segmented.SegmentedRaftLogWorker (SegmentedRaftLogWorker.java:<init>(172)) - new e2a48b6b-f66b-4b37-8155-ad5a694a0f88-SegmentedRaftLogWorker:Storage Directory /workdir/hadoop-ozone/integration-test/target/test-dir/MiniOzoneClusterImpl-ccd8292b-f2d4-4ee8-aecb-a8ad671d8231/datanode-0/data/ratis/858ac3e9-5852-4db0-9c44-15e1c96df128 for RaftStorage:Storage Directory /workdir/hadoop-ozone/integration-test/target/test-dir/MiniOzoneClusterImpl-ccd8292b-f2d4-4ee8-aecb-a8ad671d8231/datanode-0/data/ratis/858ac3e9-5852-4db0-9c44-15e1c96df128
2019-08-20 20:11:35,008 [pool-113-thread-1] INFO  server.RaftServerConfigKeys (ConfUtils.java:logGet(43)) - raft.server.log.queue.byte-limit = 2147483647 (custom)
2019-08-20 20:11:35,008 [pool-113-thread-1] INFO  server.RaftServerConfigKeys (ConfUtils.java:logGet(43)) - raft.server.log.queue.element-limit = 1024 (custom)
2019-08-20 20:11:35,008 [pool-113-thread-1] INFO  server.RaftServerConfigKeys (ConfUtils.java:logGet(43)) - raft.server.log.segment.size.max = 1048576 (custom)
2019-08-20 20:11:35,009 [pool-113-thread-1] INFO  server.RaftServerConfigKeys (ConfUtils.java:logGet(43)) - raft.server.log.preallocated.size = 16384 (custom)
2019-08-20 20:11:35,009 [pool-113-thread-1] INFO  server.RaftServerConfigKeys (ConfUtils.java:logGet(43)) - raft.server.log.write.buffer.size = 33554432 (custom)
2019-08-20 20:11:35,009 [pool-113-thread-1] INFO  server.RaftServerConfigKeys (ConfUtils.java:logGet(43)) - raft.server.log.force.sync.num = 128 (default)
2019-08-20 20:11:35,009 [pool-113-thread-1] INFO  server.RaftServerConfigKeys (ConfUtils.java:logGet(43)) - raft.server.log.statemachine.data.sync = true (default)
2019-08-20 20:11:35,009 [pool-113-thread-1] INFO  server.RaftServerConfigKeys (ConfUtils.java:logGet(43)) - raft.server.log.statemachine.data.sync.timeout = 10s (default)
2019-08-20 20:11:35,009 [pool-113-thread-1] INFO  server.RaftServerConfigKeys (ConfUtils.java:logGet(43)) - raft.server.log.statemachine.data.sync.timeout.retry = -1 (default)
2019-08-20 20:11:35,010 [pool-113-thread-1] INFO  server.RaftServerConfigKeys (ConfUtils.java:logGet(43)) - raft.server.log.statemachine.data.caching.enabled = true (custom)
2019-08-20 20:11:35,010 [pool-113-thread-1] INFO  segmented.SegmentedRaftLogWorker (SegmentedRaftLogWorker.java:lambda$new$0(132)) - e2a48b6b-f66b-4b37-8155-ad5a694a0f88-SegmentedRaftLogWorker:Storage Directory /workdir/hadoop-ozone/integration-test/target/test-dir/MiniOzoneClusterImpl-ccd8292b-f2d4-4ee8-aecb-a8ad671d8231/datanode-0/data/ratis/858ac3e9-5852-4db0-9c44-15e1c96df128: flushIndex: setUnconditionally 0 -> -1
2019-08-20 20:11:35,011 [pool-113-thread-1] INFO  server.RaftServerConfigKeys (ConfUtils.java:logGet(43)) - raft.server.snapshot.auto.trigger.enabled = true (custom)
2019-08-20 20:11:35,011 [pool-113-thread-1] INFO  server.RaftServerConfigKeys (ConfUtils.java:logGet(43)) - raft.server.snapshot.auto.trigger.threshold = 10000 (custom)
2019-08-20 20:11:35,011 [pool-113-thread-1] INFO  server.RaftServerConfigKeys (ConfUtils.java:logGet(43)) - raft.server.retrycache.expirytime = 600000ms (custom)
2019-08-20 20:11:35,012 [pool-113-thread-1] INFO  impl.RaftServerImpl (RaftServerImpl.java:start(180)) - e2a48b6b-f66b-4b37-8155-ad5a694a0f88: start group-15E1C96DF128
2019-08-20 20:11:35,012 [pool-113-thread-1] INFO  impl.RaftServerImpl (RaftServerImpl.java:setRole(171)) - e2a48b6b-f66b-4b37-8155-ad5a694a0f88:group-15E1C96DF128 changes role from null to FOLLOWER at term 0 for startAsFollower
2019-08-20 20:11:35,012 [pool-113-thread-1] INFO  impl.RoleInfo (RoleInfo.java:updateAndGet(143)) - e2a48b6b-f66b-4b37-8155-ad5a694a0f88: start FollowerState
2019-08-20 20:11:35,013 [pool-113-thread-1] INFO  util.JmxRegister (JmxRegister.java:tryRegister(44)) - Successfully registered JMX Bean with object name Ratis:service=RaftServer,group=group-15E1C96DF128,id=e2a48b6b-f66b-4b37-8155-ad5a694a0f88
2019-08-20 20:11:35,022 [RatisPipelineUtilsThread] INFO  pipeline.PipelineStateManager (PipelineStateManager.java:addPipeline(56)) - Created pipeline Pipeline[ Id: 858ac3e9-5852-4db0-9c44-15e1c96df128, Nodes: e2a48b6b-f66b-4b37-8155-ad5a694a0f88{ip: 192.168.69.105, host: pr-hdds-165-w559s-1850982102, networkLocation: /default-rack, certSerialId: null}, Type:RATIS, Factor:ONE, State:OPEN]
2019-08-20 20:11:35,117 [IPC Server handler 1 on 46486] INFO  net.NetworkTopology (NetworkTopologyImpl.java:add(110)) - Added a new node: /default-rack/b22fd927-fbd8-4183-93bf-a63ecd3c86e6
2019-08-20 20:11:35,117 [IPC Server handler 1 on 46486] INFO  node.SCMNodeManager (SCMNodeManager.java:register(273)) - Registered Data node : b22fd927-fbd8-4183-93bf-a63ecd3c86e6{ip: 192.168.69.105, host: pr-hdds-165-w559s-1850982102, networkLocation: /default-rack, certSerialId: null}
2019-08-20 20:11:35,118 | INFO  | SCMAudit | user=jenkins1000 | ip=192.168.69.105 | op=REGISTER {datanodeDetails=b22fd927-fbd8-4183-93bf-a63ecd3c86e6{ip: 192.168.69.105, host: pr-hdds-165-w559s-1850982102, networkLocation: /default-rack, certSerialId: null}} | ret=SUCCESS |  
2019-08-20 20:11:35,130 [grpc-default-executor-0] INFO  impl.RaftServerProxy (RaftServerProxy.java:addNew(89)) - b22fd927-fbd8-4183-93bf-a63ecd3c86e6: addNew group-5B48B2BA3EFF:[b22fd927-fbd8-4183-93bf-a63ecd3c86e6:192.168.69.105:37799] returns group-5B48B2BA3EFF:java.util.concurrent.CompletableFuture@33a0abe0[Not completed]
2019-08-20 20:11:35,132 [pool-124-thread-1] INFO  impl.RaftServerImpl (RaftServerImpl.java:<init>(93)) - b22fd927-fbd8-4183-93bf-a63ecd3c86e6: new RaftServerImpl for group-5B48B2BA3EFF:[b22fd927-fbd8-4183-93bf-a63ecd3c86e6:192.168.69.105:37799] with ContainerStateMachine:uninitialized
2019-08-20 20:11:35,134 [pool-124-thread-1] INFO  server.RaftServerConfigKeys (ConfUtils.java:logGet(43)) - raft.server.rpc.timeout.min = 5s (custom)
2019-08-20 20:11:35,134 [pool-124-thread-1] INFO  server.RaftServerConfigKeys (ConfUtils.java:logGet(43)) - raft.server.rpc.timeout.max = 5200ms (custom)
2019-08-20 20:11:35,135 [pool-124-thread-1] INFO  server.RaftServerConfigKeys (ConfUtils.java:logGet(43)) - raft.server.rpcslowness.timeout = 120s (custom)
2019-08-20 20:11:35,135 [pool-124-thread-1] INFO  server.RaftServerConfigKeys (ConfUtils.java:logGet(43)) - raft.server.sleep.deviation.threshold = 300 (default)
2019-08-20 20:11:35,135 [pool-124-thread-1] INFO  server.RaftServerConfigKeys (ConfUtils.java:logGet(43)) - raft.server.log.appender.install.snapshot.enabled = false (custom)
2019-08-20 20:11:35,135 [pool-124-thread-1] INFO  impl.RaftServerImpl (ServerState.java:<init>(105)) - b22fd927-fbd8-4183-93bf-a63ecd3c86e6:group-5B48B2BA3EFF ConfigurationManager, init=-1: [b22fd927-fbd8-4183-93bf-a63ecd3c86e6:192.168.69.105:37799], old=null, confs=<EMPTY_MAP>
2019-08-20 20:11:35,136 [pool-124-thread-1] INFO  server.RaftServerConfigKeys (ConfUtils.java:logGet(43)) - raft.server.storage.dir = [/workdir/hadoop-ozone/integration-test/target/test-dir/MiniOzoneClusterImpl-ccd8292b-f2d4-4ee8-aecb-a8ad671d8231/datanode-1/data/ratis] (custom)
2019-08-20 20:11:35,136 [pool-124-thread-1] INFO  storage.RaftStorageDirectory (RaftStorageDirectory.java:analyzeStorage(246)) - The storage directory /workdir/hadoop-ozone/integration-test/target/test-dir/MiniOzoneClusterImpl-ccd8292b-f2d4-4ee8-aecb-a8ad671d8231/datanode-1/data/ratis/05b6df10-6af0-42ed-8935-5b48b2ba3eff does not exist. Creating ...
2019-08-20 20:11:35,149 [pool-124-thread-1] INFO  storage.RaftStorageDirectory (RaftStorageDirectory.java:tryLock(328)) - Lock on /workdir/hadoop-ozone/integration-test/target/test-dir/MiniOzoneClusterImpl-ccd8292b-f2d4-4ee8-aecb-a8ad671d8231/datanode-1/data/ratis/05b6df10-6af0-42ed-8935-5b48b2ba3eff/in_use.lock acquired by nodename 22905@pr-hdds-165-w559s-1850982102
2019-08-20 20:11:35,162 [pool-124-thread-1] INFO  storage.RaftStorage (RaftStorage.java:format(72)) - Storage directory /workdir/hadoop-ozone/integration-test/target/test-dir/MiniOzoneClusterImpl-ccd8292b-f2d4-4ee8-aecb-a8ad671d8231/datanode-1/data/ratis/05b6df10-6af0-42ed-8935-5b48b2ba3eff has been successfully formatted.
2019-08-20 20:11:35,163 [pool-124-thread-1] INFO  ratis.ContainerStateMachine (ContainerStateMachine.java:loadSnapshot(226)) - group-5B48B2BA3EFF: The snapshot info is null. Setting the last applied indexto:(t:0, i:~)
2019-08-20 20:11:35,163 [pool-124-thread-1] INFO  server.RaftServerConfigKeys (ConfUtils.java:logGet(43)) - raft.server.leader.election.timeout = 120s (custom)
2019-08-20 20:11:35,163 [pool-124-thread-1] INFO  server.RaftServerConfigKeys (ConfUtils.java:logGet(43)) - raft.server.log.use.memory = false (default)
2019-08-20 20:11:35,163 [pool-124-thread-1] INFO  server.RaftServerConfigKeys (ConfUtils.java:logGet(43)) - raft.server.log.purge.gap = 1000000 (custom)
2019-08-20 20:11:35,163 [pool-124-thread-1] INFO  server.RaftServerConfigKeys (ConfUtils.java:logGet(43)) - raft.server.log.appender.buffer.byte-limit = 33554432 (custom)
2019-08-20 20:11:35,164 [pool-124-thread-1] INFO  server.RaftServerConfigKeys (ConfUtils.java:logGet(43)) - raft.server.log.segment.size.max = 1048576 (custom)
2019-08-20 20:11:35,164 [pool-124-thread-1] INFO  server.RaftServerConfigKeys (ConfUtils.java:logGet(43)) - raft.server.log.segment.cache.num.max = 2 (custom)
2019-08-20 20:11:35,164 [pool-124-thread-1] INFO  segmented.SegmentedRaftLogWorker (SegmentedRaftLogWorker.java:<init>(172)) - new b22fd927-fbd8-4183-93bf-a63ecd3c86e6-SegmentedRaftLogWorker:Storage Directory /workdir/hadoop-ozone/integration-test/target/test-dir/MiniOzoneClusterImpl-ccd8292b-f2d4-4ee8-aecb-a8ad671d8231/datanode-1/data/ratis/05b6df10-6af0-42ed-8935-5b48b2ba3eff for RaftStorage:Storage Directory /workdir/hadoop-ozone/integration-test/target/test-dir/MiniOzoneClusterImpl-ccd8292b-f2d4-4ee8-aecb-a8ad671d8231/datanode-1/data/ratis/05b6df10-6af0-42ed-8935-5b48b2ba3eff
2019-08-20 20:11:35,164 [pool-124-thread-1] INFO  server.RaftServerConfigKeys (ConfUtils.java:logGet(43)) - raft.server.log.queue.byte-limit = 2147483647 (custom)
2019-08-20 20:11:35,164 [pool-124-thread-1] INFO  server.RaftServerConfigKeys (ConfUtils.java:logGet(43)) - raft.server.log.queue.element-limit = 1024 (custom)
2019-08-20 20:11:35,165 [pool-124-thread-1] INFO  server.RaftServerConfigKeys (ConfUtils.java:logGet(43)) - raft.server.log.segment.size.max = 1048576 (custom)
2019-08-20 20:11:35,165 [pool-124-thread-1] INFO  server.RaftServerConfigKeys (ConfUtils.java:logGet(43)) - raft.server.log.preallocated.size = 16384 (custom)
2019-08-20 20:11:35,165 [pool-124-thread-1] INFO  server.RaftServerConfigKeys (ConfUtils.java:logGet(43)) - raft.server.log.write.buffer.size = 33554432 (custom)
2019-08-20 20:11:35,165 [pool-124-thread-1] INFO  server.RaftServerConfigKeys (ConfUtils.java:logGet(43)) - raft.server.log.force.sync.num = 128 (default)
2019-08-20 20:11:35,166 [pool-124-thread-1] INFO  server.RaftServerConfigKeys (ConfUtils.java:logGet(43)) - raft.server.log.statemachine.data.sync = true (default)
2019-08-20 20:11:35,166 [pool-124-thread-1] INFO  server.RaftServerConfigKeys (ConfUtils.java:logGet(43)) - raft.server.log.statemachine.data.sync.timeout = 10s (default)
2019-08-20 20:11:35,166 [pool-124-thread-1] INFO  server.RaftServerConfigKeys (ConfUtils.java:logGet(43)) - raft.server.log.statemachine.data.sync.timeout.retry = -1 (default)
2019-08-20 20:11:35,166 [pool-124-thread-1] INFO  server.RaftServerConfigKeys (ConfUtils.java:logGet(43)) - raft.server.log.statemachine.data.caching.enabled = true (custom)
2019-08-20 20:11:35,167 [pool-124-thread-1] INFO  segmented.SegmentedRaftLogWorker (SegmentedRaftLogWorker.java:lambda$new$0(132)) - b22fd927-fbd8-4183-93bf-a63ecd3c86e6-SegmentedRaftLogWorker:Storage Directory /workdir/hadoop-ozone/integration-test/target/test-dir/MiniOzoneClusterImpl-ccd8292b-f2d4-4ee8-aecb-a8ad671d8231/datanode-1/data/ratis/05b6df10-6af0-42ed-8935-5b48b2ba3eff: flushIndex: setUnconditionally 0 -> -1
2019-08-20 20:11:35,167 [pool-124-thread-1] INFO  server.RaftServerConfigKeys (ConfUtils.java:logGet(43)) - raft.server.snapshot.auto.trigger.enabled = true (custom)
2019-08-20 20:11:35,167 [pool-124-thread-1] INFO  server.RaftServerConfigKeys (ConfUtils.java:logGet(43)) - raft.server.snapshot.auto.trigger.threshold = 10000 (custom)
2019-08-20 20:11:35,168 [pool-124-thread-1] INFO  server.RaftServerConfigKeys (ConfUtils.java:logGet(43)) - raft.server.retrycache.expirytime = 600000ms (custom)
2019-08-20 20:11:35,168 [pool-124-thread-1] INFO  impl.RaftServerImpl (RaftServerImpl.java:start(180)) - b22fd927-fbd8-4183-93bf-a63ecd3c86e6: start group-5B48B2BA3EFF
2019-08-20 20:11:35,168 [pool-124-thread-1] INFO  impl.RaftServerImpl (RaftServerImpl.java:setRole(171)) - b22fd927-fbd8-4183-93bf-a63ecd3c86e6:group-5B48B2BA3EFF changes role from null to FOLLOWER at term 0 for startAsFollower
2019-08-20 20:11:35,169 [pool-124-thread-1] INFO  impl.RoleInfo (RoleInfo.java:updateAndGet(143)) - b22fd927-fbd8-4183-93bf-a63ecd3c86e6: start FollowerState
2019-08-20 20:11:35,174 [pool-124-thread-1] INFO  util.JmxRegister (JmxRegister.java:tryRegister(44)) - Successfully registered JMX Bean with object name Ratis:service=RaftServer,group=group-5B48B2BA3EFF,id=b22fd927-fbd8-4183-93bf-a63ecd3c86e6
2019-08-20 20:11:35,183 [RatisPipelineUtilsThread] INFO  pipeline.PipelineStateManager (PipelineStateManager.java:addPipeline(56)) - Created pipeline Pipeline[ Id: 05b6df10-6af0-42ed-8935-5b48b2ba3eff, Nodes: b22fd927-fbd8-4183-93bf-a63ecd3c86e6{ip: 192.168.69.105, host: pr-hdds-165-w559s-1850982102, networkLocation: /default-rack, certSerialId: null}, Type:RATIS, Factor:ONE, State:OPEN]
2019-08-20 20:11:35,307 [Thread-330] INFO  ozone.MiniOzoneClusterImpl (MiniOzoneClusterImpl.java:lambda$waitForClusterToBeReady$0(142)) - Waiting for cluster to be ready. Got 2 of 3 DN Heartbeats.
2019-08-20 20:11:35,310 [IPC Server handler 2 on 46486] INFO  net.NetworkTopology (NetworkTopologyImpl.java:add(110)) - Added a new node: /default-rack/9c9e885b-70a3-4219-a375-4b42d50f0932
2019-08-20 20:11:35,310 [IPC Server handler 2 on 46486] INFO  node.SCMNodeManager (SCMNodeManager.java:register(273)) - Registered Data node : 9c9e885b-70a3-4219-a375-4b42d50f0932{ip: 192.168.69.105, host: pr-hdds-165-w559s-1850982102, networkLocation: /default-rack, certSerialId: null}
2019-08-20 20:11:35,311 | INFO  | SCMAudit | user=jenkins1000 | ip=192.168.69.105 | op=REGISTER {datanodeDetails=9c9e885b-70a3-4219-a375-4b42d50f0932{ip: 192.168.69.105, host: pr-hdds-165-w559s-1850982102, networkLocation: /default-rack, certSerialId: null}} | ret=SUCCESS |  
2019-08-20 20:11:35,322 [grpc-default-executor-0] INFO  impl.RaftServerProxy (RaftServerProxy.java:addNew(89)) - 9c9e885b-70a3-4219-a375-4b42d50f0932: addNew group-26A1C0EDEC5C:[9c9e885b-70a3-4219-a375-4b42d50f0932:192.168.69.105:40714] returns group-26A1C0EDEC5C:java.util.concurrent.CompletableFuture@1eedb5fa[Not completed]
2019-08-20 20:11:35,324 [pool-135-thread-1] INFO  impl.RaftServerImpl (RaftServerImpl.java:<init>(93)) - 9c9e885b-70a3-4219-a375-4b42d50f0932: new RaftServerImpl for group-26A1C0EDEC5C:[9c9e885b-70a3-4219-a375-4b42d50f0932:192.168.69.105:40714] with ContainerStateMachine:uninitialized
2019-08-20 20:11:35,326 [pool-135-thread-1] INFO  server.RaftServerConfigKeys (ConfUtils.java:logGet(43)) - raft.server.rpc.timeout.min = 5s (custom)
2019-08-20 20:11:35,326 [pool-135-thread-1] INFO  server.RaftServerConfigKeys (ConfUtils.java:logGet(43)) - raft.server.rpc.timeout.max = 5200ms (custom)
2019-08-20 20:11:35,326 [pool-135-thread-1] INFO  server.RaftServerConfigKeys (ConfUtils.java:logGet(43)) - raft.server.rpcslowness.timeout = 120s (custom)
2019-08-20 20:11:35,326 [pool-135-thread-1] INFO  server.RaftServerConfigKeys (ConfUtils.java:logGet(43)) - raft.server.sleep.deviation.threshold = 300 (default)
2019-08-20 20:11:35,326 [pool-135-thread-1] INFO  server.RaftServerConfigKeys (ConfUtils.java:logGet(43)) - raft.server.log.appender.install.snapshot.enabled = false (custom)
2019-08-20 20:11:35,327 [pool-135-thread-1] INFO  impl.RaftServerImpl (ServerState.java:<init>(105)) - 9c9e885b-70a3-4219-a375-4b42d50f0932:group-26A1C0EDEC5C ConfigurationManager, init=-1: [9c9e885b-70a3-4219-a375-4b42d50f0932:192.168.69.105:40714], old=null, confs=<EMPTY_MAP>
2019-08-20 20:11:35,327 [pool-135-thread-1] INFO  server.RaftServerConfigKeys (ConfUtils.java:logGet(43)) - raft.server.storage.dir = [/workdir/hadoop-ozone/integration-test/target/test-dir/MiniOzoneClusterImpl-ccd8292b-f2d4-4ee8-aecb-a8ad671d8231/datanode-2/data/ratis] (custom)
2019-08-20 20:11:35,327 [pool-135-thread-1] INFO  storage.RaftStorageDirectory (RaftStorageDirectory.java:analyzeStorage(246)) - The storage directory /workdir/hadoop-ozone/integration-test/target/test-dir/MiniOzoneClusterImpl-ccd8292b-f2d4-4ee8-aecb-a8ad671d8231/datanode-2/data/ratis/e91c54d3-b375-4087-b96c-26a1c0edec5c does not exist. Creating ...
2019-08-20 20:11:35,341 [pool-135-thread-1] INFO  storage.RaftStorageDirectory (RaftStorageDirectory.java:tryLock(328)) - Lock on /workdir/hadoop-ozone/integration-test/target/test-dir/MiniOzoneClusterImpl-ccd8292b-f2d4-4ee8-aecb-a8ad671d8231/datanode-2/data/ratis/e91c54d3-b375-4087-b96c-26a1c0edec5c/in_use.lock acquired by nodename 22905@pr-hdds-165-w559s-1850982102
2019-08-20 20:11:35,362 [pool-135-thread-1] INFO  storage.RaftStorage (RaftStorage.java:format(72)) - Storage directory /workdir/hadoop-ozone/integration-test/target/test-dir/MiniOzoneClusterImpl-ccd8292b-f2d4-4ee8-aecb-a8ad671d8231/datanode-2/data/ratis/e91c54d3-b375-4087-b96c-26a1c0edec5c has been successfully formatted.
2019-08-20 20:11:35,363 [pool-135-thread-1] INFO  ratis.ContainerStateMachine (ContainerStateMachine.java:loadSnapshot(226)) - group-26A1C0EDEC5C: The snapshot info is null. Setting the last applied indexto:(t:0, i:~)
2019-08-20 20:11:35,363 [pool-135-thread-1] INFO  server.RaftServerConfigKeys (ConfUtils.java:logGet(43)) - raft.server.leader.election.timeout = 120s (custom)
2019-08-20 20:11:35,363 [pool-135-thread-1] INFO  server.RaftServerConfigKeys (ConfUtils.java:logGet(43)) - raft.server.log.use.memory = false (default)
2019-08-20 20:11:35,363 [pool-135-thread-1] INFO  server.RaftServerConfigKeys (ConfUtils.java:logGet(43)) - raft.server.log.purge.gap = 1000000 (custom)
2019-08-20 20:11:35,363 [pool-135-thread-1] INFO  server.RaftServerConfigKeys (ConfUtils.java:logGet(43)) - raft.server.log.appender.buffer.byte-limit = 33554432 (custom)
2019-08-20 20:11:35,364 [pool-135-thread-1] INFO  server.RaftServerConfigKeys (ConfUtils.java:logGet(43)) - raft.server.log.segment.size.max = 1048576 (custom)
2019-08-20 20:11:35,364 [pool-135-thread-1] INFO  server.RaftServerConfigKeys (ConfUtils.java:logGet(43)) - raft.server.log.segment.cache.num.max = 2 (custom)
2019-08-20 20:11:35,364 [pool-135-thread-1] INFO  segmented.SegmentedRaftLogWorker (SegmentedRaftLogWorker.java:<init>(172)) - new 9c9e885b-70a3-4219-a375-4b42d50f0932-SegmentedRaftLogWorker:Storage Directory /workdir/hadoop-ozone/integration-test/target/test-dir/MiniOzoneClusterImpl-ccd8292b-f2d4-4ee8-aecb-a8ad671d8231/datanode-2/data/ratis/e91c54d3-b375-4087-b96c-26a1c0edec5c for RaftStorage:Storage Directory /workdir/hadoop-ozone/integration-test/target/test-dir/MiniOzoneClusterImpl-ccd8292b-f2d4-4ee8-aecb-a8ad671d8231/datanode-2/data/ratis/e91c54d3-b375-4087-b96c-26a1c0edec5c
2019-08-20 20:11:35,364 [pool-135-thread-1] INFO  server.RaftServerConfigKeys (ConfUtils.java:logGet(43)) - raft.server.log.queue.byte-limit = 2147483647 (custom)
2019-08-20 20:11:35,364 [pool-135-thread-1] INFO  server.RaftServerConfigKeys (ConfUtils.java:logGet(43)) - raft.server.log.queue.element-limit = 1024 (custom)
2019-08-20 20:11:35,365 [pool-135-thread-1] INFO  server.RaftServerConfigKeys (ConfUtils.java:logGet(43)) - raft.server.log.segment.size.max = 1048576 (custom)
2019-08-20 20:11:35,365 [pool-135-thread-1] INFO  server.RaftServerConfigKeys (ConfUtils.java:logGet(43)) - raft.server.log.preallocated.size = 16384 (custom)
2019-08-20 20:11:35,365 [pool-135-thread-1] INFO  server.RaftServerConfigKeys (ConfUtils.java:logGet(43)) - raft.server.log.write.buffer.size = 33554432 (custom)
2019-08-20 20:11:35,365 [pool-135-thread-1] INFO  server.RaftServerConfigKeys (ConfUtils.java:logGet(43)) - raft.server.log.force.sync.num = 128 (default)
2019-08-20 20:11:35,365 [pool-135-thread-1] INFO  server.RaftServerConfigKeys (ConfUtils.java:logGet(43)) - raft.server.log.statemachine.data.sync = true (default)
2019-08-20 20:11:35,366 [pool-135-thread-1] INFO  server.RaftServerConfigKeys (ConfUtils.java:logGet(43)) - raft.server.log.statemachine.data.sync.timeout = 10s (default)
2019-08-20 20:11:35,366 [pool-135-thread-1] INFO  server.RaftServerConfigKeys (ConfUtils.java:logGet(43)) - raft.server.log.statemachine.data.sync.timeout.retry = -1 (default)
2019-08-20 20:11:35,366 [pool-135-thread-1] INFO  server.RaftServerConfigKeys (ConfUtils.java:logGet(43)) - raft.server.log.statemachine.data.caching.enabled = true (custom)
2019-08-20 20:11:35,367 [pool-135-thread-1] INFO  segmented.SegmentedRaftLogWorker (SegmentedRaftLogWorker.java:lambda$new$0(132)) - 9c9e885b-70a3-4219-a375-4b42d50f0932-SegmentedRaftLogWorker:Storage Directory /workdir/hadoop-ozone/integration-test/target/test-dir/MiniOzoneClusterImpl-ccd8292b-f2d4-4ee8-aecb-a8ad671d8231/datanode-2/data/ratis/e91c54d3-b375-4087-b96c-26a1c0edec5c: flushIndex: setUnconditionally 0 -> -1
2019-08-20 20:11:35,367 [pool-135-thread-1] INFO  server.RaftServerConfigKeys (ConfUtils.java:logGet(43)) - raft.server.snapshot.auto.trigger.enabled = true (custom)
2019-08-20 20:11:35,367 [pool-135-thread-1] INFO  server.RaftServerConfigKeys (ConfUtils.java:logGet(43)) - raft.server.snapshot.auto.trigger.threshold = 10000 (custom)
2019-08-20 20:11:35,368 [pool-135-thread-1] INFO  server.RaftServerConfigKeys (ConfUtils.java:logGet(43)) - raft.server.retrycache.expirytime = 600000ms (custom)
2019-08-20 20:11:35,368 [pool-135-thread-1] INFO  impl.RaftServerImpl (RaftServerImpl.java:start(180)) - 9c9e885b-70a3-4219-a375-4b42d50f0932: start group-26A1C0EDEC5C
2019-08-20 20:11:35,368 [pool-135-thread-1] INFO  impl.RaftServerImpl (RaftServerImpl.java:setRole(171)) - 9c9e885b-70a3-4219-a375-4b42d50f0932:group-26A1C0EDEC5C changes role from null to FOLLOWER at term 0 for startAsFollower
2019-08-20 20:11:35,368 [pool-135-thread-1] INFO  impl.RoleInfo (RoleInfo.java:updateAndGet(143)) - 9c9e885b-70a3-4219-a375-4b42d50f0932: start FollowerState
2019-08-20 20:11:35,369 [pool-135-thread-1] INFO  util.JmxRegister (JmxRegister.java:tryRegister(44)) - Successfully registered JMX Bean with object name Ratis:service=RaftServer,group=group-26A1C0EDEC5C,id=9c9e885b-70a3-4219-a375-4b42d50f0932
2019-08-20 20:11:35,377 [RatisPipelineUtilsThread] INFO  pipeline.PipelineStateManager (PipelineStateManager.java:addPipeline(56)) - Created pipeline Pipeline[ Id: e91c54d3-b375-4087-b96c-26a1c0edec5c, Nodes: 9c9e885b-70a3-4219-a375-4b42d50f0932{ip: 192.168.69.105, host: pr-hdds-165-w559s-1850982102, networkLocation: /default-rack, certSerialId: null}, Type:RATIS, Factor:ONE, State:OPEN]
2019-08-20 20:11:35,403 [grpc-default-executor-0] INFO  impl.RaftServerProxy (RaftServerProxy.java:addNew(89)) - e2a48b6b-f66b-4b37-8155-ad5a694a0f88: addNew group-BA916718FBC3:[b22fd927-fbd8-4183-93bf-a63ecd3c86e6:192.168.69.105:37799, e2a48b6b-f66b-4b37-8155-ad5a694a0f88:192.168.69.105:39746, 9c9e885b-70a3-4219-a375-4b42d50f0932:192.168.69.105:40714] returns group-BA916718FBC3:java.util.concurrent.CompletableFuture@34b5de37[Not completed]
2019-08-20 20:11:35,403 [grpc-default-executor-1] INFO  impl.RaftServerProxy (RaftServerProxy.java:addNew(89)) - 9c9e885b-70a3-4219-a375-4b42d50f0932: addNew group-BA916718FBC3:[b22fd927-fbd8-4183-93bf-a63ecd3c86e6:192.168.69.105:37799, e2a48b6b-f66b-4b37-8155-ad5a694a0f88:192.168.69.105:39746, 9c9e885b-70a3-4219-a375-4b42d50f0932:192.168.69.105:40714] returns group-BA916718FBC3:java.util.concurrent.CompletableFuture@27abfc19[Not completed]
2019-08-20 20:11:35,403 [grpc-default-executor-2] INFO  impl.RaftServerProxy (RaftServerProxy.java:addNew(89)) - b22fd927-fbd8-4183-93bf-a63ecd3c86e6: addNew group-BA916718FBC3:[b22fd927-fbd8-4183-93bf-a63ecd3c86e6:192.168.69.105:37799, e2a48b6b-f66b-4b37-8155-ad5a694a0f88:192.168.69.105:39746, 9c9e885b-70a3-4219-a375-4b42d50f0932:192.168.69.105:40714] returns group-BA916718FBC3:java.util.concurrent.CompletableFuture@18b9ecc[Not completed]
2019-08-20 20:11:35,406 [pool-124-thread-1] INFO  impl.RaftServerImpl (RaftServerImpl.java:<init>(93)) - b22fd927-fbd8-4183-93bf-a63ecd3c86e6: new RaftServerImpl for group-BA916718FBC3:[b22fd927-fbd8-4183-93bf-a63ecd3c86e6:192.168.69.105:37799, e2a48b6b-f66b-4b37-8155-ad5a694a0f88:192.168.69.105:39746, 9c9e885b-70a3-4219-a375-4b42d50f0932:192.168.69.105:40714] with ContainerStateMachine:uninitialized
2019-08-20 20:11:35,407 [pool-124-thread-1] INFO  server.RaftServerConfigKeys (ConfUtils.java:logGet(43)) - raft.server.rpc.timeout.min = 5s (custom)
2019-08-20 20:11:35,407 [pool-124-thread-1] INFO  server.RaftServerConfigKeys (ConfUtils.java:logGet(43)) - raft.server.rpc.timeout.max = 5200ms (custom)
2019-08-20 20:11:35,407 [pool-124-thread-1] INFO  server.RaftServerConfigKeys (ConfUtils.java:logGet(43)) - raft.server.rpcslowness.timeout = 120s (custom)
2019-08-20 20:11:35,407 [pool-124-thread-1] INFO  server.RaftServerConfigKeys (ConfUtils.java:logGet(43)) - raft.server.sleep.deviation.threshold = 300 (default)
2019-08-20 20:11:35,407 [pool-124-thread-1] INFO  server.RaftServerConfigKeys (ConfUtils.java:logGet(43)) - raft.server.log.appender.install.snapshot.enabled = false (custom)
2019-08-20 20:11:35,408 [pool-124-thread-1] INFO  impl.RaftServerImpl (ServerState.java:<init>(105)) - b22fd927-fbd8-4183-93bf-a63ecd3c86e6:group-BA916718FBC3 ConfigurationManager, init=-1: [b22fd927-fbd8-4183-93bf-a63ecd3c86e6:192.168.69.105:37799, e2a48b6b-f66b-4b37-8155-ad5a694a0f88:192.168.69.105:39746, 9c9e885b-70a3-4219-a375-4b42d50f0932:192.168.69.105:40714], old=null, confs=<EMPTY_MAP>
2019-08-20 20:11:35,408 [pool-113-thread-1] INFO  impl.RaftServerImpl (RaftServerImpl.java:<init>(93)) - e2a48b6b-f66b-4b37-8155-ad5a694a0f88: new RaftServerImpl for group-BA916718FBC3:[b22fd927-fbd8-4183-93bf-a63ecd3c86e6:192.168.69.105:37799, e2a48b6b-f66b-4b37-8155-ad5a694a0f88:192.168.69.105:39746, 9c9e885b-70a3-4219-a375-4b42d50f0932:192.168.69.105:40714] with ContainerStateMachine:uninitialized
2019-08-20 20:11:35,408 [pool-124-thread-1] INFO  server.RaftServerConfigKeys (ConfUtils.java:logGet(43)) - raft.server.storage.dir = [/workdir/hadoop-ozone/integration-test/target/test-dir/MiniOzoneClusterImpl-ccd8292b-f2d4-4ee8-aecb-a8ad671d8231/datanode-1/data/ratis] (custom)
2019-08-20 20:11:35,408 [pool-113-thread-1] INFO  server.RaftServerConfigKeys (ConfUtils.java:logGet(43)) - raft.server.rpc.timeout.min = 5s (custom)
2019-08-20 20:11:35,408 [pool-113-thread-1] INFO  server.RaftServerConfigKeys (ConfUtils.java:logGet(43)) - raft.server.rpc.timeout.max = 5200ms (custom)
2019-08-20 20:11:35,408 [pool-135-thread-1] INFO  impl.RaftServerImpl (RaftServerImpl.java:<init>(93)) - 9c9e885b-70a3-4219-a375-4b42d50f0932: new RaftServerImpl for group-BA916718FBC3:[b22fd927-fbd8-4183-93bf-a63ecd3c86e6:192.168.69.105:37799, e2a48b6b-f66b-4b37-8155-ad5a694a0f88:192.168.69.105:39746, 9c9e885b-70a3-4219-a375-4b42d50f0932:192.168.69.105:40714] with ContainerStateMachine:uninitialized
2019-08-20 20:11:35,409 [pool-124-thread-1] INFO  storage.RaftStorageDirectory (RaftStorageDirectory.java:analyzeStorage(246)) - The storage directory /workdir/hadoop-ozone/integration-test/target/test-dir/MiniOzoneClusterImpl-ccd8292b-f2d4-4ee8-aecb-a8ad671d8231/datanode-1/data/ratis/3282f895-a398-45b1-903c-ba916718fbc3 does not exist. Creating ...
2019-08-20 20:11:35,409 [pool-113-thread-1] INFO  server.RaftServerConfigKeys (ConfUtils.java:logGet(43)) - raft.server.rpcslowness.timeout = 120s (custom)
2019-08-20 20:11:35,409 [pool-135-thread-1] INFO  server.RaftServerConfigKeys (ConfUtils.java:logGet(43)) - raft.server.rpc.timeout.min = 5s (custom)
2019-08-20 20:11:35,409 [pool-113-thread-1] INFO  server.RaftServerConfigKeys (ConfUtils.java:logGet(43)) - raft.server.sleep.deviation.threshold = 300 (default)
2019-08-20 20:11:35,409 [pool-135-thread-1] INFO  server.RaftServerConfigKeys (ConfUtils.java:logGet(43)) - raft.server.rpc.timeout.max = 5200ms (custom)
2019-08-20 20:11:35,409 [pool-113-thread-1] INFO  server.RaftServerConfigKeys (ConfUtils.java:logGet(43)) - raft.server.log.appender.install.snapshot.enabled = false (custom)
2019-08-20 20:11:35,409 [pool-135-thread-1] INFO  server.RaftServerConfigKeys (ConfUtils.java:logGet(43)) - raft.server.rpcslowness.timeout = 120s (custom)
2019-08-20 20:11:35,410 [pool-113-thread-1] INFO  impl.RaftServerImpl (ServerState.java:<init>(105)) - e2a48b6b-f66b-4b37-8155-ad5a694a0f88:group-BA916718FBC3 ConfigurationManager, init=-1: [b22fd927-fbd8-4183-93bf-a63ecd3c86e6:192.168.69.105:37799, e2a48b6b-f66b-4b37-8155-ad5a694a0f88:192.168.69.105:39746, 9c9e885b-70a3-4219-a375-4b42d50f0932:192.168.69.105:40714], old=null, confs=<EMPTY_MAP>
2019-08-20 20:11:35,410 [pool-135-thread-1] INFO  server.RaftServerConfigKeys (ConfUtils.java:logGet(43)) - raft.server.sleep.deviation.threshold = 300 (default)
2019-08-20 20:11:35,410 [pool-113-thread-1] INFO  server.RaftServerConfigKeys (ConfUtils.java:logGet(43)) - raft.server.storage.dir = [/workdir/hadoop-ozone/integration-test/target/test-dir/MiniOzoneClusterImpl-ccd8292b-f2d4-4ee8-aecb-a8ad671d8231/datanode-0/data/ratis] (custom)
2019-08-20 20:11:35,410 [pool-135-thread-1] INFO  server.RaftServerConfigKeys (ConfUtils.java:logGet(43)) - raft.server.log.appender.install.snapshot.enabled = false (custom)
2019-08-20 20:11:35,410 [pool-135-thread-1] INFO  impl.RaftServerImpl (ServerState.java:<init>(105)) - 9c9e885b-70a3-4219-a375-4b42d50f0932:group-BA916718FBC3 ConfigurationManager, init=-1: [b22fd927-fbd8-4183-93bf-a63ecd3c86e6:192.168.69.105:37799, e2a48b6b-f66b-4b37-8155-ad5a694a0f88:192.168.69.105:39746, 9c9e885b-70a3-4219-a375-4b42d50f0932:192.168.69.105:40714], old=null, confs=<EMPTY_MAP>
2019-08-20 20:11:35,410 [pool-113-thread-1] INFO  storage.RaftStorageDirectory (RaftStorageDirectory.java:analyzeStorage(246)) - The storage directory /workdir/hadoop-ozone/integration-test/target/test-dir/MiniOzoneClusterImpl-ccd8292b-f2d4-4ee8-aecb-a8ad671d8231/datanode-0/data/ratis/3282f895-a398-45b1-903c-ba916718fbc3 does not exist. Creating ...
2019-08-20 20:11:35,411 [pool-135-thread-1] INFO  server.RaftServerConfigKeys (ConfUtils.java:logGet(43)) - raft.server.storage.dir = [/workdir/hadoop-ozone/integration-test/target/test-dir/MiniOzoneClusterImpl-ccd8292b-f2d4-4ee8-aecb-a8ad671d8231/datanode-2/data/ratis] (custom)
2019-08-20 20:11:35,411 [pool-135-thread-1] INFO  storage.RaftStorageDirectory (RaftStorageDirectory.java:analyzeStorage(246)) - The storage directory /workdir/hadoop-ozone/integration-test/target/test-dir/MiniOzoneClusterImpl-ccd8292b-f2d4-4ee8-aecb-a8ad671d8231/datanode-2/data/ratis/3282f895-a398-45b1-903c-ba916718fbc3 does not exist. Creating ...
2019-08-20 20:11:35,423 [pool-113-thread-1] INFO  storage.RaftStorageDirectory (RaftStorageDirectory.java:tryLock(328)) - Lock on /workdir/hadoop-ozone/integration-test/target/test-dir/MiniOzoneClusterImpl-ccd8292b-f2d4-4ee8-aecb-a8ad671d8231/datanode-0/data/ratis/3282f895-a398-45b1-903c-ba916718fbc3/in_use.lock acquired by nodename 22905@pr-hdds-165-w559s-1850982102
2019-08-20 20:11:35,423 [pool-135-thread-1] INFO  storage.RaftStorageDirectory (RaftStorageDirectory.java:tryLock(328)) - Lock on /workdir/hadoop-ozone/integration-test/target/test-dir/MiniOzoneClusterImpl-ccd8292b-f2d4-4ee8-aecb-a8ad671d8231/datanode-2/data/ratis/3282f895-a398-45b1-903c-ba916718fbc3/in_use.lock acquired by nodename 22905@pr-hdds-165-w559s-1850982102
2019-08-20 20:11:35,423 [pool-124-thread-1] INFO  storage.RaftStorageDirectory (RaftStorageDirectory.java:tryLock(328)) - Lock on /workdir/hadoop-ozone/integration-test/target/test-dir/MiniOzoneClusterImpl-ccd8292b-f2d4-4ee8-aecb-a8ad671d8231/datanode-1/data/ratis/3282f895-a398-45b1-903c-ba916718fbc3/in_use.lock acquired by nodename 22905@pr-hdds-165-w559s-1850982102
2019-08-20 20:11:35,437 [pool-124-thread-1] INFO  storage.RaftStorage (RaftStorage.java:format(72)) - Storage directory /workdir/hadoop-ozone/integration-test/target/test-dir/MiniOzoneClusterImpl-ccd8292b-f2d4-4ee8-aecb-a8ad671d8231/datanode-1/data/ratis/3282f895-a398-45b1-903c-ba916718fbc3 has been successfully formatted.
2019-08-20 20:11:35,437 [pool-135-thread-1] INFO  storage.RaftStorage (RaftStorage.java:format(72)) - Storage directory /workdir/hadoop-ozone/integration-test/target/test-dir/MiniOzoneClusterImpl-ccd8292b-f2d4-4ee8-aecb-a8ad671d8231/datanode-2/data/ratis/3282f895-a398-45b1-903c-ba916718fbc3 has been successfully formatted.
2019-08-20 20:11:35,437 [pool-113-thread-1] INFO  storage.RaftStorage (RaftStorage.java:format(72)) - Storage directory /workdir/hadoop-ozone/integration-test/target/test-dir/MiniOzoneClusterImpl-ccd8292b-f2d4-4ee8-aecb-a8ad671d8231/datanode-0/data/ratis/3282f895-a398-45b1-903c-ba916718fbc3 has been successfully formatted.
2019-08-20 20:11:35,438 [pool-135-thread-1] INFO  ratis.ContainerStateMachine (ContainerStateMachine.java:loadSnapshot(226)) - group-BA916718FBC3: The snapshot info is null. Setting the last applied indexto:(t:0, i:~)
2019-08-20 20:11:35,438 [pool-124-thread-1] INFO  ratis.ContainerStateMachine (ContainerStateMachine.java:loadSnapshot(226)) - group-BA916718FBC3: The snapshot info is null. Setting the last applied indexto:(t:0, i:~)
2019-08-20 20:11:35,438 [pool-135-thread-1] INFO  server.RaftServerConfigKeys (ConfUtils.java:logGet(43)) - raft.server.leader.election.timeout = 120s (custom)
2019-08-20 20:11:35,438 [pool-113-thread-1] INFO  ratis.ContainerStateMachine (ContainerStateMachine.java:loadSnapshot(226)) - group-BA916718FBC3: The snapshot info is null. Setting the last applied indexto:(t:0, i:~)
2019-08-20 20:11:35,439 [pool-135-thread-1] INFO  server.RaftServerConfigKeys (ConfUtils.java:logGet(43)) - raft.server.log.use.memory = false (default)
2019-08-20 20:11:35,438 [pool-124-thread-1] INFO  server.RaftServerConfigKeys (ConfUtils.java:logGet(43)) - raft.server.leader.election.timeout = 120s (custom)
2019-08-20 20:11:35,439 [pool-135-thread-1] INFO  server.RaftServerConfigKeys (ConfUtils.java:logGet(43)) - raft.server.log.purge.gap = 1000000 (custom)
2019-08-20 20:11:35,439 [pool-113-thread-1] INFO  server.RaftServerConfigKeys (ConfUtils.java:logGet(43)) - raft.server.leader.election.timeout = 120s (custom)
2019-08-20 20:11:35,439 [pool-135-thread-1] INFO  server.RaftServerConfigKeys (ConfUtils.java:logGet(43)) - raft.server.log.appender.buffer.byte-limit = 33554432 (custom)
2019-08-20 20:11:35,439 [pool-124-thread-1] INFO  server.RaftServerConfigKeys (ConfUtils.java:logGet(43)) - raft.server.log.use.memory = false (default)
2019-08-20 20:11:35,440 [pool-135-thread-1] INFO  server.RaftServerConfigKeys (ConfUtils.java:logGet(43)) - raft.server.log.segment.size.max = 1048576 (custom)
2019-08-20 20:11:35,439 [pool-113-thread-1] INFO  server.RaftServerConfigKeys (ConfUtils.java:logGet(43)) - raft.server.log.use.memory = false (default)
2019-08-20 20:11:35,440 [pool-135-thread-1] INFO  server.RaftServerConfigKeys (ConfUtils.java:logGet(43)) - raft.server.log.segment.cache.num.max = 2 (custom)
2019-08-20 20:11:35,440 [pool-124-thread-1] INFO  server.RaftServerConfigKeys (ConfUtils.java:logGet(43)) - raft.server.log.purge.gap = 1000000 (custom)
2019-08-20 20:11:35,440 [pool-135-thread-1] INFO  segmented.SegmentedRaftLogWorker (SegmentedRaftLogWorker.java:<init>(172)) - new 9c9e885b-70a3-4219-a375-4b42d50f0932-SegmentedRaftLogWorker:Storage Directory /workdir/hadoop-ozone/integration-test/target/test-dir/MiniOzoneClusterImpl-ccd8292b-f2d4-4ee8-aecb-a8ad671d8231/datanode-2/data/ratis/3282f895-a398-45b1-903c-ba916718fbc3 for RaftStorage:Storage Directory /workdir/hadoop-ozone/integration-test/target/test-dir/MiniOzoneClusterImpl-ccd8292b-f2d4-4ee8-aecb-a8ad671d8231/datanode-2/data/ratis/3282f895-a398-45b1-903c-ba916718fbc3
2019-08-20 20:11:35,440 [pool-113-thread-1] INFO  server.RaftServerConfigKeys (ConfUtils.java:logGet(43)) - raft.server.log.purge.gap = 1000000 (custom)
2019-08-20 20:11:35,441 [pool-135-thread-1] INFO  server.RaftServerConfigKeys (ConfUtils.java:logGet(43)) - raft.server.log.queue.byte-limit = 2147483647 (custom)
2019-08-20 20:11:35,441 [pool-135-thread-1] INFO  server.RaftServerConfigKeys (ConfUtils.java:logGet(43)) - raft.server.log.queue.element-limit = 1024 (custom)
2019-08-20 20:11:35,440 [pool-124-thread-1] INFO  server.RaftServerConfigKeys (ConfUtils.java:logGet(43)) - raft.server.log.appender.buffer.byte-limit = 33554432 (custom)
2019-08-20 20:11:35,441 [pool-135-thread-1] INFO  server.RaftServerConfigKeys (ConfUtils.java:logGet(43)) - raft.server.log.segment.size.max = 1048576 (custom)
2019-08-20 20:11:35,441 [pool-113-thread-1] INFO  server.RaftServerConfigKeys (ConfUtils.java:logGet(43)) - raft.server.log.appender.buffer.byte-limit = 33554432 (custom)
2019-08-20 20:11:35,442 [pool-135-thread-1] INFO  server.RaftServerConfigKeys (ConfUtils.java:logGet(43)) - raft.server.log.preallocated.size = 16384 (custom)
2019-08-20 20:11:35,442 [pool-124-thread-1] INFO  server.RaftServerConfigKeys (ConfUtils.java:logGet(43)) - raft.server.log.segment.size.max = 1048576 (custom)
2019-08-20 20:11:35,442 [pool-135-thread-1] INFO  server.RaftServerConfigKeys (ConfUtils.java:logGet(43)) - raft.server.log.write.buffer.size = 33554432 (custom)
2019-08-20 20:11:35,442 [pool-113-thread-1] INFO  server.RaftServerConfigKeys (ConfUtils.java:logGet(43)) - raft.server.log.segment.size.max = 1048576 (custom)
2019-08-20 20:11:35,442 [pool-135-thread-1] INFO  server.RaftServerConfigKeys (ConfUtils.java:logGet(43)) - raft.server.log.force.sync.num = 128 (default)
2019-08-20 20:11:35,442 [pool-124-thread-1] INFO  server.RaftServerConfigKeys (ConfUtils.java:logGet(43)) - raft.server.log.segment.cache.num.max = 2 (custom)
2019-08-20 20:11:35,443 [pool-135-thread-1] INFO  server.RaftServerConfigKeys (ConfUtils.java:logGet(43)) - raft.server.log.statemachine.data.sync = true (default)
2019-08-20 20:11:35,443 [pool-113-thread-1] INFO  server.RaftServerConfigKeys (ConfUtils.java:logGet(43)) - raft.server.log.segment.cache.num.max = 2 (custom)
2019-08-20 20:11:35,443 [pool-135-thread-1] INFO  server.RaftServerConfigKeys (ConfUtils.java:logGet(43)) - raft.server.log.statemachine.data.sync.timeout = 10s (default)
2019-08-20 20:11:35,443 [pool-124-thread-1] INFO  segmented.SegmentedRaftLogWorker (SegmentedRaftLogWorker.java:<init>(172)) - new b22fd927-fbd8-4183-93bf-a63ecd3c86e6-SegmentedRaftLogWorker:Storage Directory /workdir/hadoop-ozone/integration-test/target/test-dir/MiniOzoneClusterImpl-ccd8292b-f2d4-4ee8-aecb-a8ad671d8231/datanode-1/data/ratis/3282f895-a398-45b1-903c-ba916718fbc3 for RaftStorage:Storage Directory /workdir/hadoop-ozone/integration-test/target/test-dir/MiniOzoneClusterImpl-ccd8292b-f2d4-4ee8-aecb-a8ad671d8231/datanode-1/data/ratis/3282f895-a398-45b1-903c-ba916718fbc3
2019-08-20 20:11:35,444 [pool-135-thread-1] INFO  server.RaftServerConfigKeys (ConfUtils.java:logGet(43)) - raft.server.log.statemachine.data.sync.timeout.retry = -1 (default)
2019-08-20 20:11:35,444 [pool-113-thread-1] INFO  segmented.SegmentedRaftLogWorker (SegmentedRaftLogWorker.java:<init>(172)) - new e2a48b6b-f66b-4b37-8155-ad5a694a0f88-SegmentedRaftLogWorker:Storage Directory /workdir/hadoop-ozone/integration-test/target/test-dir/MiniOzoneClusterImpl-ccd8292b-f2d4-4ee8-aecb-a8ad671d8231/datanode-0/data/ratis/3282f895-a398-45b1-903c-ba916718fbc3 for RaftStorage:Storage Directory /workdir/hadoop-ozone/integration-test/target/test-dir/MiniOzoneClusterImpl-ccd8292b-f2d4-4ee8-aecb-a8ad671d8231/datanode-0/data/ratis/3282f895-a398-45b1-903c-ba916718fbc3
2019-08-20 20:11:35,444 [pool-124-thread-1] INFO  server.RaftServerConfigKeys (ConfUtils.java:logGet(43)) - raft.server.log.queue.byte-limit = 2147483647 (custom)
2019-08-20 20:11:35,444 [pool-113-thread-1] INFO  server.RaftServerConfigKeys (ConfUtils.java:logGet(43)) - raft.server.log.queue.byte-limit = 2147483647 (custom)
2019-08-20 20:11:35,444 [pool-135-thread-1] INFO  server.RaftServerConfigKeys (ConfUtils.java:logGet(43)) - raft.server.log.statemachine.data.caching.enabled = true (custom)
2019-08-20 20:11:35,445 [pool-113-thread-1] INFO  server.RaftServerConfigKeys (ConfUtils.java:logGet(43)) - raft.server.log.queue.element-limit = 1024 (custom)
2019-08-20 20:11:35,444 [pool-124-thread-1] INFO  server.RaftServerConfigKeys (ConfUtils.java:logGet(43)) - raft.server.log.queue.element-limit = 1024 (custom)
2019-08-20 20:11:35,445 [pool-113-thread-1] INFO  server.RaftServerConfigKeys (ConfUtils.java:logGet(43)) - raft.server.log.segment.size.max = 1048576 (custom)
2019-08-20 20:11:35,445 [pool-124-thread-1] INFO  server.RaftServerConfigKeys (ConfUtils.java:logGet(43)) - raft.server.log.segment.size.max = 1048576 (custom)
2019-08-20 20:11:35,445 [pool-135-thread-1] INFO  segmented.SegmentedRaftLogWorker (SegmentedRaftLogWorker.java:lambda$new$0(132)) - 9c9e885b-70a3-4219-a375-4b42d50f0932-SegmentedRaftLogWorker:Storage Directory /workdir/hadoop-ozone/integration-test/target/test-dir/MiniOzoneClusterImpl-ccd8292b-f2d4-4ee8-aecb-a8ad671d8231/datanode-2/data/ratis/3282f895-a398-45b1-903c-ba916718fbc3: flushIndex: setUnconditionally 0 -> -1
2019-08-20 20:11:35,445 [pool-124-thread-1] INFO  server.RaftServerConfigKeys (ConfUtils.java:logGet(43)) - raft.server.log.preallocated.size = 16384 (custom)
2019-08-20 20:11:35,445 [pool-113-thread-1] INFO  server.RaftServerConfigKeys (ConfUtils.java:logGet(43)) - raft.server.log.preallocated.size = 16384 (custom)
2019-08-20 20:11:35,446 [pool-124-thread-1] INFO  server.RaftServerConfigKeys (ConfUtils.java:logGet(43)) - raft.server.log.write.buffer.size = 33554432 (custom)
2019-08-20 20:11:35,446 [pool-113-thread-1] INFO  server.RaftServerConfigKeys (ConfUtils.java:logGet(43)) - raft.server.log.write.buffer.size = 33554432 (custom)
2019-08-20 20:11:35,446 [pool-135-thread-1] INFO  server.RaftServerConfigKeys (ConfUtils.java:logGet(43)) - raft.server.snapshot.auto.trigger.enabled = true (custom)
2019-08-20 20:11:35,446 [pool-113-thread-1] INFO  server.RaftServerConfigKeys (ConfUtils.java:logGet(43)) - raft.server.log.force.sync.num = 128 (default)
2019-08-20 20:11:35,446 [pool-124-thread-1] INFO  server.RaftServerConfigKeys (ConfUtils.java:logGet(43)) - raft.server.log.force.sync.num = 128 (default)
2019-08-20 20:11:35,447 [pool-113-thread-1] INFO  server.RaftServerConfigKeys (ConfUtils.java:logGet(43)) - raft.server.log.statemachine.data.sync = true (default)
2019-08-20 20:11:35,447 [pool-135-thread-1] INFO  server.RaftServerConfigKeys (ConfUtils.java:logGet(43)) - raft.server.snapshot.auto.trigger.threshold = 10000 (custom)
2019-08-20 20:11:35,447 [pool-113-thread-1] INFO  server.RaftServerConfigKeys (ConfUtils.java:logGet(43)) - raft.server.log.statemachine.data.sync.timeout = 10s (default)
2019-08-20 20:11:35,447 [pool-124-thread-1] INFO  server.RaftServerConfigKeys (ConfUtils.java:logGet(43)) - raft.server.log.statemachine.data.sync = true (default)
2019-08-20 20:11:35,447 [pool-113-thread-1] INFO  server.RaftServerConfigKeys (ConfUtils.java:logGet(43)) - raft.server.log.statemachine.data.sync.timeout.retry = -1 (default)
2019-08-20 20:11:35,447 [pool-135-thread-1] INFO  server.RaftServerConfigKeys (ConfUtils.java:logGet(43)) - raft.server.retrycache.expirytime = 600000ms (custom)
2019-08-20 20:11:35,448 [pool-113-thread-1] INFO  server.RaftServerConfigKeys (ConfUtils.java:logGet(43)) - raft.server.log.statemachine.data.caching.enabled = true (custom)
2019-08-20 20:11:35,448 [pool-135-thread-1] INFO  impl.RaftServerImpl (RaftServerImpl.java:start(180)) - 9c9e885b-70a3-4219-a375-4b42d50f0932: start group-BA916718FBC3
2019-08-20 20:11:35,448 [pool-124-thread-1] INFO  server.RaftServerConfigKeys (ConfUtils.java:logGet(43)) - raft.server.log.statemachine.data.sync.timeout = 10s (default)
2019-08-20 20:11:35,448 [pool-113-thread-1] INFO  segmented.SegmentedRaftLogWorker (SegmentedRaftLogWorker.java:lambda$new$0(132)) - e2a48b6b-f66b-4b37-8155-ad5a694a0f88-SegmentedRaftLogWorker:Storage Directory /workdir/hadoop-ozone/integration-test/target/test-dir/MiniOzoneClusterImpl-ccd8292b-f2d4-4ee8-aecb-a8ad671d8231/datanode-0/data/ratis/3282f895-a398-45b1-903c-ba916718fbc3: flushIndex: setUnconditionally 0 -> -1
2019-08-20 20:11:35,448 [pool-135-thread-1] INFO  impl.RaftServerImpl (RaftServerImpl.java:setRole(171)) - 9c9e885b-70a3-4219-a375-4b42d50f0932:group-BA916718FBC3 changes role from null to FOLLOWER at term 0 for startAsFollower
2019-08-20 20:11:35,448 [pool-124-thread-1] INFO  server.RaftServerConfigKeys (ConfUtils.java:logGet(43)) - raft.server.log.statemachine.data.sync.timeout.retry = -1 (default)
2019-08-20 20:11:35,449 [pool-135-thread-1] INFO  impl.RoleInfo (RoleInfo.java:updateAndGet(143)) - 9c9e885b-70a3-4219-a375-4b42d50f0932: start FollowerState
2019-08-20 20:11:35,449 [pool-113-thread-1] INFO  server.RaftServerConfigKeys (ConfUtils.java:logGet(43)) - raft.server.snapshot.auto.trigger.enabled = true (custom)
2019-08-20 20:11:35,449 [pool-124-thread-1] INFO  server.RaftServerConfigKeys (ConfUtils.java:logGet(43)) - raft.server.log.statemachine.data.caching.enabled = true (custom)
2019-08-20 20:11:35,449 [pool-113-thread-1] INFO  server.RaftServerConfigKeys (ConfUtils.java:logGet(43)) - raft.server.snapshot.auto.trigger.threshold = 10000 (custom)
2019-08-20 20:11:35,450 [pool-124-thread-1] INFO  segmented.SegmentedRaftLogWorker (SegmentedRaftLogWorker.java:lambda$new$0(132)) - b22fd927-fbd8-4183-93bf-a63ecd3c86e6-SegmentedRaftLogWorker:Storage Directory /workdir/hadoop-ozone/integration-test/target/test-dir/MiniOzoneClusterImpl-ccd8292b-f2d4-4ee8-aecb-a8ad671d8231/datanode-1/data/ratis/3282f895-a398-45b1-903c-ba916718fbc3: flushIndex: setUnconditionally 0 -> -1
2019-08-20 20:11:35,450 [pool-113-thread-1] INFO  server.RaftServerConfigKeys (ConfUtils.java:logGet(43)) - raft.server.retrycache.expirytime = 600000ms (custom)
2019-08-20 20:11:35,450 [pool-135-thread-1] INFO  util.JmxRegister (JmxRegister.java:tryRegister(44)) - Successfully registered JMX Bean with object name Ratis:service=RaftServer,group=group-BA916718FBC3,id=9c9e885b-70a3-4219-a375-4b42d50f0932
2019-08-20 20:11:35,450 [pool-113-thread-1] INFO  impl.RaftServerImpl (RaftServerImpl.java:start(180)) - e2a48b6b-f66b-4b37-8155-ad5a694a0f88: start group-BA916718FBC3
2019-08-20 20:11:35,450 [pool-124-thread-1] INFO  server.RaftServerConfigKeys (ConfUtils.java:logGet(43)) - raft.server.snapshot.auto.trigger.enabled = true (custom)
2019-08-20 20:11:35,450 [pool-113-thread-1] INFO  impl.RaftServerImpl (RaftServerImpl.java:setRole(171)) - e2a48b6b-f66b-4b37-8155-ad5a694a0f88:group-BA916718FBC3 changes role from null to FOLLOWER at term 0 for startAsFollower
2019-08-20 20:11:35,451 [pool-124-thread-1] INFO  server.RaftServerConfigKeys (ConfUtils.java:logGet(43)) - raft.server.snapshot.auto.trigger.threshold = 10000 (custom)
2019-08-20 20:11:35,451 [pool-113-thread-1] INFO  impl.RoleInfo (RoleInfo.java:updateAndGet(143)) - e2a48b6b-f66b-4b37-8155-ad5a694a0f88: start FollowerState
2019-08-20 20:11:35,451 [pool-124-thread-1] INFO  server.RaftServerConfigKeys (ConfUtils.java:logGet(43)) - raft.server.retrycache.expirytime = 600000ms (custom)
2019-08-20 20:11:35,451 [pool-124-thread-1] INFO  impl.RaftServerImpl (RaftServerImpl.java:start(180)) - b22fd927-fbd8-4183-93bf-a63ecd3c86e6: start group-BA916718FBC3
2019-08-20 20:11:35,451 [pool-113-thread-1] INFO  util.JmxRegister (JmxRegister.java:tryRegister(44)) - Successfully registered JMX Bean with object name Ratis:service=RaftServer,group=group-BA916718FBC3,id=e2a48b6b-f66b-4b37-8155-ad5a694a0f88
2019-08-20 20:11:35,451 [pool-124-thread-1] INFO  impl.RaftServerImpl (RaftServerImpl.java:setRole(171)) - b22fd927-fbd8-4183-93bf-a63ecd3c86e6:group-BA916718FBC3 changes role from null to FOLLOWER at term 0 for startAsFollower
2019-08-20 20:11:35,452 [pool-124-thread-1] INFO  impl.RoleInfo (RoleInfo.java:updateAndGet(143)) - b22fd927-fbd8-4183-93bf-a63ecd3c86e6: start FollowerState
2019-08-20 20:11:35,454 [pool-124-thread-1] INFO  util.JmxRegister (JmxRegister.java:tryRegister(44)) - Successfully registered JMX Bean with object name Ratis:service=RaftServer,group=group-BA916718FBC3,id=b22fd927-fbd8-4183-93bf-a63ecd3c86e6
2019-08-20 20:11:35,462 [RatisPipelineUtilsThread] INFO  pipeline.PipelineStateManager (PipelineStateManager.java:addPipeline(56)) - Created pipeline Pipeline[ Id: 3282f895-a398-45b1-903c-ba916718fbc3, Nodes: 9c9e885b-70a3-4219-a375-4b42d50f0932{ip: 192.168.69.105, host: pr-hdds-165-w559s-1850982102, networkLocation: /default-rack, certSerialId: null}b22fd927-fbd8-4183-93bf-a63ecd3c86e6{ip: 192.168.69.105, host: pr-hdds-165-w559s-1850982102, networkLocation: /default-rack, certSerialId: null}e2a48b6b-f66b-4b37-8155-ad5a694a0f88{ip: 192.168.69.105, host: pr-hdds-165-w559s-1850982102, networkLocation: /default-rack, certSerialId: null}, Type:RATIS, Factor:THREE, State:OPEN]
2019-08-20 20:11:36,308 [Thread-330] INFO  ozone.MiniOzoneClusterImpl (MiniOzoneClusterImpl.java:lambda$waitForClusterToBeReady$0(142)) - Cluster is ready. Got 3 of 3 DN Heartbeats.
2019-08-20 20:11:36,309 [Thread-330] INFO  datanode.ObjectStoreHandler (ObjectStoreHandler.java:close(155)) - Closing ObjectStoreHandler.
2019-08-20 20:11:36,310 [Thread-330] INFO  ozone.HddsDatanodeService (HddsDatanodeService.java:stop(451)) - Stopped plug-in org.apache.hadoop.ozone.web.OzoneHddsDatanodeService@7ddaf7d1
2019-08-20 20:11:36,921 [Datanode State Machine Thread - 0] INFO  statemachine.DatanodeStateMachine (DatanodeStateMachine.java:lambda$startDaemon$0(350)) - Ozone container server started.
2019-08-20 20:11:37,117 | INFO  | SCMAudit | user=jenkins1000 | ip=192.168.69.105 | op=SEND_HEARTBEAT {datanodeUUID=b22fd927-fbd8-4183-93bf-a63ecd3c86e6, command=[]} | ret=SUCCESS |  
2019-08-20 20:11:37,311 | INFO  | SCMAudit | user=jenkins1000 | ip=192.168.69.105 | op=SEND_HEARTBEAT {datanodeUUID=9c9e885b-70a3-4219-a375-4b42d50f0932, command=[]} | ret=SUCCESS |  
2019-08-20 20:11:37,933 [Thread-502] INFO  container.ReplicationManager (ReplicationManager.java:start(152)) - Starting Replication Monitor Thread.
2019-08-20 20:11:37,936 [ReplicationMonitor] INFO  container.ReplicationManager (ReplicationManager.java:run(215)) - Replication Monitor Thread took 1 milliseconds for processing 0 containers.
2019-08-20 20:11:38,115 | INFO  | SCMAudit | user=jenkins1000 | ip=192.168.69.105 | op=SEND_HEARTBEAT {datanodeUUID=b22fd927-fbd8-4183-93bf-a63ecd3c86e6, command=[]} | ret=SUCCESS |  
2019-08-20 20:11:38,310 | INFO  | SCMAudit | user=jenkins1000 | ip=192.168.69.105 | op=SEND_HEARTBEAT {datanodeUUID=9c9e885b-70a3-4219-a375-4b42d50f0932, command=[]} | ret=SUCCESS |  
2019-08-20 20:11:39,116 | INFO  | SCMAudit | user=jenkins1000 | ip=192.168.69.105 | op=SEND_HEARTBEAT {datanodeUUID=b22fd927-fbd8-4183-93bf-a63ecd3c86e6, command=[]} | ret=SUCCESS |  
2019-08-20 20:11:39,310 | INFO  | SCMAudit | user=jenkins1000 | ip=192.168.69.105 | op=SEND_HEARTBEAT {datanodeUUID=9c9e885b-70a3-4219-a375-4b42d50f0932, command=[]} | ret=SUCCESS |  
2019-08-20 20:11:40,013 [Thread-504] INFO  impl.FollowerState (FollowerState.java:run(106)) - e2a48b6b-f66b-4b37-8155-ad5a694a0f88:group-15E1C96DF128 changes to CANDIDATE, lastRpcTime:5000, electionTimeout:5000ms
2019-08-20 20:11:40,013 [Thread-504] INFO  impl.RoleInfo (RoleInfo.java:shutdownFollowerState(121)) - e2a48b6b-f66b-4b37-8155-ad5a694a0f88: shutdown FollowerState
2019-08-20 20:11:40,013 [Thread-504] INFO  impl.RaftServerImpl (RaftServerImpl.java:setRole(171)) - e2a48b6b-f66b-4b37-8155-ad5a694a0f88:group-15E1C96DF128 changes role from FOLLOWER to CANDIDATE at term 0 for changeToCandidate
2019-08-20 20:11:40,014 [Thread-504] INFO  impl.RoleInfo (RoleInfo.java:updateAndGet(143)) - e2a48b6b-f66b-4b37-8155-ad5a694a0f88: start LeaderElection
2019-08-20 20:11:40,044 [e2a48b6b-f66b-4b37-8155-ad5a694a0f88:group-15E1C96DF128:LeaderElection9] INFO  impl.LeaderElection (LeaderElection.java:askForVotes(181)) - e2a48b6b-f66b-4b37-8155-ad5a694a0f88:group-15E1C96DF128:LeaderElection9: begin an election at term 1 for -1: [e2a48b6b-f66b-4b37-8155-ad5a694a0f88:192.168.69.105:39746], old=null
2019-08-20 20:11:40,044 [e2a48b6b-f66b-4b37-8155-ad5a694a0f88:group-15E1C96DF128:LeaderElection9] INFO  impl.RoleInfo (RoleInfo.java:shutdownLeaderElection(134)) - e2a48b6b-f66b-4b37-8155-ad5a694a0f88: shutdown LeaderElection
2019-08-20 20:11:40,044 [e2a48b6b-f66b-4b37-8155-ad5a694a0f88:group-15E1C96DF128:LeaderElection9] INFO  impl.RaftServerImpl (RaftServerImpl.java:setRole(171)) - e2a48b6b-f66b-4b37-8155-ad5a694a0f88:group-15E1C96DF128 changes role from CANDIDATE to LEADER at term 1 for changeToLeader
2019-08-20 20:11:40,045 [e2a48b6b-f66b-4b37-8155-ad5a694a0f88:group-15E1C96DF128:LeaderElection9] INFO  impl.RaftServerImpl (ServerState.java:setLeader(263)) - e2a48b6b-f66b-4b37-8155-ad5a694a0f88:group-15E1C96DF128 change Leader from null to e2a48b6b-f66b-4b37-8155-ad5a694a0f88 at term 1 for becomeLeader, leader elected after 5038ms
2019-08-20 20:11:40,045 [e2a48b6b-f66b-4b37-8155-ad5a694a0f88:group-15E1C96DF128:LeaderElection9] INFO  server.RaftServerConfigKeys (ConfUtils.java:logGet(43)) - raft.server.staging.catchup.gap = 1000 (default)
2019-08-20 20:11:40,045 [e2a48b6b-f66b-4b37-8155-ad5a694a0f88:group-15E1C96DF128:LeaderElection9] INFO  server.RaftServerConfigKeys (ConfUtils.java:logGet(43)) - raft.server.rpc.sleep.time = 25ms (default)
2019-08-20 20:11:40,045 [e2a48b6b-f66b-4b37-8155-ad5a694a0f88:group-15E1C96DF128:LeaderElection9] INFO  server.RaftServerConfigKeys (ConfUtils.java:logGet(43)) - raft.server.write.element-limit = 4096 (default)
2019-08-20 20:11:40,046 [e2a48b6b-f66b-4b37-8155-ad5a694a0f88:group-15E1C96DF128:LeaderElection9] INFO  server.RaftServerConfigKeys (ConfUtils.java:logGet(43)) - raft.server.watch.timeout = 10s (default)
2019-08-20 20:11:40,046 [e2a48b6b-f66b-4b37-8155-ad5a694a0f88:group-15E1C96DF128:LeaderElection9] INFO  server.RaftServerConfigKeys (ConfUtils.java:logGet(43)) - raft.server.watch.timeout.denomination = 1s (default)
2019-08-20 20:11:40,046 [e2a48b6b-f66b-4b37-8155-ad5a694a0f88:group-15E1C96DF128:LeaderElection9] INFO  server.RaftServerConfigKeys (ConfUtils.java:logGet(43)) - raft.server.watch.element-limit = 65536 (default)
2019-08-20 20:11:40,046 [e2a48b6b-f66b-4b37-8155-ad5a694a0f88:group-15E1C96DF128:LeaderElection9] INFO  impl.RoleInfo (RoleInfo.java:updateAndGet(143)) - e2a48b6b-f66b-4b37-8155-ad5a694a0f88: start LeaderState
2019-08-20 20:11:40,047 [e2a48b6b-f66b-4b37-8155-ad5a694a0f88:group-15E1C96DF128:LeaderElection9] INFO  segmented.SegmentedRaftLogWorker (SegmentedRaftLogWorker.java:startLogSegment(380)) - e2a48b6b-f66b-4b37-8155-ad5a694a0f88-SegmentedRaftLogWorker:Storage Directory /workdir/hadoop-ozone/integration-test/target/test-dir/MiniOzoneClusterImpl-ccd8292b-f2d4-4ee8-aecb-a8ad671d8231/datanode-0/data/ratis/858ac3e9-5852-4db0-9c44-15e1c96df128: Starting segment from index:0
2019-08-20 20:11:40,048 [e2a48b6b-f66b-4b37-8155-ad5a694a0f88:group-15E1C96DF128:LeaderElection9] INFO  impl.RaftServerImpl (ServerState.java:setRaftConf(361)) - e2a48b6b-f66b-4b37-8155-ad5a694a0f88:group-15E1C96DF128 set configuration 0: [e2a48b6b-f66b-4b37-8155-ad5a694a0f88:192.168.69.105:39746], old=null at 0
2019-08-20 20:11:40,115 [e2a48b6b-f66b-4b37-8155-ad5a694a0f88-SegmentedRaftLogWorker:Storage Directory /workdir/hadoop-ozone/integration-test/target/test-dir/MiniOzoneClusterImpl-ccd8292b-f2d4-4ee8-aecb-a8ad671d8231/datanode-0/data/ratis/858ac3e9-5852-4db0-9c44-15e1c96df128] INFO  segmented.SegmentedRaftLogWorker (SegmentedRaftLogWorker.java:execute(569)) - e2a48b6b-f66b-4b37-8155-ad5a694a0f88-SegmentedRaftLogWorker:Storage Directory /workdir/hadoop-ozone/integration-test/target/test-dir/MiniOzoneClusterImpl-ccd8292b-f2d4-4ee8-aecb-a8ad671d8231/datanode-0/data/ratis/858ac3e9-5852-4db0-9c44-15e1c96df128: created new log segment /workdir/hadoop-ozone/integration-test/target/test-dir/MiniOzoneClusterImpl-ccd8292b-f2d4-4ee8-aecb-a8ad671d8231/datanode-0/data/ratis/858ac3e9-5852-4db0-9c44-15e1c96df128/current/log_inprogress_0
2019-08-20 20:11:40,117 | INFO  | SCMAudit | user=jenkins1000 | ip=192.168.69.105 | op=SEND_HEARTBEAT {datanodeUUID=b22fd927-fbd8-4183-93bf-a63ecd3c86e6, command=[]} | ret=SUCCESS |  
2019-08-20 20:11:40,310 | INFO  | SCMAudit | user=jenkins1000 | ip=192.168.69.105 | op=SEND_HEARTBEAT {datanodeUUID=9c9e885b-70a3-4219-a375-4b42d50f0932, command=[]} | ret=SUCCESS |  
2019-08-20 20:11:40,361 [Thread-507] INFO  impl.FollowerState (FollowerState.java:run(106)) - b22fd927-fbd8-4183-93bf-a63ecd3c86e6:group-5B48B2BA3EFF changes to CANDIDATE, lastRpcTime:5192, electionTimeout:5192ms
2019-08-20 20:11:40,361 [Thread-507] INFO  impl.RoleInfo (RoleInfo.java:shutdownFollowerState(121)) - b22fd927-fbd8-4183-93bf-a63ecd3c86e6: shutdown FollowerState
2019-08-20 20:11:40,362 [Thread-507] INFO  impl.RaftServerImpl (RaftServerImpl.java:setRole(171)) - b22fd927-fbd8-4183-93bf-a63ecd3c86e6:group-5B48B2BA3EFF changes role from FOLLOWER to CANDIDATE at term 0 for changeToCandidate
2019-08-20 20:11:40,362 [Thread-507] INFO  impl.RoleInfo (RoleInfo.java:updateAndGet(143)) - b22fd927-fbd8-4183-93bf-a63ecd3c86e6: start LeaderElection
2019-08-20 20:11:40,373 [EventQueue-StaleNodeForStaleNodeHandler] INFO  node.StaleNodeHandler (StaleNodeHandler.java:onMessage(58)) - Datanode e2a48b6b-f66b-4b37-8155-ad5a694a0f88{ip: 192.168.69.105, host: pr-hdds-165-w559s-1850982102, networkLocation: /default-rack, certSerialId: null} moved to stale state. Finalizing its pipelines [PipelineID=858ac3e9-5852-4db0-9c44-15e1c96df128, PipelineID=3282f895-a398-45b1-903c-ba916718fbc3]
2019-08-20 20:11:40,374 [EventQueue-StaleNodeForStaleNodeHandler] INFO  pipeline.SCMPipelineManager (SCMPipelineManager.java:finalizeAndDestroyPipeline(309)) - destroying pipeline:Pipeline[ Id: 858ac3e9-5852-4db0-9c44-15e1c96df128, Nodes: e2a48b6b-f66b-4b37-8155-ad5a694a0f88{ip: 192.168.69.105, host: pr-hdds-165-w559s-1850982102, networkLocation: /default-rack, certSerialId: null}, Type:RATIS, Factor:ONE, State:OPEN]
2019-08-20 20:11:40,374 [EventQueue-StaleNodeForStaleNodeHandler] INFO  pipeline.PipelineStateManager (PipelineStateManager.java:finalizePipeline(123)) - Pipeline Pipeline[ Id: 858ac3e9-5852-4db0-9c44-15e1c96df128, Nodes: e2a48b6b-f66b-4b37-8155-ad5a694a0f88{ip: 192.168.69.105, host: pr-hdds-165-w559s-1850982102, networkLocation: /default-rack, certSerialId: null}, Type:RATIS, Factor:ONE, State:CLOSED] moved to CLOSED state
2019-08-20 20:11:40,377 [EventQueue-StaleNodeForStaleNodeHandler] INFO  pipeline.SCMPipelineManager (SCMPipelineManager.java:finalizeAndDestroyPipeline(309)) - destroying pipeline:Pipeline[ Id: 3282f895-a398-45b1-903c-ba916718fbc3, Nodes: 9c9e885b-70a3-4219-a375-4b42d50f0932{ip: 192.168.69.105, host: pr-hdds-165-w559s-1850982102, networkLocation: /default-rack, certSerialId: null}b22fd927-fbd8-4183-93bf-a63ecd3c86e6{ip: 192.168.69.105, host: pr-hdds-165-w559s-1850982102, networkLocation: /default-rack, certSerialId: null}e2a48b6b-f66b-4b37-8155-ad5a694a0f88{ip: 192.168.69.105, host: pr-hdds-165-w559s-1850982102, networkLocation: /default-rack, certSerialId: null}, Type:RATIS, Factor:THREE, State:OPEN]
2019-08-20 20:11:40,377 [EventQueue-StaleNodeForStaleNodeHandler] INFO  pipeline.PipelineStateManager (PipelineStateManager.java:finalizePipeline(123)) - Pipeline Pipeline[ Id: 3282f895-a398-45b1-903c-ba916718fbc3, Nodes: 9c9e885b-70a3-4219-a375-4b42d50f0932{ip: 192.168.69.105, host: pr-hdds-165-w559s-1850982102, networkLocation: /default-rack, certSerialId: null}b22fd927-fbd8-4183-93bf-a63ecd3c86e6{ip: 192.168.69.105, host: pr-hdds-165-w559s-1850982102, networkLocation: /default-rack, certSerialId: null}e2a48b6b-f66b-4b37-8155-ad5a694a0f88{ip: 192.168.69.105, host: pr-hdds-165-w559s-1850982102, networkLocation: /default-rack, certSerialId: null}, Type:RATIS, Factor:THREE, State:CLOSED] moved to CLOSED state
2019-08-20 20:11:40,398 [b22fd927-fbd8-4183-93bf-a63ecd3c86e6:group-5B48B2BA3EFF:LeaderElection10] INFO  impl.LeaderElection (LeaderElection.java:askForVotes(181)) - b22fd927-fbd8-4183-93bf-a63ecd3c86e6:group-5B48B2BA3EFF:LeaderElection10: begin an election at term 1 for -1: [b22fd927-fbd8-4183-93bf-a63ecd3c86e6:192.168.69.105:37799], old=null
2019-08-20 20:11:40,398 [b22fd927-fbd8-4183-93bf-a63ecd3c86e6:group-5B48B2BA3EFF:LeaderElection10] INFO  impl.RoleInfo (RoleInfo.java:shutdownLeaderElection(134)) - b22fd927-fbd8-4183-93bf-a63ecd3c86e6: shutdown LeaderElection
2019-08-20 20:11:40,398 [b22fd927-fbd8-4183-93bf-a63ecd3c86e6:group-5B48B2BA3EFF:LeaderElection10] INFO  impl.RaftServerImpl (RaftServerImpl.java:setRole(171)) - b22fd927-fbd8-4183-93bf-a63ecd3c86e6:group-5B48B2BA3EFF changes role from CANDIDATE to LEADER at term 1 for changeToLeader
2019-08-20 20:11:40,398 [b22fd927-fbd8-4183-93bf-a63ecd3c86e6:group-5B48B2BA3EFF:LeaderElection10] INFO  impl.RaftServerImpl (ServerState.java:setLeader(263)) - b22fd927-fbd8-4183-93bf-a63ecd3c86e6:group-5B48B2BA3EFF change Leader from null to b22fd927-fbd8-4183-93bf-a63ecd3c86e6 at term 1 for becomeLeader, leader elected after 5235ms
2019-08-20 20:11:40,398 [b22fd927-fbd8-4183-93bf-a63ecd3c86e6:group-5B48B2BA3EFF:LeaderElection10] INFO  server.RaftServerConfigKeys (ConfUtils.java:logGet(43)) - raft.server.staging.catchup.gap = 1000 (default)
2019-08-20 20:11:40,399 [b22fd927-fbd8-4183-93bf-a63ecd3c86e6:group-5B48B2BA3EFF:LeaderElection10] INFO  server.RaftServerConfigKeys (ConfUtils.java:logGet(43)) - raft.server.rpc.sleep.time = 25ms (default)
2019-08-20 20:11:40,399 [b22fd927-fbd8-4183-93bf-a63ecd3c86e6:group-5B48B2BA3EFF:LeaderElection10] INFO  server.RaftServerConfigKeys (ConfUtils.java:logGet(43)) - raft.server.write.element-limit = 4096 (default)
2019-08-20 20:11:40,399 [b22fd927-fbd8-4183-93bf-a63ecd3c86e6:group-5B48B2BA3EFF:LeaderElection10] INFO  server.RaftServerConfigKeys (ConfUtils.java:logGet(43)) - raft.server.watch.timeout = 10s (default)
2019-08-20 20:11:40,399 [b22fd927-fbd8-4183-93bf-a63ecd3c86e6:group-5B48B2BA3EFF:LeaderElection10] INFO  server.RaftServerConfigKeys (ConfUtils.java:logGet(43)) - raft.server.watch.timeout.denomination = 1s (default)
2019-08-20 20:11:40,400 [b22fd927-fbd8-4183-93bf-a63ecd3c86e6:group-5B48B2BA3EFF:LeaderElection10] INFO  server.RaftServerConfigKeys (ConfUtils.java:logGet(43)) - raft.server.watch.element-limit = 65536 (default)
2019-08-20 20:11:40,400 [b22fd927-fbd8-4183-93bf-a63ecd3c86e6:group-5B48B2BA3EFF:LeaderElection10] INFO  impl.RoleInfo (RoleInfo.java:updateAndGet(143)) - b22fd927-fbd8-4183-93bf-a63ecd3c86e6: start LeaderState
2019-08-20 20:11:40,400 [b22fd927-fbd8-4183-93bf-a63ecd3c86e6:group-5B48B2BA3EFF:LeaderElection10] INFO  segmented.SegmentedRaftLogWorker (SegmentedRaftLogWorker.java:startLogSegment(380)) - b22fd927-fbd8-4183-93bf-a63ecd3c86e6-SegmentedRaftLogWorker:Storage Directory /workdir/hadoop-ozone/integration-test/target/test-dir/MiniOzoneClusterImpl-ccd8292b-f2d4-4ee8-aecb-a8ad671d8231/datanode-1/data/ratis/05b6df10-6af0-42ed-8935-5b48b2ba3eff: Starting segment from index:0
2019-08-20 20:11:40,401 [b22fd927-fbd8-4183-93bf-a63ecd3c86e6:group-5B48B2BA3EFF:LeaderElection10] INFO  impl.RaftServerImpl (ServerState.java:setRaftConf(361)) - b22fd927-fbd8-4183-93bf-a63ecd3c86e6:group-5B48B2BA3EFF set configuration 0: [b22fd927-fbd8-4183-93bf-a63ecd3c86e6:192.168.69.105:37799], old=null at 0
2019-08-20 20:11:40,437 [Thread-510] INFO  impl.FollowerState (FollowerState.java:run(106)) - 9c9e885b-70a3-4219-a375-4b42d50f0932:group-26A1C0EDEC5C changes to CANDIDATE, lastRpcTime:5068, electionTimeout:5067ms
2019-08-20 20:11:40,437 [Thread-510] INFO  impl.RoleInfo (RoleInfo.java:shutdownFollowerState(121)) - 9c9e885b-70a3-4219-a375-4b42d50f0932: shutdown FollowerState
2019-08-20 20:11:40,437 [Thread-510] INFO  impl.RaftServerImpl (RaftServerImpl.java:setRole(171)) - 9c9e885b-70a3-4219-a375-4b42d50f0932:group-26A1C0EDEC5C changes role from FOLLOWER to CANDIDATE at term 0 for changeToCandidate
2019-08-20 20:11:40,437 [Thread-510] INFO  impl.RoleInfo (RoleInfo.java:updateAndGet(143)) - 9c9e885b-70a3-4219-a375-4b42d50f0932: start LeaderElection
2019-08-20 20:11:40,450 [b22fd927-fbd8-4183-93bf-a63ecd3c86e6-SegmentedRaftLogWorker:Storage Directory /workdir/hadoop-ozone/integration-test/target/test-dir/MiniOzoneClusterImpl-ccd8292b-f2d4-4ee8-aecb-a8ad671d8231/datanode-1/data/ratis/05b6df10-6af0-42ed-8935-5b48b2ba3eff] INFO  segmented.SegmentedRaftLogWorker (SegmentedRaftLogWorker.java:execute(569)) - b22fd927-fbd8-4183-93bf-a63ecd3c86e6-SegmentedRaftLogWorker:Storage Directory /workdir/hadoop-ozone/integration-test/target/test-dir/MiniOzoneClusterImpl-ccd8292b-f2d4-4ee8-aecb-a8ad671d8231/datanode-1/data/ratis/05b6df10-6af0-42ed-8935-5b48b2ba3eff: created new log segment /workdir/hadoop-ozone/integration-test/target/test-dir/MiniOzoneClusterImpl-ccd8292b-f2d4-4ee8-aecb-a8ad671d8231/datanode-1/data/ratis/05b6df10-6af0-42ed-8935-5b48b2ba3eff/current/log_inprogress_0
2019-08-20 20:11:40,450 [9c9e885b-70a3-4219-a375-4b42d50f0932:group-26A1C0EDEC5C:LeaderElection11] INFO  impl.LeaderElection (LeaderElection.java:askForVotes(181)) - 9c9e885b-70a3-4219-a375-4b42d50f0932:group-26A1C0EDEC5C:LeaderElection11: begin an election at term 1 for -1: [9c9e885b-70a3-4219-a375-4b42d50f0932:192.168.69.105:40714], old=null
2019-08-20 20:11:40,450 [9c9e885b-70a3-4219-a375-4b42d50f0932:group-26A1C0EDEC5C:LeaderElection11] INFO  impl.RoleInfo (RoleInfo.java:shutdownLeaderElection(134)) - 9c9e885b-70a3-4219-a375-4b42d50f0932: shutdown LeaderElection
2019-08-20 20:11:40,451 [9c9e885b-70a3-4219-a375-4b42d50f0932:group-26A1C0EDEC5C:LeaderElection11] INFO  impl.RaftServerImpl (RaftServerImpl.java:setRole(171)) - 9c9e885b-70a3-4219-a375-4b42d50f0932:group-26A1C0EDEC5C changes role from CANDIDATE to LEADER at term 1 for changeToLeader
2019-08-20 20:11:40,451 [9c9e885b-70a3-4219-a375-4b42d50f0932:group-26A1C0EDEC5C:LeaderElection11] INFO  impl.RaftServerImpl (ServerState.java:setLeader(263)) - 9c9e885b-70a3-4219-a375-4b42d50f0932:group-26A1C0EDEC5C change Leader from null to 9c9e885b-70a3-4219-a375-4b42d50f0932 at term 1 for becomeLeader, leader elected after 5087ms
2019-08-20 20:11:40,451 [9c9e885b-70a3-4219-a375-4b42d50f0932:group-26A1C0EDEC5C:LeaderElection11] INFO  server.RaftServerConfigKeys (ConfUtils.java:logGet(43)) - raft.server.staging.catchup.gap = 1000 (default)
2019-08-20 20:11:40,451 [9c9e885b-70a3-4219-a375-4b42d50f0932:group-26A1C0EDEC5C:LeaderElection11] INFO  server.RaftServerConfigKeys (ConfUtils.java:logGet(43)) - raft.server.rpc.sleep.time = 25ms (default)
2019-08-20 20:11:40,451 [9c9e885b-70a3-4219-a375-4b42d50f0932:group-26A1C0EDEC5C:LeaderElection11] INFO  server.RaftServerConfigKeys (ConfUtils.java:logGet(43)) - raft.server.write.element-limit = 4096 (default)
2019-08-20 20:11:40,452 [9c9e885b-70a3-4219-a375-4b42d50f0932:group-26A1C0EDEC5C:LeaderElection11] INFO  server.RaftServerConfigKeys (ConfUtils.java:logGet(43)) - raft.server.watch.timeout = 10s (default)
2019-08-20 20:11:40,452 [9c9e885b-70a3-4219-a375-4b42d50f0932:group-26A1C0EDEC5C:LeaderElection11] INFO  server.RaftServerConfigKeys (ConfUtils.java:logGet(43)) - raft.server.watch.timeout.denomination = 1s (default)
2019-08-20 20:11:40,452 [9c9e885b-70a3-4219-a375-4b42d50f0932:group-26A1C0EDEC5C:LeaderElection11] INFO  server.RaftServerConfigKeys (ConfUtils.java:logGet(43)) - raft.server.watch.element-limit = 65536 (default)
2019-08-20 20:11:40,452 [9c9e885b-70a3-4219-a375-4b42d50f0932:group-26A1C0EDEC5C:LeaderElection11] INFO  impl.RoleInfo (RoleInfo.java:updateAndGet(143)) - 9c9e885b-70a3-4219-a375-4b42d50f0932: start LeaderState
2019-08-20 20:11:40,453 [9c9e885b-70a3-4219-a375-4b42d50f0932:group-26A1C0EDEC5C:LeaderElection11] INFO  segmented.SegmentedRaftLogWorker (SegmentedRaftLogWorker.java:startLogSegment(380)) - 9c9e885b-70a3-4219-a375-4b42d50f0932-SegmentedRaftLogWorker:Storage Directory /workdir/hadoop-ozone/integration-test/target/test-dir/MiniOzoneClusterImpl-ccd8292b-f2d4-4ee8-aecb-a8ad671d8231/datanode-2/data/ratis/e91c54d3-b375-4087-b96c-26a1c0edec5c: Starting segment from index:0
2019-08-20 20:11:40,453 [9c9e885b-70a3-4219-a375-4b42d50f0932:group-26A1C0EDEC5C:LeaderElection11] INFO  impl.RaftServerImpl (ServerState.java:setRaftConf(361)) - 9c9e885b-70a3-4219-a375-4b42d50f0932:group-26A1C0EDEC5C set configuration 0: [9c9e885b-70a3-4219-a375-4b42d50f0932:192.168.69.105:40714], old=null at 0
2019-08-20 20:11:40,520 [9c9e885b-70a3-4219-a375-4b42d50f0932-SegmentedRaftLogWorker:Storage Directory /workdir/hadoop-ozone/integration-test/target/test-dir/MiniOzoneClusterImpl-ccd8292b-f2d4-4ee8-aecb-a8ad671d8231/datanode-2/data/ratis/e91c54d3-b375-4087-b96c-26a1c0edec5c] INFO  segmented.SegmentedRaftLogWorker (SegmentedRaftLogWorker.java:execute(569)) - 9c9e885b-70a3-4219-a375-4b42d50f0932-SegmentedRaftLogWorker:Storage Directory /workdir/hadoop-ozone/integration-test/target/test-dir/MiniOzoneClusterImpl-ccd8292b-f2d4-4ee8-aecb-a8ad671d8231/datanode-2/data/ratis/e91c54d3-b375-4087-b96c-26a1c0edec5c: created new log segment /workdir/hadoop-ozone/integration-test/target/test-dir/MiniOzoneClusterImpl-ccd8292b-f2d4-4ee8-aecb-a8ad671d8231/datanode-2/data/ratis/e91c54d3-b375-4087-b96c-26a1c0edec5c/current/log_inprogress_0
2019-08-20 20:11:40,531 [Thread-513] INFO  impl.FollowerState (FollowerState.java:run(106)) - 9c9e885b-70a3-4219-a375-4b42d50f0932:group-BA916718FBC3 changes to CANDIDATE, lastRpcTime:5081, electionTimeout:5081ms
2019-08-20 20:11:40,531 [Thread-513] INFO  impl.RoleInfo (RoleInfo.java:shutdownFollowerState(121)) - 9c9e885b-70a3-4219-a375-4b42d50f0932: shutdown FollowerState
2019-08-20 20:11:40,531 [Thread-513] INFO  impl.RaftServerImpl (RaftServerImpl.java:setRole(171)) - 9c9e885b-70a3-4219-a375-4b42d50f0932:group-BA916718FBC3 changes role from FOLLOWER to CANDIDATE at term 0 for changeToCandidate
2019-08-20 20:11:40,531 [Thread-513] INFO  impl.RoleInfo (RoleInfo.java:updateAndGet(143)) - 9c9e885b-70a3-4219-a375-4b42d50f0932: start LeaderElection
2019-08-20 20:11:40,547 [9c9e885b-70a3-4219-a375-4b42d50f0932:group-BA916718FBC3:LeaderElection12] INFO  impl.LeaderElection (LeaderElection.java:askForVotes(181)) - 9c9e885b-70a3-4219-a375-4b42d50f0932:group-BA916718FBC3:LeaderElection12: begin an election at term 1 for -1: [b22fd927-fbd8-4183-93bf-a63ecd3c86e6:192.168.69.105:37799, e2a48b6b-f66b-4b37-8155-ad5a694a0f88:192.168.69.105:39746, 9c9e885b-70a3-4219-a375-4b42d50f0932:192.168.69.105:40714], old=null
2019-08-20 20:11:40,560 [grpc-default-executor-1] INFO  impl.RaftServerImpl (RaftServerImpl.java:setRole(171)) - e2a48b6b-f66b-4b37-8155-ad5a694a0f88:group-BA916718FBC3 changes role from FOLLOWER to FOLLOWER at term 1 for recognizeCandidate:9c9e885b-70a3-4219-a375-4b42d50f0932
2019-08-20 20:11:40,560 [grpc-default-executor-2] INFO  impl.RaftServerImpl (RaftServerImpl.java:setRole(171)) - b22fd927-fbd8-4183-93bf-a63ecd3c86e6:group-BA916718FBC3 changes role from FOLLOWER to FOLLOWER at term 1 for recognizeCandidate:9c9e885b-70a3-4219-a375-4b42d50f0932
2019-08-20 20:11:40,560 [grpc-default-executor-1] INFO  impl.RoleInfo (RoleInfo.java:shutdownFollowerState(121)) - e2a48b6b-f66b-4b37-8155-ad5a694a0f88: shutdown FollowerState
2019-08-20 20:11:40,560 [grpc-default-executor-2] INFO  impl.RoleInfo (RoleInfo.java:shutdownFollowerState(121)) - b22fd927-fbd8-4183-93bf-a63ecd3c86e6: shutdown FollowerState
2019-08-20 20:11:40,560 [grpc-default-executor-1] INFO  impl.RoleInfo (RoleInfo.java:updateAndGet(143)) - e2a48b6b-f66b-4b37-8155-ad5a694a0f88: start FollowerState
2019-08-20 20:11:40,561 [Thread-518] INFO  impl.FollowerState (FollowerState.java:run(114)) - b22fd927-fbd8-4183-93bf-a63ecd3c86e6: FollowerState was interrupted: java.lang.InterruptedException: sleep interrupted
2019-08-20 20:11:40,561 [Thread-516] INFO  impl.FollowerState (FollowerState.java:run(114)) - e2a48b6b-f66b-4b37-8155-ad5a694a0f88: FollowerState was interrupted: java.lang.InterruptedException: sleep interrupted
2019-08-20 20:11:40,561 [grpc-default-executor-2] INFO  impl.RoleInfo (RoleInfo.java:updateAndGet(143)) - b22fd927-fbd8-4183-93bf-a63ecd3c86e6: start FollowerState
2019-08-20 20:11:40,580 [9c9e885b-70a3-4219-a375-4b42d50f0932:group-BA916718FBC3:LeaderElection12] INFO  impl.LeaderElection (LeaderElection.java:logAndReturn(56)) - 9c9e885b-70a3-4219-a375-4b42d50f0932:group-BA916718FBC3:LeaderElection12: Election PASSED; received 1 response(s) [9c9e885b-70a3-4219-a375-4b42d50f0932<-e2a48b6b-f66b-4b37-8155-ad5a694a0f88#0:OK-t1] and 0 exception(s); 9c9e885b-70a3-4219-a375-4b42d50f0932:t1, leader=null, voted=9c9e885b-70a3-4219-a375-4b42d50f0932, raftlog=9c9e885b-70a3-4219-a375-4b42d50f0932-SegmentedRaftLog:OPENED:c-1,f-1,i0, conf=-1: [b22fd927-fbd8-4183-93bf-a63ecd3c86e6:192.168.69.105:37799, e2a48b6b-f66b-4b37-8155-ad5a694a0f88:192.168.69.105:39746, 9c9e885b-70a3-4219-a375-4b42d50f0932:192.168.69.105:40714], old=null
2019-08-20 20:11:40,580 [9c9e885b-70a3-4219-a375-4b42d50f0932:group-BA916718FBC3:LeaderElection12] INFO  impl.RoleInfo (RoleInfo.java:shutdownLeaderElection(134)) - 9c9e885b-70a3-4219-a375-4b42d50f0932: shutdown LeaderElection
2019-08-20 20:11:40,582 [9c9e885b-70a3-4219-a375-4b42d50f0932:group-BA916718FBC3:LeaderElection12] INFO  impl.RaftServerImpl (RaftServerImpl.java:setRole(171)) - 9c9e885b-70a3-4219-a375-4b42d50f0932:group-BA916718FBC3 changes role from CANDIDATE to LEADER at term 1 for changeToLeader
2019-08-20 20:11:40,582 [9c9e885b-70a3-4219-a375-4b42d50f0932:group-BA916718FBC3:LeaderElection12] INFO  impl.RaftServerImpl (ServerState.java:setLeader(263)) - 9c9e885b-70a3-4219-a375-4b42d50f0932:group-BA916718FBC3 change Leader from null to 9c9e885b-70a3-4219-a375-4b42d50f0932 at term 1 for becomeLeader, leader elected after 5143ms
2019-08-20 20:11:40,582 [9c9e885b-70a3-4219-a375-4b42d50f0932:group-BA916718FBC3:LeaderElection12] INFO  server.RaftServerConfigKeys (ConfUtils.java:logGet(43)) - raft.server.staging.catchup.gap = 1000 (default)
2019-08-20 20:11:40,583 [9c9e885b-70a3-4219-a375-4b42d50f0932:group-BA916718FBC3:LeaderElection12] INFO  server.RaftServerConfigKeys (ConfUtils.java:logGet(43)) - raft.server.rpc.sleep.time = 25ms (default)
2019-08-20 20:11:40,583 [9c9e885b-70a3-4219-a375-4b42d50f0932:group-BA916718FBC3:LeaderElection12] INFO  server.RaftServerConfigKeys (ConfUtils.java:logGet(43)) - raft.server.write.element-limit = 4096 (default)
2019-08-20 20:11:40,583 [9c9e885b-70a3-4219-a375-4b42d50f0932:group-BA916718FBC3:LeaderElection12] INFO  server.RaftServerConfigKeys (ConfUtils.java:logGet(43)) - raft.server.watch.timeout = 10s (default)
2019-08-20 20:11:40,583 [9c9e885b-70a3-4219-a375-4b42d50f0932:group-BA916718FBC3:LeaderElection12] INFO  server.RaftServerConfigKeys (ConfUtils.java:logGet(43)) - raft.server.watch.timeout.denomination = 1s (default)
2019-08-20 20:11:40,583 [9c9e885b-70a3-4219-a375-4b42d50f0932:group-BA916718FBC3:LeaderElection12] INFO  server.RaftServerConfigKeys (ConfUtils.java:logGet(43)) - raft.server.watch.element-limit = 65536 (default)
2019-08-20 20:11:40,584 [9c9e885b-70a3-4219-a375-4b42d50f0932:group-BA916718FBC3:LeaderElection12] INFO  server.RaftServerConfigKeys (ConfUtils.java:logGet(43)) - raft.server.log.appender.snapshot.chunk.size.max = 16MB (=16777216) (default)
2019-08-20 20:11:40,584 [9c9e885b-70a3-4219-a375-4b42d50f0932:group-BA916718FBC3:LeaderElection12] INFO  server.RaftServerConfigKeys (ConfUtils.java:logGet(43)) - raft.server.log.appender.buffer.byte-limit = 33554432 (custom)
2019-08-20 20:11:40,584 [9c9e885b-70a3-4219-a375-4b42d50f0932:group-BA916718FBC3:LeaderElection12] INFO  server.RaftServerConfigKeys (ConfUtils.java:logGet(43)) - raft.server.log.appender.buffer.element-limit = 1 (custom)
2019-08-20 20:11:40,585 [9c9e885b-70a3-4219-a375-4b42d50f0932:group-BA916718FBC3:LeaderElection12] INFO  grpc.GrpcConfigKeys$Server (ConfUtils.java:logGet(43)) - raft.grpc.server.leader.outstanding.appends.max = 128 (default)
2019-08-20 20:11:40,585 [9c9e885b-70a3-4219-a375-4b42d50f0932:group-BA916718FBC3:LeaderElection12] INFO  server.RaftServerConfigKeys (ConfUtils.java:logGet(43)) - raft.server.rpc.request.timeout = 3000ms (default)
2019-08-20 20:11:40,585 [9c9e885b-70a3-4219-a375-4b42d50f0932:group-BA916718FBC3:LeaderElection12] INFO  server.RaftServerConfigKeys (ConfUtils.java:logGet(43)) - raft.server.log.appender.install.snapshot.enabled = false (custom)
2019-08-20 20:11:40,585 [9c9e885b-70a3-4219-a375-4b42d50f0932:group-BA916718FBC3:LeaderElection12] INFO  server.RaftServerConfigKeys (ConfUtils.java:logGet(43)) - raft.server.log.appender.snapshot.chunk.size.max = 16MB (=16777216) (default)
2019-08-20 20:11:40,586 [9c9e885b-70a3-4219-a375-4b42d50f0932:group-BA916718FBC3:LeaderElection12] INFO  server.RaftServerConfigKeys (ConfUtils.java:logGet(43)) - raft.server.log.appender.buffer.byte-limit = 33554432 (custom)
2019-08-20 20:11:40,586 [9c9e885b-70a3-4219-a375-4b42d50f0932:group-BA916718FBC3:LeaderElection12] INFO  server.RaftServerConfigKeys (ConfUtils.java:logGet(43)) - raft.server.log.appender.buffer.element-limit = 1 (custom)
2019-08-20 20:11:40,586 [9c9e885b-70a3-4219-a375-4b42d50f0932:group-BA916718FBC3:LeaderElection12] INFO  grpc.GrpcConfigKeys$Server (ConfUtils.java:logGet(43)) - raft.grpc.server.leader.outstanding.appends.max = 128 (default)
2019-08-20 20:11:40,586 [9c9e885b-70a3-4219-a375-4b42d50f0932:group-BA916718FBC3:LeaderElection12] INFO  server.RaftServerConfigKeys (ConfUtils.java:logGet(43)) - raft.server.rpc.request.timeout = 3000ms (default)
2019-08-20 20:11:40,587 [9c9e885b-70a3-4219-a375-4b42d50f0932:group-BA916718FBC3:LeaderElection12] INFO  server.RaftServerConfigKeys (ConfUtils.java:logGet(43)) - raft.server.log.appender.install.snapshot.enabled = false (custom)
2019-08-20 20:11:40,587 [9c9e885b-70a3-4219-a375-4b42d50f0932:group-BA916718FBC3:LeaderElection12] INFO  impl.RoleInfo (RoleInfo.java:updateAndGet(143)) - 9c9e885b-70a3-4219-a375-4b42d50f0932: start LeaderState
2019-08-20 20:11:40,587 [9c9e885b-70a3-4219-a375-4b42d50f0932:group-BA916718FBC3:LeaderElection12] INFO  segmented.SegmentedRaftLogWorker (SegmentedRaftLogWorker.java:startLogSegment(380)) - 9c9e885b-70a3-4219-a375-4b42d50f0932-SegmentedRaftLogWorker:Storage Directory /workdir/hadoop-ozone/integration-test/target/test-dir/MiniOzoneClusterImpl-ccd8292b-f2d4-4ee8-aecb-a8ad671d8231/datanode-2/data/ratis/3282f895-a398-45b1-903c-ba916718fbc3: Starting segment from index:0
2019-08-20 20:11:40,588 [9c9e885b-70a3-4219-a375-4b42d50f0932:group-BA916718FBC3:LeaderElection12] INFO  impl.RaftServerImpl (ServerState.java:setRaftConf(361)) - 9c9e885b-70a3-4219-a375-4b42d50f0932:group-BA916718FBC3 set configuration 0: [b22fd927-fbd8-4183-93bf-a63ecd3c86e6:192.168.69.105:37799, e2a48b6b-f66b-4b37-8155-ad5a694a0f88:192.168.69.105:39746, 9c9e885b-70a3-4219-a375-4b42d50f0932:192.168.69.105:40714], old=null at 0
2019-08-20 20:11:40,626 [grpc-default-executor-1] INFO  impl.RaftServerImpl (ServerState.java:setLeader(263)) - b22fd927-fbd8-4183-93bf-a63ecd3c86e6:group-BA916718FBC3 change Leader from null to 9c9e885b-70a3-4219-a375-4b42d50f0932 at term 1 for appendEntries, leader elected after 5187ms
2019-08-20 20:11:40,627 [grpc-default-executor-2] INFO  impl.RaftServerImpl (ServerState.java:setLeader(263)) - e2a48b6b-f66b-4b37-8155-ad5a694a0f88:group-BA916718FBC3 change Leader from null to 9c9e885b-70a3-4219-a375-4b42d50f0932 at term 1 for appendEntries, leader elected after 5188ms
2019-08-20 20:11:40,631 [grpc-default-executor-2] INFO  impl.RaftServerImpl (ServerState.java:setRaftConf(361)) - b22fd927-fbd8-4183-93bf-a63ecd3c86e6:group-BA916718FBC3 set configuration 0: [b22fd927-fbd8-4183-93bf-a63ecd3c86e6:192.168.69.105:37799, e2a48b6b-f66b-4b37-8155-ad5a694a0f88:192.168.69.105:39746, 9c9e885b-70a3-4219-a375-4b42d50f0932:192.168.69.105:40714], old=null at 0
2019-08-20 20:11:40,631 [grpc-default-executor-1] INFO  impl.RaftServerImpl (ServerState.java:setRaftConf(361)) - e2a48b6b-f66b-4b37-8155-ad5a694a0f88:group-BA916718FBC3 set configuration 0: [b22fd927-fbd8-4183-93bf-a63ecd3c86e6:192.168.69.105:37799, e2a48b6b-f66b-4b37-8155-ad5a694a0f88:192.168.69.105:39746, 9c9e885b-70a3-4219-a375-4b42d50f0932:192.168.69.105:40714], old=null at 0
2019-08-20 20:11:40,632 [grpc-default-executor-2] INFO  segmented.SegmentedRaftLogWorker (SegmentedRaftLogWorker.java:startLogSegment(380)) - b22fd927-fbd8-4183-93bf-a63ecd3c86e6-SegmentedRaftLogWorker:Storage Directory /workdir/hadoop-ozone/integration-test/target/test-dir/MiniOzoneClusterImpl-ccd8292b-f2d4-4ee8-aecb-a8ad671d8231/datanode-1/data/ratis/3282f895-a398-45b1-903c-ba916718fbc3: Starting segment from index:0
2019-08-20 20:11:40,632 [grpc-default-executor-1] INFO  segmented.SegmentedRaftLogWorker (SegmentedRaftLogWorker.java:startLogSegment(380)) - e2a48b6b-f66b-4b37-8155-ad5a694a0f88-SegmentedRaftLogWorker:Storage Directory /workdir/hadoop-ozone/integration-test/target/test-dir/MiniOzoneClusterImpl-ccd8292b-f2d4-4ee8-aecb-a8ad671d8231/datanode-0/data/ratis/3282f895-a398-45b1-903c-ba916718fbc3: Starting segment from index:0
2019-08-20 20:11:40,635 [9c9e885b-70a3-4219-a375-4b42d50f0932-SegmentedRaftLogWorker:Storage Directory /workdir/hadoop-ozone/integration-test/target/test-dir/MiniOzoneClusterImpl-ccd8292b-f2d4-4ee8-aecb-a8ad671d8231/datanode-2/data/ratis/3282f895-a398-45b1-903c-ba916718fbc3] INFO  segmented.SegmentedRaftLogWorker (SegmentedRaftLogWorker.java:execute(569)) - 9c9e885b-70a3-4219-a375-4b42d50f0932-SegmentedRaftLogWorker:Storage Directory /workdir/hadoop-ozone/integration-test/target/test-dir/MiniOzoneClusterImpl-ccd8292b-f2d4-4ee8-aecb-a8ad671d8231/datanode-2/data/ratis/3282f895-a398-45b1-903c-ba916718fbc3: created new log segment /workdir/hadoop-ozone/integration-test/target/test-dir/MiniOzoneClusterImpl-ccd8292b-f2d4-4ee8-aecb-a8ad671d8231/datanode-2/data/ratis/3282f895-a398-45b1-903c-ba916718fbc3/current/log_inprogress_0
2019-08-20 20:11:40,679 [b22fd927-fbd8-4183-93bf-a63ecd3c86e6-SegmentedRaftLogWorker:Storage Directory /workdir/hadoop-ozone/integration-test/target/test-dir/MiniOzoneClusterImpl-ccd8292b-f2d4-4ee8-aecb-a8ad671d8231/datanode-1/data/ratis/3282f895-a398-45b1-903c-ba916718fbc3] INFO  segmented.SegmentedRaftLogWorker (SegmentedRaftLogWorker.java:execute(569)) - b22fd927-fbd8-4183-93bf-a63ecd3c86e6-SegmentedRaftLogWorker:Storage Directory /workdir/hadoop-ozone/integration-test/target/test-dir/MiniOzoneClusterImpl-ccd8292b-f2d4-4ee8-aecb-a8ad671d8231/datanode-1/data/ratis/3282f895-a398-45b1-903c-ba916718fbc3: created new log segment /workdir/hadoop-ozone/integration-test/target/test-dir/MiniOzoneClusterImpl-ccd8292b-f2d4-4ee8-aecb-a8ad671d8231/datanode-1/data/ratis/3282f895-a398-45b1-903c-ba916718fbc3/current/log_inprogress_0
2019-08-20 20:11:40,679 [e2a48b6b-f66b-4b37-8155-ad5a694a0f88-SegmentedRaftLogWorker:Storage Directory /workdir/hadoop-ozone/integration-test/target/test-dir/MiniOzoneClusterImpl-ccd8292b-f2d4-4ee8-aecb-a8ad671d8231/datanode-0/data/ratis/3282f895-a398-45b1-903c-ba916718fbc3] INFO  segmented.SegmentedRaftLogWorker (SegmentedRaftLogWorker.java:execute(569)) - e2a48b6b-f66b-4b37-8155-ad5a694a0f88-SegmentedRaftLogWorker:Storage Directory /workdir/hadoop-ozone/integration-test/target/test-dir/MiniOzoneClusterImpl-ccd8292b-f2d4-4ee8-aecb-a8ad671d8231/datanode-0/data/ratis/3282f895-a398-45b1-903c-ba916718fbc3: created new log segment /workdir/hadoop-ozone/integration-test/target/test-dir/MiniOzoneClusterImpl-ccd8292b-f2d4-4ee8-aecb-a8ad671d8231/datanode-0/data/ratis/3282f895-a398-45b1-903c-ba916718fbc3/current/log_inprogress_0
2019-08-20 20:11:41,116 | INFO  | SCMAudit | user=jenkins1000 | ip=192.168.69.105 | op=SEND_HEARTBEAT {datanodeUUID=b22fd927-fbd8-4183-93bf-a63ecd3c86e6, command=[]} | ret=SUCCESS |  
2019-08-20 20:11:41,310 | INFO  | SCMAudit | user=jenkins1000 | ip=192.168.69.105 | op=SEND_HEARTBEAT {datanodeUUID=9c9e885b-70a3-4219-a375-4b42d50f0932, command=[]} | ret=SUCCESS |  
2019-08-20 20:11:41,311 [Thread-330] INFO  ozoneimpl.OzoneContainer (OzoneContainer.java:stop(199)) - Attempting to stop container services.
2019-08-20 20:11:41,311 [Thread-330] INFO  impl.RaftServerProxy (RaftServerProxy.java:lambda$close$4(314)) - e2a48b6b-f66b-4b37-8155-ad5a694a0f88: close
2019-08-20 20:11:41,312 [Thread-330] INFO  impl.RaftServerImpl (RaftServerImpl.java:lambda$shutdown$3(245)) - e2a48b6b-f66b-4b37-8155-ad5a694a0f88: shutdown group-15E1C96DF128
2019-08-20 20:11:41,312 [ForkJoinPool.commonPool-worker-1] INFO  impl.RaftServerImpl (RaftServerImpl.java:lambda$shutdown$3(245)) - e2a48b6b-f66b-4b37-8155-ad5a694a0f88: shutdown group-BA916718FBC3
2019-08-20 20:11:41,312 [Thread-330] INFO  util.JmxRegister (JmxRegister.java:unregister(73)) - Successfully un-registered JMX Bean with object name Ratis:service=RaftServer,group=group-15E1C96DF128,id=e2a48b6b-f66b-4b37-8155-ad5a694a0f88
2019-08-20 20:11:41,313 [ForkJoinPool.commonPool-worker-1] INFO  util.JmxRegister (JmxRegister.java:unregister(73)) - Successfully un-registered JMX Bean with object name Ratis:service=RaftServer,group=group-BA916718FBC3,id=e2a48b6b-f66b-4b37-8155-ad5a694a0f88
2019-08-20 20:11:41,313 [Thread-330] INFO  impl.RoleInfo (RoleInfo.java:shutdownLeaderState(104)) - e2a48b6b-f66b-4b37-8155-ad5a694a0f88: shutdown LeaderState
2019-08-20 20:11:41,313 [ForkJoinPool.commonPool-worker-1] INFO  impl.RoleInfo (RoleInfo.java:shutdownFollowerState(121)) - e2a48b6b-f66b-4b37-8155-ad5a694a0f88: shutdown FollowerState
2019-08-20 20:11:41,314 [Thread-330] INFO  impl.PendingRequests (PendingRequests.java:sendNotLeaderResponses(202)) - e2a48b6b-f66b-4b37-8155-ad5a694a0f88-PendingRequests: sendNotLeaderResponses
2019-08-20 20:11:41,314 [Thread-532] INFO  impl.FollowerState (FollowerState.java:run(114)) - e2a48b6b-f66b-4b37-8155-ad5a694a0f88: FollowerState was interrupted: java.lang.InterruptedException: sleep interrupted
2019-08-20 20:11:41,317 [Thread-330] INFO  impl.StateMachineUpdater (StateMachineUpdater.java:stopAndJoin(115)) - StateMachineUpdater:e2a48b6b-f66b-4b37-8155-ad5a694a0f88:group-15E1C96DF128: set stopIndex = 0
2019-08-20 20:11:41,314 [ForkJoinPool.commonPool-worker-1] INFO  impl.StateMachineUpdater (StateMachineUpdater.java:stopAndJoin(115)) - StateMachineUpdater:e2a48b6b-f66b-4b37-8155-ad5a694a0f88:group-BA916718FBC3: set stopIndex = -1
2019-08-20 20:11:41,320 [Thread-330] INFO  impl.RaftServerImpl (ServerState.java:close(394)) - e2a48b6b-f66b-4b37-8155-ad5a694a0f88:group-15E1C96DF128 closes. The last applied log index is 0
2019-08-20 20:11:41,320 [ForkJoinPool.commonPool-worker-1] INFO  impl.RaftServerImpl (ServerState.java:close(394)) - e2a48b6b-f66b-4b37-8155-ad5a694a0f88:group-BA916718FBC3 closes. The last applied log index is -1
2019-08-20 20:11:41,321 [e2a48b6b-f66b-4b37-8155-ad5a694a0f88-SegmentedRaftLogWorker:Storage Directory /workdir/hadoop-ozone/integration-test/target/test-dir/MiniOzoneClusterImpl-ccd8292b-f2d4-4ee8-aecb-a8ad671d8231/datanode-0/data/ratis/858ac3e9-5852-4db0-9c44-15e1c96df128] INFO  segmented.SegmentedRaftLogWorker (SegmentedRaftLogWorker.java:run(313)) - e2a48b6b-f66b-4b37-8155-ad5a694a0f88-SegmentedRaftLogWorker:Storage Directory /workdir/hadoop-ozone/integration-test/target/test-dir/MiniOzoneClusterImpl-ccd8292b-f2d4-4ee8-aecb-a8ad671d8231/datanode-0/data/ratis/858ac3e9-5852-4db0-9c44-15e1c96df128 was interrupted, exiting. There are 0 tasks remaining in the queue.
2019-08-20 20:11:41,321 [e2a48b6b-f66b-4b37-8155-ad5a694a0f88-SegmentedRaftLogWorker:Storage Directory /workdir/hadoop-ozone/integration-test/target/test-dir/MiniOzoneClusterImpl-ccd8292b-f2d4-4ee8-aecb-a8ad671d8231/datanode-0/data/ratis/3282f895-a398-45b1-903c-ba916718fbc3] INFO  segmented.SegmentedRaftLogWorker (SegmentedRaftLogWorker.java:run(313)) - e2a48b6b-f66b-4b37-8155-ad5a694a0f88-SegmentedRaftLogWorker:Storage Directory /workdir/hadoop-ozone/integration-test/target/test-dir/MiniOzoneClusterImpl-ccd8292b-f2d4-4ee8-aecb-a8ad671d8231/datanode-0/data/ratis/3282f895-a398-45b1-903c-ba916718fbc3 was interrupted, exiting. There are 0 tasks remaining in the queue.
2019-08-20 20:11:41,323 [Thread-330] INFO  segmented.SegmentedRaftLogWorker (SegmentedRaftLogWorker.java:close(228)) - e2a48b6b-f66b-4b37-8155-ad5a694a0f88-SegmentedRaftLogWorker:Storage Directory /workdir/hadoop-ozone/integration-test/target/test-dir/MiniOzoneClusterImpl-ccd8292b-f2d4-4ee8-aecb-a8ad671d8231/datanode-0/data/ratis/858ac3e9-5852-4db0-9c44-15e1c96df128 close()
2019-08-20 20:11:41,324 [ForkJoinPool.commonPool-worker-1] INFO  segmented.SegmentedRaftLogWorker (SegmentedRaftLogWorker.java:close(228)) - e2a48b6b-f66b-4b37-8155-ad5a694a0f88-SegmentedRaftLogWorker:Storage Directory /workdir/hadoop-ozone/integration-test/target/test-dir/MiniOzoneClusterImpl-ccd8292b-f2d4-4ee8-aecb-a8ad671d8231/datanode-0/data/ratis/3282f895-a398-45b1-903c-ba916718fbc3 close()
2019-08-20 20:11:41,327 [Thread-330] INFO  server.GrpcService (GrpcService.java:closeImpl(155)) - e2a48b6b-f66b-4b37-8155-ad5a694a0f88: shutdown server with port 39746 now
2019-08-20 20:11:41,330 [grpc-default-executor-2] WARN  server.GrpcServerProtocolService (LogUtils.java:warn(134)) - e2a48b6b-f66b-4b37-8155-ad5a694a0f88: appendEntries onError: org.apache.ratis.thirdparty.io.grpc.StatusRuntimeException: CANCELLED: cancelled before receiving half close
2019-08-20 20:11:41,331 [Thread-330] INFO  server.GrpcService (GrpcService.java:closeImpl(163)) - e2a48b6b-f66b-4b37-8155-ad5a694a0f88: shutdown server with port 39746 successfully
2019-08-20 20:11:41,331 [grpc-default-executor-2] WARN  server.GrpcLogAppender (LogUtils.java:warn(134)) - 9c9e885b-70a3-4219-a375-4b42d50f0932->e2a48b6b-f66b-4b37-8155-ad5a694a0f88: Failed appendEntries: org.apache.ratis.thirdparty.io.grpc.StatusRuntimeException: CANCELLED: HTTP/2 error code: CANCEL
Received Rst Stream
2019-08-20 20:11:41,333 [grpc-default-executor-2] INFO  impl.FollowerInfo (FollowerInfo.java:lambda$new$0(50)) - 9c9e885b-70a3-4219-a375-4b42d50f0932->e2a48b6b-f66b-4b37-8155-ad5a694a0f88: nextIndex: updateUnconditionally 1 -> 0
2019-08-20 20:11:41,334 [Thread-330] INFO  utils.BackgroundService (BackgroundService.java:shutdown(148)) - Shutting down service BlockDeletingService
2019-08-20 20:11:41,335 [refreshUsed-/workdir/hadoop-ozone/integration-test/target/test-dir/MiniOzoneClusterImpl-ccd8292b-f2d4-4ee8-aecb-a8ad671d8231/datanode-0/data/containers] WARN  fs.CachingGetSpaceUsed (CachingGetSpaceUsed.java:run(183)) - Thread Interrupted waiting to refresh disk information: sleep interrupted
2019-08-20 20:11:41,356 [Thread-330] INFO  statemachine.DatanodeStateMachine (DatanodeStateMachine.java:stopDaemon(395)) - Ozone container server stopped.
2019-08-20 20:11:41,358 [Thread-330] INFO  handler.ContextHandler (ContextHandler.java:doStop(910)) - Stopped o.e.j.w.WebAppContext@1b5d821c{/,null,UNAVAILABLE}{/hddsDatanode}
2019-08-20 20:11:41,359 [Thread-330] INFO  server.AbstractConnector (AbstractConnector.java:doStop(318)) - Stopped ServerConnector@3d844bee{HTTP/1.1,[http/1.1]}{0.0.0.0:0}
2019-08-20 20:11:41,359 [Thread-330] INFO  handler.ContextHandler (ContextHandler.java:doStop(910)) - Stopped o.e.j.s.ServletContextHandler@4e569d67{/static,jar:file:/home/user/.m2/repository/org/apache/hadoop/hadoop-hdds-container-service/0.5.0-SNAPSHOT/hadoop-hdds-container-service-0.5.0-SNAPSHOT.jar!/webapps/static,UNAVAILABLE}
2019-08-20 20:11:41,360 [Thread-330] INFO  handler.ContextHandler (ContextHandler.java:doStop(910)) - Stopped o.e.j.s.ServletContextHandler@59736f9{/logs,file:///workdir/hadoop-ozone/integration-test/target/log,UNAVAILABLE}
2019-08-20 20:11:41,361 [Thread-330] INFO  datanode.ObjectStoreHandler (ObjectStoreHandler.java:close(155)) - Closing ObjectStoreHandler.
2019-08-20 20:11:41,361 [Thread-330] INFO  ozone.HddsDatanodeService (HddsDatanodeService.java:stop(451)) - Stopped plug-in org.apache.hadoop.ozone.web.OzoneHddsDatanodeService@208bd81
2019-08-20 20:11:42,115 [Datanode State Machine Thread - 0] INFO  statemachine.DatanodeStateMachine (DatanodeStateMachine.java:lambda$startDaemon$0(350)) - Ozone container server started.
2019-08-20 20:11:42,310 | INFO  | SCMAudit | user=jenkins1000 | ip=192.168.69.105 | op=SEND_HEARTBEAT {datanodeUUID=9c9e885b-70a3-4219-a375-4b42d50f0932, command=[]} | ret=SUCCESS |  
2019-08-20 20:11:43,200 [grpc-default-executor-0] WARN  server.GrpcLogAppender (LogUtils.java:warn(134)) - 9c9e885b-70a3-4219-a375-4b42d50f0932->e2a48b6b-f66b-4b37-8155-ad5a694a0f88: Failed appendEntries: org.apache.ratis.thirdparty.io.grpc.StatusRuntimeException: UNAVAILABLE: io exception
2019-08-20 20:11:43,202 [grpc-default-executor-0] INFO  impl.FollowerInfo (FollowerInfo.java:lambda$new$0(50)) - 9c9e885b-70a3-4219-a375-4b42d50f0932->e2a48b6b-f66b-4b37-8155-ad5a694a0f88: nextIndex: updateUnconditionally 0 -> 0
2019-08-20 20:11:43,311 | INFO  | SCMAudit | user=jenkins1000 | ip=192.168.69.105 | op=SEND_HEARTBEAT {datanodeUUID=9c9e885b-70a3-4219-a375-4b42d50f0932, command=[]} | ret=SUCCESS |  
2019-08-20 20:11:44,311 | INFO  | SCMAudit | user=jenkins1000 | ip=192.168.69.105 | op=SEND_HEARTBEAT {datanodeUUID=9c9e885b-70a3-4219-a375-4b42d50f0932, command=[]} | ret=SUCCESS |  
2019-08-20 20:11:45,311 | INFO  | SCMAudit | user=jenkins1000 | ip=192.168.69.105 | op=SEND_HEARTBEAT {datanodeUUID=9c9e885b-70a3-4219-a375-4b42d50f0932, command=[]} | ret=SUCCESS |  
2019-08-20 20:11:45,703 [grpc-default-executor-1] WARN  server.GrpcLogAppender (LogUtils.java:warn(134)) - 9c9e885b-70a3-4219-a375-4b42d50f0932->e2a48b6b-f66b-4b37-8155-ad5a694a0f88: Failed appendEntries: org.apache.ratis.thirdparty.io.grpc.StatusRuntimeException: UNAVAILABLE: io exception
2019-08-20 20:11:45,705 [grpc-default-executor-1] INFO  impl.FollowerInfo (FollowerInfo.java:lambda$new$0(50)) - 9c9e885b-70a3-4219-a375-4b42d50f0932->e2a48b6b-f66b-4b37-8155-ad5a694a0f88: nextIndex: updateUnconditionally 0 -> 0
2019-08-20 20:11:46,311 | INFO  | SCMAudit | user=jenkins1000 | ip=192.168.69.105 | op=SEND_HEARTBEAT {datanodeUUID=9c9e885b-70a3-4219-a375-4b42d50f0932, command=[]} | ret=SUCCESS |  
2019-08-20 20:11:46,362 [Thread-330] INFO  ozoneimpl.OzoneContainer (OzoneContainer.java:stop(199)) - Attempting to stop container services.
2019-08-20 20:11:46,363 [Thread-330] INFO  impl.RaftServerProxy (RaftServerProxy.java:lambda$close$4(314)) - b22fd927-fbd8-4183-93bf-a63ecd3c86e6: close
2019-08-20 20:11:46,363 [Thread-330] INFO  impl.RaftServerImpl (RaftServerImpl.java:lambda$shutdown$3(245)) - b22fd927-fbd8-4183-93bf-a63ecd3c86e6: shutdown group-5B48B2BA3EFF
2019-08-20 20:11:46,363 [ForkJoinPool.commonPool-worker-0] INFO  impl.RaftServerImpl (RaftServerImpl.java:lambda$shutdown$3(245)) - b22fd927-fbd8-4183-93bf-a63ecd3c86e6: shutdown group-BA916718FBC3
2019-08-20 20:11:46,364 [Thread-330] INFO  util.JmxRegister (JmxRegister.java:unregister(73)) - Successfully un-registered JMX Bean with object name Ratis:service=RaftServer,group=group-5B48B2BA3EFF,id=b22fd927-fbd8-4183-93bf-a63ecd3c86e6
2019-08-20 20:11:46,364 [ForkJoinPool.commonPool-worker-0] INFO  util.JmxRegister (JmxRegister.java:unregister(73)) - Successfully un-registered JMX Bean with object name Ratis:service=RaftServer,group=group-BA916718FBC3,id=b22fd927-fbd8-4183-93bf-a63ecd3c86e6
2019-08-20 20:11:46,364 [Thread-330] INFO  impl.RoleInfo (RoleInfo.java:shutdownLeaderState(104)) - b22fd927-fbd8-4183-93bf-a63ecd3c86e6: shutdown LeaderState
2019-08-20 20:11:46,364 [ForkJoinPool.commonPool-worker-0] INFO  impl.RoleInfo (RoleInfo.java:shutdownFollowerState(121)) - b22fd927-fbd8-4183-93bf-a63ecd3c86e6: shutdown FollowerState
2019-08-20 20:11:46,365 [Thread-330] INFO  impl.PendingRequests (PendingRequests.java:sendNotLeaderResponses(202)) - b22fd927-fbd8-4183-93bf-a63ecd3c86e6-PendingRequests: sendNotLeaderResponses
2019-08-20 20:11:46,365 [Thread-533] INFO  impl.FollowerState (FollowerState.java:run(114)) - b22fd927-fbd8-4183-93bf-a63ecd3c86e6: FollowerState was interrupted: java.lang.InterruptedException: sleep interrupted
2019-08-20 20:11:46,365 [ForkJoinPool.commonPool-worker-0] INFO  impl.StateMachineUpdater (StateMachineUpdater.java:stopAndJoin(115)) - StateMachineUpdater:b22fd927-fbd8-4183-93bf-a63ecd3c86e6:group-BA916718FBC3: set stopIndex = 0
2019-08-20 20:11:46,367 [Thread-330] INFO  impl.StateMachineUpdater (StateMachineUpdater.java:stopAndJoin(115)) - StateMachineUpdater:b22fd927-fbd8-4183-93bf-a63ecd3c86e6:group-5B48B2BA3EFF: set stopIndex = 0
2019-08-20 20:11:46,370 [ForkJoinPool.commonPool-worker-0] INFO  impl.RaftServerImpl (ServerState.java:close(394)) - b22fd927-fbd8-4183-93bf-a63ecd3c86e6:group-BA916718FBC3 closes. The last applied log index is 0
2019-08-20 20:11:46,370 [Thread-330] INFO  impl.RaftServerImpl (ServerState.java:close(394)) - b22fd927-fbd8-4183-93bf-a63ecd3c86e6:group-5B48B2BA3EFF closes. The last applied log index is 0
2019-08-20 20:11:46,370 [b22fd927-fbd8-4183-93bf-a63ecd3c86e6-SegmentedRaftLogWorker:Storage Directory /workdir/hadoop-ozone/integration-test/target/test-dir/MiniOzoneClusterImpl-ccd8292b-f2d4-4ee8-aecb-a8ad671d8231/datanode-1/data/ratis/3282f895-a398-45b1-903c-ba916718fbc3] INFO  segmented.SegmentedRaftLogWorker (SegmentedRaftLogWorker.java:run(313)) - b22fd927-fbd8-4183-93bf-a63ecd3c86e6-SegmentedRaftLogWorker:Storage Directory /workdir/hadoop-ozone/integration-test/target/test-dir/MiniOzoneClusterImpl-ccd8292b-f2d4-4ee8-aecb-a8ad671d8231/datanode-1/data/ratis/3282f895-a398-45b1-903c-ba916718fbc3 was interrupted, exiting. There are 0 tasks remaining in the queue.
2019-08-20 20:11:46,371 [b22fd927-fbd8-4183-93bf-a63ecd3c86e6-SegmentedRaftLogWorker:Storage Directory /workdir/hadoop-ozone/integration-test/target/test-dir/MiniOzoneClusterImpl-ccd8292b-f2d4-4ee8-aecb-a8ad671d8231/datanode-1/data/ratis/05b6df10-6af0-42ed-8935-5b48b2ba3eff] INFO  segmented.SegmentedRaftLogWorker (SegmentedRaftLogWorker.java:run(313)) - b22fd927-fbd8-4183-93bf-a63ecd3c86e6-SegmentedRaftLogWorker:Storage Directory /workdir/hadoop-ozone/integration-test/target/test-dir/MiniOzoneClusterImpl-ccd8292b-f2d4-4ee8-aecb-a8ad671d8231/datanode-1/data/ratis/05b6df10-6af0-42ed-8935-5b48b2ba3eff was interrupted, exiting. There are 0 tasks remaining in the queue.
2019-08-20 20:11:46,373 [ForkJoinPool.commonPool-worker-0] INFO  segmented.SegmentedRaftLogWorker (SegmentedRaftLogWorker.java:close(228)) - b22fd927-fbd8-4183-93bf-a63ecd3c86e6-SegmentedRaftLogWorker:Storage Directory /workdir/hadoop-ozone/integration-test/target/test-dir/MiniOzoneClusterImpl-ccd8292b-f2d4-4ee8-aecb-a8ad671d8231/datanode-1/data/ratis/3282f895-a398-45b1-903c-ba916718fbc3 close()
2019-08-20 20:11:46,379 [EventQueue-StaleNodeForStaleNodeHandler] INFO  node.StaleNodeHandler (StaleNodeHandler.java:onMessage(58)) - Datanode b22fd927-fbd8-4183-93bf-a63ecd3c86e6{ip: 192.168.69.105, host: pr-hdds-165-w559s-1850982102, networkLocation: /default-rack, certSerialId: null} moved to stale state. Finalizing its pipelines [PipelineID=05b6df10-6af0-42ed-8935-5b48b2ba3eff, PipelineID=3282f895-a398-45b1-903c-ba916718fbc3]
2019-08-20 20:11:46,379 [EventQueue-StaleNodeForStaleNodeHandler] INFO  pipeline.SCMPipelineManager (SCMPipelineManager.java:finalizeAndDestroyPipeline(309)) - destroying pipeline:Pipeline[ Id: 05b6df10-6af0-42ed-8935-5b48b2ba3eff, Nodes: b22fd927-fbd8-4183-93bf-a63ecd3c86e6{ip: 192.168.69.105, host: pr-hdds-165-w559s-1850982102, networkLocation: /default-rack, certSerialId: null}, Type:RATIS, Factor:ONE, State:OPEN]
2019-08-20 20:11:46,380 [EventQueue-StaleNodeForStaleNodeHandler] INFO  pipeline.PipelineStateManager (PipelineStateManager.java:finalizePipeline(123)) - Pipeline Pipeline[ Id: 05b6df10-6af0-42ed-8935-5b48b2ba3eff, Nodes: b22fd927-fbd8-4183-93bf-a63ecd3c86e6{ip: 192.168.69.105, host: pr-hdds-165-w559s-1850982102, networkLocation: /default-rack, certSerialId: null}, Type:RATIS, Factor:ONE, State:CLOSED] moved to CLOSED state
2019-08-20 20:11:46,380 [EventQueue-StaleNodeForStaleNodeHandler] INFO  pipeline.SCMPipelineManager (SCMPipelineManager.java:finalizeAndDestroyPipeline(309)) - destroying pipeline:Pipeline[ Id: 3282f895-a398-45b1-903c-ba916718fbc3, Nodes: 9c9e885b-70a3-4219-a375-4b42d50f0932{ip: 192.168.69.105, host: pr-hdds-165-w559s-1850982102, networkLocation: /default-rack, certSerialId: null}b22fd927-fbd8-4183-93bf-a63ecd3c86e6{ip: 192.168.69.105, host: pr-hdds-165-w559s-1850982102, networkLocation: /default-rack, certSerialId: null}e2a48b6b-f66b-4b37-8155-ad5a694a0f88{ip: 192.168.69.105, host: pr-hdds-165-w559s-1850982102, networkLocation: /default-rack, certSerialId: null}, Type:RATIS, Factor:THREE, State:CLOSED]
2019-08-20 20:11:46,384 [Thread-330] INFO  segmented.SegmentedRaftLogWorker (SegmentedRaftLogWorker.java:close(228)) - b22fd927-fbd8-4183-93bf-a63ecd3c86e6-SegmentedRaftLogWorker:Storage Directory /workdir/hadoop-ozone/integration-test/target/test-dir/MiniOzoneClusterImpl-ccd8292b-f2d4-4ee8-aecb-a8ad671d8231/datanode-1/data/ratis/05b6df10-6af0-42ed-8935-5b48b2ba3eff close()
2019-08-20 20:11:46,385 [Thread-330] INFO  server.GrpcService (GrpcService.java:closeImpl(155)) - b22fd927-fbd8-4183-93bf-a63ecd3c86e6: shutdown server with port 37799 now
2019-08-20 20:11:46,388 [grpc-default-executor-1] WARN  server.GrpcServerProtocolService (LogUtils.java:warn(134)) - b22fd927-fbd8-4183-93bf-a63ecd3c86e6: appendEntries onError: org.apache.ratis.thirdparty.io.grpc.StatusRuntimeException: CANCELLED: cancelled before receiving half close
2019-08-20 20:11:46,389 [Thread-330] INFO  server.GrpcService (GrpcService.java:closeImpl(163)) - b22fd927-fbd8-4183-93bf-a63ecd3c86e6: shutdown server with port 37799 successfully
2019-08-20 20:11:46,389 [grpc-default-executor-0] WARN  server.GrpcLogAppender (LogUtils.java:warn(134)) - 9c9e885b-70a3-4219-a375-4b42d50f0932->b22fd927-fbd8-4183-93bf-a63ecd3c86e6: Failed appendEntries: org.apache.ratis.thirdparty.io.grpc.StatusRuntimeException: CANCELLED: HTTP/2 error code: CANCEL
Received Rst Stream
2019-08-20 20:11:46,390 [grpc-default-executor-0] INFO  impl.FollowerInfo (FollowerInfo.java:lambda$new$0(50)) - 9c9e885b-70a3-4219-a375-4b42d50f0932->b22fd927-fbd8-4183-93bf-a63ecd3c86e6: nextIndex: updateUnconditionally 1 -> 0
2019-08-20 20:11:46,391 [Thread-330] INFO  utils.BackgroundService (BackgroundService.java:shutdown(148)) - Shutting down service BlockDeletingService
2019-08-20 20:11:46,393 [refreshUsed-/workdir/hadoop-ozone/integration-test/target/test-dir/MiniOzoneClusterImpl-ccd8292b-f2d4-4ee8-aecb-a8ad671d8231/datanode-1/data/containers] WARN  fs.CachingGetSpaceUsed (CachingGetSpaceUsed.java:run(183)) - Thread Interrupted waiting to refresh disk information: sleep interrupted
2019-08-20 20:11:46,412 [Thread-330] INFO  statemachine.DatanodeStateMachine (DatanodeStateMachine.java:stopDaemon(395)) - Ozone container server stopped.
2019-08-20 20:11:46,413 [Thread-330] INFO  handler.ContextHandler (ContextHandler.java:doStop(910)) - Stopped o.e.j.w.WebAppContext@54dbf4d9{/,null,UNAVAILABLE}{/hddsDatanode}
2019-08-20 20:11:46,413 [Thread-330] INFO  server.AbstractConnector (AbstractConnector.java:doStop(318)) - Stopped ServerConnector@7f145670{HTTP/1.1,[http/1.1]}{0.0.0.0:0}
2019-08-20 20:11:46,414 [Thread-330] INFO  handler.ContextHandler (ContextHandler.java:doStop(910)) - Stopped o.e.j.s.ServletContextHandler@76512db5{/static,jar:file:/home/user/.m2/repository/org/apache/hadoop/hadoop-hdds-container-service/0.5.0-SNAPSHOT/hadoop-hdds-container-service-0.5.0-SNAPSHOT.jar!/webapps/static,UNAVAILABLE}
2019-08-20 20:11:46,414 [Thread-330] INFO  handler.ContextHandler (ContextHandler.java:doStop(910)) - Stopped o.e.j.s.ServletContextHandler@153569cb{/logs,file:///workdir/hadoop-ozone/integration-test/target/log,UNAVAILABLE}
2019-08-20 20:11:46,415 [Thread-330] INFO  datanode.ObjectStoreHandler (ObjectStoreHandler.java:close(155)) - Closing ObjectStoreHandler.
2019-08-20 20:11:46,417 [Thread-330] INFO  ozone.HddsDatanodeService (HddsDatanodeService.java:stop(451)) - Stopped plug-in org.apache.hadoop.ozone.web.OzoneHddsDatanodeService@734555cb
2019-08-20 20:11:47,309 [Datanode State Machine Thread - 0] INFO  statemachine.DatanodeStateMachine (DatanodeStateMachine.java:lambda$startDaemon$0(350)) - Ozone container server started.
2019-08-20 20:11:48,207 [grpc-default-executor-2] WARN  server.GrpcLogAppender (LogUtils.java:warn(134)) - 9c9e885b-70a3-4219-a375-4b42d50f0932->e2a48b6b-f66b-4b37-8155-ad5a694a0f88: Failed appendEntries: org.apache.ratis.thirdparty.io.grpc.StatusRuntimeException: UNAVAILABLE: io exception
2019-08-20 20:11:48,209 [grpc-default-executor-2] INFO  impl.FollowerInfo (FollowerInfo.java:lambda$new$0(50)) - 9c9e885b-70a3-4219-a375-4b42d50f0932->e2a48b6b-f66b-4b37-8155-ad5a694a0f88: nextIndex: updateUnconditionally 0 -> 0
2019-08-20 20:11:48,213 [grpc-default-executor-1] WARN  server.GrpcLogAppender (LogUtils.java:warn(134)) - 9c9e885b-70a3-4219-a375-4b42d50f0932->b22fd927-fbd8-4183-93bf-a63ecd3c86e6: Failed appendEntries: org.apache.ratis.thirdparty.io.grpc.StatusRuntimeException: UNAVAILABLE: io exception
2019-08-20 20:11:48,214 [grpc-default-executor-1] INFO  impl.FollowerInfo (FollowerInfo.java:lambda$new$0(50)) - 9c9e885b-70a3-4219-a375-4b42d50f0932->b22fd927-fbd8-4183-93bf-a63ecd3c86e6: nextIndex: updateUnconditionally 0 -> 0
2019-08-20 20:11:50,710 [grpc-default-executor-0] WARN  server.GrpcLogAppender (LogUtils.java:warn(134)) - 9c9e885b-70a3-4219-a375-4b42d50f0932->e2a48b6b-f66b-4b37-8155-ad5a694a0f88: Failed appendEntries: org.apache.ratis.thirdparty.io.grpc.StatusRuntimeException: UNAVAILABLE: io exception
2019-08-20 20:11:50,712 [grpc-default-executor-0] INFO  impl.FollowerInfo (FollowerInfo.java:lambda$new$0(50)) - 9c9e885b-70a3-4219-a375-4b42d50f0932->e2a48b6b-f66b-4b37-8155-ad5a694a0f88: nextIndex: updateUnconditionally 0 -> 0
2019-08-20 20:11:50,715 [grpc-default-executor-2] WARN  server.GrpcLogAppender (LogUtils.java:warn(134)) - 9c9e885b-70a3-4219-a375-4b42d50f0932->b22fd927-fbd8-4183-93bf-a63ecd3c86e6: Failed appendEntries: org.apache.ratis.thirdparty.io.grpc.StatusRuntimeException: UNAVAILABLE: io exception
2019-08-20 20:11:50,717 [grpc-default-executor-2] INFO  impl.FollowerInfo (FollowerInfo.java:lambda$new$0(50)) - 9c9e885b-70a3-4219-a375-4b42d50f0932->b22fd927-fbd8-4183-93bf-a63ecd3c86e6: nextIndex: updateUnconditionally 0 -> 0
2019-08-20 20:11:51,381 [EventQueue-StaleNodeForStaleNodeHandler] INFO  node.StaleNodeHandler (StaleNodeHandler.java:onMessage(58)) - Datanode 9c9e885b-70a3-4219-a375-4b42d50f0932{ip: 192.168.69.105, host: pr-hdds-165-w559s-1850982102, networkLocation: /default-rack, certSerialId: null} moved to stale state. Finalizing its pipelines [PipelineID=e91c54d3-b375-4087-b96c-26a1c0edec5c, PipelineID=3282f895-a398-45b1-903c-ba916718fbc3]
2019-08-20 20:11:51,382 [EventQueue-StaleNodeForStaleNodeHandler] INFO  pipeline.SCMPipelineManager (SCMPipelineManager.java:finalizeAndDestroyPipeline(309)) - destroying pipeline:Pipeline[ Id: e91c54d3-b375-4087-b96c-26a1c0edec5c, Nodes: 9c9e885b-70a3-4219-a375-4b42d50f0932{ip: 192.168.69.105, host: pr-hdds-165-w559s-1850982102, networkLocation: /default-rack, certSerialId: null}, Type:RATIS, Factor:ONE, State:OPEN]
2019-08-20 20:11:51,382 [EventQueue-StaleNodeForStaleNodeHandler] INFO  pipeline.PipelineStateManager (PipelineStateManager.java:finalizePipeline(123)) - Pipeline Pipeline[ Id: e91c54d3-b375-4087-b96c-26a1c0edec5c, Nodes: 9c9e885b-70a3-4219-a375-4b42d50f0932{ip: 192.168.69.105, host: pr-hdds-165-w559s-1850982102, networkLocation: /default-rack, certSerialId: null}, Type:RATIS, Factor:ONE, State:CLOSED] moved to CLOSED state
2019-08-20 20:11:51,382 [EventQueue-StaleNodeForStaleNodeHandler] INFO  pipeline.SCMPipelineManager (SCMPipelineManager.java:finalizeAndDestroyPipeline(309)) - destroying pipeline:Pipeline[ Id: 3282f895-a398-45b1-903c-ba916718fbc3, Nodes: 9c9e885b-70a3-4219-a375-4b42d50f0932{ip: 192.168.69.105, host: pr-hdds-165-w559s-1850982102, networkLocation: /default-rack, certSerialId: null}b22fd927-fbd8-4183-93bf-a63ecd3c86e6{ip: 192.168.69.105, host: pr-hdds-165-w559s-1850982102, networkLocation: /default-rack, certSerialId: null}e2a48b6b-f66b-4b37-8155-ad5a694a0f88{ip: 192.168.69.105, host: pr-hdds-165-w559s-1850982102, networkLocation: /default-rack, certSerialId: null}, Type:RATIS, Factor:THREE, State:CLOSED]
2019-08-20 20:11:51,418 [Thread-330] INFO  ozoneimpl.OzoneContainer (OzoneContainer.java:stop(199)) - Attempting to stop container services.
2019-08-20 20:11:51,418 [Thread-330] INFO  impl.RaftServerProxy (RaftServerProxy.java:lambda$close$4(314)) - 9c9e885b-70a3-4219-a375-4b42d50f0932: close
2019-08-20 20:11:51,419 [Thread-330] INFO  impl.RaftServerImpl (RaftServerImpl.java:lambda$shutdown$3(245)) - 9c9e885b-70a3-4219-a375-4b42d50f0932: shutdown group-26A1C0EDEC5C
2019-08-20 20:11:51,419 [ForkJoinPool.commonPool-worker-1] INFO  impl.RaftServerImpl (RaftServerImpl.java:lambda$shutdown$3(245)) - 9c9e885b-70a3-4219-a375-4b42d50f0932: shutdown group-BA916718FBC3
2019-08-20 20:11:51,419 [Thread-330] INFO  util.JmxRegister (JmxRegister.java:unregister(73)) - Successfully un-registered JMX Bean with object name Ratis:service=RaftServer,group=group-26A1C0EDEC5C,id=9c9e885b-70a3-4219-a375-4b42d50f0932
2019-08-20 20:11:51,419 [ForkJoinPool.commonPool-worker-1] INFO  util.JmxRegister (JmxRegister.java:unregister(73)) - Successfully un-registered JMX Bean with object name Ratis:service=RaftServer,group=group-BA916718FBC3,id=9c9e885b-70a3-4219-a375-4b42d50f0932
2019-08-20 20:11:51,420 [Thread-330] INFO  impl.RoleInfo (RoleInfo.java:shutdownLeaderState(104)) - 9c9e885b-70a3-4219-a375-4b42d50f0932: shutdown LeaderState
2019-08-20 20:11:51,420 [ForkJoinPool.commonPool-worker-1] INFO  impl.RoleInfo (RoleInfo.java:shutdownLeaderState(104)) - 9c9e885b-70a3-4219-a375-4b42d50f0932: shutdown LeaderState
2019-08-20 20:11:51,420 [Thread-330] INFO  impl.PendingRequests (PendingRequests.java:sendNotLeaderResponses(202)) - 9c9e885b-70a3-4219-a375-4b42d50f0932-PendingRequests: sendNotLeaderResponses
2019-08-20 20:11:51,422 [org.apache.ratis.server.impl.LogAppender$AppenderDaemon$$Lambda$407/1045661405@6ea4934b] WARN  server.GrpcLogAppender (GrpcLogAppender.java:mayWait(143)) - GrpcLogAppender(9c9e885b-70a3-4219-a375-4b42d50f0932->e2a48b6b-f66b-4b37-8155-ad5a694a0f88): Wait interrupted by java.lang.InterruptedException
2019-08-20 20:11:51,422 [Thread-330] INFO  impl.StateMachineUpdater (StateMachineUpdater.java:stopAndJoin(115)) - StateMachineUpdater:9c9e885b-70a3-4219-a375-4b42d50f0932:group-26A1C0EDEC5C: set stopIndex = 0
2019-08-20 20:11:51,422 [org.apache.ratis.server.impl.LogAppender$AppenderDaemon$$Lambda$407/1045661405@2ba6085b] WARN  server.GrpcLogAppender (GrpcLogAppender.java:mayWait(143)) - GrpcLogAppender(9c9e885b-70a3-4219-a375-4b42d50f0932->b22fd927-fbd8-4183-93bf-a63ecd3c86e6): Wait interrupted by java.lang.InterruptedException
2019-08-20 20:11:51,422 [ForkJoinPool.commonPool-worker-1] INFO  impl.PendingRequests (PendingRequests.java:sendNotLeaderResponses(202)) - 9c9e885b-70a3-4219-a375-4b42d50f0932-PendingRequests: sendNotLeaderResponses
2019-08-20 20:11:51,424 [Thread-330] INFO  impl.RaftServerImpl (ServerState.java:close(394)) - 9c9e885b-70a3-4219-a375-4b42d50f0932:group-26A1C0EDEC5C closes. The last applied log index is 0
2019-08-20 20:11:51,425 [ForkJoinPool.commonPool-worker-1] INFO  impl.StateMachineUpdater (StateMachineUpdater.java:stopAndJoin(115)) - StateMachineUpdater:9c9e885b-70a3-4219-a375-4b42d50f0932:group-BA916718FBC3: set stopIndex = 0
2019-08-20 20:11:51,426 [ForkJoinPool.commonPool-worker-1] INFO  impl.RaftServerImpl (ServerState.java:close(394)) - 9c9e885b-70a3-4219-a375-4b42d50f0932:group-BA916718FBC3 closes. The last applied log index is 0
2019-08-20 20:11:51,427 [9c9e885b-70a3-4219-a375-4b42d50f0932-SegmentedRaftLogWorker:Storage Directory /workdir/hadoop-ozone/integration-test/target/test-dir/MiniOzoneClusterImpl-ccd8292b-f2d4-4ee8-aecb-a8ad671d8231/datanode-2/data/ratis/e91c54d3-b375-4087-b96c-26a1c0edec5c] INFO  segmented.SegmentedRaftLogWorker (SegmentedRaftLogWorker.java:run(313)) - 9c9e885b-70a3-4219-a375-4b42d50f0932-SegmentedRaftLogWorker:Storage Directory /workdir/hadoop-ozone/integration-test/target/test-dir/MiniOzoneClusterImpl-ccd8292b-f2d4-4ee8-aecb-a8ad671d8231/datanode-2/data/ratis/e91c54d3-b375-4087-b96c-26a1c0edec5c was interrupted, exiting. There are 0 tasks remaining in the queue.
2019-08-20 20:11:51,427 [9c9e885b-70a3-4219-a375-4b42d50f0932-SegmentedRaftLogWorker:Storage Directory /workdir/hadoop-ozone/integration-test/target/test-dir/MiniOzoneClusterImpl-ccd8292b-f2d4-4ee8-aecb-a8ad671d8231/datanode-2/data/ratis/3282f895-a398-45b1-903c-ba916718fbc3] INFO  segmented.SegmentedRaftLogWorker (SegmentedRaftLogWorker.java:run(313)) - 9c9e885b-70a3-4219-a375-4b42d50f0932-SegmentedRaftLogWorker:Storage Directory /workdir/hadoop-ozone/integration-test/target/test-dir/MiniOzoneClusterImpl-ccd8292b-f2d4-4ee8-aecb-a8ad671d8231/datanode-2/data/ratis/3282f895-a398-45b1-903c-ba916718fbc3 was interrupted, exiting. There are 0 tasks remaining in the queue.
2019-08-20 20:11:51,431 [Thread-330] INFO  segmented.SegmentedRaftLogWorker (SegmentedRaftLogWorker.java:close(228)) - 9c9e885b-70a3-4219-a375-4b42d50f0932-SegmentedRaftLogWorker:Storage Directory /workdir/hadoop-ozone/integration-test/target/test-dir/MiniOzoneClusterImpl-ccd8292b-f2d4-4ee8-aecb-a8ad671d8231/datanode-2/data/ratis/e91c54d3-b375-4087-b96c-26a1c0edec5c close()
2019-08-20 20:11:51,431 [ForkJoinPool.commonPool-worker-1] INFO  segmented.SegmentedRaftLogWorker (SegmentedRaftLogWorker.java:close(228)) - 9c9e885b-70a3-4219-a375-4b42d50f0932-SegmentedRaftLogWorker:Storage Directory /workdir/hadoop-ozone/integration-test/target/test-dir/MiniOzoneClusterImpl-ccd8292b-f2d4-4ee8-aecb-a8ad671d8231/datanode-2/data/ratis/3282f895-a398-45b1-903c-ba916718fbc3 close()
2019-08-20 20:11:51,433 [Thread-330] INFO  server.GrpcService (GrpcService.java:closeImpl(155)) - 9c9e885b-70a3-4219-a375-4b42d50f0932: shutdown server with port 40714 now
2019-08-20 20:11:51,434 [Thread-330] INFO  server.GrpcService (GrpcService.java:closeImpl(163)) - 9c9e885b-70a3-4219-a375-4b42d50f0932: shutdown server with port 40714 successfully
2019-08-20 20:11:51,439 [Thread-330] INFO  utils.BackgroundService (BackgroundService.java:shutdown(148)) - Shutting down service BlockDeletingService
2019-08-20 20:11:51,439 [refreshUsed-/workdir/hadoop-ozone/integration-test/target/test-dir/MiniOzoneClusterImpl-ccd8292b-f2d4-4ee8-aecb-a8ad671d8231/datanode-2/data/containers] WARN  fs.CachingGetSpaceUsed (CachingGetSpaceUsed.java:run(183)) - Thread Interrupted waiting to refresh disk information: sleep interrupted
2019-08-20 20:11:51,454 [Thread-330] INFO  statemachine.DatanodeStateMachine (DatanodeStateMachine.java:stopDaemon(395)) - Ozone container server stopped.
2019-08-20 20:11:51,455 [Thread-330] INFO  handler.ContextHandler (ContextHandler.java:doStop(910)) - Stopped o.e.j.w.WebAppContext@7eda1fe0{/,null,UNAVAILABLE}{/hddsDatanode}
2019-08-20 20:11:51,455 [Thread-330] INFO  server.AbstractConnector (AbstractConnector.java:doStop(318)) - Stopped ServerConnector@540165ef{HTTP/1.1,[http/1.1]}{0.0.0.0:0}
2019-08-20 20:11:51,456 [Thread-330] INFO  handler.ContextHandler (ContextHandler.java:doStop(910)) - Stopped o.e.j.s.ServletContextHandler@5795e13f{/static,jar:file:/home/user/.m2/repository/org/apache/hadoop/hadoop-hdds-container-service/0.5.0-SNAPSHOT/hadoop-hdds-container-service-0.5.0-SNAPSHOT.jar!/webapps/static,UNAVAILABLE}
2019-08-20 20:11:51,456 [Thread-330] INFO  handler.ContextHandler (ContextHandler.java:doStop(910)) - Stopped o.e.j.s.ServletContextHandler@42067461{/logs,file:///workdir/hadoop-ozone/integration-test/target/log,UNAVAILABLE}
2019-08-20 20:11:51,460 [Thread-330] INFO  impl.MetricsSystemImpl (MetricsSystemImpl.java:init(158)) - HddsDatanode metrics system started (again)
2019-08-20 20:11:51,495 [Thread-330] INFO  ozone.HddsDatanodeService (HddsDatanodeService.java:start(184)) - HddsDatanodeService host:pr-hdds-165-w559s-1850982102 ip:192.168.69.105
2019-08-20 20:11:51,498 [Thread-330] INFO  volume.VolumeUsage (VolumeUsage.java:loadScmUsed(144)) - Cached ScmUsed found for /workdir/hadoop-ozone/integration-test/target/test-dir/MiniOzoneClusterImpl-ccd8292b-f2d4-4ee8-aecb-a8ad671d8231/datanode-0/data/containers : 4096 
2019-08-20 20:11:51,498 [Thread-330] INFO  volume.HddsVolume (HddsVolume.java:<init>(176)) - Creating Volume: /workdir/hadoop-ozone/integration-test/target/test-dir/MiniOzoneClusterImpl-ccd8292b-f2d4-4ee8-aecb-a8ad671d8231/datanode-0/data/containers/hdds of  storage type : DISK and capacity : 1482555576320
2019-08-20 20:11:51,498 [Thread-330] INFO  volume.VolumeSet (VolumeSet.java:initializeVolumeSet(170)) - Added Volume : /workdir/hadoop-ozone/integration-test/target/test-dir/MiniOzoneClusterImpl-ccd8292b-f2d4-4ee8-aecb-a8ad671d8231/datanode-0/data/containers/hdds to VolumeSet
2019-08-20 20:11:51,499 [Thread-330] INFO  volume.ThrottledAsyncChecker (ThrottledAsyncChecker.java:schedule(140)) - Scheduling a check for org.apache.hadoop.ozone.container.common.volume.HddsVolume@6e73059c
2019-08-20 20:11:51,499 [Thread-330] INFO  volume.HddsVolumeChecker (HddsVolumeChecker.java:checkAllVolumes(203)) - Scheduled health check for volume org.apache.hadoop.ozone.container.common.volume.HddsVolume@6e73059c
2019-08-20 20:11:51,515 [Thread-330] INFO  impl.RaftServerProxy (ConfUtils.java:logGet(43)) - raft.rpc.type = GRPC (default)
2019-08-20 20:11:51,515 [Thread-330] INFO  grpc.GrpcFactory (GrpcFactory.java:checkPooledByteBufAllocatorUseCacheForAllThreads(45)) - PERFORMANCE WARNING: useCacheForAllThreads is true that may cause Netty to create a lot garbage objects and, as a result, trigger GC.
	It is recommended to disable useCacheForAllThreads by setting -Dorg.apache.ratis.thirdparty.io.netty.allocator.useCacheForAllThreads=false in command line.
2019-08-20 20:11:51,515 [Thread-330] INFO  grpc.GrpcConfigKeys$Server (ConfUtils.java:logGet(43)) - raft.grpc.server.port = 39746 (custom)
2019-08-20 20:11:51,515 [Thread-330] INFO  server.GrpcService (ConfUtils.java:logGet(43)) - raft.grpc.message.size.max = 33570816 (custom)
2019-08-20 20:11:51,515 [Thread-330] INFO  server.RaftServerConfigKeys (ConfUtils.java:logGet(43)) - raft.server.log.appender.buffer.byte-limit = 33554432 (custom)
2019-08-20 20:11:51,515 [Thread-330] INFO  server.GrpcService (ConfUtils.java:logGet(43)) - raft.grpc.flow.control.window = 1MB (=1048576) (default)
2019-08-20 20:11:51,516 [Thread-330] INFO  server.RaftServerConfigKeys (ConfUtils.java:logGet(43)) - raft.server.rpc.request.timeout = 3000ms (default)
2019-08-20 20:11:51,516 [Thread-330] INFO  server.RaftServerConfigKeys (ConfUtils.java:logGet(43)) - raft.server.storage.dir = [/workdir/hadoop-ozone/integration-test/target/test-dir/MiniOzoneClusterImpl-ccd8292b-f2d4-4ee8-aecb-a8ad671d8231/datanode-0/data/ratis] (custom)
2019-08-20 20:11:51,516 [Thread-330] INFO  impl.RaftServerProxy (RaftServerProxy.java:lambda$null$0(191)) - e2a48b6b-f66b-4b37-8155-ad5a694a0f88: found a subdirectory /workdir/hadoop-ozone/integration-test/target/test-dir/MiniOzoneClusterImpl-ccd8292b-f2d4-4ee8-aecb-a8ad671d8231/datanode-0/data/ratis/858ac3e9-5852-4db0-9c44-15e1c96df128
2019-08-20 20:11:51,518 [Thread-330] INFO  impl.RaftServerProxy (RaftServerProxy.java:addNew(89)) - e2a48b6b-f66b-4b37-8155-ad5a694a0f88: addNew group-15E1C96DF128:[] returns group-15E1C96DF128:java.util.concurrent.CompletableFuture@1b4eaf57[Not completed]
2019-08-20 20:11:51,518 [Thread-330] INFO  impl.RaftServerProxy (RaftServerProxy.java:lambda$null$0(191)) - e2a48b6b-f66b-4b37-8155-ad5a694a0f88: found a subdirectory /workdir/hadoop-ozone/integration-test/target/test-dir/MiniOzoneClusterImpl-ccd8292b-f2d4-4ee8-aecb-a8ad671d8231/datanode-0/data/ratis/3282f895-a398-45b1-903c-ba916718fbc3
2019-08-20 20:11:51,518 [Thread-330] INFO  impl.RaftServerProxy (RaftServerProxy.java:addNew(89)) - e2a48b6b-f66b-4b37-8155-ad5a694a0f88: addNew group-BA916718FBC3:[] returns group-BA916718FBC3:java.util.concurrent.CompletableFuture@357d51dd[Not completed]
2019-08-20 20:11:51,519 [Thread-330] INFO  replication.SimpleContainerDownloader (SimpleContainerDownloader.java:<init>(72)) - Starting container downloader service to copy containers to replicate.
2019-08-20 20:11:51,520 [pool-148-thread-1] INFO  impl.RaftServerImpl (RaftServerImpl.java:<init>(93)) - e2a48b6b-f66b-4b37-8155-ad5a694a0f88: new RaftServerImpl for group-15E1C96DF128:[] with ContainerStateMachine:uninitialized
2019-08-20 20:11:51,521 [pool-148-thread-1] INFO  server.RaftServerConfigKeys (ConfUtils.java:logGet(43)) - raft.server.rpc.timeout.min = 5s (custom)
2019-08-20 20:11:51,521 [pool-148-thread-1] INFO  server.RaftServerConfigKeys (ConfUtils.java:logGet(43)) - raft.server.rpc.timeout.max = 5200ms (custom)
2019-08-20 20:11:51,521 [pool-148-thread-1] INFO  server.RaftServerConfigKeys (ConfUtils.java:logGet(43)) - raft.server.rpcslowness.timeout = 120s (custom)
2019-08-20 20:11:51,521 [pool-148-thread-1] INFO  server.RaftServerConfigKeys (ConfUtils.java:logGet(43)) - raft.server.sleep.deviation.threshold = 300 (default)
2019-08-20 20:11:51,521 [pool-148-thread-1] INFO  server.RaftServerConfigKeys (ConfUtils.java:logGet(43)) - raft.server.log.appender.install.snapshot.enabled = false (custom)
2019-08-20 20:11:51,521 [pool-148-thread-1] INFO  impl.RaftServerImpl (ServerState.java:<init>(105)) - e2a48b6b-f66b-4b37-8155-ad5a694a0f88:group-15E1C96DF128 ConfigurationManager, init=-1: [], old=null, confs=<EMPTY_MAP>
2019-08-20 20:11:51,522 [pool-148-thread-1] INFO  server.RaftServerConfigKeys (ConfUtils.java:logGet(43)) - raft.server.storage.dir = [/workdir/hadoop-ozone/integration-test/target/test-dir/MiniOzoneClusterImpl-ccd8292b-f2d4-4ee8-aecb-a8ad671d8231/datanode-0/data/ratis] (custom)
2019-08-20 20:11:51,522 [Thread-330] INFO  hdfs.DFSUtil (DFSUtil.java:httpServerTemplateForNNAndJN(1641)) - Starting Web-server for hddsDatanode at: http://0.0.0.0:37371
2019-08-20 20:11:51,524 [Thread-330] INFO  server.AuthenticationFilter (AuthenticationFilter.java:constructSecretProvider(240)) - Unable to initialize FileSignerSecretProvider, falling back to use random secrets.
2019-08-20 20:11:51,525 [Thread-330] WARN  http.HttpRequestLog (HttpRequestLog.java:getRequestLog(97)) - Jetty request log can only be enabled using Log4j
2019-08-20 20:11:51,527 [Thread-330] INFO  http.HttpServer2 (HttpServer2.java:addGlobalFilter(975)) - Added global filter 'safety' (class=org.apache.hadoop.http.HttpServer2$QuotingInputFilter)
2019-08-20 20:11:51,528 [Thread-330] INFO  http.HttpServer2 (HttpServer2.java:addFilter(948)) - Added filter static_user_filter (class=org.apache.hadoop.http.lib.StaticUserWebFilter$StaticUserFilter) to context hddsDatanode
2019-08-20 20:11:51,528 [Thread-330] INFO  http.HttpServer2 (HttpServer2.java:addFilter(958)) - Added filter static_user_filter (class=org.apache.hadoop.http.lib.StaticUserWebFilter$StaticUserFilter) to context logs
2019-08-20 20:11:51,528 [Thread-330] INFO  http.HttpServer2 (HttpServer2.java:addFilter(958)) - Added filter static_user_filter (class=org.apache.hadoop.http.lib.StaticUserWebFilter$StaticUserFilter) to context static
2019-08-20 20:11:51,529 [Thread-330] INFO  http.HttpServer2 (HttpServer2.java:bindListener(1191)) - Jetty bound to port 37371
2019-08-20 20:11:51,530 [Thread-330] INFO  server.Server (Server.java:doStart(351)) - jetty-9.3.24.v20180605, build timestamp: 2018-06-05T17:11:56Z, git hash: 84205aa28f11a4f31f2a3b86d1bba2cc8ab69827
2019-08-20 20:11:51,532 [Thread-330] INFO  handler.ContextHandler (ContextHandler.java:doStart(781)) - Started o.e.j.s.ServletContextHandler@75be2ab4{/logs,file:///workdir/hadoop-ozone/integration-test/target/log,AVAILABLE}
2019-08-20 20:11:51,533 [Thread-330] INFO  handler.ContextHandler (ContextHandler.java:doStart(781)) - Started o.e.j.s.ServletContextHandler@48cb4e37{/static,jar:file:/home/user/.m2/repository/org/apache/hadoop/hadoop-hdds-container-service/0.5.0-SNAPSHOT/hadoop-hdds-container-service-0.5.0-SNAPSHOT.jar!/webapps/static,AVAILABLE}
2019-08-20 20:11:51,535 [pool-148-thread-1] INFO  storage.RaftStorageDirectory (RaftStorageDirectory.java:tryLock(328)) - Lock on /workdir/hadoop-ozone/integration-test/target/test-dir/MiniOzoneClusterImpl-ccd8292b-f2d4-4ee8-aecb-a8ad671d8231/datanode-0/data/ratis/858ac3e9-5852-4db0-9c44-15e1c96df128/in_use.lock acquired by nodename 22905@pr-hdds-165-w559s-1850982102
2019-08-20 20:11:51,537 [pool-148-thread-1] INFO  ratis.ContainerStateMachine (ContainerStateMachine.java:loadSnapshot(226)) - group-15E1C96DF128: The snapshot info is null. Setting the last applied indexto:(t:0, i:~)
2019-08-20 20:11:51,537 [pool-148-thread-1] INFO  server.RaftServerConfigKeys (ConfUtils.java:logGet(43)) - raft.server.leader.election.timeout = 120s (custom)
2019-08-20 20:11:51,537 [pool-148-thread-1] INFO  server.RaftServerConfigKeys (ConfUtils.java:logGet(43)) - raft.server.log.use.memory = false (default)
2019-08-20 20:11:51,538 [pool-148-thread-1] INFO  server.RaftServerConfigKeys (ConfUtils.java:logGet(43)) - raft.server.log.purge.gap = 1000000 (custom)
2019-08-20 20:11:51,538 [pool-148-thread-1] INFO  server.RaftServerConfigKeys (ConfUtils.java:logGet(43)) - raft.server.log.appender.buffer.byte-limit = 33554432 (custom)
2019-08-20 20:11:51,538 [pool-148-thread-1] INFO  server.RaftServerConfigKeys (ConfUtils.java:logGet(43)) - raft.server.log.segment.size.max = 1048576 (custom)
2019-08-20 20:11:51,538 [pool-148-thread-1] INFO  server.RaftServerConfigKeys (ConfUtils.java:logGet(43)) - raft.server.log.segment.cache.num.max = 2 (custom)
2019-08-20 20:11:51,538 [pool-148-thread-1] INFO  segmented.SegmentedRaftLogWorker (SegmentedRaftLogWorker.java:<init>(172)) - new e2a48b6b-f66b-4b37-8155-ad5a694a0f88-SegmentedRaftLogWorker:Storage Directory /workdir/hadoop-ozone/integration-test/target/test-dir/MiniOzoneClusterImpl-ccd8292b-f2d4-4ee8-aecb-a8ad671d8231/datanode-0/data/ratis/858ac3e9-5852-4db0-9c44-15e1c96df128 for RaftStorage:Storage Directory /workdir/hadoop-ozone/integration-test/target/test-dir/MiniOzoneClusterImpl-ccd8292b-f2d4-4ee8-aecb-a8ad671d8231/datanode-0/data/ratis/858ac3e9-5852-4db0-9c44-15e1c96df128
2019-08-20 20:11:51,538 [pool-148-thread-1] INFO  server.RaftServerConfigKeys (ConfUtils.java:logGet(43)) - raft.server.log.queue.byte-limit = 2147483647 (custom)
2019-08-20 20:11:51,538 [pool-148-thread-1] INFO  server.RaftServerConfigKeys (ConfUtils.java:logGet(43)) - raft.server.log.queue.element-limit = 1024 (custom)
2019-08-20 20:11:51,539 [pool-148-thread-1] INFO  server.RaftServerConfigKeys (ConfUtils.java:logGet(43)) - raft.server.log.segment.size.max = 1048576 (custom)
2019-08-20 20:11:51,539 [pool-148-thread-1] INFO  server.RaftServerConfigKeys (ConfUtils.java:logGet(43)) - raft.server.log.preallocated.size = 16384 (custom)
2019-08-20 20:11:51,539 [pool-148-thread-1] INFO  server.RaftServerConfigKeys (ConfUtils.java:logGet(43)) - raft.server.log.write.buffer.size = 33554432 (custom)
2019-08-20 20:11:51,539 [pool-148-thread-1] INFO  server.RaftServerConfigKeys (ConfUtils.java:logGet(43)) - raft.server.log.force.sync.num = 128 (default)
2019-08-20 20:11:51,539 [pool-148-thread-1] INFO  server.RaftServerConfigKeys (ConfUtils.java:logGet(43)) - raft.server.log.statemachine.data.sync = true (default)
2019-08-20 20:11:51,539 [pool-148-thread-1] INFO  server.RaftServerConfigKeys (ConfUtils.java:logGet(43)) - raft.server.log.statemachine.data.sync.timeout = 10s (default)
2019-08-20 20:11:51,539 [pool-148-thread-1] INFO  server.RaftServerConfigKeys (ConfUtils.java:logGet(43)) - raft.server.log.statemachine.data.sync.timeout.retry = -1 (default)
2019-08-20 20:11:51,539 [pool-148-thread-1] INFO  server.RaftServerConfigKeys (ConfUtils.java:logGet(43)) - raft.server.log.statemachine.data.caching.enabled = true (custom)
2019-08-20 20:11:51,546 [pool-148-thread-1] INFO  impl.RaftServerImpl (ServerState.java:setRaftConf(361)) - e2a48b6b-f66b-4b37-8155-ad5a694a0f88:group-15E1C96DF128 set configuration 0: [e2a48b6b-f66b-4b37-8155-ad5a694a0f88:192.168.69.105:39746], old=null at 0
2019-08-20 20:11:51,547 [pool-148-thread-1] INFO  segmented.LogSegment (LogSegment.java:loadSegment(145)) - Successfully read 1 entries from segment file /workdir/hadoop-ozone/integration-test/target/test-dir/MiniOzoneClusterImpl-ccd8292b-f2d4-4ee8-aecb-a8ad671d8231/datanode-0/data/ratis/858ac3e9-5852-4db0-9c44-15e1c96df128/current/log_inprogress_0
2019-08-20 20:11:51,547 [pool-148-thread-1] INFO  segmented.SegmentedRaftLogWorker (SegmentedRaftLogWorker.java:lambda$new$0(132)) - e2a48b6b-f66b-4b37-8155-ad5a694a0f88-SegmentedRaftLogWorker:Storage Directory /workdir/hadoop-ozone/integration-test/target/test-dir/MiniOzoneClusterImpl-ccd8292b-f2d4-4ee8-aecb-a8ad671d8231/datanode-0/data/ratis/858ac3e9-5852-4db0-9c44-15e1c96df128: flushIndex: setUnconditionally 0 -> 0
2019-08-20 20:11:51,574 [Thread-330] INFO  handler.ContextHandler (ContextHandler.java:doStart(781)) - Started o.e.j.w.WebAppContext@7adefda5{/,file:///tmp/jetty-0.0.0.0-37371-hddsDatanode-_-any-5995949911414451001.dir/webapp/,AVAILABLE}{/hddsDatanode}
2019-08-20 20:11:51,574 [Thread-330] INFO  server.AbstractConnector (AbstractConnector.java:doStart(278)) - Started ServerConnector@51289513{HTTP/1.1,[http/1.1]}{0.0.0.0:37371}
2019-08-20 20:11:51,576 [Thread-330] INFO  server.Server (Server.java:doStart(419)) - Started @55485ms
2019-08-20 20:11:51,576 [pool-148-thread-1] INFO  server.RaftServerConfigKeys (ConfUtils.java:logGet(43)) - raft.server.snapshot.auto.trigger.enabled = true (custom)
2019-08-20 20:11:51,576 [pool-148-thread-1] INFO  server.RaftServerConfigKeys (ConfUtils.java:logGet(43)) - raft.server.snapshot.auto.trigger.threshold = 10000 (custom)
2019-08-20 20:11:51,576 [pool-148-thread-1] INFO  server.RaftServerConfigKeys (ConfUtils.java:logGet(43)) - raft.server.retrycache.expirytime = 600000ms (custom)
2019-08-20 20:11:51,577 [Thread-330] INFO  server.BaseHttpServer (BaseHttpServer.java:updateConnectorAddress(213)) - HTTP server of HDDSDATANODE is listening at http://0.0.0.0:37371
2019-08-20 20:11:51,578 [pool-148-thread-1] INFO  impl.RaftServerImpl (RaftServerImpl.java:<init>(93)) - e2a48b6b-f66b-4b37-8155-ad5a694a0f88: new RaftServerImpl for group-BA916718FBC3:[] with ContainerStateMachine:uninitialized
2019-08-20 20:11:51,578 [pool-148-thread-1] INFO  server.RaftServerConfigKeys (ConfUtils.java:logGet(43)) - raft.server.rpc.timeout.min = 5s (custom)
2019-08-20 20:11:51,578 [pool-148-thread-1] INFO  server.RaftServerConfigKeys (ConfUtils.java:logGet(43)) - raft.server.rpc.timeout.max = 5200ms (custom)
2019-08-20 20:11:51,578 [pool-148-thread-1] INFO  server.RaftServerConfigKeys (ConfUtils.java:logGet(43)) - raft.server.rpcslowness.timeout = 120s (custom)
2019-08-20 20:11:51,578 [pool-148-thread-1] INFO  server.RaftServerConfigKeys (ConfUtils.java:logGet(43)) - raft.server.sleep.deviation.threshold = 300 (default)
2019-08-20 20:11:51,578 [pool-148-thread-1] INFO  server.RaftServerConfigKeys (ConfUtils.java:logGet(43)) - raft.server.log.appender.install.snapshot.enabled = false (custom)
2019-08-20 20:11:51,578 [pool-148-thread-1] INFO  impl.RaftServerImpl (ServerState.java:<init>(105)) - e2a48b6b-f66b-4b37-8155-ad5a694a0f88:group-BA916718FBC3 ConfigurationManager, init=-1: [], old=null, confs=<EMPTY_MAP>
2019-08-20 20:11:51,579 [pool-148-thread-1] INFO  server.RaftServerConfigKeys (ConfUtils.java:logGet(43)) - raft.server.storage.dir = [/workdir/hadoop-ozone/integration-test/target/test-dir/MiniOzoneClusterImpl-ccd8292b-f2d4-4ee8-aecb-a8ad671d8231/datanode-0/data/ratis] (custom)
2019-08-20 20:11:51,591 [pool-148-thread-1] INFO  storage.RaftStorageDirectory (RaftStorageDirectory.java:tryLock(328)) - Lock on /workdir/hadoop-ozone/integration-test/target/test-dir/MiniOzoneClusterImpl-ccd8292b-f2d4-4ee8-aecb-a8ad671d8231/datanode-0/data/ratis/3282f895-a398-45b1-903c-ba916718fbc3/in_use.lock acquired by nodename 22905@pr-hdds-165-w559s-1850982102
2019-08-20 20:11:51,592 [pool-148-thread-1] INFO  ratis.ContainerStateMachine (ContainerStateMachine.java:loadSnapshot(226)) - group-BA916718FBC3: The snapshot info is null. Setting the last applied indexto:(t:0, i:~)
2019-08-20 20:11:51,592 [pool-148-thread-1] INFO  server.RaftServerConfigKeys (ConfUtils.java:logGet(43)) - raft.server.leader.election.timeout = 120s (custom)
2019-08-20 20:11:51,592 [pool-148-thread-1] INFO  server.RaftServerConfigKeys (ConfUtils.java:logGet(43)) - raft.server.log.use.memory = false (default)
2019-08-20 20:11:51,592 [pool-148-thread-1] INFO  server.RaftServerConfigKeys (ConfUtils.java:logGet(43)) - raft.server.log.purge.gap = 1000000 (custom)
2019-08-20 20:11:51,592 [pool-148-thread-1] INFO  server.RaftServerConfigKeys (ConfUtils.java:logGet(43)) - raft.server.log.appender.buffer.byte-limit = 33554432 (custom)
2019-08-20 20:11:51,592 [pool-148-thread-1] INFO  server.RaftServerConfigKeys (ConfUtils.java:logGet(43)) - raft.server.log.segment.size.max = 1048576 (custom)
2019-08-20 20:11:51,592 [pool-148-thread-1] INFO  server.RaftServerConfigKeys (ConfUtils.java:logGet(43)) - raft.server.log.segment.cache.num.max = 2 (custom)
2019-08-20 20:11:51,593 [pool-148-thread-1] INFO  segmented.SegmentedRaftLogWorker (SegmentedRaftLogWorker.java:<init>(172)) - new e2a48b6b-f66b-4b37-8155-ad5a694a0f88-SegmentedRaftLogWorker:Storage Directory /workdir/hadoop-ozone/integration-test/target/test-dir/MiniOzoneClusterImpl-ccd8292b-f2d4-4ee8-aecb-a8ad671d8231/datanode-0/data/ratis/3282f895-a398-45b1-903c-ba916718fbc3 for RaftStorage:Storage Directory /workdir/hadoop-ozone/integration-test/target/test-dir/MiniOzoneClusterImpl-ccd8292b-f2d4-4ee8-aecb-a8ad671d8231/datanode-0/data/ratis/3282f895-a398-45b1-903c-ba916718fbc3
2019-08-20 20:11:51,593 [pool-148-thread-1] INFO  server.RaftServerConfigKeys (ConfUtils.java:logGet(43)) - raft.server.log.queue.byte-limit = 2147483647 (custom)
2019-08-20 20:11:51,593 [pool-148-thread-1] INFO  server.RaftServerConfigKeys (ConfUtils.java:logGet(43)) - raft.server.log.queue.element-limit = 1024 (custom)
2019-08-20 20:11:51,593 [pool-148-thread-1] INFO  server.RaftServerConfigKeys (ConfUtils.java:logGet(43)) - raft.server.log.segment.size.max = 1048576 (custom)
2019-08-20 20:11:51,593 [pool-148-thread-1] INFO  server.RaftServerConfigKeys (ConfUtils.java:logGet(43)) - raft.server.log.preallocated.size = 16384 (custom)
2019-08-20 20:11:51,593 [pool-148-thread-1] INFO  server.RaftServerConfigKeys (ConfUtils.java:logGet(43)) - raft.server.log.write.buffer.size = 33554432 (custom)
2019-08-20 20:11:51,593 [pool-148-thread-1] INFO  server.RaftServerConfigKeys (ConfUtils.java:logGet(43)) - raft.server.log.force.sync.num = 128 (default)
2019-08-20 20:11:51,593 [pool-148-thread-1] INFO  server.RaftServerConfigKeys (ConfUtils.java:logGet(43)) - raft.server.log.statemachine.data.sync = true (default)
2019-08-20 20:11:51,594 [pool-148-thread-1] INFO  server.RaftServerConfigKeys (ConfUtils.java:logGet(43)) - raft.server.log.statemachine.data.sync.timeout = 10s (default)
2019-08-20 20:11:51,594 [pool-148-thread-1] INFO  server.RaftServerConfigKeys (ConfUtils.java:logGet(43)) - raft.server.log.statemachine.data.sync.timeout.retry = -1 (default)
2019-08-20 20:11:51,594 [pool-148-thread-1] INFO  server.RaftServerConfigKeys (ConfUtils.java:logGet(43)) - raft.server.log.statemachine.data.caching.enabled = true (custom)
2019-08-20 20:11:51,594 [pool-148-thread-1] INFO  impl.RaftServerImpl (ServerState.java:setRaftConf(361)) - e2a48b6b-f66b-4b37-8155-ad5a694a0f88:group-BA916718FBC3 set configuration 0: [b22fd927-fbd8-4183-93bf-a63ecd3c86e6:192.168.69.105:37799, e2a48b6b-f66b-4b37-8155-ad5a694a0f88:192.168.69.105:39746, 9c9e885b-70a3-4219-a375-4b42d50f0932:192.168.69.105:40714], old=null at 0
2019-08-20 20:11:51,595 [pool-148-thread-1] INFO  segmented.LogSegment (LogSegment.java:loadSegment(145)) - Successfully read 1 entries from segment file /workdir/hadoop-ozone/integration-test/target/test-dir/MiniOzoneClusterImpl-ccd8292b-f2d4-4ee8-aecb-a8ad671d8231/datanode-0/data/ratis/3282f895-a398-45b1-903c-ba916718fbc3/current/log_inprogress_0
2019-08-20 20:11:51,595 [pool-148-thread-1] INFO  segmented.SegmentedRaftLogWorker (SegmentedRaftLogWorker.java:lambda$new$0(132)) - e2a48b6b-f66b-4b37-8155-ad5a694a0f88-SegmentedRaftLogWorker:Storage Directory /workdir/hadoop-ozone/integration-test/target/test-dir/MiniOzoneClusterImpl-ccd8292b-f2d4-4ee8-aecb-a8ad671d8231/datanode-0/data/ratis/3282f895-a398-45b1-903c-ba916718fbc3: flushIndex: setUnconditionally 0 -> 0
2019-08-20 20:11:51,623 [pool-148-thread-1] INFO  server.RaftServerConfigKeys (ConfUtils.java:logGet(43)) - raft.server.snapshot.auto.trigger.enabled = true (custom)
2019-08-20 20:11:51,623 [pool-148-thread-1] INFO  server.RaftServerConfigKeys (ConfUtils.java:logGet(43)) - raft.server.snapshot.auto.trigger.threshold = 10000 (custom)
2019-08-20 20:11:51,623 [pool-148-thread-1] INFO  server.RaftServerConfigKeys (ConfUtils.java:logGet(43)) - raft.server.retrycache.expirytime = 600000ms (custom)
2019-08-20 20:11:51,720 | INFO  | ObjectStoreRestHttpServer | Listening HDDS REST traffic on /0.0.0.0:33385 |  
2019-08-20 20:11:51,720 [Thread-330] INFO  ozone.HddsDatanodeService (HddsDatanodeService.java:startPlugins(395)) - Started plug-in org.apache.hadoop.ozone.web.OzoneHddsDatanodeService@3e99e9d4
2019-08-20 20:11:51,722 [org.apache.hadoop.util.JvmPauseMonitor$Monitor@fa186bc] INFO  util.JvmPauseMonitor (JvmPauseMonitor.java:run(188)) - Starting JVM pause monitor
2019-08-20 20:11:51,722 [Thread-330] INFO  impl.MetricsSystemImpl (MetricsSystemImpl.java:init(158)) - HddsDatanode metrics system started (again)
2019-08-20 20:11:51,725 [Thread-330] INFO  ozone.HddsDatanodeService (HddsDatanodeService.java:start(184)) - HddsDatanodeService host:pr-hdds-165-w559s-1850982102 ip:192.168.69.105
2019-08-20 20:11:51,727 [Thread-330] INFO  volume.VolumeUsage (VolumeUsage.java:loadScmUsed(144)) - Cached ScmUsed found for /workdir/hadoop-ozone/integration-test/target/test-dir/MiniOzoneClusterImpl-ccd8292b-f2d4-4ee8-aecb-a8ad671d8231/datanode-1/data/containers : 4096 
2019-08-20 20:11:51,728 [Thread-330] INFO  volume.HddsVolume (HddsVolume.java:<init>(176)) - Creating Volume: /workdir/hadoop-ozone/integration-test/target/test-dir/MiniOzoneClusterImpl-ccd8292b-f2d4-4ee8-aecb-a8ad671d8231/datanode-1/data/containers/hdds of  storage type : DISK and capacity : 1482555576320
2019-08-20 20:11:51,728 [Thread-330] INFO  volume.VolumeSet (VolumeSet.java:initializeVolumeSet(170)) - Added Volume : /workdir/hadoop-ozone/integration-test/target/test-dir/MiniOzoneClusterImpl-ccd8292b-f2d4-4ee8-aecb-a8ad671d8231/datanode-1/data/containers/hdds to VolumeSet
2019-08-20 20:11:51,728 [Thread-330] INFO  volume.ThrottledAsyncChecker (ThrottledAsyncChecker.java:schedule(140)) - Scheduling a check for org.apache.hadoop.ozone.container.common.volume.HddsVolume@b5d8f28
2019-08-20 20:11:51,728 [Thread-330] INFO  volume.HddsVolumeChecker (HddsVolumeChecker.java:checkAllVolumes(203)) - Scheduled health check for volume org.apache.hadoop.ozone.container.common.volume.HddsVolume@b5d8f28
2019-08-20 20:11:51,743 [Thread-330] INFO  impl.RaftServerProxy (ConfUtils.java:logGet(43)) - raft.rpc.type = GRPC (default)
2019-08-20 20:11:51,744 [Thread-330] INFO  grpc.GrpcFactory (GrpcFactory.java:checkPooledByteBufAllocatorUseCacheForAllThreads(45)) - PERFORMANCE WARNING: useCacheForAllThreads is true that may cause Netty to create a lot garbage objects and, as a result, trigger GC.
	It is recommended to disable useCacheForAllThreads by setting -Dorg.apache.ratis.thirdparty.io.netty.allocator.useCacheForAllThreads=false in command line.
2019-08-20 20:11:51,744 [Thread-330] INFO  grpc.GrpcConfigKeys$Server (ConfUtils.java:logGet(43)) - raft.grpc.server.port = 37799 (custom)
2019-08-20 20:11:51,744 [Thread-330] INFO  server.GrpcService (ConfUtils.java:logGet(43)) - raft.grpc.message.size.max = 33570816 (custom)
2019-08-20 20:11:51,744 [Thread-330] INFO  server.RaftServerConfigKeys (ConfUtils.java:logGet(43)) - raft.server.log.appender.buffer.byte-limit = 33554432 (custom)
2019-08-20 20:11:51,744 [Thread-330] INFO  server.GrpcService (ConfUtils.java:logGet(43)) - raft.grpc.flow.control.window = 1MB (=1048576) (default)
2019-08-20 20:11:51,744 [Thread-330] INFO  server.RaftServerConfigKeys (ConfUtils.java:logGet(43)) - raft.server.rpc.request.timeout = 3000ms (default)
2019-08-20 20:11:51,745 [Thread-330] INFO  server.RaftServerConfigKeys (ConfUtils.java:logGet(43)) - raft.server.storage.dir = [/workdir/hadoop-ozone/integration-test/target/test-dir/MiniOzoneClusterImpl-ccd8292b-f2d4-4ee8-aecb-a8ad671d8231/datanode-1/data/ratis] (custom)
2019-08-20 20:11:51,745 [Thread-330] INFO  impl.RaftServerProxy (RaftServerProxy.java:lambda$null$0(191)) - b22fd927-fbd8-4183-93bf-a63ecd3c86e6: found a subdirectory /workdir/hadoop-ozone/integration-test/target/test-dir/MiniOzoneClusterImpl-ccd8292b-f2d4-4ee8-aecb-a8ad671d8231/datanode-1/data/ratis/05b6df10-6af0-42ed-8935-5b48b2ba3eff
2019-08-20 20:11:51,745 [Thread-330] INFO  impl.RaftServerProxy (RaftServerProxy.java:addNew(89)) - b22fd927-fbd8-4183-93bf-a63ecd3c86e6: addNew group-5B48B2BA3EFF:[] returns group-5B48B2BA3EFF:java.util.concurrent.CompletableFuture@2da163c6[Not completed]
2019-08-20 20:11:51,746 [Thread-330] INFO  impl.RaftServerProxy (RaftServerProxy.java:lambda$null$0(191)) - b22fd927-fbd8-4183-93bf-a63ecd3c86e6: found a subdirectory /workdir/hadoop-ozone/integration-test/target/test-dir/MiniOzoneClusterImpl-ccd8292b-f2d4-4ee8-aecb-a8ad671d8231/datanode-1/data/ratis/3282f895-a398-45b1-903c-ba916718fbc3
2019-08-20 20:11:51,746 [Thread-330] INFO  impl.RaftServerProxy (RaftServerProxy.java:addNew(89)) - b22fd927-fbd8-4183-93bf-a63ecd3c86e6: addNew group-BA916718FBC3:[] returns group-BA916718FBC3:java.util.concurrent.CompletableFuture@1a0ab538[Not completed]
2019-08-20 20:11:51,746 [Thread-330] INFO  replication.SimpleContainerDownloader (SimpleContainerDownloader.java:<init>(72)) - Starting container downloader service to copy containers to replicate.
2019-08-20 20:11:51,747 [Thread-330] INFO  hdfs.DFSUtil (DFSUtil.java:httpServerTemplateForNNAndJN(1641)) - Starting Web-server for hddsDatanode at: http://0.0.0.0:46882
2019-08-20 20:11:51,752 [pool-159-thread-1] INFO  impl.RaftServerImpl (RaftServerImpl.java:<init>(93)) - b22fd927-fbd8-4183-93bf-a63ecd3c86e6: new RaftServerImpl for group-5B48B2BA3EFF:[] with ContainerStateMachine:uninitialized
2019-08-20 20:11:51,752 [pool-159-thread-1] INFO  server.RaftServerConfigKeys (ConfUtils.java:logGet(43)) - raft.server.rpc.timeout.min = 5s (custom)
2019-08-20 20:11:51,752 [pool-159-thread-1] INFO  server.RaftServerConfigKeys (ConfUtils.java:logGet(43)) - raft.server.rpc.timeout.max = 5200ms (custom)
2019-08-20 20:11:51,753 [pool-159-thread-1] INFO  server.RaftServerConfigKeys (ConfUtils.java:logGet(43)) - raft.server.rpcslowness.timeout = 120s (custom)
2019-08-20 20:11:51,753 [pool-159-thread-1] INFO  server.RaftServerConfigKeys (ConfUtils.java:logGet(43)) - raft.server.sleep.deviation.threshold = 300 (default)
2019-08-20 20:11:51,753 [pool-159-thread-1] INFO  server.RaftServerConfigKeys (ConfUtils.java:logGet(43)) - raft.server.log.appender.install.snapshot.enabled = false (custom)
2019-08-20 20:11:51,753 [pool-159-thread-1] INFO  impl.RaftServerImpl (ServerState.java:<init>(105)) - b22fd927-fbd8-4183-93bf-a63ecd3c86e6:group-5B48B2BA3EFF ConfigurationManager, init=-1: [], old=null, confs=<EMPTY_MAP>
2019-08-20 20:11:51,753 [pool-159-thread-1] INFO  server.RaftServerConfigKeys (ConfUtils.java:logGet(43)) - raft.server.storage.dir = [/workdir/hadoop-ozone/integration-test/target/test-dir/MiniOzoneClusterImpl-ccd8292b-f2d4-4ee8-aecb-a8ad671d8231/datanode-1/data/ratis] (custom)
2019-08-20 20:11:51,753 [Thread-330] INFO  server.AuthenticationFilter (AuthenticationFilter.java:constructSecretProvider(240)) - Unable to initialize FileSignerSecretProvider, falling back to use random secrets.
2019-08-20 20:11:51,754 [Thread-330] WARN  http.HttpRequestLog (HttpRequestLog.java:getRequestLog(97)) - Jetty request log can only be enabled using Log4j
2019-08-20 20:11:51,755 [Thread-330] INFO  http.HttpServer2 (HttpServer2.java:addGlobalFilter(975)) - Added global filter 'safety' (class=org.apache.hadoop.http.HttpServer2$QuotingInputFilter)
2019-08-20 20:11:51,756 [Thread-330] INFO  http.HttpServer2 (HttpServer2.java:addFilter(948)) - Added filter static_user_filter (class=org.apache.hadoop.http.lib.StaticUserWebFilter$StaticUserFilter) to context hddsDatanode
2019-08-20 20:11:51,756 [Thread-330] INFO  http.HttpServer2 (HttpServer2.java:addFilter(958)) - Added filter static_user_filter (class=org.apache.hadoop.http.lib.StaticUserWebFilter$StaticUserFilter) to context logs
2019-08-20 20:11:51,756 [Thread-330] INFO  http.HttpServer2 (HttpServer2.java:addFilter(958)) - Added filter static_user_filter (class=org.apache.hadoop.http.lib.StaticUserWebFilter$StaticUserFilter) to context static
2019-08-20 20:11:51,756 [Thread-330] INFO  http.HttpServer2 (HttpServer2.java:bindListener(1191)) - Jetty bound to port 46882
2019-08-20 20:11:51,757 [Thread-330] INFO  server.Server (Server.java:doStart(351)) - jetty-9.3.24.v20180605, build timestamp: 2018-06-05T17:11:56Z, git hash: 84205aa28f11a4f31f2a3b86d1bba2cc8ab69827
2019-08-20 20:11:51,758 [Thread-330] INFO  handler.ContextHandler (ContextHandler.java:doStart(781)) - Started o.e.j.s.ServletContextHandler@47216059{/logs,file:///workdir/hadoop-ozone/integration-test/target/log,AVAILABLE}
2019-08-20 20:11:51,759 [Thread-330] INFO  handler.ContextHandler (ContextHandler.java:doStart(781)) - Started o.e.j.s.ServletContextHandler@6ebb8845{/static,jar:file:/home/user/.m2/repository/org/apache/hadoop/hadoop-hdds-container-service/0.5.0-SNAPSHOT/hadoop-hdds-container-service-0.5.0-SNAPSHOT.jar!/webapps/static,AVAILABLE}
2019-08-20 20:11:51,774 [pool-159-thread-1] INFO  storage.RaftStorageDirectory (RaftStorageDirectory.java:tryLock(328)) - Lock on /workdir/hadoop-ozone/integration-test/target/test-dir/MiniOzoneClusterImpl-ccd8292b-f2d4-4ee8-aecb-a8ad671d8231/datanode-1/data/ratis/05b6df10-6af0-42ed-8935-5b48b2ba3eff/in_use.lock acquired by nodename 22905@pr-hdds-165-w559s-1850982102
2019-08-20 20:11:51,775 [pool-159-thread-1] INFO  ratis.ContainerStateMachine (ContainerStateMachine.java:loadSnapshot(226)) - group-5B48B2BA3EFF: The snapshot info is null. Setting the last applied indexto:(t:0, i:~)
2019-08-20 20:11:51,775 [pool-159-thread-1] INFO  server.RaftServerConfigKeys (ConfUtils.java:logGet(43)) - raft.server.leader.election.timeout = 120s (custom)
2019-08-20 20:11:51,775 [pool-159-thread-1] INFO  server.RaftServerConfigKeys (ConfUtils.java:logGet(43)) - raft.server.log.use.memory = false (default)
2019-08-20 20:11:51,775 [pool-159-thread-1] INFO  server.RaftServerConfigKeys (ConfUtils.java:logGet(43)) - raft.server.log.purge.gap = 1000000 (custom)
2019-08-20 20:11:51,775 [pool-159-thread-1] INFO  server.RaftServerConfigKeys (ConfUtils.java:logGet(43)) - raft.server.log.appender.buffer.byte-limit = 33554432 (custom)
2019-08-20 20:11:51,776 [pool-159-thread-1] INFO  server.RaftServerConfigKeys (ConfUtils.java:logGet(43)) - raft.server.log.segment.size.max = 1048576 (custom)
2019-08-20 20:11:51,776 [pool-159-thread-1] INFO  server.RaftServerConfigKeys (ConfUtils.java:logGet(43)) - raft.server.log.segment.cache.num.max = 2 (custom)
2019-08-20 20:11:51,776 [pool-159-thread-1] INFO  segmented.SegmentedRaftLogWorker (SegmentedRaftLogWorker.java:<init>(172)) - new b22fd927-fbd8-4183-93bf-a63ecd3c86e6-SegmentedRaftLogWorker:Storage Directory /workdir/hadoop-ozone/integration-test/target/test-dir/MiniOzoneClusterImpl-ccd8292b-f2d4-4ee8-aecb-a8ad671d8231/datanode-1/data/ratis/05b6df10-6af0-42ed-8935-5b48b2ba3eff for RaftStorage:Storage Directory /workdir/hadoop-ozone/integration-test/target/test-dir/MiniOzoneClusterImpl-ccd8292b-f2d4-4ee8-aecb-a8ad671d8231/datanode-1/data/ratis/05b6df10-6af0-42ed-8935-5b48b2ba3eff
2019-08-20 20:11:51,776 [pool-159-thread-1] INFO  server.RaftServerConfigKeys (ConfUtils.java:logGet(43)) - raft.server.log.queue.byte-limit = 2147483647 (custom)
2019-08-20 20:11:51,776 [pool-159-thread-1] INFO  server.RaftServerConfigKeys (ConfUtils.java:logGet(43)) - raft.server.log.queue.element-limit = 1024 (custom)
2019-08-20 20:11:51,776 [pool-159-thread-1] INFO  server.RaftServerConfigKeys (ConfUtils.java:logGet(43)) - raft.server.log.segment.size.max = 1048576 (custom)
2019-08-20 20:11:51,776 [pool-159-thread-1] INFO  server.RaftServerConfigKeys (ConfUtils.java:logGet(43)) - raft.server.log.preallocated.size = 16384 (custom)
2019-08-20 20:11:51,777 [pool-159-thread-1] INFO  server.RaftServerConfigKeys (ConfUtils.java:logGet(43)) - raft.server.log.write.buffer.size = 33554432 (custom)
2019-08-20 20:11:51,777 [pool-159-thread-1] INFO  server.RaftServerConfigKeys (ConfUtils.java:logGet(43)) - raft.server.log.force.sync.num = 128 (default)
2019-08-20 20:11:51,777 [pool-159-thread-1] INFO  server.RaftServerConfigKeys (ConfUtils.java:logGet(43)) - raft.server.log.statemachine.data.sync = true (default)
2019-08-20 20:11:51,777 [pool-159-thread-1] INFO  server.RaftServerConfigKeys (ConfUtils.java:logGet(43)) - raft.server.log.statemachine.data.sync.timeout = 10s (default)
2019-08-20 20:11:51,777 [pool-159-thread-1] INFO  server.RaftServerConfigKeys (ConfUtils.java:logGet(43)) - raft.server.log.statemachine.data.sync.timeout.retry = -1 (default)
2019-08-20 20:11:51,777 [pool-159-thread-1] INFO  server.RaftServerConfigKeys (ConfUtils.java:logGet(43)) - raft.server.log.statemachine.data.caching.enabled = true (custom)
2019-08-20 20:11:51,778 [pool-159-thread-1] INFO  impl.RaftServerImpl (ServerState.java:setRaftConf(361)) - b22fd927-fbd8-4183-93bf-a63ecd3c86e6:group-5B48B2BA3EFF set configuration 0: [b22fd927-fbd8-4183-93bf-a63ecd3c86e6:192.168.69.105:37799], old=null at 0
2019-08-20 20:11:51,778 [pool-159-thread-1] INFO  segmented.LogSegment (LogSegment.java:loadSegment(145)) - Successfully read 1 entries from segment file /workdir/hadoop-ozone/integration-test/target/test-dir/MiniOzoneClusterImpl-ccd8292b-f2d4-4ee8-aecb-a8ad671d8231/datanode-1/data/ratis/05b6df10-6af0-42ed-8935-5b48b2ba3eff/current/log_inprogress_0
2019-08-20 20:11:51,780 [pool-159-thread-1] INFO  segmented.SegmentedRaftLogWorker (SegmentedRaftLogWorker.java:lambda$new$0(132)) - b22fd927-fbd8-4183-93bf-a63ecd3c86e6-SegmentedRaftLogWorker:Storage Directory /workdir/hadoop-ozone/integration-test/target/test-dir/MiniOzoneClusterImpl-ccd8292b-f2d4-4ee8-aecb-a8ad671d8231/datanode-1/data/ratis/05b6df10-6af0-42ed-8935-5b48b2ba3eff: flushIndex: setUnconditionally 0 -> 0
2019-08-20 20:11:51,791 [Thread-330] INFO  handler.ContextHandler (ContextHandler.java:doStart(781)) - Started o.e.j.w.WebAppContext@698d6863{/,file:///tmp/jetty-0.0.0.0-46882-hddsDatanode-_-any-3570264978740867756.dir/webapp/,AVAILABLE}{/hddsDatanode}
2019-08-20 20:11:51,791 [Thread-330] INFO  server.AbstractConnector (AbstractConnector.java:doStart(278)) - Started ServerConnector@4bbe1ccc{HTTP/1.1,[http/1.1]}{0.0.0.0:46882}
2019-08-20 20:11:51,807 [pool-159-thread-1] INFO  server.RaftServerConfigKeys (ConfUtils.java:logGet(43)) - raft.server.snapshot.auto.trigger.enabled = true (custom)
2019-08-20 20:11:51,807 [pool-159-thread-1] INFO  server.RaftServerConfigKeys (ConfUtils.java:logGet(43)) - raft.server.snapshot.auto.trigger.threshold = 10000 (custom)
2019-08-20 20:11:51,807 [pool-159-thread-1] INFO  server.RaftServerConfigKeys (ConfUtils.java:logGet(43)) - raft.server.retrycache.expirytime = 600000ms (custom)
2019-08-20 20:11:51,807 [Thread-330] INFO  server.Server (Server.java:doStart(419)) - Started @55716ms
2019-08-20 20:11:51,808 [Thread-330] INFO  server.BaseHttpServer (BaseHttpServer.java:updateConnectorAddress(213)) - HTTP server of HDDSDATANODE is listening at http://0.0.0.0:46882
2019-08-20 20:11:51,808 [pool-159-thread-1] INFO  impl.RaftServerImpl (RaftServerImpl.java:<init>(93)) - b22fd927-fbd8-4183-93bf-a63ecd3c86e6: new RaftServerImpl for group-BA916718FBC3:[] with ContainerStateMachine:uninitialized
2019-08-20 20:11:51,809 [pool-159-thread-1] INFO  server.RaftServerConfigKeys (ConfUtils.java:logGet(43)) - raft.server.rpc.timeout.min = 5s (custom)
2019-08-20 20:11:51,809 [pool-159-thread-1] INFO  server.RaftServerConfigKeys (ConfUtils.java:logGet(43)) - raft.server.rpc.timeout.max = 5200ms (custom)
2019-08-20 20:11:51,809 [pool-159-thread-1] INFO  server.RaftServerConfigKeys (ConfUtils.java:logGet(43)) - raft.server.rpcslowness.timeout = 120s (custom)
2019-08-20 20:11:51,809 [pool-159-thread-1] INFO  server.RaftServerConfigKeys (ConfUtils.java:logGet(43)) - raft.server.sleep.deviation.threshold = 300 (default)
2019-08-20 20:11:51,809 [pool-159-thread-1] INFO  server.RaftServerConfigKeys (ConfUtils.java:logGet(43)) - raft.server.log.appender.install.snapshot.enabled = false (custom)
2019-08-20 20:11:51,809 [pool-159-thread-1] INFO  impl.RaftServerImpl (ServerState.java:<init>(105)) - b22fd927-fbd8-4183-93bf-a63ecd3c86e6:group-BA916718FBC3 ConfigurationManager, init=-1: [], old=null, confs=<EMPTY_MAP>
2019-08-20 20:11:51,809 [pool-159-thread-1] INFO  server.RaftServerConfigKeys (ConfUtils.java:logGet(43)) - raft.server.storage.dir = [/workdir/hadoop-ozone/integration-test/target/test-dir/MiniOzoneClusterImpl-ccd8292b-f2d4-4ee8-aecb-a8ad671d8231/datanode-1/data/ratis] (custom)
2019-08-20 20:11:51,822 [pool-159-thread-1] INFO  storage.RaftStorageDirectory (RaftStorageDirectory.java:tryLock(328)) - Lock on /workdir/hadoop-ozone/integration-test/target/test-dir/MiniOzoneClusterImpl-ccd8292b-f2d4-4ee8-aecb-a8ad671d8231/datanode-1/data/ratis/3282f895-a398-45b1-903c-ba916718fbc3/in_use.lock acquired by nodename 22905@pr-hdds-165-w559s-1850982102
2019-08-20 20:11:51,822 [pool-159-thread-1] INFO  ratis.ContainerStateMachine (ContainerStateMachine.java:loadSnapshot(226)) - group-BA916718FBC3: The snapshot info is null. Setting the last applied indexto:(t:0, i:~)
2019-08-20 20:11:51,822 [pool-159-thread-1] INFO  server.RaftServerConfigKeys (ConfUtils.java:logGet(43)) - raft.server.leader.election.timeout = 120s (custom)
2019-08-20 20:11:51,822 [pool-159-thread-1] INFO  server.RaftServerConfigKeys (ConfUtils.java:logGet(43)) - raft.server.log.use.memory = false (default)
2019-08-20 20:11:51,822 [pool-159-thread-1] INFO  server.RaftServerConfigKeys (ConfUtils.java:logGet(43)) - raft.server.log.purge.gap = 1000000 (custom)
2019-08-20 20:11:51,823 [pool-159-thread-1] INFO  server.RaftServerConfigKeys (ConfUtils.java:logGet(43)) - raft.server.log.appender.buffer.byte-limit = 33554432 (custom)
2019-08-20 20:11:51,823 [pool-159-thread-1] INFO  server.RaftServerConfigKeys (ConfUtils.java:logGet(43)) - raft.server.log.segment.size.max = 1048576 (custom)
2019-08-20 20:11:51,823 [pool-159-thread-1] INFO  server.RaftServerConfigKeys (ConfUtils.java:logGet(43)) - raft.server.log.segment.cache.num.max = 2 (custom)
2019-08-20 20:11:51,823 [pool-159-thread-1] INFO  segmented.SegmentedRaftLogWorker (SegmentedRaftLogWorker.java:<init>(172)) - new b22fd927-fbd8-4183-93bf-a63ecd3c86e6-SegmentedRaftLogWorker:Storage Directory /workdir/hadoop-ozone/integration-test/target/test-dir/MiniOzoneClusterImpl-ccd8292b-f2d4-4ee8-aecb-a8ad671d8231/datanode-1/data/ratis/3282f895-a398-45b1-903c-ba916718fbc3 for RaftStorage:Storage Directory /workdir/hadoop-ozone/integration-test/target/test-dir/MiniOzoneClusterImpl-ccd8292b-f2d4-4ee8-aecb-a8ad671d8231/datanode-1/data/ratis/3282f895-a398-45b1-903c-ba916718fbc3
2019-08-20 20:11:51,823 [pool-159-thread-1] INFO  server.RaftServerConfigKeys (ConfUtils.java:logGet(43)) - raft.server.log.queue.byte-limit = 2147483647 (custom)
2019-08-20 20:11:51,823 [pool-159-thread-1] INFO  server.RaftServerConfigKeys (ConfUtils.java:logGet(43)) - raft.server.log.queue.element-limit = 1024 (custom)
2019-08-20 20:11:51,823 [pool-159-thread-1] INFO  server.RaftServerConfigKeys (ConfUtils.java:logGet(43)) - raft.server.log.segment.size.max = 1048576 (custom)
2019-08-20 20:11:51,823 [pool-159-thread-1] INFO  server.RaftServerConfigKeys (ConfUtils.java:logGet(43)) - raft.server.log.preallocated.size = 16384 (custom)
2019-08-20 20:11:51,823 [pool-159-thread-1] INFO  server.RaftServerConfigKeys (ConfUtils.java:logGet(43)) - raft.server.log.write.buffer.size = 33554432 (custom)
2019-08-20 20:11:51,824 [pool-159-thread-1] INFO  server.RaftServerConfigKeys (ConfUtils.java:logGet(43)) - raft.server.log.force.sync.num = 128 (default)
2019-08-20 20:11:51,824 [pool-159-thread-1] INFO  server.RaftServerConfigKeys (ConfUtils.java:logGet(43)) - raft.server.log.statemachine.data.sync = true (default)
2019-08-20 20:11:51,824 [pool-159-thread-1] INFO  server.RaftServerConfigKeys (ConfUtils.java:logGet(43)) - raft.server.log.statemachine.data.sync.timeout = 10s (default)
2019-08-20 20:11:51,824 [pool-159-thread-1] INFO  server.RaftServerConfigKeys (ConfUtils.java:logGet(43)) - raft.server.log.statemachine.data.sync.timeout.retry = -1 (default)
2019-08-20 20:11:51,824 [pool-159-thread-1] INFO  server.RaftServerConfigKeys (ConfUtils.java:logGet(43)) - raft.server.log.statemachine.data.caching.enabled = true (custom)
2019-08-20 20:11:51,825 [pool-159-thread-1] INFO  impl.RaftServerImpl (ServerState.java:setRaftConf(361)) - b22fd927-fbd8-4183-93bf-a63ecd3c86e6:group-BA916718FBC3 set configuration 0: [b22fd927-fbd8-4183-93bf-a63ecd3c86e6:192.168.69.105:37799, e2a48b6b-f66b-4b37-8155-ad5a694a0f88:192.168.69.105:39746, 9c9e885b-70a3-4219-a375-4b42d50f0932:192.168.69.105:40714], old=null at 0
2019-08-20 20:11:51,825 [pool-159-thread-1] INFO  segmented.LogSegment (LogSegment.java:loadSegment(145)) - Successfully read 1 entries from segment file /workdir/hadoop-ozone/integration-test/target/test-dir/MiniOzoneClusterImpl-ccd8292b-f2d4-4ee8-aecb-a8ad671d8231/datanode-1/data/ratis/3282f895-a398-45b1-903c-ba916718fbc3/current/log_inprogress_0
2019-08-20 20:11:51,825 [pool-159-thread-1] INFO  segmented.SegmentedRaftLogWorker (SegmentedRaftLogWorker.java:lambda$new$0(132)) - b22fd927-fbd8-4183-93bf-a63ecd3c86e6-SegmentedRaftLogWorker:Storage Directory /workdir/hadoop-ozone/integration-test/target/test-dir/MiniOzoneClusterImpl-ccd8292b-f2d4-4ee8-aecb-a8ad671d8231/datanode-1/data/ratis/3282f895-a398-45b1-903c-ba916718fbc3: flushIndex: setUnconditionally 0 -> 0
2019-08-20 20:11:51,850 [pool-159-thread-1] INFO  server.RaftServerConfigKeys (ConfUtils.java:logGet(43)) - raft.server.snapshot.auto.trigger.enabled = true (custom)
2019-08-20 20:11:51,850 [pool-159-thread-1] INFO  server.RaftServerConfigKeys (ConfUtils.java:logGet(43)) - raft.server.snapshot.auto.trigger.threshold = 10000 (custom)
2019-08-20 20:11:51,850 [pool-159-thread-1] INFO  server.RaftServerConfigKeys (ConfUtils.java:logGet(43)) - raft.server.retrycache.expirytime = 600000ms (custom)
2019-08-20 20:11:51,943 | INFO  | ObjectStoreRestHttpServer | Listening HDDS REST traffic on /0.0.0.0:37183 |  
2019-08-20 20:11:51,943 [Thread-330] INFO  ozone.HddsDatanodeService (HddsDatanodeService.java:startPlugins(395)) - Started plug-in org.apache.hadoop.ozone.web.OzoneHddsDatanodeService@355535d8
2019-08-20 20:11:51,945 [Thread-330] INFO  impl.MetricsSystemImpl (MetricsSystemImpl.java:init(158)) - HddsDatanode metrics system started (again)
2019-08-20 20:11:51,945 [org.apache.hadoop.util.JvmPauseMonitor$Monitor@7654b551] INFO  util.JvmPauseMonitor (JvmPauseMonitor.java:run(188)) - Starting JVM pause monitor
2019-08-20 20:11:51,948 [Thread-330] INFO  ozone.HddsDatanodeService (HddsDatanodeService.java:start(184)) - HddsDatanodeService host:pr-hdds-165-w559s-1850982102 ip:192.168.69.105
2019-08-20 20:11:51,950 [Thread-330] INFO  volume.VolumeUsage (VolumeUsage.java:loadScmUsed(144)) - Cached ScmUsed found for /workdir/hadoop-ozone/integration-test/target/test-dir/MiniOzoneClusterImpl-ccd8292b-f2d4-4ee8-aecb-a8ad671d8231/datanode-2/data/containers : 4096 
2019-08-20 20:11:51,950 [Thread-330] INFO  volume.HddsVolume (HddsVolume.java:<init>(176)) - Creating Volume: /workdir/hadoop-ozone/integration-test/target/test-dir/MiniOzoneClusterImpl-ccd8292b-f2d4-4ee8-aecb-a8ad671d8231/datanode-2/data/containers/hdds of  storage type : DISK and capacity : 1482555576320
2019-08-20 20:11:51,951 [Thread-330] INFO  volume.VolumeSet (VolumeSet.java:initializeVolumeSet(170)) - Added Volume : /workdir/hadoop-ozone/integration-test/target/test-dir/MiniOzoneClusterImpl-ccd8292b-f2d4-4ee8-aecb-a8ad671d8231/datanode-2/data/containers/hdds to VolumeSet
2019-08-20 20:11:51,951 [Thread-330] INFO  volume.ThrottledAsyncChecker (ThrottledAsyncChecker.java:schedule(140)) - Scheduling a check for org.apache.hadoop.ozone.container.common.volume.HddsVolume@2ffe6d22
2019-08-20 20:11:51,951 [Thread-330] INFO  volume.HddsVolumeChecker (HddsVolumeChecker.java:checkAllVolumes(203)) - Scheduled health check for volume org.apache.hadoop.ozone.container.common.volume.HddsVolume@2ffe6d22
2019-08-20 20:11:51,964 [Thread-330] INFO  impl.RaftServerProxy (ConfUtils.java:logGet(43)) - raft.rpc.type = GRPC (default)
2019-08-20 20:11:51,964 [Thread-330] INFO  grpc.GrpcFactory (GrpcFactory.java:checkPooledByteBufAllocatorUseCacheForAllThreads(45)) - PERFORMANCE WARNING: useCacheForAllThreads is true that may cause Netty to create a lot garbage objects and, as a result, trigger GC.
	It is recommended to disable useCacheForAllThreads by setting -Dorg.apache.ratis.thirdparty.io.netty.allocator.useCacheForAllThreads=false in command line.
2019-08-20 20:11:51,965 [Thread-330] INFO  grpc.GrpcConfigKeys$Server (ConfUtils.java:logGet(43)) - raft.grpc.server.port = 40714 (custom)
2019-08-20 20:11:51,965 [Thread-330] INFO  server.GrpcService (ConfUtils.java:logGet(43)) - raft.grpc.message.size.max = 33570816 (custom)
2019-08-20 20:11:51,965 [Thread-330] INFO  server.RaftServerConfigKeys (ConfUtils.java:logGet(43)) - raft.server.log.appender.buffer.byte-limit = 33554432 (custom)
2019-08-20 20:11:51,965 [Thread-330] INFO  server.GrpcService (ConfUtils.java:logGet(43)) - raft.grpc.flow.control.window = 1MB (=1048576) (default)
2019-08-20 20:11:51,965 [Thread-330] INFO  server.RaftServerConfigKeys (ConfUtils.java:logGet(43)) - raft.server.rpc.request.timeout = 3000ms (default)
2019-08-20 20:11:51,966 [Thread-330] INFO  server.RaftServerConfigKeys (ConfUtils.java:logGet(43)) - raft.server.storage.dir = [/workdir/hadoop-ozone/integration-test/target/test-dir/MiniOzoneClusterImpl-ccd8292b-f2d4-4ee8-aecb-a8ad671d8231/datanode-2/data/ratis] (custom)
2019-08-20 20:11:51,966 [Thread-330] INFO  impl.RaftServerProxy (RaftServerProxy.java:lambda$null$0(191)) - 9c9e885b-70a3-4219-a375-4b42d50f0932: found a subdirectory /workdir/hadoop-ozone/integration-test/target/test-dir/MiniOzoneClusterImpl-ccd8292b-f2d4-4ee8-aecb-a8ad671d8231/datanode-2/data/ratis/e91c54d3-b375-4087-b96c-26a1c0edec5c
2019-08-20 20:11:51,966 [Thread-330] INFO  impl.RaftServerProxy (RaftServerProxy.java:addNew(89)) - 9c9e885b-70a3-4219-a375-4b42d50f0932: addNew group-26A1C0EDEC5C:[] returns group-26A1C0EDEC5C:java.util.concurrent.CompletableFuture@19dfa5fb[Not completed]
2019-08-20 20:11:51,967 [Thread-330] INFO  impl.RaftServerProxy (RaftServerProxy.java:lambda$null$0(191)) - 9c9e885b-70a3-4219-a375-4b42d50f0932: found a subdirectory /workdir/hadoop-ozone/integration-test/target/test-dir/MiniOzoneClusterImpl-ccd8292b-f2d4-4ee8-aecb-a8ad671d8231/datanode-2/data/ratis/3282f895-a398-45b1-903c-ba916718fbc3
2019-08-20 20:11:51,967 [Thread-330] INFO  impl.RaftServerProxy (RaftServerProxy.java:addNew(89)) - 9c9e885b-70a3-4219-a375-4b42d50f0932: addNew group-BA916718FBC3:[] returns group-BA916718FBC3:java.util.concurrent.CompletableFuture@4dc9b098[Not completed]
2019-08-20 20:11:51,967 [Thread-330] INFO  replication.SimpleContainerDownloader (SimpleContainerDownloader.java:<init>(72)) - Starting container downloader service to copy containers to replicate.
2019-08-20 20:11:51,969 [pool-170-thread-1] INFO  impl.RaftServerImpl (RaftServerImpl.java:<init>(93)) - 9c9e885b-70a3-4219-a375-4b42d50f0932: new RaftServerImpl for group-26A1C0EDEC5C:[] with ContainerStateMachine:uninitialized
2019-08-20 20:11:51,969 [Thread-330] INFO  hdfs.DFSUtil (DFSUtil.java:httpServerTemplateForNNAndJN(1641)) - Starting Web-server for hddsDatanode at: http://0.0.0.0:34328
2019-08-20 20:11:51,969 [pool-170-thread-1] INFO  server.RaftServerConfigKeys (ConfUtils.java:logGet(43)) - raft.server.rpc.timeout.min = 5s (custom)
2019-08-20 20:11:51,969 [pool-170-thread-1] INFO  server.RaftServerConfigKeys (ConfUtils.java:logGet(43)) - raft.server.rpc.timeout.max = 5200ms (custom)
2019-08-20 20:11:51,970 [pool-170-thread-1] INFO  server.RaftServerConfigKeys (ConfUtils.java:logGet(43)) - raft.server.rpcslowness.timeout = 120s (custom)
2019-08-20 20:11:51,970 [pool-170-thread-1] INFO  server.RaftServerConfigKeys (ConfUtils.java:logGet(43)) - raft.server.sleep.deviation.threshold = 300 (default)
2019-08-20 20:11:51,970 [pool-170-thread-1] INFO  server.RaftServerConfigKeys (ConfUtils.java:logGet(43)) - raft.server.log.appender.install.snapshot.enabled = false (custom)
2019-08-20 20:11:51,970 [pool-170-thread-1] INFO  impl.RaftServerImpl (ServerState.java:<init>(105)) - 9c9e885b-70a3-4219-a375-4b42d50f0932:group-26A1C0EDEC5C ConfigurationManager, init=-1: [], old=null, confs=<EMPTY_MAP>
2019-08-20 20:11:51,970 [pool-170-thread-1] INFO  server.RaftServerConfigKeys (ConfUtils.java:logGet(43)) - raft.server.storage.dir = [/workdir/hadoop-ozone/integration-test/target/test-dir/MiniOzoneClusterImpl-ccd8292b-f2d4-4ee8-aecb-a8ad671d8231/datanode-2/data/ratis] (custom)
2019-08-20 20:11:51,971 [Thread-330] INFO  server.AuthenticationFilter (AuthenticationFilter.java:constructSecretProvider(240)) - Unable to initialize FileSignerSecretProvider, falling back to use random secrets.
2019-08-20 20:11:51,971 [Thread-330] WARN  http.HttpRequestLog (HttpRequestLog.java:getRequestLog(97)) - Jetty request log can only be enabled using Log4j
2019-08-20 20:11:51,973 [Thread-330] INFO  http.HttpServer2 (HttpServer2.java:addGlobalFilter(975)) - Added global filter 'safety' (class=org.apache.hadoop.http.HttpServer2$QuotingInputFilter)
2019-08-20 20:11:51,973 [Thread-330] INFO  http.HttpServer2 (HttpServer2.java:addFilter(948)) - Added filter static_user_filter (class=org.apache.hadoop.http.lib.StaticUserWebFilter$StaticUserFilter) to context hddsDatanode
2019-08-20 20:11:51,974 [Thread-330] INFO  http.HttpServer2 (HttpServer2.java:addFilter(958)) - Added filter static_user_filter (class=org.apache.hadoop.http.lib.StaticUserWebFilter$StaticUserFilter) to context static
2019-08-20 20:11:51,974 [Thread-330] INFO  http.HttpServer2 (HttpServer2.java:addFilter(958)) - Added filter static_user_filter (class=org.apache.hadoop.http.lib.StaticUserWebFilter$StaticUserFilter) to context logs
2019-08-20 20:11:51,974 [Thread-330] INFO  http.HttpServer2 (HttpServer2.java:bindListener(1191)) - Jetty bound to port 34328
2019-08-20 20:11:51,975 [Thread-330] INFO  server.Server (Server.java:doStart(351)) - jetty-9.3.24.v20180605, build timestamp: 2018-06-05T17:11:56Z, git hash: 84205aa28f11a4f31f2a3b86d1bba2cc8ab69827
2019-08-20 20:11:51,976 [Thread-330] INFO  handler.ContextHandler (ContextHandler.java:doStart(781)) - Started o.e.j.s.ServletContextHandler@48c962f2{/logs,file:///workdir/hadoop-ozone/integration-test/target/log,AVAILABLE}
2019-08-20 20:11:51,977 [Thread-330] INFO  handler.ContextHandler (ContextHandler.java:doStart(781)) - Started o.e.j.s.ServletContextHandler@39f8885c{/static,jar:file:/home/user/.m2/repository/org/apache/hadoop/hadoop-hdds-container-service/0.5.0-SNAPSHOT/hadoop-hdds-container-service-0.5.0-SNAPSHOT.jar!/webapps/static,AVAILABLE}
2019-08-20 20:11:51,983 [pool-170-thread-1] INFO  storage.RaftStorageDirectory (RaftStorageDirectory.java:tryLock(328)) - Lock on /workdir/hadoop-ozone/integration-test/target/test-dir/MiniOzoneClusterImpl-ccd8292b-f2d4-4ee8-aecb-a8ad671d8231/datanode-2/data/ratis/e91c54d3-b375-4087-b96c-26a1c0edec5c/in_use.lock acquired by nodename 22905@pr-hdds-165-w559s-1850982102
2019-08-20 20:11:51,983 [pool-170-thread-1] INFO  ratis.ContainerStateMachine (ContainerStateMachine.java:loadSnapshot(226)) - group-26A1C0EDEC5C: The snapshot info is null. Setting the last applied indexto:(t:0, i:~)
2019-08-20 20:11:51,983 [pool-170-thread-1] INFO  server.RaftServerConfigKeys (ConfUtils.java:logGet(43)) - raft.server.leader.election.timeout = 120s (custom)
2019-08-20 20:11:51,984 [pool-170-thread-1] INFO  server.RaftServerConfigKeys (ConfUtils.java:logGet(43)) - raft.server.log.use.memory = false (default)
2019-08-20 20:11:51,984 [pool-170-thread-1] INFO  server.RaftServerConfigKeys (ConfUtils.java:logGet(43)) - raft.server.log.purge.gap = 1000000 (custom)
2019-08-20 20:11:51,984 [pool-170-thread-1] INFO  server.RaftServerConfigKeys (ConfUtils.java:logGet(43)) - raft.server.log.appender.buffer.byte-limit = 33554432 (custom)
2019-08-20 20:11:51,984 [pool-170-thread-1] INFO  server.RaftServerConfigKeys (ConfUtils.java:logGet(43)) - raft.server.log.segment.size.max = 1048576 (custom)
2019-08-20 20:11:51,984 [pool-170-thread-1] INFO  server.RaftServerConfigKeys (ConfUtils.java:logGet(43)) - raft.server.log.segment.cache.num.max = 2 (custom)
2019-08-20 20:11:51,984 [pool-170-thread-1] INFO  segmented.SegmentedRaftLogWorker (SegmentedRaftLogWorker.java:<init>(172)) - new 9c9e885b-70a3-4219-a375-4b42d50f0932-SegmentedRaftLogWorker:Storage Directory /workdir/hadoop-ozone/integration-test/target/test-dir/MiniOzoneClusterImpl-ccd8292b-f2d4-4ee8-aecb-a8ad671d8231/datanode-2/data/ratis/e91c54d3-b375-4087-b96c-26a1c0edec5c for RaftStorage:Storage Directory /workdir/hadoop-ozone/integration-test/target/test-dir/MiniOzoneClusterImpl-ccd8292b-f2d4-4ee8-aecb-a8ad671d8231/datanode-2/data/ratis/e91c54d3-b375-4087-b96c-26a1c0edec5c
2019-08-20 20:11:51,984 [pool-170-thread-1] INFO  server.RaftServerConfigKeys (ConfUtils.java:logGet(43)) - raft.server.log.queue.byte-limit = 2147483647 (custom)
2019-08-20 20:11:51,984 [pool-170-thread-1] INFO  server.RaftServerConfigKeys (ConfUtils.java:logGet(43)) - raft.server.log.queue.element-limit = 1024 (custom)
2019-08-20 20:11:51,985 [pool-170-thread-1] INFO  server.RaftServerConfigKeys (ConfUtils.java:logGet(43)) - raft.server.log.segment.size.max = 1048576 (custom)
2019-08-20 20:11:51,985 [pool-170-thread-1] INFO  server.RaftServerConfigKeys (ConfUtils.java:logGet(43)) - raft.server.log.preallocated.size = 16384 (custom)
2019-08-20 20:11:51,985 [pool-170-thread-1] INFO  server.RaftServerConfigKeys (ConfUtils.java:logGet(43)) - raft.server.log.write.buffer.size = 33554432 (custom)
2019-08-20 20:11:51,985 [pool-170-thread-1] INFO  server.RaftServerConfigKeys (ConfUtils.java:logGet(43)) - raft.server.log.force.sync.num = 128 (default)
2019-08-20 20:11:51,985 [pool-170-thread-1] INFO  server.RaftServerConfigKeys (ConfUtils.java:logGet(43)) - raft.server.log.statemachine.data.sync = true (default)
2019-08-20 20:11:51,985 [pool-170-thread-1] INFO  server.RaftServerConfigKeys (ConfUtils.java:logGet(43)) - raft.server.log.statemachine.data.sync.timeout = 10s (default)
2019-08-20 20:11:51,985 [pool-170-thread-1] INFO  server.RaftServerConfigKeys (ConfUtils.java:logGet(43)) - raft.server.log.statemachine.data.sync.timeout.retry = -1 (default)
2019-08-20 20:11:51,985 [pool-170-thread-1] INFO  server.RaftServerConfigKeys (ConfUtils.java:logGet(43)) - raft.server.log.statemachine.data.caching.enabled = true (custom)
2019-08-20 20:11:51,986 [pool-170-thread-1] INFO  impl.RaftServerImpl (ServerState.java:setRaftConf(361)) - 9c9e885b-70a3-4219-a375-4b42d50f0932:group-26A1C0EDEC5C set configuration 0: [9c9e885b-70a3-4219-a375-4b42d50f0932:192.168.69.105:40714], old=null at 0
2019-08-20 20:11:51,986 [pool-170-thread-1] INFO  segmented.LogSegment (LogSegment.java:loadSegment(145)) - Successfully read 1 entries from segment file /workdir/hadoop-ozone/integration-test/target/test-dir/MiniOzoneClusterImpl-ccd8292b-f2d4-4ee8-aecb-a8ad671d8231/datanode-2/data/ratis/e91c54d3-b375-4087-b96c-26a1c0edec5c/current/log_inprogress_0
2019-08-20 20:11:51,986 [pool-170-thread-1] INFO  segmented.SegmentedRaftLogWorker (SegmentedRaftLogWorker.java:lambda$new$0(132)) - 9c9e885b-70a3-4219-a375-4b42d50f0932-SegmentedRaftLogWorker:Storage Directory /workdir/hadoop-ozone/integration-test/target/test-dir/MiniOzoneClusterImpl-ccd8292b-f2d4-4ee8-aecb-a8ad671d8231/datanode-2/data/ratis/e91c54d3-b375-4087-b96c-26a1c0edec5c: flushIndex: setUnconditionally 0 -> 0
2019-08-20 20:11:52,016 [Thread-330] INFO  handler.ContextHandler (ContextHandler.java:doStart(781)) - Started o.e.j.w.WebAppContext@492b39f6{/,file:///tmp/jetty-0.0.0.0-34328-hddsDatanode-_-any-1803201530899915113.dir/webapp/,AVAILABLE}{/hddsDatanode}
2019-08-20 20:11:52,016 [Thread-330] INFO  server.AbstractConnector (AbstractConnector.java:doStart(278)) - Started ServerConnector@594229f1{HTTP/1.1,[http/1.1]}{0.0.0.0:34328}
2019-08-20 20:11:52,018 [pool-170-thread-1] INFO  server.RaftServerConfigKeys (ConfUtils.java:logGet(43)) - raft.server.snapshot.auto.trigger.enabled = true (custom)
2019-08-20 20:11:52,018 [Thread-330] INFO  server.Server (Server.java:doStart(419)) - Started @55927ms
2019-08-20 20:11:52,018 [pool-170-thread-1] INFO  server.RaftServerConfigKeys (ConfUtils.java:logGet(43)) - raft.server.snapshot.auto.trigger.threshold = 10000 (custom)
2019-08-20 20:11:52,019 [pool-170-thread-1] INFO  server.RaftServerConfigKeys (ConfUtils.java:logGet(43)) - raft.server.retrycache.expirytime = 600000ms (custom)
2019-08-20 20:11:52,019 [Thread-330] INFO  server.BaseHttpServer (BaseHttpServer.java:updateConnectorAddress(213)) - HTTP server of HDDSDATANODE is listening at http://0.0.0.0:34328
2019-08-20 20:11:52,020 [pool-170-thread-1] INFO  impl.RaftServerImpl (RaftServerImpl.java:<init>(93)) - 9c9e885b-70a3-4219-a375-4b42d50f0932: new RaftServerImpl for group-BA916718FBC3:[] with ContainerStateMachine:uninitialized
2019-08-20 20:11:52,020 [pool-170-thread-1] INFO  server.RaftServerConfigKeys (ConfUtils.java:logGet(43)) - raft.server.rpc.timeout.min = 5s (custom)
2019-08-20 20:11:52,020 [pool-170-thread-1] INFO  server.RaftServerConfigKeys (ConfUtils.java:logGet(43)) - raft.server.rpc.timeout.max = 5200ms (custom)
2019-08-20 20:11:52,021 [pool-170-thread-1] INFO  server.RaftServerConfigKeys (ConfUtils.java:logGet(43)) - raft.server.rpcslowness.timeout = 120s (custom)
2019-08-20 20:11:52,021 [pool-170-thread-1] INFO  server.RaftServerConfigKeys (ConfUtils.java:logGet(43)) - raft.server.sleep.deviation.threshold = 300 (default)
2019-08-20 20:11:52,021 [pool-170-thread-1] INFO  server.RaftServerConfigKeys (ConfUtils.java:logGet(43)) - raft.server.log.appender.install.snapshot.enabled = false (custom)
2019-08-20 20:11:52,021 [pool-170-thread-1] INFO  impl.RaftServerImpl (ServerState.java:<init>(105)) - 9c9e885b-70a3-4219-a375-4b42d50f0932:group-BA916718FBC3 ConfigurationManager, init=-1: [], old=null, confs=<EMPTY_MAP>
2019-08-20 20:11:52,021 [pool-170-thread-1] INFO  server.RaftServerConfigKeys (ConfUtils.java:logGet(43)) - raft.server.storage.dir = [/workdir/hadoop-ozone/integration-test/target/test-dir/MiniOzoneClusterImpl-ccd8292b-f2d4-4ee8-aecb-a8ad671d8231/datanode-2/data/ratis] (custom)
2019-08-20 20:11:52,034 [pool-170-thread-1] INFO  storage.RaftStorageDirectory (RaftStorageDirectory.java:tryLock(328)) - Lock on /workdir/hadoop-ozone/integration-test/target/test-dir/MiniOzoneClusterImpl-ccd8292b-f2d4-4ee8-aecb-a8ad671d8231/datanode-2/data/ratis/3282f895-a398-45b1-903c-ba916718fbc3/in_use.lock acquired by nodename 22905@pr-hdds-165-w559s-1850982102
2019-08-20 20:11:52,034 [pool-170-thread-1] INFO  ratis.ContainerStateMachine (ContainerStateMachine.java:loadSnapshot(226)) - group-BA916718FBC3: The snapshot info is null. Setting the last applied indexto:(t:0, i:~)
2019-08-20 20:11:52,034 [pool-170-thread-1] INFO  server.RaftServerConfigKeys (ConfUtils.java:logGet(43)) - raft.server.leader.election.timeout = 120s (custom)
2019-08-20 20:11:52,035 [pool-170-thread-1] INFO  server.RaftServerConfigKeys (ConfUtils.java:logGet(43)) - raft.server.log.use.memory = false (default)
2019-08-20 20:11:52,035 [pool-170-thread-1] INFO  server.RaftServerConfigKeys (ConfUtils.java:logGet(43)) - raft.server.log.purge.gap = 1000000 (custom)
2019-08-20 20:11:52,035 [pool-170-thread-1] INFO  server.RaftServerConfigKeys (ConfUtils.java:logGet(43)) - raft.server.log.appender.buffer.byte-limit = 33554432 (custom)
2019-08-20 20:11:52,035 [pool-170-thread-1] INFO  server.RaftServerConfigKeys (ConfUtils.java:logGet(43)) - raft.server.log.segment.size.max = 1048576 (custom)
2019-08-20 20:11:52,035 [pool-170-thread-1] INFO  server.RaftServerConfigKeys (ConfUtils.java:logGet(43)) - raft.server.log.segment.cache.num.max = 2 (custom)
2019-08-20 20:11:52,035 [pool-170-thread-1] INFO  segmented.SegmentedRaftLogWorker (SegmentedRaftLogWorker.java:<init>(172)) - new 9c9e885b-70a3-4219-a375-4b42d50f0932-SegmentedRaftLogWorker:Storage Directory /workdir/hadoop-ozone/integration-test/target/test-dir/MiniOzoneClusterImpl-ccd8292b-f2d4-4ee8-aecb-a8ad671d8231/datanode-2/data/ratis/3282f895-a398-45b1-903c-ba916718fbc3 for RaftStorage:Storage Directory /workdir/hadoop-ozone/integration-test/target/test-dir/MiniOzoneClusterImpl-ccd8292b-f2d4-4ee8-aecb-a8ad671d8231/datanode-2/data/ratis/3282f895-a398-45b1-903c-ba916718fbc3
2019-08-20 20:11:52,036 [pool-170-thread-1] INFO  server.RaftServerConfigKeys (ConfUtils.java:logGet(43)) - raft.server.log.queue.byte-limit = 2147483647 (custom)
2019-08-20 20:11:52,036 [pool-170-thread-1] INFO  server.RaftServerConfigKeys (ConfUtils.java:logGet(43)) - raft.server.log.queue.element-limit = 1024 (custom)
2019-08-20 20:11:52,036 [pool-170-thread-1] INFO  server.RaftServerConfigKeys (ConfUtils.java:logGet(43)) - raft.server.log.segment.size.max = 1048576 (custom)
2019-08-20 20:11:52,036 [pool-170-thread-1] INFO  server.RaftServerConfigKeys (ConfUtils.java:logGet(43)) - raft.server.log.preallocated.size = 16384 (custom)
2019-08-20 20:11:52,036 [pool-170-thread-1] INFO  server.RaftServerConfigKeys (ConfUtils.java:logGet(43)) - raft.server.log.write.buffer.size = 33554432 (custom)
2019-08-20 20:11:52,037 [pool-170-thread-1] INFO  server.RaftServerConfigKeys (ConfUtils.java:logGet(43)) - raft.server.log.force.sync.num = 128 (default)
2019-08-20 20:11:52,037 [pool-170-thread-1] INFO  server.RaftServerConfigKeys (ConfUtils.java:logGet(43)) - raft.server.log.statemachine.data.sync = true (default)
2019-08-20 20:11:52,037 [pool-170-thread-1] INFO  server.RaftServerConfigKeys (ConfUtils.java:logGet(43)) - raft.server.log.statemachine.data.sync.timeout = 10s (default)
2019-08-20 20:11:52,037 [pool-170-thread-1] INFO  server.RaftServerConfigKeys (ConfUtils.java:logGet(43)) - raft.server.log.statemachine.data.sync.timeout.retry = -1 (default)
2019-08-20 20:11:52,037 [pool-170-thread-1] INFO  server.RaftServerConfigKeys (ConfUtils.java:logGet(43)) - raft.server.log.statemachine.data.caching.enabled = true (custom)
2019-08-20 20:11:52,038 [pool-170-thread-1] INFO  impl.RaftServerImpl (ServerState.java:setRaftConf(361)) - 9c9e885b-70a3-4219-a375-4b42d50f0932:group-BA916718FBC3 set configuration 0: [b22fd927-fbd8-4183-93bf-a63ecd3c86e6:192.168.69.105:37799, e2a48b6b-f66b-4b37-8155-ad5a694a0f88:192.168.69.105:39746, 9c9e885b-70a3-4219-a375-4b42d50f0932:192.168.69.105:40714], old=null at 0
2019-08-20 20:11:52,038 [pool-170-thread-1] INFO  segmented.LogSegment (LogSegment.java:loadSegment(145)) - Successfully read 1 entries from segment file /workdir/hadoop-ozone/integration-test/target/test-dir/MiniOzoneClusterImpl-ccd8292b-f2d4-4ee8-aecb-a8ad671d8231/datanode-2/data/ratis/3282f895-a398-45b1-903c-ba916718fbc3/current/log_inprogress_0
2019-08-20 20:11:52,038 [pool-170-thread-1] INFO  segmented.SegmentedRaftLogWorker (SegmentedRaftLogWorker.java:lambda$new$0(132)) - 9c9e885b-70a3-4219-a375-4b42d50f0932-SegmentedRaftLogWorker:Storage Directory /workdir/hadoop-ozone/integration-test/target/test-dir/MiniOzoneClusterImpl-ccd8292b-f2d4-4ee8-aecb-a8ad671d8231/datanode-2/data/ratis/3282f895-a398-45b1-903c-ba916718fbc3: flushIndex: setUnconditionally 0 -> 0
2019-08-20 20:11:52,070 [pool-170-thread-1] INFO  server.RaftServerConfigKeys (ConfUtils.java:logGet(43)) - raft.server.snapshot.auto.trigger.enabled = true (custom)
2019-08-20 20:11:52,071 [pool-170-thread-1] INFO  server.RaftServerConfigKeys (ConfUtils.java:logGet(43)) - raft.server.snapshot.auto.trigger.threshold = 10000 (custom)
2019-08-20 20:11:52,071 [pool-170-thread-1] INFO  server.RaftServerConfigKeys (ConfUtils.java:logGet(43)) - raft.server.retrycache.expirytime = 600000ms (custom)
2019-08-20 20:11:52,313 | INFO  | ObjectStoreRestHttpServer | Listening HDDS REST traffic on /0.0.0.0:45477 |  
2019-08-20 20:11:52,313 [Thread-330] INFO  ozone.HddsDatanodeService (HddsDatanodeService.java:startPlugins(395)) - Started plug-in org.apache.hadoop.ozone.web.OzoneHddsDatanodeService@19be30f1
2019-08-20 20:11:52,314 [Thread-330] INFO  pipeline.SCMPipelineManager (SCMPipelineManager.java:finalizeAndDestroyPipeline(309)) - destroying pipeline:Pipeline[ Id: 3282f895-a398-45b1-903c-ba916718fbc3, Nodes: 9c9e885b-70a3-4219-a375-4b42d50f0932{ip: 192.168.69.105, host: pr-hdds-165-w559s-1850982102, networkLocation: /default-rack, certSerialId: null}b22fd927-fbd8-4183-93bf-a63ecd3c86e6{ip: 192.168.69.105, host: pr-hdds-165-w559s-1850982102, networkLocation: /default-rack, certSerialId: null}e2a48b6b-f66b-4b37-8155-ad5a694a0f88{ip: 192.168.69.105, host: pr-hdds-165-w559s-1850982102, networkLocation: /default-rack, certSerialId: null}, Type:RATIS, Factor:THREE, State:OPEN]
2019-08-20 20:11:52,315 [org.apache.hadoop.util.JvmPauseMonitor$Monitor@5c728675] INFO  util.JvmPauseMonitor (JvmPauseMonitor.java:run(188)) - Starting JVM pause monitor
2019-08-20 20:11:52,322 [Thread-330] WARN  pipeline.RatisPipelineUtils (RatisPipelineUtils.java:destroyPipeline(66)) - Pipeline destroy failed for pipeline=PipelineID=3282f895-a398-45b1-903c-ba916718fbc3 dn=9c9e885b-70a3-4219-a375-4b42d50f0932{ip: 192.168.69.105, host: pr-hdds-165-w559s-1850982102, networkLocation: /default-rack, certSerialId: null}
2019-08-20 20:11:52,325 [Thread-330] WARN  pipeline.RatisPipelineUtils (RatisPipelineUtils.java:destroyPipeline(66)) - Pipeline destroy failed for pipeline=PipelineID=3282f895-a398-45b1-903c-ba916718fbc3 dn=b22fd927-fbd8-4183-93bf-a63ecd3c86e6{ip: 192.168.69.105, host: pr-hdds-165-w559s-1850982102, networkLocation: /default-rack, certSerialId: null}
2019-08-20 20:11:52,329 [Thread-330] WARN  pipeline.RatisPipelineUtils (RatisPipelineUtils.java:destroyPipeline(66)) - Pipeline destroy failed for pipeline=PipelineID=3282f895-a398-45b1-903c-ba916718fbc3 dn=e2a48b6b-f66b-4b37-8155-ad5a694a0f88{ip: 192.168.69.105, host: pr-hdds-165-w559s-1850982102, networkLocation: /default-rack, certSerialId: null}
2019-08-20 20:11:52,329 [Thread-330] INFO  pipeline.PipelineStateManager (PipelineStateManager.java:removePipeline(108)) - Pipeline Pipeline[ Id: 3282f895-a398-45b1-903c-ba916718fbc3, Nodes: 9c9e885b-70a3-4219-a375-4b42d50f0932{ip: 192.168.69.105, host: pr-hdds-165-w559s-1850982102, networkLocation: /default-rack, certSerialId: null}b22fd927-fbd8-4183-93bf-a63ecd3c86e6{ip: 192.168.69.105, host: pr-hdds-165-w559s-1850982102, networkLocation: /default-rack, certSerialId: null}e2a48b6b-f66b-4b37-8155-ad5a694a0f88{ip: 192.168.69.105, host: pr-hdds-165-w559s-1850982102, networkLocation: /default-rack, certSerialId: null}, Type:RATIS, Factor:THREE, State:CLOSED] removed from db
2019-08-20 20:11:53,723 | INFO  | SCMAudit | user=jenkins1000 | ip=192.168.69.105 | op=GET_VERSION null | ret=SUCCESS |  
2019-08-20 20:11:53,724 [Datanode State Machine Thread - 0] INFO  ozoneimpl.OzoneContainer (OzoneContainer.java:start(186)) - Attempting to start container services.
2019-08-20 20:11:53,725 [Datanode State Machine Thread - 0] INFO  ozoneimpl.OzoneContainer (OzoneContainer.java:startContainerScrub(160)) - Background container scrubber has been disabled by hdds.containerscrub.enabled
2019-08-20 20:11:53,725 [Datanode State Machine Thread - 0] INFO  ratis.XceiverServerRatis (XceiverServerRatis.java:start(404)) - Starting XceiverServerRatis e2a48b6b-f66b-4b37-8155-ad5a694a0f88 at port 39746
2019-08-20 20:11:53,734 [Datanode State Machine Thread - 0] INFO  impl.RaftServerImpl (RaftServerImpl.java:start(180)) - e2a48b6b-f66b-4b37-8155-ad5a694a0f88: start group-BA916718FBC3
2019-08-20 20:11:53,735 [Datanode State Machine Thread - 0] INFO  impl.RaftServerImpl (RaftServerImpl.java:setRole(171)) - e2a48b6b-f66b-4b37-8155-ad5a694a0f88:group-BA916718FBC3 changes role from null to FOLLOWER at term 1 for startAsFollower
2019-08-20 20:11:53,735 [ForkJoinPool.commonPool-worker-0] INFO  impl.RaftServerImpl (RaftServerImpl.java:start(180)) - e2a48b6b-f66b-4b37-8155-ad5a694a0f88: start group-15E1C96DF128
2019-08-20 20:11:53,736 [Datanode State Machine Thread - 0] INFO  impl.RoleInfo (RoleInfo.java:updateAndGet(143)) - e2a48b6b-f66b-4b37-8155-ad5a694a0f88: start FollowerState
2019-08-20 20:11:53,737 [ForkJoinPool.commonPool-worker-0] INFO  impl.RaftServerImpl (RaftServerImpl.java:setRole(171)) - e2a48b6b-f66b-4b37-8155-ad5a694a0f88:group-15E1C96DF128 changes role from null to FOLLOWER at term 1 for startAsFollower
2019-08-20 20:11:53,737 [ForkJoinPool.commonPool-worker-0] INFO  impl.RoleInfo (RoleInfo.java:updateAndGet(143)) - e2a48b6b-f66b-4b37-8155-ad5a694a0f88: start FollowerState
2019-08-20 20:11:53,738 [Datanode State Machine Thread - 0] INFO  util.JmxRegister (JmxRegister.java:tryRegister(44)) - Successfully registered JMX Bean with object name Ratis:service=RaftServer,group=group-BA916718FBC3,id=e2a48b6b-f66b-4b37-8155-ad5a694a0f88
2019-08-20 20:11:53,738 [ForkJoinPool.commonPool-worker-0] INFO  util.JmxRegister (JmxRegister.java:tryRegister(44)) - Successfully registered JMX Bean with object name Ratis:service=RaftServer,group=group-15E1C96DF128,id=e2a48b6b-f66b-4b37-8155-ad5a694a0f88
2019-08-20 20:11:53,741 [Datanode State Machine Thread - 0] INFO  impl.RaftServerProxy (RaftServerProxy.java:lambda$start$3(299)) - e2a48b6b-f66b-4b37-8155-ad5a694a0f88: start RPC server
2019-08-20 20:11:53,743 [Datanode State Machine Thread - 0] INFO  server.GrpcService (GrpcService.java:startImpl(149)) - e2a48b6b-f66b-4b37-8155-ad5a694a0f88: GrpcService started, listening on 0.0.0.0/0.0.0.0:39746
2019-08-20 20:11:53,946 | INFO  | SCMAudit | user=jenkins1000 | ip=192.168.69.105 | op=GET_VERSION null | ret=SUCCESS |  
2019-08-20 20:11:53,947 [Datanode State Machine Thread - 0] INFO  ozoneimpl.OzoneContainer (OzoneContainer.java:start(186)) - Attempting to start container services.
2019-08-20 20:11:53,949 [Datanode State Machine Thread - 0] INFO  ozoneimpl.OzoneContainer (OzoneContainer.java:startContainerScrub(160)) - Background container scrubber has been disabled by hdds.containerscrub.enabled
2019-08-20 20:11:53,949 [Datanode State Machine Thread - 0] INFO  ratis.XceiverServerRatis (XceiverServerRatis.java:start(404)) - Starting XceiverServerRatis b22fd927-fbd8-4183-93bf-a63ecd3c86e6 at port 37799
2019-08-20 20:11:53,957 [Datanode State Machine Thread - 0] INFO  impl.RaftServerImpl (RaftServerImpl.java:start(180)) - b22fd927-fbd8-4183-93bf-a63ecd3c86e6: start group-BA916718FBC3
2019-08-20 20:11:53,957 [ForkJoinPool.commonPool-worker-0] INFO  impl.RaftServerImpl (RaftServerImpl.java:start(180)) - b22fd927-fbd8-4183-93bf-a63ecd3c86e6: start group-5B48B2BA3EFF
2019-08-20 20:11:53,958 [Datanode State Machine Thread - 0] INFO  impl.RaftServerImpl (RaftServerImpl.java:setRole(171)) - b22fd927-fbd8-4183-93bf-a63ecd3c86e6:group-BA916718FBC3 changes role from null to FOLLOWER at term 1 for startAsFollower
2019-08-20 20:11:53,959 [ForkJoinPool.commonPool-worker-0] INFO  impl.RaftServerImpl (RaftServerImpl.java:setRole(171)) - b22fd927-fbd8-4183-93bf-a63ecd3c86e6:group-5B48B2BA3EFF changes role from null to FOLLOWER at term 1 for startAsFollower
2019-08-20 20:11:53,960 [Datanode State Machine Thread - 0] INFO  impl.RoleInfo (RoleInfo.java:updateAndGet(143)) - b22fd927-fbd8-4183-93bf-a63ecd3c86e6: start FollowerState
2019-08-20 20:11:53,960 [ForkJoinPool.commonPool-worker-0] INFO  impl.RoleInfo (RoleInfo.java:updateAndGet(143)) - b22fd927-fbd8-4183-93bf-a63ecd3c86e6: start FollowerState
2019-08-20 20:11:53,960 [Datanode State Machine Thread - 0] INFO  util.JmxRegister (JmxRegister.java:tryRegister(44)) - Successfully registered JMX Bean with object name Ratis:service=RaftServer,group=group-BA916718FBC3,id=b22fd927-fbd8-4183-93bf-a63ecd3c86e6
2019-08-20 20:11:53,961 [ForkJoinPool.commonPool-worker-0] INFO  util.JmxRegister (JmxRegister.java:tryRegister(44)) - Successfully registered JMX Bean with object name Ratis:service=RaftServer,group=group-5B48B2BA3EFF,id=b22fd927-fbd8-4183-93bf-a63ecd3c86e6
2019-08-20 20:11:53,963 [Datanode State Machine Thread - 0] INFO  impl.RaftServerProxy (RaftServerProxy.java:lambda$start$3(299)) - b22fd927-fbd8-4183-93bf-a63ecd3c86e6: start RPC server
2019-08-20 20:11:53,964 [Datanode State Machine Thread - 0] INFO  server.GrpcService (GrpcService.java:startImpl(149)) - b22fd927-fbd8-4183-93bf-a63ecd3c86e6: GrpcService started, listening on 0.0.0.0/0.0.0.0:37799
2019-08-20 20:11:54,316 | INFO  | SCMAudit | user=jenkins1000 | ip=192.168.69.105 | op=GET_VERSION null | ret=SUCCESS |  
2019-08-20 20:11:54,317 [Datanode State Machine Thread - 0] INFO  ozoneimpl.OzoneContainer (OzoneContainer.java:start(186)) - Attempting to start container services.
2019-08-20 20:11:54,318 [Datanode State Machine Thread - 0] INFO  ozoneimpl.OzoneContainer (OzoneContainer.java:startContainerScrub(160)) - Background container scrubber has been disabled by hdds.containerscrub.enabled
2019-08-20 20:11:54,318 [Datanode State Machine Thread - 0] INFO  ratis.XceiverServerRatis (XceiverServerRatis.java:start(404)) - Starting XceiverServerRatis 9c9e885b-70a3-4219-a375-4b42d50f0932 at port 40714
2019-08-20 20:11:54,329 [Datanode State Machine Thread - 0] INFO  impl.RaftServerImpl (RaftServerImpl.java:start(180)) - 9c9e885b-70a3-4219-a375-4b42d50f0932: start group-BA916718FBC3
2019-08-20 20:11:54,329 [ForkJoinPool.commonPool-worker-0] INFO  impl.RaftServerImpl (RaftServerImpl.java:start(180)) - 9c9e885b-70a3-4219-a375-4b42d50f0932: start group-26A1C0EDEC5C
2019-08-20 20:11:54,331 [Datanode State Machine Thread - 0] INFO  impl.RaftServerImpl (RaftServerImpl.java:setRole(171)) - 9c9e885b-70a3-4219-a375-4b42d50f0932:group-BA916718FBC3 changes role from null to FOLLOWER at term 1 for startAsFollower
2019-08-20 20:11:54,332 [ForkJoinPool.commonPool-worker-0] INFO  impl.RaftServerImpl (RaftServerImpl.java:setRole(171)) - 9c9e885b-70a3-4219-a375-4b42d50f0932:group-26A1C0EDEC5C changes role from null to FOLLOWER at term 1 for startAsFollower
2019-08-20 20:11:54,333 [Datanode State Machine Thread - 0] INFO  impl.RoleInfo (RoleInfo.java:updateAndGet(143)) - 9c9e885b-70a3-4219-a375-4b42d50f0932: start FollowerState
2019-08-20 20:11:54,333 [ForkJoinPool.commonPool-worker-0] INFO  impl.RoleInfo (RoleInfo.java:updateAndGet(143)) - 9c9e885b-70a3-4219-a375-4b42d50f0932: start FollowerState
2019-08-20 20:11:54,333 [Datanode State Machine Thread - 0] INFO  util.JmxRegister (JmxRegister.java:tryRegister(44)) - Successfully registered JMX Bean with object name Ratis:service=RaftServer,group=group-BA916718FBC3,id=9c9e885b-70a3-4219-a375-4b42d50f0932
2019-08-20 20:11:54,333 [ForkJoinPool.commonPool-worker-0] INFO  util.JmxRegister (JmxRegister.java:tryRegister(44)) - Successfully registered JMX Bean with object name Ratis:service=RaftServer,group=group-26A1C0EDEC5C,id=9c9e885b-70a3-4219-a375-4b42d50f0932
2019-08-20 20:11:54,344 [Datanode State Machine Thread - 0] INFO  impl.RaftServerProxy (RaftServerProxy.java:lambda$start$3(299)) - 9c9e885b-70a3-4219-a375-4b42d50f0932: start RPC server
2019-08-20 20:11:54,345 [Datanode State Machine Thread - 0] INFO  server.GrpcService (GrpcService.java:startImpl(149)) - 9c9e885b-70a3-4219-a375-4b42d50f0932: GrpcService started, listening on 0.0.0.0/0.0.0.0:40714
2019-08-20 20:11:55,730 | INFO  | SCMAudit | user=jenkins1000 | ip=192.168.69.105 | op=REGISTER {datanodeDetails=e2a48b6b-f66b-4b37-8155-ad5a694a0f88{ip: 192.168.69.105, host: pr-hdds-165-w559s-1850982102, networkLocation: /default-rack, certSerialId: null}} | ret=SUCCESS |  
2019-08-20 20:11:55,755 [grpc-default-executor-0] INFO  impl.RaftServerProxy (RaftServerProxy.java:remove(95)) - e2a48b6b-f66b-4b37-8155-ad5a694a0f88: remove FOLLOWER group-BA916718FBC3 e2a48b6b-f66b-4b37-8155-ad5a694a0f88:t1, leader=null, voted=9c9e885b-70a3-4219-a375-4b42d50f0932, raftlog=e2a48b6b-f66b-4b37-8155-ad5a694a0f88-SegmentedRaftLog:OPENED:c-1,f0,i0, conf=0: [b22fd927-fbd8-4183-93bf-a63ecd3c86e6:192.168.69.105:37799, e2a48b6b-f66b-4b37-8155-ad5a694a0f88:192.168.69.105:39746, 9c9e885b-70a3-4219-a375-4b42d50f0932:192.168.69.105:40714], old=null RUNNING
2019-08-20 20:11:55,755 [grpc-default-executor-0] INFO  impl.RaftServerImpl (RaftServerImpl.java:lambda$shutdown$3(245)) - e2a48b6b-f66b-4b37-8155-ad5a694a0f88: shutdown group-BA916718FBC3
2019-08-20 20:11:55,756 [grpc-default-executor-0] INFO  util.JmxRegister (JmxRegister.java:unregister(73)) - Successfully un-registered JMX Bean with object name Ratis:service=RaftServer,group=group-BA916718FBC3,id=e2a48b6b-f66b-4b37-8155-ad5a694a0f88
2019-08-20 20:11:55,756 [grpc-default-executor-0] INFO  impl.RoleInfo (RoleInfo.java:shutdownFollowerState(121)) - e2a48b6b-f66b-4b37-8155-ad5a694a0f88: shutdown FollowerState
2019-08-20 20:11:55,756 [grpc-default-executor-0] INFO  impl.StateMachineUpdater (StateMachineUpdater.java:stopAndJoin(115)) - StateMachineUpdater:e2a48b6b-f66b-4b37-8155-ad5a694a0f88:group-BA916718FBC3: set stopIndex = -1
2019-08-20 20:11:55,756 [Thread-593] INFO  impl.FollowerState (FollowerState.java:run(114)) - e2a48b6b-f66b-4b37-8155-ad5a694a0f88: FollowerState was interrupted: java.lang.InterruptedException: sleep interrupted
2019-08-20 20:11:55,756 [grpc-default-executor-0] INFO  impl.RaftServerImpl (ServerState.java:close(394)) - e2a48b6b-f66b-4b37-8155-ad5a694a0f88:group-BA916718FBC3 closes. The last applied log index is -1
2019-08-20 20:11:55,758 [e2a48b6b-f66b-4b37-8155-ad5a694a0f88-SegmentedRaftLogWorker:Storage Directory /workdir/hadoop-ozone/integration-test/target/test-dir/MiniOzoneClusterImpl-ccd8292b-f2d4-4ee8-aecb-a8ad671d8231/datanode-0/data/ratis/3282f895-a398-45b1-903c-ba916718fbc3] INFO  segmented.SegmentedRaftLogWorker (SegmentedRaftLogWorker.java:run(313)) - e2a48b6b-f66b-4b37-8155-ad5a694a0f88-SegmentedRaftLogWorker:Storage Directory /workdir/hadoop-ozone/integration-test/target/test-dir/MiniOzoneClusterImpl-ccd8292b-f2d4-4ee8-aecb-a8ad671d8231/datanode-0/data/ratis/3282f895-a398-45b1-903c-ba916718fbc3 was interrupted, exiting. There are 0 tasks remaining in the queue.
2019-08-20 20:11:55,760 [grpc-default-executor-0] INFO  segmented.SegmentedRaftLogWorker (SegmentedRaftLogWorker.java:close(228)) - e2a48b6b-f66b-4b37-8155-ad5a694a0f88-SegmentedRaftLogWorker:Storage Directory /workdir/hadoop-ozone/integration-test/target/test-dir/MiniOzoneClusterImpl-ccd8292b-f2d4-4ee8-aecb-a8ad671d8231/datanode-0/data/ratis/3282f895-a398-45b1-903c-ba916718fbc3 close()
2019-08-20 20:11:55,947 | INFO  | SCMAudit | user=jenkins1000 | ip=192.168.69.105 | op=REGISTER {datanodeDetails=b22fd927-fbd8-4183-93bf-a63ecd3c86e6{ip: 192.168.69.105, host: pr-hdds-165-w559s-1850982102, networkLocation: /default-rack, certSerialId: null}} | ret=SUCCESS |  
2019-08-20 20:11:55,957 [grpc-default-executor-0] INFO  impl.RaftServerProxy (RaftServerProxy.java:remove(95)) - b22fd927-fbd8-4183-93bf-a63ecd3c86e6: remove FOLLOWER group-BA916718FBC3 b22fd927-fbd8-4183-93bf-a63ecd3c86e6:t1, leader=null, voted=9c9e885b-70a3-4219-a375-4b42d50f0932, raftlog=b22fd927-fbd8-4183-93bf-a63ecd3c86e6-SegmentedRaftLog:OPENED:c-1,f0,i0, conf=0: [b22fd927-fbd8-4183-93bf-a63ecd3c86e6:192.168.69.105:37799, e2a48b6b-f66b-4b37-8155-ad5a694a0f88:192.168.69.105:39746, 9c9e885b-70a3-4219-a375-4b42d50f0932:192.168.69.105:40714], old=null RUNNING
2019-08-20 20:11:55,958 [grpc-default-executor-0] INFO  impl.RaftServerImpl (RaftServerImpl.java:lambda$shutdown$3(245)) - b22fd927-fbd8-4183-93bf-a63ecd3c86e6: shutdown group-BA916718FBC3
2019-08-20 20:11:55,958 [grpc-default-executor-0] INFO  util.JmxRegister (JmxRegister.java:unregister(73)) - Successfully un-registered JMX Bean with object name Ratis:service=RaftServer,group=group-BA916718FBC3,id=b22fd927-fbd8-4183-93bf-a63ecd3c86e6
2019-08-20 20:11:55,958 [grpc-default-executor-0] INFO  impl.RoleInfo (RoleInfo.java:shutdownFollowerState(121)) - b22fd927-fbd8-4183-93bf-a63ecd3c86e6: shutdown FollowerState
2019-08-20 20:11:55,958 [grpc-default-executor-0] INFO  impl.StateMachineUpdater (StateMachineUpdater.java:stopAndJoin(115)) - StateMachineUpdater:b22fd927-fbd8-4183-93bf-a63ecd3c86e6:group-BA916718FBC3: set stopIndex = -1
2019-08-20 20:11:55,959 [Thread-595] INFO  impl.FollowerState (FollowerState.java:run(114)) - b22fd927-fbd8-4183-93bf-a63ecd3c86e6: FollowerState was interrupted: java.lang.InterruptedException: sleep interrupted
2019-08-20 20:11:55,959 [grpc-default-executor-0] INFO  impl.RaftServerImpl (ServerState.java:close(394)) - b22fd927-fbd8-4183-93bf-a63ecd3c86e6:group-BA916718FBC3 closes. The last applied log index is -1
2019-08-20 20:11:55,960 [b22fd927-fbd8-4183-93bf-a63ecd3c86e6-SegmentedRaftLogWorker:Storage Directory /workdir/hadoop-ozone/integration-test/target/test-dir/MiniOzoneClusterImpl-ccd8292b-f2d4-4ee8-aecb-a8ad671d8231/datanode-1/data/ratis/3282f895-a398-45b1-903c-ba916718fbc3] INFO  segmented.SegmentedRaftLogWorker (SegmentedRaftLogWorker.java:run(313)) - b22fd927-fbd8-4183-93bf-a63ecd3c86e6-SegmentedRaftLogWorker:Storage Directory /workdir/hadoop-ozone/integration-test/target/test-dir/MiniOzoneClusterImpl-ccd8292b-f2d4-4ee8-aecb-a8ad671d8231/datanode-1/data/ratis/3282f895-a398-45b1-903c-ba916718fbc3 was interrupted, exiting. There are 0 tasks remaining in the queue.
2019-08-20 20:11:55,962 [grpc-default-executor-0] INFO  segmented.SegmentedRaftLogWorker (SegmentedRaftLogWorker.java:close(228)) - b22fd927-fbd8-4183-93bf-a63ecd3c86e6-SegmentedRaftLogWorker:Storage Directory /workdir/hadoop-ozone/integration-test/target/test-dir/MiniOzoneClusterImpl-ccd8292b-f2d4-4ee8-aecb-a8ad671d8231/datanode-1/data/ratis/3282f895-a398-45b1-903c-ba916718fbc3 close()
2019-08-20 20:11:56,181 [main] INFO  ozone.MiniOzoneClusterImpl (MiniOzoneClusterImpl.java:shutdown(321)) - Shutting down the Mini Ozone Cluster
2019-08-20 20:11:56,182 | INFO  | SCMAudit | user=null | ip=null | op=GET_SCM_INFO null | ret=SUCCESS |  
2019-08-20 20:11:56,182 [main] INFO  ozone.MiniOzoneClusterImpl (MiniOzoneClusterImpl.java:stop(336)) - Stopping the Mini Ozone Cluster
2019-08-20 20:11:56,182 [main] INFO  ozone.MiniOzoneClusterImpl (MiniOzoneClusterImpl.java:stop(338)) - Stopping the OzoneManager
2019-08-20 20:11:56,184 [main] INFO  ipc.Server (Server.java:stop(3082)) - Stopping server on 37821
2019-08-20 20:11:56,198 [IPC Server listener on 37821] INFO  ipc.Server (Server.java:run(1185)) - Stopping IPC Server listener on 37821
2019-08-20 20:11:56,198 [main] INFO  ratis.OzoneManagerDoubleBuffer (OzoneManagerDoubleBuffer.java:stop(248)) - Stopping OMDoubleBuffer flush thread
2019-08-20 20:11:56,201 [IPC Server Responder] INFO  ipc.Server (Server.java:run(1319)) - Stopping IPC Server Responder
2019-08-20 20:11:56,212 [OMDoubleBufferFlushThread] INFO  ratis.OzoneManagerDoubleBuffer (OzoneManagerDoubleBuffer.java:flushTransactions(191)) - OMDoubleBuffer flush thread OMDoubleBufferFlushThread is interrupted and will exit. OMDoubleBufferFlushThread
2019-08-20 20:11:56,214 [main] INFO  utils.BackgroundService (BackgroundService.java:shutdown(148)) - Shutting down service KeyDeletingService
2019-08-20 20:11:56,219 [main] INFO  handler.ContextHandler (ContextHandler.java:doStop(910)) - Stopped o.e.j.w.WebAppContext@2b9e813a{/,null,UNAVAILABLE}{/ozoneManager}
2019-08-20 20:11:56,219 [main] INFO  server.AbstractConnector (AbstractConnector.java:doStop(318)) - Stopped ServerConnector@236da8f1{HTTP/1.1,[http/1.1]}{0.0.0.0:0}
2019-08-20 20:11:56,221 [main] INFO  handler.ContextHandler (ContextHandler.java:doStop(910)) - Stopped o.e.j.s.ServletContextHandler@3208fbfb{/static,file:///workdir/hadoop-ozone/integration-test/target/test-classes/webapps/static,UNAVAILABLE}
2019-08-20 20:11:56,223 [main] INFO  handler.ContextHandler (ContextHandler.java:doStop(910)) - Stopped o.e.j.s.ServletContextHandler@3621120d{/logs,file:///workdir/hadoop-ozone/integration-test/target/log,UNAVAILABLE}
2019-08-20 20:11:56,228 [main] INFO  ozone.MiniOzoneClusterImpl (MiniOzoneClusterImpl.java:stop(344)) - Shutting the HddsDatanodes
2019-08-20 20:11:56,228 [main] INFO  datanode.ObjectStoreHandler (ObjectStoreHandler.java:close(155)) - Closing ObjectStoreHandler.
2019-08-20 20:11:56,228 [ForkJoinPool.commonPool-worker-0] INFO  datanode.ObjectStoreHandler (ObjectStoreHandler.java:close(155)) - Closing ObjectStoreHandler.
2019-08-20 20:11:56,229 [main] INFO  ozone.HddsDatanodeService (HddsDatanodeService.java:stop(451)) - Stopped plug-in org.apache.hadoop.ozone.web.OzoneHddsDatanodeService@355535d8
2019-08-20 20:11:56,229 [ForkJoinPool.commonPool-worker-0] INFO  ozone.HddsDatanodeService (HddsDatanodeService.java:stop(451)) - Stopped plug-in org.apache.hadoop.ozone.web.OzoneHddsDatanodeService@3e99e9d4
2019-08-20 20:11:56,317 | INFO  | SCMAudit | user=jenkins1000 | ip=192.168.69.105 | op=REGISTER {datanodeDetails=9c9e885b-70a3-4219-a375-4b42d50f0932{ip: 192.168.69.105, host: pr-hdds-165-w559s-1850982102, networkLocation: /default-rack, certSerialId: null}} | ret=SUCCESS |  
2019-08-20 20:11:56,330 [grpc-default-executor-0] INFO  impl.RaftServerProxy (RaftServerProxy.java:remove(95)) - 9c9e885b-70a3-4219-a375-4b42d50f0932: remove FOLLOWER group-BA916718FBC3 9c9e885b-70a3-4219-a375-4b42d50f0932:t1, leader=null, voted=9c9e885b-70a3-4219-a375-4b42d50f0932, raftlog=9c9e885b-70a3-4219-a375-4b42d50f0932-SegmentedRaftLog:OPENED:c-1,f0,i0, conf=0: [b22fd927-fbd8-4183-93bf-a63ecd3c86e6:192.168.69.105:37799, e2a48b6b-f66b-4b37-8155-ad5a694a0f88:192.168.69.105:39746, 9c9e885b-70a3-4219-a375-4b42d50f0932:192.168.69.105:40714], old=null RUNNING
2019-08-20 20:11:56,331 [grpc-default-executor-0] INFO  impl.RaftServerImpl (RaftServerImpl.java:lambda$shutdown$3(245)) - 9c9e885b-70a3-4219-a375-4b42d50f0932: shutdown group-BA916718FBC3
2019-08-20 20:11:56,331 [grpc-default-executor-0] INFO  util.JmxRegister (JmxRegister.java:unregister(73)) - Successfully un-registered JMX Bean with object name Ratis:service=RaftServer,group=group-BA916718FBC3,id=9c9e885b-70a3-4219-a375-4b42d50f0932
2019-08-20 20:11:56,331 [grpc-default-executor-0] INFO  impl.RoleInfo (RoleInfo.java:shutdownFollowerState(121)) - 9c9e885b-70a3-4219-a375-4b42d50f0932: shutdown FollowerState
2019-08-20 20:11:56,331 [grpc-default-executor-0] INFO  impl.StateMachineUpdater (StateMachineUpdater.java:stopAndJoin(115)) - StateMachineUpdater:9c9e885b-70a3-4219-a375-4b42d50f0932:group-BA916718FBC3: set stopIndex = -1
2019-08-20 20:11:56,331 [Thread-597] INFO  impl.FollowerState (FollowerState.java:run(114)) - 9c9e885b-70a3-4219-a375-4b42d50f0932: FollowerState was interrupted: java.lang.InterruptedException: sleep interrupted
2019-08-20 20:11:56,332 [grpc-default-executor-0] INFO  impl.RaftServerImpl (ServerState.java:close(394)) - 9c9e885b-70a3-4219-a375-4b42d50f0932:group-BA916718FBC3 closes. The last applied log index is -1
2019-08-20 20:11:56,333 [9c9e885b-70a3-4219-a375-4b42d50f0932-SegmentedRaftLogWorker:Storage Directory /workdir/hadoop-ozone/integration-test/target/test-dir/MiniOzoneClusterImpl-ccd8292b-f2d4-4ee8-aecb-a8ad671d8231/datanode-2/data/ratis/3282f895-a398-45b1-903c-ba916718fbc3] INFO  segmented.SegmentedRaftLogWorker (SegmentedRaftLogWorker.java:run(313)) - 9c9e885b-70a3-4219-a375-4b42d50f0932-SegmentedRaftLogWorker:Storage Directory /workdir/hadoop-ozone/integration-test/target/test-dir/MiniOzoneClusterImpl-ccd8292b-f2d4-4ee8-aecb-a8ad671d8231/datanode-2/data/ratis/3282f895-a398-45b1-903c-ba916718fbc3 was interrupted, exiting. There are 0 tasks remaining in the queue.
2019-08-20 20:11:56,335 [grpc-default-executor-0] INFO  segmented.SegmentedRaftLogWorker (SegmentedRaftLogWorker.java:close(228)) - 9c9e885b-70a3-4219-a375-4b42d50f0932-SegmentedRaftLogWorker:Storage Directory /workdir/hadoop-ozone/integration-test/target/test-dir/MiniOzoneClusterImpl-ccd8292b-f2d4-4ee8-aecb-a8ad671d8231/datanode-2/data/ratis/3282f895-a398-45b1-903c-ba916718fbc3 close()
2019-08-20 20:11:57,721 [Datanode State Machine Thread - 0] INFO  statemachine.DatanodeStateMachine (DatanodeStateMachine.java:lambda$startDaemon$0(350)) - Ozone container server started.
2019-08-20 20:11:57,945 [Datanode State Machine Thread - 0] INFO  statemachine.DatanodeStateMachine (DatanodeStateMachine.java:lambda$startDaemon$0(350)) - Ozone container server started.
2019-08-20 20:11:58,317 | INFO  | SCMAudit | user=jenkins1000 | ip=192.168.69.105 | op=SEND_HEARTBEAT {datanodeUUID=9c9e885b-70a3-4219-a375-4b42d50f0932, command=[]} | ret=SUCCESS |  
2019-08-20 20:11:58,395 [grpc-default-executor-0] INFO  impl.RaftServerProxy (RaftServerProxy.java:addNew(89)) - 9c9e885b-70a3-4219-a375-4b42d50f0932: addNew group-6EB72035EC2C:[9c9e885b-70a3-4219-a375-4b42d50f0932:192.168.69.105:40714] returns group-6EB72035EC2C:java.util.concurrent.CompletableFuture@6f1e9052[Not completed]
2019-08-20 20:11:58,396 [pool-170-thread-1] INFO  impl.RaftServerImpl (RaftServerImpl.java:<init>(93)) - 9c9e885b-70a3-4219-a375-4b42d50f0932: new RaftServerImpl for group-6EB72035EC2C:[9c9e885b-70a3-4219-a375-4b42d50f0932:192.168.69.105:40714] with ContainerStateMachine:uninitialized
2019-08-20 20:11:58,397 [pool-170-thread-1] INFO  server.RaftServerConfigKeys (ConfUtils.java:logGet(43)) - raft.server.rpc.timeout.min = 5s (custom)
2019-08-20 20:11:58,397 [pool-170-thread-1] INFO  server.RaftServerConfigKeys (ConfUtils.java:logGet(43)) - raft.server.rpc.timeout.max = 5200ms (custom)
2019-08-20 20:11:58,397 [pool-170-thread-1] INFO  server.RaftServerConfigKeys (ConfUtils.java:logGet(43)) - raft.server.rpcslowness.timeout = 120s (custom)
2019-08-20 20:11:58,397 [pool-170-thread-1] INFO  server.RaftServerConfigKeys (ConfUtils.java:logGet(43)) - raft.server.sleep.deviation.threshold = 300 (default)
2019-08-20 20:11:58,397 [pool-170-thread-1] INFO  server.RaftServerConfigKeys (ConfUtils.java:logGet(43)) - raft.server.log.appender.install.snapshot.enabled = false (custom)
2019-08-20 20:11:58,397 [pool-170-thread-1] INFO  impl.RaftServerImpl (ServerState.java:<init>(105)) - 9c9e885b-70a3-4219-a375-4b42d50f0932:group-6EB72035EC2C ConfigurationManager, init=-1: [9c9e885b-70a3-4219-a375-4b42d50f0932:192.168.69.105:40714], old=null, confs=<EMPTY_MAP>
2019-08-20 20:11:58,398 [pool-170-thread-1] INFO  server.RaftServerConfigKeys (ConfUtils.java:logGet(43)) - raft.server.storage.dir = [/workdir/hadoop-ozone/integration-test/target/test-dir/MiniOzoneClusterImpl-ccd8292b-f2d4-4ee8-aecb-a8ad671d8231/datanode-2/data/ratis] (custom)
2019-08-20 20:11:58,398 [pool-170-thread-1] INFO  storage.RaftStorageDirectory (RaftStorageDirectory.java:analyzeStorage(246)) - The storage directory /workdir/hadoop-ozone/integration-test/target/test-dir/MiniOzoneClusterImpl-ccd8292b-f2d4-4ee8-aecb-a8ad671d8231/datanode-2/data/ratis/9a156e57-920e-4d20-816a-6eb72035ec2c does not exist. Creating ...
2019-08-20 20:11:58,412 [pool-170-thread-1] INFO  storage.RaftStorageDirectory (RaftStorageDirectory.java:tryLock(328)) - Lock on /workdir/hadoop-ozone/integration-test/target/test-dir/MiniOzoneClusterImpl-ccd8292b-f2d4-4ee8-aecb-a8ad671d8231/datanode-2/data/ratis/9a156e57-920e-4d20-816a-6eb72035ec2c/in_use.lock acquired by nodename 22905@pr-hdds-165-w559s-1850982102
2019-08-20 20:11:58,427 [pool-170-thread-1] INFO  storage.RaftStorage (RaftStorage.java:format(72)) - Storage directory /workdir/hadoop-ozone/integration-test/target/test-dir/MiniOzoneClusterImpl-ccd8292b-f2d4-4ee8-aecb-a8ad671d8231/datanode-2/data/ratis/9a156e57-920e-4d20-816a-6eb72035ec2c has been successfully formatted.
2019-08-20 20:11:58,427 [pool-170-thread-1] INFO  ratis.ContainerStateMachine (ContainerStateMachine.java:loadSnapshot(226)) - group-6EB72035EC2C: The snapshot info is null. Setting the last applied indexto:(t:0, i:~)
2019-08-20 20:11:58,427 [pool-170-thread-1] INFO  server.RaftServerConfigKeys (ConfUtils.java:logGet(43)) - raft.server.leader.election.timeout = 120s (custom)
2019-08-20 20:11:58,427 [pool-170-thread-1] INFO  server.RaftServerConfigKeys (ConfUtils.java:logGet(43)) - raft.server.log.use.memory = false (default)
2019-08-20 20:11:58,427 [pool-170-thread-1] INFO  server.RaftServerConfigKeys (ConfUtils.java:logGet(43)) - raft.server.log.purge.gap = 1000000 (custom)
2019-08-20 20:11:58,428 [pool-170-thread-1] INFO  server.RaftServerConfigKeys (ConfUtils.java:logGet(43)) - raft.server.log.appender.buffer.byte-limit = 33554432 (custom)
2019-08-20 20:11:58,428 [pool-170-thread-1] INFO  server.RaftServerConfigKeys (ConfUtils.java:logGet(43)) - raft.server.log.segment.size.max = 1048576 (custom)
2019-08-20 20:11:58,428 [pool-170-thread-1] INFO  server.RaftServerConfigKeys (ConfUtils.java:logGet(43)) - raft.server.log.segment.cache.num.max = 2 (custom)
2019-08-20 20:11:58,428 [pool-170-thread-1] INFO  segmented.SegmentedRaftLogWorker (SegmentedRaftLogWorker.java:<init>(172)) - new 9c9e885b-70a3-4219-a375-4b42d50f0932-SegmentedRaftLogWorker:Storage Directory /workdir/hadoop-ozone/integration-test/target/test-dir/MiniOzoneClusterImpl-ccd8292b-f2d4-4ee8-aecb-a8ad671d8231/datanode-2/data/ratis/9a156e57-920e-4d20-816a-6eb72035ec2c for RaftStorage:Storage Directory /workdir/hadoop-ozone/integration-test/target/test-dir/MiniOzoneClusterImpl-ccd8292b-f2d4-4ee8-aecb-a8ad671d8231/datanode-2/data/ratis/9a156e57-920e-4d20-816a-6eb72035ec2c
2019-08-20 20:11:58,428 [pool-170-thread-1] INFO  server.RaftServerConfigKeys (ConfUtils.java:logGet(43)) - raft.server.log.queue.byte-limit = 2147483647 (custom)
2019-08-20 20:11:58,428 [pool-170-thread-1] INFO  server.RaftServerConfigKeys (ConfUtils.java:logGet(43)) - raft.server.log.queue.element-limit = 1024 (custom)
2019-08-20 20:11:58,429 [pool-170-thread-1] INFO  server.RaftServerConfigKeys (ConfUtils.java:logGet(43)) - raft.server.log.segment.size.max = 1048576 (custom)
2019-08-20 20:11:58,429 [pool-170-thread-1] INFO  server.RaftServerConfigKeys (ConfUtils.java:logGet(43)) - raft.server.log.preallocated.size = 16384 (custom)
2019-08-20 20:11:58,429 [pool-170-thread-1] INFO  server.RaftServerConfigKeys (ConfUtils.java:logGet(43)) - raft.server.log.write.buffer.size = 33554432 (custom)
2019-08-20 20:11:58,429 [pool-170-thread-1] INFO  server.RaftServerConfigKeys (ConfUtils.java:logGet(43)) - raft.server.log.force.sync.num = 128 (default)
2019-08-20 20:11:58,430 [pool-170-thread-1] INFO  server.RaftServerConfigKeys (ConfUtils.java:logGet(43)) - raft.server.log.statemachine.data.sync = true (default)
2019-08-20 20:11:58,430 [pool-170-thread-1] INFO  server.RaftServerConfigKeys (ConfUtils.java:logGet(43)) - raft.server.log.statemachine.data.sync.timeout = 10s (default)
2019-08-20 20:11:58,430 [pool-170-thread-1] INFO  server.RaftServerConfigKeys (ConfUtils.java:logGet(43)) - raft.server.log.statemachine.data.sync.timeout.retry = -1 (default)
2019-08-20 20:11:58,430 [pool-170-thread-1] INFO  server.RaftServerConfigKeys (ConfUtils.java:logGet(43)) - raft.server.log.statemachine.data.caching.enabled = true (custom)
2019-08-20 20:11:58,430 [pool-170-thread-1] INFO  segmented.SegmentedRaftLogWorker (SegmentedRaftLogWorker.java:lambda$new$0(132)) - 9c9e885b-70a3-4219-a375-4b42d50f0932-SegmentedRaftLogWorker:Storage Directory /workdir/hadoop-ozone/integration-test/target/test-dir/MiniOzoneClusterImpl-ccd8292b-f2d4-4ee8-aecb-a8ad671d8231/datanode-2/data/ratis/9a156e57-920e-4d20-816a-6eb72035ec2c: flushIndex: setUnconditionally 0 -> -1
2019-08-20 20:11:58,431 [pool-170-thread-1] INFO  server.RaftServerConfigKeys (ConfUtils.java:logGet(43)) - raft.server.snapshot.auto.trigger.enabled = true (custom)
2019-08-20 20:11:58,431 [pool-170-thread-1] INFO  server.RaftServerConfigKeys (ConfUtils.java:logGet(43)) - raft.server.snapshot.auto.trigger.threshold = 10000 (custom)
2019-08-20 20:11:58,431 [pool-170-thread-1] INFO  server.RaftServerConfigKeys (ConfUtils.java:logGet(43)) - raft.server.retrycache.expirytime = 600000ms (custom)
2019-08-20 20:11:58,431 [pool-170-thread-1] INFO  impl.RaftServerImpl (RaftServerImpl.java:start(180)) - 9c9e885b-70a3-4219-a375-4b42d50f0932: start group-6EB72035EC2C
2019-08-20 20:11:58,432 [pool-170-thread-1] INFO  impl.RaftServerImpl (RaftServerImpl.java:setRole(171)) - 9c9e885b-70a3-4219-a375-4b42d50f0932:group-6EB72035EC2C changes role from null to FOLLOWER at term 0 for startAsFollower
2019-08-20 20:11:58,432 [pool-170-thread-1] INFO  impl.RoleInfo (RoleInfo.java:updateAndGet(143)) - 9c9e885b-70a3-4219-a375-4b42d50f0932: start FollowerState
2019-08-20 20:11:58,432 [pool-170-thread-1] INFO  util.JmxRegister (JmxRegister.java:tryRegister(44)) - Successfully registered JMX Bean with object name Ratis:service=RaftServer,group=group-6EB72035EC2C,id=9c9e885b-70a3-4219-a375-4b42d50f0932
2019-08-20 20:11:58,437 [RatisPipelineUtilsThread] INFO  pipeline.PipelineStateManager (PipelineStateManager.java:addPipeline(56)) - Created pipeline Pipeline[ Id: 9a156e57-920e-4d20-816a-6eb72035ec2c, Nodes: 9c9e885b-70a3-4219-a375-4b42d50f0932{ip: 192.168.69.105, host: pr-hdds-165-w559s-1850982102, networkLocation: /default-rack, certSerialId: null}, Type:RATIS, Factor:ONE, State:OPEN]
2019-08-20 20:11:58,915 [Thread-594] INFO  impl.FollowerState (FollowerState.java:run(106)) - e2a48b6b-f66b-4b37-8155-ad5a694a0f88:group-15E1C96DF128 changes to CANDIDATE, lastRpcTime:5177, electionTimeout:5177ms
2019-08-20 20:11:58,915 [Thread-594] INFO  impl.RoleInfo (RoleInfo.java:shutdownFollowerState(121)) - e2a48b6b-f66b-4b37-8155-ad5a694a0f88: shutdown FollowerState
2019-08-20 20:11:58,915 [Thread-594] INFO  impl.RaftServerImpl (RaftServerImpl.java:setRole(171)) - e2a48b6b-f66b-4b37-8155-ad5a694a0f88:group-15E1C96DF128 changes role from FOLLOWER to CANDIDATE at term 1 for changeToCandidate
2019-08-20 20:11:58,915 [Thread-594] INFO  impl.RoleInfo (RoleInfo.java:updateAndGet(143)) - e2a48b6b-f66b-4b37-8155-ad5a694a0f88: start LeaderElection
2019-08-20 20:11:58,941 [e2a48b6b-f66b-4b37-8155-ad5a694a0f88:group-15E1C96DF128:LeaderElection13] INFO  impl.LeaderElection (LeaderElection.java:askForVotes(181)) - e2a48b6b-f66b-4b37-8155-ad5a694a0f88:group-15E1C96DF128:LeaderElection13: begin an election at term 2 for 0: [e2a48b6b-f66b-4b37-8155-ad5a694a0f88:192.168.69.105:39746], old=null
2019-08-20 20:11:58,942 [e2a48b6b-f66b-4b37-8155-ad5a694a0f88:group-15E1C96DF128:LeaderElection13] INFO  impl.RoleInfo (RoleInfo.java:shutdownLeaderElection(134)) - e2a48b6b-f66b-4b37-8155-ad5a694a0f88: shutdown LeaderElection
2019-08-20 20:11:58,942 [e2a48b6b-f66b-4b37-8155-ad5a694a0f88:group-15E1C96DF128:LeaderElection13] INFO  impl.RaftServerImpl (RaftServerImpl.java:setRole(171)) - e2a48b6b-f66b-4b37-8155-ad5a694a0f88:group-15E1C96DF128 changes role from CANDIDATE to LEADER at term 2 for changeToLeader
2019-08-20 20:11:58,942 [e2a48b6b-f66b-4b37-8155-ad5a694a0f88:group-15E1C96DF128:LeaderElection13] INFO  impl.RaftServerImpl (ServerState.java:setLeader(263)) - e2a48b6b-f66b-4b37-8155-ad5a694a0f88:group-15E1C96DF128 change Leader from null to e2a48b6b-f66b-4b37-8155-ad5a694a0f88 at term 2 for becomeLeader, leader elected after 7404ms
2019-08-20 20:11:58,942 [e2a48b6b-f66b-4b37-8155-ad5a694a0f88:group-15E1C96DF128:LeaderElection13] INFO  server.RaftServerConfigKeys (ConfUtils.java:logGet(43)) - raft.server.staging.catchup.gap = 1000 (default)
2019-08-20 20:11:58,943 [e2a48b6b-f66b-4b37-8155-ad5a694a0f88:group-15E1C96DF128:LeaderElection13] INFO  server.RaftServerConfigKeys (ConfUtils.java:logGet(43)) - raft.server.rpc.sleep.time = 25ms (default)
2019-08-20 20:11:58,943 [e2a48b6b-f66b-4b37-8155-ad5a694a0f88:group-15E1C96DF128:LeaderElection13] INFO  server.RaftServerConfigKeys (ConfUtils.java:logGet(43)) - raft.server.write.element-limit = 4096 (default)
2019-08-20 20:11:58,943 [e2a48b6b-f66b-4b37-8155-ad5a694a0f88:group-15E1C96DF128:LeaderElection13] INFO  server.RaftServerConfigKeys (ConfUtils.java:logGet(43)) - raft.server.watch.timeout = 10s (default)
2019-08-20 20:11:58,943 [e2a48b6b-f66b-4b37-8155-ad5a694a0f88:group-15E1C96DF128:LeaderElection13] INFO  server.RaftServerConfigKeys (ConfUtils.java:logGet(43)) - raft.server.watch.timeout.denomination = 1s (default)
2019-08-20 20:11:58,943 [e2a48b6b-f66b-4b37-8155-ad5a694a0f88:group-15E1C96DF128:LeaderElection13] INFO  server.RaftServerConfigKeys (ConfUtils.java:logGet(43)) - raft.server.watch.element-limit = 65536 (default)
2019-08-20 20:11:58,944 [e2a48b6b-f66b-4b37-8155-ad5a694a0f88:group-15E1C96DF128:LeaderElection13] INFO  impl.RoleInfo (RoleInfo.java:updateAndGet(143)) - e2a48b6b-f66b-4b37-8155-ad5a694a0f88: start LeaderState
2019-08-20 20:11:58,945 [e2a48b6b-f66b-4b37-8155-ad5a694a0f88:group-15E1C96DF128:LeaderElection13] INFO  segmented.SegmentedRaftLogWorker (SegmentedRaftLogWorker.java:rollLogSegment(385)) - e2a48b6b-f66b-4b37-8155-ad5a694a0f88-SegmentedRaftLogWorker:Storage Directory /workdir/hadoop-ozone/integration-test/target/test-dir/MiniOzoneClusterImpl-ccd8292b-f2d4-4ee8-aecb-a8ad671d8231/datanode-0/data/ratis/858ac3e9-5852-4db0-9c44-15e1c96df128: Rolling segment log-0_0 to index:0
2019-08-20 20:11:58,949 [e2a48b6b-f66b-4b37-8155-ad5a694a0f88-SegmentedRaftLogWorker:Storage Directory /workdir/hadoop-ozone/integration-test/target/test-dir/MiniOzoneClusterImpl-ccd8292b-f2d4-4ee8-aecb-a8ad671d8231/datanode-0/data/ratis/858ac3e9-5852-4db0-9c44-15e1c96df128] INFO  segmented.SegmentedRaftLogWorker (SegmentedRaftLogWorker.java:execute(526)) - e2a48b6b-f66b-4b37-8155-ad5a694a0f88-SegmentedRaftLogWorker:Storage Directory /workdir/hadoop-ozone/integration-test/target/test-dir/MiniOzoneClusterImpl-ccd8292b-f2d4-4ee8-aecb-a8ad671d8231/datanode-0/data/ratis/858ac3e9-5852-4db0-9c44-15e1c96df128: Rolled log segment from /workdir/hadoop-ozone/integration-test/target/test-dir/MiniOzoneClusterImpl-ccd8292b-f2d4-4ee8-aecb-a8ad671d8231/datanode-0/data/ratis/858ac3e9-5852-4db0-9c44-15e1c96df128/current/log_inprogress_0 to /workdir/hadoop-ozone/integration-test/target/test-dir/MiniOzoneClusterImpl-ccd8292b-f2d4-4ee8-aecb-a8ad671d8231/datanode-0/data/ratis/858ac3e9-5852-4db0-9c44-15e1c96df128/current/log_0-0
2019-08-20 20:11:58,954 [e2a48b6b-f66b-4b37-8155-ad5a694a0f88:group-15E1C96DF128:LeaderElection13] INFO  impl.RaftServerImpl (ServerState.java:setRaftConf(361)) - e2a48b6b-f66b-4b37-8155-ad5a694a0f88:group-15E1C96DF128 set configuration 1: [e2a48b6b-f66b-4b37-8155-ad5a694a0f88:192.168.69.105:39746], old=null at 1
2019-08-20 20:11:59,003 [e2a48b6b-f66b-4b37-8155-ad5a694a0f88-SegmentedRaftLogWorker:Storage Directory /workdir/hadoop-ozone/integration-test/target/test-dir/MiniOzoneClusterImpl-ccd8292b-f2d4-4ee8-aecb-a8ad671d8231/datanode-0/data/ratis/858ac3e9-5852-4db0-9c44-15e1c96df128] INFO  segmented.SegmentedRaftLogWorker (SegmentedRaftLogWorker.java:execute(569)) - e2a48b6b-f66b-4b37-8155-ad5a694a0f88-SegmentedRaftLogWorker:Storage Directory /workdir/hadoop-ozone/integration-test/target/test-dir/MiniOzoneClusterImpl-ccd8292b-f2d4-4ee8-aecb-a8ad671d8231/datanode-0/data/ratis/858ac3e9-5852-4db0-9c44-15e1c96df128: created new log segment /workdir/hadoop-ozone/integration-test/target/test-dir/MiniOzoneClusterImpl-ccd8292b-f2d4-4ee8-aecb-a8ad671d8231/datanode-0/data/ratis/858ac3e9-5852-4db0-9c44-15e1c96df128/current/log_inprogress_1
2019-08-20 20:11:59,128 [Thread-596] INFO  impl.FollowerState (FollowerState.java:run(106)) - b22fd927-fbd8-4183-93bf-a63ecd3c86e6:group-5B48B2BA3EFF changes to CANDIDATE, lastRpcTime:5167, electionTimeout:5167ms
2019-08-20 20:11:59,128 [Thread-596] INFO  impl.RoleInfo (RoleInfo.java:shutdownFollowerState(121)) - b22fd927-fbd8-4183-93bf-a63ecd3c86e6: shutdown FollowerState
2019-08-20 20:11:59,128 [Thread-596] INFO  impl.RaftServerImpl (RaftServerImpl.java:setRole(171)) - b22fd927-fbd8-4183-93bf-a63ecd3c86e6:group-5B48B2BA3EFF changes role from FOLLOWER to CANDIDATE at term 1 for changeToCandidate
2019-08-20 20:11:59,128 [Thread-596] INFO  impl.RoleInfo (RoleInfo.java:updateAndGet(143)) - b22fd927-fbd8-4183-93bf-a63ecd3c86e6: start LeaderElection
2019-08-20 20:11:59,150 [b22fd927-fbd8-4183-93bf-a63ecd3c86e6:group-5B48B2BA3EFF:LeaderElection14] INFO  impl.LeaderElection (LeaderElection.java:askForVotes(181)) - b22fd927-fbd8-4183-93bf-a63ecd3c86e6:group-5B48B2BA3EFF:LeaderElection14: begin an election at term 2 for 0: [b22fd927-fbd8-4183-93bf-a63ecd3c86e6:192.168.69.105:37799], old=null
2019-08-20 20:11:59,151 [b22fd927-fbd8-4183-93bf-a63ecd3c86e6:group-5B48B2BA3EFF:LeaderElection14] INFO  impl.RoleInfo (RoleInfo.java:shutdownLeaderElection(134)) - b22fd927-fbd8-4183-93bf-a63ecd3c86e6: shutdown LeaderElection
2019-08-20 20:11:59,151 [b22fd927-fbd8-4183-93bf-a63ecd3c86e6:group-5B48B2BA3EFF:LeaderElection14] INFO  impl.RaftServerImpl (RaftServerImpl.java:setRole(171)) - b22fd927-fbd8-4183-93bf-a63ecd3c86e6:group-5B48B2BA3EFF changes role from CANDIDATE to LEADER at term 2 for changeToLeader
2019-08-20 20:11:59,151 [b22fd927-fbd8-4183-93bf-a63ecd3c86e6:group-5B48B2BA3EFF:LeaderElection14] INFO  impl.RaftServerImpl (ServerState.java:setLeader(263)) - b22fd927-fbd8-4183-93bf-a63ecd3c86e6:group-5B48B2BA3EFF change Leader from null to b22fd927-fbd8-4183-93bf-a63ecd3c86e6 at term 2 for becomeLeader, leader elected after 7376ms
2019-08-20 20:11:59,153 [b22fd927-fbd8-4183-93bf-a63ecd3c86e6:group-5B48B2BA3EFF:LeaderElection14] INFO  server.RaftServerConfigKeys (ConfUtils.java:logGet(43)) - raft.server.staging.catchup.gap = 1000 (default)
2019-08-20 20:11:59,153 [b22fd927-fbd8-4183-93bf-a63ecd3c86e6:group-5B48B2BA3EFF:LeaderElection14] INFO  server.RaftServerConfigKeys (ConfUtils.java:logGet(43)) - raft.server.rpc.sleep.time = 25ms (default)
2019-08-20 20:11:59,153 [b22fd927-fbd8-4183-93bf-a63ecd3c86e6:group-5B48B2BA3EFF:LeaderElection14] INFO  server.RaftServerConfigKeys (ConfUtils.java:logGet(43)) - raft.server.write.element-limit = 4096 (default)
2019-08-20 20:11:59,153 [b22fd927-fbd8-4183-93bf-a63ecd3c86e6:group-5B48B2BA3EFF:LeaderElection14] INFO  server.RaftServerConfigKeys (ConfUtils.java:logGet(43)) - raft.server.watch.timeout = 10s (default)
2019-08-20 20:11:59,153 [b22fd927-fbd8-4183-93bf-a63ecd3c86e6:group-5B48B2BA3EFF:LeaderElection14] INFO  server.RaftServerConfigKeys (ConfUtils.java:logGet(43)) - raft.server.watch.timeout.denomination = 1s (default)
2019-08-20 20:11:59,154 [b22fd927-fbd8-4183-93bf-a63ecd3c86e6:group-5B48B2BA3EFF:LeaderElection14] INFO  server.RaftServerConfigKeys (ConfUtils.java:logGet(43)) - raft.server.watch.element-limit = 65536 (default)
2019-08-20 20:11:59,154 [b22fd927-fbd8-4183-93bf-a63ecd3c86e6:group-5B48B2BA3EFF:LeaderElection14] INFO  impl.RoleInfo (RoleInfo.java:updateAndGet(143)) - b22fd927-fbd8-4183-93bf-a63ecd3c86e6: start LeaderState
2019-08-20 20:11:59,154 [b22fd927-fbd8-4183-93bf-a63ecd3c86e6:group-5B48B2BA3EFF:LeaderElection14] INFO  segmented.SegmentedRaftLogWorker (SegmentedRaftLogWorker.java:rollLogSegment(385)) - b22fd927-fbd8-4183-93bf-a63ecd3c86e6-SegmentedRaftLogWorker:Storage Directory /workdir/hadoop-ozone/integration-test/target/test-dir/MiniOzoneClusterImpl-ccd8292b-f2d4-4ee8-aecb-a8ad671d8231/datanode-1/data/ratis/05b6df10-6af0-42ed-8935-5b48b2ba3eff: Rolling segment log-0_0 to index:0
2019-08-20 20:11:59,156 [b22fd927-fbd8-4183-93bf-a63ecd3c86e6:group-5B48B2BA3EFF:LeaderElection14] INFO  impl.RaftServerImpl (ServerState.java:setRaftConf(361)) - b22fd927-fbd8-4183-93bf-a63ecd3c86e6:group-5B48B2BA3EFF set configuration 1: [b22fd927-fbd8-4183-93bf-a63ecd3c86e6:192.168.69.105:37799], old=null at 1
2019-08-20 20:11:59,159 [b22fd927-fbd8-4183-93bf-a63ecd3c86e6-SegmentedRaftLogWorker:Storage Directory /workdir/hadoop-ozone/integration-test/target/test-dir/MiniOzoneClusterImpl-ccd8292b-f2d4-4ee8-aecb-a8ad671d8231/datanode-1/data/ratis/05b6df10-6af0-42ed-8935-5b48b2ba3eff] INFO  segmented.SegmentedRaftLogWorker (SegmentedRaftLogWorker.java:execute(526)) - b22fd927-fbd8-4183-93bf-a63ecd3c86e6-SegmentedRaftLogWorker:Storage Directory /workdir/hadoop-ozone/integration-test/target/test-dir/MiniOzoneClusterImpl-ccd8292b-f2d4-4ee8-aecb-a8ad671d8231/datanode-1/data/ratis/05b6df10-6af0-42ed-8935-5b48b2ba3eff: Rolled log segment from /workdir/hadoop-ozone/integration-test/target/test-dir/MiniOzoneClusterImpl-ccd8292b-f2d4-4ee8-aecb-a8ad671d8231/datanode-1/data/ratis/05b6df10-6af0-42ed-8935-5b48b2ba3eff/current/log_inprogress_0 to /workdir/hadoop-ozone/integration-test/target/test-dir/MiniOzoneClusterImpl-ccd8292b-f2d4-4ee8-aecb-a8ad671d8231/datanode-1/data/ratis/05b6df10-6af0-42ed-8935-5b48b2ba3eff/current/log_0-0
2019-08-20 20:11:59,212 [b22fd927-fbd8-4183-93bf-a63ecd3c86e6-SegmentedRaftLogWorker:Storage Directory /workdir/hadoop-ozone/integration-test/target/test-dir/MiniOzoneClusterImpl-ccd8292b-f2d4-4ee8-aecb-a8ad671d8231/datanode-1/data/ratis/05b6df10-6af0-42ed-8935-5b48b2ba3eff] INFO  segmented.SegmentedRaftLogWorker (SegmentedRaftLogWorker.java:execute(569)) - b22fd927-fbd8-4183-93bf-a63ecd3c86e6-SegmentedRaftLogWorker:Storage Directory /workdir/hadoop-ozone/integration-test/target/test-dir/MiniOzoneClusterImpl-ccd8292b-f2d4-4ee8-aecb-a8ad671d8231/datanode-1/data/ratis/05b6df10-6af0-42ed-8935-5b48b2ba3eff: created new log segment /workdir/hadoop-ozone/integration-test/target/test-dir/MiniOzoneClusterImpl-ccd8292b-f2d4-4ee8-aecb-a8ad671d8231/datanode-1/data/ratis/05b6df10-6af0-42ed-8935-5b48b2ba3eff/current/log_inprogress_1
2019-08-20 20:11:59,317 | INFO  | SCMAudit | user=jenkins1000 | ip=192.168.69.105 | op=SEND_HEARTBEAT {datanodeUUID=9c9e885b-70a3-4219-a375-4b42d50f0932, command=[]} | ret=SUCCESS |  
2019-08-20 20:11:59,419 [Thread-598] INFO  impl.FollowerState (FollowerState.java:run(106)) - 9c9e885b-70a3-4219-a375-4b42d50f0932:group-26A1C0EDEC5C changes to CANDIDATE, lastRpcTime:5085, electionTimeout:5085ms
2019-08-20 20:11:59,419 [Thread-598] INFO  impl.RoleInfo (RoleInfo.java:shutdownFollowerState(121)) - 9c9e885b-70a3-4219-a375-4b42d50f0932: shutdown FollowerState
2019-08-20 20:11:59,419 [Thread-598] INFO  impl.RaftServerImpl (RaftServerImpl.java:setRole(171)) - 9c9e885b-70a3-4219-a375-4b42d50f0932:group-26A1C0EDEC5C changes role from FOLLOWER to CANDIDATE at term 1 for changeToCandidate
2019-08-20 20:11:59,419 [Thread-598] INFO  impl.RoleInfo (RoleInfo.java:updateAndGet(143)) - 9c9e885b-70a3-4219-a375-4b42d50f0932: start LeaderElection
2019-08-20 20:11:59,437 [9c9e885b-70a3-4219-a375-4b42d50f0932:group-26A1C0EDEC5C:LeaderElection15] INFO  impl.LeaderElection (LeaderElection.java:askForVotes(181)) - 9c9e885b-70a3-4219-a375-4b42d50f0932:group-26A1C0EDEC5C:LeaderElection15: begin an election at term 2 for 0: [9c9e885b-70a3-4219-a375-4b42d50f0932:192.168.69.105:40714], old=null
2019-08-20 20:11:59,437 [9c9e885b-70a3-4219-a375-4b42d50f0932:group-26A1C0EDEC5C:LeaderElection15] INFO  impl.RoleInfo (RoleInfo.java:shutdownLeaderElection(134)) - 9c9e885b-70a3-4219-a375-4b42d50f0932: shutdown LeaderElection
2019-08-20 20:11:59,437 [9c9e885b-70a3-4219-a375-4b42d50f0932:group-26A1C0EDEC5C:LeaderElection15] INFO  impl.RaftServerImpl (RaftServerImpl.java:setRole(171)) - 9c9e885b-70a3-4219-a375-4b42d50f0932:group-26A1C0EDEC5C changes role from CANDIDATE to LEADER at term 2 for changeToLeader
2019-08-20 20:11:59,438 [9c9e885b-70a3-4219-a375-4b42d50f0932:group-26A1C0EDEC5C:LeaderElection15] INFO  impl.RaftServerImpl (ServerState.java:setLeader(263)) - 9c9e885b-70a3-4219-a375-4b42d50f0932:group-26A1C0EDEC5C change Leader from null to 9c9e885b-70a3-4219-a375-4b42d50f0932 at term 2 for becomeLeader, leader elected after 7454ms
2019-08-20 20:11:59,438 [9c9e885b-70a3-4219-a375-4b42d50f0932:group-26A1C0EDEC5C:LeaderElection15] INFO  server.RaftServerConfigKeys (ConfUtils.java:logGet(43)) - raft.server.staging.catchup.gap = 1000 (default)
2019-08-20 20:11:59,438 [9c9e885b-70a3-4219-a375-4b42d50f0932:group-26A1C0EDEC5C:LeaderElection15] INFO  server.RaftServerConfigKeys (ConfUtils.java:logGet(43)) - raft.server.rpc.sleep.time = 25ms (default)
2019-08-20 20:11:59,438 [9c9e885b-70a3-4219-a375-4b42d50f0932:group-26A1C0EDEC5C:LeaderElection15] INFO  server.RaftServerConfigKeys (ConfUtils.java:logGet(43)) - raft.server.write.element-limit = 4096 (default)
2019-08-20 20:11:59,438 [9c9e885b-70a3-4219-a375-4b42d50f0932:group-26A1C0EDEC5C:LeaderElection15] INFO  server.RaftServerConfigKeys (ConfUtils.java:logGet(43)) - raft.server.watch.timeout = 10s (default)
2019-08-20 20:11:59,439 [9c9e885b-70a3-4219-a375-4b42d50f0932:group-26A1C0EDEC5C:LeaderElection15] INFO  server.RaftServerConfigKeys (ConfUtils.java:logGet(43)) - raft.server.watch.timeout.denomination = 1s (default)
2019-08-20 20:11:59,439 [9c9e885b-70a3-4219-a375-4b42d50f0932:group-26A1C0EDEC5C:LeaderElection15] INFO  server.RaftServerConfigKeys (ConfUtils.java:logGet(43)) - raft.server.watch.element-limit = 65536 (default)
2019-08-20 20:11:59,439 [9c9e885b-70a3-4219-a375-4b42d50f0932:group-26A1C0EDEC5C:LeaderElection15] INFO  impl.RoleInfo (RoleInfo.java:updateAndGet(143)) - 9c9e885b-70a3-4219-a375-4b42d50f0932: start LeaderState
2019-08-20 20:11:59,440 [9c9e885b-70a3-4219-a375-4b42d50f0932:group-26A1C0EDEC5C:LeaderElection15] INFO  segmented.SegmentedRaftLogWorker (SegmentedRaftLogWorker.java:rollLogSegment(385)) - 9c9e885b-70a3-4219-a375-4b42d50f0932-SegmentedRaftLogWorker:Storage Directory /workdir/hadoop-ozone/integration-test/target/test-dir/MiniOzoneClusterImpl-ccd8292b-f2d4-4ee8-aecb-a8ad671d8231/datanode-2/data/ratis/e91c54d3-b375-4087-b96c-26a1c0edec5c: Rolling segment log-0_0 to index:0
2019-08-20 20:11:59,442 [9c9e885b-70a3-4219-a375-4b42d50f0932:group-26A1C0EDEC5C:LeaderElection15] INFO  impl.RaftServerImpl (ServerState.java:setRaftConf(361)) - 9c9e885b-70a3-4219-a375-4b42d50f0932:group-26A1C0EDEC5C set configuration 1: [9c9e885b-70a3-4219-a375-4b42d50f0932:192.168.69.105:40714], old=null at 1
2019-08-20 20:11:59,442 [9c9e885b-70a3-4219-a375-4b42d50f0932-SegmentedRaftLogWorker:Storage Directory /workdir/hadoop-ozone/integration-test/target/test-dir/MiniOzoneClusterImpl-ccd8292b-f2d4-4ee8-aecb-a8ad671d8231/datanode-2/data/ratis/e91c54d3-b375-4087-b96c-26a1c0edec5c] INFO  segmented.SegmentedRaftLogWorker (SegmentedRaftLogWorker.java:execute(526)) - 9c9e885b-70a3-4219-a375-4b42d50f0932-SegmentedRaftLogWorker:Storage Directory /workdir/hadoop-ozone/integration-test/target/test-dir/MiniOzoneClusterImpl-ccd8292b-f2d4-4ee8-aecb-a8ad671d8231/datanode-2/data/ratis/e91c54d3-b375-4087-b96c-26a1c0edec5c: Rolled log segment from /workdir/hadoop-ozone/integration-test/target/test-dir/MiniOzoneClusterImpl-ccd8292b-f2d4-4ee8-aecb-a8ad671d8231/datanode-2/data/ratis/e91c54d3-b375-4087-b96c-26a1c0edec5c/current/log_inprogress_0 to /workdir/hadoop-ozone/integration-test/target/test-dir/MiniOzoneClusterImpl-ccd8292b-f2d4-4ee8-aecb-a8ad671d8231/datanode-2/data/ratis/e91c54d3-b375-4087-b96c-26a1c0edec5c/current/log_0-0
2019-08-20 20:11:59,507 [9c9e885b-70a3-4219-a375-4b42d50f0932-SegmentedRaftLogWorker:Storage Directory /workdir/hadoop-ozone/integration-test/target/test-dir/MiniOzoneClusterImpl-ccd8292b-f2d4-4ee8-aecb-a8ad671d8231/datanode-2/data/ratis/e91c54d3-b375-4087-b96c-26a1c0edec5c] INFO  segmented.SegmentedRaftLogWorker (SegmentedRaftLogWorker.java:execute(569)) - 9c9e885b-70a3-4219-a375-4b42d50f0932-SegmentedRaftLogWorker:Storage Directory /workdir/hadoop-ozone/integration-test/target/test-dir/MiniOzoneClusterImpl-ccd8292b-f2d4-4ee8-aecb-a8ad671d8231/datanode-2/data/ratis/e91c54d3-b375-4087-b96c-26a1c0edec5c: created new log segment /workdir/hadoop-ozone/integration-test/target/test-dir/MiniOzoneClusterImpl-ccd8292b-f2d4-4ee8-aecb-a8ad671d8231/datanode-2/data/ratis/e91c54d3-b375-4087-b96c-26a1c0edec5c/current/log_inprogress_1
2019-08-20 20:12:00,317 | INFO  | SCMAudit | user=jenkins1000 | ip=192.168.69.105 | op=SEND_HEARTBEAT {datanodeUUID=9c9e885b-70a3-4219-a375-4b42d50f0932, command=[]} | ret=SUCCESS |  
2019-08-20 20:12:01,230 [main] INFO  ozoneimpl.OzoneContainer (OzoneContainer.java:stop(199)) - Attempting to stop container services.
2019-08-20 20:12:01,230 [ForkJoinPool.commonPool-worker-0] INFO  ozoneimpl.OzoneContainer (OzoneContainer.java:stop(199)) - Attempting to stop container services.
2019-08-20 20:12:01,231 [main] INFO  impl.RaftServerProxy (RaftServerProxy.java:lambda$close$4(314)) - b22fd927-fbd8-4183-93bf-a63ecd3c86e6: close
2019-08-20 20:12:01,232 [ForkJoinPool.commonPool-worker-0] INFO  impl.RaftServerProxy (RaftServerProxy.java:lambda$close$4(314)) - e2a48b6b-f66b-4b37-8155-ad5a694a0f88: close
2019-08-20 20:12:01,232 [main] INFO  impl.RaftServerImpl (RaftServerImpl.java:lambda$shutdown$3(245)) - b22fd927-fbd8-4183-93bf-a63ecd3c86e6: shutdown group-5B48B2BA3EFF
2019-08-20 20:12:01,232 [ForkJoinPool.commonPool-worker-0] INFO  impl.RaftServerImpl (RaftServerImpl.java:lambda$shutdown$3(245)) - e2a48b6b-f66b-4b37-8155-ad5a694a0f88: shutdown group-15E1C96DF128
2019-08-20 20:12:01,233 [main] INFO  util.JmxRegister (JmxRegister.java:unregister(73)) - Successfully un-registered JMX Bean with object name Ratis:service=RaftServer,group=group-5B48B2BA3EFF,id=b22fd927-fbd8-4183-93bf-a63ecd3c86e6
2019-08-20 20:12:01,233 [ForkJoinPool.commonPool-worker-0] INFO  util.JmxRegister (JmxRegister.java:unregister(73)) - Successfully un-registered JMX Bean with object name Ratis:service=RaftServer,group=group-15E1C96DF128,id=e2a48b6b-f66b-4b37-8155-ad5a694a0f88
2019-08-20 20:12:01,233 [main] INFO  impl.RoleInfo (RoleInfo.java:shutdownLeaderState(104)) - b22fd927-fbd8-4183-93bf-a63ecd3c86e6: shutdown LeaderState
2019-08-20 20:12:01,234 [ForkJoinPool.commonPool-worker-0] INFO  impl.RoleInfo (RoleInfo.java:shutdownLeaderState(104)) - e2a48b6b-f66b-4b37-8155-ad5a694a0f88: shutdown LeaderState
2019-08-20 20:12:01,234 [main] INFO  impl.PendingRequests (PendingRequests.java:sendNotLeaderResponses(202)) - b22fd927-fbd8-4183-93bf-a63ecd3c86e6-PendingRequests: sendNotLeaderResponses
2019-08-20 20:12:01,235 [ForkJoinPool.commonPool-worker-0] INFO  impl.PendingRequests (PendingRequests.java:sendNotLeaderResponses(202)) - e2a48b6b-f66b-4b37-8155-ad5a694a0f88-PendingRequests: sendNotLeaderResponses
2019-08-20 20:12:01,241 [main] INFO  impl.StateMachineUpdater (StateMachineUpdater.java:stopAndJoin(115)) - StateMachineUpdater:b22fd927-fbd8-4183-93bf-a63ecd3c86e6:group-5B48B2BA3EFF: set stopIndex = 2
2019-08-20 20:12:01,246 [ForkJoinPool.commonPool-worker-0] INFO  impl.StateMachineUpdater (StateMachineUpdater.java:stopAndJoin(115)) - StateMachineUpdater:e2a48b6b-f66b-4b37-8155-ad5a694a0f88:group-15E1C96DF128: set stopIndex = 2
2019-08-20 20:12:01,247 [main] INFO  impl.RaftServerImpl (ServerState.java:close(394)) - b22fd927-fbd8-4183-93bf-a63ecd3c86e6:group-5B48B2BA3EFF closes. The last applied log index is 2
2019-08-20 20:12:01,247 [ForkJoinPool.commonPool-worker-0] INFO  impl.RaftServerImpl (ServerState.java:close(394)) - e2a48b6b-f66b-4b37-8155-ad5a694a0f88:group-15E1C96DF128 closes. The last applied log index is 2
2019-08-20 20:12:01,248 [b22fd927-fbd8-4183-93bf-a63ecd3c86e6-SegmentedRaftLogWorker:Storage Directory /workdir/hadoop-ozone/integration-test/target/test-dir/MiniOzoneClusterImpl-ccd8292b-f2d4-4ee8-aecb-a8ad671d8231/datanode-1/data/ratis/05b6df10-6af0-42ed-8935-5b48b2ba3eff] INFO  segmented.SegmentedRaftLogWorker (SegmentedRaftLogWorker.java:run(313)) - b22fd927-fbd8-4183-93bf-a63ecd3c86e6-SegmentedRaftLogWorker:Storage Directory /workdir/hadoop-ozone/integration-test/target/test-dir/MiniOzoneClusterImpl-ccd8292b-f2d4-4ee8-aecb-a8ad671d8231/datanode-1/data/ratis/05b6df10-6af0-42ed-8935-5b48b2ba3eff was interrupted, exiting. There are 0 tasks remaining in the queue.
2019-08-20 20:12:01,248 [e2a48b6b-f66b-4b37-8155-ad5a694a0f88-SegmentedRaftLogWorker:Storage Directory /workdir/hadoop-ozone/integration-test/target/test-dir/MiniOzoneClusterImpl-ccd8292b-f2d4-4ee8-aecb-a8ad671d8231/datanode-0/data/ratis/858ac3e9-5852-4db0-9c44-15e1c96df128] INFO  segmented.SegmentedRaftLogWorker (SegmentedRaftLogWorker.java:run(313)) - e2a48b6b-f66b-4b37-8155-ad5a694a0f88-SegmentedRaftLogWorker:Storage Directory /workdir/hadoop-ozone/integration-test/target/test-dir/MiniOzoneClusterImpl-ccd8292b-f2d4-4ee8-aecb-a8ad671d8231/datanode-0/data/ratis/858ac3e9-5852-4db0-9c44-15e1c96df128 was interrupted, exiting. There are 0 tasks remaining in the queue.
2019-08-20 20:12:01,249 [main] INFO  segmented.SegmentedRaftLogWorker (SegmentedRaftLogWorker.java:close(228)) - b22fd927-fbd8-4183-93bf-a63ecd3c86e6-SegmentedRaftLogWorker:Storage Directory /workdir/hadoop-ozone/integration-test/target/test-dir/MiniOzoneClusterImpl-ccd8292b-f2d4-4ee8-aecb-a8ad671d8231/datanode-1/data/ratis/05b6df10-6af0-42ed-8935-5b48b2ba3eff close()
2019-08-20 20:12:01,251 [ForkJoinPool.commonPool-worker-0] INFO  segmented.SegmentedRaftLogWorker (SegmentedRaftLogWorker.java:close(228)) - e2a48b6b-f66b-4b37-8155-ad5a694a0f88-SegmentedRaftLogWorker:Storage Directory /workdir/hadoop-ozone/integration-test/target/test-dir/MiniOzoneClusterImpl-ccd8292b-f2d4-4ee8-aecb-a8ad671d8231/datanode-0/data/ratis/858ac3e9-5852-4db0-9c44-15e1c96df128 close()
2019-08-20 20:12:01,259 [main] INFO  server.GrpcService (GrpcService.java:closeImpl(155)) - b22fd927-fbd8-4183-93bf-a63ecd3c86e6: shutdown server with port 37799 now
2019-08-20 20:12:01,260 [ForkJoinPool.commonPool-worker-0] INFO  server.GrpcService (GrpcService.java:closeImpl(155)) - e2a48b6b-f66b-4b37-8155-ad5a694a0f88: shutdown server with port 39746 now
2019-08-20 20:12:01,262 [main] INFO  server.GrpcService (GrpcService.java:closeImpl(163)) - b22fd927-fbd8-4183-93bf-a63ecd3c86e6: shutdown server with port 37799 successfully
2019-08-20 20:12:01,264 [ForkJoinPool.commonPool-worker-0] INFO  server.GrpcService (GrpcService.java:closeImpl(163)) - e2a48b6b-f66b-4b37-8155-ad5a694a0f88: shutdown server with port 39746 successfully
2019-08-20 20:12:01,265 [main] INFO  utils.BackgroundService (BackgroundService.java:shutdown(148)) - Shutting down service BlockDeletingService
2019-08-20 20:12:01,267 [ForkJoinPool.commonPool-worker-0] INFO  utils.BackgroundService (BackgroundService.java:shutdown(148)) - Shutting down service BlockDeletingService
2019-08-20 20:12:01,267 [refreshUsed-/workdir/hadoop-ozone/integration-test/target/test-dir/MiniOzoneClusterImpl-ccd8292b-f2d4-4ee8-aecb-a8ad671d8231/datanode-1/data/containers] WARN  fs.CachingGetSpaceUsed (CachingGetSpaceUsed.java:run(183)) - Thread Interrupted waiting to refresh disk information: sleep interrupted
2019-08-20 20:12:01,268 [refreshUsed-/workdir/hadoop-ozone/integration-test/target/test-dir/MiniOzoneClusterImpl-ccd8292b-f2d4-4ee8-aecb-a8ad671d8231/datanode-0/data/containers] WARN  fs.CachingGetSpaceUsed (CachingGetSpaceUsed.java:run(183)) - Thread Interrupted waiting to refresh disk information: sleep interrupted
2019-08-20 20:12:01,293 [ForkJoinPool.commonPool-worker-0] INFO  statemachine.DatanodeStateMachine (DatanodeStateMachine.java:stopDaemon(395)) - Ozone container server stopped.
2019-08-20 20:12:01,294 [main] INFO  statemachine.DatanodeStateMachine (DatanodeStateMachine.java:stopDaemon(395)) - Ozone container server stopped.
2019-08-20 20:12:01,300 [main] INFO  handler.ContextHandler (ContextHandler.java:doStop(910)) - Stopped o.e.j.w.WebAppContext@698d6863{/,null,UNAVAILABLE}{/hddsDatanode}
2019-08-20 20:12:01,300 [ForkJoinPool.commonPool-worker-0] INFO  handler.ContextHandler (ContextHandler.java:doStop(910)) - Stopped o.e.j.w.WebAppContext@7adefda5{/,null,UNAVAILABLE}{/hddsDatanode}
2019-08-20 20:12:01,301 [main] INFO  server.AbstractConnector (AbstractConnector.java:doStop(318)) - Stopped ServerConnector@4bbe1ccc{HTTP/1.1,[http/1.1]}{0.0.0.0:46882}
2019-08-20 20:12:01,301 [ForkJoinPool.commonPool-worker-0] INFO  server.AbstractConnector (AbstractConnector.java:doStop(318)) - Stopped ServerConnector@51289513{HTTP/1.1,[http/1.1]}{0.0.0.0:37371}
2019-08-20 20:12:01,302 [main] INFO  handler.ContextHandler (ContextHandler.java:doStop(910)) - Stopped o.e.j.s.ServletContextHandler@6ebb8845{/static,jar:file:/home/user/.m2/repository/org/apache/hadoop/hadoop-hdds-container-service/0.5.0-SNAPSHOT/hadoop-hdds-container-service-0.5.0-SNAPSHOT.jar!/webapps/static,UNAVAILABLE}
2019-08-20 20:12:01,303 [ForkJoinPool.commonPool-worker-0] INFO  handler.ContextHandler (ContextHandler.java:doStop(910)) - Stopped o.e.j.s.ServletContextHandler@48cb4e37{/static,jar:file:/home/user/.m2/repository/org/apache/hadoop/hadoop-hdds-container-service/0.5.0-SNAPSHOT/hadoop-hdds-container-service-0.5.0-SNAPSHOT.jar!/webapps/static,UNAVAILABLE}
2019-08-20 20:12:01,305 [main] INFO  handler.ContextHandler (ContextHandler.java:doStop(910)) - Stopped o.e.j.s.ServletContextHandler@47216059{/logs,file:///workdir/hadoop-ozone/integration-test/target/log,UNAVAILABLE}
2019-08-20 20:12:01,306 [ForkJoinPool.commonPool-worker-0] INFO  handler.ContextHandler (ContextHandler.java:doStop(910)) - Stopped o.e.j.s.ServletContextHandler@75be2ab4{/logs,file:///workdir/hadoop-ozone/integration-test/target/log,UNAVAILABLE}
2019-08-20 20:12:01,307 [main] INFO  datanode.ObjectStoreHandler (ObjectStoreHandler.java:close(155)) - Closing ObjectStoreHandler.
2019-08-20 20:12:01,308 [main] INFO  ozone.HddsDatanodeService (HddsDatanodeService.java:stop(451)) - Stopped plug-in org.apache.hadoop.ozone.web.OzoneHddsDatanodeService@19be30f1
2019-08-20 20:12:01,315 [Datanode State Machine Thread - 0] INFO  statemachine.DatanodeStateMachine (DatanodeStateMachine.java:lambda$startDaemon$0(350)) - Ozone container server started.
2019-08-20 20:12:03,514 [Thread-604] INFO  impl.FollowerState (FollowerState.java:run(106)) - 9c9e885b-70a3-4219-a375-4b42d50f0932:group-6EB72035EC2C changes to CANDIDATE, lastRpcTime:5082, electionTimeout:5082ms
2019-08-20 20:12:03,515 [Thread-604] INFO  impl.RoleInfo (RoleInfo.java:shutdownFollowerState(121)) - 9c9e885b-70a3-4219-a375-4b42d50f0932: shutdown FollowerState
2019-08-20 20:12:03,515 [Thread-604] INFO  impl.RaftServerImpl (RaftServerImpl.java:setRole(171)) - 9c9e885b-70a3-4219-a375-4b42d50f0932:group-6EB72035EC2C changes role from FOLLOWER to CANDIDATE at term 0 for changeToCandidate
2019-08-20 20:12:03,515 [Thread-604] INFO  impl.RoleInfo (RoleInfo.java:updateAndGet(143)) - 9c9e885b-70a3-4219-a375-4b42d50f0932: start LeaderElection
2019-08-20 20:12:03,544 [9c9e885b-70a3-4219-a375-4b42d50f0932:group-6EB72035EC2C:LeaderElection16] INFO  impl.LeaderElection (LeaderElection.java:askForVotes(181)) - 9c9e885b-70a3-4219-a375-4b42d50f0932:group-6EB72035EC2C:LeaderElection16: begin an election at term 1 for -1: [9c9e885b-70a3-4219-a375-4b42d50f0932:192.168.69.105:40714], old=null
2019-08-20 20:12:03,545 [9c9e885b-70a3-4219-a375-4b42d50f0932:group-6EB72035EC2C:LeaderElection16] INFO  impl.RoleInfo (RoleInfo.java:shutdownLeaderElection(134)) - 9c9e885b-70a3-4219-a375-4b42d50f0932: shutdown LeaderElection
2019-08-20 20:12:03,545 [9c9e885b-70a3-4219-a375-4b42d50f0932:group-6EB72035EC2C:LeaderElection16] INFO  impl.RaftServerImpl (RaftServerImpl.java:setRole(171)) - 9c9e885b-70a3-4219-a375-4b42d50f0932:group-6EB72035EC2C changes role from CANDIDATE to LEADER at term 1 for changeToLeader
2019-08-20 20:12:03,545 [9c9e885b-70a3-4219-a375-4b42d50f0932:group-6EB72035EC2C:LeaderElection16] INFO  impl.RaftServerImpl (ServerState.java:setLeader(263)) - 9c9e885b-70a3-4219-a375-4b42d50f0932:group-6EB72035EC2C change Leader from null to 9c9e885b-70a3-4219-a375-4b42d50f0932 at term 1 for becomeLeader, leader elected after 5117ms
2019-08-20 20:12:03,545 [9c9e885b-70a3-4219-a375-4b42d50f0932:group-6EB72035EC2C:LeaderElection16] INFO  server.RaftServerConfigKeys (ConfUtils.java:logGet(43)) - raft.server.staging.catchup.gap = 1000 (default)
2019-08-20 20:12:03,545 [9c9e885b-70a3-4219-a375-4b42d50f0932:group-6EB72035EC2C:LeaderElection16] INFO  server.RaftServerConfigKeys (ConfUtils.java:logGet(43)) - raft.server.rpc.sleep.time = 25ms (default)
2019-08-20 20:12:03,546 [9c9e885b-70a3-4219-a375-4b42d50f0932:group-6EB72035EC2C:LeaderElection16] INFO  server.RaftServerConfigKeys (ConfUtils.java:logGet(43)) - raft.server.write.element-limit = 4096 (default)
2019-08-20 20:12:03,546 [9c9e885b-70a3-4219-a375-4b42d50f0932:group-6EB72035EC2C:LeaderElection16] INFO  server.RaftServerConfigKeys (ConfUtils.java:logGet(43)) - raft.server.watch.timeout = 10s (default)
2019-08-20 20:12:03,546 [9c9e885b-70a3-4219-a375-4b42d50f0932:group-6EB72035EC2C:LeaderElection16] INFO  server.RaftServerConfigKeys (ConfUtils.java:logGet(43)) - raft.server.watch.timeout.denomination = 1s (default)
2019-08-20 20:12:03,546 [9c9e885b-70a3-4219-a375-4b42d50f0932:group-6EB72035EC2C:LeaderElection16] INFO  server.RaftServerConfigKeys (ConfUtils.java:logGet(43)) - raft.server.watch.element-limit = 65536 (default)
2019-08-20 20:12:03,547 [9c9e885b-70a3-4219-a375-4b42d50f0932:group-6EB72035EC2C:LeaderElection16] INFO  impl.RoleInfo (RoleInfo.java:updateAndGet(143)) - 9c9e885b-70a3-4219-a375-4b42d50f0932: start LeaderState
2019-08-20 20:12:03,547 [9c9e885b-70a3-4219-a375-4b42d50f0932:group-6EB72035EC2C:LeaderElection16] INFO  segmented.SegmentedRaftLogWorker (SegmentedRaftLogWorker.java:startLogSegment(380)) - 9c9e885b-70a3-4219-a375-4b42d50f0932-SegmentedRaftLogWorker:Storage Directory /workdir/hadoop-ozone/integration-test/target/test-dir/MiniOzoneClusterImpl-ccd8292b-f2d4-4ee8-aecb-a8ad671d8231/datanode-2/data/ratis/9a156e57-920e-4d20-816a-6eb72035ec2c: Starting segment from index:0
2019-08-20 20:12:03,548 [9c9e885b-70a3-4219-a375-4b42d50f0932:group-6EB72035EC2C:LeaderElection16] INFO  impl.RaftServerImpl (ServerState.java:setRaftConf(361)) - 9c9e885b-70a3-4219-a375-4b42d50f0932:group-6EB72035EC2C set configuration 0: [9c9e885b-70a3-4219-a375-4b42d50f0932:192.168.69.105:40714], old=null at 0
2019-08-20 20:12:03,611 [9c9e885b-70a3-4219-a375-4b42d50f0932-SegmentedRaftLogWorker:Storage Directory /workdir/hadoop-ozone/integration-test/target/test-dir/MiniOzoneClusterImpl-ccd8292b-f2d4-4ee8-aecb-a8ad671d8231/datanode-2/data/ratis/9a156e57-920e-4d20-816a-6eb72035ec2c] INFO  segmented.SegmentedRaftLogWorker (SegmentedRaftLogWorker.java:execute(569)) - 9c9e885b-70a3-4219-a375-4b42d50f0932-SegmentedRaftLogWorker:Storage Directory /workdir/hadoop-ozone/integration-test/target/test-dir/MiniOzoneClusterImpl-ccd8292b-f2d4-4ee8-aecb-a8ad671d8231/datanode-2/data/ratis/9a156e57-920e-4d20-816a-6eb72035ec2c: created new log segment /workdir/hadoop-ozone/integration-test/target/test-dir/MiniOzoneClusterImpl-ccd8292b-f2d4-4ee8-aecb-a8ad671d8231/datanode-2/data/ratis/9a156e57-920e-4d20-816a-6eb72035ec2c/current/log_inprogress_0
2019-08-20 20:12:05,385 [EventQueue-StaleNodeForStaleNodeHandler] INFO  node.StaleNodeHandler (StaleNodeHandler.java:onMessage(58)) - Datanode 9c9e885b-70a3-4219-a375-4b42d50f0932{ip: 192.168.69.105, host: pr-hdds-165-w559s-1850982102, networkLocation: /default-rack, certSerialId: null} moved to stale state. Finalizing its pipelines [PipelineID=e91c54d3-b375-4087-b96c-26a1c0edec5c, PipelineID=9a156e57-920e-4d20-816a-6eb72035ec2c]
2019-08-20 20:12:05,386 [EventQueue-StaleNodeForStaleNodeHandler] INFO  pipeline.SCMPipelineManager (SCMPipelineManager.java:finalizeAndDestroyPipeline(309)) - destroying pipeline:Pipeline[ Id: e91c54d3-b375-4087-b96c-26a1c0edec5c, Nodes: 9c9e885b-70a3-4219-a375-4b42d50f0932{ip: 192.168.69.105, host: pr-hdds-165-w559s-1850982102, networkLocation: /default-rack, certSerialId: null}, Type:RATIS, Factor:ONE, State:CLOSED]
2019-08-20 20:12:05,386 [EventQueue-StaleNodeForStaleNodeHandler] INFO  pipeline.SCMPipelineManager (SCMPipelineManager.java:finalizeAndDestroyPipeline(309)) - destroying pipeline:Pipeline[ Id: 9a156e57-920e-4d20-816a-6eb72035ec2c, Nodes: 9c9e885b-70a3-4219-a375-4b42d50f0932{ip: 192.168.69.105, host: pr-hdds-165-w559s-1850982102, networkLocation: /default-rack, certSerialId: null}, Type:RATIS, Factor:ONE, State:OPEN]
2019-08-20 20:12:05,386 [EventQueue-StaleNodeForStaleNodeHandler] INFO  pipeline.PipelineStateManager (PipelineStateManager.java:finalizePipeline(123)) - Pipeline Pipeline[ Id: 9a156e57-920e-4d20-816a-6eb72035ec2c, Nodes: 9c9e885b-70a3-4219-a375-4b42d50f0932{ip: 192.168.69.105, host: pr-hdds-165-w559s-1850982102, networkLocation: /default-rack, certSerialId: null}, Type:RATIS, Factor:ONE, State:CLOSED] moved to CLOSED state
2019-08-20 20:12:06,309 [main] INFO  ozoneimpl.OzoneContainer (OzoneContainer.java:stop(199)) - Attempting to stop container services.
2019-08-20 20:12:06,310 [main] INFO  impl.RaftServerProxy (RaftServerProxy.java:lambda$close$4(314)) - 9c9e885b-70a3-4219-a375-4b42d50f0932: close
2019-08-20 20:12:06,311 [main] INFO  impl.RaftServerImpl (RaftServerImpl.java:lambda$shutdown$3(245)) - 9c9e885b-70a3-4219-a375-4b42d50f0932: shutdown group-26A1C0EDEC5C
2019-08-20 20:12:06,311 [ForkJoinPool.commonPool-worker-1] INFO  impl.RaftServerImpl (RaftServerImpl.java:lambda$shutdown$3(245)) - 9c9e885b-70a3-4219-a375-4b42d50f0932: shutdown group-6EB72035EC2C
2019-08-20 20:12:06,312 [main] INFO  util.JmxRegister (JmxRegister.java:unregister(73)) - Successfully un-registered JMX Bean with object name Ratis:service=RaftServer,group=group-26A1C0EDEC5C,id=9c9e885b-70a3-4219-a375-4b42d50f0932
2019-08-20 20:12:06,312 [ForkJoinPool.commonPool-worker-1] INFO  util.JmxRegister (JmxRegister.java:unregister(73)) - Successfully un-registered JMX Bean with object name Ratis:service=RaftServer,group=group-6EB72035EC2C,id=9c9e885b-70a3-4219-a375-4b42d50f0932
2019-08-20 20:12:06,312 [main] INFO  impl.RoleInfo (RoleInfo.java:shutdownLeaderState(104)) - 9c9e885b-70a3-4219-a375-4b42d50f0932: shutdown LeaderState
2019-08-20 20:12:06,312 [ForkJoinPool.commonPool-worker-1] INFO  impl.RoleInfo (RoleInfo.java:shutdownLeaderState(104)) - 9c9e885b-70a3-4219-a375-4b42d50f0932: shutdown LeaderState
2019-08-20 20:12:06,313 [main] INFO  impl.PendingRequests (PendingRequests.java:sendNotLeaderResponses(202)) - 9c9e885b-70a3-4219-a375-4b42d50f0932-PendingRequests: sendNotLeaderResponses
2019-08-20 20:12:06,313 [ForkJoinPool.commonPool-worker-1] INFO  impl.PendingRequests (PendingRequests.java:sendNotLeaderResponses(202)) - 9c9e885b-70a3-4219-a375-4b42d50f0932-PendingRequests: sendNotLeaderResponses
2019-08-20 20:12:06,317 [ForkJoinPool.commonPool-worker-1] INFO  impl.StateMachineUpdater (StateMachineUpdater.java:stopAndJoin(115)) - StateMachineUpdater:9c9e885b-70a3-4219-a375-4b42d50f0932:group-6EB72035EC2C: set stopIndex = 0
2019-08-20 20:12:06,317 [main] INFO  impl.StateMachineUpdater (StateMachineUpdater.java:stopAndJoin(115)) - StateMachineUpdater:9c9e885b-70a3-4219-a375-4b42d50f0932:group-26A1C0EDEC5C: set stopIndex = 2
2019-08-20 20:12:06,319 [ForkJoinPool.commonPool-worker-1] INFO  impl.RaftServerImpl (ServerState.java:close(394)) - 9c9e885b-70a3-4219-a375-4b42d50f0932:group-6EB72035EC2C closes. The last applied log index is 0
2019-08-20 20:12:06,320 [main] INFO  impl.RaftServerImpl (ServerState.java:close(394)) - 9c9e885b-70a3-4219-a375-4b42d50f0932:group-26A1C0EDEC5C closes. The last applied log index is 2
2019-08-20 20:12:06,320 [9c9e885b-70a3-4219-a375-4b42d50f0932-SegmentedRaftLogWorker:Storage Directory /workdir/hadoop-ozone/integration-test/target/test-dir/MiniOzoneClusterImpl-ccd8292b-f2d4-4ee8-aecb-a8ad671d8231/datanode-2/data/ratis/9a156e57-920e-4d20-816a-6eb72035ec2c] INFO  segmented.SegmentedRaftLogWorker (SegmentedRaftLogWorker.java:run(313)) - 9c9e885b-70a3-4219-a375-4b42d50f0932-SegmentedRaftLogWorker:Storage Directory /workdir/hadoop-ozone/integration-test/target/test-dir/MiniOzoneClusterImpl-ccd8292b-f2d4-4ee8-aecb-a8ad671d8231/datanode-2/data/ratis/9a156e57-920e-4d20-816a-6eb72035ec2c was interrupted, exiting. There are 0 tasks remaining in the queue.
2019-08-20 20:12:06,321 [9c9e885b-70a3-4219-a375-4b42d50f0932-SegmentedRaftLogWorker:Storage Directory /workdir/hadoop-ozone/integration-test/target/test-dir/MiniOzoneClusterImpl-ccd8292b-f2d4-4ee8-aecb-a8ad671d8231/datanode-2/data/ratis/e91c54d3-b375-4087-b96c-26a1c0edec5c] INFO  segmented.SegmentedRaftLogWorker (SegmentedRaftLogWorker.java:run(313)) - 9c9e885b-70a3-4219-a375-4b42d50f0932-SegmentedRaftLogWorker:Storage Directory /workdir/hadoop-ozone/integration-test/target/test-dir/MiniOzoneClusterImpl-ccd8292b-f2d4-4ee8-aecb-a8ad671d8231/datanode-2/data/ratis/e91c54d3-b375-4087-b96c-26a1c0edec5c was interrupted, exiting. There are 0 tasks remaining in the queue.
2019-08-20 20:12:06,322 [ForkJoinPool.commonPool-worker-1] INFO  segmented.SegmentedRaftLogWorker (SegmentedRaftLogWorker.java:close(228)) - 9c9e885b-70a3-4219-a375-4b42d50f0932-SegmentedRaftLogWorker:Storage Directory /workdir/hadoop-ozone/integration-test/target/test-dir/MiniOzoneClusterImpl-ccd8292b-f2d4-4ee8-aecb-a8ad671d8231/datanode-2/data/ratis/9a156e57-920e-4d20-816a-6eb72035ec2c close()
2019-08-20 20:12:06,322 [main] INFO  segmented.SegmentedRaftLogWorker (SegmentedRaftLogWorker.java:close(228)) - 9c9e885b-70a3-4219-a375-4b42d50f0932-SegmentedRaftLogWorker:Storage Directory /workdir/hadoop-ozone/integration-test/target/test-dir/MiniOzoneClusterImpl-ccd8292b-f2d4-4ee8-aecb-a8ad671d8231/datanode-2/data/ratis/e91c54d3-b375-4087-b96c-26a1c0edec5c close()
2019-08-20 20:12:06,324 [main] INFO  server.GrpcService (GrpcService.java:closeImpl(155)) - 9c9e885b-70a3-4219-a375-4b42d50f0932: shutdown server with port 40714 now
2019-08-20 20:12:06,325 [main] INFO  server.GrpcService (GrpcService.java:closeImpl(163)) - 9c9e885b-70a3-4219-a375-4b42d50f0932: shutdown server with port 40714 successfully
2019-08-20 20:12:06,327 [main] INFO  utils.BackgroundService (BackgroundService.java:shutdown(148)) - Shutting down service BlockDeletingService
2019-08-20 20:12:06,329 [refreshUsed-/workdir/hadoop-ozone/integration-test/target/test-dir/MiniOzoneClusterImpl-ccd8292b-f2d4-4ee8-aecb-a8ad671d8231/datanode-2/data/containers] WARN  fs.CachingGetSpaceUsed (CachingGetSpaceUsed.java:run(183)) - Thread Interrupted waiting to refresh disk information: sleep interrupted
2019-08-20 20:12:06,351 [main] INFO  statemachine.DatanodeStateMachine (DatanodeStateMachine.java:stopDaemon(395)) - Ozone container server stopped.
2019-08-20 20:12:06,356 [main] INFO  handler.ContextHandler (ContextHandler.java:doStop(910)) - Stopped o.e.j.w.WebAppContext@492b39f6{/,null,UNAVAILABLE}{/hddsDatanode}
2019-08-20 20:12:06,357 [main] INFO  server.AbstractConnector (AbstractConnector.java:doStop(318)) - Stopped ServerConnector@594229f1{HTTP/1.1,[http/1.1]}{0.0.0.0:34328}
2019-08-20 20:12:06,358 [main] INFO  handler.ContextHandler (ContextHandler.java:doStop(910)) - Stopped o.e.j.s.ServletContextHandler@39f8885c{/static,jar:file:/home/user/.m2/repository/org/apache/hadoop/hadoop-hdds-container-service/0.5.0-SNAPSHOT/hadoop-hdds-container-service-0.5.0-SNAPSHOT.jar!/webapps/static,UNAVAILABLE}
2019-08-20 20:12:06,359 [main] INFO  handler.ContextHandler (ContextHandler.java:doStop(910)) - Stopped o.e.j.s.ServletContextHandler@48c962f2{/logs,file:///workdir/hadoop-ozone/integration-test/target/log,UNAVAILABLE}
2019-08-20 20:12:06,360 [main] INFO  ozone.MiniOzoneClusterImpl (MiniOzoneClusterImpl.java:stop(353)) - Stopping the StorageContainerManager
2019-08-20 20:12:06,361 [main] INFO  server.StorageContainerManager (StorageContainerManager.java:stop(797)) - Stopping Replication Manager Service.
2019-08-20 20:12:06,361 [main] INFO  container.ReplicationManager (ReplicationManager.java:stop(193)) - Stopping Replication Monitor Thread.
2019-08-20 20:12:06,361 [main] INFO  server.StorageContainerManager (StorageContainerManager.java:stop(804)) - Stopping Lease Manager of the command watchers
2019-08-20 20:12:06,361 [main] INFO  server.StorageContainerManager (StorageContainerManager.java:stop(811)) - Stopping datanode service RPC server
2019-08-20 20:12:06,362 [main] INFO  server.SCMDatanodeProtocolServer (SCMDatanodeProtocolServer.java:stop(367)) - Stopping the RPC server for DataNodes
2019-08-20 20:12:06,362 [main] INFO  ipc.Server (Server.java:stop(3082)) - Stopping server on 46486
2019-08-20 20:12:06,365 [IPC Server listener on 46486] INFO  ipc.Server (Server.java:run(1185)) - Stopping IPC Server listener on 46486
2019-08-20 20:12:06,365 [IPC Server Responder] INFO  ipc.Server (Server.java:run(1319)) - Stopping IPC Server Responder
2019-08-20 20:12:06,385 [SCM Heartbeat Processing Thread - 0] WARN  node.NodeStateManager (NodeStateManager.java:scheduleNextHealthCheck(646)) - Current Thread is interrupted, shutting down HB processing thread for Node Manager.
2019-08-20 20:12:06,386 [main] INFO  server.StorageContainerManager (StorageContainerManager.java:stop(819)) - Stopping block service RPC server
2019-08-20 20:12:06,386 [main] INFO  server.SCMBlockProtocolServer (SCMBlockProtocolServer.java:stop(148)) - Stopping the RPC server for Block Protocol
2019-08-20 20:12:06,387 [main] INFO  ipc.Server (Server.java:stop(3082)) - Stopping server on 39519
2019-08-20 20:12:06,389 [IPC Server listener on 39519] INFO  ipc.Server (Server.java:run(1185)) - Stopping IPC Server listener on 39519
2019-08-20 20:12:06,389 [main] INFO  server.StorageContainerManager (StorageContainerManager.java:stop(826)) - Stopping the StorageContainerLocationProtocol RPC server
2019-08-20 20:12:06,390 [main] INFO  server.SCMClientProtocolServer (SCMClientProtocolServer.java:stop(159)) - Stopping the RPC server for Client Protocol
2019-08-20 20:12:06,390 [IPC Server Responder] INFO  ipc.Server (Server.java:run(1319)) - Stopping IPC Server Responder
2019-08-20 20:12:06,391 [main] INFO  ipc.Server (Server.java:stop(3082)) - Stopping server on 40324
2019-08-20 20:12:06,393 [IPC Server listener on 40324] INFO  ipc.Server (Server.java:run(1185)) - Stopping IPC Server listener on 40324
2019-08-20 20:12:06,393 [main] INFO  server.StorageContainerManager (StorageContainerManager.java:stop(833)) - Stopping Storage Container Manager HTTP server.
2019-08-20 20:12:06,395 [IPC Server Responder] INFO  ipc.Server (Server.java:run(1319)) - Stopping IPC Server Responder
2019-08-20 20:12:06,396 [main] INFO  handler.ContextHandler (ContextHandler.java:doStop(910)) - Stopped o.e.j.w.WebAppContext@37d44f5e{/,null,UNAVAILABLE}{/scm}
2019-08-20 20:12:06,397 [main] INFO  server.AbstractConnector (AbstractConnector.java:doStop(318)) - Stopped ServerConnector@707ebcec{HTTP/1.1,[http/1.1]}{0.0.0.0:0}
2019-08-20 20:12:06,398 [main] INFO  handler.ContextHandler (ContextHandler.java:doStop(910)) - Stopped o.e.j.s.ServletContextHandler@4d2e7c7e{/static,file:///workdir/hadoop-ozone/integration-test/target/test-classes/webapps/static,UNAVAILABLE}
2019-08-20 20:12:06,399 [main] INFO  handler.ContextHandler (ContextHandler.java:doStop(910)) - Stopped o.e.j.s.ServletContextHandler@1a342722{/logs,file:///workdir/hadoop-ozone/integration-test/target/log,UNAVAILABLE}
2019-08-20 20:12:06,401 [main] INFO  server.StorageContainerManager (StorageContainerManager.java:stop(844)) - Stopping Block Manager Service.
2019-08-20 20:12:06,401 [main] INFO  utils.BackgroundService (BackgroundService.java:shutdown(148)) - Shutting down service SCMBlockDeletingService
2019-08-20 20:12:06,402 [main] INFO  utils.BackgroundService (BackgroundService.java:shutdown(148)) - Shutting down service SCMBlockDeletingService
2019-08-20 20:12:06,403 [main] INFO  server.StorageContainerManager (StorageContainerManager.java:stop(866)) - Stopping SCM Event Queue.
2019-08-20 20:12:06,409 [main] INFO  impl.MetricsSystemImpl (MetricsSystemImpl.java:stop(210)) - Stopping HddsDatanode metrics system...
2019-08-20 20:12:06,417 [main] INFO  impl.MetricsSystemImpl (MetricsSystemImpl.java:stop(216)) - HddsDatanode metrics system stopped.
]]></system-out>
    <system-err><![CDATA[Aug 20, 2019 8:11:30 PM com.sun.jersey.server.impl.application.WebApplicationImpl _initiate
INFO: Initiating Jersey application, version 'Jersey: 1.19 02/11/2015 03:25 AM'
Aug 20, 2019 8:11:30 PM com.sun.jersey.server.impl.application.WebApplicationImpl _initiate
INFO: Initiating Jersey application, version 'Jersey: 1.19 02/11/2015 03:25 AM'
Aug 20, 2019 8:11:31 PM com.sun.jersey.server.impl.application.WebApplicationImpl _initiate
INFO: Initiating Jersey application, version 'Jersey: 1.19 02/11/2015 03:25 AM'
Aug 20, 2019 8:11:51 PM com.sun.jersey.server.impl.application.WebApplicationImpl _initiate
INFO: Initiating Jersey application, version 'Jersey: 1.19 02/11/2015 03:25 AM'
Aug 20, 2019 8:11:51 PM com.sun.jersey.server.impl.application.WebApplicationImpl _initiate
INFO: Initiating Jersey application, version 'Jersey: 1.19 02/11/2015 03:25 AM'
Aug 20, 2019 8:11:52 PM com.sun.jersey.server.impl.application.WebApplicationImpl _initiate
INFO: Initiating Jersey application, version 'Jersey: 1.19 02/11/2015 03:25 AM'
]]></system-err>
  </testcase>
</testsuite>