<?xml version="1.0" encoding="UTF-8"?>
<testsuite xmlns:xsi="http://www.w3.org/2001/XMLSchema-instance" xsi:noNamespaceSchemaLocation="https://maven.apache.org/surefire/maven-surefire-plugin/xsd/surefire-test-report.xsd" name="org.apache.hadoop.ozone.client.rpc.TestOzoneClientRetriesOnException" time="398.068" tests="2" errors="1" skipped="0" failures="0">
  <properties>
    <property name="awt.toolkit" value="sun.awt.X11.XToolkit"/>
    <property name="file.encoding.pkg" value="sun.io"/>
    <property name="java.specification.version" value="1.8"/>
    <property name="sun.cpu.isalist" value=""/>
    <property name="sun.jnu.encoding" value="UTF-8"/>
    <property name="java.class.path" value="/workdir/hadoop-ozone/integration-test/target/test-classes:/workdir/hadoop-ozone/integration-test/target/classes:/home/user/.m2/repository/org/apache/hadoop/hadoop-ozone-common/0.5.0-SNAPSHOT/hadoop-ozone-common-0.5.0-SNAPSHOT.jar:/home/user/.m2/repository/org/apache/commons/commons-compress/1.4.1/commons-compress-1.4.1.jar:/home/user/.m2/repository/org/tukaani/xz/1.0/xz-1.0.jar:/home/user/.m2/repository/org/apache/hadoop/hadoop-common/3.2.0/hadoop-common-3.2.0.jar:/home/user/.m2/repository/org/apache/hadoop/hadoop-hdfs/3.2.0/hadoop-hdfs-3.2.0.jar:/home/user/.m2/repository/org/apache/hadoop/hadoop-hdfs-client/3.2.0/hadoop-hdfs-client-3.2.0.jar:/home/user/.m2/repository/com/fasterxml/jackson/core/jackson-annotations/2.9.5/jackson-annotations-2.9.5.jar:/home/user/.m2/repository/org/apache/hadoop/hadoop-hdds-common/0.5.0-SNAPSHOT/hadoop-hdds-common-0.5.0-SNAPSHOT.jar:/home/user/.m2/repository/javax/annotation/javax.annotation-api/1.2/javax.annotation-api-1.2.jar:/home/user/.m2/repository/org/apache/ratis/ratis-server/0.4.0-2337318-SNAPSHOT/ratis-server-0.4.0-2337318-SNAPSHOT.jar:/home/user/.m2/repository/org/apache/ratis/ratis-thirdparty-misc/0.2.0/ratis-thirdparty-misc-0.2.0.jar:/home/user/.m2/repository/org/apache/ratis/ratis-proto/0.4.0-2337318-SNAPSHOT/ratis-proto-0.4.0-2337318-SNAPSHOT.jar:/home/user/.m2/repository/org/apache/ratis/ratis-common/0.4.0-2337318-SNAPSHOT/ratis-common-0.4.0-2337318-SNAPSHOT.jar:/home/user/.m2/repository/org/apache/ratis/ratis-client/0.4.0-2337318-SNAPSHOT/ratis-client-0.4.0-2337318-SNAPSHOT.jar:/home/user/.m2/repository/org/apache/ratis/ratis-metrics/0.4.0-2337318-SNAPSHOT/ratis-metrics-0.4.0-2337318-SNAPSHOT.jar:/home/user/.m2/repository/org/apache/ratis/ratis-netty/0.4.0-2337318-SNAPSHOT/ratis-netty-0.4.0-2337318-SNAPSHOT.jar:/home/user/.m2/repository/org/apache/ratis/ratis-grpc/0.4.0-2337318-SNAPSHOT/ratis-grpc-0.4.0-2337318-SNAPSHOT.jar:/home/user/.m2/repository/org/rocksdb/rocksdbjni/6.0.1/rocksdbjni-6.0.1.jar:/home/user/.m2/repository/org/apache/logging/log4j/log4j-api/2.11.0/log4j-api-2.11.0.jar:/home/user/.m2/repository/org/apache/logging/log4j/log4j-core/2.11.0/log4j-core-2.11.0.jar:/home/user/.m2/repository/com/lmax/disruptor/3.4.2/disruptor-3.4.2.jar:/home/user/.m2/repository/org/apache/commons/commons-pool2/2.6.0/commons-pool2-2.6.0.jar:/home/user/.m2/repository/org/bouncycastle/bcpkix-jdk15on/1.60/bcpkix-jdk15on-1.60.jar:/home/user/.m2/repository/commons-validator/commons-validator/1.6/commons-validator-1.6.jar:/home/user/.m2/repository/commons-digester/commons-digester/1.8.1/commons-digester-1.8.1.jar:/home/user/.m2/repository/io/jaegertracing/jaeger-client/0.33.1/jaeger-client-0.33.1.jar:/home/user/.m2/repository/io/jaegertracing/jaeger-thrift/0.33.1/jaeger-thrift-0.33.1.jar:/home/user/.m2/repository/org/apache/thrift/libthrift/0.11.0/libthrift-0.11.0.jar:/home/user/.m2/repository/com/squareup/okhttp3/okhttp/3.9.0/okhttp-3.9.0.jar:/home/user/.m2/repository/com/squareup/okio/okio/1.13.0/okio-1.13.0.jar:/home/user/.m2/repository/io/jaegertracing/jaeger-core/0.33.1/jaeger-core-0.33.1.jar:/home/user/.m2/repository/io/jaegertracing/jaeger-tracerresolver/0.33.1/jaeger-tracerresolver-0.33.1.jar:/home/user/.m2/repository/io/opentracing/contrib/opentracing-tracerresolver/0.1.5/opentracing-tracerresolver-0.1.5.jar:/home/user/.m2/repository/io/opentracing/opentracing-util/0.31.0/opentracing-util-0.31.0.jar:/home/user/.m2/repository/io/opentracing/opentracing-api/0.31.0/opentracing-api-0.31.0.jar:/home/user/.m2/repository/io/opentracing/opentracing-noop/0.31.0/opentracing-noop-0.31.0.jar:/home/user/.m2/repository/org/apache/hadoop/hadoop-hdds-server-framework/0.5.0-SNAPSHOT/hadoop-hdds-server-framework-0.5.0-SNAPSHOT.jar:/home/user/.m2/repository/org/apache/hadoop/hadoop-hdds-container-service/0.5.0-SNAPSHOT/hadoop-hdds-container-service-0.5.0-SNAPSHOT.jar:/home/user/.m2/repository/org/apache/hadoop/hadoop-hdds-client/0.5.0-SNAPSHOT/hadoop-hdds-client-0.5.0-SNAPSHOT.jar:/home/user/.m2/repository/org/apache/hadoop/hadoop-hdds-tools/0.5.0-SNAPSHOT/hadoop-hdds-tools-0.5.0-SNAPSHOT.jar:/home/user/.m2/repository/org/apache/hadoop/hadoop-hdds-server-scm/0.5.0-SNAPSHOT/hadoop-hdds-server-scm-0.5.0-SNAPSHOT.jar:/home/user/.m2/repository/org/apache/hadoop/hadoop-hdds-docs/0.5.0-SNAPSHOT/hadoop-hdds-docs-0.5.0-SNAPSHOT.jar:/home/user/.m2/repository/io/dropwizard/metrics/metrics-core/3.2.4/metrics-core-3.2.4.jar:/home/user/.m2/repository/org/hamcrest/hamcrest-all/1.3/hamcrest-all-1.3.jar:/home/user/.m2/repository/org/bouncycastle/bcprov-jdk15on/1.60/bcprov-jdk15on-1.60.jar:/home/user/.m2/repository/info/picocli/picocli/3.9.6/picocli-3.9.6.jar:/home/user/.m2/repository/com/google/protobuf/protobuf-java/2.5.0/protobuf-java-2.5.0.jar:/home/user/.m2/repository/com/google/guava/guava/11.0.2/guava-11.0.2.jar:/home/user/.m2/repository/org/apache/hadoop/hadoop-ozone-ozone-manager/0.5.0-SNAPSHOT/hadoop-ozone-ozone-manager-0.5.0-SNAPSHOT.jar:/home/user/.m2/repository/org/apache/hadoop/hadoop-minikdc/3.2.0/hadoop-minikdc-3.2.0.jar:/home/user/.m2/repository/commons-io/commons-io/2.5/commons-io-2.5.jar:/home/user/.m2/repository/org/apache/kerby/kerb-simplekdc/1.0.1/kerb-simplekdc-1.0.1.jar:/home/user/.m2/repository/org/apache/kerby/kerb-client/1.0.1/kerb-client-1.0.1.jar:/home/user/.m2/repository/org/apache/kerby/kerby-config/1.0.1/kerby-config-1.0.1.jar:/home/user/.m2/repository/org/apache/kerby/kerb-core/1.0.1/kerb-core-1.0.1.jar:/home/user/.m2/repository/org/apache/kerby/kerby-pkix/1.0.1/kerby-pkix-1.0.1.jar:/home/user/.m2/repository/org/apache/kerby/kerby-asn1/1.0.1/kerby-asn1-1.0.1.jar:/home/user/.m2/repository/org/apache/kerby/kerby-util/1.0.1/kerby-util-1.0.1.jar:/home/user/.m2/repository/org/apache/kerby/kerb-common/1.0.1/kerb-common-1.0.1.jar:/home/user/.m2/repository/org/apache/kerby/kerb-crypto/1.0.1/kerb-crypto-1.0.1.jar:/home/user/.m2/repository/org/apache/kerby/kerb-util/1.0.1/kerb-util-1.0.1.jar:/home/user/.m2/repository/org/apache/kerby/token-provider/1.0.1/token-provider-1.0.1.jar:/home/user/.m2/repository/org/apache/kerby/kerb-admin/1.0.1/kerb-admin-1.0.1.jar:/home/user/.m2/repository/org/apache/kerby/kerb-server/1.0.1/kerb-server-1.0.1.jar:/home/user/.m2/repository/org/apache/kerby/kerb-identity/1.0.1/kerb-identity-1.0.1.jar:/home/user/.m2/repository/org/apache/kerby/kerby-xdr/1.0.1/kerby-xdr-1.0.1.jar:/home/user/.m2/repository/org/slf4j/slf4j-log4j12/1.7.25/slf4j-log4j12-1.7.25.jar:/home/user/.m2/repository/org/apache/hadoop/hadoop-ozone-objectstore-service/0.5.0-SNAPSHOT/hadoop-ozone-objectstore-service-0.5.0-SNAPSHOT.jar:/home/user/.m2/repository/org/apache/hadoop/hadoop-ozone-s3gateway/0.5.0-SNAPSHOT/hadoop-ozone-s3gateway-0.5.0-SNAPSHOT.jar:/home/user/.m2/repository/org/jboss/weld/servlet/weld-servlet/2.4.7.Final/weld-servlet-2.4.7.Final.jar:/home/user/.m2/repository/org/glassfish/jersey/containers/jersey-container-servlet-core/2.27/jersey-container-servlet-core-2.27.jar:/home/user/.m2/repository/org/glassfish/hk2/external/javax.inject/2.5.0-b42/javax.inject-2.5.0-b42.jar:/home/user/.m2/repository/org/glassfish/jersey/core/jersey-common/2.27/jersey-common-2.27.jar:/home/user/.m2/repository/org/glassfish/hk2/osgi-resource-locator/1.0.1/osgi-resource-locator-1.0.1.jar:/home/user/.m2/repository/javax/ws/rs/javax.ws.rs-api/2.1/javax.ws.rs-api-2.1.jar:/home/user/.m2/repository/org/glassfish/jersey/ext/cdi/jersey-cdi1x/2.27/jersey-cdi1x-2.27.jar:/home/user/.m2/repository/org/glassfish/jersey/inject/jersey-hk2/2.27/jersey-hk2-2.27.jar:/home/user/.m2/repository/org/glassfish/hk2/hk2-locator/2.5.0-b42/hk2-locator-2.5.0-b42.jar:/home/user/.m2/repository/org/javassist/javassist/3.22.0-CR2/javassist-3.22.0-CR2.jar:/home/user/.m2/repository/org/glassfish/hk2/hk2-api/2.5.0/hk2-api-2.5.0.jar:/home/user/.m2/repository/org/glassfish/hk2/external/jakarta.inject/2.5.0/jakarta.inject-2.5.0.jar:/home/user/.m2/repository/org/glassfish/hk2/hk2-utils/2.5.0/hk2-utils-2.5.0.jar:/home/user/.m2/repository/jakarta/annotation/jakarta.annotation-api/1.3.4/jakarta.annotation-api-1.3.4.jar:/home/user/.m2/repository/org/glassfish/hk2/external/aopalliance-repackaged/2.5.0/aopalliance-repackaged-2.5.0.jar:/home/user/.m2/repository/com/fasterxml/jackson/dataformat/jackson-dataformat-xml/2.9.0/jackson-dataformat-xml-2.9.0.jar:/home/user/.m2/repository/com/fasterxml/jackson/core/jackson-core/2.9.5/jackson-core-2.9.5.jar:/home/user/.m2/repository/com/fasterxml/jackson/module/jackson-module-jaxb-annotations/2.9.5/jackson-module-jaxb-annotations-2.9.5.jar:/home/user/.m2/repository/javax/enterprise/cdi-api/1.2/cdi-api-1.2.jar:/home/user/.m2/repository/javax/el/javax.el-api/3.0.0/javax.el-api-3.0.0.jar:/home/user/.m2/repository/javax/interceptor/javax.interceptor-api/1.2/javax.interceptor-api-1.2.jar:/home/user/.m2/repository/javax/inject/javax.inject/1/javax.inject-1.jar:/home/user/.m2/repository/com/sun/xml/bind/jaxb-impl/2.3.0.1/jaxb-impl-2.3.0.1.jar:/home/user/.m2/repository/com/sun/xml/bind/jaxb-core/2.3.0.1/jaxb-core-2.3.0.1.jar:/home/user/.m2/repository/javax/xml/bind/jaxb-api/2.3.0/jaxb-api-2.3.0.jar:/home/user/.m2/repository/javax/activation/activation/1.1.1/activation-1.1.1.jar:/home/user/.m2/repository/org/apache/hadoop/hadoop-ozone-csi/0.5.0-SNAPSHOT/hadoop-ozone-csi-0.5.0-SNAPSHOT.jar:/home/user/.m2/repository/com/google/protobuf/protobuf-java-util/3.5.1/protobuf-java-util-3.5.1.jar:/home/user/.m2/repository/org/apache/hadoop/hadoop-hdds-config/0.5.0-SNAPSHOT/hadoop-hdds-config-0.5.0-SNAPSHOT.jar:/home/user/.m2/repository/io/grpc/grpc-netty/1.17.1/grpc-netty-1.17.1.jar:/home/user/.m2/repository/io/grpc/grpc-core/1.17.1/grpc-core-1.17.1.jar:/home/user/.m2/repository/io/grpc/grpc-context/1.17.1/grpc-context-1.17.1.jar:/home/user/.m2/repository/com/google/errorprone/error_prone_annotations/2.2.0/error_prone_annotations-2.2.0.jar:/home/user/.m2/repository/org/codehaus/mojo/animal-sniffer-annotations/1.17/animal-sniffer-annotations-1.17.jar:/home/user/.m2/repository/io/opencensus/opencensus-api/0.17.0/opencensus-api-0.17.0.jar:/home/user/.m2/repository/io/opencensus/opencensus-contrib-grpc-metrics/0.17.0/opencensus-contrib-grpc-metrics-0.17.0.jar:/home/user/.m2/repository/io/netty/netty-codec-http2/4.1.30.Final/netty-codec-http2-4.1.30.Final.jar:/home/user/.m2/repository/io/netty/netty-codec-http/4.1.30.Final/netty-codec-http-4.1.30.Final.jar:/home/user/.m2/repository/io/netty/netty-codec/4.1.30.Final/netty-codec-4.1.30.Final.jar:/home/user/.m2/repository/io/netty/netty-handler/4.1.30.Final/netty-handler-4.1.30.Final.jar:/home/user/.m2/repository/io/netty/netty-handler-proxy/4.1.30.Final/netty-handler-proxy-4.1.30.Final.jar:/home/user/.m2/repository/io/netty/netty-codec-socks/4.1.30.Final/netty-codec-socks-4.1.30.Final.jar:/home/user/.m2/repository/io/netty/netty-transport-native-epoll/4.1.30.Final/netty-transport-native-epoll-4.1.30.Final.jar:/home/user/.m2/repository/io/netty/netty-common/4.1.30.Final/netty-common-4.1.30.Final.jar:/home/user/.m2/repository/io/netty/netty-buffer/4.1.30.Final/netty-buffer-4.1.30.Final.jar:/home/user/.m2/repository/io/netty/netty-transport/4.1.30.Final/netty-transport-4.1.30.Final.jar:/home/user/.m2/repository/io/netty/netty-resolver/4.1.30.Final/netty-resolver-4.1.30.Final.jar:/home/user/.m2/repository/io/netty/netty-transport-native-unix-common/4.1.30.Final/netty-transport-native-unix-common-4.1.30.Final.jar:/home/user/.m2/repository/io/grpc/grpc-protobuf/1.17.1/grpc-protobuf-1.17.1.jar:/home/user/.m2/repository/com/google/api/grpc/proto-google-common-protos/1.0.0/proto-google-common-protos-1.0.0.jar:/home/user/.m2/repository/io/grpc/grpc-protobuf-lite/1.17.1/grpc-protobuf-lite-1.17.1.jar:/home/user/.m2/repository/io/grpc/grpc-stub/1.17.1/grpc-stub-1.17.1.jar:/home/user/.m2/repository/org/apache/hadoop/hadoop-ozone-recon/0.5.0-SNAPSHOT/hadoop-ozone-recon-0.5.0-SNAPSHOT.jar:/home/user/.m2/repository/org/apache/hadoop/hadoop-ozone-reconcodegen/0.5.0-SNAPSHOT/hadoop-ozone-reconcodegen-0.5.0-SNAPSHOT.jar:/home/user/.m2/repository/com/google/inject/extensions/guice-multibindings/4.0/guice-multibindings-4.0.jar:/home/user/.m2/repository/com/google/inject/guice/4.0/guice-4.0.jar:/home/user/.m2/repository/aopalliance/aopalliance/1.0/aopalliance-1.0.jar:/home/user/.m2/repository/com/google/inject/extensions/guice-servlet/4.0/guice-servlet-4.0.jar:/home/user/.m2/repository/org/glassfish/jersey/containers/jersey-container-servlet/2.27/jersey-container-servlet-2.27.jar:/home/user/.m2/repository/org/glassfish/hk2/guice-bridge/2.5.0/guice-bridge-2.5.0.jar:/home/user/.m2/repository/org/glassfish/jersey/core/jersey-server/2.27/jersey-server-2.27.jar:/home/user/.m2/repository/org/glassfish/jersey/core/jersey-client/2.27/jersey-client-2.27.jar:/home/user/.m2/repository/org/glassfish/jersey/media/jersey-media-jaxb/2.27/jersey-media-jaxb-2.27.jar:/home/user/.m2/repository/javax/validation/validation-api/1.1.0.Final/validation-api-1.1.0.Final.jar:/home/user/.m2/repository/org/glassfish/jersey/media/jersey-media-json-jackson/2.27/jersey-media-json-jackson-2.27.jar:/home/user/.m2/repository/org/glassfish/jersey/ext/jersey-entity-filtering/2.27/jersey-entity-filtering-2.27.jar:/home/user/.m2/repository/com/google/inject/extensions/guice-assistedinject/4.0/guice-assistedinject-4.0.jar:/home/user/.m2/repository/org/jooq/jooq/3.11.10/jooq-3.11.10.jar:/home/user/.m2/repository/org/jooq/jooq-meta/3.11.10/jooq-meta-3.11.10.jar:/home/user/.m2/repository/org/jooq/jooq-codegen/3.11.10/jooq-codegen-3.11.10.jar:/home/user/.m2/repository/com/jolbox/bonecp/0.8.0.RELEASE/bonecp-0.8.0.RELEASE.jar:/home/user/.m2/repository/org/xerial/sqlite-jdbc/3.25.2/sqlite-jdbc-3.25.2.jar:/home/user/.m2/repository/org/springframework/spring-jdbc/5.1.3.RELEASE/spring-jdbc-5.1.3.RELEASE.jar:/home/user/.m2/repository/org/springframework/spring-beans/5.1.3.RELEASE/spring-beans-5.1.3.RELEASE.jar:/home/user/.m2/repository/org/springframework/spring-core/5.1.3.RELEASE/spring-core-5.1.3.RELEASE.jar:/home/user/.m2/repository/org/springframework/spring-jcl/5.1.3.RELEASE/spring-jcl-5.1.3.RELEASE.jar:/home/user/.m2/repository/org/springframework/spring-tx/5.1.3.RELEASE/spring-tx-5.1.3.RELEASE.jar:/home/user/.m2/repository/org/apache/hadoop/hadoop-ozone-client/0.5.0-SNAPSHOT/hadoop-ozone-client-0.5.0-SNAPSHOT.jar:/home/user/.m2/repository/commons-lang/commons-lang/2.6/commons-lang-2.6.jar:/home/user/.m2/repository/org/apache/hadoop/hadoop-ozone-ozone-manager/0.5.0-SNAPSHOT/hadoop-ozone-ozone-manager-0.5.0-SNAPSHOT-tests.jar:/home/user/.m2/repository/junit/junit/4.11/junit-4.11.jar:/home/user/.m2/repository/org/hamcrest/hamcrest-core/1.3/hamcrest-core-1.3.jar:/home/user/.m2/repository/org/openjdk/jmh/jmh-core/1.19/jmh-core-1.19.jar:/home/user/.m2/repository/net/sf/jopt-simple/jopt-simple/4.6/jopt-simple-4.6.jar:/home/user/.m2/repository/org/apache/commons/commons-math3/3.1.1/commons-math3-3.1.1.jar:/home/user/.m2/repository/org/openjdk/jmh/jmh-generator-annprocess/1.19/jmh-generator-annprocess-1.19.jar:/home/user/.m2/repository/org/mockito/mockito-all/1.8.5/mockito-all-1.8.5.jar:/home/user/.m2/repository/org/apache/hadoop/hadoop-kms/3.2.0/hadoop-kms-3.2.0.jar:/home/user/.m2/repository/org/apache/hadoop/hadoop-auth/3.2.0/hadoop-auth-3.2.0.jar:/home/user/.m2/repository/com/nimbusds/nimbus-jose-jwt/4.41.1/nimbus-jose-jwt-4.41.1.jar:/home/user/.m2/repository/com/github/stephenc/jcip/jcip-annotations/1.0-1/jcip-annotations-1.0-1.jar:/home/user/.m2/repository/net/minidev/json-smart/2.3/json-smart-2.3.jar:/home/user/.m2/repository/net/minidev/accessors-smart/1.2/accessors-smart-1.2.jar:/home/user/.m2/repository/org/ow2/asm/asm/5.0.4/asm-5.0.4.jar:/home/user/.m2/repository/org/apache/curator/curator-framework/2.12.0/curator-framework-2.12.0.jar:/home/user/.m2/repository/com/sun/jersey/jersey-core/1.19/jersey-core-1.19.jar:/home/user/.m2/repository/javax/ws/rs/jsr311-api/1.1.1/jsr311-api-1.1.1.jar:/home/user/.m2/repository/com/sun/jersey/jersey-server/1.19/jersey-server-1.19.jar:/home/user/.m2/repository/javax/servlet/javax.servlet-api/3.1.0/javax.servlet-api-3.1.0.jar:/home/user/.m2/repository/org/eclipse/jetty/jetty-server/9.3.24.v20180605/jetty-server-9.3.24.v20180605.jar:/home/user/.m2/repository/org/eclipse/jetty/jetty-http/9.3.24.v20180605/jetty-http-9.3.24.v20180605.jar:/home/user/.m2/repository/org/eclipse/jetty/jetty-io/9.3.24.v20180605/jetty-io-9.3.24.v20180605.jar:/home/user/.m2/repository/org/eclipse/jetty/jetty-webapp/9.3.24.v20180605/jetty-webapp-9.3.24.v20180605.jar:/home/user/.m2/repository/org/eclipse/jetty/jetty-xml/9.3.24.v20180605/jetty-xml-9.3.24.v20180605.jar:/home/user/.m2/repository/log4j/log4j/1.2.17/log4j-1.2.17.jar:/home/user/.m2/repository/org/slf4j/slf4j-api/1.7.25/slf4j-api-1.7.25.jar:/home/user/.m2/repository/org/slf4j/jul-to-slf4j/1.7.25/jul-to-slf4j-1.7.25.jar:/home/user/.m2/repository/org/eclipse/jetty/jetty-util/9.3.24.v20180605/jetty-util-9.3.24.v20180605.jar:/home/user/.m2/repository/com/fasterxml/jackson/core/jackson-databind/2.9.5/jackson-databind-2.9.5.jar:/home/user/.m2/repository/org/apache/hadoop/hadoop-kms/3.2.0/hadoop-kms-3.2.0-tests.jar:/home/user/.m2/repository/org/apache/hadoop/hadoop-hdds-server-scm/0.5.0-SNAPSHOT/hadoop-hdds-server-scm-0.5.0-SNAPSHOT-tests.jar:/home/user/.m2/repository/org/apache/hadoop/hadoop-hdds-container-service/0.5.0-SNAPSHOT/hadoop-hdds-container-service-0.5.0-SNAPSHOT-tests.jar:/home/user/.m2/repository/org/yaml/snakeyaml/1.16/snakeyaml-1.16.jar:/home/user/.m2/repository/org/apache/hadoop/hadoop-common/3.2.0/hadoop-common-3.2.0-tests.jar:/home/user/.m2/repository/org/apache/hadoop/hadoop-annotations/3.2.0/hadoop-annotations-3.2.0.jar:/usr/lib/jvm/java-1.8-openjdk/jre/../lib/tools.jar:/home/user/.m2/repository/commons-cli/commons-cli/1.2/commons-cli-1.2.jar:/home/user/.m2/repository/org/apache/httpcomponents/httpclient/4.5.2/httpclient-4.5.2.jar:/home/user/.m2/repository/org/apache/httpcomponents/httpcore/4.4.4/httpcore-4.4.4.jar:/home/user/.m2/repository/commons-codec/commons-codec/1.11/commons-codec-1.11.jar:/home/user/.m2/repository/commons-net/commons-net/3.6/commons-net-3.6.jar:/home/user/.m2/repository/commons-collections/commons-collections/3.2.2/commons-collections-3.2.2.jar:/home/user/.m2/repository/org/eclipse/jetty/jetty-servlet/9.3.24.v20180605/jetty-servlet-9.3.24.v20180605.jar:/home/user/.m2/repository/org/eclipse/jetty/jetty-security/9.3.24.v20180605/jetty-security-9.3.24.v20180605.jar:/home/user/.m2/repository/javax/servlet/jsp/jsp-api/2.1/jsp-api-2.1.jar:/home/user/.m2/repository/com/sun/jersey/jersey-servlet/1.19/jersey-servlet-1.19.jar:/home/user/.m2/repository/com/sun/jersey/jersey-json/1.19/jersey-json-1.19.jar:/home/user/.m2/repository/org/codehaus/jettison/jettison/1.1/jettison-1.1.jar:/home/user/.m2/repository/org/codehaus/jackson/jackson-core-asl/1.9.13/jackson-core-asl-1.9.13.jar:/home/user/.m2/repository/org/codehaus/jackson/jackson-mapper-asl/1.9.13/jackson-mapper-asl-1.9.13.jar:/home/user/.m2/repository/org/codehaus/jackson/jackson-jaxrs/1.9.13/jackson-jaxrs-1.9.13.jar:/home/user/.m2/repository/org/codehaus/jackson/jackson-xc/1.9.13/jackson-xc-1.9.13.jar:/home/user/.m2/repository/commons-logging/commons-logging/1.1.3/commons-logging-1.1.3.jar:/home/user/.m2/repository/commons-beanutils/commons-beanutils/1.9.3/commons-beanutils-1.9.3.jar:/home/user/.m2/repository/org/apache/commons/commons-configuration2/2.1.1/commons-configuration2-2.1.1.jar:/home/user/.m2/repository/org/apache/commons/commons-lang3/3.7/commons-lang3-3.7.jar:/home/user/.m2/repository/org/apache/commons/commons-text/1.4/commons-text-1.4.jar:/home/user/.m2/repository/org/apache/avro/avro/1.7.7/avro-1.7.7.jar:/home/user/.m2/repository/com/thoughtworks/paranamer/paranamer/2.3/paranamer-2.3.jar:/home/user/.m2/repository/org/xerial/snappy/snappy-java/1.0.5/snappy-java-1.0.5.jar:/home/user/.m2/repository/com/google/re2j/re2j/1.1/re2j-1.1.jar:/home/user/.m2/repository/com/google/code/gson/gson/2.2.4/gson-2.2.4.jar:/home/user/.m2/repository/com/jcraft/jsch/0.1.54/jsch-0.1.54.jar:/home/user/.m2/repository/org/apache/curator/curator-client/2.12.0/curator-client-2.12.0.jar:/home/user/.m2/repository/org/apache/curator/curator-recipes/2.12.0/curator-recipes-2.12.0.jar:/home/user/.m2/repository/com/google/code/findbugs/jsr305/3.0.0/jsr305-3.0.0.jar:/home/user/.m2/repository/org/apache/htrace/htrace-core4/4.1.0-incubating/htrace-core4-4.1.0-incubating.jar:/home/user/.m2/repository/org/apache/zookeeper/zookeeper/3.4.13/zookeeper-3.4.13.jar:/home/user/.m2/repository/org/apache/yetus/audience-annotations/0.5.0/audience-annotations-0.5.0.jar:/home/user/.m2/repository/org/codehaus/woodstox/stax2-api/3.1.4/stax2-api-3.1.4.jar:/home/user/.m2/repository/com/fasterxml/woodstox/woodstox-core/5.0.3/woodstox-core-5.0.3.jar:/home/user/.m2/repository/dnsjava/dnsjava/2.1.7/dnsjava-2.1.7.jar:/home/user/.m2/repository/org/apache/hadoop/hadoop-hdfs/3.2.0/hadoop-hdfs-3.2.0-tests.jar:/home/user/.m2/repository/org/eclipse/jetty/jetty-util-ajax/9.3.24.v20180605/jetty-util-ajax-9.3.24.v20180605.jar:/home/user/.m2/repository/commons-daemon/commons-daemon/1.0.13/commons-daemon-1.0.13.jar:/home/user/.m2/repository/io/netty/netty/3.10.5.Final/netty-3.10.5.Final.jar:/home/user/.m2/repository/io/netty/netty-all/4.0.52.Final/netty-all-4.0.52.Final.jar:/home/user/.m2/repository/org/fusesource/leveldbjni/leveldbjni-all/1.8/leveldbjni-all-1.8.jar:"/>
    <property name="java.vm.vendor" value="IcedTea"/>
    <property name="sun.arch.data.model" value="64"/>
    <property name="test.build.dir" value="/workdir/hadoop-ozone/integration-test/target/test-dir"/>
    <property name="test.cache.data" value=""/>
    <property name="java.vendor.url" value="https://icedtea.classpath.org"/>
    <property name="user.timezone" value=""/>
    <property name="java.vm.specification.version" value="1.8"/>
    <property name="os.name" value="Linux"/>
    <property name="test.build.data" value="/workdir/hadoop-ozone/integration-test/target/test-dir"/>
    <property name="user.country" value="US"/>
    <property name="sun.java.launcher" value="SUN_STANDARD"/>
    <property name="sun.boot.library.path" value="/usr/lib/jvm/java-1.8-openjdk/jre/lib/amd64"/>
    <property name="sun.java.command" value="/workdir/hadoop-ozone/integration-test/target/surefire/surefirebooter5391774821978948121.jar /workdir/hadoop-ozone/integration-test/target/surefire 2019-08-20T18-29-11_220-jvmRun1 surefire3256006013109906836tmp surefire_376483227205305996338tmp"/>
    <property name="test" value="!TestMiniChaosOzoneCluster"/>
    <property name="surefire.test.class.path" value="/workdir/hadoop-ozone/integration-test/target/test-classes:/workdir/hadoop-ozone/integration-test/target/classes:/home/user/.m2/repository/org/apache/hadoop/hadoop-ozone-common/0.5.0-SNAPSHOT/hadoop-ozone-common-0.5.0-SNAPSHOT.jar:/home/user/.m2/repository/org/apache/commons/commons-compress/1.4.1/commons-compress-1.4.1.jar:/home/user/.m2/repository/org/tukaani/xz/1.0/xz-1.0.jar:/home/user/.m2/repository/org/apache/hadoop/hadoop-common/3.2.0/hadoop-common-3.2.0.jar:/home/user/.m2/repository/org/apache/hadoop/hadoop-hdfs/3.2.0/hadoop-hdfs-3.2.0.jar:/home/user/.m2/repository/org/apache/hadoop/hadoop-hdfs-client/3.2.0/hadoop-hdfs-client-3.2.0.jar:/home/user/.m2/repository/com/fasterxml/jackson/core/jackson-annotations/2.9.5/jackson-annotations-2.9.5.jar:/home/user/.m2/repository/org/apache/hadoop/hadoop-hdds-common/0.5.0-SNAPSHOT/hadoop-hdds-common-0.5.0-SNAPSHOT.jar:/home/user/.m2/repository/javax/annotation/javax.annotation-api/1.2/javax.annotation-api-1.2.jar:/home/user/.m2/repository/org/apache/ratis/ratis-server/0.4.0-2337318-SNAPSHOT/ratis-server-0.4.0-2337318-SNAPSHOT.jar:/home/user/.m2/repository/org/apache/ratis/ratis-thirdparty-misc/0.2.0/ratis-thirdparty-misc-0.2.0.jar:/home/user/.m2/repository/org/apache/ratis/ratis-proto/0.4.0-2337318-SNAPSHOT/ratis-proto-0.4.0-2337318-SNAPSHOT.jar:/home/user/.m2/repository/org/apache/ratis/ratis-common/0.4.0-2337318-SNAPSHOT/ratis-common-0.4.0-2337318-SNAPSHOT.jar:/home/user/.m2/repository/org/apache/ratis/ratis-client/0.4.0-2337318-SNAPSHOT/ratis-client-0.4.0-2337318-SNAPSHOT.jar:/home/user/.m2/repository/org/apache/ratis/ratis-metrics/0.4.0-2337318-SNAPSHOT/ratis-metrics-0.4.0-2337318-SNAPSHOT.jar:/home/user/.m2/repository/org/apache/ratis/ratis-netty/0.4.0-2337318-SNAPSHOT/ratis-netty-0.4.0-2337318-SNAPSHOT.jar:/home/user/.m2/repository/org/apache/ratis/ratis-grpc/0.4.0-2337318-SNAPSHOT/ratis-grpc-0.4.0-2337318-SNAPSHOT.jar:/home/user/.m2/repository/org/rocksdb/rocksdbjni/6.0.1/rocksdbjni-6.0.1.jar:/home/user/.m2/repository/org/apache/logging/log4j/log4j-api/2.11.0/log4j-api-2.11.0.jar:/home/user/.m2/repository/org/apache/logging/log4j/log4j-core/2.11.0/log4j-core-2.11.0.jar:/home/user/.m2/repository/com/lmax/disruptor/3.4.2/disruptor-3.4.2.jar:/home/user/.m2/repository/org/apache/commons/commons-pool2/2.6.0/commons-pool2-2.6.0.jar:/home/user/.m2/repository/org/bouncycastle/bcpkix-jdk15on/1.60/bcpkix-jdk15on-1.60.jar:/home/user/.m2/repository/commons-validator/commons-validator/1.6/commons-validator-1.6.jar:/home/user/.m2/repository/commons-digester/commons-digester/1.8.1/commons-digester-1.8.1.jar:/home/user/.m2/repository/io/jaegertracing/jaeger-client/0.33.1/jaeger-client-0.33.1.jar:/home/user/.m2/repository/io/jaegertracing/jaeger-thrift/0.33.1/jaeger-thrift-0.33.1.jar:/home/user/.m2/repository/org/apache/thrift/libthrift/0.11.0/libthrift-0.11.0.jar:/home/user/.m2/repository/com/squareup/okhttp3/okhttp/3.9.0/okhttp-3.9.0.jar:/home/user/.m2/repository/com/squareup/okio/okio/1.13.0/okio-1.13.0.jar:/home/user/.m2/repository/io/jaegertracing/jaeger-core/0.33.1/jaeger-core-0.33.1.jar:/home/user/.m2/repository/io/jaegertracing/jaeger-tracerresolver/0.33.1/jaeger-tracerresolver-0.33.1.jar:/home/user/.m2/repository/io/opentracing/contrib/opentracing-tracerresolver/0.1.5/opentracing-tracerresolver-0.1.5.jar:/home/user/.m2/repository/io/opentracing/opentracing-util/0.31.0/opentracing-util-0.31.0.jar:/home/user/.m2/repository/io/opentracing/opentracing-api/0.31.0/opentracing-api-0.31.0.jar:/home/user/.m2/repository/io/opentracing/opentracing-noop/0.31.0/opentracing-noop-0.31.0.jar:/home/user/.m2/repository/org/apache/hadoop/hadoop-hdds-server-framework/0.5.0-SNAPSHOT/hadoop-hdds-server-framework-0.5.0-SNAPSHOT.jar:/home/user/.m2/repository/org/apache/hadoop/hadoop-hdds-container-service/0.5.0-SNAPSHOT/hadoop-hdds-container-service-0.5.0-SNAPSHOT.jar:/home/user/.m2/repository/org/apache/hadoop/hadoop-hdds-client/0.5.0-SNAPSHOT/hadoop-hdds-client-0.5.0-SNAPSHOT.jar:/home/user/.m2/repository/org/apache/hadoop/hadoop-hdds-tools/0.5.0-SNAPSHOT/hadoop-hdds-tools-0.5.0-SNAPSHOT.jar:/home/user/.m2/repository/org/apache/hadoop/hadoop-hdds-server-scm/0.5.0-SNAPSHOT/hadoop-hdds-server-scm-0.5.0-SNAPSHOT.jar:/home/user/.m2/repository/org/apache/hadoop/hadoop-hdds-docs/0.5.0-SNAPSHOT/hadoop-hdds-docs-0.5.0-SNAPSHOT.jar:/home/user/.m2/repository/io/dropwizard/metrics/metrics-core/3.2.4/metrics-core-3.2.4.jar:/home/user/.m2/repository/org/hamcrest/hamcrest-all/1.3/hamcrest-all-1.3.jar:/home/user/.m2/repository/org/bouncycastle/bcprov-jdk15on/1.60/bcprov-jdk15on-1.60.jar:/home/user/.m2/repository/info/picocli/picocli/3.9.6/picocli-3.9.6.jar:/home/user/.m2/repository/com/google/protobuf/protobuf-java/2.5.0/protobuf-java-2.5.0.jar:/home/user/.m2/repository/com/google/guava/guava/11.0.2/guava-11.0.2.jar:/home/user/.m2/repository/org/apache/hadoop/hadoop-ozone-ozone-manager/0.5.0-SNAPSHOT/hadoop-ozone-ozone-manager-0.5.0-SNAPSHOT.jar:/home/user/.m2/repository/org/apache/hadoop/hadoop-minikdc/3.2.0/hadoop-minikdc-3.2.0.jar:/home/user/.m2/repository/commons-io/commons-io/2.5/commons-io-2.5.jar:/home/user/.m2/repository/org/apache/kerby/kerb-simplekdc/1.0.1/kerb-simplekdc-1.0.1.jar:/home/user/.m2/repository/org/apache/kerby/kerb-client/1.0.1/kerb-client-1.0.1.jar:/home/user/.m2/repository/org/apache/kerby/kerby-config/1.0.1/kerby-config-1.0.1.jar:/home/user/.m2/repository/org/apache/kerby/kerb-core/1.0.1/kerb-core-1.0.1.jar:/home/user/.m2/repository/org/apache/kerby/kerby-pkix/1.0.1/kerby-pkix-1.0.1.jar:/home/user/.m2/repository/org/apache/kerby/kerby-asn1/1.0.1/kerby-asn1-1.0.1.jar:/home/user/.m2/repository/org/apache/kerby/kerby-util/1.0.1/kerby-util-1.0.1.jar:/home/user/.m2/repository/org/apache/kerby/kerb-common/1.0.1/kerb-common-1.0.1.jar:/home/user/.m2/repository/org/apache/kerby/kerb-crypto/1.0.1/kerb-crypto-1.0.1.jar:/home/user/.m2/repository/org/apache/kerby/kerb-util/1.0.1/kerb-util-1.0.1.jar:/home/user/.m2/repository/org/apache/kerby/token-provider/1.0.1/token-provider-1.0.1.jar:/home/user/.m2/repository/org/apache/kerby/kerb-admin/1.0.1/kerb-admin-1.0.1.jar:/home/user/.m2/repository/org/apache/kerby/kerb-server/1.0.1/kerb-server-1.0.1.jar:/home/user/.m2/repository/org/apache/kerby/kerb-identity/1.0.1/kerb-identity-1.0.1.jar:/home/user/.m2/repository/org/apache/kerby/kerby-xdr/1.0.1/kerby-xdr-1.0.1.jar:/home/user/.m2/repository/org/slf4j/slf4j-log4j12/1.7.25/slf4j-log4j12-1.7.25.jar:/home/user/.m2/repository/org/apache/hadoop/hadoop-ozone-objectstore-service/0.5.0-SNAPSHOT/hadoop-ozone-objectstore-service-0.5.0-SNAPSHOT.jar:/home/user/.m2/repository/org/apache/hadoop/hadoop-ozone-s3gateway/0.5.0-SNAPSHOT/hadoop-ozone-s3gateway-0.5.0-SNAPSHOT.jar:/home/user/.m2/repository/org/jboss/weld/servlet/weld-servlet/2.4.7.Final/weld-servlet-2.4.7.Final.jar:/home/user/.m2/repository/org/glassfish/jersey/containers/jersey-container-servlet-core/2.27/jersey-container-servlet-core-2.27.jar:/home/user/.m2/repository/org/glassfish/hk2/external/javax.inject/2.5.0-b42/javax.inject-2.5.0-b42.jar:/home/user/.m2/repository/org/glassfish/jersey/core/jersey-common/2.27/jersey-common-2.27.jar:/home/user/.m2/repository/org/glassfish/hk2/osgi-resource-locator/1.0.1/osgi-resource-locator-1.0.1.jar:/home/user/.m2/repository/javax/ws/rs/javax.ws.rs-api/2.1/javax.ws.rs-api-2.1.jar:/home/user/.m2/repository/org/glassfish/jersey/ext/cdi/jersey-cdi1x/2.27/jersey-cdi1x-2.27.jar:/home/user/.m2/repository/org/glassfish/jersey/inject/jersey-hk2/2.27/jersey-hk2-2.27.jar:/home/user/.m2/repository/org/glassfish/hk2/hk2-locator/2.5.0-b42/hk2-locator-2.5.0-b42.jar:/home/user/.m2/repository/org/javassist/javassist/3.22.0-CR2/javassist-3.22.0-CR2.jar:/home/user/.m2/repository/org/glassfish/hk2/hk2-api/2.5.0/hk2-api-2.5.0.jar:/home/user/.m2/repository/org/glassfish/hk2/external/jakarta.inject/2.5.0/jakarta.inject-2.5.0.jar:/home/user/.m2/repository/org/glassfish/hk2/hk2-utils/2.5.0/hk2-utils-2.5.0.jar:/home/user/.m2/repository/jakarta/annotation/jakarta.annotation-api/1.3.4/jakarta.annotation-api-1.3.4.jar:/home/user/.m2/repository/org/glassfish/hk2/external/aopalliance-repackaged/2.5.0/aopalliance-repackaged-2.5.0.jar:/home/user/.m2/repository/com/fasterxml/jackson/dataformat/jackson-dataformat-xml/2.9.0/jackson-dataformat-xml-2.9.0.jar:/home/user/.m2/repository/com/fasterxml/jackson/core/jackson-core/2.9.5/jackson-core-2.9.5.jar:/home/user/.m2/repository/com/fasterxml/jackson/module/jackson-module-jaxb-annotations/2.9.5/jackson-module-jaxb-annotations-2.9.5.jar:/home/user/.m2/repository/javax/enterprise/cdi-api/1.2/cdi-api-1.2.jar:/home/user/.m2/repository/javax/el/javax.el-api/3.0.0/javax.el-api-3.0.0.jar:/home/user/.m2/repository/javax/interceptor/javax.interceptor-api/1.2/javax.interceptor-api-1.2.jar:/home/user/.m2/repository/javax/inject/javax.inject/1/javax.inject-1.jar:/home/user/.m2/repository/com/sun/xml/bind/jaxb-impl/2.3.0.1/jaxb-impl-2.3.0.1.jar:/home/user/.m2/repository/com/sun/xml/bind/jaxb-core/2.3.0.1/jaxb-core-2.3.0.1.jar:/home/user/.m2/repository/javax/xml/bind/jaxb-api/2.3.0/jaxb-api-2.3.0.jar:/home/user/.m2/repository/javax/activation/activation/1.1.1/activation-1.1.1.jar:/home/user/.m2/repository/org/apache/hadoop/hadoop-ozone-csi/0.5.0-SNAPSHOT/hadoop-ozone-csi-0.5.0-SNAPSHOT.jar:/home/user/.m2/repository/com/google/protobuf/protobuf-java-util/3.5.1/protobuf-java-util-3.5.1.jar:/home/user/.m2/repository/org/apache/hadoop/hadoop-hdds-config/0.5.0-SNAPSHOT/hadoop-hdds-config-0.5.0-SNAPSHOT.jar:/home/user/.m2/repository/io/grpc/grpc-netty/1.17.1/grpc-netty-1.17.1.jar:/home/user/.m2/repository/io/grpc/grpc-core/1.17.1/grpc-core-1.17.1.jar:/home/user/.m2/repository/io/grpc/grpc-context/1.17.1/grpc-context-1.17.1.jar:/home/user/.m2/repository/com/google/errorprone/error_prone_annotations/2.2.0/error_prone_annotations-2.2.0.jar:/home/user/.m2/repository/org/codehaus/mojo/animal-sniffer-annotations/1.17/animal-sniffer-annotations-1.17.jar:/home/user/.m2/repository/io/opencensus/opencensus-api/0.17.0/opencensus-api-0.17.0.jar:/home/user/.m2/repository/io/opencensus/opencensus-contrib-grpc-metrics/0.17.0/opencensus-contrib-grpc-metrics-0.17.0.jar:/home/user/.m2/repository/io/netty/netty-codec-http2/4.1.30.Final/netty-codec-http2-4.1.30.Final.jar:/home/user/.m2/repository/io/netty/netty-codec-http/4.1.30.Final/netty-codec-http-4.1.30.Final.jar:/home/user/.m2/repository/io/netty/netty-codec/4.1.30.Final/netty-codec-4.1.30.Final.jar:/home/user/.m2/repository/io/netty/netty-handler/4.1.30.Final/netty-handler-4.1.30.Final.jar:/home/user/.m2/repository/io/netty/netty-handler-proxy/4.1.30.Final/netty-handler-proxy-4.1.30.Final.jar:/home/user/.m2/repository/io/netty/netty-codec-socks/4.1.30.Final/netty-codec-socks-4.1.30.Final.jar:/home/user/.m2/repository/io/netty/netty-transport-native-epoll/4.1.30.Final/netty-transport-native-epoll-4.1.30.Final.jar:/home/user/.m2/repository/io/netty/netty-common/4.1.30.Final/netty-common-4.1.30.Final.jar:/home/user/.m2/repository/io/netty/netty-buffer/4.1.30.Final/netty-buffer-4.1.30.Final.jar:/home/user/.m2/repository/io/netty/netty-transport/4.1.30.Final/netty-transport-4.1.30.Final.jar:/home/user/.m2/repository/io/netty/netty-resolver/4.1.30.Final/netty-resolver-4.1.30.Final.jar:/home/user/.m2/repository/io/netty/netty-transport-native-unix-common/4.1.30.Final/netty-transport-native-unix-common-4.1.30.Final.jar:/home/user/.m2/repository/io/grpc/grpc-protobuf/1.17.1/grpc-protobuf-1.17.1.jar:/home/user/.m2/repository/com/google/api/grpc/proto-google-common-protos/1.0.0/proto-google-common-protos-1.0.0.jar:/home/user/.m2/repository/io/grpc/grpc-protobuf-lite/1.17.1/grpc-protobuf-lite-1.17.1.jar:/home/user/.m2/repository/io/grpc/grpc-stub/1.17.1/grpc-stub-1.17.1.jar:/home/user/.m2/repository/org/apache/hadoop/hadoop-ozone-recon/0.5.0-SNAPSHOT/hadoop-ozone-recon-0.5.0-SNAPSHOT.jar:/home/user/.m2/repository/org/apache/hadoop/hadoop-ozone-reconcodegen/0.5.0-SNAPSHOT/hadoop-ozone-reconcodegen-0.5.0-SNAPSHOT.jar:/home/user/.m2/repository/com/google/inject/extensions/guice-multibindings/4.0/guice-multibindings-4.0.jar:/home/user/.m2/repository/com/google/inject/guice/4.0/guice-4.0.jar:/home/user/.m2/repository/aopalliance/aopalliance/1.0/aopalliance-1.0.jar:/home/user/.m2/repository/com/google/inject/extensions/guice-servlet/4.0/guice-servlet-4.0.jar:/home/user/.m2/repository/org/glassfish/jersey/containers/jersey-container-servlet/2.27/jersey-container-servlet-2.27.jar:/home/user/.m2/repository/org/glassfish/hk2/guice-bridge/2.5.0/guice-bridge-2.5.0.jar:/home/user/.m2/repository/org/glassfish/jersey/core/jersey-server/2.27/jersey-server-2.27.jar:/home/user/.m2/repository/org/glassfish/jersey/core/jersey-client/2.27/jersey-client-2.27.jar:/home/user/.m2/repository/org/glassfish/jersey/media/jersey-media-jaxb/2.27/jersey-media-jaxb-2.27.jar:/home/user/.m2/repository/javax/validation/validation-api/1.1.0.Final/validation-api-1.1.0.Final.jar:/home/user/.m2/repository/org/glassfish/jersey/media/jersey-media-json-jackson/2.27/jersey-media-json-jackson-2.27.jar:/home/user/.m2/repository/org/glassfish/jersey/ext/jersey-entity-filtering/2.27/jersey-entity-filtering-2.27.jar:/home/user/.m2/repository/com/google/inject/extensions/guice-assistedinject/4.0/guice-assistedinject-4.0.jar:/home/user/.m2/repository/org/jooq/jooq/3.11.10/jooq-3.11.10.jar:/home/user/.m2/repository/org/jooq/jooq-meta/3.11.10/jooq-meta-3.11.10.jar:/home/user/.m2/repository/org/jooq/jooq-codegen/3.11.10/jooq-codegen-3.11.10.jar:/home/user/.m2/repository/com/jolbox/bonecp/0.8.0.RELEASE/bonecp-0.8.0.RELEASE.jar:/home/user/.m2/repository/org/xerial/sqlite-jdbc/3.25.2/sqlite-jdbc-3.25.2.jar:/home/user/.m2/repository/org/springframework/spring-jdbc/5.1.3.RELEASE/spring-jdbc-5.1.3.RELEASE.jar:/home/user/.m2/repository/org/springframework/spring-beans/5.1.3.RELEASE/spring-beans-5.1.3.RELEASE.jar:/home/user/.m2/repository/org/springframework/spring-core/5.1.3.RELEASE/spring-core-5.1.3.RELEASE.jar:/home/user/.m2/repository/org/springframework/spring-jcl/5.1.3.RELEASE/spring-jcl-5.1.3.RELEASE.jar:/home/user/.m2/repository/org/springframework/spring-tx/5.1.3.RELEASE/spring-tx-5.1.3.RELEASE.jar:/home/user/.m2/repository/org/apache/hadoop/hadoop-ozone-client/0.5.0-SNAPSHOT/hadoop-ozone-client-0.5.0-SNAPSHOT.jar:/home/user/.m2/repository/commons-lang/commons-lang/2.6/commons-lang-2.6.jar:/home/user/.m2/repository/org/apache/hadoop/hadoop-ozone-ozone-manager/0.5.0-SNAPSHOT/hadoop-ozone-ozone-manager-0.5.0-SNAPSHOT-tests.jar:/home/user/.m2/repository/junit/junit/4.11/junit-4.11.jar:/home/user/.m2/repository/org/hamcrest/hamcrest-core/1.3/hamcrest-core-1.3.jar:/home/user/.m2/repository/org/openjdk/jmh/jmh-core/1.19/jmh-core-1.19.jar:/home/user/.m2/repository/net/sf/jopt-simple/jopt-simple/4.6/jopt-simple-4.6.jar:/home/user/.m2/repository/org/apache/commons/commons-math3/3.1.1/commons-math3-3.1.1.jar:/home/user/.m2/repository/org/openjdk/jmh/jmh-generator-annprocess/1.19/jmh-generator-annprocess-1.19.jar:/home/user/.m2/repository/org/mockito/mockito-all/1.8.5/mockito-all-1.8.5.jar:/home/user/.m2/repository/org/apache/hadoop/hadoop-kms/3.2.0/hadoop-kms-3.2.0.jar:/home/user/.m2/repository/org/apache/hadoop/hadoop-auth/3.2.0/hadoop-auth-3.2.0.jar:/home/user/.m2/repository/com/nimbusds/nimbus-jose-jwt/4.41.1/nimbus-jose-jwt-4.41.1.jar:/home/user/.m2/repository/com/github/stephenc/jcip/jcip-annotations/1.0-1/jcip-annotations-1.0-1.jar:/home/user/.m2/repository/net/minidev/json-smart/2.3/json-smart-2.3.jar:/home/user/.m2/repository/net/minidev/accessors-smart/1.2/accessors-smart-1.2.jar:/home/user/.m2/repository/org/ow2/asm/asm/5.0.4/asm-5.0.4.jar:/home/user/.m2/repository/org/apache/curator/curator-framework/2.12.0/curator-framework-2.12.0.jar:/home/user/.m2/repository/com/sun/jersey/jersey-core/1.19/jersey-core-1.19.jar:/home/user/.m2/repository/javax/ws/rs/jsr311-api/1.1.1/jsr311-api-1.1.1.jar:/home/user/.m2/repository/com/sun/jersey/jersey-server/1.19/jersey-server-1.19.jar:/home/user/.m2/repository/javax/servlet/javax.servlet-api/3.1.0/javax.servlet-api-3.1.0.jar:/home/user/.m2/repository/org/eclipse/jetty/jetty-server/9.3.24.v20180605/jetty-server-9.3.24.v20180605.jar:/home/user/.m2/repository/org/eclipse/jetty/jetty-http/9.3.24.v20180605/jetty-http-9.3.24.v20180605.jar:/home/user/.m2/repository/org/eclipse/jetty/jetty-io/9.3.24.v20180605/jetty-io-9.3.24.v20180605.jar:/home/user/.m2/repository/org/eclipse/jetty/jetty-webapp/9.3.24.v20180605/jetty-webapp-9.3.24.v20180605.jar:/home/user/.m2/repository/org/eclipse/jetty/jetty-xml/9.3.24.v20180605/jetty-xml-9.3.24.v20180605.jar:/home/user/.m2/repository/log4j/log4j/1.2.17/log4j-1.2.17.jar:/home/user/.m2/repository/org/slf4j/slf4j-api/1.7.25/slf4j-api-1.7.25.jar:/home/user/.m2/repository/org/slf4j/jul-to-slf4j/1.7.25/jul-to-slf4j-1.7.25.jar:/home/user/.m2/repository/org/eclipse/jetty/jetty-util/9.3.24.v20180605/jetty-util-9.3.24.v20180605.jar:/home/user/.m2/repository/com/fasterxml/jackson/core/jackson-databind/2.9.5/jackson-databind-2.9.5.jar:/home/user/.m2/repository/org/apache/hadoop/hadoop-kms/3.2.0/hadoop-kms-3.2.0-tests.jar:/home/user/.m2/repository/org/apache/hadoop/hadoop-hdds-server-scm/0.5.0-SNAPSHOT/hadoop-hdds-server-scm-0.5.0-SNAPSHOT-tests.jar:/home/user/.m2/repository/org/apache/hadoop/hadoop-hdds-container-service/0.5.0-SNAPSHOT/hadoop-hdds-container-service-0.5.0-SNAPSHOT-tests.jar:/home/user/.m2/repository/org/yaml/snakeyaml/1.16/snakeyaml-1.16.jar:/home/user/.m2/repository/org/apache/hadoop/hadoop-common/3.2.0/hadoop-common-3.2.0-tests.jar:/home/user/.m2/repository/org/apache/hadoop/hadoop-annotations/3.2.0/hadoop-annotations-3.2.0.jar:/usr/lib/jvm/java-1.8-openjdk/jre/../lib/tools.jar:/home/user/.m2/repository/commons-cli/commons-cli/1.2/commons-cli-1.2.jar:/home/user/.m2/repository/org/apache/httpcomponents/httpclient/4.5.2/httpclient-4.5.2.jar:/home/user/.m2/repository/org/apache/httpcomponents/httpcore/4.4.4/httpcore-4.4.4.jar:/home/user/.m2/repository/commons-codec/commons-codec/1.11/commons-codec-1.11.jar:/home/user/.m2/repository/commons-net/commons-net/3.6/commons-net-3.6.jar:/home/user/.m2/repository/commons-collections/commons-collections/3.2.2/commons-collections-3.2.2.jar:/home/user/.m2/repository/org/eclipse/jetty/jetty-servlet/9.3.24.v20180605/jetty-servlet-9.3.24.v20180605.jar:/home/user/.m2/repository/org/eclipse/jetty/jetty-security/9.3.24.v20180605/jetty-security-9.3.24.v20180605.jar:/home/user/.m2/repository/javax/servlet/jsp/jsp-api/2.1/jsp-api-2.1.jar:/home/user/.m2/repository/com/sun/jersey/jersey-servlet/1.19/jersey-servlet-1.19.jar:/home/user/.m2/repository/com/sun/jersey/jersey-json/1.19/jersey-json-1.19.jar:/home/user/.m2/repository/org/codehaus/jettison/jettison/1.1/jettison-1.1.jar:/home/user/.m2/repository/org/codehaus/jackson/jackson-core-asl/1.9.13/jackson-core-asl-1.9.13.jar:/home/user/.m2/repository/org/codehaus/jackson/jackson-mapper-asl/1.9.13/jackson-mapper-asl-1.9.13.jar:/home/user/.m2/repository/org/codehaus/jackson/jackson-jaxrs/1.9.13/jackson-jaxrs-1.9.13.jar:/home/user/.m2/repository/org/codehaus/jackson/jackson-xc/1.9.13/jackson-xc-1.9.13.jar:/home/user/.m2/repository/commons-logging/commons-logging/1.1.3/commons-logging-1.1.3.jar:/home/user/.m2/repository/commons-beanutils/commons-beanutils/1.9.3/commons-beanutils-1.9.3.jar:/home/user/.m2/repository/org/apache/commons/commons-configuration2/2.1.1/commons-configuration2-2.1.1.jar:/home/user/.m2/repository/org/apache/commons/commons-lang3/3.7/commons-lang3-3.7.jar:/home/user/.m2/repository/org/apache/commons/commons-text/1.4/commons-text-1.4.jar:/home/user/.m2/repository/org/apache/avro/avro/1.7.7/avro-1.7.7.jar:/home/user/.m2/repository/com/thoughtworks/paranamer/paranamer/2.3/paranamer-2.3.jar:/home/user/.m2/repository/org/xerial/snappy/snappy-java/1.0.5/snappy-java-1.0.5.jar:/home/user/.m2/repository/com/google/re2j/re2j/1.1/re2j-1.1.jar:/home/user/.m2/repository/com/google/code/gson/gson/2.2.4/gson-2.2.4.jar:/home/user/.m2/repository/com/jcraft/jsch/0.1.54/jsch-0.1.54.jar:/home/user/.m2/repository/org/apache/curator/curator-client/2.12.0/curator-client-2.12.0.jar:/home/user/.m2/repository/org/apache/curator/curator-recipes/2.12.0/curator-recipes-2.12.0.jar:/home/user/.m2/repository/com/google/code/findbugs/jsr305/3.0.0/jsr305-3.0.0.jar:/home/user/.m2/repository/org/apache/htrace/htrace-core4/4.1.0-incubating/htrace-core4-4.1.0-incubating.jar:/home/user/.m2/repository/org/apache/zookeeper/zookeeper/3.4.13/zookeeper-3.4.13.jar:/home/user/.m2/repository/org/apache/yetus/audience-annotations/0.5.0/audience-annotations-0.5.0.jar:/home/user/.m2/repository/org/codehaus/woodstox/stax2-api/3.1.4/stax2-api-3.1.4.jar:/home/user/.m2/repository/com/fasterxml/woodstox/woodstox-core/5.0.3/woodstox-core-5.0.3.jar:/home/user/.m2/repository/dnsjava/dnsjava/2.1.7/dnsjava-2.1.7.jar:/home/user/.m2/repository/org/apache/hadoop/hadoop-hdfs/3.2.0/hadoop-hdfs-3.2.0-tests.jar:/home/user/.m2/repository/org/eclipse/jetty/jetty-util-ajax/9.3.24.v20180605/jetty-util-ajax-9.3.24.v20180605.jar:/home/user/.m2/repository/commons-daemon/commons-daemon/1.0.13/commons-daemon-1.0.13.jar:/home/user/.m2/repository/io/netty/netty/3.10.5.Final/netty-3.10.5.Final.jar:/home/user/.m2/repository/io/netty/netty-all/4.0.52.Final/netty-all-4.0.52.Final.jar:/home/user/.m2/repository/org/fusesource/leveldbjni/leveldbjni-all/1.8/leveldbjni-all-1.8.jar:"/>
    <property name="sun.cpu.endian" value="little"/>
    <property name="user.home" value="/home/user"/>
    <property name="user.language" value="en"/>
    <property name="java.specification.vendor" value="Oracle Corporation"/>
    <property name="java.home" value="/usr/lib/jvm/java-1.8-openjdk/jre"/>
    <property name="java.security.krb5.conf" value="/workdir/hadoop-ozone/integration-test/target/test-classes/krb5.conf"/>
    <property name="basedir" value="/workdir/hadoop-ozone/integration-test"/>
    <property name="file.separator" value="/"/>
    <property name="line.separator" value="&#10;"/>
    <property name="java.vm.specification.vendor" value="Oracle Corporation"/>
    <property name="java.specification.name" value="Java Platform API Specification"/>
    <property name="java.awt.graphicsenv" value="sun.awt.X11GraphicsEnvironment"/>
    <property name="surefire.real.class.path" value="/workdir/hadoop-ozone/integration-test/target/surefire/surefirebooter5391774821978948121.jar"/>
    <property name="hadoop.log.dir" value="/workdir/hadoop-ozone/integration-test/target/log"/>
    <property name="sun.boot.class.path" value="/usr/lib/jvm/java-1.8-openjdk/jre/lib/resources.jar:/usr/lib/jvm/java-1.8-openjdk/jre/lib/rt.jar:/usr/lib/jvm/java-1.8-openjdk/jre/lib/sunrsasign.jar:/usr/lib/jvm/java-1.8-openjdk/jre/lib/jsse.jar:/usr/lib/jvm/java-1.8-openjdk/jre/lib/jce.jar:/usr/lib/jvm/java-1.8-openjdk/jre/lib/charsets.jar:/usr/lib/jvm/java-1.8-openjdk/jre/lib/jfr.jar:/usr/lib/jvm/java-1.8-openjdk/jre/classes"/>
    <property name="sun.management.compiler" value="HotSpot 64-Bit Tiered Compilers"/>
    <property name="java.runtime.version" value="1.8.0_212-b04"/>
    <property name="java.net.preferIPv4Stack" value="true"/>
    <property name="user.name" value="jenkins1000"/>
    <property name="path.separator" value=":"/>
    <property name="java.security.egd" value="file:///dev/urandom"/>
    <property name="os.version" value="3.10.0-957.12.2.el7.x86_64"/>
    <property name="java.endorsed.dirs" value="/usr/lib/jvm/java-1.8-openjdk/jre/lib/endorsed"/>
    <property name="java.runtime.name" value="OpenJDK Runtime Environment"/>
    <property name="file.encoding" value="UTF-8"/>
    <property name="java.vm.name" value="OpenJDK 64-Bit Server VM"/>
    <property name="test.build.webapps" value=""/>
    <property name="localRepository" value="/home/user/.m2/repository"/>
    <property name="java.vendor.url.bug" value="https://icedtea.classpath.org/bugzilla"/>
    <property name="java.io.tmpdir" value="/tmp"/>
    <property name="require.test.libhadoop" value=""/>
    <property name="java.version" value="1.8.0_212"/>
    <property name="user.dir" value="/workdir/hadoop-ozone/integration-test"/>
    <property name="os.arch" value="amd64"/>
    <property name="java.vm.specification.name" value="Java Virtual Machine Specification"/>
    <property name="test.build.classes" value="/workdir/hadoop-ozone/integration-test/target/test-classes"/>
    <property name="java.awt.printerjob" value="sun.print.PSPrinterJob"/>
    <property name="sun.os.patch.level" value="unknown"/>
    <property name="hadoop.tmp.dir" value="/workdir/hadoop-ozone/integration-test/target/tmp"/>
    <property name="java.library.path" value="/usr/lib/jvm/java-1.8-openjdk/jre/lib/amd64/server:/usr/lib/jvm/java-1.8-openjdk/jre/lib/amd64:/usr/lib/jvm/java-1.8-openjdk/jre/../lib/amd64:/workdir/hadoop-ozone/integration-test/target/native/target/usr/local/lib:/workdir/hadoop-ozone/integration-test/../../hadoop-common-project/hadoop-common/target/native/target/usr/local/lib:/usr/java/packages/lib/amd64:/usr/lib64:/lib64:/lib:/usr/lib"/>
    <property name="java.vm.info" value="mixed mode"/>
    <property name="java.vendor" value="IcedTea"/>
    <property name="java.vm.version" value="25.212-b04"/>
    <property name="java.ext.dirs" value="/usr/lib/jvm/java-1.8-openjdk/jre/lib/ext:/usr/java/packages/lib/ext"/>
    <property name="sun.io.unicode.encoding" value="UnicodeLittle"/>
    <property name="java.class.version" value="52.0"/>
  </properties>
  <testcase name="testGroupMismatchExceptionHandling" classname="org.apache.hadoop.ozone.client.rpc.TestOzoneClientRetriesOnException" time="57.555"/>
  <testcase name="testMaxRetriesByOzoneClient" classname="org.apache.hadoop.ozone.client.rpc.TestOzoneClientRetriesOnException" time="340.258">
    <error message="Failed to command cmdType: CreateContainer&#10;containerID: 1&#10;datanodeUuid: &quot;16f059df-d226-4022-8e81-046858cbfecb&quot;&#10;createContainer {&#10;}&#10;" type="java.io.IOException">java.io.IOException: 
Failed to command cmdType: CreateContainer
containerID: 1
datanodeUuid: "16f059df-d226-4022-8e81-046858cbfecb"
createContainer {
}

	at org.apache.hadoop.hdds.scm.XceiverClientSpi.sendCommand(XceiverClientSpi.java:113)
	at org.apache.hadoop.ozone.client.rpc.TestOzoneClientRetriesOnException.testMaxRetriesByOzoneClient(TestOzoneClientRetriesOnException.java:190)
	at sun.reflect.NativeMethodAccessorImpl.invoke0(Native Method)
	at sun.reflect.NativeMethodAccessorImpl.invoke(NativeMethodAccessorImpl.java:62)
	at sun.reflect.DelegatingMethodAccessorImpl.invoke(DelegatingMethodAccessorImpl.java:43)
	at java.lang.reflect.Method.invoke(Method.java:498)
	at org.junit.runners.model.FrameworkMethod$1.runReflectiveCall(FrameworkMethod.java:47)
	at org.junit.internal.runners.model.ReflectiveCallable.run(ReflectiveCallable.java:12)
	at org.junit.runners.model.FrameworkMethod.invokeExplosively(FrameworkMethod.java:44)
	at org.junit.internal.runners.statements.InvokeMethod.evaluate(InvokeMethod.java:17)
	at org.junit.internal.runners.statements.RunBefores.evaluate(RunBefores.java:26)
	at org.junit.internal.runners.statements.RunAfters.evaluate(RunAfters.java:27)
	at org.junit.runners.ParentRunner.runLeaf(ParentRunner.java:271)
	at org.junit.runners.BlockJUnit4ClassRunner.runChild(BlockJUnit4ClassRunner.java:70)
	at org.junit.runners.BlockJUnit4ClassRunner.runChild(BlockJUnit4ClassRunner.java:50)
	at org.junit.runners.ParentRunner$3.run(ParentRunner.java:238)
	at org.junit.runners.ParentRunner$1.schedule(ParentRunner.java:63)
	at org.junit.runners.ParentRunner.runChildren(ParentRunner.java:236)
	at org.junit.runners.ParentRunner.access$000(ParentRunner.java:53)
	at org.junit.runners.ParentRunner$2.evaluate(ParentRunner.java:229)
	at org.junit.runners.ParentRunner.run(ParentRunner.java:309)
	at org.apache.maven.surefire.junit4.JUnit4Provider.execute(JUnit4Provider.java:365)
	at org.apache.maven.surefire.junit4.JUnit4Provider.executeWithRerun(JUnit4Provider.java:273)
	at org.apache.maven.surefire.junit4.JUnit4Provider.executeTestSet(JUnit4Provider.java:238)
	at org.apache.maven.surefire.junit4.JUnit4Provider.invoke(JUnit4Provider.java:159)
	at org.apache.maven.surefire.booter.ForkedBooter.invokeProviderInSameClassLoader(ForkedBooter.java:384)
	at org.apache.maven.surefire.booter.ForkedBooter.runSuitesInProcess(ForkedBooter.java:345)
	at org.apache.maven.surefire.booter.ForkedBooter.execute(ForkedBooter.java:126)
	at org.apache.maven.surefire.booter.ForkedBooter.main(ForkedBooter.java:418)
Caused by: java.util.concurrent.ExecutionException: org.apache.ratis.protocol.RaftRetryFailureException: Failed RaftClientRequest:client-8301E8A5B94A->91ae5334-971e-44ba-ab57-2ec2dd220942@group-782B390D3D40, cid=45, seq=4*, RW, org.apache.hadoop.hdds.scm.XceiverClientRatis$$Lambda$315/625411191@787e3557 for 180 attempts with RetryLimited(maxAttempts=180, sleepTime=1000ms)
	at java.util.concurrent.CompletableFuture.reportGet(CompletableFuture.java:357)
	at java.util.concurrent.CompletableFuture.get(CompletableFuture.java:1895)
	at org.apache.hadoop.hdds.scm.XceiverClientSpi.sendCommand(XceiverClientSpi.java:110)
	... 28 more
Caused by: org.apache.ratis.protocol.RaftRetryFailureException: Failed RaftClientRequest:client-8301E8A5B94A->91ae5334-971e-44ba-ab57-2ec2dd220942@group-782B390D3D40, cid=45, seq=4*, RW, org.apache.hadoop.hdds.scm.XceiverClientRatis$$Lambda$315/625411191@787e3557 for 180 attempts with RetryLimited(maxAttempts=180, sleepTime=1000ms)
	at org.apache.ratis.client.impl.RaftClientImpl.noMoreRetries(RaftClientImpl.java:272)
	at org.apache.ratis.client.impl.OrderedAsync.handleAsyncRetryFailure(OrderedAsync.java:138)
	at org.apache.ratis.client.impl.OrderedAsync.lambda$sendRequest$10(OrderedAsync.java:230)
	at java.util.concurrent.CompletableFuture.uniExceptionally(CompletableFuture.java:870)
	at java.util.concurrent.CompletableFuture$UniExceptionally.tryFire(CompletableFuture.java:852)
	at java.util.concurrent.CompletableFuture.postComplete(CompletableFuture.java:474)
	at java.util.concurrent.CompletableFuture.completeExceptionally(CompletableFuture.java:1977)
	at org.apache.ratis.grpc.client.GrpcClientProtocolClient$AsyncStreamObservers.completeReplyExceptionally(GrpcClientProtocolClient.java:330)
	at org.apache.ratis.grpc.client.GrpcClientProtocolClient$AsyncStreamObservers.access$000(GrpcClientProtocolClient.java:246)
	at org.apache.ratis.grpc.client.GrpcClientProtocolClient$AsyncStreamObservers$1.onNext(GrpcClientProtocolClient.java:258)
	at org.apache.ratis.grpc.client.GrpcClientProtocolClient$AsyncStreamObservers$1.onNext(GrpcClientProtocolClient.java:249)
	at org.apache.ratis.thirdparty.io.grpc.stub.ClientCalls$StreamObserverToCallListenerAdapter.onMessage(ClientCalls.java:421)
	at org.apache.ratis.thirdparty.io.grpc.ForwardingClientCallListener.onMessage(ForwardingClientCallListener.java:33)
	at org.apache.ratis.thirdparty.io.grpc.ForwardingClientCallListener.onMessage(ForwardingClientCallListener.java:33)
	at org.apache.ratis.thirdparty.io.grpc.internal.ClientCallImpl$ClientStreamListenerImpl$1MessagesAvailable.runInContext(ClientCallImpl.java:519)
	at org.apache.ratis.thirdparty.io.grpc.internal.ContextRunnable.run(ContextRunnable.java:37)
	at org.apache.ratis.thirdparty.io.grpc.internal.SerializingExecutor.run(SerializingExecutor.java:123)
	at java.util.concurrent.ThreadPoolExecutor.runWorker(ThreadPoolExecutor.java:1149)
	at java.util.concurrent.ThreadPoolExecutor$Worker.run(ThreadPoolExecutor.java:624)
	at java.lang.Thread.run(Thread.java:748)
Caused by: org.apache.ratis.protocol.NotLeaderException: Server 91ae5334-971e-44ba-ab57-2ec2dd220942 is not the leader (16f059df-d226-4022-8e81-046858cbfecb:192.168.69.105:37581). Request must be sent to leader.
	at org.apache.ratis.client.impl.ClientProtoUtils.toRaftClientReply(ClientProtoUtils.java:242)
	at org.apache.ratis.grpc.client.GrpcClientProtocolClient$AsyncStreamObservers$1.onNext(GrpcClientProtocolClient.java:254)
	... 10 more
</error>
    <system-out><![CDATA[2019-08-20 19:14:39,534 [main] WARN  server.ServerUtils (ServerUtils.java:getScmDbDir(145)) - ozone.scm.db.dirs is not configured. We recommend adding this setting. Falling back to ozone.metadata.dirs instead.
2019-08-20 19:14:39,540 [main] WARN  server.ServerUtils (ServerUtils.java:getScmDbDir(145)) - ozone.scm.db.dirs is not configured. We recommend adding this setting. Falling back to ozone.metadata.dirs instead.
2019-08-20 19:14:39,541 [main] WARN  server.ServerUtils (ServerUtils.java:getScmDbDir(145)) - ozone.scm.db.dirs is not configured. We recommend adding this setting. Falling back to ozone.metadata.dirs instead.
2019-08-20 19:14:39,541 [main] INFO  db.DBStoreBuilder (DBStoreBuilder.java:addTable(110)) - using custom profile for table: deletedBlocks
2019-08-20 19:14:39,541 [main] INFO  db.DBStoreBuilder (DBStoreBuilder.java:processTables(161)) - Using default column profile:DBProfile.DISK for Table:deletedBlocks
2019-08-20 19:14:39,542 [main] INFO  db.DBStoreBuilder (DBStoreBuilder.java:addTable(110)) - using custom profile for table: validCerts
2019-08-20 19:14:39,542 [main] INFO  db.DBStoreBuilder (DBStoreBuilder.java:processTables(161)) - Using default column profile:DBProfile.DISK for Table:validCerts
2019-08-20 19:14:39,542 [main] INFO  db.DBStoreBuilder (DBStoreBuilder.java:addTable(110)) - using custom profile for table: revokedCerts
2019-08-20 19:14:39,542 [main] INFO  db.DBStoreBuilder (DBStoreBuilder.java:processTables(161)) - Using default column profile:DBProfile.DISK for Table:revokedCerts
2019-08-20 19:14:39,543 [main] INFO  db.DBStoreBuilder (DBStoreBuilder.java:addTable(110)) - using custom profile for table: default
2019-08-20 19:14:39,543 [main] INFO  db.DBStoreBuilder (DBStoreBuilder.java:processTables(167)) - Using default column profile:DBProfile.DISK for Table:default
2019-08-20 19:14:39,543 [main] INFO  db.DBStoreBuilder (DBStoreBuilder.java:getDbProfile(198)) - Using default options. DBProfile.DISK
2019-08-20 19:14:39,720 [main] INFO  net.NodeSchemaLoader (NodeSchemaLoader.java:loadSchemaFromFile(125)) - Loading file from sun.misc.CompoundEnumeration@6e73974
2019-08-20 19:14:39,721 [main] INFO  net.NodeSchemaLoader (NodeSchemaLoader.java:loadSchema(171)) - Loading network topology layer schema file
2019-08-20 19:14:39,728 [main] WARN  server.ServerUtils (ServerUtils.java:sanitizeUserArgs(70)) - ozone.scm.stale.node.interval value = 300000 is larger than max = 100000 based on the key value of ozone.scm.heartbeat.thread.interval, reset to the max value 100000.
2019-08-20 19:14:39,728 [main] WARN  server.ServerUtils (ServerUtils.java:sanitizeUserArgs(70)) - ozone.scm.stale.node.interval value = 300000 is larger than max = 100000 based on the key value of ozone.scm.heartbeat.thread.interval, reset to the max value 100000.
2019-08-20 19:14:39,729 [main] INFO  node.SCMNodeManager (SCMNodeManager.java:<init>(121)) - Entering startup safe mode.
2019-08-20 19:14:39,730 [main] INFO  algorithms.ContainerPlacementPolicyFactory (ContainerPlacementPolicyFactory.java:getPolicy(55)) - Create container placement policy of type org.apache.hadoop.hdds.scm.container.placement.algorithms.SCMContainerPlacementRandom
2019-08-20 19:14:39,730 [main] WARN  server.ServerUtils (ServerUtils.java:getScmDbDir(145)) - ozone.scm.db.dirs is not configured. We recommend adding this setting. Falling back to ozone.metadata.dirs instead.
2019-08-20 19:14:39,811 [main] INFO  pipeline.SCMPipelineManager (SCMPipelineManager.java:initializePipelineState(126)) - No pipeline exists in current db
2019-08-20 19:14:39,812 [main] WARN  server.ServerUtils (ServerUtils.java:getScmDbDir(145)) - ozone.scm.db.dirs is not configured. We recommend adding this setting. Falling back to ozone.metadata.dirs instead.
2019-08-20 19:14:39,911 [main] WARN  events.EventQueue (EventQueue.java:fireEvent(175)) - No event handler registered for event TypedEvent{payloadType=SafeModeStatus, name='SafeModeStatus'}
2019-08-20 19:14:39,912 [main] INFO  ipc.CallQueueManager (CallQueueManager.java:<init>(84)) - Using callQueue: class java.util.concurrent.LinkedBlockingQueue, queueCapacity: 2000, scheduler: class org.apache.hadoop.ipc.DefaultRpcScheduler, ipcBackoff: false.
2019-08-20 19:14:39,913 [Socket Reader #1 for port 45411] INFO  ipc.Server (Server.java:run(1074)) - Starting Socket Reader #1 for port 45411
2019-08-20 19:14:39,915 [main] INFO  ipc.CallQueueManager (CallQueueManager.java:<init>(84)) - Using callQueue: class java.util.concurrent.LinkedBlockingQueue, queueCapacity: 2000, scheduler: class org.apache.hadoop.ipc.DefaultRpcScheduler, ipcBackoff: false.
2019-08-20 19:14:39,916 [Socket Reader #1 for port 44367] INFO  ipc.Server (Server.java:run(1074)) - Starting Socket Reader #1 for port 44367
2019-08-20 19:14:39,917 [main] INFO  ipc.CallQueueManager (CallQueueManager.java:<init>(84)) - Using callQueue: class java.util.concurrent.LinkedBlockingQueue, queueCapacity: 2000, scheduler: class org.apache.hadoop.ipc.DefaultRpcScheduler, ipcBackoff: false.
2019-08-20 19:14:39,918 [Socket Reader #1 for port 35462] INFO  ipc.Server (Server.java:run(1074)) - Starting Socket Reader #1 for port 35462
2019-08-20 19:14:39,920 [main] INFO  hdfs.DFSUtil (DFSUtil.java:httpServerTemplateForNNAndJN(1641)) - Starting Web-server for scm at: http://0.0.0.0:0
2019-08-20 19:14:39,923 [main] INFO  server.AuthenticationFilter (AuthenticationFilter.java:constructSecretProvider(240)) - Unable to initialize FileSignerSecretProvider, falling back to use random secrets.
2019-08-20 19:14:39,924 [main] WARN  http.HttpRequestLog (HttpRequestLog.java:getRequestLog(97)) - Jetty request log can only be enabled using Log4j
2019-08-20 19:14:39,927 [main] INFO  http.HttpServer2 (HttpServer2.java:addGlobalFilter(975)) - Added global filter 'safety' (class=org.apache.hadoop.http.HttpServer2$QuotingInputFilter)
2019-08-20 19:14:39,929 [main] INFO  http.HttpServer2 (HttpServer2.java:addFilter(948)) - Added filter static_user_filter (class=org.apache.hadoop.http.lib.StaticUserWebFilter$StaticUserFilter) to context scm
2019-08-20 19:14:39,929 [main] INFO  http.HttpServer2 (HttpServer2.java:addFilter(958)) - Added filter static_user_filter (class=org.apache.hadoop.http.lib.StaticUserWebFilter$StaticUserFilter) to context logs
2019-08-20 19:14:39,929 [main] INFO  http.HttpServer2 (HttpServer2.java:addFilter(958)) - Added filter static_user_filter (class=org.apache.hadoop.http.lib.StaticUserWebFilter$StaticUserFilter) to context static
2019-08-20 19:14:39,933 [main] INFO  server.StorageContainerManager (StorageContainerManager.java:start(759)) - StorageContainerLocationProtocol RPC server is listening at /0.0.0.0:35462
2019-08-20 19:14:39,935 [main] WARN  impl.MetricsConfig (MetricsConfig.java:loadFirst(134)) - Cannot locate configuration: tried hadoop-metrics2-storagecontainermanager.properties,hadoop-metrics2.properties
2019-08-20 19:14:39,937 [main] INFO  impl.MetricsSystemImpl (MetricsSystemImpl.java:startTimer(374)) - Scheduled Metric snapshot period at 10 second(s).
2019-08-20 19:14:39,937 [main] INFO  impl.MetricsSystemImpl (MetricsSystemImpl.java:start(191)) - StorageContainerManager metrics system started
2019-08-20 19:14:39,998 [main] INFO  server.SCMClientProtocolServer (SCMClientProtocolServer.java:start(151)) - RPC server for Client  is listening at /0.0.0.0:35462
2019-08-20 19:14:39,998 [IPC Server Responder] INFO  ipc.Server (Server.java:run(1314)) - IPC Server Responder: starting
2019-08-20 19:14:39,999 [IPC Server listener on 35462] INFO  ipc.Server (Server.java:run(1153)) - IPC Server listener on 35462: starting
2019-08-20 19:14:40,002 [main] INFO  server.StorageContainerManager (StorageContainerManager.java:start(769)) - ScmBlockLocationProtocol RPC server is listening at /0.0.0.0:44367
2019-08-20 19:14:40,002 [main] INFO  server.SCMBlockProtocolServer (SCMBlockProtocolServer.java:start(140)) - RPC server for Block Protocol is listening at /0.0.0.0:44367
2019-08-20 19:14:40,002 [IPC Server Responder] INFO  ipc.Server (Server.java:run(1314)) - IPC Server Responder: starting
2019-08-20 19:14:40,003 [IPC Server listener on 44367] INFO  ipc.Server (Server.java:run(1153)) - IPC Server listener on 44367: starting
2019-08-20 19:14:40,006 [main] INFO  server.StorageContainerManager (StorageContainerManager.java:start(773)) - ScmDatanodeProtocl RPC server is listening at /0.0.0.0:45411
2019-08-20 19:14:40,006 [main] INFO  server.SCMDatanodeProtocolServer (SCMDatanodeProtocolServer.java:start(191)) - RPC server for DataNodes is listening at /0.0.0.0:45411
2019-08-20 19:14:40,006 [IPC Server Responder] INFO  ipc.Server (Server.java:run(1314)) - IPC Server Responder: starting
2019-08-20 19:14:40,007 [IPC Server listener on 45411] INFO  ipc.Server (Server.java:run(1153)) - IPC Server listener on 45411: starting
2019-08-20 19:14:40,009 [main] INFO  http.HttpServer2 (HttpServer2.java:bindListener(1191)) - Jetty bound to port 36795
2019-08-20 19:14:40,010 [main] INFO  server.Server (Server.java:doStart(351)) - jetty-9.3.24.v20180605, build timestamp: 2018-06-05T17:11:56Z, git hash: 84205aa28f11a4f31f2a3b86d1bba2cc8ab69827
2019-08-20 19:14:40,012 [main] INFO  handler.ContextHandler (ContextHandler.java:doStart(781)) - Started o.e.j.s.ServletContextHandler@247bbfba{/logs,file:///workdir/hadoop-ozone/integration-test/target/log,AVAILABLE}
2019-08-20 19:14:40,012 [main] INFO  handler.ContextHandler (ContextHandler.java:doStart(781)) - Started o.e.j.s.ServletContextHandler@4eb63dc8{/static,file:///workdir/hadoop-ozone/integration-test/target/test-classes/webapps/static,AVAILABLE}
2019-08-20 19:14:40,018 [main] INFO  handler.ContextHandler (ContextHandler.java:doStart(781)) - Started o.e.j.w.WebAppContext@4751cd3{/,file:///workdir/hadoop-ozone/integration-test/target/test-classes/webapps/scm/,AVAILABLE}{/scm}
2019-08-20 19:14:40,018 [main] INFO  server.AbstractConnector (AbstractConnector.java:doStart(278)) - Started ServerConnector@64ec1459{HTTP/1.1,[http/1.1]}{0.0.0.0:36795}
2019-08-20 19:14:40,019 [main] INFO  server.Server (Server.java:doStart(419)) - Started @58634ms
2019-08-20 19:14:40,020 [main] INFO  server.BaseHttpServer (BaseHttpServer.java:updateConnectorAddress(213)) - HTTP server of SCM is listening at http://0.0.0.0:36795
2019-08-20 19:14:40,020 [main] WARN  server.ServerUtils (ServerUtils.java:getDBPath(222)) - ozone.om.db.dirs is not configured. We recommend adding this setting. Falling back to ozone.metadata.dirs instead.
2019-08-20 19:14:40,021 [org.apache.hadoop.util.JvmPauseMonitor$Monitor@4b3ad7ca] INFO  util.JvmPauseMonitor (JvmPauseMonitor.java:run(188)) - Starting JVM pause monitor
2019-08-20 19:14:40,034 [main] WARN  server.ServerUtils (ServerUtils.java:getDBPath(222)) - ozone.om.db.dirs is not configured. We recommend adding this setting. Falling back to ozone.metadata.dirs instead.
2019-08-20 19:14:40,035 [main] WARN  server.ServerUtils (ServerUtils.java:getDBPath(222)) - ozone.om.db.dirs is not configured. We recommend adding this setting. Falling back to ozone.metadata.dirs instead.
2019-08-20 19:14:40,035 [main] INFO  om.OzoneManager (OzoneManager.java:setOMNodeDetails(648)) - OM Service ID is not set. Setting it to the default ID: omServiceIdDefault
2019-08-20 19:14:40,036 [main] INFO  om.OzoneManager (OzoneManager.java:setOMNodeDetails(654)) - OM Node ID is not set. Setting it to the OmStorage's OmID: e4d65a17-55e0-4ff7-b75a-4f9443a3916a
2019-08-20 19:14:40,036 [main] INFO  om.OzoneManager (OzoneManager.java:loadOMHAConfigs(605)) - Found matching OM address with OMServiceId: null, OMNodeId: null, RPC Address: localhost:0 and Ratis port: 9872
2019-08-20 19:14:40,041 | INFO  | SCMAudit | user=jenkins1000 | ip=192.168.69.105 | op=GET_SCM_INFO null | ret=SUCCESS |  
2019-08-20 19:14:40,045 [main] WARN  server.ServerUtils (ServerUtils.java:getDBPath(222)) - ozone.om.db.dirs is not configured. We recommend adding this setting. Falling back to ozone.metadata.dirs instead.
2019-08-20 19:14:40,045 [main] INFO  db.DBStoreBuilder (DBStoreBuilder.java:addTable(110)) - using custom profile for table: userTable
2019-08-20 19:14:40,046 [main] INFO  db.DBStoreBuilder (DBStoreBuilder.java:processTables(161)) - Using default column profile:DBProfile.DISK for Table:userTable
2019-08-20 19:14:40,046 [main] INFO  db.DBStoreBuilder (DBStoreBuilder.java:addTable(110)) - using custom profile for table: volumeTable
2019-08-20 19:14:40,046 [main] INFO  db.DBStoreBuilder (DBStoreBuilder.java:processTables(161)) - Using default column profile:DBProfile.DISK for Table:volumeTable
2019-08-20 19:14:40,046 [main] INFO  db.DBStoreBuilder (DBStoreBuilder.java:addTable(110)) - using custom profile for table: bucketTable
2019-08-20 19:14:40,047 [main] INFO  db.DBStoreBuilder (DBStoreBuilder.java:processTables(161)) - Using default column profile:DBProfile.DISK for Table:bucketTable
2019-08-20 19:14:40,047 [main] INFO  db.DBStoreBuilder (DBStoreBuilder.java:addTable(110)) - using custom profile for table: keyTable
2019-08-20 19:14:40,047 [main] INFO  db.DBStoreBuilder (DBStoreBuilder.java:processTables(161)) - Using default column profile:DBProfile.DISK for Table:keyTable
2019-08-20 19:14:40,048 [main] INFO  db.DBStoreBuilder (DBStoreBuilder.java:addTable(110)) - using custom profile for table: deletedTable
2019-08-20 19:14:40,048 [main] INFO  db.DBStoreBuilder (DBStoreBuilder.java:processTables(161)) - Using default column profile:DBProfile.DISK for Table:deletedTable
2019-08-20 19:14:40,048 [main] INFO  db.DBStoreBuilder (DBStoreBuilder.java:addTable(110)) - using custom profile for table: openKeyTable
2019-08-20 19:14:40,048 [main] INFO  db.DBStoreBuilder (DBStoreBuilder.java:processTables(161)) - Using default column profile:DBProfile.DISK for Table:openKeyTable
2019-08-20 19:14:40,049 [main] INFO  db.DBStoreBuilder (DBStoreBuilder.java:addTable(110)) - using custom profile for table: s3Table
2019-08-20 19:14:40,049 [main] INFO  db.DBStoreBuilder (DBStoreBuilder.java:processTables(161)) - Using default column profile:DBProfile.DISK for Table:s3Table
2019-08-20 19:14:40,049 [main] INFO  db.DBStoreBuilder (DBStoreBuilder.java:addTable(110)) - using custom profile for table: multipartInfoTable
2019-08-20 19:14:40,050 [main] INFO  db.DBStoreBuilder (DBStoreBuilder.java:processTables(161)) - Using default column profile:DBProfile.DISK for Table:multipartInfoTable
2019-08-20 19:14:40,050 [main] INFO  db.DBStoreBuilder (DBStoreBuilder.java:addTable(110)) - using custom profile for table: dTokenTable
2019-08-20 19:14:40,050 [main] INFO  db.DBStoreBuilder (DBStoreBuilder.java:processTables(161)) - Using default column profile:DBProfile.DISK for Table:dTokenTable
2019-08-20 19:14:40,050 [main] INFO  db.DBStoreBuilder (DBStoreBuilder.java:addTable(110)) - using custom profile for table: s3SecretTable
2019-08-20 19:14:40,051 [main] INFO  db.DBStoreBuilder (DBStoreBuilder.java:processTables(161)) - Using default column profile:DBProfile.DISK for Table:s3SecretTable
2019-08-20 19:14:40,051 [main] INFO  db.DBStoreBuilder (DBStoreBuilder.java:addTable(110)) - using custom profile for table: prefixTable
2019-08-20 19:14:40,051 [main] INFO  db.DBStoreBuilder (DBStoreBuilder.java:processTables(161)) - Using default column profile:DBProfile.DISK for Table:prefixTable
2019-08-20 19:14:40,052 [main] INFO  db.DBStoreBuilder (DBStoreBuilder.java:addTable(110)) - using custom profile for table: default
2019-08-20 19:14:40,052 [main] INFO  db.DBStoreBuilder (DBStoreBuilder.java:processTables(167)) - Using default column profile:DBProfile.DISK for Table:default
2019-08-20 19:14:40,052 [main] INFO  db.DBStoreBuilder (DBStoreBuilder.java:getDbProfile(198)) - Using default options. DBProfile.DISK
2019-08-20 19:14:40,689 [main] INFO  ipc.CallQueueManager (CallQueueManager.java:<init>(84)) - Using callQueue: class java.util.concurrent.LinkedBlockingQueue, queueCapacity: 2000, scheduler: class org.apache.hadoop.ipc.DefaultRpcScheduler, ipcBackoff: false.
2019-08-20 19:14:40,690 [Socket Reader #1 for port 35593] INFO  ipc.Server (Server.java:run(1074)) - Starting Socket Reader #1 for port 35593
2019-08-20 19:14:40,704 [main] INFO  om.OzoneManager (OzoneManager.java:start(1259)) - OzoneManager RPC server is listening at localhost/127.0.0.1:35593
2019-08-20 19:14:40,704 [main] INFO  impl.MetricsSystemImpl (MetricsSystemImpl.java:init(158)) - OzoneManager metrics system started (again)
2019-08-20 19:14:40,704 [IPC Server Responder] INFO  ipc.Server (Server.java:run(1314)) - IPC Server Responder: starting
2019-08-20 19:14:40,705 [IPC Server listener on 35593] INFO  ipc.Server (Server.java:run(1153)) - IPC Server listener on 35593: starting
2019-08-20 19:14:40,710 [main] INFO  hdfs.DFSUtil (DFSUtil.java:httpServerTemplateForNNAndJN(1641)) - Starting Web-server for ozoneManager at: http://0.0.0.0:0
2019-08-20 19:14:40,712 [main] INFO  server.AuthenticationFilter (AuthenticationFilter.java:constructSecretProvider(240)) - Unable to initialize FileSignerSecretProvider, falling back to use random secrets.
2019-08-20 19:14:40,713 [main] WARN  http.HttpRequestLog (HttpRequestLog.java:getRequestLog(97)) - Jetty request log can only be enabled using Log4j
2019-08-20 19:14:40,716 [main] INFO  http.HttpServer2 (HttpServer2.java:addGlobalFilter(975)) - Added global filter 'safety' (class=org.apache.hadoop.http.HttpServer2$QuotingInputFilter)
2019-08-20 19:14:40,717 [main] INFO  http.HttpServer2 (HttpServer2.java:addFilter(948)) - Added filter static_user_filter (class=org.apache.hadoop.http.lib.StaticUserWebFilter$StaticUserFilter) to context ozoneManager
2019-08-20 19:14:40,717 [main] INFO  http.HttpServer2 (HttpServer2.java:addFilter(958)) - Added filter static_user_filter (class=org.apache.hadoop.http.lib.StaticUserWebFilter$StaticUserFilter) to context static
2019-08-20 19:14:40,717 [main] INFO  http.HttpServer2 (HttpServer2.java:addFilter(958)) - Added filter static_user_filter (class=org.apache.hadoop.http.lib.StaticUserWebFilter$StaticUserFilter) to context logs
2019-08-20 19:14:40,718 [main] INFO  http.HttpServer2 (HttpServer2.java:bindListener(1191)) - Jetty bound to port 35769
2019-08-20 19:14:40,719 [main] INFO  server.Server (Server.java:doStart(351)) - jetty-9.3.24.v20180605, build timestamp: 2018-06-05T17:11:56Z, git hash: 84205aa28f11a4f31f2a3b86d1bba2cc8ab69827
2019-08-20 19:14:40,721 [main] INFO  handler.ContextHandler (ContextHandler.java:doStart(781)) - Started o.e.j.s.ServletContextHandler@24aedcc5{/logs,file:///workdir/hadoop-ozone/integration-test/target/log,AVAILABLE}
2019-08-20 19:14:40,722 [main] INFO  handler.ContextHandler (ContextHandler.java:doStart(781)) - Started o.e.j.s.ServletContextHandler@1850f2da{/static,file:///workdir/hadoop-ozone/integration-test/target/test-classes/webapps/static,AVAILABLE}
2019-08-20 19:14:40,728 [main] INFO  handler.ContextHandler (ContextHandler.java:doStart(781)) - Started o.e.j.w.WebAppContext@7f5e6833{/,file:///workdir/hadoop-ozone/integration-test/target/test-classes/webapps/ozoneManager/,AVAILABLE}{/ozoneManager}
2019-08-20 19:14:40,729 [main] INFO  server.AbstractConnector (AbstractConnector.java:doStart(278)) - Started ServerConnector@2c674d58{HTTP/1.1,[http/1.1]}{0.0.0.0:35769}
2019-08-20 19:14:40,730 [main] INFO  server.Server (Server.java:doStart(419)) - Started @59345ms
2019-08-20 19:14:40,731 [main] INFO  server.BaseHttpServer (BaseHttpServer.java:updateConnectorAddress(213)) - HTTP server of OZONEMANAGER is listening at http://0.0.0.0:35769
2019-08-20 19:14:40,752 [main] INFO  impl.MetricsSystemImpl (MetricsSystemImpl.java:init(158)) - HddsDatanode metrics system started (again)
2019-08-20 19:14:40,754 [main] INFO  ozone.HddsDatanodeService (HddsDatanodeService.java:start(184)) - HddsDatanodeService host:pr-hdds-165-w559s-1850982102 ip:192.168.69.105
2019-08-20 19:14:40,761 [main] INFO  volume.HddsVolume (HddsVolume.java:<init>(176)) - Creating Volume: /workdir/hadoop-ozone/integration-test/target/test-dir/MiniOzoneClusterImpl-dcd12998-9865-489a-a0f8-9e63b4ee21e6/datanode-0/data/containers/hdds of  storage type : DISK and capacity : 1482555576320
2019-08-20 19:14:40,761 [main] INFO  volume.VolumeSet (VolumeSet.java:initializeVolumeSet(170)) - Added Volume : /workdir/hadoop-ozone/integration-test/target/test-dir/MiniOzoneClusterImpl-dcd12998-9865-489a-a0f8-9e63b4ee21e6/datanode-0/data/containers/hdds to VolumeSet
2019-08-20 19:14:40,761 [main] INFO  volume.ThrottledAsyncChecker (ThrottledAsyncChecker.java:schedule(140)) - Scheduling a check for org.apache.hadoop.ozone.container.common.volume.HddsVolume@20dd5870
2019-08-20 19:14:40,762 [main] INFO  volume.HddsVolumeChecker (HddsVolumeChecker.java:checkAllVolumes(203)) - Scheduled health check for volume org.apache.hadoop.ozone.container.common.volume.HddsVolume@20dd5870
2019-08-20 19:14:40,778 [main] INFO  impl.RaftServerProxy (ConfUtils.java:logGet(43)) - raft.rpc.type = GRPC (default)
2019-08-20 19:14:40,779 [main] INFO  grpc.GrpcFactory (GrpcFactory.java:checkPooledByteBufAllocatorUseCacheForAllThreads(45)) - PERFORMANCE WARNING: useCacheForAllThreads is true that may cause Netty to create a lot garbage objects and, as a result, trigger GC.
	It is recommended to disable useCacheForAllThreads by setting -Dorg.apache.ratis.thirdparty.io.netty.allocator.useCacheForAllThreads=false in command line.
2019-08-20 19:14:40,780 [main] INFO  grpc.GrpcConfigKeys$Server (ConfUtils.java:logGet(43)) - raft.grpc.server.port = 0 (default)
2019-08-20 19:14:40,780 [main] INFO  server.GrpcService (ConfUtils.java:logGet(43)) - raft.grpc.message.size.max = 33570816 (custom)
2019-08-20 19:14:40,780 [main] INFO  server.RaftServerConfigKeys (ConfUtils.java:logGet(43)) - raft.server.log.appender.buffer.byte-limit = 33554432 (custom)
2019-08-20 19:14:40,780 [main] INFO  server.GrpcService (ConfUtils.java:logGet(43)) - raft.grpc.flow.control.window = 1MB (=1048576) (default)
2019-08-20 19:14:40,781 [main] INFO  server.RaftServerConfigKeys (ConfUtils.java:logGet(43)) - raft.server.rpc.request.timeout = 3000ms (default)
2019-08-20 19:14:40,781 [main] INFO  server.RaftServerConfigKeys (ConfUtils.java:logGet(43)) - raft.server.storage.dir = [/workdir/hadoop-ozone/integration-test/target/test-dir/MiniOzoneClusterImpl-dcd12998-9865-489a-a0f8-9e63b4ee21e6/datanode-0/data/ratis] (custom)
2019-08-20 19:14:40,782 [main] INFO  replication.SimpleContainerDownloader (SimpleContainerDownloader.java:<init>(72)) - Starting container downloader service to copy containers to replicate.
2019-08-20 19:14:40,783 [main] INFO  hdfs.DFSUtil (DFSUtil.java:httpServerTemplateForNNAndJN(1641)) - Starting Web-server for hddsDatanode at: http://0.0.0.0:0
2019-08-20 19:14:40,784 [main] INFO  server.AuthenticationFilter (AuthenticationFilter.java:constructSecretProvider(240)) - Unable to initialize FileSignerSecretProvider, falling back to use random secrets.
2019-08-20 19:14:40,785 [main] WARN  http.HttpRequestLog (HttpRequestLog.java:getRequestLog(97)) - Jetty request log can only be enabled using Log4j
2019-08-20 19:14:40,786 [main] INFO  http.HttpServer2 (HttpServer2.java:addGlobalFilter(975)) - Added global filter 'safety' (class=org.apache.hadoop.http.HttpServer2$QuotingInputFilter)
2019-08-20 19:14:40,787 [main] INFO  http.HttpServer2 (HttpServer2.java:addFilter(948)) - Added filter static_user_filter (class=org.apache.hadoop.http.lib.StaticUserWebFilter$StaticUserFilter) to context hddsDatanode
2019-08-20 19:14:40,787 [main] INFO  http.HttpServer2 (HttpServer2.java:addFilter(958)) - Added filter static_user_filter (class=org.apache.hadoop.http.lib.StaticUserWebFilter$StaticUserFilter) to context logs
2019-08-20 19:14:40,787 [main] INFO  http.HttpServer2 (HttpServer2.java:addFilter(958)) - Added filter static_user_filter (class=org.apache.hadoop.http.lib.StaticUserWebFilter$StaticUserFilter) to context static
2019-08-20 19:14:40,787 [main] INFO  http.HttpServer2 (HttpServer2.java:bindListener(1191)) - Jetty bound to port 46311
2019-08-20 19:14:40,788 [main] INFO  server.Server (Server.java:doStart(351)) - jetty-9.3.24.v20180605, build timestamp: 2018-06-05T17:11:56Z, git hash: 84205aa28f11a4f31f2a3b86d1bba2cc8ab69827
2019-08-20 19:14:40,789 [main] INFO  handler.ContextHandler (ContextHandler.java:doStart(781)) - Started o.e.j.s.ServletContextHandler@2e349cf2{/logs,file:///workdir/hadoop-ozone/integration-test/target/log,AVAILABLE}
2019-08-20 19:14:40,790 [main] INFO  handler.ContextHandler (ContextHandler.java:doStart(781)) - Started o.e.j.s.ServletContextHandler@68a426c3{/static,jar:file:/home/user/.m2/repository/org/apache/hadoop/hadoop-hdds-container-service/0.5.0-SNAPSHOT/hadoop-hdds-container-service-0.5.0-SNAPSHOT.jar!/webapps/static,AVAILABLE}
2019-08-20 19:14:40,819 [main] INFO  handler.ContextHandler (ContextHandler.java:doStart(781)) - Started o.e.j.w.WebAppContext@352e5a82{/,file:///tmp/jetty-0.0.0.0-46311-hddsDatanode-_-any-2085343037094969312.dir/webapp/,AVAILABLE}{/hddsDatanode}
2019-08-20 19:14:40,819 [main] INFO  server.AbstractConnector (AbstractConnector.java:doStart(278)) - Started ServerConnector@315b5913{HTTP/1.1,[http/1.1]}{0.0.0.0:46311}
2019-08-20 19:14:40,820 [main] INFO  server.Server (Server.java:doStart(419)) - Started @59435ms
2019-08-20 19:14:40,821 [main] INFO  server.BaseHttpServer (BaseHttpServer.java:updateConnectorAddress(213)) - HTTP server of HDDSDATANODE is listening at http://0.0.0.0:46311
2019-08-20 19:14:40,955 | INFO  | ObjectStoreRestHttpServer | Listening HDDS REST traffic on /0.0.0.0:36286 |  
2019-08-20 19:14:40,955 [main] INFO  ozone.HddsDatanodeService (HddsDatanodeService.java:startPlugins(395)) - Started plug-in org.apache.hadoop.ozone.web.OzoneHddsDatanodeService@194224ca
2019-08-20 19:14:40,955 [main] INFO  impl.MetricsSystemImpl (MetricsSystemImpl.java:init(158)) - HddsDatanode metrics system started (again)
2019-08-20 19:14:40,958 [org.apache.hadoop.util.JvmPauseMonitor$Monitor@2c7de637] INFO  util.JvmPauseMonitor (JvmPauseMonitor.java:run(188)) - Starting JVM pause monitor
2019-08-20 19:14:40,959 [main] INFO  ozone.HddsDatanodeService (HddsDatanodeService.java:start(184)) - HddsDatanodeService host:pr-hdds-165-w559s-1850982102 ip:192.168.69.105
2019-08-20 19:14:40,961 [Datanode State Machine Thread - 0] INFO  datanode.InitDatanodeState (InitDatanodeState.java:persistContainerDatanodeDetails(140)) - DatanodeDetails is persisted to /workdir/hadoop-ozone/integration-test/target/test-dir/MiniOzoneClusterImpl-dcd12998-9865-489a-a0f8-9e63b4ee21e6/datanode-0/meta/datanode.id
2019-08-20 19:14:40,966 [main] INFO  volume.HddsVolume (HddsVolume.java:<init>(176)) - Creating Volume: /workdir/hadoop-ozone/integration-test/target/test-dir/MiniOzoneClusterImpl-dcd12998-9865-489a-a0f8-9e63b4ee21e6/datanode-1/data/containers/hdds of  storage type : DISK and capacity : 1482555576320
2019-08-20 19:14:40,966 [main] INFO  volume.VolumeSet (VolumeSet.java:initializeVolumeSet(170)) - Added Volume : /workdir/hadoop-ozone/integration-test/target/test-dir/MiniOzoneClusterImpl-dcd12998-9865-489a-a0f8-9e63b4ee21e6/datanode-1/data/containers/hdds to VolumeSet
2019-08-20 19:14:40,966 [main] INFO  volume.ThrottledAsyncChecker (ThrottledAsyncChecker.java:schedule(140)) - Scheduling a check for org.apache.hadoop.ozone.container.common.volume.HddsVolume@7cdfa824
2019-08-20 19:14:40,967 [main] INFO  volume.HddsVolumeChecker (HddsVolumeChecker.java:checkAllVolumes(203)) - Scheduled health check for volume org.apache.hadoop.ozone.container.common.volume.HddsVolume@7cdfa824
2019-08-20 19:14:40,983 [main] INFO  impl.RaftServerProxy (ConfUtils.java:logGet(43)) - raft.rpc.type = GRPC (default)
2019-08-20 19:14:40,984 [main] INFO  grpc.GrpcFactory (GrpcFactory.java:checkPooledByteBufAllocatorUseCacheForAllThreads(45)) - PERFORMANCE WARNING: useCacheForAllThreads is true that may cause Netty to create a lot garbage objects and, as a result, trigger GC.
	It is recommended to disable useCacheForAllThreads by setting -Dorg.apache.ratis.thirdparty.io.netty.allocator.useCacheForAllThreads=false in command line.
2019-08-20 19:14:40,984 [main] INFO  grpc.GrpcConfigKeys$Server (ConfUtils.java:logGet(43)) - raft.grpc.server.port = 0 (default)
2019-08-20 19:14:40,984 [main] INFO  server.GrpcService (ConfUtils.java:logGet(43)) - raft.grpc.message.size.max = 33570816 (custom)
2019-08-20 19:14:40,984 [main] INFO  server.RaftServerConfigKeys (ConfUtils.java:logGet(43)) - raft.server.log.appender.buffer.byte-limit = 33554432 (custom)
2019-08-20 19:14:40,985 [main] INFO  server.GrpcService (ConfUtils.java:logGet(43)) - raft.grpc.flow.control.window = 1MB (=1048576) (default)
2019-08-20 19:14:40,985 [main] INFO  server.RaftServerConfigKeys (ConfUtils.java:logGet(43)) - raft.server.rpc.request.timeout = 3000ms (default)
2019-08-20 19:14:40,986 [main] INFO  server.RaftServerConfigKeys (ConfUtils.java:logGet(43)) - raft.server.storage.dir = [/workdir/hadoop-ozone/integration-test/target/test-dir/MiniOzoneClusterImpl-dcd12998-9865-489a-a0f8-9e63b4ee21e6/datanode-1/data/ratis] (custom)
2019-08-20 19:14:40,986 [main] INFO  replication.SimpleContainerDownloader (SimpleContainerDownloader.java:<init>(72)) - Starting container downloader service to copy containers to replicate.
2019-08-20 19:14:40,988 [main] INFO  hdfs.DFSUtil (DFSUtil.java:httpServerTemplateForNNAndJN(1641)) - Starting Web-server for hddsDatanode at: http://0.0.0.0:0
2019-08-20 19:14:40,989 [main] INFO  server.AuthenticationFilter (AuthenticationFilter.java:constructSecretProvider(240)) - Unable to initialize FileSignerSecretProvider, falling back to use random secrets.
2019-08-20 19:14:40,989 [main] WARN  http.HttpRequestLog (HttpRequestLog.java:getRequestLog(97)) - Jetty request log can only be enabled using Log4j
2019-08-20 19:14:40,992 [main] INFO  http.HttpServer2 (HttpServer2.java:addGlobalFilter(975)) - Added global filter 'safety' (class=org.apache.hadoop.http.HttpServer2$QuotingInputFilter)
2019-08-20 19:14:40,992 [main] INFO  http.HttpServer2 (HttpServer2.java:addFilter(948)) - Added filter static_user_filter (class=org.apache.hadoop.http.lib.StaticUserWebFilter$StaticUserFilter) to context hddsDatanode
2019-08-20 19:14:40,993 [main] INFO  http.HttpServer2 (HttpServer2.java:addFilter(958)) - Added filter static_user_filter (class=org.apache.hadoop.http.lib.StaticUserWebFilter$StaticUserFilter) to context logs
2019-08-20 19:14:40,993 [main] INFO  http.HttpServer2 (HttpServer2.java:addFilter(958)) - Added filter static_user_filter (class=org.apache.hadoop.http.lib.StaticUserWebFilter$StaticUserFilter) to context static
2019-08-20 19:14:40,994 [main] INFO  http.HttpServer2 (HttpServer2.java:bindListener(1191)) - Jetty bound to port 34358
2019-08-20 19:14:40,994 [main] INFO  server.Server (Server.java:doStart(351)) - jetty-9.3.24.v20180605, build timestamp: 2018-06-05T17:11:56Z, git hash: 84205aa28f11a4f31f2a3b86d1bba2cc8ab69827
2019-08-20 19:14:40,995 [main] INFO  handler.ContextHandler (ContextHandler.java:doStart(781)) - Started o.e.j.s.ServletContextHandler@1d8be7b9{/logs,file:///workdir/hadoop-ozone/integration-test/target/log,AVAILABLE}
2019-08-20 19:14:40,996 [main] INFO  handler.ContextHandler (ContextHandler.java:doStart(781)) - Started o.e.j.s.ServletContextHandler@3d53e876{/static,jar:file:/home/user/.m2/repository/org/apache/hadoop/hadoop-hdds-container-service/0.5.0-SNAPSHOT/hadoop-hdds-container-service-0.5.0-SNAPSHOT.jar!/webapps/static,AVAILABLE}
2019-08-20 19:14:41,024 [main] INFO  handler.ContextHandler (ContextHandler.java:doStart(781)) - Started o.e.j.w.WebAppContext@44976b08{/,file:///tmp/jetty-0.0.0.0-34358-hddsDatanode-_-any-5790207514150154499.dir/webapp/,AVAILABLE}{/hddsDatanode}
2019-08-20 19:14:41,025 [main] INFO  server.AbstractConnector (AbstractConnector.java:doStart(278)) - Started ServerConnector@29b8df5{HTTP/1.1,[http/1.1]}{0.0.0.0:34358}
2019-08-20 19:14:41,025 [main] INFO  server.Server (Server.java:doStart(419)) - Started @59641ms
2019-08-20 19:14:41,026 [main] INFO  server.BaseHttpServer (BaseHttpServer.java:updateConnectorAddress(213)) - HTTP server of HDDSDATANODE is listening at http://0.0.0.0:34358
2019-08-20 19:14:41,167 | INFO  | ObjectStoreRestHttpServer | Listening HDDS REST traffic on /0.0.0.0:38279 |  
2019-08-20 19:14:41,167 [main] INFO  ozone.HddsDatanodeService (HddsDatanodeService.java:startPlugins(395)) - Started plug-in org.apache.hadoop.ozone.web.OzoneHddsDatanodeService@1d585fb
2019-08-20 19:14:41,168 [main] INFO  impl.MetricsSystemImpl (MetricsSystemImpl.java:init(158)) - HddsDatanode metrics system started (again)
2019-08-20 19:14:41,171 [org.apache.hadoop.util.JvmPauseMonitor$Monitor@1becd34] INFO  util.JvmPauseMonitor (JvmPauseMonitor.java:run(188)) - Starting JVM pause monitor
2019-08-20 19:14:41,172 [main] INFO  ozone.HddsDatanodeService (HddsDatanodeService.java:start(184)) - HddsDatanodeService host:pr-hdds-165-w559s-1850982102 ip:192.168.69.105
2019-08-20 19:14:41,173 [Datanode State Machine Thread - 0] INFO  datanode.InitDatanodeState (InitDatanodeState.java:persistContainerDatanodeDetails(140)) - DatanodeDetails is persisted to /workdir/hadoop-ozone/integration-test/target/test-dir/MiniOzoneClusterImpl-dcd12998-9865-489a-a0f8-9e63b4ee21e6/datanode-1/meta/datanode.id
2019-08-20 19:14:41,178 [main] INFO  volume.HddsVolume (HddsVolume.java:<init>(176)) - Creating Volume: /workdir/hadoop-ozone/integration-test/target/test-dir/MiniOzoneClusterImpl-dcd12998-9865-489a-a0f8-9e63b4ee21e6/datanode-2/data/containers/hdds of  storage type : DISK and capacity : 1482555576320
2019-08-20 19:14:41,178 [main] INFO  volume.VolumeSet (VolumeSet.java:initializeVolumeSet(170)) - Added Volume : /workdir/hadoop-ozone/integration-test/target/test-dir/MiniOzoneClusterImpl-dcd12998-9865-489a-a0f8-9e63b4ee21e6/datanode-2/data/containers/hdds to VolumeSet
2019-08-20 19:14:41,178 [main] INFO  volume.ThrottledAsyncChecker (ThrottledAsyncChecker.java:schedule(140)) - Scheduling a check for org.apache.hadoop.ozone.container.common.volume.HddsVolume@30704f85
2019-08-20 19:14:41,179 [main] INFO  volume.HddsVolumeChecker (HddsVolumeChecker.java:checkAllVolumes(203)) - Scheduled health check for volume org.apache.hadoop.ozone.container.common.volume.HddsVolume@30704f85
2019-08-20 19:14:41,193 [main] INFO  impl.RaftServerProxy (ConfUtils.java:logGet(43)) - raft.rpc.type = GRPC (default)
2019-08-20 19:14:41,193 [main] INFO  grpc.GrpcFactory (GrpcFactory.java:checkPooledByteBufAllocatorUseCacheForAllThreads(45)) - PERFORMANCE WARNING: useCacheForAllThreads is true that may cause Netty to create a lot garbage objects and, as a result, trigger GC.
	It is recommended to disable useCacheForAllThreads by setting -Dorg.apache.ratis.thirdparty.io.netty.allocator.useCacheForAllThreads=false in command line.
2019-08-20 19:14:41,193 [main] INFO  grpc.GrpcConfigKeys$Server (ConfUtils.java:logGet(43)) - raft.grpc.server.port = 0 (default)
2019-08-20 19:14:41,193 [main] INFO  server.GrpcService (ConfUtils.java:logGet(43)) - raft.grpc.message.size.max = 33570816 (custom)
2019-08-20 19:14:41,194 [main] INFO  server.RaftServerConfigKeys (ConfUtils.java:logGet(43)) - raft.server.log.appender.buffer.byte-limit = 33554432 (custom)
2019-08-20 19:14:41,194 [main] INFO  server.GrpcService (ConfUtils.java:logGet(43)) - raft.grpc.flow.control.window = 1MB (=1048576) (default)
2019-08-20 19:14:41,194 [main] INFO  server.RaftServerConfigKeys (ConfUtils.java:logGet(43)) - raft.server.rpc.request.timeout = 3000ms (default)
2019-08-20 19:14:41,195 [main] INFO  server.RaftServerConfigKeys (ConfUtils.java:logGet(43)) - raft.server.storage.dir = [/workdir/hadoop-ozone/integration-test/target/test-dir/MiniOzoneClusterImpl-dcd12998-9865-489a-a0f8-9e63b4ee21e6/datanode-2/data/ratis] (custom)
2019-08-20 19:14:41,195 [main] INFO  replication.SimpleContainerDownloader (SimpleContainerDownloader.java:<init>(72)) - Starting container downloader service to copy containers to replicate.
2019-08-20 19:14:41,196 [main] INFO  hdfs.DFSUtil (DFSUtil.java:httpServerTemplateForNNAndJN(1641)) - Starting Web-server for hddsDatanode at: http://0.0.0.0:0
2019-08-20 19:14:41,198 [main] INFO  server.AuthenticationFilter (AuthenticationFilter.java:constructSecretProvider(240)) - Unable to initialize FileSignerSecretProvider, falling back to use random secrets.
2019-08-20 19:14:41,199 [main] WARN  http.HttpRequestLog (HttpRequestLog.java:getRequestLog(97)) - Jetty request log can only be enabled using Log4j
2019-08-20 19:14:41,201 [main] INFO  http.HttpServer2 (HttpServer2.java:addGlobalFilter(975)) - Added global filter 'safety' (class=org.apache.hadoop.http.HttpServer2$QuotingInputFilter)
2019-08-20 19:14:41,201 [main] INFO  http.HttpServer2 (HttpServer2.java:addFilter(948)) - Added filter static_user_filter (class=org.apache.hadoop.http.lib.StaticUserWebFilter$StaticUserFilter) to context hddsDatanode
2019-08-20 19:14:41,202 [main] INFO  http.HttpServer2 (HttpServer2.java:addFilter(958)) - Added filter static_user_filter (class=org.apache.hadoop.http.lib.StaticUserWebFilter$StaticUserFilter) to context static
2019-08-20 19:14:41,202 [main] INFO  http.HttpServer2 (HttpServer2.java:addFilter(958)) - Added filter static_user_filter (class=org.apache.hadoop.http.lib.StaticUserWebFilter$StaticUserFilter) to context logs
2019-08-20 19:14:41,203 [main] INFO  http.HttpServer2 (HttpServer2.java:bindListener(1191)) - Jetty bound to port 43678
2019-08-20 19:14:41,203 [main] INFO  server.Server (Server.java:doStart(351)) - jetty-9.3.24.v20180605, build timestamp: 2018-06-05T17:11:56Z, git hash: 84205aa28f11a4f31f2a3b86d1bba2cc8ab69827
2019-08-20 19:14:41,205 [main] INFO  handler.ContextHandler (ContextHandler.java:doStart(781)) - Started o.e.j.s.ServletContextHandler@41059616{/logs,file:///workdir/hadoop-ozone/integration-test/target/log,AVAILABLE}
2019-08-20 19:14:41,206 [main] INFO  handler.ContextHandler (ContextHandler.java:doStart(781)) - Started o.e.j.s.ServletContextHandler@34e25492{/static,jar:file:/home/user/.m2/repository/org/apache/hadoop/hadoop-hdds-container-service/0.5.0-SNAPSHOT/hadoop-hdds-container-service-0.5.0-SNAPSHOT.jar!/webapps/static,AVAILABLE}
2019-08-20 19:14:41,242 [main] INFO  handler.ContextHandler (ContextHandler.java:doStart(781)) - Started o.e.j.w.WebAppContext@23df7fad{/,file:///tmp/jetty-0.0.0.0-43678-hddsDatanode-_-any-4134189984675278399.dir/webapp/,AVAILABLE}{/hddsDatanode}
2019-08-20 19:14:41,243 [main] INFO  server.AbstractConnector (AbstractConnector.java:doStart(278)) - Started ServerConnector@4ab455e2{HTTP/1.1,[http/1.1]}{0.0.0.0:43678}
2019-08-20 19:14:41,244 [main] INFO  server.Server (Server.java:doStart(419)) - Started @59859ms
2019-08-20 19:14:41,245 [main] INFO  server.BaseHttpServer (BaseHttpServer.java:updateConnectorAddress(213)) - HTTP server of HDDSDATANODE is listening at http://0.0.0.0:43678
2019-08-20 19:14:41,374 | INFO  | ObjectStoreRestHttpServer | Listening HDDS REST traffic on /0.0.0.0:39656 |  
2019-08-20 19:14:41,374 [main] INFO  ozone.HddsDatanodeService (HddsDatanodeService.java:startPlugins(395)) - Started plug-in org.apache.hadoop.ozone.web.OzoneHddsDatanodeService@714c74eb
2019-08-20 19:14:41,374 [main] INFO  impl.MetricsSystemImpl (MetricsSystemImpl.java:init(158)) - HddsDatanode metrics system started (again)
2019-08-20 19:14:41,378 [org.apache.hadoop.util.JvmPauseMonitor$Monitor@4284a4a8] INFO  util.JvmPauseMonitor (JvmPauseMonitor.java:run(188)) - Starting JVM pause monitor
2019-08-20 19:14:41,379 [main] INFO  ozone.HddsDatanodeService (HddsDatanodeService.java:start(184)) - HddsDatanodeService host:pr-hdds-165-w559s-1850982102 ip:192.168.69.105
2019-08-20 19:14:41,380 [Datanode State Machine Thread - 0] INFO  datanode.InitDatanodeState (InitDatanodeState.java:persistContainerDatanodeDetails(140)) - DatanodeDetails is persisted to /workdir/hadoop-ozone/integration-test/target/test-dir/MiniOzoneClusterImpl-dcd12998-9865-489a-a0f8-9e63b4ee21e6/datanode-2/meta/datanode.id
2019-08-20 19:14:41,385 [main] INFO  volume.HddsVolume (HddsVolume.java:<init>(176)) - Creating Volume: /workdir/hadoop-ozone/integration-test/target/test-dir/MiniOzoneClusterImpl-dcd12998-9865-489a-a0f8-9e63b4ee21e6/datanode-3/data/containers/hdds of  storage type : DISK and capacity : 1482555576320
2019-08-20 19:14:41,385 [main] INFO  volume.VolumeSet (VolumeSet.java:initializeVolumeSet(170)) - Added Volume : /workdir/hadoop-ozone/integration-test/target/test-dir/MiniOzoneClusterImpl-dcd12998-9865-489a-a0f8-9e63b4ee21e6/datanode-3/data/containers/hdds to VolumeSet
2019-08-20 19:14:41,386 [main] INFO  volume.ThrottledAsyncChecker (ThrottledAsyncChecker.java:schedule(140)) - Scheduling a check for org.apache.hadoop.ozone.container.common.volume.HddsVolume@7884f722
2019-08-20 19:14:41,386 [main] INFO  volume.HddsVolumeChecker (HddsVolumeChecker.java:checkAllVolumes(203)) - Scheduled health check for volume org.apache.hadoop.ozone.container.common.volume.HddsVolume@7884f722
2019-08-20 19:14:41,399 [main] INFO  impl.RaftServerProxy (ConfUtils.java:logGet(43)) - raft.rpc.type = GRPC (default)
2019-08-20 19:14:41,400 [main] INFO  grpc.GrpcFactory (GrpcFactory.java:checkPooledByteBufAllocatorUseCacheForAllThreads(45)) - PERFORMANCE WARNING: useCacheForAllThreads is true that may cause Netty to create a lot garbage objects and, as a result, trigger GC.
	It is recommended to disable useCacheForAllThreads by setting -Dorg.apache.ratis.thirdparty.io.netty.allocator.useCacheForAllThreads=false in command line.
2019-08-20 19:14:41,400 [main] INFO  grpc.GrpcConfigKeys$Server (ConfUtils.java:logGet(43)) - raft.grpc.server.port = 0 (default)
2019-08-20 19:14:41,400 [main] INFO  server.GrpcService (ConfUtils.java:logGet(43)) - raft.grpc.message.size.max = 33570816 (custom)
2019-08-20 19:14:41,401 [main] INFO  server.RaftServerConfigKeys (ConfUtils.java:logGet(43)) - raft.server.log.appender.buffer.byte-limit = 33554432 (custom)
2019-08-20 19:14:41,401 [main] INFO  server.GrpcService (ConfUtils.java:logGet(43)) - raft.grpc.flow.control.window = 1MB (=1048576) (default)
2019-08-20 19:14:41,401 [main] INFO  server.RaftServerConfigKeys (ConfUtils.java:logGet(43)) - raft.server.rpc.request.timeout = 3000ms (default)
2019-08-20 19:14:41,401 [main] INFO  server.RaftServerConfigKeys (ConfUtils.java:logGet(43)) - raft.server.storage.dir = [/workdir/hadoop-ozone/integration-test/target/test-dir/MiniOzoneClusterImpl-dcd12998-9865-489a-a0f8-9e63b4ee21e6/datanode-3/data/ratis] (custom)
2019-08-20 19:14:41,402 [main] INFO  replication.SimpleContainerDownloader (SimpleContainerDownloader.java:<init>(72)) - Starting container downloader service to copy containers to replicate.
2019-08-20 19:14:41,403 [main] INFO  hdfs.DFSUtil (DFSUtil.java:httpServerTemplateForNNAndJN(1641)) - Starting Web-server for hddsDatanode at: http://0.0.0.0:0
2019-08-20 19:14:41,404 [main] INFO  server.AuthenticationFilter (AuthenticationFilter.java:constructSecretProvider(240)) - Unable to initialize FileSignerSecretProvider, falling back to use random secrets.
2019-08-20 19:14:41,405 [main] WARN  http.HttpRequestLog (HttpRequestLog.java:getRequestLog(97)) - Jetty request log can only be enabled using Log4j
2019-08-20 19:14:41,406 [main] INFO  http.HttpServer2 (HttpServer2.java:addGlobalFilter(975)) - Added global filter 'safety' (class=org.apache.hadoop.http.HttpServer2$QuotingInputFilter)
2019-08-20 19:14:41,407 [main] INFO  http.HttpServer2 (HttpServer2.java:addFilter(948)) - Added filter static_user_filter (class=org.apache.hadoop.http.lib.StaticUserWebFilter$StaticUserFilter) to context hddsDatanode
2019-08-20 19:14:41,407 [main] INFO  http.HttpServer2 (HttpServer2.java:addFilter(958)) - Added filter static_user_filter (class=org.apache.hadoop.http.lib.StaticUserWebFilter$StaticUserFilter) to context logs
2019-08-20 19:14:41,407 [main] INFO  http.HttpServer2 (HttpServer2.java:addFilter(958)) - Added filter static_user_filter (class=org.apache.hadoop.http.lib.StaticUserWebFilter$StaticUserFilter) to context static
2019-08-20 19:14:41,408 [main] INFO  http.HttpServer2 (HttpServer2.java:bindListener(1191)) - Jetty bound to port 39863
2019-08-20 19:14:41,408 [main] INFO  server.Server (Server.java:doStart(351)) - jetty-9.3.24.v20180605, build timestamp: 2018-06-05T17:11:56Z, git hash: 84205aa28f11a4f31f2a3b86d1bba2cc8ab69827
2019-08-20 19:14:41,409 [main] INFO  handler.ContextHandler (ContextHandler.java:doStart(781)) - Started o.e.j.s.ServletContextHandler@fbbd90c{/logs,file:///workdir/hadoop-ozone/integration-test/target/log,AVAILABLE}
2019-08-20 19:14:41,410 [main] INFO  handler.ContextHandler (ContextHandler.java:doStart(781)) - Started o.e.j.s.ServletContextHandler@559e3f67{/static,jar:file:/home/user/.m2/repository/org/apache/hadoop/hadoop-hdds-container-service/0.5.0-SNAPSHOT/hadoop-hdds-container-service-0.5.0-SNAPSHOT.jar!/webapps/static,AVAILABLE}
2019-08-20 19:14:41,437 [main] INFO  handler.ContextHandler (ContextHandler.java:doStart(781)) - Started o.e.j.w.WebAppContext@76dc36e5{/,file:///tmp/jetty-0.0.0.0-39863-hddsDatanode-_-any-2484500750718872410.dir/webapp/,AVAILABLE}{/hddsDatanode}
2019-08-20 19:14:41,438 [main] INFO  server.AbstractConnector (AbstractConnector.java:doStart(278)) - Started ServerConnector@2a54c92e{HTTP/1.1,[http/1.1]}{0.0.0.0:39863}
2019-08-20 19:14:41,440 [main] INFO  server.Server (Server.java:doStart(419)) - Started @60055ms
2019-08-20 19:14:41,440 [main] INFO  server.BaseHttpServer (BaseHttpServer.java:updateConnectorAddress(213)) - HTTP server of HDDSDATANODE is listening at http://0.0.0.0:39863
2019-08-20 19:14:41,569 | INFO  | ObjectStoreRestHttpServer | Listening HDDS REST traffic on /0.0.0.0:37469 |  
2019-08-20 19:14:41,570 [main] INFO  ozone.HddsDatanodeService (HddsDatanodeService.java:startPlugins(395)) - Started plug-in org.apache.hadoop.ozone.web.OzoneHddsDatanodeService@51869ad6
2019-08-20 19:14:41,570 [main] INFO  impl.MetricsSystemImpl (MetricsSystemImpl.java:init(158)) - HddsDatanode metrics system started (again)
2019-08-20 19:14:41,574 [org.apache.hadoop.util.JvmPauseMonitor$Monitor@50570d16] INFO  util.JvmPauseMonitor (JvmPauseMonitor.java:run(188)) - Starting JVM pause monitor
2019-08-20 19:14:41,575 [main] INFO  ozone.HddsDatanodeService (HddsDatanodeService.java:start(184)) - HddsDatanodeService host:pr-hdds-165-w559s-1850982102 ip:192.168.69.105
2019-08-20 19:14:41,576 [Datanode State Machine Thread - 0] INFO  datanode.InitDatanodeState (InitDatanodeState.java:persistContainerDatanodeDetails(140)) - DatanodeDetails is persisted to /workdir/hadoop-ozone/integration-test/target/test-dir/MiniOzoneClusterImpl-dcd12998-9865-489a-a0f8-9e63b4ee21e6/datanode-3/meta/datanode.id
2019-08-20 19:14:41,581 [main] INFO  volume.HddsVolume (HddsVolume.java:<init>(176)) - Creating Volume: /workdir/hadoop-ozone/integration-test/target/test-dir/MiniOzoneClusterImpl-dcd12998-9865-489a-a0f8-9e63b4ee21e6/datanode-4/data/containers/hdds of  storage type : DISK and capacity : 1482555576320
2019-08-20 19:14:41,581 [main] INFO  volume.VolumeSet (VolumeSet.java:initializeVolumeSet(170)) - Added Volume : /workdir/hadoop-ozone/integration-test/target/test-dir/MiniOzoneClusterImpl-dcd12998-9865-489a-a0f8-9e63b4ee21e6/datanode-4/data/containers/hdds to VolumeSet
2019-08-20 19:14:41,582 [main] INFO  volume.ThrottledAsyncChecker (ThrottledAsyncChecker.java:schedule(140)) - Scheduling a check for org.apache.hadoop.ozone.container.common.volume.HddsVolume@46591e98
2019-08-20 19:14:41,582 [main] INFO  volume.HddsVolumeChecker (HddsVolumeChecker.java:checkAllVolumes(203)) - Scheduled health check for volume org.apache.hadoop.ozone.container.common.volume.HddsVolume@46591e98
2019-08-20 19:14:41,596 [main] INFO  impl.RaftServerProxy (ConfUtils.java:logGet(43)) - raft.rpc.type = GRPC (default)
2019-08-20 19:14:41,596 [main] INFO  grpc.GrpcFactory (GrpcFactory.java:checkPooledByteBufAllocatorUseCacheForAllThreads(45)) - PERFORMANCE WARNING: useCacheForAllThreads is true that may cause Netty to create a lot garbage objects and, as a result, trigger GC.
	It is recommended to disable useCacheForAllThreads by setting -Dorg.apache.ratis.thirdparty.io.netty.allocator.useCacheForAllThreads=false in command line.
2019-08-20 19:14:41,596 [main] INFO  grpc.GrpcConfigKeys$Server (ConfUtils.java:logGet(43)) - raft.grpc.server.port = 0 (default)
2019-08-20 19:14:41,596 [main] INFO  server.GrpcService (ConfUtils.java:logGet(43)) - raft.grpc.message.size.max = 33570816 (custom)
2019-08-20 19:14:41,596 [main] INFO  server.RaftServerConfigKeys (ConfUtils.java:logGet(43)) - raft.server.log.appender.buffer.byte-limit = 33554432 (custom)
2019-08-20 19:14:41,597 [main] INFO  server.GrpcService (ConfUtils.java:logGet(43)) - raft.grpc.flow.control.window = 1MB (=1048576) (default)
2019-08-20 19:14:41,597 [main] INFO  server.RaftServerConfigKeys (ConfUtils.java:logGet(43)) - raft.server.rpc.request.timeout = 3000ms (default)
2019-08-20 19:14:41,597 [main] INFO  server.RaftServerConfigKeys (ConfUtils.java:logGet(43)) - raft.server.storage.dir = [/workdir/hadoop-ozone/integration-test/target/test-dir/MiniOzoneClusterImpl-dcd12998-9865-489a-a0f8-9e63b4ee21e6/datanode-4/data/ratis] (custom)
2019-08-20 19:14:41,598 [main] INFO  replication.SimpleContainerDownloader (SimpleContainerDownloader.java:<init>(72)) - Starting container downloader service to copy containers to replicate.
2019-08-20 19:14:41,599 [main] INFO  hdfs.DFSUtil (DFSUtil.java:httpServerTemplateForNNAndJN(1641)) - Starting Web-server for hddsDatanode at: http://0.0.0.0:0
2019-08-20 19:14:41,600 [main] INFO  server.AuthenticationFilter (AuthenticationFilter.java:constructSecretProvider(240)) - Unable to initialize FileSignerSecretProvider, falling back to use random secrets.
2019-08-20 19:14:41,601 [main] WARN  http.HttpRequestLog (HttpRequestLog.java:getRequestLog(97)) - Jetty request log can only be enabled using Log4j
2019-08-20 19:14:41,602 [main] INFO  http.HttpServer2 (HttpServer2.java:addGlobalFilter(975)) - Added global filter 'safety' (class=org.apache.hadoop.http.HttpServer2$QuotingInputFilter)
2019-08-20 19:14:41,603 [main] INFO  http.HttpServer2 (HttpServer2.java:addFilter(948)) - Added filter static_user_filter (class=org.apache.hadoop.http.lib.StaticUserWebFilter$StaticUserFilter) to context hddsDatanode
2019-08-20 19:14:41,603 [main] INFO  http.HttpServer2 (HttpServer2.java:addFilter(958)) - Added filter static_user_filter (class=org.apache.hadoop.http.lib.StaticUserWebFilter$StaticUserFilter) to context static
2019-08-20 19:14:41,603 [main] INFO  http.HttpServer2 (HttpServer2.java:addFilter(958)) - Added filter static_user_filter (class=org.apache.hadoop.http.lib.StaticUserWebFilter$StaticUserFilter) to context logs
2019-08-20 19:14:41,604 [main] INFO  http.HttpServer2 (HttpServer2.java:bindListener(1191)) - Jetty bound to port 39258
2019-08-20 19:14:41,604 [main] INFO  server.Server (Server.java:doStart(351)) - jetty-9.3.24.v20180605, build timestamp: 2018-06-05T17:11:56Z, git hash: 84205aa28f11a4f31f2a3b86d1bba2cc8ab69827
2019-08-20 19:14:41,606 [main] INFO  handler.ContextHandler (ContextHandler.java:doStart(781)) - Started o.e.j.s.ServletContextHandler@616f81b5{/logs,file:///workdir/hadoop-ozone/integration-test/target/log,AVAILABLE}
2019-08-20 19:14:41,606 [main] INFO  handler.ContextHandler (ContextHandler.java:doStart(781)) - Started o.e.j.s.ServletContextHandler@3c8fe8ad{/static,jar:file:/home/user/.m2/repository/org/apache/hadoop/hadoop-hdds-container-service/0.5.0-SNAPSHOT/hadoop-hdds-container-service-0.5.0-SNAPSHOT.jar!/webapps/static,AVAILABLE}
2019-08-20 19:14:41,635 [main] INFO  handler.ContextHandler (ContextHandler.java:doStart(781)) - Started o.e.j.w.WebAppContext@7227926b{/,file:///tmp/jetty-0.0.0.0-39258-hddsDatanode-_-any-1475449199542977791.dir/webapp/,AVAILABLE}{/hddsDatanode}
2019-08-20 19:14:41,636 [main] INFO  server.AbstractConnector (AbstractConnector.java:doStart(278)) - Started ServerConnector@2f75a9b1{HTTP/1.1,[http/1.1]}{0.0.0.0:39258}
2019-08-20 19:14:41,637 [main] INFO  server.Server (Server.java:doStart(419)) - Started @60252ms
2019-08-20 19:14:41,638 [main] INFO  server.BaseHttpServer (BaseHttpServer.java:updateConnectorAddress(213)) - HTTP server of HDDSDATANODE is listening at http://0.0.0.0:39258
2019-08-20 19:14:41,907 | INFO  | ObjectStoreRestHttpServer | Listening HDDS REST traffic on /0.0.0.0:39669 |  
2019-08-20 19:14:41,907 [main] INFO  ozone.HddsDatanodeService (HddsDatanodeService.java:startPlugins(395)) - Started plug-in org.apache.hadoop.ozone.web.OzoneHddsDatanodeService@41d877bb
2019-08-20 19:14:41,908 [main] INFO  impl.MetricsSystemImpl (MetricsSystemImpl.java:init(158)) - HddsDatanode metrics system started (again)
2019-08-20 19:14:41,912 [org.apache.hadoop.util.JvmPauseMonitor$Monitor@1e316544] INFO  util.JvmPauseMonitor (JvmPauseMonitor.java:run(188)) - Starting JVM pause monitor
2019-08-20 19:14:41,913 [main] INFO  ozone.HddsDatanodeService (HddsDatanodeService.java:start(184)) - HddsDatanodeService host:pr-hdds-165-w559s-1850982102 ip:192.168.69.105
2019-08-20 19:14:41,914 [Datanode State Machine Thread - 0] INFO  datanode.InitDatanodeState (InitDatanodeState.java:persistContainerDatanodeDetails(140)) - DatanodeDetails is persisted to /workdir/hadoop-ozone/integration-test/target/test-dir/MiniOzoneClusterImpl-dcd12998-9865-489a-a0f8-9e63b4ee21e6/datanode-4/meta/datanode.id
2019-08-20 19:14:41,919 [main] INFO  volume.HddsVolume (HddsVolume.java:<init>(176)) - Creating Volume: /workdir/hadoop-ozone/integration-test/target/test-dir/MiniOzoneClusterImpl-dcd12998-9865-489a-a0f8-9e63b4ee21e6/datanode-5/data/containers/hdds of  storage type : DISK and capacity : 1482555576320
2019-08-20 19:14:41,920 [main] INFO  volume.VolumeSet (VolumeSet.java:initializeVolumeSet(170)) - Added Volume : /workdir/hadoop-ozone/integration-test/target/test-dir/MiniOzoneClusterImpl-dcd12998-9865-489a-a0f8-9e63b4ee21e6/datanode-5/data/containers/hdds to VolumeSet
2019-08-20 19:14:41,920 [main] INFO  volume.ThrottledAsyncChecker (ThrottledAsyncChecker.java:schedule(140)) - Scheduling a check for org.apache.hadoop.ozone.container.common.volume.HddsVolume@bc52a41
2019-08-20 19:14:41,920 [main] INFO  volume.HddsVolumeChecker (HddsVolumeChecker.java:checkAllVolumes(203)) - Scheduled health check for volume org.apache.hadoop.ozone.container.common.volume.HddsVolume@bc52a41
2019-08-20 19:14:41,939 [main] INFO  impl.RaftServerProxy (ConfUtils.java:logGet(43)) - raft.rpc.type = GRPC (default)
2019-08-20 19:14:41,939 [main] INFO  grpc.GrpcFactory (GrpcFactory.java:checkPooledByteBufAllocatorUseCacheForAllThreads(45)) - PERFORMANCE WARNING: useCacheForAllThreads is true that may cause Netty to create a lot garbage objects and, as a result, trigger GC.
	It is recommended to disable useCacheForAllThreads by setting -Dorg.apache.ratis.thirdparty.io.netty.allocator.useCacheForAllThreads=false in command line.
2019-08-20 19:14:41,939 [main] INFO  grpc.GrpcConfigKeys$Server (ConfUtils.java:logGet(43)) - raft.grpc.server.port = 0 (default)
2019-08-20 19:14:41,940 [main] INFO  server.GrpcService (ConfUtils.java:logGet(43)) - raft.grpc.message.size.max = 33570816 (custom)
2019-08-20 19:14:41,940 [main] INFO  server.RaftServerConfigKeys (ConfUtils.java:logGet(43)) - raft.server.log.appender.buffer.byte-limit = 33554432 (custom)
2019-08-20 19:14:41,940 [main] INFO  server.GrpcService (ConfUtils.java:logGet(43)) - raft.grpc.flow.control.window = 1MB (=1048576) (default)
2019-08-20 19:14:41,940 [main] INFO  server.RaftServerConfigKeys (ConfUtils.java:logGet(43)) - raft.server.rpc.request.timeout = 3000ms (default)
2019-08-20 19:14:41,941 [main] INFO  server.RaftServerConfigKeys (ConfUtils.java:logGet(43)) - raft.server.storage.dir = [/workdir/hadoop-ozone/integration-test/target/test-dir/MiniOzoneClusterImpl-dcd12998-9865-489a-a0f8-9e63b4ee21e6/datanode-5/data/ratis] (custom)
2019-08-20 19:14:41,941 [main] INFO  replication.SimpleContainerDownloader (SimpleContainerDownloader.java:<init>(72)) - Starting container downloader service to copy containers to replicate.
2019-08-20 19:14:41,943 [main] INFO  hdfs.DFSUtil (DFSUtil.java:httpServerTemplateForNNAndJN(1641)) - Starting Web-server for hddsDatanode at: http://0.0.0.0:0
2019-08-20 19:14:41,945 [main] INFO  server.AuthenticationFilter (AuthenticationFilter.java:constructSecretProvider(240)) - Unable to initialize FileSignerSecretProvider, falling back to use random secrets.
2019-08-20 19:14:41,945 [main] WARN  http.HttpRequestLog (HttpRequestLog.java:getRequestLog(97)) - Jetty request log can only be enabled using Log4j
2019-08-20 19:14:41,947 [main] INFO  http.HttpServer2 (HttpServer2.java:addGlobalFilter(975)) - Added global filter 'safety' (class=org.apache.hadoop.http.HttpServer2$QuotingInputFilter)
2019-08-20 19:14:41,948 [main] INFO  http.HttpServer2 (HttpServer2.java:addFilter(948)) - Added filter static_user_filter (class=org.apache.hadoop.http.lib.StaticUserWebFilter$StaticUserFilter) to context hddsDatanode
2019-08-20 19:14:41,948 [main] INFO  http.HttpServer2 (HttpServer2.java:addFilter(958)) - Added filter static_user_filter (class=org.apache.hadoop.http.lib.StaticUserWebFilter$StaticUserFilter) to context static
2019-08-20 19:14:41,948 [main] INFO  http.HttpServer2 (HttpServer2.java:addFilter(958)) - Added filter static_user_filter (class=org.apache.hadoop.http.lib.StaticUserWebFilter$StaticUserFilter) to context logs
2019-08-20 19:14:41,949 [main] INFO  http.HttpServer2 (HttpServer2.java:bindListener(1191)) - Jetty bound to port 46076
2019-08-20 19:14:41,949 [main] INFO  server.Server (Server.java:doStart(351)) - jetty-9.3.24.v20180605, build timestamp: 2018-06-05T17:11:56Z, git hash: 84205aa28f11a4f31f2a3b86d1bba2cc8ab69827
2019-08-20 19:14:41,950 [main] INFO  handler.ContextHandler (ContextHandler.java:doStart(781)) - Started o.e.j.s.ServletContextHandler@31b650e9{/logs,file:///workdir/hadoop-ozone/integration-test/target/log,AVAILABLE}
2019-08-20 19:14:41,951 [main] INFO  handler.ContextHandler (ContextHandler.java:doStart(781)) - Started o.e.j.s.ServletContextHandler@5b5b8730{/static,jar:file:/home/user/.m2/repository/org/apache/hadoop/hadoop-hdds-container-service/0.5.0-SNAPSHOT/hadoop-hdds-container-service-0.5.0-SNAPSHOT.jar!/webapps/static,AVAILABLE}
2019-08-20 19:14:41,979 [main] INFO  handler.ContextHandler (ContextHandler.java:doStart(781)) - Started o.e.j.w.WebAppContext@31183ee2{/,file:///tmp/jetty-0.0.0.0-46076-hddsDatanode-_-any-3430262649401955105.dir/webapp/,AVAILABLE}{/hddsDatanode}
2019-08-20 19:14:41,979 [main] INFO  server.AbstractConnector (AbstractConnector.java:doStart(278)) - Started ServerConnector@63f3366a{HTTP/1.1,[http/1.1]}{0.0.0.0:46076}
2019-08-20 19:14:41,981 [main] INFO  server.Server (Server.java:doStart(419)) - Started @60596ms
2019-08-20 19:14:41,984 [main] INFO  server.BaseHttpServer (BaseHttpServer.java:updateConnectorAddress(213)) - HTTP server of HDDSDATANODE is listening at http://0.0.0.0:46076
2019-08-20 19:14:42,112 | INFO  | ObjectStoreRestHttpServer | Listening HDDS REST traffic on /0.0.0.0:40248 |  
2019-08-20 19:14:42,112 [main] INFO  ozone.HddsDatanodeService (HddsDatanodeService.java:startPlugins(395)) - Started plug-in org.apache.hadoop.ozone.web.OzoneHddsDatanodeService@56da8847
2019-08-20 19:14:42,112 [main] INFO  impl.MetricsSystemImpl (MetricsSystemImpl.java:init(158)) - HddsDatanode metrics system started (again)
2019-08-20 19:14:42,117 [org.apache.hadoop.util.JvmPauseMonitor$Monitor@45b97fee] INFO  util.JvmPauseMonitor (JvmPauseMonitor.java:run(188)) - Starting JVM pause monitor
2019-08-20 19:14:42,118 [main] INFO  ozone.HddsDatanodeService (HddsDatanodeService.java:start(184)) - HddsDatanodeService host:pr-hdds-165-w559s-1850982102 ip:192.168.69.105
2019-08-20 19:14:42,119 [Datanode State Machine Thread - 0] INFO  datanode.InitDatanodeState (InitDatanodeState.java:persistContainerDatanodeDetails(140)) - DatanodeDetails is persisted to /workdir/hadoop-ozone/integration-test/target/test-dir/MiniOzoneClusterImpl-dcd12998-9865-489a-a0f8-9e63b4ee21e6/datanode-5/meta/datanode.id
2019-08-20 19:14:42,126 [main] INFO  volume.HddsVolume (HddsVolume.java:<init>(176)) - Creating Volume: /workdir/hadoop-ozone/integration-test/target/test-dir/MiniOzoneClusterImpl-dcd12998-9865-489a-a0f8-9e63b4ee21e6/datanode-6/data/containers/hdds of  storage type : DISK and capacity : 1482555576320
2019-08-20 19:14:42,126 [main] INFO  volume.VolumeSet (VolumeSet.java:initializeVolumeSet(170)) - Added Volume : /workdir/hadoop-ozone/integration-test/target/test-dir/MiniOzoneClusterImpl-dcd12998-9865-489a-a0f8-9e63b4ee21e6/datanode-6/data/containers/hdds to VolumeSet
2019-08-20 19:14:42,127 [main] INFO  volume.ThrottledAsyncChecker (ThrottledAsyncChecker.java:schedule(140)) - Scheduling a check for org.apache.hadoop.ozone.container.common.volume.HddsVolume@25f14e93
2019-08-20 19:14:42,127 [main] INFO  volume.HddsVolumeChecker (HddsVolumeChecker.java:checkAllVolumes(203)) - Scheduled health check for volume org.apache.hadoop.ozone.container.common.volume.HddsVolume@25f14e93
2019-08-20 19:14:42,141 [main] INFO  impl.RaftServerProxy (ConfUtils.java:logGet(43)) - raft.rpc.type = GRPC (default)
2019-08-20 19:14:42,142 [main] INFO  grpc.GrpcFactory (GrpcFactory.java:checkPooledByteBufAllocatorUseCacheForAllThreads(45)) - PERFORMANCE WARNING: useCacheForAllThreads is true that may cause Netty to create a lot garbage objects and, as a result, trigger GC.
	It is recommended to disable useCacheForAllThreads by setting -Dorg.apache.ratis.thirdparty.io.netty.allocator.useCacheForAllThreads=false in command line.
2019-08-20 19:14:42,142 [main] INFO  grpc.GrpcConfigKeys$Server (ConfUtils.java:logGet(43)) - raft.grpc.server.port = 0 (default)
2019-08-20 19:14:42,142 [main] INFO  server.GrpcService (ConfUtils.java:logGet(43)) - raft.grpc.message.size.max = 33570816 (custom)
2019-08-20 19:14:42,142 [main] INFO  server.RaftServerConfigKeys (ConfUtils.java:logGet(43)) - raft.server.log.appender.buffer.byte-limit = 33554432 (custom)
2019-08-20 19:14:42,142 [main] INFO  server.GrpcService (ConfUtils.java:logGet(43)) - raft.grpc.flow.control.window = 1MB (=1048576) (default)
2019-08-20 19:14:42,142 [main] INFO  server.RaftServerConfigKeys (ConfUtils.java:logGet(43)) - raft.server.rpc.request.timeout = 3000ms (default)
2019-08-20 19:14:42,143 [main] INFO  server.RaftServerConfigKeys (ConfUtils.java:logGet(43)) - raft.server.storage.dir = [/workdir/hadoop-ozone/integration-test/target/test-dir/MiniOzoneClusterImpl-dcd12998-9865-489a-a0f8-9e63b4ee21e6/datanode-6/data/ratis] (custom)
2019-08-20 19:14:42,143 [main] INFO  replication.SimpleContainerDownloader (SimpleContainerDownloader.java:<init>(72)) - Starting container downloader service to copy containers to replicate.
2019-08-20 19:14:42,145 [main] INFO  hdfs.DFSUtil (DFSUtil.java:httpServerTemplateForNNAndJN(1641)) - Starting Web-server for hddsDatanode at: http://0.0.0.0:0
2019-08-20 19:14:42,146 [main] INFO  server.AuthenticationFilter (AuthenticationFilter.java:constructSecretProvider(240)) - Unable to initialize FileSignerSecretProvider, falling back to use random secrets.
2019-08-20 19:14:42,146 [main] WARN  http.HttpRequestLog (HttpRequestLog.java:getRequestLog(97)) - Jetty request log can only be enabled using Log4j
2019-08-20 19:14:42,148 [main] INFO  http.HttpServer2 (HttpServer2.java:addGlobalFilter(975)) - Added global filter 'safety' (class=org.apache.hadoop.http.HttpServer2$QuotingInputFilter)
2019-08-20 19:14:42,148 [main] INFO  http.HttpServer2 (HttpServer2.java:addFilter(948)) - Added filter static_user_filter (class=org.apache.hadoop.http.lib.StaticUserWebFilter$StaticUserFilter) to context hddsDatanode
2019-08-20 19:14:42,148 [main] INFO  http.HttpServer2 (HttpServer2.java:addFilter(958)) - Added filter static_user_filter (class=org.apache.hadoop.http.lib.StaticUserWebFilter$StaticUserFilter) to context logs
2019-08-20 19:14:42,148 [main] INFO  http.HttpServer2 (HttpServer2.java:addFilter(958)) - Added filter static_user_filter (class=org.apache.hadoop.http.lib.StaticUserWebFilter$StaticUserFilter) to context static
2019-08-20 19:14:42,149 [main] INFO  http.HttpServer2 (HttpServer2.java:bindListener(1191)) - Jetty bound to port 43425
2019-08-20 19:14:42,149 [main] INFO  server.Server (Server.java:doStart(351)) - jetty-9.3.24.v20180605, build timestamp: 2018-06-05T17:11:56Z, git hash: 84205aa28f11a4f31f2a3b86d1bba2cc8ab69827
2019-08-20 19:14:42,150 [main] INFO  handler.ContextHandler (ContextHandler.java:doStart(781)) - Started o.e.j.s.ServletContextHandler@1d654b5f{/logs,file:///workdir/hadoop-ozone/integration-test/target/log,AVAILABLE}
2019-08-20 19:14:42,151 [main] INFO  handler.ContextHandler (ContextHandler.java:doStart(781)) - Started o.e.j.s.ServletContextHandler@1b36d248{/static,jar:file:/home/user/.m2/repository/org/apache/hadoop/hadoop-hdds-container-service/0.5.0-SNAPSHOT/hadoop-hdds-container-service-0.5.0-SNAPSHOT.jar!/webapps/static,AVAILABLE}
2019-08-20 19:14:42,199 [main] INFO  handler.ContextHandler (ContextHandler.java:doStart(781)) - Started o.e.j.w.WebAppContext@c677d7e{/,file:///tmp/jetty-0.0.0.0-43425-hddsDatanode-_-any-6912816331164508693.dir/webapp/,AVAILABLE}{/hddsDatanode}
2019-08-20 19:14:42,200 [main] INFO  server.AbstractConnector (AbstractConnector.java:doStart(278)) - Started ServerConnector@215a0264{HTTP/1.1,[http/1.1]}{0.0.0.0:43425}
2019-08-20 19:14:42,201 [main] INFO  server.Server (Server.java:doStart(419)) - Started @60817ms
2019-08-20 19:14:42,202 [main] INFO  server.BaseHttpServer (BaseHttpServer.java:updateConnectorAddress(213)) - HTTP server of HDDSDATANODE is listening at http://0.0.0.0:43425
2019-08-20 19:14:42,327 | INFO  | ObjectStoreRestHttpServer | Listening HDDS REST traffic on /0.0.0.0:35169 |  
2019-08-20 19:14:42,328 [main] INFO  ozone.HddsDatanodeService (HddsDatanodeService.java:startPlugins(395)) - Started plug-in org.apache.hadoop.ozone.web.OzoneHddsDatanodeService@467a2584
2019-08-20 19:14:42,328 [main] INFO  ozone.MiniOzoneClusterImpl (MiniOzoneClusterImpl.java:lambda$waitForClusterToBeReady$0(142)) - Waiting for cluster to be ready. Got 0 of 7 DN Heartbeats.
2019-08-20 19:14:42,331 [org.apache.hadoop.util.JvmPauseMonitor$Monitor@49e38a22] INFO  util.JvmPauseMonitor (JvmPauseMonitor.java:run(188)) - Starting JVM pause monitor
2019-08-20 19:14:42,332 [Datanode State Machine Thread - 0] INFO  datanode.InitDatanodeState (InitDatanodeState.java:persistContainerDatanodeDetails(140)) - DatanodeDetails is persisted to /workdir/hadoop-ozone/integration-test/target/test-dir/MiniOzoneClusterImpl-dcd12998-9865-489a-a0f8-9e63b4ee21e6/datanode-6/meta/datanode.id
2019-08-20 19:14:42,964 | INFO  | SCMAudit | user=jenkins1000 | ip=192.168.69.105 | op=GET_VERSION null | ret=SUCCESS |  
2019-08-20 19:14:42,981 [Datanode State Machine Thread - 0] INFO  ozoneimpl.OzoneContainer (OzoneContainer.java:start(186)) - Attempting to start container services.
2019-08-20 19:14:42,982 [Datanode State Machine Thread - 0] INFO  ozoneimpl.OzoneContainer (OzoneContainer.java:startContainerScrub(160)) - Background container scrubber has been disabled by hdds.containerscrub.enabled
2019-08-20 19:14:42,982 [Datanode State Machine Thread - 0] INFO  ratis.XceiverServerRatis (XceiverServerRatis.java:start(404)) - Starting XceiverServerRatis 16f059df-d226-4022-8e81-046858cbfecb at port 0
2019-08-20 19:14:42,990 [Datanode State Machine Thread - 0] INFO  impl.RaftServerProxy (RaftServerProxy.java:lambda$start$3(299)) - 16f059df-d226-4022-8e81-046858cbfecb: start RPC server
2019-08-20 19:14:42,992 [Datanode State Machine Thread - 0] INFO  server.GrpcService (GrpcService.java:startImpl(149)) - 16f059df-d226-4022-8e81-046858cbfecb: GrpcService started, listening on 0.0.0.0/0.0.0.0:37581
2019-08-20 19:14:42,993 [Datanode State Machine Thread - 0] INFO  ratis.XceiverServerRatis (XceiverServerRatis.java:start(414)) - XceiverServerRatis 16f059df-d226-4022-8e81-046858cbfecb is started using port 37581
2019-08-20 19:14:42,996 [Datanode State Machine Thread - 0] INFO  server.XceiverServerGrpc (XceiverServerGrpc.java:start(161)) - XceiverServerGrpc 16f059df-d226-4022-8e81-046858cbfecb is started using port 44762
2019-08-20 19:14:43,172 | INFO  | SCMAudit | user=jenkins1000 | ip=192.168.69.105 | op=GET_VERSION null | ret=SUCCESS |  
2019-08-20 19:14:43,185 [Datanode State Machine Thread - 0] INFO  ozoneimpl.OzoneContainer (OzoneContainer.java:start(186)) - Attempting to start container services.
2019-08-20 19:14:43,191 [Datanode State Machine Thread - 0] INFO  ozoneimpl.OzoneContainer (OzoneContainer.java:startContainerScrub(160)) - Background container scrubber has been disabled by hdds.containerscrub.enabled
2019-08-20 19:14:43,191 [Datanode State Machine Thread - 0] INFO  ratis.XceiverServerRatis (XceiverServerRatis.java:start(404)) - Starting XceiverServerRatis e4f90e61-f3c9-4b9d-bc15-ac0e2b79db86 at port 0
2019-08-20 19:14:43,196 [Datanode State Machine Thread - 0] INFO  impl.RaftServerProxy (RaftServerProxy.java:lambda$start$3(299)) - e4f90e61-f3c9-4b9d-bc15-ac0e2b79db86: start RPC server
2019-08-20 19:14:43,197 [Datanode State Machine Thread - 0] INFO  server.GrpcService (GrpcService.java:startImpl(149)) - e4f90e61-f3c9-4b9d-bc15-ac0e2b79db86: GrpcService started, listening on 0.0.0.0/0.0.0.0:42207
2019-08-20 19:14:43,197 [Datanode State Machine Thread - 0] INFO  ratis.XceiverServerRatis (XceiverServerRatis.java:start(414)) - XceiverServerRatis e4f90e61-f3c9-4b9d-bc15-ac0e2b79db86 is started using port 42207
2019-08-20 19:14:43,202 [Datanode State Machine Thread - 0] INFO  server.XceiverServerGrpc (XceiverServerGrpc.java:start(161)) - XceiverServerGrpc e4f90e61-f3c9-4b9d-bc15-ac0e2b79db86 is started using port 34936
2019-08-20 19:14:43,330 [main] INFO  ozone.MiniOzoneClusterImpl (MiniOzoneClusterImpl.java:lambda$waitForClusterToBeReady$0(142)) - Waiting for cluster to be ready. Got 0 of 7 DN Heartbeats.
2019-08-20 19:14:43,380 | INFO  | SCMAudit | user=jenkins1000 | ip=192.168.69.105 | op=GET_VERSION null | ret=SUCCESS |  
2019-08-20 19:14:43,396 [Datanode State Machine Thread - 0] INFO  ozoneimpl.OzoneContainer (OzoneContainer.java:start(186)) - Attempting to start container services.
2019-08-20 19:14:43,396 [Datanode State Machine Thread - 0] INFO  ozoneimpl.OzoneContainer (OzoneContainer.java:startContainerScrub(160)) - Background container scrubber has been disabled by hdds.containerscrub.enabled
2019-08-20 19:14:43,396 [Datanode State Machine Thread - 0] INFO  ratis.XceiverServerRatis (XceiverServerRatis.java:start(404)) - Starting XceiverServerRatis 91ae5334-971e-44ba-ab57-2ec2dd220942 at port 0
2019-08-20 19:14:43,402 [Datanode State Machine Thread - 0] INFO  impl.RaftServerProxy (RaftServerProxy.java:lambda$start$3(299)) - 91ae5334-971e-44ba-ab57-2ec2dd220942: start RPC server
2019-08-20 19:14:43,403 [Datanode State Machine Thread - 0] INFO  server.GrpcService (GrpcService.java:startImpl(149)) - 91ae5334-971e-44ba-ab57-2ec2dd220942: GrpcService started, listening on 0.0.0.0/0.0.0.0:35748
2019-08-20 19:14:43,403 [Datanode State Machine Thread - 0] INFO  ratis.XceiverServerRatis (XceiverServerRatis.java:start(414)) - XceiverServerRatis 91ae5334-971e-44ba-ab57-2ec2dd220942 is started using port 35748
2019-08-20 19:14:43,411 [Datanode State Machine Thread - 0] INFO  server.XceiverServerGrpc (XceiverServerGrpc.java:start(161)) - XceiverServerGrpc 91ae5334-971e-44ba-ab57-2ec2dd220942 is started using port 36013
2019-08-20 19:14:43,576 | INFO  | SCMAudit | user=jenkins1000 | ip=192.168.69.105 | op=GET_VERSION null | ret=SUCCESS |  
2019-08-20 19:14:43,590 [Datanode State Machine Thread - 0] INFO  ozoneimpl.OzoneContainer (OzoneContainer.java:start(186)) - Attempting to start container services.
2019-08-20 19:14:43,590 [Datanode State Machine Thread - 0] INFO  ozoneimpl.OzoneContainer (OzoneContainer.java:startContainerScrub(160)) - Background container scrubber has been disabled by hdds.containerscrub.enabled
2019-08-20 19:14:43,590 [Datanode State Machine Thread - 0] INFO  ratis.XceiverServerRatis (XceiverServerRatis.java:start(404)) - Starting XceiverServerRatis 340027e2-c19a-4ce0-8fe2-d5928ef30461 at port 0
2019-08-20 19:14:43,595 [Datanode State Machine Thread - 0] INFO  impl.RaftServerProxy (RaftServerProxy.java:lambda$start$3(299)) - 340027e2-c19a-4ce0-8fe2-d5928ef30461: start RPC server
2019-08-20 19:14:43,596 [Datanode State Machine Thread - 0] INFO  server.GrpcService (GrpcService.java:startImpl(149)) - 340027e2-c19a-4ce0-8fe2-d5928ef30461: GrpcService started, listening on 0.0.0.0/0.0.0.0:36582
2019-08-20 19:14:43,596 [Datanode State Machine Thread - 0] INFO  ratis.XceiverServerRatis (XceiverServerRatis.java:start(414)) - XceiverServerRatis 340027e2-c19a-4ce0-8fe2-d5928ef30461 is started using port 36582
2019-08-20 19:14:43,596 [Datanode State Machine Thread - 0] INFO  server.XceiverServerGrpc (XceiverServerGrpc.java:start(161)) - XceiverServerGrpc 340027e2-c19a-4ce0-8fe2-d5928ef30461 is started using port 36100
2019-08-20 19:14:43,913 | INFO  | SCMAudit | user=jenkins1000 | ip=192.168.69.105 | op=GET_VERSION null | ret=SUCCESS |  
2019-08-20 19:14:43,927 [Datanode State Machine Thread - 0] INFO  ozoneimpl.OzoneContainer (OzoneContainer.java:start(186)) - Attempting to start container services.
2019-08-20 19:14:43,928 [Datanode State Machine Thread - 0] INFO  ozoneimpl.OzoneContainer (OzoneContainer.java:startContainerScrub(160)) - Background container scrubber has been disabled by hdds.containerscrub.enabled
2019-08-20 19:14:43,928 [Datanode State Machine Thread - 0] INFO  ratis.XceiverServerRatis (XceiverServerRatis.java:start(404)) - Starting XceiverServerRatis 4033865b-8d67-417a-8575-039c711fd8ba at port 0
2019-08-20 19:14:43,933 [Datanode State Machine Thread - 0] INFO  impl.RaftServerProxy (RaftServerProxy.java:lambda$start$3(299)) - 4033865b-8d67-417a-8575-039c711fd8ba: start RPC server
2019-08-20 19:14:43,934 [Datanode State Machine Thread - 0] INFO  server.GrpcService (GrpcService.java:startImpl(149)) - 4033865b-8d67-417a-8575-039c711fd8ba: GrpcService started, listening on 0.0.0.0/0.0.0.0:35380
2019-08-20 19:14:43,934 [Datanode State Machine Thread - 0] INFO  ratis.XceiverServerRatis (XceiverServerRatis.java:start(414)) - XceiverServerRatis 4033865b-8d67-417a-8575-039c711fd8ba is started using port 35380
2019-08-20 19:14:43,935 [Datanode State Machine Thread - 0] INFO  server.XceiverServerGrpc (XceiverServerGrpc.java:start(161)) - XceiverServerGrpc 4033865b-8d67-417a-8575-039c711fd8ba is started using port 37637
2019-08-20 19:14:44,118 | INFO  | SCMAudit | user=jenkins1000 | ip=192.168.69.105 | op=GET_VERSION null | ret=SUCCESS |  
2019-08-20 19:14:44,131 [Datanode State Machine Thread - 0] INFO  ozoneimpl.OzoneContainer (OzoneContainer.java:start(186)) - Attempting to start container services.
2019-08-20 19:14:44,132 [Datanode State Machine Thread - 0] INFO  ozoneimpl.OzoneContainer (OzoneContainer.java:startContainerScrub(160)) - Background container scrubber has been disabled by hdds.containerscrub.enabled
2019-08-20 19:14:44,132 [Datanode State Machine Thread - 0] INFO  ratis.XceiverServerRatis (XceiverServerRatis.java:start(404)) - Starting XceiverServerRatis e274e395-c7b6-408d-a6b4-4add6056d6d1 at port 0
2019-08-20 19:14:44,138 [Datanode State Machine Thread - 0] INFO  impl.RaftServerProxy (RaftServerProxy.java:lambda$start$3(299)) - e274e395-c7b6-408d-a6b4-4add6056d6d1: start RPC server
2019-08-20 19:14:44,139 [Datanode State Machine Thread - 0] INFO  server.GrpcService (GrpcService.java:startImpl(149)) - e274e395-c7b6-408d-a6b4-4add6056d6d1: GrpcService started, listening on 0.0.0.0/0.0.0.0:35007
2019-08-20 19:14:44,139 [Datanode State Machine Thread - 0] INFO  ratis.XceiverServerRatis (XceiverServerRatis.java:start(414)) - XceiverServerRatis e274e395-c7b6-408d-a6b4-4add6056d6d1 is started using port 35007
2019-08-20 19:14:44,141 [Datanode State Machine Thread - 0] INFO  server.XceiverServerGrpc (XceiverServerGrpc.java:start(161)) - XceiverServerGrpc e274e395-c7b6-408d-a6b4-4add6056d6d1 is started using port 46283
2019-08-20 19:14:44,330 [main] INFO  ozone.MiniOzoneClusterImpl (MiniOzoneClusterImpl.java:lambda$waitForClusterToBeReady$0(142)) - Waiting for cluster to be ready. Got 0 of 7 DN Heartbeats.
2019-08-20 19:14:44,332 | INFO  | SCMAudit | user=jenkins1000 | ip=192.168.69.105 | op=GET_VERSION null | ret=SUCCESS |  
2019-08-20 19:14:44,346 [Datanode State Machine Thread - 0] INFO  ozoneimpl.OzoneContainer (OzoneContainer.java:start(186)) - Attempting to start container services.
2019-08-20 19:14:44,346 [Datanode State Machine Thread - 0] INFO  ozoneimpl.OzoneContainer (OzoneContainer.java:startContainerScrub(160)) - Background container scrubber has been disabled by hdds.containerscrub.enabled
2019-08-20 19:14:44,346 [Datanode State Machine Thread - 0] INFO  ratis.XceiverServerRatis (XceiverServerRatis.java:start(404)) - Starting XceiverServerRatis 1df1583d-c3bd-46e3-b5a9-7f01f9158e7c at port 0
2019-08-20 19:14:44,353 [Datanode State Machine Thread - 0] INFO  impl.RaftServerProxy (RaftServerProxy.java:lambda$start$3(299)) - 1df1583d-c3bd-46e3-b5a9-7f01f9158e7c: start RPC server
2019-08-20 19:14:44,357 [Datanode State Machine Thread - 0] INFO  server.GrpcService (GrpcService.java:startImpl(149)) - 1df1583d-c3bd-46e3-b5a9-7f01f9158e7c: GrpcService started, listening on 0.0.0.0/0.0.0.0:38948
2019-08-20 19:14:44,357 [Datanode State Machine Thread - 0] INFO  ratis.XceiverServerRatis (XceiverServerRatis.java:start(414)) - XceiverServerRatis 1df1583d-c3bd-46e3-b5a9-7f01f9158e7c is started using port 38948
2019-08-20 19:14:44,357 [Datanode State Machine Thread - 0] INFO  server.XceiverServerGrpc (XceiverServerGrpc.java:start(161)) - XceiverServerGrpc 1df1583d-c3bd-46e3-b5a9-7f01f9158e7c is started using port 43211
2019-08-20 19:14:44,964 [IPC Server handler 4 on 45411] INFO  net.NetworkTopology (NetworkTopologyImpl.java:add(110)) - Added a new node: /default-rack/16f059df-d226-4022-8e81-046858cbfecb
2019-08-20 19:14:44,968 [IPC Server handler 4 on 45411] INFO  node.SCMNodeManager (SCMNodeManager.java:register(273)) - Registered Data node : 16f059df-d226-4022-8e81-046858cbfecb{ip: 192.168.69.105, host: pr-hdds-165-w559s-1850982102, networkLocation: /default-rack, certSerialId: null}
2019-08-20 19:14:44,969 [EventQueue-NodeRegistrationContainerReportForDataNodeSafeModeRule] INFO  safemode.SCMSafeModeManager (DataNodeSafeModeRule.java:process(71)) - SCM in safe mode. 1 DataNodes registered, 1 required.
2019-08-20 19:14:44,969 | INFO  | SCMAudit | user=jenkins1000 | ip=192.168.69.105 | op=REGISTER {datanodeDetails=16f059df-d226-4022-8e81-046858cbfecb{ip: 192.168.69.105, host: pr-hdds-165-w559s-1850982102, networkLocation: /default-rack, certSerialId: null}} | ret=SUCCESS |  
2019-08-20 19:14:44,971 [EventQueue-NodeRegistrationContainerReportForDataNodeSafeModeRule] INFO  safemode.SCMSafeModeManager (SCMSafeModeManager.java:validateSafeModeExitRules(177)) - ScmSafeModeManager, all rules are successfully validated
2019-08-20 19:14:44,972 [EventQueue-NodeRegistrationContainerReportForDataNodeSafeModeRule] INFO  safemode.SCMSafeModeManager (SCMSafeModeManager.java:exitSafeMode(193)) - SCM exiting safe mode.
2019-08-20 19:14:44,986 [grpc-default-executor-1] INFO  impl.RaftServerProxy (RaftServerProxy.java:addNew(89)) - 16f059df-d226-4022-8e81-046858cbfecb: addNew group-91405595A670:[16f059df-d226-4022-8e81-046858cbfecb:192.168.69.105:37581] returns group-91405595A670:java.util.concurrent.CompletableFuture@6ab5b92f[Not completed]
2019-08-20 19:14:44,988 [pool-126-thread-1] INFO  impl.RaftServerImpl (RaftServerImpl.java:<init>(93)) - 16f059df-d226-4022-8e81-046858cbfecb: new RaftServerImpl for group-91405595A670:[16f059df-d226-4022-8e81-046858cbfecb:192.168.69.105:37581] with ContainerStateMachine:uninitialized
2019-08-20 19:14:44,988 [pool-126-thread-1] INFO  server.RaftServerConfigKeys (ConfUtils.java:logGet(43)) - raft.server.rpc.timeout.min = 5s (custom)
2019-08-20 19:14:44,988 [pool-126-thread-1] INFO  server.RaftServerConfigKeys (ConfUtils.java:logGet(43)) - raft.server.rpc.timeout.max = 5200ms (custom)
2019-08-20 19:14:44,989 [pool-126-thread-1] INFO  server.RaftServerConfigKeys (ConfUtils.java:logGet(43)) - raft.server.rpcslowness.timeout = 120s (custom)
2019-08-20 19:14:44,989 [pool-126-thread-1] INFO  server.RaftServerConfigKeys (ConfUtils.java:logGet(43)) - raft.server.sleep.deviation.threshold = 300 (default)
2019-08-20 19:14:44,989 [pool-126-thread-1] INFO  server.RaftServerConfigKeys (ConfUtils.java:logGet(43)) - raft.server.log.appender.install.snapshot.enabled = false (custom)
2019-08-20 19:14:44,989 [pool-126-thread-1] INFO  impl.RaftServerImpl (ServerState.java:<init>(105)) - 16f059df-d226-4022-8e81-046858cbfecb:group-91405595A670 ConfigurationManager, init=-1: [16f059df-d226-4022-8e81-046858cbfecb:192.168.69.105:37581], old=null, confs=<EMPTY_MAP>
2019-08-20 19:14:44,989 [pool-126-thread-1] INFO  server.RaftServerConfigKeys (ConfUtils.java:logGet(43)) - raft.server.storage.dir = [/workdir/hadoop-ozone/integration-test/target/test-dir/MiniOzoneClusterImpl-dcd12998-9865-489a-a0f8-9e63b4ee21e6/datanode-0/data/ratis] (custom)
2019-08-20 19:14:44,990 [pool-126-thread-1] INFO  storage.RaftStorageDirectory (RaftStorageDirectory.java:analyzeStorage(246)) - The storage directory /workdir/hadoop-ozone/integration-test/target/test-dir/MiniOzoneClusterImpl-dcd12998-9865-489a-a0f8-9e63b4ee21e6/datanode-0/data/ratis/df47e0ba-7607-4a3a-8742-91405595a670 does not exist. Creating ...
2019-08-20 19:14:45,003 [pool-126-thread-1] INFO  storage.RaftStorageDirectory (RaftStorageDirectory.java:tryLock(328)) - Lock on /workdir/hadoop-ozone/integration-test/target/test-dir/MiniOzoneClusterImpl-dcd12998-9865-489a-a0f8-9e63b4ee21e6/datanode-0/data/ratis/df47e0ba-7607-4a3a-8742-91405595a670/in_use.lock acquired by nodename 5147@pr-hdds-165-w559s-1850982102
2019-08-20 19:14:45,016 [pool-126-thread-1] INFO  storage.RaftStorage (RaftStorage.java:format(72)) - Storage directory /workdir/hadoop-ozone/integration-test/target/test-dir/MiniOzoneClusterImpl-dcd12998-9865-489a-a0f8-9e63b4ee21e6/datanode-0/data/ratis/df47e0ba-7607-4a3a-8742-91405595a670 has been successfully formatted.
2019-08-20 19:14:45,016 [pool-126-thread-1] INFO  ratis.ContainerStateMachine (ContainerStateMachine.java:loadSnapshot(226)) - group-91405595A670: The snapshot info is null. Setting the last applied indexto:(t:0, i:~)
2019-08-20 19:14:45,016 [pool-126-thread-1] INFO  server.RaftServerConfigKeys (ConfUtils.java:logGet(43)) - raft.server.leader.election.timeout = 120s (custom)
2019-08-20 19:14:45,016 [pool-126-thread-1] INFO  server.RaftServerConfigKeys (ConfUtils.java:logGet(43)) - raft.server.log.use.memory = false (default)
2019-08-20 19:14:45,017 [pool-126-thread-1] INFO  server.RaftServerConfigKeys (ConfUtils.java:logGet(43)) - raft.server.log.purge.gap = 1000000 (custom)
2019-08-20 19:14:45,017 [pool-126-thread-1] INFO  server.RaftServerConfigKeys (ConfUtils.java:logGet(43)) - raft.server.log.appender.buffer.byte-limit = 33554432 (custom)
2019-08-20 19:14:45,017 [pool-126-thread-1] INFO  server.RaftServerConfigKeys (ConfUtils.java:logGet(43)) - raft.server.log.segment.size.max = 1048576 (custom)
2019-08-20 19:14:45,017 [pool-126-thread-1] INFO  server.RaftServerConfigKeys (ConfUtils.java:logGet(43)) - raft.server.log.segment.cache.num.max = 2 (custom)
2019-08-20 19:14:45,017 [pool-126-thread-1] INFO  segmented.SegmentedRaftLogWorker (SegmentedRaftLogWorker.java:<init>(172)) - new 16f059df-d226-4022-8e81-046858cbfecb-SegmentedRaftLogWorker:Storage Directory /workdir/hadoop-ozone/integration-test/target/test-dir/MiniOzoneClusterImpl-dcd12998-9865-489a-a0f8-9e63b4ee21e6/datanode-0/data/ratis/df47e0ba-7607-4a3a-8742-91405595a670 for RaftStorage:Storage Directory /workdir/hadoop-ozone/integration-test/target/test-dir/MiniOzoneClusterImpl-dcd12998-9865-489a-a0f8-9e63b4ee21e6/datanode-0/data/ratis/df47e0ba-7607-4a3a-8742-91405595a670
2019-08-20 19:14:45,017 [pool-126-thread-1] INFO  server.RaftServerConfigKeys (ConfUtils.java:logGet(43)) - raft.server.log.queue.byte-limit = 2147483647 (custom)
2019-08-20 19:14:45,018 [pool-126-thread-1] INFO  server.RaftServerConfigKeys (ConfUtils.java:logGet(43)) - raft.server.log.queue.element-limit = 1024 (custom)
2019-08-20 19:14:45,018 [pool-126-thread-1] INFO  server.RaftServerConfigKeys (ConfUtils.java:logGet(43)) - raft.server.log.segment.size.max = 1048576 (custom)
2019-08-20 19:14:45,018 [pool-126-thread-1] INFO  server.RaftServerConfigKeys (ConfUtils.java:logGet(43)) - raft.server.log.preallocated.size = 16384 (custom)
2019-08-20 19:14:45,018 [pool-126-thread-1] INFO  server.RaftServerConfigKeys (ConfUtils.java:logGet(43)) - raft.server.log.write.buffer.size = 33554432 (custom)
2019-08-20 19:14:45,018 [pool-126-thread-1] INFO  server.RaftServerConfigKeys (ConfUtils.java:logGet(43)) - raft.server.log.force.sync.num = 128 (default)
2019-08-20 19:14:45,019 [pool-126-thread-1] INFO  server.RaftServerConfigKeys (ConfUtils.java:logGet(43)) - raft.server.log.statemachine.data.sync = true (default)
2019-08-20 19:14:45,019 [pool-126-thread-1] INFO  server.RaftServerConfigKeys (ConfUtils.java:logGet(43)) - raft.server.log.statemachine.data.sync.timeout = 10s (default)
2019-08-20 19:14:45,019 [pool-126-thread-1] INFO  server.RaftServerConfigKeys (ConfUtils.java:logGet(43)) - raft.server.log.statemachine.data.sync.timeout.retry = -1 (default)
2019-08-20 19:14:45,019 [pool-126-thread-1] INFO  server.RaftServerConfigKeys (ConfUtils.java:logGet(43)) - raft.server.log.statemachine.data.caching.enabled = true (custom)
2019-08-20 19:14:45,019 [pool-126-thread-1] INFO  segmented.SegmentedRaftLogWorker (SegmentedRaftLogWorker.java:lambda$new$0(132)) - 16f059df-d226-4022-8e81-046858cbfecb-SegmentedRaftLogWorker:Storage Directory /workdir/hadoop-ozone/integration-test/target/test-dir/MiniOzoneClusterImpl-dcd12998-9865-489a-a0f8-9e63b4ee21e6/datanode-0/data/ratis/df47e0ba-7607-4a3a-8742-91405595a670: flushIndex: setUnconditionally 0 -> -1
2019-08-20 19:14:45,020 [pool-126-thread-1] INFO  server.RaftServerConfigKeys (ConfUtils.java:logGet(43)) - raft.server.snapshot.auto.trigger.enabled = true (custom)
2019-08-20 19:14:45,020 [pool-126-thread-1] INFO  server.RaftServerConfigKeys (ConfUtils.java:logGet(43)) - raft.server.snapshot.auto.trigger.threshold = 10000 (custom)
2019-08-20 19:14:45,020 [pool-126-thread-1] INFO  server.RaftServerConfigKeys (ConfUtils.java:logGet(43)) - raft.server.retrycache.expirytime = 600000ms (custom)
2019-08-20 19:14:45,020 [pool-126-thread-1] INFO  impl.RaftServerImpl (RaftServerImpl.java:start(180)) - 16f059df-d226-4022-8e81-046858cbfecb: start group-91405595A670
2019-08-20 19:14:45,020 [pool-126-thread-1] INFO  impl.RaftServerImpl (RaftServerImpl.java:setRole(171)) - 16f059df-d226-4022-8e81-046858cbfecb:group-91405595A670 changes role from null to FOLLOWER at term 0 for startAsFollower
2019-08-20 19:14:45,021 [pool-126-thread-1] INFO  impl.RoleInfo (RoleInfo.java:updateAndGet(143)) - 16f059df-d226-4022-8e81-046858cbfecb: start FollowerState
2019-08-20 19:14:45,022 [pool-126-thread-1] INFO  util.JmxRegister (JmxRegister.java:tryRegister(44)) - Successfully registered JMX Bean with object name Ratis:service=RaftServer,group=group-91405595A670,id=16f059df-d226-4022-8e81-046858cbfecb
2019-08-20 19:14:45,025 [RatisPipelineUtilsThread] INFO  pipeline.PipelineStateManager (PipelineStateManager.java:addPipeline(56)) - Created pipeline Pipeline[ Id: df47e0ba-7607-4a3a-8742-91405595a670, Nodes: 16f059df-d226-4022-8e81-046858cbfecb{ip: 192.168.69.105, host: pr-hdds-165-w559s-1850982102, networkLocation: /default-rack, certSerialId: null}, Type:RATIS, Factor:ONE, State:OPEN]
2019-08-20 19:14:45,173 [IPC Server handler 1 on 45411] INFO  net.NetworkTopology (NetworkTopologyImpl.java:add(110)) - Added a new node: /default-rack/e4f90e61-f3c9-4b9d-bc15-ac0e2b79db86
2019-08-20 19:14:45,174 [IPC Server handler 1 on 45411] INFO  node.SCMNodeManager (SCMNodeManager.java:register(273)) - Registered Data node : e4f90e61-f3c9-4b9d-bc15-ac0e2b79db86{ip: 192.168.69.105, host: pr-hdds-165-w559s-1850982102, networkLocation: /default-rack, certSerialId: null}
2019-08-20 19:14:45,174 | INFO  | SCMAudit | user=jenkins1000 | ip=192.168.69.105 | op=REGISTER {datanodeDetails=e4f90e61-f3c9-4b9d-bc15-ac0e2b79db86{ip: 192.168.69.105, host: pr-hdds-165-w559s-1850982102, networkLocation: /default-rack, certSerialId: null}} | ret=SUCCESS |  
2019-08-20 19:14:45,184 [grpc-default-executor-1] INFO  impl.RaftServerProxy (RaftServerProxy.java:addNew(89)) - e4f90e61-f3c9-4b9d-bc15-ac0e2b79db86: addNew group-78CD8E26C553:[e4f90e61-f3c9-4b9d-bc15-ac0e2b79db86:192.168.69.105:42207] returns group-78CD8E26C553:java.util.concurrent.CompletableFuture@2b22e825[Not completed]
2019-08-20 19:14:45,187 [pool-137-thread-1] INFO  impl.RaftServerImpl (RaftServerImpl.java:<init>(93)) - e4f90e61-f3c9-4b9d-bc15-ac0e2b79db86: new RaftServerImpl for group-78CD8E26C553:[e4f90e61-f3c9-4b9d-bc15-ac0e2b79db86:192.168.69.105:42207] with ContainerStateMachine:uninitialized
2019-08-20 19:14:45,187 [pool-137-thread-1] INFO  server.RaftServerConfigKeys (ConfUtils.java:logGet(43)) - raft.server.rpc.timeout.min = 5s (custom)
2019-08-20 19:14:45,187 [pool-137-thread-1] INFO  server.RaftServerConfigKeys (ConfUtils.java:logGet(43)) - raft.server.rpc.timeout.max = 5200ms (custom)
2019-08-20 19:14:45,187 [pool-137-thread-1] INFO  server.RaftServerConfigKeys (ConfUtils.java:logGet(43)) - raft.server.rpcslowness.timeout = 120s (custom)
2019-08-20 19:14:45,188 [pool-137-thread-1] INFO  server.RaftServerConfigKeys (ConfUtils.java:logGet(43)) - raft.server.sleep.deviation.threshold = 300 (default)
2019-08-20 19:14:45,188 [pool-137-thread-1] INFO  server.RaftServerConfigKeys (ConfUtils.java:logGet(43)) - raft.server.log.appender.install.snapshot.enabled = false (custom)
2019-08-20 19:14:45,188 [pool-137-thread-1] INFO  impl.RaftServerImpl (ServerState.java:<init>(105)) - e4f90e61-f3c9-4b9d-bc15-ac0e2b79db86:group-78CD8E26C553 ConfigurationManager, init=-1: [e4f90e61-f3c9-4b9d-bc15-ac0e2b79db86:192.168.69.105:42207], old=null, confs=<EMPTY_MAP>
2019-08-20 19:14:45,188 [pool-137-thread-1] INFO  server.RaftServerConfigKeys (ConfUtils.java:logGet(43)) - raft.server.storage.dir = [/workdir/hadoop-ozone/integration-test/target/test-dir/MiniOzoneClusterImpl-dcd12998-9865-489a-a0f8-9e63b4ee21e6/datanode-1/data/ratis] (custom)
2019-08-20 19:14:45,188 [pool-137-thread-1] INFO  storage.RaftStorageDirectory (RaftStorageDirectory.java:analyzeStorage(246)) - The storage directory /workdir/hadoop-ozone/integration-test/target/test-dir/MiniOzoneClusterImpl-dcd12998-9865-489a-a0f8-9e63b4ee21e6/datanode-1/data/ratis/d1b9b464-1c2e-41e3-9663-78cd8e26c553 does not exist. Creating ...
2019-08-20 19:14:45,201 [pool-137-thread-1] INFO  storage.RaftStorageDirectory (RaftStorageDirectory.java:tryLock(328)) - Lock on /workdir/hadoop-ozone/integration-test/target/test-dir/MiniOzoneClusterImpl-dcd12998-9865-489a-a0f8-9e63b4ee21e6/datanode-1/data/ratis/d1b9b464-1c2e-41e3-9663-78cd8e26c553/in_use.lock acquired by nodename 5147@pr-hdds-165-w559s-1850982102
2019-08-20 19:14:45,214 [pool-137-thread-1] INFO  storage.RaftStorage (RaftStorage.java:format(72)) - Storage directory /workdir/hadoop-ozone/integration-test/target/test-dir/MiniOzoneClusterImpl-dcd12998-9865-489a-a0f8-9e63b4ee21e6/datanode-1/data/ratis/d1b9b464-1c2e-41e3-9663-78cd8e26c553 has been successfully formatted.
2019-08-20 19:14:45,215 [pool-137-thread-1] INFO  ratis.ContainerStateMachine (ContainerStateMachine.java:loadSnapshot(226)) - group-78CD8E26C553: The snapshot info is null. Setting the last applied indexto:(t:0, i:~)
2019-08-20 19:14:45,215 [pool-137-thread-1] INFO  server.RaftServerConfigKeys (ConfUtils.java:logGet(43)) - raft.server.leader.election.timeout = 120s (custom)
2019-08-20 19:14:45,215 [pool-137-thread-1] INFO  server.RaftServerConfigKeys (ConfUtils.java:logGet(43)) - raft.server.log.use.memory = false (default)
2019-08-20 19:14:45,216 [pool-137-thread-1] INFO  server.RaftServerConfigKeys (ConfUtils.java:logGet(43)) - raft.server.log.purge.gap = 1000000 (custom)
2019-08-20 19:14:45,216 [pool-137-thread-1] INFO  server.RaftServerConfigKeys (ConfUtils.java:logGet(43)) - raft.server.log.appender.buffer.byte-limit = 33554432 (custom)
2019-08-20 19:14:45,216 [pool-137-thread-1] INFO  server.RaftServerConfigKeys (ConfUtils.java:logGet(43)) - raft.server.log.segment.size.max = 1048576 (custom)
2019-08-20 19:14:45,216 [pool-137-thread-1] INFO  server.RaftServerConfigKeys (ConfUtils.java:logGet(43)) - raft.server.log.segment.cache.num.max = 2 (custom)
2019-08-20 19:14:45,216 [pool-137-thread-1] INFO  segmented.SegmentedRaftLogWorker (SegmentedRaftLogWorker.java:<init>(172)) - new e4f90e61-f3c9-4b9d-bc15-ac0e2b79db86-SegmentedRaftLogWorker:Storage Directory /workdir/hadoop-ozone/integration-test/target/test-dir/MiniOzoneClusterImpl-dcd12998-9865-489a-a0f8-9e63b4ee21e6/datanode-1/data/ratis/d1b9b464-1c2e-41e3-9663-78cd8e26c553 for RaftStorage:Storage Directory /workdir/hadoop-ozone/integration-test/target/test-dir/MiniOzoneClusterImpl-dcd12998-9865-489a-a0f8-9e63b4ee21e6/datanode-1/data/ratis/d1b9b464-1c2e-41e3-9663-78cd8e26c553
2019-08-20 19:14:45,217 [pool-137-thread-1] INFO  server.RaftServerConfigKeys (ConfUtils.java:logGet(43)) - raft.server.log.queue.byte-limit = 2147483647 (custom)
2019-08-20 19:14:45,217 [pool-137-thread-1] INFO  server.RaftServerConfigKeys (ConfUtils.java:logGet(43)) - raft.server.log.queue.element-limit = 1024 (custom)
2019-08-20 19:14:45,217 [pool-137-thread-1] INFO  server.RaftServerConfigKeys (ConfUtils.java:logGet(43)) - raft.server.log.segment.size.max = 1048576 (custom)
2019-08-20 19:14:45,217 [pool-137-thread-1] INFO  server.RaftServerConfigKeys (ConfUtils.java:logGet(43)) - raft.server.log.preallocated.size = 16384 (custom)
2019-08-20 19:14:45,218 [pool-137-thread-1] INFO  server.RaftServerConfigKeys (ConfUtils.java:logGet(43)) - raft.server.log.write.buffer.size = 33554432 (custom)
2019-08-20 19:14:45,218 [pool-137-thread-1] INFO  server.RaftServerConfigKeys (ConfUtils.java:logGet(43)) - raft.server.log.force.sync.num = 128 (default)
2019-08-20 19:14:45,218 [pool-137-thread-1] INFO  server.RaftServerConfigKeys (ConfUtils.java:logGet(43)) - raft.server.log.statemachine.data.sync = true (default)
2019-08-20 19:14:45,218 [pool-137-thread-1] INFO  server.RaftServerConfigKeys (ConfUtils.java:logGet(43)) - raft.server.log.statemachine.data.sync.timeout = 10s (default)
2019-08-20 19:14:45,218 [pool-137-thread-1] INFO  server.RaftServerConfigKeys (ConfUtils.java:logGet(43)) - raft.server.log.statemachine.data.sync.timeout.retry = -1 (default)
2019-08-20 19:14:45,219 [pool-137-thread-1] INFO  server.RaftServerConfigKeys (ConfUtils.java:logGet(43)) - raft.server.log.statemachine.data.caching.enabled = true (custom)
2019-08-20 19:14:45,219 [pool-137-thread-1] INFO  segmented.SegmentedRaftLogWorker (SegmentedRaftLogWorker.java:lambda$new$0(132)) - e4f90e61-f3c9-4b9d-bc15-ac0e2b79db86-SegmentedRaftLogWorker:Storage Directory /workdir/hadoop-ozone/integration-test/target/test-dir/MiniOzoneClusterImpl-dcd12998-9865-489a-a0f8-9e63b4ee21e6/datanode-1/data/ratis/d1b9b464-1c2e-41e3-9663-78cd8e26c553: flushIndex: setUnconditionally 0 -> -1
2019-08-20 19:14:45,219 [pool-137-thread-1] INFO  server.RaftServerConfigKeys (ConfUtils.java:logGet(43)) - raft.server.snapshot.auto.trigger.enabled = true (custom)
2019-08-20 19:14:45,220 [pool-137-thread-1] INFO  server.RaftServerConfigKeys (ConfUtils.java:logGet(43)) - raft.server.snapshot.auto.trigger.threshold = 10000 (custom)
2019-08-20 19:14:45,220 [pool-137-thread-1] INFO  server.RaftServerConfigKeys (ConfUtils.java:logGet(43)) - raft.server.retrycache.expirytime = 600000ms (custom)
2019-08-20 19:14:45,220 [pool-137-thread-1] INFO  impl.RaftServerImpl (RaftServerImpl.java:start(180)) - e4f90e61-f3c9-4b9d-bc15-ac0e2b79db86: start group-78CD8E26C553
2019-08-20 19:14:45,220 [pool-137-thread-1] INFO  impl.RaftServerImpl (RaftServerImpl.java:setRole(171)) - e4f90e61-f3c9-4b9d-bc15-ac0e2b79db86:group-78CD8E26C553 changes role from null to FOLLOWER at term 0 for startAsFollower
2019-08-20 19:14:45,221 [pool-137-thread-1] INFO  impl.RoleInfo (RoleInfo.java:updateAndGet(143)) - e4f90e61-f3c9-4b9d-bc15-ac0e2b79db86: start FollowerState
2019-08-20 19:14:45,221 [pool-137-thread-1] INFO  util.JmxRegister (JmxRegister.java:tryRegister(44)) - Successfully registered JMX Bean with object name Ratis:service=RaftServer,group=group-78CD8E26C553,id=e4f90e61-f3c9-4b9d-bc15-ac0e2b79db86
2019-08-20 19:14:45,224 [RatisPipelineUtilsThread] INFO  pipeline.PipelineStateManager (PipelineStateManager.java:addPipeline(56)) - Created pipeline Pipeline[ Id: d1b9b464-1c2e-41e3-9663-78cd8e26c553, Nodes: e4f90e61-f3c9-4b9d-bc15-ac0e2b79db86{ip: 192.168.69.105, host: pr-hdds-165-w559s-1850982102, networkLocation: /default-rack, certSerialId: null}, Type:RATIS, Factor:ONE, State:OPEN]
2019-08-20 19:14:45,331 [main] INFO  ozone.MiniOzoneClusterImpl (MiniOzoneClusterImpl.java:lambda$waitForClusterToBeReady$0(142)) - Waiting for cluster to be ready. Got 2 of 7 DN Heartbeats.
2019-08-20 19:14:45,381 [IPC Server handler 3 on 45411] INFO  net.NetworkTopology (NetworkTopologyImpl.java:add(110)) - Added a new node: /default-rack/91ae5334-971e-44ba-ab57-2ec2dd220942
2019-08-20 19:14:45,382 [IPC Server handler 3 on 45411] INFO  node.SCMNodeManager (SCMNodeManager.java:register(273)) - Registered Data node : 91ae5334-971e-44ba-ab57-2ec2dd220942{ip: 192.168.69.105, host: pr-hdds-165-w559s-1850982102, networkLocation: /default-rack, certSerialId: null}
2019-08-20 19:14:45,382 | INFO  | SCMAudit | user=jenkins1000 | ip=192.168.69.105 | op=REGISTER {datanodeDetails=91ae5334-971e-44ba-ab57-2ec2dd220942{ip: 192.168.69.105, host: pr-hdds-165-w559s-1850982102, networkLocation: /default-rack, certSerialId: null}} | ret=SUCCESS |  
2019-08-20 19:14:45,392 [grpc-default-executor-1] INFO  impl.RaftServerProxy (RaftServerProxy.java:addNew(89)) - 91ae5334-971e-44ba-ab57-2ec2dd220942: addNew group-7B8917DEDEE2:[91ae5334-971e-44ba-ab57-2ec2dd220942:192.168.69.105:35748] returns group-7B8917DEDEE2:java.util.concurrent.CompletableFuture@38269680[Not completed]
2019-08-20 19:14:45,397 [pool-148-thread-1] INFO  impl.RaftServerImpl (RaftServerImpl.java:<init>(93)) - 91ae5334-971e-44ba-ab57-2ec2dd220942: new RaftServerImpl for group-7B8917DEDEE2:[91ae5334-971e-44ba-ab57-2ec2dd220942:192.168.69.105:35748] with ContainerStateMachine:uninitialized
2019-08-20 19:14:45,398 [pool-148-thread-1] INFO  server.RaftServerConfigKeys (ConfUtils.java:logGet(43)) - raft.server.rpc.timeout.min = 5s (custom)
2019-08-20 19:14:45,398 [pool-148-thread-1] INFO  server.RaftServerConfigKeys (ConfUtils.java:logGet(43)) - raft.server.rpc.timeout.max = 5200ms (custom)
2019-08-20 19:14:45,398 [pool-148-thread-1] INFO  server.RaftServerConfigKeys (ConfUtils.java:logGet(43)) - raft.server.rpcslowness.timeout = 120s (custom)
2019-08-20 19:14:45,398 [pool-148-thread-1] INFO  server.RaftServerConfigKeys (ConfUtils.java:logGet(43)) - raft.server.sleep.deviation.threshold = 300 (default)
2019-08-20 19:14:45,398 [pool-148-thread-1] INFO  server.RaftServerConfigKeys (ConfUtils.java:logGet(43)) - raft.server.log.appender.install.snapshot.enabled = false (custom)
2019-08-20 19:14:45,398 [pool-148-thread-1] INFO  impl.RaftServerImpl (ServerState.java:<init>(105)) - 91ae5334-971e-44ba-ab57-2ec2dd220942:group-7B8917DEDEE2 ConfigurationManager, init=-1: [91ae5334-971e-44ba-ab57-2ec2dd220942:192.168.69.105:35748], old=null, confs=<EMPTY_MAP>
2019-08-20 19:14:45,399 [pool-148-thread-1] INFO  server.RaftServerConfigKeys (ConfUtils.java:logGet(43)) - raft.server.storage.dir = [/workdir/hadoop-ozone/integration-test/target/test-dir/MiniOzoneClusterImpl-dcd12998-9865-489a-a0f8-9e63b4ee21e6/datanode-2/data/ratis] (custom)
2019-08-20 19:14:45,399 [pool-148-thread-1] INFO  storage.RaftStorageDirectory (RaftStorageDirectory.java:analyzeStorage(246)) - The storage directory /workdir/hadoop-ozone/integration-test/target/test-dir/MiniOzoneClusterImpl-dcd12998-9865-489a-a0f8-9e63b4ee21e6/datanode-2/data/ratis/a47d1590-70d8-436b-bf7b-7b8917dedee2 does not exist. Creating ...
2019-08-20 19:14:45,425 [pool-148-thread-1] INFO  storage.RaftStorageDirectory (RaftStorageDirectory.java:tryLock(328)) - Lock on /workdir/hadoop-ozone/integration-test/target/test-dir/MiniOzoneClusterImpl-dcd12998-9865-489a-a0f8-9e63b4ee21e6/datanode-2/data/ratis/a47d1590-70d8-436b-bf7b-7b8917dedee2/in_use.lock acquired by nodename 5147@pr-hdds-165-w559s-1850982102
2019-08-20 19:14:45,438 [pool-148-thread-1] INFO  storage.RaftStorage (RaftStorage.java:format(72)) - Storage directory /workdir/hadoop-ozone/integration-test/target/test-dir/MiniOzoneClusterImpl-dcd12998-9865-489a-a0f8-9e63b4ee21e6/datanode-2/data/ratis/a47d1590-70d8-436b-bf7b-7b8917dedee2 has been successfully formatted.
2019-08-20 19:14:45,438 [pool-148-thread-1] INFO  ratis.ContainerStateMachine (ContainerStateMachine.java:loadSnapshot(226)) - group-7B8917DEDEE2: The snapshot info is null. Setting the last applied indexto:(t:0, i:~)
2019-08-20 19:14:45,438 [pool-148-thread-1] INFO  server.RaftServerConfigKeys (ConfUtils.java:logGet(43)) - raft.server.leader.election.timeout = 120s (custom)
2019-08-20 19:14:45,439 [pool-148-thread-1] INFO  server.RaftServerConfigKeys (ConfUtils.java:logGet(43)) - raft.server.log.use.memory = false (default)
2019-08-20 19:14:45,439 [pool-148-thread-1] INFO  server.RaftServerConfigKeys (ConfUtils.java:logGet(43)) - raft.server.log.purge.gap = 1000000 (custom)
2019-08-20 19:14:45,439 [pool-148-thread-1] INFO  server.RaftServerConfigKeys (ConfUtils.java:logGet(43)) - raft.server.log.appender.buffer.byte-limit = 33554432 (custom)
2019-08-20 19:14:45,439 [pool-148-thread-1] INFO  server.RaftServerConfigKeys (ConfUtils.java:logGet(43)) - raft.server.log.segment.size.max = 1048576 (custom)
2019-08-20 19:14:45,439 [pool-148-thread-1] INFO  server.RaftServerConfigKeys (ConfUtils.java:logGet(43)) - raft.server.log.segment.cache.num.max = 2 (custom)
2019-08-20 19:14:45,439 [pool-148-thread-1] INFO  segmented.SegmentedRaftLogWorker (SegmentedRaftLogWorker.java:<init>(172)) - new 91ae5334-971e-44ba-ab57-2ec2dd220942-SegmentedRaftLogWorker:Storage Directory /workdir/hadoop-ozone/integration-test/target/test-dir/MiniOzoneClusterImpl-dcd12998-9865-489a-a0f8-9e63b4ee21e6/datanode-2/data/ratis/a47d1590-70d8-436b-bf7b-7b8917dedee2 for RaftStorage:Storage Directory /workdir/hadoop-ozone/integration-test/target/test-dir/MiniOzoneClusterImpl-dcd12998-9865-489a-a0f8-9e63b4ee21e6/datanode-2/data/ratis/a47d1590-70d8-436b-bf7b-7b8917dedee2
2019-08-20 19:14:45,440 [pool-148-thread-1] INFO  server.RaftServerConfigKeys (ConfUtils.java:logGet(43)) - raft.server.log.queue.byte-limit = 2147483647 (custom)
2019-08-20 19:14:45,440 [pool-148-thread-1] INFO  server.RaftServerConfigKeys (ConfUtils.java:logGet(43)) - raft.server.log.queue.element-limit = 1024 (custom)
2019-08-20 19:14:45,440 [pool-148-thread-1] INFO  server.RaftServerConfigKeys (ConfUtils.java:logGet(43)) - raft.server.log.segment.size.max = 1048576 (custom)
2019-08-20 19:14:45,440 [pool-148-thread-1] INFO  server.RaftServerConfigKeys (ConfUtils.java:logGet(43)) - raft.server.log.preallocated.size = 16384 (custom)
2019-08-20 19:14:45,440 [pool-148-thread-1] INFO  server.RaftServerConfigKeys (ConfUtils.java:logGet(43)) - raft.server.log.write.buffer.size = 33554432 (custom)
2019-08-20 19:14:45,441 [pool-148-thread-1] INFO  server.RaftServerConfigKeys (ConfUtils.java:logGet(43)) - raft.server.log.force.sync.num = 128 (default)
2019-08-20 19:14:45,441 [pool-148-thread-1] INFO  server.RaftServerConfigKeys (ConfUtils.java:logGet(43)) - raft.server.log.statemachine.data.sync = true (default)
2019-08-20 19:14:45,441 [pool-148-thread-1] INFO  server.RaftServerConfigKeys (ConfUtils.java:logGet(43)) - raft.server.log.statemachine.data.sync.timeout = 10s (default)
2019-08-20 19:14:45,441 [pool-148-thread-1] INFO  server.RaftServerConfigKeys (ConfUtils.java:logGet(43)) - raft.server.log.statemachine.data.sync.timeout.retry = -1 (default)
2019-08-20 19:14:45,441 [pool-148-thread-1] INFO  server.RaftServerConfigKeys (ConfUtils.java:logGet(43)) - raft.server.log.statemachine.data.caching.enabled = true (custom)
2019-08-20 19:14:45,442 [pool-148-thread-1] INFO  segmented.SegmentedRaftLogWorker (SegmentedRaftLogWorker.java:lambda$new$0(132)) - 91ae5334-971e-44ba-ab57-2ec2dd220942-SegmentedRaftLogWorker:Storage Directory /workdir/hadoop-ozone/integration-test/target/test-dir/MiniOzoneClusterImpl-dcd12998-9865-489a-a0f8-9e63b4ee21e6/datanode-2/data/ratis/a47d1590-70d8-436b-bf7b-7b8917dedee2: flushIndex: setUnconditionally 0 -> -1
2019-08-20 19:14:45,442 [pool-148-thread-1] INFO  server.RaftServerConfigKeys (ConfUtils.java:logGet(43)) - raft.server.snapshot.auto.trigger.enabled = true (custom)
2019-08-20 19:14:45,442 [pool-148-thread-1] INFO  server.RaftServerConfigKeys (ConfUtils.java:logGet(43)) - raft.server.snapshot.auto.trigger.threshold = 10000 (custom)
2019-08-20 19:14:45,443 [pool-148-thread-1] INFO  server.RaftServerConfigKeys (ConfUtils.java:logGet(43)) - raft.server.retrycache.expirytime = 600000ms (custom)
2019-08-20 19:14:45,443 [pool-148-thread-1] INFO  impl.RaftServerImpl (RaftServerImpl.java:start(180)) - 91ae5334-971e-44ba-ab57-2ec2dd220942: start group-7B8917DEDEE2
2019-08-20 19:14:45,443 [pool-148-thread-1] INFO  impl.RaftServerImpl (RaftServerImpl.java:setRole(171)) - 91ae5334-971e-44ba-ab57-2ec2dd220942:group-7B8917DEDEE2 changes role from null to FOLLOWER at term 0 for startAsFollower
2019-08-20 19:14:45,443 [pool-148-thread-1] INFO  impl.RoleInfo (RoleInfo.java:updateAndGet(143)) - 91ae5334-971e-44ba-ab57-2ec2dd220942: start FollowerState
2019-08-20 19:14:45,444 [pool-148-thread-1] INFO  util.JmxRegister (JmxRegister.java:tryRegister(44)) - Successfully registered JMX Bean with object name Ratis:service=RaftServer,group=group-7B8917DEDEE2,id=91ae5334-971e-44ba-ab57-2ec2dd220942
2019-08-20 19:14:45,447 [RatisPipelineUtilsThread] INFO  pipeline.PipelineStateManager (PipelineStateManager.java:addPipeline(56)) - Created pipeline Pipeline[ Id: a47d1590-70d8-436b-bf7b-7b8917dedee2, Nodes: 91ae5334-971e-44ba-ab57-2ec2dd220942{ip: 192.168.69.105, host: pr-hdds-165-w559s-1850982102, networkLocation: /default-rack, certSerialId: null}, Type:RATIS, Factor:ONE, State:OPEN]
2019-08-20 19:14:45,474 [grpc-default-executor-1] INFO  impl.RaftServerProxy (RaftServerProxy.java:addNew(89)) - 16f059df-d226-4022-8e81-046858cbfecb: addNew group-782B390D3D40:[e4f90e61-f3c9-4b9d-bc15-ac0e2b79db86:192.168.69.105:42207, 16f059df-d226-4022-8e81-046858cbfecb:192.168.69.105:37581, 91ae5334-971e-44ba-ab57-2ec2dd220942:192.168.69.105:35748] returns group-782B390D3D40:java.util.concurrent.CompletableFuture@22438669[Not completed]
2019-08-20 19:14:45,474 [grpc-default-executor-4] INFO  impl.RaftServerProxy (RaftServerProxy.java:addNew(89)) - e4f90e61-f3c9-4b9d-bc15-ac0e2b79db86: addNew group-782B390D3D40:[e4f90e61-f3c9-4b9d-bc15-ac0e2b79db86:192.168.69.105:42207, 16f059df-d226-4022-8e81-046858cbfecb:192.168.69.105:37581, 91ae5334-971e-44ba-ab57-2ec2dd220942:192.168.69.105:35748] returns group-782B390D3D40:java.util.concurrent.CompletableFuture@366ca667[Not completed]
2019-08-20 19:14:45,475 [grpc-default-executor-3] INFO  impl.RaftServerProxy (RaftServerProxy.java:addNew(89)) - 91ae5334-971e-44ba-ab57-2ec2dd220942: addNew group-782B390D3D40:[e4f90e61-f3c9-4b9d-bc15-ac0e2b79db86:192.168.69.105:42207, 16f059df-d226-4022-8e81-046858cbfecb:192.168.69.105:37581, 91ae5334-971e-44ba-ab57-2ec2dd220942:192.168.69.105:35748] returns group-782B390D3D40:java.util.concurrent.CompletableFuture@733f671d[Not completed]
2019-08-20 19:14:45,476 [pool-126-thread-1] INFO  impl.RaftServerImpl (RaftServerImpl.java:<init>(93)) - 16f059df-d226-4022-8e81-046858cbfecb: new RaftServerImpl for group-782B390D3D40:[e4f90e61-f3c9-4b9d-bc15-ac0e2b79db86:192.168.69.105:42207, 16f059df-d226-4022-8e81-046858cbfecb:192.168.69.105:37581, 91ae5334-971e-44ba-ab57-2ec2dd220942:192.168.69.105:35748] with ContainerStateMachine:uninitialized
2019-08-20 19:14:45,476 [pool-126-thread-1] INFO  server.RaftServerConfigKeys (ConfUtils.java:logGet(43)) - raft.server.rpc.timeout.min = 5s (custom)
2019-08-20 19:14:45,476 [pool-126-thread-1] INFO  server.RaftServerConfigKeys (ConfUtils.java:logGet(43)) - raft.server.rpc.timeout.max = 5200ms (custom)
2019-08-20 19:14:45,476 [pool-126-thread-1] INFO  server.RaftServerConfigKeys (ConfUtils.java:logGet(43)) - raft.server.rpcslowness.timeout = 120s (custom)
2019-08-20 19:14:45,476 [pool-126-thread-1] INFO  server.RaftServerConfigKeys (ConfUtils.java:logGet(43)) - raft.server.sleep.deviation.threshold = 300 (default)
2019-08-20 19:14:45,477 [pool-126-thread-1] INFO  server.RaftServerConfigKeys (ConfUtils.java:logGet(43)) - raft.server.log.appender.install.snapshot.enabled = false (custom)
2019-08-20 19:14:45,477 [pool-126-thread-1] INFO  impl.RaftServerImpl (ServerState.java:<init>(105)) - 16f059df-d226-4022-8e81-046858cbfecb:group-782B390D3D40 ConfigurationManager, init=-1: [e4f90e61-f3c9-4b9d-bc15-ac0e2b79db86:192.168.69.105:42207, 16f059df-d226-4022-8e81-046858cbfecb:192.168.69.105:37581, 91ae5334-971e-44ba-ab57-2ec2dd220942:192.168.69.105:35748], old=null, confs=<EMPTY_MAP>
2019-08-20 19:14:45,477 [pool-137-thread-1] INFO  impl.RaftServerImpl (RaftServerImpl.java:<init>(93)) - e4f90e61-f3c9-4b9d-bc15-ac0e2b79db86: new RaftServerImpl for group-782B390D3D40:[e4f90e61-f3c9-4b9d-bc15-ac0e2b79db86:192.168.69.105:42207, 16f059df-d226-4022-8e81-046858cbfecb:192.168.69.105:37581, 91ae5334-971e-44ba-ab57-2ec2dd220942:192.168.69.105:35748] with ContainerStateMachine:uninitialized
2019-08-20 19:14:45,477 [pool-126-thread-1] INFO  server.RaftServerConfigKeys (ConfUtils.java:logGet(43)) - raft.server.storage.dir = [/workdir/hadoop-ozone/integration-test/target/test-dir/MiniOzoneClusterImpl-dcd12998-9865-489a-a0f8-9e63b4ee21e6/datanode-0/data/ratis] (custom)
2019-08-20 19:14:45,477 [pool-137-thread-1] INFO  server.RaftServerConfigKeys (ConfUtils.java:logGet(43)) - raft.server.rpc.timeout.min = 5s (custom)
2019-08-20 19:14:45,477 [pool-137-thread-1] INFO  server.RaftServerConfigKeys (ConfUtils.java:logGet(43)) - raft.server.rpc.timeout.max = 5200ms (custom)
2019-08-20 19:14:45,477 [pool-126-thread-1] INFO  storage.RaftStorageDirectory (RaftStorageDirectory.java:analyzeStorage(246)) - The storage directory /workdir/hadoop-ozone/integration-test/target/test-dir/MiniOzoneClusterImpl-dcd12998-9865-489a-a0f8-9e63b4ee21e6/datanode-0/data/ratis/aa6255e1-18a9-4ad8-82f2-782b390d3d40 does not exist. Creating ...
2019-08-20 19:14:45,477 [pool-137-thread-1] INFO  server.RaftServerConfigKeys (ConfUtils.java:logGet(43)) - raft.server.rpcslowness.timeout = 120s (custom)
2019-08-20 19:14:45,478 [pool-137-thread-1] INFO  server.RaftServerConfigKeys (ConfUtils.java:logGet(43)) - raft.server.sleep.deviation.threshold = 300 (default)
2019-08-20 19:14:45,478 [pool-137-thread-1] INFO  server.RaftServerConfigKeys (ConfUtils.java:logGet(43)) - raft.server.log.appender.install.snapshot.enabled = false (custom)
2019-08-20 19:14:45,478 [pool-137-thread-1] INFO  impl.RaftServerImpl (ServerState.java:<init>(105)) - e4f90e61-f3c9-4b9d-bc15-ac0e2b79db86:group-782B390D3D40 ConfigurationManager, init=-1: [e4f90e61-f3c9-4b9d-bc15-ac0e2b79db86:192.168.69.105:42207, 16f059df-d226-4022-8e81-046858cbfecb:192.168.69.105:37581, 91ae5334-971e-44ba-ab57-2ec2dd220942:192.168.69.105:35748], old=null, confs=<EMPTY_MAP>
2019-08-20 19:14:45,478 [pool-137-thread-1] INFO  server.RaftServerConfigKeys (ConfUtils.java:logGet(43)) - raft.server.storage.dir = [/workdir/hadoop-ozone/integration-test/target/test-dir/MiniOzoneClusterImpl-dcd12998-9865-489a-a0f8-9e63b4ee21e6/datanode-1/data/ratis] (custom)
2019-08-20 19:14:45,478 [pool-148-thread-1] INFO  impl.RaftServerImpl (RaftServerImpl.java:<init>(93)) - 91ae5334-971e-44ba-ab57-2ec2dd220942: new RaftServerImpl for group-782B390D3D40:[e4f90e61-f3c9-4b9d-bc15-ac0e2b79db86:192.168.69.105:42207, 16f059df-d226-4022-8e81-046858cbfecb:192.168.69.105:37581, 91ae5334-971e-44ba-ab57-2ec2dd220942:192.168.69.105:35748] with ContainerStateMachine:uninitialized
2019-08-20 19:14:45,479 [pool-137-thread-1] INFO  storage.RaftStorageDirectory (RaftStorageDirectory.java:analyzeStorage(246)) - The storage directory /workdir/hadoop-ozone/integration-test/target/test-dir/MiniOzoneClusterImpl-dcd12998-9865-489a-a0f8-9e63b4ee21e6/datanode-1/data/ratis/aa6255e1-18a9-4ad8-82f2-782b390d3d40 does not exist. Creating ...
2019-08-20 19:14:45,479 [pool-148-thread-1] INFO  server.RaftServerConfigKeys (ConfUtils.java:logGet(43)) - raft.server.rpc.timeout.min = 5s (custom)
2019-08-20 19:14:45,479 [pool-148-thread-1] INFO  server.RaftServerConfigKeys (ConfUtils.java:logGet(43)) - raft.server.rpc.timeout.max = 5200ms (custom)
2019-08-20 19:14:45,479 [pool-148-thread-1] INFO  server.RaftServerConfigKeys (ConfUtils.java:logGet(43)) - raft.server.rpcslowness.timeout = 120s (custom)
2019-08-20 19:14:45,479 [pool-148-thread-1] INFO  server.RaftServerConfigKeys (ConfUtils.java:logGet(43)) - raft.server.sleep.deviation.threshold = 300 (default)
2019-08-20 19:14:45,480 [pool-148-thread-1] INFO  server.RaftServerConfigKeys (ConfUtils.java:logGet(43)) - raft.server.log.appender.install.snapshot.enabled = false (custom)
2019-08-20 19:14:45,480 [pool-148-thread-1] INFO  impl.RaftServerImpl (ServerState.java:<init>(105)) - 91ae5334-971e-44ba-ab57-2ec2dd220942:group-782B390D3D40 ConfigurationManager, init=-1: [e4f90e61-f3c9-4b9d-bc15-ac0e2b79db86:192.168.69.105:42207, 16f059df-d226-4022-8e81-046858cbfecb:192.168.69.105:37581, 91ae5334-971e-44ba-ab57-2ec2dd220942:192.168.69.105:35748], old=null, confs=<EMPTY_MAP>
2019-08-20 19:14:45,480 [pool-148-thread-1] INFO  server.RaftServerConfigKeys (ConfUtils.java:logGet(43)) - raft.server.storage.dir = [/workdir/hadoop-ozone/integration-test/target/test-dir/MiniOzoneClusterImpl-dcd12998-9865-489a-a0f8-9e63b4ee21e6/datanode-2/data/ratis] (custom)
2019-08-20 19:14:45,480 [pool-148-thread-1] INFO  storage.RaftStorageDirectory (RaftStorageDirectory.java:analyzeStorage(246)) - The storage directory /workdir/hadoop-ozone/integration-test/target/test-dir/MiniOzoneClusterImpl-dcd12998-9865-489a-a0f8-9e63b4ee21e6/datanode-2/data/ratis/aa6255e1-18a9-4ad8-82f2-782b390d3d40 does not exist. Creating ...
2019-08-20 19:14:45,491 [pool-126-thread-1] INFO  storage.RaftStorageDirectory (RaftStorageDirectory.java:tryLock(328)) - Lock on /workdir/hadoop-ozone/integration-test/target/test-dir/MiniOzoneClusterImpl-dcd12998-9865-489a-a0f8-9e63b4ee21e6/datanode-0/data/ratis/aa6255e1-18a9-4ad8-82f2-782b390d3d40/in_use.lock acquired by nodename 5147@pr-hdds-165-w559s-1850982102
2019-08-20 19:14:45,491 [pool-148-thread-1] INFO  storage.RaftStorageDirectory (RaftStorageDirectory.java:tryLock(328)) - Lock on /workdir/hadoop-ozone/integration-test/target/test-dir/MiniOzoneClusterImpl-dcd12998-9865-489a-a0f8-9e63b4ee21e6/datanode-2/data/ratis/aa6255e1-18a9-4ad8-82f2-782b390d3d40/in_use.lock acquired by nodename 5147@pr-hdds-165-w559s-1850982102
2019-08-20 19:14:45,491 [pool-137-thread-1] INFO  storage.RaftStorageDirectory (RaftStorageDirectory.java:tryLock(328)) - Lock on /workdir/hadoop-ozone/integration-test/target/test-dir/MiniOzoneClusterImpl-dcd12998-9865-489a-a0f8-9e63b4ee21e6/datanode-1/data/ratis/aa6255e1-18a9-4ad8-82f2-782b390d3d40/in_use.lock acquired by nodename 5147@pr-hdds-165-w559s-1850982102
2019-08-20 19:14:45,505 [pool-126-thread-1] INFO  storage.RaftStorage (RaftStorage.java:format(72)) - Storage directory /workdir/hadoop-ozone/integration-test/target/test-dir/MiniOzoneClusterImpl-dcd12998-9865-489a-a0f8-9e63b4ee21e6/datanode-0/data/ratis/aa6255e1-18a9-4ad8-82f2-782b390d3d40 has been successfully formatted.
2019-08-20 19:14:45,505 [pool-148-thread-1] INFO  storage.RaftStorage (RaftStorage.java:format(72)) - Storage directory /workdir/hadoop-ozone/integration-test/target/test-dir/MiniOzoneClusterImpl-dcd12998-9865-489a-a0f8-9e63b4ee21e6/datanode-2/data/ratis/aa6255e1-18a9-4ad8-82f2-782b390d3d40 has been successfully formatted.
2019-08-20 19:14:45,505 [pool-137-thread-1] INFO  storage.RaftStorage (RaftStorage.java:format(72)) - Storage directory /workdir/hadoop-ozone/integration-test/target/test-dir/MiniOzoneClusterImpl-dcd12998-9865-489a-a0f8-9e63b4ee21e6/datanode-1/data/ratis/aa6255e1-18a9-4ad8-82f2-782b390d3d40 has been successfully formatted.
2019-08-20 19:14:45,505 [pool-126-thread-1] INFO  ratis.ContainerStateMachine (ContainerStateMachine.java:loadSnapshot(226)) - group-782B390D3D40: The snapshot info is null. Setting the last applied indexto:(t:0, i:~)
2019-08-20 19:14:45,505 [pool-148-thread-1] INFO  ratis.ContainerStateMachine (ContainerStateMachine.java:loadSnapshot(226)) - group-782B390D3D40: The snapshot info is null. Setting the last applied indexto:(t:0, i:~)
2019-08-20 19:14:45,505 [pool-126-thread-1] INFO  server.RaftServerConfigKeys (ConfUtils.java:logGet(43)) - raft.server.leader.election.timeout = 120s (custom)
2019-08-20 19:14:45,505 [pool-137-thread-1] INFO  ratis.ContainerStateMachine (ContainerStateMachine.java:loadSnapshot(226)) - group-782B390D3D40: The snapshot info is null. Setting the last applied indexto:(t:0, i:~)
2019-08-20 19:14:45,505 [pool-126-thread-1] INFO  server.RaftServerConfigKeys (ConfUtils.java:logGet(43)) - raft.server.log.use.memory = false (default)
2019-08-20 19:14:45,505 [pool-148-thread-1] INFO  server.RaftServerConfigKeys (ConfUtils.java:logGet(43)) - raft.server.leader.election.timeout = 120s (custom)
2019-08-20 19:14:45,506 [pool-126-thread-1] INFO  server.RaftServerConfigKeys (ConfUtils.java:logGet(43)) - raft.server.log.purge.gap = 1000000 (custom)
2019-08-20 19:14:45,506 [pool-137-thread-1] INFO  server.RaftServerConfigKeys (ConfUtils.java:logGet(43)) - raft.server.leader.election.timeout = 120s (custom)
2019-08-20 19:14:45,506 [pool-126-thread-1] INFO  server.RaftServerConfigKeys (ConfUtils.java:logGet(43)) - raft.server.log.appender.buffer.byte-limit = 33554432 (custom)
2019-08-20 19:14:45,506 [pool-148-thread-1] INFO  server.RaftServerConfigKeys (ConfUtils.java:logGet(43)) - raft.server.log.use.memory = false (default)
2019-08-20 19:14:45,506 [pool-126-thread-1] INFO  server.RaftServerConfigKeys (ConfUtils.java:logGet(43)) - raft.server.log.segment.size.max = 1048576 (custom)
2019-08-20 19:14:45,506 [pool-137-thread-1] INFO  server.RaftServerConfigKeys (ConfUtils.java:logGet(43)) - raft.server.log.use.memory = false (default)
2019-08-20 19:14:45,507 [pool-126-thread-1] INFO  server.RaftServerConfigKeys (ConfUtils.java:logGet(43)) - raft.server.log.segment.cache.num.max = 2 (custom)
2019-08-20 19:14:45,506 [pool-148-thread-1] INFO  server.RaftServerConfigKeys (ConfUtils.java:logGet(43)) - raft.server.log.purge.gap = 1000000 (custom)
2019-08-20 19:14:45,507 [pool-126-thread-1] INFO  segmented.SegmentedRaftLogWorker (SegmentedRaftLogWorker.java:<init>(172)) - new 16f059df-d226-4022-8e81-046858cbfecb-SegmentedRaftLogWorker:Storage Directory /workdir/hadoop-ozone/integration-test/target/test-dir/MiniOzoneClusterImpl-dcd12998-9865-489a-a0f8-9e63b4ee21e6/datanode-0/data/ratis/aa6255e1-18a9-4ad8-82f2-782b390d3d40 for RaftStorage:Storage Directory /workdir/hadoop-ozone/integration-test/target/test-dir/MiniOzoneClusterImpl-dcd12998-9865-489a-a0f8-9e63b4ee21e6/datanode-0/data/ratis/aa6255e1-18a9-4ad8-82f2-782b390d3d40
2019-08-20 19:14:45,507 [pool-137-thread-1] INFO  server.RaftServerConfigKeys (ConfUtils.java:logGet(43)) - raft.server.log.purge.gap = 1000000 (custom)
2019-08-20 19:14:45,507 [pool-126-thread-1] INFO  server.RaftServerConfigKeys (ConfUtils.java:logGet(43)) - raft.server.log.queue.byte-limit = 2147483647 (custom)
2019-08-20 19:14:45,507 [pool-148-thread-1] INFO  server.RaftServerConfigKeys (ConfUtils.java:logGet(43)) - raft.server.log.appender.buffer.byte-limit = 33554432 (custom)
2019-08-20 19:14:45,507 [pool-126-thread-1] INFO  server.RaftServerConfigKeys (ConfUtils.java:logGet(43)) - raft.server.log.queue.element-limit = 1024 (custom)
2019-08-20 19:14:45,507 [pool-137-thread-1] INFO  server.RaftServerConfigKeys (ConfUtils.java:logGet(43)) - raft.server.log.appender.buffer.byte-limit = 33554432 (custom)
2019-08-20 19:14:45,508 [pool-126-thread-1] INFO  server.RaftServerConfigKeys (ConfUtils.java:logGet(43)) - raft.server.log.segment.size.max = 1048576 (custom)
2019-08-20 19:14:45,508 [pool-148-thread-1] INFO  server.RaftServerConfigKeys (ConfUtils.java:logGet(43)) - raft.server.log.segment.size.max = 1048576 (custom)
2019-08-20 19:14:45,508 [pool-126-thread-1] INFO  server.RaftServerConfigKeys (ConfUtils.java:logGet(43)) - raft.server.log.preallocated.size = 16384 (custom)
2019-08-20 19:14:45,508 [pool-126-thread-1] INFO  server.RaftServerConfigKeys (ConfUtils.java:logGet(43)) - raft.server.log.write.buffer.size = 33554432 (custom)
2019-08-20 19:14:45,508 [pool-137-thread-1] INFO  server.RaftServerConfigKeys (ConfUtils.java:logGet(43)) - raft.server.log.segment.size.max = 1048576 (custom)
2019-08-20 19:14:45,508 [pool-126-thread-1] INFO  server.RaftServerConfigKeys (ConfUtils.java:logGet(43)) - raft.server.log.force.sync.num = 128 (default)
2019-08-20 19:14:45,508 [pool-148-thread-1] INFO  server.RaftServerConfigKeys (ConfUtils.java:logGet(43)) - raft.server.log.segment.cache.num.max = 2 (custom)
2019-08-20 19:14:45,509 [pool-126-thread-1] INFO  server.RaftServerConfigKeys (ConfUtils.java:logGet(43)) - raft.server.log.statemachine.data.sync = true (default)
2019-08-20 19:14:45,508 [pool-137-thread-1] INFO  server.RaftServerConfigKeys (ConfUtils.java:logGet(43)) - raft.server.log.segment.cache.num.max = 2 (custom)
2019-08-20 19:14:45,509 [pool-126-thread-1] INFO  server.RaftServerConfigKeys (ConfUtils.java:logGet(43)) - raft.server.log.statemachine.data.sync.timeout = 10s (default)
2019-08-20 19:14:45,509 [pool-126-thread-1] INFO  server.RaftServerConfigKeys (ConfUtils.java:logGet(43)) - raft.server.log.statemachine.data.sync.timeout.retry = -1 (default)
2019-08-20 19:14:45,509 [pool-148-thread-1] INFO  segmented.SegmentedRaftLogWorker (SegmentedRaftLogWorker.java:<init>(172)) - new 91ae5334-971e-44ba-ab57-2ec2dd220942-SegmentedRaftLogWorker:Storage Directory /workdir/hadoop-ozone/integration-test/target/test-dir/MiniOzoneClusterImpl-dcd12998-9865-489a-a0f8-9e63b4ee21e6/datanode-2/data/ratis/aa6255e1-18a9-4ad8-82f2-782b390d3d40 for RaftStorage:Storage Directory /workdir/hadoop-ozone/integration-test/target/test-dir/MiniOzoneClusterImpl-dcd12998-9865-489a-a0f8-9e63b4ee21e6/datanode-2/data/ratis/aa6255e1-18a9-4ad8-82f2-782b390d3d40
2019-08-20 19:14:45,509 [pool-126-thread-1] INFO  server.RaftServerConfigKeys (ConfUtils.java:logGet(43)) - raft.server.log.statemachine.data.caching.enabled = true (custom)
2019-08-20 19:14:45,509 [pool-137-thread-1] INFO  segmented.SegmentedRaftLogWorker (SegmentedRaftLogWorker.java:<init>(172)) - new e4f90e61-f3c9-4b9d-bc15-ac0e2b79db86-SegmentedRaftLogWorker:Storage Directory /workdir/hadoop-ozone/integration-test/target/test-dir/MiniOzoneClusterImpl-dcd12998-9865-489a-a0f8-9e63b4ee21e6/datanode-1/data/ratis/aa6255e1-18a9-4ad8-82f2-782b390d3d40 for RaftStorage:Storage Directory /workdir/hadoop-ozone/integration-test/target/test-dir/MiniOzoneClusterImpl-dcd12998-9865-489a-a0f8-9e63b4ee21e6/datanode-1/data/ratis/aa6255e1-18a9-4ad8-82f2-782b390d3d40
2019-08-20 19:14:45,510 [pool-148-thread-1] INFO  server.RaftServerConfigKeys (ConfUtils.java:logGet(43)) - raft.server.log.queue.byte-limit = 2147483647 (custom)
2019-08-20 19:14:45,510 [pool-126-thread-1] INFO  segmented.SegmentedRaftLogWorker (SegmentedRaftLogWorker.java:lambda$new$0(132)) - 16f059df-d226-4022-8e81-046858cbfecb-SegmentedRaftLogWorker:Storage Directory /workdir/hadoop-ozone/integration-test/target/test-dir/MiniOzoneClusterImpl-dcd12998-9865-489a-a0f8-9e63b4ee21e6/datanode-0/data/ratis/aa6255e1-18a9-4ad8-82f2-782b390d3d40: flushIndex: setUnconditionally 0 -> -1
2019-08-20 19:14:45,510 [pool-137-thread-1] INFO  server.RaftServerConfigKeys (ConfUtils.java:logGet(43)) - raft.server.log.queue.byte-limit = 2147483647 (custom)
2019-08-20 19:14:45,510 [pool-148-thread-1] INFO  server.RaftServerConfigKeys (ConfUtils.java:logGet(43)) - raft.server.log.queue.element-limit = 1024 (custom)
2019-08-20 19:14:45,510 [pool-137-thread-1] INFO  server.RaftServerConfigKeys (ConfUtils.java:logGet(43)) - raft.server.log.queue.element-limit = 1024 (custom)
2019-08-20 19:14:45,510 [pool-126-thread-1] INFO  server.RaftServerConfigKeys (ConfUtils.java:logGet(43)) - raft.server.snapshot.auto.trigger.enabled = true (custom)
2019-08-20 19:14:45,511 [pool-137-thread-1] INFO  server.RaftServerConfigKeys (ConfUtils.java:logGet(43)) - raft.server.log.segment.size.max = 1048576 (custom)
2019-08-20 19:14:45,510 [pool-148-thread-1] INFO  server.RaftServerConfigKeys (ConfUtils.java:logGet(43)) - raft.server.log.segment.size.max = 1048576 (custom)
2019-08-20 19:14:45,511 [pool-137-thread-1] INFO  server.RaftServerConfigKeys (ConfUtils.java:logGet(43)) - raft.server.log.preallocated.size = 16384 (custom)
2019-08-20 19:14:45,511 [pool-126-thread-1] INFO  server.RaftServerConfigKeys (ConfUtils.java:logGet(43)) - raft.server.snapshot.auto.trigger.threshold = 10000 (custom)
2019-08-20 19:14:45,511 [pool-137-thread-1] INFO  server.RaftServerConfigKeys (ConfUtils.java:logGet(43)) - raft.server.log.write.buffer.size = 33554432 (custom)
2019-08-20 19:14:45,511 [pool-148-thread-1] INFO  server.RaftServerConfigKeys (ConfUtils.java:logGet(43)) - raft.server.log.preallocated.size = 16384 (custom)
2019-08-20 19:14:45,511 [pool-137-thread-1] INFO  server.RaftServerConfigKeys (ConfUtils.java:logGet(43)) - raft.server.log.force.sync.num = 128 (default)
2019-08-20 19:14:45,511 [pool-126-thread-1] INFO  server.RaftServerConfigKeys (ConfUtils.java:logGet(43)) - raft.server.retrycache.expirytime = 600000ms (custom)
2019-08-20 19:14:45,512 [pool-137-thread-1] INFO  server.RaftServerConfigKeys (ConfUtils.java:logGet(43)) - raft.server.log.statemachine.data.sync = true (default)
2019-08-20 19:14:45,512 [pool-148-thread-1] INFO  server.RaftServerConfigKeys (ConfUtils.java:logGet(43)) - raft.server.log.write.buffer.size = 33554432 (custom)
2019-08-20 19:14:45,512 [pool-137-thread-1] INFO  server.RaftServerConfigKeys (ConfUtils.java:logGet(43)) - raft.server.log.statemachine.data.sync.timeout = 10s (default)
2019-08-20 19:14:45,512 [pool-126-thread-1] INFO  impl.RaftServerImpl (RaftServerImpl.java:start(180)) - 16f059df-d226-4022-8e81-046858cbfecb: start group-782B390D3D40
2019-08-20 19:14:45,512 [pool-137-thread-1] INFO  server.RaftServerConfigKeys (ConfUtils.java:logGet(43)) - raft.server.log.statemachine.data.sync.timeout.retry = -1 (default)
2019-08-20 19:14:45,512 [pool-148-thread-1] INFO  server.RaftServerConfigKeys (ConfUtils.java:logGet(43)) - raft.server.log.force.sync.num = 128 (default)
2019-08-20 19:14:45,513 [pool-137-thread-1] INFO  server.RaftServerConfigKeys (ConfUtils.java:logGet(43)) - raft.server.log.statemachine.data.caching.enabled = true (custom)
2019-08-20 19:14:45,512 [pool-126-thread-1] INFO  impl.RaftServerImpl (RaftServerImpl.java:setRole(171)) - 16f059df-d226-4022-8e81-046858cbfecb:group-782B390D3D40 changes role from null to FOLLOWER at term 0 for startAsFollower
2019-08-20 19:14:45,513 [pool-148-thread-1] INFO  server.RaftServerConfigKeys (ConfUtils.java:logGet(43)) - raft.server.log.statemachine.data.sync = true (default)
2019-08-20 19:14:45,513 [pool-137-thread-1] INFO  segmented.SegmentedRaftLogWorker (SegmentedRaftLogWorker.java:lambda$new$0(132)) - e4f90e61-f3c9-4b9d-bc15-ac0e2b79db86-SegmentedRaftLogWorker:Storage Directory /workdir/hadoop-ozone/integration-test/target/test-dir/MiniOzoneClusterImpl-dcd12998-9865-489a-a0f8-9e63b4ee21e6/datanode-1/data/ratis/aa6255e1-18a9-4ad8-82f2-782b390d3d40: flushIndex: setUnconditionally 0 -> -1
2019-08-20 19:14:45,513 [pool-126-thread-1] INFO  impl.RoleInfo (RoleInfo.java:updateAndGet(143)) - 16f059df-d226-4022-8e81-046858cbfecb: start FollowerState
2019-08-20 19:14:45,513 [pool-148-thread-1] INFO  server.RaftServerConfigKeys (ConfUtils.java:logGet(43)) - raft.server.log.statemachine.data.sync.timeout = 10s (default)
2019-08-20 19:14:45,514 [pool-137-thread-1] INFO  server.RaftServerConfigKeys (ConfUtils.java:logGet(43)) - raft.server.snapshot.auto.trigger.enabled = true (custom)
2019-08-20 19:14:45,521 [pool-126-thread-1] INFO  util.JmxRegister (JmxRegister.java:tryRegister(44)) - Successfully registered JMX Bean with object name Ratis:service=RaftServer,group=group-782B390D3D40,id=16f059df-d226-4022-8e81-046858cbfecb
2019-08-20 19:14:45,521 [pool-137-thread-1] INFO  server.RaftServerConfigKeys (ConfUtils.java:logGet(43)) - raft.server.snapshot.auto.trigger.threshold = 10000 (custom)
2019-08-20 19:14:45,514 [pool-148-thread-1] INFO  server.RaftServerConfigKeys (ConfUtils.java:logGet(43)) - raft.server.log.statemachine.data.sync.timeout.retry = -1 (default)
2019-08-20 19:14:45,527 [pool-137-thread-1] INFO  server.RaftServerConfigKeys (ConfUtils.java:logGet(43)) - raft.server.retrycache.expirytime = 600000ms (custom)
2019-08-20 19:14:45,527 [pool-148-thread-1] INFO  server.RaftServerConfigKeys (ConfUtils.java:logGet(43)) - raft.server.log.statemachine.data.caching.enabled = true (custom)
2019-08-20 19:14:45,527 [pool-137-thread-1] INFO  impl.RaftServerImpl (RaftServerImpl.java:start(180)) - e4f90e61-f3c9-4b9d-bc15-ac0e2b79db86: start group-782B390D3D40
2019-08-20 19:14:45,527 [pool-137-thread-1] INFO  impl.RaftServerImpl (RaftServerImpl.java:setRole(171)) - e4f90e61-f3c9-4b9d-bc15-ac0e2b79db86:group-782B390D3D40 changes role from null to FOLLOWER at term 0 for startAsFollower
2019-08-20 19:14:45,527 [pool-148-thread-1] INFO  segmented.SegmentedRaftLogWorker (SegmentedRaftLogWorker.java:lambda$new$0(132)) - 91ae5334-971e-44ba-ab57-2ec2dd220942-SegmentedRaftLogWorker:Storage Directory /workdir/hadoop-ozone/integration-test/target/test-dir/MiniOzoneClusterImpl-dcd12998-9865-489a-a0f8-9e63b4ee21e6/datanode-2/data/ratis/aa6255e1-18a9-4ad8-82f2-782b390d3d40: flushIndex: setUnconditionally 0 -> -1
2019-08-20 19:14:45,527 [pool-137-thread-1] INFO  impl.RoleInfo (RoleInfo.java:updateAndGet(143)) - e4f90e61-f3c9-4b9d-bc15-ac0e2b79db86: start FollowerState
2019-08-20 19:14:45,528 [pool-148-thread-1] INFO  server.RaftServerConfigKeys (ConfUtils.java:logGet(43)) - raft.server.snapshot.auto.trigger.enabled = true (custom)
2019-08-20 19:14:45,528 [pool-148-thread-1] INFO  server.RaftServerConfigKeys (ConfUtils.java:logGet(43)) - raft.server.snapshot.auto.trigger.threshold = 10000 (custom)
2019-08-20 19:14:45,528 [pool-137-thread-1] INFO  util.JmxRegister (JmxRegister.java:tryRegister(44)) - Successfully registered JMX Bean with object name Ratis:service=RaftServer,group=group-782B390D3D40,id=e4f90e61-f3c9-4b9d-bc15-ac0e2b79db86
2019-08-20 19:14:45,528 [pool-148-thread-1] INFO  server.RaftServerConfigKeys (ConfUtils.java:logGet(43)) - raft.server.retrycache.expirytime = 600000ms (custom)
2019-08-20 19:14:45,528 [pool-148-thread-1] INFO  impl.RaftServerImpl (RaftServerImpl.java:start(180)) - 91ae5334-971e-44ba-ab57-2ec2dd220942: start group-782B390D3D40
2019-08-20 19:14:45,529 [pool-148-thread-1] INFO  impl.RaftServerImpl (RaftServerImpl.java:setRole(171)) - 91ae5334-971e-44ba-ab57-2ec2dd220942:group-782B390D3D40 changes role from null to FOLLOWER at term 0 for startAsFollower
2019-08-20 19:14:45,529 [pool-148-thread-1] INFO  impl.RoleInfo (RoleInfo.java:updateAndGet(143)) - 91ae5334-971e-44ba-ab57-2ec2dd220942: start FollowerState
2019-08-20 19:14:45,529 [pool-148-thread-1] INFO  util.JmxRegister (JmxRegister.java:tryRegister(44)) - Successfully registered JMX Bean with object name Ratis:service=RaftServer,group=group-782B390D3D40,id=91ae5334-971e-44ba-ab57-2ec2dd220942
2019-08-20 19:14:45,532 [RatisPipelineUtilsThread] INFO  pipeline.PipelineStateManager (PipelineStateManager.java:addPipeline(56)) - Created pipeline Pipeline[ Id: aa6255e1-18a9-4ad8-82f2-782b390d3d40, Nodes: 16f059df-d226-4022-8e81-046858cbfecb{ip: 192.168.69.105, host: pr-hdds-165-w559s-1850982102, networkLocation: /default-rack, certSerialId: null}e4f90e61-f3c9-4b9d-bc15-ac0e2b79db86{ip: 192.168.69.105, host: pr-hdds-165-w559s-1850982102, networkLocation: /default-rack, certSerialId: null}91ae5334-971e-44ba-ab57-2ec2dd220942{ip: 192.168.69.105, host: pr-hdds-165-w559s-1850982102, networkLocation: /default-rack, certSerialId: null}, Type:RATIS, Factor:THREE, State:OPEN]
2019-08-20 19:14:45,576 [IPC Server handler 2 on 45411] INFO  net.NetworkTopology (NetworkTopologyImpl.java:add(110)) - Added a new node: /default-rack/340027e2-c19a-4ce0-8fe2-d5928ef30461
2019-08-20 19:14:45,576 [IPC Server handler 2 on 45411] INFO  node.SCMNodeManager (SCMNodeManager.java:register(273)) - Registered Data node : 340027e2-c19a-4ce0-8fe2-d5928ef30461{ip: 192.168.69.105, host: pr-hdds-165-w559s-1850982102, networkLocation: /default-rack, certSerialId: null}
2019-08-20 19:14:45,579 | INFO  | SCMAudit | user=jenkins1000 | ip=192.168.69.105 | op=REGISTER {datanodeDetails=340027e2-c19a-4ce0-8fe2-d5928ef30461{ip: 192.168.69.105, host: pr-hdds-165-w559s-1850982102, networkLocation: /default-rack, certSerialId: null}} | ret=SUCCESS |  
2019-08-20 19:14:45,587 [grpc-default-executor-3] INFO  impl.RaftServerProxy (RaftServerProxy.java:addNew(89)) - 340027e2-c19a-4ce0-8fe2-d5928ef30461: addNew group-A3C8C280768F:[340027e2-c19a-4ce0-8fe2-d5928ef30461:192.168.69.105:36582] returns group-A3C8C280768F:java.util.concurrent.CompletableFuture@1b5d90eb[Not completed]
2019-08-20 19:14:45,592 [pool-159-thread-1] INFO  impl.RaftServerImpl (RaftServerImpl.java:<init>(93)) - 340027e2-c19a-4ce0-8fe2-d5928ef30461: new RaftServerImpl for group-A3C8C280768F:[340027e2-c19a-4ce0-8fe2-d5928ef30461:192.168.69.105:36582] with ContainerStateMachine:uninitialized
2019-08-20 19:14:45,593 [pool-159-thread-1] INFO  server.RaftServerConfigKeys (ConfUtils.java:logGet(43)) - raft.server.rpc.timeout.min = 5s (custom)
2019-08-20 19:14:45,593 [pool-159-thread-1] INFO  server.RaftServerConfigKeys (ConfUtils.java:logGet(43)) - raft.server.rpc.timeout.max = 5200ms (custom)
2019-08-20 19:14:45,593 [pool-159-thread-1] INFO  server.RaftServerConfigKeys (ConfUtils.java:logGet(43)) - raft.server.rpcslowness.timeout = 120s (custom)
2019-08-20 19:14:45,593 [pool-159-thread-1] INFO  server.RaftServerConfigKeys (ConfUtils.java:logGet(43)) - raft.server.sleep.deviation.threshold = 300 (default)
2019-08-20 19:14:45,593 [pool-159-thread-1] INFO  server.RaftServerConfigKeys (ConfUtils.java:logGet(43)) - raft.server.log.appender.install.snapshot.enabled = false (custom)
2019-08-20 19:14:45,593 [pool-159-thread-1] INFO  impl.RaftServerImpl (ServerState.java:<init>(105)) - 340027e2-c19a-4ce0-8fe2-d5928ef30461:group-A3C8C280768F ConfigurationManager, init=-1: [340027e2-c19a-4ce0-8fe2-d5928ef30461:192.168.69.105:36582], old=null, confs=<EMPTY_MAP>
2019-08-20 19:14:45,593 [pool-159-thread-1] INFO  server.RaftServerConfigKeys (ConfUtils.java:logGet(43)) - raft.server.storage.dir = [/workdir/hadoop-ozone/integration-test/target/test-dir/MiniOzoneClusterImpl-dcd12998-9865-489a-a0f8-9e63b4ee21e6/datanode-3/data/ratis] (custom)
2019-08-20 19:14:45,594 [pool-159-thread-1] INFO  storage.RaftStorageDirectory (RaftStorageDirectory.java:analyzeStorage(246)) - The storage directory /workdir/hadoop-ozone/integration-test/target/test-dir/MiniOzoneClusterImpl-dcd12998-9865-489a-a0f8-9e63b4ee21e6/datanode-3/data/ratis/7a885e06-40bf-48ad-9e81-a3c8c280768f does not exist. Creating ...
2019-08-20 19:14:45,607 [pool-159-thread-1] INFO  storage.RaftStorageDirectory (RaftStorageDirectory.java:tryLock(328)) - Lock on /workdir/hadoop-ozone/integration-test/target/test-dir/MiniOzoneClusterImpl-dcd12998-9865-489a-a0f8-9e63b4ee21e6/datanode-3/data/ratis/7a885e06-40bf-48ad-9e81-a3c8c280768f/in_use.lock acquired by nodename 5147@pr-hdds-165-w559s-1850982102
2019-08-20 19:14:45,619 [pool-159-thread-1] INFO  storage.RaftStorage (RaftStorage.java:format(72)) - Storage directory /workdir/hadoop-ozone/integration-test/target/test-dir/MiniOzoneClusterImpl-dcd12998-9865-489a-a0f8-9e63b4ee21e6/datanode-3/data/ratis/7a885e06-40bf-48ad-9e81-a3c8c280768f has been successfully formatted.
2019-08-20 19:14:45,620 [pool-159-thread-1] INFO  ratis.ContainerStateMachine (ContainerStateMachine.java:loadSnapshot(226)) - group-A3C8C280768F: The snapshot info is null. Setting the last applied indexto:(t:0, i:~)
2019-08-20 19:14:45,620 [pool-159-thread-1] INFO  server.RaftServerConfigKeys (ConfUtils.java:logGet(43)) - raft.server.leader.election.timeout = 120s (custom)
2019-08-20 19:14:45,620 [pool-159-thread-1] INFO  server.RaftServerConfigKeys (ConfUtils.java:logGet(43)) - raft.server.log.use.memory = false (default)
2019-08-20 19:14:45,620 [pool-159-thread-1] INFO  server.RaftServerConfigKeys (ConfUtils.java:logGet(43)) - raft.server.log.purge.gap = 1000000 (custom)
2019-08-20 19:14:45,620 [pool-159-thread-1] INFO  server.RaftServerConfigKeys (ConfUtils.java:logGet(43)) - raft.server.log.appender.buffer.byte-limit = 33554432 (custom)
2019-08-20 19:14:45,620 [pool-159-thread-1] INFO  server.RaftServerConfigKeys (ConfUtils.java:logGet(43)) - raft.server.log.segment.size.max = 1048576 (custom)
2019-08-20 19:14:45,620 [pool-159-thread-1] INFO  server.RaftServerConfigKeys (ConfUtils.java:logGet(43)) - raft.server.log.segment.cache.num.max = 2 (custom)
2019-08-20 19:14:45,620 [pool-159-thread-1] INFO  segmented.SegmentedRaftLogWorker (SegmentedRaftLogWorker.java:<init>(172)) - new 340027e2-c19a-4ce0-8fe2-d5928ef30461-SegmentedRaftLogWorker:Storage Directory /workdir/hadoop-ozone/integration-test/target/test-dir/MiniOzoneClusterImpl-dcd12998-9865-489a-a0f8-9e63b4ee21e6/datanode-3/data/ratis/7a885e06-40bf-48ad-9e81-a3c8c280768f for RaftStorage:Storage Directory /workdir/hadoop-ozone/integration-test/target/test-dir/MiniOzoneClusterImpl-dcd12998-9865-489a-a0f8-9e63b4ee21e6/datanode-3/data/ratis/7a885e06-40bf-48ad-9e81-a3c8c280768f
2019-08-20 19:14:45,621 [pool-159-thread-1] INFO  server.RaftServerConfigKeys (ConfUtils.java:logGet(43)) - raft.server.log.queue.byte-limit = 2147483647 (custom)
2019-08-20 19:14:45,621 [pool-159-thread-1] INFO  server.RaftServerConfigKeys (ConfUtils.java:logGet(43)) - raft.server.log.queue.element-limit = 1024 (custom)
2019-08-20 19:14:45,621 [pool-159-thread-1] INFO  server.RaftServerConfigKeys (ConfUtils.java:logGet(43)) - raft.server.log.segment.size.max = 1048576 (custom)
2019-08-20 19:14:45,621 [pool-159-thread-1] INFO  server.RaftServerConfigKeys (ConfUtils.java:logGet(43)) - raft.server.log.preallocated.size = 16384 (custom)
2019-08-20 19:14:45,621 [pool-159-thread-1] INFO  server.RaftServerConfigKeys (ConfUtils.java:logGet(43)) - raft.server.log.write.buffer.size = 33554432 (custom)
2019-08-20 19:14:45,621 [pool-159-thread-1] INFO  server.RaftServerConfigKeys (ConfUtils.java:logGet(43)) - raft.server.log.force.sync.num = 128 (default)
2019-08-20 19:14:45,621 [pool-159-thread-1] INFO  server.RaftServerConfigKeys (ConfUtils.java:logGet(43)) - raft.server.log.statemachine.data.sync = true (default)
2019-08-20 19:14:45,622 [pool-159-thread-1] INFO  server.RaftServerConfigKeys (ConfUtils.java:logGet(43)) - raft.server.log.statemachine.data.sync.timeout = 10s (default)
2019-08-20 19:14:45,622 [pool-159-thread-1] INFO  server.RaftServerConfigKeys (ConfUtils.java:logGet(43)) - raft.server.log.statemachine.data.sync.timeout.retry = -1 (default)
2019-08-20 19:14:45,622 [pool-159-thread-1] INFO  server.RaftServerConfigKeys (ConfUtils.java:logGet(43)) - raft.server.log.statemachine.data.caching.enabled = true (custom)
2019-08-20 19:14:45,622 [pool-159-thread-1] INFO  segmented.SegmentedRaftLogWorker (SegmentedRaftLogWorker.java:lambda$new$0(132)) - 340027e2-c19a-4ce0-8fe2-d5928ef30461-SegmentedRaftLogWorker:Storage Directory /workdir/hadoop-ozone/integration-test/target/test-dir/MiniOzoneClusterImpl-dcd12998-9865-489a-a0f8-9e63b4ee21e6/datanode-3/data/ratis/7a885e06-40bf-48ad-9e81-a3c8c280768f: flushIndex: setUnconditionally 0 -> -1
2019-08-20 19:14:45,622 [pool-159-thread-1] INFO  server.RaftServerConfigKeys (ConfUtils.java:logGet(43)) - raft.server.snapshot.auto.trigger.enabled = true (custom)
2019-08-20 19:14:45,623 [pool-159-thread-1] INFO  server.RaftServerConfigKeys (ConfUtils.java:logGet(43)) - raft.server.snapshot.auto.trigger.threshold = 10000 (custom)
2019-08-20 19:14:45,623 [pool-159-thread-1] INFO  server.RaftServerConfigKeys (ConfUtils.java:logGet(43)) - raft.server.retrycache.expirytime = 600000ms (custom)
2019-08-20 19:14:45,623 [pool-159-thread-1] INFO  impl.RaftServerImpl (RaftServerImpl.java:start(180)) - 340027e2-c19a-4ce0-8fe2-d5928ef30461: start group-A3C8C280768F
2019-08-20 19:14:45,623 [pool-159-thread-1] INFO  impl.RaftServerImpl (RaftServerImpl.java:setRole(171)) - 340027e2-c19a-4ce0-8fe2-d5928ef30461:group-A3C8C280768F changes role from null to FOLLOWER at term 0 for startAsFollower
2019-08-20 19:14:45,624 [pool-159-thread-1] INFO  impl.RoleInfo (RoleInfo.java:updateAndGet(143)) - 340027e2-c19a-4ce0-8fe2-d5928ef30461: start FollowerState
2019-08-20 19:14:45,624 [pool-159-thread-1] INFO  util.JmxRegister (JmxRegister.java:tryRegister(44)) - Successfully registered JMX Bean with object name Ratis:service=RaftServer,group=group-A3C8C280768F,id=340027e2-c19a-4ce0-8fe2-d5928ef30461
2019-08-20 19:14:45,628 [RatisPipelineUtilsThread] INFO  pipeline.PipelineStateManager (PipelineStateManager.java:addPipeline(56)) - Created pipeline Pipeline[ Id: 7a885e06-40bf-48ad-9e81-a3c8c280768f, Nodes: 340027e2-c19a-4ce0-8fe2-d5928ef30461{ip: 192.168.69.105, host: pr-hdds-165-w559s-1850982102, networkLocation: /default-rack, certSerialId: null}, Type:RATIS, Factor:ONE, State:OPEN]
2019-08-20 19:14:45,914 [IPC Server handler 4 on 45411] INFO  net.NetworkTopology (NetworkTopologyImpl.java:add(110)) - Added a new node: /default-rack/4033865b-8d67-417a-8575-039c711fd8ba
2019-08-20 19:14:45,914 [IPC Server handler 4 on 45411] INFO  node.SCMNodeManager (SCMNodeManager.java:register(273)) - Registered Data node : 4033865b-8d67-417a-8575-039c711fd8ba{ip: 192.168.69.105, host: pr-hdds-165-w559s-1850982102, networkLocation: /default-rack, certSerialId: null}
2019-08-20 19:14:45,914 | INFO  | SCMAudit | user=jenkins1000 | ip=192.168.69.105 | op=REGISTER {datanodeDetails=4033865b-8d67-417a-8575-039c711fd8ba{ip: 192.168.69.105, host: pr-hdds-165-w559s-1850982102, networkLocation: /default-rack, certSerialId: null}} | ret=SUCCESS |  
2019-08-20 19:14:45,928 [grpc-default-executor-3] INFO  impl.RaftServerProxy (RaftServerProxy.java:addNew(89)) - 4033865b-8d67-417a-8575-039c711fd8ba: addNew group-D9569CEAAA34:[4033865b-8d67-417a-8575-039c711fd8ba:192.168.69.105:35380] returns group-D9569CEAAA34:java.util.concurrent.CompletableFuture@2618a449[Not completed]
2019-08-20 19:14:45,933 [pool-170-thread-1] INFO  impl.RaftServerImpl (RaftServerImpl.java:<init>(93)) - 4033865b-8d67-417a-8575-039c711fd8ba: new RaftServerImpl for group-D9569CEAAA34:[4033865b-8d67-417a-8575-039c711fd8ba:192.168.69.105:35380] with ContainerStateMachine:uninitialized
2019-08-20 19:14:45,933 [pool-170-thread-1] INFO  server.RaftServerConfigKeys (ConfUtils.java:logGet(43)) - raft.server.rpc.timeout.min = 5s (custom)
2019-08-20 19:14:45,933 [pool-170-thread-1] INFO  server.RaftServerConfigKeys (ConfUtils.java:logGet(43)) - raft.server.rpc.timeout.max = 5200ms (custom)
2019-08-20 19:14:45,934 [pool-170-thread-1] INFO  server.RaftServerConfigKeys (ConfUtils.java:logGet(43)) - raft.server.rpcslowness.timeout = 120s (custom)
2019-08-20 19:14:45,934 [pool-170-thread-1] INFO  server.RaftServerConfigKeys (ConfUtils.java:logGet(43)) - raft.server.sleep.deviation.threshold = 300 (default)
2019-08-20 19:14:45,934 [pool-170-thread-1] INFO  server.RaftServerConfigKeys (ConfUtils.java:logGet(43)) - raft.server.log.appender.install.snapshot.enabled = false (custom)
2019-08-20 19:14:45,934 [pool-170-thread-1] INFO  impl.RaftServerImpl (ServerState.java:<init>(105)) - 4033865b-8d67-417a-8575-039c711fd8ba:group-D9569CEAAA34 ConfigurationManager, init=-1: [4033865b-8d67-417a-8575-039c711fd8ba:192.168.69.105:35380], old=null, confs=<EMPTY_MAP>
2019-08-20 19:14:45,934 [pool-170-thread-1] INFO  server.RaftServerConfigKeys (ConfUtils.java:logGet(43)) - raft.server.storage.dir = [/workdir/hadoop-ozone/integration-test/target/test-dir/MiniOzoneClusterImpl-dcd12998-9865-489a-a0f8-9e63b4ee21e6/datanode-4/data/ratis] (custom)
2019-08-20 19:14:45,935 [pool-170-thread-1] INFO  storage.RaftStorageDirectory (RaftStorageDirectory.java:analyzeStorage(246)) - The storage directory /workdir/hadoop-ozone/integration-test/target/test-dir/MiniOzoneClusterImpl-dcd12998-9865-489a-a0f8-9e63b4ee21e6/datanode-4/data/ratis/2df64747-fb57-45bc-8bdc-d9569ceaaa34 does not exist. Creating ...
2019-08-20 19:14:45,947 [pool-170-thread-1] INFO  storage.RaftStorageDirectory (RaftStorageDirectory.java:tryLock(328)) - Lock on /workdir/hadoop-ozone/integration-test/target/test-dir/MiniOzoneClusterImpl-dcd12998-9865-489a-a0f8-9e63b4ee21e6/datanode-4/data/ratis/2df64747-fb57-45bc-8bdc-d9569ceaaa34/in_use.lock acquired by nodename 5147@pr-hdds-165-w559s-1850982102
2019-08-20 19:14:45,961 [pool-170-thread-1] INFO  storage.RaftStorage (RaftStorage.java:format(72)) - Storage directory /workdir/hadoop-ozone/integration-test/target/test-dir/MiniOzoneClusterImpl-dcd12998-9865-489a-a0f8-9e63b4ee21e6/datanode-4/data/ratis/2df64747-fb57-45bc-8bdc-d9569ceaaa34 has been successfully formatted.
2019-08-20 19:14:45,961 [pool-170-thread-1] INFO  ratis.ContainerStateMachine (ContainerStateMachine.java:loadSnapshot(226)) - group-D9569CEAAA34: The snapshot info is null. Setting the last applied indexto:(t:0, i:~)
2019-08-20 19:14:45,962 [pool-170-thread-1] INFO  server.RaftServerConfigKeys (ConfUtils.java:logGet(43)) - raft.server.leader.election.timeout = 120s (custom)
2019-08-20 19:14:45,962 [pool-170-thread-1] INFO  server.RaftServerConfigKeys (ConfUtils.java:logGet(43)) - raft.server.log.use.memory = false (default)
2019-08-20 19:14:45,962 [pool-170-thread-1] INFO  server.RaftServerConfigKeys (ConfUtils.java:logGet(43)) - raft.server.log.purge.gap = 1000000 (custom)
2019-08-20 19:14:45,962 [pool-170-thread-1] INFO  server.RaftServerConfigKeys (ConfUtils.java:logGet(43)) - raft.server.log.appender.buffer.byte-limit = 33554432 (custom)
2019-08-20 19:14:45,962 [pool-170-thread-1] INFO  server.RaftServerConfigKeys (ConfUtils.java:logGet(43)) - raft.server.log.segment.size.max = 1048576 (custom)
2019-08-20 19:14:45,963 [pool-170-thread-1] INFO  server.RaftServerConfigKeys (ConfUtils.java:logGet(43)) - raft.server.log.segment.cache.num.max = 2 (custom)
2019-08-20 19:14:45,963 [pool-170-thread-1] INFO  segmented.SegmentedRaftLogWorker (SegmentedRaftLogWorker.java:<init>(172)) - new 4033865b-8d67-417a-8575-039c711fd8ba-SegmentedRaftLogWorker:Storage Directory /workdir/hadoop-ozone/integration-test/target/test-dir/MiniOzoneClusterImpl-dcd12998-9865-489a-a0f8-9e63b4ee21e6/datanode-4/data/ratis/2df64747-fb57-45bc-8bdc-d9569ceaaa34 for RaftStorage:Storage Directory /workdir/hadoop-ozone/integration-test/target/test-dir/MiniOzoneClusterImpl-dcd12998-9865-489a-a0f8-9e63b4ee21e6/datanode-4/data/ratis/2df64747-fb57-45bc-8bdc-d9569ceaaa34
2019-08-20 19:14:45,963 [pool-170-thread-1] INFO  server.RaftServerConfigKeys (ConfUtils.java:logGet(43)) - raft.server.log.queue.byte-limit = 2147483647 (custom)
2019-08-20 19:14:45,963 [pool-170-thread-1] INFO  server.RaftServerConfigKeys (ConfUtils.java:logGet(43)) - raft.server.log.queue.element-limit = 1024 (custom)
2019-08-20 19:14:45,964 [pool-170-thread-1] INFO  server.RaftServerConfigKeys (ConfUtils.java:logGet(43)) - raft.server.log.segment.size.max = 1048576 (custom)
2019-08-20 19:14:45,964 [pool-170-thread-1] INFO  server.RaftServerConfigKeys (ConfUtils.java:logGet(43)) - raft.server.log.preallocated.size = 16384 (custom)
2019-08-20 19:14:45,964 [pool-170-thread-1] INFO  server.RaftServerConfigKeys (ConfUtils.java:logGet(43)) - raft.server.log.write.buffer.size = 33554432 (custom)
2019-08-20 19:14:45,964 [pool-170-thread-1] INFO  server.RaftServerConfigKeys (ConfUtils.java:logGet(43)) - raft.server.log.force.sync.num = 128 (default)
2019-08-20 19:14:45,964 [pool-170-thread-1] INFO  server.RaftServerConfigKeys (ConfUtils.java:logGet(43)) - raft.server.log.statemachine.data.sync = true (default)
2019-08-20 19:14:45,964 [pool-170-thread-1] INFO  server.RaftServerConfigKeys (ConfUtils.java:logGet(43)) - raft.server.log.statemachine.data.sync.timeout = 10s (default)
2019-08-20 19:14:45,964 [pool-170-thread-1] INFO  server.RaftServerConfigKeys (ConfUtils.java:logGet(43)) - raft.server.log.statemachine.data.sync.timeout.retry = -1 (default)
2019-08-20 19:14:45,965 [pool-170-thread-1] INFO  server.RaftServerConfigKeys (ConfUtils.java:logGet(43)) - raft.server.log.statemachine.data.caching.enabled = true (custom)
2019-08-20 19:14:45,965 [pool-170-thread-1] INFO  segmented.SegmentedRaftLogWorker (SegmentedRaftLogWorker.java:lambda$new$0(132)) - 4033865b-8d67-417a-8575-039c711fd8ba-SegmentedRaftLogWorker:Storage Directory /workdir/hadoop-ozone/integration-test/target/test-dir/MiniOzoneClusterImpl-dcd12998-9865-489a-a0f8-9e63b4ee21e6/datanode-4/data/ratis/2df64747-fb57-45bc-8bdc-d9569ceaaa34: flushIndex: setUnconditionally 0 -> -1
2019-08-20 19:14:45,966 [pool-170-thread-1] INFO  server.RaftServerConfigKeys (ConfUtils.java:logGet(43)) - raft.server.snapshot.auto.trigger.enabled = true (custom)
2019-08-20 19:14:45,966 [pool-170-thread-1] INFO  server.RaftServerConfigKeys (ConfUtils.java:logGet(43)) - raft.server.snapshot.auto.trigger.threshold = 10000 (custom)
2019-08-20 19:14:45,966 [pool-170-thread-1] INFO  server.RaftServerConfigKeys (ConfUtils.java:logGet(43)) - raft.server.retrycache.expirytime = 600000ms (custom)
2019-08-20 19:14:45,966 [pool-170-thread-1] INFO  impl.RaftServerImpl (RaftServerImpl.java:start(180)) - 4033865b-8d67-417a-8575-039c711fd8ba: start group-D9569CEAAA34
2019-08-20 19:14:45,966 [pool-170-thread-1] INFO  impl.RaftServerImpl (RaftServerImpl.java:setRole(171)) - 4033865b-8d67-417a-8575-039c711fd8ba:group-D9569CEAAA34 changes role from null to FOLLOWER at term 0 for startAsFollower
2019-08-20 19:14:45,967 [pool-170-thread-1] INFO  impl.RoleInfo (RoleInfo.java:updateAndGet(143)) - 4033865b-8d67-417a-8575-039c711fd8ba: start FollowerState
2019-08-20 19:14:45,967 [pool-170-thread-1] INFO  util.JmxRegister (JmxRegister.java:tryRegister(44)) - Successfully registered JMX Bean with object name Ratis:service=RaftServer,group=group-D9569CEAAA34,id=4033865b-8d67-417a-8575-039c711fd8ba
2019-08-20 19:14:45,970 [RatisPipelineUtilsThread] INFO  pipeline.PipelineStateManager (PipelineStateManager.java:addPipeline(56)) - Created pipeline Pipeline[ Id: 2df64747-fb57-45bc-8bdc-d9569ceaaa34, Nodes: 4033865b-8d67-417a-8575-039c711fd8ba{ip: 192.168.69.105, host: pr-hdds-165-w559s-1850982102, networkLocation: /default-rack, certSerialId: null}, Type:RATIS, Factor:ONE, State:OPEN]
2019-08-20 19:14:46,120 [IPC Server handler 1 on 45411] INFO  net.NetworkTopology (NetworkTopologyImpl.java:add(110)) - Added a new node: /default-rack/e274e395-c7b6-408d-a6b4-4add6056d6d1
2019-08-20 19:14:46,120 [IPC Server handler 1 on 45411] INFO  node.SCMNodeManager (SCMNodeManager.java:register(273)) - Registered Data node : e274e395-c7b6-408d-a6b4-4add6056d6d1{ip: 192.168.69.105, host: pr-hdds-165-w559s-1850982102, networkLocation: /default-rack, certSerialId: null}
2019-08-20 19:14:46,120 | INFO  | SCMAudit | user=jenkins1000 | ip=192.168.69.105 | op=REGISTER {datanodeDetails=e274e395-c7b6-408d-a6b4-4add6056d6d1{ip: 192.168.69.105, host: pr-hdds-165-w559s-1850982102, networkLocation: /default-rack, certSerialId: null}} | ret=SUCCESS |  
2019-08-20 19:14:46,134 [grpc-default-executor-3] INFO  impl.RaftServerProxy (RaftServerProxy.java:addNew(89)) - e274e395-c7b6-408d-a6b4-4add6056d6d1: addNew group-6C11DA3FB6A0:[e274e395-c7b6-408d-a6b4-4add6056d6d1:192.168.69.105:35007] returns group-6C11DA3FB6A0:java.util.concurrent.CompletableFuture@71335940[Not completed]
2019-08-20 19:14:46,140 [pool-181-thread-1] INFO  impl.RaftServerImpl (RaftServerImpl.java:<init>(93)) - e274e395-c7b6-408d-a6b4-4add6056d6d1: new RaftServerImpl for group-6C11DA3FB6A0:[e274e395-c7b6-408d-a6b4-4add6056d6d1:192.168.69.105:35007] with ContainerStateMachine:uninitialized
2019-08-20 19:14:46,141 [pool-181-thread-1] INFO  server.RaftServerConfigKeys (ConfUtils.java:logGet(43)) - raft.server.rpc.timeout.min = 5s (custom)
2019-08-20 19:14:46,141 [pool-181-thread-1] INFO  server.RaftServerConfigKeys (ConfUtils.java:logGet(43)) - raft.server.rpc.timeout.max = 5200ms (custom)
2019-08-20 19:14:46,141 [pool-181-thread-1] INFO  server.RaftServerConfigKeys (ConfUtils.java:logGet(43)) - raft.server.rpcslowness.timeout = 120s (custom)
2019-08-20 19:14:46,141 [pool-181-thread-1] INFO  server.RaftServerConfigKeys (ConfUtils.java:logGet(43)) - raft.server.sleep.deviation.threshold = 300 (default)
2019-08-20 19:14:46,141 [pool-181-thread-1] INFO  server.RaftServerConfigKeys (ConfUtils.java:logGet(43)) - raft.server.log.appender.install.snapshot.enabled = false (custom)
2019-08-20 19:14:46,141 [pool-181-thread-1] INFO  impl.RaftServerImpl (ServerState.java:<init>(105)) - e274e395-c7b6-408d-a6b4-4add6056d6d1:group-6C11DA3FB6A0 ConfigurationManager, init=-1: [e274e395-c7b6-408d-a6b4-4add6056d6d1:192.168.69.105:35007], old=null, confs=<EMPTY_MAP>
2019-08-20 19:14:46,142 [pool-181-thread-1] INFO  server.RaftServerConfigKeys (ConfUtils.java:logGet(43)) - raft.server.storage.dir = [/workdir/hadoop-ozone/integration-test/target/test-dir/MiniOzoneClusterImpl-dcd12998-9865-489a-a0f8-9e63b4ee21e6/datanode-5/data/ratis] (custom)
2019-08-20 19:14:46,142 [pool-181-thread-1] INFO  storage.RaftStorageDirectory (RaftStorageDirectory.java:analyzeStorage(246)) - The storage directory /workdir/hadoop-ozone/integration-test/target/test-dir/MiniOzoneClusterImpl-dcd12998-9865-489a-a0f8-9e63b4ee21e6/datanode-5/data/ratis/31fcd073-a135-46cb-9c54-6c11da3fb6a0 does not exist. Creating ...
2019-08-20 19:14:46,155 [pool-181-thread-1] INFO  storage.RaftStorageDirectory (RaftStorageDirectory.java:tryLock(328)) - Lock on /workdir/hadoop-ozone/integration-test/target/test-dir/MiniOzoneClusterImpl-dcd12998-9865-489a-a0f8-9e63b4ee21e6/datanode-5/data/ratis/31fcd073-a135-46cb-9c54-6c11da3fb6a0/in_use.lock acquired by nodename 5147@pr-hdds-165-w559s-1850982102
2019-08-20 19:14:46,192 [pool-181-thread-1] INFO  storage.RaftStorage (RaftStorage.java:format(72)) - Storage directory /workdir/hadoop-ozone/integration-test/target/test-dir/MiniOzoneClusterImpl-dcd12998-9865-489a-a0f8-9e63b4ee21e6/datanode-5/data/ratis/31fcd073-a135-46cb-9c54-6c11da3fb6a0 has been successfully formatted.
2019-08-20 19:14:46,193 [pool-181-thread-1] INFO  ratis.ContainerStateMachine (ContainerStateMachine.java:loadSnapshot(226)) - group-6C11DA3FB6A0: The snapshot info is null. Setting the last applied indexto:(t:0, i:~)
2019-08-20 19:14:46,193 [pool-181-thread-1] INFO  server.RaftServerConfigKeys (ConfUtils.java:logGet(43)) - raft.server.leader.election.timeout = 120s (custom)
2019-08-20 19:14:46,193 [pool-181-thread-1] INFO  server.RaftServerConfigKeys (ConfUtils.java:logGet(43)) - raft.server.log.use.memory = false (default)
2019-08-20 19:14:46,193 [pool-181-thread-1] INFO  server.RaftServerConfigKeys (ConfUtils.java:logGet(43)) - raft.server.log.purge.gap = 1000000 (custom)
2019-08-20 19:14:46,194 [pool-181-thread-1] INFO  server.RaftServerConfigKeys (ConfUtils.java:logGet(43)) - raft.server.log.appender.buffer.byte-limit = 33554432 (custom)
2019-08-20 19:14:46,194 [pool-181-thread-1] INFO  server.RaftServerConfigKeys (ConfUtils.java:logGet(43)) - raft.server.log.segment.size.max = 1048576 (custom)
2019-08-20 19:14:46,194 [pool-181-thread-1] INFO  server.RaftServerConfigKeys (ConfUtils.java:logGet(43)) - raft.server.log.segment.cache.num.max = 2 (custom)
2019-08-20 19:14:46,194 [pool-181-thread-1] INFO  segmented.SegmentedRaftLogWorker (SegmentedRaftLogWorker.java:<init>(172)) - new e274e395-c7b6-408d-a6b4-4add6056d6d1-SegmentedRaftLogWorker:Storage Directory /workdir/hadoop-ozone/integration-test/target/test-dir/MiniOzoneClusterImpl-dcd12998-9865-489a-a0f8-9e63b4ee21e6/datanode-5/data/ratis/31fcd073-a135-46cb-9c54-6c11da3fb6a0 for RaftStorage:Storage Directory /workdir/hadoop-ozone/integration-test/target/test-dir/MiniOzoneClusterImpl-dcd12998-9865-489a-a0f8-9e63b4ee21e6/datanode-5/data/ratis/31fcd073-a135-46cb-9c54-6c11da3fb6a0
2019-08-20 19:14:46,194 [pool-181-thread-1] INFO  server.RaftServerConfigKeys (ConfUtils.java:logGet(43)) - raft.server.log.queue.byte-limit = 2147483647 (custom)
2019-08-20 19:14:46,194 [pool-181-thread-1] INFO  server.RaftServerConfigKeys (ConfUtils.java:logGet(43)) - raft.server.log.queue.element-limit = 1024 (custom)
2019-08-20 19:14:46,195 [pool-181-thread-1] INFO  server.RaftServerConfigKeys (ConfUtils.java:logGet(43)) - raft.server.log.segment.size.max = 1048576 (custom)
2019-08-20 19:14:46,195 [pool-181-thread-1] INFO  server.RaftServerConfigKeys (ConfUtils.java:logGet(43)) - raft.server.log.preallocated.size = 16384 (custom)
2019-08-20 19:14:46,195 [pool-181-thread-1] INFO  server.RaftServerConfigKeys (ConfUtils.java:logGet(43)) - raft.server.log.write.buffer.size = 33554432 (custom)
2019-08-20 19:14:46,195 [pool-181-thread-1] INFO  server.RaftServerConfigKeys (ConfUtils.java:logGet(43)) - raft.server.log.force.sync.num = 128 (default)
2019-08-20 19:14:46,195 [pool-181-thread-1] INFO  server.RaftServerConfigKeys (ConfUtils.java:logGet(43)) - raft.server.log.statemachine.data.sync = true (default)
2019-08-20 19:14:46,196 [pool-181-thread-1] INFO  server.RaftServerConfigKeys (ConfUtils.java:logGet(43)) - raft.server.log.statemachine.data.sync.timeout = 10s (default)
2019-08-20 19:14:46,196 [pool-181-thread-1] INFO  server.RaftServerConfigKeys (ConfUtils.java:logGet(43)) - raft.server.log.statemachine.data.sync.timeout.retry = -1 (default)
2019-08-20 19:14:46,196 [pool-181-thread-1] INFO  server.RaftServerConfigKeys (ConfUtils.java:logGet(43)) - raft.server.log.statemachine.data.caching.enabled = true (custom)
2019-08-20 19:14:46,196 [pool-181-thread-1] INFO  segmented.SegmentedRaftLogWorker (SegmentedRaftLogWorker.java:lambda$new$0(132)) - e274e395-c7b6-408d-a6b4-4add6056d6d1-SegmentedRaftLogWorker:Storage Directory /workdir/hadoop-ozone/integration-test/target/test-dir/MiniOzoneClusterImpl-dcd12998-9865-489a-a0f8-9e63b4ee21e6/datanode-5/data/ratis/31fcd073-a135-46cb-9c54-6c11da3fb6a0: flushIndex: setUnconditionally 0 -> -1
2019-08-20 19:14:46,197 [pool-181-thread-1] INFO  server.RaftServerConfigKeys (ConfUtils.java:logGet(43)) - raft.server.snapshot.auto.trigger.enabled = true (custom)
2019-08-20 19:14:46,197 [pool-181-thread-1] INFO  server.RaftServerConfigKeys (ConfUtils.java:logGet(43)) - raft.server.snapshot.auto.trigger.threshold = 10000 (custom)
2019-08-20 19:14:46,197 [pool-181-thread-1] INFO  server.RaftServerConfigKeys (ConfUtils.java:logGet(43)) - raft.server.retrycache.expirytime = 600000ms (custom)
2019-08-20 19:14:46,198 [pool-181-thread-1] INFO  impl.RaftServerImpl (RaftServerImpl.java:start(180)) - e274e395-c7b6-408d-a6b4-4add6056d6d1: start group-6C11DA3FB6A0
2019-08-20 19:14:46,198 [pool-181-thread-1] INFO  impl.RaftServerImpl (RaftServerImpl.java:setRole(171)) - e274e395-c7b6-408d-a6b4-4add6056d6d1:group-6C11DA3FB6A0 changes role from null to FOLLOWER at term 0 for startAsFollower
2019-08-20 19:14:46,198 [pool-181-thread-1] INFO  impl.RoleInfo (RoleInfo.java:updateAndGet(143)) - e274e395-c7b6-408d-a6b4-4add6056d6d1: start FollowerState
2019-08-20 19:14:46,198 [pool-181-thread-1] INFO  util.JmxRegister (JmxRegister.java:tryRegister(44)) - Successfully registered JMX Bean with object name Ratis:service=RaftServer,group=group-6C11DA3FB6A0,id=e274e395-c7b6-408d-a6b4-4add6056d6d1
2019-08-20 19:14:46,201 [RatisPipelineUtilsThread] INFO  pipeline.PipelineStateManager (PipelineStateManager.java:addPipeline(56)) - Created pipeline Pipeline[ Id: 31fcd073-a135-46cb-9c54-6c11da3fb6a0, Nodes: e274e395-c7b6-408d-a6b4-4add6056d6d1{ip: 192.168.69.105, host: pr-hdds-165-w559s-1850982102, networkLocation: /default-rack, certSerialId: null}, Type:RATIS, Factor:ONE, State:OPEN]
2019-08-20 19:14:46,221 [grpc-default-executor-1] INFO  impl.RaftServerProxy (RaftServerProxy.java:addNew(89)) - e274e395-c7b6-408d-a6b4-4add6056d6d1: addNew group-33ED13302D71:[e274e395-c7b6-408d-a6b4-4add6056d6d1:192.168.69.105:35007, 340027e2-c19a-4ce0-8fe2-d5928ef30461:192.168.69.105:36582, 4033865b-8d67-417a-8575-039c711fd8ba:192.168.69.105:35380] returns group-33ED13302D71:java.util.concurrent.CompletableFuture@5c69c4b[Not completed]
2019-08-20 19:14:46,221 [grpc-default-executor-4] INFO  impl.RaftServerProxy (RaftServerProxy.java:addNew(89)) - 4033865b-8d67-417a-8575-039c711fd8ba: addNew group-33ED13302D71:[e274e395-c7b6-408d-a6b4-4add6056d6d1:192.168.69.105:35007, 340027e2-c19a-4ce0-8fe2-d5928ef30461:192.168.69.105:36582, 4033865b-8d67-417a-8575-039c711fd8ba:192.168.69.105:35380] returns group-33ED13302D71:java.util.concurrent.CompletableFuture@2c80df36[Not completed]
2019-08-20 19:14:46,221 [grpc-default-executor-3] INFO  impl.RaftServerProxy (RaftServerProxy.java:addNew(89)) - 340027e2-c19a-4ce0-8fe2-d5928ef30461: addNew group-33ED13302D71:[e274e395-c7b6-408d-a6b4-4add6056d6d1:192.168.69.105:35007, 340027e2-c19a-4ce0-8fe2-d5928ef30461:192.168.69.105:36582, 4033865b-8d67-417a-8575-039c711fd8ba:192.168.69.105:35380] returns group-33ED13302D71:java.util.concurrent.CompletableFuture@6eb649cd[Not completed]
2019-08-20 19:14:46,222 [pool-181-thread-1] INFO  impl.RaftServerImpl (RaftServerImpl.java:<init>(93)) - e274e395-c7b6-408d-a6b4-4add6056d6d1: new RaftServerImpl for group-33ED13302D71:[e274e395-c7b6-408d-a6b4-4add6056d6d1:192.168.69.105:35007, 340027e2-c19a-4ce0-8fe2-d5928ef30461:192.168.69.105:36582, 4033865b-8d67-417a-8575-039c711fd8ba:192.168.69.105:35380] with ContainerStateMachine:uninitialized
2019-08-20 19:14:46,223 [pool-181-thread-1] INFO  server.RaftServerConfigKeys (ConfUtils.java:logGet(43)) - raft.server.rpc.timeout.min = 5s (custom)
2019-08-20 19:14:46,223 [pool-181-thread-1] INFO  server.RaftServerConfigKeys (ConfUtils.java:logGet(43)) - raft.server.rpc.timeout.max = 5200ms (custom)
2019-08-20 19:14:46,223 [pool-181-thread-1] INFO  server.RaftServerConfigKeys (ConfUtils.java:logGet(43)) - raft.server.rpcslowness.timeout = 120s (custom)
2019-08-20 19:14:46,223 [pool-181-thread-1] INFO  server.RaftServerConfigKeys (ConfUtils.java:logGet(43)) - raft.server.sleep.deviation.threshold = 300 (default)
2019-08-20 19:14:46,223 [pool-181-thread-1] INFO  server.RaftServerConfigKeys (ConfUtils.java:logGet(43)) - raft.server.log.appender.install.snapshot.enabled = false (custom)
2019-08-20 19:14:46,223 [pool-181-thread-1] INFO  impl.RaftServerImpl (ServerState.java:<init>(105)) - e274e395-c7b6-408d-a6b4-4add6056d6d1:group-33ED13302D71 ConfigurationManager, init=-1: [e274e395-c7b6-408d-a6b4-4add6056d6d1:192.168.69.105:35007, 340027e2-c19a-4ce0-8fe2-d5928ef30461:192.168.69.105:36582, 4033865b-8d67-417a-8575-039c711fd8ba:192.168.69.105:35380], old=null, confs=<EMPTY_MAP>
2019-08-20 19:14:46,223 [pool-159-thread-1] INFO  impl.RaftServerImpl (RaftServerImpl.java:<init>(93)) - 340027e2-c19a-4ce0-8fe2-d5928ef30461: new RaftServerImpl for group-33ED13302D71:[e274e395-c7b6-408d-a6b4-4add6056d6d1:192.168.69.105:35007, 340027e2-c19a-4ce0-8fe2-d5928ef30461:192.168.69.105:36582, 4033865b-8d67-417a-8575-039c711fd8ba:192.168.69.105:35380] with ContainerStateMachine:uninitialized
2019-08-20 19:14:46,223 [pool-181-thread-1] INFO  server.RaftServerConfigKeys (ConfUtils.java:logGet(43)) - raft.server.storage.dir = [/workdir/hadoop-ozone/integration-test/target/test-dir/MiniOzoneClusterImpl-dcd12998-9865-489a-a0f8-9e63b4ee21e6/datanode-5/data/ratis] (custom)
2019-08-20 19:14:46,223 [pool-159-thread-1] INFO  server.RaftServerConfigKeys (ConfUtils.java:logGet(43)) - raft.server.rpc.timeout.min = 5s (custom)
2019-08-20 19:14:46,224 [pool-159-thread-1] INFO  server.RaftServerConfigKeys (ConfUtils.java:logGet(43)) - raft.server.rpc.timeout.max = 5200ms (custom)
2019-08-20 19:14:46,224 [pool-181-thread-1] INFO  storage.RaftStorageDirectory (RaftStorageDirectory.java:analyzeStorage(246)) - The storage directory /workdir/hadoop-ozone/integration-test/target/test-dir/MiniOzoneClusterImpl-dcd12998-9865-489a-a0f8-9e63b4ee21e6/datanode-5/data/ratis/7b4a51c3-350c-4c1b-a2d0-33ed13302d71 does not exist. Creating ...
2019-08-20 19:14:46,224 [pool-170-thread-1] INFO  impl.RaftServerImpl (RaftServerImpl.java:<init>(93)) - 4033865b-8d67-417a-8575-039c711fd8ba: new RaftServerImpl for group-33ED13302D71:[e274e395-c7b6-408d-a6b4-4add6056d6d1:192.168.69.105:35007, 340027e2-c19a-4ce0-8fe2-d5928ef30461:192.168.69.105:36582, 4033865b-8d67-417a-8575-039c711fd8ba:192.168.69.105:35380] with ContainerStateMachine:uninitialized
2019-08-20 19:14:46,224 [pool-159-thread-1] INFO  server.RaftServerConfigKeys (ConfUtils.java:logGet(43)) - raft.server.rpcslowness.timeout = 120s (custom)
2019-08-20 19:14:46,224 [pool-170-thread-1] INFO  server.RaftServerConfigKeys (ConfUtils.java:logGet(43)) - raft.server.rpc.timeout.min = 5s (custom)
2019-08-20 19:14:46,224 [pool-159-thread-1] INFO  server.RaftServerConfigKeys (ConfUtils.java:logGet(43)) - raft.server.sleep.deviation.threshold = 300 (default)
2019-08-20 19:14:46,224 [pool-170-thread-1] INFO  server.RaftServerConfigKeys (ConfUtils.java:logGet(43)) - raft.server.rpc.timeout.max = 5200ms (custom)
2019-08-20 19:14:46,225 [pool-159-thread-1] INFO  server.RaftServerConfigKeys (ConfUtils.java:logGet(43)) - raft.server.log.appender.install.snapshot.enabled = false (custom)
2019-08-20 19:14:46,225 [pool-170-thread-1] INFO  server.RaftServerConfigKeys (ConfUtils.java:logGet(43)) - raft.server.rpcslowness.timeout = 120s (custom)
2019-08-20 19:14:46,225 [pool-159-thread-1] INFO  impl.RaftServerImpl (ServerState.java:<init>(105)) - 340027e2-c19a-4ce0-8fe2-d5928ef30461:group-33ED13302D71 ConfigurationManager, init=-1: [e274e395-c7b6-408d-a6b4-4add6056d6d1:192.168.69.105:35007, 340027e2-c19a-4ce0-8fe2-d5928ef30461:192.168.69.105:36582, 4033865b-8d67-417a-8575-039c711fd8ba:192.168.69.105:35380], old=null, confs=<EMPTY_MAP>
2019-08-20 19:14:46,225 [pool-170-thread-1] INFO  server.RaftServerConfigKeys (ConfUtils.java:logGet(43)) - raft.server.sleep.deviation.threshold = 300 (default)
2019-08-20 19:14:46,225 [pool-159-thread-1] INFO  server.RaftServerConfigKeys (ConfUtils.java:logGet(43)) - raft.server.storage.dir = [/workdir/hadoop-ozone/integration-test/target/test-dir/MiniOzoneClusterImpl-dcd12998-9865-489a-a0f8-9e63b4ee21e6/datanode-3/data/ratis] (custom)
2019-08-20 19:14:46,225 [pool-170-thread-1] INFO  server.RaftServerConfigKeys (ConfUtils.java:logGet(43)) - raft.server.log.appender.install.snapshot.enabled = false (custom)
2019-08-20 19:14:46,226 [pool-170-thread-1] INFO  impl.RaftServerImpl (ServerState.java:<init>(105)) - 4033865b-8d67-417a-8575-039c711fd8ba:group-33ED13302D71 ConfigurationManager, init=-1: [e274e395-c7b6-408d-a6b4-4add6056d6d1:192.168.69.105:35007, 340027e2-c19a-4ce0-8fe2-d5928ef30461:192.168.69.105:36582, 4033865b-8d67-417a-8575-039c711fd8ba:192.168.69.105:35380], old=null, confs=<EMPTY_MAP>
2019-08-20 19:14:46,226 [pool-159-thread-1] INFO  storage.RaftStorageDirectory (RaftStorageDirectory.java:analyzeStorage(246)) - The storage directory /workdir/hadoop-ozone/integration-test/target/test-dir/MiniOzoneClusterImpl-dcd12998-9865-489a-a0f8-9e63b4ee21e6/datanode-3/data/ratis/7b4a51c3-350c-4c1b-a2d0-33ed13302d71 does not exist. Creating ...
2019-08-20 19:14:46,226 [pool-170-thread-1] INFO  server.RaftServerConfigKeys (ConfUtils.java:logGet(43)) - raft.server.storage.dir = [/workdir/hadoop-ozone/integration-test/target/test-dir/MiniOzoneClusterImpl-dcd12998-9865-489a-a0f8-9e63b4ee21e6/datanode-4/data/ratis] (custom)
2019-08-20 19:14:46,226 [pool-170-thread-1] INFO  storage.RaftStorageDirectory (RaftStorageDirectory.java:analyzeStorage(246)) - The storage directory /workdir/hadoop-ozone/integration-test/target/test-dir/MiniOzoneClusterImpl-dcd12998-9865-489a-a0f8-9e63b4ee21e6/datanode-4/data/ratis/7b4a51c3-350c-4c1b-a2d0-33ed13302d71 does not exist. Creating ...
2019-08-20 19:14:46,237 [pool-170-thread-1] INFO  storage.RaftStorageDirectory (RaftStorageDirectory.java:tryLock(328)) - Lock on /workdir/hadoop-ozone/integration-test/target/test-dir/MiniOzoneClusterImpl-dcd12998-9865-489a-a0f8-9e63b4ee21e6/datanode-4/data/ratis/7b4a51c3-350c-4c1b-a2d0-33ed13302d71/in_use.lock acquired by nodename 5147@pr-hdds-165-w559s-1850982102
2019-08-20 19:14:46,237 [pool-181-thread-1] INFO  storage.RaftStorageDirectory (RaftStorageDirectory.java:tryLock(328)) - Lock on /workdir/hadoop-ozone/integration-test/target/test-dir/MiniOzoneClusterImpl-dcd12998-9865-489a-a0f8-9e63b4ee21e6/datanode-5/data/ratis/7b4a51c3-350c-4c1b-a2d0-33ed13302d71/in_use.lock acquired by nodename 5147@pr-hdds-165-w559s-1850982102
2019-08-20 19:14:46,237 [pool-159-thread-1] INFO  storage.RaftStorageDirectory (RaftStorageDirectory.java:tryLock(328)) - Lock on /workdir/hadoop-ozone/integration-test/target/test-dir/MiniOzoneClusterImpl-dcd12998-9865-489a-a0f8-9e63b4ee21e6/datanode-3/data/ratis/7b4a51c3-350c-4c1b-a2d0-33ed13302d71/in_use.lock acquired by nodename 5147@pr-hdds-165-w559s-1850982102
2019-08-20 19:14:46,252 [pool-181-thread-1] INFO  storage.RaftStorage (RaftStorage.java:format(72)) - Storage directory /workdir/hadoop-ozone/integration-test/target/test-dir/MiniOzoneClusterImpl-dcd12998-9865-489a-a0f8-9e63b4ee21e6/datanode-5/data/ratis/7b4a51c3-350c-4c1b-a2d0-33ed13302d71 has been successfully formatted.
2019-08-20 19:14:46,252 [pool-159-thread-1] INFO  storage.RaftStorage (RaftStorage.java:format(72)) - Storage directory /workdir/hadoop-ozone/integration-test/target/test-dir/MiniOzoneClusterImpl-dcd12998-9865-489a-a0f8-9e63b4ee21e6/datanode-3/data/ratis/7b4a51c3-350c-4c1b-a2d0-33ed13302d71 has been successfully formatted.
2019-08-20 19:14:46,252 [pool-170-thread-1] INFO  storage.RaftStorage (RaftStorage.java:format(72)) - Storage directory /workdir/hadoop-ozone/integration-test/target/test-dir/MiniOzoneClusterImpl-dcd12998-9865-489a-a0f8-9e63b4ee21e6/datanode-4/data/ratis/7b4a51c3-350c-4c1b-a2d0-33ed13302d71 has been successfully formatted.
2019-08-20 19:14:46,252 [pool-181-thread-1] INFO  ratis.ContainerStateMachine (ContainerStateMachine.java:loadSnapshot(226)) - group-33ED13302D71: The snapshot info is null. Setting the last applied indexto:(t:0, i:~)
2019-08-20 19:14:46,252 [pool-170-thread-1] INFO  ratis.ContainerStateMachine (ContainerStateMachine.java:loadSnapshot(226)) - group-33ED13302D71: The snapshot info is null. Setting the last applied indexto:(t:0, i:~)
2019-08-20 19:14:46,252 [pool-159-thread-1] INFO  ratis.ContainerStateMachine (ContainerStateMachine.java:loadSnapshot(226)) - group-33ED13302D71: The snapshot info is null. Setting the last applied indexto:(t:0, i:~)
2019-08-20 19:14:46,253 [pool-170-thread-1] INFO  server.RaftServerConfigKeys (ConfUtils.java:logGet(43)) - raft.server.leader.election.timeout = 120s (custom)
2019-08-20 19:14:46,252 [pool-181-thread-1] INFO  server.RaftServerConfigKeys (ConfUtils.java:logGet(43)) - raft.server.leader.election.timeout = 120s (custom)
2019-08-20 19:14:46,253 [pool-170-thread-1] INFO  server.RaftServerConfigKeys (ConfUtils.java:logGet(43)) - raft.server.log.use.memory = false (default)
2019-08-20 19:14:46,253 [pool-159-thread-1] INFO  server.RaftServerConfigKeys (ConfUtils.java:logGet(43)) - raft.server.leader.election.timeout = 120s (custom)
2019-08-20 19:14:46,253 [pool-170-thread-1] INFO  server.RaftServerConfigKeys (ConfUtils.java:logGet(43)) - raft.server.log.purge.gap = 1000000 (custom)
2019-08-20 19:14:46,253 [pool-181-thread-1] INFO  server.RaftServerConfigKeys (ConfUtils.java:logGet(43)) - raft.server.log.use.memory = false (default)
2019-08-20 19:14:46,253 [pool-170-thread-1] INFO  server.RaftServerConfigKeys (ConfUtils.java:logGet(43)) - raft.server.log.appender.buffer.byte-limit = 33554432 (custom)
2019-08-20 19:14:46,253 [pool-159-thread-1] INFO  server.RaftServerConfigKeys (ConfUtils.java:logGet(43)) - raft.server.log.use.memory = false (default)
2019-08-20 19:14:46,254 [pool-170-thread-1] INFO  server.RaftServerConfigKeys (ConfUtils.java:logGet(43)) - raft.server.log.segment.size.max = 1048576 (custom)
2019-08-20 19:14:46,254 [pool-181-thread-1] INFO  server.RaftServerConfigKeys (ConfUtils.java:logGet(43)) - raft.server.log.purge.gap = 1000000 (custom)
2019-08-20 19:14:46,254 [pool-170-thread-1] INFO  server.RaftServerConfigKeys (ConfUtils.java:logGet(43)) - raft.server.log.segment.cache.num.max = 2 (custom)
2019-08-20 19:14:46,254 [pool-159-thread-1] INFO  server.RaftServerConfigKeys (ConfUtils.java:logGet(43)) - raft.server.log.purge.gap = 1000000 (custom)
2019-08-20 19:14:46,254 [pool-170-thread-1] INFO  segmented.SegmentedRaftLogWorker (SegmentedRaftLogWorker.java:<init>(172)) - new 4033865b-8d67-417a-8575-039c711fd8ba-SegmentedRaftLogWorker:Storage Directory /workdir/hadoop-ozone/integration-test/target/test-dir/MiniOzoneClusterImpl-dcd12998-9865-489a-a0f8-9e63b4ee21e6/datanode-4/data/ratis/7b4a51c3-350c-4c1b-a2d0-33ed13302d71 for RaftStorage:Storage Directory /workdir/hadoop-ozone/integration-test/target/test-dir/MiniOzoneClusterImpl-dcd12998-9865-489a-a0f8-9e63b4ee21e6/datanode-4/data/ratis/7b4a51c3-350c-4c1b-a2d0-33ed13302d71
2019-08-20 19:14:46,254 [pool-181-thread-1] INFO  server.RaftServerConfigKeys (ConfUtils.java:logGet(43)) - raft.server.log.appender.buffer.byte-limit = 33554432 (custom)
2019-08-20 19:14:46,255 [pool-170-thread-1] INFO  server.RaftServerConfigKeys (ConfUtils.java:logGet(43)) - raft.server.log.queue.byte-limit = 2147483647 (custom)
2019-08-20 19:14:46,254 [pool-159-thread-1] INFO  server.RaftServerConfigKeys (ConfUtils.java:logGet(43)) - raft.server.log.appender.buffer.byte-limit = 33554432 (custom)
2019-08-20 19:14:46,255 [pool-170-thread-1] INFO  server.RaftServerConfigKeys (ConfUtils.java:logGet(43)) - raft.server.log.queue.element-limit = 1024 (custom)
2019-08-20 19:14:46,255 [pool-181-thread-1] INFO  server.RaftServerConfigKeys (ConfUtils.java:logGet(43)) - raft.server.log.segment.size.max = 1048576 (custom)
2019-08-20 19:14:46,255 [pool-170-thread-1] INFO  server.RaftServerConfigKeys (ConfUtils.java:logGet(43)) - raft.server.log.segment.size.max = 1048576 (custom)
2019-08-20 19:14:46,255 [pool-159-thread-1] INFO  server.RaftServerConfigKeys (ConfUtils.java:logGet(43)) - raft.server.log.segment.size.max = 1048576 (custom)
2019-08-20 19:14:46,255 [pool-170-thread-1] INFO  server.RaftServerConfigKeys (ConfUtils.java:logGet(43)) - raft.server.log.preallocated.size = 16384 (custom)
2019-08-20 19:14:46,255 [pool-181-thread-1] INFO  server.RaftServerConfigKeys (ConfUtils.java:logGet(43)) - raft.server.log.segment.cache.num.max = 2 (custom)
2019-08-20 19:14:46,256 [pool-170-thread-1] INFO  server.RaftServerConfigKeys (ConfUtils.java:logGet(43)) - raft.server.log.write.buffer.size = 33554432 (custom)
2019-08-20 19:14:46,256 [pool-159-thread-1] INFO  server.RaftServerConfigKeys (ConfUtils.java:logGet(43)) - raft.server.log.segment.cache.num.max = 2 (custom)
2019-08-20 19:14:46,256 [pool-170-thread-1] INFO  server.RaftServerConfigKeys (ConfUtils.java:logGet(43)) - raft.server.log.force.sync.num = 128 (default)
2019-08-20 19:14:46,256 [pool-181-thread-1] INFO  segmented.SegmentedRaftLogWorker (SegmentedRaftLogWorker.java:<init>(172)) - new e274e395-c7b6-408d-a6b4-4add6056d6d1-SegmentedRaftLogWorker:Storage Directory /workdir/hadoop-ozone/integration-test/target/test-dir/MiniOzoneClusterImpl-dcd12998-9865-489a-a0f8-9e63b4ee21e6/datanode-5/data/ratis/7b4a51c3-350c-4c1b-a2d0-33ed13302d71 for RaftStorage:Storage Directory /workdir/hadoop-ozone/integration-test/target/test-dir/MiniOzoneClusterImpl-dcd12998-9865-489a-a0f8-9e63b4ee21e6/datanode-5/data/ratis/7b4a51c3-350c-4c1b-a2d0-33ed13302d71
2019-08-20 19:14:46,256 [pool-170-thread-1] INFO  server.RaftServerConfigKeys (ConfUtils.java:logGet(43)) - raft.server.log.statemachine.data.sync = true (default)
2019-08-20 19:14:46,256 [pool-159-thread-1] INFO  segmented.SegmentedRaftLogWorker (SegmentedRaftLogWorker.java:<init>(172)) - new 340027e2-c19a-4ce0-8fe2-d5928ef30461-SegmentedRaftLogWorker:Storage Directory /workdir/hadoop-ozone/integration-test/target/test-dir/MiniOzoneClusterImpl-dcd12998-9865-489a-a0f8-9e63b4ee21e6/datanode-3/data/ratis/7b4a51c3-350c-4c1b-a2d0-33ed13302d71 for RaftStorage:Storage Directory /workdir/hadoop-ozone/integration-test/target/test-dir/MiniOzoneClusterImpl-dcd12998-9865-489a-a0f8-9e63b4ee21e6/datanode-3/data/ratis/7b4a51c3-350c-4c1b-a2d0-33ed13302d71
2019-08-20 19:14:46,256 [pool-170-thread-1] INFO  server.RaftServerConfigKeys (ConfUtils.java:logGet(43)) - raft.server.log.statemachine.data.sync.timeout = 10s (default)
2019-08-20 19:14:46,256 [pool-181-thread-1] INFO  server.RaftServerConfigKeys (ConfUtils.java:logGet(43)) - raft.server.log.queue.byte-limit = 2147483647 (custom)
2019-08-20 19:14:46,257 [pool-170-thread-1] INFO  server.RaftServerConfigKeys (ConfUtils.java:logGet(43)) - raft.server.log.statemachine.data.sync.timeout.retry = -1 (default)
2019-08-20 19:14:46,257 [pool-159-thread-1] INFO  server.RaftServerConfigKeys (ConfUtils.java:logGet(43)) - raft.server.log.queue.byte-limit = 2147483647 (custom)
2019-08-20 19:14:46,257 [pool-170-thread-1] INFO  server.RaftServerConfigKeys (ConfUtils.java:logGet(43)) - raft.server.log.statemachine.data.caching.enabled = true (custom)
2019-08-20 19:14:46,257 [pool-181-thread-1] INFO  server.RaftServerConfigKeys (ConfUtils.java:logGet(43)) - raft.server.log.queue.element-limit = 1024 (custom)
2019-08-20 19:14:46,257 [pool-159-thread-1] INFO  server.RaftServerConfigKeys (ConfUtils.java:logGet(43)) - raft.server.log.queue.element-limit = 1024 (custom)
2019-08-20 19:14:46,258 [pool-170-thread-1] INFO  segmented.SegmentedRaftLogWorker (SegmentedRaftLogWorker.java:lambda$new$0(132)) - 4033865b-8d67-417a-8575-039c711fd8ba-SegmentedRaftLogWorker:Storage Directory /workdir/hadoop-ozone/integration-test/target/test-dir/MiniOzoneClusterImpl-dcd12998-9865-489a-a0f8-9e63b4ee21e6/datanode-4/data/ratis/7b4a51c3-350c-4c1b-a2d0-33ed13302d71: flushIndex: setUnconditionally 0 -> -1
2019-08-20 19:14:46,257 [pool-181-thread-1] INFO  server.RaftServerConfigKeys (ConfUtils.java:logGet(43)) - raft.server.log.segment.size.max = 1048576 (custom)
2019-08-20 19:14:46,258 [pool-159-thread-1] INFO  server.RaftServerConfigKeys (ConfUtils.java:logGet(43)) - raft.server.log.segment.size.max = 1048576 (custom)
2019-08-20 19:14:46,258 [pool-170-thread-1] INFO  server.RaftServerConfigKeys (ConfUtils.java:logGet(43)) - raft.server.snapshot.auto.trigger.enabled = true (custom)
2019-08-20 19:14:46,258 [pool-181-thread-1] INFO  server.RaftServerConfigKeys (ConfUtils.java:logGet(43)) - raft.server.log.preallocated.size = 16384 (custom)
2019-08-20 19:14:46,258 [pool-170-thread-1] INFO  server.RaftServerConfigKeys (ConfUtils.java:logGet(43)) - raft.server.snapshot.auto.trigger.threshold = 10000 (custom)
2019-08-20 19:14:46,258 [pool-159-thread-1] INFO  server.RaftServerConfigKeys (ConfUtils.java:logGet(43)) - raft.server.log.preallocated.size = 16384 (custom)
2019-08-20 19:14:46,258 [pool-170-thread-1] INFO  server.RaftServerConfigKeys (ConfUtils.java:logGet(43)) - raft.server.retrycache.expirytime = 600000ms (custom)
2019-08-20 19:14:46,258 [pool-181-thread-1] INFO  server.RaftServerConfigKeys (ConfUtils.java:logGet(43)) - raft.server.log.write.buffer.size = 33554432 (custom)
2019-08-20 19:14:46,259 [pool-170-thread-1] INFO  impl.RaftServerImpl (RaftServerImpl.java:start(180)) - 4033865b-8d67-417a-8575-039c711fd8ba: start group-33ED13302D71
2019-08-20 19:14:46,259 [pool-159-thread-1] INFO  server.RaftServerConfigKeys (ConfUtils.java:logGet(43)) - raft.server.log.write.buffer.size = 33554432 (custom)
2019-08-20 19:14:46,259 [pool-170-thread-1] INFO  impl.RaftServerImpl (RaftServerImpl.java:setRole(171)) - 4033865b-8d67-417a-8575-039c711fd8ba:group-33ED13302D71 changes role from null to FOLLOWER at term 0 for startAsFollower
2019-08-20 19:14:46,259 [pool-181-thread-1] INFO  server.RaftServerConfigKeys (ConfUtils.java:logGet(43)) - raft.server.log.force.sync.num = 128 (default)
2019-08-20 19:14:46,259 [pool-170-thread-1] INFO  impl.RoleInfo (RoleInfo.java:updateAndGet(143)) - 4033865b-8d67-417a-8575-039c711fd8ba: start FollowerState
2019-08-20 19:14:46,259 [pool-159-thread-1] INFO  server.RaftServerConfigKeys (ConfUtils.java:logGet(43)) - raft.server.log.force.sync.num = 128 (default)
2019-08-20 19:14:46,260 [pool-181-thread-1] INFO  server.RaftServerConfigKeys (ConfUtils.java:logGet(43)) - raft.server.log.statemachine.data.sync = true (default)
2019-08-20 19:14:46,260 [pool-159-thread-1] INFO  server.RaftServerConfigKeys (ConfUtils.java:logGet(43)) - raft.server.log.statemachine.data.sync = true (default)
2019-08-20 19:14:46,260 [pool-181-thread-1] INFO  server.RaftServerConfigKeys (ConfUtils.java:logGet(43)) - raft.server.log.statemachine.data.sync.timeout = 10s (default)
2019-08-20 19:14:46,260 [pool-170-thread-1] INFO  util.JmxRegister (JmxRegister.java:tryRegister(44)) - Successfully registered JMX Bean with object name Ratis:service=RaftServer,group=group-33ED13302D71,id=4033865b-8d67-417a-8575-039c711fd8ba
2019-08-20 19:14:46,260 [pool-181-thread-1] INFO  server.RaftServerConfigKeys (ConfUtils.java:logGet(43)) - raft.server.log.statemachine.data.sync.timeout.retry = -1 (default)
2019-08-20 19:14:46,260 [pool-159-thread-1] INFO  server.RaftServerConfigKeys (ConfUtils.java:logGet(43)) - raft.server.log.statemachine.data.sync.timeout = 10s (default)
2019-08-20 19:14:46,261 [pool-181-thread-1] INFO  server.RaftServerConfigKeys (ConfUtils.java:logGet(43)) - raft.server.log.statemachine.data.caching.enabled = true (custom)
2019-08-20 19:14:46,261 [pool-159-thread-1] INFO  server.RaftServerConfigKeys (ConfUtils.java:logGet(43)) - raft.server.log.statemachine.data.sync.timeout.retry = -1 (default)
2019-08-20 19:14:46,261 [pool-181-thread-1] INFO  segmented.SegmentedRaftLogWorker (SegmentedRaftLogWorker.java:lambda$new$0(132)) - e274e395-c7b6-408d-a6b4-4add6056d6d1-SegmentedRaftLogWorker:Storage Directory /workdir/hadoop-ozone/integration-test/target/test-dir/MiniOzoneClusterImpl-dcd12998-9865-489a-a0f8-9e63b4ee21e6/datanode-5/data/ratis/7b4a51c3-350c-4c1b-a2d0-33ed13302d71: flushIndex: setUnconditionally 0 -> -1
2019-08-20 19:14:46,261 [pool-159-thread-1] INFO  server.RaftServerConfigKeys (ConfUtils.java:logGet(43)) - raft.server.log.statemachine.data.caching.enabled = true (custom)
2019-08-20 19:14:46,261 [pool-181-thread-1] INFO  server.RaftServerConfigKeys (ConfUtils.java:logGet(43)) - raft.server.snapshot.auto.trigger.enabled = true (custom)
2019-08-20 19:14:46,261 [pool-181-thread-1] INFO  server.RaftServerConfigKeys (ConfUtils.java:logGet(43)) - raft.server.snapshot.auto.trigger.threshold = 10000 (custom)
2019-08-20 19:14:46,262 [pool-159-thread-1] INFO  segmented.SegmentedRaftLogWorker (SegmentedRaftLogWorker.java:lambda$new$0(132)) - 340027e2-c19a-4ce0-8fe2-d5928ef30461-SegmentedRaftLogWorker:Storage Directory /workdir/hadoop-ozone/integration-test/target/test-dir/MiniOzoneClusterImpl-dcd12998-9865-489a-a0f8-9e63b4ee21e6/datanode-3/data/ratis/7b4a51c3-350c-4c1b-a2d0-33ed13302d71: flushIndex: setUnconditionally 0 -> -1
2019-08-20 19:14:46,262 [pool-181-thread-1] INFO  server.RaftServerConfigKeys (ConfUtils.java:logGet(43)) - raft.server.retrycache.expirytime = 600000ms (custom)
2019-08-20 19:14:46,262 [pool-181-thread-1] INFO  impl.RaftServerImpl (RaftServerImpl.java:start(180)) - e274e395-c7b6-408d-a6b4-4add6056d6d1: start group-33ED13302D71
2019-08-20 19:14:46,262 [pool-159-thread-1] INFO  server.RaftServerConfigKeys (ConfUtils.java:logGet(43)) - raft.server.snapshot.auto.trigger.enabled = true (custom)
2019-08-20 19:14:46,262 [pool-181-thread-1] INFO  impl.RaftServerImpl (RaftServerImpl.java:setRole(171)) - e274e395-c7b6-408d-a6b4-4add6056d6d1:group-33ED13302D71 changes role from null to FOLLOWER at term 0 for startAsFollower
2019-08-20 19:14:46,262 [pool-159-thread-1] INFO  server.RaftServerConfigKeys (ConfUtils.java:logGet(43)) - raft.server.snapshot.auto.trigger.threshold = 10000 (custom)
2019-08-20 19:14:46,262 [pool-181-thread-1] INFO  impl.RoleInfo (RoleInfo.java:updateAndGet(143)) - e274e395-c7b6-408d-a6b4-4add6056d6d1: start FollowerState
2019-08-20 19:14:46,263 [pool-159-thread-1] INFO  server.RaftServerConfigKeys (ConfUtils.java:logGet(43)) - raft.server.retrycache.expirytime = 600000ms (custom)
2019-08-20 19:14:46,263 [pool-181-thread-1] INFO  util.JmxRegister (JmxRegister.java:tryRegister(44)) - Successfully registered JMX Bean with object name Ratis:service=RaftServer,group=group-33ED13302D71,id=e274e395-c7b6-408d-a6b4-4add6056d6d1
2019-08-20 19:14:46,263 [pool-159-thread-1] INFO  impl.RaftServerImpl (RaftServerImpl.java:start(180)) - 340027e2-c19a-4ce0-8fe2-d5928ef30461: start group-33ED13302D71
2019-08-20 19:14:46,263 [pool-159-thread-1] INFO  impl.RaftServerImpl (RaftServerImpl.java:setRole(171)) - 340027e2-c19a-4ce0-8fe2-d5928ef30461:group-33ED13302D71 changes role from null to FOLLOWER at term 0 for startAsFollower
2019-08-20 19:14:46,263 [pool-159-thread-1] INFO  impl.RoleInfo (RoleInfo.java:updateAndGet(143)) - 340027e2-c19a-4ce0-8fe2-d5928ef30461: start FollowerState
2019-08-20 19:14:46,264 [pool-159-thread-1] INFO  util.JmxRegister (JmxRegister.java:tryRegister(44)) - Successfully registered JMX Bean with object name Ratis:service=RaftServer,group=group-33ED13302D71,id=340027e2-c19a-4ce0-8fe2-d5928ef30461
2019-08-20 19:14:46,267 [RatisPipelineUtilsThread] INFO  pipeline.PipelineStateManager (PipelineStateManager.java:addPipeline(56)) - Created pipeline Pipeline[ Id: 7b4a51c3-350c-4c1b-a2d0-33ed13302d71, Nodes: e274e395-c7b6-408d-a6b4-4add6056d6d1{ip: 192.168.69.105, host: pr-hdds-165-w559s-1850982102, networkLocation: /default-rack, certSerialId: null}4033865b-8d67-417a-8575-039c711fd8ba{ip: 192.168.69.105, host: pr-hdds-165-w559s-1850982102, networkLocation: /default-rack, certSerialId: null}340027e2-c19a-4ce0-8fe2-d5928ef30461{ip: 192.168.69.105, host: pr-hdds-165-w559s-1850982102, networkLocation: /default-rack, certSerialId: null}, Type:RATIS, Factor:THREE, State:OPEN]
2019-08-20 19:14:46,332 [main] INFO  ozone.MiniOzoneClusterImpl (MiniOzoneClusterImpl.java:lambda$waitForClusterToBeReady$0(142)) - Waiting for cluster to be ready. Got 6 of 7 DN Heartbeats.
2019-08-20 19:14:46,333 [IPC Server handler 3 on 45411] INFO  net.NetworkTopology (NetworkTopologyImpl.java:add(110)) - Added a new node: /default-rack/1df1583d-c3bd-46e3-b5a9-7f01f9158e7c
2019-08-20 19:14:46,333 [IPC Server handler 3 on 45411] INFO  node.SCMNodeManager (SCMNodeManager.java:register(273)) - Registered Data node : 1df1583d-c3bd-46e3-b5a9-7f01f9158e7c{ip: 192.168.69.105, host: pr-hdds-165-w559s-1850982102, networkLocation: /default-rack, certSerialId: null}
2019-08-20 19:14:46,333 | INFO  | SCMAudit | user=jenkins1000 | ip=192.168.69.105 | op=REGISTER {datanodeDetails=1df1583d-c3bd-46e3-b5a9-7f01f9158e7c{ip: 192.168.69.105, host: pr-hdds-165-w559s-1850982102, networkLocation: /default-rack, certSerialId: null}} | ret=SUCCESS |  
2019-08-20 19:14:46,353 [grpc-default-executor-3] INFO  impl.RaftServerProxy (RaftServerProxy.java:addNew(89)) - 1df1583d-c3bd-46e3-b5a9-7f01f9158e7c: addNew group-DB931C3FC26F:[1df1583d-c3bd-46e3-b5a9-7f01f9158e7c:192.168.69.105:38948] returns group-DB931C3FC26F:java.util.concurrent.CompletableFuture@7041f9b5[Not completed]
2019-08-20 19:14:46,358 [pool-192-thread-1] INFO  impl.RaftServerImpl (RaftServerImpl.java:<init>(93)) - 1df1583d-c3bd-46e3-b5a9-7f01f9158e7c: new RaftServerImpl for group-DB931C3FC26F:[1df1583d-c3bd-46e3-b5a9-7f01f9158e7c:192.168.69.105:38948] with ContainerStateMachine:uninitialized
2019-08-20 19:14:46,358 [pool-192-thread-1] INFO  server.RaftServerConfigKeys (ConfUtils.java:logGet(43)) - raft.server.rpc.timeout.min = 5s (custom)
2019-08-20 19:14:46,358 [pool-192-thread-1] INFO  server.RaftServerConfigKeys (ConfUtils.java:logGet(43)) - raft.server.rpc.timeout.max = 5200ms (custom)
2019-08-20 19:14:46,358 [pool-192-thread-1] INFO  server.RaftServerConfigKeys (ConfUtils.java:logGet(43)) - raft.server.rpcslowness.timeout = 120s (custom)
2019-08-20 19:14:46,358 [pool-192-thread-1] INFO  server.RaftServerConfigKeys (ConfUtils.java:logGet(43)) - raft.server.sleep.deviation.threshold = 300 (default)
2019-08-20 19:14:46,359 [pool-192-thread-1] INFO  server.RaftServerConfigKeys (ConfUtils.java:logGet(43)) - raft.server.log.appender.install.snapshot.enabled = false (custom)
2019-08-20 19:14:46,359 [pool-192-thread-1] INFO  impl.RaftServerImpl (ServerState.java:<init>(105)) - 1df1583d-c3bd-46e3-b5a9-7f01f9158e7c:group-DB931C3FC26F ConfigurationManager, init=-1: [1df1583d-c3bd-46e3-b5a9-7f01f9158e7c:192.168.69.105:38948], old=null, confs=<EMPTY_MAP>
2019-08-20 19:14:46,359 [pool-192-thread-1] INFO  server.RaftServerConfigKeys (ConfUtils.java:logGet(43)) - raft.server.storage.dir = [/workdir/hadoop-ozone/integration-test/target/test-dir/MiniOzoneClusterImpl-dcd12998-9865-489a-a0f8-9e63b4ee21e6/datanode-6/data/ratis] (custom)
2019-08-20 19:14:46,359 [pool-192-thread-1] INFO  storage.RaftStorageDirectory (RaftStorageDirectory.java:analyzeStorage(246)) - The storage directory /workdir/hadoop-ozone/integration-test/target/test-dir/MiniOzoneClusterImpl-dcd12998-9865-489a-a0f8-9e63b4ee21e6/datanode-6/data/ratis/a6e513f2-e351-43d4-8d38-db931c3fc26f does not exist. Creating ...
2019-08-20 19:14:46,372 [pool-192-thread-1] INFO  storage.RaftStorageDirectory (RaftStorageDirectory.java:tryLock(328)) - Lock on /workdir/hadoop-ozone/integration-test/target/test-dir/MiniOzoneClusterImpl-dcd12998-9865-489a-a0f8-9e63b4ee21e6/datanode-6/data/ratis/a6e513f2-e351-43d4-8d38-db931c3fc26f/in_use.lock acquired by nodename 5147@pr-hdds-165-w559s-1850982102
2019-08-20 19:14:46,385 [pool-192-thread-1] INFO  storage.RaftStorage (RaftStorage.java:format(72)) - Storage directory /workdir/hadoop-ozone/integration-test/target/test-dir/MiniOzoneClusterImpl-dcd12998-9865-489a-a0f8-9e63b4ee21e6/datanode-6/data/ratis/a6e513f2-e351-43d4-8d38-db931c3fc26f has been successfully formatted.
2019-08-20 19:14:46,386 [pool-192-thread-1] INFO  ratis.ContainerStateMachine (ContainerStateMachine.java:loadSnapshot(226)) - group-DB931C3FC26F: The snapshot info is null. Setting the last applied indexto:(t:0, i:~)
2019-08-20 19:14:46,386 [pool-192-thread-1] INFO  server.RaftServerConfigKeys (ConfUtils.java:logGet(43)) - raft.server.leader.election.timeout = 120s (custom)
2019-08-20 19:14:46,386 [pool-192-thread-1] INFO  server.RaftServerConfigKeys (ConfUtils.java:logGet(43)) - raft.server.log.use.memory = false (default)
2019-08-20 19:14:46,386 [pool-192-thread-1] INFO  server.RaftServerConfigKeys (ConfUtils.java:logGet(43)) - raft.server.log.purge.gap = 1000000 (custom)
2019-08-20 19:14:46,386 [pool-192-thread-1] INFO  server.RaftServerConfigKeys (ConfUtils.java:logGet(43)) - raft.server.log.appender.buffer.byte-limit = 33554432 (custom)
2019-08-20 19:14:46,386 [pool-192-thread-1] INFO  server.RaftServerConfigKeys (ConfUtils.java:logGet(43)) - raft.server.log.segment.size.max = 1048576 (custom)
2019-08-20 19:14:46,386 [pool-192-thread-1] INFO  server.RaftServerConfigKeys (ConfUtils.java:logGet(43)) - raft.server.log.segment.cache.num.max = 2 (custom)
2019-08-20 19:14:46,386 [pool-192-thread-1] INFO  segmented.SegmentedRaftLogWorker (SegmentedRaftLogWorker.java:<init>(172)) - new 1df1583d-c3bd-46e3-b5a9-7f01f9158e7c-SegmentedRaftLogWorker:Storage Directory /workdir/hadoop-ozone/integration-test/target/test-dir/MiniOzoneClusterImpl-dcd12998-9865-489a-a0f8-9e63b4ee21e6/datanode-6/data/ratis/a6e513f2-e351-43d4-8d38-db931c3fc26f for RaftStorage:Storage Directory /workdir/hadoop-ozone/integration-test/target/test-dir/MiniOzoneClusterImpl-dcd12998-9865-489a-a0f8-9e63b4ee21e6/datanode-6/data/ratis/a6e513f2-e351-43d4-8d38-db931c3fc26f
2019-08-20 19:14:46,387 [pool-192-thread-1] INFO  server.RaftServerConfigKeys (ConfUtils.java:logGet(43)) - raft.server.log.queue.byte-limit = 2147483647 (custom)
2019-08-20 19:14:46,387 [pool-192-thread-1] INFO  server.RaftServerConfigKeys (ConfUtils.java:logGet(43)) - raft.server.log.queue.element-limit = 1024 (custom)
2019-08-20 19:14:46,387 [pool-192-thread-1] INFO  server.RaftServerConfigKeys (ConfUtils.java:logGet(43)) - raft.server.log.segment.size.max = 1048576 (custom)
2019-08-20 19:14:46,387 [pool-192-thread-1] INFO  server.RaftServerConfigKeys (ConfUtils.java:logGet(43)) - raft.server.log.preallocated.size = 16384 (custom)
2019-08-20 19:14:46,387 [pool-192-thread-1] INFO  server.RaftServerConfigKeys (ConfUtils.java:logGet(43)) - raft.server.log.write.buffer.size = 33554432 (custom)
2019-08-20 19:14:46,387 [pool-192-thread-1] INFO  server.RaftServerConfigKeys (ConfUtils.java:logGet(43)) - raft.server.log.force.sync.num = 128 (default)
2019-08-20 19:14:46,387 [pool-192-thread-1] INFO  server.RaftServerConfigKeys (ConfUtils.java:logGet(43)) - raft.server.log.statemachine.data.sync = true (default)
2019-08-20 19:14:46,388 [pool-192-thread-1] INFO  server.RaftServerConfigKeys (ConfUtils.java:logGet(43)) - raft.server.log.statemachine.data.sync.timeout = 10s (default)
2019-08-20 19:14:46,388 [pool-192-thread-1] INFO  server.RaftServerConfigKeys (ConfUtils.java:logGet(43)) - raft.server.log.statemachine.data.sync.timeout.retry = -1 (default)
2019-08-20 19:14:46,388 [pool-192-thread-1] INFO  server.RaftServerConfigKeys (ConfUtils.java:logGet(43)) - raft.server.log.statemachine.data.caching.enabled = true (custom)
2019-08-20 19:14:46,388 [pool-192-thread-1] INFO  segmented.SegmentedRaftLogWorker (SegmentedRaftLogWorker.java:lambda$new$0(132)) - 1df1583d-c3bd-46e3-b5a9-7f01f9158e7c-SegmentedRaftLogWorker:Storage Directory /workdir/hadoop-ozone/integration-test/target/test-dir/MiniOzoneClusterImpl-dcd12998-9865-489a-a0f8-9e63b4ee21e6/datanode-6/data/ratis/a6e513f2-e351-43d4-8d38-db931c3fc26f: flushIndex: setUnconditionally 0 -> -1
2019-08-20 19:14:46,388 [pool-192-thread-1] INFO  server.RaftServerConfigKeys (ConfUtils.java:logGet(43)) - raft.server.snapshot.auto.trigger.enabled = true (custom)
2019-08-20 19:14:46,388 [pool-192-thread-1] INFO  server.RaftServerConfigKeys (ConfUtils.java:logGet(43)) - raft.server.snapshot.auto.trigger.threshold = 10000 (custom)
2019-08-20 19:14:46,389 [pool-192-thread-1] INFO  server.RaftServerConfigKeys (ConfUtils.java:logGet(43)) - raft.server.retrycache.expirytime = 600000ms (custom)
2019-08-20 19:14:46,389 [pool-192-thread-1] INFO  impl.RaftServerImpl (RaftServerImpl.java:start(180)) - 1df1583d-c3bd-46e3-b5a9-7f01f9158e7c: start group-DB931C3FC26F
2019-08-20 19:14:46,389 [pool-192-thread-1] INFO  impl.RaftServerImpl (RaftServerImpl.java:setRole(171)) - 1df1583d-c3bd-46e3-b5a9-7f01f9158e7c:group-DB931C3FC26F changes role from null to FOLLOWER at term 0 for startAsFollower
2019-08-20 19:14:46,389 [pool-192-thread-1] INFO  impl.RoleInfo (RoleInfo.java:updateAndGet(143)) - 1df1583d-c3bd-46e3-b5a9-7f01f9158e7c: start FollowerState
2019-08-20 19:14:46,389 [pool-192-thread-1] INFO  util.JmxRegister (JmxRegister.java:tryRegister(44)) - Successfully registered JMX Bean with object name Ratis:service=RaftServer,group=group-DB931C3FC26F,id=1df1583d-c3bd-46e3-b5a9-7f01f9158e7c
2019-08-20 19:14:46,392 [RatisPipelineUtilsThread] INFO  pipeline.PipelineStateManager (PipelineStateManager.java:addPipeline(56)) - Created pipeline Pipeline[ Id: a6e513f2-e351-43d4-8d38-db931c3fc26f, Nodes: 1df1583d-c3bd-46e3-b5a9-7f01f9158e7c{ip: 192.168.69.105, host: pr-hdds-165-w559s-1850982102, networkLocation: /default-rack, certSerialId: null}, Type:RATIS, Factor:ONE, State:OPEN]
2019-08-20 19:14:46,959 | INFO  | SCMAudit | user=jenkins1000 | ip=192.168.69.105 | op=SEND_HEARTBEAT {datanodeUUID=16f059df-d226-4022-8e81-046858cbfecb, command=[]} | ret=SUCCESS |  
2019-08-20 19:14:47,173 | INFO  | SCMAudit | user=jenkins1000 | ip=192.168.69.105 | op=SEND_HEARTBEAT {datanodeUUID=e4f90e61-f3c9-4b9d-bc15-ac0e2b79db86, command=[]} | ret=SUCCESS |  
2019-08-20 19:14:47,332 [main] INFO  ozone.MiniOzoneClusterImpl (MiniOzoneClusterImpl.java:lambda$waitForClusterToBeReady$0(142)) - Cluster is ready. Got 7 of 7 DN Heartbeats.
2019-08-20 19:14:47,364 [main] INFO  rpc.RpcClient (RpcClient.java:createVolume(292)) - Creating Volume: testblockoutputstreamwithretries, with jenkins1000 as owner.
2019-08-20 19:14:47,367 | INFO  | OMAudit | user=jenkins1000 | ip=127.0.0.1 | op=CREATE_VOLUME {admin=jenkins1000, owner=jenkins1000, volume=testblockoutputstreamwithretries, creationTime=1566328487366, quotaInBytes=1152921504606846976} | ret=SUCCESS |  
2019-08-20 19:14:47,375 | INFO  | OMAudit | user=jenkins1000 | ip=127.0.0.1 | op=READ_VOLUME {volume=testblockoutputstreamwithretries} | ret=SUCCESS |  
2019-08-20 19:14:47,375 [main] INFO  rpc.RpcClient (RpcClient.java:createBucket(431)) - Creating Bucket: testblockoutputstreamwithretries/testblockoutputstreamwithretries, with Versioning false and Storage Type set to DISK and Encryption set to false 
2019-08-20 19:14:47,378 | INFO  | OMAudit | user=jenkins1000 | ip=127.0.0.1 | op=CREATE_BUCKET {volume=testblockoutputstreamwithretries, bucket=testblockoutputstreamwithretries, acls=[user:jenkins1000:a[ACCESS], group:default:a[ACCESS]], isVersionEnabled=false, storageType=DISK, creationTime=0} | ret=SUCCESS |  
2019-08-20 19:14:47,380 | INFO  | OMAudit | user=jenkins1000 | ip=127.0.0.1 | op=READ_VOLUME {volume=testblockoutputstreamwithretries} | ret=SUCCESS |  
2019-08-20 19:14:47,381 | INFO  | OMAudit | user=jenkins1000 | ip=127.0.0.1 | op=READ_BUCKET {volume=testblockoutputstreamwithretries, bucket=testblockoutputstreamwithretries} | ret=SUCCESS |  
2019-08-20 19:14:47,382 | INFO  | SCMAudit | user=jenkins1000 | ip=192.168.69.105 | op=SEND_HEARTBEAT {datanodeUUID=91ae5334-971e-44ba-ab57-2ec2dd220942, command=[]} | ret=SUCCESS |  
2019-08-20 19:14:47,385 | INFO  | SCMAudit | user=jenkins1000 | ip=192.168.69.105 | op=ALLOCATE_BLOCK {owner=e4d65a17-55e0-4ff7-b75a-4f9443a3916a, size=800, type=RATIS, factor=THREE} | ret=SUCCESS |  
2019-08-20 19:14:47,387 | INFO  | OMAudit | user=jenkins1000 | ip=127.0.0.1 | op=ALLOCATE_KEY {volume=testblockoutputstreamwithretries, bucket=testblockoutputstreamwithretries, key=295e0236-7f76-40f4-a107-4d52f378a034, dataSize=3200, replicationType=RATIS, replicationFactor=THREE, keyLocationInfo=null} | ret=SUCCESS |  
2019-08-20 19:14:47,409 [grpc-default-executor-3] INFO  client.GrpcClientProtocolClient (GrpcClientProtocolClient.java:onNext(255)) - client-8301E8A5B94A->16f059df-d226-4022-8e81-046858cbfecb: receive RaftClientReply:client-8301E8A5B94A->16f059df-d226-4022-8e81-046858cbfecb@group-782B390D3D40, cid=42, FAILED org.apache.ratis.protocol.NotLeaderException: Server 16f059df-d226-4022-8e81-046858cbfecb is not the leader (null). Request must be sent to leader., logIndex=0, commits[16f059df-d226-4022-8e81-046858cbfecb:c-1]
2019-08-20 19:14:47,575 | INFO  | SCMAudit | user=jenkins1000 | ip=192.168.69.105 | op=SEND_HEARTBEAT {datanodeUUID=340027e2-c19a-4ce0-8fe2-d5928ef30461, command=[]} | ret=SUCCESS |  
2019-08-20 19:14:47,914 | INFO  | SCMAudit | user=jenkins1000 | ip=192.168.69.105 | op=SEND_HEARTBEAT {datanodeUUID=4033865b-8d67-417a-8575-039c711fd8ba, command=[]} | ret=SUCCESS |  
2019-08-20 19:14:47,959 | INFO  | SCMAudit | user=jenkins1000 | ip=192.168.69.105 | op=SEND_HEARTBEAT {datanodeUUID=16f059df-d226-4022-8e81-046858cbfecb, command=[]} | ret=SUCCESS |  
2019-08-20 19:14:47,975 [Thread-742] INFO  container.ReplicationManager (ReplicationManager.java:start(152)) - Starting Replication Monitor Thread.
2019-08-20 19:14:47,980 [ReplicationMonitor] INFO  container.ReplicationManager (ReplicationManager.java:run(215)) - Replication Monitor Thread took 0 milliseconds for processing 3 containers.
2019-08-20 19:14:48,119 | INFO  | SCMAudit | user=jenkins1000 | ip=192.168.69.105 | op=SEND_HEARTBEAT {datanodeUUID=e274e395-c7b6-408d-a6b4-4add6056d6d1, command=[]} | ret=SUCCESS |  
2019-08-20 19:14:48,174 | INFO  | SCMAudit | user=jenkins1000 | ip=192.168.69.105 | op=SEND_HEARTBEAT {datanodeUUID=e4f90e61-f3c9-4b9d-bc15-ac0e2b79db86, command=[]} | ret=SUCCESS |  
2019-08-20 19:14:48,332 | INFO  | SCMAudit | user=jenkins1000 | ip=192.168.69.105 | op=SEND_HEARTBEAT {datanodeUUID=1df1583d-c3bd-46e3-b5a9-7f01f9158e7c, command=[]} | ret=SUCCESS |  
2019-08-20 19:14:48,383 | INFO  | SCMAudit | user=jenkins1000 | ip=192.168.69.105 | op=SEND_HEARTBEAT {datanodeUUID=91ae5334-971e-44ba-ab57-2ec2dd220942, command=[]} | ret=SUCCESS |  
2019-08-20 19:14:48,431 [grpc-default-executor-4] INFO  client.GrpcClientProtocolClient (GrpcClientProtocolClient.java:onNext(255)) - client-8301E8A5B94A->91ae5334-971e-44ba-ab57-2ec2dd220942: receive RaftClientReply:client-8301E8A5B94A->91ae5334-971e-44ba-ab57-2ec2dd220942@group-782B390D3D40, cid=42, FAILED org.apache.ratis.protocol.NotLeaderException: Server 91ae5334-971e-44ba-ab57-2ec2dd220942 is not the leader (null). Request must be sent to leader., logIndex=0, commits[91ae5334-971e-44ba-ab57-2ec2dd220942:c-1]
2019-08-20 19:14:48,576 | INFO  | SCMAudit | user=jenkins1000 | ip=192.168.69.105 | op=SEND_HEARTBEAT {datanodeUUID=340027e2-c19a-4ce0-8fe2-d5928ef30461, command=[]} | ret=SUCCESS |  
2019-08-20 19:14:48,913 | INFO  | SCMAudit | user=jenkins1000 | ip=192.168.69.105 | op=SEND_HEARTBEAT {datanodeUUID=4033865b-8d67-417a-8575-039c711fd8ba, command=[]} | ret=SUCCESS |  
2019-08-20 19:14:48,959 | INFO  | SCMAudit | user=jenkins1000 | ip=192.168.69.105 | op=SEND_HEARTBEAT {datanodeUUID=16f059df-d226-4022-8e81-046858cbfecb, command=[]} | ret=SUCCESS |  
2019-08-20 19:14:49,119 | INFO  | SCMAudit | user=jenkins1000 | ip=192.168.69.105 | op=SEND_HEARTBEAT {datanodeUUID=e274e395-c7b6-408d-a6b4-4add6056d6d1, command=[]} | ret=SUCCESS |  
2019-08-20 19:14:49,174 | INFO  | SCMAudit | user=jenkins1000 | ip=192.168.69.105 | op=SEND_HEARTBEAT {datanodeUUID=e4f90e61-f3c9-4b9d-bc15-ac0e2b79db86, command=[]} | ret=SUCCESS |  
2019-08-20 19:14:49,332 | INFO  | SCMAudit | user=jenkins1000 | ip=192.168.69.105 | op=SEND_HEARTBEAT {datanodeUUID=1df1583d-c3bd-46e3-b5a9-7f01f9158e7c, command=[]} | ret=SUCCESS |  
2019-08-20 19:14:49,383 | INFO  | SCMAudit | user=jenkins1000 | ip=192.168.69.105 | op=SEND_HEARTBEAT {datanodeUUID=91ae5334-971e-44ba-ab57-2ec2dd220942, command=[]} | ret=SUCCESS |  
2019-08-20 19:14:49,446 [grpc-default-executor-3] INFO  client.GrpcClientProtocolClient (GrpcClientProtocolClient.java:onNext(255)) - client-8301E8A5B94A->16f059df-d226-4022-8e81-046858cbfecb: receive RaftClientReply:client-8301E8A5B94A->16f059df-d226-4022-8e81-046858cbfecb@group-782B390D3D40, cid=42, FAILED org.apache.ratis.protocol.NotLeaderException: Server 16f059df-d226-4022-8e81-046858cbfecb is not the leader (null). Request must be sent to leader., logIndex=0, commits[16f059df-d226-4022-8e81-046858cbfecb:c-1]
2019-08-20 19:14:49,576 | INFO  | SCMAudit | user=jenkins1000 | ip=192.168.69.105 | op=SEND_HEARTBEAT {datanodeUUID=340027e2-c19a-4ce0-8fe2-d5928ef30461, command=[]} | ret=SUCCESS |  
2019-08-20 19:14:49,913 | INFO  | SCMAudit | user=jenkins1000 | ip=192.168.69.105 | op=SEND_HEARTBEAT {datanodeUUID=4033865b-8d67-417a-8575-039c711fd8ba, command=[]} | ret=SUCCESS |  
2019-08-20 19:14:49,959 | INFO  | SCMAudit | user=jenkins1000 | ip=192.168.69.105 | op=SEND_HEARTBEAT {datanodeUUID=16f059df-d226-4022-8e81-046858cbfecb, command=[]} | ret=SUCCESS |  
2019-08-20 19:14:50,077 [Thread-744] INFO  impl.FollowerState (FollowerState.java:run(106)) - 16f059df-d226-4022-8e81-046858cbfecb:group-91405595A670 changes to CANDIDATE, lastRpcTime:5056, electionTimeout:5056ms
2019-08-20 19:14:50,077 [Thread-744] INFO  impl.RoleInfo (RoleInfo.java:shutdownFollowerState(121)) - 16f059df-d226-4022-8e81-046858cbfecb: shutdown FollowerState
2019-08-20 19:14:50,078 [Thread-744] INFO  impl.RaftServerImpl (RaftServerImpl.java:setRole(171)) - 16f059df-d226-4022-8e81-046858cbfecb:group-91405595A670 changes role from FOLLOWER to CANDIDATE at term 0 for changeToCandidate
2019-08-20 19:14:50,078 [Thread-744] INFO  impl.RoleInfo (RoleInfo.java:updateAndGet(143)) - 16f059df-d226-4022-8e81-046858cbfecb: start LeaderElection
2019-08-20 19:14:50,099 [16f059df-d226-4022-8e81-046858cbfecb:group-91405595A670:LeaderElection17] INFO  impl.LeaderElection (LeaderElection.java:askForVotes(181)) - 16f059df-d226-4022-8e81-046858cbfecb:group-91405595A670:LeaderElection17: begin an election at term 1 for -1: [16f059df-d226-4022-8e81-046858cbfecb:192.168.69.105:37581], old=null
2019-08-20 19:14:50,099 [16f059df-d226-4022-8e81-046858cbfecb:group-91405595A670:LeaderElection17] INFO  impl.RoleInfo (RoleInfo.java:shutdownLeaderElection(134)) - 16f059df-d226-4022-8e81-046858cbfecb: shutdown LeaderElection
2019-08-20 19:14:50,100 [16f059df-d226-4022-8e81-046858cbfecb:group-91405595A670:LeaderElection17] INFO  impl.RaftServerImpl (RaftServerImpl.java:setRole(171)) - 16f059df-d226-4022-8e81-046858cbfecb:group-91405595A670 changes role from CANDIDATE to LEADER at term 1 for changeToLeader
2019-08-20 19:14:50,100 [16f059df-d226-4022-8e81-046858cbfecb:group-91405595A670:LeaderElection17] INFO  impl.RaftServerImpl (ServerState.java:setLeader(263)) - 16f059df-d226-4022-8e81-046858cbfecb:group-91405595A670 change Leader from null to 16f059df-d226-4022-8e81-046858cbfecb at term 1 for becomeLeader, leader elected after 5083ms
2019-08-20 19:14:50,102 [16f059df-d226-4022-8e81-046858cbfecb:group-91405595A670:LeaderElection17] INFO  server.RaftServerConfigKeys (ConfUtils.java:logGet(43)) - raft.server.staging.catchup.gap = 1000 (default)
2019-08-20 19:14:50,102 [16f059df-d226-4022-8e81-046858cbfecb:group-91405595A670:LeaderElection17] INFO  server.RaftServerConfigKeys (ConfUtils.java:logGet(43)) - raft.server.rpc.sleep.time = 25ms (default)
2019-08-20 19:14:50,103 [16f059df-d226-4022-8e81-046858cbfecb:group-91405595A670:LeaderElection17] INFO  server.RaftServerConfigKeys (ConfUtils.java:logGet(43)) - raft.server.write.element-limit = 4096 (default)
2019-08-20 19:14:50,103 [16f059df-d226-4022-8e81-046858cbfecb:group-91405595A670:LeaderElection17] INFO  server.RaftServerConfigKeys (ConfUtils.java:logGet(43)) - raft.server.watch.timeout = 10s (default)
2019-08-20 19:14:50,103 [16f059df-d226-4022-8e81-046858cbfecb:group-91405595A670:LeaderElection17] INFO  server.RaftServerConfigKeys (ConfUtils.java:logGet(43)) - raft.server.watch.timeout.denomination = 1s (default)
2019-08-20 19:14:50,103 [16f059df-d226-4022-8e81-046858cbfecb:group-91405595A670:LeaderElection17] INFO  server.RaftServerConfigKeys (ConfUtils.java:logGet(43)) - raft.server.watch.element-limit = 65536 (default)
2019-08-20 19:14:50,104 [16f059df-d226-4022-8e81-046858cbfecb:group-91405595A670:LeaderElection17] INFO  impl.RoleInfo (RoleInfo.java:updateAndGet(143)) - 16f059df-d226-4022-8e81-046858cbfecb: start LeaderState
2019-08-20 19:14:50,104 [16f059df-d226-4022-8e81-046858cbfecb:group-91405595A670:LeaderElection17] INFO  segmented.SegmentedRaftLogWorker (SegmentedRaftLogWorker.java:startLogSegment(380)) - 16f059df-d226-4022-8e81-046858cbfecb-SegmentedRaftLogWorker:Storage Directory /workdir/hadoop-ozone/integration-test/target/test-dir/MiniOzoneClusterImpl-dcd12998-9865-489a-a0f8-9e63b4ee21e6/datanode-0/data/ratis/df47e0ba-7607-4a3a-8742-91405595a670: Starting segment from index:0
2019-08-20 19:14:50,105 [16f059df-d226-4022-8e81-046858cbfecb:group-91405595A670:LeaderElection17] INFO  impl.RaftServerImpl (ServerState.java:setRaftConf(361)) - 16f059df-d226-4022-8e81-046858cbfecb:group-91405595A670 set configuration 0: [16f059df-d226-4022-8e81-046858cbfecb:192.168.69.105:37581], old=null at 0
2019-08-20 19:14:50,120 | INFO  | SCMAudit | user=jenkins1000 | ip=192.168.69.105 | op=SEND_HEARTBEAT {datanodeUUID=e274e395-c7b6-408d-a6b4-4add6056d6d1, command=[]} | ret=SUCCESS |  
2019-08-20 19:14:50,147 [16f059df-d226-4022-8e81-046858cbfecb-SegmentedRaftLogWorker:Storage Directory /workdir/hadoop-ozone/integration-test/target/test-dir/MiniOzoneClusterImpl-dcd12998-9865-489a-a0f8-9e63b4ee21e6/datanode-0/data/ratis/df47e0ba-7607-4a3a-8742-91405595a670] INFO  segmented.SegmentedRaftLogWorker (SegmentedRaftLogWorker.java:execute(569)) - 16f059df-d226-4022-8e81-046858cbfecb-SegmentedRaftLogWorker:Storage Directory /workdir/hadoop-ozone/integration-test/target/test-dir/MiniOzoneClusterImpl-dcd12998-9865-489a-a0f8-9e63b4ee21e6/datanode-0/data/ratis/df47e0ba-7607-4a3a-8742-91405595a670: created new log segment /workdir/hadoop-ozone/integration-test/target/test-dir/MiniOzoneClusterImpl-dcd12998-9865-489a-a0f8-9e63b4ee21e6/datanode-0/data/ratis/df47e0ba-7607-4a3a-8742-91405595a670/current/log_inprogress_0
2019-08-20 19:14:50,174 | INFO  | SCMAudit | user=jenkins1000 | ip=192.168.69.105 | op=SEND_HEARTBEAT {datanodeUUID=e4f90e61-f3c9-4b9d-bc15-ac0e2b79db86, command=[]} | ret=SUCCESS |  
2019-08-20 19:14:50,319 [Thread-747] INFO  impl.FollowerState (FollowerState.java:run(106)) - e4f90e61-f3c9-4b9d-bc15-ac0e2b79db86:group-78CD8E26C553 changes to CANDIDATE, lastRpcTime:5098, electionTimeout:5098ms
2019-08-20 19:14:50,319 [Thread-747] INFO  impl.RoleInfo (RoleInfo.java:shutdownFollowerState(121)) - e4f90e61-f3c9-4b9d-bc15-ac0e2b79db86: shutdown FollowerState
2019-08-20 19:14:50,319 [Thread-747] INFO  impl.RaftServerImpl (RaftServerImpl.java:setRole(171)) - e4f90e61-f3c9-4b9d-bc15-ac0e2b79db86:group-78CD8E26C553 changes role from FOLLOWER to CANDIDATE at term 0 for changeToCandidate
2019-08-20 19:14:50,320 [Thread-747] INFO  impl.RoleInfo (RoleInfo.java:updateAndGet(143)) - e4f90e61-f3c9-4b9d-bc15-ac0e2b79db86: start LeaderElection
2019-08-20 19:14:50,332 | INFO  | SCMAudit | user=jenkins1000 | ip=192.168.69.105 | op=SEND_HEARTBEAT {datanodeUUID=1df1583d-c3bd-46e3-b5a9-7f01f9158e7c, command=[]} | ret=SUCCESS |  
2019-08-20 19:14:50,351 [e4f90e61-f3c9-4b9d-bc15-ac0e2b79db86:group-78CD8E26C553:LeaderElection18] INFO  impl.LeaderElection (LeaderElection.java:askForVotes(181)) - e4f90e61-f3c9-4b9d-bc15-ac0e2b79db86:group-78CD8E26C553:LeaderElection18: begin an election at term 1 for -1: [e4f90e61-f3c9-4b9d-bc15-ac0e2b79db86:192.168.69.105:42207], old=null
2019-08-20 19:14:50,351 [e4f90e61-f3c9-4b9d-bc15-ac0e2b79db86:group-78CD8E26C553:LeaderElection18] INFO  impl.RoleInfo (RoleInfo.java:shutdownLeaderElection(134)) - e4f90e61-f3c9-4b9d-bc15-ac0e2b79db86: shutdown LeaderElection
2019-08-20 19:14:50,351 [e4f90e61-f3c9-4b9d-bc15-ac0e2b79db86:group-78CD8E26C553:LeaderElection18] INFO  impl.RaftServerImpl (RaftServerImpl.java:setRole(171)) - e4f90e61-f3c9-4b9d-bc15-ac0e2b79db86:group-78CD8E26C553 changes role from CANDIDATE to LEADER at term 1 for changeToLeader
2019-08-20 19:14:50,351 [e4f90e61-f3c9-4b9d-bc15-ac0e2b79db86:group-78CD8E26C553:LeaderElection18] INFO  impl.RaftServerImpl (ServerState.java:setLeader(263)) - e4f90e61-f3c9-4b9d-bc15-ac0e2b79db86:group-78CD8E26C553 change Leader from null to e4f90e61-f3c9-4b9d-bc15-ac0e2b79db86 at term 1 for becomeLeader, leader elected after 5136ms
2019-08-20 19:14:50,353 [e4f90e61-f3c9-4b9d-bc15-ac0e2b79db86:group-78CD8E26C553:LeaderElection18] INFO  server.RaftServerConfigKeys (ConfUtils.java:logGet(43)) - raft.server.staging.catchup.gap = 1000 (default)
2019-08-20 19:14:50,353 [e4f90e61-f3c9-4b9d-bc15-ac0e2b79db86:group-78CD8E26C553:LeaderElection18] INFO  server.RaftServerConfigKeys (ConfUtils.java:logGet(43)) - raft.server.rpc.sleep.time = 25ms (default)
2019-08-20 19:14:50,353 [e4f90e61-f3c9-4b9d-bc15-ac0e2b79db86:group-78CD8E26C553:LeaderElection18] INFO  server.RaftServerConfigKeys (ConfUtils.java:logGet(43)) - raft.server.write.element-limit = 4096 (default)
2019-08-20 19:14:50,353 [e4f90e61-f3c9-4b9d-bc15-ac0e2b79db86:group-78CD8E26C553:LeaderElection18] INFO  server.RaftServerConfigKeys (ConfUtils.java:logGet(43)) - raft.server.watch.timeout = 10s (default)
2019-08-20 19:14:50,354 [e4f90e61-f3c9-4b9d-bc15-ac0e2b79db86:group-78CD8E26C553:LeaderElection18] INFO  server.RaftServerConfigKeys (ConfUtils.java:logGet(43)) - raft.server.watch.timeout.denomination = 1s (default)
2019-08-20 19:14:50,354 [e4f90e61-f3c9-4b9d-bc15-ac0e2b79db86:group-78CD8E26C553:LeaderElection18] INFO  server.RaftServerConfigKeys (ConfUtils.java:logGet(43)) - raft.server.watch.element-limit = 65536 (default)
2019-08-20 19:14:50,354 [e4f90e61-f3c9-4b9d-bc15-ac0e2b79db86:group-78CD8E26C553:LeaderElection18] INFO  impl.RoleInfo (RoleInfo.java:updateAndGet(143)) - e4f90e61-f3c9-4b9d-bc15-ac0e2b79db86: start LeaderState
2019-08-20 19:14:50,354 [e4f90e61-f3c9-4b9d-bc15-ac0e2b79db86:group-78CD8E26C553:LeaderElection18] INFO  segmented.SegmentedRaftLogWorker (SegmentedRaftLogWorker.java:startLogSegment(380)) - e4f90e61-f3c9-4b9d-bc15-ac0e2b79db86-SegmentedRaftLogWorker:Storage Directory /workdir/hadoop-ozone/integration-test/target/test-dir/MiniOzoneClusterImpl-dcd12998-9865-489a-a0f8-9e63b4ee21e6/datanode-1/data/ratis/d1b9b464-1c2e-41e3-9663-78cd8e26c553: Starting segment from index:0
2019-08-20 19:14:50,355 [e4f90e61-f3c9-4b9d-bc15-ac0e2b79db86:group-78CD8E26C553:LeaderElection18] INFO  impl.RaftServerImpl (ServerState.java:setRaftConf(361)) - e4f90e61-f3c9-4b9d-bc15-ac0e2b79db86:group-78CD8E26C553 set configuration 0: [e4f90e61-f3c9-4b9d-bc15-ac0e2b79db86:192.168.69.105:42207], old=null at 0
2019-08-20 19:14:50,387 | INFO  | SCMAudit | user=jenkins1000 | ip=192.168.69.105 | op=SEND_HEARTBEAT {datanodeUUID=91ae5334-971e-44ba-ab57-2ec2dd220942, command=[]} | ret=SUCCESS |  
2019-08-20 19:14:50,394 [e4f90e61-f3c9-4b9d-bc15-ac0e2b79db86-SegmentedRaftLogWorker:Storage Directory /workdir/hadoop-ozone/integration-test/target/test-dir/MiniOzoneClusterImpl-dcd12998-9865-489a-a0f8-9e63b4ee21e6/datanode-1/data/ratis/d1b9b464-1c2e-41e3-9663-78cd8e26c553] INFO  segmented.SegmentedRaftLogWorker (SegmentedRaftLogWorker.java:execute(569)) - e4f90e61-f3c9-4b9d-bc15-ac0e2b79db86-SegmentedRaftLogWorker:Storage Directory /workdir/hadoop-ozone/integration-test/target/test-dir/MiniOzoneClusterImpl-dcd12998-9865-489a-a0f8-9e63b4ee21e6/datanode-1/data/ratis/d1b9b464-1c2e-41e3-9663-78cd8e26c553: created new log segment /workdir/hadoop-ozone/integration-test/target/test-dir/MiniOzoneClusterImpl-dcd12998-9865-489a-a0f8-9e63b4ee21e6/datanode-1/data/ratis/d1b9b464-1c2e-41e3-9663-78cd8e26c553/current/log_inprogress_0
2019-08-20 19:14:50,462 [grpc-default-executor-3] INFO  client.GrpcClientProtocolClient (GrpcClientProtocolClient.java:onNext(255)) - client-8301E8A5B94A->e4f90e61-f3c9-4b9d-bc15-ac0e2b79db86: receive RaftClientReply:client-8301E8A5B94A->e4f90e61-f3c9-4b9d-bc15-ac0e2b79db86@group-782B390D3D40, cid=42, FAILED org.apache.ratis.protocol.NotLeaderException: Server e4f90e61-f3c9-4b9d-bc15-ac0e2b79db86 is not the leader (null). Request must be sent to leader., logIndex=0, commits[e4f90e61-f3c9-4b9d-bc15-ac0e2b79db86:c-1]
2019-08-20 19:14:50,551 [Thread-753] INFO  impl.FollowerState (FollowerState.java:run(106)) - 16f059df-d226-4022-8e81-046858cbfecb:group-782B390D3D40 changes to CANDIDATE, lastRpcTime:5038, electionTimeout:5030ms
2019-08-20 19:14:50,551 [Thread-753] INFO  impl.RoleInfo (RoleInfo.java:shutdownFollowerState(121)) - 16f059df-d226-4022-8e81-046858cbfecb: shutdown FollowerState
2019-08-20 19:14:50,551 [Thread-753] INFO  impl.RaftServerImpl (RaftServerImpl.java:setRole(171)) - 16f059df-d226-4022-8e81-046858cbfecb:group-782B390D3D40 changes role from FOLLOWER to CANDIDATE at term 0 for changeToCandidate
2019-08-20 19:14:50,552 [Thread-753] INFO  impl.RoleInfo (RoleInfo.java:updateAndGet(143)) - 16f059df-d226-4022-8e81-046858cbfecb: start LeaderElection
2019-08-20 19:14:50,570 [16f059df-d226-4022-8e81-046858cbfecb:group-782B390D3D40:LeaderElection19] INFO  impl.LeaderElection (LeaderElection.java:askForVotes(181)) - 16f059df-d226-4022-8e81-046858cbfecb:group-782B390D3D40:LeaderElection19: begin an election at term 1 for -1: [e4f90e61-f3c9-4b9d-bc15-ac0e2b79db86:192.168.69.105:42207, 16f059df-d226-4022-8e81-046858cbfecb:192.168.69.105:37581, 91ae5334-971e-44ba-ab57-2ec2dd220942:192.168.69.105:35748], old=null
2019-08-20 19:14:50,576 [grpc-default-executor-3] INFO  impl.RaftServerImpl (RaftServerImpl.java:setRole(171)) - e4f90e61-f3c9-4b9d-bc15-ac0e2b79db86:group-782B390D3D40 changes role from FOLLOWER to FOLLOWER at term 1 for recognizeCandidate:16f059df-d226-4022-8e81-046858cbfecb
2019-08-20 19:14:50,576 [grpc-default-executor-4] INFO  impl.RaftServerImpl (RaftServerImpl.java:setRole(171)) - 91ae5334-971e-44ba-ab57-2ec2dd220942:group-782B390D3D40 changes role from FOLLOWER to FOLLOWER at term 1 for recognizeCandidate:16f059df-d226-4022-8e81-046858cbfecb
2019-08-20 19:14:50,577 | INFO  | SCMAudit | user=jenkins1000 | ip=192.168.69.105 | op=SEND_HEARTBEAT {datanodeUUID=340027e2-c19a-4ce0-8fe2-d5928ef30461, command=[]} | ret=SUCCESS |  
2019-08-20 19:14:50,576 [grpc-default-executor-3] INFO  impl.RoleInfo (RoleInfo.java:shutdownFollowerState(121)) - e4f90e61-f3c9-4b9d-bc15-ac0e2b79db86: shutdown FollowerState
2019-08-20 19:14:50,577 [grpc-default-executor-4] INFO  impl.RoleInfo (RoleInfo.java:shutdownFollowerState(121)) - 91ae5334-971e-44ba-ab57-2ec2dd220942: shutdown FollowerState
2019-08-20 19:14:50,577 [grpc-default-executor-3] INFO  impl.RoleInfo (RoleInfo.java:updateAndGet(143)) - e4f90e61-f3c9-4b9d-bc15-ac0e2b79db86: start FollowerState
2019-08-20 19:14:50,577 [grpc-default-executor-4] INFO  impl.RoleInfo (RoleInfo.java:updateAndGet(143)) - 91ae5334-971e-44ba-ab57-2ec2dd220942: start FollowerState
2019-08-20 19:14:50,577 [Thread-756] INFO  impl.FollowerState (FollowerState.java:run(114)) - e4f90e61-f3c9-4b9d-bc15-ac0e2b79db86: FollowerState was interrupted: java.lang.InterruptedException: sleep interrupted
2019-08-20 19:14:50,577 [Thread-759] INFO  impl.FollowerState (FollowerState.java:run(114)) - 91ae5334-971e-44ba-ab57-2ec2dd220942: FollowerState was interrupted: java.lang.InterruptedException: sleep interrupted
2019-08-20 19:14:50,599 [16f059df-d226-4022-8e81-046858cbfecb:group-782B390D3D40:LeaderElection19] INFO  impl.LeaderElection (LeaderElection.java:logAndReturn(56)) - 16f059df-d226-4022-8e81-046858cbfecb:group-782B390D3D40:LeaderElection19: Election PASSED; received 1 response(s) [16f059df-d226-4022-8e81-046858cbfecb<-91ae5334-971e-44ba-ab57-2ec2dd220942#0:OK-t1] and 0 exception(s); 16f059df-d226-4022-8e81-046858cbfecb:t1, leader=null, voted=16f059df-d226-4022-8e81-046858cbfecb, raftlog=16f059df-d226-4022-8e81-046858cbfecb-SegmentedRaftLog:OPENED:c-1,f-1,i0, conf=-1: [e4f90e61-f3c9-4b9d-bc15-ac0e2b79db86:192.168.69.105:42207, 16f059df-d226-4022-8e81-046858cbfecb:192.168.69.105:37581, 91ae5334-971e-44ba-ab57-2ec2dd220942:192.168.69.105:35748], old=null
2019-08-20 19:14:50,599 [16f059df-d226-4022-8e81-046858cbfecb:group-782B390D3D40:LeaderElection19] INFO  impl.RoleInfo (RoleInfo.java:shutdownLeaderElection(134)) - 16f059df-d226-4022-8e81-046858cbfecb: shutdown LeaderElection
2019-08-20 19:14:50,599 [16f059df-d226-4022-8e81-046858cbfecb:group-782B390D3D40:LeaderElection19] INFO  impl.RaftServerImpl (RaftServerImpl.java:setRole(171)) - 16f059df-d226-4022-8e81-046858cbfecb:group-782B390D3D40 changes role from CANDIDATE to LEADER at term 1 for changeToLeader
2019-08-20 19:14:50,599 [16f059df-d226-4022-8e81-046858cbfecb:group-782B390D3D40:LeaderElection19] INFO  impl.RaftServerImpl (ServerState.java:setLeader(263)) - 16f059df-d226-4022-8e81-046858cbfecb:group-782B390D3D40 change Leader from null to 16f059df-d226-4022-8e81-046858cbfecb at term 1 for becomeLeader, leader elected after 5094ms
2019-08-20 19:14:50,599 [16f059df-d226-4022-8e81-046858cbfecb:group-782B390D3D40:LeaderElection19] INFO  server.RaftServerConfigKeys (ConfUtils.java:logGet(43)) - raft.server.staging.catchup.gap = 1000 (default)
2019-08-20 19:14:50,600 [16f059df-d226-4022-8e81-046858cbfecb:group-782B390D3D40:LeaderElection19] INFO  server.RaftServerConfigKeys (ConfUtils.java:logGet(43)) - raft.server.rpc.sleep.time = 25ms (default)
2019-08-20 19:14:50,600 [16f059df-d226-4022-8e81-046858cbfecb:group-782B390D3D40:LeaderElection19] INFO  server.RaftServerConfigKeys (ConfUtils.java:logGet(43)) - raft.server.write.element-limit = 4096 (default)
2019-08-20 19:14:50,600 [16f059df-d226-4022-8e81-046858cbfecb:group-782B390D3D40:LeaderElection19] INFO  server.RaftServerConfigKeys (ConfUtils.java:logGet(43)) - raft.server.watch.timeout = 10s (default)
2019-08-20 19:14:50,600 [16f059df-d226-4022-8e81-046858cbfecb:group-782B390D3D40:LeaderElection19] INFO  server.RaftServerConfigKeys (ConfUtils.java:logGet(43)) - raft.server.watch.timeout.denomination = 1s (default)
2019-08-20 19:14:50,600 [16f059df-d226-4022-8e81-046858cbfecb:group-782B390D3D40:LeaderElection19] INFO  server.RaftServerConfigKeys (ConfUtils.java:logGet(43)) - raft.server.watch.element-limit = 65536 (default)
2019-08-20 19:14:50,600 [16f059df-d226-4022-8e81-046858cbfecb:group-782B390D3D40:LeaderElection19] INFO  server.RaftServerConfigKeys (ConfUtils.java:logGet(43)) - raft.server.log.appender.snapshot.chunk.size.max = 16MB (=16777216) (default)
2019-08-20 19:14:50,601 [16f059df-d226-4022-8e81-046858cbfecb:group-782B390D3D40:LeaderElection19] INFO  server.RaftServerConfigKeys (ConfUtils.java:logGet(43)) - raft.server.log.appender.buffer.byte-limit = 33554432 (custom)
2019-08-20 19:14:50,601 [16f059df-d226-4022-8e81-046858cbfecb:group-782B390D3D40:LeaderElection19] INFO  server.RaftServerConfigKeys (ConfUtils.java:logGet(43)) - raft.server.log.appender.buffer.element-limit = 1 (custom)
2019-08-20 19:14:50,601 [16f059df-d226-4022-8e81-046858cbfecb:group-782B390D3D40:LeaderElection19] INFO  grpc.GrpcConfigKeys$Server (ConfUtils.java:logGet(43)) - raft.grpc.server.leader.outstanding.appends.max = 128 (default)
2019-08-20 19:14:50,601 [16f059df-d226-4022-8e81-046858cbfecb:group-782B390D3D40:LeaderElection19] INFO  server.RaftServerConfigKeys (ConfUtils.java:logGet(43)) - raft.server.rpc.request.timeout = 3000ms (default)
2019-08-20 19:14:50,601 [16f059df-d226-4022-8e81-046858cbfecb:group-782B390D3D40:LeaderElection19] INFO  server.RaftServerConfigKeys (ConfUtils.java:logGet(43)) - raft.server.log.appender.install.snapshot.enabled = false (custom)
2019-08-20 19:14:50,601 [16f059df-d226-4022-8e81-046858cbfecb:group-782B390D3D40:LeaderElection19] INFO  server.RaftServerConfigKeys (ConfUtils.java:logGet(43)) - raft.server.log.appender.snapshot.chunk.size.max = 16MB (=16777216) (default)
2019-08-20 19:14:50,602 [16f059df-d226-4022-8e81-046858cbfecb:group-782B390D3D40:LeaderElection19] INFO  server.RaftServerConfigKeys (ConfUtils.java:logGet(43)) - raft.server.log.appender.buffer.byte-limit = 33554432 (custom)
2019-08-20 19:14:50,602 [16f059df-d226-4022-8e81-046858cbfecb:group-782B390D3D40:LeaderElection19] INFO  server.RaftServerConfigKeys (ConfUtils.java:logGet(43)) - raft.server.log.appender.buffer.element-limit = 1 (custom)
2019-08-20 19:14:50,602 [16f059df-d226-4022-8e81-046858cbfecb:group-782B390D3D40:LeaderElection19] INFO  grpc.GrpcConfigKeys$Server (ConfUtils.java:logGet(43)) - raft.grpc.server.leader.outstanding.appends.max = 128 (default)
2019-08-20 19:14:50,602 [16f059df-d226-4022-8e81-046858cbfecb:group-782B390D3D40:LeaderElection19] INFO  server.RaftServerConfigKeys (ConfUtils.java:logGet(43)) - raft.server.rpc.request.timeout = 3000ms (default)
2019-08-20 19:14:50,602 [16f059df-d226-4022-8e81-046858cbfecb:group-782B390D3D40:LeaderElection19] INFO  server.RaftServerConfigKeys (ConfUtils.java:logGet(43)) - raft.server.log.appender.install.snapshot.enabled = false (custom)
2019-08-20 19:14:50,602 [16f059df-d226-4022-8e81-046858cbfecb:group-782B390D3D40:LeaderElection19] INFO  impl.RoleInfo (RoleInfo.java:updateAndGet(143)) - 16f059df-d226-4022-8e81-046858cbfecb: start LeaderState
2019-08-20 19:14:50,603 [16f059df-d226-4022-8e81-046858cbfecb:group-782B390D3D40:LeaderElection19] INFO  segmented.SegmentedRaftLogWorker (SegmentedRaftLogWorker.java:startLogSegment(380)) - 16f059df-d226-4022-8e81-046858cbfecb-SegmentedRaftLogWorker:Storage Directory /workdir/hadoop-ozone/integration-test/target/test-dir/MiniOzoneClusterImpl-dcd12998-9865-489a-a0f8-9e63b4ee21e6/datanode-0/data/ratis/aa6255e1-18a9-4ad8-82f2-782b390d3d40: Starting segment from index:0
2019-08-20 19:14:50,603 [16f059df-d226-4022-8e81-046858cbfecb:group-782B390D3D40:LeaderElection19] INFO  impl.RaftServerImpl (ServerState.java:setRaftConf(361)) - 16f059df-d226-4022-8e81-046858cbfecb:group-782B390D3D40 set configuration 0: [e4f90e61-f3c9-4b9d-bc15-ac0e2b79db86:192.168.69.105:42207, 16f059df-d226-4022-8e81-046858cbfecb:192.168.69.105:37581, 91ae5334-971e-44ba-ab57-2ec2dd220942:192.168.69.105:35748], old=null at 0
2019-08-20 19:14:50,644 [grpc-default-executor-3] INFO  impl.RaftServerImpl (ServerState.java:setLeader(263)) - 91ae5334-971e-44ba-ab57-2ec2dd220942:group-782B390D3D40 change Leader from null to 16f059df-d226-4022-8e81-046858cbfecb at term 1 for appendEntries, leader elected after 5138ms
2019-08-20 19:14:50,644 [grpc-default-executor-4] INFO  impl.RaftServerImpl (ServerState.java:setLeader(263)) - e4f90e61-f3c9-4b9d-bc15-ac0e2b79db86:group-782B390D3D40 change Leader from null to 16f059df-d226-4022-8e81-046858cbfecb at term 1 for appendEntries, leader elected after 5138ms
2019-08-20 19:14:50,644 [Thread-750] INFO  impl.FollowerState (FollowerState.java:run(106)) - 91ae5334-971e-44ba-ab57-2ec2dd220942:group-7B8917DEDEE2 changes to CANDIDATE, lastRpcTime:5201, electionTimeout:5169ms
2019-08-20 19:14:50,645 [Thread-750] INFO  impl.RoleInfo (RoleInfo.java:shutdownFollowerState(121)) - 91ae5334-971e-44ba-ab57-2ec2dd220942: shutdown FollowerState
2019-08-20 19:14:50,647 [Thread-750] INFO  impl.RaftServerImpl (RaftServerImpl.java:setRole(171)) - 91ae5334-971e-44ba-ab57-2ec2dd220942:group-7B8917DEDEE2 changes role from FOLLOWER to CANDIDATE at term 0 for changeToCandidate
2019-08-20 19:14:50,650 [Thread-750] INFO  impl.RoleInfo (RoleInfo.java:updateAndGet(143)) - 91ae5334-971e-44ba-ab57-2ec2dd220942: start LeaderElection
2019-08-20 19:14:50,657 [16f059df-d226-4022-8e81-046858cbfecb-SegmentedRaftLogWorker:Storage Directory /workdir/hadoop-ozone/integration-test/target/test-dir/MiniOzoneClusterImpl-dcd12998-9865-489a-a0f8-9e63b4ee21e6/datanode-0/data/ratis/aa6255e1-18a9-4ad8-82f2-782b390d3d40] INFO  segmented.SegmentedRaftLogWorker (SegmentedRaftLogWorker.java:execute(569)) - 16f059df-d226-4022-8e81-046858cbfecb-SegmentedRaftLogWorker:Storage Directory /workdir/hadoop-ozone/integration-test/target/test-dir/MiniOzoneClusterImpl-dcd12998-9865-489a-a0f8-9e63b4ee21e6/datanode-0/data/ratis/aa6255e1-18a9-4ad8-82f2-782b390d3d40: created new log segment /workdir/hadoop-ozone/integration-test/target/test-dir/MiniOzoneClusterImpl-dcd12998-9865-489a-a0f8-9e63b4ee21e6/datanode-0/data/ratis/aa6255e1-18a9-4ad8-82f2-782b390d3d40/current/log_inprogress_0
2019-08-20 19:14:50,657 [grpc-default-executor-3] INFO  impl.RaftServerImpl (ServerState.java:setRaftConf(361)) - e4f90e61-f3c9-4b9d-bc15-ac0e2b79db86:group-782B390D3D40 set configuration 0: [e4f90e61-f3c9-4b9d-bc15-ac0e2b79db86:192.168.69.105:42207, 16f059df-d226-4022-8e81-046858cbfecb:192.168.69.105:37581, 91ae5334-971e-44ba-ab57-2ec2dd220942:192.168.69.105:35748], old=null at 0
2019-08-20 19:14:50,657 [grpc-default-executor-4] INFO  impl.RaftServerImpl (ServerState.java:setRaftConf(361)) - 91ae5334-971e-44ba-ab57-2ec2dd220942:group-782B390D3D40 set configuration 0: [e4f90e61-f3c9-4b9d-bc15-ac0e2b79db86:192.168.69.105:42207, 16f059df-d226-4022-8e81-046858cbfecb:192.168.69.105:37581, 91ae5334-971e-44ba-ab57-2ec2dd220942:192.168.69.105:35748], old=null at 0
2019-08-20 19:14:50,658 [grpc-default-executor-3] INFO  segmented.SegmentedRaftLogWorker (SegmentedRaftLogWorker.java:startLogSegment(380)) - e4f90e61-f3c9-4b9d-bc15-ac0e2b79db86-SegmentedRaftLogWorker:Storage Directory /workdir/hadoop-ozone/integration-test/target/test-dir/MiniOzoneClusterImpl-dcd12998-9865-489a-a0f8-9e63b4ee21e6/datanode-1/data/ratis/aa6255e1-18a9-4ad8-82f2-782b390d3d40: Starting segment from index:0
2019-08-20 19:14:50,658 [grpc-default-executor-4] INFO  segmented.SegmentedRaftLogWorker (SegmentedRaftLogWorker.java:startLogSegment(380)) - 91ae5334-971e-44ba-ab57-2ec2dd220942-SegmentedRaftLogWorker:Storage Directory /workdir/hadoop-ozone/integration-test/target/test-dir/MiniOzoneClusterImpl-dcd12998-9865-489a-a0f8-9e63b4ee21e6/datanode-2/data/ratis/aa6255e1-18a9-4ad8-82f2-782b390d3d40: Starting segment from index:0
2019-08-20 19:14:50,661 [91ae5334-971e-44ba-ab57-2ec2dd220942:group-7B8917DEDEE2:LeaderElection20] INFO  impl.LeaderElection (LeaderElection.java:askForVotes(181)) - 91ae5334-971e-44ba-ab57-2ec2dd220942:group-7B8917DEDEE2:LeaderElection20: begin an election at term 1 for -1: [91ae5334-971e-44ba-ab57-2ec2dd220942:192.168.69.105:35748], old=null
2019-08-20 19:14:50,661 [91ae5334-971e-44ba-ab57-2ec2dd220942:group-7B8917DEDEE2:LeaderElection20] INFO  impl.RoleInfo (RoleInfo.java:shutdownLeaderElection(134)) - 91ae5334-971e-44ba-ab57-2ec2dd220942: shutdown LeaderElection
2019-08-20 19:14:50,661 [91ae5334-971e-44ba-ab57-2ec2dd220942:group-7B8917DEDEE2:LeaderElection20] INFO  impl.RaftServerImpl (RaftServerImpl.java:setRole(171)) - 91ae5334-971e-44ba-ab57-2ec2dd220942:group-7B8917DEDEE2 changes role from CANDIDATE to LEADER at term 1 for changeToLeader
2019-08-20 19:14:50,661 [91ae5334-971e-44ba-ab57-2ec2dd220942:group-7B8917DEDEE2:LeaderElection20] INFO  impl.RaftServerImpl (ServerState.java:setLeader(263)) - 91ae5334-971e-44ba-ab57-2ec2dd220942:group-7B8917DEDEE2 change Leader from null to 91ae5334-971e-44ba-ab57-2ec2dd220942 at term 1 for becomeLeader, leader elected after 5222ms
2019-08-20 19:14:50,703 [91ae5334-971e-44ba-ab57-2ec2dd220942:group-7B8917DEDEE2:LeaderElection20] INFO  server.RaftServerConfigKeys (ConfUtils.java:logGet(43)) - raft.server.staging.catchup.gap = 1000 (default)
2019-08-20 19:14:50,703 [91ae5334-971e-44ba-ab57-2ec2dd220942:group-7B8917DEDEE2:LeaderElection20] INFO  server.RaftServerConfigKeys (ConfUtils.java:logGet(43)) - raft.server.rpc.sleep.time = 25ms (default)
2019-08-20 19:14:50,703 [91ae5334-971e-44ba-ab57-2ec2dd220942:group-7B8917DEDEE2:LeaderElection20] INFO  server.RaftServerConfigKeys (ConfUtils.java:logGet(43)) - raft.server.write.element-limit = 4096 (default)
2019-08-20 19:14:50,703 [91ae5334-971e-44ba-ab57-2ec2dd220942:group-7B8917DEDEE2:LeaderElection20] INFO  server.RaftServerConfigKeys (ConfUtils.java:logGet(43)) - raft.server.watch.timeout = 10s (default)
2019-08-20 19:14:50,703 [91ae5334-971e-44ba-ab57-2ec2dd220942:group-7B8917DEDEE2:LeaderElection20] INFO  server.RaftServerConfigKeys (ConfUtils.java:logGet(43)) - raft.server.watch.timeout.denomination = 1s (default)
2019-08-20 19:14:50,704 [91ae5334-971e-44ba-ab57-2ec2dd220942:group-7B8917DEDEE2:LeaderElection20] INFO  server.RaftServerConfigKeys (ConfUtils.java:logGet(43)) - raft.server.watch.element-limit = 65536 (default)
2019-08-20 19:14:50,704 [91ae5334-971e-44ba-ab57-2ec2dd220942:group-7B8917DEDEE2:LeaderElection20] INFO  impl.RoleInfo (RoleInfo.java:updateAndGet(143)) - 91ae5334-971e-44ba-ab57-2ec2dd220942: start LeaderState
2019-08-20 19:14:50,704 [91ae5334-971e-44ba-ab57-2ec2dd220942:group-7B8917DEDEE2:LeaderElection20] INFO  segmented.SegmentedRaftLogWorker (SegmentedRaftLogWorker.java:startLogSegment(380)) - 91ae5334-971e-44ba-ab57-2ec2dd220942-SegmentedRaftLogWorker:Storage Directory /workdir/hadoop-ozone/integration-test/target/test-dir/MiniOzoneClusterImpl-dcd12998-9865-489a-a0f8-9e63b4ee21e6/datanode-2/data/ratis/a47d1590-70d8-436b-bf7b-7b8917dedee2: Starting segment from index:0
2019-08-20 19:14:50,705 [91ae5334-971e-44ba-ab57-2ec2dd220942:group-7B8917DEDEE2:LeaderElection20] INFO  impl.RaftServerImpl (ServerState.java:setRaftConf(361)) - 91ae5334-971e-44ba-ab57-2ec2dd220942:group-7B8917DEDEE2 set configuration 0: [91ae5334-971e-44ba-ab57-2ec2dd220942:192.168.69.105:35748], old=null at 0
2019-08-20 19:14:50,741 [91ae5334-971e-44ba-ab57-2ec2dd220942-SegmentedRaftLogWorker:Storage Directory /workdir/hadoop-ozone/integration-test/target/test-dir/MiniOzoneClusterImpl-dcd12998-9865-489a-a0f8-9e63b4ee21e6/datanode-2/data/ratis/aa6255e1-18a9-4ad8-82f2-782b390d3d40] INFO  segmented.SegmentedRaftLogWorker (SegmentedRaftLogWorker.java:execute(569)) - 91ae5334-971e-44ba-ab57-2ec2dd220942-SegmentedRaftLogWorker:Storage Directory /workdir/hadoop-ozone/integration-test/target/test-dir/MiniOzoneClusterImpl-dcd12998-9865-489a-a0f8-9e63b4ee21e6/datanode-2/data/ratis/aa6255e1-18a9-4ad8-82f2-782b390d3d40: created new log segment /workdir/hadoop-ozone/integration-test/target/test-dir/MiniOzoneClusterImpl-dcd12998-9865-489a-a0f8-9e63b4ee21e6/datanode-2/data/ratis/aa6255e1-18a9-4ad8-82f2-782b390d3d40/current/log_inprogress_0
2019-08-20 19:14:50,741 [e4f90e61-f3c9-4b9d-bc15-ac0e2b79db86-SegmentedRaftLogWorker:Storage Directory /workdir/hadoop-ozone/integration-test/target/test-dir/MiniOzoneClusterImpl-dcd12998-9865-489a-a0f8-9e63b4ee21e6/datanode-1/data/ratis/aa6255e1-18a9-4ad8-82f2-782b390d3d40] INFO  segmented.SegmentedRaftLogWorker (SegmentedRaftLogWorker.java:execute(569)) - e4f90e61-f3c9-4b9d-bc15-ac0e2b79db86-SegmentedRaftLogWorker:Storage Directory /workdir/hadoop-ozone/integration-test/target/test-dir/MiniOzoneClusterImpl-dcd12998-9865-489a-a0f8-9e63b4ee21e6/datanode-1/data/ratis/aa6255e1-18a9-4ad8-82f2-782b390d3d40: created new log segment /workdir/hadoop-ozone/integration-test/target/test-dir/MiniOzoneClusterImpl-dcd12998-9865-489a-a0f8-9e63b4ee21e6/datanode-1/data/ratis/aa6255e1-18a9-4ad8-82f2-782b390d3d40/current/log_inprogress_0
2019-08-20 19:14:50,753 [91ae5334-971e-44ba-ab57-2ec2dd220942-SegmentedRaftLogWorker:Storage Directory /workdir/hadoop-ozone/integration-test/target/test-dir/MiniOzoneClusterImpl-dcd12998-9865-489a-a0f8-9e63b4ee21e6/datanode-2/data/ratis/a47d1590-70d8-436b-bf7b-7b8917dedee2] INFO  segmented.SegmentedRaftLogWorker (SegmentedRaftLogWorker.java:execute(569)) - 91ae5334-971e-44ba-ab57-2ec2dd220942-SegmentedRaftLogWorker:Storage Directory /workdir/hadoop-ozone/integration-test/target/test-dir/MiniOzoneClusterImpl-dcd12998-9865-489a-a0f8-9e63b4ee21e6/datanode-2/data/ratis/a47d1590-70d8-436b-bf7b-7b8917dedee2: created new log segment /workdir/hadoop-ozone/integration-test/target/test-dir/MiniOzoneClusterImpl-dcd12998-9865-489a-a0f8-9e63b4ee21e6/datanode-2/data/ratis/a47d1590-70d8-436b-bf7b-7b8917dedee2/current/log_inprogress_0
2019-08-20 19:14:50,826 [Thread-762] INFO  impl.FollowerState (FollowerState.java:run(106)) - 340027e2-c19a-4ce0-8fe2-d5928ef30461:group-A3C8C280768F changes to CANDIDATE, lastRpcTime:5202, electionTimeout:5199ms
2019-08-20 19:14:50,826 [Thread-762] INFO  impl.RoleInfo (RoleInfo.java:shutdownFollowerState(121)) - 340027e2-c19a-4ce0-8fe2-d5928ef30461: shutdown FollowerState
2019-08-20 19:14:50,826 [Thread-762] INFO  impl.RaftServerImpl (RaftServerImpl.java:setRole(171)) - 340027e2-c19a-4ce0-8fe2-d5928ef30461:group-A3C8C280768F changes role from FOLLOWER to CANDIDATE at term 0 for changeToCandidate
2019-08-20 19:14:50,827 [Thread-762] INFO  impl.RoleInfo (RoleInfo.java:updateAndGet(143)) - 340027e2-c19a-4ce0-8fe2-d5928ef30461: start LeaderElection
2019-08-20 19:14:50,847 [340027e2-c19a-4ce0-8fe2-d5928ef30461:group-A3C8C280768F:LeaderElection21] INFO  impl.LeaderElection (LeaderElection.java:askForVotes(181)) - 340027e2-c19a-4ce0-8fe2-d5928ef30461:group-A3C8C280768F:LeaderElection21: begin an election at term 1 for -1: [340027e2-c19a-4ce0-8fe2-d5928ef30461:192.168.69.105:36582], old=null
2019-08-20 19:14:50,847 [340027e2-c19a-4ce0-8fe2-d5928ef30461:group-A3C8C280768F:LeaderElection21] INFO  impl.RoleInfo (RoleInfo.java:shutdownLeaderElection(134)) - 340027e2-c19a-4ce0-8fe2-d5928ef30461: shutdown LeaderElection
2019-08-20 19:14:50,848 [340027e2-c19a-4ce0-8fe2-d5928ef30461:group-A3C8C280768F:LeaderElection21] INFO  impl.RaftServerImpl (RaftServerImpl.java:setRole(171)) - 340027e2-c19a-4ce0-8fe2-d5928ef30461:group-A3C8C280768F changes role from CANDIDATE to LEADER at term 1 for changeToLeader
2019-08-20 19:14:50,848 [340027e2-c19a-4ce0-8fe2-d5928ef30461:group-A3C8C280768F:LeaderElection21] INFO  impl.RaftServerImpl (ServerState.java:setLeader(263)) - 340027e2-c19a-4ce0-8fe2-d5928ef30461:group-A3C8C280768F change Leader from null to 340027e2-c19a-4ce0-8fe2-d5928ef30461 at term 1 for becomeLeader, leader elected after 5228ms
2019-08-20 19:14:50,850 [340027e2-c19a-4ce0-8fe2-d5928ef30461:group-A3C8C280768F:LeaderElection21] INFO  server.RaftServerConfigKeys (ConfUtils.java:logGet(43)) - raft.server.staging.catchup.gap = 1000 (default)
2019-08-20 19:14:50,850 [340027e2-c19a-4ce0-8fe2-d5928ef30461:group-A3C8C280768F:LeaderElection21] INFO  server.RaftServerConfigKeys (ConfUtils.java:logGet(43)) - raft.server.rpc.sleep.time = 25ms (default)
2019-08-20 19:14:50,851 [340027e2-c19a-4ce0-8fe2-d5928ef30461:group-A3C8C280768F:LeaderElection21] INFO  server.RaftServerConfigKeys (ConfUtils.java:logGet(43)) - raft.server.write.element-limit = 4096 (default)
2019-08-20 19:14:50,851 [340027e2-c19a-4ce0-8fe2-d5928ef30461:group-A3C8C280768F:LeaderElection21] INFO  server.RaftServerConfigKeys (ConfUtils.java:logGet(43)) - raft.server.watch.timeout = 10s (default)
2019-08-20 19:14:50,851 [340027e2-c19a-4ce0-8fe2-d5928ef30461:group-A3C8C280768F:LeaderElection21] INFO  server.RaftServerConfigKeys (ConfUtils.java:logGet(43)) - raft.server.watch.timeout.denomination = 1s (default)
2019-08-20 19:14:50,851 [340027e2-c19a-4ce0-8fe2-d5928ef30461:group-A3C8C280768F:LeaderElection21] INFO  server.RaftServerConfigKeys (ConfUtils.java:logGet(43)) - raft.server.watch.element-limit = 65536 (default)
2019-08-20 19:14:50,852 [340027e2-c19a-4ce0-8fe2-d5928ef30461:group-A3C8C280768F:LeaderElection21] INFO  impl.RoleInfo (RoleInfo.java:updateAndGet(143)) - 340027e2-c19a-4ce0-8fe2-d5928ef30461: start LeaderState
2019-08-20 19:14:50,852 [340027e2-c19a-4ce0-8fe2-d5928ef30461:group-A3C8C280768F:LeaderElection21] INFO  segmented.SegmentedRaftLogWorker (SegmentedRaftLogWorker.java:startLogSegment(380)) - 340027e2-c19a-4ce0-8fe2-d5928ef30461-SegmentedRaftLogWorker:Storage Directory /workdir/hadoop-ozone/integration-test/target/test-dir/MiniOzoneClusterImpl-dcd12998-9865-489a-a0f8-9e63b4ee21e6/datanode-3/data/ratis/7a885e06-40bf-48ad-9e81-a3c8c280768f: Starting segment from index:0
2019-08-20 19:14:50,853 [340027e2-c19a-4ce0-8fe2-d5928ef30461:group-A3C8C280768F:LeaderElection21] INFO  impl.RaftServerImpl (ServerState.java:setRaftConf(361)) - 340027e2-c19a-4ce0-8fe2-d5928ef30461:group-A3C8C280768F set configuration 0: [340027e2-c19a-4ce0-8fe2-d5928ef30461:192.168.69.105:36582], old=null at 0
2019-08-20 19:14:50,895 [340027e2-c19a-4ce0-8fe2-d5928ef30461-SegmentedRaftLogWorker:Storage Directory /workdir/hadoop-ozone/integration-test/target/test-dir/MiniOzoneClusterImpl-dcd12998-9865-489a-a0f8-9e63b4ee21e6/datanode-3/data/ratis/7a885e06-40bf-48ad-9e81-a3c8c280768f] INFO  segmented.SegmentedRaftLogWorker (SegmentedRaftLogWorker.java:execute(569)) - 340027e2-c19a-4ce0-8fe2-d5928ef30461-SegmentedRaftLogWorker:Storage Directory /workdir/hadoop-ozone/integration-test/target/test-dir/MiniOzoneClusterImpl-dcd12998-9865-489a-a0f8-9e63b4ee21e6/datanode-3/data/ratis/7a885e06-40bf-48ad-9e81-a3c8c280768f: created new log segment /workdir/hadoop-ozone/integration-test/target/test-dir/MiniOzoneClusterImpl-dcd12998-9865-489a-a0f8-9e63b4ee21e6/datanode-3/data/ratis/7a885e06-40bf-48ad-9e81-a3c8c280768f/current/log_inprogress_0
2019-08-20 19:14:50,915 | INFO  | SCMAudit | user=jenkins1000 | ip=192.168.69.105 | op=SEND_HEARTBEAT {datanodeUUID=4033865b-8d67-417a-8575-039c711fd8ba, command=[]} | ret=SUCCESS |  
2019-08-20 19:14:50,960 | INFO  | SCMAudit | user=jenkins1000 | ip=192.168.69.105 | op=SEND_HEARTBEAT {datanodeUUID=16f059df-d226-4022-8e81-046858cbfecb, command=[]} | ret=SUCCESS |  
2019-08-20 19:14:51,120 | INFO  | SCMAudit | user=jenkins1000 | ip=192.168.69.105 | op=SEND_HEARTBEAT {datanodeUUID=e274e395-c7b6-408d-a6b4-4add6056d6d1, command=[]} | ret=SUCCESS |  
2019-08-20 19:14:51,142 [Thread-765] INFO  impl.FollowerState (FollowerState.java:run(106)) - 4033865b-8d67-417a-8575-039c711fd8ba:group-D9569CEAAA34 changes to CANDIDATE, lastRpcTime:5175, electionTimeout:5175ms
2019-08-20 19:14:51,142 [Thread-765] INFO  impl.RoleInfo (RoleInfo.java:shutdownFollowerState(121)) - 4033865b-8d67-417a-8575-039c711fd8ba: shutdown FollowerState
2019-08-20 19:14:51,143 [Thread-765] INFO  impl.RaftServerImpl (RaftServerImpl.java:setRole(171)) - 4033865b-8d67-417a-8575-039c711fd8ba:group-D9569CEAAA34 changes role from FOLLOWER to CANDIDATE at term 0 for changeToCandidate
2019-08-20 19:14:51,143 [Thread-765] INFO  impl.RoleInfo (RoleInfo.java:updateAndGet(143)) - 4033865b-8d67-417a-8575-039c711fd8ba: start LeaderElection
2019-08-20 19:14:51,175 | INFO  | SCMAudit | user=jenkins1000 | ip=192.168.69.105 | op=SEND_HEARTBEAT {datanodeUUID=e4f90e61-f3c9-4b9d-bc15-ac0e2b79db86, command=[]} | ret=SUCCESS |  
2019-08-20 19:14:51,176 [4033865b-8d67-417a-8575-039c711fd8ba:group-D9569CEAAA34:LeaderElection22] INFO  impl.LeaderElection (LeaderElection.java:askForVotes(181)) - 4033865b-8d67-417a-8575-039c711fd8ba:group-D9569CEAAA34:LeaderElection22: begin an election at term 1 for -1: [4033865b-8d67-417a-8575-039c711fd8ba:192.168.69.105:35380], old=null
2019-08-20 19:14:51,176 [4033865b-8d67-417a-8575-039c711fd8ba:group-D9569CEAAA34:LeaderElection22] INFO  impl.RoleInfo (RoleInfo.java:shutdownLeaderElection(134)) - 4033865b-8d67-417a-8575-039c711fd8ba: shutdown LeaderElection
2019-08-20 19:14:51,177 [4033865b-8d67-417a-8575-039c711fd8ba:group-D9569CEAAA34:LeaderElection22] INFO  impl.RaftServerImpl (RaftServerImpl.java:setRole(171)) - 4033865b-8d67-417a-8575-039c711fd8ba:group-D9569CEAAA34 changes role from CANDIDATE to LEADER at term 1 for changeToLeader
2019-08-20 19:14:51,177 [4033865b-8d67-417a-8575-039c711fd8ba:group-D9569CEAAA34:LeaderElection22] INFO  impl.RaftServerImpl (ServerState.java:setLeader(263)) - 4033865b-8d67-417a-8575-039c711fd8ba:group-D9569CEAAA34 change Leader from null to 4033865b-8d67-417a-8575-039c711fd8ba at term 1 for becomeLeader, leader elected after 5215ms
2019-08-20 19:14:51,181 [4033865b-8d67-417a-8575-039c711fd8ba:group-D9569CEAAA34:LeaderElection22] INFO  server.RaftServerConfigKeys (ConfUtils.java:logGet(43)) - raft.server.staging.catchup.gap = 1000 (default)
2019-08-20 19:14:51,181 [4033865b-8d67-417a-8575-039c711fd8ba:group-D9569CEAAA34:LeaderElection22] INFO  server.RaftServerConfigKeys (ConfUtils.java:logGet(43)) - raft.server.rpc.sleep.time = 25ms (default)
2019-08-20 19:14:51,181 [4033865b-8d67-417a-8575-039c711fd8ba:group-D9569CEAAA34:LeaderElection22] INFO  server.RaftServerConfigKeys (ConfUtils.java:logGet(43)) - raft.server.write.element-limit = 4096 (default)
2019-08-20 19:14:51,181 [4033865b-8d67-417a-8575-039c711fd8ba:group-D9569CEAAA34:LeaderElection22] INFO  server.RaftServerConfigKeys (ConfUtils.java:logGet(43)) - raft.server.watch.timeout = 10s (default)
2019-08-20 19:14:51,181 [4033865b-8d67-417a-8575-039c711fd8ba:group-D9569CEAAA34:LeaderElection22] INFO  server.RaftServerConfigKeys (ConfUtils.java:logGet(43)) - raft.server.watch.timeout.denomination = 1s (default)
2019-08-20 19:14:51,182 [4033865b-8d67-417a-8575-039c711fd8ba:group-D9569CEAAA34:LeaderElection22] INFO  server.RaftServerConfigKeys (ConfUtils.java:logGet(43)) - raft.server.watch.element-limit = 65536 (default)
2019-08-20 19:14:51,182 [4033865b-8d67-417a-8575-039c711fd8ba:group-D9569CEAAA34:LeaderElection22] INFO  impl.RoleInfo (RoleInfo.java:updateAndGet(143)) - 4033865b-8d67-417a-8575-039c711fd8ba: start LeaderState
2019-08-20 19:14:51,182 [4033865b-8d67-417a-8575-039c711fd8ba:group-D9569CEAAA34:LeaderElection22] INFO  segmented.SegmentedRaftLogWorker (SegmentedRaftLogWorker.java:startLogSegment(380)) - 4033865b-8d67-417a-8575-039c711fd8ba-SegmentedRaftLogWorker:Storage Directory /workdir/hadoop-ozone/integration-test/target/test-dir/MiniOzoneClusterImpl-dcd12998-9865-489a-a0f8-9e63b4ee21e6/datanode-4/data/ratis/2df64747-fb57-45bc-8bdc-d9569ceaaa34: Starting segment from index:0
2019-08-20 19:14:51,183 [4033865b-8d67-417a-8575-039c711fd8ba:group-D9569CEAAA34:LeaderElection22] INFO  impl.RaftServerImpl (ServerState.java:setRaftConf(361)) - 4033865b-8d67-417a-8575-039c711fd8ba:group-D9569CEAAA34 set configuration 0: [4033865b-8d67-417a-8575-039c711fd8ba:192.168.69.105:35380], old=null at 0
2019-08-20 19:14:51,231 [4033865b-8d67-417a-8575-039c711fd8ba-SegmentedRaftLogWorker:Storage Directory /workdir/hadoop-ozone/integration-test/target/test-dir/MiniOzoneClusterImpl-dcd12998-9865-489a-a0f8-9e63b4ee21e6/datanode-4/data/ratis/2df64747-fb57-45bc-8bdc-d9569ceaaa34] INFO  segmented.SegmentedRaftLogWorker (SegmentedRaftLogWorker.java:execute(569)) - 4033865b-8d67-417a-8575-039c711fd8ba-SegmentedRaftLogWorker:Storage Directory /workdir/hadoop-ozone/integration-test/target/test-dir/MiniOzoneClusterImpl-dcd12998-9865-489a-a0f8-9e63b4ee21e6/datanode-4/data/ratis/2df64747-fb57-45bc-8bdc-d9569ceaaa34: created new log segment /workdir/hadoop-ozone/integration-test/target/test-dir/MiniOzoneClusterImpl-dcd12998-9865-489a-a0f8-9e63b4ee21e6/datanode-4/data/ratis/2df64747-fb57-45bc-8bdc-d9569ceaaa34/current/log_inprogress_0
2019-08-20 19:14:51,248 [Thread-768] INFO  impl.FollowerState (FollowerState.java:run(106)) - e274e395-c7b6-408d-a6b4-4add6056d6d1:group-6C11DA3FB6A0 changes to CANDIDATE, lastRpcTime:5050, electionTimeout:5050ms
2019-08-20 19:14:51,249 [Thread-768] INFO  impl.RoleInfo (RoleInfo.java:shutdownFollowerState(121)) - e274e395-c7b6-408d-a6b4-4add6056d6d1: shutdown FollowerState
2019-08-20 19:14:51,249 [Thread-768] INFO  impl.RaftServerImpl (RaftServerImpl.java:setRole(171)) - e274e395-c7b6-408d-a6b4-4add6056d6d1:group-6C11DA3FB6A0 changes role from FOLLOWER to CANDIDATE at term 0 for changeToCandidate
2019-08-20 19:14:51,249 [Thread-768] INFO  impl.RoleInfo (RoleInfo.java:updateAndGet(143)) - e274e395-c7b6-408d-a6b4-4add6056d6d1: start LeaderElection
2019-08-20 19:14:51,267 [e274e395-c7b6-408d-a6b4-4add6056d6d1:group-6C11DA3FB6A0:LeaderElection23] INFO  impl.LeaderElection (LeaderElection.java:askForVotes(181)) - e274e395-c7b6-408d-a6b4-4add6056d6d1:group-6C11DA3FB6A0:LeaderElection23: begin an election at term 1 for -1: [e274e395-c7b6-408d-a6b4-4add6056d6d1:192.168.69.105:35007], old=null
2019-08-20 19:14:51,268 [e274e395-c7b6-408d-a6b4-4add6056d6d1:group-6C11DA3FB6A0:LeaderElection23] INFO  impl.RoleInfo (RoleInfo.java:shutdownLeaderElection(134)) - e274e395-c7b6-408d-a6b4-4add6056d6d1: shutdown LeaderElection
2019-08-20 19:14:51,268 [e274e395-c7b6-408d-a6b4-4add6056d6d1:group-6C11DA3FB6A0:LeaderElection23] INFO  impl.RaftServerImpl (RaftServerImpl.java:setRole(171)) - e274e395-c7b6-408d-a6b4-4add6056d6d1:group-6C11DA3FB6A0 changes role from CANDIDATE to LEADER at term 1 for changeToLeader
2019-08-20 19:14:51,268 [e274e395-c7b6-408d-a6b4-4add6056d6d1:group-6C11DA3FB6A0:LeaderElection23] INFO  impl.RaftServerImpl (ServerState.java:setLeader(263)) - e274e395-c7b6-408d-a6b4-4add6056d6d1:group-6C11DA3FB6A0 change Leader from null to e274e395-c7b6-408d-a6b4-4add6056d6d1 at term 1 for becomeLeader, leader elected after 5074ms
2019-08-20 19:14:51,272 [e274e395-c7b6-408d-a6b4-4add6056d6d1:group-6C11DA3FB6A0:LeaderElection23] INFO  server.RaftServerConfigKeys (ConfUtils.java:logGet(43)) - raft.server.staging.catchup.gap = 1000 (default)
2019-08-20 19:14:51,272 [e274e395-c7b6-408d-a6b4-4add6056d6d1:group-6C11DA3FB6A0:LeaderElection23] INFO  server.RaftServerConfigKeys (ConfUtils.java:logGet(43)) - raft.server.rpc.sleep.time = 25ms (default)
2019-08-20 19:14:51,272 [e274e395-c7b6-408d-a6b4-4add6056d6d1:group-6C11DA3FB6A0:LeaderElection23] INFO  server.RaftServerConfigKeys (ConfUtils.java:logGet(43)) - raft.server.write.element-limit = 4096 (default)
2019-08-20 19:14:51,272 [e274e395-c7b6-408d-a6b4-4add6056d6d1:group-6C11DA3FB6A0:LeaderElection23] INFO  server.RaftServerConfigKeys (ConfUtils.java:logGet(43)) - raft.server.watch.timeout = 10s (default)
2019-08-20 19:14:51,272 [e274e395-c7b6-408d-a6b4-4add6056d6d1:group-6C11DA3FB6A0:LeaderElection23] INFO  server.RaftServerConfigKeys (ConfUtils.java:logGet(43)) - raft.server.watch.timeout.denomination = 1s (default)
2019-08-20 19:14:51,273 [e274e395-c7b6-408d-a6b4-4add6056d6d1:group-6C11DA3FB6A0:LeaderElection23] INFO  server.RaftServerConfigKeys (ConfUtils.java:logGet(43)) - raft.server.watch.element-limit = 65536 (default)
2019-08-20 19:14:51,273 [e274e395-c7b6-408d-a6b4-4add6056d6d1:group-6C11DA3FB6A0:LeaderElection23] INFO  impl.RoleInfo (RoleInfo.java:updateAndGet(143)) - e274e395-c7b6-408d-a6b4-4add6056d6d1: start LeaderState
2019-08-20 19:14:51,273 [e274e395-c7b6-408d-a6b4-4add6056d6d1:group-6C11DA3FB6A0:LeaderElection23] INFO  segmented.SegmentedRaftLogWorker (SegmentedRaftLogWorker.java:startLogSegment(380)) - e274e395-c7b6-408d-a6b4-4add6056d6d1-SegmentedRaftLogWorker:Storage Directory /workdir/hadoop-ozone/integration-test/target/test-dir/MiniOzoneClusterImpl-dcd12998-9865-489a-a0f8-9e63b4ee21e6/datanode-5/data/ratis/31fcd073-a135-46cb-9c54-6c11da3fb6a0: Starting segment from index:0
2019-08-20 19:14:51,274 [e274e395-c7b6-408d-a6b4-4add6056d6d1:group-6C11DA3FB6A0:LeaderElection23] INFO  impl.RaftServerImpl (ServerState.java:setRaftConf(361)) - e274e395-c7b6-408d-a6b4-4add6056d6d1:group-6C11DA3FB6A0 set configuration 0: [e274e395-c7b6-408d-a6b4-4add6056d6d1:192.168.69.105:35007], old=null at 0
2019-08-20 19:14:51,324 [e274e395-c7b6-408d-a6b4-4add6056d6d1-SegmentedRaftLogWorker:Storage Directory /workdir/hadoop-ozone/integration-test/target/test-dir/MiniOzoneClusterImpl-dcd12998-9865-489a-a0f8-9e63b4ee21e6/datanode-5/data/ratis/31fcd073-a135-46cb-9c54-6c11da3fb6a0] INFO  segmented.SegmentedRaftLogWorker (SegmentedRaftLogWorker.java:execute(569)) - e274e395-c7b6-408d-a6b4-4add6056d6d1-SegmentedRaftLogWorker:Storage Directory /workdir/hadoop-ozone/integration-test/target/test-dir/MiniOzoneClusterImpl-dcd12998-9865-489a-a0f8-9e63b4ee21e6/datanode-5/data/ratis/31fcd073-a135-46cb-9c54-6c11da3fb6a0: created new log segment /workdir/hadoop-ozone/integration-test/target/test-dir/MiniOzoneClusterImpl-dcd12998-9865-489a-a0f8-9e63b4ee21e6/datanode-5/data/ratis/31fcd073-a135-46cb-9c54-6c11da3fb6a0/current/log_inprogress_0
2019-08-20 19:14:51,326 [Thread-774] INFO  impl.FollowerState (FollowerState.java:run(106)) - e274e395-c7b6-408d-a6b4-4add6056d6d1:group-33ED13302D71 changes to CANDIDATE, lastRpcTime:5063, electionTimeout:5063ms
2019-08-20 19:14:51,326 [Thread-774] INFO  impl.RoleInfo (RoleInfo.java:shutdownFollowerState(121)) - e274e395-c7b6-408d-a6b4-4add6056d6d1: shutdown FollowerState
2019-08-20 19:14:51,326 [Thread-774] INFO  impl.RaftServerImpl (RaftServerImpl.java:setRole(171)) - e274e395-c7b6-408d-a6b4-4add6056d6d1:group-33ED13302D71 changes role from FOLLOWER to CANDIDATE at term 0 for changeToCandidate
2019-08-20 19:14:51,326 [Thread-774] INFO  impl.RoleInfo (RoleInfo.java:updateAndGet(143)) - e274e395-c7b6-408d-a6b4-4add6056d6d1: start LeaderElection
2019-08-20 19:14:51,333 | INFO  | SCMAudit | user=jenkins1000 | ip=192.168.69.105 | op=SEND_HEARTBEAT {datanodeUUID=1df1583d-c3bd-46e3-b5a9-7f01f9158e7c, command=[]} | ret=SUCCESS |  
2019-08-20 19:14:51,337 [e274e395-c7b6-408d-a6b4-4add6056d6d1:group-33ED13302D71:LeaderElection24] INFO  impl.LeaderElection (LeaderElection.java:askForVotes(181)) - e274e395-c7b6-408d-a6b4-4add6056d6d1:group-33ED13302D71:LeaderElection24: begin an election at term 1 for -1: [e274e395-c7b6-408d-a6b4-4add6056d6d1:192.168.69.105:35007, 340027e2-c19a-4ce0-8fe2-d5928ef30461:192.168.69.105:36582, 4033865b-8d67-417a-8575-039c711fd8ba:192.168.69.105:35380], old=null
2019-08-20 19:14:51,344 [Thread-777] INFO  impl.FollowerState (FollowerState.java:run(106)) - 340027e2-c19a-4ce0-8fe2-d5928ef30461:group-33ED13302D71 changes to CANDIDATE, lastRpcTime:5080, electionTimeout:5079ms
2019-08-20 19:14:51,344 [Thread-777] INFO  impl.RoleInfo (RoleInfo.java:shutdownFollowerState(121)) - 340027e2-c19a-4ce0-8fe2-d5928ef30461: shutdown FollowerState
2019-08-20 19:14:51,344 [Thread-777] INFO  impl.RaftServerImpl (RaftServerImpl.java:setRole(171)) - 340027e2-c19a-4ce0-8fe2-d5928ef30461:group-33ED13302D71 changes role from FOLLOWER to CANDIDATE at term 0 for changeToCandidate
2019-08-20 19:14:51,344 [Thread-777] INFO  impl.RoleInfo (RoleInfo.java:updateAndGet(143)) - 340027e2-c19a-4ce0-8fe2-d5928ef30461: start LeaderElection
2019-08-20 19:14:51,350 [grpc-default-executor-3] INFO  impl.RaftServerImpl (RaftServerImpl.java:setRole(171)) - 4033865b-8d67-417a-8575-039c711fd8ba:group-33ED13302D71 changes role from FOLLOWER to FOLLOWER at term 1 for recognizeCandidate:e274e395-c7b6-408d-a6b4-4add6056d6d1
2019-08-20 19:14:51,350 [grpc-default-executor-3] INFO  impl.RoleInfo (RoleInfo.java:shutdownFollowerState(121)) - 4033865b-8d67-417a-8575-039c711fd8ba: shutdown FollowerState
2019-08-20 19:14:51,351 [grpc-default-executor-3] INFO  impl.RoleInfo (RoleInfo.java:updateAndGet(143)) - 4033865b-8d67-417a-8575-039c711fd8ba: start FollowerState
2019-08-20 19:14:51,351 [Thread-771] INFO  impl.FollowerState (FollowerState.java:run(114)) - 4033865b-8d67-417a-8575-039c711fd8ba: FollowerState was interrupted: java.lang.InterruptedException: sleep interrupted
2019-08-20 19:14:51,361 [340027e2-c19a-4ce0-8fe2-d5928ef30461:group-33ED13302D71:LeaderElection25] INFO  impl.LeaderElection (LeaderElection.java:askForVotes(181)) - 340027e2-c19a-4ce0-8fe2-d5928ef30461:group-33ED13302D71:LeaderElection25: begin an election at term 1 for -1: [e274e395-c7b6-408d-a6b4-4add6056d6d1:192.168.69.105:35007, 340027e2-c19a-4ce0-8fe2-d5928ef30461:192.168.69.105:36582, 4033865b-8d67-417a-8575-039c711fd8ba:192.168.69.105:35380], old=null
2019-08-20 19:14:51,364 [e274e395-c7b6-408d-a6b4-4add6056d6d1:group-33ED13302D71:LeaderElection24] INFO  impl.LeaderElection (LeaderElection.java:logAndReturn(56)) - e274e395-c7b6-408d-a6b4-4add6056d6d1:group-33ED13302D71:LeaderElection24: Election PASSED; received 1 response(s) [e274e395-c7b6-408d-a6b4-4add6056d6d1<-4033865b-8d67-417a-8575-039c711fd8ba#0:OK-t1] and 0 exception(s); e274e395-c7b6-408d-a6b4-4add6056d6d1:t1, leader=null, voted=e274e395-c7b6-408d-a6b4-4add6056d6d1, raftlog=e274e395-c7b6-408d-a6b4-4add6056d6d1-SegmentedRaftLog:OPENED:c-1,f-1,i0, conf=-1: [e274e395-c7b6-408d-a6b4-4add6056d6d1:192.168.69.105:35007, 340027e2-c19a-4ce0-8fe2-d5928ef30461:192.168.69.105:36582, 4033865b-8d67-417a-8575-039c711fd8ba:192.168.69.105:35380], old=null
2019-08-20 19:14:51,365 [e274e395-c7b6-408d-a6b4-4add6056d6d1:group-33ED13302D71:LeaderElection24] INFO  impl.RoleInfo (RoleInfo.java:shutdownLeaderElection(134)) - e274e395-c7b6-408d-a6b4-4add6056d6d1: shutdown LeaderElection
2019-08-20 19:14:51,365 [e274e395-c7b6-408d-a6b4-4add6056d6d1:group-33ED13302D71:LeaderElection24] INFO  impl.RaftServerImpl (RaftServerImpl.java:setRole(171)) - e274e395-c7b6-408d-a6b4-4add6056d6d1:group-33ED13302D71 changes role from CANDIDATE to LEADER at term 1 for changeToLeader
2019-08-20 19:14:51,365 [e274e395-c7b6-408d-a6b4-4add6056d6d1:group-33ED13302D71:LeaderElection24] INFO  impl.RaftServerImpl (ServerState.java:setLeader(263)) - e274e395-c7b6-408d-a6b4-4add6056d6d1:group-33ED13302D71 change Leader from null to e274e395-c7b6-408d-a6b4-4add6056d6d1 at term 1 for becomeLeader, leader elected after 5112ms
2019-08-20 19:14:51,365 [e274e395-c7b6-408d-a6b4-4add6056d6d1:group-33ED13302D71:LeaderElection24] INFO  server.RaftServerConfigKeys (ConfUtils.java:logGet(43)) - raft.server.staging.catchup.gap = 1000 (default)
2019-08-20 19:14:51,365 [e274e395-c7b6-408d-a6b4-4add6056d6d1:group-33ED13302D71:LeaderElection24] INFO  server.RaftServerConfigKeys (ConfUtils.java:logGet(43)) - raft.server.rpc.sleep.time = 25ms (default)
2019-08-20 19:14:51,365 [e274e395-c7b6-408d-a6b4-4add6056d6d1:group-33ED13302D71:LeaderElection24] INFO  server.RaftServerConfigKeys (ConfUtils.java:logGet(43)) - raft.server.write.element-limit = 4096 (default)
2019-08-20 19:14:51,365 [e274e395-c7b6-408d-a6b4-4add6056d6d1:group-33ED13302D71:LeaderElection24] INFO  server.RaftServerConfigKeys (ConfUtils.java:logGet(43)) - raft.server.watch.timeout = 10s (default)
2019-08-20 19:14:51,366 [e274e395-c7b6-408d-a6b4-4add6056d6d1:group-33ED13302D71:LeaderElection24] INFO  server.RaftServerConfigKeys (ConfUtils.java:logGet(43)) - raft.server.watch.timeout.denomination = 1s (default)
2019-08-20 19:14:51,366 [e274e395-c7b6-408d-a6b4-4add6056d6d1:group-33ED13302D71:LeaderElection24] INFO  server.RaftServerConfigKeys (ConfUtils.java:logGet(43)) - raft.server.watch.element-limit = 65536 (default)
2019-08-20 19:14:51,366 [e274e395-c7b6-408d-a6b4-4add6056d6d1:group-33ED13302D71:LeaderElection24] INFO  server.RaftServerConfigKeys (ConfUtils.java:logGet(43)) - raft.server.log.appender.snapshot.chunk.size.max = 16MB (=16777216) (default)
2019-08-20 19:14:51,366 [e274e395-c7b6-408d-a6b4-4add6056d6d1:group-33ED13302D71:LeaderElection24] INFO  server.RaftServerConfigKeys (ConfUtils.java:logGet(43)) - raft.server.log.appender.buffer.byte-limit = 33554432 (custom)
2019-08-20 19:14:51,366 [e274e395-c7b6-408d-a6b4-4add6056d6d1:group-33ED13302D71:LeaderElection24] INFO  server.RaftServerConfigKeys (ConfUtils.java:logGet(43)) - raft.server.log.appender.buffer.element-limit = 1 (custom)
2019-08-20 19:14:51,366 [e274e395-c7b6-408d-a6b4-4add6056d6d1:group-33ED13302D71:LeaderElection24] INFO  grpc.GrpcConfigKeys$Server (ConfUtils.java:logGet(43)) - raft.grpc.server.leader.outstanding.appends.max = 128 (default)
2019-08-20 19:14:51,367 [e274e395-c7b6-408d-a6b4-4add6056d6d1:group-33ED13302D71:LeaderElection24] INFO  server.RaftServerConfigKeys (ConfUtils.java:logGet(43)) - raft.server.rpc.request.timeout = 3000ms (default)
2019-08-20 19:14:51,367 [e274e395-c7b6-408d-a6b4-4add6056d6d1:group-33ED13302D71:LeaderElection24] INFO  server.RaftServerConfigKeys (ConfUtils.java:logGet(43)) - raft.server.log.appender.install.snapshot.enabled = false (custom)
2019-08-20 19:14:51,367 [e274e395-c7b6-408d-a6b4-4add6056d6d1:group-33ED13302D71:LeaderElection24] INFO  server.RaftServerConfigKeys (ConfUtils.java:logGet(43)) - raft.server.log.appender.snapshot.chunk.size.max = 16MB (=16777216) (default)
2019-08-20 19:14:51,367 [e274e395-c7b6-408d-a6b4-4add6056d6d1:group-33ED13302D71:LeaderElection24] INFO  server.RaftServerConfigKeys (ConfUtils.java:logGet(43)) - raft.server.log.appender.buffer.byte-limit = 33554432 (custom)
2019-08-20 19:14:51,367 [e274e395-c7b6-408d-a6b4-4add6056d6d1:group-33ED13302D71:LeaderElection24] INFO  server.RaftServerConfigKeys (ConfUtils.java:logGet(43)) - raft.server.log.appender.buffer.element-limit = 1 (custom)
2019-08-20 19:14:51,368 [e274e395-c7b6-408d-a6b4-4add6056d6d1:group-33ED13302D71:LeaderElection24] INFO  grpc.GrpcConfigKeys$Server (ConfUtils.java:logGet(43)) - raft.grpc.server.leader.outstanding.appends.max = 128 (default)
2019-08-20 19:14:51,368 [e274e395-c7b6-408d-a6b4-4add6056d6d1:group-33ED13302D71:LeaderElection24] INFO  server.RaftServerConfigKeys (ConfUtils.java:logGet(43)) - raft.server.rpc.request.timeout = 3000ms (default)
2019-08-20 19:14:51,368 [e274e395-c7b6-408d-a6b4-4add6056d6d1:group-33ED13302D71:LeaderElection24] INFO  server.RaftServerConfigKeys (ConfUtils.java:logGet(43)) - raft.server.log.appender.install.snapshot.enabled = false (custom)
2019-08-20 19:14:51,368 [e274e395-c7b6-408d-a6b4-4add6056d6d1:group-33ED13302D71:LeaderElection24] INFO  impl.RoleInfo (RoleInfo.java:updateAndGet(143)) - e274e395-c7b6-408d-a6b4-4add6056d6d1: start LeaderState
2019-08-20 19:14:51,368 [e274e395-c7b6-408d-a6b4-4add6056d6d1:group-33ED13302D71:LeaderElection24] INFO  segmented.SegmentedRaftLogWorker (SegmentedRaftLogWorker.java:startLogSegment(380)) - e274e395-c7b6-408d-a6b4-4add6056d6d1-SegmentedRaftLogWorker:Storage Directory /workdir/hadoop-ozone/integration-test/target/test-dir/MiniOzoneClusterImpl-dcd12998-9865-489a-a0f8-9e63b4ee21e6/datanode-5/data/ratis/7b4a51c3-350c-4c1b-a2d0-33ed13302d71: Starting segment from index:0
2019-08-20 19:14:51,369 [e274e395-c7b6-408d-a6b4-4add6056d6d1:group-33ED13302D71:LeaderElection24] INFO  impl.RaftServerImpl (ServerState.java:setRaftConf(361)) - e274e395-c7b6-408d-a6b4-4add6056d6d1:group-33ED13302D71 set configuration 0: [e274e395-c7b6-408d-a6b4-4add6056d6d1:192.168.69.105:35007, 340027e2-c19a-4ce0-8fe2-d5928ef30461:192.168.69.105:36582, 4033865b-8d67-417a-8575-039c711fd8ba:192.168.69.105:35380], old=null at 0
2019-08-20 19:14:51,400 [grpc-default-executor-3] INFO  impl.RaftServerImpl (RaftServerImpl.java:requestVote(754)) - e274e395-c7b6-408d-a6b4-4add6056d6d1-LEADER: Withhold vote from candidate 340027e2-c19a-4ce0-8fe2-d5928ef30461 with term 1. State: leader=e274e395-c7b6-408d-a6b4-4add6056d6d1, term=1, lastRpcElapsed=null
2019-08-20 19:14:51,401 | INFO  | SCMAudit | user=jenkins1000 | ip=192.168.69.105 | op=SEND_HEARTBEAT {datanodeUUID=91ae5334-971e-44ba-ab57-2ec2dd220942, command=[]} | ret=SUCCESS |  
2019-08-20 19:14:51,402 [340027e2-c19a-4ce0-8fe2-d5928ef30461:group-33ED13302D71:LeaderElection25] INFO  impl.LeaderElection (LeaderElection.java:logAndReturn(56)) - 340027e2-c19a-4ce0-8fe2-d5928ef30461:group-33ED13302D71:LeaderElection25: Election REJECTED; received 2 response(s) [340027e2-c19a-4ce0-8fe2-d5928ef30461<-e274e395-c7b6-408d-a6b4-4add6056d6d1#0:FAIL-t1, 340027e2-c19a-4ce0-8fe2-d5928ef30461<-4033865b-8d67-417a-8575-039c711fd8ba#0:FAIL-t1] and 0 exception(s); 340027e2-c19a-4ce0-8fe2-d5928ef30461:t1, leader=null, voted=340027e2-c19a-4ce0-8fe2-d5928ef30461, raftlog=340027e2-c19a-4ce0-8fe2-d5928ef30461-SegmentedRaftLog:OPENED:c-1,f-1,i0, conf=-1: [e274e395-c7b6-408d-a6b4-4add6056d6d1:192.168.69.105:35007, 340027e2-c19a-4ce0-8fe2-d5928ef30461:192.168.69.105:36582, 4033865b-8d67-417a-8575-039c711fd8ba:192.168.69.105:35380], old=null
2019-08-20 19:14:51,402 [340027e2-c19a-4ce0-8fe2-d5928ef30461:group-33ED13302D71:LeaderElection25] INFO  impl.RaftServerImpl (RaftServerImpl.java:setRole(171)) - 340027e2-c19a-4ce0-8fe2-d5928ef30461:group-33ED13302D71 changes role from CANDIDATE to FOLLOWER at term 1 for DISCOVERED_A_NEW_TERM
2019-08-20 19:14:51,402 [340027e2-c19a-4ce0-8fe2-d5928ef30461:group-33ED13302D71:LeaderElection25] INFO  impl.RoleInfo (RoleInfo.java:shutdownLeaderElection(134)) - 340027e2-c19a-4ce0-8fe2-d5928ef30461: shutdown LeaderElection
2019-08-20 19:14:51,402 [grpc-default-executor-3] INFO  impl.RaftServerImpl (ServerState.java:setLeader(263)) - 4033865b-8d67-417a-8575-039c711fd8ba:group-33ED13302D71 change Leader from null to e274e395-c7b6-408d-a6b4-4add6056d6d1 at term 1 for appendEntries, leader elected after 5149ms
2019-08-20 19:14:51,403 [340027e2-c19a-4ce0-8fe2-d5928ef30461:group-33ED13302D71:LeaderElection25] INFO  impl.RoleInfo (RoleInfo.java:updateAndGet(143)) - 340027e2-c19a-4ce0-8fe2-d5928ef30461: start FollowerState
2019-08-20 19:14:51,403 [grpc-default-executor-4] INFO  impl.RaftServerImpl (ServerState.java:setLeader(263)) - 340027e2-c19a-4ce0-8fe2-d5928ef30461:group-33ED13302D71 change Leader from null to e274e395-c7b6-408d-a6b4-4add6056d6d1 at term 1 for appendEntries, leader elected after 5150ms
2019-08-20 19:14:51,410 [grpc-default-executor-4] INFO  impl.RaftServerImpl (ServerState.java:setRaftConf(361)) - 4033865b-8d67-417a-8575-039c711fd8ba:group-33ED13302D71 set configuration 0: [e274e395-c7b6-408d-a6b4-4add6056d6d1:192.168.69.105:35007, 340027e2-c19a-4ce0-8fe2-d5928ef30461:192.168.69.105:36582, 4033865b-8d67-417a-8575-039c711fd8ba:192.168.69.105:35380], old=null at 0
2019-08-20 19:14:51,411 [grpc-default-executor-3] INFO  impl.RaftServerImpl (ServerState.java:setRaftConf(361)) - 340027e2-c19a-4ce0-8fe2-d5928ef30461:group-33ED13302D71 set configuration 0: [e274e395-c7b6-408d-a6b4-4add6056d6d1:192.168.69.105:35007, 340027e2-c19a-4ce0-8fe2-d5928ef30461:192.168.69.105:36582, 4033865b-8d67-417a-8575-039c711fd8ba:192.168.69.105:35380], old=null at 0
2019-08-20 19:14:51,411 [grpc-default-executor-4] INFO  segmented.SegmentedRaftLogWorker (SegmentedRaftLogWorker.java:startLogSegment(380)) - 4033865b-8d67-417a-8575-039c711fd8ba-SegmentedRaftLogWorker:Storage Directory /workdir/hadoop-ozone/integration-test/target/test-dir/MiniOzoneClusterImpl-dcd12998-9865-489a-a0f8-9e63b4ee21e6/datanode-4/data/ratis/7b4a51c3-350c-4c1b-a2d0-33ed13302d71: Starting segment from index:0
2019-08-20 19:14:51,411 [grpc-default-executor-3] INFO  segmented.SegmentedRaftLogWorker (SegmentedRaftLogWorker.java:startLogSegment(380)) - 340027e2-c19a-4ce0-8fe2-d5928ef30461-SegmentedRaftLogWorker:Storage Directory /workdir/hadoop-ozone/integration-test/target/test-dir/MiniOzoneClusterImpl-dcd12998-9865-489a-a0f8-9e63b4ee21e6/datanode-3/data/ratis/7b4a51c3-350c-4c1b-a2d0-33ed13302d71: Starting segment from index:0
2019-08-20 19:14:51,413 [e274e395-c7b6-408d-a6b4-4add6056d6d1-SegmentedRaftLogWorker:Storage Directory /workdir/hadoop-ozone/integration-test/target/test-dir/MiniOzoneClusterImpl-dcd12998-9865-489a-a0f8-9e63b4ee21e6/datanode-5/data/ratis/7b4a51c3-350c-4c1b-a2d0-33ed13302d71] INFO  segmented.SegmentedRaftLogWorker (SegmentedRaftLogWorker.java:execute(569)) - e274e395-c7b6-408d-a6b4-4add6056d6d1-SegmentedRaftLogWorker:Storage Directory /workdir/hadoop-ozone/integration-test/target/test-dir/MiniOzoneClusterImpl-dcd12998-9865-489a-a0f8-9e63b4ee21e6/datanode-5/data/ratis/7b4a51c3-350c-4c1b-a2d0-33ed13302d71: created new log segment /workdir/hadoop-ozone/integration-test/target/test-dir/MiniOzoneClusterImpl-dcd12998-9865-489a-a0f8-9e63b4ee21e6/datanode-5/data/ratis/7b4a51c3-350c-4c1b-a2d0-33ed13302d71/current/log_inprogress_0
2019-08-20 19:14:51,452 [4033865b-8d67-417a-8575-039c711fd8ba-SegmentedRaftLogWorker:Storage Directory /workdir/hadoop-ozone/integration-test/target/test-dir/MiniOzoneClusterImpl-dcd12998-9865-489a-a0f8-9e63b4ee21e6/datanode-4/data/ratis/7b4a51c3-350c-4c1b-a2d0-33ed13302d71] INFO  segmented.SegmentedRaftLogWorker (SegmentedRaftLogWorker.java:execute(569)) - 4033865b-8d67-417a-8575-039c711fd8ba-SegmentedRaftLogWorker:Storage Directory /workdir/hadoop-ozone/integration-test/target/test-dir/MiniOzoneClusterImpl-dcd12998-9865-489a-a0f8-9e63b4ee21e6/datanode-4/data/ratis/7b4a51c3-350c-4c1b-a2d0-33ed13302d71: created new log segment /workdir/hadoop-ozone/integration-test/target/test-dir/MiniOzoneClusterImpl-dcd12998-9865-489a-a0f8-9e63b4ee21e6/datanode-4/data/ratis/7b4a51c3-350c-4c1b-a2d0-33ed13302d71/current/log_inprogress_0
2019-08-20 19:14:51,452 [340027e2-c19a-4ce0-8fe2-d5928ef30461-SegmentedRaftLogWorker:Storage Directory /workdir/hadoop-ozone/integration-test/target/test-dir/MiniOzoneClusterImpl-dcd12998-9865-489a-a0f8-9e63b4ee21e6/datanode-3/data/ratis/7b4a51c3-350c-4c1b-a2d0-33ed13302d71] INFO  segmented.SegmentedRaftLogWorker (SegmentedRaftLogWorker.java:execute(569)) - 340027e2-c19a-4ce0-8fe2-d5928ef30461-SegmentedRaftLogWorker:Storage Directory /workdir/hadoop-ozone/integration-test/target/test-dir/MiniOzoneClusterImpl-dcd12998-9865-489a-a0f8-9e63b4ee21e6/datanode-3/data/ratis/7b4a51c3-350c-4c1b-a2d0-33ed13302d71: created new log segment /workdir/hadoop-ozone/integration-test/target/test-dir/MiniOzoneClusterImpl-dcd12998-9865-489a-a0f8-9e63b4ee21e6/datanode-3/data/ratis/7b4a51c3-350c-4c1b-a2d0-33ed13302d71/current/log_inprogress_0
2019-08-20 19:14:51,577 | INFO  | SCMAudit | user=jenkins1000 | ip=192.168.69.105 | op=SEND_HEARTBEAT {datanodeUUID=340027e2-c19a-4ce0-8fe2-d5928ef30461, command=[]} | ret=SUCCESS |  
2019-08-20 19:14:51,579 [Thread-780] INFO  impl.FollowerState (FollowerState.java:run(106)) - 1df1583d-c3bd-46e3-b5a9-7f01f9158e7c:group-DB931C3FC26F changes to CANDIDATE, lastRpcTime:5189, electionTimeout:5189ms
2019-08-20 19:14:51,579 [Thread-780] INFO  impl.RoleInfo (RoleInfo.java:shutdownFollowerState(121)) - 1df1583d-c3bd-46e3-b5a9-7f01f9158e7c: shutdown FollowerState
2019-08-20 19:14:51,579 [Thread-780] INFO  impl.RaftServerImpl (RaftServerImpl.java:setRole(171)) - 1df1583d-c3bd-46e3-b5a9-7f01f9158e7c:group-DB931C3FC26F changes role from FOLLOWER to CANDIDATE at term 0 for changeToCandidate
2019-08-20 19:14:51,579 [Thread-780] INFO  impl.RoleInfo (RoleInfo.java:updateAndGet(143)) - 1df1583d-c3bd-46e3-b5a9-7f01f9158e7c: start LeaderElection
2019-08-20 19:14:51,914 | INFO  | SCMAudit | user=jenkins1000 | ip=192.168.69.105 | op=SEND_HEARTBEAT {datanodeUUID=4033865b-8d67-417a-8575-039c711fd8ba, command=[]} | ret=SUCCESS |  
2019-08-20 19:14:51,960 | INFO  | SCMAudit | user=jenkins1000 | ip=192.168.69.105 | op=SEND_HEARTBEAT {datanodeUUID=16f059df-d226-4022-8e81-046858cbfecb, command=[]} | ret=SUCCESS |  
2019-08-20 19:14:52,120 | INFO  | SCMAudit | user=jenkins1000 | ip=192.168.69.105 | op=SEND_HEARTBEAT {datanodeUUID=e274e395-c7b6-408d-a6b4-4add6056d6d1, command=[]} | ret=SUCCESS |  
2019-08-20 19:14:52,175 | INFO  | SCMAudit | user=jenkins1000 | ip=192.168.69.105 | op=SEND_HEARTBEAT {datanodeUUID=e4f90e61-f3c9-4b9d-bc15-ac0e2b79db86, command=[]} | ret=SUCCESS |  
2019-08-20 19:14:52,334 | INFO  | SCMAudit | user=jenkins1000 | ip=192.168.69.105 | op=SEND_HEARTBEAT {datanodeUUID=1df1583d-c3bd-46e3-b5a9-7f01f9158e7c, command=[]} | ret=SUCCESS |  
2019-08-20 19:14:52,401 | INFO  | SCMAudit | user=jenkins1000 | ip=192.168.69.105 | op=SEND_HEARTBEAT {datanodeUUID=91ae5334-971e-44ba-ab57-2ec2dd220942, command=[]} | ret=SUCCESS |  
2019-08-20 19:14:52,577 | INFO  | SCMAudit | user=jenkins1000 | ip=192.168.69.105 | op=SEND_HEARTBEAT {datanodeUUID=340027e2-c19a-4ce0-8fe2-d5928ef30461, command=[]} | ret=SUCCESS |  
2019-08-20 19:14:52,914 | INFO  | SCMAudit | user=jenkins1000 | ip=192.168.69.105 | op=SEND_HEARTBEAT {datanodeUUID=4033865b-8d67-417a-8575-039c711fd8ba, command=[]} | ret=SUCCESS |  
2019-08-20 19:14:52,959 | INFO  | SCMAudit | user=jenkins1000 | ip=192.168.69.105 | op=SEND_HEARTBEAT {datanodeUUID=16f059df-d226-4022-8e81-046858cbfecb, command=[]} | ret=SUCCESS |  
2019-08-20 19:14:53,121 | INFO  | SCMAudit | user=jenkins1000 | ip=192.168.69.105 | op=SEND_HEARTBEAT {datanodeUUID=e274e395-c7b6-408d-a6b4-4add6056d6d1, command=[]} | ret=SUCCESS |  
2019-08-20 19:14:53,175 | INFO  | SCMAudit | user=jenkins1000 | ip=192.168.69.105 | op=SEND_HEARTBEAT {datanodeUUID=e4f90e61-f3c9-4b9d-bc15-ac0e2b79db86, command=[]} | ret=SUCCESS |  
2019-08-20 19:14:53,334 | INFO  | SCMAudit | user=jenkins1000 | ip=192.168.69.105 | op=SEND_HEARTBEAT {datanodeUUID=1df1583d-c3bd-46e3-b5a9-7f01f9158e7c, command=[]} | ret=SUCCESS |  
2019-08-20 19:14:53,401 | INFO  | SCMAudit | user=jenkins1000 | ip=192.168.69.105 | op=SEND_HEARTBEAT {datanodeUUID=91ae5334-971e-44ba-ab57-2ec2dd220942, command=[]} | ret=SUCCESS |  
2019-08-20 19:14:53,576 | INFO  | SCMAudit | user=jenkins1000 | ip=192.168.69.105 | op=SEND_HEARTBEAT {datanodeUUID=340027e2-c19a-4ce0-8fe2-d5928ef30461, command=[]} | ret=SUCCESS |  
2019-08-20 19:14:53,914 | INFO  | SCMAudit | user=jenkins1000 | ip=192.168.69.105 | op=SEND_HEARTBEAT {datanodeUUID=4033865b-8d67-417a-8575-039c711fd8ba, command=[]} | ret=SUCCESS |  
2019-08-20 19:14:53,960 | INFO  | SCMAudit | user=jenkins1000 | ip=192.168.69.105 | op=SEND_HEARTBEAT {datanodeUUID=16f059df-d226-4022-8e81-046858cbfecb, command=[]} | ret=SUCCESS |  
2019-08-20 19:14:54,121 | INFO  | SCMAudit | user=jenkins1000 | ip=192.168.69.105 | op=SEND_HEARTBEAT {datanodeUUID=e274e395-c7b6-408d-a6b4-4add6056d6d1, command=[]} | ret=SUCCESS |  
2019-08-20 19:14:54,174 | INFO  | SCMAudit | user=jenkins1000 | ip=192.168.69.105 | op=SEND_HEARTBEAT {datanodeUUID=e4f90e61-f3c9-4b9d-bc15-ac0e2b79db86, command=[]} | ret=SUCCESS |  
2019-08-20 19:14:54,333 | INFO  | SCMAudit | user=jenkins1000 | ip=192.168.69.105 | op=SEND_HEARTBEAT {datanodeUUID=1df1583d-c3bd-46e3-b5a9-7f01f9158e7c, command=[]} | ret=SUCCESS |  
2019-08-20 19:14:54,402 | INFO  | SCMAudit | user=jenkins1000 | ip=192.168.69.105 | op=SEND_HEARTBEAT {datanodeUUID=91ae5334-971e-44ba-ab57-2ec2dd220942, command=[]} | ret=SUCCESS |  
2019-08-20 19:14:54,576 | INFO  | SCMAudit | user=jenkins1000 | ip=192.168.69.105 | op=SEND_HEARTBEAT {datanodeUUID=340027e2-c19a-4ce0-8fe2-d5928ef30461, command=[]} | ret=SUCCESS |  
2019-08-20 19:14:54,914 | INFO  | SCMAudit | user=jenkins1000 | ip=192.168.69.105 | op=SEND_HEARTBEAT {datanodeUUID=4033865b-8d67-417a-8575-039c711fd8ba, command=[]} | ret=SUCCESS |  
2019-08-20 19:14:54,960 | INFO  | SCMAudit | user=jenkins1000 | ip=192.168.69.105 | op=SEND_HEARTBEAT {datanodeUUID=16f059df-d226-4022-8e81-046858cbfecb, command=[]} | ret=SUCCESS |  
2019-08-20 19:14:55,121 | INFO  | SCMAudit | user=jenkins1000 | ip=192.168.69.105 | op=SEND_HEARTBEAT {datanodeUUID=e274e395-c7b6-408d-a6b4-4add6056d6d1, command=[]} | ret=SUCCESS |  
2019-08-20 19:14:55,175 | INFO  | SCMAudit | user=jenkins1000 | ip=192.168.69.105 | op=SEND_HEARTBEAT {datanodeUUID=e4f90e61-f3c9-4b9d-bc15-ac0e2b79db86, command=[]} | ret=SUCCESS |  
2019-08-20 19:14:55,333 | INFO  | SCMAudit | user=jenkins1000 | ip=192.168.69.105 | op=SEND_HEARTBEAT {datanodeUUID=1df1583d-c3bd-46e3-b5a9-7f01f9158e7c, command=[]} | ret=SUCCESS |  
2019-08-20 19:14:55,402 | INFO  | SCMAudit | user=jenkins1000 | ip=192.168.69.105 | op=SEND_HEARTBEAT {datanodeUUID=91ae5334-971e-44ba-ab57-2ec2dd220942, command=[]} | ret=SUCCESS |  
2019-08-20 19:14:55,577 | INFO  | SCMAudit | user=jenkins1000 | ip=192.168.69.105 | op=SEND_HEARTBEAT {datanodeUUID=340027e2-c19a-4ce0-8fe2-d5928ef30461, command=[]} | ret=SUCCESS |  
2019-08-20 19:14:55,626 [1df1583d-c3bd-46e3-b5a9-7f01f9158e7c:group-DB931C3FC26F:LeaderElection26] INFO  impl.LeaderElection (LeaderElection.java:askForVotes(181)) - 1df1583d-c3bd-46e3-b5a9-7f01f9158e7c:group-DB931C3FC26F:LeaderElection26: begin an election at term 1 for -1: [1df1583d-c3bd-46e3-b5a9-7f01f9158e7c:192.168.69.105:38948], old=null
2019-08-20 19:14:55,626 [1df1583d-c3bd-46e3-b5a9-7f01f9158e7c:group-DB931C3FC26F:LeaderElection26] INFO  impl.RoleInfo (RoleInfo.java:shutdownLeaderElection(134)) - 1df1583d-c3bd-46e3-b5a9-7f01f9158e7c: shutdown LeaderElection
2019-08-20 19:14:55,626 [1df1583d-c3bd-46e3-b5a9-7f01f9158e7c:group-DB931C3FC26F:LeaderElection26] INFO  impl.RaftServerImpl (RaftServerImpl.java:setRole(171)) - 1df1583d-c3bd-46e3-b5a9-7f01f9158e7c:group-DB931C3FC26F changes role from CANDIDATE to LEADER at term 1 for changeToLeader
2019-08-20 19:14:55,626 [1df1583d-c3bd-46e3-b5a9-7f01f9158e7c:group-DB931C3FC26F:LeaderElection26] INFO  impl.RaftServerImpl (ServerState.java:setLeader(263)) - 1df1583d-c3bd-46e3-b5a9-7f01f9158e7c:group-DB931C3FC26F change Leader from null to 1df1583d-c3bd-46e3-b5a9-7f01f9158e7c at term 1 for becomeLeader, leader elected after 9240ms
2019-08-20 19:14:55,636 [1df1583d-c3bd-46e3-b5a9-7f01f9158e7c:group-DB931C3FC26F:LeaderElection26] INFO  server.RaftServerConfigKeys (ConfUtils.java:logGet(43)) - raft.server.staging.catchup.gap = 1000 (default)
2019-08-20 19:14:55,637 [1df1583d-c3bd-46e3-b5a9-7f01f9158e7c:group-DB931C3FC26F:LeaderElection26] INFO  server.RaftServerConfigKeys (ConfUtils.java:logGet(43)) - raft.server.rpc.sleep.time = 25ms (default)
2019-08-20 19:14:55,637 [1df1583d-c3bd-46e3-b5a9-7f01f9158e7c:group-DB931C3FC26F:LeaderElection26] INFO  server.RaftServerConfigKeys (ConfUtils.java:logGet(43)) - raft.server.write.element-limit = 4096 (default)
2019-08-20 19:14:55,637 [1df1583d-c3bd-46e3-b5a9-7f01f9158e7c:group-DB931C3FC26F:LeaderElection26] INFO  server.RaftServerConfigKeys (ConfUtils.java:logGet(43)) - raft.server.watch.timeout = 10s (default)
2019-08-20 19:14:55,637 [1df1583d-c3bd-46e3-b5a9-7f01f9158e7c:group-DB931C3FC26F:LeaderElection26] INFO  server.RaftServerConfigKeys (ConfUtils.java:logGet(43)) - raft.server.watch.timeout.denomination = 1s (default)
2019-08-20 19:14:55,637 [1df1583d-c3bd-46e3-b5a9-7f01f9158e7c:group-DB931C3FC26F:LeaderElection26] INFO  server.RaftServerConfigKeys (ConfUtils.java:logGet(43)) - raft.server.watch.element-limit = 65536 (default)
2019-08-20 19:14:55,638 [1df1583d-c3bd-46e3-b5a9-7f01f9158e7c:group-DB931C3FC26F:LeaderElection26] INFO  impl.RoleInfo (RoleInfo.java:updateAndGet(143)) - 1df1583d-c3bd-46e3-b5a9-7f01f9158e7c: start LeaderState
2019-08-20 19:14:55,638 [1df1583d-c3bd-46e3-b5a9-7f01f9158e7c:group-DB931C3FC26F:LeaderElection26] INFO  segmented.SegmentedRaftLogWorker (SegmentedRaftLogWorker.java:startLogSegment(380)) - 1df1583d-c3bd-46e3-b5a9-7f01f9158e7c-SegmentedRaftLogWorker:Storage Directory /workdir/hadoop-ozone/integration-test/target/test-dir/MiniOzoneClusterImpl-dcd12998-9865-489a-a0f8-9e63b4ee21e6/datanode-6/data/ratis/a6e513f2-e351-43d4-8d38-db931c3fc26f: Starting segment from index:0
2019-08-20 19:14:55,639 [1df1583d-c3bd-46e3-b5a9-7f01f9158e7c:group-DB931C3FC26F:LeaderElection26] INFO  impl.RaftServerImpl (ServerState.java:setRaftConf(361)) - 1df1583d-c3bd-46e3-b5a9-7f01f9158e7c:group-DB931C3FC26F set configuration 0: [1df1583d-c3bd-46e3-b5a9-7f01f9158e7c:192.168.69.105:38948], old=null at 0
2019-08-20 19:14:55,685 [1df1583d-c3bd-46e3-b5a9-7f01f9158e7c-SegmentedRaftLogWorker:Storage Directory /workdir/hadoop-ozone/integration-test/target/test-dir/MiniOzoneClusterImpl-dcd12998-9865-489a-a0f8-9e63b4ee21e6/datanode-6/data/ratis/a6e513f2-e351-43d4-8d38-db931c3fc26f] INFO  segmented.SegmentedRaftLogWorker (SegmentedRaftLogWorker.java:execute(569)) - 1df1583d-c3bd-46e3-b5a9-7f01f9158e7c-SegmentedRaftLogWorker:Storage Directory /workdir/hadoop-ozone/integration-test/target/test-dir/MiniOzoneClusterImpl-dcd12998-9865-489a-a0f8-9e63b4ee21e6/datanode-6/data/ratis/a6e513f2-e351-43d4-8d38-db931c3fc26f: created new log segment /workdir/hadoop-ozone/integration-test/target/test-dir/MiniOzoneClusterImpl-dcd12998-9865-489a-a0f8-9e63b4ee21e6/datanode-6/data/ratis/a6e513f2-e351-43d4-8d38-db931c3fc26f/current/log_inprogress_0
2019-08-20 19:14:55,713 | INFO  | DNAudit | user=null | ip=null | op=CREATE_CONTAINER {containerID=1, containerType=KeyValueContainer} | ret=SUCCESS |  
2019-08-20 19:14:55,713 | INFO  | DNAudit | user=null | ip=null | op=CREATE_CONTAINER {containerID=1, containerType=KeyValueContainer} | ret=SUCCESS |  
2019-08-20 19:14:55,713 | INFO  | DNAudit | user=null | ip=null | op=CREATE_CONTAINER {containerID=1, containerType=KeyValueContainer} | ret=SUCCESS |  
2019-08-20 19:14:55,719 | INFO  | SCMAudit | user=jenkins1000 | ip=192.168.69.105 | op=SEND_HEARTBEAT {datanodeUUID=e4f90e61-f3c9-4b9d-bc15-ac0e2b79db86, command=[]} | ret=SUCCESS |  
2019-08-20 19:14:55,719 | INFO  | SCMAudit | user=jenkins1000 | ip=192.168.69.105 | op=SEND_HEARTBEAT {datanodeUUID=91ae5334-971e-44ba-ab57-2ec2dd220942, command=[]} | ret=SUCCESS |  
2019-08-20 19:14:55,720 | INFO  | SCMAudit | user=jenkins1000 | ip=192.168.69.105 | op=SEND_HEARTBEAT {datanodeUUID=16f059df-d226-4022-8e81-046858cbfecb, command=[]} | ret=SUCCESS |  
2019-08-20 19:14:55,913 | INFO  | SCMAudit | user=jenkins1000 | ip=192.168.69.105 | op=SEND_HEARTBEAT {datanodeUUID=4033865b-8d67-417a-8575-039c711fd8ba, command=[]} | ret=SUCCESS |  
2019-08-20 19:14:56,121 | INFO  | SCMAudit | user=jenkins1000 | ip=192.168.69.105 | op=SEND_HEARTBEAT {datanodeUUID=e274e395-c7b6-408d-a6b4-4add6056d6d1, command=[]} | ret=SUCCESS |  
2019-08-20 19:14:56,334 | INFO  | SCMAudit | user=jenkins1000 | ip=192.168.69.105 | op=SEND_HEARTBEAT {datanodeUUID=1df1583d-c3bd-46e3-b5a9-7f01f9158e7c, command=[]} | ret=SUCCESS |  
2019-08-20 19:14:56,523 [grpc-default-executor-3] INFO  client.GrpcClientProtocolClient (GrpcClientProtocolClient.java:onNext(255)) - client-8301E8A5B94A->e4f90e61-f3c9-4b9d-bc15-ac0e2b79db86: receive RaftClientReply:client-8301E8A5B94A->e4f90e61-f3c9-4b9d-bc15-ac0e2b79db86@group-782B390D3D40, cid=42, FAILED org.apache.ratis.protocol.NotLeaderException: Server e4f90e61-f3c9-4b9d-bc15-ac0e2b79db86 is not the leader (16f059df-d226-4022-8e81-046858cbfecb:192.168.69.105:37581). Request must be sent to leader., logIndex=0, commits[e4f90e61-f3c9-4b9d-bc15-ac0e2b79db86:c2, 16f059df-d226-4022-8e81-046858cbfecb:c2, 91ae5334-971e-44ba-ab57-2ec2dd220942:c2]
2019-08-20 19:14:56,541 [grpc-default-executor-3] INFO  client.GrpcClientProtocolClient (GrpcClientProtocolClient.java:onNext(255)) - client-8301E8A5B94A->16f059df-d226-4022-8e81-046858cbfecb: receive RaftClientReply:client-8301E8A5B94A->16f059df-d226-4022-8e81-046858cbfecb@group-782B390D3D40, cid=42, SUCCESS, logIndex=1, commits[16f059df-d226-4022-8e81-046858cbfecb:c2, e4f90e61-f3c9-4b9d-bc15-ac0e2b79db86:c2, 91ae5334-971e-44ba-ab57-2ec2dd220942:c2]
2019-08-20 19:14:56,579 | INFO  | SCMAudit | user=jenkins1000 | ip=192.168.69.105 | op=SEND_HEARTBEAT {datanodeUUID=340027e2-c19a-4ce0-8fe2-d5928ef30461, command=[]} | ret=SUCCESS |  
2019-08-20 19:14:56,701 | INFO  | DNAudit | user=null | ip=null | op=CREATE_CONTAINER {containerID=2, containerType=KeyValueContainer} | ret=SUCCESS |  
2019-08-20 19:14:56,704 | INFO  | SCMAudit | user=jenkins1000 | ip=192.168.69.105 | op=SEND_HEARTBEAT {datanodeUUID=16f059df-d226-4022-8e81-046858cbfecb, command=[]} | ret=SUCCESS |  
2019-08-20 19:14:56,707 [grpc-default-executor-4] INFO  client.GrpcClientProtocolClient (GrpcClientProtocolClient.java:onNext(255)) - client-8301E8A5B94A->16f059df-d226-4022-8e81-046858cbfecb: receive RaftClientReply:client-8301E8A5B94A->16f059df-d226-4022-8e81-046858cbfecb@group-782B390D3D40, cid=43, SUCCESS, logIndex=3, commits[16f059df-d226-4022-8e81-046858cbfecb:c4, e4f90e61-f3c9-4b9d-bc15-ac0e2b79db86:c3, 91ae5334-971e-44ba-ab57-2ec2dd220942:c3]
2019-08-20 19:14:56,712 | INFO  | SCMAudit | user=jenkins1000 | ip=192.168.69.105 | op=SEND_HEARTBEAT {datanodeUUID=e4f90e61-f3c9-4b9d-bc15-ac0e2b79db86, command=[]} | ret=SUCCESS |  
2019-08-20 19:14:56,713 | INFO  | SCMAudit | user=jenkins1000 | ip=192.168.69.105 | op=SEND_HEARTBEAT {datanodeUUID=91ae5334-971e-44ba-ab57-2ec2dd220942, command=[]} | ret=SUCCESS |  
2019-08-20 19:14:56,723 | INFO  | DNAudit | user=null | ip=null | op=CREATE_CONTAINER {containerID=2, containerType=KeyValueContainer} | ret=SUCCESS |  
2019-08-20 19:14:56,723 | INFO  | DNAudit | user=null | ip=null | op=CREATE_CONTAINER {containerID=2, containerType=KeyValueContainer} | ret=SUCCESS |  
2019-08-20 19:14:56,727 | INFO  | SCMAudit | user=jenkins1000 | ip=192.168.69.105 | op=SEND_HEARTBEAT {datanodeUUID=91ae5334-971e-44ba-ab57-2ec2dd220942, command=[]} | ret=SUCCESS |  
2019-08-20 19:14:56,727 | INFO  | SCMAudit | user=jenkins1000 | ip=192.168.69.105 | op=SEND_HEARTBEAT {datanodeUUID=e4f90e61-f3c9-4b9d-bc15-ac0e2b79db86, command=[]} | ret=SUCCESS |  
2019-08-20 19:14:56,832 | INFO  | DNAudit | user=null | ip=null | op=CREATE_CONTAINER {containerID=3, containerType=KeyValueContainer} | ret=SUCCESS |  
2019-08-20 19:14:56,833 | INFO  | SCMAudit | user=jenkins1000 | ip=192.168.69.105 | op=SEND_HEARTBEAT {datanodeUUID=16f059df-d226-4022-8e81-046858cbfecb, command=[]} | ret=SUCCESS |  
2019-08-20 19:14:56,834 [grpc-default-executor-3] INFO  client.GrpcClientProtocolClient (GrpcClientProtocolClient.java:onNext(255)) - client-8301E8A5B94A->16f059df-d226-4022-8e81-046858cbfecb: receive RaftClientReply:client-8301E8A5B94A->16f059df-d226-4022-8e81-046858cbfecb@group-782B390D3D40, cid=44, SUCCESS, logIndex=5, commits[16f059df-d226-4022-8e81-046858cbfecb:c6, e4f90e61-f3c9-4b9d-bc15-ac0e2b79db86:c5, 91ae5334-971e-44ba-ab57-2ec2dd220942:c5]
2019-08-20 19:14:56,850 | INFO  | DNAudit | user=null | ip=null | op=CREATE_CONTAINER {containerID=3, containerType=KeyValueContainer} | ret=SUCCESS |  
2019-08-20 19:14:56,851 | INFO  | DNAudit | user=null | ip=null | op=CREATE_CONTAINER {containerID=3, containerType=KeyValueContainer} | ret=SUCCESS |  
2019-08-20 19:14:56,852 | INFO  | SCMAudit | user=jenkins1000 | ip=192.168.69.105 | op=SEND_HEARTBEAT {datanodeUUID=e4f90e61-f3c9-4b9d-bc15-ac0e2b79db86, command=[]} | ret=SUCCESS |  
2019-08-20 19:14:56,852 | INFO  | SCMAudit | user=jenkins1000 | ip=192.168.69.105 | op=SEND_HEARTBEAT {datanodeUUID=91ae5334-971e-44ba-ab57-2ec2dd220942, command=[]} | ret=SUCCESS |  
2019-08-20 19:14:56,914 | INFO  | SCMAudit | user=jenkins1000 | ip=192.168.69.105 | op=SEND_HEARTBEAT {datanodeUUID=4033865b-8d67-417a-8575-039c711fd8ba, command=[]} | ret=SUCCESS |  
2019-08-20 19:14:57,121 | INFO  | SCMAudit | user=jenkins1000 | ip=192.168.69.105 | op=SEND_HEARTBEAT {datanodeUUID=e274e395-c7b6-408d-a6b4-4add6056d6d1, command=[]} | ret=SUCCESS |  
2019-08-20 19:14:57,333 | INFO  | SCMAudit | user=jenkins1000 | ip=192.168.69.105 | op=SEND_HEARTBEAT {datanodeUUID=1df1583d-c3bd-46e3-b5a9-7f01f9158e7c, command=[]} | ret=SUCCESS |  
2019-08-20 19:14:57,577 | INFO  | SCMAudit | user=jenkins1000 | ip=192.168.69.105 | op=SEND_HEARTBEAT {datanodeUUID=340027e2-c19a-4ce0-8fe2-d5928ef30461, command=[]} | ret=SUCCESS |  
2019-08-20 19:14:57,833 | INFO  | SCMAudit | user=jenkins1000 | ip=192.168.69.105 | op=SEND_HEARTBEAT {datanodeUUID=16f059df-d226-4022-8e81-046858cbfecb, command=[]} | ret=SUCCESS |  
2019-08-20 19:14:57,851 | INFO  | SCMAudit | user=jenkins1000 | ip=192.168.69.105 | op=SEND_HEARTBEAT {datanodeUUID=e4f90e61-f3c9-4b9d-bc15-ac0e2b79db86, command=[]} | ret=SUCCESS |  
2019-08-20 19:14:57,851 | INFO  | SCMAudit | user=jenkins1000 | ip=192.168.69.105 | op=SEND_HEARTBEAT {datanodeUUID=91ae5334-971e-44ba-ab57-2ec2dd220942, command=[]} | ret=SUCCESS |  
2019-08-20 19:14:57,913 | INFO  | SCMAudit | user=jenkins1000 | ip=192.168.69.105 | op=SEND_HEARTBEAT {datanodeUUID=4033865b-8d67-417a-8575-039c711fd8ba, command=[]} | ret=SUCCESS |  
2019-08-20 19:14:58,121 | INFO  | SCMAudit | user=jenkins1000 | ip=192.168.69.105 | op=SEND_HEARTBEAT {datanodeUUID=e274e395-c7b6-408d-a6b4-4add6056d6d1, command=[]} | ret=SUCCESS |  
2019-08-20 19:14:58,334 | INFO  | SCMAudit | user=jenkins1000 | ip=192.168.69.105 | op=SEND_HEARTBEAT {datanodeUUID=1df1583d-c3bd-46e3-b5a9-7f01f9158e7c, command=[]} | ret=SUCCESS |  
2019-08-20 19:14:58,577 | INFO  | SCMAudit | user=jenkins1000 | ip=192.168.69.105 | op=SEND_HEARTBEAT {datanodeUUID=340027e2-c19a-4ce0-8fe2-d5928ef30461, command=[]} | ret=SUCCESS |  
2019-08-20 19:14:58,833 | INFO  | SCMAudit | user=jenkins1000 | ip=192.168.69.105 | op=SEND_HEARTBEAT {datanodeUUID=16f059df-d226-4022-8e81-046858cbfecb, command=[]} | ret=SUCCESS |  
2019-08-20 19:14:58,851 | INFO  | SCMAudit | user=jenkins1000 | ip=192.168.69.105 | op=SEND_HEARTBEAT {datanodeUUID=91ae5334-971e-44ba-ab57-2ec2dd220942, command=[]} | ret=SUCCESS |  
2019-08-20 19:14:58,851 | INFO  | SCMAudit | user=jenkins1000 | ip=192.168.69.105 | op=SEND_HEARTBEAT {datanodeUUID=e4f90e61-f3c9-4b9d-bc15-ac0e2b79db86, command=[]} | ret=SUCCESS |  
2019-08-20 19:14:58,914 | INFO  | SCMAudit | user=jenkins1000 | ip=192.168.69.105 | op=SEND_HEARTBEAT {datanodeUUID=4033865b-8d67-417a-8575-039c711fd8ba, command=[]} | ret=SUCCESS |  
2019-08-20 19:14:59,120 | INFO  | SCMAudit | user=jenkins1000 | ip=192.168.69.105 | op=SEND_HEARTBEAT {datanodeUUID=e274e395-c7b6-408d-a6b4-4add6056d6d1, command=[]} | ret=SUCCESS |  
2019-08-20 19:14:59,334 | INFO  | SCMAudit | user=jenkins1000 | ip=192.168.69.105 | op=SEND_HEARTBEAT {datanodeUUID=1df1583d-c3bd-46e3-b5a9-7f01f9158e7c, command=[]} | ret=SUCCESS |  
2019-08-20 19:14:59,577 | INFO  | SCMAudit | user=jenkins1000 | ip=192.168.69.105 | op=SEND_HEARTBEAT {datanodeUUID=340027e2-c19a-4ce0-8fe2-d5928ef30461, command=[]} | ret=SUCCESS |  
2019-08-20 19:14:59,832 | INFO  | SCMAudit | user=jenkins1000 | ip=192.168.69.105 | op=SEND_HEARTBEAT {datanodeUUID=16f059df-d226-4022-8e81-046858cbfecb, command=[]} | ret=SUCCESS |  
2019-08-20 19:14:59,851 | INFO  | SCMAudit | user=jenkins1000 | ip=192.168.69.105 | op=SEND_HEARTBEAT {datanodeUUID=91ae5334-971e-44ba-ab57-2ec2dd220942, command=[]} | ret=SUCCESS |  
2019-08-20 19:14:59,851 | INFO  | SCMAudit | user=jenkins1000 | ip=192.168.69.105 | op=SEND_HEARTBEAT {datanodeUUID=e4f90e61-f3c9-4b9d-bc15-ac0e2b79db86, command=[]} | ret=SUCCESS |  
2019-08-20 19:14:59,914 | INFO  | SCMAudit | user=jenkins1000 | ip=192.168.69.105 | op=SEND_HEARTBEAT {datanodeUUID=4033865b-8d67-417a-8575-039c711fd8ba, command=[]} | ret=SUCCESS |  
2019-08-20 19:15:00,120 | INFO  | SCMAudit | user=jenkins1000 | ip=192.168.69.105 | op=SEND_HEARTBEAT {datanodeUUID=e274e395-c7b6-408d-a6b4-4add6056d6d1, command=[]} | ret=SUCCESS |  
2019-08-20 19:15:00,335 | INFO  | SCMAudit | user=jenkins1000 | ip=192.168.69.105 | op=SEND_HEARTBEAT {datanodeUUID=1df1583d-c3bd-46e3-b5a9-7f01f9158e7c, command=[]} | ret=SUCCESS |  
2019-08-20 19:15:00,578 | INFO  | SCMAudit | user=jenkins1000 | ip=192.168.69.105 | op=SEND_HEARTBEAT {datanodeUUID=340027e2-c19a-4ce0-8fe2-d5928ef30461, command=[]} | ret=SUCCESS |  
2019-08-20 19:15:00,832 | INFO  | SCMAudit | user=jenkins1000 | ip=192.168.69.105 | op=SEND_HEARTBEAT {datanodeUUID=16f059df-d226-4022-8e81-046858cbfecb, command=[]} | ret=SUCCESS |  
2019-08-20 19:15:00,852 | INFO  | SCMAudit | user=jenkins1000 | ip=192.168.69.105 | op=SEND_HEARTBEAT {datanodeUUID=e4f90e61-f3c9-4b9d-bc15-ac0e2b79db86, command=[]} | ret=SUCCESS |  
2019-08-20 19:15:00,852 | INFO  | SCMAudit | user=jenkins1000 | ip=192.168.69.105 | op=SEND_HEARTBEAT {datanodeUUID=91ae5334-971e-44ba-ab57-2ec2dd220942, command=[]} | ret=SUCCESS |  
2019-08-20 19:15:00,915 | INFO  | SCMAudit | user=jenkins1000 | ip=192.168.69.105 | op=SEND_HEARTBEAT {datanodeUUID=4033865b-8d67-417a-8575-039c711fd8ba, command=[]} | ret=SUCCESS |  
2019-08-20 19:15:01,120 | INFO  | SCMAudit | user=jenkins1000 | ip=192.168.69.105 | op=SEND_HEARTBEAT {datanodeUUID=e274e395-c7b6-408d-a6b4-4add6056d6d1, command=[]} | ret=SUCCESS |  
2019-08-20 19:15:01,335 | INFO  | SCMAudit | user=jenkins1000 | ip=192.168.69.105 | op=SEND_HEARTBEAT {datanodeUUID=1df1583d-c3bd-46e3-b5a9-7f01f9158e7c, command=[]} | ret=SUCCESS |  
2019-08-20 19:15:01,577 | INFO  | SCMAudit | user=jenkins1000 | ip=192.168.69.105 | op=SEND_HEARTBEAT {datanodeUUID=340027e2-c19a-4ce0-8fe2-d5928ef30461, command=[]} | ret=SUCCESS |  
2019-08-20 19:15:01,833 | INFO  | SCMAudit | user=jenkins1000 | ip=192.168.69.105 | op=SEND_HEARTBEAT {datanodeUUID=16f059df-d226-4022-8e81-046858cbfecb, command=[]} | ret=SUCCESS |  
2019-08-20 19:15:01,851 | INFO  | SCMAudit | user=jenkins1000 | ip=192.168.69.105 | op=SEND_HEARTBEAT {datanodeUUID=91ae5334-971e-44ba-ab57-2ec2dd220942, command=[]} | ret=SUCCESS |  
2019-08-20 19:15:01,851 | INFO  | SCMAudit | user=jenkins1000 | ip=192.168.69.105 | op=SEND_HEARTBEAT {datanodeUUID=e4f90e61-f3c9-4b9d-bc15-ac0e2b79db86, command=[]} | ret=SUCCESS |  
2019-08-20 19:15:01,858 [grpc-default-executor-3] INFO  client.GrpcClientProtocolClient (GrpcClientProtocolClient.java:onNext(255)) - client-8301E8A5B94A->e4f90e61-f3c9-4b9d-bc15-ac0e2b79db86: receive RaftClientReply:client-8301E8A5B94A->e4f90e61-f3c9-4b9d-bc15-ac0e2b79db86@group-782B390D3D40, cid=45, FAILED org.apache.ratis.protocol.NotLeaderException: Server e4f90e61-f3c9-4b9d-bc15-ac0e2b79db86 is not the leader (16f059df-d226-4022-8e81-046858cbfecb:192.168.69.105:37581). Request must be sent to leader., logIndex=0, commits[e4f90e61-f3c9-4b9d-bc15-ac0e2b79db86:c8, 16f059df-d226-4022-8e81-046858cbfecb:c8, 91ae5334-971e-44ba-ab57-2ec2dd220942:c7]
2019-08-20 19:15:01,915 | INFO  | SCMAudit | user=jenkins1000 | ip=192.168.69.105 | op=SEND_HEARTBEAT {datanodeUUID=4033865b-8d67-417a-8575-039c711fd8ba, command=[]} | ret=SUCCESS |  
2019-08-20 19:15:02,121 | INFO  | SCMAudit | user=jenkins1000 | ip=192.168.69.105 | op=SEND_HEARTBEAT {datanodeUUID=e274e395-c7b6-408d-a6b4-4add6056d6d1, command=[]} | ret=SUCCESS |  
2019-08-20 19:15:02,334 | INFO  | SCMAudit | user=jenkins1000 | ip=192.168.69.105 | op=SEND_HEARTBEAT {datanodeUUID=1df1583d-c3bd-46e3-b5a9-7f01f9158e7c, command=[]} | ret=SUCCESS |  
2019-08-20 19:15:02,578 | INFO  | SCMAudit | user=jenkins1000 | ip=192.168.69.105 | op=SEND_HEARTBEAT {datanodeUUID=340027e2-c19a-4ce0-8fe2-d5928ef30461, command=[]} | ret=SUCCESS |  
2019-08-20 19:15:02,832 | INFO  | SCMAudit | user=jenkins1000 | ip=192.168.69.105 | op=SEND_HEARTBEAT {datanodeUUID=16f059df-d226-4022-8e81-046858cbfecb, command=[]} | ret=SUCCESS |  
2019-08-20 19:15:02,852 | INFO  | SCMAudit | user=jenkins1000 | ip=192.168.69.105 | op=SEND_HEARTBEAT {datanodeUUID=e4f90e61-f3c9-4b9d-bc15-ac0e2b79db86, command=[]} | ret=SUCCESS |  
2019-08-20 19:15:02,852 | INFO  | SCMAudit | user=jenkins1000 | ip=192.168.69.105 | op=SEND_HEARTBEAT {datanodeUUID=91ae5334-971e-44ba-ab57-2ec2dd220942, command=[]} | ret=SUCCESS |  
2019-08-20 19:15:02,916 | INFO  | SCMAudit | user=jenkins1000 | ip=192.168.69.105 | op=SEND_HEARTBEAT {datanodeUUID=4033865b-8d67-417a-8575-039c711fd8ba, command=[]} | ret=SUCCESS |  
2019-08-20 19:15:03,121 | INFO  | SCMAudit | user=jenkins1000 | ip=192.168.69.105 | op=SEND_HEARTBEAT {datanodeUUID=e274e395-c7b6-408d-a6b4-4add6056d6d1, command=[]} | ret=SUCCESS |  
2019-08-20 19:15:03,334 | INFO  | SCMAudit | user=jenkins1000 | ip=192.168.69.105 | op=SEND_HEARTBEAT {datanodeUUID=1df1583d-c3bd-46e3-b5a9-7f01f9158e7c, command=[]} | ret=SUCCESS |  
2019-08-20 19:15:03,579 | INFO  | SCMAudit | user=jenkins1000 | ip=192.168.69.105 | op=SEND_HEARTBEAT {datanodeUUID=340027e2-c19a-4ce0-8fe2-d5928ef30461, command=[]} | ret=SUCCESS |  
2019-08-20 19:15:03,832 | INFO  | SCMAudit | user=jenkins1000 | ip=192.168.69.105 | op=SEND_HEARTBEAT {datanodeUUID=16f059df-d226-4022-8e81-046858cbfecb, command=[]} | ret=SUCCESS |  
2019-08-20 19:15:03,851 | INFO  | SCMAudit | user=jenkins1000 | ip=192.168.69.105 | op=SEND_HEARTBEAT {datanodeUUID=91ae5334-971e-44ba-ab57-2ec2dd220942, command=[]} | ret=SUCCESS |  
2019-08-20 19:15:03,851 | INFO  | SCMAudit | user=jenkins1000 | ip=192.168.69.105 | op=SEND_HEARTBEAT {datanodeUUID=e4f90e61-f3c9-4b9d-bc15-ac0e2b79db86, command=[]} | ret=SUCCESS |  
2019-08-20 19:15:03,915 | INFO  | SCMAudit | user=jenkins1000 | ip=192.168.69.105 | op=SEND_HEARTBEAT {datanodeUUID=4033865b-8d67-417a-8575-039c711fd8ba, command=[]} | ret=SUCCESS |  
2019-08-20 19:15:04,121 | INFO  | SCMAudit | user=jenkins1000 | ip=192.168.69.105 | op=SEND_HEARTBEAT {datanodeUUID=e274e395-c7b6-408d-a6b4-4add6056d6d1, command=[]} | ret=SUCCESS |  
2019-08-20 19:15:04,334 | INFO  | SCMAudit | user=jenkins1000 | ip=192.168.69.105 | op=SEND_HEARTBEAT {datanodeUUID=1df1583d-c3bd-46e3-b5a9-7f01f9158e7c, command=[]} | ret=SUCCESS |  
2019-08-20 19:15:04,579 | INFO  | SCMAudit | user=jenkins1000 | ip=192.168.69.105 | op=SEND_HEARTBEAT {datanodeUUID=340027e2-c19a-4ce0-8fe2-d5928ef30461, command=[]} | ret=SUCCESS |  
2019-08-20 19:15:04,833 | INFO  | SCMAudit | user=jenkins1000 | ip=192.168.69.105 | op=SEND_HEARTBEAT {datanodeUUID=16f059df-d226-4022-8e81-046858cbfecb, command=[]} | ret=SUCCESS |  
2019-08-20 19:15:04,854 | INFO  | SCMAudit | user=jenkins1000 | ip=192.168.69.105 | op=SEND_HEARTBEAT {datanodeUUID=e4f90e61-f3c9-4b9d-bc15-ac0e2b79db86, command=[]} | ret=SUCCESS |  
2019-08-20 19:15:04,854 | INFO  | SCMAudit | user=jenkins1000 | ip=192.168.69.105 | op=SEND_HEARTBEAT {datanodeUUID=91ae5334-971e-44ba-ab57-2ec2dd220942, command=[]} | ret=SUCCESS |  
2019-08-20 19:15:04,915 | INFO  | SCMAudit | user=jenkins1000 | ip=192.168.69.105 | op=SEND_HEARTBEAT {datanodeUUID=4033865b-8d67-417a-8575-039c711fd8ba, command=[]} | ret=SUCCESS |  
2019-08-20 19:15:05,121 | INFO  | SCMAudit | user=jenkins1000 | ip=192.168.69.105 | op=SEND_HEARTBEAT {datanodeUUID=e274e395-c7b6-408d-a6b4-4add6056d6d1, command=[]} | ret=SUCCESS |  
2019-08-20 19:15:05,335 | INFO  | SCMAudit | user=jenkins1000 | ip=192.168.69.105 | op=SEND_HEARTBEAT {datanodeUUID=1df1583d-c3bd-46e3-b5a9-7f01f9158e7c, command=[]} | ret=SUCCESS |  
2019-08-20 19:15:05,580 | INFO  | SCMAudit | user=jenkins1000 | ip=192.168.69.105 | op=SEND_HEARTBEAT {datanodeUUID=340027e2-c19a-4ce0-8fe2-d5928ef30461, command=[]} | ret=SUCCESS |  
2019-08-20 19:15:05,832 | INFO  | SCMAudit | user=jenkins1000 | ip=192.168.69.105 | op=SEND_HEARTBEAT {datanodeUUID=16f059df-d226-4022-8e81-046858cbfecb, command=[]} | ret=SUCCESS |  
2019-08-20 19:15:05,854 | INFO  | SCMAudit | user=jenkins1000 | ip=192.168.69.105 | op=SEND_HEARTBEAT {datanodeUUID=91ae5334-971e-44ba-ab57-2ec2dd220942, command=[]} | ret=SUCCESS |  
2019-08-20 19:15:05,855 | INFO  | SCMAudit | user=jenkins1000 | ip=192.168.69.105 | op=SEND_HEARTBEAT {datanodeUUID=e4f90e61-f3c9-4b9d-bc15-ac0e2b79db86, command=[]} | ret=SUCCESS |  
2019-08-20 19:15:05,915 | INFO  | SCMAudit | user=jenkins1000 | ip=192.168.69.105 | op=SEND_HEARTBEAT {datanodeUUID=4033865b-8d67-417a-8575-039c711fd8ba, command=[]} | ret=SUCCESS |  
2019-08-20 19:15:06,121 | INFO  | SCMAudit | user=jenkins1000 | ip=192.168.69.105 | op=SEND_HEARTBEAT {datanodeUUID=e274e395-c7b6-408d-a6b4-4add6056d6d1, command=[]} | ret=SUCCESS |  
2019-08-20 19:15:06,334 | INFO  | SCMAudit | user=jenkins1000 | ip=192.168.69.105 | op=SEND_HEARTBEAT {datanodeUUID=1df1583d-c3bd-46e3-b5a9-7f01f9158e7c, command=[]} | ret=SUCCESS |  
2019-08-20 19:15:06,578 | INFO  | SCMAudit | user=jenkins1000 | ip=192.168.69.105 | op=SEND_HEARTBEAT {datanodeUUID=340027e2-c19a-4ce0-8fe2-d5928ef30461, command=[]} | ret=SUCCESS |  
2019-08-20 19:15:06,833 | INFO  | SCMAudit | user=jenkins1000 | ip=192.168.69.105 | op=SEND_HEARTBEAT {datanodeUUID=16f059df-d226-4022-8e81-046858cbfecb, command=[]} | ret=SUCCESS |  
2019-08-20 19:15:06,854 | INFO  | SCMAudit | user=jenkins1000 | ip=192.168.69.105 | op=SEND_HEARTBEAT {datanodeUUID=91ae5334-971e-44ba-ab57-2ec2dd220942, command=[]} | ret=SUCCESS |  
2019-08-20 19:15:06,855 | INFO  | SCMAudit | user=jenkins1000 | ip=192.168.69.105 | op=SEND_HEARTBEAT {datanodeUUID=e4f90e61-f3c9-4b9d-bc15-ac0e2b79db86, command=[]} | ret=SUCCESS |  
2019-08-20 19:15:06,895 [grpc-default-executor-4] INFO  client.GrpcClientProtocolClient (GrpcClientProtocolClient.java:onNext(255)) - client-8301E8A5B94A->e4f90e61-f3c9-4b9d-bc15-ac0e2b79db86: receive RaftClientReply:client-8301E8A5B94A->e4f90e61-f3c9-4b9d-bc15-ac0e2b79db86@group-782B390D3D40, cid=45, FAILED org.apache.ratis.protocol.NotLeaderException: Server e4f90e61-f3c9-4b9d-bc15-ac0e2b79db86 is not the leader (16f059df-d226-4022-8e81-046858cbfecb:192.168.69.105:37581). Request must be sent to leader., logIndex=0, commits[e4f90e61-f3c9-4b9d-bc15-ac0e2b79db86:c8, 16f059df-d226-4022-8e81-046858cbfecb:c8, 91ae5334-971e-44ba-ab57-2ec2dd220942:c8]
2019-08-20 19:15:06,916 | INFO  | SCMAudit | user=jenkins1000 | ip=192.168.69.105 | op=SEND_HEARTBEAT {datanodeUUID=4033865b-8d67-417a-8575-039c711fd8ba, command=[]} | ret=SUCCESS |  
2019-08-20 19:15:07,121 | INFO  | SCMAudit | user=jenkins1000 | ip=192.168.69.105 | op=SEND_HEARTBEAT {datanodeUUID=e274e395-c7b6-408d-a6b4-4add6056d6d1, command=[]} | ret=SUCCESS |  
2019-08-20 19:15:07,334 | INFO  | SCMAudit | user=jenkins1000 | ip=192.168.69.105 | op=SEND_HEARTBEAT {datanodeUUID=1df1583d-c3bd-46e3-b5a9-7f01f9158e7c, command=[]} | ret=SUCCESS |  
2019-08-20 19:15:07,579 | INFO  | SCMAudit | user=jenkins1000 | ip=192.168.69.105 | op=SEND_HEARTBEAT {datanodeUUID=340027e2-c19a-4ce0-8fe2-d5928ef30461, command=[]} | ret=SUCCESS |  
2019-08-20 19:15:07,834 | INFO  | SCMAudit | user=jenkins1000 | ip=192.168.69.105 | op=SEND_HEARTBEAT {datanodeUUID=16f059df-d226-4022-8e81-046858cbfecb, command=[]} | ret=SUCCESS |  
2019-08-20 19:15:07,854 | INFO  | SCMAudit | user=jenkins1000 | ip=192.168.69.105 | op=SEND_HEARTBEAT {datanodeUUID=91ae5334-971e-44ba-ab57-2ec2dd220942, command=[]} | ret=SUCCESS |  
2019-08-20 19:15:07,856 | INFO  | SCMAudit | user=jenkins1000 | ip=192.168.69.105 | op=SEND_HEARTBEAT {datanodeUUID=e4f90e61-f3c9-4b9d-bc15-ac0e2b79db86, command=[]} | ret=SUCCESS |  
2019-08-20 19:15:07,915 | INFO  | SCMAudit | user=jenkins1000 | ip=192.168.69.105 | op=SEND_HEARTBEAT {datanodeUUID=4033865b-8d67-417a-8575-039c711fd8ba, command=[]} | ret=SUCCESS |  
2019-08-20 19:15:08,121 | INFO  | SCMAudit | user=jenkins1000 | ip=192.168.69.105 | op=SEND_HEARTBEAT {datanodeUUID=e274e395-c7b6-408d-a6b4-4add6056d6d1, command=[]} | ret=SUCCESS |  
2019-08-20 19:15:08,335 | INFO  | SCMAudit | user=jenkins1000 | ip=192.168.69.105 | op=SEND_HEARTBEAT {datanodeUUID=1df1583d-c3bd-46e3-b5a9-7f01f9158e7c, command=[]} | ret=SUCCESS |  
2019-08-20 19:15:08,579 | INFO  | SCMAudit | user=jenkins1000 | ip=192.168.69.105 | op=SEND_HEARTBEAT {datanodeUUID=340027e2-c19a-4ce0-8fe2-d5928ef30461, command=[]} | ret=SUCCESS |  
2019-08-20 19:15:08,833 | INFO  | SCMAudit | user=jenkins1000 | ip=192.168.69.105 | op=SEND_HEARTBEAT {datanodeUUID=16f059df-d226-4022-8e81-046858cbfecb, command=[]} | ret=SUCCESS |  
2019-08-20 19:15:08,856 | INFO  | SCMAudit | user=jenkins1000 | ip=192.168.69.105 | op=SEND_HEARTBEAT {datanodeUUID=e4f90e61-f3c9-4b9d-bc15-ac0e2b79db86, command=[]} | ret=SUCCESS |  
2019-08-20 19:15:08,857 | INFO  | SCMAudit | user=jenkins1000 | ip=192.168.69.105 | op=SEND_HEARTBEAT {datanodeUUID=91ae5334-971e-44ba-ab57-2ec2dd220942, command=[]} | ret=SUCCESS |  
2019-08-20 19:15:08,915 | INFO  | SCMAudit | user=jenkins1000 | ip=192.168.69.105 | op=SEND_HEARTBEAT {datanodeUUID=4033865b-8d67-417a-8575-039c711fd8ba, command=[]} | ret=SUCCESS |  
2019-08-20 19:15:09,120 | INFO  | SCMAudit | user=jenkins1000 | ip=192.168.69.105 | op=SEND_HEARTBEAT {datanodeUUID=e274e395-c7b6-408d-a6b4-4add6056d6d1, command=[]} | ret=SUCCESS |  
2019-08-20 19:15:09,334 | INFO  | SCMAudit | user=jenkins1000 | ip=192.168.69.105 | op=SEND_HEARTBEAT {datanodeUUID=1df1583d-c3bd-46e3-b5a9-7f01f9158e7c, command=[]} | ret=SUCCESS |  
2019-08-20 19:15:09,579 | INFO  | SCMAudit | user=jenkins1000 | ip=192.168.69.105 | op=SEND_HEARTBEAT {datanodeUUID=340027e2-c19a-4ce0-8fe2-d5928ef30461, command=[]} | ret=SUCCESS |  
2019-08-20 19:15:09,834 | INFO  | SCMAudit | user=jenkins1000 | ip=192.168.69.105 | op=SEND_HEARTBEAT {datanodeUUID=16f059df-d226-4022-8e81-046858cbfecb, command=[]} | ret=SUCCESS |  
2019-08-20 19:15:09,857 | INFO  | SCMAudit | user=jenkins1000 | ip=192.168.69.105 | op=SEND_HEARTBEAT {datanodeUUID=e4f90e61-f3c9-4b9d-bc15-ac0e2b79db86, command=[]} | ret=SUCCESS |  
2019-08-20 19:15:09,857 | INFO  | SCMAudit | user=jenkins1000 | ip=192.168.69.105 | op=SEND_HEARTBEAT {datanodeUUID=91ae5334-971e-44ba-ab57-2ec2dd220942, command=[]} | ret=SUCCESS |  
2019-08-20 19:15:09,916 | INFO  | SCMAudit | user=jenkins1000 | ip=192.168.69.105 | op=SEND_HEARTBEAT {datanodeUUID=4033865b-8d67-417a-8575-039c711fd8ba, command=[]} | ret=SUCCESS |  
2019-08-20 19:15:10,121 | INFO  | SCMAudit | user=jenkins1000 | ip=192.168.69.105 | op=SEND_HEARTBEAT {datanodeUUID=e274e395-c7b6-408d-a6b4-4add6056d6d1, command=[]} | ret=SUCCESS |  
2019-08-20 19:15:10,334 | INFO  | SCMAudit | user=jenkins1000 | ip=192.168.69.105 | op=SEND_HEARTBEAT {datanodeUUID=1df1583d-c3bd-46e3-b5a9-7f01f9158e7c, command=[]} | ret=SUCCESS |  
2019-08-20 19:15:10,578 | INFO  | SCMAudit | user=jenkins1000 | ip=192.168.69.105 | op=SEND_HEARTBEAT {datanodeUUID=340027e2-c19a-4ce0-8fe2-d5928ef30461, command=[]} | ret=SUCCESS |  
2019-08-20 19:15:10,833 | INFO  | SCMAudit | user=jenkins1000 | ip=192.168.69.105 | op=SEND_HEARTBEAT {datanodeUUID=16f059df-d226-4022-8e81-046858cbfecb, command=[]} | ret=SUCCESS |  
2019-08-20 19:15:10,856 | INFO  | SCMAudit | user=jenkins1000 | ip=192.168.69.105 | op=SEND_HEARTBEAT {datanodeUUID=e4f90e61-f3c9-4b9d-bc15-ac0e2b79db86, command=[]} | ret=SUCCESS |  
2019-08-20 19:15:10,857 | INFO  | SCMAudit | user=jenkins1000 | ip=192.168.69.105 | op=SEND_HEARTBEAT {datanodeUUID=91ae5334-971e-44ba-ab57-2ec2dd220942, command=[]} | ret=SUCCESS |  
2019-08-20 19:15:10,917 | INFO  | SCMAudit | user=jenkins1000 | ip=192.168.69.105 | op=SEND_HEARTBEAT {datanodeUUID=4033865b-8d67-417a-8575-039c711fd8ba, command=[]} | ret=SUCCESS |  
2019-08-20 19:15:11,122 | INFO  | SCMAudit | user=jenkins1000 | ip=192.168.69.105 | op=SEND_HEARTBEAT {datanodeUUID=e274e395-c7b6-408d-a6b4-4add6056d6d1, command=[]} | ret=SUCCESS |  
2019-08-20 19:15:11,335 | INFO  | SCMAudit | user=jenkins1000 | ip=192.168.69.105 | op=SEND_HEARTBEAT {datanodeUUID=1df1583d-c3bd-46e3-b5a9-7f01f9158e7c, command=[]} | ret=SUCCESS |  
2019-08-20 19:15:11,578 | INFO  | SCMAudit | user=jenkins1000 | ip=192.168.69.105 | op=SEND_HEARTBEAT {datanodeUUID=340027e2-c19a-4ce0-8fe2-d5928ef30461, command=[]} | ret=SUCCESS |  
2019-08-20 19:15:11,834 | INFO  | SCMAudit | user=jenkins1000 | ip=192.168.69.105 | op=SEND_HEARTBEAT {datanodeUUID=16f059df-d226-4022-8e81-046858cbfecb, command=[]} | ret=SUCCESS |  
2019-08-20 19:15:11,856 | INFO  | SCMAudit | user=jenkins1000 | ip=192.168.69.105 | op=SEND_HEARTBEAT {datanodeUUID=e4f90e61-f3c9-4b9d-bc15-ac0e2b79db86, command=[]} | ret=SUCCESS |  
2019-08-20 19:15:11,858 | INFO  | SCMAudit | user=jenkins1000 | ip=192.168.69.105 | op=SEND_HEARTBEAT {datanodeUUID=91ae5334-971e-44ba-ab57-2ec2dd220942, command=[]} | ret=SUCCESS |  
2019-08-20 19:15:11,916 | INFO  | SCMAudit | user=jenkins1000 | ip=192.168.69.105 | op=SEND_HEARTBEAT {datanodeUUID=4033865b-8d67-417a-8575-039c711fd8ba, command=[]} | ret=SUCCESS |  
2019-08-20 19:15:11,932 [grpc-default-executor-1] INFO  client.GrpcClientProtocolClient (GrpcClientProtocolClient.java:onNext(255)) - client-8301E8A5B94A->e4f90e61-f3c9-4b9d-bc15-ac0e2b79db86: receive RaftClientReply:client-8301E8A5B94A->e4f90e61-f3c9-4b9d-bc15-ac0e2b79db86@group-782B390D3D40, cid=45, FAILED org.apache.ratis.protocol.NotLeaderException: Server e4f90e61-f3c9-4b9d-bc15-ac0e2b79db86 is not the leader (16f059df-d226-4022-8e81-046858cbfecb:192.168.69.105:37581). Request must be sent to leader., logIndex=0, commits[e4f90e61-f3c9-4b9d-bc15-ac0e2b79db86:c8, 16f059df-d226-4022-8e81-046858cbfecb:c8, 91ae5334-971e-44ba-ab57-2ec2dd220942:c8]
2019-08-20 19:15:12,120 | INFO  | SCMAudit | user=jenkins1000 | ip=192.168.69.105 | op=SEND_HEARTBEAT {datanodeUUID=e274e395-c7b6-408d-a6b4-4add6056d6d1, command=[]} | ret=SUCCESS |  
2019-08-20 19:15:12,336 | INFO  | SCMAudit | user=jenkins1000 | ip=192.168.69.105 | op=SEND_HEARTBEAT {datanodeUUID=1df1583d-c3bd-46e3-b5a9-7f01f9158e7c, command=[]} | ret=SUCCESS |  
2019-08-20 19:15:12,579 | INFO  | SCMAudit | user=jenkins1000 | ip=192.168.69.105 | op=SEND_HEARTBEAT {datanodeUUID=340027e2-c19a-4ce0-8fe2-d5928ef30461, command=[]} | ret=SUCCESS |  
2019-08-20 19:15:12,834 | INFO  | SCMAudit | user=jenkins1000 | ip=192.168.69.105 | op=SEND_HEARTBEAT {datanodeUUID=16f059df-d226-4022-8e81-046858cbfecb, command=[]} | ret=SUCCESS |  
2019-08-20 19:15:12,857 | INFO  | SCMAudit | user=jenkins1000 | ip=192.168.69.105 | op=SEND_HEARTBEAT {datanodeUUID=e4f90e61-f3c9-4b9d-bc15-ac0e2b79db86, command=[]} | ret=SUCCESS |  
2019-08-20 19:15:12,858 | INFO  | SCMAudit | user=jenkins1000 | ip=192.168.69.105 | op=SEND_HEARTBEAT {datanodeUUID=91ae5334-971e-44ba-ab57-2ec2dd220942, command=[]} | ret=SUCCESS |  
2019-08-20 19:15:12,916 | INFO  | SCMAudit | user=jenkins1000 | ip=192.168.69.105 | op=SEND_HEARTBEAT {datanodeUUID=4033865b-8d67-417a-8575-039c711fd8ba, command=[]} | ret=SUCCESS |  
2019-08-20 19:15:13,121 | INFO  | SCMAudit | user=jenkins1000 | ip=192.168.69.105 | op=SEND_HEARTBEAT {datanodeUUID=e274e395-c7b6-408d-a6b4-4add6056d6d1, command=[]} | ret=SUCCESS |  
2019-08-20 19:15:13,336 | INFO  | SCMAudit | user=jenkins1000 | ip=192.168.69.105 | op=SEND_HEARTBEAT {datanodeUUID=1df1583d-c3bd-46e3-b5a9-7f01f9158e7c, command=[]} | ret=SUCCESS |  
2019-08-20 19:15:13,579 | INFO  | SCMAudit | user=jenkins1000 | ip=192.168.69.105 | op=SEND_HEARTBEAT {datanodeUUID=340027e2-c19a-4ce0-8fe2-d5928ef30461, command=[]} | ret=SUCCESS |  
2019-08-20 19:15:13,833 | INFO  | SCMAudit | user=jenkins1000 | ip=192.168.69.105 | op=SEND_HEARTBEAT {datanodeUUID=16f059df-d226-4022-8e81-046858cbfecb, command=[]} | ret=SUCCESS |  
2019-08-20 19:15:13,856 | INFO  | SCMAudit | user=jenkins1000 | ip=192.168.69.105 | op=SEND_HEARTBEAT {datanodeUUID=e4f90e61-f3c9-4b9d-bc15-ac0e2b79db86, command=[]} | ret=SUCCESS |  
2019-08-20 19:15:13,859 | INFO  | SCMAudit | user=jenkins1000 | ip=192.168.69.105 | op=SEND_HEARTBEAT {datanodeUUID=91ae5334-971e-44ba-ab57-2ec2dd220942, command=[]} | ret=SUCCESS |  
2019-08-20 19:15:13,916 | INFO  | SCMAudit | user=jenkins1000 | ip=192.168.69.105 | op=SEND_HEARTBEAT {datanodeUUID=4033865b-8d67-417a-8575-039c711fd8ba, command=[]} | ret=SUCCESS |  
2019-08-20 19:15:14,122 | INFO  | SCMAudit | user=jenkins1000 | ip=192.168.69.105 | op=SEND_HEARTBEAT {datanodeUUID=e274e395-c7b6-408d-a6b4-4add6056d6d1, command=[]} | ret=SUCCESS |  
2019-08-20 19:15:14,336 | INFO  | SCMAudit | user=jenkins1000 | ip=192.168.69.105 | op=SEND_HEARTBEAT {datanodeUUID=1df1583d-c3bd-46e3-b5a9-7f01f9158e7c, command=[]} | ret=SUCCESS |  
2019-08-20 19:15:14,579 | INFO  | SCMAudit | user=jenkins1000 | ip=192.168.69.105 | op=SEND_HEARTBEAT {datanodeUUID=340027e2-c19a-4ce0-8fe2-d5928ef30461, command=[]} | ret=SUCCESS |  
2019-08-20 19:15:14,833 | INFO  | SCMAudit | user=jenkins1000 | ip=192.168.69.105 | op=SEND_HEARTBEAT {datanodeUUID=16f059df-d226-4022-8e81-046858cbfecb, command=[]} | ret=SUCCESS |  
2019-08-20 19:15:14,857 | INFO  | SCMAudit | user=jenkins1000 | ip=192.168.69.105 | op=SEND_HEARTBEAT {datanodeUUID=e4f90e61-f3c9-4b9d-bc15-ac0e2b79db86, command=[]} | ret=SUCCESS |  
2019-08-20 19:15:14,858 | INFO  | SCMAudit | user=jenkins1000 | ip=192.168.69.105 | op=SEND_HEARTBEAT {datanodeUUID=91ae5334-971e-44ba-ab57-2ec2dd220942, command=[]} | ret=SUCCESS |  
2019-08-20 19:15:14,917 | INFO  | SCMAudit | user=jenkins1000 | ip=192.168.69.105 | op=SEND_HEARTBEAT {datanodeUUID=4033865b-8d67-417a-8575-039c711fd8ba, command=[]} | ret=SUCCESS |  
2019-08-20 19:15:15,122 | INFO  | SCMAudit | user=jenkins1000 | ip=192.168.69.105 | op=SEND_HEARTBEAT {datanodeUUID=e274e395-c7b6-408d-a6b4-4add6056d6d1, command=[]} | ret=SUCCESS |  
2019-08-20 19:15:15,335 | INFO  | SCMAudit | user=jenkins1000 | ip=192.168.69.105 | op=SEND_HEARTBEAT {datanodeUUID=1df1583d-c3bd-46e3-b5a9-7f01f9158e7c, command=[]} | ret=SUCCESS |  
2019-08-20 19:15:15,580 | INFO  | SCMAudit | user=jenkins1000 | ip=192.168.69.105 | op=SEND_HEARTBEAT {datanodeUUID=340027e2-c19a-4ce0-8fe2-d5928ef30461, command=[]} | ret=SUCCESS |  
2019-08-20 19:15:15,834 | INFO  | SCMAudit | user=jenkins1000 | ip=192.168.69.105 | op=SEND_HEARTBEAT {datanodeUUID=16f059df-d226-4022-8e81-046858cbfecb, command=[]} | ret=SUCCESS |  
2019-08-20 19:15:15,856 | INFO  | SCMAudit | user=jenkins1000 | ip=192.168.69.105 | op=SEND_HEARTBEAT {datanodeUUID=e4f90e61-f3c9-4b9d-bc15-ac0e2b79db86, command=[]} | ret=SUCCESS |  
2019-08-20 19:15:15,858 | INFO  | SCMAudit | user=jenkins1000 | ip=192.168.69.105 | op=SEND_HEARTBEAT {datanodeUUID=91ae5334-971e-44ba-ab57-2ec2dd220942, command=[]} | ret=SUCCESS |  
2019-08-20 19:15:15,916 | INFO  | SCMAudit | user=jenkins1000 | ip=192.168.69.105 | op=SEND_HEARTBEAT {datanodeUUID=4033865b-8d67-417a-8575-039c711fd8ba, command=[]} | ret=SUCCESS |  
2019-08-20 19:15:16,121 | INFO  | SCMAudit | user=jenkins1000 | ip=192.168.69.105 | op=SEND_HEARTBEAT {datanodeUUID=e274e395-c7b6-408d-a6b4-4add6056d6d1, command=[]} | ret=SUCCESS |  
2019-08-20 19:15:16,335 | INFO  | SCMAudit | user=jenkins1000 | ip=192.168.69.105 | op=SEND_HEARTBEAT {datanodeUUID=1df1583d-c3bd-46e3-b5a9-7f01f9158e7c, command=[]} | ret=SUCCESS |  
2019-08-20 19:15:16,579 | INFO  | SCMAudit | user=jenkins1000 | ip=192.168.69.105 | op=SEND_HEARTBEAT {datanodeUUID=340027e2-c19a-4ce0-8fe2-d5928ef30461, command=[]} | ret=SUCCESS |  
2019-08-20 19:15:16,833 | INFO  | SCMAudit | user=jenkins1000 | ip=192.168.69.105 | op=SEND_HEARTBEAT {datanodeUUID=16f059df-d226-4022-8e81-046858cbfecb, command=[]} | ret=SUCCESS |  
2019-08-20 19:15:16,856 | INFO  | SCMAudit | user=jenkins1000 | ip=192.168.69.105 | op=SEND_HEARTBEAT {datanodeUUID=e4f90e61-f3c9-4b9d-bc15-ac0e2b79db86, command=[]} | ret=SUCCESS |  
2019-08-20 19:15:16,858 | INFO  | SCMAudit | user=jenkins1000 | ip=192.168.69.105 | op=SEND_HEARTBEAT {datanodeUUID=91ae5334-971e-44ba-ab57-2ec2dd220942, command=[]} | ret=SUCCESS |  
2019-08-20 19:15:16,916 | INFO  | SCMAudit | user=jenkins1000 | ip=192.168.69.105 | op=SEND_HEARTBEAT {datanodeUUID=4033865b-8d67-417a-8575-039c711fd8ba, command=[]} | ret=SUCCESS |  
2019-08-20 19:15:16,966 [grpc-default-executor-4] INFO  client.GrpcClientProtocolClient (GrpcClientProtocolClient.java:onNext(255)) - client-8301E8A5B94A->e4f90e61-f3c9-4b9d-bc15-ac0e2b79db86: receive RaftClientReply:client-8301E8A5B94A->e4f90e61-f3c9-4b9d-bc15-ac0e2b79db86@group-782B390D3D40, cid=45, FAILED org.apache.ratis.protocol.NotLeaderException: Server e4f90e61-f3c9-4b9d-bc15-ac0e2b79db86 is not the leader (16f059df-d226-4022-8e81-046858cbfecb:192.168.69.105:37581). Request must be sent to leader., logIndex=0, commits[e4f90e61-f3c9-4b9d-bc15-ac0e2b79db86:c8, 16f059df-d226-4022-8e81-046858cbfecb:c8, 91ae5334-971e-44ba-ab57-2ec2dd220942:c8]
2019-08-20 19:15:17,122 | INFO  | SCMAudit | user=jenkins1000 | ip=192.168.69.105 | op=SEND_HEARTBEAT {datanodeUUID=e274e395-c7b6-408d-a6b4-4add6056d6d1, command=[]} | ret=SUCCESS |  
2019-08-20 19:15:17,336 | INFO  | SCMAudit | user=jenkins1000 | ip=192.168.69.105 | op=SEND_HEARTBEAT {datanodeUUID=1df1583d-c3bd-46e3-b5a9-7f01f9158e7c, command=[]} | ret=SUCCESS |  
2019-08-20 19:15:17,580 | INFO  | SCMAudit | user=jenkins1000 | ip=192.168.69.105 | op=SEND_HEARTBEAT {datanodeUUID=340027e2-c19a-4ce0-8fe2-d5928ef30461, command=[]} | ret=SUCCESS |  
2019-08-20 19:15:17,834 | INFO  | SCMAudit | user=jenkins1000 | ip=192.168.69.105 | op=SEND_HEARTBEAT {datanodeUUID=16f059df-d226-4022-8e81-046858cbfecb, command=[]} | ret=SUCCESS |  
2019-08-20 19:15:17,856 | INFO  | SCMAudit | user=jenkins1000 | ip=192.168.69.105 | op=SEND_HEARTBEAT {datanodeUUID=e4f90e61-f3c9-4b9d-bc15-ac0e2b79db86, command=[]} | ret=SUCCESS |  
2019-08-20 19:15:17,858 | INFO  | SCMAudit | user=jenkins1000 | ip=192.168.69.105 | op=SEND_HEARTBEAT {datanodeUUID=91ae5334-971e-44ba-ab57-2ec2dd220942, command=[]} | ret=SUCCESS |  
2019-08-20 19:15:17,916 | INFO  | SCMAudit | user=jenkins1000 | ip=192.168.69.105 | op=SEND_HEARTBEAT {datanodeUUID=4033865b-8d67-417a-8575-039c711fd8ba, command=[]} | ret=SUCCESS |  
2019-08-20 19:15:18,122 | INFO  | SCMAudit | user=jenkins1000 | ip=192.168.69.105 | op=SEND_HEARTBEAT {datanodeUUID=e274e395-c7b6-408d-a6b4-4add6056d6d1, command=[]} | ret=SUCCESS |  
2019-08-20 19:15:18,336 | INFO  | SCMAudit | user=jenkins1000 | ip=192.168.69.105 | op=SEND_HEARTBEAT {datanodeUUID=1df1583d-c3bd-46e3-b5a9-7f01f9158e7c, command=[]} | ret=SUCCESS |  
2019-08-20 19:15:18,579 | INFO  | SCMAudit | user=jenkins1000 | ip=192.168.69.105 | op=SEND_HEARTBEAT {datanodeUUID=340027e2-c19a-4ce0-8fe2-d5928ef30461, command=[]} | ret=SUCCESS |  
2019-08-20 19:15:18,833 | INFO  | SCMAudit | user=jenkins1000 | ip=192.168.69.105 | op=SEND_HEARTBEAT {datanodeUUID=16f059df-d226-4022-8e81-046858cbfecb, command=[]} | ret=SUCCESS |  
2019-08-20 19:15:18,857 | INFO  | SCMAudit | user=jenkins1000 | ip=192.168.69.105 | op=SEND_HEARTBEAT {datanodeUUID=e4f90e61-f3c9-4b9d-bc15-ac0e2b79db86, command=[]} | ret=SUCCESS |  
2019-08-20 19:15:18,859 | INFO  | SCMAudit | user=jenkins1000 | ip=192.168.69.105 | op=SEND_HEARTBEAT {datanodeUUID=91ae5334-971e-44ba-ab57-2ec2dd220942, command=[]} | ret=SUCCESS |  
2019-08-20 19:15:18,917 | INFO  | SCMAudit | user=jenkins1000 | ip=192.168.69.105 | op=SEND_HEARTBEAT {datanodeUUID=4033865b-8d67-417a-8575-039c711fd8ba, command=[]} | ret=SUCCESS |  
2019-08-20 19:15:19,123 | INFO  | SCMAudit | user=jenkins1000 | ip=192.168.69.105 | op=SEND_HEARTBEAT {datanodeUUID=e274e395-c7b6-408d-a6b4-4add6056d6d1, command=[]} | ret=SUCCESS |  
2019-08-20 19:15:19,337 | INFO  | SCMAudit | user=jenkins1000 | ip=192.168.69.105 | op=SEND_HEARTBEAT {datanodeUUID=1df1583d-c3bd-46e3-b5a9-7f01f9158e7c, command=[]} | ret=SUCCESS |  
2019-08-20 19:15:19,579 | INFO  | SCMAudit | user=jenkins1000 | ip=192.168.69.105 | op=SEND_HEARTBEAT {datanodeUUID=340027e2-c19a-4ce0-8fe2-d5928ef30461, command=[]} | ret=SUCCESS |  
2019-08-20 19:15:19,833 | INFO  | SCMAudit | user=jenkins1000 | ip=192.168.69.105 | op=SEND_HEARTBEAT {datanodeUUID=16f059df-d226-4022-8e81-046858cbfecb, command=[]} | ret=SUCCESS |  
2019-08-20 19:15:19,857 | INFO  | SCMAudit | user=jenkins1000 | ip=192.168.69.105 | op=SEND_HEARTBEAT {datanodeUUID=e4f90e61-f3c9-4b9d-bc15-ac0e2b79db86, command=[]} | ret=SUCCESS |  
2019-08-20 19:15:19,859 | INFO  | SCMAudit | user=jenkins1000 | ip=192.168.69.105 | op=SEND_HEARTBEAT {datanodeUUID=91ae5334-971e-44ba-ab57-2ec2dd220942, command=[]} | ret=SUCCESS |  
2019-08-20 19:15:19,917 | INFO  | SCMAudit | user=jenkins1000 | ip=192.168.69.105 | op=SEND_HEARTBEAT {datanodeUUID=4033865b-8d67-417a-8575-039c711fd8ba, command=[]} | ret=SUCCESS |  
2019-08-20 19:15:20,122 | INFO  | SCMAudit | user=jenkins1000 | ip=192.168.69.105 | op=SEND_HEARTBEAT {datanodeUUID=e274e395-c7b6-408d-a6b4-4add6056d6d1, command=[]} | ret=SUCCESS |  
2019-08-20 19:15:20,337 | INFO  | SCMAudit | user=jenkins1000 | ip=192.168.69.105 | op=SEND_HEARTBEAT {datanodeUUID=1df1583d-c3bd-46e3-b5a9-7f01f9158e7c, command=[]} | ret=SUCCESS |  
2019-08-20 19:15:20,579 | INFO  | SCMAudit | user=jenkins1000 | ip=192.168.69.105 | op=SEND_HEARTBEAT {datanodeUUID=340027e2-c19a-4ce0-8fe2-d5928ef30461, command=[]} | ret=SUCCESS |  
2019-08-20 19:15:20,834 | INFO  | SCMAudit | user=jenkins1000 | ip=192.168.69.105 | op=SEND_HEARTBEAT {datanodeUUID=16f059df-d226-4022-8e81-046858cbfecb, command=[]} | ret=SUCCESS |  
2019-08-20 19:15:20,858 | INFO  | SCMAudit | user=jenkins1000 | ip=192.168.69.105 | op=SEND_HEARTBEAT {datanodeUUID=e4f90e61-f3c9-4b9d-bc15-ac0e2b79db86, command=[]} | ret=SUCCESS |  
2019-08-20 19:15:20,860 | INFO  | SCMAudit | user=jenkins1000 | ip=192.168.69.105 | op=SEND_HEARTBEAT {datanodeUUID=91ae5334-971e-44ba-ab57-2ec2dd220942, command=[]} | ret=SUCCESS |  
2019-08-20 19:15:20,918 | INFO  | SCMAudit | user=jenkins1000 | ip=192.168.69.105 | op=SEND_HEARTBEAT {datanodeUUID=4033865b-8d67-417a-8575-039c711fd8ba, command=[]} | ret=SUCCESS |  
2019-08-20 19:15:21,122 | INFO  | SCMAudit | user=jenkins1000 | ip=192.168.69.105 | op=SEND_HEARTBEAT {datanodeUUID=e274e395-c7b6-408d-a6b4-4add6056d6d1, command=[]} | ret=SUCCESS |  
2019-08-20 19:15:21,337 | INFO  | SCMAudit | user=jenkins1000 | ip=192.168.69.105 | op=SEND_HEARTBEAT {datanodeUUID=1df1583d-c3bd-46e3-b5a9-7f01f9158e7c, command=[]} | ret=SUCCESS |  
2019-08-20 19:15:21,580 | INFO  | SCMAudit | user=jenkins1000 | ip=192.168.69.105 | op=SEND_HEARTBEAT {datanodeUUID=340027e2-c19a-4ce0-8fe2-d5928ef30461, command=[]} | ret=SUCCESS |  
2019-08-20 19:15:21,833 | INFO  | SCMAudit | user=jenkins1000 | ip=192.168.69.105 | op=SEND_HEARTBEAT {datanodeUUID=16f059df-d226-4022-8e81-046858cbfecb, command=[]} | ret=SUCCESS |  
2019-08-20 19:15:21,857 | INFO  | SCMAudit | user=jenkins1000 | ip=192.168.69.105 | op=SEND_HEARTBEAT {datanodeUUID=e4f90e61-f3c9-4b9d-bc15-ac0e2b79db86, command=[]} | ret=SUCCESS |  
2019-08-20 19:15:21,859 | INFO  | SCMAudit | user=jenkins1000 | ip=192.168.69.105 | op=SEND_HEARTBEAT {datanodeUUID=91ae5334-971e-44ba-ab57-2ec2dd220942, command=[]} | ret=SUCCESS |  
2019-08-20 19:15:21,917 | INFO  | SCMAudit | user=jenkins1000 | ip=192.168.69.105 | op=SEND_HEARTBEAT {datanodeUUID=4033865b-8d67-417a-8575-039c711fd8ba, command=[]} | ret=SUCCESS |  
2019-08-20 19:15:22,009 [grpc-default-executor-1] INFO  client.GrpcClientProtocolClient (GrpcClientProtocolClient.java:onNext(255)) - client-8301E8A5B94A->91ae5334-971e-44ba-ab57-2ec2dd220942: receive RaftClientReply:client-8301E8A5B94A->91ae5334-971e-44ba-ab57-2ec2dd220942@group-782B390D3D40, cid=45, FAILED org.apache.ratis.protocol.NotLeaderException: Server 91ae5334-971e-44ba-ab57-2ec2dd220942 is not the leader (16f059df-d226-4022-8e81-046858cbfecb:192.168.69.105:37581). Request must be sent to leader., logIndex=0, commits[91ae5334-971e-44ba-ab57-2ec2dd220942:c8, e4f90e61-f3c9-4b9d-bc15-ac0e2b79db86:c8, 16f059df-d226-4022-8e81-046858cbfecb:c8]
2019-08-20 19:15:22,122 | INFO  | SCMAudit | user=jenkins1000 | ip=192.168.69.105 | op=SEND_HEARTBEAT {datanodeUUID=e274e395-c7b6-408d-a6b4-4add6056d6d1, command=[]} | ret=SUCCESS |  
2019-08-20 19:15:22,338 | INFO  | SCMAudit | user=jenkins1000 | ip=192.168.69.105 | op=SEND_HEARTBEAT {datanodeUUID=1df1583d-c3bd-46e3-b5a9-7f01f9158e7c, command=[]} | ret=SUCCESS |  
2019-08-20 19:15:22,581 | INFO  | SCMAudit | user=jenkins1000 | ip=192.168.69.105 | op=SEND_HEARTBEAT {datanodeUUID=340027e2-c19a-4ce0-8fe2-d5928ef30461, command=[]} | ret=SUCCESS |  
2019-08-20 19:15:22,833 | INFO  | SCMAudit | user=jenkins1000 | ip=192.168.69.105 | op=SEND_HEARTBEAT {datanodeUUID=16f059df-d226-4022-8e81-046858cbfecb, command=[]} | ret=SUCCESS |  
2019-08-20 19:15:22,857 | INFO  | SCMAudit | user=jenkins1000 | ip=192.168.69.105 | op=SEND_HEARTBEAT {datanodeUUID=e4f90e61-f3c9-4b9d-bc15-ac0e2b79db86, command=[]} | ret=SUCCESS |  
2019-08-20 19:15:22,859 | INFO  | SCMAudit | user=jenkins1000 | ip=192.168.69.105 | op=SEND_HEARTBEAT {datanodeUUID=91ae5334-971e-44ba-ab57-2ec2dd220942, command=[]} | ret=SUCCESS |  
2019-08-20 19:15:22,917 | INFO  | SCMAudit | user=jenkins1000 | ip=192.168.69.105 | op=SEND_HEARTBEAT {datanodeUUID=4033865b-8d67-417a-8575-039c711fd8ba, command=[]} | ret=SUCCESS |  
2019-08-20 19:15:23,123 | INFO  | SCMAudit | user=jenkins1000 | ip=192.168.69.105 | op=SEND_HEARTBEAT {datanodeUUID=e274e395-c7b6-408d-a6b4-4add6056d6d1, command=[]} | ret=SUCCESS |  
2019-08-20 19:15:23,337 | INFO  | SCMAudit | user=jenkins1000 | ip=192.168.69.105 | op=SEND_HEARTBEAT {datanodeUUID=1df1583d-c3bd-46e3-b5a9-7f01f9158e7c, command=[]} | ret=SUCCESS |  
2019-08-20 19:15:23,580 | INFO  | SCMAudit | user=jenkins1000 | ip=192.168.69.105 | op=SEND_HEARTBEAT {datanodeUUID=340027e2-c19a-4ce0-8fe2-d5928ef30461, command=[]} | ret=SUCCESS |  
2019-08-20 19:15:23,833 | INFO  | SCMAudit | user=jenkins1000 | ip=192.168.69.105 | op=SEND_HEARTBEAT {datanodeUUID=16f059df-d226-4022-8e81-046858cbfecb, command=[]} | ret=SUCCESS |  
2019-08-20 19:15:23,857 | INFO  | SCMAudit | user=jenkins1000 | ip=192.168.69.105 | op=SEND_HEARTBEAT {datanodeUUID=e4f90e61-f3c9-4b9d-bc15-ac0e2b79db86, command=[]} | ret=SUCCESS |  
2019-08-20 19:15:23,859 | INFO  | SCMAudit | user=jenkins1000 | ip=192.168.69.105 | op=SEND_HEARTBEAT {datanodeUUID=91ae5334-971e-44ba-ab57-2ec2dd220942, command=[]} | ret=SUCCESS |  
2019-08-20 19:15:23,917 | INFO  | SCMAudit | user=jenkins1000 | ip=192.168.69.105 | op=SEND_HEARTBEAT {datanodeUUID=4033865b-8d67-417a-8575-039c711fd8ba, command=[]} | ret=SUCCESS |  
2019-08-20 19:15:24,123 | INFO  | SCMAudit | user=jenkins1000 | ip=192.168.69.105 | op=SEND_HEARTBEAT {datanodeUUID=e274e395-c7b6-408d-a6b4-4add6056d6d1, command=[]} | ret=SUCCESS |  
2019-08-20 19:15:24,337 | INFO  | SCMAudit | user=jenkins1000 | ip=192.168.69.105 | op=SEND_HEARTBEAT {datanodeUUID=1df1583d-c3bd-46e3-b5a9-7f01f9158e7c, command=[]} | ret=SUCCESS |  
2019-08-20 19:15:24,581 | INFO  | SCMAudit | user=jenkins1000 | ip=192.168.69.105 | op=SEND_HEARTBEAT {datanodeUUID=340027e2-c19a-4ce0-8fe2-d5928ef30461, command=[]} | ret=SUCCESS |  
2019-08-20 19:15:24,834 | INFO  | SCMAudit | user=jenkins1000 | ip=192.168.69.105 | op=SEND_HEARTBEAT {datanodeUUID=16f059df-d226-4022-8e81-046858cbfecb, command=[]} | ret=SUCCESS |  
2019-08-20 19:15:24,857 | INFO  | SCMAudit | user=jenkins1000 | ip=192.168.69.105 | op=SEND_HEARTBEAT {datanodeUUID=e4f90e61-f3c9-4b9d-bc15-ac0e2b79db86, command=[]} | ret=SUCCESS |  
2019-08-20 19:15:24,860 | INFO  | SCMAudit | user=jenkins1000 | ip=192.168.69.105 | op=SEND_HEARTBEAT {datanodeUUID=91ae5334-971e-44ba-ab57-2ec2dd220942, command=[]} | ret=SUCCESS |  
2019-08-20 19:15:24,917 | INFO  | SCMAudit | user=jenkins1000 | ip=192.168.69.105 | op=SEND_HEARTBEAT {datanodeUUID=4033865b-8d67-417a-8575-039c711fd8ba, command=[]} | ret=SUCCESS |  
2019-08-20 19:15:25,123 | INFO  | SCMAudit | user=jenkins1000 | ip=192.168.69.105 | op=SEND_HEARTBEAT {datanodeUUID=e274e395-c7b6-408d-a6b4-4add6056d6d1, command=[]} | ret=SUCCESS |  
2019-08-20 19:15:25,337 | INFO  | SCMAudit | user=jenkins1000 | ip=192.168.69.105 | op=SEND_HEARTBEAT {datanodeUUID=1df1583d-c3bd-46e3-b5a9-7f01f9158e7c, command=[]} | ret=SUCCESS |  
2019-08-20 19:15:25,581 | INFO  | SCMAudit | user=jenkins1000 | ip=192.168.69.105 | op=SEND_HEARTBEAT {datanodeUUID=340027e2-c19a-4ce0-8fe2-d5928ef30461, command=[]} | ret=SUCCESS |  
2019-08-20 19:15:25,834 | INFO  | SCMAudit | user=jenkins1000 | ip=192.168.69.105 | op=SEND_HEARTBEAT {datanodeUUID=16f059df-d226-4022-8e81-046858cbfecb, command=[]} | ret=SUCCESS |  
2019-08-20 19:15:25,857 | INFO  | SCMAudit | user=jenkins1000 | ip=192.168.69.105 | op=SEND_HEARTBEAT {datanodeUUID=e4f90e61-f3c9-4b9d-bc15-ac0e2b79db86, command=[]} | ret=SUCCESS |  
2019-08-20 19:15:25,860 | INFO  | SCMAudit | user=jenkins1000 | ip=192.168.69.105 | op=SEND_HEARTBEAT {datanodeUUID=91ae5334-971e-44ba-ab57-2ec2dd220942, command=[]} | ret=SUCCESS |  
2019-08-20 19:15:25,917 | INFO  | SCMAudit | user=jenkins1000 | ip=192.168.69.105 | op=SEND_HEARTBEAT {datanodeUUID=4033865b-8d67-417a-8575-039c711fd8ba, command=[]} | ret=SUCCESS |  
2019-08-20 19:15:26,122 | INFO  | SCMAudit | user=jenkins1000 | ip=192.168.69.105 | op=SEND_HEARTBEAT {datanodeUUID=e274e395-c7b6-408d-a6b4-4add6056d6d1, command=[]} | ret=SUCCESS |  
2019-08-20 19:15:26,338 | INFO  | SCMAudit | user=jenkins1000 | ip=192.168.69.105 | op=SEND_HEARTBEAT {datanodeUUID=1df1583d-c3bd-46e3-b5a9-7f01f9158e7c, command=[]} | ret=SUCCESS |  
2019-08-20 19:15:26,580 | INFO  | SCMAudit | user=jenkins1000 | ip=192.168.69.105 | op=SEND_HEARTBEAT {datanodeUUID=340027e2-c19a-4ce0-8fe2-d5928ef30461, command=[]} | ret=SUCCESS |  
2019-08-20 19:15:26,835 | INFO  | SCMAudit | user=jenkins1000 | ip=192.168.69.105 | op=SEND_HEARTBEAT {datanodeUUID=16f059df-d226-4022-8e81-046858cbfecb, command=[]} | ret=SUCCESS |  
2019-08-20 19:15:26,858 | INFO  | SCMAudit | user=jenkins1000 | ip=192.168.69.105 | op=SEND_HEARTBEAT {datanodeUUID=e4f90e61-f3c9-4b9d-bc15-ac0e2b79db86, command=[]} | ret=SUCCESS |  
2019-08-20 19:15:26,860 | INFO  | SCMAudit | user=jenkins1000 | ip=192.168.69.105 | op=SEND_HEARTBEAT {datanodeUUID=91ae5334-971e-44ba-ab57-2ec2dd220942, command=[]} | ret=SUCCESS |  
2019-08-20 19:15:26,918 | INFO  | SCMAudit | user=jenkins1000 | ip=192.168.69.105 | op=SEND_HEARTBEAT {datanodeUUID=4033865b-8d67-417a-8575-039c711fd8ba, command=[]} | ret=SUCCESS |  
2019-08-20 19:15:27,041 [grpc-default-executor-1] INFO  client.GrpcClientProtocolClient (GrpcClientProtocolClient.java:onNext(255)) - client-8301E8A5B94A->e4f90e61-f3c9-4b9d-bc15-ac0e2b79db86: receive RaftClientReply:client-8301E8A5B94A->e4f90e61-f3c9-4b9d-bc15-ac0e2b79db86@group-782B390D3D40, cid=45, FAILED org.apache.ratis.protocol.NotLeaderException: Server e4f90e61-f3c9-4b9d-bc15-ac0e2b79db86 is not the leader (16f059df-d226-4022-8e81-046858cbfecb:192.168.69.105:37581). Request must be sent to leader., logIndex=0, commits[e4f90e61-f3c9-4b9d-bc15-ac0e2b79db86:c8, 16f059df-d226-4022-8e81-046858cbfecb:c8, 91ae5334-971e-44ba-ab57-2ec2dd220942:c8]
2019-08-20 19:15:27,123 | INFO  | SCMAudit | user=jenkins1000 | ip=192.168.69.105 | op=SEND_HEARTBEAT {datanodeUUID=e274e395-c7b6-408d-a6b4-4add6056d6d1, command=[]} | ret=SUCCESS |  
2019-08-20 19:15:27,338 | INFO  | SCMAudit | user=jenkins1000 | ip=192.168.69.105 | op=SEND_HEARTBEAT {datanodeUUID=1df1583d-c3bd-46e3-b5a9-7f01f9158e7c, command=[]} | ret=SUCCESS |  
2019-08-20 19:15:27,581 | INFO  | SCMAudit | user=jenkins1000 | ip=192.168.69.105 | op=SEND_HEARTBEAT {datanodeUUID=340027e2-c19a-4ce0-8fe2-d5928ef30461, command=[]} | ret=SUCCESS |  
2019-08-20 19:15:27,834 | INFO  | SCMAudit | user=jenkins1000 | ip=192.168.69.105 | op=SEND_HEARTBEAT {datanodeUUID=16f059df-d226-4022-8e81-046858cbfecb, command=[]} | ret=SUCCESS |  
2019-08-20 19:15:27,857 | INFO  | SCMAudit | user=jenkins1000 | ip=192.168.69.105 | op=SEND_HEARTBEAT {datanodeUUID=e4f90e61-f3c9-4b9d-bc15-ac0e2b79db86, command=[]} | ret=SUCCESS |  
2019-08-20 19:15:27,860 | INFO  | SCMAudit | user=jenkins1000 | ip=192.168.69.105 | op=SEND_HEARTBEAT {datanodeUUID=91ae5334-971e-44ba-ab57-2ec2dd220942, command=[]} | ret=SUCCESS |  
2019-08-20 19:15:27,917 | INFO  | SCMAudit | user=jenkins1000 | ip=192.168.69.105 | op=SEND_HEARTBEAT {datanodeUUID=4033865b-8d67-417a-8575-039c711fd8ba, command=[]} | ret=SUCCESS |  
2019-08-20 19:15:28,123 | INFO  | SCMAudit | user=jenkins1000 | ip=192.168.69.105 | op=SEND_HEARTBEAT {datanodeUUID=e274e395-c7b6-408d-a6b4-4add6056d6d1, command=[]} | ret=SUCCESS |  
2019-08-20 19:15:28,338 | INFO  | SCMAudit | user=jenkins1000 | ip=192.168.69.105 | op=SEND_HEARTBEAT {datanodeUUID=1df1583d-c3bd-46e3-b5a9-7f01f9158e7c, command=[]} | ret=SUCCESS |  
2019-08-20 19:15:28,581 | INFO  | SCMAudit | user=jenkins1000 | ip=192.168.69.105 | op=SEND_HEARTBEAT {datanodeUUID=340027e2-c19a-4ce0-8fe2-d5928ef30461, command=[]} | ret=SUCCESS |  
2019-08-20 19:15:28,835 | INFO  | SCMAudit | user=jenkins1000 | ip=192.168.69.105 | op=SEND_HEARTBEAT {datanodeUUID=16f059df-d226-4022-8e81-046858cbfecb, command=[]} | ret=SUCCESS |  
2019-08-20 19:15:28,857 | INFO  | SCMAudit | user=jenkins1000 | ip=192.168.69.105 | op=SEND_HEARTBEAT {datanodeUUID=e4f90e61-f3c9-4b9d-bc15-ac0e2b79db86, command=[]} | ret=SUCCESS |  
2019-08-20 19:15:28,860 | INFO  | SCMAudit | user=jenkins1000 | ip=192.168.69.105 | op=SEND_HEARTBEAT {datanodeUUID=91ae5334-971e-44ba-ab57-2ec2dd220942, command=[]} | ret=SUCCESS |  
2019-08-20 19:15:28,917 | INFO  | SCMAudit | user=jenkins1000 | ip=192.168.69.105 | op=SEND_HEARTBEAT {datanodeUUID=4033865b-8d67-417a-8575-039c711fd8ba, command=[]} | ret=SUCCESS |  
2019-08-20 19:15:29,122 | INFO  | SCMAudit | user=jenkins1000 | ip=192.168.69.105 | op=SEND_HEARTBEAT {datanodeUUID=e274e395-c7b6-408d-a6b4-4add6056d6d1, command=[]} | ret=SUCCESS |  
2019-08-20 19:15:29,338 | INFO  | SCMAudit | user=jenkins1000 | ip=192.168.69.105 | op=SEND_HEARTBEAT {datanodeUUID=1df1583d-c3bd-46e3-b5a9-7f01f9158e7c, command=[]} | ret=SUCCESS |  
2019-08-20 19:15:29,581 | INFO  | SCMAudit | user=jenkins1000 | ip=192.168.69.105 | op=SEND_HEARTBEAT {datanodeUUID=340027e2-c19a-4ce0-8fe2-d5928ef30461, command=[]} | ret=SUCCESS |  
2019-08-20 19:15:29,834 | INFO  | SCMAudit | user=jenkins1000 | ip=192.168.69.105 | op=SEND_HEARTBEAT {datanodeUUID=16f059df-d226-4022-8e81-046858cbfecb, command=[]} | ret=SUCCESS |  
2019-08-20 19:15:29,858 | INFO  | SCMAudit | user=jenkins1000 | ip=192.168.69.105 | op=SEND_HEARTBEAT {datanodeUUID=e4f90e61-f3c9-4b9d-bc15-ac0e2b79db86, command=[]} | ret=SUCCESS |  
2019-08-20 19:15:29,860 | INFO  | SCMAudit | user=jenkins1000 | ip=192.168.69.105 | op=SEND_HEARTBEAT {datanodeUUID=91ae5334-971e-44ba-ab57-2ec2dd220942, command=[]} | ret=SUCCESS |  
2019-08-20 19:15:29,917 | INFO  | SCMAudit | user=jenkins1000 | ip=192.168.69.105 | op=SEND_HEARTBEAT {datanodeUUID=4033865b-8d67-417a-8575-039c711fd8ba, command=[]} | ret=SUCCESS |  
2019-08-20 19:15:30,122 | INFO  | SCMAudit | user=jenkins1000 | ip=192.168.69.105 | op=SEND_HEARTBEAT {datanodeUUID=e274e395-c7b6-408d-a6b4-4add6056d6d1, command=[]} | ret=SUCCESS |  
2019-08-20 19:15:30,339 | INFO  | SCMAudit | user=jenkins1000 | ip=192.168.69.105 | op=SEND_HEARTBEAT {datanodeUUID=1df1583d-c3bd-46e3-b5a9-7f01f9158e7c, command=[]} | ret=SUCCESS |  
2019-08-20 19:15:30,582 | INFO  | SCMAudit | user=jenkins1000 | ip=192.168.69.105 | op=SEND_HEARTBEAT {datanodeUUID=340027e2-c19a-4ce0-8fe2-d5928ef30461, command=[]} | ret=SUCCESS |  
2019-08-20 19:15:30,835 | INFO  | SCMAudit | user=jenkins1000 | ip=192.168.69.105 | op=SEND_HEARTBEAT {datanodeUUID=16f059df-d226-4022-8e81-046858cbfecb, command=[]} | ret=SUCCESS |  
2019-08-20 19:15:30,858 | INFO  | SCMAudit | user=jenkins1000 | ip=192.168.69.105 | op=SEND_HEARTBEAT {datanodeUUID=e4f90e61-f3c9-4b9d-bc15-ac0e2b79db86, command=[]} | ret=SUCCESS |  
2019-08-20 19:15:30,860 | INFO  | SCMAudit | user=jenkins1000 | ip=192.168.69.105 | op=SEND_HEARTBEAT {datanodeUUID=91ae5334-971e-44ba-ab57-2ec2dd220942, command=[]} | ret=SUCCESS |  
2019-08-20 19:15:30,918 | INFO  | SCMAudit | user=jenkins1000 | ip=192.168.69.105 | op=SEND_HEARTBEAT {datanodeUUID=4033865b-8d67-417a-8575-039c711fd8ba, command=[]} | ret=SUCCESS |  
2019-08-20 19:15:31,123 | INFO  | SCMAudit | user=jenkins1000 | ip=192.168.69.105 | op=SEND_HEARTBEAT {datanodeUUID=e274e395-c7b6-408d-a6b4-4add6056d6d1, command=[]} | ret=SUCCESS |  
2019-08-20 19:15:31,340 | INFO  | SCMAudit | user=jenkins1000 | ip=192.168.69.105 | op=SEND_HEARTBEAT {datanodeUUID=1df1583d-c3bd-46e3-b5a9-7f01f9158e7c, command=[]} | ret=SUCCESS |  
2019-08-20 19:15:31,582 | INFO  | SCMAudit | user=jenkins1000 | ip=192.168.69.105 | op=SEND_HEARTBEAT {datanodeUUID=340027e2-c19a-4ce0-8fe2-d5928ef30461, command=[]} | ret=SUCCESS |  
2019-08-20 19:15:31,835 | INFO  | SCMAudit | user=jenkins1000 | ip=192.168.69.105 | op=SEND_HEARTBEAT {datanodeUUID=16f059df-d226-4022-8e81-046858cbfecb, command=[]} | ret=SUCCESS |  
2019-08-20 19:15:31,859 | INFO  | SCMAudit | user=jenkins1000 | ip=192.168.69.105 | op=SEND_HEARTBEAT {datanodeUUID=e4f90e61-f3c9-4b9d-bc15-ac0e2b79db86, command=[]} | ret=SUCCESS |  
2019-08-20 19:15:31,860 | INFO  | SCMAudit | user=jenkins1000 | ip=192.168.69.105 | op=SEND_HEARTBEAT {datanodeUUID=91ae5334-971e-44ba-ab57-2ec2dd220942, command=[]} | ret=SUCCESS |  
2019-08-20 19:15:31,918 | INFO  | SCMAudit | user=jenkins1000 | ip=192.168.69.105 | op=SEND_HEARTBEAT {datanodeUUID=4033865b-8d67-417a-8575-039c711fd8ba, command=[]} | ret=SUCCESS |  
2019-08-20 19:15:32,076 [grpc-default-executor-4] INFO  client.GrpcClientProtocolClient (GrpcClientProtocolClient.java:onNext(255)) - client-8301E8A5B94A->91ae5334-971e-44ba-ab57-2ec2dd220942: receive RaftClientReply:client-8301E8A5B94A->91ae5334-971e-44ba-ab57-2ec2dd220942@group-782B390D3D40, cid=45, FAILED org.apache.ratis.protocol.NotLeaderException: Server 91ae5334-971e-44ba-ab57-2ec2dd220942 is not the leader (16f059df-d226-4022-8e81-046858cbfecb:192.168.69.105:37581). Request must be sent to leader., logIndex=0, commits[91ae5334-971e-44ba-ab57-2ec2dd220942:c8, e4f90e61-f3c9-4b9d-bc15-ac0e2b79db86:c8, 16f059df-d226-4022-8e81-046858cbfecb:c8]
2019-08-20 19:15:32,122 | INFO  | SCMAudit | user=jenkins1000 | ip=192.168.69.105 | op=SEND_HEARTBEAT {datanodeUUID=e274e395-c7b6-408d-a6b4-4add6056d6d1, command=[]} | ret=SUCCESS |  
2019-08-20 19:15:32,339 | INFO  | SCMAudit | user=jenkins1000 | ip=192.168.69.105 | op=SEND_HEARTBEAT {datanodeUUID=1df1583d-c3bd-46e3-b5a9-7f01f9158e7c, command=[]} | ret=SUCCESS |  
2019-08-20 19:15:32,581 | INFO  | SCMAudit | user=jenkins1000 | ip=192.168.69.105 | op=SEND_HEARTBEAT {datanodeUUID=340027e2-c19a-4ce0-8fe2-d5928ef30461, command=[]} | ret=SUCCESS |  
2019-08-20 19:15:32,834 | INFO  | SCMAudit | user=jenkins1000 | ip=192.168.69.105 | op=SEND_HEARTBEAT {datanodeUUID=16f059df-d226-4022-8e81-046858cbfecb, command=[]} | ret=SUCCESS |  
2019-08-20 19:15:32,859 | INFO  | SCMAudit | user=jenkins1000 | ip=192.168.69.105 | op=SEND_HEARTBEAT {datanodeUUID=e4f90e61-f3c9-4b9d-bc15-ac0e2b79db86, command=[]} | ret=SUCCESS |  
2019-08-20 19:15:32,860 | INFO  | SCMAudit | user=jenkins1000 | ip=192.168.69.105 | op=SEND_HEARTBEAT {datanodeUUID=91ae5334-971e-44ba-ab57-2ec2dd220942, command=[]} | ret=SUCCESS |  
2019-08-20 19:15:32,919 | INFO  | SCMAudit | user=jenkins1000 | ip=192.168.69.105 | op=SEND_HEARTBEAT {datanodeUUID=4033865b-8d67-417a-8575-039c711fd8ba, command=[]} | ret=SUCCESS |  
2019-08-20 19:15:33,127 | INFO  | SCMAudit | user=jenkins1000 | ip=192.168.69.105 | op=SEND_HEARTBEAT {datanodeUUID=e274e395-c7b6-408d-a6b4-4add6056d6d1, command=[]} | ret=SUCCESS |  
2019-08-20 19:15:33,339 | INFO  | SCMAudit | user=jenkins1000 | ip=192.168.69.105 | op=SEND_HEARTBEAT {datanodeUUID=1df1583d-c3bd-46e3-b5a9-7f01f9158e7c, command=[]} | ret=SUCCESS |  
2019-08-20 19:15:33,581 | INFO  | SCMAudit | user=jenkins1000 | ip=192.168.69.105 | op=SEND_HEARTBEAT {datanodeUUID=340027e2-c19a-4ce0-8fe2-d5928ef30461, command=[]} | ret=SUCCESS |  
2019-08-20 19:15:33,835 | INFO  | SCMAudit | user=jenkins1000 | ip=192.168.69.105 | op=SEND_HEARTBEAT {datanodeUUID=16f059df-d226-4022-8e81-046858cbfecb, command=[]} | ret=SUCCESS |  
2019-08-20 19:15:33,859 | INFO  | SCMAudit | user=jenkins1000 | ip=192.168.69.105 | op=SEND_HEARTBEAT {datanodeUUID=e4f90e61-f3c9-4b9d-bc15-ac0e2b79db86, command=[]} | ret=SUCCESS |  
2019-08-20 19:15:33,860 | INFO  | SCMAudit | user=jenkins1000 | ip=192.168.69.105 | op=SEND_HEARTBEAT {datanodeUUID=91ae5334-971e-44ba-ab57-2ec2dd220942, command=[]} | ret=SUCCESS |  
2019-08-20 19:15:33,919 | INFO  | SCMAudit | user=jenkins1000 | ip=192.168.69.105 | op=SEND_HEARTBEAT {datanodeUUID=4033865b-8d67-417a-8575-039c711fd8ba, command=[]} | ret=SUCCESS |  
2019-08-20 19:15:34,123 | INFO  | SCMAudit | user=jenkins1000 | ip=192.168.69.105 | op=SEND_HEARTBEAT {datanodeUUID=e274e395-c7b6-408d-a6b4-4add6056d6d1, command=[]} | ret=SUCCESS |  
2019-08-20 19:15:34,339 | INFO  | SCMAudit | user=jenkins1000 | ip=192.168.69.105 | op=SEND_HEARTBEAT {datanodeUUID=1df1583d-c3bd-46e3-b5a9-7f01f9158e7c, command=[]} | ret=SUCCESS |  
2019-08-20 19:15:34,581 | INFO  | SCMAudit | user=jenkins1000 | ip=192.168.69.105 | op=SEND_HEARTBEAT {datanodeUUID=340027e2-c19a-4ce0-8fe2-d5928ef30461, command=[]} | ret=SUCCESS |  
2019-08-20 19:15:34,834 | INFO  | SCMAudit | user=jenkins1000 | ip=192.168.69.105 | op=SEND_HEARTBEAT {datanodeUUID=16f059df-d226-4022-8e81-046858cbfecb, command=[]} | ret=SUCCESS |  
2019-08-20 19:15:34,860 | INFO  | SCMAudit | user=jenkins1000 | ip=192.168.69.105 | op=SEND_HEARTBEAT {datanodeUUID=e4f90e61-f3c9-4b9d-bc15-ac0e2b79db86, command=[]} | ret=SUCCESS |  
2019-08-20 19:15:34,860 | INFO  | SCMAudit | user=jenkins1000 | ip=192.168.69.105 | op=SEND_HEARTBEAT {datanodeUUID=91ae5334-971e-44ba-ab57-2ec2dd220942, command=[]} | ret=SUCCESS |  
2019-08-20 19:15:34,919 | INFO  | SCMAudit | user=jenkins1000 | ip=192.168.69.105 | op=SEND_HEARTBEAT {datanodeUUID=4033865b-8d67-417a-8575-039c711fd8ba, command=[]} | ret=SUCCESS |  
2019-08-20 19:15:35,122 | INFO  | SCMAudit | user=jenkins1000 | ip=192.168.69.105 | op=SEND_HEARTBEAT {datanodeUUID=e274e395-c7b6-408d-a6b4-4add6056d6d1, command=[]} | ret=SUCCESS |  
2019-08-20 19:15:35,340 | INFO  | SCMAudit | user=jenkins1000 | ip=192.168.69.105 | op=SEND_HEARTBEAT {datanodeUUID=1df1583d-c3bd-46e3-b5a9-7f01f9158e7c, command=[]} | ret=SUCCESS |  
2019-08-20 19:15:35,582 | INFO  | SCMAudit | user=jenkins1000 | ip=192.168.69.105 | op=SEND_HEARTBEAT {datanodeUUID=340027e2-c19a-4ce0-8fe2-d5928ef30461, command=[]} | ret=SUCCESS |  
2019-08-20 19:15:35,835 | INFO  | SCMAudit | user=jenkins1000 | ip=192.168.69.105 | op=SEND_HEARTBEAT {datanodeUUID=16f059df-d226-4022-8e81-046858cbfecb, command=[]} | ret=SUCCESS |  
2019-08-20 19:15:35,860 | INFO  | SCMAudit | user=jenkins1000 | ip=192.168.69.105 | op=SEND_HEARTBEAT {datanodeUUID=91ae5334-971e-44ba-ab57-2ec2dd220942, command=[]} | ret=SUCCESS |  
2019-08-20 19:15:35,860 | INFO  | SCMAudit | user=jenkins1000 | ip=192.168.69.105 | op=SEND_HEARTBEAT {datanodeUUID=e4f90e61-f3c9-4b9d-bc15-ac0e2b79db86, command=[]} | ret=SUCCESS |  
2019-08-20 19:15:35,920 | INFO  | SCMAudit | user=jenkins1000 | ip=192.168.69.105 | op=SEND_HEARTBEAT {datanodeUUID=4033865b-8d67-417a-8575-039c711fd8ba, command=[]} | ret=SUCCESS |  
2019-08-20 19:15:36,123 | INFO  | SCMAudit | user=jenkins1000 | ip=192.168.69.105 | op=SEND_HEARTBEAT {datanodeUUID=e274e395-c7b6-408d-a6b4-4add6056d6d1, command=[]} | ret=SUCCESS |  
2019-08-20 19:15:36,340 | INFO  | SCMAudit | user=jenkins1000 | ip=192.168.69.105 | op=SEND_HEARTBEAT {datanodeUUID=1df1583d-c3bd-46e3-b5a9-7f01f9158e7c, command=[]} | ret=SUCCESS |  
2019-08-20 19:15:36,582 | INFO  | SCMAudit | user=jenkins1000 | ip=192.168.69.105 | op=SEND_HEARTBEAT {datanodeUUID=340027e2-c19a-4ce0-8fe2-d5928ef30461, command=[]} | ret=SUCCESS |  
2019-08-20 19:15:36,834 | INFO  | SCMAudit | user=jenkins1000 | ip=192.168.69.105 | op=SEND_HEARTBEAT {datanodeUUID=16f059df-d226-4022-8e81-046858cbfecb, command=[]} | ret=SUCCESS |  
2019-08-20 19:15:36,861 | INFO  | SCMAudit | user=jenkins1000 | ip=192.168.69.105 | op=SEND_HEARTBEAT {datanodeUUID=e4f90e61-f3c9-4b9d-bc15-ac0e2b79db86, command=[]} | ret=SUCCESS |  
2019-08-20 19:15:36,861 | INFO  | SCMAudit | user=jenkins1000 | ip=192.168.69.105 | op=SEND_HEARTBEAT {datanodeUUID=91ae5334-971e-44ba-ab57-2ec2dd220942, command=[]} | ret=SUCCESS |  
2019-08-20 19:15:36,919 | INFO  | SCMAudit | user=jenkins1000 | ip=192.168.69.105 | op=SEND_HEARTBEAT {datanodeUUID=4033865b-8d67-417a-8575-039c711fd8ba, command=[]} | ret=SUCCESS |  
2019-08-20 19:15:37,123 | INFO  | SCMAudit | user=jenkins1000 | ip=192.168.69.105 | op=SEND_HEARTBEAT {datanodeUUID=e274e395-c7b6-408d-a6b4-4add6056d6d1, command=[]} | ret=SUCCESS |  
2019-08-20 19:15:37,142 [grpc-default-executor-1] INFO  client.GrpcClientProtocolClient (GrpcClientProtocolClient.java:onNext(255)) - client-8301E8A5B94A->91ae5334-971e-44ba-ab57-2ec2dd220942: receive RaftClientReply:client-8301E8A5B94A->91ae5334-971e-44ba-ab57-2ec2dd220942@group-782B390D3D40, cid=45, FAILED org.apache.ratis.protocol.NotLeaderException: Server 91ae5334-971e-44ba-ab57-2ec2dd220942 is not the leader (16f059df-d226-4022-8e81-046858cbfecb:192.168.69.105:37581). Request must be sent to leader., logIndex=0, commits[91ae5334-971e-44ba-ab57-2ec2dd220942:c8, e4f90e61-f3c9-4b9d-bc15-ac0e2b79db86:c8, 16f059df-d226-4022-8e81-046858cbfecb:c8]
2019-08-20 19:15:37,340 | INFO  | SCMAudit | user=jenkins1000 | ip=192.168.69.105 | op=SEND_HEARTBEAT {datanodeUUID=1df1583d-c3bd-46e3-b5a9-7f01f9158e7c, command=[]} | ret=SUCCESS |  
2019-08-20 19:15:37,582 | INFO  | SCMAudit | user=jenkins1000 | ip=192.168.69.105 | op=SEND_HEARTBEAT {datanodeUUID=340027e2-c19a-4ce0-8fe2-d5928ef30461, command=[]} | ret=SUCCESS |  
2019-08-20 19:15:37,834 | INFO  | SCMAudit | user=jenkins1000 | ip=192.168.69.105 | op=SEND_HEARTBEAT {datanodeUUID=16f059df-d226-4022-8e81-046858cbfecb, command=[]} | ret=SUCCESS |  
2019-08-20 19:15:37,860 | INFO  | SCMAudit | user=jenkins1000 | ip=192.168.69.105 | op=SEND_HEARTBEAT {datanodeUUID=91ae5334-971e-44ba-ab57-2ec2dd220942, command=[]} | ret=SUCCESS |  
2019-08-20 19:15:37,860 | INFO  | SCMAudit | user=jenkins1000 | ip=192.168.69.105 | op=SEND_HEARTBEAT {datanodeUUID=e4f90e61-f3c9-4b9d-bc15-ac0e2b79db86, command=[]} | ret=SUCCESS |  
2019-08-20 19:15:37,919 | INFO  | SCMAudit | user=jenkins1000 | ip=192.168.69.105 | op=SEND_HEARTBEAT {datanodeUUID=4033865b-8d67-417a-8575-039c711fd8ba, command=[]} | ret=SUCCESS |  
2019-08-20 19:15:38,123 | INFO  | SCMAudit | user=jenkins1000 | ip=192.168.69.105 | op=SEND_HEARTBEAT {datanodeUUID=e274e395-c7b6-408d-a6b4-4add6056d6d1, command=[]} | ret=SUCCESS |  
2019-08-20 19:15:38,341 | INFO  | SCMAudit | user=jenkins1000 | ip=192.168.69.105 | op=SEND_HEARTBEAT {datanodeUUID=1df1583d-c3bd-46e3-b5a9-7f01f9158e7c, command=[]} | ret=SUCCESS |  
2019-08-20 19:15:38,582 | INFO  | SCMAudit | user=jenkins1000 | ip=192.168.69.105 | op=SEND_HEARTBEAT {datanodeUUID=340027e2-c19a-4ce0-8fe2-d5928ef30461, command=[]} | ret=SUCCESS |  
2019-08-20 19:15:38,834 | INFO  | SCMAudit | user=jenkins1000 | ip=192.168.69.105 | op=SEND_HEARTBEAT {datanodeUUID=16f059df-d226-4022-8e81-046858cbfecb, command=[]} | ret=SUCCESS |  
2019-08-20 19:15:38,860 | INFO  | SCMAudit | user=jenkins1000 | ip=192.168.69.105 | op=SEND_HEARTBEAT {datanodeUUID=91ae5334-971e-44ba-ab57-2ec2dd220942, command=[]} | ret=SUCCESS |  
2019-08-20 19:15:38,860 | INFO  | SCMAudit | user=jenkins1000 | ip=192.168.69.105 | op=SEND_HEARTBEAT {datanodeUUID=e4f90e61-f3c9-4b9d-bc15-ac0e2b79db86, command=[]} | ret=SUCCESS |  
2019-08-20 19:15:38,920 | INFO  | SCMAudit | user=jenkins1000 | ip=192.168.69.105 | op=SEND_HEARTBEAT {datanodeUUID=4033865b-8d67-417a-8575-039c711fd8ba, command=[]} | ret=SUCCESS |  
2019-08-20 19:15:39,124 | INFO  | SCMAudit | user=jenkins1000 | ip=192.168.69.105 | op=SEND_HEARTBEAT {datanodeUUID=e274e395-c7b6-408d-a6b4-4add6056d6d1, command=[]} | ret=SUCCESS |  
2019-08-20 19:15:39,340 | INFO  | SCMAudit | user=jenkins1000 | ip=192.168.69.105 | op=SEND_HEARTBEAT {datanodeUUID=1df1583d-c3bd-46e3-b5a9-7f01f9158e7c, command=[]} | ret=SUCCESS |  
2019-08-20 19:15:39,583 | INFO  | SCMAudit | user=jenkins1000 | ip=192.168.69.105 | op=SEND_HEARTBEAT {datanodeUUID=340027e2-c19a-4ce0-8fe2-d5928ef30461, command=[]} | ret=SUCCESS |  
2019-08-20 19:15:39,835 | INFO  | SCMAudit | user=jenkins1000 | ip=192.168.69.105 | op=SEND_HEARTBEAT {datanodeUUID=16f059df-d226-4022-8e81-046858cbfecb, command=[]} | ret=SUCCESS |  
2019-08-20 19:15:39,860 | INFO  | SCMAudit | user=jenkins1000 | ip=192.168.69.105 | op=SEND_HEARTBEAT {datanodeUUID=91ae5334-971e-44ba-ab57-2ec2dd220942, command=[]} | ret=SUCCESS |  
2019-08-20 19:15:39,860 | INFO  | SCMAudit | user=jenkins1000 | ip=192.168.69.105 | op=SEND_HEARTBEAT {datanodeUUID=e4f90e61-f3c9-4b9d-bc15-ac0e2b79db86, command=[]} | ret=SUCCESS |  
2019-08-20 19:15:39,919 | INFO  | SCMAudit | user=jenkins1000 | ip=192.168.69.105 | op=SEND_HEARTBEAT {datanodeUUID=4033865b-8d67-417a-8575-039c711fd8ba, command=[]} | ret=SUCCESS |  
2019-08-20 19:15:40,124 | INFO  | SCMAudit | user=jenkins1000 | ip=192.168.69.105 | op=SEND_HEARTBEAT {datanodeUUID=e274e395-c7b6-408d-a6b4-4add6056d6d1, command=[]} | ret=SUCCESS |  
2019-08-20 19:15:40,340 | INFO  | SCMAudit | user=jenkins1000 | ip=192.168.69.105 | op=SEND_HEARTBEAT {datanodeUUID=1df1583d-c3bd-46e3-b5a9-7f01f9158e7c, command=[]} | ret=SUCCESS |  
2019-08-20 19:15:40,583 | INFO  | SCMAudit | user=jenkins1000 | ip=192.168.69.105 | op=SEND_HEARTBEAT {datanodeUUID=340027e2-c19a-4ce0-8fe2-d5928ef30461, command=[]} | ret=SUCCESS |  
2019-08-20 19:15:40,835 | INFO  | SCMAudit | user=jenkins1000 | ip=192.168.69.105 | op=SEND_HEARTBEAT {datanodeUUID=16f059df-d226-4022-8e81-046858cbfecb, command=[]} | ret=SUCCESS |  
2019-08-20 19:15:40,860 | INFO  | SCMAudit | user=jenkins1000 | ip=192.168.69.105 | op=SEND_HEARTBEAT {datanodeUUID=91ae5334-971e-44ba-ab57-2ec2dd220942, command=[]} | ret=SUCCESS |  
2019-08-20 19:15:40,860 | INFO  | SCMAudit | user=jenkins1000 | ip=192.168.69.105 | op=SEND_HEARTBEAT {datanodeUUID=e4f90e61-f3c9-4b9d-bc15-ac0e2b79db86, command=[]} | ret=SUCCESS |  
2019-08-20 19:15:40,921 | INFO  | SCMAudit | user=jenkins1000 | ip=192.168.69.105 | op=SEND_HEARTBEAT {datanodeUUID=4033865b-8d67-417a-8575-039c711fd8ba, command=[]} | ret=SUCCESS |  
2019-08-20 19:15:41,124 | INFO  | SCMAudit | user=jenkins1000 | ip=192.168.69.105 | op=SEND_HEARTBEAT {datanodeUUID=e274e395-c7b6-408d-a6b4-4add6056d6d1, command=[]} | ret=SUCCESS |  
2019-08-20 19:15:41,340 | INFO  | SCMAudit | user=jenkins1000 | ip=192.168.69.105 | op=SEND_HEARTBEAT {datanodeUUID=1df1583d-c3bd-46e3-b5a9-7f01f9158e7c, command=[]} | ret=SUCCESS |  
2019-08-20 19:15:41,584 | INFO  | SCMAudit | user=jenkins1000 | ip=192.168.69.105 | op=SEND_HEARTBEAT {datanodeUUID=340027e2-c19a-4ce0-8fe2-d5928ef30461, command=[]} | ret=SUCCESS |  
2019-08-20 19:15:41,835 | INFO  | SCMAudit | user=jenkins1000 | ip=192.168.69.105 | op=SEND_HEARTBEAT {datanodeUUID=16f059df-d226-4022-8e81-046858cbfecb, command=[]} | ret=SUCCESS |  
2019-08-20 19:15:41,860 | INFO  | SCMAudit | user=jenkins1000 | ip=192.168.69.105 | op=SEND_HEARTBEAT {datanodeUUID=e4f90e61-f3c9-4b9d-bc15-ac0e2b79db86, command=[]} | ret=SUCCESS |  
2019-08-20 19:15:41,860 | INFO  | SCMAudit | user=jenkins1000 | ip=192.168.69.105 | op=SEND_HEARTBEAT {datanodeUUID=91ae5334-971e-44ba-ab57-2ec2dd220942, command=[]} | ret=SUCCESS |  
2019-08-20 19:15:41,921 | INFO  | SCMAudit | user=jenkins1000 | ip=192.168.69.105 | op=SEND_HEARTBEAT {datanodeUUID=4033865b-8d67-417a-8575-039c711fd8ba, command=[]} | ret=SUCCESS |  
2019-08-20 19:15:42,124 | INFO  | SCMAudit | user=jenkins1000 | ip=192.168.69.105 | op=SEND_HEARTBEAT {datanodeUUID=e274e395-c7b6-408d-a6b4-4add6056d6d1, command=[]} | ret=SUCCESS |  
2019-08-20 19:15:42,178 [grpc-default-executor-1] INFO  client.GrpcClientProtocolClient (GrpcClientProtocolClient.java:onNext(255)) - client-8301E8A5B94A->91ae5334-971e-44ba-ab57-2ec2dd220942: receive RaftClientReply:client-8301E8A5B94A->91ae5334-971e-44ba-ab57-2ec2dd220942@group-782B390D3D40, cid=45, FAILED org.apache.ratis.protocol.NotLeaderException: Server 91ae5334-971e-44ba-ab57-2ec2dd220942 is not the leader (16f059df-d226-4022-8e81-046858cbfecb:192.168.69.105:37581). Request must be sent to leader., logIndex=0, commits[91ae5334-971e-44ba-ab57-2ec2dd220942:c8, e4f90e61-f3c9-4b9d-bc15-ac0e2b79db86:c8, 16f059df-d226-4022-8e81-046858cbfecb:c8]
2019-08-20 19:15:42,340 | INFO  | SCMAudit | user=jenkins1000 | ip=192.168.69.105 | op=SEND_HEARTBEAT {datanodeUUID=1df1583d-c3bd-46e3-b5a9-7f01f9158e7c, command=[]} | ret=SUCCESS |  
2019-08-20 19:15:42,583 | INFO  | SCMAudit | user=jenkins1000 | ip=192.168.69.105 | op=SEND_HEARTBEAT {datanodeUUID=340027e2-c19a-4ce0-8fe2-d5928ef30461, command=[]} | ret=SUCCESS |  
2019-08-20 19:15:42,836 | INFO  | SCMAudit | user=jenkins1000 | ip=192.168.69.105 | op=SEND_HEARTBEAT {datanodeUUID=16f059df-d226-4022-8e81-046858cbfecb, command=[]} | ret=SUCCESS |  
2019-08-20 19:15:42,861 | INFO  | SCMAudit | user=jenkins1000 | ip=192.168.69.105 | op=SEND_HEARTBEAT {datanodeUUID=91ae5334-971e-44ba-ab57-2ec2dd220942, command=[]} | ret=SUCCESS |  
2019-08-20 19:15:42,861 | INFO  | SCMAudit | user=jenkins1000 | ip=192.168.69.105 | op=SEND_HEARTBEAT {datanodeUUID=e4f90e61-f3c9-4b9d-bc15-ac0e2b79db86, command=[]} | ret=SUCCESS |  
2019-08-20 19:15:42,921 | INFO  | SCMAudit | user=jenkins1000 | ip=192.168.69.105 | op=SEND_HEARTBEAT {datanodeUUID=4033865b-8d67-417a-8575-039c711fd8ba, command=[]} | ret=SUCCESS |  
2019-08-20 19:15:43,124 | INFO  | SCMAudit | user=jenkins1000 | ip=192.168.69.105 | op=SEND_HEARTBEAT {datanodeUUID=e274e395-c7b6-408d-a6b4-4add6056d6d1, command=[]} | ret=SUCCESS |  
2019-08-20 19:15:43,341 | INFO  | SCMAudit | user=jenkins1000 | ip=192.168.69.105 | op=SEND_HEARTBEAT {datanodeUUID=1df1583d-c3bd-46e3-b5a9-7f01f9158e7c, command=[]} | ret=SUCCESS |  
2019-08-20 19:15:43,582 | INFO  | SCMAudit | user=jenkins1000 | ip=192.168.69.105 | op=SEND_HEARTBEAT {datanodeUUID=340027e2-c19a-4ce0-8fe2-d5928ef30461, command=[]} | ret=SUCCESS |  
2019-08-20 19:15:43,835 | INFO  | SCMAudit | user=jenkins1000 | ip=192.168.69.105 | op=SEND_HEARTBEAT {datanodeUUID=16f059df-d226-4022-8e81-046858cbfecb, command=[]} | ret=SUCCESS |  
2019-08-20 19:15:43,861 | INFO  | SCMAudit | user=jenkins1000 | ip=192.168.69.105 | op=SEND_HEARTBEAT {datanodeUUID=91ae5334-971e-44ba-ab57-2ec2dd220942, command=[]} | ret=SUCCESS |  
2019-08-20 19:15:43,861 | INFO  | SCMAudit | user=jenkins1000 | ip=192.168.69.105 | op=SEND_HEARTBEAT {datanodeUUID=e4f90e61-f3c9-4b9d-bc15-ac0e2b79db86, command=[]} | ret=SUCCESS |  
2019-08-20 19:15:43,921 | INFO  | SCMAudit | user=jenkins1000 | ip=192.168.69.105 | op=SEND_HEARTBEAT {datanodeUUID=4033865b-8d67-417a-8575-039c711fd8ba, command=[]} | ret=SUCCESS |  
2019-08-20 19:15:44,124 | INFO  | SCMAudit | user=jenkins1000 | ip=192.168.69.105 | op=SEND_HEARTBEAT {datanodeUUID=e274e395-c7b6-408d-a6b4-4add6056d6d1, command=[]} | ret=SUCCESS |  
2019-08-20 19:15:44,341 | INFO  | SCMAudit | user=jenkins1000 | ip=192.168.69.105 | op=SEND_HEARTBEAT {datanodeUUID=1df1583d-c3bd-46e3-b5a9-7f01f9158e7c, command=[]} | ret=SUCCESS |  
2019-08-20 19:15:44,582 | INFO  | SCMAudit | user=jenkins1000 | ip=192.168.69.105 | op=SEND_HEARTBEAT {datanodeUUID=340027e2-c19a-4ce0-8fe2-d5928ef30461, command=[]} | ret=SUCCESS |  
2019-08-20 19:15:44,835 | INFO  | SCMAudit | user=jenkins1000 | ip=192.168.69.105 | op=SEND_HEARTBEAT {datanodeUUID=16f059df-d226-4022-8e81-046858cbfecb, command=[]} | ret=SUCCESS |  
2019-08-20 19:15:44,861 | INFO  | SCMAudit | user=jenkins1000 | ip=192.168.69.105 | op=SEND_HEARTBEAT {datanodeUUID=91ae5334-971e-44ba-ab57-2ec2dd220942, command=[]} | ret=SUCCESS |  
2019-08-20 19:15:44,861 | INFO  | SCMAudit | user=jenkins1000 | ip=192.168.69.105 | op=SEND_HEARTBEAT {datanodeUUID=e4f90e61-f3c9-4b9d-bc15-ac0e2b79db86, command=[]} | ret=SUCCESS |  
2019-08-20 19:15:44,921 | INFO  | SCMAudit | user=jenkins1000 | ip=192.168.69.105 | op=SEND_HEARTBEAT {datanodeUUID=4033865b-8d67-417a-8575-039c711fd8ba, command=[]} | ret=SUCCESS |  
2019-08-20 19:15:45,125 | INFO  | SCMAudit | user=jenkins1000 | ip=192.168.69.105 | op=SEND_HEARTBEAT {datanodeUUID=e274e395-c7b6-408d-a6b4-4add6056d6d1, command=[]} | ret=SUCCESS |  
2019-08-20 19:15:45,341 | INFO  | SCMAudit | user=jenkins1000 | ip=192.168.69.105 | op=SEND_HEARTBEAT {datanodeUUID=1df1583d-c3bd-46e3-b5a9-7f01f9158e7c, command=[]} | ret=SUCCESS |  
2019-08-20 19:15:45,583 | INFO  | SCMAudit | user=jenkins1000 | ip=192.168.69.105 | op=SEND_HEARTBEAT {datanodeUUID=340027e2-c19a-4ce0-8fe2-d5928ef30461, command=[]} | ret=SUCCESS |  
2019-08-20 19:15:45,836 | INFO  | SCMAudit | user=jenkins1000 | ip=192.168.69.105 | op=SEND_HEARTBEAT {datanodeUUID=16f059df-d226-4022-8e81-046858cbfecb, command=[]} | ret=SUCCESS |  
2019-08-20 19:15:45,862 | INFO  | SCMAudit | user=jenkins1000 | ip=192.168.69.105 | op=SEND_HEARTBEAT {datanodeUUID=e4f90e61-f3c9-4b9d-bc15-ac0e2b79db86, command=[]} | ret=SUCCESS |  
2019-08-20 19:15:45,862 | INFO  | SCMAudit | user=jenkins1000 | ip=192.168.69.105 | op=SEND_HEARTBEAT {datanodeUUID=91ae5334-971e-44ba-ab57-2ec2dd220942, command=[]} | ret=SUCCESS |  
2019-08-20 19:15:45,921 | INFO  | SCMAudit | user=jenkins1000 | ip=192.168.69.105 | op=SEND_HEARTBEAT {datanodeUUID=4033865b-8d67-417a-8575-039c711fd8ba, command=[]} | ret=SUCCESS |  
2019-08-20 19:15:46,124 | INFO  | SCMAudit | user=jenkins1000 | ip=192.168.69.105 | op=SEND_HEARTBEAT {datanodeUUID=e274e395-c7b6-408d-a6b4-4add6056d6d1, command=[]} | ret=SUCCESS |  
2019-08-20 19:15:46,342 | INFO  | SCMAudit | user=jenkins1000 | ip=192.168.69.105 | op=SEND_HEARTBEAT {datanodeUUID=1df1583d-c3bd-46e3-b5a9-7f01f9158e7c, command=[]} | ret=SUCCESS |  
2019-08-20 19:15:46,582 | INFO  | SCMAudit | user=jenkins1000 | ip=192.168.69.105 | op=SEND_HEARTBEAT {datanodeUUID=340027e2-c19a-4ce0-8fe2-d5928ef30461, command=[]} | ret=SUCCESS |  
2019-08-20 19:15:46,837 | INFO  | SCMAudit | user=jenkins1000 | ip=192.168.69.105 | op=SEND_HEARTBEAT {datanodeUUID=16f059df-d226-4022-8e81-046858cbfecb, command=[]} | ret=SUCCESS |  
2019-08-20 19:15:46,861 | INFO  | SCMAudit | user=jenkins1000 | ip=192.168.69.105 | op=SEND_HEARTBEAT {datanodeUUID=e4f90e61-f3c9-4b9d-bc15-ac0e2b79db86, command=[]} | ret=SUCCESS |  
2019-08-20 19:15:46,861 | INFO  | SCMAudit | user=jenkins1000 | ip=192.168.69.105 | op=SEND_HEARTBEAT {datanodeUUID=91ae5334-971e-44ba-ab57-2ec2dd220942, command=[]} | ret=SUCCESS |  
2019-08-20 19:15:46,922 | INFO  | SCMAudit | user=jenkins1000 | ip=192.168.69.105 | op=SEND_HEARTBEAT {datanodeUUID=4033865b-8d67-417a-8575-039c711fd8ba, command=[]} | ret=SUCCESS |  
2019-08-20 19:15:47,124 | INFO  | SCMAudit | user=jenkins1000 | ip=192.168.69.105 | op=SEND_HEARTBEAT {datanodeUUID=e274e395-c7b6-408d-a6b4-4add6056d6d1, command=[]} | ret=SUCCESS |  
2019-08-20 19:15:47,215 [grpc-default-executor-4] INFO  client.GrpcClientProtocolClient (GrpcClientProtocolClient.java:onNext(255)) - client-8301E8A5B94A->e4f90e61-f3c9-4b9d-bc15-ac0e2b79db86: receive RaftClientReply:client-8301E8A5B94A->e4f90e61-f3c9-4b9d-bc15-ac0e2b79db86@group-782B390D3D40, cid=45, FAILED org.apache.ratis.protocol.NotLeaderException: Server e4f90e61-f3c9-4b9d-bc15-ac0e2b79db86 is not the leader (16f059df-d226-4022-8e81-046858cbfecb:192.168.69.105:37581). Request must be sent to leader., logIndex=0, commits[e4f90e61-f3c9-4b9d-bc15-ac0e2b79db86:c8, 16f059df-d226-4022-8e81-046858cbfecb:c8, 91ae5334-971e-44ba-ab57-2ec2dd220942:c8]
2019-08-20 19:15:47,341 | INFO  | SCMAudit | user=jenkins1000 | ip=192.168.69.105 | op=SEND_HEARTBEAT {datanodeUUID=1df1583d-c3bd-46e3-b5a9-7f01f9158e7c, command=[]} | ret=SUCCESS |  
2019-08-20 19:15:47,582 | INFO  | SCMAudit | user=jenkins1000 | ip=192.168.69.105 | op=SEND_HEARTBEAT {datanodeUUID=340027e2-c19a-4ce0-8fe2-d5928ef30461, command=[]} | ret=SUCCESS |  
2019-08-20 19:15:47,836 | INFO  | SCMAudit | user=jenkins1000 | ip=192.168.69.105 | op=SEND_HEARTBEAT {datanodeUUID=16f059df-d226-4022-8e81-046858cbfecb, command=[]} | ret=SUCCESS |  
2019-08-20 19:15:47,861 | INFO  | SCMAudit | user=jenkins1000 | ip=192.168.69.105 | op=SEND_HEARTBEAT {datanodeUUID=e4f90e61-f3c9-4b9d-bc15-ac0e2b79db86, command=[]} | ret=SUCCESS |  
2019-08-20 19:15:47,861 | INFO  | SCMAudit | user=jenkins1000 | ip=192.168.69.105 | op=SEND_HEARTBEAT {datanodeUUID=91ae5334-971e-44ba-ab57-2ec2dd220942, command=[]} | ret=SUCCESS |  
2019-08-20 19:15:47,922 | INFO  | SCMAudit | user=jenkins1000 | ip=192.168.69.105 | op=SEND_HEARTBEAT {datanodeUUID=4033865b-8d67-417a-8575-039c711fd8ba, command=[]} | ret=SUCCESS |  
2019-08-20 19:15:48,124 | INFO  | SCMAudit | user=jenkins1000 | ip=192.168.69.105 | op=SEND_HEARTBEAT {datanodeUUID=e274e395-c7b6-408d-a6b4-4add6056d6d1, command=[]} | ret=SUCCESS |  
2019-08-20 19:15:48,341 | INFO  | SCMAudit | user=jenkins1000 | ip=192.168.69.105 | op=SEND_HEARTBEAT {datanodeUUID=1df1583d-c3bd-46e3-b5a9-7f01f9158e7c, command=[]} | ret=SUCCESS |  
2019-08-20 19:15:48,583 | INFO  | SCMAudit | user=jenkins1000 | ip=192.168.69.105 | op=SEND_HEARTBEAT {datanodeUUID=340027e2-c19a-4ce0-8fe2-d5928ef30461, command=[]} | ret=SUCCESS |  
2019-08-20 19:15:48,836 | INFO  | SCMAudit | user=jenkins1000 | ip=192.168.69.105 | op=SEND_HEARTBEAT {datanodeUUID=16f059df-d226-4022-8e81-046858cbfecb, command=[]} | ret=SUCCESS |  
2019-08-20 19:15:48,862 | INFO  | SCMAudit | user=jenkins1000 | ip=192.168.69.105 | op=SEND_HEARTBEAT {datanodeUUID=e4f90e61-f3c9-4b9d-bc15-ac0e2b79db86, command=[]} | ret=SUCCESS |  
2019-08-20 19:15:48,863 | INFO  | SCMAudit | user=jenkins1000 | ip=192.168.69.105 | op=SEND_HEARTBEAT {datanodeUUID=91ae5334-971e-44ba-ab57-2ec2dd220942, command=[]} | ret=SUCCESS |  
2019-08-20 19:15:48,922 | INFO  | SCMAudit | user=jenkins1000 | ip=192.168.69.105 | op=SEND_HEARTBEAT {datanodeUUID=4033865b-8d67-417a-8575-039c711fd8ba, command=[]} | ret=SUCCESS |  
2019-08-20 19:15:49,124 | INFO  | SCMAudit | user=jenkins1000 | ip=192.168.69.105 | op=SEND_HEARTBEAT {datanodeUUID=e274e395-c7b6-408d-a6b4-4add6056d6d1, command=[]} | ret=SUCCESS |  
2019-08-20 19:15:49,342 | INFO  | SCMAudit | user=jenkins1000 | ip=192.168.69.105 | op=SEND_HEARTBEAT {datanodeUUID=1df1583d-c3bd-46e3-b5a9-7f01f9158e7c, command=[]} | ret=SUCCESS |  
2019-08-20 19:15:49,583 | INFO  | SCMAudit | user=jenkins1000 | ip=192.168.69.105 | op=SEND_HEARTBEAT {datanodeUUID=340027e2-c19a-4ce0-8fe2-d5928ef30461, command=[]} | ret=SUCCESS |  
2019-08-20 19:15:49,837 | INFO  | SCMAudit | user=jenkins1000 | ip=192.168.69.105 | op=SEND_HEARTBEAT {datanodeUUID=16f059df-d226-4022-8e81-046858cbfecb, command=[]} | ret=SUCCESS |  
2019-08-20 19:15:49,862 | INFO  | SCMAudit | user=jenkins1000 | ip=192.168.69.105 | op=SEND_HEARTBEAT {datanodeUUID=e4f90e61-f3c9-4b9d-bc15-ac0e2b79db86, command=[]} | ret=SUCCESS |  
2019-08-20 19:15:49,862 | INFO  | SCMAudit | user=jenkins1000 | ip=192.168.69.105 | op=SEND_HEARTBEAT {datanodeUUID=91ae5334-971e-44ba-ab57-2ec2dd220942, command=[]} | ret=SUCCESS |  
2019-08-20 19:15:49,922 | INFO  | SCMAudit | user=jenkins1000 | ip=192.168.69.105 | op=SEND_HEARTBEAT {datanodeUUID=4033865b-8d67-417a-8575-039c711fd8ba, command=[]} | ret=SUCCESS |  
2019-08-20 19:15:50,125 | INFO  | SCMAudit | user=jenkins1000 | ip=192.168.69.105 | op=SEND_HEARTBEAT {datanodeUUID=e274e395-c7b6-408d-a6b4-4add6056d6d1, command=[]} | ret=SUCCESS |  
2019-08-20 19:15:50,342 | INFO  | SCMAudit | user=jenkins1000 | ip=192.168.69.105 | op=SEND_HEARTBEAT {datanodeUUID=1df1583d-c3bd-46e3-b5a9-7f01f9158e7c, command=[]} | ret=SUCCESS |  
2019-08-20 19:15:50,584 | INFO  | SCMAudit | user=jenkins1000 | ip=192.168.69.105 | op=SEND_HEARTBEAT {datanodeUUID=340027e2-c19a-4ce0-8fe2-d5928ef30461, command=[]} | ret=SUCCESS |  
2019-08-20 19:15:50,837 | INFO  | SCMAudit | user=jenkins1000 | ip=192.168.69.105 | op=SEND_HEARTBEAT {datanodeUUID=16f059df-d226-4022-8e81-046858cbfecb, command=[]} | ret=SUCCESS |  
2019-08-20 19:15:50,862 | INFO  | SCMAudit | user=jenkins1000 | ip=192.168.69.105 | op=SEND_HEARTBEAT {datanodeUUID=e4f90e61-f3c9-4b9d-bc15-ac0e2b79db86, command=[]} | ret=SUCCESS |  
2019-08-20 19:15:50,862 | INFO  | SCMAudit | user=jenkins1000 | ip=192.168.69.105 | op=SEND_HEARTBEAT {datanodeUUID=91ae5334-971e-44ba-ab57-2ec2dd220942, command=[]} | ret=SUCCESS |  
2019-08-20 19:15:50,923 | INFO  | SCMAudit | user=jenkins1000 | ip=192.168.69.105 | op=SEND_HEARTBEAT {datanodeUUID=4033865b-8d67-417a-8575-039c711fd8ba, command=[]} | ret=SUCCESS |  
2019-08-20 19:15:51,124 | INFO  | SCMAudit | user=jenkins1000 | ip=192.168.69.105 | op=SEND_HEARTBEAT {datanodeUUID=e274e395-c7b6-408d-a6b4-4add6056d6d1, command=[]} | ret=SUCCESS |  
2019-08-20 19:15:51,342 | INFO  | SCMAudit | user=jenkins1000 | ip=192.168.69.105 | op=SEND_HEARTBEAT {datanodeUUID=1df1583d-c3bd-46e3-b5a9-7f01f9158e7c, command=[]} | ret=SUCCESS |  
2019-08-20 19:15:51,585 | INFO  | SCMAudit | user=jenkins1000 | ip=192.168.69.105 | op=SEND_HEARTBEAT {datanodeUUID=340027e2-c19a-4ce0-8fe2-d5928ef30461, command=[]} | ret=SUCCESS |  
2019-08-20 19:15:51,838 | INFO  | SCMAudit | user=jenkins1000 | ip=192.168.69.105 | op=SEND_HEARTBEAT {datanodeUUID=16f059df-d226-4022-8e81-046858cbfecb, command=[]} | ret=SUCCESS |  
2019-08-20 19:15:51,863 | INFO  | SCMAudit | user=jenkins1000 | ip=192.168.69.105 | op=SEND_HEARTBEAT {datanodeUUID=e4f90e61-f3c9-4b9d-bc15-ac0e2b79db86, command=[]} | ret=SUCCESS |  
2019-08-20 19:15:51,863 | INFO  | SCMAudit | user=jenkins1000 | ip=192.168.69.105 | op=SEND_HEARTBEAT {datanodeUUID=91ae5334-971e-44ba-ab57-2ec2dd220942, command=[]} | ret=SUCCESS |  
2019-08-20 19:15:51,923 | INFO  | SCMAudit | user=jenkins1000 | ip=192.168.69.105 | op=SEND_HEARTBEAT {datanodeUUID=4033865b-8d67-417a-8575-039c711fd8ba, command=[]} | ret=SUCCESS |  
2019-08-20 19:15:52,124 | INFO  | SCMAudit | user=jenkins1000 | ip=192.168.69.105 | op=SEND_HEARTBEAT {datanodeUUID=e274e395-c7b6-408d-a6b4-4add6056d6d1, command=[]} | ret=SUCCESS |  
2019-08-20 19:15:52,254 [grpc-default-executor-4] INFO  client.GrpcClientProtocolClient (GrpcClientProtocolClient.java:onNext(255)) - client-8301E8A5B94A->e4f90e61-f3c9-4b9d-bc15-ac0e2b79db86: receive RaftClientReply:client-8301E8A5B94A->e4f90e61-f3c9-4b9d-bc15-ac0e2b79db86@group-782B390D3D40, cid=45, FAILED org.apache.ratis.protocol.NotLeaderException: Server e4f90e61-f3c9-4b9d-bc15-ac0e2b79db86 is not the leader (16f059df-d226-4022-8e81-046858cbfecb:192.168.69.105:37581). Request must be sent to leader., logIndex=0, commits[e4f90e61-f3c9-4b9d-bc15-ac0e2b79db86:c8, 16f059df-d226-4022-8e81-046858cbfecb:c8, 91ae5334-971e-44ba-ab57-2ec2dd220942:c8]
2019-08-20 19:15:52,342 | INFO  | SCMAudit | user=jenkins1000 | ip=192.168.69.105 | op=SEND_HEARTBEAT {datanodeUUID=1df1583d-c3bd-46e3-b5a9-7f01f9158e7c, command=[]} | ret=SUCCESS |  
2019-08-20 19:15:52,584 | INFO  | SCMAudit | user=jenkins1000 | ip=192.168.69.105 | op=SEND_HEARTBEAT {datanodeUUID=340027e2-c19a-4ce0-8fe2-d5928ef30461, command=[]} | ret=SUCCESS |  
2019-08-20 19:15:52,838 | INFO  | SCMAudit | user=jenkins1000 | ip=192.168.69.105 | op=SEND_HEARTBEAT {datanodeUUID=16f059df-d226-4022-8e81-046858cbfecb, command=[]} | ret=SUCCESS |  
2019-08-20 19:15:52,862 | INFO  | SCMAudit | user=jenkins1000 | ip=192.168.69.105 | op=SEND_HEARTBEAT {datanodeUUID=e4f90e61-f3c9-4b9d-bc15-ac0e2b79db86, command=[]} | ret=SUCCESS |  
2019-08-20 19:15:52,863 | INFO  | SCMAudit | user=jenkins1000 | ip=192.168.69.105 | op=SEND_HEARTBEAT {datanodeUUID=91ae5334-971e-44ba-ab57-2ec2dd220942, command=[]} | ret=SUCCESS |  
2019-08-20 19:15:52,923 | INFO  | SCMAudit | user=jenkins1000 | ip=192.168.69.105 | op=SEND_HEARTBEAT {datanodeUUID=4033865b-8d67-417a-8575-039c711fd8ba, command=[]} | ret=SUCCESS |  
2019-08-20 19:15:53,125 | INFO  | SCMAudit | user=jenkins1000 | ip=192.168.69.105 | op=SEND_HEARTBEAT {datanodeUUID=e274e395-c7b6-408d-a6b4-4add6056d6d1, command=[]} | ret=SUCCESS |  
2019-08-20 19:15:53,343 | INFO  | SCMAudit | user=jenkins1000 | ip=192.168.69.105 | op=SEND_HEARTBEAT {datanodeUUID=1df1583d-c3bd-46e3-b5a9-7f01f9158e7c, command=[]} | ret=SUCCESS |  
2019-08-20 19:15:53,584 | INFO  | SCMAudit | user=jenkins1000 | ip=192.168.69.105 | op=SEND_HEARTBEAT {datanodeUUID=340027e2-c19a-4ce0-8fe2-d5928ef30461, command=[]} | ret=SUCCESS |  
2019-08-20 19:15:53,840 | INFO  | SCMAudit | user=jenkins1000 | ip=192.168.69.105 | op=SEND_HEARTBEAT {datanodeUUID=16f059df-d226-4022-8e81-046858cbfecb, command=[]} | ret=SUCCESS |  
2019-08-20 19:15:53,862 | INFO  | SCMAudit | user=jenkins1000 | ip=192.168.69.105 | op=SEND_HEARTBEAT {datanodeUUID=e4f90e61-f3c9-4b9d-bc15-ac0e2b79db86, command=[]} | ret=SUCCESS |  
2019-08-20 19:15:53,863 | INFO  | SCMAudit | user=jenkins1000 | ip=192.168.69.105 | op=SEND_HEARTBEAT {datanodeUUID=91ae5334-971e-44ba-ab57-2ec2dd220942, command=[]} | ret=SUCCESS |  
2019-08-20 19:15:53,924 | INFO  | SCMAudit | user=jenkins1000 | ip=192.168.69.105 | op=SEND_HEARTBEAT {datanodeUUID=4033865b-8d67-417a-8575-039c711fd8ba, command=[]} | ret=SUCCESS |  
2019-08-20 19:15:54,126 | INFO  | SCMAudit | user=jenkins1000 | ip=192.168.69.105 | op=SEND_HEARTBEAT {datanodeUUID=e274e395-c7b6-408d-a6b4-4add6056d6d1, command=[]} | ret=SUCCESS |  
2019-08-20 19:15:54,342 | INFO  | SCMAudit | user=jenkins1000 | ip=192.168.69.105 | op=SEND_HEARTBEAT {datanodeUUID=1df1583d-c3bd-46e3-b5a9-7f01f9158e7c, command=[]} | ret=SUCCESS |  
2019-08-20 19:15:54,585 | INFO  | SCMAudit | user=jenkins1000 | ip=192.168.69.105 | op=SEND_HEARTBEAT {datanodeUUID=340027e2-c19a-4ce0-8fe2-d5928ef30461, command=[]} | ret=SUCCESS |  
2019-08-20 19:15:54,839 | INFO  | SCMAudit | user=jenkins1000 | ip=192.168.69.105 | op=SEND_HEARTBEAT {datanodeUUID=16f059df-d226-4022-8e81-046858cbfecb, command=[]} | ret=SUCCESS |  
2019-08-20 19:15:54,862 | INFO  | SCMAudit | user=jenkins1000 | ip=192.168.69.105 | op=SEND_HEARTBEAT {datanodeUUID=e4f90e61-f3c9-4b9d-bc15-ac0e2b79db86, command=[]} | ret=SUCCESS |  
2019-08-20 19:15:54,863 | INFO  | SCMAudit | user=jenkins1000 | ip=192.168.69.105 | op=SEND_HEARTBEAT {datanodeUUID=91ae5334-971e-44ba-ab57-2ec2dd220942, command=[]} | ret=SUCCESS |  
2019-08-20 19:15:54,923 | INFO  | SCMAudit | user=jenkins1000 | ip=192.168.69.105 | op=SEND_HEARTBEAT {datanodeUUID=4033865b-8d67-417a-8575-039c711fd8ba, command=[]} | ret=SUCCESS |  
2019-08-20 19:15:55,125 | INFO  | SCMAudit | user=jenkins1000 | ip=192.168.69.105 | op=SEND_HEARTBEAT {datanodeUUID=e274e395-c7b6-408d-a6b4-4add6056d6d1, command=[]} | ret=SUCCESS |  
2019-08-20 19:15:55,343 | INFO  | SCMAudit | user=jenkins1000 | ip=192.168.69.105 | op=SEND_HEARTBEAT {datanodeUUID=1df1583d-c3bd-46e3-b5a9-7f01f9158e7c, command=[]} | ret=SUCCESS |  
2019-08-20 19:15:55,586 | INFO  | SCMAudit | user=jenkins1000 | ip=192.168.69.105 | op=SEND_HEARTBEAT {datanodeUUID=340027e2-c19a-4ce0-8fe2-d5928ef30461, command=[]} | ret=SUCCESS |  
2019-08-20 19:15:55,838 | INFO  | SCMAudit | user=jenkins1000 | ip=192.168.69.105 | op=SEND_HEARTBEAT {datanodeUUID=16f059df-d226-4022-8e81-046858cbfecb, command=[]} | ret=SUCCESS |  
2019-08-20 19:15:55,862 | INFO  | SCMAudit | user=jenkins1000 | ip=192.168.69.105 | op=SEND_HEARTBEAT {datanodeUUID=e4f90e61-f3c9-4b9d-bc15-ac0e2b79db86, command=[]} | ret=SUCCESS |  
2019-08-20 19:15:55,863 | INFO  | SCMAudit | user=jenkins1000 | ip=192.168.69.105 | op=SEND_HEARTBEAT {datanodeUUID=91ae5334-971e-44ba-ab57-2ec2dd220942, command=[]} | ret=SUCCESS |  
2019-08-20 19:15:55,923 | INFO  | SCMAudit | user=jenkins1000 | ip=192.168.69.105 | op=SEND_HEARTBEAT {datanodeUUID=4033865b-8d67-417a-8575-039c711fd8ba, command=[]} | ret=SUCCESS |  
2019-08-20 19:15:56,126 | INFO  | SCMAudit | user=jenkins1000 | ip=192.168.69.105 | op=SEND_HEARTBEAT {datanodeUUID=e274e395-c7b6-408d-a6b4-4add6056d6d1, command=[]} | ret=SUCCESS |  
2019-08-20 19:15:56,342 | INFO  | SCMAudit | user=jenkins1000 | ip=192.168.69.105 | op=SEND_HEARTBEAT {datanodeUUID=1df1583d-c3bd-46e3-b5a9-7f01f9158e7c, command=[]} | ret=SUCCESS |  
2019-08-20 19:15:56,585 | INFO  | SCMAudit | user=jenkins1000 | ip=192.168.69.105 | op=SEND_HEARTBEAT {datanodeUUID=340027e2-c19a-4ce0-8fe2-d5928ef30461, command=[]} | ret=SUCCESS |  
2019-08-20 19:15:56,839 | INFO  | SCMAudit | user=jenkins1000 | ip=192.168.69.105 | op=SEND_HEARTBEAT {datanodeUUID=16f059df-d226-4022-8e81-046858cbfecb, command=[]} | ret=SUCCESS |  
2019-08-20 19:15:56,862 | INFO  | SCMAudit | user=jenkins1000 | ip=192.168.69.105 | op=SEND_HEARTBEAT {datanodeUUID=e4f90e61-f3c9-4b9d-bc15-ac0e2b79db86, command=[]} | ret=SUCCESS |  
2019-08-20 19:15:56,863 | INFO  | SCMAudit | user=jenkins1000 | ip=192.168.69.105 | op=SEND_HEARTBEAT {datanodeUUID=91ae5334-971e-44ba-ab57-2ec2dd220942, command=[]} | ret=SUCCESS |  
2019-08-20 19:15:56,923 | INFO  | SCMAudit | user=jenkins1000 | ip=192.168.69.105 | op=SEND_HEARTBEAT {datanodeUUID=4033865b-8d67-417a-8575-039c711fd8ba, command=[]} | ret=SUCCESS |  
2019-08-20 19:15:57,125 | INFO  | SCMAudit | user=jenkins1000 | ip=192.168.69.105 | op=SEND_HEARTBEAT {datanodeUUID=e274e395-c7b6-408d-a6b4-4add6056d6d1, command=[]} | ret=SUCCESS |  
2019-08-20 19:15:57,286 [grpc-default-executor-4] INFO  client.GrpcClientProtocolClient (GrpcClientProtocolClient.java:onNext(255)) - client-8301E8A5B94A->91ae5334-971e-44ba-ab57-2ec2dd220942: receive RaftClientReply:client-8301E8A5B94A->91ae5334-971e-44ba-ab57-2ec2dd220942@group-782B390D3D40, cid=45, FAILED org.apache.ratis.protocol.NotLeaderException: Server 91ae5334-971e-44ba-ab57-2ec2dd220942 is not the leader (16f059df-d226-4022-8e81-046858cbfecb:192.168.69.105:37581). Request must be sent to leader., logIndex=0, commits[91ae5334-971e-44ba-ab57-2ec2dd220942:c8, e4f90e61-f3c9-4b9d-bc15-ac0e2b79db86:c8, 16f059df-d226-4022-8e81-046858cbfecb:c8]
2019-08-20 19:15:57,342 | INFO  | SCMAudit | user=jenkins1000 | ip=192.168.69.105 | op=SEND_HEARTBEAT {datanodeUUID=1df1583d-c3bd-46e3-b5a9-7f01f9158e7c, command=[]} | ret=SUCCESS |  
2019-08-20 19:15:57,586 | INFO  | SCMAudit | user=jenkins1000 | ip=192.168.69.105 | op=SEND_HEARTBEAT {datanodeUUID=340027e2-c19a-4ce0-8fe2-d5928ef30461, command=[]} | ret=SUCCESS |  
2019-08-20 19:15:57,839 | INFO  | SCMAudit | user=jenkins1000 | ip=192.168.69.105 | op=SEND_HEARTBEAT {datanodeUUID=16f059df-d226-4022-8e81-046858cbfecb, command=[]} | ret=SUCCESS |  
2019-08-20 19:15:57,862 | INFO  | SCMAudit | user=jenkins1000 | ip=192.168.69.105 | op=SEND_HEARTBEAT {datanodeUUID=e4f90e61-f3c9-4b9d-bc15-ac0e2b79db86, command=[]} | ret=SUCCESS |  
2019-08-20 19:15:57,863 | INFO  | SCMAudit | user=jenkins1000 | ip=192.168.69.105 | op=SEND_HEARTBEAT {datanodeUUID=91ae5334-971e-44ba-ab57-2ec2dd220942, command=[]} | ret=SUCCESS |  
2019-08-20 19:15:57,922 | INFO  | SCMAudit | user=jenkins1000 | ip=192.168.69.105 | op=SEND_HEARTBEAT {datanodeUUID=4033865b-8d67-417a-8575-039c711fd8ba, command=[]} | ret=SUCCESS |  
2019-08-20 19:15:58,125 | INFO  | SCMAudit | user=jenkins1000 | ip=192.168.69.105 | op=SEND_HEARTBEAT {datanodeUUID=e274e395-c7b6-408d-a6b4-4add6056d6d1, command=[]} | ret=SUCCESS |  
2019-08-20 19:15:58,343 | INFO  | SCMAudit | user=jenkins1000 | ip=192.168.69.105 | op=SEND_HEARTBEAT {datanodeUUID=1df1583d-c3bd-46e3-b5a9-7f01f9158e7c, command=[]} | ret=SUCCESS |  
2019-08-20 19:15:58,586 | INFO  | SCMAudit | user=jenkins1000 | ip=192.168.69.105 | op=SEND_HEARTBEAT {datanodeUUID=340027e2-c19a-4ce0-8fe2-d5928ef30461, command=[]} | ret=SUCCESS |  
2019-08-20 19:15:58,839 | INFO  | SCMAudit | user=jenkins1000 | ip=192.168.69.105 | op=SEND_HEARTBEAT {datanodeUUID=16f059df-d226-4022-8e81-046858cbfecb, command=[]} | ret=SUCCESS |  
2019-08-20 19:15:58,862 | INFO  | SCMAudit | user=jenkins1000 | ip=192.168.69.105 | op=SEND_HEARTBEAT {datanodeUUID=e4f90e61-f3c9-4b9d-bc15-ac0e2b79db86, command=[]} | ret=SUCCESS |  
2019-08-20 19:15:58,863 | INFO  | SCMAudit | user=jenkins1000 | ip=192.168.69.105 | op=SEND_HEARTBEAT {datanodeUUID=91ae5334-971e-44ba-ab57-2ec2dd220942, command=[]} | ret=SUCCESS |  
2019-08-20 19:15:58,924 | INFO  | SCMAudit | user=jenkins1000 | ip=192.168.69.105 | op=SEND_HEARTBEAT {datanodeUUID=4033865b-8d67-417a-8575-039c711fd8ba, command=[]} | ret=SUCCESS |  
2019-08-20 19:15:59,125 | INFO  | SCMAudit | user=jenkins1000 | ip=192.168.69.105 | op=SEND_HEARTBEAT {datanodeUUID=e274e395-c7b6-408d-a6b4-4add6056d6d1, command=[]} | ret=SUCCESS |  
2019-08-20 19:15:59,342 | INFO  | SCMAudit | user=jenkins1000 | ip=192.168.69.105 | op=SEND_HEARTBEAT {datanodeUUID=1df1583d-c3bd-46e3-b5a9-7f01f9158e7c, command=[]} | ret=SUCCESS |  
2019-08-20 19:15:59,586 | INFO  | SCMAudit | user=jenkins1000 | ip=192.168.69.105 | op=SEND_HEARTBEAT {datanodeUUID=340027e2-c19a-4ce0-8fe2-d5928ef30461, command=[]} | ret=SUCCESS |  
2019-08-20 19:15:59,840 | INFO  | SCMAudit | user=jenkins1000 | ip=192.168.69.105 | op=SEND_HEARTBEAT {datanodeUUID=16f059df-d226-4022-8e81-046858cbfecb, command=[]} | ret=SUCCESS |  
2019-08-20 19:15:59,863 | INFO  | SCMAudit | user=jenkins1000 | ip=192.168.69.105 | op=SEND_HEARTBEAT {datanodeUUID=e4f90e61-f3c9-4b9d-bc15-ac0e2b79db86, command=[]} | ret=SUCCESS |  
2019-08-20 19:15:59,863 | INFO  | SCMAudit | user=jenkins1000 | ip=192.168.69.105 | op=SEND_HEARTBEAT {datanodeUUID=91ae5334-971e-44ba-ab57-2ec2dd220942, command=[]} | ret=SUCCESS |  
2019-08-20 19:15:59,924 | INFO  | SCMAudit | user=jenkins1000 | ip=192.168.69.105 | op=SEND_HEARTBEAT {datanodeUUID=4033865b-8d67-417a-8575-039c711fd8ba, command=[]} | ret=SUCCESS |  
2019-08-20 19:16:00,125 | INFO  | SCMAudit | user=jenkins1000 | ip=192.168.69.105 | op=SEND_HEARTBEAT {datanodeUUID=e274e395-c7b6-408d-a6b4-4add6056d6d1, command=[]} | ret=SUCCESS |  
2019-08-20 19:16:00,342 | INFO  | SCMAudit | user=jenkins1000 | ip=192.168.69.105 | op=SEND_HEARTBEAT {datanodeUUID=1df1583d-c3bd-46e3-b5a9-7f01f9158e7c, command=[]} | ret=SUCCESS |  
2019-08-20 19:16:00,587 | INFO  | SCMAudit | user=jenkins1000 | ip=192.168.69.105 | op=SEND_HEARTBEAT {datanodeUUID=340027e2-c19a-4ce0-8fe2-d5928ef30461, command=[]} | ret=SUCCESS |  
2019-08-20 19:16:00,840 | INFO  | SCMAudit | user=jenkins1000 | ip=192.168.69.105 | op=SEND_HEARTBEAT {datanodeUUID=16f059df-d226-4022-8e81-046858cbfecb, command=[]} | ret=SUCCESS |  
2019-08-20 19:16:00,862 | INFO  | SCMAudit | user=jenkins1000 | ip=192.168.69.105 | op=SEND_HEARTBEAT {datanodeUUID=e4f90e61-f3c9-4b9d-bc15-ac0e2b79db86, command=[]} | ret=SUCCESS |  
2019-08-20 19:16:00,863 | INFO  | SCMAudit | user=jenkins1000 | ip=192.168.69.105 | op=SEND_HEARTBEAT {datanodeUUID=91ae5334-971e-44ba-ab57-2ec2dd220942, command=[]} | ret=SUCCESS |  
2019-08-20 19:16:00,924 | INFO  | SCMAudit | user=jenkins1000 | ip=192.168.69.105 | op=SEND_HEARTBEAT {datanodeUUID=4033865b-8d67-417a-8575-039c711fd8ba, command=[]} | ret=SUCCESS |  
2019-08-20 19:16:01,125 | INFO  | SCMAudit | user=jenkins1000 | ip=192.168.69.105 | op=SEND_HEARTBEAT {datanodeUUID=e274e395-c7b6-408d-a6b4-4add6056d6d1, command=[]} | ret=SUCCESS |  
2019-08-20 19:16:01,343 | INFO  | SCMAudit | user=jenkins1000 | ip=192.168.69.105 | op=SEND_HEARTBEAT {datanodeUUID=1df1583d-c3bd-46e3-b5a9-7f01f9158e7c, command=[]} | ret=SUCCESS |  
2019-08-20 19:16:01,587 | INFO  | SCMAudit | user=jenkins1000 | ip=192.168.69.105 | op=SEND_HEARTBEAT {datanodeUUID=340027e2-c19a-4ce0-8fe2-d5928ef30461, command=[]} | ret=SUCCESS |  
2019-08-20 19:16:01,840 | INFO  | SCMAudit | user=jenkins1000 | ip=192.168.69.105 | op=SEND_HEARTBEAT {datanodeUUID=16f059df-d226-4022-8e81-046858cbfecb, command=[]} | ret=SUCCESS |  
2019-08-20 19:16:01,862 | INFO  | SCMAudit | user=jenkins1000 | ip=192.168.69.105 | op=SEND_HEARTBEAT {datanodeUUID=e4f90e61-f3c9-4b9d-bc15-ac0e2b79db86, command=[]} | ret=SUCCESS |  
2019-08-20 19:16:01,863 | INFO  | SCMAudit | user=jenkins1000 | ip=192.168.69.105 | op=SEND_HEARTBEAT {datanodeUUID=91ae5334-971e-44ba-ab57-2ec2dd220942, command=[]} | ret=SUCCESS |  
2019-08-20 19:16:01,925 | INFO  | SCMAudit | user=jenkins1000 | ip=192.168.69.105 | op=SEND_HEARTBEAT {datanodeUUID=4033865b-8d67-417a-8575-039c711fd8ba, command=[]} | ret=SUCCESS |  
2019-08-20 19:16:02,126 | INFO  | SCMAudit | user=jenkins1000 | ip=192.168.69.105 | op=SEND_HEARTBEAT {datanodeUUID=e274e395-c7b6-408d-a6b4-4add6056d6d1, command=[]} | ret=SUCCESS |  
2019-08-20 19:16:02,336 [grpc-default-executor-4] INFO  client.GrpcClientProtocolClient (GrpcClientProtocolClient.java:onNext(255)) - client-8301E8A5B94A->91ae5334-971e-44ba-ab57-2ec2dd220942: receive RaftClientReply:client-8301E8A5B94A->91ae5334-971e-44ba-ab57-2ec2dd220942@group-782B390D3D40, cid=45, FAILED org.apache.ratis.protocol.NotLeaderException: Server 91ae5334-971e-44ba-ab57-2ec2dd220942 is not the leader (16f059df-d226-4022-8e81-046858cbfecb:192.168.69.105:37581). Request must be sent to leader., logIndex=0, commits[91ae5334-971e-44ba-ab57-2ec2dd220942:c8, e4f90e61-f3c9-4b9d-bc15-ac0e2b79db86:c8, 16f059df-d226-4022-8e81-046858cbfecb:c8]
2019-08-20 19:16:02,345 | INFO  | SCMAudit | user=jenkins1000 | ip=192.168.69.105 | op=SEND_HEARTBEAT {datanodeUUID=1df1583d-c3bd-46e3-b5a9-7f01f9158e7c, command=[]} | ret=SUCCESS |  
2019-08-20 19:16:02,587 | INFO  | SCMAudit | user=jenkins1000 | ip=192.168.69.105 | op=SEND_HEARTBEAT {datanodeUUID=340027e2-c19a-4ce0-8fe2-d5928ef30461, command=[]} | ret=SUCCESS |  
2019-08-20 19:16:02,840 | INFO  | SCMAudit | user=jenkins1000 | ip=192.168.69.105 | op=SEND_HEARTBEAT {datanodeUUID=16f059df-d226-4022-8e81-046858cbfecb, command=[]} | ret=SUCCESS |  
2019-08-20 19:16:02,862 | INFO  | SCMAudit | user=jenkins1000 | ip=192.168.69.105 | op=SEND_HEARTBEAT {datanodeUUID=e4f90e61-f3c9-4b9d-bc15-ac0e2b79db86, command=[]} | ret=SUCCESS |  
2019-08-20 19:16:02,863 | INFO  | SCMAudit | user=jenkins1000 | ip=192.168.69.105 | op=SEND_HEARTBEAT {datanodeUUID=91ae5334-971e-44ba-ab57-2ec2dd220942, command=[]} | ret=SUCCESS |  
2019-08-20 19:16:02,926 | INFO  | SCMAudit | user=jenkins1000 | ip=192.168.69.105 | op=SEND_HEARTBEAT {datanodeUUID=4033865b-8d67-417a-8575-039c711fd8ba, command=[]} | ret=SUCCESS |  
2019-08-20 19:16:03,125 | INFO  | SCMAudit | user=jenkins1000 | ip=192.168.69.105 | op=SEND_HEARTBEAT {datanodeUUID=e274e395-c7b6-408d-a6b4-4add6056d6d1, command=[]} | ret=SUCCESS |  
2019-08-20 19:16:03,342 | INFO  | SCMAudit | user=jenkins1000 | ip=192.168.69.105 | op=SEND_HEARTBEAT {datanodeUUID=1df1583d-c3bd-46e3-b5a9-7f01f9158e7c, command=[]} | ret=SUCCESS |  
2019-08-20 19:16:03,588 | INFO  | SCMAudit | user=jenkins1000 | ip=192.168.69.105 | op=SEND_HEARTBEAT {datanodeUUID=340027e2-c19a-4ce0-8fe2-d5928ef30461, command=[]} | ret=SUCCESS |  
2019-08-20 19:16:03,840 | INFO  | SCMAudit | user=jenkins1000 | ip=192.168.69.105 | op=SEND_HEARTBEAT {datanodeUUID=16f059df-d226-4022-8e81-046858cbfecb, command=[]} | ret=SUCCESS |  
2019-08-20 19:16:03,862 | INFO  | SCMAudit | user=jenkins1000 | ip=192.168.69.105 | op=SEND_HEARTBEAT {datanodeUUID=e4f90e61-f3c9-4b9d-bc15-ac0e2b79db86, command=[]} | ret=SUCCESS |  
2019-08-20 19:16:03,866 | INFO  | SCMAudit | user=jenkins1000 | ip=192.168.69.105 | op=SEND_HEARTBEAT {datanodeUUID=91ae5334-971e-44ba-ab57-2ec2dd220942, command=[]} | ret=SUCCESS |  
2019-08-20 19:16:03,926 | INFO  | SCMAudit | user=jenkins1000 | ip=192.168.69.105 | op=SEND_HEARTBEAT {datanodeUUID=4033865b-8d67-417a-8575-039c711fd8ba, command=[]} | ret=SUCCESS |  
2019-08-20 19:16:04,125 | INFO  | SCMAudit | user=jenkins1000 | ip=192.168.69.105 | op=SEND_HEARTBEAT {datanodeUUID=e274e395-c7b6-408d-a6b4-4add6056d6d1, command=[]} | ret=SUCCESS |  
2019-08-20 19:16:04,342 | INFO  | SCMAudit | user=jenkins1000 | ip=192.168.69.105 | op=SEND_HEARTBEAT {datanodeUUID=1df1583d-c3bd-46e3-b5a9-7f01f9158e7c, command=[]} | ret=SUCCESS |  
2019-08-20 19:16:04,587 | INFO  | SCMAudit | user=jenkins1000 | ip=192.168.69.105 | op=SEND_HEARTBEAT {datanodeUUID=340027e2-c19a-4ce0-8fe2-d5928ef30461, command=[]} | ret=SUCCESS |  
2019-08-20 19:16:04,840 | INFO  | SCMAudit | user=jenkins1000 | ip=192.168.69.105 | op=SEND_HEARTBEAT {datanodeUUID=16f059df-d226-4022-8e81-046858cbfecb, command=[]} | ret=SUCCESS |  
2019-08-20 19:16:04,862 | INFO  | SCMAudit | user=jenkins1000 | ip=192.168.69.105 | op=SEND_HEARTBEAT {datanodeUUID=e4f90e61-f3c9-4b9d-bc15-ac0e2b79db86, command=[]} | ret=SUCCESS |  
2019-08-20 19:16:04,869 | INFO  | SCMAudit | user=jenkins1000 | ip=192.168.69.105 | op=SEND_HEARTBEAT {datanodeUUID=91ae5334-971e-44ba-ab57-2ec2dd220942, command=[]} | ret=SUCCESS |  
2019-08-20 19:16:04,926 | INFO  | SCMAudit | user=jenkins1000 | ip=192.168.69.105 | op=SEND_HEARTBEAT {datanodeUUID=4033865b-8d67-417a-8575-039c711fd8ba, command=[]} | ret=SUCCESS |  
2019-08-20 19:16:05,126 | INFO  | SCMAudit | user=jenkins1000 | ip=192.168.69.105 | op=SEND_HEARTBEAT {datanodeUUID=e274e395-c7b6-408d-a6b4-4add6056d6d1, command=[]} | ret=SUCCESS |  
2019-08-20 19:16:05,342 | INFO  | SCMAudit | user=jenkins1000 | ip=192.168.69.105 | op=SEND_HEARTBEAT {datanodeUUID=1df1583d-c3bd-46e3-b5a9-7f01f9158e7c, command=[]} | ret=SUCCESS |  
2019-08-20 19:16:05,587 | INFO  | SCMAudit | user=jenkins1000 | ip=192.168.69.105 | op=SEND_HEARTBEAT {datanodeUUID=340027e2-c19a-4ce0-8fe2-d5928ef30461, command=[]} | ret=SUCCESS |  
2019-08-20 19:16:05,841 | INFO  | SCMAudit | user=jenkins1000 | ip=192.168.69.105 | op=SEND_HEARTBEAT {datanodeUUID=16f059df-d226-4022-8e81-046858cbfecb, command=[]} | ret=SUCCESS |  
2019-08-20 19:16:05,863 | INFO  | SCMAudit | user=jenkins1000 | ip=192.168.69.105 | op=SEND_HEARTBEAT {datanodeUUID=e4f90e61-f3c9-4b9d-bc15-ac0e2b79db86, command=[]} | ret=SUCCESS |  
2019-08-20 19:16:05,869 | INFO  | SCMAudit | user=jenkins1000 | ip=192.168.69.105 | op=SEND_HEARTBEAT {datanodeUUID=91ae5334-971e-44ba-ab57-2ec2dd220942, command=[]} | ret=SUCCESS |  
2019-08-20 19:16:05,926 | INFO  | SCMAudit | user=jenkins1000 | ip=192.168.69.105 | op=SEND_HEARTBEAT {datanodeUUID=4033865b-8d67-417a-8575-039c711fd8ba, command=[]} | ret=SUCCESS |  
2019-08-20 19:16:06,126 | INFO  | SCMAudit | user=jenkins1000 | ip=192.168.69.105 | op=SEND_HEARTBEAT {datanodeUUID=e274e395-c7b6-408d-a6b4-4add6056d6d1, command=[]} | ret=SUCCESS |  
2019-08-20 19:16:06,342 | INFO  | SCMAudit | user=jenkins1000 | ip=192.168.69.105 | op=SEND_HEARTBEAT {datanodeUUID=1df1583d-c3bd-46e3-b5a9-7f01f9158e7c, command=[]} | ret=SUCCESS |  
2019-08-20 19:16:06,587 | INFO  | SCMAudit | user=jenkins1000 | ip=192.168.69.105 | op=SEND_HEARTBEAT {datanodeUUID=340027e2-c19a-4ce0-8fe2-d5928ef30461, command=[]} | ret=SUCCESS |  
2019-08-20 19:16:06,841 | INFO  | SCMAudit | user=jenkins1000 | ip=192.168.69.105 | op=SEND_HEARTBEAT {datanodeUUID=16f059df-d226-4022-8e81-046858cbfecb, command=[]} | ret=SUCCESS |  
2019-08-20 19:16:06,863 | INFO  | SCMAudit | user=jenkins1000 | ip=192.168.69.105 | op=SEND_HEARTBEAT {datanodeUUID=e4f90e61-f3c9-4b9d-bc15-ac0e2b79db86, command=[]} | ret=SUCCESS |  
2019-08-20 19:16:06,869 | INFO  | SCMAudit | user=jenkins1000 | ip=192.168.69.105 | op=SEND_HEARTBEAT {datanodeUUID=91ae5334-971e-44ba-ab57-2ec2dd220942, command=[]} | ret=SUCCESS |  
2019-08-20 19:16:06,926 | INFO  | SCMAudit | user=jenkins1000 | ip=192.168.69.105 | op=SEND_HEARTBEAT {datanodeUUID=4033865b-8d67-417a-8575-039c711fd8ba, command=[]} | ret=SUCCESS |  
2019-08-20 19:16:07,126 | INFO  | SCMAudit | user=jenkins1000 | ip=192.168.69.105 | op=SEND_HEARTBEAT {datanodeUUID=e274e395-c7b6-408d-a6b4-4add6056d6d1, command=[]} | ret=SUCCESS |  
2019-08-20 19:16:07,342 | INFO  | SCMAudit | user=jenkins1000 | ip=192.168.69.105 | op=SEND_HEARTBEAT {datanodeUUID=1df1583d-c3bd-46e3-b5a9-7f01f9158e7c, command=[]} | ret=SUCCESS |  
2019-08-20 19:16:07,376 [grpc-default-executor-1] INFO  client.GrpcClientProtocolClient (GrpcClientProtocolClient.java:onNext(255)) - client-8301E8A5B94A->e4f90e61-f3c9-4b9d-bc15-ac0e2b79db86: receive RaftClientReply:client-8301E8A5B94A->e4f90e61-f3c9-4b9d-bc15-ac0e2b79db86@group-782B390D3D40, cid=45, FAILED org.apache.ratis.protocol.NotLeaderException: Server e4f90e61-f3c9-4b9d-bc15-ac0e2b79db86 is not the leader (16f059df-d226-4022-8e81-046858cbfecb:192.168.69.105:37581). Request must be sent to leader., logIndex=0, commits[e4f90e61-f3c9-4b9d-bc15-ac0e2b79db86:c8, 16f059df-d226-4022-8e81-046858cbfecb:c8, 91ae5334-971e-44ba-ab57-2ec2dd220942:c8]
2019-08-20 19:16:07,587 | INFO  | SCMAudit | user=jenkins1000 | ip=192.168.69.105 | op=SEND_HEARTBEAT {datanodeUUID=340027e2-c19a-4ce0-8fe2-d5928ef30461, command=[]} | ret=SUCCESS |  
2019-08-20 19:16:07,842 | INFO  | SCMAudit | user=jenkins1000 | ip=192.168.69.105 | op=SEND_HEARTBEAT {datanodeUUID=16f059df-d226-4022-8e81-046858cbfecb, command=[]} | ret=SUCCESS |  
2019-08-20 19:16:07,863 | INFO  | SCMAudit | user=jenkins1000 | ip=192.168.69.105 | op=SEND_HEARTBEAT {datanodeUUID=e4f90e61-f3c9-4b9d-bc15-ac0e2b79db86, command=[]} | ret=SUCCESS |  
2019-08-20 19:16:07,869 | INFO  | SCMAudit | user=jenkins1000 | ip=192.168.69.105 | op=SEND_HEARTBEAT {datanodeUUID=91ae5334-971e-44ba-ab57-2ec2dd220942, command=[]} | ret=SUCCESS |  
2019-08-20 19:16:07,926 | INFO  | SCMAudit | user=jenkins1000 | ip=192.168.69.105 | op=SEND_HEARTBEAT {datanodeUUID=4033865b-8d67-417a-8575-039c711fd8ba, command=[]} | ret=SUCCESS |  
2019-08-20 19:16:08,127 | INFO  | SCMAudit | user=jenkins1000 | ip=192.168.69.105 | op=SEND_HEARTBEAT {datanodeUUID=e274e395-c7b6-408d-a6b4-4add6056d6d1, command=[]} | ret=SUCCESS |  
2019-08-20 19:16:08,343 | INFO  | SCMAudit | user=jenkins1000 | ip=192.168.69.105 | op=SEND_HEARTBEAT {datanodeUUID=1df1583d-c3bd-46e3-b5a9-7f01f9158e7c, command=[]} | ret=SUCCESS |  
2019-08-20 19:16:08,588 | INFO  | SCMAudit | user=jenkins1000 | ip=192.168.69.105 | op=SEND_HEARTBEAT {datanodeUUID=340027e2-c19a-4ce0-8fe2-d5928ef30461, command=[]} | ret=SUCCESS |  
2019-08-20 19:16:08,841 | INFO  | SCMAudit | user=jenkins1000 | ip=192.168.69.105 | op=SEND_HEARTBEAT {datanodeUUID=16f059df-d226-4022-8e81-046858cbfecb, command=[]} | ret=SUCCESS |  
2019-08-20 19:16:08,863 | INFO  | SCMAudit | user=jenkins1000 | ip=192.168.69.105 | op=SEND_HEARTBEAT {datanodeUUID=e4f90e61-f3c9-4b9d-bc15-ac0e2b79db86, command=[]} | ret=SUCCESS |  
2019-08-20 19:16:08,869 | INFO  | SCMAudit | user=jenkins1000 | ip=192.168.69.105 | op=SEND_HEARTBEAT {datanodeUUID=91ae5334-971e-44ba-ab57-2ec2dd220942, command=[]} | ret=SUCCESS |  
2019-08-20 19:16:08,928 | INFO  | SCMAudit | user=jenkins1000 | ip=192.168.69.105 | op=SEND_HEARTBEAT {datanodeUUID=4033865b-8d67-417a-8575-039c711fd8ba, command=[]} | ret=SUCCESS |  
2019-08-20 19:16:09,126 | INFO  | SCMAudit | user=jenkins1000 | ip=192.168.69.105 | op=SEND_HEARTBEAT {datanodeUUID=e274e395-c7b6-408d-a6b4-4add6056d6d1, command=[]} | ret=SUCCESS |  
2019-08-20 19:16:09,343 | INFO  | SCMAudit | user=jenkins1000 | ip=192.168.69.105 | op=SEND_HEARTBEAT {datanodeUUID=1df1583d-c3bd-46e3-b5a9-7f01f9158e7c, command=[]} | ret=SUCCESS |  
2019-08-20 19:16:09,587 | INFO  | SCMAudit | user=jenkins1000 | ip=192.168.69.105 | op=SEND_HEARTBEAT {datanodeUUID=340027e2-c19a-4ce0-8fe2-d5928ef30461, command=[]} | ret=SUCCESS |  
2019-08-20 19:16:09,842 | INFO  | SCMAudit | user=jenkins1000 | ip=192.168.69.105 | op=SEND_HEARTBEAT {datanodeUUID=16f059df-d226-4022-8e81-046858cbfecb, command=[]} | ret=SUCCESS |  
2019-08-20 19:16:09,863 | INFO  | SCMAudit | user=jenkins1000 | ip=192.168.69.105 | op=SEND_HEARTBEAT {datanodeUUID=e4f90e61-f3c9-4b9d-bc15-ac0e2b79db86, command=[]} | ret=SUCCESS |  
2019-08-20 19:16:09,869 | INFO  | SCMAudit | user=jenkins1000 | ip=192.168.69.105 | op=SEND_HEARTBEAT {datanodeUUID=91ae5334-971e-44ba-ab57-2ec2dd220942, command=[]} | ret=SUCCESS |  
2019-08-20 19:16:09,929 | INFO  | SCMAudit | user=jenkins1000 | ip=192.168.69.105 | op=SEND_HEARTBEAT {datanodeUUID=4033865b-8d67-417a-8575-039c711fd8ba, command=[]} | ret=SUCCESS |  
2019-08-20 19:16:10,126 | INFO  | SCMAudit | user=jenkins1000 | ip=192.168.69.105 | op=SEND_HEARTBEAT {datanodeUUID=e274e395-c7b6-408d-a6b4-4add6056d6d1, command=[]} | ret=SUCCESS |  
2019-08-20 19:16:10,343 | INFO  | SCMAudit | user=jenkins1000 | ip=192.168.69.105 | op=SEND_HEARTBEAT {datanodeUUID=1df1583d-c3bd-46e3-b5a9-7f01f9158e7c, command=[]} | ret=SUCCESS |  
2019-08-20 19:16:10,588 | INFO  | SCMAudit | user=jenkins1000 | ip=192.168.69.105 | op=SEND_HEARTBEAT {datanodeUUID=340027e2-c19a-4ce0-8fe2-d5928ef30461, command=[]} | ret=SUCCESS |  
2019-08-20 19:16:10,841 | INFO  | SCMAudit | user=jenkins1000 | ip=192.168.69.105 | op=SEND_HEARTBEAT {datanodeUUID=16f059df-d226-4022-8e81-046858cbfecb, command=[]} | ret=SUCCESS |  
2019-08-20 19:16:10,864 | INFO  | SCMAudit | user=jenkins1000 | ip=192.168.69.105 | op=SEND_HEARTBEAT {datanodeUUID=e4f90e61-f3c9-4b9d-bc15-ac0e2b79db86, command=[]} | ret=SUCCESS |  
2019-08-20 19:16:10,869 | INFO  | SCMAudit | user=jenkins1000 | ip=192.168.69.105 | op=SEND_HEARTBEAT {datanodeUUID=91ae5334-971e-44ba-ab57-2ec2dd220942, command=[]} | ret=SUCCESS |  
2019-08-20 19:16:10,929 | INFO  | SCMAudit | user=jenkins1000 | ip=192.168.69.105 | op=SEND_HEARTBEAT {datanodeUUID=4033865b-8d67-417a-8575-039c711fd8ba, command=[]} | ret=SUCCESS |  
2019-08-20 19:16:11,127 | INFO  | SCMAudit | user=jenkins1000 | ip=192.168.69.105 | op=SEND_HEARTBEAT {datanodeUUID=e274e395-c7b6-408d-a6b4-4add6056d6d1, command=[]} | ret=SUCCESS |  
2019-08-20 19:16:11,343 | INFO  | SCMAudit | user=jenkins1000 | ip=192.168.69.105 | op=SEND_HEARTBEAT {datanodeUUID=1df1583d-c3bd-46e3-b5a9-7f01f9158e7c, command=[]} | ret=SUCCESS |  
2019-08-20 19:16:11,587 | INFO  | SCMAudit | user=jenkins1000 | ip=192.168.69.105 | op=SEND_HEARTBEAT {datanodeUUID=340027e2-c19a-4ce0-8fe2-d5928ef30461, command=[]} | ret=SUCCESS |  
2019-08-20 19:16:11,841 | INFO  | SCMAudit | user=jenkins1000 | ip=192.168.69.105 | op=SEND_HEARTBEAT {datanodeUUID=16f059df-d226-4022-8e81-046858cbfecb, command=[]} | ret=SUCCESS |  
2019-08-20 19:16:11,864 | INFO  | SCMAudit | user=jenkins1000 | ip=192.168.69.105 | op=SEND_HEARTBEAT {datanodeUUID=e4f90e61-f3c9-4b9d-bc15-ac0e2b79db86, command=[]} | ret=SUCCESS |  
2019-08-20 19:16:11,869 | INFO  | SCMAudit | user=jenkins1000 | ip=192.168.69.105 | op=SEND_HEARTBEAT {datanodeUUID=91ae5334-971e-44ba-ab57-2ec2dd220942, command=[]} | ret=SUCCESS |  
2019-08-20 19:16:11,929 | INFO  | SCMAudit | user=jenkins1000 | ip=192.168.69.105 | op=SEND_HEARTBEAT {datanodeUUID=4033865b-8d67-417a-8575-039c711fd8ba, command=[]} | ret=SUCCESS |  
2019-08-20 19:16:12,128 | INFO  | SCMAudit | user=jenkins1000 | ip=192.168.69.105 | op=SEND_HEARTBEAT {datanodeUUID=e274e395-c7b6-408d-a6b4-4add6056d6d1, command=[]} | ret=SUCCESS |  
2019-08-20 19:16:12,344 | INFO  | SCMAudit | user=jenkins1000 | ip=192.168.69.105 | op=SEND_HEARTBEAT {datanodeUUID=1df1583d-c3bd-46e3-b5a9-7f01f9158e7c, command=[]} | ret=SUCCESS |  
2019-08-20 19:16:12,418 [grpc-default-executor-1] INFO  client.GrpcClientProtocolClient (GrpcClientProtocolClient.java:onNext(255)) - client-8301E8A5B94A->91ae5334-971e-44ba-ab57-2ec2dd220942: receive RaftClientReply:client-8301E8A5B94A->91ae5334-971e-44ba-ab57-2ec2dd220942@group-782B390D3D40, cid=45, FAILED org.apache.ratis.protocol.NotLeaderException: Server 91ae5334-971e-44ba-ab57-2ec2dd220942 is not the leader (16f059df-d226-4022-8e81-046858cbfecb:192.168.69.105:37581). Request must be sent to leader., logIndex=0, commits[91ae5334-971e-44ba-ab57-2ec2dd220942:c8, e4f90e61-f3c9-4b9d-bc15-ac0e2b79db86:c8, 16f059df-d226-4022-8e81-046858cbfecb:c8]
2019-08-20 19:16:12,588 | INFO  | SCMAudit | user=jenkins1000 | ip=192.168.69.105 | op=SEND_HEARTBEAT {datanodeUUID=340027e2-c19a-4ce0-8fe2-d5928ef30461, command=[]} | ret=SUCCESS |  
2019-08-20 19:16:12,843 | INFO  | SCMAudit | user=jenkins1000 | ip=192.168.69.105 | op=SEND_HEARTBEAT {datanodeUUID=16f059df-d226-4022-8e81-046858cbfecb, command=[]} | ret=SUCCESS |  
2019-08-20 19:16:12,864 | INFO  | SCMAudit | user=jenkins1000 | ip=192.168.69.105 | op=SEND_HEARTBEAT {datanodeUUID=e4f90e61-f3c9-4b9d-bc15-ac0e2b79db86, command=[]} | ret=SUCCESS |  
2019-08-20 19:16:12,870 | INFO  | SCMAudit | user=jenkins1000 | ip=192.168.69.105 | op=SEND_HEARTBEAT {datanodeUUID=91ae5334-971e-44ba-ab57-2ec2dd220942, command=[]} | ret=SUCCESS |  
2019-08-20 19:16:12,929 | INFO  | SCMAudit | user=jenkins1000 | ip=192.168.69.105 | op=SEND_HEARTBEAT {datanodeUUID=4033865b-8d67-417a-8575-039c711fd8ba, command=[]} | ret=SUCCESS |  
2019-08-20 19:16:13,128 | INFO  | SCMAudit | user=jenkins1000 | ip=192.168.69.105 | op=SEND_HEARTBEAT {datanodeUUID=e274e395-c7b6-408d-a6b4-4add6056d6d1, command=[]} | ret=SUCCESS |  
2019-08-20 19:16:13,344 | INFO  | SCMAudit | user=jenkins1000 | ip=192.168.69.105 | op=SEND_HEARTBEAT {datanodeUUID=1df1583d-c3bd-46e3-b5a9-7f01f9158e7c, command=[]} | ret=SUCCESS |  
2019-08-20 19:16:13,588 | INFO  | SCMAudit | user=jenkins1000 | ip=192.168.69.105 | op=SEND_HEARTBEAT {datanodeUUID=340027e2-c19a-4ce0-8fe2-d5928ef30461, command=[]} | ret=SUCCESS |  
2019-08-20 19:16:13,842 | INFO  | SCMAudit | user=jenkins1000 | ip=192.168.69.105 | op=SEND_HEARTBEAT {datanodeUUID=16f059df-d226-4022-8e81-046858cbfecb, command=[]} | ret=SUCCESS |  
2019-08-20 19:16:13,865 | INFO  | SCMAudit | user=jenkins1000 | ip=192.168.69.105 | op=SEND_HEARTBEAT {datanodeUUID=e4f90e61-f3c9-4b9d-bc15-ac0e2b79db86, command=[]} | ret=SUCCESS |  
2019-08-20 19:16:13,869 | INFO  | SCMAudit | user=jenkins1000 | ip=192.168.69.105 | op=SEND_HEARTBEAT {datanodeUUID=91ae5334-971e-44ba-ab57-2ec2dd220942, command=[]} | ret=SUCCESS |  
2019-08-20 19:16:13,929 | INFO  | SCMAudit | user=jenkins1000 | ip=192.168.69.105 | op=SEND_HEARTBEAT {datanodeUUID=4033865b-8d67-417a-8575-039c711fd8ba, command=[]} | ret=SUCCESS |  
2019-08-20 19:16:14,129 | INFO  | SCMAudit | user=jenkins1000 | ip=192.168.69.105 | op=SEND_HEARTBEAT {datanodeUUID=e274e395-c7b6-408d-a6b4-4add6056d6d1, command=[]} | ret=SUCCESS |  
2019-08-20 19:16:14,343 | INFO  | SCMAudit | user=jenkins1000 | ip=192.168.69.105 | op=SEND_HEARTBEAT {datanodeUUID=1df1583d-c3bd-46e3-b5a9-7f01f9158e7c, command=[]} | ret=SUCCESS |  
2019-08-20 19:16:14,587 | INFO  | SCMAudit | user=jenkins1000 | ip=192.168.69.105 | op=SEND_HEARTBEAT {datanodeUUID=340027e2-c19a-4ce0-8fe2-d5928ef30461, command=[]} | ret=SUCCESS |  
2019-08-20 19:16:14,841 | INFO  | SCMAudit | user=jenkins1000 | ip=192.168.69.105 | op=SEND_HEARTBEAT {datanodeUUID=16f059df-d226-4022-8e81-046858cbfecb, command=[]} | ret=SUCCESS |  
2019-08-20 19:16:14,864 | INFO  | SCMAudit | user=jenkins1000 | ip=192.168.69.105 | op=SEND_HEARTBEAT {datanodeUUID=e4f90e61-f3c9-4b9d-bc15-ac0e2b79db86, command=[]} | ret=SUCCESS |  
2019-08-20 19:16:14,869 | INFO  | SCMAudit | user=jenkins1000 | ip=192.168.69.105 | op=SEND_HEARTBEAT {datanodeUUID=91ae5334-971e-44ba-ab57-2ec2dd220942, command=[]} | ret=SUCCESS |  
2019-08-20 19:16:14,930 | INFO  | SCMAudit | user=jenkins1000 | ip=192.168.69.105 | op=SEND_HEARTBEAT {datanodeUUID=4033865b-8d67-417a-8575-039c711fd8ba, command=[]} | ret=SUCCESS |  
2019-08-20 19:16:15,130 | INFO  | SCMAudit | user=jenkins1000 | ip=192.168.69.105 | op=SEND_HEARTBEAT {datanodeUUID=e274e395-c7b6-408d-a6b4-4add6056d6d1, command=[]} | ret=SUCCESS |  
2019-08-20 19:16:15,343 | INFO  | SCMAudit | user=jenkins1000 | ip=192.168.69.105 | op=SEND_HEARTBEAT {datanodeUUID=1df1583d-c3bd-46e3-b5a9-7f01f9158e7c, command=[]} | ret=SUCCESS |  
2019-08-20 19:16:15,587 | INFO  | SCMAudit | user=jenkins1000 | ip=192.168.69.105 | op=SEND_HEARTBEAT {datanodeUUID=340027e2-c19a-4ce0-8fe2-d5928ef30461, command=[]} | ret=SUCCESS |  
2019-08-20 19:16:15,842 | INFO  | SCMAudit | user=jenkins1000 | ip=192.168.69.105 | op=SEND_HEARTBEAT {datanodeUUID=16f059df-d226-4022-8e81-046858cbfecb, command=[]} | ret=SUCCESS |  
2019-08-20 19:16:15,864 | INFO  | SCMAudit | user=jenkins1000 | ip=192.168.69.105 | op=SEND_HEARTBEAT {datanodeUUID=e4f90e61-f3c9-4b9d-bc15-ac0e2b79db86, command=[]} | ret=SUCCESS |  
2019-08-20 19:16:15,869 | INFO  | SCMAudit | user=jenkins1000 | ip=192.168.69.105 | op=SEND_HEARTBEAT {datanodeUUID=91ae5334-971e-44ba-ab57-2ec2dd220942, command=[]} | ret=SUCCESS |  
2019-08-20 19:16:15,930 | INFO  | SCMAudit | user=jenkins1000 | ip=192.168.69.105 | op=SEND_HEARTBEAT {datanodeUUID=4033865b-8d67-417a-8575-039c711fd8ba, command=[]} | ret=SUCCESS |  
2019-08-20 19:16:16,130 | INFO  | SCMAudit | user=jenkins1000 | ip=192.168.69.105 | op=SEND_HEARTBEAT {datanodeUUID=e274e395-c7b6-408d-a6b4-4add6056d6d1, command=[]} | ret=SUCCESS |  
2019-08-20 19:16:16,343 | INFO  | SCMAudit | user=jenkins1000 | ip=192.168.69.105 | op=SEND_HEARTBEAT {datanodeUUID=1df1583d-c3bd-46e3-b5a9-7f01f9158e7c, command=[]} | ret=SUCCESS |  
2019-08-20 19:16:16,588 | INFO  | SCMAudit | user=jenkins1000 | ip=192.168.69.105 | op=SEND_HEARTBEAT {datanodeUUID=340027e2-c19a-4ce0-8fe2-d5928ef30461, command=[]} | ret=SUCCESS |  
2019-08-20 19:16:16,841 | INFO  | SCMAudit | user=jenkins1000 | ip=192.168.69.105 | op=SEND_HEARTBEAT {datanodeUUID=16f059df-d226-4022-8e81-046858cbfecb, command=[]} | ret=SUCCESS |  
2019-08-20 19:16:16,864 | INFO  | SCMAudit | user=jenkins1000 | ip=192.168.69.105 | op=SEND_HEARTBEAT {datanodeUUID=e4f90e61-f3c9-4b9d-bc15-ac0e2b79db86, command=[]} | ret=SUCCESS |  
2019-08-20 19:16:16,869 | INFO  | SCMAudit | user=jenkins1000 | ip=192.168.69.105 | op=SEND_HEARTBEAT {datanodeUUID=91ae5334-971e-44ba-ab57-2ec2dd220942, command=[]} | ret=SUCCESS |  
2019-08-20 19:16:16,930 | INFO  | SCMAudit | user=jenkins1000 | ip=192.168.69.105 | op=SEND_HEARTBEAT {datanodeUUID=4033865b-8d67-417a-8575-039c711fd8ba, command=[]} | ret=SUCCESS |  
2019-08-20 19:16:17,130 | INFO  | SCMAudit | user=jenkins1000 | ip=192.168.69.105 | op=SEND_HEARTBEAT {datanodeUUID=e274e395-c7b6-408d-a6b4-4add6056d6d1, command=[]} | ret=SUCCESS |  
2019-08-20 19:16:17,343 | INFO  | SCMAudit | user=jenkins1000 | ip=192.168.69.105 | op=SEND_HEARTBEAT {datanodeUUID=1df1583d-c3bd-46e3-b5a9-7f01f9158e7c, command=[]} | ret=SUCCESS |  
2019-08-20 19:16:17,457 [grpc-default-executor-4] INFO  client.GrpcClientProtocolClient (GrpcClientProtocolClient.java:onNext(255)) - client-8301E8A5B94A->e4f90e61-f3c9-4b9d-bc15-ac0e2b79db86: receive RaftClientReply:client-8301E8A5B94A->e4f90e61-f3c9-4b9d-bc15-ac0e2b79db86@group-782B390D3D40, cid=45, FAILED org.apache.ratis.protocol.NotLeaderException: Server e4f90e61-f3c9-4b9d-bc15-ac0e2b79db86 is not the leader (16f059df-d226-4022-8e81-046858cbfecb:192.168.69.105:37581). Request must be sent to leader., logIndex=0, commits[e4f90e61-f3c9-4b9d-bc15-ac0e2b79db86:c8, 16f059df-d226-4022-8e81-046858cbfecb:c8, 91ae5334-971e-44ba-ab57-2ec2dd220942:c8]
2019-08-20 19:16:17,587 | INFO  | SCMAudit | user=jenkins1000 | ip=192.168.69.105 | op=SEND_HEARTBEAT {datanodeUUID=340027e2-c19a-4ce0-8fe2-d5928ef30461, command=[]} | ret=SUCCESS |  
2019-08-20 19:16:17,841 | INFO  | SCMAudit | user=jenkins1000 | ip=192.168.69.105 | op=SEND_HEARTBEAT {datanodeUUID=16f059df-d226-4022-8e81-046858cbfecb, command=[]} | ret=SUCCESS |  
2019-08-20 19:16:17,864 | INFO  | SCMAudit | user=jenkins1000 | ip=192.168.69.105 | op=SEND_HEARTBEAT {datanodeUUID=e4f90e61-f3c9-4b9d-bc15-ac0e2b79db86, command=[]} | ret=SUCCESS |  
2019-08-20 19:16:17,869 | INFO  | SCMAudit | user=jenkins1000 | ip=192.168.69.105 | op=SEND_HEARTBEAT {datanodeUUID=91ae5334-971e-44ba-ab57-2ec2dd220942, command=[]} | ret=SUCCESS |  
2019-08-20 19:16:17,930 | INFO  | SCMAudit | user=jenkins1000 | ip=192.168.69.105 | op=SEND_HEARTBEAT {datanodeUUID=4033865b-8d67-417a-8575-039c711fd8ba, command=[]} | ret=SUCCESS |  
2019-08-20 19:16:18,131 | INFO  | SCMAudit | user=jenkins1000 | ip=192.168.69.105 | op=SEND_HEARTBEAT {datanodeUUID=e274e395-c7b6-408d-a6b4-4add6056d6d1, command=[]} | ret=SUCCESS |  
2019-08-20 19:16:18,344 | INFO  | SCMAudit | user=jenkins1000 | ip=192.168.69.105 | op=SEND_HEARTBEAT {datanodeUUID=1df1583d-c3bd-46e3-b5a9-7f01f9158e7c, command=[]} | ret=SUCCESS |  
2019-08-20 19:16:18,587 | INFO  | SCMAudit | user=jenkins1000 | ip=192.168.69.105 | op=SEND_HEARTBEAT {datanodeUUID=340027e2-c19a-4ce0-8fe2-d5928ef30461, command=[]} | ret=SUCCESS |  
2019-08-20 19:16:18,841 | INFO  | SCMAudit | user=jenkins1000 | ip=192.168.69.105 | op=SEND_HEARTBEAT {datanodeUUID=16f059df-d226-4022-8e81-046858cbfecb, command=[]} | ret=SUCCESS |  
2019-08-20 19:16:18,864 | INFO  | SCMAudit | user=jenkins1000 | ip=192.168.69.105 | op=SEND_HEARTBEAT {datanodeUUID=e4f90e61-f3c9-4b9d-bc15-ac0e2b79db86, command=[]} | ret=SUCCESS |  
2019-08-20 19:16:18,869 | INFO  | SCMAudit | user=jenkins1000 | ip=192.168.69.105 | op=SEND_HEARTBEAT {datanodeUUID=91ae5334-971e-44ba-ab57-2ec2dd220942, command=[]} | ret=SUCCESS |  
2019-08-20 19:16:18,930 | INFO  | SCMAudit | user=jenkins1000 | ip=192.168.69.105 | op=SEND_HEARTBEAT {datanodeUUID=4033865b-8d67-417a-8575-039c711fd8ba, command=[]} | ret=SUCCESS |  
2019-08-20 19:16:19,130 | INFO  | SCMAudit | user=jenkins1000 | ip=192.168.69.105 | op=SEND_HEARTBEAT {datanodeUUID=e274e395-c7b6-408d-a6b4-4add6056d6d1, command=[]} | ret=SUCCESS |  
2019-08-20 19:16:19,343 | INFO  | SCMAudit | user=jenkins1000 | ip=192.168.69.105 | op=SEND_HEARTBEAT {datanodeUUID=1df1583d-c3bd-46e3-b5a9-7f01f9158e7c, command=[]} | ret=SUCCESS |  
2019-08-20 19:16:19,588 | INFO  | SCMAudit | user=jenkins1000 | ip=192.168.69.105 | op=SEND_HEARTBEAT {datanodeUUID=340027e2-c19a-4ce0-8fe2-d5928ef30461, command=[]} | ret=SUCCESS |  
2019-08-20 19:16:19,841 | INFO  | SCMAudit | user=jenkins1000 | ip=192.168.69.105 | op=SEND_HEARTBEAT {datanodeUUID=16f059df-d226-4022-8e81-046858cbfecb, command=[]} | ret=SUCCESS |  
2019-08-20 19:16:19,864 | INFO  | SCMAudit | user=jenkins1000 | ip=192.168.69.105 | op=SEND_HEARTBEAT {datanodeUUID=e4f90e61-f3c9-4b9d-bc15-ac0e2b79db86, command=[]} | ret=SUCCESS |  
2019-08-20 19:16:19,870 | INFO  | SCMAudit | user=jenkins1000 | ip=192.168.69.105 | op=SEND_HEARTBEAT {datanodeUUID=91ae5334-971e-44ba-ab57-2ec2dd220942, command=[]} | ret=SUCCESS |  
2019-08-20 19:16:19,930 | INFO  | SCMAudit | user=jenkins1000 | ip=192.168.69.105 | op=SEND_HEARTBEAT {datanodeUUID=4033865b-8d67-417a-8575-039c711fd8ba, command=[]} | ret=SUCCESS |  
2019-08-20 19:16:20,130 | INFO  | SCMAudit | user=jenkins1000 | ip=192.168.69.105 | op=SEND_HEARTBEAT {datanodeUUID=e274e395-c7b6-408d-a6b4-4add6056d6d1, command=[]} | ret=SUCCESS |  
2019-08-20 19:16:20,343 | INFO  | SCMAudit | user=jenkins1000 | ip=192.168.69.105 | op=SEND_HEARTBEAT {datanodeUUID=1df1583d-c3bd-46e3-b5a9-7f01f9158e7c, command=[]} | ret=SUCCESS |  
2019-08-20 19:16:20,588 | INFO  | SCMAudit | user=jenkins1000 | ip=192.168.69.105 | op=SEND_HEARTBEAT {datanodeUUID=340027e2-c19a-4ce0-8fe2-d5928ef30461, command=[]} | ret=SUCCESS |  
2019-08-20 19:16:20,841 | INFO  | SCMAudit | user=jenkins1000 | ip=192.168.69.105 | op=SEND_HEARTBEAT {datanodeUUID=16f059df-d226-4022-8e81-046858cbfecb, command=[]} | ret=SUCCESS |  
2019-08-20 19:16:20,864 | INFO  | SCMAudit | user=jenkins1000 | ip=192.168.69.105 | op=SEND_HEARTBEAT {datanodeUUID=e4f90e61-f3c9-4b9d-bc15-ac0e2b79db86, command=[]} | ret=SUCCESS |  
2019-08-20 19:16:20,870 | INFO  | SCMAudit | user=jenkins1000 | ip=192.168.69.105 | op=SEND_HEARTBEAT {datanodeUUID=91ae5334-971e-44ba-ab57-2ec2dd220942, command=[]} | ret=SUCCESS |  
2019-08-20 19:16:20,930 | INFO  | SCMAudit | user=jenkins1000 | ip=192.168.69.105 | op=SEND_HEARTBEAT {datanodeUUID=4033865b-8d67-417a-8575-039c711fd8ba, command=[]} | ret=SUCCESS |  
2019-08-20 19:16:21,130 | INFO  | SCMAudit | user=jenkins1000 | ip=192.168.69.105 | op=SEND_HEARTBEAT {datanodeUUID=e274e395-c7b6-408d-a6b4-4add6056d6d1, command=[]} | ret=SUCCESS |  
2019-08-20 19:16:21,343 | INFO  | SCMAudit | user=jenkins1000 | ip=192.168.69.105 | op=SEND_HEARTBEAT {datanodeUUID=1df1583d-c3bd-46e3-b5a9-7f01f9158e7c, command=[]} | ret=SUCCESS |  
2019-08-20 19:16:21,588 | INFO  | SCMAudit | user=jenkins1000 | ip=192.168.69.105 | op=SEND_HEARTBEAT {datanodeUUID=340027e2-c19a-4ce0-8fe2-d5928ef30461, command=[]} | ret=SUCCESS |  
2019-08-20 19:16:21,842 | INFO  | SCMAudit | user=jenkins1000 | ip=192.168.69.105 | op=SEND_HEARTBEAT {datanodeUUID=16f059df-d226-4022-8e81-046858cbfecb, command=[]} | ret=SUCCESS |  
2019-08-20 19:16:21,865 | INFO  | SCMAudit | user=jenkins1000 | ip=192.168.69.105 | op=SEND_HEARTBEAT {datanodeUUID=e4f90e61-f3c9-4b9d-bc15-ac0e2b79db86, command=[]} | ret=SUCCESS |  
2019-08-20 19:16:21,871 | INFO  | SCMAudit | user=jenkins1000 | ip=192.168.69.105 | op=SEND_HEARTBEAT {datanodeUUID=91ae5334-971e-44ba-ab57-2ec2dd220942, command=[]} | ret=SUCCESS |  
2019-08-20 19:16:21,930 | INFO  | SCMAudit | user=jenkins1000 | ip=192.168.69.105 | op=SEND_HEARTBEAT {datanodeUUID=4033865b-8d67-417a-8575-039c711fd8ba, command=[]} | ret=SUCCESS |  
2019-08-20 19:16:22,130 | INFO  | SCMAudit | user=jenkins1000 | ip=192.168.69.105 | op=SEND_HEARTBEAT {datanodeUUID=e274e395-c7b6-408d-a6b4-4add6056d6d1, command=[]} | ret=SUCCESS |  
2019-08-20 19:16:22,343 | INFO  | SCMAudit | user=jenkins1000 | ip=192.168.69.105 | op=SEND_HEARTBEAT {datanodeUUID=1df1583d-c3bd-46e3-b5a9-7f01f9158e7c, command=[]} | ret=SUCCESS |  
2019-08-20 19:16:22,504 [grpc-default-executor-1] INFO  client.GrpcClientProtocolClient (GrpcClientProtocolClient.java:onNext(255)) - client-8301E8A5B94A->91ae5334-971e-44ba-ab57-2ec2dd220942: receive RaftClientReply:client-8301E8A5B94A->91ae5334-971e-44ba-ab57-2ec2dd220942@group-782B390D3D40, cid=45, FAILED org.apache.ratis.protocol.NotLeaderException: Server 91ae5334-971e-44ba-ab57-2ec2dd220942 is not the leader (16f059df-d226-4022-8e81-046858cbfecb:192.168.69.105:37581). Request must be sent to leader., logIndex=0, commits[91ae5334-971e-44ba-ab57-2ec2dd220942:c8, e4f90e61-f3c9-4b9d-bc15-ac0e2b79db86:c8, 16f059df-d226-4022-8e81-046858cbfecb:c8]
2019-08-20 19:16:22,588 | INFO  | SCMAudit | user=jenkins1000 | ip=192.168.69.105 | op=SEND_HEARTBEAT {datanodeUUID=340027e2-c19a-4ce0-8fe2-d5928ef30461, command=[]} | ret=SUCCESS |  
2019-08-20 19:16:22,842 | INFO  | SCMAudit | user=jenkins1000 | ip=192.168.69.105 | op=SEND_HEARTBEAT {datanodeUUID=16f059df-d226-4022-8e81-046858cbfecb, command=[]} | ret=SUCCESS |  
2019-08-20 19:16:22,865 | INFO  | SCMAudit | user=jenkins1000 | ip=192.168.69.105 | op=SEND_HEARTBEAT {datanodeUUID=e4f90e61-f3c9-4b9d-bc15-ac0e2b79db86, command=[]} | ret=SUCCESS |  
2019-08-20 19:16:22,872 | INFO  | SCMAudit | user=jenkins1000 | ip=192.168.69.105 | op=SEND_HEARTBEAT {datanodeUUID=91ae5334-971e-44ba-ab57-2ec2dd220942, command=[]} | ret=SUCCESS |  
2019-08-20 19:16:22,930 | INFO  | SCMAudit | user=jenkins1000 | ip=192.168.69.105 | op=SEND_HEARTBEAT {datanodeUUID=4033865b-8d67-417a-8575-039c711fd8ba, command=[]} | ret=SUCCESS |  
2019-08-20 19:16:23,130 | INFO  | SCMAudit | user=jenkins1000 | ip=192.168.69.105 | op=SEND_HEARTBEAT {datanodeUUID=e274e395-c7b6-408d-a6b4-4add6056d6d1, command=[]} | ret=SUCCESS |  
2019-08-20 19:16:23,343 | INFO  | SCMAudit | user=jenkins1000 | ip=192.168.69.105 | op=SEND_HEARTBEAT {datanodeUUID=1df1583d-c3bd-46e3-b5a9-7f01f9158e7c, command=[]} | ret=SUCCESS |  
2019-08-20 19:16:23,589 | INFO  | SCMAudit | user=jenkins1000 | ip=192.168.69.105 | op=SEND_HEARTBEAT {datanodeUUID=340027e2-c19a-4ce0-8fe2-d5928ef30461, command=[]} | ret=SUCCESS |  
2019-08-20 19:16:23,842 | INFO  | SCMAudit | user=jenkins1000 | ip=192.168.69.105 | op=SEND_HEARTBEAT {datanodeUUID=16f059df-d226-4022-8e81-046858cbfecb, command=[]} | ret=SUCCESS |  
2019-08-20 19:16:23,865 | INFO  | SCMAudit | user=jenkins1000 | ip=192.168.69.105 | op=SEND_HEARTBEAT {datanodeUUID=e4f90e61-f3c9-4b9d-bc15-ac0e2b79db86, command=[]} | ret=SUCCESS |  
2019-08-20 19:16:23,872 | INFO  | SCMAudit | user=jenkins1000 | ip=192.168.69.105 | op=SEND_HEARTBEAT {datanodeUUID=91ae5334-971e-44ba-ab57-2ec2dd220942, command=[]} | ret=SUCCESS |  
2019-08-20 19:16:23,930 | INFO  | SCMAudit | user=jenkins1000 | ip=192.168.69.105 | op=SEND_HEARTBEAT {datanodeUUID=4033865b-8d67-417a-8575-039c711fd8ba, command=[]} | ret=SUCCESS |  
2019-08-20 19:16:24,130 | INFO  | SCMAudit | user=jenkins1000 | ip=192.168.69.105 | op=SEND_HEARTBEAT {datanodeUUID=e274e395-c7b6-408d-a6b4-4add6056d6d1, command=[]} | ret=SUCCESS |  
2019-08-20 19:16:24,343 | INFO  | SCMAudit | user=jenkins1000 | ip=192.168.69.105 | op=SEND_HEARTBEAT {datanodeUUID=1df1583d-c3bd-46e3-b5a9-7f01f9158e7c, command=[]} | ret=SUCCESS |  
2019-08-20 19:16:24,588 | INFO  | SCMAudit | user=jenkins1000 | ip=192.168.69.105 | op=SEND_HEARTBEAT {datanodeUUID=340027e2-c19a-4ce0-8fe2-d5928ef30461, command=[]} | ret=SUCCESS |  
2019-08-20 19:16:24,842 | INFO  | SCMAudit | user=jenkins1000 | ip=192.168.69.105 | op=SEND_HEARTBEAT {datanodeUUID=16f059df-d226-4022-8e81-046858cbfecb, command=[]} | ret=SUCCESS |  
2019-08-20 19:16:24,865 | INFO  | SCMAudit | user=jenkins1000 | ip=192.168.69.105 | op=SEND_HEARTBEAT {datanodeUUID=e4f90e61-f3c9-4b9d-bc15-ac0e2b79db86, command=[]} | ret=SUCCESS |  
2019-08-20 19:16:24,873 | INFO  | SCMAudit | user=jenkins1000 | ip=192.168.69.105 | op=SEND_HEARTBEAT {datanodeUUID=91ae5334-971e-44ba-ab57-2ec2dd220942, command=[]} | ret=SUCCESS |  
2019-08-20 19:16:24,930 | INFO  | SCMAudit | user=jenkins1000 | ip=192.168.69.105 | op=SEND_HEARTBEAT {datanodeUUID=4033865b-8d67-417a-8575-039c711fd8ba, command=[]} | ret=SUCCESS |  
2019-08-20 19:16:25,130 | INFO  | SCMAudit | user=jenkins1000 | ip=192.168.69.105 | op=SEND_HEARTBEAT {datanodeUUID=e274e395-c7b6-408d-a6b4-4add6056d6d1, command=[]} | ret=SUCCESS |  
2019-08-20 19:16:25,343 | INFO  | SCMAudit | user=jenkins1000 | ip=192.168.69.105 | op=SEND_HEARTBEAT {datanodeUUID=1df1583d-c3bd-46e3-b5a9-7f01f9158e7c, command=[]} | ret=SUCCESS |  
2019-08-20 19:16:25,588 | INFO  | SCMAudit | user=jenkins1000 | ip=192.168.69.105 | op=SEND_HEARTBEAT {datanodeUUID=340027e2-c19a-4ce0-8fe2-d5928ef30461, command=[]} | ret=SUCCESS |  
2019-08-20 19:16:25,842 | INFO  | SCMAudit | user=jenkins1000 | ip=192.168.69.105 | op=SEND_HEARTBEAT {datanodeUUID=16f059df-d226-4022-8e81-046858cbfecb, command=[]} | ret=SUCCESS |  
2019-08-20 19:16:25,865 | INFO  | SCMAudit | user=jenkins1000 | ip=192.168.69.105 | op=SEND_HEARTBEAT {datanodeUUID=e4f90e61-f3c9-4b9d-bc15-ac0e2b79db86, command=[]} | ret=SUCCESS |  
2019-08-20 19:16:25,874 | INFO  | SCMAudit | user=jenkins1000 | ip=192.168.69.105 | op=SEND_HEARTBEAT {datanodeUUID=91ae5334-971e-44ba-ab57-2ec2dd220942, command=[]} | ret=SUCCESS |  
2019-08-20 19:16:25,930 | INFO  | SCMAudit | user=jenkins1000 | ip=192.168.69.105 | op=SEND_HEARTBEAT {datanodeUUID=4033865b-8d67-417a-8575-039c711fd8ba, command=[]} | ret=SUCCESS |  
2019-08-20 19:16:26,130 | INFO  | SCMAudit | user=jenkins1000 | ip=192.168.69.105 | op=SEND_HEARTBEAT {datanodeUUID=e274e395-c7b6-408d-a6b4-4add6056d6d1, command=[]} | ret=SUCCESS |  
2019-08-20 19:16:26,343 | INFO  | SCMAudit | user=jenkins1000 | ip=192.168.69.105 | op=SEND_HEARTBEAT {datanodeUUID=1df1583d-c3bd-46e3-b5a9-7f01f9158e7c, command=[]} | ret=SUCCESS |  
2019-08-20 19:16:26,588 | INFO  | SCMAudit | user=jenkins1000 | ip=192.168.69.105 | op=SEND_HEARTBEAT {datanodeUUID=340027e2-c19a-4ce0-8fe2-d5928ef30461, command=[]} | ret=SUCCESS |  
2019-08-20 19:16:26,842 | INFO  | SCMAudit | user=jenkins1000 | ip=192.168.69.105 | op=SEND_HEARTBEAT {datanodeUUID=16f059df-d226-4022-8e81-046858cbfecb, command=[]} | ret=SUCCESS |  
2019-08-20 19:16:26,865 | INFO  | SCMAudit | user=jenkins1000 | ip=192.168.69.105 | op=SEND_HEARTBEAT {datanodeUUID=e4f90e61-f3c9-4b9d-bc15-ac0e2b79db86, command=[]} | ret=SUCCESS |  
2019-08-20 19:16:26,874 | INFO  | SCMAudit | user=jenkins1000 | ip=192.168.69.105 | op=SEND_HEARTBEAT {datanodeUUID=91ae5334-971e-44ba-ab57-2ec2dd220942, command=[]} | ret=SUCCESS |  
2019-08-20 19:16:26,930 | INFO  | SCMAudit | user=jenkins1000 | ip=192.168.69.105 | op=SEND_HEARTBEAT {datanodeUUID=4033865b-8d67-417a-8575-039c711fd8ba, command=[]} | ret=SUCCESS |  
2019-08-20 19:16:27,130 | INFO  | SCMAudit | user=jenkins1000 | ip=192.168.69.105 | op=SEND_HEARTBEAT {datanodeUUID=e274e395-c7b6-408d-a6b4-4add6056d6d1, command=[]} | ret=SUCCESS |  
2019-08-20 19:16:27,343 | INFO  | SCMAudit | user=jenkins1000 | ip=192.168.69.105 | op=SEND_HEARTBEAT {datanodeUUID=1df1583d-c3bd-46e3-b5a9-7f01f9158e7c, command=[]} | ret=SUCCESS |  
2019-08-20 19:16:27,546 [grpc-default-executor-4] INFO  client.GrpcClientProtocolClient (GrpcClientProtocolClient.java:onNext(255)) - client-8301E8A5B94A->91ae5334-971e-44ba-ab57-2ec2dd220942: receive RaftClientReply:client-8301E8A5B94A->91ae5334-971e-44ba-ab57-2ec2dd220942@group-782B390D3D40, cid=45, FAILED org.apache.ratis.protocol.NotLeaderException: Server 91ae5334-971e-44ba-ab57-2ec2dd220942 is not the leader (16f059df-d226-4022-8e81-046858cbfecb:192.168.69.105:37581). Request must be sent to leader., logIndex=0, commits[91ae5334-971e-44ba-ab57-2ec2dd220942:c8, e4f90e61-f3c9-4b9d-bc15-ac0e2b79db86:c8, 16f059df-d226-4022-8e81-046858cbfecb:c8]
2019-08-20 19:16:27,588 | INFO  | SCMAudit | user=jenkins1000 | ip=192.168.69.105 | op=SEND_HEARTBEAT {datanodeUUID=340027e2-c19a-4ce0-8fe2-d5928ef30461, command=[]} | ret=SUCCESS |  
2019-08-20 19:16:27,842 | INFO  | SCMAudit | user=jenkins1000 | ip=192.168.69.105 | op=SEND_HEARTBEAT {datanodeUUID=16f059df-d226-4022-8e81-046858cbfecb, command=[]} | ret=SUCCESS |  
2019-08-20 19:16:27,865 | INFO  | SCMAudit | user=jenkins1000 | ip=192.168.69.105 | op=SEND_HEARTBEAT {datanodeUUID=e4f90e61-f3c9-4b9d-bc15-ac0e2b79db86, command=[]} | ret=SUCCESS |  
2019-08-20 19:16:27,874 | INFO  | SCMAudit | user=jenkins1000 | ip=192.168.69.105 | op=SEND_HEARTBEAT {datanodeUUID=91ae5334-971e-44ba-ab57-2ec2dd220942, command=[]} | ret=SUCCESS |  
2019-08-20 19:16:27,930 | INFO  | SCMAudit | user=jenkins1000 | ip=192.168.69.105 | op=SEND_HEARTBEAT {datanodeUUID=4033865b-8d67-417a-8575-039c711fd8ba, command=[]} | ret=SUCCESS |  
2019-08-20 19:16:28,130 | INFO  | SCMAudit | user=jenkins1000 | ip=192.168.69.105 | op=SEND_HEARTBEAT {datanodeUUID=e274e395-c7b6-408d-a6b4-4add6056d6d1, command=[]} | ret=SUCCESS |  
2019-08-20 19:16:28,343 | INFO  | SCMAudit | user=jenkins1000 | ip=192.168.69.105 | op=SEND_HEARTBEAT {datanodeUUID=1df1583d-c3bd-46e3-b5a9-7f01f9158e7c, command=[]} | ret=SUCCESS |  
2019-08-20 19:16:28,589 | INFO  | SCMAudit | user=jenkins1000 | ip=192.168.69.105 | op=SEND_HEARTBEAT {datanodeUUID=340027e2-c19a-4ce0-8fe2-d5928ef30461, command=[]} | ret=SUCCESS |  
2019-08-20 19:16:28,842 | INFO  | SCMAudit | user=jenkins1000 | ip=192.168.69.105 | op=SEND_HEARTBEAT {datanodeUUID=16f059df-d226-4022-8e81-046858cbfecb, command=[]} | ret=SUCCESS |  
2019-08-20 19:16:28,866 | INFO  | SCMAudit | user=jenkins1000 | ip=192.168.69.105 | op=SEND_HEARTBEAT {datanodeUUID=e4f90e61-f3c9-4b9d-bc15-ac0e2b79db86, command=[]} | ret=SUCCESS |  
2019-08-20 19:16:28,874 | INFO  | SCMAudit | user=jenkins1000 | ip=192.168.69.105 | op=SEND_HEARTBEAT {datanodeUUID=91ae5334-971e-44ba-ab57-2ec2dd220942, command=[]} | ret=SUCCESS |  
2019-08-20 19:16:28,930 | INFO  | SCMAudit | user=jenkins1000 | ip=192.168.69.105 | op=SEND_HEARTBEAT {datanodeUUID=4033865b-8d67-417a-8575-039c711fd8ba, command=[]} | ret=SUCCESS |  
2019-08-20 19:16:29,130 | INFO  | SCMAudit | user=jenkins1000 | ip=192.168.69.105 | op=SEND_HEARTBEAT {datanodeUUID=e274e395-c7b6-408d-a6b4-4add6056d6d1, command=[]} | ret=SUCCESS |  
2019-08-20 19:16:29,343 | INFO  | SCMAudit | user=jenkins1000 | ip=192.168.69.105 | op=SEND_HEARTBEAT {datanodeUUID=1df1583d-c3bd-46e3-b5a9-7f01f9158e7c, command=[]} | ret=SUCCESS |  
2019-08-20 19:16:29,589 | INFO  | SCMAudit | user=jenkins1000 | ip=192.168.69.105 | op=SEND_HEARTBEAT {datanodeUUID=340027e2-c19a-4ce0-8fe2-d5928ef30461, command=[]} | ret=SUCCESS |  
2019-08-20 19:16:29,842 | INFO  | SCMAudit | user=jenkins1000 | ip=192.168.69.105 | op=SEND_HEARTBEAT {datanodeUUID=16f059df-d226-4022-8e81-046858cbfecb, command=[]} | ret=SUCCESS |  
2019-08-20 19:16:29,865 | INFO  | SCMAudit | user=jenkins1000 | ip=192.168.69.105 | op=SEND_HEARTBEAT {datanodeUUID=e4f90e61-f3c9-4b9d-bc15-ac0e2b79db86, command=[]} | ret=SUCCESS |  
2019-08-20 19:16:29,874 | INFO  | SCMAudit | user=jenkins1000 | ip=192.168.69.105 | op=SEND_HEARTBEAT {datanodeUUID=91ae5334-971e-44ba-ab57-2ec2dd220942, command=[]} | ret=SUCCESS |  
2019-08-20 19:16:29,930 | INFO  | SCMAudit | user=jenkins1000 | ip=192.168.69.105 | op=SEND_HEARTBEAT {datanodeUUID=4033865b-8d67-417a-8575-039c711fd8ba, command=[]} | ret=SUCCESS |  
2019-08-20 19:16:30,130 | INFO  | SCMAudit | user=jenkins1000 | ip=192.168.69.105 | op=SEND_HEARTBEAT {datanodeUUID=e274e395-c7b6-408d-a6b4-4add6056d6d1, command=[]} | ret=SUCCESS |  
2019-08-20 19:16:30,343 | INFO  | SCMAudit | user=jenkins1000 | ip=192.168.69.105 | op=SEND_HEARTBEAT {datanodeUUID=1df1583d-c3bd-46e3-b5a9-7f01f9158e7c, command=[]} | ret=SUCCESS |  
2019-08-20 19:16:30,589 | INFO  | SCMAudit | user=jenkins1000 | ip=192.168.69.105 | op=SEND_HEARTBEAT {datanodeUUID=340027e2-c19a-4ce0-8fe2-d5928ef30461, command=[]} | ret=SUCCESS |  
2019-08-20 19:16:30,843 | INFO  | SCMAudit | user=jenkins1000 | ip=192.168.69.105 | op=SEND_HEARTBEAT {datanodeUUID=16f059df-d226-4022-8e81-046858cbfecb, command=[]} | ret=SUCCESS |  
2019-08-20 19:16:30,865 | INFO  | SCMAudit | user=jenkins1000 | ip=192.168.69.105 | op=SEND_HEARTBEAT {datanodeUUID=e4f90e61-f3c9-4b9d-bc15-ac0e2b79db86, command=[]} | ret=SUCCESS |  
2019-08-20 19:16:30,874 | INFO  | SCMAudit | user=jenkins1000 | ip=192.168.69.105 | op=SEND_HEARTBEAT {datanodeUUID=91ae5334-971e-44ba-ab57-2ec2dd220942, command=[]} | ret=SUCCESS |  
2019-08-20 19:16:30,930 | INFO  | SCMAudit | user=jenkins1000 | ip=192.168.69.105 | op=SEND_HEARTBEAT {datanodeUUID=4033865b-8d67-417a-8575-039c711fd8ba, command=[]} | ret=SUCCESS |  
2019-08-20 19:16:31,131 | INFO  | SCMAudit | user=jenkins1000 | ip=192.168.69.105 | op=SEND_HEARTBEAT {datanodeUUID=e274e395-c7b6-408d-a6b4-4add6056d6d1, command=[]} | ret=SUCCESS |  
2019-08-20 19:16:31,343 | INFO  | SCMAudit | user=jenkins1000 | ip=192.168.69.105 | op=SEND_HEARTBEAT {datanodeUUID=1df1583d-c3bd-46e3-b5a9-7f01f9158e7c, command=[]} | ret=SUCCESS |  
2019-08-20 19:16:31,592 | INFO  | SCMAudit | user=jenkins1000 | ip=192.168.69.105 | op=SEND_HEARTBEAT {datanodeUUID=340027e2-c19a-4ce0-8fe2-d5928ef30461, command=[]} | ret=SUCCESS |  
2019-08-20 19:16:31,844 | INFO  | SCMAudit | user=jenkins1000 | ip=192.168.69.105 | op=SEND_HEARTBEAT {datanodeUUID=16f059df-d226-4022-8e81-046858cbfecb, command=[]} | ret=SUCCESS |  
2019-08-20 19:16:31,865 | INFO  | SCMAudit | user=jenkins1000 | ip=192.168.69.105 | op=SEND_HEARTBEAT {datanodeUUID=e4f90e61-f3c9-4b9d-bc15-ac0e2b79db86, command=[]} | ret=SUCCESS |  
2019-08-20 19:16:31,874 | INFO  | SCMAudit | user=jenkins1000 | ip=192.168.69.105 | op=SEND_HEARTBEAT {datanodeUUID=91ae5334-971e-44ba-ab57-2ec2dd220942, command=[]} | ret=SUCCESS |  
2019-08-20 19:16:31,931 | INFO  | SCMAudit | user=jenkins1000 | ip=192.168.69.105 | op=SEND_HEARTBEAT {datanodeUUID=4033865b-8d67-417a-8575-039c711fd8ba, command=[]} | ret=SUCCESS |  
2019-08-20 19:16:32,131 | INFO  | SCMAudit | user=jenkins1000 | ip=192.168.69.105 | op=SEND_HEARTBEAT {datanodeUUID=e274e395-c7b6-408d-a6b4-4add6056d6d1, command=[]} | ret=SUCCESS |  
2019-08-20 19:16:32,343 | INFO  | SCMAudit | user=jenkins1000 | ip=192.168.69.105 | op=SEND_HEARTBEAT {datanodeUUID=1df1583d-c3bd-46e3-b5a9-7f01f9158e7c, command=[]} | ret=SUCCESS |  
2019-08-20 19:16:32,589 | INFO  | SCMAudit | user=jenkins1000 | ip=192.168.69.105 | op=SEND_HEARTBEAT {datanodeUUID=340027e2-c19a-4ce0-8fe2-d5928ef30461, command=[]} | ret=SUCCESS |  
2019-08-20 19:16:32,606 [grpc-default-executor-5] INFO  client.GrpcClientProtocolClient (GrpcClientProtocolClient.java:onNext(255)) - client-8301E8A5B94A->e4f90e61-f3c9-4b9d-bc15-ac0e2b79db86: receive RaftClientReply:client-8301E8A5B94A->e4f90e61-f3c9-4b9d-bc15-ac0e2b79db86@group-782B390D3D40, cid=45, FAILED org.apache.ratis.protocol.NotLeaderException: Server e4f90e61-f3c9-4b9d-bc15-ac0e2b79db86 is not the leader (16f059df-d226-4022-8e81-046858cbfecb:192.168.69.105:37581). Request must be sent to leader., logIndex=0, commits[e4f90e61-f3c9-4b9d-bc15-ac0e2b79db86:c8, 16f059df-d226-4022-8e81-046858cbfecb:c8, 91ae5334-971e-44ba-ab57-2ec2dd220942:c8]
2019-08-20 19:16:32,844 | INFO  | SCMAudit | user=jenkins1000 | ip=192.168.69.105 | op=SEND_HEARTBEAT {datanodeUUID=16f059df-d226-4022-8e81-046858cbfecb, command=[]} | ret=SUCCESS |  
2019-08-20 19:16:32,865 | INFO  | SCMAudit | user=jenkins1000 | ip=192.168.69.105 | op=SEND_HEARTBEAT {datanodeUUID=e4f90e61-f3c9-4b9d-bc15-ac0e2b79db86, command=[]} | ret=SUCCESS |  
2019-08-20 19:16:32,874 | INFO  | SCMAudit | user=jenkins1000 | ip=192.168.69.105 | op=SEND_HEARTBEAT {datanodeUUID=91ae5334-971e-44ba-ab57-2ec2dd220942, command=[]} | ret=SUCCESS |  
2019-08-20 19:16:32,931 | INFO  | SCMAudit | user=jenkins1000 | ip=192.168.69.105 | op=SEND_HEARTBEAT {datanodeUUID=4033865b-8d67-417a-8575-039c711fd8ba, command=[]} | ret=SUCCESS |  
2019-08-20 19:16:33,131 | INFO  | SCMAudit | user=jenkins1000 | ip=192.168.69.105 | op=SEND_HEARTBEAT {datanodeUUID=e274e395-c7b6-408d-a6b4-4add6056d6d1, command=[]} | ret=SUCCESS |  
2019-08-20 19:16:33,343 | INFO  | SCMAudit | user=jenkins1000 | ip=192.168.69.105 | op=SEND_HEARTBEAT {datanodeUUID=1df1583d-c3bd-46e3-b5a9-7f01f9158e7c, command=[]} | ret=SUCCESS |  
2019-08-20 19:16:33,590 | INFO  | SCMAudit | user=jenkins1000 | ip=192.168.69.105 | op=SEND_HEARTBEAT {datanodeUUID=340027e2-c19a-4ce0-8fe2-d5928ef30461, command=[]} | ret=SUCCESS |  
2019-08-20 19:16:33,844 | INFO  | SCMAudit | user=jenkins1000 | ip=192.168.69.105 | op=SEND_HEARTBEAT {datanodeUUID=16f059df-d226-4022-8e81-046858cbfecb, command=[]} | ret=SUCCESS |  
2019-08-20 19:16:33,865 | INFO  | SCMAudit | user=jenkins1000 | ip=192.168.69.105 | op=SEND_HEARTBEAT {datanodeUUID=e4f90e61-f3c9-4b9d-bc15-ac0e2b79db86, command=[]} | ret=SUCCESS |  
2019-08-20 19:16:33,874 | INFO  | SCMAudit | user=jenkins1000 | ip=192.168.69.105 | op=SEND_HEARTBEAT {datanodeUUID=91ae5334-971e-44ba-ab57-2ec2dd220942, command=[]} | ret=SUCCESS |  
2019-08-20 19:16:33,931 | INFO  | SCMAudit | user=jenkins1000 | ip=192.168.69.105 | op=SEND_HEARTBEAT {datanodeUUID=4033865b-8d67-417a-8575-039c711fd8ba, command=[]} | ret=SUCCESS |  
2019-08-20 19:16:34,131 | INFO  | SCMAudit | user=jenkins1000 | ip=192.168.69.105 | op=SEND_HEARTBEAT {datanodeUUID=e274e395-c7b6-408d-a6b4-4add6056d6d1, command=[]} | ret=SUCCESS |  
2019-08-20 19:16:34,343 | INFO  | SCMAudit | user=jenkins1000 | ip=192.168.69.105 | op=SEND_HEARTBEAT {datanodeUUID=1df1583d-c3bd-46e3-b5a9-7f01f9158e7c, command=[]} | ret=SUCCESS |  
2019-08-20 19:16:34,590 | INFO  | SCMAudit | user=jenkins1000 | ip=192.168.69.105 | op=SEND_HEARTBEAT {datanodeUUID=340027e2-c19a-4ce0-8fe2-d5928ef30461, command=[]} | ret=SUCCESS |  
2019-08-20 19:16:34,844 | INFO  | SCMAudit | user=jenkins1000 | ip=192.168.69.105 | op=SEND_HEARTBEAT {datanodeUUID=16f059df-d226-4022-8e81-046858cbfecb, command=[]} | ret=SUCCESS |  
2019-08-20 19:16:34,865 | INFO  | SCMAudit | user=jenkins1000 | ip=192.168.69.105 | op=SEND_HEARTBEAT {datanodeUUID=e4f90e61-f3c9-4b9d-bc15-ac0e2b79db86, command=[]} | ret=SUCCESS |  
2019-08-20 19:16:34,874 | INFO  | SCMAudit | user=jenkins1000 | ip=192.168.69.105 | op=SEND_HEARTBEAT {datanodeUUID=91ae5334-971e-44ba-ab57-2ec2dd220942, command=[]} | ret=SUCCESS |  
2019-08-20 19:16:34,931 | INFO  | SCMAudit | user=jenkins1000 | ip=192.168.69.105 | op=SEND_HEARTBEAT {datanodeUUID=4033865b-8d67-417a-8575-039c711fd8ba, command=[]} | ret=SUCCESS |  
2019-08-20 19:16:35,131 | INFO  | SCMAudit | user=jenkins1000 | ip=192.168.69.105 | op=SEND_HEARTBEAT {datanodeUUID=e274e395-c7b6-408d-a6b4-4add6056d6d1, command=[]} | ret=SUCCESS |  
2019-08-20 19:16:35,343 | INFO  | SCMAudit | user=jenkins1000 | ip=192.168.69.105 | op=SEND_HEARTBEAT {datanodeUUID=1df1583d-c3bd-46e3-b5a9-7f01f9158e7c, command=[]} | ret=SUCCESS |  
2019-08-20 19:16:35,590 | INFO  | SCMAudit | user=jenkins1000 | ip=192.168.69.105 | op=SEND_HEARTBEAT {datanodeUUID=340027e2-c19a-4ce0-8fe2-d5928ef30461, command=[]} | ret=SUCCESS |  
2019-08-20 19:16:35,844 | INFO  | SCMAudit | user=jenkins1000 | ip=192.168.69.105 | op=SEND_HEARTBEAT {datanodeUUID=16f059df-d226-4022-8e81-046858cbfecb, command=[]} | ret=SUCCESS |  
2019-08-20 19:16:35,866 | INFO  | SCMAudit | user=jenkins1000 | ip=192.168.69.105 | op=SEND_HEARTBEAT {datanodeUUID=e4f90e61-f3c9-4b9d-bc15-ac0e2b79db86, command=[]} | ret=SUCCESS |  
2019-08-20 19:16:35,874 | INFO  | SCMAudit | user=jenkins1000 | ip=192.168.69.105 | op=SEND_HEARTBEAT {datanodeUUID=91ae5334-971e-44ba-ab57-2ec2dd220942, command=[]} | ret=SUCCESS |  
2019-08-20 19:16:35,931 | INFO  | SCMAudit | user=jenkins1000 | ip=192.168.69.105 | op=SEND_HEARTBEAT {datanodeUUID=4033865b-8d67-417a-8575-039c711fd8ba, command=[]} | ret=SUCCESS |  
2019-08-20 19:16:36,131 | INFO  | SCMAudit | user=jenkins1000 | ip=192.168.69.105 | op=SEND_HEARTBEAT {datanodeUUID=e274e395-c7b6-408d-a6b4-4add6056d6d1, command=[]} | ret=SUCCESS |  
2019-08-20 19:16:36,344 | INFO  | SCMAudit | user=jenkins1000 | ip=192.168.69.105 | op=SEND_HEARTBEAT {datanodeUUID=1df1583d-c3bd-46e3-b5a9-7f01f9158e7c, command=[]} | ret=SUCCESS |  
2019-08-20 19:16:36,590 | INFO  | SCMAudit | user=jenkins1000 | ip=192.168.69.105 | op=SEND_HEARTBEAT {datanodeUUID=340027e2-c19a-4ce0-8fe2-d5928ef30461, command=[]} | ret=SUCCESS |  
2019-08-20 19:16:36,844 | INFO  | SCMAudit | user=jenkins1000 | ip=192.168.69.105 | op=SEND_HEARTBEAT {datanodeUUID=16f059df-d226-4022-8e81-046858cbfecb, command=[]} | ret=SUCCESS |  
2019-08-20 19:16:36,865 | INFO  | SCMAudit | user=jenkins1000 | ip=192.168.69.105 | op=SEND_HEARTBEAT {datanodeUUID=e4f90e61-f3c9-4b9d-bc15-ac0e2b79db86, command=[]} | ret=SUCCESS |  
2019-08-20 19:16:36,874 | INFO  | SCMAudit | user=jenkins1000 | ip=192.168.69.105 | op=SEND_HEARTBEAT {datanodeUUID=91ae5334-971e-44ba-ab57-2ec2dd220942, command=[]} | ret=SUCCESS |  
2019-08-20 19:16:36,931 | INFO  | SCMAudit | user=jenkins1000 | ip=192.168.69.105 | op=SEND_HEARTBEAT {datanodeUUID=4033865b-8d67-417a-8575-039c711fd8ba, command=[]} | ret=SUCCESS |  
2019-08-20 19:16:37,131 | INFO  | SCMAudit | user=jenkins1000 | ip=192.168.69.105 | op=SEND_HEARTBEAT {datanodeUUID=e274e395-c7b6-408d-a6b4-4add6056d6d1, command=[]} | ret=SUCCESS |  
2019-08-20 19:16:37,343 | INFO  | SCMAudit | user=jenkins1000 | ip=192.168.69.105 | op=SEND_HEARTBEAT {datanodeUUID=1df1583d-c3bd-46e3-b5a9-7f01f9158e7c, command=[]} | ret=SUCCESS |  
2019-08-20 19:16:37,591 | INFO  | SCMAudit | user=jenkins1000 | ip=192.168.69.105 | op=SEND_HEARTBEAT {datanodeUUID=340027e2-c19a-4ce0-8fe2-d5928ef30461, command=[]} | ret=SUCCESS |  
2019-08-20 19:16:37,647 [grpc-default-executor-4] INFO  client.GrpcClientProtocolClient (GrpcClientProtocolClient.java:onNext(255)) - client-8301E8A5B94A->91ae5334-971e-44ba-ab57-2ec2dd220942: receive RaftClientReply:client-8301E8A5B94A->91ae5334-971e-44ba-ab57-2ec2dd220942@group-782B390D3D40, cid=45, FAILED org.apache.ratis.protocol.NotLeaderException: Server 91ae5334-971e-44ba-ab57-2ec2dd220942 is not the leader (16f059df-d226-4022-8e81-046858cbfecb:192.168.69.105:37581). Request must be sent to leader., logIndex=0, commits[91ae5334-971e-44ba-ab57-2ec2dd220942:c8, e4f90e61-f3c9-4b9d-bc15-ac0e2b79db86:c8, 16f059df-d226-4022-8e81-046858cbfecb:c8]
2019-08-20 19:16:37,845 | INFO  | SCMAudit | user=jenkins1000 | ip=192.168.69.105 | op=SEND_HEARTBEAT {datanodeUUID=16f059df-d226-4022-8e81-046858cbfecb, command=[]} | ret=SUCCESS |  
2019-08-20 19:16:37,865 | INFO  | SCMAudit | user=jenkins1000 | ip=192.168.69.105 | op=SEND_HEARTBEAT {datanodeUUID=e4f90e61-f3c9-4b9d-bc15-ac0e2b79db86, command=[]} | ret=SUCCESS |  
2019-08-20 19:16:37,874 | INFO  | SCMAudit | user=jenkins1000 | ip=192.168.69.105 | op=SEND_HEARTBEAT {datanodeUUID=91ae5334-971e-44ba-ab57-2ec2dd220942, command=[]} | ret=SUCCESS |  
2019-08-20 19:16:37,932 | INFO  | SCMAudit | user=jenkins1000 | ip=192.168.69.105 | op=SEND_HEARTBEAT {datanodeUUID=4033865b-8d67-417a-8575-039c711fd8ba, command=[]} | ret=SUCCESS |  
2019-08-20 19:16:38,131 | INFO  | SCMAudit | user=jenkins1000 | ip=192.168.69.105 | op=SEND_HEARTBEAT {datanodeUUID=e274e395-c7b6-408d-a6b4-4add6056d6d1, command=[]} | ret=SUCCESS |  
2019-08-20 19:16:38,343 | INFO  | SCMAudit | user=jenkins1000 | ip=192.168.69.105 | op=SEND_HEARTBEAT {datanodeUUID=1df1583d-c3bd-46e3-b5a9-7f01f9158e7c, command=[]} | ret=SUCCESS |  
2019-08-20 19:16:38,590 | INFO  | SCMAudit | user=jenkins1000 | ip=192.168.69.105 | op=SEND_HEARTBEAT {datanodeUUID=340027e2-c19a-4ce0-8fe2-d5928ef30461, command=[]} | ret=SUCCESS |  
2019-08-20 19:16:38,844 | INFO  | SCMAudit | user=jenkins1000 | ip=192.168.69.105 | op=SEND_HEARTBEAT {datanodeUUID=16f059df-d226-4022-8e81-046858cbfecb, command=[]} | ret=SUCCESS |  
2019-08-20 19:16:38,865 | INFO  | SCMAudit | user=jenkins1000 | ip=192.168.69.105 | op=SEND_HEARTBEAT {datanodeUUID=e4f90e61-f3c9-4b9d-bc15-ac0e2b79db86, command=[]} | ret=SUCCESS |  
2019-08-20 19:16:38,874 | INFO  | SCMAudit | user=jenkins1000 | ip=192.168.69.105 | op=SEND_HEARTBEAT {datanodeUUID=91ae5334-971e-44ba-ab57-2ec2dd220942, command=[]} | ret=SUCCESS |  
2019-08-20 19:16:38,932 | INFO  | SCMAudit | user=jenkins1000 | ip=192.168.69.105 | op=SEND_HEARTBEAT {datanodeUUID=4033865b-8d67-417a-8575-039c711fd8ba, command=[]} | ret=SUCCESS |  
2019-08-20 19:16:39,132 | INFO  | SCMAudit | user=jenkins1000 | ip=192.168.69.105 | op=SEND_HEARTBEAT {datanodeUUID=e274e395-c7b6-408d-a6b4-4add6056d6d1, command=[]} | ret=SUCCESS |  
2019-08-20 19:16:39,343 | INFO  | SCMAudit | user=jenkins1000 | ip=192.168.69.105 | op=SEND_HEARTBEAT {datanodeUUID=1df1583d-c3bd-46e3-b5a9-7f01f9158e7c, command=[]} | ret=SUCCESS |  
2019-08-20 19:16:39,590 | INFO  | SCMAudit | user=jenkins1000 | ip=192.168.69.105 | op=SEND_HEARTBEAT {datanodeUUID=340027e2-c19a-4ce0-8fe2-d5928ef30461, command=[]} | ret=SUCCESS |  
2019-08-20 19:16:39,845 | INFO  | SCMAudit | user=jenkins1000 | ip=192.168.69.105 | op=SEND_HEARTBEAT {datanodeUUID=16f059df-d226-4022-8e81-046858cbfecb, command=[]} | ret=SUCCESS |  
2019-08-20 19:16:39,865 | INFO  | SCMAudit | user=jenkins1000 | ip=192.168.69.105 | op=SEND_HEARTBEAT {datanodeUUID=e4f90e61-f3c9-4b9d-bc15-ac0e2b79db86, command=[]} | ret=SUCCESS |  
2019-08-20 19:16:39,874 | INFO  | SCMAudit | user=jenkins1000 | ip=192.168.69.105 | op=SEND_HEARTBEAT {datanodeUUID=91ae5334-971e-44ba-ab57-2ec2dd220942, command=[]} | ret=SUCCESS |  
2019-08-20 19:16:39,933 | INFO  | SCMAudit | user=jenkins1000 | ip=192.168.69.105 | op=SEND_HEARTBEAT {datanodeUUID=4033865b-8d67-417a-8575-039c711fd8ba, command=[]} | ret=SUCCESS |  
2019-08-20 19:16:40,132 | INFO  | SCMAudit | user=jenkins1000 | ip=192.168.69.105 | op=SEND_HEARTBEAT {datanodeUUID=e274e395-c7b6-408d-a6b4-4add6056d6d1, command=[]} | ret=SUCCESS |  
2019-08-20 19:16:40,343 | INFO  | SCMAudit | user=jenkins1000 | ip=192.168.69.105 | op=SEND_HEARTBEAT {datanodeUUID=1df1583d-c3bd-46e3-b5a9-7f01f9158e7c, command=[]} | ret=SUCCESS |  
2019-08-20 19:16:40,591 | INFO  | SCMAudit | user=jenkins1000 | ip=192.168.69.105 | op=SEND_HEARTBEAT {datanodeUUID=340027e2-c19a-4ce0-8fe2-d5928ef30461, command=[]} | ret=SUCCESS |  
2019-08-20 19:16:40,844 | INFO  | SCMAudit | user=jenkins1000 | ip=192.168.69.105 | op=SEND_HEARTBEAT {datanodeUUID=16f059df-d226-4022-8e81-046858cbfecb, command=[]} | ret=SUCCESS |  
2019-08-20 19:16:40,865 | INFO  | SCMAudit | user=jenkins1000 | ip=192.168.69.105 | op=SEND_HEARTBEAT {datanodeUUID=e4f90e61-f3c9-4b9d-bc15-ac0e2b79db86, command=[]} | ret=SUCCESS |  
2019-08-20 19:16:40,874 | INFO  | SCMAudit | user=jenkins1000 | ip=192.168.69.105 | op=SEND_HEARTBEAT {datanodeUUID=91ae5334-971e-44ba-ab57-2ec2dd220942, command=[]} | ret=SUCCESS |  
2019-08-20 19:16:40,933 | INFO  | SCMAudit | user=jenkins1000 | ip=192.168.69.105 | op=SEND_HEARTBEAT {datanodeUUID=4033865b-8d67-417a-8575-039c711fd8ba, command=[]} | ret=SUCCESS |  
2019-08-20 19:16:41,132 | INFO  | SCMAudit | user=jenkins1000 | ip=192.168.69.105 | op=SEND_HEARTBEAT {datanodeUUID=e274e395-c7b6-408d-a6b4-4add6056d6d1, command=[]} | ret=SUCCESS |  
2019-08-20 19:16:41,344 | INFO  | SCMAudit | user=jenkins1000 | ip=192.168.69.105 | op=SEND_HEARTBEAT {datanodeUUID=1df1583d-c3bd-46e3-b5a9-7f01f9158e7c, command=[]} | ret=SUCCESS |  
2019-08-20 19:16:41,590 | INFO  | SCMAudit | user=jenkins1000 | ip=192.168.69.105 | op=SEND_HEARTBEAT {datanodeUUID=340027e2-c19a-4ce0-8fe2-d5928ef30461, command=[]} | ret=SUCCESS |  
2019-08-20 19:16:41,844 | INFO  | SCMAudit | user=jenkins1000 | ip=192.168.69.105 | op=SEND_HEARTBEAT {datanodeUUID=16f059df-d226-4022-8e81-046858cbfecb, command=[]} | ret=SUCCESS |  
2019-08-20 19:16:41,866 | INFO  | SCMAudit | user=jenkins1000 | ip=192.168.69.105 | op=SEND_HEARTBEAT {datanodeUUID=e4f90e61-f3c9-4b9d-bc15-ac0e2b79db86, command=[]} | ret=SUCCESS |  
2019-08-20 19:16:41,874 | INFO  | SCMAudit | user=jenkins1000 | ip=192.168.69.105 | op=SEND_HEARTBEAT {datanodeUUID=91ae5334-971e-44ba-ab57-2ec2dd220942, command=[]} | ret=SUCCESS |  
2019-08-20 19:16:41,933 | INFO  | SCMAudit | user=jenkins1000 | ip=192.168.69.105 | op=SEND_HEARTBEAT {datanodeUUID=4033865b-8d67-417a-8575-039c711fd8ba, command=[]} | ret=SUCCESS |  
2019-08-20 19:16:42,132 | INFO  | SCMAudit | user=jenkins1000 | ip=192.168.69.105 | op=SEND_HEARTBEAT {datanodeUUID=e274e395-c7b6-408d-a6b4-4add6056d6d1, command=[]} | ret=SUCCESS |  
2019-08-20 19:16:42,343 | INFO  | SCMAudit | user=jenkins1000 | ip=192.168.69.105 | op=SEND_HEARTBEAT {datanodeUUID=1df1583d-c3bd-46e3-b5a9-7f01f9158e7c, command=[]} | ret=SUCCESS |  
2019-08-20 19:16:42,591 | INFO  | SCMAudit | user=jenkins1000 | ip=192.168.69.105 | op=SEND_HEARTBEAT {datanodeUUID=340027e2-c19a-4ce0-8fe2-d5928ef30461, command=[]} | ret=SUCCESS |  
2019-08-20 19:16:42,682 [grpc-default-executor-4] INFO  client.GrpcClientProtocolClient (GrpcClientProtocolClient.java:onNext(255)) - client-8301E8A5B94A->91ae5334-971e-44ba-ab57-2ec2dd220942: receive RaftClientReply:client-8301E8A5B94A->91ae5334-971e-44ba-ab57-2ec2dd220942@group-782B390D3D40, cid=45, FAILED org.apache.ratis.protocol.NotLeaderException: Server 91ae5334-971e-44ba-ab57-2ec2dd220942 is not the leader (16f059df-d226-4022-8e81-046858cbfecb:192.168.69.105:37581). Request must be sent to leader., logIndex=0, commits[91ae5334-971e-44ba-ab57-2ec2dd220942:c8, e4f90e61-f3c9-4b9d-bc15-ac0e2b79db86:c8, 16f059df-d226-4022-8e81-046858cbfecb:c8]
2019-08-20 19:16:42,844 | INFO  | SCMAudit | user=jenkins1000 | ip=192.168.69.105 | op=SEND_HEARTBEAT {datanodeUUID=16f059df-d226-4022-8e81-046858cbfecb, command=[]} | ret=SUCCESS |  
2019-08-20 19:16:42,865 | INFO  | SCMAudit | user=jenkins1000 | ip=192.168.69.105 | op=SEND_HEARTBEAT {datanodeUUID=e4f90e61-f3c9-4b9d-bc15-ac0e2b79db86, command=[]} | ret=SUCCESS |  
2019-08-20 19:16:42,874 | INFO  | SCMAudit | user=jenkins1000 | ip=192.168.69.105 | op=SEND_HEARTBEAT {datanodeUUID=91ae5334-971e-44ba-ab57-2ec2dd220942, command=[]} | ret=SUCCESS |  
2019-08-20 19:16:42,933 | INFO  | SCMAudit | user=jenkins1000 | ip=192.168.69.105 | op=SEND_HEARTBEAT {datanodeUUID=4033865b-8d67-417a-8575-039c711fd8ba, command=[]} | ret=SUCCESS |  
2019-08-20 19:16:43,133 | INFO  | SCMAudit | user=jenkins1000 | ip=192.168.69.105 | op=SEND_HEARTBEAT {datanodeUUID=e274e395-c7b6-408d-a6b4-4add6056d6d1, command=[]} | ret=SUCCESS |  
2019-08-20 19:16:43,343 | INFO  | SCMAudit | user=jenkins1000 | ip=192.168.69.105 | op=SEND_HEARTBEAT {datanodeUUID=1df1583d-c3bd-46e3-b5a9-7f01f9158e7c, command=[]} | ret=SUCCESS |  
2019-08-20 19:16:43,590 | INFO  | SCMAudit | user=jenkins1000 | ip=192.168.69.105 | op=SEND_HEARTBEAT {datanodeUUID=340027e2-c19a-4ce0-8fe2-d5928ef30461, command=[]} | ret=SUCCESS |  
2019-08-20 19:16:43,845 | INFO  | SCMAudit | user=jenkins1000 | ip=192.168.69.105 | op=SEND_HEARTBEAT {datanodeUUID=16f059df-d226-4022-8e81-046858cbfecb, command=[]} | ret=SUCCESS |  
2019-08-20 19:16:43,865 | INFO  | SCMAudit | user=jenkins1000 | ip=192.168.69.105 | op=SEND_HEARTBEAT {datanodeUUID=e4f90e61-f3c9-4b9d-bc15-ac0e2b79db86, command=[]} | ret=SUCCESS |  
2019-08-20 19:16:43,874 | INFO  | SCMAudit | user=jenkins1000 | ip=192.168.69.105 | op=SEND_HEARTBEAT {datanodeUUID=91ae5334-971e-44ba-ab57-2ec2dd220942, command=[]} | ret=SUCCESS |  
2019-08-20 19:16:43,933 | INFO  | SCMAudit | user=jenkins1000 | ip=192.168.69.105 | op=SEND_HEARTBEAT {datanodeUUID=4033865b-8d67-417a-8575-039c711fd8ba, command=[]} | ret=SUCCESS |  
2019-08-20 19:16:44,134 | INFO  | SCMAudit | user=jenkins1000 | ip=192.168.69.105 | op=SEND_HEARTBEAT {datanodeUUID=e274e395-c7b6-408d-a6b4-4add6056d6d1, command=[]} | ret=SUCCESS |  
2019-08-20 19:16:44,344 | INFO  | SCMAudit | user=jenkins1000 | ip=192.168.69.105 | op=SEND_HEARTBEAT {datanodeUUID=1df1583d-c3bd-46e3-b5a9-7f01f9158e7c, command=[]} | ret=SUCCESS |  
2019-08-20 19:16:44,591 | INFO  | SCMAudit | user=jenkins1000 | ip=192.168.69.105 | op=SEND_HEARTBEAT {datanodeUUID=340027e2-c19a-4ce0-8fe2-d5928ef30461, command=[]} | ret=SUCCESS |  
2019-08-20 19:16:44,844 | INFO  | SCMAudit | user=jenkins1000 | ip=192.168.69.105 | op=SEND_HEARTBEAT {datanodeUUID=16f059df-d226-4022-8e81-046858cbfecb, command=[]} | ret=SUCCESS |  
2019-08-20 19:16:44,865 | INFO  | SCMAudit | user=jenkins1000 | ip=192.168.69.105 | op=SEND_HEARTBEAT {datanodeUUID=e4f90e61-f3c9-4b9d-bc15-ac0e2b79db86, command=[]} | ret=SUCCESS |  
2019-08-20 19:16:44,874 | INFO  | SCMAudit | user=jenkins1000 | ip=192.168.69.105 | op=SEND_HEARTBEAT {datanodeUUID=91ae5334-971e-44ba-ab57-2ec2dd220942, command=[]} | ret=SUCCESS |  
2019-08-20 19:16:44,933 | INFO  | SCMAudit | user=jenkins1000 | ip=192.168.69.105 | op=SEND_HEARTBEAT {datanodeUUID=4033865b-8d67-417a-8575-039c711fd8ba, command=[]} | ret=SUCCESS |  
2019-08-20 19:16:45,133 | INFO  | SCMAudit | user=jenkins1000 | ip=192.168.69.105 | op=SEND_HEARTBEAT {datanodeUUID=e274e395-c7b6-408d-a6b4-4add6056d6d1, command=[]} | ret=SUCCESS |  
2019-08-20 19:16:45,343 | INFO  | SCMAudit | user=jenkins1000 | ip=192.168.69.105 | op=SEND_HEARTBEAT {datanodeUUID=1df1583d-c3bd-46e3-b5a9-7f01f9158e7c, command=[]} | ret=SUCCESS |  
2019-08-20 19:16:45,590 | INFO  | SCMAudit | user=jenkins1000 | ip=192.168.69.105 | op=SEND_HEARTBEAT {datanodeUUID=340027e2-c19a-4ce0-8fe2-d5928ef30461, command=[]} | ret=SUCCESS |  
2019-08-20 19:16:45,844 | INFO  | SCMAudit | user=jenkins1000 | ip=192.168.69.105 | op=SEND_HEARTBEAT {datanodeUUID=16f059df-d226-4022-8e81-046858cbfecb, command=[]} | ret=SUCCESS |  
2019-08-20 19:16:45,865 | INFO  | SCMAudit | user=jenkins1000 | ip=192.168.69.105 | op=SEND_HEARTBEAT {datanodeUUID=e4f90e61-f3c9-4b9d-bc15-ac0e2b79db86, command=[]} | ret=SUCCESS |  
2019-08-20 19:16:45,874 | INFO  | SCMAudit | user=jenkins1000 | ip=192.168.69.105 | op=SEND_HEARTBEAT {datanodeUUID=91ae5334-971e-44ba-ab57-2ec2dd220942, command=[]} | ret=SUCCESS |  
2019-08-20 19:16:45,933 | INFO  | SCMAudit | user=jenkins1000 | ip=192.168.69.105 | op=SEND_HEARTBEAT {datanodeUUID=4033865b-8d67-417a-8575-039c711fd8ba, command=[]} | ret=SUCCESS |  
2019-08-20 19:16:46,133 | INFO  | SCMAudit | user=jenkins1000 | ip=192.168.69.105 | op=SEND_HEARTBEAT {datanodeUUID=e274e395-c7b6-408d-a6b4-4add6056d6d1, command=[]} | ret=SUCCESS |  
2019-08-20 19:16:46,344 | INFO  | SCMAudit | user=jenkins1000 | ip=192.168.69.105 | op=SEND_HEARTBEAT {datanodeUUID=1df1583d-c3bd-46e3-b5a9-7f01f9158e7c, command=[]} | ret=SUCCESS |  
2019-08-20 19:16:46,591 | INFO  | SCMAudit | user=jenkins1000 | ip=192.168.69.105 | op=SEND_HEARTBEAT {datanodeUUID=340027e2-c19a-4ce0-8fe2-d5928ef30461, command=[]} | ret=SUCCESS |  
2019-08-20 19:16:46,845 | INFO  | SCMAudit | user=jenkins1000 | ip=192.168.69.105 | op=SEND_HEARTBEAT {datanodeUUID=16f059df-d226-4022-8e81-046858cbfecb, command=[]} | ret=SUCCESS |  
2019-08-20 19:16:46,866 | INFO  | SCMAudit | user=jenkins1000 | ip=192.168.69.105 | op=SEND_HEARTBEAT {datanodeUUID=e4f90e61-f3c9-4b9d-bc15-ac0e2b79db86, command=[]} | ret=SUCCESS |  
2019-08-20 19:16:46,874 | INFO  | SCMAudit | user=jenkins1000 | ip=192.168.69.105 | op=SEND_HEARTBEAT {datanodeUUID=91ae5334-971e-44ba-ab57-2ec2dd220942, command=[]} | ret=SUCCESS |  
2019-08-20 19:16:46,933 | INFO  | SCMAudit | user=jenkins1000 | ip=192.168.69.105 | op=SEND_HEARTBEAT {datanodeUUID=4033865b-8d67-417a-8575-039c711fd8ba, command=[]} | ret=SUCCESS |  
2019-08-20 19:16:47,134 | INFO  | SCMAudit | user=jenkins1000 | ip=192.168.69.105 | op=SEND_HEARTBEAT {datanodeUUID=e274e395-c7b6-408d-a6b4-4add6056d6d1, command=[]} | ret=SUCCESS |  
2019-08-20 19:16:47,343 | INFO  | SCMAudit | user=jenkins1000 | ip=192.168.69.105 | op=SEND_HEARTBEAT {datanodeUUID=1df1583d-c3bd-46e3-b5a9-7f01f9158e7c, command=[]} | ret=SUCCESS |  
2019-08-20 19:16:47,590 | INFO  | SCMAudit | user=jenkins1000 | ip=192.168.69.105 | op=SEND_HEARTBEAT {datanodeUUID=340027e2-c19a-4ce0-8fe2-d5928ef30461, command=[]} | ret=SUCCESS |  
2019-08-20 19:16:47,742 [grpc-default-executor-4] INFO  client.GrpcClientProtocolClient (GrpcClientProtocolClient.java:onNext(255)) - client-8301E8A5B94A->e4f90e61-f3c9-4b9d-bc15-ac0e2b79db86: receive RaftClientReply:client-8301E8A5B94A->e4f90e61-f3c9-4b9d-bc15-ac0e2b79db86@group-782B390D3D40, cid=45, FAILED org.apache.ratis.protocol.NotLeaderException: Server e4f90e61-f3c9-4b9d-bc15-ac0e2b79db86 is not the leader (16f059df-d226-4022-8e81-046858cbfecb:192.168.69.105:37581). Request must be sent to leader., logIndex=0, commits[e4f90e61-f3c9-4b9d-bc15-ac0e2b79db86:c8, 16f059df-d226-4022-8e81-046858cbfecb:c8, 91ae5334-971e-44ba-ab57-2ec2dd220942:c8]
2019-08-20 19:16:47,846 | INFO  | SCMAudit | user=jenkins1000 | ip=192.168.69.105 | op=SEND_HEARTBEAT {datanodeUUID=16f059df-d226-4022-8e81-046858cbfecb, command=[]} | ret=SUCCESS |  
2019-08-20 19:16:47,867 | INFO  | SCMAudit | user=jenkins1000 | ip=192.168.69.105 | op=SEND_HEARTBEAT {datanodeUUID=e4f90e61-f3c9-4b9d-bc15-ac0e2b79db86, command=[]} | ret=SUCCESS |  
2019-08-20 19:16:47,874 | INFO  | SCMAudit | user=jenkins1000 | ip=192.168.69.105 | op=SEND_HEARTBEAT {datanodeUUID=91ae5334-971e-44ba-ab57-2ec2dd220942, command=[]} | ret=SUCCESS |  
2019-08-20 19:16:47,933 | INFO  | SCMAudit | user=jenkins1000 | ip=192.168.69.105 | op=SEND_HEARTBEAT {datanodeUUID=4033865b-8d67-417a-8575-039c711fd8ba, command=[]} | ret=SUCCESS |  
2019-08-20 19:16:48,133 | INFO  | SCMAudit | user=jenkins1000 | ip=192.168.69.105 | op=SEND_HEARTBEAT {datanodeUUID=e274e395-c7b6-408d-a6b4-4add6056d6d1, command=[]} | ret=SUCCESS |  
2019-08-20 19:16:48,343 | INFO  | SCMAudit | user=jenkins1000 | ip=192.168.69.105 | op=SEND_HEARTBEAT {datanodeUUID=1df1583d-c3bd-46e3-b5a9-7f01f9158e7c, command=[]} | ret=SUCCESS |  
2019-08-20 19:16:48,590 | INFO  | SCMAudit | user=jenkins1000 | ip=192.168.69.105 | op=SEND_HEARTBEAT {datanodeUUID=340027e2-c19a-4ce0-8fe2-d5928ef30461, command=[]} | ret=SUCCESS |  
2019-08-20 19:16:48,846 | INFO  | SCMAudit | user=jenkins1000 | ip=192.168.69.105 | op=SEND_HEARTBEAT {datanodeUUID=16f059df-d226-4022-8e81-046858cbfecb, command=[]} | ret=SUCCESS |  
2019-08-20 19:16:48,867 | INFO  | SCMAudit | user=jenkins1000 | ip=192.168.69.105 | op=SEND_HEARTBEAT {datanodeUUID=e4f90e61-f3c9-4b9d-bc15-ac0e2b79db86, command=[]} | ret=SUCCESS |  
2019-08-20 19:16:48,874 | INFO  | SCMAudit | user=jenkins1000 | ip=192.168.69.105 | op=SEND_HEARTBEAT {datanodeUUID=91ae5334-971e-44ba-ab57-2ec2dd220942, command=[]} | ret=SUCCESS |  
2019-08-20 19:16:48,933 | INFO  | SCMAudit | user=jenkins1000 | ip=192.168.69.105 | op=SEND_HEARTBEAT {datanodeUUID=4033865b-8d67-417a-8575-039c711fd8ba, command=[]} | ret=SUCCESS |  
2019-08-20 19:16:49,133 | INFO  | SCMAudit | user=jenkins1000 | ip=192.168.69.105 | op=SEND_HEARTBEAT {datanodeUUID=e274e395-c7b6-408d-a6b4-4add6056d6d1, command=[]} | ret=SUCCESS |  
2019-08-20 19:16:49,343 | INFO  | SCMAudit | user=jenkins1000 | ip=192.168.69.105 | op=SEND_HEARTBEAT {datanodeUUID=1df1583d-c3bd-46e3-b5a9-7f01f9158e7c, command=[]} | ret=SUCCESS |  
2019-08-20 19:16:49,590 | INFO  | SCMAudit | user=jenkins1000 | ip=192.168.69.105 | op=SEND_HEARTBEAT {datanodeUUID=340027e2-c19a-4ce0-8fe2-d5928ef30461, command=[]} | ret=SUCCESS |  
2019-08-20 19:16:49,847 | INFO  | SCMAudit | user=jenkins1000 | ip=192.168.69.105 | op=SEND_HEARTBEAT {datanodeUUID=16f059df-d226-4022-8e81-046858cbfecb, command=[]} | ret=SUCCESS |  
2019-08-20 19:16:49,867 | INFO  | SCMAudit | user=jenkins1000 | ip=192.168.69.105 | op=SEND_HEARTBEAT {datanodeUUID=e4f90e61-f3c9-4b9d-bc15-ac0e2b79db86, command=[]} | ret=SUCCESS |  
2019-08-20 19:16:49,874 | INFO  | SCMAudit | user=jenkins1000 | ip=192.168.69.105 | op=SEND_HEARTBEAT {datanodeUUID=91ae5334-971e-44ba-ab57-2ec2dd220942, command=[]} | ret=SUCCESS |  
2019-08-20 19:16:49,934 | INFO  | SCMAudit | user=jenkins1000 | ip=192.168.69.105 | op=SEND_HEARTBEAT {datanodeUUID=4033865b-8d67-417a-8575-039c711fd8ba, command=[]} | ret=SUCCESS |  
2019-08-20 19:16:50,133 | INFO  | SCMAudit | user=jenkins1000 | ip=192.168.69.105 | op=SEND_HEARTBEAT {datanodeUUID=e274e395-c7b6-408d-a6b4-4add6056d6d1, command=[]} | ret=SUCCESS |  
2019-08-20 19:16:50,344 | INFO  | SCMAudit | user=jenkins1000 | ip=192.168.69.105 | op=SEND_HEARTBEAT {datanodeUUID=1df1583d-c3bd-46e3-b5a9-7f01f9158e7c, command=[]} | ret=SUCCESS |  
2019-08-20 19:16:50,590 | INFO  | SCMAudit | user=jenkins1000 | ip=192.168.69.105 | op=SEND_HEARTBEAT {datanodeUUID=340027e2-c19a-4ce0-8fe2-d5928ef30461, command=[]} | ret=SUCCESS |  
2019-08-20 19:16:50,846 | INFO  | SCMAudit | user=jenkins1000 | ip=192.168.69.105 | op=SEND_HEARTBEAT {datanodeUUID=16f059df-d226-4022-8e81-046858cbfecb, command=[]} | ret=SUCCESS |  
2019-08-20 19:16:50,867 | INFO  | SCMAudit | user=jenkins1000 | ip=192.168.69.105 | op=SEND_HEARTBEAT {datanodeUUID=e4f90e61-f3c9-4b9d-bc15-ac0e2b79db86, command=[]} | ret=SUCCESS |  
2019-08-20 19:16:50,874 | INFO  | SCMAudit | user=jenkins1000 | ip=192.168.69.105 | op=SEND_HEARTBEAT {datanodeUUID=91ae5334-971e-44ba-ab57-2ec2dd220942, command=[]} | ret=SUCCESS |  
2019-08-20 19:16:50,933 | INFO  | SCMAudit | user=jenkins1000 | ip=192.168.69.105 | op=SEND_HEARTBEAT {datanodeUUID=4033865b-8d67-417a-8575-039c711fd8ba, command=[]} | ret=SUCCESS |  
2019-08-20 19:16:51,134 | INFO  | SCMAudit | user=jenkins1000 | ip=192.168.69.105 | op=SEND_HEARTBEAT {datanodeUUID=e274e395-c7b6-408d-a6b4-4add6056d6d1, command=[]} | ret=SUCCESS |  
2019-08-20 19:16:51,345 | INFO  | SCMAudit | user=jenkins1000 | ip=192.168.69.105 | op=SEND_HEARTBEAT {datanodeUUID=1df1583d-c3bd-46e3-b5a9-7f01f9158e7c, command=[]} | ret=SUCCESS |  
2019-08-20 19:16:51,591 | INFO  | SCMAudit | user=jenkins1000 | ip=192.168.69.105 | op=SEND_HEARTBEAT {datanodeUUID=340027e2-c19a-4ce0-8fe2-d5928ef30461, command=[]} | ret=SUCCESS |  
2019-08-20 19:16:51,846 | INFO  | SCMAudit | user=jenkins1000 | ip=192.168.69.105 | op=SEND_HEARTBEAT {datanodeUUID=16f059df-d226-4022-8e81-046858cbfecb, command=[]} | ret=SUCCESS |  
2019-08-20 19:16:51,867 | INFO  | SCMAudit | user=jenkins1000 | ip=192.168.69.105 | op=SEND_HEARTBEAT {datanodeUUID=e4f90e61-f3c9-4b9d-bc15-ac0e2b79db86, command=[]} | ret=SUCCESS |  
2019-08-20 19:16:51,874 | INFO  | SCMAudit | user=jenkins1000 | ip=192.168.69.105 | op=SEND_HEARTBEAT {datanodeUUID=91ae5334-971e-44ba-ab57-2ec2dd220942, command=[]} | ret=SUCCESS |  
2019-08-20 19:16:51,934 | INFO  | SCMAudit | user=jenkins1000 | ip=192.168.69.105 | op=SEND_HEARTBEAT {datanodeUUID=4033865b-8d67-417a-8575-039c711fd8ba, command=[]} | ret=SUCCESS |  
2019-08-20 19:16:52,134 | INFO  | SCMAudit | user=jenkins1000 | ip=192.168.69.105 | op=SEND_HEARTBEAT {datanodeUUID=e274e395-c7b6-408d-a6b4-4add6056d6d1, command=[]} | ret=SUCCESS |  
2019-08-20 19:16:52,344 | INFO  | SCMAudit | user=jenkins1000 | ip=192.168.69.105 | op=SEND_HEARTBEAT {datanodeUUID=1df1583d-c3bd-46e3-b5a9-7f01f9158e7c, command=[]} | ret=SUCCESS |  
2019-08-20 19:16:52,592 | INFO  | SCMAudit | user=jenkins1000 | ip=192.168.69.105 | op=SEND_HEARTBEAT {datanodeUUID=340027e2-c19a-4ce0-8fe2-d5928ef30461, command=[]} | ret=SUCCESS |  
2019-08-20 19:16:52,778 [grpc-default-executor-5] INFO  client.GrpcClientProtocolClient (GrpcClientProtocolClient.java:onNext(255)) - client-8301E8A5B94A->91ae5334-971e-44ba-ab57-2ec2dd220942: receive RaftClientReply:client-8301E8A5B94A->91ae5334-971e-44ba-ab57-2ec2dd220942@group-782B390D3D40, cid=45, FAILED org.apache.ratis.protocol.NotLeaderException: Server 91ae5334-971e-44ba-ab57-2ec2dd220942 is not the leader (16f059df-d226-4022-8e81-046858cbfecb:192.168.69.105:37581). Request must be sent to leader., logIndex=0, commits[91ae5334-971e-44ba-ab57-2ec2dd220942:c8, e4f90e61-f3c9-4b9d-bc15-ac0e2b79db86:c8, 16f059df-d226-4022-8e81-046858cbfecb:c8]
2019-08-20 19:16:52,846 | INFO  | SCMAudit | user=jenkins1000 | ip=192.168.69.105 | op=SEND_HEARTBEAT {datanodeUUID=16f059df-d226-4022-8e81-046858cbfecb, command=[]} | ret=SUCCESS |  
2019-08-20 19:16:52,867 | INFO  | SCMAudit | user=jenkins1000 | ip=192.168.69.105 | op=SEND_HEARTBEAT {datanodeUUID=e4f90e61-f3c9-4b9d-bc15-ac0e2b79db86, command=[]} | ret=SUCCESS |  
2019-08-20 19:16:52,874 | INFO  | SCMAudit | user=jenkins1000 | ip=192.168.69.105 | op=SEND_HEARTBEAT {datanodeUUID=91ae5334-971e-44ba-ab57-2ec2dd220942, command=[]} | ret=SUCCESS |  
2019-08-20 19:16:52,934 | INFO  | SCMAudit | user=jenkins1000 | ip=192.168.69.105 | op=SEND_HEARTBEAT {datanodeUUID=4033865b-8d67-417a-8575-039c711fd8ba, command=[]} | ret=SUCCESS |  
2019-08-20 19:16:53,134 | INFO  | SCMAudit | user=jenkins1000 | ip=192.168.69.105 | op=SEND_HEARTBEAT {datanodeUUID=e274e395-c7b6-408d-a6b4-4add6056d6d1, command=[]} | ret=SUCCESS |  
2019-08-20 19:16:53,345 | INFO  | SCMAudit | user=jenkins1000 | ip=192.168.69.105 | op=SEND_HEARTBEAT {datanodeUUID=1df1583d-c3bd-46e3-b5a9-7f01f9158e7c, command=[]} | ret=SUCCESS |  
2019-08-20 19:16:53,591 | INFO  | SCMAudit | user=jenkins1000 | ip=192.168.69.105 | op=SEND_HEARTBEAT {datanodeUUID=340027e2-c19a-4ce0-8fe2-d5928ef30461, command=[]} | ret=SUCCESS |  
2019-08-20 19:16:53,847 | INFO  | SCMAudit | user=jenkins1000 | ip=192.168.69.105 | op=SEND_HEARTBEAT {datanodeUUID=16f059df-d226-4022-8e81-046858cbfecb, command=[]} | ret=SUCCESS |  
2019-08-20 19:16:53,868 | INFO  | SCMAudit | user=jenkins1000 | ip=192.168.69.105 | op=SEND_HEARTBEAT {datanodeUUID=e4f90e61-f3c9-4b9d-bc15-ac0e2b79db86, command=[]} | ret=SUCCESS |  
2019-08-20 19:16:53,874 | INFO  | SCMAudit | user=jenkins1000 | ip=192.168.69.105 | op=SEND_HEARTBEAT {datanodeUUID=91ae5334-971e-44ba-ab57-2ec2dd220942, command=[]} | ret=SUCCESS |  
2019-08-20 19:16:53,935 | INFO  | SCMAudit | user=jenkins1000 | ip=192.168.69.105 | op=SEND_HEARTBEAT {datanodeUUID=4033865b-8d67-417a-8575-039c711fd8ba, command=[]} | ret=SUCCESS |  
2019-08-20 19:16:54,135 | INFO  | SCMAudit | user=jenkins1000 | ip=192.168.69.105 | op=SEND_HEARTBEAT {datanodeUUID=e274e395-c7b6-408d-a6b4-4add6056d6d1, command=[]} | ret=SUCCESS |  
2019-08-20 19:16:54,344 | INFO  | SCMAudit | user=jenkins1000 | ip=192.168.69.105 | op=SEND_HEARTBEAT {datanodeUUID=1df1583d-c3bd-46e3-b5a9-7f01f9158e7c, command=[]} | ret=SUCCESS |  
2019-08-20 19:16:54,591 | INFO  | SCMAudit | user=jenkins1000 | ip=192.168.69.105 | op=SEND_HEARTBEAT {datanodeUUID=340027e2-c19a-4ce0-8fe2-d5928ef30461, command=[]} | ret=SUCCESS |  
2019-08-20 19:16:54,846 | INFO  | SCMAudit | user=jenkins1000 | ip=192.168.69.105 | op=SEND_HEARTBEAT {datanodeUUID=16f059df-d226-4022-8e81-046858cbfecb, command=[]} | ret=SUCCESS |  
2019-08-20 19:16:54,868 | INFO  | SCMAudit | user=jenkins1000 | ip=192.168.69.105 | op=SEND_HEARTBEAT {datanodeUUID=e4f90e61-f3c9-4b9d-bc15-ac0e2b79db86, command=[]} | ret=SUCCESS |  
2019-08-20 19:16:54,874 | INFO  | SCMAudit | user=jenkins1000 | ip=192.168.69.105 | op=SEND_HEARTBEAT {datanodeUUID=91ae5334-971e-44ba-ab57-2ec2dd220942, command=[]} | ret=SUCCESS |  
2019-08-20 19:16:54,935 | INFO  | SCMAudit | user=jenkins1000 | ip=192.168.69.105 | op=SEND_HEARTBEAT {datanodeUUID=4033865b-8d67-417a-8575-039c711fd8ba, command=[]} | ret=SUCCESS |  
2019-08-20 19:16:55,135 | INFO  | SCMAudit | user=jenkins1000 | ip=192.168.69.105 | op=SEND_HEARTBEAT {datanodeUUID=e274e395-c7b6-408d-a6b4-4add6056d6d1, command=[]} | ret=SUCCESS |  
2019-08-20 19:16:55,344 | INFO  | SCMAudit | user=jenkins1000 | ip=192.168.69.105 | op=SEND_HEARTBEAT {datanodeUUID=1df1583d-c3bd-46e3-b5a9-7f01f9158e7c, command=[]} | ret=SUCCESS |  
2019-08-20 19:16:55,591 | INFO  | SCMAudit | user=jenkins1000 | ip=192.168.69.105 | op=SEND_HEARTBEAT {datanodeUUID=340027e2-c19a-4ce0-8fe2-d5928ef30461, command=[]} | ret=SUCCESS |  
2019-08-20 19:16:55,846 | INFO  | SCMAudit | user=jenkins1000 | ip=192.168.69.105 | op=SEND_HEARTBEAT {datanodeUUID=16f059df-d226-4022-8e81-046858cbfecb, command=[]} | ret=SUCCESS |  
2019-08-20 19:16:55,868 | INFO  | SCMAudit | user=jenkins1000 | ip=192.168.69.105 | op=SEND_HEARTBEAT {datanodeUUID=e4f90e61-f3c9-4b9d-bc15-ac0e2b79db86, command=[]} | ret=SUCCESS |  
2019-08-20 19:16:55,874 | INFO  | SCMAudit | user=jenkins1000 | ip=192.168.69.105 | op=SEND_HEARTBEAT {datanodeUUID=91ae5334-971e-44ba-ab57-2ec2dd220942, command=[]} | ret=SUCCESS |  
2019-08-20 19:16:55,935 | INFO  | SCMAudit | user=jenkins1000 | ip=192.168.69.105 | op=SEND_HEARTBEAT {datanodeUUID=4033865b-8d67-417a-8575-039c711fd8ba, command=[]} | ret=SUCCESS |  
2019-08-20 19:16:56,135 | INFO  | SCMAudit | user=jenkins1000 | ip=192.168.69.105 | op=SEND_HEARTBEAT {datanodeUUID=e274e395-c7b6-408d-a6b4-4add6056d6d1, command=[]} | ret=SUCCESS |  
2019-08-20 19:16:56,344 | INFO  | SCMAudit | user=jenkins1000 | ip=192.168.69.105 | op=SEND_HEARTBEAT {datanodeUUID=1df1583d-c3bd-46e3-b5a9-7f01f9158e7c, command=[]} | ret=SUCCESS |  
2019-08-20 19:16:56,592 | INFO  | SCMAudit | user=jenkins1000 | ip=192.168.69.105 | op=SEND_HEARTBEAT {datanodeUUID=340027e2-c19a-4ce0-8fe2-d5928ef30461, command=[]} | ret=SUCCESS |  
2019-08-20 19:16:56,847 | INFO  | SCMAudit | user=jenkins1000 | ip=192.168.69.105 | op=SEND_HEARTBEAT {datanodeUUID=16f059df-d226-4022-8e81-046858cbfecb, command=[]} | ret=SUCCESS |  
2019-08-20 19:16:56,868 | INFO  | SCMAudit | user=jenkins1000 | ip=192.168.69.105 | op=SEND_HEARTBEAT {datanodeUUID=e4f90e61-f3c9-4b9d-bc15-ac0e2b79db86, command=[]} | ret=SUCCESS |  
2019-08-20 19:16:56,874 | INFO  | SCMAudit | user=jenkins1000 | ip=192.168.69.105 | op=SEND_HEARTBEAT {datanodeUUID=91ae5334-971e-44ba-ab57-2ec2dd220942, command=[]} | ret=SUCCESS |  
2019-08-20 19:16:56,935 | INFO  | SCMAudit | user=jenkins1000 | ip=192.168.69.105 | op=SEND_HEARTBEAT {datanodeUUID=4033865b-8d67-417a-8575-039c711fd8ba, command=[]} | ret=SUCCESS |  
2019-08-20 19:16:57,136 | INFO  | SCMAudit | user=jenkins1000 | ip=192.168.69.105 | op=SEND_HEARTBEAT {datanodeUUID=e274e395-c7b6-408d-a6b4-4add6056d6d1, command=[]} | ret=SUCCESS |  
2019-08-20 19:16:57,345 | INFO  | SCMAudit | user=jenkins1000 | ip=192.168.69.105 | op=SEND_HEARTBEAT {datanodeUUID=1df1583d-c3bd-46e3-b5a9-7f01f9158e7c, command=[]} | ret=SUCCESS |  
2019-08-20 19:16:57,591 | INFO  | SCMAudit | user=jenkins1000 | ip=192.168.69.105 | op=SEND_HEARTBEAT {datanodeUUID=340027e2-c19a-4ce0-8fe2-d5928ef30461, command=[]} | ret=SUCCESS |  
2019-08-20 19:16:57,823 [grpc-default-executor-4] INFO  client.GrpcClientProtocolClient (GrpcClientProtocolClient.java:onNext(255)) - client-8301E8A5B94A->91ae5334-971e-44ba-ab57-2ec2dd220942: receive RaftClientReply:client-8301E8A5B94A->91ae5334-971e-44ba-ab57-2ec2dd220942@group-782B390D3D40, cid=45, FAILED org.apache.ratis.protocol.NotLeaderException: Server 91ae5334-971e-44ba-ab57-2ec2dd220942 is not the leader (16f059df-d226-4022-8e81-046858cbfecb:192.168.69.105:37581). Request must be sent to leader., logIndex=0, commits[91ae5334-971e-44ba-ab57-2ec2dd220942:c8, e4f90e61-f3c9-4b9d-bc15-ac0e2b79db86:c8, 16f059df-d226-4022-8e81-046858cbfecb:c8]
2019-08-20 19:16:57,847 | INFO  | SCMAudit | user=jenkins1000 | ip=192.168.69.105 | op=SEND_HEARTBEAT {datanodeUUID=16f059df-d226-4022-8e81-046858cbfecb, command=[]} | ret=SUCCESS |  
2019-08-20 19:16:57,868 | INFO  | SCMAudit | user=jenkins1000 | ip=192.168.69.105 | op=SEND_HEARTBEAT {datanodeUUID=e4f90e61-f3c9-4b9d-bc15-ac0e2b79db86, command=[]} | ret=SUCCESS |  
2019-08-20 19:16:57,874 | INFO  | SCMAudit | user=jenkins1000 | ip=192.168.69.105 | op=SEND_HEARTBEAT {datanodeUUID=91ae5334-971e-44ba-ab57-2ec2dd220942, command=[]} | ret=SUCCESS |  
2019-08-20 19:16:57,935 | INFO  | SCMAudit | user=jenkins1000 | ip=192.168.69.105 | op=SEND_HEARTBEAT {datanodeUUID=4033865b-8d67-417a-8575-039c711fd8ba, command=[]} | ret=SUCCESS |  
2019-08-20 19:16:58,135 | INFO  | SCMAudit | user=jenkins1000 | ip=192.168.69.105 | op=SEND_HEARTBEAT {datanodeUUID=e274e395-c7b6-408d-a6b4-4add6056d6d1, command=[]} | ret=SUCCESS |  
2019-08-20 19:16:58,345 | INFO  | SCMAudit | user=jenkins1000 | ip=192.168.69.105 | op=SEND_HEARTBEAT {datanodeUUID=1df1583d-c3bd-46e3-b5a9-7f01f9158e7c, command=[]} | ret=SUCCESS |  
2019-08-20 19:16:58,591 | INFO  | SCMAudit | user=jenkins1000 | ip=192.168.69.105 | op=SEND_HEARTBEAT {datanodeUUID=340027e2-c19a-4ce0-8fe2-d5928ef30461, command=[]} | ret=SUCCESS |  
2019-08-20 19:16:58,847 | INFO  | SCMAudit | user=jenkins1000 | ip=192.168.69.105 | op=SEND_HEARTBEAT {datanodeUUID=16f059df-d226-4022-8e81-046858cbfecb, command=[]} | ret=SUCCESS |  
2019-08-20 19:16:58,868 | INFO  | SCMAudit | user=jenkins1000 | ip=192.168.69.105 | op=SEND_HEARTBEAT {datanodeUUID=e4f90e61-f3c9-4b9d-bc15-ac0e2b79db86, command=[]} | ret=SUCCESS |  
2019-08-20 19:16:58,874 | INFO  | SCMAudit | user=jenkins1000 | ip=192.168.69.105 | op=SEND_HEARTBEAT {datanodeUUID=91ae5334-971e-44ba-ab57-2ec2dd220942, command=[]} | ret=SUCCESS |  
2019-08-20 19:16:58,935 | INFO  | SCMAudit | user=jenkins1000 | ip=192.168.69.105 | op=SEND_HEARTBEAT {datanodeUUID=4033865b-8d67-417a-8575-039c711fd8ba, command=[]} | ret=SUCCESS |  
2019-08-20 19:16:59,135 | INFO  | SCMAudit | user=jenkins1000 | ip=192.168.69.105 | op=SEND_HEARTBEAT {datanodeUUID=e274e395-c7b6-408d-a6b4-4add6056d6d1, command=[]} | ret=SUCCESS |  
2019-08-20 19:16:59,345 | INFO  | SCMAudit | user=jenkins1000 | ip=192.168.69.105 | op=SEND_HEARTBEAT {datanodeUUID=1df1583d-c3bd-46e3-b5a9-7f01f9158e7c, command=[]} | ret=SUCCESS |  
2019-08-20 19:16:59,591 | INFO  | SCMAudit | user=jenkins1000 | ip=192.168.69.105 | op=SEND_HEARTBEAT {datanodeUUID=340027e2-c19a-4ce0-8fe2-d5928ef30461, command=[]} | ret=SUCCESS |  
2019-08-20 19:16:59,847 | INFO  | SCMAudit | user=jenkins1000 | ip=192.168.69.105 | op=SEND_HEARTBEAT {datanodeUUID=16f059df-d226-4022-8e81-046858cbfecb, command=[]} | ret=SUCCESS |  
2019-08-20 19:16:59,868 | INFO  | SCMAudit | user=jenkins1000 | ip=192.168.69.105 | op=SEND_HEARTBEAT {datanodeUUID=e4f90e61-f3c9-4b9d-bc15-ac0e2b79db86, command=[]} | ret=SUCCESS |  
2019-08-20 19:16:59,874 | INFO  | SCMAudit | user=jenkins1000 | ip=192.168.69.105 | op=SEND_HEARTBEAT {datanodeUUID=91ae5334-971e-44ba-ab57-2ec2dd220942, command=[]} | ret=SUCCESS |  
2019-08-20 19:16:59,935 | INFO  | SCMAudit | user=jenkins1000 | ip=192.168.69.105 | op=SEND_HEARTBEAT {datanodeUUID=4033865b-8d67-417a-8575-039c711fd8ba, command=[]} | ret=SUCCESS |  
2019-08-20 19:17:00,136 | INFO  | SCMAudit | user=jenkins1000 | ip=192.168.69.105 | op=SEND_HEARTBEAT {datanodeUUID=e274e395-c7b6-408d-a6b4-4add6056d6d1, command=[]} | ret=SUCCESS |  
2019-08-20 19:17:00,345 | INFO  | SCMAudit | user=jenkins1000 | ip=192.168.69.105 | op=SEND_HEARTBEAT {datanodeUUID=1df1583d-c3bd-46e3-b5a9-7f01f9158e7c, command=[]} | ret=SUCCESS |  
2019-08-20 19:17:00,592 | INFO  | SCMAudit | user=jenkins1000 | ip=192.168.69.105 | op=SEND_HEARTBEAT {datanodeUUID=340027e2-c19a-4ce0-8fe2-d5928ef30461, command=[]} | ret=SUCCESS |  
2019-08-20 19:17:00,847 | INFO  | SCMAudit | user=jenkins1000 | ip=192.168.69.105 | op=SEND_HEARTBEAT {datanodeUUID=16f059df-d226-4022-8e81-046858cbfecb, command=[]} | ret=SUCCESS |  
2019-08-20 19:17:00,869 | INFO  | SCMAudit | user=jenkins1000 | ip=192.168.69.105 | op=SEND_HEARTBEAT {datanodeUUID=e4f90e61-f3c9-4b9d-bc15-ac0e2b79db86, command=[]} | ret=SUCCESS |  
2019-08-20 19:17:00,874 | INFO  | SCMAudit | user=jenkins1000 | ip=192.168.69.105 | op=SEND_HEARTBEAT {datanodeUUID=91ae5334-971e-44ba-ab57-2ec2dd220942, command=[]} | ret=SUCCESS |  
2019-08-20 19:17:00,935 | INFO  | SCMAudit | user=jenkins1000 | ip=192.168.69.105 | op=SEND_HEARTBEAT {datanodeUUID=4033865b-8d67-417a-8575-039c711fd8ba, command=[]} | ret=SUCCESS |  
2019-08-20 19:17:01,135 | INFO  | SCMAudit | user=jenkins1000 | ip=192.168.69.105 | op=SEND_HEARTBEAT {datanodeUUID=e274e395-c7b6-408d-a6b4-4add6056d6d1, command=[]} | ret=SUCCESS |  
2019-08-20 19:17:01,345 | INFO  | SCMAudit | user=jenkins1000 | ip=192.168.69.105 | op=SEND_HEARTBEAT {datanodeUUID=1df1583d-c3bd-46e3-b5a9-7f01f9158e7c, command=[]} | ret=SUCCESS |  
2019-08-20 19:17:01,592 | INFO  | SCMAudit | user=jenkins1000 | ip=192.168.69.105 | op=SEND_HEARTBEAT {datanodeUUID=340027e2-c19a-4ce0-8fe2-d5928ef30461, command=[]} | ret=SUCCESS |  
2019-08-20 19:17:01,847 | INFO  | SCMAudit | user=jenkins1000 | ip=192.168.69.105 | op=SEND_HEARTBEAT {datanodeUUID=16f059df-d226-4022-8e81-046858cbfecb, command=[]} | ret=SUCCESS |  
2019-08-20 19:17:01,869 | INFO  | SCMAudit | user=jenkins1000 | ip=192.168.69.105 | op=SEND_HEARTBEAT {datanodeUUID=e4f90e61-f3c9-4b9d-bc15-ac0e2b79db86, command=[]} | ret=SUCCESS |  
2019-08-20 19:17:01,874 | INFO  | SCMAudit | user=jenkins1000 | ip=192.168.69.105 | op=SEND_HEARTBEAT {datanodeUUID=91ae5334-971e-44ba-ab57-2ec2dd220942, command=[]} | ret=SUCCESS |  
2019-08-20 19:17:01,935 | INFO  | SCMAudit | user=jenkins1000 | ip=192.168.69.105 | op=SEND_HEARTBEAT {datanodeUUID=4033865b-8d67-417a-8575-039c711fd8ba, command=[]} | ret=SUCCESS |  
2019-08-20 19:17:02,135 | INFO  | SCMAudit | user=jenkins1000 | ip=192.168.69.105 | op=SEND_HEARTBEAT {datanodeUUID=e274e395-c7b6-408d-a6b4-4add6056d6d1, command=[]} | ret=SUCCESS |  
2019-08-20 19:17:02,346 | INFO  | SCMAudit | user=jenkins1000 | ip=192.168.69.105 | op=SEND_HEARTBEAT {datanodeUUID=1df1583d-c3bd-46e3-b5a9-7f01f9158e7c, command=[]} | ret=SUCCESS |  
2019-08-20 19:17:02,592 | INFO  | SCMAudit | user=jenkins1000 | ip=192.168.69.105 | op=SEND_HEARTBEAT {datanodeUUID=340027e2-c19a-4ce0-8fe2-d5928ef30461, command=[]} | ret=SUCCESS |  
2019-08-20 19:17:02,847 | INFO  | SCMAudit | user=jenkins1000 | ip=192.168.69.105 | op=SEND_HEARTBEAT {datanodeUUID=16f059df-d226-4022-8e81-046858cbfecb, command=[]} | ret=SUCCESS |  
2019-08-20 19:17:02,855 [grpc-default-executor-5] INFO  client.GrpcClientProtocolClient (GrpcClientProtocolClient.java:onNext(255)) - client-8301E8A5B94A->91ae5334-971e-44ba-ab57-2ec2dd220942: receive RaftClientReply:client-8301E8A5B94A->91ae5334-971e-44ba-ab57-2ec2dd220942@group-782B390D3D40, cid=45, FAILED org.apache.ratis.protocol.NotLeaderException: Server 91ae5334-971e-44ba-ab57-2ec2dd220942 is not the leader (16f059df-d226-4022-8e81-046858cbfecb:192.168.69.105:37581). Request must be sent to leader., logIndex=0, commits[91ae5334-971e-44ba-ab57-2ec2dd220942:c8, e4f90e61-f3c9-4b9d-bc15-ac0e2b79db86:c8, 16f059df-d226-4022-8e81-046858cbfecb:c8]
2019-08-20 19:17:02,869 | INFO  | SCMAudit | user=jenkins1000 | ip=192.168.69.105 | op=SEND_HEARTBEAT {datanodeUUID=e4f90e61-f3c9-4b9d-bc15-ac0e2b79db86, command=[]} | ret=SUCCESS |  
2019-08-20 19:17:02,874 | INFO  | SCMAudit | user=jenkins1000 | ip=192.168.69.105 | op=SEND_HEARTBEAT {datanodeUUID=91ae5334-971e-44ba-ab57-2ec2dd220942, command=[]} | ret=SUCCESS |  
2019-08-20 19:17:02,935 | INFO  | SCMAudit | user=jenkins1000 | ip=192.168.69.105 | op=SEND_HEARTBEAT {datanodeUUID=4033865b-8d67-417a-8575-039c711fd8ba, command=[]} | ret=SUCCESS |  
2019-08-20 19:17:03,135 | INFO  | SCMAudit | user=jenkins1000 | ip=192.168.69.105 | op=SEND_HEARTBEAT {datanodeUUID=e274e395-c7b6-408d-a6b4-4add6056d6d1, command=[]} | ret=SUCCESS |  
2019-08-20 19:17:03,346 | INFO  | SCMAudit | user=jenkins1000 | ip=192.168.69.105 | op=SEND_HEARTBEAT {datanodeUUID=1df1583d-c3bd-46e3-b5a9-7f01f9158e7c, command=[]} | ret=SUCCESS |  
2019-08-20 19:17:03,592 | INFO  | SCMAudit | user=jenkins1000 | ip=192.168.69.105 | op=SEND_HEARTBEAT {datanodeUUID=340027e2-c19a-4ce0-8fe2-d5928ef30461, command=[]} | ret=SUCCESS |  
2019-08-20 19:17:03,847 | INFO  | SCMAudit | user=jenkins1000 | ip=192.168.69.105 | op=SEND_HEARTBEAT {datanodeUUID=16f059df-d226-4022-8e81-046858cbfecb, command=[]} | ret=SUCCESS |  
2019-08-20 19:17:03,869 | INFO  | SCMAudit | user=jenkins1000 | ip=192.168.69.105 | op=SEND_HEARTBEAT {datanodeUUID=e4f90e61-f3c9-4b9d-bc15-ac0e2b79db86, command=[]} | ret=SUCCESS |  
2019-08-20 19:17:03,874 | INFO  | SCMAudit | user=jenkins1000 | ip=192.168.69.105 | op=SEND_HEARTBEAT {datanodeUUID=91ae5334-971e-44ba-ab57-2ec2dd220942, command=[]} | ret=SUCCESS |  
2019-08-20 19:17:03,935 | INFO  | SCMAudit | user=jenkins1000 | ip=192.168.69.105 | op=SEND_HEARTBEAT {datanodeUUID=4033865b-8d67-417a-8575-039c711fd8ba, command=[]} | ret=SUCCESS |  
2019-08-20 19:17:04,135 | INFO  | SCMAudit | user=jenkins1000 | ip=192.168.69.105 | op=SEND_HEARTBEAT {datanodeUUID=e274e395-c7b6-408d-a6b4-4add6056d6d1, command=[]} | ret=SUCCESS |  
2019-08-20 19:17:04,346 | INFO  | SCMAudit | user=jenkins1000 | ip=192.168.69.105 | op=SEND_HEARTBEAT {datanodeUUID=1df1583d-c3bd-46e3-b5a9-7f01f9158e7c, command=[]} | ret=SUCCESS |  
2019-08-20 19:17:04,592 | INFO  | SCMAudit | user=jenkins1000 | ip=192.168.69.105 | op=SEND_HEARTBEAT {datanodeUUID=340027e2-c19a-4ce0-8fe2-d5928ef30461, command=[]} | ret=SUCCESS |  
2019-08-20 19:17:04,847 | INFO  | SCMAudit | user=jenkins1000 | ip=192.168.69.105 | op=SEND_HEARTBEAT {datanodeUUID=16f059df-d226-4022-8e81-046858cbfecb, command=[]} | ret=SUCCESS |  
2019-08-20 19:17:04,869 | INFO  | SCMAudit | user=jenkins1000 | ip=192.168.69.105 | op=SEND_HEARTBEAT {datanodeUUID=e4f90e61-f3c9-4b9d-bc15-ac0e2b79db86, command=[]} | ret=SUCCESS |  
2019-08-20 19:17:04,875 | INFO  | SCMAudit | user=jenkins1000 | ip=192.168.69.105 | op=SEND_HEARTBEAT {datanodeUUID=91ae5334-971e-44ba-ab57-2ec2dd220942, command=[]} | ret=SUCCESS |  
2019-08-20 19:17:04,935 | INFO  | SCMAudit | user=jenkins1000 | ip=192.168.69.105 | op=SEND_HEARTBEAT {datanodeUUID=4033865b-8d67-417a-8575-039c711fd8ba, command=[]} | ret=SUCCESS |  
2019-08-20 19:17:05,136 | INFO  | SCMAudit | user=jenkins1000 | ip=192.168.69.105 | op=SEND_HEARTBEAT {datanodeUUID=e274e395-c7b6-408d-a6b4-4add6056d6d1, command=[]} | ret=SUCCESS |  
2019-08-20 19:17:05,346 | INFO  | SCMAudit | user=jenkins1000 | ip=192.168.69.105 | op=SEND_HEARTBEAT {datanodeUUID=1df1583d-c3bd-46e3-b5a9-7f01f9158e7c, command=[]} | ret=SUCCESS |  
2019-08-20 19:17:05,593 | INFO  | SCMAudit | user=jenkins1000 | ip=192.168.69.105 | op=SEND_HEARTBEAT {datanodeUUID=340027e2-c19a-4ce0-8fe2-d5928ef30461, command=[]} | ret=SUCCESS |  
2019-08-20 19:17:05,847 | INFO  | SCMAudit | user=jenkins1000 | ip=192.168.69.105 | op=SEND_HEARTBEAT {datanodeUUID=16f059df-d226-4022-8e81-046858cbfecb, command=[]} | ret=SUCCESS |  
2019-08-20 19:17:05,870 | INFO  | SCMAudit | user=jenkins1000 | ip=192.168.69.105 | op=SEND_HEARTBEAT {datanodeUUID=e4f90e61-f3c9-4b9d-bc15-ac0e2b79db86, command=[]} | ret=SUCCESS |  
2019-08-20 19:17:05,875 | INFO  | SCMAudit | user=jenkins1000 | ip=192.168.69.105 | op=SEND_HEARTBEAT {datanodeUUID=91ae5334-971e-44ba-ab57-2ec2dd220942, command=[]} | ret=SUCCESS |  
2019-08-20 19:17:05,935 | INFO  | SCMAudit | user=jenkins1000 | ip=192.168.69.105 | op=SEND_HEARTBEAT {datanodeUUID=4033865b-8d67-417a-8575-039c711fd8ba, command=[]} | ret=SUCCESS |  
2019-08-20 19:17:06,136 | INFO  | SCMAudit | user=jenkins1000 | ip=192.168.69.105 | op=SEND_HEARTBEAT {datanodeUUID=e274e395-c7b6-408d-a6b4-4add6056d6d1, command=[]} | ret=SUCCESS |  
2019-08-20 19:17:06,346 | INFO  | SCMAudit | user=jenkins1000 | ip=192.168.69.105 | op=SEND_HEARTBEAT {datanodeUUID=1df1583d-c3bd-46e3-b5a9-7f01f9158e7c, command=[]} | ret=SUCCESS |  
2019-08-20 19:17:06,593 | INFO  | SCMAudit | user=jenkins1000 | ip=192.168.69.105 | op=SEND_HEARTBEAT {datanodeUUID=340027e2-c19a-4ce0-8fe2-d5928ef30461, command=[]} | ret=SUCCESS |  
2019-08-20 19:17:06,847 | INFO  | SCMAudit | user=jenkins1000 | ip=192.168.69.105 | op=SEND_HEARTBEAT {datanodeUUID=16f059df-d226-4022-8e81-046858cbfecb, command=[]} | ret=SUCCESS |  
2019-08-20 19:17:06,873 | INFO  | SCMAudit | user=jenkins1000 | ip=192.168.69.105 | op=SEND_HEARTBEAT {datanodeUUID=e4f90e61-f3c9-4b9d-bc15-ac0e2b79db86, command=[]} | ret=SUCCESS |  
2019-08-20 19:17:06,876 | INFO  | SCMAudit | user=jenkins1000 | ip=192.168.69.105 | op=SEND_HEARTBEAT {datanodeUUID=91ae5334-971e-44ba-ab57-2ec2dd220942, command=[]} | ret=SUCCESS |  
2019-08-20 19:17:06,935 | INFO  | SCMAudit | user=jenkins1000 | ip=192.168.69.105 | op=SEND_HEARTBEAT {datanodeUUID=4033865b-8d67-417a-8575-039c711fd8ba, command=[]} | ret=SUCCESS |  
2019-08-20 19:17:07,136 | INFO  | SCMAudit | user=jenkins1000 | ip=192.168.69.105 | op=SEND_HEARTBEAT {datanodeUUID=e274e395-c7b6-408d-a6b4-4add6056d6d1, command=[]} | ret=SUCCESS |  
2019-08-20 19:17:07,347 | INFO  | SCMAudit | user=jenkins1000 | ip=192.168.69.105 | op=SEND_HEARTBEAT {datanodeUUID=1df1583d-c3bd-46e3-b5a9-7f01f9158e7c, command=[]} | ret=SUCCESS |  
2019-08-20 19:17:07,593 | INFO  | SCMAudit | user=jenkins1000 | ip=192.168.69.105 | op=SEND_HEARTBEAT {datanodeUUID=340027e2-c19a-4ce0-8fe2-d5928ef30461, command=[]} | ret=SUCCESS |  
2019-08-20 19:17:07,848 | INFO  | SCMAudit | user=jenkins1000 | ip=192.168.69.105 | op=SEND_HEARTBEAT {datanodeUUID=16f059df-d226-4022-8e81-046858cbfecb, command=[]} | ret=SUCCESS |  
2019-08-20 19:17:07,874 | INFO  | SCMAudit | user=jenkins1000 | ip=192.168.69.105 | op=SEND_HEARTBEAT {datanodeUUID=e4f90e61-f3c9-4b9d-bc15-ac0e2b79db86, command=[]} | ret=SUCCESS |  
2019-08-20 19:17:07,876 | INFO  | SCMAudit | user=jenkins1000 | ip=192.168.69.105 | op=SEND_HEARTBEAT {datanodeUUID=91ae5334-971e-44ba-ab57-2ec2dd220942, command=[]} | ret=SUCCESS |  
2019-08-20 19:17:07,893 [grpc-default-executor-4] INFO  client.GrpcClientProtocolClient (GrpcClientProtocolClient.java:onNext(255)) - client-8301E8A5B94A->e4f90e61-f3c9-4b9d-bc15-ac0e2b79db86: receive RaftClientReply:client-8301E8A5B94A->e4f90e61-f3c9-4b9d-bc15-ac0e2b79db86@group-782B390D3D40, cid=45, FAILED org.apache.ratis.protocol.NotLeaderException: Server e4f90e61-f3c9-4b9d-bc15-ac0e2b79db86 is not the leader (16f059df-d226-4022-8e81-046858cbfecb:192.168.69.105:37581). Request must be sent to leader., logIndex=0, commits[e4f90e61-f3c9-4b9d-bc15-ac0e2b79db86:c8, 16f059df-d226-4022-8e81-046858cbfecb:c8, 91ae5334-971e-44ba-ab57-2ec2dd220942:c8]
2019-08-20 19:17:07,935 | INFO  | SCMAudit | user=jenkins1000 | ip=192.168.69.105 | op=SEND_HEARTBEAT {datanodeUUID=4033865b-8d67-417a-8575-039c711fd8ba, command=[]} | ret=SUCCESS |  
2019-08-20 19:17:08,136 | INFO  | SCMAudit | user=jenkins1000 | ip=192.168.69.105 | op=SEND_HEARTBEAT {datanodeUUID=e274e395-c7b6-408d-a6b4-4add6056d6d1, command=[]} | ret=SUCCESS |  
2019-08-20 19:17:08,346 | INFO  | SCMAudit | user=jenkins1000 | ip=192.168.69.105 | op=SEND_HEARTBEAT {datanodeUUID=1df1583d-c3bd-46e3-b5a9-7f01f9158e7c, command=[]} | ret=SUCCESS |  
2019-08-20 19:17:08,594 | INFO  | SCMAudit | user=jenkins1000 | ip=192.168.69.105 | op=SEND_HEARTBEAT {datanodeUUID=340027e2-c19a-4ce0-8fe2-d5928ef30461, command=[]} | ret=SUCCESS |  
2019-08-20 19:17:08,847 | INFO  | SCMAudit | user=jenkins1000 | ip=192.168.69.105 | op=SEND_HEARTBEAT {datanodeUUID=16f059df-d226-4022-8e81-046858cbfecb, command=[]} | ret=SUCCESS |  
2019-08-20 19:17:08,874 | INFO  | SCMAudit | user=jenkins1000 | ip=192.168.69.105 | op=SEND_HEARTBEAT {datanodeUUID=e4f90e61-f3c9-4b9d-bc15-ac0e2b79db86, command=[]} | ret=SUCCESS |  
2019-08-20 19:17:08,876 | INFO  | SCMAudit | user=jenkins1000 | ip=192.168.69.105 | op=SEND_HEARTBEAT {datanodeUUID=91ae5334-971e-44ba-ab57-2ec2dd220942, command=[]} | ret=SUCCESS |  
2019-08-20 19:17:08,935 | INFO  | SCMAudit | user=jenkins1000 | ip=192.168.69.105 | op=SEND_HEARTBEAT {datanodeUUID=4033865b-8d67-417a-8575-039c711fd8ba, command=[]} | ret=SUCCESS |  
2019-08-20 19:17:09,137 | INFO  | SCMAudit | user=jenkins1000 | ip=192.168.69.105 | op=SEND_HEARTBEAT {datanodeUUID=e274e395-c7b6-408d-a6b4-4add6056d6d1, command=[]} | ret=SUCCESS |  
2019-08-20 19:17:09,346 | INFO  | SCMAudit | user=jenkins1000 | ip=192.168.69.105 | op=SEND_HEARTBEAT {datanodeUUID=1df1583d-c3bd-46e3-b5a9-7f01f9158e7c, command=[]} | ret=SUCCESS |  
2019-08-20 19:17:09,593 | INFO  | SCMAudit | user=jenkins1000 | ip=192.168.69.105 | op=SEND_HEARTBEAT {datanodeUUID=340027e2-c19a-4ce0-8fe2-d5928ef30461, command=[]} | ret=SUCCESS |  
2019-08-20 19:17:09,848 | INFO  | SCMAudit | user=jenkins1000 | ip=192.168.69.105 | op=SEND_HEARTBEAT {datanodeUUID=16f059df-d226-4022-8e81-046858cbfecb, command=[]} | ret=SUCCESS |  
2019-08-20 19:17:09,874 | INFO  | SCMAudit | user=jenkins1000 | ip=192.168.69.105 | op=SEND_HEARTBEAT {datanodeUUID=e4f90e61-f3c9-4b9d-bc15-ac0e2b79db86, command=[]} | ret=SUCCESS |  
2019-08-20 19:17:09,876 | INFO  | SCMAudit | user=jenkins1000 | ip=192.168.69.105 | op=SEND_HEARTBEAT {datanodeUUID=91ae5334-971e-44ba-ab57-2ec2dd220942, command=[]} | ret=SUCCESS |  
2019-08-20 19:17:09,935 | INFO  | SCMAudit | user=jenkins1000 | ip=192.168.69.105 | op=SEND_HEARTBEAT {datanodeUUID=4033865b-8d67-417a-8575-039c711fd8ba, command=[]} | ret=SUCCESS |  
2019-08-20 19:17:10,136 | INFO  | SCMAudit | user=jenkins1000 | ip=192.168.69.105 | op=SEND_HEARTBEAT {datanodeUUID=e274e395-c7b6-408d-a6b4-4add6056d6d1, command=[]} | ret=SUCCESS |  
2019-08-20 19:17:10,346 | INFO  | SCMAudit | user=jenkins1000 | ip=192.168.69.105 | op=SEND_HEARTBEAT {datanodeUUID=1df1583d-c3bd-46e3-b5a9-7f01f9158e7c, command=[]} | ret=SUCCESS |  
2019-08-20 19:17:10,594 | INFO  | SCMAudit | user=jenkins1000 | ip=192.168.69.105 | op=SEND_HEARTBEAT {datanodeUUID=340027e2-c19a-4ce0-8fe2-d5928ef30461, command=[]} | ret=SUCCESS |  
2019-08-20 19:17:10,847 | INFO  | SCMAudit | user=jenkins1000 | ip=192.168.69.105 | op=SEND_HEARTBEAT {datanodeUUID=16f059df-d226-4022-8e81-046858cbfecb, command=[]} | ret=SUCCESS |  
2019-08-20 19:17:10,874 | INFO  | SCMAudit | user=jenkins1000 | ip=192.168.69.105 | op=SEND_HEARTBEAT {datanodeUUID=e4f90e61-f3c9-4b9d-bc15-ac0e2b79db86, command=[]} | ret=SUCCESS |  
2019-08-20 19:17:10,876 | INFO  | SCMAudit | user=jenkins1000 | ip=192.168.69.105 | op=SEND_HEARTBEAT {datanodeUUID=91ae5334-971e-44ba-ab57-2ec2dd220942, command=[]} | ret=SUCCESS |  
2019-08-20 19:17:10,935 | INFO  | SCMAudit | user=jenkins1000 | ip=192.168.69.105 | op=SEND_HEARTBEAT {datanodeUUID=4033865b-8d67-417a-8575-039c711fd8ba, command=[]} | ret=SUCCESS |  
2019-08-20 19:17:11,136 | INFO  | SCMAudit | user=jenkins1000 | ip=192.168.69.105 | op=SEND_HEARTBEAT {datanodeUUID=e274e395-c7b6-408d-a6b4-4add6056d6d1, command=[]} | ret=SUCCESS |  
2019-08-20 19:17:11,347 | INFO  | SCMAudit | user=jenkins1000 | ip=192.168.69.105 | op=SEND_HEARTBEAT {datanodeUUID=1df1583d-c3bd-46e3-b5a9-7f01f9158e7c, command=[]} | ret=SUCCESS |  
2019-08-20 19:17:11,594 | INFO  | SCMAudit | user=jenkins1000 | ip=192.168.69.105 | op=SEND_HEARTBEAT {datanodeUUID=340027e2-c19a-4ce0-8fe2-d5928ef30461, command=[]} | ret=SUCCESS |  
2019-08-20 19:17:11,847 | INFO  | SCMAudit | user=jenkins1000 | ip=192.168.69.105 | op=SEND_HEARTBEAT {datanodeUUID=16f059df-d226-4022-8e81-046858cbfecb, command=[]} | ret=SUCCESS |  
2019-08-20 19:17:11,874 | INFO  | SCMAudit | user=jenkins1000 | ip=192.168.69.105 | op=SEND_HEARTBEAT {datanodeUUID=e4f90e61-f3c9-4b9d-bc15-ac0e2b79db86, command=[]} | ret=SUCCESS |  
2019-08-20 19:17:11,877 | INFO  | SCMAudit | user=jenkins1000 | ip=192.168.69.105 | op=SEND_HEARTBEAT {datanodeUUID=91ae5334-971e-44ba-ab57-2ec2dd220942, command=[]} | ret=SUCCESS |  
2019-08-20 19:17:11,935 | INFO  | SCMAudit | user=jenkins1000 | ip=192.168.69.105 | op=SEND_HEARTBEAT {datanodeUUID=4033865b-8d67-417a-8575-039c711fd8ba, command=[]} | ret=SUCCESS |  
2019-08-20 19:17:12,136 | INFO  | SCMAudit | user=jenkins1000 | ip=192.168.69.105 | op=SEND_HEARTBEAT {datanodeUUID=e274e395-c7b6-408d-a6b4-4add6056d6d1, command=[]} | ret=SUCCESS |  
2019-08-20 19:17:12,346 | INFO  | SCMAudit | user=jenkins1000 | ip=192.168.69.105 | op=SEND_HEARTBEAT {datanodeUUID=1df1583d-c3bd-46e3-b5a9-7f01f9158e7c, command=[]} | ret=SUCCESS |  
2019-08-20 19:17:12,593 | INFO  | SCMAudit | user=jenkins1000 | ip=192.168.69.105 | op=SEND_HEARTBEAT {datanodeUUID=340027e2-c19a-4ce0-8fe2-d5928ef30461, command=[]} | ret=SUCCESS |  
2019-08-20 19:17:12,847 | INFO  | SCMAudit | user=jenkins1000 | ip=192.168.69.105 | op=SEND_HEARTBEAT {datanodeUUID=16f059df-d226-4022-8e81-046858cbfecb, command=[]} | ret=SUCCESS |  
2019-08-20 19:17:12,874 | INFO  | SCMAudit | user=jenkins1000 | ip=192.168.69.105 | op=SEND_HEARTBEAT {datanodeUUID=e4f90e61-f3c9-4b9d-bc15-ac0e2b79db86, command=[]} | ret=SUCCESS |  
2019-08-20 19:17:12,877 | INFO  | SCMAudit | user=jenkins1000 | ip=192.168.69.105 | op=SEND_HEARTBEAT {datanodeUUID=91ae5334-971e-44ba-ab57-2ec2dd220942, command=[]} | ret=SUCCESS |  
2019-08-20 19:17:12,927 [grpc-default-executor-5] INFO  client.GrpcClientProtocolClient (GrpcClientProtocolClient.java:onNext(255)) - client-8301E8A5B94A->e4f90e61-f3c9-4b9d-bc15-ac0e2b79db86: receive RaftClientReply:client-8301E8A5B94A->e4f90e61-f3c9-4b9d-bc15-ac0e2b79db86@group-782B390D3D40, cid=45, FAILED org.apache.ratis.protocol.NotLeaderException: Server e4f90e61-f3c9-4b9d-bc15-ac0e2b79db86 is not the leader (16f059df-d226-4022-8e81-046858cbfecb:192.168.69.105:37581). Request must be sent to leader., logIndex=0, commits[e4f90e61-f3c9-4b9d-bc15-ac0e2b79db86:c8, 16f059df-d226-4022-8e81-046858cbfecb:c8, 91ae5334-971e-44ba-ab57-2ec2dd220942:c8]
2019-08-20 19:17:12,937 | INFO  | SCMAudit | user=jenkins1000 | ip=192.168.69.105 | op=SEND_HEARTBEAT {datanodeUUID=4033865b-8d67-417a-8575-039c711fd8ba, command=[]} | ret=SUCCESS |  
2019-08-20 19:17:13,136 | INFO  | SCMAudit | user=jenkins1000 | ip=192.168.69.105 | op=SEND_HEARTBEAT {datanodeUUID=e274e395-c7b6-408d-a6b4-4add6056d6d1, command=[]} | ret=SUCCESS |  
2019-08-20 19:17:13,346 | INFO  | SCMAudit | user=jenkins1000 | ip=192.168.69.105 | op=SEND_HEARTBEAT {datanodeUUID=1df1583d-c3bd-46e3-b5a9-7f01f9158e7c, command=[]} | ret=SUCCESS |  
2019-08-20 19:17:13,593 | INFO  | SCMAudit | user=jenkins1000 | ip=192.168.69.105 | op=SEND_HEARTBEAT {datanodeUUID=340027e2-c19a-4ce0-8fe2-d5928ef30461, command=[]} | ret=SUCCESS |  
2019-08-20 19:17:13,848 | INFO  | SCMAudit | user=jenkins1000 | ip=192.168.69.105 | op=SEND_HEARTBEAT {datanodeUUID=16f059df-d226-4022-8e81-046858cbfecb, command=[]} | ret=SUCCESS |  
2019-08-20 19:17:13,875 | INFO  | SCMAudit | user=jenkins1000 | ip=192.168.69.105 | op=SEND_HEARTBEAT {datanodeUUID=e4f90e61-f3c9-4b9d-bc15-ac0e2b79db86, command=[]} | ret=SUCCESS |  
2019-08-20 19:17:13,877 | INFO  | SCMAudit | user=jenkins1000 | ip=192.168.69.105 | op=SEND_HEARTBEAT {datanodeUUID=91ae5334-971e-44ba-ab57-2ec2dd220942, command=[]} | ret=SUCCESS |  
2019-08-20 19:17:13,941 | INFO  | SCMAudit | user=jenkins1000 | ip=192.168.69.105 | op=SEND_HEARTBEAT {datanodeUUID=4033865b-8d67-417a-8575-039c711fd8ba, command=[]} | ret=SUCCESS |  
2019-08-20 19:17:14,137 | INFO  | SCMAudit | user=jenkins1000 | ip=192.168.69.105 | op=SEND_HEARTBEAT {datanodeUUID=e274e395-c7b6-408d-a6b4-4add6056d6d1, command=[]} | ret=SUCCESS |  
2019-08-20 19:17:14,347 | INFO  | SCMAudit | user=jenkins1000 | ip=192.168.69.105 | op=SEND_HEARTBEAT {datanodeUUID=1df1583d-c3bd-46e3-b5a9-7f01f9158e7c, command=[]} | ret=SUCCESS |  
2019-08-20 19:17:14,594 | INFO  | SCMAudit | user=jenkins1000 | ip=192.168.69.105 | op=SEND_HEARTBEAT {datanodeUUID=340027e2-c19a-4ce0-8fe2-d5928ef30461, command=[]} | ret=SUCCESS |  
2019-08-20 19:17:14,848 | INFO  | SCMAudit | user=jenkins1000 | ip=192.168.69.105 | op=SEND_HEARTBEAT {datanodeUUID=16f059df-d226-4022-8e81-046858cbfecb, command=[]} | ret=SUCCESS |  
2019-08-20 19:17:14,874 | INFO  | SCMAudit | user=jenkins1000 | ip=192.168.69.105 | op=SEND_HEARTBEAT {datanodeUUID=e4f90e61-f3c9-4b9d-bc15-ac0e2b79db86, command=[]} | ret=SUCCESS |  
2019-08-20 19:17:14,877 | INFO  | SCMAudit | user=jenkins1000 | ip=192.168.69.105 | op=SEND_HEARTBEAT {datanodeUUID=91ae5334-971e-44ba-ab57-2ec2dd220942, command=[]} | ret=SUCCESS |  
2019-08-20 19:17:14,941 | INFO  | SCMAudit | user=jenkins1000 | ip=192.168.69.105 | op=SEND_HEARTBEAT {datanodeUUID=4033865b-8d67-417a-8575-039c711fd8ba, command=[]} | ret=SUCCESS |  
2019-08-20 19:17:15,136 | INFO  | SCMAudit | user=jenkins1000 | ip=192.168.69.105 | op=SEND_HEARTBEAT {datanodeUUID=e274e395-c7b6-408d-a6b4-4add6056d6d1, command=[]} | ret=SUCCESS |  
2019-08-20 19:17:15,346 | INFO  | SCMAudit | user=jenkins1000 | ip=192.168.69.105 | op=SEND_HEARTBEAT {datanodeUUID=1df1583d-c3bd-46e3-b5a9-7f01f9158e7c, command=[]} | ret=SUCCESS |  
2019-08-20 19:17:15,593 | INFO  | SCMAudit | user=jenkins1000 | ip=192.168.69.105 | op=SEND_HEARTBEAT {datanodeUUID=340027e2-c19a-4ce0-8fe2-d5928ef30461, command=[]} | ret=SUCCESS |  
2019-08-20 19:17:15,848 | INFO  | SCMAudit | user=jenkins1000 | ip=192.168.69.105 | op=SEND_HEARTBEAT {datanodeUUID=16f059df-d226-4022-8e81-046858cbfecb, command=[]} | ret=SUCCESS |  
2019-08-20 19:17:15,874 | INFO  | SCMAudit | user=jenkins1000 | ip=192.168.69.105 | op=SEND_HEARTBEAT {datanodeUUID=e4f90e61-f3c9-4b9d-bc15-ac0e2b79db86, command=[]} | ret=SUCCESS |  
2019-08-20 19:17:15,877 | INFO  | SCMAudit | user=jenkins1000 | ip=192.168.69.105 | op=SEND_HEARTBEAT {datanodeUUID=91ae5334-971e-44ba-ab57-2ec2dd220942, command=[]} | ret=SUCCESS |  
2019-08-20 19:17:15,943 | INFO  | SCMAudit | user=jenkins1000 | ip=192.168.69.105 | op=SEND_HEARTBEAT {datanodeUUID=4033865b-8d67-417a-8575-039c711fd8ba, command=[]} | ret=SUCCESS |  
2019-08-20 19:17:16,136 | INFO  | SCMAudit | user=jenkins1000 | ip=192.168.69.105 | op=SEND_HEARTBEAT {datanodeUUID=e274e395-c7b6-408d-a6b4-4add6056d6d1, command=[]} | ret=SUCCESS |  
2019-08-20 19:17:16,346 | INFO  | SCMAudit | user=jenkins1000 | ip=192.168.69.105 | op=SEND_HEARTBEAT {datanodeUUID=1df1583d-c3bd-46e3-b5a9-7f01f9158e7c, command=[]} | ret=SUCCESS |  
2019-08-20 19:17:16,593 | INFO  | SCMAudit | user=jenkins1000 | ip=192.168.69.105 | op=SEND_HEARTBEAT {datanodeUUID=340027e2-c19a-4ce0-8fe2-d5928ef30461, command=[]} | ret=SUCCESS |  
2019-08-20 19:17:16,848 | INFO  | SCMAudit | user=jenkins1000 | ip=192.168.69.105 | op=SEND_HEARTBEAT {datanodeUUID=16f059df-d226-4022-8e81-046858cbfecb, command=[]} | ret=SUCCESS |  
2019-08-20 19:17:16,874 | INFO  | SCMAudit | user=jenkins1000 | ip=192.168.69.105 | op=SEND_HEARTBEAT {datanodeUUID=e4f90e61-f3c9-4b9d-bc15-ac0e2b79db86, command=[]} | ret=SUCCESS |  
2019-08-20 19:17:16,878 | INFO  | SCMAudit | user=jenkins1000 | ip=192.168.69.105 | op=SEND_HEARTBEAT {datanodeUUID=91ae5334-971e-44ba-ab57-2ec2dd220942, command=[]} | ret=SUCCESS |  
2019-08-20 19:17:16,946 | INFO  | SCMAudit | user=jenkins1000 | ip=192.168.69.105 | op=SEND_HEARTBEAT {datanodeUUID=4033865b-8d67-417a-8575-039c711fd8ba, command=[]} | ret=SUCCESS |  
2019-08-20 19:17:17,136 | INFO  | SCMAudit | user=jenkins1000 | ip=192.168.69.105 | op=SEND_HEARTBEAT {datanodeUUID=e274e395-c7b6-408d-a6b4-4add6056d6d1, command=[]} | ret=SUCCESS |  
2019-08-20 19:17:17,347 | INFO  | SCMAudit | user=jenkins1000 | ip=192.168.69.105 | op=SEND_HEARTBEAT {datanodeUUID=1df1583d-c3bd-46e3-b5a9-7f01f9158e7c, command=[]} | ret=SUCCESS |  
2019-08-20 19:17:17,594 | INFO  | SCMAudit | user=jenkins1000 | ip=192.168.69.105 | op=SEND_HEARTBEAT {datanodeUUID=340027e2-c19a-4ce0-8fe2-d5928ef30461, command=[]} | ret=SUCCESS |  
2019-08-20 19:17:17,849 | INFO  | SCMAudit | user=jenkins1000 | ip=192.168.69.105 | op=SEND_HEARTBEAT {datanodeUUID=16f059df-d226-4022-8e81-046858cbfecb, command=[]} | ret=SUCCESS |  
2019-08-20 19:17:17,874 | INFO  | SCMAudit | user=jenkins1000 | ip=192.168.69.105 | op=SEND_HEARTBEAT {datanodeUUID=e4f90e61-f3c9-4b9d-bc15-ac0e2b79db86, command=[]} | ret=SUCCESS |  
2019-08-20 19:17:17,878 | INFO  | SCMAudit | user=jenkins1000 | ip=192.168.69.105 | op=SEND_HEARTBEAT {datanodeUUID=91ae5334-971e-44ba-ab57-2ec2dd220942, command=[]} | ret=SUCCESS |  
2019-08-20 19:17:17,943 | INFO  | SCMAudit | user=jenkins1000 | ip=192.168.69.105 | op=SEND_HEARTBEAT {datanodeUUID=4033865b-8d67-417a-8575-039c711fd8ba, command=[]} | ret=SUCCESS |  
2019-08-20 19:17:17,966 [grpc-default-executor-4] INFO  client.GrpcClientProtocolClient (GrpcClientProtocolClient.java:onNext(255)) - client-8301E8A5B94A->e4f90e61-f3c9-4b9d-bc15-ac0e2b79db86: receive RaftClientReply:client-8301E8A5B94A->e4f90e61-f3c9-4b9d-bc15-ac0e2b79db86@group-782B390D3D40, cid=45, FAILED org.apache.ratis.protocol.NotLeaderException: Server e4f90e61-f3c9-4b9d-bc15-ac0e2b79db86 is not the leader (16f059df-d226-4022-8e81-046858cbfecb:192.168.69.105:37581). Request must be sent to leader., logIndex=0, commits[e4f90e61-f3c9-4b9d-bc15-ac0e2b79db86:c8, 16f059df-d226-4022-8e81-046858cbfecb:c8, 91ae5334-971e-44ba-ab57-2ec2dd220942:c8]
2019-08-20 19:17:18,137 | INFO  | SCMAudit | user=jenkins1000 | ip=192.168.69.105 | op=SEND_HEARTBEAT {datanodeUUID=e274e395-c7b6-408d-a6b4-4add6056d6d1, command=[]} | ret=SUCCESS |  
2019-08-20 19:17:18,346 | INFO  | SCMAudit | user=jenkins1000 | ip=192.168.69.105 | op=SEND_HEARTBEAT {datanodeUUID=1df1583d-c3bd-46e3-b5a9-7f01f9158e7c, command=[]} | ret=SUCCESS |  
2019-08-20 19:17:18,594 | INFO  | SCMAudit | user=jenkins1000 | ip=192.168.69.105 | op=SEND_HEARTBEAT {datanodeUUID=340027e2-c19a-4ce0-8fe2-d5928ef30461, command=[]} | ret=SUCCESS |  
2019-08-20 19:17:18,849 | INFO  | SCMAudit | user=jenkins1000 | ip=192.168.69.105 | op=SEND_HEARTBEAT {datanodeUUID=16f059df-d226-4022-8e81-046858cbfecb, command=[]} | ret=SUCCESS |  
2019-08-20 19:17:18,874 | INFO  | SCMAudit | user=jenkins1000 | ip=192.168.69.105 | op=SEND_HEARTBEAT {datanodeUUID=e4f90e61-f3c9-4b9d-bc15-ac0e2b79db86, command=[]} | ret=SUCCESS |  
2019-08-20 19:17:18,877 | INFO  | SCMAudit | user=jenkins1000 | ip=192.168.69.105 | op=SEND_HEARTBEAT {datanodeUUID=91ae5334-971e-44ba-ab57-2ec2dd220942, command=[]} | ret=SUCCESS |  
2019-08-20 19:17:18,943 | INFO  | SCMAudit | user=jenkins1000 | ip=192.168.69.105 | op=SEND_HEARTBEAT {datanodeUUID=4033865b-8d67-417a-8575-039c711fd8ba, command=[]} | ret=SUCCESS |  
2019-08-20 19:17:19,138 | INFO  | SCMAudit | user=jenkins1000 | ip=192.168.69.105 | op=SEND_HEARTBEAT {datanodeUUID=e274e395-c7b6-408d-a6b4-4add6056d6d1, command=[]} | ret=SUCCESS |  
2019-08-20 19:17:19,346 | INFO  | SCMAudit | user=jenkins1000 | ip=192.168.69.105 | op=SEND_HEARTBEAT {datanodeUUID=1df1583d-c3bd-46e3-b5a9-7f01f9158e7c, command=[]} | ret=SUCCESS |  
2019-08-20 19:17:19,594 | INFO  | SCMAudit | user=jenkins1000 | ip=192.168.69.105 | op=SEND_HEARTBEAT {datanodeUUID=340027e2-c19a-4ce0-8fe2-d5928ef30461, command=[]} | ret=SUCCESS |  
2019-08-20 19:17:19,849 | INFO  | SCMAudit | user=jenkins1000 | ip=192.168.69.105 | op=SEND_HEARTBEAT {datanodeUUID=16f059df-d226-4022-8e81-046858cbfecb, command=[]} | ret=SUCCESS |  
2019-08-20 19:17:19,875 | INFO  | SCMAudit | user=jenkins1000 | ip=192.168.69.105 | op=SEND_HEARTBEAT {datanodeUUID=e4f90e61-f3c9-4b9d-bc15-ac0e2b79db86, command=[]} | ret=SUCCESS |  
2019-08-20 19:17:19,878 | INFO  | SCMAudit | user=jenkins1000 | ip=192.168.69.105 | op=SEND_HEARTBEAT {datanodeUUID=91ae5334-971e-44ba-ab57-2ec2dd220942, command=[]} | ret=SUCCESS |  
2019-08-20 19:17:19,945 | INFO  | SCMAudit | user=jenkins1000 | ip=192.168.69.105 | op=SEND_HEARTBEAT {datanodeUUID=4033865b-8d67-417a-8575-039c711fd8ba, command=[]} | ret=SUCCESS |  
2019-08-20 19:17:20,138 | INFO  | SCMAudit | user=jenkins1000 | ip=192.168.69.105 | op=SEND_HEARTBEAT {datanodeUUID=e274e395-c7b6-408d-a6b4-4add6056d6d1, command=[]} | ret=SUCCESS |  
2019-08-20 19:17:20,347 | INFO  | SCMAudit | user=jenkins1000 | ip=192.168.69.105 | op=SEND_HEARTBEAT {datanodeUUID=1df1583d-c3bd-46e3-b5a9-7f01f9158e7c, command=[]} | ret=SUCCESS |  
2019-08-20 19:17:20,594 | INFO  | SCMAudit | user=jenkins1000 | ip=192.168.69.105 | op=SEND_HEARTBEAT {datanodeUUID=340027e2-c19a-4ce0-8fe2-d5928ef30461, command=[]} | ret=SUCCESS |  
2019-08-20 19:17:20,850 | INFO  | SCMAudit | user=jenkins1000 | ip=192.168.69.105 | op=SEND_HEARTBEAT {datanodeUUID=16f059df-d226-4022-8e81-046858cbfecb, command=[]} | ret=SUCCESS |  
2019-08-20 19:17:20,875 | INFO  | SCMAudit | user=jenkins1000 | ip=192.168.69.105 | op=SEND_HEARTBEAT {datanodeUUID=e4f90e61-f3c9-4b9d-bc15-ac0e2b79db86, command=[]} | ret=SUCCESS |  
2019-08-20 19:17:20,879 | INFO  | SCMAudit | user=jenkins1000 | ip=192.168.69.105 | op=SEND_HEARTBEAT {datanodeUUID=91ae5334-971e-44ba-ab57-2ec2dd220942, command=[]} | ret=SUCCESS |  
2019-08-20 19:17:20,945 | INFO  | SCMAudit | user=jenkins1000 | ip=192.168.69.105 | op=SEND_HEARTBEAT {datanodeUUID=4033865b-8d67-417a-8575-039c711fd8ba, command=[]} | ret=SUCCESS |  
2019-08-20 19:17:21,138 | INFO  | SCMAudit | user=jenkins1000 | ip=192.168.69.105 | op=SEND_HEARTBEAT {datanodeUUID=e274e395-c7b6-408d-a6b4-4add6056d6d1, command=[]} | ret=SUCCESS |  
2019-08-20 19:17:21,346 | INFO  | SCMAudit | user=jenkins1000 | ip=192.168.69.105 | op=SEND_HEARTBEAT {datanodeUUID=1df1583d-c3bd-46e3-b5a9-7f01f9158e7c, command=[]} | ret=SUCCESS |  
2019-08-20 19:17:21,594 | INFO  | SCMAudit | user=jenkins1000 | ip=192.168.69.105 | op=SEND_HEARTBEAT {datanodeUUID=340027e2-c19a-4ce0-8fe2-d5928ef30461, command=[]} | ret=SUCCESS |  
2019-08-20 19:17:21,849 | INFO  | SCMAudit | user=jenkins1000 | ip=192.168.69.105 | op=SEND_HEARTBEAT {datanodeUUID=16f059df-d226-4022-8e81-046858cbfecb, command=[]} | ret=SUCCESS |  
2019-08-20 19:17:21,875 | INFO  | SCMAudit | user=jenkins1000 | ip=192.168.69.105 | op=SEND_HEARTBEAT {datanodeUUID=e4f90e61-f3c9-4b9d-bc15-ac0e2b79db86, command=[]} | ret=SUCCESS |  
2019-08-20 19:17:21,879 | INFO  | SCMAudit | user=jenkins1000 | ip=192.168.69.105 | op=SEND_HEARTBEAT {datanodeUUID=91ae5334-971e-44ba-ab57-2ec2dd220942, command=[]} | ret=SUCCESS |  
2019-08-20 19:17:21,945 | INFO  | SCMAudit | user=jenkins1000 | ip=192.168.69.105 | op=SEND_HEARTBEAT {datanodeUUID=4033865b-8d67-417a-8575-039c711fd8ba, command=[]} | ret=SUCCESS |  
2019-08-20 19:17:22,139 | INFO  | SCMAudit | user=jenkins1000 | ip=192.168.69.105 | op=SEND_HEARTBEAT {datanodeUUID=e274e395-c7b6-408d-a6b4-4add6056d6d1, command=[]} | ret=SUCCESS |  
2019-08-20 19:17:22,346 | INFO  | SCMAudit | user=jenkins1000 | ip=192.168.69.105 | op=SEND_HEARTBEAT {datanodeUUID=1df1583d-c3bd-46e3-b5a9-7f01f9158e7c, command=[]} | ret=SUCCESS |  
2019-08-20 19:17:22,595 | INFO  | SCMAudit | user=jenkins1000 | ip=192.168.69.105 | op=SEND_HEARTBEAT {datanodeUUID=340027e2-c19a-4ce0-8fe2-d5928ef30461, command=[]} | ret=SUCCESS |  
2019-08-20 19:17:22,849 | INFO  | SCMAudit | user=jenkins1000 | ip=192.168.69.105 | op=SEND_HEARTBEAT {datanodeUUID=16f059df-d226-4022-8e81-046858cbfecb, command=[]} | ret=SUCCESS |  
2019-08-20 19:17:22,875 | INFO  | SCMAudit | user=jenkins1000 | ip=192.168.69.105 | op=SEND_HEARTBEAT {datanodeUUID=e4f90e61-f3c9-4b9d-bc15-ac0e2b79db86, command=[]} | ret=SUCCESS |  
2019-08-20 19:17:22,880 | INFO  | SCMAudit | user=jenkins1000 | ip=192.168.69.105 | op=SEND_HEARTBEAT {datanodeUUID=91ae5334-971e-44ba-ab57-2ec2dd220942, command=[]} | ret=SUCCESS |  
2019-08-20 19:17:22,945 | INFO  | SCMAudit | user=jenkins1000 | ip=192.168.69.105 | op=SEND_HEARTBEAT {datanodeUUID=4033865b-8d67-417a-8575-039c711fd8ba, command=[]} | ret=SUCCESS |  
2019-08-20 19:17:23,006 [grpc-default-executor-5] INFO  client.GrpcClientProtocolClient (GrpcClientProtocolClient.java:onNext(255)) - client-8301E8A5B94A->e4f90e61-f3c9-4b9d-bc15-ac0e2b79db86: receive RaftClientReply:client-8301E8A5B94A->e4f90e61-f3c9-4b9d-bc15-ac0e2b79db86@group-782B390D3D40, cid=45, FAILED org.apache.ratis.protocol.NotLeaderException: Server e4f90e61-f3c9-4b9d-bc15-ac0e2b79db86 is not the leader (16f059df-d226-4022-8e81-046858cbfecb:192.168.69.105:37581). Request must be sent to leader., logIndex=0, commits[e4f90e61-f3c9-4b9d-bc15-ac0e2b79db86:c8, 16f059df-d226-4022-8e81-046858cbfecb:c8, 91ae5334-971e-44ba-ab57-2ec2dd220942:c8]
2019-08-20 19:17:23,138 | INFO  | SCMAudit | user=jenkins1000 | ip=192.168.69.105 | op=SEND_HEARTBEAT {datanodeUUID=e274e395-c7b6-408d-a6b4-4add6056d6d1, command=[]} | ret=SUCCESS |  
2019-08-20 19:17:23,346 | INFO  | SCMAudit | user=jenkins1000 | ip=192.168.69.105 | op=SEND_HEARTBEAT {datanodeUUID=1df1583d-c3bd-46e3-b5a9-7f01f9158e7c, command=[]} | ret=SUCCESS |  
2019-08-20 19:17:23,595 | INFO  | SCMAudit | user=jenkins1000 | ip=192.168.69.105 | op=SEND_HEARTBEAT {datanodeUUID=340027e2-c19a-4ce0-8fe2-d5928ef30461, command=[]} | ret=SUCCESS |  
2019-08-20 19:17:23,849 | INFO  | SCMAudit | user=jenkins1000 | ip=192.168.69.105 | op=SEND_HEARTBEAT {datanodeUUID=16f059df-d226-4022-8e81-046858cbfecb, command=[]} | ret=SUCCESS |  
2019-08-20 19:17:23,875 | INFO  | SCMAudit | user=jenkins1000 | ip=192.168.69.105 | op=SEND_HEARTBEAT {datanodeUUID=e4f90e61-f3c9-4b9d-bc15-ac0e2b79db86, command=[]} | ret=SUCCESS |  
2019-08-20 19:17:23,880 | INFO  | SCMAudit | user=jenkins1000 | ip=192.168.69.105 | op=SEND_HEARTBEAT {datanodeUUID=91ae5334-971e-44ba-ab57-2ec2dd220942, command=[]} | ret=SUCCESS |  
2019-08-20 19:17:23,945 | INFO  | SCMAudit | user=jenkins1000 | ip=192.168.69.105 | op=SEND_HEARTBEAT {datanodeUUID=4033865b-8d67-417a-8575-039c711fd8ba, command=[]} | ret=SUCCESS |  
2019-08-20 19:17:24,138 | INFO  | SCMAudit | user=jenkins1000 | ip=192.168.69.105 | op=SEND_HEARTBEAT {datanodeUUID=e274e395-c7b6-408d-a6b4-4add6056d6d1, command=[]} | ret=SUCCESS |  
2019-08-20 19:17:24,347 | INFO  | SCMAudit | user=jenkins1000 | ip=192.168.69.105 | op=SEND_HEARTBEAT {datanodeUUID=1df1583d-c3bd-46e3-b5a9-7f01f9158e7c, command=[]} | ret=SUCCESS |  
2019-08-20 19:17:24,595 | INFO  | SCMAudit | user=jenkins1000 | ip=192.168.69.105 | op=SEND_HEARTBEAT {datanodeUUID=340027e2-c19a-4ce0-8fe2-d5928ef30461, command=[]} | ret=SUCCESS |  
2019-08-20 19:17:24,850 | INFO  | SCMAudit | user=jenkins1000 | ip=192.168.69.105 | op=SEND_HEARTBEAT {datanodeUUID=16f059df-d226-4022-8e81-046858cbfecb, command=[]} | ret=SUCCESS |  
2019-08-20 19:17:24,875 | INFO  | SCMAudit | user=jenkins1000 | ip=192.168.69.105 | op=SEND_HEARTBEAT {datanodeUUID=e4f90e61-f3c9-4b9d-bc15-ac0e2b79db86, command=[]} | ret=SUCCESS |  
2019-08-20 19:17:24,880 | INFO  | SCMAudit | user=jenkins1000 | ip=192.168.69.105 | op=SEND_HEARTBEAT {datanodeUUID=91ae5334-971e-44ba-ab57-2ec2dd220942, command=[]} | ret=SUCCESS |  
2019-08-20 19:17:24,945 | INFO  | SCMAudit | user=jenkins1000 | ip=192.168.69.105 | op=SEND_HEARTBEAT {datanodeUUID=4033865b-8d67-417a-8575-039c711fd8ba, command=[]} | ret=SUCCESS |  
2019-08-20 19:17:25,138 | INFO  | SCMAudit | user=jenkins1000 | ip=192.168.69.105 | op=SEND_HEARTBEAT {datanodeUUID=e274e395-c7b6-408d-a6b4-4add6056d6d1, command=[]} | ret=SUCCESS |  
2019-08-20 19:17:25,346 | INFO  | SCMAudit | user=jenkins1000 | ip=192.168.69.105 | op=SEND_HEARTBEAT {datanodeUUID=1df1583d-c3bd-46e3-b5a9-7f01f9158e7c, command=[]} | ret=SUCCESS |  
2019-08-20 19:17:25,596 | INFO  | SCMAudit | user=jenkins1000 | ip=192.168.69.105 | op=SEND_HEARTBEAT {datanodeUUID=340027e2-c19a-4ce0-8fe2-d5928ef30461, command=[]} | ret=SUCCESS |  
2019-08-20 19:17:25,850 | INFO  | SCMAudit | user=jenkins1000 | ip=192.168.69.105 | op=SEND_HEARTBEAT {datanodeUUID=16f059df-d226-4022-8e81-046858cbfecb, command=[]} | ret=SUCCESS |  
2019-08-20 19:17:25,876 | INFO  | SCMAudit | user=jenkins1000 | ip=192.168.69.105 | op=SEND_HEARTBEAT {datanodeUUID=e4f90e61-f3c9-4b9d-bc15-ac0e2b79db86, command=[]} | ret=SUCCESS |  
2019-08-20 19:17:25,880 | INFO  | SCMAudit | user=jenkins1000 | ip=192.168.69.105 | op=SEND_HEARTBEAT {datanodeUUID=91ae5334-971e-44ba-ab57-2ec2dd220942, command=[]} | ret=SUCCESS |  
2019-08-20 19:17:25,946 | INFO  | SCMAudit | user=jenkins1000 | ip=192.168.69.105 | op=SEND_HEARTBEAT {datanodeUUID=4033865b-8d67-417a-8575-039c711fd8ba, command=[]} | ret=SUCCESS |  
2019-08-20 19:17:26,139 | INFO  | SCMAudit | user=jenkins1000 | ip=192.168.69.105 | op=SEND_HEARTBEAT {datanodeUUID=e274e395-c7b6-408d-a6b4-4add6056d6d1, command=[]} | ret=SUCCESS |  
2019-08-20 19:17:26,346 | INFO  | SCMAudit | user=jenkins1000 | ip=192.168.69.105 | op=SEND_HEARTBEAT {datanodeUUID=1df1583d-c3bd-46e3-b5a9-7f01f9158e7c, command=[]} | ret=SUCCESS |  
2019-08-20 19:17:26,596 | INFO  | SCMAudit | user=jenkins1000 | ip=192.168.69.105 | op=SEND_HEARTBEAT {datanodeUUID=340027e2-c19a-4ce0-8fe2-d5928ef30461, command=[]} | ret=SUCCESS |  
2019-08-20 19:17:26,850 | INFO  | SCMAudit | user=jenkins1000 | ip=192.168.69.105 | op=SEND_HEARTBEAT {datanodeUUID=16f059df-d226-4022-8e81-046858cbfecb, command=[]} | ret=SUCCESS |  
2019-08-20 19:17:26,875 | INFO  | SCMAudit | user=jenkins1000 | ip=192.168.69.105 | op=SEND_HEARTBEAT {datanodeUUID=e4f90e61-f3c9-4b9d-bc15-ac0e2b79db86, command=[]} | ret=SUCCESS |  
2019-08-20 19:17:26,881 | INFO  | SCMAudit | user=jenkins1000 | ip=192.168.69.105 | op=SEND_HEARTBEAT {datanodeUUID=91ae5334-971e-44ba-ab57-2ec2dd220942, command=[]} | ret=SUCCESS |  
2019-08-20 19:17:26,945 | INFO  | SCMAudit | user=jenkins1000 | ip=192.168.69.105 | op=SEND_HEARTBEAT {datanodeUUID=4033865b-8d67-417a-8575-039c711fd8ba, command=[]} | ret=SUCCESS |  
2019-08-20 19:17:27,139 | INFO  | SCMAudit | user=jenkins1000 | ip=192.168.69.105 | op=SEND_HEARTBEAT {datanodeUUID=e274e395-c7b6-408d-a6b4-4add6056d6d1, command=[]} | ret=SUCCESS |  
2019-08-20 19:17:27,347 | INFO  | SCMAudit | user=jenkins1000 | ip=192.168.69.105 | op=SEND_HEARTBEAT {datanodeUUID=1df1583d-c3bd-46e3-b5a9-7f01f9158e7c, command=[]} | ret=SUCCESS |  
2019-08-20 19:17:27,596 | INFO  | SCMAudit | user=jenkins1000 | ip=192.168.69.105 | op=SEND_HEARTBEAT {datanodeUUID=340027e2-c19a-4ce0-8fe2-d5928ef30461, command=[]} | ret=SUCCESS |  
2019-08-20 19:17:27,851 | INFO  | SCMAudit | user=jenkins1000 | ip=192.168.69.105 | op=SEND_HEARTBEAT {datanodeUUID=16f059df-d226-4022-8e81-046858cbfecb, command=[]} | ret=SUCCESS |  
2019-08-20 19:17:27,875 | INFO  | SCMAudit | user=jenkins1000 | ip=192.168.69.105 | op=SEND_HEARTBEAT {datanodeUUID=e4f90e61-f3c9-4b9d-bc15-ac0e2b79db86, command=[]} | ret=SUCCESS |  
2019-08-20 19:17:27,881 | INFO  | SCMAudit | user=jenkins1000 | ip=192.168.69.105 | op=SEND_HEARTBEAT {datanodeUUID=91ae5334-971e-44ba-ab57-2ec2dd220942, command=[]} | ret=SUCCESS |  
2019-08-20 19:17:27,945 | INFO  | SCMAudit | user=jenkins1000 | ip=192.168.69.105 | op=SEND_HEARTBEAT {datanodeUUID=4033865b-8d67-417a-8575-039c711fd8ba, command=[]} | ret=SUCCESS |  
2019-08-20 19:17:28,043 [grpc-default-executor-5] INFO  client.GrpcClientProtocolClient (GrpcClientProtocolClient.java:onNext(255)) - client-8301E8A5B94A->91ae5334-971e-44ba-ab57-2ec2dd220942: receive RaftClientReply:client-8301E8A5B94A->91ae5334-971e-44ba-ab57-2ec2dd220942@group-782B390D3D40, cid=45, FAILED org.apache.ratis.protocol.NotLeaderException: Server 91ae5334-971e-44ba-ab57-2ec2dd220942 is not the leader (16f059df-d226-4022-8e81-046858cbfecb:192.168.69.105:37581). Request must be sent to leader., logIndex=0, commits[91ae5334-971e-44ba-ab57-2ec2dd220942:c8, e4f90e61-f3c9-4b9d-bc15-ac0e2b79db86:c8, 16f059df-d226-4022-8e81-046858cbfecb:c8]
2019-08-20 19:17:28,141 | INFO  | SCMAudit | user=jenkins1000 | ip=192.168.69.105 | op=SEND_HEARTBEAT {datanodeUUID=e274e395-c7b6-408d-a6b4-4add6056d6d1, command=[]} | ret=SUCCESS |  
2019-08-20 19:17:28,346 | INFO  | SCMAudit | user=jenkins1000 | ip=192.168.69.105 | op=SEND_HEARTBEAT {datanodeUUID=1df1583d-c3bd-46e3-b5a9-7f01f9158e7c, command=[]} | ret=SUCCESS |  
2019-08-20 19:17:28,597 | INFO  | SCMAudit | user=jenkins1000 | ip=192.168.69.105 | op=SEND_HEARTBEAT {datanodeUUID=340027e2-c19a-4ce0-8fe2-d5928ef30461, command=[]} | ret=SUCCESS |  
2019-08-20 19:17:28,850 | INFO  | SCMAudit | user=jenkins1000 | ip=192.168.69.105 | op=SEND_HEARTBEAT {datanodeUUID=16f059df-d226-4022-8e81-046858cbfecb, command=[]} | ret=SUCCESS |  
2019-08-20 19:17:28,875 | INFO  | SCMAudit | user=jenkins1000 | ip=192.168.69.105 | op=SEND_HEARTBEAT {datanodeUUID=e4f90e61-f3c9-4b9d-bc15-ac0e2b79db86, command=[]} | ret=SUCCESS |  
2019-08-20 19:17:28,881 | INFO  | SCMAudit | user=jenkins1000 | ip=192.168.69.105 | op=SEND_HEARTBEAT {datanodeUUID=91ae5334-971e-44ba-ab57-2ec2dd220942, command=[]} | ret=SUCCESS |  
2019-08-20 19:17:28,945 | INFO  | SCMAudit | user=jenkins1000 | ip=192.168.69.105 | op=SEND_HEARTBEAT {datanodeUUID=4033865b-8d67-417a-8575-039c711fd8ba, command=[]} | ret=SUCCESS |  
2019-08-20 19:17:29,139 | INFO  | SCMAudit | user=jenkins1000 | ip=192.168.69.105 | op=SEND_HEARTBEAT {datanodeUUID=e274e395-c7b6-408d-a6b4-4add6056d6d1, command=[]} | ret=SUCCESS |  
2019-08-20 19:17:29,346 | INFO  | SCMAudit | user=jenkins1000 | ip=192.168.69.105 | op=SEND_HEARTBEAT {datanodeUUID=1df1583d-c3bd-46e3-b5a9-7f01f9158e7c, command=[]} | ret=SUCCESS |  
2019-08-20 19:17:29,597 | INFO  | SCMAudit | user=jenkins1000 | ip=192.168.69.105 | op=SEND_HEARTBEAT {datanodeUUID=340027e2-c19a-4ce0-8fe2-d5928ef30461, command=[]} | ret=SUCCESS |  
2019-08-20 19:17:29,850 | INFO  | SCMAudit | user=jenkins1000 | ip=192.168.69.105 | op=SEND_HEARTBEAT {datanodeUUID=16f059df-d226-4022-8e81-046858cbfecb, command=[]} | ret=SUCCESS |  
2019-08-20 19:17:29,875 | INFO  | SCMAudit | user=jenkins1000 | ip=192.168.69.105 | op=SEND_HEARTBEAT {datanodeUUID=e4f90e61-f3c9-4b9d-bc15-ac0e2b79db86, command=[]} | ret=SUCCESS |  
2019-08-20 19:17:29,881 | INFO  | SCMAudit | user=jenkins1000 | ip=192.168.69.105 | op=SEND_HEARTBEAT {datanodeUUID=91ae5334-971e-44ba-ab57-2ec2dd220942, command=[]} | ret=SUCCESS |  
2019-08-20 19:17:29,945 | INFO  | SCMAudit | user=jenkins1000 | ip=192.168.69.105 | op=SEND_HEARTBEAT {datanodeUUID=4033865b-8d67-417a-8575-039c711fd8ba, command=[]} | ret=SUCCESS |  
2019-08-20 19:17:30,140 | INFO  | SCMAudit | user=jenkins1000 | ip=192.168.69.105 | op=SEND_HEARTBEAT {datanodeUUID=e274e395-c7b6-408d-a6b4-4add6056d6d1, command=[]} | ret=SUCCESS |  
2019-08-20 19:17:30,346 | INFO  | SCMAudit | user=jenkins1000 | ip=192.168.69.105 | op=SEND_HEARTBEAT {datanodeUUID=1df1583d-c3bd-46e3-b5a9-7f01f9158e7c, command=[]} | ret=SUCCESS |  
2019-08-20 19:17:30,597 | INFO  | SCMAudit | user=jenkins1000 | ip=192.168.69.105 | op=SEND_HEARTBEAT {datanodeUUID=340027e2-c19a-4ce0-8fe2-d5928ef30461, command=[]} | ret=SUCCESS |  
2019-08-20 19:17:30,851 | INFO  | SCMAudit | user=jenkins1000 | ip=192.168.69.105 | op=SEND_HEARTBEAT {datanodeUUID=16f059df-d226-4022-8e81-046858cbfecb, command=[]} | ret=SUCCESS |  
2019-08-20 19:17:30,875 | INFO  | SCMAudit | user=jenkins1000 | ip=192.168.69.105 | op=SEND_HEARTBEAT {datanodeUUID=e4f90e61-f3c9-4b9d-bc15-ac0e2b79db86, command=[]} | ret=SUCCESS |  
2019-08-20 19:17:30,881 | INFO  | SCMAudit | user=jenkins1000 | ip=192.168.69.105 | op=SEND_HEARTBEAT {datanodeUUID=91ae5334-971e-44ba-ab57-2ec2dd220942, command=[]} | ret=SUCCESS |  
2019-08-20 19:17:30,945 | INFO  | SCMAudit | user=jenkins1000 | ip=192.168.69.105 | op=SEND_HEARTBEAT {datanodeUUID=4033865b-8d67-417a-8575-039c711fd8ba, command=[]} | ret=SUCCESS |  
2019-08-20 19:17:31,141 | INFO  | SCMAudit | user=jenkins1000 | ip=192.168.69.105 | op=SEND_HEARTBEAT {datanodeUUID=e274e395-c7b6-408d-a6b4-4add6056d6d1, command=[]} | ret=SUCCESS |  
2019-08-20 19:17:31,347 | INFO  | SCMAudit | user=jenkins1000 | ip=192.168.69.105 | op=SEND_HEARTBEAT {datanodeUUID=1df1583d-c3bd-46e3-b5a9-7f01f9158e7c, command=[]} | ret=SUCCESS |  
2019-08-20 19:17:31,597 | INFO  | SCMAudit | user=jenkins1000 | ip=192.168.69.105 | op=SEND_HEARTBEAT {datanodeUUID=340027e2-c19a-4ce0-8fe2-d5928ef30461, command=[]} | ret=SUCCESS |  
2019-08-20 19:17:31,850 | INFO  | SCMAudit | user=jenkins1000 | ip=192.168.69.105 | op=SEND_HEARTBEAT {datanodeUUID=16f059df-d226-4022-8e81-046858cbfecb, command=[]} | ret=SUCCESS |  
2019-08-20 19:17:31,876 | INFO  | SCMAudit | user=jenkins1000 | ip=192.168.69.105 | op=SEND_HEARTBEAT {datanodeUUID=e4f90e61-f3c9-4b9d-bc15-ac0e2b79db86, command=[]} | ret=SUCCESS |  
2019-08-20 19:17:31,881 | INFO  | SCMAudit | user=jenkins1000 | ip=192.168.69.105 | op=SEND_HEARTBEAT {datanodeUUID=91ae5334-971e-44ba-ab57-2ec2dd220942, command=[]} | ret=SUCCESS |  
2019-08-20 19:17:31,945 | INFO  | SCMAudit | user=jenkins1000 | ip=192.168.69.105 | op=SEND_HEARTBEAT {datanodeUUID=4033865b-8d67-417a-8575-039c711fd8ba, command=[]} | ret=SUCCESS |  
2019-08-20 19:17:32,141 | INFO  | SCMAudit | user=jenkins1000 | ip=192.168.69.105 | op=SEND_HEARTBEAT {datanodeUUID=e274e395-c7b6-408d-a6b4-4add6056d6d1, command=[]} | ret=SUCCESS |  
2019-08-20 19:17:32,346 | INFO  | SCMAudit | user=jenkins1000 | ip=192.168.69.105 | op=SEND_HEARTBEAT {datanodeUUID=1df1583d-c3bd-46e3-b5a9-7f01f9158e7c, command=[]} | ret=SUCCESS |  
2019-08-20 19:17:32,598 | INFO  | SCMAudit | user=jenkins1000 | ip=192.168.69.105 | op=SEND_HEARTBEAT {datanodeUUID=340027e2-c19a-4ce0-8fe2-d5928ef30461, command=[]} | ret=SUCCESS |  
2019-08-20 19:17:32,850 | INFO  | SCMAudit | user=jenkins1000 | ip=192.168.69.105 | op=SEND_HEARTBEAT {datanodeUUID=16f059df-d226-4022-8e81-046858cbfecb, command=[]} | ret=SUCCESS |  
2019-08-20 19:17:32,875 | INFO  | SCMAudit | user=jenkins1000 | ip=192.168.69.105 | op=SEND_HEARTBEAT {datanodeUUID=e4f90e61-f3c9-4b9d-bc15-ac0e2b79db86, command=[]} | ret=SUCCESS |  
2019-08-20 19:17:32,881 | INFO  | SCMAudit | user=jenkins1000 | ip=192.168.69.105 | op=SEND_HEARTBEAT {datanodeUUID=91ae5334-971e-44ba-ab57-2ec2dd220942, command=[]} | ret=SUCCESS |  
2019-08-20 19:17:32,945 | INFO  | SCMAudit | user=jenkins1000 | ip=192.168.69.105 | op=SEND_HEARTBEAT {datanodeUUID=4033865b-8d67-417a-8575-039c711fd8ba, command=[]} | ret=SUCCESS |  
2019-08-20 19:17:33,086 [grpc-default-executor-5] INFO  client.GrpcClientProtocolClient (GrpcClientProtocolClient.java:onNext(255)) - client-8301E8A5B94A->91ae5334-971e-44ba-ab57-2ec2dd220942: receive RaftClientReply:client-8301E8A5B94A->91ae5334-971e-44ba-ab57-2ec2dd220942@group-782B390D3D40, cid=45, FAILED org.apache.ratis.protocol.NotLeaderException: Server 91ae5334-971e-44ba-ab57-2ec2dd220942 is not the leader (16f059df-d226-4022-8e81-046858cbfecb:192.168.69.105:37581). Request must be sent to leader., logIndex=0, commits[91ae5334-971e-44ba-ab57-2ec2dd220942:c8, e4f90e61-f3c9-4b9d-bc15-ac0e2b79db86:c8, 16f059df-d226-4022-8e81-046858cbfecb:c8]
2019-08-20 19:17:33,141 | INFO  | SCMAudit | user=jenkins1000 | ip=192.168.69.105 | op=SEND_HEARTBEAT {datanodeUUID=e274e395-c7b6-408d-a6b4-4add6056d6d1, command=[]} | ret=SUCCESS |  
2019-08-20 19:17:33,346 | INFO  | SCMAudit | user=jenkins1000 | ip=192.168.69.105 | op=SEND_HEARTBEAT {datanodeUUID=1df1583d-c3bd-46e3-b5a9-7f01f9158e7c, command=[]} | ret=SUCCESS |  
2019-08-20 19:17:33,598 | INFO  | SCMAudit | user=jenkins1000 | ip=192.168.69.105 | op=SEND_HEARTBEAT {datanodeUUID=340027e2-c19a-4ce0-8fe2-d5928ef30461, command=[]} | ret=SUCCESS |  
2019-08-20 19:17:33,851 | INFO  | SCMAudit | user=jenkins1000 | ip=192.168.69.105 | op=SEND_HEARTBEAT {datanodeUUID=16f059df-d226-4022-8e81-046858cbfecb, command=[]} | ret=SUCCESS |  
2019-08-20 19:17:33,875 | INFO  | SCMAudit | user=jenkins1000 | ip=192.168.69.105 | op=SEND_HEARTBEAT {datanodeUUID=e4f90e61-f3c9-4b9d-bc15-ac0e2b79db86, command=[]} | ret=SUCCESS |  
2019-08-20 19:17:33,881 | INFO  | SCMAudit | user=jenkins1000 | ip=192.168.69.105 | op=SEND_HEARTBEAT {datanodeUUID=91ae5334-971e-44ba-ab57-2ec2dd220942, command=[]} | ret=SUCCESS |  
2019-08-20 19:17:33,945 | INFO  | SCMAudit | user=jenkins1000 | ip=192.168.69.105 | op=SEND_HEARTBEAT {datanodeUUID=4033865b-8d67-417a-8575-039c711fd8ba, command=[]} | ret=SUCCESS |  
2019-08-20 19:17:34,141 | INFO  | SCMAudit | user=jenkins1000 | ip=192.168.69.105 | op=SEND_HEARTBEAT {datanodeUUID=e274e395-c7b6-408d-a6b4-4add6056d6d1, command=[]} | ret=SUCCESS |  
2019-08-20 19:17:34,347 | INFO  | SCMAudit | user=jenkins1000 | ip=192.168.69.105 | op=SEND_HEARTBEAT {datanodeUUID=1df1583d-c3bd-46e3-b5a9-7f01f9158e7c, command=[]} | ret=SUCCESS |  
2019-08-20 19:17:34,598 | INFO  | SCMAudit | user=jenkins1000 | ip=192.168.69.105 | op=SEND_HEARTBEAT {datanodeUUID=340027e2-c19a-4ce0-8fe2-d5928ef30461, command=[]} | ret=SUCCESS |  
2019-08-20 19:17:34,850 | INFO  | SCMAudit | user=jenkins1000 | ip=192.168.69.105 | op=SEND_HEARTBEAT {datanodeUUID=16f059df-d226-4022-8e81-046858cbfecb, command=[]} | ret=SUCCESS |  
2019-08-20 19:17:34,875 | INFO  | SCMAudit | user=jenkins1000 | ip=192.168.69.105 | op=SEND_HEARTBEAT {datanodeUUID=e4f90e61-f3c9-4b9d-bc15-ac0e2b79db86, command=[]} | ret=SUCCESS |  
2019-08-20 19:17:34,884 | INFO  | SCMAudit | user=jenkins1000 | ip=192.168.69.105 | op=SEND_HEARTBEAT {datanodeUUID=91ae5334-971e-44ba-ab57-2ec2dd220942, command=[]} | ret=SUCCESS |  
2019-08-20 19:17:34,945 | INFO  | SCMAudit | user=jenkins1000 | ip=192.168.69.105 | op=SEND_HEARTBEAT {datanodeUUID=4033865b-8d67-417a-8575-039c711fd8ba, command=[]} | ret=SUCCESS |  
2019-08-20 19:17:35,142 | INFO  | SCMAudit | user=jenkins1000 | ip=192.168.69.105 | op=SEND_HEARTBEAT {datanodeUUID=e274e395-c7b6-408d-a6b4-4add6056d6d1, command=[]} | ret=SUCCESS |  
2019-08-20 19:17:35,346 | INFO  | SCMAudit | user=jenkins1000 | ip=192.168.69.105 | op=SEND_HEARTBEAT {datanodeUUID=1df1583d-c3bd-46e3-b5a9-7f01f9158e7c, command=[]} | ret=SUCCESS |  
2019-08-20 19:17:35,599 | INFO  | SCMAudit | user=jenkins1000 | ip=192.168.69.105 | op=SEND_HEARTBEAT {datanodeUUID=340027e2-c19a-4ce0-8fe2-d5928ef30461, command=[]} | ret=SUCCESS |  
2019-08-20 19:17:35,850 | INFO  | SCMAudit | user=jenkins1000 | ip=192.168.69.105 | op=SEND_HEARTBEAT {datanodeUUID=16f059df-d226-4022-8e81-046858cbfecb, command=[]} | ret=SUCCESS |  
2019-08-20 19:17:35,875 | INFO  | SCMAudit | user=jenkins1000 | ip=192.168.69.105 | op=SEND_HEARTBEAT {datanodeUUID=e4f90e61-f3c9-4b9d-bc15-ac0e2b79db86, command=[]} | ret=SUCCESS |  
2019-08-20 19:17:35,884 | INFO  | SCMAudit | user=jenkins1000 | ip=192.168.69.105 | op=SEND_HEARTBEAT {datanodeUUID=91ae5334-971e-44ba-ab57-2ec2dd220942, command=[]} | ret=SUCCESS |  
2019-08-20 19:17:35,945 | INFO  | SCMAudit | user=jenkins1000 | ip=192.168.69.105 | op=SEND_HEARTBEAT {datanodeUUID=4033865b-8d67-417a-8575-039c711fd8ba, command=[]} | ret=SUCCESS |  
2019-08-20 19:17:36,142 | INFO  | SCMAudit | user=jenkins1000 | ip=192.168.69.105 | op=SEND_HEARTBEAT {datanodeUUID=e274e395-c7b6-408d-a6b4-4add6056d6d1, command=[]} | ret=SUCCESS |  
2019-08-20 19:17:36,346 | INFO  | SCMAudit | user=jenkins1000 | ip=192.168.69.105 | op=SEND_HEARTBEAT {datanodeUUID=1df1583d-c3bd-46e3-b5a9-7f01f9158e7c, command=[]} | ret=SUCCESS |  
2019-08-20 19:17:36,599 | INFO  | SCMAudit | user=jenkins1000 | ip=192.168.69.105 | op=SEND_HEARTBEAT {datanodeUUID=340027e2-c19a-4ce0-8fe2-d5928ef30461, command=[]} | ret=SUCCESS |  
2019-08-20 19:17:36,851 | INFO  | SCMAudit | user=jenkins1000 | ip=192.168.69.105 | op=SEND_HEARTBEAT {datanodeUUID=16f059df-d226-4022-8e81-046858cbfecb, command=[]} | ret=SUCCESS |  
2019-08-20 19:17:36,875 | INFO  | SCMAudit | user=jenkins1000 | ip=192.168.69.105 | op=SEND_HEARTBEAT {datanodeUUID=e4f90e61-f3c9-4b9d-bc15-ac0e2b79db86, command=[]} | ret=SUCCESS |  
2019-08-20 19:17:36,884 | INFO  | SCMAudit | user=jenkins1000 | ip=192.168.69.105 | op=SEND_HEARTBEAT {datanodeUUID=91ae5334-971e-44ba-ab57-2ec2dd220942, command=[]} | ret=SUCCESS |  
2019-08-20 19:17:36,945 | INFO  | SCMAudit | user=jenkins1000 | ip=192.168.69.105 | op=SEND_HEARTBEAT {datanodeUUID=4033865b-8d67-417a-8575-039c711fd8ba, command=[]} | ret=SUCCESS |  
2019-08-20 19:17:37,142 | INFO  | SCMAudit | user=jenkins1000 | ip=192.168.69.105 | op=SEND_HEARTBEAT {datanodeUUID=e274e395-c7b6-408d-a6b4-4add6056d6d1, command=[]} | ret=SUCCESS |  
2019-08-20 19:17:37,346 | INFO  | SCMAudit | user=jenkins1000 | ip=192.168.69.105 | op=SEND_HEARTBEAT {datanodeUUID=1df1583d-c3bd-46e3-b5a9-7f01f9158e7c, command=[]} | ret=SUCCESS |  
2019-08-20 19:17:37,599 | INFO  | SCMAudit | user=jenkins1000 | ip=192.168.69.105 | op=SEND_HEARTBEAT {datanodeUUID=340027e2-c19a-4ce0-8fe2-d5928ef30461, command=[]} | ret=SUCCESS |  
2019-08-20 19:17:37,851 | INFO  | SCMAudit | user=jenkins1000 | ip=192.168.69.105 | op=SEND_HEARTBEAT {datanodeUUID=16f059df-d226-4022-8e81-046858cbfecb, command=[]} | ret=SUCCESS |  
2019-08-20 19:17:37,875 | INFO  | SCMAudit | user=jenkins1000 | ip=192.168.69.105 | op=SEND_HEARTBEAT {datanodeUUID=e4f90e61-f3c9-4b9d-bc15-ac0e2b79db86, command=[]} | ret=SUCCESS |  
2019-08-20 19:17:37,884 | INFO  | SCMAudit | user=jenkins1000 | ip=192.168.69.105 | op=SEND_HEARTBEAT {datanodeUUID=91ae5334-971e-44ba-ab57-2ec2dd220942, command=[]} | ret=SUCCESS |  
2019-08-20 19:17:37,946 | INFO  | SCMAudit | user=jenkins1000 | ip=192.168.69.105 | op=SEND_HEARTBEAT {datanodeUUID=4033865b-8d67-417a-8575-039c711fd8ba, command=[]} | ret=SUCCESS |  
2019-08-20 19:17:38,123 [grpc-default-executor-5] INFO  client.GrpcClientProtocolClient (GrpcClientProtocolClient.java:onNext(255)) - client-8301E8A5B94A->e4f90e61-f3c9-4b9d-bc15-ac0e2b79db86: receive RaftClientReply:client-8301E8A5B94A->e4f90e61-f3c9-4b9d-bc15-ac0e2b79db86@group-782B390D3D40, cid=45, FAILED org.apache.ratis.protocol.NotLeaderException: Server e4f90e61-f3c9-4b9d-bc15-ac0e2b79db86 is not the leader (16f059df-d226-4022-8e81-046858cbfecb:192.168.69.105:37581). Request must be sent to leader., logIndex=0, commits[e4f90e61-f3c9-4b9d-bc15-ac0e2b79db86:c8, 16f059df-d226-4022-8e81-046858cbfecb:c8, 91ae5334-971e-44ba-ab57-2ec2dd220942:c8]
2019-08-20 19:17:38,142 | INFO  | SCMAudit | user=jenkins1000 | ip=192.168.69.105 | op=SEND_HEARTBEAT {datanodeUUID=e274e395-c7b6-408d-a6b4-4add6056d6d1, command=[]} | ret=SUCCESS |  
2019-08-20 19:17:38,346 | INFO  | SCMAudit | user=jenkins1000 | ip=192.168.69.105 | op=SEND_HEARTBEAT {datanodeUUID=1df1583d-c3bd-46e3-b5a9-7f01f9158e7c, command=[]} | ret=SUCCESS |  
2019-08-20 19:17:38,599 | INFO  | SCMAudit | user=jenkins1000 | ip=192.168.69.105 | op=SEND_HEARTBEAT {datanodeUUID=340027e2-c19a-4ce0-8fe2-d5928ef30461, command=[]} | ret=SUCCESS |  
2019-08-20 19:17:38,851 | INFO  | SCMAudit | user=jenkins1000 | ip=192.168.69.105 | op=SEND_HEARTBEAT {datanodeUUID=16f059df-d226-4022-8e81-046858cbfecb, command=[]} | ret=SUCCESS |  
2019-08-20 19:17:38,875 | INFO  | SCMAudit | user=jenkins1000 | ip=192.168.69.105 | op=SEND_HEARTBEAT {datanodeUUID=e4f90e61-f3c9-4b9d-bc15-ac0e2b79db86, command=[]} | ret=SUCCESS |  
2019-08-20 19:17:38,884 | INFO  | SCMAudit | user=jenkins1000 | ip=192.168.69.105 | op=SEND_HEARTBEAT {datanodeUUID=91ae5334-971e-44ba-ab57-2ec2dd220942, command=[]} | ret=SUCCESS |  
2019-08-20 19:17:38,946 | INFO  | SCMAudit | user=jenkins1000 | ip=192.168.69.105 | op=SEND_HEARTBEAT {datanodeUUID=4033865b-8d67-417a-8575-039c711fd8ba, command=[]} | ret=SUCCESS |  
2019-08-20 19:17:39,142 | INFO  | SCMAudit | user=jenkins1000 | ip=192.168.69.105 | op=SEND_HEARTBEAT {datanodeUUID=e274e395-c7b6-408d-a6b4-4add6056d6d1, command=[]} | ret=SUCCESS |  
2019-08-20 19:17:39,346 | INFO  | SCMAudit | user=jenkins1000 | ip=192.168.69.105 | op=SEND_HEARTBEAT {datanodeUUID=1df1583d-c3bd-46e3-b5a9-7f01f9158e7c, command=[]} | ret=SUCCESS |  
2019-08-20 19:17:39,600 | INFO  | SCMAudit | user=jenkins1000 | ip=192.168.69.105 | op=SEND_HEARTBEAT {datanodeUUID=340027e2-c19a-4ce0-8fe2-d5928ef30461, command=[]} | ret=SUCCESS |  
2019-08-20 19:17:39,852 | INFO  | SCMAudit | user=jenkins1000 | ip=192.168.69.105 | op=SEND_HEARTBEAT {datanodeUUID=16f059df-d226-4022-8e81-046858cbfecb, command=[]} | ret=SUCCESS |  
2019-08-20 19:17:39,875 | INFO  | SCMAudit | user=jenkins1000 | ip=192.168.69.105 | op=SEND_HEARTBEAT {datanodeUUID=e4f90e61-f3c9-4b9d-bc15-ac0e2b79db86, command=[]} | ret=SUCCESS |  
2019-08-20 19:17:39,884 | INFO  | SCMAudit | user=jenkins1000 | ip=192.168.69.105 | op=SEND_HEARTBEAT {datanodeUUID=91ae5334-971e-44ba-ab57-2ec2dd220942, command=[]} | ret=SUCCESS |  
2019-08-20 19:17:39,947 | INFO  | SCMAudit | user=jenkins1000 | ip=192.168.69.105 | op=SEND_HEARTBEAT {datanodeUUID=4033865b-8d67-417a-8575-039c711fd8ba, command=[]} | ret=SUCCESS |  
2019-08-20 19:17:40,143 | INFO  | SCMAudit | user=jenkins1000 | ip=192.168.69.105 | op=SEND_HEARTBEAT {datanodeUUID=e274e395-c7b6-408d-a6b4-4add6056d6d1, command=[]} | ret=SUCCESS |  
2019-08-20 19:17:40,347 | INFO  | SCMAudit | user=jenkins1000 | ip=192.168.69.105 | op=SEND_HEARTBEAT {datanodeUUID=1df1583d-c3bd-46e3-b5a9-7f01f9158e7c, command=[]} | ret=SUCCESS |  
2019-08-20 19:17:40,601 | INFO  | SCMAudit | user=jenkins1000 | ip=192.168.69.105 | op=SEND_HEARTBEAT {datanodeUUID=340027e2-c19a-4ce0-8fe2-d5928ef30461, command=[]} | ret=SUCCESS |  
2019-08-20 19:17:40,851 | INFO  | SCMAudit | user=jenkins1000 | ip=192.168.69.105 | op=SEND_HEARTBEAT {datanodeUUID=16f059df-d226-4022-8e81-046858cbfecb, command=[]} | ret=SUCCESS |  
2019-08-20 19:17:40,876 | INFO  | SCMAudit | user=jenkins1000 | ip=192.168.69.105 | op=SEND_HEARTBEAT {datanodeUUID=e4f90e61-f3c9-4b9d-bc15-ac0e2b79db86, command=[]} | ret=SUCCESS |  
2019-08-20 19:17:40,885 | INFO  | SCMAudit | user=jenkins1000 | ip=192.168.69.105 | op=SEND_HEARTBEAT {datanodeUUID=91ae5334-971e-44ba-ab57-2ec2dd220942, command=[]} | ret=SUCCESS |  
2019-08-20 19:17:40,946 | INFO  | SCMAudit | user=jenkins1000 | ip=192.168.69.105 | op=SEND_HEARTBEAT {datanodeUUID=4033865b-8d67-417a-8575-039c711fd8ba, command=[]} | ret=SUCCESS |  
2019-08-20 19:17:41,154 | INFO  | SCMAudit | user=jenkins1000 | ip=192.168.69.105 | op=SEND_HEARTBEAT {datanodeUUID=e274e395-c7b6-408d-a6b4-4add6056d6d1, command=[]} | ret=SUCCESS |  
2019-08-20 19:17:41,347 | INFO  | SCMAudit | user=jenkins1000 | ip=192.168.69.105 | op=SEND_HEARTBEAT {datanodeUUID=1df1583d-c3bd-46e3-b5a9-7f01f9158e7c, command=[]} | ret=SUCCESS |  
2019-08-20 19:17:41,600 | INFO  | SCMAudit | user=jenkins1000 | ip=192.168.69.105 | op=SEND_HEARTBEAT {datanodeUUID=340027e2-c19a-4ce0-8fe2-d5928ef30461, command=[]} | ret=SUCCESS |  
2019-08-20 19:17:41,852 | INFO  | SCMAudit | user=jenkins1000 | ip=192.168.69.105 | op=SEND_HEARTBEAT {datanodeUUID=16f059df-d226-4022-8e81-046858cbfecb, command=[]} | ret=SUCCESS |  
2019-08-20 19:17:41,876 | INFO  | SCMAudit | user=jenkins1000 | ip=192.168.69.105 | op=SEND_HEARTBEAT {datanodeUUID=e4f90e61-f3c9-4b9d-bc15-ac0e2b79db86, command=[]} | ret=SUCCESS |  
2019-08-20 19:17:41,885 | INFO  | SCMAudit | user=jenkins1000 | ip=192.168.69.105 | op=SEND_HEARTBEAT {datanodeUUID=91ae5334-971e-44ba-ab57-2ec2dd220942, command=[]} | ret=SUCCESS |  
2019-08-20 19:17:41,946 | INFO  | SCMAudit | user=jenkins1000 | ip=192.168.69.105 | op=SEND_HEARTBEAT {datanodeUUID=4033865b-8d67-417a-8575-039c711fd8ba, command=[]} | ret=SUCCESS |  
2019-08-20 19:17:42,157 | INFO  | SCMAudit | user=jenkins1000 | ip=192.168.69.105 | op=SEND_HEARTBEAT {datanodeUUID=e274e395-c7b6-408d-a6b4-4add6056d6d1, command=[]} | ret=SUCCESS |  
2019-08-20 19:17:42,347 | INFO  | SCMAudit | user=jenkins1000 | ip=192.168.69.105 | op=SEND_HEARTBEAT {datanodeUUID=1df1583d-c3bd-46e3-b5a9-7f01f9158e7c, command=[]} | ret=SUCCESS |  
2019-08-20 19:17:42,600 | INFO  | SCMAudit | user=jenkins1000 | ip=192.168.69.105 | op=SEND_HEARTBEAT {datanodeUUID=340027e2-c19a-4ce0-8fe2-d5928ef30461, command=[]} | ret=SUCCESS |  
2019-08-20 19:17:42,851 | INFO  | SCMAudit | user=jenkins1000 | ip=192.168.69.105 | op=SEND_HEARTBEAT {datanodeUUID=16f059df-d226-4022-8e81-046858cbfecb, command=[]} | ret=SUCCESS |  
2019-08-20 19:17:42,876 | INFO  | SCMAudit | user=jenkins1000 | ip=192.168.69.105 | op=SEND_HEARTBEAT {datanodeUUID=e4f90e61-f3c9-4b9d-bc15-ac0e2b79db86, command=[]} | ret=SUCCESS |  
2019-08-20 19:17:42,885 | INFO  | SCMAudit | user=jenkins1000 | ip=192.168.69.105 | op=SEND_HEARTBEAT {datanodeUUID=91ae5334-971e-44ba-ab57-2ec2dd220942, command=[]} | ret=SUCCESS |  
2019-08-20 19:17:42,946 | INFO  | SCMAudit | user=jenkins1000 | ip=192.168.69.105 | op=SEND_HEARTBEAT {datanodeUUID=4033865b-8d67-417a-8575-039c711fd8ba, command=[]} | ret=SUCCESS |  
2019-08-20 19:17:43,161 | INFO  | SCMAudit | user=jenkins1000 | ip=192.168.69.105 | op=SEND_HEARTBEAT {datanodeUUID=e274e395-c7b6-408d-a6b4-4add6056d6d1, command=[]} | ret=SUCCESS |  
2019-08-20 19:17:43,170 [grpc-default-executor-5] INFO  client.GrpcClientProtocolClient (GrpcClientProtocolClient.java:onNext(255)) - client-8301E8A5B94A->91ae5334-971e-44ba-ab57-2ec2dd220942: receive RaftClientReply:client-8301E8A5B94A->91ae5334-971e-44ba-ab57-2ec2dd220942@group-782B390D3D40, cid=45, FAILED org.apache.ratis.protocol.NotLeaderException: Server 91ae5334-971e-44ba-ab57-2ec2dd220942 is not the leader (16f059df-d226-4022-8e81-046858cbfecb:192.168.69.105:37581). Request must be sent to leader., logIndex=0, commits[91ae5334-971e-44ba-ab57-2ec2dd220942:c8, e4f90e61-f3c9-4b9d-bc15-ac0e2b79db86:c8, 16f059df-d226-4022-8e81-046858cbfecb:c8]
2019-08-20 19:17:43,348 | INFO  | SCMAudit | user=jenkins1000 | ip=192.168.69.105 | op=SEND_HEARTBEAT {datanodeUUID=1df1583d-c3bd-46e3-b5a9-7f01f9158e7c, command=[]} | ret=SUCCESS |  
2019-08-20 19:17:43,600 | INFO  | SCMAudit | user=jenkins1000 | ip=192.168.69.105 | op=SEND_HEARTBEAT {datanodeUUID=340027e2-c19a-4ce0-8fe2-d5928ef30461, command=[]} | ret=SUCCESS |  
2019-08-20 19:17:43,852 | INFO  | SCMAudit | user=jenkins1000 | ip=192.168.69.105 | op=SEND_HEARTBEAT {datanodeUUID=16f059df-d226-4022-8e81-046858cbfecb, command=[]} | ret=SUCCESS |  
2019-08-20 19:17:43,876 | INFO  | SCMAudit | user=jenkins1000 | ip=192.168.69.105 | op=SEND_HEARTBEAT {datanodeUUID=e4f90e61-f3c9-4b9d-bc15-ac0e2b79db86, command=[]} | ret=SUCCESS |  
2019-08-20 19:17:43,885 | INFO  | SCMAudit | user=jenkins1000 | ip=192.168.69.105 | op=SEND_HEARTBEAT {datanodeUUID=91ae5334-971e-44ba-ab57-2ec2dd220942, command=[]} | ret=SUCCESS |  
2019-08-20 19:17:43,946 | INFO  | SCMAudit | user=jenkins1000 | ip=192.168.69.105 | op=SEND_HEARTBEAT {datanodeUUID=4033865b-8d67-417a-8575-039c711fd8ba, command=[]} | ret=SUCCESS |  
2019-08-20 19:17:44,161 | INFO  | SCMAudit | user=jenkins1000 | ip=192.168.69.105 | op=SEND_HEARTBEAT {datanodeUUID=e274e395-c7b6-408d-a6b4-4add6056d6d1, command=[]} | ret=SUCCESS |  
2019-08-20 19:17:44,347 | INFO  | SCMAudit | user=jenkins1000 | ip=192.168.69.105 | op=SEND_HEARTBEAT {datanodeUUID=1df1583d-c3bd-46e3-b5a9-7f01f9158e7c, command=[]} | ret=SUCCESS |  
2019-08-20 19:17:44,601 | INFO  | SCMAudit | user=jenkins1000 | ip=192.168.69.105 | op=SEND_HEARTBEAT {datanodeUUID=340027e2-c19a-4ce0-8fe2-d5928ef30461, command=[]} | ret=SUCCESS |  
2019-08-20 19:17:44,851 | INFO  | SCMAudit | user=jenkins1000 | ip=192.168.69.105 | op=SEND_HEARTBEAT {datanodeUUID=16f059df-d226-4022-8e81-046858cbfecb, command=[]} | ret=SUCCESS |  
2019-08-20 19:17:44,876 | INFO  | SCMAudit | user=jenkins1000 | ip=192.168.69.105 | op=SEND_HEARTBEAT {datanodeUUID=e4f90e61-f3c9-4b9d-bc15-ac0e2b79db86, command=[]} | ret=SUCCESS |  
2019-08-20 19:17:44,885 | INFO  | SCMAudit | user=jenkins1000 | ip=192.168.69.105 | op=SEND_HEARTBEAT {datanodeUUID=91ae5334-971e-44ba-ab57-2ec2dd220942, command=[]} | ret=SUCCESS |  
2019-08-20 19:17:44,946 | INFO  | SCMAudit | user=jenkins1000 | ip=192.168.69.105 | op=SEND_HEARTBEAT {datanodeUUID=4033865b-8d67-417a-8575-039c711fd8ba, command=[]} | ret=SUCCESS |  
2019-08-20 19:17:45,162 | INFO  | SCMAudit | user=jenkins1000 | ip=192.168.69.105 | op=SEND_HEARTBEAT {datanodeUUID=e274e395-c7b6-408d-a6b4-4add6056d6d1, command=[]} | ret=SUCCESS |  
2019-08-20 19:17:45,347 | INFO  | SCMAudit | user=jenkins1000 | ip=192.168.69.105 | op=SEND_HEARTBEAT {datanodeUUID=1df1583d-c3bd-46e3-b5a9-7f01f9158e7c, command=[]} | ret=SUCCESS |  
2019-08-20 19:17:45,600 | INFO  | SCMAudit | user=jenkins1000 | ip=192.168.69.105 | op=SEND_HEARTBEAT {datanodeUUID=340027e2-c19a-4ce0-8fe2-d5928ef30461, command=[]} | ret=SUCCESS |  
2019-08-20 19:17:45,851 | INFO  | SCMAudit | user=jenkins1000 | ip=192.168.69.105 | op=SEND_HEARTBEAT {datanodeUUID=16f059df-d226-4022-8e81-046858cbfecb, command=[]} | ret=SUCCESS |  
2019-08-20 19:17:45,876 | INFO  | SCMAudit | user=jenkins1000 | ip=192.168.69.105 | op=SEND_HEARTBEAT {datanodeUUID=e4f90e61-f3c9-4b9d-bc15-ac0e2b79db86, command=[]} | ret=SUCCESS |  
2019-08-20 19:17:45,885 | INFO  | SCMAudit | user=jenkins1000 | ip=192.168.69.105 | op=SEND_HEARTBEAT {datanodeUUID=91ae5334-971e-44ba-ab57-2ec2dd220942, command=[]} | ret=SUCCESS |  
2019-08-20 19:17:45,948 | INFO  | SCMAudit | user=jenkins1000 | ip=192.168.69.105 | op=SEND_HEARTBEAT {datanodeUUID=4033865b-8d67-417a-8575-039c711fd8ba, command=[]} | ret=SUCCESS |  
2019-08-20 19:17:46,166 | INFO  | SCMAudit | user=jenkins1000 | ip=192.168.69.105 | op=SEND_HEARTBEAT {datanodeUUID=e274e395-c7b6-408d-a6b4-4add6056d6d1, command=[]} | ret=SUCCESS |  
2019-08-20 19:17:46,348 | INFO  | SCMAudit | user=jenkins1000 | ip=192.168.69.105 | op=SEND_HEARTBEAT {datanodeUUID=1df1583d-c3bd-46e3-b5a9-7f01f9158e7c, command=[]} | ret=SUCCESS |  
2019-08-20 19:17:46,600 | INFO  | SCMAudit | user=jenkins1000 | ip=192.168.69.105 | op=SEND_HEARTBEAT {datanodeUUID=340027e2-c19a-4ce0-8fe2-d5928ef30461, command=[]} | ret=SUCCESS |  
2019-08-20 19:17:46,851 | INFO  | SCMAudit | user=jenkins1000 | ip=192.168.69.105 | op=SEND_HEARTBEAT {datanodeUUID=16f059df-d226-4022-8e81-046858cbfecb, command=[]} | ret=SUCCESS |  
2019-08-20 19:17:46,876 | INFO  | SCMAudit | user=jenkins1000 | ip=192.168.69.105 | op=SEND_HEARTBEAT {datanodeUUID=e4f90e61-f3c9-4b9d-bc15-ac0e2b79db86, command=[]} | ret=SUCCESS |  
2019-08-20 19:17:46,886 | INFO  | SCMAudit | user=jenkins1000 | ip=192.168.69.105 | op=SEND_HEARTBEAT {datanodeUUID=91ae5334-971e-44ba-ab57-2ec2dd220942, command=[]} | ret=SUCCESS |  
2019-08-20 19:17:46,948 | INFO  | SCMAudit | user=jenkins1000 | ip=192.168.69.105 | op=SEND_HEARTBEAT {datanodeUUID=4033865b-8d67-417a-8575-039c711fd8ba, command=[]} | ret=SUCCESS |  
2019-08-20 19:17:47,163 | INFO  | SCMAudit | user=jenkins1000 | ip=192.168.69.105 | op=SEND_HEARTBEAT {datanodeUUID=e274e395-c7b6-408d-a6b4-4add6056d6d1, command=[]} | ret=SUCCESS |  
2019-08-20 19:17:47,348 | INFO  | SCMAudit | user=jenkins1000 | ip=192.168.69.105 | op=SEND_HEARTBEAT {datanodeUUID=1df1583d-c3bd-46e3-b5a9-7f01f9158e7c, command=[]} | ret=SUCCESS |  
2019-08-20 19:17:47,601 | INFO  | SCMAudit | user=jenkins1000 | ip=192.168.69.105 | op=SEND_HEARTBEAT {datanodeUUID=340027e2-c19a-4ce0-8fe2-d5928ef30461, command=[]} | ret=SUCCESS |  
2019-08-20 19:17:47,851 | INFO  | SCMAudit | user=jenkins1000 | ip=192.168.69.105 | op=SEND_HEARTBEAT {datanodeUUID=16f059df-d226-4022-8e81-046858cbfecb, command=[]} | ret=SUCCESS |  
2019-08-20 19:17:47,877 | INFO  | SCMAudit | user=jenkins1000 | ip=192.168.69.105 | op=SEND_HEARTBEAT {datanodeUUID=e4f90e61-f3c9-4b9d-bc15-ac0e2b79db86, command=[]} | ret=SUCCESS |  
2019-08-20 19:17:47,886 | INFO  | SCMAudit | user=jenkins1000 | ip=192.168.69.105 | op=SEND_HEARTBEAT {datanodeUUID=91ae5334-971e-44ba-ab57-2ec2dd220942, command=[]} | ret=SUCCESS |  
2019-08-20 19:17:47,948 | INFO  | SCMAudit | user=jenkins1000 | ip=192.168.69.105 | op=SEND_HEARTBEAT {datanodeUUID=4033865b-8d67-417a-8575-039c711fd8ba, command=[]} | ret=SUCCESS |  
2019-08-20 19:17:48,162 | INFO  | SCMAudit | user=jenkins1000 | ip=192.168.69.105 | op=SEND_HEARTBEAT {datanodeUUID=e274e395-c7b6-408d-a6b4-4add6056d6d1, command=[]} | ret=SUCCESS |  
2019-08-20 19:17:48,206 [grpc-default-executor-5] INFO  client.GrpcClientProtocolClient (GrpcClientProtocolClient.java:onNext(255)) - client-8301E8A5B94A->e4f90e61-f3c9-4b9d-bc15-ac0e2b79db86: receive RaftClientReply:client-8301E8A5B94A->e4f90e61-f3c9-4b9d-bc15-ac0e2b79db86@group-782B390D3D40, cid=45, FAILED org.apache.ratis.protocol.NotLeaderException: Server e4f90e61-f3c9-4b9d-bc15-ac0e2b79db86 is not the leader (16f059df-d226-4022-8e81-046858cbfecb:192.168.69.105:37581). Request must be sent to leader., logIndex=0, commits[e4f90e61-f3c9-4b9d-bc15-ac0e2b79db86:c8, 16f059df-d226-4022-8e81-046858cbfecb:c8, 91ae5334-971e-44ba-ab57-2ec2dd220942:c8]
2019-08-20 19:17:48,348 | INFO  | SCMAudit | user=jenkins1000 | ip=192.168.69.105 | op=SEND_HEARTBEAT {datanodeUUID=1df1583d-c3bd-46e3-b5a9-7f01f9158e7c, command=[]} | ret=SUCCESS |  
2019-08-20 19:17:48,600 | INFO  | SCMAudit | user=jenkins1000 | ip=192.168.69.105 | op=SEND_HEARTBEAT {datanodeUUID=340027e2-c19a-4ce0-8fe2-d5928ef30461, command=[]} | ret=SUCCESS |  
2019-08-20 19:17:48,852 | INFO  | SCMAudit | user=jenkins1000 | ip=192.168.69.105 | op=SEND_HEARTBEAT {datanodeUUID=16f059df-d226-4022-8e81-046858cbfecb, command=[]} | ret=SUCCESS |  
2019-08-20 19:17:48,877 | INFO  | SCMAudit | user=jenkins1000 | ip=192.168.69.105 | op=SEND_HEARTBEAT {datanodeUUID=e4f90e61-f3c9-4b9d-bc15-ac0e2b79db86, command=[]} | ret=SUCCESS |  
2019-08-20 19:17:48,886 | INFO  | SCMAudit | user=jenkins1000 | ip=192.168.69.105 | op=SEND_HEARTBEAT {datanodeUUID=91ae5334-971e-44ba-ab57-2ec2dd220942, command=[]} | ret=SUCCESS |  
2019-08-20 19:17:48,948 | INFO  | SCMAudit | user=jenkins1000 | ip=192.168.69.105 | op=SEND_HEARTBEAT {datanodeUUID=4033865b-8d67-417a-8575-039c711fd8ba, command=[]} | ret=SUCCESS |  
2019-08-20 19:17:49,162 | INFO  | SCMAudit | user=jenkins1000 | ip=192.168.69.105 | op=SEND_HEARTBEAT {datanodeUUID=e274e395-c7b6-408d-a6b4-4add6056d6d1, command=[]} | ret=SUCCESS |  
2019-08-20 19:17:49,348 | INFO  | SCMAudit | user=jenkins1000 | ip=192.168.69.105 | op=SEND_HEARTBEAT {datanodeUUID=1df1583d-c3bd-46e3-b5a9-7f01f9158e7c, command=[]} | ret=SUCCESS |  
2019-08-20 19:17:49,600 | INFO  | SCMAudit | user=jenkins1000 | ip=192.168.69.105 | op=SEND_HEARTBEAT {datanodeUUID=340027e2-c19a-4ce0-8fe2-d5928ef30461, command=[]} | ret=SUCCESS |  
2019-08-20 19:17:49,852 | INFO  | SCMAudit | user=jenkins1000 | ip=192.168.69.105 | op=SEND_HEARTBEAT {datanodeUUID=16f059df-d226-4022-8e81-046858cbfecb, command=[]} | ret=SUCCESS |  
2019-08-20 19:17:49,877 | INFO  | SCMAudit | user=jenkins1000 | ip=192.168.69.105 | op=SEND_HEARTBEAT {datanodeUUID=e4f90e61-f3c9-4b9d-bc15-ac0e2b79db86, command=[]} | ret=SUCCESS |  
2019-08-20 19:17:49,887 | INFO  | SCMAudit | user=jenkins1000 | ip=192.168.69.105 | op=SEND_HEARTBEAT {datanodeUUID=91ae5334-971e-44ba-ab57-2ec2dd220942, command=[]} | ret=SUCCESS |  
2019-08-20 19:17:49,948 | INFO  | SCMAudit | user=jenkins1000 | ip=192.168.69.105 | op=SEND_HEARTBEAT {datanodeUUID=4033865b-8d67-417a-8575-039c711fd8ba, command=[]} | ret=SUCCESS |  
2019-08-20 19:17:50,162 | INFO  | SCMAudit | user=jenkins1000 | ip=192.168.69.105 | op=SEND_HEARTBEAT {datanodeUUID=e274e395-c7b6-408d-a6b4-4add6056d6d1, command=[]} | ret=SUCCESS |  
2019-08-20 19:17:50,349 | INFO  | SCMAudit | user=jenkins1000 | ip=192.168.69.105 | op=SEND_HEARTBEAT {datanodeUUID=1df1583d-c3bd-46e3-b5a9-7f01f9158e7c, command=[]} | ret=SUCCESS |  
2019-08-20 19:17:50,601 | INFO  | SCMAudit | user=jenkins1000 | ip=192.168.69.105 | op=SEND_HEARTBEAT {datanodeUUID=340027e2-c19a-4ce0-8fe2-d5928ef30461, command=[]} | ret=SUCCESS |  
2019-08-20 19:17:50,852 | INFO  | SCMAudit | user=jenkins1000 | ip=192.168.69.105 | op=SEND_HEARTBEAT {datanodeUUID=16f059df-d226-4022-8e81-046858cbfecb, command=[]} | ret=SUCCESS |  
2019-08-20 19:17:50,877 | INFO  | SCMAudit | user=jenkins1000 | ip=192.168.69.105 | op=SEND_HEARTBEAT {datanodeUUID=e4f90e61-f3c9-4b9d-bc15-ac0e2b79db86, command=[]} | ret=SUCCESS |  
2019-08-20 19:17:50,887 | INFO  | SCMAudit | user=jenkins1000 | ip=192.168.69.105 | op=SEND_HEARTBEAT {datanodeUUID=91ae5334-971e-44ba-ab57-2ec2dd220942, command=[]} | ret=SUCCESS |  
2019-08-20 19:17:50,948 | INFO  | SCMAudit | user=jenkins1000 | ip=192.168.69.105 | op=SEND_HEARTBEAT {datanodeUUID=4033865b-8d67-417a-8575-039c711fd8ba, command=[]} | ret=SUCCESS |  
2019-08-20 19:17:51,163 | INFO  | SCMAudit | user=jenkins1000 | ip=192.168.69.105 | op=SEND_HEARTBEAT {datanodeUUID=e274e395-c7b6-408d-a6b4-4add6056d6d1, command=[]} | ret=SUCCESS |  
2019-08-20 19:17:51,348 | INFO  | SCMAudit | user=jenkins1000 | ip=192.168.69.105 | op=SEND_HEARTBEAT {datanodeUUID=1df1583d-c3bd-46e3-b5a9-7f01f9158e7c, command=[]} | ret=SUCCESS |  
2019-08-20 19:17:51,600 | INFO  | SCMAudit | user=jenkins1000 | ip=192.168.69.105 | op=SEND_HEARTBEAT {datanodeUUID=340027e2-c19a-4ce0-8fe2-d5928ef30461, command=[]} | ret=SUCCESS |  
2019-08-20 19:17:51,852 | INFO  | SCMAudit | user=jenkins1000 | ip=192.168.69.105 | op=SEND_HEARTBEAT {datanodeUUID=16f059df-d226-4022-8e81-046858cbfecb, command=[]} | ret=SUCCESS |  
2019-08-20 19:17:51,878 | INFO  | SCMAudit | user=jenkins1000 | ip=192.168.69.105 | op=SEND_HEARTBEAT {datanodeUUID=e4f90e61-f3c9-4b9d-bc15-ac0e2b79db86, command=[]} | ret=SUCCESS |  
2019-08-20 19:17:51,887 | INFO  | SCMAudit | user=jenkins1000 | ip=192.168.69.105 | op=SEND_HEARTBEAT {datanodeUUID=91ae5334-971e-44ba-ab57-2ec2dd220942, command=[]} | ret=SUCCESS |  
2019-08-20 19:17:51,948 | INFO  | SCMAudit | user=jenkins1000 | ip=192.168.69.105 | op=SEND_HEARTBEAT {datanodeUUID=4033865b-8d67-417a-8575-039c711fd8ba, command=[]} | ret=SUCCESS |  
2019-08-20 19:17:52,162 | INFO  | SCMAudit | user=jenkins1000 | ip=192.168.69.105 | op=SEND_HEARTBEAT {datanodeUUID=e274e395-c7b6-408d-a6b4-4add6056d6d1, command=[]} | ret=SUCCESS |  
2019-08-20 19:17:52,348 | INFO  | SCMAudit | user=jenkins1000 | ip=192.168.69.105 | op=SEND_HEARTBEAT {datanodeUUID=1df1583d-c3bd-46e3-b5a9-7f01f9158e7c, command=[]} | ret=SUCCESS |  
2019-08-20 19:17:52,600 | INFO  | SCMAudit | user=jenkins1000 | ip=192.168.69.105 | op=SEND_HEARTBEAT {datanodeUUID=340027e2-c19a-4ce0-8fe2-d5928ef30461, command=[]} | ret=SUCCESS |  
2019-08-20 19:17:52,853 | INFO  | SCMAudit | user=jenkins1000 | ip=192.168.69.105 | op=SEND_HEARTBEAT {datanodeUUID=16f059df-d226-4022-8e81-046858cbfecb, command=[]} | ret=SUCCESS |  
2019-08-20 19:17:52,877 | INFO  | SCMAudit | user=jenkins1000 | ip=192.168.69.105 | op=SEND_HEARTBEAT {datanodeUUID=e4f90e61-f3c9-4b9d-bc15-ac0e2b79db86, command=[]} | ret=SUCCESS |  
2019-08-20 19:17:52,887 | INFO  | SCMAudit | user=jenkins1000 | ip=192.168.69.105 | op=SEND_HEARTBEAT {datanodeUUID=91ae5334-971e-44ba-ab57-2ec2dd220942, command=[]} | ret=SUCCESS |  
2019-08-20 19:17:52,948 | INFO  | SCMAudit | user=jenkins1000 | ip=192.168.69.105 | op=SEND_HEARTBEAT {datanodeUUID=4033865b-8d67-417a-8575-039c711fd8ba, command=[]} | ret=SUCCESS |  
2019-08-20 19:17:53,162 | INFO  | SCMAudit | user=jenkins1000 | ip=192.168.69.105 | op=SEND_HEARTBEAT {datanodeUUID=e274e395-c7b6-408d-a6b4-4add6056d6d1, command=[]} | ret=SUCCESS |  
2019-08-20 19:17:53,261 [grpc-default-executor-5] INFO  client.GrpcClientProtocolClient (GrpcClientProtocolClient.java:onNext(255)) - client-8301E8A5B94A->91ae5334-971e-44ba-ab57-2ec2dd220942: receive RaftClientReply:client-8301E8A5B94A->91ae5334-971e-44ba-ab57-2ec2dd220942@group-782B390D3D40, cid=45, FAILED org.apache.ratis.protocol.NotLeaderException: Server 91ae5334-971e-44ba-ab57-2ec2dd220942 is not the leader (16f059df-d226-4022-8e81-046858cbfecb:192.168.69.105:37581). Request must be sent to leader., logIndex=0, commits[91ae5334-971e-44ba-ab57-2ec2dd220942:c8, e4f90e61-f3c9-4b9d-bc15-ac0e2b79db86:c8, 16f059df-d226-4022-8e81-046858cbfecb:c8]
2019-08-20 19:17:53,349 | INFO  | SCMAudit | user=jenkins1000 | ip=192.168.69.105 | op=SEND_HEARTBEAT {datanodeUUID=1df1583d-c3bd-46e3-b5a9-7f01f9158e7c, command=[]} | ret=SUCCESS |  
2019-08-20 19:17:53,601 | INFO  | SCMAudit | user=jenkins1000 | ip=192.168.69.105 | op=SEND_HEARTBEAT {datanodeUUID=340027e2-c19a-4ce0-8fe2-d5928ef30461, command=[]} | ret=SUCCESS |  
2019-08-20 19:17:53,853 | INFO  | SCMAudit | user=jenkins1000 | ip=192.168.69.105 | op=SEND_HEARTBEAT {datanodeUUID=16f059df-d226-4022-8e81-046858cbfecb, command=[]} | ret=SUCCESS |  
2019-08-20 19:17:53,877 | INFO  | SCMAudit | user=jenkins1000 | ip=192.168.69.105 | op=SEND_HEARTBEAT {datanodeUUID=e4f90e61-f3c9-4b9d-bc15-ac0e2b79db86, command=[]} | ret=SUCCESS |  
2019-08-20 19:17:53,887 | INFO  | SCMAudit | user=jenkins1000 | ip=192.168.69.105 | op=SEND_HEARTBEAT {datanodeUUID=91ae5334-971e-44ba-ab57-2ec2dd220942, command=[]} | ret=SUCCESS |  
2019-08-20 19:17:53,948 | INFO  | SCMAudit | user=jenkins1000 | ip=192.168.69.105 | op=SEND_HEARTBEAT {datanodeUUID=4033865b-8d67-417a-8575-039c711fd8ba, command=[]} | ret=SUCCESS |  
2019-08-20 19:17:54,163 | INFO  | SCMAudit | user=jenkins1000 | ip=192.168.69.105 | op=SEND_HEARTBEAT {datanodeUUID=e274e395-c7b6-408d-a6b4-4add6056d6d1, command=[]} | ret=SUCCESS |  
2019-08-20 19:17:54,348 | INFO  | SCMAudit | user=jenkins1000 | ip=192.168.69.105 | op=SEND_HEARTBEAT {datanodeUUID=1df1583d-c3bd-46e3-b5a9-7f01f9158e7c, command=[]} | ret=SUCCESS |  
2019-08-20 19:17:54,601 | INFO  | SCMAudit | user=jenkins1000 | ip=192.168.69.105 | op=SEND_HEARTBEAT {datanodeUUID=340027e2-c19a-4ce0-8fe2-d5928ef30461, command=[]} | ret=SUCCESS |  
2019-08-20 19:17:54,853 | INFO  | SCMAudit | user=jenkins1000 | ip=192.168.69.105 | op=SEND_HEARTBEAT {datanodeUUID=16f059df-d226-4022-8e81-046858cbfecb, command=[]} | ret=SUCCESS |  
2019-08-20 19:17:54,877 | INFO  | SCMAudit | user=jenkins1000 | ip=192.168.69.105 | op=SEND_HEARTBEAT {datanodeUUID=e4f90e61-f3c9-4b9d-bc15-ac0e2b79db86, command=[]} | ret=SUCCESS |  
2019-08-20 19:17:54,887 | INFO  | SCMAudit | user=jenkins1000 | ip=192.168.69.105 | op=SEND_HEARTBEAT {datanodeUUID=91ae5334-971e-44ba-ab57-2ec2dd220942, command=[]} | ret=SUCCESS |  
2019-08-20 19:17:54,950 | INFO  | SCMAudit | user=jenkins1000 | ip=192.168.69.105 | op=SEND_HEARTBEAT {datanodeUUID=4033865b-8d67-417a-8575-039c711fd8ba, command=[]} | ret=SUCCESS |  
2019-08-20 19:17:55,162 | INFO  | SCMAudit | user=jenkins1000 | ip=192.168.69.105 | op=SEND_HEARTBEAT {datanodeUUID=e274e395-c7b6-408d-a6b4-4add6056d6d1, command=[]} | ret=SUCCESS |  
2019-08-20 19:17:55,349 | INFO  | SCMAudit | user=jenkins1000 | ip=192.168.69.105 | op=SEND_HEARTBEAT {datanodeUUID=1df1583d-c3bd-46e3-b5a9-7f01f9158e7c, command=[]} | ret=SUCCESS |  
2019-08-20 19:17:55,601 | INFO  | SCMAudit | user=jenkins1000 | ip=192.168.69.105 | op=SEND_HEARTBEAT {datanodeUUID=340027e2-c19a-4ce0-8fe2-d5928ef30461, command=[]} | ret=SUCCESS |  
2019-08-20 19:17:55,853 | INFO  | SCMAudit | user=jenkins1000 | ip=192.168.69.105 | op=SEND_HEARTBEAT {datanodeUUID=16f059df-d226-4022-8e81-046858cbfecb, command=[]} | ret=SUCCESS |  
2019-08-20 19:17:55,877 | INFO  | SCMAudit | user=jenkins1000 | ip=192.168.69.105 | op=SEND_HEARTBEAT {datanodeUUID=e4f90e61-f3c9-4b9d-bc15-ac0e2b79db86, command=[]} | ret=SUCCESS |  
2019-08-20 19:17:55,887 | INFO  | SCMAudit | user=jenkins1000 | ip=192.168.69.105 | op=SEND_HEARTBEAT {datanodeUUID=91ae5334-971e-44ba-ab57-2ec2dd220942, command=[]} | ret=SUCCESS |  
2019-08-20 19:17:55,950 | INFO  | SCMAudit | user=jenkins1000 | ip=192.168.69.105 | op=SEND_HEARTBEAT {datanodeUUID=4033865b-8d67-417a-8575-039c711fd8ba, command=[]} | ret=SUCCESS |  
2019-08-20 19:17:56,162 | INFO  | SCMAudit | user=jenkins1000 | ip=192.168.69.105 | op=SEND_HEARTBEAT {datanodeUUID=e274e395-c7b6-408d-a6b4-4add6056d6d1, command=[]} | ret=SUCCESS |  
2019-08-20 19:17:56,348 | INFO  | SCMAudit | user=jenkins1000 | ip=192.168.69.105 | op=SEND_HEARTBEAT {datanodeUUID=1df1583d-c3bd-46e3-b5a9-7f01f9158e7c, command=[]} | ret=SUCCESS |  
2019-08-20 19:17:56,602 | INFO  | SCMAudit | user=jenkins1000 | ip=192.168.69.105 | op=SEND_HEARTBEAT {datanodeUUID=340027e2-c19a-4ce0-8fe2-d5928ef30461, command=[]} | ret=SUCCESS |  
2019-08-20 19:17:56,854 | INFO  | SCMAudit | user=jenkins1000 | ip=192.168.69.105 | op=SEND_HEARTBEAT {datanodeUUID=16f059df-d226-4022-8e81-046858cbfecb, command=[]} | ret=SUCCESS |  
2019-08-20 19:17:56,878 | INFO  | SCMAudit | user=jenkins1000 | ip=192.168.69.105 | op=SEND_HEARTBEAT {datanodeUUID=e4f90e61-f3c9-4b9d-bc15-ac0e2b79db86, command=[]} | ret=SUCCESS |  
2019-08-20 19:17:56,887 | INFO  | SCMAudit | user=jenkins1000 | ip=192.168.69.105 | op=SEND_HEARTBEAT {datanodeUUID=91ae5334-971e-44ba-ab57-2ec2dd220942, command=[]} | ret=SUCCESS |  
2019-08-20 19:17:56,950 | INFO  | SCMAudit | user=jenkins1000 | ip=192.168.69.105 | op=SEND_HEARTBEAT {datanodeUUID=4033865b-8d67-417a-8575-039c711fd8ba, command=[]} | ret=SUCCESS |  
2019-08-20 19:17:57,162 | INFO  | SCMAudit | user=jenkins1000 | ip=192.168.69.105 | op=SEND_HEARTBEAT {datanodeUUID=e274e395-c7b6-408d-a6b4-4add6056d6d1, command=[]} | ret=SUCCESS |  
2019-08-20 19:17:57,348 | INFO  | SCMAudit | user=jenkins1000 | ip=192.168.69.105 | op=SEND_HEARTBEAT {datanodeUUID=1df1583d-c3bd-46e3-b5a9-7f01f9158e7c, command=[]} | ret=SUCCESS |  
2019-08-20 19:17:57,601 | INFO  | SCMAudit | user=jenkins1000 | ip=192.168.69.105 | op=SEND_HEARTBEAT {datanodeUUID=340027e2-c19a-4ce0-8fe2-d5928ef30461, command=[]} | ret=SUCCESS |  
2019-08-20 19:17:57,853 | INFO  | SCMAudit | user=jenkins1000 | ip=192.168.69.105 | op=SEND_HEARTBEAT {datanodeUUID=16f059df-d226-4022-8e81-046858cbfecb, command=[]} | ret=SUCCESS |  
2019-08-20 19:17:57,877 | INFO  | SCMAudit | user=jenkins1000 | ip=192.168.69.105 | op=SEND_HEARTBEAT {datanodeUUID=e4f90e61-f3c9-4b9d-bc15-ac0e2b79db86, command=[]} | ret=SUCCESS |  
2019-08-20 19:17:57,887 | INFO  | SCMAudit | user=jenkins1000 | ip=192.168.69.105 | op=SEND_HEARTBEAT {datanodeUUID=91ae5334-971e-44ba-ab57-2ec2dd220942, command=[]} | ret=SUCCESS |  
2019-08-20 19:17:57,950 | INFO  | SCMAudit | user=jenkins1000 | ip=192.168.69.105 | op=SEND_HEARTBEAT {datanodeUUID=4033865b-8d67-417a-8575-039c711fd8ba, command=[]} | ret=SUCCESS |  
2019-08-20 19:17:58,162 | INFO  | SCMAudit | user=jenkins1000 | ip=192.168.69.105 | op=SEND_HEARTBEAT {datanodeUUID=e274e395-c7b6-408d-a6b4-4add6056d6d1, command=[]} | ret=SUCCESS |  
2019-08-20 19:17:58,299 [grpc-default-executor-4] INFO  client.GrpcClientProtocolClient (GrpcClientProtocolClient.java:onNext(255)) - client-8301E8A5B94A->e4f90e61-f3c9-4b9d-bc15-ac0e2b79db86: receive RaftClientReply:client-8301E8A5B94A->e4f90e61-f3c9-4b9d-bc15-ac0e2b79db86@group-782B390D3D40, cid=45, FAILED org.apache.ratis.protocol.NotLeaderException: Server e4f90e61-f3c9-4b9d-bc15-ac0e2b79db86 is not the leader (16f059df-d226-4022-8e81-046858cbfecb:192.168.69.105:37581). Request must be sent to leader., logIndex=0, commits[e4f90e61-f3c9-4b9d-bc15-ac0e2b79db86:c8, 16f059df-d226-4022-8e81-046858cbfecb:c8, 91ae5334-971e-44ba-ab57-2ec2dd220942:c8]
2019-08-20 19:17:58,348 | INFO  | SCMAudit | user=jenkins1000 | ip=192.168.69.105 | op=SEND_HEARTBEAT {datanodeUUID=1df1583d-c3bd-46e3-b5a9-7f01f9158e7c, command=[]} | ret=SUCCESS |  
2019-08-20 19:17:58,601 | INFO  | SCMAudit | user=jenkins1000 | ip=192.168.69.105 | op=SEND_HEARTBEAT {datanodeUUID=340027e2-c19a-4ce0-8fe2-d5928ef30461, command=[]} | ret=SUCCESS |  
2019-08-20 19:17:58,853 | INFO  | SCMAudit | user=jenkins1000 | ip=192.168.69.105 | op=SEND_HEARTBEAT {datanodeUUID=16f059df-d226-4022-8e81-046858cbfecb, command=[]} | ret=SUCCESS |  
2019-08-20 19:17:58,877 | INFO  | SCMAudit | user=jenkins1000 | ip=192.168.69.105 | op=SEND_HEARTBEAT {datanodeUUID=e4f90e61-f3c9-4b9d-bc15-ac0e2b79db86, command=[]} | ret=SUCCESS |  
2019-08-20 19:17:58,887 | INFO  | SCMAudit | user=jenkins1000 | ip=192.168.69.105 | op=SEND_HEARTBEAT {datanodeUUID=91ae5334-971e-44ba-ab57-2ec2dd220942, command=[]} | ret=SUCCESS |  
2019-08-20 19:17:58,950 | INFO  | SCMAudit | user=jenkins1000 | ip=192.168.69.105 | op=SEND_HEARTBEAT {datanodeUUID=4033865b-8d67-417a-8575-039c711fd8ba, command=[]} | ret=SUCCESS |  
2019-08-20 19:17:59,163 | INFO  | SCMAudit | user=jenkins1000 | ip=192.168.69.105 | op=SEND_HEARTBEAT {datanodeUUID=e274e395-c7b6-408d-a6b4-4add6056d6d1, command=[]} | ret=SUCCESS |  
2019-08-20 19:17:59,349 | INFO  | SCMAudit | user=jenkins1000 | ip=192.168.69.105 | op=SEND_HEARTBEAT {datanodeUUID=1df1583d-c3bd-46e3-b5a9-7f01f9158e7c, command=[]} | ret=SUCCESS |  
2019-08-20 19:17:59,601 | INFO  | SCMAudit | user=jenkins1000 | ip=192.168.69.105 | op=SEND_HEARTBEAT {datanodeUUID=340027e2-c19a-4ce0-8fe2-d5928ef30461, command=[]} | ret=SUCCESS |  
2019-08-20 19:17:59,853 | INFO  | SCMAudit | user=jenkins1000 | ip=192.168.69.105 | op=SEND_HEARTBEAT {datanodeUUID=16f059df-d226-4022-8e81-046858cbfecb, command=[]} | ret=SUCCESS |  
2019-08-20 19:17:59,878 | INFO  | SCMAudit | user=jenkins1000 | ip=192.168.69.105 | op=SEND_HEARTBEAT {datanodeUUID=e4f90e61-f3c9-4b9d-bc15-ac0e2b79db86, command=[]} | ret=SUCCESS |  
2019-08-20 19:17:59,887 | INFO  | SCMAudit | user=jenkins1000 | ip=192.168.69.105 | op=SEND_HEARTBEAT {datanodeUUID=91ae5334-971e-44ba-ab57-2ec2dd220942, command=[]} | ret=SUCCESS |  
2019-08-20 19:17:59,950 | INFO  | SCMAudit | user=jenkins1000 | ip=192.168.69.105 | op=SEND_HEARTBEAT {datanodeUUID=4033865b-8d67-417a-8575-039c711fd8ba, command=[]} | ret=SUCCESS |  
2019-08-20 19:18:00,162 | INFO  | SCMAudit | user=jenkins1000 | ip=192.168.69.105 | op=SEND_HEARTBEAT {datanodeUUID=e274e395-c7b6-408d-a6b4-4add6056d6d1, command=[]} | ret=SUCCESS |  
2019-08-20 19:18:00,350 | INFO  | SCMAudit | user=jenkins1000 | ip=192.168.69.105 | op=SEND_HEARTBEAT {datanodeUUID=1df1583d-c3bd-46e3-b5a9-7f01f9158e7c, command=[]} | ret=SUCCESS |  
2019-08-20 19:18:00,602 | INFO  | SCMAudit | user=jenkins1000 | ip=192.168.69.105 | op=SEND_HEARTBEAT {datanodeUUID=340027e2-c19a-4ce0-8fe2-d5928ef30461, command=[]} | ret=SUCCESS |  
2019-08-20 19:18:00,853 | INFO  | SCMAudit | user=jenkins1000 | ip=192.168.69.105 | op=SEND_HEARTBEAT {datanodeUUID=16f059df-d226-4022-8e81-046858cbfecb, command=[]} | ret=SUCCESS |  
2019-08-20 19:18:00,878 | INFO  | SCMAudit | user=jenkins1000 | ip=192.168.69.105 | op=SEND_HEARTBEAT {datanodeUUID=e4f90e61-f3c9-4b9d-bc15-ac0e2b79db86, command=[]} | ret=SUCCESS |  
2019-08-20 19:18:00,887 | INFO  | SCMAudit | user=jenkins1000 | ip=192.168.69.105 | op=SEND_HEARTBEAT {datanodeUUID=91ae5334-971e-44ba-ab57-2ec2dd220942, command=[]} | ret=SUCCESS |  
2019-08-20 19:18:00,950 | INFO  | SCMAudit | user=jenkins1000 | ip=192.168.69.105 | op=SEND_HEARTBEAT {datanodeUUID=4033865b-8d67-417a-8575-039c711fd8ba, command=[]} | ret=SUCCESS |  
2019-08-20 19:18:01,162 | INFO  | SCMAudit | user=jenkins1000 | ip=192.168.69.105 | op=SEND_HEARTBEAT {datanodeUUID=e274e395-c7b6-408d-a6b4-4add6056d6d1, command=[]} | ret=SUCCESS |  
2019-08-20 19:18:01,349 | INFO  | SCMAudit | user=jenkins1000 | ip=192.168.69.105 | op=SEND_HEARTBEAT {datanodeUUID=1df1583d-c3bd-46e3-b5a9-7f01f9158e7c, command=[]} | ret=SUCCESS |  
2019-08-20 19:18:01,602 | INFO  | SCMAudit | user=jenkins1000 | ip=192.168.69.105 | op=SEND_HEARTBEAT {datanodeUUID=340027e2-c19a-4ce0-8fe2-d5928ef30461, command=[]} | ret=SUCCESS |  
2019-08-20 19:18:01,853 | INFO  | SCMAudit | user=jenkins1000 | ip=192.168.69.105 | op=SEND_HEARTBEAT {datanodeUUID=16f059df-d226-4022-8e81-046858cbfecb, command=[]} | ret=SUCCESS |  
2019-08-20 19:18:01,878 | INFO  | SCMAudit | user=jenkins1000 | ip=192.168.69.105 | op=SEND_HEARTBEAT {datanodeUUID=e4f90e61-f3c9-4b9d-bc15-ac0e2b79db86, command=[]} | ret=SUCCESS |  
2019-08-20 19:18:01,887 | INFO  | SCMAudit | user=jenkins1000 | ip=192.168.69.105 | op=SEND_HEARTBEAT {datanodeUUID=91ae5334-971e-44ba-ab57-2ec2dd220942, command=[]} | ret=SUCCESS |  
2019-08-20 19:18:01,950 | INFO  | SCMAudit | user=jenkins1000 | ip=192.168.69.105 | op=SEND_HEARTBEAT {datanodeUUID=4033865b-8d67-417a-8575-039c711fd8ba, command=[]} | ret=SUCCESS |  
2019-08-20 19:18:02,162 | INFO  | SCMAudit | user=jenkins1000 | ip=192.168.69.105 | op=SEND_HEARTBEAT {datanodeUUID=e274e395-c7b6-408d-a6b4-4add6056d6d1, command=[]} | ret=SUCCESS |  
2019-08-20 19:18:02,349 | INFO  | SCMAudit | user=jenkins1000 | ip=192.168.69.105 | op=SEND_HEARTBEAT {datanodeUUID=1df1583d-c3bd-46e3-b5a9-7f01f9158e7c, command=[]} | ret=SUCCESS |  
2019-08-20 19:18:02,602 | INFO  | SCMAudit | user=jenkins1000 | ip=192.168.69.105 | op=SEND_HEARTBEAT {datanodeUUID=340027e2-c19a-4ce0-8fe2-d5928ef30461, command=[]} | ret=SUCCESS |  
2019-08-20 19:18:02,853 | INFO  | SCMAudit | user=jenkins1000 | ip=192.168.69.105 | op=SEND_HEARTBEAT {datanodeUUID=16f059df-d226-4022-8e81-046858cbfecb, command=[]} | ret=SUCCESS |  
2019-08-20 19:18:02,879 | INFO  | SCMAudit | user=jenkins1000 | ip=192.168.69.105 | op=SEND_HEARTBEAT {datanodeUUID=e4f90e61-f3c9-4b9d-bc15-ac0e2b79db86, command=[]} | ret=SUCCESS |  
2019-08-20 19:18:02,887 | INFO  | SCMAudit | user=jenkins1000 | ip=192.168.69.105 | op=SEND_HEARTBEAT {datanodeUUID=91ae5334-971e-44ba-ab57-2ec2dd220942, command=[]} | ret=SUCCESS |  
2019-08-20 19:18:02,950 | INFO  | SCMAudit | user=jenkins1000 | ip=192.168.69.105 | op=SEND_HEARTBEAT {datanodeUUID=4033865b-8d67-417a-8575-039c711fd8ba, command=[]} | ret=SUCCESS |  
2019-08-20 19:18:03,163 | INFO  | SCMAudit | user=jenkins1000 | ip=192.168.69.105 | op=SEND_HEARTBEAT {datanodeUUID=e274e395-c7b6-408d-a6b4-4add6056d6d1, command=[]} | ret=SUCCESS |  
2019-08-20 19:18:03,349 | INFO  | SCMAudit | user=jenkins1000 | ip=192.168.69.105 | op=SEND_HEARTBEAT {datanodeUUID=1df1583d-c3bd-46e3-b5a9-7f01f9158e7c, command=[]} | ret=SUCCESS |  
2019-08-20 19:18:03,360 [grpc-default-executor-5] INFO  client.GrpcClientProtocolClient (GrpcClientProtocolClient.java:onNext(255)) - client-8301E8A5B94A->91ae5334-971e-44ba-ab57-2ec2dd220942: receive RaftClientReply:client-8301E8A5B94A->91ae5334-971e-44ba-ab57-2ec2dd220942@group-782B390D3D40, cid=45, FAILED org.apache.ratis.protocol.NotLeaderException: Server 91ae5334-971e-44ba-ab57-2ec2dd220942 is not the leader (16f059df-d226-4022-8e81-046858cbfecb:192.168.69.105:37581). Request must be sent to leader., logIndex=0, commits[91ae5334-971e-44ba-ab57-2ec2dd220942:c8, e4f90e61-f3c9-4b9d-bc15-ac0e2b79db86:c8, 16f059df-d226-4022-8e81-046858cbfecb:c8]
2019-08-20 19:18:03,602 | INFO  | SCMAudit | user=jenkins1000 | ip=192.168.69.105 | op=SEND_HEARTBEAT {datanodeUUID=340027e2-c19a-4ce0-8fe2-d5928ef30461, command=[]} | ret=SUCCESS |  
2019-08-20 19:18:03,854 | INFO  | SCMAudit | user=jenkins1000 | ip=192.168.69.105 | op=SEND_HEARTBEAT {datanodeUUID=16f059df-d226-4022-8e81-046858cbfecb, command=[]} | ret=SUCCESS |  
2019-08-20 19:18:03,878 | INFO  | SCMAudit | user=jenkins1000 | ip=192.168.69.105 | op=SEND_HEARTBEAT {datanodeUUID=e4f90e61-f3c9-4b9d-bc15-ac0e2b79db86, command=[]} | ret=SUCCESS |  
2019-08-20 19:18:03,887 | INFO  | SCMAudit | user=jenkins1000 | ip=192.168.69.105 | op=SEND_HEARTBEAT {datanodeUUID=91ae5334-971e-44ba-ab57-2ec2dd220942, command=[]} | ret=SUCCESS |  
2019-08-20 19:18:03,950 | INFO  | SCMAudit | user=jenkins1000 | ip=192.168.69.105 | op=SEND_HEARTBEAT {datanodeUUID=4033865b-8d67-417a-8575-039c711fd8ba, command=[]} | ret=SUCCESS |  
2019-08-20 19:18:04,162 | INFO  | SCMAudit | user=jenkins1000 | ip=192.168.69.105 | op=SEND_HEARTBEAT {datanodeUUID=e274e395-c7b6-408d-a6b4-4add6056d6d1, command=[]} | ret=SUCCESS |  
2019-08-20 19:18:04,349 | INFO  | SCMAudit | user=jenkins1000 | ip=192.168.69.105 | op=SEND_HEARTBEAT {datanodeUUID=1df1583d-c3bd-46e3-b5a9-7f01f9158e7c, command=[]} | ret=SUCCESS |  
2019-08-20 19:18:04,602 | INFO  | SCMAudit | user=jenkins1000 | ip=192.168.69.105 | op=SEND_HEARTBEAT {datanodeUUID=340027e2-c19a-4ce0-8fe2-d5928ef30461, command=[]} | ret=SUCCESS |  
2019-08-20 19:18:04,854 | INFO  | SCMAudit | user=jenkins1000 | ip=192.168.69.105 | op=SEND_HEARTBEAT {datanodeUUID=16f059df-d226-4022-8e81-046858cbfecb, command=[]} | ret=SUCCESS |  
2019-08-20 19:18:04,878 | INFO  | SCMAudit | user=jenkins1000 | ip=192.168.69.105 | op=SEND_HEARTBEAT {datanodeUUID=e4f90e61-f3c9-4b9d-bc15-ac0e2b79db86, command=[]} | ret=SUCCESS |  
2019-08-20 19:18:04,887 | INFO  | SCMAudit | user=jenkins1000 | ip=192.168.69.105 | op=SEND_HEARTBEAT {datanodeUUID=91ae5334-971e-44ba-ab57-2ec2dd220942, command=[]} | ret=SUCCESS |  
2019-08-20 19:18:04,950 | INFO  | SCMAudit | user=jenkins1000 | ip=192.168.69.105 | op=SEND_HEARTBEAT {datanodeUUID=4033865b-8d67-417a-8575-039c711fd8ba, command=[]} | ret=SUCCESS |  
2019-08-20 19:18:05,162 | INFO  | SCMAudit | user=jenkins1000 | ip=192.168.69.105 | op=SEND_HEARTBEAT {datanodeUUID=e274e395-c7b6-408d-a6b4-4add6056d6d1, command=[]} | ret=SUCCESS |  
2019-08-20 19:18:05,349 | INFO  | SCMAudit | user=jenkins1000 | ip=192.168.69.105 | op=SEND_HEARTBEAT {datanodeUUID=1df1583d-c3bd-46e3-b5a9-7f01f9158e7c, command=[]} | ret=SUCCESS |  
2019-08-20 19:18:05,603 | INFO  | SCMAudit | user=jenkins1000 | ip=192.168.69.105 | op=SEND_HEARTBEAT {datanodeUUID=340027e2-c19a-4ce0-8fe2-d5928ef30461, command=[]} | ret=SUCCESS |  
2019-08-20 19:18:05,854 | INFO  | SCMAudit | user=jenkins1000 | ip=192.168.69.105 | op=SEND_HEARTBEAT {datanodeUUID=16f059df-d226-4022-8e81-046858cbfecb, command=[]} | ret=SUCCESS |  
2019-08-20 19:18:05,878 | INFO  | SCMAudit | user=jenkins1000 | ip=192.168.69.105 | op=SEND_HEARTBEAT {datanodeUUID=e4f90e61-f3c9-4b9d-bc15-ac0e2b79db86, command=[]} | ret=SUCCESS |  
2019-08-20 19:18:05,887 | INFO  | SCMAudit | user=jenkins1000 | ip=192.168.69.105 | op=SEND_HEARTBEAT {datanodeUUID=91ae5334-971e-44ba-ab57-2ec2dd220942, command=[]} | ret=SUCCESS |  
2019-08-20 19:18:05,950 | INFO  | SCMAudit | user=jenkins1000 | ip=192.168.69.105 | op=SEND_HEARTBEAT {datanodeUUID=4033865b-8d67-417a-8575-039c711fd8ba, command=[]} | ret=SUCCESS |  
2019-08-20 19:18:06,162 | INFO  | SCMAudit | user=jenkins1000 | ip=192.168.69.105 | op=SEND_HEARTBEAT {datanodeUUID=e274e395-c7b6-408d-a6b4-4add6056d6d1, command=[]} | ret=SUCCESS |  
2019-08-20 19:18:06,349 | INFO  | SCMAudit | user=jenkins1000 | ip=192.168.69.105 | op=SEND_HEARTBEAT {datanodeUUID=1df1583d-c3bd-46e3-b5a9-7f01f9158e7c, command=[]} | ret=SUCCESS |  
2019-08-20 19:18:06,603 | INFO  | SCMAudit | user=jenkins1000 | ip=192.168.69.105 | op=SEND_HEARTBEAT {datanodeUUID=340027e2-c19a-4ce0-8fe2-d5928ef30461, command=[]} | ret=SUCCESS |  
2019-08-20 19:18:06,854 | INFO  | SCMAudit | user=jenkins1000 | ip=192.168.69.105 | op=SEND_HEARTBEAT {datanodeUUID=16f059df-d226-4022-8e81-046858cbfecb, command=[]} | ret=SUCCESS |  
2019-08-20 19:18:06,878 | INFO  | SCMAudit | user=jenkins1000 | ip=192.168.69.105 | op=SEND_HEARTBEAT {datanodeUUID=e4f90e61-f3c9-4b9d-bc15-ac0e2b79db86, command=[]} | ret=SUCCESS |  
2019-08-20 19:18:06,887 | INFO  | SCMAudit | user=jenkins1000 | ip=192.168.69.105 | op=SEND_HEARTBEAT {datanodeUUID=91ae5334-971e-44ba-ab57-2ec2dd220942, command=[]} | ret=SUCCESS |  
2019-08-20 19:18:06,950 | INFO  | SCMAudit | user=jenkins1000 | ip=192.168.69.105 | op=SEND_HEARTBEAT {datanodeUUID=4033865b-8d67-417a-8575-039c711fd8ba, command=[]} | ret=SUCCESS |  
2019-08-20 19:18:07,162 | INFO  | SCMAudit | user=jenkins1000 | ip=192.168.69.105 | op=SEND_HEARTBEAT {datanodeUUID=e274e395-c7b6-408d-a6b4-4add6056d6d1, command=[]} | ret=SUCCESS |  
2019-08-20 19:18:07,350 | INFO  | SCMAudit | user=jenkins1000 | ip=192.168.69.105 | op=SEND_HEARTBEAT {datanodeUUID=1df1583d-c3bd-46e3-b5a9-7f01f9158e7c, command=[]} | ret=SUCCESS |  
2019-08-20 19:18:07,603 | INFO  | SCMAudit | user=jenkins1000 | ip=192.168.69.105 | op=SEND_HEARTBEAT {datanodeUUID=340027e2-c19a-4ce0-8fe2-d5928ef30461, command=[]} | ret=SUCCESS |  
2019-08-20 19:18:07,854 | INFO  | SCMAudit | user=jenkins1000 | ip=192.168.69.105 | op=SEND_HEARTBEAT {datanodeUUID=16f059df-d226-4022-8e81-046858cbfecb, command=[]} | ret=SUCCESS |  
2019-08-20 19:18:07,878 | INFO  | SCMAudit | user=jenkins1000 | ip=192.168.69.105 | op=SEND_HEARTBEAT {datanodeUUID=e4f90e61-f3c9-4b9d-bc15-ac0e2b79db86, command=[]} | ret=SUCCESS |  
2019-08-20 19:18:07,887 | INFO  | SCMAudit | user=jenkins1000 | ip=192.168.69.105 | op=SEND_HEARTBEAT {datanodeUUID=91ae5334-971e-44ba-ab57-2ec2dd220942, command=[]} | ret=SUCCESS |  
2019-08-20 19:18:07,950 | INFO  | SCMAudit | user=jenkins1000 | ip=192.168.69.105 | op=SEND_HEARTBEAT {datanodeUUID=4033865b-8d67-417a-8575-039c711fd8ba, command=[]} | ret=SUCCESS |  
2019-08-20 19:18:08,162 | INFO  | SCMAudit | user=jenkins1000 | ip=192.168.69.105 | op=SEND_HEARTBEAT {datanodeUUID=e274e395-c7b6-408d-a6b4-4add6056d6d1, command=[]} | ret=SUCCESS |  
2019-08-20 19:18:08,350 | INFO  | SCMAudit | user=jenkins1000 | ip=192.168.69.105 | op=SEND_HEARTBEAT {datanodeUUID=1df1583d-c3bd-46e3-b5a9-7f01f9158e7c, command=[]} | ret=SUCCESS |  
2019-08-20 19:18:08,398 [grpc-default-executor-5] INFO  client.GrpcClientProtocolClient (GrpcClientProtocolClient.java:onNext(255)) - client-8301E8A5B94A->e4f90e61-f3c9-4b9d-bc15-ac0e2b79db86: receive RaftClientReply:client-8301E8A5B94A->e4f90e61-f3c9-4b9d-bc15-ac0e2b79db86@group-782B390D3D40, cid=45, FAILED org.apache.ratis.protocol.NotLeaderException: Server e4f90e61-f3c9-4b9d-bc15-ac0e2b79db86 is not the leader (16f059df-d226-4022-8e81-046858cbfecb:192.168.69.105:37581). Request must be sent to leader., logIndex=0, commits[e4f90e61-f3c9-4b9d-bc15-ac0e2b79db86:c8, 16f059df-d226-4022-8e81-046858cbfecb:c8, 91ae5334-971e-44ba-ab57-2ec2dd220942:c8]
2019-08-20 19:18:08,603 | INFO  | SCMAudit | user=jenkins1000 | ip=192.168.69.105 | op=SEND_HEARTBEAT {datanodeUUID=340027e2-c19a-4ce0-8fe2-d5928ef30461, command=[]} | ret=SUCCESS |  
2019-08-20 19:18:08,855 | INFO  | SCMAudit | user=jenkins1000 | ip=192.168.69.105 | op=SEND_HEARTBEAT {datanodeUUID=16f059df-d226-4022-8e81-046858cbfecb, command=[]} | ret=SUCCESS |  
2019-08-20 19:18:08,878 | INFO  | SCMAudit | user=jenkins1000 | ip=192.168.69.105 | op=SEND_HEARTBEAT {datanodeUUID=e4f90e61-f3c9-4b9d-bc15-ac0e2b79db86, command=[]} | ret=SUCCESS |  
2019-08-20 19:18:08,887 | INFO  | SCMAudit | user=jenkins1000 | ip=192.168.69.105 | op=SEND_HEARTBEAT {datanodeUUID=91ae5334-971e-44ba-ab57-2ec2dd220942, command=[]} | ret=SUCCESS |  
2019-08-20 19:18:08,950 | INFO  | SCMAudit | user=jenkins1000 | ip=192.168.69.105 | op=SEND_HEARTBEAT {datanodeUUID=4033865b-8d67-417a-8575-039c711fd8ba, command=[]} | ret=SUCCESS |  
2019-08-20 19:18:09,162 | INFO  | SCMAudit | user=jenkins1000 | ip=192.168.69.105 | op=SEND_HEARTBEAT {datanodeUUID=e274e395-c7b6-408d-a6b4-4add6056d6d1, command=[]} | ret=SUCCESS |  
2019-08-20 19:18:09,350 | INFO  | SCMAudit | user=jenkins1000 | ip=192.168.69.105 | op=SEND_HEARTBEAT {datanodeUUID=1df1583d-c3bd-46e3-b5a9-7f01f9158e7c, command=[]} | ret=SUCCESS |  
2019-08-20 19:18:09,604 | INFO  | SCMAudit | user=jenkins1000 | ip=192.168.69.105 | op=SEND_HEARTBEAT {datanodeUUID=340027e2-c19a-4ce0-8fe2-d5928ef30461, command=[]} | ret=SUCCESS |  
2019-08-20 19:18:09,854 | INFO  | SCMAudit | user=jenkins1000 | ip=192.168.69.105 | op=SEND_HEARTBEAT {datanodeUUID=16f059df-d226-4022-8e81-046858cbfecb, command=[]} | ret=SUCCESS |  
2019-08-20 19:18:09,878 | INFO  | SCMAudit | user=jenkins1000 | ip=192.168.69.105 | op=SEND_HEARTBEAT {datanodeUUID=e4f90e61-f3c9-4b9d-bc15-ac0e2b79db86, command=[]} | ret=SUCCESS |  
2019-08-20 19:18:09,887 | INFO  | SCMAudit | user=jenkins1000 | ip=192.168.69.105 | op=SEND_HEARTBEAT {datanodeUUID=91ae5334-971e-44ba-ab57-2ec2dd220942, command=[]} | ret=SUCCESS |  
2019-08-20 19:18:09,950 | INFO  | SCMAudit | user=jenkins1000 | ip=192.168.69.105 | op=SEND_HEARTBEAT {datanodeUUID=4033865b-8d67-417a-8575-039c711fd8ba, command=[]} | ret=SUCCESS |  
2019-08-20 19:18:10,162 | INFO  | SCMAudit | user=jenkins1000 | ip=192.168.69.105 | op=SEND_HEARTBEAT {datanodeUUID=e274e395-c7b6-408d-a6b4-4add6056d6d1, command=[]} | ret=SUCCESS |  
2019-08-20 19:18:10,350 | INFO  | SCMAudit | user=jenkins1000 | ip=192.168.69.105 | op=SEND_HEARTBEAT {datanodeUUID=1df1583d-c3bd-46e3-b5a9-7f01f9158e7c, command=[]} | ret=SUCCESS |  
2019-08-20 19:18:10,603 | INFO  | SCMAudit | user=jenkins1000 | ip=192.168.69.105 | op=SEND_HEARTBEAT {datanodeUUID=340027e2-c19a-4ce0-8fe2-d5928ef30461, command=[]} | ret=SUCCESS |  
2019-08-20 19:18:10,854 | INFO  | SCMAudit | user=jenkins1000 | ip=192.168.69.105 | op=SEND_HEARTBEAT {datanodeUUID=16f059df-d226-4022-8e81-046858cbfecb, command=[]} | ret=SUCCESS |  
2019-08-20 19:18:10,878 | INFO  | SCMAudit | user=jenkins1000 | ip=192.168.69.105 | op=SEND_HEARTBEAT {datanodeUUID=e4f90e61-f3c9-4b9d-bc15-ac0e2b79db86, command=[]} | ret=SUCCESS |  
2019-08-20 19:18:10,887 | INFO  | SCMAudit | user=jenkins1000 | ip=192.168.69.105 | op=SEND_HEARTBEAT {datanodeUUID=91ae5334-971e-44ba-ab57-2ec2dd220942, command=[]} | ret=SUCCESS |  
2019-08-20 19:18:10,951 | INFO  | SCMAudit | user=jenkins1000 | ip=192.168.69.105 | op=SEND_HEARTBEAT {datanodeUUID=4033865b-8d67-417a-8575-039c711fd8ba, command=[]} | ret=SUCCESS |  
2019-08-20 19:18:11,163 | INFO  | SCMAudit | user=jenkins1000 | ip=192.168.69.105 | op=SEND_HEARTBEAT {datanodeUUID=e274e395-c7b6-408d-a6b4-4add6056d6d1, command=[]} | ret=SUCCESS |  
2019-08-20 19:18:11,350 | INFO  | SCMAudit | user=jenkins1000 | ip=192.168.69.105 | op=SEND_HEARTBEAT {datanodeUUID=1df1583d-c3bd-46e3-b5a9-7f01f9158e7c, command=[]} | ret=SUCCESS |  
2019-08-20 19:18:11,603 | INFO  | SCMAudit | user=jenkins1000 | ip=192.168.69.105 | op=SEND_HEARTBEAT {datanodeUUID=340027e2-c19a-4ce0-8fe2-d5928ef30461, command=[]} | ret=SUCCESS |  
2019-08-20 19:18:11,854 | INFO  | SCMAudit | user=jenkins1000 | ip=192.168.69.105 | op=SEND_HEARTBEAT {datanodeUUID=16f059df-d226-4022-8e81-046858cbfecb, command=[]} | ret=SUCCESS |  
2019-08-20 19:18:11,878 | INFO  | SCMAudit | user=jenkins1000 | ip=192.168.69.105 | op=SEND_HEARTBEAT {datanodeUUID=e4f90e61-f3c9-4b9d-bc15-ac0e2b79db86, command=[]} | ret=SUCCESS |  
2019-08-20 19:18:11,888 | INFO  | SCMAudit | user=jenkins1000 | ip=192.168.69.105 | op=SEND_HEARTBEAT {datanodeUUID=91ae5334-971e-44ba-ab57-2ec2dd220942, command=[]} | ret=SUCCESS |  
2019-08-20 19:18:11,952 | INFO  | SCMAudit | user=jenkins1000 | ip=192.168.69.105 | op=SEND_HEARTBEAT {datanodeUUID=4033865b-8d67-417a-8575-039c711fd8ba, command=[]} | ret=SUCCESS |  
2019-08-20 19:18:12,164 | INFO  | SCMAudit | user=jenkins1000 | ip=192.168.69.105 | op=SEND_HEARTBEAT {datanodeUUID=e274e395-c7b6-408d-a6b4-4add6056d6d1, command=[]} | ret=SUCCESS |  
2019-08-20 19:18:12,351 | INFO  | SCMAudit | user=jenkins1000 | ip=192.168.69.105 | op=SEND_HEARTBEAT {datanodeUUID=1df1583d-c3bd-46e3-b5a9-7f01f9158e7c, command=[]} | ret=SUCCESS |  
2019-08-20 19:18:12,603 | INFO  | SCMAudit | user=jenkins1000 | ip=192.168.69.105 | op=SEND_HEARTBEAT {datanodeUUID=340027e2-c19a-4ce0-8fe2-d5928ef30461, command=[]} | ret=SUCCESS |  
2019-08-20 19:18:12,855 | INFO  | SCMAudit | user=jenkins1000 | ip=192.168.69.105 | op=SEND_HEARTBEAT {datanodeUUID=16f059df-d226-4022-8e81-046858cbfecb, command=[]} | ret=SUCCESS |  
2019-08-20 19:18:12,878 | INFO  | SCMAudit | user=jenkins1000 | ip=192.168.69.105 | op=SEND_HEARTBEAT {datanodeUUID=e4f90e61-f3c9-4b9d-bc15-ac0e2b79db86, command=[]} | ret=SUCCESS |  
2019-08-20 19:18:12,888 | INFO  | SCMAudit | user=jenkins1000 | ip=192.168.69.105 | op=SEND_HEARTBEAT {datanodeUUID=91ae5334-971e-44ba-ab57-2ec2dd220942, command=[]} | ret=SUCCESS |  
2019-08-20 19:18:12,953 | INFO  | SCMAudit | user=jenkins1000 | ip=192.168.69.105 | op=SEND_HEARTBEAT {datanodeUUID=4033865b-8d67-417a-8575-039c711fd8ba, command=[]} | ret=SUCCESS |  
2019-08-20 19:18:13,164 | INFO  | SCMAudit | user=jenkins1000 | ip=192.168.69.105 | op=SEND_HEARTBEAT {datanodeUUID=e274e395-c7b6-408d-a6b4-4add6056d6d1, command=[]} | ret=SUCCESS |  
2019-08-20 19:18:13,351 | INFO  | SCMAudit | user=jenkins1000 | ip=192.168.69.105 | op=SEND_HEARTBEAT {datanodeUUID=1df1583d-c3bd-46e3-b5a9-7f01f9158e7c, command=[]} | ret=SUCCESS |  
2019-08-20 19:18:13,430 [grpc-default-executor-5] INFO  client.GrpcClientProtocolClient (GrpcClientProtocolClient.java:onNext(255)) - client-8301E8A5B94A->91ae5334-971e-44ba-ab57-2ec2dd220942: receive RaftClientReply:client-8301E8A5B94A->91ae5334-971e-44ba-ab57-2ec2dd220942@group-782B390D3D40, cid=45, FAILED org.apache.ratis.protocol.NotLeaderException: Server 91ae5334-971e-44ba-ab57-2ec2dd220942 is not the leader (16f059df-d226-4022-8e81-046858cbfecb:192.168.69.105:37581). Request must be sent to leader., logIndex=0, commits[91ae5334-971e-44ba-ab57-2ec2dd220942:c8, e4f90e61-f3c9-4b9d-bc15-ac0e2b79db86:c8, 16f059df-d226-4022-8e81-046858cbfecb:c8]
2019-08-20 19:18:13,604 | INFO  | SCMAudit | user=jenkins1000 | ip=192.168.69.105 | op=SEND_HEARTBEAT {datanodeUUID=340027e2-c19a-4ce0-8fe2-d5928ef30461, command=[]} | ret=SUCCESS |  
2019-08-20 19:18:13,854 | INFO  | SCMAudit | user=jenkins1000 | ip=192.168.69.105 | op=SEND_HEARTBEAT {datanodeUUID=16f059df-d226-4022-8e81-046858cbfecb, command=[]} | ret=SUCCESS |  
2019-08-20 19:18:13,878 | INFO  | SCMAudit | user=jenkins1000 | ip=192.168.69.105 | op=SEND_HEARTBEAT {datanodeUUID=e4f90e61-f3c9-4b9d-bc15-ac0e2b79db86, command=[]} | ret=SUCCESS |  
2019-08-20 19:18:13,888 | INFO  | SCMAudit | user=jenkins1000 | ip=192.168.69.105 | op=SEND_HEARTBEAT {datanodeUUID=91ae5334-971e-44ba-ab57-2ec2dd220942, command=[]} | ret=SUCCESS |  
2019-08-20 19:18:13,953 | INFO  | SCMAudit | user=jenkins1000 | ip=192.168.69.105 | op=SEND_HEARTBEAT {datanodeUUID=4033865b-8d67-417a-8575-039c711fd8ba, command=[]} | ret=SUCCESS |  
2019-08-20 19:18:14,164 | INFO  | SCMAudit | user=jenkins1000 | ip=192.168.69.105 | op=SEND_HEARTBEAT {datanodeUUID=e274e395-c7b6-408d-a6b4-4add6056d6d1, command=[]} | ret=SUCCESS |  
2019-08-20 19:18:14,351 | INFO  | SCMAudit | user=jenkins1000 | ip=192.168.69.105 | op=SEND_HEARTBEAT {datanodeUUID=1df1583d-c3bd-46e3-b5a9-7f01f9158e7c, command=[]} | ret=SUCCESS |  
2019-08-20 19:18:14,603 | INFO  | SCMAudit | user=jenkins1000 | ip=192.168.69.105 | op=SEND_HEARTBEAT {datanodeUUID=340027e2-c19a-4ce0-8fe2-d5928ef30461, command=[]} | ret=SUCCESS |  
2019-08-20 19:18:14,854 | INFO  | SCMAudit | user=jenkins1000 | ip=192.168.69.105 | op=SEND_HEARTBEAT {datanodeUUID=16f059df-d226-4022-8e81-046858cbfecb, command=[]} | ret=SUCCESS |  
2019-08-20 19:18:14,878 | INFO  | SCMAudit | user=jenkins1000 | ip=192.168.69.105 | op=SEND_HEARTBEAT {datanodeUUID=e4f90e61-f3c9-4b9d-bc15-ac0e2b79db86, command=[]} | ret=SUCCESS |  
2019-08-20 19:18:14,888 | INFO  | SCMAudit | user=jenkins1000 | ip=192.168.69.105 | op=SEND_HEARTBEAT {datanodeUUID=91ae5334-971e-44ba-ab57-2ec2dd220942, command=[]} | ret=SUCCESS |  
2019-08-20 19:18:14,954 | INFO  | SCMAudit | user=jenkins1000 | ip=192.168.69.105 | op=SEND_HEARTBEAT {datanodeUUID=4033865b-8d67-417a-8575-039c711fd8ba, command=[]} | ret=SUCCESS |  
2019-08-20 19:18:15,165 | INFO  | SCMAudit | user=jenkins1000 | ip=192.168.69.105 | op=SEND_HEARTBEAT {datanodeUUID=e274e395-c7b6-408d-a6b4-4add6056d6d1, command=[]} | ret=SUCCESS |  
2019-08-20 19:18:15,351 | INFO  | SCMAudit | user=jenkins1000 | ip=192.168.69.105 | op=SEND_HEARTBEAT {datanodeUUID=1df1583d-c3bd-46e3-b5a9-7f01f9158e7c, command=[]} | ret=SUCCESS |  
2019-08-20 19:18:15,603 | INFO  | SCMAudit | user=jenkins1000 | ip=192.168.69.105 | op=SEND_HEARTBEAT {datanodeUUID=340027e2-c19a-4ce0-8fe2-d5928ef30461, command=[]} | ret=SUCCESS |  
2019-08-20 19:18:15,854 | INFO  | SCMAudit | user=jenkins1000 | ip=192.168.69.105 | op=SEND_HEARTBEAT {datanodeUUID=16f059df-d226-4022-8e81-046858cbfecb, command=[]} | ret=SUCCESS |  
2019-08-20 19:18:15,878 | INFO  | SCMAudit | user=jenkins1000 | ip=192.168.69.105 | op=SEND_HEARTBEAT {datanodeUUID=e4f90e61-f3c9-4b9d-bc15-ac0e2b79db86, command=[]} | ret=SUCCESS |  
2019-08-20 19:18:15,888 | INFO  | SCMAudit | user=jenkins1000 | ip=192.168.69.105 | op=SEND_HEARTBEAT {datanodeUUID=91ae5334-971e-44ba-ab57-2ec2dd220942, command=[]} | ret=SUCCESS |  
2019-08-20 19:18:15,954 | INFO  | SCMAudit | user=jenkins1000 | ip=192.168.69.105 | op=SEND_HEARTBEAT {datanodeUUID=4033865b-8d67-417a-8575-039c711fd8ba, command=[]} | ret=SUCCESS |  
2019-08-20 19:18:16,164 | INFO  | SCMAudit | user=jenkins1000 | ip=192.168.69.105 | op=SEND_HEARTBEAT {datanodeUUID=e274e395-c7b6-408d-a6b4-4add6056d6d1, command=[]} | ret=SUCCESS |  
2019-08-20 19:18:16,351 | INFO  | SCMAudit | user=jenkins1000 | ip=192.168.69.105 | op=SEND_HEARTBEAT {datanodeUUID=1df1583d-c3bd-46e3-b5a9-7f01f9158e7c, command=[]} | ret=SUCCESS |  
2019-08-20 19:18:16,603 | INFO  | SCMAudit | user=jenkins1000 | ip=192.168.69.105 | op=SEND_HEARTBEAT {datanodeUUID=340027e2-c19a-4ce0-8fe2-d5928ef30461, command=[]} | ret=SUCCESS |  
2019-08-20 19:18:16,855 | INFO  | SCMAudit | user=jenkins1000 | ip=192.168.69.105 | op=SEND_HEARTBEAT {datanodeUUID=16f059df-d226-4022-8e81-046858cbfecb, command=[]} | ret=SUCCESS |  
2019-08-20 19:18:16,878 | INFO  | SCMAudit | user=jenkins1000 | ip=192.168.69.105 | op=SEND_HEARTBEAT {datanodeUUID=e4f90e61-f3c9-4b9d-bc15-ac0e2b79db86, command=[]} | ret=SUCCESS |  
2019-08-20 19:18:16,888 | INFO  | SCMAudit | user=jenkins1000 | ip=192.168.69.105 | op=SEND_HEARTBEAT {datanodeUUID=91ae5334-971e-44ba-ab57-2ec2dd220942, command=[]} | ret=SUCCESS |  
2019-08-20 19:18:16,954 | INFO  | SCMAudit | user=jenkins1000 | ip=192.168.69.105 | op=SEND_HEARTBEAT {datanodeUUID=4033865b-8d67-417a-8575-039c711fd8ba, command=[]} | ret=SUCCESS |  
2019-08-20 19:18:17,164 | INFO  | SCMAudit | user=jenkins1000 | ip=192.168.69.105 | op=SEND_HEARTBEAT {datanodeUUID=e274e395-c7b6-408d-a6b4-4add6056d6d1, command=[]} | ret=SUCCESS |  
2019-08-20 19:18:17,352 | INFO  | SCMAudit | user=jenkins1000 | ip=192.168.69.105 | op=SEND_HEARTBEAT {datanodeUUID=1df1583d-c3bd-46e3-b5a9-7f01f9158e7c, command=[]} | ret=SUCCESS |  
2019-08-20 19:18:17,604 | INFO  | SCMAudit | user=jenkins1000 | ip=192.168.69.105 | op=SEND_HEARTBEAT {datanodeUUID=340027e2-c19a-4ce0-8fe2-d5928ef30461, command=[]} | ret=SUCCESS |  
2019-08-20 19:18:17,854 | INFO  | SCMAudit | user=jenkins1000 | ip=192.168.69.105 | op=SEND_HEARTBEAT {datanodeUUID=16f059df-d226-4022-8e81-046858cbfecb, command=[]} | ret=SUCCESS |  
2019-08-20 19:18:17,878 | INFO  | SCMAudit | user=jenkins1000 | ip=192.168.69.105 | op=SEND_HEARTBEAT {datanodeUUID=e4f90e61-f3c9-4b9d-bc15-ac0e2b79db86, command=[]} | ret=SUCCESS |  
2019-08-20 19:18:17,888 | INFO  | SCMAudit | user=jenkins1000 | ip=192.168.69.105 | op=SEND_HEARTBEAT {datanodeUUID=91ae5334-971e-44ba-ab57-2ec2dd220942, command=[]} | ret=SUCCESS |  
2019-08-20 19:18:17,954 | INFO  | SCMAudit | user=jenkins1000 | ip=192.168.69.105 | op=SEND_HEARTBEAT {datanodeUUID=4033865b-8d67-417a-8575-039c711fd8ba, command=[]} | ret=SUCCESS |  
2019-08-20 19:18:18,164 | INFO  | SCMAudit | user=jenkins1000 | ip=192.168.69.105 | op=SEND_HEARTBEAT {datanodeUUID=e274e395-c7b6-408d-a6b4-4add6056d6d1, command=[]} | ret=SUCCESS |  
2019-08-20 19:18:18,353 | INFO  | SCMAudit | user=jenkins1000 | ip=192.168.69.105 | op=SEND_HEARTBEAT {datanodeUUID=1df1583d-c3bd-46e3-b5a9-7f01f9158e7c, command=[]} | ret=SUCCESS |  
2019-08-20 19:18:18,464 [grpc-default-executor-4] INFO  client.GrpcClientProtocolClient (GrpcClientProtocolClient.java:onNext(255)) - client-8301E8A5B94A->91ae5334-971e-44ba-ab57-2ec2dd220942: receive RaftClientReply:client-8301E8A5B94A->91ae5334-971e-44ba-ab57-2ec2dd220942@group-782B390D3D40, cid=45, FAILED org.apache.ratis.protocol.NotLeaderException: Server 91ae5334-971e-44ba-ab57-2ec2dd220942 is not the leader (16f059df-d226-4022-8e81-046858cbfecb:192.168.69.105:37581). Request must be sent to leader., logIndex=0, commits[91ae5334-971e-44ba-ab57-2ec2dd220942:c8, e4f90e61-f3c9-4b9d-bc15-ac0e2b79db86:c8, 16f059df-d226-4022-8e81-046858cbfecb:c8]
2019-08-20 19:18:18,604 | INFO  | SCMAudit | user=jenkins1000 | ip=192.168.69.105 | op=SEND_HEARTBEAT {datanodeUUID=340027e2-c19a-4ce0-8fe2-d5928ef30461, command=[]} | ret=SUCCESS |  
2019-08-20 19:18:18,854 | INFO  | SCMAudit | user=jenkins1000 | ip=192.168.69.105 | op=SEND_HEARTBEAT {datanodeUUID=16f059df-d226-4022-8e81-046858cbfecb, command=[]} | ret=SUCCESS |  
2019-08-20 19:18:18,878 | INFO  | SCMAudit | user=jenkins1000 | ip=192.168.69.105 | op=SEND_HEARTBEAT {datanodeUUID=e4f90e61-f3c9-4b9d-bc15-ac0e2b79db86, command=[]} | ret=SUCCESS |  
2019-08-20 19:18:18,888 | INFO  | SCMAudit | user=jenkins1000 | ip=192.168.69.105 | op=SEND_HEARTBEAT {datanodeUUID=91ae5334-971e-44ba-ab57-2ec2dd220942, command=[]} | ret=SUCCESS |  
2019-08-20 19:18:18,954 | INFO  | SCMAudit | user=jenkins1000 | ip=192.168.69.105 | op=SEND_HEARTBEAT {datanodeUUID=4033865b-8d67-417a-8575-039c711fd8ba, command=[]} | ret=SUCCESS |  
2019-08-20 19:18:19,165 | INFO  | SCMAudit | user=jenkins1000 | ip=192.168.69.105 | op=SEND_HEARTBEAT {datanodeUUID=e274e395-c7b6-408d-a6b4-4add6056d6d1, command=[]} | ret=SUCCESS |  
2019-08-20 19:18:19,353 | INFO  | SCMAudit | user=jenkins1000 | ip=192.168.69.105 | op=SEND_HEARTBEAT {datanodeUUID=1df1583d-c3bd-46e3-b5a9-7f01f9158e7c, command=[]} | ret=SUCCESS |  
2019-08-20 19:18:19,605 | INFO  | SCMAudit | user=jenkins1000 | ip=192.168.69.105 | op=SEND_HEARTBEAT {datanodeUUID=340027e2-c19a-4ce0-8fe2-d5928ef30461, command=[]} | ret=SUCCESS |  
2019-08-20 19:18:19,855 | INFO  | SCMAudit | user=jenkins1000 | ip=192.168.69.105 | op=SEND_HEARTBEAT {datanodeUUID=16f059df-d226-4022-8e81-046858cbfecb, command=[]} | ret=SUCCESS |  
2019-08-20 19:18:19,878 | INFO  | SCMAudit | user=jenkins1000 | ip=192.168.69.105 | op=SEND_HEARTBEAT {datanodeUUID=e4f90e61-f3c9-4b9d-bc15-ac0e2b79db86, command=[]} | ret=SUCCESS |  
2019-08-20 19:18:19,888 | INFO  | SCMAudit | user=jenkins1000 | ip=192.168.69.105 | op=SEND_HEARTBEAT {datanodeUUID=91ae5334-971e-44ba-ab57-2ec2dd220942, command=[]} | ret=SUCCESS |  
2019-08-20 19:18:19,954 | INFO  | SCMAudit | user=jenkins1000 | ip=192.168.69.105 | op=SEND_HEARTBEAT {datanodeUUID=4033865b-8d67-417a-8575-039c711fd8ba, command=[]} | ret=SUCCESS |  
2019-08-20 19:18:20,165 | INFO  | SCMAudit | user=jenkins1000 | ip=192.168.69.105 | op=SEND_HEARTBEAT {datanodeUUID=e274e395-c7b6-408d-a6b4-4add6056d6d1, command=[]} | ret=SUCCESS |  
2019-08-20 19:18:20,353 | INFO  | SCMAudit | user=jenkins1000 | ip=192.168.69.105 | op=SEND_HEARTBEAT {datanodeUUID=1df1583d-c3bd-46e3-b5a9-7f01f9158e7c, command=[]} | ret=SUCCESS |  
2019-08-20 19:18:20,605 | INFO  | SCMAudit | user=jenkins1000 | ip=192.168.69.105 | op=SEND_HEARTBEAT {datanodeUUID=340027e2-c19a-4ce0-8fe2-d5928ef30461, command=[]} | ret=SUCCESS |  
2019-08-20 19:18:20,854 | INFO  | SCMAudit | user=jenkins1000 | ip=192.168.69.105 | op=SEND_HEARTBEAT {datanodeUUID=16f059df-d226-4022-8e81-046858cbfecb, command=[]} | ret=SUCCESS |  
2019-08-20 19:18:20,878 | INFO  | SCMAudit | user=jenkins1000 | ip=192.168.69.105 | op=SEND_HEARTBEAT {datanodeUUID=e4f90e61-f3c9-4b9d-bc15-ac0e2b79db86, command=[]} | ret=SUCCESS |  
2019-08-20 19:18:20,888 | INFO  | SCMAudit | user=jenkins1000 | ip=192.168.69.105 | op=SEND_HEARTBEAT {datanodeUUID=91ae5334-971e-44ba-ab57-2ec2dd220942, command=[]} | ret=SUCCESS |  
2019-08-20 19:18:20,954 | INFO  | SCMAudit | user=jenkins1000 | ip=192.168.69.105 | op=SEND_HEARTBEAT {datanodeUUID=4033865b-8d67-417a-8575-039c711fd8ba, command=[]} | ret=SUCCESS |  
2019-08-20 19:18:21,166 | INFO  | SCMAudit | user=jenkins1000 | ip=192.168.69.105 | op=SEND_HEARTBEAT {datanodeUUID=e274e395-c7b6-408d-a6b4-4add6056d6d1, command=[]} | ret=SUCCESS |  
2019-08-20 19:18:21,354 | INFO  | SCMAudit | user=jenkins1000 | ip=192.168.69.105 | op=SEND_HEARTBEAT {datanodeUUID=1df1583d-c3bd-46e3-b5a9-7f01f9158e7c, command=[]} | ret=SUCCESS |  
2019-08-20 19:18:21,605 | INFO  | SCMAudit | user=jenkins1000 | ip=192.168.69.105 | op=SEND_HEARTBEAT {datanodeUUID=340027e2-c19a-4ce0-8fe2-d5928ef30461, command=[]} | ret=SUCCESS |  
2019-08-20 19:18:21,854 | INFO  | SCMAudit | user=jenkins1000 | ip=192.168.69.105 | op=SEND_HEARTBEAT {datanodeUUID=16f059df-d226-4022-8e81-046858cbfecb, command=[]} | ret=SUCCESS |  
2019-08-20 19:18:21,879 | INFO  | SCMAudit | user=jenkins1000 | ip=192.168.69.105 | op=SEND_HEARTBEAT {datanodeUUID=e4f90e61-f3c9-4b9d-bc15-ac0e2b79db86, command=[]} | ret=SUCCESS |  
2019-08-20 19:18:21,888 | INFO  | SCMAudit | user=jenkins1000 | ip=192.168.69.105 | op=SEND_HEARTBEAT {datanodeUUID=91ae5334-971e-44ba-ab57-2ec2dd220942, command=[]} | ret=SUCCESS |  
2019-08-20 19:18:21,955 | INFO  | SCMAudit | user=jenkins1000 | ip=192.168.69.105 | op=SEND_HEARTBEAT {datanodeUUID=4033865b-8d67-417a-8575-039c711fd8ba, command=[]} | ret=SUCCESS |  
2019-08-20 19:18:22,165 | INFO  | SCMAudit | user=jenkins1000 | ip=192.168.69.105 | op=SEND_HEARTBEAT {datanodeUUID=e274e395-c7b6-408d-a6b4-4add6056d6d1, command=[]} | ret=SUCCESS |  
2019-08-20 19:18:22,353 | INFO  | SCMAudit | user=jenkins1000 | ip=192.168.69.105 | op=SEND_HEARTBEAT {datanodeUUID=1df1583d-c3bd-46e3-b5a9-7f01f9158e7c, command=[]} | ret=SUCCESS |  
2019-08-20 19:18:22,605 | INFO  | SCMAudit | user=jenkins1000 | ip=192.168.69.105 | op=SEND_HEARTBEAT {datanodeUUID=340027e2-c19a-4ce0-8fe2-d5928ef30461, command=[]} | ret=SUCCESS |  
2019-08-20 19:18:22,854 | INFO  | SCMAudit | user=jenkins1000 | ip=192.168.69.105 | op=SEND_HEARTBEAT {datanodeUUID=16f059df-d226-4022-8e81-046858cbfecb, command=[]} | ret=SUCCESS |  
2019-08-20 19:18:22,878 | INFO  | SCMAudit | user=jenkins1000 | ip=192.168.69.105 | op=SEND_HEARTBEAT {datanodeUUID=e4f90e61-f3c9-4b9d-bc15-ac0e2b79db86, command=[]} | ret=SUCCESS |  
2019-08-20 19:18:22,888 | INFO  | SCMAudit | user=jenkins1000 | ip=192.168.69.105 | op=SEND_HEARTBEAT {datanodeUUID=91ae5334-971e-44ba-ab57-2ec2dd220942, command=[]} | ret=SUCCESS |  
2019-08-20 19:18:22,954 | INFO  | SCMAudit | user=jenkins1000 | ip=192.168.69.105 | op=SEND_HEARTBEAT {datanodeUUID=4033865b-8d67-417a-8575-039c711fd8ba, command=[]} | ret=SUCCESS |  
2019-08-20 19:18:23,165 | INFO  | SCMAudit | user=jenkins1000 | ip=192.168.69.105 | op=SEND_HEARTBEAT {datanodeUUID=e274e395-c7b6-408d-a6b4-4add6056d6d1, command=[]} | ret=SUCCESS |  
2019-08-20 19:18:23,353 | INFO  | SCMAudit | user=jenkins1000 | ip=192.168.69.105 | op=SEND_HEARTBEAT {datanodeUUID=1df1583d-c3bd-46e3-b5a9-7f01f9158e7c, command=[]} | ret=SUCCESS |  
2019-08-20 19:18:23,495 [grpc-default-executor-5] INFO  client.GrpcClientProtocolClient (GrpcClientProtocolClient.java:onNext(255)) - client-8301E8A5B94A->e4f90e61-f3c9-4b9d-bc15-ac0e2b79db86: receive RaftClientReply:client-8301E8A5B94A->e4f90e61-f3c9-4b9d-bc15-ac0e2b79db86@group-782B390D3D40, cid=45, FAILED org.apache.ratis.protocol.NotLeaderException: Server e4f90e61-f3c9-4b9d-bc15-ac0e2b79db86 is not the leader (16f059df-d226-4022-8e81-046858cbfecb:192.168.69.105:37581). Request must be sent to leader., logIndex=0, commits[e4f90e61-f3c9-4b9d-bc15-ac0e2b79db86:c8, 16f059df-d226-4022-8e81-046858cbfecb:c8, 91ae5334-971e-44ba-ab57-2ec2dd220942:c8]
2019-08-20 19:18:23,605 | INFO  | SCMAudit | user=jenkins1000 | ip=192.168.69.105 | op=SEND_HEARTBEAT {datanodeUUID=340027e2-c19a-4ce0-8fe2-d5928ef30461, command=[]} | ret=SUCCESS |  
2019-08-20 19:18:23,855 | INFO  | SCMAudit | user=jenkins1000 | ip=192.168.69.105 | op=SEND_HEARTBEAT {datanodeUUID=16f059df-d226-4022-8e81-046858cbfecb, command=[]} | ret=SUCCESS |  
2019-08-20 19:18:23,878 | INFO  | SCMAudit | user=jenkins1000 | ip=192.168.69.105 | op=SEND_HEARTBEAT {datanodeUUID=e4f90e61-f3c9-4b9d-bc15-ac0e2b79db86, command=[]} | ret=SUCCESS |  
2019-08-20 19:18:23,888 | INFO  | SCMAudit | user=jenkins1000 | ip=192.168.69.105 | op=SEND_HEARTBEAT {datanodeUUID=91ae5334-971e-44ba-ab57-2ec2dd220942, command=[]} | ret=SUCCESS |  
2019-08-20 19:18:23,953 | INFO  | SCMAudit | user=jenkins1000 | ip=192.168.69.105 | op=SEND_HEARTBEAT {datanodeUUID=4033865b-8d67-417a-8575-039c711fd8ba, command=[]} | ret=SUCCESS |  
2019-08-20 19:18:24,165 | INFO  | SCMAudit | user=jenkins1000 | ip=192.168.69.105 | op=SEND_HEARTBEAT {datanodeUUID=e274e395-c7b6-408d-a6b4-4add6056d6d1, command=[]} | ret=SUCCESS |  
2019-08-20 19:18:24,353 | INFO  | SCMAudit | user=jenkins1000 | ip=192.168.69.105 | op=SEND_HEARTBEAT {datanodeUUID=1df1583d-c3bd-46e3-b5a9-7f01f9158e7c, command=[]} | ret=SUCCESS |  
2019-08-20 19:18:24,605 | INFO  | SCMAudit | user=jenkins1000 | ip=192.168.69.105 | op=SEND_HEARTBEAT {datanodeUUID=340027e2-c19a-4ce0-8fe2-d5928ef30461, command=[]} | ret=SUCCESS |  
2019-08-20 19:18:24,854 | INFO  | SCMAudit | user=jenkins1000 | ip=192.168.69.105 | op=SEND_HEARTBEAT {datanodeUUID=16f059df-d226-4022-8e81-046858cbfecb, command=[]} | ret=SUCCESS |  
2019-08-20 19:18:24,878 | INFO  | SCMAudit | user=jenkins1000 | ip=192.168.69.105 | op=SEND_HEARTBEAT {datanodeUUID=e4f90e61-f3c9-4b9d-bc15-ac0e2b79db86, command=[]} | ret=SUCCESS |  
2019-08-20 19:18:24,888 | INFO  | SCMAudit | user=jenkins1000 | ip=192.168.69.105 | op=SEND_HEARTBEAT {datanodeUUID=91ae5334-971e-44ba-ab57-2ec2dd220942, command=[]} | ret=SUCCESS |  
2019-08-20 19:18:24,954 | INFO  | SCMAudit | user=jenkins1000 | ip=192.168.69.105 | op=SEND_HEARTBEAT {datanodeUUID=4033865b-8d67-417a-8575-039c711fd8ba, command=[]} | ret=SUCCESS |  
2019-08-20 19:18:25,165 | INFO  | SCMAudit | user=jenkins1000 | ip=192.168.69.105 | op=SEND_HEARTBEAT {datanodeUUID=e274e395-c7b6-408d-a6b4-4add6056d6d1, command=[]} | ret=SUCCESS |  
2019-08-20 19:18:25,353 | INFO  | SCMAudit | user=jenkins1000 | ip=192.168.69.105 | op=SEND_HEARTBEAT {datanodeUUID=1df1583d-c3bd-46e3-b5a9-7f01f9158e7c, command=[]} | ret=SUCCESS |  
2019-08-20 19:18:25,605 | INFO  | SCMAudit | user=jenkins1000 | ip=192.168.69.105 | op=SEND_HEARTBEAT {datanodeUUID=340027e2-c19a-4ce0-8fe2-d5928ef30461, command=[]} | ret=SUCCESS |  
2019-08-20 19:18:25,854 | INFO  | SCMAudit | user=jenkins1000 | ip=192.168.69.105 | op=SEND_HEARTBEAT {datanodeUUID=16f059df-d226-4022-8e81-046858cbfecb, command=[]} | ret=SUCCESS |  
2019-08-20 19:18:25,878 | INFO  | SCMAudit | user=jenkins1000 | ip=192.168.69.105 | op=SEND_HEARTBEAT {datanodeUUID=e4f90e61-f3c9-4b9d-bc15-ac0e2b79db86, command=[]} | ret=SUCCESS |  
2019-08-20 19:18:25,888 | INFO  | SCMAudit | user=jenkins1000 | ip=192.168.69.105 | op=SEND_HEARTBEAT {datanodeUUID=91ae5334-971e-44ba-ab57-2ec2dd220942, command=[]} | ret=SUCCESS |  
2019-08-20 19:18:25,955 | INFO  | SCMAudit | user=jenkins1000 | ip=192.168.69.105 | op=SEND_HEARTBEAT {datanodeUUID=4033865b-8d67-417a-8575-039c711fd8ba, command=[]} | ret=SUCCESS |  
2019-08-20 19:18:26,165 | INFO  | SCMAudit | user=jenkins1000 | ip=192.168.69.105 | op=SEND_HEARTBEAT {datanodeUUID=e274e395-c7b6-408d-a6b4-4add6056d6d1, command=[]} | ret=SUCCESS |  
2019-08-20 19:18:26,353 | INFO  | SCMAudit | user=jenkins1000 | ip=192.168.69.105 | op=SEND_HEARTBEAT {datanodeUUID=1df1583d-c3bd-46e3-b5a9-7f01f9158e7c, command=[]} | ret=SUCCESS |  
2019-08-20 19:18:26,605 | INFO  | SCMAudit | user=jenkins1000 | ip=192.168.69.105 | op=SEND_HEARTBEAT {datanodeUUID=340027e2-c19a-4ce0-8fe2-d5928ef30461, command=[]} | ret=SUCCESS |  
2019-08-20 19:18:26,855 | INFO  | SCMAudit | user=jenkins1000 | ip=192.168.69.105 | op=SEND_HEARTBEAT {datanodeUUID=16f059df-d226-4022-8e81-046858cbfecb, command=[]} | ret=SUCCESS |  
2019-08-20 19:18:26,878 | INFO  | SCMAudit | user=jenkins1000 | ip=192.168.69.105 | op=SEND_HEARTBEAT {datanodeUUID=e4f90e61-f3c9-4b9d-bc15-ac0e2b79db86, command=[]} | ret=SUCCESS |  
2019-08-20 19:18:26,888 | INFO  | SCMAudit | user=jenkins1000 | ip=192.168.69.105 | op=SEND_HEARTBEAT {datanodeUUID=91ae5334-971e-44ba-ab57-2ec2dd220942, command=[]} | ret=SUCCESS |  
2019-08-20 19:18:26,954 | INFO  | SCMAudit | user=jenkins1000 | ip=192.168.69.105 | op=SEND_HEARTBEAT {datanodeUUID=4033865b-8d67-417a-8575-039c711fd8ba, command=[]} | ret=SUCCESS |  
2019-08-20 19:18:27,165 | INFO  | SCMAudit | user=jenkins1000 | ip=192.168.69.105 | op=SEND_HEARTBEAT {datanodeUUID=e274e395-c7b6-408d-a6b4-4add6056d6d1, command=[]} | ret=SUCCESS |  
2019-08-20 19:18:27,354 | INFO  | SCMAudit | user=jenkins1000 | ip=192.168.69.105 | op=SEND_HEARTBEAT {datanodeUUID=1df1583d-c3bd-46e3-b5a9-7f01f9158e7c, command=[]} | ret=SUCCESS |  
2019-08-20 19:18:27,606 | INFO  | SCMAudit | user=jenkins1000 | ip=192.168.69.105 | op=SEND_HEARTBEAT {datanodeUUID=340027e2-c19a-4ce0-8fe2-d5928ef30461, command=[]} | ret=SUCCESS |  
2019-08-20 19:18:27,854 | INFO  | SCMAudit | user=jenkins1000 | ip=192.168.69.105 | op=SEND_HEARTBEAT {datanodeUUID=16f059df-d226-4022-8e81-046858cbfecb, command=[]} | ret=SUCCESS |  
2019-08-20 19:18:27,879 | INFO  | SCMAudit | user=jenkins1000 | ip=192.168.69.105 | op=SEND_HEARTBEAT {datanodeUUID=e4f90e61-f3c9-4b9d-bc15-ac0e2b79db86, command=[]} | ret=SUCCESS |  
2019-08-20 19:18:27,888 | INFO  | SCMAudit | user=jenkins1000 | ip=192.168.69.105 | op=SEND_HEARTBEAT {datanodeUUID=91ae5334-971e-44ba-ab57-2ec2dd220942, command=[]} | ret=SUCCESS |  
2019-08-20 19:18:27,954 | INFO  | SCMAudit | user=jenkins1000 | ip=192.168.69.105 | op=SEND_HEARTBEAT {datanodeUUID=4033865b-8d67-417a-8575-039c711fd8ba, command=[]} | ret=SUCCESS |  
2019-08-20 19:18:28,165 | INFO  | SCMAudit | user=jenkins1000 | ip=192.168.69.105 | op=SEND_HEARTBEAT {datanodeUUID=e274e395-c7b6-408d-a6b4-4add6056d6d1, command=[]} | ret=SUCCESS |  
2019-08-20 19:18:28,353 | INFO  | SCMAudit | user=jenkins1000 | ip=192.168.69.105 | op=SEND_HEARTBEAT {datanodeUUID=1df1583d-c3bd-46e3-b5a9-7f01f9158e7c, command=[]} | ret=SUCCESS |  
2019-08-20 19:18:28,526 [grpc-default-executor-4] INFO  client.GrpcClientProtocolClient (GrpcClientProtocolClient.java:onNext(255)) - client-8301E8A5B94A->91ae5334-971e-44ba-ab57-2ec2dd220942: receive RaftClientReply:client-8301E8A5B94A->91ae5334-971e-44ba-ab57-2ec2dd220942@group-782B390D3D40, cid=45, FAILED org.apache.ratis.protocol.NotLeaderException: Server 91ae5334-971e-44ba-ab57-2ec2dd220942 is not the leader (16f059df-d226-4022-8e81-046858cbfecb:192.168.69.105:37581). Request must be sent to leader., logIndex=0, commits[91ae5334-971e-44ba-ab57-2ec2dd220942:c8, e4f90e61-f3c9-4b9d-bc15-ac0e2b79db86:c8, 16f059df-d226-4022-8e81-046858cbfecb:c8]
2019-08-20 19:18:28,605 | INFO  | SCMAudit | user=jenkins1000 | ip=192.168.69.105 | op=SEND_HEARTBEAT {datanodeUUID=340027e2-c19a-4ce0-8fe2-d5928ef30461, command=[]} | ret=SUCCESS |  
2019-08-20 19:18:28,854 | INFO  | SCMAudit | user=jenkins1000 | ip=192.168.69.105 | op=SEND_HEARTBEAT {datanodeUUID=16f059df-d226-4022-8e81-046858cbfecb, command=[]} | ret=SUCCESS |  
2019-08-20 19:18:28,879 | INFO  | SCMAudit | user=jenkins1000 | ip=192.168.69.105 | op=SEND_HEARTBEAT {datanodeUUID=e4f90e61-f3c9-4b9d-bc15-ac0e2b79db86, command=[]} | ret=SUCCESS |  
2019-08-20 19:18:28,888 | INFO  | SCMAudit | user=jenkins1000 | ip=192.168.69.105 | op=SEND_HEARTBEAT {datanodeUUID=91ae5334-971e-44ba-ab57-2ec2dd220942, command=[]} | ret=SUCCESS |  
2019-08-20 19:18:28,954 | INFO  | SCMAudit | user=jenkins1000 | ip=192.168.69.105 | op=SEND_HEARTBEAT {datanodeUUID=4033865b-8d67-417a-8575-039c711fd8ba, command=[]} | ret=SUCCESS |  
2019-08-20 19:18:29,166 | INFO  | SCMAudit | user=jenkins1000 | ip=192.168.69.105 | op=SEND_HEARTBEAT {datanodeUUID=e274e395-c7b6-408d-a6b4-4add6056d6d1, command=[]} | ret=SUCCESS |  
2019-08-20 19:18:29,353 | INFO  | SCMAudit | user=jenkins1000 | ip=192.168.69.105 | op=SEND_HEARTBEAT {datanodeUUID=1df1583d-c3bd-46e3-b5a9-7f01f9158e7c, command=[]} | ret=SUCCESS |  
2019-08-20 19:18:29,605 | INFO  | SCMAudit | user=jenkins1000 | ip=192.168.69.105 | op=SEND_HEARTBEAT {datanodeUUID=340027e2-c19a-4ce0-8fe2-d5928ef30461, command=[]} | ret=SUCCESS |  
2019-08-20 19:18:29,854 | INFO  | SCMAudit | user=jenkins1000 | ip=192.168.69.105 | op=SEND_HEARTBEAT {datanodeUUID=16f059df-d226-4022-8e81-046858cbfecb, command=[]} | ret=SUCCESS |  
2019-08-20 19:18:29,880 | INFO  | SCMAudit | user=jenkins1000 | ip=192.168.69.105 | op=SEND_HEARTBEAT {datanodeUUID=e4f90e61-f3c9-4b9d-bc15-ac0e2b79db86, command=[]} | ret=SUCCESS |  
2019-08-20 19:18:29,888 | INFO  | SCMAudit | user=jenkins1000 | ip=192.168.69.105 | op=SEND_HEARTBEAT {datanodeUUID=91ae5334-971e-44ba-ab57-2ec2dd220942, command=[]} | ret=SUCCESS |  
2019-08-20 19:18:29,954 | INFO  | SCMAudit | user=jenkins1000 | ip=192.168.69.105 | op=SEND_HEARTBEAT {datanodeUUID=4033865b-8d67-417a-8575-039c711fd8ba, command=[]} | ret=SUCCESS |  
2019-08-20 19:18:30,166 | INFO  | SCMAudit | user=jenkins1000 | ip=192.168.69.105 | op=SEND_HEARTBEAT {datanodeUUID=e274e395-c7b6-408d-a6b4-4add6056d6d1, command=[]} | ret=SUCCESS |  
2019-08-20 19:18:30,353 | INFO  | SCMAudit | user=jenkins1000 | ip=192.168.69.105 | op=SEND_HEARTBEAT {datanodeUUID=1df1583d-c3bd-46e3-b5a9-7f01f9158e7c, command=[]} | ret=SUCCESS |  
2019-08-20 19:18:30,605 | INFO  | SCMAudit | user=jenkins1000 | ip=192.168.69.105 | op=SEND_HEARTBEAT {datanodeUUID=340027e2-c19a-4ce0-8fe2-d5928ef30461, command=[]} | ret=SUCCESS |  
2019-08-20 19:18:30,855 | INFO  | SCMAudit | user=jenkins1000 | ip=192.168.69.105 | op=SEND_HEARTBEAT {datanodeUUID=16f059df-d226-4022-8e81-046858cbfecb, command=[]} | ret=SUCCESS |  
2019-08-20 19:18:30,880 | INFO  | SCMAudit | user=jenkins1000 | ip=192.168.69.105 | op=SEND_HEARTBEAT {datanodeUUID=e4f90e61-f3c9-4b9d-bc15-ac0e2b79db86, command=[]} | ret=SUCCESS |  
2019-08-20 19:18:30,888 | INFO  | SCMAudit | user=jenkins1000 | ip=192.168.69.105 | op=SEND_HEARTBEAT {datanodeUUID=91ae5334-971e-44ba-ab57-2ec2dd220942, command=[]} | ret=SUCCESS |  
2019-08-20 19:18:30,954 | INFO  | SCMAudit | user=jenkins1000 | ip=192.168.69.105 | op=SEND_HEARTBEAT {datanodeUUID=4033865b-8d67-417a-8575-039c711fd8ba, command=[]} | ret=SUCCESS |  
2019-08-20 19:18:31,166 | INFO  | SCMAudit | user=jenkins1000 | ip=192.168.69.105 | op=SEND_HEARTBEAT {datanodeUUID=e274e395-c7b6-408d-a6b4-4add6056d6d1, command=[]} | ret=SUCCESS |  
2019-08-20 19:18:31,354 | INFO  | SCMAudit | user=jenkins1000 | ip=192.168.69.105 | op=SEND_HEARTBEAT {datanodeUUID=1df1583d-c3bd-46e3-b5a9-7f01f9158e7c, command=[]} | ret=SUCCESS |  
2019-08-20 19:18:31,605 | INFO  | SCMAudit | user=jenkins1000 | ip=192.168.69.105 | op=SEND_HEARTBEAT {datanodeUUID=340027e2-c19a-4ce0-8fe2-d5928ef30461, command=[]} | ret=SUCCESS |  
2019-08-20 19:18:31,854 | INFO  | SCMAudit | user=jenkins1000 | ip=192.168.69.105 | op=SEND_HEARTBEAT {datanodeUUID=16f059df-d226-4022-8e81-046858cbfecb, command=[]} | ret=SUCCESS |  
2019-08-20 19:18:31,880 | INFO  | SCMAudit | user=jenkins1000 | ip=192.168.69.105 | op=SEND_HEARTBEAT {datanodeUUID=e4f90e61-f3c9-4b9d-bc15-ac0e2b79db86, command=[]} | ret=SUCCESS |  
2019-08-20 19:18:31,888 | INFO  | SCMAudit | user=jenkins1000 | ip=192.168.69.105 | op=SEND_HEARTBEAT {datanodeUUID=91ae5334-971e-44ba-ab57-2ec2dd220942, command=[]} | ret=SUCCESS |  
2019-08-20 19:18:31,954 | INFO  | SCMAudit | user=jenkins1000 | ip=192.168.69.105 | op=SEND_HEARTBEAT {datanodeUUID=4033865b-8d67-417a-8575-039c711fd8ba, command=[]} | ret=SUCCESS |  
2019-08-20 19:18:32,166 | INFO  | SCMAudit | user=jenkins1000 | ip=192.168.69.105 | op=SEND_HEARTBEAT {datanodeUUID=e274e395-c7b6-408d-a6b4-4add6056d6d1, command=[]} | ret=SUCCESS |  
2019-08-20 19:18:32,354 | INFO  | SCMAudit | user=jenkins1000 | ip=192.168.69.105 | op=SEND_HEARTBEAT {datanodeUUID=1df1583d-c3bd-46e3-b5a9-7f01f9158e7c, command=[]} | ret=SUCCESS |  
2019-08-20 19:18:32,606 | INFO  | SCMAudit | user=jenkins1000 | ip=192.168.69.105 | op=SEND_HEARTBEAT {datanodeUUID=340027e2-c19a-4ce0-8fe2-d5928ef30461, command=[]} | ret=SUCCESS |  
2019-08-20 19:18:32,854 | INFO  | SCMAudit | user=jenkins1000 | ip=192.168.69.105 | op=SEND_HEARTBEAT {datanodeUUID=16f059df-d226-4022-8e81-046858cbfecb, command=[]} | ret=SUCCESS |  
2019-08-20 19:18:32,880 | INFO  | SCMAudit | user=jenkins1000 | ip=192.168.69.105 | op=SEND_HEARTBEAT {datanodeUUID=e4f90e61-f3c9-4b9d-bc15-ac0e2b79db86, command=[]} | ret=SUCCESS |  
2019-08-20 19:18:32,888 | INFO  | SCMAudit | user=jenkins1000 | ip=192.168.69.105 | op=SEND_HEARTBEAT {datanodeUUID=91ae5334-971e-44ba-ab57-2ec2dd220942, command=[]} | ret=SUCCESS |  
2019-08-20 19:18:32,954 | INFO  | SCMAudit | user=jenkins1000 | ip=192.168.69.105 | op=SEND_HEARTBEAT {datanodeUUID=4033865b-8d67-417a-8575-039c711fd8ba, command=[]} | ret=SUCCESS |  
2019-08-20 19:18:33,166 | INFO  | SCMAudit | user=jenkins1000 | ip=192.168.69.105 | op=SEND_HEARTBEAT {datanodeUUID=e274e395-c7b6-408d-a6b4-4add6056d6d1, command=[]} | ret=SUCCESS |  
2019-08-20 19:18:33,354 | INFO  | SCMAudit | user=jenkins1000 | ip=192.168.69.105 | op=SEND_HEARTBEAT {datanodeUUID=1df1583d-c3bd-46e3-b5a9-7f01f9158e7c, command=[]} | ret=SUCCESS |  
2019-08-20 19:18:33,585 [grpc-default-executor-5] INFO  client.GrpcClientProtocolClient (GrpcClientProtocolClient.java:onNext(255)) - client-8301E8A5B94A->91ae5334-971e-44ba-ab57-2ec2dd220942: receive RaftClientReply:client-8301E8A5B94A->91ae5334-971e-44ba-ab57-2ec2dd220942@group-782B390D3D40, cid=45, FAILED org.apache.ratis.protocol.NotLeaderException: Server 91ae5334-971e-44ba-ab57-2ec2dd220942 is not the leader (16f059df-d226-4022-8e81-046858cbfecb:192.168.69.105:37581). Request must be sent to leader., logIndex=0, commits[91ae5334-971e-44ba-ab57-2ec2dd220942:c8, e4f90e61-f3c9-4b9d-bc15-ac0e2b79db86:c8, 16f059df-d226-4022-8e81-046858cbfecb:c8]
2019-08-20 19:18:33,605 | INFO  | SCMAudit | user=jenkins1000 | ip=192.168.69.105 | op=SEND_HEARTBEAT {datanodeUUID=340027e2-c19a-4ce0-8fe2-d5928ef30461, command=[]} | ret=SUCCESS |  
2019-08-20 19:18:33,855 | INFO  | SCMAudit | user=jenkins1000 | ip=192.168.69.105 | op=SEND_HEARTBEAT {datanodeUUID=16f059df-d226-4022-8e81-046858cbfecb, command=[]} | ret=SUCCESS |  
2019-08-20 19:18:33,881 | INFO  | SCMAudit | user=jenkins1000 | ip=192.168.69.105 | op=SEND_HEARTBEAT {datanodeUUID=e4f90e61-f3c9-4b9d-bc15-ac0e2b79db86, command=[]} | ret=SUCCESS |  
2019-08-20 19:18:33,888 | INFO  | SCMAudit | user=jenkins1000 | ip=192.168.69.105 | op=SEND_HEARTBEAT {datanodeUUID=91ae5334-971e-44ba-ab57-2ec2dd220942, command=[]} | ret=SUCCESS |  
2019-08-20 19:18:33,954 | INFO  | SCMAudit | user=jenkins1000 | ip=192.168.69.105 | op=SEND_HEARTBEAT {datanodeUUID=4033865b-8d67-417a-8575-039c711fd8ba, command=[]} | ret=SUCCESS |  
2019-08-20 19:18:34,166 | INFO  | SCMAudit | user=jenkins1000 | ip=192.168.69.105 | op=SEND_HEARTBEAT {datanodeUUID=e274e395-c7b6-408d-a6b4-4add6056d6d1, command=[]} | ret=SUCCESS |  
2019-08-20 19:18:34,354 | INFO  | SCMAudit | user=jenkins1000 | ip=192.168.69.105 | op=SEND_HEARTBEAT {datanodeUUID=1df1583d-c3bd-46e3-b5a9-7f01f9158e7c, command=[]} | ret=SUCCESS |  
2019-08-20 19:18:34,605 | INFO  | SCMAudit | user=jenkins1000 | ip=192.168.69.105 | op=SEND_HEARTBEAT {datanodeUUID=340027e2-c19a-4ce0-8fe2-d5928ef30461, command=[]} | ret=SUCCESS |  
2019-08-20 19:18:34,854 | INFO  | SCMAudit | user=jenkins1000 | ip=192.168.69.105 | op=SEND_HEARTBEAT {datanodeUUID=16f059df-d226-4022-8e81-046858cbfecb, command=[]} | ret=SUCCESS |  
2019-08-20 19:18:34,882 | INFO  | SCMAudit | user=jenkins1000 | ip=192.168.69.105 | op=SEND_HEARTBEAT {datanodeUUID=e4f90e61-f3c9-4b9d-bc15-ac0e2b79db86, command=[]} | ret=SUCCESS |  
2019-08-20 19:18:34,887 | INFO  | SCMAudit | user=jenkins1000 | ip=192.168.69.105 | op=SEND_HEARTBEAT {datanodeUUID=91ae5334-971e-44ba-ab57-2ec2dd220942, command=[]} | ret=SUCCESS |  
2019-08-20 19:18:34,953 | INFO  | SCMAudit | user=jenkins1000 | ip=192.168.69.105 | op=SEND_HEARTBEAT {datanodeUUID=4033865b-8d67-417a-8575-039c711fd8ba, command=[]} | ret=SUCCESS |  
2019-08-20 19:18:35,167 | INFO  | SCMAudit | user=jenkins1000 | ip=192.168.69.105 | op=SEND_HEARTBEAT {datanodeUUID=e274e395-c7b6-408d-a6b4-4add6056d6d1, command=[]} | ret=SUCCESS |  
2019-08-20 19:18:35,354 | INFO  | SCMAudit | user=jenkins1000 | ip=192.168.69.105 | op=SEND_HEARTBEAT {datanodeUUID=1df1583d-c3bd-46e3-b5a9-7f01f9158e7c, command=[]} | ret=SUCCESS |  
2019-08-20 19:18:35,606 | INFO  | SCMAudit | user=jenkins1000 | ip=192.168.69.105 | op=SEND_HEARTBEAT {datanodeUUID=340027e2-c19a-4ce0-8fe2-d5928ef30461, command=[]} | ret=SUCCESS |  
2019-08-20 19:18:35,854 | INFO  | SCMAudit | user=jenkins1000 | ip=192.168.69.105 | op=SEND_HEARTBEAT {datanodeUUID=16f059df-d226-4022-8e81-046858cbfecb, command=[]} | ret=SUCCESS |  
2019-08-20 19:18:35,882 | INFO  | SCMAudit | user=jenkins1000 | ip=192.168.69.105 | op=SEND_HEARTBEAT {datanodeUUID=e4f90e61-f3c9-4b9d-bc15-ac0e2b79db86, command=[]} | ret=SUCCESS |  
2019-08-20 19:18:35,888 | INFO  | SCMAudit | user=jenkins1000 | ip=192.168.69.105 | op=SEND_HEARTBEAT {datanodeUUID=91ae5334-971e-44ba-ab57-2ec2dd220942, command=[]} | ret=SUCCESS |  
2019-08-20 19:18:35,954 | INFO  | SCMAudit | user=jenkins1000 | ip=192.168.69.105 | op=SEND_HEARTBEAT {datanodeUUID=4033865b-8d67-417a-8575-039c711fd8ba, command=[]} | ret=SUCCESS |  
2019-08-20 19:18:36,166 | INFO  | SCMAudit | user=jenkins1000 | ip=192.168.69.105 | op=SEND_HEARTBEAT {datanodeUUID=e274e395-c7b6-408d-a6b4-4add6056d6d1, command=[]} | ret=SUCCESS |  
2019-08-20 19:18:36,354 | INFO  | SCMAudit | user=jenkins1000 | ip=192.168.69.105 | op=SEND_HEARTBEAT {datanodeUUID=1df1583d-c3bd-46e3-b5a9-7f01f9158e7c, command=[]} | ret=SUCCESS |  
2019-08-20 19:18:36,605 | INFO  | SCMAudit | user=jenkins1000 | ip=192.168.69.105 | op=SEND_HEARTBEAT {datanodeUUID=340027e2-c19a-4ce0-8fe2-d5928ef30461, command=[]} | ret=SUCCESS |  
2019-08-20 19:18:36,854 | INFO  | SCMAudit | user=jenkins1000 | ip=192.168.69.105 | op=SEND_HEARTBEAT {datanodeUUID=16f059df-d226-4022-8e81-046858cbfecb, command=[]} | ret=SUCCESS |  
2019-08-20 19:18:36,882 | INFO  | SCMAudit | user=jenkins1000 | ip=192.168.69.105 | op=SEND_HEARTBEAT {datanodeUUID=e4f90e61-f3c9-4b9d-bc15-ac0e2b79db86, command=[]} | ret=SUCCESS |  
2019-08-20 19:18:36,892 | INFO  | SCMAudit | user=jenkins1000 | ip=192.168.69.105 | op=SEND_HEARTBEAT {datanodeUUID=91ae5334-971e-44ba-ab57-2ec2dd220942, command=[]} | ret=SUCCESS |  
2019-08-20 19:18:36,954 | INFO  | SCMAudit | user=jenkins1000 | ip=192.168.69.105 | op=SEND_HEARTBEAT {datanodeUUID=4033865b-8d67-417a-8575-039c711fd8ba, command=[]} | ret=SUCCESS |  
2019-08-20 19:18:37,167 | INFO  | SCMAudit | user=jenkins1000 | ip=192.168.69.105 | op=SEND_HEARTBEAT {datanodeUUID=e274e395-c7b6-408d-a6b4-4add6056d6d1, command=[]} | ret=SUCCESS |  
2019-08-20 19:18:37,354 | INFO  | SCMAudit | user=jenkins1000 | ip=192.168.69.105 | op=SEND_HEARTBEAT {datanodeUUID=1df1583d-c3bd-46e3-b5a9-7f01f9158e7c, command=[]} | ret=SUCCESS |  
2019-08-20 19:18:37,606 | INFO  | SCMAudit | user=jenkins1000 | ip=192.168.69.105 | op=SEND_HEARTBEAT {datanodeUUID=340027e2-c19a-4ce0-8fe2-d5928ef30461, command=[]} | ret=SUCCESS |  
2019-08-20 19:18:37,854 | INFO  | SCMAudit | user=jenkins1000 | ip=192.168.69.105 | op=SEND_HEARTBEAT {datanodeUUID=16f059df-d226-4022-8e81-046858cbfecb, command=[]} | ret=SUCCESS |  
2019-08-20 19:18:37,882 | INFO  | SCMAudit | user=jenkins1000 | ip=192.168.69.105 | op=SEND_HEARTBEAT {datanodeUUID=e4f90e61-f3c9-4b9d-bc15-ac0e2b79db86, command=[]} | ret=SUCCESS |  
2019-08-20 19:18:37,892 | INFO  | SCMAudit | user=jenkins1000 | ip=192.168.69.105 | op=SEND_HEARTBEAT {datanodeUUID=91ae5334-971e-44ba-ab57-2ec2dd220942, command=[]} | ret=SUCCESS |  
2019-08-20 19:18:37,954 | INFO  | SCMAudit | user=jenkins1000 | ip=192.168.69.105 | op=SEND_HEARTBEAT {datanodeUUID=4033865b-8d67-417a-8575-039c711fd8ba, command=[]} | ret=SUCCESS |  
2019-08-20 19:18:38,166 | INFO  | SCMAudit | user=jenkins1000 | ip=192.168.69.105 | op=SEND_HEARTBEAT {datanodeUUID=e274e395-c7b6-408d-a6b4-4add6056d6d1, command=[]} | ret=SUCCESS |  
2019-08-20 19:18:38,355 | INFO  | SCMAudit | user=jenkins1000 | ip=192.168.69.105 | op=SEND_HEARTBEAT {datanodeUUID=1df1583d-c3bd-46e3-b5a9-7f01f9158e7c, command=[]} | ret=SUCCESS |  
2019-08-20 19:18:38,605 | INFO  | SCMAudit | user=jenkins1000 | ip=192.168.69.105 | op=SEND_HEARTBEAT {datanodeUUID=340027e2-c19a-4ce0-8fe2-d5928ef30461, command=[]} | ret=SUCCESS |  
2019-08-20 19:18:38,628 [grpc-default-executor-4] INFO  client.GrpcClientProtocolClient (GrpcClientProtocolClient.java:onNext(255)) - client-8301E8A5B94A->91ae5334-971e-44ba-ab57-2ec2dd220942: receive RaftClientReply:client-8301E8A5B94A->91ae5334-971e-44ba-ab57-2ec2dd220942@group-782B390D3D40, cid=45, FAILED org.apache.ratis.protocol.NotLeaderException: Server 91ae5334-971e-44ba-ab57-2ec2dd220942 is not the leader (16f059df-d226-4022-8e81-046858cbfecb:192.168.69.105:37581). Request must be sent to leader., logIndex=0, commits[91ae5334-971e-44ba-ab57-2ec2dd220942:c8, e4f90e61-f3c9-4b9d-bc15-ac0e2b79db86:c8, 16f059df-d226-4022-8e81-046858cbfecb:c8]
2019-08-20 19:18:38,854 | INFO  | SCMAudit | user=jenkins1000 | ip=192.168.69.105 | op=SEND_HEARTBEAT {datanodeUUID=16f059df-d226-4022-8e81-046858cbfecb, command=[]} | ret=SUCCESS |  
2019-08-20 19:18:38,882 | INFO  | SCMAudit | user=jenkins1000 | ip=192.168.69.105 | op=SEND_HEARTBEAT {datanodeUUID=e4f90e61-f3c9-4b9d-bc15-ac0e2b79db86, command=[]} | ret=SUCCESS |  
2019-08-20 19:18:38,892 | INFO  | SCMAudit | user=jenkins1000 | ip=192.168.69.105 | op=SEND_HEARTBEAT {datanodeUUID=91ae5334-971e-44ba-ab57-2ec2dd220942, command=[]} | ret=SUCCESS |  
2019-08-20 19:18:38,954 | INFO  | SCMAudit | user=jenkins1000 | ip=192.168.69.105 | op=SEND_HEARTBEAT {datanodeUUID=4033865b-8d67-417a-8575-039c711fd8ba, command=[]} | ret=SUCCESS |  
2019-08-20 19:18:39,166 | INFO  | SCMAudit | user=jenkins1000 | ip=192.168.69.105 | op=SEND_HEARTBEAT {datanodeUUID=e274e395-c7b6-408d-a6b4-4add6056d6d1, command=[]} | ret=SUCCESS |  
2019-08-20 19:18:39,355 | INFO  | SCMAudit | user=jenkins1000 | ip=192.168.69.105 | op=SEND_HEARTBEAT {datanodeUUID=1df1583d-c3bd-46e3-b5a9-7f01f9158e7c, command=[]} | ret=SUCCESS |  
2019-08-20 19:18:39,605 | INFO  | SCMAudit | user=jenkins1000 | ip=192.168.69.105 | op=SEND_HEARTBEAT {datanodeUUID=340027e2-c19a-4ce0-8fe2-d5928ef30461, command=[]} | ret=SUCCESS |  
2019-08-20 19:18:39,855 | INFO  | SCMAudit | user=jenkins1000 | ip=192.168.69.105 | op=SEND_HEARTBEAT {datanodeUUID=16f059df-d226-4022-8e81-046858cbfecb, command=[]} | ret=SUCCESS |  
2019-08-20 19:18:39,882 | INFO  | SCMAudit | user=jenkins1000 | ip=192.168.69.105 | op=SEND_HEARTBEAT {datanodeUUID=e4f90e61-f3c9-4b9d-bc15-ac0e2b79db86, command=[]} | ret=SUCCESS |  
2019-08-20 19:18:39,892 | INFO  | SCMAudit | user=jenkins1000 | ip=192.168.69.105 | op=SEND_HEARTBEAT {datanodeUUID=91ae5334-971e-44ba-ab57-2ec2dd220942, command=[]} | ret=SUCCESS |  
2019-08-20 19:18:39,954 | INFO  | SCMAudit | user=jenkins1000 | ip=192.168.69.105 | op=SEND_HEARTBEAT {datanodeUUID=4033865b-8d67-417a-8575-039c711fd8ba, command=[]} | ret=SUCCESS |  
2019-08-20 19:18:40,166 | INFO  | SCMAudit | user=jenkins1000 | ip=192.168.69.105 | op=SEND_HEARTBEAT {datanodeUUID=e274e395-c7b6-408d-a6b4-4add6056d6d1, command=[]} | ret=SUCCESS |  
2019-08-20 19:18:40,355 | INFO  | SCMAudit | user=jenkins1000 | ip=192.168.69.105 | op=SEND_HEARTBEAT {datanodeUUID=1df1583d-c3bd-46e3-b5a9-7f01f9158e7c, command=[]} | ret=SUCCESS |  
2019-08-20 19:18:40,605 | INFO  | SCMAudit | user=jenkins1000 | ip=192.168.69.105 | op=SEND_HEARTBEAT {datanodeUUID=340027e2-c19a-4ce0-8fe2-d5928ef30461, command=[]} | ret=SUCCESS |  
2019-08-20 19:18:40,854 | INFO  | SCMAudit | user=jenkins1000 | ip=192.168.69.105 | op=SEND_HEARTBEAT {datanodeUUID=16f059df-d226-4022-8e81-046858cbfecb, command=[]} | ret=SUCCESS |  
2019-08-20 19:18:40,882 | INFO  | SCMAudit | user=jenkins1000 | ip=192.168.69.105 | op=SEND_HEARTBEAT {datanodeUUID=e4f90e61-f3c9-4b9d-bc15-ac0e2b79db86, command=[]} | ret=SUCCESS |  
2019-08-20 19:18:40,892 | INFO  | SCMAudit | user=jenkins1000 | ip=192.168.69.105 | op=SEND_HEARTBEAT {datanodeUUID=91ae5334-971e-44ba-ab57-2ec2dd220942, command=[]} | ret=SUCCESS |  
2019-08-20 19:18:40,954 | INFO  | SCMAudit | user=jenkins1000 | ip=192.168.69.105 | op=SEND_HEARTBEAT {datanodeUUID=4033865b-8d67-417a-8575-039c711fd8ba, command=[]} | ret=SUCCESS |  
2019-08-20 19:18:41,167 | INFO  | SCMAudit | user=jenkins1000 | ip=192.168.69.105 | op=SEND_HEARTBEAT {datanodeUUID=e274e395-c7b6-408d-a6b4-4add6056d6d1, command=[]} | ret=SUCCESS |  
2019-08-20 19:18:41,355 | INFO  | SCMAudit | user=jenkins1000 | ip=192.168.69.105 | op=SEND_HEARTBEAT {datanodeUUID=1df1583d-c3bd-46e3-b5a9-7f01f9158e7c, command=[]} | ret=SUCCESS |  
2019-08-20 19:18:41,606 | INFO  | SCMAudit | user=jenkins1000 | ip=192.168.69.105 | op=SEND_HEARTBEAT {datanodeUUID=340027e2-c19a-4ce0-8fe2-d5928ef30461, command=[]} | ret=SUCCESS |  
2019-08-20 19:18:41,854 | INFO  | SCMAudit | user=jenkins1000 | ip=192.168.69.105 | op=SEND_HEARTBEAT {datanodeUUID=16f059df-d226-4022-8e81-046858cbfecb, command=[]} | ret=SUCCESS |  
2019-08-20 19:18:41,883 | INFO  | SCMAudit | user=jenkins1000 | ip=192.168.69.105 | op=SEND_HEARTBEAT {datanodeUUID=e4f90e61-f3c9-4b9d-bc15-ac0e2b79db86, command=[]} | ret=SUCCESS |  
2019-08-20 19:18:41,893 | INFO  | SCMAudit | user=jenkins1000 | ip=192.168.69.105 | op=SEND_HEARTBEAT {datanodeUUID=91ae5334-971e-44ba-ab57-2ec2dd220942, command=[]} | ret=SUCCESS |  
2019-08-20 19:18:41,955 | INFO  | SCMAudit | user=jenkins1000 | ip=192.168.69.105 | op=SEND_HEARTBEAT {datanodeUUID=4033865b-8d67-417a-8575-039c711fd8ba, command=[]} | ret=SUCCESS |  
2019-08-20 19:18:42,167 | INFO  | SCMAudit | user=jenkins1000 | ip=192.168.69.105 | op=SEND_HEARTBEAT {datanodeUUID=e274e395-c7b6-408d-a6b4-4add6056d6d1, command=[]} | ret=SUCCESS |  
2019-08-20 19:18:42,356 | INFO  | SCMAudit | user=jenkins1000 | ip=192.168.69.105 | op=SEND_HEARTBEAT {datanodeUUID=1df1583d-c3bd-46e3-b5a9-7f01f9158e7c, command=[]} | ret=SUCCESS |  
2019-08-20 19:18:42,606 | INFO  | SCMAudit | user=jenkins1000 | ip=192.168.69.105 | op=SEND_HEARTBEAT {datanodeUUID=340027e2-c19a-4ce0-8fe2-d5928ef30461, command=[]} | ret=SUCCESS |  
2019-08-20 19:18:42,855 | INFO  | SCMAudit | user=jenkins1000 | ip=192.168.69.105 | op=SEND_HEARTBEAT {datanodeUUID=16f059df-d226-4022-8e81-046858cbfecb, command=[]} | ret=SUCCESS |  
2019-08-20 19:18:42,882 | INFO  | SCMAudit | user=jenkins1000 | ip=192.168.69.105 | op=SEND_HEARTBEAT {datanodeUUID=e4f90e61-f3c9-4b9d-bc15-ac0e2b79db86, command=[]} | ret=SUCCESS |  
2019-08-20 19:18:42,892 | INFO  | SCMAudit | user=jenkins1000 | ip=192.168.69.105 | op=SEND_HEARTBEAT {datanodeUUID=91ae5334-971e-44ba-ab57-2ec2dd220942, command=[]} | ret=SUCCESS |  
2019-08-20 19:18:42,954 | INFO  | SCMAudit | user=jenkins1000 | ip=192.168.69.105 | op=SEND_HEARTBEAT {datanodeUUID=4033865b-8d67-417a-8575-039c711fd8ba, command=[]} | ret=SUCCESS |  
2019-08-20 19:18:43,166 | INFO  | SCMAudit | user=jenkins1000 | ip=192.168.69.105 | op=SEND_HEARTBEAT {datanodeUUID=e274e395-c7b6-408d-a6b4-4add6056d6d1, command=[]} | ret=SUCCESS |  
2019-08-20 19:18:43,355 | INFO  | SCMAudit | user=jenkins1000 | ip=192.168.69.105 | op=SEND_HEARTBEAT {datanodeUUID=1df1583d-c3bd-46e3-b5a9-7f01f9158e7c, command=[]} | ret=SUCCESS |  
2019-08-20 19:18:43,606 | INFO  | SCMAudit | user=jenkins1000 | ip=192.168.69.105 | op=SEND_HEARTBEAT {datanodeUUID=340027e2-c19a-4ce0-8fe2-d5928ef30461, command=[]} | ret=SUCCESS |  
2019-08-20 19:18:43,663 [grpc-default-executor-4] INFO  client.GrpcClientProtocolClient (GrpcClientProtocolClient.java:onNext(255)) - client-8301E8A5B94A->e4f90e61-f3c9-4b9d-bc15-ac0e2b79db86: receive RaftClientReply:client-8301E8A5B94A->e4f90e61-f3c9-4b9d-bc15-ac0e2b79db86@group-782B390D3D40, cid=45, FAILED org.apache.ratis.protocol.NotLeaderException: Server e4f90e61-f3c9-4b9d-bc15-ac0e2b79db86 is not the leader (16f059df-d226-4022-8e81-046858cbfecb:192.168.69.105:37581). Request must be sent to leader., logIndex=0, commits[e4f90e61-f3c9-4b9d-bc15-ac0e2b79db86:c8, 16f059df-d226-4022-8e81-046858cbfecb:c8, 91ae5334-971e-44ba-ab57-2ec2dd220942:c8]
2019-08-20 19:18:43,854 | INFO  | SCMAudit | user=jenkins1000 | ip=192.168.69.105 | op=SEND_HEARTBEAT {datanodeUUID=16f059df-d226-4022-8e81-046858cbfecb, command=[]} | ret=SUCCESS |  
2019-08-20 19:18:43,882 | INFO  | SCMAudit | user=jenkins1000 | ip=192.168.69.105 | op=SEND_HEARTBEAT {datanodeUUID=e4f90e61-f3c9-4b9d-bc15-ac0e2b79db86, command=[]} | ret=SUCCESS |  
2019-08-20 19:18:43,892 | INFO  | SCMAudit | user=jenkins1000 | ip=192.168.69.105 | op=SEND_HEARTBEAT {datanodeUUID=91ae5334-971e-44ba-ab57-2ec2dd220942, command=[]} | ret=SUCCESS |  
2019-08-20 19:18:43,954 | INFO  | SCMAudit | user=jenkins1000 | ip=192.168.69.105 | op=SEND_HEARTBEAT {datanodeUUID=4033865b-8d67-417a-8575-039c711fd8ba, command=[]} | ret=SUCCESS |  
2019-08-20 19:18:44,166 | INFO  | SCMAudit | user=jenkins1000 | ip=192.168.69.105 | op=SEND_HEARTBEAT {datanodeUUID=e274e395-c7b6-408d-a6b4-4add6056d6d1, command=[]} | ret=SUCCESS |  
2019-08-20 19:18:44,355 | INFO  | SCMAudit | user=jenkins1000 | ip=192.168.69.105 | op=SEND_HEARTBEAT {datanodeUUID=1df1583d-c3bd-46e3-b5a9-7f01f9158e7c, command=[]} | ret=SUCCESS |  
2019-08-20 19:18:44,606 | INFO  | SCMAudit | user=jenkins1000 | ip=192.168.69.105 | op=SEND_HEARTBEAT {datanodeUUID=340027e2-c19a-4ce0-8fe2-d5928ef30461, command=[]} | ret=SUCCESS |  
2019-08-20 19:18:44,854 | INFO  | SCMAudit | user=jenkins1000 | ip=192.168.69.105 | op=SEND_HEARTBEAT {datanodeUUID=16f059df-d226-4022-8e81-046858cbfecb, command=[]} | ret=SUCCESS |  
2019-08-20 19:18:44,882 | INFO  | SCMAudit | user=jenkins1000 | ip=192.168.69.105 | op=SEND_HEARTBEAT {datanodeUUID=e4f90e61-f3c9-4b9d-bc15-ac0e2b79db86, command=[]} | ret=SUCCESS |  
2019-08-20 19:18:44,892 | INFO  | SCMAudit | user=jenkins1000 | ip=192.168.69.105 | op=SEND_HEARTBEAT {datanodeUUID=91ae5334-971e-44ba-ab57-2ec2dd220942, command=[]} | ret=SUCCESS |  
2019-08-20 19:18:44,954 | INFO  | SCMAudit | user=jenkins1000 | ip=192.168.69.105 | op=SEND_HEARTBEAT {datanodeUUID=4033865b-8d67-417a-8575-039c711fd8ba, command=[]} | ret=SUCCESS |  
2019-08-20 19:18:45,167 | INFO  | SCMAudit | user=jenkins1000 | ip=192.168.69.105 | op=SEND_HEARTBEAT {datanodeUUID=e274e395-c7b6-408d-a6b4-4add6056d6d1, command=[]} | ret=SUCCESS |  
2019-08-20 19:18:45,356 | INFO  | SCMAudit | user=jenkins1000 | ip=192.168.69.105 | op=SEND_HEARTBEAT {datanodeUUID=1df1583d-c3bd-46e3-b5a9-7f01f9158e7c, command=[]} | ret=SUCCESS |  
2019-08-20 19:18:45,608 | INFO  | SCMAudit | user=jenkins1000 | ip=192.168.69.105 | op=SEND_HEARTBEAT {datanodeUUID=340027e2-c19a-4ce0-8fe2-d5928ef30461, command=[]} | ret=SUCCESS |  
2019-08-20 19:18:45,854 | INFO  | SCMAudit | user=jenkins1000 | ip=192.168.69.105 | op=SEND_HEARTBEAT {datanodeUUID=16f059df-d226-4022-8e81-046858cbfecb, command=[]} | ret=SUCCESS |  
2019-08-20 19:18:45,882 | INFO  | SCMAudit | user=jenkins1000 | ip=192.168.69.105 | op=SEND_HEARTBEAT {datanodeUUID=e4f90e61-f3c9-4b9d-bc15-ac0e2b79db86, command=[]} | ret=SUCCESS |  
2019-08-20 19:18:45,892 | INFO  | SCMAudit | user=jenkins1000 | ip=192.168.69.105 | op=SEND_HEARTBEAT {datanodeUUID=91ae5334-971e-44ba-ab57-2ec2dd220942, command=[]} | ret=SUCCESS |  
2019-08-20 19:18:45,954 | INFO  | SCMAudit | user=jenkins1000 | ip=192.168.69.105 | op=SEND_HEARTBEAT {datanodeUUID=4033865b-8d67-417a-8575-039c711fd8ba, command=[]} | ret=SUCCESS |  
2019-08-20 19:18:46,166 | INFO  | SCMAudit | user=jenkins1000 | ip=192.168.69.105 | op=SEND_HEARTBEAT {datanodeUUID=e274e395-c7b6-408d-a6b4-4add6056d6d1, command=[]} | ret=SUCCESS |  
2019-08-20 19:18:46,356 | INFO  | SCMAudit | user=jenkins1000 | ip=192.168.69.105 | op=SEND_HEARTBEAT {datanodeUUID=1df1583d-c3bd-46e3-b5a9-7f01f9158e7c, command=[]} | ret=SUCCESS |  
2019-08-20 19:18:46,606 | INFO  | SCMAudit | user=jenkins1000 | ip=192.168.69.105 | op=SEND_HEARTBEAT {datanodeUUID=340027e2-c19a-4ce0-8fe2-d5928ef30461, command=[]} | ret=SUCCESS |  
2019-08-20 19:18:46,854 | INFO  | SCMAudit | user=jenkins1000 | ip=192.168.69.105 | op=SEND_HEARTBEAT {datanodeUUID=16f059df-d226-4022-8e81-046858cbfecb, command=[]} | ret=SUCCESS |  
2019-08-20 19:18:46,883 | INFO  | SCMAudit | user=jenkins1000 | ip=192.168.69.105 | op=SEND_HEARTBEAT {datanodeUUID=e4f90e61-f3c9-4b9d-bc15-ac0e2b79db86, command=[]} | ret=SUCCESS |  
2019-08-20 19:18:46,892 | INFO  | SCMAudit | user=jenkins1000 | ip=192.168.69.105 | op=SEND_HEARTBEAT {datanodeUUID=91ae5334-971e-44ba-ab57-2ec2dd220942, command=[]} | ret=SUCCESS |  
2019-08-20 19:18:46,955 | INFO  | SCMAudit | user=jenkins1000 | ip=192.168.69.105 | op=SEND_HEARTBEAT {datanodeUUID=4033865b-8d67-417a-8575-039c711fd8ba, command=[]} | ret=SUCCESS |  
2019-08-20 19:18:47,166 | INFO  | SCMAudit | user=jenkins1000 | ip=192.168.69.105 | op=SEND_HEARTBEAT {datanodeUUID=e274e395-c7b6-408d-a6b4-4add6056d6d1, command=[]} | ret=SUCCESS |  
2019-08-20 19:18:47,356 | INFO  | SCMAudit | user=jenkins1000 | ip=192.168.69.105 | op=SEND_HEARTBEAT {datanodeUUID=1df1583d-c3bd-46e3-b5a9-7f01f9158e7c, command=[]} | ret=SUCCESS |  
2019-08-20 19:18:47,606 | INFO  | SCMAudit | user=jenkins1000 | ip=192.168.69.105 | op=SEND_HEARTBEAT {datanodeUUID=340027e2-c19a-4ce0-8fe2-d5928ef30461, command=[]} | ret=SUCCESS |  
2019-08-20 19:18:47,854 | INFO  | SCMAudit | user=jenkins1000 | ip=192.168.69.105 | op=SEND_HEARTBEAT {datanodeUUID=16f059df-d226-4022-8e81-046858cbfecb, command=[]} | ret=SUCCESS |  
2019-08-20 19:18:47,883 | INFO  | SCMAudit | user=jenkins1000 | ip=192.168.69.105 | op=SEND_HEARTBEAT {datanodeUUID=e4f90e61-f3c9-4b9d-bc15-ac0e2b79db86, command=[]} | ret=SUCCESS |  
2019-08-20 19:18:47,892 | INFO  | SCMAudit | user=jenkins1000 | ip=192.168.69.105 | op=SEND_HEARTBEAT {datanodeUUID=91ae5334-971e-44ba-ab57-2ec2dd220942, command=[]} | ret=SUCCESS |  
2019-08-20 19:18:47,954 | INFO  | SCMAudit | user=jenkins1000 | ip=192.168.69.105 | op=SEND_HEARTBEAT {datanodeUUID=4033865b-8d67-417a-8575-039c711fd8ba, command=[]} | ret=SUCCESS |  
2019-08-20 19:18:48,166 | INFO  | SCMAudit | user=jenkins1000 | ip=192.168.69.105 | op=SEND_HEARTBEAT {datanodeUUID=e274e395-c7b6-408d-a6b4-4add6056d6d1, command=[]} | ret=SUCCESS |  
2019-08-20 19:18:48,356 | INFO  | SCMAudit | user=jenkins1000 | ip=192.168.69.105 | op=SEND_HEARTBEAT {datanodeUUID=1df1583d-c3bd-46e3-b5a9-7f01f9158e7c, command=[]} | ret=SUCCESS |  
2019-08-20 19:18:48,606 | INFO  | SCMAudit | user=jenkins1000 | ip=192.168.69.105 | op=SEND_HEARTBEAT {datanodeUUID=340027e2-c19a-4ce0-8fe2-d5928ef30461, command=[]} | ret=SUCCESS |  
2019-08-20 19:18:48,701 [grpc-default-executor-4] INFO  client.GrpcClientProtocolClient (GrpcClientProtocolClient.java:onNext(255)) - client-8301E8A5B94A->91ae5334-971e-44ba-ab57-2ec2dd220942: receive RaftClientReply:client-8301E8A5B94A->91ae5334-971e-44ba-ab57-2ec2dd220942@group-782B390D3D40, cid=45, FAILED org.apache.ratis.protocol.NotLeaderException: Server 91ae5334-971e-44ba-ab57-2ec2dd220942 is not the leader (16f059df-d226-4022-8e81-046858cbfecb:192.168.69.105:37581). Request must be sent to leader., logIndex=0, commits[91ae5334-971e-44ba-ab57-2ec2dd220942:c8, e4f90e61-f3c9-4b9d-bc15-ac0e2b79db86:c8, 16f059df-d226-4022-8e81-046858cbfecb:c8]
2019-08-20 19:18:48,854 | INFO  | SCMAudit | user=jenkins1000 | ip=192.168.69.105 | op=SEND_HEARTBEAT {datanodeUUID=16f059df-d226-4022-8e81-046858cbfecb, command=[]} | ret=SUCCESS |  
2019-08-20 19:18:48,883 | INFO  | SCMAudit | user=jenkins1000 | ip=192.168.69.105 | op=SEND_HEARTBEAT {datanodeUUID=e4f90e61-f3c9-4b9d-bc15-ac0e2b79db86, command=[]} | ret=SUCCESS |  
2019-08-20 19:18:48,892 | INFO  | SCMAudit | user=jenkins1000 | ip=192.168.69.105 | op=SEND_HEARTBEAT {datanodeUUID=91ae5334-971e-44ba-ab57-2ec2dd220942, command=[]} | ret=SUCCESS |  
2019-08-20 19:18:48,954 | INFO  | SCMAudit | user=jenkins1000 | ip=192.168.69.105 | op=SEND_HEARTBEAT {datanodeUUID=4033865b-8d67-417a-8575-039c711fd8ba, command=[]} | ret=SUCCESS |  
2019-08-20 19:18:49,166 | INFO  | SCMAudit | user=jenkins1000 | ip=192.168.69.105 | op=SEND_HEARTBEAT {datanodeUUID=e274e395-c7b6-408d-a6b4-4add6056d6d1, command=[]} | ret=SUCCESS |  
2019-08-20 19:18:49,356 | INFO  | SCMAudit | user=jenkins1000 | ip=192.168.69.105 | op=SEND_HEARTBEAT {datanodeUUID=1df1583d-c3bd-46e3-b5a9-7f01f9158e7c, command=[]} | ret=SUCCESS |  
2019-08-20 19:18:49,606 | INFO  | SCMAudit | user=jenkins1000 | ip=192.168.69.105 | op=SEND_HEARTBEAT {datanodeUUID=340027e2-c19a-4ce0-8fe2-d5928ef30461, command=[]} | ret=SUCCESS |  
2019-08-20 19:18:49,855 | INFO  | SCMAudit | user=jenkins1000 | ip=192.168.69.105 | op=SEND_HEARTBEAT {datanodeUUID=16f059df-d226-4022-8e81-046858cbfecb, command=[]} | ret=SUCCESS |  
2019-08-20 19:18:49,883 | INFO  | SCMAudit | user=jenkins1000 | ip=192.168.69.105 | op=SEND_HEARTBEAT {datanodeUUID=e4f90e61-f3c9-4b9d-bc15-ac0e2b79db86, command=[]} | ret=SUCCESS |  
2019-08-20 19:18:49,892 | INFO  | SCMAudit | user=jenkins1000 | ip=192.168.69.105 | op=SEND_HEARTBEAT {datanodeUUID=91ae5334-971e-44ba-ab57-2ec2dd220942, command=[]} | ret=SUCCESS |  
2019-08-20 19:18:49,954 | INFO  | SCMAudit | user=jenkins1000 | ip=192.168.69.105 | op=SEND_HEARTBEAT {datanodeUUID=4033865b-8d67-417a-8575-039c711fd8ba, command=[]} | ret=SUCCESS |  
2019-08-20 19:18:50,166 | INFO  | SCMAudit | user=jenkins1000 | ip=192.168.69.105 | op=SEND_HEARTBEAT {datanodeUUID=e274e395-c7b6-408d-a6b4-4add6056d6d1, command=[]} | ret=SUCCESS |  
2019-08-20 19:18:50,357 | INFO  | SCMAudit | user=jenkins1000 | ip=192.168.69.105 | op=SEND_HEARTBEAT {datanodeUUID=1df1583d-c3bd-46e3-b5a9-7f01f9158e7c, command=[]} | ret=SUCCESS |  
2019-08-20 19:18:50,607 | INFO  | SCMAudit | user=jenkins1000 | ip=192.168.69.105 | op=SEND_HEARTBEAT {datanodeUUID=340027e2-c19a-4ce0-8fe2-d5928ef30461, command=[]} | ret=SUCCESS |  
2019-08-20 19:18:50,854 | INFO  | SCMAudit | user=jenkins1000 | ip=192.168.69.105 | op=SEND_HEARTBEAT {datanodeUUID=16f059df-d226-4022-8e81-046858cbfecb, command=[]} | ret=SUCCESS |  
2019-08-20 19:18:50,883 | INFO  | SCMAudit | user=jenkins1000 | ip=192.168.69.105 | op=SEND_HEARTBEAT {datanodeUUID=e4f90e61-f3c9-4b9d-bc15-ac0e2b79db86, command=[]} | ret=SUCCESS |  
2019-08-20 19:18:50,892 | INFO  | SCMAudit | user=jenkins1000 | ip=192.168.69.105 | op=SEND_HEARTBEAT {datanodeUUID=91ae5334-971e-44ba-ab57-2ec2dd220942, command=[]} | ret=SUCCESS |  
2019-08-20 19:18:50,954 | INFO  | SCMAudit | user=jenkins1000 | ip=192.168.69.105 | op=SEND_HEARTBEAT {datanodeUUID=4033865b-8d67-417a-8575-039c711fd8ba, command=[]} | ret=SUCCESS |  
2019-08-20 19:18:51,166 | INFO  | SCMAudit | user=jenkins1000 | ip=192.168.69.105 | op=SEND_HEARTBEAT {datanodeUUID=e274e395-c7b6-408d-a6b4-4add6056d6d1, command=[]} | ret=SUCCESS |  
2019-08-20 19:18:51,356 | INFO  | SCMAudit | user=jenkins1000 | ip=192.168.69.105 | op=SEND_HEARTBEAT {datanodeUUID=1df1583d-c3bd-46e3-b5a9-7f01f9158e7c, command=[]} | ret=SUCCESS |  
2019-08-20 19:18:51,606 | INFO  | SCMAudit | user=jenkins1000 | ip=192.168.69.105 | op=SEND_HEARTBEAT {datanodeUUID=340027e2-c19a-4ce0-8fe2-d5928ef30461, command=[]} | ret=SUCCESS |  
2019-08-20 19:18:51,854 | INFO  | SCMAudit | user=jenkins1000 | ip=192.168.69.105 | op=SEND_HEARTBEAT {datanodeUUID=16f059df-d226-4022-8e81-046858cbfecb, command=[]} | ret=SUCCESS |  
2019-08-20 19:18:51,883 | INFO  | SCMAudit | user=jenkins1000 | ip=192.168.69.105 | op=SEND_HEARTBEAT {datanodeUUID=e4f90e61-f3c9-4b9d-bc15-ac0e2b79db86, command=[]} | ret=SUCCESS |  
2019-08-20 19:18:51,892 | INFO  | SCMAudit | user=jenkins1000 | ip=192.168.69.105 | op=SEND_HEARTBEAT {datanodeUUID=91ae5334-971e-44ba-ab57-2ec2dd220942, command=[]} | ret=SUCCESS |  
2019-08-20 19:18:51,954 | INFO  | SCMAudit | user=jenkins1000 | ip=192.168.69.105 | op=SEND_HEARTBEAT {datanodeUUID=4033865b-8d67-417a-8575-039c711fd8ba, command=[]} | ret=SUCCESS |  
2019-08-20 19:18:52,167 | INFO  | SCMAudit | user=jenkins1000 | ip=192.168.69.105 | op=SEND_HEARTBEAT {datanodeUUID=e274e395-c7b6-408d-a6b4-4add6056d6d1, command=[]} | ret=SUCCESS |  
2019-08-20 19:18:52,356 | INFO  | SCMAudit | user=jenkins1000 | ip=192.168.69.105 | op=SEND_HEARTBEAT {datanodeUUID=1df1583d-c3bd-46e3-b5a9-7f01f9158e7c, command=[]} | ret=SUCCESS |  
2019-08-20 19:18:52,606 | INFO  | SCMAudit | user=jenkins1000 | ip=192.168.69.105 | op=SEND_HEARTBEAT {datanodeUUID=340027e2-c19a-4ce0-8fe2-d5928ef30461, command=[]} | ret=SUCCESS |  
2019-08-20 19:18:52,854 | INFO  | SCMAudit | user=jenkins1000 | ip=192.168.69.105 | op=SEND_HEARTBEAT {datanodeUUID=16f059df-d226-4022-8e81-046858cbfecb, command=[]} | ret=SUCCESS |  
2019-08-20 19:18:52,883 | INFO  | SCMAudit | user=jenkins1000 | ip=192.168.69.105 | op=SEND_HEARTBEAT {datanodeUUID=e4f90e61-f3c9-4b9d-bc15-ac0e2b79db86, command=[]} | ret=SUCCESS |  
2019-08-20 19:18:52,892 | INFO  | SCMAudit | user=jenkins1000 | ip=192.168.69.105 | op=SEND_HEARTBEAT {datanodeUUID=91ae5334-971e-44ba-ab57-2ec2dd220942, command=[]} | ret=SUCCESS |  
2019-08-20 19:18:52,954 | INFO  | SCMAudit | user=jenkins1000 | ip=192.168.69.105 | op=SEND_HEARTBEAT {datanodeUUID=4033865b-8d67-417a-8575-039c711fd8ba, command=[]} | ret=SUCCESS |  
2019-08-20 19:18:53,166 | INFO  | SCMAudit | user=jenkins1000 | ip=192.168.69.105 | op=SEND_HEARTBEAT {datanodeUUID=e274e395-c7b6-408d-a6b4-4add6056d6d1, command=[]} | ret=SUCCESS |  
2019-08-20 19:18:53,356 | INFO  | SCMAudit | user=jenkins1000 | ip=192.168.69.105 | op=SEND_HEARTBEAT {datanodeUUID=1df1583d-c3bd-46e3-b5a9-7f01f9158e7c, command=[]} | ret=SUCCESS |  
2019-08-20 19:18:53,606 | INFO  | SCMAudit | user=jenkins1000 | ip=192.168.69.105 | op=SEND_HEARTBEAT {datanodeUUID=340027e2-c19a-4ce0-8fe2-d5928ef30461, command=[]} | ret=SUCCESS |  
2019-08-20 19:18:53,744 [grpc-default-executor-4] INFO  client.GrpcClientProtocolClient (GrpcClientProtocolClient.java:onNext(255)) - client-8301E8A5B94A->91ae5334-971e-44ba-ab57-2ec2dd220942: receive RaftClientReply:client-8301E8A5B94A->91ae5334-971e-44ba-ab57-2ec2dd220942@group-782B390D3D40, cid=45, FAILED org.apache.ratis.protocol.NotLeaderException: Server 91ae5334-971e-44ba-ab57-2ec2dd220942 is not the leader (16f059df-d226-4022-8e81-046858cbfecb:192.168.69.105:37581). Request must be sent to leader., logIndex=0, commits[91ae5334-971e-44ba-ab57-2ec2dd220942:c8, e4f90e61-f3c9-4b9d-bc15-ac0e2b79db86:c8, 16f059df-d226-4022-8e81-046858cbfecb:c8]
2019-08-20 19:18:53,854 | INFO  | SCMAudit | user=jenkins1000 | ip=192.168.69.105 | op=SEND_HEARTBEAT {datanodeUUID=16f059df-d226-4022-8e81-046858cbfecb, command=[]} | ret=SUCCESS |  
2019-08-20 19:18:53,883 | INFO  | SCMAudit | user=jenkins1000 | ip=192.168.69.105 | op=SEND_HEARTBEAT {datanodeUUID=e4f90e61-f3c9-4b9d-bc15-ac0e2b79db86, command=[]} | ret=SUCCESS |  
2019-08-20 19:18:53,892 | INFO  | SCMAudit | user=jenkins1000 | ip=192.168.69.105 | op=SEND_HEARTBEAT {datanodeUUID=91ae5334-971e-44ba-ab57-2ec2dd220942, command=[]} | ret=SUCCESS |  
2019-08-20 19:18:53,954 | INFO  | SCMAudit | user=jenkins1000 | ip=192.168.69.105 | op=SEND_HEARTBEAT {datanodeUUID=4033865b-8d67-417a-8575-039c711fd8ba, command=[]} | ret=SUCCESS |  
2019-08-20 19:18:54,166 | INFO  | SCMAudit | user=jenkins1000 | ip=192.168.69.105 | op=SEND_HEARTBEAT {datanodeUUID=e274e395-c7b6-408d-a6b4-4add6056d6d1, command=[]} | ret=SUCCESS |  
2019-08-20 19:18:54,357 | INFO  | SCMAudit | user=jenkins1000 | ip=192.168.69.105 | op=SEND_HEARTBEAT {datanodeUUID=1df1583d-c3bd-46e3-b5a9-7f01f9158e7c, command=[]} | ret=SUCCESS |  
2019-08-20 19:18:54,606 | INFO  | SCMAudit | user=jenkins1000 | ip=192.168.69.105 | op=SEND_HEARTBEAT {datanodeUUID=340027e2-c19a-4ce0-8fe2-d5928ef30461, command=[]} | ret=SUCCESS |  
2019-08-20 19:18:54,855 | INFO  | SCMAudit | user=jenkins1000 | ip=192.168.69.105 | op=SEND_HEARTBEAT {datanodeUUID=16f059df-d226-4022-8e81-046858cbfecb, command=[]} | ret=SUCCESS |  
2019-08-20 19:18:54,884 | INFO  | SCMAudit | user=jenkins1000 | ip=192.168.69.105 | op=SEND_HEARTBEAT {datanodeUUID=e4f90e61-f3c9-4b9d-bc15-ac0e2b79db86, command=[]} | ret=SUCCESS |  
2019-08-20 19:18:54,892 | INFO  | SCMAudit | user=jenkins1000 | ip=192.168.69.105 | op=SEND_HEARTBEAT {datanodeUUID=91ae5334-971e-44ba-ab57-2ec2dd220942, command=[]} | ret=SUCCESS |  
2019-08-20 19:18:54,954 | INFO  | SCMAudit | user=jenkins1000 | ip=192.168.69.105 | op=SEND_HEARTBEAT {datanodeUUID=4033865b-8d67-417a-8575-039c711fd8ba, command=[]} | ret=SUCCESS |  
2019-08-20 19:18:55,166 | INFO  | SCMAudit | user=jenkins1000 | ip=192.168.69.105 | op=SEND_HEARTBEAT {datanodeUUID=e274e395-c7b6-408d-a6b4-4add6056d6d1, command=[]} | ret=SUCCESS |  
2019-08-20 19:18:55,356 | INFO  | SCMAudit | user=jenkins1000 | ip=192.168.69.105 | op=SEND_HEARTBEAT {datanodeUUID=1df1583d-c3bd-46e3-b5a9-7f01f9158e7c, command=[]} | ret=SUCCESS |  
2019-08-20 19:18:55,607 | INFO  | SCMAudit | user=jenkins1000 | ip=192.168.69.105 | op=SEND_HEARTBEAT {datanodeUUID=340027e2-c19a-4ce0-8fe2-d5928ef30461, command=[]} | ret=SUCCESS |  
2019-08-20 19:18:55,855 | INFO  | SCMAudit | user=jenkins1000 | ip=192.168.69.105 | op=SEND_HEARTBEAT {datanodeUUID=16f059df-d226-4022-8e81-046858cbfecb, command=[]} | ret=SUCCESS |  
2019-08-20 19:18:55,884 | INFO  | SCMAudit | user=jenkins1000 | ip=192.168.69.105 | op=SEND_HEARTBEAT {datanodeUUID=e4f90e61-f3c9-4b9d-bc15-ac0e2b79db86, command=[]} | ret=SUCCESS |  
2019-08-20 19:18:55,892 | INFO  | SCMAudit | user=jenkins1000 | ip=192.168.69.105 | op=SEND_HEARTBEAT {datanodeUUID=91ae5334-971e-44ba-ab57-2ec2dd220942, command=[]} | ret=SUCCESS |  
2019-08-20 19:18:55,954 | INFO  | SCMAudit | user=jenkins1000 | ip=192.168.69.105 | op=SEND_HEARTBEAT {datanodeUUID=4033865b-8d67-417a-8575-039c711fd8ba, command=[]} | ret=SUCCESS |  
2019-08-20 19:18:56,166 | INFO  | SCMAudit | user=jenkins1000 | ip=192.168.69.105 | op=SEND_HEARTBEAT {datanodeUUID=e274e395-c7b6-408d-a6b4-4add6056d6d1, command=[]} | ret=SUCCESS |  
2019-08-20 19:18:56,356 | INFO  | SCMAudit | user=jenkins1000 | ip=192.168.69.105 | op=SEND_HEARTBEAT {datanodeUUID=1df1583d-c3bd-46e3-b5a9-7f01f9158e7c, command=[]} | ret=SUCCESS |  
2019-08-20 19:18:56,607 | INFO  | SCMAudit | user=jenkins1000 | ip=192.168.69.105 | op=SEND_HEARTBEAT {datanodeUUID=340027e2-c19a-4ce0-8fe2-d5928ef30461, command=[]} | ret=SUCCESS |  
2019-08-20 19:18:56,855 | INFO  | SCMAudit | user=jenkins1000 | ip=192.168.69.105 | op=SEND_HEARTBEAT {datanodeUUID=16f059df-d226-4022-8e81-046858cbfecb, command=[]} | ret=SUCCESS |  
2019-08-20 19:18:56,884 | INFO  | SCMAudit | user=jenkins1000 | ip=192.168.69.105 | op=SEND_HEARTBEAT {datanodeUUID=e4f90e61-f3c9-4b9d-bc15-ac0e2b79db86, command=[]} | ret=SUCCESS |  
2019-08-20 19:18:56,893 | INFO  | SCMAudit | user=jenkins1000 | ip=192.168.69.105 | op=SEND_HEARTBEAT {datanodeUUID=91ae5334-971e-44ba-ab57-2ec2dd220942, command=[]} | ret=SUCCESS |  
2019-08-20 19:18:56,955 | INFO  | SCMAudit | user=jenkins1000 | ip=192.168.69.105 | op=SEND_HEARTBEAT {datanodeUUID=4033865b-8d67-417a-8575-039c711fd8ba, command=[]} | ret=SUCCESS |  
2019-08-20 19:18:57,166 | INFO  | SCMAudit | user=jenkins1000 | ip=192.168.69.105 | op=SEND_HEARTBEAT {datanodeUUID=e274e395-c7b6-408d-a6b4-4add6056d6d1, command=[]} | ret=SUCCESS |  
2019-08-20 19:18:57,357 | INFO  | SCMAudit | user=jenkins1000 | ip=192.168.69.105 | op=SEND_HEARTBEAT {datanodeUUID=1df1583d-c3bd-46e3-b5a9-7f01f9158e7c, command=[]} | ret=SUCCESS |  
2019-08-20 19:18:57,607 | INFO  | SCMAudit | user=jenkins1000 | ip=192.168.69.105 | op=SEND_HEARTBEAT {datanodeUUID=340027e2-c19a-4ce0-8fe2-d5928ef30461, command=[]} | ret=SUCCESS |  
2019-08-20 19:18:57,855 | INFO  | SCMAudit | user=jenkins1000 | ip=192.168.69.105 | op=SEND_HEARTBEAT {datanodeUUID=16f059df-d226-4022-8e81-046858cbfecb, command=[]} | ret=SUCCESS |  
2019-08-20 19:18:57,884 | INFO  | SCMAudit | user=jenkins1000 | ip=192.168.69.105 | op=SEND_HEARTBEAT {datanodeUUID=e4f90e61-f3c9-4b9d-bc15-ac0e2b79db86, command=[]} | ret=SUCCESS |  
2019-08-20 19:18:57,893 | INFO  | SCMAudit | user=jenkins1000 | ip=192.168.69.105 | op=SEND_HEARTBEAT {datanodeUUID=91ae5334-971e-44ba-ab57-2ec2dd220942, command=[]} | ret=SUCCESS |  
2019-08-20 19:18:57,955 | INFO  | SCMAudit | user=jenkins1000 | ip=192.168.69.105 | op=SEND_HEARTBEAT {datanodeUUID=4033865b-8d67-417a-8575-039c711fd8ba, command=[]} | ret=SUCCESS |  
2019-08-20 19:18:58,167 | INFO  | SCMAudit | user=jenkins1000 | ip=192.168.69.105 | op=SEND_HEARTBEAT {datanodeUUID=e274e395-c7b6-408d-a6b4-4add6056d6d1, command=[]} | ret=SUCCESS |  
2019-08-20 19:18:58,357 | INFO  | SCMAudit | user=jenkins1000 | ip=192.168.69.105 | op=SEND_HEARTBEAT {datanodeUUID=1df1583d-c3bd-46e3-b5a9-7f01f9158e7c, command=[]} | ret=SUCCESS |  
2019-08-20 19:18:58,607 | INFO  | SCMAudit | user=jenkins1000 | ip=192.168.69.105 | op=SEND_HEARTBEAT {datanodeUUID=340027e2-c19a-4ce0-8fe2-d5928ef30461, command=[]} | ret=SUCCESS |  
2019-08-20 19:18:58,784 [grpc-default-executor-4] INFO  client.GrpcClientProtocolClient (GrpcClientProtocolClient.java:onNext(255)) - client-8301E8A5B94A->91ae5334-971e-44ba-ab57-2ec2dd220942: receive RaftClientReply:client-8301E8A5B94A->91ae5334-971e-44ba-ab57-2ec2dd220942@group-782B390D3D40, cid=45, FAILED org.apache.ratis.protocol.NotLeaderException: Server 91ae5334-971e-44ba-ab57-2ec2dd220942 is not the leader (16f059df-d226-4022-8e81-046858cbfecb:192.168.69.105:37581). Request must be sent to leader., logIndex=0, commits[91ae5334-971e-44ba-ab57-2ec2dd220942:c8, e4f90e61-f3c9-4b9d-bc15-ac0e2b79db86:c8, 16f059df-d226-4022-8e81-046858cbfecb:c8]
2019-08-20 19:18:58,856 | INFO  | SCMAudit | user=jenkins1000 | ip=192.168.69.105 | op=SEND_HEARTBEAT {datanodeUUID=16f059df-d226-4022-8e81-046858cbfecb, command=[]} | ret=SUCCESS |  
2019-08-20 19:18:58,884 | INFO  | SCMAudit | user=jenkins1000 | ip=192.168.69.105 | op=SEND_HEARTBEAT {datanodeUUID=e4f90e61-f3c9-4b9d-bc15-ac0e2b79db86, command=[]} | ret=SUCCESS |  
2019-08-20 19:18:58,893 | INFO  | SCMAudit | user=jenkins1000 | ip=192.168.69.105 | op=SEND_HEARTBEAT {datanodeUUID=91ae5334-971e-44ba-ab57-2ec2dd220942, command=[]} | ret=SUCCESS |  
2019-08-20 19:18:58,955 | INFO  | SCMAudit | user=jenkins1000 | ip=192.168.69.105 | op=SEND_HEARTBEAT {datanodeUUID=4033865b-8d67-417a-8575-039c711fd8ba, command=[]} | ret=SUCCESS |  
2019-08-20 19:18:59,166 | INFO  | SCMAudit | user=jenkins1000 | ip=192.168.69.105 | op=SEND_HEARTBEAT {datanodeUUID=e274e395-c7b6-408d-a6b4-4add6056d6d1, command=[]} | ret=SUCCESS |  
2019-08-20 19:18:59,357 | INFO  | SCMAudit | user=jenkins1000 | ip=192.168.69.105 | op=SEND_HEARTBEAT {datanodeUUID=1df1583d-c3bd-46e3-b5a9-7f01f9158e7c, command=[]} | ret=SUCCESS |  
2019-08-20 19:18:59,607 | INFO  | SCMAudit | user=jenkins1000 | ip=192.168.69.105 | op=SEND_HEARTBEAT {datanodeUUID=340027e2-c19a-4ce0-8fe2-d5928ef30461, command=[]} | ret=SUCCESS |  
2019-08-20 19:18:59,856 | INFO  | SCMAudit | user=jenkins1000 | ip=192.168.69.105 | op=SEND_HEARTBEAT {datanodeUUID=16f059df-d226-4022-8e81-046858cbfecb, command=[]} | ret=SUCCESS |  
2019-08-20 19:18:59,884 | INFO  | SCMAudit | user=jenkins1000 | ip=192.168.69.105 | op=SEND_HEARTBEAT {datanodeUUID=e4f90e61-f3c9-4b9d-bc15-ac0e2b79db86, command=[]} | ret=SUCCESS |  
2019-08-20 19:18:59,893 | INFO  | SCMAudit | user=jenkins1000 | ip=192.168.69.105 | op=SEND_HEARTBEAT {datanodeUUID=91ae5334-971e-44ba-ab57-2ec2dd220942, command=[]} | ret=SUCCESS |  
2019-08-20 19:18:59,956 | INFO  | SCMAudit | user=jenkins1000 | ip=192.168.69.105 | op=SEND_HEARTBEAT {datanodeUUID=4033865b-8d67-417a-8575-039c711fd8ba, command=[]} | ret=SUCCESS |  
2019-08-20 19:19:00,166 | INFO  | SCMAudit | user=jenkins1000 | ip=192.168.69.105 | op=SEND_HEARTBEAT {datanodeUUID=e274e395-c7b6-408d-a6b4-4add6056d6d1, command=[]} | ret=SUCCESS |  
2019-08-20 19:19:00,357 | INFO  | SCMAudit | user=jenkins1000 | ip=192.168.69.105 | op=SEND_HEARTBEAT {datanodeUUID=1df1583d-c3bd-46e3-b5a9-7f01f9158e7c, command=[]} | ret=SUCCESS |  
2019-08-20 19:19:00,608 | INFO  | SCMAudit | user=jenkins1000 | ip=192.168.69.105 | op=SEND_HEARTBEAT {datanodeUUID=340027e2-c19a-4ce0-8fe2-d5928ef30461, command=[]} | ret=SUCCESS |  
2019-08-20 19:19:00,856 | INFO  | SCMAudit | user=jenkins1000 | ip=192.168.69.105 | op=SEND_HEARTBEAT {datanodeUUID=16f059df-d226-4022-8e81-046858cbfecb, command=[]} | ret=SUCCESS |  
2019-08-20 19:19:00,884 | INFO  | SCMAudit | user=jenkins1000 | ip=192.168.69.105 | op=SEND_HEARTBEAT {datanodeUUID=e4f90e61-f3c9-4b9d-bc15-ac0e2b79db86, command=[]} | ret=SUCCESS |  
2019-08-20 19:19:00,893 | INFO  | SCMAudit | user=jenkins1000 | ip=192.168.69.105 | op=SEND_HEARTBEAT {datanodeUUID=91ae5334-971e-44ba-ab57-2ec2dd220942, command=[]} | ret=SUCCESS |  
2019-08-20 19:19:00,956 | INFO  | SCMAudit | user=jenkins1000 | ip=192.168.69.105 | op=SEND_HEARTBEAT {datanodeUUID=4033865b-8d67-417a-8575-039c711fd8ba, command=[]} | ret=SUCCESS |  
2019-08-20 19:19:01,166 | INFO  | SCMAudit | user=jenkins1000 | ip=192.168.69.105 | op=SEND_HEARTBEAT {datanodeUUID=e274e395-c7b6-408d-a6b4-4add6056d6d1, command=[]} | ret=SUCCESS |  
2019-08-20 19:19:01,357 | INFO  | SCMAudit | user=jenkins1000 | ip=192.168.69.105 | op=SEND_HEARTBEAT {datanodeUUID=1df1583d-c3bd-46e3-b5a9-7f01f9158e7c, command=[]} | ret=SUCCESS |  
2019-08-20 19:19:01,607 | INFO  | SCMAudit | user=jenkins1000 | ip=192.168.69.105 | op=SEND_HEARTBEAT {datanodeUUID=340027e2-c19a-4ce0-8fe2-d5928ef30461, command=[]} | ret=SUCCESS |  
2019-08-20 19:19:01,856 | INFO  | SCMAudit | user=jenkins1000 | ip=192.168.69.105 | op=SEND_HEARTBEAT {datanodeUUID=16f059df-d226-4022-8e81-046858cbfecb, command=[]} | ret=SUCCESS |  
2019-08-20 19:19:01,884 | INFO  | SCMAudit | user=jenkins1000 | ip=192.168.69.105 | op=SEND_HEARTBEAT {datanodeUUID=e4f90e61-f3c9-4b9d-bc15-ac0e2b79db86, command=[]} | ret=SUCCESS |  
2019-08-20 19:19:01,894 | INFO  | SCMAudit | user=jenkins1000 | ip=192.168.69.105 | op=SEND_HEARTBEAT {datanodeUUID=91ae5334-971e-44ba-ab57-2ec2dd220942, command=[]} | ret=SUCCESS |  
2019-08-20 19:19:01,956 | INFO  | SCMAudit | user=jenkins1000 | ip=192.168.69.105 | op=SEND_HEARTBEAT {datanodeUUID=4033865b-8d67-417a-8575-039c711fd8ba, command=[]} | ret=SUCCESS |  
2019-08-20 19:19:02,167 | INFO  | SCMAudit | user=jenkins1000 | ip=192.168.69.105 | op=SEND_HEARTBEAT {datanodeUUID=e274e395-c7b6-408d-a6b4-4add6056d6d1, command=[]} | ret=SUCCESS |  
2019-08-20 19:19:02,357 | INFO  | SCMAudit | user=jenkins1000 | ip=192.168.69.105 | op=SEND_HEARTBEAT {datanodeUUID=1df1583d-c3bd-46e3-b5a9-7f01f9158e7c, command=[]} | ret=SUCCESS |  
2019-08-20 19:19:02,607 | INFO  | SCMAudit | user=jenkins1000 | ip=192.168.69.105 | op=SEND_HEARTBEAT {datanodeUUID=340027e2-c19a-4ce0-8fe2-d5928ef30461, command=[]} | ret=SUCCESS |  
2019-08-20 19:19:02,856 | INFO  | SCMAudit | user=jenkins1000 | ip=192.168.69.105 | op=SEND_HEARTBEAT {datanodeUUID=16f059df-d226-4022-8e81-046858cbfecb, command=[]} | ret=SUCCESS |  
2019-08-20 19:19:02,884 | INFO  | SCMAudit | user=jenkins1000 | ip=192.168.69.105 | op=SEND_HEARTBEAT {datanodeUUID=e4f90e61-f3c9-4b9d-bc15-ac0e2b79db86, command=[]} | ret=SUCCESS |  
2019-08-20 19:19:02,895 | INFO  | SCMAudit | user=jenkins1000 | ip=192.168.69.105 | op=SEND_HEARTBEAT {datanodeUUID=91ae5334-971e-44ba-ab57-2ec2dd220942, command=[]} | ret=SUCCESS |  
2019-08-20 19:19:02,956 | INFO  | SCMAudit | user=jenkins1000 | ip=192.168.69.105 | op=SEND_HEARTBEAT {datanodeUUID=4033865b-8d67-417a-8575-039c711fd8ba, command=[]} | ret=SUCCESS |  
2019-08-20 19:19:03,167 | INFO  | SCMAudit | user=jenkins1000 | ip=192.168.69.105 | op=SEND_HEARTBEAT {datanodeUUID=e274e395-c7b6-408d-a6b4-4add6056d6d1, command=[]} | ret=SUCCESS |  
2019-08-20 19:19:03,358 | INFO  | SCMAudit | user=jenkins1000 | ip=192.168.69.105 | op=SEND_HEARTBEAT {datanodeUUID=1df1583d-c3bd-46e3-b5a9-7f01f9158e7c, command=[]} | ret=SUCCESS |  
2019-08-20 19:19:03,608 | INFO  | SCMAudit | user=jenkins1000 | ip=192.168.69.105 | op=SEND_HEARTBEAT {datanodeUUID=340027e2-c19a-4ce0-8fe2-d5928ef30461, command=[]} | ret=SUCCESS |  
2019-08-20 19:19:03,822 [grpc-default-executor-4] INFO  client.GrpcClientProtocolClient (GrpcClientProtocolClient.java:onNext(255)) - client-8301E8A5B94A->e4f90e61-f3c9-4b9d-bc15-ac0e2b79db86: receive RaftClientReply:client-8301E8A5B94A->e4f90e61-f3c9-4b9d-bc15-ac0e2b79db86@group-782B390D3D40, cid=45, FAILED org.apache.ratis.protocol.NotLeaderException: Server e4f90e61-f3c9-4b9d-bc15-ac0e2b79db86 is not the leader (16f059df-d226-4022-8e81-046858cbfecb:192.168.69.105:37581). Request must be sent to leader., logIndex=0, commits[e4f90e61-f3c9-4b9d-bc15-ac0e2b79db86:c8, 16f059df-d226-4022-8e81-046858cbfecb:c8, 91ae5334-971e-44ba-ab57-2ec2dd220942:c8]
2019-08-20 19:19:03,856 | INFO  | SCMAudit | user=jenkins1000 | ip=192.168.69.105 | op=SEND_HEARTBEAT {datanodeUUID=16f059df-d226-4022-8e81-046858cbfecb, command=[]} | ret=SUCCESS |  
2019-08-20 19:19:03,884 | INFO  | SCMAudit | user=jenkins1000 | ip=192.168.69.105 | op=SEND_HEARTBEAT {datanodeUUID=e4f90e61-f3c9-4b9d-bc15-ac0e2b79db86, command=[]} | ret=SUCCESS |  
2019-08-20 19:19:03,895 | INFO  | SCMAudit | user=jenkins1000 | ip=192.168.69.105 | op=SEND_HEARTBEAT {datanodeUUID=91ae5334-971e-44ba-ab57-2ec2dd220942, command=[]} | ret=SUCCESS |  
2019-08-20 19:19:03,956 | INFO  | SCMAudit | user=jenkins1000 | ip=192.168.69.105 | op=SEND_HEARTBEAT {datanodeUUID=4033865b-8d67-417a-8575-039c711fd8ba, command=[]} | ret=SUCCESS |  
2019-08-20 19:19:04,167 | INFO  | SCMAudit | user=jenkins1000 | ip=192.168.69.105 | op=SEND_HEARTBEAT {datanodeUUID=e274e395-c7b6-408d-a6b4-4add6056d6d1, command=[]} | ret=SUCCESS |  
2019-08-20 19:19:04,357 | INFO  | SCMAudit | user=jenkins1000 | ip=192.168.69.105 | op=SEND_HEARTBEAT {datanodeUUID=1df1583d-c3bd-46e3-b5a9-7f01f9158e7c, command=[]} | ret=SUCCESS |  
2019-08-20 19:19:04,608 | INFO  | SCMAudit | user=jenkins1000 | ip=192.168.69.105 | op=SEND_HEARTBEAT {datanodeUUID=340027e2-c19a-4ce0-8fe2-d5928ef30461, command=[]} | ret=SUCCESS |  
2019-08-20 19:19:04,857 | INFO  | SCMAudit | user=jenkins1000 | ip=192.168.69.105 | op=SEND_HEARTBEAT {datanodeUUID=16f059df-d226-4022-8e81-046858cbfecb, command=[]} | ret=SUCCESS |  
2019-08-20 19:19:04,884 | INFO  | SCMAudit | user=jenkins1000 | ip=192.168.69.105 | op=SEND_HEARTBEAT {datanodeUUID=e4f90e61-f3c9-4b9d-bc15-ac0e2b79db86, command=[]} | ret=SUCCESS |  
2019-08-20 19:19:04,895 | INFO  | SCMAudit | user=jenkins1000 | ip=192.168.69.105 | op=SEND_HEARTBEAT {datanodeUUID=91ae5334-971e-44ba-ab57-2ec2dd220942, command=[]} | ret=SUCCESS |  
2019-08-20 19:19:04,956 | INFO  | SCMAudit | user=jenkins1000 | ip=192.168.69.105 | op=SEND_HEARTBEAT {datanodeUUID=4033865b-8d67-417a-8575-039c711fd8ba, command=[]} | ret=SUCCESS |  
2019-08-20 19:19:05,168 | INFO  | SCMAudit | user=jenkins1000 | ip=192.168.69.105 | op=SEND_HEARTBEAT {datanodeUUID=e274e395-c7b6-408d-a6b4-4add6056d6d1, command=[]} | ret=SUCCESS |  
2019-08-20 19:19:05,358 | INFO  | SCMAudit | user=jenkins1000 | ip=192.168.69.105 | op=SEND_HEARTBEAT {datanodeUUID=1df1583d-c3bd-46e3-b5a9-7f01f9158e7c, command=[]} | ret=SUCCESS |  
2019-08-20 19:19:05,608 | INFO  | SCMAudit | user=jenkins1000 | ip=192.168.69.105 | op=SEND_HEARTBEAT {datanodeUUID=340027e2-c19a-4ce0-8fe2-d5928ef30461, command=[]} | ret=SUCCESS |  
2019-08-20 19:19:05,857 | INFO  | SCMAudit | user=jenkins1000 | ip=192.168.69.105 | op=SEND_HEARTBEAT {datanodeUUID=16f059df-d226-4022-8e81-046858cbfecb, command=[]} | ret=SUCCESS |  
2019-08-20 19:19:05,886 | INFO  | SCMAudit | user=jenkins1000 | ip=192.168.69.105 | op=SEND_HEARTBEAT {datanodeUUID=e4f90e61-f3c9-4b9d-bc15-ac0e2b79db86, command=[]} | ret=SUCCESS |  
2019-08-20 19:19:05,896 | INFO  | SCMAudit | user=jenkins1000 | ip=192.168.69.105 | op=SEND_HEARTBEAT {datanodeUUID=91ae5334-971e-44ba-ab57-2ec2dd220942, command=[]} | ret=SUCCESS |  
2019-08-20 19:19:05,956 | INFO  | SCMAudit | user=jenkins1000 | ip=192.168.69.105 | op=SEND_HEARTBEAT {datanodeUUID=4033865b-8d67-417a-8575-039c711fd8ba, command=[]} | ret=SUCCESS |  
2019-08-20 19:19:06,169 | INFO  | SCMAudit | user=jenkins1000 | ip=192.168.69.105 | op=SEND_HEARTBEAT {datanodeUUID=e274e395-c7b6-408d-a6b4-4add6056d6d1, command=[]} | ret=SUCCESS |  
2019-08-20 19:19:06,357 | INFO  | SCMAudit | user=jenkins1000 | ip=192.168.69.105 | op=SEND_HEARTBEAT {datanodeUUID=1df1583d-c3bd-46e3-b5a9-7f01f9158e7c, command=[]} | ret=SUCCESS |  
2019-08-20 19:19:06,608 | INFO  | SCMAudit | user=jenkins1000 | ip=192.168.69.105 | op=SEND_HEARTBEAT {datanodeUUID=340027e2-c19a-4ce0-8fe2-d5928ef30461, command=[]} | ret=SUCCESS |  
2019-08-20 19:19:06,858 | INFO  | SCMAudit | user=jenkins1000 | ip=192.168.69.105 | op=SEND_HEARTBEAT {datanodeUUID=16f059df-d226-4022-8e81-046858cbfecb, command=[]} | ret=SUCCESS |  
2019-08-20 19:19:06,885 | INFO  | SCMAudit | user=jenkins1000 | ip=192.168.69.105 | op=SEND_HEARTBEAT {datanodeUUID=e4f90e61-f3c9-4b9d-bc15-ac0e2b79db86, command=[]} | ret=SUCCESS |  
2019-08-20 19:19:06,897 | INFO  | SCMAudit | user=jenkins1000 | ip=192.168.69.105 | op=SEND_HEARTBEAT {datanodeUUID=91ae5334-971e-44ba-ab57-2ec2dd220942, command=[]} | ret=SUCCESS |  
2019-08-20 19:19:06,956 | INFO  | SCMAudit | user=jenkins1000 | ip=192.168.69.105 | op=SEND_HEARTBEAT {datanodeUUID=4033865b-8d67-417a-8575-039c711fd8ba, command=[]} | ret=SUCCESS |  
2019-08-20 19:19:07,169 | INFO  | SCMAudit | user=jenkins1000 | ip=192.168.69.105 | op=SEND_HEARTBEAT {datanodeUUID=e274e395-c7b6-408d-a6b4-4add6056d6d1, command=[]} | ret=SUCCESS |  
2019-08-20 19:19:07,357 | INFO  | SCMAudit | user=jenkins1000 | ip=192.168.69.105 | op=SEND_HEARTBEAT {datanodeUUID=1df1583d-c3bd-46e3-b5a9-7f01f9158e7c, command=[]} | ret=SUCCESS |  
2019-08-20 19:19:07,609 | INFO  | SCMAudit | user=jenkins1000 | ip=192.168.69.105 | op=SEND_HEARTBEAT {datanodeUUID=340027e2-c19a-4ce0-8fe2-d5928ef30461, command=[]} | ret=SUCCESS |  
2019-08-20 19:19:07,858 | INFO  | SCMAudit | user=jenkins1000 | ip=192.168.69.105 | op=SEND_HEARTBEAT {datanodeUUID=16f059df-d226-4022-8e81-046858cbfecb, command=[]} | ret=SUCCESS |  
2019-08-20 19:19:07,885 | INFO  | SCMAudit | user=jenkins1000 | ip=192.168.69.105 | op=SEND_HEARTBEAT {datanodeUUID=e4f90e61-f3c9-4b9d-bc15-ac0e2b79db86, command=[]} | ret=SUCCESS |  
2019-08-20 19:19:07,897 | INFO  | SCMAudit | user=jenkins1000 | ip=192.168.69.105 | op=SEND_HEARTBEAT {datanodeUUID=91ae5334-971e-44ba-ab57-2ec2dd220942, command=[]} | ret=SUCCESS |  
2019-08-20 19:19:07,956 | INFO  | SCMAudit | user=jenkins1000 | ip=192.168.69.105 | op=SEND_HEARTBEAT {datanodeUUID=4033865b-8d67-417a-8575-039c711fd8ba, command=[]} | ret=SUCCESS |  
2019-08-20 19:19:08,169 | INFO  | SCMAudit | user=jenkins1000 | ip=192.168.69.105 | op=SEND_HEARTBEAT {datanodeUUID=e274e395-c7b6-408d-a6b4-4add6056d6d1, command=[]} | ret=SUCCESS |  
2019-08-20 19:19:08,357 | INFO  | SCMAudit | user=jenkins1000 | ip=192.168.69.105 | op=SEND_HEARTBEAT {datanodeUUID=1df1583d-c3bd-46e3-b5a9-7f01f9158e7c, command=[]} | ret=SUCCESS |  
2019-08-20 19:19:08,609 | INFO  | SCMAudit | user=jenkins1000 | ip=192.168.69.105 | op=SEND_HEARTBEAT {datanodeUUID=340027e2-c19a-4ce0-8fe2-d5928ef30461, command=[]} | ret=SUCCESS |  
2019-08-20 19:19:08,860 | INFO  | SCMAudit | user=jenkins1000 | ip=192.168.69.105 | op=SEND_HEARTBEAT {datanodeUUID=16f059df-d226-4022-8e81-046858cbfecb, command=[]} | ret=SUCCESS |  
2019-08-20 19:19:08,861 [grpc-default-executor-4] INFO  client.GrpcClientProtocolClient (GrpcClientProtocolClient.java:onNext(255)) - client-8301E8A5B94A->e4f90e61-f3c9-4b9d-bc15-ac0e2b79db86: receive RaftClientReply:client-8301E8A5B94A->e4f90e61-f3c9-4b9d-bc15-ac0e2b79db86@group-782B390D3D40, cid=45, FAILED org.apache.ratis.protocol.NotLeaderException: Server e4f90e61-f3c9-4b9d-bc15-ac0e2b79db86 is not the leader (16f059df-d226-4022-8e81-046858cbfecb:192.168.69.105:37581). Request must be sent to leader., logIndex=0, commits[e4f90e61-f3c9-4b9d-bc15-ac0e2b79db86:c8, 16f059df-d226-4022-8e81-046858cbfecb:c8, 91ae5334-971e-44ba-ab57-2ec2dd220942:c8]
2019-08-20 19:19:08,885 | INFO  | SCMAudit | user=jenkins1000 | ip=192.168.69.105 | op=SEND_HEARTBEAT {datanodeUUID=e4f90e61-f3c9-4b9d-bc15-ac0e2b79db86, command=[]} | ret=SUCCESS |  
2019-08-20 19:19:08,899 | INFO  | SCMAudit | user=jenkins1000 | ip=192.168.69.105 | op=SEND_HEARTBEAT {datanodeUUID=91ae5334-971e-44ba-ab57-2ec2dd220942, command=[]} | ret=SUCCESS |  
2019-08-20 19:19:08,956 | INFO  | SCMAudit | user=jenkins1000 | ip=192.168.69.105 | op=SEND_HEARTBEAT {datanodeUUID=4033865b-8d67-417a-8575-039c711fd8ba, command=[]} | ret=SUCCESS |  
2019-08-20 19:19:09,169 | INFO  | SCMAudit | user=jenkins1000 | ip=192.168.69.105 | op=SEND_HEARTBEAT {datanodeUUID=e274e395-c7b6-408d-a6b4-4add6056d6d1, command=[]} | ret=SUCCESS |  
2019-08-20 19:19:09,357 | INFO  | SCMAudit | user=jenkins1000 | ip=192.168.69.105 | op=SEND_HEARTBEAT {datanodeUUID=1df1583d-c3bd-46e3-b5a9-7f01f9158e7c, command=[]} | ret=SUCCESS |  
2019-08-20 19:19:09,609 | INFO  | SCMAudit | user=jenkins1000 | ip=192.168.69.105 | op=SEND_HEARTBEAT {datanodeUUID=340027e2-c19a-4ce0-8fe2-d5928ef30461, command=[]} | ret=SUCCESS |  
2019-08-20 19:19:09,860 | INFO  | SCMAudit | user=jenkins1000 | ip=192.168.69.105 | op=SEND_HEARTBEAT {datanodeUUID=16f059df-d226-4022-8e81-046858cbfecb, command=[]} | ret=SUCCESS |  
2019-08-20 19:19:09,885 | INFO  | SCMAudit | user=jenkins1000 | ip=192.168.69.105 | op=SEND_HEARTBEAT {datanodeUUID=e4f90e61-f3c9-4b9d-bc15-ac0e2b79db86, command=[]} | ret=SUCCESS |  
2019-08-20 19:19:09,899 | INFO  | SCMAudit | user=jenkins1000 | ip=192.168.69.105 | op=SEND_HEARTBEAT {datanodeUUID=91ae5334-971e-44ba-ab57-2ec2dd220942, command=[]} | ret=SUCCESS |  
2019-08-20 19:19:09,957 | INFO  | SCMAudit | user=jenkins1000 | ip=192.168.69.105 | op=SEND_HEARTBEAT {datanodeUUID=4033865b-8d67-417a-8575-039c711fd8ba, command=[]} | ret=SUCCESS |  
2019-08-20 19:19:10,169 | INFO  | SCMAudit | user=jenkins1000 | ip=192.168.69.105 | op=SEND_HEARTBEAT {datanodeUUID=e274e395-c7b6-408d-a6b4-4add6056d6d1, command=[]} | ret=SUCCESS |  
2019-08-20 19:19:10,358 | INFO  | SCMAudit | user=jenkins1000 | ip=192.168.69.105 | op=SEND_HEARTBEAT {datanodeUUID=1df1583d-c3bd-46e3-b5a9-7f01f9158e7c, command=[]} | ret=SUCCESS |  
2019-08-20 19:19:10,610 | INFO  | SCMAudit | user=jenkins1000 | ip=192.168.69.105 | op=SEND_HEARTBEAT {datanodeUUID=340027e2-c19a-4ce0-8fe2-d5928ef30461, command=[]} | ret=SUCCESS |  
2019-08-20 19:19:10,860 | INFO  | SCMAudit | user=jenkins1000 | ip=192.168.69.105 | op=SEND_HEARTBEAT {datanodeUUID=16f059df-d226-4022-8e81-046858cbfecb, command=[]} | ret=SUCCESS |  
2019-08-20 19:19:10,885 | INFO  | SCMAudit | user=jenkins1000 | ip=192.168.69.105 | op=SEND_HEARTBEAT {datanodeUUID=e4f90e61-f3c9-4b9d-bc15-ac0e2b79db86, command=[]} | ret=SUCCESS |  
2019-08-20 19:19:10,899 | INFO  | SCMAudit | user=jenkins1000 | ip=192.168.69.105 | op=SEND_HEARTBEAT {datanodeUUID=91ae5334-971e-44ba-ab57-2ec2dd220942, command=[]} | ret=SUCCESS |  
2019-08-20 19:19:10,958 | INFO  | SCMAudit | user=jenkins1000 | ip=192.168.69.105 | op=SEND_HEARTBEAT {datanodeUUID=4033865b-8d67-417a-8575-039c711fd8ba, command=[]} | ret=SUCCESS |  
2019-08-20 19:19:11,169 | INFO  | SCMAudit | user=jenkins1000 | ip=192.168.69.105 | op=SEND_HEARTBEAT {datanodeUUID=e274e395-c7b6-408d-a6b4-4add6056d6d1, command=[]} | ret=SUCCESS |  
2019-08-20 19:19:11,358 | INFO  | SCMAudit | user=jenkins1000 | ip=192.168.69.105 | op=SEND_HEARTBEAT {datanodeUUID=1df1583d-c3bd-46e3-b5a9-7f01f9158e7c, command=[]} | ret=SUCCESS |  
2019-08-20 19:19:11,610 | INFO  | SCMAudit | user=jenkins1000 | ip=192.168.69.105 | op=SEND_HEARTBEAT {datanodeUUID=340027e2-c19a-4ce0-8fe2-d5928ef30461, command=[]} | ret=SUCCESS |  
2019-08-20 19:19:11,860 | INFO  | SCMAudit | user=jenkins1000 | ip=192.168.69.105 | op=SEND_HEARTBEAT {datanodeUUID=16f059df-d226-4022-8e81-046858cbfecb, command=[]} | ret=SUCCESS |  
2019-08-20 19:19:11,885 | INFO  | SCMAudit | user=jenkins1000 | ip=192.168.69.105 | op=SEND_HEARTBEAT {datanodeUUID=e4f90e61-f3c9-4b9d-bc15-ac0e2b79db86, command=[]} | ret=SUCCESS |  
2019-08-20 19:19:11,899 | INFO  | SCMAudit | user=jenkins1000 | ip=192.168.69.105 | op=SEND_HEARTBEAT {datanodeUUID=91ae5334-971e-44ba-ab57-2ec2dd220942, command=[]} | ret=SUCCESS |  
2019-08-20 19:19:11,958 | INFO  | SCMAudit | user=jenkins1000 | ip=192.168.69.105 | op=SEND_HEARTBEAT {datanodeUUID=4033865b-8d67-417a-8575-039c711fd8ba, command=[]} | ret=SUCCESS |  
2019-08-20 19:19:12,169 | INFO  | SCMAudit | user=jenkins1000 | ip=192.168.69.105 | op=SEND_HEARTBEAT {datanodeUUID=e274e395-c7b6-408d-a6b4-4add6056d6d1, command=[]} | ret=SUCCESS |  
2019-08-20 19:19:12,358 | INFO  | SCMAudit | user=jenkins1000 | ip=192.168.69.105 | op=SEND_HEARTBEAT {datanodeUUID=1df1583d-c3bd-46e3-b5a9-7f01f9158e7c, command=[]} | ret=SUCCESS |  
2019-08-20 19:19:12,610 | INFO  | SCMAudit | user=jenkins1000 | ip=192.168.69.105 | op=SEND_HEARTBEAT {datanodeUUID=340027e2-c19a-4ce0-8fe2-d5928ef30461, command=[]} | ret=SUCCESS |  
2019-08-20 19:19:12,861 | INFO  | SCMAudit | user=jenkins1000 | ip=192.168.69.105 | op=SEND_HEARTBEAT {datanodeUUID=16f059df-d226-4022-8e81-046858cbfecb, command=[]} | ret=SUCCESS |  
2019-08-20 19:19:12,899 | INFO  | SCMAudit | user=jenkins1000 | ip=192.168.69.105 | op=SEND_HEARTBEAT {datanodeUUID=91ae5334-971e-44ba-ab57-2ec2dd220942, command=[]} | ret=SUCCESS |  
2019-08-20 19:19:12,899 | INFO  | SCMAudit | user=jenkins1000 | ip=192.168.69.105 | op=SEND_HEARTBEAT {datanodeUUID=e4f90e61-f3c9-4b9d-bc15-ac0e2b79db86, command=[]} | ret=SUCCESS |  
2019-08-20 19:19:12,958 | INFO  | SCMAudit | user=jenkins1000 | ip=192.168.69.105 | op=SEND_HEARTBEAT {datanodeUUID=4033865b-8d67-417a-8575-039c711fd8ba, command=[]} | ret=SUCCESS |  
2019-08-20 19:19:13,169 | INFO  | SCMAudit | user=jenkins1000 | ip=192.168.69.105 | op=SEND_HEARTBEAT {datanodeUUID=e274e395-c7b6-408d-a6b4-4add6056d6d1, command=[]} | ret=SUCCESS |  
2019-08-20 19:19:13,358 | INFO  | SCMAudit | user=jenkins1000 | ip=192.168.69.105 | op=SEND_HEARTBEAT {datanodeUUID=1df1583d-c3bd-46e3-b5a9-7f01f9158e7c, command=[]} | ret=SUCCESS |  
2019-08-20 19:19:13,610 | INFO  | SCMAudit | user=jenkins1000 | ip=192.168.69.105 | op=SEND_HEARTBEAT {datanodeUUID=340027e2-c19a-4ce0-8fe2-d5928ef30461, command=[]} | ret=SUCCESS |  
2019-08-20 19:19:13,862 | INFO  | SCMAudit | user=jenkins1000 | ip=192.168.69.105 | op=SEND_HEARTBEAT {datanodeUUID=16f059df-d226-4022-8e81-046858cbfecb, command=[]} | ret=SUCCESS |  
2019-08-20 19:19:13,891 | INFO  | SCMAudit | user=jenkins1000 | ip=192.168.69.105 | op=SEND_HEARTBEAT {datanodeUUID=e4f90e61-f3c9-4b9d-bc15-ac0e2b79db86, command=[]} | ret=SUCCESS |  
2019-08-20 19:19:13,899 | INFO  | SCMAudit | user=jenkins1000 | ip=192.168.69.105 | op=SEND_HEARTBEAT {datanodeUUID=91ae5334-971e-44ba-ab57-2ec2dd220942, command=[]} | ret=SUCCESS |  
2019-08-20 19:19:13,923 [grpc-default-executor-4] INFO  client.GrpcClientProtocolClient (GrpcClientProtocolClient.java:onNext(255)) - client-8301E8A5B94A->91ae5334-971e-44ba-ab57-2ec2dd220942: receive RaftClientReply:client-8301E8A5B94A->91ae5334-971e-44ba-ab57-2ec2dd220942@group-782B390D3D40, cid=45, FAILED org.apache.ratis.protocol.NotLeaderException: Server 91ae5334-971e-44ba-ab57-2ec2dd220942 is not the leader (16f059df-d226-4022-8e81-046858cbfecb:192.168.69.105:37581). Request must be sent to leader., logIndex=0, commits[91ae5334-971e-44ba-ab57-2ec2dd220942:c8, e4f90e61-f3c9-4b9d-bc15-ac0e2b79db86:c8, 16f059df-d226-4022-8e81-046858cbfecb:c8]
2019-08-20 19:19:13,958 | INFO  | SCMAudit | user=jenkins1000 | ip=192.168.69.105 | op=SEND_HEARTBEAT {datanodeUUID=4033865b-8d67-417a-8575-039c711fd8ba, command=[]} | ret=SUCCESS |  
2019-08-20 19:19:14,169 | INFO  | SCMAudit | user=jenkins1000 | ip=192.168.69.105 | op=SEND_HEARTBEAT {datanodeUUID=e274e395-c7b6-408d-a6b4-4add6056d6d1, command=[]} | ret=SUCCESS |  
2019-08-20 19:19:14,359 | INFO  | SCMAudit | user=jenkins1000 | ip=192.168.69.105 | op=SEND_HEARTBEAT {datanodeUUID=1df1583d-c3bd-46e3-b5a9-7f01f9158e7c, command=[]} | ret=SUCCESS |  
2019-08-20 19:19:14,610 | INFO  | SCMAudit | user=jenkins1000 | ip=192.168.69.105 | op=SEND_HEARTBEAT {datanodeUUID=340027e2-c19a-4ce0-8fe2-d5928ef30461, command=[]} | ret=SUCCESS |  
2019-08-20 19:19:14,862 | INFO  | SCMAudit | user=jenkins1000 | ip=192.168.69.105 | op=SEND_HEARTBEAT {datanodeUUID=16f059df-d226-4022-8e81-046858cbfecb, command=[]} | ret=SUCCESS |  
2019-08-20 19:19:14,891 | INFO  | SCMAudit | user=jenkins1000 | ip=192.168.69.105 | op=SEND_HEARTBEAT {datanodeUUID=e4f90e61-f3c9-4b9d-bc15-ac0e2b79db86, command=[]} | ret=SUCCESS |  
2019-08-20 19:19:14,899 | INFO  | SCMAudit | user=jenkins1000 | ip=192.168.69.105 | op=SEND_HEARTBEAT {datanodeUUID=91ae5334-971e-44ba-ab57-2ec2dd220942, command=[]} | ret=SUCCESS |  
2019-08-20 19:19:14,958 | INFO  | SCMAudit | user=jenkins1000 | ip=192.168.69.105 | op=SEND_HEARTBEAT {datanodeUUID=4033865b-8d67-417a-8575-039c711fd8ba, command=[]} | ret=SUCCESS |  
2019-08-20 19:19:15,170 | INFO  | SCMAudit | user=jenkins1000 | ip=192.168.69.105 | op=SEND_HEARTBEAT {datanodeUUID=e274e395-c7b6-408d-a6b4-4add6056d6d1, command=[]} | ret=SUCCESS |  
2019-08-20 19:19:15,358 | INFO  | SCMAudit | user=jenkins1000 | ip=192.168.69.105 | op=SEND_HEARTBEAT {datanodeUUID=1df1583d-c3bd-46e3-b5a9-7f01f9158e7c, command=[]} | ret=SUCCESS |  
2019-08-20 19:19:15,611 | INFO  | SCMAudit | user=jenkins1000 | ip=192.168.69.105 | op=SEND_HEARTBEAT {datanodeUUID=340027e2-c19a-4ce0-8fe2-d5928ef30461, command=[]} | ret=SUCCESS |  
2019-08-20 19:19:15,862 | INFO  | SCMAudit | user=jenkins1000 | ip=192.168.69.105 | op=SEND_HEARTBEAT {datanodeUUID=16f059df-d226-4022-8e81-046858cbfecb, command=[]} | ret=SUCCESS |  
2019-08-20 19:19:15,891 | INFO  | SCMAudit | user=jenkins1000 | ip=192.168.69.105 | op=SEND_HEARTBEAT {datanodeUUID=e4f90e61-f3c9-4b9d-bc15-ac0e2b79db86, command=[]} | ret=SUCCESS |  
2019-08-20 19:19:15,899 | INFO  | SCMAudit | user=jenkins1000 | ip=192.168.69.105 | op=SEND_HEARTBEAT {datanodeUUID=91ae5334-971e-44ba-ab57-2ec2dd220942, command=[]} | ret=SUCCESS |  
2019-08-20 19:19:15,958 | INFO  | SCMAudit | user=jenkins1000 | ip=192.168.69.105 | op=SEND_HEARTBEAT {datanodeUUID=4033865b-8d67-417a-8575-039c711fd8ba, command=[]} | ret=SUCCESS |  
2019-08-20 19:19:16,170 | INFO  | SCMAudit | user=jenkins1000 | ip=192.168.69.105 | op=SEND_HEARTBEAT {datanodeUUID=e274e395-c7b6-408d-a6b4-4add6056d6d1, command=[]} | ret=SUCCESS |  
2019-08-20 19:19:16,358 | INFO  | SCMAudit | user=jenkins1000 | ip=192.168.69.105 | op=SEND_HEARTBEAT {datanodeUUID=1df1583d-c3bd-46e3-b5a9-7f01f9158e7c, command=[]} | ret=SUCCESS |  
2019-08-20 19:19:16,611 | INFO  | SCMAudit | user=jenkins1000 | ip=192.168.69.105 | op=SEND_HEARTBEAT {datanodeUUID=340027e2-c19a-4ce0-8fe2-d5928ef30461, command=[]} | ret=SUCCESS |  
2019-08-20 19:19:16,862 | INFO  | SCMAudit | user=jenkins1000 | ip=192.168.69.105 | op=SEND_HEARTBEAT {datanodeUUID=16f059df-d226-4022-8e81-046858cbfecb, command=[]} | ret=SUCCESS |  
2019-08-20 19:19:16,891 | INFO  | SCMAudit | user=jenkins1000 | ip=192.168.69.105 | op=SEND_HEARTBEAT {datanodeUUID=e4f90e61-f3c9-4b9d-bc15-ac0e2b79db86, command=[]} | ret=SUCCESS |  
2019-08-20 19:19:16,899 | INFO  | SCMAudit | user=jenkins1000 | ip=192.168.69.105 | op=SEND_HEARTBEAT {datanodeUUID=91ae5334-971e-44ba-ab57-2ec2dd220942, command=[]} | ret=SUCCESS |  
2019-08-20 19:19:16,958 | INFO  | SCMAudit | user=jenkins1000 | ip=192.168.69.105 | op=SEND_HEARTBEAT {datanodeUUID=4033865b-8d67-417a-8575-039c711fd8ba, command=[]} | ret=SUCCESS |  
2019-08-20 19:19:17,170 | INFO  | SCMAudit | user=jenkins1000 | ip=192.168.69.105 | op=SEND_HEARTBEAT {datanodeUUID=e274e395-c7b6-408d-a6b4-4add6056d6d1, command=[]} | ret=SUCCESS |  
2019-08-20 19:19:17,358 | INFO  | SCMAudit | user=jenkins1000 | ip=192.168.69.105 | op=SEND_HEARTBEAT {datanodeUUID=1df1583d-c3bd-46e3-b5a9-7f01f9158e7c, command=[]} | ret=SUCCESS |  
2019-08-20 19:19:17,611 | INFO  | SCMAudit | user=jenkins1000 | ip=192.168.69.105 | op=SEND_HEARTBEAT {datanodeUUID=340027e2-c19a-4ce0-8fe2-d5928ef30461, command=[]} | ret=SUCCESS |  
2019-08-20 19:19:17,863 | INFO  | SCMAudit | user=jenkins1000 | ip=192.168.69.105 | op=SEND_HEARTBEAT {datanodeUUID=16f059df-d226-4022-8e81-046858cbfecb, command=[]} | ret=SUCCESS |  
2019-08-20 19:19:17,892 | INFO  | SCMAudit | user=jenkins1000 | ip=192.168.69.105 | op=SEND_HEARTBEAT {datanodeUUID=e4f90e61-f3c9-4b9d-bc15-ac0e2b79db86, command=[]} | ret=SUCCESS |  
2019-08-20 19:19:17,898 | INFO  | SCMAudit | user=jenkins1000 | ip=192.168.69.105 | op=SEND_HEARTBEAT {datanodeUUID=91ae5334-971e-44ba-ab57-2ec2dd220942, command=[]} | ret=SUCCESS |  
2019-08-20 19:19:17,958 | INFO  | SCMAudit | user=jenkins1000 | ip=192.168.69.105 | op=SEND_HEARTBEAT {datanodeUUID=4033865b-8d67-417a-8575-039c711fd8ba, command=[]} | ret=SUCCESS |  
2019-08-20 19:19:18,170 | INFO  | SCMAudit | user=jenkins1000 | ip=192.168.69.105 | op=SEND_HEARTBEAT {datanodeUUID=e274e395-c7b6-408d-a6b4-4add6056d6d1, command=[]} | ret=SUCCESS |  
2019-08-20 19:19:18,358 | INFO  | SCMAudit | user=jenkins1000 | ip=192.168.69.105 | op=SEND_HEARTBEAT {datanodeUUID=1df1583d-c3bd-46e3-b5a9-7f01f9158e7c, command=[]} | ret=SUCCESS |  
2019-08-20 19:19:18,611 | INFO  | SCMAudit | user=jenkins1000 | ip=192.168.69.105 | op=SEND_HEARTBEAT {datanodeUUID=340027e2-c19a-4ce0-8fe2-d5928ef30461, command=[]} | ret=SUCCESS |  
2019-08-20 19:19:18,862 | INFO  | SCMAudit | user=jenkins1000 | ip=192.168.69.105 | op=SEND_HEARTBEAT {datanodeUUID=16f059df-d226-4022-8e81-046858cbfecb, command=[]} | ret=SUCCESS |  
2019-08-20 19:19:18,891 | INFO  | SCMAudit | user=jenkins1000 | ip=192.168.69.105 | op=SEND_HEARTBEAT {datanodeUUID=e4f90e61-f3c9-4b9d-bc15-ac0e2b79db86, command=[]} | ret=SUCCESS |  
2019-08-20 19:19:18,899 | INFO  | SCMAudit | user=jenkins1000 | ip=192.168.69.105 | op=SEND_HEARTBEAT {datanodeUUID=91ae5334-971e-44ba-ab57-2ec2dd220942, command=[]} | ret=SUCCESS |  
2019-08-20 19:19:18,955 [grpc-default-executor-5] INFO  client.GrpcClientProtocolClient (GrpcClientProtocolClient.java:onNext(255)) - client-8301E8A5B94A->91ae5334-971e-44ba-ab57-2ec2dd220942: receive RaftClientReply:client-8301E8A5B94A->91ae5334-971e-44ba-ab57-2ec2dd220942@group-782B390D3D40, cid=45, FAILED org.apache.ratis.protocol.NotLeaderException: Server 91ae5334-971e-44ba-ab57-2ec2dd220942 is not the leader (16f059df-d226-4022-8e81-046858cbfecb:192.168.69.105:37581). Request must be sent to leader., logIndex=0, commits[91ae5334-971e-44ba-ab57-2ec2dd220942:c8, e4f90e61-f3c9-4b9d-bc15-ac0e2b79db86:c8, 16f059df-d226-4022-8e81-046858cbfecb:c8]
2019-08-20 19:19:18,962 | INFO  | SCMAudit | user=jenkins1000 | ip=192.168.69.105 | op=SEND_HEARTBEAT {datanodeUUID=4033865b-8d67-417a-8575-039c711fd8ba, command=[]} | ret=SUCCESS |  
2019-08-20 19:19:19,170 | INFO  | SCMAudit | user=jenkins1000 | ip=192.168.69.105 | op=SEND_HEARTBEAT {datanodeUUID=e274e395-c7b6-408d-a6b4-4add6056d6d1, command=[]} | ret=SUCCESS |  
2019-08-20 19:19:19,358 | INFO  | SCMAudit | user=jenkins1000 | ip=192.168.69.105 | op=SEND_HEARTBEAT {datanodeUUID=1df1583d-c3bd-46e3-b5a9-7f01f9158e7c, command=[]} | ret=SUCCESS |  
2019-08-20 19:19:19,612 | INFO  | SCMAudit | user=jenkins1000 | ip=192.168.69.105 | op=SEND_HEARTBEAT {datanodeUUID=340027e2-c19a-4ce0-8fe2-d5928ef30461, command=[]} | ret=SUCCESS |  
2019-08-20 19:19:19,862 | INFO  | SCMAudit | user=jenkins1000 | ip=192.168.69.105 | op=SEND_HEARTBEAT {datanodeUUID=16f059df-d226-4022-8e81-046858cbfecb, command=[]} | ret=SUCCESS |  
2019-08-20 19:19:19,891 | INFO  | SCMAudit | user=jenkins1000 | ip=192.168.69.105 | op=SEND_HEARTBEAT {datanodeUUID=e4f90e61-f3c9-4b9d-bc15-ac0e2b79db86, command=[]} | ret=SUCCESS |  
2019-08-20 19:19:19,899 | INFO  | SCMAudit | user=jenkins1000 | ip=192.168.69.105 | op=SEND_HEARTBEAT {datanodeUUID=91ae5334-971e-44ba-ab57-2ec2dd220942, command=[]} | ret=SUCCESS |  
2019-08-20 19:19:19,958 | INFO  | SCMAudit | user=jenkins1000 | ip=192.168.69.105 | op=SEND_HEARTBEAT {datanodeUUID=4033865b-8d67-417a-8575-039c711fd8ba, command=[]} | ret=SUCCESS |  
2019-08-20 19:19:20,171 | INFO  | SCMAudit | user=jenkins1000 | ip=192.168.69.105 | op=SEND_HEARTBEAT {datanodeUUID=e274e395-c7b6-408d-a6b4-4add6056d6d1, command=[]} | ret=SUCCESS |  
2019-08-20 19:19:20,359 | INFO  | SCMAudit | user=jenkins1000 | ip=192.168.69.105 | op=SEND_HEARTBEAT {datanodeUUID=1df1583d-c3bd-46e3-b5a9-7f01f9158e7c, command=[]} | ret=SUCCESS |  
2019-08-20 19:19:20,611 | INFO  | SCMAudit | user=jenkins1000 | ip=192.168.69.105 | op=SEND_HEARTBEAT {datanodeUUID=340027e2-c19a-4ce0-8fe2-d5928ef30461, command=[]} | ret=SUCCESS |  
2019-08-20 19:19:20,862 | INFO  | SCMAudit | user=jenkins1000 | ip=192.168.69.105 | op=SEND_HEARTBEAT {datanodeUUID=16f059df-d226-4022-8e81-046858cbfecb, command=[]} | ret=SUCCESS |  
2019-08-20 19:19:20,891 | INFO  | SCMAudit | user=jenkins1000 | ip=192.168.69.105 | op=SEND_HEARTBEAT {datanodeUUID=e4f90e61-f3c9-4b9d-bc15-ac0e2b79db86, command=[]} | ret=SUCCESS |  
2019-08-20 19:19:20,899 | INFO  | SCMAudit | user=jenkins1000 | ip=192.168.69.105 | op=SEND_HEARTBEAT {datanodeUUID=91ae5334-971e-44ba-ab57-2ec2dd220942, command=[]} | ret=SUCCESS |  
2019-08-20 19:19:20,959 | INFO  | SCMAudit | user=jenkins1000 | ip=192.168.69.105 | op=SEND_HEARTBEAT {datanodeUUID=4033865b-8d67-417a-8575-039c711fd8ba, command=[]} | ret=SUCCESS |  
2019-08-20 19:19:21,171 | INFO  | SCMAudit | user=jenkins1000 | ip=192.168.69.105 | op=SEND_HEARTBEAT {datanodeUUID=e274e395-c7b6-408d-a6b4-4add6056d6d1, command=[]} | ret=SUCCESS |  
2019-08-20 19:19:21,359 | INFO  | SCMAudit | user=jenkins1000 | ip=192.168.69.105 | op=SEND_HEARTBEAT {datanodeUUID=1df1583d-c3bd-46e3-b5a9-7f01f9158e7c, command=[]} | ret=SUCCESS |  
2019-08-20 19:19:21,611 | INFO  | SCMAudit | user=jenkins1000 | ip=192.168.69.105 | op=SEND_HEARTBEAT {datanodeUUID=340027e2-c19a-4ce0-8fe2-d5928ef30461, command=[]} | ret=SUCCESS |  
2019-08-20 19:19:21,863 | INFO  | SCMAudit | user=jenkins1000 | ip=192.168.69.105 | op=SEND_HEARTBEAT {datanodeUUID=16f059df-d226-4022-8e81-046858cbfecb, command=[]} | ret=SUCCESS |  
2019-08-20 19:19:21,891 | INFO  | SCMAudit | user=jenkins1000 | ip=192.168.69.105 | op=SEND_HEARTBEAT {datanodeUUID=e4f90e61-f3c9-4b9d-bc15-ac0e2b79db86, command=[]} | ret=SUCCESS |  
2019-08-20 19:19:21,899 | INFO  | SCMAudit | user=jenkins1000 | ip=192.168.69.105 | op=SEND_HEARTBEAT {datanodeUUID=91ae5334-971e-44ba-ab57-2ec2dd220942, command=[]} | ret=SUCCESS |  
2019-08-20 19:19:21,959 | INFO  | SCMAudit | user=jenkins1000 | ip=192.168.69.105 | op=SEND_HEARTBEAT {datanodeUUID=4033865b-8d67-417a-8575-039c711fd8ba, command=[]} | ret=SUCCESS |  
2019-08-20 19:19:22,171 | INFO  | SCMAudit | user=jenkins1000 | ip=192.168.69.105 | op=SEND_HEARTBEAT {datanodeUUID=e274e395-c7b6-408d-a6b4-4add6056d6d1, command=[]} | ret=SUCCESS |  
2019-08-20 19:19:22,359 | INFO  | SCMAudit | user=jenkins1000 | ip=192.168.69.105 | op=SEND_HEARTBEAT {datanodeUUID=1df1583d-c3bd-46e3-b5a9-7f01f9158e7c, command=[]} | ret=SUCCESS |  
2019-08-20 19:19:22,611 | INFO  | SCMAudit | user=jenkins1000 | ip=192.168.69.105 | op=SEND_HEARTBEAT {datanodeUUID=340027e2-c19a-4ce0-8fe2-d5928ef30461, command=[]} | ret=SUCCESS |  
2019-08-20 19:19:22,864 | INFO  | SCMAudit | user=jenkins1000 | ip=192.168.69.105 | op=SEND_HEARTBEAT {datanodeUUID=16f059df-d226-4022-8e81-046858cbfecb, command=[]} | ret=SUCCESS |  
2019-08-20 19:19:22,891 | INFO  | SCMAudit | user=jenkins1000 | ip=192.168.69.105 | op=SEND_HEARTBEAT {datanodeUUID=e4f90e61-f3c9-4b9d-bc15-ac0e2b79db86, command=[]} | ret=SUCCESS |  
2019-08-20 19:19:22,899 | INFO  | SCMAudit | user=jenkins1000 | ip=192.168.69.105 | op=SEND_HEARTBEAT {datanodeUUID=91ae5334-971e-44ba-ab57-2ec2dd220942, command=[]} | ret=SUCCESS |  
2019-08-20 19:19:22,959 | INFO  | SCMAudit | user=jenkins1000 | ip=192.168.69.105 | op=SEND_HEARTBEAT {datanodeUUID=4033865b-8d67-417a-8575-039c711fd8ba, command=[]} | ret=SUCCESS |  
2019-08-20 19:19:23,171 | INFO  | SCMAudit | user=jenkins1000 | ip=192.168.69.105 | op=SEND_HEARTBEAT {datanodeUUID=e274e395-c7b6-408d-a6b4-4add6056d6d1, command=[]} | ret=SUCCESS |  
2019-08-20 19:19:23,359 | INFO  | SCMAudit | user=jenkins1000 | ip=192.168.69.105 | op=SEND_HEARTBEAT {datanodeUUID=1df1583d-c3bd-46e3-b5a9-7f01f9158e7c, command=[]} | ret=SUCCESS |  
2019-08-20 19:19:23,612 | INFO  | SCMAudit | user=jenkins1000 | ip=192.168.69.105 | op=SEND_HEARTBEAT {datanodeUUID=340027e2-c19a-4ce0-8fe2-d5928ef30461, command=[]} | ret=SUCCESS |  
2019-08-20 19:19:23,864 | INFO  | SCMAudit | user=jenkins1000 | ip=192.168.69.105 | op=SEND_HEARTBEAT {datanodeUUID=16f059df-d226-4022-8e81-046858cbfecb, command=[]} | ret=SUCCESS |  
2019-08-20 19:19:23,891 | INFO  | SCMAudit | user=jenkins1000 | ip=192.168.69.105 | op=SEND_HEARTBEAT {datanodeUUID=e4f90e61-f3c9-4b9d-bc15-ac0e2b79db86, command=[]} | ret=SUCCESS |  
2019-08-20 19:19:23,899 | INFO  | SCMAudit | user=jenkins1000 | ip=192.168.69.105 | op=SEND_HEARTBEAT {datanodeUUID=91ae5334-971e-44ba-ab57-2ec2dd220942, command=[]} | ret=SUCCESS |  
2019-08-20 19:19:23,959 | INFO  | SCMAudit | user=jenkins1000 | ip=192.168.69.105 | op=SEND_HEARTBEAT {datanodeUUID=4033865b-8d67-417a-8575-039c711fd8ba, command=[]} | ret=SUCCESS |  
2019-08-20 19:19:24,008 [grpc-default-executor-4] INFO  client.GrpcClientProtocolClient (GrpcClientProtocolClient.java:onNext(255)) - client-8301E8A5B94A->91ae5334-971e-44ba-ab57-2ec2dd220942: receive RaftClientReply:client-8301E8A5B94A->91ae5334-971e-44ba-ab57-2ec2dd220942@group-782B390D3D40, cid=45, FAILED org.apache.ratis.protocol.NotLeaderException: Server 91ae5334-971e-44ba-ab57-2ec2dd220942 is not the leader (16f059df-d226-4022-8e81-046858cbfecb:192.168.69.105:37581). Request must be sent to leader., logIndex=0, commits[91ae5334-971e-44ba-ab57-2ec2dd220942:c8, e4f90e61-f3c9-4b9d-bc15-ac0e2b79db86:c8, 16f059df-d226-4022-8e81-046858cbfecb:c8]
2019-08-20 19:19:24,172 | INFO  | SCMAudit | user=jenkins1000 | ip=192.168.69.105 | op=SEND_HEARTBEAT {datanodeUUID=e274e395-c7b6-408d-a6b4-4add6056d6d1, command=[]} | ret=SUCCESS |  
2019-08-20 19:19:24,360 | INFO  | SCMAudit | user=jenkins1000 | ip=192.168.69.105 | op=SEND_HEARTBEAT {datanodeUUID=1df1583d-c3bd-46e3-b5a9-7f01f9158e7c, command=[]} | ret=SUCCESS |  
2019-08-20 19:19:24,611 | INFO  | SCMAudit | user=jenkins1000 | ip=192.168.69.105 | op=SEND_HEARTBEAT {datanodeUUID=340027e2-c19a-4ce0-8fe2-d5928ef30461, command=[]} | ret=SUCCESS |  
2019-08-20 19:19:24,864 | INFO  | SCMAudit | user=jenkins1000 | ip=192.168.69.105 | op=SEND_HEARTBEAT {datanodeUUID=16f059df-d226-4022-8e81-046858cbfecb, command=[]} | ret=SUCCESS |  
2019-08-20 19:19:24,891 | INFO  | SCMAudit | user=jenkins1000 | ip=192.168.69.105 | op=SEND_HEARTBEAT {datanodeUUID=e4f90e61-f3c9-4b9d-bc15-ac0e2b79db86, command=[]} | ret=SUCCESS |  
2019-08-20 19:19:24,899 | INFO  | SCMAudit | user=jenkins1000 | ip=192.168.69.105 | op=SEND_HEARTBEAT {datanodeUUID=91ae5334-971e-44ba-ab57-2ec2dd220942, command=[]} | ret=SUCCESS |  
2019-08-20 19:19:24,960 | INFO  | SCMAudit | user=jenkins1000 | ip=192.168.69.105 | op=SEND_HEARTBEAT {datanodeUUID=4033865b-8d67-417a-8575-039c711fd8ba, command=[]} | ret=SUCCESS |  
2019-08-20 19:19:25,173 | INFO  | SCMAudit | user=jenkins1000 | ip=192.168.69.105 | op=SEND_HEARTBEAT {datanodeUUID=e274e395-c7b6-408d-a6b4-4add6056d6d1, command=[]} | ret=SUCCESS |  
2019-08-20 19:19:25,358 | INFO  | SCMAudit | user=jenkins1000 | ip=192.168.69.105 | op=SEND_HEARTBEAT {datanodeUUID=1df1583d-c3bd-46e3-b5a9-7f01f9158e7c, command=[]} | ret=SUCCESS |  
2019-08-20 19:19:25,612 | INFO  | SCMAudit | user=jenkins1000 | ip=192.168.69.105 | op=SEND_HEARTBEAT {datanodeUUID=340027e2-c19a-4ce0-8fe2-d5928ef30461, command=[]} | ret=SUCCESS |  
2019-08-20 19:19:25,864 | INFO  | SCMAudit | user=jenkins1000 | ip=192.168.69.105 | op=SEND_HEARTBEAT {datanodeUUID=16f059df-d226-4022-8e81-046858cbfecb, command=[]} | ret=SUCCESS |  
2019-08-20 19:19:25,891 | INFO  | SCMAudit | user=jenkins1000 | ip=192.168.69.105 | op=SEND_HEARTBEAT {datanodeUUID=e4f90e61-f3c9-4b9d-bc15-ac0e2b79db86, command=[]} | ret=SUCCESS |  
2019-08-20 19:19:25,899 | INFO  | SCMAudit | user=jenkins1000 | ip=192.168.69.105 | op=SEND_HEARTBEAT {datanodeUUID=91ae5334-971e-44ba-ab57-2ec2dd220942, command=[]} | ret=SUCCESS |  
2019-08-20 19:19:25,961 | INFO  | SCMAudit | user=jenkins1000 | ip=192.168.69.105 | op=SEND_HEARTBEAT {datanodeUUID=4033865b-8d67-417a-8575-039c711fd8ba, command=[]} | ret=SUCCESS |  
2019-08-20 19:19:26,173 | INFO  | SCMAudit | user=jenkins1000 | ip=192.168.69.105 | op=SEND_HEARTBEAT {datanodeUUID=e274e395-c7b6-408d-a6b4-4add6056d6d1, command=[]} | ret=SUCCESS |  
2019-08-20 19:19:26,359 | INFO  | SCMAudit | user=jenkins1000 | ip=192.168.69.105 | op=SEND_HEARTBEAT {datanodeUUID=1df1583d-c3bd-46e3-b5a9-7f01f9158e7c, command=[]} | ret=SUCCESS |  
2019-08-20 19:19:26,611 | INFO  | SCMAudit | user=jenkins1000 | ip=192.168.69.105 | op=SEND_HEARTBEAT {datanodeUUID=340027e2-c19a-4ce0-8fe2-d5928ef30461, command=[]} | ret=SUCCESS |  
2019-08-20 19:19:26,864 | INFO  | SCMAudit | user=jenkins1000 | ip=192.168.69.105 | op=SEND_HEARTBEAT {datanodeUUID=16f059df-d226-4022-8e81-046858cbfecb, command=[]} | ret=SUCCESS |  
2019-08-20 19:19:26,891 | INFO  | SCMAudit | user=jenkins1000 | ip=192.168.69.105 | op=SEND_HEARTBEAT {datanodeUUID=e4f90e61-f3c9-4b9d-bc15-ac0e2b79db86, command=[]} | ret=SUCCESS |  
2019-08-20 19:19:26,899 | INFO  | SCMAudit | user=jenkins1000 | ip=192.168.69.105 | op=SEND_HEARTBEAT {datanodeUUID=91ae5334-971e-44ba-ab57-2ec2dd220942, command=[]} | ret=SUCCESS |  
2019-08-20 19:19:26,961 | INFO  | SCMAudit | user=jenkins1000 | ip=192.168.69.105 | op=SEND_HEARTBEAT {datanodeUUID=4033865b-8d67-417a-8575-039c711fd8ba, command=[]} | ret=SUCCESS |  
2019-08-20 19:19:27,174 | INFO  | SCMAudit | user=jenkins1000 | ip=192.168.69.105 | op=SEND_HEARTBEAT {datanodeUUID=e274e395-c7b6-408d-a6b4-4add6056d6d1, command=[]} | ret=SUCCESS |  
2019-08-20 19:19:27,359 | INFO  | SCMAudit | user=jenkins1000 | ip=192.168.69.105 | op=SEND_HEARTBEAT {datanodeUUID=1df1583d-c3bd-46e3-b5a9-7f01f9158e7c, command=[]} | ret=SUCCESS |  
2019-08-20 19:19:27,611 | INFO  | SCMAudit | user=jenkins1000 | ip=192.168.69.105 | op=SEND_HEARTBEAT {datanodeUUID=340027e2-c19a-4ce0-8fe2-d5928ef30461, command=[]} | ret=SUCCESS |  
2019-08-20 19:19:27,864 | INFO  | SCMAudit | user=jenkins1000 | ip=192.168.69.105 | op=SEND_HEARTBEAT {datanodeUUID=16f059df-d226-4022-8e81-046858cbfecb, command=[]} | ret=SUCCESS |  
2019-08-20 19:19:27,891 | INFO  | SCMAudit | user=jenkins1000 | ip=192.168.69.105 | op=SEND_HEARTBEAT {datanodeUUID=e4f90e61-f3c9-4b9d-bc15-ac0e2b79db86, command=[]} | ret=SUCCESS |  
2019-08-20 19:19:27,900 | INFO  | SCMAudit | user=jenkins1000 | ip=192.168.69.105 | op=SEND_HEARTBEAT {datanodeUUID=91ae5334-971e-44ba-ab57-2ec2dd220942, command=[]} | ret=SUCCESS |  
2019-08-20 19:19:27,962 | INFO  | SCMAudit | user=jenkins1000 | ip=192.168.69.105 | op=SEND_HEARTBEAT {datanodeUUID=4033865b-8d67-417a-8575-039c711fd8ba, command=[]} | ret=SUCCESS |  
2019-08-20 19:19:28,174 | INFO  | SCMAudit | user=jenkins1000 | ip=192.168.69.105 | op=SEND_HEARTBEAT {datanodeUUID=e274e395-c7b6-408d-a6b4-4add6056d6d1, command=[]} | ret=SUCCESS |  
2019-08-20 19:19:28,359 | INFO  | SCMAudit | user=jenkins1000 | ip=192.168.69.105 | op=SEND_HEARTBEAT {datanodeUUID=1df1583d-c3bd-46e3-b5a9-7f01f9158e7c, command=[]} | ret=SUCCESS |  
2019-08-20 19:19:28,612 | INFO  | SCMAudit | user=jenkins1000 | ip=192.168.69.105 | op=SEND_HEARTBEAT {datanodeUUID=340027e2-c19a-4ce0-8fe2-d5928ef30461, command=[]} | ret=SUCCESS |  
2019-08-20 19:19:28,864 | INFO  | SCMAudit | user=jenkins1000 | ip=192.168.69.105 | op=SEND_HEARTBEAT {datanodeUUID=16f059df-d226-4022-8e81-046858cbfecb, command=[]} | ret=SUCCESS |  
2019-08-20 19:19:28,891 | INFO  | SCMAudit | user=jenkins1000 | ip=192.168.69.105 | op=SEND_HEARTBEAT {datanodeUUID=e4f90e61-f3c9-4b9d-bc15-ac0e2b79db86, command=[]} | ret=SUCCESS |  
2019-08-20 19:19:28,900 | INFO  | SCMAudit | user=jenkins1000 | ip=192.168.69.105 | op=SEND_HEARTBEAT {datanodeUUID=91ae5334-971e-44ba-ab57-2ec2dd220942, command=[]} | ret=SUCCESS |  
2019-08-20 19:19:28,963 | INFO  | SCMAudit | user=jenkins1000 | ip=192.168.69.105 | op=SEND_HEARTBEAT {datanodeUUID=4033865b-8d67-417a-8575-039c711fd8ba, command=[]} | ret=SUCCESS |  
2019-08-20 19:19:29,042 [grpc-default-executor-4] INFO  client.GrpcClientProtocolClient (GrpcClientProtocolClient.java:onNext(255)) - client-8301E8A5B94A->e4f90e61-f3c9-4b9d-bc15-ac0e2b79db86: receive RaftClientReply:client-8301E8A5B94A->e4f90e61-f3c9-4b9d-bc15-ac0e2b79db86@group-782B390D3D40, cid=45, FAILED org.apache.ratis.protocol.NotLeaderException: Server e4f90e61-f3c9-4b9d-bc15-ac0e2b79db86 is not the leader (16f059df-d226-4022-8e81-046858cbfecb:192.168.69.105:37581). Request must be sent to leader., logIndex=0, commits[e4f90e61-f3c9-4b9d-bc15-ac0e2b79db86:c8, 16f059df-d226-4022-8e81-046858cbfecb:c8, 91ae5334-971e-44ba-ab57-2ec2dd220942:c8]
2019-08-20 19:19:29,174 | INFO  | SCMAudit | user=jenkins1000 | ip=192.168.69.105 | op=SEND_HEARTBEAT {datanodeUUID=e274e395-c7b6-408d-a6b4-4add6056d6d1, command=[]} | ret=SUCCESS |  
2019-08-20 19:19:29,359 | INFO  | SCMAudit | user=jenkins1000 | ip=192.168.69.105 | op=SEND_HEARTBEAT {datanodeUUID=1df1583d-c3bd-46e3-b5a9-7f01f9158e7c, command=[]} | ret=SUCCESS |  
2019-08-20 19:19:29,611 | INFO  | SCMAudit | user=jenkins1000 | ip=192.168.69.105 | op=SEND_HEARTBEAT {datanodeUUID=340027e2-c19a-4ce0-8fe2-d5928ef30461, command=[]} | ret=SUCCESS |  
2019-08-20 19:19:29,864 | INFO  | SCMAudit | user=jenkins1000 | ip=192.168.69.105 | op=SEND_HEARTBEAT {datanodeUUID=16f059df-d226-4022-8e81-046858cbfecb, command=[]} | ret=SUCCESS |  
2019-08-20 19:19:29,891 | INFO  | SCMAudit | user=jenkins1000 | ip=192.168.69.105 | op=SEND_HEARTBEAT {datanodeUUID=e4f90e61-f3c9-4b9d-bc15-ac0e2b79db86, command=[]} | ret=SUCCESS |  
2019-08-20 19:19:29,901 | INFO  | SCMAudit | user=jenkins1000 | ip=192.168.69.105 | op=SEND_HEARTBEAT {datanodeUUID=91ae5334-971e-44ba-ab57-2ec2dd220942, command=[]} | ret=SUCCESS |  
2019-08-20 19:19:29,963 | INFO  | SCMAudit | user=jenkins1000 | ip=192.168.69.105 | op=SEND_HEARTBEAT {datanodeUUID=4033865b-8d67-417a-8575-039c711fd8ba, command=[]} | ret=SUCCESS |  
2019-08-20 19:19:30,174 | INFO  | SCMAudit | user=jenkins1000 | ip=192.168.69.105 | op=SEND_HEARTBEAT {datanodeUUID=e274e395-c7b6-408d-a6b4-4add6056d6d1, command=[]} | ret=SUCCESS |  
2019-08-20 19:19:30,359 | INFO  | SCMAudit | user=jenkins1000 | ip=192.168.69.105 | op=SEND_HEARTBEAT {datanodeUUID=1df1583d-c3bd-46e3-b5a9-7f01f9158e7c, command=[]} | ret=SUCCESS |  
2019-08-20 19:19:30,611 | INFO  | SCMAudit | user=jenkins1000 | ip=192.168.69.105 | op=SEND_HEARTBEAT {datanodeUUID=340027e2-c19a-4ce0-8fe2-d5928ef30461, command=[]} | ret=SUCCESS |  
2019-08-20 19:19:30,864 | INFO  | SCMAudit | user=jenkins1000 | ip=192.168.69.105 | op=SEND_HEARTBEAT {datanodeUUID=16f059df-d226-4022-8e81-046858cbfecb, command=[]} | ret=SUCCESS |  
2019-08-20 19:19:30,891 | INFO  | SCMAudit | user=jenkins1000 | ip=192.168.69.105 | op=SEND_HEARTBEAT {datanodeUUID=e4f90e61-f3c9-4b9d-bc15-ac0e2b79db86, command=[]} | ret=SUCCESS |  
2019-08-20 19:19:30,901 | INFO  | SCMAudit | user=jenkins1000 | ip=192.168.69.105 | op=SEND_HEARTBEAT {datanodeUUID=91ae5334-971e-44ba-ab57-2ec2dd220942, command=[]} | ret=SUCCESS |  
2019-08-20 19:19:30,963 | INFO  | SCMAudit | user=jenkins1000 | ip=192.168.69.105 | op=SEND_HEARTBEAT {datanodeUUID=4033865b-8d67-417a-8575-039c711fd8ba, command=[]} | ret=SUCCESS |  
2019-08-20 19:19:31,174 | INFO  | SCMAudit | user=jenkins1000 | ip=192.168.69.105 | op=SEND_HEARTBEAT {datanodeUUID=e274e395-c7b6-408d-a6b4-4add6056d6d1, command=[]} | ret=SUCCESS |  
2019-08-20 19:19:31,360 | INFO  | SCMAudit | user=jenkins1000 | ip=192.168.69.105 | op=SEND_HEARTBEAT {datanodeUUID=1df1583d-c3bd-46e3-b5a9-7f01f9158e7c, command=[]} | ret=SUCCESS |  
2019-08-20 19:19:31,611 | INFO  | SCMAudit | user=jenkins1000 | ip=192.168.69.105 | op=SEND_HEARTBEAT {datanodeUUID=340027e2-c19a-4ce0-8fe2-d5928ef30461, command=[]} | ret=SUCCESS |  
2019-08-20 19:19:31,865 | INFO  | SCMAudit | user=jenkins1000 | ip=192.168.69.105 | op=SEND_HEARTBEAT {datanodeUUID=16f059df-d226-4022-8e81-046858cbfecb, command=[]} | ret=SUCCESS |  
2019-08-20 19:19:31,891 | INFO  | SCMAudit | user=jenkins1000 | ip=192.168.69.105 | op=SEND_HEARTBEAT {datanodeUUID=e4f90e61-f3c9-4b9d-bc15-ac0e2b79db86, command=[]} | ret=SUCCESS |  
2019-08-20 19:19:31,901 | INFO  | SCMAudit | user=jenkins1000 | ip=192.168.69.105 | op=SEND_HEARTBEAT {datanodeUUID=91ae5334-971e-44ba-ab57-2ec2dd220942, command=[]} | ret=SUCCESS |  
2019-08-20 19:19:31,963 | INFO  | SCMAudit | user=jenkins1000 | ip=192.168.69.105 | op=SEND_HEARTBEAT {datanodeUUID=4033865b-8d67-417a-8575-039c711fd8ba, command=[]} | ret=SUCCESS |  
2019-08-20 19:19:32,174 | INFO  | SCMAudit | user=jenkins1000 | ip=192.168.69.105 | op=SEND_HEARTBEAT {datanodeUUID=e274e395-c7b6-408d-a6b4-4add6056d6d1, command=[]} | ret=SUCCESS |  
2019-08-20 19:19:32,360 | INFO  | SCMAudit | user=jenkins1000 | ip=192.168.69.105 | op=SEND_HEARTBEAT {datanodeUUID=1df1583d-c3bd-46e3-b5a9-7f01f9158e7c, command=[]} | ret=SUCCESS |  
2019-08-20 19:19:32,612 | INFO  | SCMAudit | user=jenkins1000 | ip=192.168.69.105 | op=SEND_HEARTBEAT {datanodeUUID=340027e2-c19a-4ce0-8fe2-d5928ef30461, command=[]} | ret=SUCCESS |  
2019-08-20 19:19:32,865 | INFO  | SCMAudit | user=jenkins1000 | ip=192.168.69.105 | op=SEND_HEARTBEAT {datanodeUUID=16f059df-d226-4022-8e81-046858cbfecb, command=[]} | ret=SUCCESS |  
2019-08-20 19:19:32,893 | INFO  | SCMAudit | user=jenkins1000 | ip=192.168.69.105 | op=SEND_HEARTBEAT {datanodeUUID=e4f90e61-f3c9-4b9d-bc15-ac0e2b79db86, command=[]} | ret=SUCCESS |  
2019-08-20 19:19:32,903 | INFO  | SCMAudit | user=jenkins1000 | ip=192.168.69.105 | op=SEND_HEARTBEAT {datanodeUUID=91ae5334-971e-44ba-ab57-2ec2dd220942, command=[]} | ret=SUCCESS |  
2019-08-20 19:19:32,963 | INFO  | SCMAudit | user=jenkins1000 | ip=192.168.69.105 | op=SEND_HEARTBEAT {datanodeUUID=4033865b-8d67-417a-8575-039c711fd8ba, command=[]} | ret=SUCCESS |  
2019-08-20 19:19:33,174 | INFO  | SCMAudit | user=jenkins1000 | ip=192.168.69.105 | op=SEND_HEARTBEAT {datanodeUUID=e274e395-c7b6-408d-a6b4-4add6056d6d1, command=[]} | ret=SUCCESS |  
2019-08-20 19:19:33,360 | INFO  | SCMAudit | user=jenkins1000 | ip=192.168.69.105 | op=SEND_HEARTBEAT {datanodeUUID=1df1583d-c3bd-46e3-b5a9-7f01f9158e7c, command=[]} | ret=SUCCESS |  
2019-08-20 19:19:33,612 | INFO  | SCMAudit | user=jenkins1000 | ip=192.168.69.105 | op=SEND_HEARTBEAT {datanodeUUID=340027e2-c19a-4ce0-8fe2-d5928ef30461, command=[]} | ret=SUCCESS |  
2019-08-20 19:19:33,865 | INFO  | SCMAudit | user=jenkins1000 | ip=192.168.69.105 | op=SEND_HEARTBEAT {datanodeUUID=16f059df-d226-4022-8e81-046858cbfecb, command=[]} | ret=SUCCESS |  
2019-08-20 19:19:33,893 | INFO  | SCMAudit | user=jenkins1000 | ip=192.168.69.105 | op=SEND_HEARTBEAT {datanodeUUID=e4f90e61-f3c9-4b9d-bc15-ac0e2b79db86, command=[]} | ret=SUCCESS |  
2019-08-20 19:19:33,902 | INFO  | SCMAudit | user=jenkins1000 | ip=192.168.69.105 | op=SEND_HEARTBEAT {datanodeUUID=91ae5334-971e-44ba-ab57-2ec2dd220942, command=[]} | ret=SUCCESS |  
2019-08-20 19:19:33,963 | INFO  | SCMAudit | user=jenkins1000 | ip=192.168.69.105 | op=SEND_HEARTBEAT {datanodeUUID=4033865b-8d67-417a-8575-039c711fd8ba, command=[]} | ret=SUCCESS |  
2019-08-20 19:19:34,074 [grpc-default-executor-4] INFO  client.GrpcClientProtocolClient (GrpcClientProtocolClient.java:onNext(255)) - client-8301E8A5B94A->e4f90e61-f3c9-4b9d-bc15-ac0e2b79db86: receive RaftClientReply:client-8301E8A5B94A->e4f90e61-f3c9-4b9d-bc15-ac0e2b79db86@group-782B390D3D40, cid=45, FAILED org.apache.ratis.protocol.NotLeaderException: Server e4f90e61-f3c9-4b9d-bc15-ac0e2b79db86 is not the leader (16f059df-d226-4022-8e81-046858cbfecb:192.168.69.105:37581). Request must be sent to leader., logIndex=0, commits[e4f90e61-f3c9-4b9d-bc15-ac0e2b79db86:c8, 16f059df-d226-4022-8e81-046858cbfecb:c8, 91ae5334-971e-44ba-ab57-2ec2dd220942:c8]
2019-08-20 19:19:34,175 | INFO  | SCMAudit | user=jenkins1000 | ip=192.168.69.105 | op=SEND_HEARTBEAT {datanodeUUID=e274e395-c7b6-408d-a6b4-4add6056d6d1, command=[]} | ret=SUCCESS |  
2019-08-20 19:19:34,360 | INFO  | SCMAudit | user=jenkins1000 | ip=192.168.69.105 | op=SEND_HEARTBEAT {datanodeUUID=1df1583d-c3bd-46e3-b5a9-7f01f9158e7c, command=[]} | ret=SUCCESS |  
2019-08-20 19:19:34,612 | INFO  | SCMAudit | user=jenkins1000 | ip=192.168.69.105 | op=SEND_HEARTBEAT {datanodeUUID=340027e2-c19a-4ce0-8fe2-d5928ef30461, command=[]} | ret=SUCCESS |  
2019-08-20 19:19:34,865 | INFO  | SCMAudit | user=jenkins1000 | ip=192.168.69.105 | op=SEND_HEARTBEAT {datanodeUUID=16f059df-d226-4022-8e81-046858cbfecb, command=[]} | ret=SUCCESS |  
2019-08-20 19:19:34,893 | INFO  | SCMAudit | user=jenkins1000 | ip=192.168.69.105 | op=SEND_HEARTBEAT {datanodeUUID=e4f90e61-f3c9-4b9d-bc15-ac0e2b79db86, command=[]} | ret=SUCCESS |  
2019-08-20 19:19:34,902 | INFO  | SCMAudit | user=jenkins1000 | ip=192.168.69.105 | op=SEND_HEARTBEAT {datanodeUUID=91ae5334-971e-44ba-ab57-2ec2dd220942, command=[]} | ret=SUCCESS |  
2019-08-20 19:19:34,963 | INFO  | SCMAudit | user=jenkins1000 | ip=192.168.69.105 | op=SEND_HEARTBEAT {datanodeUUID=4033865b-8d67-417a-8575-039c711fd8ba, command=[]} | ret=SUCCESS |  
2019-08-20 19:19:35,175 | INFO  | SCMAudit | user=jenkins1000 | ip=192.168.69.105 | op=SEND_HEARTBEAT {datanodeUUID=e274e395-c7b6-408d-a6b4-4add6056d6d1, command=[]} | ret=SUCCESS |  
2019-08-20 19:19:35,360 | INFO  | SCMAudit | user=jenkins1000 | ip=192.168.69.105 | op=SEND_HEARTBEAT {datanodeUUID=1df1583d-c3bd-46e3-b5a9-7f01f9158e7c, command=[]} | ret=SUCCESS |  
2019-08-20 19:19:35,613 | INFO  | SCMAudit | user=jenkins1000 | ip=192.168.69.105 | op=SEND_HEARTBEAT {datanodeUUID=340027e2-c19a-4ce0-8fe2-d5928ef30461, command=[]} | ret=SUCCESS |  
2019-08-20 19:19:35,865 | INFO  | SCMAudit | user=jenkins1000 | ip=192.168.69.105 | op=SEND_HEARTBEAT {datanodeUUID=16f059df-d226-4022-8e81-046858cbfecb, command=[]} | ret=SUCCESS |  
2019-08-20 19:19:35,893 | INFO  | SCMAudit | user=jenkins1000 | ip=192.168.69.105 | op=SEND_HEARTBEAT {datanodeUUID=e4f90e61-f3c9-4b9d-bc15-ac0e2b79db86, command=[]} | ret=SUCCESS |  
2019-08-20 19:19:35,903 | INFO  | SCMAudit | user=jenkins1000 | ip=192.168.69.105 | op=SEND_HEARTBEAT {datanodeUUID=91ae5334-971e-44ba-ab57-2ec2dd220942, command=[]} | ret=SUCCESS |  
2019-08-20 19:19:35,963 | INFO  | SCMAudit | user=jenkins1000 | ip=192.168.69.105 | op=SEND_HEARTBEAT {datanodeUUID=4033865b-8d67-417a-8575-039c711fd8ba, command=[]} | ret=SUCCESS |  
2019-08-20 19:19:36,175 | INFO  | SCMAudit | user=jenkins1000 | ip=192.168.69.105 | op=SEND_HEARTBEAT {datanodeUUID=e274e395-c7b6-408d-a6b4-4add6056d6d1, command=[]} | ret=SUCCESS |  
2019-08-20 19:19:36,361 | INFO  | SCMAudit | user=jenkins1000 | ip=192.168.69.105 | op=SEND_HEARTBEAT {datanodeUUID=1df1583d-c3bd-46e3-b5a9-7f01f9158e7c, command=[]} | ret=SUCCESS |  
2019-08-20 19:19:36,613 | INFO  | SCMAudit | user=jenkins1000 | ip=192.168.69.105 | op=SEND_HEARTBEAT {datanodeUUID=340027e2-c19a-4ce0-8fe2-d5928ef30461, command=[]} | ret=SUCCESS |  
2019-08-20 19:19:36,865 | INFO  | SCMAudit | user=jenkins1000 | ip=192.168.69.105 | op=SEND_HEARTBEAT {datanodeUUID=16f059df-d226-4022-8e81-046858cbfecb, command=[]} | ret=SUCCESS |  
2019-08-20 19:19:36,893 | INFO  | SCMAudit | user=jenkins1000 | ip=192.168.69.105 | op=SEND_HEARTBEAT {datanodeUUID=e4f90e61-f3c9-4b9d-bc15-ac0e2b79db86, command=[]} | ret=SUCCESS |  
2019-08-20 19:19:36,904 | INFO  | SCMAudit | user=jenkins1000 | ip=192.168.69.105 | op=SEND_HEARTBEAT {datanodeUUID=91ae5334-971e-44ba-ab57-2ec2dd220942, command=[]} | ret=SUCCESS |  
2019-08-20 19:19:36,963 | INFO  | SCMAudit | user=jenkins1000 | ip=192.168.69.105 | op=SEND_HEARTBEAT {datanodeUUID=4033865b-8d67-417a-8575-039c711fd8ba, command=[]} | ret=SUCCESS |  
2019-08-20 19:19:37,175 | INFO  | SCMAudit | user=jenkins1000 | ip=192.168.69.105 | op=SEND_HEARTBEAT {datanodeUUID=e274e395-c7b6-408d-a6b4-4add6056d6d1, command=[]} | ret=SUCCESS |  
2019-08-20 19:19:37,361 | INFO  | SCMAudit | user=jenkins1000 | ip=192.168.69.105 | op=SEND_HEARTBEAT {datanodeUUID=1df1583d-c3bd-46e3-b5a9-7f01f9158e7c, command=[]} | ret=SUCCESS |  
2019-08-20 19:19:37,613 | INFO  | SCMAudit | user=jenkins1000 | ip=192.168.69.105 | op=SEND_HEARTBEAT {datanodeUUID=340027e2-c19a-4ce0-8fe2-d5928ef30461, command=[]} | ret=SUCCESS |  
2019-08-20 19:19:37,867 | INFO  | SCMAudit | user=jenkins1000 | ip=192.168.69.105 | op=SEND_HEARTBEAT {datanodeUUID=16f059df-d226-4022-8e81-046858cbfecb, command=[]} | ret=SUCCESS |  
2019-08-20 19:19:37,894 | INFO  | SCMAudit | user=jenkins1000 | ip=192.168.69.105 | op=SEND_HEARTBEAT {datanodeUUID=e4f90e61-f3c9-4b9d-bc15-ac0e2b79db86, command=[]} | ret=SUCCESS |  
2019-08-20 19:19:37,904 | INFO  | SCMAudit | user=jenkins1000 | ip=192.168.69.105 | op=SEND_HEARTBEAT {datanodeUUID=91ae5334-971e-44ba-ab57-2ec2dd220942, command=[]} | ret=SUCCESS |  
2019-08-20 19:19:37,963 | INFO  | SCMAudit | user=jenkins1000 | ip=192.168.69.105 | op=SEND_HEARTBEAT {datanodeUUID=4033865b-8d67-417a-8575-039c711fd8ba, command=[]} | ret=SUCCESS |  
2019-08-20 19:19:38,175 | INFO  | SCMAudit | user=jenkins1000 | ip=192.168.69.105 | op=SEND_HEARTBEAT {datanodeUUID=e274e395-c7b6-408d-a6b4-4add6056d6d1, command=[]} | ret=SUCCESS |  
2019-08-20 19:19:38,361 | INFO  | SCMAudit | user=jenkins1000 | ip=192.168.69.105 | op=SEND_HEARTBEAT {datanodeUUID=1df1583d-c3bd-46e3-b5a9-7f01f9158e7c, command=[]} | ret=SUCCESS |  
2019-08-20 19:19:38,613 | INFO  | SCMAudit | user=jenkins1000 | ip=192.168.69.105 | op=SEND_HEARTBEAT {datanodeUUID=340027e2-c19a-4ce0-8fe2-d5928ef30461, command=[]} | ret=SUCCESS |  
2019-08-20 19:19:38,868 | INFO  | SCMAudit | user=jenkins1000 | ip=192.168.69.105 | op=SEND_HEARTBEAT {datanodeUUID=16f059df-d226-4022-8e81-046858cbfecb, command=[]} | ret=SUCCESS |  
2019-08-20 19:19:38,893 | INFO  | SCMAudit | user=jenkins1000 | ip=192.168.69.105 | op=SEND_HEARTBEAT {datanodeUUID=e4f90e61-f3c9-4b9d-bc15-ac0e2b79db86, command=[]} | ret=SUCCESS |  
2019-08-20 19:19:38,904 | INFO  | SCMAudit | user=jenkins1000 | ip=192.168.69.105 | op=SEND_HEARTBEAT {datanodeUUID=91ae5334-971e-44ba-ab57-2ec2dd220942, command=[]} | ret=SUCCESS |  
2019-08-20 19:19:38,963 | INFO  | SCMAudit | user=jenkins1000 | ip=192.168.69.105 | op=SEND_HEARTBEAT {datanodeUUID=4033865b-8d67-417a-8575-039c711fd8ba, command=[]} | ret=SUCCESS |  
2019-08-20 19:19:39,112 [grpc-default-executor-5] INFO  client.GrpcClientProtocolClient (GrpcClientProtocolClient.java:onNext(255)) - client-8301E8A5B94A->91ae5334-971e-44ba-ab57-2ec2dd220942: receive RaftClientReply:client-8301E8A5B94A->91ae5334-971e-44ba-ab57-2ec2dd220942@group-782B390D3D40, cid=45, FAILED org.apache.ratis.protocol.NotLeaderException: Server 91ae5334-971e-44ba-ab57-2ec2dd220942 is not the leader (16f059df-d226-4022-8e81-046858cbfecb:192.168.69.105:37581). Request must be sent to leader., logIndex=0, commits[91ae5334-971e-44ba-ab57-2ec2dd220942:c8, e4f90e61-f3c9-4b9d-bc15-ac0e2b79db86:c8, 16f059df-d226-4022-8e81-046858cbfecb:c8]
2019-08-20 19:19:39,175 | INFO  | SCMAudit | user=jenkins1000 | ip=192.168.69.105 | op=SEND_HEARTBEAT {datanodeUUID=e274e395-c7b6-408d-a6b4-4add6056d6d1, command=[]} | ret=SUCCESS |  
2019-08-20 19:19:39,361 | INFO  | SCMAudit | user=jenkins1000 | ip=192.168.69.105 | op=SEND_HEARTBEAT {datanodeUUID=1df1583d-c3bd-46e3-b5a9-7f01f9158e7c, command=[]} | ret=SUCCESS |  
2019-08-20 19:19:39,614 | INFO  | SCMAudit | user=jenkins1000 | ip=192.168.69.105 | op=SEND_HEARTBEAT {datanodeUUID=340027e2-c19a-4ce0-8fe2-d5928ef30461, command=[]} | ret=SUCCESS |  
2019-08-20 19:19:39,868 | INFO  | SCMAudit | user=jenkins1000 | ip=192.168.69.105 | op=SEND_HEARTBEAT {datanodeUUID=16f059df-d226-4022-8e81-046858cbfecb, command=[]} | ret=SUCCESS |  
2019-08-20 19:19:39,893 | INFO  | SCMAudit | user=jenkins1000 | ip=192.168.69.105 | op=SEND_HEARTBEAT {datanodeUUID=e4f90e61-f3c9-4b9d-bc15-ac0e2b79db86, command=[]} | ret=SUCCESS |  
2019-08-20 19:19:39,904 | INFO  | SCMAudit | user=jenkins1000 | ip=192.168.69.105 | op=SEND_HEARTBEAT {datanodeUUID=91ae5334-971e-44ba-ab57-2ec2dd220942, command=[]} | ret=SUCCESS |  
2019-08-20 19:19:39,963 | INFO  | SCMAudit | user=jenkins1000 | ip=192.168.69.105 | op=SEND_HEARTBEAT {datanodeUUID=4033865b-8d67-417a-8575-039c711fd8ba, command=[]} | ret=SUCCESS |  
2019-08-20 19:19:40,175 | INFO  | SCMAudit | user=jenkins1000 | ip=192.168.69.105 | op=SEND_HEARTBEAT {datanodeUUID=e274e395-c7b6-408d-a6b4-4add6056d6d1, command=[]} | ret=SUCCESS |  
2019-08-20 19:19:40,362 | INFO  | SCMAudit | user=jenkins1000 | ip=192.168.69.105 | op=SEND_HEARTBEAT {datanodeUUID=1df1583d-c3bd-46e3-b5a9-7f01f9158e7c, command=[]} | ret=SUCCESS |  
2019-08-20 19:19:40,615 | INFO  | SCMAudit | user=jenkins1000 | ip=192.168.69.105 | op=SEND_HEARTBEAT {datanodeUUID=340027e2-c19a-4ce0-8fe2-d5928ef30461, command=[]} | ret=SUCCESS |  
2019-08-20 19:19:40,868 | INFO  | SCMAudit | user=jenkins1000 | ip=192.168.69.105 | op=SEND_HEARTBEAT {datanodeUUID=16f059df-d226-4022-8e81-046858cbfecb, command=[]} | ret=SUCCESS |  
2019-08-20 19:19:40,893 | INFO  | SCMAudit | user=jenkins1000 | ip=192.168.69.105 | op=SEND_HEARTBEAT {datanodeUUID=e4f90e61-f3c9-4b9d-bc15-ac0e2b79db86, command=[]} | ret=SUCCESS |  
2019-08-20 19:19:40,904 | INFO  | SCMAudit | user=jenkins1000 | ip=192.168.69.105 | op=SEND_HEARTBEAT {datanodeUUID=91ae5334-971e-44ba-ab57-2ec2dd220942, command=[]} | ret=SUCCESS |  
2019-08-20 19:19:40,963 | INFO  | SCMAudit | user=jenkins1000 | ip=192.168.69.105 | op=SEND_HEARTBEAT {datanodeUUID=4033865b-8d67-417a-8575-039c711fd8ba, command=[]} | ret=SUCCESS |  
2019-08-20 19:19:41,175 | INFO  | SCMAudit | user=jenkins1000 | ip=192.168.69.105 | op=SEND_HEARTBEAT {datanodeUUID=e274e395-c7b6-408d-a6b4-4add6056d6d1, command=[]} | ret=SUCCESS |  
2019-08-20 19:19:41,361 | INFO  | SCMAudit | user=jenkins1000 | ip=192.168.69.105 | op=SEND_HEARTBEAT {datanodeUUID=1df1583d-c3bd-46e3-b5a9-7f01f9158e7c, command=[]} | ret=SUCCESS |  
2019-08-20 19:19:41,614 | INFO  | SCMAudit | user=jenkins1000 | ip=192.168.69.105 | op=SEND_HEARTBEAT {datanodeUUID=340027e2-c19a-4ce0-8fe2-d5928ef30461, command=[]} | ret=SUCCESS |  
2019-08-20 19:19:41,868 | INFO  | SCMAudit | user=jenkins1000 | ip=192.168.69.105 | op=SEND_HEARTBEAT {datanodeUUID=16f059df-d226-4022-8e81-046858cbfecb, command=[]} | ret=SUCCESS |  
2019-08-20 19:19:41,893 | INFO  | SCMAudit | user=jenkins1000 | ip=192.168.69.105 | op=SEND_HEARTBEAT {datanodeUUID=e4f90e61-f3c9-4b9d-bc15-ac0e2b79db86, command=[]} | ret=SUCCESS |  
2019-08-20 19:19:41,904 | INFO  | SCMAudit | user=jenkins1000 | ip=192.168.69.105 | op=SEND_HEARTBEAT {datanodeUUID=91ae5334-971e-44ba-ab57-2ec2dd220942, command=[]} | ret=SUCCESS |  
2019-08-20 19:19:41,963 | INFO  | SCMAudit | user=jenkins1000 | ip=192.168.69.105 | op=SEND_HEARTBEAT {datanodeUUID=4033865b-8d67-417a-8575-039c711fd8ba, command=[]} | ret=SUCCESS |  
2019-08-20 19:19:42,176 | INFO  | SCMAudit | user=jenkins1000 | ip=192.168.69.105 | op=SEND_HEARTBEAT {datanodeUUID=e274e395-c7b6-408d-a6b4-4add6056d6d1, command=[]} | ret=SUCCESS |  
2019-08-20 19:19:42,362 | INFO  | SCMAudit | user=jenkins1000 | ip=192.168.69.105 | op=SEND_HEARTBEAT {datanodeUUID=1df1583d-c3bd-46e3-b5a9-7f01f9158e7c, command=[]} | ret=SUCCESS |  
2019-08-20 19:19:42,614 | INFO  | SCMAudit | user=jenkins1000 | ip=192.168.69.105 | op=SEND_HEARTBEAT {datanodeUUID=340027e2-c19a-4ce0-8fe2-d5928ef30461, command=[]} | ret=SUCCESS |  
2019-08-20 19:19:42,869 | INFO  | SCMAudit | user=jenkins1000 | ip=192.168.69.105 | op=SEND_HEARTBEAT {datanodeUUID=16f059df-d226-4022-8e81-046858cbfecb, command=[]} | ret=SUCCESS |  
2019-08-20 19:19:42,893 | INFO  | SCMAudit | user=jenkins1000 | ip=192.168.69.105 | op=SEND_HEARTBEAT {datanodeUUID=e4f90e61-f3c9-4b9d-bc15-ac0e2b79db86, command=[]} | ret=SUCCESS |  
2019-08-20 19:19:42,904 | INFO  | SCMAudit | user=jenkins1000 | ip=192.168.69.105 | op=SEND_HEARTBEAT {datanodeUUID=91ae5334-971e-44ba-ab57-2ec2dd220942, command=[]} | ret=SUCCESS |  
2019-08-20 19:19:42,963 | INFO  | SCMAudit | user=jenkins1000 | ip=192.168.69.105 | op=SEND_HEARTBEAT {datanodeUUID=4033865b-8d67-417a-8575-039c711fd8ba, command=[]} | ret=SUCCESS |  
2019-08-20 19:19:43,176 | INFO  | SCMAudit | user=jenkins1000 | ip=192.168.69.105 | op=SEND_HEARTBEAT {datanodeUUID=e274e395-c7b6-408d-a6b4-4add6056d6d1, command=[]} | ret=SUCCESS |  
2019-08-20 19:19:43,361 | INFO  | SCMAudit | user=jenkins1000 | ip=192.168.69.105 | op=SEND_HEARTBEAT {datanodeUUID=1df1583d-c3bd-46e3-b5a9-7f01f9158e7c, command=[]} | ret=SUCCESS |  
2019-08-20 19:19:43,614 | INFO  | SCMAudit | user=jenkins1000 | ip=192.168.69.105 | op=SEND_HEARTBEAT {datanodeUUID=340027e2-c19a-4ce0-8fe2-d5928ef30461, command=[]} | ret=SUCCESS |  
2019-08-20 19:19:43,868 | INFO  | SCMAudit | user=jenkins1000 | ip=192.168.69.105 | op=SEND_HEARTBEAT {datanodeUUID=16f059df-d226-4022-8e81-046858cbfecb, command=[]} | ret=SUCCESS |  
2019-08-20 19:19:43,893 | INFO  | SCMAudit | user=jenkins1000 | ip=192.168.69.105 | op=SEND_HEARTBEAT {datanodeUUID=e4f90e61-f3c9-4b9d-bc15-ac0e2b79db86, command=[]} | ret=SUCCESS |  
2019-08-20 19:19:43,904 | INFO  | SCMAudit | user=jenkins1000 | ip=192.168.69.105 | op=SEND_HEARTBEAT {datanodeUUID=91ae5334-971e-44ba-ab57-2ec2dd220942, command=[]} | ret=SUCCESS |  
2019-08-20 19:19:43,963 | INFO  | SCMAudit | user=jenkins1000 | ip=192.168.69.105 | op=SEND_HEARTBEAT {datanodeUUID=4033865b-8d67-417a-8575-039c711fd8ba, command=[]} | ret=SUCCESS |  
2019-08-20 19:19:44,145 [grpc-default-executor-5] INFO  client.GrpcClientProtocolClient (GrpcClientProtocolClient.java:onNext(255)) - client-8301E8A5B94A->91ae5334-971e-44ba-ab57-2ec2dd220942: receive RaftClientReply:client-8301E8A5B94A->91ae5334-971e-44ba-ab57-2ec2dd220942@group-782B390D3D40, cid=45, FAILED org.apache.ratis.protocol.NotLeaderException: Server 91ae5334-971e-44ba-ab57-2ec2dd220942 is not the leader (16f059df-d226-4022-8e81-046858cbfecb:192.168.69.105:37581). Request must be sent to leader., logIndex=0, commits[91ae5334-971e-44ba-ab57-2ec2dd220942:c8, e4f90e61-f3c9-4b9d-bc15-ac0e2b79db86:c8, 16f059df-d226-4022-8e81-046858cbfecb:c8]
2019-08-20 19:19:44,176 | INFO  | SCMAudit | user=jenkins1000 | ip=192.168.69.105 | op=SEND_HEARTBEAT {datanodeUUID=e274e395-c7b6-408d-a6b4-4add6056d6d1, command=[]} | ret=SUCCESS |  
2019-08-20 19:19:44,361 | INFO  | SCMAudit | user=jenkins1000 | ip=192.168.69.105 | op=SEND_HEARTBEAT {datanodeUUID=1df1583d-c3bd-46e3-b5a9-7f01f9158e7c, command=[]} | ret=SUCCESS |  
2019-08-20 19:19:44,614 | INFO  | SCMAudit | user=jenkins1000 | ip=192.168.69.105 | op=SEND_HEARTBEAT {datanodeUUID=340027e2-c19a-4ce0-8fe2-d5928ef30461, command=[]} | ret=SUCCESS |  
2019-08-20 19:19:44,868 | INFO  | SCMAudit | user=jenkins1000 | ip=192.168.69.105 | op=SEND_HEARTBEAT {datanodeUUID=16f059df-d226-4022-8e81-046858cbfecb, command=[]} | ret=SUCCESS |  
2019-08-20 19:19:44,893 | INFO  | SCMAudit | user=jenkins1000 | ip=192.168.69.105 | op=SEND_HEARTBEAT {datanodeUUID=e4f90e61-f3c9-4b9d-bc15-ac0e2b79db86, command=[]} | ret=SUCCESS |  
2019-08-20 19:19:44,904 | INFO  | SCMAudit | user=jenkins1000 | ip=192.168.69.105 | op=SEND_HEARTBEAT {datanodeUUID=91ae5334-971e-44ba-ab57-2ec2dd220942, command=[]} | ret=SUCCESS |  
2019-08-20 19:19:44,963 | INFO  | SCMAudit | user=jenkins1000 | ip=192.168.69.105 | op=SEND_HEARTBEAT {datanodeUUID=4033865b-8d67-417a-8575-039c711fd8ba, command=[]} | ret=SUCCESS |  
2019-08-20 19:19:45,176 | INFO  | SCMAudit | user=jenkins1000 | ip=192.168.69.105 | op=SEND_HEARTBEAT {datanodeUUID=e274e395-c7b6-408d-a6b4-4add6056d6d1, command=[]} | ret=SUCCESS |  
2019-08-20 19:19:45,361 | INFO  | SCMAudit | user=jenkins1000 | ip=192.168.69.105 | op=SEND_HEARTBEAT {datanodeUUID=1df1583d-c3bd-46e3-b5a9-7f01f9158e7c, command=[]} | ret=SUCCESS |  
2019-08-20 19:19:45,616 | INFO  | SCMAudit | user=jenkins1000 | ip=192.168.69.105 | op=SEND_HEARTBEAT {datanodeUUID=340027e2-c19a-4ce0-8fe2-d5928ef30461, command=[]} | ret=SUCCESS |  
2019-08-20 19:19:45,868 | INFO  | SCMAudit | user=jenkins1000 | ip=192.168.69.105 | op=SEND_HEARTBEAT {datanodeUUID=16f059df-d226-4022-8e81-046858cbfecb, command=[]} | ret=SUCCESS |  
2019-08-20 19:19:45,893 | INFO  | SCMAudit | user=jenkins1000 | ip=192.168.69.105 | op=SEND_HEARTBEAT {datanodeUUID=e4f90e61-f3c9-4b9d-bc15-ac0e2b79db86, command=[]} | ret=SUCCESS |  
2019-08-20 19:19:45,904 | INFO  | SCMAudit | user=jenkins1000 | ip=192.168.69.105 | op=SEND_HEARTBEAT {datanodeUUID=91ae5334-971e-44ba-ab57-2ec2dd220942, command=[]} | ret=SUCCESS |  
2019-08-20 19:19:45,963 | INFO  | SCMAudit | user=jenkins1000 | ip=192.168.69.105 | op=SEND_HEARTBEAT {datanodeUUID=4033865b-8d67-417a-8575-039c711fd8ba, command=[]} | ret=SUCCESS |  
2019-08-20 19:19:46,176 | INFO  | SCMAudit | user=jenkins1000 | ip=192.168.69.105 | op=SEND_HEARTBEAT {datanodeUUID=e274e395-c7b6-408d-a6b4-4add6056d6d1, command=[]} | ret=SUCCESS |  
2019-08-20 19:19:46,361 | INFO  | SCMAudit | user=jenkins1000 | ip=192.168.69.105 | op=SEND_HEARTBEAT {datanodeUUID=1df1583d-c3bd-46e3-b5a9-7f01f9158e7c, command=[]} | ret=SUCCESS |  
2019-08-20 19:19:46,615 | INFO  | SCMAudit | user=jenkins1000 | ip=192.168.69.105 | op=SEND_HEARTBEAT {datanodeUUID=340027e2-c19a-4ce0-8fe2-d5928ef30461, command=[]} | ret=SUCCESS |  
2019-08-20 19:19:46,869 | INFO  | SCMAudit | user=jenkins1000 | ip=192.168.69.105 | op=SEND_HEARTBEAT {datanodeUUID=16f059df-d226-4022-8e81-046858cbfecb, command=[]} | ret=SUCCESS |  
2019-08-20 19:19:46,893 | INFO  | SCMAudit | user=jenkins1000 | ip=192.168.69.105 | op=SEND_HEARTBEAT {datanodeUUID=e4f90e61-f3c9-4b9d-bc15-ac0e2b79db86, command=[]} | ret=SUCCESS |  
2019-08-20 19:19:46,904 | INFO  | SCMAudit | user=jenkins1000 | ip=192.168.69.105 | op=SEND_HEARTBEAT {datanodeUUID=91ae5334-971e-44ba-ab57-2ec2dd220942, command=[]} | ret=SUCCESS |  
2019-08-20 19:19:46,963 | INFO  | SCMAudit | user=jenkins1000 | ip=192.168.69.105 | op=SEND_HEARTBEAT {datanodeUUID=4033865b-8d67-417a-8575-039c711fd8ba, command=[]} | ret=SUCCESS |  
2019-08-20 19:19:47,176 | INFO  | SCMAudit | user=jenkins1000 | ip=192.168.69.105 | op=SEND_HEARTBEAT {datanodeUUID=e274e395-c7b6-408d-a6b4-4add6056d6d1, command=[]} | ret=SUCCESS |  
2019-08-20 19:19:47,362 | INFO  | SCMAudit | user=jenkins1000 | ip=192.168.69.105 | op=SEND_HEARTBEAT {datanodeUUID=1df1583d-c3bd-46e3-b5a9-7f01f9158e7c, command=[]} | ret=SUCCESS |  
2019-08-20 19:19:47,615 | INFO  | SCMAudit | user=jenkins1000 | ip=192.168.69.105 | op=SEND_HEARTBEAT {datanodeUUID=340027e2-c19a-4ce0-8fe2-d5928ef30461, command=[]} | ret=SUCCESS |  
2019-08-20 19:19:47,869 | INFO  | SCMAudit | user=jenkins1000 | ip=192.168.69.105 | op=SEND_HEARTBEAT {datanodeUUID=16f059df-d226-4022-8e81-046858cbfecb, command=[]} | ret=SUCCESS |  
2019-08-20 19:19:47,893 | INFO  | SCMAudit | user=jenkins1000 | ip=192.168.69.105 | op=SEND_HEARTBEAT {datanodeUUID=e4f90e61-f3c9-4b9d-bc15-ac0e2b79db86, command=[]} | ret=SUCCESS |  
2019-08-20 19:19:47,904 | INFO  | SCMAudit | user=jenkins1000 | ip=192.168.69.105 | op=SEND_HEARTBEAT {datanodeUUID=91ae5334-971e-44ba-ab57-2ec2dd220942, command=[]} | ret=SUCCESS |  
2019-08-20 19:19:47,964 | INFO  | SCMAudit | user=jenkins1000 | ip=192.168.69.105 | op=SEND_HEARTBEAT {datanodeUUID=4033865b-8d67-417a-8575-039c711fd8ba, command=[]} | ret=SUCCESS |  
2019-08-20 19:19:47,981 [ReplicationMonitor] INFO  container.ReplicationManager (ReplicationManager.java:run(215)) - Replication Monitor Thread took 0 milliseconds for processing 3 containers.
2019-08-20 19:19:48,177 | INFO  | SCMAudit | user=jenkins1000 | ip=192.168.69.105 | op=SEND_HEARTBEAT {datanodeUUID=e274e395-c7b6-408d-a6b4-4add6056d6d1, command=[]} | ret=SUCCESS |  
2019-08-20 19:19:48,361 | INFO  | SCMAudit | user=jenkins1000 | ip=192.168.69.105 | op=SEND_HEARTBEAT {datanodeUUID=1df1583d-c3bd-46e3-b5a9-7f01f9158e7c, command=[]} | ret=SUCCESS |  
2019-08-20 19:19:48,615 | INFO  | SCMAudit | user=jenkins1000 | ip=192.168.69.105 | op=SEND_HEARTBEAT {datanodeUUID=340027e2-c19a-4ce0-8fe2-d5928ef30461, command=[]} | ret=SUCCESS |  
2019-08-20 19:19:48,869 | INFO  | SCMAudit | user=jenkins1000 | ip=192.168.69.105 | op=SEND_HEARTBEAT {datanodeUUID=16f059df-d226-4022-8e81-046858cbfecb, command=[]} | ret=SUCCESS |  
2019-08-20 19:19:48,893 | INFO  | SCMAudit | user=jenkins1000 | ip=192.168.69.105 | op=SEND_HEARTBEAT {datanodeUUID=e4f90e61-f3c9-4b9d-bc15-ac0e2b79db86, command=[]} | ret=SUCCESS |  
2019-08-20 19:19:48,904 | INFO  | SCMAudit | user=jenkins1000 | ip=192.168.69.105 | op=SEND_HEARTBEAT {datanodeUUID=91ae5334-971e-44ba-ab57-2ec2dd220942, command=[]} | ret=SUCCESS |  
2019-08-20 19:19:48,963 | INFO  | SCMAudit | user=jenkins1000 | ip=192.168.69.105 | op=SEND_HEARTBEAT {datanodeUUID=4033865b-8d67-417a-8575-039c711fd8ba, command=[]} | ret=SUCCESS |  
2019-08-20 19:19:49,176 | INFO  | SCMAudit | user=jenkins1000 | ip=192.168.69.105 | op=SEND_HEARTBEAT {datanodeUUID=e274e395-c7b6-408d-a6b4-4add6056d6d1, command=[]} | ret=SUCCESS |  
2019-08-20 19:19:49,188 [grpc-default-executor-5] INFO  client.GrpcClientProtocolClient (GrpcClientProtocolClient.java:onNext(255)) - client-8301E8A5B94A->91ae5334-971e-44ba-ab57-2ec2dd220942: receive RaftClientReply:client-8301E8A5B94A->91ae5334-971e-44ba-ab57-2ec2dd220942@group-782B390D3D40, cid=45, FAILED org.apache.ratis.protocol.NotLeaderException: Server 91ae5334-971e-44ba-ab57-2ec2dd220942 is not the leader (16f059df-d226-4022-8e81-046858cbfecb:192.168.69.105:37581). Request must be sent to leader., logIndex=0, commits[91ae5334-971e-44ba-ab57-2ec2dd220942:c8, e4f90e61-f3c9-4b9d-bc15-ac0e2b79db86:c8, 16f059df-d226-4022-8e81-046858cbfecb:c8]
2019-08-20 19:19:49,361 | INFO  | SCMAudit | user=jenkins1000 | ip=192.168.69.105 | op=SEND_HEARTBEAT {datanodeUUID=1df1583d-c3bd-46e3-b5a9-7f01f9158e7c, command=[]} | ret=SUCCESS |  
2019-08-20 19:19:49,616 | INFO  | SCMAudit | user=jenkins1000 | ip=192.168.69.105 | op=SEND_HEARTBEAT {datanodeUUID=340027e2-c19a-4ce0-8fe2-d5928ef30461, command=[]} | ret=SUCCESS |  
2019-08-20 19:19:49,869 | INFO  | SCMAudit | user=jenkins1000 | ip=192.168.69.105 | op=SEND_HEARTBEAT {datanodeUUID=16f059df-d226-4022-8e81-046858cbfecb, command=[]} | ret=SUCCESS |  
2019-08-20 19:19:49,893 | INFO  | SCMAudit | user=jenkins1000 | ip=192.168.69.105 | op=SEND_HEARTBEAT {datanodeUUID=e4f90e61-f3c9-4b9d-bc15-ac0e2b79db86, command=[]} | ret=SUCCESS |  
2019-08-20 19:19:49,904 | INFO  | SCMAudit | user=jenkins1000 | ip=192.168.69.105 | op=SEND_HEARTBEAT {datanodeUUID=91ae5334-971e-44ba-ab57-2ec2dd220942, command=[]} | ret=SUCCESS |  
2019-08-20 19:19:49,963 | INFO  | SCMAudit | user=jenkins1000 | ip=192.168.69.105 | op=SEND_HEARTBEAT {datanodeUUID=4033865b-8d67-417a-8575-039c711fd8ba, command=[]} | ret=SUCCESS |  
2019-08-20 19:19:50,176 | INFO  | SCMAudit | user=jenkins1000 | ip=192.168.69.105 | op=SEND_HEARTBEAT {datanodeUUID=e274e395-c7b6-408d-a6b4-4add6056d6d1, command=[]} | ret=SUCCESS |  
2019-08-20 19:19:50,361 | INFO  | SCMAudit | user=jenkins1000 | ip=192.168.69.105 | op=SEND_HEARTBEAT {datanodeUUID=1df1583d-c3bd-46e3-b5a9-7f01f9158e7c, command=[]} | ret=SUCCESS |  
2019-08-20 19:19:50,615 | INFO  | SCMAudit | user=jenkins1000 | ip=192.168.69.105 | op=SEND_HEARTBEAT {datanodeUUID=340027e2-c19a-4ce0-8fe2-d5928ef30461, command=[]} | ret=SUCCESS |  
2019-08-20 19:19:50,869 | INFO  | SCMAudit | user=jenkins1000 | ip=192.168.69.105 | op=SEND_HEARTBEAT {datanodeUUID=16f059df-d226-4022-8e81-046858cbfecb, command=[]} | ret=SUCCESS |  
2019-08-20 19:19:50,893 | INFO  | SCMAudit | user=jenkins1000 | ip=192.168.69.105 | op=SEND_HEARTBEAT {datanodeUUID=e4f90e61-f3c9-4b9d-bc15-ac0e2b79db86, command=[]} | ret=SUCCESS |  
2019-08-20 19:19:50,904 | INFO  | SCMAudit | user=jenkins1000 | ip=192.168.69.105 | op=SEND_HEARTBEAT {datanodeUUID=91ae5334-971e-44ba-ab57-2ec2dd220942, command=[]} | ret=SUCCESS |  
2019-08-20 19:19:50,963 | INFO  | SCMAudit | user=jenkins1000 | ip=192.168.69.105 | op=SEND_HEARTBEAT {datanodeUUID=4033865b-8d67-417a-8575-039c711fd8ba, command=[]} | ret=SUCCESS |  
2019-08-20 19:19:51,176 | INFO  | SCMAudit | user=jenkins1000 | ip=192.168.69.105 | op=SEND_HEARTBEAT {datanodeUUID=e274e395-c7b6-408d-a6b4-4add6056d6d1, command=[]} | ret=SUCCESS |  
2019-08-20 19:19:51,361 | INFO  | SCMAudit | user=jenkins1000 | ip=192.168.69.105 | op=SEND_HEARTBEAT {datanodeUUID=1df1583d-c3bd-46e3-b5a9-7f01f9158e7c, command=[]} | ret=SUCCESS |  
2019-08-20 19:19:51,615 | INFO  | SCMAudit | user=jenkins1000 | ip=192.168.69.105 | op=SEND_HEARTBEAT {datanodeUUID=340027e2-c19a-4ce0-8fe2-d5928ef30461, command=[]} | ret=SUCCESS |  
2019-08-20 19:19:51,870 | INFO  | SCMAudit | user=jenkins1000 | ip=192.168.69.105 | op=SEND_HEARTBEAT {datanodeUUID=16f059df-d226-4022-8e81-046858cbfecb, command=[]} | ret=SUCCESS |  
2019-08-20 19:19:51,893 | INFO  | SCMAudit | user=jenkins1000 | ip=192.168.69.105 | op=SEND_HEARTBEAT {datanodeUUID=e4f90e61-f3c9-4b9d-bc15-ac0e2b79db86, command=[]} | ret=SUCCESS |  
2019-08-20 19:19:51,904 | INFO  | SCMAudit | user=jenkins1000 | ip=192.168.69.105 | op=SEND_HEARTBEAT {datanodeUUID=91ae5334-971e-44ba-ab57-2ec2dd220942, command=[]} | ret=SUCCESS |  
2019-08-20 19:19:51,965 | INFO  | SCMAudit | user=jenkins1000 | ip=192.168.69.105 | op=SEND_HEARTBEAT {datanodeUUID=4033865b-8d67-417a-8575-039c711fd8ba, command=[]} | ret=SUCCESS |  
2019-08-20 19:19:52,176 | INFO  | SCMAudit | user=jenkins1000 | ip=192.168.69.105 | op=SEND_HEARTBEAT {datanodeUUID=e274e395-c7b6-408d-a6b4-4add6056d6d1, command=[]} | ret=SUCCESS |  
2019-08-20 19:19:52,361 | INFO  | SCMAudit | user=jenkins1000 | ip=192.168.69.105 | op=SEND_HEARTBEAT {datanodeUUID=1df1583d-c3bd-46e3-b5a9-7f01f9158e7c, command=[]} | ret=SUCCESS |  
2019-08-20 19:19:52,615 | INFO  | SCMAudit | user=jenkins1000 | ip=192.168.69.105 | op=SEND_HEARTBEAT {datanodeUUID=340027e2-c19a-4ce0-8fe2-d5928ef30461, command=[]} | ret=SUCCESS |  
2019-08-20 19:19:52,869 | INFO  | SCMAudit | user=jenkins1000 | ip=192.168.69.105 | op=SEND_HEARTBEAT {datanodeUUID=16f059df-d226-4022-8e81-046858cbfecb, command=[]} | ret=SUCCESS |  
2019-08-20 19:19:52,893 | INFO  | SCMAudit | user=jenkins1000 | ip=192.168.69.105 | op=SEND_HEARTBEAT {datanodeUUID=e4f90e61-f3c9-4b9d-bc15-ac0e2b79db86, command=[]} | ret=SUCCESS |  
2019-08-20 19:19:52,904 | INFO  | SCMAudit | user=jenkins1000 | ip=192.168.69.105 | op=SEND_HEARTBEAT {datanodeUUID=91ae5334-971e-44ba-ab57-2ec2dd220942, command=[]} | ret=SUCCESS |  
2019-08-20 19:19:52,965 | INFO  | SCMAudit | user=jenkins1000 | ip=192.168.69.105 | op=SEND_HEARTBEAT {datanodeUUID=4033865b-8d67-417a-8575-039c711fd8ba, command=[]} | ret=SUCCESS |  
2019-08-20 19:19:53,177 | INFO  | SCMAudit | user=jenkins1000 | ip=192.168.69.105 | op=SEND_HEARTBEAT {datanodeUUID=e274e395-c7b6-408d-a6b4-4add6056d6d1, command=[]} | ret=SUCCESS |  
2019-08-20 19:19:53,363 | INFO  | SCMAudit | user=jenkins1000 | ip=192.168.69.105 | op=SEND_HEARTBEAT {datanodeUUID=1df1583d-c3bd-46e3-b5a9-7f01f9158e7c, command=[]} | ret=SUCCESS |  
2019-08-20 19:19:53,615 | INFO  | SCMAudit | user=jenkins1000 | ip=192.168.69.105 | op=SEND_HEARTBEAT {datanodeUUID=340027e2-c19a-4ce0-8fe2-d5928ef30461, command=[]} | ret=SUCCESS |  
2019-08-20 19:19:53,869 | INFO  | SCMAudit | user=jenkins1000 | ip=192.168.69.105 | op=SEND_HEARTBEAT {datanodeUUID=16f059df-d226-4022-8e81-046858cbfecb, command=[]} | ret=SUCCESS |  
2019-08-20 19:19:53,893 | INFO  | SCMAudit | user=jenkins1000 | ip=192.168.69.105 | op=SEND_HEARTBEAT {datanodeUUID=e4f90e61-f3c9-4b9d-bc15-ac0e2b79db86, command=[]} | ret=SUCCESS |  
2019-08-20 19:19:53,905 | INFO  | SCMAudit | user=jenkins1000 | ip=192.168.69.105 | op=SEND_HEARTBEAT {datanodeUUID=91ae5334-971e-44ba-ab57-2ec2dd220942, command=[]} | ret=SUCCESS |  
2019-08-20 19:19:53,965 | INFO  | SCMAudit | user=jenkins1000 | ip=192.168.69.105 | op=SEND_HEARTBEAT {datanodeUUID=4033865b-8d67-417a-8575-039c711fd8ba, command=[]} | ret=SUCCESS |  
2019-08-20 19:19:54,176 | INFO  | SCMAudit | user=jenkins1000 | ip=192.168.69.105 | op=SEND_HEARTBEAT {datanodeUUID=e274e395-c7b6-408d-a6b4-4add6056d6d1, command=[]} | ret=SUCCESS |  
2019-08-20 19:19:54,223 [grpc-default-executor-4] INFO  client.GrpcClientProtocolClient (GrpcClientProtocolClient.java:onNext(255)) - client-8301E8A5B94A->91ae5334-971e-44ba-ab57-2ec2dd220942: receive RaftClientReply:client-8301E8A5B94A->91ae5334-971e-44ba-ab57-2ec2dd220942@group-782B390D3D40, cid=45, FAILED org.apache.ratis.protocol.NotLeaderException: Server 91ae5334-971e-44ba-ab57-2ec2dd220942 is not the leader (16f059df-d226-4022-8e81-046858cbfecb:192.168.69.105:37581). Request must be sent to leader., logIndex=0, commits[91ae5334-971e-44ba-ab57-2ec2dd220942:c8, e4f90e61-f3c9-4b9d-bc15-ac0e2b79db86:c8, 16f059df-d226-4022-8e81-046858cbfecb:c8]
2019-08-20 19:19:54,363 | INFO  | SCMAudit | user=jenkins1000 | ip=192.168.69.105 | op=SEND_HEARTBEAT {datanodeUUID=1df1583d-c3bd-46e3-b5a9-7f01f9158e7c, command=[]} | ret=SUCCESS |  
2019-08-20 19:19:54,615 | INFO  | SCMAudit | user=jenkins1000 | ip=192.168.69.105 | op=SEND_HEARTBEAT {datanodeUUID=340027e2-c19a-4ce0-8fe2-d5928ef30461, command=[]} | ret=SUCCESS |  
2019-08-20 19:19:54,869 | INFO  | SCMAudit | user=jenkins1000 | ip=192.168.69.105 | op=SEND_HEARTBEAT {datanodeUUID=16f059df-d226-4022-8e81-046858cbfecb, command=[]} | ret=SUCCESS |  
2019-08-20 19:19:54,893 | INFO  | SCMAudit | user=jenkins1000 | ip=192.168.69.105 | op=SEND_HEARTBEAT {datanodeUUID=e4f90e61-f3c9-4b9d-bc15-ac0e2b79db86, command=[]} | ret=SUCCESS |  
2019-08-20 19:19:54,904 | INFO  | SCMAudit | user=jenkins1000 | ip=192.168.69.105 | op=SEND_HEARTBEAT {datanodeUUID=91ae5334-971e-44ba-ab57-2ec2dd220942, command=[]} | ret=SUCCESS |  
2019-08-20 19:19:54,967 | INFO  | SCMAudit | user=jenkins1000 | ip=192.168.69.105 | op=SEND_HEARTBEAT {datanodeUUID=4033865b-8d67-417a-8575-039c711fd8ba, command=[]} | ret=SUCCESS |  
2019-08-20 19:19:55,177 | INFO  | SCMAudit | user=jenkins1000 | ip=192.168.69.105 | op=SEND_HEARTBEAT {datanodeUUID=e274e395-c7b6-408d-a6b4-4add6056d6d1, command=[]} | ret=SUCCESS |  
2019-08-20 19:19:55,363 | INFO  | SCMAudit | user=jenkins1000 | ip=192.168.69.105 | op=SEND_HEARTBEAT {datanodeUUID=1df1583d-c3bd-46e3-b5a9-7f01f9158e7c, command=[]} | ret=SUCCESS |  
2019-08-20 19:19:55,616 | INFO  | SCMAudit | user=jenkins1000 | ip=192.168.69.105 | op=SEND_HEARTBEAT {datanodeUUID=340027e2-c19a-4ce0-8fe2-d5928ef30461, command=[]} | ret=SUCCESS |  
2019-08-20 19:19:55,869 | INFO  | SCMAudit | user=jenkins1000 | ip=192.168.69.105 | op=SEND_HEARTBEAT {datanodeUUID=16f059df-d226-4022-8e81-046858cbfecb, command=[]} | ret=SUCCESS |  
2019-08-20 19:19:55,893 | INFO  | SCMAudit | user=jenkins1000 | ip=192.168.69.105 | op=SEND_HEARTBEAT {datanodeUUID=e4f90e61-f3c9-4b9d-bc15-ac0e2b79db86, command=[]} | ret=SUCCESS |  
2019-08-20 19:19:55,905 | INFO  | SCMAudit | user=jenkins1000 | ip=192.168.69.105 | op=SEND_HEARTBEAT {datanodeUUID=91ae5334-971e-44ba-ab57-2ec2dd220942, command=[]} | ret=SUCCESS |  
2019-08-20 19:19:55,965 | INFO  | SCMAudit | user=jenkins1000 | ip=192.168.69.105 | op=SEND_HEARTBEAT {datanodeUUID=4033865b-8d67-417a-8575-039c711fd8ba, command=[]} | ret=SUCCESS |  
2019-08-20 19:19:56,177 | INFO  | SCMAudit | user=jenkins1000 | ip=192.168.69.105 | op=SEND_HEARTBEAT {datanodeUUID=e274e395-c7b6-408d-a6b4-4add6056d6d1, command=[]} | ret=SUCCESS |  
2019-08-20 19:19:56,363 | INFO  | SCMAudit | user=jenkins1000 | ip=192.168.69.105 | op=SEND_HEARTBEAT {datanodeUUID=1df1583d-c3bd-46e3-b5a9-7f01f9158e7c, command=[]} | ret=SUCCESS |  
2019-08-20 19:19:56,616 | INFO  | SCMAudit | user=jenkins1000 | ip=192.168.69.105 | op=SEND_HEARTBEAT {datanodeUUID=340027e2-c19a-4ce0-8fe2-d5928ef30461, command=[]} | ret=SUCCESS |  
2019-08-20 19:19:56,869 | INFO  | SCMAudit | user=jenkins1000 | ip=192.168.69.105 | op=SEND_HEARTBEAT {datanodeUUID=16f059df-d226-4022-8e81-046858cbfecb, command=[]} | ret=SUCCESS |  
2019-08-20 19:19:56,893 | INFO  | SCMAudit | user=jenkins1000 | ip=192.168.69.105 | op=SEND_HEARTBEAT {datanodeUUID=e4f90e61-f3c9-4b9d-bc15-ac0e2b79db86, command=[]} | ret=SUCCESS |  
2019-08-20 19:19:56,905 | INFO  | SCMAudit | user=jenkins1000 | ip=192.168.69.105 | op=SEND_HEARTBEAT {datanodeUUID=91ae5334-971e-44ba-ab57-2ec2dd220942, command=[]} | ret=SUCCESS |  
2019-08-20 19:19:56,965 | INFO  | SCMAudit | user=jenkins1000 | ip=192.168.69.105 | op=SEND_HEARTBEAT {datanodeUUID=4033865b-8d67-417a-8575-039c711fd8ba, command=[]} | ret=SUCCESS |  
2019-08-20 19:19:57,177 | INFO  | SCMAudit | user=jenkins1000 | ip=192.168.69.105 | op=SEND_HEARTBEAT {datanodeUUID=e274e395-c7b6-408d-a6b4-4add6056d6d1, command=[]} | ret=SUCCESS |  
2019-08-20 19:19:57,363 | INFO  | SCMAudit | user=jenkins1000 | ip=192.168.69.105 | op=SEND_HEARTBEAT {datanodeUUID=1df1583d-c3bd-46e3-b5a9-7f01f9158e7c, command=[]} | ret=SUCCESS |  
2019-08-20 19:19:57,616 | INFO  | SCMAudit | user=jenkins1000 | ip=192.168.69.105 | op=SEND_HEARTBEAT {datanodeUUID=340027e2-c19a-4ce0-8fe2-d5928ef30461, command=[]} | ret=SUCCESS |  
2019-08-20 19:19:57,869 | INFO  | SCMAudit | user=jenkins1000 | ip=192.168.69.105 | op=SEND_HEARTBEAT {datanodeUUID=16f059df-d226-4022-8e81-046858cbfecb, command=[]} | ret=SUCCESS |  
2019-08-20 19:19:57,893 | INFO  | SCMAudit | user=jenkins1000 | ip=192.168.69.105 | op=SEND_HEARTBEAT {datanodeUUID=e4f90e61-f3c9-4b9d-bc15-ac0e2b79db86, command=[]} | ret=SUCCESS |  
2019-08-20 19:19:57,905 | INFO  | SCMAudit | user=jenkins1000 | ip=192.168.69.105 | op=SEND_HEARTBEAT {datanodeUUID=91ae5334-971e-44ba-ab57-2ec2dd220942, command=[]} | ret=SUCCESS |  
2019-08-20 19:19:57,965 | INFO  | SCMAudit | user=jenkins1000 | ip=192.168.69.105 | op=SEND_HEARTBEAT {datanodeUUID=4033865b-8d67-417a-8575-039c711fd8ba, command=[]} | ret=SUCCESS |  
2019-08-20 19:19:58,177 | INFO  | SCMAudit | user=jenkins1000 | ip=192.168.69.105 | op=SEND_HEARTBEAT {datanodeUUID=e274e395-c7b6-408d-a6b4-4add6056d6d1, command=[]} | ret=SUCCESS |  
2019-08-20 19:19:58,363 | INFO  | SCMAudit | user=jenkins1000 | ip=192.168.69.105 | op=SEND_HEARTBEAT {datanodeUUID=1df1583d-c3bd-46e3-b5a9-7f01f9158e7c, command=[]} | ret=SUCCESS |  
2019-08-20 19:19:58,616 | INFO  | SCMAudit | user=jenkins1000 | ip=192.168.69.105 | op=SEND_HEARTBEAT {datanodeUUID=340027e2-c19a-4ce0-8fe2-d5928ef30461, command=[]} | ret=SUCCESS |  
2019-08-20 19:19:58,870 | INFO  | SCMAudit | user=jenkins1000 | ip=192.168.69.105 | op=SEND_HEARTBEAT {datanodeUUID=16f059df-d226-4022-8e81-046858cbfecb, command=[]} | ret=SUCCESS |  
2019-08-20 19:19:58,893 | INFO  | SCMAudit | user=jenkins1000 | ip=192.168.69.105 | op=SEND_HEARTBEAT {datanodeUUID=e4f90e61-f3c9-4b9d-bc15-ac0e2b79db86, command=[]} | ret=SUCCESS |  
2019-08-20 19:19:58,905 | INFO  | SCMAudit | user=jenkins1000 | ip=192.168.69.105 | op=SEND_HEARTBEAT {datanodeUUID=91ae5334-971e-44ba-ab57-2ec2dd220942, command=[]} | ret=SUCCESS |  
2019-08-20 19:19:58,965 | INFO  | SCMAudit | user=jenkins1000 | ip=192.168.69.105 | op=SEND_HEARTBEAT {datanodeUUID=4033865b-8d67-417a-8575-039c711fd8ba, command=[]} | ret=SUCCESS |  
2019-08-20 19:19:59,177 | INFO  | SCMAudit | user=jenkins1000 | ip=192.168.69.105 | op=SEND_HEARTBEAT {datanodeUUID=e274e395-c7b6-408d-a6b4-4add6056d6d1, command=[]} | ret=SUCCESS |  
2019-08-20 19:19:59,260 [grpc-default-executor-5] INFO  client.GrpcClientProtocolClient (GrpcClientProtocolClient.java:onNext(255)) - client-8301E8A5B94A->91ae5334-971e-44ba-ab57-2ec2dd220942: receive RaftClientReply:client-8301E8A5B94A->91ae5334-971e-44ba-ab57-2ec2dd220942@group-782B390D3D40, cid=45, FAILED org.apache.ratis.protocol.NotLeaderException: Server 91ae5334-971e-44ba-ab57-2ec2dd220942 is not the leader (16f059df-d226-4022-8e81-046858cbfecb:192.168.69.105:37581). Request must be sent to leader., logIndex=0, commits[91ae5334-971e-44ba-ab57-2ec2dd220942:c8, e4f90e61-f3c9-4b9d-bc15-ac0e2b79db86:c8, 16f059df-d226-4022-8e81-046858cbfecb:c8]
2019-08-20 19:19:59,270 [main] INFO  ozone.MiniOzoneClusterImpl (MiniOzoneClusterImpl.java:shutdown(321)) - Shutting down the Mini Ozone Cluster
2019-08-20 19:19:59,270 | INFO  | SCMAudit | user=null | ip=null | op=GET_SCM_INFO null | ret=SUCCESS |  
2019-08-20 19:19:59,270 [main] INFO  ozone.MiniOzoneClusterImpl (MiniOzoneClusterImpl.java:stop(336)) - Stopping the Mini Ozone Cluster
2019-08-20 19:19:59,271 [main] INFO  ozone.MiniOzoneClusterImpl (MiniOzoneClusterImpl.java:stop(338)) - Stopping the OzoneManager
2019-08-20 19:19:59,271 [main] INFO  ipc.Server (Server.java:stop(3082)) - Stopping server on 35593
2019-08-20 19:19:59,312 [IPC Server listener on 35593] INFO  ipc.Server (Server.java:run(1185)) - Stopping IPC Server listener on 35593
2019-08-20 19:19:59,312 [IPC Server Responder] INFO  ipc.Server (Server.java:run(1319)) - Stopping IPC Server Responder
2019-08-20 19:19:59,312 [main] INFO  ratis.OzoneManagerDoubleBuffer (OzoneManagerDoubleBuffer.java:stop(248)) - Stopping OMDoubleBuffer flush thread
2019-08-20 19:19:59,316 [OMDoubleBufferFlushThread] INFO  ratis.OzoneManagerDoubleBuffer (OzoneManagerDoubleBuffer.java:flushTransactions(191)) - OMDoubleBuffer flush thread OMDoubleBufferFlushThread is interrupted and will exit. OMDoubleBufferFlushThread
2019-08-20 19:19:59,317 [main] INFO  utils.BackgroundService (BackgroundService.java:shutdown(148)) - Shutting down service KeyDeletingService
2019-08-20 19:19:59,319 [main] INFO  handler.ContextHandler (ContextHandler.java:doStop(910)) - Stopped o.e.j.w.WebAppContext@7f5e6833{/,null,UNAVAILABLE}{/ozoneManager}
2019-08-20 19:19:59,320 [main] INFO  server.AbstractConnector (AbstractConnector.java:doStop(318)) - Stopped ServerConnector@2c674d58{HTTP/1.1,[http/1.1]}{0.0.0.0:0}
2019-08-20 19:19:59,321 [main] INFO  handler.ContextHandler (ContextHandler.java:doStop(910)) - Stopped o.e.j.s.ServletContextHandler@1850f2da{/static,file:///workdir/hadoop-ozone/integration-test/target/test-classes/webapps/static,UNAVAILABLE}
2019-08-20 19:19:59,321 [main] INFO  handler.ContextHandler (ContextHandler.java:doStop(910)) - Stopped o.e.j.s.ServletContextHandler@24aedcc5{/logs,file:///workdir/hadoop-ozone/integration-test/target/log,UNAVAILABLE}
2019-08-20 19:19:59,325 [main] INFO  ozone.MiniOzoneClusterImpl (MiniOzoneClusterImpl.java:stop(344)) - Shutting the HddsDatanodes
2019-08-20 19:19:59,325 [main] INFO  datanode.ObjectStoreHandler (ObjectStoreHandler.java:close(155)) - Closing ObjectStoreHandler.
2019-08-20 19:19:59,325 [ForkJoinPool.commonPool-worker-1] INFO  datanode.ObjectStoreHandler (ObjectStoreHandler.java:close(155)) - Closing ObjectStoreHandler.
2019-08-20 19:19:59,327 [main] INFO  ozone.HddsDatanodeService (HddsDatanodeService.java:stop(451)) - Stopped plug-in org.apache.hadoop.ozone.web.OzoneHddsDatanodeService@41d877bb
2019-08-20 19:19:59,327 [ForkJoinPool.commonPool-worker-1] INFO  ozone.HddsDatanodeService (HddsDatanodeService.java:stop(451)) - Stopped plug-in org.apache.hadoop.ozone.web.OzoneHddsDatanodeService@1d585fb
2019-08-20 19:19:59,363 | INFO  | SCMAudit | user=jenkins1000 | ip=192.168.69.105 | op=SEND_HEARTBEAT {datanodeUUID=1df1583d-c3bd-46e3-b5a9-7f01f9158e7c, command=[]} | ret=SUCCESS |  
2019-08-20 19:19:59,617 | INFO  | SCMAudit | user=jenkins1000 | ip=192.168.69.105 | op=SEND_HEARTBEAT {datanodeUUID=340027e2-c19a-4ce0-8fe2-d5928ef30461, command=[]} | ret=SUCCESS |  
2019-08-20 19:19:59,870 | INFO  | SCMAudit | user=jenkins1000 | ip=192.168.69.105 | op=SEND_HEARTBEAT {datanodeUUID=16f059df-d226-4022-8e81-046858cbfecb, command=[]} | ret=SUCCESS |  
2019-08-20 19:19:59,893 [Datanode State Machine Thread - 0] INFO  statemachine.DatanodeStateMachine (DatanodeStateMachine.java:lambda$startDaemon$0(350)) - Ozone container server started.
2019-08-20 19:19:59,905 | INFO  | SCMAudit | user=jenkins1000 | ip=192.168.69.105 | op=SEND_HEARTBEAT {datanodeUUID=91ae5334-971e-44ba-ab57-2ec2dd220942, command=[]} | ret=SUCCESS |  
2019-08-20 19:19:59,965 [Datanode State Machine Thread - 0] INFO  statemachine.DatanodeStateMachine (DatanodeStateMachine.java:lambda$startDaemon$0(350)) - Ozone container server started.
2019-08-20 19:20:00,179 | INFO  | SCMAudit | user=jenkins1000 | ip=192.168.69.105 | op=SEND_HEARTBEAT {datanodeUUID=e274e395-c7b6-408d-a6b4-4add6056d6d1, command=[]} | ret=SUCCESS |  
2019-08-20 19:20:00,364 | INFO  | SCMAudit | user=jenkins1000 | ip=192.168.69.105 | op=SEND_HEARTBEAT {datanodeUUID=1df1583d-c3bd-46e3-b5a9-7f01f9158e7c, command=[]} | ret=SUCCESS |  
2019-08-20 19:20:00,616 | INFO  | SCMAudit | user=jenkins1000 | ip=192.168.69.105 | op=SEND_HEARTBEAT {datanodeUUID=340027e2-c19a-4ce0-8fe2-d5928ef30461, command=[]} | ret=SUCCESS |  
2019-08-20 19:20:00,870 | INFO  | SCMAudit | user=jenkins1000 | ip=192.168.69.105 | op=SEND_HEARTBEAT {datanodeUUID=16f059df-d226-4022-8e81-046858cbfecb, command=[]} | ret=SUCCESS |  
2019-08-20 19:20:00,905 | INFO  | SCMAudit | user=jenkins1000 | ip=192.168.69.105 | op=SEND_HEARTBEAT {datanodeUUID=91ae5334-971e-44ba-ab57-2ec2dd220942, command=[]} | ret=SUCCESS |  
2019-08-20 19:20:01,178 | INFO  | SCMAudit | user=jenkins1000 | ip=192.168.69.105 | op=SEND_HEARTBEAT {datanodeUUID=e274e395-c7b6-408d-a6b4-4add6056d6d1, command=[]} | ret=SUCCESS |  
2019-08-20 19:20:01,364 | INFO  | SCMAudit | user=jenkins1000 | ip=192.168.69.105 | op=SEND_HEARTBEAT {datanodeUUID=1df1583d-c3bd-46e3-b5a9-7f01f9158e7c, command=[]} | ret=SUCCESS |  
2019-08-20 19:20:01,616 | INFO  | SCMAudit | user=jenkins1000 | ip=192.168.69.105 | op=SEND_HEARTBEAT {datanodeUUID=340027e2-c19a-4ce0-8fe2-d5928ef30461, command=[]} | ret=SUCCESS |  
2019-08-20 19:20:01,870 | INFO  | SCMAudit | user=jenkins1000 | ip=192.168.69.105 | op=SEND_HEARTBEAT {datanodeUUID=16f059df-d226-4022-8e81-046858cbfecb, command=[]} | ret=SUCCESS |  
2019-08-20 19:20:01,905 | INFO  | SCMAudit | user=jenkins1000 | ip=192.168.69.105 | op=SEND_HEARTBEAT {datanodeUUID=91ae5334-971e-44ba-ab57-2ec2dd220942, command=[]} | ret=SUCCESS |  
2019-08-20 19:20:02,178 | INFO  | SCMAudit | user=jenkins1000 | ip=192.168.69.105 | op=SEND_HEARTBEAT {datanodeUUID=e274e395-c7b6-408d-a6b4-4add6056d6d1, command=[]} | ret=SUCCESS |  
2019-08-20 19:20:02,364 | INFO  | SCMAudit | user=jenkins1000 | ip=192.168.69.105 | op=SEND_HEARTBEAT {datanodeUUID=1df1583d-c3bd-46e3-b5a9-7f01f9158e7c, command=[]} | ret=SUCCESS |  
2019-08-20 19:20:02,616 | INFO  | SCMAudit | user=jenkins1000 | ip=192.168.69.105 | op=SEND_HEARTBEAT {datanodeUUID=340027e2-c19a-4ce0-8fe2-d5928ef30461, command=[]} | ret=SUCCESS |  
2019-08-20 19:20:02,870 | INFO  | SCMAudit | user=jenkins1000 | ip=192.168.69.105 | op=SEND_HEARTBEAT {datanodeUUID=16f059df-d226-4022-8e81-046858cbfecb, command=[]} | ret=SUCCESS |  
2019-08-20 19:20:02,905 | INFO  | SCMAudit | user=jenkins1000 | ip=192.168.69.105 | op=SEND_HEARTBEAT {datanodeUUID=91ae5334-971e-44ba-ab57-2ec2dd220942, command=[]} | ret=SUCCESS |  
2019-08-20 19:20:03,178 | INFO  | SCMAudit | user=jenkins1000 | ip=192.168.69.105 | op=SEND_HEARTBEAT {datanodeUUID=e274e395-c7b6-408d-a6b4-4add6056d6d1, command=[]} | ret=SUCCESS |  
2019-08-20 19:20:03,365 | INFO  | SCMAudit | user=jenkins1000 | ip=192.168.69.105 | op=SEND_HEARTBEAT {datanodeUUID=1df1583d-c3bd-46e3-b5a9-7f01f9158e7c, command=[]} | ret=SUCCESS |  
2019-08-20 19:20:03,616 | INFO  | SCMAudit | user=jenkins1000 | ip=192.168.69.105 | op=SEND_HEARTBEAT {datanodeUUID=340027e2-c19a-4ce0-8fe2-d5928ef30461, command=[]} | ret=SUCCESS |  
2019-08-20 19:20:03,871 | INFO  | SCMAudit | user=jenkins1000 | ip=192.168.69.105 | op=SEND_HEARTBEAT {datanodeUUID=16f059df-d226-4022-8e81-046858cbfecb, command=[]} | ret=SUCCESS |  
2019-08-20 19:20:03,906 | INFO  | SCMAudit | user=jenkins1000 | ip=192.168.69.105 | op=SEND_HEARTBEAT {datanodeUUID=91ae5334-971e-44ba-ab57-2ec2dd220942, command=[]} | ret=SUCCESS |  
2019-08-20 19:20:04,179 | INFO  | SCMAudit | user=jenkins1000 | ip=192.168.69.105 | op=SEND_HEARTBEAT {datanodeUUID=e274e395-c7b6-408d-a6b4-4add6056d6d1, command=[]} | ret=SUCCESS |  
2019-08-20 19:20:04,328 [main] INFO  ozoneimpl.OzoneContainer (OzoneContainer.java:stop(199)) - Attempting to stop container services.
2019-08-20 19:20:04,328 [ForkJoinPool.commonPool-worker-1] INFO  ozoneimpl.OzoneContainer (OzoneContainer.java:stop(199)) - Attempting to stop container services.
2019-08-20 19:20:04,328 [main] INFO  impl.RaftServerProxy (RaftServerProxy.java:lambda$close$4(314)) - 4033865b-8d67-417a-8575-039c711fd8ba: close
2019-08-20 19:20:04,329 [ForkJoinPool.commonPool-worker-1] INFO  impl.RaftServerProxy (RaftServerProxy.java:lambda$close$4(314)) - e4f90e61-f3c9-4b9d-bc15-ac0e2b79db86: close
2019-08-20 19:20:04,329 [main] INFO  impl.RaftServerImpl (RaftServerImpl.java:lambda$shutdown$3(245)) - 4033865b-8d67-417a-8575-039c711fd8ba: shutdown group-33ED13302D71
2019-08-20 19:20:04,329 [ForkJoinPool.commonPool-worker-1] INFO  impl.RaftServerImpl (RaftServerImpl.java:lambda$shutdown$3(245)) - e4f90e61-f3c9-4b9d-bc15-ac0e2b79db86: shutdown group-782B390D3D40
2019-08-20 19:20:04,330 [main] INFO  util.JmxRegister (JmxRegister.java:unregister(73)) - Successfully un-registered JMX Bean with object name Ratis:service=RaftServer,group=group-33ED13302D71,id=4033865b-8d67-417a-8575-039c711fd8ba
2019-08-20 19:20:04,330 [ForkJoinPool.commonPool-worker-1] INFO  util.JmxRegister (JmxRegister.java:unregister(73)) - Successfully un-registered JMX Bean with object name Ratis:service=RaftServer,group=group-782B390D3D40,id=e4f90e61-f3c9-4b9d-bc15-ac0e2b79db86
2019-08-20 19:20:04,330 [main] INFO  impl.RoleInfo (RoleInfo.java:shutdownFollowerState(121)) - 4033865b-8d67-417a-8575-039c711fd8ba: shutdown FollowerState
2019-08-20 19:20:04,331 [ForkJoinPool.commonPool-worker-1] INFO  impl.RoleInfo (RoleInfo.java:shutdownFollowerState(121)) - e4f90e61-f3c9-4b9d-bc15-ac0e2b79db86: shutdown FollowerState
2019-08-20 19:20:04,331 [Thread-827] INFO  impl.FollowerState (FollowerState.java:run(114)) - 4033865b-8d67-417a-8575-039c711fd8ba: FollowerState was interrupted: java.lang.InterruptedException: sleep interrupted
2019-08-20 19:20:04,331 [main] INFO  impl.StateMachineUpdater (StateMachineUpdater.java:stopAndJoin(115)) - StateMachineUpdater:4033865b-8d67-417a-8575-039c711fd8ba:group-33ED13302D71: set stopIndex = 0
2019-08-20 19:20:04,336 [main] INFO  impl.RaftServerImpl (ServerState.java:close(394)) - 4033865b-8d67-417a-8575-039c711fd8ba:group-33ED13302D71 closes. The last applied log index is 0
2019-08-20 19:20:04,335 [StateMachineUpdater:e4f90e61-f3c9-4b9d-bc15-ac0e2b79db86:group-782B390D3D40] INFO  ratis.ContainerStateMachine (ContainerStateMachine.java:takeSnapshot(283)) - group-782B390D3D40: Taking a snapshot at:(t:1, i:6) file /workdir/hadoop-ozone/integration-test/target/test-dir/MiniOzoneClusterImpl-dcd12998-9865-489a-a0f8-9e63b4ee21e6/datanode-1/data/ratis/aa6255e1-18a9-4ad8-82f2-782b390d3d40/sm/snapshot.1_6
2019-08-20 19:20:04,331 [Thread-804] INFO  impl.FollowerState (FollowerState.java:run(114)) - e4f90e61-f3c9-4b9d-bc15-ac0e2b79db86: FollowerState was interrupted: java.lang.InterruptedException: sleep interrupted
2019-08-20 19:20:04,331 [ForkJoinPool.commonPool-worker-1] INFO  impl.StateMachineUpdater (StateMachineUpdater.java:stopAndJoin(115)) - StateMachineUpdater:e4f90e61-f3c9-4b9d-bc15-ac0e2b79db86:group-782B390D3D40: set stopIndex = 8
2019-08-20 19:20:04,337 [4033865b-8d67-417a-8575-039c711fd8ba-SegmentedRaftLogWorker:Storage Directory /workdir/hadoop-ozone/integration-test/target/test-dir/MiniOzoneClusterImpl-dcd12998-9865-489a-a0f8-9e63b4ee21e6/datanode-4/data/ratis/7b4a51c3-350c-4c1b-a2d0-33ed13302d71] INFO  segmented.SegmentedRaftLogWorker (SegmentedRaftLogWorker.java:run(313)) - 4033865b-8d67-417a-8575-039c711fd8ba-SegmentedRaftLogWorker:Storage Directory /workdir/hadoop-ozone/integration-test/target/test-dir/MiniOzoneClusterImpl-dcd12998-9865-489a-a0f8-9e63b4ee21e6/datanode-4/data/ratis/7b4a51c3-350c-4c1b-a2d0-33ed13302d71 was interrupted, exiting. There are 0 tasks remaining in the queue.
2019-08-20 19:20:04,342 [main] INFO  segmented.SegmentedRaftLogWorker (SegmentedRaftLogWorker.java:close(228)) - 4033865b-8d67-417a-8575-039c711fd8ba-SegmentedRaftLogWorker:Storage Directory /workdir/hadoop-ozone/integration-test/target/test-dir/MiniOzoneClusterImpl-dcd12998-9865-489a-a0f8-9e63b4ee21e6/datanode-4/data/ratis/7b4a51c3-350c-4c1b-a2d0-33ed13302d71 close()
2019-08-20 19:20:04,347 [main] INFO  impl.RaftServerImpl (RaftServerImpl.java:lambda$shutdown$3(245)) - 4033865b-8d67-417a-8575-039c711fd8ba: shutdown group-D9569CEAAA34
2019-08-20 19:20:04,348 [main] INFO  util.JmxRegister (JmxRegister.java:unregister(73)) - Successfully un-registered JMX Bean with object name Ratis:service=RaftServer,group=group-D9569CEAAA34,id=4033865b-8d67-417a-8575-039c711fd8ba
2019-08-20 19:20:04,348 [main] INFO  impl.RoleInfo (RoleInfo.java:shutdownLeaderState(104)) - 4033865b-8d67-417a-8575-039c711fd8ba: shutdown LeaderState
2019-08-20 19:20:04,349 [main] INFO  impl.PendingRequests (PendingRequests.java:sendNotLeaderResponses(202)) - 4033865b-8d67-417a-8575-039c711fd8ba-PendingRequests: sendNotLeaderResponses
2019-08-20 19:20:04,349 [main] INFO  impl.StateMachineUpdater (StateMachineUpdater.java:stopAndJoin(115)) - StateMachineUpdater:4033865b-8d67-417a-8575-039c711fd8ba:group-D9569CEAAA34: set stopIndex = 0
2019-08-20 19:20:04,350 [main] INFO  impl.RaftServerImpl (ServerState.java:close(394)) - 4033865b-8d67-417a-8575-039c711fd8ba:group-D9569CEAAA34 closes. The last applied log index is 0
2019-08-20 19:20:04,350 [4033865b-8d67-417a-8575-039c711fd8ba-SegmentedRaftLogWorker:Storage Directory /workdir/hadoop-ozone/integration-test/target/test-dir/MiniOzoneClusterImpl-dcd12998-9865-489a-a0f8-9e63b4ee21e6/datanode-4/data/ratis/2df64747-fb57-45bc-8bdc-d9569ceaaa34] INFO  segmented.SegmentedRaftLogWorker (SegmentedRaftLogWorker.java:run(313)) - 4033865b-8d67-417a-8575-039c711fd8ba-SegmentedRaftLogWorker:Storage Directory /workdir/hadoop-ozone/integration-test/target/test-dir/MiniOzoneClusterImpl-dcd12998-9865-489a-a0f8-9e63b4ee21e6/datanode-4/data/ratis/2df64747-fb57-45bc-8bdc-d9569ceaaa34 was interrupted, exiting. There are 0 tasks remaining in the queue.
2019-08-20 19:20:04,353 [StateMachineUpdater:e4f90e61-f3c9-4b9d-bc15-ac0e2b79db86:group-782B390D3D40] INFO  ratis.ContainerStateMachine (ContainerStateMachine.java:takeSnapshot(294)) - group-782B390D3D40: Finished taking a snapshot at:(t:1, i:6) file:/workdir/hadoop-ozone/integration-test/target/test-dir/MiniOzoneClusterImpl-dcd12998-9865-489a-a0f8-9e63b4ee21e6/datanode-1/data/ratis/aa6255e1-18a9-4ad8-82f2-782b390d3d40/sm/snapshot.1_6 time:21
2019-08-20 19:20:04,353 [main] INFO  segmented.SegmentedRaftLogWorker (SegmentedRaftLogWorker.java:close(228)) - 4033865b-8d67-417a-8575-039c711fd8ba-SegmentedRaftLogWorker:Storage Directory /workdir/hadoop-ozone/integration-test/target/test-dir/MiniOzoneClusterImpl-dcd12998-9865-489a-a0f8-9e63b4ee21e6/datanode-4/data/ratis/2df64747-fb57-45bc-8bdc-d9569ceaaa34 close()
2019-08-20 19:20:04,353 [StateMachineUpdater:e4f90e61-f3c9-4b9d-bc15-ac0e2b79db86:group-782B390D3D40] INFO  impl.StateMachineUpdater (StateMachineUpdater.java:takeSnapshot(242)) - StateMachineUpdater:e4f90e61-f3c9-4b9d-bc15-ac0e2b79db86:group-782B390D3D40: Took a snapshot at index 6
2019-08-20 19:20:04,358 [main] INFO  server.GrpcService (GrpcService.java:closeImpl(155)) - 4033865b-8d67-417a-8575-039c711fd8ba: shutdown server with port 35380 now
2019-08-20 19:20:04,358 [StateMachineUpdater:e4f90e61-f3c9-4b9d-bc15-ac0e2b79db86:group-782B390D3D40] INFO  impl.StateMachineUpdater (StateMachineUpdater.java:lambda$new$0(80)) - StateMachineUpdater:e4f90e61-f3c9-4b9d-bc15-ac0e2b79db86:group-782B390D3D40: snapshotIndex: updateIncreasingly -1 -> 6
2019-08-20 19:20:04,359 [ForkJoinPool.commonPool-worker-1] INFO  impl.RaftServerImpl (ServerState.java:close(394)) - e4f90e61-f3c9-4b9d-bc15-ac0e2b79db86:group-782B390D3D40 closes. The last applied log index is 8
2019-08-20 19:20:04,359 [e4f90e61-f3c9-4b9d-bc15-ac0e2b79db86-SegmentedRaftLogWorker:Storage Directory /workdir/hadoop-ozone/integration-test/target/test-dir/MiniOzoneClusterImpl-dcd12998-9865-489a-a0f8-9e63b4ee21e6/datanode-1/data/ratis/aa6255e1-18a9-4ad8-82f2-782b390d3d40] INFO  segmented.SegmentedRaftLogWorker (SegmentedRaftLogWorker.java:run(313)) - e4f90e61-f3c9-4b9d-bc15-ac0e2b79db86-SegmentedRaftLogWorker:Storage Directory /workdir/hadoop-ozone/integration-test/target/test-dir/MiniOzoneClusterImpl-dcd12998-9865-489a-a0f8-9e63b4ee21e6/datanode-1/data/ratis/aa6255e1-18a9-4ad8-82f2-782b390d3d40 was interrupted, exiting. There are 0 tasks remaining in the queue.
2019-08-20 19:20:04,362 [ForkJoinPool.commonPool-worker-1] INFO  segmented.SegmentedRaftLogWorker (SegmentedRaftLogWorker.java:close(228)) - e4f90e61-f3c9-4b9d-bc15-ac0e2b79db86-SegmentedRaftLogWorker:Storage Directory /workdir/hadoop-ozone/integration-test/target/test-dir/MiniOzoneClusterImpl-dcd12998-9865-489a-a0f8-9e63b4ee21e6/datanode-1/data/ratis/aa6255e1-18a9-4ad8-82f2-782b390d3d40 close()
2019-08-20 19:20:04,366 [ForkJoinPool.commonPool-worker-1] INFO  impl.RaftServerImpl (RaftServerImpl.java:lambda$shutdown$3(245)) - e4f90e61-f3c9-4b9d-bc15-ac0e2b79db86: shutdown group-78CD8E26C553
2019-08-20 19:20:04,367 [ForkJoinPool.commonPool-worker-1] INFO  util.JmxRegister (JmxRegister.java:unregister(73)) - Successfully un-registered JMX Bean with object name Ratis:service=RaftServer,group=group-78CD8E26C553,id=e4f90e61-f3c9-4b9d-bc15-ac0e2b79db86
2019-08-20 19:20:04,367 | INFO  | SCMAudit | user=jenkins1000 | ip=192.168.69.105 | op=SEND_HEARTBEAT {datanodeUUID=1df1583d-c3bd-46e3-b5a9-7f01f9158e7c, command=[]} | ret=SUCCESS |  
2019-08-20 19:20:04,367 [main] INFO  server.GrpcService (GrpcService.java:closeImpl(163)) - 4033865b-8d67-417a-8575-039c711fd8ba: shutdown server with port 35380 successfully
2019-08-20 19:20:04,367 [grpc-default-executor-5] WARN  server.GrpcServerProtocolService (LogUtils.java:warn(134)) - 4033865b-8d67-417a-8575-039c711fd8ba: appendEntries onError: org.apache.ratis.thirdparty.io.grpc.StatusRuntimeException: CANCELLED: cancelled before receiving half close
2019-08-20 19:20:04,367 [grpc-default-executor-4] WARN  server.GrpcLogAppender (LogUtils.java:warn(134)) - e274e395-c7b6-408d-a6b4-4add6056d6d1->4033865b-8d67-417a-8575-039c711fd8ba: Failed appendEntries: org.apache.ratis.thirdparty.io.grpc.StatusRuntimeException: CANCELLED: HTTP/2 error code: CANCEL
Received Rst Stream
2019-08-20 19:20:04,367 [ForkJoinPool.commonPool-worker-1] INFO  impl.RoleInfo (RoleInfo.java:shutdownLeaderState(104)) - e4f90e61-f3c9-4b9d-bc15-ac0e2b79db86: shutdown LeaderState
2019-08-20 19:20:04,371 [grpc-default-executor-4] INFO  impl.FollowerInfo (FollowerInfo.java:lambda$new$0(50)) - e274e395-c7b6-408d-a6b4-4add6056d6d1->4033865b-8d67-417a-8575-039c711fd8ba: nextIndex: updateUnconditionally 1 -> 0
2019-08-20 19:20:04,371 [ForkJoinPool.commonPool-worker-1] INFO  impl.PendingRequests (PendingRequests.java:sendNotLeaderResponses(202)) - e4f90e61-f3c9-4b9d-bc15-ac0e2b79db86-PendingRequests: sendNotLeaderResponses
2019-08-20 19:20:04,372 [ForkJoinPool.commonPool-worker-1] INFO  impl.StateMachineUpdater (StateMachineUpdater.java:stopAndJoin(115)) - StateMachineUpdater:e4f90e61-f3c9-4b9d-bc15-ac0e2b79db86:group-78CD8E26C553: set stopIndex = 0
2019-08-20 19:20:04,372 [ForkJoinPool.commonPool-worker-1] INFO  impl.RaftServerImpl (ServerState.java:close(394)) - e4f90e61-f3c9-4b9d-bc15-ac0e2b79db86:group-78CD8E26C553 closes. The last applied log index is 0
2019-08-20 19:20:04,373 [e4f90e61-f3c9-4b9d-bc15-ac0e2b79db86-SegmentedRaftLogWorker:Storage Directory /workdir/hadoop-ozone/integration-test/target/test-dir/MiniOzoneClusterImpl-dcd12998-9865-489a-a0f8-9e63b4ee21e6/datanode-1/data/ratis/d1b9b464-1c2e-41e3-9663-78cd8e26c553] INFO  segmented.SegmentedRaftLogWorker (SegmentedRaftLogWorker.java:run(313)) - e4f90e61-f3c9-4b9d-bc15-ac0e2b79db86-SegmentedRaftLogWorker:Storage Directory /workdir/hadoop-ozone/integration-test/target/test-dir/MiniOzoneClusterImpl-dcd12998-9865-489a-a0f8-9e63b4ee21e6/datanode-1/data/ratis/d1b9b464-1c2e-41e3-9663-78cd8e26c553 was interrupted, exiting. There are 0 tasks remaining in the queue.
2019-08-20 19:20:04,375 [main] INFO  utils.BackgroundService (BackgroundService.java:shutdown(148)) - Shutting down service BlockDeletingService
2019-08-20 19:20:04,375 [ForkJoinPool.commonPool-worker-1] INFO  segmented.SegmentedRaftLogWorker (SegmentedRaftLogWorker.java:close(228)) - e4f90e61-f3c9-4b9d-bc15-ac0e2b79db86-SegmentedRaftLogWorker:Storage Directory /workdir/hadoop-ozone/integration-test/target/test-dir/MiniOzoneClusterImpl-dcd12998-9865-489a-a0f8-9e63b4ee21e6/datanode-1/data/ratis/d1b9b464-1c2e-41e3-9663-78cd8e26c553 close()
2019-08-20 19:20:04,391 [ForkJoinPool.commonPool-worker-1] INFO  server.GrpcService (GrpcService.java:closeImpl(155)) - e4f90e61-f3c9-4b9d-bc15-ac0e2b79db86: shutdown server with port 42207 now
2019-08-20 19:20:04,393 [grpc-default-executor-5] WARN  server.GrpcServerProtocolService (LogUtils.java:warn(134)) - e4f90e61-f3c9-4b9d-bc15-ac0e2b79db86: appendEntries onError: org.apache.ratis.thirdparty.io.grpc.StatusRuntimeException: CANCELLED: cancelled before receiving half close
2019-08-20 19:20:04,393 [ForkJoinPool.commonPool-worker-1] INFO  server.GrpcService (GrpcService.java:closeImpl(163)) - e4f90e61-f3c9-4b9d-bc15-ac0e2b79db86: shutdown server with port 42207 successfully
2019-08-20 19:20:04,393 [refreshUsed-/workdir/hadoop-ozone/integration-test/target/test-dir/MiniOzoneClusterImpl-dcd12998-9865-489a-a0f8-9e63b4ee21e6/datanode-4/data/containers] WARN  fs.CachingGetSpaceUsed (CachingGetSpaceUsed.java:run(183)) - Thread Interrupted waiting to refresh disk information: sleep interrupted
2019-08-20 19:20:04,395 [grpc-default-executor-6] WARN  server.GrpcLogAppender (LogUtils.java:warn(134)) - 16f059df-d226-4022-8e81-046858cbfecb->e4f90e61-f3c9-4b9d-bc15-ac0e2b79db86: Failed appendEntries: org.apache.ratis.thirdparty.io.grpc.StatusRuntimeException: CANCELLED: HTTP/2 error code: CANCEL
Received Rst Stream
2019-08-20 19:20:04,398 [grpc-default-executor-6] INFO  impl.FollowerInfo (FollowerInfo.java:lambda$new$0(50)) - 16f059df-d226-4022-8e81-046858cbfecb->e4f90e61-f3c9-4b9d-bc15-ac0e2b79db86: nextIndex: updateUnconditionally 9 -> 8
2019-08-20 19:20:04,398 [ForkJoinPool.commonPool-worker-1] INFO  utils.BackgroundService (BackgroundService.java:shutdown(148)) - Shutting down service BlockDeletingService
2019-08-20 19:20:04,400 [refreshUsed-/workdir/hadoop-ozone/integration-test/target/test-dir/MiniOzoneClusterImpl-dcd12998-9865-489a-a0f8-9e63b4ee21e6/datanode-1/data/containers] WARN  fs.CachingGetSpaceUsed (CachingGetSpaceUsed.java:run(183)) - Thread Interrupted waiting to refresh disk information: sleep interrupted
2019-08-20 19:20:04,428 [main] INFO  statemachine.DatanodeStateMachine (DatanodeStateMachine.java:stopDaemon(395)) - Ozone container server stopped.
2019-08-20 19:20:04,429 [ForkJoinPool.commonPool-worker-1] INFO  statemachine.DatanodeStateMachine (DatanodeStateMachine.java:stopDaemon(395)) - Ozone container server stopped.
2019-08-20 19:20:04,434 [main] INFO  handler.ContextHandler (ContextHandler.java:doStop(910)) - Stopped o.e.j.w.WebAppContext@7227926b{/,null,UNAVAILABLE}{/hddsDatanode}
2019-08-20 19:20:04,434 [ForkJoinPool.commonPool-worker-1] INFO  handler.ContextHandler (ContextHandler.java:doStop(910)) - Stopped o.e.j.w.WebAppContext@44976b08{/,null,UNAVAILABLE}{/hddsDatanode}
2019-08-20 19:20:04,435 [main] INFO  server.AbstractConnector (AbstractConnector.java:doStop(318)) - Stopped ServerConnector@2f75a9b1{HTTP/1.1,[http/1.1]}{0.0.0.0:0}
2019-08-20 19:20:04,435 [ForkJoinPool.commonPool-worker-1] INFO  server.AbstractConnector (AbstractConnector.java:doStop(318)) - Stopped ServerConnector@29b8df5{HTTP/1.1,[http/1.1]}{0.0.0.0:0}
2019-08-20 19:20:04,435 [main] INFO  handler.ContextHandler (ContextHandler.java:doStop(910)) - Stopped o.e.j.s.ServletContextHandler@3c8fe8ad{/static,jar:file:/home/user/.m2/repository/org/apache/hadoop/hadoop-hdds-container-service/0.5.0-SNAPSHOT/hadoop-hdds-container-service-0.5.0-SNAPSHOT.jar!/webapps/static,UNAVAILABLE}
2019-08-20 19:20:04,437 [ForkJoinPool.commonPool-worker-1] INFO  handler.ContextHandler (ContextHandler.java:doStop(910)) - Stopped o.e.j.s.ServletContextHandler@3d53e876{/static,jar:file:/home/user/.m2/repository/org/apache/hadoop/hadoop-hdds-container-service/0.5.0-SNAPSHOT/hadoop-hdds-container-service-0.5.0-SNAPSHOT.jar!/webapps/static,UNAVAILABLE}
2019-08-20 19:20:04,437 [main] INFO  handler.ContextHandler (ContextHandler.java:doStop(910)) - Stopped o.e.j.s.ServletContextHandler@616f81b5{/logs,file:///workdir/hadoop-ozone/integration-test/target/log,UNAVAILABLE}
2019-08-20 19:20:04,439 [ForkJoinPool.commonPool-worker-1] INFO  handler.ContextHandler (ContextHandler.java:doStop(910)) - Stopped o.e.j.s.ServletContextHandler@1d8be7b9{/logs,file:///workdir/hadoop-ozone/integration-test/target/log,UNAVAILABLE}
2019-08-20 19:20:04,440 [main] INFO  datanode.ObjectStoreHandler (ObjectStoreHandler.java:close(155)) - Closing ObjectStoreHandler.
2019-08-20 19:20:04,440 [ForkJoinPool.commonPool-worker-1] INFO  datanode.ObjectStoreHandler (ObjectStoreHandler.java:close(155)) - Closing ObjectStoreHandler.
2019-08-20 19:20:04,441 [main] INFO  ozone.HddsDatanodeService (HddsDatanodeService.java:stop(451)) - Stopped plug-in org.apache.hadoop.ozone.web.OzoneHddsDatanodeService@51869ad6
2019-08-20 19:20:04,442 [ForkJoinPool.commonPool-worker-1] INFO  ozone.HddsDatanodeService (HddsDatanodeService.java:stop(451)) - Stopped plug-in org.apache.hadoop.ozone.web.OzoneHddsDatanodeService@714c74eb
2019-08-20 19:20:04,616 [Datanode State Machine Thread - 0] INFO  statemachine.DatanodeStateMachine (DatanodeStateMachine.java:lambda$startDaemon$0(350)) - Ozone container server started.
2019-08-20 19:20:04,706 [grpc-default-executor-5] WARN  server.GrpcLogAppender (LogUtils.java:warn(134)) - 16f059df-d226-4022-8e81-046858cbfecb->e4f90e61-f3c9-4b9d-bc15-ac0e2b79db86: Failed appendEntries: org.apache.ratis.thirdparty.io.grpc.StatusRuntimeException: UNAVAILABLE: io exception
2019-08-20 19:20:04,710 [grpc-default-executor-5] INFO  impl.FollowerInfo (FollowerInfo.java:lambda$new$0(50)) - 16f059df-d226-4022-8e81-046858cbfecb->e4f90e61-f3c9-4b9d-bc15-ac0e2b79db86: nextIndex: updateUnconditionally 8 -> 7
2019-08-20 19:20:04,870 | INFO  | SCMAudit | user=jenkins1000 | ip=192.168.69.105 | op=SEND_HEARTBEAT {datanodeUUID=16f059df-d226-4022-8e81-046858cbfecb, command=[]} | ret=SUCCESS |  
2019-08-20 19:20:04,906 [Datanode State Machine Thread - 0] INFO  statemachine.DatanodeStateMachine (DatanodeStateMachine.java:lambda$startDaemon$0(350)) - Ozone container server started.
2019-08-20 19:20:05,178 | INFO  | SCMAudit | user=jenkins1000 | ip=192.168.69.105 | op=SEND_HEARTBEAT {datanodeUUID=e274e395-c7b6-408d-a6b4-4add6056d6d1, command=[]} | ret=SUCCESS |  
2019-08-20 19:20:05,367 | INFO  | SCMAudit | user=jenkins1000 | ip=192.168.69.105 | op=SEND_HEARTBEAT {datanodeUUID=1df1583d-c3bd-46e3-b5a9-7f01f9158e7c, command=[]} | ret=SUCCESS |  
2019-08-20 19:20:05,870 | INFO  | SCMAudit | user=jenkins1000 | ip=192.168.69.105 | op=SEND_HEARTBEAT {datanodeUUID=16f059df-d226-4022-8e81-046858cbfecb, command=[]} | ret=SUCCESS |  
2019-08-20 19:20:06,178 | INFO  | SCMAudit | user=jenkins1000 | ip=192.168.69.105 | op=SEND_HEARTBEAT {datanodeUUID=e274e395-c7b6-408d-a6b4-4add6056d6d1, command=[]} | ret=SUCCESS |  
2019-08-20 19:20:06,368 | INFO  | SCMAudit | user=jenkins1000 | ip=192.168.69.105 | op=SEND_HEARTBEAT {datanodeUUID=1df1583d-c3bd-46e3-b5a9-7f01f9158e7c, command=[]} | ret=SUCCESS |  
2019-08-20 19:20:06,825 [grpc-default-executor-6] WARN  server.GrpcLogAppender (LogUtils.java:warn(134)) - e274e395-c7b6-408d-a6b4-4add6056d6d1->4033865b-8d67-417a-8575-039c711fd8ba: Failed appendEntries: org.apache.ratis.thirdparty.io.grpc.StatusRuntimeException: UNAVAILABLE: io exception
2019-08-20 19:20:06,828 [grpc-default-executor-6] INFO  impl.FollowerInfo (FollowerInfo.java:lambda$new$0(50)) - e274e395-c7b6-408d-a6b4-4add6056d6d1->4033865b-8d67-417a-8575-039c711fd8ba: nextIndex: updateUnconditionally 0 -> 0
2019-08-20 19:20:06,870 | INFO  | SCMAudit | user=jenkins1000 | ip=192.168.69.105 | op=SEND_HEARTBEAT {datanodeUUID=16f059df-d226-4022-8e81-046858cbfecb, command=[]} | ret=SUCCESS |  
2019-08-20 19:20:07,179 | INFO  | SCMAudit | user=jenkins1000 | ip=192.168.69.105 | op=SEND_HEARTBEAT {datanodeUUID=e274e395-c7b6-408d-a6b4-4add6056d6d1, command=[]} | ret=SUCCESS |  
2019-08-20 19:20:07,206 [grpc-default-executor-5] WARN  server.GrpcLogAppender (LogUtils.java:warn(134)) - 16f059df-d226-4022-8e81-046858cbfecb->e4f90e61-f3c9-4b9d-bc15-ac0e2b79db86: Failed appendEntries: org.apache.ratis.thirdparty.io.grpc.StatusRuntimeException: UNAVAILABLE: io exception
2019-08-20 19:20:07,210 [grpc-default-executor-5] INFO  impl.FollowerInfo (FollowerInfo.java:lambda$new$0(50)) - 16f059df-d226-4022-8e81-046858cbfecb->e4f90e61-f3c9-4b9d-bc15-ac0e2b79db86: nextIndex: updateUnconditionally 7 -> 6
2019-08-20 19:20:07,367 | INFO  | SCMAudit | user=jenkins1000 | ip=192.168.69.105 | op=SEND_HEARTBEAT {datanodeUUID=1df1583d-c3bd-46e3-b5a9-7f01f9158e7c, command=[]} | ret=SUCCESS |  
2019-08-20 19:20:07,870 | INFO  | SCMAudit | user=jenkins1000 | ip=192.168.69.105 | op=SEND_HEARTBEAT {datanodeUUID=16f059df-d226-4022-8e81-046858cbfecb, command=[]} | ret=SUCCESS |  
2019-08-20 19:20:08,178 | INFO  | SCMAudit | user=jenkins1000 | ip=192.168.69.105 | op=SEND_HEARTBEAT {datanodeUUID=e274e395-c7b6-408d-a6b4-4add6056d6d1, command=[]} | ret=SUCCESS |  
2019-08-20 19:20:08,367 | INFO  | SCMAudit | user=jenkins1000 | ip=192.168.69.105 | op=SEND_HEARTBEAT {datanodeUUID=1df1583d-c3bd-46e3-b5a9-7f01f9158e7c, command=[]} | ret=SUCCESS |  
2019-08-20 19:20:08,871 | INFO  | SCMAudit | user=jenkins1000 | ip=192.168.69.105 | op=SEND_HEARTBEAT {datanodeUUID=16f059df-d226-4022-8e81-046858cbfecb, command=[]} | ret=SUCCESS |  
2019-08-20 19:20:09,178 | INFO  | SCMAudit | user=jenkins1000 | ip=192.168.69.105 | op=SEND_HEARTBEAT {datanodeUUID=e274e395-c7b6-408d-a6b4-4add6056d6d1, command=[]} | ret=SUCCESS |  
2019-08-20 19:20:09,328 [grpc-default-executor-5] WARN  server.GrpcLogAppender (LogUtils.java:warn(134)) - e274e395-c7b6-408d-a6b4-4add6056d6d1->4033865b-8d67-417a-8575-039c711fd8ba: Failed appendEntries: org.apache.ratis.thirdparty.io.grpc.StatusRuntimeException: UNAVAILABLE: io exception
2019-08-20 19:20:09,332 [grpc-default-executor-5] INFO  impl.FollowerInfo (FollowerInfo.java:lambda$new$0(50)) - e274e395-c7b6-408d-a6b4-4add6056d6d1->4033865b-8d67-417a-8575-039c711fd8ba: nextIndex: updateUnconditionally 0 -> 0
2019-08-20 19:20:09,367 | INFO  | SCMAudit | user=jenkins1000 | ip=192.168.69.105 | op=SEND_HEARTBEAT {datanodeUUID=1df1583d-c3bd-46e3-b5a9-7f01f9158e7c, command=[]} | ret=SUCCESS |  
2019-08-20 19:20:09,441 [main] INFO  ozoneimpl.OzoneContainer (OzoneContainer.java:stop(199)) - Attempting to stop container services.
2019-08-20 19:20:09,442 [main] INFO  impl.RaftServerProxy (RaftServerProxy.java:lambda$close$4(314)) - 340027e2-c19a-4ce0-8fe2-d5928ef30461: close
2019-08-20 19:20:09,442 [ForkJoinPool.commonPool-worker-1] INFO  ozoneimpl.OzoneContainer (OzoneContainer.java:stop(199)) - Attempting to stop container services.
2019-08-20 19:20:09,442 [main] INFO  impl.RaftServerImpl (RaftServerImpl.java:lambda$shutdown$3(245)) - 340027e2-c19a-4ce0-8fe2-d5928ef30461: shutdown group-33ED13302D71
2019-08-20 19:20:09,443 [ForkJoinPool.commonPool-worker-1] INFO  impl.RaftServerProxy (RaftServerProxy.java:lambda$close$4(314)) - 91ae5334-971e-44ba-ab57-2ec2dd220942: close
2019-08-20 19:20:09,443 [main] INFO  util.JmxRegister (JmxRegister.java:unregister(73)) - Successfully un-registered JMX Bean with object name Ratis:service=RaftServer,group=group-33ED13302D71,id=340027e2-c19a-4ce0-8fe2-d5928ef30461
2019-08-20 19:20:09,443 [ForkJoinPool.commonPool-worker-1] INFO  impl.RaftServerImpl (RaftServerImpl.java:lambda$shutdown$3(245)) - 91ae5334-971e-44ba-ab57-2ec2dd220942: shutdown group-7B8917DEDEE2
2019-08-20 19:20:09,443 [main] INFO  impl.RoleInfo (RoleInfo.java:shutdownFollowerState(121)) - 340027e2-c19a-4ce0-8fe2-d5928ef30461: shutdown FollowerState
2019-08-20 19:20:09,444 [ForkJoinPool.commonPool-worker-1] INFO  util.JmxRegister (JmxRegister.java:unregister(73)) - Successfully un-registered JMX Bean with object name Ratis:service=RaftServer,group=group-7B8917DEDEE2,id=91ae5334-971e-44ba-ab57-2ec2dd220942
2019-08-20 19:20:09,444 [Thread-835] INFO  impl.FollowerState (FollowerState.java:run(114)) - 340027e2-c19a-4ce0-8fe2-d5928ef30461: FollowerState was interrupted: java.lang.InterruptedException: sleep interrupted
2019-08-20 19:20:09,444 [main] INFO  impl.StateMachineUpdater (StateMachineUpdater.java:stopAndJoin(115)) - StateMachineUpdater:340027e2-c19a-4ce0-8fe2-d5928ef30461:group-33ED13302D71: set stopIndex = 0
2019-08-20 19:20:09,444 [ForkJoinPool.commonPool-worker-1] INFO  impl.RoleInfo (RoleInfo.java:shutdownLeaderState(104)) - 91ae5334-971e-44ba-ab57-2ec2dd220942: shutdown LeaderState
2019-08-20 19:20:09,446 [main] INFO  impl.RaftServerImpl (ServerState.java:close(394)) - 340027e2-c19a-4ce0-8fe2-d5928ef30461:group-33ED13302D71 closes. The last applied log index is 0
2019-08-20 19:20:09,446 [ForkJoinPool.commonPool-worker-1] INFO  impl.PendingRequests (PendingRequests.java:sendNotLeaderResponses(202)) - 91ae5334-971e-44ba-ab57-2ec2dd220942-PendingRequests: sendNotLeaderResponses
2019-08-20 19:20:09,447 [340027e2-c19a-4ce0-8fe2-d5928ef30461-SegmentedRaftLogWorker:Storage Directory /workdir/hadoop-ozone/integration-test/target/test-dir/MiniOzoneClusterImpl-dcd12998-9865-489a-a0f8-9e63b4ee21e6/datanode-3/data/ratis/7b4a51c3-350c-4c1b-a2d0-33ed13302d71] INFO  segmented.SegmentedRaftLogWorker (SegmentedRaftLogWorker.java:run(313)) - 340027e2-c19a-4ce0-8fe2-d5928ef30461-SegmentedRaftLogWorker:Storage Directory /workdir/hadoop-ozone/integration-test/target/test-dir/MiniOzoneClusterImpl-dcd12998-9865-489a-a0f8-9e63b4ee21e6/datanode-3/data/ratis/7b4a51c3-350c-4c1b-a2d0-33ed13302d71 was interrupted, exiting. There are 0 tasks remaining in the queue.
2019-08-20 19:20:09,447 [ForkJoinPool.commonPool-worker-1] INFO  impl.StateMachineUpdater (StateMachineUpdater.java:stopAndJoin(115)) - StateMachineUpdater:91ae5334-971e-44ba-ab57-2ec2dd220942:group-7B8917DEDEE2: set stopIndex = 0
2019-08-20 19:20:09,448 [main] INFO  segmented.SegmentedRaftLogWorker (SegmentedRaftLogWorker.java:close(228)) - 340027e2-c19a-4ce0-8fe2-d5928ef30461-SegmentedRaftLogWorker:Storage Directory /workdir/hadoop-ozone/integration-test/target/test-dir/MiniOzoneClusterImpl-dcd12998-9865-489a-a0f8-9e63b4ee21e6/datanode-3/data/ratis/7b4a51c3-350c-4c1b-a2d0-33ed13302d71 close()
2019-08-20 19:20:09,448 [ForkJoinPool.commonPool-worker-1] INFO  impl.RaftServerImpl (ServerState.java:close(394)) - 91ae5334-971e-44ba-ab57-2ec2dd220942:group-7B8917DEDEE2 closes. The last applied log index is 0
2019-08-20 19:20:09,450 [main] INFO  impl.RaftServerImpl (RaftServerImpl.java:lambda$shutdown$3(245)) - 340027e2-c19a-4ce0-8fe2-d5928ef30461: shutdown group-A3C8C280768F
2019-08-20 19:20:09,450 [91ae5334-971e-44ba-ab57-2ec2dd220942-SegmentedRaftLogWorker:Storage Directory /workdir/hadoop-ozone/integration-test/target/test-dir/MiniOzoneClusterImpl-dcd12998-9865-489a-a0f8-9e63b4ee21e6/datanode-2/data/ratis/a47d1590-70d8-436b-bf7b-7b8917dedee2] INFO  segmented.SegmentedRaftLogWorker (SegmentedRaftLogWorker.java:run(313)) - 91ae5334-971e-44ba-ab57-2ec2dd220942-SegmentedRaftLogWorker:Storage Directory /workdir/hadoop-ozone/integration-test/target/test-dir/MiniOzoneClusterImpl-dcd12998-9865-489a-a0f8-9e63b4ee21e6/datanode-2/data/ratis/a47d1590-70d8-436b-bf7b-7b8917dedee2 was interrupted, exiting. There are 0 tasks remaining in the queue.
2019-08-20 19:20:09,450 [main] INFO  util.JmxRegister (JmxRegister.java:unregister(73)) - Successfully un-registered JMX Bean with object name Ratis:service=RaftServer,group=group-A3C8C280768F,id=340027e2-c19a-4ce0-8fe2-d5928ef30461
2019-08-20 19:20:09,452 [main] INFO  impl.RoleInfo (RoleInfo.java:shutdownLeaderState(104)) - 340027e2-c19a-4ce0-8fe2-d5928ef30461: shutdown LeaderState
2019-08-20 19:20:09,452 [main] INFO  impl.PendingRequests (PendingRequests.java:sendNotLeaderResponses(202)) - 340027e2-c19a-4ce0-8fe2-d5928ef30461-PendingRequests: sendNotLeaderResponses
2019-08-20 19:20:09,452 [main] INFO  impl.StateMachineUpdater (StateMachineUpdater.java:stopAndJoin(115)) - StateMachineUpdater:340027e2-c19a-4ce0-8fe2-d5928ef30461:group-A3C8C280768F: set stopIndex = 0
2019-08-20 19:20:09,453 [main] INFO  impl.RaftServerImpl (ServerState.java:close(394)) - 340027e2-c19a-4ce0-8fe2-d5928ef30461:group-A3C8C280768F closes. The last applied log index is 0
2019-08-20 19:20:09,453 [340027e2-c19a-4ce0-8fe2-d5928ef30461-SegmentedRaftLogWorker:Storage Directory /workdir/hadoop-ozone/integration-test/target/test-dir/MiniOzoneClusterImpl-dcd12998-9865-489a-a0f8-9e63b4ee21e6/datanode-3/data/ratis/7a885e06-40bf-48ad-9e81-a3c8c280768f] INFO  segmented.SegmentedRaftLogWorker (SegmentedRaftLogWorker.java:run(313)) - 340027e2-c19a-4ce0-8fe2-d5928ef30461-SegmentedRaftLogWorker:Storage Directory /workdir/hadoop-ozone/integration-test/target/test-dir/MiniOzoneClusterImpl-dcd12998-9865-489a-a0f8-9e63b4ee21e6/datanode-3/data/ratis/7a885e06-40bf-48ad-9e81-a3c8c280768f was interrupted, exiting. There are 0 tasks remaining in the queue.
2019-08-20 19:20:09,462 [ForkJoinPool.commonPool-worker-1] INFO  segmented.SegmentedRaftLogWorker (SegmentedRaftLogWorker.java:close(228)) - 91ae5334-971e-44ba-ab57-2ec2dd220942-SegmentedRaftLogWorker:Storage Directory /workdir/hadoop-ozone/integration-test/target/test-dir/MiniOzoneClusterImpl-dcd12998-9865-489a-a0f8-9e63b4ee21e6/datanode-2/data/ratis/a47d1590-70d8-436b-bf7b-7b8917dedee2 close()
2019-08-20 19:20:09,462 [main] INFO  segmented.SegmentedRaftLogWorker (SegmentedRaftLogWorker.java:close(228)) - 340027e2-c19a-4ce0-8fe2-d5928ef30461-SegmentedRaftLogWorker:Storage Directory /workdir/hadoop-ozone/integration-test/target/test-dir/MiniOzoneClusterImpl-dcd12998-9865-489a-a0f8-9e63b4ee21e6/datanode-3/data/ratis/7a885e06-40bf-48ad-9e81-a3c8c280768f close()
2019-08-20 19:20:09,464 [ForkJoinPool.commonPool-worker-1] INFO  impl.RaftServerImpl (RaftServerImpl.java:lambda$shutdown$3(245)) - 91ae5334-971e-44ba-ab57-2ec2dd220942: shutdown group-782B390D3D40
2019-08-20 19:20:09,465 [main] INFO  server.GrpcService (GrpcService.java:closeImpl(155)) - 340027e2-c19a-4ce0-8fe2-d5928ef30461: shutdown server with port 36582 now
2019-08-20 19:20:09,465 [ForkJoinPool.commonPool-worker-1] INFO  util.JmxRegister (JmxRegister.java:unregister(73)) - Successfully un-registered JMX Bean with object name Ratis:service=RaftServer,group=group-782B390D3D40,id=91ae5334-971e-44ba-ab57-2ec2dd220942
2019-08-20 19:20:09,469 [ForkJoinPool.commonPool-worker-1] INFO  impl.RoleInfo (RoleInfo.java:shutdownFollowerState(121)) - 91ae5334-971e-44ba-ab57-2ec2dd220942: shutdown FollowerState
2019-08-20 19:20:09,469 [ForkJoinPool.commonPool-worker-1] INFO  impl.StateMachineUpdater (StateMachineUpdater.java:stopAndJoin(115)) - StateMachineUpdater:91ae5334-971e-44ba-ab57-2ec2dd220942:group-782B390D3D40: set stopIndex = 8
2019-08-20 19:20:09,469 [Thread-805] INFO  impl.FollowerState (FollowerState.java:run(114)) - 91ae5334-971e-44ba-ab57-2ec2dd220942: FollowerState was interrupted: java.lang.InterruptedException: sleep interrupted
2019-08-20 19:20:09,469 [StateMachineUpdater:91ae5334-971e-44ba-ab57-2ec2dd220942:group-782B390D3D40] INFO  ratis.ContainerStateMachine (ContainerStateMachine.java:takeSnapshot(283)) - group-782B390D3D40: Taking a snapshot at:(t:1, i:6) file /workdir/hadoop-ozone/integration-test/target/test-dir/MiniOzoneClusterImpl-dcd12998-9865-489a-a0f8-9e63b4ee21e6/datanode-2/data/ratis/aa6255e1-18a9-4ad8-82f2-782b390d3d40/sm/snapshot.1_6
2019-08-20 19:20:09,469 [grpc-default-executor-6] WARN  server.GrpcServerProtocolService (LogUtils.java:warn(134)) - 340027e2-c19a-4ce0-8fe2-d5928ef30461: appendEntries onError: org.apache.ratis.thirdparty.io.grpc.StatusRuntimeException: CANCELLED: cancelled before receiving half close
2019-08-20 19:20:09,469 [grpc-default-executor-4] WARN  server.GrpcLogAppender (LogUtils.java:warn(134)) - e274e395-c7b6-408d-a6b4-4add6056d6d1->340027e2-c19a-4ce0-8fe2-d5928ef30461: Failed appendEntries: org.apache.ratis.thirdparty.io.grpc.StatusRuntimeException: CANCELLED: HTTP/2 error code: CANCEL
Received Rst Stream
2019-08-20 19:20:09,469 [main] INFO  server.GrpcService (GrpcService.java:closeImpl(163)) - 340027e2-c19a-4ce0-8fe2-d5928ef30461: shutdown server with port 36582 successfully
2019-08-20 19:20:09,474 [grpc-default-executor-4] INFO  impl.FollowerInfo (FollowerInfo.java:lambda$new$0(50)) - e274e395-c7b6-408d-a6b4-4add6056d6d1->340027e2-c19a-4ce0-8fe2-d5928ef30461: nextIndex: updateUnconditionally 1 -> 0
2019-08-20 19:20:09,475 [StateMachineUpdater:91ae5334-971e-44ba-ab57-2ec2dd220942:group-782B390D3D40] INFO  ratis.ContainerStateMachine (ContainerStateMachine.java:takeSnapshot(294)) - group-782B390D3D40: Finished taking a snapshot at:(t:1, i:6) file:/workdir/hadoop-ozone/integration-test/target/test-dir/MiniOzoneClusterImpl-dcd12998-9865-489a-a0f8-9e63b4ee21e6/datanode-2/data/ratis/aa6255e1-18a9-4ad8-82f2-782b390d3d40/sm/snapshot.1_6 time:6
2019-08-20 19:20:09,475 [StateMachineUpdater:91ae5334-971e-44ba-ab57-2ec2dd220942:group-782B390D3D40] INFO  impl.StateMachineUpdater (StateMachineUpdater.java:takeSnapshot(242)) - StateMachineUpdater:91ae5334-971e-44ba-ab57-2ec2dd220942:group-782B390D3D40: Took a snapshot at index 6
2019-08-20 19:20:09,475 [StateMachineUpdater:91ae5334-971e-44ba-ab57-2ec2dd220942:group-782B390D3D40] INFO  impl.StateMachineUpdater (StateMachineUpdater.java:lambda$new$0(80)) - StateMachineUpdater:91ae5334-971e-44ba-ab57-2ec2dd220942:group-782B390D3D40: snapshotIndex: updateIncreasingly -1 -> 6
2019-08-20 19:20:09,475 [main] INFO  utils.BackgroundService (BackgroundService.java:shutdown(148)) - Shutting down service BlockDeletingService
2019-08-20 19:20:09,476 [ForkJoinPool.commonPool-worker-1] INFO  impl.RaftServerImpl (ServerState.java:close(394)) - 91ae5334-971e-44ba-ab57-2ec2dd220942:group-782B390D3D40 closes. The last applied log index is 8
2019-08-20 19:20:09,480 [91ae5334-971e-44ba-ab57-2ec2dd220942-SegmentedRaftLogWorker:Storage Directory /workdir/hadoop-ozone/integration-test/target/test-dir/MiniOzoneClusterImpl-dcd12998-9865-489a-a0f8-9e63b4ee21e6/datanode-2/data/ratis/aa6255e1-18a9-4ad8-82f2-782b390d3d40] INFO  segmented.SegmentedRaftLogWorker (SegmentedRaftLogWorker.java:run(313)) - 91ae5334-971e-44ba-ab57-2ec2dd220942-SegmentedRaftLogWorker:Storage Directory /workdir/hadoop-ozone/integration-test/target/test-dir/MiniOzoneClusterImpl-dcd12998-9865-489a-a0f8-9e63b4ee21e6/datanode-2/data/ratis/aa6255e1-18a9-4ad8-82f2-782b390d3d40 was interrupted, exiting. There are 0 tasks remaining in the queue.
2019-08-20 19:20:09,483 [ForkJoinPool.commonPool-worker-1] INFO  segmented.SegmentedRaftLogWorker (SegmentedRaftLogWorker.java:close(228)) - 91ae5334-971e-44ba-ab57-2ec2dd220942-SegmentedRaftLogWorker:Storage Directory /workdir/hadoop-ozone/integration-test/target/test-dir/MiniOzoneClusterImpl-dcd12998-9865-489a-a0f8-9e63b4ee21e6/datanode-2/data/ratis/aa6255e1-18a9-4ad8-82f2-782b390d3d40 close()
2019-08-20 19:20:09,485 [ForkJoinPool.commonPool-worker-1] INFO  server.GrpcService (GrpcService.java:closeImpl(155)) - 91ae5334-971e-44ba-ab57-2ec2dd220942: shutdown server with port 35748 now
2019-08-20 19:20:09,486 [ForkJoinPool.commonPool-worker-1] INFO  server.GrpcService (GrpcService.java:closeImpl(163)) - 91ae5334-971e-44ba-ab57-2ec2dd220942: shutdown server with port 35748 successfully
2019-08-20 19:20:09,487 [grpc-default-executor-7] WARN  server.GrpcServerProtocolService (LogUtils.java:warn(134)) - 91ae5334-971e-44ba-ab57-2ec2dd220942: appendEntries onError: org.apache.ratis.thirdparty.io.grpc.StatusRuntimeException: CANCELLED: cancelled before receiving half close
2019-08-20 19:20:09,487 [grpc-default-executor-5] WARN  server.GrpcLogAppender (LogUtils.java:warn(134)) - 16f059df-d226-4022-8e81-046858cbfecb->91ae5334-971e-44ba-ab57-2ec2dd220942: Failed appendEntries: org.apache.ratis.thirdparty.io.grpc.StatusRuntimeException: CANCELLED: HTTP/2 error code: CANCEL
Received Rst Stream
2019-08-20 19:20:09,487 [refreshUsed-/workdir/hadoop-ozone/integration-test/target/test-dir/MiniOzoneClusterImpl-dcd12998-9865-489a-a0f8-9e63b4ee21e6/datanode-3/data/containers] WARN  fs.CachingGetSpaceUsed (CachingGetSpaceUsed.java:run(183)) - Thread Interrupted waiting to refresh disk information: sleep interrupted
2019-08-20 19:20:09,487 [grpc-default-executor-6] WARN  client.GrpcClientProtocolService (LogUtils.java:warn(134)) - 35-OrderedRequestStreamObserver35: onError: org.apache.ratis.thirdparty.io.grpc.StatusRuntimeException: CANCELLED: cancelled before receiving half close
2019-08-20 19:20:09,489 [grpc-default-executor-5] INFO  impl.FollowerInfo (FollowerInfo.java:lambda$new$0(50)) - 16f059df-d226-4022-8e81-046858cbfecb->91ae5334-971e-44ba-ab57-2ec2dd220942: nextIndex: updateUnconditionally 9 -> 8
2019-08-20 19:20:09,490 [ForkJoinPool.commonPool-worker-1] INFO  utils.BackgroundService (BackgroundService.java:shutdown(148)) - Shutting down service BlockDeletingService
2019-08-20 19:20:09,491 [refreshUsed-/workdir/hadoop-ozone/integration-test/target/test-dir/MiniOzoneClusterImpl-dcd12998-9865-489a-a0f8-9e63b4ee21e6/datanode-2/data/containers] WARN  fs.CachingGetSpaceUsed (CachingGetSpaceUsed.java:run(183)) - Thread Interrupted waiting to refresh disk information: sleep interrupted
2019-08-20 19:20:09,508 [main] INFO  statemachine.DatanodeStateMachine (DatanodeStateMachine.java:stopDaemon(395)) - Ozone container server stopped.
2019-08-20 19:20:09,509 [main] INFO  handler.ContextHandler (ContextHandler.java:doStop(910)) - Stopped o.e.j.w.WebAppContext@76dc36e5{/,null,UNAVAILABLE}{/hddsDatanode}
2019-08-20 19:20:09,510 [main] INFO  server.AbstractConnector (AbstractConnector.java:doStop(318)) - Stopped ServerConnector@2a54c92e{HTTP/1.1,[http/1.1]}{0.0.0.0:0}
2019-08-20 19:20:09,510 [main] INFO  handler.ContextHandler (ContextHandler.java:doStop(910)) - Stopped o.e.j.s.ServletContextHandler@559e3f67{/static,jar:file:/home/user/.m2/repository/org/apache/hadoop/hadoop-hdds-container-service/0.5.0-SNAPSHOT/hadoop-hdds-container-service-0.5.0-SNAPSHOT.jar!/webapps/static,UNAVAILABLE}
2019-08-20 19:20:09,510 [main] INFO  handler.ContextHandler (ContextHandler.java:doStop(910)) - Stopped o.e.j.s.ServletContextHandler@fbbd90c{/logs,file:///workdir/hadoop-ozone/integration-test/target/log,UNAVAILABLE}
2019-08-20 19:20:09,515 [main] INFO  datanode.ObjectStoreHandler (ObjectStoreHandler.java:close(155)) - Closing ObjectStoreHandler.
2019-08-20 19:20:09,515 [main] INFO  ozone.HddsDatanodeService (HddsDatanodeService.java:stop(451)) - Stopped plug-in org.apache.hadoop.ozone.web.OzoneHddsDatanodeService@467a2584
2019-08-20 19:20:09,517 [ForkJoinPool.commonPool-worker-1] INFO  statemachine.DatanodeStateMachine (DatanodeStateMachine.java:stopDaemon(395)) - Ozone container server stopped.
2019-08-20 19:20:09,523 [ForkJoinPool.commonPool-worker-1] INFO  handler.ContextHandler (ContextHandler.java:doStop(910)) - Stopped o.e.j.w.WebAppContext@23df7fad{/,null,UNAVAILABLE}{/hddsDatanode}
2019-08-20 19:20:09,523 [ForkJoinPool.commonPool-worker-1] INFO  server.AbstractConnector (AbstractConnector.java:doStop(318)) - Stopped ServerConnector@4ab455e2{HTTP/1.1,[http/1.1]}{0.0.0.0:0}
2019-08-20 19:20:09,525 [ForkJoinPool.commonPool-worker-1] INFO  handler.ContextHandler (ContextHandler.java:doStop(910)) - Stopped o.e.j.s.ServletContextHandler@34e25492{/static,jar:file:/home/user/.m2/repository/org/apache/hadoop/hadoop-hdds-container-service/0.5.0-SNAPSHOT/hadoop-hdds-container-service-0.5.0-SNAPSHOT.jar!/webapps/static,UNAVAILABLE}
2019-08-20 19:20:09,526 [ForkJoinPool.commonPool-worker-1] INFO  handler.ContextHandler (ContextHandler.java:doStop(910)) - Stopped o.e.j.s.ServletContextHandler@41059616{/logs,file:///workdir/hadoop-ozone/integration-test/target/log,UNAVAILABLE}
2019-08-20 19:20:09,527 [ForkJoinPool.commonPool-worker-1] INFO  datanode.ObjectStoreHandler (ObjectStoreHandler.java:close(155)) - Closing ObjectStoreHandler.
2019-08-20 19:20:09,527 [ForkJoinPool.commonPool-worker-1] INFO  ozone.HddsDatanodeService (HddsDatanodeService.java:stop(451)) - Stopped plug-in org.apache.hadoop.ozone.web.OzoneHddsDatanodeService@194224ca
2019-08-20 19:20:09,707 [grpc-default-executor-7] WARN  server.GrpcLogAppender (LogUtils.java:warn(134)) - 16f059df-d226-4022-8e81-046858cbfecb->e4f90e61-f3c9-4b9d-bc15-ac0e2b79db86: Failed appendEntries: org.apache.ratis.thirdparty.io.grpc.StatusRuntimeException: UNAVAILABLE: io exception
2019-08-20 19:20:09,712 [grpc-default-executor-7] INFO  impl.FollowerInfo (FollowerInfo.java:lambda$new$0(50)) - 16f059df-d226-4022-8e81-046858cbfecb->e4f90e61-f3c9-4b9d-bc15-ac0e2b79db86: nextIndex: updateUnconditionally 6 -> 5
2019-08-20 19:20:09,713 [grpc-default-executor-6] WARN  server.GrpcLogAppender (LogUtils.java:warn(134)) - 16f059df-d226-4022-8e81-046858cbfecb->91ae5334-971e-44ba-ab57-2ec2dd220942: Failed appendEntries: org.apache.ratis.thirdparty.io.grpc.StatusRuntimeException: UNAVAILABLE: io exception
2019-08-20 19:20:09,713 [grpc-default-executor-6] INFO  impl.FollowerInfo (FollowerInfo.java:lambda$new$0(50)) - 16f059df-d226-4022-8e81-046858cbfecb->91ae5334-971e-44ba-ab57-2ec2dd220942: nextIndex: updateUnconditionally 8 -> 7
2019-08-20 19:20:09,869 [Datanode State Machine Thread - 0] INFO  statemachine.DatanodeStateMachine (DatanodeStateMachine.java:lambda$startDaemon$0(350)) - Ozone container server started.
2019-08-20 19:20:10,178 | INFO  | SCMAudit | user=jenkins1000 | ip=192.168.69.105 | op=SEND_HEARTBEAT {datanodeUUID=e274e395-c7b6-408d-a6b4-4add6056d6d1, command=[]} | ret=SUCCESS |  
2019-08-20 19:20:10,366 [Datanode State Machine Thread - 0] INFO  statemachine.DatanodeStateMachine (DatanodeStateMachine.java:lambda$startDaemon$0(350)) - Ozone container server started.
2019-08-20 19:20:11,178 | INFO  | SCMAudit | user=jenkins1000 | ip=192.168.69.105 | op=SEND_HEARTBEAT {datanodeUUID=e274e395-c7b6-408d-a6b4-4add6056d6d1, command=[]} | ret=SUCCESS |  
2019-08-20 19:20:11,827 [grpc-default-executor-7] WARN  server.GrpcLogAppender (LogUtils.java:warn(134)) - e274e395-c7b6-408d-a6b4-4add6056d6d1->4033865b-8d67-417a-8575-039c711fd8ba: Failed appendEntries: org.apache.ratis.thirdparty.io.grpc.StatusRuntimeException: UNAVAILABLE: io exception
2019-08-20 19:20:11,830 [grpc-default-executor-7] INFO  impl.FollowerInfo (FollowerInfo.java:lambda$new$0(50)) - e274e395-c7b6-408d-a6b4-4add6056d6d1->4033865b-8d67-417a-8575-039c711fd8ba: nextIndex: updateUnconditionally 0 -> 0
2019-08-20 19:20:11,831 [grpc-default-executor-5] WARN  server.GrpcLogAppender (LogUtils.java:warn(134)) - e274e395-c7b6-408d-a6b4-4add6056d6d1->340027e2-c19a-4ce0-8fe2-d5928ef30461: Failed appendEntries: org.apache.ratis.thirdparty.io.grpc.StatusRuntimeException: UNAVAILABLE: io exception
2019-08-20 19:20:11,832 [grpc-default-executor-5] INFO  impl.FollowerInfo (FollowerInfo.java:lambda$new$0(50)) - e274e395-c7b6-408d-a6b4-4add6056d6d1->340027e2-c19a-4ce0-8fe2-d5928ef30461: nextIndex: updateUnconditionally 0 -> 0
2019-08-20 19:20:12,179 | INFO  | SCMAudit | user=jenkins1000 | ip=192.168.69.105 | op=SEND_HEARTBEAT {datanodeUUID=e274e395-c7b6-408d-a6b4-4add6056d6d1, command=[]} | ret=SUCCESS |  
2019-08-20 19:20:12,208 [grpc-default-executor-7] WARN  server.GrpcLogAppender (LogUtils.java:warn(134)) - 16f059df-d226-4022-8e81-046858cbfecb->e4f90e61-f3c9-4b9d-bc15-ac0e2b79db86: Failed appendEntries: org.apache.ratis.thirdparty.io.grpc.StatusRuntimeException: UNAVAILABLE: io exception
2019-08-20 19:20:12,211 [grpc-default-executor-7] INFO  impl.FollowerInfo (FollowerInfo.java:lambda$new$0(50)) - 16f059df-d226-4022-8e81-046858cbfecb->e4f90e61-f3c9-4b9d-bc15-ac0e2b79db86: nextIndex: updateUnconditionally 5 -> 4
2019-08-20 19:20:12,212 [grpc-default-executor-7] WARN  server.GrpcLogAppender (LogUtils.java:warn(134)) - 16f059df-d226-4022-8e81-046858cbfecb->91ae5334-971e-44ba-ab57-2ec2dd220942: Failed appendEntries: org.apache.ratis.thirdparty.io.grpc.StatusRuntimeException: UNAVAILABLE: io exception
2019-08-20 19:20:12,213 [grpc-default-executor-7] INFO  impl.FollowerInfo (FollowerInfo.java:lambda$new$0(50)) - 16f059df-d226-4022-8e81-046858cbfecb->91ae5334-971e-44ba-ab57-2ec2dd220942: nextIndex: updateUnconditionally 7 -> 6
2019-08-20 19:20:13,179 | INFO  | SCMAudit | user=jenkins1000 | ip=192.168.69.105 | op=SEND_HEARTBEAT {datanodeUUID=e274e395-c7b6-408d-a6b4-4add6056d6d1, command=[]} | ret=SUCCESS |  
2019-08-20 19:20:14,179 | INFO  | SCMAudit | user=jenkins1000 | ip=192.168.69.105 | op=SEND_HEARTBEAT {datanodeUUID=e274e395-c7b6-408d-a6b4-4add6056d6d1, command=[]} | ret=SUCCESS |  
2019-08-20 19:20:14,328 [grpc-default-executor-6] WARN  server.GrpcLogAppender (LogUtils.java:warn(134)) - e274e395-c7b6-408d-a6b4-4add6056d6d1->4033865b-8d67-417a-8575-039c711fd8ba: Failed appendEntries: org.apache.ratis.thirdparty.io.grpc.StatusRuntimeException: UNAVAILABLE: io exception
2019-08-20 19:20:14,331 [grpc-default-executor-6] INFO  impl.FollowerInfo (FollowerInfo.java:lambda$new$0(50)) - e274e395-c7b6-408d-a6b4-4add6056d6d1->4033865b-8d67-417a-8575-039c711fd8ba: nextIndex: updateUnconditionally 0 -> 0
2019-08-20 19:20:14,332 [grpc-default-executor-5] WARN  server.GrpcLogAppender (LogUtils.java:warn(134)) - e274e395-c7b6-408d-a6b4-4add6056d6d1->340027e2-c19a-4ce0-8fe2-d5928ef30461: Failed appendEntries: org.apache.ratis.thirdparty.io.grpc.StatusRuntimeException: UNAVAILABLE: io exception
2019-08-20 19:20:14,334 [grpc-default-executor-5] INFO  impl.FollowerInfo (FollowerInfo.java:lambda$new$0(50)) - e274e395-c7b6-408d-a6b4-4add6056d6d1->340027e2-c19a-4ce0-8fe2-d5928ef30461: nextIndex: updateUnconditionally 0 -> 0
2019-08-20 19:20:14,517 [main] INFO  ozoneimpl.OzoneContainer (OzoneContainer.java:stop(199)) - Attempting to stop container services.
2019-08-20 19:20:14,518 [main] INFO  impl.RaftServerProxy (RaftServerProxy.java:lambda$close$4(314)) - 1df1583d-c3bd-46e3-b5a9-7f01f9158e7c: close
2019-08-20 19:20:14,519 [main] INFO  impl.RaftServerImpl (RaftServerImpl.java:lambda$shutdown$3(245)) - 1df1583d-c3bd-46e3-b5a9-7f01f9158e7c: shutdown group-DB931C3FC26F
2019-08-20 19:20:14,519 [main] INFO  util.JmxRegister (JmxRegister.java:unregister(73)) - Successfully un-registered JMX Bean with object name Ratis:service=RaftServer,group=group-DB931C3FC26F,id=1df1583d-c3bd-46e3-b5a9-7f01f9158e7c
2019-08-20 19:20:14,519 [main] INFO  impl.RoleInfo (RoleInfo.java:shutdownLeaderState(104)) - 1df1583d-c3bd-46e3-b5a9-7f01f9158e7c: shutdown LeaderState
2019-08-20 19:20:14,520 [main] INFO  impl.PendingRequests (PendingRequests.java:sendNotLeaderResponses(202)) - 1df1583d-c3bd-46e3-b5a9-7f01f9158e7c-PendingRequests: sendNotLeaderResponses
2019-08-20 19:20:14,520 [main] INFO  impl.StateMachineUpdater (StateMachineUpdater.java:stopAndJoin(115)) - StateMachineUpdater:1df1583d-c3bd-46e3-b5a9-7f01f9158e7c:group-DB931C3FC26F: set stopIndex = 0
2019-08-20 19:20:14,521 [main] INFO  impl.RaftServerImpl (ServerState.java:close(394)) - 1df1583d-c3bd-46e3-b5a9-7f01f9158e7c:group-DB931C3FC26F closes. The last applied log index is 0
2019-08-20 19:20:14,521 [1df1583d-c3bd-46e3-b5a9-7f01f9158e7c-SegmentedRaftLogWorker:Storage Directory /workdir/hadoop-ozone/integration-test/target/test-dir/MiniOzoneClusterImpl-dcd12998-9865-489a-a0f8-9e63b4ee21e6/datanode-6/data/ratis/a6e513f2-e351-43d4-8d38-db931c3fc26f] INFO  segmented.SegmentedRaftLogWorker (SegmentedRaftLogWorker.java:run(313)) - 1df1583d-c3bd-46e3-b5a9-7f01f9158e7c-SegmentedRaftLogWorker:Storage Directory /workdir/hadoop-ozone/integration-test/target/test-dir/MiniOzoneClusterImpl-dcd12998-9865-489a-a0f8-9e63b4ee21e6/datanode-6/data/ratis/a6e513f2-e351-43d4-8d38-db931c3fc26f was interrupted, exiting. There are 0 tasks remaining in the queue.
2019-08-20 19:20:14,524 [main] INFO  segmented.SegmentedRaftLogWorker (SegmentedRaftLogWorker.java:close(228)) - 1df1583d-c3bd-46e3-b5a9-7f01f9158e7c-SegmentedRaftLogWorker:Storage Directory /workdir/hadoop-ozone/integration-test/target/test-dir/MiniOzoneClusterImpl-dcd12998-9865-489a-a0f8-9e63b4ee21e6/datanode-6/data/ratis/a6e513f2-e351-43d4-8d38-db931c3fc26f close()
2019-08-20 19:20:14,526 [main] INFO  server.GrpcService (GrpcService.java:closeImpl(155)) - 1df1583d-c3bd-46e3-b5a9-7f01f9158e7c: shutdown server with port 38948 now
2019-08-20 19:20:14,528 [main] INFO  server.GrpcService (GrpcService.java:closeImpl(163)) - 1df1583d-c3bd-46e3-b5a9-7f01f9158e7c: shutdown server with port 38948 successfully
2019-08-20 19:20:14,528 [ForkJoinPool.commonPool-worker-1] INFO  ozoneimpl.OzoneContainer (OzoneContainer.java:stop(199)) - Attempting to stop container services.
2019-08-20 19:20:14,529 [ForkJoinPool.commonPool-worker-1] INFO  impl.RaftServerProxy (RaftServerProxy.java:lambda$close$4(314)) - 16f059df-d226-4022-8e81-046858cbfecb: close
2019-08-20 19:20:14,529 [main] INFO  utils.BackgroundService (BackgroundService.java:shutdown(148)) - Shutting down service BlockDeletingService
2019-08-20 19:20:14,529 [ForkJoinPool.commonPool-worker-1] INFO  impl.RaftServerImpl (RaftServerImpl.java:lambda$shutdown$3(245)) - 16f059df-d226-4022-8e81-046858cbfecb: shutdown group-782B390D3D40
2019-08-20 19:20:14,530 [ForkJoinPool.commonPool-worker-1] INFO  util.JmxRegister (JmxRegister.java:unregister(73)) - Successfully un-registered JMX Bean with object name Ratis:service=RaftServer,group=group-782B390D3D40,id=16f059df-d226-4022-8e81-046858cbfecb
2019-08-20 19:20:14,531 [ForkJoinPool.commonPool-worker-1] INFO  impl.RoleInfo (RoleInfo.java:shutdownLeaderState(104)) - 16f059df-d226-4022-8e81-046858cbfecb: shutdown LeaderState
2019-08-20 19:20:14,534 [ForkJoinPool.commonPool-worker-1] INFO  impl.PendingRequests (PendingRequests.java:sendNotLeaderResponses(202)) - 16f059df-d226-4022-8e81-046858cbfecb-PendingRequests: sendNotLeaderResponses
2019-08-20 19:20:14,534 [org.apache.ratis.server.impl.LogAppender$AppenderDaemon$$Lambda$483/499394712@b0e1b92] WARN  server.GrpcLogAppender (GrpcLogAppender.java:mayWait(143)) - GrpcLogAppender(16f059df-d226-4022-8e81-046858cbfecb->e4f90e61-f3c9-4b9d-bc15-ac0e2b79db86): Wait interrupted by java.lang.InterruptedException
2019-08-20 19:20:14,534 [org.apache.ratis.server.impl.LogAppender$AppenderDaemon$$Lambda$483/499394712@4e0c9497] WARN  server.GrpcLogAppender (GrpcLogAppender.java:mayWait(143)) - GrpcLogAppender(16f059df-d226-4022-8e81-046858cbfecb->91ae5334-971e-44ba-ab57-2ec2dd220942): Wait interrupted by java.lang.InterruptedException
2019-08-20 19:20:14,535 [refreshUsed-/workdir/hadoop-ozone/integration-test/target/test-dir/MiniOzoneClusterImpl-dcd12998-9865-489a-a0f8-9e63b4ee21e6/datanode-6/data/containers] WARN  fs.CachingGetSpaceUsed (CachingGetSpaceUsed.java:run(183)) - Thread Interrupted waiting to refresh disk information: sleep interrupted
2019-08-20 19:20:14,539 [ForkJoinPool.commonPool-worker-1] INFO  impl.StateMachineUpdater (StateMachineUpdater.java:stopAndJoin(115)) - StateMachineUpdater:16f059df-d226-4022-8e81-046858cbfecb:group-782B390D3D40: set stopIndex = 8
2019-08-20 19:20:14,539 [StateMachineUpdater:16f059df-d226-4022-8e81-046858cbfecb:group-782B390D3D40] INFO  ratis.ContainerStateMachine (ContainerStateMachine.java:takeSnapshot(283)) - group-782B390D3D40: Taking a snapshot at:(t:1, i:6) file /workdir/hadoop-ozone/integration-test/target/test-dir/MiniOzoneClusterImpl-dcd12998-9865-489a-a0f8-9e63b4ee21e6/datanode-0/data/ratis/aa6255e1-18a9-4ad8-82f2-782b390d3d40/sm/snapshot.1_6
2019-08-20 19:20:14,552 [StateMachineUpdater:16f059df-d226-4022-8e81-046858cbfecb:group-782B390D3D40] INFO  ratis.ContainerStateMachine (ContainerStateMachine.java:takeSnapshot(294)) - group-782B390D3D40: Finished taking a snapshot at:(t:1, i:6) file:/workdir/hadoop-ozone/integration-test/target/test-dir/MiniOzoneClusterImpl-dcd12998-9865-489a-a0f8-9e63b4ee21e6/datanode-0/data/ratis/aa6255e1-18a9-4ad8-82f2-782b390d3d40/sm/snapshot.1_6 time:13
2019-08-20 19:20:14,552 [StateMachineUpdater:16f059df-d226-4022-8e81-046858cbfecb:group-782B390D3D40] INFO  impl.StateMachineUpdater (StateMachineUpdater.java:takeSnapshot(242)) - StateMachineUpdater:16f059df-d226-4022-8e81-046858cbfecb:group-782B390D3D40: Took a snapshot at index 6
2019-08-20 19:20:14,552 [StateMachineUpdater:16f059df-d226-4022-8e81-046858cbfecb:group-782B390D3D40] INFO  impl.StateMachineUpdater (StateMachineUpdater.java:lambda$new$0(80)) - StateMachineUpdater:16f059df-d226-4022-8e81-046858cbfecb:group-782B390D3D40: snapshotIndex: updateIncreasingly -1 -> 6
2019-08-20 19:20:14,553 [ForkJoinPool.commonPool-worker-1] INFO  impl.RaftServerImpl (ServerState.java:close(394)) - 16f059df-d226-4022-8e81-046858cbfecb:group-782B390D3D40 closes. The last applied log index is 8
2019-08-20 19:20:14,553 [16f059df-d226-4022-8e81-046858cbfecb-SegmentedRaftLogWorker:Storage Directory /workdir/hadoop-ozone/integration-test/target/test-dir/MiniOzoneClusterImpl-dcd12998-9865-489a-a0f8-9e63b4ee21e6/datanode-0/data/ratis/aa6255e1-18a9-4ad8-82f2-782b390d3d40] INFO  segmented.SegmentedRaftLogWorker (SegmentedRaftLogWorker.java:run(313)) - 16f059df-d226-4022-8e81-046858cbfecb-SegmentedRaftLogWorker:Storage Directory /workdir/hadoop-ozone/integration-test/target/test-dir/MiniOzoneClusterImpl-dcd12998-9865-489a-a0f8-9e63b4ee21e6/datanode-0/data/ratis/aa6255e1-18a9-4ad8-82f2-782b390d3d40 was interrupted, exiting. There are 0 tasks remaining in the queue.
2019-08-20 19:20:14,555 [ForkJoinPool.commonPool-worker-1] INFO  segmented.SegmentedRaftLogWorker (SegmentedRaftLogWorker.java:close(228)) - 16f059df-d226-4022-8e81-046858cbfecb-SegmentedRaftLogWorker:Storage Directory /workdir/hadoop-ozone/integration-test/target/test-dir/MiniOzoneClusterImpl-dcd12998-9865-489a-a0f8-9e63b4ee21e6/datanode-0/data/ratis/aa6255e1-18a9-4ad8-82f2-782b390d3d40 close()
2019-08-20 19:20:14,559 [ForkJoinPool.commonPool-worker-1] INFO  impl.RaftServerImpl (RaftServerImpl.java:lambda$shutdown$3(245)) - 16f059df-d226-4022-8e81-046858cbfecb: shutdown group-91405595A670
2019-08-20 19:20:14,559 [ForkJoinPool.commonPool-worker-1] INFO  util.JmxRegister (JmxRegister.java:unregister(73)) - Successfully un-registered JMX Bean with object name Ratis:service=RaftServer,group=group-91405595A670,id=16f059df-d226-4022-8e81-046858cbfecb
2019-08-20 19:20:14,559 [ForkJoinPool.commonPool-worker-1] INFO  impl.RoleInfo (RoleInfo.java:shutdownLeaderState(104)) - 16f059df-d226-4022-8e81-046858cbfecb: shutdown LeaderState
2019-08-20 19:20:14,563 [ForkJoinPool.commonPool-worker-1] INFO  impl.PendingRequests (PendingRequests.java:sendNotLeaderResponses(202)) - 16f059df-d226-4022-8e81-046858cbfecb-PendingRequests: sendNotLeaderResponses
2019-08-20 19:20:14,563 [main] INFO  statemachine.DatanodeStateMachine (DatanodeStateMachine.java:stopDaemon(395)) - Ozone container server stopped.
2019-08-20 19:20:14,563 [ForkJoinPool.commonPool-worker-1] INFO  impl.StateMachineUpdater (StateMachineUpdater.java:stopAndJoin(115)) - StateMachineUpdater:16f059df-d226-4022-8e81-046858cbfecb:group-91405595A670: set stopIndex = 0
2019-08-20 19:20:14,564 [ForkJoinPool.commonPool-worker-1] INFO  impl.RaftServerImpl (ServerState.java:close(394)) - 16f059df-d226-4022-8e81-046858cbfecb:group-91405595A670 closes. The last applied log index is 0
2019-08-20 19:20:14,564 [16f059df-d226-4022-8e81-046858cbfecb-SegmentedRaftLogWorker:Storage Directory /workdir/hadoop-ozone/integration-test/target/test-dir/MiniOzoneClusterImpl-dcd12998-9865-489a-a0f8-9e63b4ee21e6/datanode-0/data/ratis/df47e0ba-7607-4a3a-8742-91405595a670] INFO  segmented.SegmentedRaftLogWorker (SegmentedRaftLogWorker.java:run(313)) - 16f059df-d226-4022-8e81-046858cbfecb-SegmentedRaftLogWorker:Storage Directory /workdir/hadoop-ozone/integration-test/target/test-dir/MiniOzoneClusterImpl-dcd12998-9865-489a-a0f8-9e63b4ee21e6/datanode-0/data/ratis/df47e0ba-7607-4a3a-8742-91405595a670 was interrupted, exiting. There are 0 tasks remaining in the queue.
2019-08-20 19:20:14,564 [ForkJoinPool.commonPool-worker-1] INFO  segmented.SegmentedRaftLogWorker (SegmentedRaftLogWorker.java:close(228)) - 16f059df-d226-4022-8e81-046858cbfecb-SegmentedRaftLogWorker:Storage Directory /workdir/hadoop-ozone/integration-test/target/test-dir/MiniOzoneClusterImpl-dcd12998-9865-489a-a0f8-9e63b4ee21e6/datanode-0/data/ratis/df47e0ba-7607-4a3a-8742-91405595a670 close()
2019-08-20 19:20:14,564 [main] INFO  handler.ContextHandler (ContextHandler.java:doStop(910)) - Stopped o.e.j.w.WebAppContext@c677d7e{/,null,UNAVAILABLE}{/hddsDatanode}
2019-08-20 19:20:14,565 [ForkJoinPool.commonPool-worker-1] INFO  server.GrpcService (GrpcService.java:closeImpl(155)) - 16f059df-d226-4022-8e81-046858cbfecb: shutdown server with port 37581 now
2019-08-20 19:20:14,566 [ForkJoinPool.commonPool-worker-1] INFO  server.GrpcService (GrpcService.java:closeImpl(163)) - 16f059df-d226-4022-8e81-046858cbfecb: shutdown server with port 37581 successfully
2019-08-20 19:20:14,566 [main] INFO  server.AbstractConnector (AbstractConnector.java:doStop(318)) - Stopped ServerConnector@215a0264{HTTP/1.1,[http/1.1]}{0.0.0.0:0}
2019-08-20 19:20:14,566 [main] INFO  handler.ContextHandler (ContextHandler.java:doStop(910)) - Stopped o.e.j.s.ServletContextHandler@1b36d248{/static,jar:file:/home/user/.m2/repository/org/apache/hadoop/hadoop-hdds-container-service/0.5.0-SNAPSHOT/hadoop-hdds-container-service-0.5.0-SNAPSHOT.jar!/webapps/static,UNAVAILABLE}
2019-08-20 19:20:14,567 [ForkJoinPool.commonPool-worker-1] INFO  utils.BackgroundService (BackgroundService.java:shutdown(148)) - Shutting down service BlockDeletingService
2019-08-20 19:20:14,567 [main] INFO  handler.ContextHandler (ContextHandler.java:doStop(910)) - Stopped o.e.j.s.ServletContextHandler@1d654b5f{/logs,file:///workdir/hadoop-ozone/integration-test/target/log,UNAVAILABLE}
2019-08-20 19:20:14,569 [main] INFO  datanode.ObjectStoreHandler (ObjectStoreHandler.java:close(155)) - Closing ObjectStoreHandler.
2019-08-20 19:20:14,570 [refreshUsed-/workdir/hadoop-ozone/integration-test/target/test-dir/MiniOzoneClusterImpl-dcd12998-9865-489a-a0f8-9e63b4ee21e6/datanode-0/data/containers] WARN  fs.CachingGetSpaceUsed (CachingGetSpaceUsed.java:run(183)) - Thread Interrupted waiting to refresh disk information: sleep interrupted
2019-08-20 19:20:14,570 [main] INFO  ozone.HddsDatanodeService (HddsDatanodeService.java:stop(451)) - Stopped plug-in org.apache.hadoop.ozone.web.OzoneHddsDatanodeService@56da8847
2019-08-20 19:20:14,590 [ForkJoinPool.commonPool-worker-1] INFO  statemachine.DatanodeStateMachine (DatanodeStateMachine.java:stopDaemon(395)) - Ozone container server stopped.
2019-08-20 19:20:14,594 [ForkJoinPool.commonPool-worker-1] INFO  handler.ContextHandler (ContextHandler.java:doStop(910)) - Stopped o.e.j.w.WebAppContext@352e5a82{/,null,UNAVAILABLE}{/hddsDatanode}
2019-08-20 19:20:14,595 [ForkJoinPool.commonPool-worker-1] INFO  server.AbstractConnector (AbstractConnector.java:doStop(318)) - Stopped ServerConnector@315b5913{HTTP/1.1,[http/1.1]}{0.0.0.0:0}
2019-08-20 19:20:14,596 [ForkJoinPool.commonPool-worker-1] INFO  handler.ContextHandler (ContextHandler.java:doStop(910)) - Stopped o.e.j.s.ServletContextHandler@68a426c3{/static,jar:file:/home/user/.m2/repository/org/apache/hadoop/hadoop-hdds-container-service/0.5.0-SNAPSHOT/hadoop-hdds-container-service-0.5.0-SNAPSHOT.jar!/webapps/static,UNAVAILABLE}
2019-08-20 19:20:14,597 [ForkJoinPool.commonPool-worker-1] INFO  handler.ContextHandler (ContextHandler.java:doStop(910)) - Stopped o.e.j.s.ServletContextHandler@2e349cf2{/logs,file:///workdir/hadoop-ozone/integration-test/target/log,UNAVAILABLE}
2019-08-20 19:20:15,179 [Datanode State Machine Thread - 0] INFO  statemachine.DatanodeStateMachine (DatanodeStateMachine.java:lambda$startDaemon$0(350)) - Ozone container server started.
2019-08-20 19:20:16,829 [grpc-default-executor-4] WARN  server.GrpcLogAppender (LogUtils.java:warn(134)) - e274e395-c7b6-408d-a6b4-4add6056d6d1->4033865b-8d67-417a-8575-039c711fd8ba: Failed appendEntries: org.apache.ratis.thirdparty.io.grpc.StatusRuntimeException: UNAVAILABLE: io exception
2019-08-20 19:20:16,831 [grpc-default-executor-4] INFO  impl.FollowerInfo (FollowerInfo.java:lambda$new$0(50)) - e274e395-c7b6-408d-a6b4-4add6056d6d1->4033865b-8d67-417a-8575-039c711fd8ba: nextIndex: updateUnconditionally 0 -> 0
2019-08-20 19:20:16,839 [grpc-default-executor-4] WARN  server.GrpcLogAppender (LogUtils.java:warn(134)) - e274e395-c7b6-408d-a6b4-4add6056d6d1->340027e2-c19a-4ce0-8fe2-d5928ef30461: Failed appendEntries: org.apache.ratis.thirdparty.io.grpc.StatusRuntimeException: UNAVAILABLE: io exception
2019-08-20 19:20:16,841 [grpc-default-executor-4] INFO  impl.FollowerInfo (FollowerInfo.java:lambda$new$0(50)) - e274e395-c7b6-408d-a6b4-4add6056d6d1->340027e2-c19a-4ce0-8fe2-d5928ef30461: nextIndex: updateUnconditionally 0 -> 0
2019-08-20 19:20:19,330 [grpc-default-executor-7] WARN  server.GrpcLogAppender (LogUtils.java:warn(134)) - e274e395-c7b6-408d-a6b4-4add6056d6d1->4033865b-8d67-417a-8575-039c711fd8ba: Failed appendEntries: org.apache.ratis.thirdparty.io.grpc.StatusRuntimeException: UNAVAILABLE: io exception
2019-08-20 19:20:19,332 [grpc-default-executor-6] WARN  server.GrpcLogAppender (LogUtils.java:warn(134)) - e274e395-c7b6-408d-a6b4-4add6056d6d1->340027e2-c19a-4ce0-8fe2-d5928ef30461: Failed appendEntries: org.apache.ratis.thirdparty.io.grpc.StatusRuntimeException: UNAVAILABLE: io exception
2019-08-20 19:20:19,332 [grpc-default-executor-7] INFO  impl.FollowerInfo (FollowerInfo.java:lambda$new$0(50)) - e274e395-c7b6-408d-a6b4-4add6056d6d1->4033865b-8d67-417a-8575-039c711fd8ba: nextIndex: updateUnconditionally 0 -> 0
2019-08-20 19:20:19,334 [grpc-default-executor-6] INFO  impl.FollowerInfo (FollowerInfo.java:lambda$new$0(50)) - e274e395-c7b6-408d-a6b4-4add6056d6d1->340027e2-c19a-4ce0-8fe2-d5928ef30461: nextIndex: updateUnconditionally 0 -> 0
2019-08-20 19:20:19,572 [main] INFO  ozoneimpl.OzoneContainer (OzoneContainer.java:stop(199)) - Attempting to stop container services.
2019-08-20 19:20:19,573 [main] INFO  impl.RaftServerProxy (RaftServerProxy.java:lambda$close$4(314)) - e274e395-c7b6-408d-a6b4-4add6056d6d1: close
2019-08-20 19:20:19,573 [main] INFO  impl.RaftServerImpl (RaftServerImpl.java:lambda$shutdown$3(245)) - e274e395-c7b6-408d-a6b4-4add6056d6d1: shutdown group-33ED13302D71
2019-08-20 19:20:19,574 [ForkJoinPool.commonPool-worker-0] INFO  impl.RaftServerImpl (RaftServerImpl.java:lambda$shutdown$3(245)) - e274e395-c7b6-408d-a6b4-4add6056d6d1: shutdown group-6C11DA3FB6A0
2019-08-20 19:20:19,574 [main] INFO  util.JmxRegister (JmxRegister.java:unregister(73)) - Successfully un-registered JMX Bean with object name Ratis:service=RaftServer,group=group-33ED13302D71,id=e274e395-c7b6-408d-a6b4-4add6056d6d1
2019-08-20 19:20:19,574 [ForkJoinPool.commonPool-worker-0] INFO  util.JmxRegister (JmxRegister.java:unregister(73)) - Successfully un-registered JMX Bean with object name Ratis:service=RaftServer,group=group-6C11DA3FB6A0,id=e274e395-c7b6-408d-a6b4-4add6056d6d1
2019-08-20 19:20:19,575 [main] INFO  impl.RoleInfo (RoleInfo.java:shutdownLeaderState(104)) - e274e395-c7b6-408d-a6b4-4add6056d6d1: shutdown LeaderState
2019-08-20 19:20:19,575 [ForkJoinPool.commonPool-worker-0] INFO  impl.RoleInfo (RoleInfo.java:shutdownLeaderState(104)) - e274e395-c7b6-408d-a6b4-4add6056d6d1: shutdown LeaderState
2019-08-20 19:20:19,578 [org.apache.ratis.server.impl.LogAppender$AppenderDaemon$$Lambda$483/499394712@993f395] WARN  server.GrpcLogAppender (GrpcLogAppender.java:mayWait(143)) - GrpcLogAppender(e274e395-c7b6-408d-a6b4-4add6056d6d1->4033865b-8d67-417a-8575-039c711fd8ba): Wait interrupted by java.lang.InterruptedException
2019-08-20 19:20:19,578 [main] INFO  impl.PendingRequests (PendingRequests.java:sendNotLeaderResponses(202)) - e274e395-c7b6-408d-a6b4-4add6056d6d1-PendingRequests: sendNotLeaderResponses
2019-08-20 19:20:19,578 [ForkJoinPool.commonPool-worker-0] INFO  impl.PendingRequests (PendingRequests.java:sendNotLeaderResponses(202)) - e274e395-c7b6-408d-a6b4-4add6056d6d1-PendingRequests: sendNotLeaderResponses
2019-08-20 19:20:19,578 [org.apache.ratis.server.impl.LogAppender$AppenderDaemon$$Lambda$483/499394712@4c917463] WARN  server.GrpcLogAppender (GrpcLogAppender.java:mayWait(143)) - GrpcLogAppender(e274e395-c7b6-408d-a6b4-4add6056d6d1->340027e2-c19a-4ce0-8fe2-d5928ef30461): Wait interrupted by java.lang.InterruptedException
2019-08-20 19:20:19,579 [ForkJoinPool.commonPool-worker-0] INFO  impl.StateMachineUpdater (StateMachineUpdater.java:stopAndJoin(115)) - StateMachineUpdater:e274e395-c7b6-408d-a6b4-4add6056d6d1:group-6C11DA3FB6A0: set stopIndex = 0
2019-08-20 19:20:19,578 [main] INFO  impl.StateMachineUpdater (StateMachineUpdater.java:stopAndJoin(115)) - StateMachineUpdater:e274e395-c7b6-408d-a6b4-4add6056d6d1:group-33ED13302D71: set stopIndex = 0
2019-08-20 19:20:19,579 [ForkJoinPool.commonPool-worker-0] INFO  impl.RaftServerImpl (ServerState.java:close(394)) - e274e395-c7b6-408d-a6b4-4add6056d6d1:group-6C11DA3FB6A0 closes. The last applied log index is 0
2019-08-20 19:20:19,580 [main] INFO  impl.RaftServerImpl (ServerState.java:close(394)) - e274e395-c7b6-408d-a6b4-4add6056d6d1:group-33ED13302D71 closes. The last applied log index is 0
2019-08-20 19:20:19,580 [e274e395-c7b6-408d-a6b4-4add6056d6d1-SegmentedRaftLogWorker:Storage Directory /workdir/hadoop-ozone/integration-test/target/test-dir/MiniOzoneClusterImpl-dcd12998-9865-489a-a0f8-9e63b4ee21e6/datanode-5/data/ratis/31fcd073-a135-46cb-9c54-6c11da3fb6a0] INFO  segmented.SegmentedRaftLogWorker (SegmentedRaftLogWorker.java:run(313)) - e274e395-c7b6-408d-a6b4-4add6056d6d1-SegmentedRaftLogWorker:Storage Directory /workdir/hadoop-ozone/integration-test/target/test-dir/MiniOzoneClusterImpl-dcd12998-9865-489a-a0f8-9e63b4ee21e6/datanode-5/data/ratis/31fcd073-a135-46cb-9c54-6c11da3fb6a0 was interrupted, exiting. There are 0 tasks remaining in the queue.
2019-08-20 19:20:19,580 [e274e395-c7b6-408d-a6b4-4add6056d6d1-SegmentedRaftLogWorker:Storage Directory /workdir/hadoop-ozone/integration-test/target/test-dir/MiniOzoneClusterImpl-dcd12998-9865-489a-a0f8-9e63b4ee21e6/datanode-5/data/ratis/7b4a51c3-350c-4c1b-a2d0-33ed13302d71] INFO  segmented.SegmentedRaftLogWorker (SegmentedRaftLogWorker.java:run(313)) - e274e395-c7b6-408d-a6b4-4add6056d6d1-SegmentedRaftLogWorker:Storage Directory /workdir/hadoop-ozone/integration-test/target/test-dir/MiniOzoneClusterImpl-dcd12998-9865-489a-a0f8-9e63b4ee21e6/datanode-5/data/ratis/7b4a51c3-350c-4c1b-a2d0-33ed13302d71 was interrupted, exiting. There are 0 tasks remaining in the queue.
2019-08-20 19:20:19,580 [ForkJoinPool.commonPool-worker-0] INFO  segmented.SegmentedRaftLogWorker (SegmentedRaftLogWorker.java:close(228)) - e274e395-c7b6-408d-a6b4-4add6056d6d1-SegmentedRaftLogWorker:Storage Directory /workdir/hadoop-ozone/integration-test/target/test-dir/MiniOzoneClusterImpl-dcd12998-9865-489a-a0f8-9e63b4ee21e6/datanode-5/data/ratis/31fcd073-a135-46cb-9c54-6c11da3fb6a0 close()
2019-08-20 19:20:19,581 [main] INFO  segmented.SegmentedRaftLogWorker (SegmentedRaftLogWorker.java:close(228)) - e274e395-c7b6-408d-a6b4-4add6056d6d1-SegmentedRaftLogWorker:Storage Directory /workdir/hadoop-ozone/integration-test/target/test-dir/MiniOzoneClusterImpl-dcd12998-9865-489a-a0f8-9e63b4ee21e6/datanode-5/data/ratis/7b4a51c3-350c-4c1b-a2d0-33ed13302d71 close()
2019-08-20 19:20:19,581 [main] INFO  server.GrpcService (GrpcService.java:closeImpl(155)) - e274e395-c7b6-408d-a6b4-4add6056d6d1: shutdown server with port 35007 now
2019-08-20 19:20:19,582 [main] INFO  server.GrpcService (GrpcService.java:closeImpl(163)) - e274e395-c7b6-408d-a6b4-4add6056d6d1: shutdown server with port 35007 successfully
2019-08-20 19:20:19,583 [main] INFO  utils.BackgroundService (BackgroundService.java:shutdown(148)) - Shutting down service BlockDeletingService
2019-08-20 19:20:19,586 [refreshUsed-/workdir/hadoop-ozone/integration-test/target/test-dir/MiniOzoneClusterImpl-dcd12998-9865-489a-a0f8-9e63b4ee21e6/datanode-5/data/containers] WARN  fs.CachingGetSpaceUsed (CachingGetSpaceUsed.java:run(183)) - Thread Interrupted waiting to refresh disk information: sleep interrupted
2019-08-20 19:20:19,606 [main] INFO  statemachine.DatanodeStateMachine (DatanodeStateMachine.java:stopDaemon(395)) - Ozone container server stopped.
2019-08-20 19:20:19,607 [main] INFO  handler.ContextHandler (ContextHandler.java:doStop(910)) - Stopped o.e.j.w.WebAppContext@31183ee2{/,null,UNAVAILABLE}{/hddsDatanode}
2019-08-20 19:20:19,608 [main] INFO  server.AbstractConnector (AbstractConnector.java:doStop(318)) - Stopped ServerConnector@63f3366a{HTTP/1.1,[http/1.1]}{0.0.0.0:0}
2019-08-20 19:20:19,609 [main] INFO  handler.ContextHandler (ContextHandler.java:doStop(910)) - Stopped o.e.j.s.ServletContextHandler@5b5b8730{/static,jar:file:/home/user/.m2/repository/org/apache/hadoop/hadoop-hdds-container-service/0.5.0-SNAPSHOT/hadoop-hdds-container-service-0.5.0-SNAPSHOT.jar!/webapps/static,UNAVAILABLE}
2019-08-20 19:20:19,609 [main] INFO  handler.ContextHandler (ContextHandler.java:doStop(910)) - Stopped o.e.j.s.ServletContextHandler@31b650e9{/logs,file:///workdir/hadoop-ozone/integration-test/target/log,UNAVAILABLE}
2019-08-20 19:20:19,610 [main] INFO  ozone.MiniOzoneClusterImpl (MiniOzoneClusterImpl.java:stop(353)) - Stopping the StorageContainerManager
2019-08-20 19:20:19,611 [main] INFO  server.StorageContainerManager (StorageContainerManager.java:stop(797)) - Stopping Replication Manager Service.
2019-08-20 19:20:19,611 [main] INFO  container.ReplicationManager (ReplicationManager.java:stop(193)) - Stopping Replication Monitor Thread.
2019-08-20 19:20:19,611 [main] INFO  server.StorageContainerManager (StorageContainerManager.java:stop(804)) - Stopping Lease Manager of the command watchers
2019-08-20 19:20:19,611 [main] INFO  server.StorageContainerManager (StorageContainerManager.java:stop(811)) - Stopping datanode service RPC server
2019-08-20 19:20:19,611 [main] INFO  server.SCMDatanodeProtocolServer (SCMDatanodeProtocolServer.java:stop(367)) - Stopping the RPC server for DataNodes
2019-08-20 19:20:19,612 [main] INFO  ipc.Server (Server.java:stop(3082)) - Stopping server on 45411
2019-08-20 19:20:19,614 [IPC Server listener on 45411] INFO  ipc.Server (Server.java:run(1185)) - Stopping IPC Server listener on 45411
2019-08-20 19:20:19,614 [IPC Server Responder] INFO  ipc.Server (Server.java:run(1319)) - Stopping IPC Server Responder
2019-08-20 19:20:19,711 [SCM Heartbeat Processing Thread - 0] WARN  node.NodeStateManager (NodeStateManager.java:scheduleNextHealthCheck(646)) - Current Thread is interrupted, shutting down HB processing thread for Node Manager.
2019-08-20 19:20:19,711 [main] INFO  server.StorageContainerManager (StorageContainerManager.java:stop(819)) - Stopping block service RPC server
2019-08-20 19:20:19,711 [main] INFO  server.SCMBlockProtocolServer (SCMBlockProtocolServer.java:stop(148)) - Stopping the RPC server for Block Protocol
2019-08-20 19:20:19,712 [main] INFO  ipc.Server (Server.java:stop(3082)) - Stopping server on 44367
2019-08-20 19:20:19,714 [IPC Server listener on 44367] INFO  ipc.Server (Server.java:run(1185)) - Stopping IPC Server listener on 44367
2019-08-20 19:20:19,714 [main] INFO  server.StorageContainerManager (StorageContainerManager.java:stop(826)) - Stopping the StorageContainerLocationProtocol RPC server
2019-08-20 19:20:19,714 [IPC Server Responder] INFO  ipc.Server (Server.java:run(1319)) - Stopping IPC Server Responder
2019-08-20 19:20:19,715 [main] INFO  server.SCMClientProtocolServer (SCMClientProtocolServer.java:stop(159)) - Stopping the RPC server for Client Protocol
2019-08-20 19:20:19,716 [main] INFO  ipc.Server (Server.java:stop(3082)) - Stopping server on 35462
2019-08-20 19:20:19,718 [IPC Server listener on 35462] INFO  ipc.Server (Server.java:run(1185)) - Stopping IPC Server listener on 35462
2019-08-20 19:20:19,718 [main] INFO  server.StorageContainerManager (StorageContainerManager.java:stop(833)) - Stopping Storage Container Manager HTTP server.
2019-08-20 19:20:19,718 [IPC Server Responder] INFO  ipc.Server (Server.java:run(1319)) - Stopping IPC Server Responder
2019-08-20 19:20:19,720 [main] INFO  handler.ContextHandler (ContextHandler.java:doStop(910)) - Stopped o.e.j.w.WebAppContext@4751cd3{/,null,UNAVAILABLE}{/scm}
2019-08-20 19:20:19,721 [main] INFO  server.AbstractConnector (AbstractConnector.java:doStop(318)) - Stopped ServerConnector@64ec1459{HTTP/1.1,[http/1.1]}{0.0.0.0:0}
2019-08-20 19:20:19,721 [main] INFO  handler.ContextHandler (ContextHandler.java:doStop(910)) - Stopped o.e.j.s.ServletContextHandler@4eb63dc8{/static,file:///workdir/hadoop-ozone/integration-test/target/test-classes/webapps/static,UNAVAILABLE}
2019-08-20 19:20:19,722 [main] INFO  handler.ContextHandler (ContextHandler.java:doStop(910)) - Stopped o.e.j.s.ServletContextHandler@247bbfba{/logs,file:///workdir/hadoop-ozone/integration-test/target/log,UNAVAILABLE}
2019-08-20 19:20:19,723 [main] INFO  server.StorageContainerManager (StorageContainerManager.java:stop(844)) - Stopping Block Manager Service.
2019-08-20 19:20:19,723 [main] INFO  utils.BackgroundService (BackgroundService.java:shutdown(148)) - Shutting down service SCMBlockDeletingService
2019-08-20 19:20:19,724 [main] INFO  utils.BackgroundService (BackgroundService.java:shutdown(148)) - Shutting down service SCMBlockDeletingService
2019-08-20 19:20:19,724 [main] INFO  server.StorageContainerManager (StorageContainerManager.java:stop(866)) - Stopping SCM Event Queue.
2019-08-20 19:20:19,728 [main] INFO  impl.MetricsSystemImpl (MetricsSystemImpl.java:stop(210)) - Stopping HddsDatanode metrics system...
2019-08-20 19:20:19,735 [main] INFO  impl.MetricsSystemImpl (MetricsSystemImpl.java:stop(216)) - HddsDatanode metrics system stopped.
]]></system-out>
    <system-err><![CDATA[Aug 20, 2019 7:14:40 PM com.sun.jersey.server.impl.application.WebApplicationImpl _initiate
INFO: Initiating Jersey application, version 'Jersey: 1.19 02/11/2015 03:25 AM'
Aug 20, 2019 7:14:41 PM com.sun.jersey.server.impl.application.WebApplicationImpl _initiate
INFO: Initiating Jersey application, version 'Jersey: 1.19 02/11/2015 03:25 AM'
Aug 20, 2019 7:14:41 PM com.sun.jersey.server.impl.application.WebApplicationImpl _initiate
INFO: Initiating Jersey application, version 'Jersey: 1.19 02/11/2015 03:25 AM'
Aug 20, 2019 7:14:41 PM com.sun.jersey.server.impl.application.WebApplicationImpl _initiate
INFO: Initiating Jersey application, version 'Jersey: 1.19 02/11/2015 03:25 AM'
Aug 20, 2019 7:14:41 PM com.sun.jersey.server.impl.application.WebApplicationImpl _initiate
INFO: Initiating Jersey application, version 'Jersey: 1.19 02/11/2015 03:25 AM'
Aug 20, 2019 7:14:41 PM com.sun.jersey.server.impl.application.WebApplicationImpl _initiate
INFO: Initiating Jersey application, version 'Jersey: 1.19 02/11/2015 03:25 AM'
Aug 20, 2019 7:14:42 PM com.sun.jersey.server.impl.application.WebApplicationImpl _initiate
INFO: Initiating Jersey application, version 'Jersey: 1.19 02/11/2015 03:25 AM'
]]></system-err>
  </testcase>
</testsuite>